<?xml version="1.0" encoding="utf-8"?>
<TestRun id="ccb5cdfb-9768-4eb7-8425-3b53f1954bdf" name="DKSR-EFI-04$@DKSR-EFI-04 2023-12-22 09:33:57" runUser="NT AUTHORITY\NETWORK SERVICE" xmlns="http://microsoft.com/schemas/VisualStudio/TeamTest/2010">
  <Times creation="2023-12-22T09:33:57.1469948+01:00" queuing="2023-12-22T09:33:57.1469948+01:00" start="2023-12-22T09:33:46.8656956+01:00" finish="2023-12-22T09:36:45.6947446+01:00" />
  <TestSettings name="default" id="4bef5170-cd80-4284-824b-7d13e6dc6794">
    <Deployment runDeploymentRoot="DKSR-EFI-04$_DKSR-EFI-04_2023-12-22_09_33_57" />
  </TestSettings>
  <Results>
    <UnitTestResult executionId="bc6de14d-e8e4-42b8-8380-b2395b41fcfa" testId="771cf6b2-af79-16b4-169c-420ec176256a" testName="SessionData_Constructor_Success" computerName="DKSR-EFI-04" duration="00:00:00.0100955" startTime="2023-12-22T09:34:24.6471368+01:00" endTime="2023-12-22T09:34:24.6471368+01:00" testType="13cdc9d9-ddb5-4fa4-a97d-d965ccfc6d4b" outcome="Passed" testListId="8c84fa94-04c1-424b-9868-57a2d4851a1d" relativeResultsDirectory="bc6de14d-e8e4-42b8-8380-b2395b41fcfa" />
    <UnitTestResult executionId="70b3da3b-5c5d-4627-bc42-b3a129649658" testId="9965772e-c48b-1cb5-0c7b-4b16bf997c70" testName="FirmwareUpgradeTaskCommandHandler_Execute_Failed_NoResponse" computerName="DKSR-EFI-04" duration="00:00:00.0018339" startTime="2023-12-22T09:36:19.6789810+01:00" endTime="2023-12-22T09:36:19.6789810+01:00" testType="13cdc9d9-ddb5-4fa4-a97d-d965ccfc6d4b" outcome="Passed" testListId="8c84fa94-04c1-424b-9868-57a2d4851a1d" relativeResultsDirectory="70b3da3b-5c5d-4627-bc42-b3a129649658" />
    <UnitTestResult executionId="b20fe685-4f35-4d45-ad14-100ef0077d83" testId="a2a89d92-b10c-ab05-ed49-b2582095664e" testName="LicenseCountManager_ReplacementHardware_ClearByRecorder_DoesNotChangeReplacementLimit_OnMultipleRecorders" computerName="DKSR-EFI-04" duration="00:00:00.0009164" startTime="2023-12-22T09:35:59.3819987+01:00" endTime="2023-12-22T09:35:59.3819987+01:00" testType="13cdc9d9-ddb5-4fa4-a97d-d965ccfc6d4b" outcome="Passed" testListId="8c84fa94-04c1-424b-9868-57a2d4851a1d" relativeResultsDirectory="b20fe685-4f35-4d45-ad14-100ef0077d83" />
    <UnitTestResult executionId="f62d4641-c867-421a-b954-576f6a920296" testId="5e4152e3-fca3-cf61-8f9e-9b5783341516" testName="EvidenceLockUpdateScheduler_UnknownSizeCheckTimerCallback_QueryEvidenceLockIdsWithoutSize_Throws_Handled" computerName="DKSR-EFI-04" duration="00:00:00.0019671" startTime="2023-12-22T09:33:57.8501248+01:00" endTime="2023-12-22T09:33:57.8501248+01:00" testType="13cdc9d9-ddb5-4fa4-a97d-d965ccfc6d4b" outcome="Passed" testListId="8c84fa94-04c1-424b-9868-57a2d4851a1d" relativeResultsDirectory="f62d4641-c867-421a-b954-576f6a920296" />
    <UnitTestResult executionId="929c2f82-1fd7-471f-9c98-5e0ee01ba8ae" testId="25e16dde-f704-9c82-194f-9771acd83015" testName="UpdateEvidenceLockSizesCommandHandlerTests_UpdateOneEvidenceLockSizeSpansAcrossRecorder_RecordersReturnedWithPositiveAndNegativeSizes_SuccessResponse" computerName="DKSR-EFI-04" duration="00:00:02.1208547" startTime="2023-12-22T09:36:36.7415705+01:00" endTime="2023-12-22T09:36:38.8665839+01:00" testType="13cdc9d9-ddb5-4fa4-a97d-d965ccfc6d4b" outcome="Passed" testListId="8c84fa94-04c1-424b-9868-57a2d4851a1d" relativeResultsDirectory="929c2f82-1fd7-471f-9c98-5e0ee01ba8ae" />
    <UnitTestResult executionId="ad9ad204-c30a-4a07-beab-8a6265384c48" testId="ec76914c-b2be-738f-f4ff-541ff915f7d0" testName="AnalyzeAndCreateAuditLogs_NoChanges_ReturnsNoLogs" computerName="DKSR-EFI-04" duration="00:00:00.0191955" startTime="2023-12-22T09:36:17.2258388+01:00" endTime="2023-12-22T09:36:17.2414688+01:00" testType="13cdc9d9-ddb5-4fa4-a97d-d965ccfc6d4b" outcome="Passed" testListId="8c84fa94-04c1-424b-9868-57a2d4851a1d" relativeResultsDirectory="ad9ad204-c30a-4a07-beab-8a6265384c48" />
    <UnitTestResult executionId="013a9b52-20e1-4868-89fa-e6f040ffe5d4" testId="5396c2c8-6074-1211-7d0e-1298ff50c59b" testName="PrepareMoveHardwareResponse_ModelIsNull_BadRequestResult" computerName="DKSR-EFI-04" duration="00:00:00.0010779" startTime="2023-12-22T09:34:01.0220152+01:00" endTime="2023-12-22T09:34:01.0220152+01:00" testType="13cdc9d9-ddb5-4fa4-a97d-d965ccfc6d4b" outcome="Passed" testListId="8c84fa94-04c1-424b-9868-57a2d4851a1d" relativeResultsDirectory="013a9b52-20e1-4868-89fa-e6f040ffe5d4" />
    <UnitTestResult executionId="d74ef927-06c0-4089-8d36-a27956c20849" testId="8bcee521-6a78-3b6c-e064-84949de76b2c" testName="Parse_WhenIntegrationNameChanged_NewestIntegrationNameIsSet" computerName="DKSR-EFI-04" duration="00:00:00.0007885" startTime="2023-12-22T09:35:01.7566965+01:00" endTime="2023-12-22T09:35:01.7566965+01:00" testType="13cdc9d9-ddb5-4fa4-a97d-d965ccfc6d4b" outcome="Passed" testListId="8c84fa94-04c1-424b-9868-57a2d4851a1d" relativeResultsDirectory="d74ef927-06c0-4089-8d36-a27956c20849" />
    <UnitTestResult executionId="511d4470-09db-4d14-887a-30da79bb141a" testId="22e4cc9e-6a1d-3de4-9202-014788054b67" testName="SetHardwareNetworkSettingsCommandHandler_Constructor_ParameterNull_Throws" computerName="DKSR-EFI-04" duration="00:00:00.0014638" startTime="2023-12-22T09:36:28.1165258+01:00" endTime="2023-12-22T09:36:28.1165258+01:00" testType="13cdc9d9-ddb5-4fa4-a97d-d965ccfc6d4b" outcome="Passed" testListId="8c84fa94-04c1-424b-9868-57a2d4851a1d" relativeResultsDirectory="511d4470-09db-4d14-887a-30da79bb141a" />
    <UnitTestResult executionId="43a1ad43-bf24-4054-ac65-5bebcb8fc197" testId="fb42af72-5b3a-ca9a-0d50-d4b7f92dd3ae" testName="EvidenceLockOnOldRecorderCommandHandlerTests_OldRec_Exception_Then_ConfigDelete" computerName="DKSR-EFI-04" duration="00:00:00.0166175" startTime="2023-12-22T09:36:19.5071029+01:00" endTime="2023-12-22T09:36:19.5383565+01:00" testType="13cdc9d9-ddb5-4fa4-a97d-d965ccfc6d4b" outcome="Passed" testListId="8c84fa94-04c1-424b-9868-57a2d4851a1d" relativeResultsDirectory="43a1ad43-bf24-4054-ac65-5bebcb8fc197" />
    <UnitTestResult executionId="cbe53ef7-0b61-4f01-b6ea-8587ad04572f" testId="3396b17e-7d76-0fa4-f8b1-ffc9748f3b30" testName="AttachedRecorder_Register_ArgumentNull" computerName="DKSR-EFI-04" duration="00:00:00.0047219" startTime="2023-12-22T09:33:58.0844999+01:00" endTime="2023-12-22T09:33:58.1001270+01:00" testType="13cdc9d9-ddb5-4fa4-a97d-d965ccfc6d4b" outcome="Passed" testListId="8c84fa94-04c1-424b-9868-57a2d4851a1d" relativeResultsDirectory="cbe53ef7-0b61-4f01-b6ea-8587ad04572f" />
    <UnitTestResult executionId="bc69b688-04c1-4841-a0dd-a909f987dd65" testId="87cb965c-9deb-6d96-379b-010b3bf5a5a3" testName="HardwareScanTaskCommandHandler_Execute_DiscoveryComponentSecureScanUnsupported_FailResponse" computerName="DKSR-EFI-04" duration="00:00:00.0011389" startTime="2023-12-22T09:36:20.1321108+01:00" endTime="2023-12-22T09:36:20.1321108+01:00" testType="13cdc9d9-ddb5-4fa4-a97d-d965ccfc6d4b" outcome="Passed" testListId="8c84fa94-04c1-424b-9868-57a2d4851a1d" relativeResultsDirectory="bc69b688-04c1-4841-a0dd-a909f987dd65" />
    <UnitTestResult executionId="1936d4b4-c097-497d-b1f5-bf43d086cf61" testId="b916ec91-a230-2e5e-2f2a-8cf3fad793e9" testName="ConfigurationDataSetLoader_GetLicenseByLicenseId_Success" computerName="DKSR-EFI-04" duration="00:00:00.0026137" startTime="2023-12-22T09:36:15.8664588+01:00" endTime="2023-12-22T09:36:15.8664588+01:00" testType="13cdc9d9-ddb5-4fa4-a97d-d965ccfc6d4b" outcome="Passed" testListId="8c84fa94-04c1-424b-9868-57a2d4851a1d" relativeResultsDirectory="1936d4b4-c097-497d-b1f5-bf43d086cf61" />
    <UnitTestResult executionId="812f523d-6e06-4a22-82c5-b9acd2bb5665" testId="3c0e53b5-4edd-2d21-8a2c-cbc960b07f0d" testName="ValidatePublicAddress_ServerCantPingRecorder_ServiceUnavailableResponseWithRetryAfter" computerName="DKSR-EFI-04" duration="00:00:00.1782175" startTime="2023-12-22T09:34:01.2876391+01:00" endTime="2023-12-22T09:34:01.4751413+01:00" testType="13cdc9d9-ddb5-4fa4-a97d-d965ccfc6d4b" outcome="Passed" testListId="8c84fa94-04c1-424b-9868-57a2d4851a1d" relativeResultsDirectory="812f523d-6e06-4a22-82c5-b9acd2bb5665" />
    <UnitTestResult executionId="1814dd8d-cc1d-4222-95ea-cc95c63d0eb1" testId="937f7ec7-f623-4da3-e7e0-77a290e1c465" testName="FirmwareUpgradeTaskCommandHandler_Clone_Returns_Same_Reference" computerName="DKSR-EFI-04" duration="00:00:00.0074304" startTime="2023-12-22T09:36:19.6164805+01:00" endTime="2023-12-22T09:36:19.6321069+01:00" testType="13cdc9d9-ddb5-4fa4-a97d-d965ccfc6d4b" outcome="Passed" testListId="8c84fa94-04c1-424b-9868-57a2d4851a1d" relativeResultsDirectory="1814dd8d-cc1d-4222-95ea-cc95c63d0eb1" />
    <UnitTestResult executionId="2efdca05-2397-4f23-95c7-93d9ae208da5" testId="3bf9fd99-2e55-5c79-c79c-9d7306c62029" testName="AllocateLicenses_ActivatedHardwareWithMultipleCamerasEnabledAndOneDisabled_EnablingCameraShouldGoIntoGrace_OnZeroCWA" computerName="DKSR-EFI-04" duration="00:00:00.1146706" startTime="2023-12-22T09:35:42.9756603+01:00" endTime="2023-12-22T09:35:43.0850382+01:00" testType="13cdc9d9-ddb5-4fa4-a97d-d965ccfc6d4b" outcome="Passed" testListId="8c84fa94-04c1-424b-9868-57a2d4851a1d" relativeResultsDirectory="2efdca05-2397-4f23-95c7-93d9ae208da5" />
    <UnitTestResult executionId="48c7f0b9-52f3-4bda-a00c-9f3716d7f17d" testId="77d928c5-af1e-5f9e-1754-2b8bdc27778b" testName="Validate_IsDeviceInChangesWithoutActivation_NotFound" computerName="DKSR-EFI-04" duration="00:00:00.0006030" startTime="2023-12-22T09:35:59.2101228+01:00" endTime="2023-12-22T09:35:59.2101228+01:00" testType="13cdc9d9-ddb5-4fa4-a97d-d965ccfc6d4b" outcome="Passed" testListId="8c84fa94-04c1-424b-9868-57a2d4851a1d" relativeResultsDirectory="48c7f0b9-52f3-4bda-a00c-9f3716d7f17d" />
    <UnitTestResult executionId="c30ee690-286f-4f4a-a624-0f60fdd93424" testId="41ce1e90-d937-c616-659c-3c5a81200d9c" testName="MoveHardwareTaskCommandHandler_Execute_PrepareMoveHardware_SourceRecordingServerNotFound" computerName="DKSR-EFI-04" duration="00:00:00.0018602" startTime="2023-12-22T09:36:24.8821312+01:00" endTime="2023-12-22T09:36:24.8821312+01:00" testType="13cdc9d9-ddb5-4fa4-a97d-d965ccfc6d4b" outcome="Passed" testListId="8c84fa94-04c1-424b-9868-57a2d4851a1d" relativeResultsDirectory="c30ee690-286f-4f4a-a624-0f60fdd93424" />
    <UnitTestResult executionId="afd7eb33-6c06-463c-8688-39239d9a3f3e" testId="d38d4de2-3b2f-ed9d-2f05-f552e0beab81" testName="ReplaceHardwareTaskCommandHandler_DeviceMapper_TooManyDevices_AllowDeletingDisabled_Failure_Test" computerName="DKSR-EFI-04" duration="00:00:00.0008095" startTime="2023-12-22T09:36:28.0383999+01:00" endTime="2023-12-22T09:36:28.0540263+01:00" testType="13cdc9d9-ddb5-4fa4-a97d-d965ccfc6d4b" outcome="Passed" testListId="8c84fa94-04c1-424b-9868-57a2d4851a1d" relativeResultsDirectory="afd7eb33-6c06-463c-8688-39239d9a3f3e" />
    <UnitTestResult executionId="775e1fef-ef52-48dd-90b9-52084b722649" testId="675e73d1-3945-adc3-d391-6ec467a90be9" testName="ChannelLicenseCountManager_CameraFeed_GetCameraFeedsUsed_Success" computerName="DKSR-EFI-04" duration="00:00:00.0095883" startTime="2023-12-22T09:35:59.0538686+01:00" endTime="2023-12-22T09:35:59.0694947+01:00" testType="13cdc9d9-ddb5-4fa4-a97d-d965ccfc6d4b" outcome="Passed" testListId="8c84fa94-04c1-424b-9868-57a2d4851a1d" relativeResultsDirectory="775e1fef-ef52-48dd-90b9-52084b722649" />
    <UnitTestResult executionId="adaee5e9-08f0-4fe2-b9b2-2f93975504e5" testId="e220f231-ed56-ebfb-e964-355cefc3364e" testName="UpdateHardwareTaskCommandHandler_Execute_Unknown_Tests" computerName="DKSR-EFI-04" duration="00:00:00.0148616" startTime="2023-12-22T09:36:43.9449200+01:00" endTime="2023-12-22T09:36:43.9603718+01:00" testType="13cdc9d9-ddb5-4fa4-a97d-d965ccfc6d4b" outcome="Passed" testListId="8c84fa94-04c1-424b-9868-57a2d4851a1d" relativeResultsDirectory="adaee5e9-08f0-4fe2-b9b2-2f93975504e5" />
    <UnitTestResult executionId="a3b7f787-e592-445d-9e2b-d958c6c500a6" testId="00b7e535-c328-df0b-5946-95df074f4df6" testName="HardwareInGraceNotOnWhiteList_ReplacedWithNoInheritance_HardwareNotOnWhiteList_MoreDevicesOnNewHardware_ShouldGiveDevicesNewGracePeriod" computerName="DKSR-EFI-04" duration="00:00:00.2275604" startTime="2023-12-22T09:35:57.8663625+01:00" endTime="2023-12-22T09:35:58.0851145+01:00" testType="13cdc9d9-ddb5-4fa4-a97d-d965ccfc6d4b" outcome="Passed" testListId="8c84fa94-04c1-424b-9868-57a2d4851a1d" relativeResultsDirectory="a3b7f787-e592-445d-9e2b-d958c6c500a6" />
    <UnitTestResult executionId="f9279c10-63cc-47e6-8dc9-8e2238e7a5f9" testId="56f6c4c3-2604-c015-29ad-92d62b733dfd" testName="HardwareActivatedNotOnWhiteList_ReplacedWithInheritance_HardwareNotOnWhiteList_NoCWAAllowed_AllDevicesInGrace" computerName="DKSR-EFI-04" duration="00:00:00.2046427" startTime="2023-12-22T09:35:05.1004636+01:00" endTime="2023-12-22T09:35:05.3035908+01:00" testType="13cdc9d9-ddb5-4fa4-a97d-d965ccfc6d4b" outcome="Passed" testListId="8c84fa94-04c1-424b-9868-57a2d4851a1d" relativeResultsDirectory="f9279c10-63cc-47e6-8dc9-8e2238e7a5f9" />
    <UnitTestResult executionId="008b076d-5760-4fa7-b933-617f9abff6c7" testId="30b9cd1c-6147-d908-195f-b436e1d3125c" testName="GetAbsolutePtzPositionResponse_ModelIsNull_BadRequestResult" computerName="DKSR-EFI-04" duration="00:00:00.0006071" startTime="2023-12-22T09:34:00.9126387+01:00" endTime="2023-12-22T09:34:00.9126387+01:00" testType="13cdc9d9-ddb5-4fa4-a97d-d965ccfc6d4b" outcome="Passed" testListId="8c84fa94-04c1-424b-9868-57a2d4851a1d" relativeResultsDirectory="008b076d-5760-4fa7-b933-617f9abff6c7" />
    <UnitTestResult executionId="9075bc71-4372-40bd-80e1-4cfd7dd705d5" testId="54a61f98-dadf-ebc9-bfa5-32dac879e97d" testName="MessageManagerResponseCollector_GetNextResponse_Cancelled" computerName="DKSR-EFI-04" duration="00:00:00.0069878" startTime="2023-12-22T09:33:57.9126226+01:00" endTime="2023-12-22T09:33:57.9126226+01:00" testType="13cdc9d9-ddb5-4fa4-a97d-d965ccfc6d4b" outcome="Passed" testListId="8c84fa94-04c1-424b-9868-57a2d4851a1d" relativeResultsDirectory="9075bc71-4372-40bd-80e1-4cfd7dd705d5" />
    <UnitTestResult executionId="1b1dc3a9-54f7-4d47-8c46-dbf3fb4c6d39" testId="02ea1c10-2177-d122-01d1-49ecad243c61" testName="Find_NonICPHardware_ThatIsInGrace_ExpectedToFindNohardware" computerName="DKSR-EFI-04" duration="00:00:00.0030495" startTime="2023-12-22T09:36:15.7570844+01:00" endTime="2023-12-22T09:36:15.7570844+01:00" testType="13cdc9d9-ddb5-4fa4-a97d-d965ccfc6d4b" outcome="Passed" testListId="8c84fa94-04c1-424b-9868-57a2d4851a1d" relativeResultsDirectory="1b1dc3a9-54f7-4d47-8c46-dbf3fb4c6d39" />
    <UnitTestResult executionId="d7f6deec-b469-414d-bd37-c1ed6673adc2" testId="a4a149a8-4b4a-7cbd-bc8b-aa80ce0e7681" testName="GetRecorderLicense_AddsHardwareToReplacementLimit_OnDisabledHardwarePreviouslyinReplacementLimit" computerName="DKSR-EFI-04" duration="00:00:00.0198296" startTime="2023-12-22T09:36:06.5382850+01:00" endTime="2023-12-22T09:36:06.5539112+01:00" testType="13cdc9d9-ddb5-4fa4-a97d-d965ccfc6d4b" outcome="Passed" testListId="8c84fa94-04c1-424b-9868-57a2d4851a1d" relativeResultsDirectory="d7f6deec-b469-414d-bd37-c1ed6673adc2" />
    <UnitTestResult executionId="aff23c83-f7c2-4e0c-8394-fbc074f77d14" testId="45bb0d6d-499f-a93f-8a03-2a3c7204cd4f" testName="ServerFileSystemResponseQueryDirectories_ModelIsNull_BadRequestResult" computerName="DKSR-EFI-04" duration="00:00:00.0005737" startTime="2023-12-22T09:34:01.0688920+01:00" endTime="2023-12-22T09:34:01.0688920+01:00" testType="13cdc9d9-ddb5-4fa4-a97d-d965ccfc6d4b" outcome="Passed" testListId="8c84fa94-04c1-424b-9868-57a2d4851a1d" relativeResultsDirectory="aff23c83-f7c2-4e0c-8394-fbc074f77d14" />
    <UnitTestResult executionId="a8041e90-2fbc-4057-94a6-d46ef72660a5" testId="609fcd17-7a78-cb18-73bb-afdcf3f32c91" testName="CheckExternalRecorderRegistrationCommandHandler_Execute_Success" computerName="DKSR-EFI-04" duration="00:00:00.0032444" startTime="2023-12-22T09:36:16.4602110+01:00" endTime="2023-12-22T09:36:16.4602110+01:00" testType="13cdc9d9-ddb5-4fa4-a97d-d965ccfc6d4b" outcome="Passed" testListId="8c84fa94-04c1-424b-9868-57a2d4851a1d" relativeResultsDirectory="a8041e90-2fbc-4057-94a6-d46ef72660a5" />
    <UnitTestResult executionId="0abd6230-5ebb-4ba0-a1a1-10eeafdb9623" testId="737a5b44-9dc1-6629-8af9-d1f1394cdf6c" testName="LicenseCountManager_ReplacementHardware_IgnoresSecondAdd_OnSameMac" computerName="DKSR-EFI-04" duration="00:00:00.0001870" startTime="2023-12-22T09:35:59.3819987+01:00" endTime="2023-12-22T09:35:59.3819987+01:00" testType="13cdc9d9-ddb5-4fa4-a97d-d965ccfc6d4b" outcome="Passed" testListId="8c84fa94-04c1-424b-9868-57a2d4851a1d" relativeResultsDirectory="0abd6230-5ebb-4ba0-a1a1-10eeafdb9623" />
    <UnitTestResult executionId="48c055d5-6ad2-4589-941a-11df321cf963" testId="09fa7278-9b62-6495-4bad-626cb7501a7d" testName="ChangeHardwarePasswordRuleAction_Execute_SunnyDay_EventsTrigger" computerName="DKSR-EFI-04" duration="00:00:00.0845212" startTime="2023-12-22T09:34:31.9596695+01:00" endTime="2023-12-22T09:34:32.0377933+01:00" testType="13cdc9d9-ddb5-4fa4-a97d-d965ccfc6d4b" outcome="Passed" testListId="8c84fa94-04c1-424b-9868-57a2d4851a1d" relativeResultsDirectory="48c055d5-6ad2-4589-941a-11df321cf963" />
    <UnitTestResult executionId="87e6e3b5-afe9-4695-b84a-934174429f78" testId="aa955f07-7424-0771-38cd-0f59873f2121" testName="HardwareSetupInformationResponse_ModelIsValid_CommandExecuted" computerName="DKSR-EFI-04" duration="00:00:00.0060005" startTime="2023-12-22T09:34:00.9751373+01:00" endTime="2023-12-22T09:34:00.9751373+01:00" testType="13cdc9d9-ddb5-4fa4-a97d-d965ccfc6d4b" outcome="Passed" testListId="8c84fa94-04c1-424b-9868-57a2d4851a1d" relativeResultsDirectory="87e6e3b5-afe9-4695-b84a-934174429f78" />
    <UnitTestResult executionId="59649391-c27e-4672-8f8f-30338321a170" testId="54cdf181-0879-5493-b490-d28c73c7ac26" testName="CheckMsFailoverStatusCommandHandler_Execute_InvokeEventTrue_Succeeded_ShouldTrigger" computerName="DKSR-EFI-04" duration="00:00:00.5433641" startTime="2023-12-22T09:36:16.5070871+01:00" endTime="2023-12-22T09:36:17.0539661+01:00" testType="13cdc9d9-ddb5-4fa4-a97d-d965ccfc6d4b" outcome="Passed" testListId="8c84fa94-04c1-424b-9868-57a2d4851a1d" relativeResultsDirectory="59649391-c27e-4672-8f8f-30338321a170" />
    <UnitTestResult executionId="141f5af3-885d-4ead-9f62-4ef6545f0573" testId="80447293-19a9-3855-d079-0aa7d86b9325" testName="ReportMediaCommittedToDatabaseCommand_ModelValid_RecorderNotFoundException_Handled" computerName="DKSR-EFI-04" duration="00:00:00.0010539" startTime="2023-12-22T09:34:00.3032582+01:00" endTime="2023-12-22T09:34:00.3032582+01:00" testType="13cdc9d9-ddb5-4fa4-a97d-d965ccfc6d4b" outcome="Passed" testListId="8c84fa94-04c1-424b-9868-57a2d4851a1d" relativeResultsDirectory="141f5af3-885d-4ead-9f62-4ef6545f0573" />
    <UnitTestResult executionId="314360c2-d7cb-4eb1-ba7b-5cce3703e451" testId="f7076339-e5cf-6e19-d30b-284c92fc046e" testName="GenerateLicenseRequestAsXml_Success_With1RecordingServerWith4DevicesAnd1DeviceCompletelyDisabled_ValidLicenseWithEmptyWhiteList" computerName="DKSR-EFI-04" duration="00:00:00.3157237" startTime="2023-12-22T09:36:12.1633137+01:00" endTime="2023-12-22T09:36:12.4914427+01:00" testType="13cdc9d9-ddb5-4fa4-a97d-d965ccfc6d4b" outcome="Passed" testListId="8c84fa94-04c1-424b-9868-57a2d4851a1d" relativeResultsDirectory="314360c2-d7cb-4eb1-ba7b-5cce3703e451" />
    <UnitTestResult executionId="fd29f6f5-dde0-42f4-84cf-5e98038a3daf" testId="cf65519c-4e99-5233-a49b-a042d9e34110" testName="ChangeHardwarePasswordTaskCommandHandler_Execute_Failed_NotStarted_Response" computerName="DKSR-EFI-04" duration="00:00:00.0008650" startTime="2023-12-22T09:36:16.3664617+01:00" endTime="2023-12-22T09:36:16.3664617+01:00" testType="13cdc9d9-ddb5-4fa4-a97d-d965ccfc6d4b" outcome="Passed" testListId="8c84fa94-04c1-424b-9868-57a2d4851a1d" relativeResultsDirectory="fd29f6f5-dde0-42f4-84cf-5e98038a3daf" />
    <UnitTestResult executionId="741fb2f9-d9a8-4aa5-a50a-2d34dc5503d0" testId="64965f2c-dba6-85f2-1ef7-cfbde4fa3185" testName="HardwareActivatedOnWhiteList_ReplacedWithInheritance_HardwareOnWhiteList_MixedCWAAllowed_NewHardwareInCWA" computerName="DKSR-EFI-04" duration="00:00:00.2068563" startTime="2023-12-22T09:35:07.8817290+01:00" endTime="2023-12-22T09:35:08.0848525+01:00" testType="13cdc9d9-ddb5-4fa4-a97d-d965ccfc6d4b" outcome="Passed" testListId="8c84fa94-04c1-424b-9868-57a2d4851a1d" relativeResultsDirectory="741fb2f9-d9a8-4aa5-a50a-2d34dc5503d0" />
    <UnitTestResult executionId="2e978511-c6f4-44d9-94f1-3a80ac63513c" testId="a2dfac76-3130-3e4a-4037-173a8ebe0b66" testName="FilterTrackIds_InvalidRecorder_NotFoundResult" computerName="DKSR-EFI-04" duration="00:00:00.0016884" startTime="2023-12-22T09:34:00.4126367+01:00" endTime="2023-12-22T09:34:00.4126367+01:00" testType="13cdc9d9-ddb5-4fa4-a97d-d965ccfc6d4b" outcome="Passed" testListId="8c84fa94-04c1-424b-9868-57a2d4851a1d" relativeResultsDirectory="2e978511-c6f4-44d9-94f1-3a80ac63513c" />
    <UnitTestResult executionId="fa50e906-59b2-48a8-958b-5ffee0ef37e7" testId="5242d8f5-8368-27b0-73a0-982f5ce04fc4" testName="CheckConfigurationDataSetTest_SnmpNotLicensedFail" computerName="DKSR-EFI-04" duration="00:00:00.0059378" startTime="2023-12-22T09:35:59.4913728+01:00" endTime="2023-12-22T09:35:59.4913728+01:00" testType="13cdc9d9-ddb5-4fa4-a97d-d965ccfc6d4b" outcome="Passed" testListId="8c84fa94-04c1-424b-9868-57a2d4851a1d" relativeResultsDirectory="fa50e906-59b2-48a8-958b-5ffee0ef37e7" />
    <UnitTestResult executionId="e16860f1-6c59-4c61-9697-c842a5438381" testId="11bbd187-a013-ec78-8284-a04f21b4c1f1" testName="UpdateEvidenceLockSizesCommandHandlerTests_UpdateOneEvidenceLocksSize_RecorderServiceIdNotFound_SuccessResponse" computerName="DKSR-EFI-04" duration="00:00:02.1534779" startTime="2023-12-22T09:36:30.2884110+01:00" endTime="2023-12-22T09:36:32.4446736+01:00" testType="13cdc9d9-ddb5-4fa4-a97d-d965ccfc6d4b" outcome="Passed" testListId="8c84fa94-04c1-424b-9868-57a2d4851a1d" relativeResultsDirectory="e16860f1-6c59-4c61-9697-c842a5438381" />
    <UnitTestResult executionId="5ecc837e-6953-439f-b4d0-7f3232b3693e" testId="d5fb2644-d797-3a4e-6531-1a75c8d65408" testName="DeleteConfigurationItemCommandHandler_Execute_DeleteRecorder_Success" computerName="DKSR-EFI-04" duration="00:00:00.1173151" startTime="2023-12-22T09:36:18.2258467+01:00" endTime="2023-12-22T09:36:18.3508478+01:00" testType="13cdc9d9-ddb5-4fa4-a97d-d965ccfc6d4b" outcome="Passed" testListId="8c84fa94-04c1-424b-9868-57a2d4851a1d" relativeResultsDirectory="5ecc837e-6953-439f-b4d0-7f3232b3693e" />
    <UnitTestResult executionId="eb137cd9-44ea-4761-893e-0aabe8694737" testId="c0f145c0-e6f0-d20f-96c8-75e1892a7c37" testName="ChangeIdpAdminTaskCommandHandlerTests_Execute_Remove_Succeeded" computerName="DKSR-EFI-04" duration="00:00:00.0012401" startTime="2023-12-22T09:36:16.4133380+01:00" endTime="2023-12-22T09:36:16.4133380+01:00" testType="13cdc9d9-ddb5-4fa4-a97d-d965ccfc6d4b" outcome="Passed" testListId="8c84fa94-04c1-424b-9868-57a2d4851a1d" relativeResultsDirectory="eb137cd9-44ea-4761-893e-0aabe8694737" />
    <UnitTestResult executionId="880f0375-d4d0-4168-9403-c9168f7e0a2d" testId="41730602-a58b-43be-f26e-9fd96241238a" testName="UpdateHardwareTaskCommandHandler_Execute_NotMipHardware_Tests" computerName="DKSR-EFI-04" duration="00:00:00.0116626" startTime="2023-12-22T09:36:43.7884821+01:00" endTime="2023-12-22T09:36:43.8041066+01:00" testType="13cdc9d9-ddb5-4fa4-a97d-d965ccfc6d4b" outcome="Passed" testListId="8c84fa94-04c1-424b-9868-57a2d4851a1d" relativeResultsDirectory="880f0375-d4d0-4168-9403-c9168f7e0a2d" />
    <UnitTestResult executionId="3ae6a537-c1f6-4cd5-bd7a-d5d4bb896bd7" testId="0bf4a15d-d39a-a458-74c3-f982f50b20bc" testName="DeleteIdpUserTaskCommandHandlerTests_Execute_Arguments_Null_Throws" computerName="DKSR-EFI-04" duration="00:00:00.0051588" startTime="2023-12-22T09:36:18.5852227+01:00" endTime="2023-12-22T09:36:18.5852227+01:00" testType="13cdc9d9-ddb5-4fa4-a97d-d965ccfc6d4b" outcome="Passed" testListId="8c84fa94-04c1-424b-9868-57a2d4851a1d" relativeResultsDirectory="3ae6a537-c1f6-4cd5-bd7a-d5d4bb896bd7">
      <Output>
        <StdOut>Debug Trace:&#xD;
Fail: Command/Command handler type mismatch&#xD;
Fail: The command handler expect an object that implements ICallContextInfo in the state parameter&#xD;
Fail: The command handler expect an object that implements IResponseSink in the responseSink parameter</StdOut>
      </Output>
    </UnitTestResult>
    <UnitTestResult executionId="36974b5c-1d12-47d9-86dd-309d91e403a9" testId="9497f287-fca6-cbcb-6286-4ae81982a46d" testName="UpdateLicense_AllocatesOneLicense_OnSameHwOnTwoRecordingServers_WithFirstActivatedAndSecondEmpty" computerName="DKSR-EFI-04" duration="00:00:00.0727429" startTime="2023-12-22T09:36:09.8039299+01:00" endTime="2023-12-22T09:36:09.8664304+01:00" testType="13cdc9d9-ddb5-4fa4-a97d-d965ccfc6d4b" outcome="Passed" testListId="8c84fa94-04c1-424b-9868-57a2d4851a1d" relativeResultsDirectory="36974b5c-1d12-47d9-86dd-309d91e403a9" />
    <UnitTestResult executionId="67a8cbf9-224c-4552-a11e-ca87171a2ce1" testId="4c0bc591-f9bc-3020-eca2-2051fea13486" testName="CheckMsFailoverStatusCommandHandler_Execute_InvokeEventTrue_ShouldNotTrigger" computerName="DKSR-EFI-04" duration="00:00:00.0054975" startTime="2023-12-22T09:36:17.1320908+01:00" endTime="2023-12-22T09:36:17.1320908+01:00" testType="13cdc9d9-ddb5-4fa4-a97d-d965ccfc6d4b" outcome="Passed" testListId="8c84fa94-04c1-424b-9868-57a2d4851a1d" relativeResultsDirectory="67a8cbf9-224c-4552-a11e-ca87171a2ce1" />
    <UnitTestResult executionId="5b4e5163-0726-45e0-8208-e927cc227768" testId="2b8fcca8-4ff4-62b3-63bc-a8f951917cd2" testName="ChannelLicenseCountManager_ReplacementHardware_IgnoresSecondAdd_OnSameMac" computerName="DKSR-EFI-04" duration="00:00:00.0002104" startTime="2023-12-22T09:35:59.1007462+01:00" endTime="2023-12-22T09:35:59.1007462+01:00" testType="13cdc9d9-ddb5-4fa4-a97d-d965ccfc6d4b" outcome="Passed" testListId="8c84fa94-04c1-424b-9868-57a2d4851a1d" relativeResultsDirectory="5b4e5163-0726-45e0-8208-e927cc227768" />
    <UnitTestResult executionId="46285e13-4d36-4773-bc2c-10e7b8e0e911" testId="4144b2ea-a666-09c1-ca76-3c77a8157cad" testName="ConfigurationDataSetLoader_GetDevicesByHardwareId_Success" computerName="DKSR-EFI-04" duration="00:00:00.0010213" startTime="2023-12-22T09:36:15.9133336+01:00" endTime="2023-12-22T09:36:15.9133336+01:00" testType="13cdc9d9-ddb5-4fa4-a97d-d965ccfc6d4b" outcome="Passed" testListId="8c84fa94-04c1-424b-9868-57a2d4851a1d" relativeResultsDirectory="46285e13-4d36-4773-bc2c-10e7b8e0e911" />
    <UnitTestResult executionId="810f6dfe-e469-4d11-b477-e9d1d0f0ddbf" testId="9597e03f-fc9f-2f7d-d32b-34373140ac59" testName="ActivateArchivingCommand_ModelIsNull_BadRequestResult" computerName="DKSR-EFI-04" duration="00:00:00.0008005" startTime="2023-12-22T09:34:00.3345115+01:00" endTime="2023-12-22T09:34:00.3345115+01:00" testType="13cdc9d9-ddb5-4fa4-a97d-d965ccfc6d4b" outcome="Passed" testListId="8c84fa94-04c1-424b-9868-57a2d4851a1d" relativeResultsDirectory="810f6dfe-e469-4d11-b477-e9d1d0f0ddbf" />
    <UnitTestResult executionId="972696b9-2289-4ba8-8ae4-9037723e345a" testId="e4eb4c96-1f3c-80dd-4275-26175f599f46" testName="RecreatesAllRecorderLicenses_OnATimer" computerName="DKSR-EFI-04" duration="00:00:00.0299418" startTime="2023-12-22T09:36:08.1164197+01:00" endTime="2023-12-22T09:36:08.1476685+01:00" testType="13cdc9d9-ddb5-4fa4-a97d-d965ccfc6d4b" outcome="Passed" testListId="8c84fa94-04c1-424b-9868-57a2d4851a1d" relativeResultsDirectory="972696b9-2289-4ba8-8ae4-9037723e345a" />
    <UnitTestResult executionId="4b739d59-7544-4ec1-8020-83b2a9c7cff5" testId="b91d1d26-a0b1-2ee2-8015-069f2388c8c9" testName="LicenseCountManager_ValidateRelatedRecordingServerLicenses_NullLicenseSnapshot_ThrowsArgumentNullException" computerName="DKSR-EFI-04" duration="00:00:00.0006739" startTime="2023-12-22T09:35:59.2569999+01:00" endTime="2023-12-22T09:35:59.2569999+01:00" testType="13cdc9d9-ddb5-4fa4-a97d-d965ccfc6d4b" outcome="Passed" testListId="8c84fa94-04c1-424b-9868-57a2d4851a1d" relativeResultsDirectory="4b739d59-7544-4ec1-8020-83b2a9c7cff5" />
    <UnitTestResult executionId="de848a0d-5908-4b16-b1be-9e209514c2d5" testId="f99da047-6c28-65f2-2cd6-bc6e29c618aa" testName="ConvertIdpLog_UserLockedOut" computerName="DKSR-EFI-04" duration="00:00:00.0013062" startTime="2023-12-22T09:34:53.5222796+01:00" endTime="2023-12-22T09:34:53.5222796+01:00" testType="13cdc9d9-ddb5-4fa4-a97d-d965ccfc6d4b" outcome="Passed" testListId="8c84fa94-04c1-424b-9868-57a2d4851a1d" relativeResultsDirectory="de848a0d-5908-4b16-b1be-9e209514c2d5" />
    <UnitTestResult executionId="0bc0edc2-66ed-4281-9942-da004cdfdb6a" testId="6c5ecedb-b43e-7486-b59e-580142222e3e" testName="LastAutomaticActivationErrorMessage_Set_OnFailedActivation" computerName="DKSR-EFI-04" duration="00:00:00.0002604" startTime="2023-12-22T09:35:01.6473228+01:00" endTime="2023-12-22T09:35:01.6473228+01:00" testType="13cdc9d9-ddb5-4fa4-a97d-d965ccfc6d4b" outcome="Passed" testListId="8c84fa94-04c1-424b-9868-57a2d4851a1d" relativeResultsDirectory="0bc0edc2-66ed-4281-9942-da004cdfdb6a" />
    <UnitTestResult executionId="3b90ea48-07cf-4205-acc0-8d6d50a6ced5" testId="94f4fb79-741c-399b-6815-4f1e57683cfb" testName="VmoClientsPool_Constructor_ThrowArgumentNullException" computerName="DKSR-EFI-04" duration="00:00:00.0026406" startTime="2023-12-22T09:36:44.7728635+01:00" endTime="2023-12-22T09:36:44.7728635+01:00" testType="13cdc9d9-ddb5-4fa4-a97d-d965ccfc6d4b" outcome="Passed" testListId="8c84fa94-04c1-424b-9868-57a2d4851a1d" relativeResultsDirectory="3b90ea48-07cf-4205-acc0-8d6d50a6ced5" />
    <UnitTestResult executionId="e006115f-2004-4fb7-9891-c81e54f1edf6" testId="69e8fd5f-67a2-ab17-7dea-912fb2f94aa3" testName="IsHardwareInChangesWithoutActivation_ReturnsTrue_OnCurrentYearDevices" computerName="DKSR-EFI-04" duration="00:00:00.0094904" startTime="2023-12-22T09:36:06.9289135+01:00" endTime="2023-12-22T09:36:06.9445351+01:00" testType="13cdc9d9-ddb5-4fa4-a97d-d965ccfc6d4b" outcome="Passed" testListId="8c84fa94-04c1-424b-9868-57a2d4851a1d" relativeResultsDirectory="e006115f-2004-4fb7-9891-c81e54f1edf6" />
    <UnitTestResult executionId="6cb5f02e-f3c0-41fd-8129-f2be85a8c63b" testId="0d25d40d-d1aa-dcd2-9ff9-14f41134f43c" testName="CheckConfigurationDataSetTest_FailoverPrimaryNotLicensedFail" computerName="DKSR-EFI-04" duration="00:00:00.0024356" startTime="2023-12-22T09:35:59.6476229+01:00" endTime="2023-12-22T09:35:59.6476229+01:00" testType="13cdc9d9-ddb5-4fa4-a97d-d965ccfc6d4b" outcome="Passed" testListId="8c84fa94-04c1-424b-9868-57a2d4851a1d" relativeResultsDirectory="6cb5f02e-f3c0-41fd-8129-f2be85a8c63b" />
    <UnitTestResult executionId="86ff7e77-543a-49d5-9630-92187a347cd7" testId="66f40d0c-4c23-d10b-afaf-5fe3e22726d9" testName="MultiSite_ChannelBased_SameICPHardwareOn2Recorders_MoreChannelsThanICPLicenses" computerName="DKSR-EFI-04" duration="00:00:00.1285728" startTime="2023-12-22T09:35:55.7101015+01:00" endTime="2023-12-22T09:35:55.8507260+01:00" testType="13cdc9d9-ddb5-4fa4-a97d-d965ccfc6d4b" outcome="Passed" testListId="8c84fa94-04c1-424b-9868-57a2d4851a1d" relativeResultsDirectory="86ff7e77-543a-49d5-9630-92187a347cd7" />
    <UnitTestResult executionId="41ec22f2-23b5-4784-aa13-d746e8f23c70" testId="c93b3e42-de25-38a6-5d2b-084c952be414" testName="AllocateLicenses_NotActivated_ThreeInGrace_OnThreeHardwaresZeroCameraChannelsAndThreeAvailableLicenses" computerName="DKSR-EFI-04" duration="00:00:00.0381080" startTime="2023-12-22T09:35:36.9131324+01:00" endTime="2023-12-22T09:35:36.9600063+01:00" testType="13cdc9d9-ddb5-4fa4-a97d-d965ccfc6d4b" outcome="Passed" testListId="8c84fa94-04c1-424b-9868-57a2d4851a1d" relativeResultsDirectory="41ec22f2-23b5-4784-aa13-d746e8f23c70" />
    <UnitTestResult executionId="88df7243-229e-48a6-a493-98e1da50ab08" testId="9cb65c54-10b7-6be6-1f38-fad266ba3e96" testName="IsActivationRequired_Success_ActivationNotRequired_OneDevice" computerName="DKSR-EFI-04" duration="00:00:00.1351864" startTime="2023-12-22T09:36:10.1476802+01:00" endTime="2023-12-22T09:36:10.2726790+01:00" testType="13cdc9d9-ddb5-4fa4-a97d-d965ccfc6d4b" outcome="Passed" testListId="8c84fa94-04c1-424b-9868-57a2d4851a1d" relativeResultsDirectory="88df7243-229e-48a6-a493-98e1da50ab08" />
    <UnitTestResult executionId="1e589723-2c87-4a67-af3c-28f182d0d9e9" testId="26717f0a-fca2-67d0-37db-c3f8b1a939fe" testName="ConvertIdpLog_UnknownIdpLogEvent_ArgumentException" computerName="DKSR-EFI-04" duration="00:00:00.0015223" startTime="2023-12-22T09:34:53.5066541+01:00" endTime="2023-12-22T09:34:53.5066541+01:00" testType="13cdc9d9-ddb5-4fa4-a97d-d965ccfc6d4b" outcome="Passed" testListId="8c84fa94-04c1-424b-9868-57a2d4851a1d" relativeResultsDirectory="1e589723-2c87-4a67-af3c-28f182d0d9e9" />
    <UnitTestResult executionId="6997a9fe-5b67-48b3-bb0f-703478b1ef60" testId="1ebd1dbb-071d-708f-e374-58e308fd7a7d" testName="EventCollector_ShouldEventBeFired_Accept_UserDefined" computerName="DKSR-EFI-04" duration="00:00:00.0005393" startTime="2023-12-22T09:33:57.7719983+01:00" endTime="2023-12-22T09:33:57.7719983+01:00" testType="13cdc9d9-ddb5-4fa4-a97d-d965ccfc6d4b" outcome="Passed" testListId="8c84fa94-04c1-424b-9868-57a2d4851a1d" relativeResultsDirectory="6997a9fe-5b67-48b3-bb0f-703478b1ef60" />
    <UnitTestResult executionId="b3e617fd-c8e0-43bb-88aa-7329e2924fc0" testId="e3a6e1d5-d4dd-9a82-8ece-754e711a2f9b" testName="UpdateLicense_KeepsDeviceInGrace_OnChangingLicenseFromHwToChBased" computerName="DKSR-EFI-04" duration="00:00:00.0912574" startTime="2023-12-22T09:36:06.9757860+01:00" endTime="2023-12-22T09:36:07.0695372+01:00" testType="13cdc9d9-ddb5-4fa4-a97d-d965ccfc6d4b" outcome="Passed" testListId="8c84fa94-04c1-424b-9868-57a2d4851a1d" relativeResultsDirectory="b3e617fd-c8e0-43bb-88aa-7329e2924fc0" />
    <UnitTestResult executionId="26ae9929-9df2-4f73-9d2f-fcc154429b56" testId="ce3c136b-6594-eb63-9e80-abbbccea4d6e" testName="LicenseInfoXmlWriter_CreateLicenseInformationXml_HasStateMissing_OnHasLicenseFalse" computerName="DKSR-EFI-04" duration="00:00:00.0007357" startTime="2023-12-22T09:35:59.8195000+01:00" endTime="2023-12-22T09:35:59.8195000+01:00" testType="13cdc9d9-ddb5-4fa4-a97d-d965ccfc6d4b" outcome="Passed" testListId="8c84fa94-04c1-424b-9868-57a2d4851a1d" relativeResultsDirectory="26ae9929-9df2-4f73-9d2f-fcc154429b56" />
    <UnitTestResult executionId="3ebe750d-a135-4963-a9e2-1dee1fe066d1" testId="27765c3e-f7a5-6619-62ae-59e218515121" testName="Log_ContextExceptionIsNull_NothingIsLogged" computerName="DKSR-EFI-04" duration="00:00:00.0015936" startTime="2023-12-22T09:34:00.8501396+01:00" endTime="2023-12-22T09:34:00.8501396+01:00" testType="13cdc9d9-ddb5-4fa4-a97d-d965ccfc6d4b" outcome="Passed" testListId="8c84fa94-04c1-424b-9868-57a2d4851a1d" relativeResultsDirectory="3ebe750d-a135-4963-a9e2-1dee1fe066d1" />
    <UnitTestResult executionId="a8a3f329-35c0-4304-b1b8-561a9ff6cf6d" testId="3bbcc241-05a1-26d1-f42f-481535a2e59b" testName="ReportManualRecordingStateCommand_ModelValid_RecorderNotFoundException_Handled" computerName="DKSR-EFI-04" duration="00:00:00.0009372" startTime="2023-12-22T09:34:00.3032582+01:00" endTime="2023-12-22T09:34:00.3032582+01:00" testType="13cdc9d9-ddb5-4fa4-a97d-d965ccfc6d4b" outcome="Passed" testListId="8c84fa94-04c1-424b-9868-57a2d4851a1d" relativeResultsDirectory="a8a3f329-35c0-4304-b1b8-561a9ff6cf6d" />
    <UnitTestResult executionId="1549a5e2-aaf2-451a-936d-239c65d171db" testId="cc30a5ef-59d0-2f76-5006-56864e18c145" testName="CreateLicenseRequest_CreatesLicenseRequestHardware_OnHardwareLicensingFlag" computerName="DKSR-EFI-04" duration="00:00:00.0077092" startTime="2023-12-22T09:36:08.1632952+01:00" endTime="2023-12-22T09:36:08.1632952+01:00" testType="13cdc9d9-ddb5-4fa4-a97d-d965ccfc6d4b" outcome="Passed" testListId="8c84fa94-04c1-424b-9868-57a2d4851a1d" relativeResultsDirectory="1549a5e2-aaf2-451a-936d-239c65d171db" />
    <UnitTestResult executionId="380f1605-9e5f-4592-aba7-8d46fa3413f7" testId="b447d6e1-0886-4836-f5c4-a0d3266ea115" testName="HardwareScanExpressTaskCommandHandler_Execute_DiscoveryComponent_FailResponse" computerName="DKSR-EFI-04" duration="00:00:00.0011229" startTime="2023-12-22T09:36:20.0071057+01:00" endTime="2023-12-22T09:36:20.0227293+01:00" testType="13cdc9d9-ddb5-4fa4-a97d-d965ccfc6d4b" outcome="Passed" testListId="8c84fa94-04c1-424b-9868-57a2d4851a1d" relativeResultsDirectory="380f1605-9e5f-4592-aba7-8d46fa3413f7" />
    <UnitTestResult executionId="088af5b8-1684-426f-9554-b206213091ee" testId="907efd45-d2e0-1d11-fdb2-9915a1d00c6d" testName="CheckForAutomaticActivationTrigger_ReturnsTrue_OnDisabledHardware" computerName="DKSR-EFI-04" duration="00:00:00.0047510" startTime="2023-12-22T09:36:16.1633348+01:00" endTime="2023-12-22T09:36:16.1633348+01:00" testType="13cdc9d9-ddb5-4fa4-a97d-d965ccfc6d4b" outcome="Passed" testListId="8c84fa94-04c1-424b-9868-57a2d4851a1d" relativeResultsDirectory="088af5b8-1684-426f-9554-b206213091ee" />
    <UnitTestResult executionId="5aebf51c-7334-49ce-b93d-60fe17bf0586" testId="0d7e3425-dd9c-d970-e740-d984aa731a8c" testName="AllocateLicenses_HardwareWith15Devices5EnabledAndActivated_Enabling10Devices_ShouldGet5CWA5Unlicensed_On10LicensesAndZeroCWA" computerName="DKSR-EFI-04" duration="00:00:00.2537755" startTime="2023-12-22T09:35:45.0225456+01:00" endTime="2023-12-22T09:35:45.2725513+01:00" testType="13cdc9d9-ddb5-4fa4-a97d-d965ccfc6d4b" outcome="Passed" testListId="8c84fa94-04c1-424b-9868-57a2d4851a1d" relativeResultsDirectory="5aebf51c-7334-49ce-b93d-60fe17bf0586" />
    <UnitTestResult executionId="37359095-132c-408c-b9a7-3c842fc9a0b8" testId="228df2e2-11df-46d9-280e-d46a319f683b" testName="AddHardwareToRequest_UpdatesFeedCountOnAlreadyExistingICPHardware_OnSameICPHardwareAddedTwice" computerName="DKSR-EFI-04" duration="00:00:00.0153489" startTime="2023-12-22T09:36:12.5070650+01:00" endTime="2023-12-22T09:36:12.5227027+01:00" testType="13cdc9d9-ddb5-4fa4-a97d-d965ccfc6d4b" outcome="Passed" testListId="8c84fa94-04c1-424b-9868-57a2d4851a1d" relativeResultsDirectory="37359095-132c-408c-b9a7-3c842fc9a0b8" />
    <UnitTestResult executionId="430f9a6b-e07a-47ec-948d-3dc12b9202de" testId="0530c07e-bb9b-b2d6-8cb2-b1e299d0c41d" testName="GetRecorderLicense_EnoughICP_EnoughHardware_Success" computerName="DKSR-EFI-04" duration="00:00:00.0427287" startTime="2023-12-22T09:36:06.3664093+01:00" endTime="2023-12-22T09:36:06.3976583+01:00" testType="13cdc9d9-ddb5-4fa4-a97d-d965ccfc6d4b" outcome="Passed" testListId="8c84fa94-04c1-424b-9868-57a2d4851a1d" relativeResultsDirectory="430f9a6b-e07a-47ec-948d-3dc12b9202de" />
    <UnitTestResult executionId="5d29f6b5-3a27-4600-b126-882188537ed8" testId="83a331b3-f90d-f07e-fa30-807969658030" testName="HardwareInCWAOnWhiteList_ReplacedWithNoInheritance_HardwareOnWhiteList_CWAAllowed_MoreChannelsOnReplacedHardware_NewHardwareInCWA" computerName="DKSR-EFI-04" duration="00:00:00.2281710" startTime="2023-12-22T09:35:24.3818127+01:00" endTime="2023-12-22T09:35:24.6161902+01:00" testType="13cdc9d9-ddb5-4fa4-a97d-d965ccfc6d4b" outcome="Passed" testListId="8c84fa94-04c1-424b-9868-57a2d4851a1d" relativeResultsDirectory="5d29f6b5-3a27-4600-b126-882188537ed8" />
    <UnitTestResult executionId="e8f312fd-4eef-4397-92f2-6eba09fcfcbd" testId="486ff2e7-4ec1-c118-0fbd-3ce64d86652d" testName="CreateLicenseRequest_WithSystemBuilderLicenseRequest" computerName="DKSR-EFI-04" duration="00:00:00.0808962" startTime="2023-12-22T09:36:07.8351693+01:00" endTime="2023-12-22T09:36:07.9289181+01:00" testType="13cdc9d9-ddb5-4fa4-a97d-d965ccfc6d4b" outcome="Passed" testListId="8c84fa94-04c1-424b-9868-57a2d4851a1d" relativeResultsDirectory="e8f312fd-4eef-4397-92f2-6eba09fcfcbd" />
    <UnitTestResult executionId="3b5b1d81-01d7-482a-8e18-5f89cfd5d83c" testId="a8d95712-086e-4490-ce81-136530aa2d77" testName="ChannelLicenseCountManager_IsHardwareLicensed_Success" computerName="DKSR-EFI-04" duration="00:00:00.0004949" startTime="2023-12-22T09:35:58.9601197+01:00" endTime="2023-12-22T09:35:58.9601197+01:00" testType="13cdc9d9-ddb5-4fa4-a97d-d965ccfc6d4b" outcome="Passed" testListId="8c84fa94-04c1-424b-9868-57a2d4851a1d" relativeResultsDirectory="3b5b1d81-01d7-482a-8e18-5f89cfd5d83c" />
    <UnitTestResult executionId="7ed19dde-5848-40cb-8c28-31ad3f57603c" testId="1fa2fbb8-2a8b-5927-1669-f04f3629060e" testName="AnalyzeAndCreateAuditLogs_DeletedSecurityPermissionsRow_ReturnsOneAuditLog" computerName="DKSR-EFI-04" duration="00:00:00.0040869" startTime="2023-12-22T09:36:17.5227175+01:00" endTime="2023-12-22T09:36:17.5227175+01:00" testType="13cdc9d9-ddb5-4fa4-a97d-d965ccfc6d4b" outcome="Passed" testListId="8c84fa94-04c1-424b-9868-57a2d4851a1d" relativeResultsDirectory="7ed19dde-5848-40cb-8c28-31ad3f57603c" />
    <UnitTestResult executionId="1ee222a6-f3d0-4318-ba3b-f4c42b5dc4a7" testId="0d22ba9f-9f62-fdbc-1b77-4d9887657d8a" testName="GetConnectedClient_FreeClientHasBeenDisconnected_ConnectCalled" computerName="DKSR-EFI-04" duration="00:00:00.0106184" startTime="2023-12-22T09:36:44.9759877+01:00" endTime="2023-12-22T09:36:44.9916147+01:00" testType="13cdc9d9-ddb5-4fa4-a97d-d965ccfc6d4b" outcome="Passed" testListId="8c84fa94-04c1-424b-9868-57a2d4851a1d" relativeResultsDirectory="1ee222a6-f3d0-4318-ba3b-f4c42b5dc4a7" />
    <UnitTestResult executionId="0d6e19ac-3dc1-4381-8fe2-44cd2c17f7cf" testId="a130a927-6b59-18c0-ec6f-96c3fadbcb3d" testName="DeleteHardwareUserCommandHandler_Execute_ThrowsIfGivenWrongCommandOrNullParameters" computerName="DKSR-EFI-04" duration="00:00:00.0106349" startTime="2023-12-22T09:36:18.5383477+01:00" endTime="2023-12-22T09:36:18.5539737+01:00" testType="13cdc9d9-ddb5-4fa4-a97d-d965ccfc6d4b" outcome="Passed" testListId="8c84fa94-04c1-424b-9868-57a2d4851a1d" relativeResultsDirectory="0d6e19ac-3dc1-4381-8fe2-44cd2c17f7cf">
      <Output>
        <StdOut>Debug Trace:&#xD;
Fail: Command/Command handler type mismatch&#xD;
Fail: The command handler expect an object that implements ICallContextInfo in the state parameter&#xD;
Fail: The command handler expect an object that implements IResponseSink in the responseSink parameter</StdOut>
      </Output>
    </UnitTestResult>
    <UnitTestResult executionId="c8f2ff14-f7f5-4b39-aa6d-c6b2ce398eb5" testId="88c1f49e-afd8-32ac-a7cb-3ffedb7fc25a" testName="RegisterRecorder_ModelIsValid_Executed" computerName="DKSR-EFI-04" duration="00:00:00.0599074" startTime="2023-12-22T09:34:01.1626387+01:00" endTime="2023-12-22T09:34:01.2095153+01:00" testType="13cdc9d9-ddb5-4fa4-a97d-d965ccfc6d4b" outcome="Passed" testListId="8c84fa94-04c1-424b-9868-57a2d4851a1d" relativeResultsDirectory="c8f2ff14-f7f5-4b39-aa6d-c6b2ce398eb5" />
    <UnitTestResult executionId="b01b008c-ba52-44fa-90ea-7604dafa97e8" testId="c4f124bd-72f7-5c60-a168-23fdc3119cac" testName="CheckConfigurationDataSetTest_RecorderMulticastNotLicensedSuccess" computerName="DKSR-EFI-04" duration="00:00:00.0028851" startTime="2023-12-22T09:35:59.6788723+01:00" endTime="2023-12-22T09:35:59.6788723+01:00" testType="13cdc9d9-ddb5-4fa4-a97d-d965ccfc6d4b" outcome="Passed" testListId="8c84fa94-04c1-424b-9868-57a2d4851a1d" relativeResultsDirectory="b01b008c-ba52-44fa-90ea-7604dafa97e8" />
    <UnitTestResult executionId="5ad064b3-2ac1-49ec-8ba4-9e3b911ce9c8" testId="1389943b-4293-d76b-fe95-fad83a372c2c" testName="AnalyzeAndCreateAuditLogs_ModifiedTimeProfileDefaultRoleRelationRow_ReturnsOneAuditLog" computerName="DKSR-EFI-04" duration="00:00:00.0037552" startTime="2023-12-22T09:36:17.5070918+01:00" endTime="2023-12-22T09:36:17.5070918+01:00" testType="13cdc9d9-ddb5-4fa4-a97d-d965ccfc6d4b" outcome="Passed" testListId="8c84fa94-04c1-424b-9868-57a2d4851a1d" relativeResultsDirectory="5ad064b3-2ac1-49ec-8ba4-9e3b911ce9c8" />
    <UnitTestResult executionId="6eba379a-4d3d-452c-8b0a-ace111af8ff6" testId="154ae2d8-7e3d-3d32-aa1a-eb39b3ef8236" testName="UpdateLicenseState_HasInvalidState_OnFailingToVerifyLicense" computerName="DKSR-EFI-04" duration="00:00:00.0183493" startTime="2023-12-22T09:36:00.6163779+01:00" endTime="2023-12-22T09:36:00.6320081+01:00" testType="13cdc9d9-ddb5-4fa4-a97d-d965ccfc6d4b" outcome="Passed" testListId="8c84fa94-04c1-424b-9868-57a2d4851a1d" relativeResultsDirectory="6eba379a-4d3d-452c-8b0a-ace111af8ff6">
      <Output>
        <StdOut>Debug Trace:&#xD;
Fail: Attribute value invalid. 'Index'&#xD;
Fail: Attribute value invalid. 'Index'&#xD;
Fail: Attribute value invalid. 'Index'&#xD;
Fail: Attribute value invalid. 'Index'&#xD;
Fail: Attribute value invalid. 'Index'&#xD;
Fail: Attribute value invalid. 'Index'&#xD;
Fail: Attribute value invalid. 'Index'&#xD;
Fail: Attribute value invalid. 'Index'&#xD;
Fail: Attribute value invalid. 'Index'&#xD;
Fail: Attribute value invalid. 'Index'</StdOut>
      </Output>
    </UnitTestResult>
    <UnitTestResult executionId="ac97bbc8-b629-4525-806a-10c8f373a9a2" testId="52f5ee09-605d-194f-6798-1813db13a786" testName="Validate_HardwareNotOnWhiteList_StaysOutOfGrace_WhenGracePeriodExpires_AndHasCorrectStatusForHardwareAndDevices" computerName="DKSR-EFI-04" duration="00:00:00.0938988" startTime="2023-12-22T09:35:37.5850067+01:00" endTime="2023-12-22T09:35:37.6787550+01:00" testType="13cdc9d9-ddb5-4fa4-a97d-d965ccfc6d4b" outcome="Passed" testListId="8c84fa94-04c1-424b-9868-57a2d4851a1d" relativeResultsDirectory="ac97bbc8-b629-4525-806a-10c8f373a9a2" />
    <UnitTestResult executionId="8dcbc37b-a1d0-47b2-9a52-d5128cffc687" testId="01476c0e-d177-4299-4cf9-aeafa6eab623" testName="UpdateHardwareTaskCommandHandler_Execute_RecorderIncompatible_Tests" computerName="DKSR-EFI-04" duration="00:00:00.0044548" startTime="2023-12-22T09:36:43.7416057+01:00" endTime="2023-12-22T09:36:43.7416057+01:00" testType="13cdc9d9-ddb5-4fa4-a97d-d965ccfc6d4b" outcome="Passed" testListId="8c84fa94-04c1-424b-9868-57a2d4851a1d" relativeResultsDirectory="8dcbc37b-a1d0-47b2-9a52-d5128cffc687" />
    <UnitTestResult executionId="e22c77ba-f931-47ed-b7e0-f742074632b9" testId="d0a6b9a5-facf-84c8-5ec8-159e3f74ddcf" testName="AttachedRecorder_GetRecorderEntryFromUri_Success" computerName="DKSR-EFI-04" duration="00:00:00.0019311" startTime="2023-12-22T09:33:58.1470009+01:00" endTime="2023-12-22T09:33:58.1470009+01:00" testType="13cdc9d9-ddb5-4fa4-a97d-d965ccfc6d4b" outcome="Passed" testListId="8c84fa94-04c1-424b-9868-57a2d4851a1d" relativeResultsDirectory="e22c77ba-f931-47ed-b7e0-f742074632b9" />
    <UnitTestResult executionId="6442fc8c-e07b-4a59-ac11-bab4d4579af2" testId="e9119cfc-3c5c-fe36-feac-3d5dd77582ef" testName="ReportMediaCommittedToDatabaseCommand_ModelIsNull_BadRequestResult" computerName="DKSR-EFI-04" duration="00:00:00.0008153" startTime="2023-12-22T09:34:00.2876346+01:00" endTime="2023-12-22T09:34:00.3032582+01:00" testType="13cdc9d9-ddb5-4fa4-a97d-d965ccfc6d4b" outcome="Passed" testListId="8c84fa94-04c1-424b-9868-57a2d4851a1d" relativeResultsDirectory="6442fc8c-e07b-4a59-ac11-bab4d4579af2" />
    <UnitTestResult executionId="0fa51a5c-a2e8-45d3-8409-5da4d4e56e06" testId="52ab0249-26ba-cc96-610d-17f6ffa468ae" testName="Recorder_Retrieve_List_Active_Recorders" computerName="DKSR-EFI-04" duration="00:00:00.0059333" startTime="2023-12-22T09:36:15.5539584+01:00" endTime="2023-12-22T09:36:15.5695833+01:00" testType="13cdc9d9-ddb5-4fa4-a97d-d965ccfc6d4b" outcome="Passed" testListId="8c84fa94-04c1-424b-9868-57a2d4851a1d" relativeResultsDirectory="0fa51a5c-a2e8-45d3-8409-5da4d4e56e06" />
    <UnitTestResult executionId="0933e335-e61d-4a2a-862a-db05b776c528" testId="bdf8315c-0866-8394-822f-43fe7126a554" testName="PromoteNewEncryptionPassword_RecorderNotFoundException_Handled" computerName="DKSR-EFI-04" duration="00:00:00.0011412" startTime="2023-12-22T09:34:00.3657613+01:00" endTime="2023-12-22T09:34:00.3657613+01:00" testType="13cdc9d9-ddb5-4fa4-a97d-d965ccfc6d4b" outcome="Passed" testListId="8c84fa94-04c1-424b-9868-57a2d4851a1d" relativeResultsDirectory="0933e335-e61d-4a2a-862a-db05b776c528" />
    <UnitTestResult executionId="1ea97898-ff27-409d-b99b-ca346b714316" testId="8000bae8-948f-0b0f-0c32-0094fdf7892e" testName="Dispose_Disposing_DisposesTimer" computerName="DKSR-EFI-04" duration="00:00:00.0017478" startTime="2023-12-22T09:34:54.1785330+01:00" endTime="2023-12-22T09:34:54.1941585+01:00" testType="13cdc9d9-ddb5-4fa4-a97d-d965ccfc6d4b" outcome="Passed" testListId="8c84fa94-04c1-424b-9868-57a2d4851a1d" relativeResultsDirectory="1ea97898-ff27-409d-b99b-ca346b714316" />
    <UnitTestResult executionId="c627af2a-25a2-4595-bf7a-0f2c8855f337" testId="aa54e5c8-4842-fdf7-6d33-fe6b056034b3" testName="HardwareActivatedNotOnWhiteList_ReplacedWith_HardwareNotOnWhiteList_NoCameraChannels" computerName="DKSR-EFI-04" duration="00:00:00.1025028" startTime="2023-12-22T09:35:33.6474863+01:00" endTime="2023-12-22T09:35:33.7412378+01:00" testType="13cdc9d9-ddb5-4fa4-a97d-d965ccfc6d4b" outcome="Passed" testListId="8c84fa94-04c1-424b-9868-57a2d4851a1d" relativeResultsDirectory="c627af2a-25a2-4595-bf7a-0f2c8855f337" />
    <UnitTestResult executionId="5da76a59-2442-48fd-a421-93113f08f22e" testId="3a6b696a-422d-5ee1-5380-e7ef5428f6b9" testName="AllocateLicenses_NotActivated_FourUsedAndOneUnlicensed_OnFiveCameraChannelsWithThreeGraceAndFourAvailableLicenses" computerName="DKSR-EFI-04" duration="00:00:00.0742240" startTime="2023-12-22T09:35:36.3193749+01:00" endTime="2023-12-22T09:35:36.3975004+01:00" testType="13cdc9d9-ddb5-4fa4-a97d-d965ccfc6d4b" outcome="Passed" testListId="8c84fa94-04c1-424b-9868-57a2d4851a1d" relativeResultsDirectory="5da76a59-2442-48fd-a421-93113f08f22e" />
    <UnitTestResult executionId="9945d737-d7c0-4c76-b647-cd86232c1df1" testId="88cee1e3-316a-246b-d5dc-e5d127ebe5a2" testName="MoveHardwareTaskCommandHandler_Execute_PrepareMoveHardware_StorageOffline_FailResponse" computerName="DKSR-EFI-04" duration="00:00:00.0821080" startTime="2023-12-22T09:36:25.0696359+01:00" endTime="2023-12-22T09:36:25.1633837+01:00" testType="13cdc9d9-ddb5-4fa4-a97d-d965ccfc6d4b" outcome="Passed" testListId="8c84fa94-04c1-424b-9868-57a2d4851a1d" relativeResultsDirectory="9945d737-d7c0-4c76-b647-cd86232c1df1" />
    <UnitTestResult executionId="8aa079b4-e710-4332-93a4-89a88e9cd31b" testId="32876b14-7506-d499-7fa0-d1216c75f74e" testName="RecorderLicense_InsertThenUpdate_ShouldRemainWithInsertFlag" computerName="DKSR-EFI-04" duration="00:00:00.0004195" startTime="2023-12-22T09:36:15.6008331+01:00" endTime="2023-12-22T09:36:15.6008331+01:00" testType="13cdc9d9-ddb5-4fa4-a97d-d965ccfc6d4b" outcome="Passed" testListId="8c84fa94-04c1-424b-9868-57a2d4851a1d" relativeResultsDirectory="8aa079b4-e710-4332-93a4-89a88e9cd31b" />
    <UnitTestResult executionId="ba921e58-5c87-4c04-a587-ba2757e0b059" testId="bf05db17-5f5c-4702-b962-dc4ccec0ed03" testName="ConvertIdpLog_UserNeedPasswordChange" computerName="DKSR-EFI-04" duration="00:00:00.0012553" startTime="2023-12-22T09:34:53.5379031+01:00" endTime="2023-12-22T09:34:53.5379031+01:00" testType="13cdc9d9-ddb5-4fa4-a97d-d965ccfc6d4b" outcome="Passed" testListId="8c84fa94-04c1-424b-9868-57a2d4851a1d" relativeResultsDirectory="ba921e58-5c87-4c04-a587-ba2757e0b059" />
    <UnitTestResult executionId="8168ba66-20f5-4b55-9eb6-0c92cdf5c628" testId="4bdf24b4-1027-686b-e618-9c02ba4de6ac" testName="LastAutomaticActivationErrorMessage_Cleared_OnSuccessfulManualActivation" computerName="DKSR-EFI-04" duration="00:00:00.0002347" startTime="2023-12-22T09:35:01.6473228+01:00" endTime="2023-12-22T09:35:01.6473228+01:00" testType="13cdc9d9-ddb5-4fa4-a97d-d965ccfc6d4b" outcome="Passed" testListId="8c84fa94-04c1-424b-9868-57a2d4851a1d" relativeResultsDirectory="8168ba66-20f5-4b55-9eb6-0c92cdf5c628" />
    <UnitTestResult executionId="60dd6da7-34a7-46c9-9179-ae36328ebaa6" testId="d93c83d3-61a9-d402-ddff-92f91c7aff97" testName="EvidenceLockOnOldRecorderCommandHandlerTests_OldRecV1_ConfigEdit1RowEdge" computerName="DKSR-EFI-04" duration="00:00:00.0154965" startTime="2023-12-22T09:36:18.9289760+01:00" endTime="2023-12-22T09:36:18.9446000+01:00" testType="13cdc9d9-ddb5-4fa4-a97d-d965ccfc6d4b" outcome="Passed" testListId="8c84fa94-04c1-424b-9868-57a2d4851a1d" relativeResultsDirectory="60dd6da7-34a7-46c9-9179-ae36328ebaa6" />
    <UnitTestResult executionId="14a1878d-de23-4d0e-b894-a3cf93c07662" testId="4b6d3c32-4c2d-4074-3049-382f11a02e0b" testName="ReportMediaStatusCommand_ModelIsNull_BadRequestResult" computerName="DKSR-EFI-04" duration="00:00:00.0018957" startTime="2023-12-22T09:34:00.2720113+01:00" endTime="2023-12-22T09:34:00.2720113+01:00" testType="13cdc9d9-ddb5-4fa4-a97d-d965ccfc6d4b" outcome="Passed" testListId="8c84fa94-04c1-424b-9868-57a2d4851a1d" relativeResultsDirectory="14a1878d-de23-4d0e-b894-a3cf93c07662" />
    <UnitTestResult executionId="a122971b-2621-41fa-b7bb-ed319cd6d1de" testId="603733f6-30ea-cd8a-b333-184e6306073f" testName="DeviceLicense_SetExpire_ExistingItem_Success" computerName="DKSR-EFI-04" duration="00:00:00.0006532" startTime="2023-12-22T09:36:15.7102077+01:00" endTime="2023-12-22T09:36:15.7102077+01:00" testType="13cdc9d9-ddb5-4fa4-a97d-d965ccfc6d4b" outcome="Passed" testListId="8c84fa94-04c1-424b-9868-57a2d4851a1d" relativeResultsDirectory="a122971b-2621-41fa-b7bb-ed319cd6d1de" />
    <UnitTestResult executionId="caf85e2c-d7c8-408b-bd62-0347c76a8093" testId="3a20ed6d-4869-56be-fcee-5307650ce610" testName="AllocateLicense_5Available_OneHardware_AlreadyLicensedInLicFile_InsufficientCameraCountInLicenseFileForHardwareCameraFeeds" computerName="DKSR-EFI-04" duration="00:00:00.1264857" startTime="2023-12-22T09:35:39.6318984+01:00" endTime="2023-12-22T09:35:39.7568926+01:00" testType="13cdc9d9-ddb5-4fa4-a97d-d965ccfc6d4b" outcome="Passed" testListId="8c84fa94-04c1-424b-9868-57a2d4851a1d" relativeResultsDirectory="caf85e2c-d7c8-408b-bd62-0347c76a8093" />
    <UnitTestResult executionId="4ceb9340-8d3f-4e4e-8e45-86987b7c1260" testId="b6447419-d3ce-88c2-51be-0e733819fcc3" testName="SessionData_UniqueId_Success" computerName="DKSR-EFI-04" duration="00:00:00.0011552" startTime="2023-12-22T09:34:24.6627586+01:00" endTime="2023-12-22T09:34:24.6627586+01:00" testType="13cdc9d9-ddb5-4fa4-a97d-d965ccfc6d4b" outcome="Passed" testListId="8c84fa94-04c1-424b-9868-57a2d4851a1d" relativeResultsDirectory="4ceb9340-8d3f-4e4e-8e45-86987b7c1260" />
    <UnitTestResult executionId="ac7ff89d-c30c-4c63-b09a-df16abba8754" testId="22ed3e7b-bfad-787a-270a-197e0d35f24e" testName="HardwareInCWANotOnWhiteList_ReplacedWithInheritance_HardwareNotOnWhiteList_NoMoreCWAAllowed_NewDevicesInGrace" computerName="DKSR-EFI-04" duration="00:00:00.4231772" startTime="2023-12-22T09:35:11.5692482+01:00" endTime="2023-12-22T09:35:11.9911239+01:00" testType="13cdc9d9-ddb5-4fa4-a97d-d965ccfc6d4b" outcome="Passed" testListId="8c84fa94-04c1-424b-9868-57a2d4851a1d" relativeResultsDirectory="ac7ff89d-c30c-4c63-b09a-df16abba8754" />
    <UnitTestResult executionId="15b079d9-47f2-4cb0-9154-850ae1c06693" testId="4378be0e-b6ea-dc40-1074-00248688d200" testName="ChangeIdpAdminTaskCommandHandlerTests_Execute_Arguments_Null_Throws" computerName="DKSR-EFI-04" duration="00:00:00.0092055" startTime="2023-12-22T09:36:16.3977129+01:00" endTime="2023-12-22T09:36:16.4133380+01:00" testType="13cdc9d9-ddb5-4fa4-a97d-d965ccfc6d4b" outcome="Passed" testListId="8c84fa94-04c1-424b-9868-57a2d4851a1d" relativeResultsDirectory="15b079d9-47f2-4cb0-9154-850ae1c06693">
      <Output>
        <StdOut>Debug Trace:&#xD;
Fail: Command/Command handler type mismatch&#xD;
Fail: The command handler expect an object that implements ICallContextInfo in the state parameter&#xD;
Fail: The command handler expect an object that implements IResponseSink in the responseSink parameter</StdOut>
      </Output>
    </UnitTestResult>
    <UnitTestResult executionId="6d3e241d-b208-442a-bd9d-9f23948ddc26" testId="5994f77d-673d-79cd-db25-c0fac05603a0" testName="HardwareScanTaskCommandHandler_Execute_Timeout_FailResponse" computerName="DKSR-EFI-04" duration="00:00:00.0009672" startTime="2023-12-22T09:36:20.1477336+01:00" endTime="2023-12-22T09:36:20.1477336+01:00" testType="13cdc9d9-ddb5-4fa4-a97d-d965ccfc6d4b" outcome="Passed" testListId="8c84fa94-04c1-424b-9868-57a2d4851a1d" relativeResultsDirectory="6d3e241d-b208-442a-bd9d-9f23948ddc26" />
    <UnitTestResult executionId="028e7e10-a229-40c2-a8a8-b589410a3041" testId="2f87be75-276d-5f8b-8ad2-6536e89b23ad" testName="VideoWallCommand_ModelIsNull_BadRequestResult" computerName="DKSR-EFI-04" duration="00:00:00.0015958" startTime="2023-12-22T09:34:00.4595111+01:00" endTime="2023-12-22T09:34:00.4595111+01:00" testType="13cdc9d9-ddb5-4fa4-a97d-d965ccfc6d4b" outcome="Passed" testListId="8c84fa94-04c1-424b-9868-57a2d4851a1d" relativeResultsDirectory="028e7e10-a229-40c2-a8a8-b589410a3041" />
    <UnitTestResult executionId="ab08005a-fbe8-4ea6-992b-1d800770fff6" testId="13dde9b8-bbe7-671f-4c15-4cc07813093b" testName="ExecuteRuleActionCommand_ModelIsValid_CommandExecuted" computerName="DKSR-EFI-04" duration="00:00:00.0093045" startTime="2023-12-22T09:34:00.4282634+01:00" endTime="2023-12-22T09:34:00.4282634+01:00" testType="13cdc9d9-ddb5-4fa4-a97d-d965ccfc6d4b" outcome="Passed" testListId="8c84fa94-04c1-424b-9868-57a2d4851a1d" relativeResultsDirectory="ab08005a-fbe8-4ea6-992b-1d800770fff6" />
    <UnitTestResult executionId="be93ae56-37a4-4e26-ac2f-c99198d91c90" testId="9c6ac5b2-1986-9ad5-3899-82514a276561" testName="UpdateHardwareTaskCommandHandler_Execute_Added_Tests" computerName="DKSR-EFI-04" duration="00:00:00.0320173" startTime="2023-12-22T09:36:44.1322362+01:00" endTime="2023-12-22T09:36:44.1636499+01:00" testType="13cdc9d9-ddb5-4fa4-a97d-d965ccfc6d4b" outcome="Passed" testListId="8c84fa94-04c1-424b-9868-57a2d4851a1d" relativeResultsDirectory="be93ae56-37a4-4e26-ac2f-c99198d91c90" />
    <UnitTestResult executionId="9890520f-8686-427f-b292-659bc9d4f143" testId="3be8f4b9-d8e8-e7bf-f2a6-d145ffb179a0" testName="MoveHardwareTaskCommandHandler_Execute_SourceRecorder_Not_Compatible_FailResponse" computerName="DKSR-EFI-04" duration="00:00:00.0025605" startTime="2023-12-22T09:36:24.8665051+01:00" endTime="2023-12-22T09:36:24.8665051+01:00" testType="13cdc9d9-ddb5-4fa4-a97d-d965ccfc6d4b" outcome="Passed" testListId="8c84fa94-04c1-424b-9868-57a2d4851a1d" relativeResultsDirectory="9890520f-8686-427f-b292-659bc9d4f143" />
    <UnitTestResult executionId="3946a6b8-8434-407c-98d8-b81688480907" testId="b2f60de8-b346-fdf9-57cb-eefc4dabd6ec" testName="HardwareInCWANotOnWhiteList_ReplacedWithInheritance_HardwareNotOnWhiteList_CWAAllowed_FewerChannelsOnReplacedHardware_AllDevicesInCWA" computerName="DKSR-EFI-04" duration="00:00:00.4988122" startTime="2023-12-22T09:35:21.1005469+01:00" endTime="2023-12-22T09:35:21.6005475+01:00" testType="13cdc9d9-ddb5-4fa4-a97d-d965ccfc6d4b" outcome="Passed" testListId="8c84fa94-04c1-424b-9868-57a2d4851a1d" relativeResultsDirectory="3946a6b8-8434-407c-98d8-b81688480907" />
    <UnitTestResult executionId="adbee7b3-f6ba-4968-8eba-e16793a04aee" testId="ef98307e-e332-24fb-e960-16fa4b8c11bc" testName="Recorder_FindById_Returns_Null" computerName="DKSR-EFI-04" duration="00:00:00.0002037" startTime="2023-12-22T09:36:15.5539584+01:00" endTime="2023-12-22T09:36:15.5539584+01:00" testType="13cdc9d9-ddb5-4fa4-a97d-d965ccfc6d4b" outcome="Passed" testListId="8c84fa94-04c1-424b-9868-57a2d4851a1d" relativeResultsDirectory="adbee7b3-f6ba-4968-8eba-e16793a04aee" />
    <UnitTestResult executionId="5d855784-1062-4b02-b5d4-d7fe60a945ae" testId="421fb43f-22dc-3119-8b0a-975866a1028c" testName="RecorderLicense_AddNew_IsUpdated_SetToTrue_Success" computerName="DKSR-EFI-04" duration="00:00:00.0048677" startTime="2023-12-22T09:36:15.5852099+01:00" endTime="2023-12-22T09:36:15.5852099+01:00" testType="13cdc9d9-ddb5-4fa4-a97d-d965ccfc6d4b" outcome="Passed" testListId="8c84fa94-04c1-424b-9868-57a2d4851a1d" relativeResultsDirectory="5d855784-1062-4b02-b5d4-d7fe60a945ae" />
    <UnitTestResult executionId="6e1f851f-9b83-4f5b-a1f6-6040c0f4d5ba" testId="901a68aa-7787-c851-1b49-e53cb2749abf" testName="IsActivationRequired_Success_ActivationRequired_FourDevices" computerName="DKSR-EFI-04" duration="00:00:00.2081525" startTime="2023-12-22T09:36:09.9289281+01:00" endTime="2023-12-22T09:36:10.1476802+01:00" testType="13cdc9d9-ddb5-4fa4-a97d-d965ccfc6d4b" outcome="Passed" testListId="8c84fa94-04c1-424b-9868-57a2d4851a1d" relativeResultsDirectory="6e1f851f-9b83-4f5b-a1f6-6040c0f4d5ba" />
    <UnitTestResult executionId="71e678ef-26bb-49fa-90de-a63d01a345af" testId="629bb24f-6cf3-8a21-f229-a005d9404e46" testName="LicenseCountManager_IsHardwareWithoutEnabledCamerasLicensed_ReturnsFalse_WhenAddLicensedHardwareCalledFirst_FreeLicense" computerName="DKSR-EFI-04" duration="00:00:00.0003018" startTime="2023-12-22T09:35:59.2257492+01:00" endTime="2023-12-22T09:35:59.2257492+01:00" testType="13cdc9d9-ddb5-4fa4-a97d-d965ccfc6d4b" outcome="Passed" testListId="8c84fa94-04c1-424b-9868-57a2d4851a1d" relativeResultsDirectory="71e678ef-26bb-49fa-90de-a63d01a345af" />
    <UnitTestResult executionId="e24a8712-50d3-4c02-b3f1-835a07c79cf7" testId="216eb622-996e-3dd1-fa4a-9ff72cc211bf" testName="ChannelLicenseCountManager_ReplacementHardware_ClearByRecorder_DoesNotChangeReplacementLimit_OnMultipleRecorders" computerName="DKSR-EFI-04" duration="00:00:00.0018994" startTime="2023-12-22T09:35:59.1163700+01:00" endTime="2023-12-22T09:35:59.1163700+01:00" testType="13cdc9d9-ddb5-4fa4-a97d-d965ccfc6d4b" outcome="Passed" testListId="8c84fa94-04c1-424b-9868-57a2d4851a1d" relativeResultsDirectory="e24a8712-50d3-4c02-b3f1-835a07c79cf7" />
    <UnitTestResult executionId="f43cea40-0f24-4ae4-8ec6-6252b7b69023" testId="20e55c18-53a2-de97-9c7c-7be4bc3878be" testName="UpdateHardwareTaskCommandHandler_Apply_NullExceptionCatch_Tests" computerName="DKSR-EFI-04" duration="00:00:00.0552728" startTime="2023-12-22T09:36:44.4603608+01:00" endTime="2023-12-22T09:36:44.5072377+01:00" testType="13cdc9d9-ddb5-4fa4-a97d-d965ccfc6d4b" outcome="Passed" testListId="8c84fa94-04c1-424b-9868-57a2d4851a1d" relativeResultsDirectory="f43cea40-0f24-4ae4-8ec6-6252b7b69023" />
    <UnitTestResult executionId="9c7ceeab-3335-4d15-bb81-54d24abbb94e" testId="f5dfafa0-a1b3-9bb5-02eb-b8571a3c70a5" testName="EvidenceLockOnOldRecorderCommandHandlerTests_OldRecV2_ConfigDelete1Row_FailSendComd" computerName="DKSR-EFI-04" duration="00:00:00.0649803" startTime="2023-12-22T09:36:19.3039783+01:00" endTime="2023-12-22T09:36:19.3664772+01:00" testType="13cdc9d9-ddb5-4fa4-a97d-d965ccfc6d4b" outcome="Passed" testListId="8c84fa94-04c1-424b-9868-57a2d4851a1d" relativeResultsDirectory="9c7ceeab-3335-4d15-bb81-54d24abbb94e" />
    <UnitTestResult executionId="6a2e494c-bb61-4f16-a521-289b29f92d87" testId="52c0ab65-e1f5-1853-43a3-02e5f831ed28" testName="DeviceLicense_RetrieveExpireDate_AsUtcDateTime_Valid" computerName="DKSR-EFI-04" duration="00:00:00.0005657" startTime="2023-12-22T09:36:15.6945827+01:00" endTime="2023-12-22T09:36:15.6945827+01:00" testType="13cdc9d9-ddb5-4fa4-a97d-d965ccfc6d4b" outcome="Passed" testListId="8c84fa94-04c1-424b-9868-57a2d4851a1d" relativeResultsDirectory="6a2e494c-bb61-4f16-a521-289b29f92d87" />
    <UnitTestResult executionId="3851ac06-c36b-43d4-83e3-b18d7568cc34" testId="fc08aca4-7adf-3c9b-7a36-f0888daf70b8" testName="NewActivationQueued_InAdvance_OnFailedActivation" computerName="DKSR-EFI-04" duration="00:00:00.0006006" startTime="2023-12-22T09:34:54.2879070+01:00" endTime="2023-12-22T09:34:54.2879070+01:00" testType="13cdc9d9-ddb5-4fa4-a97d-d965ccfc6d4b" outcome="Passed" testListId="8c84fa94-04c1-424b-9868-57a2d4851a1d" relativeResultsDirectory="3851ac06-c36b-43d4-83e3-b18d7568cc34" />
    <UnitTestResult executionId="cfd3e5a4-ca26-47ab-9c31-c69273888fc1" testId="426a626f-f337-b0a2-711d-d411188afc7d" testName="GetHardwareUsersCommandHandler_Execute_RecorderNotConnected_ReturnsRecorderUnavailableResponse" computerName="DKSR-EFI-04" duration="00:00:00.0009220" startTime="2023-12-22T09:36:19.8196049+01:00" endTime="2023-12-22T09:36:19.8196049+01:00" testType="13cdc9d9-ddb5-4fa4-a97d-d965ccfc6d4b" outcome="Passed" testListId="8c84fa94-04c1-424b-9868-57a2d4851a1d" relativeResultsDirectory="cfd3e5a4-ca26-47ab-9c31-c69273888fc1" />
    <UnitTestResult executionId="4f12572e-5bb8-45ca-ba99-1942e96f7156" testId="5587b530-a160-aaf8-5514-63c972d7eb37" testName="HardwareScanExpressTaskCommandHandler_Execute_DriverNotFound_FailResponse" computerName="DKSR-EFI-04" duration="00:00:00.0015918" startTime="2023-12-22T09:36:19.9914829+01:00" endTime="2023-12-22T09:36:19.9914829+01:00" testType="13cdc9d9-ddb5-4fa4-a97d-d965ccfc6d4b" outcome="Passed" testListId="8c84fa94-04c1-424b-9868-57a2d4851a1d" relativeResultsDirectory="4f12572e-5bb8-45ca-ba99-1942e96f7156" />
    <UnitTestResult executionId="d9d82e7a-a799-4c1c-be3a-22558b5d9a05" testId="8402c0e3-b6c7-2078-2393-e75d1e1013c0" testName="LicenseCountManager_ValidateRelatedRecordingServerLicenses_IdentifiesRecordersRequiringUpdate_WhenCWAExceeded_Success" computerName="DKSR-EFI-04" duration="00:00:00.0112186" startTime="2023-12-22T09:35:59.2569999+01:00" endTime="2023-12-22T09:35:59.2726231+01:00" testType="13cdc9d9-ddb5-4fa4-a97d-d965ccfc6d4b" outcome="Passed" testListId="8c84fa94-04c1-424b-9868-57a2d4851a1d" relativeResultsDirectory="d9d82e7a-a799-4c1c-be3a-22558b5d9a05" />
    <UnitTestResult executionId="b06b2a43-eb67-4cbe-b75d-80ae8105f61b" testId="e55c72c3-3747-9285-e55b-eaba84acd6bb" testName="GetRecorderLicense_CameraDevicesAreInRecorderLicense_OnChannelLicensing" computerName="DKSR-EFI-04" duration="00:00:00.1110610" startTime="2023-12-22T09:36:08.6007978+01:00" endTime="2023-12-22T09:36:08.7101728+01:00" testType="13cdc9d9-ddb5-4fa4-a97d-d965ccfc6d4b" outcome="Passed" testListId="8c84fa94-04c1-424b-9868-57a2d4851a1d" relativeResultsDirectory="b06b2a43-eb67-4cbe-b75d-80ae8105f61b" />
    <UnitTestResult executionId="66ce1d71-836f-4706-bcba-5c654e48ef01" testId="6bd5b1f8-f899-7ea6-5da0-57f14ba99ccc" testName="IsActivationQueued_IsFalse_Initially" computerName="DKSR-EFI-04" duration="00:00:00.0001448" startTime="2023-12-22T09:34:54.2566571+01:00" endTime="2023-12-22T09:34:54.2566571+01:00" testType="13cdc9d9-ddb5-4fa4-a97d-d965ccfc6d4b" outcome="Passed" testListId="8c84fa94-04c1-424b-9868-57a2d4851a1d" relativeResultsDirectory="66ce1d71-836f-4706-bcba-5c654e48ef01" />
    <UnitTestResult executionId="b82ffe20-1efe-44f0-acbb-50dc61d6ba08" testId="d50f9ca3-b3cf-636c-b4c2-526896010b2a" testName="UpdateHardwareTaskCommandHandler_Execute_MissingHardware_Tests" computerName="DKSR-EFI-04" duration="00:00:00.0266407" startTime="2023-12-22T09:36:43.7572315+01:00" endTime="2023-12-22T09:36:43.7884821+01:00" testType="13cdc9d9-ddb5-4fa4-a97d-d965ccfc6d4b" outcome="Passed" testListId="8c84fa94-04c1-424b-9868-57a2d4851a1d" relativeResultsDirectory="b82ffe20-1efe-44f0-acbb-50dc61d6ba08" />
    <UnitTestResult executionId="28d9f525-36f8-40e4-bf34-9582f10477b4" testId="35fe1dca-2f94-08b8-6459-0442542f526e" testName="PtzReserveSessionResponse_ModelIsNull_BadRequestResult" computerName="DKSR-EFI-04" duration="00:00:00.0007687" startTime="2023-12-22T09:34:00.9438894+01:00" endTime="2023-12-22T09:34:00.9438894+01:00" testType="13cdc9d9-ddb5-4fa4-a97d-d965ccfc6d4b" outcome="Passed" testListId="8c84fa94-04c1-424b-9868-57a2d4851a1d" relativeResultsDirectory="28d9f525-36f8-40e4-bf34-9582f10477b4" />
    <UnitTestResult executionId="8e0e1b69-a373-486b-96bf-8d3f59654505" testId="6e365ffd-7cd6-2155-302c-116777d6078a" testName="SetRecorderSpecificConfiguration_JsonSerializeDesirialize_Success" computerName="DKSR-EFI-04" duration="00:00:00.4714570" startTime="2023-12-22T09:33:59.8032580+01:00" endTime="2023-12-22T09:34:00.2720113+01:00" testType="13cdc9d9-ddb5-4fa4-a97d-d965ccfc6d4b" outcome="Passed" testListId="8c84fa94-04c1-424b-9868-57a2d4851a1d" relativeResultsDirectory="8e0e1b69-a373-486b-96bf-8d3f59654505" />
    <UnitTestResult executionId="2fa2c442-3588-4e1d-a789-928e6490616e" testId="dfa05749-3f41-1990-642d-87f7f0ef5bf7" testName="MultiSite_ChannelBased_SameHardwareAndDevicesOn2Recorders_NotWhitelisted_AllCamerasDisabled_ConsumesNoExtraLicenses" computerName="DKSR-EFI-04" duration="00:00:00.2466367" startTime="2023-12-22T09:35:54.2882194+01:00" endTime="2023-12-22T09:35:54.5389230+01:00" testType="13cdc9d9-ddb5-4fa4-a97d-d965ccfc6d4b" outcome="Passed" testListId="8c84fa94-04c1-424b-9868-57a2d4851a1d" relativeResultsDirectory="2fa2c442-3588-4e1d-a789-928e6490616e" />
    <UnitTestResult executionId="16d7722e-bed1-4eb2-95e9-d79bf08cc31a" testId="6085aa4f-8ca0-af22-f1de-7c679d2332fb" testName="HardwareInCWANotOnWhiteList_ReplacedWithNoInheritance_HardwareNotOnWhiteList_MixedCWAAllowed_FewerChannelsOnReplacedHardware_SomeDevicesInCWA" computerName="DKSR-EFI-04" duration="00:00:00.2661613" startTime="2023-12-22T09:35:25.9755708+01:00" endTime="2023-12-22T09:35:26.2411975+01:00" testType="13cdc9d9-ddb5-4fa4-a97d-d965ccfc6d4b" outcome="Passed" testListId="8c84fa94-04c1-424b-9868-57a2d4851a1d" relativeResultsDirectory="16d7722e-bed1-4eb2-95e9-d79bf08cc31a" />
    <UnitTestResult executionId="bc708ec6-d367-4b45-b78a-0e8af6d2cd7f" testId="6b29d7a2-aa0e-5535-a006-1187f35912c4" testName="HardwareInCWAOnWhiteList_ReplacedWithInheritance_HardwareOnWhiteList_CWAAllowed_NewHardwareInCWA" computerName="DKSR-EFI-04" duration="00:00:00.2460757" startTime="2023-12-22T09:35:14.4598868+01:00" endTime="2023-12-22T09:35:14.7098889+01:00" testType="13cdc9d9-ddb5-4fa4-a97d-d965ccfc6d4b" outcome="Passed" testListId="8c84fa94-04c1-424b-9868-57a2d4851a1d" relativeResultsDirectory="bc708ec6-d367-4b45-b78a-0e8af6d2cd7f" />
    <UnitTestResult executionId="420163fa-1a01-4c27-9afc-7aab23fb309e" testId="bfdadc3c-37bb-0ffa-7e83-c4c3b6dca485" testName="ReplaceHardwareCommandHandler_Execute_Null_Tests" computerName="DKSR-EFI-04" duration="00:00:00.0188806" startTime="2023-12-22T09:36:26.4758893+01:00" endTime="2023-12-22T09:36:26.4915151+01:00" testType="13cdc9d9-ddb5-4fa4-a97d-d965ccfc6d4b" outcome="Passed" testListId="8c84fa94-04c1-424b-9868-57a2d4851a1d" relativeResultsDirectory="420163fa-1a01-4c27-9afc-7aab23fb309e" />
    <UnitTestResult executionId="adb1a135-309b-471e-af8d-fc505b9ef2e7" testId="e6811246-bbd2-f90b-6c77-9e70a20e3b20" testName="SetRecorderSpecificConfiguration_ModelIsValid_RecorderNotFoundException" computerName="DKSR-EFI-04" duration="00:00:00.0056767" startTime="2023-12-22T09:33:59.7720079+01:00" endTime="2023-12-22T09:33:59.7876332+01:00" testType="13cdc9d9-ddb5-4fa4-a97d-d965ccfc6d4b" outcome="Passed" testListId="8c84fa94-04c1-424b-9868-57a2d4851a1d" relativeResultsDirectory="adb1a135-309b-471e-af8d-fc505b9ef2e7" />
    <UnitTestResult executionId="873a6196-8e8f-4e87-a547-2a4e3f734bc0" testId="cc08e950-8ecb-5d66-b17d-66c1b10f4d28" testName="CheckExternalRecorderRegistrationCommandHandler_Execute_ReturnsFailResponseOnEmptyRecorderId" computerName="DKSR-EFI-04" duration="00:00:00.0008771" startTime="2023-12-22T09:36:16.4602110+01:00" endTime="2023-12-22T09:36:16.4602110+01:00" testType="13cdc9d9-ddb5-4fa4-a97d-d965ccfc6d4b" outcome="Passed" testListId="8c84fa94-04c1-424b-9868-57a2d4851a1d" relativeResultsDirectory="873a6196-8e8f-4e87-a547-2a4e3f734bc0" />
    <UnitTestResult executionId="c76a0f90-bfc3-48f9-879f-0ccfb563c755" testId="65d20a92-4d98-d428-9f1a-926b24f88e67" testName="HardwareActivatedNotOnWhiteList_NoCameraChannels_ReplacedWith_HardwareNotOnWhiteList_WithCameraChannelsInCWA" computerName="DKSR-EFI-04" duration="00:00:00.2251106" startTime="2023-12-22T09:35:34.2724893+01:00" endTime="2023-12-22T09:35:34.5068659+01:00" testType="13cdc9d9-ddb5-4fa4-a97d-d965ccfc6d4b" outcome="Passed" testListId="8c84fa94-04c1-424b-9868-57a2d4851a1d" relativeResultsDirectory="c76a0f90-bfc3-48f9-879f-0ccfb563c755" />
    <UnitTestResult executionId="8dc78f24-874b-4de4-85ed-a6eab629e5c5" testId="b3d6dfb1-c90a-f7a8-257d-c548fecb026b" testName="AllocateLicenses_FiveLicenses_7HardwareOnWhitelist_1Activated_4CWA_2Unlicensed" computerName="DKSR-EFI-04" duration="00:00:00.0541246" startTime="2023-12-22T09:35:41.6631551+01:00" endTime="2023-12-22T09:35:41.7100287+01:00" testType="13cdc9d9-ddb5-4fa4-a97d-d965ccfc6d4b" outcome="Passed" testListId="8c84fa94-04c1-424b-9868-57a2d4851a1d" relativeResultsDirectory="8dc78f24-874b-4de4-85ed-a6eab629e5c5" />
    <UnitTestResult executionId="ceeb24cf-7a20-455a-8b85-b34517a66abd" testId="4bce812a-4918-86c6-8b3b-eb1449713531" testName="ExecuteMipActionCommand_ModelIsNull_BadRequestResult" computerName="DKSR-EFI-04" duration="00:00:00.0008964" startTime="2023-12-22T09:34:00.4282634+01:00" endTime="2023-12-22T09:34:00.4438847+01:00" testType="13cdc9d9-ddb5-4fa4-a97d-d965ccfc6d4b" outcome="Passed" testListId="8c84fa94-04c1-424b-9868-57a2d4851a1d" relativeResultsDirectory="ceeb24cf-7a20-455a-8b85-b34517a66abd" />
    <UnitTestResult executionId="02625237-a110-48c8-885a-aa48d32e2153" testId="8a421678-ea17-08c5-7f74-f5f0fa3d8820" testName="HardwareInCWANotOnWhiteList_ReplacedWithInheritance_HardwareOnWhiteList_CWAAllowed_MoreChannelsOnReplacedHardware_NewHardwareInCWA" computerName="DKSR-EFI-04" duration="00:00:00.3404960" startTime="2023-12-22T09:35:23.3036839+01:00" endTime="2023-12-22T09:35:23.6474359+01:00" testType="13cdc9d9-ddb5-4fa4-a97d-d965ccfc6d4b" outcome="Passed" testListId="8c84fa94-04c1-424b-9868-57a2d4851a1d" relativeResultsDirectory="02625237-a110-48c8-885a-aa48d32e2153" />
    <UnitTestResult executionId="9b4d3aca-7b78-4dce-bb8b-b6a22dcc12a2" testId="943d231e-70f8-ceaa-0060-065fafdfea23" testName="UpdateLicense_AllocatesOneLicense_OnSameHwOnTwoRecordingServers" computerName="DKSR-EFI-04" duration="00:00:00.0685697" startTime="2023-12-22T09:36:09.3976724+01:00" endTime="2023-12-22T09:36:09.4758026+01:00" testType="13cdc9d9-ddb5-4fa4-a97d-d965ccfc6d4b" outcome="Passed" testListId="8c84fa94-04c1-424b-9868-57a2d4851a1d" relativeResultsDirectory="9b4d3aca-7b78-4dce-bb8b-b6a22dcc12a2" />
    <UnitTestResult executionId="6196eff5-a426-4b5b-a5a0-2109f8de1696" testId="6699914d-cf53-e9b3-e712-5eb151f64c53" testName="AllocateLicenses_NotActivated_TwoDevices_FiveEnabledCameraChannels_LicenseCountFive_HardwareWithNoCamera" computerName="DKSR-EFI-04" duration="00:00:00.1418174" startTime="2023-12-22T09:35:40.7256464+01:00" endTime="2023-12-22T09:35:40.8662769+01:00" testType="13cdc9d9-ddb5-4fa4-a97d-d965ccfc6d4b" outcome="Passed" testListId="8c84fa94-04c1-424b-9868-57a2d4851a1d" relativeResultsDirectory="6196eff5-a426-4b5b-a5a0-2109f8de1696" />
    <UnitTestResult executionId="16bfc451-cab9-4300-af68-877050be5a74" testId="4ce356b1-833a-a919-32db-7ded81a981f9" testName="ServerFileSystemResponseCreateDirectory_ModelIsNull_BadRequestResult" computerName="DKSR-EFI-04" duration="00:00:00.0005198" startTime="2023-12-22T09:34:01.0688920+01:00" endTime="2023-12-22T09:34:01.0688920+01:00" testType="13cdc9d9-ddb5-4fa4-a97d-d965ccfc6d4b" outcome="Passed" testListId="8c84fa94-04c1-424b-9868-57a2d4851a1d" relativeResultsDirectory="16bfc451-cab9-4300-af68-877050be5a74" />
    <UnitTestResult executionId="93915909-1601-4db0-bb33-be057b80be60" testId="c8afef79-65b0-1683-4cbc-9b83cadd0fef" testName="HardwareScanTaskCommandHandler_Execute_UnexpectedResponse_FailResponse" computerName="DKSR-EFI-04" duration="00:00:00.0009945" startTime="2023-12-22T09:36:20.1633579+01:00" endTime="2023-12-22T09:36:20.1633579+01:00" testType="13cdc9d9-ddb5-4fa4-a97d-d965ccfc6d4b" outcome="Passed" testListId="8c84fa94-04c1-424b-9868-57a2d4851a1d" relativeResultsDirectory="93915909-1601-4db0-bb33-be057b80be60" />
    <UnitTestResult executionId="e6e63d29-1fce-4780-b6f5-22f60d04a049" testId="71de4ac0-9031-ba04-0c57-40401b810912" testName="WriteRecordingServerInformation_InvalidParameter_MacAddress_EmptyString_ThrowsArgumentNullException" computerName="DKSR-EFI-04" duration="00:00:00.0026551" startTime="2023-12-22T09:36:15.0539550+01:00" endTime="2023-12-22T09:36:15.0539550+01:00" testType="13cdc9d9-ddb5-4fa4-a97d-d965ccfc6d4b" outcome="Passed" testListId="8c84fa94-04c1-424b-9868-57a2d4851a1d" relativeResultsDirectory="e6e63d29-1fce-4780-b6f5-22f60d04a049" />
    <UnitTestResult executionId="b7295e7d-db35-49cf-9efd-1d89addd1352" testId="d3e7b745-fba1-99e9-2577-7f83368c489c" testName="DeviceLicense_AddNullLicense_Throws_ArgumentNullException" computerName="DKSR-EFI-04" duration="00:00:00.0006697" startTime="2023-12-22T09:36:15.6633320+01:00" endTime="2023-12-22T09:36:15.6789582+01:00" testType="13cdc9d9-ddb5-4fa4-a97d-d965ccfc6d4b" outcome="Passed" testListId="8c84fa94-04c1-424b-9868-57a2d4851a1d" relativeResultsDirectory="b7295e7d-db35-49cf-9efd-1d89addd1352" />
    <UnitTestResult executionId="789e99d6-3468-43f7-990c-a28d0977c93c" testId="0124a6f9-08ac-d872-38e7-fc6c4d6e0a01" testName="SetHardwareNetworkSettingsCommandHandler_Execute_RecorderNotConnected_ReturnsRecorderUnavailableResponse" computerName="DKSR-EFI-04" duration="00:00:00.0009055" startTime="2023-12-22T09:36:28.1790271+01:00" endTime="2023-12-22T09:36:28.1790271+01:00" testType="13cdc9d9-ddb5-4fa4-a97d-d965ccfc6d4b" outcome="Passed" testListId="8c84fa94-04c1-424b-9868-57a2d4851a1d" relativeResultsDirectory="789e99d6-3468-43f7-990c-a28d0977c93c" />
    <UnitTestResult executionId="26a75172-5f12-4c10-a285-2ec31f01a092" testId="7c8cb038-7e94-7f42-de87-be4e137d2449" testName="LicenseCountManager_ReplacementHardware_AddSuccess" computerName="DKSR-EFI-04" duration="00:00:00.0007024" startTime="2023-12-22T09:35:59.3663711+01:00" endTime="2023-12-22T09:35:59.3663711+01:00" testType="13cdc9d9-ddb5-4fa4-a97d-d965ccfc6d4b" outcome="Passed" testListId="8c84fa94-04c1-424b-9868-57a2d4851a1d" relativeResultsDirectory="26a75172-5f12-4c10-a285-2ec31f01a092" />
    <UnitTestResult executionId="028abeb4-a3f2-4a48-a669-a7efe57d7190" testId="d1cedfa6-3d69-8af4-742b-10c2d29f60b0" testName="RegisterHotstandByFailoverRecorder_WatchingRecorderRunning_Success" computerName="DKSR-EFI-04" duration="00:00:00.0015504" startTime="2023-12-22T09:34:01.2563929+01:00" endTime="2023-12-22T09:34:01.2563929+01:00" testType="13cdc9d9-ddb5-4fa4-a97d-d965ccfc6d4b" outcome="Passed" testListId="8c84fa94-04c1-424b-9868-57a2d4851a1d" relativeResultsDirectory="028abeb4-a3f2-4a48-a669-a7efe57d7190" />
    <UnitTestResult executionId="3b8f3058-aec2-4302-bf5a-d6eda8c75b4b" testId="d0f0983a-faa8-8216-a397-86e0a0891d1b" testName="CreateInstance_InvalidArgumentIServerManagement_ThrowsArgumentNullException" computerName="DKSR-EFI-04" duration="00:00:00.0019653" startTime="2023-12-22T09:36:01.0695065+01:00" endTime="2023-12-22T09:36:01.0695065+01:00" testType="13cdc9d9-ddb5-4fa4-a97d-d965ccfc6d4b" outcome="Passed" testListId="8c84fa94-04c1-424b-9868-57a2d4851a1d" relativeResultsDirectory="3b8f3058-aec2-4302-bf5a-d6eda8c75b4b" />
    <UnitTestResult executionId="ed8c1f5d-95a1-462c-beb9-a0b4a34fd22c" testId="c97290e4-269e-652d-16ee-10a9916c872c" testName="LicenseCountManager_GetHardwareUsedOnSite_Success" computerName="DKSR-EFI-04" duration="00:00:00.0009782" startTime="2023-12-22T09:35:59.3194959+01:00" endTime="2023-12-22T09:35:59.3194959+01:00" testType="13cdc9d9-ddb5-4fa4-a97d-d965ccfc6d4b" outcome="Passed" testListId="8c84fa94-04c1-424b-9868-57a2d4851a1d" relativeResultsDirectory="ed8c1f5d-95a1-462c-beb9-a0b4a34fd22c" />
    <UnitTestResult executionId="ce92b2b3-de17-411a-885e-8dbf28340807" testId="52ae5aec-9df8-776c-3d9e-043bf189964e" testName="AllocateLicenses_HardwareWith5CamerasAndOtherDevices_ShouldCount5InGrace_ThenDisablingCameras_ShouldCount1InGrace_OnZeroCWALicense" computerName="DKSR-EFI-04" duration="00:00:00.1927918" startTime="2023-12-22T09:35:43.2569105+01:00" endTime="2023-12-22T09:35:43.4600357+01:00" testType="13cdc9d9-ddb5-4fa4-a97d-d965ccfc6d4b" outcome="Passed" testListId="8c84fa94-04c1-424b-9868-57a2d4851a1d" relativeResultsDirectory="ce92b2b3-de17-411a-885e-8dbf28340807" />
    <UnitTestResult executionId="31db617c-1bdd-42d6-896e-8e1acd904e19" testId="d174d9ab-5f04-f35d-71e6-14ba0870789b" testName="Get_TokenIsNull_BadRequestResult" computerName="DKSR-EFI-04" duration="00:00:00.0008213" startTime="2023-12-22T09:34:01.5220171+01:00" endTime="2023-12-22T09:34:01.5220171+01:00" testType="13cdc9d9-ddb5-4fa4-a97d-d965ccfc6d4b" outcome="Passed" testListId="8c84fa94-04c1-424b-9868-57a2d4851a1d" relativeResultsDirectory="31db617c-1bdd-42d6-896e-8e1acd904e19" />
    <UnitTestResult executionId="b096212b-cbe4-40ad-8bff-eb0508f473f6" testId="8506cb6c-8938-173e-a9b6-87ebf73ac192" testName="DeleteHardwareTaskCommandHandler_Execute_Failed_NoResponse" computerName="DKSR-EFI-04" duration="00:00:00.0008327" startTime="2023-12-22T09:36:18.5227226+01:00" endTime="2023-12-22T09:36:18.5227226+01:00" testType="13cdc9d9-ddb5-4fa4-a97d-d965ccfc6d4b" outcome="Passed" testListId="8c84fa94-04c1-424b-9868-57a2d4851a1d" relativeResultsDirectory="b096212b-cbe4-40ad-8bff-eb0508f473f6" />
    <UnitTestResult executionId="8eebc9b2-dc8c-4c32-9a1b-c55b5a78d6e6" testId="46c74980-8a1e-d86d-57a7-e63c9b00729d" testName="WriteRecordingServerInformation_InvalidParameter_TextWriter_Null_ThrowsArgumentNullException" computerName="DKSR-EFI-04" duration="00:00:00.0031056" startTime="2023-12-22T09:36:15.0383314+01:00" endTime="2023-12-22T09:36:15.0383314+01:00" testType="13cdc9d9-ddb5-4fa4-a97d-d965ccfc6d4b" outcome="Passed" testListId="8c84fa94-04c1-424b-9868-57a2d4851a1d" relativeResultsDirectory="8eebc9b2-dc8c-4c32-9a1b-c55b5a78d6e6" />
    <UnitTestResult executionId="0e84f857-4978-49ed-86f3-e19edf50a32f" testId="9686328b-869b-3d6e-7e6c-81be6a7d864b" testName="AllocateLicenses_NotActivated_TwoDevice_SixCameraChannels_FiveGrace_NotEnoughLicensesForDevices" computerName="DKSR-EFI-04" duration="00:00:00.1000562" startTime="2023-12-22T09:35:36.1787505+01:00" endTime="2023-12-22T09:35:36.2881240+01:00" testType="13cdc9d9-ddb5-4fa4-a97d-d965ccfc6d4b" outcome="Passed" testListId="8c84fa94-04c1-424b-9868-57a2d4851a1d" relativeResultsDirectory="0e84f857-4978-49ed-86f3-e19edf50a32f" />
    <UnitTestResult executionId="50786fb3-c9fa-4fff-804d-1aa917dce1e8" testId="b566d2d3-171b-83da-eaa9-a57989214de3" testName="FirmwareUpgradeTaskCommandHandler_Execute_Succeeded_FileExists" computerName="DKSR-EFI-04" duration="00:00:00.0017906" startTime="2023-12-22T09:36:19.6789810+01:00" endTime="2023-12-22T09:36:19.6789810+01:00" testType="13cdc9d9-ddb5-4fa4-a97d-d965ccfc6d4b" outcome="Passed" testListId="8c84fa94-04c1-424b-9868-57a2d4851a1d" relativeResultsDirectory="50786fb3-c9fa-4fff-804d-1aa917dce1e8" />
    <UnitTestResult executionId="da13130d-8b8a-4455-9ae5-c5e04a695344" testId="6822bf18-105f-77ff-8eac-b0428e8c9310" testName="AllocateLicenses_2HardwareWithCameraInGrace1HardwareWithNoCameraUnlicensed" computerName="DKSR-EFI-04" duration="00:00:00.0453195" startTime="2023-12-22T09:35:38.8037652+01:00" endTime="2023-12-22T09:35:38.8506398+01:00" testType="13cdc9d9-ddb5-4fa4-a97d-d965ccfc6d4b" outcome="Passed" testListId="8c84fa94-04c1-424b-9868-57a2d4851a1d" relativeResultsDirectory="da13130d-8b8a-4455-9ae5-c5e04a695344" />
    <UnitTestResult executionId="cdabe6e9-1b47-4c46-9d60-2c03d9758b53" testId="544a4964-32de-20f8-1685-514d0b05fbbf" testName="DeviceLicense_InsertThenUpdate_ShouldRemainWithInsertFlag" computerName="DKSR-EFI-04" duration="00:00:00.0007285" startTime="2023-12-22T09:36:15.7102077+01:00" endTime="2023-12-22T09:36:15.7102077+01:00" testType="13cdc9d9-ddb5-4fa4-a97d-d965ccfc6d4b" outcome="Passed" testListId="8c84fa94-04c1-424b-9868-57a2d4851a1d" relativeResultsDirectory="cdabe6e9-1b47-4c46-9d60-2c03d9758b53" />
    <UnitTestResult executionId="9c33e8e1-64a0-4b3c-94f7-85842c8180d8" testId="06d666ec-6a35-dae8-af59-087f0d776742" testName="HardwareInCWAOnWhiteList_ReplacedWithNoInheritance_HardwareNotOnWhiteList_CWAAllowed_NewHardwareInCWA" computerName="DKSR-EFI-04" duration="00:00:00.1727831" startTime="2023-12-22T09:35:09.9911144+01:00" endTime="2023-12-22T09:35:10.1629882+01:00" testType="13cdc9d9-ddb5-4fa4-a97d-d965ccfc6d4b" outcome="Passed" testListId="8c84fa94-04c1-424b-9868-57a2d4851a1d" relativeResultsDirectory="9c33e8e1-64a0-4b3c-94f7-85842c8180d8" />
    <UnitTestResult executionId="225e7462-e2b5-4220-836f-7be759d07725" testId="f793553c-5e8d-2585-ec4b-6c1aa03e7866" testName="UpdateEvidenceLockSizesCommandHandlerTests_UpdateOneEvidenceLockSize_RecorderHasReturnedWithPositiveSizes_SuccessResponse" computerName="DKSR-EFI-04" duration="00:00:02.1214085" startTime="2023-12-22T09:36:38.8665839+01:00" endTime="2023-12-22T09:36:40.9915921+01:00" testType="13cdc9d9-ddb5-4fa4-a97d-d965ccfc6d4b" outcome="Passed" testListId="8c84fa94-04c1-424b-9868-57a2d4851a1d" relativeResultsDirectory="225e7462-e2b5-4220-836f-7be759d07725" />
    <UnitTestResult executionId="b9858d09-fab0-491e-a291-0d81b6566db2" testId="28e7a5d1-8f44-1572-7795-74ddeb231fc9" testName="HardwareScanExpressTaskCommandHandler_Execute_UnknownError_FailResponse" computerName="DKSR-EFI-04" duration="00:00:00.0014211" startTime="2023-12-22T09:36:20.0227293+01:00" endTime="2023-12-22T09:36:20.0227293+01:00" testType="13cdc9d9-ddb5-4fa4-a97d-d965ccfc6d4b" outcome="Passed" testListId="8c84fa94-04c1-424b-9868-57a2d4851a1d" relativeResultsDirectory="b9858d09-fab0-491e-a291-0d81b6566db2" />
    <UnitTestResult executionId="b4fb7d07-47ff-4aab-bcce-30b575954514" testId="cf929bea-dbe0-dc86-944b-cf85676b735a" testName="HardwareInCWANotOnWhiteList_ReplacedWithNoInheritance_HardwareOnWhiteList_MixedCWAAllowed_NewHardwareInCWA" computerName="DKSR-EFI-04" duration="00:00:00.1205140" startTime="2023-12-22T09:35:11.1786218+01:00" endTime="2023-12-22T09:35:11.3036228+01:00" testType="13cdc9d9-ddb5-4fa4-a97d-d965ccfc6d4b" outcome="Passed" testListId="8c84fa94-04c1-424b-9868-57a2d4851a1d" relativeResultsDirectory="b4fb7d07-47ff-4aab-bcce-30b575954514" />
    <UnitTestResult executionId="28d27897-1e36-4698-95e3-9761fd429fe2" testId="a25814f3-d627-807b-5776-fa66c12c734e" testName="CalculateFeeds_Success_EmptyWhiteList_Interconnected_TwoDevices" computerName="DKSR-EFI-04" duration="00:00:00.0076068" startTime="2023-12-22T09:36:10.6164316+01:00" endTime="2023-12-22T09:36:10.6320560+01:00" testType="13cdc9d9-ddb5-4fa4-a97d-d965ccfc6d4b" outcome="Passed" testListId="8c84fa94-04c1-424b-9868-57a2d4851a1d" relativeResultsDirectory="28d27897-1e36-4698-95e3-9761fd429fe2" />
    <UnitTestResult executionId="c16a811e-5fd7-41a9-b17c-6ef8fa144e08" testId="148b85b3-208e-ea02-a66c-09452fde8ac2" testName="Monitor_CurrentStatusChanged_LocalAuthorizationError" computerName="DKSR-EFI-04" duration="00:00:00.0219356" startTime="2023-12-22T09:36:15.8195840+01:00" endTime="2023-12-22T09:36:15.8508333+01:00" testType="13cdc9d9-ddb5-4fa4-a97d-d965ccfc6d4b" outcome="Passed" testListId="8c84fa94-04c1-424b-9868-57a2d4851a1d" relativeResultsDirectory="c16a811e-5fd7-41a9-b17c-6ef8fa144e08" />
    <UnitTestResult executionId="120e083e-7fdf-44b0-8b97-6249cb107aa3" testId="16f28a98-6694-f574-09da-c04c7b04a14c" testName="HardwareInGraceNotOnWhiteList_ReplacedWith_HardwareNotOnWhiteList_ShouldGiveDevicesNewGracePeriod" computerName="DKSR-EFI-04" duration="00:00:00.1443368" startTime="2023-12-22T09:35:56.1007285+01:00" endTime="2023-12-22T09:35:56.2413544+01:00" testType="13cdc9d9-ddb5-4fa4-a97d-d965ccfc6d4b" outcome="Passed" testListId="8c84fa94-04c1-424b-9868-57a2d4851a1d" relativeResultsDirectory="120e083e-7fdf-44b0-8b97-6249cb107aa3" />
    <UnitTestResult executionId="f20cc823-f3ad-4bf8-839d-22e061d9d149" testId="21d94a4c-564b-6c81-53a1-9ad6328e5a7b" testName="LicenseInformation_ToXml_FromXml_CompareObjects" computerName="DKSR-EFI-04" duration="00:00:00.0130921" startTime="2023-12-22T09:35:59.7101237+01:00" endTime="2023-12-22T09:35:59.7257546+01:00" testType="13cdc9d9-ddb5-4fa4-a97d-d965ccfc6d4b" outcome="Passed" testListId="8c84fa94-04c1-424b-9868-57a2d4851a1d" relativeResultsDirectory="f20cc823-f3ad-4bf8-839d-22e061d9d149" />
    <UnitTestResult executionId="0865a468-7b3c-482d-9975-59e8150ffd31" testId="c7b41a4b-c669-1d15-4cb5-99bfc39f192e" testName="AnalyzeAndCreateAuditLogs_DeletedSecurityPermissionsDeviceRow_ReturnsOneAuditLog" computerName="DKSR-EFI-04" duration="00:00:00.0036567" startTime="2023-12-22T09:36:17.3977166+01:00" endTime="2023-12-22T09:36:17.3977166+01:00" testType="13cdc9d9-ddb5-4fa4-a97d-d965ccfc6d4b" outcome="Passed" testListId="8c84fa94-04c1-424b-9868-57a2d4851a1d" relativeResultsDirectory="0865a468-7b3c-482d-9975-59e8150ffd31" />
    <UnitTestResult executionId="83345815-6b6c-4fbb-ac5c-dbeecae17b26" testId="c8fe61a4-ad9e-b6e6-7de6-b3695545935e" testName="LicenseCountManager_IsHardwareWithoutEnabledCamerasLicensed_Throws_InvalidOperationException" computerName="DKSR-EFI-04" duration="00:00:00.0008925" startTime="2023-12-22T09:35:59.4132470+01:00" endTime="2023-12-22T09:35:59.4132470+01:00" testType="13cdc9d9-ddb5-4fa4-a97d-d965ccfc6d4b" outcome="Passed" testListId="8c84fa94-04c1-424b-9868-57a2d4851a1d" relativeResultsDirectory="83345815-6b6c-4fbb-ac5c-dbeecae17b26" />
    <UnitTestResult executionId="c03a61f4-3364-4182-9177-2b5ebf44065a" testId="2996350e-0593-3b86-206c-e0e20a3e8620" testName="GetTotalReplacementLimit_ReturnsMaximum_OnPercentageBigerThanMaximum" computerName="DKSR-EFI-04" duration="00:00:00.0001592" startTime="2023-12-22T09:36:15.7883334+01:00" endTime="2023-12-22T09:36:15.7883334+01:00" testType="13cdc9d9-ddb5-4fa4-a97d-d965ccfc6d4b" outcome="Passed" testListId="8c84fa94-04c1-424b-9868-57a2d4851a1d" relativeResultsDirectory="c03a61f4-3364-4182-9177-2b5ebf44065a" />
    <UnitTestResult executionId="08b1ecb5-6fa1-4959-86a4-a8a5c402a3db" testId="1eedc3ae-bd7e-7fcf-32b0-3aa7620ae920" testName="CreateLicenseInformationXml_Has1Expired_On1ExpiredHardwareNoCameras" computerName="DKSR-EFI-04" duration="00:00:00.0059477" startTime="2023-12-22T09:36:00.1320007+01:00" endTime="2023-12-22T09:36:00.1476255+01:00" testType="13cdc9d9-ddb5-4fa4-a97d-d965ccfc6d4b" outcome="Passed" testListId="8c84fa94-04c1-424b-9868-57a2d4851a1d" relativeResultsDirectory="08b1ecb5-6fa1-4959-86a4-a8a5c402a3db" />
    <UnitTestResult executionId="c02c9241-7049-43ef-98dd-1571136b0125" testId="b2a8fa97-d944-2ec8-2d6e-5ded43c50e24" testName="ChannelLicenseCountManager_AddLicensedHardware_Same_MAC_Twice_ArgumentException" computerName="DKSR-EFI-04" duration="00:00:00.0122752" startTime="2023-12-22T09:35:58.9444959+01:00" endTime="2023-12-22T09:35:58.9601197+01:00" testType="13cdc9d9-ddb5-4fa4-a97d-d965ccfc6d4b" outcome="Passed" testListId="8c84fa94-04c1-424b-9868-57a2d4851a1d" relativeResultsDirectory="c02c9241-7049-43ef-98dd-1571136b0125">
      <Output>
        <StdOut>Debug Trace:&#xD;
Fail: An entry is already registered for the mac address.</StdOut>
      </Output>
    </UnitTestResult>
    <UnitTestResult executionId="47e2d83f-e49c-43bc-82cc-7dc52d67d1a1" testId="4907f04c-b529-3215-1c18-a5d92d0dd57d" testName="RecorderTaskFailed_ModelIsNull_BadRequestResult" computerName="DKSR-EFI-04" duration="00:00:00.0006917" startTime="2023-12-22T09:34:00.6157609+01:00" endTime="2023-12-22T09:34:00.6157609+01:00" testType="13cdc9d9-ddb5-4fa4-a97d-d965ccfc6d4b" outcome="Passed" testListId="8c84fa94-04c1-424b-9868-57a2d4851a1d" relativeResultsDirectory="47e2d83f-e49c-43bc-82cc-7dc52d67d1a1" />
    <UnitTestResult executionId="551300ae-fc3a-467c-9899-a7a9715763ac" testId="95000700-54cd-aa4b-5aca-fefb237bd275" testName="AnalyzeAndCreateAuditLogs_AddedSecurityPermissionsDeviceRowWithDEVICESPEAKPRIORITYAtrributeDefaultPriority_ReturnsOneAuditLog" computerName="DKSR-EFI-04" duration="00:00:00.0028874" startTime="2023-12-22T09:36:17.4133415+01:00" endTime="2023-12-22T09:36:17.4133415+01:00" testType="13cdc9d9-ddb5-4fa4-a97d-d965ccfc6d4b" outcome="Passed" testListId="8c84fa94-04c1-424b-9868-57a2d4851a1d" relativeResultsDirectory="551300ae-fc3a-467c-9899-a7a9715763ac" />
    <UnitTestResult executionId="513e2523-c266-4e1d-9b94-399dfd8926f7" testId="6b975322-8492-fc70-99f0-bd37649983f1" testName="DeleteConfigurationItemCommandHandler_Execute_NoIds_Success" computerName="DKSR-EFI-04" duration="00:00:00.0095452" startTime="2023-12-22T09:36:17.6008439+01:00" endTime="2023-12-22T09:36:17.6008439+01:00" testType="13cdc9d9-ddb5-4fa4-a97d-d965ccfc6d4b" outcome="Passed" testListId="8c84fa94-04c1-424b-9868-57a2d4851a1d" relativeResultsDirectory="513e2523-c266-4e1d-9b94-399dfd8926f7" />
    <UnitTestResult executionId="fb67f1f1-5b4e-4b6c-8fef-bda8375e5a29" testId="4bac4ec9-6d51-14f7-9d28-3cf86c72f2dc" testName="ReportMediaStatusCommand_ModelValid_RecorderNotFoundException_Handled" computerName="DKSR-EFI-04" duration="00:00:00.0036919" startTime="2023-12-22T09:34:00.2720113+01:00" endTime="2023-12-22T09:34:00.2876346+01:00" testType="13cdc9d9-ddb5-4fa4-a97d-d965ccfc6d4b" outcome="Passed" testListId="8c84fa94-04c1-424b-9868-57a2d4851a1d" relativeResultsDirectory="fb67f1f1-5b4e-4b6c-8fef-bda8375e5a29" />
    <UnitTestResult executionId="d3a4c97d-0f2a-49a8-ab5d-c445508f79d7" testId="431c62db-9a6d-a27c-7f10-f5fa40a81866" testName="GetAbsolutePtzPositionResponse_ModelIsValid_CommandExecuted" computerName="DKSR-EFI-04" duration="00:00:00.0027555" startTime="2023-12-22T09:34:00.9126387+01:00" endTime="2023-12-22T09:34:00.9282655+01:00" testType="13cdc9d9-ddb5-4fa4-a97d-d965ccfc6d4b" outcome="Passed" testListId="8c84fa94-04c1-424b-9868-57a2d4851a1d" relativeResultsDirectory="d3a4c97d-0f2a-49a8-ab5d-c445508f79d7" />
    <UnitTestResult executionId="2f4500d4-f92a-4706-9a01-30a83e41b5d2" testId="e44fafea-f50e-d18a-def7-a264dfd08a2a" testName="Validate_LicenseCachingWorks_Success" computerName="DKSR-EFI-04" duration="00:00:00.0231332" startTime="2023-12-22T09:36:00.5538789+01:00" endTime="2023-12-22T09:36:00.5851589+01:00" testType="13cdc9d9-ddb5-4fa4-a97d-d965ccfc6d4b" outcome="Passed" testListId="8c84fa94-04c1-424b-9868-57a2d4851a1d" relativeResultsDirectory="2f4500d4-f92a-4706-9a01-30a83e41b5d2" />
    <UnitTestResult executionId="c373af95-ba71-49cb-a675-197b528632c4" testId="634a7857-4161-c208-2b7c-4392dc6f68a9" testName="EvidenceLockOnOldRecorderCommandHandlerTests_OldRecV1_ConfigEdit1RowExtra_Ignored" computerName="DKSR-EFI-04" duration="00:00:00.0184123" startTime="2023-12-22T09:36:19.0071019+01:00" endTime="2023-12-22T09:36:19.0227267+01:00" testType="13cdc9d9-ddb5-4fa4-a97d-d965ccfc6d4b" outcome="Passed" testListId="8c84fa94-04c1-424b-9868-57a2d4851a1d" relativeResultsDirectory="c373af95-ba71-49cb-a675-197b528632c4" />
    <UnitTestResult executionId="01e598fc-6f8a-4b39-b6e6-7f4137ec4bf8" testId="472e139f-f058-76a7-efaa-3690607ea4ee" testName="ValidateParameter_NullLicenseCount_Expect_ArgumentNullException" computerName="DKSR-EFI-04" duration="00:00:00.0052927" startTime="2023-12-22T09:35:35.8974984+01:00" endTime="2023-12-22T09:35:35.8974984+01:00" testType="13cdc9d9-ddb5-4fa4-a97d-d965ccfc6d4b" outcome="Passed" testListId="8c84fa94-04c1-424b-9868-57a2d4851a1d" relativeResultsDirectory="01e598fc-6f8a-4b39-b6e6-7f4137ec4bf8" />
    <UnitTestResult executionId="d2acffd8-6c5e-4e10-872f-5c4cf1af5df9" testId="38ca6103-72ab-8c78-9edf-28931b86d13c" testName="EvidenceLockOnOldRecorderCommandHandlerTests_OldRec_RetryOnFailResponse_ConfigDelete" computerName="DKSR-EFI-04" duration="00:00:00.0197337" startTime="2023-12-22T09:36:19.5383565+01:00" endTime="2023-12-22T09:36:19.5539827+01:00" testType="13cdc9d9-ddb5-4fa4-a97d-d965ccfc6d4b" outcome="Passed" testListId="8c84fa94-04c1-424b-9868-57a2d4851a1d" relativeResultsDirectory="d2acffd8-6c5e-4e10-872f-5c4cf1af5df9" />
    <UnitTestResult executionId="0a973038-2892-4ffb-9d60-4505fdab6f12" testId="d6d61d68-433a-498f-6484-e644581b7e25" testName="MultiSite_ChannelBased_SameHardwareAndDevicesOn2Recorders_NotWhitelisted_ConsumesNoExtraLicenses" computerName="DKSR-EFI-04" duration="00:00:00.0959403" startTime="2023-12-22T09:35:53.6944676+01:00" endTime="2023-12-22T09:35:53.8038428+01:00" testType="13cdc9d9-ddb5-4fa4-a97d-d965ccfc6d4b" outcome="Passed" testListId="8c84fa94-04c1-424b-9868-57a2d4851a1d" relativeResultsDirectory="0a973038-2892-4ffb-9d60-4505fdab6f12" />
    <UnitTestResult executionId="90988ad7-1653-43c6-8b38-9c5490543adf" testId="d845b233-ac5e-a167-2fe4-a3b1d9f6146c" testName="AnalyzeAndCreateAuditLogs_ModifiedSecurityPermissionsDeviceRowAllVariationsThatGiveAuditLog_ReturnsOneAuditLog" computerName="DKSR-EFI-04" duration="00:00:00.0210490" startTime="2023-12-22T09:36:17.3195925+01:00" endTime="2023-12-22T09:36:17.3352166+01:00" testType="13cdc9d9-ddb5-4fa4-a97d-d965ccfc6d4b" outcome="Passed" testListId="8c84fa94-04c1-424b-9868-57a2d4851a1d" relativeResultsDirectory="90988ad7-1653-43c6-8b38-9c5490543adf" />
    <UnitTestResult executionId="c911111a-7eda-404c-969b-5d42d619007b" testId="d8163710-1b5a-3346-13fe-885c38e1ff86" testName="HardwareInGraceOnWhiteList_ReplacedWithNoInheritance_HardwareOnWhiteList_ShouldGiveHardwareNewGracePeriod" computerName="DKSR-EFI-04" duration="00:00:00.4252004" startTime="2023-12-22T09:35:57.0069846+01:00" endTime="2023-12-22T09:35:57.4288605+01:00" testType="13cdc9d9-ddb5-4fa4-a97d-d965ccfc6d4b" outcome="Passed" testListId="8c84fa94-04c1-424b-9868-57a2d4851a1d" relativeResultsDirectory="c911111a-7eda-404c-969b-5d42d619007b" />
    <UnitTestResult executionId="b025b167-7630-42e2-be3b-6ca047b15a61" testId="dcfd8f0d-745d-ff66-5f0e-7d5891999256" testName="DetachRecorder_Valid_Executed" computerName="DKSR-EFI-04" duration="00:00:00.0011602" startTime="2023-12-22T09:34:01.4751413+01:00" endTime="2023-12-22T09:34:01.4751413+01:00" testType="13cdc9d9-ddb5-4fa4-a97d-d965ccfc6d4b" outcome="Passed" testListId="8c84fa94-04c1-424b-9868-57a2d4851a1d" relativeResultsDirectory="b025b167-7630-42e2-be3b-6ca047b15a61" />
    <UnitTestResult executionId="6e6cc7e1-893c-4646-b963-07db87e05ad7" testId="72c070c1-f7a1-048d-ac24-be0b04f5eb09" testName="SnapshotOfCurrentHardwareToLicense_ClearsStoredValues_OnBeingCalledTwice" computerName="DKSR-EFI-04" duration="00:00:00.8190328" startTime="2023-12-22T09:36:10.9133100+01:00" endTime="2023-12-22T09:36:11.7258123+01:00" testType="13cdc9d9-ddb5-4fa4-a97d-d965ccfc6d4b" outcome="Passed" testListId="8c84fa94-04c1-424b-9868-57a2d4851a1d" relativeResultsDirectory="6e6cc7e1-893c-4646-b963-07db87e05ad7" />
    <UnitTestResult executionId="6e364cea-bce6-414f-9ece-4ba73b19872b" testId="74525c1f-6ef5-b5b3-beab-b61e35c5c5b8" testName="AnalyzeAndCreateAuditLogs_ModifiedSecurityPermissionsDeviceRowWithDEVICESPEAKPRIORITYAtrribute_ReturnsOneAuditLog" computerName="DKSR-EFI-04" duration="00:00:00.0040797" startTime="2023-12-22T09:36:17.4289671+01:00" endTime="2023-12-22T09:36:17.4289671+01:00" testType="13cdc9d9-ddb5-4fa4-a97d-d965ccfc6d4b" outcome="Passed" testListId="8c84fa94-04c1-424b-9868-57a2d4851a1d" relativeResultsDirectory="6e364cea-bce6-414f-9ece-4ba73b19872b" />
    <UnitTestResult executionId="566dc54f-15b7-4cca-8418-193e80e210c2" testId="b74e57f7-d221-4f98-4319-b83e29d3b4e6" testName="CleanUp_FreeClients_TimerNotStopped" computerName="DKSR-EFI-04" duration="00:00:00.0008922" startTime="2023-12-22T09:36:45.0228651+01:00" endTime="2023-12-22T09:36:45.0228651+01:00" testType="13cdc9d9-ddb5-4fa4-a97d-d965ccfc6d4b" outcome="Passed" testListId="8c84fa94-04c1-424b-9868-57a2d4851a1d" relativeResultsDirectory="566dc54f-15b7-4cca-8418-193e80e210c2" />
    <UnitTestResult executionId="53db9a8f-3673-4824-ab41-d372a4839bef" testId="05b6e2a1-5d8b-3f06-4e0d-a13dcae334b4" testName="QueueAutomaticActivation_DoesNotPostponeActivation_OnActivationInQueue" computerName="DKSR-EFI-04" duration="00:00:00.0005990" startTime="2023-12-22T09:35:01.6316965+01:00" endTime="2023-12-22T09:35:01.6316965+01:00" testType="13cdc9d9-ddb5-4fa4-a97d-d965ccfc6d4b" outcome="Passed" testListId="8c84fa94-04c1-424b-9868-57a2d4851a1d" relativeResultsDirectory="53db9a8f-3673-4824-ab41-d372a4839bef" />
    <UnitTestResult executionId="864e612c-d4e3-4910-bb2a-f036a1458f68" testId="69d44fc1-6454-736a-bf3f-fdd30c9d22ff" testName="ChannelLicenseCountManager_RemoveHardwareCollection_NullCollection_ThrowsArgumentNullException" computerName="DKSR-EFI-04" duration="00:00:00.0007324" startTime="2023-12-22T09:35:59.1163700+01:00" endTime="2023-12-22T09:35:59.1163700+01:00" testType="13cdc9d9-ddb5-4fa4-a97d-d965ccfc6d4b" outcome="Passed" testListId="8c84fa94-04c1-424b-9868-57a2d4851a1d" relativeResultsDirectory="864e612c-d4e3-4910-bb2a-f036a1458f68" />
    <UnitTestResult executionId="06b5b8af-dfc0-4d49-b035-c2c62ce00dd3" testId="3c3a8b3c-f23e-98b9-ce54-bfddf396efb3" testName="MoveHardwareTaskCommandHandler_Execute_DestinationRecorder_Not_Connected_FailResponse" computerName="DKSR-EFI-04" duration="00:00:00.0008443" startTime="2023-12-22T09:36:24.8665051+01:00" endTime="2023-12-22T09:36:24.8665051+01:00" testType="13cdc9d9-ddb5-4fa4-a97d-d965ccfc6d4b" outcome="Passed" testListId="8c84fa94-04c1-424b-9868-57a2d4851a1d" relativeResultsDirectory="06b5b8af-dfc0-4d49-b035-c2c62ce00dd3" />
    <UnitTestResult executionId="ca2e25d2-2414-4912-9fb4-46fe85de61cb" testId="84086de1-0de3-51f6-6e64-d0bd856fd624" testName="HardwareScanExpressTaskCommandHandler_Execute_TaskProgress" computerName="DKSR-EFI-04" duration="00:00:00.0072089" startTime="2023-12-22T09:36:20.0383549+01:00" endTime="2023-12-22T09:36:20.0539812+01:00" testType="13cdc9d9-ddb5-4fa4-a97d-d965ccfc6d4b" outcome="Passed" testListId="8c84fa94-04c1-424b-9868-57a2d4851a1d" relativeResultsDirectory="ca2e25d2-2414-4912-9fb4-46fe85de61cb" />
    <UnitTestResult executionId="a38da2ed-def7-4436-90af-3a69ef56c97a" testId="0d6becca-218f-16e5-ffd9-bb1f5b0e54e6" testName="Validate_ChannelBasedLicense_DevicesInGraceExpire_AfterTimerCalled_HardwareNotInWhiteList" computerName="DKSR-EFI-04" duration="00:00:00.0864106" startTime="2023-12-22T09:36:09.2414257+01:00" endTime="2023-12-22T09:36:09.3351760+01:00" testType="13cdc9d9-ddb5-4fa4-a97d-d965ccfc6d4b" outcome="Passed" testListId="8c84fa94-04c1-424b-9868-57a2d4851a1d" relativeResultsDirectory="a38da2ed-def7-4436-90af-3a69ef56c97a" />
    <UnitTestResult executionId="0f7e790a-758a-40bb-bf9f-f68038471362" testId="e856be50-0a89-d114-dc11-291c110df1d7" testName="GetHardwareNetworkSettingsCommandHandler_Execute_WrongCommandOrNullParameters_Throws" computerName="DKSR-EFI-04" duration="00:00:00.0103557" startTime="2023-12-22T09:36:19.7258548+01:00" endTime="2023-12-22T09:36:19.7258548+01:00" testType="13cdc9d9-ddb5-4fa4-a97d-d965ccfc6d4b" outcome="Passed" testListId="8c84fa94-04c1-424b-9868-57a2d4851a1d" relativeResultsDirectory="0f7e790a-758a-40bb-bf9f-f68038471362">
      <Output>
        <StdOut>Debug Trace:&#xD;
Fail: Command/Command handler type mismatch&#xD;
Fail: Command/Command handler type mismatch&#xD;
Fail: The command handler expect an object that implements ICallContextInfo in the state parameter&#xD;
Fail: The command handler expect an object that implements IResponseSink in the responseSink parameter</StdOut>
      </Output>
    </UnitTestResult>
    <UnitTestResult executionId="75290997-4e09-4ad0-ab35-c35c1ab7359b" testId="3d67bfa7-0477-e2e1-e723-7a48cdf889a9" testName="ConfigurationDataSetLoader_GetDevicesByRecorderId_Success" computerName="DKSR-EFI-04" duration="00:00:00.0009664" startTime="2023-12-22T09:36:15.9289590+01:00" endTime="2023-12-22T09:36:15.9289590+01:00" testType="13cdc9d9-ddb5-4fa4-a97d-d965ccfc6d4b" outcome="Passed" testListId="8c84fa94-04c1-424b-9868-57a2d4851a1d" relativeResultsDirectory="75290997-4e09-4ad0-ab35-c35c1ab7359b" />
    <UnitTestResult executionId="4cb70fa0-f0b2-4b73-aaff-d3c8aba61b11" testId="857362d0-e6c5-c436-79d5-9e8da3c2834e" testName="CreateLicenseRequest_NoSystemBuilderLicenseRequest" computerName="DKSR-EFI-04" duration="00:00:00.1305617" startTime="2023-12-22T09:36:07.7101678+01:00" endTime="2023-12-22T09:36:07.8351693+01:00" testType="13cdc9d9-ddb5-4fa4-a97d-d965ccfc6d4b" outcome="Passed" testListId="8c84fa94-04c1-424b-9868-57a2d4851a1d" relativeResultsDirectory="4cb70fa0-f0b2-4b73-aaff-d3c8aba61b11" />
    <UnitTestResult executionId="e441bd26-9a7c-4d05-93b8-2807487dfbcf" testId="ebd42dbd-49ae-dea1-1ba7-db0f8d57e1d7" testName="LicenseCountManager_CameraFeed_GetFirstCameraFeedDeviceIndex_Success" computerName="DKSR-EFI-04" duration="00:00:00.0007759" startTime="2023-12-22T09:35:59.3351223+01:00" endTime="2023-12-22T09:35:59.3351223+01:00" testType="13cdc9d9-ddb5-4fa4-a97d-d965ccfc6d4b" outcome="Passed" testListId="8c84fa94-04c1-424b-9868-57a2d4851a1d" relativeResultsDirectory="e441bd26-9a7c-4d05-93b8-2807487dfbcf" />
    <UnitTestResult executionId="bbff0557-ba23-4f14-998d-ce980ba3066f" testId="bb451fc7-c0fc-b71f-3b0d-45a13d1a772a" testName="Dispose_Disposing_DisposesIdpAdministrationClient" computerName="DKSR-EFI-04" duration="00:00:00.0020357" startTime="2023-12-22T09:34:54.1941585+01:00" endTime="2023-12-22T09:34:54.1941585+01:00" testType="13cdc9d9-ddb5-4fa4-a97d-d965ccfc6d4b" outcome="Passed" testListId="8c84fa94-04c1-424b-9868-57a2d4851a1d" relativeResultsDirectory="bbff0557-ba23-4f14-998d-ce980ba3066f" />
    <UnitTestResult executionId="dbfea74c-537f-49ec-a47a-5b970a6a3725" testId="1d68fd44-a83f-ce8d-5546-5210a12a7d3f" testName="TemporaryLicense_SetChangesWithoutActivationToken_SetsTokenToNotStringEmpty" computerName="DKSR-EFI-04" duration="00:00:00.0011150" startTime="2023-12-22T09:35:01.6941968+01:00" endTime="2023-12-22T09:35:01.6941968+01:00" testType="13cdc9d9-ddb5-4fa4-a97d-d965ccfc6d4b" outcome="Passed" testListId="8c84fa94-04c1-424b-9868-57a2d4851a1d" relativeResultsDirectory="dbfea74c-537f-49ec-a47a-5b970a6a3725" />
    <UnitTestResult executionId="c1670caa-b422-40d5-86f2-ac8b5bdcda91" testId="3cc3d0b4-a43d-5b9d-15df-45a463e99e69" testName="AllocateLicenses_NotActivated_TwoDevice_TwoCameraChannels_NonCameraDevicesAreLicensed" computerName="DKSR-EFI-04" duration="00:00:00.0850217" startTime="2023-12-22T09:35:36.0537474+01:00" endTime="2023-12-22T09:35:36.1318737+01:00" testType="13cdc9d9-ddb5-4fa4-a97d-d965ccfc6d4b" outcome="Passed" testListId="8c84fa94-04c1-424b-9868-57a2d4851a1d" relativeResultsDirectory="c1670caa-b422-40d5-86f2-ac8b5bdcda91" />
    <UnitTestResult executionId="0e18b430-c171-41ae-924d-88c3944e0e03" testId="b64882b3-19e4-9ecc-6883-3b3c764a650b" testName="ChangeHardwarePasswordRuleAction_Execute_TaskBuilderConstructionThrows_NoCompletedEventTriggered" computerName="DKSR-EFI-04" duration="00:00:10.1013401" startTime="2023-12-22T09:34:43.1003514+01:00" endTime="2023-12-22T09:34:53.2097787+01:00" testType="13cdc9d9-ddb5-4fa4-a97d-d965ccfc6d4b" outcome="Passed" testListId="8c84fa94-04c1-424b-9868-57a2d4851a1d" relativeResultsDirectory="0e18b430-c171-41ae-924d-88c3944e0e03" />
    <UnitTestResult executionId="89fd924e-b976-4798-a70a-3af4dc9aacfd" testId="fa05cc12-6ed6-5bdb-28c7-97fb71bf0ee7" testName="HardwareInGraceOnWhiteList_ReplacedWith_HardwareNotOnWhiteList_ShouldGiveDevicesNewGracePeriod" computerName="DKSR-EFI-04" duration="00:00:00.1542722" startTime="2023-12-22T09:35:56.5226071+01:00" endTime="2023-12-22T09:35:56.6632358+01:00" testType="13cdc9d9-ddb5-4fa4-a97d-d965ccfc6d4b" outcome="Passed" testListId="8c84fa94-04c1-424b-9868-57a2d4851a1d" relativeResultsDirectory="89fd924e-b976-4798-a70a-3af4dc9aacfd" />
    <UnitTestResult executionId="96e65513-40d1-4c75-adae-cf21902a231d" testId="a529e5cf-ac95-72fa-5208-c7af22aa342e" testName="AddHardwareUserCommandHandler_Execute_ReturnsCorrectResponsesOnExceptions" computerName="DKSR-EFI-04" duration="00:00:00.0019067" startTime="2023-12-22T09:36:16.2258362+01:00" endTime="2023-12-22T09:36:16.2258362+01:00" testType="13cdc9d9-ddb5-4fa4-a97d-d965ccfc6d4b" outcome="Passed" testListId="8c84fa94-04c1-424b-9868-57a2d4851a1d" relativeResultsDirectory="96e65513-40d1-4c75-adae-cf21902a231d" />
    <UnitTestResult executionId="d13ce35c-1727-426a-944b-633125779580" testId="8e3546fa-c787-88c0-b0a3-fc1e85bae175" testName="SessionDataManager_Store_NullCheck" computerName="DKSR-EFI-04" duration="00:00:00.0006552" startTime="2023-12-22T09:34:31.6784174+01:00" endTime="2023-12-22T09:34:31.6784174+01:00" testType="13cdc9d9-ddb5-4fa4-a97d-d965ccfc6d4b" outcome="Passed" testListId="8c84fa94-04c1-424b-9868-57a2d4851a1d" relativeResultsDirectory="d13ce35c-1727-426a-944b-633125779580" />
    <UnitTestResult executionId="15fd3ec2-1c56-493d-8d98-305360d48c42" testId="cec89ca4-3479-4c5d-b21d-8ee981af7dd6" testName="LicenseCountManager_HardwareRecorderRelation_Success" computerName="DKSR-EFI-04" duration="00:00:00.0100099" startTime="2023-12-22T09:35:59.3663711+01:00" endTime="2023-12-22T09:35:59.3663711+01:00" testType="13cdc9d9-ddb5-4fa4-a97d-d965ccfc6d4b" outcome="Passed" testListId="8c84fa94-04c1-424b-9868-57a2d4851a1d" relativeResultsDirectory="15fd3ec2-1c56-493d-8d98-305360d48c42" />
    <UnitTestResult executionId="478fdf3e-f010-4888-a285-2d1b6547229f" testId="6b424835-2972-43a3-be68-6096e160c56e" testName="GetRecorderLicense_LastEnabledHardwareIsWithoutLicense_OnEnabledHardwareBeingFirstInDataSetAndHardwareLicensing" computerName="DKSR-EFI-04" duration="00:00:00.0236379" startTime="2023-12-22T09:36:08.1945447+01:00" endTime="2023-12-22T09:36:08.2257916+01:00" testType="13cdc9d9-ddb5-4fa4-a97d-d965ccfc6d4b" outcome="Passed" testListId="8c84fa94-04c1-424b-9868-57a2d4851a1d" relativeResultsDirectory="478fdf3e-f010-4888-a285-2d1b6547229f" />
    <UnitTestResult executionId="9a446e3a-dbf8-411b-9c9d-406597472584" testId="0c5e955f-9c9a-d7b1-5e17-126c17c7440b" testName="AttachedRecorder_Register_Overwrite" computerName="DKSR-EFI-04" duration="00:00:00.0021248" startTime="2023-12-22T09:33:58.1157510+01:00" endTime="2023-12-22T09:33:58.1157510+01:00" testType="13cdc9d9-ddb5-4fa4-a97d-d965ccfc6d4b" outcome="Passed" testListId="8c84fa94-04c1-424b-9868-57a2d4851a1d" relativeResultsDirectory="9a446e3a-dbf8-411b-9c9d-406597472584" />
    <UnitTestResult executionId="c63a4406-e598-435b-9140-947eb1bba9e2" testId="dd590c5c-2e27-43dc-ade1-d132bfa06046" testName="FirmwareUpgradeTaskCommandHandler_Execute_Failed_ErrorReconnecting" computerName="DKSR-EFI-04" duration="00:00:00.0007982" startTime="2023-12-22T09:36:19.6946027+01:00" endTime="2023-12-22T09:36:19.6946027+01:00" testType="13cdc9d9-ddb5-4fa4-a97d-d965ccfc6d4b" outcome="Passed" testListId="8c84fa94-04c1-424b-9868-57a2d4851a1d" relativeResultsDirectory="c63a4406-e598-435b-9140-947eb1bba9e2" />
    <UnitTestResult executionId="575377eb-2b29-4701-90af-dbf3d23aedd4" testId="a2dd638d-ac8f-1d49-b418-22de49227a51" testName="AnalyzeAndCreateAuditLogs_DeletedSecurityPermissionsDeviceRowWithDEVICESPEAKPRIORITYAtrribute_ReturnsTwoAuditLog" computerName="DKSR-EFI-04" duration="00:00:00.0047260" startTime="2023-12-22T09:36:17.4445923+01:00" endTime="2023-12-22T09:36:17.4445923+01:00" testType="13cdc9d9-ddb5-4fa4-a97d-d965ccfc6d4b" outcome="Passed" testListId="8c84fa94-04c1-424b-9868-57a2d4851a1d" relativeResultsDirectory="575377eb-2b29-4701-90af-dbf3d23aedd4" />
    <UnitTestResult executionId="51fc9ebd-cb4e-4fe2-850d-c15163f03825" testId="86fe6701-6291-43a1-0223-d9d4531dd84f" testName="AddHardwareUserCommandHandler_Execute_ReturnsFailResponseOnEmptyRecorderId" computerName="DKSR-EFI-04" duration="00:00:00.0006579" startTime="2023-12-22T09:36:16.2102115+01:00" endTime="2023-12-22T09:36:16.2102115+01:00" testType="13cdc9d9-ddb5-4fa4-a97d-d965ccfc6d4b" outcome="Passed" testListId="8c84fa94-04c1-424b-9868-57a2d4851a1d" relativeResultsDirectory="51fc9ebd-cb4e-4fe2-850d-c15163f03825" />
    <UnitTestResult executionId="d7e1155f-95f7-42d0-b06a-39c0f3ff3805" testId="025503e0-46c3-a8e9-2ae0-09018f6d88c1" testName="HardwareActivatedNotOnWhiteList_ReplacedWithNoInheritance_HardwareNotOnWhiteList_NoCWAAllowed_AllDevicesInGrace" computerName="DKSR-EFI-04" duration="00:00:00.6101318" startTime="2023-12-22T09:35:01.7723213+01:00" endTime="2023-12-22T09:35:02.3816995+01:00" testType="13cdc9d9-ddb5-4fa4-a97d-d965ccfc6d4b" outcome="Passed" testListId="8c84fa94-04c1-424b-9868-57a2d4851a1d" relativeResultsDirectory="d7e1155f-95f7-42d0-b06a-39c0f3ff3805" />
    <UnitTestResult executionId="49d47d7c-d7ca-4b7c-9c57-f499cd95b141" testId="e07708b9-58e9-17c8-33df-f79f35053ced" testName="ReleaseClient_ClientIsNull_ArgumentNullException" computerName="DKSR-EFI-04" duration="00:00:00.0006078" startTime="2023-12-22T09:36:44.9916147+01:00" endTime="2023-12-22T09:36:44.9916147+01:00" testType="13cdc9d9-ddb5-4fa4-a97d-d965ccfc6d4b" outcome="Passed" testListId="8c84fa94-04c1-424b-9868-57a2d4851a1d" relativeResultsDirectory="49d47d7c-d7ca-4b7c-9c57-f499cd95b141" />
    <UnitTestResult executionId="26aa964b-db72-4510-94d4-1077b9a82ede" testId="ab25853f-45a8-4a8f-6406-945f0c8c8715" testName="AllocateLicenses_NotActivated_OneUnlicensed_HardwareInCWA_EnableCamera_HardwareRemovedFromCWA_CameraInCWA" computerName="DKSR-EFI-04" duration="00:00:00.1405438" startTime="2023-12-22T09:35:38.6006391+01:00" endTime="2023-12-22T09:35:38.7412637+01:00" testType="13cdc9d9-ddb5-4fa4-a97d-d965ccfc6d4b" outcome="Passed" testListId="8c84fa94-04c1-424b-9868-57a2d4851a1d" relativeResultsDirectory="26aa964b-db72-4510-94d4-1077b9a82ede" />
    <UnitTestResult executionId="abb35a8a-ba98-4cdd-aed7-b30efd6cd5a1" testId="bef2a22a-6666-30c9-2538-1c228180313c" testName="Construct_LicenseSnapshot_InvalidRecordersInfo_Throws_ArgumentNullException" computerName="DKSR-EFI-04" duration="00:00:00.0008513" startTime="2023-12-22T09:36:15.5383328+01:00" endTime="2023-12-22T09:36:15.5383328+01:00" testType="13cdc9d9-ddb5-4fa4-a97d-d965ccfc6d4b" outcome="Passed" testListId="8c84fa94-04c1-424b-9868-57a2d4851a1d" relativeResultsDirectory="abb35a8a-ba98-4cdd-aed7-b30efd6cd5a1" />
    <UnitTestResult executionId="29df8e35-33c7-413d-8dd4-d86146a600de" testId="23485ec5-762d-f047-ff01-6c531ff41e58" testName="CheckExternalRecorderRegistrationCommandHandler_Execute_ReturnsFailResponseOnEmptyRecorderServiceId" computerName="DKSR-EFI-04" duration="00:00:00.0006360" startTime="2023-12-22T09:36:16.4758388+01:00" endTime="2023-12-22T09:36:16.4758388+01:00" testType="13cdc9d9-ddb5-4fa4-a97d-d965ccfc6d4b" outcome="Passed" testListId="8c84fa94-04c1-424b-9868-57a2d4851a1d" relativeResultsDirectory="29df8e35-33c7-413d-8dd4-d86146a600de" />
    <UnitTestResult executionId="ed59f2e8-6db4-4abc-8cb1-168202d70bcc" testId="d05cbd3c-bfb2-73de-adf5-cbd7c41ecb1f" testName="Validate_Hardware_ClearChangesWithoutActivation_ThrowsArgumentNullException" computerName="DKSR-EFI-04" duration="00:00:00.0007015" startTime="2023-12-22T09:35:59.4444976+01:00" endTime="2023-12-22T09:35:59.4444976+01:00" testType="13cdc9d9-ddb5-4fa4-a97d-d965ccfc6d4b" outcome="Passed" testListId="8c84fa94-04c1-424b-9868-57a2d4851a1d" relativeResultsDirectory="ed59f2e8-6db4-4abc-8cb1-168202d70bcc" />
    <UnitTestResult executionId="8b612584-1e90-47ab-b302-efc432a06a56" testId="fd987f8b-a06e-d797-ac3f-7a71eb01d499" testName="GetRecorderLicense_DoesNotTriggerEvent_OnTotalChangesAllowedGoingUpAndNoDevicesInGrace" computerName="DKSR-EFI-04" duration="00:00:00.1130675" startTime="2023-12-22T09:36:06.6632878+01:00" endTime="2023-12-22T09:36:06.7726611+01:00" testType="13cdc9d9-ddb5-4fa4-a97d-d965ccfc6d4b" outcome="Passed" testListId="8c84fa94-04c1-424b-9868-57a2d4851a1d" relativeResultsDirectory="8b612584-1e90-47ab-b302-efc432a06a56" />
    <UnitTestResult executionId="41df0e92-ba3d-4d9c-beb2-145b47276dab" testId="9c43e4bf-422f-da08-c99e-7748f79f67a9" testName="ValidateStableFPS_WhenWhiteListedByModelName_WithFiveChannels_ExpectOneLicenseUsed" computerName="DKSR-EFI-04" duration="00:00:00.1949885" startTime="2023-12-22T09:35:35.5381213+01:00" endTime="2023-12-22T09:35:35.7412471+01:00" testType="13cdc9d9-ddb5-4fa4-a97d-d965ccfc6d4b" outcome="Passed" testListId="8c84fa94-04c1-424b-9868-57a2d4851a1d" relativeResultsDirectory="41df0e92-ba3d-4d9c-beb2-145b47276dab" />
    <UnitTestResult executionId="521a2628-bb75-4242-8957-bd4376d0bb7e" testId="0323aafb-b360-5db0-38c2-4fcea4a36eaa" testName="UpdateHardwareTaskCommandHandler_Execute_Timeout_Tests" computerName="DKSR-EFI-04" duration="00:00:00.0110445" startTime="2023-12-22T09:36:43.9603718+01:00" endTime="2023-12-22T09:36:43.9760084+01:00" testType="13cdc9d9-ddb5-4fa4-a97d-d965ccfc6d4b" outcome="Passed" testListId="8c84fa94-04c1-424b-9868-57a2d4851a1d" relativeResultsDirectory="521a2628-bb75-4242-8957-bd4376d0bb7e" />
    <UnitTestResult executionId="f8ae959e-4d4b-4b84-a9a9-8bdd32b1d57c" testId="f8e89b61-4897-4611-9838-53de20061a37" testName="EventCollector_ReceiveEvent_Filter_Non_Global" computerName="DKSR-EFI-04" duration="00:00:00.0024198" startTime="2023-12-22T09:33:57.7407487+01:00" endTime="2023-12-22T09:33:57.7407487+01:00" testType="13cdc9d9-ddb5-4fa4-a97d-d965ccfc6d4b" outcome="Passed" testListId="8c84fa94-04c1-424b-9868-57a2d4851a1d" relativeResultsDirectory="f8ae959e-4d4b-4b84-a9a9-8bdd32b1d57c" />
    <UnitTestResult executionId="5eabcf9c-5ac5-4353-81e1-8ab85a630382" testId="a72557df-c6d0-bf9b-8d3c-1786d4a4b577" testName="GetCompleteConfiguration_ModelValid_RecorderNotFoundException_Handled" computerName="DKSR-EFI-04" duration="00:00:00.0043979" startTime="2023-12-22T09:33:58.2563757+01:00" endTime="2023-12-22T09:33:58.2563757+01:00" testType="13cdc9d9-ddb5-4fa4-a97d-d965ccfc6d4b" outcome="Passed" testListId="8c84fa94-04c1-424b-9868-57a2d4851a1d" relativeResultsDirectory="5eabcf9c-5ac5-4353-81e1-8ab85a630382" />
    <UnitTestResult executionId="5f1ef214-d358-4a4e-a985-824ae24071f8" testId="58ce9239-f749-5400-4d5d-9d2b044bbae5" testName="TaskHandling_InternalUpdateReparingTasks_TaskStartTimeNoMatch_ReplaceTask" computerName="DKSR-EFI-04" duration="00:00:00.0052346" startTime="2023-12-22T09:34:31.9440439+01:00" endTime="2023-12-22T09:34:31.9440439+01:00" testType="13cdc9d9-ddb5-4fa4-a97d-d965ccfc6d4b" outcome="Passed" testListId="8c84fa94-04c1-424b-9868-57a2d4851a1d" relativeResultsDirectory="5f1ef214-d358-4a4e-a985-824ae24071f8" />
    <UnitTestResult executionId="4d53f475-2b86-4f55-bce4-ebf24fe70730" testId="00e0fc3e-7646-9c98-30c5-9e2b44560e94" testName="Validate_DeviceCanBeRemovedFromChangesWithoutActivation" computerName="DKSR-EFI-04" duration="00:00:00.0008910" startTime="2023-12-22T09:35:59.1944960+01:00" endTime="2023-12-22T09:35:59.1944960+01:00" testType="13cdc9d9-ddb5-4fa4-a97d-d965ccfc6d4b" outcome="Passed" testListId="8c84fa94-04c1-424b-9868-57a2d4851a1d" relativeResultsDirectory="4d53f475-2b86-4f55-bce4-ebf24fe70730" />
    <UnitTestResult executionId="6febd3c6-7622-4e2e-9734-4e0c737cd787" testId="6fa11eaa-f2fa-e99e-c4b6-60a0b63addf4" testName="GetHardwareNetworkSettingsCommandHandler_Execute_EmptyRecorderId_ReturnsFailResponse" computerName="DKSR-EFI-04" duration="00:00:00.0009648" startTime="2023-12-22T09:36:19.7571056+01:00" endTime="2023-12-22T09:36:19.7571056+01:00" testType="13cdc9d9-ddb5-4fa4-a97d-d965ccfc6d4b" outcome="Passed" testListId="8c84fa94-04c1-424b-9868-57a2d4851a1d" relativeResultsDirectory="6febd3c6-7622-4e2e-9734-4e0c737cd787" />
    <UnitTestResult executionId="33602e88-92cd-40f0-8433-7cd40b9785b2" testId="91992f85-0681-08ed-2e87-5d2fb5b81924" testName="WriteRecordingServerInformation_SameHardwareOnThreeRecordingServers_ContainsRecordingServerData" computerName="DKSR-EFI-04" duration="00:00:00.2422685" startTime="2023-12-22T09:36:15.0539550+01:00" endTime="2023-12-22T09:36:15.3039576+01:00" testType="13cdc9d9-ddb5-4fa4-a97d-d965ccfc6d4b" outcome="Passed" testListId="8c84fa94-04c1-424b-9868-57a2d4851a1d" relativeResultsDirectory="33602e88-92cd-40f0-8433-7cd40b9785b2" />
    <UnitTestResult executionId="976707b3-7a3c-4c24-93c3-7a90b5921264" testId="f4ada8c4-6593-86b3-aa77-547fe895294f" testName="CheckConfigurationDataSetTest_StreamsLicensed" computerName="DKSR-EFI-04" duration="00:00:00.0107691" startTime="2023-12-22T09:35:59.5382498+01:00" endTime="2023-12-22T09:35:59.5382498+01:00" testType="13cdc9d9-ddb5-4fa4-a97d-d965ccfc6d4b" outcome="Passed" testListId="8c84fa94-04c1-424b-9868-57a2d4851a1d" relativeResultsDirectory="976707b3-7a3c-4c24-93c3-7a90b5921264" />
    <UnitTestResult executionId="332c775c-f4df-470d-bf42-f98488e932e4" testId="264a7d80-7f8e-cccd-d683-f24b6e7fbae1" testName="AllocateLicenses_OneICPHardwareWithFifteenCamerasNoNormalHardware_OnTenICPLicenses" computerName="DKSR-EFI-04" duration="00:00:00.0854827" startTime="2023-12-22T09:35:41.9287806+01:00" endTime="2023-12-22T09:35:42.0069064+01:00" testType="13cdc9d9-ddb5-4fa4-a97d-d965ccfc6d4b" outcome="Passed" testListId="8c84fa94-04c1-424b-9868-57a2d4851a1d" relativeResultsDirectory="332c775c-f4df-470d-bf42-f98488e932e4" />
    <UnitTestResult executionId="92bb959b-33fd-4d95-b38a-24968b2f1b7a" testId="70f2deb9-f62f-0893-d2d1-536539fb9391" testName="HardwareLicense_SetExpire_InvalidDate_MinDate_Throws_ArgumentOutOfRangeException" computerName="DKSR-EFI-04" duration="00:00:00.0007967" startTime="2023-12-22T09:36:15.6477081+01:00" endTime="2023-12-22T09:36:15.6477081+01:00" testType="13cdc9d9-ddb5-4fa4-a97d-d965ccfc6d4b" outcome="Passed" testListId="8c84fa94-04c1-424b-9868-57a2d4851a1d" relativeResultsDirectory="92bb959b-33fd-4d95-b38a-24968b2f1b7a" />
    <UnitTestResult executionId="ab0eae2d-3dad-4d52-ae3d-8909ad24e248" testId="1ebadcd1-bb5b-b7d8-4b40-c761ccf19b15" testName="HardwareInCWANotOnWhiteList_ReplacedWithNoInheritance_HardwareOnWhiteList_NoMoreCWAAllowed_MoreChannelsOnReplacedHardware_NewHardwareInGrace" computerName="DKSR-EFI-04" duration="00:00:00.1987322" startTime="2023-12-22T09:35:18.0067804+01:00" endTime="2023-12-22T09:35:18.2099049+01:00" testType="13cdc9d9-ddb5-4fa4-a97d-d965ccfc6d4b" outcome="Passed" testListId="8c84fa94-04c1-424b-9868-57a2d4851a1d" relativeResultsDirectory="ab0eae2d-3dad-4d52-ae3d-8909ad24e248" />
    <UnitTestResult executionId="11047d21-1fac-4657-81d7-03ff9742e983" testId="0da338e0-9855-08fe-734d-f7af988e6bc1" testName="HardwareInCWANotOnWhiteList_ReplacedWithNoInheritance_HardwareNotOnWhiteList_NoMoreCWAAllowed_FewerChannelsOnReplacedHardware_NewDevicesInGrace" computerName="DKSR-EFI-04" duration="00:00:00.3506867" startTime="2023-12-22T09:35:16.2255198+01:00" endTime="2023-12-22T09:35:16.5692721+01:00" testType="13cdc9d9-ddb5-4fa4-a97d-d965ccfc6d4b" outcome="Passed" testListId="8c84fa94-04c1-424b-9868-57a2d4851a1d" relativeResultsDirectory="11047d21-1fac-4657-81d7-03ff9742e983" />
    <UnitTestResult executionId="00f7ecb8-b505-411f-b9d2-d9eb74372766" testId="4cd1c953-231e-2691-b4f4-0d9328a3e68b" testName="HardwareInCWANotOnWhiteList_ReplacedWithInheritance_HardwareOnWhiteList_MixedCWAAllowed_FewerChannelsOnReplacedHardware_NewHardwareInCWA" computerName="DKSR-EFI-04" duration="00:00:00.3767083" startTime="2023-12-22T09:35:28.9755867+01:00" endTime="2023-12-22T09:35:29.3505898+01:00" testType="13cdc9d9-ddb5-4fa4-a97d-d965ccfc6d4b" outcome="Passed" testListId="8c84fa94-04c1-424b-9868-57a2d4851a1d" relativeResultsDirectory="00f7ecb8-b505-411f-b9d2-d9eb74372766" />
    <UnitTestResult executionId="564ce855-7056-4271-be81-7146386fff23" testId="728f977f-d66c-0fb7-ff2d-78067069daae" testName="LicenseCountManager_IsHardwareWithoutEnabledCamerasLicensed_Throws_ArgumentNullException_WhenNullValuePassed" computerName="DKSR-EFI-04" duration="00:00:00.0006503" startTime="2023-12-22T09:35:59.2257492+01:00" endTime="2023-12-22T09:35:59.2257492+01:00" testType="13cdc9d9-ddb5-4fa4-a97d-d965ccfc6d4b" outcome="Passed" testListId="8c84fa94-04c1-424b-9868-57a2d4851a1d" relativeResultsDirectory="564ce855-7056-4271-be81-7146386fff23" />
    <UnitTestResult executionId="3a772d38-270d-4017-9026-f56cb0be3f22" testId="94aaa36a-a88c-edff-8965-b72bceaf3620" testName="AttachedRecorder_GetRecorderStatus_Success" computerName="DKSR-EFI-04" duration="00:00:00.0135394" startTime="2023-12-22T09:33:58.1157510+01:00" endTime="2023-12-22T09:33:58.1313767+01:00" testType="13cdc9d9-ddb5-4fa4-a97d-d965ccfc6d4b" outcome="Passed" testListId="8c84fa94-04c1-424b-9868-57a2d4851a1d" relativeResultsDirectory="3a772d38-270d-4017-9026-f56cb0be3f22" />
    <UnitTestResult executionId="e71c7b84-d46a-4153-9bf9-518f4f3cf291" testId="dd7abbca-776e-a670-9814-0a84d1532500" testName="IsHardwareInCurrentYearChangesWithoutActivation_ReturnsTrue_OnCurrentYearDevices" computerName="DKSR-EFI-04" duration="00:00:00.0073565" startTime="2023-12-22T09:36:06.8976632+01:00" endTime="2023-12-22T09:36:06.8976632+01:00" testType="13cdc9d9-ddb5-4fa4-a97d-d965ccfc6d4b" outcome="Passed" testListId="8c84fa94-04c1-424b-9868-57a2d4851a1d" relativeResultsDirectory="e71c7b84-d46a-4153-9bf9-518f4f3cf291" />
    <UnitTestResult executionId="c9e28cb4-a65d-400e-921f-55841b1811f9" testId="2ac6adc5-afd6-d16b-f490-c0a2f63e52d1" testName="NextActivation_ShowsCorrectTime_OnActivationQueued" computerName="DKSR-EFI-04" duration="00:00:00.0004443" startTime="2023-12-22T09:34:54.2879070+01:00" endTime="2023-12-22T09:34:54.2879070+01:00" testType="13cdc9d9-ddb5-4fa4-a97d-d965ccfc6d4b" outcome="Passed" testListId="8c84fa94-04c1-424b-9868-57a2d4851a1d" relativeResultsDirectory="c9e28cb4-a65d-400e-921f-55841b1811f9" />
    <UnitTestResult executionId="a83261f0-7f2c-4f01-b7f8-9da5f7d96c28" testId="05025a2f-eb76-55f9-eb52-6fcad523c590" testName="UpdateEvidenceLockSizesCommandHandlerTests_UpdateOneEvidenceLockSizeSpansAcrossRecorder_RecordersReturnedWithMixedResponses_SuccessResponse" computerName="DKSR-EFI-04" duration="00:00:02.1686295" startTime="2023-12-22T09:36:32.4446736+01:00" endTime="2023-12-22T09:36:34.6165603+01:00" testType="13cdc9d9-ddb5-4fa4-a97d-d965ccfc6d4b" outcome="Passed" testListId="8c84fa94-04c1-424b-9868-57a2d4851a1d" relativeResultsDirectory="a83261f0-7f2c-4f01-b7f8-9da5f7d96c28" />
    <UnitTestResult executionId="6693eed7-92c6-4f52-9e96-ead54000839e" testId="1c9f7d1c-99e8-3c4a-3b34-4f124995bd4b" testName="Ctor_IdpBundleMaxCountOutOfRange_ThrowsArgumentOutOfRangeException" computerName="DKSR-EFI-04" duration="00:00:00.0020167" startTime="2023-12-22T09:34:53.9597820+01:00" endTime="2023-12-22T09:34:53.9597820+01:00" testType="13cdc9d9-ddb5-4fa4-a97d-d965ccfc6d4b" outcome="Passed" testListId="8c84fa94-04c1-424b-9868-57a2d4851a1d" relativeResultsDirectory="6693eed7-92c6-4f52-9e96-ead54000839e" />
    <UnitTestResult executionId="a4297b1a-8f00-4664-b766-c97d23d53276" testId="19c2411d-a7ea-3029-7b81-cde9f3216bb1" testName="HardwareInCWANotOnWhiteList_WithChannels_ReplacedWith_HardwareNotOnWhiteList_ZeroChannels_CWAAllowed_NewHardwareInCWA" computerName="DKSR-EFI-04" duration="00:00:00.4003776" startTime="2023-12-22T09:35:32.4599799+01:00" endTime="2023-12-22T09:35:32.8506089+01:00" testType="13cdc9d9-ddb5-4fa4-a97d-d965ccfc6d4b" outcome="Passed" testListId="8c84fa94-04c1-424b-9868-57a2d4851a1d" relativeResultsDirectory="a4297b1a-8f00-4664-b766-c97d23d53276" />
    <UnitTestResult executionId="99496069-2f31-448f-a8fe-df7932a96371" testId="9e417947-1d7d-d9ea-7371-5dd738e87907" testName="CheckConfigurationDataSetTest_MultistreamRecording_NotLicensed_ValidationFails" computerName="DKSR-EFI-04" duration="00:00:00.0035788" startTime="2023-12-22T09:35:59.5694982+01:00" endTime="2023-12-22T09:35:59.5851248+01:00" testType="13cdc9d9-ddb5-4fa4-a97d-d965ccfc6d4b" outcome="Passed" testListId="8c84fa94-04c1-424b-9868-57a2d4851a1d" relativeResultsDirectory="99496069-2f31-448f-a8fe-df7932a96371" />
    <UnitTestResult executionId="06362a5a-0e26-4362-8685-209de0326967" testId="1148c5c5-0d3a-a36b-b2b7-be6a323a981c" testName="ExceptionResponse_ModelIsNull_BadRequestResult" computerName="DKSR-EFI-04" duration="00:00:00.0005949" startTime="2023-12-22T09:34:00.8813882+01:00" endTime="2023-12-22T09:34:00.8813882+01:00" testType="13cdc9d9-ddb5-4fa4-a97d-d965ccfc6d4b" outcome="Passed" testListId="8c84fa94-04c1-424b-9868-57a2d4851a1d" relativeResultsDirectory="06362a5a-0e26-4362-8685-209de0326967" />
    <UnitTestResult executionId="1bcf744f-d6e2-48d6-9c80-f63c3f0caf12" testId="5980876c-5f0e-99f6-c59d-26c8c29982a4" testName="HardwareScanTaskCommandHandler_Execute_InitializeDiscoveryComponent_FailResponse" computerName="DKSR-EFI-04" duration="00:00:00.0013745" startTime="2023-12-22T09:36:20.1164832+01:00" endTime="2023-12-22T09:36:20.1164832+01:00" testType="13cdc9d9-ddb5-4fa4-a97d-d965ccfc6d4b" outcome="Passed" testListId="8c84fa94-04c1-424b-9868-57a2d4851a1d" relativeResultsDirectory="1bcf744f-d6e2-48d6-9c80-f63c3f0caf12" />
    <UnitTestResult executionId="41f51725-3b56-4d67-b1da-a6d9fb8eef54" testId="03f70150-34c7-4756-ca7d-89e353dce8de" testName="DeleteIdpUserTaskCommandHandlerTests_ExecuteThrowsUserNotFound_ResponseSuccess" computerName="DKSR-EFI-04" duration="00:00:00.0030268" startTime="2023-12-22T09:36:18.5852227+01:00" endTime="2023-12-22T09:36:18.6008487+01:00" testType="13cdc9d9-ddb5-4fa4-a97d-d965ccfc6d4b" outcome="Passed" testListId="8c84fa94-04c1-424b-9868-57a2d4851a1d" relativeResultsDirectory="41f51725-3b56-4d67-b1da-a6d9fb8eef54" />
    <UnitTestResult executionId="a8ca991d-19a2-4956-8fe3-adedddb53afe" testId="dfef0bc9-5b28-b15e-34f4-f60cc9b1bf7e" testName="ReplaceHardwareTaskCommandHandler_DeviceMapper_Success_MoreNewDevices_Test" computerName="DKSR-EFI-04" duration="00:00:00.0011543" startTime="2023-12-22T09:36:28.0852773+01:00" endTime="2023-12-22T09:36:28.0852773+01:00" testType="13cdc9d9-ddb5-4fa4-a97d-d965ccfc6d4b" outcome="Passed" testListId="8c84fa94-04c1-424b-9868-57a2d4851a1d" relativeResultsDirectory="a8ca991d-19a2-4956-8fe3-adedddb53afe" />
    <UnitTestResult executionId="61ef39f7-5265-4de7-a616-3268f152aab5" testId="f7272b3f-113e-703c-2842-a1c9d4adb7bb" testName="AnalyzeAndCreateAuditLogs_AddedSecurityPermissionsDeviceRowWithDEVICEPTZPRIORITYAtrributeDefaultPriority_ReturnsOneAuditLog" computerName="DKSR-EFI-04" duration="00:00:00.0028282" startTime="2023-12-22T09:36:17.4133415+01:00" endTime="2023-12-22T09:36:17.4289671+01:00" testType="13cdc9d9-ddb5-4fa4-a97d-d965ccfc6d4b" outcome="Passed" testListId="8c84fa94-04c1-424b-9868-57a2d4851a1d" relativeResultsDirectory="61ef39f7-5265-4de7-a616-3268f152aab5" />
    <UnitTestResult executionId="d9628195-c51d-4bed-bb4c-e0386efb2115" testId="16c3f6e2-b2da-a7d9-b554-da627f0cdd15" testName="AddHardwareUserCommandHandler_Execute_ReturnsFailResponseOnEmptyHardwareId" computerName="DKSR-EFI-04" duration="00:00:00.0005740" startTime="2023-12-22T09:36:16.2102115+01:00" endTime="2023-12-22T09:36:16.2102115+01:00" testType="13cdc9d9-ddb5-4fa4-a97d-d965ccfc6d4b" outcome="Passed" testListId="8c84fa94-04c1-424b-9868-57a2d4851a1d" relativeResultsDirectory="d9628195-c51d-4bed-bb4c-e0386efb2115" />
    <UnitTestResult executionId="4444d5b9-9a4f-4d93-b634-29f31476d5db" testId="663ccd25-8649-6289-5931-2e4826a29b90" testName="GenerateLicenseRequestAsXml_DeviceChannelCountInXml_OneLicenseCountWithModelNameOnWhitelist" computerName="DKSR-EFI-04" duration="00:00:00.2073948" startTime="2023-12-22T09:36:12.7414408+01:00" endTime="2023-12-22T09:36:12.9445693+01:00" testType="13cdc9d9-ddb5-4fa4-a97d-d965ccfc6d4b" outcome="Passed" testListId="8c84fa94-04c1-424b-9868-57a2d4851a1d" relativeResultsDirectory="4444d5b9-9a4f-4d93-b634-29f31476d5db" />
    <UnitTestResult executionId="8681ed23-ab35-4da6-811b-21e6a03b8f5b" testId="81b9cfb6-cb61-9b75-fb8d-7222fc14f23f" testName="CheckForAutomaticActivationTrigger_ReturnsTrue_OnDeletedDevice" computerName="DKSR-EFI-04" duration="00:00:00.0047845" startTime="2023-12-22T09:36:16.1477086+01:00" endTime="2023-12-22T09:36:16.1477086+01:00" testType="13cdc9d9-ddb5-4fa4-a97d-d965ccfc6d4b" outcome="Passed" testListId="8c84fa94-04c1-424b-9868-57a2d4851a1d" relativeResultsDirectory="8681ed23-ab35-4da6-811b-21e6a03b8f5b" />
    <UnitTestResult executionId="0c0ffe5d-5276-49ee-afd6-2e42eec2c2c5" testId="d6028c75-f54c-a6c8-83bc-c168a426567e" testName="CheckForAutomaticActivationTrigger_ReturnsTrue_OnAddedHardware" computerName="DKSR-EFI-04" duration="00:00:00.1436688" startTime="2023-12-22T09:36:15.9914589+01:00" endTime="2023-12-22T09:36:16.1320842+01:00" testType="13cdc9d9-ddb5-4fa4-a97d-d965ccfc6d4b" outcome="Passed" testListId="8c84fa94-04c1-424b-9868-57a2d4851a1d" relativeResultsDirectory="0c0ffe5d-5276-49ee-afd6-2e42eec2c2c5" />
    <UnitTestResult executionId="19655c53-27a5-49b4-a40b-6384129c67a0" testId="f8f77c91-c42f-9207-fd1f-1c031b67ee04" testName="ProcessConfigurationChangeTasks_Hardware_And_Device__Batched" computerName="DKSR-EFI-04" duration="00:00:00.0472232" startTime="2023-12-22T09:34:24.5065073+01:00" endTime="2023-12-22T09:34:24.5533823+01:00" testType="13cdc9d9-ddb5-4fa4-a97d-d965ccfc6d4b" outcome="Passed" testListId="8c84fa94-04c1-424b-9868-57a2d4851a1d" relativeResultsDirectory="19655c53-27a5-49b4-a40b-6384129c67a0" />
    <UnitTestResult executionId="dbbdfe52-3a89-4d83-bd24-12ebaa01b140" testId="48798009-0aef-c37c-cb98-e8d434cb000c" testName="DeleteHardwareTaskCommandHandler_Execute_Arguments_Null_Throws" computerName="DKSR-EFI-04" duration="00:00:00.0078353" startTime="2023-12-22T09:36:18.4758473+01:00" endTime="2023-12-22T09:36:18.4914731+01:00" testType="13cdc9d9-ddb5-4fa4-a97d-d965ccfc6d4b" outcome="Passed" testListId="8c84fa94-04c1-424b-9868-57a2d4851a1d" relativeResultsDirectory="dbbdfe52-3a89-4d83-bd24-12ebaa01b140">
      <Output>
        <StdOut>Debug Trace:&#xD;
Fail: Command/Command handler type mismatch&#xD;
Fail: The command handler expect an object that implements ICallContextInfo in the state parameter&#xD;
Fail: The command handler expect an object that implements IResponseSink in the responseSink parameter</StdOut>
      </Output>
    </UnitTestResult>
    <UnitTestResult executionId="d5f388ed-57e9-4f99-93d9-6ff51eadf7f0" testId="fda3da24-7e24-e2c3-22c3-e1cac8cca284" testName="HardwareLicense_AddExistingId_ReplacesCurrentLicense_Instance" computerName="DKSR-EFI-04" duration="00:00:00.0008314" startTime="2023-12-22T09:36:15.6320813+01:00" endTime="2023-12-22T09:36:15.6320813+01:00" testType="13cdc9d9-ddb5-4fa4-a97d-d965ccfc6d4b" outcome="Passed" testListId="8c84fa94-04c1-424b-9868-57a2d4851a1d" relativeResultsDirectory="d5f388ed-57e9-4f99-93d9-6ff51eadf7f0" />
    <UnitTestResult executionId="4f925c16-02a9-4416-a687-5251a8ef955c" testId="b7c29360-216b-e7c2-a79b-240f6555d7cf" testName="AllocateLicenses_OneICPHardwareWithTenCamerasAndOneNormalHardwareWithFiveChannels_OnTenICPLicensesFiveChannelLicenses" computerName="DKSR-EFI-04" duration="00:00:00.0934409" startTime="2023-12-22T09:35:41.8037794+01:00" endTime="2023-12-22T09:35:41.8975309+01:00" testType="13cdc9d9-ddb5-4fa4-a97d-d965ccfc6d4b" outcome="Passed" testListId="8c84fa94-04c1-424b-9868-57a2d4851a1d" relativeResultsDirectory="4f925c16-02a9-4416-a687-5251a8ef955c" />
    <UnitTestResult executionId="36e44464-c75e-449d-89a9-acff57cdb819" testId="cefcaf99-f6fe-24f5-d8ee-87f30d25cd8f" testName="StartSessionFailedResponse_ModelIsNull_BadRequestResult" computerName="DKSR-EFI-04" duration="00:00:00.0005377" startTime="2023-12-22T09:34:00.9595149+01:00" endTime="2023-12-22T09:34:00.9595149+01:00" testType="13cdc9d9-ddb5-4fa4-a97d-d965ccfc6d4b" outcome="Passed" testListId="8c84fa94-04c1-424b-9868-57a2d4851a1d" relativeResultsDirectory="36e44464-c75e-449d-89a9-acff57cdb819" />
    <UnitTestResult executionId="d88e8846-b67f-4106-b834-c4bc03ee97bf" testId="9f913f6b-6133-2b27-9775-b9108e8b318f" testName="BoolResponse_ModelIsValid_CommandExecuted" computerName="DKSR-EFI-04" duration="00:00:00.0009876" startTime="2023-12-22T09:34:00.8657627+01:00" endTime="2023-12-22T09:34:00.8657627+01:00" testType="13cdc9d9-ddb5-4fa4-a97d-d965ccfc6d4b" outcome="Passed" testListId="8c84fa94-04c1-424b-9868-57a2d4851a1d" relativeResultsDirectory="d88e8846-b67f-4106-b834-c4bc03ee97bf" />
    <UnitTestResult executionId="9a7aedea-8dc6-4ef8-93f4-496ec8e5d69a" testId="d4704b48-35ea-e513-d452-e0a5781bede0" testName="Ctor_TokenCacheNull_ThrowsArgumentNullException" computerName="DKSR-EFI-04" duration="00:00:00.3065814" startTime="2023-12-22T09:34:53.6004042+01:00" endTime="2023-12-22T09:34:53.9129066+01:00" testType="13cdc9d9-ddb5-4fa4-a97d-d965ccfc6d4b" outcome="Passed" testListId="8c84fa94-04c1-424b-9868-57a2d4851a1d" relativeResultsDirectory="9a7aedea-8dc6-4ef8-93f4-496ec8e5d69a" />
    <UnitTestResult executionId="f2d909ef-e18a-4bd8-b024-ed6941f99ae2" testId="24ab3bd5-1acb-fa38-e5c7-6c5a5fa87aa2" testName="LicenseFactory_Create_LicenseSnapshot_Success" computerName="DKSR-EFI-04" duration="00:00:00.0006190" startTime="2023-12-22T09:36:15.5383328+01:00" endTime="2023-12-22T09:36:15.5383328+01:00" testType="13cdc9d9-ddb5-4fa4-a97d-d965ccfc6d4b" outcome="Passed" testListId="8c84fa94-04c1-424b-9868-57a2d4851a1d" relativeResultsDirectory="f2d909ef-e18a-4bd8-b024-ed6941f99ae2" />
    <UnitTestResult executionId="7447bfb7-b95e-400d-870b-8001de0e973c" testId="bd8e454b-919c-6615-a859-a1264f304ecb" testName="DeviceDataDistributionManager_CleanupAll_Success_QueryRecorderToNotifyThrowsSqlException" computerName="DKSR-EFI-04" duration="00:00:00.0137797" startTime="2023-12-22T09:33:57.0688703+01:00" endTime="2023-12-22T09:33:57.0844946+01:00" testType="13cdc9d9-ddb5-4fa4-a97d-d965ccfc6d4b" outcome="Passed" testListId="8c84fa94-04c1-424b-9868-57a2d4851a1d" relativeResultsDirectory="7447bfb7-b95e-400d-870b-8001de0e973c" />
    <UnitTestResult executionId="adf1d537-1593-4a65-8629-da461796d10e" testId="d35c2020-35e1-7432-4bcd-89664f411e2b" testName="StartSessionFailedResponse_ModelIsValid_CommandExecuted" computerName="DKSR-EFI-04" duration="00:00:00.0006374" startTime="2023-12-22T09:34:00.9595149+01:00" endTime="2023-12-22T09:34:00.9595149+01:00" testType="13cdc9d9-ddb5-4fa4-a97d-d965ccfc6d4b" outcome="Passed" testListId="8c84fa94-04c1-424b-9868-57a2d4851a1d" relativeResultsDirectory="adf1d537-1593-4a65-8629-da461796d10e" />
    <UnitTestResult executionId="08768e05-85ac-4e14-ad6f-c3e0ada8c21f" testId="7d221b67-7f97-a123-0de1-6872c3aad614" testName="AllocateLicenses_10Available_OneHardwareWith5Devices_AllDevicesInitiallyDisabledThenEnabled" computerName="DKSR-EFI-04" duration="00:00:00.1425182" startTime="2023-12-22T09:35:39.0381384+01:00" endTime="2023-12-22T09:35:39.1943912+01:00" testType="13cdc9d9-ddb5-4fa4-a97d-d965ccfc6d4b" outcome="Passed" testListId="8c84fa94-04c1-424b-9868-57a2d4851a1d" relativeResultsDirectory="08768e05-85ac-4e14-ad6f-c3e0ada8c21f" />
    <UnitTestResult executionId="ebf810c2-3670-4734-8940-976b0841e62a" testId="2a0bb754-1adc-0aaf-66d0-16790f8a4d2c" testName="EvidenceLockOnOldRecorderCommandHandlerTests_OldRec_TaskAndSecurity" computerName="DKSR-EFI-04" duration="00:00:00.0227081" startTime="2023-12-22T09:36:18.7102265+01:00" endTime="2023-12-22T09:36:18.7414776+01:00" testType="13cdc9d9-ddb5-4fa4-a97d-d965ccfc6d4b" outcome="Passed" testListId="8c84fa94-04c1-424b-9868-57a2d4851a1d" relativeResultsDirectory="ebf810c2-3670-4734-8940-976b0841e62a" />
    <UnitTestResult executionId="8bac0dd8-39c3-4faa-95f8-ceacf5b7a81a" testId="7406d798-b581-dda0-3d0c-25971023b8a7" testName="HardwareActivatedNotOnWhiteList_ReplacedWithInheritance_HardwareOnWhiteList_CWAAllowed_NewHardwareInCWA" computerName="DKSR-EFI-04" duration="00:00:00.1496678" startTime="2023-12-22T09:35:06.2098448+01:00" endTime="2023-12-22T09:35:06.3660941+01:00" testType="13cdc9d9-ddb5-4fa4-a97d-d965ccfc6d4b" outcome="Passed" testListId="8c84fa94-04c1-424b-9868-57a2d4851a1d" relativeResultsDirectory="8bac0dd8-39c3-4faa-95f8-ceacf5b7a81a" />
    <UnitTestResult executionId="eade7e6e-b86b-46fe-b2f6-8f42fa470a40" testId="7268c422-d3fa-aa41-be94-6e44f7c4fc74" testName="HardwareInCWANotOnWhiteList_ReplacedWithInheritance_HardwareOnWhiteList_NoMoreCWAAllowed_FewerChannelsOnReplacedHardware_NewHardwareInGrace" computerName="DKSR-EFI-04" duration="00:00:00.4315432" startTime="2023-12-22T09:35:18.9130380+01:00" endTime="2023-12-22T09:35:19.3505377+01:00" testType="13cdc9d9-ddb5-4fa4-a97d-d965ccfc6d4b" outcome="Passed" testListId="8c84fa94-04c1-424b-9868-57a2d4851a1d" relativeResultsDirectory="eade7e6e-b86b-46fe-b2f6-8f42fa470a40" />
    <UnitTestResult executionId="3183b9d9-74e1-4fbb-a54f-9e617a85b526" testId="a652b815-d800-d206-be7c-325ec52c6c7d" testName="HardwareInCWAOnWhiteList_ReplacedWithNoInheritance_HardwareOnWhiteList_CWAAllowed_NewHardwareInCWA" computerName="DKSR-EFI-04" duration="00:00:00.1582726" startTime="2023-12-22T09:35:10.3504914+01:00" endTime="2023-12-22T09:35:10.5067448+01:00" testType="13cdc9d9-ddb5-4fa4-a97d-d965ccfc6d4b" outcome="Passed" testListId="8c84fa94-04c1-424b-9868-57a2d4851a1d" relativeResultsDirectory="3183b9d9-74e1-4fbb-a54f-9e617a85b526" />
    <UnitTestResult executionId="56d8c990-94c3-46a2-a570-73f5d6004447" testId="30dfc8b5-247e-3752-d365-cffe7ad05fc0" testName="LicenseInfoXmlWriter_CreateLicenseInformationXml_SetsFeatureInformation" computerName="DKSR-EFI-04" duration="00:00:00.0069962" startTime="2023-12-22T09:35:59.8351233+01:00" endTime="2023-12-22T09:35:59.8507484+01:00" testType="13cdc9d9-ddb5-4fa4-a97d-d965ccfc6d4b" outcome="Passed" testListId="8c84fa94-04c1-424b-9868-57a2d4851a1d" relativeResultsDirectory="56d8c990-94c3-46a2-a570-73f5d6004447" />
    <UnitTestResult executionId="a637ce4b-345e-4c0e-9be6-aadef0d28375" testId="2b04f178-71af-3f70-144c-088850ff5a57" testName="MoveHardwareTaskCommandHandler_Execute_QueryHardwareById_ReturnNull_FailResponse_HardwareNotFound" computerName="DKSR-EFI-04" duration="00:00:00.0016418" startTime="2023-12-22T09:36:26.2571375+01:00" endTime="2023-12-22T09:36:26.2571375+01:00" testType="13cdc9d9-ddb5-4fa4-a97d-d965ccfc6d4b" outcome="Passed" testListId="8c84fa94-04c1-424b-9868-57a2d4851a1d" relativeResultsDirectory="a637ce4b-345e-4c0e-9be6-aadef0d28375" />
    <UnitTestResult executionId="acb84c12-356d-49c0-906b-f38672b3aeac" testId="5d2d667a-5174-a959-1a9a-e0fcc669a4a1" testName="AllocateLicenses_TwoMissingICPChannelLicensesOneInGrace_OnOneICPWithTwoCamerasAndOneHardwareWithOneCamera" computerName="DKSR-EFI-04" duration="00:00:00.0090423" startTime="2023-12-22T09:35:58.9288695+01:00" endTime="2023-12-22T09:35:58.9288695+01:00" testType="13cdc9d9-ddb5-4fa4-a97d-d965ccfc6d4b" outcome="Passed" testListId="8c84fa94-04c1-424b-9868-57a2d4851a1d" relativeResultsDirectory="acb84c12-356d-49c0-906b-f38672b3aeac">
      <Output>
        <StdOut>Debug Trace:&#xD;
Fail: Attribute value invalid. 'Index'&#xD;
Fail: Attribute value invalid. 'Index'&#xD;
Fail: Attribute value invalid. 'Index'</StdOut>
      </Output>
    </UnitTestResult>
    <UnitTestResult executionId="5170e89c-d0df-441d-b1fc-cced601121f5" testId="78936cb5-5e04-7c42-f020-4f17dd495378" testName="RecordingServerCache_RetrieveNonExistentLicenseFromCache_ReturnsFalse" computerName="DKSR-EFI-04" duration="00:00:00.0005205" startTime="2023-12-22T09:36:06.2570338+01:00" endTime="2023-12-22T09:36:06.2570338+01:00" testType="13cdc9d9-ddb5-4fa4-a97d-d965ccfc6d4b" outcome="Passed" testListId="8c84fa94-04c1-424b-9868-57a2d4851a1d" relativeResultsDirectory="5170e89c-d0df-441d-b1fc-cced601121f5" />
    <UnitTestResult executionId="71bba6b5-7242-4c99-bda8-fcf7085faddb" testId="5b2c3c16-f905-e938-744a-a83fd3813d51" testName="EdgeJobUpdatedCommand_ModelValid_RecorderNotFoundException_Handled" computerName="DKSR-EFI-04" duration="00:00:00.0009901" startTime="2023-12-22T09:34:00.3501374+01:00" endTime="2023-12-22T09:34:00.3501374+01:00" testType="13cdc9d9-ddb5-4fa4-a97d-d965ccfc6d4b" outcome="Passed" testListId="8c84fa94-04c1-424b-9868-57a2d4851a1d" relativeResultsDirectory="71bba6b5-7242-4c99-bda8-fcf7085faddb" />
    <UnitTestResult executionId="4f50d660-a58a-46ab-a04d-8675ca33c777" testId="58156cd4-323d-1734-17be-a12608c05d92" testName="Construct_LicenseSnapshot_InvalidDeviceLicenseInfo_Throws_ArgumentNullException" computerName="DKSR-EFI-04" duration="00:00:00.0006227" startTime="2023-12-22T09:36:15.5539584+01:00" endTime="2023-12-22T09:36:15.5539584+01:00" testType="13cdc9d9-ddb5-4fa4-a97d-d965ccfc6d4b" outcome="Passed" testListId="8c84fa94-04c1-424b-9868-57a2d4851a1d" relativeResultsDirectory="4f50d660-a58a-46ab-a04d-8675ca33c777" />
    <UnitTestResult executionId="1eb76eed-8869-4a46-9ea7-3f3450e7725b" testId="9ba93e8f-3a3e-a383-b7e6-302d9e524cad" testName="HardwareLicense_RemoveExistingLicense_Success" computerName="DKSR-EFI-04" duration="00:00:00.0004852" startTime="2023-12-22T09:36:15.6477081+01:00" endTime="2023-12-22T09:36:15.6477081+01:00" testType="13cdc9d9-ddb5-4fa4-a97d-d965ccfc6d4b" outcome="Passed" testListId="8c84fa94-04c1-424b-9868-57a2d4851a1d" relativeResultsDirectory="1eb76eed-8869-4a46-9ea7-3f3450e7725b" />
    <UnitTestResult executionId="b0db5e26-7ebc-4ad3-afd4-bc58d0e036fa" testId="a4035a40-b70a-c3a2-2fd3-d8d06dc80502" testName="RecorderTaskStopped_RecorderNotFoundException_Handled" computerName="DKSR-EFI-04" duration="00:00:00.0011443" startTime="2023-12-22T09:34:00.6157609+01:00" endTime="2023-12-22T09:34:00.6157609+01:00" testType="13cdc9d9-ddb5-4fa4-a97d-d965ccfc6d4b" outcome="Passed" testListId="8c84fa94-04c1-424b-9868-57a2d4851a1d" relativeResultsDirectory="b0db5e26-7ebc-4ad3-afd4-bc58d0e036fa" />
    <UnitTestResult executionId="5781c30f-3145-42e6-97da-5960b4b2dbde" testId="997ec17f-7be5-22f4-8e7f-5f6553c6f954" testName="RecorderLicense_FindById_EmptyGuid_Throws_ArgumentException" computerName="DKSR-EFI-04" duration="00:00:00.0006562" startTime="2023-12-22T09:36:15.5852099+01:00" endTime="2023-12-22T09:36:15.5852099+01:00" testType="13cdc9d9-ddb5-4fa4-a97d-d965ccfc6d4b" outcome="Passed" testListId="8c84fa94-04c1-424b-9868-57a2d4851a1d" relativeResultsDirectory="5781c30f-3145-42e6-97da-5960b4b2dbde" />
    <UnitTestResult executionId="cf098b1e-c331-4dee-bc41-cb29306fd02e" testId="8c0fccc1-43fa-d4b9-bb3c-3f11a0c20b5f" testName="EvidenceLockOnOldRecorderCommandHandlerTests_ArgumentChecks" computerName="DKSR-EFI-04" duration="00:00:00.0303594" startTime="2023-12-22T09:36:18.6008487+01:00" endTime="2023-12-22T09:36:18.6321028+01:00" testType="13cdc9d9-ddb5-4fa4-a97d-d965ccfc6d4b" outcome="Passed" testListId="8c84fa94-04c1-424b-9868-57a2d4851a1d" relativeResultsDirectory="cf098b1e-c331-4dee-bc41-cb29306fd02e" />
    <UnitTestResult executionId="30257efd-5afc-411a-89fd-c7c4abae37c4" testId="b3914411-03bf-465a-dfb2-7096de3166b3" testName="HardwareInCWAOnWhiteList_ReplacedWithNoInheritance_HardwareNotOnWhiteList_MixedCWAAllowed_FewerChannelsOnReplacedHardware_SomeDevicesInCWA" computerName="DKSR-EFI-04" duration="00:00:00.4111732" startTime="2023-12-22T09:35:27.3349572+01:00" endTime="2023-12-22T09:35:27.7412062+01:00" testType="13cdc9d9-ddb5-4fa4-a97d-d965ccfc6d4b" outcome="Passed" testListId="8c84fa94-04c1-424b-9868-57a2d4851a1d" relativeResultsDirectory="30257efd-5afc-411a-89fd-c7c4abae37c4" />
    <UnitTestResult executionId="b3abfe50-ceba-48d8-a007-ad39e376c550" testId="c9b9aa6a-294c-fdda-e92b-d117f1de4118" testName="Validate_FirstGraceExpireShown_WithNonWhiteListedHardwareOnly_PostAllocation_Success" computerName="DKSR-EFI-04" duration="00:00:00.0672466" startTime="2023-12-22T09:36:00.9132544+01:00" endTime="2023-12-22T09:36:00.9913809+01:00" testType="13cdc9d9-ddb5-4fa4-a97d-d965ccfc6d4b" outcome="Passed" testListId="8c84fa94-04c1-424b-9868-57a2d4851a1d" relativeResultsDirectory="b3abfe50-ceba-48d8-a007-ad39e376c550" />
    <UnitTestResult executionId="612acdaf-ceee-41b8-91af-3cf301843795" testId="eb99bd4e-9cc8-e21f-b14f-dc174e20aaf6" testName="ChannelLicenseCountManager_ReplacementHardware_ClearByRecorder_DoesNotChangeReplacementLimit" computerName="DKSR-EFI-04" duration="00:00:00.0068847" startTime="2023-12-22T09:35:59.1007462+01:00" endTime="2023-12-22T09:35:59.1163700+01:00" testType="13cdc9d9-ddb5-4fa4-a97d-d965ccfc6d4b" outcome="Passed" testListId="8c84fa94-04c1-424b-9868-57a2d4851a1d" relativeResultsDirectory="612acdaf-ceee-41b8-91af-3cf301843795" />
    <UnitTestResult executionId="8226c9ba-56e6-455d-b4ca-004d8bd42550" testId="6975686a-7378-a6a3-28cf-2326d3990cc5" testName="AllocateLicenses_NotActivated_FiveDevices_TwoReplaced_ThreeUnlicensed" computerName="DKSR-EFI-04" duration="00:00:00.0360001" startTime="2023-12-22T09:35:37.0381292+01:00" endTime="2023-12-22T09:35:37.0693800+01:00" testType="13cdc9d9-ddb5-4fa4-a97d-d965ccfc6d4b" outcome="Passed" testListId="8c84fa94-04c1-424b-9868-57a2d4851a1d" relativeResultsDirectory="8226c9ba-56e6-455d-b4ca-004d8bd42550" />
    <UnitTestResult executionId="bb45b4b5-7a94-41fe-881e-f07cc9951108" testId="6c1ad6c9-cc08-bfd2-e6fa-12403c057402" testName="UpdateLicenseState_HasExpiredState_OnExpiredLicense" computerName="DKSR-EFI-04" duration="00:00:00.0158681" startTime="2023-12-22T09:36:00.6007531+01:00" endTime="2023-12-22T09:36:00.6163779+01:00" testType="13cdc9d9-ddb5-4fa4-a97d-d965ccfc6d4b" outcome="Passed" testListId="8c84fa94-04c1-424b-9868-57a2d4851a1d" relativeResultsDirectory="bb45b4b5-7a94-41fe-881e-f07cc9951108">
      <Output>
        <StdOut>Debug Trace:&#xD;
Fail: Attribute value invalid. 'Index'&#xD;
Fail: Attribute value invalid. 'Index'&#xD;
Fail: Attribute value invalid. 'Index'&#xD;
Fail: Attribute value invalid. 'Index'&#xD;
Fail: Attribute value invalid. 'Index'&#xD;
Fail: Attribute value invalid. 'Index'&#xD;
Fail: Attribute value invalid. 'Index'&#xD;
Fail: Attribute value invalid. 'Index'&#xD;
Fail: Attribute value invalid. 'Index'&#xD;
Fail: Attribute value invalid. 'Index'</StdOut>
      </Output>
    </UnitTestResult>
    <UnitTestResult executionId="3c64f47d-c195-43d3-9de2-6169ac006022" testId="a42cc845-687e-1497-569a-71593932f47a" testName="GetConnectedClient_FreeClientExists_CachedClientReturned" computerName="DKSR-EFI-04" duration="00:00:00.0022106" startTime="2023-12-22T09:36:44.9759877+01:00" endTime="2023-12-22T09:36:44.9759877+01:00" testType="13cdc9d9-ddb5-4fa4-a97d-d965ccfc6d4b" outcome="Passed" testListId="8c84fa94-04c1-424b-9868-57a2d4851a1d" relativeResultsDirectory="3c64f47d-c195-43d3-9de2-6169ac006022" />
    <UnitTestResult executionId="7ac3f510-0794-4435-a670-f0b6990c9e96" testId="c41eddf8-e606-5ecf-de95-6871b370bf72" testName="TemporaryLicense_HasCurrentYearToken_NoIndex" computerName="DKSR-EFI-04" duration="00:00:00.0004953" startTime="2023-12-22T09:35:01.7254457+01:00" endTime="2023-12-22T09:35:01.7254457+01:00" testType="13cdc9d9-ddb5-4fa4-a97d-d965ccfc6d4b" outcome="Passed" testListId="8c84fa94-04c1-424b-9868-57a2d4851a1d" relativeResultsDirectory="7ac3f510-0794-4435-a670-f0b6990c9e96" />
    <UnitTestResult executionId="7026df66-0b0d-4646-949c-865ee6425be7" testId="ccb5d8ec-d828-d9e5-1cf2-25e7c6a3265b" testName="HardwareInGraceNotOnWhiteList_ReplacedWith_HardwareNotOnWhiteList_ZeroDevicesOnBoth_ShouldGiveHardwareNewGracePeriod" computerName="DKSR-EFI-04" duration="00:00:00.2255224" startTime="2023-12-22T09:35:58.0851145+01:00" endTime="2023-12-22T09:35:58.3194897+01:00" testType="13cdc9d9-ddb5-4fa4-a97d-d965ccfc6d4b" outcome="Passed" testListId="8c84fa94-04c1-424b-9868-57a2d4851a1d" relativeResultsDirectory="7026df66-0b0d-4646-949c-865ee6425be7" />
    <UnitTestResult executionId="3a51090e-962a-46d0-9862-6c6a43f6982e" testId="be147743-35c1-2ea8-f068-c82e7606ada6" testName="AllocateLicensesNotActivated_OneHardware_NoCameras_SeveralNoneCameraDevices_ValidateNoneCameraDevicesAreLicensed" computerName="DKSR-EFI-04" duration="00:00:00.0514017" startTime="2023-12-22T09:35:37.1475073+01:00" endTime="2023-12-22T09:35:37.2100026+01:00" testType="13cdc9d9-ddb5-4fa4-a97d-d965ccfc6d4b" outcome="Passed" testListId="8c84fa94-04c1-424b-9868-57a2d4851a1d" relativeResultsDirectory="3a51090e-962a-46d0-9862-6c6a43f6982e" />
    <UnitTestResult executionId="0297a46c-4922-4bd9-8867-28d636756f68" testId="9ae46ec7-3ae6-ea0a-534c-bb2cde14043f" testName="CheckMsFailoverStatusCommandHandler_Constructor_ThrowsIfParameterNull" computerName="DKSR-EFI-04" duration="00:00:00.0047927" startTime="2023-12-22T09:36:16.4758388+01:00" endTime="2023-12-22T09:36:16.4914626+01:00" testType="13cdc9d9-ddb5-4fa4-a97d-d965ccfc6d4b" outcome="Passed" testListId="8c84fa94-04c1-424b-9868-57a2d4851a1d" relativeResultsDirectory="0297a46c-4922-4bd9-8867-28d636756f68">
      <Output>
        <StdOut>Debug Trace:&#xD;
Fail: Argument null</StdOut>
      </Output>
    </UnitTestResult>
    <UnitTestResult executionId="7a5722e8-7b7a-464d-b597-b95529077f00" testId="c60edddc-d3cb-adf6-416d-58709eef132f" testName="HardwareInCWANotOnWhiteList_ReplacedWithNoInheritance_HardwareOnWhiteList_CWAAllowed_NewHardwareInCWA" computerName="DKSR-EFI-04" duration="00:00:00.1740799" startTime="2023-12-22T09:35:10.1629882+01:00" endTime="2023-12-22T09:35:10.3348638+01:00" testType="13cdc9d9-ddb5-4fa4-a97d-d965ccfc6d4b" outcome="Passed" testListId="8c84fa94-04c1-424b-9868-57a2d4851a1d" relativeResultsDirectory="7a5722e8-7b7a-464d-b597-b95529077f00" />
    <UnitTestResult executionId="3ea531cb-f5f9-4f69-9e20-ef3775eea8c5" testId="2aeebd21-0ab2-66bb-8d1a-c7e7ef4ee5ab" testName="EvidenceLockOnOldRecorderCommandHandlerTests_OldRecV1_ConfigDelete1RowEdge_Distribution" computerName="DKSR-EFI-04" duration="00:00:00.0170554" startTime="2023-12-22T09:36:18.9446000+01:00" endTime="2023-12-22T09:36:18.9602249+01:00" testType="13cdc9d9-ddb5-4fa4-a97d-d965ccfc6d4b" outcome="Passed" testListId="8c84fa94-04c1-424b-9868-57a2d4851a1d" relativeResultsDirectory="3ea531cb-f5f9-4f69-9e20-ef3775eea8c5" />
    <UnitTestResult executionId="0eafd49f-8a6f-4c17-aefc-ab9380d19a22" testId="2d225ce4-f0f3-62e9-1432-3146c61e9476" testName="EvidenceLockOnOldRecorderCommandHandlerTests_ServerIsCLosing_NoAction" computerName="DKSR-EFI-04" duration="00:00:00.0153549" startTime="2023-12-22T09:36:18.6321028+01:00" endTime="2023-12-22T09:36:18.6477257+01:00" testType="13cdc9d9-ddb5-4fa4-a97d-d965ccfc6d4b" outcome="Passed" testListId="8c84fa94-04c1-424b-9868-57a2d4851a1d" relativeResultsDirectory="0eafd49f-8a6f-4c17-aefc-ab9380d19a22" />
    <UnitTestResult executionId="19f79415-00bc-44e7-97c3-987e8c3f18a2" testId="4c46f4c0-1abc-e7d7-4583-5cd76b35e491" testName="ReleaseClient_ClientIsUnknown_LogMessage" computerName="DKSR-EFI-04" duration="00:00:00.0010071" startTime="2023-12-22T09:36:44.9916147+01:00" endTime="2023-12-22T09:36:45.0072404+01:00" testType="13cdc9d9-ddb5-4fa4-a97d-d965ccfc6d4b" outcome="Passed" testListId="8c84fa94-04c1-424b-9868-57a2d4851a1d" relativeResultsDirectory="19f79415-00bc-44e7-97c3-987e8c3f18a2" />
    <UnitTestResult executionId="b982d785-2184-4c38-967b-8c05dd346170" testId="b980dc1f-9797-a5d1-9815-bd2b5788615a" testName="HardwareInCWAOnWhiteList_ReplacedWithInheritance_HardwareOnWhiteList_NoMoreCWAAllowed_FewerChannelsOnReplacedHardware_NewHardwareInGrace" computerName="DKSR-EFI-04" duration="00:00:00.2697568" startTime="2023-12-22T09:35:20.1942926+01:00" endTime="2023-12-22T09:35:20.4755415+01:00" testType="13cdc9d9-ddb5-4fa4-a97d-d965ccfc6d4b" outcome="Passed" testListId="8c84fa94-04c1-424b-9868-57a2d4851a1d" relativeResultsDirectory="b982d785-2184-4c38-967b-8c05dd346170" />
    <UnitTestResult executionId="762c4c16-81ae-4842-acd5-5686b0c7c116" testId="a576efd2-dc4d-8b08-9b5f-e59b0088fa8e" testName="LicenseCountManager_RemoveHardwareDeviceItemsFromChangesWithoutActivation_ProperlyRemovesDevices" computerName="DKSR-EFI-04" duration="00:00:00.0009911" startTime="2023-12-22T09:35:59.2413706+01:00" endTime="2023-12-22T09:35:59.2413706+01:00" testType="13cdc9d9-ddb5-4fa4-a97d-d965ccfc6d4b" outcome="Passed" testListId="8c84fa94-04c1-424b-9868-57a2d4851a1d" relativeResultsDirectory="762c4c16-81ae-4842-acd5-5686b0c7c116" />
    <UnitTestResult executionId="efafd223-e1d3-4fdd-92e1-bac3d82b632e" testId="38a7d535-346f-78cb-eabe-acccdfeeda1d" testName="CheckConfigurationDataSet_AAC_Device_WithAACSetting_NotLicensed_Throws_ServerServiceException" computerName="DKSR-EFI-04" duration="00:00:00.0030457" startTime="2023-12-22T09:35:59.6319998+01:00" endTime="2023-12-22T09:35:59.6319998+01:00" testType="13cdc9d9-ddb5-4fa4-a97d-d965ccfc6d4b" outcome="Passed" testListId="8c84fa94-04c1-424b-9868-57a2d4851a1d" relativeResultsDirectory="efafd223-e1d3-4fdd-92e1-bac3d82b632e" />
    <UnitTestResult executionId="187f9de6-f928-48bb-b952-4f764ee27d43" testId="3d9fe5b0-0db7-5bff-54c4-e4369ef66212" testName="LicenseCountManager_FindHardwareInGrace_ReturnsEmptyList_OnHardwareInChangesWithoutActivation" computerName="DKSR-EFI-04" duration="00:00:00.0009523" startTime="2023-12-22T09:35:59.4132470+01:00" endTime="2023-12-22T09:35:59.4132470+01:00" testType="13cdc9d9-ddb5-4fa4-a97d-d965ccfc6d4b" outcome="Passed" testListId="8c84fa94-04c1-424b-9868-57a2d4851a1d" relativeResultsDirectory="187f9de6-f928-48bb-b952-4f764ee27d43" />
    <UnitTestResult executionId="f146d780-11d0-46ed-8b1d-b35df72b8d6f" testId="bd8299be-4e34-0ff0-3182-d1da2f6a2abc" testName="AllocateLicenses_HardwareWith20Devices5EnabledAndActivated_Enabling15Devices_ShouldGet5CWA5Grace5Unlicensed_On15LicensesAnd5CWA" computerName="DKSR-EFI-04" duration="00:00:00.2520266" startTime="2023-12-22T09:35:45.2881750+01:00" endTime="2023-12-22T09:35:45.5537962+01:00" testType="13cdc9d9-ddb5-4fa4-a97d-d965ccfc6d4b" outcome="Passed" testListId="8c84fa94-04c1-424b-9868-57a2d4851a1d" relativeResultsDirectory="f146d780-11d0-46ed-8b1d-b35df72b8d6f" />
    <UnitTestResult executionId="09d98f01-0c7e-4324-900a-8b6eaab7e317" testId="a9d74002-2888-07cb-97ea-6e0298ac0fe9" testName="HardwareActivatedNotOnWhiteList_ReplacedWithNoInheritance_HardwareOnWhiteList_MixedCWAAllowed_NewHardwareInCWA" computerName="DKSR-EFI-04" duration="00:00:00.1517145" startTime="2023-12-22T09:35:04.7881876+01:00" endTime="2023-12-22T09:35:04.9285868+01:00" testType="13cdc9d9-ddb5-4fa4-a97d-d965ccfc6d4b" outcome="Passed" testListId="8c84fa94-04c1-424b-9868-57a2d4851a1d" relativeResultsDirectory="09d98f01-0c7e-4324-900a-8b6eaab7e317" />
    <UnitTestResult executionId="464f5fcc-1741-46f4-b92a-95e9734b8695" testId="2e5cdf48-ab53-ed98-9996-66c93f8cff15" testName="AllocateLicensesNotActivated_WhitelistedDriver_CWA_OneHardware_TwoCameras_OneLicense_ValidateLicenseTypes" computerName="DKSR-EFI-04" duration="00:00:00.1155217" startTime="2023-12-22T09:35:38.0537618+01:00" endTime="2023-12-22T09:35:38.1631432+01:00" testType="13cdc9d9-ddb5-4fa4-a97d-d965ccfc6d4b" outcome="Passed" testListId="8c84fa94-04c1-424b-9868-57a2d4851a1d" relativeResultsDirectory="464f5fcc-1741-46f4-b92a-95e9734b8695" />
    <UnitTestResult executionId="9cd9726a-4b4d-418e-b57b-936ba0a2f8c9" testId="ce0ec4ad-4a97-7a3e-1f50-3df70b371e15" testName="IsActivationNeeded_False" computerName="DKSR-EFI-04" duration="00:00:00.0208291" startTime="2023-12-22T09:36:07.9445431+01:00" endTime="2023-12-22T09:36:07.9601672+01:00" testType="13cdc9d9-ddb5-4fa4-a97d-d965ccfc6d4b" outcome="Passed" testListId="8c84fa94-04c1-424b-9868-57a2d4851a1d" relativeResultsDirectory="9cd9726a-4b4d-418e-b57b-936ba0a2f8c9" />
    <UnitTestResult executionId="1e04a04d-9c2a-4860-ab75-438c94e6cef9" testId="4e49a046-f54e-4cc2-9d84-c8faf2cba8c3" testName="QueueAutomaticActivation_QueuesNewActivation_OnFirstCall" computerName="DKSR-EFI-04" duration="00:00:00.0033880" startTime="2023-12-22T09:34:54.2566571+01:00" endTime="2023-12-22T09:34:54.2566571+01:00" testType="13cdc9d9-ddb5-4fa4-a97d-d965ccfc6d4b" outcome="Passed" testListId="8c84fa94-04c1-424b-9868-57a2d4851a1d" relativeResultsDirectory="1e04a04d-9c2a-4860-ab75-438c94e6cef9" />
    <UnitTestResult executionId="abda35b7-3b2d-4f37-a07e-ec196ecaebef" testId="b3ea2405-989d-bda5-2d70-dd8fbc63cffd" testName="DeleteConfigurationItemCommandHandler_Execute_DeleteHardware_Success" computerName="DKSR-EFI-04" duration="00:00:00.5374560" startTime="2023-12-22T09:36:17.6164667+01:00" endTime="2023-12-22T09:36:18.1477226+01:00" testType="13cdc9d9-ddb5-4fa4-a97d-d965ccfc6d4b" outcome="Passed" testListId="8c84fa94-04c1-424b-9868-57a2d4851a1d" relativeResultsDirectory="abda35b7-3b2d-4f37-a07e-ec196ecaebef" />
    <UnitTestResult executionId="8ed04320-b38b-4c8f-a808-169729872a4a" testId="c78dca9a-63e5-01e6-bb96-2b386d6c1931" testName="GetRecorderLicense_NoICP_OneHardware_Success" computerName="DKSR-EFI-04" duration="00:00:00.0172127" startTime="2023-12-22T09:36:06.4289093+01:00" endTime="2023-12-22T09:36:06.4445351+01:00" testType="13cdc9d9-ddb5-4fa4-a97d-d965ccfc6d4b" outcome="Passed" testListId="8c84fa94-04c1-424b-9868-57a2d4851a1d" relativeResultsDirectory="8ed04320-b38b-4c8f-a808-169729872a4a" />
    <UnitTestResult executionId="cbab87ce-fbc8-4b87-8d5b-c2cd4fe231bf" testId="bdf6f93c-9e36-a4ff-e07a-684f4e89f604" testName="ChangeIdpAdminTaskCommandHandlerTests_Clone_Returns_Same_Reference" computerName="DKSR-EFI-04" duration="00:00:00.0024182" startTime="2023-12-22T09:36:16.3820879+01:00" endTime="2023-12-22T09:36:16.3977129+01:00" testType="13cdc9d9-ddb5-4fa4-a97d-d965ccfc6d4b" outcome="Passed" testListId="8c84fa94-04c1-424b-9868-57a2d4851a1d" relativeResultsDirectory="cbab87ce-fbc8-4b87-8d5b-c2cd4fe231bf" />
    <UnitTestResult executionId="573c3af6-bc6c-49f7-9d29-6dec49d5759f" testId="4240e0a8-d309-dd29-49d4-e57d0f8aff14" testName="HardwareInGraceNotOnWhiteList_ReplacedWith_HardwareNotOnWhiteList_NoDevicesOnNewHardware_ShouldGiveHardwareNewGracePeriod" computerName="DKSR-EFI-04" duration="00:00:00.1410122" startTime="2023-12-22T09:35:58.3194897+01:00" endTime="2023-12-22T09:35:58.4601166+01:00" testType="13cdc9d9-ddb5-4fa4-a97d-d965ccfc6d4b" outcome="Passed" testListId="8c84fa94-04c1-424b-9868-57a2d4851a1d" relativeResultsDirectory="573c3af6-bc6c-49f7-9d29-6dec49d5759f" />
    <UnitTestResult executionId="7d5eee3f-c7c6-4b1f-a4d2-2d6f44801a0f" testId="7b2c18b9-3657-3125-16b0-dcdc1657600b" testName="HardwareLicense_FindByHardwareInfo_NotFound_ReturnsNull" computerName="DKSR-EFI-04" duration="00:00:00.0003449" startTime="2023-12-22T09:36:15.6164560+01:00" endTime="2023-12-22T09:36:15.6164560+01:00" testType="13cdc9d9-ddb5-4fa4-a97d-d965ccfc6d4b" outcome="Passed" testListId="8c84fa94-04c1-424b-9868-57a2d4851a1d" relativeResultsDirectory="7d5eee3f-c7c6-4b1f-a4d2-2d6f44801a0f" />
    <UnitTestResult executionId="8d071c14-dbcd-4912-ae1d-f4aa0e253c18" testId="b25228d8-5583-8b5c-5dfc-4e2f438ced94" testName="TaskHandling_ProcessUpdateDiffgram_HostingServer" computerName="DKSR-EFI-04" duration="00:00:00.0723624" startTime="2023-12-22T09:34:31.6784174+01:00" endTime="2023-12-22T09:34:31.7565430+01:00" testType="13cdc9d9-ddb5-4fa4-a97d-d965ccfc6d4b" outcome="Passed" testListId="8c84fa94-04c1-424b-9868-57a2d4851a1d" relativeResultsDirectory="8d071c14-dbcd-4912-ae1d-f4aa0e253c18" />
    <UnitTestResult executionId="ef7e2512-8558-44ed-bef4-62bd7aaa5f75" testId="09154a1f-0b6f-795a-a6d4-6a0d40cceb72" testName="Validate_HardwareNotOnWhiteList_StaysOutOfGrace_WhenGracePeriodExpires" computerName="DKSR-EFI-04" duration="00:00:00.2803589" startTime="2023-12-22T09:35:45.8819218+01:00" endTime="2023-12-22T09:35:46.1631760+01:00" testType="13cdc9d9-ddb5-4fa4-a97d-d965ccfc6d4b" outcome="Passed" testListId="8c84fa94-04c1-424b-9868-57a2d4851a1d" relativeResultsDirectory="ef7e2512-8558-44ed-bef4-62bd7aaa5f75" />
    <UnitTestResult executionId="b40eebfe-5970-404d-995e-103a2ba07164" testId="5d65cf70-fbf7-ed7b-392d-268c0d1993f2" testName="EventCollector_Stop" computerName="DKSR-EFI-04" duration="00:00:00.0015037" startTime="2023-12-22T09:33:57.7563736+01:00" endTime="2023-12-22T09:33:57.7563736+01:00" testType="13cdc9d9-ddb5-4fa4-a97d-d965ccfc6d4b" outcome="Passed" testListId="8c84fa94-04c1-424b-9868-57a2d4851a1d" relativeResultsDirectory="b40eebfe-5970-404d-995e-103a2ba07164" />
    <UnitTestResult executionId="efa54690-8da0-4a2a-b6d2-10d9e91f0a73" testId="d1a4749c-a512-c212-dd5c-736028403990" testName="MoveHardwareTaskCommandHandler_Constructor_Arguments_Null_Throws" computerName="DKSR-EFI-04" duration="00:00:00.0075503" startTime="2023-12-22T09:36:20.1633579+01:00" endTime="2023-12-22T09:36:20.1789839+01:00" testType="13cdc9d9-ddb5-4fa4-a97d-d965ccfc6d4b" outcome="Passed" testListId="8c84fa94-04c1-424b-9868-57a2d4851a1d" relativeResultsDirectory="efa54690-8da0-4a2a-b6d2-10d9e91f0a73">
      <Output>
        <StdOut>Debug Trace:&#xD;
Fail: Argument null</StdOut>
      </Output>
    </UnitTestResult>
    <UnitTestResult executionId="4d8fb669-5f3d-4e9e-85ce-f6de57a1143f" testId="7cff0256-891c-b825-001b-e1188ea43097" testName="ReplaceHardwareCommandHandler_Execute_ReplaceHardware_DoNotInherit_Success" computerName="DKSR-EFI-04" duration="00:00:00.8348434" startTime="2023-12-22T09:36:26.4915151+01:00" endTime="2023-12-22T09:36:27.3352711+01:00" testType="13cdc9d9-ddb5-4fa4-a97d-d965ccfc6d4b" outcome="Passed" testListId="8c84fa94-04c1-424b-9868-57a2d4851a1d" relativeResultsDirectory="4d8fb669-5f3d-4e9e-85ce-f6de57a1143f" />
    <UnitTestResult executionId="1a1a3855-b7df-48a1-a866-425d2c6c4f64" testId="af26d1dc-c8b5-9373-ea2c-0ca851b84928" testName="AllocateLicenses_TwoMissingICPChannelLicenses_OnOneICPWithTwoCameras" computerName="DKSR-EFI-04" duration="00:00:00.0412134" startTime="2023-12-22T09:35:41.2100243+01:00" endTime="2023-12-22T09:35:41.2412762+01:00" testType="13cdc9d9-ddb5-4fa4-a97d-d965ccfc6d4b" outcome="Passed" testListId="8c84fa94-04c1-424b-9868-57a2d4851a1d" relativeResultsDirectory="1a1a3855-b7df-48a1-a866-425d2c6c4f64" />
    <UnitTestResult executionId="4fde09e8-8c9f-45e1-8eb1-7348d8130be0" testId="c858a481-0d0e-3988-c228-6802bc380da7" testName="CreateLicenseInformationXml_Has0InAllCounts_OnActivatedDisabledHardware" computerName="DKSR-EFI-04" duration="00:00:00.0137379" startTime="2023-12-22T09:36:00.4601298+01:00" endTime="2023-12-22T09:36:00.4757533+01:00" testType="13cdc9d9-ddb5-4fa4-a97d-d965ccfc6d4b" outcome="Passed" testListId="8c84fa94-04c1-424b-9868-57a2d4851a1d" relativeResultsDirectory="4fde09e8-8c9f-45e1-8eb1-7348d8130be0">
      <Output>
        <StdOut>Debug Trace:&#xD;
Fail: Attribute value invalid. 'Index'&#xD;
Fail: Attribute value invalid. 'Index'&#xD;
Fail: Attribute value invalid. 'Index'&#xD;
Fail: Attribute value invalid. 'Index'&#xD;
Fail: Attribute value invalid. 'Index'&#xD;
Fail: Attribute value invalid. 'Index'&#xD;
Fail: Attribute value invalid. 'Index'&#xD;
Fail: Attribute value invalid. 'Index'&#xD;
Fail: Attribute value invalid. 'Index'&#xD;
Fail: Attribute value invalid. 'Index'</StdOut>
      </Output>
    </UnitTestResult>
    <UnitTestResult executionId="e8b7fb27-a193-413b-860c-50a7f49a0d40" testId="e99a400b-ed81-5765-bd26-bbc9b70b51b3" testName="ChannelLicenseCountManager_GetCameraFeedLicenseValue_DeviceNotFound_ThrowsInvalidOperationException" computerName="DKSR-EFI-04" duration="00:00:00.0009316" startTime="2023-12-22T09:35:59.0069941+01:00" endTime="2023-12-22T09:35:59.0069941+01:00" testType="13cdc9d9-ddb5-4fa4-a97d-d965ccfc6d4b" outcome="Passed" testListId="8c84fa94-04c1-424b-9868-57a2d4851a1d" relativeResultsDirectory="e8b7fb27-a193-413b-860c-50a7f49a0d40" />
    <UnitTestResult executionId="ac48f406-721d-4098-b799-9387f1dc5b7d" testId="d7ca02f8-7e5d-6bf1-c855-672d978358c4" testName="UpdateLicense_DeletesReplacementTokens_OnHardwareInTemporaryLicenseStorage" computerName="DKSR-EFI-04" duration="00:00:00.0240514" startTime="2023-12-22T09:36:06.9445351+01:00" endTime="2023-12-22T09:36:06.9757860+01:00" testType="13cdc9d9-ddb5-4fa4-a97d-d965ccfc6d4b" outcome="Passed" testListId="8c84fa94-04c1-424b-9868-57a2d4851a1d" relativeResultsDirectory="ac48f406-721d-4098-b799-9387f1dc5b7d" />
    <UnitTestResult executionId="3b700f5d-6b56-4e93-82c8-360612586768" testId="760f9bfd-f7ad-a943-e485-03d97212787c" testName="AllocateLicenses_NotActivated_FiveDevice_FiveChannels_TwoEnabledChannels_TwoInGrace_ThreeHardwareWithNoLicense" computerName="DKSR-EFI-04" duration="00:00:00.1062368" startTime="2023-12-22T09:35:40.9444007+01:00" endTime="2023-12-22T09:35:41.0537742+01:00" testType="13cdc9d9-ddb5-4fa4-a97d-d965ccfc6d4b" outcome="Passed" testListId="8c84fa94-04c1-424b-9868-57a2d4851a1d" relativeResultsDirectory="3b700f5d-6b56-4e93-82c8-360612586768" />
    <UnitTestResult executionId="2e2f25b3-f1e9-4016-b3ff-45a611a2bc18" testId="aea62d5f-9178-cad8-33d2-858954d9a8ee" testName="HardwareScanExpressTaskCommandHandler_Execute_TargetInvocationException_FailResponse" computerName="DKSR-EFI-04" duration="00:00:00.0010556" startTime="2023-12-22T09:36:20.0383549+01:00" endTime="2023-12-22T09:36:20.0383549+01:00" testType="13cdc9d9-ddb5-4fa4-a97d-d965ccfc6d4b" outcome="Passed" testListId="8c84fa94-04c1-424b-9868-57a2d4851a1d" relativeResultsDirectory="2e2f25b3-f1e9-4016-b3ff-45a611a2bc18" />
    <UnitTestResult executionId="a5f3a422-ebb5-44be-8bef-b441ce3baa58" testId="6eb40ab5-a084-c0d6-3e89-20cec91d1dc1" testName="AllocateLicenses_NotActivated_OneLicenseUsed_OnOneHardwareWithOneCameraChannelInGraceAndFourAvailableLicenses" computerName="DKSR-EFI-04" duration="00:00:00.0330008" startTime="2023-12-22T09:35:36.2881240+01:00" endTime="2023-12-22T09:35:36.3193749+01:00" testType="13cdc9d9-ddb5-4fa4-a97d-d965ccfc6d4b" outcome="Passed" testListId="8c84fa94-04c1-424b-9868-57a2d4851a1d" relativeResultsDirectory="a5f3a422-ebb5-44be-8bef-b441ce3baa58" />
    <UnitTestResult executionId="48a27e1e-bdee-414c-8d7d-32d9cc9d80d6" testId="221ba32d-8ed4-b30e-079c-7764b8e4fea8" testName="Log_RecorderNotFoundException_Handled" computerName="DKSR-EFI-04" duration="00:00:00.0032071" startTime="2023-12-22T09:34:00.3813854+01:00" endTime="2023-12-22T09:34:00.3813854+01:00" testType="13cdc9d9-ddb5-4fa4-a97d-d965ccfc6d4b" outcome="Passed" testListId="8c84fa94-04c1-424b-9868-57a2d4851a1d" relativeResultsDirectory="48a27e1e-bdee-414c-8d7d-32d9cc9d80d6" />
    <UnitTestResult executionId="cb2e7c91-2581-4e3b-aac3-2333b1330d3b" testId="c17675a9-d4b5-c266-e823-f450357161ad" testName="DeviceDataDistributionManager_CleanupAll_GetNextResponse_Throws_TimeoutException_NothingDeleted" computerName="DKSR-EFI-04" duration="00:00:00.0007393" startTime="2023-12-22T09:33:57.1001601+01:00" endTime="2023-12-22T09:33:57.1001601+01:00" testType="13cdc9d9-ddb5-4fa4-a97d-d965ccfc6d4b" outcome="Passed" testListId="8c84fa94-04c1-424b-9868-57a2d4851a1d" relativeResultsDirectory="cb2e7c91-2581-4e3b-aac3-2333b1330d3b" />
    <UnitTestResult executionId="8ad935d5-0773-4d22-b372-c9baf7601655" testId="b50a5626-bb3d-0e55-a0ed-bea10bccc2f3" testName="GetHardwareNetworkSettingsCommandHandler_Execute_EmptyRecorderServiceId_ReturnsFailResponse" computerName="DKSR-EFI-04" duration="00:00:00.0011535" startTime="2023-12-22T09:36:19.7571056+01:00" endTime="2023-12-22T09:36:19.7571056+01:00" testType="13cdc9d9-ddb5-4fa4-a97d-d965ccfc6d4b" outcome="Passed" testListId="8c84fa94-04c1-424b-9868-57a2d4851a1d" relativeResultsDirectory="8ad935d5-0773-4d22-b372-c9baf7601655" />
    <UnitTestResult executionId="7f338d8a-d423-49b1-9711-1a11750b3dd1" testId="c2984494-a9d6-3f60-65cb-f333c5e8b61d" testName="HardwareInCWANotOnWhiteList_ReplacedWithInheritance_HardwareNotOnWhiteList_MixedCWAAllowed_MoreChannelsOnReplacedHardware_SomeDevicesInCWA" computerName="DKSR-EFI-04" duration="00:00:00.2251275" startTime="2023-12-22T09:35:25.7568182+01:00" endTime="2023-12-22T09:35:25.9755708+01:00" testType="13cdc9d9-ddb5-4fa4-a97d-d965ccfc6d4b" outcome="Passed" testListId="8c84fa94-04c1-424b-9868-57a2d4851a1d" relativeResultsDirectory="7f338d8a-d423-49b1-9711-1a11750b3dd1" />
    <UnitTestResult executionId="81c33ccb-8b3a-4e7b-849d-bbe4a7ec1eb3" testId="ca21c352-2de4-61fe-d80f-2087fb492d99" testName="ReplaceHardwareTaskCommandHandler_DeviceMapper_NoOldDevices_Test" computerName="DKSR-EFI-04" duration="00:00:00.0034732" startTime="2023-12-22T09:36:28.0540263+01:00" endTime="2023-12-22T09:36:28.0540263+01:00" testType="13cdc9d9-ddb5-4fa4-a97d-d965ccfc6d4b" outcome="Passed" testListId="8c84fa94-04c1-424b-9868-57a2d4851a1d" relativeResultsDirectory="81c33ccb-8b3a-4e7b-849d-bbe4a7ec1eb3" />
    <UnitTestResult executionId="b43714bf-d442-488a-bd5f-ea49653edfea" testId="c9da9639-b50b-7aa2-1b47-3a6f28c4b171" testName="DeviceDataDistributionManager_Dispose_Success" computerName="DKSR-EFI-04" duration="00:00:00.0766217" startTime="2023-12-22T09:33:56.9126189+01:00" endTime="2023-12-22T09:33:56.9907435+01:00" testType="13cdc9d9-ddb5-4fa4-a97d-d965ccfc6d4b" outcome="Passed" testListId="8c84fa94-04c1-424b-9868-57a2d4851a1d" relativeResultsDirectory="b43714bf-d442-488a-bd5f-ea49653edfea" />
    <UnitTestResult executionId="6308156d-3919-4ea3-be6a-e35a02463848" testId="ff508acb-04ad-794b-6a4f-bf5ed375dcc7" testName="AttachedRecorder_TryGetRecorderEntry_Success" computerName="DKSR-EFI-04" duration="00:00:00.0004631" startTime="2023-12-22T09:33:58.1626249+01:00" endTime="2023-12-22T09:33:58.1626249+01:00" testType="13cdc9d9-ddb5-4fa4-a97d-d965ccfc6d4b" outcome="Passed" testListId="8c84fa94-04c1-424b-9868-57a2d4851a1d" relativeResultsDirectory="6308156d-3919-4ea3-be6a-e35a02463848" />
    <UnitTestResult executionId="bab0a944-a731-4a50-bd15-ab816741626d" testId="638d3160-8cbe-cd9d-3f1b-90b931a0f74a" testName="CheckForAutomaticActivationTrigger_ReturnsTrue_OnDeletedHardware" computerName="DKSR-EFI-04" duration="00:00:00.0026570" startTime="2023-12-22T09:36:16.1477086+01:00" endTime="2023-12-22T09:36:16.1477086+01:00" testType="13cdc9d9-ddb5-4fa4-a97d-d965ccfc6d4b" outcome="Passed" testListId="8c84fa94-04c1-424b-9868-57a2d4851a1d" relativeResultsDirectory="bab0a944-a731-4a50-bd15-ab816741626d" />
    <UnitTestResult executionId="43d4e5a3-8d7c-41c2-b8fc-f435abd4e2ca" testId="d66d846d-f020-a449-c804-a1a3d083e207" testName="SetMatrixView_ModelIsNull_BadRequestResult" computerName="DKSR-EFI-04" duration="00:00:00.0008658" startTime="2023-12-22T09:34:00.4751380+01:00" endTime="2023-12-22T09:34:00.4751380+01:00" testType="13cdc9d9-ddb5-4fa4-a97d-d965ccfc6d4b" outcome="Passed" testListId="8c84fa94-04c1-424b-9868-57a2d4851a1d" relativeResultsDirectory="43d4e5a3-8d7c-41c2-b8fc-f435abd4e2ca" />
    <UnitTestResult executionId="1a413f44-070c-4582-b8d3-f53337ad487c" testId="eee68226-2ed0-bd84-4e65-b8bb4f9c8e73" testName="GetRecorderLicense_DoesNotRegeneratesReplacementToken_OnNoMoreSpaceLeftInReplacementLimit" computerName="DKSR-EFI-04" duration="00:00:00.0120271" startTime="2023-12-22T09:36:06.5226603+01:00" endTime="2023-12-22T09:36:06.5382850+01:00" testType="13cdc9d9-ddb5-4fa4-a97d-d965ccfc6d4b" outcome="Passed" testListId="8c84fa94-04c1-424b-9868-57a2d4851a1d" relativeResultsDirectory="1a413f44-070c-4582-b8d3-f53337ad487c" />
    <UnitTestResult executionId="c4303b56-01d3-44d3-8d55-104fe5ea806c" testId="1841a497-6454-a206-f0aa-3b0869fd2463" testName="CheckExternalRecorderRegistrationCommandHandler_Execute_ReturnsRecorderUnavailableResponseOnRecorderNotConnected" computerName="DKSR-EFI-04" duration="00:00:00.0008480" startTime="2023-12-22T09:36:16.4758388+01:00" endTime="2023-12-22T09:36:16.4758388+01:00" testType="13cdc9d9-ddb5-4fa4-a97d-d965ccfc6d4b" outcome="Passed" testListId="8c84fa94-04c1-424b-9868-57a2d4851a1d" relativeResultsDirectory="c4303b56-01d3-44d3-8d55-104fe5ea806c" />
    <UnitTestResult executionId="b404e875-d674-4be0-9210-cbaf83060071" testId="a567eb44-b9b3-10da-64f7-98055ff68c28" testName="NextActivation_IsDateTimeMin_OnNoActivationQueued" computerName="DKSR-EFI-04" duration="00:00:00.0003028" startTime="2023-12-22T09:34:54.2879070+01:00" endTime="2023-12-22T09:34:54.2879070+01:00" testType="13cdc9d9-ddb5-4fa4-a97d-d965ccfc6d4b" outcome="Passed" testListId="8c84fa94-04c1-424b-9868-57a2d4851a1d" relativeResultsDirectory="b404e875-d674-4be0-9210-cbaf83060071" />
    <UnitTestResult executionId="51f4c367-1e99-4cba-a747-54024411f860" testId="f7c16456-b7d4-66e5-3c74-5f452b4337f8" testName="EvidenceLockOnOldRecorderCommandHandlerTests_OldRec_ConfigOther" computerName="DKSR-EFI-04" duration="00:00:00.0175591" startTime="2023-12-22T09:36:19.3664772+01:00" endTime="2023-12-22T09:36:19.3821041+01:00" testType="13cdc9d9-ddb5-4fa4-a97d-d965ccfc6d4b" outcome="Passed" testListId="8c84fa94-04c1-424b-9868-57a2d4851a1d" relativeResultsDirectory="51f4c367-1e99-4cba-a747-54024411f860" />
    <UnitTestResult executionId="790d0d6b-2533-4f05-b03d-8b9dacfb5a17" testId="8db4006b-09ed-19b8-394b-3946d8427802" testName="DatabaseResponseDiskUsages_ModelIsNull_BadRequestResult" computerName="DKSR-EFI-04" duration="00:00:00.0005727" startTime="2023-12-22T09:34:01.0376392+01:00" endTime="2023-12-22T09:34:01.0376392+01:00" testType="13cdc9d9-ddb5-4fa4-a97d-d965ccfc6d4b" outcome="Passed" testListId="8c84fa94-04c1-424b-9868-57a2d4851a1d" relativeResultsDirectory="790d0d6b-2533-4f05-b03d-8b9dacfb5a17" />
    <UnitTestResult executionId="c2bb2c94-8ddb-4732-a5de-2a3161f98374" testId="dc91f0fb-b6fd-71a4-1714-2638b5248a24" testName="UploadFileChunkCommandHandler_Execute_Failed_InvalidChecksum" computerName="DKSR-EFI-04" duration="00:00:00.0020625" startTime="2023-12-22T09:36:44.7572389+01:00" endTime="2023-12-22T09:36:44.7572389+01:00" testType="13cdc9d9-ddb5-4fa4-a97d-d965ccfc6d4b" outcome="Passed" testListId="8c84fa94-04c1-424b-9868-57a2d4851a1d" relativeResultsDirectory="c2bb2c94-8ddb-4732-a5de-2a3161f98374" />
    <UnitTestResult executionId="00a73952-b730-4221-a21f-5b299fa27989" testId="dd8971b6-9a2a-9606-89e4-ca620fef9943" testName="UploadFileChunkCommandHandler_Execute_Failed_TransferOverflow" computerName="DKSR-EFI-04" duration="00:00:00.0053077" startTime="2023-12-22T09:36:44.7416120+01:00" endTime="2023-12-22T09:36:44.7572389+01:00" testType="13cdc9d9-ddb5-4fa4-a97d-d965ccfc6d4b" outcome="Passed" testListId="8c84fa94-04c1-424b-9868-57a2d4851a1d" relativeResultsDirectory="00a73952-b730-4221-a21f-5b299fa27989">
      <Output>
        <StdOut>Debug Trace:&#xD;
Fail: Chunk size was larger than expected.</StdOut>
      </Output>
    </UnitTestResult>
    <UnitTestResult executionId="560d4b8c-29a5-4b41-9778-5e628616278a" testId="d18da944-7e75-6c06-b1c7-1f96f8921220" testName="GetRecorderLicense_AddsHardwareToGrace_OnMoreHardwareThanReplacementLimit" computerName="DKSR-EFI-04" duration="00:00:00.0111432" startTime="2023-12-22T09:36:06.4601592+01:00" endTime="2023-12-22T09:36:06.4757850+01:00" testType="13cdc9d9-ddb5-4fa4-a97d-d965ccfc6d4b" outcome="Passed" testListId="8c84fa94-04c1-424b-9868-57a2d4851a1d" relativeResultsDirectory="560d4b8c-29a5-4b41-9778-5e628616278a" />
    <UnitTestResult executionId="7f31162c-1741-48a9-a1db-223c080541cb" testId="91dd978c-0ad7-4b3f-d8f2-34b667406e7e" testName="HardwareInCWANotOnWhiteList_ReplacedWithInheritance_HardwareOnWhiteList_NoMoreCWAAllowed_NewHardwareInGrace" computerName="DKSR-EFI-04" duration="00:00:00.7912778" startTime="2023-12-22T09:35:12.5223756+01:00" endTime="2023-12-22T09:35:13.3036296+01:00" testType="13cdc9d9-ddb5-4fa4-a97d-d965ccfc6d4b" outcome="Passed" testListId="8c84fa94-04c1-424b-9868-57a2d4851a1d" relativeResultsDirectory="7f31162c-1741-48a9-a1db-223c080541cb" />
    <UnitTestResult executionId="848f11b8-983c-4383-8632-c4775c265e38" testId="79692448-4334-8217-153a-6c48b576df43" testName="HardwareLicense_GetExpireDate_NullHardwareInfo_Throws_ArgumentNullException" computerName="DKSR-EFI-04" duration="00:00:00.0007244" startTime="2023-12-22T09:36:15.6633320+01:00" endTime="2023-12-22T09:36:15.6633320+01:00" testType="13cdc9d9-ddb5-4fa4-a97d-d965ccfc6d4b" outcome="Passed" testListId="8c84fa94-04c1-424b-9868-57a2d4851a1d" relativeResultsDirectory="848f11b8-983c-4383-8632-c4775c265e38" />
    <UnitTestResult executionId="5e8651ba-d556-492a-9dd5-26dc8a3c34fd" testId="771599c9-a15d-63d0-9d03-0c9f01b38cf7" testName="CurrentVersions_ModelValid_Success" computerName="DKSR-EFI-04" duration="00:00:00.0012204" startTime="2023-12-22T09:33:59.7720079+01:00" endTime="2023-12-22T09:33:59.7720079+01:00" testType="13cdc9d9-ddb5-4fa4-a97d-d965ccfc6d4b" outcome="Passed" testListId="8c84fa94-04c1-424b-9868-57a2d4851a1d" relativeResultsDirectory="5e8651ba-d556-492a-9dd5-26dc8a3c34fd" />
    <UnitTestResult executionId="6ffd1cc4-3e08-4bfe-966e-f2f8e4338b8b" testId="93f501f4-581a-65e8-06b9-840cb25c5b26" testName="AnalyzeAndCreateAuditLogs_AddedSecurityPermissionsRow_ReturnsOneAuditLog" computerName="DKSR-EFI-04" duration="00:00:00.0045721" startTime="2023-12-22T09:36:17.5070918+01:00" endTime="2023-12-22T09:36:17.5227175+01:00" testType="13cdc9d9-ddb5-4fa4-a97d-d965ccfc6d4b" outcome="Passed" testListId="8c84fa94-04c1-424b-9868-57a2d4851a1d" relativeResultsDirectory="6ffd1cc4-3e08-4bfe-966e-f2f8e4338b8b" />
    <UnitTestResult executionId="4b8b0f0a-1279-46e1-a67c-79cfab741c9c" testId="f98c0e94-d687-26ec-f08b-72f9975ee1e5" testName="ConfigurationDataSetLoader_GetHardwareByHardwareId_Success" computerName="DKSR-EFI-04" duration="00:00:00.0008792" startTime="2023-12-22T09:36:15.9289590+01:00" endTime="2023-12-22T09:36:15.9289590+01:00" testType="13cdc9d9-ddb5-4fa4-a97d-d965ccfc6d4b" outcome="Passed" testListId="8c84fa94-04c1-424b-9868-57a2d4851a1d" relativeResultsDirectory="4b8b0f0a-1279-46e1-a67c-79cfab741c9c" />
    <UnitTestResult executionId="2e314757-eb30-4c4a-9050-26553e47958d" testId="566b96f6-b08e-adfc-0365-29c5b7626e94" testName="TemporaryLicensesStorage_ClearReplacementToken_RemovesExistingReplacementTokens" computerName="DKSR-EFI-04" duration="00:00:00.0016450" startTime="2023-12-22T09:36:15.8039584+01:00" endTime="2023-12-22T09:36:15.8039584+01:00" testType="13cdc9d9-ddb5-4fa4-a97d-d965ccfc6d4b" outcome="Passed" testListId="8c84fa94-04c1-424b-9868-57a2d4851a1d" relativeResultsDirectory="2e314757-eb30-4c4a-9050-26553e47958d" />
    <UnitTestResult executionId="9a3dbffa-64e8-44b4-ac45-c8d25c7b9df7" testId="45331505-4432-2593-3699-d42f8ffbaedd" testName="AnalyzeAndCreateAuditLogs_ModifiedSecurityPermissionsRowToSameValue_ReturnsNoAuditLog" computerName="DKSR-EFI-04" duration="00:00:00.0032923" startTime="2023-12-22T09:36:17.5383433+01:00" endTime="2023-12-22T09:36:17.5383433+01:00" testType="13cdc9d9-ddb5-4fa4-a97d-d965ccfc6d4b" outcome="Passed" testListId="8c84fa94-04c1-424b-9868-57a2d4851a1d" relativeResultsDirectory="9a3dbffa-64e8-44b4-ac45-c8d25c7b9df7" />
    <UnitTestResult executionId="bef0ceb6-64b8-49ca-b5a8-2622060a7412" testId="cc7717c8-6ebf-bd64-52ca-358afed978e1" testName="ChangeHardwarePasswordTaskCommandHandler_Execute_Failed_UserLevelAnonymousNotAllowed_Response" computerName="DKSR-EFI-04" duration="00:00:00.0007720" startTime="2023-12-22T09:36:16.3664617+01:00" endTime="2023-12-22T09:36:16.3664617+01:00" testType="13cdc9d9-ddb5-4fa4-a97d-d965ccfc6d4b" outcome="Passed" testListId="8c84fa94-04c1-424b-9868-57a2d4851a1d" relativeResultsDirectory="bef0ceb6-64b8-49ca-b5a8-2622060a7412" />
    <UnitTestResult executionId="afde5c88-4dd2-46e8-b10d-c45b4ebad861" testId="83c9a1d0-5d19-19e1-c667-b2f4a5423662" testName="EvidenceLockOnOldRecorderCommandHandlerTests_OldRecV2_ConfigEdit1Row" computerName="DKSR-EFI-04" duration="00:00:00.0163940" startTime="2023-12-22T09:36:19.2571018+01:00" endTime="2023-12-22T09:36:19.2727265+01:00" testType="13cdc9d9-ddb5-4fa4-a97d-d965ccfc6d4b" outcome="Passed" testListId="8c84fa94-04c1-424b-9868-57a2d4851a1d" relativeResultsDirectory="afde5c88-4dd2-46e8-b10d-c45b4ebad861" />
    <UnitTestResult executionId="75bb7b67-ae3e-4df2-9863-04d62e18e686" testId="85c966cb-c8a4-0c1a-1dd8-86769a853ac4" testName="MoveHardwareTaskCommandHandler_Execute_Check_Drivers_Throws_SqlException_Success_With_Warnings" computerName="DKSR-EFI-04" duration="00:00:00.2329719" startTime="2023-12-22T09:36:24.6165072+01:00" endTime="2023-12-22T09:36:24.8508808+01:00" testType="13cdc9d9-ddb5-4fa4-a97d-d965ccfc6d4b" outcome="Passed" testListId="8c84fa94-04c1-424b-9868-57a2d4851a1d" relativeResultsDirectory="75bb7b67-ae3e-4df2-9863-04d62e18e686">
      <Output>
        <StdOut>Progress: 10&#xD;
Progress: 20&#xD;
Progress: 30&#xD;
Progress: 35&#xD;
Progress: 40&#xD;
Progress: 42&#xD;
Progress: 44&#xD;
Progress: 60&#xD;
Progress: 70&#xD;
Progress: 80&#xD;
Progress: 90&#xD;
Progress: 95&#xD;
Progress: 100</StdOut>
      </Output>
    </UnitTestResult>
    <UnitTestResult executionId="65da8e22-325c-4c9a-851d-ced8e6474ee6" testId="ebcc417d-cc96-72ca-2217-d9dc9359c6a9" testName="UpdateReadOnlySettings_InvalidRecorder_NotFoundResult" computerName="DKSR-EFI-04" duration="00:00:00.0007706" startTime="2023-12-22T09:34:01.1157648+01:00" endTime="2023-12-22T09:34:01.1157648+01:00" testType="13cdc9d9-ddb5-4fa4-a97d-d965ccfc6d4b" outcome="Passed" testListId="8c84fa94-04c1-424b-9868-57a2d4851a1d" relativeResultsDirectory="65da8e22-325c-4c9a-851d-ced8e6474ee6" />
    <UnitTestResult executionId="68d05caa-4f4a-49a3-b308-dd2536fa85c3" testId="2096a8a0-5e79-c1b2-15fc-8f66937fab5f" testName="GetHardwareUsersCommandHandler_Execute_RecorderNotSupported_ReturnsCorrectResponse" computerName="DKSR-EFI-04" duration="00:00:00.0012431" startTime="2023-12-22T09:36:19.8039781+01:00" endTime="2023-12-22T09:36:19.8039781+01:00" testType="13cdc9d9-ddb5-4fa4-a97d-d965ccfc6d4b" outcome="Passed" testListId="8c84fa94-04c1-424b-9868-57a2d4851a1d" relativeResultsDirectory="68d05caa-4f4a-49a3-b308-dd2536fa85c3" />
    <UnitTestResult executionId="bf6384bd-ab98-47b6-a184-96aeff2dce51" testId="055ed5c2-5e4f-8716-0112-40bea275f5c2" testName="Validate_AddDeviceToCWA_WithNullMac_ThrowsArgumentNullException" computerName="DKSR-EFI-04" duration="00:00:00.0012261" startTime="2023-12-22T09:35:59.1476209+01:00" endTime="2023-12-22T09:35:59.1476209+01:00" testType="13cdc9d9-ddb5-4fa4-a97d-d965ccfc6d4b" outcome="Passed" testListId="8c84fa94-04c1-424b-9868-57a2d4851a1d" relativeResultsDirectory="bf6384bd-ab98-47b6-a184-96aeff2dce51" />
    <UnitTestResult executionId="5d631539-98c3-41c6-9b60-fb3fb62bd15e" testId="df74db5f-c82f-c4c0-40a8-80b8e4dba499" testName="HardwareActivatedNotOnWhiteList_ReplacedWith_HardwareNotOnWhiteList_NoCameraChannelsInCWA" computerName="DKSR-EFI-04" duration="00:00:00.1515103" startTime="2023-12-22T09:35:33.7412378+01:00" endTime="2023-12-22T09:35:33.8974870+01:00" testType="13cdc9d9-ddb5-4fa4-a97d-d965ccfc6d4b" outcome="Passed" testListId="8c84fa94-04c1-424b-9868-57a2d4851a1d" relativeResultsDirectory="5d631539-98c3-41c6-9b60-fb3fb62bd15e" />
    <UnitTestResult executionId="7ec9d24f-61fc-4d23-9986-a1c3d9bf5b9f" testId="2a6f4f46-f067-6560-f6b5-5d4fd1a8413c" testName="Validate_IsDeviceInChangesWithoutActivation_WithNullMac_ThrowsArgumentNullException" computerName="DKSR-EFI-04" duration="00:00:00.0017092" startTime="2023-12-22T09:35:59.1944960+01:00" endTime="2023-12-22T09:35:59.1944960+01:00" testType="13cdc9d9-ddb5-4fa4-a97d-d965ccfc6d4b" outcome="Passed" testListId="8c84fa94-04c1-424b-9868-57a2d4851a1d" relativeResultsDirectory="7ec9d24f-61fc-4d23-9986-a1c3d9bf5b9f" />
    <UnitTestResult executionId="02226dc3-0c1a-49cf-ad4f-79526d17db50" testId="0006f07b-d80e-27c3-ccc2-5c671db24d37" testName="ChangeHardwarePasswordTaskCommandHandler_Execute_Succeeded" computerName="DKSR-EFI-04" duration="00:00:00.0315009" startTime="2023-12-22T09:36:16.2727136+01:00" endTime="2023-12-22T09:36:16.3039634+01:00" testType="13cdc9d9-ddb5-4fa4-a97d-d965ccfc6d4b" outcome="Passed" testListId="8c84fa94-04c1-424b-9868-57a2d4851a1d" relativeResultsDirectory="02226dc3-0c1a-49cf-ad4f-79526d17db50" />
    <UnitTestResult executionId="40bff29f-96df-49aa-9fcf-dcb471a86293" testId="818cea1f-5917-1618-f3c7-5914c367a3d4" testName="CheckConfigurationDataSetTest_NotLicensedPass" computerName="DKSR-EFI-04" duration="00:00:00.0065128" startTime="2023-12-22T09:35:59.4757471+01:00" endTime="2023-12-22T09:35:59.4913728+01:00" testType="13cdc9d9-ddb5-4fa4-a97d-d965ccfc6d4b" outcome="Passed" testListId="8c84fa94-04c1-424b-9868-57a2d4851a1d" relativeResultsDirectory="40bff29f-96df-49aa-9fcf-dcb471a86293" />
    <UnitTestResult executionId="8a844f72-f815-4c7f-bd20-ba23f243ed2f" testId="c28da101-8ebd-02f8-b68f-6817770438f4" testName="ReplaceHardwareCommandHandler_Construction_Null_Tests" computerName="DKSR-EFI-04" duration="00:00:00.0005366" startTime="2023-12-22T09:36:26.4758893+01:00" endTime="2023-12-22T09:36:26.4758893+01:00" testType="13cdc9d9-ddb5-4fa4-a97d-d965ccfc6d4b" outcome="Passed" testListId="8c84fa94-04c1-424b-9868-57a2d4851a1d" relativeResultsDirectory="8a844f72-f815-4c7f-bd20-ba23f243ed2f" />
    <UnitTestResult executionId="f8f0c56a-e41e-4d50-a6bd-d4569b0f0aa0" testId="00ba3071-31c1-0f6e-3800-6f9ad50402df" testName="TaskHandling_ProcessUpdateDiffgram_Hardware_Null_InitialValue_Value_C18NDigest" computerName="DKSR-EFI-04" duration="00:00:00.0089247" startTime="2023-12-22T09:34:31.7721671+01:00" endTime="2023-12-22T09:34:31.7877910+01:00" testType="13cdc9d9-ddb5-4fa4-a97d-d965ccfc6d4b" outcome="Passed" testListId="8c84fa94-04c1-424b-9868-57a2d4851a1d" relativeResultsDirectory="f8f0c56a-e41e-4d50-a6bd-d4569b0f0aa0" />
    <UnitTestResult executionId="d8d3974f-b9dc-4944-8e89-28df1896b6ef" testId="707c8cef-f4b9-4d6c-816f-02a28a120756" testName="GetCompleteConfiguration_RequestedWorkRejected_ServiceUnavailableResponseWithCorrectRetryAfterValue" computerName="DKSR-EFI-04" duration="00:00:00.1030498" startTime="2023-12-22T09:33:59.6626356+01:00" endTime="2023-12-22T09:33:59.7563830+01:00" testType="13cdc9d9-ddb5-4fa4-a97d-d965ccfc6d4b" outcome="Passed" testListId="8c84fa94-04c1-424b-9868-57a2d4851a1d" relativeResultsDirectory="d8d3974f-b9dc-4944-8e89-28df1896b6ef" />
    <UnitTestResult executionId="dbf4796e-05ce-498b-a325-91728aa3b6c2" testId="34db90ba-7cc6-925f-b388-252fcd27491d" testName="DeviceLicense_FindById_Found_ReturnsValidInstance" computerName="DKSR-EFI-04" duration="00:00:00.0009802" startTime="2023-12-22T09:36:15.6789582+01:00" endTime="2023-12-22T09:36:15.6789582+01:00" testType="13cdc9d9-ddb5-4fa4-a97d-d965ccfc6d4b" outcome="Passed" testListId="8c84fa94-04c1-424b-9868-57a2d4851a1d" relativeResultsDirectory="dbf4796e-05ce-498b-a325-91728aa3b6c2" />
    <UnitTestResult executionId="45a5e03e-d58f-41d8-87cd-7dc5991e5006" testId="a2f1447d-309c-7b8f-f7c4-bb2a932bcd02" testName="ChannelLicenseCountManager_ICP_CorrectCount" computerName="DKSR-EFI-04" duration="00:00:00.0007891" startTime="2023-12-22T09:35:59.1319955+01:00" endTime="2023-12-22T09:35:59.1319955+01:00" testType="13cdc9d9-ddb5-4fa4-a97d-d965ccfc6d4b" outcome="Passed" testListId="8c84fa94-04c1-424b-9868-57a2d4851a1d" relativeResultsDirectory="45a5e03e-d58f-41d8-87cd-7dc5991e5006" />
    <UnitTestResult executionId="1bbb1ddd-e739-4a8c-b819-a4a4e8a0de43" testId="aaa036b3-a7bb-26a3-056e-9fe53c0f9a73" testName="OnException_ExceptionOtherThanNotSupportedByLegacyRecorderException_ReponseIsUnchaged" computerName="DKSR-EFI-04" duration="00:00:00.0007587" startTime="2023-12-22T09:34:00.8345128+01:00" endTime="2023-12-22T09:34:00.8345128+01:00" testType="13cdc9d9-ddb5-4fa4-a97d-d965ccfc6d4b" outcome="Passed" testListId="8c84fa94-04c1-424b-9868-57a2d4851a1d" relativeResultsDirectory="1bbb1ddd-e739-4a8c-b819-a4a4e8a0de43" />
    <UnitTestResult executionId="c78eb3c0-ea9a-4c5c-896d-b89a600349b4" testId="9fd4eb66-24c8-4e78-e05e-2e76a515b4f1" testName="ValidateCWA_EnsurePreviousDevicesInCWADoNotGetKickedOut" computerName="DKSR-EFI-04" duration="00:00:00.1593505" startTime="2023-12-22T09:35:35.3037448+01:00" endTime="2023-12-22T09:35:35.4599971+01:00" testType="13cdc9d9-ddb5-4fa4-a97d-d965ccfc6d4b" outcome="Passed" testListId="8c84fa94-04c1-424b-9868-57a2d4851a1d" relativeResultsDirectory="c78eb3c0-ea9a-4c5c-896d-b89a600349b4" />
    <UnitTestResult executionId="18aa895e-f8a5-40f7-9180-947dc493de09" testId="ba224a7a-9b82-e0f9-acfc-35de5387eaad" testName="MoveHardwareTaskCommandHandler_Execute_WriteConfigurationDataSetChangesToDatabase_DBConcurrencyException_FailResponse_LicenseConfigurationFailed" computerName="DKSR-EFI-04" duration="00:00:00.2559472" startTime="2023-12-22T09:36:25.7102613+01:00" endTime="2023-12-22T09:36:25.9758872+01:00" testType="13cdc9d9-ddb5-4fa4-a97d-d965ccfc6d4b" outcome="Passed" testListId="8c84fa94-04c1-424b-9868-57a2d4851a1d" relativeResultsDirectory="18aa895e-f8a5-40f7-9180-947dc493de09">
      <Output>
        <StdOut>Progress: 10&#xD;
Progress: 20&#xD;
Progress: 30&#xD;
Progress: 35&#xD;
Progress: 40&#xD;
Progress: 42&#xD;
Progress: 44&#xD;
Progress: 60&#xD;
Progress: 70&#xD;
Progress: 80&#xD;
Progress: 90&#xD;
Progress: 95&#xD;
Progress: 100</StdOut>
      </Output>
    </UnitTestResult>
    <UnitTestResult executionId="325e4d7a-b017-410d-bc82-7ff700e66a65" testId="ba4d0b9c-16c8-4e97-7a27-5de87c475a55" testName="Start_OutOfRange_ThrowsArgumentOutOfRangeException" computerName="DKSR-EFI-04" duration="00:00:00.0100281" startTime="2023-12-22T09:34:53.9597820+01:00" endTime="2023-12-22T09:34:53.9754081+01:00" testType="13cdc9d9-ddb5-4fa4-a97d-d965ccfc6d4b" outcome="Passed" testListId="8c84fa94-04c1-424b-9868-57a2d4851a1d" relativeResultsDirectory="325e4d7a-b017-410d-bc82-7ff700e66a65" />
    <UnitTestResult executionId="0a7d0d7f-1b74-4b14-a8d6-de79a65d44cd" testId="071fc03d-f5f7-e631-de7f-6b667f719565" testName="CheckConfigurationDataSet_AAC_Device_WithAACSetting_Licensed_Success" computerName="DKSR-EFI-04" duration="00:00:00.0025655" startTime="2023-12-22T09:35:59.6319998+01:00" endTime="2023-12-22T09:35:59.6319998+01:00" testType="13cdc9d9-ddb5-4fa4-a97d-d965ccfc6d4b" outcome="Passed" testListId="8c84fa94-04c1-424b-9868-57a2d4851a1d" relativeResultsDirectory="0a7d0d7f-1b74-4b14-a8d6-de79a65d44cd" />
    <UnitTestResult executionId="91fd17bc-ef15-41fe-a07b-6fa9d3d636e3" testId="77eb0b86-06ef-45b3-c214-4c40661ad61b" testName="ProcessConfigurationChangeTasks_InsertUpdateUpdate_Updates_Batched" computerName="DKSR-EFI-04" duration="00:00:00.0511552" startTime="2023-12-22T09:34:24.3503152+01:00" endTime="2023-12-22T09:34:24.4127550+01:00" testType="13cdc9d9-ddb5-4fa4-a97d-d965ccfc6d4b" outcome="Passed" testListId="8c84fa94-04c1-424b-9868-57a2d4851a1d" relativeResultsDirectory="91fd17bc-ef15-41fe-a07b-6fa9d3d636e3" />
    <UnitTestResult executionId="4aa6ce3c-6dd0-4da3-b0db-d9da48387473" testId="4d7616d3-3d89-3b42-9496-b2ce88cc2ef7" testName="CleanUp_KeepAliveNotExceededOnFreeClient_ClientIsNotRemoved" computerName="DKSR-EFI-04" duration="00:00:00.0008196" startTime="2023-12-22T09:36:45.0072404+01:00" endTime="2023-12-22T09:36:45.0072404+01:00" testType="13cdc9d9-ddb5-4fa4-a97d-d965ccfc6d4b" outcome="Passed" testListId="8c84fa94-04c1-424b-9868-57a2d4851a1d" relativeResultsDirectory="4aa6ce3c-6dd0-4da3-b0db-d9da48387473" />
    <UnitTestResult executionId="a9c43d2d-b669-4fbb-b6a5-023d24a8f8d2" testId="be135087-9495-377b-5170-5bdf47afeca0" testName="ChannelLicenseCountManager_AddLicensedCameraFeed_NullDeviceInfo_ThrowsArgumentNullException" computerName="DKSR-EFI-04" duration="00:00:00.0007858" startTime="2023-12-22T09:35:59.0226210+01:00" endTime="2023-12-22T09:35:59.0382455+01:00" testType="13cdc9d9-ddb5-4fa4-a97d-d965ccfc6d4b" outcome="Passed" testListId="8c84fa94-04c1-424b-9868-57a2d4851a1d" relativeResultsDirectory="a9c43d2d-b669-4fbb-b6a5-023d24a8f8d2" />
    <UnitTestResult executionId="413a68e2-1139-446d-b6a6-b5e4134d7d16" testId="92076d0f-acfe-255b-5fb1-f30e5a145d3b" testName="CheckConfigurationDataSet_AAC_Hardware_NoAACSetting_NotLicensed_Sucess" computerName="DKSR-EFI-04" duration="00:00:00.0209859" startTime="2023-12-22T09:35:59.5851248+01:00" endTime="2023-12-22T09:35:59.6007501+01:00" testType="13cdc9d9-ddb5-4fa4-a97d-d965ccfc6d4b" outcome="Passed" testListId="8c84fa94-04c1-424b-9868-57a2d4851a1d" relativeResultsDirectory="413a68e2-1139-446d-b6a6-b5e4134d7d16" />
    <UnitTestResult executionId="445795ae-1259-4c2c-8aaf-bce4ff4ce48b" testId="a796f8c8-c899-7521-39b3-459eecb51261" testName="HardwareActivatedNotOnWhiteList_ReplacedWithNoInheritance_HardwareNotOnWhiteList_DifferentCameraChannelsInCWA" computerName="DKSR-EFI-04" duration="00:00:00.1462581" startTime="2023-12-22T09:35:33.4912375+01:00" endTime="2023-12-22T09:35:33.6318641+01:00" testType="13cdc9d9-ddb5-4fa4-a97d-d965ccfc6d4b" outcome="Passed" testListId="8c84fa94-04c1-424b-9868-57a2d4851a1d" relativeResultsDirectory="445795ae-1259-4c2c-8aaf-bce4ff4ce48b" />
    <UnitTestResult executionId="b66ecb76-d5f0-4cff-8731-035a1d331587" testId="277de6c8-9010-a1ae-4d40-ec165c51a438" testName="HardwareActivatedOnWhiteList_ReplacedWithNoInheritance_HardwareNotOnWhiteList_NoCWAAllowed_AllDevicesInGrace" computerName="DKSR-EFI-04" duration="00:00:00.4098924" startTime="2023-12-22T09:35:02.3973248+01:00" endTime="2023-12-22T09:35:02.8035776+01:00" testType="13cdc9d9-ddb5-4fa4-a97d-d965ccfc6d4b" outcome="Passed" testListId="8c84fa94-04c1-424b-9868-57a2d4851a1d" relativeResultsDirectory="b66ecb76-d5f0-4cff-8731-035a1d331587" />
    <UnitTestResult executionId="5d791fe9-af05-49ff-9e1e-a11af82bda44" testId="c02d04ac-b486-9e55-2dd6-7f74f9ce3e8b" testName="AddUnlicensedHardware_AddNull_Throws_ArgumentNullException" computerName="DKSR-EFI-04" duration="00:00:00.0005927" startTime="2023-12-22T09:36:15.7414569+01:00" endTime="2023-12-22T09:36:15.7414569+01:00" testType="13cdc9d9-ddb5-4fa4-a97d-d965ccfc6d4b" outcome="Passed" testListId="8c84fa94-04c1-424b-9868-57a2d4851a1d" relativeResultsDirectory="5d791fe9-af05-49ff-9e1e-a11af82bda44" />
    <UnitTestResult executionId="a8815d0c-d50f-485f-b723-543fccaeebec" testId="9b2113f6-7be9-7a36-e4c3-35aeef59e7b0" testName="Parse_WhenTwoIntegrations_ReturnsTwoIntegrationRegistrations" computerName="DKSR-EFI-04" duration="00:00:00.0276392" startTime="2023-12-22T09:35:01.7254457+01:00" endTime="2023-12-22T09:35:01.7566965+01:00" testType="13cdc9d9-ddb5-4fa4-a97d-d965ccfc6d4b" outcome="Passed" testListId="8c84fa94-04c1-424b-9868-57a2d4851a1d" relativeResultsDirectory="a8815d0c-d50f-485f-b723-543fccaeebec" />
    <UnitTestResult executionId="a1c4cf32-236b-4b30-99c0-8217234ae30c" testId="b6423b6a-360c-2257-3cde-218e222a2149" testName="AddUnlicensedDevice_AddNewDevice_ReturnsTrue" computerName="DKSR-EFI-04" duration="00:00:00.0004869" startTime="2023-12-22T09:36:15.7258322+01:00" endTime="2023-12-22T09:36:15.7258322+01:00" testType="13cdc9d9-ddb5-4fa4-a97d-d965ccfc6d4b" outcome="Passed" testListId="8c84fa94-04c1-424b-9868-57a2d4851a1d" relativeResultsDirectory="a1c4cf32-236b-4b30-99c0-8217234ae30c" />
    <UnitTestResult executionId="996788e2-75f8-4ad3-bca0-672b3e7c2902" testId="94c2bd2b-6b5f-b5ec-49f1-5cbec2248022" testName="ReplaceHardwareTaskCommandHandler_DeviceMapper_TooManyDevices_AllowDeletingDisabled_Success_Test" computerName="DKSR-EFI-04" duration="00:00:00.0023428" startTime="2023-12-22T09:36:28.0540263+01:00" endTime="2023-12-22T09:36:28.0540263+01:00" testType="13cdc9d9-ddb5-4fa4-a97d-d965ccfc6d4b" outcome="Passed" testListId="8c84fa94-04c1-424b-9868-57a2d4851a1d" relativeResultsDirectory="996788e2-75f8-4ad3-bca0-672b3e7c2902" />
    <UnitTestResult executionId="0aecdf14-5530-4929-b4ef-d5859f6d690c" testId="09fc26e3-52b7-4cc0-f8b6-a3db325c8bbb" testName="GetRecorderLicense_WithIcpHardware_Success" computerName="DKSR-EFI-04" duration="00:00:00.0230365" startTime="2023-12-22T09:36:06.8351633+01:00" endTime="2023-12-22T09:36:06.8507864+01:00" testType="13cdc9d9-ddb5-4fa4-a97d-d965ccfc6d4b" outcome="Passed" testListId="8c84fa94-04c1-424b-9868-57a2d4851a1d" relativeResultsDirectory="0aecdf14-5530-4929-b4ef-d5859f6d690c" />
    <UnitTestResult executionId="ebc40062-059e-43f7-bef6-8de4d40b840e" testId="ab24419a-86d1-7329-f45f-11c1dd6a023f" testName="GetConnectedClient_MultipleCalls_DoesNotReturnSameClient" computerName="DKSR-EFI-04" duration="00:00:00.1881410" startTime="2023-12-22T09:36:44.7886570+01:00" endTime="2023-12-22T09:36:44.9759877+01:00" testType="13cdc9d9-ddb5-4fa4-a97d-d965ccfc6d4b" outcome="Passed" testListId="8c84fa94-04c1-424b-9868-57a2d4851a1d" relativeResultsDirectory="ebc40062-059e-43f7-bef6-8de4d40b840e" />
    <UnitTestResult executionId="dafdd58d-7218-47ac-92c4-48fb6c2a47d5" testId="25f8655e-1ff4-cb67-b85d-5adb7eb5d758" testName="AnalyzeAndCreateAuditLogs_ModifiedSecurityPermissionsDeviceRowWithDEVICEPTZPRIORITYAtrribute_ReturnsTwoAuditLog" computerName="DKSR-EFI-04" duration="00:00:00.0030558" startTime="2023-12-22T09:36:17.4289671+01:00" endTime="2023-12-22T09:36:17.4445923+01:00" testType="13cdc9d9-ddb5-4fa4-a97d-d965ccfc6d4b" outcome="Passed" testListId="8c84fa94-04c1-424b-9868-57a2d4851a1d" relativeResultsDirectory="dafdd58d-7218-47ac-92c4-48fb6c2a47d5" />
    <UnitTestResult executionId="6e0d4035-2426-4716-8ebf-680954e51c11" testId="4f7ca2b0-c221-db25-2e4f-2cd3bd0d57bd" testName="HeartbeatResponse_ModelIsNull_BadRequestResult" computerName="DKSR-EFI-04" duration="00:00:00.0004853" startTime="2023-12-22T09:34:00.8970145+01:00" endTime="2023-12-22T09:34:00.8970145+01:00" testType="13cdc9d9-ddb5-4fa4-a97d-d965ccfc6d4b" outcome="Passed" testListId="8c84fa94-04c1-424b-9868-57a2d4851a1d" relativeResultsDirectory="6e0d4035-2426-4716-8ebf-680954e51c11" />
    <UnitTestResult executionId="d970f9aa-115e-4de9-b079-fbe3ae3b5140" testId="19e0065c-08a7-5ba5-ca84-780ca3448b65" testName="AttachedRecorder_UnRegisterByServiceId_Success" computerName="DKSR-EFI-04" duration="00:00:00.0009086" startTime="2023-12-22T09:33:58.1157510+01:00" endTime="2023-12-22T09:33:58.1157510+01:00" testType="13cdc9d9-ddb5-4fa4-a97d-d965ccfc6d4b" outcome="Passed" testListId="8c84fa94-04c1-424b-9868-57a2d4851a1d" relativeResultsDirectory="d970f9aa-115e-4de9-b079-fbe3ae3b5140" />
    <UnitTestResult executionId="ac4342ee-6772-4822-84db-35f0b6dae4b3" testId="bdd573ed-f35c-1e8b-14a2-bfaaa93b8de8" testName="ChannelLicenseCountManager_ReplacementHardware_AddSuccess" computerName="DKSR-EFI-04" duration="00:00:00.0004200" startTime="2023-12-22T09:35:59.0851196+01:00" endTime="2023-12-22T09:35:59.0851196+01:00" testType="13cdc9d9-ddb5-4fa4-a97d-d965ccfc6d4b" outcome="Passed" testListId="8c84fa94-04c1-424b-9868-57a2d4851a1d" relativeResultsDirectory="ac4342ee-6772-4822-84db-35f0b6dae4b3" />
    <UnitTestResult executionId="d88a3ab5-284c-49e7-ad59-ed2cb1761b78" testId="67cefb4b-771a-487f-9009-3e0474c4cd04" testName="Validate_HBL_FeedCountCorrect_ForSameHardware_OnTwoRecordingServers_CountsEachUniqueActiveChannelAsOne" computerName="DKSR-EFI-04" duration="00:00:00.1424674" startTime="2023-12-22T09:36:10.2883050+01:00" endTime="2023-12-22T09:36:10.4289294+01:00" testType="13cdc9d9-ddb5-4fa4-a97d-d965ccfc6d4b" outcome="Passed" testListId="8c84fa94-04c1-424b-9868-57a2d4851a1d" relativeResultsDirectory="d88a3ab5-284c-49e7-ad59-ed2cb1761b78" />
    <UnitTestResult executionId="2bee9d65-da0f-4606-ad89-fd958d5f43ed" testId="27f1dfbf-1cb2-9ae9-b9a5-0af97b7e0f55" testName="ServerAccessTokenHandler_PopulateAuthorizationHeaderAsync_AccessTokenException" computerName="DKSR-EFI-04" duration="00:00:00.0085430" startTime="2023-12-22T09:34:53.3191533+01:00" endTime="2023-12-22T09:34:53.3347800+01:00" testType="13cdc9d9-ddb5-4fa4-a97d-d965ccfc6d4b" outcome="Passed" testListId="8c84fa94-04c1-424b-9868-57a2d4851a1d" relativeResultsDirectory="2bee9d65-da0f-4606-ad89-fd958d5f43ed" />
    <UnitTestResult executionId="cf122371-0786-4bd9-a063-c1aeb4bcd035" testId="966766d3-85fb-dda3-5ac6-758426bd60bf" testName="EvidenceLockOnOldRecorderCommandHandlerTests_OldRecV1_ConfigDelete1RowMain_Distribution" computerName="DKSR-EFI-04" duration="00:00:00.0198277" startTime="2023-12-22T09:36:18.8664763+01:00" endTime="2023-12-22T09:36:18.8821018+01:00" testType="13cdc9d9-ddb5-4fa4-a97d-d965ccfc6d4b" outcome="Passed" testListId="8c84fa94-04c1-424b-9868-57a2d4851a1d" relativeResultsDirectory="cf122371-0786-4bd9-a063-c1aeb4bcd035" />
    <UnitTestResult executionId="a75f2ccc-edce-45b1-a9be-2af0c587daf5" testId="6bcc8d60-b3ea-0e46-0d0f-1946fd0abcb8" testName="AllocateLicenses_HardwareWith5CamerasAndOtherDevices_ShouldCount5InCWA_ThenDisablingCameras_ShouldStillCount5InCWA_OnNonZeroCWALicense" computerName="DKSR-EFI-04" duration="00:00:00.1461709" startTime="2023-12-22T09:35:43.4600357+01:00" endTime="2023-12-22T09:35:43.6006621+01:00" testType="13cdc9d9-ddb5-4fa4-a97d-d965ccfc6d4b" outcome="Passed" testListId="8c84fa94-04c1-424b-9868-57a2d4851a1d" relativeResultsDirectory="a75f2ccc-edce-45b1-a9be-2af0c587daf5" />
    <UnitTestResult executionId="b20d3ff5-ba3e-4055-a346-34d3e29e1a36" testId="468b9eb4-7481-5a0f-1901-331193ac2eb1" testName="LicenseCountManager_HardwareLicenses_ClearByRecorder_Success" computerName="DKSR-EFI-04" duration="00:00:00.0020275" startTime="2023-12-22T09:35:59.3194959+01:00" endTime="2023-12-22T09:35:59.3194959+01:00" testType="13cdc9d9-ddb5-4fa4-a97d-d965ccfc6d4b" outcome="Passed" testListId="8c84fa94-04c1-424b-9868-57a2d4851a1d" relativeResultsDirectory="b20d3ff5-ba3e-4055-a346-34d3e29e1a36" />
    <UnitTestResult executionId="e794faeb-8be3-4c10-a5aa-1d349849cc90" testId="b4910ef8-8100-8147-1c49-985272aefa18" testName="ActivateUserDefinedEventOnRemoteSite_ModelIsValid_CommandExecuted" computerName="DKSR-EFI-04" duration="00:00:00.0013682" startTime="2023-12-22T09:34:01.1001389+01:00" endTime="2023-12-22T09:34:01.1001389+01:00" testType="13cdc9d9-ddb5-4fa4-a97d-d965ccfc6d4b" outcome="Passed" testListId="8c84fa94-04c1-424b-9868-57a2d4851a1d" relativeResultsDirectory="e794faeb-8be3-4c10-a5aa-1d349849cc90" />
    <UnitTestResult executionId="1bcfcf92-b39e-4b83-8ec9-d54b469971ee" testId="44368d84-35da-0cae-f7bd-c85c8d9da63a" testName="MoveHardwareTaskCommandHandler_Execute_DeviceEvidenceLocks_OnlyOnEdge_EdgeDistribution" computerName="DKSR-EFI-04" duration="00:00:00.2036140" startTime="2023-12-22T09:36:22.3821184+01:00" endTime="2023-12-22T09:36:22.5852435+01:00" testType="13cdc9d9-ddb5-4fa4-a97d-d965ccfc6d4b" outcome="Passed" testListId="8c84fa94-04c1-424b-9868-57a2d4851a1d" relativeResultsDirectory="1bcfcf92-b39e-4b83-8ec9-d54b469971ee">
      <Output>
        <StdOut>Progress: 10&#xD;
Progress: 20&#xD;
Progress: 30&#xD;
Progress: 35&#xD;
Progress: 40&#xD;
Progress: 42&#xD;
Progress: 44&#xD;
Progress: 60&#xD;
Progress: 70&#xD;
Progress: 80&#xD;
Progress: 90&#xD;
Progress: 95&#xD;
Progress: 100</StdOut>
      </Output>
    </UnitTestResult>
    <UnitTestResult executionId="3dfb3e40-15d6-461b-9c8c-0d9a52f08c6c" testId="b6582bb8-ed69-7be8-bf96-b58cae21ed22" testName="RecorderLicense_Remove_EmptyGuid_Throws_ArgumentException" computerName="DKSR-EFI-04" duration="00:00:00.0007406" startTime="2023-12-22T09:36:15.6008331+01:00" endTime="2023-12-22T09:36:15.6008331+01:00" testType="13cdc9d9-ddb5-4fa4-a97d-d965ccfc6d4b" outcome="Passed" testListId="8c84fa94-04c1-424b-9868-57a2d4851a1d" relativeResultsDirectory="3dfb3e40-15d6-461b-9c8c-0d9a52f08c6c" />
    <UnitTestResult executionId="30e5c4a1-d10d-468f-8c00-1bfcd5a047f6" testId="ab5f95ca-376c-29c8-043b-8977d381b570" testName="IsHardwareInCurrentYearChangesWithoutActivation_ReturnsFalse_OnHardwareWithoutChangesToken" computerName="DKSR-EFI-04" duration="00:00:00.0074061" startTime="2023-12-22T09:36:06.8820377+01:00" endTime="2023-12-22T09:36:06.8976632+01:00" testType="13cdc9d9-ddb5-4fa4-a97d-d965ccfc6d4b" outcome="Passed" testListId="8c84fa94-04c1-424b-9868-57a2d4851a1d" relativeResultsDirectory="30e5c4a1-d10d-468f-8c00-1bfcd5a047f6" />
    <UnitTestResult executionId="643acb6d-8e6e-460a-8ff0-ca47f77fa2fd" testId="6ecdb656-57fa-19a7-98e7-036cb62f366b" testName="MoveHardwareTaskCommandHandler_Execute_DeviceDataDistribution_Removed_For_Destination_Recorder" computerName="DKSR-EFI-04" duration="00:00:00.1938880" startTime="2023-12-22T09:36:21.5852411+01:00" endTime="2023-12-22T09:36:21.7727413+01:00" testType="13cdc9d9-ddb5-4fa4-a97d-d965ccfc6d4b" outcome="Passed" testListId="8c84fa94-04c1-424b-9868-57a2d4851a1d" relativeResultsDirectory="643acb6d-8e6e-460a-8ff0-ca47f77fa2fd">
      <Output>
        <StdOut>Progress: 10&#xD;
Progress: 20&#xD;
Progress: 30&#xD;
Progress: 35&#xD;
Progress: 40&#xD;
Progress: 42&#xD;
Progress: 44&#xD;
Progress: 60&#xD;
Progress: 70&#xD;
Progress: 80&#xD;
Progress: 90&#xD;
Progress: 95&#xD;
Progress: 100</StdOut>
      </Output>
    </UnitTestResult>
    <UnitTestResult executionId="7db28cef-5ce7-4d35-b15e-af62d80f223b" testId="094d33c7-f572-769c-7f62-073e28ba3516" testName="TemporaryLicenseStorage_RoundTrip_Licenses_Success" computerName="DKSR-EFI-04" duration="00:00:00.0031992" startTime="2023-12-22T09:36:15.8039584+01:00" endTime="2023-12-22T09:36:15.8195840+01:00" testType="13cdc9d9-ddb5-4fa4-a97d-d965ccfc6d4b" outcome="Passed" testListId="8c84fa94-04c1-424b-9868-57a2d4851a1d" relativeResultsDirectory="7db28cef-5ce7-4d35-b15e-af62d80f223b" />
    <UnitTestResult executionId="82c82d85-0d80-4914-85c4-5b1be683ef8c" testId="37776d6b-55f3-8fe6-6591-db53e6b0cae0" testName="HardwareInCWAOnWhiteList_ReplacedWithInheritance_HardwareOnWhiteList_CWAAllowed_MoreChannelsOnReplacedHardware_NewHardwareInCWA" computerName="DKSR-EFI-04" duration="00:00:00.2638799" startTime="2023-12-22T09:35:24.6161902+01:00" endTime="2023-12-22T09:35:24.8818138+01:00" testType="13cdc9d9-ddb5-4fa4-a97d-d965ccfc6d4b" outcome="Passed" testListId="8c84fa94-04c1-424b-9868-57a2d4851a1d" relativeResultsDirectory="82c82d85-0d80-4914-85c4-5b1be683ef8c" />
    <UnitTestResult executionId="321e8c9d-6690-4a8b-a494-e33cabe4af0e" testId="45311aec-8a2d-cefe-8926-17267035950b" testName="MoveHardwareTaskCommandHandler_Execute_PrepareMoveHardware_TimeoutResponse_Fail_With_StopHardwareTimeout" computerName="DKSR-EFI-04" duration="00:00:00.1840348" startTime="2023-12-22T09:36:24.8821312+01:00" endTime="2023-12-22T09:36:25.0696359+01:00" testType="13cdc9d9-ddb5-4fa4-a97d-d965ccfc6d4b" outcome="Passed" testListId="8c84fa94-04c1-424b-9868-57a2d4851a1d" relativeResultsDirectory="321e8c9d-6690-4a8b-a494-e33cabe4af0e" />
    <UnitTestResult executionId="188bfe4f-65b9-4637-a7b1-f453debd0903" testId="43678e4b-76d3-16cd-8a75-088cc017a9ed" testName="HardwareScanExpressTaskCommandHandler_Execute_InitializeDiscoveryComponent_FailResponse" computerName="DKSR-EFI-04" duration="00:00:00.0011922" startTime="2023-12-22T09:36:19.9914829+01:00" endTime="2023-12-22T09:36:20.0071057+01:00" testType="13cdc9d9-ddb5-4fa4-a97d-d965ccfc6d4b" outcome="Passed" testListId="8c84fa94-04c1-424b-9868-57a2d4851a1d" relativeResultsDirectory="188bfe4f-65b9-4637-a7b1-f453debd0903" />
    <UnitTestResult executionId="486b4486-85eb-449c-aca7-b1520553da9a" testId="99bc1406-b650-0f2c-9f06-c90460b955bc" testName="ChangeHardwarePasswordTaskCommandHandler_Execute_Failed_PasswordOrUserLevelMayNotBeChanged_Response" computerName="DKSR-EFI-04" duration="00:00:00.0008213" startTime="2023-12-22T09:36:16.3820879+01:00" endTime="2023-12-22T09:36:16.3820879+01:00" testType="13cdc9d9-ddb5-4fa4-a97d-d965ccfc6d4b" outcome="Passed" testListId="8c84fa94-04c1-424b-9868-57a2d4851a1d" relativeResultsDirectory="486b4486-85eb-449c-aca7-b1520553da9a" />
    <UnitTestResult executionId="177b27fd-d3be-4a05-a9a3-fa493c5126ac" testId="763b8141-6317-9c60-a4ae-086424e66bd9" testName="CheckSecurityDataSetTest_NotLicensedFail2" computerName="DKSR-EFI-04" duration="00:00:00.0014516" startTime="2023-12-22T09:35:59.5226248+01:00" endTime="2023-12-22T09:35:59.5226248+01:00" testType="13cdc9d9-ddb5-4fa4-a97d-d965ccfc6d4b" outcome="Passed" testListId="8c84fa94-04c1-424b-9868-57a2d4851a1d" relativeResultsDirectory="177b27fd-d3be-4a05-a9a3-fa493c5126ac" />
    <UnitTestResult executionId="90c093e3-4e72-4e7b-9096-a32b8977227a" testId="3aa1a87d-4a9a-4c65-66ef-790cfaf82e83" testName="ChangeHardwarePasswordRuleAction_Execute_SunnyDay_NoErrorsLogged" computerName="DKSR-EFI-04" duration="00:00:00.0563711" startTime="2023-12-22T09:34:32.3815497+01:00" endTime="2023-12-22T09:34:32.4440452+01:00" testType="13cdc9d9-ddb5-4fa4-a97d-d965ccfc6d4b" outcome="Passed" testListId="8c84fa94-04c1-424b-9868-57a2d4851a1d" relativeResultsDirectory="90c093e3-4e72-4e7b-9096-a32b8977227a" />
    <UnitTestResult executionId="a3d0713e-03da-4a65-9ad9-872b328a595f" testId="2a9b3a3d-4f97-55c6-855a-5890500f2aa0" testName="AllocateLicenses_OneICPHardwareWithTenCamerasNoNormalHardware_OnTenICPLicenses" computerName="DKSR-EFI-04" duration="00:00:00.0895985" startTime="2023-12-22T09:35:41.7256516+01:00" endTime="2023-12-22T09:35:41.8037794+01:00" testType="13cdc9d9-ddb5-4fa4-a97d-d965ccfc6d4b" outcome="Passed" testListId="8c84fa94-04c1-424b-9868-57a2d4851a1d" relativeResultsDirectory="a3d0713e-03da-4a65-9ad9-872b328a595f" />
    <UnitTestResult executionId="cde2236d-231e-4bad-ad68-ef2c5f805709" testId="28778f96-7d93-3046-ed10-3440acb56a3b" testName="MoveHardwareTaskCommandHandler_Execute_CreateHardwareBlock_HardwareUpdateException_FailResponse_HardwareNotFound" computerName="DKSR-EFI-04" duration="00:00:00.0025486" startTime="2023-12-22T09:36:25.1633837+01:00" endTime="2023-12-22T09:36:25.1633837+01:00" testType="13cdc9d9-ddb5-4fa4-a97d-d965ccfc6d4b" outcome="Passed" testListId="8c84fa94-04c1-424b-9868-57a2d4851a1d" relativeResultsDirectory="cde2236d-231e-4bad-ad68-ef2c5f805709" />
    <UnitTestResult executionId="7c361e8e-b1de-4250-9884-27c348a6dbfd" testId="654a6276-121a-761b-57fd-37ff2f510187" testName="LicenseCountManager_FindActiveHardwareInChangesWithoutActivation_ReturnsEmptyList_OnOnlyDeletedHardwareInChanges" computerName="DKSR-EFI-04" duration="00:00:00.0012481" startTime="2023-12-22T09:35:59.4132470+01:00" endTime="2023-12-22T09:35:59.4132470+01:00" testType="13cdc9d9-ddb5-4fa4-a97d-d965ccfc6d4b" outcome="Passed" testListId="8c84fa94-04c1-424b-9868-57a2d4851a1d" relativeResultsDirectory="7c361e8e-b1de-4250-9884-27c348a6dbfd" />
    <UnitTestResult executionId="c8e65af8-9000-4f15-a54d-d2775a327985" testId="b91ea863-19c7-157b-0aef-142fc8f94370" testName="AnalyzeAndCreateAuditLogs_ModifiedSecurityPermissionsRowFromProfileNameToDefault_ReturnsOneAuditLog" computerName="DKSR-EFI-04" duration="00:00:00.0044240" startTime="2023-12-22T09:36:17.5227175+01:00" endTime="2023-12-22T09:36:17.5227175+01:00" testType="13cdc9d9-ddb5-4fa4-a97d-d965ccfc6d4b" outcome="Passed" testListId="8c84fa94-04c1-424b-9868-57a2d4851a1d" relativeResultsDirectory="c8e65af8-9000-4f15-a54d-d2775a327985" />
    <UnitTestResult executionId="503ad840-5a20-4598-9cca-d3a11a3eb2de" testId="a1d179f9-1d98-db05-0da7-765f2109c5d9" testName="MultiSite_ChannelBased_SameHardwareAndDevicesOn2Recorders_OneHwWhitelistedOneNotWhitelisted_ConsumesSeparateLicenses" computerName="DKSR-EFI-04" duration="00:00:00.2255266" startTime="2023-12-22T09:35:55.1007244+01:00" endTime="2023-12-22T09:35:55.3194751+01:00" testType="13cdc9d9-ddb5-4fa4-a97d-d965ccfc6d4b" outcome="Passed" testListId="8c84fa94-04c1-424b-9868-57a2d4851a1d" relativeResultsDirectory="503ad840-5a20-4598-9cca-d3a11a3eb2de" />
    <UnitTestResult executionId="87062f2f-907e-4289-96ee-4a7acf913260" testId="868b3b6e-76b6-d018-a5a6-215427fdffdf" testName="TemporaryLicense_Ctor_LocalTime_ArgumentException" computerName="DKSR-EFI-04" duration="00:00:00.0018097" startTime="2023-12-22T09:35:01.6629451+01:00" endTime="2023-12-22T09:35:01.6785722+01:00" testType="13cdc9d9-ddb5-4fa4-a97d-d965ccfc6d4b" outcome="Passed" testListId="8c84fa94-04c1-424b-9868-57a2d4851a1d" relativeResultsDirectory="87062f2f-907e-4289-96ee-4a7acf913260">
      <Output>
        <StdOut>Debug Trace:&#xD;
Fail: Argument invalid - must be UTC</StdOut>
      </Output>
    </UnitTestResult>
    <UnitTestResult executionId="060356bb-164a-4138-898d-1fdb985038c4" testId="b17f55fe-7a77-049b-3c9d-d1c6816e4ccb" testName="MoveHardwareTaskCommandHandler_Execute_PrepareMoveHardware_SqlException_DatabaseCommunicationError" computerName="DKSR-EFI-04" duration="00:00:00.0022317" startTime="2023-12-22T09:36:24.8821312+01:00" endTime="2023-12-22T09:36:24.8821312+01:00" testType="13cdc9d9-ddb5-4fa4-a97d-d965ccfc6d4b" outcome="Passed" testListId="8c84fa94-04c1-424b-9868-57a2d4851a1d" relativeResultsDirectory="060356bb-164a-4138-898d-1fdb985038c4" />
    <UnitTestResult executionId="7a8ebe2c-7154-439b-a239-b81f45d5536f" testId="526076b5-dd75-24fe-3950-9404e88ea72f" testName="HardwareScanTaskCommandHandler_Execute_DriverNotFound_FailResponse" computerName="DKSR-EFI-04" duration="00:00:00.0025419" startTime="2023-12-22T09:36:20.1164832+01:00" endTime="2023-12-22T09:36:20.1164832+01:00" testType="13cdc9d9-ddb5-4fa4-a97d-d965ccfc6d4b" outcome="Passed" testListId="8c84fa94-04c1-424b-9868-57a2d4851a1d" relativeResultsDirectory="7a8ebe2c-7154-439b-a239-b81f45d5536f" />
    <UnitTestResult executionId="44819eb0-8682-4de7-8a07-662faef525ab" testId="992740cb-50c8-d4fe-c9bf-4993f9a47e3f" testName="CheckExternalRecorderRegistrationCommandHandler_Execute_ReturnsCorrectResponsesOnExceptions" computerName="DKSR-EFI-04" duration="00:00:00.0014905" startTime="2023-12-22T09:36:16.4758388+01:00" endTime="2023-12-22T09:36:16.4758388+01:00" testType="13cdc9d9-ddb5-4fa4-a97d-d965ccfc6d4b" outcome="Passed" testListId="8c84fa94-04c1-424b-9868-57a2d4851a1d" relativeResultsDirectory="44819eb0-8682-4de7-8a07-662faef525ab" />
    <UnitTestResult executionId="32a7fcbe-1b2c-49ab-baf8-7ab706caecbe" testId="a05b407e-5aa7-9f22-d4ee-896f354bc758" testName="DeviceLicense_SetExpire_NullDeviceInfo_Throws_ArgumentException" computerName="DKSR-EFI-04" duration="00:00:00.0006661" startTime="2023-12-22T09:36:15.6945827+01:00" endTime="2023-12-22T09:36:15.6945827+01:00" testType="13cdc9d9-ddb5-4fa4-a97d-d965ccfc6d4b" outcome="Passed" testListId="8c84fa94-04c1-424b-9868-57a2d4851a1d" relativeResultsDirectory="32a7fcbe-1b2c-49ab-baf8-7ab706caecbe" />
    <UnitTestResult executionId="9bca5a14-80d1-415d-8930-d4dcc94544ee" testId="40d22751-bcc1-822d-b412-9e2e8029bb57" testName="ProcessConfigurationChangeTasks_UpdateUpdateUpdate_All_Batched" computerName="DKSR-EFI-04" duration="00:00:00.0566670" startTime="2023-12-22T09:34:24.2565053+01:00" endTime="2023-12-22T09:34:24.3033802+01:00" testType="13cdc9d9-ddb5-4fa4-a97d-d965ccfc6d4b" outcome="Passed" testListId="8c84fa94-04c1-424b-9868-57a2d4851a1d" relativeResultsDirectory="9bca5a14-80d1-415d-8930-d4dcc94544ee" />
    <UnitTestResult executionId="49417d69-0fa9-42ca-b4d1-fc71c6131293" testId="d45b7a6a-e638-9ef4-fad5-13e60d2dee28" testName="ActivationManager_Constructor" computerName="DKSR-EFI-04" duration="00:00:00.0035938" startTime="2023-12-22T09:34:54.1941585+01:00" endTime="2023-12-22T09:34:54.1941585+01:00" testType="13cdc9d9-ddb5-4fa4-a97d-d965ccfc6d4b" outcome="Passed" testListId="8c84fa94-04c1-424b-9868-57a2d4851a1d" relativeResultsDirectory="49417d69-0fa9-42ca-b4d1-fc71c6131293" />
    <UnitTestResult executionId="98114195-e38e-47fb-97c4-fae187ddde1e" testId="1358f968-7e49-c48f-c70c-e1383dc9f02f" testName="UploadFileChunkCommandHandler_Execute_Succeeded" computerName="DKSR-EFI-04" duration="00:00:00.0130012" startTime="2023-12-22T09:36:44.7259865+01:00" endTime="2023-12-22T09:36:44.7259865+01:00" testType="13cdc9d9-ddb5-4fa4-a97d-d965ccfc6d4b" outcome="Passed" testListId="8c84fa94-04c1-424b-9868-57a2d4851a1d" relativeResultsDirectory="98114195-e38e-47fb-97c4-fae187ddde1e" />
    <UnitTestResult executionId="90dbdd0f-229f-4317-b3c6-3be35e81a0ba" testId="d19839c4-abc8-cd86-7c39-e8abf0955c68" testName="HardwareInCWAOnWhiteList_ReplacedWithNoInheritance_HardwareOnWhiteList_NoMoreCWAAllowed_MoreChannelsOnReplacedHardware_NewHardwareInGrace" computerName="DKSR-EFI-04" duration="00:00:00.2620285" startTime="2023-12-22T09:35:19.3505377+01:00" endTime="2023-12-22T09:35:19.6161628+01:00" testType="13cdc9d9-ddb5-4fa4-a97d-d965ccfc6d4b" outcome="Passed" testListId="8c84fa94-04c1-424b-9868-57a2d4851a1d" relativeResultsDirectory="90dbdd0f-229f-4317-b3c6-3be35e81a0ba" />
    <UnitTestResult executionId="27f431a8-5c52-4cb1-800c-21c19cd57fa7" testId="4480f291-9ab6-2a14-260f-23472228c206" testName="CheckExternalRecorderRegistrationCommandHandler_Constructor_ThrowsIfParameterNull" computerName="DKSR-EFI-04" duration="00:00:00.0171907" startTime="2023-12-22T09:36:16.4289627+01:00" endTime="2023-12-22T09:36:16.4445852+01:00" testType="13cdc9d9-ddb5-4fa4-a97d-d965ccfc6d4b" outcome="Passed" testListId="8c84fa94-04c1-424b-9868-57a2d4851a1d" relativeResultsDirectory="27f431a8-5c52-4cb1-800c-21c19cd57fa7">
      <Output>
        <StdOut>Debug Trace:&#xD;
Fail: Argument null</StdOut>
      </Output>
    </UnitTestResult>
    <UnitTestResult executionId="13667ba7-63d0-45db-a244-b11f2895890f" testId="8ff662f7-902d-1d8f-6cc5-cf300f29f4ab" testName="AllocateLicenses_NotActivated_SixDevices_FifteenEnabledCameraChannels_LicenseCountFive_FiveGraceAndTenUnlicensed" computerName="DKSR-EFI-04" duration="00:00:00.0945464" startTime="2023-12-22T09:35:40.3975210+01:00" endTime="2023-12-22T09:35:40.5068983+01:00" testType="13cdc9d9-ddb5-4fa4-a97d-d965ccfc6d4b" outcome="Passed" testListId="8c84fa94-04c1-424b-9868-57a2d4851a1d" relativeResultsDirectory="13667ba7-63d0-45db-a244-b11f2895890f" />
    <UnitTestResult executionId="1a74c8f5-62ee-4fb7-bca2-1e1628fb929f" testId="40c51391-c3be-a83e-46f5-30f4f86079de" testName="CleanUp_KeepAliveExceededOnFreeClient_ClientIsRemoved" computerName="DKSR-EFI-04" duration="00:00:00.0043109" startTime="2023-12-22T09:36:45.0072404+01:00" endTime="2023-12-22T09:36:45.0072404+01:00" testType="13cdc9d9-ddb5-4fa4-a97d-d965ccfc6d4b" outcome="Passed" testListId="8c84fa94-04c1-424b-9868-57a2d4851a1d" relativeResultsDirectory="1a74c8f5-62ee-4fb7-bca2-1e1628fb929f" />
    <UnitTestResult executionId="c3496868-2151-4efb-b26b-723e637cb3fd" testId="ca942ca3-b5c9-9985-bebf-57fc1c01b141" testName="GetRecorderTasks_ModelIsValid_Executed" computerName="DKSR-EFI-04" duration="00:00:00.0114187" startTime="2023-12-22T09:34:00.6470124+01:00" endTime="2023-12-22T09:34:00.6470124+01:00" testType="13cdc9d9-ddb5-4fa4-a97d-d965ccfc6d4b" outcome="Passed" testListId="8c84fa94-04c1-424b-9868-57a2d4851a1d" relativeResultsDirectory="c3496868-2151-4efb-b26b-723e637cb3fd" />
    <UnitTestResult executionId="a8087528-8920-4ef8-8fb3-8829c36edb9b" testId="6ce6d5c4-8d29-2bd7-7033-2e711c4595e4" testName="ProcessConfigurationChangeTasks_UpdateDevice_Update_UpdateDevice_Not_Batched" computerName="DKSR-EFI-04" duration="00:00:00.0424865" startTime="2023-12-22T09:34:24.5533823+01:00" endTime="2023-12-22T09:34:24.6002565+01:00" testType="13cdc9d9-ddb5-4fa4-a97d-d965ccfc6d4b" outcome="Passed" testListId="8c84fa94-04c1-424b-9868-57a2d4851a1d" relativeResultsDirectory="a8087528-8920-4ef8-8fb3-8829c36edb9b" />
    <UnitTestResult executionId="7c0d1078-43d5-4781-962c-c12d816c9a34" testId="8194f756-0832-a32e-60b1-19c8d7103413" testName="WarningResponse_ModelIsValid_CommandExecuted" computerName="DKSR-EFI-04" duration="00:00:00.0009923" startTime="2023-12-22T09:34:00.8970145+01:00" endTime="2023-12-22T09:34:00.8970145+01:00" testType="13cdc9d9-ddb5-4fa4-a97d-d965ccfc6d4b" outcome="Passed" testListId="8c84fa94-04c1-424b-9868-57a2d4851a1d" relativeResultsDirectory="7c0d1078-43d5-4781-962c-c12d816c9a34" />
    <UnitTestResult executionId="b2df4784-dd48-4022-b556-c1900673ff9f" testId="b3659f31-f068-a3b4-0c9b-41e1392b69a6" testName="AutomaticActivationFailedEvent_GetsFiredAgain_AfterSucessfulOnlineActivation" computerName="DKSR-EFI-04" duration="00:00:00.0007087" startTime="2023-12-22T09:35:01.6316965+01:00" endTime="2023-12-22T09:35:01.6316965+01:00" testType="13cdc9d9-ddb5-4fa4-a97d-d965ccfc6d4b" outcome="Passed" testListId="8c84fa94-04c1-424b-9868-57a2d4851a1d" relativeResultsDirectory="b2df4784-dd48-4022-b556-c1900673ff9f" />
    <UnitTestResult executionId="8e7af641-dc18-4708-a27c-e1a8ef86656a" testId="b5fc473f-fccc-84cd-e38b-e3f923e0594e" testName="TableAdapterTypeManager_GetAllTableAdapters_Success" computerName="DKSR-EFI-04" duration="00:00:00.0251089" startTime="2023-12-22T09:36:15.9445832+01:00" endTime="2023-12-22T09:36:15.9758346+01:00" testType="13cdc9d9-ddb5-4fa4-a97d-d965ccfc6d4b" outcome="Passed" testListId="8c84fa94-04c1-424b-9868-57a2d4851a1d" relativeResultsDirectory="8e7af641-dc18-4708-a27c-e1a8ef86656a" />
    <UnitTestResult executionId="37ed3383-ef46-4134-99ce-2d16d7369970" testId="17651b6b-c747-a107-70b2-f1926d0437f7" testName="HardwareScanExpressTaskCommandHandlerTest_Clone_Returns_Same_Reference" computerName="DKSR-EFI-04" duration="00:00:00.0016384" startTime="2023-12-22T09:36:19.8508575+01:00" endTime="2023-12-22T09:36:19.8508575+01:00" testType="13cdc9d9-ddb5-4fa4-a97d-d965ccfc6d4b" outcome="Passed" testListId="8c84fa94-04c1-424b-9868-57a2d4851a1d" relativeResultsDirectory="37ed3383-ef46-4134-99ce-2d16d7369970" />
    <UnitTestResult executionId="f272201c-def3-4985-a3f2-03a62b54d008" testId="02d535fa-c801-f739-3717-908b26ee8d04" testName="HardwareInCWANotOnWhiteList_ReplacedWithNoInheritance_HardwareOnWhiteList_NoMoreCWAAllowed_FewerChannelsOnReplacedHardware_NewHardwareInGrace" computerName="DKSR-EFI-04" duration="00:00:00.4433609" startTime="2023-12-22T09:35:18.4599073+01:00" endTime="2023-12-22T09:35:18.9130380+01:00" testType="13cdc9d9-ddb5-4fa4-a97d-d965ccfc6d4b" outcome="Passed" testListId="8c84fa94-04c1-424b-9868-57a2d4851a1d" relativeResultsDirectory="f272201c-def3-4985-a3f2-03a62b54d008" />
    <UnitTestResult executionId="e50f4096-9f24-438d-97ee-9ad4f0d34e09" testId="d713fd26-9318-62d0-07e7-0fb32925b73a" testName="HardwareInCWAOnWhiteList_ReplacedWithNoInheritance_HardwareNotOnWhiteList_NoMoreCWAAllowed_NewDevicesInGrace" computerName="DKSR-EFI-04" duration="00:00:00.4195193" startTime="2023-12-22T09:35:08.4286049+01:00" endTime="2023-12-22T09:35:08.8504825+01:00" testType="13cdc9d9-ddb5-4fa4-a97d-d965ccfc6d4b" outcome="Passed" testListId="8c84fa94-04c1-424b-9868-57a2d4851a1d" relativeResultsDirectory="e50f4096-9f24-438d-97ee-9ad4f0d34e09" />
    <UnitTestResult executionId="2358c7c5-9b44-42dd-9d92-c7085829cf29" testId="6fc1fa58-60f8-6102-c7c1-92b3af0e5422" testName="ActivatedHardwareNotOnWhiteListWith1Camera_ReplacedWith_HardwareNotOnWhiteListWith10Cameras_ShouldPutDevicesInCWA" computerName="DKSR-EFI-04" duration="00:00:00.1045016" startTime="2023-12-22T09:35:55.9913535+01:00" endTime="2023-12-22T09:35:56.1007285+01:00" testType="13cdc9d9-ddb5-4fa4-a97d-d965ccfc6d4b" outcome="Passed" testListId="8c84fa94-04c1-424b-9868-57a2d4851a1d" relativeResultsDirectory="2358c7c5-9b44-42dd-9d92-c7085829cf29" />
    <UnitTestResult executionId="fee0e4dc-09ee-4373-985a-883aaabce8bb" testId="40fefcc0-5c6a-3a59-b214-d27d27c34cf3" testName="Ctor_LogReceiverNull_ThrowsArgumentNullException" computerName="DKSR-EFI-04" duration="00:00:00.0013600" startTime="2023-12-22T09:34:53.9285310+01:00" endTime="2023-12-22T09:34:53.9285310+01:00" testType="13cdc9d9-ddb5-4fa4-a97d-d965ccfc6d4b" outcome="Passed" testListId="8c84fa94-04c1-424b-9868-57a2d4851a1d" relativeResultsDirectory="fee0e4dc-09ee-4373-985a-883aaabce8bb" />
    <UnitTestResult executionId="2b57c9d4-b927-4061-8b68-9c3e6e175208" testId="7ab8caca-a3ee-e6e6-36c5-2bcba348b5a2" testName="IsActivationNeeded_True_ICP_DeviceAdded" computerName="DKSR-EFI-04" duration="00:00:00.0046625" startTime="2023-12-22T09:36:08.0382926+01:00" endTime="2023-12-22T09:36:08.0539185+01:00" testType="13cdc9d9-ddb5-4fa4-a97d-d965ccfc6d4b" outcome="Passed" testListId="8c84fa94-04c1-424b-9868-57a2d4851a1d" relativeResultsDirectory="2b57c9d4-b927-4061-8b68-9c3e6e175208" />
    <UnitTestResult executionId="47d3a268-b56e-4c56-aa7c-f20eaec5d1f7" testId="b8137157-70f5-142f-16ec-23d51722c0c4" testName="UpdateEvidenceLockSizesCommandHandlerTests_Constructor_ServerEnvironmentNull_ArgumentNullException" computerName="DKSR-EFI-04" duration="00:00:00.0046250" startTime="2023-12-22T09:36:28.2415260+01:00" endTime="2023-12-22T09:36:28.2415260+01:00" testType="13cdc9d9-ddb5-4fa4-a97d-d965ccfc6d4b" outcome="Passed" testListId="8c84fa94-04c1-424b-9868-57a2d4851a1d" relativeResultsDirectory="47d3a268-b56e-4c56-aa7c-f20eaec5d1f7">
      <Output>
        <StdOut>Debug Trace:&#xD;
Fail: Argument null</StdOut>
      </Output>
    </UnitTestResult>
    <UnitTestResult executionId="7efb86ee-06ca-4d6b-b711-70dbb960950d" testId="b410cf7e-70d6-adc4-66dc-3cf5e3125c63" testName="Validate_ClearChangesWithoutActivation_RemovesAllHardware" computerName="DKSR-EFI-04" duration="00:00:00.0020194" startTime="2023-12-22T09:35:59.4288735+01:00" endTime="2023-12-22T09:35:59.4288735+01:00" testType="13cdc9d9-ddb5-4fa4-a97d-d965ccfc6d4b" outcome="Passed" testListId="8c84fa94-04c1-424b-9868-57a2d4851a1d" relativeResultsDirectory="7efb86ee-06ca-4d6b-b711-70dbb960950d" />
    <UnitTestResult executionId="4d4e222f-d6e0-4c4b-9095-b45216e11013" testId="816f9c6d-fb47-2bf0-555a-d79381eb2859" testName="ConfigurationDataSetLoader_GetHardwareByRecorderId_Success" computerName="DKSR-EFI-04" duration="00:00:00.0008932" startTime="2023-12-22T09:36:15.9445832+01:00" endTime="2023-12-22T09:36:15.9445832+01:00" testType="13cdc9d9-ddb5-4fa4-a97d-d965ccfc6d4b" outcome="Passed" testListId="8c84fa94-04c1-424b-9868-57a2d4851a1d" relativeResultsDirectory="4d4e222f-d6e0-4c4b-9095-b45216e11013" />
    <UnitTestResult executionId="29de03f1-40b4-42f1-b047-465c57ce8b2a" testId="1c6fbf34-078f-c6b0-be70-94e64ecd6198" testName="ServerAccessTokenHandler_Constructor_ThrowArgumentNullExceptionIServerTokenCache" computerName="DKSR-EFI-04" duration="00:00:00.0007083" startTime="2023-12-22T09:34:53.2722797+01:00" endTime="2023-12-22T09:34:53.2722797+01:00" testType="13cdc9d9-ddb5-4fa4-a97d-d965ccfc6d4b" outcome="Passed" testListId="8c84fa94-04c1-424b-9868-57a2d4851a1d" relativeResultsDirectory="29de03f1-40b4-42f1-b047-465c57ce8b2a" />
    <UnitTestResult executionId="1756158f-a236-41e5-bad2-8719732a13f5" testId="9a4a04f8-718b-072a-5789-1f008e23ed8d" testName="ChangeHardwarePasswordRuleAction_Execute_SunnyDay_StartIsCalled" computerName="DKSR-EFI-04" duration="00:00:00.0225041" startTime="2023-12-22T09:34:32.3346715+01:00" endTime="2023-12-22T09:34:32.3659196+01:00" testType="13cdc9d9-ddb5-4fa4-a97d-d965ccfc6d4b" outcome="Passed" testListId="8c84fa94-04c1-424b-9868-57a2d4851a1d" relativeResultsDirectory="1756158f-a236-41e5-bad2-8719732a13f5" />
    <UnitTestResult executionId="2ca737f4-dd04-45a8-9ae4-499e9ef3317c" testId="e9d6d2f7-78f4-cd67-90f0-55662de68fd1" testName="ChangeHardwarePasswordRuleAction_Execute_TaskCreationQueryThrowsNotSupportedException_ErrorLogsCreated" computerName="DKSR-EFI-04" duration="00:00:00.0262898" startTime="2023-12-22T09:34:42.9441013+01:00" endTime="2023-12-22T09:34:42.9753513+01:00" testType="13cdc9d9-ddb5-4fa4-a97d-d965ccfc6d4b" outcome="Passed" testListId="8c84fa94-04c1-424b-9868-57a2d4851a1d" relativeResultsDirectory="2ca737f4-dd04-45a8-9ae4-499e9ef3317c" />
    <UnitTestResult executionId="8311433c-c072-4795-aaed-c1b4e0d58b34" testId="4477da8e-cf72-81c8-9a47-12c695107382" testName="EventCollector_ReceiveEvent_Success" computerName="DKSR-EFI-04" duration="00:00:00.5356176" startTime="2023-12-22T09:33:57.2094951+01:00" endTime="2023-12-22T09:33:57.7407487+01:00" testType="13cdc9d9-ddb5-4fa4-a97d-d965ccfc6d4b" outcome="Passed" testListId="8c84fa94-04c1-424b-9868-57a2d4851a1d" relativeResultsDirectory="8311433c-c072-4795-aaed-c1b4e0d58b34" />
    <UnitTestResult executionId="b556e6a3-c8c1-445f-bc94-6fcd83b01584" testId="cf0c6b21-7b52-4f40-fc51-74b8261524ed" testName="RecorderController_ModelIsNull_BadRequestResult" computerName="DKSR-EFI-04" duration="00:00:00.0011073" startTime="2023-12-22T09:34:00.3501374+01:00" endTime="2023-12-22T09:34:00.3501374+01:00" testType="13cdc9d9-ddb5-4fa4-a97d-d965ccfc6d4b" outcome="Passed" testListId="8c84fa94-04c1-424b-9868-57a2d4851a1d" relativeResultsDirectory="b556e6a3-c8c1-445f-bc94-6fcd83b01584" />
    <UnitTestResult executionId="27ccb4a1-2720-4598-a639-02ed9cb651b2" testId="96b35467-e8c7-5287-b6fc-cdb670ef4dfa" testName="TemporaryLicense_HasCurrentYearToken_NextYear" computerName="DKSR-EFI-04" duration="00:00:00.0005898" startTime="2023-12-22T09:35:01.7098214+01:00" endTime="2023-12-22T09:35:01.7098214+01:00" testType="13cdc9d9-ddb5-4fa4-a97d-d965ccfc6d4b" outcome="Passed" testListId="8c84fa94-04c1-424b-9868-57a2d4851a1d" relativeResultsDirectory="27ccb4a1-2720-4598-a639-02ed9cb651b2" />
    <UnitTestResult executionId="e78a08dc-8be3-4ffa-a926-81b680713b98" testId="5d51b421-c2c6-a235-079e-749ec17bce2d" testName="AutomaticActivation_IsCalled_WhenQueued" computerName="DKSR-EFI-04" duration="00:00:00.0036482" startTime="2023-12-22T09:34:54.2722833+01:00" endTime="2023-12-22T09:34:54.2722833+01:00" testType="13cdc9d9-ddb5-4fa4-a97d-d965ccfc6d4b" outcome="Passed" testListId="8c84fa94-04c1-424b-9868-57a2d4851a1d" relativeResultsDirectory="e78a08dc-8be3-4ffa-a926-81b680713b98" />
    <UnitTestResult executionId="0086129b-9a9c-467a-80bc-0f64b30c71b3" testId="7f62bbb1-62fb-7e4f-eb0f-a20432287329" testName="AnalyzeAndCreateAuditLogs_AddedTimeProfileDefaultRoleRelationRow_ReturnsOneAuditLog" computerName="DKSR-EFI-04" duration="00:00:00.0055339" startTime="2023-12-22T09:36:17.4914663+01:00" endTime="2023-12-22T09:36:17.4914663+01:00" testType="13cdc9d9-ddb5-4fa4-a97d-d965ccfc6d4b" outcome="Passed" testListId="8c84fa94-04c1-424b-9868-57a2d4851a1d" relativeResultsDirectory="0086129b-9a9c-467a-80bc-0f64b30c71b3" />
    <UnitTestResult executionId="a7e83108-3e19-440f-abf0-21f054d7c7e3" testId="badabfc0-287c-a7d5-098f-1344facad0e2" testName="DeleteIdpUserTaskCommandHandlerTests_Execute_Delete_Succeeded" computerName="DKSR-EFI-04" duration="00:00:00.0023347" startTime="2023-12-22T09:36:18.5852227+01:00" endTime="2023-12-22T09:36:18.5852227+01:00" testType="13cdc9d9-ddb5-4fa4-a97d-d965ccfc6d4b" outcome="Passed" testListId="8c84fa94-04c1-424b-9868-57a2d4851a1d" relativeResultsDirectory="a7e83108-3e19-440f-abf0-21f054d7c7e3" />
    <UnitTestResult executionId="b7558497-0c73-49dd-97c7-8ce7a43311dd" testId="3f288f9b-fb2a-088e-d62e-186febe1e41e" testName="HardwareInCWAOnWhiteList_ReplacedWithNoInheritance_HardwareNotOnWhiteList_MixedCWAAllowed_MoreChannelsOnReplacedHardware_SomeDevicesInCWA" computerName="DKSR-EFI-04" duration="00:00:00.2843957" startTime="2023-12-22T09:35:26.7099492+01:00" endTime="2023-12-22T09:35:26.9912001+01:00" testType="13cdc9d9-ddb5-4fa4-a97d-d965ccfc6d4b" outcome="Passed" testListId="8c84fa94-04c1-424b-9868-57a2d4851a1d" relativeResultsDirectory="b7558497-0c73-49dd-97c7-8ce7a43311dd" />
    <UnitTestResult executionId="e3c4c2bc-2e4e-4c75-b16a-dec8af189b27" testId="5b019d43-b26a-5fff-fbe5-b9c53fdb2c07" testName="HardwareActivatedNotOnWhiteList_ReplacedWithInheritance_HardwareNotOnWhiteList_MixedCWAAllowed_SomeDevicesInCWA" computerName="DKSR-EFI-04" duration="00:00:00.5701802" startTime="2023-12-22T09:35:06.6473474+01:00" endTime="2023-12-22T09:35:07.2098480+01:00" testType="13cdc9d9-ddb5-4fa4-a97d-d965ccfc6d4b" outcome="Passed" testListId="8c84fa94-04c1-424b-9868-57a2d4851a1d" relativeResultsDirectory="e3c4c2bc-2e4e-4c75-b16a-dec8af189b27" />
    <UnitTestResult executionId="8d81181b-bfdc-4b8b-b829-0bd1ca8dc47e" testId="1e32982b-dcf0-dc6d-6443-5d1de7b120a4" testName="FilterTrackIds_ModelIsValid_CommandExecuted" computerName="DKSR-EFI-04" duration="00:00:00.0025155" startTime="2023-12-22T09:34:00.4126367+01:00" endTime="2023-12-22T09:34:00.4126367+01:00" testType="13cdc9d9-ddb5-4fa4-a97d-d965ccfc6d4b" outcome="Passed" testListId="8c84fa94-04c1-424b-9868-57a2d4851a1d" relativeResultsDirectory="8d81181b-bfdc-4b8b-b829-0bd1ca8dc47e" />
    <UnitTestResult executionId="1c25c31e-e16d-414d-a841-e8591cab2b21" testId="b9422136-6e99-7181-36c2-a5eaa4ea48b7" testName="GetRecorderTasks_RecorderNotFoundException_Handled" computerName="DKSR-EFI-04" duration="00:00:00.0021193" startTime="2023-12-22T09:34:00.6313863+01:00" endTime="2023-12-22T09:34:00.6470124+01:00" testType="13cdc9d9-ddb5-4fa4-a97d-d965ccfc6d4b" outcome="Passed" testListId="8c84fa94-04c1-424b-9868-57a2d4851a1d" relativeResultsDirectory="1c25c31e-e16d-414d-a841-e8591cab2b21" />
    <UnitTestResult executionId="0fac8ab4-3e98-45aa-9cfb-b21e4695894d" testId="8e506078-644e-53c7-62ff-a2a238aea095" testName="UploadFileChunkCommandHandler_Execute_Failed_StorageQuotaExceeded" computerName="DKSR-EFI-04" duration="00:00:00.0008045" startTime="2023-12-22T09:36:44.7728635+01:00" endTime="2023-12-22T09:36:44.7728635+01:00" testType="13cdc9d9-ddb5-4fa4-a97d-d965ccfc6d4b" outcome="Passed" testListId="8c84fa94-04c1-424b-9868-57a2d4851a1d" relativeResultsDirectory="0fac8ab4-3e98-45aa-9cfb-b21e4695894d" />
    <UnitTestResult executionId="c6a5338b-d206-48cf-a433-a66fe1b8c19c" testId="7764b362-e870-3b15-8212-d8142ee87fe5" testName="ChangesWithoutActivation_Hardware_AppearsActivated_AfterOneYear" computerName="DKSR-EFI-04" duration="00:00:00.0516704" startTime="2023-12-22T09:35:42.8194084+01:00" endTime="2023-12-22T09:35:42.8662855+01:00" testType="13cdc9d9-ddb5-4fa4-a97d-d965ccfc6d4b" outcome="Passed" testListId="8c84fa94-04c1-424b-9868-57a2d4851a1d" relativeResultsDirectory="c6a5338b-d206-48cf-a433-a66fe1b8c19c" />
    <UnitTestResult executionId="640beb14-c7bf-4a30-9629-913a3593774d" testId="9b8b1420-42ae-9021-a8f7-f452b3b17b9a" testName="FirmwareUpgradeTaskCommandHandler_Execute_EmptyFileName" computerName="DKSR-EFI-04" duration="00:00:00.0051317" startTime="2023-12-22T09:36:19.6321069+01:00" endTime="2023-12-22T09:36:19.6477291+01:00" testType="13cdc9d9-ddb5-4fa4-a97d-d965ccfc6d4b" outcome="Passed" testListId="8c84fa94-04c1-424b-9868-57a2d4851a1d" relativeResultsDirectory="640beb14-c7bf-4a30-9629-913a3593774d" />
    <UnitTestResult executionId="4c6c95ac-3543-493f-a0ec-fd14bd6f6343" testId="7199b2e8-d37d-e7bc-0513-bee38372c236" testName="GetRecorderLicense_DevicesGetNewGrace_OnReplacingHardwareAndCBL" computerName="DKSR-EFI-04" duration="00:00:00.3472474" startTime="2023-12-22T09:36:08.7882981+01:00" endTime="2023-12-22T09:36:09.1320475+01:00" testType="13cdc9d9-ddb5-4fa4-a97d-d965ccfc6d4b" outcome="Passed" testListId="8c84fa94-04c1-424b-9868-57a2d4851a1d" relativeResultsDirectory="4c6c95ac-3543-493f-a0ec-fd14bd6f6343" />
    <UnitTestResult executionId="3cfc2acb-0177-4cd5-abca-efe746003423" testId="b19f468d-d3ac-36bb-f4b7-1bfb1e47bd2e" testName="KeepAlive_TokenHasExpired_InternalServerErrorIsReturned" computerName="DKSR-EFI-04" duration="00:00:00.0013070" startTime="2023-12-22T09:34:01.5063915+01:00" endTime="2023-12-22T09:34:01.5063915+01:00" testType="13cdc9d9-ddb5-4fa4-a97d-d965ccfc6d4b" outcome="Passed" testListId="8c84fa94-04c1-424b-9868-57a2d4851a1d" relativeResultsDirectory="3cfc2acb-0177-4cd5-abca-efe746003423" />
    <UnitTestResult executionId="6cd6f0aa-25a0-435a-adfd-71c0d8060965" testId="061bc90e-4d0a-bbed-e647-2e276f10901c" testName="LicenseHardwareRow_Validate_DeletedRowCanBeReinstated_ChangesAccepted_Success" computerName="DKSR-EFI-04" duration="00:00:00.0086547" startTime="2023-12-22T09:35:59.4444976+01:00" endTime="2023-12-22T09:35:59.4444976+01:00" testType="13cdc9d9-ddb5-4fa4-a97d-d965ccfc6d4b" outcome="Passed" testListId="8c84fa94-04c1-424b-9868-57a2d4851a1d" relativeResultsDirectory="6cd6f0aa-25a0-435a-adfd-71c0d8060965" />
    <UnitTestResult executionId="9664d155-f2c4-4d9f-8262-a1005ab6204a" testId="c461bfbb-db61-36c4-7c9c-cd738e75f1f7" testName="AnalyzeAndCreateAuditLogs_DeletedTimeProfileDefaultRoleRelationRow_ReturnsOneAuditLog" computerName="DKSR-EFI-04" duration="00:00:00.0041769" startTime="2023-12-22T09:36:17.4914663+01:00" endTime="2023-12-22T09:36:17.5070918+01:00" testType="13cdc9d9-ddb5-4fa4-a97d-d965ccfc6d4b" outcome="Passed" testListId="8c84fa94-04c1-424b-9868-57a2d4851a1d" relativeResultsDirectory="9664d155-f2c4-4d9f-8262-a1005ab6204a" />
    <UnitTestResult executionId="fcc5fd76-bf63-464c-94f3-8e2d5d76c993" testId="94453bdb-2d5d-84cc-0c06-801c9afddaf9" testName="ReplaceHardwareTaskCommandHandler_DeviceMapper_MultipleTypes_DifferentDeviceCount_WithDelete_Success" computerName="DKSR-EFI-04" duration="00:00:00.0028624" startTime="2023-12-22T09:36:28.1165258+01:00" endTime="2023-12-22T09:36:28.1165258+01:00" testType="13cdc9d9-ddb5-4fa4-a97d-d965ccfc6d4b" outcome="Passed" testListId="8c84fa94-04c1-424b-9868-57a2d4851a1d" relativeResultsDirectory="fcc5fd76-bf63-464c-94f3-8e2d5d76c993" />
    <UnitTestResult executionId="0b5659c2-21df-4ce6-be38-86cc16add656" testId="81984bc4-59ff-563c-2cad-683c0fa8249f" testName="Monitor_CurrentStatusChanged_SslError" computerName="DKSR-EFI-04" duration="00:00:00.0011363" startTime="2023-12-22T09:36:15.8664588+01:00" endTime="2023-12-22T09:36:15.8664588+01:00" testType="13cdc9d9-ddb5-4fa4-a97d-d965ccfc6d4b" outcome="Passed" testListId="8c84fa94-04c1-424b-9868-57a2d4851a1d" relativeResultsDirectory="0b5659c2-21df-4ce6-be38-86cc16add656" />
    <UnitTestResult executionId="475cd386-dbaa-4b3d-86ba-bcf35a0a7c13" testId="226ec0b4-b5fb-232d-ea6f-85b63c59b78e" testName="ChannelLicenseCountManager_IsCameraFeedLicensedOnSite_NullDeviceInfo_ThrowsArgumentNullException" computerName="DKSR-EFI-04" duration="00:00:00.0010702" startTime="2023-12-22T09:35:59.0538686+01:00" endTime="2023-12-22T09:35:59.0538686+01:00" testType="13cdc9d9-ddb5-4fa4-a97d-d965ccfc6d4b" outcome="Passed" testListId="8c84fa94-04c1-424b-9868-57a2d4851a1d" relativeResultsDirectory="475cd386-dbaa-4b3d-86ba-bcf35a0a7c13" />
    <UnitTestResult executionId="8631b345-e532-4fd3-8927-64259900df3b" testId="cb380a5d-abad-8fd4-e1c3-2d884a15c3ba" testName="Parse_WhenManufacturerNameChanged_NewestManufacturerNameIsSet" computerName="DKSR-EFI-04" duration="00:00:00.0007732" startTime="2023-12-22T09:35:01.7566965+01:00" endTime="2023-12-22T09:35:01.7723213+01:00" testType="13cdc9d9-ddb5-4fa4-a97d-d965ccfc6d4b" outcome="Passed" testListId="8c84fa94-04c1-424b-9868-57a2d4851a1d" relativeResultsDirectory="8631b345-e532-4fd3-8927-64259900df3b" />
    <UnitTestResult executionId="26e8976b-2c78-4f97-b61f-194e708b8ef7" testId="1b12fd37-50b5-cbfc-ea07-426652c486ec" testName="ChangeHardwarePasswordRuleAction_Execute_TaskCreationQueryThrowsVmoException_ErrorLogsCreated" computerName="DKSR-EFI-04" duration="00:00:00.0672291" startTime="2023-12-22T09:34:42.8659763+01:00" endTime="2023-12-22T09:34:42.9441013+01:00" testType="13cdc9d9-ddb5-4fa4-a97d-d965ccfc6d4b" outcome="Passed" testListId="8c84fa94-04c1-424b-9868-57a2d4851a1d" relativeResultsDirectory="26e8976b-2c78-4f97-b61f-194e708b8ef7" />
    <UnitTestResult executionId="eea522cb-2cf6-4a43-b479-4d8060c45d48" testId="59fc4393-2f7b-9785-c817-c64a2c91bc8b" testName="AllocateLicensesNotActivated_WhitelistedDriver_AlreadyInCWA_OneHardware_TwoCameras_OneLicense_ValidateLicenseTypes" computerName="DKSR-EFI-04" duration="00:00:00.0634932" startTime="2023-12-22T09:35:38.3662616+01:00" endTime="2023-12-22T09:35:38.4287602+01:00" testType="13cdc9d9-ddb5-4fa4-a97d-d965ccfc6d4b" outcome="Passed" testListId="8c84fa94-04c1-424b-9868-57a2d4851a1d" relativeResultsDirectory="eea522cb-2cf6-4a43-b479-4d8060c45d48" />
    <UnitTestResult executionId="714324a1-a825-4103-b199-0476b463ae07" testId="004a6bf8-e997-9598-3e64-6edbcb12f591" testName="MoveHardwareTaskCommandHandler_Clone_Returns_Same_Reference" computerName="DKSR-EFI-04" duration="00:00:00.0237303" startTime="2023-12-22T09:36:20.1789839+01:00" endTime="2023-12-22T09:36:20.1946077+01:00" testType="13cdc9d9-ddb5-4fa4-a97d-d965ccfc6d4b" outcome="Passed" testListId="8c84fa94-04c1-424b-9868-57a2d4851a1d" relativeResultsDirectory="714324a1-a825-4103-b199-0476b463ae07" />
    <UnitTestResult executionId="b472a86a-fc20-4ac8-8b5e-9d3df70c3d72" testId="7199b6a4-0e3d-01b2-2098-862ed5de340d" testName="DatabaseResponseDiskUsages_ModelIsValid_CommandExecuted" computerName="DKSR-EFI-04" duration="00:00:00.0025188" startTime="2023-12-22T09:34:01.0376392+01:00" endTime="2023-12-22T09:34:01.0376392+01:00" testType="13cdc9d9-ddb5-4fa4-a97d-d965ccfc6d4b" outcome="Passed" testListId="8c84fa94-04c1-424b-9868-57a2d4851a1d" relativeResultsDirectory="b472a86a-fc20-4ac8-8b5e-9d3df70c3d72" />
    <UnitTestResult executionId="c0516278-2813-445d-98e3-72e63962be1e" testId="d7f3e071-ffc3-5a50-84e7-e831b56a656d" testName="SetRecorderSpecificConfiguration_ModelIsNull_BadRequestResult" computerName="DKSR-EFI-04" duration="00:00:00.0011589" startTime="2023-12-22T09:33:59.7720079+01:00" endTime="2023-12-22T09:33:59.7720079+01:00" testType="13cdc9d9-ddb5-4fa4-a97d-d965ccfc6d4b" outcome="Passed" testListId="8c84fa94-04c1-424b-9868-57a2d4851a1d" relativeResultsDirectory="c0516278-2813-445d-98e3-72e63962be1e" />
    <UnitTestResult executionId="d0f84cef-e44f-4650-b3fd-ba7e20c6698f" testId="b8bd9147-cab0-a652-fdd6-0b4f6cc0d7e2" testName="SetupInitialHardwareUserCommandHandler_Execute_ReturnsCorrectResponsesOnExceptions" computerName="DKSR-EFI-04" duration="00:00:00.0016271" startTime="2023-12-22T09:36:28.2259035+01:00" endTime="2023-12-22T09:36:28.2259035+01:00" testType="13cdc9d9-ddb5-4fa4-a97d-d965ccfc6d4b" outcome="Passed" testListId="8c84fa94-04c1-424b-9868-57a2d4851a1d" relativeResultsDirectory="d0f84cef-e44f-4650-b3fd-ba7e20c6698f" />
    <UnitTestResult executionId="273d832d-e874-4ac5-94c4-83d2a03e015e" testId="3adf4dba-a8f9-072b-5ae8-0384b38576a4" testName="RecorderLicenses_AddNullLicense_Throws_ArgumentNullException" computerName="DKSR-EFI-04" duration="00:00:00.0007095" startTime="2023-12-22T09:36:15.5852099+01:00" endTime="2023-12-22T09:36:15.5852099+01:00" testType="13cdc9d9-ddb5-4fa4-a97d-d965ccfc6d4b" outcome="Passed" testListId="8c84fa94-04c1-424b-9868-57a2d4851a1d" relativeResultsDirectory="273d832d-e874-4ac5-94c4-83d2a03e015e" />
    <UnitTestResult executionId="b4b0f718-ccda-4d58-8577-4c291aa28d46" testId="2c07ec42-63ea-145b-2c1d-d1783382eb80" testName="Recorder_FindById_EmptyGuid_Returns_Null" computerName="DKSR-EFI-04" duration="00:00:00.0002059" startTime="2023-12-22T09:36:15.5539584+01:00" endTime="2023-12-22T09:36:15.5539584+01:00" testType="13cdc9d9-ddb5-4fa4-a97d-d965ccfc6d4b" outcome="Passed" testListId="8c84fa94-04c1-424b-9868-57a2d4851a1d" relativeResultsDirectory="b4b0f718-ccda-4d58-8577-4c291aa28d46" />
    <UnitTestResult executionId="41bec0fe-212e-4227-8e58-a21321b93788" testId="433e8b39-b811-c601-9369-ed475d3fe733" testName="AllocateLicenses_EnsurePreviouslyLicensedChannelsRemainLicensed_WhenWhitelisted" computerName="DKSR-EFI-04" duration="00:00:00.1120514" startTime="2023-12-22T09:35:41.5381559+01:00" endTime="2023-12-22T09:35:41.6631551+01:00" testType="13cdc9d9-ddb5-4fa4-a97d-d965ccfc6d4b" outcome="Passed" testListId="8c84fa94-04c1-424b-9868-57a2d4851a1d" relativeResultsDirectory="41bec0fe-212e-4227-8e58-a21321b93788" />
    <UnitTestResult executionId="48749734-b513-45cb-91ad-81fe0cc90945" testId="b6a7c847-6af8-0a85-462e-ea0929bbefc5" testName="ChangeHardwarePasswordRuleAction_Execute_SunnyDay_TasksAreCreated" computerName="DKSR-EFI-04" duration="00:00:00.0147497" startTime="2023-12-22T09:34:32.3659196+01:00" endTime="2023-12-22T09:34:32.3815497+01:00" testType="13cdc9d9-ddb5-4fa4-a97d-d965ccfc6d4b" outcome="Passed" testListId="8c84fa94-04c1-424b-9868-57a2d4851a1d" relativeResultsDirectory="48749734-b513-45cb-91ad-81fe0cc90945" />
    <UnitTestResult executionId="09b716fc-ff13-4dbc-91a6-2b6c9b1220f8" testId="eedd6844-c854-948c-de42-8c2f993ad660" testName="HeartbeatResponse_ModelIsValid_CommandExecuted" computerName="DKSR-EFI-04" duration="00:00:00.0005420" startTime="2023-12-22T09:34:00.9126387+01:00" endTime="2023-12-22T09:34:00.9126387+01:00" testType="13cdc9d9-ddb5-4fa4-a97d-d965ccfc6d4b" outcome="Passed" testListId="8c84fa94-04c1-424b-9868-57a2d4851a1d" relativeResultsDirectory="09b716fc-ff13-4dbc-91a6-2b6c9b1220f8" />
    <UnitTestResult executionId="c8a9dc1e-af17-4c6a-bcf0-23c2a2fac268" testId="1b93defe-26ac-fe8a-6ccd-4d70d705374c" testName="LicenseCountManager_GetRelatedRecordingServers_InvalidMac_Null_Throws_ArgumentNullException" computerName="DKSR-EFI-04" duration="00:00:00.0005707" startTime="2023-12-22T09:35:59.2882447+01:00" endTime="2023-12-22T09:35:59.2882447+01:00" testType="13cdc9d9-ddb5-4fa4-a97d-d965ccfc6d4b" outcome="Passed" testListId="8c84fa94-04c1-424b-9868-57a2d4851a1d" relativeResultsDirectory="c8a9dc1e-af17-4c6a-bcf0-23c2a2fac268" />
    <UnitTestResult executionId="567546d1-018e-4143-8475-2d3a73a34ac7" testId="06cb1a61-0bd1-3696-d03c-a56d6e162cf8" testName="AddBookmarkCommand_ModelIsNull_BadRequestResult" computerName="DKSR-EFI-04" duration="00:00:00.0009368" startTime="2023-12-22T09:34:00.3188836+01:00" endTime="2023-12-22T09:34:00.3188836+01:00" testType="13cdc9d9-ddb5-4fa4-a97d-d965ccfc6d4b" outcome="Passed" testListId="8c84fa94-04c1-424b-9868-57a2d4851a1d" relativeResultsDirectory="567546d1-018e-4143-8475-2d3a73a34ac7" />
    <UnitTestResult executionId="c0cf03fb-5371-4ad2-a7b8-cd310169b3c8" testId="d05db42a-dc66-40e0-b6b0-cc3a09010508" testName="UpdateHardwareDriverCommandHandler_Constructor_Arguments_Null_Throws" computerName="DKSR-EFI-04" duration="00:00:00.0055715" startTime="2023-12-22T09:36:43.1166043+01:00" endTime="2023-12-22T09:36:43.1322298+01:00" testType="13cdc9d9-ddb5-4fa4-a97d-d965ccfc6d4b" outcome="Passed" testListId="8c84fa94-04c1-424b-9868-57a2d4851a1d" relativeResultsDirectory="c0cf03fb-5371-4ad2-a7b8-cd310169b3c8">
      <Output>
        <StdOut>Debug Trace:&#xD;
Fail: Argument null</StdOut>
      </Output>
    </UnitTestResult>
    <UnitTestResult executionId="6b5fe7c1-0b78-435e-9690-d42130afe236" testId="9f25d0fb-dd27-3a2c-c779-70cce521aa65" testName="DeviceDataDistributionManager_CleanupAll_DeleteFromDbThrowsGenericSqlException_Handled" computerName="DKSR-EFI-04" duration="00:00:00.0012627" startTime="2023-12-22T09:33:57.1001601+01:00" endTime="2023-12-22T09:33:57.1001601+01:00" testType="13cdc9d9-ddb5-4fa4-a97d-d965ccfc6d4b" outcome="Passed" testListId="8c84fa94-04c1-424b-9868-57a2d4851a1d" relativeResultsDirectory="6b5fe7c1-0b78-435e-9690-d42130afe236" />
    <UnitTestResult executionId="a45da51a-0cef-4e97-b035-d148aaa7d2bf" testId="881423ae-c0a0-be52-9b9c-f112789c6fd1" testName="HardwareInCWANotOnWhiteList_ReplacedWithNoInheritance_HardwareNotOnWhiteList_CWAAllowed_MoreChannelsOnReplacedHardware_AllDevicesInCWA" computerName="DKSR-EFI-04" duration="00:00:00.1477277" startTime="2023-12-22T09:35:20.4755415+01:00" endTime="2023-12-22T09:35:20.6161709+01:00" testType="13cdc9d9-ddb5-4fa4-a97d-d965ccfc6d4b" outcome="Passed" testListId="8c84fa94-04c1-424b-9868-57a2d4851a1d" relativeResultsDirectory="a45da51a-0cef-4e97-b035-d148aaa7d2bf" />
    <UnitTestResult executionId="ff9f3481-6048-4955-ae23-750d1254737e" testId="5ab640ef-9d1c-45b8-fae5-6ee62af4d9aa" testName="RegisterRecorder_NotCompatible_ReturnsOKNotCompatible" computerName="DKSR-EFI-04" duration="00:00:00.0031163" startTime="2023-12-22T09:34:01.2563929+01:00" endTime="2023-12-22T09:34:01.2720135+01:00" testType="13cdc9d9-ddb5-4fa4-a97d-d965ccfc6d4b" outcome="Passed" testListId="8c84fa94-04c1-424b-9868-57a2d4851a1d" relativeResultsDirectory="ff9f3481-6048-4955-ae23-750d1254737e" />
    <UnitTestResult executionId="62e20ee6-02c1-4475-ac34-f75041dd011d" testId="5023598c-fd84-7d10-bd74-16709daa4c18" testName="GetHardwareUsersCommandHandler_Execute_Success" computerName="DKSR-EFI-04" duration="00:00:00.0046380" startTime="2023-12-22T09:36:19.7883552+01:00" endTime="2023-12-22T09:36:19.8039781+01:00" testType="13cdc9d9-ddb5-4fa4-a97d-d965ccfc6d4b" outcome="Passed" testListId="8c84fa94-04c1-424b-9868-57a2d4851a1d" relativeResultsDirectory="62e20ee6-02c1-4475-ac34-f75041dd011d" />
    <UnitTestResult executionId="590d5d76-85c4-4318-9407-8d38c0e21567" testId="e4997c9b-0d9b-773d-98ac-95b9fd6943b7" testName="CheckMsFailoverStatusCommandHandler_Execute_InvokeEventFalse_Succeeded_ShouldNotTrigger" computerName="DKSR-EFI-04" duration="00:00:00.0036456" startTime="2023-12-22T09:36:17.1164665+01:00" endTime="2023-12-22T09:36:17.1164665+01:00" testType="13cdc9d9-ddb5-4fa4-a97d-d965ccfc6d4b" outcome="Passed" testListId="8c84fa94-04c1-424b-9868-57a2d4851a1d" relativeResultsDirectory="590d5d76-85c4-4318-9407-8d38c0e21567" />
    <UnitTestResult executionId="d512652a-b98c-41a8-ab74-4e2a929962ed" testId="1a302332-10c8-5dc6-da00-94451bfe7efd" testName="SetupInitialHardwareUserCommandHandler_Execute_Success" computerName="DKSR-EFI-04" duration="00:00:00.0051521" startTime="2023-12-22T09:36:28.1946501+01:00" endTime="2023-12-22T09:36:28.2102747+01:00" testType="13cdc9d9-ddb5-4fa4-a97d-d965ccfc6d4b" outcome="Passed" testListId="8c84fa94-04c1-424b-9868-57a2d4851a1d" relativeResultsDirectory="d512652a-b98c-41a8-ab74-4e2a929962ed" />
    <UnitTestResult executionId="d28a2446-cc72-467c-b1cc-1fefd723851d" testId="082ecd90-cd6a-08dc-44f3-b3a9132568e3" testName="DeleteHardwareUserCommandHandler_Execute_ReturnsFailResponseOnEmptyRecorderId" computerName="DKSR-EFI-04" duration="00:00:00.0006682" startTime="2023-12-22T09:36:18.5539737+01:00" endTime="2023-12-22T09:36:18.5539737+01:00" testType="13cdc9d9-ddb5-4fa4-a97d-d965ccfc6d4b" outcome="Passed" testListId="8c84fa94-04c1-424b-9868-57a2d4851a1d" relativeResultsDirectory="d28a2446-cc72-467c-b1cc-1fefd723851d" />
    <UnitTestResult executionId="4685f4f9-ef07-41a2-90a1-127cecb63b1e" testId="ab5fe0dd-c563-bf1f-305f-1efafcc9e3c4" testName="DeleteHardwareUserCommandHandler_Execute_ReturnsRecorderUnavailableResponseOnRecorderNotConnected" computerName="DKSR-EFI-04" duration="00:00:00.0009822" startTime="2023-12-22T09:36:18.5695985+01:00" endTime="2023-12-22T09:36:18.5695985+01:00" testType="13cdc9d9-ddb5-4fa4-a97d-d965ccfc6d4b" outcome="Passed" testListId="8c84fa94-04c1-424b-9868-57a2d4851a1d" relativeResultsDirectory="4685f4f9-ef07-41a2-90a1-127cecb63b1e" />
    <UnitTestResult executionId="7d7f6992-6b9e-48f2-acab-d2a88d669838" testId="c2c04e98-e576-5dca-5734-d5cc200099a6" testName="QueryDeviceEvidenceLockSizesResponse_ModelIsValid_CommandExecuted" computerName="DKSR-EFI-04" duration="00:00:00.0039188" startTime="2023-12-22T09:34:01.0845126+01:00" endTime="2023-12-22T09:34:01.0845126+01:00" testType="13cdc9d9-ddb5-4fa4-a97d-d965ccfc6d4b" outcome="Passed" testListId="8c84fa94-04c1-424b-9868-57a2d4851a1d" relativeResultsDirectory="7d7f6992-6b9e-48f2-acab-d2a88d669838" />
    <UnitTestResult executionId="42a2c516-dcc9-4dfc-ac77-1da7fccf76eb" testId="78410454-9798-10a4-a6b0-96d74dd2313c" testName="EvidenceLockOnOldRecorderCommandHandlerTests_OldRec_SendCmd_NotSupportedException" computerName="DKSR-EFI-04" duration="00:00:00.0147869" startTime="2023-12-22T09:36:19.3821041+01:00" endTime="2023-12-22T09:36:19.3977294+01:00" testType="13cdc9d9-ddb5-4fa4-a97d-d965ccfc6d4b" outcome="Passed" testListId="8c84fa94-04c1-424b-9868-57a2d4851a1d" relativeResultsDirectory="42a2c516-dcc9-4dfc-ac77-1da7fccf76eb" />
    <UnitTestResult executionId="217ceef5-9d1a-4d0e-9602-562d5fff42e1" testId="a0443b37-ab3a-c2e5-1bdd-bab22a3fb13a" testName="AllocateLicensesNotActivated_WhitelistedDriver_Grace_OneHardware_TwoCameras_OneLicense_ValidateLicenseTypes" computerName="DKSR-EFI-04" duration="00:00:00.1362901" startTime="2023-12-22T09:35:37.7881329+01:00" endTime="2023-12-22T09:35:37.9287580+01:00" testType="13cdc9d9-ddb5-4fa4-a97d-d965ccfc6d4b" outcome="Passed" testListId="8c84fa94-04c1-424b-9868-57a2d4851a1d" relativeResultsDirectory="217ceef5-9d1a-4d0e-9602-562d5fff42e1" />
    <UnitTestResult executionId="c0052411-2884-4e61-b1b7-c71b83047ff2" testId="82d37856-d8ef-15b8-7133-dfcb7cb39eaf" testName="ServerFileSystemResponseQueryDrives_ModelIsNull_BadRequestResult" computerName="DKSR-EFI-04" duration="00:00:00.0007354" startTime="2023-12-22T09:34:01.0532642+01:00" endTime="2023-12-22T09:34:01.0532642+01:00" testType="13cdc9d9-ddb5-4fa4-a97d-d965ccfc6d4b" outcome="Passed" testListId="8c84fa94-04c1-424b-9868-57a2d4851a1d" relativeResultsDirectory="c0052411-2884-4e61-b1b7-c71b83047ff2" />
    <UnitTestResult executionId="40011cae-7a8e-49fc-a1fb-0330a7ac16ae" testId="6905741a-5c7e-8174-5d19-04b23ae5b779" testName="ServerFileSystemResponseCreateDirectory_ModelIsValid_CommandExecuted" computerName="DKSR-EFI-04" duration="00:00:00.0009166" startTime="2023-12-22T09:34:01.0688920+01:00" endTime="2023-12-22T09:34:01.0845126+01:00" testType="13cdc9d9-ddb5-4fa4-a97d-d965ccfc6d4b" outcome="Passed" testListId="8c84fa94-04c1-424b-9868-57a2d4851a1d" relativeResultsDirectory="40011cae-7a8e-49fc-a1fb-0330a7ac16ae" />
    <UnitTestResult executionId="82bb559d-b053-48ba-bede-cee2dcf135d5" testId="5d3f8fc0-b97b-c086-40b2-6affaa9438df" testName="ConfigurationDataSetLoader_GetHardwareByHostedHardwareId_Success" computerName="DKSR-EFI-04" duration="00:00:00.0013627" startTime="2023-12-22T09:36:15.9289590+01:00" endTime="2023-12-22T09:36:15.9289590+01:00" testType="13cdc9d9-ddb5-4fa4-a97d-d965ccfc6d4b" outcome="Passed" testListId="8c84fa94-04c1-424b-9868-57a2d4851a1d" relativeResultsDirectory="82bb559d-b053-48ba-bede-cee2dcf135d5" />
    <UnitTestResult executionId="880d4ace-1a4f-42e0-944e-05fb85712d70" testId="4b24004b-d400-44b7-4a25-ddc26cc5f022" testName="ChannelLicenseCountManager_FindActiveHardwareInChangesWithoutActivation_ReturnsListOfMacs_OnActiveHardwareInChanges" computerName="DKSR-EFI-04" duration="00:00:00.0027400" startTime="2023-12-22T09:35:59.1476209+01:00" endTime="2023-12-22T09:35:59.1476209+01:00" testType="13cdc9d9-ddb5-4fa4-a97d-d965ccfc6d4b" outcome="Passed" testListId="8c84fa94-04c1-424b-9868-57a2d4851a1d" relativeResultsDirectory="880d4ace-1a4f-42e0-944e-05fb85712d70" />
    <UnitTestResult executionId="bae74de7-a26f-4eae-9c80-17f036f2df7f" testId="ee9226e9-7a42-d049-4837-5da1cc22dce0" testName="HardwareUnsupportedResponse_ModelIsNull_BadRequestResult" computerName="DKSR-EFI-04" duration="00:00:00.0005989" startTime="2023-12-22T09:34:00.9751373+01:00" endTime="2023-12-22T09:34:00.9907639+01:00" testType="13cdc9d9-ddb5-4fa4-a97d-d965ccfc6d4b" outcome="Passed" testListId="8c84fa94-04c1-424b-9868-57a2d4851a1d" relativeResultsDirectory="bae74de7-a26f-4eae-9c80-17f036f2df7f" />
    <UnitTestResult executionId="eff862c9-62df-4dba-84f3-3541b6f55bbc" testId="4c87aa0c-c56b-b754-a41b-f1573972c44b" testName="EvidenceLockOnOldRecorderCommandHandlerTests_OldRecV1_ConfigEdit1RowMain" computerName="DKSR-EFI-04" duration="00:00:00.0171439" startTime="2023-12-22T09:36:18.8352256+01:00" endTime="2023-12-22T09:36:18.8664763+01:00" testType="13cdc9d9-ddb5-4fa4-a97d-d965ccfc6d4b" outcome="Passed" testListId="8c84fa94-04c1-424b-9868-57a2d4851a1d" relativeResultsDirectory="eff862c9-62df-4dba-84f3-3541b6f55bbc" />
    <UnitTestResult executionId="12b4f676-02bd-4c8b-8941-9753b1b06cca" testId="75fbb0cd-c2fa-1c95-0160-f622d5b45092" testName="EvidenceLockOnOldRecorderCommandHandlerTests_OldRecV2_ConfigDelete3Rows" computerName="DKSR-EFI-04" duration="00:00:00.0162573" startTime="2023-12-22T09:36:19.2258530+01:00" endTime="2023-12-22T09:36:19.2414767+01:00" testType="13cdc9d9-ddb5-4fa4-a97d-d965ccfc6d4b" outcome="Passed" testListId="8c84fa94-04c1-424b-9868-57a2d4851a1d" relativeResultsDirectory="12b4f676-02bd-4c8b-8941-9753b1b06cca" />
    <UnitTestResult executionId="be149407-3f90-472d-b937-9b3bbc6c8e16" testId="46bf9e98-581b-ed21-4068-ec39f8188b91" testName="TemporaryLicense_HasCurrentYearToken_LicenseYearInferiorThanDateActivated" computerName="DKSR-EFI-04" duration="00:00:00.0006153" startTime="2023-12-22T09:35:01.7254457+01:00" endTime="2023-12-22T09:35:01.7254457+01:00" testType="13cdc9d9-ddb5-4fa4-a97d-d965ccfc6d4b" outcome="Passed" testListId="8c84fa94-04c1-424b-9868-57a2d4851a1d" relativeResultsDirectory="be149407-3f90-472d-b937-9b3bbc6c8e16" />
    <UnitTestResult executionId="880f6fcf-3475-4b39-9781-7f9705e4007b" testId="2ee83b99-e286-2059-d828-19cc99fc2cc4" testName="CheckSecurityDataSetTest_NotLicensedFail1" computerName="DKSR-EFI-04" duration="00:00:00.0014284" startTime="2023-12-22T09:35:59.5226248+01:00" endTime="2023-12-22T09:35:59.5226248+01:00" testType="13cdc9d9-ddb5-4fa4-a97d-d965ccfc6d4b" outcome="Passed" testListId="8c84fa94-04c1-424b-9868-57a2d4851a1d" relativeResultsDirectory="880f6fcf-3475-4b39-9781-7f9705e4007b" />
    <UnitTestResult executionId="8373c7e2-3d0f-44f2-a8d6-e7051eff5103" testId="f0ebc854-c13b-2b60-a0fd-ffd0a235b26d" testName="UploadFileChunkCommandHandler_Execute_Arguments_Null_Throws" computerName="DKSR-EFI-04" duration="00:00:00.0076584" startTime="2023-12-22T09:36:44.7105175+01:00" endTime="2023-12-22T09:36:44.7105175+01:00" testType="13cdc9d9-ddb5-4fa4-a97d-d965ccfc6d4b" outcome="Passed" testListId="8c84fa94-04c1-424b-9868-57a2d4851a1d" relativeResultsDirectory="8373c7e2-3d0f-44f2-a8d6-e7051eff5103">
      <Output>
        <StdOut>Debug Trace:&#xD;
Fail: Command/Command handler type mismatch&#xD;
Fail: The command handler expect an object that implements ICallContextInfo in the state parameter&#xD;
Fail: The command handler expect an object that implements IResponseSink in the responseSink parameter</StdOut>
      </Output>
    </UnitTestResult>
    <UnitTestResult executionId="7e012dab-a524-400a-adb8-7562867505fc" testId="1c4744cc-61d4-e4cf-4e8e-47488f33fd5b" testName="ConvertIdpLog_UserNotAdministrator" computerName="DKSR-EFI-04" duration="00:00:00.0028428" startTime="2023-12-22T09:34:53.5066541+01:00" endTime="2023-12-22T09:34:53.5222796+01:00" testType="13cdc9d9-ddb5-4fa4-a97d-d965ccfc6d4b" outcome="Passed" testListId="8c84fa94-04c1-424b-9868-57a2d4851a1d" relativeResultsDirectory="7e012dab-a524-400a-adb8-7562867505fc" />
    <UnitTestResult executionId="27ff8791-0aae-4a05-bf2a-0261e31d10c2" testId="ac15fd27-a253-7dca-7539-8cb0e2493685" testName="EventCollector_Dispose_Success" computerName="DKSR-EFI-04" duration="00:00:00.0007719" startTime="2023-12-22T09:33:57.7563736+01:00" endTime="2023-12-22T09:33:57.7563736+01:00" testType="13cdc9d9-ddb5-4fa4-a97d-d965ccfc6d4b" outcome="Passed" testListId="8c84fa94-04c1-424b-9868-57a2d4851a1d" relativeResultsDirectory="27ff8791-0aae-4a05-bf2a-0261e31d10c2" />
    <UnitTestResult executionId="c19bbb5e-5874-470b-97a2-b066fa08a767" testId="7739c338-27eb-6231-f39e-457ef356e1cd" testName="DatabaseResponseTrackIdsWithoutMediaOnRecorder_ModelIsNull_BadRequestResult" computerName="DKSR-EFI-04" duration="00:00:00.0006352" startTime="2023-12-22T09:34:01.0063911+01:00" endTime="2023-12-22T09:34:01.0063911+01:00" testType="13cdc9d9-ddb5-4fa4-a97d-d965ccfc6d4b" outcome="Passed" testListId="8c84fa94-04c1-424b-9868-57a2d4851a1d" relativeResultsDirectory="c19bbb5e-5874-470b-97a2-b066fa08a767" />
    <UnitTestResult executionId="3a0da623-444c-4aad-a0a2-9aac82f8bb9d" testId="aac10e62-9d0b-cc86-10c1-c58eccffc8a5" testName="HardwareInCWAOnWhiteList_ReplacedWithNoInheritance_HardwareOnWhiteList_NoMoreCWAAllowed_FewerChannelsOnReplacedHardware_NewHardwareInGrace" computerName="DKSR-EFI-04" duration="00:00:00.2796875" startTime="2023-12-22T09:35:19.9130404+01:00" endTime="2023-12-22T09:35:20.1942926+01:00" testType="13cdc9d9-ddb5-4fa4-a97d-d965ccfc6d4b" outcome="Passed" testListId="8c84fa94-04c1-424b-9868-57a2d4851a1d" relativeResultsDirectory="3a0da623-444c-4aad-a0a2-9aac82f8bb9d" />
    <UnitTestResult executionId="04a540af-3243-4d6d-9da0-7d2ee207ec8f" testId="490e7964-564a-533a-f8bb-4cc32aa32787" testName="EvidenceLockOnOldRecorderCommandHandlerTests_OldRecV1_ConfigAdd1RowEdge" computerName="DKSR-EFI-04" duration="00:00:00.0161376" startTime="2023-12-22T09:36:18.9133504+01:00" endTime="2023-12-22T09:36:18.9289760+01:00" testType="13cdc9d9-ddb5-4fa4-a97d-d965ccfc6d4b" outcome="Passed" testListId="8c84fa94-04c1-424b-9868-57a2d4851a1d" relativeResultsDirectory="04a540af-3243-4d6d-9da0-7d2ee207ec8f" />
    <UnitTestResult executionId="0e48ab49-5bda-441c-816c-03a19fdb95aa" testId="adb45a6a-26fd-ba52-beaa-50bf00558977" testName="HardwareInCWANotOnWhiteList_ReplacedWithNoInheritance_HardwareOnWhiteList_CWAAllowed_MoreChannelsOnReplacedHardware_NewHardwareInCWA" computerName="DKSR-EFI-04" duration="00:00:00.4790719" startTime="2023-12-22T09:35:22.8193057+01:00" endTime="2023-12-22T09:35:23.3036839+01:00" testType="13cdc9d9-ddb5-4fa4-a97d-d965ccfc6d4b" outcome="Passed" testListId="8c84fa94-04c1-424b-9868-57a2d4851a1d" relativeResultsDirectory="0e48ab49-5bda-441c-816c-03a19fdb95aa" />
    <UnitTestResult executionId="c83f4e5a-54e0-4e22-8f87-a775ce647d51" testId="96931d14-cc35-35bb-51f7-71a866f0df4b" testName="Log_ContextIsNull_NothingIsLogged" computerName="DKSR-EFI-04" duration="00:00:00.0006821" startTime="2023-12-22T09:34:00.8345128+01:00" endTime="2023-12-22T09:34:00.8501396+01:00" testType="13cdc9d9-ddb5-4fa4-a97d-d965ccfc6d4b" outcome="Passed" testListId="8c84fa94-04c1-424b-9868-57a2d4851a1d" relativeResultsDirectory="c83f4e5a-54e0-4e22-8f87-a775ce647d51" />
    <UnitTestResult executionId="5dee87b4-d0e3-4f0d-b811-409a28f6bfaf" testId="fe9fa5ff-b8ec-9da8-f475-9b5dd8c18a81" testName="ChangeHardwarePasswordRuleAction_Execute_TimesOut_NoCompletedEventTriggered" computerName="DKSR-EFI-04" duration="00:00:00.0584181" startTime="2023-12-22T09:34:53.2097787+01:00" endTime="2023-12-22T09:34:53.2722797+01:00" testType="13cdc9d9-ddb5-4fa4-a97d-d965ccfc6d4b" outcome="Passed" testListId="8c84fa94-04c1-424b-9868-57a2d4851a1d" relativeResultsDirectory="5dee87b4-d0e3-4f0d-b811-409a28f6bfaf" />
    <UnitTestResult executionId="ab81e61b-fe0f-478f-8e27-bc438ac53bcb" testId="588ff876-ec36-54e8-8872-562ec2940133" testName="Parse_WhenRegistrationHasIncorrectType_RegistrationIsIgnored" computerName="DKSR-EFI-04" duration="00:00:00.0005083" startTime="2023-12-22T09:35:01.7723213+01:00" endTime="2023-12-22T09:35:01.7723213+01:00" testType="13cdc9d9-ddb5-4fa4-a97d-d965ccfc6d4b" outcome="Passed" testListId="8c84fa94-04c1-424b-9868-57a2d4851a1d" relativeResultsDirectory="ab81e61b-fe0f-478f-8e27-bc438ac53bcb" />
    <UnitTestResult executionId="1614d36b-6de6-46a0-aa85-903d62f638a3" testId="af2e5f14-0383-5727-555f-05fe1be1d426" testName="HardwareLicense_AddNew_IsUpdated_RetrieveAsList_Success" computerName="DKSR-EFI-04" duration="00:00:00.0013797" startTime="2023-12-22T09:36:15.6320813+01:00" endTime="2023-12-22T09:36:15.6320813+01:00" testType="13cdc9d9-ddb5-4fa4-a97d-d965ccfc6d4b" outcome="Passed" testListId="8c84fa94-04c1-424b-9868-57a2d4851a1d" relativeResultsDirectory="1614d36b-6de6-46a0-aa85-903d62f638a3" />
    <UnitTestResult executionId="13d5b0d1-9f7b-4265-a54a-d1a0d3e88f60" testId="0692149d-061c-982d-3d4f-ebaa7c87c549" testName="AutomaticActivationFailedEvent_IsForwardedThroughLicenseManager" computerName="DKSR-EFI-04" duration="00:00:00.0031636" startTime="2023-12-22T09:36:07.9289181+01:00" endTime="2023-12-22T09:36:07.9289181+01:00" testType="13cdc9d9-ddb5-4fa4-a97d-d965ccfc6d4b" outcome="Passed" testListId="8c84fa94-04c1-424b-9868-57a2d4851a1d" relativeResultsDirectory="13d5b0d1-9f7b-4265-a54a-d1a0d3e88f60" />
    <UnitTestResult executionId="ef93d2f4-19c8-4b98-b7bb-9f07605369c9" testId="84beeaec-a55a-7a5a-a1f4-9278e25a84fd" testName="TaskHandling_InternalUpdateReparingTasks_NoExistingTask_NewTask" computerName="DKSR-EFI-04" duration="00:00:00.0016488" startTime="2023-12-22T09:34:31.9440439+01:00" endTime="2023-12-22T09:34:31.9440439+01:00" testType="13cdc9d9-ddb5-4fa4-a97d-d965ccfc6d4b" outcome="Passed" testListId="8c84fa94-04c1-424b-9868-57a2d4851a1d" relativeResultsDirectory="ef93d2f4-19c8-4b98-b7bb-9f07605369c9" />
    <UnitTestResult executionId="146085f1-0e28-4c16-95e2-867697dfd430" testId="664c6c39-1950-e918-603e-2d8ac39f7b2d" testName="HardwareLicense_AddNew_IsUpdated_SetToTrue_Success" computerName="DKSR-EFI-04" duration="00:00:00.0005068" startTime="2023-12-22T09:36:15.6320813+01:00" endTime="2023-12-22T09:36:15.6320813+01:00" testType="13cdc9d9-ddb5-4fa4-a97d-d965ccfc6d4b" outcome="Passed" testListId="8c84fa94-04c1-424b-9868-57a2d4851a1d" relativeResultsDirectory="146085f1-0e28-4c16-95e2-867697dfd430" />
    <UnitTestResult executionId="c4330124-0e04-4a95-a507-a0617115694a" testId="c199b950-0fe6-f2e5-8d0f-5590a7fb8eef" testName="PrepareMoveHardwareResponse_ModelIsValid_CommandExecuted" computerName="DKSR-EFI-04" duration="00:00:00.0026540" startTime="2023-12-22T09:34:01.0220152+01:00" endTime="2023-12-22T09:34:01.0220152+01:00" testType="13cdc9d9-ddb5-4fa4-a97d-d965ccfc6d4b" outcome="Passed" testListId="8c84fa94-04c1-424b-9868-57a2d4851a1d" relativeResultsDirectory="c4330124-0e04-4a95-a507-a0617115694a" />
    <UnitTestResult executionId="4081dc1e-7fc1-45ba-bb7b-53e7336251b6" testId="66c9557b-c149-2e3d-d5ea-3250190bb2c2" testName="RecordingServerCache_ClearCacheRemovesCachedLicense_Success" computerName="DKSR-EFI-04" duration="00:00:00.0200683" startTime="2023-12-22T09:36:06.2570338+01:00" endTime="2023-12-22T09:36:06.2726605+01:00" testType="13cdc9d9-ddb5-4fa4-a97d-d965ccfc6d4b" outcome="Passed" testListId="8c84fa94-04c1-424b-9868-57a2d4851a1d" relativeResultsDirectory="4081dc1e-7fc1-45ba-bb7b-53e7336251b6" />
    <UnitTestResult executionId="1e7c5acb-6f33-4b73-ba5d-92d4abda04eb" testId="4a7c2bdf-ce23-9336-545f-1fa2b8f89c3d" testName="UpdateReadOnlySettings_ModelIsValid_CommandExecuted" computerName="DKSR-EFI-04" duration="00:00:00.0012908" startTime="2023-12-22T09:34:01.1001389+01:00" endTime="2023-12-22T09:34:01.1001389+01:00" testType="13cdc9d9-ddb5-4fa4-a97d-d965ccfc6d4b" outcome="Passed" testListId="8c84fa94-04c1-424b-9868-57a2d4851a1d" relativeResultsDirectory="1e7c5acb-6f33-4b73-ba5d-92d4abda04eb" />
    <UnitTestResult executionId="490add0d-60e0-46a0-8567-529b280c3f9d" testId="aab282aa-ad90-6e2a-3ce9-e3773114a944" testName="LicenseCountManager_CameraFeed_Get_Set_CameraFeedLicenseValue" computerName="DKSR-EFI-04" duration="00:00:00.0028727" startTime="2023-12-22T09:35:59.3351223+01:00" endTime="2023-12-22T09:35:59.3351223+01:00" testType="13cdc9d9-ddb5-4fa4-a97d-d965ccfc6d4b" outcome="Passed" testListId="8c84fa94-04c1-424b-9868-57a2d4851a1d" relativeResultsDirectory="490add0d-60e0-46a0-8567-529b280c3f9d" />
    <UnitTestResult executionId="8a96ec53-1f07-451e-b714-0af2e285cb68" testId="55bdeb1c-462d-a82c-f7ac-cb0d9ea41e70" testName="TaskHandling_ProcessUpdateDiffgram_Hardware_Multiple_Values_Changed" computerName="DKSR-EFI-04" duration="00:00:00.0065031" startTime="2023-12-22T09:34:31.7721671+01:00" endTime="2023-12-22T09:34:31.7721671+01:00" testType="13cdc9d9-ddb5-4fa4-a97d-d965ccfc6d4b" outcome="Passed" testListId="8c84fa94-04c1-424b-9868-57a2d4851a1d" relativeResultsDirectory="8a96ec53-1f07-451e-b714-0af2e285cb68" />
    <UnitTestResult executionId="e81c6f87-6322-4534-993a-a2f75141bced" testId="9bcd0202-63b0-a2b2-3000-3588e2a360cd" testName="DeleteHardwareUserCommandHandler_Constructor_ThrowsIfParameterNull" computerName="DKSR-EFI-04" duration="00:00:00.0043909" startTime="2023-12-22T09:36:18.5227226+01:00" endTime="2023-12-22T09:36:18.5383477+01:00" testType="13cdc9d9-ddb5-4fa4-a97d-d965ccfc6d4b" outcome="Passed" testListId="8c84fa94-04c1-424b-9868-57a2d4851a1d" relativeResultsDirectory="e81c6f87-6322-4534-993a-a2f75141bced">
      <Output>
        <StdOut>Debug Trace:&#xD;
Fail: Argument null</StdOut>
      </Output>
    </UnitTestResult>
    <UnitTestResult executionId="aa2912f8-c221-426a-9333-636822898403" testId="6d42fd8c-c040-b48c-e6d2-bb547135a91f" testName="LoadTemporaryHardwareChangesWithoutActivationIdentifiers_NoHardwareNoDevicesInCWA_ReturnsEmptyList" computerName="DKSR-EFI-04" duration="00:00:00.0012957" startTime="2023-12-22T09:36:15.8195840+01:00" endTime="2023-12-22T09:36:15.8195840+01:00" testType="13cdc9d9-ddb5-4fa4-a97d-d965ccfc6d4b" outcome="Passed" testListId="8c84fa94-04c1-424b-9868-57a2d4851a1d" relativeResultsDirectory="aa2912f8-c221-426a-9333-636822898403" />
    <UnitTestResult executionId="1528cd9d-7b8a-4582-9b32-d71a04027d9b" testId="7f66b7da-de57-f7e0-4a65-94ed5a0266b4" testName="AllocateLicenses_TwoLicensedTwoExpired_OnFourHardwaresFiveCameraChannelsTwoPrelicensedTwoExpiredAndFourAvailableLicenses" computerName="DKSR-EFI-04" duration="00:00:00.0160833" startTime="2023-12-22T09:35:58.8976195+01:00" endTime="2023-12-22T09:35:58.9132451+01:00" testType="13cdc9d9-ddb5-4fa4-a97d-d965ccfc6d4b" outcome="Passed" testListId="8c84fa94-04c1-424b-9868-57a2d4851a1d" relativeResultsDirectory="1528cd9d-7b8a-4582-9b32-d71a04027d9b">
      <Output>
        <StdOut>Debug Trace:&#xD;
Fail: Attribute value invalid. 'Index'&#xD;
Fail: Attribute value invalid. 'Index'&#xD;
Fail: Attribute value invalid. 'Index'&#xD;
Fail: Attribute value invalid. 'Index'&#xD;
Fail: Attribute value invalid. 'Index'</StdOut>
      </Output>
    </UnitTestResult>
    <UnitTestResult executionId="da5c3b65-f917-4f6e-aa16-dc6dd8d0c7ec" testId="9d90b675-45bc-4904-0227-d0c44d00b4d5" testName="EvidenceLockOnOldRecorderCommandHandlerTests_OldRecV1_ConfigDelete2Rows" computerName="DKSR-EFI-04" duration="00:00:00.0163266" startTime="2023-12-22T09:36:18.8039754+01:00" endTime="2023-12-22T09:36:18.8196011+01:00" testType="13cdc9d9-ddb5-4fa4-a97d-d965ccfc6d4b" outcome="Passed" testListId="8c84fa94-04c1-424b-9868-57a2d4851a1d" relativeResultsDirectory="da5c3b65-f917-4f6e-aa16-dc6dd8d0c7ec" />
    <UnitTestResult executionId="3297bbf6-0fd9-4b11-a4e5-00c7d3260ed3" testId="158b079f-5a80-ad96-877a-5a4d13ecf6d0" testName="AutomaticActivationFailedEvent_GetsFired_OnFailedAutomaticActivation" computerName="DKSR-EFI-04" duration="00:00:00.0007124" startTime="2023-12-22T09:35:01.6316965+01:00" endTime="2023-12-22T09:35:01.6316965+01:00" testType="13cdc9d9-ddb5-4fa4-a97d-d965ccfc6d4b" outcome="Passed" testListId="8c84fa94-04c1-424b-9868-57a2d4851a1d" relativeResultsDirectory="3297bbf6-0fd9-4b11-a4e5-00c7d3260ed3" />
    <UnitTestResult executionId="67451af2-d29a-4d78-99ca-81b323e156a6" testId="771af3da-b850-a6a4-7b37-ea0d6e1037c1" testName="MoveHardwareTaskCommandHandler_Execute_WriteConfigurationDataSetChangesToDatabase_SqlException_FailResponse_UpdateConfigurationFailed" computerName="DKSR-EFI-04" duration="00:00:00.2174344" startTime="2023-12-22T09:36:25.1790095+01:00" endTime="2023-12-22T09:36:25.3977578+01:00" testType="13cdc9d9-ddb5-4fa4-a97d-d965ccfc6d4b" outcome="Passed" testListId="8c84fa94-04c1-424b-9868-57a2d4851a1d" relativeResultsDirectory="67451af2-d29a-4d78-99ca-81b323e156a6" />
    <UnitTestResult executionId="df321010-e7e7-45c8-8242-1fdd66030194" testId="b9620a8c-f3e1-5558-91f6-f847710ba86c" testName="GetRecorderLicense_AddsHardwareToGrace_OnOldHardwareUsingReplacementLimit" computerName="DKSR-EFI-04" duration="00:00:00.0251611" startTime="2023-12-22T09:36:06.4757850+01:00" endTime="2023-12-22T09:36:06.5070366+01:00" testType="13cdc9d9-ddb5-4fa4-a97d-d965ccfc6d4b" outcome="Passed" testListId="8c84fa94-04c1-424b-9868-57a2d4851a1d" relativeResultsDirectory="df321010-e7e7-45c8-8242-1fdd66030194" />
    <UnitTestResult executionId="b5bf9721-f76b-42bc-bc1f-cbd66d97c747" testId="86eaf42e-c871-8ba8-6148-f8452ed3f9cf" testName="LicenseCountManager_ValidateRelatedRecordingServerLicenses_NullLicenseManager_ThrowsArgumentNullException" computerName="DKSR-EFI-04" duration="00:00:00.0042972" startTime="2023-12-22T09:35:59.2413706+01:00" endTime="2023-12-22T09:35:59.2569999+01:00" testType="13cdc9d9-ddb5-4fa4-a97d-d965ccfc6d4b" outcome="Passed" testListId="8c84fa94-04c1-424b-9868-57a2d4851a1d" relativeResultsDirectory="b5bf9721-f76b-42bc-bc1f-cbd66d97c747" />
    <UnitTestResult executionId="3714134b-9b80-4d63-91df-02dd684839a7" testId="acb3bee3-815d-0e62-c834-e669f2acf8d8" testName="DeviceLicense_GetLicense_NullDeviceInfo_Throws_ArgumentException" computerName="DKSR-EFI-04" duration="00:00:00.0005904" startTime="2023-12-22T09:36:15.6789582+01:00" endTime="2023-12-22T09:36:15.6789582+01:00" testType="13cdc9d9-ddb5-4fa4-a97d-d965ccfc6d4b" outcome="Passed" testListId="8c84fa94-04c1-424b-9868-57a2d4851a1d" relativeResultsDirectory="3714134b-9b80-4d63-91df-02dd684839a7" />
    <UnitTestResult executionId="43496765-57ef-481b-b7f7-0a6e79547f53" testId="360a5b69-84c6-d741-05e8-229f4567bfb3" testName="TemporaryLicenseStorage_FindDevicesWithPreviousYearTokens_ReturnsDevicesWithPreviousYearTokens" computerName="DKSR-EFI-04" duration="00:00:00.0024932" startTime="2023-12-22T09:36:15.8039584+01:00" endTime="2023-12-22T09:36:15.8039584+01:00" testType="13cdc9d9-ddb5-4fa4-a97d-d965ccfc6d4b" outcome="Passed" testListId="8c84fa94-04c1-424b-9868-57a2d4851a1d" relativeResultsDirectory="43496765-57ef-481b-b7f7-0a6e79547f53" />
    <UnitTestResult executionId="ed841956-7192-4ded-8c2a-11ae8a6f6dd7" testId="e68f7d42-f59c-4600-6af3-d7b4b8daacca" testName="CreateServerLicenseRequest_FailsWithIntegrationRegistrationsNotFound" computerName="DKSR-EFI-04" duration="00:00:00.1073373" startTime="2023-12-22T09:36:09.1320475+01:00" endTime="2023-12-22T09:36:09.2414257+01:00" testType="13cdc9d9-ddb5-4fa4-a97d-d965ccfc6d4b" outcome="Passed" testListId="8c84fa94-04c1-424b-9868-57a2d4851a1d" relativeResultsDirectory="ed841956-7192-4ded-8c2a-11ae8a6f6dd7" />
    <UnitTestResult executionId="f74ea95e-e63a-4839-856e-e660d74efbd3" testId="b0211203-6613-8af6-27ec-57bd6e3d9589" testName="DeviceDataDistributionManager_CleanupAll_Success" computerName="DKSR-EFI-04" duration="00:00:00.0672224" startTime="2023-12-22T09:33:56.9907435+01:00" endTime="2023-12-22T09:33:57.0532422+01:00" testType="13cdc9d9-ddb5-4fa4-a97d-d965ccfc6d4b" outcome="Passed" testListId="8c84fa94-04c1-424b-9868-57a2d4851a1d" relativeResultsDirectory="f74ea95e-e63a-4839-856e-e660d74efbd3" />
    <UnitTestResult executionId="948d4510-8f25-4e53-ab92-6b58ec01b19a" testId="12b01767-1152-86d2-fa25-fbd881fa6122" testName="AddHardwareUserCommandHandler_Execute_ReturnsRecorderUnavailableResponseOnRecorderNotConnected" computerName="DKSR-EFI-04" duration="00:00:00.0011197" startTime="2023-12-22T09:36:16.2102115+01:00" endTime="2023-12-22T09:36:16.2258362+01:00" testType="13cdc9d9-ddb5-4fa4-a97d-d965ccfc6d4b" outcome="Passed" testListId="8c84fa94-04c1-424b-9868-57a2d4851a1d" relativeResultsDirectory="948d4510-8f25-4e53-ab92-6b58ec01b19a" />
    <UnitTestResult executionId="d69ec78b-b867-471a-92eb-e228712b73f8" testId="8990191b-24ce-f4c6-9621-98b8def434fa" testName="SetRecorderInformation_ModelIsValid_CommandExecuted" computerName="DKSR-EFI-04" duration="00:00:00.0035943" startTime="2023-12-22T09:34:01.4751413+01:00" endTime="2023-12-22T09:34:01.4907645+01:00" testType="13cdc9d9-ddb5-4fa4-a97d-d965ccfc6d4b" outcome="Passed" testListId="8c84fa94-04c1-424b-9868-57a2d4851a1d" relativeResultsDirectory="d69ec78b-b867-471a-92eb-e228712b73f8" />
    <UnitTestResult executionId="9b732a05-6734-42fa-9c8c-51d6ac09b239" testId="ae22dca9-2c0d-4866-9901-227de3fea027" testName="ReportManualRecordingStateCommand_ModelIsValid_CommandExecuted" computerName="DKSR-EFI-04" duration="00:00:00.0010023" startTime="2023-12-22T09:34:00.3032582+01:00" endTime="2023-12-22T09:34:00.3188836+01:00" testType="13cdc9d9-ddb5-4fa4-a97d-d965ccfc6d4b" outcome="Passed" testListId="8c84fa94-04c1-424b-9868-57a2d4851a1d" relativeResultsDirectory="9b732a05-6734-42fa-9c8c-51d6ac09b239" />
    <UnitTestResult executionId="b6d37296-e411-44f9-bc2c-495666baee5b" testId="63f6badc-75ca-49e3-34dc-16f32740f2dc" testName="IsActivationNeeded_True_ICP_DeviceReplaced" computerName="DKSR-EFI-04" duration="00:00:00.0038014" startTime="2023-12-22T09:36:08.0695443+01:00" endTime="2023-12-22T09:36:08.0695443+01:00" testType="13cdc9d9-ddb5-4fa4-a97d-d965ccfc6d4b" outcome="Passed" testListId="8c84fa94-04c1-424b-9868-57a2d4851a1d" relativeResultsDirectory="b6d37296-e411-44f9-bc2c-495666baee5b" />
    <UnitTestResult executionId="fde626a2-93ff-4bf2-ab0f-57f951fbace4" testId="f1765d29-d53f-8d02-a25d-e6d6684f550d" testName="IsActivationNeeded_True_DeviceAdded" computerName="DKSR-EFI-04" duration="00:00:00.0379589" startTime="2023-12-22T09:36:07.9601672+01:00" endTime="2023-12-22T09:36:08.0070443+01:00" testType="13cdc9d9-ddb5-4fa4-a97d-d965ccfc6d4b" outcome="Passed" testListId="8c84fa94-04c1-424b-9868-57a2d4851a1d" relativeResultsDirectory="fde626a2-93ff-4bf2-ab0f-57f951fbace4" />
    <UnitTestResult executionId="094e9b37-583a-4f08-a5b5-e3394f6a5350" testId="dba49773-5d33-9e84-a8dc-6e4b869da304" testName="ReportMediaCommittedToDatabaseCommand_ModelIsValid_CommandExecuted" computerName="DKSR-EFI-04" duration="00:00:00.0019313" startTime="2023-12-22T09:34:00.3032582+01:00" endTime="2023-12-22T09:34:00.3032582+01:00" testType="13cdc9d9-ddb5-4fa4-a97d-d965ccfc6d4b" outcome="Passed" testListId="8c84fa94-04c1-424b-9868-57a2d4851a1d" relativeResultsDirectory="094e9b37-583a-4f08-a5b5-e3394f6a5350" />
    <UnitTestResult executionId="17e932c0-2bd2-4c77-b67e-b1fd6e744295" testId="7ecc084e-eb1c-1dc2-3fa1-ca4480409cd4" testName="HardwareInGraceOnWhiteList_ReplacedWithNoInheritance_HardwareNotOnWhiteList_ShouldGiveDevicesNewGracePeriod" computerName="DKSR-EFI-04" duration="00:00:00.2191226" startTime="2023-12-22T09:35:57.4288605+01:00" endTime="2023-12-22T09:35:57.6476126+01:00" testType="13cdc9d9-ddb5-4fa4-a97d-d965ccfc6d4b" outcome="Passed" testListId="8c84fa94-04c1-424b-9868-57a2d4851a1d" relativeResultsDirectory="17e932c0-2bd2-4c77-b67e-b1fd6e744295" />
    <UnitTestResult executionId="a532947b-7acf-4728-ab84-ba0265b3cc18" testId="89930b7f-443a-277a-9e1c-dc075f2e851e" testName="CreateLicenseInformationXml_Has1Expired_On1ExpiredHardware25ChannelsOnWhitelist" computerName="DKSR-EFI-04" duration="00:00:00.0293065" startTime="2023-12-22T09:36:00.1007507+01:00" endTime="2023-12-22T09:36:00.1320007+01:00" testType="13cdc9d9-ddb5-4fa4-a97d-d965ccfc6d4b" outcome="Passed" testListId="8c84fa94-04c1-424b-9868-57a2d4851a1d" relativeResultsDirectory="a532947b-7acf-4728-ab84-ba0265b3cc18">
      <Output>
        <StdOut>Debug Trace:&#xD;
Fail: Attribute value invalid. 'Index'&#xD;
Fail: Attribute value invalid. 'Index'&#xD;
Fail: Attribute value invalid. 'Index'&#xD;
Fail: Attribute value invalid. 'Index'&#xD;
Fail: Attribute value invalid. 'Index'&#xD;
Fail: Attribute value invalid. 'Index'&#xD;
Fail: Attribute value invalid. 'Index'&#xD;
Fail: Attribute value invalid. 'Index'&#xD;
Fail: Attribute value invalid. 'Index'&#xD;
Fail: Attribute value invalid. 'Index'&#xD;
Fail: Attribute value invalid. 'Index'&#xD;
Fail: Attribute value invalid. 'Index'&#xD;
Fail: Attribute value invalid. 'Index'&#xD;
Fail: Attribute value invalid. 'Index'&#xD;
Fail: Attribute value invalid. 'Index'&#xD;
Fail: Attribute value invalid. 'Index'&#xD;
Fail: Attribute value invalid. 'Index'&#xD;
Fail: Attribute value invalid. 'Index'&#xD;
Fail: Attribute value invalid. 'Index'&#xD;
Fail: Attribute value invalid. 'Index'&#xD;
Fail: Attribute value invalid. 'Index'&#xD;
Fail: Attribute value invalid. 'Index'&#xD;
Fail: Attribute value invalid. 'Index'&#xD;
Fail: Attribute value invalid. 'Index'&#xD;
Fail: Attribute value invalid. 'Index'</StdOut>
      </Output>
    </UnitTestResult>
    <UnitTestResult executionId="acb13811-12a0-4eb1-8140-52cbfe2ddad1" testId="7ff84ea9-41b0-fba9-537a-539e9deaafa7" testName="SetRecorderInformation_ModelIsNull_BadRequestResult" computerName="DKSR-EFI-04" duration="00:00:00.0010129" startTime="2023-12-22T09:34:01.4751413+01:00" endTime="2023-12-22T09:34:01.4751413+01:00" testType="13cdc9d9-ddb5-4fa4-a97d-d965ccfc6d4b" outcome="Passed" testListId="8c84fa94-04c1-424b-9868-57a2d4851a1d" relativeResultsDirectory="acb13811-12a0-4eb1-8140-52cbfe2ddad1" />
    <UnitTestResult executionId="2e86fe77-38f5-4c89-a7d0-5d431c70f8b0" testId="b4298ca8-9752-bfa9-c052-cd715e74c130" testName="DeviceLicense_SetExpire_InvalidDate_MinDate_Throws_ArgumentOutOfRangeException" computerName="DKSR-EFI-04" duration="00:00:00.0007740" startTime="2023-12-22T09:36:15.7102077+01:00" endTime="2023-12-22T09:36:15.7102077+01:00" testType="13cdc9d9-ddb5-4fa4-a97d-d965ccfc6d4b" outcome="Passed" testListId="8c84fa94-04c1-424b-9868-57a2d4851a1d" relativeResultsDirectory="2e86fe77-38f5-4c89-a7d0-5d431c70f8b0" />
    <UnitTestResult executionId="72924807-fbcb-4c82-8cf7-3e724731e32a" testId="3efb8632-d275-2f59-6e77-6a95bebd84ae" testName="GetRecorderLicense_DoesNotAllocateFreeLicense_OnSameICPHwOnTwoRecordingServersAndMissingLicenses" computerName="DKSR-EFI-04" duration="00:00:00.0311447" startTime="2023-12-22T09:36:09.4758026+01:00" endTime="2023-12-22T09:36:09.5070504+01:00" testType="13cdc9d9-ddb5-4fa4-a97d-d965ccfc6d4b" outcome="Passed" testListId="8c84fa94-04c1-424b-9868-57a2d4851a1d" relativeResultsDirectory="72924807-fbcb-4c82-8cf7-3e724731e32a" />
    <UnitTestResult executionId="53e720e7-c520-4b8b-9933-07a2c177dde4" testId="02013f03-f3c8-ae40-1d17-a301222d6f0c" testName="GenerateIntegrationRegistrationsAsXml_Success_ValidXmlWithIntegrationRegistration" computerName="DKSR-EFI-04" duration="00:00:00.0502794" startTime="2023-12-22T09:36:12.1164389+01:00" endTime="2023-12-22T09:36:12.1633137+01:00" testType="13cdc9d9-ddb5-4fa4-a97d-d965ccfc6d4b" outcome="Passed" testListId="8c84fa94-04c1-424b-9868-57a2d4851a1d" relativeResultsDirectory="53e720e7-c520-4b8b-9933-07a2c177dde4" />
    <UnitTestResult executionId="9859fdb2-1eff-4701-832e-b7efc08fd9ee" testId="22d08012-2885-1c43-3f38-23756f15dee5" testName="HardwareScanTaskCommandHandler_Execute_Succeeded" computerName="DKSR-EFI-04" duration="00:00:00.0370970" startTime="2023-12-22T09:36:20.0696058+01:00" endTime="2023-12-22T09:36:20.1008588+01:00" testType="13cdc9d9-ddb5-4fa4-a97d-d965ccfc6d4b" outcome="Passed" testListId="8c84fa94-04c1-424b-9868-57a2d4851a1d" relativeResultsDirectory="9859fdb2-1eff-4701-832e-b7efc08fd9ee" />
    <UnitTestResult executionId="95eceb65-8348-4737-bd15-484a56098fd8" testId="cbb4fcb6-2f38-80c4-a211-f0717738d4b0" testName="CreateLicenseInformationXml_HasMultiLicenseHardwareTrue_OnHardwareWith10Channels" computerName="DKSR-EFI-04" duration="00:00:00.0666525" startTime="2023-12-22T09:36:00.3507540+01:00" endTime="2023-12-22T09:36:00.4288775+01:00" testType="13cdc9d9-ddb5-4fa4-a97d-d965ccfc6d4b" outcome="Passed" testListId="8c84fa94-04c1-424b-9868-57a2d4851a1d" relativeResultsDirectory="95eceb65-8348-4737-bd15-484a56098fd8">
      <Output>
        <StdOut>Debug Trace:&#xD;
Fail: Attribute value invalid. 'Index'&#xD;
Fail: Attribute value invalid. 'Index'&#xD;
Fail: Attribute value invalid. 'Index'&#xD;
Fail: Attribute value invalid. 'Index'&#xD;
Fail: Attribute value invalid. 'Index'&#xD;
Fail: Attribute value invalid. 'Index'&#xD;
Fail: Attribute value invalid. 'Index'&#xD;
Fail: Attribute value invalid. 'Index'&#xD;
Fail: Attribute value invalid. 'Index'&#xD;
Fail: Attribute value invalid. 'Index'</StdOut>
      </Output>
    </UnitTestResult>
    <UnitTestResult executionId="f67dc03b-785e-4045-9de1-6e0c85fbeb9f" testId="c87ffa61-951f-ee62-c1fb-b3754d84e4e7" testName="ReleasePtzSessionResponse_ModelIsValid_CommandExecuted" computerName="DKSR-EFI-04" duration="00:00:00.0041395" startTime="2023-12-22T09:34:00.9438894+01:00" endTime="2023-12-22T09:34:00.9438894+01:00" testType="13cdc9d9-ddb5-4fa4-a97d-d965ccfc6d4b" outcome="Passed" testListId="8c84fa94-04c1-424b-9868-57a2d4851a1d" relativeResultsDirectory="f67dc03b-785e-4045-9de1-6e0c85fbeb9f" />
    <UnitTestResult executionId="5f4be257-2428-4fa9-850f-df22ced55a35" testId="69d8e4e1-c6b4-49a3-77e0-7723a1266172" testName="IsHardwareInCurrentYearChangesWithoutActivation_ReturnsFalse_OnPreviousYearDevices" computerName="DKSR-EFI-04" duration="00:00:00.0061736" startTime="2023-12-22T09:36:06.8820377+01:00" endTime="2023-12-22T09:36:06.8820377+01:00" testType="13cdc9d9-ddb5-4fa4-a97d-d965ccfc6d4b" outcome="Passed" testListId="8c84fa94-04c1-424b-9868-57a2d4851a1d" relativeResultsDirectory="5f4be257-2428-4fa9-850f-df22ced55a35" />
    <UnitTestResult executionId="e9ef4f79-34e1-4674-9f12-f2432bded561" testId="12a4adbd-8d8a-c9d9-c0e7-b2f4566a6261" testName="CheckConfigurationDataSetTest_MultistreamRecording_Licensed_ValidationSucceeds" computerName="DKSR-EFI-04" duration="00:00:00.0032464" startTime="2023-12-22T09:35:59.5694982+01:00" endTime="2023-12-22T09:35:59.5694982+01:00" testType="13cdc9d9-ddb5-4fa4-a97d-d965ccfc6d4b" outcome="Passed" testListId="8c84fa94-04c1-424b-9868-57a2d4851a1d" relativeResultsDirectory="e9ef4f79-34e1-4674-9f12-f2432bded561" />
    <UnitTestResult executionId="e61abc5c-35a7-46a2-b77f-10aa1ef30e0e" testId="a713d85e-4be9-e408-9b6e-5babcb270474" testName="EventCollectorConstructor_Success" computerName="DKSR-EFI-04" duration="00:00:00.0534269" startTime="2023-12-22T09:33:57.1313701+01:00" endTime="2023-12-22T09:33:57.1938697+01:00" testType="13cdc9d9-ddb5-4fa4-a97d-d965ccfc6d4b" outcome="Passed" testListId="8c84fa94-04c1-424b-9868-57a2d4851a1d" relativeResultsDirectory="e61abc5c-35a7-46a2-b77f-10aa1ef30e0e" />
    <UnitTestResult executionId="5d6686d9-2831-4184-96f9-ee23ea8720c6" testId="35f7f4a5-68b4-b2cc-93d0-68a0b4a2c229" testName="Dispose_Called_ClientsDisposed" computerName="DKSR-EFI-04" duration="00:00:00.0024337" startTime="2023-12-22T09:36:45.0228651+01:00" endTime="2023-12-22T09:36:45.0384912+01:00" testType="13cdc9d9-ddb5-4fa4-a97d-d965ccfc6d4b" outcome="Passed" testListId="8c84fa94-04c1-424b-9868-57a2d4851a1d" relativeResultsDirectory="5d6686d9-2831-4184-96f9-ee23ea8720c6" />
    <UnitTestResult executionId="ed48cc07-1c14-4269-9094-30b1a0b34f67" testId="a458d2f4-9d49-ccf4-721d-334e9190a07e" testName="CreateLicenseRequest_ThrowsLicenseException_OnInvalidDocument" computerName="DKSR-EFI-04" duration="00:00:00.0080414" startTime="2023-12-22T09:36:08.1789189+01:00" endTime="2023-12-22T09:36:08.1945447+01:00" testType="13cdc9d9-ddb5-4fa4-a97d-d965ccfc6d4b" outcome="Passed" testListId="8c84fa94-04c1-424b-9868-57a2d4851a1d" relativeResultsDirectory="ed48cc07-1c14-4269-9094-30b1a0b34f67" />
    <UnitTestResult executionId="62084a17-dd74-44ac-a62c-62ca7bdb9432" testId="7fbd8cd6-5269-2a27-a6ab-cabaa043e40b" testName="CheckConfigurationDataSetTest_RecorderMulticastLicensedSuccess" computerName="DKSR-EFI-04" duration="00:00:00.0021859" startTime="2023-12-22T09:35:59.6788723+01:00" endTime="2023-12-22T09:35:59.6788723+01:00" testType="13cdc9d9-ddb5-4fa4-a97d-d965ccfc6d4b" outcome="Passed" testListId="8c84fa94-04c1-424b-9868-57a2d4851a1d" relativeResultsDirectory="62084a17-dd74-44ac-a62c-62ca7bdb9432" />
    <UnitTestResult executionId="31f68930-0f83-4aab-987f-b8ba7631d4a6" testId="2f585eda-a8b0-9e5a-ae46-f446f35708ae" testName="Simulate_CWA_TreatedAsLicensedAfterOneYear_Whitelisted" computerName="DKSR-EFI-04" duration="00:00:00.3381403" startTime="2023-12-22T09:35:47.0225558+01:00" endTime="2023-12-22T09:35:47.3663098+01:00" testType="13cdc9d9-ddb5-4fa4-a97d-d965ccfc6d4b" outcome="Passed" testListId="8c84fa94-04c1-424b-9868-57a2d4851a1d" relativeResultsDirectory="31f68930-0f83-4aab-987f-b8ba7631d4a6" />
    <UnitTestResult executionId="33468120-f106-4f33-80df-1048d361d555" testId="10de2d20-9e13-becf-3e27-76a1ef40ac99" testName="CheckConfigurationDataSetTest_StreamsNotLicensedPass1" computerName="DKSR-EFI-04" duration="00:00:00.0049891" startTime="2023-12-22T09:35:59.5538749+01:00" endTime="2023-12-22T09:35:59.5538749+01:00" testType="13cdc9d9-ddb5-4fa4-a97d-d965ccfc6d4b" outcome="Passed" testListId="8c84fa94-04c1-424b-9868-57a2d4851a1d" relativeResultsDirectory="33468120-f106-4f33-80df-1048d361d555" />
    <UnitTestResult executionId="f207e489-e978-4459-af89-ef280fcd17b4" testId="df5c3845-a233-27f8-e47f-7255071d02b8" testName="AddHardwareToRequest_AddsInterconnectedHardwareToList" computerName="DKSR-EFI-04" duration="00:00:00.0028629" startTime="2023-12-22T09:36:12.5070650+01:00" endTime="2023-12-22T09:36:12.5070650+01:00" testType="13cdc9d9-ddb5-4fa4-a97d-d965ccfc6d4b" outcome="Passed" testListId="8c84fa94-04c1-424b-9868-57a2d4851a1d" relativeResultsDirectory="f207e489-e978-4459-af89-ef280fcd17b4" />
    <UnitTestResult executionId="479c71cc-70de-48ab-9c0d-54181d83d49b" testId="03dd6afe-2c0d-3663-e961-0f00a0c6a3ae" testName="AsyncTaskMonitor_Constructor_NullArgument" computerName="DKSR-EFI-04" duration="00:00:00.0003796" startTime="2023-12-22T09:34:23.9908797+01:00" endTime="2023-12-22T09:34:23.9908797+01:00" testType="13cdc9d9-ddb5-4fa4-a97d-d965ccfc6d4b" outcome="Passed" testListId="8c84fa94-04c1-424b-9868-57a2d4851a1d" relativeResultsDirectory="479c71cc-70de-48ab-9c0d-54181d83d49b" />
    <UnitTestResult executionId="634ad7b8-9bda-4078-9354-d2946a93ae7c" testId="acc907e0-eedb-13b3-9540-f00a85570944" testName="UpdateDriver_ModelIsNull_BadRequestResult" computerName="DKSR-EFI-04" duration="00:00:00.0008329" startTime="2023-12-22T09:34:01.1157648+01:00" endTime="2023-12-22T09:34:01.1157648+01:00" testType="13cdc9d9-ddb5-4fa4-a97d-d965ccfc6d4b" outcome="Passed" testListId="8c84fa94-04c1-424b-9868-57a2d4851a1d" relativeResultsDirectory="634ad7b8-9bda-4078-9354-d2946a93ae7c" />
    <UnitTestResult executionId="719685f0-0e48-4adf-ba97-80af17d7fda0" testId="1c474e5c-e144-f6a4-c5f5-6173a6aa1119" testName="GetRecorderLicense_NonCameraDevicesAreMissingFromRecorderLicense_OnHardwareMissingLicenseWithoutCamerasAndChannelLicensing" computerName="DKSR-EFI-04" duration="00:00:00.0534550" startTime="2023-12-22T09:36:08.5539216+01:00" endTime="2023-12-22T09:36:08.6007978+01:00" testType="13cdc9d9-ddb5-4fa4-a97d-d965ccfc6d4b" outcome="Passed" testListId="8c84fa94-04c1-424b-9868-57a2d4851a1d" relativeResultsDirectory="719685f0-0e48-4adf-ba97-80af17d7fda0" />
    <UnitTestResult executionId="3fb7d88d-0205-4740-80b5-dde3dd202bc9" testId="6b24da30-96ab-03d3-8fc1-4449fc2a544f" testName="CheckConfigurationDataSetTest_FailoverNotLicensedSuccess" computerName="DKSR-EFI-04" duration="00:00:00.0029428" startTime="2023-12-22T09:35:59.6319998+01:00" endTime="2023-12-22T09:35:59.6476229+01:00" testType="13cdc9d9-ddb5-4fa4-a97d-d965ccfc6d4b" outcome="Passed" testListId="8c84fa94-04c1-424b-9868-57a2d4851a1d" relativeResultsDirectory="3fb7d88d-0205-4740-80b5-dde3dd202bc9" />
    <UnitTestResult executionId="b39ca1c7-283e-42a4-af03-331cb55f7494" testId="486ac792-638c-4173-7311-6ecbee32a46a" testName="UpdateLicenseSnapshot_InvalidLicenseSnapshot_Null_ThrowsArgumentNullException" computerName="DKSR-EFI-04" duration="00:00:00.0025569" startTime="2023-12-22T09:36:09.8664304+01:00" endTime="2023-12-22T09:36:09.8820545+01:00" testType="13cdc9d9-ddb5-4fa4-a97d-d965ccfc6d4b" outcome="Passed" testListId="8c84fa94-04c1-424b-9868-57a2d4851a1d" relativeResultsDirectory="b39ca1c7-283e-42a4-af03-331cb55f7494" />
    <UnitTestResult executionId="cb044f3b-65d1-4a08-a03c-748c11d0982f" testId="aa18df7f-8e97-0d88-ce84-804dec7d1f8f" testName="InitializeDiscoveryComponentFailedResponse_ModelIsNull_BadRequestResult" computerName="DKSR-EFI-04" duration="00:00:00.0005468" startTime="2023-12-22T09:34:00.9282655+01:00" endTime="2023-12-22T09:34:00.9282655+01:00" testType="13cdc9d9-ddb5-4fa4-a97d-d965ccfc6d4b" outcome="Passed" testListId="8c84fa94-04c1-424b-9868-57a2d4851a1d" relativeResultsDirectory="cb044f3b-65d1-4a08-a03c-748c11d0982f" />
    <UnitTestResult executionId="3544781a-b58b-4ec0-b70d-fb1d35e55f30" testId="4ab6e189-06f3-17c5-6204-02c05e7c73d1" testName="ChannelLicenseCountManager_AddLicensedCameraFeed_NullHardwareInfo_ThrowsArgumentNullException" computerName="DKSR-EFI-04" duration="00:00:00.0008327" startTime="2023-12-22T09:35:59.0226210+01:00" endTime="2023-12-22T09:35:59.0226210+01:00" testType="13cdc9d9-ddb5-4fa4-a97d-d965ccfc6d4b" outcome="Passed" testListId="8c84fa94-04c1-424b-9868-57a2d4851a1d" relativeResultsDirectory="3544781a-b58b-4ec0-b70d-fb1d35e55f30" />
    <UnitTestResult executionId="dab02a98-ea9e-43f1-9609-652b013a142e" testId="8863ace4-dc22-2d7f-76b3-57b7f71ab777" testName="HardwareActivatedNotOnWhiteList_ReplacedWithNoInheritance_HardwareNotOnWhiteList_MixedCWAAllowed_SomeDevicesInCWA" computerName="DKSR-EFI-04" duration="00:00:00.3057802" startTime="2023-12-22T09:35:04.1004589+01:00" endTime="2023-12-22T09:35:04.4129575+01:00" testType="13cdc9d9-ddb5-4fa4-a97d-d965ccfc6d4b" outcome="Passed" testListId="8c84fa94-04c1-424b-9868-57a2d4851a1d" relativeResultsDirectory="dab02a98-ea9e-43f1-9609-652b013a142e" />
    <UnitTestResult executionId="5de5fd76-2bb3-4db8-bfc4-abce64a07142" testId="48bc2a39-14e4-f040-7b07-52ed2d46c7ad" testName="UpdateRecorderStatusData_ModelIsNull_BadRequestResult" computerName="DKSR-EFI-04" duration="00:00:00.0007390" startTime="2023-12-22T09:34:00.3657613+01:00" endTime="2023-12-22T09:34:00.3813854+01:00" testType="13cdc9d9-ddb5-4fa4-a97d-d965ccfc6d4b" outcome="Passed" testListId="8c84fa94-04c1-424b-9868-57a2d4851a1d" relativeResultsDirectory="5de5fd76-2bb3-4db8-bfc4-abce64a07142" />
    <UnitTestResult executionId="74c37ea2-7f62-41d4-bc93-aa60226de2dc" testId="a1c4ddaf-fc3e-ab39-fb53-e6902831a046" testName="LicenseCountManager_RegisterHardwareRecorderRelation_InvalidMac_Empty_Throws_ArgumentNullException" computerName="DKSR-EFI-04" duration="00:00:00.0007406" startTime="2023-12-22T09:35:59.2726231+01:00" endTime="2023-12-22T09:35:59.2726231+01:00" testType="13cdc9d9-ddb5-4fa4-a97d-d965ccfc6d4b" outcome="Passed" testListId="8c84fa94-04c1-424b-9868-57a2d4851a1d" relativeResultsDirectory="74c37ea2-7f62-41d4-bc93-aa60226de2dc" />
    <UnitTestResult executionId="48a5e0db-d87b-4b60-ade6-473c6ef64203" testId="d9e2c8f9-5652-2464-f933-9795a5513b3a" testName="HardwareActivatedNotOnWhiteList_ReplacedWithInheritance_HardwareOnWhiteList_NoCWAAllowed_NewHardwareInGrace" computerName="DKSR-EFI-04" duration="00:00:00.0786384" startTime="2023-12-22T09:35:05.5379662+01:00" endTime="2023-12-22T09:35:05.6160920+01:00" testType="13cdc9d9-ddb5-4fa4-a97d-d965ccfc6d4b" outcome="Passed" testListId="8c84fa94-04c1-424b-9868-57a2d4851a1d" relativeResultsDirectory="48a5e0db-d87b-4b60-ade6-473c6ef64203" />
    <UnitTestResult executionId="f66dd64e-1426-4e75-a4cf-6b7e8046226e" testId="4e0fab39-367c-1038-c53c-5d8c6cdb1e31" testName="ChannelLicenseCountManager_ReplacementHardware_RemoveHardwareCollectionFromReplacementLimit" computerName="DKSR-EFI-04" duration="00:00:00.0002376" startTime="2023-12-22T09:35:59.1163700+01:00" endTime="2023-12-22T09:35:59.1163700+01:00" testType="13cdc9d9-ddb5-4fa4-a97d-d965ccfc6d4b" outcome="Passed" testListId="8c84fa94-04c1-424b-9868-57a2d4851a1d" relativeResultsDirectory="f66dd64e-1426-4e75-a4cf-6b7e8046226e" />
    <UnitTestResult executionId="dc3c6fd1-7055-4b89-8de8-92882917ea9f" testId="c3beedb4-5102-026d-a724-891c471d87e4" testName="CheckConfigurationDataSetTest_BookmarkNotLicensedFail" computerName="DKSR-EFI-04" duration="00:00:00.0029468" startTime="2023-12-22T09:35:59.4913728+01:00" endTime="2023-12-22T09:35:59.5069976+01:00" testType="13cdc9d9-ddb5-4fa4-a97d-d965ccfc6d4b" outcome="Passed" testListId="8c84fa94-04c1-424b-9868-57a2d4851a1d" relativeResultsDirectory="dc3c6fd1-7055-4b89-8de8-92882917ea9f" />
    <UnitTestResult executionId="7bf679d9-04e3-4470-a55b-4a8741b0e243" testId="1a677ad7-bcbb-a3f0-1921-9ce6d36040ac" testName="AddHardwareToRequest_ThrowsNullException_OnNullHardware" computerName="DKSR-EFI-04" duration="00:00:00.0033524" startTime="2023-12-22T09:36:12.4914427+01:00" endTime="2023-12-22T09:36:12.4914427+01:00" testType="13cdc9d9-ddb5-4fa4-a97d-d965ccfc6d4b" outcome="Passed" testListId="8c84fa94-04c1-424b-9868-57a2d4851a1d" relativeResultsDirectory="7bf679d9-04e3-4470-a55b-4a8741b0e243" />
    <UnitTestResult executionId="8c6f40fa-3751-4da2-a597-536b29ea1f19" testId="5754e61c-98e2-c3d4-4fd8-ba1700f5667d" testName="SnapshotOfCurrentHardwareToLicense_Success_ValidLicenseWithEmptyWhiteList" computerName="DKSR-EFI-04" duration="00:00:00.2186711" startTime="2023-12-22T09:36:10.6789341+01:00" endTime="2023-12-22T09:36:10.8976845+01:00" testType="13cdc9d9-ddb5-4fa4-a97d-d965ccfc6d4b" outcome="Passed" testListId="8c84fa94-04c1-424b-9868-57a2d4851a1d" relativeResultsDirectory="8c6f40fa-3751-4da2-a597-536b29ea1f19" />
    <UnitTestResult executionId="5276dd00-5fb4-43c6-8399-e48dac2f125d" testId="2c65fef8-cde4-9bec-37cc-169897e4e944" testName="FindHardware_Found_ReturnsValidIHardwareInfoInstance" computerName="DKSR-EFI-04" duration="00:00:00.0006406" startTime="2023-12-22T09:36:15.7570844+01:00" endTime="2023-12-22T09:36:15.7570844+01:00" testType="13cdc9d9-ddb5-4fa4-a97d-d965ccfc6d4b" outcome="Passed" testListId="8c84fa94-04c1-424b-9868-57a2d4851a1d" relativeResultsDirectory="5276dd00-5fb4-43c6-8399-e48dac2f125d" />
    <UnitTestResult executionId="2f2260fc-c06c-42f2-b2ce-22e0097838c7" testId="5ce1fcc1-c285-77cd-ae3b-20081d5cd75a" testName="AttachedRecorder_GetServices_Success" computerName="DKSR-EFI-04" duration="00:00:00.0031333" startTime="2023-12-22T09:33:58.1626249+01:00" endTime="2023-12-22T09:33:58.1782515+01:00" testType="13cdc9d9-ddb5-4fa4-a97d-d965ccfc6d4b" outcome="Passed" testListId="8c84fa94-04c1-424b-9868-57a2d4851a1d" relativeResultsDirectory="2f2260fc-c06c-42f2-b2ce-22e0097838c7" />
    <UnitTestResult executionId="32268ef3-59d7-4139-a495-ceeb6177011b" testId="acb1ab8e-53d8-0188-b905-0ea66e54576d" testName="SessionDataManager_Remove_NullCheck" computerName="DKSR-EFI-04" duration="00:00:00.0005416" startTime="2023-12-22T09:34:31.6784174+01:00" endTime="2023-12-22T09:34:31.6784174+01:00" testType="13cdc9d9-ddb5-4fa4-a97d-d965ccfc6d4b" outcome="Passed" testListId="8c84fa94-04c1-424b-9868-57a2d4851a1d" relativeResultsDirectory="32268ef3-59d7-4139-a495-ceeb6177011b" />
    <UnitTestResult executionId="3f2d7df1-96f1-4fb0-a95e-8f5cb94da25c" testId="fc99facc-ad9e-cca0-01d9-61361572a65a" testName="AnalyzeAndCreateAuditLogs_DeletedSecurityPermissionsMatrixRow_ReturnsOneAuditLog" computerName="DKSR-EFI-04" duration="00:00:00.0048101" startTime="2023-12-22T09:36:17.4758422+01:00" endTime="2023-12-22T09:36:17.4914663+01:00" testType="13cdc9d9-ddb5-4fa4-a97d-d965ccfc6d4b" outcome="Passed" testListId="8c84fa94-04c1-424b-9868-57a2d4851a1d" relativeResultsDirectory="3f2d7df1-96f1-4fb0-a95e-8f5cb94da25c" />
    <UnitTestResult executionId="aee40149-acf0-47ce-8e95-6c7d28f9f40c" testId="92996b23-354a-d707-abfd-bb581c620a85" testName="Validate_IsDeviceInChangesWithoutActivation_WithNullDeviceId_ThrowsArgumentNullException" computerName="DKSR-EFI-04" duration="00:00:00.0015350" startTime="2023-12-22T09:35:59.1944960+01:00" endTime="2023-12-22T09:35:59.1944960+01:00" testType="13cdc9d9-ddb5-4fa4-a97d-d965ccfc6d4b" outcome="Passed" testListId="8c84fa94-04c1-424b-9868-57a2d4851a1d" relativeResultsDirectory="aee40149-acf0-47ce-8e95-6c7d28f9f40c" />
    <UnitTestResult executionId="ae350417-f5f0-4e28-98bb-f2ca0a65cce9" testId="0771727a-7b1e-cb6f-af21-556d51024ee4" testName="UpdateRecorderStatusData_InvalidRecorder_NotFoundResult" computerName="DKSR-EFI-04" duration="00:00:00.0012899" startTime="2023-12-22T09:34:00.3813854+01:00" endTime="2023-12-22T09:34:00.3813854+01:00" testType="13cdc9d9-ddb5-4fa4-a97d-d965ccfc6d4b" outcome="Passed" testListId="8c84fa94-04c1-424b-9868-57a2d4851a1d" relativeResultsDirectory="ae350417-f5f0-4e28-98bb-f2ca0a65cce9" />
    <UnitTestResult executionId="bbc8b3f4-2b78-42ba-91d0-698d6b52256f" testId="63fea253-0bce-38e8-9818-42f90c16b632" testName="SessionDataManager_Query_Fails" computerName="DKSR-EFI-04" duration="00:00:00.0001538" startTime="2023-12-22T09:34:31.6784174+01:00" endTime="2023-12-22T09:34:31.6784174+01:00" testType="13cdc9d9-ddb5-4fa4-a97d-d965ccfc6d4b" outcome="Passed" testListId="8c84fa94-04c1-424b-9868-57a2d4851a1d" relativeResultsDirectory="bbc8b3f4-2b78-42ba-91d0-698d6b52256f" />
    <UnitTestResult executionId="b6fe64c8-43dc-45b2-b5d0-7ca782983e5a" testId="018e2d87-3b74-ec65-33b0-205e7011b9b5" testName="TemporaryLicense_Ctor_DateTimeMaxValue_DateOnly_ArgumentException" computerName="DKSR-EFI-04" duration="00:00:00.0010627" startTime="2023-12-22T09:35:01.6629451+01:00" endTime="2023-12-22T09:35:01.6629451+01:00" testType="13cdc9d9-ddb5-4fa4-a97d-d965ccfc6d4b" outcome="Passed" testListId="8c84fa94-04c1-424b-9868-57a2d4851a1d" relativeResultsDirectory="b6fe64c8-43dc-45b2-b5d0-7ca782983e5a">
      <Output>
        <StdOut>Debug Trace:&#xD;
Fail: Argument invalid - must be UTC</StdOut>
      </Output>
    </UnitTestResult>
    <UnitTestResult executionId="45baecc4-6532-4311-b00b-5522333923e9" testId="50cf72d1-0ec6-a518-7cbd-a42b970da334" testName="AllocateLicenses_Activated_OneLicensed_Hardware_WithEnableCamera_CameraDisabled_HardwareBecomesLicensed" computerName="DKSR-EFI-04" duration="00:00:00.0762216" startTime="2023-12-22T09:35:37.2881361+01:00" endTime="2023-12-22T09:35:37.3662550+01:00" testType="13cdc9d9-ddb5-4fa4-a97d-d965ccfc6d4b" outcome="Passed" testListId="8c84fa94-04c1-424b-9868-57a2d4851a1d" relativeResultsDirectory="45baecc4-6532-4311-b00b-5522333923e9" />
    <UnitTestResult executionId="17843ea2-ca40-4fee-aeeb-b8fb3e9520ee" testId="5a317f58-5340-0bdf-bbbf-2cf5c6868376" testName="ConfigurationDataSetLoader_GetDevicePrivacyMaskByDeviceId_Success" computerName="DKSR-EFI-04" duration="00:00:00.0050698" startTime="2023-12-22T09:36:15.8977082+01:00" endTime="2023-12-22T09:36:15.9133336+01:00" testType="13cdc9d9-ddb5-4fa4-a97d-d965ccfc6d4b" outcome="Passed" testListId="8c84fa94-04c1-424b-9868-57a2d4851a1d" relativeResultsDirectory="17843ea2-ca40-4fee-aeeb-b8fb3e9520ee" />
    <UnitTestResult executionId="60b3bb8a-ed07-4c30-a3c3-e925e39d5782" testId="fca1f8fe-7df4-4fdb-ec09-dc9d5e651af4" testName="EvidenceLockUpdateScheduler_Start_Stop__Dispose_Success" computerName="DKSR-EFI-04" duration="00:00:00.0007106" startTime="2023-12-22T09:33:57.8032479+01:00" endTime="2023-12-22T09:33:57.8032479+01:00" testType="13cdc9d9-ddb5-4fa4-a97d-d965ccfc6d4b" outcome="Passed" testListId="8c84fa94-04c1-424b-9868-57a2d4851a1d" relativeResultsDirectory="60b3bb8a-ed07-4c30-a3c3-e925e39d5782" />
    <UnitTestResult executionId="e20ba904-dcb3-4519-9dec-9caa29e623ec" testId="0152b47b-1b3f-97f2-2057-f31638973d02" testName="DeleteHardwareUserCommandHandler_Execute_ReturnsFailResponseOnEmptyHardwareId" computerName="DKSR-EFI-04" duration="00:00:00.0005962" startTime="2023-12-22T09:36:18.5539737+01:00" endTime="2023-12-22T09:36:18.5539737+01:00" testType="13cdc9d9-ddb5-4fa4-a97d-d965ccfc6d4b" outcome="Passed" testListId="8c84fa94-04c1-424b-9868-57a2d4851a1d" relativeResultsDirectory="e20ba904-dcb3-4519-9dec-9caa29e623ec" />
    <UnitTestResult executionId="143ced3b-70d6-4605-9f78-cfa472cdd18c" testId="38ae8859-aeae-4431-0005-158dc0dca1ba" testName="HardwareInCWAOnWhiteList_ReplacedWithNoInheritance_HardwareOnWhiteList_MixedCWAAllowed_SomeDevicesInCWA" computerName="DKSR-EFI-04" duration="00:00:00.3590328" startTime="2023-12-22T09:35:10.5067448+01:00" endTime="2023-12-22T09:35:10.8661203+01:00" testType="13cdc9d9-ddb5-4fa4-a97d-d965ccfc6d4b" outcome="Passed" testListId="8c84fa94-04c1-424b-9868-57a2d4851a1d" relativeResultsDirectory="143ced3b-70d6-4605-9f78-cfa472cdd18c" />
    <UnitTestResult executionId="ac451566-539c-43ca-9d7b-57e6f49ed2dc" testId="09c63d31-7659-4b84-884f-69e5a80116b6" testName="TimeoutResponse_ModelIsValid_CommandExecuted" computerName="DKSR-EFI-04" duration="00:00:00.0005567" startTime="2023-12-22T09:34:00.8970145+01:00" endTime="2023-12-22T09:34:00.8970145+01:00" testType="13cdc9d9-ddb5-4fa4-a97d-d965ccfc6d4b" outcome="Passed" testListId="8c84fa94-04c1-424b-9868-57a2d4851a1d" relativeResultsDirectory="ac451566-539c-43ca-9d7b-57e6f49ed2dc" />
    <UnitTestResult executionId="66a3d89f-cf5c-4f06-a1ef-4a33aef1f17f" testId="fd13c37a-6d0d-e621-2701-74af31366894" testName="HardwareScanTaskCommandHandler_Execute_UnknownError_FailResponse" computerName="DKSR-EFI-04" duration="00:00:00.0009459" startTime="2023-12-22T09:36:20.1477336+01:00" endTime="2023-12-22T09:36:20.1477336+01:00" testType="13cdc9d9-ddb5-4fa4-a97d-d965ccfc6d4b" outcome="Passed" testListId="8c84fa94-04c1-424b-9868-57a2d4851a1d" relativeResultsDirectory="66a3d89f-cf5c-4f06-a1ef-4a33aef1f17f" />
    <UnitTestResult executionId="c6c58d7e-1f50-4dff-aa0d-dafddac21a69" testId="5997d22f-10df-8ccb-263d-7f78f6029696" testName="AllocateLicense_5Available_OneHardware_AlreadyLicensedInLicFile_InsufficientCameraCountInLicenseFileForHardwareCameraFeeds_1InChangesWithoutActivation" computerName="DKSR-EFI-04" duration="00:00:00.1101366" startTime="2023-12-22T09:35:39.2725152+01:00" endTime="2023-12-22T09:35:39.3818896+01:00" testType="13cdc9d9-ddb5-4fa4-a97d-d965ccfc6d4b" outcome="Passed" testListId="8c84fa94-04c1-424b-9868-57a2d4851a1d" relativeResultsDirectory="c6c58d7e-1f50-4dff-aa0d-dafddac21a69" />
    <UnitTestResult executionId="2204a950-1586-4a39-a9e5-368895f3d014" testId="77d3fe13-3564-015d-7a4f-d66cf1691384" testName="ReleasePtzSessionResponse_ModelIsNull_BadRequestResult" computerName="DKSR-EFI-04" duration="00:00:00.0008952" startTime="2023-12-22T09:34:00.9438894+01:00" endTime="2023-12-22T09:34:00.9438894+01:00" testType="13cdc9d9-ddb5-4fa4-a97d-d965ccfc6d4b" outcome="Passed" testListId="8c84fa94-04c1-424b-9868-57a2d4851a1d" relativeResultsDirectory="2204a950-1586-4a39-a9e5-368895f3d014" />
    <UnitTestResult executionId="988eb84d-9e17-4f02-91fb-e86a01fe7e04" testId="c5b6b720-03d0-f3a5-ddc2-0f57daed133f" testName="SetupInitialHardwareUserCommandHandler_Execute_ReturnsFailResponseOnEmptyRecorderId" computerName="DKSR-EFI-04" duration="00:00:00.0006199" startTime="2023-12-22T09:36:28.2102747+01:00" endTime="2023-12-22T09:36:28.2102747+01:00" testType="13cdc9d9-ddb5-4fa4-a97d-d965ccfc6d4b" outcome="Passed" testListId="8c84fa94-04c1-424b-9868-57a2d4851a1d" relativeResultsDirectory="988eb84d-9e17-4f02-91fb-e86a01fe7e04" />
    <UnitTestResult executionId="c5e18e65-ac18-4118-bef4-1cbb4d3b638e" testId="203250db-4eeb-a0f2-a3da-987ceaf617b3" testName="ChangeHardwarePasswordRuleAction_Execute_FailedTask_SucceededWithErrorsEventTriggered" computerName="DKSR-EFI-04" duration="00:00:00.1020894" startTime="2023-12-22T09:34:32.5377946+01:00" endTime="2023-12-22T09:34:32.6471726+01:00" testType="13cdc9d9-ddb5-4fa4-a97d-d965ccfc6d4b" outcome="Passed" testListId="8c84fa94-04c1-424b-9868-57a2d4851a1d" relativeResultsDirectory="c5e18e65-ac18-4118-bef4-1cbb4d3b638e" />
    <UnitTestResult executionId="dc150659-1e43-4463-a494-fa5da8b5d067" testId="136f250b-a2a4-4bce-2149-25b21eedfaea" testName="DeleteConfigurationItemCommandHandler_Execute_NonExistingTable_ArgumentException" computerName="DKSR-EFI-04" duration="00:00:00.0217761" startTime="2023-12-22T09:36:17.5695921+01:00" endTime="2023-12-22T09:36:17.6008439+01:00" testType="13cdc9d9-ddb5-4fa4-a97d-d965ccfc6d4b" outcome="Passed" testListId="8c84fa94-04c1-424b-9868-57a2d4851a1d" relativeResultsDirectory="dc150659-1e43-4463-a494-fa5da8b5d067" />
    <UnitTestResult executionId="5bfbe5df-91a5-4995-9d3b-8b58d7fb0efa" testId="b95ba696-bf66-4579-3b41-d5325e861dd7" testName="UpdateLicense_AllocatesOneGraceLicense_OnSameHwOnTwoRecordingServers_WithFirstHwEmpty" computerName="DKSR-EFI-04" duration="00:00:00.0814385" startTime="2023-12-22T09:36:09.5070504+01:00" endTime="2023-12-22T09:36:09.5851761+01:00" testType="13cdc9d9-ddb5-4fa4-a97d-d965ccfc6d4b" outcome="Passed" testListId="8c84fa94-04c1-424b-9868-57a2d4851a1d" relativeResultsDirectory="5bfbe5df-91a5-4995-9d3b-8b58d7fb0efa" />
    <UnitTestResult executionId="5b1cd8b0-158f-4251-9f43-59d42497936e" testId="a9d72b6c-70a1-b339-513b-1aeef335d69f" testName="UpdateHardwareTaskCommandHandler_Execute_RecorderOff_Tests" computerName="DKSR-EFI-04" duration="00:00:00.0011945" startTime="2023-12-22T09:36:43.7572315+01:00" endTime="2023-12-22T09:36:43.7572315+01:00" testType="13cdc9d9-ddb5-4fa4-a97d-d965ccfc6d4b" outcome="Passed" testListId="8c84fa94-04c1-424b-9868-57a2d4851a1d" relativeResultsDirectory="5b1cd8b0-158f-4251-9f43-59d42497936e" />
    <UnitTestResult executionId="96fa8c11-c196-4cd3-bbff-e21d83a83409" testId="6aa349d6-952a-6cb8-3b52-449c35603c8a" testName="HardwareInCWAOnWhiteList_ReplacedWithNoInheritance_HardwareNotOnWhiteList_NoMoreCWAAllowed_FewerChannelsOnReplacedHardware_NewDevicesInGrace" computerName="DKSR-EFI-04" duration="00:00:00.2660972" startTime="2023-12-22T09:35:17.3505261+01:00" endTime="2023-12-22T09:35:17.6317799+01:00" testType="13cdc9d9-ddb5-4fa4-a97d-d965ccfc6d4b" outcome="Passed" testListId="8c84fa94-04c1-424b-9868-57a2d4851a1d" relativeResultsDirectory="96fa8c11-c196-4cd3-bbff-e21d83a83409" />
    <UnitTestResult executionId="90fd2262-d4eb-46ec-beb6-8951013f4329" testId="f09f945d-010d-c134-c57a-c98e4f5f6c9d" testName="DeleteHardwareUserCommandHandler_Execute_ReturnsCorrectResponsesOnExceptions" computerName="DKSR-EFI-04" duration="00:00:00.0015923" startTime="2023-12-22T09:36:18.5695985+01:00" endTime="2023-12-22T09:36:18.5695985+01:00" testType="13cdc9d9-ddb5-4fa4-a97d-d965ccfc6d4b" outcome="Passed" testListId="8c84fa94-04c1-424b-9868-57a2d4851a1d" relativeResultsDirectory="90fd2262-d4eb-46ec-beb6-8951013f4329" />
    <UnitTestResult executionId="6c9454de-025e-4a89-99ae-9d0a659f0ac7" testId="eba67419-0ba6-e4bf-58dc-6c9a22c8e85a" testName="DeleteHardwareTaskCommandHandler_Execute_HeartbeatResponse_Gives_Progress" computerName="DKSR-EFI-04" duration="00:00:00.0013280" startTime="2023-12-22T09:36:18.5070968+01:00" endTime="2023-12-22T09:36:18.5070968+01:00" testType="13cdc9d9-ddb5-4fa4-a97d-d965ccfc6d4b" outcome="Passed" testListId="8c84fa94-04c1-424b-9868-57a2d4851a1d" relativeResultsDirectory="6c9454de-025e-4a89-99ae-9d0a659f0ac7" />
    <UnitTestResult executionId="9df1a131-9721-4724-a808-45ed585cf64c" testId="cef3c170-314f-5c07-076f-dd65bf2d42ab" testName="DatabaseResponseArchiveInformation_ModelIsValid_CommandExecuted" computerName="DKSR-EFI-04" duration="00:00:00.0018411" startTime="2023-12-22T09:34:01.0532642+01:00" endTime="2023-12-22T09:34:01.0532642+01:00" testType="13cdc9d9-ddb5-4fa4-a97d-d965ccfc6d4b" outcome="Passed" testListId="8c84fa94-04c1-424b-9868-57a2d4851a1d" relativeResultsDirectory="9df1a131-9721-4724-a808-45ed585cf64c" />
    <UnitTestResult executionId="c67de8d5-f4fe-4bfa-94df-7dc0a6047432" testId="36a69c1a-e7ef-dbb8-ed45-6b67da6ffa22" testName="GetRecorderLicense_NonCameraDevicesAreMissingFromRecorderLicense_OnHardwareWithExpiredDevices" computerName="DKSR-EFI-04" duration="00:00:00.0849777" startTime="2023-12-22T09:36:08.4601710+01:00" endTime="2023-12-22T09:36:08.5382950+01:00" testType="13cdc9d9-ddb5-4fa4-a97d-d965ccfc6d4b" outcome="Passed" testListId="8c84fa94-04c1-424b-9868-57a2d4851a1d" relativeResultsDirectory="c67de8d5-f4fe-4bfa-94df-7dc0a6047432" />
    <UnitTestResult executionId="70fbaf2a-955b-4a57-88b3-7df448fe9d0d" testId="5ff9b51c-4e1c-5c3c-4658-c019f545cefe" testName="HardwareInCWANotOnWhiteList_ReplacedWithInheritance_HardwareOnWhiteList_CWAAllowed_NewHardwareInCWA" computerName="DKSR-EFI-04" duration="00:00:00.1468558" startTime="2023-12-22T09:35:14.3192622+01:00" endTime="2023-12-22T09:35:14.4598868+01:00" testType="13cdc9d9-ddb5-4fa4-a97d-d965ccfc6d4b" outcome="Passed" testListId="8c84fa94-04c1-424b-9868-57a2d4851a1d" relativeResultsDirectory="70fbaf2a-955b-4a57-88b3-7df448fe9d0d" />
    <UnitTestResult executionId="916efc05-4176-417b-b147-0fc8b10a9dab" testId="937df9c4-c878-f529-8b77-c1ccd47d0caa" testName="AttachedRecorder_GetRecorderEntry_Success" computerName="DKSR-EFI-04" duration="00:00:00.0005087" startTime="2023-12-22T09:33:58.1626249+01:00" endTime="2023-12-22T09:33:58.1626249+01:00" testType="13cdc9d9-ddb5-4fa4-a97d-d965ccfc6d4b" outcome="Passed" testListId="8c84fa94-04c1-424b-9868-57a2d4851a1d" relativeResultsDirectory="916efc05-4176-417b-b147-0fc8b10a9dab" />
    <UnitTestResult executionId="7b25c9b4-c8bc-4e32-9493-5cef57e9a79b" testId="f9c8c4a1-2598-8797-b158-ea9d8f199e69" testName="LicenseInfoXmlWriter_CreateLicenseInformationXml_SetsStateInvalidAndErrorMsg_OnMissingSLC" computerName="DKSR-EFI-04" duration="00:00:00.0010998" startTime="2023-12-22T09:35:59.8351233+01:00" endTime="2023-12-22T09:35:59.8351233+01:00" testType="13cdc9d9-ddb5-4fa4-a97d-d965ccfc6d4b" outcome="Passed" testListId="8c84fa94-04c1-424b-9868-57a2d4851a1d" relativeResultsDirectory="7b25c9b4-c8bc-4e32-9493-5cef57e9a79b" />
    <UnitTestResult executionId="ae2a559e-d5b2-4cf2-8939-f5ffd5407ccd" testId="e1ae1242-d694-f8f9-10e5-6e7a3c17bac6" testName="ProcessConfigurationChangeTasks_UpdateInsertUpdate_Not_Batched" computerName="DKSR-EFI-04" duration="00:00:00.0433980" startTime="2023-12-22T09:34:24.3033802+01:00" endTime="2023-12-22T09:34:24.3503152+01:00" testType="13cdc9d9-ddb5-4fa4-a97d-d965ccfc6d4b" outcome="Passed" testListId="8c84fa94-04c1-424b-9868-57a2d4851a1d" relativeResultsDirectory="ae2a559e-d5b2-4cf2-8939-f5ffd5407ccd" />
    <UnitTestResult executionId="3a7ca635-961b-4609-9767-7216d1555788" testId="6f68000e-a2fd-05b2-ad24-f91ef4d642d9" testName="LicenseCountManager_IsHardwareWithoutEnabledCamerasLicensed_ReturnsTrue_WhenAddLicensedHardwareCalledFirst_NotFreeLicense" computerName="DKSR-EFI-04" duration="00:00:00.0002900" startTime="2023-12-22T09:35:59.2257492+01:00" endTime="2023-12-22T09:35:59.2257492+01:00" testType="13cdc9d9-ddb5-4fa4-a97d-d965ccfc6d4b" outcome="Passed" testListId="8c84fa94-04c1-424b-9868-57a2d4851a1d" relativeResultsDirectory="3a7ca635-961b-4609-9767-7216d1555788" />
    <UnitTestResult executionId="de6003ee-a55e-404a-8d5b-06b1a81f325e" testId="ab91da9c-0e86-f635-ac5f-67e2ac6c00d5" testName="ServerFileSystemResponseQueryDrives_ModelIsValid_CommandExecuted" computerName="DKSR-EFI-04" duration="00:00:00.0080849" startTime="2023-12-22T09:34:01.0532642+01:00" endTime="2023-12-22T09:34:01.0688920+01:00" testType="13cdc9d9-ddb5-4fa4-a97d-d965ccfc6d4b" outcome="Passed" testListId="8c84fa94-04c1-424b-9868-57a2d4851a1d" relativeResultsDirectory="de6003ee-a55e-404a-8d5b-06b1a81f325e" />
    <UnitTestResult executionId="4c7deebd-6e98-458c-8f92-17c09ad1211b" testId="97d36a8b-c673-fa27-96f4-52bb6df3dd6e" testName="GenerateLicenseRequestAsXml_DeviceChannelCountInXml_MultiLicenseCountWithEmptyWhitelist" computerName="DKSR-EFI-04" duration="00:00:00.3260272" startTime="2023-12-22T09:36:12.9445693+01:00" endTime="2023-12-22T09:36:13.2726953+01:00" testType="13cdc9d9-ddb5-4fa4-a97d-d965ccfc6d4b" outcome="Passed" testListId="8c84fa94-04c1-424b-9868-57a2d4851a1d" relativeResultsDirectory="4c7deebd-6e98-458c-8f92-17c09ad1211b" />
    <UnitTestResult executionId="a6c48c70-2e98-4941-a5ae-76e13bd573ef" testId="a3f25151-fd8f-743f-8175-ed7cfff85002" testName="HardwareScanTaskCommandHandler_Execute_StartSession_FailResponse" computerName="DKSR-EFI-04" duration="00:00:00.0010338" startTime="2023-12-22T09:36:20.1321108+01:00" endTime="2023-12-22T09:36:20.1321108+01:00" testType="13cdc9d9-ddb5-4fa4-a97d-d965ccfc6d4b" outcome="Passed" testListId="8c84fa94-04c1-424b-9868-57a2d4851a1d" relativeResultsDirectory="a6c48c70-2e98-4941-a5ae-76e13bd573ef" />
    <UnitTestResult executionId="b2ad347b-f1c0-4c0a-89c9-016e8199b91a" testId="25be1f78-39bc-c728-10d8-0213b417a9ef" testName="AutomaticActivation_SystemActivated" computerName="DKSR-EFI-04" duration="00:00:00.0227531" startTime="2023-12-22T09:34:54.1941585+01:00" endTime="2023-12-22T09:34:54.2254095+01:00" testType="13cdc9d9-ddb5-4fa4-a97d-d965ccfc6d4b" outcome="Passed" testListId="8c84fa94-04c1-424b-9868-57a2d4851a1d" relativeResultsDirectory="b2ad347b-f1c0-4c0a-89c9-016e8199b91a" />
    <UnitTestResult executionId="2822f54c-ad19-4258-9cd5-3b6833e55389" testId="0153a1e0-dce4-1d36-d924-8f093fad1ca0" testName="HardwareUnsupportedResponse_ModelIsValid_CommandExecuted" computerName="DKSR-EFI-04" duration="00:00:00.0015246" startTime="2023-12-22T09:34:00.9907639+01:00" endTime="2023-12-22T09:34:00.9907639+01:00" testType="13cdc9d9-ddb5-4fa4-a97d-d965ccfc6d4b" outcome="Passed" testListId="8c84fa94-04c1-424b-9868-57a2d4851a1d" relativeResultsDirectory="2822f54c-ad19-4258-9cd5-3b6833e55389" />
    <UnitTestResult executionId="8072da64-9b19-4ce3-aab1-1d2ddaa120a1" testId="eaacc939-8c52-d76d-0d8a-74169cd672a2" testName="HardwareInCWAOnWhiteList_ReplacedWithInheritance_HardwareNotOnWhiteList_NoMoreCWAAllowed_MoreChannelsOnReplacedHardware_NewDevicesInGrace" computerName="DKSR-EFI-04" duration="00:00:00.2214296" startTime="2023-12-22T09:35:17.1317755+01:00" endTime="2023-12-22T09:35:17.3505261+01:00" testType="13cdc9d9-ddb5-4fa4-a97d-d965ccfc6d4b" outcome="Passed" testListId="8c84fa94-04c1-424b-9868-57a2d4851a1d" relativeResultsDirectory="8072da64-9b19-4ce3-aab1-1d2ddaa120a1" />
    <UnitTestResult executionId="ab7bb725-8fc0-4c82-8876-de6e5aae3191" testId="486ac0ee-b49e-25d1-6f5a-003a269c400a" testName="HardwareInCWANotOnWhiteList_ReplacedWithNoInheritance_HardwareNotOnWhiteList_NoMoreCWAAllowed_MoreChannelsOnReplacedHardware_NewDevicesInGrace" computerName="DKSR-EFI-04" duration="00:00:00.2695457" startTime="2023-12-22T09:35:15.7567680+01:00" endTime="2023-12-22T09:35:16.0223937+01:00" testType="13cdc9d9-ddb5-4fa4-a97d-d965ccfc6d4b" outcome="Passed" testListId="8c84fa94-04c1-424b-9868-57a2d4851a1d" relativeResultsDirectory="ab7bb725-8fc0-4c82-8876-de6e5aae3191" />
    <UnitTestResult executionId="4b71027b-25f5-432b-94b9-f52842fbe366" testId="7b92f1d2-48ab-9269-1673-5506160d2980" testName="CreateLicenseRequest_WithMIPPluginsLicenseRequests" computerName="DKSR-EFI-04" duration="00:00:00.4288929" startTime="2023-12-22T09:36:07.0695372+01:00" endTime="2023-12-22T09:36:07.5070417+01:00" testType="13cdc9d9-ddb5-4fa4-a97d-d965ccfc6d4b" outcome="Passed" testListId="8c84fa94-04c1-424b-9868-57a2d4851a1d" relativeResultsDirectory="4b71027b-25f5-432b-94b9-f52842fbe366" />
    <UnitTestResult executionId="080ade21-1f8b-4d96-947d-777d4819dabf" testId="1af254ce-5d7e-e686-d6b9-65a4a61f2849" testName="AllocateLicenses_NotActivated_OneUnlicensed_HardwareInCWA_AddHWLicenseAndEnableCamera_HardwareRemovedFromCWA_CameraActivated" computerName="DKSR-EFI-04" duration="00:00:00.1080894" startTime="2023-12-22T09:35:37.4600056+01:00" endTime="2023-12-22T09:35:37.5537602+01:00" testType="13cdc9d9-ddb5-4fa4-a97d-d965ccfc6d4b" outcome="Passed" testListId="8c84fa94-04c1-424b-9868-57a2d4851a1d" relativeResultsDirectory="080ade21-1f8b-4d96-947d-777d4819dabf" />
    <UnitTestResult executionId="75544ada-5c3d-46a8-aa0c-70cda9dd0654" testId="71192bcb-c1cd-4026-7b28-6fa22a7afc9e" testName="ChannelLicenseCountManager_CameraFeedLicenseValue_NullHardwareInfo_ThrowsArgumentNullException" computerName="DKSR-EFI-04" duration="00:00:00.0017100" startTime="2023-12-22T09:35:58.9913700+01:00" endTime="2023-12-22T09:35:58.9913700+01:00" testType="13cdc9d9-ddb5-4fa4-a97d-d965ccfc6d4b" outcome="Passed" testListId="8c84fa94-04c1-424b-9868-57a2d4851a1d" relativeResultsDirectory="75544ada-5c3d-46a8-aa0c-70cda9dd0654" />
    <UnitTestResult executionId="afaf8a75-c226-411d-90fe-8663c3dc64fc" testId="5e3bdf58-1844-a1b4-806a-46eb12369c4c" testName="HardwareSetupInformationResponse_ModelIsNull_BadRequestResult" computerName="DKSR-EFI-04" duration="00:00:00.0006748" startTime="2023-12-22T09:34:00.9595149+01:00" endTime="2023-12-22T09:34:00.9595149+01:00" testType="13cdc9d9-ddb5-4fa4-a97d-d965ccfc6d4b" outcome="Passed" testListId="8c84fa94-04c1-424b-9868-57a2d4851a1d" relativeResultsDirectory="afaf8a75-c226-411d-90fe-8663c3dc64fc" />
    <UnitTestResult executionId="c566f88d-4f25-46a3-ae78-ef6ea5152d35" testId="f016efe6-b33c-ffb6-74a7-426748f0e966" testName="MessageManagerResponseCollector_GetNextResponse_SuccessResponse" computerName="DKSR-EFI-04" duration="00:00:00.0040755" startTime="2023-12-22T09:33:57.9282478+01:00" endTime="2023-12-22T09:33:57.9282478+01:00" testType="13cdc9d9-ddb5-4fa4-a97d-d965ccfc6d4b" outcome="Passed" testListId="8c84fa94-04c1-424b-9868-57a2d4851a1d" relativeResultsDirectory="c566f88d-4f25-46a3-ae78-ef6ea5152d35" />
    <UnitTestResult executionId="bf3f048c-c2cc-4ecc-8cf6-50b457135d01" testId="a7b1ca77-c533-93d1-99ba-9a567e13f38f" testName="TaskHandling_ProcessUpdateDiffgram_Hardware_Null_Value" computerName="DKSR-EFI-04" duration="00:00:00.0021607" startTime="2023-12-22T09:34:31.7877910+01:00" endTime="2023-12-22T09:34:31.7877910+01:00" testType="13cdc9d9-ddb5-4fa4-a97d-d965ccfc6d4b" outcome="Passed" testListId="8c84fa94-04c1-424b-9868-57a2d4851a1d" relativeResultsDirectory="bf3f048c-c2cc-4ecc-8cf6-50b457135d01" />
    <UnitTestResult executionId="1e3ab7c5-afc0-46dd-8488-a20fee9cec27" testId="bb3cee59-0e2f-46ea-0724-587b7e96a89c" testName="LicenseCountManager_ReplacementHardware_CountCorrect" computerName="DKSR-EFI-04" duration="00:00:00.0015748" startTime="2023-12-22T09:35:59.3819987+01:00" endTime="2023-12-22T09:35:59.3819987+01:00" testType="13cdc9d9-ddb5-4fa4-a97d-d965ccfc6d4b" outcome="Passed" testListId="8c84fa94-04c1-424b-9868-57a2d4851a1d" relativeResultsDirectory="1e3ab7c5-afc0-46dd-8488-a20fee9cec27" />
    <UnitTestResult executionId="cc7ec3b1-da71-4303-aeeb-6a8103ef2ebf" testId="661f631a-85a7-065b-6ac4-6862fc678c2b" testName="AllocateLicenses_NotActivated_TwoDevice_SixCameraChannels_NotEnoughLicensesForDevicesInGracePeriod" computerName="DKSR-EFI-04" duration="00:00:00.0424733" startTime="2023-12-22T09:35:36.1318737+01:00" endTime="2023-12-22T09:35:36.1787505+01:00" testType="13cdc9d9-ddb5-4fa4-a97d-d965ccfc6d4b" outcome="Passed" testListId="8c84fa94-04c1-424b-9868-57a2d4851a1d" relativeResultsDirectory="cc7ec3b1-da71-4303-aeeb-6a8103ef2ebf" />
    <UnitTestResult executionId="f8543838-53d8-4566-b15c-1dacb0c4bdf3" testId="1405cb77-5474-643e-05e9-78856c3ea7b9" testName="FirmwareUpgradeTaskCommandHandler_Execute_Failed_CannotOpenFile" computerName="DKSR-EFI-04" duration="00:00:00.0012499" startTime="2023-12-22T09:36:19.6946027+01:00" endTime="2023-12-22T09:36:19.6946027+01:00" testType="13cdc9d9-ddb5-4fa4-a97d-d965ccfc6d4b" outcome="Passed" testListId="8c84fa94-04c1-424b-9868-57a2d4851a1d" relativeResultsDirectory="f8543838-53d8-4566-b15c-1dacb0c4bdf3" />
    <UnitTestResult executionId="29a801cc-a645-4023-a6e8-0e9b5facd1f8" testId="45645b5a-6126-a203-b770-e801119174e8" testName="VideoWallCommand_ModelIsValid_CommandExecuted" computerName="DKSR-EFI-04" duration="00:00:00.0070998" startTime="2023-12-22T09:34:00.4595111+01:00" endTime="2023-12-22T09:34:00.4595111+01:00" testType="13cdc9d9-ddb5-4fa4-a97d-d965ccfc6d4b" outcome="Passed" testListId="8c84fa94-04c1-424b-9868-57a2d4851a1d" relativeResultsDirectory="29a801cc-a645-4023-a6e8-0e9b5facd1f8" />
    <UnitTestResult executionId="d0dc0df0-21e7-48f7-8433-35a9c3e5a551" testId="f30bbbd3-3d73-703e-eea2-925cfa55189d" testName="Validate_FirstGraceExpireShown_WithWhiteListedHardwareOnly_PostAllocation_Success" computerName="DKSR-EFI-04" duration="00:00:00.0511580" startTime="2023-12-22T09:36:00.8663805+01:00" endTime="2023-12-22T09:36:00.9132544+01:00" testType="13cdc9d9-ddb5-4fa4-a97d-d965ccfc6d4b" outcome="Passed" testListId="8c84fa94-04c1-424b-9868-57a2d4851a1d" relativeResultsDirectory="d0dc0df0-21e7-48f7-8433-35a9c3e5a551" />
    <UnitTestResult executionId="6dbfe758-7a68-456c-880d-21dc7d26e5e1" testId="03dc18b2-6dc1-9d25-a982-2b0e7389d0a6" testName="UpdateHardwareTaskCommandHandler_Apply_Unchanged_Tests" computerName="DKSR-EFI-04" duration="00:00:00.0527122" startTime="2023-12-22T09:36:44.5228604+01:00" endTime="2023-12-22T09:36:44.5697368+01:00" testType="13cdc9d9-ddb5-4fa4-a97d-d965ccfc6d4b" outcome="Passed" testListId="8c84fa94-04c1-424b-9868-57a2d4851a1d" relativeResultsDirectory="6dbfe758-7a68-456c-880d-21dc7d26e5e1" />
    <UnitTestResult executionId="35a574a7-043d-4c7d-8fdb-033236569eba" testId="9b865ef5-ace8-8622-14e6-2807e0fb2add" testName="CheckMsFailoverStatusCommandHandler_Execute_InvokeEventTrue_ValidResponseOne_ShouldTrigger" computerName="DKSR-EFI-04" duration="00:00:00.0357497" startTime="2023-12-22T09:36:17.0539661+01:00" endTime="2023-12-22T09:36:17.1008435+01:00" testType="13cdc9d9-ddb5-4fa4-a97d-d965ccfc6d4b" outcome="Passed" testListId="8c84fa94-04c1-424b-9868-57a2d4851a1d" relativeResultsDirectory="35a574a7-043d-4c7d-8fdb-033236569eba" />
    <UnitTestResult executionId="df33cee5-5202-4b1b-8620-ccf5f5aab8b5" testId="055b4e5c-9049-e74b-43bd-2a5fd25e970b" testName="UpdateEvidenceLockSizesCommandHandlerTests_UpdateOneEvidenceLockSize_UpdateEvidenceLockSizesInTheDatabaseFailed_SuccessResponse" computerName="DKSR-EFI-04" duration="00:00:02.1277517" startTime="2023-12-22T09:36:40.9915921+01:00" endTime="2023-12-22T09:36:43.1166043+01:00" testType="13cdc9d9-ddb5-4fa4-a97d-d965ccfc6d4b" outcome="Passed" testListId="8c84fa94-04c1-424b-9868-57a2d4851a1d" relativeResultsDirectory="df33cee5-5202-4b1b-8620-ccf5f5aab8b5" />
    <UnitTestResult executionId="2d5bbbcf-5102-4d4e-aebd-f1546e557473" testId="7152b996-422a-4961-88f9-ab00327f89a3" testName="MoveHardwareTaskCommandHandler_Execute_DeviceTrackInfo_Source_And_Destination_Recorder" computerName="DKSR-EFI-04" duration="00:00:00.2647684" startTime="2023-12-22T09:36:21.3196123+01:00" endTime="2023-12-22T09:36:21.5852411+01:00" testType="13cdc9d9-ddb5-4fa4-a97d-d965ccfc6d4b" outcome="Passed" testListId="8c84fa94-04c1-424b-9868-57a2d4851a1d" relativeResultsDirectory="2d5bbbcf-5102-4d4e-aebd-f1546e557473">
      <Output>
        <StdOut>Progress: 10&#xD;
Progress: 20&#xD;
Progress: 30&#xD;
Progress: 35&#xD;
Progress: 40&#xD;
Progress: 42&#xD;
Progress: 44&#xD;
Progress: 60&#xD;
Progress: 70&#xD;
Progress: 80&#xD;
Progress: 90&#xD;
Progress: 95&#xD;
Progress: 100</StdOut>
      </Output>
    </UnitTestResult>
    <UnitTestResult executionId="4231f2a1-1c96-4369-8aa1-e1afe61a2b95" testId="08983fcd-54fe-2816-187c-45a1c5bbec37" testName="MultiSite_ChannelBased_SameHardwareAllDevicesDisabledOnRecorder1_NotWhitelisted_AllCamerasDisabled_ConsumesNoExtraLicenses" computerName="DKSR-EFI-04" duration="00:00:00.1498389" startTime="2023-12-22T09:35:54.5389230+01:00" endTime="2023-12-22T09:35:54.6788461+01:00" testType="13cdc9d9-ddb5-4fa4-a97d-d965ccfc6d4b" outcome="Passed" testListId="8c84fa94-04c1-424b-9868-57a2d4851a1d" relativeResultsDirectory="4231f2a1-1c96-4369-8aa1-e1afe61a2b95" />
    <UnitTestResult executionId="af2dab40-0924-4616-849f-00f0ca184682" testId="d8a329ba-c4d1-c4f1-d573-a40cf5804ed0" testName="HardwareInGraceOnWhiteList_ReplacedWith_HardwareOnWhiteList_ShouldGiveHardwareNewGracePeriod" computerName="DKSR-EFI-04" duration="00:00:00.1081779" startTime="2023-12-22T09:35:56.3976063+01:00" endTime="2023-12-22T09:35:56.5069843+01:00" testType="13cdc9d9-ddb5-4fa4-a97d-d965ccfc6d4b" outcome="Passed" testListId="8c84fa94-04c1-424b-9868-57a2d4851a1d" relativeResultsDirectory="af2dab40-0924-4616-849f-00f0ca184682" />
    <UnitTestResult executionId="f302c4e6-e14f-4ff6-a52c-c3205ed8a372" testId="59e310b5-eac7-b820-9d56-6cf319543287" testName="AddUnlicensedDevice_AddNull_Throws_ArgumentNullException" computerName="DKSR-EFI-04" duration="00:00:00.0005594" startTime="2023-12-22T09:36:15.7258322+01:00" endTime="2023-12-22T09:36:15.7258322+01:00" testType="13cdc9d9-ddb5-4fa4-a97d-d965ccfc6d4b" outcome="Passed" testListId="8c84fa94-04c1-424b-9868-57a2d4851a1d" relativeResultsDirectory="f302c4e6-e14f-4ff6-a52c-c3205ed8a372" />
    <UnitTestResult executionId="4ea7f43e-e864-4f4d-bfb5-c069749dd496" testId="ecc470fa-6ca3-eddb-c95e-18809a25c516" testName="RemovedPreviousYearDevicesFromCountManager_OnATimer" computerName="DKSR-EFI-04" duration="00:00:00.0077890" startTime="2023-12-22T09:36:08.1476685+01:00" endTime="2023-12-22T09:36:08.1476685+01:00" testType="13cdc9d9-ddb5-4fa4-a97d-d965ccfc6d4b" outcome="Passed" testListId="8c84fa94-04c1-424b-9868-57a2d4851a1d" relativeResultsDirectory="4ea7f43e-e864-4f4d-bfb5-c069749dd496" />
    <UnitTestResult executionId="e6616bf5-04a3-462e-98fc-f8a59c463fe5" testId="90cccb7e-1891-84dd-ede0-a725032bf3e9" testName="FirmwareUpgradeTaskCommandHandler_Execute_Arguments_Null_Throws" computerName="DKSR-EFI-04" duration="00:00:00.0046100" startTime="2023-12-22T09:36:19.6321069+01:00" endTime="2023-12-22T09:36:19.6321069+01:00" testType="13cdc9d9-ddb5-4fa4-a97d-d965ccfc6d4b" outcome="Passed" testListId="8c84fa94-04c1-424b-9868-57a2d4851a1d" relativeResultsDirectory="e6616bf5-04a3-462e-98fc-f8a59c463fe5">
      <Output>
        <StdOut>Debug Trace:&#xD;
Fail: Command/Command handler type mismatch&#xD;
Fail: The command handler expect an object that implements ICallContextInfo in the state parameter&#xD;
Fail: The command handler expect an object that implements IResponseSink in the responseSink parameter</StdOut>
      </Output>
    </UnitTestResult>
    <UnitTestResult executionId="b3ee438b-bc3e-4157-9f64-4ea56486c0f3" testId="0def198f-cf9d-8c62-2581-9a6090f5fbc9" testName="FirmwareUpgradeTaskCommandHandler_Execute_Failed_WarningNotChanged" computerName="DKSR-EFI-04" duration="00:00:00.0022351" startTime="2023-12-22T09:36:19.7102273+01:00" endTime="2023-12-22T09:36:19.7102273+01:00" testType="13cdc9d9-ddb5-4fa4-a97d-d965ccfc6d4b" outcome="Passed" testListId="8c84fa94-04c1-424b-9868-57a2d4851a1d" relativeResultsDirectory="b3ee438b-bc3e-4157-9f64-4ea56486c0f3" />
    <UnitTestResult executionId="b5a30fdc-215f-4a63-9b2d-401020f3430a" testId="71d4b32f-7371-e627-ac04-661a1fea9f42" testName="RecorderTaskSuccess_ModelIsNull_BadRequestResult" computerName="DKSR-EFI-04" duration="00:00:00.0007260" startTime="2023-12-22T09:34:00.5063858+01:00" endTime="2023-12-22T09:34:00.5063858+01:00" testType="13cdc9d9-ddb5-4fa4-a97d-d965ccfc6d4b" outcome="Passed" testListId="8c84fa94-04c1-424b-9868-57a2d4851a1d" relativeResultsDirectory="b5a30fdc-215f-4a63-9b2d-401020f3430a" />
    <UnitTestResult executionId="03269d64-5815-45cb-9fd3-fccce8f365e7" testId="4fec0688-570f-f7c3-b388-2105544b1ec9" testName="RecorderLicense_FindByRecorder_Returns_Instance" computerName="DKSR-EFI-04" duration="00:00:00.0002558" startTime="2023-12-22T09:36:15.5695833+01:00" endTime="2023-12-22T09:36:15.5695833+01:00" testType="13cdc9d9-ddb5-4fa4-a97d-d965ccfc6d4b" outcome="Passed" testListId="8c84fa94-04c1-424b-9868-57a2d4851a1d" relativeResultsDirectory="03269d64-5815-45cb-9fd3-fccce8f365e7" />
    <UnitTestResult executionId="8e2b80bf-649e-40d2-89c7-ff4461a2ddee" testId="1393a5cb-435f-81a5-a5c2-589073bde11f" testName="FirmwareUpgradeTaskCommandHandler_Execute_Failed_ErrorNetwork" computerName="DKSR-EFI-04" duration="00:00:00.0016273" startTime="2023-12-22T09:36:19.6946027+01:00" endTime="2023-12-22T09:36:19.6946027+01:00" testType="13cdc9d9-ddb5-4fa4-a97d-d965ccfc6d4b" outcome="Passed" testListId="8c84fa94-04c1-424b-9868-57a2d4851a1d" relativeResultsDirectory="8e2b80bf-649e-40d2-89c7-ff4461a2ddee" />
    <UnitTestResult executionId="72eb5ec8-358d-48c2-a939-ead79f4ef433" testId="281b2b74-baf1-6b52-ed5c-a61a47c59d4b" testName="HardwareInGraceNotOnWhiteList_ReplacedWith_HardwareNotOnWhiteList_NoDevicesOnReplacedHardware_ShouldGiveDevicesNewGracePeriod" computerName="DKSR-EFI-04" duration="00:00:00.2928594" startTime="2023-12-22T09:35:58.4601166+01:00" endTime="2023-12-22T09:35:58.7569936+01:00" testType="13cdc9d9-ddb5-4fa4-a97d-d965ccfc6d4b" outcome="Passed" testListId="8c84fa94-04c1-424b-9868-57a2d4851a1d" relativeResultsDirectory="72eb5ec8-358d-48c2-a939-ead79f4ef433" />
    <UnitTestResult executionId="6ec6828a-9fa4-4fbb-a2aa-ab2a745d9395" testId="3bc5a19b-af06-ee9b-e6ca-c14ea37262dc" testName="HardwareInCWAOnWhiteList_ReplacedWithInheritance_HardwareNotOnWhiteList_CWAAllowed_NewHardwareInCWA" computerName="DKSR-EFI-04" duration="00:00:00.2417146" startTime="2023-12-22T09:35:14.0692609+01:00" endTime="2023-12-22T09:35:14.3192622+01:00" testType="13cdc9d9-ddb5-4fa4-a97d-d965ccfc6d4b" outcome="Passed" testListId="8c84fa94-04c1-424b-9868-57a2d4851a1d" relativeResultsDirectory="6ec6828a-9fa4-4fbb-a2aa-ab2a745d9395" />
    <UnitTestResult executionId="d077a301-de34-4edb-8d91-c98e1282710e" testId="4a92a97d-092d-826d-c116-86acae774336" testName="Monitor_CurrentStatusChanged_LocalSslError" computerName="DKSR-EFI-04" duration="00:00:00.0005555" startTime="2023-12-22T09:36:15.8508333+01:00" endTime="2023-12-22T09:36:15.8508333+01:00" testType="13cdc9d9-ddb5-4fa4-a97d-d965ccfc6d4b" outcome="Passed" testListId="8c84fa94-04c1-424b-9868-57a2d4851a1d" relativeResultsDirectory="d077a301-de34-4edb-8d91-c98e1282710e" />
    <UnitTestResult executionId="6cfad70c-59a5-4a07-88b5-f1d017448453" testId="aab3a971-947d-ce24-4dfc-ab6ad28ff8a7" testName="AnalyzeAndCreateAuditLogs_AddedSecurityPermissionsMatrixRow_ReturnsOneAuditLog" computerName="DKSR-EFI-04" duration="00:00:00.0065607" startTime="2023-12-22T09:36:17.4758422+01:00" endTime="2023-12-22T09:36:17.4758422+01:00" testType="13cdc9d9-ddb5-4fa4-a97d-d965ccfc6d4b" outcome="Passed" testListId="8c84fa94-04c1-424b-9868-57a2d4851a1d" relativeResultsDirectory="6cfad70c-59a5-4a07-88b5-f1d017448453" />
    <UnitTestResult executionId="4804b9f5-72af-4b82-b1d4-8610039735e4" testId="b5df2dbd-5065-cb1a-ce57-fd72707a2cdc" testName="ChannelLicenseCountManager_AddLicensedCameraFeed_Same_Device_Twice_ArgumentException" computerName="DKSR-EFI-04" duration="00:00:00.0062417" startTime="2023-12-22T09:35:58.9913700+01:00" endTime="2023-12-22T09:35:58.9913700+01:00" testType="13cdc9d9-ddb5-4fa4-a97d-d965ccfc6d4b" outcome="Passed" testListId="8c84fa94-04c1-424b-9868-57a2d4851a1d" relativeResultsDirectory="4804b9f5-72af-4b82-b1d4-8610039735e4">
      <Output>
        <StdOut>Debug Trace:&#xD;
Fail: An entry is already registered for the mac address and device index.</StdOut>
      </Output>
    </UnitTestResult>
    <UnitTestResult executionId="15742aca-3316-42dc-aacc-338d30e693f5" testId="5c240baa-9c71-dede-47cc-974a9905964f" testName="MoveHardwareTaskCommandHandler_Execute_No_HotStandby_Success" computerName="DKSR-EFI-04" duration="00:00:00.3802960" startTime="2023-12-22T09:36:20.2102339+01:00" endTime="2023-12-22T09:36:20.5852370+01:00" testType="13cdc9d9-ddb5-4fa4-a97d-d965ccfc6d4b" outcome="Passed" testListId="8c84fa94-04c1-424b-9868-57a2d4851a1d" relativeResultsDirectory="15742aca-3316-42dc-aacc-338d30e693f5">
      <Output>
        <StdOut>Progress: 10&#xD;
Progress: 20&#xD;
Progress: 30&#xD;
Progress: 35&#xD;
Progress: 40&#xD;
Progress: 42&#xD;
Progress: 44&#xD;
Progress: 60&#xD;
Progress: 70&#xD;
Progress: 80&#xD;
Progress: 90&#xD;
Progress: 95&#xD;
Progress: 100</StdOut>
      </Output>
    </UnitTestResult>
    <UnitTestResult executionId="3e40d223-d293-43fa-a5b8-7777f2fbeda6" testId="9812cefd-1257-79cb-91a7-5382c3478d46" testName="ReplaceHardwareTaskCommandHandler_Clone_Tests" computerName="DKSR-EFI-04" duration="00:00:00.0055999" startTime="2023-12-22T09:36:27.9758982+01:00" endTime="2023-12-22T09:36:27.9915247+01:00" testType="13cdc9d9-ddb5-4fa4-a97d-d965ccfc6d4b" outcome="Passed" testListId="8c84fa94-04c1-424b-9868-57a2d4851a1d" relativeResultsDirectory="3e40d223-d293-43fa-a5b8-7777f2fbeda6" />
    <UnitTestResult executionId="541dd486-b930-48d2-9858-81757b702388" testId="9262bf29-7cc2-7d52-32d2-0249cd141759" testName="AllocateLicenses_NotActivated_ThreeUsedOneUnlicensed_OnFiveCameraChannelsThreeGraceAndThreeAvailableLicenses" computerName="DKSR-EFI-04" duration="00:00:00.0390589" startTime="2023-12-22T09:35:36.3975004+01:00" endTime="2023-12-22T09:35:36.4287527+01:00" testType="13cdc9d9-ddb5-4fa4-a97d-d965ccfc6d4b" outcome="Passed" testListId="8c84fa94-04c1-424b-9868-57a2d4851a1d" relativeResultsDirectory="541dd486-b930-48d2-9858-81757b702388" />
    <UnitTestResult executionId="b49160e4-5789-437a-9179-183930950bcc" testId="ffb75c75-68be-f3be-e429-85550bfb8f3e" testName="CheckConfigurationDataSetTest_DeviceMulticastLicensedSuccess" computerName="DKSR-EFI-04" duration="00:00:00.0021015" startTime="2023-12-22T09:35:59.6632484+01:00" endTime="2023-12-22T09:35:59.6632484+01:00" testType="13cdc9d9-ddb5-4fa4-a97d-d965ccfc6d4b" outcome="Passed" testListId="8c84fa94-04c1-424b-9868-57a2d4851a1d" relativeResultsDirectory="b49160e4-5789-437a-9179-183930950bcc" />
    <UnitTestResult executionId="b7b4d7b6-eabc-4655-bd21-32986cf09799" testId="27eead9d-95e5-867e-bdf7-c830e0d88b40" testName="CreateLicenseInformationXml_HasEmptyCalculationResultListInReportInformationSection_OnHardwareLicensing" computerName="DKSR-EFI-04" duration="00:00:00.0398839" startTime="2023-12-22T09:36:00.3195152+01:00" endTime="2023-12-22T09:36:00.3507540+01:00" testType="13cdc9d9-ddb5-4fa4-a97d-d965ccfc6d4b" outcome="Passed" testListId="8c84fa94-04c1-424b-9868-57a2d4851a1d" relativeResultsDirectory="b7b4d7b6-eabc-4655-bd21-32986cf09799">
      <Output>
        <StdOut>Debug Trace:&#xD;
Fail: Attribute value invalid. 'Index'&#xD;
Fail: Attribute value invalid. 'Index'&#xD;
Fail: Attribute value invalid. 'Index'&#xD;
Fail: Attribute value invalid. 'Index'&#xD;
Fail: Attribute value invalid. 'Index'&#xD;
Fail: Attribute value invalid. 'Index'&#xD;
Fail: Attribute value invalid. 'Index'&#xD;
Fail: Attribute value invalid. 'Index'&#xD;
Fail: Attribute value invalid. 'Index'&#xD;
Fail: Attribute value invalid. 'Index'</StdOut>
      </Output>
    </UnitTestResult>
    <UnitTestResult executionId="dac52cb7-3e48-41a4-8c63-a8951fd74624" testId="4809fe71-0e18-5383-8977-1d7aa83ba49b" testName="HardwareInCWAOnWhiteList_ReplacedWithNoInheritance_HardwareNotOnWhiteList_CWAAllowed_MoreChannelsOnReplacedHardware_AllDevicesInCWA" computerName="DKSR-EFI-04" duration="00:00:00.2583158" startTime="2023-12-22T09:35:21.6005475+01:00" endTime="2023-12-22T09:35:21.8661756+01:00" testType="13cdc9d9-ddb5-4fa4-a97d-d965ccfc6d4b" outcome="Passed" testListId="8c84fa94-04c1-424b-9868-57a2d4851a1d" relativeResultsDirectory="dac52cb7-3e48-41a4-8c63-a8951fd74624" />
    <UnitTestResult executionId="0e1dc61a-bb19-4820-9733-fe3cfc417227" testId="4a9ee53d-4492-6d40-8fa6-c23adf2b7cfc" testName="MessageManagerResponseCollector_GetNextResponse_Timeout" computerName="DKSR-EFI-04" duration="00:00:00.0513754" startTime="2023-12-22T09:33:57.8501248+01:00" endTime="2023-12-22T09:33:57.9126226+01:00" testType="13cdc9d9-ddb5-4fa4-a97d-d965ccfc6d4b" outcome="Passed" testListId="8c84fa94-04c1-424b-9868-57a2d4851a1d" relativeResultsDirectory="0e1dc61a-bb19-4820-9733-fe3cfc417227" />
    <UnitTestResult executionId="866ceff0-1c7b-4664-b082-72b09e29ff59" testId="51c810f9-6747-b0a8-4122-cb6b1986b141" testName="EventCollectorConstructor_Receiver_Null" computerName="DKSR-EFI-04" duration="00:00:00.0005556" startTime="2023-12-22T09:33:57.1938697+01:00" endTime="2023-12-22T09:33:57.1938697+01:00" testType="13cdc9d9-ddb5-4fa4-a97d-d965ccfc6d4b" outcome="Passed" testListId="8c84fa94-04c1-424b-9868-57a2d4851a1d" relativeResultsDirectory="866ceff0-1c7b-4664-b082-72b09e29ff59" />
    <UnitTestResult executionId="ca1beeb4-d317-46fd-a04d-01522fe6af33" testId="ea9551eb-3309-a871-541b-dc91e6a1d4cb" testName="UpdateRecorderTaskProgress_ModelIsValid_Executed" computerName="DKSR-EFI-04" duration="00:00:00.0010615" startTime="2023-12-22T09:34:00.5063858+01:00" endTime="2023-12-22T09:34:00.5063858+01:00" testType="13cdc9d9-ddb5-4fa4-a97d-d965ccfc6d4b" outcome="Passed" testListId="8c84fa94-04c1-424b-9868-57a2d4851a1d" relativeResultsDirectory="ca1beeb4-d317-46fd-a04d-01522fe6af33" />
    <UnitTestResult executionId="6a1fe79f-4d46-400a-9ee0-e0e7957422d0" testId="2dec243a-efa5-1ca3-680b-6e69418d9fb9" testName="DeviceLicense_AddNew_IsUpdated_RetrieveAsList_Success" computerName="DKSR-EFI-04" duration="00:00:00.0014643" startTime="2023-12-22T09:36:15.6789582+01:00" endTime="2023-12-22T09:36:15.6789582+01:00" testType="13cdc9d9-ddb5-4fa4-a97d-d965ccfc6d4b" outcome="Passed" testListId="8c84fa94-04c1-424b-9868-57a2d4851a1d" relativeResultsDirectory="6a1fe79f-4d46-400a-9ee0-e0e7957422d0" />
    <UnitTestResult executionId="114ce9ff-5038-4434-bf95-28c6c9453045" testId="444d1cf6-1f18-a3fd-07af-a979190122f2" testName="UpdateEvidenceLockSizesCommandHandlerTests_UpdateOneEvidenceLocksSize_EvidenceLockNotFound_SuccessResponse" computerName="DKSR-EFI-04" duration="00:00:02.0316024" startTime="2023-12-22T09:36:28.2415260+01:00" endTime="2023-12-22T09:36:30.2884110+01:00" testType="13cdc9d9-ddb5-4fa4-a97d-d965ccfc6d4b" outcome="Passed" testListId="8c84fa94-04c1-424b-9868-57a2d4851a1d" relativeResultsDirectory="114ce9ff-5038-4434-bf95-28c6c9453045" />
    <UnitTestResult executionId="ac836d05-2fad-4f4e-8e28-627fa6df90b7" testId="a5fd458a-677f-ccc2-2972-ad7870ebe3f1" testName="SuccessResponse_ModelIsValid_CommandExecuted" computerName="DKSR-EFI-04" duration="00:00:00.0021341" startTime="2023-12-22T09:34:00.8657627+01:00" endTime="2023-12-22T09:34:00.8657627+01:00" testType="13cdc9d9-ddb5-4fa4-a97d-d965ccfc6d4b" outcome="Passed" testListId="8c84fa94-04c1-424b-9868-57a2d4851a1d" relativeResultsDirectory="ac836d05-2fad-4f4e-8e28-627fa6df90b7" />
    <UnitTestResult executionId="fdbf36ef-f13e-4c13-aeb1-77806040af9a" testId="9130ecfa-1d1c-db07-182d-fdb4df69e270" testName="DeviceLicense_RetrieveExpireDate_DeviceNotFound_ReturnsMinDate" computerName="DKSR-EFI-04" duration="00:00:00.0003870" startTime="2023-12-22T09:36:15.6945827+01:00" endTime="2023-12-22T09:36:15.6945827+01:00" testType="13cdc9d9-ddb5-4fa4-a97d-d965ccfc6d4b" outcome="Passed" testListId="8c84fa94-04c1-424b-9868-57a2d4851a1d" relativeResultsDirectory="fdbf36ef-f13e-4c13-aeb1-77806040af9a" />
    <UnitTestResult executionId="96d23740-ecba-4813-9589-73de08e6fe51" testId="fe7b57c0-96f0-ff5e-7683-2f3ee9bd43b2" testName="HardwareInCWANotOnWhiteList_ReplacedWithInheritance_HardwareOnWhiteList_MixedCWAAllowed_NewHardwareInCWA" computerName="DKSR-EFI-04" duration="00:00:00.1603855" startTime="2023-12-22T09:35:15.3973927+01:00" endTime="2023-12-22T09:35:15.5536434+01:00" testType="13cdc9d9-ddb5-4fa4-a97d-d965ccfc6d4b" outcome="Passed" testListId="8c84fa94-04c1-424b-9868-57a2d4851a1d" relativeResultsDirectory="96d23740-ecba-4813-9589-73de08e6fe51" />
    <UnitTestResult executionId="b4957f56-450b-4f4d-8daf-8e996378b0cf" testId="26c3b5d9-f363-c07f-e330-95af8cd3b7ce" testName="DeleteHardwareTaskCommandHandler_Constructor_Arguments_Null_Throws" computerName="DKSR-EFI-04" duration="00:00:00.0052382" startTime="2023-12-22T09:36:18.4758473+01:00" endTime="2023-12-22T09:36:18.4758473+01:00" testType="13cdc9d9-ddb5-4fa4-a97d-d965ccfc6d4b" outcome="Passed" testListId="8c84fa94-04c1-424b-9868-57a2d4851a1d" relativeResultsDirectory="b4957f56-450b-4f4d-8daf-8e996378b0cf">
      <Output>
        <StdOut>Debug Trace:&#xD;
Fail: Argument null</StdOut>
      </Output>
    </UnitTestResult>
    <UnitTestResult executionId="6838599b-bc84-4d46-ab5d-6a0b0d133e65" testId="27a80b10-a457-dcf0-3f4f-f5674e8d3ef4" testName="HardwareScanTaskCommandHandler_Execute_TaskProgress" computerName="DKSR-EFI-04" duration="00:00:00.0020849" startTime="2023-12-22T09:36:20.1633579+01:00" endTime="2023-12-22T09:36:20.1633579+01:00" testType="13cdc9d9-ddb5-4fa4-a97d-d965ccfc6d4b" outcome="Passed" testListId="8c84fa94-04c1-424b-9868-57a2d4851a1d" relativeResultsDirectory="6838599b-bc84-4d46-ab5d-6a0b0d133e65" />
    <UnitTestResult executionId="d3cbcadc-a459-4b43-a7dc-75e94650164e" testId="c773b936-c19f-a5af-576f-454c7789e759" testName="Validate_AddingHardwareToCWA_WhenHardwareHasDevicesInCWA_DoesNotAddHardwareToCWA" computerName="DKSR-EFI-04" duration="00:00:00.0004224" startTime="2023-12-22T09:35:59.1632455+01:00" endTime="2023-12-22T09:35:59.1632455+01:00" testType="13cdc9d9-ddb5-4fa4-a97d-d965ccfc6d4b" outcome="Passed" testListId="8c84fa94-04c1-424b-9868-57a2d4851a1d" relativeResultsDirectory="d3cbcadc-a459-4b43-a7dc-75e94650164e" />
    <UnitTestResult executionId="212dcab3-0c59-4b2c-a085-adbc4b261353" testId="17f84e40-a26b-78e4-2dad-26313f9b7fcc" testName="EvidenceLockOnOldRecorderCommandHandlerTests_OldRecV2_ConfigEdit3Rows" computerName="DKSR-EFI-04" duration="00:00:00.0201121" startTime="2023-12-22T09:36:19.1946027+01:00" endTime="2023-12-22T09:36:19.2102258+01:00" testType="13cdc9d9-ddb5-4fa4-a97d-d965ccfc6d4b" outcome="Passed" testListId="8c84fa94-04c1-424b-9868-57a2d4851a1d" relativeResultsDirectory="212dcab3-0c59-4b2c-a085-adbc4b261353" />
    <UnitTestResult executionId="a997aafa-1943-4177-9400-95735042cee3" testId="0e58604c-cdf0-f371-f95c-0634e395365d" testName="CreateLicenseInformationXml_Has25Expired_On1ExpiredHardware25ChannelsNotOnWhitelist" computerName="DKSR-EFI-04" duration="00:00:00.0318970" startTime="2023-12-22T09:36:00.1476255+01:00" endTime="2023-12-22T09:36:00.1788776+01:00" testType="13cdc9d9-ddb5-4fa4-a97d-d965ccfc6d4b" outcome="Passed" testListId="8c84fa94-04c1-424b-9868-57a2d4851a1d" relativeResultsDirectory="a997aafa-1943-4177-9400-95735042cee3">
      <Output>
        <StdOut>Debug Trace:&#xD;
Fail: Attribute value invalid. 'Index'&#xD;
Fail: Attribute value invalid. 'Index'&#xD;
Fail: Attribute value invalid. 'Index'&#xD;
Fail: Attribute value invalid. 'Index'&#xD;
Fail: Attribute value invalid. 'Index'&#xD;
Fail: Attribute value invalid. 'Index'&#xD;
Fail: Attribute value invalid. 'Index'&#xD;
Fail: Attribute value invalid. 'Index'&#xD;
Fail: Attribute value invalid. 'Index'&#xD;
Fail: Attribute value invalid. 'Index'&#xD;
Fail: Attribute value invalid. 'Index'&#xD;
Fail: Attribute value invalid. 'Index'&#xD;
Fail: Attribute value invalid. 'Index'&#xD;
Fail: Attribute value invalid. 'Index'&#xD;
Fail: Attribute value invalid. 'Index'&#xD;
Fail: Attribute value invalid. 'Index'&#xD;
Fail: Attribute value invalid. 'Index'&#xD;
Fail: Attribute value invalid. 'Index'&#xD;
Fail: Attribute value invalid. 'Index'&#xD;
Fail: Attribute value invalid. 'Index'&#xD;
Fail: Attribute value invalid. 'Index'&#xD;
Fail: Attribute value invalid. 'Index'&#xD;
Fail: Attribute value invalid. 'Index'&#xD;
Fail: Attribute value invalid. 'Index'&#xD;
Fail: Attribute value invalid. 'Index'</StdOut>
      </Output>
    </UnitTestResult>
    <UnitTestResult executionId="77eadf10-5b4b-4bb0-af84-071f5fcb92e0" testId="721e4d61-c1ad-b706-5981-0b9a5726dace" testName="ChangeHardwarePasswordTaskCommandHandler_Execute_Failed_TooLongPassword_Response" computerName="DKSR-EFI-04" duration="00:00:00.0009355" startTime="2023-12-22T09:36:16.3664617+01:00" endTime="2023-12-22T09:36:16.3664617+01:00" testType="13cdc9d9-ddb5-4fa4-a97d-d965ccfc6d4b" outcome="Passed" testListId="8c84fa94-04c1-424b-9868-57a2d4851a1d" relativeResultsDirectory="77eadf10-5b4b-4bb0-af84-071f5fcb92e0" />
    <UnitTestResult executionId="fd5ac0fb-b52b-4e46-940a-7a2ed057b728" testId="9b3384a2-497f-2493-da88-40d7b4218810" testName="AllocateLicensesNotActivated_WhitelistedDriver_Grace_TwoHardware_TwoCameras_OneLicense_OneHardwareDisabled_ValidateLicenseTypes" computerName="DKSR-EFI-04" duration="00:00:00.1186700" startTime="2023-12-22T09:35:37.9287580+01:00" endTime="2023-12-22T09:35:38.0537618+01:00" testType="13cdc9d9-ddb5-4fa4-a97d-d965ccfc6d4b" outcome="Passed" testListId="8c84fa94-04c1-424b-9868-57a2d4851a1d" relativeResultsDirectory="fd5ac0fb-b52b-4e46-940a-7a2ed057b728" />
    <UnitTestResult executionId="51ad7b65-48d2-4e9b-a69b-a9e94100a46d" testId="2825047d-45ec-17ec-7668-490b5d480d53" testName="HardwareActivatedOnWhiteList_ReplacedWithInheritance_HardwareNotOnWhiteList_NoCWAAllowed_AllDevicesInGrace" computerName="DKSR-EFI-04" duration="00:00:00.2233222" startTime="2023-12-22T09:35:05.3035908+01:00" endTime="2023-12-22T09:35:05.5379662+01:00" testType="13cdc9d9-ddb5-4fa4-a97d-d965ccfc6d4b" outcome="Passed" testListId="8c84fa94-04c1-424b-9868-57a2d4851a1d" relativeResultsDirectory="51ad7b65-48d2-4e9b-a69b-a9e94100a46d" />
    <UnitTestResult executionId="2bcd1561-d05f-4929-a55b-7b3a7ab0c374" testId="aa431777-e753-d54c-edf8-7d73ed839e8e" testName="CheckConfigurationDataSet_AAC_Hardware_WithAACSetting_NotLicensed_Throws_ServerServiceException" computerName="DKSR-EFI-04" duration="00:00:00.0029892" startTime="2023-12-22T09:35:59.6163815+01:00" endTime="2023-12-22T09:35:59.6163815+01:00" testType="13cdc9d9-ddb5-4fa4-a97d-d965ccfc6d4b" outcome="Passed" testListId="8c84fa94-04c1-424b-9868-57a2d4851a1d" relativeResultsDirectory="2bcd1561-d05f-4929-a55b-7b3a7ab0c374" />
    <UnitTestResult executionId="547175a7-7ea2-4791-92a8-7a5510e7b051" testId="687b7ab7-3b40-112c-02c3-1a1061086fb3" testName="ChannelLicenseCountManager_AddLicensedHardware_NullHardwareInfo_ThrowsArgumentNullException" computerName="DKSR-EFI-04" duration="00:00:00.0008806" startTime="2023-12-22T09:35:58.9444959+01:00" endTime="2023-12-22T09:35:58.9444959+01:00" testType="13cdc9d9-ddb5-4fa4-a97d-d965ccfc6d4b" outcome="Passed" testListId="8c84fa94-04c1-424b-9868-57a2d4851a1d" relativeResultsDirectory="547175a7-7ea2-4791-92a8-7a5510e7b051" />
    <UnitTestResult executionId="de01c47a-2dc7-42ad-81f0-2ee1b94c28e0" testId="203a23ad-a6d5-6336-b116-7dae22149b13" testName="Log_ContextExceptionIsNotSupportedByLegacyRecorderException_DebugLogIsLogged" computerName="DKSR-EFI-04" duration="00:00:00.0019320" startTime="2023-12-22T09:34:00.8501396+01:00" endTime="2023-12-22T09:34:00.8501396+01:00" testType="13cdc9d9-ddb5-4fa4-a97d-d965ccfc6d4b" outcome="Passed" testListId="8c84fa94-04c1-424b-9868-57a2d4851a1d" relativeResultsDirectory="de01c47a-2dc7-42ad-81f0-2ee1b94c28e0" />
    <UnitTestResult executionId="8eee8bc5-0753-465a-89e2-85a8f41da3c8" testId="a5fe29b6-8f11-96f3-28fa-75e016b04322" testName="Bug_360916_FiveLicensesAvailable_OneLicensedAndWhitelistedHardware_AddFiveMoreWhitelistedHardwares_OneByOne_FourInCWA_OneUnlicensed" computerName="DKSR-EFI-04" duration="00:00:00.3991596" startTime="2023-12-22T09:35:34.5068659+01:00" endTime="2023-12-22T09:35:34.8974913+01:00" testType="13cdc9d9-ddb5-4fa4-a97d-d965ccfc6d4b" outcome="Passed" testListId="8c84fa94-04c1-424b-9868-57a2d4851a1d" relativeResultsDirectory="8eee8bc5-0753-465a-89e2-85a8f41da3c8" />
    <UnitTestResult executionId="e0a26997-a8db-409f-b600-ca99fb1c04ce" testId="9c2dc762-2a57-9696-7f90-04f8ebffaa04" testName="Simulate_CWA_TreatedAsLicensedAfterOneYear_NotWhitelisted" computerName="DKSR-EFI-04" duration="00:00:00.2973294" startTime="2023-12-22T09:35:47.3663098+01:00" endTime="2023-12-22T09:35:47.6631833+01:00" testType="13cdc9d9-ddb5-4fa4-a97d-d965ccfc6d4b" outcome="Passed" testListId="8c84fa94-04c1-424b-9868-57a2d4851a1d" relativeResultsDirectory="e0a26997-a8db-409f-b600-ca99fb1c04ce" />
    <UnitTestResult executionId="511c91a5-10ef-4d94-8332-325f672f2de2" testId="5f66b9d2-22ca-7206-e977-67e129a94bf3" testName="AllocateLicenses_Activated_OneDevice_Camera_ReplacementMaxGrows" computerName="DKSR-EFI-04" duration="00:00:00.0729770" startTime="2023-12-22T09:35:40.6475218+01:00" endTime="2023-12-22T09:35:40.7256464+01:00" testType="13cdc9d9-ddb5-4fa4-a97d-d965ccfc6d4b" outcome="Passed" testListId="8c84fa94-04c1-424b-9868-57a2d4851a1d" relativeResultsDirectory="511c91a5-10ef-4d94-8332-325f672f2de2" />
    <UnitTestResult executionId="49f4be26-8fd7-44ae-92f8-6c1bdc8d0b43" testId="b1ef1835-e836-1dd5-22ee-fc77faa1055a" testName="Validate_IsDeviceInChangesWithoutActivation_Found" computerName="DKSR-EFI-04" duration="00:00:00.0005229" startTime="2023-12-22T09:35:59.2101228+01:00" endTime="2023-12-22T09:35:59.2101228+01:00" testType="13cdc9d9-ddb5-4fa4-a97d-d965ccfc6d4b" outcome="Passed" testListId="8c84fa94-04c1-424b-9868-57a2d4851a1d" relativeResultsDirectory="49f4be26-8fd7-44ae-92f8-6c1bdc8d0b43" />
    <UnitTestResult executionId="5f936a35-20ea-4c95-b6d3-901145b51a32" testId="6bc39af6-acd8-4f36-e4e4-d782a1107371" testName="MoveHardwareTaskCommandHandler_Execute_MacAddressAlreadyConfigured_FailResponse_HardwareAlreadyConfiguredOnDestinationRecordingServer" computerName="DKSR-EFI-04" duration="00:00:00.0022919" startTime="2023-12-22T09:36:26.2571375+01:00" endTime="2023-12-22T09:36:26.2571375+01:00" testType="13cdc9d9-ddb5-4fa4-a97d-d965ccfc6d4b" outcome="Passed" testListId="8c84fa94-04c1-424b-9868-57a2d4851a1d" relativeResultsDirectory="5f936a35-20ea-4c95-b6d3-901145b51a32" />
    <UnitTestResult executionId="91ceb0cb-f759-49e7-9ea0-224bffd2528a" testId="20862179-ea04-7a02-2e88-39a6cf08c704" testName="RecordingServerCache_AddLicenseToCache_Success" computerName="DKSR-EFI-04" duration="00:00:00.0007342" startTime="2023-12-22T09:36:06.2570338+01:00" endTime="2023-12-22T09:36:06.2570338+01:00" testType="13cdc9d9-ddb5-4fa4-a97d-d965ccfc6d4b" outcome="Passed" testListId="8c84fa94-04c1-424b-9868-57a2d4851a1d" relativeResultsDirectory="91ceb0cb-f759-49e7-9ea0-224bffd2528a" />
    <UnitTestResult executionId="ee6fd208-205f-44b7-832e-ea049e55cb94" testId="933352dc-2e18-19cc-d934-804f139458f1" testName="HardwareInCWAOnWhiteList_ReplacedWithInheritance_HardwareOnWhiteList_MixedCWAAllowed_NewHardwareInCWA" computerName="DKSR-EFI-04" duration="00:00:00.1949183" startTime="2023-12-22T09:35:15.5536434+01:00" endTime="2023-12-22T09:35:15.7567680+01:00" testType="13cdc9d9-ddb5-4fa4-a97d-d965ccfc6d4b" outcome="Passed" testListId="8c84fa94-04c1-424b-9868-57a2d4851a1d" relativeResultsDirectory="ee6fd208-205f-44b7-832e-ea049e55cb94" />
    <UnitTestResult executionId="695c0c29-c8e8-4f3b-9309-a5a7035cfdcd" testId="eef8fe52-ade5-fee8-4100-d6d4d79ef170" testName="UpdateSLC_ReturnsValidSLC_ValidLicenseWithEmptyWhiteList" computerName="DKSR-EFI-04" duration="00:00:00.0024613" startTime="2023-12-22T09:36:10.6476826+01:00" endTime="2023-12-22T09:36:10.6476826+01:00" testType="13cdc9d9-ddb5-4fa4-a97d-d965ccfc6d4b" outcome="Passed" testListId="8c84fa94-04c1-424b-9868-57a2d4851a1d" relativeResultsDirectory="695c0c29-c8e8-4f3b-9309-a5a7035cfdcd" />
    <UnitTestResult executionId="e2c71df4-8893-45f4-9094-7a424cda7bd9" testId="c2068be2-4b9a-2d31-5ccd-a114d2f9c690" testName="ConfigurationDataSetLoader_GetDeviceRecorderPlugins_Success" computerName="DKSR-EFI-04" duration="00:00:00.0014524" startTime="2023-12-22T09:36:15.8977082+01:00" endTime="2023-12-22T09:36:15.8977082+01:00" testType="13cdc9d9-ddb5-4fa4-a97d-d965ccfc6d4b" outcome="Passed" testListId="8c84fa94-04c1-424b-9868-57a2d4851a1d" relativeResultsDirectory="e2c71df4-8893-45f4-9094-7a424cda7bd9" />
    <UnitTestResult executionId="3dec753c-e71d-4586-b9ac-586e34110779" testId="62c1543f-f880-9422-221c-4ee82e491af1" testName="HasLicense_ReturnsFalse_WhenNoLicenseExists" computerName="DKSR-EFI-04" duration="00:00:00.0001804" startTime="2023-12-22T09:36:10.6476826+01:00" endTime="2023-12-22T09:36:10.6476826+01:00" testType="13cdc9d9-ddb5-4fa4-a97d-d965ccfc6d4b" outcome="Passed" testListId="8c84fa94-04c1-424b-9868-57a2d4851a1d" relativeResultsDirectory="3dec753c-e71d-4586-b9ac-586e34110779" />
    <UnitTestResult executionId="6d0325cc-8889-4ea0-9f26-0354fe14078a" testId="e81631cd-380b-9493-3226-58f25047a284" testName="ProcessConfigurationChangeTasks_TwoRowUpdateDiffGram_Not_Batched" computerName="DKSR-EFI-04" duration="00:00:00.0382382" startTime="2023-12-22T09:34:24.6002565+01:00" endTime="2023-12-22T09:34:24.6471368+01:00" testType="13cdc9d9-ddb5-4fa4-a97d-d965ccfc6d4b" outcome="Passed" testListId="8c84fa94-04c1-424b-9868-57a2d4851a1d" relativeResultsDirectory="6d0325cc-8889-4ea0-9f26-0354fe14078a" />
    <UnitTestResult executionId="6dd7fc16-f898-4b1a-9b8a-d4b1ab127adb" testId="df5249a5-4b98-4ee8-4fcd-b548b558933a" testName="ConfigurationDataSetLoader_GetDeviceGroupMembersByDeviceGroupId_Success" computerName="DKSR-EFI-04" duration="00:00:00.0009633" startTime="2023-12-22T09:36:15.8820839+01:00" endTime="2023-12-22T09:36:15.8820839+01:00" testType="13cdc9d9-ddb5-4fa4-a97d-d965ccfc6d4b" outcome="Passed" testListId="8c84fa94-04c1-424b-9868-57a2d4851a1d" relativeResultsDirectory="6dd7fc16-f898-4b1a-9b8a-d4b1ab127adb" />
    <UnitTestResult executionId="25419b23-8a77-4720-8154-72747a339b7c" testId="9a6aaccb-b496-3443-3666-d7851b13bb53" testName="AllocateLicensesNotActivated_WhitelistedDriver_AlreadyInCWA_OneHardware_Disabled_TwoCameras_OneLicense_ValidateLicenseTypes" computerName="DKSR-EFI-04" duration="00:00:00.0710129" startTime="2023-12-22T09:35:38.4287602+01:00" endTime="2023-12-22T09:35:38.5068876+01:00" testType="13cdc9d9-ddb5-4fa4-a97d-d965ccfc6d4b" outcome="Passed" testListId="8c84fa94-04c1-424b-9868-57a2d4851a1d" relativeResultsDirectory="25419b23-8a77-4720-8154-72747a339b7c" />
    <UnitTestResult executionId="3cc3cdc7-d619-4674-b18d-bb38ad700f59" testId="0ea2702b-3b94-2ec6-f6e7-7129973ec32e" testName="Parse_WhenOneIntegration_TwoIntegrationTypes_ReturnsOneIntegrationRegistration" computerName="DKSR-EFI-04" duration="00:00:00.0024251" startTime="2023-12-22T09:35:01.7566965+01:00" endTime="2023-12-22T09:35:01.7566965+01:00" testType="13cdc9d9-ddb5-4fa4-a97d-d965ccfc6d4b" outcome="Passed" testListId="8c84fa94-04c1-424b-9868-57a2d4851a1d" relativeResultsDirectory="3cc3cdc7-d619-4674-b18d-bb38ad700f59" />
    <UnitTestResult executionId="0b33598b-ca97-4520-bcd4-f81baa50b910" testId="427ce3b9-e79c-157b-1d02-60019bd0322e" testName="HardwareInCWAOnWhiteList_ReplacedWithInheritance_HardwareNotOnWhiteList_MixedCWAAllowed_FewerChannelsOnReplacedHardware_SomeDevicesInCWA" computerName="DKSR-EFI-04" duration="00:00:00.3226167" startTime="2023-12-22T09:35:27.7412062+01:00" endTime="2023-12-22T09:35:28.0693340+01:00" testType="13cdc9d9-ddb5-4fa4-a97d-d965ccfc6d4b" outcome="Passed" testListId="8c84fa94-04c1-424b-9868-57a2d4851a1d" relativeResultsDirectory="0b33598b-ca97-4520-bcd4-f81baa50b910" />
    <UnitTestResult executionId="068806e1-49a6-4499-a77c-f87ace661db0" testId="53b3deed-da13-8b30-8afd-1c9bedbac328" testName="UpdateHardwareTaskCommandHandler_Execute_HeartBeat_LogonError_Tests" computerName="DKSR-EFI-04" duration="00:00:00.0249083" startTime="2023-12-22T09:36:43.8197316+01:00" endTime="2023-12-22T09:36:43.8509814+01:00" testType="13cdc9d9-ddb5-4fa4-a97d-d965ccfc6d4b" outcome="Passed" testListId="8c84fa94-04c1-424b-9868-57a2d4851a1d" relativeResultsDirectory="068806e1-49a6-4499-a77c-f87ace661db0" />
    <UnitTestResult executionId="20cbc118-d814-4d28-8a01-fd407b397311" testId="c3809a3c-e353-b14a-7852-059c4037db12" testName="DeviceLicense_SetExpire_NoneExistingItem_Success" computerName="DKSR-EFI-04" duration="00:00:00.0004588" startTime="2023-12-22T09:36:15.7102077+01:00" endTime="2023-12-22T09:36:15.7102077+01:00" testType="13cdc9d9-ddb5-4fa4-a97d-d965ccfc6d4b" outcome="Passed" testListId="8c84fa94-04c1-424b-9868-57a2d4851a1d" relativeResultsDirectory="20cbc118-d814-4d28-8a01-fd407b397311" />
    <UnitTestResult executionId="352595d0-caab-450b-9cb2-eab446cde201" testId="9f208fe6-ec59-67b6-a729-39f373419945" testName="MoveHardwareTaskCommandHandler_Execute_Driver_XmlVersions_Different_Success_With_Warnings" computerName="DKSR-EFI-04" duration="00:00:00.3637708" startTime="2023-12-22T09:36:23.6790047+01:00" endTime="2023-12-22T09:36:24.0383773+01:00" testType="13cdc9d9-ddb5-4fa4-a97d-d965ccfc6d4b" outcome="Passed" testListId="8c84fa94-04c1-424b-9868-57a2d4851a1d" relativeResultsDirectory="352595d0-caab-450b-9cb2-eab446cde201">
      <Output>
        <StdOut>Progress: 10&#xD;
Progress: 20&#xD;
Progress: 30&#xD;
Progress: 35&#xD;
Progress: 40&#xD;
Progress: 42&#xD;
Progress: 44&#xD;
Progress: 60&#xD;
Progress: 70&#xD;
Progress: 80&#xD;
Progress: 90&#xD;
Progress: 95&#xD;
Progress: 100</StdOut>
      </Output>
    </UnitTestResult>
    <UnitTestResult executionId="c2f9ca8b-2445-49cd-a2f5-850e4f07cfe4" testId="841f16ce-97a9-ff76-40ae-1fdee2071244" testName="CheckMsFailoverStatusCommandHandler_Execute_Https_InvokeEventTrue_Succeeded_ShouldTrigger" computerName="DKSR-EFI-04" duration="00:00:00.0082156" startTime="2023-12-22T09:36:17.0539661+01:00" endTime="2023-12-22T09:36:17.0539661+01:00" testType="13cdc9d9-ddb5-4fa4-a97d-d965ccfc6d4b" outcome="Passed" testListId="8c84fa94-04c1-424b-9868-57a2d4851a1d" relativeResultsDirectory="c2f9ca8b-2445-49cd-a2f5-850e4f07cfe4" />
    <UnitTestResult executionId="230c203e-15f9-4763-b8cf-0428c888fe1e" testId="f84c3a1f-aa4e-cfd7-bcbb-3339a20f65d4" testName="GetRecorderLicenseDatasets_Success_ValidLicenseWithEmptyWhiteList" computerName="DKSR-EFI-04" duration="00:00:00.0238828" startTime="2023-12-22T09:36:10.6633091+01:00" endTime="2023-12-22T09:36:10.6789341+01:00" testType="13cdc9d9-ddb5-4fa4-a97d-d965ccfc6d4b" outcome="Passed" testListId="8c84fa94-04c1-424b-9868-57a2d4851a1d" relativeResultsDirectory="230c203e-15f9-4763-b8cf-0428c888fe1e" />
    <UnitTestResult executionId="4ae3dc62-4672-448e-99d8-49321e7cb6ec" testId="8c05e98e-7c31-13ef-bbba-0cf9b8a50b6b" testName="SessionDataManager_StoreAndQuery_Success" computerName="DKSR-EFI-04" duration="00:00:00.0002558" startTime="2023-12-22T09:34:24.6627586+01:00" endTime="2023-12-22T09:34:24.6627586+01:00" testType="13cdc9d9-ddb5-4fa4-a97d-d965ccfc6d4b" outcome="Passed" testListId="8c84fa94-04c1-424b-9868-57a2d4851a1d" relativeResultsDirectory="4ae3dc62-4672-448e-99d8-49321e7cb6ec" />
    <UnitTestResult executionId="3ae07eea-0874-4133-9c85-d6b4ea17d86b" testId="4dd16df4-f085-64ca-9a0c-8b383d03ff3b" testName="GetHardwareNetworkSettingsCommandHandler_Constructor_ParameterNull_Throws" computerName="DKSR-EFI-04" duration="00:00:00.0010282" startTime="2023-12-22T09:36:19.7102273+01:00" endTime="2023-12-22T09:36:19.7102273+01:00" testType="13cdc9d9-ddb5-4fa4-a97d-d965ccfc6d4b" outcome="Passed" testListId="8c84fa94-04c1-424b-9868-57a2d4851a1d" relativeResultsDirectory="3ae07eea-0874-4133-9c85-d6b4ea17d86b" />
    <UnitTestResult executionId="5ed620d6-75d6-43bc-b89c-e0cfdfa3069b" testId="7a90d467-ec4d-e610-cc96-6a2ca7074392" testName="EvidenceLockUpdateScheduler_Dispose_Success" computerName="DKSR-EFI-04" duration="00:00:00.0042920" startTime="2023-12-22T09:33:57.7876233+01:00" endTime="2023-12-22T09:33:57.8032479+01:00" testType="13cdc9d9-ddb5-4fa4-a97d-d965ccfc6d4b" outcome="Passed" testListId="8c84fa94-04c1-424b-9868-57a2d4851a1d" relativeResultsDirectory="5ed620d6-75d6-43bc-b89c-e0cfdfa3069b" />
    <UnitTestResult executionId="acc5e16a-208d-4ba0-bc76-26797dd8e78a" testId="260c9bc9-44cf-d92d-0615-5ef8b1fdd260" testName="ConfigurationDataSetLoader_GetDeviceByDeviceId_Success" computerName="DKSR-EFI-04" duration="00:00:00.0009905" startTime="2023-12-22T09:36:15.8820839+01:00" endTime="2023-12-22T09:36:15.8820839+01:00" testType="13cdc9d9-ddb5-4fa4-a97d-d965ccfc6d4b" outcome="Passed" testListId="8c84fa94-04c1-424b-9868-57a2d4851a1d" relativeResultsDirectory="acc5e16a-208d-4ba0-bc76-26797dd8e78a" />
    <UnitTestResult executionId="c8f62c99-38c1-42e5-8e29-184a134e5805" testId="e4ad2a15-98c6-1291-fbd4-50b2d4dd7302" testName="SetupInitialHardwareUserCommandHandler_Execute_ReturnsFailResponseOnEmptyRecorderServiceId" computerName="DKSR-EFI-04" duration="00:00:00.0007342" startTime="2023-12-22T09:36:28.2259035+01:00" endTime="2023-12-22T09:36:28.2259035+01:00" testType="13cdc9d9-ddb5-4fa4-a97d-d965ccfc6d4b" outcome="Passed" testListId="8c84fa94-04c1-424b-9868-57a2d4851a1d" relativeResultsDirectory="c8f62c99-38c1-42e5-8e29-184a134e5805" />
    <UnitTestResult executionId="bea8ec44-b845-4d56-ae7d-c4756a698896" testId="83a7296c-e486-b9d7-1922-2ba57eeed087" testName="AllocateLicense_5Available_OneHardware_AlreadyLicensedInLicFile_SufficientCameraCountInLicenseFileForHardwareCameraFeeds" computerName="DKSR-EFI-04" duration="00:00:00.0802776" startTime="2023-12-22T09:35:39.1943912+01:00" endTime="2023-12-22T09:35:39.2725152+01:00" testType="13cdc9d9-ddb5-4fa4-a97d-d965ccfc6d4b" outcome="Passed" testListId="8c84fa94-04c1-424b-9868-57a2d4851a1d" relativeResultsDirectory="bea8ec44-b845-4d56-ae7d-c4756a698896" />
    <UnitTestResult executionId="2ca90fa6-e6d2-481c-9540-5fb76d6606e9" testId="76990fcb-ffcb-fd18-57fa-b5a109502485" testName="HardwareActivatedOnWhiteList_ReplacedWithNoInheritance_HardwareOnWhiteList_CWAAllowed_NewHardwareInCWA" computerName="DKSR-EFI-04" duration="00:00:00.2289276" startTime="2023-12-22T09:35:03.8660808+01:00" endTime="2023-12-22T09:35:04.1004589+01:00" testType="13cdc9d9-ddb5-4fa4-a97d-d965ccfc6d4b" outcome="Passed" testListId="8c84fa94-04c1-424b-9868-57a2d4851a1d" relativeResultsDirectory="2ca90fa6-e6d2-481c-9540-5fb76d6606e9" />
    <UnitTestResult executionId="80e37daa-f597-4ef7-bf57-e1bca70e34a0" testId="a23aeb64-4fee-a5f0-e2cf-340259a52ab4" testName="AutomaticActivation_LogsSucessfulMessageInServerLogs_OnSuccessfulActivation" computerName="DKSR-EFI-04" duration="00:00:00.0001859" startTime="2023-12-22T09:34:54.2722833+01:00" endTime="2023-12-22T09:34:54.2722833+01:00" testType="13cdc9d9-ddb5-4fa4-a97d-d965ccfc6d4b" outcome="Passed" testListId="8c84fa94-04c1-424b-9868-57a2d4851a1d" relativeResultsDirectory="80e37daa-f597-4ef7-bf57-e1bca70e34a0" />
    <UnitTestResult executionId="be6b6bfb-aab7-4a95-a2fa-11574bfcfb89" testId="0f5519ff-c247-6411-d38b-9a9f1b4227c9" testName="QueryDeviceEvidenceLockSizesResponse_ModelIsNull_BadRequestResult" computerName="DKSR-EFI-04" duration="00:00:00.0005067" startTime="2023-12-22T09:34:01.0845126+01:00" endTime="2023-12-22T09:34:01.0845126+01:00" testType="13cdc9d9-ddb5-4fa4-a97d-d965ccfc6d4b" outcome="Passed" testListId="8c84fa94-04c1-424b-9868-57a2d4851a1d" relativeResultsDirectory="be6b6bfb-aab7-4a95-a2fa-11574bfcfb89" />
    <UnitTestResult executionId="d487583d-022d-4373-9218-de13f81047f0" testId="1ea60712-f3af-7647-a569-c4b38aac78ea" testName="ChannelLicenseCountManager_ReplacementHardware_RemoveHardwareFromReplacementLimit" computerName="DKSR-EFI-04" duration="00:00:00.0002322" startTime="2023-12-22T09:35:59.1163700+01:00" endTime="2023-12-22T09:35:59.1163700+01:00" testType="13cdc9d9-ddb5-4fa4-a97d-d965ccfc6d4b" outcome="Passed" testListId="8c84fa94-04c1-424b-9868-57a2d4851a1d" relativeResultsDirectory="d487583d-022d-4373-9218-de13f81047f0" />
    <UnitTestResult executionId="4ba39de1-87e2-4c6c-98bd-02a0e234179a" testId="a26220ce-8e45-b18b-8b21-10770613681d" testName="ProcessConfigurationChangeTasks_UpdateUpdate_Same_Device_Not_Batched" computerName="DKSR-EFI-04" duration="00:00:00.0355030" startTime="2023-12-22T09:34:24.4596297+01:00" endTime="2023-12-22T09:34:24.5065073+01:00" testType="13cdc9d9-ddb5-4fa4-a97d-d965ccfc6d4b" outcome="Passed" testListId="8c84fa94-04c1-424b-9868-57a2d4851a1d" relativeResultsDirectory="4ba39de1-87e2-4c6c-98bd-02a0e234179a" />
    <UnitTestResult executionId="ef8b3666-36f9-4b2b-ace4-63c12a5f2841" testId="386fd2dd-9962-b3c8-5389-c7b27303c282" testName="AllocateLicenses_2ICPHardware15ChannelsAnd0NormalHardwareWith10ActivatedICP_ShouldGet5UnlicensedICP_On10ICPLicenses" computerName="DKSR-EFI-04" duration="00:00:00.1074467" startTime="2023-12-22T09:35:42.0226541+01:00" endTime="2023-12-22T09:35:42.1319041+01:00" testType="13cdc9d9-ddb5-4fa4-a97d-d965ccfc6d4b" outcome="Passed" testListId="8c84fa94-04c1-424b-9868-57a2d4851a1d" relativeResultsDirectory="ef8b3666-36f9-4b2b-ace4-63c12a5f2841" />
    <UnitTestResult executionId="2a28d088-c101-48b5-9ba9-f26f6fd26bf8" testId="55df2919-d484-9c67-3d4f-25d0bf1cac35" testName="CreateLicenseInformationXml_Has1Unlicensed_On1HardwareWithNoCameraChannels" computerName="DKSR-EFI-04" duration="00:00:00.0367117" startTime="2023-12-22T09:35:59.9445013+01:00" endTime="2023-12-22T09:35:59.9913747+01:00" testType="13cdc9d9-ddb5-4fa4-a97d-d965ccfc6d4b" outcome="Passed" testListId="8c84fa94-04c1-424b-9868-57a2d4851a1d" relativeResultsDirectory="2a28d088-c101-48b5-9ba9-f26f6fd26bf8" />
    <UnitTestResult executionId="75c2d3b4-5cc2-49a7-8bcf-498f86200a45" testId="a243b43f-29a5-816f-9ac8-8f363157b14a" testName="SetHotstandByFailoverRecorderInformation_WatchingRecorderStopped_Success" computerName="DKSR-EFI-04" duration="00:00:00.0009400" startTime="2023-12-22T09:34:01.4907645+01:00" endTime="2023-12-22T09:34:01.4907645+01:00" testType="13cdc9d9-ddb5-4fa4-a97d-d965ccfc6d4b" outcome="Passed" testListId="8c84fa94-04c1-424b-9868-57a2d4851a1d" relativeResultsDirectory="75c2d3b4-5cc2-49a7-8bcf-498f86200a45" />
    <UnitTestResult executionId="18e31808-1a09-49ef-8f47-549f931bdf0f" testId="c3b36ec3-1df7-adb6-2b47-6af7fdcd182e" testName="DeleteHardwareTaskCommandHandler_Execute_Failed_ExceptionResponse" computerName="DKSR-EFI-04" duration="00:00:00.0007540" startTime="2023-12-22T09:36:18.5227226+01:00" endTime="2023-12-22T09:36:18.5227226+01:00" testType="13cdc9d9-ddb5-4fa4-a97d-d965ccfc6d4b" outcome="Passed" testListId="8c84fa94-04c1-424b-9868-57a2d4851a1d" relativeResultsDirectory="18e31808-1a09-49ef-8f47-549f931bdf0f" />
    <UnitTestResult executionId="9beae240-be99-4608-a395-7cbf45a22c4d" testId="25135369-36d9-5d01-0cef-3b28ec7b5e4c" testName="Ctor_IdpBundleIntervalOutOfRange_ThrowsArgumentOutOfRangeException" computerName="DKSR-EFI-04" duration="00:00:00.0017287" startTime="2023-12-22T09:34:53.9597820+01:00" endTime="2023-12-22T09:34:53.9597820+01:00" testType="13cdc9d9-ddb5-4fa4-a97d-d965ccfc6d4b" outcome="Passed" testListId="8c84fa94-04c1-424b-9868-57a2d4851a1d" relativeResultsDirectory="9beae240-be99-4608-a395-7cbf45a22c4d" />
    <UnitTestResult executionId="72c5d3a7-b7b8-4e85-bdf1-7df40ee22326" testId="abe93699-d934-3070-9b83-225a9bbaa9a0" testName="UploadFileChunkCommandHandler_Execute_Failed_FileDisposed" computerName="DKSR-EFI-04" duration="00:00:00.0030285" startTime="2023-12-22T09:36:44.7572389+01:00" endTime="2023-12-22T09:36:44.7572389+01:00" testType="13cdc9d9-ddb5-4fa4-a97d-d965ccfc6d4b" outcome="Passed" testListId="8c84fa94-04c1-424b-9868-57a2d4851a1d" relativeResultsDirectory="72c5d3a7-b7b8-4e85-bdf1-7df40ee22326" />
    <UnitTestResult executionId="03bbf2a3-63db-4acf-8f6a-451bb3b5bf0d" testId="0fbfd3f1-8403-3002-5229-49e64639ac7c" testName="AttachedRecorder_GetRecorderEntry_NoEntry" computerName="DKSR-EFI-04" duration="00:00:00.0013733" startTime="2023-12-22T09:33:58.1626249+01:00" endTime="2023-12-22T09:33:58.1626249+01:00" testType="13cdc9d9-ddb5-4fa4-a97d-d965ccfc6d4b" outcome="Passed" testListId="8c84fa94-04c1-424b-9868-57a2d4851a1d" relativeResultsDirectory="03bbf2a3-63db-4acf-8f6a-451bb3b5bf0d" />
    <UnitTestResult executionId="a643c34f-8bdf-4b3d-8209-edb84930281f" testId="d46b928f-09c1-dfb5-220c-146d45bb27b3" testName="CreateLicenseRequest_CreatesLicenseRequestChannel_OnChannelLicensingFlag" computerName="DKSR-EFI-04" duration="00:00:00.0120971" startTime="2023-12-22T09:36:08.1632952+01:00" endTime="2023-12-22T09:36:08.1789189+01:00" testType="13cdc9d9-ddb5-4fa4-a97d-d965ccfc6d4b" outcome="Passed" testListId="8c84fa94-04c1-424b-9868-57a2d4851a1d" relativeResultsDirectory="a643c34f-8bdf-4b3d-8209-edb84930281f" />
    <UnitTestResult executionId="0acd4230-cc8d-4702-8f5b-503ed2238b8f" testId="36e0cd72-0e2e-5379-e9f4-07e1826299b9" testName="HardwareScanExpressTaskCommandHandler_Execute_RecorderUnavailable_FailResponse" computerName="DKSR-EFI-04" duration="00:00:00.0010573" startTime="2023-12-22T09:36:20.0227293+01:00" endTime="2023-12-22T09:36:20.0227293+01:00" testType="13cdc9d9-ddb5-4fa4-a97d-d965ccfc6d4b" outcome="Passed" testListId="8c84fa94-04c1-424b-9868-57a2d4851a1d" relativeResultsDirectory="0acd4230-cc8d-4702-8f5b-503ed2238b8f" />
    <UnitTestResult executionId="740a596a-f9eb-4ed9-8be4-7192f0cb20f5" testId="3547b549-44fa-239a-f127-0c453303adf8" testName="LicenseCountManager_AddLicensedHardware_Same_MAC_Twice_ArgumentException" computerName="DKSR-EFI-04" duration="00:00:00.0120033" startTime="2023-12-22T09:35:59.2882447+01:00" endTime="2023-12-22T09:35:59.3038726+01:00" testType="13cdc9d9-ddb5-4fa4-a97d-d965ccfc6d4b" outcome="Passed" testListId="8c84fa94-04c1-424b-9868-57a2d4851a1d" relativeResultsDirectory="740a596a-f9eb-4ed9-8be4-7192f0cb20f5">
      <Output>
        <StdOut>Debug Trace:&#xD;
Fail: An entry is already registered for the mac address.</StdOut>
      </Output>
    </UnitTestResult>
    <UnitTestResult executionId="05f76a42-655e-4db8-9b29-ef4835d2db58" testId="4e68a32c-ff08-c297-66c1-434586f970b4" testName="ConvertIdpLog_AutoProvisionedUserUpdated" computerName="DKSR-EFI-04" duration="00:00:00.0008056" startTime="2023-12-22T09:34:53.6004042+01:00" endTime="2023-12-22T09:34:53.6004042+01:00" testType="13cdc9d9-ddb5-4fa4-a97d-d965ccfc6d4b" outcome="Passed" testListId="8c84fa94-04c1-424b-9868-57a2d4851a1d" relativeResultsDirectory="05f76a42-655e-4db8-9b29-ef4835d2db58" />
    <UnitTestResult executionId="8c699646-c86e-4aa4-8fd5-789f4840fb41" testId="6779f825-7903-f68a-18b1-ecfca5ffef18" testName="UpdateHardwareTaskCommandHandler_Apply_Failed_Tests" computerName="DKSR-EFI-04" duration="00:00:00.0497118" startTime="2023-12-22T09:36:44.3978612+01:00" endTime="2023-12-22T09:36:44.4603608+01:00" testType="13cdc9d9-ddb5-4fa4-a97d-d965ccfc6d4b" outcome="Passed" testListId="8c84fa94-04c1-424b-9868-57a2d4851a1d" relativeResultsDirectory="8c699646-c86e-4aa4-8fd5-789f4840fb41" />
    <UnitTestResult executionId="ccd8e317-2e45-4ce8-b715-1ba5fdaf79d8" testId="ca7bf8cc-6fb2-57ee-bd56-7bde54c67fe6" testName="ReplaceHardwareTaskCommandHandler_DeviceMapper_Success_NotMatchingHwids_Test" computerName="DKSR-EFI-04" duration="00:00:00.0011167" startTime="2023-12-22T09:36:28.1009009+01:00" endTime="2023-12-22T09:36:28.1009009+01:00" testType="13cdc9d9-ddb5-4fa4-a97d-d965ccfc6d4b" outcome="Passed" testListId="8c84fa94-04c1-424b-9868-57a2d4851a1d" relativeResultsDirectory="ccd8e317-2e45-4ce8-b715-1ba5fdaf79d8" />
    <UnitTestResult executionId="f5042daf-7921-4e5a-83df-bec7ebb26836" testId="b4d015a0-965e-7366-ac7c-f7e5a85c608e" testName="ReplaceHardwareTaskCommandHandler_DeviceMapper_Success_Test" computerName="DKSR-EFI-04" duration="00:00:00.0011036" startTime="2023-12-22T09:36:28.0696524+01:00" endTime="2023-12-22T09:36:28.0696524+01:00" testType="13cdc9d9-ddb5-4fa4-a97d-d965ccfc6d4b" outcome="Passed" testListId="8c84fa94-04c1-424b-9868-57a2d4851a1d" relativeResultsDirectory="f5042daf-7921-4e5a-83df-bec7ebb26836" />
    <UnitTestResult executionId="90f5e283-1314-47e5-a29b-c0f77e8ae88f" testId="ef95bcc0-fe13-5a2c-1a5f-e515c0ee7ea2" testName="HardwareInCWAOnWhiteList_ReplacedWithNoInheritance_HardwareNotOnWhiteList_CWAAllowed_FewerChannelsOnReplacedHardware_AllDevicesInCWA" computerName="DKSR-EFI-04" duration="00:00:00.2874155" startTime="2023-12-22T09:35:22.2099247+01:00" endTime="2023-12-22T09:35:22.5068031+01:00" testType="13cdc9d9-ddb5-4fa4-a97d-d965ccfc6d4b" outcome="Passed" testListId="8c84fa94-04c1-424b-9868-57a2d4851a1d" relativeResultsDirectory="90f5e283-1314-47e5-a29b-c0f77e8ae88f" />
    <UnitTestResult executionId="81206e5e-5d20-4cc0-9342-20ac4612c1ee" testId="e2e26a96-b5b4-c2f5-694e-a95e51839bfb" testName="DatabaseResponseDiskUsage_ModelIsValid_CommandExecuted" computerName="DKSR-EFI-04" duration="00:00:00.0064842" startTime="2023-12-22T09:34:01.0220152+01:00" endTime="2023-12-22T09:34:01.0376392+01:00" testType="13cdc9d9-ddb5-4fa4-a97d-d965ccfc6d4b" outcome="Passed" testListId="8c84fa94-04c1-424b-9868-57a2d4851a1d" relativeResultsDirectory="81206e5e-5d20-4cc0-9342-20ac4612c1ee" />
    <UnitTestResult executionId="d60a3b5f-e2cc-414f-b739-b1c1b93ab640" testId="b00145eb-37a7-57ac-e8b9-6347d3111bce" testName="DeviceDataDistributionManager_CleanupAll_RecorderNotMainRecorder_NothingDeleted" computerName="DKSR-EFI-04" duration="00:00:00.0019823" startTime="2023-12-22T09:33:57.0844946+01:00" endTime="2023-12-22T09:33:57.0844946+01:00" testType="13cdc9d9-ddb5-4fa4-a97d-d965ccfc6d4b" outcome="Passed" testListId="8c84fa94-04c1-424b-9868-57a2d4851a1d" relativeResultsDirectory="d60a3b5f-e2cc-414f-b739-b1c1b93ab640" />
    <UnitTestResult executionId="3a362cb3-b63c-4e4a-b696-9810047fa025" testId="87ba51e4-c977-b416-269b-fcfae9fc10be" testName="UpdateHardwareTaskCommandHandler_Execute_HeartBeat_NoRecorder_Tests" computerName="DKSR-EFI-04" duration="00:00:00.0104015" startTime="2023-12-22T09:36:43.8509814+01:00" endTime="2023-12-22T09:36:43.8666069+01:00" testType="13cdc9d9-ddb5-4fa4-a97d-d965ccfc6d4b" outcome="Passed" testListId="8c84fa94-04c1-424b-9868-57a2d4851a1d" relativeResultsDirectory="3a362cb3-b63c-4e4a-b696-9810047fa025" />
    <UnitTestResult executionId="bb3ab998-c018-4269-8cda-fa1f9ce33b7c" testId="d9dd747f-a44b-24cc-c724-961aefc9b3a1" testName="UploadFileChunkCommandHandler_Execute_Completed" computerName="DKSR-EFI-04" duration="00:00:00.0088954" startTime="2023-12-22T09:36:44.7416120+01:00" endTime="2023-12-22T09:36:44.7416120+01:00" testType="13cdc9d9-ddb5-4fa4-a97d-d965ccfc6d4b" outcome="Passed" testListId="8c84fa94-04c1-424b-9868-57a2d4851a1d" relativeResultsDirectory="bb3ab998-c018-4269-8cda-fa1f9ce33b7c" />
    <UnitTestResult executionId="ffa547d3-695a-4047-a0b5-c793e1c9e78c" testId="9a022633-48a0-501e-eeef-810088119832" testName="LicenseCountManager_FindNonIcpHardwareInGrace_Throws_NotImplementedException" computerName="DKSR-EFI-04" duration="00:00:00.0009002" startTime="2023-12-22T09:35:59.2101228+01:00" endTime="2023-12-22T09:35:59.2101228+01:00" testType="13cdc9d9-ddb5-4fa4-a97d-d965ccfc6d4b" outcome="Passed" testListId="8c84fa94-04c1-424b-9868-57a2d4851a1d" relativeResultsDirectory="ffa547d3-695a-4047-a0b5-c793e1c9e78c" />
    <UnitTestResult executionId="71ec0be8-3e06-4691-9f33-d17b8d26192d" testId="9730ab2e-51aa-2f06-1de2-83bd7e139a38" testName="HardwareScanExpressTaskCommandHandler_Execute_NoResponseFromRecordingServer_FailResponse" computerName="DKSR-EFI-04" duration="00:00:00.0029662" startTime="2023-12-22T09:36:19.9914829+01:00" endTime="2023-12-22T09:36:19.9914829+01:00" testType="13cdc9d9-ddb5-4fa4-a97d-d965ccfc6d4b" outcome="Passed" testListId="8c84fa94-04c1-424b-9868-57a2d4851a1d" relativeResultsDirectory="71ec0be8-3e06-4691-9f33-d17b8d26192d" />
    <UnitTestResult executionId="808e0c2a-d4ca-4f1d-b3f2-11b5a3b59b97" testId="0bc2cc52-980c-a75a-9eb4-2ea598b58d97" testName="TwoHardware_SameMacAddress_DifferentRecordingServers_BothICPAndNonICP_VaryingFeedsOnEach_CountsAreCorrect" computerName="DKSR-EFI-04" duration="00:00:00.3924949" startTime="2023-12-22T09:36:14.3039511+01:00" endTime="2023-12-22T09:36:14.6945784+01:00" testType="13cdc9d9-ddb5-4fa4-a97d-d965ccfc6d4b" outcome="Passed" testListId="8c84fa94-04c1-424b-9868-57a2d4851a1d" relativeResultsDirectory="808e0c2a-d4ca-4f1d-b3f2-11b5a3b59b97" />
    <UnitTestResult executionId="b565ea7f-1052-439c-8588-bbf783338c9f" testId="a2e7ed94-eb3b-5b15-89a1-5d0ffb0c25ed" testName="ChangeHardwarePasswordTaskCommandHandler_Execute_Failed_Unexpected_Response" computerName="DKSR-EFI-04" duration="00:00:00.0007497" startTime="2023-12-22T09:36:16.3508360+01:00" endTime="2023-12-22T09:36:16.3508360+01:00" testType="13cdc9d9-ddb5-4fa4-a97d-d965ccfc6d4b" outcome="Passed" testListId="8c84fa94-04c1-424b-9868-57a2d4851a1d" relativeResultsDirectory="b565ea7f-1052-439c-8588-bbf783338c9f" />
    <UnitTestResult executionId="4378974b-6e15-4d80-9386-981e30fcbcee" testId="45f16b67-25c3-586e-a05f-5377e2b2c441" testName="HardwareLicense_FindByHardwareInfo_NullHardwareInfo_Throws_ArgumentNullException" computerName="DKSR-EFI-04" duration="00:00:00.0006931" startTime="2023-12-22T09:36:15.6164560+01:00" endTime="2023-12-22T09:36:15.6164560+01:00" testType="13cdc9d9-ddb5-4fa4-a97d-d965ccfc6d4b" outcome="Passed" testListId="8c84fa94-04c1-424b-9868-57a2d4851a1d" relativeResultsDirectory="4378974b-6e15-4d80-9386-981e30fcbcee" />
    <UnitTestResult executionId="eed98f0b-861d-4952-a0ff-26d1733a4039" testId="c270ea2a-c1e3-572f-ae65-a41694dfd9e6" testName="ConvertIdpLog_NullIdpServerName" computerName="DKSR-EFI-04" duration="00:00:00.0006501" startTime="2023-12-22T09:34:53.5066541+01:00" endTime="2023-12-22T09:34:53.5066541+01:00" testType="13cdc9d9-ddb5-4fa4-a97d-d965ccfc6d4b" outcome="Passed" testListId="8c84fa94-04c1-424b-9868-57a2d4851a1d" relativeResultsDirectory="eed98f0b-861d-4952-a0ff-26d1733a4039" />
    <UnitTestResult executionId="5239fe5e-170e-4e70-9de6-58a727f56ac3" testId="e07e83cc-7f92-bb46-c8b3-934aab5700ee" testName="EventCollector_ShouldEventBeFired_Accept_SystemMonitorEvents" computerName="DKSR-EFI-04" duration="00:00:00.0034171" startTime="2023-12-22T09:33:57.7563736+01:00" endTime="2023-12-22T09:33:57.7563736+01:00" testType="13cdc9d9-ddb5-4fa4-a97d-d965ccfc6d4b" outcome="Passed" testListId="8c84fa94-04c1-424b-9868-57a2d4851a1d" relativeResultsDirectory="5239fe5e-170e-4e70-9de6-58a727f56ac3" />
    <UnitTestResult executionId="7c5154ba-2eb1-4d87-8eba-c1d2bf462d8b" testId="6a5d7fe9-99be-4636-5691-66b73138c33f" testName="AttachedRecorder_GetRecorderStatus_NoService" computerName="DKSR-EFI-04" duration="00:00:00.0006168" startTime="2023-12-22T09:33:58.1157510+01:00" endTime="2023-12-22T09:33:58.1157510+01:00" testType="13cdc9d9-ddb5-4fa4-a97d-d965ccfc6d4b" outcome="Passed" testListId="8c84fa94-04c1-424b-9868-57a2d4851a1d" relativeResultsDirectory="7c5154ba-2eb1-4d87-8eba-c1d2bf462d8b" />
    <UnitTestResult executionId="9b51ffa6-d09b-4e42-bec8-1d70a76e07f6" testId="3fde29d6-b00e-e198-01ad-3fbbe5dfc2fd" testName="LicenseInformation_ToXml_FromXml_Success" computerName="DKSR-EFI-04" duration="00:00:00.0183397" startTime="2023-12-22T09:35:59.6945010+01:00" endTime="2023-12-22T09:35:59.7101237+01:00" testType="13cdc9d9-ddb5-4fa4-a97d-d965ccfc6d4b" outcome="Passed" testListId="8c84fa94-04c1-424b-9868-57a2d4851a1d" relativeResultsDirectory="9b51ffa6-d09b-4e42-bec8-1d70a76e07f6" />
    <UnitTestResult executionId="f3532107-ebbc-4bb7-9e23-04ae7590bfdb" testId="9ab44632-9eaf-e3de-6707-27601cb7b327" testName="HardwareScanTaskCommandHandler_Execute_Arguments_Null_Throws" computerName="DKSR-EFI-04" duration="00:00:00.0041326" startTime="2023-12-22T09:36:20.0539812+01:00" endTime="2023-12-22T09:36:20.0696058+01:00" testType="13cdc9d9-ddb5-4fa4-a97d-d965ccfc6d4b" outcome="Passed" testListId="8c84fa94-04c1-424b-9868-57a2d4851a1d" relativeResultsDirectory="f3532107-ebbc-4bb7-9e23-04ae7590bfdb">
      <Output>
        <StdOut>Debug Trace:&#xD;
Fail: Command/Command handler type mismatch&#xD;
Fail: The command handler expect an object that implements ICallContextInfo in the state parameter&#xD;
Fail: The command handler expect an object that implements IResponseSink in the responseSink parameter</StdOut>
      </Output>
    </UnitTestResult>
    <UnitTestResult executionId="a5097994-8cce-4459-875c-085029b6318f" testId="03b737b9-dc29-8cf7-2be6-264359d08a7b" testName="SessionData_Dispose_Success" computerName="DKSR-EFI-04" duration="00:00:00.0002623" startTime="2023-12-22T09:34:24.6627586+01:00" endTime="2023-12-22T09:34:24.6627586+01:00" testType="13cdc9d9-ddb5-4fa4-a97d-d965ccfc6d4b" outcome="Passed" testListId="8c84fa94-04c1-424b-9868-57a2d4851a1d" relativeResultsDirectory="a5097994-8cce-4459-875c-085029b6318f" />
    <UnitTestResult executionId="d193b299-44b4-4cf0-955e-99ec5a129e24" testId="d8f4590a-d691-b8bc-3b9d-7fe3eabd6a0f" testName="AllocateLicenses_FourLicensesUsed_OnFourHardwareWithTwoLicensedOneGraceAndFourLicenses" computerName="DKSR-EFI-04" duration="00:00:00.0149818" startTime="2023-12-22T09:35:58.8038679+01:00" endTime="2023-12-22T09:35:58.8194953+01:00" testType="13cdc9d9-ddb5-4fa4-a97d-d965ccfc6d4b" outcome="Passed" testListId="8c84fa94-04c1-424b-9868-57a2d4851a1d" relativeResultsDirectory="d193b299-44b4-4cf0-955e-99ec5a129e24">
      <Output>
        <StdOut>Debug Trace:&#xD;
Fail: Attribute value invalid. 'Index'&#xD;
Fail: Attribute value invalid. 'Index'&#xD;
Fail: Attribute value invalid. 'Index'&#xD;
Fail: Attribute value invalid. 'Index'&#xD;
Fail: Attribute value invalid. 'Index'</StdOut>
      </Output>
    </UnitTestResult>
    <UnitTestResult executionId="6bca4ef7-fa38-458a-a6f1-b8289efcd9e0" testId="d423e41b-4e64-7b1c-d2b5-2b243d7b3817" testName="CreateLicenseInformationXml_Has10ActivatedICP_On1ActivatedICPHardwareWith10Cameras" computerName="DKSR-EFI-04" duration="00:00:00.0237321" startTime="2023-12-22T09:36:00.2257543+01:00" endTime="2023-12-22T09:36:00.2413782+01:00" testType="13cdc9d9-ddb5-4fa4-a97d-d965ccfc6d4b" outcome="Passed" testListId="8c84fa94-04c1-424b-9868-57a2d4851a1d" relativeResultsDirectory="6bca4ef7-fa38-458a-a6f1-b8289efcd9e0">
      <Output>
        <StdOut>Debug Trace:&#xD;
Fail: Attribute value invalid. 'Index'&#xD;
Fail: Attribute value invalid. 'Index'&#xD;
Fail: Attribute value invalid. 'Index'&#xD;
Fail: Attribute value invalid. 'Index'&#xD;
Fail: Attribute value invalid. 'Index'&#xD;
Fail: Attribute value invalid. 'Index'&#xD;
Fail: Attribute value invalid. 'Index'&#xD;
Fail: Attribute value invalid. 'Index'&#xD;
Fail: Attribute value invalid. 'Index'&#xD;
Fail: Attribute value invalid. 'Index'</StdOut>
      </Output>
    </UnitTestResult>
    <UnitTestResult executionId="9d749d1a-efda-4f2a-8b15-0c9067cb15ef" testId="a7312598-847d-3aff-2f55-c0f0b9dfa2c9" testName="EvidenceLockOnOldRecorderCommandHandlerTests_OneOldREcorderToUse_NoStatus_ThenCompatible" computerName="DKSR-EFI-04" duration="00:00:00.0148750" startTime="2023-12-22T09:36:18.6945999+01:00" endTime="2023-12-22T09:36:18.7102265+01:00" testType="13cdc9d9-ddb5-4fa4-a97d-d965ccfc6d4b" outcome="Passed" testListId="8c84fa94-04c1-424b-9868-57a2d4851a1d" relativeResultsDirectory="9d749d1a-efda-4f2a-8b15-0c9067cb15ef" />
    <UnitTestResult executionId="08551d6c-e2e4-44e9-bd5d-719f5f01fb8e" testId="d17694ba-e5c0-8494-e5ba-8ef8d9477485" testName="UploadFileChunkCommandHandler_Execute_SuccessOnFileAlreadyPresent" computerName="DKSR-EFI-04" duration="00:00:00.0008136" startTime="2023-12-22T09:36:44.7728635+01:00" endTime="2023-12-22T09:36:44.7728635+01:00" testType="13cdc9d9-ddb5-4fa4-a97d-d965ccfc6d4b" outcome="Passed" testListId="8c84fa94-04c1-424b-9868-57a2d4851a1d" relativeResultsDirectory="08551d6c-e2e4-44e9-bd5d-719f5f01fb8e" />
    <UnitTestResult executionId="59400f02-10e2-4c89-bdcf-ed6b93d3bbe4" testId="283f71c2-810a-dc5c-1692-36ad495e7571" testName="Log_ModelIsNull_BadRequestResponse" computerName="DKSR-EFI-04" duration="00:00:00.0001869" startTime="2023-12-22T09:34:00.3813854+01:00" endTime="2023-12-22T09:34:00.3813854+01:00" testType="13cdc9d9-ddb5-4fa4-a97d-d965ccfc6d4b" outcome="Passed" testListId="8c84fa94-04c1-424b-9868-57a2d4851a1d" relativeResultsDirectory="59400f02-10e2-4c89-bdcf-ed6b93d3bbe4" />
    <UnitTestResult executionId="5e305327-be41-473b-b435-868860cf0b66" testId="27d010b7-073a-bedd-c4ca-0b3ec69f3aae" testName="FailResponse_ModelIsNull_BadRequestResult" computerName="DKSR-EFI-04" duration="00:00:00.0005467" startTime="2023-12-22T09:34:00.8813882+01:00" endTime="2023-12-22T09:34:00.8813882+01:00" testType="13cdc9d9-ddb5-4fa4-a97d-d965ccfc6d4b" outcome="Passed" testListId="8c84fa94-04c1-424b-9868-57a2d4851a1d" relativeResultsDirectory="5e305327-be41-473b-b435-868860cf0b66" />
    <UnitTestResult executionId="2b996080-f410-4259-9bcc-5a3769ca75c6" testId="37fce9a1-160d-3d00-91df-c36cdcd7b891" testName="Ctor_SequencesComponentNull_ThrowsArgumentNullException" computerName="DKSR-EFI-04" duration="00:00:00.0013194" startTime="2023-12-22T09:34:53.9285310+01:00" endTime="2023-12-22T09:34:53.9285310+01:00" testType="13cdc9d9-ddb5-4fa4-a97d-d965ccfc6d4b" outcome="Passed" testListId="8c84fa94-04c1-424b-9868-57a2d4851a1d" relativeResultsDirectory="2b996080-f410-4259-9bcc-5a3769ca75c6" />
    <UnitTestResult executionId="c8023ff5-b961-4b44-bc8f-16c84631ab42" testId="02f71eed-2fe3-41fa-eea5-82491d9b4574" testName="Ctor_ClientNull_ThrowsArgumentNullException" computerName="DKSR-EFI-04" duration="00:00:00.0013082" startTime="2023-12-22T09:34:53.9285310+01:00" endTime="2023-12-22T09:34:53.9285310+01:00" testType="13cdc9d9-ddb5-4fa4-a97d-d965ccfc6d4b" outcome="Passed" testListId="8c84fa94-04c1-424b-9868-57a2d4851a1d" relativeResultsDirectory="c8023ff5-b961-4b44-bc8f-16c84631ab42" />
    <UnitTestResult executionId="16c57a89-d0b4-400f-83e8-a9cb75c58a43" testId="6e398692-b4d5-0575-9663-e623d078625f" testName="UpdateHardwareTaskCommandHandler_Apply_InvalidSessionId_Test" computerName="DKSR-EFI-04" duration="00:00:00.0138130" startTime="2023-12-22T09:36:44.1791107+01:00" endTime="2023-12-22T09:36:44.1791107+01:00" testType="13cdc9d9-ddb5-4fa4-a97d-d965ccfc6d4b" outcome="Passed" testListId="8c84fa94-04c1-424b-9868-57a2d4851a1d" relativeResultsDirectory="16c57a89-d0b4-400f-83e8-a9cb75c58a43" />
    <UnitTestResult executionId="9e0497e6-9579-4ea8-8a89-f25f7cfc76b9" testId="ab5631f2-f214-2d6b-103e-ecf8fde77b19" testName="ArchiveTaskStatusDetails_Serialize_And_Deserialize_Success" computerName="DKSR-EFI-04" duration="00:00:00.0325515" startTime="2023-12-22T09:34:01.5376396+01:00" endTime="2023-12-22T09:34:01.5688926+01:00" testType="13cdc9d9-ddb5-4fa4-a97d-d965ccfc6d4b" outcome="Passed" testListId="8c84fa94-04c1-424b-9868-57a2d4851a1d" relativeResultsDirectory="9e0497e6-9579-4ea8-8a89-f25f7cfc76b9" />
    <UnitTestResult executionId="2d89e72a-7d88-4cc6-950e-f6fd59c3b5d0" testId="18e165c1-f7a6-634a-9110-df55c01ad37f" testName="ChannelLicenseCountManager_HardwareRecorderRelation_Success" computerName="DKSR-EFI-04" duration="00:00:00.0133076" startTime="2023-12-22T09:35:59.0694947+01:00" endTime="2023-12-22T09:35:59.0851196+01:00" testType="13cdc9d9-ddb5-4fa4-a97d-d965ccfc6d4b" outcome="Passed" testListId="8c84fa94-04c1-424b-9868-57a2d4851a1d" relativeResultsDirectory="2d89e72a-7d88-4cc6-950e-f6fd59c3b5d0" />
    <UnitTestResult executionId="4386b2a4-d235-4fce-8079-86e545f6b48a" testId="3b6709e2-05c1-e5a2-e86a-3880bee121c4" testName="SetMatrixView_ModelIsValid_CommandExecuted" computerName="DKSR-EFI-04" duration="00:00:00.0016436" startTime="2023-12-22T09:34:00.4751380+01:00" endTime="2023-12-22T09:34:00.4751380+01:00" testType="13cdc9d9-ddb5-4fa4-a97d-d965ccfc6d4b" outcome="Passed" testListId="8c84fa94-04c1-424b-9868-57a2d4851a1d" relativeResultsDirectory="4386b2a4-d235-4fce-8079-86e545f6b48a" />
    <UnitTestResult executionId="a3706ab4-c5a5-4a18-8ddf-c3ba4dc1604a" testId="082500b4-bdc0-a1fc-952f-ab967f4ac76b" testName="ServerAccessTokenHandler_Constructor_Success" computerName="DKSR-EFI-04" duration="00:00:00.0001573" startTime="2023-12-22T09:34:53.2722797+01:00" endTime="2023-12-22T09:34:53.2722797+01:00" testType="13cdc9d9-ddb5-4fa4-a97d-d965ccfc6d4b" outcome="Passed" testListId="8c84fa94-04c1-424b-9868-57a2d4851a1d" relativeResultsDirectory="a3706ab4-c5a5-4a18-8ddf-c3ba4dc1604a" />
    <UnitTestResult executionId="a7ed17d5-8afa-4eb5-b309-f4599a5ca8bf" testId="0ad171d3-aad1-8521-c487-1ee14ec9e922" testName="GetHardwareNetworkSettingsCommandHandler_Execute_RecorderNotFound_ReturnsCorrectResponse" computerName="DKSR-EFI-04" duration="00:00:00.0009931" startTime="2023-12-22T09:36:19.7414798+01:00" endTime="2023-12-22T09:36:19.7414798+01:00" testType="13cdc9d9-ddb5-4fa4-a97d-d965ccfc6d4b" outcome="Passed" testListId="8c84fa94-04c1-424b-9868-57a2d4851a1d" relativeResultsDirectory="a7ed17d5-8afa-4eb5-b309-f4599a5ca8bf" />
    <UnitTestResult executionId="a1550169-ce57-4da2-9c53-fa3ac21823f2" testId="ea3eacd0-5273-36cc-2234-6760022e2ff3" testName="MultiRecordingServer_HardwareBased_SameHardwareOn2Recorders_ConsumesNoExtraLicenses" computerName="DKSR-EFI-04" duration="00:00:00.1169546" startTime="2023-12-22T09:35:53.5850909+01:00" endTime="2023-12-22T09:35:53.6944676+01:00" testType="13cdc9d9-ddb5-4fa4-a97d-d965ccfc6d4b" outcome="Passed" testListId="8c84fa94-04c1-424b-9868-57a2d4851a1d" relativeResultsDirectory="a1550169-ce57-4da2-9c53-fa3ac21823f2">
      <Output>
        <StdOut>Debug Trace:&#xD;
Fail: Attribute value invalid. 'Index'&#xD;
Fail: Attribute value invalid. 'Index'&#xD;
Fail: Attribute value invalid. 'Index'&#xD;
Fail: Attribute value invalid. 'Index'&#xD;
Fail: Attribute value invalid. 'Index'</StdOut>
      </Output>
    </UnitTestResult>
    <UnitTestResult executionId="0afc2fdb-1c9b-4a5b-b54c-2d41ac66739b" testId="7729d5d0-1314-1bd1-f55e-14d5357f2ccc" testName="Validate_ClearChangesWithoutActivation_RemovesSomeHardware" computerName="DKSR-EFI-04" duration="00:00:00.0015040" startTime="2023-12-22T09:35:59.4288735+01:00" endTime="2023-12-22T09:35:59.4288735+01:00" testType="13cdc9d9-ddb5-4fa4-a97d-d965ccfc6d4b" outcome="Passed" testListId="8c84fa94-04c1-424b-9868-57a2d4851a1d" relativeResultsDirectory="0afc2fdb-1c9b-4a5b-b54c-2d41ac66739b" />
    <UnitTestResult executionId="3df55c96-cc4e-4bd6-856c-52ec6391b778" testId="26a26b26-1ddc-2f15-864f-2bd9398b0113" testName="EvidenceLockOnOldRecorderCommandHandlerTests_OldRecV1_ConfigDelete1Row_FailSendComd" computerName="DKSR-EFI-04" duration="00:00:00.0870917" startTime="2023-12-22T09:36:19.0852244+01:00" endTime="2023-12-22T09:36:19.1633519+01:00" testType="13cdc9d9-ddb5-4fa4-a97d-d965ccfc6d4b" outcome="Passed" testListId="8c84fa94-04c1-424b-9868-57a2d4851a1d" relativeResultsDirectory="3df55c96-cc4e-4bd6-856c-52ec6391b778" />
    <UnitTestResult executionId="c8da0932-ebe4-4c20-a62c-616d1acc73d1" testId="435120c5-b348-a047-9526-a4392d447354" testName="GetTotalReplacementLimit_ReturnsPercentageTimeNoCameras_OnPercentageInTheMiddle" computerName="DKSR-EFI-04" duration="00:00:00.0001547" startTime="2023-12-22T09:36:15.7727069+01:00" endTime="2023-12-22T09:36:15.7727069+01:00" testType="13cdc9d9-ddb5-4fa4-a97d-d965ccfc6d4b" outcome="Passed" testListId="8c84fa94-04c1-424b-9868-57a2d4851a1d" relativeResultsDirectory="c8da0932-ebe4-4c20-a62c-616d1acc73d1" />
    <UnitTestResult executionId="661ce2b4-ccfa-478e-8f66-530523f2552b" testId="f17b5e61-e48f-183b-804a-1a4e2cd53981" testName="HardwareInCWANotOnWhiteList_ReplacedWithInheritance_HardwareOnWhiteList_CWAAllowed_FewerChannelsOnReplacedHardware_NewHardwareInCWA" computerName="DKSR-EFI-04" duration="00:00:00.3407135" startTime="2023-12-22T09:35:24.0380621+01:00" endTime="2023-12-22T09:35:24.3818127+01:00" testType="13cdc9d9-ddb5-4fa4-a97d-d965ccfc6d4b" outcome="Passed" testListId="8c84fa94-04c1-424b-9868-57a2d4851a1d" relativeResultsDirectory="661ce2b4-ccfa-478e-8f66-530523f2552b" />
    <UnitTestResult executionId="b169067e-35e5-421e-a18b-a0b69bef9c3c" testId="d083f726-e76b-bd25-462e-728440f48f8e" testName="HardwareInCWAOnWhiteList_ReplacedWithInheritance_HardwareOnWhiteList_MixedCWAAllowed_SomeDevicesInCWA" computerName="DKSR-EFI-04" duration="00:00:00.2542421" startTime="2023-12-22T09:35:14.7098889+01:00" endTime="2023-12-22T09:35:14.9755151+01:00" testType="13cdc9d9-ddb5-4fa4-a97d-d965ccfc6d4b" outcome="Passed" testListId="8c84fa94-04c1-424b-9868-57a2d4851a1d" relativeResultsDirectory="b169067e-35e5-421e-a18b-a0b69bef9c3c" />
    <UnitTestResult executionId="4c1a3f11-635d-4de7-a85d-8a406dcec5b0" testId="08934e2f-ac6d-55f5-5170-54ca73f76b20" testName="EvidenceLockOnOldRecorderCommandHandlerTests_OldRecV1_ConfigEdit2Rows" computerName="DKSR-EFI-04" duration="00:00:00.0192151" startTime="2023-12-22T09:36:18.7727249+01:00" endTime="2023-12-22T09:36:18.8039754+01:00" testType="13cdc9d9-ddb5-4fa4-a97d-d965ccfc6d4b" outcome="Passed" testListId="8c84fa94-04c1-424b-9868-57a2d4851a1d" relativeResultsDirectory="4c1a3f11-635d-4de7-a85d-8a406dcec5b0" />
    <UnitTestResult executionId="ebf97732-4bbb-41de-b565-a318f4156527" testId="03edf8b7-529b-2eec-d300-ba35462d6076" testName="MoveHardwareTaskCommandHandler_Execute_DeviceEvidenceLocks_BothLiveTables_BothDistributions" computerName="DKSR-EFI-04" duration="00:00:00.2436547" startTime="2023-12-22T09:36:21.7727413+01:00" endTime="2023-12-22T09:36:22.0227409+01:00" testType="13cdc9d9-ddb5-4fa4-a97d-d965ccfc6d4b" outcome="Passed" testListId="8c84fa94-04c1-424b-9868-57a2d4851a1d" relativeResultsDirectory="ebf97732-4bbb-41de-b565-a318f4156527">
      <Output>
        <StdOut>Progress: 10&#xD;
Progress: 20&#xD;
Progress: 30&#xD;
Progress: 35&#xD;
Progress: 40&#xD;
Progress: 42&#xD;
Progress: 44&#xD;
Progress: 60&#xD;
Progress: 70&#xD;
Progress: 80&#xD;
Progress: 90&#xD;
Progress: 95&#xD;
Progress: 100</StdOut>
      </Output>
    </UnitTestResult>
    <UnitTestResult executionId="c293531f-acd7-4f76-9635-4908eb93fc6e" testId="9fcf5ef0-7f22-3d90-fba9-3fdbd5d700fd" testName="ManualAutomaticActivation_ResetsAutomaticActivationFailedEvent_OnSuccess" computerName="DKSR-EFI-04" duration="00:00:00.0011855" startTime="2023-12-22T09:35:01.6316965+01:00" endTime="2023-12-22T09:35:01.6316965+01:00" testType="13cdc9d9-ddb5-4fa4-a97d-d965ccfc6d4b" outcome="Passed" testListId="8c84fa94-04c1-424b-9868-57a2d4851a1d" relativeResultsDirectory="c293531f-acd7-4f76-9635-4908eb93fc6e" />
    <UnitTestResult executionId="492e34fa-3d68-4ed0-95ff-d7377077befc" testId="bc6fa33b-84d2-33f4-a839-c3b9b827711f" testName="FilterTrackIds_ModelIsNull_BadRequestResult" computerName="DKSR-EFI-04" duration="00:00:00.0006835" startTime="2023-12-22T09:34:00.4126367+01:00" endTime="2023-12-22T09:34:00.4126367+01:00" testType="13cdc9d9-ddb5-4fa4-a97d-d965ccfc6d4b" outcome="Passed" testListId="8c84fa94-04c1-424b-9868-57a2d4851a1d" relativeResultsDirectory="492e34fa-3d68-4ed0-95ff-d7377077befc" />
    <UnitTestResult executionId="30ba004e-5210-4635-80c8-14c6fc040633" testId="fd34d79d-6a71-f6d7-434a-60dde659bbd3" testName="GenerateLicenseRequestAsXml_ExportDriverNumberFlagSet_ExportsDriverNumber_Success" computerName="DKSR-EFI-04" duration="00:00:00.2326275" startTime="2023-12-22T09:36:15.3039576+01:00" endTime="2023-12-22T09:36:15.5383328+01:00" testType="13cdc9d9-ddb5-4fa4-a97d-d965ccfc6d4b" outcome="Passed" testListId="8c84fa94-04c1-424b-9868-57a2d4851a1d" relativeResultsDirectory="30ba004e-5210-4635-80c8-14c6fc040633" />
    <UnitTestResult executionId="3bf03205-3fc3-4e23-8349-b2ac252dfd67" testId="8f61d7b7-60b9-d0ff-310b-d9cdc01b0f6a" testName="CleanUp_NoFreeClients_TimerStopped" computerName="DKSR-EFI-04" duration="00:00:00.0011292" startTime="2023-12-22T09:36:45.0072404+01:00" endTime="2023-12-22T09:36:45.0228651+01:00" testType="13cdc9d9-ddb5-4fa4-a97d-d965ccfc6d4b" outcome="Passed" testListId="8c84fa94-04c1-424b-9868-57a2d4851a1d" relativeResultsDirectory="3bf03205-3fc3-4e23-8349-b2ac252dfd67" />
    <UnitTestResult executionId="80a9eff4-8b8a-4029-a85b-32eb612da564" testId="26b06a18-7c73-310d-5067-432622a6994d" testName="AttachedRecorder_TryGetRecorderEntry_NoEntry" computerName="DKSR-EFI-04" duration="00:00:00.0006341" startTime="2023-12-22T09:33:58.1470009+01:00" endTime="2023-12-22T09:33:58.1470009+01:00" testType="13cdc9d9-ddb5-4fa4-a97d-d965ccfc6d4b" outcome="Passed" testListId="8c84fa94-04c1-424b-9868-57a2d4851a1d" relativeResultsDirectory="80a9eff4-8b8a-4029-a85b-32eb612da564" />
    <UnitTestResult executionId="80dfbed2-5266-4fda-a6f7-7eb2ab92fe52" testId="417171e9-2711-c309-cb3b-4719bde221b9" testName="CheckMsFailoverStatusCommandHandler_Execute_InvokeEventTrue_ValidResponseTwo_ShouldTrigger" computerName="DKSR-EFI-04" duration="00:00:00.0157162" startTime="2023-12-22T09:36:17.1008435+01:00" endTime="2023-12-22T09:36:17.1164665+01:00" testType="13cdc9d9-ddb5-4fa4-a97d-d965ccfc6d4b" outcome="Passed" testListId="8c84fa94-04c1-424b-9868-57a2d4851a1d" relativeResultsDirectory="80dfbed2-5266-4fda-a6f7-7eb2ab92fe52" />
    <UnitTestResult executionId="9f81a4ac-a705-4354-9242-95043d08aae8" testId="10bfeb00-de3b-c447-8d05-6723944bf16f" testName="EvidenceLockOnOldRecorderCommandHandlerTests_OldRecV1_ConfigDelete1RowExtra_Ignored" computerName="DKSR-EFI-04" duration="00:00:00.0127463" startTime="2023-12-22T09:36:19.0227267+01:00" endTime="2023-12-22T09:36:19.0383522+01:00" testType="13cdc9d9-ddb5-4fa4-a97d-d965ccfc6d4b" outcome="Passed" testListId="8c84fa94-04c1-424b-9868-57a2d4851a1d" relativeResultsDirectory="9f81a4ac-a705-4354-9242-95043d08aae8" />
    <UnitTestResult executionId="d25432cd-da44-429d-9471-f91ed9343084" testId="5006a63c-335a-e7ab-37f6-6550fc39bd41" testName="CheckMsFailoverStatusCommandHandler_Execute_DecryptionFaulty_ShouldNotTrigger" computerName="DKSR-EFI-04" duration="00:00:00.0382954" startTime="2023-12-22T09:36:17.1789656+01:00" endTime="2023-12-22T09:36:17.2258388+01:00" testType="13cdc9d9-ddb5-4fa4-a97d-d965ccfc6d4b" outcome="Passed" testListId="8c84fa94-04c1-424b-9868-57a2d4851a1d" relativeResultsDirectory="d25432cd-da44-429d-9471-f91ed9343084" />
    <UnitTestResult executionId="d510f47a-2962-4b95-8d4b-b81423ef9f46" testId="75d2b5a5-01b3-26a2-2d8d-99f4e8785b1f" testName="EvidenceLockOnOldRecorderCommandHandlerTests_OldRecV1_ConfigDelete1RowEdge_NoDistribution" computerName="DKSR-EFI-04" duration="00:00:00.0178314" startTime="2023-12-22T09:36:18.9602249+01:00" endTime="2023-12-22T09:36:18.9758496+01:00" testType="13cdc9d9-ddb5-4fa4-a97d-d965ccfc6d4b" outcome="Passed" testListId="8c84fa94-04c1-424b-9868-57a2d4851a1d" relativeResultsDirectory="d510f47a-2962-4b95-8d4b-b81423ef9f46" />
    <UnitTestResult executionId="00562747-a2b7-4715-b842-aa80ce86eecb" testId="221fd461-d9e0-38c0-74af-0b4a047e67c3" testName="UpdateLicense_AllocatesOneGraceLicense_OnSameHwOnTwoRecordingServers_WithSecondHwEmpty" computerName="DKSR-EFI-04" duration="00:00:00.1026726" startTime="2023-12-22T09:36:09.5851761+01:00" endTime="2023-12-22T09:36:09.6945521+01:00" testType="13cdc9d9-ddb5-4fa4-a97d-d965ccfc6d4b" outcome="Passed" testListId="8c84fa94-04c1-424b-9868-57a2d4851a1d" relativeResultsDirectory="00562747-a2b7-4715-b842-aa80ce86eecb" />
    <UnitTestResult executionId="3a8b435d-2975-4d34-8283-b3ddbfd54dde" testId="64c0f610-40c2-8236-7cd7-4fc9ef7634b2" testName="CurrentVersions_ModelValid_RecorderNotFoundException_Handled" computerName="DKSR-EFI-04" duration="00:00:00.0013374" startTime="2023-12-22T09:33:59.7720079+01:00" endTime="2023-12-22T09:33:59.7720079+01:00" testType="13cdc9d9-ddb5-4fa4-a97d-d965ccfc6d4b" outcome="Passed" testListId="8c84fa94-04c1-424b-9868-57a2d4851a1d" relativeResultsDirectory="3a8b435d-2975-4d34-8283-b3ddbfd54dde" />
    <UnitTestResult executionId="74535a20-3872-4705-a13e-871e1fc2f0e2" testId="4d8aa69a-0251-b3d4-14d5-6ab82a48dd2f" testName="AllocateLicenses_DisabledDevicesOnActivatedHardwareWithActivatedDevices_ShouldGoIntoGraceWhenEnabling_DisablingAndEnablingDevicesAndHardwareShouldKeepLicenseState" computerName="DKSR-EFI-04" duration="00:00:00.6312511" startTime="2023-12-22T09:35:44.0694161+01:00" endTime="2023-12-22T09:35:44.7100440+01:00" testType="13cdc9d9-ddb5-4fa4-a97d-d965ccfc6d4b" outcome="Passed" testListId="8c84fa94-04c1-424b-9868-57a2d4851a1d" relativeResultsDirectory="74535a20-3872-4705-a13e-871e1fc2f0e2" />
    <UnitTestResult executionId="e22d0dcd-344f-40f5-9728-6c0b9c88ce15" testId="30fe8b39-b2e5-cfa4-da38-ca1b17f8f253" testName="Validate_AddDeviceToCWA_WithNullDevice_ThrowsArgumentNullException" computerName="DKSR-EFI-04" duration="00:00:00.0007850" startTime="2023-12-22T09:35:59.1632455+01:00" endTime="2023-12-22T09:35:59.1632455+01:00" testType="13cdc9d9-ddb5-4fa4-a97d-d965ccfc6d4b" outcome="Passed" testListId="8c84fa94-04c1-424b-9868-57a2d4851a1d" relativeResultsDirectory="e22d0dcd-344f-40f5-9728-6c0b9c88ce15" />
    <UnitTestResult executionId="f96e1424-f99b-4ec1-b115-3b02ff78b5eb" testId="a1d0e34d-1af7-9065-c4d5-10e996a20ed2" testName="DeleteConfigurationItemCommandHandler_Execute_DeleteRecorder_With_EvidenceLockedData_NoAccept_Fails" computerName="DKSR-EFI-04" duration="00:00:00.0224750" startTime="2023-12-22T09:36:18.4445978+01:00" endTime="2023-12-22T09:36:18.4602211+01:00" testType="13cdc9d9-ddb5-4fa4-a97d-d965ccfc6d4b" outcome="Passed" testListId="8c84fa94-04c1-424b-9868-57a2d4851a1d" relativeResultsDirectory="f96e1424-f99b-4ec1-b115-3b02ff78b5eb" />
    <UnitTestResult executionId="5fccca7b-5ba4-4c0f-b4a7-aa864572ef69" testId="44b64df8-00fb-dd2c-9170-5241716ab1c5" testName="UpdateRecorderStatus_ModelIsNull_BadRequestResult" computerName="DKSR-EFI-04" duration="00:00:00.0009975" startTime="2023-12-22T09:34:01.5063915+01:00" endTime="2023-12-22T09:34:01.5063915+01:00" testType="13cdc9d9-ddb5-4fa4-a97d-d965ccfc6d4b" outcome="Passed" testListId="8c84fa94-04c1-424b-9868-57a2d4851a1d" relativeResultsDirectory="5fccca7b-5ba4-4c0f-b4a7-aa864572ef69" />
    <UnitTestResult executionId="3ccd82b0-27e4-47a2-8ab9-7318ddb941c2" testId="bdd2922d-084a-f7c1-33c0-95be80f9e839" testName="AllocateLicense_5Available_OneHardware_AlreadyLicensedInLicFile_InsufficientCameraCountInLicenseFileForHardwareCameraFeeds_1InChangesWithoutActivation_IncrementEnabledCameras" computerName="DKSR-EFI-04" duration="00:00:00.2334191" startTime="2023-12-22T09:35:39.3818896+01:00" endTime="2023-12-22T09:35:39.6162686+01:00" testType="13cdc9d9-ddb5-4fa4-a97d-d965ccfc6d4b" outcome="Passed" testListId="8c84fa94-04c1-424b-9868-57a2d4851a1d" relativeResultsDirectory="3ccd82b0-27e4-47a2-8ab9-7318ddb941c2" />
    <UnitTestResult executionId="e56e4c07-0d70-4b61-b281-8b7a7d743697" testId="214f301d-5456-578f-878e-6cb88da187c1" testName="ProcessConfigurationChangeTasks_InsertInsertInsert_Batched" computerName="DKSR-EFI-04" duration="00:00:00.1712805" startTime="2023-12-22T09:34:23.9908797+01:00" endTime="2023-12-22T09:34:24.1627556+01:00" testType="13cdc9d9-ddb5-4fa4-a97d-d965ccfc6d4b" outcome="Passed" testListId="8c84fa94-04c1-424b-9868-57a2d4851a1d" relativeResultsDirectory="e56e4c07-0d70-4b61-b281-8b7a7d743697" />
    <UnitTestResult executionId="f97d6a09-ed51-4690-af59-bc3a6b98729a" testId="6d4f6a03-ce2a-a013-df02-981c6a6b55d0" testName="DeviceLicense_AddNew_IsUpdated_SetToTrue_Success" computerName="DKSR-EFI-04" duration="00:00:00.0005563" startTime="2023-12-22T09:36:15.6789582+01:00" endTime="2023-12-22T09:36:15.6789582+01:00" testType="13cdc9d9-ddb5-4fa4-a97d-d965ccfc6d4b" outcome="Passed" testListId="8c84fa94-04c1-424b-9868-57a2d4851a1d" relativeResultsDirectory="f97d6a09-ed51-4690-af59-bc3a6b98729a" />
    <UnitTestResult executionId="215b87a9-8605-4def-aac3-daab192962cd" testId="7533a4d2-a947-dfe4-df2c-e09801226f49" testName="ErrorResponse_ModelIsNull_BadRequestResult" computerName="DKSR-EFI-04" duration="00:00:00.0006005" startTime="2023-12-22T09:34:00.8657627+01:00" endTime="2023-12-22T09:34:00.8657627+01:00" testType="13cdc9d9-ddb5-4fa4-a97d-d965ccfc6d4b" outcome="Passed" testListId="8c84fa94-04c1-424b-9868-57a2d4851a1d" relativeResultsDirectory="215b87a9-8605-4def-aac3-daab192962cd" />
    <UnitTestResult executionId="40b004fa-f076-410a-b178-5dd191a88d81" testId="1a8e2416-64f9-a52a-232d-edfa802cba93" testName="CalculateFeeds_Success_EmptyWhiteList_NotInterconnected_TwoDevices" computerName="DKSR-EFI-04" duration="00:00:00.0070889" startTime="2023-12-22T09:36:10.6164316+01:00" endTime="2023-12-22T09:36:10.6164316+01:00" testType="13cdc9d9-ddb5-4fa4-a97d-d965ccfc6d4b" outcome="Passed" testListId="8c84fa94-04c1-424b-9868-57a2d4851a1d" relativeResultsDirectory="40b004fa-f076-410a-b178-5dd191a88d81" />
    <UnitTestResult executionId="4edeea97-be9d-443e-9b97-95835db8d207" testId="7460d3c3-1e10-7e88-9e59-c77d18394bb1" testName="CheckMsFailoverStatusCommandHandler_Execute_InvokeEventTrue_InvalidResponse_ShouldNotTrigger" computerName="DKSR-EFI-04" duration="00:00:00.0278998" startTime="2023-12-22T09:36:17.1320908+01:00" endTime="2023-12-22T09:36:17.1633455+01:00" testType="13cdc9d9-ddb5-4fa4-a97d-d965ccfc6d4b" outcome="Passed" testListId="8c84fa94-04c1-424b-9868-57a2d4851a1d" relativeResultsDirectory="4edeea97-be9d-443e-9b97-95835db8d207" />
    <UnitTestResult executionId="c68d0397-b349-4e8d-99cc-4e51d8c43795" testId="1d6ac556-2a91-afc5-3b2d-3b023d07f95b" testName="DeviceDataDistributionManager_CleanupAll_GetNextResponse_Return_TimeoutResponse_NothingDeleted" computerName="DKSR-EFI-04" duration="00:00:00.0005393" startTime="2023-12-22T09:33:57.1001601+01:00" endTime="2023-12-22T09:33:57.1001601+01:00" testType="13cdc9d9-ddb5-4fa4-a97d-d965ccfc6d4b" outcome="Passed" testListId="8c84fa94-04c1-424b-9868-57a2d4851a1d" relativeResultsDirectory="c68d0397-b349-4e8d-99cc-4e51d8c43795" />
    <UnitTestResult executionId="55c63da4-9157-47f8-a278-0677740307bc" testId="5ae8cc7a-f9e8-25e4-b4bf-e53c8fe5f18e" testName="LicenseCountManager_IsHardwareLicensed_Success" computerName="DKSR-EFI-04" duration="00:00:00.0004681" startTime="2023-12-22T09:35:59.3038726+01:00" endTime="2023-12-22T09:35:59.3038726+01:00" testType="13cdc9d9-ddb5-4fa4-a97d-d965ccfc6d4b" outcome="Passed" testListId="8c84fa94-04c1-424b-9868-57a2d4851a1d" relativeResultsDirectory="55c63da4-9157-47f8-a278-0677740307bc" />
    <UnitTestResult executionId="43bd682e-d151-41d8-8d30-35f85287717e" testId="6d9f83bd-c2da-8361-c098-b8bbad456725" testName="Bug_369904_IncorrectNumberOfDevicesInGrace_WhenUpdatingLicense_WithLowerLicenseCount" computerName="DKSR-EFI-04" duration="00:00:00.3479797" startTime="2023-12-22T09:35:43.7256631+01:00" endTime="2023-12-22T09:35:44.0694161+01:00" testType="13cdc9d9-ddb5-4fa4-a97d-d965ccfc6d4b" outcome="Passed" testListId="8c84fa94-04c1-424b-9868-57a2d4851a1d" relativeResultsDirectory="43bd682e-d151-41d8-8d30-35f85287717e" />
    <UnitTestResult executionId="a2735c1b-c39b-40c9-ae0a-8451f372432c" testId="b47967dd-ebf4-c080-e70d-64c8aed86b3c" testName="Constructor_LoggerIsNull_ArgumentNullExceptionThrown" computerName="DKSR-EFI-04" duration="00:00:00.0010426" startTime="2023-12-22T09:34:00.8345128+01:00" endTime="2023-12-22T09:34:00.8345128+01:00" testType="13cdc9d9-ddb5-4fa4-a97d-d965ccfc6d4b" outcome="Passed" testListId="8c84fa94-04c1-424b-9868-57a2d4851a1d" relativeResultsDirectory="a2735c1b-c39b-40c9-ae0a-8451f372432c" />
    <UnitTestResult executionId="7834dbfd-6489-4de5-a13c-ab2f3fd2c371" testId="3697a0ce-9e18-5206-1f42-a2c445978d4a" testName="Validate_FirstGraceExpireShown_WithWhiteListedHardwareOnly_Success" computerName="DKSR-EFI-04" duration="00:00:00.0820587" startTime="2023-12-22T09:36:00.6320081+01:00" endTime="2023-12-22T09:36:00.7257546+01:00" testType="13cdc9d9-ddb5-4fa4-a97d-d965ccfc6d4b" outcome="Passed" testListId="8c84fa94-04c1-424b-9868-57a2d4851a1d" relativeResultsDirectory="7834dbfd-6489-4de5-a13c-ab2f3fd2c371" />
    <UnitTestResult executionId="f3ab20a9-38c1-433e-afb0-6075487798a5" testId="7ceb6397-bf04-45ba-93d8-edc85c11f6bd" testName="AnalyzeAndCreateAuditLogs_ModifiedSecurityPermissionsRowFromProfileNameToAlways_ReturnsOneAuditLog" computerName="DKSR-EFI-04" duration="00:00:00.0031734" startTime="2023-12-22T09:36:17.5383433+01:00" endTime="2023-12-22T09:36:17.5383433+01:00" testType="13cdc9d9-ddb5-4fa4-a97d-d965ccfc6d4b" outcome="Passed" testListId="8c84fa94-04c1-424b-9868-57a2d4851a1d" relativeResultsDirectory="f3ab20a9-38c1-433e-afb0-6075487798a5" />
    <UnitTestResult executionId="93ae8524-75f0-4d67-860f-a1daf56108d2" testId="74195eff-5c09-dd70-25cd-3848f6ae2c25" testName="ConfigurationDataSetLoader_GetConfigurationDataSetTables_Success" computerName="DKSR-EFI-04" duration="00:00:00.0010866" startTime="2023-12-22T09:36:15.8664588+01:00" endTime="2023-12-22T09:36:15.8820839+01:00" testType="13cdc9d9-ddb5-4fa4-a97d-d965ccfc6d4b" outcome="Passed" testListId="8c84fa94-04c1-424b-9868-57a2d4851a1d" relativeResultsDirectory="93ae8524-75f0-4d67-860f-a1daf56108d2" />
    <UnitTestResult executionId="2f5dfa93-f326-4af6-94de-9579045708a8" testId="71ca81f7-d4b8-7f03-ba05-0feafcaff5a8" testName="AllocateLicenses_HardwareWith20Devices5EnabledAndActivated_Enabling15Devices_ShouldGet10CWA5Unlicensed_On15LicensesAnd100PercentageCWA" computerName="DKSR-EFI-04" duration="00:00:00.1709382" startTime="2023-12-22T09:35:45.5537962+01:00" endTime="2023-12-22T09:35:45.7256744+01:00" testType="13cdc9d9-ddb5-4fa4-a97d-d965ccfc6d4b" outcome="Passed" testListId="8c84fa94-04c1-424b-9868-57a2d4851a1d" relativeResultsDirectory="2f5dfa93-f326-4af6-94de-9579045708a8" />
    <UnitTestResult executionId="d51144de-801c-42e9-8174-bfe62f8d1c2e" testId="0e3e65ea-8dcd-331d-126b-63537ab482f7" testName="AnalyzeAndCreateAuditLogs_ModifiedSecurityPermissionsDeviceRowWithSameTimeBackwards_ReturnsNoTimeBackwardAuditLog" computerName="DKSR-EFI-04" duration="00:00:00.0033177" startTime="2023-12-22T09:36:17.3664674+01:00" endTime="2023-12-22T09:36:17.3664674+01:00" testType="13cdc9d9-ddb5-4fa4-a97d-d965ccfc6d4b" outcome="Passed" testListId="8c84fa94-04c1-424b-9868-57a2d4851a1d" relativeResultsDirectory="d51144de-801c-42e9-8174-bfe62f8d1c2e" />
    <UnitTestResult executionId="6ad48c46-3024-4811-8e7f-8012b28c5578" testId="b2e31265-14ee-8e35-63db-c09f124e2cfc" testName="ReplaceHardwareTaskCommandHandler_Execute_Null_Tests" computerName="DKSR-EFI-04" duration="00:00:00.0327128" startTime="2023-12-22T09:36:27.9915247+01:00" endTime="2023-12-22T09:36:28.0227732+01:00" testType="13cdc9d9-ddb5-4fa4-a97d-d965ccfc6d4b" outcome="Passed" testListId="8c84fa94-04c1-424b-9868-57a2d4851a1d" relativeResultsDirectory="6ad48c46-3024-4811-8e7f-8012b28c5578">
      <Output>
        <StdOut>Debug Trace:&#xD;
Fail: Command/Command handler type mismatch&#xD;
Fail: The command handler expect an object that implements ICallContextInfo in the state parameter&#xD;
Fail: The command handler expect an object that implements IResponseSink in the responseSink parameter</StdOut>
      </Output>
    </UnitTestResult>
    <UnitTestResult executionId="ddbef9ee-8300-42df-a333-9fd9bac40194" testId="e3e51c5e-50dd-c6dc-bee4-23a4c897a7b9" testName="DeviceLicense_AddExistingId_ReplacesCurrentLicense_Instance" computerName="DKSR-EFI-04" duration="00:00:00.0007729" startTime="2023-12-22T09:36:15.6789582+01:00" endTime="2023-12-22T09:36:15.6789582+01:00" testType="13cdc9d9-ddb5-4fa4-a97d-d965ccfc6d4b" outcome="Passed" testListId="8c84fa94-04c1-424b-9868-57a2d4851a1d" relativeResultsDirectory="ddbef9ee-8300-42df-a333-9fd9bac40194" />
    <UnitTestResult executionId="22f0293f-2126-4fbf-b288-f81fdd255986" testId="35d82225-fcce-04ac-1c34-1cc371c17751" testName="AttachedRecorder_GetRecorderEntryFromUri_NoEntry" computerName="DKSR-EFI-04" duration="00:00:00.0007303" startTime="2023-12-22T09:33:58.1470009+01:00" endTime="2023-12-22T09:33:58.1470009+01:00" testType="13cdc9d9-ddb5-4fa4-a97d-d965ccfc6d4b" outcome="Passed" testListId="8c84fa94-04c1-424b-9868-57a2d4851a1d" relativeResultsDirectory="22f0293f-2126-4fbf-b288-f81fdd255986" />
    <UnitTestResult executionId="94fa0aff-4032-4856-a082-790086d8ac7f" testId="997ea862-6a21-039f-b6ec-723692d1b23a" testName="DeleteHardwareTaskCommandHandler_Execute_Failed_Unexpected_Response" computerName="DKSR-EFI-04" duration="00:00:00.0009126" startTime="2023-12-22T09:36:18.5227226+01:00" endTime="2023-12-22T09:36:18.5227226+01:00" testType="13cdc9d9-ddb5-4fa4-a97d-d965ccfc6d4b" outcome="Passed" testListId="8c84fa94-04c1-424b-9868-57a2d4851a1d" relativeResultsDirectory="94fa0aff-4032-4856-a082-790086d8ac7f" />
    <UnitTestResult executionId="72a3c2da-7a89-4023-9a7c-faf785d352b1" testId="375026d0-1f6d-e20f-0693-7a1919c0e7d6" testName="FindHardware_EmptyMac_Throws_ArgumentNullException" computerName="DKSR-EFI-04" duration="00:00:00.0010969" startTime="2023-12-22T09:36:15.7414569+01:00" endTime="2023-12-22T09:36:15.7570844+01:00" testType="13cdc9d9-ddb5-4fa4-a97d-d965ccfc6d4b" outcome="Passed" testListId="8c84fa94-04c1-424b-9868-57a2d4851a1d" relativeResultsDirectory="72a3c2da-7a89-4023-9a7c-faf785d352b1" />
    <UnitTestResult executionId="496ac318-6884-47d7-8406-ce3f136d4e26" testId="7d6cf279-0386-6019-0824-c59c0577de58" testName="UploadFileChunkCommandHandler_Constructor_Arguments_Null_Throws" computerName="DKSR-EFI-04" duration="00:00:00.0068318" startTime="2023-12-22T09:36:44.6947360+01:00" endTime="2023-12-22T09:36:44.7105175+01:00" testType="13cdc9d9-ddb5-4fa4-a97d-d965ccfc6d4b" outcome="Passed" testListId="8c84fa94-04c1-424b-9868-57a2d4851a1d" relativeResultsDirectory="496ac318-6884-47d7-8406-ce3f136d4e26">
      <Output>
        <StdOut>Debug Trace:&#xD;
Fail: Argument null&#xD;
Fail: Argument null</StdOut>
      </Output>
    </UnitTestResult>
    <UnitTestResult executionId="989fb709-d2ca-4d1d-bdeb-169cf59c996d" testId="f99a2604-91a6-b97b-4bbb-69bcf34588de" testName="HardwareActivatedNotOnWhiteList_ReplacedWithInheritance_HardwareNotOnWhiteList_CWAAllowed_AllDevicesInCWA" computerName="DKSR-EFI-04" duration="00:00:00.3745450" startTime="2023-12-22T09:35:05.6785909+01:00" endTime="2023-12-22T09:35:06.0535942+01:00" testType="13cdc9d9-ddb5-4fa4-a97d-d965ccfc6d4b" outcome="Passed" testListId="8c84fa94-04c1-424b-9868-57a2d4851a1d" relativeResultsDirectory="989fb709-d2ca-4d1d-bdeb-169cf59c996d" />
    <UnitTestResult executionId="be271334-a995-46b1-a573-7f8346411cae" testId="08065f33-a0f0-c3db-6aad-57d3ec2a1185" testName="AnalyzeAndCreateAuditLogs_AddedSecurityPermissionsDeviceRowWithNoTimeBackwards_ReturnsNoTimeBackwardAuditLog" computerName="DKSR-EFI-04" duration="00:00:00.0030898" startTime="2023-12-22T09:36:17.3508419+01:00" endTime="2023-12-22T09:36:17.3664674+01:00" testType="13cdc9d9-ddb5-4fa4-a97d-d965ccfc6d4b" outcome="Passed" testListId="8c84fa94-04c1-424b-9868-57a2d4851a1d" relativeResultsDirectory="be271334-a995-46b1-a573-7f8346411cae" />
    <UnitTestResult executionId="d7792391-d017-4775-9b03-34a2add51fb0" testId="8647b92b-3c20-55f1-dcb0-6bad8abfcf1a" testName="AddHardwareToRequest_UpdatesLicenseCountOnICPHardware_OnSameICPHardwareAddedTwice" computerName="DKSR-EFI-04" duration="00:00:00.0032066" startTime="2023-12-22T09:36:12.5070650+01:00" endTime="2023-12-22T09:36:12.5070650+01:00" testType="13cdc9d9-ddb5-4fa4-a97d-d965ccfc6d4b" outcome="Passed" testListId="8c84fa94-04c1-424b-9868-57a2d4851a1d" relativeResultsDirectory="d7792391-d017-4775-9b03-34a2add51fb0" />
    <UnitTestResult executionId="2e339efc-e2fa-495e-b757-26b210c7fb78" testId="9fe3c6f4-c1ea-93f9-bac9-72568655ab11" testName="TriggerEventAsGlobal_ModelIsValid_CommandExecuted" computerName="DKSR-EFI-04" duration="00:00:00.0024822" startTime="2023-12-22T09:34:01.0845126+01:00" endTime="2023-12-22T09:34:01.1001389+01:00" testType="13cdc9d9-ddb5-4fa4-a97d-d965ccfc6d4b" outcome="Passed" testListId="8c84fa94-04c1-424b-9868-57a2d4851a1d" relativeResultsDirectory="2e339efc-e2fa-495e-b757-26b210c7fb78" />
    <UnitTestResult executionId="c509f81f-581e-4c96-b120-495373b0f687" testId="04320c81-7ccf-f4d3-d4b7-3cbe736a791c" testName="LicenseCountManager_FindActiveHardwareInChangesWithoutActivation_ReturnsListOfMacs_OnActiveHardwareInChanges" computerName="DKSR-EFI-04" duration="00:00:00.0009561" startTime="2023-12-22T09:35:59.4132470+01:00" endTime="2023-12-22T09:35:59.4132470+01:00" testType="13cdc9d9-ddb5-4fa4-a97d-d965ccfc6d4b" outcome="Passed" testListId="8c84fa94-04c1-424b-9868-57a2d4851a1d" relativeResultsDirectory="c509f81f-581e-4c96-b120-495373b0f687" />
    <UnitTestResult executionId="663bf6fe-6965-4bd3-bd21-ddba4beae018" testId="6455e186-afd0-ed2c-2940-e86bf92fc908" testName="CheckForAutomaticActivationTrigger_ReturnsTrue_OnAddedDevice" computerName="DKSR-EFI-04" duration="00:00:00.0025563" startTime="2023-12-22T09:36:16.1320842+01:00" endTime="2023-12-22T09:36:16.1477086+01:00" testType="13cdc9d9-ddb5-4fa4-a97d-d965ccfc6d4b" outcome="Passed" testListId="8c84fa94-04c1-424b-9868-57a2d4851a1d" relativeResultsDirectory="663bf6fe-6965-4bd3-bd21-ddba4beae018" />
    <UnitTestResult executionId="2fa1dc5f-9e43-49a1-9144-09584cffd51c" testId="d4bdc929-2aa7-ca01-4fc2-912ac3e1f0f6" testName="HardwareInCWANotOnWhiteList_ZeroChannels_ReplacedWith_HardwareNotOnWhiteList_WithChannels_NoMoreCWAAllowed_NewDevicesInGrace" computerName="DKSR-EFI-04" duration="00:00:00.4068787" startTime="2023-12-22T09:35:30.9443496+01:00" endTime="2023-12-22T09:35:31.3506005+01:00" testType="13cdc9d9-ddb5-4fa4-a97d-d965ccfc6d4b" outcome="Passed" testListId="8c84fa94-04c1-424b-9868-57a2d4851a1d" relativeResultsDirectory="2fa1dc5f-9e43-49a1-9144-09584cffd51c" />
    <UnitTestResult executionId="3d348ef6-2216-409b-bd92-f02b88092e95" testId="b7284f39-1e13-1b11-94e6-c4500bbe2f3d" testName="CheckConfigurationDataSet_AAC_Device_NoAACSetting_NotLicensed_Sucess" computerName="DKSR-EFI-04" duration="00:00:00.0040057" startTime="2023-12-22T09:35:59.6163815+01:00" endTime="2023-12-22T09:35:59.6163815+01:00" testType="13cdc9d9-ddb5-4fa4-a97d-d965ccfc6d4b" outcome="Passed" testListId="8c84fa94-04c1-424b-9868-57a2d4851a1d" relativeResultsDirectory="3d348ef6-2216-409b-bd92-f02b88092e95" />
    <UnitTestResult executionId="9853f7fe-7f0a-433c-bc03-7cd2e56a49b6" testId="f499f5ec-ad18-8304-64bd-c766451387c9" testName="ProgressResponse_ModelIsNull_BadRequestResult" computerName="DKSR-EFI-04" duration="00:00:00.0005624" startTime="2023-12-22T09:34:00.9126387+01:00" endTime="2023-12-22T09:34:00.9126387+01:00" testType="13cdc9d9-ddb5-4fa4-a97d-d965ccfc6d4b" outcome="Passed" testListId="8c84fa94-04c1-424b-9868-57a2d4851a1d" relativeResultsDirectory="9853f7fe-7f0a-433c-bc03-7cd2e56a49b6" />
    <UnitTestResult executionId="9b3e45d1-6361-42e2-b7da-9136c9cbfa99" testId="62e292ec-1e8c-b43c-455e-5da98455edd0" testName="UpdateHardwareTaskCommandHandler_Execute_HeartBeat_Exception_Tests" computerName="DKSR-EFI-04" duration="00:00:00.0146473" startTime="2023-12-22T09:36:43.9134864+01:00" endTime="2023-12-22T09:36:43.9291101+01:00" testType="13cdc9d9-ddb5-4fa4-a97d-d965ccfc6d4b" outcome="Passed" testListId="8c84fa94-04c1-424b-9868-57a2d4851a1d" relativeResultsDirectory="9b3e45d1-6361-42e2-b7da-9136c9cbfa99" />
    <UnitTestResult executionId="0b185e3a-ca55-4ba2-bbe0-928a9282cc78" testId="6c06ec30-8e7b-3e0a-7efc-a9ce0b560817" testName="ConfigurationDataSetLoader_GetHostedHardwareByIds_Success" computerName="DKSR-EFI-04" duration="00:00:00.0011315" startTime="2023-12-22T09:36:15.9445832+01:00" endTime="2023-12-22T09:36:15.9445832+01:00" testType="13cdc9d9-ddb5-4fa4-a97d-d965ccfc6d4b" outcome="Passed" testListId="8c84fa94-04c1-424b-9868-57a2d4851a1d" relativeResultsDirectory="0b185e3a-ca55-4ba2-bbe0-928a9282cc78" />
    <UnitTestResult executionId="b7b56f9f-d689-49fb-ae16-7230a264f5be" testId="235a6a97-15ca-0bdb-be3c-2d790318c044" testName="Simulate_ActivatedICPHardware_VariousDevices_DisableAndEnable_CountsCorrectly_AllocatesCorrectRecorderLicenseType" computerName="DKSR-EFI-04" duration="00:00:00.1479376" startTime="2023-12-22T09:35:51.8507071+01:00" endTime="2023-12-22T09:35:52.0069581+01:00" testType="13cdc9d9-ddb5-4fa4-a97d-d965ccfc6d4b" outcome="Passed" testListId="8c84fa94-04c1-424b-9868-57a2d4851a1d" relativeResultsDirectory="b7b56f9f-d689-49fb-ae16-7230a264f5be" />
    <UnitTestResult executionId="df076644-3e9a-4d0e-9e89-106c556c0679" testId="95ef2841-25eb-f0ae-10b5-380cc89d18bd" testName="DeviceDataDistributionManager_CleanupAll_DeleteFromDbThrowsSqlException_Handled" computerName="DKSR-EFI-04" duration="00:00:00.0006911" startTime="2023-12-22T09:33:57.1313701+01:00" endTime="2023-12-22T09:33:57.1313701+01:00" testType="13cdc9d9-ddb5-4fa4-a97d-d965ccfc6d4b" outcome="Passed" testListId="8c84fa94-04c1-424b-9868-57a2d4851a1d" relativeResultsDirectory="df076644-3e9a-4d0e-9e89-106c556c0679" />
    <UnitTestResult executionId="838450f5-ed2a-41e3-81c5-c0467a1b32b4" testId="19b8fb75-bad4-0c47-ee29-f0116aae5991" testName="ConfigurationDataSetLoader_GetHostingServersByIds_Success" computerName="DKSR-EFI-04" duration="00:00:00.0008483" startTime="2023-12-22T09:36:15.9445832+01:00" endTime="2023-12-22T09:36:15.9445832+01:00" testType="13cdc9d9-ddb5-4fa4-a97d-d965ccfc6d4b" outcome="Passed" testListId="8c84fa94-04c1-424b-9868-57a2d4851a1d" relativeResultsDirectory="838450f5-ed2a-41e3-81c5-c0467a1b32b4" />
    <UnitTestResult executionId="850d4a8f-935d-4dbb-a061-bb663b8d0585" testId="b93ee5ca-fd7e-91c3-bf76-e44e5c17689d" testName="RegisterRecorder_NotCompatible_ReturnsOKCompatible" computerName="DKSR-EFI-04" duration="00:00:00.0014143" startTime="2023-12-22T09:34:01.2720135+01:00" endTime="2023-12-22T09:34:01.2720135+01:00" testType="13cdc9d9-ddb5-4fa4-a97d-d965ccfc6d4b" outcome="Passed" testListId="8c84fa94-04c1-424b-9868-57a2d4851a1d" relativeResultsDirectory="850d4a8f-935d-4dbb-a061-bb663b8d0585" />
    <UnitTestResult executionId="cd1f21c2-1124-4e2b-abec-8709eb1fa9cd" testId="88ef3b12-90e0-b60b-d906-a863d11fe7c1" testName="ToXml_HasLicenseReportInformationSectionWithRightInformation_OnNotDefaultConstruction" computerName="DKSR-EFI-04" duration="00:00:00.0030210" startTime="2023-12-22T09:35:59.7413740+01:00" endTime="2023-12-22T09:35:59.7569994+01:00" testType="13cdc9d9-ddb5-4fa4-a97d-d965ccfc6d4b" outcome="Passed" testListId="8c84fa94-04c1-424b-9868-57a2d4851a1d" relativeResultsDirectory="cd1f21c2-1124-4e2b-abec-8709eb1fa9cd" />
    <UnitTestResult executionId="aeb75e54-4889-4ee5-b0a9-0e66db33bdfa" testId="5e6ee627-d20a-4489-b816-e16d760e3fac" testName="OnException_NotSupportedByLegacyRecorderException_ReponseIsSetAsBadRequest" computerName="DKSR-EFI-04" duration="00:00:00.1611899" startTime="2023-12-22T09:34:00.6626359+01:00" endTime="2023-12-22T09:34:00.8345128+01:00" testType="13cdc9d9-ddb5-4fa4-a97d-d965ccfc6d4b" outcome="Passed" testListId="8c84fa94-04c1-424b-9868-57a2d4851a1d" relativeResultsDirectory="aeb75e54-4889-4ee5-b0a9-0e66db33bdfa" />
    <UnitTestResult executionId="01f1aaad-bbbe-4a64-a6d3-274e5080ba2e" testId="171856fa-1167-5209-7892-35844f4128ab" testName="HardwareSetupErrorResponse_ModelIsNull_BadRequestResult" computerName="DKSR-EFI-04" duration="00:00:00.0005744" startTime="2023-12-22T09:34:00.9907639+01:00" endTime="2023-12-22T09:34:00.9907639+01:00" testType="13cdc9d9-ddb5-4fa4-a97d-d965ccfc6d4b" outcome="Passed" testListId="8c84fa94-04c1-424b-9868-57a2d4851a1d" relativeResultsDirectory="01f1aaad-bbbe-4a64-a6d3-274e5080ba2e" />
    <UnitTestResult executionId="79295363-b176-4f68-a328-1996aa03dc3f" testId="0119f047-ba3a-5814-21f1-69cbc5505a00" testName="AttachedRecorder_UnRegister_Success" computerName="DKSR-EFI-04" duration="00:00:00.0007305" startTime="2023-12-22T09:33:58.1157510+01:00" endTime="2023-12-22T09:33:58.1157510+01:00" testType="13cdc9d9-ddb5-4fa4-a97d-d965ccfc6d4b" outcome="Passed" testListId="8c84fa94-04c1-424b-9868-57a2d4851a1d" relativeResultsDirectory="79295363-b176-4f68-a328-1996aa03dc3f" />
    <UnitTestResult executionId="1d73d3b7-beb0-44bd-ab6c-f52d2c23ce6c" testId="0041bc30-654c-1090-f6ad-03a3662d3113" testName="DeleteHardwareUserCommandHandler_Execute_ReturnsFailResponseOnEmptyRecorderServiceId" computerName="DKSR-EFI-04" duration="00:00:00.0008672" startTime="2023-12-22T09:36:18.5539737+01:00" endTime="2023-12-22T09:36:18.5695985+01:00" testType="13cdc9d9-ddb5-4fa4-a97d-d965ccfc6d4b" outcome="Passed" testListId="8c84fa94-04c1-424b-9868-57a2d4851a1d" relativeResultsDirectory="1d73d3b7-beb0-44bd-ab6c-f52d2c23ce6c" />
    <UnitTestResult executionId="8556fc9a-f517-48f6-8f93-67f232f450bb" testId="3ee6cc10-3fc3-7952-4a1d-d7dd515e38c3" testName="HardwareScanTaskCommandHandler_Clone_Returns_Same_Reference" computerName="DKSR-EFI-04" duration="00:00:00.0008394" startTime="2023-12-22T09:36:20.0539812+01:00" endTime="2023-12-22T09:36:20.0539812+01:00" testType="13cdc9d9-ddb5-4fa4-a97d-d965ccfc6d4b" outcome="Passed" testListId="8c84fa94-04c1-424b-9868-57a2d4851a1d" relativeResultsDirectory="8556fc9a-f517-48f6-8f93-67f232f450bb" />
    <UnitTestResult executionId="39ce844d-5a39-4d96-bed0-206b62d4af86" testId="724c40a1-3beb-007d-8a74-be9fcfb48cb2" testName="LicenseHardwareRow_Validate_DeletedRowCanBeReinstated_ChangesNotAccepted_Success" computerName="DKSR-EFI-04" duration="00:00:00.0012902" startTime="2023-12-22T09:35:59.4601233+01:00" endTime="2023-12-22T09:35:59.4601233+01:00" testType="13cdc9d9-ddb5-4fa4-a97d-d965ccfc6d4b" outcome="Passed" testListId="8c84fa94-04c1-424b-9868-57a2d4851a1d" relativeResultsDirectory="39ce844d-5a39-4d96-bed0-206b62d4af86" />
    <UnitTestResult executionId="46c5fe45-24e7-4f39-b18a-fce7863936b5" testId="db90267e-1133-e177-59c5-fc43acc05aec" testName="ConfigurationDataSetLoader_GetDeviceRecorderPluginsByDeviceId_Success" computerName="DKSR-EFI-04" duration="00:00:00.0009681" startTime="2023-12-22T09:36:15.8977082+01:00" endTime="2023-12-22T09:36:15.8977082+01:00" testType="13cdc9d9-ddb5-4fa4-a97d-d965ccfc6d4b" outcome="Passed" testListId="8c84fa94-04c1-424b-9868-57a2d4851a1d" relativeResultsDirectory="46c5fe45-24e7-4f39-b18a-fce7863936b5" />
    <UnitTestResult executionId="c97c8a7a-a2e4-4c84-b542-40dc483cc4d9" testId="788399bd-9b38-c432-7e4a-52602c4871ea" testName="EvidenceLockOnOldRecorderCommandHandlerTests_OldRecV1_ConfigAdd2Rows" computerName="DKSR-EFI-04" duration="00:00:00.0371191" startTime="2023-12-22T09:36:18.7414776+01:00" endTime="2023-12-22T09:36:18.7727249+01:00" testType="13cdc9d9-ddb5-4fa4-a97d-d965ccfc6d4b" outcome="Passed" testListId="8c84fa94-04c1-424b-9868-57a2d4851a1d" relativeResultsDirectory="c97c8a7a-a2e4-4c84-b542-40dc483cc4d9" />
    <UnitTestResult executionId="1d64720a-4611-4beb-b0d0-0f357bd75222" testId="698f55e3-ba67-c8d6-05d5-1077a48743c7" testName="HardwareScanTaskCommandHandler_Execute_RecorderUnavailable_FailResponse" computerName="DKSR-EFI-04" duration="00:00:00.0010451" startTime="2023-12-22T09:36:20.1477336+01:00" endTime="2023-12-22T09:36:20.1477336+01:00" testType="13cdc9d9-ddb5-4fa4-a97d-d965ccfc6d4b" outcome="Passed" testListId="8c84fa94-04c1-424b-9868-57a2d4851a1d" relativeResultsDirectory="1d64720a-4611-4beb-b0d0-0f357bd75222" />
    <UnitTestResult executionId="bbf57984-4be1-4dd8-a4b9-b4f3c04187d1" testId="968432fe-0f19-fd21-c7d7-2d112c002911" testName="LicenseCountManager_FindHardwareInGrace_ReturnsListOfMac_OnHardwareInGrace" computerName="DKSR-EFI-04" duration="00:00:00.0009204" startTime="2023-12-22T09:35:59.4132470+01:00" endTime="2023-12-22T09:35:59.4132470+01:00" testType="13cdc9d9-ddb5-4fa4-a97d-d965ccfc6d4b" outcome="Passed" testListId="8c84fa94-04c1-424b-9868-57a2d4851a1d" relativeResultsDirectory="bbf57984-4be1-4dd8-a4b9-b4f3c04187d1" />
    <UnitTestResult executionId="5838fd72-fc2e-431c-b84d-2fd7508e4826" testId="6e2eff38-594f-7e40-a4bc-55cf23d64c17" testName="HardwareInCWANotOnWhiteList_ReplacedWithNoInheritance_HardwareNotOnWhiteList_MixedCWAAllowed_MoreChannelsOnReplacedHardware_SomeDevicesInCWA" computerName="DKSR-EFI-04" duration="00:00:00.2247538" startTime="2023-12-22T09:35:25.5224442+01:00" endTime="2023-12-22T09:35:25.7568182+01:00" testType="13cdc9d9-ddb5-4fa4-a97d-d965ccfc6d4b" outcome="Passed" testListId="8c84fa94-04c1-424b-9868-57a2d4851a1d" relativeResultsDirectory="5838fd72-fc2e-431c-b84d-2fd7508e4826" />
    <UnitTestResult executionId="b7dd0736-fb4f-481a-84b4-88a5902bfcdc" testId="301c0570-9568-31b5-139e-04af498bd6d4" testName="RecorderTaskSuccess_RecorderNotFoundException_Handled" computerName="DKSR-EFI-04" duration="00:00:00.0006879" startTime="2023-12-22T09:34:00.5220098+01:00" endTime="2023-12-22T09:34:00.5220098+01:00" testType="13cdc9d9-ddb5-4fa4-a97d-d965ccfc6d4b" outcome="Passed" testListId="8c84fa94-04c1-424b-9868-57a2d4851a1d" relativeResultsDirectory="b7dd0736-fb4f-481a-84b4-88a5902bfcdc" />
    <UnitTestResult executionId="2a42b2b0-b46c-43db-aaa6-e04569844586" testId="45bfd892-7f6f-30af-fe3f-230ce4ba5dff" testName="AllocateLicenses_NotActivated_OnFourHardwareAndFiveCameraChannels_ThreeGraceTwoExpiredLicenses" computerName="DKSR-EFI-04" duration="00:00:00.0821693" startTime="2023-12-22T09:35:36.9600063+01:00" endTime="2023-12-22T09:35:37.0381292+01:00" testType="13cdc9d9-ddb5-4fa4-a97d-d965ccfc6d4b" outcome="Passed" testListId="8c84fa94-04c1-424b-9868-57a2d4851a1d" relativeResultsDirectory="2a42b2b0-b46c-43db-aaa6-e04569844586" />
    <UnitTestResult executionId="482316ec-4873-4206-b856-9e30b5b0bffe" testId="6b6a2802-04b4-060c-cd24-510720c0c11a" testName="CreateLicenseInformationXml_Has10ICP_On1ICPHardwareWith10EnabledCameras1DisabledCamera" computerName="DKSR-EFI-04" duration="00:00:00.0357866" startTime="2023-12-22T09:36:00.1788776+01:00" endTime="2023-12-22T09:36:00.2257543+01:00" testType="13cdc9d9-ddb5-4fa4-a97d-d965ccfc6d4b" outcome="Passed" testListId="8c84fa94-04c1-424b-9868-57a2d4851a1d" relativeResultsDirectory="482316ec-4873-4206-b856-9e30b5b0bffe">
      <Output>
        <StdOut>Debug Trace:&#xD;
Fail: Attribute value invalid. 'Index'&#xD;
Fail: Attribute value invalid. 'Index'&#xD;
Fail: Attribute value invalid. 'Index'&#xD;
Fail: Attribute value invalid. 'Index'&#xD;
Fail: Attribute value invalid. 'Index'&#xD;
Fail: Attribute value invalid. 'Index'&#xD;
Fail: Attribute value invalid. 'Index'&#xD;
Fail: Attribute value invalid. 'Index'&#xD;
Fail: Attribute value invalid. 'Index'&#xD;
Fail: Attribute value invalid. 'Index'</StdOut>
      </Output>
    </UnitTestResult>
    <UnitTestResult executionId="831971ea-3598-40cb-be2f-4892193a8bfa" testId="df70ed32-006d-5c93-6db8-327bf848aec2" testName="ValidateCounts_AddLicensesForMixedHardwareAndChannels_EnsureCountCorrect" computerName="DKSR-EFI-04" duration="00:00:00.0015349" startTime="2023-12-22T09:35:59.1632455+01:00" endTime="2023-12-22T09:35:59.1632455+01:00" testType="13cdc9d9-ddb5-4fa4-a97d-d965ccfc6d4b" outcome="Passed" testListId="8c84fa94-04c1-424b-9868-57a2d4851a1d" relativeResultsDirectory="831971ea-3598-40cb-be2f-4892193a8bfa" />
    <UnitTestResult executionId="4dc9e3c5-4dc8-4ad6-921c-796cb3a25443" testId="5b005db0-dbda-6e84-dc97-4d7a85295d97" testName="CreateLicenseRequest_NoMIPPluginsLicenseRequests" computerName="DKSR-EFI-04" duration="00:00:00.1952009" startTime="2023-12-22T09:36:07.5070417+01:00" endTime="2023-12-22T09:36:07.7101678+01:00" testType="13cdc9d9-ddb5-4fa4-a97d-d965ccfc6d4b" outcome="Passed" testListId="8c84fa94-04c1-424b-9868-57a2d4851a1d" relativeResultsDirectory="4dc9e3c5-4dc8-4ad6-921c-796cb3a25443" />
    <UnitTestResult executionId="820c7754-bc37-4783-9ba3-e4f9f72d8606" testId="26e57da1-ba9d-0191-a3ee-e3418eb18c93" testName="LicenseCountManager_CameraFeed_GetFirstCameraFeedDeviceIndex_NonExisting_InvalidOperationException" computerName="DKSR-EFI-04" duration="00:00:00.0024326" startTime="2023-12-22T09:35:59.3351223+01:00" endTime="2023-12-22T09:35:59.3351223+01:00" testType="13cdc9d9-ddb5-4fa4-a97d-d965ccfc6d4b" outcome="Passed" testListId="8c84fa94-04c1-424b-9868-57a2d4851a1d" relativeResultsDirectory="820c7754-bc37-4783-9ba3-e4f9f72d8606" />
    <UnitTestResult executionId="f72181b3-4677-4079-b2bb-1d0f169217f9" testId="6d995983-4316-087a-3734-5dd9411b2f2b" testName="UpdateHardwareTaskCommandHandler_Execute_Updated_Tests" computerName="DKSR-EFI-04" duration="00:00:00.0288459" startTime="2023-12-22T09:36:44.1009859+01:00" endTime="2023-12-22T09:36:44.1322362+01:00" testType="13cdc9d9-ddb5-4fa4-a97d-d965ccfc6d4b" outcome="Passed" testListId="8c84fa94-04c1-424b-9868-57a2d4851a1d" relativeResultsDirectory="f72181b3-4677-4079-b2bb-1d0f169217f9" />
    <UnitTestResult executionId="55f54b88-37c3-41f3-a64c-1ec3311faa61" testId="beb6575d-08cd-36cd-5b78-91b38c011b4e" testName="ChangeHardwarePasswordRuleAction_Execute_HardwareQueryFail_NoCompletedEventsTriggered" computerName="DKSR-EFI-04" duration="00:00:10.1049874" startTime="2023-12-22T09:34:32.7565493+01:00" endTime="2023-12-22T09:34:42.8659763+01:00" testType="13cdc9d9-ddb5-4fa4-a97d-d965ccfc6d4b" outcome="Passed" testListId="8c84fa94-04c1-424b-9868-57a2d4851a1d" relativeResultsDirectory="55f54b88-37c3-41f3-a64c-1ec3311faa61" />
    <UnitTestResult executionId="238d6230-084b-4db2-99f2-1e6f3f4c9a58" testId="00784323-e8f7-063b-bb41-8b963c2c917c" testName="UpdateHardwareTaskCommandHandler_Execute_HeartBeat_RecorderNotSupported_Tests" computerName="DKSR-EFI-04" duration="00:00:00.0170227" startTime="2023-12-22T09:36:43.8978594+01:00" endTime="2023-12-22T09:36:43.9134864+01:00" testType="13cdc9d9-ddb5-4fa4-a97d-d965ccfc6d4b" outcome="Passed" testListId="8c84fa94-04c1-424b-9868-57a2d4851a1d" relativeResultsDirectory="238d6230-084b-4db2-99f2-1e6f3f4c9a58" />
    <UnitTestResult executionId="9551c9c2-18f6-4534-9fcf-0af989dae0c0" testId="3e28fa62-1907-2d83-45a9-ed0d624cb343" testName="LicenseCountManager_IsHardwareWithoutEnabledCamerasLicensed_ReturnsFalse_WhenAddLicensedHardwareNotCalledFirst" computerName="DKSR-EFI-04" duration="00:00:00.0002680" startTime="2023-12-22T09:35:59.2257492+01:00" endTime="2023-12-22T09:35:59.2257492+01:00" testType="13cdc9d9-ddb5-4fa4-a97d-d965ccfc6d4b" outcome="Passed" testListId="8c84fa94-04c1-424b-9868-57a2d4851a1d" relativeResultsDirectory="9551c9c2-18f6-4534-9fcf-0af989dae0c0" />
    <UnitTestResult executionId="3f3e94b4-86b6-4496-b0e1-6771330d2ec6" testId="b14f960a-5692-5365-6f95-7278ee7ee4f3" testName="UpdateRecorderStatusData_ModelIsValid_CommandExecuted" computerName="DKSR-EFI-04" duration="00:00:00.0006041" startTime="2023-12-22T09:34:00.3813854+01:00" endTime="2023-12-22T09:34:00.3813854+01:00" testType="13cdc9d9-ddb5-4fa4-a97d-d965ccfc6d4b" outcome="Passed" testListId="8c84fa94-04c1-424b-9868-57a2d4851a1d" relativeResultsDirectory="3f3e94b4-86b6-4496-b0e1-6771330d2ec6" />
    <UnitTestResult executionId="8f2a4943-0153-40fb-bd7f-ada5e1b8bea3" testId="334cf599-d2a3-9075-1065-d417fa8f74fb" testName="CheckConfigurationDataSetTest_FailoverLicensedSuccess" computerName="DKSR-EFI-04" duration="00:00:00.0021548" startTime="2023-12-22T09:35:59.6476229+01:00" endTime="2023-12-22T09:35:59.6476229+01:00" testType="13cdc9d9-ddb5-4fa4-a97d-d965ccfc6d4b" outcome="Passed" testListId="8c84fa94-04c1-424b-9868-57a2d4851a1d" relativeResultsDirectory="8f2a4943-0153-40fb-bd7f-ada5e1b8bea3" />
    <UnitTestResult executionId="a4117fc1-c14b-4928-845a-d1a60c107eb2" testId="0e465eda-53ff-08d9-e6a5-a484edda258a" testName="CheckConfigurationDataSet_AAC_Hardware_WithAACSetting_Licensed_Success" computerName="DKSR-EFI-04" duration="00:00:00.0045657" startTime="2023-12-22T09:35:59.6007501+01:00" endTime="2023-12-22T09:35:59.6163815+01:00" testType="13cdc9d9-ddb5-4fa4-a97d-d965ccfc6d4b" outcome="Passed" testListId="8c84fa94-04c1-424b-9868-57a2d4851a1d" relativeResultsDirectory="a4117fc1-c14b-4928-845a-d1a60c107eb2" />
    <UnitTestResult executionId="873f8006-7b25-4d46-b115-9a51ae1cb5bc" testId="12c1febd-365e-e38e-337b-29b6941fe508" testName="UpdateHardwareTaskCommandHandler_Apply_Exception_Tests" computerName="DKSR-EFI-04" duration="00:00:00.0487632" startTime="2023-12-22T09:36:44.3041118+01:00" endTime="2023-12-22T09:36:44.3509863+01:00" testType="13cdc9d9-ddb5-4fa4-a97d-d965ccfc6d4b" outcome="Passed" testListId="8c84fa94-04c1-424b-9868-57a2d4851a1d" relativeResultsDirectory="873f8006-7b25-4d46-b115-9a51ae1cb5bc" />
    <UnitTestResult executionId="50a67327-0cb6-4eac-98e9-add2feacb0b6" testId="0c83eacf-f73a-55e5-c6ed-112644425217" testName="GenerateLicenseRequestAsXml_Success_With1DeviceCompletelyDisabledAnd2EnabledCameras_ValidLicenseWithEmptyWhiteList" computerName="DKSR-EFI-04" duration="00:00:00.0908717" startTime="2023-12-22T09:36:12.0226874+01:00" endTime="2023-12-22T09:36:12.1164389+01:00" testType="13cdc9d9-ddb5-4fa4-a97d-d965ccfc6d4b" outcome="Passed" testListId="8c84fa94-04c1-424b-9868-57a2d4851a1d" relativeResultsDirectory="50a67327-0cb6-4eac-98e9-add2feacb0b6" />
    <UnitTestResult executionId="d8f0e285-e1a7-4d7e-828f-8d7b9fbb8aa9" testId="4df85b45-2abf-d8a4-fb1b-37a82d24219f" testName="ExecuteRuleActionCommand_ModelIsNull_BadRequestResult" computerName="DKSR-EFI-04" duration="00:00:00.0014409" startTime="2023-12-22T09:34:00.4126367+01:00" endTime="2023-12-22T09:34:00.4282634+01:00" testType="13cdc9d9-ddb5-4fa4-a97d-d965ccfc6d4b" outcome="Passed" testListId="8c84fa94-04c1-424b-9868-57a2d4851a1d" relativeResultsDirectory="d8f0e285-e1a7-4d7e-828f-8d7b9fbb8aa9" />
    <UnitTestResult executionId="3a52321b-c340-40e5-97ba-22f6708bb079" testId="782c7fa3-007b-fade-1761-8d52da076770" testName="RecorderController_InvalidRecorder_NotFoundResult" computerName="DKSR-EFI-04" duration="00:00:00.0018593" startTime="2023-12-22T09:34:00.3501374+01:00" endTime="2023-12-22T09:34:00.3657613+01:00" testType="13cdc9d9-ddb5-4fa4-a97d-d965ccfc6d4b" outcome="Passed" testListId="8c84fa94-04c1-424b-9868-57a2d4851a1d" relativeResultsDirectory="3a52321b-c340-40e5-97ba-22f6708bb079" />
    <UnitTestResult executionId="138b7bf3-ed0e-48ce-9198-469b75ab3be2" testId="f98abc3d-0528-176f-d197-4885de4ff4f2" testName="ChannelLicenseCountManager_CameraFeed_GetFirstCameraFeedDeviceIndex_NonExisting_InvalidOperationException" computerName="DKSR-EFI-04" duration="00:00:00.0010752" startTime="2023-12-22T09:35:59.0226210+01:00" endTime="2023-12-22T09:35:59.0226210+01:00" testType="13cdc9d9-ddb5-4fa4-a97d-d965ccfc6d4b" outcome="Passed" testListId="8c84fa94-04c1-424b-9868-57a2d4851a1d" relativeResultsDirectory="138b7bf3-ed0e-48ce-9198-469b75ab3be2" />
    <UnitTestResult executionId="2ecf7a74-6b34-4061-b923-5fe463bb0182" testId="1a160085-e2e0-6b05-b0a8-e0baf69c094c" testName="Validate_ClearChangesWithoutActivation_RemovesSomeHardwareAndDevices" computerName="DKSR-EFI-04" duration="00:00:00.0019153" startTime="2023-12-22T09:35:59.1788717+01:00" endTime="2023-12-22T09:35:59.1788717+01:00" testType="13cdc9d9-ddb5-4fa4-a97d-d965ccfc6d4b" outcome="Passed" testListId="8c84fa94-04c1-424b-9868-57a2d4851a1d" relativeResultsDirectory="2ecf7a74-6b34-4061-b923-5fe463bb0182" />
    <UnitTestResult executionId="97f7798f-59ef-45a1-8ed4-8a3bfd19df84" testId="c6bc8554-7927-00e2-a7fa-0b3a3c2b4aa2" testName="RecorderLicense_ConfirmCount_AfterRemoveExistingLicense_Success" computerName="DKSR-EFI-04" duration="00:00:00.0014053" startTime="2023-12-22T09:36:15.6164560+01:00" endTime="2023-12-22T09:36:15.6164560+01:00" testType="13cdc9d9-ddb5-4fa4-a97d-d965ccfc6d4b" outcome="Passed" testListId="8c84fa94-04c1-424b-9868-57a2d4851a1d" relativeResultsDirectory="97f7798f-59ef-45a1-8ed4-8a3bfd19df84" />
    <UnitTestResult executionId="5721359e-df77-497b-b3cf-5cc5bff74bbc" testId="97773405-841d-7bf6-7af2-4e83b4a3e91f" testName="Ctor_TimerNull_ThrowsArgumentNullException" computerName="DKSR-EFI-04" duration="00:00:00.0077577" startTime="2023-12-22T09:34:53.9129066+01:00" endTime="2023-12-22T09:34:53.9285310+01:00" testType="13cdc9d9-ddb5-4fa4-a97d-d965ccfc6d4b" outcome="Passed" testListId="8c84fa94-04c1-424b-9868-57a2d4851a1d" relativeResultsDirectory="5721359e-df77-497b-b3cf-5cc5bff74bbc" />
    <UnitTestResult executionId="a6140314-7e55-4d70-9333-41c32f930b9f" testId="13d6c6ea-6f28-258a-8efb-eced0787e5fb" testName="ExecuteMipAction2Command_ModelIsValid_CommandExecuted" computerName="DKSR-EFI-04" duration="00:00:00.0027311" startTime="2023-12-22T09:34:00.4438847+01:00" endTime="2023-12-22T09:34:00.4595111+01:00" testType="13cdc9d9-ddb5-4fa4-a97d-d965ccfc6d4b" outcome="Passed" testListId="8c84fa94-04c1-424b-9868-57a2d4851a1d" relativeResultsDirectory="a6140314-7e55-4d70-9333-41c32f930b9f" />
    <UnitTestResult executionId="5f253f6a-db07-49b6-b1cb-812d17b5354a" testId="e3ed273d-3df0-19ef-9d2e-f52cf7e59969" testName="DeleteHardwareTaskCommandHandler_Clone_Returns_Same_Reference" computerName="DKSR-EFI-04" duration="00:00:00.0010913" startTime="2023-12-22T09:36:18.4758473+01:00" endTime="2023-12-22T09:36:18.4758473+01:00" testType="13cdc9d9-ddb5-4fa4-a97d-d965ccfc6d4b" outcome="Passed" testListId="8c84fa94-04c1-424b-9868-57a2d4851a1d" relativeResultsDirectory="5f253f6a-db07-49b6-b1cb-812d17b5354a" />
    <UnitTestResult executionId="8092f841-fe55-4ace-92d7-9a15b8210bdf" testId="f560dcde-067b-0afa-0fd6-a7ba27afdf2f" testName="UpdateHardwareDriverCommandHandler_Execute_Arguments_Null_Throws" computerName="DKSR-EFI-04" duration="00:00:00.0030194" startTime="2023-12-22T09:36:43.1322298+01:00" endTime="2023-12-22T09:36:43.1322298+01:00" testType="13cdc9d9-ddb5-4fa4-a97d-d965ccfc6d4b" outcome="Passed" testListId="8c84fa94-04c1-424b-9868-57a2d4851a1d" relativeResultsDirectory="8092f841-fe55-4ace-92d7-9a15b8210bdf">
      <Output>
        <StdOut>Debug Trace:&#xD;
Fail: Command/Command handler type mismatch&#xD;
Fail: The command handler expect an object that implements ICallContextInfo in the state parameter&#xD;
Fail: Argument null.</StdOut>
      </Output>
    </UnitTestResult>
    <UnitTestResult executionId="c84a8a14-c9c3-4227-8513-fb348918327e" testId="6201ea97-2bf0-08d4-044e-b1f01d26de68" testName="CreateLicenseRequest_ThrowsNotSupportedException_OnNullDocument" computerName="DKSR-EFI-04" duration="00:00:00.0022519" startTime="2023-12-22T09:36:08.1945447+01:00" endTime="2023-12-22T09:36:08.1945447+01:00" testType="13cdc9d9-ddb5-4fa4-a97d-d965ccfc6d4b" outcome="Passed" testListId="8c84fa94-04c1-424b-9868-57a2d4851a1d" relativeResultsDirectory="c84a8a14-c9c3-4227-8513-fb348918327e" />
    <UnitTestResult executionId="fb7cb6a6-0449-425d-9a84-55a7039f769e" testId="53a59744-7860-30d1-542b-005864af02c5" testName="EvidenceLockOnOldRecorderCommandHandlerTests_OldRecV1_ConfigDelete1Row_NoRecorderIdFound" computerName="DKSR-EFI-04" duration="00:00:00.0145316" startTime="2023-12-22T09:36:19.0383522+01:00" endTime="2023-12-22T09:36:19.0539762+01:00" testType="13cdc9d9-ddb5-4fa4-a97d-d965ccfc6d4b" outcome="Passed" testListId="8c84fa94-04c1-424b-9868-57a2d4851a1d" relativeResultsDirectory="fb7cb6a6-0449-425d-9a84-55a7039f769e" />
    <UnitTestResult executionId="0ef05a9f-84ff-4b92-8653-df156e3f2ab5" testId="f1094adb-7cd4-3800-7fd4-6b10eec5d3f3" testName="EventCollector_ShouldEventBeFired_Reject_Other_Events" computerName="DKSR-EFI-04" duration="00:00:00.0026018" startTime="2023-12-22T09:33:57.7719983+01:00" endTime="2023-12-22T09:33:57.7719983+01:00" testType="13cdc9d9-ddb5-4fa4-a97d-d965ccfc6d4b" outcome="Passed" testListId="8c84fa94-04c1-424b-9868-57a2d4851a1d" relativeResultsDirectory="0ef05a9f-84ff-4b92-8653-df156e3f2ab5" />
    <UnitTestResult executionId="f066e8d6-517f-45c7-b473-733f0ebf7a38" testId="f047eda9-d61b-afec-ac9c-38d582bed66c" testName="ChannelLicenseCountManager_IsCameraFeedLicensedOnSite_NullHardwareInfo_ThrowsArgumentNullException" computerName="DKSR-EFI-04" duration="00:00:00.0012020" startTime="2023-12-22T09:35:59.0538686+01:00" endTime="2023-12-22T09:35:59.0538686+01:00" testType="13cdc9d9-ddb5-4fa4-a97d-d965ccfc6d4b" outcome="Passed" testListId="8c84fa94-04c1-424b-9868-57a2d4851a1d" relativeResultsDirectory="f066e8d6-517f-45c7-b473-733f0ebf7a38" />
    <UnitTestResult executionId="b2273ebd-f429-478e-85e1-1fc77d453e9c" testId="af2de0f8-df90-b012-06a0-6a91430c3a92" testName="MoveHardwareTaskCommandHandler_Execute_WriteConfigurationDataSetChangesToDatabase_SqlException_FailResponse_LicenseConfigurationFailed" computerName="DKSR-EFI-04" duration="00:00:00.2747250" startTime="2023-12-22T09:36:25.9758872+01:00" endTime="2023-12-22T09:36:26.2571375+01:00" testType="13cdc9d9-ddb5-4fa4-a97d-d965ccfc6d4b" outcome="Passed" testListId="8c84fa94-04c1-424b-9868-57a2d4851a1d" relativeResultsDirectory="b2273ebd-f429-478e-85e1-1fc77d453e9c">
      <Output>
        <StdOut>Progress: 10&#xD;
Progress: 20&#xD;
Progress: 30&#xD;
Progress: 35&#xD;
Progress: 40&#xD;
Progress: 42&#xD;
Progress: 44&#xD;
Progress: 60&#xD;
Progress: 70&#xD;
Progress: 80&#xD;
Progress: 90&#xD;
Progress: 95&#xD;
Progress: 100</StdOut>
      </Output>
    </UnitTestResult>
    <UnitTestResult executionId="4423f89d-ff5d-4255-a2bc-b63b6e9e80b3" testId="2a80f91a-32ba-91b0-be00-f54a7b8a1186" testName="LicenseInfoXmlWriter_CreateLicenseInformationXml_FromCachedLicense" computerName="DKSR-EFI-04" duration="00:00:00.0072732" startTime="2023-12-22T09:35:59.8038756+01:00" endTime="2023-12-22T09:35:59.8195000+01:00" testType="13cdc9d9-ddb5-4fa4-a97d-d965ccfc6d4b" outcome="Passed" testListId="8c84fa94-04c1-424b-9868-57a2d4851a1d" relativeResultsDirectory="4423f89d-ff5d-4255-a2bc-b63b6e9e80b3" />
    <UnitTestResult executionId="76daf08c-d40d-4066-9b5e-86ce19a7b246" testId="2bdc9aef-8cca-9c80-3112-9b95c138d7b4" testName="AllocateLicenses_HardwareWith15CameraChannels_10Replaced5Grace_On25Licenses10Replacements" computerName="DKSR-EFI-04" duration="00:00:00.0567202" startTime="2023-12-22T09:35:41.3039178+01:00" endTime="2023-12-22T09:35:41.3662761+01:00" testType="13cdc9d9-ddb5-4fa4-a97d-d965ccfc6d4b" outcome="Passed" testListId="8c84fa94-04c1-424b-9868-57a2d4851a1d" relativeResultsDirectory="76daf08c-d40d-4066-9b5e-86ce19a7b246" />
    <UnitTestResult executionId="2cfb885d-436c-4667-bb10-b2dc1cf05e40" testId="43db7f01-425d-9645-5651-efe78e6130a6" testName="RemoveRecorderTask_RecorderNotFoundException_Handled" computerName="DKSR-EFI-04" duration="00:00:00.0011304" startTime="2023-12-22T09:34:00.6313863+01:00" endTime="2023-12-22T09:34:00.6313863+01:00" testType="13cdc9d9-ddb5-4fa4-a97d-d965ccfc6d4b" outcome="Passed" testListId="8c84fa94-04c1-424b-9868-57a2d4851a1d" relativeResultsDirectory="2cfb885d-436c-4667-bb10-b2dc1cf05e40" />
    <UnitTestResult executionId="4b61202a-acc7-4912-ac10-b34745c28a8e" testId="69ee4823-dc49-a6d9-8f95-584a92532ed5" testName="EvidenceLockOnOldRecorderCommandHandlerTests_NoOldReordersToUse" computerName="DKSR-EFI-04" duration="00:00:00.0173749" startTime="2023-12-22T09:36:18.6789758+01:00" endTime="2023-12-22T09:36:18.6945999+01:00" testType="13cdc9d9-ddb5-4fa4-a97d-d965ccfc6d4b" outcome="Passed" testListId="8c84fa94-04c1-424b-9868-57a2d4851a1d" relativeResultsDirectory="4b61202a-acc7-4912-ac10-b34745c28a8e" />
    <UnitTestResult executionId="a0937f9d-4a13-4d9a-8ca1-5116c38ef4a2" testId="61478804-37c6-3f19-8d29-b15fb393caef" testName="CheckExternalRecorderRegistrationCommandHandler_Execute_ReturnsFailResponseOnEmptyHardwareId" computerName="DKSR-EFI-04" duration="00:00:00.0012683" startTime="2023-12-22T09:36:16.4602110+01:00" endTime="2023-12-22T09:36:16.4602110+01:00" testType="13cdc9d9-ddb5-4fa4-a97d-d965ccfc6d4b" outcome="Passed" testListId="8c84fa94-04c1-424b-9868-57a2d4851a1d" relativeResultsDirectory="a0937f9d-4a13-4d9a-8ca1-5116c38ef4a2" />
    <UnitTestResult executionId="449fd6fe-a5ab-4a1b-a1ef-7ab16ac0d702" testId="acb4bb26-3062-bb40-2bd0-e38dd727f035" testName="CheckConfigurationDataSetTest_StreamsNotLicensedPass2" computerName="DKSR-EFI-04" duration="00:00:00.0026017" startTime="2023-12-22T09:35:59.5538749+01:00" endTime="2023-12-22T09:35:59.5538749+01:00" testType="13cdc9d9-ddb5-4fa4-a97d-d965ccfc6d4b" outcome="Passed" testListId="8c84fa94-04c1-424b-9868-57a2d4851a1d" relativeResultsDirectory="449fd6fe-a5ab-4a1b-a1ef-7ab16ac0d702" />
    <UnitTestResult executionId="e956d933-b04b-404d-80f0-e9d05b35a25b" testId="08a5a503-e937-a80a-da2b-c6359ff5c88e" testName="UpdateRecorderStatus_RecorderNotFound_NotFoundResult" computerName="DKSR-EFI-04" duration="00:00:00.0007225" startTime="2023-12-22T09:34:01.5063915+01:00" endTime="2023-12-22T09:34:01.5063915+01:00" testType="13cdc9d9-ddb5-4fa4-a97d-d965ccfc6d4b" outcome="Passed" testListId="8c84fa94-04c1-424b-9868-57a2d4851a1d" relativeResultsDirectory="e956d933-b04b-404d-80f0-e9d05b35a25b" />
    <UnitTestResult executionId="661984a3-df1c-4d88-9e63-5304cac79a03" testId="ec814362-5678-9178-3c3f-acbc4e24f5e1" testName="HardwareScanExpressTaskCommandHandler_Execute_Timeout_FailResponse" computerName="DKSR-EFI-04" duration="00:00:00.0010287" startTime="2023-12-22T09:36:20.0227293+01:00" endTime="2023-12-22T09:36:20.0227293+01:00" testType="13cdc9d9-ddb5-4fa4-a97d-d965ccfc6d4b" outcome="Passed" testListId="8c84fa94-04c1-424b-9868-57a2d4851a1d" relativeResultsDirectory="661984a3-df1c-4d88-9e63-5304cac79a03" />
    <UnitTestResult executionId="6018ddd5-46de-470d-8005-658f7af1019d" testId="d895999e-44d6-5318-b590-acf283c2ef42" testName="AddHardwareUserCommandHandler_Execute_ReturnsFailResponseOnEmptyRecorderServiceId" computerName="DKSR-EFI-04" duration="00:00:00.0008551" startTime="2023-12-22T09:36:16.2102115+01:00" endTime="2023-12-22T09:36:16.2102115+01:00" testType="13cdc9d9-ddb5-4fa4-a97d-d965ccfc6d4b" outcome="Passed" testListId="8c84fa94-04c1-424b-9868-57a2d4851a1d" relativeResultsDirectory="6018ddd5-46de-470d-8005-658f7af1019d" />
    <UnitTestResult executionId="0bf52fcb-2ab5-4234-8026-6eaff299f231" testId="9138da6b-802d-2432-3bc3-7ca04202230b" testName="AsyncTaskMonitor_ServerClosing_NoEventsTriggered" computerName="DKSR-EFI-04" duration="00:00:11.0095766" startTime="2023-12-22T09:34:12.9752011+01:00" endTime="2023-12-22T09:34:23.9908797+01:00" testType="13cdc9d9-ddb5-4fa4-a97d-d965ccfc6d4b" outcome="Passed" testListId="8c84fa94-04c1-424b-9868-57a2d4851a1d" relativeResultsDirectory="0bf52fcb-2ab5-4234-8026-6eaff299f231" />
    <UnitTestResult executionId="3167ef35-d70d-4540-9192-802940d86966" testId="fdd16d67-98cc-38ae-1552-c5b92b740835" testName="ChannelLicenseCountManager_AddLicensedCameraFeed_NullRecorderInfo_ThrowsArgumentNullException" computerName="DKSR-EFI-04" duration="00:00:00.0008785" startTime="2023-12-22T09:35:59.0226210+01:00" endTime="2023-12-22T09:35:59.0226210+01:00" testType="13cdc9d9-ddb5-4fa4-a97d-d965ccfc6d4b" outcome="Passed" testListId="8c84fa94-04c1-424b-9868-57a2d4851a1d" relativeResultsDirectory="3167ef35-d70d-4540-9192-802940d86966" />
    <UnitTestResult executionId="343460e0-434b-4983-9ff3-4521d25eaa4b" testId="e4a3b9e7-3a1f-3d64-878c-608bf44b6dad" testName="CreateLicenseInformationXml_Has10Unlicensed_On1HardwareWith10CameraChannels" computerName="DKSR-EFI-04" duration="00:00:00.0951101" startTime="2023-12-22T09:35:59.8507484+01:00" endTime="2023-12-22T09:35:59.9445013+01:00" testType="13cdc9d9-ddb5-4fa4-a97d-d965ccfc6d4b" outcome="Passed" testListId="8c84fa94-04c1-424b-9868-57a2d4851a1d" relativeResultsDirectory="343460e0-434b-4983-9ff3-4521d25eaa4b" />
    <UnitTestResult executionId="7ec4a3b1-ae22-4e6f-937a-1c2a8e57b347" testId="8b15913a-6233-54bc-8a3b-b39163abf857" testName="EvidenceLockUpdateScheduler_Stop_Without_Start_Throws" computerName="DKSR-EFI-04" duration="00:00:00.0004479" startTime="2023-12-22T09:33:57.8188742+01:00" endTime="2023-12-22T09:33:57.8188742+01:00" testType="13cdc9d9-ddb5-4fa4-a97d-d965ccfc6d4b" outcome="Passed" testListId="8c84fa94-04c1-424b-9868-57a2d4851a1d" relativeResultsDirectory="7ec4a3b1-ae22-4e6f-937a-1c2a8e57b347" />
    <UnitTestResult executionId="b1a2df85-5fc4-4912-b701-3e5623ff39e3" testId="dd83176d-4609-3020-e852-33fe8239e972" testName="HardwareInCWAOnWhiteList_ReplacedWithInheritance_HardwareNotOnWhiteList_CWAAllowed_FewerChannelsOnReplacedHardware_AllDevicesInCWA" computerName="DKSR-EFI-04" duration="00:00:00.3032985" startTime="2023-12-22T09:35:22.5068031+01:00" endTime="2023-12-22T09:35:22.8036798+01:00" testType="13cdc9d9-ddb5-4fa4-a97d-d965ccfc6d4b" outcome="Passed" testListId="8c84fa94-04c1-424b-9868-57a2d4851a1d" relativeResultsDirectory="b1a2df85-5fc4-4912-b701-3e5623ff39e3" />
    <UnitTestResult executionId="8ac33650-2fb3-4f98-b58a-d14244963a1a" testId="58d8eb2d-a85d-871c-005e-a694429bb895" testName="UpdateReadOnlySettings_ModelIsNull_BadRequestResult" computerName="DKSR-EFI-04" duration="00:00:00.0008827" startTime="2023-12-22T09:34:01.1001389+01:00" endTime="2023-12-22T09:34:01.1001389+01:00" testType="13cdc9d9-ddb5-4fa4-a97d-d965ccfc6d4b" outcome="Passed" testListId="8c84fa94-04c1-424b-9868-57a2d4851a1d" relativeResultsDirectory="8ac33650-2fb3-4f98-b58a-d14244963a1a" />
    <UnitTestResult executionId="4b44936e-8c38-472c-863d-70e88b0355c5" testId="1daccd18-0ff2-b69c-6386-0a60a2919544" testName="TemporaryLicense_HasCurrentYearToken_SameYear" computerName="DKSR-EFI-04" duration="00:00:00.0009499" startTime="2023-12-22T09:35:01.7098214+01:00" endTime="2023-12-22T09:35:01.7098214+01:00" testType="13cdc9d9-ddb5-4fa4-a97d-d965ccfc6d4b" outcome="Passed" testListId="8c84fa94-04c1-424b-9868-57a2d4851a1d" relativeResultsDirectory="4b44936e-8c38-472c-863d-70e88b0355c5" />
    <UnitTestResult executionId="fb3ad0bf-c6b1-4501-b32b-b2c43ba3fe99" testId="31b14912-e54b-c7c2-0ece-9cce3806d461" testName="ChannelLicenseCountManager_ReplacementHardware_CountCorrect" computerName="DKSR-EFI-04" duration="00:00:00.0022960" startTime="2023-12-22T09:35:59.1007462+01:00" endTime="2023-12-22T09:35:59.1007462+01:00" testType="13cdc9d9-ddb5-4fa4-a97d-d965ccfc6d4b" outcome="Passed" testListId="8c84fa94-04c1-424b-9868-57a2d4851a1d" relativeResultsDirectory="fb3ad0bf-c6b1-4501-b32b-b2c43ba3fe99" />
    <UnitTestResult executionId="4c90eeba-5d14-4872-8177-acdae246108a" testId="0559940e-6c3b-5a80-dc60-21dd2e159fd8" testName="UpdateHardwareTaskCommandHandler_Apply_InvalidHardwareId_Test" computerName="DKSR-EFI-04" duration="00:00:00.0503985" startTime="2023-12-22T09:36:44.1947333+01:00" endTime="2023-12-22T09:36:44.2417257+01:00" testType="13cdc9d9-ddb5-4fa4-a97d-d965ccfc6d4b" outcome="Passed" testListId="8c84fa94-04c1-424b-9868-57a2d4851a1d" relativeResultsDirectory="4c90eeba-5d14-4872-8177-acdae246108a" />
    <UnitTestResult executionId="2f8be4dc-98e4-4eef-b2eb-030c8174252a" testId="8a4aed2d-73bd-427f-bd78-a6a359ebd203" testName="HardwareInCWAOnWhiteList_ReplacedWithInheritance_HardwareOnWhiteList_NoMoreCWAAllowed_NewHardwareInGrace" computerName="DKSR-EFI-04" duration="00:00:00.4389416" startTime="2023-12-22T09:35:13.3036296+01:00" endTime="2023-12-22T09:35:13.7567598+01:00" testType="13cdc9d9-ddb5-4fa4-a97d-d965ccfc6d4b" outcome="Passed" testListId="8c84fa94-04c1-424b-9868-57a2d4851a1d" relativeResultsDirectory="2f8be4dc-98e4-4eef-b2eb-030c8174252a" />
    <UnitTestResult executionId="6593e785-e5fe-4a20-96e2-9f02cf07a589" testId="3a458ffc-9469-8946-c7b7-88dcaae5602f" testName="Log_AllLogEntriesAreLogged_Success" computerName="DKSR-EFI-04" duration="00:00:00.0127729" startTime="2023-12-22T09:34:00.3970092+01:00" endTime="2023-12-22T09:34:00.3970092+01:00" testType="13cdc9d9-ddb5-4fa4-a97d-d965ccfc6d4b" outcome="Passed" testListId="8c84fa94-04c1-424b-9868-57a2d4851a1d" relativeResultsDirectory="6593e785-e5fe-4a20-96e2-9f02cf07a589" />
    <UnitTestResult executionId="7b28067f-93af-4cb8-9a60-f95db20161dd" testId="c272841b-70f7-3f09-05b6-adabea36d511" testName="RecorderLicense_AddExistingId_ReplacesCurrentLicense_Instance" computerName="DKSR-EFI-04" duration="00:00:00.0005490" startTime="2023-12-22T09:36:15.5695833+01:00" endTime="2023-12-22T09:36:15.5695833+01:00" testType="13cdc9d9-ddb5-4fa4-a97d-d965ccfc6d4b" outcome="Passed" testListId="8c84fa94-04c1-424b-9868-57a2d4851a1d" relativeResultsDirectory="7b28067f-93af-4cb8-9a60-f95db20161dd" />
    <UnitTestResult executionId="db393ef0-aa00-49ee-a50b-d801798d0ee0" testId="b1e074ea-7f2a-5a8e-9a0e-a97db98a2ce1" testName="HardwareInCWAOnWhiteList_ReplacedWithNoInheritance_HardwareOnWhiteList_MixedCWAAllowed_MoreChannelsOnReplacedHardware_NewHardwareInCWA" computerName="DKSR-EFI-04" duration="00:00:00.3138663" startTime="2023-12-22T09:35:29.3505898+01:00" endTime="2023-12-22T09:35:29.6630905+01:00" testType="13cdc9d9-ddb5-4fa4-a97d-d965ccfc6d4b" outcome="Passed" testListId="8c84fa94-04c1-424b-9868-57a2d4851a1d" relativeResultsDirectory="db393ef0-aa00-49ee-a50b-d801798d0ee0" />
    <UnitTestResult executionId="47e1dc1f-3812-4a95-8d57-e3bb01fc4273" testId="f7b0e781-4364-3181-b31f-25c3510de92e" testName="UpdateRecorderTaskProgress_RecorderNotFoundException_Handled" computerName="DKSR-EFI-04" duration="00:00:00.0017025" startTime="2023-12-22T09:34:00.4907610+01:00" endTime="2023-12-22T09:34:00.5063858+01:00" testType="13cdc9d9-ddb5-4fa4-a97d-d965ccfc6d4b" outcome="Passed" testListId="8c84fa94-04c1-424b-9868-57a2d4851a1d" relativeResultsDirectory="47e1dc1f-3812-4a95-8d57-e3bb01fc4273" />
    <UnitTestResult executionId="cdd5cc55-87ca-4ac3-a2a1-99791cbfd798" testId="ce843775-f582-0f1d-bc7b-b8a7c6f03a72" testName="Simulate_ActivatedHardware_WhitelistedHardware_HardwareWithCameras_TwoRecordingServers_CountsAreCorrect" computerName="DKSR-EFI-04" duration="00:00:00.2922615" startTime="2023-12-22T09:35:52.4913367+01:00" endTime="2023-12-22T09:35:52.7882136+01:00" testType="13cdc9d9-ddb5-4fa4-a97d-d965ccfc6d4b" outcome="Passed" testListId="8c84fa94-04c1-424b-9868-57a2d4851a1d" relativeResultsDirectory="cdd5cc55-87ca-4ac3-a2a1-99791cbfd798" />
    <UnitTestResult executionId="a8102033-98c3-4ade-9d3c-74350d4b4003" testId="5a9e08ea-a0c8-9a43-60de-b13ced81a7fa" testName="HardwareActivatedNotOnWhiteList_ReplacedWithNoInheritance_HardwareNotOnWhiteList_DifferentCameraChannels_SomeGraceSomeCWA" computerName="DKSR-EFI-04" duration="00:00:00.1182513" startTime="2023-12-22T09:35:33.3662341+01:00" endTime="2023-12-22T09:35:33.4912375+01:00" testType="13cdc9d9-ddb5-4fa4-a97d-d965ccfc6d4b" outcome="Passed" testListId="8c84fa94-04c1-424b-9868-57a2d4851a1d" relativeResultsDirectory="a8102033-98c3-4ade-9d3c-74350d4b4003" />
    <UnitTestResult executionId="94daaa12-b4d6-4a99-8f7e-41b260361871" testId="c5dcff2e-626a-95c0-d547-89a3a9a6aa89" testName="ConfigurationDataSetLoader_GetDeviceRecorderPlugin_Success" computerName="DKSR-EFI-04" duration="00:00:00.0016979" startTime="2023-12-22T09:36:15.8977082+01:00" endTime="2023-12-22T09:36:15.8977082+01:00" testType="13cdc9d9-ddb5-4fa4-a97d-d965ccfc6d4b" outcome="Passed" testListId="8c84fa94-04c1-424b-9868-57a2d4851a1d" relativeResultsDirectory="94daaa12-b4d6-4a99-8f7e-41b260361871" />
    <UnitTestResult executionId="dac10630-27af-483b-894e-978621d44582" testId="feaed097-5808-62b9-4211-f6bdd56b855b" testName="LicenseCountManager_ReplacementHardware_ClearByRecorder_DoesNotChangeReplacementLimit" computerName="DKSR-EFI-04" duration="00:00:00.0014471" startTime="2023-12-22T09:35:59.3819987+01:00" endTime="2023-12-22T09:35:59.3819987+01:00" testType="13cdc9d9-ddb5-4fa4-a97d-d965ccfc6d4b" outcome="Passed" testListId="8c84fa94-04c1-424b-9868-57a2d4851a1d" relativeResultsDirectory="dac10630-27af-483b-894e-978621d44582" />
    <UnitTestResult executionId="143d8807-6d36-43fb-a500-51d7610b4925" testId="69564870-b37a-e6a9-082d-61ed126c5ab1" testName="DatabaseResponseArchiveInformation_ModelIsNull_BadRequestResult" computerName="DKSR-EFI-04" duration="00:00:00.0005786" startTime="2023-12-22T09:34:01.0532642+01:00" endTime="2023-12-22T09:34:01.0532642+01:00" testType="13cdc9d9-ddb5-4fa4-a97d-d965ccfc6d4b" outcome="Passed" testListId="8c84fa94-04c1-424b-9868-57a2d4851a1d" relativeResultsDirectory="143d8807-6d36-43fb-a500-51d7610b4925" />
    <UnitTestResult executionId="201e4212-23da-4109-b1ce-52555bb9df26" testId="550cfad2-fa8b-209d-97fe-fd68247d99ef" testName="GetRecorderTasksWithPendingStop_ModelIsValid_Executed" computerName="DKSR-EFI-04" duration="00:00:00.0015883" startTime="2023-12-22T09:34:00.6626359+01:00" endTime="2023-12-22T09:34:00.6626359+01:00" testType="13cdc9d9-ddb5-4fa4-a97d-d965ccfc6d4b" outcome="Passed" testListId="8c84fa94-04c1-424b-9868-57a2d4851a1d" relativeResultsDirectory="201e4212-23da-4109-b1ce-52555bb9df26" />
    <UnitTestResult executionId="cabcafc5-c2d6-442f-b5a3-e121ae06ad7b" testId="b9884ef5-7b7b-37a1-3241-b5d8c9986602" testName="Recorder_FindById_Returns_Instance" computerName="DKSR-EFI-04" duration="00:00:00.0005289" startTime="2023-12-22T09:36:15.5539584+01:00" endTime="2023-12-22T09:36:15.5539584+01:00" testType="13cdc9d9-ddb5-4fa4-a97d-d965ccfc6d4b" outcome="Passed" testListId="8c84fa94-04c1-424b-9868-57a2d4851a1d" relativeResultsDirectory="cabcafc5-c2d6-442f-b5a3-e121ae06ad7b" />
    <UnitTestResult executionId="b3a9d950-1438-4996-9f01-79b2dbc22fc4" testId="40f2946a-3475-661e-ba18-f3aecc10f616" testName="AnalyzeAndCreateAuditLogs_ModifiedSecurityPermissionsDeviceRowAllVariationsThatGivesNoAuditLog_ReturnsNoAuditLog" computerName="DKSR-EFI-04" duration="00:00:00.0062690" startTime="2023-12-22T09:36:17.3352166+01:00" endTime="2023-12-22T09:36:17.3508419+01:00" testType="13cdc9d9-ddb5-4fa4-a97d-d965ccfc6d4b" outcome="Passed" testListId="8c84fa94-04c1-424b-9868-57a2d4851a1d" relativeResultsDirectory="b3a9d950-1438-4996-9f01-79b2dbc22fc4" />
    <UnitTestResult executionId="d3a2b1c4-3c1c-476c-a1e5-09c7a68e4f44" testId="219b580c-7496-f80c-c908-a3faae2d455d" testName="EvidenceLockUpdateScheduler_FullCheckTimerCallback_Issues_Command" computerName="DKSR-EFI-04" duration="00:00:00.0086983" startTime="2023-12-22T09:33:57.8188742+01:00" endTime="2023-12-22T09:33:57.8188742+01:00" testType="13cdc9d9-ddb5-4fa4-a97d-d965ccfc6d4b" outcome="Passed" testListId="8c84fa94-04c1-424b-9868-57a2d4851a1d" relativeResultsDirectory="d3a2b1c4-3c1c-476c-a1e5-09c7a68e4f44" />
    <UnitTestResult executionId="d76a6c64-1472-4446-b254-b5e3ab0b5c4a" testId="aa5a8bd0-7be2-9441-09f4-f36c55e0099a" testName="HardwareInCWANotOnWhiteList_ZeroChannels_ReplacedWith_HardwareNotOnWhiteList_WithChannels_CWAAllowed_NewDevicesInCWA" computerName="DKSR-EFI-04" duration="00:00:00.3725884" startTime="2023-12-22T09:35:31.3506005+01:00" endTime="2023-12-22T09:35:31.7256007+01:00" testType="13cdc9d9-ddb5-4fa4-a97d-d965ccfc6d4b" outcome="Passed" testListId="8c84fa94-04c1-424b-9868-57a2d4851a1d" relativeResultsDirectory="d76a6c64-1472-4446-b254-b5e3ab0b5c4a" />
    <UnitTestResult executionId="48d35476-2c68-4cdd-bf9a-e6dabc98df34" testId="8db5f8b9-eae8-c576-e7ed-a034a6d78bed" testName="RecorderTaskFailed_ModelIsValid_Executed" computerName="DKSR-EFI-04" duration="00:00:00.0013002" startTime="2023-12-22T09:34:00.6313863+01:00" endTime="2023-12-22T09:34:00.6313863+01:00" testType="13cdc9d9-ddb5-4fa4-a97d-d965ccfc6d4b" outcome="Passed" testListId="8c84fa94-04c1-424b-9868-57a2d4851a1d" relativeResultsDirectory="48d35476-2c68-4cdd-bf9a-e6dabc98df34" />
    <UnitTestResult executionId="941bbec3-24e8-4fcb-a6d8-4a13bfee099a" testId="4c3b4141-4a79-a1ca-f4f6-ef7e6ac52e59" testName="CheckConfigurationDataSetTest_DeviceMulticastNotLicensedSuccess" computerName="DKSR-EFI-04" duration="00:00:00.0023487" startTime="2023-12-22T09:35:59.6632484+01:00" endTime="2023-12-22T09:35:59.6632484+01:00" testType="13cdc9d9-ddb5-4fa4-a97d-d965ccfc6d4b" outcome="Passed" testListId="8c84fa94-04c1-424b-9868-57a2d4851a1d" relativeResultsDirectory="941bbec3-24e8-4fcb-a6d8-4a13bfee099a" />
    <UnitTestResult executionId="802d8166-b052-4c32-a6b2-6e903d0ab14b" testId="9b9ea6f5-28e5-0546-b495-3d365a7f9dd4" testName="Validate_LicenseCalculatorContainsAllHardwareFromAllRecordingServers_NoMissingLicenses_ContainsMultiLicense_Success" computerName="DKSR-EFI-04" duration="00:00:00.0171785" startTime="2023-12-22T09:36:00.5070009+01:00" endTime="2023-12-22T09:36:00.5226264+01:00" testType="13cdc9d9-ddb5-4fa4-a97d-d965ccfc6d4b" outcome="Passed" testListId="8c84fa94-04c1-424b-9868-57a2d4851a1d" relativeResultsDirectory="802d8166-b052-4c32-a6b2-6e903d0ab14b" />
    <UnitTestResult executionId="918fcc6b-8ba7-41a3-9153-f52f3906bec2" testId="721a980b-3230-2a7a-66fb-73a2861007c3" testName="Start_IdpClientReturnsOneLog_SequencesIsUpdatedWithId" computerName="DKSR-EFI-04" duration="00:00:00.0165525" startTime="2023-12-22T09:34:54.1629070+01:00" endTime="2023-12-22T09:34:54.1785330+01:00" testType="13cdc9d9-ddb5-4fa4-a97d-d965ccfc6d4b" outcome="Passed" testListId="8c84fa94-04c1-424b-9868-57a2d4851a1d" relativeResultsDirectory="918fcc6b-8ba7-41a3-9153-f52f3906bec2" />
    <UnitTestResult executionId="963b7a7c-769a-423c-917e-721dca80bc36" testId="94e0df52-34ea-7d4e-1817-b28f34f9a098" testName="ConfigurationDataSetLoader_GetHardwareByHardwareIds_Success" computerName="DKSR-EFI-04" duration="00:00:00.0008310" startTime="2023-12-22T09:36:15.9289590+01:00" endTime="2023-12-22T09:36:15.9289590+01:00" testType="13cdc9d9-ddb5-4fa4-a97d-d965ccfc6d4b" outcome="Passed" testListId="8c84fa94-04c1-424b-9868-57a2d4851a1d" relativeResultsDirectory="963b7a7c-769a-423c-917e-721dca80bc36" />
    <UnitTestResult executionId="e7c3b9a0-2fcb-4712-bfbb-0ae6979ad015" testId="0598fc00-fb3e-91bf-f784-e4b64a3cfa57" testName="Validate_DisabledCameraNotPartOfHardwareFeed_Success" computerName="DKSR-EFI-04" duration="00:00:00.5745672" startTime="2023-12-22T09:36:13.7258234+01:00" endTime="2023-12-22T09:36:14.2883272+01:00" testType="13cdc9d9-ddb5-4fa4-a97d-d965ccfc6d4b" outcome="Passed" testListId="8c84fa94-04c1-424b-9868-57a2d4851a1d" relativeResultsDirectory="e7c3b9a0-2fcb-4712-bfbb-0ae6979ad015" />
    <UnitTestResult executionId="2c161ffa-b1b0-40c4-b43a-fbe4103c5c00" testId="999e9ea0-681f-8b49-c2df-3675d5adf154" testName="LicenseInfoXmlWriter_CreateLicenseInformationXml_SetsProductName" computerName="DKSR-EFI-04" duration="00:00:00.0009936" startTime="2023-12-22T09:35:59.8351233+01:00" endTime="2023-12-22T09:35:59.8351233+01:00" testType="13cdc9d9-ddb5-4fa4-a97d-d965ccfc6d4b" outcome="Passed" testListId="8c84fa94-04c1-424b-9868-57a2d4851a1d" relativeResultsDirectory="2c161ffa-b1b0-40c4-b43a-fbe4103c5c00" />
    <UnitTestResult executionId="629bdf61-5a17-48d0-82fe-aa7a7ce2b3b8" testId="50564146-33c5-5bba-7d58-7b6329532747" testName="RegisterRecorder_ModelIsNull_BadRequestResult" computerName="DKSR-EFI-04" duration="00:00:00.0242294" startTime="2023-12-22T09:34:01.1313890+01:00" endTime="2023-12-22T09:34:01.1470127+01:00" testType="13cdc9d9-ddb5-4fa4-a97d-d965ccfc6d4b" outcome="Passed" testListId="8c84fa94-04c1-424b-9868-57a2d4851a1d" relativeResultsDirectory="629bdf61-5a17-48d0-82fe-aa7a7ce2b3b8" />
    <UnitTestResult executionId="78949fa3-bf44-4340-b055-6ccf6fe7d917" testId="71073285-cc2d-f8d3-1325-46ab19b4f857" testName="DeleteHardwareTaskCommandHandler_Execute_Succeeded" computerName="DKSR-EFI-04" duration="00:00:00.0159083" startTime="2023-12-22T09:36:18.4914731+01:00" endTime="2023-12-22T09:36:18.5070968+01:00" testType="13cdc9d9-ddb5-4fa4-a97d-d965ccfc6d4b" outcome="Passed" testListId="8c84fa94-04c1-424b-9868-57a2d4851a1d" relativeResultsDirectory="78949fa3-bf44-4340-b055-6ccf6fe7d917" />
    <UnitTestResult executionId="f73026a4-87e5-4559-9851-0d4b5ae91458" testId="f4abda8c-11e8-cf16-83af-ba713ce9f0b9" testName="HardwareScanTaskCommandHandler_StopScan_ReturnsScanSessionNoResult" computerName="DKSR-EFI-04" duration="00:00:00.0020903" startTime="2023-12-22T09:36:20.1008588+01:00" endTime="2023-12-22T09:36:20.1164832+01:00" testType="13cdc9d9-ddb5-4fa4-a97d-d965ccfc6d4b" outcome="Passed" testListId="8c84fa94-04c1-424b-9868-57a2d4851a1d" relativeResultsDirectory="f73026a4-87e5-4559-9851-0d4b5ae91458" />
    <UnitTestResult executionId="7d6fef0a-83c8-4cbb-a023-04a6c1edbcf3" testId="2ae6dd25-fc9a-7ad5-e225-557cf3c9e780" testName="HasLicense_Pass_EmptyWhiteList" computerName="DKSR-EFI-04" duration="00:00:00.0025534" startTime="2023-12-22T09:36:10.6320560+01:00" endTime="2023-12-22T09:36:10.6476826+01:00" testType="13cdc9d9-ddb5-4fa4-a97d-d965ccfc6d4b" outcome="Passed" testListId="8c84fa94-04c1-424b-9868-57a2d4851a1d" relativeResultsDirectory="7d6fef0a-83c8-4cbb-a023-04a6c1edbcf3" />
    <UnitTestResult executionId="8c117c08-0435-4a40-8e2d-53af32f66d7d" testId="9048ef2e-ea98-a1cd-4593-760c3c6dfb9c" testName="HardwareActivatedNotOnWhiteList_ReplacedWithNoInheritance_HardwareNotOnWhiteList_CWAAllowed_AllDevicesInCWA" computerName="DKSR-EFI-04" duration="00:00:00.2622644" startTime="2023-12-22T09:35:03.1636097+01:00" endTime="2023-12-22T09:35:03.4285807+01:00" testType="13cdc9d9-ddb5-4fa4-a97d-d965ccfc6d4b" outcome="Passed" testListId="8c84fa94-04c1-424b-9868-57a2d4851a1d" relativeResultsDirectory="8c117c08-0435-4a40-8e2d-53af32f66d7d" />
    <UnitTestResult executionId="6e1e697c-2ff6-4511-b1a8-bc9be4556496" testId="b125b64e-16a9-9a1c-bed1-c7eb1931e757" testName="IsActivationNeeded_True_ICP_CamerasRemoved" computerName="DKSR-EFI-04" duration="00:00:00.0095709" startTime="2023-12-22T09:36:08.0851679+01:00" endTime="2023-12-22T09:36:08.1007933+01:00" testType="13cdc9d9-ddb5-4fa4-a97d-d965ccfc6d4b" outcome="Passed" testListId="8c84fa94-04c1-424b-9868-57a2d4851a1d" relativeResultsDirectory="6e1e697c-2ff6-4511-b1a8-bc9be4556496" />
    <UnitTestResult executionId="6c584943-3d2c-4991-a996-d7fe9899c106" testId="733b622e-46d5-d019-e7eb-f1f0d3677324" testName="CheckMsFailoverStatusCommandHandler_Constructor_Second_ThrowsIfParameterNull" computerName="DKSR-EFI-04" duration="00:00:00.0009237" startTime="2023-12-22T09:36:16.4914626+01:00" endTime="2023-12-22T09:36:16.4914626+01:00" testType="13cdc9d9-ddb5-4fa4-a97d-d965ccfc6d4b" outcome="Passed" testListId="8c84fa94-04c1-424b-9868-57a2d4851a1d" relativeResultsDirectory="6c584943-3d2c-4991-a996-d7fe9899c106">
      <Output>
        <StdOut>Debug Trace:&#xD;
Fail: Argument null</StdOut>
      </Output>
    </UnitTestResult>
    <UnitTestResult executionId="9ecd7d4c-fc6e-4856-9ae8-458f5e91ae92" testId="22ca97d6-033b-cf61-7203-4444f24a4a92" testName="RecorderLicense_AddNew_IsUpdated_RetrieveAsList_Success" computerName="DKSR-EFI-04" duration="00:00:00.0007802" startTime="2023-12-22T09:36:15.5852099+01:00" endTime="2023-12-22T09:36:15.5852099+01:00" testType="13cdc9d9-ddb5-4fa4-a97d-d965ccfc6d4b" outcome="Passed" testListId="8c84fa94-04c1-424b-9868-57a2d4851a1d" relativeResultsDirectory="9ecd7d4c-fc6e-4856-9ae8-458f5e91ae92" />
    <UnitTestResult executionId="f7de0e9a-b245-4a5d-aef1-20351f8c0eea" testId="82f4fe24-8b32-b63f-4cc0-6c9b60c68c5a" testName="ChangeHardwarePasswordTaskCommandHandler_Execute_Failed_FailedUserAccessDenied_Response" computerName="DKSR-EFI-04" duration="00:00:00.0008509" startTime="2023-12-22T09:36:16.3820879+01:00" endTime="2023-12-22T09:36:16.3820879+01:00" testType="13cdc9d9-ddb5-4fa4-a97d-d965ccfc6d4b" outcome="Passed" testListId="8c84fa94-04c1-424b-9868-57a2d4851a1d" relativeResultsDirectory="f7de0e9a-b245-4a5d-aef1-20351f8c0eea" />
    <UnitTestResult executionId="5230ce7d-a16a-4391-a348-33779381eec2" testId="41439683-f554-daf6-bd87-252c0383746e" testName="HardwareLicense_RemoveExistingLicense_NullHardwareInfo_Throws_ArgumentNullException" computerName="DKSR-EFI-04" duration="00:00:00.0008132" startTime="2023-12-22T09:36:15.6477081+01:00" endTime="2023-12-22T09:36:15.6477081+01:00" testType="13cdc9d9-ddb5-4fa4-a97d-d965ccfc6d4b" outcome="Passed" testListId="8c84fa94-04c1-424b-9868-57a2d4851a1d" relativeResultsDirectory="5230ce7d-a16a-4391-a348-33779381eec2" />
    <UnitTestResult executionId="551c85cc-5010-4acd-a45b-7ed6db5d7b88" testId="47770e9f-009b-55e0-aa71-80683ddbf0fb" testName="RegisterSessionFailedResponse_ModelIsValid_CommandExecuted" computerName="DKSR-EFI-04" duration="00:00:00.0006320" startTime="2023-12-22T09:34:00.9595149+01:00" endTime="2023-12-22T09:34:00.9595149+01:00" testType="13cdc9d9-ddb5-4fa4-a97d-d965ccfc6d4b" outcome="Passed" testListId="8c84fa94-04c1-424b-9868-57a2d4851a1d" relativeResultsDirectory="551c85cc-5010-4acd-a45b-7ed6db5d7b88" />
    <UnitTestResult executionId="b6e54641-a9b8-4048-b3ef-0a87dabaf996" testId="5d2fed84-0a78-bba8-11ae-6b37ff9d0b15" testName="UploadFileChunkCommandHandler_Execute_Failed_CannotOpenFile" computerName="DKSR-EFI-04" duration="00:00:00.0007366" startTime="2023-12-22T09:36:44.7728635+01:00" endTime="2023-12-22T09:36:44.7728635+01:00" testType="13cdc9d9-ddb5-4fa4-a97d-d965ccfc6d4b" outcome="Passed" testListId="8c84fa94-04c1-424b-9868-57a2d4851a1d" relativeResultsDirectory="b6e54641-a9b8-4048-b3ef-0a87dabaf996" />
    <UnitTestResult executionId="62100699-2292-4a92-bc73-fe434595efbd" testId="edad7a9f-2ab1-fea5-205f-48bb63f1f880" testName="UpdateEvidenceLockSizesCommandHandlerTests_UpdateALLEvidenceLocksSize_NoEvidenceLocksAreCreated_SuccessResponse" computerName="DKSR-EFI-04" duration="00:00:00.0019033" startTime="2023-12-22T09:36:43.1166043+01:00" endTime="2023-12-22T09:36:43.1166043+01:00" testType="13cdc9d9-ddb5-4fa4-a97d-d965ccfc6d4b" outcome="Passed" testListId="8c84fa94-04c1-424b-9868-57a2d4851a1d" relativeResultsDirectory="62100699-2292-4a92-bc73-fe434595efbd" />
    <UnitTestResult executionId="d26d2d1a-14bd-4e18-959e-328997c3cde8" testId="9a22ddaf-f9d6-2b58-0200-b7dd6d6df8ca" testName="HardwareLicense_GetExpireDate_ExistingItem_Returns_ValidExpiryDate" computerName="DKSR-EFI-04" duration="00:00:00.0006669" startTime="2023-12-22T09:36:15.6633320+01:00" endTime="2023-12-22T09:36:15.6633320+01:00" testType="13cdc9d9-ddb5-4fa4-a97d-d965ccfc6d4b" outcome="Passed" testListId="8c84fa94-04c1-424b-9868-57a2d4851a1d" relativeResultsDirectory="d26d2d1a-14bd-4e18-959e-328997c3cde8" />
    <UnitTestResult executionId="3f7c69ee-5289-4cfa-ad33-e851c6d23f27" testId="0f8e1705-bc99-3da9-75ac-ad79fe32133d" testName="UpdateHardwareDriverCommandHandler_Clone_Returns_Same_Reference" computerName="DKSR-EFI-04" duration="00:00:00.0035767" startTime="2023-12-22T09:36:43.1322298+01:00" endTime="2023-12-22T09:36:43.1322298+01:00" testType="13cdc9d9-ddb5-4fa4-a97d-d965ccfc6d4b" outcome="Passed" testListId="8c84fa94-04c1-424b-9868-57a2d4851a1d" relativeResultsDirectory="3f7c69ee-5289-4cfa-ad33-e851c6d23f27" />
    <UnitTestResult executionId="def205ec-6c8e-4ebe-9a65-80d7b388ec1b" testId="83a78086-cc92-d3b0-6b12-175b88de875c" testName="UpdateRecorderStatus_ModelIsValid_CommandExecuted" computerName="DKSR-EFI-04" duration="00:00:00.0016104" startTime="2023-12-22T09:34:01.5063915+01:00" endTime="2023-12-22T09:34:01.5063915+01:00" testType="13cdc9d9-ddb5-4fa4-a97d-d965ccfc6d4b" outcome="Passed" testListId="8c84fa94-04c1-424b-9868-57a2d4851a1d" relativeResultsDirectory="def205ec-6c8e-4ebe-9a65-80d7b388ec1b" />
    <UnitTestResult executionId="573b5931-98f4-4775-837e-239932b0c7c2" testId="7a89ef6d-3cdb-f757-2f3b-3898c608af6b" testName="Validate_ChannelBasedLicense_DevicesInGraceExpire_AfterTimerCalled" computerName="DKSR-EFI-04" duration="00:00:00.0635892" startTime="2023-12-22T09:36:09.3351760+01:00" endTime="2023-12-22T09:36:09.3976724+01:00" testType="13cdc9d9-ddb5-4fa4-a97d-d965ccfc6d4b" outcome="Passed" testListId="8c84fa94-04c1-424b-9868-57a2d4851a1d" relativeResultsDirectory="573b5931-98f4-4775-837e-239932b0c7c2" />
    <UnitTestResult executionId="dc8bbcfc-03cc-4341-afc3-41589efef02b" testId="1c1af5bc-0ede-5235-4c2d-8d486728c2d8" testName="FirmwareUpgradeTaskCommandHandler_Execute_Failed_ErrorAlreadyRunning" computerName="DKSR-EFI-04" duration="00:00:00.0008022" startTime="2023-12-22T09:36:19.6946027+01:00" endTime="2023-12-22T09:36:19.7102273+01:00" testType="13cdc9d9-ddb5-4fa4-a97d-d965ccfc6d4b" outcome="Passed" testListId="8c84fa94-04c1-424b-9868-57a2d4851a1d" relativeResultsDirectory="dc8bbcfc-03cc-4341-afc3-41589efef02b" />
    <UnitTestResult executionId="b524cd7a-6e66-4d47-ae34-2f202ef9c2e9" testId="b4673c8b-26ff-d3fe-da2f-f330a0ad58cd" testName="Initialize_StartsATimer" computerName="DKSR-EFI-04" duration="00:00:00.0019977" startTime="2023-12-22T09:36:08.1007933+01:00" endTime="2023-12-22T09:36:08.1007933+01:00" testType="13cdc9d9-ddb5-4fa4-a97d-d965ccfc6d4b" outcome="Passed" testListId="8c84fa94-04c1-424b-9868-57a2d4851a1d" relativeResultsDirectory="b524cd7a-6e66-4d47-ae34-2f202ef9c2e9" />
    <UnitTestResult executionId="c3a01810-8f19-4cb5-ae26-3ff308dba3fa" testId="e84cc3a7-ac93-d355-2915-e2198089769f" testName="SessionData_ConstructAndQuery_Success" computerName="DKSR-EFI-04" duration="00:00:00.0007945" startTime="2023-12-22T09:34:24.6627586+01:00" endTime="2023-12-22T09:34:24.6627586+01:00" testType="13cdc9d9-ddb5-4fa4-a97d-d965ccfc6d4b" outcome="Passed" testListId="8c84fa94-04c1-424b-9868-57a2d4851a1d" relativeResultsDirectory="c3a01810-8f19-4cb5-ae26-3ff308dba3fa" />
    <UnitTestResult executionId="4a1a42ca-6826-4b26-ad4b-b27a9a44261b" testId="79d9da09-79d5-2be0-5f28-ac252e22bd40" testName="EvidenceLockUpdateScheduler_UnknownSizeCheckTimerCallback_Issues_Command" computerName="DKSR-EFI-04" duration="00:00:00.0122991" startTime="2023-12-22T09:33:57.8344983+01:00" endTime="2023-12-22T09:33:57.8344983+01:00" testType="13cdc9d9-ddb5-4fa4-a97d-d965ccfc6d4b" outcome="Passed" testListId="8c84fa94-04c1-424b-9868-57a2d4851a1d" relativeResultsDirectory="4a1a42ca-6826-4b26-ad4b-b27a9a44261b" />
    <UnitTestResult executionId="f2cb6944-f9f1-4610-9593-1edf727145e3" testId="cc8b7bde-b458-22a8-a947-beb6b6a1704f" testName="UpdateEvidenceLockSizesCommandHandlerTests_UpdateOneEvidenceLockSize_AllRecordersReturnedWithNegativeSizes_SuccessResponse" computerName="DKSR-EFI-04" duration="00:00:02.1227801" startTime="2023-12-22T09:36:34.6165603+01:00" endTime="2023-12-22T09:36:36.7415705+01:00" testType="13cdc9d9-ddb5-4fa4-a97d-d965ccfc6d4b" outcome="Passed" testListId="8c84fa94-04c1-424b-9868-57a2d4851a1d" relativeResultsDirectory="f2cb6944-f9f1-4610-9593-1edf727145e3" />
    <UnitTestResult executionId="1ccd17c8-6398-4bc1-89d4-bf59eead0b3c" testId="6918c63f-27aa-e388-cd6d-3a1d843bbb37" testName="ConvertIdpLog_UserLoginFailed" computerName="DKSR-EFI-04" duration="00:00:00.0011721" startTime="2023-12-22T09:34:53.5379031+01:00" endTime="2023-12-22T09:34:53.5379031+01:00" testType="13cdc9d9-ddb5-4fa4-a97d-d965ccfc6d4b" outcome="Passed" testListId="8c84fa94-04c1-424b-9868-57a2d4851a1d" relativeResultsDirectory="1ccd17c8-6398-4bc1-89d4-bf59eead0b3c" />
    <UnitTestResult executionId="379c81e7-15c4-4fd7-b994-4278b94a846e" testId="80cfdcf4-3ae7-41d1-d06b-911bddf3f6cf" testName="HardwareAlreadyAddedResponse_ModelIsNull_BadRequestResult" computerName="DKSR-EFI-04" duration="00:00:00.0004992" startTime="2023-12-22T09:34:00.9751373+01:00" endTime="2023-12-22T09:34:00.9751373+01:00" testType="13cdc9d9-ddb5-4fa4-a97d-d965ccfc6d4b" outcome="Passed" testListId="8c84fa94-04c1-424b-9868-57a2d4851a1d" relativeResultsDirectory="379c81e7-15c4-4fd7-b994-4278b94a846e" />
    <UnitTestResult executionId="7b3905e4-c362-4be5-8a30-9ed883bfd206" testId="de3b1ba6-b022-0826-8809-95b9c90dca9f" testName="HardwareActivatedNotOnWhiteList_ReplacedWithNoInheritance_HardwareOnWhiteList_NoCWAAllowed_NewHardwareInGrace" computerName="DKSR-EFI-04" duration="00:00:00.1879820" startTime="2023-12-22T09:35:02.8035776+01:00" endTime="2023-12-22T09:35:02.9910819+01:00" testType="13cdc9d9-ddb5-4fa4-a97d-d965ccfc6d4b" outcome="Passed" testListId="8c84fa94-04c1-424b-9868-57a2d4851a1d" relativeResultsDirectory="7b3905e4-c362-4be5-8a30-9ed883bfd206" />
    <UnitTestResult executionId="0a09b0f9-abff-495f-82cd-4511f44f0bb1" testId="fb4bfc16-4472-c6ec-c70f-01a0505dd049" testName="DeleteHardwareTaskCommandHandler_Execute_Failed_Timeout_Response" computerName="DKSR-EFI-04" duration="00:00:00.0013787" startTime="2023-12-22T09:36:18.5070968+01:00" endTime="2023-12-22T09:36:18.5227226+01:00" testType="13cdc9d9-ddb5-4fa4-a97d-d965ccfc6d4b" outcome="Passed" testListId="8c84fa94-04c1-424b-9868-57a2d4851a1d" relativeResultsDirectory="0a09b0f9-abff-495f-82cd-4511f44f0bb1" />
    <UnitTestResult executionId="97d2d253-6348-49f5-881e-60e9cfd71f80" testId="f51e7d15-bb07-1f77-c496-763527081ab8" testName="GetHardwareUsersCommandHandler_Execute_EmptyHardwareId_ReturnsFailResponse" computerName="DKSR-EFI-04" duration="00:00:00.0004595" startTime="2023-12-22T09:36:19.8039781+01:00" endTime="2023-12-22T09:36:19.8196049+01:00" testType="13cdc9d9-ddb5-4fa4-a97d-d965ccfc6d4b" outcome="Passed" testListId="8c84fa94-04c1-424b-9868-57a2d4851a1d" relativeResultsDirectory="97d2d253-6348-49f5-881e-60e9cfd71f80" />
    <UnitTestResult executionId="19355b79-56fd-4cea-9e52-a8efca07fdf4" testId="fca732b5-9fae-3535-07d0-1e4a432e7d32" testName="UpdateHardwareTaskCommandHandler_Apply_Deleted_Tests" computerName="DKSR-EFI-04" duration="00:00:00.0457197" startTime="2023-12-22T09:36:44.6478623+01:00" endTime="2023-12-22T09:36:44.6947360+01:00" testType="13cdc9d9-ddb5-4fa4-a97d-d965ccfc6d4b" outcome="Passed" testListId="8c84fa94-04c1-424b-9868-57a2d4851a1d" relativeResultsDirectory="19355b79-56fd-4cea-9e52-a8efca07fdf4" />
    <UnitTestResult executionId="1469c4ab-efc8-41ea-88da-7873b87cd249" testId="530f69b5-a447-ca60-be02-7dd53dd950cc" testName="Validate_ClearChangesWithoutActivation_RemovesAllHardwareAndDevices" computerName="DKSR-EFI-04" duration="00:00:00.0029561" startTime="2023-12-22T09:35:59.1632455+01:00" endTime="2023-12-22T09:35:59.1788717+01:00" testType="13cdc9d9-ddb5-4fa4-a97d-d965ccfc6d4b" outcome="Passed" testListId="8c84fa94-04c1-424b-9868-57a2d4851a1d" relativeResultsDirectory="1469c4ab-efc8-41ea-88da-7873b87cd249" />
    <UnitTestResult executionId="ef73e9b8-6ef1-4985-a90a-0caa57ca8805" testId="cd7b14ce-fbc0-7d81-9aa0-e2c8ec4f6e9c" testName="ValidateParameter_InvalidTemporaryStorage_Expect_ArgumentNullException" computerName="DKSR-EFI-04" duration="00:00:00.0090019" startTime="2023-12-22T09:35:35.9131231+01:00" endTime="2023-12-22T09:35:35.9287486+01:00" testType="13cdc9d9-ddb5-4fa4-a97d-d965ccfc6d4b" outcome="Passed" testListId="8c84fa94-04c1-424b-9868-57a2d4851a1d" relativeResultsDirectory="ef73e9b8-6ef1-4985-a90a-0caa57ca8805" />
    <UnitTestResult executionId="ca9ca16d-bbd1-4ef0-9bc1-b535c00a31f3" testId="32fc502d-9cb3-be3e-d7d9-da55ad2cd200" testName="Construct_ValidLicenseCountManager_Instance" computerName="DKSR-EFI-04" duration="00:00:00.0002620" startTime="2023-12-22T09:35:58.9288695+01:00" endTime="2023-12-22T09:35:58.9288695+01:00" testType="13cdc9d9-ddb5-4fa4-a97d-d965ccfc6d4b" outcome="Passed" testListId="8c84fa94-04c1-424b-9868-57a2d4851a1d" relativeResultsDirectory="ca9ca16d-bbd1-4ef0-9bc1-b535c00a31f3" />
    <UnitTestResult executionId="8ebb8769-6d41-4f0a-9466-16d677e1ad92" testId="02a5d1b5-54c4-7b9e-575f-d33c2ef2a7b5" testName="ReplaceHardwareTaskCommandHandler_DeviceMapper_Fail_NotMatchingHwids_Test" computerName="DKSR-EFI-04" duration="00:00:00.0007638" startTime="2023-12-22T09:36:28.0852773+01:00" endTime="2023-12-22T09:36:28.0852773+01:00" testType="13cdc9d9-ddb5-4fa4-a97d-d965ccfc6d4b" outcome="Passed" testListId="8c84fa94-04c1-424b-9868-57a2d4851a1d" relativeResultsDirectory="8ebb8769-6d41-4f0a-9466-16d677e1ad92" />
    <UnitTestResult executionId="c0ee0d54-c909-4d6f-8ad5-aeccf4bba217" testId="14e6fe3c-f84a-6467-7b6a-02c046284221" testName="LicenseCountManager_ValidateRelatedRecordingServerLicenses_IdentifiesRecordersRequiringUpdate_WhenCWAExceeded2_Success" computerName="DKSR-EFI-04" duration="00:00:00.0031034" startTime="2023-12-22T09:35:59.2726231+01:00" endTime="2023-12-22T09:35:59.2726231+01:00" testType="13cdc9d9-ddb5-4fa4-a97d-d965ccfc6d4b" outcome="Passed" testListId="8c84fa94-04c1-424b-9868-57a2d4851a1d" relativeResultsDirectory="c0ee0d54-c909-4d6f-8ad5-aeccf4bba217" />
    <UnitTestResult executionId="c6a18007-8ff9-4e63-9b33-b39ecc7bab4c" testId="5b93ef42-b7b3-5196-9d09-0e0e6b274066" testName="CheckConfigurationDataSetTest_RecorderMulticastNotLicensedFail" computerName="DKSR-EFI-04" duration="00:00:00.0025952" startTime="2023-12-22T09:35:59.6788723+01:00" endTime="2023-12-22T09:35:59.6788723+01:00" testType="13cdc9d9-ddb5-4fa4-a97d-d965ccfc6d4b" outcome="Passed" testListId="8c84fa94-04c1-424b-9868-57a2d4851a1d" relativeResultsDirectory="c6a18007-8ff9-4e63-9b33-b39ecc7bab4c" />
    <UnitTestResult executionId="e8107bbc-58ec-4a18-8b37-4d7648854ecd" testId="9a2ae23d-13da-c24d-5e36-de3d633eaea3" testName="Ctor_IdpServerNameNull_ThrowsArgumentNullException" computerName="DKSR-EFI-04" duration="00:00:00.0017713" startTime="2023-12-22T09:34:53.9597820+01:00" endTime="2023-12-22T09:34:53.9597820+01:00" testType="13cdc9d9-ddb5-4fa4-a97d-d965ccfc6d4b" outcome="Passed" testListId="8c84fa94-04c1-424b-9868-57a2d4851a1d" relativeResultsDirectory="e8107bbc-58ec-4a18-8b37-4d7648854ecd" />
    <UnitTestResult executionId="ac54b5ba-cc2a-4b90-9c21-9a91b7d29e0c" testId="44aed161-4037-6593-a3b8-432128666ea9" testName="FirmwareUpgradeTaskCommandHandler_Execute_Failed_ErrorUnsupported" computerName="DKSR-EFI-04" duration="00:00:00.0007949" startTime="2023-12-22T09:36:19.7102273+01:00" endTime="2023-12-22T09:36:19.7102273+01:00" testType="13cdc9d9-ddb5-4fa4-a97d-d965ccfc6d4b" outcome="Passed" testListId="8c84fa94-04c1-424b-9868-57a2d4851a1d" relativeResultsDirectory="ac54b5ba-cc2a-4b90-9c21-9a91b7d29e0c" />
    <UnitTestResult executionId="0f097b9c-fe5e-4908-9fe5-fb6cecb20aef" testId="d75d964c-e6ab-8f77-a1f1-72465d94a22d" testName="AddUnlicensedDevice_AddSecondDeviceWithSameUniqueIdentifier_ReturnsFalse" computerName="DKSR-EFI-04" duration="00:00:00.0005331" startTime="2023-12-22T09:36:15.7414569+01:00" endTime="2023-12-22T09:36:15.7414569+01:00" testType="13cdc9d9-ddb5-4fa4-a97d-d965ccfc6d4b" outcome="Passed" testListId="8c84fa94-04c1-424b-9868-57a2d4851a1d" relativeResultsDirectory="0f097b9c-fe5e-4908-9fe5-fb6cecb20aef" />
    <UnitTestResult executionId="bc184839-6fe6-4d02-a463-61f1dbae92ff" testId="0dcc83a8-8546-1d40-f9a8-9df68c4b35fe" testName="AllocateLicenses_NotActivated_OneDevice_FiveEnabledCameraChannels_LicenseCountFive_FiveInGrace" computerName="DKSR-EFI-04" duration="00:00:00.0724027" startTime="2023-12-22T09:35:40.8662769+01:00" endTime="2023-12-22T09:35:40.9444007+01:00" testType="13cdc9d9-ddb5-4fa4-a97d-d965ccfc6d4b" outcome="Passed" testListId="8c84fa94-04c1-424b-9868-57a2d4851a1d" relativeResultsDirectory="bc184839-6fe6-4d02-a463-61f1dbae92ff" />
    <UnitTestResult executionId="89eff656-774d-4329-bb55-e2803b779ee9" testId="05cb3fbe-774b-bffe-3d71-771cad3a9f6c" testName="Construct_LicenseSnapshot_InvalidHardwareLicenseInfo_Throws_ArgumentNullException" computerName="DKSR-EFI-04" duration="00:00:00.0006248" startTime="2023-12-22T09:36:15.5383328+01:00" endTime="2023-12-22T09:36:15.5539584+01:00" testType="13cdc9d9-ddb5-4fa4-a97d-d965ccfc6d4b" outcome="Passed" testListId="8c84fa94-04c1-424b-9868-57a2d4851a1d" relativeResultsDirectory="89eff656-774d-4329-bb55-e2803b779ee9" />
    <UnitTestResult executionId="58c93cab-3e84-4a25-a2a3-de7a6f58de17" testId="d6f81ae9-e981-8578-05d8-fc4d8d62f519" testName="LicenseCountManager_Hardware_Get_Set_HardwareLicenseValue" computerName="DKSR-EFI-04" duration="00:00:00.0005331" startTime="2023-12-22T09:35:59.3038726+01:00" endTime="2023-12-22T09:35:59.3038726+01:00" testType="13cdc9d9-ddb5-4fa4-a97d-d965ccfc6d4b" outcome="Passed" testListId="8c84fa94-04c1-424b-9868-57a2d4851a1d" relativeResultsDirectory="58c93cab-3e84-4a25-a2a3-de7a6f58de17" />
    <UnitTestResult executionId="04678709-99e7-461f-b327-4acbe47cddf9" testId="0af6b612-3ebd-5e45-a89c-94611fd252c6" testName="IsHardwareInChangesWithoutActivation_ReturnsTrue_OnPreviousYearDevices" computerName="DKSR-EFI-04" duration="00:00:00.0079828" startTime="2023-12-22T09:36:06.9289135+01:00" endTime="2023-12-22T09:36:06.9289135+01:00" testType="13cdc9d9-ddb5-4fa4-a97d-d965ccfc6d4b" outcome="Passed" testListId="8c84fa94-04c1-424b-9868-57a2d4851a1d" relativeResultsDirectory="04678709-99e7-461f-b327-4acbe47cddf9" />
    <UnitTestResult executionId="95ee2576-58ff-431f-b460-ae1c4863e9e7" testId="b517da97-3485-d8db-d444-60a14aaf59d2" testName="SetHotstandByFailoverRecorderInformation_WatchingRecorderDeleted_ErrorResponse" computerName="DKSR-EFI-04" duration="00:00:00.0009046" startTime="2023-12-22T09:34:01.4907645+01:00" endTime="2023-12-22T09:34:01.4907645+01:00" testType="13cdc9d9-ddb5-4fa4-a97d-d965ccfc6d4b" outcome="Passed" testListId="8c84fa94-04c1-424b-9868-57a2d4851a1d" relativeResultsDirectory="95ee2576-58ff-431f-b460-ae1c4863e9e7" />
    <UnitTestResult executionId="2c0cf2f8-22dd-4f5b-9959-d3b94edc2c33" testId="d81c2536-2ddc-1b92-7cc5-260eee920d18" testName="ChannelLicenseCountManager_Hardware_Get_Set_HardwareLicenseValue" computerName="DKSR-EFI-04" duration="00:00:00.0008573" startTime="2023-12-22T09:35:58.9601197+01:00" endTime="2023-12-22T09:35:58.9601197+01:00" testType="13cdc9d9-ddb5-4fa4-a97d-d965ccfc6d4b" outcome="Passed" testListId="8c84fa94-04c1-424b-9868-57a2d4851a1d" relativeResultsDirectory="2c0cf2f8-22dd-4f5b-9959-d3b94edc2c33" />
    <UnitTestResult executionId="f1f2dce5-3f1e-4cf8-b301-bdac598e0acb" testId="719db6eb-3a76-008d-3a20-f8857c55640f" testName="AnalyzeAndCreateAuditLogs_AddedSecurityPermissionsDeviceRowWithTimeBackward1Day_ReturnsTwoAuditLogsWithTimeBackwardDays" computerName="DKSR-EFI-04" duration="00:00:00.0048930" startTime="2023-12-22T09:36:17.3039705+01:00" endTime="2023-12-22T09:36:17.3039705+01:00" testType="13cdc9d9-ddb5-4fa4-a97d-d965ccfc6d4b" outcome="Passed" testListId="8c84fa94-04c1-424b-9868-57a2d4851a1d" relativeResultsDirectory="f1f2dce5-3f1e-4cf8-b301-bdac598e0acb" />
    <UnitTestResult executionId="3f1aeec7-dad0-43ae-9e8b-ecdcebb85545" testId="59289e4d-8682-76ea-4554-4dad5ec11b38" testName="AddHardwareUserCommandHandler_Execute_ThrowsIfGivenWrongCommandOrNullParameters" computerName="DKSR-EFI-04" duration="00:00:00.0100203" startTime="2023-12-22T09:36:16.1945841+01:00" endTime="2023-12-22T09:36:16.1945841+01:00" testType="13cdc9d9-ddb5-4fa4-a97d-d965ccfc6d4b" outcome="Passed" testListId="8c84fa94-04c1-424b-9868-57a2d4851a1d" relativeResultsDirectory="3f1aeec7-dad0-43ae-9e8b-ecdcebb85545">
      <Output>
        <StdOut>Debug Trace:&#xD;
Fail: Command/Command handler type mismatch&#xD;
Fail: Command/Command handler type mismatch&#xD;
Fail: The command handler expect an object that implements ICallContextInfo in the state parameter&#xD;
Fail: The command handler expect an object that implements IResponseSink in the responseSink parameter</StdOut>
      </Output>
    </UnitTestResult>
    <UnitTestResult executionId="1ca0a376-e291-4ad2-bf89-4aa3afa5902e" testId="e271b044-e1ee-b1ea-4f44-29d190086149" testName="HardwareInCWAOnWhiteList_ReplacedWithInheritance_HardwareNotOnWhiteList_NoMoreCWAAllowed_NewDevicesInGrace" computerName="DKSR-EFI-04" duration="00:00:00.5140508" startTime="2023-12-22T09:35:12.0067505+01:00" endTime="2023-12-22T09:35:12.5067517+01:00" testType="13cdc9d9-ddb5-4fa4-a97d-d965ccfc6d4b" outcome="Passed" testListId="8c84fa94-04c1-424b-9868-57a2d4851a1d" relativeResultsDirectory="1ca0a376-e291-4ad2-bf89-4aa3afa5902e" />
    <UnitTestResult executionId="6dd0a829-0e52-4900-aa05-8f47e327f8c3" testId="596d26c1-a184-f4f9-9435-7f20127842cb" testName="ChannelLicenseCountManager_FindActiveHardwareInChangesWithoutActivation_ReturnsEmptyList_OnOnlyDeletedHardwareInChanges" computerName="DKSR-EFI-04" duration="00:00:00.0147555" startTime="2023-12-22T09:35:59.1319955+01:00" endTime="2023-12-22T09:35:59.1476209+01:00" testType="13cdc9d9-ddb5-4fa4-a97d-d965ccfc6d4b" outcome="Passed" testListId="8c84fa94-04c1-424b-9868-57a2d4851a1d" relativeResultsDirectory="6dd0a829-0e52-4900-aa05-8f47e327f8c3" />
    <UnitTestResult executionId="f8d7d577-0d60-406a-8a69-ad18d421e3b3" testId="c515c7cc-d55a-ea72-d25b-2e3f0c53338a" testName="HardwareScanExpressTaskCommandHandler_Execute_UnexpectedResponse_FailResponse" computerName="DKSR-EFI-04" duration="00:00:00.0012476" startTime="2023-12-22T09:36:20.0383549+01:00" endTime="2023-12-22T09:36:20.0383549+01:00" testType="13cdc9d9-ddb5-4fa4-a97d-d965ccfc6d4b" outcome="Passed" testListId="8c84fa94-04c1-424b-9868-57a2d4851a1d" relativeResultsDirectory="f8d7d577-0d60-406a-8a69-ad18d421e3b3" />
    <UnitTestResult executionId="b41609d4-1dda-4d8d-b236-4b2a11854a26" testId="84bd42f8-6c42-6804-8e9c-d2a57ef8e5b5" testName="UpdateRecorderTaskProgress_ModelIsNull_BadRequestResult" computerName="DKSR-EFI-04" duration="00:00:00.0010905" startTime="2023-12-22T09:34:00.4907610+01:00" endTime="2023-12-22T09:34:00.4907610+01:00" testType="13cdc9d9-ddb5-4fa4-a97d-d965ccfc6d4b" outcome="Passed" testListId="8c84fa94-04c1-424b-9868-57a2d4851a1d" relativeResultsDirectory="b41609d4-1dda-4d8d-b236-4b2a11854a26" />
    <UnitTestResult executionId="8e076403-7552-4179-9c04-be464b0bb383" testId="2c8ebbf0-442d-6673-0b05-ad9143b4c52d" testName="LicenseInfoXmlWriter_Throw_Constructor_LicenseManagerNullValue" computerName="DKSR-EFI-04" duration="00:00:00.0007564" startTime="2023-12-22T09:35:59.8038756+01:00" endTime="2023-12-22T09:35:59.8038756+01:00" testType="13cdc9d9-ddb5-4fa4-a97d-d965ccfc6d4b" outcome="Passed" testListId="8c84fa94-04c1-424b-9868-57a2d4851a1d" relativeResultsDirectory="8e076403-7552-4179-9c04-be464b0bb383" />
    <UnitTestResult executionId="69e5788a-38f0-43a1-a854-e70a8a422a00" testId="5f362af3-57c8-1122-bb39-fbb8155f17f4" testName="UpdateHardwareTaskCommandHandler_Construction_Null_Tests" computerName="DKSR-EFI-04" duration="00:00:00.0309539" startTime="2023-12-22T09:36:43.6947321+01:00" endTime="2023-12-22T09:36:43.7261265+01:00" testType="13cdc9d9-ddb5-4fa4-a97d-d965ccfc6d4b" outcome="Passed" testListId="8c84fa94-04c1-424b-9868-57a2d4851a1d" relativeResultsDirectory="69e5788a-38f0-43a1-a854-e70a8a422a00">
      <Output>
        <StdOut>Debug Trace:&#xD;
Fail: Argument null</StdOut>
      </Output>
    </UnitTestResult>
    <UnitTestResult executionId="af14f3cb-db42-4120-8548-010979c54ca7" testId="3a57acb2-3a31-781d-767d-d0497ee35db7" testName="HardwareActivatedOnWhiteList_ReplacedWithInheritance_HardwareOnWhiteList_CWAAllowed_NewHardwareInCWA" computerName="DKSR-EFI-04" duration="00:00:00.2705009" startTime="2023-12-22T09:35:06.3660941+01:00" endTime="2023-12-22T09:35:06.6473474+01:00" testType="13cdc9d9-ddb5-4fa4-a97d-d965ccfc6d4b" outcome="Passed" testListId="8c84fa94-04c1-424b-9868-57a2d4851a1d" relativeResultsDirectory="af14f3cb-db42-4120-8548-010979c54ca7" />
    <UnitTestResult executionId="e93bf9e4-80c2-46b4-a691-0c934d902950" testId="8ce6542e-fbae-6f63-9777-4cd66f576c67" testName="AllocateLicenses_TwoHardware_OneLicense_OneHardwareWithNoCameraDevices" computerName="DKSR-EFI-04" duration="00:00:00.1783836" startTime="2023-12-22T09:35:41.3662761+01:00" endTime="2023-12-22T09:35:41.5381559+01:00" testType="13cdc9d9-ddb5-4fa4-a97d-d965ccfc6d4b" outcome="Passed" testListId="8c84fa94-04c1-424b-9868-57a2d4851a1d" relativeResultsDirectory="e93bf9e4-80c2-46b4-a691-0c934d902950" />
    <UnitTestResult executionId="5d10b58f-2cfa-47e7-a715-ac733d4f52b7" testId="c576af66-9afa-10c2-027a-7e1a44cd0712" testName="AllocateLicenses_NotActivated_OneDevice_SixDisabledCameraChannels_LicenseCountFive_OneInGrace" computerName="DKSR-EFI-04" duration="00:00:00.0344660" startTime="2023-12-22T09:35:37.1162571+01:00" endTime="2023-12-22T09:35:37.1475073+01:00" testType="13cdc9d9-ddb5-4fa4-a97d-d965ccfc6d4b" outcome="Passed" testListId="8c84fa94-04c1-424b-9868-57a2d4851a1d" relativeResultsDirectory="5d10b58f-2cfa-47e7-a715-ac733d4f52b7" />
    <UnitTestResult executionId="df69ac1d-5d64-4a26-9fc7-6fa12bd9398f" testId="8fbc7a88-4418-5963-2c9e-c4c017277a2d" testName="SetHardwareNetworkSettingsCommandHandler_Execute_EmptyHardwareId_ReturnsFailResponse" computerName="DKSR-EFI-04" duration="00:00:00.0005117" startTime="2023-12-22T09:36:28.1634016+01:00" endTime="2023-12-22T09:36:28.1634016+01:00" testType="13cdc9d9-ddb5-4fa4-a97d-d965ccfc6d4b" outcome="Passed" testListId="8c84fa94-04c1-424b-9868-57a2d4851a1d" relativeResultsDirectory="df69ac1d-5d64-4a26-9fc7-6fa12bd9398f" />
    <UnitTestResult executionId="d130d470-3465-4570-bb35-2275721da2b0" testId="adfd4501-32c9-6cd5-35ef-7976b250b7c5" testName="AllocateLicenses_AddHardwareWithNoCameras_Activate_ThreeActivated" computerName="DKSR-EFI-04" duration="00:00:00.1505799" startTime="2023-12-22T09:35:45.7256744+01:00" endTime="2023-12-22T09:35:45.8819218+01:00" testType="13cdc9d9-ddb5-4fa4-a97d-d965ccfc6d4b" outcome="Passed" testListId="8c84fa94-04c1-424b-9868-57a2d4851a1d" relativeResultsDirectory="d130d470-3465-4570-bb35-2275721da2b0" />
    <UnitTestResult executionId="b8a37b4d-0cad-4400-9be4-2b3194558546" testId="2c474dad-fea8-dd23-dae8-7f89d2f205ba" testName="TemporaryLicenseStorage_LoadData_Old_Format_No_Licenses" computerName="DKSR-EFI-04" duration="00:00:00.0028696" startTime="2023-12-22T09:36:15.7883334+01:00" endTime="2023-12-22T09:36:15.7883334+01:00" testType="13cdc9d9-ddb5-4fa4-a97d-d965ccfc6d4b" outcome="Passed" testListId="8c84fa94-04c1-424b-9868-57a2d4851a1d" relativeResultsDirectory="b8a37b4d-0cad-4400-9be4-2b3194558546" />
    <UnitTestResult executionId="0b6a161b-5a45-4a7a-a496-b5960f55b2da" testId="6e52751a-538c-2d39-5d97-bf8a9ed56a9c" testName="LoadTemporaryHardwareChangesWithoutActivationIdentifiers_HardwareAndDevicesInCWA_ReturnsCWAIdentifiers" computerName="DKSR-EFI-04" duration="00:00:00.0019742" startTime="2023-12-22T09:36:15.8195840+01:00" endTime="2023-12-22T09:36:15.8195840+01:00" testType="13cdc9d9-ddb5-4fa4-a97d-d965ccfc6d4b" outcome="Passed" testListId="8c84fa94-04c1-424b-9868-57a2d4851a1d" relativeResultsDirectory="0b6a161b-5a45-4a7a-a496-b5960f55b2da" />
    <UnitTestResult executionId="cb40b274-4655-41b1-9943-2423b2018ed0" testId="b20280df-57e1-0c4a-9eea-dd5ebed1a7b2" testName="Validate_FirstGraceExpireShown_WithWhiteListedAndNonWhitelistedHardwareOnly_Success" computerName="DKSR-EFI-04" duration="00:00:00.0555859" startTime="2023-12-22T09:36:00.8038822+01:00" endTime="2023-12-22T09:36:00.8663805+01:00" testType="13cdc9d9-ddb5-4fa4-a97d-d965ccfc6d4b" outcome="Passed" testListId="8c84fa94-04c1-424b-9868-57a2d4851a1d" relativeResultsDirectory="cb40b274-4655-41b1-9943-2423b2018ed0" />
    <UnitTestResult executionId="568307dd-5b2f-45c3-9acb-651b24a8beb8" testId="62ba3a2c-2fe4-e764-147b-6b26914cb920" testName="CheckMsFailoverStatusCommandHandler_Execute_InvokeEventTrue_EmptyResponse_ShouldNotTrigger" computerName="DKSR-EFI-04" duration="00:00:00.0032408" startTime="2023-12-22T09:36:17.1633455+01:00" endTime="2023-12-22T09:36:17.1789656+01:00" testType="13cdc9d9-ddb5-4fa4-a97d-d965ccfc6d4b" outcome="Passed" testListId="8c84fa94-04c1-424b-9868-57a2d4851a1d" relativeResultsDirectory="568307dd-5b2f-45c3-9acb-651b24a8beb8" />
    <UnitTestResult executionId="8f776d18-0066-4d02-9667-53747e7b8858" testId="79f071eb-e625-b2fd-6581-3da41d293199" testName="CleanUp_OldClientsRemoved_DebugLogMessage" computerName="DKSR-EFI-04" duration="00:00:00.0018439" startTime="2023-12-22T09:36:45.0228651+01:00" endTime="2023-12-22T09:36:45.0228651+01:00" testType="13cdc9d9-ddb5-4fa4-a97d-d965ccfc6d4b" outcome="Passed" testListId="8c84fa94-04c1-424b-9868-57a2d4851a1d" relativeResultsDirectory="8f776d18-0066-4d02-9667-53747e7b8858" />
    <UnitTestResult executionId="4bbabbc8-49bd-4e5a-8759-7634fcdf8970" testId="3506f156-8f51-bfa1-8459-a10267dc2ca5" testName="Validate_RemoveDeviceFromChangesWithoutActivation_WithNullHardwareDeviceItem_ThrowsArgumentNullException" computerName="DKSR-EFI-04" duration="00:00:00.0012330" startTime="2023-12-22T09:35:59.1788717+01:00" endTime="2023-12-22T09:35:59.1788717+01:00" testType="13cdc9d9-ddb5-4fa4-a97d-d965ccfc6d4b" outcome="Passed" testListId="8c84fa94-04c1-424b-9868-57a2d4851a1d" relativeResultsDirectory="4bbabbc8-49bd-4e5a-8759-7634fcdf8970" />
    <UnitTestResult executionId="d738df29-b72a-49fd-b652-53e666d315db" testId="ef630a96-b5e5-f228-c2c4-385d4fbb0e17" testName="GetHardwareUsersCommandHandler_Execute_EmptyRecorderServiceId_ReturnsFailResponse" computerName="DKSR-EFI-04" duration="00:00:00.0008918" startTime="2023-12-22T09:36:19.8196049+01:00" endTime="2023-12-22T09:36:19.8196049+01:00" testType="13cdc9d9-ddb5-4fa4-a97d-d965ccfc6d4b" outcome="Passed" testListId="8c84fa94-04c1-424b-9868-57a2d4851a1d" relativeResultsDirectory="d738df29-b72a-49fd-b652-53e666d315db" />
    <UnitTestResult executionId="deb9ff76-807f-42bc-a4f5-e2a0b3aefd25" testId="81805bb5-19b7-51ab-b4b3-02e21590d4b6" testName="WarningResponse_ModelIsNull_BadRequestResult" computerName="DKSR-EFI-04" duration="00:00:00.0005311" startTime="2023-12-22T09:34:00.8970145+01:00" endTime="2023-12-22T09:34:00.8970145+01:00" testType="13cdc9d9-ddb5-4fa4-a97d-d965ccfc6d4b" outcome="Passed" testListId="8c84fa94-04c1-424b-9868-57a2d4851a1d" relativeResultsDirectory="deb9ff76-807f-42bc-a4f5-e2a0b3aefd25" />
    <UnitTestResult executionId="15aae671-3b21-4893-985f-86ec564f043c" testId="d6460fef-7c1f-f733-199f-97b4a5b4124b" testName="HardwareActivatedOnWhiteList_ReplacedWithInheritance_HardwareNotOnWhiteList_CWAAllowed_AllDevicesInCWA" computerName="DKSR-EFI-04" duration="00:00:00.1525464" startTime="2023-12-22T09:35:06.0692187+01:00" endTime="2023-12-22T09:35:06.2098448+01:00" testType="13cdc9d9-ddb5-4fa4-a97d-d965ccfc6d4b" outcome="Passed" testListId="8c84fa94-04c1-424b-9868-57a2d4851a1d" relativeResultsDirectory="15aae671-3b21-4893-985f-86ec564f043c" />
    <UnitTestResult executionId="1aa5565d-6d12-4fec-93b3-806581601893" testId="edc878a0-a43a-73ef-acb0-37577f353475" testName="AutomaticActivationFaileEvent_GetsFiredOnlyOnce_OnConsecutiveFailedActivations" computerName="DKSR-EFI-04" duration="00:00:00.0005463" startTime="2023-12-22T09:35:01.6316965+01:00" endTime="2023-12-22T09:35:01.6316965+01:00" testType="13cdc9d9-ddb5-4fa4-a97d-d965ccfc6d4b" outcome="Passed" testListId="8c84fa94-04c1-424b-9868-57a2d4851a1d" relativeResultsDirectory="1aa5565d-6d12-4fec-93b3-806581601893" />
    <UnitTestResult executionId="9ba9d63d-958e-41db-a8f8-fa761c7246e6" testId="0f51215b-b683-7829-13ff-5f31881b44ee" testName="ChangeHardwarePasswordTaskCommandHandler_Constructor_Arguments_Null_Throws" computerName="DKSR-EFI-04" duration="00:00:00.0105741" startTime="2023-12-22T09:36:16.2258362+01:00" endTime="2023-12-22T09:36:16.2414635+01:00" testType="13cdc9d9-ddb5-4fa4-a97d-d965ccfc6d4b" outcome="Passed" testListId="8c84fa94-04c1-424b-9868-57a2d4851a1d" relativeResultsDirectory="9ba9d63d-958e-41db-a8f8-fa761c7246e6">
      <Output>
        <StdOut>Debug Trace:&#xD;
Fail: Argument null</StdOut>
      </Output>
    </UnitTestResult>
    <UnitTestResult executionId="15eab874-31c5-4461-aae9-c29ab0eb49ca" testId="ec44a99e-89cd-c3d4-13d7-075ed8b19dd0" testName="Simulate_GracePeriodExpiring_SuccesfullyExpiresHardware_Whitelisted" computerName="DKSR-EFI-04" duration="00:00:00.2294941" startTime="2023-12-22T09:35:46.1631760+01:00" endTime="2023-12-22T09:35:46.3975546+01:00" testType="13cdc9d9-ddb5-4fa4-a97d-d965ccfc6d4b" outcome="Passed" testListId="8c84fa94-04c1-424b-9868-57a2d4851a1d" relativeResultsDirectory="15eab874-31c5-4461-aae9-c29ab0eb49ca" />
    <UnitTestResult executionId="6512ecc2-e8a8-49d3-8bd0-990d66961fb0" testId="ab0344e1-f2d2-e877-24a4-25ab8356eac9" testName="MoveHardwareTaskCommandHandler_Execute_DeviceEvidenceLocks_NoLiveTables_NoDistributions" computerName="DKSR-EFI-04" duration="00:00:00.3564846" startTime="2023-12-22T09:36:22.0227409+01:00" endTime="2023-12-22T09:36:22.3821184+01:00" testType="13cdc9d9-ddb5-4fa4-a97d-d965ccfc6d4b" outcome="Passed" testListId="8c84fa94-04c1-424b-9868-57a2d4851a1d" relativeResultsDirectory="6512ecc2-e8a8-49d3-8bd0-990d66961fb0">
      <Output>
        <StdOut>Progress: 10&#xD;
Progress: 20&#xD;
Progress: 30&#xD;
Progress: 35&#xD;
Progress: 40&#xD;
Progress: 42&#xD;
Progress: 44&#xD;
Progress: 60&#xD;
Progress: 70&#xD;
Progress: 80&#xD;
Progress: 90&#xD;
Progress: 95&#xD;
Progress: 100</StdOut>
      </Output>
    </UnitTestResult>
    <UnitTestResult executionId="533b7e85-09ad-4c22-886a-b5d2ae10863c" testId="7de72132-1cd2-24ce-040a-81cf45b201bd" testName="AnalyzeAndCreateAuditLogs_DeletedSecurityPermissionsDeviceRowWithDEVICESPEAKPRIORITYAtrributeDefaultPriority_ReturnsOneAuditLog" computerName="DKSR-EFI-04" duration="00:00:00.0046696" startTime="2023-12-22T09:36:17.4602199+01:00" endTime="2023-12-22T09:36:17.4602199+01:00" testType="13cdc9d9-ddb5-4fa4-a97d-d965ccfc6d4b" outcome="Passed" testListId="8c84fa94-04c1-424b-9868-57a2d4851a1d" relativeResultsDirectory="533b7e85-09ad-4c22-886a-b5d2ae10863c" />
    <UnitTestResult executionId="713cf940-fb5e-4d53-938b-c1d0a27e45f7" testId="f6d1993a-6db2-551d-9c0e-78124ea0eb13" testName="HardwareInCWAOnWhiteList_ReplacedWithInheritance_HardwareOnWhiteList_NoMoreCWAAllowed_MoreChannelsOnReplacedHardware_NewHardwareInGrace" computerName="DKSR-EFI-04" duration="00:00:00.2940662" startTime="2023-12-22T09:35:19.6161628+01:00" endTime="2023-12-22T09:35:19.9130404+01:00" testType="13cdc9d9-ddb5-4fa4-a97d-d965ccfc6d4b" outcome="Passed" testListId="8c84fa94-04c1-424b-9868-57a2d4851a1d" relativeResultsDirectory="713cf940-fb5e-4d53-938b-c1d0a27e45f7" />
    <UnitTestResult executionId="f24a12cb-9fce-4578-adda-d127ca2db7e9" testId="98f533e5-cb2d-28ac-67c0-1c9e3a63eadf" testName="HardwareLicense_Add_NullInstance_Throws_ArgumentNullException" computerName="DKSR-EFI-04" duration="00:00:00.0007429" startTime="2023-12-22T09:36:15.6164560+01:00" endTime="2023-12-22T09:36:15.6164560+01:00" testType="13cdc9d9-ddb5-4fa4-a97d-d965ccfc6d4b" outcome="Passed" testListId="8c84fa94-04c1-424b-9868-57a2d4851a1d" relativeResultsDirectory="f24a12cb-9fce-4578-adda-d127ca2db7e9" />
    <UnitTestResult executionId="c6fed3f6-9451-4926-bfd7-126cf0551215" testId="20f085ed-3660-c5b0-6cb6-d23074a475fe" testName="LicenseCountManager_CameraFeed_GetCameraFeedsUsed_Success" computerName="DKSR-EFI-04" duration="00:00:00.0075812" startTime="2023-12-22T09:35:59.3507472+01:00" endTime="2023-12-22T09:35:59.3507472+01:00" testType="13cdc9d9-ddb5-4fa4-a97d-d965ccfc6d4b" outcome="Passed" testListId="8c84fa94-04c1-424b-9868-57a2d4851a1d" relativeResultsDirectory="c6fed3f6-9451-4926-bfd7-126cf0551215" />
    <UnitTestResult executionId="1f6c9080-fe07-4dff-b8ce-d9836e4bbc48" testId="f710f672-589f-2591-bbe8-d5b2015480ef" testName="HardwareScanExpressTaskCommandHandler_Execute_DiscoveryComponentSecureScanUnsupported_FailResponse" computerName="DKSR-EFI-04" duration="00:00:00.0012498" startTime="2023-12-22T09:36:20.0071057+01:00" endTime="2023-12-22T09:36:20.0071057+01:00" testType="13cdc9d9-ddb5-4fa4-a97d-d965ccfc6d4b" outcome="Passed" testListId="8c84fa94-04c1-424b-9868-57a2d4851a1d" relativeResultsDirectory="1f6c9080-fe07-4dff-b8ce-d9836e4bbc48" />
    <UnitTestResult executionId="3be7ebfd-fccb-4c81-b790-478951e03cb2" testId="c906cc0a-7d44-d6b5-1674-20b5d76124e1" testName="ConfigurationDataSetLoader_GetDeviceGroupsByParentDeviceGroupId_Success" computerName="DKSR-EFI-04" duration="00:00:00.0007881" startTime="2023-12-22T09:36:15.8977082+01:00" endTime="2023-12-22T09:36:15.8977082+01:00" testType="13cdc9d9-ddb5-4fa4-a97d-d965ccfc6d4b" outcome="Passed" testListId="8c84fa94-04c1-424b-9868-57a2d4851a1d" relativeResultsDirectory="3be7ebfd-fccb-4c81-b790-478951e03cb2" />
    <UnitTestResult executionId="b7c8f02f-51ce-4b2a-ad51-f9603b935177" testId="02d84cd5-f194-d426-ea17-5cdcafecf442" testName="GetRecorderLicense_NonCameraDevicesAreMissingFromRecorderLicense_OnHardwareWithUnlicensedDevices" computerName="DKSR-EFI-04" duration="00:00:00.1750137" startTime="2023-12-22T09:36:08.2882943+01:00" endTime="2023-12-22T09:36:08.4601710+01:00" testType="13cdc9d9-ddb5-4fa4-a97d-d965ccfc6d4b" outcome="Passed" testListId="8c84fa94-04c1-424b-9868-57a2d4851a1d" relativeResultsDirectory="b7c8f02f-51ce-4b2a-ad51-f9603b935177" />
    <UnitTestResult executionId="859ad87b-4731-428e-a42f-5cd02cafc0ed" testId="5ec127f6-d2e6-9022-fc7d-9ae5e2a5b56e" testName="SetHardwareNetworkSettingsCommandHandler_Execute_EmptyRecorderId_ReturnsFailResponse" computerName="DKSR-EFI-04" duration="00:00:00.0008124" startTime="2023-12-22T09:36:28.1790271+01:00" endTime="2023-12-22T09:36:28.1790271+01:00" testType="13cdc9d9-ddb5-4fa4-a97d-d965ccfc6d4b" outcome="Passed" testListId="8c84fa94-04c1-424b-9868-57a2d4851a1d" relativeResultsDirectory="859ad87b-4731-428e-a42f-5cd02cafc0ed" />
    <UnitTestResult executionId="1840221b-8a05-4393-befb-81bd4834073b" testId="d42b2979-2947-eec2-a25c-a15c35e71fbb" testName="GetTotalReplacementLimit_ReturnsPercentageTimeNoCamerasRoundedDown_OnPercentageInTheMiddle" computerName="DKSR-EFI-04" duration="00:00:00.0001688" startTime="2023-12-22T09:36:15.7727069+01:00" endTime="2023-12-22T09:36:15.7727069+01:00" testType="13cdc9d9-ddb5-4fa4-a97d-d965ccfc6d4b" outcome="Passed" testListId="8c84fa94-04c1-424b-9868-57a2d4851a1d" relativeResultsDirectory="1840221b-8a05-4393-befb-81bd4834073b" />
    <UnitTestResult executionId="78774190-f545-4ebd-be46-7cf81f36c2ae" testId="aaa69613-1d08-620f-a0c7-6c9776a7fe98" testName="ConfigurationDataSetLoader_GetDeviceTracksByDeviceId_Success" computerName="DKSR-EFI-04" duration="00:00:00.0008877" startTime="2023-12-22T09:36:15.9133336+01:00" endTime="2023-12-22T09:36:15.9133336+01:00" testType="13cdc9d9-ddb5-4fa4-a97d-d965ccfc6d4b" outcome="Passed" testListId="8c84fa94-04c1-424b-9868-57a2d4851a1d" relativeResultsDirectory="78774190-f545-4ebd-be46-7cf81f36c2ae" />
    <UnitTestResult executionId="468f5c9f-4855-4d06-87fe-08e940cc3cbd" testId="f8662d5d-bc2c-74d5-63ed-b527811f859c" testName="ChangeHardwarePasswordRuleAction_Execute_HardwareQueryFail_ErrorLogCreated" computerName="DKSR-EFI-04" duration="00:00:00.1178645" startTime="2023-12-22T09:34:32.6471726+01:00" endTime="2023-12-22T09:34:32.7565493+01:00" testType="13cdc9d9-ddb5-4fa4-a97d-d965ccfc6d4b" outcome="Passed" testListId="8c84fa94-04c1-424b-9868-57a2d4851a1d" relativeResultsDirectory="468f5c9f-4855-4d06-87fe-08e940cc3cbd" />
    <UnitTestResult executionId="5ddbf483-dd12-4808-a4cd-b3039a81c4cd" testId="92b6dab7-aadd-6d84-0717-d5671700adf7" testName="AllocateLicenses_OneLicenseUsed_OnOneHardwareWithOneCameraLicensedAndFourLicenses" computerName="DKSR-EFI-04" duration="00:00:00.0124431" startTime="2023-12-22T09:35:58.7569936+01:00" endTime="2023-12-22T09:35:58.7726188+01:00" testType="13cdc9d9-ddb5-4fa4-a97d-d965ccfc6d4b" outcome="Passed" testListId="8c84fa94-04c1-424b-9868-57a2d4851a1d" relativeResultsDirectory="5ddbf483-dd12-4808-a4cd-b3039a81c4cd">
      <Output>
        <StdOut>Debug Trace:&#xD;
Fail: Attribute value invalid. 'Index'</StdOut>
      </Output>
    </UnitTestResult>
    <UnitTestResult executionId="9acd790a-0b85-4ed3-99fe-f3440cd61325" testId="33394072-2e37-ffe9-9ac0-6514083c90b1" testName="DeleteIdpUserTaskCommandHandlerTests_Constructor_Arguments_Null_Throws" computerName="DKSR-EFI-04" duration="00:00:00.0008897" startTime="2023-12-22T09:36:18.5695985+01:00" endTime="2023-12-22T09:36:18.5695985+01:00" testType="13cdc9d9-ddb5-4fa4-a97d-d965ccfc6d4b" outcome="Passed" testListId="8c84fa94-04c1-424b-9868-57a2d4851a1d" relativeResultsDirectory="9acd790a-0b85-4ed3-99fe-f3440cd61325" />
    <UnitTestResult executionId="b3db9543-f3f8-4751-a2c8-2bff0c925b16" testId="8e5a95f7-d7d9-75e4-65bd-b586948a07a8" testName="HardwareInGraceNotOnWhiteList_ReplacedWithNoInheritance_HardwareOnWhiteList_ShouldGiveHardwareNewGracePeriod" computerName="DKSR-EFI-04" duration="00:00:00.1582317" startTime="2023-12-22T09:35:56.8351086+01:00" endTime="2023-12-22T09:35:57.0069846+01:00" testType="13cdc9d9-ddb5-4fa4-a97d-d965ccfc6d4b" outcome="Passed" testListId="8c84fa94-04c1-424b-9868-57a2d4851a1d" relativeResultsDirectory="b3db9543-f3f8-4751-a2c8-2bff0c925b16" />
    <UnitTestResult executionId="3e57328d-7328-46dd-ac47-ec60774ef957" testId="5f45f17d-a145-db08-0bf7-7fe0763a6e6a" testName="HardwareScanExpressTaskCommandHandler_Execute_RegisterSession_FailResponse" computerName="DKSR-EFI-04" duration="00:00:00.0012240" startTime="2023-12-22T09:36:20.0071057+01:00" endTime="2023-12-22T09:36:20.0071057+01:00" testType="13cdc9d9-ddb5-4fa4-a97d-d965ccfc6d4b" outcome="Passed" testListId="8c84fa94-04c1-424b-9868-57a2d4851a1d" relativeResultsDirectory="3e57328d-7328-46dd-ac47-ec60774ef957" />
    <UnitTestResult executionId="c59fd844-7166-4a18-a124-3b2d6d79dfcd" testId="88a2b845-389b-beb6-1095-abb81af0f128" testName="HardwareInCWANotOnWhiteList_ReplacedWithNoInheritance_HardwareOnWhiteList_MixedCWAAllowed_FewerChannelsOnReplacedHardware_NewHardwareInCWA" computerName="DKSR-EFI-04" duration="00:00:00.2890196" startTime="2023-12-22T09:35:28.6787130+01:00" endTime="2023-12-22T09:35:28.9599916+01:00" testType="13cdc9d9-ddb5-4fa4-a97d-d965ccfc6d4b" outcome="Passed" testListId="8c84fa94-04c1-424b-9868-57a2d4851a1d" relativeResultsDirectory="c59fd844-7166-4a18-a124-3b2d6d79dfcd" />
    <UnitTestResult executionId="60ef4d63-4022-4522-908e-362d6625258e" testId="573857fb-800b-6bf2-710a-b07596a02691" testName="ConfigurationDataSetLoader_GetDevicesByDeviceIds_Success" computerName="DKSR-EFI-04" duration="00:00:00.0009893" startTime="2023-12-22T09:36:15.9133336+01:00" endTime="2023-12-22T09:36:15.9133336+01:00" testType="13cdc9d9-ddb5-4fa4-a97d-d965ccfc6d4b" outcome="Passed" testListId="8c84fa94-04c1-424b-9868-57a2d4851a1d" relativeResultsDirectory="60ef4d63-4022-4522-908e-362d6625258e" />
    <UnitTestResult executionId="18c4b9b4-a1f2-4377-8729-e95bd809e2be" testId="aa95d3e0-9e62-a140-03a8-fd8c7afa3a9a" testName="ChangeHardwarePasswordRuleAction_Execute_TwoRuns_NoErrorsLogged" computerName="DKSR-EFI-04" duration="00:00:00.0191079" startTime="2023-12-22T09:34:32.4440452+01:00" endTime="2023-12-22T09:34:32.4596717+01:00" testType="13cdc9d9-ddb5-4fa4-a97d-d965ccfc6d4b" outcome="Passed" testListId="8c84fa94-04c1-424b-9868-57a2d4851a1d" relativeResultsDirectory="18c4b9b4-a1f2-4377-8729-e95bd809e2be" />
    <UnitTestResult executionId="c9c57f53-dba7-47e4-82f7-07a6e4c38025" testId="9efe8d67-d061-8a16-2a6f-cc0f412a1643" testName="CheckMsFailoverStatusCommandHandler_Execute_Https_InvokeEventTrue_InvalidResponse_ShouldNotTrigger" computerName="DKSR-EFI-04" duration="00:00:00.0029247" startTime="2023-12-22T09:36:17.1633455+01:00" endTime="2023-12-22T09:36:17.1633455+01:00" testType="13cdc9d9-ddb5-4fa4-a97d-d965ccfc6d4b" outcome="Passed" testListId="8c84fa94-04c1-424b-9868-57a2d4851a1d" relativeResultsDirectory="c9c57f53-dba7-47e4-82f7-07a6e4c38025" />
    <UnitTestResult executionId="246a0918-4f11-4376-9aaf-fee70cc026ab" testId="580e1afe-e2dd-e0a2-6df9-b1ce18a714be" testName="IsActivationRequired_Success_ActivationRequired_OneDevice_WithICP" computerName="DKSR-EFI-04" duration="00:00:00.1694440" startTime="2023-12-22T09:36:10.4289294+01:00" endTime="2023-12-22T09:36:10.6008078+01:00" testType="13cdc9d9-ddb5-4fa4-a97d-d965ccfc6d4b" outcome="Passed" testListId="8c84fa94-04c1-424b-9868-57a2d4851a1d" relativeResultsDirectory="246a0918-4f11-4376-9aaf-fee70cc026ab" />
    <UnitTestResult executionId="a93e42bf-87fd-41d8-ac30-7b9a2be62319" testId="0e272411-52c5-eed6-91b4-927d99d4aa2d" testName="UpdateHardwareDriverCommandHandler_Execute_SqlException_Error" computerName="DKSR-EFI-04" duration="00:00:00.1111024" startTime="2023-12-22T09:36:43.2884799+01:00" endTime="2023-12-22T09:36:43.4134799+01:00" testType="13cdc9d9-ddb5-4fa4-a97d-d965ccfc6d4b" outcome="Passed" testListId="8c84fa94-04c1-424b-9868-57a2d4851a1d" relativeResultsDirectory="a93e42bf-87fd-41d8-ac30-7b9a2be62319" />
    <UnitTestResult executionId="181ebc29-f899-47c8-887c-9b422db8e938" testId="bb233e78-c6cd-3b23-3c0f-9785ec4ccd11" testName="SetupInitialHardwareUserCommandHandler_Execute_Success_LogsAuditLog" computerName="DKSR-EFI-04" duration="00:00:00.0015528" startTime="2023-12-22T09:36:28.2102747+01:00" endTime="2023-12-22T09:36:28.2102747+01:00" testType="13cdc9d9-ddb5-4fa4-a97d-d965ccfc6d4b" outcome="Passed" testListId="8c84fa94-04c1-424b-9868-57a2d4851a1d" relativeResultsDirectory="181ebc29-f899-47c8-887c-9b422db8e938" />
    <UnitTestResult executionId="06e6648f-7341-4a24-af1c-49083432d702" testId="490158db-e4f2-7ffd-c385-cb70228663b5" testName="UpdateHardwareTaskCommandHandler_Execute_Unchanged_Tests" computerName="DKSR-EFI-04" duration="00:00:00.0354306" startTime="2023-12-22T09:36:44.0697354+01:00" endTime="2023-12-22T09:36:44.1009859+01:00" testType="13cdc9d9-ddb5-4fa4-a97d-d965ccfc6d4b" outcome="Passed" testListId="8c84fa94-04c1-424b-9868-57a2d4851a1d" relativeResultsDirectory="06e6648f-7341-4a24-af1c-49083432d702" />
    <UnitTestResult executionId="a8d5e58f-d1a4-4053-8f6b-fc1fd425c2f1" testId="09a55fcb-0eee-e804-a52c-b0d4bf548464" testName="HardwareInCWAOnWhiteList_ReplacedWithNoInheritance_HardwareOnWhiteList_NoMoreCWAAllowed_NewHardwareInGrace" computerName="DKSR-EFI-04" duration="00:00:00.3868169" startTime="2023-12-22T09:35:09.3973584+01:00" endTime="2023-12-22T09:35:09.7723628+01:00" testType="13cdc9d9-ddb5-4fa4-a97d-d965ccfc6d4b" outcome="Passed" testListId="8c84fa94-04c1-424b-9868-57a2d4851a1d" relativeResultsDirectory="a8d5e58f-d1a4-4053-8f6b-fc1fd425c2f1" />
    <UnitTestResult executionId="b8601bf9-f45f-48c2-b935-d260e24c794b" testId="19d5ea60-ef13-31bf-4dc7-ab7d29a648c4" testName="CreateLicenseInformationXml_Has10GraceICP_On1GraceICPHardwareWith10Cameras" computerName="DKSR-EFI-04" duration="00:00:00.0138820" startTime="2023-12-22T09:36:00.2570000+01:00" endTime="2023-12-22T09:36:00.2726290+01:00" testType="13cdc9d9-ddb5-4fa4-a97d-d965ccfc6d4b" outcome="Passed" testListId="8c84fa94-04c1-424b-9868-57a2d4851a1d" relativeResultsDirectory="b8601bf9-f45f-48c2-b935-d260e24c794b">
      <Output>
        <StdOut>Debug Trace:&#xD;
Fail: Attribute value invalid. 'Index'&#xD;
Fail: Attribute value invalid. 'Index'&#xD;
Fail: Attribute value invalid. 'Index'&#xD;
Fail: Attribute value invalid. 'Index'&#xD;
Fail: Attribute value invalid. 'Index'&#xD;
Fail: Attribute value invalid. 'Index'&#xD;
Fail: Attribute value invalid. 'Index'&#xD;
Fail: Attribute value invalid. 'Index'&#xD;
Fail: Attribute value invalid. 'Index'&#xD;
Fail: Attribute value invalid. 'Index'</StdOut>
      </Output>
    </UnitTestResult>
    <UnitTestResult executionId="af033795-0f47-49f6-a1bf-8d24fa0a0835" testId="ec02dab7-32bf-df64-f14e-12ec97d8852b" testName="CalculateFeeds_Success_EmptyWhiteList_NotInterconnected_FourDevices" computerName="DKSR-EFI-04" duration="00:00:00.0056765" startTime="2023-12-22T09:36:10.6008078+01:00" endTime="2023-12-22T09:36:10.6008078+01:00" testType="13cdc9d9-ddb5-4fa4-a97d-d965ccfc6d4b" outcome="Passed" testListId="8c84fa94-04c1-424b-9868-57a2d4851a1d" relativeResultsDirectory="af033795-0f47-49f6-a1bf-8d24fa0a0835" />
    <UnitTestResult executionId="2f7b99fe-5d51-4d59-8049-e5feef9273c2" testId="81617872-71ba-199d-e817-945400dd1b77" testName="TaskHandling_InternalUpdateReparingTasks_NotRepairing_RemovesTask" computerName="DKSR-EFI-04" duration="00:00:00.0013818" startTime="2023-12-22T09:34:31.9596695+01:00" endTime="2023-12-22T09:34:31.9596695+01:00" testType="13cdc9d9-ddb5-4fa4-a97d-d965ccfc6d4b" outcome="Passed" testListId="8c84fa94-04c1-424b-9868-57a2d4851a1d" relativeResultsDirectory="2f7b99fe-5d51-4d59-8049-e5feef9273c2" />
    <UnitTestResult executionId="35f64e84-0c23-4b9d-bce1-8520527e9340" testId="7adea5e7-540d-b8b1-2170-ef656c51b562" testName="HardwareScanTaskCommandHandler_Execute_TargetInvocationException_FailResponse" computerName="DKSR-EFI-04" duration="00:00:00.0008954" startTime="2023-12-22T09:36:20.1477336+01:00" endTime="2023-12-22T09:36:20.1477336+01:00" testType="13cdc9d9-ddb5-4fa4-a97d-d965ccfc6d4b" outcome="Passed" testListId="8c84fa94-04c1-424b-9868-57a2d4851a1d" relativeResultsDirectory="35f64e84-0c23-4b9d-bce1-8520527e9340" />
    <UnitTestResult executionId="82dc45dc-d294-4abc-93b5-ccd19b7a0230" testId="ce5982ee-353b-a8b3-e64f-f6b862591864" testName="HardwareActivatedOnWhiteList_ReplacedWithNoInheritance_HardwareOnWhiteList_NoCWAAllowed_NewHardwareInGrace" computerName="DKSR-EFI-04" duration="00:00:00.1657350" startTime="2023-12-22T09:35:02.9910819+01:00" endTime="2023-12-22T09:35:03.1636097+01:00" testType="13cdc9d9-ddb5-4fa4-a97d-d965ccfc6d4b" outcome="Passed" testListId="8c84fa94-04c1-424b-9868-57a2d4851a1d" relativeResultsDirectory="82dc45dc-d294-4abc-93b5-ccd19b7a0230" />
    <UnitTestResult executionId="6a21a53f-bcb5-468c-80e1-93c9698d9791" testId="00f004a8-cc0a-ba6a-61e6-32a64a1d70b3" testName="AddUnlicensedDevice_AddSecondDeviceWithSameUniqueIdentifier_ICP_ReturnsFalse" computerName="DKSR-EFI-04" duration="00:00:00.0005581" startTime="2023-12-22T09:36:15.7258322+01:00" endTime="2023-12-22T09:36:15.7258322+01:00" testType="13cdc9d9-ddb5-4fa4-a97d-d965ccfc6d4b" outcome="Passed" testListId="8c84fa94-04c1-424b-9868-57a2d4851a1d" relativeResultsDirectory="6a21a53f-bcb5-468c-80e1-93c9698d9791" />
    <UnitTestResult executionId="13e225d4-01e5-4d42-bcfe-0fca2d6ff592" testId="ba3849b3-9ea5-cfac-5226-3bf7a80944d3" testName="UpdateLicenseInformation_DelayedWhenCalledTwice_BeforeTimeout_Success" computerName="DKSR-EFI-04" duration="00:00:05.1729643" startTime="2023-12-22T09:36:01.0695065+01:00" endTime="2023-12-22T09:36:06.2414076+01:00" testType="13cdc9d9-ddb5-4fa4-a97d-d965ccfc6d4b" outcome="Passed" testListId="8c84fa94-04c1-424b-9868-57a2d4851a1d" relativeResultsDirectory="13e225d4-01e5-4d42-bcfe-0fca2d6ff592" />
    <UnitTestResult executionId="d600dff5-9cd6-4887-b975-4be232135fee" testId="308375a6-6b2f-0344-b263-18e6ea0c3b70" testName="UpdateSLCEnvironment_ReturnsValidSLC_ValidLicenseWithEmptyWhiteList" computerName="DKSR-EFI-04" duration="00:00:00.0023436" startTime="2023-12-22T09:36:10.6476826+01:00" endTime="2023-12-22T09:36:10.6633091+01:00" testType="13cdc9d9-ddb5-4fa4-a97d-d965ccfc6d4b" outcome="Passed" testListId="8c84fa94-04c1-424b-9868-57a2d4851a1d" relativeResultsDirectory="d600dff5-9cd6-4887-b975-4be232135fee" />
    <UnitTestResult executionId="45a015b7-892a-46d3-ba9c-505fbc2c4260" testId="f88ce713-59cb-9a91-8f44-f65697fcffd5" testName="CheckSecurityDataSetTest_NotLicensedFail3" computerName="DKSR-EFI-04" duration="00:00:00.0014577" startTime="2023-12-22T09:35:59.5226248+01:00" endTime="2023-12-22T09:35:59.5382498+01:00" testType="13cdc9d9-ddb5-4fa4-a97d-d965ccfc6d4b" outcome="Passed" testListId="8c84fa94-04c1-424b-9868-57a2d4851a1d" relativeResultsDirectory="45a015b7-892a-46d3-ba9c-505fbc2c4260" />
    <UnitTestResult executionId="4a0ac77d-512f-4fb4-bf0e-2cc843bcf9d3" testId="2d82bace-d18b-8cb6-ec46-f30189d0e969" testName="RegisterSessionFailedResponse_ModelIsNull_BadRequestResult" computerName="DKSR-EFI-04" duration="00:00:00.0005114" startTime="2023-12-22T09:34:00.9595149+01:00" endTime="2023-12-22T09:34:00.9595149+01:00" testType="13cdc9d9-ddb5-4fa4-a97d-d965ccfc6d4b" outcome="Passed" testListId="8c84fa94-04c1-424b-9868-57a2d4851a1d" relativeResultsDirectory="4a0ac77d-512f-4fb4-bf0e-2cc843bcf9d3" />
    <UnitTestResult executionId="bd626af7-6de3-4227-ac84-055ddbf41623" testId="3b025860-fba3-439e-f85e-c1a1d52502a6" testName="UpdateHardwareDriverCommandHandler_Execute_MacChanged_Success" computerName="DKSR-EFI-04" duration="00:00:00.1358675" startTime="2023-12-22T09:36:43.4134799+01:00" endTime="2023-12-22T09:36:43.5384822+01:00" testType="13cdc9d9-ddb5-4fa4-a97d-d965ccfc6d4b" outcome="Passed" testListId="8c84fa94-04c1-424b-9868-57a2d4851a1d" relativeResultsDirectory="bd626af7-6de3-4227-ac84-055ddbf41623" />
    <UnitTestResult executionId="eb08aef4-b84e-4638-b310-81fb339060fc" testId="64926100-3933-f2dd-3dd0-a9d9b3ef7760" testName="Simulate_GracePeriodExpiring_SuccesfullyExpiresHardware_NotWhitelisted" computerName="DKSR-EFI-04" duration="00:00:00.6242076" startTime="2023-12-22T09:35:46.3975546+01:00" endTime="2023-12-22T09:35:47.0225558+01:00" testType="13cdc9d9-ddb5-4fa4-a97d-d965ccfc6d4b" outcome="Passed" testListId="8c84fa94-04c1-424b-9868-57a2d4851a1d" relativeResultsDirectory="eb08aef4-b84e-4638-b310-81fb339060fc" />
    <UnitTestResult executionId="5082fa21-f2c9-4033-bdb9-10db40153b34" testId="fa52c818-7f37-d4f7-04b7-9530b81dfb8c" testName="PromoteNewEncryptionPassword_ModelIsValid_Executed" computerName="DKSR-EFI-04" duration="00:00:00.0005031" startTime="2023-12-22T09:34:00.3657613+01:00" endTime="2023-12-22T09:34:00.3657613+01:00" testType="13cdc9d9-ddb5-4fa4-a97d-d965ccfc6d4b" outcome="Passed" testListId="8c84fa94-04c1-424b-9868-57a2d4851a1d" relativeResultsDirectory="5082fa21-f2c9-4033-bdb9-10db40153b34" />
    <UnitTestResult executionId="734cbddd-9c91-4405-8258-c6831bfa1f88" testId="884502f8-bdaa-5c5e-9e51-7540cc3d536d" testName="EvidenceLockOnOldRecorderCommandHandlerTests_OldRecV1_ConfigAdd1RowExtra_Ignored" computerName="DKSR-EFI-04" duration="00:00:00.0189147" startTime="2023-12-22T09:36:18.9914747+01:00" endTime="2023-12-22T09:36:19.0071019+01:00" testType="13cdc9d9-ddb5-4fa4-a97d-d965ccfc6d4b" outcome="Passed" testListId="8c84fa94-04c1-424b-9868-57a2d4851a1d" relativeResultsDirectory="734cbddd-9c91-4405-8258-c6831bfa1f88" />
    <UnitTestResult executionId="fef02991-a116-4cd9-9868-d37eda0aea21" testId="95de269b-449d-9609-f541-f46b5a47c3a2" testName="GetRecorderTasksWithPendingStop_RecorderNotFoundException_Handled" computerName="DKSR-EFI-04" duration="00:00:00.0014658" startTime="2023-12-22T09:34:00.6626359+01:00" endTime="2023-12-22T09:34:00.6626359+01:00" testType="13cdc9d9-ddb5-4fa4-a97d-d965ccfc6d4b" outcome="Passed" testListId="8c84fa94-04c1-424b-9868-57a2d4851a1d" relativeResultsDirectory="fef02991-a116-4cd9-9868-d37eda0aea21" />
    <UnitTestResult executionId="b63f99a9-50e6-440f-96f9-8f0d9dedaf53" testId="829d0f90-2469-d00a-2b4c-246feaf33a9f" testName="GetRecorderLicense_LastEnabledHardwareWithoutDevicesIsWithoutLicense_OnEnabledHardwareBeingFirstInDataSetAndChannelLicensing" computerName="DKSR-EFI-04" duration="00:00:00.0244784" startTime="2023-12-22T09:36:08.2570434+01:00" endTime="2023-12-22T09:36:08.2726686+01:00" testType="13cdc9d9-ddb5-4fa4-a97d-d965ccfc6d4b" outcome="Passed" testListId="8c84fa94-04c1-424b-9868-57a2d4851a1d" relativeResultsDirectory="b63f99a9-50e6-440f-96f9-8f0d9dedaf53" />
    <UnitTestResult executionId="b6c73034-ac96-4ed8-9640-d1d662fd1ab2" testId="15c67955-7773-e637-5545-1a3e6f51761c" testName="HardwareActivatedNotOnWhiteList_NoCameraChannels_ReplacedWith_HardwareNotOnWhiteList_WithCameraChannels" computerName="DKSR-EFI-04" duration="00:00:00.2026233" startTime="2023-12-22T09:35:33.8974870+01:00" endTime="2023-12-22T09:35:34.1006152+01:00" testType="13cdc9d9-ddb5-4fa4-a97d-d965ccfc6d4b" outcome="Passed" testListId="8c84fa94-04c1-424b-9868-57a2d4851a1d" relativeResultsDirectory="b6c73034-ac96-4ed8-9640-d1d662fd1ab2" />
    <UnitTestResult executionId="95d4dd20-e1de-49bc-b657-b08f28945c68" testId="3be51c51-c709-c67b-75c9-3ba3e2cef999" testName="ChangeHardwarePasswordTaskCommandHandler_Execute_Failed_NoResponse" computerName="DKSR-EFI-04" duration="00:00:00.0302275" startTime="2023-12-22T09:36:16.3195854+01:00" endTime="2023-12-22T09:36:16.3352132+01:00" testType="13cdc9d9-ddb5-4fa4-a97d-d965ccfc6d4b" outcome="Passed" testListId="8c84fa94-04c1-424b-9868-57a2d4851a1d" relativeResultsDirectory="95d4dd20-e1de-49bc-b657-b08f28945c68" />
    <UnitTestResult executionId="d3a4de1c-bc96-4e38-9e23-62e4d72e6ac9" testId="1a682357-7db5-91a8-093a-d3ec64ecb218" testName="ChangeHardwarePasswordTaskCommandHandler_Clone_Returns_Same_Reference" computerName="DKSR-EFI-04" duration="00:00:00.0265851" startTime="2023-12-22T09:36:16.2414635+01:00" endTime="2023-12-22T09:36:16.2727136+01:00" testType="13cdc9d9-ddb5-4fa4-a97d-d965ccfc6d4b" outcome="Passed" testListId="8c84fa94-04c1-424b-9868-57a2d4851a1d" relativeResultsDirectory="d3a4de1c-bc96-4e38-9e23-62e4d72e6ac9" />
    <UnitTestResult executionId="aed1651d-9888-46f9-98ac-2a82fbb6cc78" testId="325e10cb-fddc-b22a-aef6-214176508cda" testName="AllocateLicenses_ThreeInGrace_OnThreeHardwaresZeroCameraChannelsAndThreeAvailableLicenses" computerName="DKSR-EFI-04" duration="00:00:00.0186209" startTime="2023-12-22T09:35:58.8663683+01:00" endTime="2023-12-22T09:35:58.8819944+01:00" testType="13cdc9d9-ddb5-4fa4-a97d-d965ccfc6d4b" outcome="Passed" testListId="8c84fa94-04c1-424b-9868-57a2d4851a1d" relativeResultsDirectory="aed1651d-9888-46f9-98ac-2a82fbb6cc78" />
    <UnitTestResult executionId="74014572-3303-4785-8349-f014db7d03ae" testId="e68e8d3d-cf88-e2fc-5096-d0c2a02bc9c2" testName="CheckConfigurationDataSetTest_DeviceMulticastNotLicensedFail" computerName="DKSR-EFI-04" duration="00:00:00.0023966" startTime="2023-12-22T09:35:59.6632484+01:00" endTime="2023-12-22T09:35:59.6632484+01:00" testType="13cdc9d9-ddb5-4fa4-a97d-d965ccfc6d4b" outcome="Passed" testListId="8c84fa94-04c1-424b-9868-57a2d4851a1d" relativeResultsDirectory="74014572-3303-4785-8349-f014db7d03ae" />
    <UnitTestResult executionId="13571f36-2cdd-48e4-9a5f-0cae52acd973" testId="8eb4f19d-f1e9-80a5-2ae2-3c12f9b07d80" testName="HardwareScanProgressResponse_ModelIsNull_BadRequestResult" computerName="DKSR-EFI-04" duration="00:00:00.0005608" startTime="2023-12-22T09:34:00.9282655+01:00" endTime="2023-12-22T09:34:00.9282655+01:00" testType="13cdc9d9-ddb5-4fa4-a97d-d965ccfc6d4b" outcome="Passed" testListId="8c84fa94-04c1-424b-9868-57a2d4851a1d" relativeResultsDirectory="13571f36-2cdd-48e4-9a5f-0cae52acd973" />
    <UnitTestResult executionId="0a427f1f-631e-4762-a2f4-05544a75361a" testId="a78851f4-5cf1-c03b-d540-692422a608d7" testName="SetupInitialHardwareUserCommandHandler_Execute_ReturnsRecorderUnavailableResponseOnRecorderNotConnected" computerName="DKSR-EFI-04" duration="00:00:00.0009610" startTime="2023-12-22T09:36:28.2259035+01:00" endTime="2023-12-22T09:36:28.2259035+01:00" testType="13cdc9d9-ddb5-4fa4-a97d-d965ccfc6d4b" outcome="Passed" testListId="8c84fa94-04c1-424b-9868-57a2d4851a1d" relativeResultsDirectory="0a427f1f-631e-4762-a2f4-05544a75361a" />
    <UnitTestResult executionId="9a740599-82e0-4fff-8c3a-9f6d686999d1" testId="d3bfedf2-72e8-cff3-0316-cd925068f363" testName="Find_NonICPHardware_ThatIsInGrace_ExpectedToFindOneHardware" computerName="DKSR-EFI-04" duration="00:00:00.0009593" startTime="2023-12-22T09:36:15.7570844+01:00" endTime="2023-12-22T09:36:15.7727069+01:00" testType="13cdc9d9-ddb5-4fa4-a97d-d965ccfc6d4b" outcome="Passed" testListId="8c84fa94-04c1-424b-9868-57a2d4851a1d" relativeResultsDirectory="9a740599-82e0-4fff-8c3a-9f6d686999d1" />
    <UnitTestResult executionId="299ecd60-e09f-4448-a59c-d80b34dc2ae8" testId="a3af70b7-cccc-2f1a-f5b6-ff03b6d8d4b6" testName="HardwareScanExpressTaskCommandHandler_Execute_Succeeded" computerName="DKSR-EFI-04" duration="00:00:00.1213054" startTime="2023-12-22T09:36:19.8664825+01:00" endTime="2023-12-22T09:36:19.9758582+01:00" testType="13cdc9d9-ddb5-4fa4-a97d-d965ccfc6d4b" outcome="Passed" testListId="8c84fa94-04c1-424b-9868-57a2d4851a1d" relativeResultsDirectory="299ecd60-e09f-4448-a59c-d80b34dc2ae8" />
    <UnitTestResult executionId="6afb9512-ef8d-4b4e-942d-ba1570c6f25b" testId="a32f1da5-bca9-b4b8-c8d5-6eb2203dd47a" testName="AnalyzeAndCreateAuditLogs_AddedSecurityPermissionsDeviceRow_ReturnsOneAuditLog" computerName="DKSR-EFI-04" duration="00:00:00.0320013" startTime="2023-12-22T09:36:17.2414688+01:00" endTime="2023-12-22T09:36:17.2727164+01:00" testType="13cdc9d9-ddb5-4fa4-a97d-d965ccfc6d4b" outcome="Passed" testListId="8c84fa94-04c1-424b-9868-57a2d4851a1d" relativeResultsDirectory="6afb9512-ef8d-4b4e-942d-ba1570c6f25b" />
    <UnitTestResult executionId="753099f5-c6f4-4284-9bcb-1e09fe3d4b51" testId="90bdbd11-042f-bc1b-47a8-51b71d05db21" testName="AnalyzeAndCreateAuditLogs_DeletedSecurityPermissionsDeviceRowWithDEVICEPTZPRIORITYAtrributeDefaultPriority_ReturnsOneAuditLog" computerName="DKSR-EFI-04" duration="00:00:00.0029205" startTime="2023-12-22T09:36:17.4602199+01:00" endTime="2023-12-22T09:36:17.4758422+01:00" testType="13cdc9d9-ddb5-4fa4-a97d-d965ccfc6d4b" outcome="Passed" testListId="8c84fa94-04c1-424b-9868-57a2d4851a1d" relativeResultsDirectory="753099f5-c6f4-4284-9bcb-1e09fe3d4b51" />
    <UnitTestResult executionId="47210cab-2e3e-472f-82a5-5abb27af4d0e" testId="219ef644-4b9e-0020-5a88-34072b9491cd" testName="AnalyzeAndCreateAuditLogs_AddedSecurityPermissionsDeviceRowWithDEVICESPEAKPRIORITYAtrribute_ReturnsTwoAuditLog" computerName="DKSR-EFI-04" duration="00:00:00.0062961" startTime="2023-12-22T09:36:17.3977166+01:00" endTime="2023-12-22T09:36:17.3977166+01:00" testType="13cdc9d9-ddb5-4fa4-a97d-d965ccfc6d4b" outcome="Passed" testListId="8c84fa94-04c1-424b-9868-57a2d4851a1d" relativeResultsDirectory="47210cab-2e3e-472f-82a5-5abb27af4d0e" />
    <UnitTestResult executionId="82aeb9aa-a612-4a07-92f4-b4aecfaaa32a" testId="5b605aec-b02a-0133-abcb-81fdaaea0f58" testName="FromXml_Works_OnOlderVersionOfXml" computerName="DKSR-EFI-04" duration="00:00:00.0090390" startTime="2023-12-22T09:35:59.7257546+01:00" endTime="2023-12-22T09:35:59.7413740+01:00" testType="13cdc9d9-ddb5-4fa4-a97d-d965ccfc6d4b" outcome="Passed" testListId="8c84fa94-04c1-424b-9868-57a2d4851a1d" relativeResultsDirectory="82aeb9aa-a612-4a07-92f4-b4aecfaaa32a" />
    <UnitTestResult executionId="83a6b749-a9b2-4468-bb00-c5c44645da4c" testId="6320bcbb-9bd3-a2f1-dd89-af85ab33f5f8" testName="UpdateHardwareTaskCommandHandler_Execute_HeartBeat_Unknown_Tests" computerName="DKSR-EFI-04" duration="00:00:00.0141036" startTime="2023-12-22T09:36:43.8666069+01:00" endTime="2023-12-22T09:36:43.8822340+01:00" testType="13cdc9d9-ddb5-4fa4-a97d-d965ccfc6d4b" outcome="Passed" testListId="8c84fa94-04c1-424b-9868-57a2d4851a1d" relativeResultsDirectory="83a6b749-a9b2-4468-bb00-c5c44645da4c" />
    <UnitTestResult executionId="acdc656f-2727-4094-8f65-dad1310dfd1d" testId="728dd74c-5776-cc49-d6bb-366e73e8938c" testName="GetRecorderLicense_LastEnabledHardwareIsWithoutLicense_OnEnabledHardwareBeingFirstInDataSetAndChannelLicensing" computerName="DKSR-EFI-04" duration="00:00:00.0246964" startTime="2023-12-22T09:36:08.2257916+01:00" endTime="2023-12-22T09:36:08.2570434+01:00" testType="13cdc9d9-ddb5-4fa4-a97d-d965ccfc6d4b" outcome="Passed" testListId="8c84fa94-04c1-424b-9868-57a2d4851a1d" relativeResultsDirectory="acdc656f-2727-4094-8f65-dad1310dfd1d" />
    <UnitTestResult executionId="08caa414-17fb-471c-93ed-bd0811d652f1" testId="e9c1e9fb-f71f-4e21-a859-79b83367d845" testName="AttachedRecorder_Register_Success" computerName="DKSR-EFI-04" duration="00:00:00.0087028" startTime="2023-12-22T09:33:58.1001270+01:00" endTime="2023-12-22T09:33:58.1001270+01:00" testType="13cdc9d9-ddb5-4fa4-a97d-d965ccfc6d4b" outcome="Passed" testListId="8c84fa94-04c1-424b-9868-57a2d4851a1d" relativeResultsDirectory="08caa414-17fb-471c-93ed-bd0811d652f1" />
    <UnitTestResult executionId="6d9c50e9-cc04-48f4-93ab-f9bf506c9e92" testId="b51937f9-2164-2ef5-8ffc-3d90a1d1e816" testName="IsActivationNeeded_True_ICP_CamerasAdded" computerName="DKSR-EFI-04" duration="00:00:00.0125039" startTime="2023-12-22T09:36:08.0695443+01:00" endTime="2023-12-22T09:36:08.0851679+01:00" testType="13cdc9d9-ddb5-4fa4-a97d-d965ccfc6d4b" outcome="Passed" testListId="8c84fa94-04c1-424b-9868-57a2d4851a1d" relativeResultsDirectory="6d9c50e9-cc04-48f4-93ab-f9bf506c9e92" />
    <UnitTestResult executionId="3c57cd86-246d-4e03-9005-89a0c69d1da5" testId="e454a3f1-9c85-b4ba-36c1-30535ec4b9e5" testName="UpdateHardwareTaskCommandHandler_Execute_Deleted_Tests" computerName="DKSR-EFI-04" duration="00:00:00.0859416" startTime="2023-12-22T09:36:43.9760084+01:00" endTime="2023-12-22T09:36:44.0697354+01:00" testType="13cdc9d9-ddb5-4fa4-a97d-d965ccfc6d4b" outcome="Passed" testListId="8c84fa94-04c1-424b-9868-57a2d4851a1d" relativeResultsDirectory="3c57cd86-246d-4e03-9005-89a0c69d1da5" />
    <UnitTestResult executionId="c9097ecb-5c58-443d-a72c-aa28d9afa5d2" testId="e8265441-f1a4-8474-c93a-df0ea0082843" testName="HardwareInCWAOnWhiteList_ReplacedWithInheritance_HardwareNotOnWhiteList_MixedCWAAllowed_MoreChannelsOnReplacedHardware_SomeDevicesInCWA" computerName="DKSR-EFI-04" duration="00:00:00.3355320" startTime="2023-12-22T09:35:26.9912001+01:00" endTime="2023-12-22T09:35:27.3349572+01:00" testType="13cdc9d9-ddb5-4fa4-a97d-d965ccfc6d4b" outcome="Passed" testListId="8c84fa94-04c1-424b-9868-57a2d4851a1d" relativeResultsDirectory="c9097ecb-5c58-443d-a72c-aa28d9afa5d2" />
    <UnitTestResult executionId="d9543663-98ec-49be-891b-69f3ee69b827" testId="72f35452-ae18-a81e-a215-eabf2f938f12" testName="AttachedRecorder_GetRecorderStatusArray_Success" computerName="DKSR-EFI-04" duration="00:00:00.0034191" startTime="2023-12-22T09:33:58.1470009+01:00" endTime="2023-12-22T09:33:58.1470009+01:00" testType="13cdc9d9-ddb5-4fa4-a97d-d965ccfc6d4b" outcome="Passed" testListId="8c84fa94-04c1-424b-9868-57a2d4851a1d" relativeResultsDirectory="d9543663-98ec-49be-891b-69f3ee69b827" />
    <UnitTestResult executionId="ba0de529-102b-4bcd-ac8b-627c376e6ddd" testId="04c34e7c-e78e-7563-7994-efef96d7f7b4" testName="MoveHardwareTaskCommandHandler_Execute_TargetRecorder_StorageOffline_FailResponse" computerName="DKSR-EFI-04" duration="00:00:00.0016647" startTime="2023-12-22T09:36:25.1633837+01:00" endTime="2023-12-22T09:36:25.1633837+01:00" testType="13cdc9d9-ddb5-4fa4-a97d-d965ccfc6d4b" outcome="Passed" testListId="8c84fa94-04c1-424b-9868-57a2d4851a1d" relativeResultsDirectory="ba0de529-102b-4bcd-ac8b-627c376e6ddd" />
    <UnitTestResult executionId="3d390fa8-b6c2-4bbf-8f05-b11e171e2686" testId="79d1eb2f-a693-8e79-2873-4e7aec472ae9" testName="DeviceDataDistributionManager_Constructor_Null_ThrowsArgumentNullException" computerName="DKSR-EFI-04" duration="00:00:00.2914159" startTime="2023-12-22T09:33:56.0844916+01:00" endTime="2023-12-22T09:33:56.8344965+01:00" testType="13cdc9d9-ddb5-4fa4-a97d-d965ccfc6d4b" outcome="Passed" testListId="8c84fa94-04c1-424b-9868-57a2d4851a1d" relativeResultsDirectory="3d390fa8-b6c2-4bbf-8f05-b11e171e2686">
      <Output>
        <StdOut>Debug Trace:&#xD;
Fail: Argument null</StdOut>
      </Output>
    </UnitTestResult>
    <UnitTestResult executionId="256d1f67-8972-4250-b5f7-f84566caf6b7" testId="99191b72-e7a5-4661-1571-fa0152996bc5" testName="ValidateCWATotals_After2Years_EnsureCorrectTotalsAppear_Success" computerName="DKSR-EFI-04" duration="00:00:00.7948895" startTime="2023-12-22T09:35:52.7882136+01:00" endTime="2023-12-22T09:35:53.5850909+01:00" testType="13cdc9d9-ddb5-4fa4-a97d-d965ccfc6d4b" outcome="Passed" testListId="8c84fa94-04c1-424b-9868-57a2d4851a1d" relativeResultsDirectory="256d1f67-8972-4250-b5f7-f84566caf6b7" />
    <UnitTestResult executionId="35118f46-44db-4065-a331-64a29eeaa5e2" testId="6c9226da-dc8b-6782-1762-3dc120260169" testName="Bug_360916_FiveLicensesAvailable_OneLicensedAndWhitelistedHardware_AddFiveMoreWhitelistedHardwares_OneByOne_FourInCWA_OneUnlicensed_WithoutAllocation" computerName="DKSR-EFI-04" duration="00:00:00.3935864" startTime="2023-12-22T09:35:34.9131165+01:00" endTime="2023-12-22T09:35:35.3037448+01:00" testType="13cdc9d9-ddb5-4fa4-a97d-d965ccfc6d4b" outcome="Passed" testListId="8c84fa94-04c1-424b-9868-57a2d4851a1d" relativeResultsDirectory="35118f46-44db-4065-a331-64a29eeaa5e2" />
    <UnitTestResult executionId="2ed6bed0-3735-444d-9c21-94d055c6d5df" testId="99462d07-0d69-655b-8e33-97d14de162f9" testName="MultiSite_ChannelBased_SameHardwareOnSixRecordingServers_NotWhitelisted_AllCamerasDisabled_ConsumesNoExtraLicenses" computerName="DKSR-EFI-04" duration="00:00:00.4070500" startTime="2023-12-22T09:35:54.6788461+01:00" endTime="2023-12-22T09:35:55.1007244+01:00" testType="13cdc9d9-ddb5-4fa4-a97d-d965ccfc6d4b" outcome="Passed" testListId="8c84fa94-04c1-424b-9868-57a2d4851a1d" relativeResultsDirectory="2ed6bed0-3735-444d-9c21-94d055c6d5df" />
    <UnitTestResult executionId="abc40074-ecba-4d1a-9b6f-b67ea6d40e5c" testId="9447d857-64c8-6cf8-db39-f3d427d61a65" testName="AllocateLicenses_SevenHardware_25Licenses_EnablingTwoDisabledCamerasWillHaveTwoUnlicensed" computerName="DKSR-EFI-04" duration="00:00:00.1814362" startTime="2023-12-22T09:35:36.5537525+01:00" endTime="2023-12-22T09:35:36.7412512+01:00" testType="13cdc9d9-ddb5-4fa4-a97d-d965ccfc6d4b" outcome="Passed" testListId="8c84fa94-04c1-424b-9868-57a2d4851a1d" relativeResultsDirectory="abc40074-ecba-4d1a-9b6f-b67ea6d40e5c" />
    <UnitTestResult executionId="adca3de9-7f3f-4340-85a6-7fefddb32b55" testId="a0bb914f-6854-fb79-12ef-b3ea45e0991b" testName="ReplaceHardwareCommandHandler_Execute_ReplaceHardware_AllDevicesInherited_Success" computerName="DKSR-EFI-04" duration="00:00:00.2738345" startTime="2023-12-22T09:36:27.3352711+01:00" endTime="2023-12-22T09:36:27.6008959+01:00" testType="13cdc9d9-ddb5-4fa4-a97d-d965ccfc6d4b" outcome="Passed" testListId="8c84fa94-04c1-424b-9868-57a2d4851a1d" relativeResultsDirectory="adca3de9-7f3f-4340-85a6-7fefddb32b55" />
    <UnitTestResult executionId="69ba515e-9050-461c-ba3a-8f2a99a0d1ea" testId="598d5d0f-e711-eeeb-ae86-9f1a3129bef6" testName="ReplaceHardwareTaskCommandHandler_Construction_Null_Tests" computerName="DKSR-EFI-04" duration="00:00:00.0004868" startTime="2023-12-22T09:36:27.9915247+01:00" endTime="2023-12-22T09:36:27.9915247+01:00" testType="13cdc9d9-ddb5-4fa4-a97d-d965ccfc6d4b" outcome="Passed" testListId="8c84fa94-04c1-424b-9868-57a2d4851a1d" relativeResultsDirectory="69ba515e-9050-461c-ba3a-8f2a99a0d1ea" />
    <UnitTestResult executionId="11bddb65-816e-4d10-8d48-e70a47d214ef" testId="bdcd76b9-81f3-1804-35f3-1aa220e4eec0" testName="Simulate_DisableChannels_ActivateHardwareAndChannels_AddHardware_EnableChannels_CountsAreCorrect" computerName="DKSR-EFI-04" duration="00:00:00.4179676" startTime="2023-12-22T09:35:52.0694560+01:00" endTime="2023-12-22T09:35:52.4913367+01:00" testType="13cdc9d9-ddb5-4fa4-a97d-d965ccfc6d4b" outcome="Passed" testListId="8c84fa94-04c1-424b-9868-57a2d4851a1d" relativeResultsDirectory="11bddb65-816e-4d10-8d48-e70a47d214ef" />
    <UnitTestResult executionId="de3c8ef6-1ca0-4351-b928-b5f0c5fceaa7" testId="fbed73f4-9b7f-b45c-b76c-caac1d7f4349" testName="ConvertIdpLog_AutoProvisionedUserCreated" computerName="DKSR-EFI-04" duration="00:00:00.0610712" startTime="2023-12-22T09:34:53.5379031+01:00" endTime="2023-12-22T09:34:53.6004042+01:00" testType="13cdc9d9-ddb5-4fa4-a97d-d965ccfc6d4b" outcome="Passed" testListId="8c84fa94-04c1-424b-9868-57a2d4851a1d" relativeResultsDirectory="de3c8ef6-1ca0-4351-b928-b5f0c5fceaa7" />
    <UnitTestResult executionId="fec46259-407d-4653-86ff-19b51906bed1" testId="b65cceb4-bb5a-b668-5f3c-9e4a205a0844" testName="EvidenceLockOnOldRecorderCommandHandlerTests_OldRecV1_ConfigAdd1RowMain" computerName="DKSR-EFI-04" duration="00:00:00.0186318" startTime="2023-12-22T09:36:18.8196011+01:00" endTime="2023-12-22T09:36:18.8352256+01:00" testType="13cdc9d9-ddb5-4fa4-a97d-d965ccfc6d4b" outcome="Passed" testListId="8c84fa94-04c1-424b-9868-57a2d4851a1d" relativeResultsDirectory="fec46259-407d-4653-86ff-19b51906bed1" />
    <UnitTestResult executionId="81a9d513-523c-49a3-b0db-7652a0af6ae0" testId="2dc2397e-fec1-ff28-69c4-c3ca71255333" testName="FindHardware_NullMac_Throws_ArgumentNullException" computerName="DKSR-EFI-04" duration="00:00:00.0005408" startTime="2023-12-22T09:36:15.7570844+01:00" endTime="2023-12-22T09:36:15.7570844+01:00" testType="13cdc9d9-ddb5-4fa4-a97d-d965ccfc6d4b" outcome="Passed" testListId="8c84fa94-04c1-424b-9868-57a2d4851a1d" relativeResultsDirectory="81a9d513-523c-49a3-b0db-7652a0af6ae0" />
    <UnitTestResult executionId="fe88216a-7433-42a6-b701-f0851c5742c1" testId="7a4fa23b-ecc1-2f50-1983-409ce3c0dca1" testName="AddHardwareToRequest_AddsNonInterconnectedHardwareToList" computerName="DKSR-EFI-04" duration="00:00:00.0029115" startTime="2023-12-22T09:36:12.4914427+01:00" endTime="2023-12-22T09:36:12.4914427+01:00" testType="13cdc9d9-ddb5-4fa4-a97d-d965ccfc6d4b" outcome="Passed" testListId="8c84fa94-04c1-424b-9868-57a2d4851a1d" relativeResultsDirectory="fe88216a-7433-42a6-b701-f0851c5742c1" />
    <UnitTestResult executionId="03e734a3-e76d-476a-99b6-8b86ccc08f4f" testId="1bcab4f7-cc1a-04c2-9e62-a8ca303cc7c3" testName="ExecuteMipAction2Command_ModelIsNull_BadRequestResult" computerName="DKSR-EFI-04" duration="00:00:00.0009145" startTime="2023-12-22T09:34:00.4438847+01:00" endTime="2023-12-22T09:34:00.4438847+01:00" testType="13cdc9d9-ddb5-4fa4-a97d-d965ccfc6d4b" outcome="Passed" testListId="8c84fa94-04c1-424b-9868-57a2d4851a1d" relativeResultsDirectory="03e734a3-e76d-476a-99b6-8b86ccc08f4f" />
    <UnitTestResult executionId="da2a8afd-7888-497e-a3ef-9bec1f331fc9" testId="2265d1be-c488-0fed-c561-7dfebc65f121" testName="InitializeDiscoveryComponentFailedResponse_ModelIsValid_CommandExecuted" computerName="DKSR-EFI-04" duration="00:00:00.0007820" startTime="2023-12-22T09:34:00.9282655+01:00" endTime="2023-12-22T09:34:00.9282655+01:00" testType="13cdc9d9-ddb5-4fa4-a97d-d965ccfc6d4b" outcome="Passed" testListId="8c84fa94-04c1-424b-9868-57a2d4851a1d" relativeResultsDirectory="da2a8afd-7888-497e-a3ef-9bec1f331fc9" />
    <UnitTestResult executionId="ea13fb55-28af-49ba-bbb5-ab8555d52304" testId="2761c5e2-07fb-530a-a35b-12571a853d1a" testName="GetConnectedClient_FreeClientHasNotBeenDisconnected_ConnectNotCalled" computerName="DKSR-EFI-04" duration="00:00:00.0011266" startTime="2023-12-22T09:36:44.9916147+01:00" endTime="2023-12-22T09:36:44.9916147+01:00" testType="13cdc9d9-ddb5-4fa4-a97d-d965ccfc6d4b" outcome="Passed" testListId="8c84fa94-04c1-424b-9868-57a2d4851a1d" relativeResultsDirectory="ea13fb55-28af-49ba-bbb5-ab8555d52304" />
    <UnitTestResult executionId="dfaf4486-1e11-4b9d-8bb6-007248a9aed1" testId="b6a03062-30b8-99fc-58f1-7806f924b0cd" testName="ProgressResponse_ModelIsValid_CommandExecuted" computerName="DKSR-EFI-04" duration="00:00:00.0008583" startTime="2023-12-22T09:34:00.9126387+01:00" endTime="2023-12-22T09:34:00.9126387+01:00" testType="13cdc9d9-ddb5-4fa4-a97d-d965ccfc6d4b" outcome="Passed" testListId="8c84fa94-04c1-424b-9868-57a2d4851a1d" relativeResultsDirectory="dfaf4486-1e11-4b9d-8bb6-007248a9aed1" />
    <UnitTestResult executionId="28ec245d-8c18-4279-a284-020e1220c08a" testId="6ba35fcf-f7e2-d2f4-3316-e17e20a60922" testName="SetHardwareNetworkSettingsCommandHandler_Execute_WrongCommandOrNullParameters_Throws" computerName="DKSR-EFI-04" duration="00:00:00.0114593" startTime="2023-12-22T09:36:28.1321503+01:00" endTime="2023-12-22T09:36:28.1321503+01:00" testType="13cdc9d9-ddb5-4fa4-a97d-d965ccfc6d4b" outcome="Passed" testListId="8c84fa94-04c1-424b-9868-57a2d4851a1d" relativeResultsDirectory="28ec245d-8c18-4279-a284-020e1220c08a">
      <Output>
        <StdOut>Debug Trace:&#xD;
Fail: Command/Command handler type mismatch&#xD;
Fail: Command/Command handler type mismatch&#xD;
Fail: The command handler expect an object that implements ICallContextInfo in the state parameter&#xD;
Fail: The command handler expect an object that implements IResponseSink in the responseSink parameter</StdOut>
      </Output>
    </UnitTestResult>
    <UnitTestResult executionId="521e334e-9a21-4401-8e57-11b8db67ff41" testId="04890844-c662-62b1-20da-07273c12eec5" testName="CheckConfigurationDataSetTest_Licensed" computerName="DKSR-EFI-04" duration="00:00:00.0085431" startTime="2023-12-22T09:35:59.4601233+01:00" endTime="2023-12-22T09:35:59.4757471+01:00" testType="13cdc9d9-ddb5-4fa4-a97d-d965ccfc6d4b" outcome="Passed" testListId="8c84fa94-04c1-424b-9868-57a2d4851a1d" relativeResultsDirectory="521e334e-9a21-4401-8e57-11b8db67ff41" />
    <UnitTestResult executionId="007d5128-2825-423c-a030-297e767989cb" testId="1783a21f-8911-67d2-551f-bb139a696d28" testName="DeviceDataDistributionManager_CleanupAll_QueryDeviceDataDistributionThrowsSqlException_Handled" computerName="DKSR-EFI-04" duration="00:00:00.0007351" startTime="2023-12-22T09:33:57.1313701+01:00" endTime="2023-12-22T09:33:57.1313701+01:00" testType="13cdc9d9-ddb5-4fa4-a97d-d965ccfc6d4b" outcome="Passed" testListId="8c84fa94-04c1-424b-9868-57a2d4851a1d" relativeResultsDirectory="007d5128-2825-423c-a030-297e767989cb" />
    <UnitTestResult executionId="94514a85-8f5f-43ce-9a48-11be698ad49d" testId="09109cdb-3848-8d5b-1673-eb704ba69421" testName="EdgeJobUpdatedCommand_ModelIsValid_CommandExecuted" computerName="DKSR-EFI-04" duration="00:00:00.0012528" startTime="2023-12-22T09:34:00.3501374+01:00" endTime="2023-12-22T09:34:00.3501374+01:00" testType="13cdc9d9-ddb5-4fa4-a97d-d965ccfc6d4b" outcome="Passed" testListId="8c84fa94-04c1-424b-9868-57a2d4851a1d" relativeResultsDirectory="94514a85-8f5f-43ce-9a48-11be698ad49d" />
    <UnitTestResult executionId="137fd2c5-14e3-4e67-9191-acd0391bd392" testId="5fa7f6c3-59dd-66f0-508e-049e14919de5" testName="HardwareLicense_SetExpire_Exists_Updated" computerName="DKSR-EFI-04" duration="00:00:00.0007255" startTime="2023-12-22T09:36:15.6477081+01:00" endTime="2023-12-22T09:36:15.6477081+01:00" testType="13cdc9d9-ddb5-4fa4-a97d-d965ccfc6d4b" outcome="Passed" testListId="8c84fa94-04c1-424b-9868-57a2d4851a1d" relativeResultsDirectory="137fd2c5-14e3-4e67-9191-acd0391bd392" />
    <UnitTestResult executionId="6fc225d1-0084-4c3f-9461-54cb0740a239" testId="13de28e5-d340-846e-3c63-908df06a48bc" testName="FirmwareUpgradeTaskCommandHandler_Constructor_Arguments_Null_Throws" computerName="DKSR-EFI-04" duration="00:00:00.0602211" startTime="2023-12-22T09:36:19.5539827+01:00" endTime="2023-12-22T09:36:19.6164805+01:00" testType="13cdc9d9-ddb5-4fa4-a97d-d965ccfc6d4b" outcome="Passed" testListId="8c84fa94-04c1-424b-9868-57a2d4851a1d" relativeResultsDirectory="6fc225d1-0084-4c3f-9461-54cb0740a239">
      <Output>
        <StdOut>Debug Trace:&#xD;
Fail: Argument null</StdOut>
      </Output>
    </UnitTestResult>
    <UnitTestResult executionId="9df931b9-d188-4b43-8e48-d5b5d7d8a369" testId="d39d0521-06db-7dc9-3051-c476e15502d1" testName="HardwareInCWANotOnWhiteList_ReplacedWithNoInheritance_HardwareNotOnWhiteList_CWAAllowed_AllDevicesInCWA" computerName="DKSR-EFI-04" duration="00:00:00.2083196" startTime="2023-12-22T09:35:09.7723628+01:00" endTime="2023-12-22T09:35:09.9911144+01:00" testType="13cdc9d9-ddb5-4fa4-a97d-d965ccfc6d4b" outcome="Passed" testListId="8c84fa94-04c1-424b-9868-57a2d4851a1d" relativeResultsDirectory="9df931b9-d188-4b43-8e48-d5b5d7d8a369" />
    <UnitTestResult executionId="86f815f1-081d-48d4-8755-42b1df941ca9" testId="37a138e9-b7a0-6794-91b6-4bf04f60b366" testName="ValidateParameter_NullLicenseDocument_Expect_ArgumentNullException" computerName="DKSR-EFI-04" duration="00:00:00.0099547" startTime="2023-12-22T09:35:35.9131231+01:00" endTime="2023-12-22T09:35:35.9131231+01:00" testType="13cdc9d9-ddb5-4fa4-a97d-d965ccfc6d4b" outcome="Passed" testListId="8c84fa94-04c1-424b-9868-57a2d4851a1d" relativeResultsDirectory="86f815f1-081d-48d4-8755-42b1df941ca9" />
    <UnitTestResult executionId="9dd86b79-b9e5-4e34-9afe-437ef80298f8" testId="3d23d5f2-7904-b2b4-b8b7-ca6ea8579849" testName="RecorderController_NoEventSubscription_NoPatchMade" computerName="DKSR-EFI-04" duration="00:00:00.0003507" startTime="2023-12-22T09:34:00.3657613+01:00" endTime="2023-12-22T09:34:00.3657613+01:00" testType="13cdc9d9-ddb5-4fa4-a97d-d965ccfc6d4b" outcome="Passed" testListId="8c84fa94-04c1-424b-9868-57a2d4851a1d" relativeResultsDirectory="9dd86b79-b9e5-4e34-9afe-437ef80298f8" />
    <UnitTestResult executionId="5f2f6a68-1102-431b-a176-5c4c5bfd74b0" testId="4bb2727d-b9d4-6289-65c4-9870842194c7" testName="HardwareInCWAOnWhiteList_ReplacedWithInheritance_HardwareNotOnWhiteList_CWAAllowed_MoreChannelsOnReplacedHardware_AllDevicesInCWA" computerName="DKSR-EFI-04" duration="00:00:00.3399894" startTime="2023-12-22T09:35:21.8661756+01:00" endTime="2023-12-22T09:35:22.2099247+01:00" testType="13cdc9d9-ddb5-4fa4-a97d-d965ccfc6d4b" outcome="Passed" testListId="8c84fa94-04c1-424b-9868-57a2d4851a1d" relativeResultsDirectory="5f2f6a68-1102-431b-a176-5c4c5bfd74b0" />
    <UnitTestResult executionId="6f565587-5af8-405a-965f-b453ba83cb6b" testId="f52db0e2-1ec3-1fbd-af9d-43162767844c" testName="DatabaseResponseDiskUsage_ModelIsNull_BadRequestResult" computerName="DKSR-EFI-04" duration="00:00:00.0006338" startTime="2023-12-22T09:34:01.0220152+01:00" endTime="2023-12-22T09:34:01.0220152+01:00" testType="13cdc9d9-ddb5-4fa4-a97d-d965ccfc6d4b" outcome="Passed" testListId="8c84fa94-04c1-424b-9868-57a2d4851a1d" relativeResultsDirectory="6f565587-5af8-405a-965f-b453ba83cb6b" />
    <UnitTestResult executionId="c2e990d0-f301-480a-8873-8fb77d78938a" testId="bdec05a5-07fb-4820-dc28-26dda82fd8ee" testName="ServerAccessTokenHandler_PopulateAuthorizationHeaderAsync_Success" computerName="DKSR-EFI-04" duration="00:00:00.1488729" startTime="2023-12-22T09:34:53.3504039+01:00" endTime="2023-12-22T09:34:53.4910294+01:00" testType="13cdc9d9-ddb5-4fa4-a97d-d965ccfc6d4b" outcome="Passed" testListId="8c84fa94-04c1-424b-9868-57a2d4851a1d" relativeResultsDirectory="c2e990d0-f301-480a-8873-8fb77d78938a" />
    <UnitTestResult executionId="93e22d4a-1ce9-4980-bbf0-88e2cc37a56f" testId="67b04a5a-d7e5-804a-359e-7ab0a49b2032" testName="DeviceLicense_RemoveDeviceLicense_NoDeviceLicenseReturned" computerName="DKSR-EFI-04" duration="00:00:00.0006495" startTime="2023-12-22T09:36:15.6945827+01:00" endTime="2023-12-22T09:36:15.6945827+01:00" testType="13cdc9d9-ddb5-4fa4-a97d-d965ccfc6d4b" outcome="Passed" testListId="8c84fa94-04c1-424b-9868-57a2d4851a1d" relativeResultsDirectory="93e22d4a-1ce9-4980-bbf0-88e2cc37a56f" />
    <UnitTestResult executionId="57833c6f-cdd7-4050-8c84-3bec0f9919ee" testId="af207a6c-649f-b642-3f18-975653fda64d" testName="EvidenceLockUpdateScheduler_Stopped_No_Commands_Issued" computerName="DKSR-EFI-04" duration="00:00:00.0007703" startTime="2023-12-22T09:33:57.8501248+01:00" endTime="2023-12-22T09:33:57.8501248+01:00" testType="13cdc9d9-ddb5-4fa4-a97d-d965ccfc6d4b" outcome="Passed" testListId="8c84fa94-04c1-424b-9868-57a2d4851a1d" relativeResultsDirectory="57833c6f-cdd7-4050-8c84-3bec0f9919ee" />
    <UnitTestResult executionId="3197d2b6-fa69-4168-b130-536cf0d807bd" testId="f3b50fcd-2daa-b9fb-f042-b57e7d3ddf9f" testName="LicenseCountManager_FindHardwareInGrace_ReturnsEmptyList_OnNoHardwareInGrace" computerName="DKSR-EFI-04" duration="00:00:00.0051888" startTime="2023-12-22T09:35:59.3976226+01:00" endTime="2023-12-22T09:35:59.3976226+01:00" testType="13cdc9d9-ddb5-4fa4-a97d-d965ccfc6d4b" outcome="Passed" testListId="8c84fa94-04c1-424b-9868-57a2d4851a1d" relativeResultsDirectory="3197d2b6-fa69-4168-b130-536cf0d807bd" />
    <UnitTestResult executionId="0718dd71-3763-4054-a015-75864a924b17" testId="440876a3-0b1f-65cb-86fa-df7d9378bb2e" testName="IsActivationQueued_StaysTrue_OnTwoQueueActivationCalls" computerName="DKSR-EFI-04" duration="00:00:00.0001612" startTime="2023-12-22T09:34:54.2722833+01:00" endTime="2023-12-22T09:34:54.2722833+01:00" testType="13cdc9d9-ddb5-4fa4-a97d-d965ccfc6d4b" outcome="Passed" testListId="8c84fa94-04c1-424b-9868-57a2d4851a1d" relativeResultsDirectory="0718dd71-3763-4054-a015-75864a924b17" />
    <UnitTestResult executionId="7c5ed09f-d32c-41c6-80c0-8a4ba7658652" testId="8f30478c-81f7-18ca-7418-c5fed45513af" testName="FirmwareUpgradeTaskCommandHandler_Execute_Failed_ErrorFirmwareRejected" computerName="DKSR-EFI-04" duration="00:00:00.0007878" startTime="2023-12-22T09:36:19.6946027+01:00" endTime="2023-12-22T09:36:19.6946027+01:00" testType="13cdc9d9-ddb5-4fa4-a97d-d965ccfc6d4b" outcome="Passed" testListId="8c84fa94-04c1-424b-9868-57a2d4851a1d" relativeResultsDirectory="7c5ed09f-d32c-41c6-80c0-8a4ba7658652" />
    <UnitTestResult executionId="981367b6-5fc6-42a0-bf5f-d5fc931a629f" testId="a1b35a02-92d9-0d0e-9ddc-2d7195973991" testName="AllocateLicensesNotActivated_WhitelistedDriver_Activated_OneHardware_TwoCameras_OneLicense_ValidateLicenseTypes" computerName="DKSR-EFI-04" duration="00:00:00.0510378" startTime="2023-12-22T09:35:38.5381399+01:00" endTime="2023-12-22T09:35:38.6006391+01:00" testType="13cdc9d9-ddb5-4fa4-a97d-d965ccfc6d4b" outcome="Passed" testListId="8c84fa94-04c1-424b-9868-57a2d4851a1d" relativeResultsDirectory="981367b6-5fc6-42a0-bf5f-d5fc931a629f" />
    <UnitTestResult executionId="fa1d0592-ff42-4e8d-882e-959cc9d63d85" testId="12a289cc-be96-5408-ab00-a38d958c6633" testName="HardwareInCWANotOnWhiteList_ReplacedWithNoInheritance_HardwareOnWhiteList_MixedCWAAllowed_MoreChannelsOnReplacedHardware_NewHardwareInCWA" computerName="DKSR-EFI-04" duration="00:00:00.3373647" startTime="2023-12-22T09:35:28.0693340+01:00" endTime="2023-12-22T09:35:28.4130883+01:00" testType="13cdc9d9-ddb5-4fa4-a97d-d965ccfc6d4b" outcome="Passed" testListId="8c84fa94-04c1-424b-9868-57a2d4851a1d" relativeResultsDirectory="fa1d0592-ff42-4e8d-882e-959cc9d63d85" />
    <UnitTestResult executionId="808a7d54-824d-4db2-aaf9-05b6a6c8dbe2" testId="b5adbb73-9b21-0db3-07ee-91df82916c6a" testName="RegisterFailoverRecorder_WatchingRecorderIsDeleted_ErrorResponse" computerName="DKSR-EFI-04" duration="00:00:00.0293556" startTime="2023-12-22T09:34:01.2251393+01:00" endTime="2023-12-22T09:34:01.2563929+01:00" testType="13cdc9d9-ddb5-4fa4-a97d-d965ccfc6d4b" outcome="Passed" testListId="8c84fa94-04c1-424b-9868-57a2d4851a1d" relativeResultsDirectory="808a7d54-824d-4db2-aaf9-05b6a6c8dbe2" />
    <UnitTestResult executionId="ac4d9ea9-0bc9-441c-b39b-fba822c53d17" testId="31f844ec-9d40-2405-88d9-f17d5587c8d4" testName="FirmwareUpgradeTaskCommandHandler_Execute_Failed_ExceptionResponse" computerName="DKSR-EFI-04" duration="00:00:00.0007234" startTime="2023-12-22T09:36:19.6789810+01:00" endTime="2023-12-22T09:36:19.6946027+01:00" testType="13cdc9d9-ddb5-4fa4-a97d-d965ccfc6d4b" outcome="Passed" testListId="8c84fa94-04c1-424b-9868-57a2d4851a1d" relativeResultsDirectory="ac4d9ea9-0bc9-441c-b39b-fba822c53d17" />
    <UnitTestResult executionId="1efc5da3-7b40-42b8-a174-2c811d8ae391" testId="9673c392-00ec-21ab-3c0b-8793b3f794b4" testName="EventCollectorConstructor_Logger_Null" computerName="DKSR-EFI-04" duration="00:00:00.0005494" startTime="2023-12-22T09:33:57.1938697+01:00" endTime="2023-12-22T09:33:57.2094951+01:00" testType="13cdc9d9-ddb5-4fa4-a97d-d965ccfc6d4b" outcome="Passed" testListId="8c84fa94-04c1-424b-9868-57a2d4851a1d" relativeResultsDirectory="1efc5da3-7b40-42b8-a174-2c811d8ae391" />
    <UnitTestResult executionId="760ed9a7-61d0-4c60-8e44-839d479d8e63" testId="3e38b4f6-2dac-31b3-166f-c8bc13b4eea7" testName="TemporaryLicenseStorage_SetData_Old_Empty_Success" computerName="DKSR-EFI-04" duration="00:00:00.0014798" startTime="2023-12-22T09:36:15.7883334+01:00" endTime="2023-12-22T09:36:15.7883334+01:00" testType="13cdc9d9-ddb5-4fa4-a97d-d965ccfc6d4b" outcome="Passed" testListId="8c84fa94-04c1-424b-9868-57a2d4851a1d" relativeResultsDirectory="760ed9a7-61d0-4c60-8e44-839d479d8e63" />
    <UnitTestResult executionId="42ac5053-7724-4f3f-b0f7-416687539e73" testId="34c21c1b-4843-42b3-d975-d5e225bd75ed" testName="Validate_DisabledHardwareNotPartOfLicenseRequest_Success" computerName="DKSR-EFI-04" duration="00:00:00.4364041" startTime="2023-12-22T09:36:13.2726953+01:00" endTime="2023-12-22T09:36:13.7101989+01:00" testType="13cdc9d9-ddb5-4fa4-a97d-d965ccfc6d4b" outcome="Passed" testListId="8c84fa94-04c1-424b-9868-57a2d4851a1d" relativeResultsDirectory="42ac5053-7724-4f3f-b0f7-416687539e73" />
    <UnitTestResult executionId="c085cd21-fb58-4341-843c-d9407722e710" testId="d5ed32e4-7897-5103-27de-7002ba878098" testName="LicenseInfoXmlWriter_CreateLicenseInformationXml_SetsSLC_OnNotEmptySLC" computerName="DKSR-EFI-04" duration="00:00:00.0031627" startTime="2023-12-22T09:35:59.8351233+01:00" endTime="2023-12-22T09:35:59.8351233+01:00" testType="13cdc9d9-ddb5-4fa4-a97d-d965ccfc6d4b" outcome="Passed" testListId="8c84fa94-04c1-424b-9868-57a2d4851a1d" relativeResultsDirectory="c085cd21-fb58-4341-843c-d9407722e710" />
    <UnitTestResult executionId="2f7246af-79f0-4e80-a0b1-d52c692858ba" testId="cb29dac1-8764-e240-82e6-34668ec60cf1" testName="CheckForAutomaticActivationTrigger_ReturnsTrue_OnDisabledDevice" computerName="DKSR-EFI-04" duration="00:00:00.0030382" startTime="2023-12-22T09:36:16.1633348+01:00" endTime="2023-12-22T09:36:16.1633348+01:00" testType="13cdc9d9-ddb5-4fa4-a97d-d965ccfc6d4b" outcome="Passed" testListId="8c84fa94-04c1-424b-9868-57a2d4851a1d" relativeResultsDirectory="2f7246af-79f0-4e80-a0b1-d52c692858ba" />
    <UnitTestResult executionId="bc747574-cbc3-49da-878d-3825d93f71de" testId="2bdb67fd-2ac2-591f-5cbe-a774680947b8" testName="ActivateArchivingCommand_ModelIsValid_CommandExecuted" computerName="DKSR-EFI-04" duration="00:00:00.0008408" startTime="2023-12-22T09:34:00.3345115+01:00" endTime="2023-12-22T09:34:00.3345115+01:00" testType="13cdc9d9-ddb5-4fa4-a97d-d965ccfc6d4b" outcome="Passed" testListId="8c84fa94-04c1-424b-9868-57a2d4851a1d" relativeResultsDirectory="bc747574-cbc3-49da-878d-3825d93f71de" />
    <UnitTestResult executionId="e2c4321b-d2fc-46c9-bdf0-a6a1a9a5ab08" testId="fdcc216e-d89b-62a4-e23b-448ff274816d" testName="BoolResponse_ModelIsNull_BadRequestResult" computerName="DKSR-EFI-04" duration="00:00:00.0005493" startTime="2023-12-22T09:34:00.8657627+01:00" endTime="2023-12-22T09:34:00.8657627+01:00" testType="13cdc9d9-ddb5-4fa4-a97d-d965ccfc6d4b" outcome="Passed" testListId="8c84fa94-04c1-424b-9868-57a2d4851a1d" relativeResultsDirectory="e2c4321b-d2fc-46c9-bdf0-a6a1a9a5ab08" />
    <UnitTestResult executionId="582701bf-8d8a-4602-887c-dfca30d91cef" testId="55b0046f-204a-b150-257e-2d3d00e45488" testName="DeleteConfigurationItemCommandHandler_Execute_DeleteMultipleHardware_Success" computerName="DKSR-EFI-04" duration="00:00:00.0742527" startTime="2023-12-22T09:36:18.1477226+01:00" endTime="2023-12-22T09:36:18.2258467+01:00" testType="13cdc9d9-ddb5-4fa4-a97d-d965ccfc6d4b" outcome="Passed" testListId="8c84fa94-04c1-424b-9868-57a2d4851a1d" relativeResultsDirectory="582701bf-8d8a-4602-887c-dfca30d91cef" />
    <UnitTestResult executionId="f3f66265-a7b8-403e-8141-d44ed2191e0a" testId="83748689-d3e8-87b9-8e2a-e56e2297976e" testName="HardwareScanTaskCommandHandler_Constructor_Arguments_Null_Throws" computerName="DKSR-EFI-04" duration="00:00:00.0054313" startTime="2023-12-22T09:36:20.0539812+01:00" endTime="2023-12-22T09:36:20.0539812+01:00" testType="13cdc9d9-ddb5-4fa4-a97d-d965ccfc6d4b" outcome="Passed" testListId="8c84fa94-04c1-424b-9868-57a2d4851a1d" relativeResultsDirectory="f3f66265-a7b8-403e-8141-d44ed2191e0a">
      <Output>
        <StdOut>Debug Trace:&#xD;
Fail: Argument null</StdOut>
      </Output>
    </UnitTestResult>
    <UnitTestResult executionId="1589bd3e-afa4-4f0b-a685-60324feda2c9" testId="d4d63e82-a153-4dba-ebca-76d1740f3fd7" testName="DeviceLicense_SetExpire_InvalidDate_NotUtc_Throws_ArgumentException" computerName="DKSR-EFI-04" duration="00:00:00.0009099" startTime="2023-12-22T09:36:15.7102077+01:00" endTime="2023-12-22T09:36:15.7102077+01:00" testType="13cdc9d9-ddb5-4fa4-a97d-d965ccfc6d4b" outcome="Passed" testListId="8c84fa94-04c1-424b-9868-57a2d4851a1d" relativeResultsDirectory="1589bd3e-afa4-4f0b-a685-60324feda2c9" />
    <UnitTestResult executionId="17d297ab-3c99-4611-8fa0-1d91c5869e74" testId="98d3b77a-de4e-c65f-d0f1-c8e1bf069964" testName="LicenseInfoXmlWriter_UpdateLicenseState_OnLicenseExpired" computerName="DKSR-EFI-04" duration="00:00:00.0026880" startTime="2023-12-22T09:35:59.8195000+01:00" endTime="2023-12-22T09:35:59.8195000+01:00" testType="13cdc9d9-ddb5-4fa4-a97d-d965ccfc6d4b" outcome="Passed" testListId="8c84fa94-04c1-424b-9868-57a2d4851a1d" relativeResultsDirectory="17d297ab-3c99-4611-8fa0-1d91c5869e74" />
    <UnitTestResult executionId="28223246-fed3-4fbc-8e90-04631d1ce4b9" testId="b177cbb5-9289-1bfa-bb0c-777b1da037d2" testName="Simulate_FiveICPHardware_VariousDevices_DisableAndEnable_CountsCorrectly_ClearLicenseStatusesAfterAllocation" computerName="DKSR-EFI-04" duration="00:00:01.7779767" startTime="2023-12-22T09:35:50.0694496+01:00" endTime="2023-12-22T09:35:51.8507071+01:00" testType="13cdc9d9-ddb5-4fa4-a97d-d965ccfc6d4b" outcome="Passed" testListId="8c84fa94-04c1-424b-9868-57a2d4851a1d" relativeResultsDirectory="28223246-fed3-4fbc-8e90-04631d1ce4b9" />
    <UnitTestResult executionId="fc0be9b3-e563-47ae-bfc6-7d5b6c2202d9" testId="d8429968-d99d-6cb6-df2c-d60230c77ebe" testName="ServerAccessTokenHandler_PopulateAuthorizationHeaderAsync_ArgumentNullException" computerName="DKSR-EFI-04" duration="00:00:00.0339558" startTime="2023-12-22T09:34:53.2879048+01:00" endTime="2023-12-22T09:34:53.3191533+01:00" testType="13cdc9d9-ddb5-4fa4-a97d-d965ccfc6d4b" outcome="Passed" testListId="8c84fa94-04c1-424b-9868-57a2d4851a1d" relativeResultsDirectory="fc0be9b3-e563-47ae-bfc6-7d5b6c2202d9" />
    <UnitTestResult executionId="dd4f934c-58b3-4cea-bf1e-fe6bdbba52f6" testId="5b97f0b7-78ca-03e5-f404-238d7520c937" testName="ConvertIdpLog_UserChangePasswordSuccess" computerName="DKSR-EFI-04" duration="00:00:00.0012914" startTime="2023-12-22T09:34:53.5222796+01:00" endTime="2023-12-22T09:34:53.5222796+01:00" testType="13cdc9d9-ddb5-4fa4-a97d-d965ccfc6d4b" outcome="Passed" testListId="8c84fa94-04c1-424b-9868-57a2d4851a1d" relativeResultsDirectory="dd4f934c-58b3-4cea-bf1e-fe6bdbba52f6" />
    <UnitTestResult executionId="069b2927-4134-4b9d-a206-84d535b0a761" testId="6699e28c-b031-dfee-012e-0c19020a68c6" testName="AutomaticActivation_NotQueued_OnDisabled" computerName="DKSR-EFI-04" duration="00:00:00.0009929" startTime="2023-12-22T09:34:54.2879070+01:00" endTime="2023-12-22T09:34:54.2879070+01:00" testType="13cdc9d9-ddb5-4fa4-a97d-d965ccfc6d4b" outcome="Passed" testListId="8c84fa94-04c1-424b-9868-57a2d4851a1d" relativeResultsDirectory="069b2927-4134-4b9d-a206-84d535b0a761" />
    <UnitTestResult executionId="f3ddae71-1023-4952-872f-2073bd02a01b" testId="7f61d5ae-c293-961d-5c60-2fd2f6f8b8a0" testName="AnalyzeAndCreateAuditLogs_DeletedSecurityPermissionsDeviceRowWithDEVICEPTZPRIORITYAtrribute_ReturnsTwoAuditLog" computerName="DKSR-EFI-04" duration="00:00:00.0035491" startTime="2023-12-22T09:36:17.4602199+01:00" endTime="2023-12-22T09:36:17.4602199+01:00" testType="13cdc9d9-ddb5-4fa4-a97d-d965ccfc6d4b" outcome="Passed" testListId="8c84fa94-04c1-424b-9868-57a2d4851a1d" relativeResultsDirectory="f3ddae71-1023-4952-872f-2073bd02a01b" />
    <UnitTestResult executionId="129c8cfd-e4f9-4888-9168-42810ebf0ec2" testId="3e0d1ff1-7158-d3da-1bde-dc06d85351cc" testName="Validate_RemoveDevicesFromChangesWithoutActivation_WithNullHardwareDeviceItems_ThrowsArgumentNullException" computerName="DKSR-EFI-04" duration="00:00:00.0012084" startTime="2023-12-22T09:35:59.1788717+01:00" endTime="2023-12-22T09:35:59.1944960+01:00" testType="13cdc9d9-ddb5-4fa4-a97d-d965ccfc6d4b" outcome="Passed" testListId="8c84fa94-04c1-424b-9868-57a2d4851a1d" relativeResultsDirectory="129c8cfd-e4f9-4888-9168-42810ebf0ec2" />
    <UnitTestResult executionId="fa8cf36c-8454-4356-997e-ee7ad9fa014e" testId="f3fc3b2a-fd0c-ed34-201e-80335edc57c1" testName="EvidenceLockUpdateScheduler_2xStart_Throws" computerName="DKSR-EFI-04" duration="00:00:00.0008193" startTime="2023-12-22T09:33:57.8032479+01:00" endTime="2023-12-22T09:33:57.8032479+01:00" testType="13cdc9d9-ddb5-4fa4-a97d-d965ccfc6d4b" outcome="Passed" testListId="8c84fa94-04c1-424b-9868-57a2d4851a1d" relativeResultsDirectory="fa8cf36c-8454-4356-997e-ee7ad9fa014e" />
    <UnitTestResult executionId="ab83e82d-452a-47b8-8f6d-e77c85db5979" testId="1218a498-99c8-aef7-14b6-a005d2b1e4af" testName="Validate_Channel_ClearChangesWithoutActivation_ThrowsArgumentNullException" computerName="DKSR-EFI-04" duration="00:00:00.0007535" startTime="2023-12-22T09:35:59.1788717+01:00" endTime="2023-12-22T09:35:59.1788717+01:00" testType="13cdc9d9-ddb5-4fa4-a97d-d965ccfc6d4b" outcome="Passed" testListId="8c84fa94-04c1-424b-9868-57a2d4851a1d" relativeResultsDirectory="ab83e82d-452a-47b8-8f6d-e77c85db5979" />
    <UnitTestResult executionId="30922363-6df2-4488-93db-1c3c10534b2e" testId="4b5a68b1-c763-49c2-6558-f2ba8573701b" testName="ValidateLicenseCounts_ValidateWhitelistVersion_WithEmptyWhiteList" computerName="DKSR-EFI-04" duration="00:00:00.0537198" startTime="2023-12-22T09:36:12.5383174+01:00" endTime="2023-12-22T09:36:12.5851930+01:00" testType="13cdc9d9-ddb5-4fa4-a97d-d965ccfc6d4b" outcome="Passed" testListId="8c84fa94-04c1-424b-9868-57a2d4851a1d" relativeResultsDirectory="30922363-6df2-4488-93db-1c3c10534b2e" />
    <UnitTestResult executionId="51956957-f0a4-40d3-af95-8776933e1b11" testId="d4230149-10c4-6faa-9ee6-ef77ef11a13e" testName="TemporaryDeviceLicense_Ctor_DateTimeMaxValue_ArgumentException" computerName="DKSR-EFI-04" duration="00:00:00.0044023" startTime="2023-12-22T09:35:01.6785722+01:00" endTime="2023-12-22T09:35:01.6785722+01:00" testType="13cdc9d9-ddb5-4fa4-a97d-d965ccfc6d4b" outcome="Passed" testListId="8c84fa94-04c1-424b-9868-57a2d4851a1d" relativeResultsDirectory="51956957-f0a4-40d3-af95-8776933e1b11">
      <Output>
        <StdOut>Debug Trace:&#xD;
Fail: Argument invalid - must be UTC</StdOut>
      </Output>
    </UnitTestResult>
    <UnitTestResult executionId="3f0b1a5a-f17e-4955-9dda-96658a73f5ac" testId="9897c766-b52d-ed3b-d588-9c1d581b48f1" testName="DeviceLicense_FindByDeviceInfo_NotFound_ReturnsNull" computerName="DKSR-EFI-04" duration="00:00:00.0007316" startTime="2023-12-22T09:36:15.6633320+01:00" endTime="2023-12-22T09:36:15.6633320+01:00" testType="13cdc9d9-ddb5-4fa4-a97d-d965ccfc6d4b" outcome="Passed" testListId="8c84fa94-04c1-424b-9868-57a2d4851a1d" relativeResultsDirectory="3f0b1a5a-f17e-4955-9dda-96658a73f5ac" />
    <UnitTestResult executionId="22fa74eb-fe8f-4fba-9fcc-bb30885340be" testId="93557652-0c61-c383-9006-222abdd8eada" testName="Dispose_Called_TimerDisposed" computerName="DKSR-EFI-04" duration="00:00:00.0013136" startTime="2023-12-22T09:36:45.0228651+01:00" endTime="2023-12-22T09:36:45.0228651+01:00" testType="13cdc9d9-ddb5-4fa4-a97d-d965ccfc6d4b" outcome="Passed" testListId="8c84fa94-04c1-424b-9868-57a2d4851a1d" relativeResultsDirectory="22fa74eb-fe8f-4fba-9fcc-bb30885340be" />
    <UnitTestResult executionId="5dfcaad0-b154-4061-9771-8d3eda15a221" testId="69f51caf-2be9-d08e-6810-ce001c777fb4" testName="GetTotalReplacementLimit_ReturnIntMaximum_OnPercentageOneHundred" computerName="DKSR-EFI-04" duration="00:00:00.0001699" startTime="2023-12-22T09:36:15.7883334+01:00" endTime="2023-12-22T09:36:15.7883334+01:00" testType="13cdc9d9-ddb5-4fa4-a97d-d965ccfc6d4b" outcome="Passed" testListId="8c84fa94-04c1-424b-9868-57a2d4851a1d" relativeResultsDirectory="5dfcaad0-b154-4061-9771-8d3eda15a221" />
    <UnitTestResult executionId="b2ce10e2-b556-4fd8-bd39-236f0ed30187" testId="42bf2cb1-698e-8879-c40b-8fea12bbd64e" testName="AllocateLicenses_NotActivated_FiveDevices_ThreeDisabled_FiveLicenses_ThreeUnlicensed_TwoReplaced" computerName="DKSR-EFI-04" duration="00:00:00.0317844" startTime="2023-12-22T09:35:37.0850076+01:00" endTime="2023-12-22T09:35:37.1162571+01:00" testType="13cdc9d9-ddb5-4fa4-a97d-d965ccfc6d4b" outcome="Passed" testListId="8c84fa94-04c1-424b-9868-57a2d4851a1d" relativeResultsDirectory="b2ce10e2-b556-4fd8-bd39-236f0ed30187" />
    <UnitTestResult executionId="8234d679-5def-4ab0-a6f9-eb1bdeba9bde" testId="20f144bc-786f-b30e-2570-b753431ada4b" testName="SynchronizeDevicePresetsResponse_ModelIsNull_BadRequestResult" computerName="DKSR-EFI-04" duration="00:00:00.0005589" startTime="2023-12-22T09:34:00.9907639+01:00" endTime="2023-12-22T09:34:00.9907639+01:00" testType="13cdc9d9-ddb5-4fa4-a97d-d965ccfc6d4b" outcome="Passed" testListId="8c84fa94-04c1-424b-9868-57a2d4851a1d" relativeResultsDirectory="8234d679-5def-4ab0-a6f9-eb1bdeba9bde" />
    <UnitTestResult executionId="8e96e8d5-bd98-43d8-aefa-5cf4ee51c849" testId="ca8707b1-fdbb-1240-3ed3-aec73e9fbd04" testName="SynchronizeDevicePresetsResponse_ModelIsValid_CommandExecuted" computerName="DKSR-EFI-04" duration="00:00:00.0010080" startTime="2023-12-22T09:34:01.0063911+01:00" endTime="2023-12-22T09:34:01.0063911+01:00" testType="13cdc9d9-ddb5-4fa4-a97d-d965ccfc6d4b" outcome="Passed" testListId="8c84fa94-04c1-424b-9868-57a2d4851a1d" relativeResultsDirectory="8e96e8d5-bd98-43d8-aefa-5cf4ee51c849" />
    <UnitTestResult executionId="a9f9b0c5-9c01-40e8-b5b2-b133f6a2ccae" testId="0f9657cc-4402-2e71-fa6d-311b1f9f3738" testName="GetHardwareUsersCommandHandler_Execute_WrongCommandOrNullParameters_Throws" computerName="DKSR-EFI-04" duration="00:00:00.0273580" startTime="2023-12-22T09:36:19.7727292+01:00" endTime="2023-12-22T09:36:19.7883552+01:00" testType="13cdc9d9-ddb5-4fa4-a97d-d965ccfc6d4b" outcome="Passed" testListId="8c84fa94-04c1-424b-9868-57a2d4851a1d" relativeResultsDirectory="a9f9b0c5-9c01-40e8-b5b2-b133f6a2ccae">
      <Output>
        <StdOut>Debug Trace:&#xD;
Fail: Command/Command handler type mismatch&#xD;
Fail: Command/Command handler type mismatch&#xD;
Fail: The command handler expect an object that implements ICallContextInfo in the state parameter&#xD;
Fail: The command handler expect an object that implements IResponseSink in the responseSink parameter</StdOut>
      </Output>
    </UnitTestResult>
    <UnitTestResult executionId="dab0e5c1-ecd1-4e88-a10e-acdbe685d39e" testId="9c5e3218-4d81-f666-5eac-f51ae9556518" testName="MultiSite_ChannelBased_SameNotWhitelistedHardwareOn2Recorders_MoreChannelsThanLicenses" computerName="DKSR-EFI-04" duration="00:00:00.1349611" startTime="2023-12-22T09:35:55.5851006+01:00" endTime="2023-12-22T09:35:55.7101015+01:00" testType="13cdc9d9-ddb5-4fa4-a97d-d965ccfc6d4b" outcome="Passed" testListId="8c84fa94-04c1-424b-9868-57a2d4851a1d" relativeResultsDirectory="dab0e5c1-ecd1-4e88-a10e-acdbe685d39e" />
    <UnitTestResult executionId="d7ed4610-229a-48c7-8cd4-72bc90423d58" testId="48fe9dfa-00bd-7412-25ad-d8f31c9359f8" testName="ValidatePublicAddress_ServerSecuredRecorderNotSecured_ReturnBadRequest" computerName="DKSR-EFI-04" duration="00:00:00.0115356" startTime="2023-12-22T09:34:01.2720135+01:00" endTime="2023-12-22T09:34:01.2876391+01:00" testType="13cdc9d9-ddb5-4fa4-a97d-d965ccfc6d4b" outcome="Passed" testListId="8c84fa94-04c1-424b-9868-57a2d4851a1d" relativeResultsDirectory="d7ed4610-229a-48c7-8cd4-72bc90423d58" />
    <UnitTestResult executionId="fb39bb4f-28b7-40a1-960d-01347e9d69b6" testId="b765d0cf-1fe6-73b4-d57a-f5ad7d890fbe" testName="CheckMsFailoverStatusCommandHandler_Execute_Arguments_Null_Throws" computerName="DKSR-EFI-04" duration="00:00:00.0108934" startTime="2023-12-22T09:36:16.4914626+01:00" endTime="2023-12-22T09:36:16.5070871+01:00" testType="13cdc9d9-ddb5-4fa4-a97d-d965ccfc6d4b" outcome="Passed" testListId="8c84fa94-04c1-424b-9868-57a2d4851a1d" relativeResultsDirectory="fb39bb4f-28b7-40a1-960d-01347e9d69b6">
      <Output>
        <StdOut>Debug Trace:&#xD;
Fail: Command/Command handler type mismatch&#xD;
Fail: Command/Command handler type mismatch&#xD;
Fail: The command handler expect an object that implements ICallContextInfo in the state parameter&#xD;
Fail: The command handler expect an object that implements IResponseSink in the responseSink parameter</StdOut>
      </Output>
    </UnitTestResult>
    <UnitTestResult executionId="6f215b4e-66a7-49eb-a366-fd27b3b1756d" testId="d40c2ded-95ac-6860-f5b0-8e549fe1d8ae" testName="HardwareActivatedOnWhiteList_ReplacedWithNoInheritance_HardwareOnWhiteList_MixedCWAAllowed_NewHardwareInCWA" computerName="DKSR-EFI-04" duration="00:00:00.1614847" startTime="2023-12-22T09:35:04.9442115+01:00" endTime="2023-12-22T09:35:05.1004636+01:00" testType="13cdc9d9-ddb5-4fa4-a97d-d965ccfc6d4b" outcome="Passed" testListId="8c84fa94-04c1-424b-9868-57a2d4851a1d" relativeResultsDirectory="6f215b4e-66a7-49eb-a366-fd27b3b1756d" />
    <UnitTestResult executionId="cb6dc217-f53a-4fbd-8182-fe4e12afdf4a" testId="ef53e2b8-fe52-58e3-46fe-b376fd704110" testName="TriggerEventAsGlobalCommand_ModelIsNull_BadRequestResult" computerName="DKSR-EFI-04" duration="00:00:00.0009997" startTime="2023-12-22T09:34:01.0845126+01:00" endTime="2023-12-22T09:34:01.0845126+01:00" testType="13cdc9d9-ddb5-4fa4-a97d-d965ccfc6d4b" outcome="Passed" testListId="8c84fa94-04c1-424b-9868-57a2d4851a1d" relativeResultsDirectory="cb6dc217-f53a-4fbd-8182-fe4e12afdf4a" />
    <UnitTestResult executionId="162f78fe-58c5-4ac2-811a-a78989bfa689" testId="b9e8bb21-8876-39d5-4535-cf3fac9c90aa" testName="EdgeJobUpdatedCommand_ModelIsNull_BadRequestResult" computerName="DKSR-EFI-04" duration="00:00:00.0008049" startTime="2023-12-22T09:34:00.3345115+01:00" endTime="2023-12-22T09:34:00.3345115+01:00" testType="13cdc9d9-ddb5-4fa4-a97d-d965ccfc6d4b" outcome="Passed" testListId="8c84fa94-04c1-424b-9868-57a2d4851a1d" relativeResultsDirectory="162f78fe-58c5-4ac2-811a-a78989bfa689" />
    <UnitTestResult executionId="fb8e4fbc-7043-4337-a84a-66d595f5091b" testId="08622791-9a78-dba4-11b6-3b604a6bf317" testName="SendMultiNotification_ModelIsNull_BadRequestResult" computerName="DKSR-EFI-04" duration="00:00:00.0011590" startTime="2023-12-22T09:34:00.4751380+01:00" endTime="2023-12-22T09:34:00.4751380+01:00" testType="13cdc9d9-ddb5-4fa4-a97d-d965ccfc6d4b" outcome="Passed" testListId="8c84fa94-04c1-424b-9868-57a2d4851a1d" relativeResultsDirectory="fb8e4fbc-7043-4337-a84a-66d595f5091b" />
    <UnitTestResult executionId="8fbe735a-fac5-4e89-80e5-19589abda7dd" testId="3651eb38-5039-fa09-00f9-acaf8a27c78a" testName="HardwareScanExpressTaskCommandHandler_Execute_RecorderNotSupported_FailResponse" computerName="DKSR-EFI-04" duration="00:00:00.0010948" startTime="2023-12-22T09:36:20.0227293+01:00" endTime="2023-12-22T09:36:20.0227293+01:00" testType="13cdc9d9-ddb5-4fa4-a97d-d965ccfc6d4b" outcome="Passed" testListId="8c84fa94-04c1-424b-9868-57a2d4851a1d" relativeResultsDirectory="8fbe735a-fac5-4e89-80e5-19589abda7dd" />
    <UnitTestResult executionId="f0153f25-3852-41a5-9e2e-42fe96623b9d" testId="07d5d72e-69e0-9fde-2308-03acdf606032" testName="HardwareInCWAOnWhiteList_ReplacedWithNoInheritance_HardwareNotOnWhiteList_MixedCWAAllowed_SomeDevicesInCWA" computerName="DKSR-EFI-04" duration="00:00:00.3094321" startTime="2023-12-22T09:35:10.8661203+01:00" endTime="2023-12-22T09:35:11.1786218+01:00" testType="13cdc9d9-ddb5-4fa4-a97d-d965ccfc6d4b" outcome="Passed" testListId="8c84fa94-04c1-424b-9868-57a2d4851a1d" relativeResultsDirectory="f0153f25-3852-41a5-9e2e-42fe96623b9d" />
    <UnitTestResult executionId="07ac2f0b-1fd2-42d9-b532-8b86a7f39f28" testId="d36822ca-313a-7605-49b0-c19c37c6127f" testName="CheckMsFailoverStatusCommandHandler_Execute_Https_InvokeEventTrue_EmptyResponse_ShouldNotTrigger" computerName="DKSR-EFI-04" duration="00:00:00.0026565" startTime="2023-12-22T09:36:17.1789656+01:00" endTime="2023-12-22T09:36:17.1789656+01:00" testType="13cdc9d9-ddb5-4fa4-a97d-d965ccfc6d4b" outcome="Passed" testListId="8c84fa94-04c1-424b-9868-57a2d4851a1d" relativeResultsDirectory="07ac2f0b-1fd2-42d9-b532-8b86a7f39f28" />
    <UnitTestResult executionId="b1b42ad1-5e95-48a5-a08a-c2eb2d5a0dd1" testId="22a490c0-6acc-6ed1-db4f-f6924fd19704" testName="HardwareInGraceNotOnWhiteList_ReplacedWithInheritance_HardwareNotOnWhiteList_MoreDevicesOnNewHardware_ShouldGiveDevicesNewGracePeriod" computerName="DKSR-EFI-04" duration="00:00:00.2024199" startTime="2023-12-22T09:35:57.6476126+01:00" endTime="2023-12-22T09:35:57.8507373+01:00" testType="13cdc9d9-ddb5-4fa4-a97d-d965ccfc6d4b" outcome="Passed" testListId="8c84fa94-04c1-424b-9868-57a2d4851a1d" relativeResultsDirectory="b1b42ad1-5e95-48a5-a08a-c2eb2d5a0dd1" />
    <UnitTestResult executionId="7704f3d8-14f7-4577-8257-26fab2f08b8f" testId="5fe06e96-7d1e-4cc3-cac1-7c226655aab9" testName="LicenseDeviceRow_Validate_DeletedRowCanBeReinstated_ChangesAccepted_Success" computerName="DKSR-EFI-04" duration="00:00:00.0019338" startTime="2023-12-22T09:35:59.4601233+01:00" endTime="2023-12-22T09:35:59.4601233+01:00" testType="13cdc9d9-ddb5-4fa4-a97d-d965ccfc6d4b" outcome="Passed" testListId="8c84fa94-04c1-424b-9868-57a2d4851a1d" relativeResultsDirectory="7704f3d8-14f7-4577-8257-26fab2f08b8f" />
    <UnitTestResult executionId="8a7007e1-859f-4aa5-8144-dd62c360abba" testId="268ae14c-20cc-e72a-0840-6050273b0f8d" testName="UpdateHardwareTaskCommandHandler_Apply_Added_Tests" computerName="DKSR-EFI-04" duration="00:00:00.0768342" startTime="2023-12-22T09:36:44.5697368+01:00" endTime="2023-12-22T09:36:44.6478623+01:00" testType="13cdc9d9-ddb5-4fa4-a97d-d965ccfc6d4b" outcome="Passed" testListId="8c84fa94-04c1-424b-9868-57a2d4851a1d" relativeResultsDirectory="8a7007e1-859f-4aa5-8144-dd62c360abba" />
    <UnitTestResult executionId="df02f343-cc84-4ac9-8891-5eca68c23f01" testId="b3c0b65f-805a-3515-898c-2d4dce44f091" testName="TemporaryLicensesStorage_LoadData_With_ChangesWithoutActivationToken" computerName="DKSR-EFI-04" duration="00:00:00.0021826" startTime="2023-12-22T09:36:15.7883334+01:00" endTime="2023-12-22T09:36:15.8039584+01:00" testType="13cdc9d9-ddb5-4fa4-a97d-d965ccfc6d4b" outcome="Passed" testListId="8c84fa94-04c1-424b-9868-57a2d4851a1d" relativeResultsDirectory="df02f343-cc84-4ac9-8891-5eca68c23f01" />
    <UnitTestResult executionId="f6902733-53d1-45f5-bb4e-00c6abb4bccb" testId="416f82d2-cf13-eaaa-dd89-821c19c09d99" testName="AnalyzeAndCreateAuditLogs_AddedSecurityPermissionsDeviceRowWithDefaultTimeProfile_ReturnsTwoAuditLogs" computerName="DKSR-EFI-04" duration="00:00:00.0045918" startTime="2023-12-22T09:36:17.2727164+01:00" endTime="2023-12-22T09:36:17.2883415+01:00" testType="13cdc9d9-ddb5-4fa4-a97d-d965ccfc6d4b" outcome="Passed" testListId="8c84fa94-04c1-424b-9868-57a2d4851a1d" relativeResultsDirectory="f6902733-53d1-45f5-bb4e-00c6abb4bccb" />
    <UnitTestResult executionId="2f10a08f-5d44-43ff-b0b7-edb2cb0e68cc" testId="456922c0-2173-494b-5340-de73de1629fa" testName="ConfigurationDataSetLoader_GetDeviceGroupMembersByDeviceId_Success" computerName="DKSR-EFI-04" duration="00:00:00.0009510" startTime="2023-12-22T09:36:15.8820839+01:00" endTime="2023-12-22T09:36:15.8820839+01:00" testType="13cdc9d9-ddb5-4fa4-a97d-d965ccfc6d4b" outcome="Passed" testListId="8c84fa94-04c1-424b-9868-57a2d4851a1d" relativeResultsDirectory="2f10a08f-5d44-43ff-b0b7-edb2cb0e68cc" />
    <UnitTestResult executionId="dc5ee0c6-4fa4-48ce-9ef0-33dcf6621a6c" testId="026aa8ec-95c1-a014-58a4-949aa82d868a" testName="AnalyzeAndCreateAuditLogs_AddedSecurityPermissionsDeviceRowWithDEVICEPTZPRIORITYAtrribute_ReturnsTwoAuditLog" computerName="DKSR-EFI-04" duration="00:00:00.0033447" startTime="2023-12-22T09:36:17.4133415+01:00" endTime="2023-12-22T09:36:17.4133415+01:00" testType="13cdc9d9-ddb5-4fa4-a97d-d965ccfc6d4b" outcome="Passed" testListId="8c84fa94-04c1-424b-9868-57a2d4851a1d" relativeResultsDirectory="dc5ee0c6-4fa4-48ce-9ef0-33dcf6621a6c" />
    <UnitTestResult executionId="47ab940d-5873-4c7f-bb18-76b89f0e659a" testId="284e3747-200c-a346-c8de-d635cf1b6e59" testName="RecorderTaskSuccess_ModelIsValid_Executed" computerName="DKSR-EFI-04" duration="00:00:00.0876619" startTime="2023-12-22T09:34:00.5220098+01:00" endTime="2023-12-22T09:34:00.6157609+01:00" testType="13cdc9d9-ddb5-4fa4-a97d-d965ccfc6d4b" outcome="Passed" testListId="8c84fa94-04c1-424b-9868-57a2d4851a1d" relativeResultsDirectory="47ab940d-5873-4c7f-bb18-76b89f0e659a" />
    <UnitTestResult executionId="50c949df-473c-4e0a-9c97-904316153892" testId="8039a04f-aa3d-b9b0-cb5a-bbf13ecc63c0" testName="AllocateLicensesNotActivated_WhitelistedDriver_CWA_ThreeHardware_OneHardwareDisabled_OneHardwareNotWhitelisted_ValidateLicenseTypes" computerName="DKSR-EFI-04" duration="00:00:00.1046214" startTime="2023-12-22T09:35:38.1787675+01:00" endTime="2023-12-22T09:35:38.2881353+01:00" testType="13cdc9d9-ddb5-4fa4-a97d-d965ccfc6d4b" outcome="Passed" testListId="8c84fa94-04c1-424b-9868-57a2d4851a1d" relativeResultsDirectory="50c949df-473c-4e0a-9c97-904316153892" />
    <UnitTestResult executionId="42f54c42-16c8-433d-b465-08cc27a41b6d" testId="65b8b03a-1cd6-d41b-951d-7ff48ede72f3" testName="HardwareInCWANotOnWhiteList_ReplacedWithNoInheritance_HardwareNotOnWhiteList_NoMoreCWAAllowed_NewDevicesInGrace" computerName="DKSR-EFI-04" duration="00:00:00.3381524" startTime="2023-12-22T09:35:08.0848525+01:00" endTime="2023-12-22T09:35:08.4286049+01:00" testType="13cdc9d9-ddb5-4fa4-a97d-d965ccfc6d4b" outcome="Passed" testListId="8c84fa94-04c1-424b-9868-57a2d4851a1d" relativeResultsDirectory="42f54c42-16c8-433d-b465-08cc27a41b6d" />
    <UnitTestResult executionId="457da8c2-f284-4179-a296-ffced65d0dbd" testId="58141a4e-f059-9b6b-e088-301262858edb" testName="DeleteIdpUserTaskCommandHandlerTests_Clone_Returns_Same_Reference" computerName="DKSR-EFI-04" duration="00:00:00.0005755" startTime="2023-12-22T09:36:18.5695985+01:00" endTime="2023-12-22T09:36:18.5695985+01:00" testType="13cdc9d9-ddb5-4fa4-a97d-d965ccfc6d4b" outcome="Passed" testListId="8c84fa94-04c1-424b-9868-57a2d4851a1d" relativeResultsDirectory="457da8c2-f284-4179-a296-ffced65d0dbd" />
    <UnitTestResult executionId="54e30319-9bf3-4e22-acda-8fc7a3abe1c8" testId="cef0612a-25e2-591d-1be7-84900295fc1b" testName="Start_IdpClientReturnsOneLog_LogReceiverIsPassedConvertedLog" computerName="DKSR-EFI-04" duration="00:00:00.1406386" startTime="2023-12-22T09:34:54.0222798+01:00" endTime="2023-12-22T09:34:54.1629070+01:00" testType="13cdc9d9-ddb5-4fa4-a97d-d965ccfc6d4b" outcome="Passed" testListId="8c84fa94-04c1-424b-9868-57a2d4851a1d" relativeResultsDirectory="54e30319-9bf3-4e22-acda-8fc7a3abe1c8" />
    <UnitTestResult executionId="bf2d2296-47d1-47d4-bde8-b84b78b15b31" testId="acf03fb6-5116-f94e-d6e8-7ac4126f56f1" testName="AllocateLicenses_OneLicenseUsed_OnOneHardwareWithOneCameraInGraceAndFourLicenses" computerName="DKSR-EFI-04" duration="00:00:00.0179847" startTime="2023-12-22T09:35:58.7726188+01:00" endTime="2023-12-22T09:35:58.7882438+01:00" testType="13cdc9d9-ddb5-4fa4-a97d-d965ccfc6d4b" outcome="Passed" testListId="8c84fa94-04c1-424b-9868-57a2d4851a1d" relativeResultsDirectory="bf2d2296-47d1-47d4-bde8-b84b78b15b31">
      <Output>
        <StdOut>Debug Trace:&#xD;
Fail: Attribute value invalid. 'Index'</StdOut>
      </Output>
    </UnitTestResult>
    <UnitTestResult executionId="523239f8-94ff-46d8-b148-001b5a319d22" testId="18221f5c-a233-8915-9e13-307a08a338ec" testName="AnalyzeAndCreateAuditLogs_ModifiedSecurityPermissionsDeviceRowWithDEVICEPTZPRIORITYAtrributeSamePriority_ReturnsNoAuditLog" computerName="DKSR-EFI-04" duration="00:00:00.0023575" startTime="2023-12-22T09:36:17.4445923+01:00" endTime="2023-12-22T09:36:17.4445923+01:00" testType="13cdc9d9-ddb5-4fa4-a97d-d965ccfc6d4b" outcome="Passed" testListId="8c84fa94-04c1-424b-9868-57a2d4851a1d" relativeResultsDirectory="523239f8-94ff-46d8-b148-001b5a319d22" />
    <UnitTestResult executionId="a97a7c14-9904-4e5f-9fcd-ab05281e4dbc" testId="427a1563-875c-5ede-eb36-087cf953a6e9" testName="HardwareInCWANotOnWhiteList_WithChannels_ReplacedWith_HardwareNotOnWhiteList_ZeroChannels_NoMoreCWAAllowed_NewHardwareInGrace" computerName="DKSR-EFI-04" duration="00:00:00.4092258" startTime="2023-12-22T09:35:32.0224787+01:00" endTime="2023-12-22T09:35:32.4287302+01:00" testType="13cdc9d9-ddb5-4fa4-a97d-d965ccfc6d4b" outcome="Passed" testListId="8c84fa94-04c1-424b-9868-57a2d4851a1d" relativeResultsDirectory="a97a7c14-9904-4e5f-9fcd-ab05281e4dbc" />
    <UnitTestResult executionId="69af8e6e-f4a0-42c3-a358-3ab91c75dcc3" testId="2ed3a00a-4f7f-6fbf-f5bb-89f70e5e347a" testName="MoveHardwareTaskCommandHandler_Execute_DestinationRecorder_Not_Compatible_FailResponse" computerName="DKSR-EFI-04" duration="00:00:00.0011607" startTime="2023-12-22T09:36:24.8665051+01:00" endTime="2023-12-22T09:36:24.8821312+01:00" testType="13cdc9d9-ddb5-4fa4-a97d-d965ccfc6d4b" outcome="Passed" testListId="8c84fa94-04c1-424b-9868-57a2d4851a1d" relativeResultsDirectory="69af8e6e-f4a0-42c3-a358-3ab91c75dcc3" />
    <UnitTestResult executionId="e337e812-90fb-4a44-afd7-0ab22ff602d7" testId="3cb65f0e-e345-0459-17cf-270ca0245297" testName="SendMultiNotification_ModelIsValid_CommandExecuted" computerName="DKSR-EFI-04" duration="00:00:00.0035653" startTime="2023-12-22T09:34:00.4751380+01:00" endTime="2023-12-22T09:34:00.4907610+01:00" testType="13cdc9d9-ddb5-4fa4-a97d-d965ccfc6d4b" outcome="Passed" testListId="8c84fa94-04c1-424b-9868-57a2d4851a1d" relativeResultsDirectory="e337e812-90fb-4a44-afd7-0ab22ff602d7" />
    <UnitTestResult executionId="55658ee3-4296-4098-822f-2af6b966e7cf" testId="20ca43c6-2f14-43d9-a49c-571d28462c6a" testName="ValidateParameter_NullLicenseDeviceInfo_Expect_ArgumentNullException" computerName="DKSR-EFI-04" duration="00:00:00.0044285" startTime="2023-12-22T09:35:35.8974984+01:00" endTime="2023-12-22T09:35:35.8974984+01:00" testType="13cdc9d9-ddb5-4fa4-a97d-d965ccfc6d4b" outcome="Passed" testListId="8c84fa94-04c1-424b-9868-57a2d4851a1d" relativeResultsDirectory="55658ee3-4296-4098-822f-2af6b966e7cf" />
    <UnitTestResult executionId="2105ce1e-20c7-4b0d-a080-9c3ea75bc4e2" testId="43b55bcc-c864-a344-f19c-a4697d7e93a7" testName="ServerFileSystemResponseQueryDirectories_ModelIsValid_CommandExecuted" computerName="DKSR-EFI-04" duration="00:00:00.0012661" startTime="2023-12-22T09:34:01.0688920+01:00" endTime="2023-12-22T09:34:01.0688920+01:00" testType="13cdc9d9-ddb5-4fa4-a97d-d965ccfc6d4b" outcome="Passed" testListId="8c84fa94-04c1-424b-9868-57a2d4851a1d" relativeResultsDirectory="2105ce1e-20c7-4b0d-a080-9c3ea75bc4e2" />
    <UnitTestResult executionId="d93ee191-2302-48ae-a6ac-be72409a2707" testId="bc66d075-b5d9-87ae-4f1c-513441f8165c" testName="EvidenceLockOnOldRecorderCommandHandlerTests_Constructor_ServerEnvironmentNull_ArgumentNullException" computerName="DKSR-EFI-04" duration="00:00:00.0025849" startTime="2023-12-22T09:36:18.6008487+01:00" endTime="2023-12-22T09:36:18.6008487+01:00" testType="13cdc9d9-ddb5-4fa4-a97d-d965ccfc6d4b" outcome="Passed" testListId="8c84fa94-04c1-424b-9868-57a2d4851a1d" relativeResultsDirectory="d93ee191-2302-48ae-a6ac-be72409a2707" />
    <UnitTestResult executionId="90fcba99-5b38-4483-8705-5489012ddf2b" testId="d6728601-eae0-dd7f-2f47-f9029823748f" testName="AnalyzeAndCreateAuditLogs_ModifiedSecurityPermissionsDeviceRowWithDEVICESPEAKPRIORITYAtrributeSamePriority_ReturnsNoAuditLog" computerName="DKSR-EFI-04" duration="00:00:00.0025366" startTime="2023-12-22T09:36:17.4289671+01:00" endTime="2023-12-22T09:36:17.4289671+01:00" testType="13cdc9d9-ddb5-4fa4-a97d-d965ccfc6d4b" outcome="Passed" testListId="8c84fa94-04c1-424b-9868-57a2d4851a1d" relativeResultsDirectory="90fcba99-5b38-4483-8705-5489012ddf2b" />
    <UnitTestResult executionId="13ad17f0-252c-4916-afe4-2c6be218f438" testId="24b036de-d6df-4806-82fa-557c86be4a85" testName="LicenseCountManager_RemoveDevicesFromChangesWithoutActivation_ProperlyRemovesDevices" computerName="DKSR-EFI-04" duration="00:00:00.0014641" startTime="2023-12-22T09:35:59.2413706+01:00" endTime="2023-12-22T09:35:59.2413706+01:00" testType="13cdc9d9-ddb5-4fa4-a97d-d965ccfc6d4b" outcome="Passed" testListId="8c84fa94-04c1-424b-9868-57a2d4851a1d" relativeResultsDirectory="13ad17f0-252c-4916-afe4-2c6be218f438" />
    <UnitTestResult executionId="9f538e30-0425-4729-a513-f892be57bb7b" testId="954032f8-37dc-7661-b366-512958158ebf" testName="ChangeIdpAdminTaskCommandHandlerTests_Execute_Add_Succeeded" computerName="DKSR-EFI-04" duration="00:00:00.0026252" startTime="2023-12-22T09:36:16.4133380+01:00" endTime="2023-12-22T09:36:16.4133380+01:00" testType="13cdc9d9-ddb5-4fa4-a97d-d965ccfc6d4b" outcome="Passed" testListId="8c84fa94-04c1-424b-9868-57a2d4851a1d" relativeResultsDirectory="9f538e30-0425-4729-a513-f892be57bb7b" />
    <UnitTestResult executionId="b2294f3c-5561-43b2-ad51-062e7f53f733" testId="75df8f46-b8a0-ca12-05d3-71a91eb99cfe" testName="LicenseCountManager_IsHardwareWithoutEnabledCamerasLicensed_Throws_InvalidOperationException_WhenHardwareHasEnabledCameras" computerName="DKSR-EFI-04" duration="00:00:00.0008148" startTime="2023-12-22T09:35:59.2257492+01:00" endTime="2023-12-22T09:35:59.2257492+01:00" testType="13cdc9d9-ddb5-4fa4-a97d-d965ccfc6d4b" outcome="Passed" testListId="8c84fa94-04c1-424b-9868-57a2d4851a1d" relativeResultsDirectory="b2294f3c-5561-43b2-ad51-062e7f53f733" />
    <UnitTestResult executionId="de7d1c2a-15af-4938-8c85-f638924f7f92" testId="22a81a99-b71e-15d9-be4f-104efe40b57f" testName="MoveHardwareTaskCommandHandler_Execute_Arguments_Null_Throws" computerName="DKSR-EFI-04" duration="00:00:00.0048605" startTime="2023-12-22T09:36:20.1946077+01:00" endTime="2023-12-22T09:36:20.2102339+01:00" testType="13cdc9d9-ddb5-4fa4-a97d-d965ccfc6d4b" outcome="Passed" testListId="8c84fa94-04c1-424b-9868-57a2d4851a1d" relativeResultsDirectory="de7d1c2a-15af-4938-8c85-f638924f7f92">
      <Output>
        <StdOut>Debug Trace:&#xD;
Fail: Command/Command handler type mismatch&#xD;
Fail: The command handler expect an object that implements ICallContextInfo in the state parameter&#xD;
Fail: The command handler expect an object that implements IResponseSink in the responseSink parameter</StdOut>
      </Output>
    </UnitTestResult>
    <UnitTestResult executionId="e4876c9c-8c76-4a5f-a9c9-bada1b44cc44" testId="b192238b-6d2c-4102-fdb5-e531afa62e19" testName="GetHardwareNetworkSettingsCommandHandler_Execute_EmptyHardwareId_ReturnsFailResponse" computerName="DKSR-EFI-04" duration="00:00:00.0004684" startTime="2023-12-22T09:36:19.7414798+01:00" endTime="2023-12-22T09:36:19.7414798+01:00" testType="13cdc9d9-ddb5-4fa4-a97d-d965ccfc6d4b" outcome="Passed" testListId="8c84fa94-04c1-424b-9868-57a2d4851a1d" relativeResultsDirectory="e4876c9c-8c76-4a5f-a9c9-bada1b44cc44" />
    <UnitTestResult executionId="eae198f0-32fb-41f3-b794-13c43c89f931" testId="d47bc179-5ff7-8693-e7fd-476064bd669c" testName="EvidenceLockOnOldRecorderCommandHandlerTests_OldRecV2_ConfigAdd1Row" computerName="DKSR-EFI-04" duration="00:00:00.0158765" startTime="2023-12-22T09:36:19.2414767+01:00" endTime="2023-12-22T09:36:19.2571018+01:00" testType="13cdc9d9-ddb5-4fa4-a97d-d965ccfc6d4b" outcome="Passed" testListId="8c84fa94-04c1-424b-9868-57a2d4851a1d" relativeResultsDirectory="eae198f0-32fb-41f3-b794-13c43c89f931" />
    <UnitTestResult executionId="97f08442-731c-461e-91d9-b174f3d90fd5" testId="be10cfb5-959a-3fd5-7048-4419a0956455" testName="ReportMediaStatusCommand_ModelIsValid_CommandExecuted" computerName="DKSR-EFI-04" duration="00:00:00.0081708" startTime="2023-12-22T09:34:00.2876346+01:00" endTime="2023-12-22T09:34:00.2876346+01:00" testType="13cdc9d9-ddb5-4fa4-a97d-d965ccfc6d4b" outcome="Passed" testListId="8c84fa94-04c1-424b-9868-57a2d4851a1d" relativeResultsDirectory="97f08442-731c-461e-91d9-b174f3d90fd5" />
    <UnitTestResult executionId="31c8693b-a181-4345-997a-7c2e97ce20eb" testId="d7c85921-f6b2-47f3-a1fc-3cb3d85f1761" testName="HardwareActivatedNotOnWhiteList_ReplacedWithNoInheritance_HardwareOnWhiteList_CWAAllowed_NewHardwareInCWA" computerName="DKSR-EFI-04" duration="00:00:00.1283303" startTime="2023-12-22T09:35:03.7410813+01:00" endTime="2023-12-22T09:35:03.8660808+01:00" testType="13cdc9d9-ddb5-4fa4-a97d-d965ccfc6d4b" outcome="Passed" testListId="8c84fa94-04c1-424b-9868-57a2d4851a1d" relativeResultsDirectory="31c8693b-a181-4345-997a-7c2e97ce20eb" />
    <UnitTestResult executionId="c0b31462-ab72-4328-a974-5889468c8e6f" testId="3adb8872-ad9b-6d0e-8a10-32be252fb605" testName="ChangeHardwarePasswordTaskCommandHandler_Execute_Failed_Unsupported_Response" computerName="DKSR-EFI-04" duration="00:00:00.0008357" startTime="2023-12-22T09:36:16.3508360+01:00" endTime="2023-12-22T09:36:16.3508360+01:00" testType="13cdc9d9-ddb5-4fa4-a97d-d965ccfc6d4b" outcome="Passed" testListId="8c84fa94-04c1-424b-9868-57a2d4851a1d" relativeResultsDirectory="c0b31462-ab72-4328-a974-5889468c8e6f" />
    <UnitTestResult executionId="800c9a38-cd70-4763-94b9-ca2e56f967f3" testId="dc0c2da5-f912-3a42-fb09-fd922bf21e0e" testName="AddBookmarkCommand_ModelIsValid_CommandExecuted" computerName="DKSR-EFI-04" duration="00:00:00.0059224" startTime="2023-12-22T09:34:00.3188836+01:00" endTime="2023-12-22T09:34:00.3345115+01:00" testType="13cdc9d9-ddb5-4fa4-a97d-d965ccfc6d4b" outcome="Passed" testListId="8c84fa94-04c1-424b-9868-57a2d4851a1d" relativeResultsDirectory="800c9a38-cd70-4763-94b9-ca2e56f967f3" />
    <UnitTestResult executionId="6f221617-3142-4921-a790-31b814c370d4" testId="43846b12-f311-2566-5942-53200967e65d" testName="Validate_LicenseCalculatorContainsAllHardwareFromAllRecordingServers_Success" computerName="DKSR-EFI-04" duration="00:00:00.0087954" startTime="2023-12-22T09:36:00.4757533+01:00" endTime="2023-12-22T09:36:00.4913775+01:00" testType="13cdc9d9-ddb5-4fa4-a97d-d965ccfc6d4b" outcome="Passed" testListId="8c84fa94-04c1-424b-9868-57a2d4851a1d" relativeResultsDirectory="6f221617-3142-4921-a790-31b814c370d4" />
    <UnitTestResult executionId="e623237a-717e-456e-a951-376d28af76ae" testId="5e9a75d3-0b8f-f511-ca55-05fff7a1f7ad" testName="UpdateHardwareTaskCommandHandler_Execute_HeartBeat_Timeout_Tests" computerName="DKSR-EFI-04" duration="00:00:00.0107971" startTime="2023-12-22T09:36:43.9291101+01:00" endTime="2023-12-22T09:36:43.9449200+01:00" testType="13cdc9d9-ddb5-4fa4-a97d-d965ccfc6d4b" outcome="Passed" testListId="8c84fa94-04c1-424b-9868-57a2d4851a1d" relativeResultsDirectory="e623237a-717e-456e-a951-376d28af76ae" />
    <UnitTestResult executionId="ed9f39e1-6f3f-4387-aa98-c402e5b1c81e" testId="2425ff1f-83c9-5b42-2eb7-4223c7e8e9eb" testName="HardwareInCWAOnWhiteList_ReplacedWithInheritance_HardwareOnWhiteList_MixedCWAAllowed_MoreChannelsOnReplacedHardware_NewHardwareInCWA" computerName="DKSR-EFI-04" duration="00:00:00.4152194" startTime="2023-12-22T09:35:29.6630905+01:00" endTime="2023-12-22T09:35:30.0849700+01:00" testType="13cdc9d9-ddb5-4fa4-a97d-d965ccfc6d4b" outcome="Passed" testListId="8c84fa94-04c1-424b-9868-57a2d4851a1d" relativeResultsDirectory="ed9f39e1-6f3f-4387-aa98-c402e5b1c81e" />
    <UnitTestResult executionId="afd3ce86-6337-46fc-95db-70e29ded7689" testId="4ba49b95-7c08-b217-809c-3d6c10b4d388" testName="AsyncTaskMonitor_SunnyDay" computerName="DKSR-EFI-04" duration="00:00:01.0235370" startTime="2023-12-22T09:34:01.5845160+01:00" endTime="2023-12-22T09:34:02.6157710+01:00" testType="13cdc9d9-ddb5-4fa4-a97d-d965ccfc6d4b" outcome="Passed" testListId="8c84fa94-04c1-424b-9868-57a2d4851a1d" relativeResultsDirectory="afd3ce86-6337-46fc-95db-70e29ded7689" />
    <UnitTestResult executionId="ad2ca197-4d98-44ba-a8d9-32969443a8d0" testId="f6d5e561-34f2-4fd1-5142-307043996e36" testName="TemporaryLicense_SetChangesWithoutActivationToken_DateActivatedSameToNow" computerName="DKSR-EFI-04" duration="00:00:00.0006672" startTime="2023-12-22T09:35:01.7098214+01:00" endTime="2023-12-22T09:35:01.7098214+01:00" testType="13cdc9d9-ddb5-4fa4-a97d-d965ccfc6d4b" outcome="Passed" testListId="8c84fa94-04c1-424b-9868-57a2d4851a1d" relativeResultsDirectory="ad2ca197-4d98-44ba-a8d9-32969443a8d0" />
    <UnitTestResult executionId="6cc90375-a2e6-478d-8e0f-9eb6fc4e93bb" testId="0057c070-6d41-46ef-72cd-914d222ec0d4" testName="ActivatedHardwareNotOnWhiteList_ReplacedWith_HardwareNotOnWhiteList_ShouldPutDevicesInCWAAndGrace" computerName="DKSR-EFI-04" duration="00:00:00.1209722" startTime="2023-12-22T09:35:55.8663517+01:00" endTime="2023-12-22T09:35:55.9913535+01:00" testType="13cdc9d9-ddb5-4fa4-a97d-d965ccfc6d4b" outcome="Passed" testListId="8c84fa94-04c1-424b-9868-57a2d4851a1d" relativeResultsDirectory="6cc90375-a2e6-478d-8e0f-9eb6fc4e93bb" />
    <UnitTestResult executionId="85002bdd-1035-42e8-beb2-ba60005dd4de" testId="8ad8ddd5-cdb2-53b3-a2fa-6b144bc9be0e" testName="AllocateLicensesNotActivated_WhitelistedDriver_AlreadyInCWA_OneHardware_Disabled_NoSpaceInCWA_ValidateLicenseTypes" computerName="DKSR-EFI-04" duration="00:00:00.0354950" startTime="2023-12-22T09:35:38.5068876+01:00" endTime="2023-12-22T09:35:38.5381399+01:00" testType="13cdc9d9-ddb5-4fa4-a97d-d965ccfc6d4b" outcome="Passed" testListId="8c84fa94-04c1-424b-9868-57a2d4851a1d" relativeResultsDirectory="85002bdd-1035-42e8-beb2-ba60005dd4de" />
    <UnitTestResult executionId="6f4f8b1b-65e5-457f-a642-6310aea69550" testId="e6819f7e-688a-dd3a-7801-c815e8037398" testName="Constructor_Success_ValidObjectReturned" computerName="DKSR-EFI-04" duration="00:00:00.0001964" startTime="2023-12-22T09:34:00.8345128+01:00" endTime="2023-12-22T09:34:00.8345128+01:00" testType="13cdc9d9-ddb5-4fa4-a97d-d965ccfc6d4b" outcome="Passed" testListId="8c84fa94-04c1-424b-9868-57a2d4851a1d" relativeResultsDirectory="6f4f8b1b-65e5-457f-a642-6310aea69550" />
    <UnitTestResult executionId="92126e5c-bcc5-4d75-8b2d-6f020034431f" testId="c8cb44f0-52f8-7568-2ad7-8436cbab499b" testName="MoveHardwareTaskCommandHandler_Execute_QueryHardwareByIdGuid_SqlException_FailResponse_DatabaseCommunicationError" computerName="DKSR-EFI-04" duration="00:00:00.0015156" startTime="2023-12-22T09:36:25.1790095+01:00" endTime="2023-12-22T09:36:25.1790095+01:00" testType="13cdc9d9-ddb5-4fa4-a97d-d965ccfc6d4b" outcome="Passed" testListId="8c84fa94-04c1-424b-9868-57a2d4851a1d" relativeResultsDirectory="92126e5c-bcc5-4d75-8b2d-6f020034431f" />
    <UnitTestResult executionId="5b29667e-dd9e-44ea-b4d6-bd4dc1e45f20" testId="fed71966-682a-ac32-d1bf-234764a854bc" testName="MoveHardwareTaskCommandHandler_Execute_With_Source_HotStandby_Success" computerName="DKSR-EFI-04" duration="00:00:00.4305861" startTime="2023-12-22T09:36:20.5852370+01:00" endTime="2023-12-22T09:36:21.0227379+01:00" testType="13cdc9d9-ddb5-4fa4-a97d-d965ccfc6d4b" outcome="Passed" testListId="8c84fa94-04c1-424b-9868-57a2d4851a1d" relativeResultsDirectory="5b29667e-dd9e-44ea-b4d6-bd4dc1e45f20">
      <Output>
        <StdOut>Progress: 10&#xD;
Progress: 20&#xD;
Progress: 30&#xD;
Progress: 35&#xD;
Progress: 40&#xD;
Progress: 42&#xD;
Progress: 44&#xD;
Progress: 46&#xD;
Progress: 48&#xD;
Progress: 50&#xD;
Progress: 52&#xD;
Progress: 54&#xD;
Progress: 60&#xD;
Progress: 70&#xD;
Progress: 80&#xD;
Progress: 90&#xD;
Progress: 95&#xD;
Progress: 100</StdOut>
      </Output>
    </UnitTestResult>
    <UnitTestResult executionId="66725936-249a-44ce-afad-2dd41f057bc0" testId="d9b310d6-231e-7ba2-ac73-829ade7ebc19" testName="UpdateHardwareTaskCommandHandler_Clone_Tests" computerName="DKSR-EFI-04" duration="00:00:00.0052445" startTime="2023-12-22T09:36:43.6947321+01:00" endTime="2023-12-22T09:36:43.6947321+01:00" testType="13cdc9d9-ddb5-4fa4-a97d-d965ccfc6d4b" outcome="Passed" testListId="8c84fa94-04c1-424b-9868-57a2d4851a1d" relativeResultsDirectory="66725936-249a-44ce-afad-2dd41f057bc0" />
    <UnitTestResult executionId="fbcf2344-883e-4f0d-901f-4b113ab2f9bd" testId="8503b0c6-e113-b6aa-684d-780d0d19788e" testName="HardwareScanExpressTaskCommandHandler_StopScan_ReturnsScanSessionWithResult" computerName="DKSR-EFI-04" duration="00:00:00.0034238" startTime="2023-12-22T09:36:19.9758582+01:00" endTime="2023-12-22T09:36:19.9914829+01:00" testType="13cdc9d9-ddb5-4fa4-a97d-d965ccfc6d4b" outcome="Passed" testListId="8c84fa94-04c1-424b-9868-57a2d4851a1d" relativeResultsDirectory="fbcf2344-883e-4f0d-901f-4b113ab2f9bd" />
    <UnitTestResult executionId="6783ecd6-2f4c-4094-a003-e202d1f236d0" testId="c678b432-028d-2314-d5e0-c2e7439f5a1b" testName="RecorderTaskStopped_ModelIsValid_Executed" computerName="DKSR-EFI-04" duration="00:00:00.0005323" startTime="2023-12-22T09:34:00.6157609+01:00" endTime="2023-12-22T09:34:00.6157609+01:00" testType="13cdc9d9-ddb5-4fa4-a97d-d965ccfc6d4b" outcome="Passed" testListId="8c84fa94-04c1-424b-9868-57a2d4851a1d" relativeResultsDirectory="6783ecd6-2f4c-4094-a003-e202d1f236d0" />
    <UnitTestResult executionId="405eb4cc-db55-42ef-b4c2-be998b8c7399" testId="0bf09544-71cf-4e08-b61c-b47bd220ef05" testName="AddHardwareUserCommandHandler_Execute_Success" computerName="DKSR-EFI-04" duration="00:00:00.0060196" startTime="2023-12-22T09:36:16.1945841+01:00" endTime="2023-12-22T09:36:16.2102115+01:00" testType="13cdc9d9-ddb5-4fa4-a97d-d965ccfc6d4b" outcome="Passed" testListId="8c84fa94-04c1-424b-9868-57a2d4851a1d" relativeResultsDirectory="405eb4cc-db55-42ef-b4c2-be998b8c7399" />
    <UnitTestResult executionId="b95c6b6b-81c4-4889-a72c-54c944ba46d5" testId="58809d18-3427-6caa-5590-70f262ed803d" testName="MoveHardwareTaskCommandHandler_Execute_CreateHardwareBlock_SqlException_FailResponse_DatabaseCommunicationError" computerName="DKSR-EFI-04" duration="00:00:00.0015582" startTime="2023-12-22T09:36:25.1633837+01:00" endTime="2023-12-22T09:36:25.1790095+01:00" testType="13cdc9d9-ddb5-4fa4-a97d-d965ccfc6d4b" outcome="Passed" testListId="8c84fa94-04c1-424b-9868-57a2d4851a1d" relativeResultsDirectory="b95c6b6b-81c4-4889-a72c-54c944ba46d5" />
    <UnitTestResult executionId="2fd0976b-b2bb-4ca0-8c8e-358e4221bf45" testId="0e83b50a-da00-da05-b65e-fa2506fdbb9a" testName="HardwareScanExpressTaskCommandHandlerTest_Constructor_Arguments_Null_Throws" computerName="DKSR-EFI-04" duration="00:00:00.0195315" startTime="2023-12-22T09:36:19.8196049+01:00" endTime="2023-12-22T09:36:19.8508575+01:00" testType="13cdc9d9-ddb5-4fa4-a97d-d965ccfc6d4b" outcome="Passed" testListId="8c84fa94-04c1-424b-9868-57a2d4851a1d" relativeResultsDirectory="2fd0976b-b2bb-4ca0-8c8e-358e4221bf45">
      <Output>
        <StdOut>Debug Trace:&#xD;
Fail: Argument null</StdOut>
      </Output>
    </UnitTestResult>
    <UnitTestResult executionId="0c9b0d7c-7f44-47bd-bb2b-156b722c5ec7" testId="18736782-9204-7f7e-2e04-ee3649a63487" testName="MoveHardwareTaskCommandHandler_Execute_Destination_Driver_Not_Found_Success_With_Warnings" computerName="DKSR-EFI-04" duration="00:00:00.5709145" startTime="2023-12-22T09:36:24.0540019+01:00" endTime="2023-12-22T09:36:24.6165072+01:00" testType="13cdc9d9-ddb5-4fa4-a97d-d965ccfc6d4b" outcome="Passed" testListId="8c84fa94-04c1-424b-9868-57a2d4851a1d" relativeResultsDirectory="0c9b0d7c-7f44-47bd-bb2b-156b722c5ec7">
      <Output>
        <StdOut>Progress: 10&#xD;
Progress: 20&#xD;
Progress: 30&#xD;
Progress: 35&#xD;
Progress: 40&#xD;
Progress: 42&#xD;
Progress: 44&#xD;
Progress: 60&#xD;
Progress: 70&#xD;
Progress: 80&#xD;
Progress: 90&#xD;
Progress: 95&#xD;
Progress: 100</StdOut>
      </Output>
    </UnitTestResult>
    <UnitTestResult executionId="9aedc814-b8f0-4aaa-9a2a-fc19c82bdb28" testId="7e4c1e89-625a-43b9-de03-e848c63a328b" testName="HardwareInCWAOnWhiteList_ReplacedWithNoInheritance_HardwareOnWhiteList_MixedCWAAllowed_FewerChannelsOnReplacedHardware_NewHardwareInCWA" computerName="DKSR-EFI-04" duration="00:00:00.3835842" startTime="2023-12-22T09:35:30.0849700+01:00" endTime="2023-12-22T09:35:30.4755953+01:00" testType="13cdc9d9-ddb5-4fa4-a97d-d965ccfc6d4b" outcome="Passed" testListId="8c84fa94-04c1-424b-9868-57a2d4851a1d" relativeResultsDirectory="9aedc814-b8f0-4aaa-9a2a-fc19c82bdb28" />
    <UnitTestResult executionId="4bf7c36b-e556-453a-9a3d-64655ddadc11" testId="554a0891-381d-7938-ff7a-6be0e7d52934" testName="ConvertIdpLog_UserLoginSuccess" computerName="DKSR-EFI-04" duration="00:00:00.0025142" startTime="2023-12-22T09:34:53.5222796+01:00" endTime="2023-12-22T09:34:53.5222796+01:00" testType="13cdc9d9-ddb5-4fa4-a97d-d965ccfc6d4b" outcome="Passed" testListId="8c84fa94-04c1-424b-9868-57a2d4851a1d" relativeResultsDirectory="4bf7c36b-e556-453a-9a3d-64655ddadc11" />
    <UnitTestResult executionId="cfe89e87-6acf-47e1-9409-8bdb17f3cd59" testId="0d80d064-ff69-d296-eb8e-f7eabb4fd864" testName="DatabaseResponseTrackIdsWithoutMediaOnRecorder_ModelIsValid_CommandExecuted" computerName="DKSR-EFI-04" duration="00:00:00.0082833" startTime="2023-12-22T09:34:01.0063911+01:00" endTime="2023-12-22T09:34:01.0063911+01:00" testType="13cdc9d9-ddb5-4fa4-a97d-d965ccfc6d4b" outcome="Passed" testListId="8c84fa94-04c1-424b-9868-57a2d4851a1d" relativeResultsDirectory="cfe89e87-6acf-47e1-9409-8bdb17f3cd59" />
    <UnitTestResult executionId="59d96be1-880c-4a23-8f09-32787a225bc4" testId="cd69e440-c907-d5ab-f818-2b9c3d714f28" testName="TemporaryLicense_HasCurrentYearToken_PreviousYear" computerName="DKSR-EFI-04" duration="00:00:00.0006101" startTime="2023-12-22T09:35:01.7098214+01:00" endTime="2023-12-22T09:35:01.7098214+01:00" testType="13cdc9d9-ddb5-4fa4-a97d-d965ccfc6d4b" outcome="Passed" testListId="8c84fa94-04c1-424b-9868-57a2d4851a1d" relativeResultsDirectory="59d96be1-880c-4a23-8f09-32787a225bc4" />
    <UnitTestResult executionId="43f661a5-50e0-4420-9381-de966a32e2e9" testId="120dc9c0-e973-7f4c-492e-c6b045bcfb22" testName="UpdateHardwareTaskCommandHandler_Execute_HeartBeat_RecorderUnavailable_Tests" computerName="DKSR-EFI-04" duration="00:00:00.0103896" startTime="2023-12-22T09:36:43.8822340+01:00" endTime="2023-12-22T09:36:43.8978594+01:00" testType="13cdc9d9-ddb5-4fa4-a97d-d965ccfc6d4b" outcome="Passed" testListId="8c84fa94-04c1-424b-9868-57a2d4851a1d" relativeResultsDirectory="43f661a5-50e0-4420-9381-de966a32e2e9" />
    <UnitTestResult executionId="da95d15c-c722-4938-96ac-1efca615ea10" testId="d1a85bea-6f17-0a0b-8d00-a425fc7bb217" testName="CheckConfigurationDataSetTest_FailoverSecondaryNotLicensedFail" computerName="DKSR-EFI-04" duration="00:00:00.0025689" startTime="2023-12-22T09:35:59.6476229+01:00" endTime="2023-12-22T09:35:59.6632484+01:00" testType="13cdc9d9-ddb5-4fa4-a97d-d965ccfc6d4b" outcome="Passed" testListId="8c84fa94-04c1-424b-9868-57a2d4851a1d" relativeResultsDirectory="da95d15c-c722-4938-96ac-1efca615ea10" />
    <UnitTestResult executionId="e85af70f-38f6-4504-99fb-7a48340683a8" testId="73046387-2950-c952-87c9-d824b259d8e4" testName="AllocateLicensesNotActivated_WhitelistedDriver_Grace_TwoHardware_TwoCameras_OneLicense_OneHardwareUnlicensed_ValidateLicenseTypes" computerName="DKSR-EFI-04" duration="00:00:00.0709611" startTime="2023-12-22T09:35:38.2881353+01:00" endTime="2023-12-22T09:35:38.3662616+01:00" testType="13cdc9d9-ddb5-4fa4-a97d-d965ccfc6d4b" outcome="Passed" testListId="8c84fa94-04c1-424b-9868-57a2d4851a1d" relativeResultsDirectory="e85af70f-38f6-4504-99fb-7a48340683a8" />
    <UnitTestResult executionId="048e7f8f-61bd-46ed-b163-869ae1ae64b1" testId="97c60378-ba41-a96a-7d0f-7a6c00e44a44" testName="Statuses_ResetAfterAddingMultipleLicenses_StatusAreReset_Success" computerName="DKSR-EFI-04" duration="00:00:00.0016314" startTime="2023-12-22T09:36:15.7258322+01:00" endTime="2023-12-22T09:36:15.7258322+01:00" testType="13cdc9d9-ddb5-4fa4-a97d-d965ccfc6d4b" outcome="Passed" testListId="8c84fa94-04c1-424b-9868-57a2d4851a1d" relativeResultsDirectory="048e7f8f-61bd-46ed-b163-869ae1ae64b1" />
    <UnitTestResult executionId="90f2e374-ae64-4e14-9c05-a1294af0b41f" testId="d7f950c3-4de5-001a-b3e3-ffc47fce5357" testName="EvidenceLockOnOldRecorderCommandHandlerTests_OldRec_SendCmd_RecNotFoundException" computerName="DKSR-EFI-04" duration="00:00:00.1067699" startTime="2023-12-22T09:36:19.3977294+01:00" endTime="2023-12-22T09:36:19.5071029+01:00" testType="13cdc9d9-ddb5-4fa4-a97d-d965ccfc6d4b" outcome="Passed" testListId="8c84fa94-04c1-424b-9868-57a2d4851a1d" relativeResultsDirectory="90f2e374-ae64-4e14-9c05-a1294af0b41f" />
    <UnitTestResult executionId="6fad3052-d8d0-47d3-abb8-a60fae366ca7" testId="9187d552-54a8-22d6-02b9-12c17e41508e" testName="EvidenceLockOnOldRecorderCommandHandlerTests_OldRecV2_ConfigAdd3Rows" computerName="DKSR-EFI-04" duration="00:00:00.0232783" startTime="2023-12-22T09:36:19.1633519+01:00" endTime="2023-12-22T09:36:19.1946027+01:00" testType="13cdc9d9-ddb5-4fa4-a97d-d965ccfc6d4b" outcome="Passed" testListId="8c84fa94-04c1-424b-9868-57a2d4851a1d" relativeResultsDirectory="6fad3052-d8d0-47d3-abb8-a60fae366ca7" />
    <UnitTestResult executionId="9d66b050-f933-4ffa-9b8f-8e52f7567650" testId="488cc526-7ee7-e906-0b8a-9517bd5208dd" testName="HardwareInCWAOnWhiteList_ReplacedWithNoInheritance_HardwareNotOnWhiteList_NoMoreCWAAllowed_MoreChannelsOnReplacedHardware_NewDevicesInGrace" computerName="DKSR-EFI-04" duration="00:00:00.2289919" startTime="2023-12-22T09:35:16.8974019+01:00" endTime="2023-12-22T09:35:17.1317755+01:00" testType="13cdc9d9-ddb5-4fa4-a97d-d965ccfc6d4b" outcome="Passed" testListId="8c84fa94-04c1-424b-9868-57a2d4851a1d" relativeResultsDirectory="9d66b050-f933-4ffa-9b8f-8e52f7567650" />
    <UnitTestResult executionId="cac95ae6-53cf-4dd3-ab5c-d40fc491328f" testId="c00f22dd-5779-e2b1-6f1d-79116f6716e5" testName="SetHardwareNetworkSettingsCommandHandler_Execute_EmptyRecorderServiceId_ReturnsFailResponse" computerName="DKSR-EFI-04" duration="00:00:00.0008234" startTime="2023-12-22T09:36:28.1790271+01:00" endTime="2023-12-22T09:36:28.1790271+01:00" testType="13cdc9d9-ddb5-4fa4-a97d-d965ccfc6d4b" outcome="Passed" testListId="8c84fa94-04c1-424b-9868-57a2d4851a1d" relativeResultsDirectory="cac95ae6-53cf-4dd3-ab5c-d40fc491328f" />
    <UnitTestResult executionId="3263524f-4a61-4529-9541-1eb08587a66f" testId="5a776a3a-b48a-863b-abb5-d1a060454ea7" testName="ChannelLicenseCountManager_UpdateCameraFeedLicensedValue_NullDeviceInfo_ThrowsArgumentNullException" computerName="DKSR-EFI-04" duration="00:00:00.0010560" startTime="2023-12-22T09:35:59.0069941+01:00" endTime="2023-12-22T09:35:59.0069941+01:00" testType="13cdc9d9-ddb5-4fa4-a97d-d965ccfc6d4b" outcome="Passed" testListId="8c84fa94-04c1-424b-9868-57a2d4851a1d" relativeResultsDirectory="3263524f-4a61-4529-9541-1eb08587a66f" />
    <UnitTestResult executionId="94385680-a6e7-49db-88b1-1e01fcbc23ee" testId="834bc393-0d98-623d-7495-886f81045728" testName="FirmwareUpgradeTaskCommandHandler_Execute_Failed_ErrorUnknown" computerName="DKSR-EFI-04" duration="00:00:00.0006904" startTime="2023-12-22T09:36:19.7102273+01:00" endTime="2023-12-22T09:36:19.7102273+01:00" testType="13cdc9d9-ddb5-4fa4-a97d-d965ccfc6d4b" outcome="Passed" testListId="8c84fa94-04c1-424b-9868-57a2d4851a1d" relativeResultsDirectory="94385680-a6e7-49db-88b1-1e01fcbc23ee" />
    <UnitTestResult executionId="fb402015-a369-4f00-8402-c5e825a3cf09" testId="fbdead02-2ddb-e5b8-fac6-d1f617590179" testName="EvidenceLockOnOldRecorderCommandHandlerTests_OldRecV2_ConfigDelete1Row" computerName="DKSR-EFI-04" duration="00:00:00.0174272" startTime="2023-12-22T09:36:19.2727265+01:00" endTime="2023-12-22T09:36:19.2883533+01:00" testType="13cdc9d9-ddb5-4fa4-a97d-d965ccfc6d4b" outcome="Passed" testListId="8c84fa94-04c1-424b-9868-57a2d4851a1d" relativeResultsDirectory="fb402015-a369-4f00-8402-c5e825a3cf09" />
    <UnitTestResult executionId="7ee07601-45e0-460c-b3db-d3e9e21ebf00" testId="6c811e2e-ffff-1bb5-8121-3d391cba5713" testName="AllocateLicenses_ActivatedHardwareWithMultipleCamerasEnabledAndOneDisabled_EnablingCameraShouldGoIntoCWA_OnNonZeroCWA" computerName="DKSR-EFI-04" duration="00:00:00.1539584" startTime="2023-12-22T09:35:43.1006632+01:00" endTime="2023-12-22T09:35:43.2569105+01:00" testType="13cdc9d9-ddb5-4fa4-a97d-d965ccfc6d4b" outcome="Passed" testListId="8c84fa94-04c1-424b-9868-57a2d4851a1d" relativeResultsDirectory="7ee07601-45e0-460c-b3db-d3e9e21ebf00" />
    <UnitTestResult executionId="ecade751-f444-49e4-8242-141cd7142a02" testId="bdafc501-b6fd-abf9-2e0d-784f8e7c938c" testName="ReplaceHardwareTaskCommandHandler_DeviceMapper_TooManyDevices_NotAllowDeletingDisabled_Test" computerName="DKSR-EFI-04" duration="00:00:00.0096097" startTime="2023-12-22T09:36:28.0227732+01:00" endTime="2023-12-22T09:36:28.0383999+01:00" testType="13cdc9d9-ddb5-4fa4-a97d-d965ccfc6d4b" outcome="Passed" testListId="8c84fa94-04c1-424b-9868-57a2d4851a1d" relativeResultsDirectory="ecade751-f444-49e4-8242-141cd7142a02" />
    <UnitTestResult executionId="fbd12da3-0150-455e-adc4-54b654d91a80" testId="ca2d1650-b595-d5b1-c9bb-cff3c43c7aa3" testName="HardwareInGraceNotOnWhiteList_ReplacedWithNoInheritance_HardwareNotOnWhiteList_ShouldGiveDevicesNewGracePeriod" computerName="DKSR-EFI-04" duration="00:00:00.1649888" startTime="2023-12-22T09:35:56.6788598+01:00" endTime="2023-12-22T09:35:56.8351086+01:00" testType="13cdc9d9-ddb5-4fa4-a97d-d965ccfc6d4b" outcome="Passed" testListId="8c84fa94-04c1-424b-9868-57a2d4851a1d" relativeResultsDirectory="fbd12da3-0150-455e-adc4-54b654d91a80" />
    <UnitTestResult executionId="c322732c-1e7e-4d32-874a-3fcf1b86f153" testId="ed482cb0-3892-d1f5-452c-21b3ce871889" testName="RecorderLicense_FindByRecorder_Returns_Null" computerName="DKSR-EFI-04" duration="00:00:00.0003344" startTime="2023-12-22T09:36:15.5695833+01:00" endTime="2023-12-22T09:36:15.5695833+01:00" testType="13cdc9d9-ddb5-4fa4-a97d-d965ccfc6d4b" outcome="Passed" testListId="8c84fa94-04c1-424b-9868-57a2d4851a1d" relativeResultsDirectory="c322732c-1e7e-4d32-874a-3fcf1b86f153" />
    <UnitTestResult executionId="31047057-5875-4be5-a98d-9bbe64023ca0" testId="39324dd6-2d08-2e28-4994-29171aa487dd" testName="MultiSite_ChannelBased_SameHardwareDifferentEnabledDevicesOn2Recorders_NotWhitelisted_ConsumesNoExtraLicenses" computerName="DKSR-EFI-04" duration="00:00:00.4821440" startTime="2023-12-22T09:35:53.8038428+01:00" endTime="2023-12-22T09:35:54.2882194+01:00" testType="13cdc9d9-ddb5-4fa4-a97d-d965ccfc6d4b" outcome="Passed" testListId="8c84fa94-04c1-424b-9868-57a2d4851a1d" relativeResultsDirectory="31047057-5875-4be5-a98d-9bbe64023ca0" />
    <UnitTestResult executionId="3346d89b-634c-45a5-984f-a7551ab762a4" testId="615ee9ab-a96f-1e5f-b905-3b12dfe9f323" testName="HardwareScanExpressTaskCommandHandler_Execute_StartSession_FailResponse" computerName="DKSR-EFI-04" duration="00:00:00.0009990" startTime="2023-12-22T09:36:20.0071057+01:00" endTime="2023-12-22T09:36:20.0071057+01:00" testType="13cdc9d9-ddb5-4fa4-a97d-d965ccfc6d4b" outcome="Passed" testListId="8c84fa94-04c1-424b-9868-57a2d4851a1d" relativeResultsDirectory="3346d89b-634c-45a5-984f-a7551ab762a4" />
    <UnitTestResult executionId="4add53e3-4d75-41d3-b7dc-e5b0cc1a5b63" testId="01c23f1b-60d3-1ec6-8652-a458e9baba23" testName="HardwareLicense_SetExpire_NotExists_Created" computerName="DKSR-EFI-04" duration="00:00:00.0005748" startTime="2023-12-22T09:36:15.6320813+01:00" endTime="2023-12-22T09:36:15.6477081+01:00" testType="13cdc9d9-ddb5-4fa4-a97d-d965ccfc6d4b" outcome="Passed" testListId="8c84fa94-04c1-424b-9868-57a2d4851a1d" relativeResultsDirectory="4add53e3-4d75-41d3-b7dc-e5b0cc1a5b63" />
    <UnitTestResult executionId="5cb66573-f518-4719-9fae-39fd82425439" testId="9b9fb463-c1cb-b31f-c4c2-bbffd2c2dc38" testName="LicenseCountManager_RemoveDevicesFromChangesWithoutActivation_WithNullHardawreInfo_Throws_ArgumentNullException" computerName="DKSR-EFI-04" duration="00:00:00.0006594" startTime="2023-12-22T09:35:59.2257492+01:00" endTime="2023-12-22T09:35:59.2413706+01:00" testType="13cdc9d9-ddb5-4fa4-a97d-d965ccfc6d4b" outcome="Passed" testListId="8c84fa94-04c1-424b-9868-57a2d4851a1d" relativeResultsDirectory="5cb66573-f518-4719-9fae-39fd82425439" />
    <UnitTestResult executionId="87862fa5-9cda-4688-a347-088d60b62bb7" testId="cf2da230-ce42-6ad5-a008-cc10b1033920" testName="DeviceLicense_RetrieveExpireDate_NullDeviceInfo_Throws_ArgumentException" computerName="DKSR-EFI-04" duration="00:00:00.0006679" startTime="2023-12-22T09:36:15.6945827+01:00" endTime="2023-12-22T09:36:15.6945827+01:00" testType="13cdc9d9-ddb5-4fa4-a97d-d965ccfc6d4b" outcome="Passed" testListId="8c84fa94-04c1-424b-9868-57a2d4851a1d" relativeResultsDirectory="87862fa5-9cda-4688-a347-088d60b62bb7" />
    <UnitTestResult executionId="2dc633e0-b576-4ca2-b227-a10b3e24f9aa" testId="cb6ccc44-c709-4f8b-cfb8-3072596c6d83" testName="ReplaceHardwareCommandHandler_Execute_ReplaceHardware_DoNotInheritDeviceWithEvidenceLock_Fails" computerName="DKSR-EFI-04" duration="00:00:00.0866683" startTime="2023-12-22T09:36:27.6165212+01:00" endTime="2023-12-22T09:36:27.6946503+01:00" testType="13cdc9d9-ddb5-4fa4-a97d-d965ccfc6d4b" outcome="Passed" testListId="8c84fa94-04c1-424b-9868-57a2d4851a1d" relativeResultsDirectory="2dc633e0-b576-4ca2-b227-a10b3e24f9aa" />
    <UnitTestResult executionId="4f1a5734-2071-42e1-b479-58eaccbf8bf0" testId="6c48898a-3878-dda4-6939-b51cdeadd633" testName="LicenseCountManager_AddLicensedCameraFeed_Same_Device_Twice_ArgumentException" computerName="DKSR-EFI-04" duration="00:00:00.0069776" startTime="2023-12-22T09:35:59.3194959+01:00" endTime="2023-12-22T09:35:59.3351223+01:00" testType="13cdc9d9-ddb5-4fa4-a97d-d965ccfc6d4b" outcome="Passed" testListId="8c84fa94-04c1-424b-9868-57a2d4851a1d" relativeResultsDirectory="4f1a5734-2071-42e1-b479-58eaccbf8bf0">
      <Output>
        <StdOut>Debug Trace:&#xD;
Fail: An entry is already registered for the mac address and device index.</StdOut>
      </Output>
    </UnitTestResult>
    <UnitTestResult executionId="62acf3db-95fa-4af7-93a2-1ccf429c183c" testId="b0f751ff-632d-85db-edcd-937e5c54a50b" testName="AutomaticActivation_NotCalled_AfterDisabling" computerName="DKSR-EFI-04" duration="00:00:07.3219465" startTime="2023-12-22T09:34:54.2879070+01:00" endTime="2023-12-22T09:35:01.6160724+01:00" testType="13cdc9d9-ddb5-4fa4-a97d-d965ccfc6d4b" outcome="Passed" testListId="8c84fa94-04c1-424b-9868-57a2d4851a1d" relativeResultsDirectory="62acf3db-95fa-4af7-93a2-1ccf429c183c" />
    <UnitTestResult executionId="1e90c52f-4a91-4304-987f-d9fddd73b412" testId="21bc7353-47b6-8656-a936-377d58141883" testName="GetRecorderLicense_DoesNotTriggerEvent_OnUsedChangesWithoutActivationLessThanTotal" computerName="DKSR-EFI-04" duration="00:00:00.0692136" startTime="2023-12-22T09:36:06.5851632+01:00" endTime="2023-12-22T09:36:06.6632878+01:00" testType="13cdc9d9-ddb5-4fa4-a97d-d965ccfc6d4b" outcome="Passed" testListId="8c84fa94-04c1-424b-9868-57a2d4851a1d" relativeResultsDirectory="1e90c52f-4a91-4304-987f-d9fddd73b412">
      <Output>
        <StdOut>Debug Trace:&#xD;
08:36:06.632 Building hardware index&#xD;
08:36:06.647 Building hardware index DONE</StdOut>
      </Output>
    </UnitTestResult>
    <UnitTestResult executionId="7c7a18e6-8676-4d5c-81c8-deac42af966c" testId="20d778f5-4e73-ba07-f83c-99d00437cd4c" testName="UpdateHardwareTaskCommandHandler_Apply_HartBeat_Tests" computerName="DKSR-EFI-04" duration="00:00:00.0557149" startTime="2023-12-22T09:36:44.2417257+01:00" endTime="2023-12-22T09:36:44.3041118+01:00" testType="13cdc9d9-ddb5-4fa4-a97d-d965ccfc6d4b" outcome="Passed" testListId="8c84fa94-04c1-424b-9868-57a2d4851a1d" relativeResultsDirectory="7c7a18e6-8676-4d5c-81c8-deac42af966c" />
    <UnitTestResult executionId="a9490594-430f-470b-8913-a04060a1e1bf" testId="67cc226a-7fe1-9d05-a4e5-d17e740d4855" testName="TemporaryLicense_Ctor_DateTimeMaxValue_ArgumentException" computerName="DKSR-EFI-04" duration="00:00:00.0084076" startTime="2023-12-22T09:35:01.6473228+01:00" endTime="2023-12-22T09:35:01.6629451+01:00" testType="13cdc9d9-ddb5-4fa4-a97d-d965ccfc6d4b" outcome="Passed" testListId="8c84fa94-04c1-424b-9868-57a2d4851a1d" relativeResultsDirectory="a9490594-430f-470b-8913-a04060a1e1bf">
      <Output>
        <StdOut>Debug Trace:&#xD;
Fail: Argument invalid - must be UTC</StdOut>
      </Output>
    </UnitTestResult>
    <UnitTestResult executionId="a4c47d84-5857-4357-b2dc-f44a1a3f4f01" testId="9b9964ae-410b-030e-c821-d12ba277566e" testName="AnalyzeAndCreateAuditLogs_AddedSecurityPermissionsDeviceRowWithTimeProfile_ReturnsTwoAuditLogs" computerName="DKSR-EFI-04" duration="00:00:00.0080769" startTime="2023-12-22T09:36:17.2883415+01:00" endTime="2023-12-22T09:36:17.3039705+01:00" testType="13cdc9d9-ddb5-4fa4-a97d-d965ccfc6d4b" outcome="Passed" testListId="8c84fa94-04c1-424b-9868-57a2d4851a1d" relativeResultsDirectory="a4c47d84-5857-4357-b2dc-f44a1a3f4f01" />
    <UnitTestResult executionId="0d64144a-76c9-405a-96ed-a0c427398774" testId="259684df-75bc-2a44-cfa4-32b3c96c5977" testName="ConfigurationDataSetLoader_GetHardwareDefinitionByDigest_Success" computerName="DKSR-EFI-04" duration="00:00:00.0011466" startTime="2023-12-22T09:36:15.9445832+01:00" endTime="2023-12-22T09:36:15.9445832+01:00" testType="13cdc9d9-ddb5-4fa4-a97d-d965ccfc6d4b" outcome="Passed" testListId="8c84fa94-04c1-424b-9868-57a2d4851a1d" relativeResultsDirectory="0d64144a-76c9-405a-96ed-a0c427398774" />
    <UnitTestResult executionId="a25aa833-b37a-4470-ac31-8d774c334ce5" testId="34de5a19-746a-4505-8d20-054e2c088792" testName="UpdateEvidenceLockSizesCommandHandlerTests_ServerIsClosingNoAction" computerName="DKSR-EFI-04" duration="00:00:00.0084783" startTime="2023-12-22T09:36:28.2259035+01:00" endTime="2023-12-22T09:36:28.2415260+01:00" testType="13cdc9d9-ddb5-4fa4-a97d-d965ccfc6d4b" outcome="Passed" testListId="8c84fa94-04c1-424b-9868-57a2d4851a1d" relativeResultsDirectory="a25aa833-b37a-4470-ac31-8d774c334ce5" />
    <UnitTestResult executionId="5d182323-c1d7-42c6-9183-baae7f49fb71" testId="db2c819e-19df-fc56-6d0a-91d93aa7b632" testName="HardwareAlreadyAddedResponse_ModelIsValid_CommandExecuted" computerName="DKSR-EFI-04" duration="00:00:00.0006276" startTime="2023-12-22T09:34:00.9751373+01:00" endTime="2023-12-22T09:34:00.9751373+01:00" testType="13cdc9d9-ddb5-4fa4-a97d-d965ccfc6d4b" outcome="Passed" testListId="8c84fa94-04c1-424b-9868-57a2d4851a1d" relativeResultsDirectory="5d182323-c1d7-42c6-9183-baae7f49fb71" />
    <UnitTestResult executionId="2a8b7f22-76e5-4029-b42d-aa17acfd7402" testId="78670e21-b607-d283-8276-335ac4634948" testName="ValidatePublicAddress_ServerNotSecuredRecorderSecured_ReturnBadRequest" computerName="DKSR-EFI-04" duration="00:00:00.0022002" startTime="2023-12-22T09:34:01.2876391+01:00" endTime="2023-12-22T09:34:01.2876391+01:00" testType="13cdc9d9-ddb5-4fa4-a97d-d965ccfc6d4b" outcome="Passed" testListId="8c84fa94-04c1-424b-9868-57a2d4851a1d" relativeResultsDirectory="2a8b7f22-76e5-4029-b42d-aa17acfd7402" />
    <UnitTestResult executionId="4b13b62a-ea13-4528-bd12-8eb815e2c945" testId="687a6af6-f510-b02e-6fb3-d5ea1a845375" testName="UpdateFeatureInformation_XmlContainsFeatureParameters_OnParameterizedFeature" computerName="DKSR-EFI-04" duration="00:00:00.0144838" startTime="2023-12-22T09:36:00.5851589+01:00" endTime="2023-12-22T09:36:00.6007531+01:00" testType="13cdc9d9-ddb5-4fa4-a97d-d965ccfc6d4b" outcome="Passed" testListId="8c84fa94-04c1-424b-9868-57a2d4851a1d" relativeResultsDirectory="4b13b62a-ea13-4528-bd12-8eb815e2c945">
      <Output>
        <StdOut>Debug Trace:&#xD;
Fail: Attribute value invalid. 'Index'&#xD;
Fail: Attribute value invalid. 'Index'&#xD;
Fail: Attribute value invalid. 'Index'&#xD;
Fail: Attribute value invalid. 'Index'&#xD;
Fail: Attribute value invalid. 'Index'&#xD;
Fail: Attribute value invalid. 'Index'&#xD;
Fail: Attribute value invalid. 'Index'&#xD;
Fail: Attribute value invalid. 'Index'&#xD;
Fail: Attribute value invalid. 'Index'&#xD;
Fail: Attribute value invalid. 'Index'</StdOut>
      </Output>
    </UnitTestResult>
    <UnitTestResult executionId="9ee6d8af-bcb8-497c-9682-8cf469675875" testId="9d8a588f-3c31-3abc-34a4-267dbbb20587" testName="HardwareInCWANotOnWhiteList_ReplacedWithNoInheritance_HardwareNotOnWhiteList_CWAAllowed_FewerChannelsOnReplacedHardware_AllDevicesInCWA" computerName="DKSR-EFI-04" duration="00:00:00.2824952" startTime="2023-12-22T09:35:20.8192955+01:00" endTime="2023-12-22T09:35:21.1005469+01:00" testType="13cdc9d9-ddb5-4fa4-a97d-d965ccfc6d4b" outcome="Passed" testListId="8c84fa94-04c1-424b-9868-57a2d4851a1d" relativeResultsDirectory="9ee6d8af-bcb8-497c-9682-8cf469675875" />
    <UnitTestResult executionId="d9817c98-5c4c-40cb-aa81-e7c51757dc4b" testId="cfeeb9d0-a71c-e47f-9885-66cc2cae1cd1" testName="GetHardwareNetworkSettingsCommandHandler_Execute_Success" computerName="DKSR-EFI-04" duration="00:00:00.0058624" startTime="2023-12-22T09:36:19.7258548+01:00" endTime="2023-12-22T09:36:19.7414798+01:00" testType="13cdc9d9-ddb5-4fa4-a97d-d965ccfc6d4b" outcome="Passed" testListId="8c84fa94-04c1-424b-9868-57a2d4851a1d" relativeResultsDirectory="d9817c98-5c4c-40cb-aa81-e7c51757dc4b" />
    <UnitTestResult executionId="fc3b11e6-29bb-4c3a-8545-64515e3ddc7c" testId="ae87c319-d780-83e8-d111-f59a474997c3" testName="AllocateLicenses_NotActivated_OneDevice_SixEnabledCameraChannels_LicenseCountFive_FiveInGrace_OneUnlicensed" computerName="DKSR-EFI-04" duration="00:00:00.0989820" startTime="2023-12-22T09:35:41.0537742+01:00" endTime="2023-12-22T09:35:41.1475268+01:00" testType="13cdc9d9-ddb5-4fa4-a97d-d965ccfc6d4b" outcome="Passed" testListId="8c84fa94-04c1-424b-9868-57a2d4851a1d" relativeResultsDirectory="fc3b11e6-29bb-4c3a-8545-64515e3ddc7c" />
    <UnitTestResult executionId="97bbd037-45ac-4d12-99d6-296bf01a7ec4" testId="ca2fa920-b827-2294-b4cd-faeaf4472dfc" testName="AddBookmarkCommand_ModelValid_RecorderNotFoundException_Handled" computerName="DKSR-EFI-04" duration="00:00:00.0013291" startTime="2023-12-22T09:34:00.3188836+01:00" endTime="2023-12-22T09:34:00.3188836+01:00" testType="13cdc9d9-ddb5-4fa4-a97d-d965ccfc6d4b" outcome="Passed" testListId="8c84fa94-04c1-424b-9868-57a2d4851a1d" relativeResultsDirectory="97bbd037-45ac-4d12-99d6-296bf01a7ec4" />
    <UnitTestResult executionId="c4789969-f25a-4ac2-b10f-e3acba23e117" testId="9055a335-95d1-4600-b49a-8428d4caf3a5" testName="AllocateLicenses_FourUsed_OnFourHardwareFiveCameraChannelsAndFourAvailableLicenses" computerName="DKSR-EFI-04" duration="00:00:00.0183840" startTime="2023-12-22T09:35:58.8507446+01:00" endTime="2023-12-22T09:35:58.8663683+01:00" testType="13cdc9d9-ddb5-4fa4-a97d-d965ccfc6d4b" outcome="Passed" testListId="8c84fa94-04c1-424b-9868-57a2d4851a1d" relativeResultsDirectory="c4789969-f25a-4ac2-b10f-e3acba23e117">
      <Output>
        <StdOut>Debug Trace:&#xD;
Fail: Attribute value invalid. 'Index'&#xD;
Fail: Attribute value invalid. 'Index'&#xD;
Fail: Attribute value invalid. 'Index'&#xD;
Fail: Attribute value invalid. 'Index'&#xD;
Fail: Attribute value invalid. 'Index'</StdOut>
      </Output>
    </UnitTestResult>
    <UnitTestResult executionId="eeb82fcf-1627-4f4a-86fe-a6ef918a7ba7" testId="17c344c5-762f-e25a-c151-aba7a5f20278" testName="FromXml_ThrowsArgumentNullException_OnNullXml" computerName="DKSR-EFI-04" duration="00:00:00.0424755" startTime="2023-12-22T09:35:59.7569994+01:00" endTime="2023-12-22T09:35:59.7882520+01:00" testType="13cdc9d9-ddb5-4fa4-a97d-d965ccfc6d4b" outcome="Passed" testListId="8c84fa94-04c1-424b-9868-57a2d4851a1d" relativeResultsDirectory="eeb82fcf-1627-4f4a-86fe-a6ef918a7ba7">
      <Output>
        <StdOut>Debug Trace:&#xD;
Fail: Argument null</StdOut>
      </Output>
    </UnitTestResult>
    <UnitTestResult executionId="70abb98c-ece2-4529-9a8c-572957b8681c" testId="4b21a2a3-9433-2fec-0393-54f4c14ecdca" testName="HardwareInCWAOnWhiteList_ReplacedWithInheritance_HardwareNotOnWhiteList_MixedCWAAllowed_SomeDevicesInCWA" computerName="DKSR-EFI-04" duration="00:00:00.4207872" startTime="2023-12-22T09:35:14.9755151+01:00" endTime="2023-12-22T09:35:15.3973927+01:00" testType="13cdc9d9-ddb5-4fa4-a97d-d965ccfc6d4b" outcome="Passed" testListId="8c84fa94-04c1-424b-9868-57a2d4851a1d" relativeResultsDirectory="70abb98c-ece2-4529-9a8c-572957b8681c" />
    <UnitTestResult executionId="3ea86745-d25d-440a-ac49-12281ef4b1fc" testId="2ef2d587-4907-1f3d-44fe-4a133e95d6e4" testName="AutomaticActivationNearExpiry" computerName="DKSR-EFI-04" duration="00:00:00.0061848" startTime="2023-12-22T09:36:07.9289181+01:00" endTime="2023-12-22T09:36:07.9445431+01:00" testType="13cdc9d9-ddb5-4fa4-a97d-d965ccfc6d4b" outcome="Passed" testListId="8c84fa94-04c1-424b-9868-57a2d4851a1d" relativeResultsDirectory="3ea86745-d25d-440a-ac49-12281ef4b1fc" />
    <UnitTestResult executionId="0031a1bf-2b09-4871-91ed-131409846342" testId="512bd958-f8a9-a04d-b8ba-95f110712181" testName="AllocateLicenses_Activated_OneDevice_SpeakerInputOutput_NoCamera_OneLicensed" computerName="DKSR-EFI-04" duration="00:00:00.1394775" startTime="2023-12-22T09:35:40.5068983+01:00" endTime="2023-12-22T09:35:40.6475218+01:00" testType="13cdc9d9-ddb5-4fa4-a97d-d965ccfc6d4b" outcome="Passed" testListId="8c84fa94-04c1-424b-9868-57a2d4851a1d" relativeResultsDirectory="0031a1bf-2b09-4871-91ed-131409846342" />
    <UnitTestResult executionId="690a84b0-916a-42e1-9e0c-5360cc0d714f" testId="aea5dfb9-2254-cf07-0f94-f25708ec001e" testName="ConfigurationDataSetLoader_GetHardwareByDeviceGroupId_Success" computerName="DKSR-EFI-04" duration="00:00:00.0008745" startTime="2023-12-22T09:36:15.9289590+01:00" endTime="2023-12-22T09:36:15.9289590+01:00" testType="13cdc9d9-ddb5-4fa4-a97d-d965ccfc6d4b" outcome="Passed" testListId="8c84fa94-04c1-424b-9868-57a2d4851a1d" relativeResultsDirectory="690a84b0-916a-42e1-9e0c-5360cc0d714f" />
    <UnitTestResult executionId="f2374da6-4790-471a-8fcb-274907bd47c8" testId="b35358ef-a214-5c79-c3b7-90f943e58d63" testName="ChangeHardwarePasswordTaskCommandHandler_Execute_Arguments_Null_Throws" computerName="DKSR-EFI-04" duration="00:00:00.0067847" startTime="2023-12-22T09:36:16.2727136+01:00" endTime="2023-12-22T09:36:16.2727136+01:00" testType="13cdc9d9-ddb5-4fa4-a97d-d965ccfc6d4b" outcome="Passed" testListId="8c84fa94-04c1-424b-9868-57a2d4851a1d" relativeResultsDirectory="f2374da6-4790-471a-8fcb-274907bd47c8">
      <Output>
        <StdOut>Debug Trace:&#xD;
Fail: Command/Command handler type mismatch&#xD;
Fail: The command handler expect an object that implements ICallContextInfo in the state parameter&#xD;
Fail: The command handler expect an object that implements IResponseSink in the responseSink parameter</StdOut>
      </Output>
    </UnitTestResult>
    <UnitTestResult executionId="334836fe-54a3-4107-81ad-2578126b9b32" testId="084898a2-4acd-ae40-25db-e87715c8038c" testName="ChangeHardwarePasswordTaskCommandHandler_Execute_Failed_NoAccess_Response" computerName="DKSR-EFI-04" duration="00:00:00.0008498" startTime="2023-12-22T09:36:16.3664617+01:00" endTime="2023-12-22T09:36:16.3664617+01:00" testType="13cdc9d9-ddb5-4fa4-a97d-d965ccfc6d4b" outcome="Passed" testListId="8c84fa94-04c1-424b-9868-57a2d4851a1d" relativeResultsDirectory="334836fe-54a3-4107-81ad-2578126b9b32" />
    <UnitTestResult executionId="f52498a7-1413-4fe7-bf3f-e9d0e9fc9cf3" testId="efe75656-15b7-58e9-b491-0633aa52708d" testName="DeleteHardwareUserCommandHandler_Execute_Success" computerName="DKSR-EFI-04" duration="00:00:00.0029074" startTime="2023-12-22T09:36:18.5539737+01:00" endTime="2023-12-22T09:36:18.5539737+01:00" testType="13cdc9d9-ddb5-4fa4-a97d-d965ccfc6d4b" outcome="Passed" testListId="8c84fa94-04c1-424b-9868-57a2d4851a1d" relativeResultsDirectory="f52498a7-1413-4fe7-bf3f-e9d0e9fc9cf3" />
    <UnitTestResult executionId="bf2ce91d-741d-44e3-976e-a5ae6729b613" testId="685aac09-7641-90d9-0dcb-7354f3e27e03" testName="EventCollectorConstructor_Consumer_Null" computerName="DKSR-EFI-04" duration="00:00:00.0018224" startTime="2023-12-22T09:33:57.1938697+01:00" endTime="2023-12-22T09:33:57.1938697+01:00" testType="13cdc9d9-ddb5-4fa4-a97d-d965ccfc6d4b" outcome="Passed" testListId="8c84fa94-04c1-424b-9868-57a2d4851a1d" relativeResultsDirectory="bf2ce91d-741d-44e3-976e-a5ae6729b613" />
    <UnitTestResult executionId="4cea08e0-921b-4abd-8a34-6cace3c6e923" testId="0aeb399b-3861-f3f6-cb85-96ab5dcf2ac5" testName="RecorderLicense_RemoveExistingLicense_ReAdd_StatusShouldBeUpdate_Success" computerName="DKSR-EFI-04" duration="00:00:00.0006195" startTime="2023-12-22T09:36:15.6008331+01:00" endTime="2023-12-22T09:36:15.6008331+01:00" testType="13cdc9d9-ddb5-4fa4-a97d-d965ccfc6d4b" outcome="Passed" testListId="8c84fa94-04c1-424b-9868-57a2d4851a1d" relativeResultsDirectory="4cea08e0-921b-4abd-8a34-6cace3c6e923" />
    <UnitTestResult executionId="49003c88-d496-47c8-b87d-9d332ff1dd97" testId="5fd43d2e-13ec-8138-2d62-a11e5561f83e" testName="TemporaryLicense_ClearChangesWithoutActivationToken_ChangesTokenToStringEmpty" computerName="DKSR-EFI-04" duration="00:00:00.0033456" startTime="2023-12-22T09:35:01.6941968+01:00" endTime="2023-12-22T09:35:01.6941968+01:00" testType="13cdc9d9-ddb5-4fa4-a97d-d965ccfc6d4b" outcome="Passed" testListId="8c84fa94-04c1-424b-9868-57a2d4851a1d" relativeResultsDirectory="49003c88-d496-47c8-b87d-9d332ff1dd97" />
    <UnitTestResult executionId="c746a4fd-6fe7-425e-ad6e-9ebf37f52cdb" testId="0b95b563-b3d8-1fad-97ed-28bd915fb5ac" testName="TemporaryDeviceLicense_Ctor_DateTimeMaxValue_DateOnly_ArgumentException" computerName="DKSR-EFI-04" duration="00:00:00.0008965" startTime="2023-12-22T09:35:01.6785722+01:00" endTime="2023-12-22T09:35:01.6785722+01:00" testType="13cdc9d9-ddb5-4fa4-a97d-d965ccfc6d4b" outcome="Passed" testListId="8c84fa94-04c1-424b-9868-57a2d4851a1d" relativeResultsDirectory="c746a4fd-6fe7-425e-ad6e-9ebf37f52cdb">
      <Output>
        <StdOut>Debug Trace:&#xD;
Fail: Argument invalid - must be UTC</StdOut>
      </Output>
    </UnitTestResult>
    <UnitTestResult executionId="c9b94678-4c1a-44db-a0d2-c8a20357181f" testId="2ac1e640-ab17-a6b2-b3fa-7fd601d2b14b" testName="ServerAccessTokenHandler_PopulateAuthorizationHeaderAsync_WebApiException" computerName="DKSR-EFI-04" duration="00:00:00.0023148" startTime="2023-12-22T09:34:53.3347800+01:00" endTime="2023-12-22T09:34:53.3347800+01:00" testType="13cdc9d9-ddb5-4fa4-a97d-d965ccfc6d4b" outcome="Passed" testListId="8c84fa94-04c1-424b-9868-57a2d4851a1d" relativeResultsDirectory="c9b94678-4c1a-44db-a0d2-c8a20357181f" />
    <UnitTestResult executionId="bc06205a-e122-4842-b2f1-8dbe05994321" testId="ddd1539c-f3f8-684f-86c3-a25d3ce2d842" testName="Validate_GetDeviceStatus_" computerName="DKSR-EFI-04" duration="00:00:00.0016153" startTime="2023-12-22T09:35:59.2101228+01:00" endTime="2023-12-22T09:35:59.2101228+01:00" testType="13cdc9d9-ddb5-4fa4-a97d-d965ccfc6d4b" outcome="Passed" testListId="8c84fa94-04c1-424b-9868-57a2d4851a1d" relativeResultsDirectory="bc06205a-e122-4842-b2f1-8dbe05994321" />
    <UnitTestResult executionId="a952ff93-093e-4a8d-9a3c-2da6356e34bb" testId="ab6e1cfc-09a0-aaf7-3146-9a729003543d" testName="HardwareActivatedOnWhiteList_ReplacedWithInheritance_HardwareOnWhiteList_NoCWAAllowed_NewHardwareInGrace" computerName="DKSR-EFI-04" duration="00:00:00.0643567" startTime="2023-12-22T09:35:05.6160920+01:00" endTime="2023-12-22T09:35:05.6785909+01:00" testType="13cdc9d9-ddb5-4fa4-a97d-d965ccfc6d4b" outcome="Passed" testListId="8c84fa94-04c1-424b-9868-57a2d4851a1d" relativeResultsDirectory="a952ff93-093e-4a8d-9a3c-2da6356e34bb" />
    <UnitTestResult executionId="92ef9db6-0f8c-4e81-9a6a-9b833afe68af" testId="137f7129-a121-b8c6-63af-0ff5fb4648d0" testName="FindHardware_NotFound_ReturnsNull" computerName="DKSR-EFI-04" duration="00:00:00.0006882" startTime="2023-12-22T09:36:15.7570844+01:00" endTime="2023-12-22T09:36:15.7570844+01:00" testType="13cdc9d9-ddb5-4fa4-a97d-d965ccfc6d4b" outcome="Passed" testListId="8c84fa94-04c1-424b-9868-57a2d4851a1d" relativeResultsDirectory="92ef9db6-0f8c-4e81-9a6a-9b833afe68af" />
    <UnitTestResult executionId="47505791-9070-4247-9762-3a53d124f1a3" testId="20394b1d-85cf-6874-2349-f0dfac4aa410" testName="IsHardwareInChangesWithoutActivation_ReturnsFalse_OnHardwarewithoutTemporaryLicense" computerName="DKSR-EFI-04" duration="00:00:00.0072109" startTime="2023-12-22T09:36:06.9132859+01:00" endTime="2023-12-22T09:36:06.9132859+01:00" testType="13cdc9d9-ddb5-4fa4-a97d-d965ccfc6d4b" outcome="Passed" testListId="8c84fa94-04c1-424b-9868-57a2d4851a1d" relativeResultsDirectory="47505791-9070-4247-9762-3a53d124f1a3" />
    <UnitTestResult executionId="f12a1906-6abd-4f68-9035-8f9c555e589c" testId="46836346-86bd-4983-1ba7-1dbdbb5f7669" testName="RecorderController_ModelIsValid_CommandExecuted" computerName="DKSR-EFI-04" duration="00:00:00.0008168" startTime="2023-12-22T09:34:00.3657613+01:00" endTime="2023-12-22T09:34:00.3657613+01:00" testType="13cdc9d9-ddb5-4fa4-a97d-d965ccfc6d4b" outcome="Passed" testListId="8c84fa94-04c1-424b-9868-57a2d4851a1d" relativeResultsDirectory="f12a1906-6abd-4f68-9035-8f9c555e589c" />
    <UnitTestResult executionId="12a3b6a8-adb1-471e-9722-c3e38cf5c135" testId="7bb5987c-b561-d879-6bfa-fddf21ff03a7" testName="Activation_ChangesIsActivationQueued_ToFalse" computerName="DKSR-EFI-04" duration="00:00:00.0025473" startTime="2023-12-22T09:34:54.2566571+01:00" endTime="2023-12-22T09:34:54.2566571+01:00" testType="13cdc9d9-ddb5-4fa4-a97d-d965ccfc6d4b" outcome="Passed" testListId="8c84fa94-04c1-424b-9868-57a2d4851a1d" relativeResultsDirectory="12a3b6a8-adb1-471e-9722-c3e38cf5c135" />
    <UnitTestResult executionId="a687f206-faf4-4cde-a1cd-9daafb8b60b0" testId="bebd38ae-4784-afc3-8c09-8d11d1d1cde8" testName="RegisterFailoverRecorder_WatchingRecorderStopped_Success" computerName="DKSR-EFI-04" duration="00:00:00.0016357" startTime="2023-12-22T09:34:01.2563929+01:00" endTime="2023-12-22T09:34:01.2563929+01:00" testType="13cdc9d9-ddb5-4fa4-a97d-d965ccfc6d4b" outcome="Passed" testListId="8c84fa94-04c1-424b-9868-57a2d4851a1d" relativeResultsDirectory="a687f206-faf4-4cde-a1cd-9daafb8b60b0" />
    <UnitTestResult executionId="7ff80904-dbc6-4fbe-8401-426f1b19b703" testId="a8a706ab-7d38-3714-d35e-f323270938a5" testName="Validate_LicenseCalculatorContainsAllHardwareFromAllRecordingServers_MissingLicenses_Success" computerName="DKSR-EFI-04" duration="00:00:00.0074069" startTime="2023-12-22T09:36:00.5382530+01:00" endTime="2023-12-22T09:36:00.5382530+01:00" testType="13cdc9d9-ddb5-4fa4-a97d-d965ccfc6d4b" outcome="Passed" testListId="8c84fa94-04c1-424b-9868-57a2d4851a1d" relativeResultsDirectory="7ff80904-dbc6-4fbe-8401-426f1b19b703" />
    <UnitTestResult executionId="19f71210-fe31-42c1-8df9-da320e54d2b8" testId="9c32895e-ff17-9088-af25-1072fc42037c" testName="TemporaryDeviceLicense_Ctor_LocalTime_ArgumentException" computerName="DKSR-EFI-04" duration="00:00:00.0009429" startTime="2023-12-22T09:35:01.6785722+01:00" endTime="2023-12-22T09:35:01.6941968+01:00" testType="13cdc9d9-ddb5-4fa4-a97d-d965ccfc6d4b" outcome="Passed" testListId="8c84fa94-04c1-424b-9868-57a2d4851a1d" relativeResultsDirectory="19f71210-fe31-42c1-8df9-da320e54d2b8">
      <Output>
        <StdOut>Debug Trace:&#xD;
Fail: Argument invalid - must be UTC</StdOut>
      </Output>
    </UnitTestResult>
    <UnitTestResult executionId="b2d8bfd8-75e0-49b0-978d-1296472c615f" testId="2894ae62-0a5e-3444-1809-89acb83b0dbe" testName="DeleteConfigurationItemCommandHandler_Execute_NullChecks" computerName="DKSR-EFI-04" duration="00:00:00.0243395" startTime="2023-12-22T09:36:17.5383433+01:00" endTime="2023-12-22T09:36:17.5695921+01:00" testType="13cdc9d9-ddb5-4fa4-a97d-d965ccfc6d4b" outcome="Passed" testListId="8c84fa94-04c1-424b-9868-57a2d4851a1d" relativeResultsDirectory="b2d8bfd8-75e0-49b0-978d-1296472c615f">
      <Output>
        <StdOut>Debug Trace:&#xD;
Fail: Command/Command handler type mismatch&#xD;
Fail: The command handler expect an object that implements ICallContextInfo in the state parameter&#xD;
Fail: The command handler expect an object that implements IResponseSink in the responseSink parameter</StdOut>
      </Output>
    </UnitTestResult>
    <UnitTestResult executionId="d337bb4b-3a54-4582-9af0-01f5e202833b" testId="5bba4a02-40e6-875f-dbab-eeeae3f32772" testName="AllocateLicenses_NotActivated_OneDevice_SixDisabledCameraChannels_LicenseCountFive_OneInGrace_DeviceWithoutEnabledCamera" computerName="DKSR-EFI-04" duration="00:00:00.0409781" startTime="2023-12-22T09:35:41.1636980+01:00" endTime="2023-12-22T09:35:41.1944011+01:00" testType="13cdc9d9-ddb5-4fa4-a97d-d965ccfc6d4b" outcome="Passed" testListId="8c84fa94-04c1-424b-9868-57a2d4851a1d" relativeResultsDirectory="d337bb4b-3a54-4582-9af0-01f5e202833b" />
    <UnitTestResult executionId="11f0a93b-9cc2-45ee-8dd3-3114f0799df7" testId="12463717-fdb4-887f-a3c5-92afa97914e4" testName="HardwareInCWAOnWhiteList_ReplacedWithNoInheritance_HardwareOnWhiteList_MixedCWAAllowed_NewHardwareInCWA" computerName="DKSR-EFI-04" duration="00:00:00.2644070" startTime="2023-12-22T09:35:11.3036228+01:00" endTime="2023-12-22T09:35:11.5692482+01:00" testType="13cdc9d9-ddb5-4fa4-a97d-d965ccfc6d4b" outcome="Passed" testListId="8c84fa94-04c1-424b-9868-57a2d4851a1d" relativeResultsDirectory="11f0a93b-9cc2-45ee-8dd3-3114f0799df7" />
    <UnitTestResult executionId="8a6acac9-be8e-4d17-a47f-48d76fe89443" testId="0a3231f4-9027-809c-2a57-46bb102210d5" testName="ChannelLicenseCountManager_CameraFeed_Get_Set_CameraFeedLicenseValue" computerName="DKSR-EFI-04" duration="00:00:00.0006569" startTime="2023-12-22T09:35:59.0069941+01:00" endTime="2023-12-22T09:35:59.0069941+01:00" testType="13cdc9d9-ddb5-4fa4-a97d-d965ccfc6d4b" outcome="Passed" testListId="8c84fa94-04c1-424b-9868-57a2d4851a1d" relativeResultsDirectory="8a6acac9-be8e-4d17-a47f-48d76fe89443" />
    <UnitTestResult executionId="8e7722ce-a710-4f74-b22a-94407d415f81" testId="cb792945-7423-1647-0604-2c0964dd027b" testName="UpdateHardwareTaskCommandHandler_Apply_Locked_Tests" computerName="DKSR-EFI-04" duration="00:00:00.0492178" startTime="2023-12-22T09:36:44.3509863+01:00" endTime="2023-12-22T09:36:44.3978612+01:00" testType="13cdc9d9-ddb5-4fa4-a97d-d965ccfc6d4b" outcome="Passed" testListId="8c84fa94-04c1-424b-9868-57a2d4851a1d" relativeResultsDirectory="8e7722ce-a710-4f74-b22a-94407d415f81" />
    <UnitTestResult executionId="3262564d-023a-4767-9a65-d75357ad28d9" testId="066882ae-b976-dd7f-f7ee-4b8881cd5040" testName="HardwareInCWANotOnWhiteList_ZeroChannels_ReplacedWith_HardwareNotOnWhiteList_WithChannels_MixedCWAAllowed_SomeDevicesInCWA" computerName="DKSR-EFI-04" duration="00:00:00.2879378" startTime="2023-12-22T09:35:31.7412300+01:00" endTime="2023-12-22T09:35:32.0224787+01:00" testType="13cdc9d9-ddb5-4fa4-a97d-d965ccfc6d4b" outcome="Passed" testListId="8c84fa94-04c1-424b-9868-57a2d4851a1d" relativeResultsDirectory="3262564d-023a-4767-9a65-d75357ad28d9" />
    <UnitTestResult executionId="b4b337d6-3a7e-452b-8136-154f2b68a2a2" testId="23eea2e8-4a64-669d-22d7-48b7f57675df" testName="ChangeHardwarePasswordTaskCommandHandler_Execute_Failed_NetworkError_Response" computerName="DKSR-EFI-04" duration="00:00:00.0020669" startTime="2023-12-22T09:36:16.3508360+01:00" endTime="2023-12-22T09:36:16.3508360+01:00" testType="13cdc9d9-ddb5-4fa4-a97d-d965ccfc6d4b" outcome="Passed" testListId="8c84fa94-04c1-424b-9868-57a2d4851a1d" relativeResultsDirectory="b4b337d6-3a7e-452b-8136-154f2b68a2a2" />
    <UnitTestResult executionId="3804dafc-13e7-4453-99db-a93812ee945c" testId="aad3fa56-b750-164b-d620-1bbea5cdede7" testName="AnalyzeAndCreateAuditLogs_ModifiedSecurityPermissionsDeviceRowAllVariationsThatGiveTimeBackwardsAuditLog_ReturnsOneTimeBackwardsAuditLog" computerName="DKSR-EFI-04" duration="00:00:00.0214903" startTime="2023-12-22T09:36:17.3664674+01:00" endTime="2023-12-22T09:36:17.3820916+01:00" testType="13cdc9d9-ddb5-4fa4-a97d-d965ccfc6d4b" outcome="Passed" testListId="8c84fa94-04c1-424b-9868-57a2d4851a1d" relativeResultsDirectory="3804dafc-13e7-4453-99db-a93812ee945c" />
    <UnitTestResult executionId="03463a6c-bb8d-4244-91ec-115d320fc244" testId="39fccf8a-09fc-ac26-9ad0-5d6d54df3f0c" testName="EvidenceLockOnOldRecorderCommandHandlerTests_OldRecV1_ConfigDelete1Row_NoEdgeTrackFound" computerName="DKSR-EFI-04" duration="00:00:00.0158020" startTime="2023-12-22T09:36:19.0539762+01:00" endTime="2023-12-22T09:36:19.0695990+01:00" testType="13cdc9d9-ddb5-4fa4-a97d-d965ccfc6d4b" outcome="Passed" testListId="8c84fa94-04c1-424b-9868-57a2d4851a1d" relativeResultsDirectory="03463a6c-bb8d-4244-91ec-115d320fc244" />
    <UnitTestResult executionId="a3ce437a-e163-4c73-9bc1-c48394c6a125" testId="2f723da0-92e7-0c56-577f-931adff75ea7" testName="TableAdapterTypeManager_GetRecorderTableAdapters_Success" computerName="DKSR-EFI-04" duration="00:00:00.0032262" startTime="2023-12-22T09:36:15.9758346+01:00" endTime="2023-12-22T09:36:15.9758346+01:00" testType="13cdc9d9-ddb5-4fa4-a97d-d965ccfc6d4b" outcome="Passed" testListId="8c84fa94-04c1-424b-9868-57a2d4851a1d" relativeResultsDirectory="a3ce437a-e163-4c73-9bc1-c48394c6a125" />
    <UnitTestResult executionId="d6fa8033-302a-4ba3-b380-d33c79eac29e" testId="2aedea52-d73b-acf1-0422-06a57a767fe9" testName="GetRecorderLicense_NonCameraDevicesInRecorderLicense_OnHardwareWithoutCamerasAndChannelLicensing" computerName="DKSR-EFI-04" duration="00:00:00.0629057" startTime="2023-12-22T09:36:08.7101728+01:00" endTime="2023-12-22T09:36:08.7726727+01:00" testType="13cdc9d9-ddb5-4fa4-a97d-d965ccfc6d4b" outcome="Passed" testListId="8c84fa94-04c1-424b-9868-57a2d4851a1d" relativeResultsDirectory="d6fa8033-302a-4ba3-b380-d33c79eac29e" />
    <UnitTestResult executionId="866414de-9cc0-41e1-932e-872e499a2319" testId="746f056a-c957-33ee-67ac-b2a4740e2f0d" testName="CreateLicenseInformationXml_Has25Activated_On1ActivatedHardware25ChannelNotOnWhitelist" computerName="DKSR-EFI-04" duration="00:00:00.0331297" startTime="2023-12-22T09:35:59.9913747+01:00" endTime="2023-12-22T09:36:00.0226259+01:00" testType="13cdc9d9-ddb5-4fa4-a97d-d965ccfc6d4b" outcome="Passed" testListId="8c84fa94-04c1-424b-9868-57a2d4851a1d" relativeResultsDirectory="866414de-9cc0-41e1-932e-872e499a2319">
      <Output>
        <StdOut>Debug Trace:&#xD;
Fail: Attribute value invalid. 'Index'&#xD;
Fail: Attribute value invalid. 'Index'&#xD;
Fail: Attribute value invalid. 'Index'&#xD;
Fail: Attribute value invalid. 'Index'&#xD;
Fail: Attribute value invalid. 'Index'&#xD;
Fail: Attribute value invalid. 'Index'&#xD;
Fail: Attribute value invalid. 'Index'&#xD;
Fail: Attribute value invalid. 'Index'&#xD;
Fail: Attribute value invalid. 'Index'&#xD;
Fail: Attribute value invalid. 'Index'&#xD;
Fail: Attribute value invalid. 'Index'&#xD;
Fail: Attribute value invalid. 'Index'&#xD;
Fail: Attribute value invalid. 'Index'&#xD;
Fail: Attribute value invalid. 'Index'&#xD;
Fail: Attribute value invalid. 'Index'&#xD;
Fail: Attribute value invalid. 'Index'&#xD;
Fail: Attribute value invalid. 'Index'&#xD;
Fail: Attribute value invalid. 'Index'&#xD;
Fail: Attribute value invalid. 'Index'&#xD;
Fail: Attribute value invalid. 'Index'&#xD;
Fail: Attribute value invalid. 'Index'&#xD;
Fail: Attribute value invalid. 'Index'&#xD;
Fail: Attribute value invalid. 'Index'&#xD;
Fail: Attribute value invalid. 'Index'&#xD;
Fail: Attribute value invalid. 'Index'</StdOut>
      </Output>
    </UnitTestResult>
    <UnitTestResult executionId="fa011dfc-3272-4cf9-a391-79c38bb45bcc" testId="5f6122f6-9c9a-005b-1dcf-5bb8eebdf18b" testName="GetHardwareNetworkSettingsCommandHandler_Execute_RecorderNotConnected_ReturnsRecorderUnavailableResponse" computerName="DKSR-EFI-04" duration="00:00:00.0009349" startTime="2023-12-22T09:36:19.7571056+01:00" endTime="2023-12-22T09:36:19.7571056+01:00" testType="13cdc9d9-ddb5-4fa4-a97d-d965ccfc6d4b" outcome="Passed" testListId="8c84fa94-04c1-424b-9868-57a2d4851a1d" relativeResultsDirectory="fa011dfc-3272-4cf9-a391-79c38bb45bcc" />
    <UnitTestResult executionId="f4b2ba4b-066e-48ed-954b-7498a65c6422" testId="aa11b82a-f145-9817-d80f-91a78982fdf3" testName="GetRecorderLicense_AddsHardwareToChangesWithoutActivation_OnChangesWithoutActivationFilledWithPreviousYearDevices" computerName="DKSR-EFI-04" duration="00:00:00.0208687" startTime="2023-12-22T09:36:06.5695353+01:00" endTime="2023-12-22T09:36:06.5851632+01:00" testType="13cdc9d9-ddb5-4fa4-a97d-d965ccfc6d4b" outcome="Passed" testListId="8c84fa94-04c1-424b-9868-57a2d4851a1d" relativeResultsDirectory="f4b2ba4b-066e-48ed-954b-7498a65c6422" />
    <UnitTestResult executionId="de44052b-b530-42ce-b9ea-11fbdd437337" testId="0a18d62b-5190-a8d0-54e2-da68b97ef68d" testName="GenerateLicenseRequestAsXml_Success_ValidLicenseWithEmptyWhiteList" computerName="DKSR-EFI-04" duration="00:00:00.2872462" startTime="2023-12-22T09:36:11.7258123+01:00" endTime="2023-12-22T09:36:12.0226874+01:00" testType="13cdc9d9-ddb5-4fa4-a97d-d965ccfc6d4b" outcome="Passed" testListId="8c84fa94-04c1-424b-9868-57a2d4851a1d" relativeResultsDirectory="de44052b-b530-42ce-b9ea-11fbdd437337" />
    <UnitTestResult executionId="4b7c63f7-4e3d-4bd6-9f4e-b1619a5cd886" testId="de9a4295-a58a-11d2-bd90-4d4252c4beb3" testName="SuccessResponse_ModelIsNull_BadRequestResult" computerName="DKSR-EFI-04" duration="00:00:00.0012559" startTime="2023-12-22T09:34:00.8501396+01:00" endTime="2023-12-22T09:34:00.8657627+01:00" testType="13cdc9d9-ddb5-4fa4-a97d-d965ccfc6d4b" outcome="Passed" testListId="8c84fa94-04c1-424b-9868-57a2d4851a1d" relativeResultsDirectory="4b7c63f7-4e3d-4bd6-9f4e-b1619a5cd886" />
    <UnitTestResult executionId="0fa8a7e1-506f-4d05-9f14-1c601a1cf636" testId="62f74a3d-718e-71c3-9049-7f1099887d7e" testName="IsActivationNeeded_True_ICP_DeviceRemoved" computerName="DKSR-EFI-04" duration="00:00:00.0080988" startTime="2023-12-22T09:36:08.0539185+01:00" endTime="2023-12-22T09:36:08.0695443+01:00" testType="13cdc9d9-ddb5-4fa4-a97d-d965ccfc6d4b" outcome="Passed" testListId="8c84fa94-04c1-424b-9868-57a2d4851a1d" relativeResultsDirectory="0fa8a7e1-506f-4d05-9f14-1c601a1cf636" />
    <UnitTestResult executionId="8d956099-f11f-4776-86ad-526cdf6aae4a" testId="3fe88cbd-8f30-4308-4876-e1a27134f23b" testName="Simulate_CWA_DoesNotExpireAfterGracePeriod_NotWhitelisted" computerName="DKSR-EFI-04" duration="00:00:00.4775237" startTime="2023-12-22T09:35:47.6631833+01:00" endTime="2023-12-22T09:35:48.1319366+01:00" testType="13cdc9d9-ddb5-4fa4-a97d-d965ccfc6d4b" outcome="Passed" testListId="8c84fa94-04c1-424b-9868-57a2d4851a1d" relativeResultsDirectory="8d956099-f11f-4776-86ad-526cdf6aae4a" />
    <UnitTestResult executionId="8911fa75-65e7-4cb5-aea0-e3d897dd2c25" testId="6c521b59-2ad9-2f66-d7c4-cdc4d9f4eda5" testName="UpdateHardwareDriverCommandHandler_Execute_MacChanged_SqlException_Error" computerName="DKSR-EFI-04" duration="00:00:00.1423625" startTime="2023-12-22T09:36:43.5541050+01:00" endTime="2023-12-22T09:36:43.6947321+01:00" testType="13cdc9d9-ddb5-4fa4-a97d-d965ccfc6d4b" outcome="Passed" testListId="8c84fa94-04c1-424b-9868-57a2d4851a1d" relativeResultsDirectory="8911fa75-65e7-4cb5-aea0-e3d897dd2c25" />
    <UnitTestResult executionId="bd3c2f6d-4042-4a1b-9e9b-1a53591cf67c" testId="798e5d78-857d-78b3-b5e9-7c835cfd1336" testName="AnalyzeAndCreateAuditLogs_AddedSecurityPermissionsDeviceRowAllVariationsThatGiveTimeBackwardsAuditLog_ReturnsOneAuditLog" computerName="DKSR-EFI-04" duration="00:00:00.0060749" startTime="2023-12-22T09:36:17.3508419+01:00" endTime="2023-12-22T09:36:17.3508419+01:00" testType="13cdc9d9-ddb5-4fa4-a97d-d965ccfc6d4b" outcome="Passed" testListId="8c84fa94-04c1-424b-9868-57a2d4851a1d" relativeResultsDirectory="bd3c2f6d-4042-4a1b-9e9b-1a53591cf67c" />
    <UnitTestResult executionId="95fa58d6-7ac5-4b17-a21f-27b03cd2c104" testId="06dcde58-e055-a66d-858a-1bfaf3346113" testName="EvidenceLockUpdateScheduler_CheckSpecificEvidenceLock_Issues_Command" computerName="DKSR-EFI-04" duration="00:00:00.0016712" startTime="2023-12-22T09:33:57.8501248+01:00" endTime="2023-12-22T09:33:57.8501248+01:00" testType="13cdc9d9-ddb5-4fa4-a97d-d965ccfc6d4b" outcome="Passed" testListId="8c84fa94-04c1-424b-9868-57a2d4851a1d" relativeResultsDirectory="95fa58d6-7ac5-4b17-a21f-27b03cd2c104" />
    <UnitTestResult executionId="84a26934-2074-453f-a4ba-5ef3e2c2c492" testId="556ef067-8a7f-0b03-0c08-c56040944f06" testName="ChannelLicenseCountManager_CameraFeedLicenseValue_NullDeviceInfo_ThrowsArgumentNullException" computerName="DKSR-EFI-04" duration="00:00:00.0009497" startTime="2023-12-22T09:35:58.9913700+01:00" endTime="2023-12-22T09:35:59.0069941+01:00" testType="13cdc9d9-ddb5-4fa4-a97d-d965ccfc6d4b" outcome="Passed" testListId="8c84fa94-04c1-424b-9868-57a2d4851a1d" relativeResultsDirectory="84a26934-2074-453f-a4ba-5ef3e2c2c492" />
    <UnitTestResult executionId="77a248a8-2b3d-430d-a80d-e3deec4b5128" testId="d04b8e0f-d24d-a105-cfe4-63d813a80dcd" testName="SetHardwareNetworkSettingsCommandHandler_Execute_RecorderNotSupported_ReturnsCorrectResponse" computerName="DKSR-EFI-04" duration="00:00:00.0012220" startTime="2023-12-22T09:36:28.1634016+01:00" endTime="2023-12-22T09:36:28.1634016+01:00" testType="13cdc9d9-ddb5-4fa4-a97d-d965ccfc6d4b" outcome="Passed" testListId="8c84fa94-04c1-424b-9868-57a2d4851a1d" relativeResultsDirectory="77a248a8-2b3d-430d-a80d-e3deec4b5128" />
    <UnitTestResult executionId="9238a488-15d1-405d-b06f-2a5f4a4b2be0" testId="91fac899-235a-f12a-eec2-dd1a82abcb82" testName="ChangeHardwarePasswordTaskCommandHandler_Execute_Failed_UsernameNotRecognized_Response" computerName="DKSR-EFI-04" duration="00:00:00.0007919" startTime="2023-12-22T09:36:16.3664617+01:00" endTime="2023-12-22T09:36:16.3664617+01:00" testType="13cdc9d9-ddb5-4fa4-a97d-d965ccfc6d4b" outcome="Passed" testListId="8c84fa94-04c1-424b-9868-57a2d4851a1d" relativeResultsDirectory="9238a488-15d1-405d-b06f-2a5f4a4b2be0" />
    <UnitTestResult executionId="0c303b5c-8868-4873-a1d4-a25d627a473d" testId="ad19428e-e97a-2b80-9a28-a9602530bd19" testName="ReplaceHardwareCommandHandler_Clone_Tests" computerName="DKSR-EFI-04" duration="00:00:00.1998864" startTime="2023-12-22T09:36:26.2571375+01:00" endTime="2023-12-22T09:36:26.4758893+01:00" testType="13cdc9d9-ddb5-4fa4-a97d-d965ccfc6d4b" outcome="Passed" testListId="8c84fa94-04c1-424b-9868-57a2d4851a1d" relativeResultsDirectory="0c303b5c-8868-4873-a1d4-a25d627a473d" />
    <UnitTestResult executionId="1840f2bd-c0b9-4175-b852-156eafc66370" testId="95cfe0da-0ff4-0747-cf3f-c677dee3d8aa" testName="HardwareScanTaskCommandHandler_Execute_RecorderNotSupported_FailResponse" computerName="DKSR-EFI-04" duration="00:00:00.0009775" startTime="2023-12-22T09:36:20.1477336+01:00" endTime="2023-12-22T09:36:20.1477336+01:00" testType="13cdc9d9-ddb5-4fa4-a97d-d965ccfc6d4b" outcome="Passed" testListId="8c84fa94-04c1-424b-9868-57a2d4851a1d" relativeResultsDirectory="1840f2bd-c0b9-4175-b852-156eafc66370" />
    <UnitTestResult executionId="68be0f86-4abd-40cd-9bc7-c68fd4ed2ab9" testId="cb50d134-9feb-13cd-8243-4ac58d041243" testName="LicenseInformation_Constructor_LicenseReportInformation_IsNotNullAndHasDefaultValues" computerName="DKSR-EFI-04" duration="00:00:00.0003940" startTime="2023-12-22T09:35:59.7413740+01:00" endTime="2023-12-22T09:35:59.7413740+01:00" testType="13cdc9d9-ddb5-4fa4-a97d-d965ccfc6d4b" outcome="Passed" testListId="8c84fa94-04c1-424b-9868-57a2d4851a1d" relativeResultsDirectory="68be0f86-4abd-40cd-9bc7-c68fd4ed2ab9" />
    <UnitTestResult executionId="ce294c91-1fac-4660-9f60-3a79a405c63f" testId="fa5d9638-3777-7eb7-1fbe-718511caf2c7" testName="HardwareInCWANotOnWhiteList_ReplacedWithInheritance_HardwareNotOnWhiteList_NoMoreCWAAllowed_FewerChannelsOnReplacedHardware_NewDevicesInGrace" computerName="DKSR-EFI-04" duration="00:00:00.3211313" startTime="2023-12-22T09:35:16.5692721+01:00" endTime="2023-12-22T09:35:16.8974019+01:00" testType="13cdc9d9-ddb5-4fa4-a97d-d965ccfc6d4b" outcome="Passed" testListId="8c84fa94-04c1-424b-9868-57a2d4851a1d" relativeResultsDirectory="ce294c91-1fac-4660-9f60-3a79a405c63f" />
    <UnitTestResult executionId="a0d24413-cca9-4fa8-abcb-16ef34d17df7" testId="39a3d7f7-c33b-5946-818d-71ebe782f69c" testName="HardwareInCWANotOnWhiteList_ReplacedWithNoInheritance_HardwareOnWhiteList_NoMoreCWAAllowed_NewHardwareInGrace" computerName="DKSR-EFI-04" duration="00:00:00.5313197" startTime="2023-12-22T09:35:08.8504825+01:00" endTime="2023-12-22T09:35:09.3817357+01:00" testType="13cdc9d9-ddb5-4fa4-a97d-d965ccfc6d4b" outcome="Passed" testListId="8c84fa94-04c1-424b-9868-57a2d4851a1d" relativeResultsDirectory="a0d24413-cca9-4fa8-abcb-16ef34d17df7" />
    <UnitTestResult executionId="829b650d-45bb-4e6b-af38-3aa9f5d4aa40" testId="f0017bc8-c9d8-b066-4987-77f2c486bde7" testName="HardwareActivatedNotOnWhiteList_NoCameraChannels_ReplacedWith_HardwareNotOnWhiteList_WithCameraChannels_SomeGraceSomeCWA" computerName="DKSR-EFI-04" duration="00:00:00.1647625" startTime="2023-12-22T09:35:34.1006152+01:00" endTime="2023-12-22T09:35:34.2724893+01:00" testType="13cdc9d9-ddb5-4fa4-a97d-d965ccfc6d4b" outcome="Passed" testListId="8c84fa94-04c1-424b-9868-57a2d4851a1d" relativeResultsDirectory="829b650d-45bb-4e6b-af38-3aa9f5d4aa40" />
    <UnitTestResult executionId="a88b7ca0-c2fc-4b3d-b17e-33c0155b0a31" testId="daf10ee7-a65f-1e24-9710-5a1f9287a075" testName="UpdateHardwareTaskCommandHandler_Execute_Null_Tests" computerName="DKSR-EFI-04" duration="00:00:00.0045197" startTime="2023-12-22T09:36:43.7416057+01:00" endTime="2023-12-22T09:36:43.7416057+01:00" testType="13cdc9d9-ddb5-4fa4-a97d-d965ccfc6d4b" outcome="Passed" testListId="8c84fa94-04c1-424b-9868-57a2d4851a1d" relativeResultsDirectory="a88b7ca0-c2fc-4b3d-b17e-33c0155b0a31">
      <Output>
        <StdOut>Debug Trace:&#xD;
Fail: Command/Command handler type mismatch&#xD;
Fail: The command handler expect an object that implements ICallContextInfo in the state parameter&#xD;
Fail: The command handler expect an object that implements IResponseSink in the responseSink parameter</StdOut>
      </Output>
    </UnitTestResult>
    <UnitTestResult executionId="aed169ed-345d-4955-8868-294eeb7f3766" testId="9e5cbe5c-eb19-54b0-69e8-8cc53a9c52ec" testName="AllocateLicenses_OneHardwareWithTenCameras_GetsFiveInGraceAndFiveInCWA_Success" computerName="DKSR-EFI-04" duration="00:00:00.0542880" startTime="2023-12-22T09:35:52.0069581+01:00" endTime="2023-12-22T09:35:52.0694560+01:00" testType="13cdc9d9-ddb5-4fa4-a97d-d965ccfc6d4b" outcome="Passed" testListId="8c84fa94-04c1-424b-9868-57a2d4851a1d" relativeResultsDirectory="aed169ed-345d-4955-8868-294eeb7f3766" />
    <UnitTestResult executionId="8e5b2b60-dd67-4860-8d24-a27d01ce1851" testId="23be8a35-ca0a-67d0-d14d-bd08fa2c73b3" testName="UpdateHardwareDriverCommandHandler_Execute_Success" computerName="DKSR-EFI-04" duration="00:00:00.1498338" startTime="2023-12-22T09:36:43.1478570+01:00" endTime="2023-12-22T09:36:43.2884799+01:00" testType="13cdc9d9-ddb5-4fa4-a97d-d965ccfc6d4b" outcome="Passed" testListId="8c84fa94-04c1-424b-9868-57a2d4851a1d" relativeResultsDirectory="8e5b2b60-dd67-4860-8d24-a27d01ce1851" />
    <UnitTestResult executionId="3df68b18-a773-42a1-a935-8199f1b2c7d4" testId="88e0d440-ede0-4530-fa82-e54cf5859609" testName="AllocateLicenses_NotActivated_SixCameraChannels_FiveExpired_OneInGrace" computerName="DKSR-EFI-04" duration="00:00:00.0618585" startTime="2023-12-22T09:35:38.7412637+01:00" endTime="2023-12-22T09:35:38.8037652+01:00" testType="13cdc9d9-ddb5-4fa4-a97d-d965ccfc6d4b" outcome="Passed" testListId="8c84fa94-04c1-424b-9868-57a2d4851a1d" relativeResultsDirectory="3df68b18-a773-42a1-a935-8199f1b2c7d4" />
    <UnitTestResult executionId="83e6f497-36c9-4a68-bd1c-1d490b597c33" testId="2e3b4342-1265-efa1-b8b0-a70d9afa0a25" testName="ChangesWithoutActivation_AppearsActivated_GraceDevicesEnterCWA_AfterOneYear" computerName="DKSR-EFI-04" duration="00:00:00.2980102" startTime="2023-12-22T09:35:42.5069110+01:00" endTime="2023-12-22T09:35:42.8037842+01:00" testType="13cdc9d9-ddb5-4fa4-a97d-d965ccfc6d4b" outcome="Passed" testListId="8c84fa94-04c1-424b-9868-57a2d4851a1d" relativeResultsDirectory="83e6f497-36c9-4a68-bd1c-1d490b597c33" />
    <UnitTestResult executionId="e7a99a68-ca8c-4fec-a59d-c285c1e29403" testId="e970c037-c82e-1156-9404-7620bc900a22" testName="HardwareActivatedNotOnWhiteList_ReplacedWithInheritance_HardwareNotOnWhiteList_DifferentCameraChannels" computerName="DKSR-EFI-04" duration="00:00:00.1637043" startTime="2023-12-22T09:35:32.8506089+01:00" endTime="2023-12-22T09:35:33.0224875+01:00" testType="13cdc9d9-ddb5-4fa4-a97d-d965ccfc6d4b" outcome="Passed" testListId="8c84fa94-04c1-424b-9868-57a2d4851a1d" relativeResultsDirectory="e7a99a68-ca8c-4fec-a59d-c285c1e29403" />
    <UnitTestResult executionId="52c93ea2-5a34-4e82-aaf6-06f7e98b247b" testId="ae4061b8-320e-29dd-40df-9e766fdf63a2" testName="AllocateLicenses_HardwareWith10Devices7EnabledAndActivated_Enabling3Devices_ShouldGet3CWA_OnNonZeroCWA" computerName="DKSR-EFI-04" duration="00:00:00.3118641" startTime="2023-12-22T09:35:44.7100440+01:00" endTime="2023-12-22T09:35:45.0225456+01:00" testType="13cdc9d9-ddb5-4fa4-a97d-d965ccfc6d4b" outcome="Passed" testListId="8c84fa94-04c1-424b-9868-57a2d4851a1d" relativeResultsDirectory="52c93ea2-5a34-4e82-aaf6-06f7e98b247b" />
    <UnitTestResult executionId="0ddaeafa-3663-47bc-aa0e-86d60327933f" testId="4c7357cc-be8e-bdef-df5e-585b37d708fa" testName="UpdateLicense_Valid_License_Success" computerName="DKSR-EFI-04" duration="00:00:00.0695531" startTime="2023-12-22T09:36:06.2882853+01:00" endTime="2023-12-22T09:36:06.3507833+01:00" testType="13cdc9d9-ddb5-4fa4-a97d-d965ccfc6d4b" outcome="Passed" testListId="8c84fa94-04c1-424b-9868-57a2d4851a1d" relativeResultsDirectory="0ddaeafa-3663-47bc-aa0e-86d60327933f" />
    <UnitTestResult executionId="b6b7564d-49a6-41e0-b91e-da674f2545c5" testId="50465595-5bd1-d998-d3e5-5eb43c8407cb" testName="HardwareScanTaskCommandHandler_Execute_DiscoveryComponent_FailResponse" computerName="DKSR-EFI-04" duration="00:00:00.0008715" startTime="2023-12-22T09:36:20.1321108+01:00" endTime="2023-12-22T09:36:20.1321108+01:00" testType="13cdc9d9-ddb5-4fa4-a97d-d965ccfc6d4b" outcome="Passed" testListId="8c84fa94-04c1-424b-9868-57a2d4851a1d" relativeResultsDirectory="b6b7564d-49a6-41e0-b91e-da674f2545c5" />
    <UnitTestResult executionId="3b537aa6-8210-46ec-8d44-f45a502eaef6" testId="a8d7312b-c46b-8cf5-29bb-7947f5804bd9" testName="ChangeHardwarePasswordRuleAction_Execute_TaskBuilderConstructionThrows_ErrorLogCreated" computerName="DKSR-EFI-04" duration="00:00:00.0876392" startTime="2023-12-22T09:34:42.9753513+01:00" endTime="2023-12-22T09:34:43.1003514+01:00" testType="13cdc9d9-ddb5-4fa4-a97d-d965ccfc6d4b" outcome="Passed" testListId="8c84fa94-04c1-424b-9868-57a2d4851a1d" relativeResultsDirectory="3b537aa6-8210-46ec-8d44-f45a502eaef6" />
    <UnitTestResult executionId="4257c340-7793-4568-9e60-01a5b22e3cda" testId="6cf569d1-1826-b1a5-d6b9-732babdb845d" testName="LicenseCountManager_RemoveDevicesFromChangesWithoutActivation_Throws_InvalidOperationException" computerName="DKSR-EFI-04" duration="00:00:00.0008481" startTime="2023-12-22T09:35:59.4288735+01:00" endTime="2023-12-22T09:35:59.4288735+01:00" testType="13cdc9d9-ddb5-4fa4-a97d-d965ccfc6d4b" outcome="Passed" testListId="8c84fa94-04c1-424b-9868-57a2d4851a1d" relativeResultsDirectory="4257c340-7793-4568-9e60-01a5b22e3cda" />
    <UnitTestResult executionId="fc575397-0247-4667-a314-65abf48bf3b7" testId="707e690d-4b5f-a7d6-df9e-0d8e3e4f76eb" testName="HardwareInCWANotOnWhiteList_ReplacedWithInheritance_HardwareNotOnWhiteList_CWAAllowed_AllDevicesInCWA" computerName="DKSR-EFI-04" duration="00:00:00.3140530" startTime="2023-12-22T09:35:13.7567598+01:00" endTime="2023-12-22T09:35:14.0692609+01:00" testType="13cdc9d9-ddb5-4fa4-a97d-d965ccfc6d4b" outcome="Passed" testListId="8c84fa94-04c1-424b-9868-57a2d4851a1d" relativeResultsDirectory="fc575397-0247-4667-a314-65abf48bf3b7" />
    <UnitTestResult executionId="cdc5ce23-8b83-470c-963f-714ba887f5ff" testId="814139e2-58fb-a737-92b7-36c04e0deab8" testName="AllocateLicenses_SevenHardware_25Licenses_EnablingTwoDisabledCamerasWillHaveTwoUnlicensed_EnsureCorrectDevicesAreInGrace" computerName="DKSR-EFI-04" duration="00:00:00.1714317" startTime="2023-12-22T09:35:36.7412512+01:00" endTime="2023-12-22T09:35:36.9131324+01:00" testType="13cdc9d9-ddb5-4fa4-a97d-d965ccfc6d4b" outcome="Passed" testListId="8c84fa94-04c1-424b-9868-57a2d4851a1d" relativeResultsDirectory="cdc5ce23-8b83-470c-963f-714ba887f5ff" />
    <UnitTestResult executionId="5a8a0d4a-55fc-4431-9709-6430d25c70f1" testId="10963fca-9936-e814-f958-990fcbd63cbe" testName="RecorderAccessTokenHandler_PopulateAuthorizationHeaderAsync_IdentityServerTokenException" computerName="DKSR-EFI-04" duration="00:00:00.0014143" startTime="2023-12-22T09:34:53.3504039+01:00" endTime="2023-12-22T09:34:53.3504039+01:00" testType="13cdc9d9-ddb5-4fa4-a97d-d965ccfc6d4b" outcome="Passed" testListId="8c84fa94-04c1-424b-9868-57a2d4851a1d" relativeResultsDirectory="5a8a0d4a-55fc-4431-9709-6430d25c70f1" />
    <UnitTestResult executionId="9f351d27-1881-4df0-840f-b73d2cd70e3d" testId="f06433d6-fe74-17cb-b3eb-b56ad5a0bc11" testName="AllocateLicenses_2ICPHardware30ChannelsAnd0NormalHardwareWith10ActivatedICP10Grace_ShouldGet10UnlicensedICP_On20ICPLicenses" computerName="DKSR-EFI-04" duration="00:00:00.1281288" startTime="2023-12-22T09:35:42.3037847+01:00" endTime="2023-12-22T09:35:42.4287882+01:00" testType="13cdc9d9-ddb5-4fa4-a97d-d965ccfc6d4b" outcome="Passed" testListId="8c84fa94-04c1-424b-9868-57a2d4851a1d" relativeResultsDirectory="9f351d27-1881-4df0-840f-b73d2cd70e3d" />
    <UnitTestResult executionId="621bfca1-60ce-4e3c-b660-bd0470ef53e5" testId="c1ca5f29-bfa1-1309-3768-ba5a26d3c69b" testName="RecorderLicense_RemoveExistingLicense_Success" computerName="DKSR-EFI-04" duration="00:00:00.0004384" startTime="2023-12-22T09:36:15.6008331+01:00" endTime="2023-12-22T09:36:15.6008331+01:00" testType="13cdc9d9-ddb5-4fa4-a97d-d965ccfc6d4b" outcome="Passed" testListId="8c84fa94-04c1-424b-9868-57a2d4851a1d" relativeResultsDirectory="621bfca1-60ce-4e3c-b660-bd0470ef53e5" />
    <UnitTestResult executionId="23d98cb7-6c2f-4cdf-a561-c6403d4aecdf" testId="28a59acb-a40d-e01f-1c2f-42f95eecb124" testName="GetRecorderLicense_DoesNotTriggerEvent_OnUsedChangesHigherThanTotalAndNoActiveDevicesInChanges" computerName="DKSR-EFI-04" duration="00:00:00.0534458" startTime="2023-12-22T09:36:06.7726611+01:00" endTime="2023-12-22T09:36:06.8351633+01:00" testType="13cdc9d9-ddb5-4fa4-a97d-d965ccfc6d4b" outcome="Passed" testListId="8c84fa94-04c1-424b-9868-57a2d4851a1d" relativeResultsDirectory="23d98cb7-6c2f-4cdf-a561-c6403d4aecdf">
      <Output>
        <StdOut>Debug Trace:&#xD;
08:36:06.819 Building hardware index&#xD;
08:36:06.819 Building hardware index DONE</StdOut>
      </Output>
    </UnitTestResult>
    <UnitTestResult executionId="dd0a2c7e-2a18-48ad-9520-109653cff88c" testId="b6d62496-fe4d-e1e0-5823-653f91d759b0" testName="GetCompleteConfiguration_ModelIsValid_Success" computerName="DKSR-EFI-04" duration="00:00:01.3987556" startTime="2023-12-22T09:33:58.2563757+01:00" endTime="2023-12-22T09:33:59.6626356+01:00" testType="13cdc9d9-ddb5-4fa4-a97d-d965ccfc6d4b" outcome="Passed" testListId="8c84fa94-04c1-424b-9868-57a2d4851a1d" relativeResultsDirectory="dd0a2c7e-2a18-48ad-9520-109653cff88c" />
    <UnitTestResult executionId="418d9d5a-d921-4c5c-aef4-63e7c2f09113" testId="242e1d60-b9b9-fea9-1a94-af0c6327deb8" testName="ChannelLicenseCountManager_IsCameraFeedLicensedOnRecorder_NullDeviceInfo_ThrowsArgumentNullException" computerName="DKSR-EFI-04" duration="00:00:00.0023008" startTime="2023-12-22T09:35:59.0382455+01:00" endTime="2023-12-22T09:35:59.0382455+01:00" testType="13cdc9d9-ddb5-4fa4-a97d-d965ccfc6d4b" outcome="Passed" testListId="8c84fa94-04c1-424b-9868-57a2d4851a1d" relativeResultsDirectory="418d9d5a-d921-4c5c-aef4-63e7c2f09113" />
    <UnitTestResult executionId="4e81bc65-08d5-45d8-baf7-c67a6fb73187" testId="2635f7f5-e17b-eaa8-61cd-c8fcd1b0c5d0" testName="CreateLicenseInformationXml_Has10ExpiredICP_On1ExpiredICPHardwareWith10Cameras" computerName="DKSR-EFI-04" duration="00:00:00.0391110" startTime="2023-12-22T09:36:00.2726290+01:00" endTime="2023-12-22T09:36:00.3038746+01:00" testType="13cdc9d9-ddb5-4fa4-a97d-d965ccfc6d4b" outcome="Passed" testListId="8c84fa94-04c1-424b-9868-57a2d4851a1d" relativeResultsDirectory="4e81bc65-08d5-45d8-baf7-c67a6fb73187">
      <Output>
        <StdOut>Debug Trace:&#xD;
Fail: Attribute value invalid. 'Index'&#xD;
Fail: Attribute value invalid. 'Index'&#xD;
Fail: Attribute value invalid. 'Index'&#xD;
Fail: Attribute value invalid. 'Index'&#xD;
Fail: Attribute value invalid. 'Index'&#xD;
Fail: Attribute value invalid. 'Index'&#xD;
Fail: Attribute value invalid. 'Index'&#xD;
Fail: Attribute value invalid. 'Index'&#xD;
Fail: Attribute value invalid. 'Index'&#xD;
Fail: Attribute value invalid. 'Index'</StdOut>
      </Output>
    </UnitTestResult>
    <UnitTestResult executionId="e13a63e5-7787-4f62-b5bd-d0e854afb94c" testId="af643efc-0d6d-9696-0106-50e93cf12675" testName="AutomaticActivation_LogsFailedMessageInServerLogs_OnFailedActivation" computerName="DKSR-EFI-04" duration="00:00:00.0005169" startTime="2023-12-22T09:34:54.2722833+01:00" endTime="2023-12-22T09:34:54.2879070+01:00" testType="13cdc9d9-ddb5-4fa4-a97d-d965ccfc6d4b" outcome="Passed" testListId="8c84fa94-04c1-424b-9868-57a2d4851a1d" relativeResultsDirectory="e13a63e5-7787-4f62-b5bd-d0e854afb94c" />
    <UnitTestResult executionId="dd374e62-26e1-4fe1-b870-ead18ca2de8e" testId="64ab9353-a028-abd7-16bf-3ab6a2fb00d5" testName="GetTotalReplacementLimit_ReturnsMinimum_OnPercentagesmallerThanMinimum" computerName="DKSR-EFI-04" duration="00:00:00.0002055" startTime="2023-12-22T09:36:15.7727069+01:00" endTime="2023-12-22T09:36:15.7727069+01:00" testType="13cdc9d9-ddb5-4fa4-a97d-d965ccfc6d4b" outcome="Passed" testListId="8c84fa94-04c1-424b-9868-57a2d4851a1d" relativeResultsDirectory="dd374e62-26e1-4fe1-b870-ead18ca2de8e" />
    <UnitTestResult executionId="6cdc78f6-8e56-4299-b324-155d009b86d6" testId="d8bc0f8e-1b92-7746-78f9-16b8b93e5011" testName="LicenseCountManager_RegisterHardwareRecorderRelation_InvalidMac_Null_Throws_ArgumentNullException" computerName="DKSR-EFI-04" duration="00:00:00.0006337" startTime="2023-12-22T09:35:59.2882447+01:00" endTime="2023-12-22T09:35:59.2882447+01:00" testType="13cdc9d9-ddb5-4fa4-a97d-d965ccfc6d4b" outcome="Passed" testListId="8c84fa94-04c1-424b-9868-57a2d4851a1d" relativeResultsDirectory="6cdc78f6-8e56-4299-b324-155d009b86d6" />
    <UnitTestResult executionId="1df5fcb4-f732-4a71-ac05-c843014bb9b2" testId="593aa971-5620-06a4-7e04-53178c3e9541" testName="GetRecorderLicense_WithIcpDisabledHardware_Success" computerName="DKSR-EFI-04" duration="00:00:00.0078059" startTime="2023-12-22T09:36:06.8664136+01:00" endTime="2023-12-22T09:36:06.8664136+01:00" testType="13cdc9d9-ddb5-4fa4-a97d-d965ccfc6d4b" outcome="Passed" testListId="8c84fa94-04c1-424b-9868-57a2d4851a1d" relativeResultsDirectory="1df5fcb4-f732-4a71-ac05-c843014bb9b2" />
    <UnitTestResult executionId="0bbf5116-c938-4fa9-a472-c511d0786df7" testId="005da771-eea4-599e-7976-7b11496c3dc0" testName="CheckConfigurationDataSetTest_StreamsNotLicensedFail" computerName="DKSR-EFI-04" duration="00:00:00.0047456" startTime="2023-12-22T09:35:59.5694982+01:00" endTime="2023-12-22T09:35:59.5694982+01:00" testType="13cdc9d9-ddb5-4fa4-a97d-d965ccfc6d4b" outcome="Passed" testListId="8c84fa94-04c1-424b-9868-57a2d4851a1d" relativeResultsDirectory="0bbf5116-c938-4fa9-a472-c511d0786df7" />
    <UnitTestResult executionId="54db7d91-7db5-4ab0-815b-07a6ec967b7f" testId="8415958e-4dc4-74af-816e-52b6732f7968" testName="GetHardwareNetworkSettingsCommandHandler_Execute_RecorderNotSupported_ReturnsCorrectResponse" computerName="DKSR-EFI-04" duration="00:00:00.0011811" startTime="2023-12-22T09:36:19.7414798+01:00" endTime="2023-12-22T09:36:19.7414798+01:00" testType="13cdc9d9-ddb5-4fa4-a97d-d965ccfc6d4b" outcome="Passed" testListId="8c84fa94-04c1-424b-9868-57a2d4851a1d" relativeResultsDirectory="54db7d91-7db5-4ab0-815b-07a6ec967b7f" />
    <UnitTestResult executionId="3077c394-45dd-4f3d-a393-1e0b94cf5495" testId="e64fac0c-e0e6-f658-b126-2e844c7eee5c" testName="HardwareInCWAOnWhiteList_ReplacedWithInheritance_HardwareOnWhiteList_CWAAllowed_FewerChannelsOnReplacedHardware_NewHardwareInCWA" computerName="DKSR-EFI-04" duration="00:00:00.3067439" startTime="2023-12-22T09:35:25.2099408+01:00" endTime="2023-12-22T09:35:25.5224442+01:00" testType="13cdc9d9-ddb5-4fa4-a97d-d965ccfc6d4b" outcome="Passed" testListId="8c84fa94-04c1-424b-9868-57a2d4851a1d" relativeResultsDirectory="3077c394-45dd-4f3d-a393-1e0b94cf5495" />
    <UnitTestResult executionId="f424c5ed-a88d-4007-b204-377a756f7105" testId="f6fbd111-7c7f-0e56-9651-5894ead3ac95" testName="ChangeHardwarePasswordTaskCommandHandler_Execute_Failed_ExceptionResponse" computerName="DKSR-EFI-04" duration="00:00:00.0009939" startTime="2023-12-22T09:36:16.3508360+01:00" endTime="2023-12-22T09:36:16.3508360+01:00" testType="13cdc9d9-ddb5-4fa4-a97d-d965ccfc6d4b" outcome="Passed" testListId="8c84fa94-04c1-424b-9868-57a2d4851a1d" relativeResultsDirectory="f424c5ed-a88d-4007-b204-377a756f7105" />
    <UnitTestResult executionId="ef67fb5f-0b9d-456d-a97f-ecdeabe899ab" testId="bf0ddccc-6576-143a-b9dd-531f9f8eb094" testName="ActivateUserDefinedEventOnRemoteSiteCommand_ModelIsNull_BadRequestResult" computerName="DKSR-EFI-04" duration="00:00:00.0007548" startTime="2023-12-22T09:34:01.1001389+01:00" endTime="2023-12-22T09:34:01.1001389+01:00" testType="13cdc9d9-ddb5-4fa4-a97d-d965ccfc6d4b" outcome="Passed" testListId="8c84fa94-04c1-424b-9868-57a2d4851a1d" relativeResultsDirectory="ef67fb5f-0b9d-456d-a97f-ecdeabe899ab" />
    <UnitTestResult executionId="48d7828c-4cb5-4977-858b-64c310449a5c" testId="9b800060-f9bd-0d91-1a53-4c60eea3d92c" testName="QueryFeatures_Success_ValidLicenseEmptyWhiteList" computerName="DKSR-EFI-04" duration="00:00:00.0046356" startTime="2023-12-22T09:36:10.6320560+01:00" endTime="2023-12-22T09:36:10.6320560+01:00" testType="13cdc9d9-ddb5-4fa4-a97d-d965ccfc6d4b" outcome="Passed" testListId="8c84fa94-04c1-424b-9868-57a2d4851a1d" relativeResultsDirectory="48d7828c-4cb5-4977-858b-64c310449a5c" />
    <UnitTestResult executionId="e9b5b539-3fae-4cec-b897-5997016fbb38" testId="35bab2d6-4910-86dc-1141-fc3c8871ab67" testName="ReportManualRecordingStateCommand_ModelIsNull_BadRequestResult" computerName="DKSR-EFI-04" duration="00:00:00.0007610" startTime="2023-12-22T09:34:00.3032582+01:00" endTime="2023-12-22T09:34:00.3032582+01:00" testType="13cdc9d9-ddb5-4fa4-a97d-d965ccfc6d4b" outcome="Passed" testListId="8c84fa94-04c1-424b-9868-57a2d4851a1d" relativeResultsDirectory="e9b5b539-3fae-4cec-b897-5997016fbb38" />
    <UnitTestResult executionId="90a1f2b8-6839-43f0-bdbd-dd9d692b05a5" testId="980097e6-1997-04c7-0639-e21ed0b80203" testName="ChannelLicenseCountManager_IsCameraFeedLicensedOnRecorder_NullHardwareInfo_ThrowsArgumentNullException" computerName="DKSR-EFI-04" duration="00:00:00.0012146" startTime="2023-12-22T09:35:59.0382455+01:00" endTime="2023-12-22T09:35:59.0382455+01:00" testType="13cdc9d9-ddb5-4fa4-a97d-d965ccfc6d4b" outcome="Passed" testListId="8c84fa94-04c1-424b-9868-57a2d4851a1d" relativeResultsDirectory="90a1f2b8-6839-43f0-bdbd-dd9d692b05a5" />
    <UnitTestResult executionId="ff610ac8-5992-4b8f-a7bc-f3a46c4fefc6" testId="93b11316-d1d6-b077-2764-1a3ca66eecf5" testName="GetRecorderLicense_RegeneratesReplacementToken_OnSpaceLeftInReplacementLimit" computerName="DKSR-EFI-04" duration="00:00:00.0154706" startTime="2023-12-22T09:36:06.5070366+01:00" endTime="2023-12-22T09:36:06.5226603+01:00" testType="13cdc9d9-ddb5-4fa4-a97d-d965ccfc6d4b" outcome="Passed" testListId="8c84fa94-04c1-424b-9868-57a2d4851a1d" relativeResultsDirectory="ff610ac8-5992-4b8f-a7bc-f3a46c4fefc6" />
    <UnitTestResult executionId="f5e96b72-6a7f-4f1c-970e-77af8dd67549" testId="8e582c8c-bba7-7417-5c1c-e177b4dee6cc" testName="HardwareActivatedNotOnWhiteList_ReplacedWithNoInheritance_HardwareNotOnWhiteList_DifferentCameraChannels" computerName="DKSR-EFI-04" duration="00:00:00.1009971" startTime="2023-12-22T09:35:33.2724841+01:00" endTime="2023-12-22T09:35:33.3662341+01:00" testType="13cdc9d9-ddb5-4fa4-a97d-d965ccfc6d4b" outcome="Passed" testListId="8c84fa94-04c1-424b-9868-57a2d4851a1d" relativeResultsDirectory="f5e96b72-6a7f-4f1c-970e-77af8dd67549" />
    <UnitTestResult executionId="b05e0e11-b877-4d6f-a67e-5f67ae8ae818" testId="d27a4adf-6d9e-bd17-6451-2cfd29833f96" testName="CreateLicenseInformationXml_HasMultiLicenseHardwareTrueMissingLicensesTrue_OnHardwareWith15Channels" computerName="DKSR-EFI-04" duration="00:00:00.0371369" startTime="2023-12-22T09:36:00.4288775+01:00" endTime="2023-12-22T09:36:00.4601298+01:00" testType="13cdc9d9-ddb5-4fa4-a97d-d965ccfc6d4b" outcome="Passed" testListId="8c84fa94-04c1-424b-9868-57a2d4851a1d" relativeResultsDirectory="b05e0e11-b877-4d6f-a67e-5f67ae8ae818">
      <Output>
        <StdOut>Debug Trace:&#xD;
Fail: Attribute value invalid. 'Index'&#xD;
Fail: Attribute value invalid. 'Index'&#xD;
Fail: Attribute value invalid. 'Index'&#xD;
Fail: Attribute value invalid. 'Index'&#xD;
Fail: Attribute value invalid. 'Index'&#xD;
Fail: Attribute value invalid. 'Index'&#xD;
Fail: Attribute value invalid. 'Index'&#xD;
Fail: Attribute value invalid. 'Index'&#xD;
Fail: Attribute value invalid. 'Index'&#xD;
Fail: Attribute value invalid. 'Index'&#xD;
Fail: Attribute value invalid. 'Index'&#xD;
Fail: Attribute value invalid. 'Index'&#xD;
Fail: Attribute value invalid. 'Index'&#xD;
Fail: Attribute value invalid. 'Index'&#xD;
Fail: Attribute value invalid. 'Index'</StdOut>
      </Output>
    </UnitTestResult>
    <UnitTestResult executionId="17918a07-15cb-4506-aa93-56aa731e7d2d" testId="4705763f-eda9-ab18-6971-c5af3eec87c0" testName="ConfigurationDataSetLoader_GetDeviceGroupByDeviceGroupId_Success" computerName="DKSR-EFI-04" duration="00:00:00.0009757" startTime="2023-12-22T09:36:15.8820839+01:00" endTime="2023-12-22T09:36:15.8820839+01:00" testType="13cdc9d9-ddb5-4fa4-a97d-d965ccfc6d4b" outcome="Passed" testListId="8c84fa94-04c1-424b-9868-57a2d4851a1d" relativeResultsDirectory="17918a07-15cb-4506-aa93-56aa731e7d2d" />
    <UnitTestResult executionId="b62a59b1-955e-4793-8ea3-d8d2f02eed06" testId="56d59fad-e683-8b23-2fac-75605595a2fb" testName="HardwareLicense_SetExpire_NullHardwareInfo_Empty_Throws_ArgumentException" computerName="DKSR-EFI-04" duration="00:00:00.0007899" startTime="2023-12-22T09:36:15.6320813+01:00" endTime="2023-12-22T09:36:15.6320813+01:00" testType="13cdc9d9-ddb5-4fa4-a97d-d965ccfc6d4b" outcome="Passed" testListId="8c84fa94-04c1-424b-9868-57a2d4851a1d" relativeResultsDirectory="b62a59b1-955e-4793-8ea3-d8d2f02eed06" />
    <UnitTestResult executionId="a9e425c5-e341-4e25-9938-bdaa343fceb8" testId="827ea961-ea96-95f8-5698-27b5bb46d034" testName="HardwareInCWAOnWhiteList_ReplacedWithInheritance_HardwareOnWhiteList_MixedCWAAllowed_FewerChannelsOnReplacedHardware_NewHardwareInCWA" computerName="DKSR-EFI-04" duration="00:00:00.4727132" startTime="2023-12-22T09:35:30.4755953+01:00" endTime="2023-12-22T09:35:30.9443496+01:00" testType="13cdc9d9-ddb5-4fa4-a97d-d965ccfc6d4b" outcome="Passed" testListId="8c84fa94-04c1-424b-9868-57a2d4851a1d" relativeResultsDirectory="a9e425c5-e341-4e25-9938-bdaa343fceb8" />
    <UnitTestResult executionId="ab8de9f3-a7f6-440c-b98c-fc0366e17094" testId="130baa2c-76c2-e226-7ab3-1454505622e9" testName="HardwareScanTaskCommandHandler_Execute_RegisterSession_FailResponse" computerName="DKSR-EFI-04" duration="00:00:00.0009453" startTime="2023-12-22T09:36:20.1321108+01:00" endTime="2023-12-22T09:36:20.1321108+01:00" testType="13cdc9d9-ddb5-4fa4-a97d-d965ccfc6d4b" outcome="Passed" testListId="8c84fa94-04c1-424b-9868-57a2d4851a1d" relativeResultsDirectory="ab8de9f3-a7f6-440c-b98c-fc0366e17094" />
    <UnitTestResult executionId="e34d54cc-0cd6-4c4b-9db4-13241e0b570b" testId="49eb40eb-a024-8a51-ef96-32403d919364" testName="HardwareActivatedOnWhiteList_ReplacedWithInheritance_HardwareNotOnWhiteList_MixedCWAAllowed_SomeDevicesInCWA" computerName="DKSR-EFI-04" duration="00:00:00.4115718" startTime="2023-12-22T09:35:07.2254748+01:00" endTime="2023-12-22T09:35:07.6317275+01:00" testType="13cdc9d9-ddb5-4fa4-a97d-d965ccfc6d4b" outcome="Passed" testListId="8c84fa94-04c1-424b-9868-57a2d4851a1d" relativeResultsDirectory="e34d54cc-0cd6-4c4b-9db4-13241e0b570b" />
    <UnitTestResult executionId="2c894f8f-a21c-4faa-a9bb-5cb0b490a3ad" testId="b4e32be7-f876-d1d1-b34b-4d98d121b1bf" testName="AllocateLicenses_TwoMissingICPChannelLicenses_OnOneICPWithTwoCameras" computerName="DKSR-EFI-04" duration="00:00:00.0109951" startTime="2023-12-22T09:35:58.9132451+01:00" endTime="2023-12-22T09:35:58.9132451+01:00" testType="13cdc9d9-ddb5-4fa4-a97d-d965ccfc6d4b" outcome="Passed" testListId="8c84fa94-04c1-424b-9868-57a2d4851a1d" relativeResultsDirectory="2c894f8f-a21c-4faa-a9bb-5cb0b490a3ad">
      <Output>
        <StdOut>Debug Trace:&#xD;
Fail: Attribute value invalid. 'Index'&#xD;
Fail: Attribute value invalid. 'Index'</StdOut>
      </Output>
    </UnitTestResult>
    <UnitTestResult executionId="9e86cebf-100a-4fb7-8aac-284a448668c9" testId="d3253ca6-21d1-7884-e3fe-ff7043854449" testName="TemporaryLicense_SetChangesWithoutActivationToken_DateActivatedSuperiorToNow" computerName="DKSR-EFI-04" duration="00:00:00.0006914" startTime="2023-12-22T09:35:01.6941968+01:00" endTime="2023-12-22T09:35:01.7098214+01:00" testType="13cdc9d9-ddb5-4fa4-a97d-d965ccfc6d4b" outcome="Passed" testListId="8c84fa94-04c1-424b-9868-57a2d4851a1d" relativeResultsDirectory="9e86cebf-100a-4fb7-8aac-284a448668c9" />
    <UnitTestResult executionId="a09461e0-1cba-47ce-88dc-ed5647f6808c" testId="c33ffea1-3ab4-6e2f-fc40-218179c394c7" testName="HardwareInCWANotOnWhiteList_ReplacedWithInheritance_HardwareOnWhiteList_NoMoreCWAAllowed_MoreChannelsOnReplacedHardware_NewHardwareInGrace" computerName="DKSR-EFI-04" duration="00:00:00.2493504" startTime="2023-12-22T09:35:18.2099049+01:00" endTime="2023-12-22T09:35:18.4599073+01:00" testType="13cdc9d9-ddb5-4fa4-a97d-d965ccfc6d4b" outcome="Passed" testListId="8c84fa94-04c1-424b-9868-57a2d4851a1d" relativeResultsDirectory="a09461e0-1cba-47ce-88dc-ed5647f6808c" />
    <UnitTestResult executionId="1f46530f-5211-44b2-ad7a-d7d3eabb1bc9" testId="b8867a28-2ad7-151f-5f32-a239b8fa1db2" testName="SetHardwareNetworkSettingsCommandHandler_Execute_RecorderNotFound_ReturnsCorrectResponse" computerName="DKSR-EFI-04" duration="00:00:00.0013116" startTime="2023-12-22T09:36:28.1634016+01:00" endTime="2023-12-22T09:36:28.1634016+01:00" testType="13cdc9d9-ddb5-4fa4-a97d-d965ccfc6d4b" outcome="Passed" testListId="8c84fa94-04c1-424b-9868-57a2d4851a1d" relativeResultsDirectory="1f46530f-5211-44b2-ad7a-d7d3eabb1bc9" />
    <UnitTestResult executionId="3affdb5d-1a57-4aa4-a742-f1321c12195e" testId="668d6eca-ca1f-7173-3a79-4c824c393f53" testName="AnalyzeAndCreateAuditLogs_AddedSecurityPermissionsDeviceRowWithTimeBackward5Minutes_ReturnsTwoAuditLogsWithTimeBackwardMinutes" computerName="DKSR-EFI-04" duration="00:00:00.0047485" startTime="2023-12-22T09:36:17.3039705+01:00" endTime="2023-12-22T09:36:17.3039705+01:00" testType="13cdc9d9-ddb5-4fa4-a97d-d965ccfc6d4b" outcome="Passed" testListId="8c84fa94-04c1-424b-9868-57a2d4851a1d" relativeResultsDirectory="3affdb5d-1a57-4aa4-a742-f1321c12195e" />
    <UnitTestResult executionId="2ed3fc99-f0e9-4369-9593-bdbc2f29a1fa" testId="70819f6f-5238-c536-22d3-ac2077b9ee2f" testName="Simulate_FiveICPHardware_VariousDevices_DisableAndEnable_CountsCorrectly" computerName="DKSR-EFI-04" duration="00:00:01.9116171" startTime="2023-12-22T09:35:48.1631877+01:00" endTime="2023-12-22T09:35:50.0694496+01:00" testType="13cdc9d9-ddb5-4fa4-a97d-d965ccfc6d4b" outcome="Passed" testListId="8c84fa94-04c1-424b-9868-57a2d4851a1d" relativeResultsDirectory="2ed3fc99-f0e9-4369-9593-bdbc2f29a1fa" />
    <UnitTestResult executionId="311e0d7c-36fd-4ef3-b2a4-73b3eed9659c" testId="920c3954-dd74-38c8-0c02-f21c3952b39d" testName="HardwareInCWAOnWhiteList_ReplacedWithNoInheritance_HardwareOnWhiteList_CWAAllowed_FewerChannelsOnReplacedHardware_NewHardwareInCWA" computerName="DKSR-EFI-04" duration="00:00:00.3269913" startTime="2023-12-22T09:35:24.8818138+01:00" endTime="2023-12-22T09:35:25.2099408+01:00" testType="13cdc9d9-ddb5-4fa4-a97d-d965ccfc6d4b" outcome="Passed" testListId="8c84fa94-04c1-424b-9868-57a2d4851a1d" relativeResultsDirectory="311e0d7c-36fd-4ef3-b2a4-73b3eed9659c" />
    <UnitTestResult executionId="a83653b8-16f2-4039-8858-5e77ec2e91ba" testId="01ba1afa-e818-b818-2170-9b4ce82cecbf" testName="ChannelLicenseCountManager_CameraFeed_IsCameraFeedLicensed_Success" computerName="DKSR-EFI-04" duration="00:00:00.0030877" startTime="2023-12-22T09:35:59.0538686+01:00" endTime="2023-12-22T09:35:59.0538686+01:00" testType="13cdc9d9-ddb5-4fa4-a97d-d965ccfc6d4b" outcome="Passed" testListId="8c84fa94-04c1-424b-9868-57a2d4851a1d" relativeResultsDirectory="a83653b8-16f2-4039-8858-5e77ec2e91ba" />
    <UnitTestResult executionId="bf234546-23df-492d-8e12-44faf8df389f" testId="3e9c10e5-efb5-404e-2cad-31e6b7485e7c" testName="MoveHardwareTaskCommandHandler_Execute_DeviceEvidenceLocks_OnlyOnEdge_MasterDistribution" computerName="DKSR-EFI-04" duration="00:00:00.4412619" startTime="2023-12-22T09:36:22.5852435+01:00" endTime="2023-12-22T09:36:23.0383711+01:00" testType="13cdc9d9-ddb5-4fa4-a97d-d965ccfc6d4b" outcome="Passed" testListId="8c84fa94-04c1-424b-9868-57a2d4851a1d" relativeResultsDirectory="bf234546-23df-492d-8e12-44faf8df389f">
      <Output>
        <StdOut>Progress: 10&#xD;
Progress: 20&#xD;
Progress: 30&#xD;
Progress: 35&#xD;
Progress: 40&#xD;
Progress: 42&#xD;
Progress: 44&#xD;
Progress: 60&#xD;
Progress: 70&#xD;
Progress: 80&#xD;
Progress: 90&#xD;
Progress: 95&#xD;
Progress: 100</StdOut>
      </Output>
    </UnitTestResult>
    <UnitTestResult executionId="e9adf155-e2e0-47fc-88f7-d3a8e2809f75" testId="28c4446e-aad8-7185-ef96-d98e3c51ee97" testName="Get_TokenIsValid_ManagerCalledWithCorrectTokenOKReturned" computerName="DKSR-EFI-04" duration="00:00:00.0018039" startTime="2023-12-22T09:34:01.5220171+01:00" endTime="2023-12-22T09:34:01.5220171+01:00" testType="13cdc9d9-ddb5-4fa4-a97d-d965ccfc6d4b" outcome="Passed" testListId="8c84fa94-04c1-424b-9868-57a2d4851a1d" relativeResultsDirectory="e9adf155-e2e0-47fc-88f7-d3a8e2809f75" />
    <UnitTestResult executionId="08a2d2db-96c6-45ae-80ba-699d3dd66066" testId="8607fe93-52c9-ae96-1d64-5819d9cc59cb" testName="UpdateDriver_ModelIsValid_CommandExecuted" computerName="DKSR-EFI-04" duration="00:00:00.0102280" startTime="2023-12-22T09:34:01.1157648+01:00" endTime="2023-12-22T09:34:01.1313890+01:00" testType="13cdc9d9-ddb5-4fa4-a97d-d965ccfc6d4b" outcome="Passed" testListId="8c84fa94-04c1-424b-9868-57a2d4851a1d" relativeResultsDirectory="08a2d2db-96c6-45ae-80ba-699d3dd66066" />
    <UnitTestResult executionId="b7aa7113-e702-43db-9a81-1ba3cda18488" testId="c26036cb-f9a2-ec0b-8640-2471e542dc8b" testName="HardwareScanProgressResponse_ModelIsValid_CommandExecuted" computerName="DKSR-EFI-04" duration="00:00:00.0010724" startTime="2023-12-22T09:34:00.9282655+01:00" endTime="2023-12-22T09:34:00.9282655+01:00" testType="13cdc9d9-ddb5-4fa4-a97d-d965ccfc6d4b" outcome="Passed" testListId="8c84fa94-04c1-424b-9868-57a2d4851a1d" relativeResultsDirectory="b7aa7113-e702-43db-9a81-1ba3cda18488" />
    <UnitTestResult executionId="42360418-9dff-40f7-9b64-faacc0666bb1" testId="29262fbc-e929-4761-ebd6-59dea368b6f8" testName="PtzReserveSessionResponse_ModelIsValid_CommandExecuted" computerName="DKSR-EFI-04" duration="00:00:00.0016236" startTime="2023-12-22T09:34:00.9438894+01:00" endTime="2023-12-22T09:34:00.9595149+01:00" testType="13cdc9d9-ddb5-4fa4-a97d-d965ccfc6d4b" outcome="Passed" testListId="8c84fa94-04c1-424b-9868-57a2d4851a1d" relativeResultsDirectory="42360418-9dff-40f7-9b64-faacc0666bb1" />
    <UnitTestResult executionId="13064f1d-6b3c-4200-9244-190aa4961191" testId="0a178ecc-ed8c-7395-1e0e-eb01af654dfd" testName="Dispose_StopsATimer" computerName="DKSR-EFI-04" duration="00:00:00.0037071" startTime="2023-12-22T09:36:08.1007933+01:00" endTime="2023-12-22T09:36:08.1164197+01:00" testType="13cdc9d9-ddb5-4fa4-a97d-d965ccfc6d4b" outcome="Passed" testListId="8c84fa94-04c1-424b-9868-57a2d4851a1d" relativeResultsDirectory="13064f1d-6b3c-4200-9244-190aa4961191" />
    <UnitTestResult executionId="be942b78-19de-47e9-8fd6-71f239ea655e" testId="dfc647d8-e7b7-3363-85d0-981b7c564f36" testName="CheckSecurityDataSetTest_NotLicensedPass" computerName="DKSR-EFI-04" duration="00:00:00.0016432" startTime="2023-12-22T09:35:59.5226248+01:00" endTime="2023-12-22T09:35:59.5226248+01:00" testType="13cdc9d9-ddb5-4fa4-a97d-d965ccfc6d4b" outcome="Passed" testListId="8c84fa94-04c1-424b-9868-57a2d4851a1d" relativeResultsDirectory="be942b78-19de-47e9-8fd6-71f239ea655e" />
    <UnitTestResult executionId="2fc87ba9-f9c2-4709-997d-7be1cfd6d0f7" testId="8ee9e6d7-7345-e79f-5e97-9bf89699dd46" testName="ProcessConfigurationChangeTasks_UpdateInsertInsert__Inserts_Batched" computerName="DKSR-EFI-04" duration="00:00:00.0849328" startTime="2023-12-22T09:34:24.1627556+01:00" endTime="2023-12-22T09:34:24.2565053+01:00" testType="13cdc9d9-ddb5-4fa4-a97d-d965ccfc6d4b" outcome="Passed" testListId="8c84fa94-04c1-424b-9868-57a2d4851a1d" relativeResultsDirectory="2fc87ba9-f9c2-4709-997d-7be1cfd6d0f7" />
    <UnitTestResult executionId="011438cc-483c-49b1-9244-381066b7f00f" testId="00acff8b-2ccb-eea5-ee25-96f94758bef2" testName="AllocateLicenses_2ICPHardware15ChannelsAnd0NormalHardwareWith10ActivatedICP_ShouldGet5GraceICP_On20ICPLicenses" computerName="DKSR-EFI-04" duration="00:00:00.1631649" startTime="2023-12-22T09:35:42.1319041+01:00" endTime="2023-12-22T09:35:42.2881577+01:00" testType="13cdc9d9-ddb5-4fa4-a97d-d965ccfc6d4b" outcome="Passed" testListId="8c84fa94-04c1-424b-9868-57a2d4851a1d" relativeResultsDirectory="011438cc-483c-49b1-9244-381066b7f00f" />
    <UnitTestResult executionId="9eec0acd-a98b-4af2-9e0b-4703575537a4" testId="acdd8036-a569-4967-aca8-9ca5ad084fad" testName="CheckExternalRecorderRegistrationCommandHandler_Execute_ThrowsIfGivenWrongCommandOrNullParameters" computerName="DKSR-EFI-04" duration="00:00:00.0100591" startTime="2023-12-22T09:36:16.4445852+01:00" endTime="2023-12-22T09:36:16.4602110+01:00" testType="13cdc9d9-ddb5-4fa4-a97d-d965ccfc6d4b" outcome="Passed" testListId="8c84fa94-04c1-424b-9868-57a2d4851a1d" relativeResultsDirectory="9eec0acd-a98b-4af2-9e0b-4703575537a4">
      <Output>
        <StdOut>Debug Trace:&#xD;
Fail: Command/Command handler type mismatch&#xD;
Fail: Command/Command handler type mismatch&#xD;
Fail: The command handler expect an object that implements ICallContextInfo in the state parameter&#xD;
Fail: The command handler expect an object that implements IResponseSink in the responseSink parameter</StdOut>
      </Output>
    </UnitTestResult>
    <UnitTestResult executionId="df28cf5d-8784-488b-9c59-571fc4f857ab" testId="45b8d6af-6bf6-4d13-db5b-d6931f924402" testName="RecorderTaskFailed_RecorderNotFoundException_Handled" computerName="DKSR-EFI-04" duration="00:00:00.0006832" startTime="2023-12-22T09:34:00.6157609+01:00" endTime="2023-12-22T09:34:00.6313863+01:00" testType="13cdc9d9-ddb5-4fa4-a97d-d965ccfc6d4b" outcome="Passed" testListId="8c84fa94-04c1-424b-9868-57a2d4851a1d" relativeResultsDirectory="df28cf5d-8784-488b-9c59-571fc4f857ab" />
    <UnitTestResult executionId="aaaf82b4-8708-4a3a-b5da-d5ab3aac53b7" testId="719fb9f8-861a-97b6-e205-091e10abbe96" testName="MultiSite_ChannelBased_DifferentHardwareAndDevicesOn2Recorders_OneHwWhitelistedOneNotWhitelisted_ConsumesNoExtraLicenses" computerName="DKSR-EFI-04" duration="00:00:00.2490434" startTime="2023-12-22T09:35:55.3194751+01:00" endTime="2023-12-22T09:35:55.5694768+01:00" testType="13cdc9d9-ddb5-4fa4-a97d-d965ccfc6d4b" outcome="Passed" testListId="8c84fa94-04c1-424b-9868-57a2d4851a1d" relativeResultsDirectory="aaaf82b4-8708-4a3a-b5da-d5ab3aac53b7" />
    <UnitTestResult executionId="c943b8ac-fa0e-4a8f-a205-e3510cfca963" testId="87f45eb2-1120-98d3-51fa-1e1456e20576" testName="CheckForAutomaticActivationTrigger_ReturnsFalse_OnOtherChanges" computerName="DKSR-EFI-04" duration="00:00:00.0024422" startTime="2023-12-22T09:36:16.1633348+01:00" endTime="2023-12-22T09:36:16.1789587+01:00" testType="13cdc9d9-ddb5-4fa4-a97d-d965ccfc6d4b" outcome="Passed" testListId="8c84fa94-04c1-424b-9868-57a2d4851a1d" relativeResultsDirectory="c943b8ac-fa0e-4a8f-a205-e3510cfca963" />
    <UnitTestResult executionId="a373b1db-638d-472e-828f-4b2aa78a6972" testId="cc79f523-9288-951f-b06e-dbed85cadcb2" testName="AllocateLicensesNotActivated_OneHardware_TwoCameras_OneLicense_ValidateFirstCameraDevicesIsLicensedAndSecondIsUnlicensed" computerName="DKSR-EFI-04" duration="00:00:00.0725452" startTime="2023-12-22T09:35:37.2100026+01:00" endTime="2023-12-22T09:35:37.2725060+01:00" testType="13cdc9d9-ddb5-4fa4-a97d-d965ccfc6d4b" outcome="Passed" testListId="8c84fa94-04c1-424b-9868-57a2d4851a1d" relativeResultsDirectory="a373b1db-638d-472e-828f-4b2aa78a6972" />
    <UnitTestResult executionId="8028d0cd-1604-4de4-ba9f-3574dbe5750e" testId="d521a624-98c8-ffd7-d23b-ccfcf889cbc2" testName="RegisterRecorder_NoRecorderWorkTime_ServiceUnavailableResponseWithRetryAfter" computerName="DKSR-EFI-04" duration="00:00:00.0007396" startTime="2023-12-22T09:34:01.2720135+01:00" endTime="2023-12-22T09:34:01.2720135+01:00" testType="13cdc9d9-ddb5-4fa4-a97d-d965ccfc6d4b" outcome="Passed" testListId="8c84fa94-04c1-424b-9868-57a2d4851a1d" relativeResultsDirectory="8028d0cd-1604-4de4-ba9f-3574dbe5750e" />
    <UnitTestResult executionId="922e5f1e-f237-4be9-bd03-8c4956466344" testId="1fa47bbe-7db1-0e40-1679-648ec26ea253" testName="TaskHandling_ProcessUpdateDiffgram_Hardware_Enable" computerName="DKSR-EFI-04" duration="00:00:00.0087165" startTime="2023-12-22T09:34:31.7565430+01:00" endTime="2023-12-22T09:34:31.7721671+01:00" testType="13cdc9d9-ddb5-4fa4-a97d-d965ccfc6d4b" outcome="Passed" testListId="8c84fa94-04c1-424b-9868-57a2d4851a1d" relativeResultsDirectory="922e5f1e-f237-4be9-bd03-8c4956466344" />
    <UnitTestResult executionId="e8f13337-4d92-4682-9165-1e8a402116fc" testId="90eb3298-5792-97a1-e3da-cb1f4350789b" testName="HardwareActivatedOnWhiteList_ReplacedWithNoInheritance_HardwareNotOnWhiteList_MixedCWAAllowed_SomeDevicesInCWA" computerName="DKSR-EFI-04" duration="00:00:00.3665702" startTime="2023-12-22T09:35:04.4129575+01:00" endTime="2023-12-22T09:35:04.7723365+01:00" testType="13cdc9d9-ddb5-4fa4-a97d-d965ccfc6d4b" outcome="Passed" testListId="8c84fa94-04c1-424b-9868-57a2d4851a1d" relativeResultsDirectory="e8f13337-4d92-4682-9165-1e8a402116fc" />
    <UnitTestResult executionId="e0c9f1b7-5f39-4134-a24e-2d9b8d854594" testId="120423aa-ffa7-c6d1-0ff1-5c8f308a41d1" testName="Ctor_LogConfigNull_ThrowsArgumentNullException" computerName="DKSR-EFI-04" duration="00:00:00.0118466" startTime="2023-12-22T09:34:53.9441571+01:00" endTime="2023-12-22T09:34:53.9441571+01:00" testType="13cdc9d9-ddb5-4fa4-a97d-d965ccfc6d4b" outcome="Passed" testListId="8c84fa94-04c1-424b-9868-57a2d4851a1d" relativeResultsDirectory="e0c9f1b7-5f39-4134-a24e-2d9b8d854594" />
    <UnitTestResult executionId="85731e08-0b63-4305-9d19-3e2b8eb3fdaf" testId="72cc7bae-2eb8-2914-d69b-6c5c4b0f01b9" testName="HardwareLicense_GetExpireDate_NoneExistingItem_Returns_MinDate" computerName="DKSR-EFI-04" duration="00:00:00.0004029" startTime="2023-12-22T09:36:15.6633320+01:00" endTime="2023-12-22T09:36:15.6633320+01:00" testType="13cdc9d9-ddb5-4fa4-a97d-d965ccfc6d4b" outcome="Passed" testListId="8c84fa94-04c1-424b-9868-57a2d4851a1d" relativeResultsDirectory="85731e08-0b63-4305-9d19-3e2b8eb3fdaf" />
    <UnitTestResult executionId="469e5fff-62fc-4554-92f7-2691143c3c9c" testId="41b0d6a6-4a5c-1637-6902-b979ccb484fa" testName="AsyncTaskMonitor_Timeout" computerName="DKSR-EFI-04" duration="00:00:05.2012588" startTime="2023-12-22T09:34:02.6157710+01:00" endTime="2023-12-22T09:34:07.8189227+01:00" testType="13cdc9d9-ddb5-4fa4-a97d-d965ccfc6d4b" outcome="Passed" testListId="8c84fa94-04c1-424b-9868-57a2d4851a1d" relativeResultsDirectory="469e5fff-62fc-4554-92f7-2691143c3c9c" />
    <UnitTestResult executionId="71c471a2-8e1e-4a44-be7b-b5b00e3763df" testId="b4c91d6c-8794-a409-2700-e0378bc7c9c2" testName="AllocateLicenses_CreateCamera_5Channels_ActivateLicensePlacingHardwareOnWhiteList_VerifyCountGoesFrom5To1" computerName="DKSR-EFI-04" duration="00:00:00.1065373" startTime="2023-12-22T09:35:37.6787550+01:00" endTime="2023-12-22T09:35:37.7881329+01:00" testType="13cdc9d9-ddb5-4fa4-a97d-d965ccfc6d4b" outcome="Passed" testListId="8c84fa94-04c1-424b-9868-57a2d4851a1d" relativeResultsDirectory="71c471a2-8e1e-4a44-be7b-b5b00e3763df" />
    <UnitTestResult executionId="b9838dc5-7a66-473c-82d7-b77293d561a9" testId="917c91b6-467c-6f54-7bd6-727983952c45" testName="FirmwareUpgradeTaskCommandHandler_Execute_Succeeded" computerName="DKSR-EFI-04" duration="00:00:00.0288837" startTime="2023-12-22T09:36:19.6477291+01:00" endTime="2023-12-22T09:36:19.6789810+01:00" testType="13cdc9d9-ddb5-4fa4-a97d-d965ccfc6d4b" outcome="Passed" testListId="8c84fa94-04c1-424b-9868-57a2d4851a1d" relativeResultsDirectory="b9838dc5-7a66-473c-82d7-b77293d561a9" />
    <UnitTestResult executionId="7a07f4c0-016c-4092-8af7-89a0be615545" testId="bb5a8254-7143-4f04-4125-1f3496dadd8f" testName="EvidenceLockOnOldRecorderCommandHandlerTests_NoReorders" computerName="DKSR-EFI-04" duration="00:00:00.0201433" startTime="2023-12-22T09:36:18.6477257+01:00" endTime="2023-12-22T09:36:18.6789758+01:00" testType="13cdc9d9-ddb5-4fa4-a97d-d965ccfc6d4b" outcome="Passed" testListId="8c84fa94-04c1-424b-9868-57a2d4851a1d" relativeResultsDirectory="7a07f4c0-016c-4092-8af7-89a0be615545" />
    <UnitTestResult executionId="5da0188f-590f-40e5-b158-ffc68f1060ad" testId="87263014-5977-304d-a6cb-58774dbc7b92" testName="Validate_FirstGraceExpireShown_WithWhiteListedAndNonWhitelistedHardwareOnly_PostAllocation_Success" computerName="DKSR-EFI-04" duration="00:00:00.0735142" startTime="2023-12-22T09:36:00.9913809+01:00" endTime="2023-12-22T09:36:01.0695065+01:00" testType="13cdc9d9-ddb5-4fa4-a97d-d965ccfc6d4b" outcome="Passed" testListId="8c84fa94-04c1-424b-9868-57a2d4851a1d" relativeResultsDirectory="5da0188f-590f-40e5-b158-ffc68f1060ad" />
    <UnitTestResult executionId="6a933f1b-464a-4ce2-b021-492a75f04fc1" testId="4c537747-11b0-c6e1-78d0-3b3f28050562" testName="ChannelLicenseCountManager_CameraFeed_GetFirstCameraFeedDeviceIndex_Success" computerName="DKSR-EFI-04" duration="00:00:00.0007978" startTime="2023-12-22T09:35:59.0382455+01:00" endTime="2023-12-22T09:35:59.0382455+01:00" testType="13cdc9d9-ddb5-4fa4-a97d-d965ccfc6d4b" outcome="Passed" testListId="8c84fa94-04c1-424b-9868-57a2d4851a1d" relativeResultsDirectory="6a933f1b-464a-4ce2-b021-492a75f04fc1" />
    <UnitTestResult executionId="a9bd4cad-7222-4293-8382-002f29f45cdb" testId="c918a289-b8c4-3d87-ad07-c7a95f5d7ee9" testName="AddUnlicensedHardware_AddSameHardwareTwice_ReturnsTrue" computerName="DKSR-EFI-04" duration="00:00:00.0003542" startTime="2023-12-22T09:36:15.7414569+01:00" endTime="2023-12-22T09:36:15.7414569+01:00" testType="13cdc9d9-ddb5-4fa4-a97d-d965ccfc6d4b" outcome="Passed" testListId="8c84fa94-04c1-424b-9868-57a2d4851a1d" relativeResultsDirectory="a9bd4cad-7222-4293-8382-002f29f45cdb" />
    <UnitTestResult executionId="18dc4f34-7dfe-4ee8-9018-3fc59b9b479b" testId="69fd376d-0cb0-8ca7-8db2-ffddc7854439" testName="ReplaceHardwareCommandHandler_Execute_ReplaceHardware_StreamRemoved_EnsuresValidStreamsAndTracksConfiguration" computerName="DKSR-EFI-04" duration="00:00:00.2785477" startTime="2023-12-22T09:36:27.6946503+01:00" endTime="2023-12-22T09:36:27.9758982+01:00" testType="13cdc9d9-ddb5-4fa4-a97d-d965ccfc6d4b" outcome="Passed" testListId="8c84fa94-04c1-424b-9868-57a2d4851a1d" relativeResultsDirectory="18dc4f34-7dfe-4ee8-9018-3fc59b9b479b" />
    <UnitTestResult executionId="de0d7d41-210d-4f34-bd07-b1e054005267" testId="64909267-7858-2c7e-6ca5-58a8ad48f31c" testName="DeviceDataDistributionManager_CleanupAll_Success_QueryRecorderToNotifyReturnGuidEmpty" computerName="DKSR-EFI-04" duration="00:00:00.0012076" startTime="2023-12-22T09:33:57.0844946+01:00" endTime="2023-12-22T09:33:57.0844946+01:00" testType="13cdc9d9-ddb5-4fa4-a97d-d965ccfc6d4b" outcome="Passed" testListId="8c84fa94-04c1-424b-9868-57a2d4851a1d" relativeResultsDirectory="de0d7d41-210d-4f34-bd07-b1e054005267" />
    <UnitTestResult executionId="aa58f664-49ea-409e-a95c-bdf27e88d735" testId="91597cb0-6a24-dca7-d61a-feb94222cbdb" testName="MoveHardwareTaskCommandHandler_Execute_SourceRecorder_Connected_And_Ignored_FailResponse" computerName="DKSR-EFI-04" duration="00:00:00.0019944" startTime="2023-12-22T09:36:24.8665051+01:00" endTime="2023-12-22T09:36:24.8665051+01:00" testType="13cdc9d9-ddb5-4fa4-a97d-d965ccfc6d4b" outcome="Passed" testListId="8c84fa94-04c1-424b-9868-57a2d4851a1d" relativeResultsDirectory="aa58f664-49ea-409e-a95c-bdf27e88d735" />
    <UnitTestResult executionId="8ed111c2-a0f2-46ef-861b-7589fe9e129e" testId="f538c1e2-d720-b824-52f9-f50d168cf0f7" testName="AllocateLicenses_HasOneUnlicensed_OnFourHardwareTwoLicensedOneGraceAndThreeAvailableLicenses" computerName="DKSR-EFI-04" duration="00:00:00.0264235" startTime="2023-12-22T09:35:58.8194953+01:00" endTime="2023-12-22T09:35:58.8507446+01:00" testType="13cdc9d9-ddb5-4fa4-a97d-d965ccfc6d4b" outcome="Passed" testListId="8c84fa94-04c1-424b-9868-57a2d4851a1d" relativeResultsDirectory="8ed111c2-a0f2-46ef-861b-7589fe9e129e">
      <Output>
        <StdOut>Debug Trace:&#xD;
Fail: Attribute value invalid. 'Index'&#xD;
Fail: Attribute value invalid. 'Index'&#xD;
Fail: Attribute value invalid. 'Index'&#xD;
Fail: Attribute value invalid. 'Index'&#xD;
Fail: Attribute value invalid. 'Index'</StdOut>
      </Output>
    </UnitTestResult>
    <UnitTestResult executionId="1bd0f4ab-3fac-49ec-9f83-2a6ebda69d10" testId="112f4274-43f8-b7e3-b813-36e3adf5ec62" testName="WriteRecordingServerInformation_InvalidParameter_MacAddress_Null_ThrowsArgumentNullException" computerName="DKSR-EFI-04" duration="00:00:00.0027945" startTime="2023-12-22T09:36:15.0383314+01:00" endTime="2023-12-22T09:36:15.0539550+01:00" testType="13cdc9d9-ddb5-4fa4-a97d-d965ccfc6d4b" outcome="Passed" testListId="8c84fa94-04c1-424b-9868-57a2d4851a1d" relativeResultsDirectory="1bd0f4ab-3fac-49ec-9f83-2a6ebda69d10" />
    <UnitTestResult executionId="7d3ab251-75f0-4b4e-82bb-0ca3fdc33f8b" testId="1b439133-96ac-fe64-6460-a93e04107cf2" testName="ValidateParameter_AllowedChangesBelowActivation_LessThanZero_Expect_ArgumentOutOfRangeException" computerName="DKSR-EFI-04" duration="00:00:00.1494287" startTime="2023-12-22T09:35:35.7412471+01:00" endTime="2023-12-22T09:35:35.8818733+01:00" testType="13cdc9d9-ddb5-4fa4-a97d-d965ccfc6d4b" outcome="Passed" testListId="8c84fa94-04c1-424b-9868-57a2d4851a1d" relativeResultsDirectory="7d3ab251-75f0-4b4e-82bb-0ca3fdc33f8b" />
    <UnitTestResult executionId="11cd57f6-5094-4f01-bd67-32ae37de1efc" testId="59bd9a29-336e-e552-a7b2-47cceba0708d" testName="Find_NonICPHardware_ThatIsInGrace_ExpectedToFindOnehardwareWithGraceDevice" computerName="DKSR-EFI-04" duration="00:00:00.0024683" startTime="2023-12-22T09:36:15.7727069+01:00" endTime="2023-12-22T09:36:15.7727069+01:00" testType="13cdc9d9-ddb5-4fa4-a97d-d965ccfc6d4b" outcome="Passed" testListId="8c84fa94-04c1-424b-9868-57a2d4851a1d" relativeResultsDirectory="11cd57f6-5094-4f01-bd67-32ae37de1efc" />
    <UnitTestResult executionId="16d60989-b48c-4072-a096-a84cc2d1090b" testId="33d67a72-9c14-ed11-25ce-add97b012285" testName="DeviceDataDistributionManager_CleanupAll_QueryDeviceDataDistributionThrowsGenericSqlException_Handled" computerName="DKSR-EFI-04" duration="00:00:00.0006207" startTime="2023-12-22T09:33:57.1313701+01:00" endTime="2023-12-22T09:33:57.1313701+01:00" testType="13cdc9d9-ddb5-4fa4-a97d-d965ccfc6d4b" outcome="Passed" testListId="8c84fa94-04c1-424b-9868-57a2d4851a1d" relativeResultsDirectory="16d60989-b48c-4072-a096-a84cc2d1090b" />
    <UnitTestResult executionId="f0c3bd6a-6756-440a-9953-9af9fa591199" testId="dd22f5da-b4c6-bd77-4647-4478909c740f" testName="SetupInitialHardwareUserCommandHandler_Constructor_ThrowsIfParameterNull" computerName="DKSR-EFI-04" duration="00:00:00.0053950" startTime="2023-12-22T09:36:28.1790271+01:00" endTime="2023-12-22T09:36:28.1946501+01:00" testType="13cdc9d9-ddb5-4fa4-a97d-d965ccfc6d4b" outcome="Passed" testListId="8c84fa94-04c1-424b-9868-57a2d4851a1d" relativeResultsDirectory="f0c3bd6a-6756-440a-9953-9af9fa591199">
      <Output>
        <StdOut>Debug Trace:&#xD;
Fail: Argument null</StdOut>
      </Output>
    </UnitTestResult>
    <UnitTestResult executionId="82999c32-98a7-4d04-96be-b3dab3d68979" testId="eb2612ac-8d6d-4d65-558d-64fe1b7124ea" testName="HardwareInCWAOnWhiteList_ReplacedWithInheritance_HardwareNotOnWhiteList_NoMoreCWAAllowed_FewerChannelsOnReplacedHardware_NewDevicesInGrace" computerName="DKSR-EFI-04" duration="00:00:00.3808298" startTime="2023-12-22T09:35:17.6317799+01:00" endTime="2023-12-22T09:35:18.0067804+01:00" testType="13cdc9d9-ddb5-4fa4-a97d-d965ccfc6d4b" outcome="Passed" testListId="8c84fa94-04c1-424b-9868-57a2d4851a1d" relativeResultsDirectory="82999c32-98a7-4d04-96be-b3dab3d68979" />
    <UnitTestResult executionId="93c6a368-b36f-46e6-ac22-0fcb24ab79fa" testId="84a51335-f07d-f7b2-f044-69ed7678f206" testName="SetupInitialHardwareUserCommandHandler_Execute_ThrowsIfGivenWrongCommandOrNullParameters" computerName="DKSR-EFI-04" duration="00:00:00.0094486" startTime="2023-12-22T09:36:28.1946501+01:00" endTime="2023-12-22T09:36:28.1946501+01:00" testType="13cdc9d9-ddb5-4fa4-a97d-d965ccfc6d4b" outcome="Passed" testListId="8c84fa94-04c1-424b-9868-57a2d4851a1d" relativeResultsDirectory="93c6a368-b36f-46e6-ac22-0fcb24ab79fa">
      <Output>
        <StdOut>Debug Trace:&#xD;
Fail: Command/Command handler type mismatch&#xD;
Fail: Command/Command handler type mismatch&#xD;
Fail: The command handler expect an object that implements ICallContextInfo in the state parameter&#xD;
Fail: The command handler expect an object that implements IResponseSink in the responseSink parameter</StdOut>
      </Output>
    </UnitTestResult>
    <UnitTestResult executionId="fec5f523-8c11-4922-870f-acc4381fb618" testId="43ecbd95-9eb9-368b-396d-9191fd04475f" testName="LastAutomaticActivationErrorMessage_Null_OnSuccessfulActivation" computerName="DKSR-EFI-04" duration="00:00:00.0001399" startTime="2023-12-22T09:35:01.6473228+01:00" endTime="2023-12-22T09:35:01.6473228+01:00" testType="13cdc9d9-ddb5-4fa4-a97d-d965ccfc6d4b" outcome="Passed" testListId="8c84fa94-04c1-424b-9868-57a2d4851a1d" relativeResultsDirectory="fec5f523-8c11-4922-870f-acc4381fb618" />
    <UnitTestResult executionId="83862293-9722-40ea-966b-a7e9066e4147" testId="4a042a40-867b-e45d-cc91-1c1f3ec0c326" testName="LicenseDeviceRow_Validate_DeletedRowCanBeReinstated_ChangesNotAccepted_Success" computerName="DKSR-EFI-04" duration="00:00:00.0008694" startTime="2023-12-22T09:35:59.4601233+01:00" endTime="2023-12-22T09:35:59.4601233+01:00" testType="13cdc9d9-ddb5-4fa4-a97d-d965ccfc6d4b" outcome="Passed" testListId="8c84fa94-04c1-424b-9868-57a2d4851a1d" relativeResultsDirectory="83862293-9722-40ea-966b-a7e9066e4147" />
    <UnitTestResult executionId="12da27aa-c43b-4068-adf2-9c7dc8205a7e" testId="06369c13-5206-803d-d260-27c984790673" testName="UpdateLicense_AllocatesOneLicense_OnSameHwOnTwoRecordingServers_WithFirstEmptyAndSecondActivated" computerName="DKSR-EFI-04" duration="00:00:00.0957157" startTime="2023-12-22T09:36:09.6945521+01:00" endTime="2023-12-22T09:36:09.7883045+01:00" testType="13cdc9d9-ddb5-4fa4-a97d-d965ccfc6d4b" outcome="Passed" testListId="8c84fa94-04c1-424b-9868-57a2d4851a1d" relativeResultsDirectory="12da27aa-c43b-4068-adf2-9c7dc8205a7e" />
    <UnitTestResult executionId="e3a8a70a-3000-442e-9466-a96dcbd04425" testId="359fff84-37cd-cbf2-c40f-cab0519a05a2" testName="SessionDataManager_StoreAndCleanup_Success" computerName="DKSR-EFI-04" duration="00:00:07.0025927" startTime="2023-12-22T09:34:24.6627586+01:00" endTime="2023-12-22T09:34:31.6784174+01:00" testType="13cdc9d9-ddb5-4fa4-a97d-d965ccfc6d4b" outcome="Passed" testListId="8c84fa94-04c1-424b-9868-57a2d4851a1d" relativeResultsDirectory="e3a8a70a-3000-442e-9466-a96dcbd04425" />
    <UnitTestResult executionId="808bc410-18cc-47a0-a57f-8b04c1340848" testId="e2b07ca1-2786-6047-9ede-03d77dddb270" testName="HardwareInCWANotOnWhiteList_ReplacedWithInheritance_HardwareNotOnWhiteList_NoMoreCWAAllowed_MoreChannelsOnReplacedHardware_NewDevicesInGrace" computerName="DKSR-EFI-04" duration="00:00:00.1794044" startTime="2023-12-22T09:35:16.0380430+01:00" endTime="2023-12-22T09:35:16.2098962+01:00" testType="13cdc9d9-ddb5-4fa4-a97d-d965ccfc6d4b" outcome="Passed" testListId="8c84fa94-04c1-424b-9868-57a2d4851a1d" relativeResultsDirectory="808bc410-18cc-47a0-a57f-8b04c1340848" />
    <UnitTestResult executionId="ac0eef34-f10c-4473-96b4-a241b1058fb5" testId="b2b84e0f-7a42-e121-7c85-d420a429a320" testName="GetCompleteConfiguration_ModelNull_BadRequest" computerName="DKSR-EFI-04" duration="00:00:00.0080197" startTime="2023-12-22T09:33:58.1782515+01:00" endTime="2023-12-22T09:33:58.1782515+01:00" testType="13cdc9d9-ddb5-4fa4-a97d-d965ccfc6d4b" outcome="Passed" testListId="8c84fa94-04c1-424b-9868-57a2d4851a1d" relativeResultsDirectory="ac0eef34-f10c-4473-96b4-a241b1058fb5" />
    <UnitTestResult executionId="b89b6290-26f3-4818-bfc0-6539365218bc" testId="b7373cf3-1c5f-f7ab-d64e-4cafcd566aac" testName="AsyncTaskMonitor_TaskThrows_HandlesGracefully" computerName="DKSR-EFI-04" duration="00:00:05.1529072" startTime="2023-12-22T09:34:07.8189227+01:00" endTime="2023-12-22T09:34:12.9752011+01:00" testType="13cdc9d9-ddb5-4fa4-a97d-d965ccfc6d4b" outcome="Passed" testListId="8c84fa94-04c1-424b-9868-57a2d4851a1d" relativeResultsDirectory="b89b6290-26f3-4818-bfc0-6539365218bc" />
    <UnitTestResult executionId="43fa4bcc-6bae-495d-a241-3029110e07d7" testId="7c83b5b0-56f2-13fb-8e69-168095957464" testName="SetHardwareNetworkSettingsCommandHandler_Execute_Success" computerName="DKSR-EFI-04" duration="00:00:00.0032320" startTime="2023-12-22T09:36:28.1477758+01:00" endTime="2023-12-22T09:36:28.1477758+01:00" testType="13cdc9d9-ddb5-4fa4-a97d-d965ccfc6d4b" outcome="Passed" testListId="8c84fa94-04c1-424b-9868-57a2d4851a1d" relativeResultsDirectory="43fa4bcc-6bae-495d-a241-3029110e07d7" />
    <UnitTestResult executionId="c6c5cdb4-aee2-4993-aa06-69ce06a04fd3" testId="4edb745b-4b4d-b8b2-ec92-d585f82d95b2" testName="ErrorResponse_ModelIsValid_CommandExecuted" computerName="DKSR-EFI-04" duration="00:00:00.0014897" startTime="2023-12-22T09:34:00.8813882+01:00" endTime="2023-12-22T09:34:00.8813882+01:00" testType="13cdc9d9-ddb5-4fa4-a97d-d965ccfc6d4b" outcome="Passed" testListId="8c84fa94-04c1-424b-9868-57a2d4851a1d" relativeResultsDirectory="c6c5cdb4-aee2-4993-aa06-69ce06a04fd3" />
    <UnitTestResult executionId="a4a8bbd5-858e-44ca-8ce5-cebd10b9ecfd" testId="fd9025a8-52cf-f193-614f-39981499d049" testName="LicenseCountManager_CameraFeed_IsCameraFeedLicensed_Success" computerName="DKSR-EFI-04" duration="00:00:00.0023899" startTime="2023-12-22T09:35:59.3507472+01:00" endTime="2023-12-22T09:35:59.3507472+01:00" testType="13cdc9d9-ddb5-4fa4-a97d-d965ccfc6d4b" outcome="Passed" testListId="8c84fa94-04c1-424b-9868-57a2d4851a1d" relativeResultsDirectory="a4a8bbd5-858e-44ca-8ce5-cebd10b9ecfd" />
    <UnitTestResult executionId="c4006159-509e-4ce0-8ede-0f74ab18636d" testId="b64645d4-8b95-5488-34aa-41460668b3ee" testName="GetHardwareUsersCommandHandler_Constructor_ParameterNull_Throws" computerName="DKSR-EFI-04" duration="00:00:00.0023375" startTime="2023-12-22T09:36:19.7571056+01:00" endTime="2023-12-22T09:36:19.7571056+01:00" testType="13cdc9d9-ddb5-4fa4-a97d-d965ccfc6d4b" outcome="Passed" testListId="8c84fa94-04c1-424b-9868-57a2d4851a1d" relativeResultsDirectory="c4006159-509e-4ce0-8ede-0f74ab18636d" />
    <UnitTestResult executionId="02a4f4f7-5feb-4d0d-9b92-b7cb99552ff7" testId="d8f7e6aa-6f47-5e60-ef5d-ae788dc5b1b3" testName="HardwareActivatedNotOnWhiteList_ReplacedWithInheritance_HardwareNotOnWhiteList_DifferentCameraChannelsInCWA" computerName="DKSR-EFI-04" duration="00:00:00.1372095" startTime="2023-12-22T09:35:33.1318605+01:00" endTime="2023-12-22T09:35:33.2568597+01:00" testType="13cdc9d9-ddb5-4fa4-a97d-d965ccfc6d4b" outcome="Passed" testListId="8c84fa94-04c1-424b-9868-57a2d4851a1d" relativeResultsDirectory="02a4f4f7-5feb-4d0d-9b92-b7cb99552ff7" />
    <UnitTestResult executionId="029942ee-2cc1-45dc-aa50-99072c435ffd" testId="b2db2538-b072-4613-6c1f-0d2570bcfec3" testName="EvidenceLockUpdateScheduler_Constructor_Null_ThrowsArgumentNullException" computerName="DKSR-EFI-04" duration="00:00:00.0177267" startTime="2023-12-22T09:33:57.7719983+01:00" endTime="2023-12-22T09:33:57.7876233+01:00" testType="13cdc9d9-ddb5-4fa4-a97d-d965ccfc6d4b" outcome="Passed" testListId="8c84fa94-04c1-424b-9868-57a2d4851a1d" relativeResultsDirectory="029942ee-2cc1-45dc-aa50-99072c435ffd">
      <Output>
        <StdOut>Debug Trace:&#xD;
Fail: Argument null</StdOut>
      </Output>
    </UnitTestResult>
    <UnitTestResult executionId="df888927-e512-46d4-b7bd-56693f44bca8" testId="e04390f1-66a3-87f3-cb01-0eaa5bc9db71" testName="HardwareScanTaskCommandHandler_Execute_NoResponseFromRecordingServer_FailResponse" computerName="DKSR-EFI-04" duration="00:00:00.0026003" startTime="2023-12-22T09:36:20.1164832+01:00" endTime="2023-12-22T09:36:20.1164832+01:00" testType="13cdc9d9-ddb5-4fa4-a97d-d965ccfc6d4b" outcome="Passed" testListId="8c84fa94-04c1-424b-9868-57a2d4851a1d" relativeResultsDirectory="df888927-e512-46d4-b7bd-56693f44bca8" />
    <UnitTestResult executionId="4fcdc928-3554-4f64-8724-4048b728f11b" testId="bf458c5e-f251-312f-019a-44073344a00c" testName="LicenseCountManager_GetRelatedRecordingServers_InvalidMac_Empty_Throws_ArgumentNullException" computerName="DKSR-EFI-04" duration="00:00:00.0006165" startTime="2023-12-22T09:35:59.2882447+01:00" endTime="2023-12-22T09:35:59.2882447+01:00" testType="13cdc9d9-ddb5-4fa4-a97d-d965ccfc6d4b" outcome="Passed" testListId="8c84fa94-04c1-424b-9868-57a2d4851a1d" relativeResultsDirectory="4fcdc928-3554-4f64-8724-4048b728f11b" />
    <UnitTestResult executionId="1392d607-1801-49f8-8f92-2a0444f348c1" testId="15f924f4-2f7b-14ae-f0a3-9864c8f45825" testName="GenerateLicenseRequestAsXml_IncludesOnlyFeedNameInICPCollection_OnICP" computerName="DKSR-EFI-04" duration="00:00:00.3430277" startTime="2023-12-22T09:36:14.6945784+01:00" endTime="2023-12-22T09:36:15.0383314+01:00" testType="13cdc9d9-ddb5-4fa4-a97d-d965ccfc6d4b" outcome="Passed" testListId="8c84fa94-04c1-424b-9868-57a2d4851a1d" relativeResultsDirectory="1392d607-1801-49f8-8f92-2a0444f348c1" />
    <UnitTestResult executionId="c249bc9f-ca92-441d-8010-06677b1dbcbb" testId="f16cf963-f1fd-a482-1f8d-a5f88ac77836" testName="ChangeHardwarePasswordRuleAction_Execute_SunnyDay_CleanupIsCalled" computerName="DKSR-EFI-04" duration="00:00:00.0673739" startTime="2023-12-22T09:34:32.2252963+01:00" endTime="2023-12-22T09:34:32.2877947+01:00" testType="13cdc9d9-ddb5-4fa4-a97d-d965ccfc6d4b" outcome="Passed" testListId="8c84fa94-04c1-424b-9868-57a2d4851a1d" relativeResultsDirectory="c249bc9f-ca92-441d-8010-06677b1dbcbb" />
    <UnitTestResult executionId="94747b17-ce4c-4986-ae9d-6d25358cacc0" testId="a99b2e9c-c747-a074-0fc4-b91a6ac52faa" testName="HardwareInCWANotOnWhiteList_ReplacedWithNoInheritance_HardwareOnWhiteList_CWAAllowed_FewerChannelsOnReplacedHardware_NewHardwareInCWA" computerName="DKSR-EFI-04" duration="00:00:00.3932622" startTime="2023-12-22T09:35:23.6474359+01:00" endTime="2023-12-22T09:35:24.0380621+01:00" testType="13cdc9d9-ddb5-4fa4-a97d-d965ccfc6d4b" outcome="Passed" testListId="8c84fa94-04c1-424b-9868-57a2d4851a1d" relativeResultsDirectory="94747b17-ce4c-4986-ae9d-6d25358cacc0" />
    <UnitTestResult executionId="46d876ad-83e5-48a0-b996-790f858e2f69" testId="60d5eb78-47ad-31a4-7687-4733b8346155" testName="HardwareActivatedNotOnWhiteList_ReplacedWithInheritance_HardwareOnWhiteList_MixedCWAAllowed_NewHardwareInCWA" computerName="DKSR-EFI-04" duration="00:00:00.2418994" startTime="2023-12-22T09:35:07.6317275+01:00" endTime="2023-12-22T09:35:07.8817290+01:00" testType="13cdc9d9-ddb5-4fa4-a97d-d965ccfc6d4b" outcome="Passed" testListId="8c84fa94-04c1-424b-9868-57a2d4851a1d" relativeResultsDirectory="46d876ad-83e5-48a0-b996-790f858e2f69" />
    <UnitTestResult executionId="9e09119e-f898-4b30-a9a1-4def184b29a6" testId="38eb4c07-3b43-9069-e1ce-3929bf582616" testName="AllocateLicenses_NotActivated_SingleDevice_NotLicensed_OneInGrace" computerName="DKSR-EFI-04" duration="00:00:00.0538850" startTime="2023-12-22T09:35:36.4912522+01:00" endTime="2023-12-22T09:35:36.5537525+01:00" testType="13cdc9d9-ddb5-4fa4-a97d-d965ccfc6d4b" outcome="Passed" testListId="8c84fa94-04c1-424b-9868-57a2d4851a1d" relativeResultsDirectory="9e09119e-f898-4b30-a9a1-4def184b29a6" />
    <UnitTestResult executionId="29858488-3951-42b4-b5dd-6940fea71d27" testId="5e6743ee-349b-e345-19f1-919c3248d93c" testName="ActivateLicense_DoesNotResetAutomaticActivationQueue_OnFailure" computerName="DKSR-EFI-04" duration="00:00:00.0003573" startTime="2023-12-22T09:35:01.6473228+01:00" endTime="2023-12-22T09:35:01.6473228+01:00" testType="13cdc9d9-ddb5-4fa4-a97d-d965ccfc6d4b" outcome="Passed" testListId="8c84fa94-04c1-424b-9868-57a2d4851a1d" relativeResultsDirectory="29858488-3951-42b4-b5dd-6940fea71d27" />
    <UnitTestResult executionId="60d8eefd-985b-49ee-8d78-aa5f6c125d2a" testId="8fbf9f52-52da-c755-01ac-9deb916d8cf7" testName="Log_ContextExceptionIsOtherThanNotSupportedByLegacyRecorderException_InfoLogIsLogged" computerName="DKSR-EFI-04" duration="00:00:00.0012556" startTime="2023-12-22T09:34:00.8501396+01:00" endTime="2023-12-22T09:34:00.8501396+01:00" testType="13cdc9d9-ddb5-4fa4-a97d-d965ccfc6d4b" outcome="Passed" testListId="8c84fa94-04c1-424b-9868-57a2d4851a1d" relativeResultsDirectory="60d8eefd-985b-49ee-8d78-aa5f6c125d2a" />
    <UnitTestResult executionId="540b71c4-6e67-40ce-be6e-574ece493106" testId="4d097d45-0d0d-ea90-d9d4-dc2396355990" testName="EvidenceLockOnOldRecorderCommandHandlerTests_OldRecV1_ConfigDelete1RowMain_NoDistribution" computerName="DKSR-EFI-04" duration="00:00:00.0187548" startTime="2023-12-22T09:36:18.8821018+01:00" endTime="2023-12-22T09:36:18.8977250+01:00" testType="13cdc9d9-ddb5-4fa4-a97d-d965ccfc6d4b" outcome="Passed" testListId="8c84fa94-04c1-424b-9868-57a2d4851a1d" relativeResultsDirectory="540b71c4-6e67-40ce-be6e-574ece493106" />
    <UnitTestResult executionId="4b9bb0de-7ff5-4ad2-a9e3-1d28c2d619c0" testId="b6700c8b-aa56-915e-c0e2-ed6fe26705f6" testName="ToXml_HasLicenseReportInformationSectionWithNoHardware_OnDefaultConstruction" computerName="DKSR-EFI-04" duration="00:00:00.0007800" startTime="2023-12-22T09:35:59.7413740+01:00" endTime="2023-12-22T09:35:59.7413740+01:00" testType="13cdc9d9-ddb5-4fa4-a97d-d965ccfc6d4b" outcome="Passed" testListId="8c84fa94-04c1-424b-9868-57a2d4851a1d" relativeResultsDirectory="4b9bb0de-7ff5-4ad2-a9e3-1d28c2d619c0" />
    <UnitTestResult executionId="6f4ca635-ac25-4285-a461-9dab62663f1c" testId="8c8d368d-889c-b4a3-7811-4e347a011909" testName="HardwareLicense_FindByHardwareInfo_ValidInstance_Success" computerName="DKSR-EFI-04" duration="00:00:00.0007396" startTime="2023-12-22T09:36:15.6164560+01:00" endTime="2023-12-22T09:36:15.6164560+01:00" testType="13cdc9d9-ddb5-4fa4-a97d-d965ccfc6d4b" outcome="Passed" testListId="8c84fa94-04c1-424b-9868-57a2d4851a1d" relativeResultsDirectory="6f4ca635-ac25-4285-a461-9dab62663f1c" />
    <UnitTestResult executionId="db8e45ef-e253-44d2-939f-5c65b2ecbe3a" testId="41d4ae6d-1ec6-489b-d9c2-de1156a0d310" testName="GenerateLicenseRequestAsXml_DeviceChannelCountInXml_OneLicenseCountWithDriverNameOnWhitelist" computerName="DKSR-EFI-04" duration="00:00:00.1446540" startTime="2023-12-22T09:36:12.5851930+01:00" endTime="2023-12-22T09:36:12.7414408+01:00" testType="13cdc9d9-ddb5-4fa4-a97d-d965ccfc6d4b" outcome="Passed" testListId="8c84fa94-04c1-424b-9868-57a2d4851a1d" relativeResultsDirectory="db8e45ef-e253-44d2-939f-5c65b2ecbe3a" />
    <UnitTestResult executionId="738301d1-ea27-408d-a4fd-d6fac5df3ab5" testId="6c6b716e-4d28-c779-dfb6-ac3f614f8de4" testName="Validate_ReenteringLicenses_AfterActivation_ShowsHardwareInGrace_WhenUsingWhiteListedHardware" computerName="DKSR-EFI-04" duration="00:00:00.0714258" startTime="2023-12-22T09:35:35.4599971+01:00" endTime="2023-12-22T09:35:35.5381213+01:00" testType="13cdc9d9-ddb5-4fa4-a97d-d965ccfc6d4b" outcome="Passed" testListId="8c84fa94-04c1-424b-9868-57a2d4851a1d" relativeResultsDirectory="738301d1-ea27-408d-a4fd-d6fac5df3ab5" />
    <UnitTestResult executionId="333e0553-b6fc-427b-baa2-f3dab57183bb" testId="174c703d-40da-6a58-da7e-28265b185aac" testName="AllocateLicenses_NotActivated_OneDevice_SixDisabledCameraChannels_LicenseCountFive_ReplacementAllowed_DeviceWithoutEnabledCamera" computerName="DKSR-EFI-04" duration="00:00:00.0392787" startTime="2023-12-22T09:35:36.0084686+01:00" endTime="2023-12-22T09:35:36.0381252+01:00" testType="13cdc9d9-ddb5-4fa4-a97d-d965ccfc6d4b" outcome="Passed" testListId="8c84fa94-04c1-424b-9868-57a2d4851a1d" relativeResultsDirectory="333e0553-b6fc-427b-baa2-f3dab57183bb" />
    <UnitTestResult executionId="5c2881e0-369b-4481-9775-c32ea502f3e9" testId="4e6489ca-ad6b-6e8b-60d9-e96a767d1784" testName="ActivateArchivingCommand_ModelValid_RecorderNotFoundException_Handled" computerName="DKSR-EFI-04" duration="00:00:00.0008945" startTime="2023-12-22T09:34:00.3345115+01:00" endTime="2023-12-22T09:34:00.3345115+01:00" testType="13cdc9d9-ddb5-4fa4-a97d-d965ccfc6d4b" outcome="Passed" testListId="8c84fa94-04c1-424b-9868-57a2d4851a1d" relativeResultsDirectory="5c2881e0-369b-4481-9775-c32ea502f3e9" />
    <UnitTestResult executionId="11fc9040-abf6-4eba-b2ca-7e22b2ac4634" testId="db66bbd2-870f-d30e-60fa-e9406ee3f761" testName="RemoveRecorderTask_ModelIsValid_Executed" computerName="DKSR-EFI-04" duration="00:00:00.0005213" startTime="2023-12-22T09:34:00.6313863+01:00" endTime="2023-12-22T09:34:00.6313863+01:00" testType="13cdc9d9-ddb5-4fa4-a97d-d965ccfc6d4b" outcome="Passed" testListId="8c84fa94-04c1-424b-9868-57a2d4851a1d" relativeResultsDirectory="11fc9040-abf6-4eba-b2ca-7e22b2ac4634" />
    <UnitTestResult executionId="7e607cab-d5b0-4767-911f-bbaf5506adc7" testId="745aea99-7d18-df01-821c-c171c176ca32" testName="HardwareInCWANotOnWhiteList_ReplacedWithInheritance_HardwareNotOnWhiteList_CWAAllowed_MoreChannelsOnReplacedHardware_AllDevicesInCWA" computerName="DKSR-EFI-04" duration="00:00:00.1881843" startTime="2023-12-22T09:35:20.6317937+01:00" endTime="2023-12-22T09:35:20.8192955+01:00" testType="13cdc9d9-ddb5-4fa4-a97d-d965ccfc6d4b" outcome="Passed" testListId="8c84fa94-04c1-424b-9868-57a2d4851a1d" relativeResultsDirectory="7e607cab-d5b0-4767-911f-bbaf5506adc7" />
    <UnitTestResult executionId="eca84c5b-18b8-4955-a23c-56e96b2b9383" testId="0689373a-e253-57f7-534a-a84706ecc7fd" testName="HardwareActivatedNotOnWhiteList_ReplacedWithInheritance_HardwareNotOnWhiteList_DifferentCameraChannels_SomeGraceSomeCWA" computerName="DKSR-EFI-04" duration="00:00:00.0979025" startTime="2023-12-22T09:35:33.0224875+01:00" endTime="2023-12-22T09:35:33.1162360+01:00" testType="13cdc9d9-ddb5-4fa4-a97d-d965ccfc6d4b" outcome="Passed" testListId="8c84fa94-04c1-424b-9868-57a2d4851a1d" relativeResultsDirectory="eca84c5b-18b8-4955-a23c-56e96b2b9383" />
    <UnitTestResult executionId="5eb7d735-3573-4000-b1b1-9f00f31cb6a2" testId="849ae475-f416-8ab4-9798-07ae8793de20" testName="AllocateLicenses_25Available_SixHardwareWith5Devices_15Activated_10InChangesWithoutActivation_5Unlicensed" computerName="DKSR-EFI-04" duration="00:00:00.1835141" startTime="2023-12-22T09:35:38.8662633+01:00" endTime="2023-12-22T09:35:39.0381384+01:00" testType="13cdc9d9-ddb5-4fa4-a97d-d965ccfc6d4b" outcome="Passed" testListId="8c84fa94-04c1-424b-9868-57a2d4851a1d" relativeResultsDirectory="5eb7d735-3573-4000-b1b1-9f00f31cb6a2" />
    <UnitTestResult executionId="11e6524d-3f47-4c37-938c-f37ff8780ac0" testId="b6678187-a9b9-f1aa-76c8-f5999e513d01" testName="Get_RecorderNotFoundException_Handled" computerName="DKSR-EFI-04" duration="00:00:00.0006464" startTime="2023-12-22T09:34:01.5220171+01:00" endTime="2023-12-22T09:34:01.5220171+01:00" testType="13cdc9d9-ddb5-4fa4-a97d-d965ccfc6d4b" outcome="Passed" testListId="8c84fa94-04c1-424b-9868-57a2d4851a1d" relativeResultsDirectory="11e6524d-3f47-4c37-938c-f37ff8780ac0" />
    <UnitTestResult executionId="2c024940-7a7b-485c-8fca-44e4340ffc5d" testId="c58d02c2-045e-a702-8b39-09ea175a2fd3" testName="AddUnlicensedHardware_AddNewHardware_ReturnsTrue" computerName="DKSR-EFI-04" duration="00:00:00.0003282" startTime="2023-12-22T09:36:15.7414569+01:00" endTime="2023-12-22T09:36:15.7414569+01:00" testType="13cdc9d9-ddb5-4fa4-a97d-d965ccfc6d4b" outcome="Passed" testListId="8c84fa94-04c1-424b-9868-57a2d4851a1d" relativeResultsDirectory="2c024940-7a7b-485c-8fca-44e4340ffc5d" />
    <UnitTestResult executionId="5ce2f9f3-ff65-40ea-ab13-795e2115a0c4" testId="ba9bbd2d-f93e-3b6a-e55e-22dc493457da" testName="DeleteConfigurationItemCommandHandler_Execute_DeleteRecorder_With_EvidenceLockedData_WithAccept_Success" computerName="DKSR-EFI-04" duration="00:00:00.0940065" startTime="2023-12-22T09:36:18.3508478+01:00" endTime="2023-12-22T09:36:18.4445978+01:00" testType="13cdc9d9-ddb5-4fa4-a97d-d965ccfc6d4b" outcome="Passed" testListId="8c84fa94-04c1-424b-9868-57a2d4851a1d" relativeResultsDirectory="5ce2f9f3-ff65-40ea-ab13-795e2115a0c4" />
    <UnitTestResult executionId="33e2e7ea-8916-486c-b47b-ce1d55662ce7" testId="2349410a-abdb-fe9c-5151-7ed18679823d" testName="AddUnlicensedHardware_AddSecondHardwareWidthSameUniqueIdentifier_ReturnsFalse" computerName="DKSR-EFI-04" duration="00:00:00.0004991" startTime="2023-12-22T09:36:15.7414569+01:00" endTime="2023-12-22T09:36:15.7414569+01:00" testType="13cdc9d9-ddb5-4fa4-a97d-d965ccfc6d4b" outcome="Passed" testListId="8c84fa94-04c1-424b-9868-57a2d4851a1d" relativeResultsDirectory="33e2e7ea-8916-486c-b47b-ce1d55662ce7" />
    <UnitTestResult executionId="beced415-89c6-47e9-80b2-f4d3c2b8633d" testId="d9029b8c-cfbb-96c7-32e9-d3538cf36ca8" testName="ChannelLicenseCountManager_HardwareLicenses_ClearByRecorder_Success" computerName="DKSR-EFI-04" duration="00:00:00.0120601" startTime="2023-12-22T09:35:58.9601197+01:00" endTime="2023-12-22T09:35:58.9757430+01:00" testType="13cdc9d9-ddb5-4fa4-a97d-d965ccfc6d4b" outcome="Passed" testListId="8c84fa94-04c1-424b-9868-57a2d4851a1d" relativeResultsDirectory="beced415-89c6-47e9-80b2-f4d3c2b8633d" />
    <UnitTestResult executionId="3e8444d5-0414-4779-be1d-64a3ad691ff8" testId="dee144f2-c923-9577-9616-7ae90de03971" testName="TotalReplacementLimit_ReturnsCorrectReplacementLimit" computerName="DKSR-EFI-04" duration="00:00:00.0058257" startTime="2023-12-22T09:36:07.0695372+01:00" endTime="2023-12-22T09:36:07.0695372+01:00" testType="13cdc9d9-ddb5-4fa4-a97d-d965ccfc6d4b" outcome="Passed" testListId="8c84fa94-04c1-424b-9868-57a2d4851a1d" relativeResultsDirectory="3e8444d5-0414-4779-be1d-64a3ad691ff8" />
    <UnitTestResult executionId="f4c66a4c-4253-4e96-8466-a1fda83c47b7" testId="7a0b1d88-033f-7f42-69c2-97d55ac201be" testName="ChangeHardwarePasswordRuleAction_Execute_SunnyDay_HardwareIsQueried" computerName="DKSR-EFI-04" duration="00:00:00.1611271" startTime="2023-12-22T09:34:32.0534205+01:00" endTime="2023-12-22T09:34:32.2252963+01:00" testType="13cdc9d9-ddb5-4fa4-a97d-d965ccfc6d4b" outcome="Passed" testListId="8c84fa94-04c1-424b-9868-57a2d4851a1d" relativeResultsDirectory="f4c66a4c-4253-4e96-8466-a1fda83c47b7" />
    <UnitTestResult executionId="f899d264-4504-4586-9be6-09204f337513" testId="6922d059-f036-7ed8-9a45-1c7d4b784274" testName="AllocateLicenses_NotActivated_OneUnlicensed_AddHardwareLicenseAndEnableCamera_DeviceRemovedFromCWA_CameraInChangesWithoutActivation" computerName="DKSR-EFI-04" duration="00:00:00.0788728" startTime="2023-12-22T09:35:37.3662550+01:00" endTime="2023-12-22T09:35:37.4443824+01:00" testType="13cdc9d9-ddb5-4fa4-a97d-d965ccfc6d4b" outcome="Passed" testListId="8c84fa94-04c1-424b-9868-57a2d4851a1d" relativeResultsDirectory="f899d264-4504-4586-9be6-09204f337513" />
    <UnitTestResult executionId="d6978ffe-7275-4851-af7e-277ef6ec69c1" testId="281add88-aec8-73d9-21c9-0a06ace0bc45" testName="ChangeHardwarePasswordRuleAction_Execute_TimesOut_WarningLogCreated" computerName="DKSR-EFI-04" duration="00:00:00.0050248" startTime="2023-12-22T09:34:53.2097787+01:00" endTime="2023-12-22T09:34:53.2097787+01:00" testType="13cdc9d9-ddb5-4fa4-a97d-d965ccfc6d4b" outcome="Passed" testListId="8c84fa94-04c1-424b-9868-57a2d4851a1d" relativeResultsDirectory="d6978ffe-7275-4851-af7e-277ef6ec69c1" />
    <UnitTestResult executionId="c97cc0ac-1959-4421-baa2-82f15383a813" testId="914c4474-b8e7-f364-7b5b-f69491ca046f" testName="AllocateLicenses_NotActivated_OneHardwareWithNoEnabledDevicesInChangesWithoutActivation_RemainsInChangesWithoutActivation" computerName="DKSR-EFI-04" duration="00:00:00.0679499" startTime="2023-12-22T09:35:35.9287486+01:00" endTime="2023-12-22T09:35:36.0084686+01:00" testType="13cdc9d9-ddb5-4fa4-a97d-d965ccfc6d4b" outcome="Passed" testListId="8c84fa94-04c1-424b-9868-57a2d4851a1d" relativeResultsDirectory="c97cc0ac-1959-4421-baa2-82f15383a813" />
    <UnitTestResult executionId="5e4cdd7c-763a-41a7-a962-d20fc0c21ff9" testId="fc74b4de-78a2-cd18-f36c-43512d3260ce" testName="CheckSecurityDataSetTest_Licensed" computerName="DKSR-EFI-04" duration="00:00:00.0031521" startTime="2023-12-22T09:35:59.5069976+01:00" endTime="2023-12-22T09:35:59.5069976+01:00" testType="13cdc9d9-ddb5-4fa4-a97d-d965ccfc6d4b" outcome="Passed" testListId="8c84fa94-04c1-424b-9868-57a2d4851a1d" relativeResultsDirectory="5e4cdd7c-763a-41a7-a962-d20fc0c21ff9" />
    <UnitTestResult executionId="5acde00a-6aed-43c5-b0f3-82e67e8a4d87" testId="ab937652-688d-1f36-c7a3-cce53edf28c3" testName="ReleaseClient_NoFreeClient_TimerStarted" computerName="DKSR-EFI-04" duration="00:00:00.0014756" startTime="2023-12-22T09:36:45.0072404+01:00" endTime="2023-12-22T09:36:45.0072404+01:00" testType="13cdc9d9-ddb5-4fa4-a97d-d965ccfc6d4b" outcome="Passed" testListId="8c84fa94-04c1-424b-9868-57a2d4851a1d" relativeResultsDirectory="5acde00a-6aed-43c5-b0f3-82e67e8a4d87" />
    <UnitTestResult executionId="3c41fef2-5468-44f5-b8ec-938c3b7c1868" testId="ce8380c5-c8aa-6b45-78f7-a8afc7e17e5d" testName="AddHardwareUserCommandHandler_Constructor_ThrowsIfParameterNull" computerName="DKSR-EFI-04" duration="00:00:00.0080340" startTime="2023-12-22T09:36:16.1789587+01:00" endTime="2023-12-22T09:36:16.1789587+01:00" testType="13cdc9d9-ddb5-4fa4-a97d-d965ccfc6d4b" outcome="Passed" testListId="8c84fa94-04c1-424b-9868-57a2d4851a1d" relativeResultsDirectory="3c41fef2-5468-44f5-b8ec-938c3b7c1868">
      <Output>
        <StdOut>Debug Trace:&#xD;
Fail: Argument null</StdOut>
      </Output>
    </UnitTestResult>
    <UnitTestResult executionId="1eed4133-1ca7-4be0-80d7-58a0cd6ee4cf" testId="cd0b7830-5acf-7869-1c73-47988d890ffd" testName="Monitor_CurrentStatusChanged_FailoverStateChanges" computerName="DKSR-EFI-04" duration="00:00:00.0017454" startTime="2023-12-22T09:36:15.8664588+01:00" endTime="2023-12-22T09:36:15.8664588+01:00" testType="13cdc9d9-ddb5-4fa4-a97d-d965ccfc6d4b" outcome="Passed" testListId="8c84fa94-04c1-424b-9868-57a2d4851a1d" relativeResultsDirectory="1eed4133-1ca7-4be0-80d7-58a0cd6ee4cf" />
    <UnitTestResult executionId="922d5013-4b56-4d96-a36c-b59c31a4c7ba" testId="8473d16a-33e9-c638-f846-0f4a1d9f5e68" testName="IsHardwareInChangesWithoutActivation_ReturnsTrue_OnHardwareInGrace" computerName="DKSR-EFI-04" duration="00:00:00.0061773" startTime="2023-12-22T09:36:06.8976632+01:00" endTime="2023-12-22T09:36:06.9132859+01:00" testType="13cdc9d9-ddb5-4fa4-a97d-d965ccfc6d4b" outcome="Passed" testListId="8c84fa94-04c1-424b-9868-57a2d4851a1d" relativeResultsDirectory="922d5013-4b56-4d96-a36c-b59c31a4c7ba" />
    <UnitTestResult executionId="c9a2fe12-c034-41c5-bf24-2d7bfdb264bf" testId="4a01cd80-73e5-9c40-2758-599856b946eb" testName="Monitor_CurrentStatusChanged_AuthorizationError" computerName="DKSR-EFI-04" duration="00:00:00.0055735" startTime="2023-12-22T09:36:15.8508333+01:00" endTime="2023-12-22T09:36:15.8664588+01:00" testType="13cdc9d9-ddb5-4fa4-a97d-d965ccfc6d4b" outcome="Passed" testListId="8c84fa94-04c1-424b-9868-57a2d4851a1d" relativeResultsDirectory="c9a2fe12-c034-41c5-bf24-2d7bfdb264bf" />
    <UnitTestResult executionId="602ba27e-4dc9-448f-9b12-659d358f9e81" testId="3caa7d05-5fe9-981d-2dde-9ddcd2d59c97" testName="ChannelLicenseCountManager_GetHardwareUsedOnSite_Success" computerName="DKSR-EFI-04" duration="00:00:00.0033835" startTime="2023-12-22T09:35:58.9757430+01:00" endTime="2023-12-22T09:35:58.9913700+01:00" testType="13cdc9d9-ddb5-4fa4-a97d-d965ccfc6d4b" outcome="Passed" testListId="8c84fa94-04c1-424b-9868-57a2d4851a1d" relativeResultsDirectory="602ba27e-4dc9-448f-9b12-659d358f9e81" />
    <UnitTestResult executionId="89518f93-e566-4ff0-a69a-d1351751c40f" testId="17d9a061-47a1-760a-9a7b-5c298e6a3921" testName="UpdateHardwareTaskCommandHandler_Execute_HeartBeat_AccessDenied_Tests" computerName="DKSR-EFI-04" duration="00:00:00.0225910" startTime="2023-12-22T09:36:43.8041066+01:00" endTime="2023-12-22T09:36:43.8197316+01:00" testType="13cdc9d9-ddb5-4fa4-a97d-d965ccfc6d4b" outcome="Passed" testListId="8c84fa94-04c1-424b-9868-57a2d4851a1d" relativeResultsDirectory="89518f93-e566-4ff0-a69a-d1351751c40f" />
    <UnitTestResult executionId="da45cea2-654e-4e4a-9fcc-85ca0a47ec2a" testId="47bc2de9-c828-3305-dbcd-195c38433d1e" testName="AllocateLicenses_NotActivated_FourUsedOneUnlicensed_OnFiveCameraChannelsFourGraceAndFourAvailableLicenses" computerName="DKSR-EFI-04" duration="00:00:00.0488959" startTime="2023-12-22T09:35:36.4443763+01:00" endTime="2023-12-22T09:35:36.4912522+01:00" testType="13cdc9d9-ddb5-4fa4-a97d-d965ccfc6d4b" outcome="Passed" testListId="8c84fa94-04c1-424b-9868-57a2d4851a1d" relativeResultsDirectory="da45cea2-654e-4e4a-9fcc-85ca0a47ec2a" />
    <UnitTestResult executionId="04dd5f35-2af9-42ac-904c-2d88ff392946" testId="76f09949-db06-6167-1791-8445bfb657bf" testName="UpdateLicenseSnapshot_ValidateAllocationCompletedSuccesfully_Success" computerName="DKSR-EFI-04" duration="00:00:00.0506846" startTime="2023-12-22T09:36:09.8820545+01:00" endTime="2023-12-22T09:36:09.9289281+01:00" testType="13cdc9d9-ddb5-4fa4-a97d-d965ccfc6d4b" outcome="Passed" testListId="8c84fa94-04c1-424b-9868-57a2d4851a1d" relativeResultsDirectory="04dd5f35-2af9-42ac-904c-2d88ff392946" />
    <UnitTestResult executionId="c7eeaf0b-a28f-45a1-ae7a-a83cc750e53e" testId="6f7bb80b-dba3-2067-8a47-0c3a50cbf31b" testName="CreateLicenseInformationXml_Has1Activated_On1ActivatedHardware25ChannelOnWhitelist" computerName="DKSR-EFI-04" duration="00:00:00.0392430" startTime="2023-12-22T09:36:00.0226259+01:00" endTime="2023-12-22T09:36:00.0695002+01:00" testType="13cdc9d9-ddb5-4fa4-a97d-d965ccfc6d4b" outcome="Passed" testListId="8c84fa94-04c1-424b-9868-57a2d4851a1d" relativeResultsDirectory="c7eeaf0b-a28f-45a1-ae7a-a83cc750e53e">
      <Output>
        <StdOut>Debug Trace:&#xD;
Fail: Attribute value invalid. 'Index'&#xD;
Fail: Attribute value invalid. 'Index'&#xD;
Fail: Attribute value invalid. 'Index'&#xD;
Fail: Attribute value invalid. 'Index'&#xD;
Fail: Attribute value invalid. 'Index'&#xD;
Fail: Attribute value invalid. 'Index'&#xD;
Fail: Attribute value invalid. 'Index'&#xD;
Fail: Attribute value invalid. 'Index'&#xD;
Fail: Attribute value invalid. 'Index'&#xD;
Fail: Attribute value invalid. 'Index'&#xD;
Fail: Attribute value invalid. 'Index'&#xD;
Fail: Attribute value invalid. 'Index'&#xD;
Fail: Attribute value invalid. 'Index'&#xD;
Fail: Attribute value invalid. 'Index'&#xD;
Fail: Attribute value invalid. 'Index'&#xD;
Fail: Attribute value invalid. 'Index'&#xD;
Fail: Attribute value invalid. 'Index'&#xD;
Fail: Attribute value invalid. 'Index'&#xD;
Fail: Attribute value invalid. 'Index'&#xD;
Fail: Attribute value invalid. 'Index'&#xD;
Fail: Attribute value invalid. 'Index'&#xD;
Fail: Attribute value invalid. 'Index'&#xD;
Fail: Attribute value invalid. 'Index'&#xD;
Fail: Attribute value invalid. 'Index'&#xD;
Fail: Attribute value invalid. 'Index'</StdOut>
      </Output>
    </UnitTestResult>
    <UnitTestResult executionId="82f72214-52fa-4859-a2f1-6a844835c536" testId="24ba77e8-1fe5-08f9-175a-86266968a297" testName="AllocateLicenses_TwoMissingICPChannelLicensesOneInGrace_OnOneICPWithTwoCamerasAndOneHardwareWithOneCamera" computerName="DKSR-EFI-04" duration="00:00:00.0436824" startTime="2023-12-22T09:35:41.2569023+01:00" endTime="2023-12-22T09:35:41.2881518+01:00" testType="13cdc9d9-ddb5-4fa4-a97d-d965ccfc6d4b" outcome="Passed" testListId="8c84fa94-04c1-424b-9868-57a2d4851a1d" relativeResultsDirectory="82f72214-52fa-4859-a2f1-6a844835c536" />
    <UnitTestResult executionId="fb9e6bd1-2804-4b8a-a71e-b60a83d2e5db" testId="f4e67b53-0b3e-aaa0-9b40-f3ce5bf9017a" testName="EventCollector_ShouldEventBeFired_Accept_ServerEvents" computerName="DKSR-EFI-04" duration="00:00:00.0006640" startTime="2023-12-22T09:33:57.7563736+01:00" endTime="2023-12-22T09:33:57.7563736+01:00" testType="13cdc9d9-ddb5-4fa4-a97d-d965ccfc6d4b" outcome="Passed" testListId="8c84fa94-04c1-424b-9868-57a2d4851a1d" relativeResultsDirectory="fb9e6bd1-2804-4b8a-a71e-b60a83d2e5db" />
    <UnitTestResult executionId="764f3f2e-25d4-4430-97fe-0fc48e92401b" testId="886d15a7-f876-be7e-71f5-4d94ad43de3c" testName="AllocateLicenses_HardwareWithNoCameras_ShouldCount1InGrace_ThenDisabling_ShouldCount0_On0Replacements" computerName="DKSR-EFI-04" duration="00:00:00.0722619" startTime="2023-12-22T09:35:42.4287882+01:00" endTime="2023-12-22T09:35:42.5069110+01:00" testType="13cdc9d9-ddb5-4fa4-a97d-d965ccfc6d4b" outcome="Passed" testListId="8c84fa94-04c1-424b-9868-57a2d4851a1d" relativeResultsDirectory="764f3f2e-25d4-4430-97fe-0fc48e92401b" />
    <UnitTestResult executionId="b10612b7-f12f-42f6-9080-13bd4aa3239f" testId="b4694a5e-0bb0-1b1b-07dc-ef863cd0420c" testName="GetCompleteConfiguration_ConfigurationIsNotCompatible_BadRequestIsReturned" computerName="DKSR-EFI-04" duration="00:00:00.0004515" startTime="2023-12-22T09:33:59.7563830+01:00" endTime="2023-12-22T09:33:59.7720079+01:00" testType="13cdc9d9-ddb5-4fa4-a97d-d965ccfc6d4b" outcome="Passed" testListId="8c84fa94-04c1-424b-9868-57a2d4851a1d" relativeResultsDirectory="b10612b7-f12f-42f6-9080-13bd4aa3239f" />
    <UnitTestResult executionId="5b569ba2-b82d-46f7-854c-0f3b19b4a081" testId="bd062c6c-59fd-5bb4-c818-c4e7382f34df" testName="TimeoutResponse_ModelIsNull_BadRequestResult" computerName="DKSR-EFI-04" duration="00:00:00.0004610" startTime="2023-12-22T09:34:00.8970145+01:00" endTime="2023-12-22T09:34:00.8970145+01:00" testType="13cdc9d9-ddb5-4fa4-a97d-d965ccfc6d4b" outcome="Passed" testListId="8c84fa94-04c1-424b-9868-57a2d4851a1d" relativeResultsDirectory="5b569ba2-b82d-46f7-854c-0f3b19b4a081" />
    <UnitTestResult executionId="47a7903f-bd21-4c3b-96c5-3e86f450a98a" testId="91acfdfe-b3ca-39a1-a1fe-286d51d61a08" testName="MoveHardwareTaskCommandHandler_Execute_Driver_Versions_Different_Success_With_Warnings" computerName="DKSR-EFI-04" duration="00:00:00.6408760" startTime="2023-12-22T09:36:23.0383711+01:00" endTime="2023-12-22T09:36:23.6790047+01:00" testType="13cdc9d9-ddb5-4fa4-a97d-d965ccfc6d4b" outcome="Passed" testListId="8c84fa94-04c1-424b-9868-57a2d4851a1d" relativeResultsDirectory="47a7903f-bd21-4c3b-96c5-3e86f450a98a">
      <Output>
        <StdOut>Progress: 10&#xD;
Progress: 20&#xD;
Progress: 30&#xD;
Progress: 35&#xD;
Progress: 40&#xD;
Progress: 42&#xD;
Progress: 44&#xD;
Progress: 60&#xD;
Progress: 70&#xD;
Progress: 80&#xD;
Progress: 90&#xD;
Progress: 95&#xD;
Progress: 100</StdOut>
      </Output>
    </UnitTestResult>
    <UnitTestResult executionId="20cbed55-054b-4266-9a72-c32356778db1" testId="ab86455a-c8b3-eae2-e3ab-342237edf022" testName="IsActivationNeeded_True_DeviceReplaced" computerName="DKSR-EFI-04" duration="00:00:00.0159461" startTime="2023-12-22T09:36:08.0226676+01:00" endTime="2023-12-22T09:36:08.0382926+01:00" testType="13cdc9d9-ddb5-4fa4-a97d-d965ccfc6d4b" outcome="Passed" testListId="8c84fa94-04c1-424b-9868-57a2d4851a1d" relativeResultsDirectory="20cbed55-054b-4266-9a72-c32356778db1" />
    <UnitTestResult executionId="8de9d326-b1e3-4efb-ab13-8695e225045a" testId="a930bf31-deb5-7c95-5e24-1f743f244144" testName="CreateLicenseInformationXml_Has1Grace_On1GraceHardware25ChannelOnWhitelist" computerName="DKSR-EFI-04" duration="00:00:00.0311965" startTime="2023-12-22T09:36:00.0695002+01:00" endTime="2023-12-22T09:36:00.1007507+01:00" testType="13cdc9d9-ddb5-4fa4-a97d-d965ccfc6d4b" outcome="Passed" testListId="8c84fa94-04c1-424b-9868-57a2d4851a1d" relativeResultsDirectory="8de9d326-b1e3-4efb-ab13-8695e225045a">
      <Output>
        <StdOut>Debug Trace:&#xD;
Fail: Attribute value invalid. 'Index'&#xD;
Fail: Attribute value invalid. 'Index'&#xD;
Fail: Attribute value invalid. 'Index'&#xD;
Fail: Attribute value invalid. 'Index'&#xD;
Fail: Attribute value invalid. 'Index'&#xD;
Fail: Attribute value invalid. 'Index'&#xD;
Fail: Attribute value invalid. 'Index'&#xD;
Fail: Attribute value invalid. 'Index'&#xD;
Fail: Attribute value invalid. 'Index'&#xD;
Fail: Attribute value invalid. 'Index'&#xD;
Fail: Attribute value invalid. 'Index'&#xD;
Fail: Attribute value invalid. 'Index'&#xD;
Fail: Attribute value invalid. 'Index'&#xD;
Fail: Attribute value invalid. 'Index'&#xD;
Fail: Attribute value invalid. 'Index'&#xD;
Fail: Attribute value invalid. 'Index'&#xD;
Fail: Attribute value invalid. 'Index'&#xD;
Fail: Attribute value invalid. 'Index'&#xD;
Fail: Attribute value invalid. 'Index'&#xD;
Fail: Attribute value invalid. 'Index'&#xD;
Fail: Attribute value invalid. 'Index'&#xD;
Fail: Attribute value invalid. 'Index'&#xD;
Fail: Attribute value invalid. 'Index'&#xD;
Fail: Attribute value invalid. 'Index'&#xD;
Fail: Attribute value invalid. 'Index'</StdOut>
      </Output>
    </UnitTestResult>
    <UnitTestResult executionId="b3e618ca-5c44-4c72-a3c8-bd507e2ceab4" testId="0da18c28-aaa0-210f-7a92-a77f7b0f5efa" testName="ConvertIdpLog_NullIdpLog" computerName="DKSR-EFI-04" duration="00:00:00.0035029" startTime="2023-12-22T09:34:53.5066541+01:00" endTime="2023-12-22T09:34:53.5066541+01:00" testType="13cdc9d9-ddb5-4fa4-a97d-d965ccfc6d4b" outcome="Passed" testListId="8c84fa94-04c1-424b-9868-57a2d4851a1d" relativeResultsDirectory="b3e618ca-5c44-4c72-a3c8-bd507e2ceab4" />
    <UnitTestResult executionId="8b3f7923-c234-4d12-bdb0-0b6eae314a11" testId="669eb9d8-e093-cf6e-6fa3-2bfc9b5957f4" testName="ChangeHardwarePasswordRuleAction_Execute_SunnyDay_DisposeIsCalled" computerName="DKSR-EFI-04" duration="00:00:00.0347085" startTime="2023-12-22T09:34:32.3034214+01:00" endTime="2023-12-22T09:34:32.3346715+01:00" testType="13cdc9d9-ddb5-4fa4-a97d-d965ccfc6d4b" outcome="Passed" testListId="8c84fa94-04c1-424b-9868-57a2d4851a1d" relativeResultsDirectory="8b3f7923-c234-4d12-bdb0-0b6eae314a11" />
    <UnitTestResult executionId="3fa4782f-fab0-4526-a614-7ade1a27365e" testId="599ccfee-b92f-9c95-c440-e902348632b1" testName="AllocateLicenses_HardwareWithNoCameras_ShouldCount1InCWA_ThenDisabling_ShouldStillCount1InCWA_On10Replacements" computerName="DKSR-EFI-04" duration="00:00:00.1057949" startTime="2023-12-22T09:35:42.8662855+01:00" endTime="2023-12-22T09:35:42.9756603+01:00" testType="13cdc9d9-ddb5-4fa4-a97d-d965ccfc6d4b" outcome="Passed" testListId="8c84fa94-04c1-424b-9868-57a2d4851a1d" relativeResultsDirectory="3fa4782f-fab0-4526-a614-7ade1a27365e" />
    <UnitTestResult executionId="162b9e67-7bed-41e7-9e35-26f3afff0639" testId="6c14b312-87d2-7128-927b-4805632e98ea" testName="MessageManagerResponseCollector_GetNextResponse_SuccessResponse_Async" computerName="DKSR-EFI-04" duration="00:00:00.1535248" startTime="2023-12-22T09:33:57.9282478+01:00" endTime="2023-12-22T09:33:58.0844999+01:00" testType="13cdc9d9-ddb5-4fa4-a97d-d965ccfc6d4b" outcome="Passed" testListId="8c84fa94-04c1-424b-9868-57a2d4851a1d" relativeResultsDirectory="162b9e67-7bed-41e7-9e35-26f3afff0639" />
    <UnitTestResult executionId="d2f7e9b1-4245-4a03-b177-e63febdc4fee" testId="6a88ee0a-9bc9-bc89-2082-c27a42df6d57" testName="CreateInstance_ThrowsArgumentNullException_OnNullAsServer" computerName="DKSR-EFI-04" duration="00:00:00.0024602" startTime="2023-12-22T09:36:01.0695065+01:00" endTime="2023-12-22T09:36:01.0695065+01:00" testType="13cdc9d9-ddb5-4fa4-a97d-d965ccfc6d4b" outcome="Passed" testListId="8c84fa94-04c1-424b-9868-57a2d4851a1d" relativeResultsDirectory="d2f7e9b1-4245-4a03-b177-e63febdc4fee" />
    <UnitTestResult executionId="7668aaae-2a1d-4450-9533-70b60b71c77e" testId="3fed6b17-91ce-8aa8-f441-7da427c10db2" testName="GetHardwareUsersCommandHandler_Execute_RecorderNotFound_ReturnsCorrectResponse" computerName="DKSR-EFI-04" duration="00:00:00.0012964" startTime="2023-12-22T09:36:19.8039781+01:00" endTime="2023-12-22T09:36:19.8039781+01:00" testType="13cdc9d9-ddb5-4fa4-a97d-d965ccfc6d4b" outcome="Passed" testListId="8c84fa94-04c1-424b-9868-57a2d4851a1d" relativeResultsDirectory="7668aaae-2a1d-4450-9533-70b60b71c77e" />
    <UnitTestResult executionId="b182da2a-3b34-4d33-8e55-6ba0885ab8f0" testId="7d248c41-22f0-0abc-bf5f-b5bac42be8c8" testName="GetHardwareUsersCommandHandler_Execute_EmptyRecorderId_ReturnsFailResponse" computerName="DKSR-EFI-04" duration="00:00:00.0008752" startTime="2023-12-22T09:36:19.8196049+01:00" endTime="2023-12-22T09:36:19.8196049+01:00" testType="13cdc9d9-ddb5-4fa4-a97d-d965ccfc6d4b" outcome="Passed" testListId="8c84fa94-04c1-424b-9868-57a2d4851a1d" relativeResultsDirectory="b182da2a-3b34-4d33-8e55-6ba0885ab8f0" />
    <UnitTestResult executionId="2a2833b0-dc1c-44ff-b1c8-34beca534c54" testId="f98d7fd7-35b5-697e-34c0-0ff1a3a3889c" testName="FailResponse_ModelIsValid_CommandExecuted" computerName="DKSR-EFI-04" duration="00:00:00.0006418" startTime="2023-12-22T09:34:00.8813882+01:00" endTime="2023-12-22T09:34:00.8813882+01:00" testType="13cdc9d9-ddb5-4fa4-a97d-d965ccfc6d4b" outcome="Passed" testListId="8c84fa94-04c1-424b-9868-57a2d4851a1d" relativeResultsDirectory="2a2833b0-dc1c-44ff-b1c8-34beca534c54" />
    <UnitTestResult executionId="30ba58c6-f954-49fb-8226-7d295b9d97a8" testId="882b56f4-78e9-f8de-5e21-552cca584369" testName="IsActivationNeeded_True_DeviceRemoved" computerName="DKSR-EFI-04" duration="00:00:00.0087241" startTime="2023-12-22T09:36:08.0070443+01:00" endTime="2023-12-22T09:36:08.0226676+01:00" testType="13cdc9d9-ddb5-4fa4-a97d-d965ccfc6d4b" outcome="Passed" testListId="8c84fa94-04c1-424b-9868-57a2d4851a1d" relativeResultsDirectory="30ba58c6-f954-49fb-8226-7d295b9d97a8" />
    <UnitTestResult executionId="01663cf1-fbf0-467f-ace7-bff6c6e4f580" testId="01c0f351-ec7a-7cc6-b18d-966650a66ddd" testName="ChangeIdpAdminTaskCommandHandlerTests_Constructor_Arguments_Null_Throws" computerName="DKSR-EFI-04" duration="00:00:00.0009876" startTime="2023-12-22T09:36:16.3820879+01:00" endTime="2023-12-22T09:36:16.3820879+01:00" testType="13cdc9d9-ddb5-4fa4-a97d-d965ccfc6d4b" outcome="Passed" testListId="8c84fa94-04c1-424b-9868-57a2d4851a1d" relativeResultsDirectory="01663cf1-fbf0-467f-ace7-bff6c6e4f580" />
    <UnitTestResult executionId="bbeb5d4f-d965-4122-a5a4-c7939559dda1" testId="7b8de1e5-9337-d62a-9f21-d2fb01f50c30" testName="GetRecorderLicense_AddsHardwareToReplacementLimit_OnNotLicensedHardware" computerName="DKSR-EFI-04" duration="00:00:00.0155426" startTime="2023-12-22T09:36:06.4445351+01:00" endTime="2023-12-22T09:36:06.4601592+01:00" testType="13cdc9d9-ddb5-4fa4-a97d-d965ccfc6d4b" outcome="Passed" testListId="8c84fa94-04c1-424b-9868-57a2d4851a1d" relativeResultsDirectory="bbeb5d4f-d965-4122-a5a4-c7939559dda1" />
    <UnitTestResult executionId="bae03916-e922-4997-b2be-ecbb0d142116" testId="1010ec3e-15f5-6176-baaa-337dbb856417" testName="Start_TokenDoesNotHaveCorrectScope_ThrowsInvalidOperationException" computerName="DKSR-EFI-04" duration="00:00:00.0179148" startTime="2023-12-22T09:34:53.9754081+01:00" endTime="2023-12-22T09:34:53.9910316+01:00" testType="13cdc9d9-ddb5-4fa4-a97d-d965ccfc6d4b" outcome="Passed" testListId="8c84fa94-04c1-424b-9868-57a2d4851a1d" relativeResultsDirectory="bae03916-e922-4997-b2be-ecbb0d142116" />
    <UnitTestResult executionId="8f5508ab-2be8-4333-b539-1000198e7692" testId="acb6857a-df3d-396c-fed4-7d888e4fed76" testName="ChannelLicenseCountManager_UpdateCameraFeedLicensedValue_NullHardwareInfo_ThrowsArgumentNullException" computerName="DKSR-EFI-04" duration="00:00:00.0011860" startTime="2023-12-22T09:35:59.0069941+01:00" endTime="2023-12-22T09:35:59.0069941+01:00" testType="13cdc9d9-ddb5-4fa4-a97d-d965ccfc6d4b" outcome="Passed" testListId="8c84fa94-04c1-424b-9868-57a2d4851a1d" relativeResultsDirectory="8f5508ab-2be8-4333-b539-1000198e7692" />
    <UnitTestResult executionId="37eb102b-c7c2-4918-bc27-ee7cbee6783c" testId="5f3e3347-7cc7-75b6-7352-604a8f0807cd" testName="UploadFileChunkCommandHandler_Execute_Failed_CannotCreateFile" computerName="DKSR-EFI-04" duration="00:00:00.0008190" startTime="2023-12-22T09:36:44.7572389+01:00" endTime="2023-12-22T09:36:44.7728635+01:00" testType="13cdc9d9-ddb5-4fa4-a97d-d965ccfc6d4b" outcome="Passed" testListId="8c84fa94-04c1-424b-9868-57a2d4851a1d" relativeResultsDirectory="37eb102b-c7c2-4918-bc27-ee7cbee6783c" />
    <UnitTestResult executionId="70d37620-1fe8-4242-9e50-df290e6ba769" testId="8042d605-26a2-4169-039a-588f62885a21" testName="MoveHardwareTaskCommandHandler_Execute_SourceRecorder_Not_Connected_FailResponse" computerName="DKSR-EFI-04" duration="00:00:00.0023805" startTime="2023-12-22T09:36:24.8508808+01:00" endTime="2023-12-22T09:36:24.8665051+01:00" testType="13cdc9d9-ddb5-4fa4-a97d-d965ccfc6d4b" outcome="Passed" testListId="8c84fa94-04c1-424b-9868-57a2d4851a1d" relativeResultsDirectory="70d37620-1fe8-4242-9e50-df290e6ba769" />
    <UnitTestResult executionId="1e9cc5e5-96c1-4892-8994-0e7d8ac7c561" testId="6fbe868a-42b6-5cbd-c8ab-590c9c163b52" testName="FromXml_LicenseReportInformation_ReturnsCorrectObject" computerName="DKSR-EFI-04" duration="00:00:00.0013137" startTime="2023-12-22T09:35:59.8038756+01:00" endTime="2023-12-22T09:35:59.8038756+01:00" testType="13cdc9d9-ddb5-4fa4-a97d-d965ccfc6d4b" outcome="Passed" testListId="8c84fa94-04c1-424b-9868-57a2d4851a1d" relativeResultsDirectory="1e9cc5e5-96c1-4892-8994-0e7d8ac7c561" />
    <UnitTestResult executionId="0018aeda-c55d-4b26-8a95-4c2688126d9b" testId="cb7e10c6-0204-7896-444a-0757f579dd40" testName="TemporaryLicense_SetChangesWithoutActivationToken_DateActivatedInferiorToNow" computerName="DKSR-EFI-04" duration="00:00:00.0007052" startTime="2023-12-22T09:35:01.6941968+01:00" endTime="2023-12-22T09:35:01.6941968+01:00" testType="13cdc9d9-ddb5-4fa4-a97d-d965ccfc6d4b" outcome="Passed" testListId="8c84fa94-04c1-424b-9868-57a2d4851a1d" relativeResultsDirectory="0018aeda-c55d-4b26-8a95-4c2688126d9b" />
    <UnitTestResult executionId="3496fa10-28de-49c3-be1d-703980baeb8a" testId="b87fe60f-2790-ec89-7e60-9dce4bf23dd0" testName="Start_DisposeHasBeenCalled_ReturnsImmediatelyAndDoesNotInvokeAnythingButDispose" computerName="DKSR-EFI-04" duration="00:00:00.0022610" startTime="2023-12-22T09:34:54.1785330+01:00" endTime="2023-12-22T09:34:54.1785330+01:00" testType="13cdc9d9-ddb5-4fa4-a97d-d965ccfc6d4b" outcome="Passed" testListId="8c84fa94-04c1-424b-9868-57a2d4851a1d" relativeResultsDirectory="3496fa10-28de-49c3-be1d-703980baeb8a" />
    <UnitTestResult executionId="45bca9ce-449e-4d2b-87c5-cd0a9f2d4a47" testId="a8466234-3dd1-7e09-1f24-9f708ace9cec" testName="LicenseCountManager_ReplacementHardware_RemoveHardwareFromReplacementLimit" computerName="DKSR-EFI-04" duration="00:00:00.0003423" startTime="2023-12-22T09:35:59.3976226+01:00" endTime="2023-12-22T09:35:59.3976226+01:00" testType="13cdc9d9-ddb5-4fa4-a97d-d965ccfc6d4b" outcome="Passed" testListId="8c84fa94-04c1-424b-9868-57a2d4851a1d" relativeResultsDirectory="45bca9ce-449e-4d2b-87c5-cd0a9f2d4a47" />
    <UnitTestResult executionId="e98b5d75-00a9-45b5-8b6e-dfbc3de958a7" testId="7978f97c-bec6-8028-3064-2cf03c413372" testName="ProcessConfigurationChangeTasks_UpdateUpdateInsert_Updates_Batched" computerName="DKSR-EFI-04" duration="00:00:00.0491277" startTime="2023-12-22T09:34:24.4127550+01:00" endTime="2023-12-22T09:34:24.4596297+01:00" testType="13cdc9d9-ddb5-4fa4-a97d-d965ccfc6d4b" outcome="Passed" testListId="8c84fa94-04c1-424b-9868-57a2d4851a1d" relativeResultsDirectory="e98b5d75-00a9-45b5-8b6e-dfbc3de958a7" />
    <UnitTestResult executionId="fd57dedb-35a9-4db3-9d2d-eaf88c81260b" testId="5e599eb5-1ba7-3552-1d66-5d2d43176c8d" testName="Start_TokenHasCorrectScope_CallsStartTimer" computerName="DKSR-EFI-04" duration="00:00:00.0160987" startTime="2023-12-22T09:34:53.9910316+01:00" endTime="2023-12-22T09:34:54.0222798+01:00" testType="13cdc9d9-ddb5-4fa4-a97d-d965ccfc6d4b" outcome="Passed" testListId="8c84fa94-04c1-424b-9868-57a2d4851a1d" relativeResultsDirectory="fd57dedb-35a9-4db3-9d2d-eaf88c81260b" />
    <UnitTestResult executionId="2b837a40-1780-430d-8dd5-f79ace59c1cf" testId="66b5c4ff-d2fa-19de-f4f4-61f87928ee9b" testName="HardwareInGraceNotOnWhiteList_ReplacedWith_HardwareOnWhiteList_ShouldGiveHardwareNewGracePeriod" computerName="DKSR-EFI-04" duration="00:00:00.1525691" startTime="2023-12-22T09:35:56.2413544+01:00" endTime="2023-12-22T09:35:56.3976063+01:00" testType="13cdc9d9-ddb5-4fa4-a97d-d965ccfc6d4b" outcome="Passed" testListId="8c84fa94-04c1-424b-9868-57a2d4851a1d" relativeResultsDirectory="2b837a40-1780-430d-8dd5-f79ace59c1cf" />
    <UnitTestResult executionId="4df1ec90-b677-45f7-be30-a98a357c58e9" testId="217b1fa7-008a-fc4f-9a69-14892f8feed9" testName="ExecuteMipActionCommand_ModelIsValid_CommandExecuted" computerName="DKSR-EFI-04" duration="00:00:00.0027276" startTime="2023-12-22T09:34:00.4438847+01:00" endTime="2023-12-22T09:34:00.4438847+01:00" testType="13cdc9d9-ddb5-4fa4-a97d-d965ccfc6d4b" outcome="Passed" testListId="8c84fa94-04c1-424b-9868-57a2d4851a1d" relativeResultsDirectory="4df1ec90-b677-45f7-be30-a98a357c58e9" />
    <UnitTestResult executionId="e1f53913-67c0-4281-b974-6767a20df9d4" testId="267806a5-9bdd-be07-8447-7174cbffe64b" testName="KeepAlive_Called_CallConfirmed" computerName="DKSR-EFI-04" duration="00:00:00.0031758" startTime="2023-12-22T09:34:01.4907645+01:00" endTime="2023-12-22T09:34:01.5063915+01:00" testType="13cdc9d9-ddb5-4fa4-a97d-d965ccfc6d4b" outcome="Passed" testListId="8c84fa94-04c1-424b-9868-57a2d4851a1d" relativeResultsDirectory="e1f53913-67c0-4281-b974-6767a20df9d4" />
    <UnitTestResult executionId="351f0f61-eb17-4369-bb0d-bcfadd03f12e" testId="ef0d4402-3320-910c-2b0b-4abb1b8f0aac" testName="Validate_CalculationResultsContainsNoDuplicates_Success" computerName="DKSR-EFI-04" duration="00:00:00.0090852" startTime="2023-12-22T09:36:00.5382530+01:00" endTime="2023-12-22T09:36:00.5538789+01:00" testType="13cdc9d9-ddb5-4fa4-a97d-d965ccfc6d4b" outcome="Passed" testListId="8c84fa94-04c1-424b-9868-57a2d4851a1d" relativeResultsDirectory="351f0f61-eb17-4369-bb0d-bcfadd03f12e" />
    <UnitTestResult executionId="c2211e24-b8b4-44f4-aa72-0061664c6c52" testId="a60b7324-d5b9-a346-ac68-057908745031" testName="MoveHardwareTaskCommandHandler_Execute_With_Destination_HotStandby_Success" computerName="DKSR-EFI-04" duration="00:00:00.2823002" startTime="2023-12-22T09:36:21.0227379+01:00" endTime="2023-12-22T09:36:21.3039879+01:00" testType="13cdc9d9-ddb5-4fa4-a97d-d965ccfc6d4b" outcome="Passed" testListId="8c84fa94-04c1-424b-9868-57a2d4851a1d" relativeResultsDirectory="c2211e24-b8b4-44f4-aa72-0061664c6c52">
      <Output>
        <StdOut>Progress: 10&#xD;
Progress: 20&#xD;
Progress: 30&#xD;
Progress: 35&#xD;
Progress: 40&#xD;
Progress: 42&#xD;
Progress: 44&#xD;
Progress: 60&#xD;
Progress: 70&#xD;
Progress: 80&#xD;
Progress: 90&#xD;
Progress: 95&#xD;
Progress: 100</StdOut>
      </Output>
    </UnitTestResult>
    <UnitTestResult executionId="f48925e2-549c-49a0-893a-fd1558995d41" testId="83deb65f-c361-2dce-240a-5f709eb9caac" testName="HardwareSetupErrorResponse_ModelIsValid_CommandExecuted" computerName="DKSR-EFI-04" duration="00:00:00.0011165" startTime="2023-12-22T09:34:00.9907639+01:00" endTime="2023-12-22T09:34:00.9907639+01:00" testType="13cdc9d9-ddb5-4fa4-a97d-d965ccfc6d4b" outcome="Passed" testListId="8c84fa94-04c1-424b-9868-57a2d4851a1d" relativeResultsDirectory="f48925e2-549c-49a0-893a-fd1558995d41" />
    <UnitTestResult executionId="34fb8257-0299-4272-990d-60171eff2909" testId="9402868f-64db-73ab-539a-d8a78b10e01e" testName="HardwareLicense_InsertThenUpdate_ShouldRemainWithInsertFlag" computerName="DKSR-EFI-04" duration="00:00:00.0008168" startTime="2023-12-22T09:36:15.6477081+01:00" endTime="2023-12-22T09:36:15.6477081+01:00" testType="13cdc9d9-ddb5-4fa4-a97d-d965ccfc6d4b" outcome="Passed" testListId="8c84fa94-04c1-424b-9868-57a2d4851a1d" relativeResultsDirectory="34fb8257-0299-4272-990d-60171eff2909" />
    <UnitTestResult executionId="c7328b61-3752-4bc3-9a02-eec819a9c3e5" testId="2cf91dfa-968e-4599-4e3f-36ab2c164e8c" testName="ExceptionResponse_ModelIsValid_CommandExecuted" computerName="DKSR-EFI-04" duration="00:00:00.0010690" startTime="2023-12-22T09:34:00.8813882+01:00" endTime="2023-12-22T09:34:00.8813882+01:00" testType="13cdc9d9-ddb5-4fa4-a97d-d965ccfc6d4b" outcome="Passed" testListId="8c84fa94-04c1-424b-9868-57a2d4851a1d" relativeResultsDirectory="c7328b61-3752-4bc3-9a02-eec819a9c3e5" />
    <UnitTestResult executionId="9029972a-20ce-4afe-a914-67c2d4dd8fa1" testId="9aa298be-2c39-d2e9-ead8-2178c932f3f2" testName="HardwareInCWANotOnWhiteList_ReplacedWithInheritance_HardwareNotOnWhiteList_MixedCWAAllowed_FewerChannelsOnReplacedHardware_SomeDevicesInCWA" computerName="DKSR-EFI-04" duration="00:00:00.4518794" startTime="2023-12-22T09:35:26.2411975+01:00" endTime="2023-12-22T09:35:26.6943242+01:00" testType="13cdc9d9-ddb5-4fa4-a97d-d965ccfc6d4b" outcome="Passed" testListId="8c84fa94-04c1-424b-9868-57a2d4851a1d" relativeResultsDirectory="9029972a-20ce-4afe-a914-67c2d4dd8fa1" />
    <UnitTestResult executionId="f651910c-1f69-4f29-a5ce-a8ca9b635b00" testId="d0999a64-256c-41ac-9334-9223de20a154" testName="Validate_FirstGraceExpireShown_WithNonWhiteListedHardwareOnly_Success" computerName="DKSR-EFI-04" duration="00:00:00.0767813" startTime="2023-12-22T09:36:00.7257546+01:00" endTime="2023-12-22T09:36:00.8038822+01:00" testType="13cdc9d9-ddb5-4fa4-a97d-d965ccfc6d4b" outcome="Passed" testListId="8c84fa94-04c1-424b-9868-57a2d4851a1d" relativeResultsDirectory="f651910c-1f69-4f29-a5ce-a8ca9b635b00" />
    <UnitTestResult executionId="3780898a-2072-4839-89d3-16063c66ea66" testId="f54cb0cb-5b9c-26f7-4212-f53dc833b117" testName="MoveHardwareTaskCommandHandler_Execute_WriteConfigurationDataSetChangesToDatabase_DBConcurrencyException_FailResponse_UpdateConfigurationFailed" computerName="DKSR-EFI-04" duration="00:00:00.3145898" startTime="2023-12-22T09:36:25.3977578+01:00" endTime="2023-12-22T09:36:25.7102613+01:00" testType="13cdc9d9-ddb5-4fa4-a97d-d965ccfc6d4b" outcome="Passed" testListId="8c84fa94-04c1-424b-9868-57a2d4851a1d" relativeResultsDirectory="3780898a-2072-4839-89d3-16063c66ea66" />
    <UnitTestResult executionId="ceed04b0-a1ee-4852-86e6-f1ff2f0951bd" testId="b6e86c34-e523-66bb-6641-e4792d72f9ee" testName="Construct_LicenseSnapshot_InvalidRecorderLicenseInfo_Throws_ArgumentNullException" computerName="DKSR-EFI-04" duration="00:00:00.0006954" startTime="2023-12-22T09:36:15.5383328+01:00" endTime="2023-12-22T09:36:15.5383328+01:00" testType="13cdc9d9-ddb5-4fa4-a97d-d965ccfc6d4b" outcome="Passed" testListId="8c84fa94-04c1-424b-9868-57a2d4851a1d" relativeResultsDirectory="ceed04b0-a1ee-4852-86e6-f1ff2f0951bd" />
    <UnitTestResult executionId="b9e4c89c-d58e-422a-9181-50953a02d68f" testId="5e1e7852-4b74-8364-d566-ba1370dec921" testName="HardwareActivatedOnWhiteList_ReplacedWithNoInheritance_HardwareNotOnWhiteList_CWAAllowed_AllDevicesInCWA" computerName="DKSR-EFI-04" duration="00:00:00.3065083" startTime="2023-12-22T09:35:03.4285807+01:00" endTime="2023-12-22T09:35:03.7410813+01:00" testType="13cdc9d9-ddb5-4fa4-a97d-d965ccfc6d4b" outcome="Passed" testListId="8c84fa94-04c1-424b-9868-57a2d4851a1d" relativeResultsDirectory="b9e4c89c-d58e-422a-9181-50953a02d68f" />
    <UnitTestResult executionId="1666f583-a261-4d89-aa82-951100df206c" testId="a31c941f-514d-43ce-0c78-bad3b156ddc6" testName="Validate_LicenseCalculatorContainsAllHardwareFromAllRecordingServers_NoMissingLicenses_Success" computerName="DKSR-EFI-04" duration="00:00:00.0142385" startTime="2023-12-22T09:36:00.4913775+01:00" endTime="2023-12-22T09:36:00.5070009+01:00" testType="13cdc9d9-ddb5-4fa4-a97d-d965ccfc6d4b" outcome="Passed" testListId="8c84fa94-04c1-424b-9868-57a2d4851a1d" relativeResultsDirectory="1666f583-a261-4d89-aa82-951100df206c" />
    <UnitTestResult executionId="b5724c8e-1006-4816-b431-fc1c4acd8c8d" testId="9e5f61e1-a7a2-986f-1a43-a3aac7b85c5c" testName="HardwareInCWANotOnWhiteList_ReplacedWithInheritance_HardwareOnWhiteList_MixedCWAAllowed_MoreChannelsOnReplacedHardware_NewHardwareInCWA" computerName="DKSR-EFI-04" duration="00:00:00.2633498" startTime="2023-12-22T09:35:28.4130883+01:00" endTime="2023-12-22T09:35:28.6787130+01:00" testType="13cdc9d9-ddb5-4fa4-a97d-d965ccfc6d4b" outcome="Passed" testListId="8c84fa94-04c1-424b-9868-57a2d4851a1d" relativeResultsDirectory="b5724c8e-1006-4816-b431-fc1c4acd8c8d" />
    <UnitTestResult executionId="50cb4678-a5f4-45ca-898e-0083e56ed420" testId="2f175fa8-bd7a-1a7e-9598-a021dc30fede" testName="HardwareScanExpressTaskCommandHandler_Execute_Arguments_Null_Throws" computerName="DKSR-EFI-04" duration="00:00:00.0047439" startTime="2023-12-22T09:36:19.8508575+01:00" endTime="2023-12-22T09:36:19.8508575+01:00" testType="13cdc9d9-ddb5-4fa4-a97d-d965ccfc6d4b" outcome="Passed" testListId="8c84fa94-04c1-424b-9868-57a2d4851a1d" relativeResultsDirectory="50cb4678-a5f4-45ca-898e-0083e56ed420">
      <Output>
        <StdOut>Debug Trace:&#xD;
Fail: Command/Command handler type mismatch&#xD;
Fail: The command handler expect an object that implements ICallContextInfo in the state parameter&#xD;
Fail: The command handler expect an object that implements IResponseSink in the responseSink parameter</StdOut>
      </Output>
    </UnitTestResult>
    <UnitTestResult executionId="dc75fea1-ce3c-489d-893a-ce1708c52422" testId="1bc809a8-afd9-bba4-87fb-170f78940090" testName="TaskHandling_InternalUpdateReparingTasks_Simpleupdate_Success" computerName="DKSR-EFI-04" duration="00:00:00.1406668" startTime="2023-12-22T09:34:31.7877910+01:00" endTime="2023-12-22T09:34:31.9440439+01:00" testType="13cdc9d9-ddb5-4fa4-a97d-d965ccfc6d4b" outcome="Passed" testListId="8c84fa94-04c1-424b-9868-57a2d4851a1d" relativeResultsDirectory="dc75fea1-ce3c-489d-893a-ce1708c52422" />
    <UnitTestResult executionId="9bb51cef-c1b8-4397-8cbd-d0176822bbfc" testId="e625724b-e6ca-04fb-3a90-a86071459cbe" testName="ChangeHardwarePasswordRuleAction_Execute_TwoRuns_TwoMonitorsCreated" computerName="DKSR-EFI-04" duration="00:00:00.0716489" startTime="2023-12-22T09:34:32.4596717+01:00" endTime="2023-12-22T09:34:32.5377946+01:00" testType="13cdc9d9-ddb5-4fa4-a97d-d965ccfc6d4b" outcome="Passed" testListId="8c84fa94-04c1-424b-9868-57a2d4851a1d" relativeResultsDirectory="9bb51cef-c1b8-4397-8cbd-d0176822bbfc" />
    <UnitTestResult executionId="9f5d9bb6-87b5-4066-a0f8-fc70a36418d1" testId="91467f85-920b-1f84-c7b1-b5178fb1c5dc" testName="OnException_ActionExecutedContextIsNull_ArgumentNullException" computerName="DKSR-EFI-04" duration="00:00:00.0016703" startTime="2023-12-22T09:34:00.6626359+01:00" endTime="2023-12-22T09:34:00.6626359+01:00" testType="13cdc9d9-ddb5-4fa4-a97d-d965ccfc6d4b" outcome="Passed" testListId="8c84fa94-04c1-424b-9868-57a2d4851a1d" relativeResultsDirectory="9f5d9bb6-87b5-4066-a0f8-fc70a36418d1" />
    <UnitTestResult executionId="76fac5f4-77b6-4997-8666-0088ac05f788" testId="0aaea2bf-2728-4a98-03a0-80051cd83b53" testName="AllocateLicenses_Hardware9CameraChannelsActivated_ICPWith9ChannelsAdded_ShouldGet9Activated9ICPGrace_On20Channels20ICP" computerName="DKSR-EFI-04" duration="00:00:00.1084425" startTime="2023-12-22T09:35:43.6162893+01:00" endTime="2023-12-22T09:35:43.7256631+01:00" testType="13cdc9d9-ddb5-4fa4-a97d-d965ccfc6d4b" outcome="Passed" testListId="8c84fa94-04c1-424b-9868-57a2d4851a1d" relativeResultsDirectory="76fac5f4-77b6-4997-8666-0088ac05f788" />
    <UnitTestResult executionId="094bd2e7-e330-461a-8caa-cb47e12efe6f" testId="337fb61c-0417-0206-2b53-a5a13e98e43f" testName="AddUnlicensedDevice_AddSameDeviceTwice_ReturnsTrue" computerName="DKSR-EFI-04" duration="00:00:00.0005051" startTime="2023-12-22T09:36:15.7258322+01:00" endTime="2023-12-22T09:36:15.7258322+01:00" testType="13cdc9d9-ddb5-4fa4-a97d-d965ccfc6d4b" outcome="Passed" testListId="8c84fa94-04c1-424b-9868-57a2d4851a1d" relativeResultsDirectory="094bd2e7-e330-461a-8caa-cb47e12efe6f" />
    <UnitTestResult executionId="b9dce2e0-e8f2-4552-9e4b-be08a59b9955" testId="ed78d81e-22e0-7786-addc-10f6223b5e3d" testName="SetRecorderSpecificConfiguration_ModelIsValid_ActionExecuted" computerName="DKSR-EFI-04" duration="00:00:00.0090426" startTime="2023-12-22T09:33:59.7876332+01:00" endTime="2023-12-22T09:33:59.7876332+01:00" testType="13cdc9d9-ddb5-4fa4-a97d-d965ccfc6d4b" outcome="Passed" testListId="8c84fa94-04c1-424b-9868-57a2d4851a1d" relativeResultsDirectory="b9dce2e0-e8f2-4552-9e4b-be08a59b9955" />
    <UnitTestResult executionId="7940e71c-97e5-4da6-9c77-a79b27d598fc" testId="813b5b28-7c81-3ad5-5878-84ef19d3286f" testName="AllocateLicenses_25Available_AddOneHardwareAtATimeWithTwoDevice" computerName="DKSR-EFI-04" duration="00:00:00.6445180" startTime="2023-12-22T09:35:39.7568926+01:00" endTime="2023-12-22T09:35:40.3975210+01:00" testType="13cdc9d9-ddb5-4fa4-a97d-d965ccfc6d4b" outcome="Passed" testListId="8c84fa94-04c1-424b-9868-57a2d4851a1d" relativeResultsDirectory="7940e71c-97e5-4da6-9c77-a79b27d598fc" />
  </Results>
  <TestDefinitions>
    <UnitTest name="HardwareInGraceNotOnWhiteList_ReplacedWith_HardwareNotOnWhiteList_ShouldGiveDevicesNewGracePeriod" storage="d:\actions-runner\_work\xpco\xpco\corporate\videoos.server.unittests\bin\x64\debug\net472\videoos.server.unittests.dll" id="16f28a98-6694-f574-09da-c04c7b04a14c">
      <TestCategory>
        <TestCategoryItem TestCategory="Licensing Replace Hardware" />
        <TestCategoryItem TestCategory="Licensing" />
      </TestCategory>
      <Execution id="120e083e-7fdf-44b0-8b97-6249cb107aa3" />
      <TestMethod codeBase="D:\actions-runner\_work\XPCO\XPCO\Corporate\VideoOS.Server.UnitTests\bin\x64\Debug\net472\VideoOS.Server.UnitTests.dll" adapterTypeName="executor://mstestadapter/v2" className="VideoOS.Server.UnitTests.Licensing.LicenseAllocatorChannelTests" name="HardwareInGraceNotOnWhiteList_ReplacedWith_HardwareNotOnWhiteList_ShouldGiveDevicesNewGracePeriod" />
    </UnitTest>
    <UnitTest name="HardwareActivatedNotOnWhiteList_NoCameraChannels_ReplacedWith_HardwareNotOnWhiteList_WithCameraChannels" storage="d:\actions-runner\_work\xpco\xpco\corporate\videoos.server.unittests\bin\x64\debug\net472\videoos.server.unittests.dll" id="15c67955-7773-e637-5545-1a3e6f51761c">
      <TestCategory>
        <TestCategoryItem TestCategory="Licensing Replace Hardware" />
        <TestCategoryItem TestCategory="Licensing" />
      </TestCategory>
      <Execution id="b6c73034-ac96-4ed8-9640-d1d662fd1ab2" />
      <TestMethod codeBase="D:\actions-runner\_work\XPCO\XPCO\Corporate\VideoOS.Server.UnitTests\bin\x64\Debug\net472\VideoOS.Server.UnitTests.dll" adapterTypeName="executor://mstestadapter/v2" className="VideoOS.Server.UnitTests.Licensing.LicenseAllocatorChannelTests" name="HardwareActivatedNotOnWhiteList_NoCameraChannels_ReplacedWith_HardwareNotOnWhiteList_WithCameraChannels" />
    </UnitTest>
    <UnitTest name="ChangeHardwarePasswordRuleAction_Execute_SunnyDay_StartIsCalled" storage="d:\actions-runner\_work\xpco\xpco\corporate\videoos.server.unittests\bin\x64\debug\net472\videoos.server.unittests.dll" id="9a4a04f8-718b-072a-5789-1f008e23ed8d">
      <Execution id="1756158f-a236-41e5-bad2-8719732a13f5" />
      <TestMethod codeBase="D:\actions-runner\_work\XPCO\XPCO\Corporate\VideoOS.Server.UnitTests\bin\x64\Debug\net472\VideoOS.Server.UnitTests.dll" adapterTypeName="executor://mstestadapter/v2" className="VideoOS.Server.UnitTests.RuleActions.ChangeHardwarePasswordRuleActionUnitTests" name="ChangeHardwarePasswordRuleAction_Execute_SunnyDay_StartIsCalled" />
    </UnitTest>
    <UnitTest name="AutomaticActivationFailedEvent_GetsFiredAgain_AfterSucessfulOnlineActivation" storage="d:\actions-runner\_work\xpco\xpco\corporate\videoos.server.unittests\bin\x64\debug\net472\videoos.server.unittests.dll" id="b3659f31-f068-a3b4-0c9b-41e1392b69a6">
      <TestCategory>
        <TestCategoryItem TestCategory="Licensing" />
      </TestCategory>
      <Execution id="b2df4784-dd48-4022-b556-c1900673ff9f" />
      <TestMethod codeBase="D:\actions-runner\_work\XPCO\XPCO\Corporate\VideoOS.Server.UnitTests\bin\x64\Debug\net472\VideoOS.Server.UnitTests.dll" adapterTypeName="executor://mstestadapter/v2" className="VideoOS.Server.UnitTests.Licensing.ActivationManagerTests" name="AutomaticActivationFailedEvent_GetsFiredAgain_AfterSucessfulOnlineActivation" />
    </UnitTest>
    <UnitTest name="UpdateHardwareTaskCommandHandler_Apply_InvalidHardwareId_Test" storage="d:\actions-runner\_work\xpco\xpco\corporate\videoos.server.unittests\bin\x64\debug\net472\videoos.server.unittests.dll" id="0559940e-6c3b-5a80-dc60-21dd2e159fd8">
      <Execution id="4c90eeba-5d14-4872-8177-acdae246108a" />
      <TestMethod codeBase="D:\actions-runner\_work\XPCO\XPCO\Corporate\VideoOS.Server.UnitTests\bin\x64\Debug\net472\VideoOS.Server.UnitTests.dll" adapterTypeName="executor://mstestadapter/v2" className="VideoOS.Server.UnitTests.CommandHandler.UpdateHardwareTaskHandlerTests" name="UpdateHardwareTaskCommandHandler_Apply_InvalidHardwareId_Test" />
    </UnitTest>
    <UnitTest name="Validate_AddDeviceToCWA_WithNullMac_ThrowsArgumentNullException" storage="d:\actions-runner\_work\xpco\xpco\corporate\videoos.server.unittests\bin\x64\debug\net472\videoos.server.unittests.dll" id="055ed5c2-5e4f-8716-0112-40bea275f5c2">
      <TestCategory>
        <TestCategoryItem TestCategory="Licensing" />
      </TestCategory>
      <Execution id="bf6384bd-ab98-47b6-a184-96aeff2dce51" />
      <TestMethod codeBase="D:\actions-runner\_work\XPCO\XPCO\Corporate\VideoOS.Server.UnitTests\bin\x64\Debug\net472\VideoOS.Server.UnitTests.dll" adapterTypeName="executor://mstestadapter/v2" className="VideoOS.Server.UnitTests.Licensing.LicenseCountManagerUnitTests" name="Validate_AddDeviceToCWA_WithNullMac_ThrowsArgumentNullException" />
    </UnitTest>
    <UnitTest name="MoveHardwareTaskCommandHandler_Execute_WriteConfigurationDataSetChangesToDatabase_SqlException_FailResponse_UpdateConfigurationFailed" storage="d:\actions-runner\_work\xpco\xpco\corporate\videoos.server.unittests\bin\x64\debug\net472\videoos.server.unittests.dll" id="771af3da-b850-a6a4-7b37-ea0d6e1037c1">
      <Execution id="67451af2-d29a-4d78-99ca-81b323e156a6" />
      <TestMethod codeBase="D:\actions-runner\_work\XPCO\XPCO\Corporate\VideoOS.Server.UnitTests\bin\x64\Debug\net472\VideoOS.Server.UnitTests.dll" adapterTypeName="executor://mstestadapter/v2" className="VideoOS.Server.UnitTests.CommandHandler.MoveHardwareTaskCommandHandlerTests" name="MoveHardwareTaskCommandHandler_Execute_WriteConfigurationDataSetChangesToDatabase_SqlException_FailResponse_UpdateConfigurationFailed" />
    </UnitTest>
    <UnitTest name="MoveHardwareTaskCommandHandler_Execute_MacAddressAlreadyConfigured_FailResponse_HardwareAlreadyConfiguredOnDestinationRecordingServer" storage="d:\actions-runner\_work\xpco\xpco\corporate\videoos.server.unittests\bin\x64\debug\net472\videoos.server.unittests.dll" id="6bc39af6-acd8-4f36-e4e4-d782a1107371">
      <Execution id="5f936a35-20ea-4c95-b6d3-901145b51a32" />
      <TestMethod codeBase="D:\actions-runner\_work\XPCO\XPCO\Corporate\VideoOS.Server.UnitTests\bin\x64\Debug\net472\VideoOS.Server.UnitTests.dll" adapterTypeName="executor://mstestadapter/v2" className="VideoOS.Server.UnitTests.CommandHandler.MoveHardwareTaskCommandHandlerTests" name="MoveHardwareTaskCommandHandler_Execute_MacAddressAlreadyConfigured_FailResponse_HardwareAlreadyConfiguredOnDestinationRecordingServer" />
    </UnitTest>
    <UnitTest name="GetRecorderLicense_WithIcpDisabledHardware_Success" storage="d:\actions-runner\_work\xpco\xpco\corporate\videoos.server.unittests\bin\x64\debug\net472\videoos.server.unittests.dll" id="593aa971-5620-06a4-7e04-53178c3e9541">
      <TestCategory>
        <TestCategoryItem TestCategory="Licensing" />
      </TestCategory>
      <Execution id="1df5fcb4-f732-4a71-ac05-c843014bb9b2" />
      <TestMethod codeBase="D:\actions-runner\_work\XPCO\XPCO\Corporate\VideoOS.Server.UnitTests\bin\x64\Debug\net472\VideoOS.Server.UnitTests.dll" adapterTypeName="executor://mstestadapter/v2" className="VideoOS.Server.UnitTests.Licensing.LicenseManagerUnitTests" name="GetRecorderLicense_WithIcpDisabledHardware_Success" />
    </UnitTest>
    <UnitTest name="GetAbsolutePtzPositionResponse_ModelIsValid_CommandExecuted" storage="d:\actions-runner\_work\xpco\xpco\corporate\videoos.server.unittests\bin\x64\debug\net472\videoos.server.unittests.dll" id="431c62db-9a6d-a27c-7f10-f5fa40a81866">
      <Execution id="d3a4c97d-0f2a-49a8-ab5d-c445508f79d7" />
      <TestMethod codeBase="D:\actions-runner\_work\XPCO\XPCO\Corporate\VideoOS.Server.UnitTests\bin\x64\Debug\net472\VideoOS.Server.UnitTests.dll" adapterTypeName="executor://mstestadapter/v2" className="VideoOS.Server.UnitTests.WebApi.ResponseControllerTest" name="GetAbsolutePtzPositionResponse_ModelIsValid_CommandExecuted" />
    </UnitTest>
    <UnitTest name="Validate_DisabledHardwareNotPartOfLicenseRequest_Success" storage="d:\actions-runner\_work\xpco\xpco\corporate\videoos.server.unittests\bin\x64\debug\net472\videoos.server.unittests.dll" id="34c21c1b-4843-42b3-d975-d5e225bd75ed">
      <TestCategory>
        <TestCategoryItem TestCategory="Licensing" />
      </TestCategory>
      <Execution id="42ac5053-7724-4f3f-b0f7-416687539e73" />
      <TestMethod codeBase="D:\actions-runner\_work\XPCO\XPCO\Corporate\VideoOS.Server.UnitTests\bin\x64\Debug\net472\VideoOS.Server.UnitTests.dll" adapterTypeName="executor://mstestadapter/v2" className="VideoOS.Server.UnitTests.Licensing.LicenseRequestChannelTests" name="Validate_DisabledHardwareNotPartOfLicenseRequest_Success" />
    </UnitTest>
    <UnitTest name="LicenseCountManager_IsHardwareWithoutEnabledCamerasLicensed_Throws_ArgumentNullException_WhenNullValuePassed" storage="d:\actions-runner\_work\xpco\xpco\corporate\videoos.server.unittests\bin\x64\debug\net472\videoos.server.unittests.dll" id="728f977f-d66c-0fb7-ff2d-78067069daae">
      <TestCategory>
        <TestCategoryItem TestCategory="Licensing" />
      </TestCategory>
      <Execution id="564ce855-7056-4271-be81-7146386fff23" />
      <TestMethod codeBase="D:\actions-runner\_work\XPCO\XPCO\Corporate\VideoOS.Server.UnitTests\bin\x64\Debug\net472\VideoOS.Server.UnitTests.dll" adapterTypeName="executor://mstestadapter/v2" className="VideoOS.Server.UnitTests.Licensing.LicenseCountManagerUnitTests" name="LicenseCountManager_IsHardwareWithoutEnabledCamerasLicensed_Throws_ArgumentNullException_WhenNullValuePassed" />
    </UnitTest>
    <UnitTest name="EventCollector_Dispose_Success" storage="d:\actions-runner\_work\xpco\xpco\corporate\videoos.server.unittests\bin\x64\debug\net472\videoos.server.unittests.dll" id="ac15fd27-a253-7dca-7539-8cb0e2493685">
      <Execution id="27ff8791-0aae-4a05-bf2a-0261e31d10c2" />
      <TestMethod codeBase="D:\actions-runner\_work\XPCO\XPCO\Corporate\VideoOS.Server.UnitTests\bin\x64\Debug\net472\VideoOS.Server.UnitTests.dll" adapterTypeName="executor://mstestadapter/v2" className="VideoOS.Server.UnitTests.UpdateConfigurationManagerCommandHandlerTests" name="EventCollector_Dispose_Success" />
    </UnitTest>
    <UnitTest name="AddHardwareUserCommandHandler_Execute_ThrowsIfGivenWrongCommandOrNullParameters" storage="d:\actions-runner\_work\xpco\xpco\corporate\videoos.server.unittests\bin\x64\debug\net472\videoos.server.unittests.dll" id="59289e4d-8682-76ea-4554-4dad5ec11b38">
      <Execution id="3f1aeec7-dad0-43ae-9e8b-ecdcebb85545" />
      <TestMethod codeBase="D:\actions-runner\_work\XPCO\XPCO\Corporate\VideoOS.Server.UnitTests\bin\x64\Debug\net472\VideoOS.Server.UnitTests.dll" adapterTypeName="executor://mstestadapter/v2" className="VideoOS.Server.UnitTests.CommandHandler.AddHardwareUserCommandHandlerServerUnitTests" name="AddHardwareUserCommandHandler_Execute_ThrowsIfGivenWrongCommandOrNullParameters" />
    </UnitTest>
    <UnitTest name="UpdateHardwareTaskCommandHandler_Execute_Timeout_Tests" storage="d:\actions-runner\_work\xpco\xpco\corporate\videoos.server.unittests\bin\x64\debug\net472\videoos.server.unittests.dll" id="0323aafb-b360-5db0-38c2-4fcea4a36eaa">
      <Execution id="521a2628-bb75-4242-8957-bd4376d0bb7e" />
      <TestMethod codeBase="D:\actions-runner\_work\XPCO\XPCO\Corporate\VideoOS.Server.UnitTests\bin\x64\Debug\net472\VideoOS.Server.UnitTests.dll" adapterTypeName="executor://mstestadapter/v2" className="VideoOS.Server.UnitTests.CommandHandler.UpdateHardwareTaskHandlerTests" name="UpdateHardwareTaskCommandHandler_Execute_Timeout_Tests" />
    </UnitTest>
    <UnitTest name="RecorderTaskSuccess_RecorderNotFoundException_Handled" storage="d:\actions-runner\_work\xpco\xpco\corporate\videoos.server.unittests\bin\x64\debug\net472\videoos.server.unittests.dll" id="301c0570-9568-31b5-139e-04af498bd6d4">
      <Execution id="b7dd0736-fb4f-481a-84b4-88a5902bfcdc" />
      <TestMethod codeBase="D:\actions-runner\_work\XPCO\XPCO\Corporate\VideoOS.Server.UnitTests\bin\x64\Debug\net472\VideoOS.Server.UnitTests.dll" adapterTypeName="executor://mstestadapter/v2" className="VideoOS.Server.UnitTests.TaskControllerTests" name="RecorderTaskSuccess_RecorderNotFoundException_Handled" />
    </UnitTest>
    <UnitTest name="UploadFileChunkCommandHandler_Execute_SuccessOnFileAlreadyPresent" storage="d:\actions-runner\_work\xpco\xpco\corporate\videoos.server.unittests\bin\x64\debug\net472\videoos.server.unittests.dll" id="d17694ba-e5c0-8494-e5ba-8ef8d9477485">
      <Execution id="08551d6c-e2e4-44e9-bd5d-719f5f01fb8e" />
      <TestMethod codeBase="D:\actions-runner\_work\XPCO\XPCO\Corporate\VideoOS.Server.UnitTests\bin\x64\Debug\net472\VideoOS.Server.UnitTests.dll" adapterTypeName="executor://mstestadapter/v2" className="VideoOS.Server.UnitTests.CommandHandler.UploadFileChunkCommandHandlerUnitTests" name="UploadFileChunkCommandHandler_Execute_SuccessOnFileAlreadyPresent" />
    </UnitTest>
    <UnitTest name="HardwareInCWANotOnWhiteList_ZeroChannels_ReplacedWith_HardwareNotOnWhiteList_WithChannels_MixedCWAAllowed_SomeDevicesInCWA" storage="d:\actions-runner\_work\xpco\xpco\corporate\videoos.server.unittests\bin\x64\debug\net472\videoos.server.unittests.dll" id="066882ae-b976-dd7f-f7ee-4b8881cd5040">
      <TestCategory>
        <TestCategoryItem TestCategory="Licensing Replace Hardware" />
        <TestCategoryItem TestCategory="Licensing" />
      </TestCategory>
      <Execution id="3262564d-023a-4767-9a65-d75357ad28d9" />
      <TestMethod codeBase="D:\actions-runner\_work\XPCO\XPCO\Corporate\VideoOS.Server.UnitTests\bin\x64\Debug\net472\VideoOS.Server.UnitTests.dll" adapterTypeName="executor://mstestadapter/v2" className="VideoOS.Server.UnitTests.Licensing.LicenseAllocatorChannelTests" name="HardwareInCWANotOnWhiteList_ZeroChannels_ReplacedWith_HardwareNotOnWhiteList_WithChannels_MixedCWAAllowed_SomeDevicesInCWA" />
    </UnitTest>
    <UnitTest name="HardwareInCWAOnWhiteList_ReplacedWithNoInheritance_HardwareNotOnWhiteList_CWAAllowed_MoreChannelsOnReplacedHardware_AllDevicesInCWA" storage="d:\actions-runner\_work\xpco\xpco\corporate\videoos.server.unittests\bin\x64\debug\net472\videoos.server.unittests.dll" id="4809fe71-0e18-5383-8977-1d7aa83ba49b">
      <TestCategory>
        <TestCategoryItem TestCategory="Licensing Replace Hardware" />
        <TestCategoryItem TestCategory="Licensing" />
      </TestCategory>
      <Execution id="dac52cb7-3e48-41a4-8c63-a8951fd74624" />
      <TestMethod codeBase="D:\actions-runner\_work\XPCO\XPCO\Corporate\VideoOS.Server.UnitTests\bin\x64\Debug\net472\VideoOS.Server.UnitTests.dll" adapterTypeName="executor://mstestadapter/v2" className="VideoOS.Server.UnitTests.Licensing.LicenseAllocatorChannelTests" name="HardwareInCWAOnWhiteList_ReplacedWithNoInheritance_HardwareNotOnWhiteList_CWAAllowed_MoreChannelsOnReplacedHardware_AllDevicesInCWA" />
    </UnitTest>
    <UnitTest name="HardwareScanTaskCommandHandler_Execute_UnknownError_FailResponse" storage="d:\actions-runner\_work\xpco\xpco\corporate\videoos.server.unittests\bin\x64\debug\net472\videoos.server.unittests.dll" id="fd13c37a-6d0d-e621-2701-74af31366894">
      <Execution id="66a3d89f-cf5c-4f06-a1ef-4a33aef1f17f" />
      <TestMethod codeBase="D:\actions-runner\_work\XPCO\XPCO\Corporate\VideoOS.Server.UnitTests\bin\x64\Debug\net472\VideoOS.Server.UnitTests.dll" adapterTypeName="executor://mstestadapter/v2" className="VideoOS.Server.UnitTests.CommandHandler.HardwareScanTaskCommandHandlerTest" name="HardwareScanTaskCommandHandler_Execute_UnknownError_FailResponse" />
    </UnitTest>
    <UnitTest name="CheckMsFailoverStatusCommandHandler_Execute_Arguments_Null_Throws" storage="d:\actions-runner\_work\xpco\xpco\corporate\videoos.server.unittests\bin\x64\debug\net472\videoos.server.unittests.dll" id="b765d0cf-1fe6-73b4-d57a-f5ad7d890fbe">
      <Execution id="fb39bb4f-28b7-40a1-960d-01347e9d69b6" />
      <TestMethod codeBase="D:\actions-runner\_work\XPCO\XPCO\Corporate\VideoOS.Server.UnitTests\bin\x64\Debug\net472\VideoOS.Server.UnitTests.dll" adapterTypeName="executor://mstestadapter/v2" className="VideoOS.Server.UnitTests.CommandHandler.CheckMsFailoverStatusCommandHandlerUnitTest" name="CheckMsFailoverStatusCommandHandler_Execute_Arguments_Null_Throws" />
    </UnitTest>
    <UnitTest name="GetRecorderLicense_DoesNotTriggerEvent_OnUsedChangesWithoutActivationLessThanTotal" storage="d:\actions-runner\_work\xpco\xpco\corporate\videoos.server.unittests\bin\x64\debug\net472\videoos.server.unittests.dll" id="21bc7353-47b6-8656-a936-377d58141883">
      <TestCategory>
        <TestCategoryItem TestCategory="Licensing" />
      </TestCategory>
      <Execution id="1e90c52f-4a91-4304-987f-d9fddd73b412" />
      <TestMethod codeBase="D:\actions-runner\_work\XPCO\XPCO\Corporate\VideoOS.Server.UnitTests\bin\x64\Debug\net472\VideoOS.Server.UnitTests.dll" adapterTypeName="executor://mstestadapter/v2" className="VideoOS.Server.UnitTests.Licensing.LicenseManagerUnitTests" name="GetRecorderLicense_DoesNotTriggerEvent_OnUsedChangesWithoutActivationLessThanTotal" />
    </UnitTest>
    <UnitTest name="LicenseCountManager_ReplacementHardware_CountCorrect" storage="d:\actions-runner\_work\xpco\xpco\corporate\videoos.server.unittests\bin\x64\debug\net472\videoos.server.unittests.dll" id="bb3cee59-0e2f-46ea-0724-587b7e96a89c">
      <Execution id="1e3ab7c5-afc0-46dd-8488-a20fee9cec27" />
      <TestMethod codeBase="D:\actions-runner\_work\XPCO\XPCO\Corporate\VideoOS.Server.UnitTests\bin\x64\Debug\net472\VideoOS.Server.UnitTests.dll" adapterTypeName="executor://mstestadapter/v2" className="VideoOS.Server.UnitTests.Licensing.LicenseCountManagerUnitTests" name="LicenseCountManager_ReplacementHardware_CountCorrect" />
    </UnitTest>
    <UnitTest name="GetRecorderTasks_ModelIsValid_Executed" storage="d:\actions-runner\_work\xpco\xpco\corporate\videoos.server.unittests\bin\x64\debug\net472\videoos.server.unittests.dll" id="ca942ca3-b5c9-9985-bebf-57fc1c01b141">
      <Execution id="c3496868-2151-4efb-b26b-723e637cb3fd" />
      <TestMethod codeBase="D:\actions-runner\_work\XPCO\XPCO\Corporate\VideoOS.Server.UnitTests\bin\x64\Debug\net472\VideoOS.Server.UnitTests.dll" adapterTypeName="executor://mstestadapter/v2" className="VideoOS.Server.UnitTests.TaskControllerTests" name="GetRecorderTasks_ModelIsValid_Executed" />
    </UnitTest>
    <UnitTest name="DeleteIdpUserTaskCommandHandlerTests_Constructor_Arguments_Null_Throws" storage="d:\actions-runner\_work\xpco\xpco\corporate\videoos.server.unittests\bin\x64\debug\net472\videoos.server.unittests.dll" id="33394072-2e37-ffe9-9ac0-6514083c90b1">
      <Execution id="9acd790a-0b85-4ed3-99fe-f3440cd61325" />
      <TestMethod codeBase="D:\actions-runner\_work\XPCO\XPCO\Corporate\VideoOS.Server.UnitTests\bin\x64\Debug\net472\VideoOS.Server.UnitTests.dll" adapterTypeName="executor://mstestadapter/v2" className="VideoOS.Server.UnitTests.CommandHandler.DeleteIdpUserTaskCommandHandlerTests" name="DeleteIdpUserTaskCommandHandlerTests_Constructor_Arguments_Null_Throws" />
    </UnitTest>
    <UnitTest name="ChannelLicenseCountManager_ReplacementHardware_ClearByRecorder_DoesNotChangeReplacementLimit" storage="d:\actions-runner\_work\xpco\xpco\corporate\videoos.server.unittests\bin\x64\debug\net472\videoos.server.unittests.dll" id="eb99bd4e-9cc8-e21f-b14f-dc174e20aaf6">
      <TestCategory>
        <TestCategoryItem TestCategory="Licensing" />
      </TestCategory>
      <Execution id="612acdaf-ceee-41b8-91af-3cf301843795" />
      <TestMethod codeBase="D:\actions-runner\_work\XPCO\XPCO\Corporate\VideoOS.Server.UnitTests\bin\x64\Debug\net472\VideoOS.Server.UnitTests.dll" adapterTypeName="executor://mstestadapter/v2" className="VideoOS.Server.UnitTests.Licensing.LicenseCountManagerUnitTests" name="ChannelLicenseCountManager_ReplacementHardware_ClearByRecorder_DoesNotChangeReplacementLimit" />
    </UnitTest>
    <UnitTest name="Validate_IsDeviceInChangesWithoutActivation_Found" storage="d:\actions-runner\_work\xpco\xpco\corporate\videoos.server.unittests\bin\x64\debug\net472\videoos.server.unittests.dll" id="b1ef1835-e836-1dd5-22ee-fc77faa1055a">
      <TestCategory>
        <TestCategoryItem TestCategory="Licensing" />
      </TestCategory>
      <Execution id="49f4be26-8fd7-44ae-92f8-6c1bdc8d0b43" />
      <TestMethod codeBase="D:\actions-runner\_work\XPCO\XPCO\Corporate\VideoOS.Server.UnitTests\bin\x64\Debug\net472\VideoOS.Server.UnitTests.dll" adapterTypeName="executor://mstestadapter/v2" className="VideoOS.Server.UnitTests.Licensing.LicenseCountManagerUnitTests" name="Validate_IsDeviceInChangesWithoutActivation_Found" />
    </UnitTest>
    <UnitTest name="CheckConfigurationDataSet_AAC_Device_WithAACSetting_NotLicensed_Throws_ServerServiceException" storage="d:\actions-runner\_work\xpco\xpco\corporate\videoos.server.unittests\bin\x64\debug\net472\videoos.server.unittests.dll" id="38a7d535-346f-78cb-eabe-acccdfeeda1d">
      <Execution id="efafd223-e1d3-4fdd-92e1-bac3d82b632e" />
      <TestMethod codeBase="D:\actions-runner\_work\XPCO\XPCO\Corporate\VideoOS.Server.UnitTests\bin\x64\Debug\net472\VideoOS.Server.UnitTests.dll" adapterTypeName="executor://mstestadapter/v2" className="VideoOS.Server.UnitTests.Licensing.LicenseFeatureCheckerTest" name="CheckConfigurationDataSet_AAC_Device_WithAACSetting_NotLicensed_Throws_ServerServiceException" />
    </UnitTest>
    <UnitTest name="AttachedRecorder_UnRegisterByServiceId_Success" storage="d:\actions-runner\_work\xpco\xpco\corporate\videoos.server.unittests\bin\x64\debug\net472\videoos.server.unittests.dll" id="19e0065c-08a7-5ba5-ca84-780ca3448b65">
      <Execution id="d970f9aa-115e-4de9-b079-fbe3ae3b5140" />
      <TestMethod codeBase="D:\actions-runner\_work\XPCO\XPCO\Corporate\VideoOS.Server.UnitTests\bin\x64\Debug\net472\VideoOS.Server.UnitTests.dll" adapterTypeName="executor://mstestadapter/v2" className="VideoOS.Server.UnitTests.AttachedRecorderTests" name="AttachedRecorder_UnRegisterByServiceId_Success" />
    </UnitTest>
    <UnitTest name="CreateLicenseRequest_NoMIPPluginsLicenseRequests" storage="d:\actions-runner\_work\xpco\xpco\corporate\videoos.server.unittests\bin\x64\debug\net472\videoos.server.unittests.dll" id="5b005db0-dbda-6e84-dc97-4d7a85295d97">
      <TestCategory>
        <TestCategoryItem TestCategory="Licensing" />
      </TestCategory>
      <Execution id="4dc9e3c5-4dc8-4ad6-921c-796cb3a25443" />
      <TestMethod codeBase="D:\actions-runner\_work\XPCO\XPCO\Corporate\VideoOS.Server.UnitTests\bin\x64\Debug\net472\VideoOS.Server.UnitTests.dll" adapterTypeName="executor://mstestadapter/v2" className="VideoOS.Server.UnitTests.Licensing.LicenseManagerUnitTests" name="CreateLicenseRequest_NoMIPPluginsLicenseRequests" />
    </UnitTest>
    <UnitTest name="CreateLicenseInformationXml_HasEmptyCalculationResultListInReportInformationSection_OnHardwareLicensing" storage="d:\actions-runner\_work\xpco\xpco\corporate\videoos.server.unittests\bin\x64\debug\net472\videoos.server.unittests.dll" id="27eead9d-95e5-867e-bdf7-c830e0d88b40">
      <TestCategory>
        <TestCategoryItem TestCategory="Licensing" />
      </TestCategory>
      <Execution id="b7b4d7b6-eabc-4655-bd21-32986cf09799" />
      <TestMethod codeBase="D:\actions-runner\_work\XPCO\XPCO\Corporate\VideoOS.Server.UnitTests\bin\x64\Debug\net472\VideoOS.Server.UnitTests.dll" adapterTypeName="executor://mstestadapter/v2" className="VideoOS.Server.UnitTests.Licensing.LicenseInfoXmlWriterTests" name="CreateLicenseInformationXml_HasEmptyCalculationResultListInReportInformationSection_OnHardwareLicensing" />
    </UnitTest>
    <UnitTest name="HardwareScanTaskCommandHandler_Execute_DiscoveryComponent_FailResponse" storage="d:\actions-runner\_work\xpco\xpco\corporate\videoos.server.unittests\bin\x64\debug\net472\videoos.server.unittests.dll" id="50465595-5bd1-d998-d3e5-5eb43c8407cb">
      <Execution id="b6b7564d-49a6-41e0-b91e-da674f2545c5" />
      <TestMethod codeBase="D:\actions-runner\_work\XPCO\XPCO\Corporate\VideoOS.Server.UnitTests\bin\x64\Debug\net472\VideoOS.Server.UnitTests.dll" adapterTypeName="executor://mstestadapter/v2" className="VideoOS.Server.UnitTests.CommandHandler.HardwareScanTaskCommandHandlerTest" name="HardwareScanTaskCommandHandler_Execute_DiscoveryComponent_FailResponse" />
    </UnitTest>
    <UnitTest name="EvidenceLockUpdateScheduler_Start_Stop__Dispose_Success" storage="d:\actions-runner\_work\xpco\xpco\corporate\videoos.server.unittests\bin\x64\debug\net472\videoos.server.unittests.dll" id="fca1f8fe-7df4-4fdb-ec09-dc9d5e651af4">
      <Execution id="60b3bb8a-ed07-4c30-a3c3-e925e39d5782" />
      <TestMethod codeBase="D:\actions-runner\_work\XPCO\XPCO\Corporate\VideoOS.Server.UnitTests\bin\x64\Debug\net472\VideoOS.Server.UnitTests.dll" adapterTypeName="executor://mstestadapter/v2" className="VideoOS.Server.UnitTests.EvidenceLockUpdateSchedulerUnitTests" name="EvidenceLockUpdateScheduler_Start_Stop__Dispose_Success" />
    </UnitTest>
    <UnitTest name="GetRecorderLicense_NoICP_OneHardware_Success" storage="d:\actions-runner\_work\xpco\xpco\corporate\videoos.server.unittests\bin\x64\debug\net472\videoos.server.unittests.dll" id="c78dca9a-63e5-01e6-bb96-2b386d6c1931">
      <TestCategory>
        <TestCategoryItem TestCategory="Licensing" />
      </TestCategory>
      <Execution id="8ed04320-b38b-4c8f-a808-169729872a4a" />
      <TestMethod codeBase="D:\actions-runner\_work\XPCO\XPCO\Corporate\VideoOS.Server.UnitTests\bin\x64\Debug\net472\VideoOS.Server.UnitTests.dll" adapterTypeName="executor://mstestadapter/v2" className="VideoOS.Server.UnitTests.Licensing.LicenseManagerUnitTests" name="GetRecorderLicense_NoICP_OneHardware_Success" />
    </UnitTest>
    <UnitTest name="GetRecorderLicense_DevicesGetNewGrace_OnReplacingHardwareAndCBL" storage="d:\actions-runner\_work\xpco\xpco\corporate\videoos.server.unittests\bin\x64\debug\net472\videoos.server.unittests.dll" id="7199b2e8-d37d-e7bc-0513-bee38372c236">
      <TestCategory>
        <TestCategoryItem TestCategory="Licensing" />
        <TestCategoryItem TestCategory="CBL" />
      </TestCategory>
      <Execution id="4c6c95ac-3543-493f-a0ec-fd14bd6f6343" />
      <TestMethod codeBase="D:\actions-runner\_work\XPCO\XPCO\Corporate\VideoOS.Server.UnitTests\bin\x64\Debug\net472\VideoOS.Server.UnitTests.dll" adapterTypeName="executor://mstestadapter/v2" className="VideoOS.Server.UnitTests.Licensing.LicenseManagerUnitTests" name="GetRecorderLicense_DevicesGetNewGrace_OnReplacingHardwareAndCBL" />
    </UnitTest>
    <UnitTest name="LicenseCountManager_CameraFeed_IsCameraFeedLicensed_Success" storage="d:\actions-runner\_work\xpco\xpco\corporate\videoos.server.unittests\bin\x64\debug\net472\videoos.server.unittests.dll" id="fd9025a8-52cf-f193-614f-39981499d049">
      <Execution id="a4a8bbd5-858e-44ca-8ce5-cebd10b9ecfd" />
      <TestMethod codeBase="D:\actions-runner\_work\XPCO\XPCO\Corporate\VideoOS.Server.UnitTests\bin\x64\Debug\net472\VideoOS.Server.UnitTests.dll" adapterTypeName="executor://mstestadapter/v2" className="VideoOS.Server.UnitTests.Licensing.LicenseCountManagerUnitTests" name="LicenseCountManager_CameraFeed_IsCameraFeedLicensed_Success" />
    </UnitTest>
    <UnitTest name="ReplaceHardwareTaskCommandHandler_DeviceMapper_NoOldDevices_Test" storage="d:\actions-runner\_work\xpco\xpco\corporate\videoos.server.unittests\bin\x64\debug\net472\videoos.server.unittests.dll" id="ca21c352-2de4-61fe-d80f-2087fb492d99">
      <Execution id="81c33ccb-8b3a-4e7b-849d-bbe4a7ec1eb3" />
      <TestMethod codeBase="D:\actions-runner\_work\XPCO\XPCO\Corporate\VideoOS.Server.UnitTests\bin\x64\Debug\net472\VideoOS.Server.UnitTests.dll" adapterTypeName="executor://mstestadapter/v2" className="VideoOS.Server.UnitTests.CommandHandler.ReplaceHardwareTaskCommandHandlerUnitTests" name="ReplaceHardwareTaskCommandHandler_DeviceMapper_NoOldDevices_Test" />
    </UnitTest>
    <UnitTest name="DeviceDataDistributionManager_CleanupAll_QueryDeviceDataDistributionThrowsSqlException_Handled" storage="d:\actions-runner\_work\xpco\xpco\corporate\videoos.server.unittests\bin\x64\debug\net472\videoos.server.unittests.dll" id="1783a21f-8911-67d2-551f-bb139a696d28">
      <Execution id="007d5128-2825-423c-a030-297e767989cb" />
      <TestMethod codeBase="D:\actions-runner\_work\XPCO\XPCO\Corporate\VideoOS.Server.UnitTests\bin\x64\Debug\net472\VideoOS.Server.UnitTests.dll" adapterTypeName="executor://mstestadapter/v2" className="VideoOS.Server.UnitTests.DeviceDataDistributionManagerUnitTests" name="DeviceDataDistributionManager_CleanupAll_QueryDeviceDataDistributionThrowsSqlException_Handled" />
    </UnitTest>
    <UnitTest name="UpdateEvidenceLockSizesCommandHandlerTests_UpdateOneEvidenceLocksSize_EvidenceLockNotFound_SuccessResponse" storage="d:\actions-runner\_work\xpco\xpco\corporate\videoos.server.unittests\bin\x64\debug\net472\videoos.server.unittests.dll" id="444d1cf6-1f18-a3fd-07af-a979190122f2">
      <Execution id="114ce9ff-5038-4434-bf95-28c6c9453045" />
      <TestMethod codeBase="D:\actions-runner\_work\XPCO\XPCO\Corporate\VideoOS.Server.UnitTests\bin\x64\Debug\net472\VideoOS.Server.UnitTests.dll" adapterTypeName="executor://mstestadapter/v2" className="VideoOS.Server.UnitTests.CommandHandler.UpdateEvidenceLockSizesCommandHandlerTests" name="UpdateEvidenceLockSizesCommandHandlerTests_UpdateOneEvidenceLocksSize_EvidenceLockNotFound_SuccessResponse" />
    </UnitTest>
    <UnitTest name="SetRecorderInformation_ModelIsValid_CommandExecuted" storage="d:\actions-runner\_work\xpco\xpco\corporate\videoos.server.unittests\bin\x64\debug\net472\videoos.server.unittests.dll" id="8990191b-24ce-f4c6-9621-98b8def434fa">
      <Execution id="d69ec78b-b867-471a-92eb-e228712b73f8" />
      <TestMethod codeBase="D:\actions-runner\_work\XPCO\XPCO\Corporate\VideoOS.Server.UnitTests\bin\x64\Debug\net472\VideoOS.Server.UnitTests.dll" adapterTypeName="executor://mstestadapter/v2" className="VideoOS.Server.UnitTests.WebApi.Controllers.RecorderRegistrationControllerTests" name="SetRecorderInformation_ModelIsValid_CommandExecuted" />
    </UnitTest>
    <UnitTest name="UpdateLicense_AllocatesOneLicense_OnSameHwOnTwoRecordingServers_WithFirstActivatedAndSecondEmpty" storage="d:\actions-runner\_work\xpco\xpco\corporate\videoos.server.unittests\bin\x64\debug\net472\videoos.server.unittests.dll" id="9497f287-fca6-cbcb-6286-4ae81982a46d">
      <TestCategory>
        <TestCategoryItem TestCategory="Licensing" />
      </TestCategory>
      <Execution id="36974b5c-1d12-47d9-86dd-309d91e403a9" />
      <TestMethod codeBase="D:\actions-runner\_work\XPCO\XPCO\Corporate\VideoOS.Server.UnitTests\bin\x64\Debug\net472\VideoOS.Server.UnitTests.dll" adapterTypeName="executor://mstestadapter/v2" className="VideoOS.Server.UnitTests.Licensing.LicenseManagerUnitTests" name="UpdateLicense_AllocatesOneLicense_OnSameHwOnTwoRecordingServers_WithFirstActivatedAndSecondEmpty" />
    </UnitTest>
    <UnitTest name="HardwareInGraceNotOnWhiteList_ReplacedWithNoInheritance_HardwareOnWhiteList_ShouldGiveHardwareNewGracePeriod" storage="d:\actions-runner\_work\xpco\xpco\corporate\videoos.server.unittests\bin\x64\debug\net472\videoos.server.unittests.dll" id="8e5a95f7-d7d9-75e4-65bd-b586948a07a8">
      <TestCategory>
        <TestCategoryItem TestCategory="Licensing Replace Hardware" />
        <TestCategoryItem TestCategory="Licensing" />
      </TestCategory>
      <Execution id="b3db9543-f3f8-4751-a2c8-2bff0c925b16" />
      <TestMethod codeBase="D:\actions-runner\_work\XPCO\XPCO\Corporate\VideoOS.Server.UnitTests\bin\x64\Debug\net472\VideoOS.Server.UnitTests.dll" adapterTypeName="executor://mstestadapter/v2" className="VideoOS.Server.UnitTests.Licensing.LicenseAllocatorChannelTests" name="HardwareInGraceNotOnWhiteList_ReplacedWithNoInheritance_HardwareOnWhiteList_ShouldGiveHardwareNewGracePeriod" />
    </UnitTest>
    <UnitTest name="SuccessResponse_ModelIsNull_BadRequestResult" storage="d:\actions-runner\_work\xpco\xpco\corporate\videoos.server.unittests\bin\x64\debug\net472\videoos.server.unittests.dll" id="de9a4295-a58a-11d2-bd90-4d4252c4beb3">
      <Execution id="4b7c63f7-4e3d-4bd6-9f4e-b1619a5cd886" />
      <TestMethod codeBase="D:\actions-runner\_work\XPCO\XPCO\Corporate\VideoOS.Server.UnitTests\bin\x64\Debug\net472\VideoOS.Server.UnitTests.dll" adapterTypeName="executor://mstestadapter/v2" className="VideoOS.Server.UnitTests.WebApi.ResponseControllerTest" name="SuccessResponse_ModelIsNull_BadRequestResult" />
    </UnitTest>
    <UnitTest name="HardwareScanExpressTaskCommandHandler_Execute_DriverNotFound_FailResponse" storage="d:\actions-runner\_work\xpco\xpco\corporate\videoos.server.unittests\bin\x64\debug\net472\videoos.server.unittests.dll" id="5587b530-a160-aaf8-5514-63c972d7eb37">
      <Execution id="4f12572e-5bb8-45ca-ba99-1942e96f7156" />
      <TestMethod codeBase="D:\actions-runner\_work\XPCO\XPCO\Corporate\VideoOS.Server.UnitTests\bin\x64\Debug\net472\VideoOS.Server.UnitTests.dll" adapterTypeName="executor://mstestadapter/v2" className="VideoOS.Server.UnitTests.CommandHandler.HardwareScanExpressTaskCommandHandlerTest" name="HardwareScanExpressTaskCommandHandler_Execute_DriverNotFound_FailResponse" />
    </UnitTest>
    <UnitTest name="FailResponse_ModelIsValid_CommandExecuted" storage="d:\actions-runner\_work\xpco\xpco\corporate\videoos.server.unittests\bin\x64\debug\net472\videoos.server.unittests.dll" id="f98d7fd7-35b5-697e-34c0-0ff1a3a3889c">
      <Execution id="2a2833b0-dc1c-44ff-b1c8-34beca534c54" />
      <TestMethod codeBase="D:\actions-runner\_work\XPCO\XPCO\Corporate\VideoOS.Server.UnitTests\bin\x64\Debug\net472\VideoOS.Server.UnitTests.dll" adapterTypeName="executor://mstestadapter/v2" className="VideoOS.Server.UnitTests.WebApi.ResponseControllerTest" name="FailResponse_ModelIsValid_CommandExecuted" />
    </UnitTest>
    <UnitTest name="SnapshotOfCurrentHardwareToLicense_ClearsStoredValues_OnBeingCalledTwice" storage="d:\actions-runner\_work\xpco\xpco\corporate\videoos.server.unittests\bin\x64\debug\net472\videoos.server.unittests.dll" id="72c070c1-f7a1-048d-ac24-be0b04f5eb09">
      <TestCategory>
        <TestCategoryItem TestCategory="Licensing" />
      </TestCategory>
      <Execution id="6e6cc7e1-893c-4646-b963-07db87e05ad7" />
      <TestMethod codeBase="D:\actions-runner\_work\XPCO\XPCO\Corporate\VideoOS.Server.UnitTests\bin\x64\Debug\net472\VideoOS.Server.UnitTests.dll" adapterTypeName="executor://mstestadapter/v2" className="VideoOS.Server.UnitTests.Licensing.LicenseRequestChannelTests" name="SnapshotOfCurrentHardwareToLicense_ClearsStoredValues_OnBeingCalledTwice" />
    </UnitTest>
    <UnitTest name="LoadTemporaryHardwareChangesWithoutActivationIdentifiers_HardwareAndDevicesInCWA_ReturnsCWAIdentifiers" storage="d:\actions-runner\_work\xpco\xpco\corporate\videoos.server.unittests\bin\x64\debug\net472\videoos.server.unittests.dll" id="6e52751a-538c-2d39-5d97-bf8a9ed56a9c">
      <Execution id="0b6a161b-5a45-4a7a-a496-b5960f55b2da" />
      <TestMethod codeBase="D:\actions-runner\_work\XPCO\XPCO\Corporate\VideoOS.Server.UnitTests\bin\x64\Debug\net472\VideoOS.Server.UnitTests.dll" adapterTypeName="executor://mstestadapter/v2" className="VideoOS.Server.UnitTests.Licensing.TemporaryLicenseStorageUnitTests" name="LoadTemporaryHardwareChangesWithoutActivationIdentifiers_HardwareAndDevicesInCWA_ReturnsCWAIdentifiers" />
    </UnitTest>
    <UnitTest name="GetRecorderLicense_DoesNotTriggerEvent_OnTotalChangesAllowedGoingUpAndNoDevicesInGrace" storage="d:\actions-runner\_work\xpco\xpco\corporate\videoos.server.unittests\bin\x64\debug\net472\videoos.server.unittests.dll" id="fd987f8b-a06e-d797-ac3f-7a71eb01d499">
      <TestCategory>
        <TestCategoryItem TestCategory="Licensing" />
      </TestCategory>
      <Execution id="8b612584-1e90-47ab-b302-efc432a06a56" />
      <TestMethod codeBase="D:\actions-runner\_work\XPCO\XPCO\Corporate\VideoOS.Server.UnitTests\bin\x64\Debug\net472\VideoOS.Server.UnitTests.dll" adapterTypeName="executor://mstestadapter/v2" className="VideoOS.Server.UnitTests.Licensing.LicenseManagerUnitTests" name="GetRecorderLicense_DoesNotTriggerEvent_OnTotalChangesAllowedGoingUpAndNoDevicesInGrace" />
    </UnitTest>
    <UnitTest name="Validate_ClearChangesWithoutActivation_RemovesSomeHardwareAndDevices" storage="d:\actions-runner\_work\xpco\xpco\corporate\videoos.server.unittests\bin\x64\debug\net472\videoos.server.unittests.dll" id="1a160085-e2e0-6b05-b0a8-e0baf69c094c">
      <TestCategory>
        <TestCategoryItem TestCategory="Licensing" />
      </TestCategory>
      <Execution id="2ecf7a74-6b34-4061-b923-5fe463bb0182" />
      <TestMethod codeBase="D:\actions-runner\_work\XPCO\XPCO\Corporate\VideoOS.Server.UnitTests\bin\x64\Debug\net472\VideoOS.Server.UnitTests.dll" adapterTypeName="executor://mstestadapter/v2" className="VideoOS.Server.UnitTests.Licensing.LicenseCountManagerUnitTests" name="Validate_ClearChangesWithoutActivation_RemovesSomeHardwareAndDevices" />
    </UnitTest>
    <UnitTest name="ReplaceHardwareTaskCommandHandler_DeviceMapper_Fail_NotMatchingHwids_Test" storage="d:\actions-runner\_work\xpco\xpco\corporate\videoos.server.unittests\bin\x64\debug\net472\videoos.server.unittests.dll" id="02a5d1b5-54c4-7b9e-575f-d33c2ef2a7b5">
      <Execution id="8ebb8769-6d41-4f0a-9466-16d677e1ad92" />
      <TestMethod codeBase="D:\actions-runner\_work\XPCO\XPCO\Corporate\VideoOS.Server.UnitTests\bin\x64\Debug\net472\VideoOS.Server.UnitTests.dll" adapterTypeName="executor://mstestadapter/v2" className="VideoOS.Server.UnitTests.CommandHandler.ReplaceHardwareTaskCommandHandlerUnitTests" name="ReplaceHardwareTaskCommandHandler_DeviceMapper_Fail_NotMatchingHwids_Test" />
    </UnitTest>
    <UnitTest name="DeleteConfigurationItemCommandHandler_Execute_DeleteHardware_Success" storage="d:\actions-runner\_work\xpco\xpco\corporate\videoos.server.unittests\bin\x64\debug\net472\videoos.server.unittests.dll" id="b3ea2405-989d-bda5-2d70-dd8fbc63cffd">
      <Execution id="abda35b7-3b2d-4f37-a07e-ec196ecaebef" />
      <TestMethod codeBase="D:\actions-runner\_work\XPCO\XPCO\Corporate\VideoOS.Server.UnitTests\bin\x64\Debug\net472\VideoOS.Server.UnitTests.dll" adapterTypeName="executor://mstestadapter/v2" className="VideoOS.Server.UnitTests.CommandHandler.DeleteConfigurationItemCommandHandlerUnitTests" name="DeleteConfigurationItemCommandHandler_Execute_DeleteHardware_Success" />
    </UnitTest>
    <UnitTest name="Ctor_ClientNull_ThrowsArgumentNullException" storage="d:\actions-runner\_work\xpco\xpco\corporate\videoos.server.unittests\bin\x64\debug\net472\videoos.server.unittests.dll" id="02f71eed-2fe3-41fa-eea5-82491d9b4574">
      <Execution id="c8023ff5-b961-4b44-bc8f-16c84631ab42" />
      <TestMethod codeBase="D:\actions-runner\_work\XPCO\XPCO\Corporate\VideoOS.Server.UnitTests\bin\x64\Debug\net472\VideoOS.Server.UnitTests.dll" adapterTypeName="executor://mstestadapter/v2" className="VideoOS.Server.UnitTests.Log.IdpLogRetrieverTests" name="Ctor_ClientNull_ThrowsArgumentNullException" />
    </UnitTest>
    <UnitTest name="AllocateLicenses_2ICPHardware15ChannelsAnd0NormalHardwareWith10ActivatedICP_ShouldGet5GraceICP_On20ICPLicenses" storage="d:\actions-runner\_work\xpco\xpco\corporate\videoos.server.unittests\bin\x64\debug\net472\videoos.server.unittests.dll" id="00acff8b-2ccb-eea5-ee25-96f94758bef2">
      <TestCategory>
        <TestCategoryItem TestCategory="Licensing" />
      </TestCategory>
      <Execution id="011438cc-483c-49b1-9244-381066b7f00f" />
      <TestMethod codeBase="D:\actions-runner\_work\XPCO\XPCO\Corporate\VideoOS.Server.UnitTests\bin\x64\Debug\net472\VideoOS.Server.UnitTests.dll" adapterTypeName="executor://mstestadapter/v2" className="VideoOS.Server.UnitTests.Licensing.LicenseAllocatorChannelTests" name="AllocateLicenses_2ICPHardware15ChannelsAnd0NormalHardwareWith10ActivatedICP_ShouldGet5GraceICP_On20ICPLicenses" />
    </UnitTest>
    <UnitTest name="DeleteConfigurationItemCommandHandler_Execute_NullChecks" storage="d:\actions-runner\_work\xpco\xpco\corporate\videoos.server.unittests\bin\x64\debug\net472\videoos.server.unittests.dll" id="2894ae62-0a5e-3444-1809-89acb83b0dbe">
      <Execution id="b2d8bfd8-75e0-49b0-978d-1296472c615f" />
      <TestMethod codeBase="D:\actions-runner\_work\XPCO\XPCO\Corporate\VideoOS.Server.UnitTests\bin\x64\Debug\net472\VideoOS.Server.UnitTests.dll" adapterTypeName="executor://mstestadapter/v2" className="VideoOS.Server.UnitTests.CommandHandler.DeleteConfigurationItemCommandHandlerUnitTests" name="DeleteConfigurationItemCommandHandler_Execute_NullChecks" />
    </UnitTest>
    <UnitTest name="AutomaticActivationFailedEvent_IsForwardedThroughLicenseManager" storage="d:\actions-runner\_work\xpco\xpco\corporate\videoos.server.unittests\bin\x64\debug\net472\videoos.server.unittests.dll" id="0692149d-061c-982d-3d4f-ebaa7c87c549">
      <TestCategory>
        <TestCategoryItem TestCategory="Licensing" />
      </TestCategory>
      <Execution id="13d5b0d1-9f7b-4265-a54a-d1a0d3e88f60" />
      <TestMethod codeBase="D:\actions-runner\_work\XPCO\XPCO\Corporate\VideoOS.Server.UnitTests\bin\x64\Debug\net472\VideoOS.Server.UnitTests.dll" adapterTypeName="executor://mstestadapter/v2" className="VideoOS.Server.UnitTests.Licensing.LicenseManagerUnitTests" name="AutomaticActivationFailedEvent_IsForwardedThroughLicenseManager" />
    </UnitTest>
    <UnitTest name="HardwareScanExpressTaskCommandHandler_Execute_DiscoveryComponent_FailResponse" storage="d:\actions-runner\_work\xpco\xpco\corporate\videoos.server.unittests\bin\x64\debug\net472\videoos.server.unittests.dll" id="b447d6e1-0886-4836-f5c4-a0d3266ea115">
      <Execution id="380f1605-9e5f-4592-aba7-8d46fa3413f7" />
      <TestMethod codeBase="D:\actions-runner\_work\XPCO\XPCO\Corporate\VideoOS.Server.UnitTests\bin\x64\Debug\net472\VideoOS.Server.UnitTests.dll" adapterTypeName="executor://mstestadapter/v2" className="VideoOS.Server.UnitTests.CommandHandler.HardwareScanExpressTaskCommandHandlerTest" name="HardwareScanExpressTaskCommandHandler_Execute_DiscoveryComponent_FailResponse" />
    </UnitTest>
    <UnitTest name="FilterTrackIds_ModelIsValid_CommandExecuted" storage="d:\actions-runner\_work\xpco\xpco\corporate\videoos.server.unittests\bin\x64\debug\net472\videoos.server.unittests.dll" id="1e32982b-dcf0-dc6d-6443-5d1de7b120a4">
      <Execution id="8d81181b-bfdc-4b8b-b829-0bd1ca8dc47e" />
      <TestMethod codeBase="D:\actions-runner\_work\XPCO\XPCO\Corporate\VideoOS.Server.UnitTests\bin\x64\Debug\net472\VideoOS.Server.UnitTests.dll" adapterTypeName="executor://mstestadapter/v2" className="VideoOS.Server.UnitTests.RecorderControllerTest" name="FilterTrackIds_ModelIsValid_CommandExecuted" />
    </UnitTest>
    <UnitTest name="AnalyzeAndCreateAuditLogs_DeletedSecurityPermissionsDeviceRowWithDEVICESPEAKPRIORITYAtrributeDefaultPriority_ReturnsOneAuditLog" storage="d:\actions-runner\_work\xpco\xpco\corporate\videoos.server.unittests\bin\x64\debug\net472\videoos.server.unittests.dll" id="7de72132-1cd2-24ce-040a-81cf45b201bd">
      <Execution id="533b7e85-09ad-4c22-886a-b5d2ae10863c" />
      <TestMethod codeBase="D:\actions-runner\_work\XPCO\XPCO\Corporate\VideoOS.Server.UnitTests\bin\x64\Debug\net472\VideoOS.Server.UnitTests.dll" adapterTypeName="executor://mstestadapter/v2" className="VideoOS.Server.UnitTests.CommandHandler.DataSetAuditLogAnalyzerTests" name="AnalyzeAndCreateAuditLogs_DeletedSecurityPermissionsDeviceRowWithDEVICESPEAKPRIORITYAtrributeDefaultPriority_ReturnsOneAuditLog" />
    </UnitTest>
    <UnitTest name="EvidenceLockOnOldRecorderCommandHandlerTests_OldRecV1_ConfigAdd2Rows" storage="d:\actions-runner\_work\xpco\xpco\corporate\videoos.server.unittests\bin\x64\debug\net472\videoos.server.unittests.dll" id="788399bd-9b38-c432-7e4a-52602c4871ea">
      <Execution id="c97c8a7a-a2e4-4c84-b542-40dc483cc4d9" />
      <TestMethod codeBase="D:\actions-runner\_work\XPCO\XPCO\Corporate\VideoOS.Server.UnitTests\bin\x64\Debug\net472\VideoOS.Server.UnitTests.dll" adapterTypeName="executor://mstestadapter/v2" className="VideoOS.Server.UnitTests.CommandHandler.EvidenceLockOnOldRecorderCommandHandlerTests" name="EvidenceLockOnOldRecorderCommandHandlerTests_OldRecV1_ConfigAdd2Rows" />
    </UnitTest>
    <UnitTest name="HardwareActivatedNotOnWhiteList_ReplacedWithInheritance_HardwareNotOnWhiteList_NoCWAAllowed_AllDevicesInGrace" storage="d:\actions-runner\_work\xpco\xpco\corporate\videoos.server.unittests\bin\x64\debug\net472\videoos.server.unittests.dll" id="56f6c4c3-2604-c015-29ad-92d62b733dfd">
      <TestCategory>
        <TestCategoryItem TestCategory="Licensing Replace Hardware" />
        <TestCategoryItem TestCategory="Licensing" />
      </TestCategory>
      <Execution id="f9279c10-63cc-47e6-8dc9-8e2238e7a5f9" />
      <TestMethod codeBase="D:\actions-runner\_work\XPCO\XPCO\Corporate\VideoOS.Server.UnitTests\bin\x64\Debug\net472\VideoOS.Server.UnitTests.dll" adapterTypeName="executor://mstestadapter/v2" className="VideoOS.Server.UnitTests.Licensing.LicenseAllocatorChannelTests" name="HardwareActivatedNotOnWhiteList_ReplacedWithInheritance_HardwareNotOnWhiteList_NoCWAAllowed_AllDevicesInGrace" />
    </UnitTest>
    <UnitTest name="HardwareActivatedNotOnWhiteList_ReplacedWith_HardwareNotOnWhiteList_NoCameraChannels" storage="d:\actions-runner\_work\xpco\xpco\corporate\videoos.server.unittests\bin\x64\debug\net472\videoos.server.unittests.dll" id="aa54e5c8-4842-fdf7-6d33-fe6b056034b3">
      <TestCategory>
        <TestCategoryItem TestCategory="Licensing Replace Hardware" />
        <TestCategoryItem TestCategory="Licensing" />
      </TestCategory>
      <Execution id="c627af2a-25a2-4595-bf7a-0f2c8855f337" />
      <TestMethod codeBase="D:\actions-runner\_work\XPCO\XPCO\Corporate\VideoOS.Server.UnitTests\bin\x64\Debug\net472\VideoOS.Server.UnitTests.dll" adapterTypeName="executor://mstestadapter/v2" className="VideoOS.Server.UnitTests.Licensing.LicenseAllocatorChannelTests" name="HardwareActivatedNotOnWhiteList_ReplacedWith_HardwareNotOnWhiteList_NoCameraChannels" />
    </UnitTest>
    <UnitTest name="UpdateHardwareDriverCommandHandler_Clone_Returns_Same_Reference" storage="d:\actions-runner\_work\xpco\xpco\corporate\videoos.server.unittests\bin\x64\debug\net472\videoos.server.unittests.dll" id="0f8e1705-bc99-3da9-75ac-ad79fe32133d">
      <Execution id="3f7c69ee-5289-4cfa-ad33-e851c6d23f27" />
      <TestMethod codeBase="D:\actions-runner\_work\XPCO\XPCO\Corporate\VideoOS.Server.UnitTests\bin\x64\Debug\net472\VideoOS.Server.UnitTests.dll" adapterTypeName="executor://mstestadapter/v2" className="VideoOS.Server.UnitTests.CommandHandler.UpdateHardwareDriverCommandHandlerTests" name="UpdateHardwareDriverCommandHandler_Clone_Returns_Same_Reference" />
    </UnitTest>
    <UnitTest name="CheckConfigurationDataSetTest_FailoverSecondaryNotLicensedFail" storage="d:\actions-runner\_work\xpco\xpco\corporate\videoos.server.unittests\bin\x64\debug\net472\videoos.server.unittests.dll" id="d1a85bea-6f17-0a0b-8d00-a425fc7bb217">
      <Execution id="da95d15c-c722-4938-96ac-1efca615ea10" />
      <TestMethod codeBase="D:\actions-runner\_work\XPCO\XPCO\Corporate\VideoOS.Server.UnitTests\bin\x64\Debug\net472\VideoOS.Server.UnitTests.dll" adapterTypeName="executor://mstestadapter/v2" className="VideoOS.Server.UnitTests.Licensing.LicenseFeatureCheckerTest" name="CheckConfigurationDataSetTest_FailoverSecondaryNotLicensedFail" />
    </UnitTest>
    <UnitTest name="DeleteConfigurationItemCommandHandler_Execute_DeleteRecorder_Success" storage="d:\actions-runner\_work\xpco\xpco\corporate\videoos.server.unittests\bin\x64\debug\net472\videoos.server.unittests.dll" id="d5fb2644-d797-3a4e-6531-1a75c8d65408">
      <Execution id="5ecc837e-6953-439f-b4d0-7f3232b3693e" />
      <TestMethod codeBase="D:\actions-runner\_work\XPCO\XPCO\Corporate\VideoOS.Server.UnitTests\bin\x64\Debug\net472\VideoOS.Server.UnitTests.dll" adapterTypeName="executor://mstestadapter/v2" className="VideoOS.Server.UnitTests.CommandHandler.DeleteConfigurationItemCommandHandlerUnitTests" name="DeleteConfigurationItemCommandHandler_Execute_DeleteRecorder_Success" />
    </UnitTest>
    <UnitTest name="ConvertIdpLog_UserNotAdministrator" storage="d:\actions-runner\_work\xpco\xpco\corporate\videoos.server.unittests\bin\x64\debug\net472\videoos.server.unittests.dll" id="1c4744cc-61d4-e4cf-4e8e-47488f33fd5b">
      <Execution id="7e012dab-a524-400a-adb8-7562867505fc" />
      <TestMethod codeBase="D:\actions-runner\_work\XPCO\XPCO\Corporate\VideoOS.Server.UnitTests\bin\x64\Debug\net472\VideoOS.Server.UnitTests.dll" adapterTypeName="executor://mstestadapter/v2" className="VideoOS.Server.UnitTests.Log.IdpLogConverterTest" name="ConvertIdpLog_UserNotAdministrator" />
    </UnitTest>
    <UnitTest name="ChangeHardwarePasswordTaskCommandHandler_Execute_Succeeded" storage="d:\actions-runner\_work\xpco\xpco\corporate\videoos.server.unittests\bin\x64\debug\net472\videoos.server.unittests.dll" id="0006f07b-d80e-27c3-ccc2-5c671db24d37">
      <Execution id="02226dc3-0c1a-49cf-ad4f-79526d17db50" />
      <TestMethod codeBase="D:\actions-runner\_work\XPCO\XPCO\Corporate\VideoOS.Server.UnitTests\bin\x64\Debug\net472\VideoOS.Server.UnitTests.dll" adapterTypeName="executor://mstestadapter/v2" className="VideoOS.Server.UnitTests.CommandHandler.ChangeHardwarePasswordTaskCommandHandlerTests" name="ChangeHardwarePasswordTaskCommandHandler_Execute_Succeeded" />
    </UnitTest>
    <UnitTest name="HardwareInCWANotOnWhiteList_ZeroChannels_ReplacedWith_HardwareNotOnWhiteList_WithChannels_CWAAllowed_NewDevicesInCWA" storage="d:\actions-runner\_work\xpco\xpco\corporate\videoos.server.unittests\bin\x64\debug\net472\videoos.server.unittests.dll" id="aa5a8bd0-7be2-9441-09f4-f36c55e0099a">
      <TestCategory>
        <TestCategoryItem TestCategory="Licensing Replace Hardware" />
        <TestCategoryItem TestCategory="Licensing" />
      </TestCategory>
      <Execution id="d76a6c64-1472-4446-b254-b5e3ab0b5c4a" />
      <TestMethod codeBase="D:\actions-runner\_work\XPCO\XPCO\Corporate\VideoOS.Server.UnitTests\bin\x64\Debug\net472\VideoOS.Server.UnitTests.dll" adapterTypeName="executor://mstestadapter/v2" className="VideoOS.Server.UnitTests.Licensing.LicenseAllocatorChannelTests" name="HardwareInCWANotOnWhiteList_ZeroChannels_ReplacedWith_HardwareNotOnWhiteList_WithChannels_CWAAllowed_NewDevicesInCWA" />
    </UnitTest>
    <UnitTest name="HardwareActivatedOnWhiteList_ReplacedWithInheritance_HardwareNotOnWhiteList_MixedCWAAllowed_SomeDevicesInCWA" storage="d:\actions-runner\_work\xpco\xpco\corporate\videoos.server.unittests\bin\x64\debug\net472\videoos.server.unittests.dll" id="49eb40eb-a024-8a51-ef96-32403d919364">
      <TestCategory>
        <TestCategoryItem TestCategory="Licensing Replace Hardware" />
        <TestCategoryItem TestCategory="Licensing" />
      </TestCategory>
      <Execution id="e34d54cc-0cd6-4c4b-9db4-13241e0b570b" />
      <TestMethod codeBase="D:\actions-runner\_work\XPCO\XPCO\Corporate\VideoOS.Server.UnitTests\bin\x64\Debug\net472\VideoOS.Server.UnitTests.dll" adapterTypeName="executor://mstestadapter/v2" className="VideoOS.Server.UnitTests.Licensing.LicenseAllocatorChannelTests" name="HardwareActivatedOnWhiteList_ReplacedWithInheritance_HardwareNotOnWhiteList_MixedCWAAllowed_SomeDevicesInCWA" />
    </UnitTest>
    <UnitTest name="UploadFileChunkCommandHandler_Execute_Failed_StorageQuotaExceeded" storage="d:\actions-runner\_work\xpco\xpco\corporate\videoos.server.unittests\bin\x64\debug\net472\videoos.server.unittests.dll" id="8e506078-644e-53c7-62ff-a2a238aea095">
      <Execution id="0fac8ab4-3e98-45aa-9cfb-b21e4695894d" />
      <TestMethod codeBase="D:\actions-runner\_work\XPCO\XPCO\Corporate\VideoOS.Server.UnitTests\bin\x64\Debug\net472\VideoOS.Server.UnitTests.dll" adapterTypeName="executor://mstestadapter/v2" className="VideoOS.Server.UnitTests.CommandHandler.UploadFileChunkCommandHandlerUnitTests" name="UploadFileChunkCommandHandler_Execute_Failed_StorageQuotaExceeded" />
    </UnitTest>
    <UnitTest name="HardwareInCWAOnWhiteList_ReplacedWithInheritance_HardwareNotOnWhiteList_MixedCWAAllowed_MoreChannelsOnReplacedHardware_SomeDevicesInCWA" storage="d:\actions-runner\_work\xpco\xpco\corporate\videoos.server.unittests\bin\x64\debug\net472\videoos.server.unittests.dll" id="e8265441-f1a4-8474-c93a-df0ea0082843">
      <TestCategory>
        <TestCategoryItem TestCategory="Licensing Replace Hardware" />
        <TestCategoryItem TestCategory="Licensing" />
      </TestCategory>
      <Execution id="c9097ecb-5c58-443d-a72c-aa28d9afa5d2" />
      <TestMethod codeBase="D:\actions-runner\_work\XPCO\XPCO\Corporate\VideoOS.Server.UnitTests\bin\x64\Debug\net472\VideoOS.Server.UnitTests.dll" adapterTypeName="executor://mstestadapter/v2" className="VideoOS.Server.UnitTests.Licensing.LicenseAllocatorChannelTests" name="HardwareInCWAOnWhiteList_ReplacedWithInheritance_HardwareNotOnWhiteList_MixedCWAAllowed_MoreChannelsOnReplacedHardware_SomeDevicesInCWA" />
    </UnitTest>
    <UnitTest name="EvidenceLockOnOldRecorderCommandHandlerTests_OldRecV1_ConfigDelete1Row_NoEdgeTrackFound" storage="d:\actions-runner\_work\xpco\xpco\corporate\videoos.server.unittests\bin\x64\debug\net472\videoos.server.unittests.dll" id="39fccf8a-09fc-ac26-9ad0-5d6d54df3f0c">
      <Execution id="03463a6c-bb8d-4244-91ec-115d320fc244" />
      <TestMethod codeBase="D:\actions-runner\_work\XPCO\XPCO\Corporate\VideoOS.Server.UnitTests\bin\x64\Debug\net472\VideoOS.Server.UnitTests.dll" adapterTypeName="executor://mstestadapter/v2" className="VideoOS.Server.UnitTests.CommandHandler.EvidenceLockOnOldRecorderCommandHandlerTests" name="EvidenceLockOnOldRecorderCommandHandlerTests_OldRecV1_ConfigDelete1Row_NoEdgeTrackFound" />
    </UnitTest>
    <UnitTest name="DeviceLicense_RetrieveExpireDate_AsUtcDateTime_Valid" storage="d:\actions-runner\_work\xpco\xpco\corporate\videoos.server.unittests\bin\x64\debug\net472\videoos.server.unittests.dll" id="52c0ab65-e1f5-1853-43a3-02e5f831ed28">
      <Execution id="6a2e494c-bb61-4f16-a521-289b29f92d87" />
      <TestMethod codeBase="D:\actions-runner\_work\XPCO\XPCO\Corporate\VideoOS.Server.UnitTests\bin\x64\Debug\net472\VideoOS.Server.UnitTests.dll" adapterTypeName="executor://mstestadapter/v2" className="VideoOS.Server.UnitTests.Licensing.LicenseSnapshotTests" name="DeviceLicense_RetrieveExpireDate_AsUtcDateTime_Valid" />
    </UnitTest>
    <UnitTest name="CreateLicenseInformationXml_Has1Unlicensed_On1HardwareWithNoCameraChannels" storage="d:\actions-runner\_work\xpco\xpco\corporate\videoos.server.unittests\bin\x64\debug\net472\videoos.server.unittests.dll" id="55df2919-d484-9c67-3d4f-25d0bf1cac35">
      <TestCategory>
        <TestCategoryItem TestCategory="Licensing" />
      </TestCategory>
      <Execution id="2a28d088-c101-48b5-9ba9-f26f6fd26bf8" />
      <TestMethod codeBase="D:\actions-runner\_work\XPCO\XPCO\Corporate\VideoOS.Server.UnitTests\bin\x64\Debug\net472\VideoOS.Server.UnitTests.dll" adapterTypeName="executor://mstestadapter/v2" className="VideoOS.Server.UnitTests.Licensing.LicenseInfoXmlWriterTests" name="CreateLicenseInformationXml_Has1Unlicensed_On1HardwareWithNoCameraChannels" />
    </UnitTest>
    <UnitTest name="HardwareInCWANotOnWhiteList_ReplacedWithNoInheritance_HardwareNotOnWhiteList_CWAAllowed_AllDevicesInCWA" storage="d:\actions-runner\_work\xpco\xpco\corporate\videoos.server.unittests\bin\x64\debug\net472\videoos.server.unittests.dll" id="d39d0521-06db-7dc9-3051-c476e15502d1">
      <TestCategory>
        <TestCategoryItem TestCategory="Licensing Replace Hardware" />
        <TestCategoryItem TestCategory="Licensing" />
      </TestCategory>
      <Execution id="9df931b9-d188-4b43-8e48-d5b5d7d8a369" />
      <TestMethod codeBase="D:\actions-runner\_work\XPCO\XPCO\Corporate\VideoOS.Server.UnitTests\bin\x64\Debug\net472\VideoOS.Server.UnitTests.dll" adapterTypeName="executor://mstestadapter/v2" className="VideoOS.Server.UnitTests.Licensing.LicenseAllocatorChannelTests" name="HardwareInCWANotOnWhiteList_ReplacedWithNoInheritance_HardwareNotOnWhiteList_CWAAllowed_AllDevicesInCWA" />
    </UnitTest>
    <UnitTest name="GetRecorderLicense_DoesNotRegeneratesReplacementToken_OnNoMoreSpaceLeftInReplacementLimit" storage="d:\actions-runner\_work\xpco\xpco\corporate\videoos.server.unittests\bin\x64\debug\net472\videoos.server.unittests.dll" id="eee68226-2ed0-bd84-4e65-b8bb4f9c8e73">
      <TestCategory>
        <TestCategoryItem TestCategory="Licensing" />
      </TestCategory>
      <Execution id="1a413f44-070c-4582-b8d3-f53337ad487c" />
      <TestMethod codeBase="D:\actions-runner\_work\XPCO\XPCO\Corporate\VideoOS.Server.UnitTests\bin\x64\Debug\net472\VideoOS.Server.UnitTests.dll" adapterTypeName="executor://mstestadapter/v2" className="VideoOS.Server.UnitTests.Licensing.LicenseManagerUnitTests" name="GetRecorderLicense_DoesNotRegeneratesReplacementToken_OnNoMoreSpaceLeftInReplacementLimit" />
    </UnitTest>
    <UnitTest name="ChangeHardwarePasswordRuleAction_Execute_HardwareQueryFail_NoCompletedEventsTriggered" storage="d:\actions-runner\_work\xpco\xpco\corporate\videoos.server.unittests\bin\x64\debug\net472\videoos.server.unittests.dll" id="beb6575d-08cd-36cd-5b78-91b38c011b4e">
      <Execution id="55f54b88-37c3-41f3-a64c-1ec3311faa61" />
      <TestMethod codeBase="D:\actions-runner\_work\XPCO\XPCO\Corporate\VideoOS.Server.UnitTests\bin\x64\Debug\net472\VideoOS.Server.UnitTests.dll" adapterTypeName="executor://mstestadapter/v2" className="VideoOS.Server.UnitTests.RuleActions.ChangeHardwarePasswordRuleActionUnitTests" name="ChangeHardwarePasswordRuleAction_Execute_HardwareQueryFail_NoCompletedEventsTriggered" />
    </UnitTest>
    <UnitTest name="HardwareInCWANotOnWhiteList_ReplacedWithInheritance_HardwareOnWhiteList_CWAAllowed_NewHardwareInCWA" storage="d:\actions-runner\_work\xpco\xpco\corporate\videoos.server.unittests\bin\x64\debug\net472\videoos.server.unittests.dll" id="5ff9b51c-4e1c-5c3c-4658-c019f545cefe">
      <TestCategory>
        <TestCategoryItem TestCategory="Licensing Replace Hardware" />
        <TestCategoryItem TestCategory="Licensing" />
      </TestCategory>
      <Execution id="70fbaf2a-955b-4a57-88b3-7df448fe9d0d" />
      <TestMethod codeBase="D:\actions-runner\_work\XPCO\XPCO\Corporate\VideoOS.Server.UnitTests\bin\x64\Debug\net472\VideoOS.Server.UnitTests.dll" adapterTypeName="executor://mstestadapter/v2" className="VideoOS.Server.UnitTests.Licensing.LicenseAllocatorChannelTests" name="HardwareInCWANotOnWhiteList_ReplacedWithInheritance_HardwareOnWhiteList_CWAAllowed_NewHardwareInCWA" />
    </UnitTest>
    <UnitTest name="CreateLicenseInformationXml_Has1Expired_On1ExpiredHardwareNoCameras" storage="d:\actions-runner\_work\xpco\xpco\corporate\videoos.server.unittests\bin\x64\debug\net472\videoos.server.unittests.dll" id="1eedc3ae-bd7e-7fcf-32b0-3aa7620ae920">
      <TestCategory>
        <TestCategoryItem TestCategory="Licensing" />
      </TestCategory>
      <Execution id="08b1ecb5-6fa1-4959-86a4-a8a5c402a3db" />
      <TestMethod codeBase="D:\actions-runner\_work\XPCO\XPCO\Corporate\VideoOS.Server.UnitTests\bin\x64\Debug\net472\VideoOS.Server.UnitTests.dll" adapterTypeName="executor://mstestadapter/v2" className="VideoOS.Server.UnitTests.Licensing.LicenseInfoXmlWriterTests" name="CreateLicenseInformationXml_Has1Expired_On1ExpiredHardwareNoCameras" />
    </UnitTest>
    <UnitTest name="HardwareInCWANotOnWhiteList_ReplacedWithInheritance_HardwareOnWhiteList_NoMoreCWAAllowed_FewerChannelsOnReplacedHardware_NewHardwareInGrace" storage="d:\actions-runner\_work\xpco\xpco\corporate\videoos.server.unittests\bin\x64\debug\net472\videoos.server.unittests.dll" id="7268c422-d3fa-aa41-be94-6e44f7c4fc74">
      <TestCategory>
        <TestCategoryItem TestCategory="Licensing Replace Hardware" />
        <TestCategoryItem TestCategory="Licensing" />
      </TestCategory>
      <Execution id="eade7e6e-b86b-46fe-b2f6-8f42fa470a40" />
      <TestMethod codeBase="D:\actions-runner\_work\XPCO\XPCO\Corporate\VideoOS.Server.UnitTests\bin\x64\Debug\net472\VideoOS.Server.UnitTests.dll" adapterTypeName="executor://mstestadapter/v2" className="VideoOS.Server.UnitTests.Licensing.LicenseAllocatorChannelTests" name="HardwareInCWANotOnWhiteList_ReplacedWithInheritance_HardwareOnWhiteList_NoMoreCWAAllowed_FewerChannelsOnReplacedHardware_NewHardwareInGrace" />
    </UnitTest>
    <UnitTest name="ChannelLicenseCountManager_ReplacementHardware_AddSuccess" storage="d:\actions-runner\_work\xpco\xpco\corporate\videoos.server.unittests\bin\x64\debug\net472\videoos.server.unittests.dll" id="bdd573ed-f35c-1e8b-14a2-bfaaa93b8de8">
      <TestCategory>
        <TestCategoryItem TestCategory="Licensing" />
      </TestCategory>
      <Execution id="ac4342ee-6772-4822-84db-35f0b6dae4b3" />
      <TestMethod codeBase="D:\actions-runner\_work\XPCO\XPCO\Corporate\VideoOS.Server.UnitTests\bin\x64\Debug\net472\VideoOS.Server.UnitTests.dll" adapterTypeName="executor://mstestadapter/v2" className="VideoOS.Server.UnitTests.Licensing.LicenseCountManagerUnitTests" name="ChannelLicenseCountManager_ReplacementHardware_AddSuccess" />
    </UnitTest>
    <UnitTest name="DeviceLicense_RetrieveExpireDate_DeviceNotFound_ReturnsMinDate" storage="d:\actions-runner\_work\xpco\xpco\corporate\videoos.server.unittests\bin\x64\debug\net472\videoos.server.unittests.dll" id="9130ecfa-1d1c-db07-182d-fdb4df69e270">
      <Execution id="fdbf36ef-f13e-4c13-aeb1-77806040af9a" />
      <TestMethod codeBase="D:\actions-runner\_work\XPCO\XPCO\Corporate\VideoOS.Server.UnitTests\bin\x64\Debug\net472\VideoOS.Server.UnitTests.dll" adapterTypeName="executor://mstestadapter/v2" className="VideoOS.Server.UnitTests.Licensing.LicenseSnapshotTests" name="DeviceLicense_RetrieveExpireDate_DeviceNotFound_ReturnsMinDate" />
    </UnitTest>
    <UnitTest name="HardwareInCWAOnWhiteList_ReplacedWithNoInheritance_HardwareNotOnWhiteList_MixedCWAAllowed_FewerChannelsOnReplacedHardware_SomeDevicesInCWA" storage="d:\actions-runner\_work\xpco\xpco\corporate\videoos.server.unittests\bin\x64\debug\net472\videoos.server.unittests.dll" id="b3914411-03bf-465a-dfb2-7096de3166b3">
      <TestCategory>
        <TestCategoryItem TestCategory="Licensing Replace Hardware" />
        <TestCategoryItem TestCategory="Licensing" />
      </TestCategory>
      <Execution id="30257efd-5afc-411a-89fd-c7c4abae37c4" />
      <TestMethod codeBase="D:\actions-runner\_work\XPCO\XPCO\Corporate\VideoOS.Server.UnitTests\bin\x64\Debug\net472\VideoOS.Server.UnitTests.dll" adapterTypeName="executor://mstestadapter/v2" className="VideoOS.Server.UnitTests.Licensing.LicenseAllocatorChannelTests" name="HardwareInCWAOnWhiteList_ReplacedWithNoInheritance_HardwareNotOnWhiteList_MixedCWAAllowed_FewerChannelsOnReplacedHardware_SomeDevicesInCWA" />
    </UnitTest>
    <UnitTest name="LicenseCountManager_FindHardwareInGrace_ReturnsListOfMac_OnHardwareInGrace" storage="d:\actions-runner\_work\xpco\xpco\corporate\videoos.server.unittests\bin\x64\debug\net472\videoos.server.unittests.dll" id="968432fe-0f19-fd21-c7d7-2d112c002911">
      <TestCategory>
        <TestCategoryItem TestCategory="Licensing" />
      </TestCategory>
      <Execution id="bbf57984-4be1-4dd8-a4b9-b4f3c04187d1" />
      <TestMethod codeBase="D:\actions-runner\_work\XPCO\XPCO\Corporate\VideoOS.Server.UnitTests\bin\x64\Debug\net472\VideoOS.Server.UnitTests.dll" adapterTypeName="executor://mstestadapter/v2" className="VideoOS.Server.UnitTests.Licensing.LicenseCountManagerUnitTests" name="LicenseCountManager_FindHardwareInGrace_ReturnsListOfMac_OnHardwareInGrace" />
    </UnitTest>
    <UnitTest name="DetachRecorder_Valid_Executed" storage="d:\actions-runner\_work\xpco\xpco\corporate\videoos.server.unittests\bin\x64\debug\net472\videoos.server.unittests.dll" id="dcfd8f0d-745d-ff66-5f0e-7d5891999256">
      <Execution id="b025b167-7630-42e2-be3b-6ca047b15a61" />
      <TestMethod codeBase="D:\actions-runner\_work\XPCO\XPCO\Corporate\VideoOS.Server.UnitTests\bin\x64\Debug\net472\VideoOS.Server.UnitTests.dll" adapterTypeName="executor://mstestadapter/v2" className="VideoOS.Server.UnitTests.WebApi.Controllers.RecorderRegistrationControllerTests" name="DetachRecorder_Valid_Executed" />
    </UnitTest>
    <UnitTest name="HardwareScanTaskCommandHandler_Execute_RecorderNotSupported_FailResponse" storage="d:\actions-runner\_work\xpco\xpco\corporate\videoos.server.unittests\bin\x64\debug\net472\videoos.server.unittests.dll" id="95cfe0da-0ff4-0747-cf3f-c677dee3d8aa">
      <Execution id="1840f2bd-c0b9-4175-b852-156eafc66370" />
      <TestMethod codeBase="D:\actions-runner\_work\XPCO\XPCO\Corporate\VideoOS.Server.UnitTests\bin\x64\Debug\net472\VideoOS.Server.UnitTests.dll" adapterTypeName="executor://mstestadapter/v2" className="VideoOS.Server.UnitTests.CommandHandler.HardwareScanTaskCommandHandlerTest" name="HardwareScanTaskCommandHandler_Execute_RecorderNotSupported_FailResponse" />
    </UnitTest>
    <UnitTest name="ChangeIdpAdminTaskCommandHandlerTests_Execute_Add_Succeeded" storage="d:\actions-runner\_work\xpco\xpco\corporate\videoos.server.unittests\bin\x64\debug\net472\videoos.server.unittests.dll" id="954032f8-37dc-7661-b366-512958158ebf">
      <Execution id="9f538e30-0425-4729-a513-f892be57bb7b" />
      <TestMethod codeBase="D:\actions-runner\_work\XPCO\XPCO\Corporate\VideoOS.Server.UnitTests\bin\x64\Debug\net472\VideoOS.Server.UnitTests.dll" adapterTypeName="executor://mstestadapter/v2" className="VideoOS.Server.UnitTests.CommandHandler.ChangeIdpAdminTaskCommandHandlerTests" name="ChangeIdpAdminTaskCommandHandlerTests_Execute_Add_Succeeded" />
    </UnitTest>
    <UnitTest name="ToXml_HasLicenseReportInformationSectionWithNoHardware_OnDefaultConstruction" storage="d:\actions-runner\_work\xpco\xpco\corporate\videoos.server.unittests\bin\x64\debug\net472\videoos.server.unittests.dll" id="b6700c8b-aa56-915e-c0e2-ed6fe26705f6">
      <Execution id="4b9bb0de-7ff5-4ad2-a9e3-1d28c2d619c0" />
      <TestMethod codeBase="D:\actions-runner\_work\XPCO\XPCO\Corporate\VideoOS.Server.UnitTests\bin\x64\Debug\net472\VideoOS.Server.UnitTests.dll" adapterTypeName="executor://mstestadapter/v2" className="VideoOS.Server.UnitTests.Licensing.LicenseInformationUnitTests" name="ToXml_HasLicenseReportInformationSectionWithNoHardware_OnDefaultConstruction" />
    </UnitTest>
    <UnitTest name="AnalyzeAndCreateAuditLogs_AddedSecurityPermissionsDeviceRowAllVariationsThatGiveTimeBackwardsAuditLog_ReturnsOneAuditLog" storage="d:\actions-runner\_work\xpco\xpco\corporate\videoos.server.unittests\bin\x64\debug\net472\videoos.server.unittests.dll" id="798e5d78-857d-78b3-b5e9-7c835cfd1336">
      <Execution id="bd3c2f6d-4042-4a1b-9e9b-1a53591cf67c" />
      <TestMethod codeBase="D:\actions-runner\_work\XPCO\XPCO\Corporate\VideoOS.Server.UnitTests\bin\x64\Debug\net472\VideoOS.Server.UnitTests.dll" adapterTypeName="executor://mstestadapter/v2" className="VideoOS.Server.UnitTests.CommandHandler.DataSetAuditLogAnalyzerTests" name="AnalyzeAndCreateAuditLogs_AddedSecurityPermissionsDeviceRowAllVariationsThatGiveTimeBackwardsAuditLog_ReturnsOneAuditLog" />
    </UnitTest>
    <UnitTest name="GetRecorderLicense_NonCameraDevicesAreMissingFromRecorderLicense_OnHardwareWithExpiredDevices" storage="d:\actions-runner\_work\xpco\xpco\corporate\videoos.server.unittests\bin\x64\debug\net472\videoos.server.unittests.dll" id="36a69c1a-e7ef-dbb8-ed45-6b67da6ffa22">
      <TestCategory>
        <TestCategoryItem TestCategory="Licensing" />
      </TestCategory>
      <Execution id="c67de8d5-f4fe-4bfa-94df-7dc0a6047432" />
      <TestMethod codeBase="D:\actions-runner\_work\XPCO\XPCO\Corporate\VideoOS.Server.UnitTests\bin\x64\Debug\net472\VideoOS.Server.UnitTests.dll" adapterTypeName="executor://mstestadapter/v2" className="VideoOS.Server.UnitTests.Licensing.LicenseManagerUnitTests" name="GetRecorderLicense_NonCameraDevicesAreMissingFromRecorderLicense_OnHardwareWithExpiredDevices" />
    </UnitTest>
    <UnitTest name="HardwareInCWAOnWhiteList_ReplacedWithNoInheritance_HardwareNotOnWhiteList_MixedCWAAllowed_SomeDevicesInCWA" storage="d:\actions-runner\_work\xpco\xpco\corporate\videoos.server.unittests\bin\x64\debug\net472\videoos.server.unittests.dll" id="07d5d72e-69e0-9fde-2308-03acdf606032">
      <TestCategory>
        <TestCategoryItem TestCategory="Licensing Replace Hardware" />
        <TestCategoryItem TestCategory="Licensing" />
      </TestCategory>
      <Execution id="f0153f25-3852-41a5-9e2e-42fe96623b9d" />
      <TestMethod codeBase="D:\actions-runner\_work\XPCO\XPCO\Corporate\VideoOS.Server.UnitTests\bin\x64\Debug\net472\VideoOS.Server.UnitTests.dll" adapterTypeName="executor://mstestadapter/v2" className="VideoOS.Server.UnitTests.Licensing.LicenseAllocatorChannelTests" name="HardwareInCWAOnWhiteList_ReplacedWithNoInheritance_HardwareNotOnWhiteList_MixedCWAAllowed_SomeDevicesInCWA" />
    </UnitTest>
    <UnitTest name="FirmwareUpgradeTaskCommandHandler_Execute_Failed_ErrorReconnecting" storage="d:\actions-runner\_work\xpco\xpco\corporate\videoos.server.unittests\bin\x64\debug\net472\videoos.server.unittests.dll" id="dd590c5c-2e27-43dc-ade1-d132bfa06046">
      <Execution id="c63a4406-e598-435b-9140-947eb1bba9e2" />
      <TestMethod codeBase="D:\actions-runner\_work\XPCO\XPCO\Corporate\VideoOS.Server.UnitTests\bin\x64\Debug\net472\VideoOS.Server.UnitTests.dll" adapterTypeName="executor://mstestadapter/v2" className="VideoOS.Server.UnitTests.CommandHandler.FirmwareUpgradeTaskCommandHandlerTests" name="FirmwareUpgradeTaskCommandHandler_Execute_Failed_ErrorReconnecting" />
    </UnitTest>
    <UnitTest name="UpdateHardwareTaskCommandHandler_Execute_Added_Tests" storage="d:\actions-runner\_work\xpco\xpco\corporate\videoos.server.unittests\bin\x64\debug\net472\videoos.server.unittests.dll" id="9c6ac5b2-1986-9ad5-3899-82514a276561">
      <Execution id="be93ae56-37a4-4e26-ac2f-c99198d91c90" />
      <TestMethod codeBase="D:\actions-runner\_work\XPCO\XPCO\Corporate\VideoOS.Server.UnitTests\bin\x64\Debug\net472\VideoOS.Server.UnitTests.dll" adapterTypeName="executor://mstestadapter/v2" className="VideoOS.Server.UnitTests.CommandHandler.UpdateHardwareTaskHandlerTests" name="UpdateHardwareTaskCommandHandler_Execute_Added_Tests" />
    </UnitTest>
    <UnitTest name="AllocateLicense_5Available_OneHardware_AlreadyLicensedInLicFile_InsufficientCameraCountInLicenseFileForHardwareCameraFeeds_1InChangesWithoutActivation" storage="d:\actions-runner\_work\xpco\xpco\corporate\videoos.server.unittests\bin\x64\debug\net472\videoos.server.unittests.dll" id="5997d22f-10df-8ccb-263d-7f78f6029696">
      <TestCategory>
        <TestCategoryItem TestCategory="Licensing" />
      </TestCategory>
      <Execution id="c6c58d7e-1f50-4dff-aa0d-dafddac21a69" />
      <TestMethod codeBase="D:\actions-runner\_work\XPCO\XPCO\Corporate\VideoOS.Server.UnitTests\bin\x64\Debug\net472\VideoOS.Server.UnitTests.dll" adapterTypeName="executor://mstestadapter/v2" className="VideoOS.Server.UnitTests.Licensing.LicenseAllocatorChannelTests" name="AllocateLicense_5Available_OneHardware_AlreadyLicensedInLicFile_InsufficientCameraCountInLicenseFileForHardwareCameraFeeds_1InChangesWithoutActivation" />
    </UnitTest>
    <UnitTest name="CheckConfigurationDataSetTest_FailoverLicensedSuccess" storage="d:\actions-runner\_work\xpco\xpco\corporate\videoos.server.unittests\bin\x64\debug\net472\videoos.server.unittests.dll" id="334cf599-d2a3-9075-1065-d417fa8f74fb">
      <Execution id="8f2a4943-0153-40fb-bd7f-ada5e1b8bea3" />
      <TestMethod codeBase="D:\actions-runner\_work\XPCO\XPCO\Corporate\VideoOS.Server.UnitTests\bin\x64\Debug\net472\VideoOS.Server.UnitTests.dll" adapterTypeName="executor://mstestadapter/v2" className="VideoOS.Server.UnitTests.Licensing.LicenseFeatureCheckerTest" name="CheckConfigurationDataSetTest_FailoverLicensedSuccess" />
    </UnitTest>
    <UnitTest name="LicenseCountManager_RemoveDevicesFromChangesWithoutActivation_ProperlyRemovesDevices" storage="d:\actions-runner\_work\xpco\xpco\corporate\videoos.server.unittests\bin\x64\debug\net472\videoos.server.unittests.dll" id="24b036de-d6df-4806-82fa-557c86be4a85">
      <TestCategory>
        <TestCategoryItem TestCategory="Licensing" />
      </TestCategory>
      <Execution id="13ad17f0-252c-4916-afe4-2c6be218f438" />
      <TestMethod codeBase="D:\actions-runner\_work\XPCO\XPCO\Corporate\VideoOS.Server.UnitTests\bin\x64\Debug\net472\VideoOS.Server.UnitTests.dll" adapterTypeName="executor://mstestadapter/v2" className="VideoOS.Server.UnitTests.Licensing.LicenseCountManagerUnitTests" name="LicenseCountManager_RemoveDevicesFromChangesWithoutActivation_ProperlyRemovesDevices" />
    </UnitTest>
    <UnitTest name="LicenseCountManager_FindHardwareInGrace_ReturnsEmptyList_OnNoHardwareInGrace" storage="d:\actions-runner\_work\xpco\xpco\corporate\videoos.server.unittests\bin\x64\debug\net472\videoos.server.unittests.dll" id="f3b50fcd-2daa-b9fb-f042-b57e7d3ddf9f">
      <TestCategory>
        <TestCategoryItem TestCategory="Licensing" />
      </TestCategory>
      <Execution id="3197d2b6-fa69-4168-b130-536cf0d807bd" />
      <TestMethod codeBase="D:\actions-runner\_work\XPCO\XPCO\Corporate\VideoOS.Server.UnitTests\bin\x64\Debug\net472\VideoOS.Server.UnitTests.dll" adapterTypeName="executor://mstestadapter/v2" className="VideoOS.Server.UnitTests.Licensing.LicenseCountManagerUnitTests" name="LicenseCountManager_FindHardwareInGrace_ReturnsEmptyList_OnNoHardwareInGrace" />
    </UnitTest>
    <UnitTest name="MoveHardwareTaskCommandHandler_Execute_PrepareMoveHardware_SqlException_DatabaseCommunicationError" storage="d:\actions-runner\_work\xpco\xpco\corporate\videoos.server.unittests\bin\x64\debug\net472\videoos.server.unittests.dll" id="b17f55fe-7a77-049b-3c9d-d1c6816e4ccb">
      <Execution id="060356bb-164a-4138-898d-1fdb985038c4" />
      <TestMethod codeBase="D:\actions-runner\_work\XPCO\XPCO\Corporate\VideoOS.Server.UnitTests\bin\x64\Debug\net472\VideoOS.Server.UnitTests.dll" adapterTypeName="executor://mstestadapter/v2" className="VideoOS.Server.UnitTests.CommandHandler.MoveHardwareTaskCommandHandlerTests" name="MoveHardwareTaskCommandHandler_Execute_PrepareMoveHardware_SqlException_DatabaseCommunicationError" />
    </UnitTest>
    <UnitTest name="UpdateLicense_KeepsDeviceInGrace_OnChangingLicenseFromHwToChBased" storage="d:\actions-runner\_work\xpco\xpco\corporate\videoos.server.unittests\bin\x64\debug\net472\videoos.server.unittests.dll" id="e3a6e1d5-d4dd-9a82-8ece-754e711a2f9b">
      <TestCategory>
        <TestCategoryItem TestCategory="Licensing" />
      </TestCategory>
      <Execution id="b3e617fd-c8e0-43bb-88aa-7329e2924fc0" />
      <TestMethod codeBase="D:\actions-runner\_work\XPCO\XPCO\Corporate\VideoOS.Server.UnitTests\bin\x64\Debug\net472\VideoOS.Server.UnitTests.dll" adapterTypeName="executor://mstestadapter/v2" className="VideoOS.Server.UnitTests.Licensing.LicenseManagerUnitTests" name="UpdateLicense_KeepsDeviceInGrace_OnChangingLicenseFromHwToChBased" />
    </UnitTest>
    <UnitTest name="Dispose_Disposing_DisposesTimer" storage="d:\actions-runner\_work\xpco\xpco\corporate\videoos.server.unittests\bin\x64\debug\net472\videoos.server.unittests.dll" id="8000bae8-948f-0b0f-0c32-0094fdf7892e">
      <Execution id="1ea97898-ff27-409d-b99b-ca346b714316" />
      <TestMethod codeBase="D:\actions-runner\_work\XPCO\XPCO\Corporate\VideoOS.Server.UnitTests\bin\x64\Debug\net472\VideoOS.Server.UnitTests.dll" adapterTypeName="executor://mstestadapter/v2" className="VideoOS.Server.UnitTests.Log.IdpLogRetrieverTests" name="Dispose_Disposing_DisposesTimer" />
    </UnitTest>
    <UnitTest name="ProgressResponse_ModelIsValid_CommandExecuted" storage="d:\actions-runner\_work\xpco\xpco\corporate\videoos.server.unittests\bin\x64\debug\net472\videoos.server.unittests.dll" id="b6a03062-30b8-99fc-58f1-7806f924b0cd">
      <Execution id="dfaf4486-1e11-4b9d-8bb6-007248a9aed1" />
      <TestMethod codeBase="D:\actions-runner\_work\XPCO\XPCO\Corporate\VideoOS.Server.UnitTests\bin\x64\Debug\net472\VideoOS.Server.UnitTests.dll" adapterTypeName="executor://mstestadapter/v2" className="VideoOS.Server.UnitTests.WebApi.ResponseControllerTest" name="ProgressResponse_ModelIsValid_CommandExecuted" />
    </UnitTest>
    <UnitTest name="AddHardwareUserCommandHandler_Execute_ReturnsFailResponseOnEmptyRecorderServiceId" storage="d:\actions-runner\_work\xpco\xpco\corporate\videoos.server.unittests\bin\x64\debug\net472\videoos.server.unittests.dll" id="d895999e-44d6-5318-b590-acf283c2ef42">
      <Execution id="6018ddd5-46de-470d-8005-658f7af1019d" />
      <TestMethod codeBase="D:\actions-runner\_work\XPCO\XPCO\Corporate\VideoOS.Server.UnitTests\bin\x64\Debug\net472\VideoOS.Server.UnitTests.dll" adapterTypeName="executor://mstestadapter/v2" className="VideoOS.Server.UnitTests.CommandHandler.AddHardwareUserCommandHandlerServerUnitTests" name="AddHardwareUserCommandHandler_Execute_ReturnsFailResponseOnEmptyRecorderServiceId" />
    </UnitTest>
    <UnitTest name="AllocateLicenses_NotActivated_OneDevice_SixEnabledCameraChannels_LicenseCountFive_FiveInGrace_OneUnlicensed" storage="d:\actions-runner\_work\xpco\xpco\corporate\videoos.server.unittests\bin\x64\debug\net472\videoos.server.unittests.dll" id="ae87c319-d780-83e8-d111-f59a474997c3">
      <TestCategory>
        <TestCategoryItem TestCategory="Licensing" />
      </TestCategory>
      <Execution id="fc3b11e6-29bb-4c3a-8545-64515e3ddc7c" />
      <TestMethod codeBase="D:\actions-runner\_work\XPCO\XPCO\Corporate\VideoOS.Server.UnitTests\bin\x64\Debug\net472\VideoOS.Server.UnitTests.dll" adapterTypeName="executor://mstestadapter/v2" className="VideoOS.Server.UnitTests.Licensing.LicenseAllocatorChannelTests" name="AllocateLicenses_NotActivated_OneDevice_SixEnabledCameraChannels_LicenseCountFive_FiveInGrace_OneUnlicensed" />
    </UnitTest>
    <UnitTest name="ReplaceHardwareTaskCommandHandler_DeviceMapper_Success_Test" storage="d:\actions-runner\_work\xpco\xpco\corporate\videoos.server.unittests\bin\x64\debug\net472\videoos.server.unittests.dll" id="b4d015a0-965e-7366-ac7c-f7e5a85c608e">
      <Execution id="f5042daf-7921-4e5a-83df-bec7ebb26836" />
      <TestMethod codeBase="D:\actions-runner\_work\XPCO\XPCO\Corporate\VideoOS.Server.UnitTests\bin\x64\Debug\net472\VideoOS.Server.UnitTests.dll" adapterTypeName="executor://mstestadapter/v2" className="VideoOS.Server.UnitTests.CommandHandler.ReplaceHardwareTaskCommandHandlerUnitTests" name="ReplaceHardwareTaskCommandHandler_DeviceMapper_Success_Test" />
    </UnitTest>
    <UnitTest name="UpdateHardwareTaskCommandHandler_Execute_HeartBeat_Timeout_Tests" storage="d:\actions-runner\_work\xpco\xpco\corporate\videoos.server.unittests\bin\x64\debug\net472\videoos.server.unittests.dll" id="5e9a75d3-0b8f-f511-ca55-05fff7a1f7ad">
      <Execution id="e623237a-717e-456e-a951-376d28af76ae" />
      <TestMethod codeBase="D:\actions-runner\_work\XPCO\XPCO\Corporate\VideoOS.Server.UnitTests\bin\x64\Debug\net472\VideoOS.Server.UnitTests.dll" adapterTypeName="executor://mstestadapter/v2" className="VideoOS.Server.UnitTests.CommandHandler.UpdateHardwareTaskHandlerTests" name="UpdateHardwareTaskCommandHandler_Execute_HeartBeat_Timeout_Tests" />
    </UnitTest>
    <UnitTest name="AllocateLicenses_NotActivated_TwoDevice_SixCameraChannels_FiveGrace_NotEnoughLicensesForDevices" storage="d:\actions-runner\_work\xpco\xpco\corporate\videoos.server.unittests\bin\x64\debug\net472\videoos.server.unittests.dll" id="9686328b-869b-3d6e-7e6c-81be6a7d864b">
      <TestCategory>
        <TestCategoryItem TestCategory="Licensing" />
      </TestCategory>
      <Execution id="0e84f857-4978-49ed-86f3-e19edf50a32f" />
      <TestMethod codeBase="D:\actions-runner\_work\XPCO\XPCO\Corporate\VideoOS.Server.UnitTests\bin\x64\Debug\net472\VideoOS.Server.UnitTests.dll" adapterTypeName="executor://mstestadapter/v2" className="VideoOS.Server.UnitTests.Licensing.LicenseAllocatorChannelTests" name="AllocateLicenses_NotActivated_TwoDevice_SixCameraChannels_FiveGrace_NotEnoughLicensesForDevices" />
    </UnitTest>
    <UnitTest name="Validate_FirstGraceExpireShown_WithWhiteListedHardwareOnly_Success" storage="d:\actions-runner\_work\xpco\xpco\corporate\videoos.server.unittests\bin\x64\debug\net472\videoos.server.unittests.dll" id="3697a0ce-9e18-5206-1f42-a2c445978d4a">
      <TestCategory>
        <TestCategoryItem TestCategory="Licensing" />
      </TestCategory>
      <Execution id="7834dbfd-6489-4de5-a13c-ab2f3fd2c371" />
      <TestMethod codeBase="D:\actions-runner\_work\XPCO\XPCO\Corporate\VideoOS.Server.UnitTests\bin\x64\Debug\net472\VideoOS.Server.UnitTests.dll" adapterTypeName="executor://mstestadapter/v2" className="VideoOS.Server.UnitTests.Licensing.LicenseInfoXmlWriterTests" name="Validate_FirstGraceExpireShown_WithWhiteListedHardwareOnly_Success" />
    </UnitTest>
    <UnitTest name="Get_TokenIsValid_ManagerCalledWithCorrectTokenOKReturned" storage="d:\actions-runner\_work\xpco\xpco\corporate\videoos.server.unittests\bin\x64\debug\net472\videoos.server.unittests.dll" id="28c4446e-aad8-7185-ef96-d98e3c51ee97">
      <Execution id="e9adf155-e2e0-47fc-88f7-d3a8e2809f75" />
      <TestMethod codeBase="D:\actions-runner\_work\XPCO\XPCO\Corporate\VideoOS.Server.UnitTests\bin\x64\Debug\net472\VideoOS.Server.UnitTests.dll" adapterTypeName="executor://mstestadapter/v2" className="VideoOS.Server.UnitTests.WebApi.Controllers.SecurityTokenControllerTest" name="Get_TokenIsValid_ManagerCalledWithCorrectTokenOKReturned" />
    </UnitTest>
    <UnitTest name="RecorderTaskSuccess_ModelIsValid_Executed" storage="d:\actions-runner\_work\xpco\xpco\corporate\videoos.server.unittests\bin\x64\debug\net472\videoos.server.unittests.dll" id="284e3747-200c-a346-c8de-d635cf1b6e59">
      <Execution id="47ab940d-5873-4c7f-bb18-76b89f0e659a" />
      <TestMethod codeBase="D:\actions-runner\_work\XPCO\XPCO\Corporate\VideoOS.Server.UnitTests\bin\x64\Debug\net472\VideoOS.Server.UnitTests.dll" adapterTypeName="executor://mstestadapter/v2" className="VideoOS.Server.UnitTests.TaskControllerTests" name="RecorderTaskSuccess_ModelIsValid_Executed" />
    </UnitTest>
    <UnitTest name="GenerateLicenseRequestAsXml_DeviceChannelCountInXml_MultiLicenseCountWithEmptyWhitelist" storage="d:\actions-runner\_work\xpco\xpco\corporate\videoos.server.unittests\bin\x64\debug\net472\videoos.server.unittests.dll" id="97d36a8b-c673-fa27-96f4-52bb6df3dd6e">
      <TestCategory>
        <TestCategoryItem TestCategory="Licensing" />
      </TestCategory>
      <Execution id="4c7deebd-6e98-458c-8f92-17c09ad1211b" />
      <TestMethod codeBase="D:\actions-runner\_work\XPCO\XPCO\Corporate\VideoOS.Server.UnitTests\bin\x64\Debug\net472\VideoOS.Server.UnitTests.dll" adapterTypeName="executor://mstestadapter/v2" className="VideoOS.Server.UnitTests.Licensing.LicenseRequestChannelTests" name="GenerateLicenseRequestAsXml_DeviceChannelCountInXml_MultiLicenseCountWithEmptyWhitelist" />
    </UnitTest>
    <UnitTest name="SessionDataManager_StoreAndQuery_Success" storage="d:\actions-runner\_work\xpco\xpco\corporate\videoos.server.unittests\bin\x64\debug\net472\videoos.server.unittests.dll" id="8c05e98e-7c31-13ef-bbba-0cf9b8a50b6b">
      <Execution id="4ae3dc62-4672-448e-99d8-49321e7cb6ec" />
      <TestMethod codeBase="D:\actions-runner\_work\XPCO\XPCO\Corporate\VideoOS.Server.UnitTests\bin\x64\Debug\net472\VideoOS.Server.UnitTests.dll" adapterTypeName="executor://mstestadapter/v2" className="VideoOS.Server.UnitTests.Tasks.SessionDataManagerTests" name="SessionDataManager_StoreAndQuery_Success" />
    </UnitTest>
    <UnitTest name="DatabaseResponseDiskUsages_ModelIsNull_BadRequestResult" storage="d:\actions-runner\_work\xpco\xpco\corporate\videoos.server.unittests\bin\x64\debug\net472\videoos.server.unittests.dll" id="8db4006b-09ed-19b8-394b-3946d8427802">
      <Execution id="790d0d6b-2533-4f05-b03d-8b9dacfb5a17" />
      <TestMethod codeBase="D:\actions-runner\_work\XPCO\XPCO\Corporate\VideoOS.Server.UnitTests\bin\x64\Debug\net472\VideoOS.Server.UnitTests.dll" adapterTypeName="executor://mstestadapter/v2" className="VideoOS.Server.UnitTests.WebApi.ResponseControllerTest" name="DatabaseResponseDiskUsages_ModelIsNull_BadRequestResult" />
    </UnitTest>
    <UnitTest name="Validate_RemoveDeviceFromChangesWithoutActivation_WithNullHardwareDeviceItem_ThrowsArgumentNullException" storage="d:\actions-runner\_work\xpco\xpco\corporate\videoos.server.unittests\bin\x64\debug\net472\videoos.server.unittests.dll" id="3506f156-8f51-bfa1-8459-a10267dc2ca5">
      <TestCategory>
        <TestCategoryItem TestCategory="Licensing" />
      </TestCategory>
      <Execution id="4bbabbc8-49bd-4e5a-8759-7634fcdf8970" />
      <TestMethod codeBase="D:\actions-runner\_work\XPCO\XPCO\Corporate\VideoOS.Server.UnitTests\bin\x64\Debug\net472\VideoOS.Server.UnitTests.dll" adapterTypeName="executor://mstestadapter/v2" className="VideoOS.Server.UnitTests.Licensing.LicenseCountManagerUnitTests" name="Validate_RemoveDeviceFromChangesWithoutActivation_WithNullHardwareDeviceItem_ThrowsArgumentNullException" />
    </UnitTest>
    <UnitTest name="HardwareActivatedOnWhiteList_ReplacedWithNoInheritance_HardwareNotOnWhiteList_MixedCWAAllowed_SomeDevicesInCWA" storage="d:\actions-runner\_work\xpco\xpco\corporate\videoos.server.unittests\bin\x64\debug\net472\videoos.server.unittests.dll" id="90eb3298-5792-97a1-e3da-cb1f4350789b">
      <TestCategory>
        <TestCategoryItem TestCategory="Licensing Replace Hardware" />
        <TestCategoryItem TestCategory="Licensing" />
      </TestCategory>
      <Execution id="e8f13337-4d92-4682-9165-1e8a402116fc" />
      <TestMethod codeBase="D:\actions-runner\_work\XPCO\XPCO\Corporate\VideoOS.Server.UnitTests\bin\x64\Debug\net472\VideoOS.Server.UnitTests.dll" adapterTypeName="executor://mstestadapter/v2" className="VideoOS.Server.UnitTests.Licensing.LicenseAllocatorChannelTests" name="HardwareActivatedOnWhiteList_ReplacedWithNoInheritance_HardwareNotOnWhiteList_MixedCWAAllowed_SomeDevicesInCWA" />
    </UnitTest>
    <UnitTest name="AllocateLicenses_OneICPHardwareWithTenCamerasAndOneNormalHardwareWithFiveChannels_OnTenICPLicensesFiveChannelLicenses" storage="d:\actions-runner\_work\xpco\xpco\corporate\videoos.server.unittests\bin\x64\debug\net472\videoos.server.unittests.dll" id="b7c29360-216b-e7c2-a79b-240f6555d7cf">
      <TestCategory>
        <TestCategoryItem TestCategory="Licensing" />
      </TestCategory>
      <Execution id="4f925c16-02a9-4416-a687-5251a8ef955c" />
      <TestMethod codeBase="D:\actions-runner\_work\XPCO\XPCO\Corporate\VideoOS.Server.UnitTests\bin\x64\Debug\net472\VideoOS.Server.UnitTests.dll" adapterTypeName="executor://mstestadapter/v2" className="VideoOS.Server.UnitTests.Licensing.LicenseAllocatorChannelTests" name="AllocateLicenses_OneICPHardwareWithTenCamerasAndOneNormalHardwareWithFiveChannels_OnTenICPLicensesFiveChannelLicenses" />
    </UnitTest>
    <UnitTest name="AllocateLicenses_2ICPHardware30ChannelsAnd0NormalHardwareWith10ActivatedICP10Grace_ShouldGet10UnlicensedICP_On20ICPLicenses" storage="d:\actions-runner\_work\xpco\xpco\corporate\videoos.server.unittests\bin\x64\debug\net472\videoos.server.unittests.dll" id="f06433d6-fe74-17cb-b3eb-b56ad5a0bc11">
      <TestCategory>
        <TestCategoryItem TestCategory="Licensing" />
      </TestCategory>
      <Execution id="9f351d27-1881-4df0-840f-b73d2cd70e3d" />
      <TestMethod codeBase="D:\actions-runner\_work\XPCO\XPCO\Corporate\VideoOS.Server.UnitTests\bin\x64\Debug\net472\VideoOS.Server.UnitTests.dll" adapterTypeName="executor://mstestadapter/v2" className="VideoOS.Server.UnitTests.Licensing.LicenseAllocatorChannelTests" name="AllocateLicenses_2ICPHardware30ChannelsAnd0NormalHardwareWith10ActivatedICP10Grace_ShouldGet10UnlicensedICP_On20ICPLicenses" />
    </UnitTest>
    <UnitTest name="HardwareUnsupportedResponse_ModelIsNull_BadRequestResult" storage="d:\actions-runner\_work\xpco\xpco\corporate\videoos.server.unittests\bin\x64\debug\net472\videoos.server.unittests.dll" id="ee9226e9-7a42-d049-4837-5da1cc22dce0">
      <Execution id="bae74de7-a26f-4eae-9c80-17f036f2df7f" />
      <TestMethod codeBase="D:\actions-runner\_work\XPCO\XPCO\Corporate\VideoOS.Server.UnitTests\bin\x64\Debug\net472\VideoOS.Server.UnitTests.dll" adapterTypeName="executor://mstestadapter/v2" className="VideoOS.Server.UnitTests.WebApi.ResponseControllerTest" name="HardwareUnsupportedResponse_ModelIsNull_BadRequestResult" />
    </UnitTest>
    <UnitTest name="TemporaryLicensesStorage_LoadData_With_ChangesWithoutActivationToken" storage="d:\actions-runner\_work\xpco\xpco\corporate\videoos.server.unittests\bin\x64\debug\net472\videoos.server.unittests.dll" id="b3c0b65f-805a-3515-898c-2d4dce44f091">
      <Execution id="df02f343-cc84-4ac9-8891-5eca68c23f01" />
      <TestMethod codeBase="D:\actions-runner\_work\XPCO\XPCO\Corporate\VideoOS.Server.UnitTests\bin\x64\Debug\net472\VideoOS.Server.UnitTests.dll" adapterTypeName="executor://mstestadapter/v2" className="VideoOS.Server.UnitTests.Licensing.TemporaryLicenseStorageUnitTests" name="TemporaryLicensesStorage_LoadData_With_ChangesWithoutActivationToken" />
    </UnitTest>
    <UnitTest name="UpdateHardwareDriverCommandHandler_Constructor_Arguments_Null_Throws" storage="d:\actions-runner\_work\xpco\xpco\corporate\videoos.server.unittests\bin\x64\debug\net472\videoos.server.unittests.dll" id="d05db42a-dc66-40e0-b6b0-cc3a09010508">
      <Execution id="c0cf03fb-5371-4ad2-a7b8-cd310169b3c8" />
      <TestMethod codeBase="D:\actions-runner\_work\XPCO\XPCO\Corporate\VideoOS.Server.UnitTests\bin\x64\Debug\net472\VideoOS.Server.UnitTests.dll" adapterTypeName="executor://mstestadapter/v2" className="VideoOS.Server.UnitTests.CommandHandler.UpdateHardwareDriverCommandHandlerTests" name="UpdateHardwareDriverCommandHandler_Constructor_Arguments_Null_Throws" />
    </UnitTest>
    <UnitTest name="UploadFileChunkCommandHandler_Execute_Failed_CannotOpenFile" storage="d:\actions-runner\_work\xpco\xpco\corporate\videoos.server.unittests\bin\x64\debug\net472\videoos.server.unittests.dll" id="5d2fed84-0a78-bba8-11ae-6b37ff9d0b15">
      <Execution id="b6e54641-a9b8-4048-b3ef-0a87dabaf996" />
      <TestMethod codeBase="D:\actions-runner\_work\XPCO\XPCO\Corporate\VideoOS.Server.UnitTests\bin\x64\Debug\net472\VideoOS.Server.UnitTests.dll" adapterTypeName="executor://mstestadapter/v2" className="VideoOS.Server.UnitTests.CommandHandler.UploadFileChunkCommandHandlerUnitTests" name="UploadFileChunkCommandHandler_Execute_Failed_CannotOpenFile" />
    </UnitTest>
    <UnitTest name="MoveHardwareTaskCommandHandler_Execute_PrepareMoveHardware_SourceRecordingServerNotFound" storage="d:\actions-runner\_work\xpco\xpco\corporate\videoos.server.unittests\bin\x64\debug\net472\videoos.server.unittests.dll" id="41ce1e90-d937-c616-659c-3c5a81200d9c">
      <Execution id="c30ee690-286f-4f4a-a624-0f60fdd93424" />
      <TestMethod codeBase="D:\actions-runner\_work\XPCO\XPCO\Corporate\VideoOS.Server.UnitTests\bin\x64\Debug\net472\VideoOS.Server.UnitTests.dll" adapterTypeName="executor://mstestadapter/v2" className="VideoOS.Server.UnitTests.CommandHandler.MoveHardwareTaskCommandHandlerTests" name="MoveHardwareTaskCommandHandler_Execute_PrepareMoveHardware_SourceRecordingServerNotFound" />
    </UnitTest>
    <UnitTest name="HardwareInCWANotOnWhiteList_ReplacedWithNoInheritance_HardwareOnWhiteList_MixedCWAAllowed_MoreChannelsOnReplacedHardware_NewHardwareInCWA" storage="d:\actions-runner\_work\xpco\xpco\corporate\videoos.server.unittests\bin\x64\debug\net472\videoos.server.unittests.dll" id="12a289cc-be96-5408-ab00-a38d958c6633">
      <TestCategory>
        <TestCategoryItem TestCategory="Licensing Replace Hardware" />
        <TestCategoryItem TestCategory="Licensing" />
      </TestCategory>
      <Execution id="fa1d0592-ff42-4e8d-882e-959cc9d63d85" />
      <TestMethod codeBase="D:\actions-runner\_work\XPCO\XPCO\Corporate\VideoOS.Server.UnitTests\bin\x64\Debug\net472\VideoOS.Server.UnitTests.dll" adapterTypeName="executor://mstestadapter/v2" className="VideoOS.Server.UnitTests.Licensing.LicenseAllocatorChannelTests" name="HardwareInCWANotOnWhiteList_ReplacedWithNoInheritance_HardwareOnWhiteList_MixedCWAAllowed_MoreChannelsOnReplacedHardware_NewHardwareInCWA" />
    </UnitTest>
    <UnitTest name="RecorderLicense_FindByRecorder_Returns_Null" storage="d:\actions-runner\_work\xpco\xpco\corporate\videoos.server.unittests\bin\x64\debug\net472\videoos.server.unittests.dll" id="ed482cb0-3892-d1f5-452c-21b3ce871889">
      <Execution id="c322732c-1e7e-4d32-874a-3fcf1b86f153" />
      <TestMethod codeBase="D:\actions-runner\_work\XPCO\XPCO\Corporate\VideoOS.Server.UnitTests\bin\x64\Debug\net472\VideoOS.Server.UnitTests.dll" adapterTypeName="executor://mstestadapter/v2" className="VideoOS.Server.UnitTests.Licensing.LicenseSnapshotTests" name="RecorderLicense_FindByRecorder_Returns_Null" />
    </UnitTest>
    <UnitTest name="HardwareInCWANotOnWhiteList_ReplacedWithNoInheritance_HardwareOnWhiteList_CWAAllowed_FewerChannelsOnReplacedHardware_NewHardwareInCWA" storage="d:\actions-runner\_work\xpco\xpco\corporate\videoos.server.unittests\bin\x64\debug\net472\videoos.server.unittests.dll" id="a99b2e9c-c747-a074-0fc4-b91a6ac52faa">
      <TestCategory>
        <TestCategoryItem TestCategory="Licensing Replace Hardware" />
        <TestCategoryItem TestCategory="Licensing" />
      </TestCategory>
      <Execution id="94747b17-ce4c-4986-ae9d-6d25358cacc0" />
      <TestMethod codeBase="D:\actions-runner\_work\XPCO\XPCO\Corporate\VideoOS.Server.UnitTests\bin\x64\Debug\net472\VideoOS.Server.UnitTests.dll" adapterTypeName="executor://mstestadapter/v2" className="VideoOS.Server.UnitTests.Licensing.LicenseAllocatorChannelTests" name="HardwareInCWANotOnWhiteList_ReplacedWithNoInheritance_HardwareOnWhiteList_CWAAllowed_FewerChannelsOnReplacedHardware_NewHardwareInCWA" />
    </UnitTest>
    <UnitTest name="CheckForAutomaticActivationTrigger_ReturnsTrue_OnDeletedHardware" storage="d:\actions-runner\_work\xpco\xpco\corporate\videoos.server.unittests\bin\x64\debug\net472\videoos.server.unittests.dll" id="638d3160-8cbe-cd9d-3f1b-90b931a0f74a">
      <TestCategory>
        <TestCategoryItem TestCategory="Licensing" />
      </TestCategory>
      <Execution id="bab0a944-a731-4a50-bd15-ab816741626d" />
      <TestMethod codeBase="D:\actions-runner\_work\XPCO\XPCO\Corporate\VideoOS.Server.UnitTests\bin\x64\Debug\net472\VideoOS.Server.UnitTests.dll" adapterTypeName="executor://mstestadapter/v2" className="VideoOS.Server.UnitTests.Commands.UpdateConfigurationManagerCommandHandlerTests" name="CheckForAutomaticActivationTrigger_ReturnsTrue_OnDeletedHardware" />
    </UnitTest>
    <UnitTest name="MoveHardwareTaskCommandHandler_Execute_QueryHardwareByIdGuid_SqlException_FailResponse_DatabaseCommunicationError" storage="d:\actions-runner\_work\xpco\xpco\corporate\videoos.server.unittests\bin\x64\debug\net472\videoos.server.unittests.dll" id="c8cb44f0-52f8-7568-2ad7-8436cbab499b">
      <Execution id="92126e5c-bcc5-4d75-8b2d-6f020034431f" />
      <TestMethod codeBase="D:\actions-runner\_work\XPCO\XPCO\Corporate\VideoOS.Server.UnitTests\bin\x64\Debug\net472\VideoOS.Server.UnitTests.dll" adapterTypeName="executor://mstestadapter/v2" className="VideoOS.Server.UnitTests.CommandHandler.MoveHardwareTaskCommandHandlerTests" name="MoveHardwareTaskCommandHandler_Execute_QueryHardwareByIdGuid_SqlException_FailResponse_DatabaseCommunicationError" />
    </UnitTest>
    <UnitTest name="DeleteHardwareTaskCommandHandler_Execute_Failed_Unexpected_Response" storage="d:\actions-runner\_work\xpco\xpco\corporate\videoos.server.unittests\bin\x64\debug\net472\videoos.server.unittests.dll" id="997ea862-6a21-039f-b6ec-723692d1b23a">
      <Execution id="94fa0aff-4032-4856-a082-790086d8ac7f" />
      <TestMethod codeBase="D:\actions-runner\_work\XPCO\XPCO\Corporate\VideoOS.Server.UnitTests\bin\x64\Debug\net472\VideoOS.Server.UnitTests.dll" adapterTypeName="executor://mstestadapter/v2" className="VideoOS.Server.UnitTests.CommandHandler.DeleteHardwareTaskCommandHandlerTest" name="DeleteHardwareTaskCommandHandler_Execute_Failed_Unexpected_Response" />
    </UnitTest>
    <UnitTest name="RecorderLicense_AddExistingId_ReplacesCurrentLicense_Instance" storage="d:\actions-runner\_work\xpco\xpco\corporate\videoos.server.unittests\bin\x64\debug\net472\videoos.server.unittests.dll" id="c272841b-70f7-3f09-05b6-adabea36d511">
      <Execution id="7b28067f-93af-4cb8-9a60-f95db20161dd" />
      <TestMethod codeBase="D:\actions-runner\_work\XPCO\XPCO\Corporate\VideoOS.Server.UnitTests\bin\x64\Debug\net472\VideoOS.Server.UnitTests.dll" adapterTypeName="executor://mstestadapter/v2" className="VideoOS.Server.UnitTests.Licensing.LicenseSnapshotTests" name="RecorderLicense_AddExistingId_ReplacesCurrentLicense_Instance" />
    </UnitTest>
    <UnitTest name="AnalyzeAndCreateAuditLogs_DeletedSecurityPermissionsDeviceRowWithDEVICEPTZPRIORITYAtrribute_ReturnsTwoAuditLog" storage="d:\actions-runner\_work\xpco\xpco\corporate\videoos.server.unittests\bin\x64\debug\net472\videoos.server.unittests.dll" id="7f61d5ae-c293-961d-5c60-2fd2f6f8b8a0">
      <Execution id="f3ddae71-1023-4952-872f-2073bd02a01b" />
      <TestMethod codeBase="D:\actions-runner\_work\XPCO\XPCO\Corporate\VideoOS.Server.UnitTests\bin\x64\Debug\net472\VideoOS.Server.UnitTests.dll" adapterTypeName="executor://mstestadapter/v2" className="VideoOS.Server.UnitTests.CommandHandler.DataSetAuditLogAnalyzerTests" name="AnalyzeAndCreateAuditLogs_DeletedSecurityPermissionsDeviceRowWithDEVICEPTZPRIORITYAtrribute_ReturnsTwoAuditLog" />
    </UnitTest>
    <UnitTest name="AllocateLicenses_ThreeInGrace_OnThreeHardwaresZeroCameraChannelsAndThreeAvailableLicenses" storage="d:\actions-runner\_work\xpco\xpco\corporate\videoos.server.unittests\bin\x64\debug\net472\videoos.server.unittests.dll" id="325e10cb-fddc-b22a-aef6-214176508cda">
      <TestCategory>
        <TestCategoryItem TestCategory="Licensing" />
      </TestCategory>
      <Execution id="aed1651d-9888-46f9-98ac-2a82fbb6cc78" />
      <TestMethod codeBase="D:\actions-runner\_work\XPCO\XPCO\Corporate\VideoOS.Server.UnitTests\bin\x64\Debug\net472\VideoOS.Server.UnitTests.dll" adapterTypeName="executor://mstestadapter/v2" className="VideoOS.Server.UnitTests.Licensing.LicenseAllocatorHardwareTests" name="AllocateLicenses_ThreeInGrace_OnThreeHardwaresZeroCameraChannelsAndThreeAvailableLicenses" />
    </UnitTest>
    <UnitTest name="SetupInitialHardwareUserCommandHandler_Constructor_ThrowsIfParameterNull" storage="d:\actions-runner\_work\xpco\xpco\corporate\videoos.server.unittests\bin\x64\debug\net472\videoos.server.unittests.dll" id="dd22f5da-b4c6-bd77-4647-4478909c740f">
      <Execution id="f0c3bd6a-6756-440a-9953-9af9fa591199" />
      <TestMethod codeBase="D:\actions-runner\_work\XPCO\XPCO\Corporate\VideoOS.Server.UnitTests\bin\x64\Debug\net472\VideoOS.Server.UnitTests.dll" adapterTypeName="executor://mstestadapter/v2" className="VideoOS.Server.UnitTests.CommandHandler.SetupInitialHardwareUserCommandHandlerUnitTests" name="SetupInitialHardwareUserCommandHandler_Constructor_ThrowsIfParameterNull" />
    </UnitTest>
    <UnitTest name="HardwareInCWAOnWhiteList_ReplacedWithInheritance_HardwareOnWhiteList_CWAAllowed_MoreChannelsOnReplacedHardware_NewHardwareInCWA" storage="d:\actions-runner\_work\xpco\xpco\corporate\videoos.server.unittests\bin\x64\debug\net472\videoos.server.unittests.dll" id="37776d6b-55f3-8fe6-6591-db53e6b0cae0">
      <TestCategory>
        <TestCategoryItem TestCategory="Licensing Replace Hardware" />
        <TestCategoryItem TestCategory="Licensing" />
      </TestCategory>
      <Execution id="82c82d85-0d80-4914-85c4-5b1be683ef8c" />
      <TestMethod codeBase="D:\actions-runner\_work\XPCO\XPCO\Corporate\VideoOS.Server.UnitTests\bin\x64\Debug\net472\VideoOS.Server.UnitTests.dll" adapterTypeName="executor://mstestadapter/v2" className="VideoOS.Server.UnitTests.Licensing.LicenseAllocatorChannelTests" name="HardwareInCWAOnWhiteList_ReplacedWithInheritance_HardwareOnWhiteList_CWAAllowed_MoreChannelsOnReplacedHardware_NewHardwareInCWA" />
    </UnitTest>
    <UnitTest name="MultiSite_ChannelBased_DifferentHardwareAndDevicesOn2Recorders_OneHwWhitelistedOneNotWhitelisted_ConsumesNoExtraLicenses" storage="d:\actions-runner\_work\xpco\xpco\corporate\videoos.server.unittests\bin\x64\debug\net472\videoos.server.unittests.dll" id="719fb9f8-861a-97b6-e205-091e10abbe96">
      <Execution id="aaaf82b4-8708-4a3a-b5da-d5ab3aac53b7" />
      <TestMethod codeBase="D:\actions-runner\_work\XPCO\XPCO\Corporate\VideoOS.Server.UnitTests\bin\x64\Debug\net472\VideoOS.Server.UnitTests.dll" adapterTypeName="executor://mstestadapter/v2" className="VideoOS.Server.UnitTests.Licensing.LicenseAllocatorChannelTests" name="MultiSite_ChannelBased_DifferentHardwareAndDevicesOn2Recorders_OneHwWhitelistedOneNotWhitelisted_ConsumesNoExtraLicenses" />
    </UnitTest>
    <UnitTest name="EvidenceLockOnOldRecorderCommandHandlerTests_OldRecV1_ConfigDelete1RowEdge_Distribution" storage="d:\actions-runner\_work\xpco\xpco\corporate\videoos.server.unittests\bin\x64\debug\net472\videoos.server.unittests.dll" id="2aeebd21-0ab2-66bb-8d1a-c7e7ef4ee5ab">
      <Execution id="3ea531cb-f5f9-4f69-9e20-ef3775eea8c5" />
      <TestMethod codeBase="D:\actions-runner\_work\XPCO\XPCO\Corporate\VideoOS.Server.UnitTests\bin\x64\Debug\net472\VideoOS.Server.UnitTests.dll" adapterTypeName="executor://mstestadapter/v2" className="VideoOS.Server.UnitTests.CommandHandler.EvidenceLockOnOldRecorderCommandHandlerTests" name="EvidenceLockOnOldRecorderCommandHandlerTests_OldRecV1_ConfigDelete1RowEdge_Distribution" />
    </UnitTest>
    <UnitTest name="EvidenceLockOnOldRecorderCommandHandlerTests_ServerIsCLosing_NoAction" storage="d:\actions-runner\_work\xpco\xpco\corporate\videoos.server.unittests\bin\x64\debug\net472\videoos.server.unittests.dll" id="2d225ce4-f0f3-62e9-1432-3146c61e9476">
      <Execution id="0eafd49f-8a6f-4c17-aefc-ab9380d19a22" />
      <TestMethod codeBase="D:\actions-runner\_work\XPCO\XPCO\Corporate\VideoOS.Server.UnitTests\bin\x64\Debug\net472\VideoOS.Server.UnitTests.dll" adapterTypeName="executor://mstestadapter/v2" className="VideoOS.Server.UnitTests.CommandHandler.EvidenceLockOnOldRecorderCommandHandlerTests" name="EvidenceLockOnOldRecorderCommandHandlerTests_ServerIsCLosing_NoAction" />
    </UnitTest>
    <UnitTest name="HardwareActivatedNotOnWhiteList_ReplacedWithInheritance_HardwareNotOnWhiteList_DifferentCameraChannels" storage="d:\actions-runner\_work\xpco\xpco\corporate\videoos.server.unittests\bin\x64\debug\net472\videoos.server.unittests.dll" id="e970c037-c82e-1156-9404-7620bc900a22">
      <TestCategory>
        <TestCategoryItem TestCategory="Licensing Replace Hardware" />
        <TestCategoryItem TestCategory="Licensing" />
      </TestCategory>
      <Execution id="e7a99a68-ca8c-4fec-a59d-c285c1e29403" />
      <TestMethod codeBase="D:\actions-runner\_work\XPCO\XPCO\Corporate\VideoOS.Server.UnitTests\bin\x64\Debug\net472\VideoOS.Server.UnitTests.dll" adapterTypeName="executor://mstestadapter/v2" className="VideoOS.Server.UnitTests.Licensing.LicenseAllocatorChannelTests" name="HardwareActivatedNotOnWhiteList_ReplacedWithInheritance_HardwareNotOnWhiteList_DifferentCameraChannels" />
    </UnitTest>
    <UnitTest name="HardwareInCWANotOnWhiteList_ReplacedWithNoInheritance_HardwareOnWhiteList_CWAAllowed_NewHardwareInCWA" storage="d:\actions-runner\_work\xpco\xpco\corporate\videoos.server.unittests\bin\x64\debug\net472\videoos.server.unittests.dll" id="c60edddc-d3cb-adf6-416d-58709eef132f">
      <TestCategory>
        <TestCategoryItem TestCategory="Licensing Replace Hardware" />
        <TestCategoryItem TestCategory="Licensing" />
      </TestCategory>
      <Execution id="7a5722e8-7b7a-464d-b597-b95529077f00" />
      <TestMethod codeBase="D:\actions-runner\_work\XPCO\XPCO\Corporate\VideoOS.Server.UnitTests\bin\x64\Debug\net472\VideoOS.Server.UnitTests.dll" adapterTypeName="executor://mstestadapter/v2" className="VideoOS.Server.UnitTests.Licensing.LicenseAllocatorChannelTests" name="HardwareInCWANotOnWhiteList_ReplacedWithNoInheritance_HardwareOnWhiteList_CWAAllowed_NewHardwareInCWA" />
    </UnitTest>
    <UnitTest name="UpdateLicenseState_HasInvalidState_OnFailingToVerifyLicense" storage="d:\actions-runner\_work\xpco\xpco\corporate\videoos.server.unittests\bin\x64\debug\net472\videoos.server.unittests.dll" id="154ae2d8-7e3d-3d32-aa1a-eb39b3ef8236">
      <TestCategory>
        <TestCategoryItem TestCategory="Licensing" />
      </TestCategory>
      <Execution id="6eba379a-4d3d-452c-8b0a-ace111af8ff6" />
      <TestMethod codeBase="D:\actions-runner\_work\XPCO\XPCO\Corporate\VideoOS.Server.UnitTests\bin\x64\Debug\net472\VideoOS.Server.UnitTests.dll" adapterTypeName="executor://mstestadapter/v2" className="VideoOS.Server.UnitTests.Licensing.LicenseInfoXmlWriterTests" name="UpdateLicenseState_HasInvalidState_OnFailingToVerifyLicense" />
    </UnitTest>
    <UnitTest name="RecorderLicense_Remove_EmptyGuid_Throws_ArgumentException" storage="d:\actions-runner\_work\xpco\xpco\corporate\videoos.server.unittests\bin\x64\debug\net472\videoos.server.unittests.dll" id="b6582bb8-ed69-7be8-bf96-b58cae21ed22">
      <Execution id="3dfb3e40-15d6-461b-9c8c-0d9a52f08c6c" />
      <TestMethod codeBase="D:\actions-runner\_work\XPCO\XPCO\Corporate\VideoOS.Server.UnitTests\bin\x64\Debug\net472\VideoOS.Server.UnitTests.dll" adapterTypeName="executor://mstestadapter/v2" className="VideoOS.Server.UnitTests.Licensing.LicenseSnapshotTests" name="RecorderLicense_Remove_EmptyGuid_Throws_ArgumentException" />
    </UnitTest>
    <UnitTest name="AnalyzeAndCreateAuditLogs_AddedSecurityPermissionsDeviceRowWithNoTimeBackwards_ReturnsNoTimeBackwardAuditLog" storage="d:\actions-runner\_work\xpco\xpco\corporate\videoos.server.unittests\bin\x64\debug\net472\videoos.server.unittests.dll" id="08065f33-a0f0-c3db-6aad-57d3ec2a1185">
      <Execution id="be271334-a995-46b1-a573-7f8346411cae" />
      <TestMethod codeBase="D:\actions-runner\_work\XPCO\XPCO\Corporate\VideoOS.Server.UnitTests\bin\x64\Debug\net472\VideoOS.Server.UnitTests.dll" adapterTypeName="executor://mstestadapter/v2" className="VideoOS.Server.UnitTests.CommandHandler.DataSetAuditLogAnalyzerTests" name="AnalyzeAndCreateAuditLogs_AddedSecurityPermissionsDeviceRowWithNoTimeBackwards_ReturnsNoTimeBackwardAuditLog" />
    </UnitTest>
    <UnitTest name="EvidenceLockUpdateScheduler_Stopped_No_Commands_Issued" storage="d:\actions-runner\_work\xpco\xpco\corporate\videoos.server.unittests\bin\x64\debug\net472\videoos.server.unittests.dll" id="af207a6c-649f-b642-3f18-975653fda64d">
      <Execution id="57833c6f-cdd7-4050-8c84-3bec0f9919ee" />
      <TestMethod codeBase="D:\actions-runner\_work\XPCO\XPCO\Corporate\VideoOS.Server.UnitTests\bin\x64\Debug\net472\VideoOS.Server.UnitTests.dll" adapterTypeName="executor://mstestadapter/v2" className="VideoOS.Server.UnitTests.EvidenceLockUpdateSchedulerUnitTests" name="EvidenceLockUpdateScheduler_Stopped_No_Commands_Issued" />
    </UnitTest>
    <UnitTest name="AnalyzeAndCreateAuditLogs_DeletedSecurityPermissionsDeviceRowWithDEVICEPTZPRIORITYAtrributeDefaultPriority_ReturnsOneAuditLog" storage="d:\actions-runner\_work\xpco\xpco\corporate\videoos.server.unittests\bin\x64\debug\net472\videoos.server.unittests.dll" id="90bdbd11-042f-bc1b-47a8-51b71d05db21">
      <Execution id="753099f5-c6f4-4284-9bcb-1e09fe3d4b51" />
      <TestMethod codeBase="D:\actions-runner\_work\XPCO\XPCO\Corporate\VideoOS.Server.UnitTests\bin\x64\Debug\net472\VideoOS.Server.UnitTests.dll" adapterTypeName="executor://mstestadapter/v2" className="VideoOS.Server.UnitTests.CommandHandler.DataSetAuditLogAnalyzerTests" name="AnalyzeAndCreateAuditLogs_DeletedSecurityPermissionsDeviceRowWithDEVICEPTZPRIORITYAtrributeDefaultPriority_ReturnsOneAuditLog" />
    </UnitTest>
    <UnitTest name="FirmwareUpgradeTaskCommandHandler_Execute_Failed_ErrorFirmwareRejected" storage="d:\actions-runner\_work\xpco\xpco\corporate\videoos.server.unittests\bin\x64\debug\net472\videoos.server.unittests.dll" id="8f30478c-81f7-18ca-7418-c5fed45513af">
      <Execution id="7c5ed09f-d32c-41c6-80c0-8a4ba7658652" />
      <TestMethod codeBase="D:\actions-runner\_work\XPCO\XPCO\Corporate\VideoOS.Server.UnitTests\bin\x64\Debug\net472\VideoOS.Server.UnitTests.dll" adapterTypeName="executor://mstestadapter/v2" className="VideoOS.Server.UnitTests.CommandHandler.FirmwareUpgradeTaskCommandHandlerTests" name="FirmwareUpgradeTaskCommandHandler_Execute_Failed_ErrorFirmwareRejected" />
    </UnitTest>
    <UnitTest name="HardwareScanExpressTaskCommandHandler_Execute_RecorderUnavailable_FailResponse" storage="d:\actions-runner\_work\xpco\xpco\corporate\videoos.server.unittests\bin\x64\debug\net472\videoos.server.unittests.dll" id="36e0cd72-0e2e-5379-e9f4-07e1826299b9">
      <Execution id="0acd4230-cc8d-4702-8f5b-503ed2238b8f" />
      <TestMethod codeBase="D:\actions-runner\_work\XPCO\XPCO\Corporate\VideoOS.Server.UnitTests\bin\x64\Debug\net472\VideoOS.Server.UnitTests.dll" adapterTypeName="executor://mstestadapter/v2" className="VideoOS.Server.UnitTests.CommandHandler.HardwareScanExpressTaskCommandHandlerTest" name="HardwareScanExpressTaskCommandHandler_Execute_RecorderUnavailable_FailResponse" />
    </UnitTest>
    <UnitTest name="ServerFileSystemResponseCreateDirectory_ModelIsValid_CommandExecuted" storage="d:\actions-runner\_work\xpco\xpco\corporate\videoos.server.unittests\bin\x64\debug\net472\videoos.server.unittests.dll" id="6905741a-5c7e-8174-5d19-04b23ae5b779">
      <Execution id="40011cae-7a8e-49fc-a1fb-0330a7ac16ae" />
      <TestMethod codeBase="D:\actions-runner\_work\XPCO\XPCO\Corporate\VideoOS.Server.UnitTests\bin\x64\Debug\net472\VideoOS.Server.UnitTests.dll" adapterTypeName="executor://mstestadapter/v2" className="VideoOS.Server.UnitTests.WebApi.ResponseControllerTest" name="ServerFileSystemResponseCreateDirectory_ModelIsValid_CommandExecuted" />
    </UnitTest>
    <UnitTest name="Validate_DeviceCanBeRemovedFromChangesWithoutActivation" storage="d:\actions-runner\_work\xpco\xpco\corporate\videoos.server.unittests\bin\x64\debug\net472\videoos.server.unittests.dll" id="00e0fc3e-7646-9c98-30c5-9e2b44560e94">
      <TestCategory>
        <TestCategoryItem TestCategory="Licensing" />
      </TestCategory>
      <Execution id="4d53f475-2b86-4f55-bce4-ebf24fe70730" />
      <TestMethod codeBase="D:\actions-runner\_work\XPCO\XPCO\Corporate\VideoOS.Server.UnitTests\bin\x64\Debug\net472\VideoOS.Server.UnitTests.dll" adapterTypeName="executor://mstestadapter/v2" className="VideoOS.Server.UnitTests.Licensing.LicenseCountManagerUnitTests" name="Validate_DeviceCanBeRemovedFromChangesWithoutActivation" />
    </UnitTest>
    <UnitTest name="ErrorResponse_ModelIsValid_CommandExecuted" storage="d:\actions-runner\_work\xpco\xpco\corporate\videoos.server.unittests\bin\x64\debug\net472\videoos.server.unittests.dll" id="4edb745b-4b4d-b8b2-ec92-d585f82d95b2">
      <Execution id="c6c5cdb4-aee2-4993-aa06-69ce06a04fd3" />
      <TestMethod codeBase="D:\actions-runner\_work\XPCO\XPCO\Corporate\VideoOS.Server.UnitTests\bin\x64\Debug\net472\VideoOS.Server.UnitTests.dll" adapterTypeName="executor://mstestadapter/v2" className="VideoOS.Server.UnitTests.WebApi.ResponseControllerTest" name="ErrorResponse_ModelIsValid_CommandExecuted" />
    </UnitTest>
    <UnitTest name="AllocateLicenses_DisabledDevicesOnActivatedHardwareWithActivatedDevices_ShouldGoIntoGraceWhenEnabling_DisablingAndEnablingDevicesAndHardwareShouldKeepLicenseState" storage="d:\actions-runner\_work\xpco\xpco\corporate\videoos.server.unittests\bin\x64\debug\net472\videoos.server.unittests.dll" id="4d8aa69a-0251-b3d4-14d5-6ab82a48dd2f">
      <TestCategory>
        <TestCategoryItem TestCategory="Licensing" />
      </TestCategory>
      <Execution id="74535a20-3872-4705-a13e-871e1fc2f0e2" />
      <TestMethod codeBase="D:\actions-runner\_work\XPCO\XPCO\Corporate\VideoOS.Server.UnitTests\bin\x64\Debug\net472\VideoOS.Server.UnitTests.dll" adapterTypeName="executor://mstestadapter/v2" className="VideoOS.Server.UnitTests.Licensing.LicenseAllocatorChannelTests" name="AllocateLicenses_DisabledDevicesOnActivatedHardwareWithActivatedDevices_ShouldGoIntoGraceWhenEnabling_DisablingAndEnablingDevicesAndHardwareShouldKeepLicenseState" />
    </UnitTest>
    <UnitTest name="DeleteHardwareUserCommandHandler_Execute_ThrowsIfGivenWrongCommandOrNullParameters" storage="d:\actions-runner\_work\xpco\xpco\corporate\videoos.server.unittests\bin\x64\debug\net472\videoos.server.unittests.dll" id="a130a927-6b59-18c0-ec6f-96c3fadbcb3d">
      <Execution id="0d6e19ac-3dc1-4381-8fe2-44cd2c17f7cf" />
      <TestMethod codeBase="D:\actions-runner\_work\XPCO\XPCO\Corporate\VideoOS.Server.UnitTests\bin\x64\Debug\net472\VideoOS.Server.UnitTests.dll" adapterTypeName="executor://mstestadapter/v2" className="VideoOS.Server.UnitTests.CommandHandler.DeleteHardwareUserCommandHandlerServerTests" name="DeleteHardwareUserCommandHandler_Execute_ThrowsIfGivenWrongCommandOrNullParameters" />
    </UnitTest>
    <UnitTest name="PromoteNewEncryptionPassword_RecorderNotFoundException_Handled" storage="d:\actions-runner\_work\xpco\xpco\corporate\videoos.server.unittests\bin\x64\debug\net472\videoos.server.unittests.dll" id="bdf8315c-0866-8394-822f-43fe7126a554">
      <Execution id="0933e335-e61d-4a2a-862a-db05b776c528" />
      <TestMethod codeBase="D:\actions-runner\_work\XPCO\XPCO\Corporate\VideoOS.Server.UnitTests\bin\x64\Debug\net472\VideoOS.Server.UnitTests.dll" adapterTypeName="executor://mstestadapter/v2" className="VideoOS.Server.UnitTests.RecorderControllerTest" name="PromoteNewEncryptionPassword_RecorderNotFoundException_Handled" />
    </UnitTest>
    <UnitTest name="IsHardwareInChangesWithoutActivation_ReturnsFalse_OnHardwarewithoutTemporaryLicense" storage="d:\actions-runner\_work\xpco\xpco\corporate\videoos.server.unittests\bin\x64\debug\net472\videoos.server.unittests.dll" id="20394b1d-85cf-6874-2349-f0dfac4aa410">
      <TestCategory>
        <TestCategoryItem TestCategory="Licensing" />
      </TestCategory>
      <Execution id="47505791-9070-4247-9762-3a53d124f1a3" />
      <TestMethod codeBase="D:\actions-runner\_work\XPCO\XPCO\Corporate\VideoOS.Server.UnitTests\bin\x64\Debug\net472\VideoOS.Server.UnitTests.dll" adapterTypeName="executor://mstestadapter/v2" className="VideoOS.Server.UnitTests.Licensing.LicenseManagerUnitTests" name="IsHardwareInChangesWithoutActivation_ReturnsFalse_OnHardwarewithoutTemporaryLicense" />
    </UnitTest>
    <UnitTest name="MultiSite_ChannelBased_SameHardwareAllDevicesDisabledOnRecorder1_NotWhitelisted_AllCamerasDisabled_ConsumesNoExtraLicenses" storage="d:\actions-runner\_work\xpco\xpco\corporate\videoos.server.unittests\bin\x64\debug\net472\videoos.server.unittests.dll" id="08983fcd-54fe-2816-187c-45a1c5bbec37">
      <Execution id="4231f2a1-1c96-4369-8aa1-e1afe61a2b95" />
      <TestMethod codeBase="D:\actions-runner\_work\XPCO\XPCO\Corporate\VideoOS.Server.UnitTests\bin\x64\Debug\net472\VideoOS.Server.UnitTests.dll" adapterTypeName="executor://mstestadapter/v2" className="VideoOS.Server.UnitTests.Licensing.LicenseAllocatorChannelTests" name="MultiSite_ChannelBased_SameHardwareAllDevicesDisabledOnRecorder1_NotWhitelisted_AllCamerasDisabled_ConsumesNoExtraLicenses" />
    </UnitTest>
    <UnitTest name="CreateLicenseRequest_ThrowsLicenseException_OnInvalidDocument" storage="d:\actions-runner\_work\xpco\xpco\corporate\videoos.server.unittests\bin\x64\debug\net472\videoos.server.unittests.dll" id="a458d2f4-9d49-ccf4-721d-334e9190a07e">
      <TestCategory>
        <TestCategoryItem TestCategory="Licensing" />
      </TestCategory>
      <Execution id="ed48cc07-1c14-4269-9094-30b1a0b34f67" />
      <TestMethod codeBase="D:\actions-runner\_work\XPCO\XPCO\Corporate\VideoOS.Server.UnitTests\bin\x64\Debug\net472\VideoOS.Server.UnitTests.dll" adapterTypeName="executor://mstestadapter/v2" className="VideoOS.Server.UnitTests.Licensing.LicenseManagerUnitTests" name="CreateLicenseRequest_ThrowsLicenseException_OnInvalidDocument" />
    </UnitTest>
    <UnitTest name="AllocateLicenses_OneLicenseUsed_OnOneHardwareWithOneCameraInGraceAndFourLicenses" storage="d:\actions-runner\_work\xpco\xpco\corporate\videoos.server.unittests\bin\x64\debug\net472\videoos.server.unittests.dll" id="acf03fb6-5116-f94e-d6e8-7ac4126f56f1">
      <TestCategory>
        <TestCategoryItem TestCategory="Licensing" />
      </TestCategory>
      <Execution id="bf2d2296-47d1-47d4-bde8-b84b78b15b31" />
      <TestMethod codeBase="D:\actions-runner\_work\XPCO\XPCO\Corporate\VideoOS.Server.UnitTests\bin\x64\Debug\net472\VideoOS.Server.UnitTests.dll" adapterTypeName="executor://mstestadapter/v2" className="VideoOS.Server.UnitTests.Licensing.LicenseAllocatorHardwareTests" name="AllocateLicenses_OneLicenseUsed_OnOneHardwareWithOneCameraInGraceAndFourLicenses" />
    </UnitTest>
    <UnitTest name="IsHardwareInChangesWithoutActivation_ReturnsTrue_OnPreviousYearDevices" storage="d:\actions-runner\_work\xpco\xpco\corporate\videoos.server.unittests\bin\x64\debug\net472\videoos.server.unittests.dll" id="0af6b612-3ebd-5e45-a89c-94611fd252c6">
      <TestCategory>
        <TestCategoryItem TestCategory="Licensing" />
      </TestCategory>
      <Execution id="04678709-99e7-461f-b327-4acbe47cddf9" />
      <TestMethod codeBase="D:\actions-runner\_work\XPCO\XPCO\Corporate\VideoOS.Server.UnitTests\bin\x64\Debug\net472\VideoOS.Server.UnitTests.dll" adapterTypeName="executor://mstestadapter/v2" className="VideoOS.Server.UnitTests.Licensing.LicenseManagerUnitTests" name="IsHardwareInChangesWithoutActivation_ReturnsTrue_OnPreviousYearDevices" />
    </UnitTest>
    <UnitTest name="ReplaceHardwareCommandHandler_Execute_ReplaceHardware_AllDevicesInherited_Success" storage="d:\actions-runner\_work\xpco\xpco\corporate\videoos.server.unittests\bin\x64\debug\net472\videoos.server.unittests.dll" id="a0bb914f-6854-fb79-12ef-b3ea45e0991b">
      <Execution id="adca3de9-7f3f-4340-85a6-7fefddb32b55" />
      <TestMethod codeBase="D:\actions-runner\_work\XPCO\XPCO\Corporate\VideoOS.Server.UnitTests\bin\x64\Debug\net472\VideoOS.Server.UnitTests.dll" adapterTypeName="executor://mstestadapter/v2" className="VideoOS.Server.UnitTests.CommandHandler.ReplaceHardwareCommandHandlerUnitTests" name="ReplaceHardwareCommandHandler_Execute_ReplaceHardware_AllDevicesInherited_Success" />
    </UnitTest>
    <UnitTest name="GetConnectedClient_MultipleCalls_DoesNotReturnSameClient" storage="d:\actions-runner\_work\xpco\xpco\corporate\videoos.server.unittests\bin\x64\debug\net472\videoos.server.unittests.dll" id="ab24419a-86d1-7329-f45f-11c1dd6a023f">
      <Execution id="ebc40062-059e-43f7-bef6-8de4d40b840e" />
      <TestMethod codeBase="D:\actions-runner\_work\XPCO\XPCO\Corporate\VideoOS.Server.UnitTests\bin\x64\Debug\net472\VideoOS.Server.UnitTests.dll" adapterTypeName="executor://mstestadapter/v2" className="VideoOS.Server.UnitTests.CommandHandler.VmoClientsPoolTests" name="GetConnectedClient_MultipleCalls_DoesNotReturnSameClient" />
    </UnitTest>
    <UnitTest name="AllocateLicenses_NotActivated_TwoDevice_SixCameraChannels_NotEnoughLicensesForDevicesInGracePeriod" storage="d:\actions-runner\_work\xpco\xpco\corporate\videoos.server.unittests\bin\x64\debug\net472\videoos.server.unittests.dll" id="661f631a-85a7-065b-6ac4-6862fc678c2b">
      <TestCategory>
        <TestCategoryItem TestCategory="Licensing" />
      </TestCategory>
      <Execution id="cc7ec3b1-da71-4303-aeeb-6a8103ef2ebf" />
      <TestMethod codeBase="D:\actions-runner\_work\XPCO\XPCO\Corporate\VideoOS.Server.UnitTests\bin\x64\Debug\net472\VideoOS.Server.UnitTests.dll" adapterTypeName="executor://mstestadapter/v2" className="VideoOS.Server.UnitTests.Licensing.LicenseAllocatorChannelTests" name="AllocateLicenses_NotActivated_TwoDevice_SixCameraChannels_NotEnoughLicensesForDevicesInGracePeriod" />
    </UnitTest>
    <UnitTest name="MoveHardwareTaskCommandHandler_Execute_TargetRecorder_StorageOffline_FailResponse" storage="d:\actions-runner\_work\xpco\xpco\corporate\videoos.server.unittests\bin\x64\debug\net472\videoos.server.unittests.dll" id="04c34e7c-e78e-7563-7994-efef96d7f7b4">
      <Execution id="ba0de529-102b-4bcd-ac8b-627c376e6ddd" />
      <TestMethod codeBase="D:\actions-runner\_work\XPCO\XPCO\Corporate\VideoOS.Server.UnitTests\bin\x64\Debug\net472\VideoOS.Server.UnitTests.dll" adapterTypeName="executor://mstestadapter/v2" className="VideoOS.Server.UnitTests.CommandHandler.MoveHardwareTaskCommandHandlerTests" name="MoveHardwareTaskCommandHandler_Execute_TargetRecorder_StorageOffline_FailResponse" />
    </UnitTest>
    <UnitTest name="ProcessConfigurationChangeTasks_UpdateInsertInsert__Inserts_Batched" storage="d:\actions-runner\_work\xpco\xpco\corporate\videoos.server.unittests\bin\x64\debug\net472\videoos.server.unittests.dll" id="8ee9e6d7-7345-e79f-5e97-9bf89699dd46">
      <Execution id="2fc87ba9-f9c2-4709-997d-7be1cfd6d0f7" />
      <TestMethod codeBase="D:\actions-runner\_work\XPCO\XPCO\Corporate\VideoOS.Server.UnitTests\bin\x64\Debug\net472\VideoOS.Server.UnitTests.dll" adapterTypeName="executor://mstestadapter/v2" className="VideoOS.Server.UnitTests.Tasks.ServerTaskBatchHandlerUnitTests" name="ProcessConfigurationChangeTasks_UpdateInsertInsert__Inserts_Batched" />
    </UnitTest>
    <UnitTest name="HardwareInCWAOnWhiteList_ReplacedWithNoInheritance_HardwareOnWhiteList_MixedCWAAllowed_SomeDevicesInCWA" storage="d:\actions-runner\_work\xpco\xpco\corporate\videoos.server.unittests\bin\x64\debug\net472\videoos.server.unittests.dll" id="38ae8859-aeae-4431-0005-158dc0dca1ba">
      <TestCategory>
        <TestCategoryItem TestCategory="Licensing Replace Hardware" />
        <TestCategoryItem TestCategory="Licensing" />
      </TestCategory>
      <Execution id="143ced3b-70d6-4605-9f78-cfa472cdd18c" />
      <TestMethod codeBase="D:\actions-runner\_work\XPCO\XPCO\Corporate\VideoOS.Server.UnitTests\bin\x64\Debug\net472\VideoOS.Server.UnitTests.dll" adapterTypeName="executor://mstestadapter/v2" className="VideoOS.Server.UnitTests.Licensing.LicenseAllocatorChannelTests" name="HardwareInCWAOnWhiteList_ReplacedWithNoInheritance_HardwareOnWhiteList_MixedCWAAllowed_SomeDevicesInCWA" />
    </UnitTest>
    <UnitTest name="AsyncTaskMonitor_ServerClosing_NoEventsTriggered" storage="d:\actions-runner\_work\xpco\xpco\corporate\videoos.server.unittests\bin\x64\debug\net472\videoos.server.unittests.dll" id="9138da6b-802d-2432-3bc3-7ca04202230b">
      <Execution id="0bf52fcb-2ab5-4234-8026-6eaff299f231" />
      <TestMethod codeBase="D:\actions-runner\_work\XPCO\XPCO\Corporate\VideoOS.Server.UnitTests\bin\x64\Debug\net472\VideoOS.Server.UnitTests.dll" adapterTypeName="executor://mstestadapter/v2" className="VideoOS.Server.UnitTests.Tasks.AsyncTaskMonitorUnitTests" name="AsyncTaskMonitor_ServerClosing_NoEventsTriggered" />
    </UnitTest>
    <UnitTest name="MessageManagerResponseCollector_GetNextResponse_Timeout" storage="d:\actions-runner\_work\xpco\xpco\corporate\videoos.server.unittests\bin\x64\debug\net472\videoos.server.unittests.dll" id="4a9ee53d-4492-6d40-8fa6-c23adf2b7cfc">
      <Execution id="0e1dc61a-bb19-4820-9733-fe3cfc417227" />
      <TestMethod codeBase="D:\actions-runner\_work\XPCO\XPCO\Corporate\VideoOS.Server.UnitTests\bin\x64\Debug\net472\VideoOS.Server.UnitTests.dll" adapterTypeName="executor://mstestadapter/v2" className="VideoOS.Server.UnitTests.MessageManagerResponseCollectorUnitTests" name="MessageManagerResponseCollector_GetNextResponse_Timeout" />
    </UnitTest>
    <UnitTest name="ChangeHardwarePasswordTaskCommandHandler_Execute_Failed_NetworkError_Response" storage="d:\actions-runner\_work\xpco\xpco\corporate\videoos.server.unittests\bin\x64\debug\net472\videoos.server.unittests.dll" id="23eea2e8-4a64-669d-22d7-48b7f57675df">
      <Execution id="b4b337d6-3a7e-452b-8136-154f2b68a2a2" />
      <TestMethod codeBase="D:\actions-runner\_work\XPCO\XPCO\Corporate\VideoOS.Server.UnitTests\bin\x64\Debug\net472\VideoOS.Server.UnitTests.dll" adapterTypeName="executor://mstestadapter/v2" className="VideoOS.Server.UnitTests.CommandHandler.ChangeHardwarePasswordTaskCommandHandlerTests" name="ChangeHardwarePasswordTaskCommandHandler_Execute_Failed_NetworkError_Response" />
    </UnitTest>
    <UnitTest name="HardwareLicense_InsertThenUpdate_ShouldRemainWithInsertFlag" storage="d:\actions-runner\_work\xpco\xpco\corporate\videoos.server.unittests\bin\x64\debug\net472\videoos.server.unittests.dll" id="9402868f-64db-73ab-539a-d8a78b10e01e">
      <Execution id="34fb8257-0299-4272-990d-60171eff2909" />
      <TestMethod codeBase="D:\actions-runner\_work\XPCO\XPCO\Corporate\VideoOS.Server.UnitTests\bin\x64\Debug\net472\VideoOS.Server.UnitTests.dll" adapterTypeName="executor://mstestadapter/v2" className="VideoOS.Server.UnitTests.Licensing.LicenseSnapshotTests" name="HardwareLicense_InsertThenUpdate_ShouldRemainWithInsertFlag" />
    </UnitTest>
    <UnitTest name="HardwareActivatedOnWhiteList_ReplacedWithInheritance_HardwareOnWhiteList_CWAAllowed_NewHardwareInCWA" storage="d:\actions-runner\_work\xpco\xpco\corporate\videoos.server.unittests\bin\x64\debug\net472\videoos.server.unittests.dll" id="3a57acb2-3a31-781d-767d-d0497ee35db7">
      <TestCategory>
        <TestCategoryItem TestCategory="Licensing Replace Hardware" />
        <TestCategoryItem TestCategory="Licensing" />
      </TestCategory>
      <Execution id="af14f3cb-db42-4120-8548-010979c54ca7" />
      <TestMethod codeBase="D:\actions-runner\_work\XPCO\XPCO\Corporate\VideoOS.Server.UnitTests\bin\x64\Debug\net472\VideoOS.Server.UnitTests.dll" adapterTypeName="executor://mstestadapter/v2" className="VideoOS.Server.UnitTests.Licensing.LicenseAllocatorChannelTests" name="HardwareActivatedOnWhiteList_ReplacedWithInheritance_HardwareOnWhiteList_CWAAllowed_NewHardwareInCWA" />
    </UnitTest>
    <UnitTest name="CheckConfigurationDataSetTest_RecorderMulticastNotLicensedSuccess" storage="d:\actions-runner\_work\xpco\xpco\corporate\videoos.server.unittests\bin\x64\debug\net472\videoos.server.unittests.dll" id="c4f124bd-72f7-5c60-a168-23fdc3119cac">
      <Execution id="b01b008c-ba52-44fa-90ea-7604dafa97e8" />
      <TestMethod codeBase="D:\actions-runner\_work\XPCO\XPCO\Corporate\VideoOS.Server.UnitTests\bin\x64\Debug\net472\VideoOS.Server.UnitTests.dll" adapterTypeName="executor://mstestadapter/v2" className="VideoOS.Server.UnitTests.Licensing.LicenseFeatureCheckerTest" name="CheckConfigurationDataSetTest_RecorderMulticastNotLicensedSuccess" />
    </UnitTest>
    <UnitTest name="FirmwareUpgradeTaskCommandHandler_Clone_Returns_Same_Reference" storage="d:\actions-runner\_work\xpco\xpco\corporate\videoos.server.unittests\bin\x64\debug\net472\videoos.server.unittests.dll" id="937f7ec7-f623-4da3-e7e0-77a290e1c465">
      <Execution id="1814dd8d-cc1d-4222-95ea-cc95c63d0eb1" />
      <TestMethod codeBase="D:\actions-runner\_work\XPCO\XPCO\Corporate\VideoOS.Server.UnitTests\bin\x64\Debug\net472\VideoOS.Server.UnitTests.dll" adapterTypeName="executor://mstestadapter/v2" className="VideoOS.Server.UnitTests.CommandHandler.FirmwareUpgradeTaskCommandHandlerTests" name="FirmwareUpgradeTaskCommandHandler_Clone_Returns_Same_Reference" />
    </UnitTest>
    <UnitTest name="EvidenceLockOnOldRecorderCommandHandlerTests_OldRecV1_ConfigDelete1RowEdge_NoDistribution" storage="d:\actions-runner\_work\xpco\xpco\corporate\videoos.server.unittests\bin\x64\debug\net472\videoos.server.unittests.dll" id="75d2b5a5-01b3-26a2-2d8d-99f4e8785b1f">
      <Execution id="d510f47a-2962-4b95-8d4b-b81423ef9f46" />
      <TestMethod codeBase="D:\actions-runner\_work\XPCO\XPCO\Corporate\VideoOS.Server.UnitTests\bin\x64\Debug\net472\VideoOS.Server.UnitTests.dll" adapterTypeName="executor://mstestadapter/v2" className="VideoOS.Server.UnitTests.CommandHandler.EvidenceLockOnOldRecorderCommandHandlerTests" name="EvidenceLockOnOldRecorderCommandHandlerTests_OldRecV1_ConfigDelete1RowEdge_NoDistribution" />
    </UnitTest>
    <UnitTest name="HardwareActivatedNotOnWhiteList_NoCameraChannels_ReplacedWith_HardwareNotOnWhiteList_WithCameraChannels_SomeGraceSomeCWA" storage="d:\actions-runner\_work\xpco\xpco\corporate\videoos.server.unittests\bin\x64\debug\net472\videoos.server.unittests.dll" id="f0017bc8-c9d8-b066-4987-77f2c486bde7">
      <TestCategory>
        <TestCategoryItem TestCategory="Licensing Replace Hardware" />
        <TestCategoryItem TestCategory="Licensing" />
      </TestCategory>
      <Execution id="829b650d-45bb-4e6b-af38-3aa9f5d4aa40" />
      <TestMethod codeBase="D:\actions-runner\_work\XPCO\XPCO\Corporate\VideoOS.Server.UnitTests\bin\x64\Debug\net472\VideoOS.Server.UnitTests.dll" adapterTypeName="executor://mstestadapter/v2" className="VideoOS.Server.UnitTests.Licensing.LicenseAllocatorChannelTests" name="HardwareActivatedNotOnWhiteList_NoCameraChannels_ReplacedWith_HardwareNotOnWhiteList_WithCameraChannels_SomeGraceSomeCWA" />
    </UnitTest>
    <UnitTest name="CheckForAutomaticActivationTrigger_ReturnsTrue_OnDisabledDevice" storage="d:\actions-runner\_work\xpco\xpco\corporate\videoos.server.unittests\bin\x64\debug\net472\videoos.server.unittests.dll" id="cb29dac1-8764-e240-82e6-34668ec60cf1">
      <TestCategory>
        <TestCategoryItem TestCategory="Licensing" />
      </TestCategory>
      <Execution id="2f7246af-79f0-4e80-a0b1-d52c692858ba" />
      <TestMethod codeBase="D:\actions-runner\_work\XPCO\XPCO\Corporate\VideoOS.Server.UnitTests\bin\x64\Debug\net472\VideoOS.Server.UnitTests.dll" adapterTypeName="executor://mstestadapter/v2" className="VideoOS.Server.UnitTests.Commands.UpdateConfigurationManagerCommandHandlerTests" name="CheckForAutomaticActivationTrigger_ReturnsTrue_OnDisabledDevice" />
    </UnitTest>
    <UnitTest name="ChangeHardwarePasswordTaskCommandHandler_Execute_Failed_ExceptionResponse" storage="d:\actions-runner\_work\xpco\xpco\corporate\videoos.server.unittests\bin\x64\debug\net472\videoos.server.unittests.dll" id="f6fbd111-7c7f-0e56-9651-5894ead3ac95">
      <Execution id="f424c5ed-a88d-4007-b204-377a756f7105" />
      <TestMethod codeBase="D:\actions-runner\_work\XPCO\XPCO\Corporate\VideoOS.Server.UnitTests\bin\x64\Debug\net472\VideoOS.Server.UnitTests.dll" adapterTypeName="executor://mstestadapter/v2" className="VideoOS.Server.UnitTests.CommandHandler.ChangeHardwarePasswordTaskCommandHandlerTests" name="ChangeHardwarePasswordTaskCommandHandler_Execute_Failed_ExceptionResponse" />
    </UnitTest>
    <UnitTest name="ServerFileSystemResponseQueryDrives_ModelIsValid_CommandExecuted" storage="d:\actions-runner\_work\xpco\xpco\corporate\videoos.server.unittests\bin\x64\debug\net472\videoos.server.unittests.dll" id="ab91da9c-0e86-f635-ac5f-67e2ac6c00d5">
      <Execution id="de6003ee-a55e-404a-8d5b-06b1a81f325e" />
      <TestMethod codeBase="D:\actions-runner\_work\XPCO\XPCO\Corporate\VideoOS.Server.UnitTests\bin\x64\Debug\net472\VideoOS.Server.UnitTests.dll" adapterTypeName="executor://mstestadapter/v2" className="VideoOS.Server.UnitTests.WebApi.ResponseControllerTest" name="ServerFileSystemResponseQueryDrives_ModelIsValid_CommandExecuted" />
    </UnitTest>
    <UnitTest name="IsActivationNeeded_True_ICP_DeviceAdded" storage="d:\actions-runner\_work\xpco\xpco\corporate\videoos.server.unittests\bin\x64\debug\net472\videoos.server.unittests.dll" id="7ab8caca-a3ee-e6e6-36c5-2bcba348b5a2">
      <TestCategory>
        <TestCategoryItem TestCategory="Licensing" />
      </TestCategory>
      <Execution id="2b57c9d4-b927-4061-8b68-9c3e6e175208" />
      <TestMethod codeBase="D:\actions-runner\_work\XPCO\XPCO\Corporate\VideoOS.Server.UnitTests\bin\x64\Debug\net472\VideoOS.Server.UnitTests.dll" adapterTypeName="executor://mstestadapter/v2" className="VideoOS.Server.UnitTests.Licensing.LicenseManagerUnitTests" name="IsActivationNeeded_True_ICP_DeviceAdded" />
    </UnitTest>
    <UnitTest name="Ctor_LogReceiverNull_ThrowsArgumentNullException" storage="d:\actions-runner\_work\xpco\xpco\corporate\videoos.server.unittests\bin\x64\debug\net472\videoos.server.unittests.dll" id="40fefcc0-5c6a-3a59-b214-d27d27c34cf3">
      <Execution id="fee0e4dc-09ee-4373-985a-883aaabce8bb" />
      <TestMethod codeBase="D:\actions-runner\_work\XPCO\XPCO\Corporate\VideoOS.Server.UnitTests\bin\x64\Debug\net472\VideoOS.Server.UnitTests.dll" adapterTypeName="executor://mstestadapter/v2" className="VideoOS.Server.UnitTests.Log.IdpLogRetrieverTests" name="Ctor_LogReceiverNull_ThrowsArgumentNullException" />
    </UnitTest>
    <UnitTest name="CheckForAutomaticActivationTrigger_ReturnsTrue_OnDisabledHardware" storage="d:\actions-runner\_work\xpco\xpco\corporate\videoos.server.unittests\bin\x64\debug\net472\videoos.server.unittests.dll" id="907efd45-d2e0-1d11-fdb2-9915a1d00c6d">
      <TestCategory>
        <TestCategoryItem TestCategory="Licensing" />
      </TestCategory>
      <Execution id="088af5b8-1684-426f-9554-b206213091ee" />
      <TestMethod codeBase="D:\actions-runner\_work\XPCO\XPCO\Corporate\VideoOS.Server.UnitTests\bin\x64\Debug\net472\VideoOS.Server.UnitTests.dll" adapterTypeName="executor://mstestadapter/v2" className="VideoOS.Server.UnitTests.Commands.UpdateConfigurationManagerCommandHandlerTests" name="CheckForAutomaticActivationTrigger_ReturnsTrue_OnDisabledHardware" />
    </UnitTest>
    <UnitTest name="DeviceDataDistributionManager_CleanupAll_DeleteFromDbThrowsSqlException_Handled" storage="d:\actions-runner\_work\xpco\xpco\corporate\videoos.server.unittests\bin\x64\debug\net472\videoos.server.unittests.dll" id="95ef2841-25eb-f0ae-10b5-380cc89d18bd">
      <Execution id="df076644-3e9a-4d0e-9e89-106c556c0679" />
      <TestMethod codeBase="D:\actions-runner\_work\XPCO\XPCO\Corporate\VideoOS.Server.UnitTests\bin\x64\Debug\net472\VideoOS.Server.UnitTests.dll" adapterTypeName="executor://mstestadapter/v2" className="VideoOS.Server.UnitTests.DeviceDataDistributionManagerUnitTests" name="DeviceDataDistributionManager_CleanupAll_DeleteFromDbThrowsSqlException_Handled" />
    </UnitTest>
    <UnitTest name="Start_TokenDoesNotHaveCorrectScope_ThrowsInvalidOperationException" storage="d:\actions-runner\_work\xpco\xpco\corporate\videoos.server.unittests\bin\x64\debug\net472\videoos.server.unittests.dll" id="1010ec3e-15f5-6176-baaa-337dbb856417">
      <Execution id="bae03916-e922-4997-b2be-ecbb0d142116" />
      <TestMethod codeBase="D:\actions-runner\_work\XPCO\XPCO\Corporate\VideoOS.Server.UnitTests\bin\x64\Debug\net472\VideoOS.Server.UnitTests.dll" adapterTypeName="executor://mstestadapter/v2" className="VideoOS.Server.UnitTests.Log.IdpLogRetrieverTests" name="Start_TokenDoesNotHaveCorrectScope_ThrowsInvalidOperationException" />
    </UnitTest>
    <UnitTest name="HardwareActivatedNotOnWhiteList_ReplacedWithInheritance_HardwareNotOnWhiteList_DifferentCameraChannelsInCWA" storage="d:\actions-runner\_work\xpco\xpco\corporate\videoos.server.unittests\bin\x64\debug\net472\videoos.server.unittests.dll" id="d8f7e6aa-6f47-5e60-ef5d-ae788dc5b1b3">
      <TestCategory>
        <TestCategoryItem TestCategory="Licensing Replace Hardware" />
        <TestCategoryItem TestCategory="Licensing" />
      </TestCategory>
      <Execution id="02a4f4f7-5feb-4d0d-9b92-b7cb99552ff7" />
      <TestMethod codeBase="D:\actions-runner\_work\XPCO\XPCO\Corporate\VideoOS.Server.UnitTests\bin\x64\Debug\net472\VideoOS.Server.UnitTests.dll" adapterTypeName="executor://mstestadapter/v2" className="VideoOS.Server.UnitTests.Licensing.LicenseAllocatorChannelTests" name="HardwareActivatedNotOnWhiteList_ReplacedWithInheritance_HardwareNotOnWhiteList_DifferentCameraChannelsInCWA" />
    </UnitTest>
    <UnitTest name="AllocateLicenses_OneICPHardwareWithTenCamerasNoNormalHardware_OnTenICPLicenses" storage="d:\actions-runner\_work\xpco\xpco\corporate\videoos.server.unittests\bin\x64\debug\net472\videoos.server.unittests.dll" id="2a9b3a3d-4f97-55c6-855a-5890500f2aa0">
      <TestCategory>
        <TestCategoryItem TestCategory="Licensing" />
      </TestCategory>
      <Execution id="a3d0713e-03da-4a65-9ad9-872b328a595f" />
      <TestMethod codeBase="D:\actions-runner\_work\XPCO\XPCO\Corporate\VideoOS.Server.UnitTests\bin\x64\Debug\net472\VideoOS.Server.UnitTests.dll" adapterTypeName="executor://mstestadapter/v2" className="VideoOS.Server.UnitTests.Licensing.LicenseAllocatorChannelTests" name="AllocateLicenses_OneICPHardwareWithTenCamerasNoNormalHardware_OnTenICPLicenses" />
    </UnitTest>
    <UnitTest name="AttachedRecorder_GetRecorderEntry_Success" storage="d:\actions-runner\_work\xpco\xpco\corporate\videoos.server.unittests\bin\x64\debug\net472\videoos.server.unittests.dll" id="937df9c4-c878-f529-8b77-c1ccd47d0caa">
      <Execution id="916efc05-4176-417b-b147-0fc8b10a9dab" />
      <TestMethod codeBase="D:\actions-runner\_work\XPCO\XPCO\Corporate\VideoOS.Server.UnitTests\bin\x64\Debug\net472\VideoOS.Server.UnitTests.dll" adapterTypeName="executor://mstestadapter/v2" className="VideoOS.Server.UnitTests.AttachedRecorderTests" name="AttachedRecorder_GetRecorderEntry_Success" />
    </UnitTest>
    <UnitTest name="HardwareInCWAOnWhiteList_ReplacedWithNoInheritance_HardwareNotOnWhiteList_NoMoreCWAAllowed_MoreChannelsOnReplacedHardware_NewDevicesInGrace" storage="d:\actions-runner\_work\xpco\xpco\corporate\videoos.server.unittests\bin\x64\debug\net472\videoos.server.unittests.dll" id="488cc526-7ee7-e906-0b8a-9517bd5208dd">
      <TestCategory>
        <TestCategoryItem TestCategory="Licensing Replace Hardware" />
        <TestCategoryItem TestCategory="Licensing" />
      </TestCategory>
      <Execution id="9d66b050-f933-4ffa-9b8f-8e52f7567650" />
      <TestMethod codeBase="D:\actions-runner\_work\XPCO\XPCO\Corporate\VideoOS.Server.UnitTests\bin\x64\Debug\net472\VideoOS.Server.UnitTests.dll" adapterTypeName="executor://mstestadapter/v2" className="VideoOS.Server.UnitTests.Licensing.LicenseAllocatorChannelTests" name="HardwareInCWAOnWhiteList_ReplacedWithNoInheritance_HardwareNotOnWhiteList_NoMoreCWAAllowed_MoreChannelsOnReplacedHardware_NewDevicesInGrace" />
    </UnitTest>
    <UnitTest name="DeleteIdpUserTaskCommandHandlerTests_Clone_Returns_Same_Reference" storage="d:\actions-runner\_work\xpco\xpco\corporate\videoos.server.unittests\bin\x64\debug\net472\videoos.server.unittests.dll" id="58141a4e-f059-9b6b-e088-301262858edb">
      <Execution id="457da8c2-f284-4179-a296-ffced65d0dbd" />
      <TestMethod codeBase="D:\actions-runner\_work\XPCO\XPCO\Corporate\VideoOS.Server.UnitTests\bin\x64\Debug\net472\VideoOS.Server.UnitTests.dll" adapterTypeName="executor://mstestadapter/v2" className="VideoOS.Server.UnitTests.CommandHandler.DeleteIdpUserTaskCommandHandlerTests" name="DeleteIdpUserTaskCommandHandlerTests_Clone_Returns_Same_Reference" />
    </UnitTest>
    <UnitTest name="RecorderTaskSuccess_ModelIsNull_BadRequestResult" storage="d:\actions-runner\_work\xpco\xpco\corporate\videoos.server.unittests\bin\x64\debug\net472\videoos.server.unittests.dll" id="71d4b32f-7371-e627-ac04-661a1fea9f42">
      <Execution id="b5a30fdc-215f-4a63-9b2d-401020f3430a" />
      <TestMethod codeBase="D:\actions-runner\_work\XPCO\XPCO\Corporate\VideoOS.Server.UnitTests\bin\x64\Debug\net472\VideoOS.Server.UnitTests.dll" adapterTypeName="executor://mstestadapter/v2" className="VideoOS.Server.UnitTests.TaskControllerTests" name="RecorderTaskSuccess_ModelIsNull_BadRequestResult" />
    </UnitTest>
    <UnitTest name="IsActivationNeeded_True_ICP_DeviceRemoved" storage="d:\actions-runner\_work\xpco\xpco\corporate\videoos.server.unittests\bin\x64\debug\net472\videoos.server.unittests.dll" id="62f74a3d-718e-71c3-9049-7f1099887d7e">
      <TestCategory>
        <TestCategoryItem TestCategory="Licensing" />
      </TestCategory>
      <Execution id="0fa8a7e1-506f-4d05-9f14-1c601a1cf636" />
      <TestMethod codeBase="D:\actions-runner\_work\XPCO\XPCO\Corporate\VideoOS.Server.UnitTests\bin\x64\Debug\net472\VideoOS.Server.UnitTests.dll" adapterTypeName="executor://mstestadapter/v2" className="VideoOS.Server.UnitTests.Licensing.LicenseManagerUnitTests" name="IsActivationNeeded_True_ICP_DeviceRemoved" />
    </UnitTest>
    <UnitTest name="HardwareLicense_GetExpireDate_NoneExistingItem_Returns_MinDate" storage="d:\actions-runner\_work\xpco\xpco\corporate\videoos.server.unittests\bin\x64\debug\net472\videoos.server.unittests.dll" id="72cc7bae-2eb8-2914-d69b-6c5c4b0f01b9">
      <Execution id="85731e08-0b63-4305-9d19-3e2b8eb3fdaf" />
      <TestMethod codeBase="D:\actions-runner\_work\XPCO\XPCO\Corporate\VideoOS.Server.UnitTests\bin\x64\Debug\net472\VideoOS.Server.UnitTests.dll" adapterTypeName="executor://mstestadapter/v2" className="VideoOS.Server.UnitTests.Licensing.LicenseSnapshotTests" name="HardwareLicense_GetExpireDate_NoneExistingItem_Returns_MinDate" />
    </UnitTest>
    <UnitTest name="DeleteConfigurationItemCommandHandler_Execute_NonExistingTable_ArgumentException" storage="d:\actions-runner\_work\xpco\xpco\corporate\videoos.server.unittests\bin\x64\debug\net472\videoos.server.unittests.dll" id="136f250b-a2a4-4bce-2149-25b21eedfaea">
      <Execution id="dc150659-1e43-4463-a494-fa5da8b5d067" />
      <TestMethod codeBase="D:\actions-runner\_work\XPCO\XPCO\Corporate\VideoOS.Server.UnitTests\bin\x64\Debug\net472\VideoOS.Server.UnitTests.dll" adapterTypeName="executor://mstestadapter/v2" className="VideoOS.Server.UnitTests.CommandHandler.DeleteConfigurationItemCommandHandlerUnitTests" name="DeleteConfigurationItemCommandHandler_Execute_NonExistingTable_ArgumentException" />
    </UnitTest>
    <UnitTest name="ReportMediaStatusCommand_ModelIsNull_BadRequestResult" storage="d:\actions-runner\_work\xpco\xpco\corporate\videoos.server.unittests\bin\x64\debug\net472\videoos.server.unittests.dll" id="4b6d3c32-4c2d-4074-3049-382f11a02e0b">
      <Execution id="14a1878d-de23-4d0e-b894-a3cf93c07662" />
      <TestMethod codeBase="D:\actions-runner\_work\XPCO\XPCO\Corporate\VideoOS.Server.UnitTests\bin\x64\Debug\net472\VideoOS.Server.UnitTests.dll" adapterTypeName="executor://mstestadapter/v2" className="VideoOS.Server.UnitTests.DatabaseCommandsControllerTests" name="ReportMediaStatusCommand_ModelIsNull_BadRequestResult" />
    </UnitTest>
    <UnitTest name="DeleteHardwareUserCommandHandler_Execute_ReturnsFailResponseOnEmptyRecorderId" storage="d:\actions-runner\_work\xpco\xpco\corporate\videoos.server.unittests\bin\x64\debug\net472\videoos.server.unittests.dll" id="082ecd90-cd6a-08dc-44f3-b3a9132568e3">
      <Execution id="d28a2446-cc72-467c-b1cc-1fefd723851d" />
      <TestMethod codeBase="D:\actions-runner\_work\XPCO\XPCO\Corporate\VideoOS.Server.UnitTests\bin\x64\Debug\net472\VideoOS.Server.UnitTests.dll" adapterTypeName="executor://mstestadapter/v2" className="VideoOS.Server.UnitTests.CommandHandler.DeleteHardwareUserCommandHandlerServerTests" name="DeleteHardwareUserCommandHandler_Execute_ReturnsFailResponseOnEmptyRecorderId" />
    </UnitTest>
    <UnitTest name="HardwareInCWANotOnWhiteList_ReplacedWithNoInheritance_HardwareOnWhiteList_NoMoreCWAAllowed_NewHardwareInGrace" storage="d:\actions-runner\_work\xpco\xpco\corporate\videoos.server.unittests\bin\x64\debug\net472\videoos.server.unittests.dll" id="39a3d7f7-c33b-5946-818d-71ebe782f69c">
      <TestCategory>
        <TestCategoryItem TestCategory="Licensing Replace Hardware" />
        <TestCategoryItem TestCategory="Licensing" />
      </TestCategory>
      <Execution id="a0d24413-cca9-4fa8-abcb-16ef34d17df7" />
      <TestMethod codeBase="D:\actions-runner\_work\XPCO\XPCO\Corporate\VideoOS.Server.UnitTests\bin\x64\Debug\net472\VideoOS.Server.UnitTests.dll" adapterTypeName="executor://mstestadapter/v2" className="VideoOS.Server.UnitTests.Licensing.LicenseAllocatorChannelTests" name="HardwareInCWANotOnWhiteList_ReplacedWithNoInheritance_HardwareOnWhiteList_NoMoreCWAAllowed_NewHardwareInGrace" />
    </UnitTest>
    <UnitTest name="ChangeHardwarePasswordTaskCommandHandler_Execute_Failed_PasswordOrUserLevelMayNotBeChanged_Response" storage="d:\actions-runner\_work\xpco\xpco\corporate\videoos.server.unittests\bin\x64\debug\net472\videoos.server.unittests.dll" id="99bc1406-b650-0f2c-9f06-c90460b955bc">
      <Execution id="486b4486-85eb-449c-aca7-b1520553da9a" />
      <TestMethod codeBase="D:\actions-runner\_work\XPCO\XPCO\Corporate\VideoOS.Server.UnitTests\bin\x64\Debug\net472\VideoOS.Server.UnitTests.dll" adapterTypeName="executor://mstestadapter/v2" className="VideoOS.Server.UnitTests.CommandHandler.ChangeHardwarePasswordTaskCommandHandlerTests" name="ChangeHardwarePasswordTaskCommandHandler_Execute_Failed_PasswordOrUserLevelMayNotBeChanged_Response" />
    </UnitTest>
    <UnitTest name="HardwareActivatedNotOnWhiteList_ReplacedWithNoInheritance_HardwareNotOnWhiteList_CWAAllowed_AllDevicesInCWA" storage="d:\actions-runner\_work\xpco\xpco\corporate\videoos.server.unittests\bin\x64\debug\net472\videoos.server.unittests.dll" id="9048ef2e-ea98-a1cd-4593-760c3c6dfb9c">
      <TestCategory>
        <TestCategoryItem TestCategory="Licensing Replace Hardware" />
        <TestCategoryItem TestCategory="Licensing" />
      </TestCategory>
      <Execution id="8c117c08-0435-4a40-8e2d-53af32f66d7d" />
      <TestMethod codeBase="D:\actions-runner\_work\XPCO\XPCO\Corporate\VideoOS.Server.UnitTests\bin\x64\Debug\net472\VideoOS.Server.UnitTests.dll" adapterTypeName="executor://mstestadapter/v2" className="VideoOS.Server.UnitTests.Licensing.LicenseAllocatorChannelTests" name="HardwareActivatedNotOnWhiteList_ReplacedWithNoInheritance_HardwareNotOnWhiteList_CWAAllowed_AllDevicesInCWA" />
    </UnitTest>
    <UnitTest name="AutomaticActivationFailedEvent_GetsFired_OnFailedAutomaticActivation" storage="d:\actions-runner\_work\xpco\xpco\corporate\videoos.server.unittests\bin\x64\debug\net472\videoos.server.unittests.dll" id="158b079f-5a80-ad96-877a-5a4d13ecf6d0">
      <TestCategory>
        <TestCategoryItem TestCategory="Licensing" />
      </TestCategory>
      <Execution id="3297bbf6-0fd9-4b11-a4e5-00c7d3260ed3" />
      <TestMethod codeBase="D:\actions-runner\_work\XPCO\XPCO\Corporate\VideoOS.Server.UnitTests\bin\x64\Debug\net472\VideoOS.Server.UnitTests.dll" adapterTypeName="executor://mstestadapter/v2" className="VideoOS.Server.UnitTests.Licensing.ActivationManagerTests" name="AutomaticActivationFailedEvent_GetsFired_OnFailedAutomaticActivation" />
    </UnitTest>
    <UnitTest name="AnalyzeAndCreateAuditLogs_AddedSecurityPermissionsDeviceRowWithTimeProfile_ReturnsTwoAuditLogs" storage="d:\actions-runner\_work\xpco\xpco\corporate\videoos.server.unittests\bin\x64\debug\net472\videoos.server.unittests.dll" id="9b9964ae-410b-030e-c821-d12ba277566e">
      <Execution id="a4c47d84-5857-4357-b2dc-f44a1a3f4f01" />
      <TestMethod codeBase="D:\actions-runner\_work\XPCO\XPCO\Corporate\VideoOS.Server.UnitTests\bin\x64\Debug\net472\VideoOS.Server.UnitTests.dll" adapterTypeName="executor://mstestadapter/v2" className="VideoOS.Server.UnitTests.CommandHandler.DataSetAuditLogAnalyzerTests" name="AnalyzeAndCreateAuditLogs_AddedSecurityPermissionsDeviceRowWithTimeProfile_ReturnsTwoAuditLogs" />
    </UnitTest>
    <UnitTest name="AllocateLicenses_HardwareWith15Devices5EnabledAndActivated_Enabling10Devices_ShouldGet5CWA5Unlicensed_On10LicensesAndZeroCWA" storage="d:\actions-runner\_work\xpco\xpco\corporate\videoos.server.unittests\bin\x64\debug\net472\videoos.server.unittests.dll" id="0d7e3425-dd9c-d970-e740-d984aa731a8c">
      <TestCategory>
        <TestCategoryItem TestCategory="Licensing" />
      </TestCategory>
      <Execution id="5aebf51c-7334-49ce-b93d-60fe17bf0586" />
      <TestMethod codeBase="D:\actions-runner\_work\XPCO\XPCO\Corporate\VideoOS.Server.UnitTests\bin\x64\Debug\net472\VideoOS.Server.UnitTests.dll" adapterTypeName="executor://mstestadapter/v2" className="VideoOS.Server.UnitTests.Licensing.LicenseAllocatorChannelTests" name="AllocateLicenses_HardwareWith15Devices5EnabledAndActivated_Enabling10Devices_ShouldGet5CWA5Unlicensed_On10LicensesAndZeroCWA" />
    </UnitTest>
    <UnitTest name="IsActivationNeeded_True_DeviceReplaced" storage="d:\actions-runner\_work\xpco\xpco\corporate\videoos.server.unittests\bin\x64\debug\net472\videoos.server.unittests.dll" id="ab86455a-c8b3-eae2-e3ab-342237edf022">
      <TestCategory>
        <TestCategoryItem TestCategory="Licensing" />
      </TestCategory>
      <Execution id="20cbed55-054b-4266-9a72-c32356778db1" />
      <TestMethod codeBase="D:\actions-runner\_work\XPCO\XPCO\Corporate\VideoOS.Server.UnitTests\bin\x64\Debug\net472\VideoOS.Server.UnitTests.dll" adapterTypeName="executor://mstestadapter/v2" className="VideoOS.Server.UnitTests.Licensing.LicenseManagerUnitTests" name="IsActivationNeeded_True_DeviceReplaced" />
    </UnitTest>
    <UnitTest name="EvidenceLockOnOldRecorderCommandHandlerTests_OldRecV1_ConfigEdit1RowExtra_Ignored" storage="d:\actions-runner\_work\xpco\xpco\corporate\videoos.server.unittests\bin\x64\debug\net472\videoos.server.unittests.dll" id="634a7857-4161-c208-2b7c-4392dc6f68a9">
      <Execution id="c373af95-ba71-49cb-a675-197b528632c4" />
      <TestMethod codeBase="D:\actions-runner\_work\XPCO\XPCO\Corporate\VideoOS.Server.UnitTests\bin\x64\Debug\net472\VideoOS.Server.UnitTests.dll" adapterTypeName="executor://mstestadapter/v2" className="VideoOS.Server.UnitTests.CommandHandler.EvidenceLockOnOldRecorderCommandHandlerTests" name="EvidenceLockOnOldRecorderCommandHandlerTests_OldRecV1_ConfigEdit1RowExtra_Ignored" />
    </UnitTest>
    <UnitTest name="RemovedPreviousYearDevicesFromCountManager_OnATimer" storage="d:\actions-runner\_work\xpco\xpco\corporate\videoos.server.unittests\bin\x64\debug\net472\videoos.server.unittests.dll" id="ecc470fa-6ca3-eddb-c95e-18809a25c516">
      <TestCategory>
        <TestCategoryItem TestCategory="Licensing" />
      </TestCategory>
      <Execution id="4ea7f43e-e864-4f4d-bfb5-c069749dd496" />
      <TestMethod codeBase="D:\actions-runner\_work\XPCO\XPCO\Corporate\VideoOS.Server.UnitTests\bin\x64\Debug\net472\VideoOS.Server.UnitTests.dll" adapterTypeName="executor://mstestadapter/v2" className="VideoOS.Server.UnitTests.Licensing.LicenseManagerUnitTests" name="RemovedPreviousYearDevicesFromCountManager_OnATimer" />
    </UnitTest>
    <UnitTest name="HardwareInCWAOnWhiteList_ReplacedWithNoInheritance_HardwareOnWhiteList_NoMoreCWAAllowed_FewerChannelsOnReplacedHardware_NewHardwareInGrace" storage="d:\actions-runner\_work\xpco\xpco\corporate\videoos.server.unittests\bin\x64\debug\net472\videoos.server.unittests.dll" id="aac10e62-9d0b-cc86-10c1-c58eccffc8a5">
      <TestCategory>
        <TestCategoryItem TestCategory="Licensing Replace Hardware" />
        <TestCategoryItem TestCategory="Licensing" />
      </TestCategory>
      <Execution id="3a0da623-444c-4aad-a0a2-9aac82f8bb9d" />
      <TestMethod codeBase="D:\actions-runner\_work\XPCO\XPCO\Corporate\VideoOS.Server.UnitTests\bin\x64\Debug\net472\VideoOS.Server.UnitTests.dll" adapterTypeName="executor://mstestadapter/v2" className="VideoOS.Server.UnitTests.Licensing.LicenseAllocatorChannelTests" name="HardwareInCWAOnWhiteList_ReplacedWithNoInheritance_HardwareOnWhiteList_NoMoreCWAAllowed_FewerChannelsOnReplacedHardware_NewHardwareInGrace" />
    </UnitTest>
    <UnitTest name="GetHardwareNetworkSettingsCommandHandler_Execute_WrongCommandOrNullParameters_Throws" storage="d:\actions-runner\_work\xpco\xpco\corporate\videoos.server.unittests\bin\x64\debug\net472\videoos.server.unittests.dll" id="e856be50-0a89-d114-dc11-291c110df1d7">
      <Execution id="0f7e790a-758a-40bb-bf9f-f68038471362" />
      <TestMethod codeBase="D:\actions-runner\_work\XPCO\XPCO\Corporate\VideoOS.Server.UnitTests\bin\x64\Debug\net472\VideoOS.Server.UnitTests.dll" adapterTypeName="executor://mstestadapter/v2" className="VideoOS.Server.UnitTests.CommandHandler.GetHardwareNetworkSettingsCommandHandlerUnitTests" name="GetHardwareNetworkSettingsCommandHandler_Execute_WrongCommandOrNullParameters_Throws" />
    </UnitTest>
    <UnitTest name="UpdateHardwareTaskCommandHandler_Execute_HeartBeat_AccessDenied_Tests" storage="d:\actions-runner\_work\xpco\xpco\corporate\videoos.server.unittests\bin\x64\debug\net472\videoos.server.unittests.dll" id="17d9a061-47a1-760a-9a7b-5c298e6a3921">
      <Execution id="89518f93-e566-4ff0-a69a-d1351751c40f" />
      <TestMethod codeBase="D:\actions-runner\_work\XPCO\XPCO\Corporate\VideoOS.Server.UnitTests\bin\x64\Debug\net472\VideoOS.Server.UnitTests.dll" adapterTypeName="executor://mstestadapter/v2" className="VideoOS.Server.UnitTests.CommandHandler.UpdateHardwareTaskHandlerTests" name="UpdateHardwareTaskCommandHandler_Execute_HeartBeat_AccessDenied_Tests" />
    </UnitTest>
    <UnitTest name="LicenseInfoXmlWriter_UpdateLicenseState_OnLicenseExpired" storage="d:\actions-runner\_work\xpco\xpco\corporate\videoos.server.unittests\bin\x64\debug\net472\videoos.server.unittests.dll" id="98d3b77a-de4e-c65f-d0f1-c8e1bf069964">
      <TestCategory>
        <TestCategoryItem TestCategory="Licensing" />
      </TestCategory>
      <Execution id="17d297ab-3c99-4611-8fa0-1d91c5869e74" />
      <TestMethod codeBase="D:\actions-runner\_work\XPCO\XPCO\Corporate\VideoOS.Server.UnitTests\bin\x64\Debug\net472\VideoOS.Server.UnitTests.dll" adapterTypeName="executor://mstestadapter/v2" className="VideoOS.Server.UnitTests.Licensing.LicenseInfoXmlWriterTests" name="LicenseInfoXmlWriter_UpdateLicenseState_OnLicenseExpired" />
    </UnitTest>
    <UnitTest name="HardwareScanTaskCommandHandler_Execute_TargetInvocationException_FailResponse" storage="d:\actions-runner\_work\xpco\xpco\corporate\videoos.server.unittests\bin\x64\debug\net472\videoos.server.unittests.dll" id="7adea5e7-540d-b8b1-2170-ef656c51b562">
      <Execution id="35f64e84-0c23-4b9d-bce1-8520527e9340" />
      <TestMethod codeBase="D:\actions-runner\_work\XPCO\XPCO\Corporate\VideoOS.Server.UnitTests\bin\x64\Debug\net472\VideoOS.Server.UnitTests.dll" adapterTypeName="executor://mstestadapter/v2" className="VideoOS.Server.UnitTests.CommandHandler.HardwareScanTaskCommandHandlerTest" name="HardwareScanTaskCommandHandler_Execute_TargetInvocationException_FailResponse" />
    </UnitTest>
    <UnitTest name="TemporaryDeviceLicense_Ctor_LocalTime_ArgumentException" storage="d:\actions-runner\_work\xpco\xpco\corporate\videoos.server.unittests\bin\x64\debug\net472\videoos.server.unittests.dll" id="9c32895e-ff17-9088-af25-1072fc42037c">
      <TestCategory>
        <TestCategoryItem TestCategory="Licensing" />
      </TestCategory>
      <Execution id="19f71210-fe31-42c1-8df9-da320e54d2b8" />
      <TestMethod codeBase="D:\actions-runner\_work\XPCO\XPCO\Corporate\VideoOS.Server.UnitTests\bin\x64\Debug\net472\VideoOS.Server.UnitTests.dll" adapterTypeName="executor://mstestadapter/v2" className="VideoOS.Server.UnitTests.Licensing.HardwareLicensesUnitTests" name="TemporaryDeviceLicense_Ctor_LocalTime_ArgumentException" />
    </UnitTest>
    <UnitTest name="Validate_HBL_FeedCountCorrect_ForSameHardware_OnTwoRecordingServers_CountsEachUniqueActiveChannelAsOne" storage="d:\actions-runner\_work\xpco\xpco\corporate\videoos.server.unittests\bin\x64\debug\net472\videoos.server.unittests.dll" id="67cefb4b-771a-487f-9009-3e0474c4cd04">
      <TestCategory>
        <TestCategoryItem TestCategory="Licensing" />
      </TestCategory>
      <Execution id="d88a3ab5-284c-49e7-ad59-ed2cb1761b78" />
      <TestMethod codeBase="D:\actions-runner\_work\XPCO\XPCO\Corporate\VideoOS.Server.UnitTests\bin\x64\Debug\net472\VideoOS.Server.UnitTests.dll" adapterTypeName="executor://mstestadapter/v2" className="VideoOS.Server.UnitTests.Licensing.LicenseRequestChannelTests" name="Validate_HBL_FeedCountCorrect_ForSameHardware_OnTwoRecordingServers_CountsEachUniqueActiveChannelAsOne" />
    </UnitTest>
    <UnitTest name="AllocateLicenses_FiveLicenses_7HardwareOnWhitelist_1Activated_4CWA_2Unlicensed" storage="d:\actions-runner\_work\xpco\xpco\corporate\videoos.server.unittests\bin\x64\debug\net472\videoos.server.unittests.dll" id="b3d6dfb1-c90a-f7a8-257d-c548fecb026b">
      <TestCategory>
        <TestCategoryItem TestCategory="Licensing" />
      </TestCategory>
      <Execution id="8dc78f24-874b-4de4-85ed-a6eab629e5c5" />
      <TestMethod codeBase="D:\actions-runner\_work\XPCO\XPCO\Corporate\VideoOS.Server.UnitTests\bin\x64\Debug\net472\VideoOS.Server.UnitTests.dll" adapterTypeName="executor://mstestadapter/v2" className="VideoOS.Server.UnitTests.Licensing.LicenseAllocatorChannelTests" name="AllocateLicenses_FiveLicenses_7HardwareOnWhitelist_1Activated_4CWA_2Unlicensed" />
    </UnitTest>
    <UnitTest name="Validate_IsDeviceInChangesWithoutActivation_NotFound" storage="d:\actions-runner\_work\xpco\xpco\corporate\videoos.server.unittests\bin\x64\debug\net472\videoos.server.unittests.dll" id="77d928c5-af1e-5f9e-1754-2b8bdc27778b">
      <TestCategory>
        <TestCategoryItem TestCategory="Licensing" />
      </TestCategory>
      <Execution id="48c7f0b9-52f3-4bda-a00c-9f3716d7f17d" />
      <TestMethod codeBase="D:\actions-runner\_work\XPCO\XPCO\Corporate\VideoOS.Server.UnitTests\bin\x64\Debug\net472\VideoOS.Server.UnitTests.dll" adapterTypeName="executor://mstestadapter/v2" className="VideoOS.Server.UnitTests.Licensing.LicenseCountManagerUnitTests" name="Validate_IsDeviceInChangesWithoutActivation_NotFound" />
    </UnitTest>
    <UnitTest name="SetHardwareNetworkSettingsCommandHandler_Execute_EmptyRecorderServiceId_ReturnsFailResponse" storage="d:\actions-runner\_work\xpco\xpco\corporate\videoos.server.unittests\bin\x64\debug\net472\videoos.server.unittests.dll" id="c00f22dd-5779-e2b1-6f1d-79116f6716e5">
      <Execution id="cac95ae6-53cf-4dd3-ab5c-d40fc491328f" />
      <TestMethod codeBase="D:\actions-runner\_work\XPCO\XPCO\Corporate\VideoOS.Server.UnitTests\bin\x64\Debug\net472\VideoOS.Server.UnitTests.dll" adapterTypeName="executor://mstestadapter/v2" className="VideoOS.Server.UnitTests.CommandHandler.SetHardwareNetworkSettingsCommandHandlerUnitTests" name="SetHardwareNetworkSettingsCommandHandler_Execute_EmptyRecorderServiceId_ReturnsFailResponse" />
    </UnitTest>
    <UnitTest name="PromoteNewEncryptionPassword_ModelIsValid_Executed" storage="d:\actions-runner\_work\xpco\xpco\corporate\videoos.server.unittests\bin\x64\debug\net472\videoos.server.unittests.dll" id="fa52c818-7f37-d4f7-04b7-9530b81dfb8c">
      <Execution id="5082fa21-f2c9-4033-bdb9-10db40153b34" />
      <TestMethod codeBase="D:\actions-runner\_work\XPCO\XPCO\Corporate\VideoOS.Server.UnitTests\bin\x64\Debug\net472\VideoOS.Server.UnitTests.dll" adapterTypeName="executor://mstestadapter/v2" className="VideoOS.Server.UnitTests.RecorderControllerTest" name="PromoteNewEncryptionPassword_ModelIsValid_Executed" />
    </UnitTest>
    <UnitTest name="RecordingServerCache_RetrieveNonExistentLicenseFromCache_ReturnsFalse" storage="d:\actions-runner\_work\xpco\xpco\corporate\videoos.server.unittests\bin\x64\debug\net472\videoos.server.unittests.dll" id="78936cb5-5e04-7c42-f020-4f17dd495378">
      <Execution id="5170e89c-d0df-441d-b1fc-cced601121f5" />
      <TestMethod codeBase="D:\actions-runner\_work\XPCO\XPCO\Corporate\VideoOS.Server.UnitTests\bin\x64\Debug\net472\VideoOS.Server.UnitTests.dll" adapterTypeName="executor://mstestadapter/v2" className="VideoOS.Server.UnitTests.Licensing.LicenseManagerCacheTests" name="RecordingServerCache_RetrieveNonExistentLicenseFromCache_ReturnsFalse" />
    </UnitTest>
    <UnitTest name="ChangeHardwarePasswordTaskCommandHandler_Execute_Failed_UserLevelAnonymousNotAllowed_Response" storage="d:\actions-runner\_work\xpco\xpco\corporate\videoos.server.unittests\bin\x64\debug\net472\videoos.server.unittests.dll" id="cc7717c8-6ebf-bd64-52ca-358afed978e1">
      <Execution id="bef0ceb6-64b8-49ca-b5a8-2622060a7412" />
      <TestMethod codeBase="D:\actions-runner\_work\XPCO\XPCO\Corporate\VideoOS.Server.UnitTests\bin\x64\Debug\net472\VideoOS.Server.UnitTests.dll" adapterTypeName="executor://mstestadapter/v2" className="VideoOS.Server.UnitTests.CommandHandler.ChangeHardwarePasswordTaskCommandHandlerTests" name="ChangeHardwarePasswordTaskCommandHandler_Execute_Failed_UserLevelAnonymousNotAllowed_Response" />
    </UnitTest>
    <UnitTest name="HeartbeatResponse_ModelIsValid_CommandExecuted" storage="d:\actions-runner\_work\xpco\xpco\corporate\videoos.server.unittests\bin\x64\debug\net472\videoos.server.unittests.dll" id="eedd6844-c854-948c-de42-8c2f993ad660">
      <Execution id="09b716fc-ff13-4dbc-91a6-2b6c9b1220f8" />
      <TestMethod codeBase="D:\actions-runner\_work\XPCO\XPCO\Corporate\VideoOS.Server.UnitTests\bin\x64\Debug\net472\VideoOS.Server.UnitTests.dll" adapterTypeName="executor://mstestadapter/v2" className="VideoOS.Server.UnitTests.WebApi.ResponseControllerTest" name="HeartbeatResponse_ModelIsValid_CommandExecuted" />
    </UnitTest>
    <UnitTest name="DeleteHardwareTaskCommandHandler_Execute_HeartbeatResponse_Gives_Progress" storage="d:\actions-runner\_work\xpco\xpco\corporate\videoos.server.unittests\bin\x64\debug\net472\videoos.server.unittests.dll" id="eba67419-0ba6-e4bf-58dc-6c9a22c8e85a">
      <Execution id="6c9454de-025e-4a89-99ae-9d0a659f0ac7" />
      <TestMethod codeBase="D:\actions-runner\_work\XPCO\XPCO\Corporate\VideoOS.Server.UnitTests\bin\x64\Debug\net472\VideoOS.Server.UnitTests.dll" adapterTypeName="executor://mstestadapter/v2" className="VideoOS.Server.UnitTests.CommandHandler.DeleteHardwareTaskCommandHandlerTest" name="DeleteHardwareTaskCommandHandler_Execute_HeartbeatResponse_Gives_Progress" />
    </UnitTest>
    <UnitTest name="HardwareScanTaskCommandHandler_Clone_Returns_Same_Reference" storage="d:\actions-runner\_work\xpco\xpco\corporate\videoos.server.unittests\bin\x64\debug\net472\videoos.server.unittests.dll" id="3ee6cc10-3fc3-7952-4a1d-d7dd515e38c3">
      <Execution id="8556fc9a-f517-48f6-8f93-67f232f450bb" />
      <TestMethod codeBase="D:\actions-runner\_work\XPCO\XPCO\Corporate\VideoOS.Server.UnitTests\bin\x64\Debug\net472\VideoOS.Server.UnitTests.dll" adapterTypeName="executor://mstestadapter/v2" className="VideoOS.Server.UnitTests.CommandHandler.HardwareScanTaskCommandHandlerTest" name="HardwareScanTaskCommandHandler_Clone_Returns_Same_Reference" />
    </UnitTest>
    <UnitTest name="SetHardwareNetworkSettingsCommandHandler_Execute_WrongCommandOrNullParameters_Throws" storage="d:\actions-runner\_work\xpco\xpco\corporate\videoos.server.unittests\bin\x64\debug\net472\videoos.server.unittests.dll" id="6ba35fcf-f7e2-d2f4-3316-e17e20a60922">
      <Execution id="28ec245d-8c18-4279-a284-020e1220c08a" />
      <TestMethod codeBase="D:\actions-runner\_work\XPCO\XPCO\Corporate\VideoOS.Server.UnitTests\bin\x64\Debug\net472\VideoOS.Server.UnitTests.dll" adapterTypeName="executor://mstestadapter/v2" className="VideoOS.Server.UnitTests.CommandHandler.SetHardwareNetworkSettingsCommandHandlerUnitTests" name="SetHardwareNetworkSettingsCommandHandler_Execute_WrongCommandOrNullParameters_Throws" />
    </UnitTest>
    <UnitTest name="AllocateLicenses_NotActivated_SixCameraChannels_FiveExpired_OneInGrace" storage="d:\actions-runner\_work\xpco\xpco\corporate\videoos.server.unittests\bin\x64\debug\net472\videoos.server.unittests.dll" id="88e0d440-ede0-4530-fa82-e54cf5859609">
      <TestCategory>
        <TestCategoryItem TestCategory="Licensing" />
      </TestCategory>
      <Execution id="3df68b18-a773-42a1-a935-8199f1b2c7d4" />
      <TestMethod codeBase="D:\actions-runner\_work\XPCO\XPCO\Corporate\VideoOS.Server.UnitTests\bin\x64\Debug\net472\VideoOS.Server.UnitTests.dll" adapterTypeName="executor://mstestadapter/v2" className="VideoOS.Server.UnitTests.Licensing.LicenseAllocatorChannelTests" name="AllocateLicenses_NotActivated_SixCameraChannels_FiveExpired_OneInGrace" />
    </UnitTest>
    <UnitTest name="GetRecorderLicense_NonCameraDevicesInRecorderLicense_OnHardwareWithoutCamerasAndChannelLicensing" storage="d:\actions-runner\_work\xpco\xpco\corporate\videoos.server.unittests\bin\x64\debug\net472\videoos.server.unittests.dll" id="2aedea52-d73b-acf1-0422-06a57a767fe9">
      <TestCategory>
        <TestCategoryItem TestCategory="Licensing" />
      </TestCategory>
      <Execution id="d6fa8033-302a-4ba3-b380-d33c79eac29e" />
      <TestMethod codeBase="D:\actions-runner\_work\XPCO\XPCO\Corporate\VideoOS.Server.UnitTests\bin\x64\Debug\net472\VideoOS.Server.UnitTests.dll" adapterTypeName="executor://mstestadapter/v2" className="VideoOS.Server.UnitTests.Licensing.LicenseManagerUnitTests" name="GetRecorderLicense_NonCameraDevicesInRecorderLicense_OnHardwareWithoutCamerasAndChannelLicensing" />
    </UnitTest>
    <UnitTest name="UpdateHardwareTaskCommandHandler_Execute_RecorderIncompatible_Tests" storage="d:\actions-runner\_work\xpco\xpco\corporate\videoos.server.unittests\bin\x64\debug\net472\videoos.server.unittests.dll" id="01476c0e-d177-4299-4cf9-aeafa6eab623">
      <Execution id="8dcbc37b-a1d0-47b2-9a52-d5128cffc687" />
      <TestMethod codeBase="D:\actions-runner\_work\XPCO\XPCO\Corporate\VideoOS.Server.UnitTests\bin\x64\Debug\net472\VideoOS.Server.UnitTests.dll" adapterTypeName="executor://mstestadapter/v2" className="VideoOS.Server.UnitTests.CommandHandler.UpdateHardwareTaskHandlerTests" name="UpdateHardwareTaskCommandHandler_Execute_RecorderIncompatible_Tests" />
    </UnitTest>
    <UnitTest name="MoveHardwareTaskCommandHandler_Execute_CreateHardwareBlock_SqlException_FailResponse_DatabaseCommunicationError" storage="d:\actions-runner\_work\xpco\xpco\corporate\videoos.server.unittests\bin\x64\debug\net472\videoos.server.unittests.dll" id="58809d18-3427-6caa-5590-70f262ed803d">
      <Execution id="b95c6b6b-81c4-4889-a72c-54c944ba46d5" />
      <TestMethod codeBase="D:\actions-runner\_work\XPCO\XPCO\Corporate\VideoOS.Server.UnitTests\bin\x64\Debug\net472\VideoOS.Server.UnitTests.dll" adapterTypeName="executor://mstestadapter/v2" className="VideoOS.Server.UnitTests.CommandHandler.MoveHardwareTaskCommandHandlerTests" name="MoveHardwareTaskCommandHandler_Execute_CreateHardwareBlock_SqlException_FailResponse_DatabaseCommunicationError" />
    </UnitTest>
    <UnitTest name="SessionDataManager_Query_Fails" storage="d:\actions-runner\_work\xpco\xpco\corporate\videoos.server.unittests\bin\x64\debug\net472\videoos.server.unittests.dll" id="63fea253-0bce-38e8-9818-42f90c16b632">
      <Execution id="bbc8b3f4-2b78-42ba-91d0-698d6b52256f" />
      <TestMethod codeBase="D:\actions-runner\_work\XPCO\XPCO\Corporate\VideoOS.Server.UnitTests\bin\x64\Debug\net472\VideoOS.Server.UnitTests.dll" adapterTypeName="executor://mstestadapter/v2" className="VideoOS.Server.UnitTests.Tasks.SessionDataManagerTests" name="SessionDataManager_Query_Fails" />
    </UnitTest>
    <UnitTest name="AttachedRecorder_Register_Overwrite" storage="d:\actions-runner\_work\xpco\xpco\corporate\videoos.server.unittests\bin\x64\debug\net472\videoos.server.unittests.dll" id="0c5e955f-9c9a-d7b1-5e17-126c17c7440b">
      <Execution id="9a446e3a-dbf8-411b-9c9d-406597472584" />
      <TestMethod codeBase="D:\actions-runner\_work\XPCO\XPCO\Corporate\VideoOS.Server.UnitTests\bin\x64\Debug\net472\VideoOS.Server.UnitTests.dll" adapterTypeName="executor://mstestadapter/v2" className="VideoOS.Server.UnitTests.AttachedRecorderTests" name="AttachedRecorder_Register_Overwrite" />
    </UnitTest>
    <UnitTest name="DeleteHardwareUserCommandHandler_Execute_ReturnsRecorderUnavailableResponseOnRecorderNotConnected" storage="d:\actions-runner\_work\xpco\xpco\corporate\videoos.server.unittests\bin\x64\debug\net472\videoos.server.unittests.dll" id="ab5fe0dd-c563-bf1f-305f-1efafcc9e3c4">
      <Execution id="4685f4f9-ef07-41a2-90a1-127cecb63b1e" />
      <TestMethod codeBase="D:\actions-runner\_work\XPCO\XPCO\Corporate\VideoOS.Server.UnitTests\bin\x64\Debug\net472\VideoOS.Server.UnitTests.dll" adapterTypeName="executor://mstestadapter/v2" className="VideoOS.Server.UnitTests.CommandHandler.DeleteHardwareUserCommandHandlerServerTests" name="DeleteHardwareUserCommandHandler_Execute_ReturnsRecorderUnavailableResponseOnRecorderNotConnected" />
    </UnitTest>
    <UnitTest name="IsHardwareInChangesWithoutActivation_ReturnsTrue_OnHardwareInGrace" storage="d:\actions-runner\_work\xpco\xpco\corporate\videoos.server.unittests\bin\x64\debug\net472\videoos.server.unittests.dll" id="8473d16a-33e9-c638-f846-0f4a1d9f5e68">
      <TestCategory>
        <TestCategoryItem TestCategory="Licensing" />
      </TestCategory>
      <Execution id="922d5013-4b56-4d96-a36c-b59c31a4c7ba" />
      <TestMethod codeBase="D:\actions-runner\_work\XPCO\XPCO\Corporate\VideoOS.Server.UnitTests\bin\x64\Debug\net472\VideoOS.Server.UnitTests.dll" adapterTypeName="executor://mstestadapter/v2" className="VideoOS.Server.UnitTests.Licensing.LicenseManagerUnitTests" name="IsHardwareInChangesWithoutActivation_ReturnsTrue_OnHardwareInGrace" />
    </UnitTest>
    <UnitTest name="UploadFileChunkCommandHandler_Execute_Succeeded" storage="d:\actions-runner\_work\xpco\xpco\corporate\videoos.server.unittests\bin\x64\debug\net472\videoos.server.unittests.dll" id="1358f968-7e49-c48f-c70c-e1383dc9f02f">
      <Execution id="98114195-e38e-47fb-97c4-fae187ddde1e" />
      <TestMethod codeBase="D:\actions-runner\_work\XPCO\XPCO\Corporate\VideoOS.Server.UnitTests\bin\x64\Debug\net472\VideoOS.Server.UnitTests.dll" adapterTypeName="executor://mstestadapter/v2" className="VideoOS.Server.UnitTests.CommandHandler.UploadFileChunkCommandHandlerUnitTests" name="UploadFileChunkCommandHandler_Execute_Succeeded" />
    </UnitTest>
    <UnitTest name="RegisterFailoverRecorder_WatchingRecorderStopped_Success" storage="d:\actions-runner\_work\xpco\xpco\corporate\videoos.server.unittests\bin\x64\debug\net472\videoos.server.unittests.dll" id="bebd38ae-4784-afc3-8c09-8d11d1d1cde8">
      <Execution id="a687f206-faf4-4cde-a1cd-9daafb8b60b0" />
      <TestMethod codeBase="D:\actions-runner\_work\XPCO\XPCO\Corporate\VideoOS.Server.UnitTests\bin\x64\Debug\net472\VideoOS.Server.UnitTests.dll" adapterTypeName="executor://mstestadapter/v2" className="VideoOS.Server.UnitTests.WebApi.Controllers.RecorderRegistrationControllerTests" name="RegisterFailoverRecorder_WatchingRecorderStopped_Success" />
    </UnitTest>
    <UnitTest name="Start_DisposeHasBeenCalled_ReturnsImmediatelyAndDoesNotInvokeAnythingButDispose" storage="d:\actions-runner\_work\xpco\xpco\corporate\videoos.server.unittests\bin\x64\debug\net472\videoos.server.unittests.dll" id="b87fe60f-2790-ec89-7e60-9dce4bf23dd0">
      <Execution id="3496fa10-28de-49c3-be1d-703980baeb8a" />
      <TestMethod codeBase="D:\actions-runner\_work\XPCO\XPCO\Corporate\VideoOS.Server.UnitTests\bin\x64\Debug\net472\VideoOS.Server.UnitTests.dll" adapterTypeName="executor://mstestadapter/v2" className="VideoOS.Server.UnitTests.Log.IdpLogRetrieverTests" name="Start_DisposeHasBeenCalled_ReturnsImmediatelyAndDoesNotInvokeAnythingButDispose" />
    </UnitTest>
    <UnitTest name="CreateLicenseInformationXml_Has10ActivatedICP_On1ActivatedICPHardwareWith10Cameras" storage="d:\actions-runner\_work\xpco\xpco\corporate\videoos.server.unittests\bin\x64\debug\net472\videoos.server.unittests.dll" id="d423e41b-4e64-7b1c-d2b5-2b243d7b3817">
      <TestCategory>
        <TestCategoryItem TestCategory="Licensing" />
      </TestCategory>
      <Execution id="6bca4ef7-fa38-458a-a6f1-b8289efcd9e0" />
      <TestMethod codeBase="D:\actions-runner\_work\XPCO\XPCO\Corporate\VideoOS.Server.UnitTests\bin\x64\Debug\net472\VideoOS.Server.UnitTests.dll" adapterTypeName="executor://mstestadapter/v2" className="VideoOS.Server.UnitTests.Licensing.LicenseInfoXmlWriterTests" name="CreateLicenseInformationXml_Has10ActivatedICP_On1ActivatedICPHardwareWith10Cameras" />
    </UnitTest>
    <UnitTest name="LicenseCountManager_ValidateRelatedRecordingServerLicenses_IdentifiesRecordersRequiringUpdate_WhenCWAExceeded2_Success" storage="d:\actions-runner\_work\xpco\xpco\corporate\videoos.server.unittests\bin\x64\debug\net472\videoos.server.unittests.dll" id="14e6fe3c-f84a-6467-7b6a-02c046284221">
      <TestCategory>
        <TestCategoryItem TestCategory="Licensing" />
      </TestCategory>
      <Execution id="c0ee0d54-c909-4d6f-8ad5-aeccf4bba217" />
      <TestMethod codeBase="D:\actions-runner\_work\XPCO\XPCO\Corporate\VideoOS.Server.UnitTests\bin\x64\Debug\net472\VideoOS.Server.UnitTests.dll" adapterTypeName="executor://mstestadapter/v2" className="VideoOS.Server.UnitTests.Licensing.LicenseCountManagerUnitTests" name="LicenseCountManager_ValidateRelatedRecordingServerLicenses_IdentifiesRecordersRequiringUpdate_WhenCWAExceeded2_Success" />
    </UnitTest>
    <UnitTest name="AllocateLicensesNotActivated_WhitelistedDriver_Grace_TwoHardware_TwoCameras_OneLicense_OneHardwareDisabled_ValidateLicenseTypes" storage="d:\actions-runner\_work\xpco\xpco\corporate\videoos.server.unittests\bin\x64\debug\net472\videoos.server.unittests.dll" id="9b3384a2-497f-2493-da88-40d7b4218810">
      <TestCategory>
        <TestCategoryItem TestCategory="Licensing" />
      </TestCategory>
      <Execution id="fd5ac0fb-b52b-4e46-940a-7a2ed057b728" />
      <TestMethod codeBase="D:\actions-runner\_work\XPCO\XPCO\Corporate\VideoOS.Server.UnitTests\bin\x64\Debug\net472\VideoOS.Server.UnitTests.dll" adapterTypeName="executor://mstestadapter/v2" className="VideoOS.Server.UnitTests.Licensing.LicenseAllocatorChannelTests" name="AllocateLicensesNotActivated_WhitelistedDriver_Grace_TwoHardware_TwoCameras_OneLicense_OneHardwareDisabled_ValidateLicenseTypes" />
    </UnitTest>
    <UnitTest name="HardwareInCWANotOnWhiteList_ReplacedWithInheritance_HardwareNotOnWhiteList_MixedCWAAllowed_FewerChannelsOnReplacedHardware_SomeDevicesInCWA" storage="d:\actions-runner\_work\xpco\xpco\corporate\videoos.server.unittests\bin\x64\debug\net472\videoos.server.unittests.dll" id="9aa298be-2c39-d2e9-ead8-2178c932f3f2">
      <TestCategory>
        <TestCategoryItem TestCategory="Licensing Replace Hardware" />
        <TestCategoryItem TestCategory="Licensing" />
      </TestCategory>
      <Execution id="9029972a-20ce-4afe-a914-67c2d4dd8fa1" />
      <TestMethod codeBase="D:\actions-runner\_work\XPCO\XPCO\Corporate\VideoOS.Server.UnitTests\bin\x64\Debug\net472\VideoOS.Server.UnitTests.dll" adapterTypeName="executor://mstestadapter/v2" className="VideoOS.Server.UnitTests.Licensing.LicenseAllocatorChannelTests" name="HardwareInCWANotOnWhiteList_ReplacedWithInheritance_HardwareNotOnWhiteList_MixedCWAAllowed_FewerChannelsOnReplacedHardware_SomeDevicesInCWA" />
    </UnitTest>
    <UnitTest name="ReplaceHardwareCommandHandler_Execute_Null_Tests" storage="d:\actions-runner\_work\xpco\xpco\corporate\videoos.server.unittests\bin\x64\debug\net472\videoos.server.unittests.dll" id="bfdadc3c-37bb-0ffa-7e83-c4c3b6dca485">
      <Execution id="420163fa-1a01-4c27-9afc-7aab23fb309e" />
      <TestMethod codeBase="D:\actions-runner\_work\XPCO\XPCO\Corporate\VideoOS.Server.UnitTests\bin\x64\Debug\net472\VideoOS.Server.UnitTests.dll" adapterTypeName="executor://mstestadapter/v2" className="VideoOS.Server.UnitTests.CommandHandler.ReplaceHardwareCommandHandlerUnitTests" name="ReplaceHardwareCommandHandler_Execute_Null_Tests" />
    </UnitTest>
    <UnitTest name="CleanUp_NoFreeClients_TimerStopped" storage="d:\actions-runner\_work\xpco\xpco\corporate\videoos.server.unittests\bin\x64\debug\net472\videoos.server.unittests.dll" id="8f61d7b7-60b9-d0ff-310b-d9cdc01b0f6a">
      <Execution id="3bf03205-3fc3-4e23-8349-b2ac252dfd67" />
      <TestMethod codeBase="D:\actions-runner\_work\XPCO\XPCO\Corporate\VideoOS.Server.UnitTests\bin\x64\Debug\net472\VideoOS.Server.UnitTests.dll" adapterTypeName="executor://mstestadapter/v2" className="VideoOS.Server.UnitTests.CommandHandler.VmoClientsPoolTests" name="CleanUp_NoFreeClients_TimerStopped" />
    </UnitTest>
    <UnitTest name="Initialize_StartsATimer" storage="d:\actions-runner\_work\xpco\xpco\corporate\videoos.server.unittests\bin\x64\debug\net472\videoos.server.unittests.dll" id="b4673c8b-26ff-d3fe-da2f-f330a0ad58cd">
      <TestCategory>
        <TestCategoryItem TestCategory="Licensing" />
      </TestCategory>
      <Execution id="b524cd7a-6e66-4d47-ae34-2f202ef9c2e9" />
      <TestMethod codeBase="D:\actions-runner\_work\XPCO\XPCO\Corporate\VideoOS.Server.UnitTests\bin\x64\Debug\net472\VideoOS.Server.UnitTests.dll" adapterTypeName="executor://mstestadapter/v2" className="VideoOS.Server.UnitTests.Licensing.LicenseManagerUnitTests" name="Initialize_StartsATimer" />
    </UnitTest>
    <UnitTest name="SetRecorderSpecificConfiguration_ModelIsValid_ActionExecuted" storage="d:\actions-runner\_work\xpco\xpco\corporate\videoos.server.unittests\bin\x64\debug\net472\videoos.server.unittests.dll" id="ed78d81e-22e0-7786-addc-10f6223b5e3d">
      <Execution id="b9dce2e0-e8f2-4552-9e4b-be08a59b9955" />
      <TestMethod codeBase="D:\actions-runner\_work\XPCO\XPCO\Corporate\VideoOS.Server.UnitTests\bin\x64\Debug\net472\VideoOS.Server.UnitTests.dll" adapterTypeName="executor://mstestadapter/v2" className="VideoOS.Server.UnitTests.ConfigurationControllerTests" name="SetRecorderSpecificConfiguration_ModelIsValid_ActionExecuted" />
    </UnitTest>
    <UnitTest name="HardwareLicense_SetExpire_NotExists_Created" storage="d:\actions-runner\_work\xpco\xpco\corporate\videoos.server.unittests\bin\x64\debug\net472\videoos.server.unittests.dll" id="01c23f1b-60d3-1ec6-8652-a458e9baba23">
      <Execution id="4add53e3-4d75-41d3-b7dc-e5b0cc1a5b63" />
      <TestMethod codeBase="D:\actions-runner\_work\XPCO\XPCO\Corporate\VideoOS.Server.UnitTests\bin\x64\Debug\net472\VideoOS.Server.UnitTests.dll" adapterTypeName="executor://mstestadapter/v2" className="VideoOS.Server.UnitTests.Licensing.LicenseSnapshotTests" name="HardwareLicense_SetExpire_NotExists_Created" />
    </UnitTest>
    <UnitTest name="Simulate_CWA_DoesNotExpireAfterGracePeriod_NotWhitelisted" storage="d:\actions-runner\_work\xpco\xpco\corporate\videoos.server.unittests\bin\x64\debug\net472\videoos.server.unittests.dll" id="3fe88cbd-8f30-4308-4876-e1a27134f23b">
      <TestCategory>
        <TestCategoryItem TestCategory="Licensing" />
      </TestCategory>
      <Execution id="8d956099-f11f-4776-86ad-526cdf6aae4a" />
      <TestMethod codeBase="D:\actions-runner\_work\XPCO\XPCO\Corporate\VideoOS.Server.UnitTests\bin\x64\Debug\net472\VideoOS.Server.UnitTests.dll" adapterTypeName="executor://mstestadapter/v2" className="VideoOS.Server.UnitTests.Licensing.LicenseAllocatorChannelTests" name="Simulate_CWA_DoesNotExpireAfterGracePeriod_NotWhitelisted" />
    </UnitTest>
    <UnitTest name="NewActivationQueued_InAdvance_OnFailedActivation" storage="d:\actions-runner\_work\xpco\xpco\corporate\videoos.server.unittests\bin\x64\debug\net472\videoos.server.unittests.dll" id="fc08aca4-7adf-3c9b-7a36-f0888daf70b8">
      <TestCategory>
        <TestCategoryItem TestCategory="Licensing" />
      </TestCategory>
      <Execution id="3851ac06-c36b-43d4-83e3-b18d7568cc34" />
      <TestMethod codeBase="D:\actions-runner\_work\XPCO\XPCO\Corporate\VideoOS.Server.UnitTests\bin\x64\Debug\net472\VideoOS.Server.UnitTests.dll" adapterTypeName="executor://mstestadapter/v2" className="VideoOS.Server.UnitTests.Licensing.ActivationManagerTests" name="NewActivationQueued_InAdvance_OnFailedActivation" />
    </UnitTest>
    <UnitTest name="HardwareActivatedOnWhiteList_ReplacedWithInheritance_HardwareOnWhiteList_NoCWAAllowed_NewHardwareInGrace" storage="d:\actions-runner\_work\xpco\xpco\corporate\videoos.server.unittests\bin\x64\debug\net472\videoos.server.unittests.dll" id="ab6e1cfc-09a0-aaf7-3146-9a729003543d">
      <TestCategory>
        <TestCategoryItem TestCategory="Licensing Replace Hardware" />
        <TestCategoryItem TestCategory="Licensing" />
      </TestCategory>
      <Execution id="a952ff93-093e-4a8d-9a3c-2da6356e34bb" />
      <TestMethod codeBase="D:\actions-runner\_work\XPCO\XPCO\Corporate\VideoOS.Server.UnitTests\bin\x64\Debug\net472\VideoOS.Server.UnitTests.dll" adapterTypeName="executor://mstestadapter/v2" className="VideoOS.Server.UnitTests.Licensing.LicenseAllocatorChannelTests" name="HardwareActivatedOnWhiteList_ReplacedWithInheritance_HardwareOnWhiteList_NoCWAAllowed_NewHardwareInGrace" />
    </UnitTest>
    <UnitTest name="ConfigurationDataSetLoader_GetDeviceGroupByDeviceGroupId_Success" storage="d:\actions-runner\_work\xpco\xpco\corporate\videoos.server.unittests\bin\x64\debug\net472\videoos.server.unittests.dll" id="4705763f-eda9-ab18-6971-c5af3eec87c0">
      <Execution id="17918a07-15cb-4506-aa93-56aa731e7d2d" />
      <TestMethod codeBase="D:\actions-runner\_work\XPCO\XPCO\Corporate\VideoOS.Server.UnitTests\bin\x64\Debug\net472\VideoOS.Server.UnitTests.dll" adapterTypeName="executor://mstestadapter/v2" className="VideoOS.Server.UnitTests.Configuration.ConfigurationDataSetLoaderTests" name="ConfigurationDataSetLoader_GetDeviceGroupByDeviceGroupId_Success" />
    </UnitTest>
    <UnitTest name="AutomaticActivationNearExpiry" storage="d:\actions-runner\_work\xpco\xpco\corporate\videoos.server.unittests\bin\x64\debug\net472\videoos.server.unittests.dll" id="2ef2d587-4907-1f3d-44fe-4a133e95d6e4">
      <TestCategory>
        <TestCategoryItem TestCategory="Licensing" />
      </TestCategory>
      <Execution id="3ea86745-d25d-440a-ac49-12281ef4b1fc" />
      <TestMethod codeBase="D:\actions-runner\_work\XPCO\XPCO\Corporate\VideoOS.Server.UnitTests\bin\x64\Debug\net472\VideoOS.Server.UnitTests.dll" adapterTypeName="executor://mstestadapter/v2" className="VideoOS.Server.UnitTests.Licensing.LicenseManagerUnitTests" name="AutomaticActivationNearExpiry" />
    </UnitTest>
    <UnitTest name="UpdateHardwareTaskCommandHandler_Execute_HeartBeat_Unknown_Tests" storage="d:\actions-runner\_work\xpco\xpco\corporate\videoos.server.unittests\bin\x64\debug\net472\videoos.server.unittests.dll" id="6320bcbb-9bd3-a2f1-dd89-af85ab33f5f8">
      <Execution id="83a6b749-a9b2-4468-bb00-c5c44645da4c" />
      <TestMethod codeBase="D:\actions-runner\_work\XPCO\XPCO\Corporate\VideoOS.Server.UnitTests\bin\x64\Debug\net472\VideoOS.Server.UnitTests.dll" adapterTypeName="executor://mstestadapter/v2" className="VideoOS.Server.UnitTests.CommandHandler.UpdateHardwareTaskHandlerTests" name="UpdateHardwareTaskCommandHandler_Execute_HeartBeat_Unknown_Tests" />
    </UnitTest>
    <UnitTest name="Bug_360916_FiveLicensesAvailable_OneLicensedAndWhitelistedHardware_AddFiveMoreWhitelistedHardwares_OneByOne_FourInCWA_OneUnlicensed" storage="d:\actions-runner\_work\xpco\xpco\corporate\videoos.server.unittests\bin\x64\debug\net472\videoos.server.unittests.dll" id="a5fe29b6-8f11-96f3-28fa-75e016b04322">
      <TestCategory>
        <TestCategoryItem TestCategory="Licensing" />
      </TestCategory>
      <Execution id="8eee8bc5-0753-465a-89e2-85a8f41da3c8" />
      <TestMethod codeBase="D:\actions-runner\_work\XPCO\XPCO\Corporate\VideoOS.Server.UnitTests\bin\x64\Debug\net472\VideoOS.Server.UnitTests.dll" adapterTypeName="executor://mstestadapter/v2" className="VideoOS.Server.UnitTests.Licensing.LicenseAllocatorChannelTests" name="Bug_360916_FiveLicensesAvailable_OneLicensedAndWhitelistedHardware_AddFiveMoreWhitelistedHardwares_OneByOne_FourInCWA_OneUnlicensed" />
    </UnitTest>
    <UnitTest name="HardwareInCWAOnWhiteList_ReplacedWithNoInheritance_HardwareOnWhiteList_CWAAllowed_FewerChannelsOnReplacedHardware_NewHardwareInCWA" storage="d:\actions-runner\_work\xpco\xpco\corporate\videoos.server.unittests\bin\x64\debug\net472\videoos.server.unittests.dll" id="920c3954-dd74-38c8-0c02-f21c3952b39d">
      <TestCategory>
        <TestCategoryItem TestCategory="Licensing Replace Hardware" />
        <TestCategoryItem TestCategory="Licensing" />
      </TestCategory>
      <Execution id="311e0d7c-36fd-4ef3-b2a4-73b3eed9659c" />
      <TestMethod codeBase="D:\actions-runner\_work\XPCO\XPCO\Corporate\VideoOS.Server.UnitTests\bin\x64\Debug\net472\VideoOS.Server.UnitTests.dll" adapterTypeName="executor://mstestadapter/v2" className="VideoOS.Server.UnitTests.Licensing.LicenseAllocatorChannelTests" name="HardwareInCWAOnWhiteList_ReplacedWithNoInheritance_HardwareOnWhiteList_CWAAllowed_FewerChannelsOnReplacedHardware_NewHardwareInCWA" />
    </UnitTest>
    <UnitTest name="ConfigurationDataSetLoader_GetConfigurationDataSetTables_Success" storage="d:\actions-runner\_work\xpco\xpco\corporate\videoos.server.unittests\bin\x64\debug\net472\videoos.server.unittests.dll" id="74195eff-5c09-dd70-25cd-3848f6ae2c25">
      <Execution id="93ae8524-75f0-4d67-860f-a1daf56108d2" />
      <TestMethod codeBase="D:\actions-runner\_work\XPCO\XPCO\Corporate\VideoOS.Server.UnitTests\bin\x64\Debug\net472\VideoOS.Server.UnitTests.dll" adapterTypeName="executor://mstestadapter/v2" className="VideoOS.Server.UnitTests.Configuration.ConfigurationDataSetLoaderTests" name="ConfigurationDataSetLoader_GetConfigurationDataSetTables_Success" />
    </UnitTest>
    <UnitTest name="CheckConfigurationDataSetTest_DeviceMulticastNotLicensedSuccess" storage="d:\actions-runner\_work\xpco\xpco\corporate\videoos.server.unittests\bin\x64\debug\net472\videoos.server.unittests.dll" id="4c3b4141-4a79-a1ca-f4f6-ef7e6ac52e59">
      <Execution id="941bbec3-24e8-4fcb-a6d8-4a13bfee099a" />
      <TestMethod codeBase="D:\actions-runner\_work\XPCO\XPCO\Corporate\VideoOS.Server.UnitTests\bin\x64\Debug\net472\VideoOS.Server.UnitTests.dll" adapterTypeName="executor://mstestadapter/v2" className="VideoOS.Server.UnitTests.Licensing.LicenseFeatureCheckerTest" name="CheckConfigurationDataSetTest_DeviceMulticastNotLicensedSuccess" />
    </UnitTest>
    <UnitTest name="DeviceDataDistributionManager_CleanupAll_GetNextResponse_Throws_TimeoutException_NothingDeleted" storage="d:\actions-runner\_work\xpco\xpco\corporate\videoos.server.unittests\bin\x64\debug\net472\videoos.server.unittests.dll" id="c17675a9-d4b5-c266-e823-f450357161ad">
      <Execution id="cb2e7c91-2581-4e3b-aac3-2333b1330d3b" />
      <TestMethod codeBase="D:\actions-runner\_work\XPCO\XPCO\Corporate\VideoOS.Server.UnitTests\bin\x64\Debug\net472\VideoOS.Server.UnitTests.dll" adapterTypeName="executor://mstestadapter/v2" className="VideoOS.Server.UnitTests.DeviceDataDistributionManagerUnitTests" name="DeviceDataDistributionManager_CleanupAll_GetNextResponse_Throws_TimeoutException_NothingDeleted" />
    </UnitTest>
    <UnitTest name="AllocateLicensesNotActivated_WhitelistedDriver_Grace_OneHardware_TwoCameras_OneLicense_ValidateLicenseTypes" storage="d:\actions-runner\_work\xpco\xpco\corporate\videoos.server.unittests\bin\x64\debug\net472\videoos.server.unittests.dll" id="a0443b37-ab3a-c2e5-1bdd-bab22a3fb13a">
      <TestCategory>
        <TestCategoryItem TestCategory="Licensing" />
      </TestCategory>
      <Execution id="217ceef5-9d1a-4d0e-9602-562d5fff42e1" />
      <TestMethod codeBase="D:\actions-runner\_work\XPCO\XPCO\Corporate\VideoOS.Server.UnitTests\bin\x64\Debug\net472\VideoOS.Server.UnitTests.dll" adapterTypeName="executor://mstestadapter/v2" className="VideoOS.Server.UnitTests.Licensing.LicenseAllocatorChannelTests" name="AllocateLicensesNotActivated_WhitelistedDriver_Grace_OneHardware_TwoCameras_OneLicense_ValidateLicenseTypes" />
    </UnitTest>
    <UnitTest name="MultiSite_ChannelBased_SameHardwareAndDevicesOn2Recorders_NotWhitelisted_AllCamerasDisabled_ConsumesNoExtraLicenses" storage="d:\actions-runner\_work\xpco\xpco\corporate\videoos.server.unittests\bin\x64\debug\net472\videoos.server.unittests.dll" id="dfa05749-3f41-1990-642d-87f7f0ef5bf7">
      <Execution id="2fa2c442-3588-4e1d-a789-928e6490616e" />
      <TestMethod codeBase="D:\actions-runner\_work\XPCO\XPCO\Corporate\VideoOS.Server.UnitTests\bin\x64\Debug\net472\VideoOS.Server.UnitTests.dll" adapterTypeName="executor://mstestadapter/v2" className="VideoOS.Server.UnitTests.Licensing.LicenseAllocatorChannelTests" name="MultiSite_ChannelBased_SameHardwareAndDevicesOn2Recorders_NotWhitelisted_AllCamerasDisabled_ConsumesNoExtraLicenses" />
    </UnitTest>
    <UnitTest name="RecorderAccessTokenHandler_PopulateAuthorizationHeaderAsync_IdentityServerTokenException" storage="d:\actions-runner\_work\xpco\xpco\corporate\videoos.server.unittests\bin\x64\debug\net472\videoos.server.unittests.dll" id="10963fca-9936-e814-f958-990fcbd63cbe">
      <Execution id="5a8a0d4a-55fc-4431-9709-6430d25c70f1" />
      <TestMethod codeBase="D:\actions-runner\_work\XPCO\XPCO\Corporate\VideoOS.Server.UnitTests\bin\x64\Debug\net472\VideoOS.Server.UnitTests.dll" adapterTypeName="executor://mstestadapter/v2" className="VideoOS.Server.UnitTests.RecorderCommunication.ServerAccessTokenHandlerTests" name="RecorderAccessTokenHandler_PopulateAuthorizationHeaderAsync_IdentityServerTokenException" />
    </UnitTest>
    <UnitTest name="HasLicense_ReturnsFalse_WhenNoLicenseExists" storage="d:\actions-runner\_work\xpco\xpco\corporate\videoos.server.unittests\bin\x64\debug\net472\videoos.server.unittests.dll" id="62c1543f-f880-9422-221c-4ee82e491af1">
      <TestCategory>
        <TestCategoryItem TestCategory="Licensing" />
      </TestCategory>
      <Execution id="3dec753c-e71d-4586-b9ac-586e34110779" />
      <TestMethod codeBase="D:\actions-runner\_work\XPCO\XPCO\Corporate\VideoOS.Server.UnitTests\bin\x64\Debug\net472\VideoOS.Server.UnitTests.dll" adapterTypeName="executor://mstestadapter/v2" className="VideoOS.Server.UnitTests.Licensing.LicenseRequestChannelTests" name="HasLicense_ReturnsFalse_WhenNoLicenseExists" />
    </UnitTest>
    <UnitTest name="GetCompleteConfiguration_ModelValid_RecorderNotFoundException_Handled" storage="d:\actions-runner\_work\xpco\xpco\corporate\videoos.server.unittests\bin\x64\debug\net472\videoos.server.unittests.dll" id="a72557df-c6d0-bf9b-8d3c-1786d4a4b577">
      <Execution id="5eabcf9c-5ac5-4353-81e1-8ab85a630382" />
      <TestMethod codeBase="D:\actions-runner\_work\XPCO\XPCO\Corporate\VideoOS.Server.UnitTests\bin\x64\Debug\net472\VideoOS.Server.UnitTests.dll" adapterTypeName="executor://mstestadapter/v2" className="VideoOS.Server.UnitTests.ConfigurationControllerTests" name="GetCompleteConfiguration_ModelValid_RecorderNotFoundException_Handled" />
    </UnitTest>
    <UnitTest name="Validate_FirstGraceExpireShown_WithWhiteListedAndNonWhitelistedHardwareOnly_PostAllocation_Success" storage="d:\actions-runner\_work\xpco\xpco\corporate\videoos.server.unittests\bin\x64\debug\net472\videoos.server.unittests.dll" id="87263014-5977-304d-a6cb-58774dbc7b92">
      <TestCategory>
        <TestCategoryItem TestCategory="Licensing" />
      </TestCategory>
      <Execution id="5da0188f-590f-40e5-b158-ffc68f1060ad" />
      <TestMethod codeBase="D:\actions-runner\_work\XPCO\XPCO\Corporate\VideoOS.Server.UnitTests\bin\x64\Debug\net472\VideoOS.Server.UnitTests.dll" adapterTypeName="executor://mstestadapter/v2" className="VideoOS.Server.UnitTests.Licensing.LicenseInfoXmlWriterTests" name="Validate_FirstGraceExpireShown_WithWhiteListedAndNonWhitelistedHardwareOnly_PostAllocation_Success" />
    </UnitTest>
    <UnitTest name="MoveHardwareTaskCommandHandler_Execute_DestinationRecorder_Not_Compatible_FailResponse" storage="d:\actions-runner\_work\xpco\xpco\corporate\videoos.server.unittests\bin\x64\debug\net472\videoos.server.unittests.dll" id="2ed3a00a-4f7f-6fbf-f5bb-89f70e5e347a">
      <Execution id="69af8e6e-f4a0-42c3-a358-3ab91c75dcc3" />
      <TestMethod codeBase="D:\actions-runner\_work\XPCO\XPCO\Corporate\VideoOS.Server.UnitTests\bin\x64\Debug\net472\VideoOS.Server.UnitTests.dll" adapterTypeName="executor://mstestadapter/v2" className="VideoOS.Server.UnitTests.CommandHandler.MoveHardwareTaskCommandHandlerTests" name="MoveHardwareTaskCommandHandler_Execute_DestinationRecorder_Not_Compatible_FailResponse" />
    </UnitTest>
    <UnitTest name="IsActivationQueued_StaysTrue_OnTwoQueueActivationCalls" storage="d:\actions-runner\_work\xpco\xpco\corporate\videoos.server.unittests\bin\x64\debug\net472\videoos.server.unittests.dll" id="440876a3-0b1f-65cb-86fa-df7d9378bb2e">
      <TestCategory>
        <TestCategoryItem TestCategory="Licensing" />
      </TestCategory>
      <Execution id="0718dd71-3763-4054-a015-75864a924b17" />
      <TestMethod codeBase="D:\actions-runner\_work\XPCO\XPCO\Corporate\VideoOS.Server.UnitTests\bin\x64\Debug\net472\VideoOS.Server.UnitTests.dll" adapterTypeName="executor://mstestadapter/v2" className="VideoOS.Server.UnitTests.Licensing.ActivationManagerTests" name="IsActivationQueued_StaysTrue_OnTwoQueueActivationCalls" />
    </UnitTest>
    <UnitTest name="SetRecorderInformation_ModelIsNull_BadRequestResult" storage="d:\actions-runner\_work\xpco\xpco\corporate\videoos.server.unittests\bin\x64\debug\net472\videoos.server.unittests.dll" id="7ff84ea9-41b0-fba9-537a-539e9deaafa7">
      <Execution id="acb13811-12a0-4eb1-8140-52cbfe2ddad1" />
      <TestMethod codeBase="D:\actions-runner\_work\XPCO\XPCO\Corporate\VideoOS.Server.UnitTests\bin\x64\Debug\net472\VideoOS.Server.UnitTests.dll" adapterTypeName="executor://mstestadapter/v2" className="VideoOS.Server.UnitTests.WebApi.Controllers.RecorderRegistrationControllerTests" name="SetRecorderInformation_ModelIsNull_BadRequestResult" />
    </UnitTest>
    <UnitTest name="LicenseHardwareRow_Validate_DeletedRowCanBeReinstated_ChangesAccepted_Success" storage="d:\actions-runner\_work\xpco\xpco\corporate\videoos.server.unittests\bin\x64\debug\net472\videoos.server.unittests.dll" id="061bc90e-4d0a-bbed-e647-2e276f10901c">
      <TestCategory>
        <TestCategoryItem TestCategory="Licensing" />
      </TestCategory>
      <Execution id="6cd6f0aa-25a0-435a-adfd-71c0d8060965" />
      <TestMethod codeBase="D:\actions-runner\_work\XPCO\XPCO\Corporate\VideoOS.Server.UnitTests\bin\x64\Debug\net472\VideoOS.Server.UnitTests.dll" adapterTypeName="executor://mstestadapter/v2" className="VideoOS.Server.UnitTests.Licensing.LicenseDataSetUnitTests" name="LicenseHardwareRow_Validate_DeletedRowCanBeReinstated_ChangesAccepted_Success" />
    </UnitTest>
    <UnitTest name="ArchiveTaskStatusDetails_Serialize_And_Deserialize_Success" storage="d:\actions-runner\_work\xpco\xpco\corporate\videoos.server.unittests\bin\x64\debug\net472\videoos.server.unittests.dll" id="ab5631f2-f214-2d6b-103e-ecf8fde77b19">
      <Execution id="9e0497e6-9579-4ea8-8a89-f25f7cfc76b9" />
      <TestMethod codeBase="D:\actions-runner\_work\XPCO\XPCO\Corporate\VideoOS.Server.UnitTests\bin\x64\Debug\net472\VideoOS.Server.UnitTests.dll" adapterTypeName="executor://mstestadapter/v2" className="VideoOS.Server.UnitTests.Tasks.ArchiveTaskStatusDetailsUnitTests" name="ArchiveTaskStatusDetails_Serialize_And_Deserialize_Success" />
    </UnitTest>
    <UnitTest name="ChangeHardwarePasswordRuleAction_Execute_SunnyDay_TasksAreCreated" storage="d:\actions-runner\_work\xpco\xpco\corporate\videoos.server.unittests\bin\x64\debug\net472\videoos.server.unittests.dll" id="b6a7c847-6af8-0a85-462e-ea0929bbefc5">
      <Execution id="48749734-b513-45cb-91ad-81fe0cc90945" />
      <TestMethod codeBase="D:\actions-runner\_work\XPCO\XPCO\Corporate\VideoOS.Server.UnitTests\bin\x64\Debug\net472\VideoOS.Server.UnitTests.dll" adapterTypeName="executor://mstestadapter/v2" className="VideoOS.Server.UnitTests.RuleActions.ChangeHardwarePasswordRuleActionUnitTests" name="ChangeHardwarePasswordRuleAction_Execute_SunnyDay_TasksAreCreated" />
    </UnitTest>
    <UnitTest name="CheckForAutomaticActivationTrigger_ReturnsTrue_OnAddedHardware" storage="d:\actions-runner\_work\xpco\xpco\corporate\videoos.server.unittests\bin\x64\debug\net472\videoos.server.unittests.dll" id="d6028c75-f54c-a6c8-83bc-c168a426567e">
      <TestCategory>
        <TestCategoryItem TestCategory="Licensing" />
      </TestCategory>
      <Execution id="0c0ffe5d-5276-49ee-afd6-2e42eec2c2c5" />
      <TestMethod codeBase="D:\actions-runner\_work\XPCO\XPCO\Corporate\VideoOS.Server.UnitTests\bin\x64\Debug\net472\VideoOS.Server.UnitTests.dll" adapterTypeName="executor://mstestadapter/v2" className="VideoOS.Server.UnitTests.Commands.UpdateConfigurationManagerCommandHandlerTests" name="CheckForAutomaticActivationTrigger_ReturnsTrue_OnAddedHardware" />
    </UnitTest>
    <UnitTest name="RecorderTaskFailed_ModelIsValid_Executed" storage="d:\actions-runner\_work\xpco\xpco\corporate\videoos.server.unittests\bin\x64\debug\net472\videoos.server.unittests.dll" id="8db5f8b9-eae8-c576-e7ed-a034a6d78bed">
      <Execution id="48d35476-2c68-4cdd-bf9a-e6dabc98df34" />
      <TestMethod codeBase="D:\actions-runner\_work\XPCO\XPCO\Corporate\VideoOS.Server.UnitTests\bin\x64\Debug\net472\VideoOS.Server.UnitTests.dll" adapterTypeName="executor://mstestadapter/v2" className="VideoOS.Server.UnitTests.TaskControllerTests" name="RecorderTaskFailed_ModelIsValid_Executed" />
    </UnitTest>
    <UnitTest name="LicenseCountManager_RegisterHardwareRecorderRelation_InvalidMac_Null_Throws_ArgumentNullException" storage="d:\actions-runner\_work\xpco\xpco\corporate\videoos.server.unittests\bin\x64\debug\net472\videoos.server.unittests.dll" id="d8bc0f8e-1b92-7746-78f9-16b8b93e5011">
      <TestCategory>
        <TestCategoryItem TestCategory="Licensing" />
      </TestCategory>
      <Execution id="6cdc78f6-8e56-4299-b324-155d009b86d6" />
      <TestMethod codeBase="D:\actions-runner\_work\XPCO\XPCO\Corporate\VideoOS.Server.UnitTests\bin\x64\Debug\net472\VideoOS.Server.UnitTests.dll" adapterTypeName="executor://mstestadapter/v2" className="VideoOS.Server.UnitTests.Licensing.LicenseCountManagerUnitTests" name="LicenseCountManager_RegisterHardwareRecorderRelation_InvalidMac_Null_Throws_ArgumentNullException" />
    </UnitTest>
    <UnitTest name="AddBookmarkCommand_ModelValid_RecorderNotFoundException_Handled" storage="d:\actions-runner\_work\xpco\xpco\corporate\videoos.server.unittests\bin\x64\debug\net472\videoos.server.unittests.dll" id="ca2fa920-b827-2294-b4cd-faeaf4472dfc">
      <Execution id="97bbd037-45ac-4d12-99d6-296bf01a7ec4" />
      <TestMethod codeBase="D:\actions-runner\_work\XPCO\XPCO\Corporate\VideoOS.Server.UnitTests\bin\x64\Debug\net472\VideoOS.Server.UnitTests.dll" adapterTypeName="executor://mstestadapter/v2" className="VideoOS.Server.UnitTests.DatabaseCommandsControllerTests" name="AddBookmarkCommand_ModelValid_RecorderNotFoundException_Handled" />
    </UnitTest>
    <UnitTest name="LicenseCountManager_CameraFeed_GetCameraFeedsUsed_Success" storage="d:\actions-runner\_work\xpco\xpco\corporate\videoos.server.unittests\bin\x64\debug\net472\videoos.server.unittests.dll" id="20f085ed-3660-c5b0-6cb6-d23074a475fe">
      <Execution id="c6fed3f6-9451-4926-bfd7-126cf0551215" />
      <TestMethod codeBase="D:\actions-runner\_work\XPCO\XPCO\Corporate\VideoOS.Server.UnitTests\bin\x64\Debug\net472\VideoOS.Server.UnitTests.dll" adapterTypeName="executor://mstestadapter/v2" className="VideoOS.Server.UnitTests.Licensing.LicenseCountManagerUnitTests" name="LicenseCountManager_CameraFeed_GetCameraFeedsUsed_Success" />
    </UnitTest>
    <UnitTest name="DeviceLicense_SetExpire_NoneExistingItem_Success" storage="d:\actions-runner\_work\xpco\xpco\corporate\videoos.server.unittests\bin\x64\debug\net472\videoos.server.unittests.dll" id="c3809a3c-e353-b14a-7852-059c4037db12">
      <Execution id="20cbc118-d814-4d28-8a01-fd407b397311" />
      <TestMethod codeBase="D:\actions-runner\_work\XPCO\XPCO\Corporate\VideoOS.Server.UnitTests\bin\x64\Debug\net472\VideoOS.Server.UnitTests.dll" adapterTypeName="executor://mstestadapter/v2" className="VideoOS.Server.UnitTests.Licensing.LicenseSnapshotTests" name="DeviceLicense_SetExpire_NoneExistingItem_Success" />
    </UnitTest>
    <UnitTest name="TemporaryLicense_SetChangesWithoutActivationToken_DateActivatedInferiorToNow" storage="d:\actions-runner\_work\xpco\xpco\corporate\videoos.server.unittests\bin\x64\debug\net472\videoos.server.unittests.dll" id="cb7e10c6-0204-7896-444a-0757f579dd40">
      <TestCategory>
        <TestCategoryItem TestCategory="Licensing" />
      </TestCategory>
      <Execution id="0018aeda-c55d-4b26-8a95-4c2688126d9b" />
      <TestMethod codeBase="D:\actions-runner\_work\XPCO\XPCO\Corporate\VideoOS.Server.UnitTests\bin\x64\Debug\net472\VideoOS.Server.UnitTests.dll" adapterTypeName="executor://mstestadapter/v2" className="VideoOS.Server.UnitTests.Licensing.HardwareLicensesUnitTests" name="TemporaryLicense_SetChangesWithoutActivationToken_DateActivatedInferiorToNow" />
    </UnitTest>
    <UnitTest name="LicenseCountManager_FindHardwareInGrace_ReturnsEmptyList_OnHardwareInChangesWithoutActivation" storage="d:\actions-runner\_work\xpco\xpco\corporate\videoos.server.unittests\bin\x64\debug\net472\videoos.server.unittests.dll" id="3d9fe5b0-0db7-5bff-54c4-e4369ef66212">
      <TestCategory>
        <TestCategoryItem TestCategory="Licensing" />
      </TestCategory>
      <Execution id="187f9de6-f928-48bb-b952-4f764ee27d43" />
      <TestMethod codeBase="D:\actions-runner\_work\XPCO\XPCO\Corporate\VideoOS.Server.UnitTests\bin\x64\Debug\net472\VideoOS.Server.UnitTests.dll" adapterTypeName="executor://mstestadapter/v2" className="VideoOS.Server.UnitTests.Licensing.LicenseCountManagerUnitTests" name="LicenseCountManager_FindHardwareInGrace_ReturnsEmptyList_OnHardwareInChangesWithoutActivation" />
    </UnitTest>
    <UnitTest name="AnalyzeAndCreateAuditLogs_AddedSecurityPermissionsDeviceRowWithDEVICESPEAKPRIORITYAtrributeDefaultPriority_ReturnsOneAuditLog" storage="d:\actions-runner\_work\xpco\xpco\corporate\videoos.server.unittests\bin\x64\debug\net472\videoos.server.unittests.dll" id="95000700-54cd-aa4b-5aca-fefb237bd275">
      <Execution id="551300ae-fc3a-467c-9899-a7a9715763ac" />
      <TestMethod codeBase="D:\actions-runner\_work\XPCO\XPCO\Corporate\VideoOS.Server.UnitTests\bin\x64\Debug\net472\VideoOS.Server.UnitTests.dll" adapterTypeName="executor://mstestadapter/v2" className="VideoOS.Server.UnitTests.CommandHandler.DataSetAuditLogAnalyzerTests" name="AnalyzeAndCreateAuditLogs_AddedSecurityPermissionsDeviceRowWithDEVICESPEAKPRIORITYAtrributeDefaultPriority_ReturnsOneAuditLog" />
    </UnitTest>
    <UnitTest name="ReplaceHardwareTaskCommandHandler_Execute_Null_Tests" storage="d:\actions-runner\_work\xpco\xpco\corporate\videoos.server.unittests\bin\x64\debug\net472\videoos.server.unittests.dll" id="b2e31265-14ee-8e35-63db-c09f124e2cfc">
      <Execution id="6ad48c46-3024-4811-8e7f-8012b28c5578" />
      <TestMethod codeBase="D:\actions-runner\_work\XPCO\XPCO\Corporate\VideoOS.Server.UnitTests\bin\x64\Debug\net472\VideoOS.Server.UnitTests.dll" adapterTypeName="executor://mstestadapter/v2" className="VideoOS.Server.UnitTests.CommandHandler.ReplaceHardwareTaskCommandHandlerUnitTests" name="ReplaceHardwareTaskCommandHandler_Execute_Null_Tests" />
    </UnitTest>
    <UnitTest name="UpdateLicenseInformation_DelayedWhenCalledTwice_BeforeTimeout_Success" storage="d:\actions-runner\_work\xpco\xpco\corporate\videoos.server.unittests\bin\x64\debug\net472\videoos.server.unittests.dll" id="ba3849b3-9ea5-cfac-5226-3bf7a80944d3">
      <Execution id="13e225d4-01e5-4d42-bcfe-0fca2d6ff592" />
      <TestMethod codeBase="D:\actions-runner\_work\XPCO\XPCO\Corporate\VideoOS.Server.UnitTests\bin\x64\Debug\net472\VideoOS.Server.UnitTests.dll" adapterTypeName="executor://mstestadapter/v2" className="VideoOS.Server.UnitTests.Licensing.LicenseManagerCacheTests" name="UpdateLicenseInformation_DelayedWhenCalledTwice_BeforeTimeout_Success" />
    </UnitTest>
    <UnitTest name="RecorderLicense_InsertThenUpdate_ShouldRemainWithInsertFlag" storage="d:\actions-runner\_work\xpco\xpco\corporate\videoos.server.unittests\bin\x64\debug\net472\videoos.server.unittests.dll" id="32876b14-7506-d499-7fa0-d1216c75f74e">
      <Execution id="8aa079b4-e710-4332-93a4-89a88e9cd31b" />
      <TestMethod codeBase="D:\actions-runner\_work\XPCO\XPCO\Corporate\VideoOS.Server.UnitTests\bin\x64\Debug\net472\VideoOS.Server.UnitTests.dll" adapterTypeName="executor://mstestadapter/v2" className="VideoOS.Server.UnitTests.Licensing.LicenseSnapshotTests" name="RecorderLicense_InsertThenUpdate_ShouldRemainWithInsertFlag" />
    </UnitTest>
    <UnitTest name="ConfigurationDataSetLoader_GetDeviceGroupMembersByDeviceId_Success" storage="d:\actions-runner\_work\xpco\xpco\corporate\videoos.server.unittests\bin\x64\debug\net472\videoos.server.unittests.dll" id="456922c0-2173-494b-5340-de73de1629fa">
      <Execution id="2f10a08f-5d44-43ff-b0b7-edb2cb0e68cc" />
      <TestMethod codeBase="D:\actions-runner\_work\XPCO\XPCO\Corporate\VideoOS.Server.UnitTests\bin\x64\Debug\net472\VideoOS.Server.UnitTests.dll" adapterTypeName="executor://mstestadapter/v2" className="VideoOS.Server.UnitTests.Configuration.ConfigurationDataSetLoaderTests" name="ConfigurationDataSetLoader_GetDeviceGroupMembersByDeviceId_Success" />
    </UnitTest>
    <UnitTest name="MoveHardwareTaskCommandHandler_Execute_Driver_XmlVersions_Different_Success_With_Warnings" storage="d:\actions-runner\_work\xpco\xpco\corporate\videoos.server.unittests\bin\x64\debug\net472\videoos.server.unittests.dll" id="9f208fe6-ec59-67b6-a729-39f373419945">
      <Execution id="352595d0-caab-450b-9cb2-eab446cde201" />
      <TestMethod codeBase="D:\actions-runner\_work\XPCO\XPCO\Corporate\VideoOS.Server.UnitTests\bin\x64\Debug\net472\VideoOS.Server.UnitTests.dll" adapterTypeName="executor://mstestadapter/v2" className="VideoOS.Server.UnitTests.CommandHandler.MoveHardwareTaskCommandHandlerTests" name="MoveHardwareTaskCommandHandler_Execute_Driver_XmlVersions_Different_Success_With_Warnings" />
    </UnitTest>
    <UnitTest name="DeleteHardwareUserCommandHandler_Execute_Success" storage="d:\actions-runner\_work\xpco\xpco\corporate\videoos.server.unittests\bin\x64\debug\net472\videoos.server.unittests.dll" id="efe75656-15b7-58e9-b491-0633aa52708d">
      <Execution id="f52498a7-1413-4fe7-bf3f-e9d0e9fc9cf3" />
      <TestMethod codeBase="D:\actions-runner\_work\XPCO\XPCO\Corporate\VideoOS.Server.UnitTests\bin\x64\Debug\net472\VideoOS.Server.UnitTests.dll" adapterTypeName="executor://mstestadapter/v2" className="VideoOS.Server.UnitTests.CommandHandler.DeleteHardwareUserCommandHandlerServerTests" name="DeleteHardwareUserCommandHandler_Execute_Success" />
    </UnitTest>
    <UnitTest name="AttachedRecorder_GetRecorderStatusArray_Success" storage="d:\actions-runner\_work\xpco\xpco\corporate\videoos.server.unittests\bin\x64\debug\net472\videoos.server.unittests.dll" id="72f35452-ae18-a81e-a215-eabf2f938f12">
      <Execution id="d9543663-98ec-49be-891b-69f3ee69b827" />
      <TestMethod codeBase="D:\actions-runner\_work\XPCO\XPCO\Corporate\VideoOS.Server.UnitTests\bin\x64\Debug\net472\VideoOS.Server.UnitTests.dll" adapterTypeName="executor://mstestadapter/v2" className="VideoOS.Server.UnitTests.AttachedRecorderTests" name="AttachedRecorder_GetRecorderStatusArray_Success" />
    </UnitTest>
    <UnitTest name="Simulate_CWA_TreatedAsLicensedAfterOneYear_NotWhitelisted" storage="d:\actions-runner\_work\xpco\xpco\corporate\videoos.server.unittests\bin\x64\debug\net472\videoos.server.unittests.dll" id="9c2dc762-2a57-9696-7f90-04f8ebffaa04">
      <TestCategory>
        <TestCategoryItem TestCategory="Licensing" />
      </TestCategory>
      <Execution id="e0a26997-a8db-409f-b600-ca99fb1c04ce" />
      <TestMethod codeBase="D:\actions-runner\_work\XPCO\XPCO\Corporate\VideoOS.Server.UnitTests\bin\x64\Debug\net472\VideoOS.Server.UnitTests.dll" adapterTypeName="executor://mstestadapter/v2" className="VideoOS.Server.UnitTests.Licensing.LicenseAllocatorChannelTests" name="Simulate_CWA_TreatedAsLicensedAfterOneYear_NotWhitelisted" />
    </UnitTest>
    <UnitTest name="HardwareActivatedNotOnWhiteList_ReplacedWithInheritance_HardwareNotOnWhiteList_MixedCWAAllowed_SomeDevicesInCWA" storage="d:\actions-runner\_work\xpco\xpco\corporate\videoos.server.unittests\bin\x64\debug\net472\videoos.server.unittests.dll" id="5b019d43-b26a-5fff-fbe5-b9c53fdb2c07">
      <TestCategory>
        <TestCategoryItem TestCategory="Licensing Replace Hardware" />
        <TestCategoryItem TestCategory="Licensing" />
      </TestCategory>
      <Execution id="e3c4c2bc-2e4e-4c75-b16a-dec8af189b27" />
      <TestMethod codeBase="D:\actions-runner\_work\XPCO\XPCO\Corporate\VideoOS.Server.UnitTests\bin\x64\Debug\net472\VideoOS.Server.UnitTests.dll" adapterTypeName="executor://mstestadapter/v2" className="VideoOS.Server.UnitTests.Licensing.LicenseAllocatorChannelTests" name="HardwareActivatedNotOnWhiteList_ReplacedWithInheritance_HardwareNotOnWhiteList_MixedCWAAllowed_SomeDevicesInCWA" />
    </UnitTest>
    <UnitTest name="ChangeHardwarePasswordRuleAction_Execute_TaskCreationQueryThrowsVmoException_ErrorLogsCreated" storage="d:\actions-runner\_work\xpco\xpco\corporate\videoos.server.unittests\bin\x64\debug\net472\videoos.server.unittests.dll" id="1b12fd37-50b5-cbfc-ea07-426652c486ec">
      <Execution id="26e8976b-2c78-4f97-b61f-194e708b8ef7" />
      <TestMethod codeBase="D:\actions-runner\_work\XPCO\XPCO\Corporate\VideoOS.Server.UnitTests\bin\x64\Debug\net472\VideoOS.Server.UnitTests.dll" adapterTypeName="executor://mstestadapter/v2" className="VideoOS.Server.UnitTests.RuleActions.ChangeHardwarePasswordRuleActionUnitTests" name="ChangeHardwarePasswordRuleAction_Execute_TaskCreationQueryThrowsVmoException_ErrorLogsCreated" />
    </UnitTest>
    <UnitTest name="ChannelLicenseCountManager_IsCameraFeedLicensedOnSite_NullDeviceInfo_ThrowsArgumentNullException" storage="d:\actions-runner\_work\xpco\xpco\corporate\videoos.server.unittests\bin\x64\debug\net472\videoos.server.unittests.dll" id="226ec0b4-b5fb-232d-ea6f-85b63c59b78e">
      <TestCategory>
        <TestCategoryItem TestCategory="Licensing" />
      </TestCategory>
      <Execution id="475cd386-dbaa-4b3d-86ba-bcf35a0a7c13" />
      <TestMethod codeBase="D:\actions-runner\_work\XPCO\XPCO\Corporate\VideoOS.Server.UnitTests\bin\x64\Debug\net472\VideoOS.Server.UnitTests.dll" adapterTypeName="executor://mstestadapter/v2" className="VideoOS.Server.UnitTests.Licensing.LicenseCountManagerUnitTests" name="ChannelLicenseCountManager_IsCameraFeedLicensedOnSite_NullDeviceInfo_ThrowsArgumentNullException" />
    </UnitTest>
    <UnitTest name="HardwareInCWAOnWhiteList_ReplacedWithInheritance_HardwareNotOnWhiteList_CWAAllowed_FewerChannelsOnReplacedHardware_AllDevicesInCWA" storage="d:\actions-runner\_work\xpco\xpco\corporate\videoos.server.unittests\bin\x64\debug\net472\videoos.server.unittests.dll" id="dd83176d-4609-3020-e852-33fe8239e972">
      <TestCategory>
        <TestCategoryItem TestCategory="Licensing Replace Hardware" />
        <TestCategoryItem TestCategory="Licensing" />
      </TestCategory>
      <Execution id="b1a2df85-5fc4-4912-b701-3e5623ff39e3" />
      <TestMethod codeBase="D:\actions-runner\_work\XPCO\XPCO\Corporate\VideoOS.Server.UnitTests\bin\x64\Debug\net472\VideoOS.Server.UnitTests.dll" adapterTypeName="executor://mstestadapter/v2" className="VideoOS.Server.UnitTests.Licensing.LicenseAllocatorChannelTests" name="HardwareInCWAOnWhiteList_ReplacedWithInheritance_HardwareNotOnWhiteList_CWAAllowed_FewerChannelsOnReplacedHardware_AllDevicesInCWA" />
    </UnitTest>
    <UnitTest name="HardwareInCWANotOnWhiteList_ReplacedWithNoInheritance_HardwareOnWhiteList_CWAAllowed_MoreChannelsOnReplacedHardware_NewHardwareInCWA" storage="d:\actions-runner\_work\xpco\xpco\corporate\videoos.server.unittests\bin\x64\debug\net472\videoos.server.unittests.dll" id="adb45a6a-26fd-ba52-beaa-50bf00558977">
      <TestCategory>
        <TestCategoryItem TestCategory="Licensing Replace Hardware" />
        <TestCategoryItem TestCategory="Licensing" />
      </TestCategory>
      <Execution id="0e48ab49-5bda-441c-816c-03a19fdb95aa" />
      <TestMethod codeBase="D:\actions-runner\_work\XPCO\XPCO\Corporate\VideoOS.Server.UnitTests\bin\x64\Debug\net472\VideoOS.Server.UnitTests.dll" adapterTypeName="executor://mstestadapter/v2" className="VideoOS.Server.UnitTests.Licensing.LicenseAllocatorChannelTests" name="HardwareInCWANotOnWhiteList_ReplacedWithNoInheritance_HardwareOnWhiteList_CWAAllowed_MoreChannelsOnReplacedHardware_NewHardwareInCWA" />
    </UnitTest>
    <UnitTest name="HardwareActivatedNotOnWhiteList_ReplacedWithInheritance_HardwareNotOnWhiteList_DifferentCameraChannels_SomeGraceSomeCWA" storage="d:\actions-runner\_work\xpco\xpco\corporate\videoos.server.unittests\bin\x64\debug\net472\videoos.server.unittests.dll" id="0689373a-e253-57f7-534a-a84706ecc7fd">
      <TestCategory>
        <TestCategoryItem TestCategory="Licensing Replace Hardware" />
        <TestCategoryItem TestCategory="Licensing" />
      </TestCategory>
      <Execution id="eca84c5b-18b8-4955-a23c-56e96b2b9383" />
      <TestMethod codeBase="D:\actions-runner\_work\XPCO\XPCO\Corporate\VideoOS.Server.UnitTests\bin\x64\Debug\net472\VideoOS.Server.UnitTests.dll" adapterTypeName="executor://mstestadapter/v2" className="VideoOS.Server.UnitTests.Licensing.LicenseAllocatorChannelTests" name="HardwareActivatedNotOnWhiteList_ReplacedWithInheritance_HardwareNotOnWhiteList_DifferentCameraChannels_SomeGraceSomeCWA" />
    </UnitTest>
    <UnitTest name="CheckMsFailoverStatusCommandHandler_Constructor_Second_ThrowsIfParameterNull" storage="d:\actions-runner\_work\xpco\xpco\corporate\videoos.server.unittests\bin\x64\debug\net472\videoos.server.unittests.dll" id="733b622e-46d5-d019-e7eb-f1f0d3677324">
      <Execution id="6c584943-3d2c-4991-a996-d7fe9899c106" />
      <TestMethod codeBase="D:\actions-runner\_work\XPCO\XPCO\Corporate\VideoOS.Server.UnitTests\bin\x64\Debug\net472\VideoOS.Server.UnitTests.dll" adapterTypeName="executor://mstestadapter/v2" className="VideoOS.Server.UnitTests.CommandHandler.CheckMsFailoverStatusCommandHandlerUnitTest" name="CheckMsFailoverStatusCommandHandler_Constructor_Second_ThrowsIfParameterNull" />
    </UnitTest>
    <UnitTest name="EvidenceLockOnOldRecorderCommandHandlerTests_OldRecV1_ConfigDelete1Row_FailSendComd" storage="d:\actions-runner\_work\xpco\xpco\corporate\videoos.server.unittests\bin\x64\debug\net472\videoos.server.unittests.dll" id="26a26b26-1ddc-2f15-864f-2bd9398b0113">
      <Execution id="3df55c96-cc4e-4bd6-856c-52ec6391b778" />
      <TestMethod codeBase="D:\actions-runner\_work\XPCO\XPCO\Corporate\VideoOS.Server.UnitTests\bin\x64\Debug\net472\VideoOS.Server.UnitTests.dll" adapterTypeName="executor://mstestadapter/v2" className="VideoOS.Server.UnitTests.CommandHandler.EvidenceLockOnOldRecorderCommandHandlerTests" name="EvidenceLockOnOldRecorderCommandHandlerTests_OldRecV1_ConfigDelete1Row_FailSendComd" />
    </UnitTest>
    <UnitTest name="ChannelLicenseCountManager_UpdateCameraFeedLicensedValue_NullDeviceInfo_ThrowsArgumentNullException" storage="d:\actions-runner\_work\xpco\xpco\corporate\videoos.server.unittests\bin\x64\debug\net472\videoos.server.unittests.dll" id="5a776a3a-b48a-863b-abb5-d1a060454ea7">
      <TestCategory>
        <TestCategoryItem TestCategory="Licensing" />
      </TestCategory>
      <Execution id="3263524f-4a61-4529-9541-1eb08587a66f" />
      <TestMethod codeBase="D:\actions-runner\_work\XPCO\XPCO\Corporate\VideoOS.Server.UnitTests\bin\x64\Debug\net472\VideoOS.Server.UnitTests.dll" adapterTypeName="executor://mstestadapter/v2" className="VideoOS.Server.UnitTests.Licensing.LicenseCountManagerUnitTests" name="ChannelLicenseCountManager_UpdateCameraFeedLicensedValue_NullDeviceInfo_ThrowsArgumentNullException" />
    </UnitTest>
    <UnitTest name="HardwareScanTaskCommandHandler_Execute_Timeout_FailResponse" storage="d:\actions-runner\_work\xpco\xpco\corporate\videoos.server.unittests\bin\x64\debug\net472\videoos.server.unittests.dll" id="5994f77d-673d-79cd-db25-c0fac05603a0">
      <Execution id="6d3e241d-b208-442a-bd9d-9f23948ddc26" />
      <TestMethod codeBase="D:\actions-runner\_work\XPCO\XPCO\Corporate\VideoOS.Server.UnitTests\bin\x64\Debug\net472\VideoOS.Server.UnitTests.dll" adapterTypeName="executor://mstestadapter/v2" className="VideoOS.Server.UnitTests.CommandHandler.HardwareScanTaskCommandHandlerTest" name="HardwareScanTaskCommandHandler_Execute_Timeout_FailResponse" />
    </UnitTest>
    <UnitTest name="HardwareInCWAOnWhiteList_ReplacedWithInheritance_HardwareNotOnWhiteList_CWAAllowed_NewHardwareInCWA" storage="d:\actions-runner\_work\xpco\xpco\corporate\videoos.server.unittests\bin\x64\debug\net472\videoos.server.unittests.dll" id="3bc5a19b-af06-ee9b-e6ca-c14ea37262dc">
      <TestCategory>
        <TestCategoryItem TestCategory="Licensing Replace Hardware" />
        <TestCategoryItem TestCategory="Licensing" />
      </TestCategory>
      <Execution id="6ec6828a-9fa4-4fbb-a2aa-ab2a745d9395" />
      <TestMethod codeBase="D:\actions-runner\_work\XPCO\XPCO\Corporate\VideoOS.Server.UnitTests\bin\x64\Debug\net472\VideoOS.Server.UnitTests.dll" adapterTypeName="executor://mstestadapter/v2" className="VideoOS.Server.UnitTests.Licensing.LicenseAllocatorChannelTests" name="HardwareInCWAOnWhiteList_ReplacedWithInheritance_HardwareNotOnWhiteList_CWAAllowed_NewHardwareInCWA" />
    </UnitTest>
    <UnitTest name="RecorderController_ModelIsNull_BadRequestResult" storage="d:\actions-runner\_work\xpco\xpco\corporate\videoos.server.unittests\bin\x64\debug\net472\videoos.server.unittests.dll" id="cf0c6b21-7b52-4f40-fc51-74b8261524ed">
      <Execution id="b556e6a3-c8c1-445f-bc94-6fcd83b01584" />
      <TestMethod codeBase="D:\actions-runner\_work\XPCO\XPCO\Corporate\VideoOS.Server.UnitTests\bin\x64\Debug\net472\VideoOS.Server.UnitTests.dll" adapterTypeName="executor://mstestadapter/v2" className="VideoOS.Server.UnitTests.RecorderControllerTest" name="RecorderController_ModelIsNull_BadRequestResult" />
    </UnitTest>
    <UnitTest name="AttachedRecorder_GetRecorderStatus_Success" storage="d:\actions-runner\_work\xpco\xpco\corporate\videoos.server.unittests\bin\x64\debug\net472\videoos.server.unittests.dll" id="94aaa36a-a88c-edff-8965-b72bceaf3620">
      <Execution id="3a772d38-270d-4017-9026-f56cb0be3f22" />
      <TestMethod codeBase="D:\actions-runner\_work\XPCO\XPCO\Corporate\VideoOS.Server.UnitTests\bin\x64\Debug\net472\VideoOS.Server.UnitTests.dll" adapterTypeName="executor://mstestadapter/v2" className="VideoOS.Server.UnitTests.AttachedRecorderTests" name="AttachedRecorder_GetRecorderStatus_Success" />
    </UnitTest>
    <UnitTest name="Validate_CalculationResultsContainsNoDuplicates_Success" storage="d:\actions-runner\_work\xpco\xpco\corporate\videoos.server.unittests\bin\x64\debug\net472\videoos.server.unittests.dll" id="ef0d4402-3320-910c-2b0b-4abb1b8f0aac">
      <TestCategory>
        <TestCategoryItem TestCategory="Licensing" />
      </TestCategory>
      <Execution id="351f0f61-eb17-4369-bb0d-bcfadd03f12e" />
      <TestMethod codeBase="D:\actions-runner\_work\XPCO\XPCO\Corporate\VideoOS.Server.UnitTests\bin\x64\Debug\net472\VideoOS.Server.UnitTests.dll" adapterTypeName="executor://mstestadapter/v2" className="VideoOS.Server.UnitTests.Licensing.LicenseInfoXmlWriterTests" name="Validate_CalculationResultsContainsNoDuplicates_Success" />
    </UnitTest>
    <UnitTest name="AsyncTaskMonitor_Constructor_NullArgument" storage="d:\actions-runner\_work\xpco\xpco\corporate\videoos.server.unittests\bin\x64\debug\net472\videoos.server.unittests.dll" id="03dd6afe-2c0d-3663-e961-0f00a0c6a3ae">
      <Execution id="479c71cc-70de-48ab-9c0d-54181d83d49b" />
      <TestMethod codeBase="D:\actions-runner\_work\XPCO\XPCO\Corporate\VideoOS.Server.UnitTests\bin\x64\Debug\net472\VideoOS.Server.UnitTests.dll" adapterTypeName="executor://mstestadapter/v2" className="VideoOS.Server.UnitTests.Tasks.AsyncTaskMonitorUnitTests" name="AsyncTaskMonitor_Constructor_NullArgument" />
    </UnitTest>
    <UnitTest name="AddUnlicensedDevice_AddNull_Throws_ArgumentNullException" storage="d:\actions-runner\_work\xpco\xpco\corporate\videoos.server.unittests\bin\x64\debug\net472\videoos.server.unittests.dll" id="59e310b5-eac7-b820-9d56-6cf319543287">
      <Execution id="f302c4e6-e14f-4ff6-a52c-c3205ed8a372" />
      <TestMethod codeBase="D:\actions-runner\_work\XPCO\XPCO\Corporate\VideoOS.Server.UnitTests\bin\x64\Debug\net472\VideoOS.Server.UnitTests.dll" adapterTypeName="executor://mstestadapter/v2" className="VideoOS.Server.UnitTests.Licensing.LicenseSnapshotTests" name="AddUnlicensedDevice_AddNull_Throws_ArgumentNullException" />
    </UnitTest>
    <UnitTest name="CreateLicenseRequest_CreatesLicenseRequestChannel_OnChannelLicensingFlag" storage="d:\actions-runner\_work\xpco\xpco\corporate\videoos.server.unittests\bin\x64\debug\net472\videoos.server.unittests.dll" id="d46b928f-09c1-dfb5-220c-146d45bb27b3">
      <TestCategory>
        <TestCategoryItem TestCategory="Licensing" />
      </TestCategory>
      <Execution id="a643c34f-8bdf-4b3d-8209-edb84930281f" />
      <TestMethod codeBase="D:\actions-runner\_work\XPCO\XPCO\Corporate\VideoOS.Server.UnitTests\bin\x64\Debug\net472\VideoOS.Server.UnitTests.dll" adapterTypeName="executor://mstestadapter/v2" className="VideoOS.Server.UnitTests.Licensing.LicenseManagerUnitTests" name="CreateLicenseRequest_CreatesLicenseRequestChannel_OnChannelLicensingFlag" />
    </UnitTest>
    <UnitTest name="AddUnlicensedDevice_AddNewDevice_ReturnsTrue" storage="d:\actions-runner\_work\xpco\xpco\corporate\videoos.server.unittests\bin\x64\debug\net472\videoos.server.unittests.dll" id="b6423b6a-360c-2257-3cde-218e222a2149">
      <Execution id="a1c4cf32-236b-4b30-99c0-8217234ae30c" />
      <TestMethod codeBase="D:\actions-runner\_work\XPCO\XPCO\Corporate\VideoOS.Server.UnitTests\bin\x64\Debug\net472\VideoOS.Server.UnitTests.dll" adapterTypeName="executor://mstestadapter/v2" className="VideoOS.Server.UnitTests.Licensing.LicenseSnapshotTests" name="AddUnlicensedDevice_AddNewDevice_ReturnsTrue" />
    </UnitTest>
    <UnitTest name="TemporaryLicense_HasCurrentYearToken_NextYear" storage="d:\actions-runner\_work\xpco\xpco\corporate\videoos.server.unittests\bin\x64\debug\net472\videoos.server.unittests.dll" id="96b35467-e8c7-5287-b6fc-cdb670ef4dfa">
      <TestCategory>
        <TestCategoryItem TestCategory="Licensing" />
      </TestCategory>
      <Execution id="27ccb4a1-2720-4598-a639-02ed9cb651b2" />
      <TestMethod codeBase="D:\actions-runner\_work\XPCO\XPCO\Corporate\VideoOS.Server.UnitTests\bin\x64\Debug\net472\VideoOS.Server.UnitTests.dll" adapterTypeName="executor://mstestadapter/v2" className="VideoOS.Server.UnitTests.Licensing.HardwareLicensesUnitTests" name="TemporaryLicense_HasCurrentYearToken_NextYear" />
    </UnitTest>
    <UnitTest name="SetupInitialHardwareUserCommandHandler_Execute_ReturnsFailResponseOnEmptyRecorderServiceId" storage="d:\actions-runner\_work\xpco\xpco\corporate\videoos.server.unittests\bin\x64\debug\net472\videoos.server.unittests.dll" id="e4ad2a15-98c6-1291-fbd4-50b2d4dd7302">
      <Execution id="c8f62c99-38c1-42e5-8e29-184a134e5805" />
      <TestMethod codeBase="D:\actions-runner\_work\XPCO\XPCO\Corporate\VideoOS.Server.UnitTests\bin\x64\Debug\net472\VideoOS.Server.UnitTests.dll" adapterTypeName="executor://mstestadapter/v2" className="VideoOS.Server.UnitTests.CommandHandler.SetupInitialHardwareUserCommandHandlerUnitTests" name="SetupInitialHardwareUserCommandHandler_Execute_ReturnsFailResponseOnEmptyRecorderServiceId" />
    </UnitTest>
    <UnitTest name="MultiSite_ChannelBased_SameHardwareOnSixRecordingServers_NotWhitelisted_AllCamerasDisabled_ConsumesNoExtraLicenses" storage="d:\actions-runner\_work\xpco\xpco\corporate\videoos.server.unittests\bin\x64\debug\net472\videoos.server.unittests.dll" id="99462d07-0d69-655b-8e33-97d14de162f9">
      <Execution id="2ed6bed0-3735-444d-9c21-94d055c6d5df" />
      <TestMethod codeBase="D:\actions-runner\_work\XPCO\XPCO\Corporate\VideoOS.Server.UnitTests\bin\x64\Debug\net472\VideoOS.Server.UnitTests.dll" adapterTypeName="executor://mstestadapter/v2" className="VideoOS.Server.UnitTests.Licensing.LicenseAllocatorChannelTests" name="MultiSite_ChannelBased_SameHardwareOnSixRecordingServers_NotWhitelisted_AllCamerasDisabled_ConsumesNoExtraLicenses" />
    </UnitTest>
    <UnitTest name="AddHardwareToRequest_UpdatesLicenseCountOnICPHardware_OnSameICPHardwareAddedTwice" storage="d:\actions-runner\_work\xpco\xpco\corporate\videoos.server.unittests\bin\x64\debug\net472\videoos.server.unittests.dll" id="8647b92b-3c20-55f1-dcb0-6bad8abfcf1a">
      <TestCategory>
        <TestCategoryItem TestCategory="Licensing" />
      </TestCategory>
      <Execution id="d7792391-d017-4775-9b03-34a2add51fb0" />
      <TestMethod codeBase="D:\actions-runner\_work\XPCO\XPCO\Corporate\VideoOS.Server.UnitTests\bin\x64\Debug\net472\VideoOS.Server.UnitTests.dll" adapterTypeName="executor://mstestadapter/v2" className="VideoOS.Server.UnitTests.Licensing.LicenseRequestChannelTests" name="AddHardwareToRequest_UpdatesLicenseCountOnICPHardware_OnSameICPHardwareAddedTwice" />
    </UnitTest>
    <UnitTest name="ActivateArchivingCommand_ModelValid_RecorderNotFoundException_Handled" storage="d:\actions-runner\_work\xpco\xpco\corporate\videoos.server.unittests\bin\x64\debug\net472\videoos.server.unittests.dll" id="4e6489ca-ad6b-6e8b-60d9-e96a767d1784">
      <Execution id="5c2881e0-369b-4481-9775-c32ea502f3e9" />
      <TestMethod codeBase="D:\actions-runner\_work\XPCO\XPCO\Corporate\VideoOS.Server.UnitTests\bin\x64\Debug\net472\VideoOS.Server.UnitTests.dll" adapterTypeName="executor://mstestadapter/v2" className="VideoOS.Server.UnitTests.DatabaseCommandsControllerTests" name="ActivateArchivingCommand_ModelValid_RecorderNotFoundException_Handled" />
    </UnitTest>
    <UnitTest name="Validate_AddingHardwareToCWA_WhenHardwareHasDevicesInCWA_DoesNotAddHardwareToCWA" storage="d:\actions-runner\_work\xpco\xpco\corporate\videoos.server.unittests\bin\x64\debug\net472\videoos.server.unittests.dll" id="c773b936-c19f-a5af-576f-454c7789e759">
      <TestCategory>
        <TestCategoryItem TestCategory="Licensing" />
      </TestCategory>
      <Execution id="d3cbcadc-a459-4b43-a7dc-75e94650164e" />
      <TestMethod codeBase="D:\actions-runner\_work\XPCO\XPCO\Corporate\VideoOS.Server.UnitTests\bin\x64\Debug\net472\VideoOS.Server.UnitTests.dll" adapterTypeName="executor://mstestadapter/v2" className="VideoOS.Server.UnitTests.Licensing.LicenseCountManagerUnitTests" name="Validate_AddingHardwareToCWA_WhenHardwareHasDevicesInCWA_DoesNotAddHardwareToCWA" />
    </UnitTest>
    <UnitTest name="FilterTrackIds_InvalidRecorder_NotFoundResult" storage="d:\actions-runner\_work\xpco\xpco\corporate\videoos.server.unittests\bin\x64\debug\net472\videoos.server.unittests.dll" id="a2dfac76-3130-3e4a-4037-173a8ebe0b66">
      <Execution id="2e978511-c6f4-44d9-94f1-3a80ac63513c" />
      <TestMethod codeBase="D:\actions-runner\_work\XPCO\XPCO\Corporate\VideoOS.Server.UnitTests\bin\x64\Debug\net472\VideoOS.Server.UnitTests.dll" adapterTypeName="executor://mstestadapter/v2" className="VideoOS.Server.UnitTests.RecorderControllerTest" name="FilterTrackIds_InvalidRecorder_NotFoundResult" />
    </UnitTest>
    <UnitTest name="RecorderController_InvalidRecorder_NotFoundResult" storage="d:\actions-runner\_work\xpco\xpco\corporate\videoos.server.unittests\bin\x64\debug\net472\videoos.server.unittests.dll" id="782c7fa3-007b-fade-1761-8d52da076770">
      <Execution id="3a52321b-c340-40e5-97ba-22f6708bb079" />
      <TestMethod codeBase="D:\actions-runner\_work\XPCO\XPCO\Corporate\VideoOS.Server.UnitTests\bin\x64\Debug\net472\VideoOS.Server.UnitTests.dll" adapterTypeName="executor://mstestadapter/v2" className="VideoOS.Server.UnitTests.RecorderControllerTest" name="RecorderController_InvalidRecorder_NotFoundResult" />
    </UnitTest>
    <UnitTest name="AllocateLicenses_HardwareWith15CameraChannels_10Replaced5Grace_On25Licenses10Replacements" storage="d:\actions-runner\_work\xpco\xpco\corporate\videoos.server.unittests\bin\x64\debug\net472\videoos.server.unittests.dll" id="2bdc9aef-8cca-9c80-3112-9b95c138d7b4">
      <TestCategory>
        <TestCategoryItem TestCategory="Licensing" />
      </TestCategory>
      <Execution id="76daf08c-d40d-4066-9b5e-86ce19a7b246" />
      <TestMethod codeBase="D:\actions-runner\_work\XPCO\XPCO\Corporate\VideoOS.Server.UnitTests\bin\x64\Debug\net472\VideoOS.Server.UnitTests.dll" adapterTypeName="executor://mstestadapter/v2" className="VideoOS.Server.UnitTests.Licensing.LicenseAllocatorChannelTests" name="AllocateLicenses_HardwareWith15CameraChannels_10Replaced5Grace_On25Licenses10Replacements" />
    </UnitTest>
    <UnitTest name="CheckConfigurationDataSetTest_MultistreamRecording_Licensed_ValidationSucceeds" storage="d:\actions-runner\_work\xpco\xpco\corporate\videoos.server.unittests\bin\x64\debug\net472\videoos.server.unittests.dll" id="12a4adbd-8d8a-c9d9-c0e7-b2f4566a6261">
      <Execution id="e9ef4f79-34e1-4674-9f12-f2432bded561" />
      <TestMethod codeBase="D:\actions-runner\_work\XPCO\XPCO\Corporate\VideoOS.Server.UnitTests\bin\x64\Debug\net472\VideoOS.Server.UnitTests.dll" adapterTypeName="executor://mstestadapter/v2" className="VideoOS.Server.UnitTests.Licensing.LicenseFeatureCheckerTest" name="CheckConfigurationDataSetTest_MultistreamRecording_Licensed_ValidationSucceeds" />
    </UnitTest>
    <UnitTest name="ChangeHardwarePasswordTaskCommandHandler_Execute_Failed_NoAccess_Response" storage="d:\actions-runner\_work\xpco\xpco\corporate\videoos.server.unittests\bin\x64\debug\net472\videoos.server.unittests.dll" id="084898a2-4acd-ae40-25db-e87715c8038c">
      <Execution id="334836fe-54a3-4107-81ad-2578126b9b32" />
      <TestMethod codeBase="D:\actions-runner\_work\XPCO\XPCO\Corporate\VideoOS.Server.UnitTests\bin\x64\Debug\net472\VideoOS.Server.UnitTests.dll" adapterTypeName="executor://mstestadapter/v2" className="VideoOS.Server.UnitTests.CommandHandler.ChangeHardwarePasswordTaskCommandHandlerTests" name="ChangeHardwarePasswordTaskCommandHandler_Execute_Failed_NoAccess_Response" />
    </UnitTest>
    <UnitTest name="CreateLicenseInformationXml_Has1Expired_On1ExpiredHardware25ChannelsOnWhitelist" storage="d:\actions-runner\_work\xpco\xpco\corporate\videoos.server.unittests\bin\x64\debug\net472\videoos.server.unittests.dll" id="89930b7f-443a-277a-9e1c-dc075f2e851e">
      <TestCategory>
        <TestCategoryItem TestCategory="Licensing" />
      </TestCategory>
      <Execution id="a532947b-7acf-4728-ab84-ba0265b3cc18" />
      <TestMethod codeBase="D:\actions-runner\_work\XPCO\XPCO\Corporate\VideoOS.Server.UnitTests\bin\x64\Debug\net472\VideoOS.Server.UnitTests.dll" adapterTypeName="executor://mstestadapter/v2" className="VideoOS.Server.UnitTests.Licensing.LicenseInfoXmlWriterTests" name="CreateLicenseInformationXml_Has1Expired_On1ExpiredHardware25ChannelsOnWhitelist" />
    </UnitTest>
    <UnitTest name="ChangesWithoutActivation_Hardware_AppearsActivated_AfterOneYear" storage="d:\actions-runner\_work\xpco\xpco\corporate\videoos.server.unittests\bin\x64\debug\net472\videoos.server.unittests.dll" id="7764b362-e870-3b15-8212-d8142ee87fe5">
      <TestCategory>
        <TestCategoryItem TestCategory="Licensing" />
      </TestCategory>
      <Execution id="c6a5338b-d206-48cf-a433-a66fe1b8c19c" />
      <TestMethod codeBase="D:\actions-runner\_work\XPCO\XPCO\Corporate\VideoOS.Server.UnitTests\bin\x64\Debug\net472\VideoOS.Server.UnitTests.dll" adapterTypeName="executor://mstestadapter/v2" className="VideoOS.Server.UnitTests.Licensing.LicenseAllocatorChannelTests" name="ChangesWithoutActivation_Hardware_AppearsActivated_AfterOneYear" />
    </UnitTest>
    <UnitTest name="GetHardwareNetworkSettingsCommandHandler_Execute_RecorderNotFound_ReturnsCorrectResponse" storage="d:\actions-runner\_work\xpco\xpco\corporate\videoos.server.unittests\bin\x64\debug\net472\videoos.server.unittests.dll" id="0ad171d3-aad1-8521-c487-1ee14ec9e922">
      <Execution id="a7ed17d5-8afa-4eb5-b309-f4599a5ca8bf" />
      <TestMethod codeBase="D:\actions-runner\_work\XPCO\XPCO\Corporate\VideoOS.Server.UnitTests\bin\x64\Debug\net472\VideoOS.Server.UnitTests.dll" adapterTypeName="executor://mstestadapter/v2" className="VideoOS.Server.UnitTests.CommandHandler.GetHardwareNetworkSettingsCommandHandlerUnitTests" name="GetHardwareNetworkSettingsCommandHandler_Execute_RecorderNotFound_ReturnsCorrectResponse" />
    </UnitTest>
    <UnitTest name="AnalyzeAndCreateAuditLogs_AddedSecurityPermissionsRow_ReturnsOneAuditLog" storage="d:\actions-runner\_work\xpco\xpco\corporate\videoos.server.unittests\bin\x64\debug\net472\videoos.server.unittests.dll" id="93f501f4-581a-65e8-06b9-840cb25c5b26">
      <Execution id="6ffd1cc4-3e08-4bfe-966e-f2f8e4338b8b" />
      <TestMethod codeBase="D:\actions-runner\_work\XPCO\XPCO\Corporate\VideoOS.Server.UnitTests\bin\x64\Debug\net472\VideoOS.Server.UnitTests.dll" adapterTypeName="executor://mstestadapter/v2" className="VideoOS.Server.UnitTests.CommandHandler.DataSetAuditLogAnalyzerTests" name="AnalyzeAndCreateAuditLogs_AddedSecurityPermissionsRow_ReturnsOneAuditLog" />
    </UnitTest>
    <UnitTest name="AllocateLicenses_TwoMissingICPChannelLicensesOneInGrace_OnOneICPWithTwoCamerasAndOneHardwareWithOneCamera" storage="d:\actions-runner\_work\xpco\xpco\corporate\videoos.server.unittests\bin\x64\debug\net472\videoos.server.unittests.dll" id="5d2d667a-5174-a959-1a9a-e0fcc669a4a1">
      <Execution id="acb84c12-356d-49c0-906b-f38672b3aeac" />
      <TestMethod codeBase="D:\actions-runner\_work\XPCO\XPCO\Corporate\VideoOS.Server.UnitTests\bin\x64\Debug\net472\VideoOS.Server.UnitTests.dll" adapterTypeName="executor://mstestadapter/v2" className="VideoOS.Server.UnitTests.Licensing.LicenseAllocatorHardwareTests" name="AllocateLicenses_TwoMissingICPChannelLicensesOneInGrace_OnOneICPWithTwoCamerasAndOneHardwareWithOneCamera" />
    </UnitTest>
    <UnitTest name="TemporaryLicense_HasCurrentYearToken_PreviousYear" storage="d:\actions-runner\_work\xpco\xpco\corporate\videoos.server.unittests\bin\x64\debug\net472\videoos.server.unittests.dll" id="cd69e440-c907-d5ab-f818-2b9c3d714f28">
      <TestCategory>
        <TestCategoryItem TestCategory="Licensing" />
      </TestCategory>
      <Execution id="59d96be1-880c-4a23-8f09-32787a225bc4" />
      <TestMethod codeBase="D:\actions-runner\_work\XPCO\XPCO\Corporate\VideoOS.Server.UnitTests\bin\x64\Debug\net472\VideoOS.Server.UnitTests.dll" adapterTypeName="executor://mstestadapter/v2" className="VideoOS.Server.UnitTests.Licensing.HardwareLicensesUnitTests" name="TemporaryLicense_HasCurrentYearToken_PreviousYear" />
    </UnitTest>
    <UnitTest name="CheckSecurityDataSetTest_Licensed" storage="d:\actions-runner\_work\xpco\xpco\corporate\videoos.server.unittests\bin\x64\debug\net472\videoos.server.unittests.dll" id="fc74b4de-78a2-cd18-f36c-43512d3260ce">
      <Execution id="5e4cdd7c-763a-41a7-a962-d20fc0c21ff9" />
      <TestMethod codeBase="D:\actions-runner\_work\XPCO\XPCO\Corporate\VideoOS.Server.UnitTests\bin\x64\Debug\net472\VideoOS.Server.UnitTests.dll" adapterTypeName="executor://mstestadapter/v2" className="VideoOS.Server.UnitTests.Licensing.LicenseFeatureCheckerTest" name="CheckSecurityDataSetTest_Licensed" />
    </UnitTest>
    <UnitTest name="ChannelLicenseCountManager_CameraFeedLicenseValue_NullHardwareInfo_ThrowsArgumentNullException" storage="d:\actions-runner\_work\xpco\xpco\corporate\videoos.server.unittests\bin\x64\debug\net472\videoos.server.unittests.dll" id="71192bcb-c1cd-4026-7b28-6fa22a7afc9e">
      <TestCategory>
        <TestCategoryItem TestCategory="Licensing" />
      </TestCategory>
      <Execution id="75544ada-5c3d-46a8-aa0c-70cda9dd0654" />
      <TestMethod codeBase="D:\actions-runner\_work\XPCO\XPCO\Corporate\VideoOS.Server.UnitTests\bin\x64\Debug\net472\VideoOS.Server.UnitTests.dll" adapterTypeName="executor://mstestadapter/v2" className="VideoOS.Server.UnitTests.Licensing.LicenseCountManagerUnitTests" name="ChannelLicenseCountManager_CameraFeedLicenseValue_NullHardwareInfo_ThrowsArgumentNullException" />
    </UnitTest>
    <UnitTest name="MoveHardwareTaskCommandHandler_Execute_WriteConfigurationDataSetChangesToDatabase_DBConcurrencyException_FailResponse_LicenseConfigurationFailed" storage="d:\actions-runner\_work\xpco\xpco\corporate\videoos.server.unittests\bin\x64\debug\net472\videoos.server.unittests.dll" id="ba224a7a-9b82-e0f9-acfc-35de5387eaad">
      <Execution id="18aa895e-f8a5-40f7-9180-947dc493de09" />
      <TestMethod codeBase="D:\actions-runner\_work\XPCO\XPCO\Corporate\VideoOS.Server.UnitTests\bin\x64\Debug\net472\VideoOS.Server.UnitTests.dll" adapterTypeName="executor://mstestadapter/v2" className="VideoOS.Server.UnitTests.CommandHandler.MoveHardwareTaskCommandHandlerTests" name="MoveHardwareTaskCommandHandler_Execute_WriteConfigurationDataSetChangesToDatabase_DBConcurrencyException_FailResponse_LicenseConfigurationFailed" />
    </UnitTest>
    <UnitTest name="HardwareInCWANotOnWhiteList_ReplacedWithNoInheritance_HardwareNotOnWhiteList_MixedCWAAllowed_FewerChannelsOnReplacedHardware_SomeDevicesInCWA" storage="d:\actions-runner\_work\xpco\xpco\corporate\videoos.server.unittests\bin\x64\debug\net472\videoos.server.unittests.dll" id="6085aa4f-8ca0-af22-f1de-7c679d2332fb">
      <TestCategory>
        <TestCategoryItem TestCategory="Licensing Replace Hardware" />
        <TestCategoryItem TestCategory="Licensing" />
      </TestCategory>
      <Execution id="16d7722e-bed1-4eb2-95e9-d79bf08cc31a" />
      <TestMethod codeBase="D:\actions-runner\_work\XPCO\XPCO\Corporate\VideoOS.Server.UnitTests\bin\x64\Debug\net472\VideoOS.Server.UnitTests.dll" adapterTypeName="executor://mstestadapter/v2" className="VideoOS.Server.UnitTests.Licensing.LicenseAllocatorChannelTests" name="HardwareInCWANotOnWhiteList_ReplacedWithNoInheritance_HardwareNotOnWhiteList_MixedCWAAllowed_FewerChannelsOnReplacedHardware_SomeDevicesInCWA" />
    </UnitTest>
    <UnitTest name="EvidenceLockOnOldRecorderCommandHandlerTests_OldRecV1_ConfigEdit1RowEdge" storage="d:\actions-runner\_work\xpco\xpco\corporate\videoos.server.unittests\bin\x64\debug\net472\videoos.server.unittests.dll" id="d93c83d3-61a9-d402-ddff-92f91c7aff97">
      <Execution id="60dd6da7-34a7-46c9-9179-ae36328ebaa6" />
      <TestMethod codeBase="D:\actions-runner\_work\XPCO\XPCO\Corporate\VideoOS.Server.UnitTests\bin\x64\Debug\net472\VideoOS.Server.UnitTests.dll" adapterTypeName="executor://mstestadapter/v2" className="VideoOS.Server.UnitTests.CommandHandler.EvidenceLockOnOldRecorderCommandHandlerTests" name="EvidenceLockOnOldRecorderCommandHandlerTests_OldRecV1_ConfigEdit1RowEdge" />
    </UnitTest>
    <UnitTest name="HardwareInCWANotOnWhiteList_ReplacedWithNoInheritance_HardwareNotOnWhiteList_NoMoreCWAAllowed_NewDevicesInGrace" storage="d:\actions-runner\_work\xpco\xpco\corporate\videoos.server.unittests\bin\x64\debug\net472\videoos.server.unittests.dll" id="65b8b03a-1cd6-d41b-951d-7ff48ede72f3">
      <TestCategory>
        <TestCategoryItem TestCategory="Licensing Replace Hardware" />
        <TestCategoryItem TestCategory="Licensing" />
      </TestCategory>
      <Execution id="42f54c42-16c8-433d-b465-08cc27a41b6d" />
      <TestMethod codeBase="D:\actions-runner\_work\XPCO\XPCO\Corporate\VideoOS.Server.UnitTests\bin\x64\Debug\net472\VideoOS.Server.UnitTests.dll" adapterTypeName="executor://mstestadapter/v2" className="VideoOS.Server.UnitTests.Licensing.LicenseAllocatorChannelTests" name="HardwareInCWANotOnWhiteList_ReplacedWithNoInheritance_HardwareNotOnWhiteList_NoMoreCWAAllowed_NewDevicesInGrace" />
    </UnitTest>
    <UnitTest name="ConvertIdpLog_UserLoginFailed" storage="d:\actions-runner\_work\xpco\xpco\corporate\videoos.server.unittests\bin\x64\debug\net472\videoos.server.unittests.dll" id="6918c63f-27aa-e388-cd6d-3a1d843bbb37">
      <Execution id="1ccd17c8-6398-4bc1-89d4-bf59eead0b3c" />
      <TestMethod codeBase="D:\actions-runner\_work\XPCO\XPCO\Corporate\VideoOS.Server.UnitTests\bin\x64\Debug\net472\VideoOS.Server.UnitTests.dll" adapterTypeName="executor://mstestadapter/v2" className="VideoOS.Server.UnitTests.Log.IdpLogConverterTest" name="ConvertIdpLog_UserLoginFailed" />
    </UnitTest>
    <UnitTest name="ChangeHardwarePasswordRuleAction_Execute_SunnyDay_EventsTrigger" storage="d:\actions-runner\_work\xpco\xpco\corporate\videoos.server.unittests\bin\x64\debug\net472\videoos.server.unittests.dll" id="09fa7278-9b62-6495-4bad-626cb7501a7d">
      <Execution id="48c055d5-6ad2-4589-941a-11df321cf963" />
      <TestMethod codeBase="D:\actions-runner\_work\XPCO\XPCO\Corporate\VideoOS.Server.UnitTests\bin\x64\Debug\net472\VideoOS.Server.UnitTests.dll" adapterTypeName="executor://mstestadapter/v2" className="VideoOS.Server.UnitTests.RuleActions.ChangeHardwarePasswordRuleActionUnitTests" name="ChangeHardwarePasswordRuleAction_Execute_SunnyDay_EventsTrigger" />
    </UnitTest>
    <UnitTest name="Construct_LicenseSnapshot_InvalidRecorderLicenseInfo_Throws_ArgumentNullException" storage="d:\actions-runner\_work\xpco\xpco\corporate\videoos.server.unittests\bin\x64\debug\net472\videoos.server.unittests.dll" id="b6e86c34-e523-66bb-6641-e4792d72f9ee">
      <Execution id="ceed04b0-a1ee-4852-86e6-f1ff2f0951bd" />
      <TestMethod codeBase="D:\actions-runner\_work\XPCO\XPCO\Corporate\VideoOS.Server.UnitTests\bin\x64\Debug\net472\VideoOS.Server.UnitTests.dll" adapterTypeName="executor://mstestadapter/v2" className="VideoOS.Server.UnitTests.Licensing.LicenseSnapshotTests" name="Construct_LicenseSnapshot_InvalidRecorderLicenseInfo_Throws_ArgumentNullException" />
    </UnitTest>
    <UnitTest name="ValidatePublicAddress_ServerSecuredRecorderNotSecured_ReturnBadRequest" storage="d:\actions-runner\_work\xpco\xpco\corporate\videoos.server.unittests\bin\x64\debug\net472\videoos.server.unittests.dll" id="48fe9dfa-00bd-7412-25ad-d8f31c9359f8">
      <Execution id="d7ed4610-229a-48c7-8cd4-72bc90423d58" />
      <TestMethod codeBase="D:\actions-runner\_work\XPCO\XPCO\Corporate\VideoOS.Server.UnitTests\bin\x64\Debug\net472\VideoOS.Server.UnitTests.dll" adapterTypeName="executor://mstestadapter/v2" className="VideoOS.Server.UnitTests.WebApi.Controllers.RecorderRegistrationControllerTests" name="ValidatePublicAddress_ServerSecuredRecorderNotSecured_ReturnBadRequest" />
    </UnitTest>
    <UnitTest name="SetHardwareNetworkSettingsCommandHandler_Execute_EmptyHardwareId_ReturnsFailResponse" storage="d:\actions-runner\_work\xpco\xpco\corporate\videoos.server.unittests\bin\x64\debug\net472\videoos.server.unittests.dll" id="8fbc7a88-4418-5963-2c9e-c4c017277a2d">
      <Execution id="df69ac1d-5d64-4a26-9fc7-6fa12bd9398f" />
      <TestMethod codeBase="D:\actions-runner\_work\XPCO\XPCO\Corporate\VideoOS.Server.UnitTests\bin\x64\Debug\net472\VideoOS.Server.UnitTests.dll" adapterTypeName="executor://mstestadapter/v2" className="VideoOS.Server.UnitTests.CommandHandler.SetHardwareNetworkSettingsCommandHandlerUnitTests" name="SetHardwareNetworkSettingsCommandHandler_Execute_EmptyHardwareId_ReturnsFailResponse" />
    </UnitTest>
    <UnitTest name="MessageManagerResponseCollector_GetNextResponse_SuccessResponse_Async" storage="d:\actions-runner\_work\xpco\xpco\corporate\videoos.server.unittests\bin\x64\debug\net472\videoos.server.unittests.dll" id="6c14b312-87d2-7128-927b-4805632e98ea">
      <Execution id="162b9e67-7bed-41e7-9e35-26f3afff0639" />
      <TestMethod codeBase="D:\actions-runner\_work\XPCO\XPCO\Corporate\VideoOS.Server.UnitTests\bin\x64\Debug\net472\VideoOS.Server.UnitTests.dll" adapterTypeName="executor://mstestadapter/v2" className="VideoOS.Server.UnitTests.MessageManagerResponseCollectorUnitTests" name="MessageManagerResponseCollector_GetNextResponse_SuccessResponse_Async" />
    </UnitTest>
    <UnitTest name="AnalyzeAndCreateAuditLogs_DeletedSecurityPermissionsDeviceRow_ReturnsOneAuditLog" storage="d:\actions-runner\_work\xpco\xpco\corporate\videoos.server.unittests\bin\x64\debug\net472\videoos.server.unittests.dll" id="c7b41a4b-c669-1d15-4cb5-99bfc39f192e">
      <Execution id="0865a468-7b3c-482d-9975-59e8150ffd31" />
      <TestMethod codeBase="D:\actions-runner\_work\XPCO\XPCO\Corporate\VideoOS.Server.UnitTests\bin\x64\Debug\net472\VideoOS.Server.UnitTests.dll" adapterTypeName="executor://mstestadapter/v2" className="VideoOS.Server.UnitTests.CommandHandler.DataSetAuditLogAnalyzerTests" name="AnalyzeAndCreateAuditLogs_DeletedSecurityPermissionsDeviceRow_ReturnsOneAuditLog" />
    </UnitTest>
    <UnitTest name="GetHardwareUsersCommandHandler_Execute_RecorderNotSupported_ReturnsCorrectResponse" storage="d:\actions-runner\_work\xpco\xpco\corporate\videoos.server.unittests\bin\x64\debug\net472\videoos.server.unittests.dll" id="2096a8a0-5e79-c1b2-15fc-8f66937fab5f">
      <Execution id="68d05caa-4f4a-49a3-b308-dd2536fa85c3" />
      <TestMethod codeBase="D:\actions-runner\_work\XPCO\XPCO\Corporate\VideoOS.Server.UnitTests\bin\x64\Debug\net472\VideoOS.Server.UnitTests.dll" adapterTypeName="executor://mstestadapter/v2" className="VideoOS.Server.UnitTests.CommandHandler.GetHardwareUsersCommandHandlerUnitTests" name="GetHardwareUsersCommandHandler_Execute_RecorderNotSupported_ReturnsCorrectResponse" />
    </UnitTest>
    <UnitTest name="HardwareActivatedOnWhiteList_ReplacedWithNoInheritance_HardwareNotOnWhiteList_NoCWAAllowed_AllDevicesInGrace" storage="d:\actions-runner\_work\xpco\xpco\corporate\videoos.server.unittests\bin\x64\debug\net472\videoos.server.unittests.dll" id="277de6c8-9010-a1ae-4d40-ec165c51a438">
      <TestCategory>
        <TestCategoryItem TestCategory="Licensing Replace Hardware" />
        <TestCategoryItem TestCategory="Licensing" />
      </TestCategory>
      <Execution id="b66ecb76-d5f0-4cff-8731-035a1d331587" />
      <TestMethod codeBase="D:\actions-runner\_work\XPCO\XPCO\Corporate\VideoOS.Server.UnitTests\bin\x64\Debug\net472\VideoOS.Server.UnitTests.dll" adapterTypeName="executor://mstestadapter/v2" className="VideoOS.Server.UnitTests.Licensing.LicenseAllocatorChannelTests" name="HardwareActivatedOnWhiteList_ReplacedWithNoInheritance_HardwareNotOnWhiteList_NoCWAAllowed_AllDevicesInGrace" />
    </UnitTest>
    <UnitTest name="Validate_FirstGraceExpireShown_WithNonWhiteListedHardwareOnly_PostAllocation_Success" storage="d:\actions-runner\_work\xpco\xpco\corporate\videoos.server.unittests\bin\x64\debug\net472\videoos.server.unittests.dll" id="c9b9aa6a-294c-fdda-e92b-d117f1de4118">
      <TestCategory>
        <TestCategoryItem TestCategory="Licensing" />
      </TestCategory>
      <Execution id="b3abfe50-ceba-48d8-a007-ad39e376c550" />
      <TestMethod codeBase="D:\actions-runner\_work\XPCO\XPCO\Corporate\VideoOS.Server.UnitTests\bin\x64\Debug\net472\VideoOS.Server.UnitTests.dll" adapterTypeName="executor://mstestadapter/v2" className="VideoOS.Server.UnitTests.Licensing.LicenseInfoXmlWriterTests" name="Validate_FirstGraceExpireShown_WithNonWhiteListedHardwareOnly_PostAllocation_Success" />
    </UnitTest>
    <UnitTest name="CheckSecurityDataSetTest_NotLicensedFail2" storage="d:\actions-runner\_work\xpco\xpco\corporate\videoos.server.unittests\bin\x64\debug\net472\videoos.server.unittests.dll" id="763b8141-6317-9c60-a4ae-086424e66bd9">
      <Execution id="177b27fd-d3be-4a05-a9a3-fa493c5126ac" />
      <TestMethod codeBase="D:\actions-runner\_work\XPCO\XPCO\Corporate\VideoOS.Server.UnitTests\bin\x64\Debug\net472\VideoOS.Server.UnitTests.dll" adapterTypeName="executor://mstestadapter/v2" className="VideoOS.Server.UnitTests.Licensing.LicenseFeatureCheckerTest" name="CheckSecurityDataSetTest_NotLicensedFail2" />
    </UnitTest>
    <UnitTest name="GetRecorderLicense_AddsHardwareToGrace_OnMoreHardwareThanReplacementLimit" storage="d:\actions-runner\_work\xpco\xpco\corporate\videoos.server.unittests\bin\x64\debug\net472\videoos.server.unittests.dll" id="d18da944-7e75-6c06-b1c7-1f96f8921220">
      <TestCategory>
        <TestCategoryItem TestCategory="Licensing" />
      </TestCategory>
      <Execution id="560d4b8c-29a5-4b41-9778-5e628616278a" />
      <TestMethod codeBase="D:\actions-runner\_work\XPCO\XPCO\Corporate\VideoOS.Server.UnitTests\bin\x64\Debug\net472\VideoOS.Server.UnitTests.dll" adapterTypeName="executor://mstestadapter/v2" className="VideoOS.Server.UnitTests.Licensing.LicenseManagerUnitTests" name="GetRecorderLicense_AddsHardwareToGrace_OnMoreHardwareThanReplacementLimit" />
    </UnitTest>
    <UnitTest name="CreateLicenseInformationXml_Has25Expired_On1ExpiredHardware25ChannelsNotOnWhitelist" storage="d:\actions-runner\_work\xpco\xpco\corporate\videoos.server.unittests\bin\x64\debug\net472\videoos.server.unittests.dll" id="0e58604c-cdf0-f371-f95c-0634e395365d">
      <TestCategory>
        <TestCategoryItem TestCategory="Licensing" />
      </TestCategory>
      <Execution id="a997aafa-1943-4177-9400-95735042cee3" />
      <TestMethod codeBase="D:\actions-runner\_work\XPCO\XPCO\Corporate\VideoOS.Server.UnitTests\bin\x64\Debug\net472\VideoOS.Server.UnitTests.dll" adapterTypeName="executor://mstestadapter/v2" className="VideoOS.Server.UnitTests.Licensing.LicenseInfoXmlWriterTests" name="CreateLicenseInformationXml_Has25Expired_On1ExpiredHardware25ChannelsNotOnWhitelist" />
    </UnitTest>
    <UnitTest name="CheckMsFailoverStatusCommandHandler_Execute_InvokeEventTrue_InvalidResponse_ShouldNotTrigger" storage="d:\actions-runner\_work\xpco\xpco\corporate\videoos.server.unittests\bin\x64\debug\net472\videoos.server.unittests.dll" id="7460d3c3-1e10-7e88-9e59-c77d18394bb1">
      <Execution id="4edeea97-be9d-443e-9b97-95835db8d207" />
      <TestMethod codeBase="D:\actions-runner\_work\XPCO\XPCO\Corporate\VideoOS.Server.UnitTests\bin\x64\Debug\net472\VideoOS.Server.UnitTests.dll" adapterTypeName="executor://mstestadapter/v2" className="VideoOS.Server.UnitTests.CommandHandler.CheckMsFailoverStatusCommandHandlerUnitTest" name="CheckMsFailoverStatusCommandHandler_Execute_InvokeEventTrue_InvalidResponse_ShouldNotTrigger" />
    </UnitTest>
    <UnitTest name="HardwareScanTaskCommandHandler_Execute_Arguments_Null_Throws" storage="d:\actions-runner\_work\xpco\xpco\corporate\videoos.server.unittests\bin\x64\debug\net472\videoos.server.unittests.dll" id="9ab44632-9eaf-e3de-6707-27601cb7b327">
      <Execution id="f3532107-ebbc-4bb7-9e23-04ae7590bfdb" />
      <TestMethod codeBase="D:\actions-runner\_work\XPCO\XPCO\Corporate\VideoOS.Server.UnitTests\bin\x64\Debug\net472\VideoOS.Server.UnitTests.dll" adapterTypeName="executor://mstestadapter/v2" className="VideoOS.Server.UnitTests.CommandHandler.HardwareScanTaskCommandHandlerTest" name="HardwareScanTaskCommandHandler_Execute_Arguments_Null_Throws" />
    </UnitTest>
    <UnitTest name="AllocateLicenses_AddHardwareWithNoCameras_Activate_ThreeActivated" storage="d:\actions-runner\_work\xpco\xpco\corporate\videoos.server.unittests\bin\x64\debug\net472\videoos.server.unittests.dll" id="adfd4501-32c9-6cd5-35ef-7976b250b7c5">
      <TestCategory>
        <TestCategoryItem TestCategory="Licensing" />
      </TestCategory>
      <Execution id="d130d470-3465-4570-bb35-2275721da2b0" />
      <TestMethod codeBase="D:\actions-runner\_work\XPCO\XPCO\Corporate\VideoOS.Server.UnitTests\bin\x64\Debug\net472\VideoOS.Server.UnitTests.dll" adapterTypeName="executor://mstestadapter/v2" className="VideoOS.Server.UnitTests.Licensing.LicenseAllocatorChannelTests" name="AllocateLicenses_AddHardwareWithNoCameras_Activate_ThreeActivated" />
    </UnitTest>
    <UnitTest name="EventCollector_Stop" storage="d:\actions-runner\_work\xpco\xpco\corporate\videoos.server.unittests\bin\x64\debug\net472\videoos.server.unittests.dll" id="5d65cf70-fbf7-ed7b-392d-268c0d1993f2">
      <Execution id="b40eebfe-5970-404d-995e-103a2ba07164" />
      <TestMethod codeBase="D:\actions-runner\_work\XPCO\XPCO\Corporate\VideoOS.Server.UnitTests\bin\x64\Debug\net472\VideoOS.Server.UnitTests.dll" adapterTypeName="executor://mstestadapter/v2" className="VideoOS.Server.UnitTests.UpdateConfigurationManagerCommandHandlerTests" name="EventCollector_Stop" />
    </UnitTest>
    <UnitTest name="MoveHardwareTaskCommandHandler_Execute_DeviceEvidenceLocks_OnlyOnEdge_EdgeDistribution" storage="d:\actions-runner\_work\xpco\xpco\corporate\videoos.server.unittests\bin\x64\debug\net472\videoos.server.unittests.dll" id="44368d84-35da-0cae-f7bd-c85c8d9da63a">
      <Execution id="1bcfcf92-b39e-4b83-8ec9-d54b469971ee" />
      <TestMethod codeBase="D:\actions-runner\_work\XPCO\XPCO\Corporate\VideoOS.Server.UnitTests\bin\x64\Debug\net472\VideoOS.Server.UnitTests.dll" adapterTypeName="executor://mstestadapter/v2" className="VideoOS.Server.UnitTests.CommandHandler.MoveHardwareTaskCommandHandlerTests" name="MoveHardwareTaskCommandHandler_Execute_DeviceEvidenceLocks_OnlyOnEdge_EdgeDistribution" />
    </UnitTest>
    <UnitTest name="AttachedRecorder_GetRecorderEntryFromUri_NoEntry" storage="d:\actions-runner\_work\xpco\xpco\corporate\videoos.server.unittests\bin\x64\debug\net472\videoos.server.unittests.dll" id="35d82225-fcce-04ac-1c34-1cc371c17751">
      <Execution id="22f0293f-2126-4fbf-b288-f81fdd255986" />
      <TestMethod codeBase="D:\actions-runner\_work\XPCO\XPCO\Corporate\VideoOS.Server.UnitTests\bin\x64\Debug\net472\VideoOS.Server.UnitTests.dll" adapterTypeName="executor://mstestadapter/v2" className="VideoOS.Server.UnitTests.AttachedRecorderTests" name="AttachedRecorder_GetRecorderEntryFromUri_NoEntry" />
    </UnitTest>
    <UnitTest name="ServerFileSystemResponseCreateDirectory_ModelIsNull_BadRequestResult" storage="d:\actions-runner\_work\xpco\xpco\corporate\videoos.server.unittests\bin\x64\debug\net472\videoos.server.unittests.dll" id="4ce356b1-833a-a919-32db-7ded81a981f9">
      <Execution id="16bfc451-cab9-4300-af68-877050be5a74" />
      <TestMethod codeBase="D:\actions-runner\_work\XPCO\XPCO\Corporate\VideoOS.Server.UnitTests\bin\x64\Debug\net472\VideoOS.Server.UnitTests.dll" adapterTypeName="executor://mstestadapter/v2" className="VideoOS.Server.UnitTests.WebApi.ResponseControllerTest" name="ServerFileSystemResponseCreateDirectory_ModelIsNull_BadRequestResult" />
    </UnitTest>
    <UnitTest name="UpdateEvidenceLockSizesCommandHandlerTests_UpdateOneEvidenceLockSizeSpansAcrossRecorder_RecordersReturnedWithPositiveAndNegativeSizes_SuccessResponse" storage="d:\actions-runner\_work\xpco\xpco\corporate\videoos.server.unittests\bin\x64\debug\net472\videoos.server.unittests.dll" id="25e16dde-f704-9c82-194f-9771acd83015">
      <Execution id="929c2f82-1fd7-471f-9c98-5e0ee01ba8ae" />
      <TestMethod codeBase="D:\actions-runner\_work\XPCO\XPCO\Corporate\VideoOS.Server.UnitTests\bin\x64\Debug\net472\VideoOS.Server.UnitTests.dll" adapterTypeName="executor://mstestadapter/v2" className="VideoOS.Server.UnitTests.CommandHandler.UpdateEvidenceLockSizesCommandHandlerTests" name="UpdateEvidenceLockSizesCommandHandlerTests_UpdateOneEvidenceLockSizeSpansAcrossRecorder_RecordersReturnedWithPositiveAndNegativeSizes_SuccessResponse" />
    </UnitTest>
    <UnitTest name="ExceptionResponse_ModelIsValid_CommandExecuted" storage="d:\actions-runner\_work\xpco\xpco\corporate\videoos.server.unittests\bin\x64\debug\net472\videoos.server.unittests.dll" id="2cf91dfa-968e-4599-4e3f-36ab2c164e8c">
      <Execution id="c7328b61-3752-4bc3-9a02-eec819a9c3e5" />
      <TestMethod codeBase="D:\actions-runner\_work\XPCO\XPCO\Corporate\VideoOS.Server.UnitTests\bin\x64\Debug\net472\VideoOS.Server.UnitTests.dll" adapterTypeName="executor://mstestadapter/v2" className="VideoOS.Server.UnitTests.WebApi.ResponseControllerTest" name="ExceptionResponse_ModelIsValid_CommandExecuted" />
    </UnitTest>
    <UnitTest name="DeviceDataDistributionManager_Constructor_Null_ThrowsArgumentNullException" storage="d:\actions-runner\_work\xpco\xpco\corporate\videoos.server.unittests\bin\x64\debug\net472\videoos.server.unittests.dll" id="79d1eb2f-a693-8e79-2873-4e7aec472ae9">
      <Execution id="3d390fa8-b6c2-4bbf-8f05-b11e171e2686" />
      <TestMethod codeBase="D:\actions-runner\_work\XPCO\XPCO\Corporate\VideoOS.Server.UnitTests\bin\x64\Debug\net472\VideoOS.Server.UnitTests.dll" adapterTypeName="executor://mstestadapter/v2" className="VideoOS.Server.UnitTests.DeviceDataDistributionManagerUnitTests" name="DeviceDataDistributionManager_Constructor_Null_ThrowsArgumentNullException" />
    </UnitTest>
    <UnitTest name="AnalyzeAndCreateAuditLogs_AddedSecurityPermissionsDeviceRowWithTimeBackward5Minutes_ReturnsTwoAuditLogsWithTimeBackwardMinutes" storage="d:\actions-runner\_work\xpco\xpco\corporate\videoos.server.unittests\bin\x64\debug\net472\videoos.server.unittests.dll" id="668d6eca-ca1f-7173-3a79-4c824c393f53">
      <Execution id="3affdb5d-1a57-4aa4-a742-f1321c12195e" />
      <TestMethod codeBase="D:\actions-runner\_work\XPCO\XPCO\Corporate\VideoOS.Server.UnitTests\bin\x64\Debug\net472\VideoOS.Server.UnitTests.dll" adapterTypeName="executor://mstestadapter/v2" className="VideoOS.Server.UnitTests.CommandHandler.DataSetAuditLogAnalyzerTests" name="AnalyzeAndCreateAuditLogs_AddedSecurityPermissionsDeviceRowWithTimeBackward5Minutes_ReturnsTwoAuditLogsWithTimeBackwardMinutes" />
    </UnitTest>
    <UnitTest name="AddUnlicensedDevice_AddSecondDeviceWithSameUniqueIdentifier_ICP_ReturnsFalse" storage="d:\actions-runner\_work\xpco\xpco\corporate\videoos.server.unittests\bin\x64\debug\net472\videoos.server.unittests.dll" id="00f004a8-cc0a-ba6a-61e6-32a64a1d70b3">
      <Execution id="6a21a53f-bcb5-468c-80e1-93c9698d9791" />
      <TestMethod codeBase="D:\actions-runner\_work\XPCO\XPCO\Corporate\VideoOS.Server.UnitTests\bin\x64\Debug\net472\VideoOS.Server.UnitTests.dll" adapterTypeName="executor://mstestadapter/v2" className="VideoOS.Server.UnitTests.Licensing.LicenseSnapshotTests" name="AddUnlicensedDevice_AddSecondDeviceWithSameUniqueIdentifier_ICP_ReturnsFalse" />
    </UnitTest>
    <UnitTest name="HardwareInCWAOnWhiteList_ReplacedWithNoInheritance_HardwareNotOnWhiteList_MixedCWAAllowed_MoreChannelsOnReplacedHardware_SomeDevicesInCWA" storage="d:\actions-runner\_work\xpco\xpco\corporate\videoos.server.unittests\bin\x64\debug\net472\videoos.server.unittests.dll" id="3f288f9b-fb2a-088e-d62e-186febe1e41e">
      <TestCategory>
        <TestCategoryItem TestCategory="Licensing Replace Hardware" />
        <TestCategoryItem TestCategory="Licensing" />
      </TestCategory>
      <Execution id="b7558497-0c73-49dd-97c7-8ce7a43311dd" />
      <TestMethod codeBase="D:\actions-runner\_work\XPCO\XPCO\Corporate\VideoOS.Server.UnitTests\bin\x64\Debug\net472\VideoOS.Server.UnitTests.dll" adapterTypeName="executor://mstestadapter/v2" className="VideoOS.Server.UnitTests.Licensing.LicenseAllocatorChannelTests" name="HardwareInCWAOnWhiteList_ReplacedWithNoInheritance_HardwareNotOnWhiteList_MixedCWAAllowed_MoreChannelsOnReplacedHardware_SomeDevicesInCWA" />
    </UnitTest>
    <UnitTest name="Log_ContextExceptionIsNull_NothingIsLogged" storage="d:\actions-runner\_work\xpco\xpco\corporate\videoos.server.unittests\bin\x64\debug\net472\videoos.server.unittests.dll" id="27765c3e-f7a5-6619-62ae-59e218515121">
      <Execution id="3ebe750d-a135-4963-a9e2-1dee1fe066d1" />
      <TestMethod codeBase="D:\actions-runner\_work\XPCO\XPCO\Corporate\VideoOS.Server.UnitTests\bin\x64\Debug\net472\VideoOS.Server.UnitTests.dll" adapterTypeName="executor://mstestadapter/v2" className="VideoOS.Server.UnitTests.ServerUnhandledExceptionLoggerTests" name="Log_ContextExceptionIsNull_NothingIsLogged" />
    </UnitTest>
    <UnitTest name="ServerAccessTokenHandler_PopulateAuthorizationHeaderAsync_WebApiException" storage="d:\actions-runner\_work\xpco\xpco\corporate\videoos.server.unittests\bin\x64\debug\net472\videoos.server.unittests.dll" id="2ac1e640-ab17-a6b2-b3fa-7fd601d2b14b">
      <Execution id="c9b94678-4c1a-44db-a0d2-c8a20357181f" />
      <TestMethod codeBase="D:\actions-runner\_work\XPCO\XPCO\Corporate\VideoOS.Server.UnitTests\bin\x64\Debug\net472\VideoOS.Server.UnitTests.dll" adapterTypeName="executor://mstestadapter/v2" className="VideoOS.Server.UnitTests.RecorderCommunication.ServerAccessTokenHandlerTests" name="ServerAccessTokenHandler_PopulateAuthorizationHeaderAsync_WebApiException" />
    </UnitTest>
    <UnitTest name="HardwareInCWAOnWhiteList_ReplacedWithInheritance_HardwareOnWhiteList_NoMoreCWAAllowed_NewHardwareInGrace" storage="d:\actions-runner\_work\xpco\xpco\corporate\videoos.server.unittests\bin\x64\debug\net472\videoos.server.unittests.dll" id="8a4aed2d-73bd-427f-bd78-a6a359ebd203">
      <TestCategory>
        <TestCategoryItem TestCategory="Licensing Replace Hardware" />
        <TestCategoryItem TestCategory="Licensing" />
      </TestCategory>
      <Execution id="2f8be4dc-98e4-4eef-b2eb-030c8174252a" />
      <TestMethod codeBase="D:\actions-runner\_work\XPCO\XPCO\Corporate\VideoOS.Server.UnitTests\bin\x64\Debug\net472\VideoOS.Server.UnitTests.dll" adapterTypeName="executor://mstestadapter/v2" className="VideoOS.Server.UnitTests.Licensing.LicenseAllocatorChannelTests" name="HardwareInCWAOnWhiteList_ReplacedWithInheritance_HardwareOnWhiteList_NoMoreCWAAllowed_NewHardwareInGrace" />
    </UnitTest>
    <UnitTest name="ConfigurationDataSetLoader_GetDevicePrivacyMaskByDeviceId_Success" storage="d:\actions-runner\_work\xpco\xpco\corporate\videoos.server.unittests\bin\x64\debug\net472\videoos.server.unittests.dll" id="5a317f58-5340-0bdf-bbbf-2cf5c6868376">
      <Execution id="17843ea2-ca40-4fee-aeeb-b8fb3e9520ee" />
      <TestMethod codeBase="D:\actions-runner\_work\XPCO\XPCO\Corporate\VideoOS.Server.UnitTests\bin\x64\Debug\net472\VideoOS.Server.UnitTests.dll" adapterTypeName="executor://mstestadapter/v2" className="VideoOS.Server.UnitTests.Configuration.ConfigurationDataSetLoaderTests" name="ConfigurationDataSetLoader_GetDevicePrivacyMaskByDeviceId_Success" />
    </UnitTest>
    <UnitTest name="EvidenceLockOnOldRecorderCommandHandlerTests_OldRecV2_ConfigEdit1Row" storage="d:\actions-runner\_work\xpco\xpco\corporate\videoos.server.unittests\bin\x64\debug\net472\videoos.server.unittests.dll" id="83c9a1d0-5d19-19e1-c667-b2f4a5423662">
      <Execution id="afde5c88-4dd2-46e8-b10d-c45b4ebad861" />
      <TestMethod codeBase="D:\actions-runner\_work\XPCO\XPCO\Corporate\VideoOS.Server.UnitTests\bin\x64\Debug\net472\VideoOS.Server.UnitTests.dll" adapterTypeName="executor://mstestadapter/v2" className="VideoOS.Server.UnitTests.CommandHandler.EvidenceLockOnOldRecorderCommandHandlerTests" name="EvidenceLockOnOldRecorderCommandHandlerTests_OldRecV2_ConfigEdit1Row" />
    </UnitTest>
    <UnitTest name="ServerFileSystemResponseQueryDirectories_ModelIsValid_CommandExecuted" storage="d:\actions-runner\_work\xpco\xpco\corporate\videoos.server.unittests\bin\x64\debug\net472\videoos.server.unittests.dll" id="43b55bcc-c864-a344-f19c-a4697d7e93a7">
      <Execution id="2105ce1e-20c7-4b0d-a080-9c3ea75bc4e2" />
      <TestMethod codeBase="D:\actions-runner\_work\XPCO\XPCO\Corporate\VideoOS.Server.UnitTests\bin\x64\Debug\net472\VideoOS.Server.UnitTests.dll" adapterTypeName="executor://mstestadapter/v2" className="VideoOS.Server.UnitTests.WebApi.ResponseControllerTest" name="ServerFileSystemResponseQueryDirectories_ModelIsValid_CommandExecuted" />
    </UnitTest>
    <UnitTest name="EvidenceLockOnOldRecorderCommandHandlerTests_OldRecV2_ConfigDelete1Row" storage="d:\actions-runner\_work\xpco\xpco\corporate\videoos.server.unittests\bin\x64\debug\net472\videoos.server.unittests.dll" id="fbdead02-2ddb-e5b8-fac6-d1f617590179">
      <Execution id="fb402015-a369-4f00-8402-c5e825a3cf09" />
      <TestMethod codeBase="D:\actions-runner\_work\XPCO\XPCO\Corporate\VideoOS.Server.UnitTests\bin\x64\Debug\net472\VideoOS.Server.UnitTests.dll" adapterTypeName="executor://mstestadapter/v2" className="VideoOS.Server.UnitTests.CommandHandler.EvidenceLockOnOldRecorderCommandHandlerTests" name="EvidenceLockOnOldRecorderCommandHandlerTests_OldRecV2_ConfigDelete1Row" />
    </UnitTest>
    <UnitTest name="CreateInstance_ThrowsArgumentNullException_OnNullAsServer" storage="d:\actions-runner\_work\xpco\xpco\corporate\videoos.server.unittests\bin\x64\debug\net472\videoos.server.unittests.dll" id="6a88ee0a-9bc9-bc89-2082-c27a42df6d57">
      <Execution id="d2f7e9b1-4245-4a03-b177-e63febdc4fee" />
      <TestMethod codeBase="D:\actions-runner\_work\XPCO\XPCO\Corporate\VideoOS.Server.UnitTests\bin\x64\Debug\net472\VideoOS.Server.UnitTests.dll" adapterTypeName="executor://mstestadapter/v2" className="VideoOS.Server.UnitTests.Licensing.LicenseManagerCacheTests" name="CreateInstance_ThrowsArgumentNullException_OnNullAsServer" />
    </UnitTest>
    <UnitTest name="ValidatePublicAddress_ServerCantPingRecorder_ServiceUnavailableResponseWithRetryAfter" storage="d:\actions-runner\_work\xpco\xpco\corporate\videoos.server.unittests\bin\x64\debug\net472\videoos.server.unittests.dll" id="3c0e53b5-4edd-2d21-8a2c-cbc960b07f0d">
      <Execution id="812f523d-6e06-4a22-82c5-b9acd2bb5665" />
      <TestMethod codeBase="D:\actions-runner\_work\XPCO\XPCO\Corporate\VideoOS.Server.UnitTests\bin\x64\Debug\net472\VideoOS.Server.UnitTests.dll" adapterTypeName="executor://mstestadapter/v2" className="VideoOS.Server.UnitTests.WebApi.Controllers.RecorderRegistrationControllerTests" name="ValidatePublicAddress_ServerCantPingRecorder_ServiceUnavailableResponseWithRetryAfter" />
    </UnitTest>
    <UnitTest name="AllocateLicenses_NotActivated_FiveDevices_ThreeDisabled_FiveLicenses_ThreeUnlicensed_TwoReplaced" storage="d:\actions-runner\_work\xpco\xpco\corporate\videoos.server.unittests\bin\x64\debug\net472\videoos.server.unittests.dll" id="42bf2cb1-698e-8879-c40b-8fea12bbd64e">
      <TestCategory>
        <TestCategoryItem TestCategory="Licensing" />
      </TestCategory>
      <Execution id="b2ce10e2-b556-4fd8-bd39-236f0ed30187" />
      <TestMethod codeBase="D:\actions-runner\_work\XPCO\XPCO\Corporate\VideoOS.Server.UnitTests\bin\x64\Debug\net472\VideoOS.Server.UnitTests.dll" adapterTypeName="executor://mstestadapter/v2" className="VideoOS.Server.UnitTests.Licensing.LicenseAllocatorChannelTests" name="AllocateLicenses_NotActivated_FiveDevices_ThreeDisabled_FiveLicenses_ThreeUnlicensed_TwoReplaced" />
    </UnitTest>
    <UnitTest name="ValidatePublicAddress_ServerNotSecuredRecorderSecured_ReturnBadRequest" storage="d:\actions-runner\_work\xpco\xpco\corporate\videoos.server.unittests\bin\x64\debug\net472\videoos.server.unittests.dll" id="78670e21-b607-d283-8276-335ac4634948">
      <Execution id="2a8b7f22-76e5-4029-b42d-aa17acfd7402" />
      <TestMethod codeBase="D:\actions-runner\_work\XPCO\XPCO\Corporate\VideoOS.Server.UnitTests\bin\x64\Debug\net472\VideoOS.Server.UnitTests.dll" adapterTypeName="executor://mstestadapter/v2" className="VideoOS.Server.UnitTests.WebApi.Controllers.RecorderRegistrationControllerTests" name="ValidatePublicAddress_ServerNotSecuredRecorderSecured_ReturnBadRequest" />
    </UnitTest>
    <UnitTest name="ActivatedHardwareNotOnWhiteList_ReplacedWith_HardwareNotOnWhiteList_ShouldPutDevicesInCWAAndGrace" storage="d:\actions-runner\_work\xpco\xpco\corporate\videoos.server.unittests\bin\x64\debug\net472\videoos.server.unittests.dll" id="0057c070-6d41-46ef-72cd-914d222ec0d4">
      <TestCategory>
        <TestCategoryItem TestCategory="Licensing Replace Hardware" />
        <TestCategoryItem TestCategory="Licensing" />
      </TestCategory>
      <Execution id="6cc90375-a2e6-478d-8e0f-9eb6fc4e93bb" />
      <TestMethod codeBase="D:\actions-runner\_work\XPCO\XPCO\Corporate\VideoOS.Server.UnitTests\bin\x64\Debug\net472\VideoOS.Server.UnitTests.dll" adapterTypeName="executor://mstestadapter/v2" className="VideoOS.Server.UnitTests.Licensing.LicenseAllocatorChannelTests" name="ActivatedHardwareNotOnWhiteList_ReplacedWith_HardwareNotOnWhiteList_ShouldPutDevicesInCWAAndGrace" />
    </UnitTest>
    <UnitTest name="CheckConfigurationDataSetTest_StreamsNotLicensedPass1" storage="d:\actions-runner\_work\xpco\xpco\corporate\videoos.server.unittests\bin\x64\debug\net472\videoos.server.unittests.dll" id="10de2d20-9e13-becf-3e27-76a1ef40ac99">
      <Execution id="33468120-f106-4f33-80df-1048d361d555" />
      <TestMethod codeBase="D:\actions-runner\_work\XPCO\XPCO\Corporate\VideoOS.Server.UnitTests\bin\x64\Debug\net472\VideoOS.Server.UnitTests.dll" adapterTypeName="executor://mstestadapter/v2" className="VideoOS.Server.UnitTests.Licensing.LicenseFeatureCheckerTest" name="CheckConfigurationDataSetTest_StreamsNotLicensedPass1" />
    </UnitTest>
    <UnitTest name="GetRecorderTasks_RecorderNotFoundException_Handled" storage="d:\actions-runner\_work\xpco\xpco\corporate\videoos.server.unittests\bin\x64\debug\net472\videoos.server.unittests.dll" id="b9422136-6e99-7181-36c2-a5eaa4ea48b7">
      <Execution id="1c25c31e-e16d-414d-a841-e8591cab2b21" />
      <TestMethod codeBase="D:\actions-runner\_work\XPCO\XPCO\Corporate\VideoOS.Server.UnitTests\bin\x64\Debug\net472\VideoOS.Server.UnitTests.dll" adapterTypeName="executor://mstestadapter/v2" className="VideoOS.Server.UnitTests.TaskControllerTests" name="GetRecorderTasks_RecorderNotFoundException_Handled" />
    </UnitTest>
    <UnitTest name="HardwareUnsupportedResponse_ModelIsValid_CommandExecuted" storage="d:\actions-runner\_work\xpco\xpco\corporate\videoos.server.unittests\bin\x64\debug\net472\videoos.server.unittests.dll" id="0153a1e0-dce4-1d36-d924-8f093fad1ca0">
      <Execution id="2822f54c-ad19-4258-9cd5-3b6833e55389" />
      <TestMethod codeBase="D:\actions-runner\_work\XPCO\XPCO\Corporate\VideoOS.Server.UnitTests\bin\x64\Debug\net472\VideoOS.Server.UnitTests.dll" adapterTypeName="executor://mstestadapter/v2" className="VideoOS.Server.UnitTests.WebApi.ResponseControllerTest" name="HardwareUnsupportedResponse_ModelIsValid_CommandExecuted" />
    </UnitTest>
    <UnitTest name="UpdateEvidenceLockSizesCommandHandlerTests_UpdateOneEvidenceLockSizeSpansAcrossRecorder_RecordersReturnedWithMixedResponses_SuccessResponse" storage="d:\actions-runner\_work\xpco\xpco\corporate\videoos.server.unittests\bin\x64\debug\net472\videoos.server.unittests.dll" id="05025a2f-eb76-55f9-eb52-6fcad523c590">
      <Execution id="a83261f0-7f2c-4f01-b7f8-9da5f7d96c28" />
      <TestMethod codeBase="D:\actions-runner\_work\XPCO\XPCO\Corporate\VideoOS.Server.UnitTests\bin\x64\Debug\net472\VideoOS.Server.UnitTests.dll" adapterTypeName="executor://mstestadapter/v2" className="VideoOS.Server.UnitTests.CommandHandler.UpdateEvidenceLockSizesCommandHandlerTests" name="UpdateEvidenceLockSizesCommandHandlerTests_UpdateOneEvidenceLockSizeSpansAcrossRecorder_RecordersReturnedWithMixedResponses_SuccessResponse" />
    </UnitTest>
    <UnitTest name="DeviceLicense_FindByDeviceInfo_NotFound_ReturnsNull" storage="d:\actions-runner\_work\xpco\xpco\corporate\videoos.server.unittests\bin\x64\debug\net472\videoos.server.unittests.dll" id="9897c766-b52d-ed3b-d588-9c1d581b48f1">
      <Execution id="3f0b1a5a-f17e-4955-9dda-96658a73f5ac" />
      <TestMethod codeBase="D:\actions-runner\_work\XPCO\XPCO\Corporate\VideoOS.Server.UnitTests\bin\x64\Debug\net472\VideoOS.Server.UnitTests.dll" adapterTypeName="executor://mstestadapter/v2" className="VideoOS.Server.UnitTests.Licensing.LicenseSnapshotTests" name="DeviceLicense_FindByDeviceInfo_NotFound_ReturnsNull" />
    </UnitTest>
    <UnitTest name="HardwareActivatedOnWhiteList_ReplacedWithInheritance_HardwareNotOnWhiteList_NoCWAAllowed_AllDevicesInGrace" storage="d:\actions-runner\_work\xpco\xpco\corporate\videoos.server.unittests\bin\x64\debug\net472\videoos.server.unittests.dll" id="2825047d-45ec-17ec-7668-490b5d480d53">
      <TestCategory>
        <TestCategoryItem TestCategory="Licensing Replace Hardware" />
        <TestCategoryItem TestCategory="Licensing" />
      </TestCategory>
      <Execution id="51ad7b65-48d2-4e9b-a69b-a9e94100a46d" />
      <TestMethod codeBase="D:\actions-runner\_work\XPCO\XPCO\Corporate\VideoOS.Server.UnitTests\bin\x64\Debug\net472\VideoOS.Server.UnitTests.dll" adapterTypeName="executor://mstestadapter/v2" className="VideoOS.Server.UnitTests.Licensing.LicenseAllocatorChannelTests" name="HardwareActivatedOnWhiteList_ReplacedWithInheritance_HardwareNotOnWhiteList_NoCWAAllowed_AllDevicesInGrace" />
    </UnitTest>
    <UnitTest name="AutomaticActivation_LogsFailedMessageInServerLogs_OnFailedActivation" storage="d:\actions-runner\_work\xpco\xpco\corporate\videoos.server.unittests\bin\x64\debug\net472\videoos.server.unittests.dll" id="af643efc-0d6d-9696-0106-50e93cf12675">
      <TestCategory>
        <TestCategoryItem TestCategory="Licensing" />
      </TestCategory>
      <Execution id="e13a63e5-7787-4f62-b5bd-d0e854afb94c" />
      <TestMethod codeBase="D:\actions-runner\_work\XPCO\XPCO\Corporate\VideoOS.Server.UnitTests\bin\x64\Debug\net472\VideoOS.Server.UnitTests.dll" adapterTypeName="executor://mstestadapter/v2" className="VideoOS.Server.UnitTests.Licensing.ActivationManagerTests" name="AutomaticActivation_LogsFailedMessageInServerLogs_OnFailedActivation" />
    </UnitTest>
    <UnitTest name="AnalyzeAndCreateAuditLogs_ModifiedSecurityPermissionsDeviceRowWithDEVICESPEAKPRIORITYAtrribute_ReturnsOneAuditLog" storage="d:\actions-runner\_work\xpco\xpco\corporate\videoos.server.unittests\bin\x64\debug\net472\videoos.server.unittests.dll" id="74525c1f-6ef5-b5b3-beab-b61e35c5c5b8">
      <Execution id="6e364cea-bce6-414f-9ece-4ba73b19872b" />
      <TestMethod codeBase="D:\actions-runner\_work\XPCO\XPCO\Corporate\VideoOS.Server.UnitTests\bin\x64\Debug\net472\VideoOS.Server.UnitTests.dll" adapterTypeName="executor://mstestadapter/v2" className="VideoOS.Server.UnitTests.CommandHandler.DataSetAuditLogAnalyzerTests" name="AnalyzeAndCreateAuditLogs_ModifiedSecurityPermissionsDeviceRowWithDEVICESPEAKPRIORITYAtrribute_ReturnsOneAuditLog" />
    </UnitTest>
    <UnitTest name="AllocateLicenses_NotActivated_OneLicenseUsed_OnOneHardwareWithOneCameraChannelInGraceAndFourAvailableLicenses" storage="d:\actions-runner\_work\xpco\xpco\corporate\videoos.server.unittests\bin\x64\debug\net472\videoos.server.unittests.dll" id="6eb40ab5-a084-c0d6-3e89-20cec91d1dc1">
      <TestCategory>
        <TestCategoryItem TestCategory="Licensing" />
      </TestCategory>
      <Execution id="a5f3a422-ebb5-44be-8bef-b441ce3baa58" />
      <TestMethod codeBase="D:\actions-runner\_work\XPCO\XPCO\Corporate\VideoOS.Server.UnitTests\bin\x64\Debug\net472\VideoOS.Server.UnitTests.dll" adapterTypeName="executor://mstestadapter/v2" className="VideoOS.Server.UnitTests.Licensing.LicenseAllocatorChannelTests" name="AllocateLicenses_NotActivated_OneLicenseUsed_OnOneHardwareWithOneCameraChannelInGraceAndFourAvailableLicenses" />
    </UnitTest>
    <UnitTest name="UploadFileChunkCommandHandler_Constructor_Arguments_Null_Throws" storage="d:\actions-runner\_work\xpco\xpco\corporate\videoos.server.unittests\bin\x64\debug\net472\videoos.server.unittests.dll" id="7d6cf279-0386-6019-0824-c59c0577de58">
      <Execution id="496ac318-6884-47d7-8406-ce3f136d4e26" />
      <TestMethod codeBase="D:\actions-runner\_work\XPCO\XPCO\Corporate\VideoOS.Server.UnitTests\bin\x64\Debug\net472\VideoOS.Server.UnitTests.dll" adapterTypeName="executor://mstestadapter/v2" className="VideoOS.Server.UnitTests.CommandHandler.UploadFileChunkCommandHandlerUnitTests" name="UploadFileChunkCommandHandler_Constructor_Arguments_Null_Throws" />
    </UnitTest>
    <UnitTest name="ChannelLicenseCountManager_ReplacementHardware_ClearByRecorder_DoesNotChangeReplacementLimit_OnMultipleRecorders" storage="d:\actions-runner\_work\xpco\xpco\corporate\videoos.server.unittests\bin\x64\debug\net472\videoos.server.unittests.dll" id="216eb622-996e-3dd1-fa4a-9ff72cc211bf">
      <TestCategory>
        <TestCategoryItem TestCategory="Licensing" />
      </TestCategory>
      <Execution id="e24a8712-50d3-4c02-b3f1-835a07c79cf7" />
      <TestMethod codeBase="D:\actions-runner\_work\XPCO\XPCO\Corporate\VideoOS.Server.UnitTests\bin\x64\Debug\net472\VideoOS.Server.UnitTests.dll" adapterTypeName="executor://mstestadapter/v2" className="VideoOS.Server.UnitTests.Licensing.LicenseCountManagerUnitTests" name="ChannelLicenseCountManager_ReplacementHardware_ClearByRecorder_DoesNotChangeReplacementLimit_OnMultipleRecorders" />
    </UnitTest>
    <UnitTest name="CheckConfigurationDataSet_AAC_Hardware_WithAACSetting_Licensed_Success" storage="d:\actions-runner\_work\xpco\xpco\corporate\videoos.server.unittests\bin\x64\debug\net472\videoos.server.unittests.dll" id="0e465eda-53ff-08d9-e6a5-a484edda258a">
      <Execution id="a4117fc1-c14b-4928-845a-d1a60c107eb2" />
      <TestMethod codeBase="D:\actions-runner\_work\XPCO\XPCO\Corporate\VideoOS.Server.UnitTests\bin\x64\Debug\net472\VideoOS.Server.UnitTests.dll" adapterTypeName="executor://mstestadapter/v2" className="VideoOS.Server.UnitTests.Licensing.LicenseFeatureCheckerTest" name="CheckConfigurationDataSet_AAC_Hardware_WithAACSetting_Licensed_Success" />
    </UnitTest>
    <UnitTest name="EventCollectorConstructor_Logger_Null" storage="d:\actions-runner\_work\xpco\xpco\corporate\videoos.server.unittests\bin\x64\debug\net472\videoos.server.unittests.dll" id="9673c392-00ec-21ab-3c0b-8793b3f794b4">
      <Execution id="1efc5da3-7b40-42b8-a174-2c811d8ae391" />
      <TestMethod codeBase="D:\actions-runner\_work\XPCO\XPCO\Corporate\VideoOS.Server.UnitTests\bin\x64\Debug\net472\VideoOS.Server.UnitTests.dll" adapterTypeName="executor://mstestadapter/v2" className="VideoOS.Server.UnitTests.UpdateConfigurationManagerCommandHandlerTests" name="EventCollectorConstructor_Logger_Null" />
    </UnitTest>
    <UnitTest name="AllocateLicense_5Available_OneHardware_AlreadyLicensedInLicFile_InsufficientCameraCountInLicenseFileForHardwareCameraFeeds" storage="d:\actions-runner\_work\xpco\xpco\corporate\videoos.server.unittests\bin\x64\debug\net472\videoos.server.unittests.dll" id="3a20ed6d-4869-56be-fcee-5307650ce610">
      <TestCategory>
        <TestCategoryItem TestCategory="Licensing" />
      </TestCategory>
      <Execution id="caf85e2c-d7c8-408b-bd62-0347c76a8093" />
      <TestMethod codeBase="D:\actions-runner\_work\XPCO\XPCO\Corporate\VideoOS.Server.UnitTests\bin\x64\Debug\net472\VideoOS.Server.UnitTests.dll" adapterTypeName="executor://mstestadapter/v2" className="VideoOS.Server.UnitTests.Licensing.LicenseAllocatorChannelTests" name="AllocateLicense_5Available_OneHardware_AlreadyLicensedInLicFile_InsufficientCameraCountInLicenseFileForHardwareCameraFeeds" />
    </UnitTest>
    <UnitTest name="AllocateLicenses_NotActivated_TwoDevice_TwoCameraChannels_NonCameraDevicesAreLicensed" storage="d:\actions-runner\_work\xpco\xpco\corporate\videoos.server.unittests\bin\x64\debug\net472\videoos.server.unittests.dll" id="3cc3d0b4-a43d-5b9d-15df-45a463e99e69">
      <TestCategory>
        <TestCategoryItem TestCategory="Licensing" />
      </TestCategory>
      <Execution id="c1670caa-b422-40d5-86f2-ac8b5bdcda91" />
      <TestMethod codeBase="D:\actions-runner\_work\XPCO\XPCO\Corporate\VideoOS.Server.UnitTests\bin\x64\Debug\net472\VideoOS.Server.UnitTests.dll" adapterTypeName="executor://mstestadapter/v2" className="VideoOS.Server.UnitTests.Licensing.LicenseAllocatorChannelTests" name="AllocateLicenses_NotActivated_TwoDevice_TwoCameraChannels_NonCameraDevicesAreLicensed" />
    </UnitTest>
    <UnitTest name="HardwareInCWANotOnWhiteList_ReplacedWithInheritance_HardwareNotOnWhiteList_MixedCWAAllowed_MoreChannelsOnReplacedHardware_SomeDevicesInCWA" storage="d:\actions-runner\_work\xpco\xpco\corporate\videoos.server.unittests\bin\x64\debug\net472\videoos.server.unittests.dll" id="c2984494-a9d6-3f60-65cb-f333c5e8b61d">
      <TestCategory>
        <TestCategoryItem TestCategory="Licensing Replace Hardware" />
        <TestCategoryItem TestCategory="Licensing" />
      </TestCategory>
      <Execution id="7f338d8a-d423-49b1-9711-1a11750b3dd1" />
      <TestMethod codeBase="D:\actions-runner\_work\XPCO\XPCO\Corporate\VideoOS.Server.UnitTests\bin\x64\Debug\net472\VideoOS.Server.UnitTests.dll" adapterTypeName="executor://mstestadapter/v2" className="VideoOS.Server.UnitTests.Licensing.LicenseAllocatorChannelTests" name="HardwareInCWANotOnWhiteList_ReplacedWithInheritance_HardwareNotOnWhiteList_MixedCWAAllowed_MoreChannelsOnReplacedHardware_SomeDevicesInCWA" />
    </UnitTest>
    <UnitTest name="UpdateHardwareTaskCommandHandler_Execute_HeartBeat_RecorderUnavailable_Tests" storage="d:\actions-runner\_work\xpco\xpco\corporate\videoos.server.unittests\bin\x64\debug\net472\videoos.server.unittests.dll" id="120dc9c0-e973-7f4c-492e-c6b045bcfb22">
      <Execution id="43f661a5-50e0-4420-9381-de966a32e2e9" />
      <TestMethod codeBase="D:\actions-runner\_work\XPCO\XPCO\Corporate\VideoOS.Server.UnitTests\bin\x64\Debug\net472\VideoOS.Server.UnitTests.dll" adapterTypeName="executor://mstestadapter/v2" className="VideoOS.Server.UnitTests.CommandHandler.UpdateHardwareTaskHandlerTests" name="UpdateHardwareTaskCommandHandler_Execute_HeartBeat_RecorderUnavailable_Tests" />
    </UnitTest>
    <UnitTest name="RecorderTaskFailed_RecorderNotFoundException_Handled" storage="d:\actions-runner\_work\xpco\xpco\corporate\videoos.server.unittests\bin\x64\debug\net472\videoos.server.unittests.dll" id="45b8d6af-6bf6-4d13-db5b-d6931f924402">
      <Execution id="df28cf5d-8784-488b-9c59-571fc4f857ab" />
      <TestMethod codeBase="D:\actions-runner\_work\XPCO\XPCO\Corporate\VideoOS.Server.UnitTests\bin\x64\Debug\net472\VideoOS.Server.UnitTests.dll" adapterTypeName="executor://mstestadapter/v2" className="VideoOS.Server.UnitTests.TaskControllerTests" name="RecorderTaskFailed_RecorderNotFoundException_Handled" />
    </UnitTest>
    <UnitTest name="HardwareScanTaskCommandHandler_Execute_RegisterSession_FailResponse" storage="d:\actions-runner\_work\xpco\xpco\corporate\videoos.server.unittests\bin\x64\debug\net472\videoos.server.unittests.dll" id="130baa2c-76c2-e226-7ab3-1454505622e9">
      <Execution id="ab8de9f3-a7f6-440c-b98c-fc0366e17094" />
      <TestMethod codeBase="D:\actions-runner\_work\XPCO\XPCO\Corporate\VideoOS.Server.UnitTests\bin\x64\Debug\net472\VideoOS.Server.UnitTests.dll" adapterTypeName="executor://mstestadapter/v2" className="VideoOS.Server.UnitTests.CommandHandler.HardwareScanTaskCommandHandlerTest" name="HardwareScanTaskCommandHandler_Execute_RegisterSession_FailResponse" />
    </UnitTest>
    <UnitTest name="CheckConfigurationDataSetTest_DeviceMulticastNotLicensedFail" storage="d:\actions-runner\_work\xpco\xpco\corporate\videoos.server.unittests\bin\x64\debug\net472\videoos.server.unittests.dll" id="e68e8d3d-cf88-e2fc-5096-d0c2a02bc9c2">
      <Execution id="74014572-3303-4785-8349-f014db7d03ae" />
      <TestMethod codeBase="D:\actions-runner\_work\XPCO\XPCO\Corporate\VideoOS.Server.UnitTests\bin\x64\Debug\net472\VideoOS.Server.UnitTests.dll" adapterTypeName="executor://mstestadapter/v2" className="VideoOS.Server.UnitTests.Licensing.LicenseFeatureCheckerTest" name="CheckConfigurationDataSetTest_DeviceMulticastNotLicensedFail" />
    </UnitTest>
    <UnitTest name="MultiSite_ChannelBased_SameICPHardwareOn2Recorders_MoreChannelsThanICPLicenses" storage="d:\actions-runner\_work\xpco\xpco\corporate\videoos.server.unittests\bin\x64\debug\net472\videoos.server.unittests.dll" id="66f40d0c-4c23-d10b-afaf-5fe3e22726d9">
      <TestCategory>
        <TestCategoryItem TestCategory="Licensing" />
      </TestCategory>
      <Execution id="86ff7e77-543a-49d5-9630-92187a347cd7" />
      <TestMethod codeBase="D:\actions-runner\_work\XPCO\XPCO\Corporate\VideoOS.Server.UnitTests\bin\x64\Debug\net472\VideoOS.Server.UnitTests.dll" adapterTypeName="executor://mstestadapter/v2" className="VideoOS.Server.UnitTests.Licensing.LicenseAllocatorChannelTests" name="MultiSite_ChannelBased_SameICPHardwareOn2Recorders_MoreChannelsThanICPLicenses" />
    </UnitTest>
    <UnitTest name="LicenseCountManager_IsHardwareWithoutEnabledCamerasLicensed_Throws_InvalidOperationException_WhenHardwareHasEnabledCameras" storage="d:\actions-runner\_work\xpco\xpco\corporate\videoos.server.unittests\bin\x64\debug\net472\videoos.server.unittests.dll" id="75df8f46-b8a0-ca12-05d3-71a91eb99cfe">
      <TestCategory>
        <TestCategoryItem TestCategory="Licensing" />
      </TestCategory>
      <Execution id="b2294f3c-5561-43b2-ad51-062e7f53f733" />
      <TestMethod codeBase="D:\actions-runner\_work\XPCO\XPCO\Corporate\VideoOS.Server.UnitTests\bin\x64\Debug\net472\VideoOS.Server.UnitTests.dll" adapterTypeName="executor://mstestadapter/v2" className="VideoOS.Server.UnitTests.Licensing.LicenseCountManagerUnitTests" name="LicenseCountManager_IsHardwareWithoutEnabledCamerasLicensed_Throws_InvalidOperationException_WhenHardwareHasEnabledCameras" />
    </UnitTest>
    <UnitTest name="ConvertIdpLog_NullIdpServerName" storage="d:\actions-runner\_work\xpco\xpco\corporate\videoos.server.unittests\bin\x64\debug\net472\videoos.server.unittests.dll" id="c270ea2a-c1e3-572f-ae65-a41694dfd9e6">
      <Execution id="eed98f0b-861d-4952-a0ff-26d1733a4039" />
      <TestMethod codeBase="D:\actions-runner\_work\XPCO\XPCO\Corporate\VideoOS.Server.UnitTests\bin\x64\Debug\net472\VideoOS.Server.UnitTests.dll" adapterTypeName="executor://mstestadapter/v2" className="VideoOS.Server.UnitTests.Log.IdpLogConverterTest" name="ConvertIdpLog_NullIdpServerName" />
    </UnitTest>
    <UnitTest name="LicenseCountManager_CameraFeed_GetFirstCameraFeedDeviceIndex_NonExisting_InvalidOperationException" storage="d:\actions-runner\_work\xpco\xpco\corporate\videoos.server.unittests\bin\x64\debug\net472\videoos.server.unittests.dll" id="26e57da1-ba9d-0191-a3ee-e3418eb18c93">
      <Execution id="820c7754-bc37-4783-9ba3-e4f9f72d8606" />
      <TestMethod codeBase="D:\actions-runner\_work\XPCO\XPCO\Corporate\VideoOS.Server.UnitTests\bin\x64\Debug\net472\VideoOS.Server.UnitTests.dll" adapterTypeName="executor://mstestadapter/v2" className="VideoOS.Server.UnitTests.Licensing.LicenseCountManagerUnitTests" name="LicenseCountManager_CameraFeed_GetFirstCameraFeedDeviceIndex_NonExisting_InvalidOperationException" />
    </UnitTest>
    <UnitTest name="ReleasePtzSessionResponse_ModelIsValid_CommandExecuted" storage="d:\actions-runner\_work\xpco\xpco\corporate\videoos.server.unittests\bin\x64\debug\net472\videoos.server.unittests.dll" id="c87ffa61-951f-ee62-c1fb-b3754d84e4e7">
      <Execution id="f67dc03b-785e-4045-9de1-6e0c85fbeb9f" />
      <TestMethod codeBase="D:\actions-runner\_work\XPCO\XPCO\Corporate\VideoOS.Server.UnitTests\bin\x64\Debug\net472\VideoOS.Server.UnitTests.dll" adapterTypeName="executor://mstestadapter/v2" className="VideoOS.Server.UnitTests.WebApi.ResponseControllerTest" name="ReleasePtzSessionResponse_ModelIsValid_CommandExecuted" />
    </UnitTest>
    <UnitTest name="EvidenceLockUpdateScheduler_Stop_Without_Start_Throws" storage="d:\actions-runner\_work\xpco\xpco\corporate\videoos.server.unittests\bin\x64\debug\net472\videoos.server.unittests.dll" id="8b15913a-6233-54bc-8a3b-b39163abf857">
      <Execution id="7ec4a3b1-ae22-4e6f-937a-1c2a8e57b347" />
      <TestMethod codeBase="D:\actions-runner\_work\XPCO\XPCO\Corporate\VideoOS.Server.UnitTests\bin\x64\Debug\net472\VideoOS.Server.UnitTests.dll" adapterTypeName="executor://mstestadapter/v2" className="VideoOS.Server.UnitTests.EvidenceLockUpdateSchedulerUnitTests" name="EvidenceLockUpdateScheduler_Stop_Without_Start_Throws" />
    </UnitTest>
    <UnitTest name="AllocateLicenses_HardwareWith5CamerasAndOtherDevices_ShouldCount5InCWA_ThenDisablingCameras_ShouldStillCount5InCWA_OnNonZeroCWALicense" storage="d:\actions-runner\_work\xpco\xpco\corporate\videoos.server.unittests\bin\x64\debug\net472\videoos.server.unittests.dll" id="6bcc8d60-b3ea-0e46-0d0f-1946fd0abcb8">
      <TestCategory>
        <TestCategoryItem TestCategory="Licensing" />
      </TestCategory>
      <Execution id="a75f2ccc-edce-45b1-a9be-2af0c587daf5" />
      <TestMethod codeBase="D:\actions-runner\_work\XPCO\XPCO\Corporate\VideoOS.Server.UnitTests\bin\x64\Debug\net472\VideoOS.Server.UnitTests.dll" adapterTypeName="executor://mstestadapter/v2" className="VideoOS.Server.UnitTests.Licensing.LicenseAllocatorChannelTests" name="AllocateLicenses_HardwareWith5CamerasAndOtherDevices_ShouldCount5InCWA_ThenDisablingCameras_ShouldStillCount5InCWA_OnNonZeroCWALicense" />
    </UnitTest>
    <UnitTest name="AnalyzeAndCreateAuditLogs_ModifiedSecurityPermissionsDeviceRowAllVariationsThatGivesNoAuditLog_ReturnsNoAuditLog" storage="d:\actions-runner\_work\xpco\xpco\corporate\videoos.server.unittests\bin\x64\debug\net472\videoos.server.unittests.dll" id="40f2946a-3475-661e-ba18-f3aecc10f616">
      <Execution id="b3a9d950-1438-4996-9f01-79b2dbc22fc4" />
      <TestMethod codeBase="D:\actions-runner\_work\XPCO\XPCO\Corporate\VideoOS.Server.UnitTests\bin\x64\Debug\net472\VideoOS.Server.UnitTests.dll" adapterTypeName="executor://mstestadapter/v2" className="VideoOS.Server.UnitTests.CommandHandler.DataSetAuditLogAnalyzerTests" name="AnalyzeAndCreateAuditLogs_ModifiedSecurityPermissionsDeviceRowAllVariationsThatGivesNoAuditLog_ReturnsNoAuditLog" />
    </UnitTest>
    <UnitTest name="AddHardwareToRequest_AddsNonInterconnectedHardwareToList" storage="d:\actions-runner\_work\xpco\xpco\corporate\videoos.server.unittests\bin\x64\debug\net472\videoos.server.unittests.dll" id="7a4fa23b-ecc1-2f50-1983-409ce3c0dca1">
      <TestCategory>
        <TestCategoryItem TestCategory="Licensing" />
      </TestCategory>
      <Execution id="fe88216a-7433-42a6-b701-f0851c5742c1" />
      <TestMethod codeBase="D:\actions-runner\_work\XPCO\XPCO\Corporate\VideoOS.Server.UnitTests\bin\x64\Debug\net472\VideoOS.Server.UnitTests.dll" adapterTypeName="executor://mstestadapter/v2" className="VideoOS.Server.UnitTests.Licensing.LicenseRequestChannelTests" name="AddHardwareToRequest_AddsNonInterconnectedHardwareToList" />
    </UnitTest>
    <UnitTest name="CheckConfigurationDataSet_AAC_Device_NoAACSetting_NotLicensed_Sucess" storage="d:\actions-runner\_work\xpco\xpco\corporate\videoos.server.unittests\bin\x64\debug\net472\videoos.server.unittests.dll" id="b7284f39-1e13-1b11-94e6-c4500bbe2f3d">
      <Execution id="3d348ef6-2216-409b-bd92-f02b88092e95" />
      <TestMethod codeBase="D:\actions-runner\_work\XPCO\XPCO\Corporate\VideoOS.Server.UnitTests\bin\x64\Debug\net472\VideoOS.Server.UnitTests.dll" adapterTypeName="executor://mstestadapter/v2" className="VideoOS.Server.UnitTests.Licensing.LicenseFeatureCheckerTest" name="CheckConfigurationDataSet_AAC_Device_NoAACSetting_NotLicensed_Sucess" />
    </UnitTest>
    <UnitTest name="DeviceDataDistributionManager_CleanupAll_Success" storage="d:\actions-runner\_work\xpco\xpco\corporate\videoos.server.unittests\bin\x64\debug\net472\videoos.server.unittests.dll" id="b0211203-6613-8af6-27ec-57bd6e3d9589">
      <Execution id="f74ea95e-e63a-4839-856e-e660d74efbd3" />
      <TestMethod codeBase="D:\actions-runner\_work\XPCO\XPCO\Corporate\VideoOS.Server.UnitTests\bin\x64\Debug\net472\VideoOS.Server.UnitTests.dll" adapterTypeName="executor://mstestadapter/v2" className="VideoOS.Server.UnitTests.DeviceDataDistributionManagerUnitTests" name="DeviceDataDistributionManager_CleanupAll_Success" />
    </UnitTest>
    <UnitTest name="MoveHardwareTaskCommandHandler_Execute_With_Destination_HotStandby_Success" storage="d:\actions-runner\_work\xpco\xpco\corporate\videoos.server.unittests\bin\x64\debug\net472\videoos.server.unittests.dll" id="a60b7324-d5b9-a346-ac68-057908745031">
      <Execution id="c2211e24-b8b4-44f4-aa72-0061664c6c52" />
      <TestMethod codeBase="D:\actions-runner\_work\XPCO\XPCO\Corporate\VideoOS.Server.UnitTests\bin\x64\Debug\net472\VideoOS.Server.UnitTests.dll" adapterTypeName="executor://mstestadapter/v2" className="VideoOS.Server.UnitTests.CommandHandler.MoveHardwareTaskCommandHandlerTests" name="MoveHardwareTaskCommandHandler_Execute_With_Destination_HotStandby_Success" />
    </UnitTest>
    <UnitTest name="MultiSite_ChannelBased_SameNotWhitelistedHardwareOn2Recorders_MoreChannelsThanLicenses" storage="d:\actions-runner\_work\xpco\xpco\corporate\videoos.server.unittests\bin\x64\debug\net472\videoos.server.unittests.dll" id="9c5e3218-4d81-f666-5eac-f51ae9556518">
      <TestCategory>
        <TestCategoryItem TestCategory="Licensing" />
      </TestCategory>
      <Execution id="dab0e5c1-ecd1-4e88-a10e-acdbe685d39e" />
      <TestMethod codeBase="D:\actions-runner\_work\XPCO\XPCO\Corporate\VideoOS.Server.UnitTests\bin\x64\Debug\net472\VideoOS.Server.UnitTests.dll" adapterTypeName="executor://mstestadapter/v2" className="VideoOS.Server.UnitTests.Licensing.LicenseAllocatorChannelTests" name="MultiSite_ChannelBased_SameNotWhitelistedHardwareOn2Recorders_MoreChannelsThanLicenses" />
    </UnitTest>
    <UnitTest name="EventCollector_ShouldEventBeFired_Accept_UserDefined" storage="d:\actions-runner\_work\xpco\xpco\corporate\videoos.server.unittests\bin\x64\debug\net472\videoos.server.unittests.dll" id="1ebd1dbb-071d-708f-e374-58e308fd7a7d">
      <Execution id="6997a9fe-5b67-48b3-bb0f-703478b1ef60" />
      <TestMethod codeBase="D:\actions-runner\_work\XPCO\XPCO\Corporate\VideoOS.Server.UnitTests\bin\x64\Debug\net472\VideoOS.Server.UnitTests.dll" adapterTypeName="executor://mstestadapter/v2" className="VideoOS.Server.UnitTests.UpdateConfigurationManagerCommandHandlerTests" name="EventCollector_ShouldEventBeFired_Accept_UserDefined" />
    </UnitTest>
    <UnitTest name="EvidenceLockOnOldRecorderCommandHandlerTests_OldRecV2_ConfigAdd3Rows" storage="d:\actions-runner\_work\xpco\xpco\corporate\videoos.server.unittests\bin\x64\debug\net472\videoos.server.unittests.dll" id="9187d552-54a8-22d6-02b9-12c17e41508e">
      <Execution id="6fad3052-d8d0-47d3-abb8-a60fae366ca7" />
      <TestMethod codeBase="D:\actions-runner\_work\XPCO\XPCO\Corporate\VideoOS.Server.UnitTests\bin\x64\Debug\net472\VideoOS.Server.UnitTests.dll" adapterTypeName="executor://mstestadapter/v2" className="VideoOS.Server.UnitTests.CommandHandler.EvidenceLockOnOldRecorderCommandHandlerTests" name="EvidenceLockOnOldRecorderCommandHandlerTests_OldRecV2_ConfigAdd3Rows" />
    </UnitTest>
    <UnitTest name="RecorderLicense_ConfirmCount_AfterRemoveExistingLicense_Success" storage="d:\actions-runner\_work\xpco\xpco\corporate\videoos.server.unittests\bin\x64\debug\net472\videoos.server.unittests.dll" id="c6bc8554-7927-00e2-a7fa-0b3a3c2b4aa2">
      <Execution id="97f7798f-59ef-45a1-8ed4-8a3bfd19df84" />
      <TestMethod codeBase="D:\actions-runner\_work\XPCO\XPCO\Corporate\VideoOS.Server.UnitTests\bin\x64\Debug\net472\VideoOS.Server.UnitTests.dll" adapterTypeName="executor://mstestadapter/v2" className="VideoOS.Server.UnitTests.Licensing.LicenseSnapshotTests" name="RecorderLicense_ConfirmCount_AfterRemoveExistingLicense_Success" />
    </UnitTest>
    <UnitTest name="ConfigurationDataSetLoader_GetHostingServersByIds_Success" storage="d:\actions-runner\_work\xpco\xpco\corporate\videoos.server.unittests\bin\x64\debug\net472\videoos.server.unittests.dll" id="19b8fb75-bad4-0c47-ee29-f0116aae5991">
      <Execution id="838450f5-ed2a-41e3-81c5-c0467a1b32b4" />
      <TestMethod codeBase="D:\actions-runner\_work\XPCO\XPCO\Corporate\VideoOS.Server.UnitTests\bin\x64\Debug\net472\VideoOS.Server.UnitTests.dll" adapterTypeName="executor://mstestadapter/v2" className="VideoOS.Server.UnitTests.Configuration.ConfigurationDataSetLoaderTests" name="ConfigurationDataSetLoader_GetHostingServersByIds_Success" />
    </UnitTest>
    <UnitTest name="AddUnlicensedDevice_AddSecondDeviceWithSameUniqueIdentifier_ReturnsFalse" storage="d:\actions-runner\_work\xpco\xpco\corporate\videoos.server.unittests\bin\x64\debug\net472\videoos.server.unittests.dll" id="d75d964c-e6ab-8f77-a1f1-72465d94a22d">
      <Execution id="0f097b9c-fe5e-4908-9fe5-fb6cecb20aef" />
      <TestMethod codeBase="D:\actions-runner\_work\XPCO\XPCO\Corporate\VideoOS.Server.UnitTests\bin\x64\Debug\net472\VideoOS.Server.UnitTests.dll" adapterTypeName="executor://mstestadapter/v2" className="VideoOS.Server.UnitTests.Licensing.LicenseSnapshotTests" name="AddUnlicensedDevice_AddSecondDeviceWithSameUniqueIdentifier_ReturnsFalse" />
    </UnitTest>
    <UnitTest name="Find_NonICPHardware_ThatIsInGrace_ExpectedToFindOnehardwareWithGraceDevice" storage="d:\actions-runner\_work\xpco\xpco\corporate\videoos.server.unittests\bin\x64\debug\net472\videoos.server.unittests.dll" id="59bd9a29-336e-e552-a7b2-47cceba0708d">
      <Execution id="11cd57f6-5094-4f01-bd67-32ae37de1efc" />
      <TestMethod codeBase="D:\actions-runner\_work\XPCO\XPCO\Corporate\VideoOS.Server.UnitTests\bin\x64\Debug\net472\VideoOS.Server.UnitTests.dll" adapterTypeName="executor://mstestadapter/v2" className="VideoOS.Server.UnitTests.Licensing.LicenseSnapshotTests" name="Find_NonICPHardware_ThatIsInGrace_ExpectedToFindOnehardwareWithGraceDevice" />
    </UnitTest>
    <UnitTest name="UpdateEvidenceLockSizesCommandHandlerTests_UpdateOneEvidenceLockSize_AllRecordersReturnedWithNegativeSizes_SuccessResponse" storage="d:\actions-runner\_work\xpco\xpco\corporate\videoos.server.unittests\bin\x64\debug\net472\videoos.server.unittests.dll" id="cc8b7bde-b458-22a8-a947-beb6b6a1704f">
      <Execution id="f2cb6944-f9f1-4610-9593-1edf727145e3" />
      <TestMethod codeBase="D:\actions-runner\_work\XPCO\XPCO\Corporate\VideoOS.Server.UnitTests\bin\x64\Debug\net472\VideoOS.Server.UnitTests.dll" adapterTypeName="executor://mstestadapter/v2" className="VideoOS.Server.UnitTests.CommandHandler.UpdateEvidenceLockSizesCommandHandlerTests" name="UpdateEvidenceLockSizesCommandHandlerTests_UpdateOneEvidenceLockSize_AllRecordersReturnedWithNegativeSizes_SuccessResponse" />
    </UnitTest>
    <UnitTest name="HardwareScanTaskCommandHandler_Execute_DriverNotFound_FailResponse" storage="d:\actions-runner\_work\xpco\xpco\corporate\videoos.server.unittests\bin\x64\debug\net472\videoos.server.unittests.dll" id="526076b5-dd75-24fe-3950-9404e88ea72f">
      <Execution id="7a8ebe2c-7154-439b-a239-b81f45d5536f" />
      <TestMethod codeBase="D:\actions-runner\_work\XPCO\XPCO\Corporate\VideoOS.Server.UnitTests\bin\x64\Debug\net472\VideoOS.Server.UnitTests.dll" adapterTypeName="executor://mstestadapter/v2" className="VideoOS.Server.UnitTests.CommandHandler.HardwareScanTaskCommandHandlerTest" name="HardwareScanTaskCommandHandler_Execute_DriverNotFound_FailResponse" />
    </UnitTest>
    <UnitTest name="LicenseCountManager_ReplacementHardware_IgnoresSecondAdd_OnSameMac" storage="d:\actions-runner\_work\xpco\xpco\corporate\videoos.server.unittests\bin\x64\debug\net472\videoos.server.unittests.dll" id="737a5b44-9dc1-6629-8af9-d1f1394cdf6c">
      <Execution id="0abd6230-5ebb-4ba0-a1a1-10eeafdb9623" />
      <TestMethod codeBase="D:\actions-runner\_work\XPCO\XPCO\Corporate\VideoOS.Server.UnitTests\bin\x64\Debug\net472\VideoOS.Server.UnitTests.dll" adapterTypeName="executor://mstestadapter/v2" className="VideoOS.Server.UnitTests.Licensing.LicenseCountManagerUnitTests" name="LicenseCountManager_ReplacementHardware_IgnoresSecondAdd_OnSameMac" />
    </UnitTest>
    <UnitTest name="LicenseCountManager_ValidateRelatedRecordingServerLicenses_NullLicenseManager_ThrowsArgumentNullException" storage="d:\actions-runner\_work\xpco\xpco\corporate\videoos.server.unittests\bin\x64\debug\net472\videoos.server.unittests.dll" id="86eaf42e-c871-8ba8-6148-f8452ed3f9cf">
      <TestCategory>
        <TestCategoryItem TestCategory="Licensing" />
      </TestCategory>
      <Execution id="b5bf9721-f76b-42bc-bc1f-cbd66d97c747" />
      <TestMethod codeBase="D:\actions-runner\_work\XPCO\XPCO\Corporate\VideoOS.Server.UnitTests\bin\x64\Debug\net472\VideoOS.Server.UnitTests.dll" adapterTypeName="executor://mstestadapter/v2" className="VideoOS.Server.UnitTests.Licensing.LicenseCountManagerUnitTests" name="LicenseCountManager_ValidateRelatedRecordingServerLicenses_NullLicenseManager_ThrowsArgumentNullException" />
    </UnitTest>
    <UnitTest name="CheckConfigurationDataSetTest_Licensed" storage="d:\actions-runner\_work\xpco\xpco\corporate\videoos.server.unittests\bin\x64\debug\net472\videoos.server.unittests.dll" id="04890844-c662-62b1-20da-07273c12eec5">
      <Execution id="521e334e-9a21-4401-8e57-11b8db67ff41" />
      <TestMethod codeBase="D:\actions-runner\_work\XPCO\XPCO\Corporate\VideoOS.Server.UnitTests\bin\x64\Debug\net472\VideoOS.Server.UnitTests.dll" adapterTypeName="executor://mstestadapter/v2" className="VideoOS.Server.UnitTests.Licensing.LicenseFeatureCheckerTest" name="CheckConfigurationDataSetTest_Licensed" />
    </UnitTest>
    <UnitTest name="AnalyzeAndCreateAuditLogs_AddedSecurityPermissionsDeviceRowWithDefaultTimeProfile_ReturnsTwoAuditLogs" storage="d:\actions-runner\_work\xpco\xpco\corporate\videoos.server.unittests\bin\x64\debug\net472\videoos.server.unittests.dll" id="416f82d2-cf13-eaaa-dd89-821c19c09d99">
      <Execution id="f6902733-53d1-45f5-bb4e-00c6abb4bccb" />
      <TestMethod codeBase="D:\actions-runner\_work\XPCO\XPCO\Corporate\VideoOS.Server.UnitTests\bin\x64\Debug\net472\VideoOS.Server.UnitTests.dll" adapterTypeName="executor://mstestadapter/v2" className="VideoOS.Server.UnitTests.CommandHandler.DataSetAuditLogAnalyzerTests" name="AnalyzeAndCreateAuditLogs_AddedSecurityPermissionsDeviceRowWithDefaultTimeProfile_ReturnsTwoAuditLogs" />
    </UnitTest>
    <UnitTest name="DeleteConfigurationItemCommandHandler_Execute_DeleteRecorder_With_EvidenceLockedData_WithAccept_Success" storage="d:\actions-runner\_work\xpco\xpco\corporate\videoos.server.unittests\bin\x64\debug\net472\videoos.server.unittests.dll" id="ba9bbd2d-f93e-3b6a-e55e-22dc493457da">
      <Execution id="5ce2f9f3-ff65-40ea-ab13-795e2115a0c4" />
      <TestMethod codeBase="D:\actions-runner\_work\XPCO\XPCO\Corporate\VideoOS.Server.UnitTests\bin\x64\Debug\net472\VideoOS.Server.UnitTests.dll" adapterTypeName="executor://mstestadapter/v2" className="VideoOS.Server.UnitTests.CommandHandler.DeleteConfigurationItemCommandHandlerUnitTests" name="DeleteConfigurationItemCommandHandler_Execute_DeleteRecorder_With_EvidenceLockedData_WithAccept_Success" />
    </UnitTest>
    <UnitTest name="CheckMsFailoverStatusCommandHandler_Execute_InvokeEventTrue_ValidResponseTwo_ShouldTrigger" storage="d:\actions-runner\_work\xpco\xpco\corporate\videoos.server.unittests\bin\x64\debug\net472\videoos.server.unittests.dll" id="417171e9-2711-c309-cb3b-4719bde221b9">
      <Execution id="80dfbed2-5266-4fda-a6f7-7eb2ab92fe52" />
      <TestMethod codeBase="D:\actions-runner\_work\XPCO\XPCO\Corporate\VideoOS.Server.UnitTests\bin\x64\Debug\net472\VideoOS.Server.UnitTests.dll" adapterTypeName="executor://mstestadapter/v2" className="VideoOS.Server.UnitTests.CommandHandler.CheckMsFailoverStatusCommandHandlerUnitTest" name="CheckMsFailoverStatusCommandHandler_Execute_InvokeEventTrue_ValidResponseTwo_ShouldTrigger" />
    </UnitTest>
    <UnitTest name="ConvertIdpLog_NullIdpLog" storage="d:\actions-runner\_work\xpco\xpco\corporate\videoos.server.unittests\bin\x64\debug\net472\videoos.server.unittests.dll" id="0da18c28-aaa0-210f-7a92-a77f7b0f5efa">
      <Execution id="b3e618ca-5c44-4c72-a3c8-bd507e2ceab4" />
      <TestMethod codeBase="D:\actions-runner\_work\XPCO\XPCO\Corporate\VideoOS.Server.UnitTests\bin\x64\Debug\net472\VideoOS.Server.UnitTests.dll" adapterTypeName="executor://mstestadapter/v2" className="VideoOS.Server.UnitTests.Log.IdpLogConverterTest" name="ConvertIdpLog_NullIdpLog" />
    </UnitTest>
    <UnitTest name="HardwareInCWANotOnWhiteList_ReplacedWithNoInheritance_HardwareNotOnWhiteList_NoMoreCWAAllowed_MoreChannelsOnReplacedHardware_NewDevicesInGrace" storage="d:\actions-runner\_work\xpco\xpco\corporate\videoos.server.unittests\bin\x64\debug\net472\videoos.server.unittests.dll" id="486ac0ee-b49e-25d1-6f5a-003a269c400a">
      <TestCategory>
        <TestCategoryItem TestCategory="Licensing Replace Hardware" />
        <TestCategoryItem TestCategory="Licensing" />
      </TestCategory>
      <Execution id="ab7bb725-8fc0-4c82-8876-de6e5aae3191" />
      <TestMethod codeBase="D:\actions-runner\_work\XPCO\XPCO\Corporate\VideoOS.Server.UnitTests\bin\x64\Debug\net472\VideoOS.Server.UnitTests.dll" adapterTypeName="executor://mstestadapter/v2" className="VideoOS.Server.UnitTests.Licensing.LicenseAllocatorChannelTests" name="HardwareInCWANotOnWhiteList_ReplacedWithNoInheritance_HardwareNotOnWhiteList_NoMoreCWAAllowed_MoreChannelsOnReplacedHardware_NewDevicesInGrace" />
    </UnitTest>
    <UnitTest name="LicenseCountManager_IsHardwareWithoutEnabledCamerasLicensed_ReturnsFalse_WhenAddLicensedHardwareNotCalledFirst" storage="d:\actions-runner\_work\xpco\xpco\corporate\videoos.server.unittests\bin\x64\debug\net472\videoos.server.unittests.dll" id="3e28fa62-1907-2d83-45a9-ed0d624cb343">
      <TestCategory>
        <TestCategoryItem TestCategory="Licensing" />
      </TestCategory>
      <Execution id="9551c9c2-18f6-4534-9fcf-0af989dae0c0" />
      <TestMethod codeBase="D:\actions-runner\_work\XPCO\XPCO\Corporate\VideoOS.Server.UnitTests\bin\x64\Debug\net472\VideoOS.Server.UnitTests.dll" adapterTypeName="executor://mstestadapter/v2" className="VideoOS.Server.UnitTests.Licensing.LicenseCountManagerUnitTests" name="LicenseCountManager_IsHardwareWithoutEnabledCamerasLicensed_ReturnsFalse_WhenAddLicensedHardwareNotCalledFirst" />
    </UnitTest>
    <UnitTest name="Ctor_IdpServerNameNull_ThrowsArgumentNullException" storage="d:\actions-runner\_work\xpco\xpco\corporate\videoos.server.unittests\bin\x64\debug\net472\videoos.server.unittests.dll" id="9a2ae23d-13da-c24d-5e36-de3d633eaea3">
      <Execution id="e8107bbc-58ec-4a18-8b37-4d7648854ecd" />
      <TestMethod codeBase="D:\actions-runner\_work\XPCO\XPCO\Corporate\VideoOS.Server.UnitTests\bin\x64\Debug\net472\VideoOS.Server.UnitTests.dll" adapterTypeName="executor://mstestadapter/v2" className="VideoOS.Server.UnitTests.Log.IdpLogRetrieverTests" name="Ctor_IdpServerNameNull_ThrowsArgumentNullException" />
    </UnitTest>
    <UnitTest name="Validate_ChannelBasedLicense_DevicesInGraceExpire_AfterTimerCalled" storage="d:\actions-runner\_work\xpco\xpco\corporate\videoos.server.unittests\bin\x64\debug\net472\videoos.server.unittests.dll" id="7a89ef6d-3cdb-f757-2f3b-3898c608af6b">
      <TestCategory>
        <TestCategoryItem TestCategory="Licensing" />
      </TestCategory>
      <Execution id="573b5931-98f4-4775-837e-239932b0c7c2" />
      <TestMethod codeBase="D:\actions-runner\_work\XPCO\XPCO\Corporate\VideoOS.Server.UnitTests\bin\x64\Debug\net472\VideoOS.Server.UnitTests.dll" adapterTypeName="executor://mstestadapter/v2" className="VideoOS.Server.UnitTests.Licensing.LicenseManagerUnitTests" name="Validate_ChannelBasedLicense_DevicesInGraceExpire_AfterTimerCalled" />
    </UnitTest>
    <UnitTest name="HardwareScanExpressTaskCommandHandler_Execute_RegisterSession_FailResponse" storage="d:\actions-runner\_work\xpco\xpco\corporate\videoos.server.unittests\bin\x64\debug\net472\videoos.server.unittests.dll" id="5f45f17d-a145-db08-0bf7-7fe0763a6e6a">
      <Execution id="3e57328d-7328-46dd-ac47-ec60774ef957" />
      <TestMethod codeBase="D:\actions-runner\_work\XPCO\XPCO\Corporate\VideoOS.Server.UnitTests\bin\x64\Debug\net472\VideoOS.Server.UnitTests.dll" adapterTypeName="executor://mstestadapter/v2" className="VideoOS.Server.UnitTests.CommandHandler.HardwareScanExpressTaskCommandHandlerTest" name="HardwareScanExpressTaskCommandHandler_Execute_RegisterSession_FailResponse" />
    </UnitTest>
    <UnitTest name="HardwareInGraceNotOnWhiteList_ReplacedWithNoInheritance_HardwareNotOnWhiteList_MoreDevicesOnNewHardware_ShouldGiveDevicesNewGracePeriod" storage="d:\actions-runner\_work\xpco\xpco\corporate\videoos.server.unittests\bin\x64\debug\net472\videoos.server.unittests.dll" id="00b7e535-c328-df0b-5946-95df074f4df6">
      <TestCategory>
        <TestCategoryItem TestCategory="Licensing Replace Hardware" />
        <TestCategoryItem TestCategory="Licensing" />
      </TestCategory>
      <Execution id="a3b7f787-e592-445d-9e2b-d958c6c500a6" />
      <TestMethod codeBase="D:\actions-runner\_work\XPCO\XPCO\Corporate\VideoOS.Server.UnitTests\bin\x64\Debug\net472\VideoOS.Server.UnitTests.dll" adapterTypeName="executor://mstestadapter/v2" className="VideoOS.Server.UnitTests.Licensing.LicenseAllocatorChannelTests" name="HardwareInGraceNotOnWhiteList_ReplacedWithNoInheritance_HardwareNotOnWhiteList_MoreDevicesOnNewHardware_ShouldGiveDevicesNewGracePeriod" />
    </UnitTest>
    <UnitTest name="ChangeHardwarePasswordRuleAction_Execute_SunnyDay_DisposeIsCalled" storage="d:\actions-runner\_work\xpco\xpco\corporate\videoos.server.unittests\bin\x64\debug\net472\videoos.server.unittests.dll" id="669eb9d8-e093-cf6e-6fa3-2bfc9b5957f4">
      <Execution id="8b3f7923-c234-4d12-bdb0-0b6eae314a11" />
      <TestMethod codeBase="D:\actions-runner\_work\XPCO\XPCO\Corporate\VideoOS.Server.UnitTests\bin\x64\Debug\net472\VideoOS.Server.UnitTests.dll" adapterTypeName="executor://mstestadapter/v2" className="VideoOS.Server.UnitTests.RuleActions.ChangeHardwarePasswordRuleActionUnitTests" name="ChangeHardwarePasswordRuleAction_Execute_SunnyDay_DisposeIsCalled" />
    </UnitTest>
    <UnitTest name="DeleteConfigurationItemCommandHandler_Execute_DeleteRecorder_With_EvidenceLockedData_NoAccept_Fails" storage="d:\actions-runner\_work\xpco\xpco\corporate\videoos.server.unittests\bin\x64\debug\net472\videoos.server.unittests.dll" id="a1d0e34d-1af7-9065-c4d5-10e996a20ed2">
      <Execution id="f96e1424-f99b-4ec1-b115-3b02ff78b5eb" />
      <TestMethod codeBase="D:\actions-runner\_work\XPCO\XPCO\Corporate\VideoOS.Server.UnitTests\bin\x64\Debug\net472\VideoOS.Server.UnitTests.dll" adapterTypeName="executor://mstestadapter/v2" className="VideoOS.Server.UnitTests.CommandHandler.DeleteConfigurationItemCommandHandlerUnitTests" name="DeleteConfigurationItemCommandHandler_Execute_DeleteRecorder_With_EvidenceLockedData_NoAccept_Fails" />
    </UnitTest>
    <UnitTest name="UpdateHardwareTaskCommandHandler_Apply_Exception_Tests" storage="d:\actions-runner\_work\xpco\xpco\corporate\videoos.server.unittests\bin\x64\debug\net472\videoos.server.unittests.dll" id="12c1febd-365e-e38e-337b-29b6941fe508">
      <Execution id="873f8006-7b25-4d46-b115-9a51ae1cb5bc" />
      <TestMethod codeBase="D:\actions-runner\_work\XPCO\XPCO\Corporate\VideoOS.Server.UnitTests\bin\x64\Debug\net472\VideoOS.Server.UnitTests.dll" adapterTypeName="executor://mstestadapter/v2" className="VideoOS.Server.UnitTests.CommandHandler.UpdateHardwareTaskHandlerTests" name="UpdateHardwareTaskCommandHandler_Apply_Exception_Tests" />
    </UnitTest>
    <UnitTest name="ChangeHardwarePasswordTaskCommandHandler_Execute_Failed_FailedUserAccessDenied_Response" storage="d:\actions-runner\_work\xpco\xpco\corporate\videoos.server.unittests\bin\x64\debug\net472\videoos.server.unittests.dll" id="82f4fe24-8b32-b63f-4cc0-6c9b60c68c5a">
      <Execution id="f7de0e9a-b245-4a5d-aef1-20351f8c0eea" />
      <TestMethod codeBase="D:\actions-runner\_work\XPCO\XPCO\Corporate\VideoOS.Server.UnitTests\bin\x64\Debug\net472\VideoOS.Server.UnitTests.dll" adapterTypeName="executor://mstestadapter/v2" className="VideoOS.Server.UnitTests.CommandHandler.ChangeHardwarePasswordTaskCommandHandlerTests" name="ChangeHardwarePasswordTaskCommandHandler_Execute_Failed_FailedUserAccessDenied_Response" />
    </UnitTest>
    <UnitTest name="ActivateArchivingCommand_ModelIsNull_BadRequestResult" storage="d:\actions-runner\_work\xpco\xpco\corporate\videoos.server.unittests\bin\x64\debug\net472\videoos.server.unittests.dll" id="9597e03f-fc9f-2f7d-d32b-34373140ac59">
      <Execution id="810f6dfe-e469-4d11-b477-e9d1d0f0ddbf" />
      <TestMethod codeBase="D:\actions-runner\_work\XPCO\XPCO\Corporate\VideoOS.Server.UnitTests\bin\x64\Debug\net472\VideoOS.Server.UnitTests.dll" adapterTypeName="executor://mstestadapter/v2" className="VideoOS.Server.UnitTests.DatabaseCommandsControllerTests" name="ActivateArchivingCommand_ModelIsNull_BadRequestResult" />
    </UnitTest>
    <UnitTest name="HardwareScanTaskCommandHandler_Execute_NoResponseFromRecordingServer_FailResponse" storage="d:\actions-runner\_work\xpco\xpco\corporate\videoos.server.unittests\bin\x64\debug\net472\videoos.server.unittests.dll" id="e04390f1-66a3-87f3-cb01-0eaa5bc9db71">
      <Execution id="df888927-e512-46d4-b7bd-56693f44bca8" />
      <TestMethod codeBase="D:\actions-runner\_work\XPCO\XPCO\Corporate\VideoOS.Server.UnitTests\bin\x64\Debug\net472\VideoOS.Server.UnitTests.dll" adapterTypeName="executor://mstestadapter/v2" className="VideoOS.Server.UnitTests.CommandHandler.HardwareScanTaskCommandHandlerTest" name="HardwareScanTaskCommandHandler_Execute_NoResponseFromRecordingServer_FailResponse" />
    </UnitTest>
    <UnitTest name="LicenseCountManager_ReplacementHardware_ClearByRecorder_DoesNotChangeReplacementLimit_OnMultipleRecorders" storage="d:\actions-runner\_work\xpco\xpco\corporate\videoos.server.unittests\bin\x64\debug\net472\videoos.server.unittests.dll" id="a2a89d92-b10c-ab05-ed49-b2582095664e">
      <TestCategory>
        <TestCategoryItem TestCategory="Licensing" />
      </TestCategory>
      <Execution id="b20fe685-4f35-4d45-ad14-100ef0077d83" />
      <TestMethod codeBase="D:\actions-runner\_work\XPCO\XPCO\Corporate\VideoOS.Server.UnitTests\bin\x64\Debug\net472\VideoOS.Server.UnitTests.dll" adapterTypeName="executor://mstestadapter/v2" className="VideoOS.Server.UnitTests.Licensing.LicenseCountManagerUnitTests" name="LicenseCountManager_ReplacementHardware_ClearByRecorder_DoesNotChangeReplacementLimit_OnMultipleRecorders" />
    </UnitTest>
    <UnitTest name="Activation_ChangesIsActivationQueued_ToFalse" storage="d:\actions-runner\_work\xpco\xpco\corporate\videoos.server.unittests\bin\x64\debug\net472\videoos.server.unittests.dll" id="7bb5987c-b561-d879-6bfa-fddf21ff03a7">
      <TestCategory>
        <TestCategoryItem TestCategory="Licensing" />
      </TestCategory>
      <Execution id="12a3b6a8-adb1-471e-9722-c3e38cf5c135" />
      <TestMethod codeBase="D:\actions-runner\_work\XPCO\XPCO\Corporate\VideoOS.Server.UnitTests\bin\x64\Debug\net472\VideoOS.Server.UnitTests.dll" adapterTypeName="executor://mstestadapter/v2" className="VideoOS.Server.UnitTests.Licensing.ActivationManagerTests" name="Activation_ChangesIsActivationQueued_ToFalse" />
    </UnitTest>
    <UnitTest name="ExecuteMipActionCommand_ModelIsValid_CommandExecuted" storage="d:\actions-runner\_work\xpco\xpco\corporate\videoos.server.unittests\bin\x64\debug\net472\videoos.server.unittests.dll" id="217b1fa7-008a-fc4f-9a69-14892f8feed9">
      <Execution id="4df1ec90-b677-45f7-be30-a98a357c58e9" />
      <TestMethod codeBase="D:\actions-runner\_work\XPCO\XPCO\Corporate\VideoOS.Server.UnitTests\bin\x64\Debug\net472\VideoOS.Server.UnitTests.dll" adapterTypeName="executor://mstestadapter/v2" className="VideoOS.Server.UnitTests.RuleCommandsControllerTests" name="ExecuteMipActionCommand_ModelIsValid_CommandExecuted" />
    </UnitTest>
    <UnitTest name="DatabaseResponseTrackIdsWithoutMediaOnRecorder_ModelIsValid_CommandExecuted" storage="d:\actions-runner\_work\xpco\xpco\corporate\videoos.server.unittests\bin\x64\debug\net472\videoos.server.unittests.dll" id="0d80d064-ff69-d296-eb8e-f7eabb4fd864">
      <Execution id="cfe89e87-6acf-47e1-9409-8bdb17f3cd59" />
      <TestMethod codeBase="D:\actions-runner\_work\XPCO\XPCO\Corporate\VideoOS.Server.UnitTests\bin\x64\Debug\net472\VideoOS.Server.UnitTests.dll" adapterTypeName="executor://mstestadapter/v2" className="VideoOS.Server.UnitTests.WebApi.ResponseControllerTest" name="DatabaseResponseTrackIdsWithoutMediaOnRecorder_ModelIsValid_CommandExecuted" />
    </UnitTest>
    <UnitTest name="Constructor_Success_ValidObjectReturned" storage="d:\actions-runner\_work\xpco\xpco\corporate\videoos.server.unittests\bin\x64\debug\net472\videoos.server.unittests.dll" id="e6819f7e-688a-dd3a-7801-c815e8037398">
      <Execution id="6f4f8b1b-65e5-457f-a642-6310aea69550" />
      <TestMethod codeBase="D:\actions-runner\_work\XPCO\XPCO\Corporate\VideoOS.Server.UnitTests\bin\x64\Debug\net472\VideoOS.Server.UnitTests.dll" adapterTypeName="executor://mstestadapter/v2" className="VideoOS.Server.UnitTests.ServerUnhandledExceptionLoggerTests" name="Constructor_Success_ValidObjectReturned" />
    </UnitTest>
    <UnitTest name="ServerFileSystemResponseQueryDirectories_ModelIsNull_BadRequestResult" storage="d:\actions-runner\_work\xpco\xpco\corporate\videoos.server.unittests\bin\x64\debug\net472\videoos.server.unittests.dll" id="45bb0d6d-499f-a93f-8a03-2a3c7204cd4f">
      <Execution id="aff23c83-f7c2-4e0c-8394-fbc074f77d14" />
      <TestMethod codeBase="D:\actions-runner\_work\XPCO\XPCO\Corporate\VideoOS.Server.UnitTests\bin\x64\Debug\net472\VideoOS.Server.UnitTests.dll" adapterTypeName="executor://mstestadapter/v2" className="VideoOS.Server.UnitTests.WebApi.ResponseControllerTest" name="ServerFileSystemResponseQueryDirectories_ModelIsNull_BadRequestResult" />
    </UnitTest>
    <UnitTest name="AllocateLicenses_NotActivated_OneUnlicensed_HardwareInCWA_AddHWLicenseAndEnableCamera_HardwareRemovedFromCWA_CameraActivated" storage="d:\actions-runner\_work\xpco\xpco\corporate\videoos.server.unittests\bin\x64\debug\net472\videoos.server.unittests.dll" id="1af254ce-5d7e-e686-d6b9-65a4a61f2849">
      <TestCategory>
        <TestCategoryItem TestCategory="Licensing" />
      </TestCategory>
      <Execution id="080ade21-1f8b-4d96-947d-777d4819dabf" />
      <TestMethod codeBase="D:\actions-runner\_work\XPCO\XPCO\Corporate\VideoOS.Server.UnitTests\bin\x64\Debug\net472\VideoOS.Server.UnitTests.dll" adapterTypeName="executor://mstestadapter/v2" className="VideoOS.Server.UnitTests.Licensing.LicenseAllocatorChannelTests" name="AllocateLicenses_NotActivated_OneUnlicensed_HardwareInCWA_AddHWLicenseAndEnableCamera_HardwareRemovedFromCWA_CameraActivated" />
    </UnitTest>
    <UnitTest name="HardwareScanExpressTaskCommandHandler_Execute_StartSession_FailResponse" storage="d:\actions-runner\_work\xpco\xpco\corporate\videoos.server.unittests\bin\x64\debug\net472\videoos.server.unittests.dll" id="615ee9ab-a96f-1e5f-b905-3b12dfe9f323">
      <Execution id="3346d89b-634c-45a5-984f-a7551ab762a4" />
      <TestMethod codeBase="D:\actions-runner\_work\XPCO\XPCO\Corporate\VideoOS.Server.UnitTests\bin\x64\Debug\net472\VideoOS.Server.UnitTests.dll" adapterTypeName="executor://mstestadapter/v2" className="VideoOS.Server.UnitTests.CommandHandler.HardwareScanExpressTaskCommandHandlerTest" name="HardwareScanExpressTaskCommandHandler_Execute_StartSession_FailResponse" />
    </UnitTest>
    <UnitTest name="HardwareScanProgressResponse_ModelIsValid_CommandExecuted" storage="d:\actions-runner\_work\xpco\xpco\corporate\videoos.server.unittests\bin\x64\debug\net472\videoos.server.unittests.dll" id="c26036cb-f9a2-ec0b-8640-2471e542dc8b">
      <Execution id="b7aa7113-e702-43db-9a81-1ba3cda18488" />
      <TestMethod codeBase="D:\actions-runner\_work\XPCO\XPCO\Corporate\VideoOS.Server.UnitTests\bin\x64\Debug\net472\VideoOS.Server.UnitTests.dll" adapterTypeName="executor://mstestadapter/v2" className="VideoOS.Server.UnitTests.WebApi.ResponseControllerTest" name="HardwareScanProgressResponse_ModelIsValid_CommandExecuted" />
    </UnitTest>
    <UnitTest name="AnalyzeAndCreateAuditLogs_DeletedSecurityPermissionsDeviceRowWithDEVICESPEAKPRIORITYAtrribute_ReturnsTwoAuditLog" storage="d:\actions-runner\_work\xpco\xpco\corporate\videoos.server.unittests\bin\x64\debug\net472\videoos.server.unittests.dll" id="a2dd638d-ac8f-1d49-b418-22de49227a51">
      <Execution id="575377eb-2b29-4701-90af-dbf3d23aedd4" />
      <TestMethod codeBase="D:\actions-runner\_work\XPCO\XPCO\Corporate\VideoOS.Server.UnitTests\bin\x64\Debug\net472\VideoOS.Server.UnitTests.dll" adapterTypeName="executor://mstestadapter/v2" className="VideoOS.Server.UnitTests.CommandHandler.DataSetAuditLogAnalyzerTests" name="AnalyzeAndCreateAuditLogs_DeletedSecurityPermissionsDeviceRowWithDEVICESPEAKPRIORITYAtrribute_ReturnsTwoAuditLog" />
    </UnitTest>
    <UnitTest name="GetRecorderLicense_DoesNotTriggerEvent_OnUsedChangesHigherThanTotalAndNoActiveDevicesInChanges" storage="d:\actions-runner\_work\xpco\xpco\corporate\videoos.server.unittests\bin\x64\debug\net472\videoos.server.unittests.dll" id="28a59acb-a40d-e01f-1c2f-42f95eecb124">
      <TestCategory>
        <TestCategoryItem TestCategory="Licensing" />
      </TestCategory>
      <Execution id="23d98cb7-6c2f-4cdf-a561-c6403d4aecdf" />
      <TestMethod codeBase="D:\actions-runner\_work\XPCO\XPCO\Corporate\VideoOS.Server.UnitTests\bin\x64\Debug\net472\VideoOS.Server.UnitTests.dll" adapterTypeName="executor://mstestadapter/v2" className="VideoOS.Server.UnitTests.Licensing.LicenseManagerUnitTests" name="GetRecorderLicense_DoesNotTriggerEvent_OnUsedChangesHigherThanTotalAndNoActiveDevicesInChanges" />
    </UnitTest>
    <UnitTest name="RegisterRecorder_NotCompatible_ReturnsOKCompatible" storage="d:\actions-runner\_work\xpco\xpco\corporate\videoos.server.unittests\bin\x64\debug\net472\videoos.server.unittests.dll" id="b93ee5ca-fd7e-91c3-bf76-e44e5c17689d">
      <Execution id="850d4a8f-935d-4dbb-a061-bb663b8d0585" />
      <TestMethod codeBase="D:\actions-runner\_work\XPCO\XPCO\Corporate\VideoOS.Server.UnitTests\bin\x64\Debug\net472\VideoOS.Server.UnitTests.dll" adapterTypeName="executor://mstestadapter/v2" className="VideoOS.Server.UnitTests.WebApi.Controllers.RecorderRegistrationControllerTests" name="RegisterRecorder_NotCompatible_ReturnsOKCompatible" />
    </UnitTest>
    <UnitTest name="HardwareLicense_SetExpire_InvalidDate_MinDate_Throws_ArgumentOutOfRangeException" storage="d:\actions-runner\_work\xpco\xpco\corporate\videoos.server.unittests\bin\x64\debug\net472\videoos.server.unittests.dll" id="70f2deb9-f62f-0893-d2d1-536539fb9391">
      <Execution id="92bb959b-33fd-4d95-b38a-24968b2f1b7a" />
      <TestMethod codeBase="D:\actions-runner\_work\XPCO\XPCO\Corporate\VideoOS.Server.UnitTests\bin\x64\Debug\net472\VideoOS.Server.UnitTests.dll" adapterTypeName="executor://mstestadapter/v2" className="VideoOS.Server.UnitTests.Licensing.LicenseSnapshotTests" name="HardwareLicense_SetExpire_InvalidDate_MinDate_Throws_ArgumentOutOfRangeException" />
    </UnitTest>
    <UnitTest name="HardwareInCWANotOnWhiteList_ReplacedWithNoInheritance_HardwareOnWhiteList_NoMoreCWAAllowed_FewerChannelsOnReplacedHardware_NewHardwareInGrace" storage="d:\actions-runner\_work\xpco\xpco\corporate\videoos.server.unittests\bin\x64\debug\net472\videoos.server.unittests.dll" id="02d535fa-c801-f739-3717-908b26ee8d04">
      <TestCategory>
        <TestCategoryItem TestCategory="Licensing Replace Hardware" />
        <TestCategoryItem TestCategory="Licensing" />
      </TestCategory>
      <Execution id="f272201c-def3-4985-a3f2-03a62b54d008" />
      <TestMethod codeBase="D:\actions-runner\_work\XPCO\XPCO\Corporate\VideoOS.Server.UnitTests\bin\x64\Debug\net472\VideoOS.Server.UnitTests.dll" adapterTypeName="executor://mstestadapter/v2" className="VideoOS.Server.UnitTests.Licensing.LicenseAllocatorChannelTests" name="HardwareInCWANotOnWhiteList_ReplacedWithNoInheritance_HardwareOnWhiteList_NoMoreCWAAllowed_FewerChannelsOnReplacedHardware_NewHardwareInGrace" />
    </UnitTest>
    <UnitTest name="FirmwareUpgradeTaskCommandHandler_Execute_EmptyFileName" storage="d:\actions-runner\_work\xpco\xpco\corporate\videoos.server.unittests\bin\x64\debug\net472\videoos.server.unittests.dll" id="9b8b1420-42ae-9021-a8f7-f452b3b17b9a">
      <Execution id="640beb14-c7bf-4a30-9629-913a3593774d" />
      <TestMethod codeBase="D:\actions-runner\_work\XPCO\XPCO\Corporate\VideoOS.Server.UnitTests\bin\x64\Debug\net472\VideoOS.Server.UnitTests.dll" adapterTypeName="executor://mstestadapter/v2" className="VideoOS.Server.UnitTests.CommandHandler.FirmwareUpgradeTaskCommandHandlerTests" name="FirmwareUpgradeTaskCommandHandler_Execute_EmptyFileName" />
    </UnitTest>
    <UnitTest name="TemporaryLicense_ClearChangesWithoutActivationToken_ChangesTokenToStringEmpty" storage="d:\actions-runner\_work\xpco\xpco\corporate\videoos.server.unittests\bin\x64\debug\net472\videoos.server.unittests.dll" id="5fd43d2e-13ec-8138-2d62-a11e5561f83e">
      <TestCategory>
        <TestCategoryItem TestCategory="Licensing" />
      </TestCategory>
      <Execution id="49003c88-d496-47c8-b87d-9d332ff1dd97" />
      <TestMethod codeBase="D:\actions-runner\_work\XPCO\XPCO\Corporate\VideoOS.Server.UnitTests\bin\x64\Debug\net472\VideoOS.Server.UnitTests.dll" adapterTypeName="executor://mstestadapter/v2" className="VideoOS.Server.UnitTests.Licensing.HardwareLicensesUnitTests" name="TemporaryLicense_ClearChangesWithoutActivationToken_ChangesTokenToStringEmpty" />
    </UnitTest>
    <UnitTest name="TemporaryLicenseStorage_RoundTrip_Licenses_Success" storage="d:\actions-runner\_work\xpco\xpco\corporate\videoos.server.unittests\bin\x64\debug\net472\videoos.server.unittests.dll" id="094d33c7-f572-769c-7f62-073e28ba3516">
      <Execution id="7db28cef-5ce7-4d35-b15e-af62d80f223b" />
      <TestMethod codeBase="D:\actions-runner\_work\XPCO\XPCO\Corporate\VideoOS.Server.UnitTests\bin\x64\Debug\net472\VideoOS.Server.UnitTests.dll" adapterTypeName="executor://mstestadapter/v2" className="VideoOS.Server.UnitTests.Licensing.TemporaryLicenseStorageUnitTests" name="TemporaryLicenseStorage_RoundTrip_Licenses_Success" />
    </UnitTest>
    <UnitTest name="CheckMsFailoverStatusCommandHandler_Execute_InvokeEventTrue_EmptyResponse_ShouldNotTrigger" storage="d:\actions-runner\_work\xpco\xpco\corporate\videoos.server.unittests\bin\x64\debug\net472\videoos.server.unittests.dll" id="62ba3a2c-2fe4-e764-147b-6b26914cb920">
      <Execution id="568307dd-5b2f-45c3-9acb-651b24a8beb8" />
      <TestMethod codeBase="D:\actions-runner\_work\XPCO\XPCO\Corporate\VideoOS.Server.UnitTests\bin\x64\Debug\net472\VideoOS.Server.UnitTests.dll" adapterTypeName="executor://mstestadapter/v2" className="VideoOS.Server.UnitTests.CommandHandler.CheckMsFailoverStatusCommandHandlerUnitTest" name="CheckMsFailoverStatusCommandHandler_Execute_InvokeEventTrue_EmptyResponse_ShouldNotTrigger" />
    </UnitTest>
    <UnitTest name="SessionData_ConstructAndQuery_Success" storage="d:\actions-runner\_work\xpco\xpco\corporate\videoos.server.unittests\bin\x64\debug\net472\videoos.server.unittests.dll" id="e84cc3a7-ac93-d355-2915-e2198089769f">
      <Execution id="c3a01810-8f19-4cb5-ae26-3ff308dba3fa" />
      <TestMethod codeBase="D:\actions-runner\_work\XPCO\XPCO\Corporate\VideoOS.Server.UnitTests\bin\x64\Debug\net472\VideoOS.Server.UnitTests.dll" adapterTypeName="executor://mstestadapter/v2" className="VideoOS.Server.UnitTests.Tasks.SessionDataManagerTests" name="SessionData_ConstructAndQuery_Success" />
    </UnitTest>
    <UnitTest name="ExecuteMipAction2Command_ModelIsValid_CommandExecuted" storage="d:\actions-runner\_work\xpco\xpco\corporate\videoos.server.unittests\bin\x64\debug\net472\videoos.server.unittests.dll" id="13d6c6ea-6f28-258a-8efb-eced0787e5fb">
      <Execution id="a6140314-7e55-4d70-9333-41c32f930b9f" />
      <TestMethod codeBase="D:\actions-runner\_work\XPCO\XPCO\Corporate\VideoOS.Server.UnitTests\bin\x64\Debug\net472\VideoOS.Server.UnitTests.dll" adapterTypeName="executor://mstestadapter/v2" className="VideoOS.Server.UnitTests.RuleCommandsControllerTests" name="ExecuteMipAction2Command_ModelIsValid_CommandExecuted" />
    </UnitTest>
    <UnitTest name="GetConnectedClient_FreeClientHasNotBeenDisconnected_ConnectNotCalled" storage="d:\actions-runner\_work\xpco\xpco\corporate\videoos.server.unittests\bin\x64\debug\net472\videoos.server.unittests.dll" id="2761c5e2-07fb-530a-a35b-12571a853d1a">
      <Execution id="ea13fb55-28af-49ba-bbb5-ab8555d52304" />
      <TestMethod codeBase="D:\actions-runner\_work\XPCO\XPCO\Corporate\VideoOS.Server.UnitTests\bin\x64\Debug\net472\VideoOS.Server.UnitTests.dll" adapterTypeName="executor://mstestadapter/v2" className="VideoOS.Server.UnitTests.CommandHandler.VmoClientsPoolTests" name="GetConnectedClient_FreeClientHasNotBeenDisconnected_ConnectNotCalled" />
    </UnitTest>
    <UnitTest name="UpdateRecorderStatusData_ModelIsNull_BadRequestResult" storage="d:\actions-runner\_work\xpco\xpco\corporate\videoos.server.unittests\bin\x64\debug\net472\videoos.server.unittests.dll" id="48bc2a39-14e4-f040-7b07-52ed2d46c7ad">
      <Execution id="5de5fd76-2bb3-4db8-bfc4-abce64a07142" />
      <TestMethod codeBase="D:\actions-runner\_work\XPCO\XPCO\Corporate\VideoOS.Server.UnitTests\bin\x64\Debug\net472\VideoOS.Server.UnitTests.dll" adapterTypeName="executor://mstestadapter/v2" className="VideoOS.Server.UnitTests.RecorderControllerTest" name="UpdateRecorderStatusData_ModelIsNull_BadRequestResult" />
    </UnitTest>
    <UnitTest name="AllocateLicenses_Activated_OneLicensed_Hardware_WithEnableCamera_CameraDisabled_HardwareBecomesLicensed" storage="d:\actions-runner\_work\xpco\xpco\corporate\videoos.server.unittests\bin\x64\debug\net472\videoos.server.unittests.dll" id="50cf72d1-0ec6-a518-7cbd-a42b970da334">
      <TestCategory>
        <TestCategoryItem TestCategory="Licensing" />
      </TestCategory>
      <Execution id="45baecc4-6532-4311-b00b-5522333923e9" />
      <TestMethod codeBase="D:\actions-runner\_work\XPCO\XPCO\Corporate\VideoOS.Server.UnitTests\bin\x64\Debug\net472\VideoOS.Server.UnitTests.dll" adapterTypeName="executor://mstestadapter/v2" className="VideoOS.Server.UnitTests.Licensing.LicenseAllocatorChannelTests" name="AllocateLicenses_Activated_OneLicensed_Hardware_WithEnableCamera_CameraDisabled_HardwareBecomesLicensed" />
    </UnitTest>
    <UnitTest name="AddHardwareToRequest_AddsInterconnectedHardwareToList" storage="d:\actions-runner\_work\xpco\xpco\corporate\videoos.server.unittests\bin\x64\debug\net472\videoos.server.unittests.dll" id="df5c3845-a233-27f8-e47f-7255071d02b8">
      <TestCategory>
        <TestCategoryItem TestCategory="Licensing" />
      </TestCategory>
      <Execution id="f207e489-e978-4459-af89-ef280fcd17b4" />
      <TestMethod codeBase="D:\actions-runner\_work\XPCO\XPCO\Corporate\VideoOS.Server.UnitTests\bin\x64\Debug\net472\VideoOS.Server.UnitTests.dll" adapterTypeName="executor://mstestadapter/v2" className="VideoOS.Server.UnitTests.Licensing.LicenseRequestChannelTests" name="AddHardwareToRequest_AddsInterconnectedHardwareToList" />
    </UnitTest>
    <UnitTest name="LastAutomaticActivationErrorMessage_Null_OnSuccessfulActivation" storage="d:\actions-runner\_work\xpco\xpco\corporate\videoos.server.unittests\bin\x64\debug\net472\videoos.server.unittests.dll" id="43ecbd95-9eb9-368b-396d-9191fd04475f">
      <TestCategory>
        <TestCategoryItem TestCategory="Licensing" />
      </TestCategory>
      <Execution id="fec5f523-8c11-4922-870f-acc4381fb618" />
      <TestMethod codeBase="D:\actions-runner\_work\XPCO\XPCO\Corporate\VideoOS.Server.UnitTests\bin\x64\Debug\net472\VideoOS.Server.UnitTests.dll" adapterTypeName="executor://mstestadapter/v2" className="VideoOS.Server.UnitTests.Licensing.ActivationManagerTests" name="LastAutomaticActivationErrorMessage_Null_OnSuccessfulActivation" />
    </UnitTest>
    <UnitTest name="ConvertIdpLog_UserLoginSuccess" storage="d:\actions-runner\_work\xpco\xpco\corporate\videoos.server.unittests\bin\x64\debug\net472\videoos.server.unittests.dll" id="554a0891-381d-7938-ff7a-6be0e7d52934">
      <Execution id="4bf7c36b-e556-453a-9a3d-64655ddadc11" />
      <TestMethod codeBase="D:\actions-runner\_work\XPCO\XPCO\Corporate\VideoOS.Server.UnitTests\bin\x64\Debug\net472\VideoOS.Server.UnitTests.dll" adapterTypeName="executor://mstestadapter/v2" className="VideoOS.Server.UnitTests.Log.IdpLogConverterTest" name="ConvertIdpLog_UserLoginSuccess" />
    </UnitTest>
    <UnitTest name="HardwareInCWANotOnWhiteList_ReplacedWithNoInheritance_HardwareNotOnWhiteList_CWAAllowed_MoreChannelsOnReplacedHardware_AllDevicesInCWA" storage="d:\actions-runner\_work\xpco\xpco\corporate\videoos.server.unittests\bin\x64\debug\net472\videoos.server.unittests.dll" id="881423ae-c0a0-be52-9b9c-f112789c6fd1">
      <TestCategory>
        <TestCategoryItem TestCategory="Licensing Replace Hardware" />
        <TestCategoryItem TestCategory="Licensing" />
      </TestCategory>
      <Execution id="a45da51a-0cef-4e97-b035-d148aaa7d2bf" />
      <TestMethod codeBase="D:\actions-runner\_work\XPCO\XPCO\Corporate\VideoOS.Server.UnitTests\bin\x64\Debug\net472\VideoOS.Server.UnitTests.dll" adapterTypeName="executor://mstestadapter/v2" className="VideoOS.Server.UnitTests.Licensing.LicenseAllocatorChannelTests" name="HardwareInCWANotOnWhiteList_ReplacedWithNoInheritance_HardwareNotOnWhiteList_CWAAllowed_MoreChannelsOnReplacedHardware_AllDevicesInCWA" />
    </UnitTest>
    <UnitTest name="Validate_ClearChangesWithoutActivation_RemovesAllHardwareAndDevices" storage="d:\actions-runner\_work\xpco\xpco\corporate\videoos.server.unittests\bin\x64\debug\net472\videoos.server.unittests.dll" id="530f69b5-a447-ca60-be02-7dd53dd950cc">
      <TestCategory>
        <TestCategoryItem TestCategory="Licensing" />
      </TestCategory>
      <Execution id="1469c4ab-efc8-41ea-88da-7873b87cd249" />
      <TestMethod codeBase="D:\actions-runner\_work\XPCO\XPCO\Corporate\VideoOS.Server.UnitTests\bin\x64\Debug\net472\VideoOS.Server.UnitTests.dll" adapterTypeName="executor://mstestadapter/v2" className="VideoOS.Server.UnitTests.Licensing.LicenseCountManagerUnitTests" name="Validate_ClearChangesWithoutActivation_RemovesAllHardwareAndDevices" />
    </UnitTest>
    <UnitTest name="IsHardwareInCurrentYearChangesWithoutActivation_ReturnsFalse_OnHardwareWithoutChangesToken" storage="d:\actions-runner\_work\xpco\xpco\corporate\videoos.server.unittests\bin\x64\debug\net472\videoos.server.unittests.dll" id="ab5f95ca-376c-29c8-043b-8977d381b570">
      <TestCategory>
        <TestCategoryItem TestCategory="Licensing" />
      </TestCategory>
      <Execution id="30e5c4a1-d10d-468f-8c00-1bfcd5a047f6" />
      <TestMethod codeBase="D:\actions-runner\_work\XPCO\XPCO\Corporate\VideoOS.Server.UnitTests\bin\x64\Debug\net472\VideoOS.Server.UnitTests.dll" adapterTypeName="executor://mstestadapter/v2" className="VideoOS.Server.UnitTests.Licensing.LicenseManagerUnitTests" name="IsHardwareInCurrentYearChangesWithoutActivation_ReturnsFalse_OnHardwareWithoutChangesToken" />
    </UnitTest>
    <UnitTest name="ReplaceHardwareTaskCommandHandler_Construction_Null_Tests" storage="d:\actions-runner\_work\xpco\xpco\corporate\videoos.server.unittests\bin\x64\debug\net472\videoos.server.unittests.dll" id="598d5d0f-e711-eeeb-ae86-9f1a3129bef6">
      <Execution id="69ba515e-9050-461c-ba3a-8f2a99a0d1ea" />
      <TestMethod codeBase="D:\actions-runner\_work\XPCO\XPCO\Corporate\VideoOS.Server.UnitTests\bin\x64\Debug\net472\VideoOS.Server.UnitTests.dll" adapterTypeName="executor://mstestadapter/v2" className="VideoOS.Server.UnitTests.CommandHandler.ReplaceHardwareTaskCommandHandlerUnitTests" name="ReplaceHardwareTaskCommandHandler_Construction_Null_Tests" />
    </UnitTest>
    <UnitTest name="LicenseInfoXmlWriter_CreateLicenseInformationXml_HasStateMissing_OnHasLicenseFalse" storage="d:\actions-runner\_work\xpco\xpco\corporate\videoos.server.unittests\bin\x64\debug\net472\videoos.server.unittests.dll" id="ce3c136b-6594-eb63-9e80-abbbccea4d6e">
      <TestCategory>
        <TestCategoryItem TestCategory="Licensing" />
      </TestCategory>
      <Execution id="26ae9929-9df2-4f73-9d2f-fcc154429b56" />
      <TestMethod codeBase="D:\actions-runner\_work\XPCO\XPCO\Corporate\VideoOS.Server.UnitTests\bin\x64\Debug\net472\VideoOS.Server.UnitTests.dll" adapterTypeName="executor://mstestadapter/v2" className="VideoOS.Server.UnitTests.Licensing.LicenseInfoXmlWriterTests" name="LicenseInfoXmlWriter_CreateLicenseInformationXml_HasStateMissing_OnHasLicenseFalse" />
    </UnitTest>
    <UnitTest name="HardwareActivatedOnWhiteList_ReplacedWithNoInheritance_HardwareOnWhiteList_MixedCWAAllowed_NewHardwareInCWA" storage="d:\actions-runner\_work\xpco\xpco\corporate\videoos.server.unittests\bin\x64\debug\net472\videoos.server.unittests.dll" id="d40c2ded-95ac-6860-f5b0-8e549fe1d8ae">
      <TestCategory>
        <TestCategoryItem TestCategory="Licensing Replace Hardware" />
        <TestCategoryItem TestCategory="Licensing" />
      </TestCategory>
      <Execution id="6f215b4e-66a7-49eb-a366-fd27b3b1756d" />
      <TestMethod codeBase="D:\actions-runner\_work\XPCO\XPCO\Corporate\VideoOS.Server.UnitTests\bin\x64\Debug\net472\VideoOS.Server.UnitTests.dll" adapterTypeName="executor://mstestadapter/v2" className="VideoOS.Server.UnitTests.Licensing.LicenseAllocatorChannelTests" name="HardwareActivatedOnWhiteList_ReplacedWithNoInheritance_HardwareOnWhiteList_MixedCWAAllowed_NewHardwareInCWA" />
    </UnitTest>
    <UnitTest name="AllocateLicenses_NotActivated_ThreeInGrace_OnThreeHardwaresZeroCameraChannelsAndThreeAvailableLicenses" storage="d:\actions-runner\_work\xpco\xpco\corporate\videoos.server.unittests\bin\x64\debug\net472\videoos.server.unittests.dll" id="c93b3e42-de25-38a6-5d2b-084c952be414">
      <TestCategory>
        <TestCategoryItem TestCategory="Licensing" />
      </TestCategory>
      <Execution id="41ec22f2-23b5-4784-aa13-d746e8f23c70" />
      <TestMethod codeBase="D:\actions-runner\_work\XPCO\XPCO\Corporate\VideoOS.Server.UnitTests\bin\x64\Debug\net472\VideoOS.Server.UnitTests.dll" adapterTypeName="executor://mstestadapter/v2" className="VideoOS.Server.UnitTests.Licensing.LicenseAllocatorChannelTests" name="AllocateLicenses_NotActivated_ThreeInGrace_OnThreeHardwaresZeroCameraChannelsAndThreeAvailableLicenses" />
    </UnitTest>
    <UnitTest name="HasLicense_Pass_EmptyWhiteList" storage="d:\actions-runner\_work\xpco\xpco\corporate\videoos.server.unittests\bin\x64\debug\net472\videoos.server.unittests.dll" id="2ae6dd25-fc9a-7ad5-e225-557cf3c9e780">
      <TestCategory>
        <TestCategoryItem TestCategory="Licensing" />
      </TestCategory>
      <Execution id="7d6fef0a-83c8-4cbb-a023-04a6c1edbcf3" />
      <TestMethod codeBase="D:\actions-runner\_work\XPCO\XPCO\Corporate\VideoOS.Server.UnitTests\bin\x64\Debug\net472\VideoOS.Server.UnitTests.dll" adapterTypeName="executor://mstestadapter/v2" className="VideoOS.Server.UnitTests.Licensing.LicenseRequestChannelTests" name="HasLicense_Pass_EmptyWhiteList" />
    </UnitTest>
    <UnitTest name="EventCollector_ReceiveEvent_Success" storage="d:\actions-runner\_work\xpco\xpco\corporate\videoos.server.unittests\bin\x64\debug\net472\videoos.server.unittests.dll" id="4477da8e-cf72-81c8-9a47-12c695107382">
      <Execution id="8311433c-c072-4795-aaed-c1b4e0d58b34" />
      <TestMethod codeBase="D:\actions-runner\_work\XPCO\XPCO\Corporate\VideoOS.Server.UnitTests\bin\x64\Debug\net472\VideoOS.Server.UnitTests.dll" adapterTypeName="executor://mstestadapter/v2" className="VideoOS.Server.UnitTests.UpdateConfigurationManagerCommandHandlerTests" name="EventCollector_ReceiveEvent_Success" />
    </UnitTest>
    <UnitTest name="TaskHandling_ProcessUpdateDiffgram_HostingServer" storage="d:\actions-runner\_work\xpco\xpco\corporate\videoos.server.unittests\bin\x64\debug\net472\videoos.server.unittests.dll" id="b25228d8-5583-8b5c-5dfc-4e2f438ced94">
      <Execution id="8d071c14-dbcd-4912-ae1d-f4aa0e253c18" />
      <TestMethod codeBase="D:\actions-runner\_work\XPCO\XPCO\Corporate\VideoOS.Server.UnitTests\bin\x64\Debug\net472\VideoOS.Server.UnitTests.dll" adapterTypeName="executor://mstestadapter/v2" className="VideoOS.Server.UnitTests.Tasks.TaskHandlingUnitTests" name="TaskHandling_ProcessUpdateDiffgram_HostingServer" />
    </UnitTest>
    <UnitTest name="UploadFileChunkCommandHandler_Execute_Failed_InvalidChecksum" storage="d:\actions-runner\_work\xpco\xpco\corporate\videoos.server.unittests\bin\x64\debug\net472\videoos.server.unittests.dll" id="dc91f0fb-b6fd-71a4-1714-2638b5248a24">
      <Execution id="c2bb2c94-8ddb-4732-a5de-2a3161f98374" />
      <TestMethod codeBase="D:\actions-runner\_work\XPCO\XPCO\Corporate\VideoOS.Server.UnitTests\bin\x64\Debug\net472\VideoOS.Server.UnitTests.dll" adapterTypeName="executor://mstestadapter/v2" className="VideoOS.Server.UnitTests.CommandHandler.UploadFileChunkCommandHandlerUnitTests" name="UploadFileChunkCommandHandler_Execute_Failed_InvalidChecksum" />
    </UnitTest>
    <UnitTest name="LicenseCountManager_GetRelatedRecordingServers_InvalidMac_Null_Throws_ArgumentNullException" storage="d:\actions-runner\_work\xpco\xpco\corporate\videoos.server.unittests\bin\x64\debug\net472\videoos.server.unittests.dll" id="1b93defe-26ac-fe8a-6ccd-4d70d705374c">
      <TestCategory>
        <TestCategoryItem TestCategory="Licensing" />
      </TestCategory>
      <Execution id="c8a9dc1e-af17-4c6a-bcf0-23c2a2fac268" />
      <TestMethod codeBase="D:\actions-runner\_work\XPCO\XPCO\Corporate\VideoOS.Server.UnitTests\bin\x64\Debug\net472\VideoOS.Server.UnitTests.dll" adapterTypeName="executor://mstestadapter/v2" className="VideoOS.Server.UnitTests.Licensing.LicenseCountManagerUnitTests" name="LicenseCountManager_GetRelatedRecordingServers_InvalidMac_Null_Throws_ArgumentNullException" />
    </UnitTest>
    <UnitTest name="PrepareMoveHardwareResponse_ModelIsNull_BadRequestResult" storage="d:\actions-runner\_work\xpco\xpco\corporate\videoos.server.unittests\bin\x64\debug\net472\videoos.server.unittests.dll" id="5396c2c8-6074-1211-7d0e-1298ff50c59b">
      <Execution id="013a9b52-20e1-4868-89fa-e6f040ffe5d4" />
      <TestMethod codeBase="D:\actions-runner\_work\XPCO\XPCO\Corporate\VideoOS.Server.UnitTests\bin\x64\Debug\net472\VideoOS.Server.UnitTests.dll" adapterTypeName="executor://mstestadapter/v2" className="VideoOS.Server.UnitTests.WebApi.ResponseControllerTest" name="PrepareMoveHardwareResponse_ModelIsNull_BadRequestResult" />
    </UnitTest>
    <UnitTest name="CheckConfigurationDataSetTest_FailoverNotLicensedSuccess" storage="d:\actions-runner\_work\xpco\xpco\corporate\videoos.server.unittests\bin\x64\debug\net472\videoos.server.unittests.dll" id="6b24da30-96ab-03d3-8fc1-4449fc2a544f">
      <Execution id="3fb7d88d-0205-4740-80b5-dde3dd202bc9" />
      <TestMethod codeBase="D:\actions-runner\_work\XPCO\XPCO\Corporate\VideoOS.Server.UnitTests\bin\x64\Debug\net472\VideoOS.Server.UnitTests.dll" adapterTypeName="executor://mstestadapter/v2" className="VideoOS.Server.UnitTests.Licensing.LicenseFeatureCheckerTest" name="CheckConfigurationDataSetTest_FailoverNotLicensedSuccess" />
    </UnitTest>
    <UnitTest name="FirmwareUpgradeTaskCommandHandler_Execute_Failed_NoResponse" storage="d:\actions-runner\_work\xpco\xpco\corporate\videoos.server.unittests\bin\x64\debug\net472\videoos.server.unittests.dll" id="9965772e-c48b-1cb5-0c7b-4b16bf997c70">
      <Execution id="70b3da3b-5c5d-4627-bc42-b3a129649658" />
      <TestMethod codeBase="D:\actions-runner\_work\XPCO\XPCO\Corporate\VideoOS.Server.UnitTests\bin\x64\Debug\net472\VideoOS.Server.UnitTests.dll" adapterTypeName="executor://mstestadapter/v2" className="VideoOS.Server.UnitTests.CommandHandler.FirmwareUpgradeTaskCommandHandlerTests" name="FirmwareUpgradeTaskCommandHandler_Execute_Failed_NoResponse" />
    </UnitTest>
    <UnitTest name="Validate_ChannelBasedLicense_DevicesInGraceExpire_AfterTimerCalled_HardwareNotInWhiteList" storage="d:\actions-runner\_work\xpco\xpco\corporate\videoos.server.unittests\bin\x64\debug\net472\videoos.server.unittests.dll" id="0d6becca-218f-16e5-ffd9-bb1f5b0e54e6">
      <TestCategory>
        <TestCategoryItem TestCategory="Licensing" />
      </TestCategory>
      <Execution id="a38da2ed-def7-4436-90af-3a69ef56c97a" />
      <TestMethod codeBase="D:\actions-runner\_work\XPCO\XPCO\Corporate\VideoOS.Server.UnitTests\bin\x64\Debug\net472\VideoOS.Server.UnitTests.dll" adapterTypeName="executor://mstestadapter/v2" className="VideoOS.Server.UnitTests.Licensing.LicenseManagerUnitTests" name="Validate_ChannelBasedLicense_DevicesInGraceExpire_AfterTimerCalled_HardwareNotInWhiteList" />
    </UnitTest>
    <UnitTest name="Ctor_LogConfigNull_ThrowsArgumentNullException" storage="d:\actions-runner\_work\xpco\xpco\corporate\videoos.server.unittests\bin\x64\debug\net472\videoos.server.unittests.dll" id="120423aa-ffa7-c6d1-0ff1-5c8f308a41d1">
      <Execution id="e0c9f1b7-5f39-4134-a24e-2d9b8d854594" />
      <TestMethod codeBase="D:\actions-runner\_work\XPCO\XPCO\Corporate\VideoOS.Server.UnitTests\bin\x64\Debug\net472\VideoOS.Server.UnitTests.dll" adapterTypeName="executor://mstestadapter/v2" className="VideoOS.Server.UnitTests.Log.IdpLogRetrieverTests" name="Ctor_LogConfigNull_ThrowsArgumentNullException" />
    </UnitTest>
    <UnitTest name="EvidenceLockOnOldRecorderCommandHandlerTests_OneOldREcorderToUse_NoStatus_ThenCompatible" storage="d:\actions-runner\_work\xpco\xpco\corporate\videoos.server.unittests\bin\x64\debug\net472\videoos.server.unittests.dll" id="a7312598-847d-3aff-2f55-c0f0b9dfa2c9">
      <Execution id="9d749d1a-efda-4f2a-8b15-0c9067cb15ef" />
      <TestMethod codeBase="D:\actions-runner\_work\XPCO\XPCO\Corporate\VideoOS.Server.UnitTests\bin\x64\Debug\net472\VideoOS.Server.UnitTests.dll" adapterTypeName="executor://mstestadapter/v2" className="VideoOS.Server.UnitTests.CommandHandler.EvidenceLockOnOldRecorderCommandHandlerTests" name="EvidenceLockOnOldRecorderCommandHandlerTests_OneOldREcorderToUse_NoStatus_ThenCompatible" />
    </UnitTest>
    <UnitTest name="DeviceLicense_AddExistingId_ReplacesCurrentLicense_Instance" storage="d:\actions-runner\_work\xpco\xpco\corporate\videoos.server.unittests\bin\x64\debug\net472\videoos.server.unittests.dll" id="e3e51c5e-50dd-c6dc-bee4-23a4c897a7b9">
      <Execution id="ddbef9ee-8300-42df-a333-9fd9bac40194" />
      <TestMethod codeBase="D:\actions-runner\_work\XPCO\XPCO\Corporate\VideoOS.Server.UnitTests\bin\x64\Debug\net472\VideoOS.Server.UnitTests.dll" adapterTypeName="executor://mstestadapter/v2" className="VideoOS.Server.UnitTests.Licensing.LicenseSnapshotTests" name="DeviceLicense_AddExistingId_ReplacesCurrentLicense_Instance" />
    </UnitTest>
    <UnitTest name="AttachedRecorder_GetRecorderStatus_NoService" storage="d:\actions-runner\_work\xpco\xpco\corporate\videoos.server.unittests\bin\x64\debug\net472\videoos.server.unittests.dll" id="6a5d7fe9-99be-4636-5691-66b73138c33f">
      <Execution id="7c5154ba-2eb1-4d87-8eba-c1d2bf462d8b" />
      <TestMethod codeBase="D:\actions-runner\_work\XPCO\XPCO\Corporate\VideoOS.Server.UnitTests\bin\x64\Debug\net472\VideoOS.Server.UnitTests.dll" adapterTypeName="executor://mstestadapter/v2" className="VideoOS.Server.UnitTests.AttachedRecorderTests" name="AttachedRecorder_GetRecorderStatus_NoService" />
    </UnitTest>
    <UnitTest name="LicenseInformation_Constructor_LicenseReportInformation_IsNotNullAndHasDefaultValues" storage="d:\actions-runner\_work\xpco\xpco\corporate\videoos.server.unittests\bin\x64\debug\net472\videoos.server.unittests.dll" id="cb50d134-9feb-13cd-8243-4ac58d041243">
      <Execution id="68be0f86-4abd-40cd-9bc7-c68fd4ed2ab9" />
      <TestMethod codeBase="D:\actions-runner\_work\XPCO\XPCO\Corporate\VideoOS.Server.UnitTests\bin\x64\Debug\net472\VideoOS.Server.UnitTests.dll" adapterTypeName="executor://mstestadapter/v2" className="VideoOS.Server.UnitTests.Licensing.LicenseInformationUnitTests" name="LicenseInformation_Constructor_LicenseReportInformation_IsNotNullAndHasDefaultValues" />
    </UnitTest>
    <UnitTest name="ServerAccessTokenHandler_PopulateAuthorizationHeaderAsync_AccessTokenException" storage="d:\actions-runner\_work\xpco\xpco\corporate\videoos.server.unittests\bin\x64\debug\net472\videoos.server.unittests.dll" id="27f1dfbf-1cb2-9ae9-b9a5-0af97b7e0f55">
      <Execution id="2bee9d65-da0f-4606-ad89-fd958d5f43ed" />
      <TestMethod codeBase="D:\actions-runner\_work\XPCO\XPCO\Corporate\VideoOS.Server.UnitTests\bin\x64\Debug\net472\VideoOS.Server.UnitTests.dll" adapterTypeName="executor://mstestadapter/v2" className="VideoOS.Server.UnitTests.RecorderCommunication.ServerAccessTokenHandlerTests" name="ServerAccessTokenHandler_PopulateAuthorizationHeaderAsync_AccessTokenException" />
    </UnitTest>
    <UnitTest name="LicenseInfoXmlWriter_CreateLicenseInformationXml_SetsSLC_OnNotEmptySLC" storage="d:\actions-runner\_work\xpco\xpco\corporate\videoos.server.unittests\bin\x64\debug\net472\videoos.server.unittests.dll" id="d5ed32e4-7897-5103-27de-7002ba878098">
      <TestCategory>
        <TestCategoryItem TestCategory="Licensing" />
      </TestCategory>
      <Execution id="c085cd21-fb58-4341-843c-d9407722e710" />
      <TestMethod codeBase="D:\actions-runner\_work\XPCO\XPCO\Corporate\VideoOS.Server.UnitTests\bin\x64\Debug\net472\VideoOS.Server.UnitTests.dll" adapterTypeName="executor://mstestadapter/v2" className="VideoOS.Server.UnitTests.Licensing.LicenseInfoXmlWriterTests" name="LicenseInfoXmlWriter_CreateLicenseInformationXml_SetsSLC_OnNotEmptySLC" />
    </UnitTest>
    <UnitTest name="UpdateHardwareTaskCommandHandler_Execute_Updated_Tests" storage="d:\actions-runner\_work\xpco\xpco\corporate\videoos.server.unittests\bin\x64\debug\net472\videoos.server.unittests.dll" id="6d995983-4316-087a-3734-5dd9411b2f2b">
      <Execution id="f72181b3-4677-4079-b2bb-1d0f169217f9" />
      <TestMethod codeBase="D:\actions-runner\_work\XPCO\XPCO\Corporate\VideoOS.Server.UnitTests\bin\x64\Debug\net472\VideoOS.Server.UnitTests.dll" adapterTypeName="executor://mstestadapter/v2" className="VideoOS.Server.UnitTests.CommandHandler.UpdateHardwareTaskHandlerTests" name="UpdateHardwareTaskCommandHandler_Execute_Updated_Tests" />
    </UnitTest>
    <UnitTest name="GetConnectedClient_FreeClientHasBeenDisconnected_ConnectCalled" storage="d:\actions-runner\_work\xpco\xpco\corporate\videoos.server.unittests\bin\x64\debug\net472\videoos.server.unittests.dll" id="0d22ba9f-9f62-fdbc-1b77-4d9887657d8a">
      <Execution id="1ee222a6-f3d0-4318-ba3b-f4c42b5dc4a7" />
      <TestMethod codeBase="D:\actions-runner\_work\XPCO\XPCO\Corporate\VideoOS.Server.UnitTests\bin\x64\Debug\net472\VideoOS.Server.UnitTests.dll" adapterTypeName="executor://mstestadapter/v2" className="VideoOS.Server.UnitTests.CommandHandler.VmoClientsPoolTests" name="GetConnectedClient_FreeClientHasBeenDisconnected_ConnectCalled" />
    </UnitTest>
    <UnitTest name="Validate_IsDeviceInChangesWithoutActivation_WithNullMac_ThrowsArgumentNullException" storage="d:\actions-runner\_work\xpco\xpco\corporate\videoos.server.unittests\bin\x64\debug\net472\videoos.server.unittests.dll" id="2a6f4f46-f067-6560-f6b5-5d4fd1a8413c">
      <TestCategory>
        <TestCategoryItem TestCategory="Licensing" />
      </TestCategory>
      <Execution id="7ec9d24f-61fc-4d23-9986-a1c3d9bf5b9f" />
      <TestMethod codeBase="D:\actions-runner\_work\XPCO\XPCO\Corporate\VideoOS.Server.UnitTests\bin\x64\Debug\net472\VideoOS.Server.UnitTests.dll" adapterTypeName="executor://mstestadapter/v2" className="VideoOS.Server.UnitTests.Licensing.LicenseCountManagerUnitTests" name="Validate_IsDeviceInChangesWithoutActivation_WithNullMac_ThrowsArgumentNullException" />
    </UnitTest>
    <UnitTest name="Log_AllLogEntriesAreLogged_Success" storage="d:\actions-runner\_work\xpco\xpco\corporate\videoos.server.unittests\bin\x64\debug\net472\videoos.server.unittests.dll" id="3a458ffc-9469-8946-c7b7-88dcaae5602f">
      <Execution id="6593e785-e5fe-4a20-96e2-9f02cf07a589" />
      <TestMethod codeBase="D:\actions-runner\_work\XPCO\XPCO\Corporate\VideoOS.Server.UnitTests\bin\x64\Debug\net472\VideoOS.Server.UnitTests.dll" adapterTypeName="executor://mstestadapter/v2" className="VideoOS.Server.UnitTests.RecorderControllerTest" name="Log_AllLogEntriesAreLogged_Success" />
    </UnitTest>
    <UnitTest name="MoveHardwareTaskCommandHandler_Execute_DeviceDataDistribution_Removed_For_Destination_Recorder" storage="d:\actions-runner\_work\xpco\xpco\corporate\videoos.server.unittests\bin\x64\debug\net472\videoos.server.unittests.dll" id="6ecdb656-57fa-19a7-98e7-036cb62f366b">
      <Execution id="643acb6d-8e6e-460a-8ff0-ca47f77fa2fd" />
      <TestMethod codeBase="D:\actions-runner\_work\XPCO\XPCO\Corporate\VideoOS.Server.UnitTests\bin\x64\Debug\net472\VideoOS.Server.UnitTests.dll" adapterTypeName="executor://mstestadapter/v2" className="VideoOS.Server.UnitTests.CommandHandler.MoveHardwareTaskCommandHandlerTests" name="MoveHardwareTaskCommandHandler_Execute_DeviceDataDistribution_Removed_For_Destination_Recorder" />
    </UnitTest>
    <UnitTest name="ErrorResponse_ModelIsNull_BadRequestResult" storage="d:\actions-runner\_work\xpco\xpco\corporate\videoos.server.unittests\bin\x64\debug\net472\videoos.server.unittests.dll" id="7533a4d2-a947-dfe4-df2c-e09801226f49">
      <Execution id="215b87a9-8605-4def-aac3-daab192962cd" />
      <TestMethod codeBase="D:\actions-runner\_work\XPCO\XPCO\Corporate\VideoOS.Server.UnitTests\bin\x64\Debug\net472\VideoOS.Server.UnitTests.dll" adapterTypeName="executor://mstestadapter/v2" className="VideoOS.Server.UnitTests.WebApi.ResponseControllerTest" name="ErrorResponse_ModelIsNull_BadRequestResult" />
    </UnitTest>
    <UnitTest name="AttachedRecorder_GetRecorderEntryFromUri_Success" storage="d:\actions-runner\_work\xpco\xpco\corporate\videoos.server.unittests\bin\x64\debug\net472\videoos.server.unittests.dll" id="d0a6b9a5-facf-84c8-5ec8-159e3f74ddcf">
      <Execution id="e22c77ba-f931-47ed-b7e0-f742074632b9" />
      <TestMethod codeBase="D:\actions-runner\_work\XPCO\XPCO\Corporate\VideoOS.Server.UnitTests\bin\x64\Debug\net472\VideoOS.Server.UnitTests.dll" adapterTypeName="executor://mstestadapter/v2" className="VideoOS.Server.UnitTests.AttachedRecorderTests" name="AttachedRecorder_GetRecorderEntryFromUri_Success" />
    </UnitTest>
    <UnitTest name="ConfigurationDataSetLoader_GetHardwareByHardwareIds_Success" storage="d:\actions-runner\_work\xpco\xpco\corporate\videoos.server.unittests\bin\x64\debug\net472\videoos.server.unittests.dll" id="94e0df52-34ea-7d4e-1817-b28f34f9a098">
      <Execution id="963b7a7c-769a-423c-917e-721dca80bc36" />
      <TestMethod codeBase="D:\actions-runner\_work\XPCO\XPCO\Corporate\VideoOS.Server.UnitTests\bin\x64\Debug\net472\VideoOS.Server.UnitTests.dll" adapterTypeName="executor://mstestadapter/v2" className="VideoOS.Server.UnitTests.Configuration.ConfigurationDataSetLoaderTests" name="ConfigurationDataSetLoader_GetHardwareByHardwareIds_Success" />
    </UnitTest>
    <UnitTest name="AllocateLicenses_NotActivated_ThreeUsedOneUnlicensed_OnFiveCameraChannelsThreeGraceAndThreeAvailableLicenses" storage="d:\actions-runner\_work\xpco\xpco\corporate\videoos.server.unittests\bin\x64\debug\net472\videoos.server.unittests.dll" id="9262bf29-7cc2-7d52-32d2-0249cd141759">
      <TestCategory>
        <TestCategoryItem TestCategory="Licensing" />
      </TestCategory>
      <Execution id="541dd486-b930-48d2-9858-81757b702388" />
      <TestMethod codeBase="D:\actions-runner\_work\XPCO\XPCO\Corporate\VideoOS.Server.UnitTests\bin\x64\Debug\net472\VideoOS.Server.UnitTests.dll" adapterTypeName="executor://mstestadapter/v2" className="VideoOS.Server.UnitTests.Licensing.LicenseAllocatorChannelTests" name="AllocateLicenses_NotActivated_ThreeUsedOneUnlicensed_OnFiveCameraChannelsThreeGraceAndThreeAvailableLicenses" />
    </UnitTest>
    <UnitTest name="FirmwareUpgradeTaskCommandHandler_Execute_Failed_ErrorNetwork" storage="d:\actions-runner\_work\xpco\xpco\corporate\videoos.server.unittests\bin\x64\debug\net472\videoos.server.unittests.dll" id="1393a5cb-435f-81a5-a5c2-589073bde11f">
      <Execution id="8e2b80bf-649e-40d2-89c7-ff4461a2ddee" />
      <TestMethod codeBase="D:\actions-runner\_work\XPCO\XPCO\Corporate\VideoOS.Server.UnitTests\bin\x64\Debug\net472\VideoOS.Server.UnitTests.dll" adapterTypeName="executor://mstestadapter/v2" className="VideoOS.Server.UnitTests.CommandHandler.FirmwareUpgradeTaskCommandHandlerTests" name="FirmwareUpgradeTaskCommandHandler_Execute_Failed_ErrorNetwork" />
    </UnitTest>
    <UnitTest name="EvidenceLockOnOldRecorderCommandHandlerTests_OldRec_ConfigOther" storage="d:\actions-runner\_work\xpco\xpco\corporate\videoos.server.unittests\bin\x64\debug\net472\videoos.server.unittests.dll" id="f7c16456-b7d4-66e5-3c74-5f452b4337f8">
      <Execution id="51f4c367-1e99-4cba-a747-54024411f860" />
      <TestMethod codeBase="D:\actions-runner\_work\XPCO\XPCO\Corporate\VideoOS.Server.UnitTests\bin\x64\Debug\net472\VideoOS.Server.UnitTests.dll" adapterTypeName="executor://mstestadapter/v2" className="VideoOS.Server.UnitTests.CommandHandler.EvidenceLockOnOldRecorderCommandHandlerTests" name="EvidenceLockOnOldRecorderCommandHandlerTests_OldRec_ConfigOther" />
    </UnitTest>
    <UnitTest name="AllocateLicenses_OneLicenseUsed_OnOneHardwareWithOneCameraLicensedAndFourLicenses" storage="d:\actions-runner\_work\xpco\xpco\corporate\videoos.server.unittests\bin\x64\debug\net472\videoos.server.unittests.dll" id="92b6dab7-aadd-6d84-0717-d5671700adf7">
      <TestCategory>
        <TestCategoryItem TestCategory="Licensing" />
      </TestCategory>
      <Execution id="5ddbf483-dd12-4808-a4cd-b3039a81c4cd" />
      <TestMethod codeBase="D:\actions-runner\_work\XPCO\XPCO\Corporate\VideoOS.Server.UnitTests\bin\x64\Debug\net472\VideoOS.Server.UnitTests.dll" adapterTypeName="executor://mstestadapter/v2" className="VideoOS.Server.UnitTests.Licensing.LicenseAllocatorHardwareTests" name="AllocateLicenses_OneLicenseUsed_OnOneHardwareWithOneCameraLicensedAndFourLicenses" />
    </UnitTest>
    <UnitTest name="CreateInstance_InvalidArgumentIServerManagement_ThrowsArgumentNullException" storage="d:\actions-runner\_work\xpco\xpco\corporate\videoos.server.unittests\bin\x64\debug\net472\videoos.server.unittests.dll" id="d0f0983a-faa8-8216-a397-86e0a0891d1b">
      <Execution id="3b8f3058-aec2-4302-bf5a-d6eda8c75b4b" />
      <TestMethod codeBase="D:\actions-runner\_work\XPCO\XPCO\Corporate\VideoOS.Server.UnitTests\bin\x64\Debug\net472\VideoOS.Server.UnitTests.dll" adapterTypeName="executor://mstestadapter/v2" className="VideoOS.Server.UnitTests.Licensing.LicenseManagerCacheTests" name="CreateInstance_InvalidArgumentIServerManagement_ThrowsArgumentNullException" />
    </UnitTest>
    <UnitTest name="ChannelLicenseCountManager_ReplacementHardware_CountCorrect" storage="d:\actions-runner\_work\xpco\xpco\corporate\videoos.server.unittests\bin\x64\debug\net472\videoos.server.unittests.dll" id="31b14912-e54b-c7c2-0ece-9cce3806d461">
      <TestCategory>
        <TestCategoryItem TestCategory="Licensing" />
      </TestCategory>
      <Execution id="fb3ad0bf-c6b1-4501-b32b-b2c43ba3fe99" />
      <TestMethod codeBase="D:\actions-runner\_work\XPCO\XPCO\Corporate\VideoOS.Server.UnitTests\bin\x64\Debug\net472\VideoOS.Server.UnitTests.dll" adapterTypeName="executor://mstestadapter/v2" className="VideoOS.Server.UnitTests.Licensing.LicenseCountManagerUnitTests" name="ChannelLicenseCountManager_ReplacementHardware_CountCorrect" />
    </UnitTest>
    <UnitTest name="LicenseCountManager_FindActiveHardwareInChangesWithoutActivation_ReturnsEmptyList_OnOnlyDeletedHardwareInChanges" storage="d:\actions-runner\_work\xpco\xpco\corporate\videoos.server.unittests\bin\x64\debug\net472\videoos.server.unittests.dll" id="654a6276-121a-761b-57fd-37ff2f510187">
      <TestCategory>
        <TestCategoryItem TestCategory="Licensing" />
      </TestCategory>
      <Execution id="7c361e8e-b1de-4250-9884-27c348a6dbfd" />
      <TestMethod codeBase="D:\actions-runner\_work\XPCO\XPCO\Corporate\VideoOS.Server.UnitTests\bin\x64\Debug\net472\VideoOS.Server.UnitTests.dll" adapterTypeName="executor://mstestadapter/v2" className="VideoOS.Server.UnitTests.Licensing.LicenseCountManagerUnitTests" name="LicenseCountManager_FindActiveHardwareInChangesWithoutActivation_ReturnsEmptyList_OnOnlyDeletedHardwareInChanges" />
    </UnitTest>
    <UnitTest name="TemporaryLicense_HasCurrentYearToken_SameYear" storage="d:\actions-runner\_work\xpco\xpco\corporate\videoos.server.unittests\bin\x64\debug\net472\videoos.server.unittests.dll" id="1daccd18-0ff2-b69c-6386-0a60a2919544">
      <TestCategory>
        <TestCategoryItem TestCategory="Licensing" />
      </TestCategory>
      <Execution id="4b44936e-8c38-472c-863d-70e88b0355c5" />
      <TestMethod codeBase="D:\actions-runner\_work\XPCO\XPCO\Corporate\VideoOS.Server.UnitTests\bin\x64\Debug\net472\VideoOS.Server.UnitTests.dll" adapterTypeName="executor://mstestadapter/v2" className="VideoOS.Server.UnitTests.Licensing.HardwareLicensesUnitTests" name="TemporaryLicense_HasCurrentYearToken_SameYear" />
    </UnitTest>
    <UnitTest name="Validate_Hardware_ClearChangesWithoutActivation_ThrowsArgumentNullException" storage="d:\actions-runner\_work\xpco\xpco\corporate\videoos.server.unittests\bin\x64\debug\net472\videoos.server.unittests.dll" id="d05cbd3c-bfb2-73de-adf5-cbd7c41ecb1f">
      <TestCategory>
        <TestCategoryItem TestCategory="Licensing" />
      </TestCategory>
      <Execution id="ed59f2e8-6db4-4abc-8cb1-168202d70bcc" />
      <TestMethod codeBase="D:\actions-runner\_work\XPCO\XPCO\Corporate\VideoOS.Server.UnitTests\bin\x64\Debug\net472\VideoOS.Server.UnitTests.dll" adapterTypeName="executor://mstestadapter/v2" className="VideoOS.Server.UnitTests.Licensing.LicenseCountManagerUnitTests" name="Validate_Hardware_ClearChangesWithoutActivation_ThrowsArgumentNullException" />
    </UnitTest>
    <UnitTest name="GetRecorderLicense_DoesNotAllocateFreeLicense_OnSameICPHwOnTwoRecordingServersAndMissingLicenses" storage="d:\actions-runner\_work\xpco\xpco\corporate\videoos.server.unittests\bin\x64\debug\net472\videoos.server.unittests.dll" id="3efb8632-d275-2f59-6e77-6a95bebd84ae">
      <TestCategory>
        <TestCategoryItem TestCategory="Licensing" />
      </TestCategory>
      <Execution id="72924807-fbcb-4c82-8cf7-3e724731e32a" />
      <TestMethod codeBase="D:\actions-runner\_work\XPCO\XPCO\Corporate\VideoOS.Server.UnitTests\bin\x64\Debug\net472\VideoOS.Server.UnitTests.dll" adapterTypeName="executor://mstestadapter/v2" className="VideoOS.Server.UnitTests.Licensing.LicenseManagerUnitTests" name="GetRecorderLicense_DoesNotAllocateFreeLicense_OnSameICPHwOnTwoRecordingServersAndMissingLicenses" />
    </UnitTest>
    <UnitTest name="MoveHardwareTaskCommandHandler_Execute_PrepareMoveHardware_StorageOffline_FailResponse" storage="d:\actions-runner\_work\xpco\xpco\corporate\videoos.server.unittests\bin\x64\debug\net472\videoos.server.unittests.dll" id="88cee1e3-316a-246b-d5dc-e5d127ebe5a2">
      <Execution id="9945d737-d7c0-4c76-b647-cd86232c1df1" />
      <TestMethod codeBase="D:\actions-runner\_work\XPCO\XPCO\Corporate\VideoOS.Server.UnitTests\bin\x64\Debug\net472\VideoOS.Server.UnitTests.dll" adapterTypeName="executor://mstestadapter/v2" className="VideoOS.Server.UnitTests.CommandHandler.MoveHardwareTaskCommandHandlerTests" name="MoveHardwareTaskCommandHandler_Execute_PrepareMoveHardware_StorageOffline_FailResponse" />
    </UnitTest>
    <UnitTest name="DeviceLicense_SetExpire_ExistingItem_Success" storage="d:\actions-runner\_work\xpco\xpco\corporate\videoos.server.unittests\bin\x64\debug\net472\videoos.server.unittests.dll" id="603733f6-30ea-cd8a-b333-184e6306073f">
      <Execution id="a122971b-2621-41fa-b7bb-ed319cd6d1de" />
      <TestMethod codeBase="D:\actions-runner\_work\XPCO\XPCO\Corporate\VideoOS.Server.UnitTests\bin\x64\Debug\net472\VideoOS.Server.UnitTests.dll" adapterTypeName="executor://mstestadapter/v2" className="VideoOS.Server.UnitTests.Licensing.LicenseSnapshotTests" name="DeviceLicense_SetExpire_ExistingItem_Success" />
    </UnitTest>
    <UnitTest name="ValidateParameter_InvalidTemporaryStorage_Expect_ArgumentNullException" storage="d:\actions-runner\_work\xpco\xpco\corporate\videoos.server.unittests\bin\x64\debug\net472\videoos.server.unittests.dll" id="cd7b14ce-fbc0-7d81-9aa0-e2c8ec4f6e9c">
      <TestCategory>
        <TestCategoryItem TestCategory="Licensing" />
      </TestCategory>
      <Execution id="ef73e9b8-6ef1-4985-a90a-0caa57ca8805" />
      <TestMethod codeBase="D:\actions-runner\_work\XPCO\XPCO\Corporate\VideoOS.Server.UnitTests\bin\x64\Debug\net472\VideoOS.Server.UnitTests.dll" adapterTypeName="executor://mstestadapter/v2" className="VideoOS.Server.UnitTests.Licensing.LicenseAllocatorChannelTests" name="ValidateParameter_InvalidTemporaryStorage_Expect_ArgumentNullException" />
    </UnitTest>
    <UnitTest name="TemporaryLicense_SetChangesWithoutActivationToken_DateActivatedSuperiorToNow" storage="d:\actions-runner\_work\xpco\xpco\corporate\videoos.server.unittests\bin\x64\debug\net472\videoos.server.unittests.dll" id="d3253ca6-21d1-7884-e3fe-ff7043854449">
      <TestCategory>
        <TestCategoryItem TestCategory="Licensing" />
      </TestCategory>
      <Execution id="9e86cebf-100a-4fb7-8aac-284a448668c9" />
      <TestMethod codeBase="D:\actions-runner\_work\XPCO\XPCO\Corporate\VideoOS.Server.UnitTests\bin\x64\Debug\net472\VideoOS.Server.UnitTests.dll" adapterTypeName="executor://mstestadapter/v2" className="VideoOS.Server.UnitTests.Licensing.HardwareLicensesUnitTests" name="TemporaryLicense_SetChangesWithoutActivationToken_DateActivatedSuperiorToNow" />
    </UnitTest>
    <UnitTest name="HardwareActivatedNotOnWhiteList_ReplacedWithNoInheritance_HardwareNotOnWhiteList_DifferentCameraChannelsInCWA" storage="d:\actions-runner\_work\xpco\xpco\corporate\videoos.server.unittests\bin\x64\debug\net472\videoos.server.unittests.dll" id="a796f8c8-c899-7521-39b3-459eecb51261">
      <TestCategory>
        <TestCategoryItem TestCategory="Licensing Replace Hardware" />
        <TestCategoryItem TestCategory="Licensing" />
      </TestCategory>
      <Execution id="445795ae-1259-4c2c-8aaf-bce4ff4ce48b" />
      <TestMethod codeBase="D:\actions-runner\_work\XPCO\XPCO\Corporate\VideoOS.Server.UnitTests\bin\x64\Debug\net472\VideoOS.Server.UnitTests.dll" adapterTypeName="executor://mstestadapter/v2" className="VideoOS.Server.UnitTests.Licensing.LicenseAllocatorChannelTests" name="HardwareActivatedNotOnWhiteList_ReplacedWithNoInheritance_HardwareNotOnWhiteList_DifferentCameraChannelsInCWA" />
    </UnitTest>
    <UnitTest name="TableAdapterTypeManager_GetAllTableAdapters_Success" storage="d:\actions-runner\_work\xpco\xpco\corporate\videoos.server.unittests\bin\x64\debug\net472\videoos.server.unittests.dll" id="b5fc473f-fccc-84cd-e38b-e3f923e0594e">
      <Execution id="8e7af641-dc18-4708-a27c-e1a8ef86656a" />
      <TestMethod codeBase="D:\actions-runner\_work\XPCO\XPCO\Corporate\VideoOS.Server.UnitTests\bin\x64\Debug\net472\VideoOS.Server.UnitTests.dll" adapterTypeName="executor://mstestadapter/v2" className="VideoOS.Server.UnitTests.Configuration.DataTests" name="TableAdapterTypeManager_GetAllTableAdapters_Success" />
    </UnitTest>
    <UnitTest name="EvidenceLockUpdateScheduler_2xStart_Throws" storage="d:\actions-runner\_work\xpco\xpco\corporate\videoos.server.unittests\bin\x64\debug\net472\videoos.server.unittests.dll" id="f3fc3b2a-fd0c-ed34-201e-80335edc57c1">
      <Execution id="fa8cf36c-8454-4356-997e-ee7ad9fa014e" />
      <TestMethod codeBase="D:\actions-runner\_work\XPCO\XPCO\Corporate\VideoOS.Server.UnitTests\bin\x64\Debug\net472\VideoOS.Server.UnitTests.dll" adapterTypeName="executor://mstestadapter/v2" className="VideoOS.Server.UnitTests.EvidenceLockUpdateSchedulerUnitTests" name="EvidenceLockUpdateScheduler_2xStart_Throws" />
    </UnitTest>
    <UnitTest name="WarningResponse_ModelIsValid_CommandExecuted" storage="d:\actions-runner\_work\xpco\xpco\corporate\videoos.server.unittests\bin\x64\debug\net472\videoos.server.unittests.dll" id="8194f756-0832-a32e-60b1-19c8d7103413">
      <Execution id="7c0d1078-43d5-4781-962c-c12d816c9a34" />
      <TestMethod codeBase="D:\actions-runner\_work\XPCO\XPCO\Corporate\VideoOS.Server.UnitTests\bin\x64\Debug\net472\VideoOS.Server.UnitTests.dll" adapterTypeName="executor://mstestadapter/v2" className="VideoOS.Server.UnitTests.WebApi.ResponseControllerTest" name="WarningResponse_ModelIsValid_CommandExecuted" />
    </UnitTest>
    <UnitTest name="ChannelLicenseCountManager_AddLicensedCameraFeed_NullRecorderInfo_ThrowsArgumentNullException" storage="d:\actions-runner\_work\xpco\xpco\corporate\videoos.server.unittests\bin\x64\debug\net472\videoos.server.unittests.dll" id="fdd16d67-98cc-38ae-1552-c5b92b740835">
      <TestCategory>
        <TestCategoryItem TestCategory="Licensing" />
      </TestCategory>
      <Execution id="3167ef35-d70d-4540-9192-802940d86966" />
      <TestMethod codeBase="D:\actions-runner\_work\XPCO\XPCO\Corporate\VideoOS.Server.UnitTests\bin\x64\Debug\net472\VideoOS.Server.UnitTests.dll" adapterTypeName="executor://mstestadapter/v2" className="VideoOS.Server.UnitTests.Licensing.LicenseCountManagerUnitTests" name="ChannelLicenseCountManager_AddLicensedCameraFeed_NullRecorderInfo_ThrowsArgumentNullException" />
    </UnitTest>
    <UnitTest name="HardwareInGraceNotOnWhiteList_ReplacedWith_HardwareNotOnWhiteList_NoDevicesOnReplacedHardware_ShouldGiveDevicesNewGracePeriod" storage="d:\actions-runner\_work\xpco\xpco\corporate\videoos.server.unittests\bin\x64\debug\net472\videoos.server.unittests.dll" id="281b2b74-baf1-6b52-ed5c-a61a47c59d4b">
      <TestCategory>
        <TestCategoryItem TestCategory="Licensing Replace Hardware" />
        <TestCategoryItem TestCategory="Licensing" />
      </TestCategory>
      <Execution id="72eb5ec8-358d-48c2-a939-ead79f4ef433" />
      <TestMethod codeBase="D:\actions-runner\_work\XPCO\XPCO\Corporate\VideoOS.Server.UnitTests\bin\x64\Debug\net472\VideoOS.Server.UnitTests.dll" adapterTypeName="executor://mstestadapter/v2" className="VideoOS.Server.UnitTests.Licensing.LicenseAllocatorChannelTests" name="HardwareInGraceNotOnWhiteList_ReplacedWith_HardwareNotOnWhiteList_NoDevicesOnReplacedHardware_ShouldGiveDevicesNewGracePeriod" />
    </UnitTest>
    <UnitTest name="MoveHardwareTaskCommandHandler_Execute_DestinationRecorder_Not_Connected_FailResponse" storage="d:\actions-runner\_work\xpco\xpco\corporate\videoos.server.unittests\bin\x64\debug\net472\videoos.server.unittests.dll" id="3c3a8b3c-f23e-98b9-ce54-bfddf396efb3">
      <Execution id="06b5b8af-dfc0-4d49-b035-c2c62ce00dd3" />
      <TestMethod codeBase="D:\actions-runner\_work\XPCO\XPCO\Corporate\VideoOS.Server.UnitTests\bin\x64\Debug\net472\VideoOS.Server.UnitTests.dll" adapterTypeName="executor://mstestadapter/v2" className="VideoOS.Server.UnitTests.CommandHandler.MoveHardwareTaskCommandHandlerTests" name="MoveHardwareTaskCommandHandler_Execute_DestinationRecorder_Not_Connected_FailResponse" />
    </UnitTest>
    <UnitTest name="HardwareLicense_FindByHardwareInfo_ValidInstance_Success" storage="d:\actions-runner\_work\xpco\xpco\corporate\videoos.server.unittests\bin\x64\debug\net472\videoos.server.unittests.dll" id="8c8d368d-889c-b4a3-7811-4e347a011909">
      <Execution id="6f4ca635-ac25-4285-a461-9dab62663f1c" />
      <TestMethod codeBase="D:\actions-runner\_work\XPCO\XPCO\Corporate\VideoOS.Server.UnitTests\bin\x64\Debug\net472\VideoOS.Server.UnitTests.dll" adapterTypeName="executor://mstestadapter/v2" className="VideoOS.Server.UnitTests.Licensing.LicenseSnapshotTests" name="HardwareLicense_FindByHardwareInfo_ValidInstance_Success" />
    </UnitTest>
    <UnitTest name="HardwareActivatedOnWhiteList_ReplacedWithNoInheritance_HardwareOnWhiteList_NoCWAAllowed_NewHardwareInGrace" storage="d:\actions-runner\_work\xpco\xpco\corporate\videoos.server.unittests\bin\x64\debug\net472\videoos.server.unittests.dll" id="ce5982ee-353b-a8b3-e64f-f6b862591864">
      <TestCategory>
        <TestCategoryItem TestCategory="Licensing Replace Hardware" />
        <TestCategoryItem TestCategory="Licensing" />
      </TestCategory>
      <Execution id="82dc45dc-d294-4abc-93b5-ccd19b7a0230" />
      <TestMethod codeBase="D:\actions-runner\_work\XPCO\XPCO\Corporate\VideoOS.Server.UnitTests\bin\x64\Debug\net472\VideoOS.Server.UnitTests.dll" adapterTypeName="executor://mstestadapter/v2" className="VideoOS.Server.UnitTests.Licensing.LicenseAllocatorChannelTests" name="HardwareActivatedOnWhiteList_ReplacedWithNoInheritance_HardwareOnWhiteList_NoCWAAllowed_NewHardwareInGrace" />
    </UnitTest>
    <UnitTest name="CheckMsFailoverStatusCommandHandler_Execute_Https_InvokeEventTrue_EmptyResponse_ShouldNotTrigger" storage="d:\actions-runner\_work\xpco\xpco\corporate\videoos.server.unittests\bin\x64\debug\net472\videoos.server.unittests.dll" id="d36822ca-313a-7605-49b0-c19c37c6127f">
      <Execution id="07ac2f0b-1fd2-42d9-b532-8b86a7f39f28" />
      <TestMethod codeBase="D:\actions-runner\_work\XPCO\XPCO\Corporate\VideoOS.Server.UnitTests\bin\x64\Debug\net472\VideoOS.Server.UnitTests.dll" adapterTypeName="executor://mstestadapter/v2" className="VideoOS.Server.UnitTests.CommandHandler.CheckMsFailoverStatusCommandHandlerUnitTest" name="CheckMsFailoverStatusCommandHandler_Execute_Https_InvokeEventTrue_EmptyResponse_ShouldNotTrigger" />
    </UnitTest>
    <UnitTest name="InitializeDiscoveryComponentFailedResponse_ModelIsNull_BadRequestResult" storage="d:\actions-runner\_work\xpco\xpco\corporate\videoos.server.unittests\bin\x64\debug\net472\videoos.server.unittests.dll" id="aa18df7f-8e97-0d88-ce84-804dec7d1f8f">
      <Execution id="cb044f3b-65d1-4a08-a03c-748c11d0982f" />
      <TestMethod codeBase="D:\actions-runner\_work\XPCO\XPCO\Corporate\VideoOS.Server.UnitTests\bin\x64\Debug\net472\VideoOS.Server.UnitTests.dll" adapterTypeName="executor://mstestadapter/v2" className="VideoOS.Server.UnitTests.WebApi.ResponseControllerTest" name="InitializeDiscoveryComponentFailedResponse_ModelIsNull_BadRequestResult" />
    </UnitTest>
    <UnitTest name="ReportManualRecordingStateCommand_ModelIsNull_BadRequestResult" storage="d:\actions-runner\_work\xpco\xpco\corporate\videoos.server.unittests\bin\x64\debug\net472\videoos.server.unittests.dll" id="35bab2d6-4910-86dc-1141-fc3c8871ab67">
      <Execution id="e9b5b539-3fae-4cec-b897-5997016fbb38" />
      <TestMethod codeBase="D:\actions-runner\_work\XPCO\XPCO\Corporate\VideoOS.Server.UnitTests\bin\x64\Debug\net472\VideoOS.Server.UnitTests.dll" adapterTypeName="executor://mstestadapter/v2" className="VideoOS.Server.UnitTests.DatabaseCommandsControllerTests" name="ReportManualRecordingStateCommand_ModelIsNull_BadRequestResult" />
    </UnitTest>
    <UnitTest name="ConfigurationDataSetLoader_GetDeviceGroupsByParentDeviceGroupId_Success" storage="d:\actions-runner\_work\xpco\xpco\corporate\videoos.server.unittests\bin\x64\debug\net472\videoos.server.unittests.dll" id="c906cc0a-7d44-d6b5-1674-20b5d76124e1">
      <Execution id="3be7ebfd-fccb-4c81-b790-478951e03cb2" />
      <TestMethod codeBase="D:\actions-runner\_work\XPCO\XPCO\Corporate\VideoOS.Server.UnitTests\bin\x64\Debug\net472\VideoOS.Server.UnitTests.dll" adapterTypeName="executor://mstestadapter/v2" className="VideoOS.Server.UnitTests.Configuration.ConfigurationDataSetLoaderTests" name="ConfigurationDataSetLoader_GetDeviceGroupsByParentDeviceGroupId_Success" />
    </UnitTest>
    <UnitTest name="CheckMsFailoverStatusCommandHandler_Execute_Https_InvokeEventTrue_Succeeded_ShouldTrigger" storage="d:\actions-runner\_work\xpco\xpco\corporate\videoos.server.unittests\bin\x64\debug\net472\videoos.server.unittests.dll" id="841f16ce-97a9-ff76-40ae-1fdee2071244">
      <Execution id="c2f9ca8b-2445-49cd-a2f5-850e4f07cfe4" />
      <TestMethod codeBase="D:\actions-runner\_work\XPCO\XPCO\Corporate\VideoOS.Server.UnitTests\bin\x64\Debug\net472\VideoOS.Server.UnitTests.dll" adapterTypeName="executor://mstestadapter/v2" className="VideoOS.Server.UnitTests.CommandHandler.CheckMsFailoverStatusCommandHandlerUnitTest" name="CheckMsFailoverStatusCommandHandler_Execute_Https_InvokeEventTrue_Succeeded_ShouldTrigger" />
    </UnitTest>
    <UnitTest name="MultiSite_ChannelBased_SameHardwareDifferentEnabledDevicesOn2Recorders_NotWhitelisted_ConsumesNoExtraLicenses" storage="d:\actions-runner\_work\xpco\xpco\corporate\videoos.server.unittests\bin\x64\debug\net472\videoos.server.unittests.dll" id="39324dd6-2d08-2e28-4994-29171aa487dd">
      <Execution id="31047057-5875-4be5-a98d-9bbe64023ca0" />
      <TestMethod codeBase="D:\actions-runner\_work\XPCO\XPCO\Corporate\VideoOS.Server.UnitTests\bin\x64\Debug\net472\VideoOS.Server.UnitTests.dll" adapterTypeName="executor://mstestadapter/v2" className="VideoOS.Server.UnitTests.Licensing.LicenseAllocatorChannelTests" name="MultiSite_ChannelBased_SameHardwareDifferentEnabledDevicesOn2Recorders_NotWhitelisted_ConsumesNoExtraLicenses" />
    </UnitTest>
    <UnitTest name="HardwareActivatedNotOnWhiteList_ReplacedWithInheritance_HardwareOnWhiteList_MixedCWAAllowed_NewHardwareInCWA" storage="d:\actions-runner\_work\xpco\xpco\corporate\videoos.server.unittests\bin\x64\debug\net472\videoos.server.unittests.dll" id="60d5eb78-47ad-31a4-7687-4733b8346155">
      <TestCategory>
        <TestCategoryItem TestCategory="Licensing Replace Hardware" />
        <TestCategoryItem TestCategory="Licensing" />
      </TestCategory>
      <Execution id="46d876ad-83e5-48a0-b996-790f858e2f69" />
      <TestMethod codeBase="D:\actions-runner\_work\XPCO\XPCO\Corporate\VideoOS.Server.UnitTests\bin\x64\Debug\net472\VideoOS.Server.UnitTests.dll" adapterTypeName="executor://mstestadapter/v2" className="VideoOS.Server.UnitTests.Licensing.LicenseAllocatorChannelTests" name="HardwareActivatedNotOnWhiteList_ReplacedWithInheritance_HardwareOnWhiteList_MixedCWAAllowed_NewHardwareInCWA" />
    </UnitTest>
    <UnitTest name="RegisterRecorder_ModelIsNull_BadRequestResult" storage="d:\actions-runner\_work\xpco\xpco\corporate\videoos.server.unittests\bin\x64\debug\net472\videoos.server.unittests.dll" id="50564146-33c5-5bba-7d58-7b6329532747">
      <Execution id="629bdf61-5a17-48d0-82fe-aa7a7ce2b3b8" />
      <TestMethod codeBase="D:\actions-runner\_work\XPCO\XPCO\Corporate\VideoOS.Server.UnitTests\bin\x64\Debug\net472\VideoOS.Server.UnitTests.dll" adapterTypeName="executor://mstestadapter/v2" className="VideoOS.Server.UnitTests.WebApi.Controllers.RecorderRegistrationControllerTests" name="RegisterRecorder_ModelIsNull_BadRequestResult" />
    </UnitTest>
    <UnitTest name="MoveHardwareTaskCommandHandler_Execute_PrepareMoveHardware_TimeoutResponse_Fail_With_StopHardwareTimeout" storage="d:\actions-runner\_work\xpco\xpco\corporate\videoos.server.unittests\bin\x64\debug\net472\videoos.server.unittests.dll" id="45311aec-8a2d-cefe-8926-17267035950b">
      <Execution id="321e8c9d-6690-4a8b-a494-e33cabe4af0e" />
      <TestMethod codeBase="D:\actions-runner\_work\XPCO\XPCO\Corporate\VideoOS.Server.UnitTests\bin\x64\Debug\net472\VideoOS.Server.UnitTests.dll" adapterTypeName="executor://mstestadapter/v2" className="VideoOS.Server.UnitTests.CommandHandler.MoveHardwareTaskCommandHandlerTests" name="MoveHardwareTaskCommandHandler_Execute_PrepareMoveHardware_TimeoutResponse_Fail_With_StopHardwareTimeout" />
    </UnitTest>
    <UnitTest name="RegisterSessionFailedResponse_ModelIsValid_CommandExecuted" storage="d:\actions-runner\_work\xpco\xpco\corporate\videoos.server.unittests\bin\x64\debug\net472\videoos.server.unittests.dll" id="47770e9f-009b-55e0-aa71-80683ddbf0fb">
      <Execution id="551c85cc-5010-4acd-a45b-7ed6db5d7b88" />
      <TestMethod codeBase="D:\actions-runner\_work\XPCO\XPCO\Corporate\VideoOS.Server.UnitTests\bin\x64\Debug\net472\VideoOS.Server.UnitTests.dll" adapterTypeName="executor://mstestadapter/v2" className="VideoOS.Server.UnitTests.WebApi.ResponseControllerTest" name="RegisterSessionFailedResponse_ModelIsValid_CommandExecuted" />
    </UnitTest>
    <UnitTest name="MoveHardwareTaskCommandHandler_Execute_No_HotStandby_Success" storage="d:\actions-runner\_work\xpco\xpco\corporate\videoos.server.unittests\bin\x64\debug\net472\videoos.server.unittests.dll" id="5c240baa-9c71-dede-47cc-974a9905964f">
      <Execution id="15742aca-3316-42dc-aacc-338d30e693f5" />
      <TestMethod codeBase="D:\actions-runner\_work\XPCO\XPCO\Corporate\VideoOS.Server.UnitTests\bin\x64\Debug\net472\VideoOS.Server.UnitTests.dll" adapterTypeName="executor://mstestadapter/v2" className="VideoOS.Server.UnitTests.CommandHandler.MoveHardwareTaskCommandHandlerTests" name="MoveHardwareTaskCommandHandler_Execute_No_HotStandby_Success" />
    </UnitTest>
    <UnitTest name="AllocateLicensesNotActivated_WhitelistedDriver_AlreadyInCWA_OneHardware_Disabled_NoSpaceInCWA_ValidateLicenseTypes" storage="d:\actions-runner\_work\xpco\xpco\corporate\videoos.server.unittests\bin\x64\debug\net472\videoos.server.unittests.dll" id="8ad8ddd5-cdb2-53b3-a2fa-6b144bc9be0e">
      <TestCategory>
        <TestCategoryItem TestCategory="Licensing" />
      </TestCategory>
      <Execution id="85002bdd-1035-42e8-beb2-ba60005dd4de" />
      <TestMethod codeBase="D:\actions-runner\_work\XPCO\XPCO\Corporate\VideoOS.Server.UnitTests\bin\x64\Debug\net472\VideoOS.Server.UnitTests.dll" adapterTypeName="executor://mstestadapter/v2" className="VideoOS.Server.UnitTests.Licensing.LicenseAllocatorChannelTests" name="AllocateLicensesNotActivated_WhitelistedDriver_AlreadyInCWA_OneHardware_Disabled_NoSpaceInCWA_ValidateLicenseTypes" />
    </UnitTest>
    <UnitTest name="UploadFileChunkCommandHandler_Execute_Failed_TransferOverflow" storage="d:\actions-runner\_work\xpco\xpco\corporate\videoos.server.unittests\bin\x64\debug\net472\videoos.server.unittests.dll" id="dd8971b6-9a2a-9606-89e4-ca620fef9943">
      <Execution id="00a73952-b730-4221-a21f-5b299fa27989" />
      <TestMethod codeBase="D:\actions-runner\_work\XPCO\XPCO\Corporate\VideoOS.Server.UnitTests\bin\x64\Debug\net472\VideoOS.Server.UnitTests.dll" adapterTypeName="executor://mstestadapter/v2" className="VideoOS.Server.UnitTests.CommandHandler.UploadFileChunkCommandHandlerUnitTests" name="UploadFileChunkCommandHandler_Execute_Failed_TransferOverflow" />
    </UnitTest>
    <UnitTest name="HardwareScanProgressResponse_ModelIsNull_BadRequestResult" storage="d:\actions-runner\_work\xpco\xpco\corporate\videoos.server.unittests\bin\x64\debug\net472\videoos.server.unittests.dll" id="8eb4f19d-f1e9-80a5-2ae2-3c12f9b07d80">
      <Execution id="13571f36-2cdd-48e4-9a5f-0cae52acd973" />
      <TestMethod codeBase="D:\actions-runner\_work\XPCO\XPCO\Corporate\VideoOS.Server.UnitTests\bin\x64\Debug\net472\VideoOS.Server.UnitTests.dll" adapterTypeName="executor://mstestadapter/v2" className="VideoOS.Server.UnitTests.WebApi.ResponseControllerTest" name="HardwareScanProgressResponse_ModelIsNull_BadRequestResult" />
    </UnitTest>
    <UnitTest name="MoveHardwareTaskCommandHandler_Execute_WriteConfigurationDataSetChangesToDatabase_SqlException_FailResponse_LicenseConfigurationFailed" storage="d:\actions-runner\_work\xpco\xpco\corporate\videoos.server.unittests\bin\x64\debug\net472\videoos.server.unittests.dll" id="af2de0f8-df90-b012-06a0-6a91430c3a92">
      <Execution id="b2273ebd-f429-478e-85e1-1fc77d453e9c" />
      <TestMethod codeBase="D:\actions-runner\_work\XPCO\XPCO\Corporate\VideoOS.Server.UnitTests\bin\x64\Debug\net472\VideoOS.Server.UnitTests.dll" adapterTypeName="executor://mstestadapter/v2" className="VideoOS.Server.UnitTests.CommandHandler.MoveHardwareTaskCommandHandlerTests" name="MoveHardwareTaskCommandHandler_Execute_WriteConfigurationDataSetChangesToDatabase_SqlException_FailResponse_LicenseConfigurationFailed" />
    </UnitTest>
    <UnitTest name="Dispose_StopsATimer" storage="d:\actions-runner\_work\xpco\xpco\corporate\videoos.server.unittests\bin\x64\debug\net472\videoos.server.unittests.dll" id="0a178ecc-ed8c-7395-1e0e-eb01af654dfd">
      <TestCategory>
        <TestCategoryItem TestCategory="Licensing" />
      </TestCategory>
      <Execution id="13064f1d-6b3c-4200-9244-190aa4961191" />
      <TestMethod codeBase="D:\actions-runner\_work\XPCO\XPCO\Corporate\VideoOS.Server.UnitTests\bin\x64\Debug\net472\VideoOS.Server.UnitTests.dll" adapterTypeName="executor://mstestadapter/v2" className="VideoOS.Server.UnitTests.Licensing.LicenseManagerUnitTests" name="Dispose_StopsATimer" />
    </UnitTest>
    <UnitTest name="AddHardwareUserCommandHandler_Execute_ReturnsFailResponseOnEmptyRecorderId" storage="d:\actions-runner\_work\xpco\xpco\corporate\videoos.server.unittests\bin\x64\debug\net472\videoos.server.unittests.dll" id="86fe6701-6291-43a1-0223-d9d4531dd84f">
      <Execution id="51fc9ebd-cb4e-4fe2-850d-c15163f03825" />
      <TestMethod codeBase="D:\actions-runner\_work\XPCO\XPCO\Corporate\VideoOS.Server.UnitTests\bin\x64\Debug\net472\VideoOS.Server.UnitTests.dll" adapterTypeName="executor://mstestadapter/v2" className="VideoOS.Server.UnitTests.CommandHandler.AddHardwareUserCommandHandlerServerUnitTests" name="AddHardwareUserCommandHandler_Execute_ReturnsFailResponseOnEmptyRecorderId" />
    </UnitTest>
    <UnitTest name="ValidateParameter_NullLicenseDocument_Expect_ArgumentNullException" storage="d:\actions-runner\_work\xpco\xpco\corporate\videoos.server.unittests\bin\x64\debug\net472\videoos.server.unittests.dll" id="37a138e9-b7a0-6794-91b6-4bf04f60b366">
      <TestCategory>
        <TestCategoryItem TestCategory="Licensing" />
      </TestCategory>
      <Execution id="86f815f1-081d-48d4-8755-42b1df941ca9" />
      <TestMethod codeBase="D:\actions-runner\_work\XPCO\XPCO\Corporate\VideoOS.Server.UnitTests\bin\x64\Debug\net472\VideoOS.Server.UnitTests.dll" adapterTypeName="executor://mstestadapter/v2" className="VideoOS.Server.UnitTests.Licensing.LicenseAllocatorChannelTests" name="ValidateParameter_NullLicenseDocument_Expect_ArgumentNullException" />
    </UnitTest>
    <UnitTest name="ReplaceHardwareTaskCommandHandler_DeviceMapper_TooManyDevices_AllowDeletingDisabled_Failure_Test" storage="d:\actions-runner\_work\xpco\xpco\corporate\videoos.server.unittests\bin\x64\debug\net472\videoos.server.unittests.dll" id="d38d4de2-3b2f-ed9d-2f05-f552e0beab81">
      <Execution id="afd7eb33-6c06-463c-8688-39239d9a3f3e" />
      <TestMethod codeBase="D:\actions-runner\_work\XPCO\XPCO\Corporate\VideoOS.Server.UnitTests\bin\x64\Debug\net472\VideoOS.Server.UnitTests.dll" adapterTypeName="executor://mstestadapter/v2" className="VideoOS.Server.UnitTests.CommandHandler.ReplaceHardwareTaskCommandHandlerUnitTests" name="ReplaceHardwareTaskCommandHandler_DeviceMapper_TooManyDevices_AllowDeletingDisabled_Failure_Test" />
    </UnitTest>
    <UnitTest name="AutomaticActivation_SystemActivated" storage="d:\actions-runner\_work\xpco\xpco\corporate\videoos.server.unittests\bin\x64\debug\net472\videoos.server.unittests.dll" id="25be1f78-39bc-c728-10d8-0213b417a9ef">
      <TestCategory>
        <TestCategoryItem TestCategory="Licensing" />
      </TestCategory>
      <Execution id="b2ad347b-f1c0-4c0a-89c9-016e8199b91a" />
      <TestMethod codeBase="D:\actions-runner\_work\XPCO\XPCO\Corporate\VideoOS.Server.UnitTests\bin\x64\Debug\net472\VideoOS.Server.UnitTests.dll" adapterTypeName="executor://mstestadapter/v2" className="VideoOS.Server.UnitTests.Licensing.ActivationManagerTests" name="AutomaticActivation_SystemActivated" />
    </UnitTest>
    <UnitTest name="ChannelLicenseCountManager_ReplacementHardware_IgnoresSecondAdd_OnSameMac" storage="d:\actions-runner\_work\xpco\xpco\corporate\videoos.server.unittests\bin\x64\debug\net472\videoos.server.unittests.dll" id="2b8fcca8-4ff4-62b3-63bc-a8f951917cd2">
      <TestCategory>
        <TestCategoryItem TestCategory="Licensing" />
      </TestCategory>
      <Execution id="5b4e5163-0726-45e0-8208-e927cc227768" />
      <TestMethod codeBase="D:\actions-runner\_work\XPCO\XPCO\Corporate\VideoOS.Server.UnitTests\bin\x64\Debug\net472\VideoOS.Server.UnitTests.dll" adapterTypeName="executor://mstestadapter/v2" className="VideoOS.Server.UnitTests.Licensing.LicenseCountManagerUnitTests" name="ChannelLicenseCountManager_ReplacementHardware_IgnoresSecondAdd_OnSameMac" />
    </UnitTest>
    <UnitTest name="UpdateRecorderStatus_ModelIsNull_BadRequestResult" storage="d:\actions-runner\_work\xpco\xpco\corporate\videoos.server.unittests\bin\x64\debug\net472\videoos.server.unittests.dll" id="44b64df8-00fb-dd2c-9170-5241716ab1c5">
      <Execution id="5fccca7b-5ba4-4c0f-b4a7-aa864572ef69" />
      <TestMethod codeBase="D:\actions-runner\_work\XPCO\XPCO\Corporate\VideoOS.Server.UnitTests\bin\x64\Debug\net472\VideoOS.Server.UnitTests.dll" adapterTypeName="executor://mstestadapter/v2" className="VideoOS.Server.UnitTests.WebApi.Controllers.RecorderStatusCommandsControllerTests" name="UpdateRecorderStatus_ModelIsNull_BadRequestResult" />
    </UnitTest>
    <UnitTest name="MessageManagerResponseCollector_GetNextResponse_Cancelled" storage="d:\actions-runner\_work\xpco\xpco\corporate\videoos.server.unittests\bin\x64\debug\net472\videoos.server.unittests.dll" id="54a61f98-dadf-ebc9-bfa5-32dac879e97d">
      <Execution id="9075bc71-4372-40bd-80e1-4cfd7dd705d5" />
      <TestMethod codeBase="D:\actions-runner\_work\XPCO\XPCO\Corporate\VideoOS.Server.UnitTests\bin\x64\Debug\net472\VideoOS.Server.UnitTests.dll" adapterTypeName="executor://mstestadapter/v2" className="VideoOS.Server.UnitTests.MessageManagerResponseCollectorUnitTests" name="MessageManagerResponseCollector_GetNextResponse_Cancelled" />
    </UnitTest>
    <UnitTest name="HardwareInCWAOnWhiteList_ReplacedWithInheritance_HardwareOnWhiteList_NoMoreCWAAllowed_FewerChannelsOnReplacedHardware_NewHardwareInGrace" storage="d:\actions-runner\_work\xpco\xpco\corporate\videoos.server.unittests\bin\x64\debug\net472\videoos.server.unittests.dll" id="b980dc1f-9797-a5d1-9815-bd2b5788615a">
      <TestCategory>
        <TestCategoryItem TestCategory="Licensing Replace Hardware" />
        <TestCategoryItem TestCategory="Licensing" />
      </TestCategory>
      <Execution id="b982d785-2184-4c38-967b-8c05dd346170" />
      <TestMethod codeBase="D:\actions-runner\_work\XPCO\XPCO\Corporate\VideoOS.Server.UnitTests\bin\x64\Debug\net472\VideoOS.Server.UnitTests.dll" adapterTypeName="executor://mstestadapter/v2" className="VideoOS.Server.UnitTests.Licensing.LicenseAllocatorChannelTests" name="HardwareInCWAOnWhiteList_ReplacedWithInheritance_HardwareOnWhiteList_NoMoreCWAAllowed_FewerChannelsOnReplacedHardware_NewHardwareInGrace" />
    </UnitTest>
    <UnitTest name="Simulate_FiveICPHardware_VariousDevices_DisableAndEnable_CountsCorrectly" storage="d:\actions-runner\_work\xpco\xpco\corporate\videoos.server.unittests\bin\x64\debug\net472\videoos.server.unittests.dll" id="70819f6f-5238-c536-22d3-ac2077b9ee2f">
      <TestCategory>
        <TestCategoryItem TestCategory="Licensing" />
      </TestCategory>
      <Execution id="2ed3fc99-f0e9-4369-9593-bdbc2f29a1fa" />
      <TestMethod codeBase="D:\actions-runner\_work\XPCO\XPCO\Corporate\VideoOS.Server.UnitTests\bin\x64\Debug\net472\VideoOS.Server.UnitTests.dll" adapterTypeName="executor://mstestadapter/v2" className="VideoOS.Server.UnitTests.Licensing.LicenseAllocatorChannelTests" name="Simulate_FiveICPHardware_VariousDevices_DisableAndEnable_CountsCorrectly" />
    </UnitTest>
    <UnitTest name="AllocateLicenses_NotActivated_FourUsedAndOneUnlicensed_OnFiveCameraChannelsWithThreeGraceAndFourAvailableLicenses" storage="d:\actions-runner\_work\xpco\xpco\corporate\videoos.server.unittests\bin\x64\debug\net472\videoos.server.unittests.dll" id="3a6b696a-422d-5ee1-5380-e7ef5428f6b9">
      <TestCategory>
        <TestCategoryItem TestCategory="Licensing" />
      </TestCategory>
      <Execution id="5da76a59-2442-48fd-a421-93113f08f22e" />
      <TestMethod codeBase="D:\actions-runner\_work\XPCO\XPCO\Corporate\VideoOS.Server.UnitTests\bin\x64\Debug\net472\VideoOS.Server.UnitTests.dll" adapterTypeName="executor://mstestadapter/v2" className="VideoOS.Server.UnitTests.Licensing.LicenseAllocatorChannelTests" name="AllocateLicenses_NotActivated_FourUsedAndOneUnlicensed_OnFiveCameraChannelsWithThreeGraceAndFourAvailableLicenses" />
    </UnitTest>
    <UnitTest name="EvidenceLockUpdateScheduler_CheckSpecificEvidenceLock_Issues_Command" storage="d:\actions-runner\_work\xpco\xpco\corporate\videoos.server.unittests\bin\x64\debug\net472\videoos.server.unittests.dll" id="06dcde58-e055-a66d-858a-1bfaf3346113">
      <Execution id="95fa58d6-7ac5-4b17-a21f-27b03cd2c104" />
      <TestMethod codeBase="D:\actions-runner\_work\XPCO\XPCO\Corporate\VideoOS.Server.UnitTests\bin\x64\Debug\net472\VideoOS.Server.UnitTests.dll" adapterTypeName="executor://mstestadapter/v2" className="VideoOS.Server.UnitTests.EvidenceLockUpdateSchedulerUnitTests" name="EvidenceLockUpdateScheduler_CheckSpecificEvidenceLock_Issues_Command" />
    </UnitTest>
    <UnitTest name="WriteRecordingServerInformation_InvalidParameter_MacAddress_EmptyString_ThrowsArgumentNullException" storage="d:\actions-runner\_work\xpco\xpco\corporate\videoos.server.unittests\bin\x64\debug\net472\videoos.server.unittests.dll" id="71de4ac0-9031-ba04-0c57-40401b810912">
      <TestCategory>
        <TestCategoryItem TestCategory="Licensing" />
      </TestCategory>
      <Execution id="e6e63d29-1fce-4780-b6f5-22f60d04a049" />
      <TestMethod codeBase="D:\actions-runner\_work\XPCO\XPCO\Corporate\VideoOS.Server.UnitTests\bin\x64\Debug\net472\VideoOS.Server.UnitTests.dll" adapterTypeName="executor://mstestadapter/v2" className="VideoOS.Server.UnitTests.Licensing.LicenseRequestChannelTests" name="WriteRecordingServerInformation_InvalidParameter_MacAddress_EmptyString_ThrowsArgumentNullException" />
    </UnitTest>
    <UnitTest name="RecorderLicense_AddNew_IsUpdated_RetrieveAsList_Success" storage="d:\actions-runner\_work\xpco\xpco\corporate\videoos.server.unittests\bin\x64\debug\net472\videoos.server.unittests.dll" id="22ca97d6-033b-cf61-7203-4444f24a4a92">
      <Execution id="9ecd7d4c-fc6e-4856-9ae8-458f5e91ae92" />
      <TestMethod codeBase="D:\actions-runner\_work\XPCO\XPCO\Corporate\VideoOS.Server.UnitTests\bin\x64\Debug\net472\VideoOS.Server.UnitTests.dll" adapterTypeName="executor://mstestadapter/v2" className="VideoOS.Server.UnitTests.Licensing.LicenseSnapshotTests" name="RecorderLicense_AddNew_IsUpdated_RetrieveAsList_Success" />
    </UnitTest>
    <UnitTest name="HardwareScanExpressTaskCommandHandler_Execute_NoResponseFromRecordingServer_FailResponse" storage="d:\actions-runner\_work\xpco\xpco\corporate\videoos.server.unittests\bin\x64\debug\net472\videoos.server.unittests.dll" id="9730ab2e-51aa-2f06-1de2-83bd7e139a38">
      <Execution id="71ec0be8-3e06-4691-9f33-d17b8d26192d" />
      <TestMethod codeBase="D:\actions-runner\_work\XPCO\XPCO\Corporate\VideoOS.Server.UnitTests\bin\x64\Debug\net472\VideoOS.Server.UnitTests.dll" adapterTypeName="executor://mstestadapter/v2" className="VideoOS.Server.UnitTests.CommandHandler.HardwareScanExpressTaskCommandHandlerTest" name="HardwareScanExpressTaskCommandHandler_Execute_NoResponseFromRecordingServer_FailResponse" />
    </UnitTest>
    <UnitTest name="ValidateParameter_NullLicenseCount_Expect_ArgumentNullException" storage="d:\actions-runner\_work\xpco\xpco\corporate\videoos.server.unittests\bin\x64\debug\net472\videoos.server.unittests.dll" id="472e139f-f058-76a7-efaa-3690607ea4ee">
      <TestCategory>
        <TestCategoryItem TestCategory="Licensing" />
      </TestCategory>
      <Execution id="01e598fc-6f8a-4b39-b6e6-7f4137ec4bf8" />
      <TestMethod codeBase="D:\actions-runner\_work\XPCO\XPCO\Corporate\VideoOS.Server.UnitTests\bin\x64\Debug\net472\VideoOS.Server.UnitTests.dll" adapterTypeName="executor://mstestadapter/v2" className="VideoOS.Server.UnitTests.Licensing.LicenseAllocatorChannelTests" name="ValidateParameter_NullLicenseCount_Expect_ArgumentNullException" />
    </UnitTest>
    <UnitTest name="FilterTrackIds_ModelIsNull_BadRequestResult" storage="d:\actions-runner\_work\xpco\xpco\corporate\videoos.server.unittests\bin\x64\debug\net472\videoos.server.unittests.dll" id="bc6fa33b-84d2-33f4-a839-c3b9b827711f">
      <Execution id="492e34fa-3d68-4ed0-95ff-d7377077befc" />
      <TestMethod codeBase="D:\actions-runner\_work\XPCO\XPCO\Corporate\VideoOS.Server.UnitTests\bin\x64\Debug\net472\VideoOS.Server.UnitTests.dll" adapterTypeName="executor://mstestadapter/v2" className="VideoOS.Server.UnitTests.RecorderControllerTest" name="FilterTrackIds_ModelIsNull_BadRequestResult" />
    </UnitTest>
    <UnitTest name="Log_ModelIsNull_BadRequestResponse" storage="d:\actions-runner\_work\xpco\xpco\corporate\videoos.server.unittests\bin\x64\debug\net472\videoos.server.unittests.dll" id="283f71c2-810a-dc5c-1692-36ad495e7571">
      <Execution id="59400f02-10e2-4c89-bdcf-ed6b93d3bbe4" />
      <TestMethod codeBase="D:\actions-runner\_work\XPCO\XPCO\Corporate\VideoOS.Server.UnitTests\bin\x64\Debug\net472\VideoOS.Server.UnitTests.dll" adapterTypeName="executor://mstestadapter/v2" className="VideoOS.Server.UnitTests.RecorderControllerTest" name="Log_ModelIsNull_BadRequestResponse" />
    </UnitTest>
    <UnitTest name="Log_ContextIsNull_NothingIsLogged" storage="d:\actions-runner\_work\xpco\xpco\corporate\videoos.server.unittests\bin\x64\debug\net472\videoos.server.unittests.dll" id="96931d14-cc35-35bb-51f7-71a866f0df4b">
      <Execution id="c83f4e5a-54e0-4e22-8f87-a775ce647d51" />
      <TestMethod codeBase="D:\actions-runner\_work\XPCO\XPCO\Corporate\VideoOS.Server.UnitTests\bin\x64\Debug\net472\VideoOS.Server.UnitTests.dll" adapterTypeName="executor://mstestadapter/v2" className="VideoOS.Server.UnitTests.ServerUnhandledExceptionLoggerTests" name="Log_ContextIsNull_NothingIsLogged" />
    </UnitTest>
    <UnitTest name="LicenseDeviceRow_Validate_DeletedRowCanBeReinstated_ChangesAccepted_Success" storage="d:\actions-runner\_work\xpco\xpco\corporate\videoos.server.unittests\bin\x64\debug\net472\videoos.server.unittests.dll" id="5fe06e96-7d1e-4cc3-cac1-7c226655aab9">
      <TestCategory>
        <TestCategoryItem TestCategory="Licensing" />
      </TestCategory>
      <Execution id="7704f3d8-14f7-4577-8257-26fab2f08b8f" />
      <TestMethod codeBase="D:\actions-runner\_work\XPCO\XPCO\Corporate\VideoOS.Server.UnitTests\bin\x64\Debug\net472\VideoOS.Server.UnitTests.dll" adapterTypeName="executor://mstestadapter/v2" className="VideoOS.Server.UnitTests.Licensing.LicenseDataSetUnitTests" name="LicenseDeviceRow_Validate_DeletedRowCanBeReinstated_ChangesAccepted_Success" />
    </UnitTest>
    <UnitTest name="EventCollector_ShouldEventBeFired_Accept_SystemMonitorEvents" storage="d:\actions-runner\_work\xpco\xpco\corporate\videoos.server.unittests\bin\x64\debug\net472\videoos.server.unittests.dll" id="e07e83cc-7f92-bb46-c8b3-934aab5700ee">
      <Execution id="5239fe5e-170e-4e70-9de6-58a727f56ac3" />
      <TestMethod codeBase="D:\actions-runner\_work\XPCO\XPCO\Corporate\VideoOS.Server.UnitTests\bin\x64\Debug\net472\VideoOS.Server.UnitTests.dll" adapterTypeName="executor://mstestadapter/v2" className="VideoOS.Server.UnitTests.UpdateConfigurationManagerCommandHandlerTests" name="EventCollector_ShouldEventBeFired_Accept_SystemMonitorEvents" />
    </UnitTest>
    <UnitTest name="HardwareActivatedNotOnWhiteList_ReplacedWithNoInheritance_HardwareNotOnWhiteList_DifferentCameraChannels" storage="d:\actions-runner\_work\xpco\xpco\corporate\videoos.server.unittests\bin\x64\debug\net472\videoos.server.unittests.dll" id="8e582c8c-bba7-7417-5c1c-e177b4dee6cc">
      <TestCategory>
        <TestCategoryItem TestCategory="Licensing Replace Hardware" />
        <TestCategoryItem TestCategory="Licensing" />
      </TestCategory>
      <Execution id="f5e96b72-6a7f-4f1c-970e-77af8dd67549" />
      <TestMethod codeBase="D:\actions-runner\_work\XPCO\XPCO\Corporate\VideoOS.Server.UnitTests\bin\x64\Debug\net472\VideoOS.Server.UnitTests.dll" adapterTypeName="executor://mstestadapter/v2" className="VideoOS.Server.UnitTests.Licensing.LicenseAllocatorChannelTests" name="HardwareActivatedNotOnWhiteList_ReplacedWithNoInheritance_HardwareNotOnWhiteList_DifferentCameraChannels" />
    </UnitTest>
    <UnitTest name="Start_TokenHasCorrectScope_CallsStartTimer" storage="d:\actions-runner\_work\xpco\xpco\corporate\videoos.server.unittests\bin\x64\debug\net472\videoos.server.unittests.dll" id="5e599eb5-1ba7-3552-1d66-5d2d43176c8d">
      <Execution id="fd57dedb-35a9-4db3-9d2d-eaf88c81260b" />
      <TestMethod codeBase="D:\actions-runner\_work\XPCO\XPCO\Corporate\VideoOS.Server.UnitTests\bin\x64\Debug\net472\VideoOS.Server.UnitTests.dll" adapterTypeName="executor://mstestadapter/v2" className="VideoOS.Server.UnitTests.Log.IdpLogRetrieverTests" name="Start_TokenHasCorrectScope_CallsStartTimer" />
    </UnitTest>
    <UnitTest name="HardwareInCWAOnWhiteList_ReplacedWithNoInheritance_HardwareNotOnWhiteList_NoMoreCWAAllowed_NewDevicesInGrace" storage="d:\actions-runner\_work\xpco\xpco\corporate\videoos.server.unittests\bin\x64\debug\net472\videoos.server.unittests.dll" id="d713fd26-9318-62d0-07e7-0fb32925b73a">
      <TestCategory>
        <TestCategoryItem TestCategory="Licensing Replace Hardware" />
        <TestCategoryItem TestCategory="Licensing" />
      </TestCategory>
      <Execution id="e50f4096-9f24-438d-97ee-9ad4f0d34e09" />
      <TestMethod codeBase="D:\actions-runner\_work\XPCO\XPCO\Corporate\VideoOS.Server.UnitTests\bin\x64\Debug\net472\VideoOS.Server.UnitTests.dll" adapterTypeName="executor://mstestadapter/v2" className="VideoOS.Server.UnitTests.Licensing.LicenseAllocatorChannelTests" name="HardwareInCWAOnWhiteList_ReplacedWithNoInheritance_HardwareNotOnWhiteList_NoMoreCWAAllowed_NewDevicesInGrace" />
    </UnitTest>
    <UnitTest name="TemporaryLicenseStorage_SetData_Old_Empty_Success" storage="d:\actions-runner\_work\xpco\xpco\corporate\videoos.server.unittests\bin\x64\debug\net472\videoos.server.unittests.dll" id="3e38b4f6-2dac-31b3-166f-c8bc13b4eea7">
      <Execution id="760ed9a7-61d0-4c60-8e44-839d479d8e63" />
      <TestMethod codeBase="D:\actions-runner\_work\XPCO\XPCO\Corporate\VideoOS.Server.UnitTests\bin\x64\Debug\net472\VideoOS.Server.UnitTests.dll" adapterTypeName="executor://mstestadapter/v2" className="VideoOS.Server.UnitTests.Licensing.TemporaryLicenseStorageUnitTests" name="TemporaryLicenseStorage_SetData_Old_Empty_Success" />
    </UnitTest>
    <UnitTest name="ChannelLicenseCountManager_AddLicensedHardware_Same_MAC_Twice_ArgumentException" storage="d:\actions-runner\_work\xpco\xpco\corporate\videoos.server.unittests\bin\x64\debug\net472\videoos.server.unittests.dll" id="b2a8fa97-d944-2ec8-2d6e-5ded43c50e24">
      <TestCategory>
        <TestCategoryItem TestCategory="Licensing" />
      </TestCategory>
      <Execution id="c02c9241-7049-43ef-98dd-1571136b0125" />
      <TestMethod codeBase="D:\actions-runner\_work\XPCO\XPCO\Corporate\VideoOS.Server.UnitTests\bin\x64\Debug\net472\VideoOS.Server.UnitTests.dll" adapterTypeName="executor://mstestadapter/v2" className="VideoOS.Server.UnitTests.Licensing.LicenseCountManagerUnitTests" name="ChannelLicenseCountManager_AddLicensedHardware_Same_MAC_Twice_ArgumentException" />
    </UnitTest>
    <UnitTest name="GetRecorderTasksWithPendingStop_RecorderNotFoundException_Handled" storage="d:\actions-runner\_work\xpco\xpco\corporate\videoos.server.unittests\bin\x64\debug\net472\videoos.server.unittests.dll" id="95de269b-449d-9609-f541-f46b5a47c3a2">
      <Execution id="fef02991-a116-4cd9-9868-d37eda0aea21" />
      <TestMethod codeBase="D:\actions-runner\_work\XPCO\XPCO\Corporate\VideoOS.Server.UnitTests\bin\x64\Debug\net472\VideoOS.Server.UnitTests.dll" adapterTypeName="executor://mstestadapter/v2" className="VideoOS.Server.UnitTests.TaskControllerTests" name="GetRecorderTasksWithPendingStop_RecorderNotFoundException_Handled" />
    </UnitTest>
    <UnitTest name="DeleteIdpUserTaskCommandHandlerTests_Execute_Delete_Succeeded" storage="d:\actions-runner\_work\xpco\xpco\corporate\videoos.server.unittests\bin\x64\debug\net472\videoos.server.unittests.dll" id="badabfc0-287c-a7d5-098f-1344facad0e2">
      <Execution id="a7e83108-3e19-440f-abf0-21f054d7c7e3" />
      <TestMethod codeBase="D:\actions-runner\_work\XPCO\XPCO\Corporate\VideoOS.Server.UnitTests\bin\x64\Debug\net472\VideoOS.Server.UnitTests.dll" adapterTypeName="executor://mstestadapter/v2" className="VideoOS.Server.UnitTests.CommandHandler.DeleteIdpUserTaskCommandHandlerTests" name="DeleteIdpUserTaskCommandHandlerTests_Execute_Delete_Succeeded" />
    </UnitTest>
    <UnitTest name="ChangeIdpAdminTaskCommandHandlerTests_Constructor_Arguments_Null_Throws" storage="d:\actions-runner\_work\xpco\xpco\corporate\videoos.server.unittests\bin\x64\debug\net472\videoos.server.unittests.dll" id="01c0f351-ec7a-7cc6-b18d-966650a66ddd">
      <Execution id="01663cf1-fbf0-467f-ace7-bff6c6e4f580" />
      <TestMethod codeBase="D:\actions-runner\_work\XPCO\XPCO\Corporate\VideoOS.Server.UnitTests\bin\x64\Debug\net472\VideoOS.Server.UnitTests.dll" adapterTypeName="executor://mstestadapter/v2" className="VideoOS.Server.UnitTests.CommandHandler.ChangeIdpAdminTaskCommandHandlerTests" name="ChangeIdpAdminTaskCommandHandlerTests_Constructor_Arguments_Null_Throws" />
    </UnitTest>
    <UnitTest name="EvidenceLockOnOldRecorderCommandHandlerTests_OldRecV1_ConfigDelete1RowMain_Distribution" storage="d:\actions-runner\_work\xpco\xpco\corporate\videoos.server.unittests\bin\x64\debug\net472\videoos.server.unittests.dll" id="966766d3-85fb-dda3-5ac6-758426bd60bf">
      <Execution id="cf122371-0786-4bd9-a063-c1aeb4bcd035" />
      <TestMethod codeBase="D:\actions-runner\_work\XPCO\XPCO\Corporate\VideoOS.Server.UnitTests\bin\x64\Debug\net472\VideoOS.Server.UnitTests.dll" adapterTypeName="executor://mstestadapter/v2" className="VideoOS.Server.UnitTests.CommandHandler.EvidenceLockOnOldRecorderCommandHandlerTests" name="EvidenceLockOnOldRecorderCommandHandlerTests_OldRecV1_ConfigDelete1RowMain_Distribution" />
    </UnitTest>
    <UnitTest name="ChannelLicenseCountManager_IsCameraFeedLicensedOnRecorder_NullHardwareInfo_ThrowsArgumentNullException" storage="d:\actions-runner\_work\xpco\xpco\corporate\videoos.server.unittests\bin\x64\debug\net472\videoos.server.unittests.dll" id="980097e6-1997-04c7-0639-e21ed0b80203">
      <TestCategory>
        <TestCategoryItem TestCategory="Licensing" />
      </TestCategory>
      <Execution id="90a1f2b8-6839-43f0-bdbd-dd9d692b05a5" />
      <TestMethod codeBase="D:\actions-runner\_work\XPCO\XPCO\Corporate\VideoOS.Server.UnitTests\bin\x64\Debug\net472\VideoOS.Server.UnitTests.dll" adapterTypeName="executor://mstestadapter/v2" className="VideoOS.Server.UnitTests.Licensing.LicenseCountManagerUnitTests" name="ChannelLicenseCountManager_IsCameraFeedLicensedOnRecorder_NullHardwareInfo_ThrowsArgumentNullException" />
    </UnitTest>
    <UnitTest name="DatabaseResponseDiskUsages_ModelIsValid_CommandExecuted" storage="d:\actions-runner\_work\xpco\xpco\corporate\videoos.server.unittests\bin\x64\debug\net472\videoos.server.unittests.dll" id="7199b6a4-0e3d-01b2-2098-862ed5de340d">
      <Execution id="b472a86a-fc20-4ac8-8b5e-9d3df70c3d72" />
      <TestMethod codeBase="D:\actions-runner\_work\XPCO\XPCO\Corporate\VideoOS.Server.UnitTests\bin\x64\Debug\net472\VideoOS.Server.UnitTests.dll" adapterTypeName="executor://mstestadapter/v2" className="VideoOS.Server.UnitTests.WebApi.ResponseControllerTest" name="DatabaseResponseDiskUsages_ModelIsValid_CommandExecuted" />
    </UnitTest>
    <UnitTest name="Validate_RemoveDevicesFromChangesWithoutActivation_WithNullHardwareDeviceItems_ThrowsArgumentNullException" storage="d:\actions-runner\_work\xpco\xpco\corporate\videoos.server.unittests\bin\x64\debug\net472\videoos.server.unittests.dll" id="3e0d1ff1-7158-d3da-1bde-dc06d85351cc">
      <TestCategory>
        <TestCategoryItem TestCategory="Licensing" />
      </TestCategory>
      <Execution id="129c8cfd-e4f9-4888-9168-42810ebf0ec2" />
      <TestMethod codeBase="D:\actions-runner\_work\XPCO\XPCO\Corporate\VideoOS.Server.UnitTests\bin\x64\Debug\net472\VideoOS.Server.UnitTests.dll" adapterTypeName="executor://mstestadapter/v2" className="VideoOS.Server.UnitTests.Licensing.LicenseCountManagerUnitTests" name="Validate_RemoveDevicesFromChangesWithoutActivation_WithNullHardwareDeviceItems_ThrowsArgumentNullException" />
    </UnitTest>
    <UnitTest name="ValidateCWA_EnsurePreviousDevicesInCWADoNotGetKickedOut" storage="d:\actions-runner\_work\xpco\xpco\corporate\videoos.server.unittests\bin\x64\debug\net472\videoos.server.unittests.dll" id="9fd4eb66-24c8-4e78-e05e-2e76a515b4f1">
      <TestCategory>
        <TestCategoryItem TestCategory="Licensing" />
      </TestCategory>
      <Execution id="c78eb3c0-ea9a-4c5c-896d-b89a600349b4" />
      <TestMethod codeBase="D:\actions-runner\_work\XPCO\XPCO\Corporate\VideoOS.Server.UnitTests\bin\x64\Debug\net472\VideoOS.Server.UnitTests.dll" adapterTypeName="executor://mstestadapter/v2" className="VideoOS.Server.UnitTests.Licensing.LicenseAllocatorChannelTests" name="ValidateCWA_EnsurePreviousDevicesInCWADoNotGetKickedOut" />
    </UnitTest>
    <UnitTest name="GenerateLicenseRequestAsXml_DeviceChannelCountInXml_OneLicenseCountWithDriverNameOnWhitelist" storage="d:\actions-runner\_work\xpco\xpco\corporate\videoos.server.unittests\bin\x64\debug\net472\videoos.server.unittests.dll" id="41d4ae6d-1ec6-489b-d9c2-de1156a0d310">
      <TestCategory>
        <TestCategoryItem TestCategory="Licensing" />
      </TestCategory>
      <Execution id="db8e45ef-e253-44d2-939f-5c65b2ecbe3a" />
      <TestMethod codeBase="D:\actions-runner\_work\XPCO\XPCO\Corporate\VideoOS.Server.UnitTests\bin\x64\Debug\net472\VideoOS.Server.UnitTests.dll" adapterTypeName="executor://mstestadapter/v2" className="VideoOS.Server.UnitTests.Licensing.LicenseRequestChannelTests" name="GenerateLicenseRequestAsXml_DeviceChannelCountInXml_OneLicenseCountWithDriverNameOnWhitelist" />
    </UnitTest>
    <UnitTest name="AllocateLicensesNotActivated_WhitelistedDriver_AlreadyInCWA_OneHardware_Disabled_TwoCameras_OneLicense_ValidateLicenseTypes" storage="d:\actions-runner\_work\xpco\xpco\corporate\videoos.server.unittests\bin\x64\debug\net472\videoos.server.unittests.dll" id="9a6aaccb-b496-3443-3666-d7851b13bb53">
      <TestCategory>
        <TestCategoryItem TestCategory="Licensing" />
      </TestCategory>
      <Execution id="25419b23-8a77-4720-8154-72747a339b7c" />
      <TestMethod codeBase="D:\actions-runner\_work\XPCO\XPCO\Corporate\VideoOS.Server.UnitTests\bin\x64\Debug\net472\VideoOS.Server.UnitTests.dll" adapterTypeName="executor://mstestadapter/v2" className="VideoOS.Server.UnitTests.Licensing.LicenseAllocatorChannelTests" name="AllocateLicensesNotActivated_WhitelistedDriver_AlreadyInCWA_OneHardware_Disabled_TwoCameras_OneLicense_ValidateLicenseTypes" />
    </UnitTest>
    <UnitTest name="DeviceLicense_RetrieveExpireDate_NullDeviceInfo_Throws_ArgumentException" storage="d:\actions-runner\_work\xpco\xpco\corporate\videoos.server.unittests\bin\x64\debug\net472\videoos.server.unittests.dll" id="cf2da230-ce42-6ad5-a008-cc10b1033920">
      <Execution id="87862fa5-9cda-4688-a347-088d60b62bb7" />
      <TestMethod codeBase="D:\actions-runner\_work\XPCO\XPCO\Corporate\VideoOS.Server.UnitTests\bin\x64\Debug\net472\VideoOS.Server.UnitTests.dll" adapterTypeName="executor://mstestadapter/v2" className="VideoOS.Server.UnitTests.Licensing.LicenseSnapshotTests" name="DeviceLicense_RetrieveExpireDate_NullDeviceInfo_Throws_ArgumentException" />
    </UnitTest>
    <UnitTest name="UpdateLicense_Valid_License_Success" storage="d:\actions-runner\_work\xpco\xpco\corporate\videoos.server.unittests\bin\x64\debug\net472\videoos.server.unittests.dll" id="4c7357cc-be8e-bdef-df5e-585b37d708fa">
      <TestCategory>
        <TestCategoryItem TestCategory="Licensing" />
      </TestCategory>
      <Execution id="0ddaeafa-3663-47bc-aa0e-86d60327933f" />
      <TestMethod codeBase="D:\actions-runner\_work\XPCO\XPCO\Corporate\VideoOS.Server.UnitTests\bin\x64\Debug\net472\VideoOS.Server.UnitTests.dll" adapterTypeName="executor://mstestadapter/v2" className="VideoOS.Server.UnitTests.Licensing.LicenseManagerUnitTests" name="UpdateLicense_Valid_License_Success" />
    </UnitTest>
    <UnitTest name="MoveHardwareTaskCommandHandler_Execute_DeviceEvidenceLocks_OnlyOnEdge_MasterDistribution" storage="d:\actions-runner\_work\xpco\xpco\corporate\videoos.server.unittests\bin\x64\debug\net472\videoos.server.unittests.dll" id="3e9c10e5-efb5-404e-2cad-31e6b7485e7c">
      <Execution id="bf234546-23df-492d-8e12-44faf8df389f" />
      <TestMethod codeBase="D:\actions-runner\_work\XPCO\XPCO\Corporate\VideoOS.Server.UnitTests\bin\x64\Debug\net472\VideoOS.Server.UnitTests.dll" adapterTypeName="executor://mstestadapter/v2" className="VideoOS.Server.UnitTests.CommandHandler.MoveHardwareTaskCommandHandlerTests" name="MoveHardwareTaskCommandHandler_Execute_DeviceEvidenceLocks_OnlyOnEdge_MasterDistribution" />
    </UnitTest>
    <UnitTest name="UpdateHardwareTaskCommandHandler_Execute_RecorderOff_Tests" storage="d:\actions-runner\_work\xpco\xpco\corporate\videoos.server.unittests\bin\x64\debug\net472\videoos.server.unittests.dll" id="a9d72b6c-70a1-b339-513b-1aeef335d69f">
      <Execution id="5b1cd8b0-158f-4251-9f43-59d42497936e" />
      <TestMethod codeBase="D:\actions-runner\_work\XPCO\XPCO\Corporate\VideoOS.Server.UnitTests\bin\x64\Debug\net472\VideoOS.Server.UnitTests.dll" adapterTypeName="executor://mstestadapter/v2" className="VideoOS.Server.UnitTests.CommandHandler.UpdateHardwareTaskHandlerTests" name="UpdateHardwareTaskCommandHandler_Execute_RecorderOff_Tests" />
    </UnitTest>
    <UnitTest name="UpdateEvidenceLockSizesCommandHandlerTests_UpdateOneEvidenceLocksSize_RecorderServiceIdNotFound_SuccessResponse" storage="d:\actions-runner\_work\xpco\xpco\corporate\videoos.server.unittests\bin\x64\debug\net472\videoos.server.unittests.dll" id="11bbd187-a013-ec78-8284-a04f21b4c1f1">
      <Execution id="e16860f1-6c59-4c61-9697-c842a5438381" />
      <TestMethod codeBase="D:\actions-runner\_work\XPCO\XPCO\Corporate\VideoOS.Server.UnitTests\bin\x64\Debug\net472\VideoOS.Server.UnitTests.dll" adapterTypeName="executor://mstestadapter/v2" className="VideoOS.Server.UnitTests.CommandHandler.UpdateEvidenceLockSizesCommandHandlerTests" name="UpdateEvidenceLockSizesCommandHandlerTests_UpdateOneEvidenceLocksSize_RecorderServiceIdNotFound_SuccessResponse" />
    </UnitTest>
    <UnitTest name="SetupInitialHardwareUserCommandHandler_Execute_ThrowsIfGivenWrongCommandOrNullParameters" storage="d:\actions-runner\_work\xpco\xpco\corporate\videoos.server.unittests\bin\x64\debug\net472\videoos.server.unittests.dll" id="84a51335-f07d-f7b2-f044-69ed7678f206">
      <Execution id="93c6a368-b36f-46e6-ac22-0fcb24ab79fa" />
      <TestMethod codeBase="D:\actions-runner\_work\XPCO\XPCO\Corporate\VideoOS.Server.UnitTests\bin\x64\Debug\net472\VideoOS.Server.UnitTests.dll" adapterTypeName="executor://mstestadapter/v2" className="VideoOS.Server.UnitTests.CommandHandler.SetupInitialHardwareUserCommandHandlerUnitTests" name="SetupInitialHardwareUserCommandHandler_Execute_ThrowsIfGivenWrongCommandOrNullParameters" />
    </UnitTest>
    <UnitTest name="DeleteHardwareUserCommandHandler_Execute_ReturnsFailResponseOnEmptyHardwareId" storage="d:\actions-runner\_work\xpco\xpco\corporate\videoos.server.unittests\bin\x64\debug\net472\videoos.server.unittests.dll" id="0152b47b-1b3f-97f2-2057-f31638973d02">
      <Execution id="e20ba904-dcb3-4519-9dec-9caa29e623ec" />
      <TestMethod codeBase="D:\actions-runner\_work\XPCO\XPCO\Corporate\VideoOS.Server.UnitTests\bin\x64\Debug\net472\VideoOS.Server.UnitTests.dll" adapterTypeName="executor://mstestadapter/v2" className="VideoOS.Server.UnitTests.CommandHandler.DeleteHardwareUserCommandHandlerServerTests" name="DeleteHardwareUserCommandHandler_Execute_ReturnsFailResponseOnEmptyHardwareId" />
    </UnitTest>
    <UnitTest name="EdgeJobUpdatedCommand_ModelIsNull_BadRequestResult" storage="d:\actions-runner\_work\xpco\xpco\corporate\videoos.server.unittests\bin\x64\debug\net472\videoos.server.unittests.dll" id="b9e8bb21-8876-39d5-4535-cf3fac9c90aa">
      <Execution id="162f78fe-58c5-4ac2-811a-a78989bfa689" />
      <TestMethod codeBase="D:\actions-runner\_work\XPCO\XPCO\Corporate\VideoOS.Server.UnitTests\bin\x64\Debug\net472\VideoOS.Server.UnitTests.dll" adapterTypeName="executor://mstestadapter/v2" className="VideoOS.Server.UnitTests.DatabaseCommandsControllerTests" name="EdgeJobUpdatedCommand_ModelIsNull_BadRequestResult" />
    </UnitTest>
    <UnitTest name="ChangeHardwarePasswordRuleAction_Execute_TaskCreationQueryThrowsNotSupportedException_ErrorLogsCreated" storage="d:\actions-runner\_work\xpco\xpco\corporate\videoos.server.unittests\bin\x64\debug\net472\videoos.server.unittests.dll" id="e9d6d2f7-78f4-cd67-90f0-55662de68fd1">
      <Execution id="2ca737f4-dd04-45a8-9ae4-499e9ef3317c" />
      <TestMethod codeBase="D:\actions-runner\_work\XPCO\XPCO\Corporate\VideoOS.Server.UnitTests\bin\x64\Debug\net472\VideoOS.Server.UnitTests.dll" adapterTypeName="executor://mstestadapter/v2" className="VideoOS.Server.UnitTests.RuleActions.ChangeHardwarePasswordRuleActionUnitTests" name="ChangeHardwarePasswordRuleAction_Execute_TaskCreationQueryThrowsNotSupportedException_ErrorLogsCreated" />
    </UnitTest>
    <UnitTest name="CheckConfigurationDataSetTest_DeviceMulticastLicensedSuccess" storage="d:\actions-runner\_work\xpco\xpco\corporate\videoos.server.unittests\bin\x64\debug\net472\videoos.server.unittests.dll" id="ffb75c75-68be-f3be-e429-85550bfb8f3e">
      <Execution id="b49160e4-5789-437a-9179-183930950bcc" />
      <TestMethod codeBase="D:\actions-runner\_work\XPCO\XPCO\Corporate\VideoOS.Server.UnitTests\bin\x64\Debug\net472\VideoOS.Server.UnitTests.dll" adapterTypeName="executor://mstestadapter/v2" className="VideoOS.Server.UnitTests.Licensing.LicenseFeatureCheckerTest" name="CheckConfigurationDataSetTest_DeviceMulticastLicensedSuccess" />
    </UnitTest>
    <UnitTest name="FirmwareUpgradeTaskCommandHandler_Execute_Succeeded" storage="d:\actions-runner\_work\xpco\xpco\corporate\videoos.server.unittests\bin\x64\debug\net472\videoos.server.unittests.dll" id="917c91b6-467c-6f54-7bd6-727983952c45">
      <Execution id="b9838dc5-7a66-473c-82d7-b77293d561a9" />
      <TestMethod codeBase="D:\actions-runner\_work\XPCO\XPCO\Corporate\VideoOS.Server.UnitTests\bin\x64\Debug\net472\VideoOS.Server.UnitTests.dll" adapterTypeName="executor://mstestadapter/v2" className="VideoOS.Server.UnitTests.CommandHandler.FirmwareUpgradeTaskCommandHandlerTests" name="FirmwareUpgradeTaskCommandHandler_Execute_Succeeded" />
    </UnitTest>
    <UnitTest name="GetRecorderLicense_NonCameraDevicesAreMissingFromRecorderLicense_OnHardwareWithUnlicensedDevices" storage="d:\actions-runner\_work\xpco\xpco\corporate\videoos.server.unittests\bin\x64\debug\net472\videoos.server.unittests.dll" id="02d84cd5-f194-d426-ea17-5cdcafecf442">
      <TestCategory>
        <TestCategoryItem TestCategory="Licensing" />
      </TestCategory>
      <Execution id="b7c8f02f-51ce-4b2a-ad51-f9603b935177" />
      <TestMethod codeBase="D:\actions-runner\_work\XPCO\XPCO\Corporate\VideoOS.Server.UnitTests\bin\x64\Debug\net472\VideoOS.Server.UnitTests.dll" adapterTypeName="executor://mstestadapter/v2" className="VideoOS.Server.UnitTests.Licensing.LicenseManagerUnitTests" name="GetRecorderLicense_NonCameraDevicesAreMissingFromRecorderLicense_OnHardwareWithUnlicensedDevices" />
    </UnitTest>
    <UnitTest name="AllocateLicenses_HasOneUnlicensed_OnFourHardwareTwoLicensedOneGraceAndThreeAvailableLicenses" storage="d:\actions-runner\_work\xpco\xpco\corporate\videoos.server.unittests\bin\x64\debug\net472\videoos.server.unittests.dll" id="f538c1e2-d720-b824-52f9-f50d168cf0f7">
      <TestCategory>
        <TestCategoryItem TestCategory="Licensing" />
      </TestCategory>
      <Execution id="8ed111c2-a0f2-46ef-861b-7589fe9e129e" />
      <TestMethod codeBase="D:\actions-runner\_work\XPCO\XPCO\Corporate\VideoOS.Server.UnitTests\bin\x64\Debug\net472\VideoOS.Server.UnitTests.dll" adapterTypeName="executor://mstestadapter/v2" className="VideoOS.Server.UnitTests.Licensing.LicenseAllocatorHardwareTests" name="AllocateLicenses_HasOneUnlicensed_OnFourHardwareTwoLicensedOneGraceAndThreeAvailableLicenses" />
    </UnitTest>
    <UnitTest name="RemoveRecorderTask_RecorderNotFoundException_Handled" storage="d:\actions-runner\_work\xpco\xpco\corporate\videoos.server.unittests\bin\x64\debug\net472\videoos.server.unittests.dll" id="43db7f01-425d-9645-5651-efe78e6130a6">
      <Execution id="2cfb885d-436c-4667-bb10-b2dc1cf05e40" />
      <TestMethod codeBase="D:\actions-runner\_work\XPCO\XPCO\Corporate\VideoOS.Server.UnitTests\bin\x64\Debug\net472\VideoOS.Server.UnitTests.dll" adapterTypeName="executor://mstestadapter/v2" className="VideoOS.Server.UnitTests.TaskControllerTests" name="RemoveRecorderTask_RecorderNotFoundException_Handled" />
    </UnitTest>
    <UnitTest name="ConfigurationDataSetLoader_GetDevicesByRecorderId_Success" storage="d:\actions-runner\_work\xpco\xpco\corporate\videoos.server.unittests\bin\x64\debug\net472\videoos.server.unittests.dll" id="3d67bfa7-0477-e2e1-e723-7a48cdf889a9">
      <Execution id="75290997-4e09-4ad0-ab35-c35c1ab7359b" />
      <TestMethod codeBase="D:\actions-runner\_work\XPCO\XPCO\Corporate\VideoOS.Server.UnitTests\bin\x64\Debug\net472\VideoOS.Server.UnitTests.dll" adapterTypeName="executor://mstestadapter/v2" className="VideoOS.Server.UnitTests.Configuration.ConfigurationDataSetLoaderTests" name="ConfigurationDataSetLoader_GetDevicesByRecorderId_Success" />
    </UnitTest>
    <UnitTest name="HardwareLicense_GetExpireDate_ExistingItem_Returns_ValidExpiryDate" storage="d:\actions-runner\_work\xpco\xpco\corporate\videoos.server.unittests\bin\x64\debug\net472\videoos.server.unittests.dll" id="9a22ddaf-f9d6-2b58-0200-b7dd6d6df8ca">
      <Execution id="d26d2d1a-14bd-4e18-959e-328997c3cde8" />
      <TestMethod codeBase="D:\actions-runner\_work\XPCO\XPCO\Corporate\VideoOS.Server.UnitTests\bin\x64\Debug\net472\VideoOS.Server.UnitTests.dll" adapterTypeName="executor://mstestadapter/v2" className="VideoOS.Server.UnitTests.Licensing.LicenseSnapshotTests" name="HardwareLicense_GetExpireDate_ExistingItem_Returns_ValidExpiryDate" />
    </UnitTest>
    <UnitTest name="AllocateLicenses_NotActivated_SingleDevice_NotLicensed_OneInGrace" storage="d:\actions-runner\_work\xpco\xpco\corporate\videoos.server.unittests\bin\x64\debug\net472\videoos.server.unittests.dll" id="38eb4c07-3b43-9069-e1ce-3929bf582616">
      <TestCategory>
        <TestCategoryItem TestCategory="Licensing" />
      </TestCategory>
      <Execution id="9e09119e-f898-4b30-a9a1-4def184b29a6" />
      <TestMethod codeBase="D:\actions-runner\_work\XPCO\XPCO\Corporate\VideoOS.Server.UnitTests\bin\x64\Debug\net472\VideoOS.Server.UnitTests.dll" adapterTypeName="executor://mstestadapter/v2" className="VideoOS.Server.UnitTests.Licensing.LicenseAllocatorChannelTests" name="AllocateLicenses_NotActivated_SingleDevice_NotLicensed_OneInGrace" />
    </UnitTest>
    <UnitTest name="CheckMsFailoverStatusCommandHandler_Execute_InvokeEventFalse_Succeeded_ShouldNotTrigger" storage="d:\actions-runner\_work\xpco\xpco\corporate\videoos.server.unittests\bin\x64\debug\net472\videoos.server.unittests.dll" id="e4997c9b-0d9b-773d-98ac-95b9fd6943b7">
      <Execution id="590d5d76-85c4-4318-9407-8d38c0e21567" />
      <TestMethod codeBase="D:\actions-runner\_work\XPCO\XPCO\Corporate\VideoOS.Server.UnitTests\bin\x64\Debug\net472\VideoOS.Server.UnitTests.dll" adapterTypeName="executor://mstestadapter/v2" className="VideoOS.Server.UnitTests.CommandHandler.CheckMsFailoverStatusCommandHandlerUnitTest" name="CheckMsFailoverStatusCommandHandler_Execute_InvokeEventFalse_Succeeded_ShouldNotTrigger" />
    </UnitTest>
    <UnitTest name="GetRecorderLicense_AddsHardwareToReplacementLimit_OnNotLicensedHardware" storage="d:\actions-runner\_work\xpco\xpco\corporate\videoos.server.unittests\bin\x64\debug\net472\videoos.server.unittests.dll" id="7b8de1e5-9337-d62a-9f21-d2fb01f50c30">
      <TestCategory>
        <TestCategoryItem TestCategory="Licensing" />
      </TestCategory>
      <Execution id="bbeb5d4f-d965-4122-a5a4-c7939559dda1" />
      <TestMethod codeBase="D:\actions-runner\_work\XPCO\XPCO\Corporate\VideoOS.Server.UnitTests\bin\x64\Debug\net472\VideoOS.Server.UnitTests.dll" adapterTypeName="executor://mstestadapter/v2" className="VideoOS.Server.UnitTests.Licensing.LicenseManagerUnitTests" name="GetRecorderLicense_AddsHardwareToReplacementLimit_OnNotLicensedHardware" />
    </UnitTest>
    <UnitTest name="ChannelLicenseCountManager_GetHardwareUsedOnSite_Success" storage="d:\actions-runner\_work\xpco\xpco\corporate\videoos.server.unittests\bin\x64\debug\net472\videoos.server.unittests.dll" id="3caa7d05-5fe9-981d-2dde-9ddcd2d59c97">
      <TestCategory>
        <TestCategoryItem TestCategory="Licensing" />
      </TestCategory>
      <Execution id="602ba27e-4dc9-448f-9b12-659d358f9e81" />
      <TestMethod codeBase="D:\actions-runner\_work\XPCO\XPCO\Corporate\VideoOS.Server.UnitTests\bin\x64\Debug\net472\VideoOS.Server.UnitTests.dll" adapterTypeName="executor://mstestadapter/v2" className="VideoOS.Server.UnitTests.Licensing.LicenseCountManagerUnitTests" name="ChannelLicenseCountManager_GetHardwareUsedOnSite_Success" />
    </UnitTest>
    <UnitTest name="CheckSecurityDataSetTest_NotLicensedFail3" storage="d:\actions-runner\_work\xpco\xpco\corporate\videoos.server.unittests\bin\x64\debug\net472\videoos.server.unittests.dll" id="f88ce713-59cb-9a91-8f44-f65697fcffd5">
      <Execution id="45a015b7-892a-46d3-ba9c-505fbc2c4260" />
      <TestMethod codeBase="D:\actions-runner\_work\XPCO\XPCO\Corporate\VideoOS.Server.UnitTests\bin\x64\Debug\net472\VideoOS.Server.UnitTests.dll" adapterTypeName="executor://mstestadapter/v2" className="VideoOS.Server.UnitTests.Licensing.LicenseFeatureCheckerTest" name="CheckSecurityDataSetTest_NotLicensedFail3" />
    </UnitTest>
    <UnitTest name="CheckConfigurationDataSetTest_NotLicensedPass" storage="d:\actions-runner\_work\xpco\xpco\corporate\videoos.server.unittests\bin\x64\debug\net472\videoos.server.unittests.dll" id="818cea1f-5917-1618-f3c7-5914c367a3d4">
      <Execution id="40bff29f-96df-49aa-9fcf-dcb471a86293" />
      <TestMethod codeBase="D:\actions-runner\_work\XPCO\XPCO\Corporate\VideoOS.Server.UnitTests\bin\x64\Debug\net472\VideoOS.Server.UnitTests.dll" adapterTypeName="executor://mstestadapter/v2" className="VideoOS.Server.UnitTests.Licensing.LicenseFeatureCheckerTest" name="CheckConfigurationDataSetTest_NotLicensedPass" />
    </UnitTest>
    <UnitTest name="EventCollectorConstructor_Receiver_Null" storage="d:\actions-runner\_work\xpco\xpco\corporate\videoos.server.unittests\bin\x64\debug\net472\videoos.server.unittests.dll" id="51c810f9-6747-b0a8-4122-cb6b1986b141">
      <Execution id="866ceff0-1c7b-4664-b082-72b09e29ff59" />
      <TestMethod codeBase="D:\actions-runner\_work\XPCO\XPCO\Corporate\VideoOS.Server.UnitTests\bin\x64\Debug\net472\VideoOS.Server.UnitTests.dll" adapterTypeName="executor://mstestadapter/v2" className="VideoOS.Server.UnitTests.UpdateConfigurationManagerCommandHandlerTests" name="EventCollectorConstructor_Receiver_Null" />
    </UnitTest>
    <UnitTest name="AllocateLicenses_2HardwareWithCameraInGrace1HardwareWithNoCameraUnlicensed" storage="d:\actions-runner\_work\xpco\xpco\corporate\videoos.server.unittests\bin\x64\debug\net472\videoos.server.unittests.dll" id="6822bf18-105f-77ff-8eac-b0428e8c9310">
      <TestCategory>
        <TestCategoryItem TestCategory="Licensing" />
      </TestCategory>
      <Execution id="da13130d-8b8a-4455-9ae5-c5e04a695344" />
      <TestMethod codeBase="D:\actions-runner\_work\XPCO\XPCO\Corporate\VideoOS.Server.UnitTests\bin\x64\Debug\net472\VideoOS.Server.UnitTests.dll" adapterTypeName="executor://mstestadapter/v2" className="VideoOS.Server.UnitTests.Licensing.LicenseAllocatorChannelTests" name="AllocateLicenses_2HardwareWithCameraInGrace1HardwareWithNoCameraUnlicensed" />
    </UnitTest>
    <UnitTest name="HardwareInGraceOnWhiteList_ReplacedWith_HardwareNotOnWhiteList_ShouldGiveDevicesNewGracePeriod" storage="d:\actions-runner\_work\xpco\xpco\corporate\videoos.server.unittests\bin\x64\debug\net472\videoos.server.unittests.dll" id="fa05cc12-6ed6-5bdb-28c7-97fb71bf0ee7">
      <TestCategory>
        <TestCategoryItem TestCategory="Licensing Replace Hardware" />
        <TestCategoryItem TestCategory="Licensing" />
      </TestCategory>
      <Execution id="89fd924e-b976-4798-a70a-3af4dc9aacfd" />
      <TestMethod codeBase="D:\actions-runner\_work\XPCO\XPCO\Corporate\VideoOS.Server.UnitTests\bin\x64\Debug\net472\VideoOS.Server.UnitTests.dll" adapterTypeName="executor://mstestadapter/v2" className="VideoOS.Server.UnitTests.Licensing.LicenseAllocatorChannelTests" name="HardwareInGraceOnWhiteList_ReplacedWith_HardwareNotOnWhiteList_ShouldGiveDevicesNewGracePeriod" />
    </UnitTest>
    <UnitTest name="GetTotalReplacementLimit_ReturnsMaximum_OnPercentageBigerThanMaximum" storage="d:\actions-runner\_work\xpco\xpco\corporate\videoos.server.unittests\bin\x64\debug\net472\videoos.server.unittests.dll" id="2996350e-0593-3b86-206c-e0e20a3e8620">
      <TestCategory>
        <TestCategoryItem TestCategory="ReplacementLimit" />
      </TestCategory>
      <Execution id="c03a61f4-3364-4182-9177-2b5ebf44065a" />
      <TestMethod codeBase="D:\actions-runner\_work\XPCO\XPCO\Corporate\VideoOS.Server.UnitTests\bin\x64\Debug\net472\VideoOS.Server.UnitTests.dll" adapterTypeName="executor://mstestadapter/v2" className="VideoOS.Server.UnitTests.Licensing.ReplacementLimitTests" name="GetTotalReplacementLimit_ReturnsMaximum_OnPercentageBigerThanMaximum" />
    </UnitTest>
    <UnitTest name="GetRecorderLicense_LastEnabledHardwareIsWithoutLicense_OnEnabledHardwareBeingFirstInDataSetAndHardwareLicensing" storage="d:\actions-runner\_work\xpco\xpco\corporate\videoos.server.unittests\bin\x64\debug\net472\videoos.server.unittests.dll" id="6b424835-2972-43a3-be68-6096e160c56e">
      <TestCategory>
        <TestCategoryItem TestCategory="Licensing" />
      </TestCategory>
      <Execution id="478fdf3e-f010-4888-a285-2d1b6547229f" />
      <TestMethod codeBase="D:\actions-runner\_work\XPCO\XPCO\Corporate\VideoOS.Server.UnitTests\bin\x64\Debug\net472\VideoOS.Server.UnitTests.dll" adapterTypeName="executor://mstestadapter/v2" className="VideoOS.Server.UnitTests.Licensing.LicenseManagerUnitTests" name="GetRecorderLicense_LastEnabledHardwareIsWithoutLicense_OnEnabledHardwareBeingFirstInDataSetAndHardwareLicensing" />
    </UnitTest>
    <UnitTest name="ConvertIdpLog_UserChangePasswordSuccess" storage="d:\actions-runner\_work\xpco\xpco\corporate\videoos.server.unittests\bin\x64\debug\net472\videoos.server.unittests.dll" id="5b97f0b7-78ca-03e5-f404-238d7520c937">
      <Execution id="dd4f934c-58b3-4cea-bf1e-fe6bdbba52f6" />
      <TestMethod codeBase="D:\actions-runner\_work\XPCO\XPCO\Corporate\VideoOS.Server.UnitTests\bin\x64\Debug\net472\VideoOS.Server.UnitTests.dll" adapterTypeName="executor://mstestadapter/v2" className="VideoOS.Server.UnitTests.Log.IdpLogConverterTest" name="ConvertIdpLog_UserChangePasswordSuccess" />
    </UnitTest>
    <UnitTest name="AllocateLicenses_NotActivated_OneHardwareWithNoEnabledDevicesInChangesWithoutActivation_RemainsInChangesWithoutActivation" storage="d:\actions-runner\_work\xpco\xpco\corporate\videoos.server.unittests\bin\x64\debug\net472\videoos.server.unittests.dll" id="914c4474-b8e7-f364-7b5b-f69491ca046f">
      <TestCategory>
        <TestCategoryItem TestCategory="Licensing" />
      </TestCategory>
      <Execution id="c97cc0ac-1959-4421-baa2-82f15383a813" />
      <TestMethod codeBase="D:\actions-runner\_work\XPCO\XPCO\Corporate\VideoOS.Server.UnitTests\bin\x64\Debug\net472\VideoOS.Server.UnitTests.dll" adapterTypeName="executor://mstestadapter/v2" className="VideoOS.Server.UnitTests.Licensing.LicenseAllocatorChannelTests" name="AllocateLicenses_NotActivated_OneHardwareWithNoEnabledDevicesInChangesWithoutActivation_RemainsInChangesWithoutActivation" />
    </UnitTest>
    <UnitTest name="HardwareSetupInformationResponse_ModelIsValid_CommandExecuted" storage="d:\actions-runner\_work\xpco\xpco\corporate\videoos.server.unittests\bin\x64\debug\net472\videoos.server.unittests.dll" id="aa955f07-7424-0771-38cd-0f59873f2121">
      <Execution id="87e6e3b5-afe9-4695-b84a-934174429f78" />
      <TestMethod codeBase="D:\actions-runner\_work\XPCO\XPCO\Corporate\VideoOS.Server.UnitTests\bin\x64\Debug\net472\VideoOS.Server.UnitTests.dll" adapterTypeName="executor://mstestadapter/v2" className="VideoOS.Server.UnitTests.WebApi.ResponseControllerTest" name="HardwareSetupInformationResponse_ModelIsValid_CommandExecuted" />
    </UnitTest>
    <UnitTest name="EventCollector_ShouldEventBeFired_Accept_ServerEvents" storage="d:\actions-runner\_work\xpco\xpco\corporate\videoos.server.unittests\bin\x64\debug\net472\videoos.server.unittests.dll" id="f4e67b53-0b3e-aaa0-9b40-f3ce5bf9017a">
      <Execution id="fb9e6bd1-2804-4b8a-a71e-b60a83d2e5db" />
      <TestMethod codeBase="D:\actions-runner\_work\XPCO\XPCO\Corporate\VideoOS.Server.UnitTests\bin\x64\Debug\net472\VideoOS.Server.UnitTests.dll" adapterTypeName="executor://mstestadapter/v2" className="VideoOS.Server.UnitTests.UpdateConfigurationManagerCommandHandlerTests" name="EventCollector_ShouldEventBeFired_Accept_ServerEvents" />
    </UnitTest>
    <UnitTest name="GetHardwareNetworkSettingsCommandHandler_Constructor_ParameterNull_Throws" storage="d:\actions-runner\_work\xpco\xpco\corporate\videoos.server.unittests\bin\x64\debug\net472\videoos.server.unittests.dll" id="4dd16df4-f085-64ca-9a0c-8b383d03ff3b">
      <Execution id="3ae07eea-0874-4133-9c85-d6b4ea17d86b" />
      <TestMethod codeBase="D:\actions-runner\_work\XPCO\XPCO\Corporate\VideoOS.Server.UnitTests\bin\x64\Debug\net472\VideoOS.Server.UnitTests.dll" adapterTypeName="executor://mstestadapter/v2" className="VideoOS.Server.UnitTests.CommandHandler.GetHardwareNetworkSettingsCommandHandlerUnitTests" name="GetHardwareNetworkSettingsCommandHandler_Constructor_ParameterNull_Throws" />
    </UnitTest>
    <UnitTest name="EvidenceLockOnOldRecorderCommandHandlerTests_Constructor_ServerEnvironmentNull_ArgumentNullException" storage="d:\actions-runner\_work\xpco\xpco\corporate\videoos.server.unittests\bin\x64\debug\net472\videoos.server.unittests.dll" id="bc66d075-b5d9-87ae-4f1c-513441f8165c">
      <Execution id="d93ee191-2302-48ae-a6ac-be72409a2707" />
      <TestMethod codeBase="D:\actions-runner\_work\XPCO\XPCO\Corporate\VideoOS.Server.UnitTests\bin\x64\Debug\net472\VideoOS.Server.UnitTests.dll" adapterTypeName="executor://mstestadapter/v2" className="VideoOS.Server.UnitTests.CommandHandler.EvidenceLockOnOldRecorderCommandHandlerTests" name="EvidenceLockOnOldRecorderCommandHandlerTests_Constructor_ServerEnvironmentNull_ArgumentNullException" />
    </UnitTest>
    <UnitTest name="UpdateRecorderStatusData_ModelIsValid_CommandExecuted" storage="d:\actions-runner\_work\xpco\xpco\corporate\videoos.server.unittests\bin\x64\debug\net472\videoos.server.unittests.dll" id="b14f960a-5692-5365-6f95-7278ee7ee4f3">
      <Execution id="3f3e94b4-86b6-4496-b0e1-6771330d2ec6" />
      <TestMethod codeBase="D:\actions-runner\_work\XPCO\XPCO\Corporate\VideoOS.Server.UnitTests\bin\x64\Debug\net472\VideoOS.Server.UnitTests.dll" adapterTypeName="executor://mstestadapter/v2" className="VideoOS.Server.UnitTests.RecorderControllerTest" name="UpdateRecorderStatusData_ModelIsValid_CommandExecuted" />
    </UnitTest>
    <UnitTest name="EvidenceLockUpdateScheduler_UnknownSizeCheckTimerCallback_Issues_Command" storage="d:\actions-runner\_work\xpco\xpco\corporate\videoos.server.unittests\bin\x64\debug\net472\videoos.server.unittests.dll" id="79d9da09-79d5-2be0-5f28-ac252e22bd40">
      <Execution id="4a1a42ca-6826-4b26-ad4b-b27a9a44261b" />
      <TestMethod codeBase="D:\actions-runner\_work\XPCO\XPCO\Corporate\VideoOS.Server.UnitTests\bin\x64\Debug\net472\VideoOS.Server.UnitTests.dll" adapterTypeName="executor://mstestadapter/v2" className="VideoOS.Server.UnitTests.EvidenceLockUpdateSchedulerUnitTests" name="EvidenceLockUpdateScheduler_UnknownSizeCheckTimerCallback_Issues_Command" />
    </UnitTest>
    <UnitTest name="Constructor_LoggerIsNull_ArgumentNullExceptionThrown" storage="d:\actions-runner\_work\xpco\xpco\corporate\videoos.server.unittests\bin\x64\debug\net472\videoos.server.unittests.dll" id="b47967dd-ebf4-c080-e70d-64c8aed86b3c">
      <Execution id="a2735c1b-c39b-40c9-ae0a-8451f372432c" />
      <TestMethod codeBase="D:\actions-runner\_work\XPCO\XPCO\Corporate\VideoOS.Server.UnitTests\bin\x64\Debug\net472\VideoOS.Server.UnitTests.dll" adapterTypeName="executor://mstestadapter/v2" className="VideoOS.Server.UnitTests.ServerUnhandledExceptionLoggerTests" name="Constructor_LoggerIsNull_ArgumentNullExceptionThrown" />
    </UnitTest>
    <UnitTest name="ChannelLicenseCountManager_FindActiveHardwareInChangesWithoutActivation_ReturnsEmptyList_OnOnlyDeletedHardwareInChanges" storage="d:\actions-runner\_work\xpco\xpco\corporate\videoos.server.unittests\bin\x64\debug\net472\videoos.server.unittests.dll" id="596d26c1-a184-f4f9-9435-7f20127842cb">
      <TestCategory>
        <TestCategoryItem TestCategory="Licensing" />
      </TestCategory>
      <Execution id="6dd0a829-0e52-4900-aa05-8f47e327f8c3" />
      <TestMethod codeBase="D:\actions-runner\_work\XPCO\XPCO\Corporate\VideoOS.Server.UnitTests\bin\x64\Debug\net472\VideoOS.Server.UnitTests.dll" adapterTypeName="executor://mstestadapter/v2" className="VideoOS.Server.UnitTests.Licensing.LicenseCountManagerUnitTests" name="ChannelLicenseCountManager_FindActiveHardwareInChangesWithoutActivation_ReturnsEmptyList_OnOnlyDeletedHardwareInChanges" />
    </UnitTest>
    <UnitTest name="ConvertIdpLog_UserLockedOut" storage="d:\actions-runner\_work\xpco\xpco\corporate\videoos.server.unittests\bin\x64\debug\net472\videoos.server.unittests.dll" id="f99da047-6c28-65f2-2cd6-bc6e29c618aa">
      <Execution id="de848a0d-5908-4b16-b1be-9e209514c2d5" />
      <TestMethod codeBase="D:\actions-runner\_work\XPCO\XPCO\Corporate\VideoOS.Server.UnitTests\bin\x64\Debug\net472\VideoOS.Server.UnitTests.dll" adapterTypeName="executor://mstestadapter/v2" className="VideoOS.Server.UnitTests.Log.IdpLogConverterTest" name="ConvertIdpLog_UserLockedOut" />
    </UnitTest>
    <UnitTest name="DeleteHardwareUserCommandHandler_Execute_ReturnsCorrectResponsesOnExceptions" storage="d:\actions-runner\_work\xpco\xpco\corporate\videoos.server.unittests\bin\x64\debug\net472\videoos.server.unittests.dll" id="f09f945d-010d-c134-c57a-c98e4f5f6c9d">
      <Execution id="90fd2262-d4eb-46ec-beb6-8951013f4329" />
      <TestMethod codeBase="D:\actions-runner\_work\XPCO\XPCO\Corporate\VideoOS.Server.UnitTests\bin\x64\Debug\net472\VideoOS.Server.UnitTests.dll" adapterTypeName="executor://mstestadapter/v2" className="VideoOS.Server.UnitTests.CommandHandler.DeleteHardwareUserCommandHandlerServerTests" name="DeleteHardwareUserCommandHandler_Execute_ReturnsCorrectResponsesOnExceptions" />
    </UnitTest>
    <UnitTest name="HardwareInCWAOnWhiteList_ReplacedWithNoInheritance_HardwareOnWhiteList_CWAAllowed_NewHardwareInCWA" storage="d:\actions-runner\_work\xpco\xpco\corporate\videoos.server.unittests\bin\x64\debug\net472\videoos.server.unittests.dll" id="a652b815-d800-d206-be7c-325ec52c6c7d">
      <TestCategory>
        <TestCategoryItem TestCategory="Licensing Replace Hardware" />
        <TestCategoryItem TestCategory="Licensing" />
      </TestCategory>
      <Execution id="3183b9d9-74e1-4fbb-a54f-9e617a85b526" />
      <TestMethod codeBase="D:\actions-runner\_work\XPCO\XPCO\Corporate\VideoOS.Server.UnitTests\bin\x64\Debug\net472\VideoOS.Server.UnitTests.dll" adapterTypeName="executor://mstestadapter/v2" className="VideoOS.Server.UnitTests.Licensing.LicenseAllocatorChannelTests" name="HardwareInCWAOnWhiteList_ReplacedWithNoInheritance_HardwareOnWhiteList_CWAAllowed_NewHardwareInCWA" />
    </UnitTest>
    <UnitTest name="GetConnectedClient_FreeClientExists_CachedClientReturned" storage="d:\actions-runner\_work\xpco\xpco\corporate\videoos.server.unittests\bin\x64\debug\net472\videoos.server.unittests.dll" id="a42cc845-687e-1497-569a-71593932f47a">
      <Execution id="3c64f47d-c195-43d3-9de2-6169ac006022" />
      <TestMethod codeBase="D:\actions-runner\_work\XPCO\XPCO\Corporate\VideoOS.Server.UnitTests\bin\x64\Debug\net472\VideoOS.Server.UnitTests.dll" adapterTypeName="executor://mstestadapter/v2" className="VideoOS.Server.UnitTests.CommandHandler.VmoClientsPoolTests" name="GetConnectedClient_FreeClientExists_CachedClientReturned" />
    </UnitTest>
    <UnitTest name="AllocateLicensesNotActivated_WhitelistedDriver_CWA_ThreeHardware_OneHardwareDisabled_OneHardwareNotWhitelisted_ValidateLicenseTypes" storage="d:\actions-runner\_work\xpco\xpco\corporate\videoos.server.unittests\bin\x64\debug\net472\videoos.server.unittests.dll" id="8039a04f-aa3d-b9b0-cb5a-bbf13ecc63c0">
      <TestCategory>
        <TestCategoryItem TestCategory="Licensing" />
      </TestCategory>
      <Execution id="50c949df-473c-4e0a-9c97-904316153892" />
      <TestMethod codeBase="D:\actions-runner\_work\XPCO\XPCO\Corporate\VideoOS.Server.UnitTests\bin\x64\Debug\net472\VideoOS.Server.UnitTests.dll" adapterTypeName="executor://mstestadapter/v2" className="VideoOS.Server.UnitTests.Licensing.LicenseAllocatorChannelTests" name="AllocateLicensesNotActivated_WhitelistedDriver_CWA_ThreeHardware_OneHardwareDisabled_OneHardwareNotWhitelisted_ValidateLicenseTypes" />
    </UnitTest>
    <UnitTest name="LicenseCountManager_ReplacementHardware_ClearByRecorder_DoesNotChangeReplacementLimit" storage="d:\actions-runner\_work\xpco\xpco\corporate\videoos.server.unittests\bin\x64\debug\net472\videoos.server.unittests.dll" id="feaed097-5808-62b9-4211-f6bdd56b855b">
      <TestCategory>
        <TestCategoryItem TestCategory="Licensing" />
      </TestCategory>
      <Execution id="dac10630-27af-483b-894e-978621d44582" />
      <TestMethod codeBase="D:\actions-runner\_work\XPCO\XPCO\Corporate\VideoOS.Server.UnitTests\bin\x64\Debug\net472\VideoOS.Server.UnitTests.dll" adapterTypeName="executor://mstestadapter/v2" className="VideoOS.Server.UnitTests.Licensing.LicenseCountManagerUnitTests" name="LicenseCountManager_ReplacementHardware_ClearByRecorder_DoesNotChangeReplacementLimit" />
    </UnitTest>
    <UnitTest name="LicenseCountManager_IsHardwareWithoutEnabledCamerasLicensed_ReturnsFalse_WhenAddLicensedHardwareCalledFirst_FreeLicense" storage="d:\actions-runner\_work\xpco\xpco\corporate\videoos.server.unittests\bin\x64\debug\net472\videoos.server.unittests.dll" id="629bb24f-6cf3-8a21-f229-a005d9404e46">
      <TestCategory>
        <TestCategoryItem TestCategory="Licensing" />
      </TestCategory>
      <Execution id="71e678ef-26bb-49fa-90de-a63d01a345af" />
      <TestMethod codeBase="D:\actions-runner\_work\XPCO\XPCO\Corporate\VideoOS.Server.UnitTests\bin\x64\Debug\net472\VideoOS.Server.UnitTests.dll" adapterTypeName="executor://mstestadapter/v2" className="VideoOS.Server.UnitTests.Licensing.LicenseCountManagerUnitTests" name="LicenseCountManager_IsHardwareWithoutEnabledCamerasLicensed_ReturnsFalse_WhenAddLicensedHardwareCalledFirst_FreeLicense" />
    </UnitTest>
    <UnitTest name="HardwareScanExpressTaskCommandHandler_Execute_Succeeded" storage="d:\actions-runner\_work\xpco\xpco\corporate\videoos.server.unittests\bin\x64\debug\net472\videoos.server.unittests.dll" id="a3af70b7-cccc-2f1a-f5b6-ff03b6d8d4b6">
      <Execution id="299ecd60-e09f-4448-a59c-d80b34dc2ae8" />
      <TestMethod codeBase="D:\actions-runner\_work\XPCO\XPCO\Corporate\VideoOS.Server.UnitTests\bin\x64\Debug\net472\VideoOS.Server.UnitTests.dll" adapterTypeName="executor://mstestadapter/v2" className="VideoOS.Server.UnitTests.CommandHandler.HardwareScanExpressTaskCommandHandlerTest" name="HardwareScanExpressTaskCommandHandler_Execute_Succeeded" />
    </UnitTest>
    <UnitTest name="SetupInitialHardwareUserCommandHandler_Execute_ReturnsFailResponseOnEmptyRecorderId" storage="d:\actions-runner\_work\xpco\xpco\corporate\videoos.server.unittests\bin\x64\debug\net472\videoos.server.unittests.dll" id="c5b6b720-03d0-f3a5-ddc2-0f57daed133f">
      <Execution id="988eb84d-9e17-4f02-91fb-e86a01fe7e04" />
      <TestMethod codeBase="D:\actions-runner\_work\XPCO\XPCO\Corporate\VideoOS.Server.UnitTests\bin\x64\Debug\net472\VideoOS.Server.UnitTests.dll" adapterTypeName="executor://mstestadapter/v2" className="VideoOS.Server.UnitTests.CommandHandler.SetupInitialHardwareUserCommandHandlerUnitTests" name="SetupInitialHardwareUserCommandHandler_Execute_ReturnsFailResponseOnEmptyRecorderId" />
    </UnitTest>
    <UnitTest name="HardwareInCWAOnWhiteList_ReplacedWithNoInheritance_HardwareOnWhiteList_MixedCWAAllowed_FewerChannelsOnReplacedHardware_NewHardwareInCWA" storage="d:\actions-runner\_work\xpco\xpco\corporate\videoos.server.unittests\bin\x64\debug\net472\videoos.server.unittests.dll" id="7e4c1e89-625a-43b9-de03-e848c63a328b">
      <TestCategory>
        <TestCategoryItem TestCategory="Licensing Replace Hardware" />
        <TestCategoryItem TestCategory="Licensing" />
      </TestCategory>
      <Execution id="9aedc814-b8f0-4aaa-9a2a-fc19c82bdb28" />
      <TestMethod codeBase="D:\actions-runner\_work\XPCO\XPCO\Corporate\VideoOS.Server.UnitTests\bin\x64\Debug\net472\VideoOS.Server.UnitTests.dll" adapterTypeName="executor://mstestadapter/v2" className="VideoOS.Server.UnitTests.Licensing.LicenseAllocatorChannelTests" name="HardwareInCWAOnWhiteList_ReplacedWithNoInheritance_HardwareOnWhiteList_MixedCWAAllowed_FewerChannelsOnReplacedHardware_NewHardwareInCWA" />
    </UnitTest>
    <UnitTest name="AnalyzeAndCreateAuditLogs_AddedTimeProfileDefaultRoleRelationRow_ReturnsOneAuditLog" storage="d:\actions-runner\_work\xpco\xpco\corporate\videoos.server.unittests\bin\x64\debug\net472\videoos.server.unittests.dll" id="7f62bbb1-62fb-7e4f-eb0f-a20432287329">
      <Execution id="0086129b-9a9c-467a-80bc-0f64b30c71b3" />
      <TestMethod codeBase="D:\actions-runner\_work\XPCO\XPCO\Corporate\VideoOS.Server.UnitTests\bin\x64\Debug\net472\VideoOS.Server.UnitTests.dll" adapterTypeName="executor://mstestadapter/v2" className="VideoOS.Server.UnitTests.CommandHandler.DataSetAuditLogAnalyzerTests" name="AnalyzeAndCreateAuditLogs_AddedTimeProfileDefaultRoleRelationRow_ReturnsOneAuditLog" />
    </UnitTest>
    <UnitTest name="UpdateLicense_DeletesReplacementTokens_OnHardwareInTemporaryLicenseStorage" storage="d:\actions-runner\_work\xpco\xpco\corporate\videoos.server.unittests\bin\x64\debug\net472\videoos.server.unittests.dll" id="d7ca02f8-7e5d-6bf1-c855-672d978358c4">
      <TestCategory>
        <TestCategoryItem TestCategory="Licensing" />
      </TestCategory>
      <Execution id="ac48f406-721d-4098-b799-9387f1dc5b7d" />
      <TestMethod codeBase="D:\actions-runner\_work\XPCO\XPCO\Corporate\VideoOS.Server.UnitTests\bin\x64\Debug\net472\VideoOS.Server.UnitTests.dll" adapterTypeName="executor://mstestadapter/v2" className="VideoOS.Server.UnitTests.Licensing.LicenseManagerUnitTests" name="UpdateLicense_DeletesReplacementTokens_OnHardwareInTemporaryLicenseStorage" />
    </UnitTest>
    <UnitTest name="GenerateLicenseRequestAsXml_IncludesOnlyFeedNameInICPCollection_OnICP" storage="d:\actions-runner\_work\xpco\xpco\corporate\videoos.server.unittests\bin\x64\debug\net472\videoos.server.unittests.dll" id="15f924f4-2f7b-14ae-f0a3-9864c8f45825">
      <TestCategory>
        <TestCategoryItem TestCategory="Licensing" />
      </TestCategory>
      <Execution id="1392d607-1801-49f8-8f92-2a0444f348c1" />
      <TestMethod codeBase="D:\actions-runner\_work\XPCO\XPCO\Corporate\VideoOS.Server.UnitTests\bin\x64\Debug\net472\VideoOS.Server.UnitTests.dll" adapterTypeName="executor://mstestadapter/v2" className="VideoOS.Server.UnitTests.Licensing.LicenseRequestChannelTests" name="GenerateLicenseRequestAsXml_IncludesOnlyFeedNameInICPCollection_OnICP" />
    </UnitTest>
    <UnitTest name="CheckConfigurationDataSet_AAC_Hardware_NoAACSetting_NotLicensed_Sucess" storage="d:\actions-runner\_work\xpco\xpco\corporate\videoos.server.unittests\bin\x64\debug\net472\videoos.server.unittests.dll" id="92076d0f-acfe-255b-5fb1-f30e5a145d3b">
      <Execution id="413a68e2-1139-446d-b6a6-b5e4134d7d16" />
      <TestMethod codeBase="D:\actions-runner\_work\XPCO\XPCO\Corporate\VideoOS.Server.UnitTests\bin\x64\Debug\net472\VideoOS.Server.UnitTests.dll" adapterTypeName="executor://mstestadapter/v2" className="VideoOS.Server.UnitTests.Licensing.LicenseFeatureCheckerTest" name="CheckConfigurationDataSet_AAC_Hardware_NoAACSetting_NotLicensed_Sucess" />
    </UnitTest>
    <UnitTest name="DeleteHardwareTaskCommandHandler_Constructor_Arguments_Null_Throws" storage="d:\actions-runner\_work\xpco\xpco\corporate\videoos.server.unittests\bin\x64\debug\net472\videoos.server.unittests.dll" id="26c3b5d9-f363-c07f-e330-95af8cd3b7ce">
      <Execution id="b4957f56-450b-4f4d-8daf-8e996378b0cf" />
      <TestMethod codeBase="D:\actions-runner\_work\XPCO\XPCO\Corporate\VideoOS.Server.UnitTests\bin\x64\Debug\net472\VideoOS.Server.UnitTests.dll" adapterTypeName="executor://mstestadapter/v2" className="VideoOS.Server.UnitTests.CommandHandler.DeleteHardwareTaskCommandHandlerTest" name="DeleteHardwareTaskCommandHandler_Constructor_Arguments_Null_Throws" />
    </UnitTest>
    <UnitTest name="RecorderTaskStopped_ModelIsValid_Executed" storage="d:\actions-runner\_work\xpco\xpco\corporate\videoos.server.unittests\bin\x64\debug\net472\videoos.server.unittests.dll" id="c678b432-028d-2314-d5e0-c2e7439f5a1b">
      <Execution id="6783ecd6-2f4c-4094-a003-e202d1f236d0" />
      <TestMethod codeBase="D:\actions-runner\_work\XPCO\XPCO\Corporate\VideoOS.Server.UnitTests\bin\x64\Debug\net472\VideoOS.Server.UnitTests.dll" adapterTypeName="executor://mstestadapter/v2" className="VideoOS.Server.UnitTests.TaskControllerTests" name="RecorderTaskStopped_ModelIsValid_Executed" />
    </UnitTest>
    <UnitTest name="HardwareInGraceNotOnWhiteList_ReplacedWithInheritance_HardwareNotOnWhiteList_MoreDevicesOnNewHardware_ShouldGiveDevicesNewGracePeriod" storage="d:\actions-runner\_work\xpco\xpco\corporate\videoos.server.unittests\bin\x64\debug\net472\videoos.server.unittests.dll" id="22a490c0-6acc-6ed1-db4f-f6924fd19704">
      <TestCategory>
        <TestCategoryItem TestCategory="Licensing Replace Hardware" />
        <TestCategoryItem TestCategory="Licensing" />
      </TestCategory>
      <Execution id="b1b42ad1-5e95-48a5-a08a-c2eb2d5a0dd1" />
      <TestMethod codeBase="D:\actions-runner\_work\XPCO\XPCO\Corporate\VideoOS.Server.UnitTests\bin\x64\Debug\net472\VideoOS.Server.UnitTests.dll" adapterTypeName="executor://mstestadapter/v2" className="VideoOS.Server.UnitTests.Licensing.LicenseAllocatorChannelTests" name="HardwareInGraceNotOnWhiteList_ReplacedWithInheritance_HardwareNotOnWhiteList_MoreDevicesOnNewHardware_ShouldGiveDevicesNewGracePeriod" />
    </UnitTest>
    <UnitTest name="WriteRecordingServerInformation_InvalidParameter_TextWriter_Null_ThrowsArgumentNullException" storage="d:\actions-runner\_work\xpco\xpco\corporate\videoos.server.unittests\bin\x64\debug\net472\videoos.server.unittests.dll" id="46c74980-8a1e-d86d-57a7-e63c9b00729d">
      <TestCategory>
        <TestCategoryItem TestCategory="Licensing" />
      </TestCategory>
      <Execution id="8eebc9b2-dc8c-4c32-9a1b-c55b5a78d6e6" />
      <TestMethod codeBase="D:\actions-runner\_work\XPCO\XPCO\Corporate\VideoOS.Server.UnitTests\bin\x64\Debug\net472\VideoOS.Server.UnitTests.dll" adapterTypeName="executor://mstestadapter/v2" className="VideoOS.Server.UnitTests.Licensing.LicenseRequestChannelTests" name="WriteRecordingServerInformation_InvalidParameter_TextWriter_Null_ThrowsArgumentNullException" />
    </UnitTest>
    <UnitTest name="ConfigurationDataSetLoader_GetHardwareByDeviceGroupId_Success" storage="d:\actions-runner\_work\xpco\xpco\corporate\videoos.server.unittests\bin\x64\debug\net472\videoos.server.unittests.dll" id="aea5dfb9-2254-cf07-0f94-f25708ec001e">
      <Execution id="690a84b0-916a-42e1-9e0c-5360cc0d714f" />
      <TestMethod codeBase="D:\actions-runner\_work\XPCO\XPCO\Corporate\VideoOS.Server.UnitTests\bin\x64\Debug\net472\VideoOS.Server.UnitTests.dll" adapterTypeName="executor://mstestadapter/v2" className="VideoOS.Server.UnitTests.Configuration.ConfigurationDataSetLoaderTests" name="ConfigurationDataSetLoader_GetHardwareByDeviceGroupId_Success" />
    </UnitTest>
    <UnitTest name="HardwareInCWAOnWhiteList_ReplacedWithInheritance_HardwareOnWhiteList_MixedCWAAllowed_SomeDevicesInCWA" storage="d:\actions-runner\_work\xpco\xpco\corporate\videoos.server.unittests\bin\x64\debug\net472\videoos.server.unittests.dll" id="d083f726-e76b-bd25-462e-728440f48f8e">
      <TestCategory>
        <TestCategoryItem TestCategory="Licensing Replace Hardware" />
        <TestCategoryItem TestCategory="Licensing" />
      </TestCategory>
      <Execution id="b169067e-35e5-421e-a18b-a0b69bef9c3c" />
      <TestMethod codeBase="D:\actions-runner\_work\XPCO\XPCO\Corporate\VideoOS.Server.UnitTests\bin\x64\Debug\net472\VideoOS.Server.UnitTests.dll" adapterTypeName="executor://mstestadapter/v2" className="VideoOS.Server.UnitTests.Licensing.LicenseAllocatorChannelTests" name="HardwareInCWAOnWhiteList_ReplacedWithInheritance_HardwareOnWhiteList_MixedCWAAllowed_SomeDevicesInCWA" />
    </UnitTest>
    <UnitTest name="RegisterRecorder_NoRecorderWorkTime_ServiceUnavailableResponseWithRetryAfter" storage="d:\actions-runner\_work\xpco\xpco\corporate\videoos.server.unittests\bin\x64\debug\net472\videoos.server.unittests.dll" id="d521a624-98c8-ffd7-d23b-ccfcf889cbc2">
      <Execution id="8028d0cd-1604-4de4-ba9f-3574dbe5750e" />
      <TestMethod codeBase="D:\actions-runner\_work\XPCO\XPCO\Corporate\VideoOS.Server.UnitTests\bin\x64\Debug\net472\VideoOS.Server.UnitTests.dll" adapterTypeName="executor://mstestadapter/v2" className="VideoOS.Server.UnitTests.WebApi.Controllers.RecorderRegistrationControllerTests" name="RegisterRecorder_NoRecorderWorkTime_ServiceUnavailableResponseWithRetryAfter" />
    </UnitTest>
    <UnitTest name="AnalyzeAndCreateAuditLogs_ModifiedSecurityPermissionsDeviceRowAllVariationsThatGiveAuditLog_ReturnsOneAuditLog" storage="d:\actions-runner\_work\xpco\xpco\corporate\videoos.server.unittests\bin\x64\debug\net472\videoos.server.unittests.dll" id="d845b233-ac5e-a167-2fe4-a3b1d9f6146c">
      <Execution id="90988ad7-1653-43c6-8b38-9c5490543adf" />
      <TestMethod codeBase="D:\actions-runner\_work\XPCO\XPCO\Corporate\VideoOS.Server.UnitTests\bin\x64\Debug\net472\VideoOS.Server.UnitTests.dll" adapterTypeName="executor://mstestadapter/v2" className="VideoOS.Server.UnitTests.CommandHandler.DataSetAuditLogAnalyzerTests" name="AnalyzeAndCreateAuditLogs_ModifiedSecurityPermissionsDeviceRowAllVariationsThatGiveAuditLog_ReturnsOneAuditLog" />
    </UnitTest>
    <UnitTest name="DeviceLicense_AddNew_IsUpdated_RetrieveAsList_Success" storage="d:\actions-runner\_work\xpco\xpco\corporate\videoos.server.unittests\bin\x64\debug\net472\videoos.server.unittests.dll" id="2dec243a-efa5-1ca3-680b-6e69418d9fb9">
      <Execution id="6a1fe79f-4d46-400a-9ee0-e0e7957422d0" />
      <TestMethod codeBase="D:\actions-runner\_work\XPCO\XPCO\Corporate\VideoOS.Server.UnitTests\bin\x64\Debug\net472\VideoOS.Server.UnitTests.dll" adapterTypeName="executor://mstestadapter/v2" className="VideoOS.Server.UnitTests.Licensing.LicenseSnapshotTests" name="DeviceLicense_AddNew_IsUpdated_RetrieveAsList_Success" />
    </UnitTest>
    <UnitTest name="HardwareActivatedOnWhiteList_ReplacedWithInheritance_HardwareNotOnWhiteList_CWAAllowed_AllDevicesInCWA" storage="d:\actions-runner\_work\xpco\xpco\corporate\videoos.server.unittests\bin\x64\debug\net472\videoos.server.unittests.dll" id="d6460fef-7c1f-f733-199f-97b4a5b4124b">
      <TestCategory>
        <TestCategoryItem TestCategory="Licensing Replace Hardware" />
        <TestCategoryItem TestCategory="Licensing" />
      </TestCategory>
      <Execution id="15aae671-3b21-4893-985f-86ec564f043c" />
      <TestMethod codeBase="D:\actions-runner\_work\XPCO\XPCO\Corporate\VideoOS.Server.UnitTests\bin\x64\Debug\net472\VideoOS.Server.UnitTests.dll" adapterTypeName="executor://mstestadapter/v2" className="VideoOS.Server.UnitTests.Licensing.LicenseAllocatorChannelTests" name="HardwareActivatedOnWhiteList_ReplacedWithInheritance_HardwareNotOnWhiteList_CWAAllowed_AllDevicesInCWA" />
    </UnitTest>
    <UnitTest name="CheckForAutomaticActivationTrigger_ReturnsTrue_OnAddedDevice" storage="d:\actions-runner\_work\xpco\xpco\corporate\videoos.server.unittests\bin\x64\debug\net472\videoos.server.unittests.dll" id="6455e186-afd0-ed2c-2940-e86bf92fc908">
      <TestCategory>
        <TestCategoryItem TestCategory="Licensing" />
      </TestCategory>
      <Execution id="663bf6fe-6965-4bd3-bd21-ddba4beae018" />
      <TestMethod codeBase="D:\actions-runner\_work\XPCO\XPCO\Corporate\VideoOS.Server.UnitTests\bin\x64\Debug\net472\VideoOS.Server.UnitTests.dll" adapterTypeName="executor://mstestadapter/v2" className="VideoOS.Server.UnitTests.Commands.UpdateConfigurationManagerCommandHandlerTests" name="CheckForAutomaticActivationTrigger_ReturnsTrue_OnAddedDevice" />
    </UnitTest>
    <UnitTest name="AllocateLicenses_TwoMissingICPChannelLicenses_OnOneICPWithTwoCameras" storage="d:\actions-runner\_work\xpco\xpco\corporate\videoos.server.unittests\bin\x64\debug\net472\videoos.server.unittests.dll" id="b4e32be7-f876-d1d1-b34b-4d98d121b1bf">
      <Execution id="2c894f8f-a21c-4faa-a9bb-5cb0b490a3ad" />
      <TestMethod codeBase="D:\actions-runner\_work\XPCO\XPCO\Corporate\VideoOS.Server.UnitTests\bin\x64\Debug\net472\VideoOS.Server.UnitTests.dll" adapterTypeName="executor://mstestadapter/v2" className="VideoOS.Server.UnitTests.Licensing.LicenseAllocatorHardwareTests" name="AllocateLicenses_TwoMissingICPChannelLicenses_OnOneICPWithTwoCameras" />
    </UnitTest>
    <UnitTest name="ValidateStableFPS_WhenWhiteListedByModelName_WithFiveChannels_ExpectOneLicenseUsed" storage="d:\actions-runner\_work\xpco\xpco\corporate\videoos.server.unittests\bin\x64\debug\net472\videoos.server.unittests.dll" id="9c43e4bf-422f-da08-c99e-7748f79f67a9">
      <TestCategory>
        <TestCategoryItem TestCategory="Licensing" />
      </TestCategory>
      <Execution id="41df0e92-ba3d-4d9c-beb2-145b47276dab" />
      <TestMethod codeBase="D:\actions-runner\_work\XPCO\XPCO\Corporate\VideoOS.Server.UnitTests\bin\x64\Debug\net472\VideoOS.Server.UnitTests.dll" adapterTypeName="executor://mstestadapter/v2" className="VideoOS.Server.UnitTests.Licensing.LicenseAllocatorChannelTests" name="ValidateStableFPS_WhenWhiteListedByModelName_WithFiveChannels_ExpectOneLicenseUsed" />
    </UnitTest>
    <UnitTest name="TaskHandling_InternalUpdateReparingTasks_Simpleupdate_Success" storage="d:\actions-runner\_work\xpco\xpco\corporate\videoos.server.unittests\bin\x64\debug\net472\videoos.server.unittests.dll" id="1bc809a8-afd9-bba4-87fb-170f78940090">
      <Execution id="dc75fea1-ce3c-489d-893a-ce1708c52422" />
      <TestMethod codeBase="D:\actions-runner\_work\XPCO\XPCO\Corporate\VideoOS.Server.UnitTests\bin\x64\Debug\net472\VideoOS.Server.UnitTests.dll" adapterTypeName="executor://mstestadapter/v2" className="VideoOS.Server.UnitTests.Tasks.TaskHandlingUnitTests" name="TaskHandling_InternalUpdateReparingTasks_Simpleupdate_Success" />
    </UnitTest>
    <UnitTest name="HardwareInCWANotOnWhiteList_ReplacedWithInheritance_HardwareOnWhiteList_NoMoreCWAAllowed_NewHardwareInGrace" storage="d:\actions-runner\_work\xpco\xpco\corporate\videoos.server.unittests\bin\x64\debug\net472\videoos.server.unittests.dll" id="91dd978c-0ad7-4b3f-d8f2-34b667406e7e">
      <TestCategory>
        <TestCategoryItem TestCategory="Licensing Replace Hardware" />
        <TestCategoryItem TestCategory="Licensing" />
      </TestCategory>
      <Execution id="7f31162c-1741-48a9-a1db-223c080541cb" />
      <TestMethod codeBase="D:\actions-runner\_work\XPCO\XPCO\Corporate\VideoOS.Server.UnitTests\bin\x64\Debug\net472\VideoOS.Server.UnitTests.dll" adapterTypeName="executor://mstestadapter/v2" className="VideoOS.Server.UnitTests.Licensing.LicenseAllocatorChannelTests" name="HardwareInCWANotOnWhiteList_ReplacedWithInheritance_HardwareOnWhiteList_NoMoreCWAAllowed_NewHardwareInGrace" />
    </UnitTest>
    <UnitTest name="AddHardwareUserCommandHandler_Execute_ReturnsCorrectResponsesOnExceptions" storage="d:\actions-runner\_work\xpco\xpco\corporate\videoos.server.unittests\bin\x64\debug\net472\videoos.server.unittests.dll" id="a529e5cf-ac95-72fa-5208-c7af22aa342e">
      <Execution id="96e65513-40d1-4c75-adae-cf21902a231d" />
      <TestMethod codeBase="D:\actions-runner\_work\XPCO\XPCO\Corporate\VideoOS.Server.UnitTests\bin\x64\Debug\net472\VideoOS.Server.UnitTests.dll" adapterTypeName="executor://mstestadapter/v2" className="VideoOS.Server.UnitTests.CommandHandler.AddHardwareUserCommandHandlerServerUnitTests" name="AddHardwareUserCommandHandler_Execute_ReturnsCorrectResponsesOnExceptions" />
    </UnitTest>
    <UnitTest name="CalculateFeeds_Success_EmptyWhiteList_NotInterconnected_FourDevices" storage="d:\actions-runner\_work\xpco\xpco\corporate\videoos.server.unittests\bin\x64\debug\net472\videoos.server.unittests.dll" id="ec02dab7-32bf-df64-f14e-12ec97d8852b">
      <TestCategory>
        <TestCategoryItem TestCategory="Licensing" />
      </TestCategory>
      <Execution id="af033795-0f47-49f6-a1bf-8d24fa0a0835" />
      <TestMethod codeBase="D:\actions-runner\_work\XPCO\XPCO\Corporate\VideoOS.Server.UnitTests\bin\x64\Debug\net472\VideoOS.Server.UnitTests.dll" adapterTypeName="executor://mstestadapter/v2" className="VideoOS.Server.UnitTests.Licensing.LicenseRequestChannelTests" name="CalculateFeeds_Success_EmptyWhiteList_NotInterconnected_FourDevices" />
    </UnitTest>
    <UnitTest name="GetHardwareNetworkSettingsCommandHandler_Execute_EmptyRecorderId_ReturnsFailResponse" storage="d:\actions-runner\_work\xpco\xpco\corporate\videoos.server.unittests\bin\x64\debug\net472\videoos.server.unittests.dll" id="6fa11eaa-f2fa-e99e-c4b6-60a0b63addf4">
      <Execution id="6febd3c6-7622-4e2e-9734-4e0c737cd787" />
      <TestMethod codeBase="D:\actions-runner\_work\XPCO\XPCO\Corporate\VideoOS.Server.UnitTests\bin\x64\Debug\net472\VideoOS.Server.UnitTests.dll" adapterTypeName="executor://mstestadapter/v2" className="VideoOS.Server.UnitTests.CommandHandler.GetHardwareNetworkSettingsCommandHandlerUnitTests" name="GetHardwareNetworkSettingsCommandHandler_Execute_EmptyRecorderId_ReturnsFailResponse" />
    </UnitTest>
    <UnitTest name="MoveHardwareTaskCommandHandler_Constructor_Arguments_Null_Throws" storage="d:\actions-runner\_work\xpco\xpco\corporate\videoos.server.unittests\bin\x64\debug\net472\videoos.server.unittests.dll" id="d1a4749c-a512-c212-dd5c-736028403990">
      <Execution id="efa54690-8da0-4a2a-b6d2-10d9e91f0a73" />
      <TestMethod codeBase="D:\actions-runner\_work\XPCO\XPCO\Corporate\VideoOS.Server.UnitTests\bin\x64\Debug\net472\VideoOS.Server.UnitTests.dll" adapterTypeName="executor://mstestadapter/v2" className="VideoOS.Server.UnitTests.CommandHandler.MoveHardwareTaskCommandHandlerTests" name="MoveHardwareTaskCommandHandler_Constructor_Arguments_Null_Throws" />
    </UnitTest>
    <UnitTest name="NextActivation_ShowsCorrectTime_OnActivationQueued" storage="d:\actions-runner\_work\xpco\xpco\corporate\videoos.server.unittests\bin\x64\debug\net472\videoos.server.unittests.dll" id="2ac6adc5-afd6-d16b-f490-c0a2f63e52d1">
      <TestCategory>
        <TestCategoryItem TestCategory="Licensing" />
      </TestCategory>
      <Execution id="c9e28cb4-a65d-400e-921f-55841b1811f9" />
      <TestMethod codeBase="D:\actions-runner\_work\XPCO\XPCO\Corporate\VideoOS.Server.UnitTests\bin\x64\Debug\net472\VideoOS.Server.UnitTests.dll" adapterTypeName="executor://mstestadapter/v2" className="VideoOS.Server.UnitTests.Licensing.ActivationManagerTests" name="NextActivation_ShowsCorrectTime_OnActivationQueued" />
    </UnitTest>
    <UnitTest name="SetHardwareNetworkSettingsCommandHandler_Execute_RecorderNotSupported_ReturnsCorrectResponse" storage="d:\actions-runner\_work\xpco\xpco\corporate\videoos.server.unittests\bin\x64\debug\net472\videoos.server.unittests.dll" id="d04b8e0f-d24d-a105-cfe4-63d813a80dcd">
      <Execution id="77a248a8-2b3d-430d-a80d-e3deec4b5128" />
      <TestMethod codeBase="D:\actions-runner\_work\XPCO\XPCO\Corporate\VideoOS.Server.UnitTests\bin\x64\Debug\net472\VideoOS.Server.UnitTests.dll" adapterTypeName="executor://mstestadapter/v2" className="VideoOS.Server.UnitTests.CommandHandler.SetHardwareNetworkSettingsCommandHandlerUnitTests" name="SetHardwareNetworkSettingsCommandHandler_Execute_RecorderNotSupported_ReturnsCorrectResponse" />
    </UnitTest>
    <UnitTest name="GetCompleteConfiguration_RequestedWorkRejected_ServiceUnavailableResponseWithCorrectRetryAfterValue" storage="d:\actions-runner\_work\xpco\xpco\corporate\videoos.server.unittests\bin\x64\debug\net472\videoos.server.unittests.dll" id="707c8cef-f4b9-4d6c-816f-02a28a120756">
      <Execution id="d8d3974f-b9dc-4944-8e89-28df1896b6ef" />
      <TestMethod codeBase="D:\actions-runner\_work\XPCO\XPCO\Corporate\VideoOS.Server.UnitTests\bin\x64\Debug\net472\VideoOS.Server.UnitTests.dll" adapterTypeName="executor://mstestadapter/v2" className="VideoOS.Server.UnitTests.ConfigurationControllerTests" name="GetCompleteConfiguration_RequestedWorkRejected_ServiceUnavailableResponseWithCorrectRetryAfterValue" />
    </UnitTest>
    <UnitTest name="GetRecorderLicense_AddsHardwareToGrace_OnOldHardwareUsingReplacementLimit" storage="d:\actions-runner\_work\xpco\xpco\corporate\videoos.server.unittests\bin\x64\debug\net472\videoos.server.unittests.dll" id="b9620a8c-f3e1-5558-91f6-f847710ba86c">
      <TestCategory>
        <TestCategoryItem TestCategory="Licensing" />
      </TestCategory>
      <Execution id="df321010-e7e7-45c8-8242-1fdd66030194" />
      <TestMethod codeBase="D:\actions-runner\_work\XPCO\XPCO\Corporate\VideoOS.Server.UnitTests\bin\x64\Debug\net472\VideoOS.Server.UnitTests.dll" adapterTypeName="executor://mstestadapter/v2" className="VideoOS.Server.UnitTests.Licensing.LicenseManagerUnitTests" name="GetRecorderLicense_AddsHardwareToGrace_OnOldHardwareUsingReplacementLimit" />
    </UnitTest>
    <UnitTest name="ValidateCounts_AddLicensesForMixedHardwareAndChannels_EnsureCountCorrect" storage="d:\actions-runner\_work\xpco\xpco\corporate\videoos.server.unittests\bin\x64\debug\net472\videoos.server.unittests.dll" id="df70ed32-006d-5c93-6db8-327bf848aec2">
      <TestCategory>
        <TestCategoryItem TestCategory="Licensing" />
      </TestCategory>
      <Execution id="831971ea-3598-40cb-be2f-4892193a8bfa" />
      <TestMethod codeBase="D:\actions-runner\_work\XPCO\XPCO\Corporate\VideoOS.Server.UnitTests\bin\x64\Debug\net472\VideoOS.Server.UnitTests.dll" adapterTypeName="executor://mstestadapter/v2" className="VideoOS.Server.UnitTests.Licensing.LicenseCountManagerUnitTests" name="ValidateCounts_AddLicensesForMixedHardwareAndChannels_EnsureCountCorrect" />
    </UnitTest>
    <UnitTest name="ActivateUserDefinedEventOnRemoteSiteCommand_ModelIsNull_BadRequestResult" storage="d:\actions-runner\_work\xpco\xpco\corporate\videoos.server.unittests\bin\x64\debug\net472\videoos.server.unittests.dll" id="bf0ddccc-6576-143a-b9dd-531f9f8eb094">
      <Execution id="ef67fb5f-0b9d-456d-a97f-ecdeabe899ab" />
      <TestMethod codeBase="D:\actions-runner\_work\XPCO\XPCO\Corporate\VideoOS.Server.UnitTests\bin\x64\Debug\net472\VideoOS.Server.UnitTests.dll" adapterTypeName="executor://mstestadapter/v2" className="VideoOS.Server.UnitTests.WebApi.Controllers.EventCommandsControllerTests" name="ActivateUserDefinedEventOnRemoteSiteCommand_ModelIsNull_BadRequestResult" />
    </UnitTest>
    <UnitTest name="DeleteHardwareTaskCommandHandler_Execute_Succeeded" storage="d:\actions-runner\_work\xpco\xpco\corporate\videoos.server.unittests\bin\x64\debug\net472\videoos.server.unittests.dll" id="71073285-cc2d-f8d3-1325-46ab19b4f857">
      <Execution id="78949fa3-bf44-4340-b055-6ccf6fe7d917" />
      <TestMethod codeBase="D:\actions-runner\_work\XPCO\XPCO\Corporate\VideoOS.Server.UnitTests\bin\x64\Debug\net472\VideoOS.Server.UnitTests.dll" adapterTypeName="executor://mstestadapter/v2" className="VideoOS.Server.UnitTests.CommandHandler.DeleteHardwareTaskCommandHandlerTest" name="DeleteHardwareTaskCommandHandler_Execute_Succeeded" />
    </UnitTest>
    <UnitTest name="ChangeHardwarePasswordRuleAction_Execute_TwoRuns_TwoMonitorsCreated" storage="d:\actions-runner\_work\xpco\xpco\corporate\videoos.server.unittests\bin\x64\debug\net472\videoos.server.unittests.dll" id="e625724b-e6ca-04fb-3a90-a86071459cbe">
      <Execution id="9bb51cef-c1b8-4397-8cbd-d0176822bbfc" />
      <TestMethod codeBase="D:\actions-runner\_work\XPCO\XPCO\Corporate\VideoOS.Server.UnitTests\bin\x64\Debug\net472\VideoOS.Server.UnitTests.dll" adapterTypeName="executor://mstestadapter/v2" className="VideoOS.Server.UnitTests.RuleActions.ChangeHardwarePasswordRuleActionUnitTests" name="ChangeHardwarePasswordRuleAction_Execute_TwoRuns_TwoMonitorsCreated" />
    </UnitTest>
    <UnitTest name="VideoWallCommand_ModelIsValid_CommandExecuted" storage="d:\actions-runner\_work\xpco\xpco\corporate\videoos.server.unittests\bin\x64\debug\net472\videoos.server.unittests.dll" id="45645b5a-6126-a203-b770-e801119174e8">
      <Execution id="29a801cc-a645-4023-a6e8-0e9b5facd1f8" />
      <TestMethod codeBase="D:\actions-runner\_work\XPCO\XPCO\Corporate\VideoOS.Server.UnitTests\bin\x64\Debug\net472\VideoOS.Server.UnitTests.dll" adapterTypeName="executor://mstestadapter/v2" className="VideoOS.Server.UnitTests.ServerCommmandsControllerTests" name="VideoWallCommand_ModelIsValid_CommandExecuted" />
    </UnitTest>
    <UnitTest name="UpdateLicense_AllocatesOneLicense_OnSameHwOnTwoRecordingServers" storage="d:\actions-runner\_work\xpco\xpco\corporate\videoos.server.unittests\bin\x64\debug\net472\videoos.server.unittests.dll" id="943d231e-70f8-ceaa-0060-065fafdfea23">
      <TestCategory>
        <TestCategoryItem TestCategory="Licensing" />
      </TestCategory>
      <Execution id="9b4d3aca-7b78-4dce-bb8b-b6a22dcc12a2" />
      <TestMethod codeBase="D:\actions-runner\_work\XPCO\XPCO\Corporate\VideoOS.Server.UnitTests\bin\x64\Debug\net472\VideoOS.Server.UnitTests.dll" adapterTypeName="executor://mstestadapter/v2" className="VideoOS.Server.UnitTests.Licensing.LicenseManagerUnitTests" name="UpdateLicense_AllocatesOneLicense_OnSameHwOnTwoRecordingServers" />
    </UnitTest>
    <UnitTest name="AnalyzeAndCreateAuditLogs_DeletedSecurityPermissionsRow_ReturnsOneAuditLog" storage="d:\actions-runner\_work\xpco\xpco\corporate\videoos.server.unittests\bin\x64\debug\net472\videoos.server.unittests.dll" id="1fa2fbb8-2a8b-5927-1669-f04f3629060e">
      <Execution id="7ed19dde-5848-40cb-8c28-31ad3f57603c" />
      <TestMethod codeBase="D:\actions-runner\_work\XPCO\XPCO\Corporate\VideoOS.Server.UnitTests\bin\x64\Debug\net472\VideoOS.Server.UnitTests.dll" adapterTypeName="executor://mstestadapter/v2" className="VideoOS.Server.UnitTests.CommandHandler.DataSetAuditLogAnalyzerTests" name="AnalyzeAndCreateAuditLogs_DeletedSecurityPermissionsRow_ReturnsOneAuditLog" />
    </UnitTest>
    <UnitTest name="HardwareInCWAOnWhiteList_ReplacedWithNoInheritance_HardwareNotOnWhiteList_NoMoreCWAAllowed_FewerChannelsOnReplacedHardware_NewDevicesInGrace" storage="d:\actions-runner\_work\xpco\xpco\corporate\videoos.server.unittests\bin\x64\debug\net472\videoos.server.unittests.dll" id="6aa349d6-952a-6cb8-3b52-449c35603c8a">
      <TestCategory>
        <TestCategoryItem TestCategory="Licensing Replace Hardware" />
        <TestCategoryItem TestCategory="Licensing" />
      </TestCategory>
      <Execution id="96fa8c11-c196-4cd3-bbff-e21d83a83409" />
      <TestMethod codeBase="D:\actions-runner\_work\XPCO\XPCO\Corporate\VideoOS.Server.UnitTests\bin\x64\Debug\net472\VideoOS.Server.UnitTests.dll" adapterTypeName="executor://mstestadapter/v2" className="VideoOS.Server.UnitTests.Licensing.LicenseAllocatorChannelTests" name="HardwareInCWAOnWhiteList_ReplacedWithNoInheritance_HardwareNotOnWhiteList_NoMoreCWAAllowed_FewerChannelsOnReplacedHardware_NewDevicesInGrace" />
    </UnitTest>
    <UnitTest name="CreateServerLicenseRequest_FailsWithIntegrationRegistrationsNotFound" storage="d:\actions-runner\_work\xpco\xpco\corporate\videoos.server.unittests\bin\x64\debug\net472\videoos.server.unittests.dll" id="e68f7d42-f59c-4600-6af3-d7b4b8daacca">
      <TestCategory>
        <TestCategoryItem TestCategory="Licensing" />
      </TestCategory>
      <Execution id="ed841956-7192-4ded-8c2a-11ae8a6f6dd7" />
      <TestMethod codeBase="D:\actions-runner\_work\XPCO\XPCO\Corporate\VideoOS.Server.UnitTests\bin\x64\Debug\net472\VideoOS.Server.UnitTests.dll" adapterTypeName="executor://mstestadapter/v2" className="VideoOS.Server.UnitTests.Licensing.LicenseManagerUnitTests" name="CreateServerLicenseRequest_FailsWithIntegrationRegistrationsNotFound" />
    </UnitTest>
    <UnitTest name="AsyncTaskMonitor_TaskThrows_HandlesGracefully" storage="d:\actions-runner\_work\xpco\xpco\corporate\videoos.server.unittests\bin\x64\debug\net472\videoos.server.unittests.dll" id="b7373cf3-1c5f-f7ab-d64e-4cafcd566aac">
      <Execution id="b89b6290-26f3-4818-bfc0-6539365218bc" />
      <TestMethod codeBase="D:\actions-runner\_work\XPCO\XPCO\Corporate\VideoOS.Server.UnitTests\bin\x64\Debug\net472\VideoOS.Server.UnitTests.dll" adapterTypeName="executor://mstestadapter/v2" className="VideoOS.Server.UnitTests.Tasks.AsyncTaskMonitorUnitTests" name="AsyncTaskMonitor_TaskThrows_HandlesGracefully" />
    </UnitTest>
    <UnitTest name="HardwareLicense_GetExpireDate_NullHardwareInfo_Throws_ArgumentNullException" storage="d:\actions-runner\_work\xpco\xpco\corporate\videoos.server.unittests\bin\x64\debug\net472\videoos.server.unittests.dll" id="79692448-4334-8217-153a-6c48b576df43">
      <Execution id="848f11b8-983c-4383-8632-c4775c265e38" />
      <TestMethod codeBase="D:\actions-runner\_work\XPCO\XPCO\Corporate\VideoOS.Server.UnitTests\bin\x64\Debug\net472\VideoOS.Server.UnitTests.dll" adapterTypeName="executor://mstestadapter/v2" className="VideoOS.Server.UnitTests.Licensing.LicenseSnapshotTests" name="HardwareLicense_GetExpireDate_NullHardwareInfo_Throws_ArgumentNullException" />
    </UnitTest>
    <UnitTest name="DeleteIdpUserTaskCommandHandlerTests_ExecuteThrowsUserNotFound_ResponseSuccess" storage="d:\actions-runner\_work\xpco\xpco\corporate\videoos.server.unittests\bin\x64\debug\net472\videoos.server.unittests.dll" id="03f70150-34c7-4756-ca7d-89e353dce8de">
      <Execution id="41f51725-3b56-4d67-b1da-a6d9fb8eef54" />
      <TestMethod codeBase="D:\actions-runner\_work\XPCO\XPCO\Corporate\VideoOS.Server.UnitTests\bin\x64\Debug\net472\VideoOS.Server.UnitTests.dll" adapterTypeName="executor://mstestadapter/v2" className="VideoOS.Server.UnitTests.CommandHandler.DeleteIdpUserTaskCommandHandlerTests" name="DeleteIdpUserTaskCommandHandlerTests_ExecuteThrowsUserNotFound_ResponseSuccess" />
    </UnitTest>
    <UnitTest name="AllocateLicenses_FourUsed_OnFourHardwareFiveCameraChannelsAndFourAvailableLicenses" storage="d:\actions-runner\_work\xpco\xpco\corporate\videoos.server.unittests\bin\x64\debug\net472\videoos.server.unittests.dll" id="9055a335-95d1-4600-b49a-8428d4caf3a5">
      <TestCategory>
        <TestCategoryItem TestCategory="Licensing" />
      </TestCategory>
      <Execution id="c4789969-f25a-4ac2-b10f-e3acba23e117" />
      <TestMethod codeBase="D:\actions-runner\_work\XPCO\XPCO\Corporate\VideoOS.Server.UnitTests\bin\x64\Debug\net472\VideoOS.Server.UnitTests.dll" adapterTypeName="executor://mstestadapter/v2" className="VideoOS.Server.UnitTests.Licensing.LicenseAllocatorHardwareTests" name="AllocateLicenses_FourUsed_OnFourHardwareFiveCameraChannelsAndFourAvailableLicenses" />
    </UnitTest>
    <UnitTest name="Get_RecorderNotFoundException_Handled" storage="d:\actions-runner\_work\xpco\xpco\corporate\videoos.server.unittests\bin\x64\debug\net472\videoos.server.unittests.dll" id="b6678187-a9b9-f1aa-76c8-f5999e513d01">
      <Execution id="11e6524d-3f47-4c37-938c-f37ff8780ac0" />
      <TestMethod codeBase="D:\actions-runner\_work\XPCO\XPCO\Corporate\VideoOS.Server.UnitTests\bin\x64\Debug\net472\VideoOS.Server.UnitTests.dll" adapterTypeName="executor://mstestadapter/v2" className="VideoOS.Server.UnitTests.WebApi.Controllers.SecurityTokenControllerTest" name="Get_RecorderNotFoundException_Handled" />
    </UnitTest>
    <UnitTest name="UpdateHardwareDriverCommandHandler_Execute_MacChanged_SqlException_Error" storage="d:\actions-runner\_work\xpco\xpco\corporate\videoos.server.unittests\bin\x64\debug\net472\videoos.server.unittests.dll" id="6c521b59-2ad9-2f66-d7c4-cdc4d9f4eda5">
      <Execution id="8911fa75-65e7-4cb5-aea0-e3d897dd2c25" />
      <TestMethod codeBase="D:\actions-runner\_work\XPCO\XPCO\Corporate\VideoOS.Server.UnitTests\bin\x64\Debug\net472\VideoOS.Server.UnitTests.dll" adapterTypeName="executor://mstestadapter/v2" className="VideoOS.Server.UnitTests.CommandHandler.UpdateHardwareDriverCommandHandlerTests" name="UpdateHardwareDriverCommandHandler_Execute_MacChanged_SqlException_Error" />
    </UnitTest>
    <UnitTest name="DeviceLicense_FindById_Found_ReturnsValidInstance" storage="d:\actions-runner\_work\xpco\xpco\corporate\videoos.server.unittests\bin\x64\debug\net472\videoos.server.unittests.dll" id="34db90ba-7cc6-925f-b388-252fcd27491d">
      <Execution id="dbf4796e-05ce-498b-a325-91728aa3b6c2" />
      <TestMethod codeBase="D:\actions-runner\_work\XPCO\XPCO\Corporate\VideoOS.Server.UnitTests\bin\x64\Debug\net472\VideoOS.Server.UnitTests.dll" adapterTypeName="executor://mstestadapter/v2" className="VideoOS.Server.UnitTests.Licensing.LicenseSnapshotTests" name="DeviceLicense_FindById_Found_ReturnsValidInstance" />
    </UnitTest>
    <UnitTest name="SetHardwareNetworkSettingsCommandHandler_Execute_EmptyRecorderId_ReturnsFailResponse" storage="d:\actions-runner\_work\xpco\xpco\corporate\videoos.server.unittests\bin\x64\debug\net472\videoos.server.unittests.dll" id="5ec127f6-d2e6-9022-fc7d-9ae5e2a5b56e">
      <Execution id="859ad87b-4731-428e-a42f-5cd02cafc0ed" />
      <TestMethod codeBase="D:\actions-runner\_work\XPCO\XPCO\Corporate\VideoOS.Server.UnitTests\bin\x64\Debug\net472\VideoOS.Server.UnitTests.dll" adapterTypeName="executor://mstestadapter/v2" className="VideoOS.Server.UnitTests.CommandHandler.SetHardwareNetworkSettingsCommandHandlerUnitTests" name="SetHardwareNetworkSettingsCommandHandler_Execute_EmptyRecorderId_ReturnsFailResponse" />
    </UnitTest>
    <UnitTest name="AllocateLicenses_NotActivated_TwoDevices_FiveEnabledCameraChannels_LicenseCountFive_HardwareWithNoCamera" storage="d:\actions-runner\_work\xpco\xpco\corporate\videoos.server.unittests\bin\x64\debug\net472\videoos.server.unittests.dll" id="6699914d-cf53-e9b3-e712-5eb151f64c53">
      <TestCategory>
        <TestCategoryItem TestCategory="Licensing" />
      </TestCategory>
      <Execution id="6196eff5-a426-4b5b-a5a0-2109f8de1696" />
      <TestMethod codeBase="D:\actions-runner\_work\XPCO\XPCO\Corporate\VideoOS.Server.UnitTests\bin\x64\Debug\net472\VideoOS.Server.UnitTests.dll" adapterTypeName="executor://mstestadapter/v2" className="VideoOS.Server.UnitTests.Licensing.LicenseAllocatorChannelTests" name="AllocateLicenses_NotActivated_TwoDevices_FiveEnabledCameraChannels_LicenseCountFive_HardwareWithNoCamera" />
    </UnitTest>
    <UnitTest name="AsyncTaskMonitor_Timeout" storage="d:\actions-runner\_work\xpco\xpco\corporate\videoos.server.unittests\bin\x64\debug\net472\videoos.server.unittests.dll" id="41b0d6a6-4a5c-1637-6902-b979ccb484fa">
      <Execution id="469e5fff-62fc-4554-92f7-2691143c3c9c" />
      <TestMethod codeBase="D:\actions-runner\_work\XPCO\XPCO\Corporate\VideoOS.Server.UnitTests\bin\x64\Debug\net472\VideoOS.Server.UnitTests.dll" adapterTypeName="executor://mstestadapter/v2" className="VideoOS.Server.UnitTests.Tasks.AsyncTaskMonitorUnitTests" name="AsyncTaskMonitor_Timeout" />
    </UnitTest>
    <UnitTest name="GetHardwareUsersCommandHandler_Execute_EmptyHardwareId_ReturnsFailResponse" storage="d:\actions-runner\_work\xpco\xpco\corporate\videoos.server.unittests\bin\x64\debug\net472\videoos.server.unittests.dll" id="f51e7d15-bb07-1f77-c496-763527081ab8">
      <Execution id="97d2d253-6348-49f5-881e-60e9cfd71f80" />
      <TestMethod codeBase="D:\actions-runner\_work\XPCO\XPCO\Corporate\VideoOS.Server.UnitTests\bin\x64\Debug\net472\VideoOS.Server.UnitTests.dll" adapterTypeName="executor://mstestadapter/v2" className="VideoOS.Server.UnitTests.CommandHandler.GetHardwareUsersCommandHandlerUnitTests" name="GetHardwareUsersCommandHandler_Execute_EmptyHardwareId_ReturnsFailResponse" />
    </UnitTest>
    <UnitTest name="LicenseInfoXmlWriter_CreateLicenseInformationXml_SetsProductName" storage="d:\actions-runner\_work\xpco\xpco\corporate\videoos.server.unittests\bin\x64\debug\net472\videoos.server.unittests.dll" id="999e9ea0-681f-8b49-c2df-3675d5adf154">
      <TestCategory>
        <TestCategoryItem TestCategory="Licensing" />
      </TestCategory>
      <Execution id="2c161ffa-b1b0-40c4-b43a-fbe4103c5c00" />
      <TestMethod codeBase="D:\actions-runner\_work\XPCO\XPCO\Corporate\VideoOS.Server.UnitTests\bin\x64\Debug\net472\VideoOS.Server.UnitTests.dll" adapterTypeName="executor://mstestadapter/v2" className="VideoOS.Server.UnitTests.Licensing.LicenseInfoXmlWriterTests" name="LicenseInfoXmlWriter_CreateLicenseInformationXml_SetsProductName" />
    </UnitTest>
    <UnitTest name="TwoHardware_SameMacAddress_DifferentRecordingServers_BothICPAndNonICP_VaryingFeedsOnEach_CountsAreCorrect" storage="d:\actions-runner\_work\xpco\xpco\corporate\videoos.server.unittests\bin\x64\debug\net472\videoos.server.unittests.dll" id="0bc2cc52-980c-a75a-9eb4-2ea598b58d97">
      <TestCategory>
        <TestCategoryItem TestCategory="Licensing" />
      </TestCategory>
      <Execution id="808e0c2a-d4ca-4f1d-b3f2-11b5a3b59b97" />
      <TestMethod codeBase="D:\actions-runner\_work\XPCO\XPCO\Corporate\VideoOS.Server.UnitTests\bin\x64\Debug\net472\VideoOS.Server.UnitTests.dll" adapterTypeName="executor://mstestadapter/v2" className="VideoOS.Server.UnitTests.Licensing.LicenseRequestChannelTests" name="TwoHardware_SameMacAddress_DifferentRecordingServers_BothICPAndNonICP_VaryingFeedsOnEach_CountsAreCorrect" />
    </UnitTest>
    <UnitTest name="Recorder_FindById_Returns_Instance" storage="d:\actions-runner\_work\xpco\xpco\corporate\videoos.server.unittests\bin\x64\debug\net472\videoos.server.unittests.dll" id="b9884ef5-7b7b-37a1-3241-b5d8c9986602">
      <Execution id="cabcafc5-c2d6-442f-b5a3-e121ae06ad7b" />
      <TestMethod codeBase="D:\actions-runner\_work\XPCO\XPCO\Corporate\VideoOS.Server.UnitTests\bin\x64\Debug\net472\VideoOS.Server.UnitTests.dll" adapterTypeName="executor://mstestadapter/v2" className="VideoOS.Server.UnitTests.Licensing.LicenseSnapshotTests" name="Recorder_FindById_Returns_Instance" />
    </UnitTest>
    <UnitTest name="HardwareInCWANotOnWhiteList_ReplacedWithInheritance_HardwareOnWhiteList_MixedCWAAllowed_MoreChannelsOnReplacedHardware_NewHardwareInCWA" storage="d:\actions-runner\_work\xpco\xpco\corporate\videoos.server.unittests\bin\x64\debug\net472\videoos.server.unittests.dll" id="9e5f61e1-a7a2-986f-1a43-a3aac7b85c5c">
      <TestCategory>
        <TestCategoryItem TestCategory="Licensing Replace Hardware" />
        <TestCategoryItem TestCategory="Licensing" />
      </TestCategory>
      <Execution id="b5724c8e-1006-4816-b431-fc1c4acd8c8d" />
      <TestMethod codeBase="D:\actions-runner\_work\XPCO\XPCO\Corporate\VideoOS.Server.UnitTests\bin\x64\Debug\net472\VideoOS.Server.UnitTests.dll" adapterTypeName="executor://mstestadapter/v2" className="VideoOS.Server.UnitTests.Licensing.LicenseAllocatorChannelTests" name="HardwareInCWANotOnWhiteList_ReplacedWithInheritance_HardwareOnWhiteList_MixedCWAAllowed_MoreChannelsOnReplacedHardware_NewHardwareInCWA" />
    </UnitTest>
    <UnitTest name="SuccessResponse_ModelIsValid_CommandExecuted" storage="d:\actions-runner\_work\xpco\xpco\corporate\videoos.server.unittests\bin\x64\debug\net472\videoos.server.unittests.dll" id="a5fd458a-677f-ccc2-2972-ad7870ebe3f1">
      <Execution id="ac836d05-2fad-4f4e-8e28-627fa6df90b7" />
      <TestMethod codeBase="D:\actions-runner\_work\XPCO\XPCO\Corporate\VideoOS.Server.UnitTests\bin\x64\Debug\net472\VideoOS.Server.UnitTests.dll" adapterTypeName="executor://mstestadapter/v2" className="VideoOS.Server.UnitTests.WebApi.ResponseControllerTest" name="SuccessResponse_ModelIsValid_CommandExecuted" />
    </UnitTest>
    <UnitTest name="AllocateLicenses_TwoHardware_OneLicense_OneHardwareWithNoCameraDevices" storage="d:\actions-runner\_work\xpco\xpco\corporate\videoos.server.unittests\bin\x64\debug\net472\videoos.server.unittests.dll" id="8ce6542e-fbae-6f63-9777-4cd66f576c67">
      <TestCategory>
        <TestCategoryItem TestCategory="Licensing" />
      </TestCategory>
      <Execution id="e93bf9e4-80c2-46b4-a691-0c934d902950" />
      <TestMethod codeBase="D:\actions-runner\_work\XPCO\XPCO\Corporate\VideoOS.Server.UnitTests\bin\x64\Debug\net472\VideoOS.Server.UnitTests.dll" adapterTypeName="executor://mstestadapter/v2" className="VideoOS.Server.UnitTests.Licensing.LicenseAllocatorChannelTests" name="AllocateLicenses_TwoHardware_OneLicense_OneHardwareWithNoCameraDevices" />
    </UnitTest>
    <UnitTest name="SetupInitialHardwareUserCommandHandler_Execute_Success_LogsAuditLog" storage="d:\actions-runner\_work\xpco\xpco\corporate\videoos.server.unittests\bin\x64\debug\net472\videoos.server.unittests.dll" id="bb233e78-c6cd-3b23-3c0f-9785ec4ccd11">
      <Execution id="181ebc29-f899-47c8-887c-9b422db8e938" />
      <TestMethod codeBase="D:\actions-runner\_work\XPCO\XPCO\Corporate\VideoOS.Server.UnitTests\bin\x64\Debug\net472\VideoOS.Server.UnitTests.dll" adapterTypeName="executor://mstestadapter/v2" className="VideoOS.Server.UnitTests.CommandHandler.SetupInitialHardwareUserCommandHandlerUnitTests" name="SetupInitialHardwareUserCommandHandler_Execute_Success_LogsAuditLog" />
    </UnitTest>
    <UnitTest name="RegisterRecorder_NotCompatible_ReturnsOKNotCompatible" storage="d:\actions-runner\_work\xpco\xpco\corporate\videoos.server.unittests\bin\x64\debug\net472\videoos.server.unittests.dll" id="5ab640ef-9d1c-45b8-fae5-6ee62af4d9aa">
      <Execution id="ff9f3481-6048-4955-ae23-750d1254737e" />
      <TestMethod codeBase="D:\actions-runner\_work\XPCO\XPCO\Corporate\VideoOS.Server.UnitTests\bin\x64\Debug\net472\VideoOS.Server.UnitTests.dll" adapterTypeName="executor://mstestadapter/v2" className="VideoOS.Server.UnitTests.WebApi.Controllers.RecorderRegistrationControllerTests" name="RegisterRecorder_NotCompatible_ReturnsOKNotCompatible" />
    </UnitTest>
    <UnitTest name="HardwareInCWAOnWhiteList_ReplacedWithInheritance_HardwareOnWhiteList_CWAAllowed_FewerChannelsOnReplacedHardware_NewHardwareInCWA" storage="d:\actions-runner\_work\xpco\xpco\corporate\videoos.server.unittests\bin\x64\debug\net472\videoos.server.unittests.dll" id="e64fac0c-e0e6-f658-b126-2e844c7eee5c">
      <TestCategory>
        <TestCategoryItem TestCategory="Licensing Replace Hardware" />
        <TestCategoryItem TestCategory="Licensing" />
      </TestCategory>
      <Execution id="3077c394-45dd-4f3d-a393-1e0b94cf5495" />
      <TestMethod codeBase="D:\actions-runner\_work\XPCO\XPCO\Corporate\VideoOS.Server.UnitTests\bin\x64\Debug\net472\VideoOS.Server.UnitTests.dll" adapterTypeName="executor://mstestadapter/v2" className="VideoOS.Server.UnitTests.Licensing.LicenseAllocatorChannelTests" name="HardwareInCWAOnWhiteList_ReplacedWithInheritance_HardwareOnWhiteList_CWAAllowed_FewerChannelsOnReplacedHardware_NewHardwareInCWA" />
    </UnitTest>
    <UnitTest name="FirmwareUpgradeTaskCommandHandler_Execute_Failed_ErrorAlreadyRunning" storage="d:\actions-runner\_work\xpco\xpco\corporate\videoos.server.unittests\bin\x64\debug\net472\videoos.server.unittests.dll" id="1c1af5bc-0ede-5235-4c2d-8d486728c2d8">
      <Execution id="dc8bbcfc-03cc-4341-afc3-41589efef02b" />
      <TestMethod codeBase="D:\actions-runner\_work\XPCO\XPCO\Corporate\VideoOS.Server.UnitTests\bin\x64\Debug\net472\VideoOS.Server.UnitTests.dll" adapterTypeName="executor://mstestadapter/v2" className="VideoOS.Server.UnitTests.CommandHandler.FirmwareUpgradeTaskCommandHandlerTests" name="FirmwareUpgradeTaskCommandHandler_Execute_Failed_ErrorAlreadyRunning" />
    </UnitTest>
    <UnitTest name="AllocateLicenses_Activated_OneDevice_Camera_ReplacementMaxGrows" storage="d:\actions-runner\_work\xpco\xpco\corporate\videoos.server.unittests\bin\x64\debug\net472\videoos.server.unittests.dll" id="5f66b9d2-22ca-7206-e977-67e129a94bf3">
      <TestCategory>
        <TestCategoryItem TestCategory="Licensing" />
      </TestCategory>
      <Execution id="511c91a5-10ef-4d94-8332-325f672f2de2" />
      <TestMethod codeBase="D:\actions-runner\_work\XPCO\XPCO\Corporate\VideoOS.Server.UnitTests\bin\x64\Debug\net472\VideoOS.Server.UnitTests.dll" adapterTypeName="executor://mstestadapter/v2" className="VideoOS.Server.UnitTests.Licensing.LicenseAllocatorChannelTests" name="AllocateLicenses_Activated_OneDevice_Camera_ReplacementMaxGrows" />
    </UnitTest>
    <UnitTest name="IsActivationRequired_Success_ActivationRequired_FourDevices" storage="d:\actions-runner\_work\xpco\xpco\corporate\videoos.server.unittests\bin\x64\debug\net472\videoos.server.unittests.dll" id="901a68aa-7787-c851-1b49-e53cb2749abf">
      <TestCategory>
        <TestCategoryItem TestCategory="Licensing" />
      </TestCategory>
      <Execution id="6e1f851f-9b83-4f5b-a1f6-6040c0f4d5ba" />
      <TestMethod codeBase="D:\actions-runner\_work\XPCO\XPCO\Corporate\VideoOS.Server.UnitTests\bin\x64\Debug\net472\VideoOS.Server.UnitTests.dll" adapterTypeName="executor://mstestadapter/v2" className="VideoOS.Server.UnitTests.Licensing.LicenseRequestChannelTests" name="IsActivationRequired_Success_ActivationRequired_FourDevices" />
    </UnitTest>
    <UnitTest name="UpdateLicenseSnapshot_ValidateAllocationCompletedSuccesfully_Success" storage="d:\actions-runner\_work\xpco\xpco\corporate\videoos.server.unittests\bin\x64\debug\net472\videoos.server.unittests.dll" id="76f09949-db06-6167-1791-8445bfb657bf">
      <TestCategory>
        <TestCategoryItem TestCategory="Licensing" />
      </TestCategory>
      <Execution id="04dd5f35-2af9-42ac-904c-2d88ff392946" />
      <TestMethod codeBase="D:\actions-runner\_work\XPCO\XPCO\Corporate\VideoOS.Server.UnitTests\bin\x64\Debug\net472\VideoOS.Server.UnitTests.dll" adapterTypeName="executor://mstestadapter/v2" className="VideoOS.Server.UnitTests.Licensing.LicenseManagerUnitTests" name="UpdateLicenseSnapshot_ValidateAllocationCompletedSuccesfully_Success" />
    </UnitTest>
    <UnitTest name="ChannelLicenseCountManager_AddLicensedCameraFeed_NullHardwareInfo_ThrowsArgumentNullException" storage="d:\actions-runner\_work\xpco\xpco\corporate\videoos.server.unittests\bin\x64\debug\net472\videoos.server.unittests.dll" id="4ab6e189-06f3-17c5-6204-02c05e7c73d1">
      <TestCategory>
        <TestCategoryItem TestCategory="Licensing" />
      </TestCategory>
      <Execution id="3544781a-b58b-4ec0-b70d-fb1d35e55f30" />
      <TestMethod codeBase="D:\actions-runner\_work\XPCO\XPCO\Corporate\VideoOS.Server.UnitTests\bin\x64\Debug\net472\VideoOS.Server.UnitTests.dll" adapterTypeName="executor://mstestadapter/v2" className="VideoOS.Server.UnitTests.Licensing.LicenseCountManagerUnitTests" name="ChannelLicenseCountManager_AddLicensedCameraFeed_NullHardwareInfo_ThrowsArgumentNullException" />
    </UnitTest>
    <UnitTest name="EventCollectorConstructor_Consumer_Null" storage="d:\actions-runner\_work\xpco\xpco\corporate\videoos.server.unittests\bin\x64\debug\net472\videoos.server.unittests.dll" id="685aac09-7641-90d9-0dcb-7354f3e27e03">
      <Execution id="bf2ce91d-741d-44e3-976e-a5ae6729b613" />
      <TestMethod codeBase="D:\actions-runner\_work\XPCO\XPCO\Corporate\VideoOS.Server.UnitTests\bin\x64\Debug\net472\VideoOS.Server.UnitTests.dll" adapterTypeName="executor://mstestadapter/v2" className="VideoOS.Server.UnitTests.UpdateConfigurationManagerCommandHandlerTests" name="EventCollectorConstructor_Consumer_Null" />
    </UnitTest>
    <UnitTest name="RecorderController_NoEventSubscription_NoPatchMade" storage="d:\actions-runner\_work\xpco\xpco\corporate\videoos.server.unittests\bin\x64\debug\net472\videoos.server.unittests.dll" id="3d23d5f2-7904-b2b4-b8b7-ca6ea8579849">
      <Execution id="9dd86b79-b9e5-4e34-9afe-437ef80298f8" />
      <TestMethod codeBase="D:\actions-runner\_work\XPCO\XPCO\Corporate\VideoOS.Server.UnitTests\bin\x64\Debug\net472\VideoOS.Server.UnitTests.dll" adapterTypeName="executor://mstestadapter/v2" className="VideoOS.Server.UnitTests.RecorderControllerTest" name="RecorderController_NoEventSubscription_NoPatchMade" />
    </UnitTest>
    <UnitTest name="HardwareActivatedNotOnWhiteList_ReplacedWithNoInheritance_HardwareOnWhiteList_MixedCWAAllowed_NewHardwareInCWA" storage="d:\actions-runner\_work\xpco\xpco\corporate\videoos.server.unittests\bin\x64\debug\net472\videoos.server.unittests.dll" id="a9d74002-2888-07cb-97ea-6e0298ac0fe9">
      <TestCategory>
        <TestCategoryItem TestCategory="Licensing Replace Hardware" />
        <TestCategoryItem TestCategory="Licensing" />
      </TestCategory>
      <Execution id="09d98f01-0c7e-4324-900a-8b6eaab7e317" />
      <TestMethod codeBase="D:\actions-runner\_work\XPCO\XPCO\Corporate\VideoOS.Server.UnitTests\bin\x64\Debug\net472\VideoOS.Server.UnitTests.dll" adapterTypeName="executor://mstestadapter/v2" className="VideoOS.Server.UnitTests.Licensing.LicenseAllocatorChannelTests" name="HardwareActivatedNotOnWhiteList_ReplacedWithNoInheritance_HardwareOnWhiteList_MixedCWAAllowed_NewHardwareInCWA" />
    </UnitTest>
    <UnitTest name="UpdateReadOnlySettings_ModelIsNull_BadRequestResult" storage="d:\actions-runner\_work\xpco\xpco\corporate\videoos.server.unittests\bin\x64\debug\net472\videoos.server.unittests.dll" id="58d8eb2d-a85d-871c-005e-a694429bb895">
      <Execution id="8ac33650-2fb3-4f98-b58a-d14244963a1a" />
      <TestMethod codeBase="D:\actions-runner\_work\XPCO\XPCO\Corporate\VideoOS.Server.UnitTests\bin\x64\Debug\net472\VideoOS.Server.UnitTests.dll" adapterTypeName="executor://mstestadapter/v2" className="VideoOS.Server.UnitTests.WebApi.Controllers.HardwareCommandsControllerTests" name="UpdateReadOnlySettings_ModelIsNull_BadRequestResult" />
    </UnitTest>
    <UnitTest name="TableAdapterTypeManager_GetRecorderTableAdapters_Success" storage="d:\actions-runner\_work\xpco\xpco\corporate\videoos.server.unittests\bin\x64\debug\net472\videoos.server.unittests.dll" id="2f723da0-92e7-0c56-577f-931adff75ea7">
      <Execution id="a3ce437a-e163-4c73-9bc1-c48394c6a125" />
      <TestMethod codeBase="D:\actions-runner\_work\XPCO\XPCO\Corporate\VideoOS.Server.UnitTests\bin\x64\Debug\net472\VideoOS.Server.UnitTests.dll" adapterTypeName="executor://mstestadapter/v2" className="VideoOS.Server.UnitTests.Configuration.DataTests" name="TableAdapterTypeManager_GetRecorderTableAdapters_Success" />
    </UnitTest>
    <UnitTest name="AllocateLicenses_TwoMissingICPChannelLicenses_OnOneICPWithTwoCameras" storage="d:\actions-runner\_work\xpco\xpco\corporate\videoos.server.unittests\bin\x64\debug\net472\videoos.server.unittests.dll" id="af26d1dc-c8b5-9373-ea2c-0ca851b84928">
      <TestCategory>
        <TestCategoryItem TestCategory="Licensing" />
      </TestCategory>
      <Execution id="1a1a3855-b7df-48a1-a866-425d2c6c4f64" />
      <TestMethod codeBase="D:\actions-runner\_work\XPCO\XPCO\Corporate\VideoOS.Server.UnitTests\bin\x64\Debug\net472\VideoOS.Server.UnitTests.dll" adapterTypeName="executor://mstestadapter/v2" className="VideoOS.Server.UnitTests.Licensing.LicenseAllocatorChannelTests" name="AllocateLicenses_TwoMissingICPChannelLicenses_OnOneICPWithTwoCameras" />
    </UnitTest>
    <UnitTest name="AttachedRecorder_TryGetRecorderEntry_NoEntry" storage="d:\actions-runner\_work\xpco\xpco\corporate\videoos.server.unittests\bin\x64\debug\net472\videoos.server.unittests.dll" id="26b06a18-7c73-310d-5067-432622a6994d">
      <Execution id="80a9eff4-8b8a-4029-a85b-32eb612da564" />
      <TestMethod codeBase="D:\actions-runner\_work\XPCO\XPCO\Corporate\VideoOS.Server.UnitTests\bin\x64\Debug\net472\VideoOS.Server.UnitTests.dll" adapterTypeName="executor://mstestadapter/v2" className="VideoOS.Server.UnitTests.AttachedRecorderTests" name="AttachedRecorder_TryGetRecorderEntry_NoEntry" />
    </UnitTest>
    <UnitTest name="AutomaticActivation_IsCalled_WhenQueued" storage="d:\actions-runner\_work\xpco\xpco\corporate\videoos.server.unittests\bin\x64\debug\net472\videoos.server.unittests.dll" id="5d51b421-c2c6-a235-079e-749ec17bce2d">
      <TestCategory>
        <TestCategoryItem TestCategory="Licensing" />
      </TestCategory>
      <Execution id="e78a08dc-8be3-4ffa-a926-81b680713b98" />
      <TestMethod codeBase="D:\actions-runner\_work\XPCO\XPCO\Corporate\VideoOS.Server.UnitTests\bin\x64\Debug\net472\VideoOS.Server.UnitTests.dll" adapterTypeName="executor://mstestadapter/v2" className="VideoOS.Server.UnitTests.Licensing.ActivationManagerTests" name="AutomaticActivation_IsCalled_WhenQueued" />
    </UnitTest>
    <UnitTest name="CreateLicenseRequest_WithSystemBuilderLicenseRequest" storage="d:\actions-runner\_work\xpco\xpco\corporate\videoos.server.unittests\bin\x64\debug\net472\videoos.server.unittests.dll" id="486ff2e7-4ec1-c118-0fbd-3ce64d86652d">
      <TestCategory>
        <TestCategoryItem TestCategory="Licensing" />
      </TestCategory>
      <Execution id="e8f312fd-4eef-4397-92f2-6eba09fcfcbd" />
      <TestMethod codeBase="D:\actions-runner\_work\XPCO\XPCO\Corporate\VideoOS.Server.UnitTests\bin\x64\Debug\net472\VideoOS.Server.UnitTests.dll" adapterTypeName="executor://mstestadapter/v2" className="VideoOS.Server.UnitTests.Licensing.LicenseManagerUnitTests" name="CreateLicenseRequest_WithSystemBuilderLicenseRequest" />
    </UnitTest>
    <UnitTest name="HardwareLicense_AddNew_IsUpdated_RetrieveAsList_Success" storage="d:\actions-runner\_work\xpco\xpco\corporate\videoos.server.unittests\bin\x64\debug\net472\videoos.server.unittests.dll" id="af2e5f14-0383-5727-555f-05fe1be1d426">
      <Execution id="1614d36b-6de6-46a0-aa85-903d62f638a3" />
      <TestMethod codeBase="D:\actions-runner\_work\XPCO\XPCO\Corporate\VideoOS.Server.UnitTests\bin\x64\Debug\net472\VideoOS.Server.UnitTests.dll" adapterTypeName="executor://mstestadapter/v2" className="VideoOS.Server.UnitTests.Licensing.LicenseSnapshotTests" name="HardwareLicense_AddNew_IsUpdated_RetrieveAsList_Success" />
    </UnitTest>
    <UnitTest name="LicenseCountManager_GetHardwareUsedOnSite_Success" storage="d:\actions-runner\_work\xpco\xpco\corporate\videoos.server.unittests\bin\x64\debug\net472\videoos.server.unittests.dll" id="c97290e4-269e-652d-16ee-10a9916c872c">
      <Execution id="ed8c1f5d-95a1-462c-beb9-a0b4a34fd22c" />
      <TestMethod codeBase="D:\actions-runner\_work\XPCO\XPCO\Corporate\VideoOS.Server.UnitTests\bin\x64\Debug\net472\VideoOS.Server.UnitTests.dll" adapterTypeName="executor://mstestadapter/v2" className="VideoOS.Server.UnitTests.Licensing.LicenseCountManagerUnitTests" name="LicenseCountManager_GetHardwareUsedOnSite_Success" />
    </UnitTest>
    <UnitTest name="CheckForAutomaticActivationTrigger_ReturnsFalse_OnOtherChanges" storage="d:\actions-runner\_work\xpco\xpco\corporate\videoos.server.unittests\bin\x64\debug\net472\videoos.server.unittests.dll" id="87f45eb2-1120-98d3-51fa-1e1456e20576">
      <TestCategory>
        <TestCategoryItem TestCategory="Licensing" />
      </TestCategory>
      <Execution id="c943b8ac-fa0e-4a8f-a205-e3510cfca963" />
      <TestMethod codeBase="D:\actions-runner\_work\XPCO\XPCO\Corporate\VideoOS.Server.UnitTests\bin\x64\Debug\net472\VideoOS.Server.UnitTests.dll" adapterTypeName="executor://mstestadapter/v2" className="VideoOS.Server.UnitTests.Commands.UpdateConfigurationManagerCommandHandlerTests" name="CheckForAutomaticActivationTrigger_ReturnsFalse_OnOtherChanges" />
    </UnitTest>
    <UnitTest name="ConfigurationDataSetLoader_GetHardwareByHardwareId_Success" storage="d:\actions-runner\_work\xpco\xpco\corporate\videoos.server.unittests\bin\x64\debug\net472\videoos.server.unittests.dll" id="f98c0e94-d687-26ec-f08b-72f9975ee1e5">
      <Execution id="4b8b0f0a-1279-46e1-a67c-79cfab741c9c" />
      <TestMethod codeBase="D:\actions-runner\_work\XPCO\XPCO\Corporate\VideoOS.Server.UnitTests\bin\x64\Debug\net472\VideoOS.Server.UnitTests.dll" adapterTypeName="executor://mstestadapter/v2" className="VideoOS.Server.UnitTests.Configuration.ConfigurationDataSetLoaderTests" name="ConfigurationDataSetLoader_GetHardwareByHardwareId_Success" />
    </UnitTest>
    <UnitTest name="RecordingServerCache_AddLicenseToCache_Success" storage="d:\actions-runner\_work\xpco\xpco\corporate\videoos.server.unittests\bin\x64\debug\net472\videoos.server.unittests.dll" id="20862179-ea04-7a02-2e88-39a6cf08c704">
      <Execution id="91ceb0cb-f759-49e7-9ea0-224bffd2528a" />
      <TestMethod codeBase="D:\actions-runner\_work\XPCO\XPCO\Corporate\VideoOS.Server.UnitTests\bin\x64\Debug\net472\VideoOS.Server.UnitTests.dll" adapterTypeName="executor://mstestadapter/v2" className="VideoOS.Server.UnitTests.Licensing.LicenseManagerCacheTests" name="RecordingServerCache_AddLicenseToCache_Success" />
    </UnitTest>
    <UnitTest name="ChannelLicenseCountManager_CameraFeed_Get_Set_CameraFeedLicenseValue" storage="d:\actions-runner\_work\xpco\xpco\corporate\videoos.server.unittests\bin\x64\debug\net472\videoos.server.unittests.dll" id="0a3231f4-9027-809c-2a57-46bb102210d5">
      <TestCategory>
        <TestCategoryItem TestCategory="Licensing" />
      </TestCategory>
      <Execution id="8a6acac9-be8e-4d17-a47f-48d76fe89443" />
      <TestMethod codeBase="D:\actions-runner\_work\XPCO\XPCO\Corporate\VideoOS.Server.UnitTests\bin\x64\Debug\net472\VideoOS.Server.UnitTests.dll" adapterTypeName="executor://mstestadapter/v2" className="VideoOS.Server.UnitTests.Licensing.LicenseCountManagerUnitTests" name="ChannelLicenseCountManager_CameraFeed_Get_Set_CameraFeedLicenseValue" />
    </UnitTest>
    <UnitTest name="CreateLicenseRequest_WithMIPPluginsLicenseRequests" storage="d:\actions-runner\_work\xpco\xpco\corporate\videoos.server.unittests\bin\x64\debug\net472\videoos.server.unittests.dll" id="7b92f1d2-48ab-9269-1673-5506160d2980">
      <Execution id="4b71027b-25f5-432b-94b9-f52842fbe366" />
      <TestMethod codeBase="D:\actions-runner\_work\XPCO\XPCO\Corporate\VideoOS.Server.UnitTests\bin\x64\Debug\net472\VideoOS.Server.UnitTests.dll" adapterTypeName="executor://mstestadapter/v2" className="VideoOS.Server.UnitTests.Licensing.LicenseManagerUnitTests" name="CreateLicenseRequest_WithMIPPluginsLicenseRequests" />
    </UnitTest>
    <UnitTest name="SynchronizeDevicePresetsResponse_ModelIsNull_BadRequestResult" storage="d:\actions-runner\_work\xpco\xpco\corporate\videoos.server.unittests\bin\x64\debug\net472\videoos.server.unittests.dll" id="20f144bc-786f-b30e-2570-b753431ada4b">
      <Execution id="8234d679-5def-4ab0-a6f9-eb1bdeba9bde" />
      <TestMethod codeBase="D:\actions-runner\_work\XPCO\XPCO\Corporate\VideoOS.Server.UnitTests\bin\x64\Debug\net472\VideoOS.Server.UnitTests.dll" adapterTypeName="executor://mstestadapter/v2" className="VideoOS.Server.UnitTests.WebApi.ResponseControllerTest" name="SynchronizeDevicePresetsResponse_ModelIsNull_BadRequestResult" />
    </UnitTest>
    <UnitTest name="HardwareScanTaskCommandHandler_Execute_UnexpectedResponse_FailResponse" storage="d:\actions-runner\_work\xpco\xpco\corporate\videoos.server.unittests\bin\x64\debug\net472\videoos.server.unittests.dll" id="c8afef79-65b0-1683-4cbc-9b83cadd0fef">
      <Execution id="93915909-1601-4db0-bb33-be057b80be60" />
      <TestMethod codeBase="D:\actions-runner\_work\XPCO\XPCO\Corporate\VideoOS.Server.UnitTests\bin\x64\Debug\net472\VideoOS.Server.UnitTests.dll" adapterTypeName="executor://mstestadapter/v2" className="VideoOS.Server.UnitTests.CommandHandler.HardwareScanTaskCommandHandlerTest" name="HardwareScanTaskCommandHandler_Execute_UnexpectedResponse_FailResponse" />
    </UnitTest>
    <UnitTest name="UpdateDriver_ModelIsNull_BadRequestResult" storage="d:\actions-runner\_work\xpco\xpco\corporate\videoos.server.unittests\bin\x64\debug\net472\videoos.server.unittests.dll" id="acc907e0-eedb-13b3-9540-f00a85570944">
      <Execution id="634ad7b8-9bda-4078-9354-d2946a93ae7c" />
      <TestMethod codeBase="D:\actions-runner\_work\XPCO\XPCO\Corporate\VideoOS.Server.UnitTests\bin\x64\Debug\net472\VideoOS.Server.UnitTests.dll" adapterTypeName="executor://mstestadapter/v2" className="VideoOS.Server.UnitTests.WebApi.Controllers.HardwareCommandsControllerTests" name="UpdateDriver_ModelIsNull_BadRequestResult" />
    </UnitTest>
    <UnitTest name="CreateLicenseInformationXml_Has1Grace_On1GraceHardware25ChannelOnWhitelist" storage="d:\actions-runner\_work\xpco\xpco\corporate\videoos.server.unittests\bin\x64\debug\net472\videoos.server.unittests.dll" id="a930bf31-deb5-7c95-5e24-1f743f244144">
      <TestCategory>
        <TestCategoryItem TestCategory="Licensing" />
      </TestCategory>
      <Execution id="8de9d326-b1e3-4efb-ab13-8695e225045a" />
      <TestMethod codeBase="D:\actions-runner\_work\XPCO\XPCO\Corporate\VideoOS.Server.UnitTests\bin\x64\Debug\net472\VideoOS.Server.UnitTests.dll" adapterTypeName="executor://mstestadapter/v2" className="VideoOS.Server.UnitTests.Licensing.LicenseInfoXmlWriterTests" name="CreateLicenseInformationXml_Has1Grace_On1GraceHardware25ChannelOnWhitelist" />
    </UnitTest>
    <UnitTest name="Parse_WhenManufacturerNameChanged_NewestManufacturerNameIsSet" storage="d:\actions-runner\_work\xpco\xpco\corporate\videoos.server.unittests\bin\x64\debug\net472\videoos.server.unittests.dll" id="cb380a5d-abad-8fd4-e1c3-2d884a15c3ba">
      <Execution id="8631b345-e532-4fd3-8927-64259900df3b" />
      <TestMethod codeBase="D:\actions-runner\_work\XPCO\XPCO\Corporate\VideoOS.Server.UnitTests\bin\x64\Debug\net472\VideoOS.Server.UnitTests.dll" adapterTypeName="executor://mstestadapter/v2" className="VideoOS.Server.UnitTests.Licensing.IntegrationRegistrationParserUnitTests" name="Parse_WhenManufacturerNameChanged_NewestManufacturerNameIsSet" />
    </UnitTest>
    <UnitTest name="OnException_NotSupportedByLegacyRecorderException_ReponseIsSetAsBadRequest" storage="d:\actions-runner\_work\xpco\xpco\corporate\videoos.server.unittests\bin\x64\debug\net472\videoos.server.unittests.dll" id="5e6ee627-d20a-4489-b816-e16d760e3fac">
      <Execution id="aeb75e54-4889-4ee5-b0a9-0e66db33bdfa" />
      <TestMethod codeBase="D:\actions-runner\_work\XPCO\XPCO\Corporate\VideoOS.Server.UnitTests\bin\x64\Debug\net472\VideoOS.Server.UnitTests.dll" adapterTypeName="executor://mstestadapter/v2" className="VideoOS.Server.UnitTests.ServerExceptionFilterTests" name="OnException_NotSupportedByLegacyRecorderException_ReponseIsSetAsBadRequest" />
    </UnitTest>
    <UnitTest name="HardwareActivatedNotOnWhiteList_ReplacedWithInheritance_HardwareOnWhiteList_CWAAllowed_NewHardwareInCWA" storage="d:\actions-runner\_work\xpco\xpco\corporate\videoos.server.unittests\bin\x64\debug\net472\videoos.server.unittests.dll" id="7406d798-b581-dda0-3d0c-25971023b8a7">
      <TestCategory>
        <TestCategoryItem TestCategory="Licensing Replace Hardware" />
        <TestCategoryItem TestCategory="Licensing" />
      </TestCategory>
      <Execution id="8bac0dd8-39c3-4faa-95f8-ceacf5b7a81a" />
      <TestMethod codeBase="D:\actions-runner\_work\XPCO\XPCO\Corporate\VideoOS.Server.UnitTests\bin\x64\Debug\net472\VideoOS.Server.UnitTests.dll" adapterTypeName="executor://mstestadapter/v2" className="VideoOS.Server.UnitTests.Licensing.LicenseAllocatorChannelTests" name="HardwareActivatedNotOnWhiteList_ReplacedWithInheritance_HardwareOnWhiteList_CWAAllowed_NewHardwareInCWA" />
    </UnitTest>
    <UnitTest name="CreateLicenseInformationXml_Has1Activated_On1ActivatedHardware25ChannelOnWhitelist" storage="d:\actions-runner\_work\xpco\xpco\corporate\videoos.server.unittests\bin\x64\debug\net472\videoos.server.unittests.dll" id="6f7bb80b-dba3-2067-8a47-0c3a50cbf31b">
      <TestCategory>
        <TestCategoryItem TestCategory="Licensing" />
      </TestCategory>
      <Execution id="c7eeaf0b-a28f-45a1-ae7a-a83cc750e53e" />
      <TestMethod codeBase="D:\actions-runner\_work\XPCO\XPCO\Corporate\VideoOS.Server.UnitTests\bin\x64\Debug\net472\VideoOS.Server.UnitTests.dll" adapterTypeName="executor://mstestadapter/v2" className="VideoOS.Server.UnitTests.Licensing.LicenseInfoXmlWriterTests" name="CreateLicenseInformationXml_Has1Activated_On1ActivatedHardware25ChannelOnWhitelist" />
    </UnitTest>
    <UnitTest name="LicenseCountManager_ReplacementHardware_RemoveHardwareFromReplacementLimit" storage="d:\actions-runner\_work\xpco\xpco\corporate\videoos.server.unittests\bin\x64\debug\net472\videoos.server.unittests.dll" id="a8466234-3dd1-7e09-1f24-9f708ace9cec">
      <TestCategory>
        <TestCategoryItem TestCategory="Licensing" />
      </TestCategory>
      <Execution id="45bca9ce-449e-4d2b-87c5-cd0a9f2d4a47" />
      <TestMethod codeBase="D:\actions-runner\_work\XPCO\XPCO\Corporate\VideoOS.Server.UnitTests\bin\x64\Debug\net472\VideoOS.Server.UnitTests.dll" adapterTypeName="executor://mstestadapter/v2" className="VideoOS.Server.UnitTests.Licensing.LicenseCountManagerUnitTests" name="LicenseCountManager_ReplacementHardware_RemoveHardwareFromReplacementLimit" />
    </UnitTest>
    <UnitTest name="Simulate_FiveICPHardware_VariousDevices_DisableAndEnable_CountsCorrectly_ClearLicenseStatusesAfterAllocation" storage="d:\actions-runner\_work\xpco\xpco\corporate\videoos.server.unittests\bin\x64\debug\net472\videoos.server.unittests.dll" id="b177cbb5-9289-1bfa-bb0c-777b1da037d2">
      <TestCategory>
        <TestCategoryItem TestCategory="Licensing" />
      </TestCategory>
      <Execution id="28223246-fed3-4fbc-8e90-04631d1ce4b9" />
      <TestMethod codeBase="D:\actions-runner\_work\XPCO\XPCO\Corporate\VideoOS.Server.UnitTests\bin\x64\Debug\net472\VideoOS.Server.UnitTests.dll" adapterTypeName="executor://mstestadapter/v2" className="VideoOS.Server.UnitTests.Licensing.LicenseAllocatorChannelTests" name="Simulate_FiveICPHardware_VariousDevices_DisableAndEnable_CountsCorrectly_ClearLicenseStatusesAfterAllocation" />
    </UnitTest>
    <UnitTest name="AsyncTaskMonitor_SunnyDay" storage="d:\actions-runner\_work\xpco\xpco\corporate\videoos.server.unittests\bin\x64\debug\net472\videoos.server.unittests.dll" id="4ba49b95-7c08-b217-809c-3d6c10b4d388">
      <Execution id="afd3ce86-6337-46fc-95db-70e29ded7689" />
      <TestMethod codeBase="D:\actions-runner\_work\XPCO\XPCO\Corporate\VideoOS.Server.UnitTests\bin\x64\Debug\net472\VideoOS.Server.UnitTests.dll" adapterTypeName="executor://mstestadapter/v2" className="VideoOS.Server.UnitTests.Tasks.AsyncTaskMonitorUnitTests" name="AsyncTaskMonitor_SunnyDay" />
    </UnitTest>
    <UnitTest name="SetHotstandByFailoverRecorderInformation_WatchingRecorderDeleted_ErrorResponse" storage="d:\actions-runner\_work\xpco\xpco\corporate\videoos.server.unittests\bin\x64\debug\net472\videoos.server.unittests.dll" id="b517da97-3485-d8db-d444-60a14aaf59d2">
      <Execution id="95ee2576-58ff-431f-b460-ae1c4863e9e7" />
      <TestMethod codeBase="D:\actions-runner\_work\XPCO\XPCO\Corporate\VideoOS.Server.UnitTests\bin\x64\Debug\net472\VideoOS.Server.UnitTests.dll" adapterTypeName="executor://mstestadapter/v2" className="VideoOS.Server.UnitTests.WebApi.Controllers.RecorderRegistrationControllerTests" name="SetHotstandByFailoverRecorderInformation_WatchingRecorderDeleted_ErrorResponse" />
    </UnitTest>
    <UnitTest name="ChangeHardwarePasswordTaskCommandHandler_Clone_Returns_Same_Reference" storage="d:\actions-runner\_work\xpco\xpco\corporate\videoos.server.unittests\bin\x64\debug\net472\videoos.server.unittests.dll" id="1a682357-7db5-91a8-093a-d3ec64ecb218">
      <Execution id="d3a4de1c-bc96-4e38-9e23-62e4d72e6ac9" />
      <TestMethod codeBase="D:\actions-runner\_work\XPCO\XPCO\Corporate\VideoOS.Server.UnitTests\bin\x64\Debug\net472\VideoOS.Server.UnitTests.dll" adapterTypeName="executor://mstestadapter/v2" className="VideoOS.Server.UnitTests.CommandHandler.ChangeHardwarePasswordTaskCommandHandlerTests" name="ChangeHardwarePasswordTaskCommandHandler_Clone_Returns_Same_Reference" />
    </UnitTest>
    <UnitTest name="CheckConfigurationDataSetTest_StreamsNotLicensedPass2" storage="d:\actions-runner\_work\xpco\xpco\corporate\videoos.server.unittests\bin\x64\debug\net472\videoos.server.unittests.dll" id="acb4bb26-3062-bb40-2bd0-e38dd727f035">
      <Execution id="449fd6fe-a5ab-4a1b-a1ef-7ab16ac0d702" />
      <TestMethod codeBase="D:\actions-runner\_work\XPCO\XPCO\Corporate\VideoOS.Server.UnitTests\bin\x64\Debug\net472\VideoOS.Server.UnitTests.dll" adapterTypeName="executor://mstestadapter/v2" className="VideoOS.Server.UnitTests.Licensing.LicenseFeatureCheckerTest" name="CheckConfigurationDataSetTest_StreamsNotLicensedPass2" />
    </UnitTest>
    <UnitTest name="Validate_LicenseCachingWorks_Success" storage="d:\actions-runner\_work\xpco\xpco\corporate\videoos.server.unittests\bin\x64\debug\net472\videoos.server.unittests.dll" id="e44fafea-f50e-d18a-def7-a264dfd08a2a">
      <TestCategory>
        <TestCategoryItem TestCategory="Licensing" />
      </TestCategory>
      <Execution id="2f4500d4-f92a-4706-9a01-30a83e41b5d2" />
      <TestMethod codeBase="D:\actions-runner\_work\XPCO\XPCO\Corporate\VideoOS.Server.UnitTests\bin\x64\Debug\net472\VideoOS.Server.UnitTests.dll" adapterTypeName="executor://mstestadapter/v2" className="VideoOS.Server.UnitTests.Licensing.LicenseInfoXmlWriterTests" name="Validate_LicenseCachingWorks_Success" />
    </UnitTest>
    <UnitTest name="ConvertIdpLog_AutoProvisionedUserCreated" storage="d:\actions-runner\_work\xpco\xpco\corporate\videoos.server.unittests\bin\x64\debug\net472\videoos.server.unittests.dll" id="fbed73f4-9b7f-b45c-b76c-caac1d7f4349">
      <Execution id="de3c8ef6-1ca0-4351-b928-b5f0c5fceaa7" />
      <TestMethod codeBase="D:\actions-runner\_work\XPCO\XPCO\Corporate\VideoOS.Server.UnitTests\bin\x64\Debug\net472\VideoOS.Server.UnitTests.dll" adapterTypeName="executor://mstestadapter/v2" className="VideoOS.Server.UnitTests.Log.IdpLogConverterTest" name="ConvertIdpLog_AutoProvisionedUserCreated" />
    </UnitTest>
    <UnitTest name="HardwareInGraceOnWhiteList_ReplacedWithNoInheritance_HardwareNotOnWhiteList_ShouldGiveDevicesNewGracePeriod" storage="d:\actions-runner\_work\xpco\xpco\corporate\videoos.server.unittests\bin\x64\debug\net472\videoos.server.unittests.dll" id="7ecc084e-eb1c-1dc2-3fa1-ca4480409cd4">
      <TestCategory>
        <TestCategoryItem TestCategory="Licensing Replace Hardware" />
        <TestCategoryItem TestCategory="Licensing" />
      </TestCategory>
      <Execution id="17e932c0-2bd2-4c77-b67e-b1fd6e744295" />
      <TestMethod codeBase="D:\actions-runner\_work\XPCO\XPCO\Corporate\VideoOS.Server.UnitTests\bin\x64\Debug\net472\VideoOS.Server.UnitTests.dll" adapterTypeName="executor://mstestadapter/v2" className="VideoOS.Server.UnitTests.Licensing.LicenseAllocatorChannelTests" name="HardwareInGraceOnWhiteList_ReplacedWithNoInheritance_HardwareNotOnWhiteList_ShouldGiveDevicesNewGracePeriod" />
    </UnitTest>
    <UnitTest name="GetHardwareNetworkSettingsCommandHandler_Execute_RecorderNotConnected_ReturnsRecorderUnavailableResponse" storage="d:\actions-runner\_work\xpco\xpco\corporate\videoos.server.unittests\bin\x64\debug\net472\videoos.server.unittests.dll" id="5f6122f6-9c9a-005b-1dcf-5bb8eebdf18b">
      <Execution id="fa011dfc-3272-4cf9-a391-79c38bb45bcc" />
      <TestMethod codeBase="D:\actions-runner\_work\XPCO\XPCO\Corporate\VideoOS.Server.UnitTests\bin\x64\Debug\net472\VideoOS.Server.UnitTests.dll" adapterTypeName="executor://mstestadapter/v2" className="VideoOS.Server.UnitTests.CommandHandler.GetHardwareNetworkSettingsCommandHandlerUnitTests" name="GetHardwareNetworkSettingsCommandHandler_Execute_RecorderNotConnected_ReturnsRecorderUnavailableResponse" />
    </UnitTest>
    <UnitTest name="ChangeHardwarePasswordRuleAction_Execute_TimesOut_WarningLogCreated" storage="d:\actions-runner\_work\xpco\xpco\corporate\videoos.server.unittests\bin\x64\debug\net472\videoos.server.unittests.dll" id="281add88-aec8-73d9-21c9-0a06ace0bc45">
      <Execution id="d6978ffe-7275-4851-af7e-277ef6ec69c1" />
      <TestMethod codeBase="D:\actions-runner\_work\XPCO\XPCO\Corporate\VideoOS.Server.UnitTests\bin\x64\Debug\net472\VideoOS.Server.UnitTests.dll" adapterTypeName="executor://mstestadapter/v2" className="VideoOS.Server.UnitTests.RuleActions.ChangeHardwarePasswordRuleActionUnitTests" name="ChangeHardwarePasswordRuleAction_Execute_TimesOut_WarningLogCreated" />
    </UnitTest>
    <UnitTest name="GetHardwareNetworkSettingsCommandHandler_Execute_Success" storage="d:\actions-runner\_work\xpco\xpco\corporate\videoos.server.unittests\bin\x64\debug\net472\videoos.server.unittests.dll" id="cfeeb9d0-a71c-e47f-9885-66cc2cae1cd1">
      <Execution id="d9817c98-5c4c-40cb-aa81-e7c51757dc4b" />
      <TestMethod codeBase="D:\actions-runner\_work\XPCO\XPCO\Corporate\VideoOS.Server.UnitTests\bin\x64\Debug\net472\VideoOS.Server.UnitTests.dll" adapterTypeName="executor://mstestadapter/v2" className="VideoOS.Server.UnitTests.CommandHandler.GetHardwareNetworkSettingsCommandHandlerUnitTests" name="GetHardwareNetworkSettingsCommandHandler_Execute_Success" />
    </UnitTest>
    <UnitTest name="MoveHardwareTaskCommandHandler_Execute_Arguments_Null_Throws" storage="d:\actions-runner\_work\xpco\xpco\corporate\videoos.server.unittests\bin\x64\debug\net472\videoos.server.unittests.dll" id="22a81a99-b71e-15d9-be4f-104efe40b57f">
      <Execution id="de7d1c2a-15af-4938-8c85-f638924f7f92" />
      <TestMethod codeBase="D:\actions-runner\_work\XPCO\XPCO\Corporate\VideoOS.Server.UnitTests\bin\x64\Debug\net472\VideoOS.Server.UnitTests.dll" adapterTypeName="executor://mstestadapter/v2" className="VideoOS.Server.UnitTests.CommandHandler.MoveHardwareTaskCommandHandlerTests" name="MoveHardwareTaskCommandHandler_Execute_Arguments_Null_Throws" />
    </UnitTest>
    <UnitTest name="AddUnlicensedHardware_AddNull_Throws_ArgumentNullException" storage="d:\actions-runner\_work\xpco\xpco\corporate\videoos.server.unittests\bin\x64\debug\net472\videoos.server.unittests.dll" id="c02d04ac-b486-9e55-2dd6-7f74f9ce3e8b">
      <Execution id="5d791fe9-af05-49ff-9e1e-a11af82bda44" />
      <TestMethod codeBase="D:\actions-runner\_work\XPCO\XPCO\Corporate\VideoOS.Server.UnitTests\bin\x64\Debug\net472\VideoOS.Server.UnitTests.dll" adapterTypeName="executor://mstestadapter/v2" className="VideoOS.Server.UnitTests.Licensing.LicenseSnapshotTests" name="AddUnlicensedHardware_AddNull_Throws_ArgumentNullException" />
    </UnitTest>
    <UnitTest name="AllocateLicenses_2ICPHardware15ChannelsAnd0NormalHardwareWith10ActivatedICP_ShouldGet5UnlicensedICP_On10ICPLicenses" storage="d:\actions-runner\_work\xpco\xpco\corporate\videoos.server.unittests\bin\x64\debug\net472\videoos.server.unittests.dll" id="386fd2dd-9962-b3c8-5389-c7b27303c282">
      <TestCategory>
        <TestCategoryItem TestCategory="Licensing" />
      </TestCategory>
      <Execution id="ef8b3666-36f9-4b2b-ace4-63c12a5f2841" />
      <TestMethod codeBase="D:\actions-runner\_work\XPCO\XPCO\Corporate\VideoOS.Server.UnitTests\bin\x64\Debug\net472\VideoOS.Server.UnitTests.dll" adapterTypeName="executor://mstestadapter/v2" className="VideoOS.Server.UnitTests.Licensing.LicenseAllocatorChannelTests" name="AllocateLicenses_2ICPHardware15ChannelsAnd0NormalHardwareWith10ActivatedICP_ShouldGet5UnlicensedICP_On10ICPLicenses" />
    </UnitTest>
    <UnitTest name="DeleteHardwareTaskCommandHandler_Execute_Failed_ExceptionResponse" storage="d:\actions-runner\_work\xpco\xpco\corporate\videoos.server.unittests\bin\x64\debug\net472\videoos.server.unittests.dll" id="c3b36ec3-1df7-adb6-2b47-6af7fdcd182e">
      <Execution id="18e31808-1a09-49ef-8f47-549f931bdf0f" />
      <TestMethod codeBase="D:\actions-runner\_work\XPCO\XPCO\Corporate\VideoOS.Server.UnitTests\bin\x64\Debug\net472\VideoOS.Server.UnitTests.dll" adapterTypeName="executor://mstestadapter/v2" className="VideoOS.Server.UnitTests.CommandHandler.DeleteHardwareTaskCommandHandlerTest" name="DeleteHardwareTaskCommandHandler_Execute_Failed_ExceptionResponse" />
    </UnitTest>
    <UnitTest name="TriggerEventAsGlobalCommand_ModelIsNull_BadRequestResult" storage="d:\actions-runner\_work\xpco\xpco\corporate\videoos.server.unittests\bin\x64\debug\net472\videoos.server.unittests.dll" id="ef53e2b8-fe52-58e3-46fe-b376fd704110">
      <Execution id="cb6dc217-f53a-4fbd-8182-fe4e12afdf4a" />
      <TestMethod codeBase="D:\actions-runner\_work\XPCO\XPCO\Corporate\VideoOS.Server.UnitTests\bin\x64\Debug\net472\VideoOS.Server.UnitTests.dll" adapterTypeName="executor://mstestadapter/v2" className="VideoOS.Server.UnitTests.WebApi.Controllers.EventCommandsControllerTests" name="TriggerEventAsGlobalCommand_ModelIsNull_BadRequestResult" />
    </UnitTest>
    <UnitTest name="HardwareInCWANotOnWhiteList_ReplacedWithInheritance_HardwareNotOnWhiteList_CWAAllowed_MoreChannelsOnReplacedHardware_AllDevicesInCWA" storage="d:\actions-runner\_work\xpco\xpco\corporate\videoos.server.unittests\bin\x64\debug\net472\videoos.server.unittests.dll" id="745aea99-7d18-df01-821c-c171c176ca32">
      <TestCategory>
        <TestCategoryItem TestCategory="Licensing Replace Hardware" />
        <TestCategoryItem TestCategory="Licensing" />
      </TestCategory>
      <Execution id="7e607cab-d5b0-4767-911f-bbaf5506adc7" />
      <TestMethod codeBase="D:\actions-runner\_work\XPCO\XPCO\Corporate\VideoOS.Server.UnitTests\bin\x64\Debug\net472\VideoOS.Server.UnitTests.dll" adapterTypeName="executor://mstestadapter/v2" className="VideoOS.Server.UnitTests.Licensing.LicenseAllocatorChannelTests" name="HardwareInCWANotOnWhiteList_ReplacedWithInheritance_HardwareNotOnWhiteList_CWAAllowed_MoreChannelsOnReplacedHardware_AllDevicesInCWA" />
    </UnitTest>
    <UnitTest name="AutomaticActivation_NotCalled_AfterDisabling" storage="d:\actions-runner\_work\xpco\xpco\corporate\videoos.server.unittests\bin\x64\debug\net472\videoos.server.unittests.dll" id="b0f751ff-632d-85db-edcd-937e5c54a50b">
      <TestCategory>
        <TestCategoryItem TestCategory="Licensing" />
      </TestCategory>
      <Execution id="62acf3db-95fa-4af7-93a2-1ccf429c183c" />
      <TestMethod codeBase="D:\actions-runner\_work\XPCO\XPCO\Corporate\VideoOS.Server.UnitTests\bin\x64\Debug\net472\VideoOS.Server.UnitTests.dll" adapterTypeName="executor://mstestadapter/v2" className="VideoOS.Server.UnitTests.Licensing.ActivationManagerTests" name="AutomaticActivation_NotCalled_AfterDisabling" />
    </UnitTest>
    <UnitTest name="LicenseCountManager_GetRelatedRecordingServers_InvalidMac_Empty_Throws_ArgumentNullException" storage="d:\actions-runner\_work\xpco\xpco\corporate\videoos.server.unittests\bin\x64\debug\net472\videoos.server.unittests.dll" id="bf458c5e-f251-312f-019a-44073344a00c">
      <TestCategory>
        <TestCategoryItem TestCategory="Licensing" />
      </TestCategory>
      <Execution id="4fcdc928-3554-4f64-8724-4048b728f11b" />
      <TestMethod codeBase="D:\actions-runner\_work\XPCO\XPCO\Corporate\VideoOS.Server.UnitTests\bin\x64\Debug\net472\VideoOS.Server.UnitTests.dll" adapterTypeName="executor://mstestadapter/v2" className="VideoOS.Server.UnitTests.Licensing.LicenseCountManagerUnitTests" name="LicenseCountManager_GetRelatedRecordingServers_InvalidMac_Empty_Throws_ArgumentNullException" />
    </UnitTest>
    <UnitTest name="ChangeHardwarePasswordRuleAction_Execute_HardwareQueryFail_ErrorLogCreated" storage="d:\actions-runner\_work\xpco\xpco\corporate\videoos.server.unittests\bin\x64\debug\net472\videoos.server.unittests.dll" id="f8662d5d-bc2c-74d5-63ed-b527811f859c">
      <Execution id="468f5c9f-4855-4d06-87fe-08e940cc3cbd" />
      <TestMethod codeBase="D:\actions-runner\_work\XPCO\XPCO\Corporate\VideoOS.Server.UnitTests\bin\x64\Debug\net472\VideoOS.Server.UnitTests.dll" adapterTypeName="executor://mstestadapter/v2" className="VideoOS.Server.UnitTests.RuleActions.ChangeHardwarePasswordRuleActionUnitTests" name="ChangeHardwarePasswordRuleAction_Execute_HardwareQueryFail_ErrorLogCreated" />
    </UnitTest>
    <UnitTest name="DeviceDataDistributionManager_CleanupAll_Success_QueryRecorderToNotifyReturnGuidEmpty" storage="d:\actions-runner\_work\xpco\xpco\corporate\videoos.server.unittests\bin\x64\debug\net472\videoos.server.unittests.dll" id="64909267-7858-2c7e-6ca5-58a8ad48f31c">
      <Execution id="de0d7d41-210d-4f34-bd07-b1e054005267" />
      <TestMethod codeBase="D:\actions-runner\_work\XPCO\XPCO\Corporate\VideoOS.Server.UnitTests\bin\x64\Debug\net472\VideoOS.Server.UnitTests.dll" adapterTypeName="executor://mstestadapter/v2" className="VideoOS.Server.UnitTests.DeviceDataDistributionManagerUnitTests" name="DeviceDataDistributionManager_CleanupAll_Success_QueryRecorderToNotifyReturnGuidEmpty" />
    </UnitTest>
    <UnitTest name="Monitor_CurrentStatusChanged_SslError" storage="d:\actions-runner\_work\xpco\xpco\corporate\videoos.server.unittests\bin\x64\debug\net472\videoos.server.unittests.dll" id="81984bc4-59ff-563c-2cad-683c0fa8249f">
      <Execution id="0b5659c2-21df-4ce6-be38-86cc16add656" />
      <TestMethod codeBase="D:\actions-runner\_work\XPCO\XPCO\Corporate\VideoOS.Server.UnitTests\bin\x64\Debug\net472\VideoOS.Server.UnitTests.dll" adapterTypeName="executor://mstestadapter/v2" className="VideoOS.Server.UnitTests.Failover.FailoverStatusManagerUnitTests" name="Monitor_CurrentStatusChanged_SslError" />
    </UnitTest>
    <UnitTest name="UpdateHardwareTaskCommandHandler_Execute_MissingHardware_Tests" storage="d:\actions-runner\_work\xpco\xpco\corporate\videoos.server.unittests\bin\x64\debug\net472\videoos.server.unittests.dll" id="d50f9ca3-b3cf-636c-b4c2-526896010b2a">
      <Execution id="b82ffe20-1efe-44f0-acbb-50dc61d6ba08" />
      <TestMethod codeBase="D:\actions-runner\_work\XPCO\XPCO\Corporate\VideoOS.Server.UnitTests\bin\x64\Debug\net472\VideoOS.Server.UnitTests.dll" adapterTypeName="executor://mstestadapter/v2" className="VideoOS.Server.UnitTests.CommandHandler.UpdateHardwareTaskHandlerTests" name="UpdateHardwareTaskCommandHandler_Execute_MissingHardware_Tests" />
    </UnitTest>
    <UnitTest name="HardwareScanExpressTaskCommandHandler_Execute_InitializeDiscoveryComponent_FailResponse" storage="d:\actions-runner\_work\xpco\xpco\corporate\videoos.server.unittests\bin\x64\debug\net472\videoos.server.unittests.dll" id="43678e4b-76d3-16cd-8a75-088cc017a9ed">
      <Execution id="188bfe4f-65b9-4637-a7b1-f453debd0903" />
      <TestMethod codeBase="D:\actions-runner\_work\XPCO\XPCO\Corporate\VideoOS.Server.UnitTests\bin\x64\Debug\net472\VideoOS.Server.UnitTests.dll" adapterTypeName="executor://mstestadapter/v2" className="VideoOS.Server.UnitTests.CommandHandler.HardwareScanExpressTaskCommandHandlerTest" name="HardwareScanExpressTaskCommandHandler_Execute_InitializeDiscoveryComponent_FailResponse" />
    </UnitTest>
    <UnitTest name="ProcessConfigurationChangeTasks_UpdateDevice_Update_UpdateDevice_Not_Batched" storage="d:\actions-runner\_work\xpco\xpco\corporate\videoos.server.unittests\bin\x64\debug\net472\videoos.server.unittests.dll" id="6ce6d5c4-8d29-2bd7-7033-2e711c4595e4">
      <Execution id="a8087528-8920-4ef8-8fb3-8829c36edb9b" />
      <TestMethod codeBase="D:\actions-runner\_work\XPCO\XPCO\Corporate\VideoOS.Server.UnitTests\bin\x64\Debug\net472\VideoOS.Server.UnitTests.dll" adapterTypeName="executor://mstestadapter/v2" className="VideoOS.Server.UnitTests.Tasks.ServerTaskBatchHandlerUnitTests" name="ProcessConfigurationChangeTasks_UpdateDevice_Update_UpdateDevice_Not_Batched" />
    </UnitTest>
    <UnitTest name="UpdateLicenseSnapshot_InvalidLicenseSnapshot_Null_ThrowsArgumentNullException" storage="d:\actions-runner\_work\xpco\xpco\corporate\videoos.server.unittests\bin\x64\debug\net472\videoos.server.unittests.dll" id="486ac792-638c-4173-7311-6ecbee32a46a">
      <TestCategory>
        <TestCategoryItem TestCategory="Licensing" />
      </TestCategory>
      <Execution id="b39ca1c7-283e-42a4-af03-331cb55f7494" />
      <TestMethod codeBase="D:\actions-runner\_work\XPCO\XPCO\Corporate\VideoOS.Server.UnitTests\bin\x64\Debug\net472\VideoOS.Server.UnitTests.dll" adapterTypeName="executor://mstestadapter/v2" className="VideoOS.Server.UnitTests.Licensing.LicenseManagerUnitTests" name="UpdateLicenseSnapshot_InvalidLicenseSnapshot_Null_ThrowsArgumentNullException" />
    </UnitTest>
    <UnitTest name="GetHardwareUsersCommandHandler_Execute_RecorderNotFound_ReturnsCorrectResponse" storage="d:\actions-runner\_work\xpco\xpco\corporate\videoos.server.unittests\bin\x64\debug\net472\videoos.server.unittests.dll" id="3fed6b17-91ce-8aa8-f441-7da427c10db2">
      <Execution id="7668aaae-2a1d-4450-9533-70b60b71c77e" />
      <TestMethod codeBase="D:\actions-runner\_work\XPCO\XPCO\Corporate\VideoOS.Server.UnitTests\bin\x64\Debug\net472\VideoOS.Server.UnitTests.dll" adapterTypeName="executor://mstestadapter/v2" className="VideoOS.Server.UnitTests.CommandHandler.GetHardwareUsersCommandHandlerUnitTests" name="GetHardwareUsersCommandHandler_Execute_RecorderNotFound_ReturnsCorrectResponse" />
    </UnitTest>
    <UnitTest name="AllocateLicensesNotActivated_OneHardware_TwoCameras_OneLicense_ValidateFirstCameraDevicesIsLicensedAndSecondIsUnlicensed" storage="d:\actions-runner\_work\xpco\xpco\corporate\videoos.server.unittests\bin\x64\debug\net472\videoos.server.unittests.dll" id="cc79f523-9288-951f-b06e-dbed85cadcb2">
      <TestCategory>
        <TestCategoryItem TestCategory="Licensing" />
      </TestCategory>
      <Execution id="a373b1db-638d-472e-828f-4b2aa78a6972" />
      <TestMethod codeBase="D:\actions-runner\_work\XPCO\XPCO\Corporate\VideoOS.Server.UnitTests\bin\x64\Debug\net472\VideoOS.Server.UnitTests.dll" adapterTypeName="executor://mstestadapter/v2" className="VideoOS.Server.UnitTests.Licensing.LicenseAllocatorChannelTests" name="AllocateLicensesNotActivated_OneHardware_TwoCameras_OneLicense_ValidateFirstCameraDevicesIsLicensedAndSecondIsUnlicensed" />
    </UnitTest>
    <UnitTest name="UpdateSLCEnvironment_ReturnsValidSLC_ValidLicenseWithEmptyWhiteList" storage="d:\actions-runner\_work\xpco\xpco\corporate\videoos.server.unittests\bin\x64\debug\net472\videoos.server.unittests.dll" id="308375a6-6b2f-0344-b263-18e6ea0c3b70">
      <TestCategory>
        <TestCategoryItem TestCategory="Licensing" />
      </TestCategory>
      <Execution id="d600dff5-9cd6-4887-b975-4be232135fee" />
      <TestMethod codeBase="D:\actions-runner\_work\XPCO\XPCO\Corporate\VideoOS.Server.UnitTests\bin\x64\Debug\net472\VideoOS.Server.UnitTests.dll" adapterTypeName="executor://mstestadapter/v2" className="VideoOS.Server.UnitTests.Licensing.LicenseRequestChannelTests" name="UpdateSLCEnvironment_ReturnsValidSLC_ValidLicenseWithEmptyWhiteList" />
    </UnitTest>
    <UnitTest name="Parse_WhenIntegrationNameChanged_NewestIntegrationNameIsSet" storage="d:\actions-runner\_work\xpco\xpco\corporate\videoos.server.unittests\bin\x64\debug\net472\videoos.server.unittests.dll" id="8bcee521-6a78-3b6c-e064-84949de76b2c">
      <Execution id="d74ef927-06c0-4089-8d36-a27956c20849" />
      <TestMethod codeBase="D:\actions-runner\_work\XPCO\XPCO\Corporate\VideoOS.Server.UnitTests\bin\x64\Debug\net472\VideoOS.Server.UnitTests.dll" adapterTypeName="executor://mstestadapter/v2" className="VideoOS.Server.UnitTests.Licensing.IntegrationRegistrationParserUnitTests" name="Parse_WhenIntegrationNameChanged_NewestIntegrationNameIsSet" />
    </UnitTest>
    <UnitTest name="MoveHardwareTaskCommandHandler_Execute_DeviceEvidenceLocks_BothLiveTables_BothDistributions" storage="d:\actions-runner\_work\xpco\xpco\corporate\videoos.server.unittests\bin\x64\debug\net472\videoos.server.unittests.dll" id="03edf8b7-529b-2eec-d300-ba35462d6076">
      <Execution id="ebf97732-4bbb-41de-b565-a318f4156527" />
      <TestMethod codeBase="D:\actions-runner\_work\XPCO\XPCO\Corporate\VideoOS.Server.UnitTests\bin\x64\Debug\net472\VideoOS.Server.UnitTests.dll" adapterTypeName="executor://mstestadapter/v2" className="VideoOS.Server.UnitTests.CommandHandler.MoveHardwareTaskCommandHandlerTests" name="MoveHardwareTaskCommandHandler_Execute_DeviceEvidenceLocks_BothLiveTables_BothDistributions" />
    </UnitTest>
    <UnitTest name="DeleteConfigurationItemCommandHandler_Execute_NoIds_Success" storage="d:\actions-runner\_work\xpco\xpco\corporate\videoos.server.unittests\bin\x64\debug\net472\videoos.server.unittests.dll" id="6b975322-8492-fc70-99f0-bd37649983f1">
      <Execution id="513e2523-c266-4e1d-9b94-399dfd8926f7" />
      <TestMethod codeBase="D:\actions-runner\_work\XPCO\XPCO\Corporate\VideoOS.Server.UnitTests\bin\x64\Debug\net472\VideoOS.Server.UnitTests.dll" adapterTypeName="executor://mstestadapter/v2" className="VideoOS.Server.UnitTests.CommandHandler.DeleteConfigurationItemCommandHandlerUnitTests" name="DeleteConfigurationItemCommandHandler_Execute_NoIds_Success" />
    </UnitTest>
    <UnitTest name="AnalyzeAndCreateAuditLogs_ModifiedSecurityPermissionsDeviceRowWithSameTimeBackwards_ReturnsNoTimeBackwardAuditLog" storage="d:\actions-runner\_work\xpco\xpco\corporate\videoos.server.unittests\bin\x64\debug\net472\videoos.server.unittests.dll" id="0e3e65ea-8dcd-331d-126b-63537ab482f7">
      <Execution id="d51144de-801c-42e9-8174-bfe62f8d1c2e" />
      <TestMethod codeBase="D:\actions-runner\_work\XPCO\XPCO\Corporate\VideoOS.Server.UnitTests\bin\x64\Debug\net472\VideoOS.Server.UnitTests.dll" adapterTypeName="executor://mstestadapter/v2" className="VideoOS.Server.UnitTests.CommandHandler.DataSetAuditLogAnalyzerTests" name="AnalyzeAndCreateAuditLogs_ModifiedSecurityPermissionsDeviceRowWithSameTimeBackwards_ReturnsNoTimeBackwardAuditLog" />
    </UnitTest>
    <UnitTest name="DeviceLicense_InsertThenUpdate_ShouldRemainWithInsertFlag" storage="d:\actions-runner\_work\xpco\xpco\corporate\videoos.server.unittests\bin\x64\debug\net472\videoos.server.unittests.dll" id="544a4964-32de-20f8-1685-514d0b05fbbf">
      <Execution id="cdabe6e9-1b47-4c46-9d60-2c03d9758b53" />
      <TestMethod codeBase="D:\actions-runner\_work\XPCO\XPCO\Corporate\VideoOS.Server.UnitTests\bin\x64\Debug\net472\VideoOS.Server.UnitTests.dll" adapterTypeName="executor://mstestadapter/v2" className="VideoOS.Server.UnitTests.Licensing.LicenseSnapshotTests" name="DeviceLicense_InsertThenUpdate_ShouldRemainWithInsertFlag" />
    </UnitTest>
    <UnitTest name="Construct_LicenseSnapshot_InvalidDeviceLicenseInfo_Throws_ArgumentNullException" storage="d:\actions-runner\_work\xpco\xpco\corporate\videoos.server.unittests\bin\x64\debug\net472\videoos.server.unittests.dll" id="58156cd4-323d-1734-17be-a12608c05d92">
      <Execution id="4f50d660-a58a-46ab-a04d-8675ca33c777" />
      <TestMethod codeBase="D:\actions-runner\_work\XPCO\XPCO\Corporate\VideoOS.Server.UnitTests\bin\x64\Debug\net472\VideoOS.Server.UnitTests.dll" adapterTypeName="executor://mstestadapter/v2" className="VideoOS.Server.UnitTests.Licensing.LicenseSnapshotTests" name="Construct_LicenseSnapshot_InvalidDeviceLicenseInfo_Throws_ArgumentNullException" />
    </UnitTest>
    <UnitTest name="CheckConfigurationDataSetTest_MultistreamRecording_NotLicensed_ValidationFails" storage="d:\actions-runner\_work\xpco\xpco\corporate\videoos.server.unittests\bin\x64\debug\net472\videoos.server.unittests.dll" id="9e417947-1d7d-d9ea-7371-5dd738e87907">
      <Execution id="99496069-2f31-448f-a8fe-df7932a96371" />
      <TestMethod codeBase="D:\actions-runner\_work\XPCO\XPCO\Corporate\VideoOS.Server.UnitTests\bin\x64\Debug\net472\VideoOS.Server.UnitTests.dll" adapterTypeName="executor://mstestadapter/v2" className="VideoOS.Server.UnitTests.Licensing.LicenseFeatureCheckerTest" name="CheckConfigurationDataSetTest_MultistreamRecording_NotLicensed_ValidationFails" />
    </UnitTest>
    <UnitTest name="TaskHandling_ProcessUpdateDiffgram_Hardware_Enable" storage="d:\actions-runner\_work\xpco\xpco\corporate\videoos.server.unittests\bin\x64\debug\net472\videoos.server.unittests.dll" id="1fa47bbe-7db1-0e40-1679-648ec26ea253">
      <Execution id="922e5f1e-f237-4be9-bd03-8c4956466344" />
      <TestMethod codeBase="D:\actions-runner\_work\XPCO\XPCO\Corporate\VideoOS.Server.UnitTests\bin\x64\Debug\net472\VideoOS.Server.UnitTests.dll" adapterTypeName="executor://mstestadapter/v2" className="VideoOS.Server.UnitTests.Tasks.TaskHandlingUnitTests" name="TaskHandling_ProcessUpdateDiffgram_Hardware_Enable" />
    </UnitTest>
    <UnitTest name="UploadFileChunkCommandHandler_Execute_Failed_CannotCreateFile" storage="d:\actions-runner\_work\xpco\xpco\corporate\videoos.server.unittests\bin\x64\debug\net472\videoos.server.unittests.dll" id="5f3e3347-7cc7-75b6-7352-604a8f0807cd">
      <Execution id="37eb102b-c7c2-4918-bc27-ee7cbee6783c" />
      <TestMethod codeBase="D:\actions-runner\_work\XPCO\XPCO\Corporate\VideoOS.Server.UnitTests\bin\x64\Debug\net472\VideoOS.Server.UnitTests.dll" adapterTypeName="executor://mstestadapter/v2" className="VideoOS.Server.UnitTests.CommandHandler.UploadFileChunkCommandHandlerUnitTests" name="UploadFileChunkCommandHandler_Execute_Failed_CannotCreateFile" />
    </UnitTest>
    <UnitTest name="FirmwareUpgradeTaskCommandHandler_Execute_Succeeded_FileExists" storage="d:\actions-runner\_work\xpco\xpco\corporate\videoos.server.unittests\bin\x64\debug\net472\videoos.server.unittests.dll" id="b566d2d3-171b-83da-eaa9-a57989214de3">
      <Execution id="50786fb3-c9fa-4fff-804d-1aa917dce1e8" />
      <TestMethod codeBase="D:\actions-runner\_work\XPCO\XPCO\Corporate\VideoOS.Server.UnitTests\bin\x64\Debug\net472\VideoOS.Server.UnitTests.dll" adapterTypeName="executor://mstestadapter/v2" className="VideoOS.Server.UnitTests.CommandHandler.FirmwareUpgradeTaskCommandHandlerTests" name="FirmwareUpgradeTaskCommandHandler_Execute_Succeeded_FileExists" />
    </UnitTest>
    <UnitTest name="ChannelLicenseCountManager_AddLicensedCameraFeed_Same_Device_Twice_ArgumentException" storage="d:\actions-runner\_work\xpco\xpco\corporate\videoos.server.unittests\bin\x64\debug\net472\videoos.server.unittests.dll" id="b5df2dbd-5065-cb1a-ce57-fd72707a2cdc">
      <TestCategory>
        <TestCategoryItem TestCategory="Licensing" />
      </TestCategory>
      <Execution id="4804b9f5-72af-4b82-b1d4-8610039735e4" />
      <TestMethod codeBase="D:\actions-runner\_work\XPCO\XPCO\Corporate\VideoOS.Server.UnitTests\bin\x64\Debug\net472\VideoOS.Server.UnitTests.dll" adapterTypeName="executor://mstestadapter/v2" className="VideoOS.Server.UnitTests.Licensing.LicenseCountManagerUnitTests" name="ChannelLicenseCountManager_AddLicensedCameraFeed_Same_Device_Twice_ArgumentException" />
    </UnitTest>
    <UnitTest name="ConfigurationDataSetLoader_GetLicenseByLicenseId_Success" storage="d:\actions-runner\_work\xpco\xpco\corporate\videoos.server.unittests\bin\x64\debug\net472\videoos.server.unittests.dll" id="b916ec91-a230-2e5e-2f2a-8cf3fad793e9">
      <Execution id="1936d4b4-c097-497d-b1f5-bf43d086cf61" />
      <TestMethod codeBase="D:\actions-runner\_work\XPCO\XPCO\Corporate\VideoOS.Server.UnitTests\bin\x64\Debug\net472\VideoOS.Server.UnitTests.dll" adapterTypeName="executor://mstestadapter/v2" className="VideoOS.Server.UnitTests.Configuration.ConfigurationDataSetLoaderTests" name="ConfigurationDataSetLoader_GetLicenseByLicenseId_Success" />
    </UnitTest>
    <UnitTest name="HardwareInGraceNotOnWhiteList_ReplacedWith_HardwareOnWhiteList_ShouldGiveHardwareNewGracePeriod" storage="d:\actions-runner\_work\xpco\xpco\corporate\videoos.server.unittests\bin\x64\debug\net472\videoos.server.unittests.dll" id="66b5c4ff-d2fa-19de-f4f4-61f87928ee9b">
      <TestCategory>
        <TestCategoryItem TestCategory="Licensing Replace Hardware" />
        <TestCategoryItem TestCategory="Licensing" />
      </TestCategory>
      <Execution id="2b837a40-1780-430d-8dd5-f79ace59c1cf" />
      <TestMethod codeBase="D:\actions-runner\_work\XPCO\XPCO\Corporate\VideoOS.Server.UnitTests\bin\x64\Debug\net472\VideoOS.Server.UnitTests.dll" adapterTypeName="executor://mstestadapter/v2" className="VideoOS.Server.UnitTests.Licensing.LicenseAllocatorChannelTests" name="HardwareInGraceNotOnWhiteList_ReplacedWith_HardwareOnWhiteList_ShouldGiveHardwareNewGracePeriod" />
    </UnitTest>
    <UnitTest name="AnalyzeAndCreateAuditLogs_AddedSecurityPermissionsDeviceRowWithDEVICEPTZPRIORITYAtrributeDefaultPriority_ReturnsOneAuditLog" storage="d:\actions-runner\_work\xpco\xpco\corporate\videoos.server.unittests\bin\x64\debug\net472\videoos.server.unittests.dll" id="f7272b3f-113e-703c-2842-a1c9d4adb7bb">
      <Execution id="61ef39f7-5265-4de7-a616-3268f152aab5" />
      <TestMethod codeBase="D:\actions-runner\_work\XPCO\XPCO\Corporate\VideoOS.Server.UnitTests\bin\x64\Debug\net472\VideoOS.Server.UnitTests.dll" adapterTypeName="executor://mstestadapter/v2" className="VideoOS.Server.UnitTests.CommandHandler.DataSetAuditLogAnalyzerTests" name="AnalyzeAndCreateAuditLogs_AddedSecurityPermissionsDeviceRowWithDEVICEPTZPRIORITYAtrributeDefaultPriority_ReturnsOneAuditLog" />
    </UnitTest>
    <UnitTest name="EvidenceLockOnOldRecorderCommandHandlerTests_OldRec_SendCmd_NotSupportedException" storage="d:\actions-runner\_work\xpco\xpco\corporate\videoos.server.unittests\bin\x64\debug\net472\videoos.server.unittests.dll" id="78410454-9798-10a4-a6b0-96d74dd2313c">
      <Execution id="42a2c516-dcc9-4dfc-ac77-1da7fccf76eb" />
      <TestMethod codeBase="D:\actions-runner\_work\XPCO\XPCO\Corporate\VideoOS.Server.UnitTests\bin\x64\Debug\net472\VideoOS.Server.UnitTests.dll" adapterTypeName="executor://mstestadapter/v2" className="VideoOS.Server.UnitTests.CommandHandler.EvidenceLockOnOldRecorderCommandHandlerTests" name="EvidenceLockOnOldRecorderCommandHandlerTests_OldRec_SendCmd_NotSupportedException" />
    </UnitTest>
    <UnitTest name="Parse_WhenTwoIntegrations_ReturnsTwoIntegrationRegistrations" storage="d:\actions-runner\_work\xpco\xpco\corporate\videoos.server.unittests\bin\x64\debug\net472\videoos.server.unittests.dll" id="9b2113f6-7be9-7a36-e4c3-35aeef59e7b0">
      <Execution id="a8815d0c-d50f-485f-b723-543fccaeebec" />
      <TestMethod codeBase="D:\actions-runner\_work\XPCO\XPCO\Corporate\VideoOS.Server.UnitTests\bin\x64\Debug\net472\VideoOS.Server.UnitTests.dll" adapterTypeName="executor://mstestadapter/v2" className="VideoOS.Server.UnitTests.Licensing.IntegrationRegistrationParserUnitTests" name="Parse_WhenTwoIntegrations_ReturnsTwoIntegrationRegistrations" />
    </UnitTest>
    <UnitTest name="HardwareInCWANotOnWhiteList_ReplacedWithNoInheritance_HardwareOnWhiteList_MixedCWAAllowed_FewerChannelsOnReplacedHardware_NewHardwareInCWA" storage="d:\actions-runner\_work\xpco\xpco\corporate\videoos.server.unittests\bin\x64\debug\net472\videoos.server.unittests.dll" id="88a2b845-389b-beb6-1095-abb81af0f128">
      <TestCategory>
        <TestCategoryItem TestCategory="Licensing Replace Hardware" />
        <TestCategoryItem TestCategory="Licensing" />
      </TestCategory>
      <Execution id="c59fd844-7166-4a18-a124-3b2d6d79dfcd" />
      <TestMethod codeBase="D:\actions-runner\_work\XPCO\XPCO\Corporate\VideoOS.Server.UnitTests\bin\x64\Debug\net472\VideoOS.Server.UnitTests.dll" adapterTypeName="executor://mstestadapter/v2" className="VideoOS.Server.UnitTests.Licensing.LicenseAllocatorChannelTests" name="HardwareInCWANotOnWhiteList_ReplacedWithNoInheritance_HardwareOnWhiteList_MixedCWAAllowed_FewerChannelsOnReplacedHardware_NewHardwareInCWA" />
    </UnitTest>
    <UnitTest name="CheckMsFailoverStatusCommandHandler_Execute_DecryptionFaulty_ShouldNotTrigger" storage="d:\actions-runner\_work\xpco\xpco\corporate\videoos.server.unittests\bin\x64\debug\net472\videoos.server.unittests.dll" id="5006a63c-335a-e7ab-37f6-6550fc39bd41">
      <Execution id="d25432cd-da44-429d-9471-f91ed9343084" />
      <TestMethod codeBase="D:\actions-runner\_work\XPCO\XPCO\Corporate\VideoOS.Server.UnitTests\bin\x64\Debug\net472\VideoOS.Server.UnitTests.dll" adapterTypeName="executor://mstestadapter/v2" className="VideoOS.Server.UnitTests.CommandHandler.CheckMsFailoverStatusCommandHandlerUnitTest" name="CheckMsFailoverStatusCommandHandler_Execute_DecryptionFaulty_ShouldNotTrigger" />
    </UnitTest>
    <UnitTest name="AnalyzeAndCreateAuditLogs_ModifiedSecurityPermissionsRowFromProfileNameToDefault_ReturnsOneAuditLog" storage="d:\actions-runner\_work\xpco\xpco\corporate\videoos.server.unittests\bin\x64\debug\net472\videoos.server.unittests.dll" id="b91ea863-19c7-157b-0aef-142fc8f94370">
      <Execution id="c8e65af8-9000-4f15-a54d-d2775a327985" />
      <TestMethod codeBase="D:\actions-runner\_work\XPCO\XPCO\Corporate\VideoOS.Server.UnitTests\bin\x64\Debug\net472\VideoOS.Server.UnitTests.dll" adapterTypeName="executor://mstestadapter/v2" className="VideoOS.Server.UnitTests.CommandHandler.DataSetAuditLogAnalyzerTests" name="AnalyzeAndCreateAuditLogs_ModifiedSecurityPermissionsRowFromProfileNameToDefault_ReturnsOneAuditLog" />
    </UnitTest>
    <UnitTest name="Find_NonICPHardware_ThatIsInGrace_ExpectedToFindNohardware" storage="d:\actions-runner\_work\xpco\xpco\corporate\videoos.server.unittests\bin\x64\debug\net472\videoos.server.unittests.dll" id="02ea1c10-2177-d122-01d1-49ecad243c61">
      <Execution id="1b1dc3a9-54f7-4d47-8c46-dbf3fb4c6d39" />
      <TestMethod codeBase="D:\actions-runner\_work\XPCO\XPCO\Corporate\VideoOS.Server.UnitTests\bin\x64\Debug\net472\VideoOS.Server.UnitTests.dll" adapterTypeName="executor://mstestadapter/v2" className="VideoOS.Server.UnitTests.Licensing.LicenseSnapshotTests" name="Find_NonICPHardware_ThatIsInGrace_ExpectedToFindNohardware" />
    </UnitTest>
    <UnitTest name="HardwareInGraceOnWhiteList_ReplacedWithNoInheritance_HardwareOnWhiteList_ShouldGiveHardwareNewGracePeriod" storage="d:\actions-runner\_work\xpco\xpco\corporate\videoos.server.unittests\bin\x64\debug\net472\videoos.server.unittests.dll" id="d8163710-1b5a-3346-13fe-885c38e1ff86">
      <TestCategory>
        <TestCategoryItem TestCategory="Licensing Replace Hardware" />
        <TestCategoryItem TestCategory="Licensing" />
      </TestCategory>
      <Execution id="c911111a-7eda-404c-969b-5d42d619007b" />
      <TestMethod codeBase="D:\actions-runner\_work\XPCO\XPCO\Corporate\VideoOS.Server.UnitTests\bin\x64\Debug\net472\VideoOS.Server.UnitTests.dll" adapterTypeName="executor://mstestadapter/v2" className="VideoOS.Server.UnitTests.Licensing.LicenseAllocatorChannelTests" name="HardwareInGraceOnWhiteList_ReplacedWithNoInheritance_HardwareOnWhiteList_ShouldGiveHardwareNewGracePeriod" />
    </UnitTest>
    <UnitTest name="LicenseCountManager_Hardware_Get_Set_HardwareLicenseValue" storage="d:\actions-runner\_work\xpco\xpco\corporate\videoos.server.unittests\bin\x64\debug\net472\videoos.server.unittests.dll" id="d6f81ae9-e981-8578-05d8-fc4d8d62f519">
      <Execution id="58c93cab-3e84-4a25-a2a3-de7a6f58de17" />
      <TestMethod codeBase="D:\actions-runner\_work\XPCO\XPCO\Corporate\VideoOS.Server.UnitTests\bin\x64\Debug\net472\VideoOS.Server.UnitTests.dll" adapterTypeName="executor://mstestadapter/v2" className="VideoOS.Server.UnitTests.Licensing.LicenseCountManagerUnitTests" name="LicenseCountManager_Hardware_Get_Set_HardwareLicenseValue" />
    </UnitTest>
    <UnitTest name="HardwareActivatedNotOnWhiteList_ReplacedWithInheritance_HardwareOnWhiteList_NoCWAAllowed_NewHardwareInGrace" storage="d:\actions-runner\_work\xpco\xpco\corporate\videoos.server.unittests\bin\x64\debug\net472\videoos.server.unittests.dll" id="d9e2c8f9-5652-2464-f933-9795a5513b3a">
      <TestCategory>
        <TestCategoryItem TestCategory="Licensing Replace Hardware" />
        <TestCategoryItem TestCategory="Licensing" />
      </TestCategory>
      <Execution id="48a5e0db-d87b-4b60-ade6-473c6ef64203" />
      <TestMethod codeBase="D:\actions-runner\_work\XPCO\XPCO\Corporate\VideoOS.Server.UnitTests\bin\x64\Debug\net472\VideoOS.Server.UnitTests.dll" adapterTypeName="executor://mstestadapter/v2" className="VideoOS.Server.UnitTests.Licensing.LicenseAllocatorChannelTests" name="HardwareActivatedNotOnWhiteList_ReplacedWithInheritance_HardwareOnWhiteList_NoCWAAllowed_NewHardwareInGrace" />
    </UnitTest>
    <UnitTest name="AnalyzeAndCreateAuditLogs_ModifiedSecurityPermissionsDeviceRowWithDEVICEPTZPRIORITYAtrributeSamePriority_ReturnsNoAuditLog" storage="d:\actions-runner\_work\xpco\xpco\corporate\videoos.server.unittests\bin\x64\debug\net472\videoos.server.unittests.dll" id="18221f5c-a233-8915-9e13-307a08a338ec">
      <Execution id="523239f8-94ff-46d8-b148-001b5a319d22" />
      <TestMethod codeBase="D:\actions-runner\_work\XPCO\XPCO\Corporate\VideoOS.Server.UnitTests\bin\x64\Debug\net472\VideoOS.Server.UnitTests.dll" adapterTypeName="executor://mstestadapter/v2" className="VideoOS.Server.UnitTests.CommandHandler.DataSetAuditLogAnalyzerTests" name="AnalyzeAndCreateAuditLogs_ModifiedSecurityPermissionsDeviceRowWithDEVICEPTZPRIORITYAtrributeSamePriority_ReturnsNoAuditLog" />
    </UnitTest>
    <UnitTest name="ConfigurationDataSetLoader_GetDeviceRecorderPlugins_Success" storage="d:\actions-runner\_work\xpco\xpco\corporate\videoos.server.unittests\bin\x64\debug\net472\videoos.server.unittests.dll" id="c2068be2-4b9a-2d31-5ccd-a114d2f9c690">
      <Execution id="e2c71df4-8893-45f4-9094-7a424cda7bd9" />
      <TestMethod codeBase="D:\actions-runner\_work\XPCO\XPCO\Corporate\VideoOS.Server.UnitTests\bin\x64\Debug\net472\VideoOS.Server.UnitTests.dll" adapterTypeName="executor://mstestadapter/v2" className="VideoOS.Server.UnitTests.Configuration.ConfigurationDataSetLoaderTests" name="ConfigurationDataSetLoader_GetDeviceRecorderPlugins_Success" />
    </UnitTest>
    <UnitTest name="AttachedRecorder_Register_ArgumentNull" storage="d:\actions-runner\_work\xpco\xpco\corporate\videoos.server.unittests\bin\x64\debug\net472\videoos.server.unittests.dll" id="3396b17e-7d76-0fa4-f8b1-ffc9748f3b30">
      <Execution id="cbe53ef7-0b61-4f01-b6ea-8587ad04572f" />
      <TestMethod codeBase="D:\actions-runner\_work\XPCO\XPCO\Corporate\VideoOS.Server.UnitTests\bin\x64\Debug\net472\VideoOS.Server.UnitTests.dll" adapterTypeName="executor://mstestadapter/v2" className="VideoOS.Server.UnitTests.AttachedRecorderTests" name="AttachedRecorder_Register_ArgumentNull" />
    </UnitTest>
    <UnitTest name="IsHardwareInChangesWithoutActivation_ReturnsTrue_OnCurrentYearDevices" storage="d:\actions-runner\_work\xpco\xpco\corporate\videoos.server.unittests\bin\x64\debug\net472\videoos.server.unittests.dll" id="69e8fd5f-67a2-ab17-7dea-912fb2f94aa3">
      <TestCategory>
        <TestCategoryItem TestCategory="Licensing" />
      </TestCategory>
      <Execution id="e006115f-2004-4fb7-9891-c81e54f1edf6" />
      <TestMethod codeBase="D:\actions-runner\_work\XPCO\XPCO\Corporate\VideoOS.Server.UnitTests\bin\x64\Debug\net472\VideoOS.Server.UnitTests.dll" adapterTypeName="executor://mstestadapter/v2" className="VideoOS.Server.UnitTests.Licensing.LicenseManagerUnitTests" name="IsHardwareInChangesWithoutActivation_ReturnsTrue_OnCurrentYearDevices" />
    </UnitTest>
    <UnitTest name="LicenseInfoXmlWriter_CreateLicenseInformationXml_FromCachedLicense" storage="d:\actions-runner\_work\xpco\xpco\corporate\videoos.server.unittests\bin\x64\debug\net472\videoos.server.unittests.dll" id="2a80f91a-32ba-91b0-be00-f54a7b8a1186">
      <TestCategory>
        <TestCategoryItem TestCategory="Licensing" />
      </TestCategory>
      <Execution id="4423f89d-ff5d-4255-a2bc-b63b6e9e80b3" />
      <TestMethod codeBase="D:\actions-runner\_work\XPCO\XPCO\Corporate\VideoOS.Server.UnitTests\bin\x64\Debug\net472\VideoOS.Server.UnitTests.dll" adapterTypeName="executor://mstestadapter/v2" className="VideoOS.Server.UnitTests.Licensing.LicenseInfoXmlWriterTests" name="LicenseInfoXmlWriter_CreateLicenseInformationXml_FromCachedLicense" />
    </UnitTest>
    <UnitTest name="RecorderLicense_RemoveExistingLicense_ReAdd_StatusShouldBeUpdate_Success" storage="d:\actions-runner\_work\xpco\xpco\corporate\videoos.server.unittests\bin\x64\debug\net472\videoos.server.unittests.dll" id="0aeb399b-3861-f3f6-cb85-96ab5dcf2ac5">
      <Execution id="4cea08e0-921b-4abd-8a34-6cace3c6e923" />
      <TestMethod codeBase="D:\actions-runner\_work\XPCO\XPCO\Corporate\VideoOS.Server.UnitTests\bin\x64\Debug\net472\VideoOS.Server.UnitTests.dll" adapterTypeName="executor://mstestadapter/v2" className="VideoOS.Server.UnitTests.Licensing.LicenseSnapshotTests" name="RecorderLicense_RemoveExistingLicense_ReAdd_StatusShouldBeUpdate_Success" />
    </UnitTest>
    <UnitTest name="DeviceDataDistributionManager_CleanupAll_RecorderNotMainRecorder_NothingDeleted" storage="d:\actions-runner\_work\xpco\xpco\corporate\videoos.server.unittests\bin\x64\debug\net472\videoos.server.unittests.dll" id="b00145eb-37a7-57ac-e8b9-6347d3111bce">
      <Execution id="d60a3b5f-e2cc-414f-b739-b1c1b93ab640" />
      <TestMethod codeBase="D:\actions-runner\_work\XPCO\XPCO\Corporate\VideoOS.Server.UnitTests\bin\x64\Debug\net472\VideoOS.Server.UnitTests.dll" adapterTypeName="executor://mstestadapter/v2" className="VideoOS.Server.UnitTests.DeviceDataDistributionManagerUnitTests" name="DeviceDataDistributionManager_CleanupAll_RecorderNotMainRecorder_NothingDeleted" />
    </UnitTest>
    <UnitTest name="OnException_ExceptionOtherThanNotSupportedByLegacyRecorderException_ReponseIsUnchaged" storage="d:\actions-runner\_work\xpco\xpco\corporate\videoos.server.unittests\bin\x64\debug\net472\videoos.server.unittests.dll" id="aaa036b3-a7bb-26a3-056e-9fe53c0f9a73">
      <Execution id="1bbb1ddd-e739-4a8c-b819-a4a4e8a0de43" />
      <TestMethod codeBase="D:\actions-runner\_work\XPCO\XPCO\Corporate\VideoOS.Server.UnitTests\bin\x64\Debug\net472\VideoOS.Server.UnitTests.dll" adapterTypeName="executor://mstestadapter/v2" className="VideoOS.Server.UnitTests.ServerExceptionFilterTests" name="OnException_ExceptionOtherThanNotSupportedByLegacyRecorderException_ReponseIsUnchaged" />
    </UnitTest>
    <UnitTest name="LicenseInformation_ToXml_FromXml_CompareObjects" storage="d:\actions-runner\_work\xpco\xpco\corporate\videoos.server.unittests\bin\x64\debug\net472\videoos.server.unittests.dll" id="21d94a4c-564b-6c81-53a1-9ad6328e5a7b">
      <TestCategory>
        <TestCategoryItem TestCategory="Licensing" />
      </TestCategory>
      <Execution id="f20cc823-f3ad-4bf8-839d-22e061d9d149" />
      <TestMethod codeBase="D:\actions-runner\_work\XPCO\XPCO\Corporate\VideoOS.Server.UnitTests\bin\x64\Debug\net472\VideoOS.Server.UnitTests.dll" adapterTypeName="executor://mstestadapter/v2" className="VideoOS.Server.UnitTests.Licensing.LicenseInformationUnitTests" name="LicenseInformation_ToXml_FromXml_CompareObjects" />
    </UnitTest>
    <UnitTest name="HardwareInCWAOnWhiteList_ReplacedWithInheritance_HardwareOnWhiteList_NoMoreCWAAllowed_MoreChannelsOnReplacedHardware_NewHardwareInGrace" storage="d:\actions-runner\_work\xpco\xpco\corporate\videoos.server.unittests\bin\x64\debug\net472\videoos.server.unittests.dll" id="f6d1993a-6db2-551d-9c0e-78124ea0eb13">
      <TestCategory>
        <TestCategoryItem TestCategory="Licensing Replace Hardware" />
        <TestCategoryItem TestCategory="Licensing" />
      </TestCategory>
      <Execution id="713cf940-fb5e-4d53-938b-c1d0a27e45f7" />
      <TestMethod codeBase="D:\actions-runner\_work\XPCO\XPCO\Corporate\VideoOS.Server.UnitTests\bin\x64\Debug\net472\VideoOS.Server.UnitTests.dll" adapterTypeName="executor://mstestadapter/v2" className="VideoOS.Server.UnitTests.Licensing.LicenseAllocatorChannelTests" name="HardwareInCWAOnWhiteList_ReplacedWithInheritance_HardwareOnWhiteList_NoMoreCWAAllowed_MoreChannelsOnReplacedHardware_NewHardwareInGrace" />
    </UnitTest>
    <UnitTest name="HardwareScanTaskCommandHandler_Execute_InitializeDiscoveryComponent_FailResponse" storage="d:\actions-runner\_work\xpco\xpco\corporate\videoos.server.unittests\bin\x64\debug\net472\videoos.server.unittests.dll" id="5980876c-5f0e-99f6-c59d-26c8c29982a4">
      <Execution id="1bcf744f-d6e2-48d6-9c80-f63c3f0caf12" />
      <TestMethod codeBase="D:\actions-runner\_work\XPCO\XPCO\Corporate\VideoOS.Server.UnitTests\bin\x64\Debug\net472\VideoOS.Server.UnitTests.dll" adapterTypeName="executor://mstestadapter/v2" className="VideoOS.Server.UnitTests.CommandHandler.HardwareScanTaskCommandHandlerTest" name="HardwareScanTaskCommandHandler_Execute_InitializeDiscoveryComponent_FailResponse" />
    </UnitTest>
    <UnitTest name="EventCollectorConstructor_Success" storage="d:\actions-runner\_work\xpco\xpco\corporate\videoos.server.unittests\bin\x64\debug\net472\videoos.server.unittests.dll" id="a713d85e-4be9-e408-9b6e-5babcb270474">
      <Execution id="e61abc5c-35a7-46a2-b77f-10aa1ef30e0e" />
      <TestMethod codeBase="D:\actions-runner\_work\XPCO\XPCO\Corporate\VideoOS.Server.UnitTests\bin\x64\Debug\net472\VideoOS.Server.UnitTests.dll" adapterTypeName="executor://mstestadapter/v2" className="VideoOS.Server.UnitTests.UpdateConfigurationManagerCommandHandlerTests" name="EventCollectorConstructor_Success" />
    </UnitTest>
    <UnitTest name="CreateLicenseInformationXml_Has0InAllCounts_OnActivatedDisabledHardware" storage="d:\actions-runner\_work\xpco\xpco\corporate\videoos.server.unittests\bin\x64\debug\net472\videoos.server.unittests.dll" id="c858a481-0d0e-3988-c228-6802bc380da7">
      <TestCategory>
        <TestCategoryItem TestCategory="Licensing" />
      </TestCategory>
      <Execution id="4fde09e8-8c9f-45e1-8eb1-7348d8130be0" />
      <TestMethod codeBase="D:\actions-runner\_work\XPCO\XPCO\Corporate\VideoOS.Server.UnitTests\bin\x64\Debug\net472\VideoOS.Server.UnitTests.dll" adapterTypeName="executor://mstestadapter/v2" className="VideoOS.Server.UnitTests.Licensing.LicenseInfoXmlWriterTests" name="CreateLicenseInformationXml_Has0InAllCounts_OnActivatedDisabledHardware" />
    </UnitTest>
    <UnitTest name="GetCompleteConfiguration_ModelIsValid_Success" storage="d:\actions-runner\_work\xpco\xpco\corporate\videoos.server.unittests\bin\x64\debug\net472\videoos.server.unittests.dll" id="b6d62496-fe4d-e1e0-5823-653f91d759b0">
      <Execution id="dd0a2c7e-2a18-48ad-9520-109653cff88c" />
      <TestMethod codeBase="D:\actions-runner\_work\XPCO\XPCO\Corporate\VideoOS.Server.UnitTests\bin\x64\Debug\net472\VideoOS.Server.UnitTests.dll" adapterTypeName="executor://mstestadapter/v2" className="VideoOS.Server.UnitTests.ConfigurationControllerTests" name="GetCompleteConfiguration_ModelIsValid_Success" />
    </UnitTest>
    <UnitTest name="FirmwareUpgradeTaskCommandHandler_Execute_Failed_CannotOpenFile" storage="d:\actions-runner\_work\xpco\xpco\corporate\videoos.server.unittests\bin\x64\debug\net472\videoos.server.unittests.dll" id="1405cb77-5474-643e-05e9-78856c3ea7b9">
      <Execution id="f8543838-53d8-4566-b15c-1dacb0c4bdf3" />
      <TestMethod codeBase="D:\actions-runner\_work\XPCO\XPCO\Corporate\VideoOS.Server.UnitTests\bin\x64\Debug\net472\VideoOS.Server.UnitTests.dll" adapterTypeName="executor://mstestadapter/v2" className="VideoOS.Server.UnitTests.CommandHandler.FirmwareUpgradeTaskCommandHandlerTests" name="FirmwareUpgradeTaskCommandHandler_Execute_Failed_CannotOpenFile" />
    </UnitTest>
    <UnitTest name="HardwareScanExpressTaskCommandHandler_Execute_UnexpectedResponse_FailResponse" storage="d:\actions-runner\_work\xpco\xpco\corporate\videoos.server.unittests\bin\x64\debug\net472\videoos.server.unittests.dll" id="c515c7cc-d55a-ea72-d25b-2e3f0c53338a">
      <Execution id="f8d7d577-0d60-406a-8a69-ad18d421e3b3" />
      <TestMethod codeBase="D:\actions-runner\_work\XPCO\XPCO\Corporate\VideoOS.Server.UnitTests\bin\x64\Debug\net472\VideoOS.Server.UnitTests.dll" adapterTypeName="executor://mstestadapter/v2" className="VideoOS.Server.UnitTests.CommandHandler.HardwareScanExpressTaskCommandHandlerTest" name="HardwareScanExpressTaskCommandHandler_Execute_UnexpectedResponse_FailResponse" />
    </UnitTest>
    <UnitTest name="UpdateHardwareTaskCommandHandler_Apply_HartBeat_Tests" storage="d:\actions-runner\_work\xpco\xpco\corporate\videoos.server.unittests\bin\x64\debug\net472\videoos.server.unittests.dll" id="20d778f5-4e73-ba07-f83c-99d00437cd4c">
      <Execution id="7c7a18e6-8676-4d5c-81c8-deac42af966c" />
      <TestMethod codeBase="D:\actions-runner\_work\XPCO\XPCO\Corporate\VideoOS.Server.UnitTests\bin\x64\Debug\net472\VideoOS.Server.UnitTests.dll" adapterTypeName="executor://mstestadapter/v2" className="VideoOS.Server.UnitTests.CommandHandler.UpdateHardwareTaskHandlerTests" name="UpdateHardwareTaskCommandHandler_Apply_HartBeat_Tests" />
    </UnitTest>
    <UnitTest name="ChannelLicenseCountManager_IsCameraFeedLicensedOnRecorder_NullDeviceInfo_ThrowsArgumentNullException" storage="d:\actions-runner\_work\xpco\xpco\corporate\videoos.server.unittests\bin\x64\debug\net472\videoos.server.unittests.dll" id="242e1d60-b9b9-fea9-1a94-af0c6327deb8">
      <TestCategory>
        <TestCategoryItem TestCategory="Licensing" />
      </TestCategory>
      <Execution id="418d9d5a-d921-4c5c-aef4-63e7c2f09113" />
      <TestMethod codeBase="D:\actions-runner\_work\XPCO\XPCO\Corporate\VideoOS.Server.UnitTests\bin\x64\Debug\net472\VideoOS.Server.UnitTests.dll" adapterTypeName="executor://mstestadapter/v2" className="VideoOS.Server.UnitTests.Licensing.LicenseCountManagerUnitTests" name="ChannelLicenseCountManager_IsCameraFeedLicensedOnRecorder_NullDeviceInfo_ThrowsArgumentNullException" />
    </UnitTest>
    <UnitTest name="AllocateLicenses_25Available_SixHardwareWith5Devices_15Activated_10InChangesWithoutActivation_5Unlicensed" storage="d:\actions-runner\_work\xpco\xpco\corporate\videoos.server.unittests\bin\x64\debug\net472\videoos.server.unittests.dll" id="849ae475-f416-8ab4-9798-07ae8793de20">
      <TestCategory>
        <TestCategoryItem TestCategory="Licensing" />
      </TestCategory>
      <Execution id="5eb7d735-3573-4000-b1b1-9f00f31cb6a2" />
      <TestMethod codeBase="D:\actions-runner\_work\XPCO\XPCO\Corporate\VideoOS.Server.UnitTests\bin\x64\Debug\net472\VideoOS.Server.UnitTests.dll" adapterTypeName="executor://mstestadapter/v2" className="VideoOS.Server.UnitTests.Licensing.LicenseAllocatorChannelTests" name="AllocateLicenses_25Available_SixHardwareWith5Devices_15Activated_10InChangesWithoutActivation_5Unlicensed" />
    </UnitTest>
    <UnitTest name="Parse_WhenOneIntegration_TwoIntegrationTypes_ReturnsOneIntegrationRegistration" storage="d:\actions-runner\_work\xpco\xpco\corporate\videoos.server.unittests\bin\x64\debug\net472\videoos.server.unittests.dll" id="0ea2702b-3b94-2ec6-f6e7-7129973ec32e">
      <Execution id="3cc3cdc7-d619-4674-b18d-bb38ad700f59" />
      <TestMethod codeBase="D:\actions-runner\_work\XPCO\XPCO\Corporate\VideoOS.Server.UnitTests\bin\x64\Debug\net472\VideoOS.Server.UnitTests.dll" adapterTypeName="executor://mstestadapter/v2" className="VideoOS.Server.UnitTests.Licensing.IntegrationRegistrationParserUnitTests" name="Parse_WhenOneIntegration_TwoIntegrationTypes_ReturnsOneIntegrationRegistration" />
    </UnitTest>
    <UnitTest name="GetAbsolutePtzPositionResponse_ModelIsNull_BadRequestResult" storage="d:\actions-runner\_work\xpco\xpco\corporate\videoos.server.unittests\bin\x64\debug\net472\videoos.server.unittests.dll" id="30b9cd1c-6147-d908-195f-b436e1d3125c">
      <Execution id="008b076d-5760-4fa7-b933-617f9abff6c7" />
      <TestMethod codeBase="D:\actions-runner\_work\XPCO\XPCO\Corporate\VideoOS.Server.UnitTests\bin\x64\Debug\net472\VideoOS.Server.UnitTests.dll" adapterTypeName="executor://mstestadapter/v2" className="VideoOS.Server.UnitTests.WebApi.ResponseControllerTest" name="GetAbsolutePtzPositionResponse_ModelIsNull_BadRequestResult" />
    </UnitTest>
    <UnitTest name="UpdateEvidenceLockSizesCommandHandlerTests_UpdateOneEvidenceLockSize_RecorderHasReturnedWithPositiveSizes_SuccessResponse" storage="d:\actions-runner\_work\xpco\xpco\corporate\videoos.server.unittests\bin\x64\debug\net472\videoos.server.unittests.dll" id="f793553c-5e8d-2585-ec4b-6c1aa03e7866">
      <Execution id="225e7462-e2b5-4220-836f-7be759d07725" />
      <TestMethod codeBase="D:\actions-runner\_work\XPCO\XPCO\Corporate\VideoOS.Server.UnitTests\bin\x64\Debug\net472\VideoOS.Server.UnitTests.dll" adapterTypeName="executor://mstestadapter/v2" className="VideoOS.Server.UnitTests.CommandHandler.UpdateEvidenceLockSizesCommandHandlerTests" name="UpdateEvidenceLockSizesCommandHandlerTests_UpdateOneEvidenceLockSize_RecorderHasReturnedWithPositiveSizes_SuccessResponse" />
    </UnitTest>
    <UnitTest name="ChannelLicenseCountManager_GetCameraFeedLicenseValue_DeviceNotFound_ThrowsInvalidOperationException" storage="d:\actions-runner\_work\xpco\xpco\corporate\videoos.server.unittests\bin\x64\debug\net472\videoos.server.unittests.dll" id="e99a400b-ed81-5765-bd26-bbc9b70b51b3">
      <TestCategory>
        <TestCategoryItem TestCategory="Licensing" />
      </TestCategory>
      <Execution id="e8b7fb27-a193-413b-860c-50a7f49a0d40" />
      <TestMethod codeBase="D:\actions-runner\_work\XPCO\XPCO\Corporate\VideoOS.Server.UnitTests\bin\x64\Debug\net472\VideoOS.Server.UnitTests.dll" adapterTypeName="executor://mstestadapter/v2" className="VideoOS.Server.UnitTests.Licensing.LicenseCountManagerUnitTests" name="ChannelLicenseCountManager_GetCameraFeedLicenseValue_DeviceNotFound_ThrowsInvalidOperationException" />
    </UnitTest>
    <UnitTest name="Monitor_CurrentStatusChanged_LocalSslError" storage="d:\actions-runner\_work\xpco\xpco\corporate\videoos.server.unittests\bin\x64\debug\net472\videoos.server.unittests.dll" id="4a92a97d-092d-826d-c116-86acae774336">
      <Execution id="d077a301-de34-4edb-8d91-c98e1282710e" />
      <TestMethod codeBase="D:\actions-runner\_work\XPCO\XPCO\Corporate\VideoOS.Server.UnitTests\bin\x64\Debug\net472\VideoOS.Server.UnitTests.dll" adapterTypeName="executor://mstestadapter/v2" className="VideoOS.Server.UnitTests.Failover.FailoverStatusManagerUnitTests" name="Monitor_CurrentStatusChanged_LocalSslError" />
    </UnitTest>
    <UnitTest name="Validate_ReenteringLicenses_AfterActivation_ShowsHardwareInGrace_WhenUsingWhiteListedHardware" storage="d:\actions-runner\_work\xpco\xpco\corporate\videoos.server.unittests\bin\x64\debug\net472\videoos.server.unittests.dll" id="6c6b716e-4d28-c779-dfb6-ac3f614f8de4">
      <TestCategory>
        <TestCategoryItem TestCategory="Licensing" />
      </TestCategory>
      <Execution id="738301d1-ea27-408d-a4fd-d6fac5df3ab5" />
      <TestMethod codeBase="D:\actions-runner\_work\XPCO\XPCO\Corporate\VideoOS.Server.UnitTests\bin\x64\Debug\net472\VideoOS.Server.UnitTests.dll" adapterTypeName="executor://mstestadapter/v2" className="VideoOS.Server.UnitTests.Licensing.LicenseAllocatorChannelTests" name="Validate_ReenteringLicenses_AfterActivation_ShowsHardwareInGrace_WhenUsingWhiteListedHardware" />
    </UnitTest>
    <UnitTest name="IsActivationNeeded_True_DeviceRemoved" storage="d:\actions-runner\_work\xpco\xpco\corporate\videoos.server.unittests\bin\x64\debug\net472\videoos.server.unittests.dll" id="882b56f4-78e9-f8de-5e21-552cca584369">
      <TestCategory>
        <TestCategoryItem TestCategory="Licensing" />
      </TestCategory>
      <Execution id="30ba58c6-f954-49fb-8226-7d295b9d97a8" />
      <TestMethod codeBase="D:\actions-runner\_work\XPCO\XPCO\Corporate\VideoOS.Server.UnitTests\bin\x64\Debug\net472\VideoOS.Server.UnitTests.dll" adapterTypeName="executor://mstestadapter/v2" className="VideoOS.Server.UnitTests.Licensing.LicenseManagerUnitTests" name="IsActivationNeeded_True_DeviceRemoved" />
    </UnitTest>
    <UnitTest name="HardwareSetupErrorResponse_ModelIsValid_CommandExecuted" storage="d:\actions-runner\_work\xpco\xpco\corporate\videoos.server.unittests\bin\x64\debug\net472\videoos.server.unittests.dll" id="83deb65f-c361-2dce-240a-5f709eb9caac">
      <Execution id="f48925e2-549c-49a0-893a-fd1558995d41" />
      <TestMethod codeBase="D:\actions-runner\_work\XPCO\XPCO\Corporate\VideoOS.Server.UnitTests\bin\x64\Debug\net472\VideoOS.Server.UnitTests.dll" adapterTypeName="executor://mstestadapter/v2" className="VideoOS.Server.UnitTests.WebApi.ResponseControllerTest" name="HardwareSetupErrorResponse_ModelIsValid_CommandExecuted" />
    </UnitTest>
    <UnitTest name="AllocateLicensesNotActivated_WhitelistedDriver_CWA_OneHardware_TwoCameras_OneLicense_ValidateLicenseTypes" storage="d:\actions-runner\_work\xpco\xpco\corporate\videoos.server.unittests\bin\x64\debug\net472\videoos.server.unittests.dll" id="2e5cdf48-ab53-ed98-9996-66c93f8cff15">
      <TestCategory>
        <TestCategoryItem TestCategory="Licensing" />
      </TestCategory>
      <Execution id="464f5fcc-1741-46f4-b92a-95e9734b8695" />
      <TestMethod codeBase="D:\actions-runner\_work\XPCO\XPCO\Corporate\VideoOS.Server.UnitTests\bin\x64\Debug\net472\VideoOS.Server.UnitTests.dll" adapterTypeName="executor://mstestadapter/v2" className="VideoOS.Server.UnitTests.Licensing.LicenseAllocatorChannelTests" name="AllocateLicensesNotActivated_WhitelistedDriver_CWA_OneHardware_TwoCameras_OneLicense_ValidateLicenseTypes" />
    </UnitTest>
    <UnitTest name="GetCompleteConfiguration_ModelNull_BadRequest" storage="d:\actions-runner\_work\xpco\xpco\corporate\videoos.server.unittests\bin\x64\debug\net472\videoos.server.unittests.dll" id="b2b84e0f-7a42-e121-7c85-d420a429a320">
      <Execution id="ac0eef34-f10c-4473-96b4-a241b1058fb5" />
      <TestMethod codeBase="D:\actions-runner\_work\XPCO\XPCO\Corporate\VideoOS.Server.UnitTests\bin\x64\Debug\net472\VideoOS.Server.UnitTests.dll" adapterTypeName="executor://mstestadapter/v2" className="VideoOS.Server.UnitTests.ConfigurationControllerTests" name="GetCompleteConfiguration_ModelNull_BadRequest" />
    </UnitTest>
    <UnitTest name="ServerFileSystemResponseQueryDrives_ModelIsNull_BadRequestResult" storage="d:\actions-runner\_work\xpco\xpco\corporate\videoos.server.unittests\bin\x64\debug\net472\videoos.server.unittests.dll" id="82d37856-d8ef-15b8-7133-dfcb7cb39eaf">
      <Execution id="c0052411-2884-4e61-b1b7-c71b83047ff2" />
      <TestMethod codeBase="D:\actions-runner\_work\XPCO\XPCO\Corporate\VideoOS.Server.UnitTests\bin\x64\Debug\net472\VideoOS.Server.UnitTests.dll" adapterTypeName="executor://mstestadapter/v2" className="VideoOS.Server.UnitTests.WebApi.ResponseControllerTest" name="ServerFileSystemResponseQueryDrives_ModelIsNull_BadRequestResult" />
    </UnitTest>
    <UnitTest name="ReplaceHardwareCommandHandler_Clone_Tests" storage="d:\actions-runner\_work\xpco\xpco\corporate\videoos.server.unittests\bin\x64\debug\net472\videoos.server.unittests.dll" id="ad19428e-e97a-2b80-9a28-a9602530bd19">
      <Execution id="0c303b5c-8868-4873-a1d4-a25d627a473d" />
      <TestMethod codeBase="D:\actions-runner\_work\XPCO\XPCO\Corporate\VideoOS.Server.UnitTests\bin\x64\Debug\net472\VideoOS.Server.UnitTests.dll" adapterTypeName="executor://mstestadapter/v2" className="VideoOS.Server.UnitTests.CommandHandler.ReplaceHardwareCommandHandlerUnitTests" name="ReplaceHardwareCommandHandler_Clone_Tests" />
    </UnitTest>
    <UnitTest name="CreateLicenseInformationXml_Has10Unlicensed_On1HardwareWith10CameraChannels" storage="d:\actions-runner\_work\xpco\xpco\corporate\videoos.server.unittests\bin\x64\debug\net472\videoos.server.unittests.dll" id="e4a3b9e7-3a1f-3d64-878c-608bf44b6dad">
      <TestCategory>
        <TestCategoryItem TestCategory="Licensing" />
      </TestCategory>
      <Execution id="343460e0-434b-4983-9ff3-4521d25eaa4b" />
      <TestMethod codeBase="D:\actions-runner\_work\XPCO\XPCO\Corporate\VideoOS.Server.UnitTests\bin\x64\Debug\net472\VideoOS.Server.UnitTests.dll" adapterTypeName="executor://mstestadapter/v2" className="VideoOS.Server.UnitTests.Licensing.LicenseInfoXmlWriterTests" name="CreateLicenseInformationXml_Has10Unlicensed_On1HardwareWith10CameraChannels" />
    </UnitTest>
    <UnitTest name="LicenseCountManager_ValidateRelatedRecordingServerLicenses_NullLicenseSnapshot_ThrowsArgumentNullException" storage="d:\actions-runner\_work\xpco\xpco\corporate\videoos.server.unittests\bin\x64\debug\net472\videoos.server.unittests.dll" id="b91d1d26-a0b1-2ee2-8015-069f2388c8c9">
      <TestCategory>
        <TestCategoryItem TestCategory="Licensing" />
      </TestCategory>
      <Execution id="4b739d59-7544-4ec1-8020-83b2a9c7cff5" />
      <TestMethod codeBase="D:\actions-runner\_work\XPCO\XPCO\Corporate\VideoOS.Server.UnitTests\bin\x64\Debug\net472\VideoOS.Server.UnitTests.dll" adapterTypeName="executor://mstestadapter/v2" className="VideoOS.Server.UnitTests.Licensing.LicenseCountManagerUnitTests" name="LicenseCountManager_ValidateRelatedRecordingServerLicenses_NullLicenseSnapshot_ThrowsArgumentNullException" />
    </UnitTest>
    <UnitTest name="SessionDataManager_StoreAndCleanup_Success" storage="d:\actions-runner\_work\xpco\xpco\corporate\videoos.server.unittests\bin\x64\debug\net472\videoos.server.unittests.dll" id="359fff84-37cd-cbf2-c40f-cab0519a05a2">
      <Execution id="e3a8a70a-3000-442e-9466-a96dcbd04425" />
      <TestMethod codeBase="D:\actions-runner\_work\XPCO\XPCO\Corporate\VideoOS.Server.UnitTests\bin\x64\Debug\net472\VideoOS.Server.UnitTests.dll" adapterTypeName="executor://mstestadapter/v2" className="VideoOS.Server.UnitTests.Tasks.SessionDataManagerTests" name="SessionDataManager_StoreAndCleanup_Success" />
    </UnitTest>
    <UnitTest name="LicenseCountManager_RegisterHardwareRecorderRelation_InvalidMac_Empty_Throws_ArgumentNullException" storage="d:\actions-runner\_work\xpco\xpco\corporate\videoos.server.unittests\bin\x64\debug\net472\videoos.server.unittests.dll" id="a1c4ddaf-fc3e-ab39-fb53-e6902831a046">
      <TestCategory>
        <TestCategoryItem TestCategory="Licensing" />
      </TestCategory>
      <Execution id="74c37ea2-7f62-41d4-bc93-aa60226de2dc" />
      <TestMethod codeBase="D:\actions-runner\_work\XPCO\XPCO\Corporate\VideoOS.Server.UnitTests\bin\x64\Debug\net472\VideoOS.Server.UnitTests.dll" adapterTypeName="executor://mstestadapter/v2" className="VideoOS.Server.UnitTests.Licensing.LicenseCountManagerUnitTests" name="LicenseCountManager_RegisterHardwareRecorderRelation_InvalidMac_Empty_Throws_ArgumentNullException" />
    </UnitTest>
    <UnitTest name="FromXml_LicenseReportInformation_ReturnsCorrectObject" storage="d:\actions-runner\_work\xpco\xpco\corporate\videoos.server.unittests\bin\x64\debug\net472\videoos.server.unittests.dll" id="6fbe868a-42b6-5cbd-c8ab-590c9c163b52">
      <Execution id="1e9cc5e5-96c1-4892-8994-0e7d8ac7c561" />
      <TestMethod codeBase="D:\actions-runner\_work\XPCO\XPCO\Corporate\VideoOS.Server.UnitTests\bin\x64\Debug\net472\VideoOS.Server.UnitTests.dll" adapterTypeName="executor://mstestadapter/v2" className="VideoOS.Server.UnitTests.Licensing.LicenseInformationUnitTests" name="FromXml_LicenseReportInformation_ReturnsCorrectObject" />
    </UnitTest>
    <UnitTest name="HardwareActivatedNotOnWhiteList_ReplacedWithNoInheritance_HardwareNotOnWhiteList_MixedCWAAllowed_SomeDevicesInCWA" storage="d:\actions-runner\_work\xpco\xpco\corporate\videoos.server.unittests\bin\x64\debug\net472\videoos.server.unittests.dll" id="8863ace4-dc22-2d7f-76b3-57b7f71ab777">
      <TestCategory>
        <TestCategoryItem TestCategory="Licensing Replace Hardware" />
        <TestCategoryItem TestCategory="Licensing" />
      </TestCategory>
      <Execution id="dab02a98-ea9e-43f1-9609-652b013a142e" />
      <TestMethod codeBase="D:\actions-runner\_work\XPCO\XPCO\Corporate\VideoOS.Server.UnitTests\bin\x64\Debug\net472\VideoOS.Server.UnitTests.dll" adapterTypeName="executor://mstestadapter/v2" className="VideoOS.Server.UnitTests.Licensing.LicenseAllocatorChannelTests" name="HardwareActivatedNotOnWhiteList_ReplacedWithNoInheritance_HardwareNotOnWhiteList_MixedCWAAllowed_SomeDevicesInCWA" />
    </UnitTest>
    <UnitTest name="ChangeHardwarePasswordRuleAction_Execute_FailedTask_SucceededWithErrorsEventTriggered" storage="d:\actions-runner\_work\xpco\xpco\corporate\videoos.server.unittests\bin\x64\debug\net472\videoos.server.unittests.dll" id="203250db-4eeb-a0f2-a3da-987ceaf617b3">
      <Execution id="c5e18e65-ac18-4118-bef4-1cbb4d3b638e" />
      <TestMethod codeBase="D:\actions-runner\_work\XPCO\XPCO\Corporate\VideoOS.Server.UnitTests\bin\x64\Debug\net472\VideoOS.Server.UnitTests.dll" adapterTypeName="executor://mstestadapter/v2" className="VideoOS.Server.UnitTests.RuleActions.ChangeHardwarePasswordRuleActionUnitTests" name="ChangeHardwarePasswordRuleAction_Execute_FailedTask_SucceededWithErrorsEventTriggered" />
    </UnitTest>
    <UnitTest name="SetHardwareNetworkSettingsCommandHandler_Execute_RecorderNotConnected_ReturnsRecorderUnavailableResponse" storage="d:\actions-runner\_work\xpco\xpco\corporate\videoos.server.unittests\bin\x64\debug\net472\videoos.server.unittests.dll" id="0124a6f9-08ac-d872-38e7-fc6c4d6e0a01">
      <Execution id="789e99d6-3468-43f7-990c-a28d0977c93c" />
      <TestMethod codeBase="D:\actions-runner\_work\XPCO\XPCO\Corporate\VideoOS.Server.UnitTests\bin\x64\Debug\net472\VideoOS.Server.UnitTests.dll" adapterTypeName="executor://mstestadapter/v2" className="VideoOS.Server.UnitTests.CommandHandler.SetHardwareNetworkSettingsCommandHandlerUnitTests" name="SetHardwareNetworkSettingsCommandHandler_Execute_RecorderNotConnected_ReturnsRecorderUnavailableResponse" />
    </UnitTest>
    <UnitTest name="CheckExternalRecorderRegistrationCommandHandler_Execute_ThrowsIfGivenWrongCommandOrNullParameters" storage="d:\actions-runner\_work\xpco\xpco\corporate\videoos.server.unittests\bin\x64\debug\net472\videoos.server.unittests.dll" id="acdd8036-a569-4967-aca8-9ca5ad084fad">
      <Execution id="9eec0acd-a98b-4af2-9e0b-4703575537a4" />
      <TestMethod codeBase="D:\actions-runner\_work\XPCO\XPCO\Corporate\VideoOS.Server.UnitTests\bin\x64\Debug\net472\VideoOS.Server.UnitTests.dll" adapterTypeName="executor://mstestadapter/v2" className="VideoOS.Server.UnitTests.CommandHandler.CheckExternalRecorderRegistrationCommandHandlerUnitTests" name="CheckExternalRecorderRegistrationCommandHandler_Execute_ThrowsIfGivenWrongCommandOrNullParameters" />
    </UnitTest>
    <UnitTest name="DeviceDataDistributionManager_CleanupAll_DeleteFromDbThrowsGenericSqlException_Handled" storage="d:\actions-runner\_work\xpco\xpco\corporate\videoos.server.unittests\bin\x64\debug\net472\videoos.server.unittests.dll" id="9f25d0fb-dd27-3a2c-c779-70cce521aa65">
      <Execution id="6b5fe7c1-0b78-435e-9690-d42130afe236" />
      <TestMethod codeBase="D:\actions-runner\_work\XPCO\XPCO\Corporate\VideoOS.Server.UnitTests\bin\x64\Debug\net472\VideoOS.Server.UnitTests.dll" adapterTypeName="executor://mstestadapter/v2" className="VideoOS.Server.UnitTests.DeviceDataDistributionManagerUnitTests" name="DeviceDataDistributionManager_CleanupAll_DeleteFromDbThrowsGenericSqlException_Handled" />
    </UnitTest>
    <UnitTest name="ChangeHardwarePasswordRuleAction_Execute_SunnyDay_HardwareIsQueried" storage="d:\actions-runner\_work\xpco\xpco\corporate\videoos.server.unittests\bin\x64\debug\net472\videoos.server.unittests.dll" id="7a0b1d88-033f-7f42-69c2-97d55ac201be">
      <Execution id="f4c66a4c-4253-4e96-8466-a1fda83c47b7" />
      <TestMethod codeBase="D:\actions-runner\_work\XPCO\XPCO\Corporate\VideoOS.Server.UnitTests\bin\x64\Debug\net472\VideoOS.Server.UnitTests.dll" adapterTypeName="executor://mstestadapter/v2" className="VideoOS.Server.UnitTests.RuleActions.ChangeHardwarePasswordRuleActionUnitTests" name="ChangeHardwarePasswordRuleAction_Execute_SunnyDay_HardwareIsQueried" />
    </UnitTest>
    <UnitTest name="KeepAlive_TokenHasExpired_InternalServerErrorIsReturned" storage="d:\actions-runner\_work\xpco\xpco\corporate\videoos.server.unittests\bin\x64\debug\net472\videoos.server.unittests.dll" id="b19f468d-d3ac-36bb-f4b7-1bfb1e47bd2e">
      <Execution id="3cfc2acb-0177-4cd5-abca-efe746003423" />
      <TestMethod codeBase="D:\actions-runner\_work\XPCO\XPCO\Corporate\VideoOS.Server.UnitTests\bin\x64\Debug\net472\VideoOS.Server.UnitTests.dll" adapterTypeName="executor://mstestadapter/v2" className="VideoOS.Server.UnitTests.WebApi.Controllers.RecorderRegistrationControllerTests" name="KeepAlive_TokenHasExpired_InternalServerErrorIsReturned" />
    </UnitTest>
    <UnitTest name="WriteRecordingServerInformation_InvalidParameter_MacAddress_Null_ThrowsArgumentNullException" storage="d:\actions-runner\_work\xpco\xpco\corporate\videoos.server.unittests\bin\x64\debug\net472\videoos.server.unittests.dll" id="112f4274-43f8-b7e3-b813-36e3adf5ec62">
      <TestCategory>
        <TestCategoryItem TestCategory="Licensing" />
      </TestCategory>
      <Execution id="1bd0f4ab-3fac-49ec-9f83-2a6ebda69d10" />
      <TestMethod codeBase="D:\actions-runner\_work\XPCO\XPCO\Corporate\VideoOS.Server.UnitTests\bin\x64\Debug\net472\VideoOS.Server.UnitTests.dll" adapterTypeName="executor://mstestadapter/v2" className="VideoOS.Server.UnitTests.Licensing.LicenseRequestChannelTests" name="WriteRecordingServerInformation_InvalidParameter_MacAddress_Null_ThrowsArgumentNullException" />
    </UnitTest>
    <UnitTest name="ChannelLicenseCountManager_ReplacementHardware_RemoveHardwareFromReplacementLimit" storage="d:\actions-runner\_work\xpco\xpco\corporate\videoos.server.unittests\bin\x64\debug\net472\videoos.server.unittests.dll" id="1ea60712-f3af-7647-a569-c4b38aac78ea">
      <TestCategory>
        <TestCategoryItem TestCategory="Licensing" />
      </TestCategory>
      <Execution id="d487583d-022d-4373-9218-de13f81047f0" />
      <TestMethod codeBase="D:\actions-runner\_work\XPCO\XPCO\Corporate\VideoOS.Server.UnitTests\bin\x64\Debug\net472\VideoOS.Server.UnitTests.dll" adapterTypeName="executor://mstestadapter/v2" className="VideoOS.Server.UnitTests.Licensing.LicenseCountManagerUnitTests" name="ChannelLicenseCountManager_ReplacementHardware_RemoveHardwareFromReplacementLimit" />
    </UnitTest>
    <UnitTest name="Validate_FirstGraceExpireShown_WithNonWhiteListedHardwareOnly_Success" storage="d:\actions-runner\_work\xpco\xpco\corporate\videoos.server.unittests\bin\x64\debug\net472\videoos.server.unittests.dll" id="d0999a64-256c-41ac-9334-9223de20a154">
      <TestCategory>
        <TestCategoryItem TestCategory="Licensing" />
      </TestCategory>
      <Execution id="f651910c-1f69-4f29-a5ce-a8ca9b635b00" />
      <TestMethod codeBase="D:\actions-runner\_work\XPCO\XPCO\Corporate\VideoOS.Server.UnitTests\bin\x64\Debug\net472\VideoOS.Server.UnitTests.dll" adapterTypeName="executor://mstestadapter/v2" className="VideoOS.Server.UnitTests.Licensing.LicenseInfoXmlWriterTests" name="Validate_FirstGraceExpireShown_WithNonWhiteListedHardwareOnly_Success" />
    </UnitTest>
    <UnitTest name="HardwareScanExpressTaskCommandHandlerTest_Constructor_Arguments_Null_Throws" storage="d:\actions-runner\_work\xpco\xpco\corporate\videoos.server.unittests\bin\x64\debug\net472\videoos.server.unittests.dll" id="0e83b50a-da00-da05-b65e-fa2506fdbb9a">
      <Execution id="2fd0976b-b2bb-4ca0-8c8e-358e4221bf45" />
      <TestMethod codeBase="D:\actions-runner\_work\XPCO\XPCO\Corporate\VideoOS.Server.UnitTests\bin\x64\Debug\net472\VideoOS.Server.UnitTests.dll" adapterTypeName="executor://mstestadapter/v2" className="VideoOS.Server.UnitTests.CommandHandler.HardwareScanExpressTaskCommandHandlerTest" name="HardwareScanExpressTaskCommandHandlerTest_Constructor_Arguments_Null_Throws" />
    </UnitTest>
    <UnitTest name="ChannelLicenseCountManager_IsCameraFeedLicensedOnSite_NullHardwareInfo_ThrowsArgumentNullException" storage="d:\actions-runner\_work\xpco\xpco\corporate\videoos.server.unittests\bin\x64\debug\net472\videoos.server.unittests.dll" id="f047eda9-d61b-afec-ac9c-38d582bed66c">
      <TestCategory>
        <TestCategoryItem TestCategory="Licensing" />
      </TestCategory>
      <Execution id="f066e8d6-517f-45c7-b473-733f0ebf7a38" />
      <TestMethod codeBase="D:\actions-runner\_work\XPCO\XPCO\Corporate\VideoOS.Server.UnitTests\bin\x64\Debug\net472\VideoOS.Server.UnitTests.dll" adapterTypeName="executor://mstestadapter/v2" className="VideoOS.Server.UnitTests.Licensing.LicenseCountManagerUnitTests" name="ChannelLicenseCountManager_IsCameraFeedLicensedOnSite_NullHardwareInfo_ThrowsArgumentNullException" />
    </UnitTest>
    <UnitTest name="AutomaticActivation_NotQueued_OnDisabled" storage="d:\actions-runner\_work\xpco\xpco\corporate\videoos.server.unittests\bin\x64\debug\net472\videoos.server.unittests.dll" id="6699e28c-b031-dfee-012e-0c19020a68c6">
      <TestCategory>
        <TestCategoryItem TestCategory="Licensing" />
      </TestCategory>
      <Execution id="069b2927-4134-4b9d-a206-84d535b0a761" />
      <TestMethod codeBase="D:\actions-runner\_work\XPCO\XPCO\Corporate\VideoOS.Server.UnitTests\bin\x64\Debug\net472\VideoOS.Server.UnitTests.dll" adapterTypeName="executor://mstestadapter/v2" className="VideoOS.Server.UnitTests.Licensing.ActivationManagerTests" name="AutomaticActivation_NotQueued_OnDisabled" />
    </UnitTest>
    <UnitTest name="CreateLicenseInformationXml_Has25Activated_On1ActivatedHardware25ChannelNotOnWhitelist" storage="d:\actions-runner\_work\xpco\xpco\corporate\videoos.server.unittests\bin\x64\debug\net472\videoos.server.unittests.dll" id="746f056a-c957-33ee-67ac-b2a4740e2f0d">
      <TestCategory>
        <TestCategoryItem TestCategory="Licensing" />
      </TestCategory>
      <Execution id="866414de-9cc0-41e1-932e-872e499a2319" />
      <TestMethod codeBase="D:\actions-runner\_work\XPCO\XPCO\Corporate\VideoOS.Server.UnitTests\bin\x64\Debug\net472\VideoOS.Server.UnitTests.dll" adapterTypeName="executor://mstestadapter/v2" className="VideoOS.Server.UnitTests.Licensing.LicenseInfoXmlWriterTests" name="CreateLicenseInformationXml_Has25Activated_On1ActivatedHardware25ChannelNotOnWhitelist" />
    </UnitTest>
    <UnitTest name="ChannelLicenseCountManager_CameraFeed_IsCameraFeedLicensed_Success" storage="d:\actions-runner\_work\xpco\xpco\corporate\videoos.server.unittests\bin\x64\debug\net472\videoos.server.unittests.dll" id="01ba1afa-e818-b818-2170-9b4ce82cecbf">
      <TestCategory>
        <TestCategoryItem TestCategory="Licensing" />
      </TestCategory>
      <Execution id="a83653b8-16f2-4039-8858-5e77ec2e91ba" />
      <TestMethod codeBase="D:\actions-runner\_work\XPCO\XPCO\Corporate\VideoOS.Server.UnitTests\bin\x64\Debug\net472\VideoOS.Server.UnitTests.dll" adapterTypeName="executor://mstestadapter/v2" className="VideoOS.Server.UnitTests.Licensing.LicenseCountManagerUnitTests" name="ChannelLicenseCountManager_CameraFeed_IsCameraFeedLicensed_Success" />
    </UnitTest>
    <UnitTest name="LicenseCountManager_IsHardwareLicensed_Success" storage="d:\actions-runner\_work\xpco\xpco\corporate\videoos.server.unittests\bin\x64\debug\net472\videoos.server.unittests.dll" id="5ae8cc7a-f9e8-25e4-b4bf-e53c8fe5f18e">
      <Execution id="55c63da4-9157-47f8-a278-0677740307bc" />
      <TestMethod codeBase="D:\actions-runner\_work\XPCO\XPCO\Corporate\VideoOS.Server.UnitTests\bin\x64\Debug\net472\VideoOS.Server.UnitTests.dll" adapterTypeName="executor://mstestadapter/v2" className="VideoOS.Server.UnitTests.Licensing.LicenseCountManagerUnitTests" name="LicenseCountManager_IsHardwareLicensed_Success" />
    </UnitTest>
    <UnitTest name="ConfigurationDataSetLoader_GetHardwareDefinitionByDigest_Success" storage="d:\actions-runner\_work\xpco\xpco\corporate\videoos.server.unittests\bin\x64\debug\net472\videoos.server.unittests.dll" id="259684df-75bc-2a44-cfa4-32b3c96c5977">
      <Execution id="0d64144a-76c9-405a-96ed-a0c427398774" />
      <TestMethod codeBase="D:\actions-runner\_work\XPCO\XPCO\Corporate\VideoOS.Server.UnitTests\bin\x64\Debug\net472\VideoOS.Server.UnitTests.dll" adapterTypeName="executor://mstestadapter/v2" className="VideoOS.Server.UnitTests.Configuration.ConfigurationDataSetLoaderTests" name="ConfigurationDataSetLoader_GetHardwareDefinitionByDigest_Success" />
    </UnitTest>
    <UnitTest name="CurrentVersions_ModelValid_Success" storage="d:\actions-runner\_work\xpco\xpco\corporate\videoos.server.unittests\bin\x64\debug\net472\videoos.server.unittests.dll" id="771599c9-a15d-63d0-9d03-0c9f01b38cf7">
      <Execution id="5e8651ba-d556-492a-9dd5-26dc8a3c34fd" />
      <TestMethod codeBase="D:\actions-runner\_work\XPCO\XPCO\Corporate\VideoOS.Server.UnitTests\bin\x64\Debug\net472\VideoOS.Server.UnitTests.dll" adapterTypeName="executor://mstestadapter/v2" className="VideoOS.Server.UnitTests.ConfigurationControllerTests" name="CurrentVersions_ModelValid_Success" />
    </UnitTest>
    <UnitTest name="HardwareAlreadyAddedResponse_ModelIsValid_CommandExecuted" storage="d:\actions-runner\_work\xpco\xpco\corporate\videoos.server.unittests\bin\x64\debug\net472\videoos.server.unittests.dll" id="db2c819e-19df-fc56-6d0a-91d93aa7b632">
      <Execution id="5d182323-c1d7-42c6-9183-baae7f49fb71" />
      <TestMethod codeBase="D:\actions-runner\_work\XPCO\XPCO\Corporate\VideoOS.Server.UnitTests\bin\x64\Debug\net472\VideoOS.Server.UnitTests.dll" adapterTypeName="executor://mstestadapter/v2" className="VideoOS.Server.UnitTests.WebApi.ResponseControllerTest" name="HardwareAlreadyAddedResponse_ModelIsValid_CommandExecuted" />
    </UnitTest>
    <UnitTest name="DeviceDataDistributionManager_CleanupAll_GetNextResponse_Return_TimeoutResponse_NothingDeleted" storage="d:\actions-runner\_work\xpco\xpco\corporate\videoos.server.unittests\bin\x64\debug\net472\videoos.server.unittests.dll" id="1d6ac556-2a91-afc5-3b2d-3b023d07f95b">
      <Execution id="c68d0397-b349-4e8d-99cc-4e51d8c43795" />
      <TestMethod codeBase="D:\actions-runner\_work\XPCO\XPCO\Corporate\VideoOS.Server.UnitTests\bin\x64\Debug\net472\VideoOS.Server.UnitTests.dll" adapterTypeName="executor://mstestadapter/v2" className="VideoOS.Server.UnitTests.DeviceDataDistributionManagerUnitTests" name="DeviceDataDistributionManager_CleanupAll_GetNextResponse_Return_TimeoutResponse_NothingDeleted" />
    </UnitTest>
    <UnitTest name="CheckForAutomaticActivationTrigger_ReturnsTrue_OnDeletedDevice" storage="d:\actions-runner\_work\xpco\xpco\corporate\videoos.server.unittests\bin\x64\debug\net472\videoos.server.unittests.dll" id="81b9cfb6-cb61-9b75-fb8d-7222fc14f23f">
      <TestCategory>
        <TestCategoryItem TestCategory="Licensing" />
      </TestCategory>
      <Execution id="8681ed23-ab35-4da6-811b-21e6a03b8f5b" />
      <TestMethod codeBase="D:\actions-runner\_work\XPCO\XPCO\Corporate\VideoOS.Server.UnitTests\bin\x64\Debug\net472\VideoOS.Server.UnitTests.dll" adapterTypeName="executor://mstestadapter/v2" className="VideoOS.Server.UnitTests.Commands.UpdateConfigurationManagerCommandHandlerTests" name="CheckForAutomaticActivationTrigger_ReturnsTrue_OnDeletedDevice" />
    </UnitTest>
    <UnitTest name="ProcessConfigurationChangeTasks_UpdateUpdate_Same_Device_Not_Batched" storage="d:\actions-runner\_work\xpco\xpco\corporate\videoos.server.unittests\bin\x64\debug\net472\videoos.server.unittests.dll" id="a26220ce-8e45-b18b-8b21-10770613681d">
      <Execution id="4ba39de1-87e2-4c6c-98bd-02a0e234179a" />
      <TestMethod codeBase="D:\actions-runner\_work\XPCO\XPCO\Corporate\VideoOS.Server.UnitTests\bin\x64\Debug\net472\VideoOS.Server.UnitTests.dll" adapterTypeName="executor://mstestadapter/v2" className="VideoOS.Server.UnitTests.Tasks.ServerTaskBatchHandlerUnitTests" name="ProcessConfigurationChangeTasks_UpdateUpdate_Same_Device_Not_Batched" />
    </UnitTest>
    <UnitTest name="ConfigurationDataSetLoader_GetDeviceRecorderPlugin_Success" storage="d:\actions-runner\_work\xpco\xpco\corporate\videoos.server.unittests\bin\x64\debug\net472\videoos.server.unittests.dll" id="c5dcff2e-626a-95c0-d547-89a3a9a6aa89">
      <Execution id="94daaa12-b4d6-4a99-8f7e-41b260361871" />
      <TestMethod codeBase="D:\actions-runner\_work\XPCO\XPCO\Corporate\VideoOS.Server.UnitTests\bin\x64\Debug\net472\VideoOS.Server.UnitTests.dll" adapterTypeName="executor://mstestadapter/v2" className="VideoOS.Server.UnitTests.Configuration.ConfigurationDataSetLoaderTests" name="ConfigurationDataSetLoader_GetDeviceRecorderPlugin_Success" />
    </UnitTest>
    <UnitTest name="CreateLicenseRequest_CreatesLicenseRequestHardware_OnHardwareLicensingFlag" storage="d:\actions-runner\_work\xpco\xpco\corporate\videoos.server.unittests\bin\x64\debug\net472\videoos.server.unittests.dll" id="cc30a5ef-59d0-2f76-5006-56864e18c145">
      <TestCategory>
        <TestCategoryItem TestCategory="Licensing" />
      </TestCategory>
      <Execution id="1549a5e2-aaf2-451a-936d-239c65d171db" />
      <TestMethod codeBase="D:\actions-runner\_work\XPCO\XPCO\Corporate\VideoOS.Server.UnitTests\bin\x64\Debug\net472\VideoOS.Server.UnitTests.dll" adapterTypeName="executor://mstestadapter/v2" className="VideoOS.Server.UnitTests.Licensing.LicenseManagerUnitTests" name="CreateLicenseRequest_CreatesLicenseRequestHardware_OnHardwareLicensingFlag" />
    </UnitTest>
    <UnitTest name="ValidateCWATotals_After2Years_EnsureCorrectTotalsAppear_Success" storage="d:\actions-runner\_work\xpco\xpco\corporate\videoos.server.unittests\bin\x64\debug\net472\videoos.server.unittests.dll" id="99191b72-e7a5-4661-1571-fa0152996bc5">
      <TestCategory>
        <TestCategoryItem TestCategory="Licensing" />
      </TestCategory>
      <Execution id="256d1f67-8972-4250-b5f7-f84566caf6b7" />
      <TestMethod codeBase="D:\actions-runner\_work\XPCO\XPCO\Corporate\VideoOS.Server.UnitTests\bin\x64\Debug\net472\VideoOS.Server.UnitTests.dll" adapterTypeName="executor://mstestadapter/v2" className="VideoOS.Server.UnitTests.Licensing.LicenseAllocatorChannelTests" name="ValidateCWATotals_After2Years_EnsureCorrectTotalsAppear_Success" />
    </UnitTest>
    <UnitTest name="ConfigurationDataSetLoader_GetDevicesByDeviceIds_Success" storage="d:\actions-runner\_work\xpco\xpco\corporate\videoos.server.unittests\bin\x64\debug\net472\videoos.server.unittests.dll" id="573857fb-800b-6bf2-710a-b07596a02691">
      <Execution id="60ef4d63-4022-4522-908e-362d6625258e" />
      <TestMethod codeBase="D:\actions-runner\_work\XPCO\XPCO\Corporate\VideoOS.Server.UnitTests\bin\x64\Debug\net472\VideoOS.Server.UnitTests.dll" adapterTypeName="executor://mstestadapter/v2" className="VideoOS.Server.UnitTests.Configuration.ConfigurationDataSetLoaderTests" name="ConfigurationDataSetLoader_GetDevicesByDeviceIds_Success" />
    </UnitTest>
    <UnitTest name="HardwareInCWANotOnWhiteList_ReplacedWithInheritance_HardwareOnWhiteList_CWAAllowed_MoreChannelsOnReplacedHardware_NewHardwareInCWA" storage="d:\actions-runner\_work\xpco\xpco\corporate\videoos.server.unittests\bin\x64\debug\net472\videoos.server.unittests.dll" id="8a421678-ea17-08c5-7f74-f5f0fa3d8820">
      <TestCategory>
        <TestCategoryItem TestCategory="Licensing Replace Hardware" />
        <TestCategoryItem TestCategory="Licensing" />
      </TestCategory>
      <Execution id="02625237-a110-48c8-885a-aa48d32e2153" />
      <TestMethod codeBase="D:\actions-runner\_work\XPCO\XPCO\Corporate\VideoOS.Server.UnitTests\bin\x64\Debug\net472\VideoOS.Server.UnitTests.dll" adapterTypeName="executor://mstestadapter/v2" className="VideoOS.Server.UnitTests.Licensing.LicenseAllocatorChannelTests" name="HardwareInCWANotOnWhiteList_ReplacedWithInheritance_HardwareOnWhiteList_CWAAllowed_MoreChannelsOnReplacedHardware_NewHardwareInCWA" />
    </UnitTest>
    <UnitTest name="HardwareInCWANotOnWhiteList_ReplacedWithInheritance_HardwareOnWhiteList_NoMoreCWAAllowed_MoreChannelsOnReplacedHardware_NewHardwareInGrace" storage="d:\actions-runner\_work\xpco\xpco\corporate\videoos.server.unittests\bin\x64\debug\net472\videoos.server.unittests.dll" id="c33ffea1-3ab4-6e2f-fc40-218179c394c7">
      <TestCategory>
        <TestCategoryItem TestCategory="Licensing Replace Hardware" />
        <TestCategoryItem TestCategory="Licensing" />
      </TestCategory>
      <Execution id="a09461e0-1cba-47ce-88dc-ed5647f6808c" />
      <TestMethod codeBase="D:\actions-runner\_work\XPCO\XPCO\Corporate\VideoOS.Server.UnitTests\bin\x64\Debug\net472\VideoOS.Server.UnitTests.dll" adapterTypeName="executor://mstestadapter/v2" className="VideoOS.Server.UnitTests.Licensing.LicenseAllocatorChannelTests" name="HardwareInCWANotOnWhiteList_ReplacedWithInheritance_HardwareOnWhiteList_NoMoreCWAAllowed_MoreChannelsOnReplacedHardware_NewHardwareInGrace" />
    </UnitTest>
    <UnitTest name="UpdateDriver_ModelIsValid_CommandExecuted" storage="d:\actions-runner\_work\xpco\xpco\corporate\videoos.server.unittests\bin\x64\debug\net472\videoos.server.unittests.dll" id="8607fe93-52c9-ae96-1d64-5819d9cc59cb">
      <Execution id="08a2d2db-96c6-45ae-80ba-699d3dd66066" />
      <TestMethod codeBase="D:\actions-runner\_work\XPCO\XPCO\Corporate\VideoOS.Server.UnitTests\bin\x64\Debug\net472\VideoOS.Server.UnitTests.dll" adapterTypeName="executor://mstestadapter/v2" className="VideoOS.Server.UnitTests.WebApi.Controllers.HardwareCommandsControllerTests" name="UpdateDriver_ModelIsValid_CommandExecuted" />
    </UnitTest>
    <UnitTest name="RecorderTaskStopped_RecorderNotFoundException_Handled" storage="d:\actions-runner\_work\xpco\xpco\corporate\videoos.server.unittests\bin\x64\debug\net472\videoos.server.unittests.dll" id="a4035a40-b70a-c3a2-2fd3-d8d06dc80502">
      <Execution id="b0db5e26-7ebc-4ad3-afd4-bc58d0e036fa" />
      <TestMethod codeBase="D:\actions-runner\_work\XPCO\XPCO\Corporate\VideoOS.Server.UnitTests\bin\x64\Debug\net472\VideoOS.Server.UnitTests.dll" adapterTypeName="executor://mstestadapter/v2" className="VideoOS.Server.UnitTests.TaskControllerTests" name="RecorderTaskStopped_RecorderNotFoundException_Handled" />
    </UnitTest>
    <UnitTest name="UpdateHardwareTaskCommandHandler_Apply_InvalidSessionId_Test" storage="d:\actions-runner\_work\xpco\xpco\corporate\videoos.server.unittests\bin\x64\debug\net472\videoos.server.unittests.dll" id="6e398692-b4d5-0575-9663-e623d078625f">
      <Execution id="16c57a89-d0b4-400f-83e8-a9cb75c58a43" />
      <TestMethod codeBase="D:\actions-runner\_work\XPCO\XPCO\Corporate\VideoOS.Server.UnitTests\bin\x64\Debug\net472\VideoOS.Server.UnitTests.dll" adapterTypeName="executor://mstestadapter/v2" className="VideoOS.Server.UnitTests.CommandHandler.UpdateHardwareTaskHandlerTests" name="UpdateHardwareTaskCommandHandler_Apply_InvalidSessionId_Test" />
    </UnitTest>
    <UnitTest name="HardwareInCWANotOnWhiteList_ReplacedWithInheritance_HardwareOnWhiteList_CWAAllowed_FewerChannelsOnReplacedHardware_NewHardwareInCWA" storage="d:\actions-runner\_work\xpco\xpco\corporate\videoos.server.unittests\bin\x64\debug\net472\videoos.server.unittests.dll" id="f17b5e61-e48f-183b-804a-1a4e2cd53981">
      <TestCategory>
        <TestCategoryItem TestCategory="Licensing Replace Hardware" />
        <TestCategoryItem TestCategory="Licensing" />
      </TestCategory>
      <Execution id="661ce2b4-ccfa-478e-8f66-530523f2552b" />
      <TestMethod codeBase="D:\actions-runner\_work\XPCO\XPCO\Corporate\VideoOS.Server.UnitTests\bin\x64\Debug\net472\VideoOS.Server.UnitTests.dll" adapterTypeName="executor://mstestadapter/v2" className="VideoOS.Server.UnitTests.Licensing.LicenseAllocatorChannelTests" name="HardwareInCWANotOnWhiteList_ReplacedWithInheritance_HardwareOnWhiteList_CWAAllowed_FewerChannelsOnReplacedHardware_NewHardwareInCWA" />
    </UnitTest>
    <UnitTest name="HardwareInCWANotOnWhiteList_ReplacedWithNoInheritance_HardwareNotOnWhiteList_NoMoreCWAAllowed_FewerChannelsOnReplacedHardware_NewDevicesInGrace" storage="d:\actions-runner\_work\xpco\xpco\corporate\videoos.server.unittests\bin\x64\debug\net472\videoos.server.unittests.dll" id="0da338e0-9855-08fe-734d-f7af988e6bc1">
      <TestCategory>
        <TestCategoryItem TestCategory="Licensing Replace Hardware" />
        <TestCategoryItem TestCategory="Licensing" />
      </TestCategory>
      <Execution id="11047d21-1fac-4657-81d7-03ff9742e983" />
      <TestMethod codeBase="D:\actions-runner\_work\XPCO\XPCO\Corporate\VideoOS.Server.UnitTests\bin\x64\Debug\net472\VideoOS.Server.UnitTests.dll" adapterTypeName="executor://mstestadapter/v2" className="VideoOS.Server.UnitTests.Licensing.LicenseAllocatorChannelTests" name="HardwareInCWANotOnWhiteList_ReplacedWithNoInheritance_HardwareNotOnWhiteList_NoMoreCWAAllowed_FewerChannelsOnReplacedHardware_NewDevicesInGrace" />
    </UnitTest>
    <UnitTest name="ProcessConfigurationChangeTasks_UpdateInsertUpdate_Not_Batched" storage="d:\actions-runner\_work\xpco\xpco\corporate\videoos.server.unittests\bin\x64\debug\net472\videoos.server.unittests.dll" id="e1ae1242-d694-f8f9-10e5-6e7a3c17bac6">
      <Execution id="ae2a559e-d5b2-4cf2-8939-f5ffd5407ccd" />
      <TestMethod codeBase="D:\actions-runner\_work\XPCO\XPCO\Corporate\VideoOS.Server.UnitTests\bin\x64\Debug\net472\VideoOS.Server.UnitTests.dll" adapterTypeName="executor://mstestadapter/v2" className="VideoOS.Server.UnitTests.Tasks.ServerTaskBatchHandlerUnitTests" name="ProcessConfigurationChangeTasks_UpdateInsertUpdate_Not_Batched" />
    </UnitTest>
    <UnitTest name="IsHardwareInCurrentYearChangesWithoutActivation_ReturnsFalse_OnPreviousYearDevices" storage="d:\actions-runner\_work\xpco\xpco\corporate\videoos.server.unittests\bin\x64\debug\net472\videoos.server.unittests.dll" id="69d8e4e1-c6b4-49a3-77e0-7723a1266172">
      <TestCategory>
        <TestCategoryItem TestCategory="Licensing" />
      </TestCategory>
      <Execution id="5f4be257-2428-4fa9-850f-df22ced55a35" />
      <TestMethod codeBase="D:\actions-runner\_work\XPCO\XPCO\Corporate\VideoOS.Server.UnitTests\bin\x64\Debug\net472\VideoOS.Server.UnitTests.dll" adapterTypeName="executor://mstestadapter/v2" className="VideoOS.Server.UnitTests.Licensing.LicenseManagerUnitTests" name="IsHardwareInCurrentYearChangesWithoutActivation_ReturnsFalse_OnPreviousYearDevices" />
    </UnitTest>
    <UnitTest name="MoveHardwareTaskCommandHandler_Execute_DeviceEvidenceLocks_NoLiveTables_NoDistributions" storage="d:\actions-runner\_work\xpco\xpco\corporate\videoos.server.unittests\bin\x64\debug\net472\videoos.server.unittests.dll" id="ab0344e1-f2d2-e877-24a4-25ab8356eac9">
      <Execution id="6512ecc2-e8a8-49d3-8bd0-990d66961fb0" />
      <TestMethod codeBase="D:\actions-runner\_work\XPCO\XPCO\Corporate\VideoOS.Server.UnitTests\bin\x64\Debug\net472\VideoOS.Server.UnitTests.dll" adapterTypeName="executor://mstestadapter/v2" className="VideoOS.Server.UnitTests.CommandHandler.MoveHardwareTaskCommandHandlerTests" name="MoveHardwareTaskCommandHandler_Execute_DeviceEvidenceLocks_NoLiveTables_NoDistributions" />
    </UnitTest>
    <UnitTest name="ChannelLicenseCountManager_CameraFeed_GetFirstCameraFeedDeviceIndex_Success" storage="d:\actions-runner\_work\xpco\xpco\corporate\videoos.server.unittests\bin\x64\debug\net472\videoos.server.unittests.dll" id="4c537747-11b0-c6e1-78d0-3b3f28050562">
      <TestCategory>
        <TestCategoryItem TestCategory="Licensing" />
      </TestCategory>
      <Execution id="6a933f1b-464a-4ce2-b021-492a75f04fc1" />
      <TestMethod codeBase="D:\actions-runner\_work\XPCO\XPCO\Corporate\VideoOS.Server.UnitTests\bin\x64\Debug\net472\VideoOS.Server.UnitTests.dll" adapterTypeName="executor://mstestadapter/v2" className="VideoOS.Server.UnitTests.Licensing.LicenseCountManagerUnitTests" name="ChannelLicenseCountManager_CameraFeed_GetFirstCameraFeedDeviceIndex_Success" />
    </UnitTest>
    <UnitTest name="Validate_FirstGraceExpireShown_WithWhiteListedHardwareOnly_PostAllocation_Success" storage="d:\actions-runner\_work\xpco\xpco\corporate\videoos.server.unittests\bin\x64\debug\net472\videoos.server.unittests.dll" id="f30bbbd3-3d73-703e-eea2-925cfa55189d">
      <TestCategory>
        <TestCategoryItem TestCategory="Licensing" />
      </TestCategory>
      <Execution id="d0dc0df0-21e7-48f7-8433-35a9c3e5a551" />
      <TestMethod codeBase="D:\actions-runner\_work\XPCO\XPCO\Corporate\VideoOS.Server.UnitTests\bin\x64\Debug\net472\VideoOS.Server.UnitTests.dll" adapterTypeName="executor://mstestadapter/v2" className="VideoOS.Server.UnitTests.Licensing.LicenseInfoXmlWriterTests" name="Validate_FirstGraceExpireShown_WithWhiteListedHardwareOnly_PostAllocation_Success" />
    </UnitTest>
    <UnitTest name="LoadTemporaryHardwareChangesWithoutActivationIdentifiers_NoHardwareNoDevicesInCWA_ReturnsEmptyList" storage="d:\actions-runner\_work\xpco\xpco\corporate\videoos.server.unittests\bin\x64\debug\net472\videoos.server.unittests.dll" id="6d42fd8c-c040-b48c-e6d2-bb547135a91f">
      <Execution id="aa2912f8-c221-426a-9333-636822898403" />
      <TestMethod codeBase="D:\actions-runner\_work\XPCO\XPCO\Corporate\VideoOS.Server.UnitTests\bin\x64\Debug\net472\VideoOS.Server.UnitTests.dll" adapterTypeName="executor://mstestadapter/v2" className="VideoOS.Server.UnitTests.Licensing.TemporaryLicenseStorageUnitTests" name="LoadTemporaryHardwareChangesWithoutActivationIdentifiers_NoHardwareNoDevicesInCWA_ReturnsEmptyList" />
    </UnitTest>
    <UnitTest name="ChangeHardwarePasswordTaskCommandHandler_Execute_Failed_TooLongPassword_Response" storage="d:\actions-runner\_work\xpco\xpco\corporate\videoos.server.unittests\bin\x64\debug\net472\videoos.server.unittests.dll" id="721e4d61-c1ad-b706-5981-0b9a5726dace">
      <Execution id="77eadf10-5b4b-4bb0-af84-071f5fcb92e0" />
      <TestMethod codeBase="D:\actions-runner\_work\XPCO\XPCO\Corporate\VideoOS.Server.UnitTests\bin\x64\Debug\net472\VideoOS.Server.UnitTests.dll" adapterTypeName="executor://mstestadapter/v2" className="VideoOS.Server.UnitTests.CommandHandler.ChangeHardwarePasswordTaskCommandHandlerTests" name="ChangeHardwarePasswordTaskCommandHandler_Execute_Failed_TooLongPassword_Response" />
    </UnitTest>
    <UnitTest name="HardwareLicense_FindByHardwareInfo_NotFound_ReturnsNull" storage="d:\actions-runner\_work\xpco\xpco\corporate\videoos.server.unittests\bin\x64\debug\net472\videoos.server.unittests.dll" id="7b2c18b9-3657-3125-16b0-dcdc1657600b">
      <Execution id="7d5eee3f-c7c6-4b1f-a4d2-2d6f44801a0f" />
      <TestMethod codeBase="D:\actions-runner\_work\XPCO\XPCO\Corporate\VideoOS.Server.UnitTests\bin\x64\Debug\net472\VideoOS.Server.UnitTests.dll" adapterTypeName="executor://mstestadapter/v2" className="VideoOS.Server.UnitTests.Licensing.LicenseSnapshotTests" name="HardwareLicense_FindByHardwareInfo_NotFound_ReturnsNull" />
    </UnitTest>
    <UnitTest name="LicenseCountManager_ReplacementHardware_AddSuccess" storage="d:\actions-runner\_work\xpco\xpco\corporate\videoos.server.unittests\bin\x64\debug\net472\videoos.server.unittests.dll" id="7c8cb038-7e94-7f42-de87-be4e137d2449">
      <Execution id="26a75172-5f12-4c10-a285-2ec31f01a092" />
      <TestMethod codeBase="D:\actions-runner\_work\XPCO\XPCO\Corporate\VideoOS.Server.UnitTests\bin\x64\Debug\net472\VideoOS.Server.UnitTests.dll" adapterTypeName="executor://mstestadapter/v2" className="VideoOS.Server.UnitTests.Licensing.LicenseCountManagerUnitTests" name="LicenseCountManager_ReplacementHardware_AddSuccess" />
    </UnitTest>
    <UnitTest name="ChangeHardwarePasswordTaskCommandHandler_Execute_Failed_Unexpected_Response" storage="d:\actions-runner\_work\xpco\xpco\corporate\videoos.server.unittests\bin\x64\debug\net472\videoos.server.unittests.dll" id="a2e7ed94-eb3b-5b15-89a1-5d0ffb0c25ed">
      <Execution id="b565ea7f-1052-439c-8588-bbf783338c9f" />
      <TestMethod codeBase="D:\actions-runner\_work\XPCO\XPCO\Corporate\VideoOS.Server.UnitTests\bin\x64\Debug\net472\VideoOS.Server.UnitTests.dll" adapterTypeName="executor://mstestadapter/v2" className="VideoOS.Server.UnitTests.CommandHandler.ChangeHardwarePasswordTaskCommandHandlerTests" name="ChangeHardwarePasswordTaskCommandHandler_Execute_Failed_Unexpected_Response" />
    </UnitTest>
    <UnitTest name="Validate_IsDeviceInChangesWithoutActivation_WithNullDeviceId_ThrowsArgumentNullException" storage="d:\actions-runner\_work\xpco\xpco\corporate\videoos.server.unittests\bin\x64\debug\net472\videoos.server.unittests.dll" id="92996b23-354a-d707-abfd-bb581c620a85">
      <TestCategory>
        <TestCategoryItem TestCategory="Licensing" />
      </TestCategory>
      <Execution id="aee40149-acf0-47ce-8e95-6c7d28f9f40c" />
      <TestMethod codeBase="D:\actions-runner\_work\XPCO\XPCO\Corporate\VideoOS.Server.UnitTests\bin\x64\Debug\net472\VideoOS.Server.UnitTests.dll" adapterTypeName="executor://mstestadapter/v2" className="VideoOS.Server.UnitTests.Licensing.LicenseCountManagerUnitTests" name="Validate_IsDeviceInChangesWithoutActivation_WithNullDeviceId_ThrowsArgumentNullException" />
    </UnitTest>
    <UnitTest name="HardwareLicense_AddNew_IsUpdated_SetToTrue_Success" storage="d:\actions-runner\_work\xpco\xpco\corporate\videoos.server.unittests\bin\x64\debug\net472\videoos.server.unittests.dll" id="664c6c39-1950-e918-603e-2d8ac39f7b2d">
      <Execution id="146085f1-0e28-4c16-95e2-867697dfd430" />
      <TestMethod codeBase="D:\actions-runner\_work\XPCO\XPCO\Corporate\VideoOS.Server.UnitTests\bin\x64\Debug\net472\VideoOS.Server.UnitTests.dll" adapterTypeName="executor://mstestadapter/v2" className="VideoOS.Server.UnitTests.Licensing.LicenseSnapshotTests" name="HardwareLicense_AddNew_IsUpdated_SetToTrue_Success" />
    </UnitTest>
    <UnitTest name="TaskHandling_InternalUpdateReparingTasks_NotRepairing_RemovesTask" storage="d:\actions-runner\_work\xpco\xpco\corporate\videoos.server.unittests\bin\x64\debug\net472\videoos.server.unittests.dll" id="81617872-71ba-199d-e817-945400dd1b77">
      <Execution id="2f7b99fe-5d51-4d59-8049-e5feef9273c2" />
      <TestMethod codeBase="D:\actions-runner\_work\XPCO\XPCO\Corporate\VideoOS.Server.UnitTests\bin\x64\Debug\net472\VideoOS.Server.UnitTests.dll" adapterTypeName="executor://mstestadapter/v2" className="VideoOS.Server.UnitTests.Tasks.TaskHandlingUnitTests" name="TaskHandling_InternalUpdateReparingTasks_NotRepairing_RemovesTask" />
    </UnitTest>
    <UnitTest name="ReleaseClient_ClientIsUnknown_LogMessage" storage="d:\actions-runner\_work\xpco\xpco\corporate\videoos.server.unittests\bin\x64\debug\net472\videoos.server.unittests.dll" id="4c46f4c0-1abc-e7d7-4583-5cd76b35e491">
      <Execution id="19f79415-00bc-44e7-97c3-987e8c3f18a2" />
      <TestMethod codeBase="D:\actions-runner\_work\XPCO\XPCO\Corporate\VideoOS.Server.UnitTests\bin\x64\Debug\net472\VideoOS.Server.UnitTests.dll" adapterTypeName="executor://mstestadapter/v2" className="VideoOS.Server.UnitTests.CommandHandler.VmoClientsPoolTests" name="ReleaseClient_ClientIsUnknown_LogMessage" />
    </UnitTest>
    <UnitTest name="SnapshotOfCurrentHardwareToLicense_Success_ValidLicenseWithEmptyWhiteList" storage="d:\actions-runner\_work\xpco\xpco\corporate\videoos.server.unittests\bin\x64\debug\net472\videoos.server.unittests.dll" id="5754e61c-98e2-c3d4-4fd8-ba1700f5667d">
      <TestCategory>
        <TestCategoryItem TestCategory="Licensing" />
      </TestCategory>
      <Execution id="8c6f40fa-3751-4da2-a597-536b29ea1f19" />
      <TestMethod codeBase="D:\actions-runner\_work\XPCO\XPCO\Corporate\VideoOS.Server.UnitTests\bin\x64\Debug\net472\VideoOS.Server.UnitTests.dll" adapterTypeName="executor://mstestadapter/v2" className="VideoOS.Server.UnitTests.Licensing.LicenseRequestChannelTests" name="SnapshotOfCurrentHardwareToLicense_Success_ValidLicenseWithEmptyWhiteList" />
    </UnitTest>
    <UnitTest name="Validate_AddDeviceToCWA_WithNullDevice_ThrowsArgumentNullException" storage="d:\actions-runner\_work\xpco\xpco\corporate\videoos.server.unittests\bin\x64\debug\net472\videoos.server.unittests.dll" id="30fe8b39-b2e5-cfa4-da38-ca1b17f8f253">
      <TestCategory>
        <TestCategoryItem TestCategory="Licensing" />
      </TestCategory>
      <Execution id="e22d0dcd-344f-40f5-9728-6c0b9c88ce15" />
      <TestMethod codeBase="D:\actions-runner\_work\XPCO\XPCO\Corporate\VideoOS.Server.UnitTests\bin\x64\Debug\net472\VideoOS.Server.UnitTests.dll" adapterTypeName="executor://mstestadapter/v2" className="VideoOS.Server.UnitTests.Licensing.LicenseCountManagerUnitTests" name="Validate_AddDeviceToCWA_WithNullDevice_ThrowsArgumentNullException" />
    </UnitTest>
    <UnitTest name="HardwareInCWANotOnWhiteList_ReplacedWithNoInheritance_HardwareOnWhiteList_NoMoreCWAAllowed_MoreChannelsOnReplacedHardware_NewHardwareInGrace" storage="d:\actions-runner\_work\xpco\xpco\corporate\videoos.server.unittests\bin\x64\debug\net472\videoos.server.unittests.dll" id="1ebadcd1-bb5b-b7d8-4b40-c761ccf19b15">
      <TestCategory>
        <TestCategoryItem TestCategory="Licensing Replace Hardware" />
        <TestCategoryItem TestCategory="Licensing" />
      </TestCategory>
      <Execution id="ab0eae2d-3dad-4d52-ae3d-8909ad24e248" />
      <TestMethod codeBase="D:\actions-runner\_work\XPCO\XPCO\Corporate\VideoOS.Server.UnitTests\bin\x64\Debug\net472\VideoOS.Server.UnitTests.dll" adapterTypeName="executor://mstestadapter/v2" className="VideoOS.Server.UnitTests.Licensing.LicenseAllocatorChannelTests" name="HardwareInCWANotOnWhiteList_ReplacedWithNoInheritance_HardwareOnWhiteList_NoMoreCWAAllowed_MoreChannelsOnReplacedHardware_NewHardwareInGrace" />
    </UnitTest>
    <UnitTest name="UpdateReadOnlySettings_InvalidRecorder_NotFoundResult" storage="d:\actions-runner\_work\xpco\xpco\corporate\videoos.server.unittests\bin\x64\debug\net472\videoos.server.unittests.dll" id="ebcc417d-cc96-72ca-2217-d9dc9359c6a9">
      <Execution id="65da8e22-325c-4c9a-851d-ced8e6474ee6" />
      <TestMethod codeBase="D:\actions-runner\_work\XPCO\XPCO\Corporate\VideoOS.Server.UnitTests\bin\x64\Debug\net472\VideoOS.Server.UnitTests.dll" adapterTypeName="executor://mstestadapter/v2" className="VideoOS.Server.UnitTests.WebApi.Controllers.HardwareCommandsControllerTests" name="UpdateReadOnlySettings_InvalidRecorder_NotFoundResult" />
    </UnitTest>
    <UnitTest name="TimeoutResponse_ModelIsValid_CommandExecuted" storage="d:\actions-runner\_work\xpco\xpco\corporate\videoos.server.unittests\bin\x64\debug\net472\videoos.server.unittests.dll" id="09c63d31-7659-4b84-884f-69e5a80116b6">
      <Execution id="ac451566-539c-43ca-9d7b-57e6f49ed2dc" />
      <TestMethod codeBase="D:\actions-runner\_work\XPCO\XPCO\Corporate\VideoOS.Server.UnitTests\bin\x64\Debug\net472\VideoOS.Server.UnitTests.dll" adapterTypeName="executor://mstestadapter/v2" className="VideoOS.Server.UnitTests.WebApi.ResponseControllerTest" name="TimeoutResponse_ModelIsValid_CommandExecuted" />
    </UnitTest>
    <UnitTest name="UpdateRecorderStatus_ModelIsValid_CommandExecuted" storage="d:\actions-runner\_work\xpco\xpco\corporate\videoos.server.unittests\bin\x64\debug\net472\videoos.server.unittests.dll" id="83a78086-cc92-d3b0-6b12-175b88de875c">
      <Execution id="def205ec-6c8e-4ebe-9a65-80d7b388ec1b" />
      <TestMethod codeBase="D:\actions-runner\_work\XPCO\XPCO\Corporate\VideoOS.Server.UnitTests\bin\x64\Debug\net472\VideoOS.Server.UnitTests.dll" adapterTypeName="executor://mstestadapter/v2" className="VideoOS.Server.UnitTests.WebApi.Controllers.RecorderStatusCommandsControllerTests" name="UpdateRecorderStatus_ModelIsValid_CommandExecuted" />
    </UnitTest>
    <UnitTest name="AllocateLicenses_10Available_OneHardwareWith5Devices_AllDevicesInitiallyDisabledThenEnabled" storage="d:\actions-runner\_work\xpco\xpco\corporate\videoos.server.unittests\bin\x64\debug\net472\videoos.server.unittests.dll" id="7d221b67-7f97-a123-0de1-6872c3aad614">
      <TestCategory>
        <TestCategoryItem TestCategory="Licensing" />
      </TestCategory>
      <Execution id="08768e05-85ac-4e14-ad6f-c3e0ada8c21f" />
      <TestMethod codeBase="D:\actions-runner\_work\XPCO\XPCO\Corporate\VideoOS.Server.UnitTests\bin\x64\Debug\net472\VideoOS.Server.UnitTests.dll" adapterTypeName="executor://mstestadapter/v2" className="VideoOS.Server.UnitTests.Licensing.LicenseAllocatorChannelTests" name="AllocateLicenses_10Available_OneHardwareWith5Devices_AllDevicesInitiallyDisabledThenEnabled" />
    </UnitTest>
    <UnitTest name="RecorderLicenses_AddNullLicense_Throws_ArgumentNullException" storage="d:\actions-runner\_work\xpco\xpco\corporate\videoos.server.unittests\bin\x64\debug\net472\videoos.server.unittests.dll" id="3adf4dba-a8f9-072b-5ae8-0384b38576a4">
      <Execution id="273d832d-e874-4ac5-94c4-83d2a03e015e" />
      <TestMethod codeBase="D:\actions-runner\_work\XPCO\XPCO\Corporate\VideoOS.Server.UnitTests\bin\x64\Debug\net472\VideoOS.Server.UnitTests.dll" adapterTypeName="executor://mstestadapter/v2" className="VideoOS.Server.UnitTests.Licensing.LicenseSnapshotTests" name="RecorderLicenses_AddNullLicense_Throws_ArgumentNullException" />
    </UnitTest>
    <UnitTest name="ChannelLicenseCountManager_UpdateCameraFeedLicensedValue_NullHardwareInfo_ThrowsArgumentNullException" storage="d:\actions-runner\_work\xpco\xpco\corporate\videoos.server.unittests\bin\x64\debug\net472\videoos.server.unittests.dll" id="acb6857a-df3d-396c-fed4-7d888e4fed76">
      <TestCategory>
        <TestCategoryItem TestCategory="Licensing" />
      </TestCategory>
      <Execution id="8f5508ab-2be8-4333-b539-1000198e7692" />
      <TestMethod codeBase="D:\actions-runner\_work\XPCO\XPCO\Corporate\VideoOS.Server.UnitTests\bin\x64\Debug\net472\VideoOS.Server.UnitTests.dll" adapterTypeName="executor://mstestadapter/v2" className="VideoOS.Server.UnitTests.Licensing.LicenseCountManagerUnitTests" name="ChannelLicenseCountManager_UpdateCameraFeedLicensedValue_NullHardwareInfo_ThrowsArgumentNullException" />
    </UnitTest>
    <UnitTest name="TemporaryLicense_HasCurrentYearToken_NoIndex" storage="d:\actions-runner\_work\xpco\xpco\corporate\videoos.server.unittests\bin\x64\debug\net472\videoos.server.unittests.dll" id="c41eddf8-e606-5ecf-de95-6871b370bf72">
      <TestCategory>
        <TestCategoryItem TestCategory="Licensing" />
      </TestCategory>
      <Execution id="7ac3f510-0794-4435-a670-f0b6990c9e96" />
      <TestMethod codeBase="D:\actions-runner\_work\XPCO\XPCO\Corporate\VideoOS.Server.UnitTests\bin\x64\Debug\net472\VideoOS.Server.UnitTests.dll" adapterTypeName="executor://mstestadapter/v2" className="VideoOS.Server.UnitTests.Licensing.HardwareLicensesUnitTests" name="TemporaryLicense_HasCurrentYearToken_NoIndex" />
    </UnitTest>
    <UnitTest name="AutomaticActivationFaileEvent_GetsFiredOnlyOnce_OnConsecutiveFailedActivations" storage="d:\actions-runner\_work\xpco\xpco\corporate\videoos.server.unittests\bin\x64\debug\net472\videoos.server.unittests.dll" id="edc878a0-a43a-73ef-acb0-37577f353475">
      <TestCategory>
        <TestCategoryItem TestCategory="Licensing" />
      </TestCategory>
      <Execution id="1aa5565d-6d12-4fec-93b3-806581601893" />
      <TestMethod codeBase="D:\actions-runner\_work\XPCO\XPCO\Corporate\VideoOS.Server.UnitTests\bin\x64\Debug\net472\VideoOS.Server.UnitTests.dll" adapterTypeName="executor://mstestadapter/v2" className="VideoOS.Server.UnitTests.Licensing.ActivationManagerTests" name="AutomaticActivationFaileEvent_GetsFiredOnlyOnce_OnConsecutiveFailedActivations" />
    </UnitTest>
    <UnitTest name="SessionData_Dispose_Success" storage="d:\actions-runner\_work\xpco\xpco\corporate\videoos.server.unittests\bin\x64\debug\net472\videoos.server.unittests.dll" id="03b737b9-dc29-8cf7-2be6-264359d08a7b">
      <Execution id="a5097994-8cce-4459-875c-085029b6318f" />
      <TestMethod codeBase="D:\actions-runner\_work\XPCO\XPCO\Corporate\VideoOS.Server.UnitTests\bin\x64\Debug\net472\VideoOS.Server.UnitTests.dll" adapterTypeName="executor://mstestadapter/v2" className="VideoOS.Server.UnitTests.Tasks.SessionDataManagerTests" name="SessionData_Dispose_Success" />
    </UnitTest>
    <UnitTest name="GetRecorderLicense_NonCameraDevicesAreMissingFromRecorderLicense_OnHardwareMissingLicenseWithoutCamerasAndChannelLicensing" storage="d:\actions-runner\_work\xpco\xpco\corporate\videoos.server.unittests\bin\x64\debug\net472\videoos.server.unittests.dll" id="1c474e5c-e144-f6a4-c5f5-6173a6aa1119">
      <TestCategory>
        <TestCategoryItem TestCategory="Licensing" />
      </TestCategory>
      <Execution id="719685f0-0e48-4adf-ba97-80af17d7fda0" />
      <TestMethod codeBase="D:\actions-runner\_work\XPCO\XPCO\Corporate\VideoOS.Server.UnitTests\bin\x64\Debug\net472\VideoOS.Server.UnitTests.dll" adapterTypeName="executor://mstestadapter/v2" className="VideoOS.Server.UnitTests.Licensing.LicenseManagerUnitTests" name="GetRecorderLicense_NonCameraDevicesAreMissingFromRecorderLicense_OnHardwareMissingLicenseWithoutCamerasAndChannelLicensing" />
    </UnitTest>
    <UnitTest name="CreateLicenseInformationXml_HasMultiLicenseHardwareTrue_OnHardwareWith10Channels" storage="d:\actions-runner\_work\xpco\xpco\corporate\videoos.server.unittests\bin\x64\debug\net472\videoos.server.unittests.dll" id="cbb4fcb6-2f38-80c4-a211-f0717738d4b0">
      <TestCategory>
        <TestCategoryItem TestCategory="Licensing" />
      </TestCategory>
      <Execution id="95eceb65-8348-4737-bd15-484a56098fd8" />
      <TestMethod codeBase="D:\actions-runner\_work\XPCO\XPCO\Corporate\VideoOS.Server.UnitTests\bin\x64\Debug\net472\VideoOS.Server.UnitTests.dll" adapterTypeName="executor://mstestadapter/v2" className="VideoOS.Server.UnitTests.Licensing.LicenseInfoXmlWriterTests" name="CreateLicenseInformationXml_HasMultiLicenseHardwareTrue_OnHardwareWith10Channels" />
    </UnitTest>
    <UnitTest name="QueryFeatures_Success_ValidLicenseEmptyWhiteList" storage="d:\actions-runner\_work\xpco\xpco\corporate\videoos.server.unittests\bin\x64\debug\net472\videoos.server.unittests.dll" id="9b800060-f9bd-0d91-1a53-4c60eea3d92c">
      <TestCategory>
        <TestCategoryItem TestCategory="Licensing" />
      </TestCategory>
      <Execution id="48d7828c-4cb5-4977-858b-64c310449a5c" />
      <TestMethod codeBase="D:\actions-runner\_work\XPCO\XPCO\Corporate\VideoOS.Server.UnitTests\bin\x64\Debug\net472\VideoOS.Server.UnitTests.dll" adapterTypeName="executor://mstestadapter/v2" className="VideoOS.Server.UnitTests.Licensing.LicenseRequestChannelTests" name="QueryFeatures_Success_ValidLicenseEmptyWhiteList" />
    </UnitTest>
    <UnitTest name="SessionData_Constructor_Success" storage="d:\actions-runner\_work\xpco\xpco\corporate\videoos.server.unittests\bin\x64\debug\net472\videoos.server.unittests.dll" id="771cf6b2-af79-16b4-169c-420ec176256a">
      <Execution id="bc6de14d-e8e4-42b8-8380-b2395b41fcfa" />
      <TestMethod codeBase="D:\actions-runner\_work\XPCO\XPCO\Corporate\VideoOS.Server.UnitTests\bin\x64\Debug\net472\VideoOS.Server.UnitTests.dll" adapterTypeName="executor://mstestadapter/v2" className="VideoOS.Server.UnitTests.Tasks.SessionDataManagerTests" name="SessionData_Constructor_Success" />
    </UnitTest>
    <UnitTest name="HardwareScanTaskCommandHandler_Execute_DiscoveryComponentSecureScanUnsupported_FailResponse" storage="d:\actions-runner\_work\xpco\xpco\corporate\videoos.server.unittests\bin\x64\debug\net472\videoos.server.unittests.dll" id="87cb965c-9deb-6d96-379b-010b3bf5a5a3">
      <Execution id="bc69b688-04c1-4841-a0dd-a909f987dd65" />
      <TestMethod codeBase="D:\actions-runner\_work\XPCO\XPCO\Corporate\VideoOS.Server.UnitTests\bin\x64\Debug\net472\VideoOS.Server.UnitTests.dll" adapterTypeName="executor://mstestadapter/v2" className="VideoOS.Server.UnitTests.CommandHandler.HardwareScanTaskCommandHandlerTest" name="HardwareScanTaskCommandHandler_Execute_DiscoveryComponentSecureScanUnsupported_FailResponse" />
    </UnitTest>
    <UnitTest name="SetHardwareNetworkSettingsCommandHandler_Execute_Success" storage="d:\actions-runner\_work\xpco\xpco\corporate\videoos.server.unittests\bin\x64\debug\net472\videoos.server.unittests.dll" id="7c83b5b0-56f2-13fb-8e69-168095957464">
      <Execution id="43fa4bcc-6bae-495d-a241-3029110e07d7" />
      <TestMethod codeBase="D:\actions-runner\_work\XPCO\XPCO\Corporate\VideoOS.Server.UnitTests\bin\x64\Debug\net472\VideoOS.Server.UnitTests.dll" adapterTypeName="executor://mstestadapter/v2" className="VideoOS.Server.UnitTests.CommandHandler.SetHardwareNetworkSettingsCommandHandlerUnitTests" name="SetHardwareNetworkSettingsCommandHandler_Execute_Success" />
    </UnitTest>
    <UnitTest name="LicenseCountManager_RemoveDevicesFromChangesWithoutActivation_Throws_InvalidOperationException" storage="d:\actions-runner\_work\xpco\xpco\corporate\videoos.server.unittests\bin\x64\debug\net472\videoos.server.unittests.dll" id="6cf569d1-1826-b1a5-d6b9-732babdb845d">
      <Execution id="4257c340-7793-4568-9e60-01a5b22e3cda" />
      <TestMethod codeBase="D:\actions-runner\_work\XPCO\XPCO\Corporate\VideoOS.Server.UnitTests\bin\x64\Debug\net472\VideoOS.Server.UnitTests.dll" adapterTypeName="executor://mstestadapter/v2" className="VideoOS.Server.UnitTests.Licensing.LicenseCountManagerUnitTests" name="LicenseCountManager_RemoveDevicesFromChangesWithoutActivation_Throws_InvalidOperationException" />
    </UnitTest>
    <UnitTest name="ChannelLicenseCountManager_CameraFeed_GetFirstCameraFeedDeviceIndex_NonExisting_InvalidOperationException" storage="d:\actions-runner\_work\xpco\xpco\corporate\videoos.server.unittests\bin\x64\debug\net472\videoos.server.unittests.dll" id="f98abc3d-0528-176f-d197-4885de4ff4f2">
      <TestCategory>
        <TestCategoryItem TestCategory="Licensing" />
      </TestCategory>
      <Execution id="138b7bf3-ed0e-48ce-9198-469b75ab3be2" />
      <TestMethod codeBase="D:\actions-runner\_work\XPCO\XPCO\Corporate\VideoOS.Server.UnitTests\bin\x64\Debug\net472\VideoOS.Server.UnitTests.dll" adapterTypeName="executor://mstestadapter/v2" className="VideoOS.Server.UnitTests.Licensing.LicenseCountManagerUnitTests" name="ChannelLicenseCountManager_CameraFeed_GetFirstCameraFeedDeviceIndex_NonExisting_InvalidOperationException" />
    </UnitTest>
    <UnitTest name="ReplaceHardwareTaskCommandHandler_Clone_Tests" storage="d:\actions-runner\_work\xpco\xpco\corporate\videoos.server.unittests\bin\x64\debug\net472\videoos.server.unittests.dll" id="9812cefd-1257-79cb-91a7-5382c3478d46">
      <Execution id="3e40d223-d293-43fa-a5b8-7777f2fbeda6" />
      <TestMethod codeBase="D:\actions-runner\_work\XPCO\XPCO\Corporate\VideoOS.Server.UnitTests\bin\x64\Debug\net472\VideoOS.Server.UnitTests.dll" adapterTypeName="executor://mstestadapter/v2" className="VideoOS.Server.UnitTests.CommandHandler.ReplaceHardwareTaskCommandHandlerUnitTests" name="ReplaceHardwareTaskCommandHandler_Clone_Tests" />
    </UnitTest>
    <UnitTest name="TimeoutResponse_ModelIsNull_BadRequestResult" storage="d:\actions-runner\_work\xpco\xpco\corporate\videoos.server.unittests\bin\x64\debug\net472\videoos.server.unittests.dll" id="bd062c6c-59fd-5bb4-c818-c4e7382f34df">
      <Execution id="5b569ba2-b82d-46f7-854c-0f3b19b4a081" />
      <TestMethod codeBase="D:\actions-runner\_work\XPCO\XPCO\Corporate\VideoOS.Server.UnitTests\bin\x64\Debug\net472\VideoOS.Server.UnitTests.dll" adapterTypeName="executor://mstestadapter/v2" className="VideoOS.Server.UnitTests.WebApi.ResponseControllerTest" name="TimeoutResponse_ModelIsNull_BadRequestResult" />
    </UnitTest>
    <UnitTest name="ProcessConfigurationChangeTasks_TwoRowUpdateDiffGram_Not_Batched" storage="d:\actions-runner\_work\xpco\xpco\corporate\videoos.server.unittests\bin\x64\debug\net472\videoos.server.unittests.dll" id="e81631cd-380b-9493-3226-58f25047a284">
      <Execution id="6d0325cc-8889-4ea0-9f26-0354fe14078a" />
      <TestMethod codeBase="D:\actions-runner\_work\XPCO\XPCO\Corporate\VideoOS.Server.UnitTests\bin\x64\Debug\net472\VideoOS.Server.UnitTests.dll" adapterTypeName="executor://mstestadapter/v2" className="VideoOS.Server.UnitTests.Tasks.ServerTaskBatchHandlerUnitTests" name="ProcessConfigurationChangeTasks_TwoRowUpdateDiffGram_Not_Batched" />
    </UnitTest>
    <UnitTest name="FirmwareUpgradeTaskCommandHandler_Execute_Failed_ErrorUnsupported" storage="d:\actions-runner\_work\xpco\xpco\corporate\videoos.server.unittests\bin\x64\debug\net472\videoos.server.unittests.dll" id="44aed161-4037-6593-a3b8-432128666ea9">
      <Execution id="ac54b5ba-cc2a-4b90-9c21-9a91b7d29e0c" />
      <TestMethod codeBase="D:\actions-runner\_work\XPCO\XPCO\Corporate\VideoOS.Server.UnitTests\bin\x64\Debug\net472\VideoOS.Server.UnitTests.dll" adapterTypeName="executor://mstestadapter/v2" className="VideoOS.Server.UnitTests.CommandHandler.FirmwareUpgradeTaskCommandHandlerTests" name="FirmwareUpgradeTaskCommandHandler_Execute_Failed_ErrorUnsupported" />
    </UnitTest>
    <UnitTest name="HardwareLicense_FindByHardwareInfo_NullHardwareInfo_Throws_ArgumentNullException" storage="d:\actions-runner\_work\xpco\xpco\corporate\videoos.server.unittests\bin\x64\debug\net472\videoos.server.unittests.dll" id="45f16b67-25c3-586e-a05f-5377e2b2c441">
      <Execution id="4378974b-6e15-4d80-9386-981e30fcbcee" />
      <TestMethod codeBase="D:\actions-runner\_work\XPCO\XPCO\Corporate\VideoOS.Server.UnitTests\bin\x64\Debug\net472\VideoOS.Server.UnitTests.dll" adapterTypeName="executor://mstestadapter/v2" className="VideoOS.Server.UnitTests.Licensing.LicenseSnapshotTests" name="HardwareLicense_FindByHardwareInfo_NullHardwareInfo_Throws_ArgumentNullException" />
    </UnitTest>
    <UnitTest name="CheckConfigurationDataSetTest_RecorderMulticastLicensedSuccess" storage="d:\actions-runner\_work\xpco\xpco\corporate\videoos.server.unittests\bin\x64\debug\net472\videoos.server.unittests.dll" id="7fbd8cd6-5269-2a27-a6ab-cabaa043e40b">
      <Execution id="62084a17-dd74-44ac-a62c-62ca7bdb9432" />
      <TestMethod codeBase="D:\actions-runner\_work\XPCO\XPCO\Corporate\VideoOS.Server.UnitTests\bin\x64\Debug\net472\VideoOS.Server.UnitTests.dll" adapterTypeName="executor://mstestadapter/v2" className="VideoOS.Server.UnitTests.Licensing.LicenseFeatureCheckerTest" name="CheckConfigurationDataSetTest_RecorderMulticastLicensedSuccess" />
    </UnitTest>
    <UnitTest name="ChannelLicenseCountManager_Hardware_Get_Set_HardwareLicenseValue" storage="d:\actions-runner\_work\xpco\xpco\corporate\videoos.server.unittests\bin\x64\debug\net472\videoos.server.unittests.dll" id="d81c2536-2ddc-1b92-7cc5-260eee920d18">
      <TestCategory>
        <TestCategoryItem TestCategory="Licensing" />
      </TestCategory>
      <Execution id="2c0cf2f8-22dd-4f5b-9959-d3b94edc2c33" />
      <TestMethod codeBase="D:\actions-runner\_work\XPCO\XPCO\Corporate\VideoOS.Server.UnitTests\bin\x64\Debug\net472\VideoOS.Server.UnitTests.dll" adapterTypeName="executor://mstestadapter/v2" className="VideoOS.Server.UnitTests.Licensing.LicenseCountManagerUnitTests" name="ChannelLicenseCountManager_Hardware_Get_Set_HardwareLicenseValue" />
    </UnitTest>
    <UnitTest name="DeleteHardwareTaskCommandHandler_Clone_Returns_Same_Reference" storage="d:\actions-runner\_work\xpco\xpco\corporate\videoos.server.unittests\bin\x64\debug\net472\videoos.server.unittests.dll" id="e3ed273d-3df0-19ef-9d2e-f52cf7e59969">
      <Execution id="5f253f6a-db07-49b6-b1cb-812d17b5354a" />
      <TestMethod codeBase="D:\actions-runner\_work\XPCO\XPCO\Corporate\VideoOS.Server.UnitTests\bin\x64\Debug\net472\VideoOS.Server.UnitTests.dll" adapterTypeName="executor://mstestadapter/v2" className="VideoOS.Server.UnitTests.CommandHandler.DeleteHardwareTaskCommandHandlerTest" name="DeleteHardwareTaskCommandHandler_Clone_Returns_Same_Reference" />
    </UnitTest>
    <UnitTest name="AddBookmarkCommand_ModelIsValid_CommandExecuted" storage="d:\actions-runner\_work\xpco\xpco\corporate\videoos.server.unittests\bin\x64\debug\net472\videoos.server.unittests.dll" id="dc0c2da5-f912-3a42-fb09-fd922bf21e0e">
      <Execution id="800c9a38-cd70-4763-94b9-ca2e56f967f3" />
      <TestMethod codeBase="D:\actions-runner\_work\XPCO\XPCO\Corporate\VideoOS.Server.UnitTests\bin\x64\Debug\net472\VideoOS.Server.UnitTests.dll" adapterTypeName="executor://mstestadapter/v2" className="VideoOS.Server.UnitTests.DatabaseCommandsControllerTests" name="AddBookmarkCommand_ModelIsValid_CommandExecuted" />
    </UnitTest>
    <UnitTest name="AllocateLicenses_NotActivated_OneDevice_SixDisabledCameraChannels_LicenseCountFive_OneInGrace" storage="d:\actions-runner\_work\xpco\xpco\corporate\videoos.server.unittests\bin\x64\debug\net472\videoos.server.unittests.dll" id="c576af66-9afa-10c2-027a-7e1a44cd0712">
      <TestCategory>
        <TestCategoryItem TestCategory="Licensing" />
      </TestCategory>
      <Execution id="5d10b58f-2cfa-47e7-a715-ac733d4f52b7" />
      <TestMethod codeBase="D:\actions-runner\_work\XPCO\XPCO\Corporate\VideoOS.Server.UnitTests\bin\x64\Debug\net472\VideoOS.Server.UnitTests.dll" adapterTypeName="executor://mstestadapter/v2" className="VideoOS.Server.UnitTests.Licensing.LicenseAllocatorChannelTests" name="AllocateLicenses_NotActivated_OneDevice_SixDisabledCameraChannels_LicenseCountFive_OneInGrace" />
    </UnitTest>
    <UnitTest name="Construct_ValidLicenseCountManager_Instance" storage="d:\actions-runner\_work\xpco\xpco\corporate\videoos.server.unittests\bin\x64\debug\net472\videoos.server.unittests.dll" id="32fc502d-9cb3-be3e-d7d9-da55ad2cd200">
      <TestCategory>
        <TestCategoryItem TestCategory="Licensing" />
      </TestCategory>
      <Execution id="ca9ca16d-bbd1-4ef0-9bc1-b535c00a31f3" />
      <TestMethod codeBase="D:\actions-runner\_work\XPCO\XPCO\Corporate\VideoOS.Server.UnitTests\bin\x64\Debug\net472\VideoOS.Server.UnitTests.dll" adapterTypeName="executor://mstestadapter/v2" className="VideoOS.Server.UnitTests.Licensing.LicenseCountManagerUnitTests" name="Construct_ValidLicenseCountManager_Instance" />
    </UnitTest>
    <UnitTest name="AddHardwareUserCommandHandler_Constructor_ThrowsIfParameterNull" storage="d:\actions-runner\_work\xpco\xpco\corporate\videoos.server.unittests\bin\x64\debug\net472\videoos.server.unittests.dll" id="ce8380c5-c8aa-6b45-78f7-a8afc7e17e5d">
      <Execution id="3c41fef2-5468-44f5-b8ec-938c3b7c1868" />
      <TestMethod codeBase="D:\actions-runner\_work\XPCO\XPCO\Corporate\VideoOS.Server.UnitTests\bin\x64\Debug\net472\VideoOS.Server.UnitTests.dll" adapterTypeName="executor://mstestadapter/v2" className="VideoOS.Server.UnitTests.CommandHandler.AddHardwareUserCommandHandlerServerUnitTests" name="AddHardwareUserCommandHandler_Constructor_ThrowsIfParameterNull" />
    </UnitTest>
    <UnitTest name="RecorderLicense_FindByRecorder_Returns_Instance" storage="d:\actions-runner\_work\xpco\xpco\corporate\videoos.server.unittests\bin\x64\debug\net472\videoos.server.unittests.dll" id="4fec0688-570f-f7c3-b388-2105544b1ec9">
      <Execution id="03269d64-5815-45cb-9fd3-fccce8f365e7" />
      <TestMethod codeBase="D:\actions-runner\_work\XPCO\XPCO\Corporate\VideoOS.Server.UnitTests\bin\x64\Debug\net472\VideoOS.Server.UnitTests.dll" adapterTypeName="executor://mstestadapter/v2" className="VideoOS.Server.UnitTests.Licensing.LicenseSnapshotTests" name="RecorderLicense_FindByRecorder_Returns_Instance" />
    </UnitTest>
    <UnitTest name="AddUnlicensedDevice_AddSameDeviceTwice_ReturnsTrue" storage="d:\actions-runner\_work\xpco\xpco\corporate\videoos.server.unittests\bin\x64\debug\net472\videoos.server.unittests.dll" id="337fb61c-0417-0206-2b53-a5a13e98e43f">
      <Execution id="094bd2e7-e330-461a-8caa-cb47e12efe6f" />
      <TestMethod codeBase="D:\actions-runner\_work\XPCO\XPCO\Corporate\VideoOS.Server.UnitTests\bin\x64\Debug\net472\VideoOS.Server.UnitTests.dll" adapterTypeName="executor://mstestadapter/v2" className="VideoOS.Server.UnitTests.Licensing.LicenseSnapshotTests" name="AddUnlicensedDevice_AddSameDeviceTwice_ReturnsTrue" />
    </UnitTest>
    <UnitTest name="AllocateLicenses_HardwareWithNoCameras_ShouldCount1InGrace_ThenDisabling_ShouldCount0_On0Replacements" storage="d:\actions-runner\_work\xpco\xpco\corporate\videoos.server.unittests\bin\x64\debug\net472\videoos.server.unittests.dll" id="886d15a7-f876-be7e-71f5-4d94ad43de3c">
      <TestCategory>
        <TestCategoryItem TestCategory="Licensing" />
      </TestCategory>
      <Execution id="764f3f2e-25d4-4430-97fe-0fc48e92401b" />
      <TestMethod codeBase="D:\actions-runner\_work\XPCO\XPCO\Corporate\VideoOS.Server.UnitTests\bin\x64\Debug\net472\VideoOS.Server.UnitTests.dll" adapterTypeName="executor://mstestadapter/v2" className="VideoOS.Server.UnitTests.Licensing.LicenseAllocatorChannelTests" name="AllocateLicenses_HardwareWithNoCameras_ShouldCount1InGrace_ThenDisabling_ShouldCount0_On0Replacements" />
    </UnitTest>
    <UnitTest name="ReleaseClient_ClientIsNull_ArgumentNullException" storage="d:\actions-runner\_work\xpco\xpco\corporate\videoos.server.unittests\bin\x64\debug\net472\videoos.server.unittests.dll" id="e07708b9-58e9-17c8-33df-f79f35053ced">
      <Execution id="49d47d7c-d7ca-4b7c-9c57-f499cd95b141" />
      <TestMethod codeBase="D:\actions-runner\_work\XPCO\XPCO\Corporate\VideoOS.Server.UnitTests\bin\x64\Debug\net472\VideoOS.Server.UnitTests.dll" adapterTypeName="executor://mstestadapter/v2" className="VideoOS.Server.UnitTests.CommandHandler.VmoClientsPoolTests" name="ReleaseClient_ClientIsNull_ArgumentNullException" />
    </UnitTest>
    <UnitTest name="AllocateLicensesNotActivated_WhitelistedDriver_Activated_OneHardware_TwoCameras_OneLicense_ValidateLicenseTypes" storage="d:\actions-runner\_work\xpco\xpco\corporate\videoos.server.unittests\bin\x64\debug\net472\videoos.server.unittests.dll" id="a1b35a02-92d9-0d0e-9ddc-2d7195973991">
      <TestCategory>
        <TestCategoryItem TestCategory="Licensing" />
      </TestCategory>
      <Execution id="981367b6-5fc6-42a0-bf5f-d5fc931a629f" />
      <TestMethod codeBase="D:\actions-runner\_work\XPCO\XPCO\Corporate\VideoOS.Server.UnitTests\bin\x64\Debug\net472\VideoOS.Server.UnitTests.dll" adapterTypeName="executor://mstestadapter/v2" className="VideoOS.Server.UnitTests.Licensing.LicenseAllocatorChannelTests" name="AllocateLicensesNotActivated_WhitelistedDriver_Activated_OneHardware_TwoCameras_OneLicense_ValidateLicenseTypes" />
    </UnitTest>
    <UnitTest name="TemporaryDeviceLicense_Ctor_DateTimeMaxValue_DateOnly_ArgumentException" storage="d:\actions-runner\_work\xpco\xpco\corporate\videoos.server.unittests\bin\x64\debug\net472\videoos.server.unittests.dll" id="0b95b563-b3d8-1fad-97ed-28bd915fb5ac">
      <TestCategory>
        <TestCategoryItem TestCategory="Licensing" />
      </TestCategory>
      <Execution id="c746a4fd-6fe7-425e-ad6e-9ebf37f52cdb" />
      <TestMethod codeBase="D:\actions-runner\_work\XPCO\XPCO\Corporate\VideoOS.Server.UnitTests\bin\x64\Debug\net472\VideoOS.Server.UnitTests.dll" adapterTypeName="executor://mstestadapter/v2" className="VideoOS.Server.UnitTests.Licensing.HardwareLicensesUnitTests" name="TemporaryDeviceLicense_Ctor_DateTimeMaxValue_DateOnly_ArgumentException" />
    </UnitTest>
    <UnitTest name="UpdateHardwareTaskCommandHandler_Apply_Deleted_Tests" storage="d:\actions-runner\_work\xpco\xpco\corporate\videoos.server.unittests\bin\x64\debug\net472\videoos.server.unittests.dll" id="fca732b5-9fae-3535-07d0-1e4a432e7d32">
      <Execution id="19355b79-56fd-4cea-9e52-a8efca07fdf4" />
      <TestMethod codeBase="D:\actions-runner\_work\XPCO\XPCO\Corporate\VideoOS.Server.UnitTests\bin\x64\Debug\net472\VideoOS.Server.UnitTests.dll" adapterTypeName="executor://mstestadapter/v2" className="VideoOS.Server.UnitTests.CommandHandler.UpdateHardwareTaskHandlerTests" name="UpdateHardwareTaskCommandHandler_Apply_Deleted_Tests" />
    </UnitTest>
    <UnitTest name="HardwareInCWANotOnWhiteList_WithChannels_ReplacedWith_HardwareNotOnWhiteList_ZeroChannels_CWAAllowed_NewHardwareInCWA" storage="d:\actions-runner\_work\xpco\xpco\corporate\videoos.server.unittests\bin\x64\debug\net472\videoos.server.unittests.dll" id="19c2411d-a7ea-3029-7b81-cde9f3216bb1">
      <TestCategory>
        <TestCategoryItem TestCategory="Licensing Replace Hardware" />
        <TestCategoryItem TestCategory="Licensing" />
      </TestCategory>
      <Execution id="a4297b1a-8f00-4664-b766-c97d23d53276" />
      <TestMethod codeBase="D:\actions-runner\_work\XPCO\XPCO\Corporate\VideoOS.Server.UnitTests\bin\x64\Debug\net472\VideoOS.Server.UnitTests.dll" adapterTypeName="executor://mstestadapter/v2" className="VideoOS.Server.UnitTests.Licensing.LicenseAllocatorChannelTests" name="HardwareInCWANotOnWhiteList_WithChannels_ReplacedWith_HardwareNotOnWhiteList_ZeroChannels_CWAAllowed_NewHardwareInCWA" />
    </UnitTest>
    <UnitTest name="HardwareScanExpressTaskCommandHandler_Execute_DiscoveryComponentSecureScanUnsupported_FailResponse" storage="d:\actions-runner\_work\xpco\xpco\corporate\videoos.server.unittests\bin\x64\debug\net472\videoos.server.unittests.dll" id="f710f672-589f-2591-bbe8-d5b2015480ef">
      <Execution id="1f6c9080-fe07-4dff-b8ce-d9836e4bbc48" />
      <TestMethod codeBase="D:\actions-runner\_work\XPCO\XPCO\Corporate\VideoOS.Server.UnitTests\bin\x64\Debug\net472\VideoOS.Server.UnitTests.dll" adapterTypeName="executor://mstestadapter/v2" className="VideoOS.Server.UnitTests.CommandHandler.HardwareScanExpressTaskCommandHandlerTest" name="HardwareScanExpressTaskCommandHandler_Execute_DiscoveryComponentSecureScanUnsupported_FailResponse" />
    </UnitTest>
    <UnitTest name="MoveHardwareTaskCommandHandler_Execute_SourceRecorder_Connected_And_Ignored_FailResponse" storage="d:\actions-runner\_work\xpco\xpco\corporate\videoos.server.unittests\bin\x64\debug\net472\videoos.server.unittests.dll" id="91597cb0-6a24-dca7-d61a-feb94222cbdb">
      <Execution id="aa58f664-49ea-409e-a95c-bdf27e88d735" />
      <TestMethod codeBase="D:\actions-runner\_work\XPCO\XPCO\Corporate\VideoOS.Server.UnitTests\bin\x64\Debug\net472\VideoOS.Server.UnitTests.dll" adapterTypeName="executor://mstestadapter/v2" className="VideoOS.Server.UnitTests.CommandHandler.MoveHardwareTaskCommandHandlerTests" name="MoveHardwareTaskCommandHandler_Execute_SourceRecorder_Connected_And_Ignored_FailResponse" />
    </UnitTest>
    <UnitTest name="ReplaceHardwareTaskCommandHandler_DeviceMapper_Success_NotMatchingHwids_Test" storage="d:\actions-runner\_work\xpco\xpco\corporate\videoos.server.unittests\bin\x64\debug\net472\videoos.server.unittests.dll" id="ca7bf8cc-6fb2-57ee-bd56-7bde54c67fe6">
      <Execution id="ccd8e317-2e45-4ce8-b715-1ba5fdaf79d8" />
      <TestMethod codeBase="D:\actions-runner\_work\XPCO\XPCO\Corporate\VideoOS.Server.UnitTests\bin\x64\Debug\net472\VideoOS.Server.UnitTests.dll" adapterTypeName="executor://mstestadapter/v2" className="VideoOS.Server.UnitTests.CommandHandler.ReplaceHardwareTaskCommandHandlerUnitTests" name="ReplaceHardwareTaskCommandHandler_DeviceMapper_Success_NotMatchingHwids_Test" />
    </UnitTest>
    <UnitTest name="QueryDeviceEvidenceLockSizesResponse_ModelIsNull_BadRequestResult" storage="d:\actions-runner\_work\xpco\xpco\corporate\videoos.server.unittests\bin\x64\debug\net472\videoos.server.unittests.dll" id="0f5519ff-c247-6411-d38b-9a9f1b4227c9">
      <Execution id="be6b6bfb-aab7-4a95-a2fa-11574bfcfb89" />
      <TestMethod codeBase="D:\actions-runner\_work\XPCO\XPCO\Corporate\VideoOS.Server.UnitTests\bin\x64\Debug\net472\VideoOS.Server.UnitTests.dll" adapterTypeName="executor://mstestadapter/v2" className="VideoOS.Server.UnitTests.WebApi.ResponseControllerTest" name="QueryDeviceEvidenceLockSizesResponse_ModelIsNull_BadRequestResult" />
    </UnitTest>
    <UnitTest name="RegisterRecorder_ModelIsValid_Executed" storage="d:\actions-runner\_work\xpco\xpco\corporate\videoos.server.unittests\bin\x64\debug\net472\videoos.server.unittests.dll" id="88c1f49e-afd8-32ac-a7cb-3ffedb7fc25a">
      <Execution id="c8f2ff14-f7f5-4b39-aa6d-c6b2ce398eb5" />
      <TestMethod codeBase="D:\actions-runner\_work\XPCO\XPCO\Corporate\VideoOS.Server.UnitTests\bin\x64\Debug\net472\VideoOS.Server.UnitTests.dll" adapterTypeName="executor://mstestadapter/v2" className="VideoOS.Server.UnitTests.WebApi.Controllers.RecorderRegistrationControllerTests" name="RegisterRecorder_ModelIsValid_Executed" />
    </UnitTest>
    <UnitTest name="EvidenceLockOnOldRecorderCommandHandlerTests_OldRecV1_ConfigDelete1RowExtra_Ignored" storage="d:\actions-runner\_work\xpco\xpco\corporate\videoos.server.unittests\bin\x64\debug\net472\videoos.server.unittests.dll" id="10bfeb00-de3b-c447-8d05-6723944bf16f">
      <Execution id="9f81a4ac-a705-4354-9242-95043d08aae8" />
      <TestMethod codeBase="D:\actions-runner\_work\XPCO\XPCO\Corporate\VideoOS.Server.UnitTests\bin\x64\Debug\net472\VideoOS.Server.UnitTests.dll" adapterTypeName="executor://mstestadapter/v2" className="VideoOS.Server.UnitTests.CommandHandler.EvidenceLockOnOldRecorderCommandHandlerTests" name="EvidenceLockOnOldRecorderCommandHandlerTests_OldRecV1_ConfigDelete1RowExtra_Ignored" />
    </UnitTest>
    <UnitTest name="AttachedRecorder_GetRecorderEntry_NoEntry" storage="d:\actions-runner\_work\xpco\xpco\corporate\videoos.server.unittests\bin\x64\debug\net472\videoos.server.unittests.dll" id="0fbfd3f1-8403-3002-5229-49e64639ac7c">
      <Execution id="03bbf2a3-63db-4acf-8f6a-451bb3b5bf0d" />
      <TestMethod codeBase="D:\actions-runner\_work\XPCO\XPCO\Corporate\VideoOS.Server.UnitTests\bin\x64\Debug\net472\VideoOS.Server.UnitTests.dll" adapterTypeName="executor://mstestadapter/v2" className="VideoOS.Server.UnitTests.AttachedRecorderTests" name="AttachedRecorder_GetRecorderEntry_NoEntry" />
    </UnitTest>
    <UnitTest name="TemporaryLicenseStorage_LoadData_Old_Format_No_Licenses" storage="d:\actions-runner\_work\xpco\xpco\corporate\videoos.server.unittests\bin\x64\debug\net472\videoos.server.unittests.dll" id="2c474dad-fea8-dd23-dae8-7f89d2f205ba">
      <Execution id="b8a37b4d-0cad-4400-9be4-2b3194558546" />
      <TestMethod codeBase="D:\actions-runner\_work\XPCO\XPCO\Corporate\VideoOS.Server.UnitTests\bin\x64\Debug\net472\VideoOS.Server.UnitTests.dll" adapterTypeName="executor://mstestadapter/v2" className="VideoOS.Server.UnitTests.Licensing.TemporaryLicenseStorageUnitTests" name="TemporaryLicenseStorage_LoadData_Old_Format_No_Licenses" />
    </UnitTest>
    <UnitTest name="RecorderLicense_AddNew_IsUpdated_SetToTrue_Success" storage="d:\actions-runner\_work\xpco\xpco\corporate\videoos.server.unittests\bin\x64\debug\net472\videoos.server.unittests.dll" id="421fb43f-22dc-3119-8b0a-975866a1028c">
      <Execution id="5d855784-1062-4b02-b5d4-d7fe60a945ae" />
      <TestMethod codeBase="D:\actions-runner\_work\XPCO\XPCO\Corporate\VideoOS.Server.UnitTests\bin\x64\Debug\net472\VideoOS.Server.UnitTests.dll" adapterTypeName="executor://mstestadapter/v2" className="VideoOS.Server.UnitTests.Licensing.LicenseSnapshotTests" name="RecorderLicense_AddNew_IsUpdated_SetToTrue_Success" />
    </UnitTest>
    <UnitTest name="CleanUp_KeepAliveExceededOnFreeClient_ClientIsRemoved" storage="d:\actions-runner\_work\xpco\xpco\corporate\videoos.server.unittests\bin\x64\debug\net472\videoos.server.unittests.dll" id="40c51391-c3be-a83e-46f5-30f4f86079de">
      <Execution id="1a74c8f5-62ee-4fb7-bca2-1e1628fb929f" />
      <TestMethod codeBase="D:\actions-runner\_work\XPCO\XPCO\Corporate\VideoOS.Server.UnitTests\bin\x64\Debug\net472\VideoOS.Server.UnitTests.dll" adapterTypeName="executor://mstestadapter/v2" className="VideoOS.Server.UnitTests.CommandHandler.VmoClientsPoolTests" name="CleanUp_KeepAliveExceededOnFreeClient_ClientIsRemoved" />
    </UnitTest>
    <UnitTest name="Recorder_FindById_Returns_Null" storage="d:\actions-runner\_work\xpco\xpco\corporate\videoos.server.unittests\bin\x64\debug\net472\videoos.server.unittests.dll" id="ef98307e-e332-24fb-e960-16fa4b8c11bc">
      <Execution id="adbee7b3-f6ba-4968-8eba-e16793a04aee" />
      <TestMethod codeBase="D:\actions-runner\_work\XPCO\XPCO\Corporate\VideoOS.Server.UnitTests\bin\x64\Debug\net472\VideoOS.Server.UnitTests.dll" adapterTypeName="executor://mstestadapter/v2" className="VideoOS.Server.UnitTests.Licensing.LicenseSnapshotTests" name="Recorder_FindById_Returns_Null" />
    </UnitTest>
    <UnitTest name="AllocateLicenses_NotActivated_FourUsedOneUnlicensed_OnFiveCameraChannelsFourGraceAndFourAvailableLicenses" storage="d:\actions-runner\_work\xpco\xpco\corporate\videoos.server.unittests\bin\x64\debug\net472\videoos.server.unittests.dll" id="47bc2de9-c828-3305-dbcd-195c38433d1e">
      <TestCategory>
        <TestCategoryItem TestCategory="Licensing" />
      </TestCategory>
      <Execution id="da45cea2-654e-4e4a-9fcc-85ca0a47ec2a" />
      <TestMethod codeBase="D:\actions-runner\_work\XPCO\XPCO\Corporate\VideoOS.Server.UnitTests\bin\x64\Debug\net472\VideoOS.Server.UnitTests.dll" adapterTypeName="executor://mstestadapter/v2" className="VideoOS.Server.UnitTests.Licensing.LicenseAllocatorChannelTests" name="AllocateLicenses_NotActivated_FourUsedOneUnlicensed_OnFiveCameraChannelsFourGraceAndFourAvailableLicenses" />
    </UnitTest>
    <UnitTest name="CheckConfigurationDataSetTest_FailoverPrimaryNotLicensedFail" storage="d:\actions-runner\_work\xpco\xpco\corporate\videoos.server.unittests\bin\x64\debug\net472\videoos.server.unittests.dll" id="0d25d40d-d1aa-dcd2-9ff9-14f41134f43c">
      <Execution id="6cb5f02e-f3c0-41fd-8129-f2be85a8c63b" />
      <TestMethod codeBase="D:\actions-runner\_work\XPCO\XPCO\Corporate\VideoOS.Server.UnitTests\bin\x64\Debug\net472\VideoOS.Server.UnitTests.dll" adapterTypeName="executor://mstestadapter/v2" className="VideoOS.Server.UnitTests.Licensing.LicenseFeatureCheckerTest" name="CheckConfigurationDataSetTest_FailoverPrimaryNotLicensedFail" />
    </UnitTest>
    <UnitTest name="GenerateLicenseRequestAsXml_Success_With1RecordingServerWith4DevicesAnd1DeviceCompletelyDisabled_ValidLicenseWithEmptyWhiteList" storage="d:\actions-runner\_work\xpco\xpco\corporate\videoos.server.unittests\bin\x64\debug\net472\videoos.server.unittests.dll" id="f7076339-e5cf-6e19-d30b-284c92fc046e">
      <TestCategory>
        <TestCategoryItem TestCategory="Licensing" />
      </TestCategory>
      <Execution id="314360c2-d7cb-4eb1-ba7b-5cce3703e451" />
      <TestMethod codeBase="D:\actions-runner\_work\XPCO\XPCO\Corporate\VideoOS.Server.UnitTests\bin\x64\Debug\net472\VideoOS.Server.UnitTests.dll" adapterTypeName="executor://mstestadapter/v2" className="VideoOS.Server.UnitTests.Licensing.LicenseRequestChannelTests" name="GenerateLicenseRequestAsXml_Success_With1RecordingServerWith4DevicesAnd1DeviceCompletelyDisabled_ValidLicenseWithEmptyWhiteList" />
    </UnitTest>
    <UnitTest name="HardwareInCWANotOnWhiteList_ReplacedWithInheritance_HardwareNotOnWhiteList_NoMoreCWAAllowed_NewDevicesInGrace" storage="d:\actions-runner\_work\xpco\xpco\corporate\videoos.server.unittests\bin\x64\debug\net472\videoos.server.unittests.dll" id="22ed3e7b-bfad-787a-270a-197e0d35f24e">
      <TestCategory>
        <TestCategoryItem TestCategory="Licensing Replace Hardware" />
        <TestCategoryItem TestCategory="Licensing" />
      </TestCategory>
      <Execution id="ac7ff89d-c30c-4c63-b09a-df16abba8754" />
      <TestMethod codeBase="D:\actions-runner\_work\XPCO\XPCO\Corporate\VideoOS.Server.UnitTests\bin\x64\Debug\net472\VideoOS.Server.UnitTests.dll" adapterTypeName="executor://mstestadapter/v2" className="VideoOS.Server.UnitTests.Licensing.LicenseAllocatorChannelTests" name="HardwareInCWANotOnWhiteList_ReplacedWithInheritance_HardwareNotOnWhiteList_NoMoreCWAAllowed_NewDevicesInGrace" />
    </UnitTest>
    <UnitTest name="AddUnlicensedHardware_AddNewHardware_ReturnsTrue" storage="d:\actions-runner\_work\xpco\xpco\corporate\videoos.server.unittests\bin\x64\debug\net472\videoos.server.unittests.dll" id="c58d02c2-045e-a702-8b39-09ea175a2fd3">
      <Execution id="2c024940-7a7b-485c-8fca-44e4340ffc5d" />
      <TestMethod codeBase="D:\actions-runner\_work\XPCO\XPCO\Corporate\VideoOS.Server.UnitTests\bin\x64\Debug\net472\VideoOS.Server.UnitTests.dll" adapterTypeName="executor://mstestadapter/v2" className="VideoOS.Server.UnitTests.Licensing.LicenseSnapshotTests" name="AddUnlicensedHardware_AddNewHardware_ReturnsTrue" />
    </UnitTest>
    <UnitTest name="HardwareInGraceOnWhiteList_ReplacedWith_HardwareOnWhiteList_ShouldGiveHardwareNewGracePeriod" storage="d:\actions-runner\_work\xpco\xpco\corporate\videoos.server.unittests\bin\x64\debug\net472\videoos.server.unittests.dll" id="d8a329ba-c4d1-c4f1-d573-a40cf5804ed0">
      <TestCategory>
        <TestCategoryItem TestCategory="Licensing Replace Hardware" />
        <TestCategoryItem TestCategory="Licensing" />
      </TestCategory>
      <Execution id="af2dab40-0924-4616-849f-00f0ca184682" />
      <TestMethod codeBase="D:\actions-runner\_work\XPCO\XPCO\Corporate\VideoOS.Server.UnitTests\bin\x64\Debug\net472\VideoOS.Server.UnitTests.dll" adapterTypeName="executor://mstestadapter/v2" className="VideoOS.Server.UnitTests.Licensing.LicenseAllocatorChannelTests" name="HardwareInGraceOnWhiteList_ReplacedWith_HardwareOnWhiteList_ShouldGiveHardwareNewGracePeriod" />
    </UnitTest>
    <UnitTest name="RecorderTaskFailed_ModelIsNull_BadRequestResult" storage="d:\actions-runner\_work\xpco\xpco\corporate\videoos.server.unittests\bin\x64\debug\net472\videoos.server.unittests.dll" id="4907f04c-b529-3215-1c18-a5d92d0dd57d">
      <Execution id="47e2d83f-e49c-43bc-82cc-7dc52d67d1a1" />
      <TestMethod codeBase="D:\actions-runner\_work\XPCO\XPCO\Corporate\VideoOS.Server.UnitTests\bin\x64\Debug\net472\VideoOS.Server.UnitTests.dll" adapterTypeName="executor://mstestadapter/v2" className="VideoOS.Server.UnitTests.TaskControllerTests" name="RecorderTaskFailed_ModelIsNull_BadRequestResult" />
    </UnitTest>
    <UnitTest name="UpdateHardwareTaskCommandHandler_Execute_HeartBeat_RecorderNotSupported_Tests" storage="d:\actions-runner\_work\xpco\xpco\corporate\videoos.server.unittests\bin\x64\debug\net472\videoos.server.unittests.dll" id="00784323-e8f7-063b-bb41-8b963c2c917c">
      <Execution id="238d6230-084b-4db2-99f2-1e6f3f4c9a58" />
      <TestMethod codeBase="D:\actions-runner\_work\XPCO\XPCO\Corporate\VideoOS.Server.UnitTests\bin\x64\Debug\net472\VideoOS.Server.UnitTests.dll" adapterTypeName="executor://mstestadapter/v2" className="VideoOS.Server.UnitTests.CommandHandler.UpdateHardwareTaskHandlerTests" name="UpdateHardwareTaskCommandHandler_Execute_HeartBeat_RecorderNotSupported_Tests" />
    </UnitTest>
    <UnitTest name="HardwareScanExpressTaskCommandHandler_StopScan_ReturnsScanSessionWithResult" storage="d:\actions-runner\_work\xpco\xpco\corporate\videoos.server.unittests\bin\x64\debug\net472\videoos.server.unittests.dll" id="8503b0c6-e113-b6aa-684d-780d0d19788e">
      <Execution id="fbcf2344-883e-4f0d-901f-4b113ab2f9bd" />
      <TestMethod codeBase="D:\actions-runner\_work\XPCO\XPCO\Corporate\VideoOS.Server.UnitTests\bin\x64\Debug\net472\VideoOS.Server.UnitTests.dll" adapterTypeName="executor://mstestadapter/v2" className="VideoOS.Server.UnitTests.CommandHandler.HardwareScanExpressTaskCommandHandlerTest" name="HardwareScanExpressTaskCommandHandler_StopScan_ReturnsScanSessionWithResult" />
    </UnitTest>
    <UnitTest name="Validate_FirstGraceExpireShown_WithWhiteListedAndNonWhitelistedHardwareOnly_Success" storage="d:\actions-runner\_work\xpco\xpco\corporate\videoos.server.unittests\bin\x64\debug\net472\videoos.server.unittests.dll" id="b20280df-57e1-0c4a-9eea-dd5ebed1a7b2">
      <TestCategory>
        <TestCategoryItem TestCategory="Licensing" />
      </TestCategory>
      <Execution id="cb40b274-4655-41b1-9943-2423b2018ed0" />
      <TestMethod codeBase="D:\actions-runner\_work\XPCO\XPCO\Corporate\VideoOS.Server.UnitTests\bin\x64\Debug\net472\VideoOS.Server.UnitTests.dll" adapterTypeName="executor://mstestadapter/v2" className="VideoOS.Server.UnitTests.Licensing.LicenseInfoXmlWriterTests" name="Validate_FirstGraceExpireShown_WithWhiteListedAndNonWhitelistedHardwareOnly_Success" />
    </UnitTest>
    <UnitTest name="StartSessionFailedResponse_ModelIsValid_CommandExecuted" storage="d:\actions-runner\_work\xpco\xpco\corporate\videoos.server.unittests\bin\x64\debug\net472\videoos.server.unittests.dll" id="d35c2020-35e1-7432-4bcd-89664f411e2b">
      <Execution id="adf1d537-1593-4a65-8629-da461796d10e" />
      <TestMethod codeBase="D:\actions-runner\_work\XPCO\XPCO\Corporate\VideoOS.Server.UnitTests\bin\x64\Debug\net472\VideoOS.Server.UnitTests.dll" adapterTypeName="executor://mstestadapter/v2" className="VideoOS.Server.UnitTests.WebApi.ResponseControllerTest" name="StartSessionFailedResponse_ModelIsValid_CommandExecuted" />
    </UnitTest>
    <UnitTest name="Construct_LicenseSnapshot_InvalidHardwareLicenseInfo_Throws_ArgumentNullException" storage="d:\actions-runner\_work\xpco\xpco\corporate\videoos.server.unittests\bin\x64\debug\net472\videoos.server.unittests.dll" id="05cb3fbe-774b-bffe-3d71-771cad3a9f6c">
      <Execution id="89eff656-774d-4329-bb55-e2803b779ee9" />
      <TestMethod codeBase="D:\actions-runner\_work\XPCO\XPCO\Corporate\VideoOS.Server.UnitTests\bin\x64\Debug\net472\VideoOS.Server.UnitTests.dll" adapterTypeName="executor://mstestadapter/v2" className="VideoOS.Server.UnitTests.Licensing.LicenseSnapshotTests" name="Construct_LicenseSnapshot_InvalidHardwareLicenseInfo_Throws_ArgumentNullException" />
    </UnitTest>
    <UnitTest name="Monitor_CurrentStatusChanged_AuthorizationError" storage="d:\actions-runner\_work\xpco\xpco\corporate\videoos.server.unittests\bin\x64\debug\net472\videoos.server.unittests.dll" id="4a01cd80-73e5-9c40-2758-599856b946eb">
      <Execution id="c9a2fe12-c034-41c5-bf24-2d7bfdb264bf" />
      <TestMethod codeBase="D:\actions-runner\_work\XPCO\XPCO\Corporate\VideoOS.Server.UnitTests\bin\x64\Debug\net472\VideoOS.Server.UnitTests.dll" adapterTypeName="executor://mstestadapter/v2" className="VideoOS.Server.UnitTests.Failover.FailoverStatusManagerUnitTests" name="Monitor_CurrentStatusChanged_AuthorizationError" />
    </UnitTest>
    <UnitTest name="CleanUp_KeepAliveNotExceededOnFreeClient_ClientIsNotRemoved" storage="d:\actions-runner\_work\xpco\xpco\corporate\videoos.server.unittests\bin\x64\debug\net472\videoos.server.unittests.dll" id="4d7616d3-3d89-3b42-9496-b2ce88cc2ef7">
      <Execution id="4aa6ce3c-6dd0-4da3-b0db-d9da48387473" />
      <TestMethod codeBase="D:\actions-runner\_work\XPCO\XPCO\Corporate\VideoOS.Server.UnitTests\bin\x64\Debug\net472\VideoOS.Server.UnitTests.dll" adapterTypeName="executor://mstestadapter/v2" className="VideoOS.Server.UnitTests.CommandHandler.VmoClientsPoolTests" name="CleanUp_KeepAliveNotExceededOnFreeClient_ClientIsNotRemoved" />
    </UnitTest>
    <UnitTest name="ConvertIdpLog_UnknownIdpLogEvent_ArgumentException" storage="d:\actions-runner\_work\xpco\xpco\corporate\videoos.server.unittests\bin\x64\debug\net472\videoos.server.unittests.dll" id="26717f0a-fca2-67d0-37db-c3f8b1a939fe">
      <Execution id="1e589723-2c87-4a67-af3c-28f182d0d9e9" />
      <TestMethod codeBase="D:\actions-runner\_work\XPCO\XPCO\Corporate\VideoOS.Server.UnitTests\bin\x64\Debug\net472\VideoOS.Server.UnitTests.dll" adapterTypeName="executor://mstestadapter/v2" className="VideoOS.Server.UnitTests.Log.IdpLogConverterTest" name="ConvertIdpLog_UnknownIdpLogEvent_ArgumentException" />
    </UnitTest>
    <UnitTest name="CheckMsFailoverStatusCommandHandler_Execute_InvokeEventTrue_ValidResponseOne_ShouldTrigger" storage="d:\actions-runner\_work\xpco\xpco\corporate\videoos.server.unittests\bin\x64\debug\net472\videoos.server.unittests.dll" id="9b865ef5-ace8-8622-14e6-2807e0fb2add">
      <Execution id="35a574a7-043d-4c7d-8fdb-033236569eba" />
      <TestMethod codeBase="D:\actions-runner\_work\XPCO\XPCO\Corporate\VideoOS.Server.UnitTests\bin\x64\Debug\net472\VideoOS.Server.UnitTests.dll" adapterTypeName="executor://mstestadapter/v2" className="VideoOS.Server.UnitTests.CommandHandler.CheckMsFailoverStatusCommandHandlerUnitTest" name="CheckMsFailoverStatusCommandHandler_Execute_InvokeEventTrue_ValidResponseOne_ShouldTrigger" />
    </UnitTest>
    <UnitTest name="ValidateLicenseCounts_ValidateWhitelistVersion_WithEmptyWhiteList" storage="d:\actions-runner\_work\xpco\xpco\corporate\videoos.server.unittests\bin\x64\debug\net472\videoos.server.unittests.dll" id="4b5a68b1-c763-49c2-6558-f2ba8573701b">
      <TestCategory>
        <TestCategoryItem TestCategory="Licensing" />
      </TestCategory>
      <Execution id="30922363-6df2-4488-93db-1c3c10534b2e" />
      <TestMethod codeBase="D:\actions-runner\_work\XPCO\XPCO\Corporate\VideoOS.Server.UnitTests\bin\x64\Debug\net472\VideoOS.Server.UnitTests.dll" adapterTypeName="executor://mstestadapter/v2" className="VideoOS.Server.UnitTests.Licensing.LicenseRequestChannelTests" name="ValidateLicenseCounts_ValidateWhitelistVersion_WithEmptyWhiteList" />
    </UnitTest>
    <UnitTest name="Recorder_Retrieve_List_Active_Recorders" storage="d:\actions-runner\_work\xpco\xpco\corporate\videoos.server.unittests\bin\x64\debug\net472\videoos.server.unittests.dll" id="52ab0249-26ba-cc96-610d-17f6ffa468ae">
      <Execution id="0fa51a5c-a2e8-45d3-8409-5da4d4e56e06" />
      <TestMethod codeBase="D:\actions-runner\_work\XPCO\XPCO\Corporate\VideoOS.Server.UnitTests\bin\x64\Debug\net472\VideoOS.Server.UnitTests.dll" adapterTypeName="executor://mstestadapter/v2" className="VideoOS.Server.UnitTests.Licensing.LicenseSnapshotTests" name="Recorder_Retrieve_List_Active_Recorders" />
    </UnitTest>
    <UnitTest name="HardwareLicense_AddExistingId_ReplacesCurrentLicense_Instance" storage="d:\actions-runner\_work\xpco\xpco\corporate\videoos.server.unittests\bin\x64\debug\net472\videoos.server.unittests.dll" id="fda3da24-7e24-e2c3-22c3-e1cac8cca284">
      <Execution id="d5f388ed-57e9-4f99-93d9-6ff51eadf7f0" />
      <TestMethod codeBase="D:\actions-runner\_work\XPCO\XPCO\Corporate\VideoOS.Server.UnitTests\bin\x64\Debug\net472\VideoOS.Server.UnitTests.dll" adapterTypeName="executor://mstestadapter/v2" className="VideoOS.Server.UnitTests.Licensing.LicenseSnapshotTests" name="HardwareLicense_AddExistingId_ReplacesCurrentLicense_Instance" />
    </UnitTest>
    <UnitTest name="Start_OutOfRange_ThrowsArgumentOutOfRangeException" storage="d:\actions-runner\_work\xpco\xpco\corporate\videoos.server.unittests\bin\x64\debug\net472\videoos.server.unittests.dll" id="ba4d0b9c-16c8-4e97-7a27-5de87c475a55">
      <Execution id="325e4d7a-b017-410d-bc82-7ff700e66a65" />
      <TestMethod codeBase="D:\actions-runner\_work\XPCO\XPCO\Corporate\VideoOS.Server.UnitTests\bin\x64\Debug\net472\VideoOS.Server.UnitTests.dll" adapterTypeName="executor://mstestadapter/v2" className="VideoOS.Server.UnitTests.Log.IdpLogRetrieverTests" name="Start_OutOfRange_ThrowsArgumentOutOfRangeException" />
    </UnitTest>
    <UnitTest name="GetHardwareUsersCommandHandler_Execute_WrongCommandOrNullParameters_Throws" storage="d:\actions-runner\_work\xpco\xpco\corporate\videoos.server.unittests\bin\x64\debug\net472\videoos.server.unittests.dll" id="0f9657cc-4402-2e71-fa6d-311b1f9f3738">
      <Execution id="a9f9b0c5-9c01-40e8-b5b2-b133f6a2ccae" />
      <TestMethod codeBase="D:\actions-runner\_work\XPCO\XPCO\Corporate\VideoOS.Server.UnitTests\bin\x64\Debug\net472\VideoOS.Server.UnitTests.dll" adapterTypeName="executor://mstestadapter/v2" className="VideoOS.Server.UnitTests.CommandHandler.GetHardwareUsersCommandHandlerUnitTests" name="GetHardwareUsersCommandHandler_Execute_WrongCommandOrNullParameters_Throws" />
    </UnitTest>
    <UnitTest name="IsActivationNeeded_True_DeviceAdded" storage="d:\actions-runner\_work\xpco\xpco\corporate\videoos.server.unittests\bin\x64\debug\net472\videoos.server.unittests.dll" id="f1765d29-d53f-8d02-a25d-e6d6684f550d">
      <TestCategory>
        <TestCategoryItem TestCategory="Licensing" />
      </TestCategory>
      <Execution id="fde626a2-93ff-4bf2-ab0f-57f951fbace4" />
      <TestMethod codeBase="D:\actions-runner\_work\XPCO\XPCO\Corporate\VideoOS.Server.UnitTests\bin\x64\Debug\net472\VideoOS.Server.UnitTests.dll" adapterTypeName="executor://mstestadapter/v2" className="VideoOS.Server.UnitTests.Licensing.LicenseManagerUnitTests" name="IsActivationNeeded_True_DeviceAdded" />
    </UnitTest>
    <UnitTest name="TotalReplacementLimit_ReturnsCorrectReplacementLimit" storage="d:\actions-runner\_work\xpco\xpco\corporate\videoos.server.unittests\bin\x64\debug\net472\videoos.server.unittests.dll" id="dee144f2-c923-9577-9616-7ae90de03971">
      <TestCategory>
        <TestCategoryItem TestCategory="Licensing" />
      </TestCategory>
      <Execution id="3e8444d5-0414-4779-be1d-64a3ad691ff8" />
      <TestMethod codeBase="D:\actions-runner\_work\XPCO\XPCO\Corporate\VideoOS.Server.UnitTests\bin\x64\Debug\net472\VideoOS.Server.UnitTests.dll" adapterTypeName="executor://mstestadapter/v2" className="VideoOS.Server.UnitTests.Licensing.LicenseManagerUnitTests" name="TotalReplacementLimit_ReturnsCorrectReplacementLimit" />
    </UnitTest>
    <UnitTest name="TaskHandling_InternalUpdateReparingTasks_NoExistingTask_NewTask" storage="d:\actions-runner\_work\xpco\xpco\corporate\videoos.server.unittests\bin\x64\debug\net472\videoos.server.unittests.dll" id="84beeaec-a55a-7a5a-a1f4-9278e25a84fd">
      <Execution id="ef93d2f4-19c8-4b98-b7bb-9f07605369c9" />
      <TestMethod codeBase="D:\actions-runner\_work\XPCO\XPCO\Corporate\VideoOS.Server.UnitTests\bin\x64\Debug\net472\VideoOS.Server.UnitTests.dll" adapterTypeName="executor://mstestadapter/v2" className="VideoOS.Server.UnitTests.Tasks.TaskHandlingUnitTests" name="TaskHandling_InternalUpdateReparingTasks_NoExistingTask_NewTask" />
    </UnitTest>
    <UnitTest name="AllocateLicensesNotActivated_WhitelistedDriver_Grace_TwoHardware_TwoCameras_OneLicense_OneHardwareUnlicensed_ValidateLicenseTypes" storage="d:\actions-runner\_work\xpco\xpco\corporate\videoos.server.unittests\bin\x64\debug\net472\videoos.server.unittests.dll" id="73046387-2950-c952-87c9-d824b259d8e4">
      <TestCategory>
        <TestCategoryItem TestCategory="Licensing" />
      </TestCategory>
      <Execution id="e85af70f-38f6-4504-99fb-7a48340683a8" />
      <TestMethod codeBase="D:\actions-runner\_work\XPCO\XPCO\Corporate\VideoOS.Server.UnitTests\bin\x64\Debug\net472\VideoOS.Server.UnitTests.dll" adapterTypeName="executor://mstestadapter/v2" className="VideoOS.Server.UnitTests.Licensing.LicenseAllocatorChannelTests" name="AllocateLicensesNotActivated_WhitelistedDriver_Grace_TwoHardware_TwoCameras_OneLicense_OneHardwareUnlicensed_ValidateLicenseTypes" />
    </UnitTest>
    <UnitTest name="HardwareLicense_SetExpire_NullHardwareInfo_Empty_Throws_ArgumentException" storage="d:\actions-runner\_work\xpco\xpco\corporate\videoos.server.unittests\bin\x64\debug\net472\videoos.server.unittests.dll" id="56d59fad-e683-8b23-2fac-75605595a2fb">
      <Execution id="b62a59b1-955e-4793-8ea3-d8d2f02eed06" />
      <TestMethod codeBase="D:\actions-runner\_work\XPCO\XPCO\Corporate\VideoOS.Server.UnitTests\bin\x64\Debug\net472\VideoOS.Server.UnitTests.dll" adapterTypeName="executor://mstestadapter/v2" className="VideoOS.Server.UnitTests.Licensing.LicenseSnapshotTests" name="HardwareLicense_SetExpire_NullHardwareInfo_Empty_Throws_ArgumentException" />
    </UnitTest>
    <UnitTest name="HardwareInCWANotOnWhiteList_ReplacedWithNoInheritance_HardwareNotOnWhiteList_CWAAllowed_FewerChannelsOnReplacedHardware_AllDevicesInCWA" storage="d:\actions-runner\_work\xpco\xpco\corporate\videoos.server.unittests\bin\x64\debug\net472\videoos.server.unittests.dll" id="9d8a588f-3c31-3abc-34a4-267dbbb20587">
      <TestCategory>
        <TestCategoryItem TestCategory="Licensing Replace Hardware" />
        <TestCategoryItem TestCategory="Licensing" />
      </TestCategory>
      <Execution id="9ee6d8af-bcb8-497c-9682-8cf469675875" />
      <TestMethod codeBase="D:\actions-runner\_work\XPCO\XPCO\Corporate\VideoOS.Server.UnitTests\bin\x64\Debug\net472\VideoOS.Server.UnitTests.dll" adapterTypeName="executor://mstestadapter/v2" className="VideoOS.Server.UnitTests.Licensing.LicenseAllocatorChannelTests" name="HardwareInCWANotOnWhiteList_ReplacedWithNoInheritance_HardwareNotOnWhiteList_CWAAllowed_FewerChannelsOnReplacedHardware_AllDevicesInCWA" />
    </UnitTest>
    <UnitTest name="HardwareInCWAOnWhiteList_ReplacedWithNoInheritance_HardwareOnWhiteList_NoMoreCWAAllowed_NewHardwareInGrace" storage="d:\actions-runner\_work\xpco\xpco\corporate\videoos.server.unittests\bin\x64\debug\net472\videoos.server.unittests.dll" id="09a55fcb-0eee-e804-a52c-b0d4bf548464">
      <TestCategory>
        <TestCategoryItem TestCategory="Licensing Replace Hardware" />
        <TestCategoryItem TestCategory="Licensing" />
      </TestCategory>
      <Execution id="a8d5e58f-d1a4-4053-8f6b-fc1fd425c2f1" />
      <TestMethod codeBase="D:\actions-runner\_work\XPCO\XPCO\Corporate\VideoOS.Server.UnitTests\bin\x64\Debug\net472\VideoOS.Server.UnitTests.dll" adapterTypeName="executor://mstestadapter/v2" className="VideoOS.Server.UnitTests.Licensing.LicenseAllocatorChannelTests" name="HardwareInCWAOnWhiteList_ReplacedWithNoInheritance_HardwareOnWhiteList_NoMoreCWAAllowed_NewHardwareInGrace" />
    </UnitTest>
    <UnitTest name="AllocateLicenses_NotActivated_OnFourHardwareAndFiveCameraChannels_ThreeGraceTwoExpiredLicenses" storage="d:\actions-runner\_work\xpco\xpco\corporate\videoos.server.unittests\bin\x64\debug\net472\videoos.server.unittests.dll" id="45bfd892-7f6f-30af-fe3f-230ce4ba5dff">
      <TestCategory>
        <TestCategoryItem TestCategory="Licensing" />
      </TestCategory>
      <Execution id="2a42b2b0-b46c-43db-aaa6-e04569844586" />
      <TestMethod codeBase="D:\actions-runner\_work\XPCO\XPCO\Corporate\VideoOS.Server.UnitTests\bin\x64\Debug\net472\VideoOS.Server.UnitTests.dll" adapterTypeName="executor://mstestadapter/v2" className="VideoOS.Server.UnitTests.Licensing.LicenseAllocatorChannelTests" name="AllocateLicenses_NotActivated_OnFourHardwareAndFiveCameraChannels_ThreeGraceTwoExpiredLicenses" />
    </UnitTest>
    <UnitTest name="GenerateLicenseRequestAsXml_DeviceChannelCountInXml_OneLicenseCountWithModelNameOnWhitelist" storage="d:\actions-runner\_work\xpco\xpco\corporate\videoos.server.unittests\bin\x64\debug\net472\videoos.server.unittests.dll" id="663ccd25-8649-6289-5931-2e4826a29b90">
      <TestCategory>
        <TestCategoryItem TestCategory="Licensing" />
      </TestCategory>
      <Execution id="4444d5b9-9a4f-4d93-b634-29f31476d5db" />
      <TestMethod codeBase="D:\actions-runner\_work\XPCO\XPCO\Corporate\VideoOS.Server.UnitTests\bin\x64\Debug\net472\VideoOS.Server.UnitTests.dll" adapterTypeName="executor://mstestadapter/v2" className="VideoOS.Server.UnitTests.Licensing.LicenseRequestChannelTests" name="GenerateLicenseRequestAsXml_DeviceChannelCountInXml_OneLicenseCountWithModelNameOnWhitelist" />
    </UnitTest>
    <UnitTest name="Find_NonICPHardware_ThatIsInGrace_ExpectedToFindOneHardware" storage="d:\actions-runner\_work\xpco\xpco\corporate\videoos.server.unittests\bin\x64\debug\net472\videoos.server.unittests.dll" id="d3bfedf2-72e8-cff3-0316-cd925068f363">
      <Execution id="9a740599-82e0-4fff-8c3a-9f6d686999d1" />
      <TestMethod codeBase="D:\actions-runner\_work\XPCO\XPCO\Corporate\VideoOS.Server.UnitTests\bin\x64\Debug\net472\VideoOS.Server.UnitTests.dll" adapterTypeName="executor://mstestadapter/v2" className="VideoOS.Server.UnitTests.Licensing.LicenseSnapshotTests" name="Find_NonICPHardware_ThatIsInGrace_ExpectedToFindOneHardware" />
    </UnitTest>
    <UnitTest name="HardwareInCWAOnWhiteList_ReplacedWithInheritance_HardwareNotOnWhiteList_NoMoreCWAAllowed_FewerChannelsOnReplacedHardware_NewDevicesInGrace" storage="d:\actions-runner\_work\xpco\xpco\corporate\videoos.server.unittests\bin\x64\debug\net472\videoos.server.unittests.dll" id="eb2612ac-8d6d-4d65-558d-64fe1b7124ea">
      <TestCategory>
        <TestCategoryItem TestCategory="Licensing Replace Hardware" />
        <TestCategoryItem TestCategory="Licensing" />
      </TestCategory>
      <Execution id="82999c32-98a7-4d04-96be-b3dab3d68979" />
      <TestMethod codeBase="D:\actions-runner\_work\XPCO\XPCO\Corporate\VideoOS.Server.UnitTests\bin\x64\Debug\net472\VideoOS.Server.UnitTests.dll" adapterTypeName="executor://mstestadapter/v2" className="VideoOS.Server.UnitTests.Licensing.LicenseAllocatorChannelTests" name="HardwareInCWAOnWhiteList_ReplacedWithInheritance_HardwareNotOnWhiteList_NoMoreCWAAllowed_FewerChannelsOnReplacedHardware_NewDevicesInGrace" />
    </UnitTest>
    <UnitTest name="ProcessConfigurationChangeTasks_InsertUpdateUpdate_Updates_Batched" storage="d:\actions-runner\_work\xpco\xpco\corporate\videoos.server.unittests\bin\x64\debug\net472\videoos.server.unittests.dll" id="77eb0b86-06ef-45b3-c214-4c40661ad61b">
      <Execution id="91fd17bc-ef15-41fe-a07b-6fa9d3d636e3" />
      <TestMethod codeBase="D:\actions-runner\_work\XPCO\XPCO\Corporate\VideoOS.Server.UnitTests\bin\x64\Debug\net472\VideoOS.Server.UnitTests.dll" adapterTypeName="executor://mstestadapter/v2" className="VideoOS.Server.UnitTests.Tasks.ServerTaskBatchHandlerUnitTests" name="ProcessConfigurationChangeTasks_InsertUpdateUpdate_Updates_Batched" />
    </UnitTest>
    <UnitTest name="ExecuteMipAction2Command_ModelIsNull_BadRequestResult" storage="d:\actions-runner\_work\xpco\xpco\corporate\videoos.server.unittests\bin\x64\debug\net472\videoos.server.unittests.dll" id="1bcab4f7-cc1a-04c2-9e62-a8ca303cc7c3">
      <Execution id="03e734a3-e76d-476a-99b6-8b86ccc08f4f" />
      <TestMethod codeBase="D:\actions-runner\_work\XPCO\XPCO\Corporate\VideoOS.Server.UnitTests\bin\x64\Debug\net472\VideoOS.Server.UnitTests.dll" adapterTypeName="executor://mstestadapter/v2" className="VideoOS.Server.UnitTests.RuleCommandsControllerTests" name="ExecuteMipAction2Command_ModelIsNull_BadRequestResult" />
    </UnitTest>
    <UnitTest name="HardwareScanTaskCommandHandler_Execute_RecorderUnavailable_FailResponse" storage="d:\actions-runner\_work\xpco\xpco\corporate\videoos.server.unittests\bin\x64\debug\net472\videoos.server.unittests.dll" id="698f55e3-ba67-c8d6-05d5-1077a48743c7">
      <Execution id="1d64720a-4611-4beb-b0d0-0f357bd75222" />
      <TestMethod codeBase="D:\actions-runner\_work\XPCO\XPCO\Corporate\VideoOS.Server.UnitTests\bin\x64\Debug\net472\VideoOS.Server.UnitTests.dll" adapterTypeName="executor://mstestadapter/v2" className="VideoOS.Server.UnitTests.CommandHandler.HardwareScanTaskCommandHandlerTest" name="HardwareScanTaskCommandHandler_Execute_RecorderUnavailable_FailResponse" />
    </UnitTest>
    <UnitTest name="EvidenceLockUpdateScheduler_FullCheckTimerCallback_Issues_Command" storage="d:\actions-runner\_work\xpco\xpco\corporate\videoos.server.unittests\bin\x64\debug\net472\videoos.server.unittests.dll" id="219b580c-7496-f80c-c908-a3faae2d455d">
      <Execution id="d3a2b1c4-3c1c-476c-a1e5-09c7a68e4f44" />
      <TestMethod codeBase="D:\actions-runner\_work\XPCO\XPCO\Corporate\VideoOS.Server.UnitTests\bin\x64\Debug\net472\VideoOS.Server.UnitTests.dll" adapterTypeName="executor://mstestadapter/v2" className="VideoOS.Server.UnitTests.EvidenceLockUpdateSchedulerUnitTests" name="EvidenceLockUpdateScheduler_FullCheckTimerCallback_Issues_Command" />
    </UnitTest>
    <UnitTest name="EvidenceLockUpdateScheduler_Constructor_Null_ThrowsArgumentNullException" storage="d:\actions-runner\_work\xpco\xpco\corporate\videoos.server.unittests\bin\x64\debug\net472\videoos.server.unittests.dll" id="b2db2538-b072-4613-6c1f-0d2570bcfec3">
      <Execution id="029942ee-2cc1-45dc-aa50-99072c435ffd" />
      <TestMethod codeBase="D:\actions-runner\_work\XPCO\XPCO\Corporate\VideoOS.Server.UnitTests\bin\x64\Debug\net472\VideoOS.Server.UnitTests.dll" adapterTypeName="executor://mstestadapter/v2" className="VideoOS.Server.UnitTests.EvidenceLockUpdateSchedulerUnitTests" name="EvidenceLockUpdateScheduler_Constructor_Null_ThrowsArgumentNullException" />
    </UnitTest>
    <UnitTest name="UpdateReadOnlySettings_ModelIsValid_CommandExecuted" storage="d:\actions-runner\_work\xpco\xpco\corporate\videoos.server.unittests\bin\x64\debug\net472\videoos.server.unittests.dll" id="4a7c2bdf-ce23-9336-545f-1fa2b8f89c3d">
      <Execution id="1e7c5acb-6f33-4b73-ba5d-92d4abda04eb" />
      <TestMethod codeBase="D:\actions-runner\_work\XPCO\XPCO\Corporate\VideoOS.Server.UnitTests\bin\x64\Debug\net472\VideoOS.Server.UnitTests.dll" adapterTypeName="executor://mstestadapter/v2" className="VideoOS.Server.UnitTests.WebApi.Controllers.HardwareCommandsControllerTests" name="UpdateReadOnlySettings_ModelIsValid_CommandExecuted" />
    </UnitTest>
    <UnitTest name="HardwareActivatedNotOnWhiteList_ReplacedWith_HardwareNotOnWhiteList_NoCameraChannelsInCWA" storage="d:\actions-runner\_work\xpco\xpco\corporate\videoos.server.unittests\bin\x64\debug\net472\videoos.server.unittests.dll" id="df74db5f-c82f-c4c0-40a8-80b8e4dba499">
      <TestCategory>
        <TestCategoryItem TestCategory="Licensing Replace Hardware" />
        <TestCategoryItem TestCategory="Licensing" />
      </TestCategory>
      <Execution id="5d631539-98c3-41c6-9b60-fb3fb62bd15e" />
      <TestMethod codeBase="D:\actions-runner\_work\XPCO\XPCO\Corporate\VideoOS.Server.UnitTests\bin\x64\Debug\net472\VideoOS.Server.UnitTests.dll" adapterTypeName="executor://mstestadapter/v2" className="VideoOS.Server.UnitTests.Licensing.LicenseAllocatorChannelTests" name="HardwareActivatedNotOnWhiteList_ReplacedWith_HardwareNotOnWhiteList_NoCameraChannelsInCWA" />
    </UnitTest>
    <UnitTest name="HardwareSetupErrorResponse_ModelIsNull_BadRequestResult" storage="d:\actions-runner\_work\xpco\xpco\corporate\videoos.server.unittests\bin\x64\debug\net472\videoos.server.unittests.dll" id="171856fa-1167-5209-7892-35844f4128ab">
      <Execution id="01f1aaad-bbbe-4a64-a6d3-274e5080ba2e" />
      <TestMethod codeBase="D:\actions-runner\_work\XPCO\XPCO\Corporate\VideoOS.Server.UnitTests\bin\x64\Debug\net472\VideoOS.Server.UnitTests.dll" adapterTypeName="executor://mstestadapter/v2" className="VideoOS.Server.UnitTests.WebApi.ResponseControllerTest" name="HardwareSetupErrorResponse_ModelIsNull_BadRequestResult" />
    </UnitTest>
    <UnitTest name="ReportManualRecordingStateCommand_ModelValid_RecorderNotFoundException_Handled" storage="d:\actions-runner\_work\xpco\xpco\corporate\videoos.server.unittests\bin\x64\debug\net472\videoos.server.unittests.dll" id="3bbcc241-05a1-26d1-f42f-481535a2e59b">
      <Execution id="a8a3f329-35c0-4304-b1b8-561a9ff6cf6d" />
      <TestMethod codeBase="D:\actions-runner\_work\XPCO\XPCO\Corporate\VideoOS.Server.UnitTests\bin\x64\Debug\net472\VideoOS.Server.UnitTests.dll" adapterTypeName="executor://mstestadapter/v2" className="VideoOS.Server.UnitTests.DatabaseCommandsControllerTests" name="ReportManualRecordingStateCommand_ModelValid_RecorderNotFoundException_Handled" />
    </UnitTest>
    <UnitTest name="GetTotalReplacementLimit_ReturnsPercentageTimeNoCamerasRoundedDown_OnPercentageInTheMiddle" storage="d:\actions-runner\_work\xpco\xpco\corporate\videoos.server.unittests\bin\x64\debug\net472\videoos.server.unittests.dll" id="d42b2979-2947-eec2-a25c-a15c35e71fbb">
      <TestCategory>
        <TestCategoryItem TestCategory="ReplacementLimit" />
      </TestCategory>
      <Execution id="1840221b-8a05-4393-befb-81bd4834073b" />
      <TestMethod codeBase="D:\actions-runner\_work\XPCO\XPCO\Corporate\VideoOS.Server.UnitTests\bin\x64\Debug\net472\VideoOS.Server.UnitTests.dll" adapterTypeName="executor://mstestadapter/v2" className="VideoOS.Server.UnitTests.Licensing.ReplacementLimitTests" name="GetTotalReplacementLimit_ReturnsPercentageTimeNoCamerasRoundedDown_OnPercentageInTheMiddle" />
    </UnitTest>
    <UnitTest name="HardwareActivatedNotOnWhiteList_ReplacedWithInheritance_HardwareNotOnWhiteList_CWAAllowed_AllDevicesInCWA" storage="d:\actions-runner\_work\xpco\xpco\corporate\videoos.server.unittests\bin\x64\debug\net472\videoos.server.unittests.dll" id="f99a2604-91a6-b97b-4bbb-69bcf34588de">
      <TestCategory>
        <TestCategoryItem TestCategory="Licensing Replace Hardware" />
        <TestCategoryItem TestCategory="Licensing" />
      </TestCategory>
      <Execution id="989fb709-d2ca-4d1d-bdeb-169cf59c996d" />
      <TestMethod codeBase="D:\actions-runner\_work\XPCO\XPCO\Corporate\VideoOS.Server.UnitTests\bin\x64\Debug\net472\VideoOS.Server.UnitTests.dll" adapterTypeName="executor://mstestadapter/v2" className="VideoOS.Server.UnitTests.Licensing.LicenseAllocatorChannelTests" name="HardwareActivatedNotOnWhiteList_ReplacedWithInheritance_HardwareNotOnWhiteList_CWAAllowed_AllDevicesInCWA" />
    </UnitTest>
    <UnitTest name="Dispose_Disposing_DisposesIdpAdministrationClient" storage="d:\actions-runner\_work\xpco\xpco\corporate\videoos.server.unittests\bin\x64\debug\net472\videoos.server.unittests.dll" id="bb451fc7-c0fc-b71f-3b0d-45a13d1a772a">
      <Execution id="bbff0557-ba23-4f14-998d-ce980ba3066f" />
      <TestMethod codeBase="D:\actions-runner\_work\XPCO\XPCO\Corporate\VideoOS.Server.UnitTests\bin\x64\Debug\net472\VideoOS.Server.UnitTests.dll" adapterTypeName="executor://mstestadapter/v2" className="VideoOS.Server.UnitTests.Log.IdpLogRetrieverTests" name="Dispose_Disposing_DisposesIdpAdministrationClient" />
    </UnitTest>
    <UnitTest name="DeleteHardwareUserCommandHandler_Execute_ReturnsFailResponseOnEmptyRecorderServiceId" storage="d:\actions-runner\_work\xpco\xpco\corporate\videoos.server.unittests\bin\x64\debug\net472\videoos.server.unittests.dll" id="0041bc30-654c-1090-f6ad-03a3662d3113">
      <Execution id="1d73d3b7-beb0-44bd-ab6c-f52d2c23ce6c" />
      <TestMethod codeBase="D:\actions-runner\_work\XPCO\XPCO\Corporate\VideoOS.Server.UnitTests\bin\x64\Debug\net472\VideoOS.Server.UnitTests.dll" adapterTypeName="executor://mstestadapter/v2" className="VideoOS.Server.UnitTests.CommandHandler.DeleteHardwareUserCommandHandlerServerTests" name="DeleteHardwareUserCommandHandler_Execute_ReturnsFailResponseOnEmptyRecorderServiceId" />
    </UnitTest>
    <UnitTest name="AnalyzeAndCreateAuditLogs_NoChanges_ReturnsNoLogs" storage="d:\actions-runner\_work\xpco\xpco\corporate\videoos.server.unittests\bin\x64\debug\net472\videoos.server.unittests.dll" id="ec76914c-b2be-738f-f4ff-541ff915f7d0">
      <Execution id="ad9ad204-c30a-4a07-beab-8a6265384c48" />
      <TestMethod codeBase="D:\actions-runner\_work\XPCO\XPCO\Corporate\VideoOS.Server.UnitTests\bin\x64\Debug\net472\VideoOS.Server.UnitTests.dll" adapterTypeName="executor://mstestadapter/v2" className="VideoOS.Server.UnitTests.CommandHandler.DataSetAuditLogAnalyzerTests" name="AnalyzeAndCreateAuditLogs_NoChanges_ReturnsNoLogs" />
    </UnitTest>
    <UnitTest name="ChangeHardwarePasswordRuleAction_Execute_TwoRuns_NoErrorsLogged" storage="d:\actions-runner\_work\xpco\xpco\corporate\videoos.server.unittests\bin\x64\debug\net472\videoos.server.unittests.dll" id="aa95d3e0-9e62-a140-03a8-fd8c7afa3a9a">
      <Execution id="18c4b9b4-a1f2-4377-8729-e95bd809e2be" />
      <TestMethod codeBase="D:\actions-runner\_work\XPCO\XPCO\Corporate\VideoOS.Server.UnitTests\bin\x64\Debug\net472\VideoOS.Server.UnitTests.dll" adapterTypeName="executor://mstestadapter/v2" className="VideoOS.Server.UnitTests.RuleActions.ChangeHardwarePasswordRuleActionUnitTests" name="ChangeHardwarePasswordRuleAction_Execute_TwoRuns_NoErrorsLogged" />
    </UnitTest>
    <UnitTest name="SessionDataManager_Remove_NullCheck" storage="d:\actions-runner\_work\xpco\xpco\corporate\videoos.server.unittests\bin\x64\debug\net472\videoos.server.unittests.dll" id="acb1ab8e-53d8-0188-b905-0ea66e54576d">
      <Execution id="32268ef3-59d7-4139-a495-ceeb6177011b" />
      <TestMethod codeBase="D:\actions-runner\_work\XPCO\XPCO\Corporate\VideoOS.Server.UnitTests\bin\x64\Debug\net472\VideoOS.Server.UnitTests.dll" adapterTypeName="executor://mstestadapter/v2" className="VideoOS.Server.UnitTests.Tasks.SessionDataManagerTests" name="SessionDataManager_Remove_NullCheck" />
    </UnitTest>
    <UnitTest name="Validate_ClearChangesWithoutActivation_RemovesAllHardware" storage="d:\actions-runner\_work\xpco\xpco\corporate\videoos.server.unittests\bin\x64\debug\net472\videoos.server.unittests.dll" id="b410cf7e-70d6-adc4-66dc-3cf5e3125c63">
      <TestCategory>
        <TestCategoryItem TestCategory="Licensing" />
      </TestCategory>
      <Execution id="7efb86ee-06ca-4d6b-b711-70dbb960950d" />
      <TestMethod codeBase="D:\actions-runner\_work\XPCO\XPCO\Corporate\VideoOS.Server.UnitTests\bin\x64\Debug\net472\VideoOS.Server.UnitTests.dll" adapterTypeName="executor://mstestadapter/v2" className="VideoOS.Server.UnitTests.Licensing.LicenseCountManagerUnitTests" name="Validate_ClearChangesWithoutActivation_RemovesAllHardware" />
    </UnitTest>
    <UnitTest name="PrepareMoveHardwareResponse_ModelIsValid_CommandExecuted" storage="d:\actions-runner\_work\xpco\xpco\corporate\videoos.server.unittests\bin\x64\debug\net472\videoos.server.unittests.dll" id="c199b950-0fe6-f2e5-8d0f-5590a7fb8eef">
      <Execution id="c4330124-0e04-4a95-a507-a0617115694a" />
      <TestMethod codeBase="D:\actions-runner\_work\XPCO\XPCO\Corporate\VideoOS.Server.UnitTests\bin\x64\Debug\net472\VideoOS.Server.UnitTests.dll" adapterTypeName="executor://mstestadapter/v2" className="VideoOS.Server.UnitTests.WebApi.ResponseControllerTest" name="PrepareMoveHardwareResponse_ModelIsValid_CommandExecuted" />
    </UnitTest>
    <UnitTest name="HardwareScanExpressTaskCommandHandler_Execute_TaskProgress" storage="d:\actions-runner\_work\xpco\xpco\corporate\videoos.server.unittests\bin\x64\debug\net472\videoos.server.unittests.dll" id="84086de1-0de3-51f6-6e64-d0bd856fd624">
      <Execution id="ca2e25d2-2414-4912-9fb4-46fe85de61cb" />
      <TestMethod codeBase="D:\actions-runner\_work\XPCO\XPCO\Corporate\VideoOS.Server.UnitTests\bin\x64\Debug\net472\VideoOS.Server.UnitTests.dll" adapterTypeName="executor://mstestadapter/v2" className="VideoOS.Server.UnitTests.CommandHandler.HardwareScanExpressTaskCommandHandlerTest" name="HardwareScanExpressTaskCommandHandler_Execute_TaskProgress" />
    </UnitTest>
    <UnitTest name="AnalyzeAndCreateAuditLogs_AddedSecurityPermissionsDeviceRowWithDEVICEPTZPRIORITYAtrribute_ReturnsTwoAuditLog" storage="d:\actions-runner\_work\xpco\xpco\corporate\videoos.server.unittests\bin\x64\debug\net472\videoos.server.unittests.dll" id="026aa8ec-95c1-a014-58a4-949aa82d868a">
      <Execution id="dc5ee0c6-4fa4-48ce-9ef0-33dcf6621a6c" />
      <TestMethod codeBase="D:\actions-runner\_work\XPCO\XPCO\Corporate\VideoOS.Server.UnitTests\bin\x64\Debug\net472\VideoOS.Server.UnitTests.dll" adapterTypeName="executor://mstestadapter/v2" className="VideoOS.Server.UnitTests.CommandHandler.DataSetAuditLogAnalyzerTests" name="AnalyzeAndCreateAuditLogs_AddedSecurityPermissionsDeviceRowWithDEVICEPTZPRIORITYAtrribute_ReturnsTwoAuditLog" />
    </UnitTest>
    <UnitTest name="ChangeIdpAdminTaskCommandHandlerTests_Execute_Remove_Succeeded" storage="d:\actions-runner\_work\xpco\xpco\corporate\videoos.server.unittests\bin\x64\debug\net472\videoos.server.unittests.dll" id="c0f145c0-e6f0-d20f-96c8-75e1892a7c37">
      <Execution id="eb137cd9-44ea-4761-893e-0aabe8694737" />
      <TestMethod codeBase="D:\actions-runner\_work\XPCO\XPCO\Corporate\VideoOS.Server.UnitTests\bin\x64\Debug\net472\VideoOS.Server.UnitTests.dll" adapterTypeName="executor://mstestadapter/v2" className="VideoOS.Server.UnitTests.CommandHandler.ChangeIdpAdminTaskCommandHandlerTests" name="ChangeIdpAdminTaskCommandHandlerTests_Execute_Remove_Succeeded" />
    </UnitTest>
    <UnitTest name="TaskHandling_InternalUpdateReparingTasks_TaskStartTimeNoMatch_ReplaceTask" storage="d:\actions-runner\_work\xpco\xpco\corporate\videoos.server.unittests\bin\x64\debug\net472\videoos.server.unittests.dll" id="58ce9239-f749-5400-4d5d-9d2b044bbae5">
      <Execution id="5f1ef214-d358-4a4e-a985-824ae24071f8" />
      <TestMethod codeBase="D:\actions-runner\_work\XPCO\XPCO\Corporate\VideoOS.Server.UnitTests\bin\x64\Debug\net472\VideoOS.Server.UnitTests.dll" adapterTypeName="executor://mstestadapter/v2" className="VideoOS.Server.UnitTests.Tasks.TaskHandlingUnitTests" name="TaskHandling_InternalUpdateReparingTasks_TaskStartTimeNoMatch_ReplaceTask" />
    </UnitTest>
    <UnitTest name="CalculateFeeds_Success_EmptyWhiteList_Interconnected_TwoDevices" storage="d:\actions-runner\_work\xpco\xpco\corporate\videoos.server.unittests\bin\x64\debug\net472\videoos.server.unittests.dll" id="a25814f3-d627-807b-5776-fa66c12c734e">
      <TestCategory>
        <TestCategoryItem TestCategory="Licensing" />
      </TestCategory>
      <Execution id="28d27897-1e36-4698-95e3-9761fd429fe2" />
      <TestMethod codeBase="D:\actions-runner\_work\XPCO\XPCO\Corporate\VideoOS.Server.UnitTests\bin\x64\Debug\net472\VideoOS.Server.UnitTests.dll" adapterTypeName="executor://mstestadapter/v2" className="VideoOS.Server.UnitTests.Licensing.LicenseRequestChannelTests" name="CalculateFeeds_Success_EmptyWhiteList_Interconnected_TwoDevices" />
    </UnitTest>
    <UnitTest name="Ctor_SequencesComponentNull_ThrowsArgumentNullException" storage="d:\actions-runner\_work\xpco\xpco\corporate\videoos.server.unittests\bin\x64\debug\net472\videoos.server.unittests.dll" id="37fce9a1-160d-3d00-91df-c36cdcd7b891">
      <Execution id="2b996080-f410-4259-9bcc-5a3769ca75c6" />
      <TestMethod codeBase="D:\actions-runner\_work\XPCO\XPCO\Corporate\VideoOS.Server.UnitTests\bin\x64\Debug\net472\VideoOS.Server.UnitTests.dll" adapterTypeName="executor://mstestadapter/v2" className="VideoOS.Server.UnitTests.Log.IdpLogRetrieverTests" name="Ctor_SequencesComponentNull_ThrowsArgumentNullException" />
    </UnitTest>
    <UnitTest name="Simulate_ActivatedICPHardware_VariousDevices_DisableAndEnable_CountsCorrectly_AllocatesCorrectRecorderLicenseType" storage="d:\actions-runner\_work\xpco\xpco\corporate\videoos.server.unittests\bin\x64\debug\net472\videoos.server.unittests.dll" id="235a6a97-15ca-0bdb-be3c-2d790318c044">
      <TestCategory>
        <TestCategoryItem TestCategory="Licensing" />
      </TestCategory>
      <Execution id="b7b56f9f-d689-49fb-ae16-7230a264f5be" />
      <TestMethod codeBase="D:\actions-runner\_work\XPCO\XPCO\Corporate\VideoOS.Server.UnitTests\bin\x64\Debug\net472\VideoOS.Server.UnitTests.dll" adapterTypeName="executor://mstestadapter/v2" className="VideoOS.Server.UnitTests.Licensing.LicenseAllocatorChannelTests" name="Simulate_ActivatedICPHardware_VariousDevices_DisableAndEnable_CountsCorrectly_AllocatesCorrectRecorderLicenseType" />
    </UnitTest>
    <UnitTest name="HardwareInGraceNotOnWhiteList_ReplacedWith_HardwareNotOnWhiteList_NoDevicesOnNewHardware_ShouldGiveHardwareNewGracePeriod" storage="d:\actions-runner\_work\xpco\xpco\corporate\videoos.server.unittests\bin\x64\debug\net472\videoos.server.unittests.dll" id="4240e0a8-d309-dd29-49d4-e57d0f8aff14">
      <TestCategory>
        <TestCategoryItem TestCategory="Licensing Replace Hardware" />
        <TestCategoryItem TestCategory="Licensing" />
      </TestCategory>
      <Execution id="573c3af6-bc6c-49f7-9d29-6dec49d5759f" />
      <TestMethod codeBase="D:\actions-runner\_work\XPCO\XPCO\Corporate\VideoOS.Server.UnitTests\bin\x64\Debug\net472\VideoOS.Server.UnitTests.dll" adapterTypeName="executor://mstestadapter/v2" className="VideoOS.Server.UnitTests.Licensing.LicenseAllocatorChannelTests" name="HardwareInGraceNotOnWhiteList_ReplacedWith_HardwareNotOnWhiteList_NoDevicesOnNewHardware_ShouldGiveHardwareNewGracePeriod" />
    </UnitTest>
    <UnitTest name="CheckConfigurationDataSetTest_BookmarkNotLicensedFail" storage="d:\actions-runner\_work\xpco\xpco\corporate\videoos.server.unittests\bin\x64\debug\net472\videoos.server.unittests.dll" id="c3beedb4-5102-026d-a724-891c471d87e4">
      <Execution id="dc3c6fd1-7055-4b89-8de8-92882917ea9f" />
      <TestMethod codeBase="D:\actions-runner\_work\XPCO\XPCO\Corporate\VideoOS.Server.UnitTests\bin\x64\Debug\net472\VideoOS.Server.UnitTests.dll" adapterTypeName="executor://mstestadapter/v2" className="VideoOS.Server.UnitTests.Licensing.LicenseFeatureCheckerTest" name="CheckConfigurationDataSetTest_BookmarkNotLicensedFail" />
    </UnitTest>
    <UnitTest name="RegisterSessionFailedResponse_ModelIsNull_BadRequestResult" storage="d:\actions-runner\_work\xpco\xpco\corporate\videoos.server.unittests\bin\x64\debug\net472\videoos.server.unittests.dll" id="2d82bace-d18b-8cb6-ec46-f30189d0e969">
      <Execution id="4a0ac77d-512f-4fb4-bf0e-2cc843bcf9d3" />
      <TestMethod codeBase="D:\actions-runner\_work\XPCO\XPCO\Corporate\VideoOS.Server.UnitTests\bin\x64\Debug\net472\VideoOS.Server.UnitTests.dll" adapterTypeName="executor://mstestadapter/v2" className="VideoOS.Server.UnitTests.WebApi.ResponseControllerTest" name="RegisterSessionFailedResponse_ModelIsNull_BadRequestResult" />
    </UnitTest>
    <UnitTest name="HardwareInCWAOnWhiteList_ReplacedWithNoInheritance_HardwareOnWhiteList_MixedCWAAllowed_NewHardwareInCWA" storage="d:\actions-runner\_work\xpco\xpco\corporate\videoos.server.unittests\bin\x64\debug\net472\videoos.server.unittests.dll" id="12463717-fdb4-887f-a3c5-92afa97914e4">
      <TestCategory>
        <TestCategoryItem TestCategory="Licensing Replace Hardware" />
        <TestCategoryItem TestCategory="Licensing" />
      </TestCategory>
      <Execution id="11f0a93b-9cc2-45ee-8dd3-3114f0799df7" />
      <TestMethod codeBase="D:\actions-runner\_work\XPCO\XPCO\Corporate\VideoOS.Server.UnitTests\bin\x64\Debug\net472\VideoOS.Server.UnitTests.dll" adapterTypeName="executor://mstestadapter/v2" className="VideoOS.Server.UnitTests.Licensing.LicenseAllocatorChannelTests" name="HardwareInCWAOnWhiteList_ReplacedWithNoInheritance_HardwareOnWhiteList_MixedCWAAllowed_NewHardwareInCWA" />
    </UnitTest>
    <UnitTest name="ProcessConfigurationChangeTasks_UpdateUpdateInsert_Updates_Batched" storage="d:\actions-runner\_work\xpco\xpco\corporate\videoos.server.unittests\bin\x64\debug\net472\videoos.server.unittests.dll" id="7978f97c-bec6-8028-3064-2cf03c413372">
      <Execution id="e98b5d75-00a9-45b5-8b6e-dfbc3de958a7" />
      <TestMethod codeBase="D:\actions-runner\_work\XPCO\XPCO\Corporate\VideoOS.Server.UnitTests\bin\x64\Debug\net472\VideoOS.Server.UnitTests.dll" adapterTypeName="executor://mstestadapter/v2" className="VideoOS.Server.UnitTests.Tasks.ServerTaskBatchHandlerUnitTests" name="ProcessConfigurationChangeTasks_UpdateUpdateInsert_Updates_Batched" />
    </UnitTest>
    <UnitTest name="Start_IdpClientReturnsOneLog_LogReceiverIsPassedConvertedLog" storage="d:\actions-runner\_work\xpco\xpco\corporate\videoos.server.unittests\bin\x64\debug\net472\videoos.server.unittests.dll" id="cef0612a-25e2-591d-1be7-84900295fc1b">
      <Execution id="54e30319-9bf3-4e22-acda-8fc7a3abe1c8" />
      <TestMethod codeBase="D:\actions-runner\_work\XPCO\XPCO\Corporate\VideoOS.Server.UnitTests\bin\x64\Debug\net472\VideoOS.Server.UnitTests.dll" adapterTypeName="executor://mstestadapter/v2" className="VideoOS.Server.UnitTests.Log.IdpLogRetrieverTests" name="Start_IdpClientReturnsOneLog_LogReceiverIsPassedConvertedLog" />
    </UnitTest>
    <UnitTest name="LicenseInformation_ToXml_FromXml_Success" storage="d:\actions-runner\_work\xpco\xpco\corporate\videoos.server.unittests\bin\x64\debug\net472\videoos.server.unittests.dll" id="3fde29d6-b00e-e198-01ad-3fbbe5dfc2fd">
      <TestCategory>
        <TestCategoryItem TestCategory="Licensing" />
      </TestCategory>
      <Execution id="9b51ffa6-d09b-4e42-bec8-1d70a76e07f6" />
      <TestMethod codeBase="D:\actions-runner\_work\XPCO\XPCO\Corporate\VideoOS.Server.UnitTests\bin\x64\Debug\net472\VideoOS.Server.UnitTests.dll" adapterTypeName="executor://mstestadapter/v2" className="VideoOS.Server.UnitTests.Licensing.LicenseInformationUnitTests" name="LicenseInformation_ToXml_FromXml_Success" />
    </UnitTest>
    <UnitTest name="QueueAutomaticActivation_QueuesNewActivation_OnFirstCall" storage="d:\actions-runner\_work\xpco\xpco\corporate\videoos.server.unittests\bin\x64\debug\net472\videoos.server.unittests.dll" id="4e49a046-f54e-4cc2-9d84-c8faf2cba8c3">
      <TestCategory>
        <TestCategoryItem TestCategory="Licensing" />
      </TestCategory>
      <Execution id="1e04a04d-9c2a-4860-ab75-438c94e6cef9" />
      <TestMethod codeBase="D:\actions-runner\_work\XPCO\XPCO\Corporate\VideoOS.Server.UnitTests\bin\x64\Debug\net472\VideoOS.Server.UnitTests.dll" adapterTypeName="executor://mstestadapter/v2" className="VideoOS.Server.UnitTests.Licensing.ActivationManagerTests" name="QueueAutomaticActivation_QueuesNewActivation_OnFirstCall" />
    </UnitTest>
    <UnitTest name="HardwareInCWANotOnWhiteList_ReplacedWithInheritance_HardwareOnWhiteList_MixedCWAAllowed_FewerChannelsOnReplacedHardware_NewHardwareInCWA" storage="d:\actions-runner\_work\xpco\xpco\corporate\videoos.server.unittests\bin\x64\debug\net472\videoos.server.unittests.dll" id="4cd1c953-231e-2691-b4f4-0d9328a3e68b">
      <TestCategory>
        <TestCategoryItem TestCategory="Licensing Replace Hardware" />
        <TestCategoryItem TestCategory="Licensing" />
      </TestCategory>
      <Execution id="00f7ecb8-b505-411f-b9d2-d9eb74372766" />
      <TestMethod codeBase="D:\actions-runner\_work\XPCO\XPCO\Corporate\VideoOS.Server.UnitTests\bin\x64\Debug\net472\VideoOS.Server.UnitTests.dll" adapterTypeName="executor://mstestadapter/v2" className="VideoOS.Server.UnitTests.Licensing.LicenseAllocatorChannelTests" name="HardwareInCWANotOnWhiteList_ReplacedWithInheritance_HardwareOnWhiteList_MixedCWAAllowed_FewerChannelsOnReplacedHardware_NewHardwareInCWA" />
    </UnitTest>
    <UnitTest name="AllocateLicensesNotActivated_OneHardware_NoCameras_SeveralNoneCameraDevices_ValidateNoneCameraDevicesAreLicensed" storage="d:\actions-runner\_work\xpco\xpco\corporate\videoos.server.unittests\bin\x64\debug\net472\videoos.server.unittests.dll" id="be147743-35c1-2ea8-f068-c82e7606ada6">
      <TestCategory>
        <TestCategoryItem TestCategory="Licensing" />
      </TestCategory>
      <Execution id="3a51090e-962a-46d0-9862-6c6a43f6982e" />
      <TestMethod codeBase="D:\actions-runner\_work\XPCO\XPCO\Corporate\VideoOS.Server.UnitTests\bin\x64\Debug\net472\VideoOS.Server.UnitTests.dll" adapterTypeName="executor://mstestadapter/v2" className="VideoOS.Server.UnitTests.Licensing.LicenseAllocatorChannelTests" name="AllocateLicensesNotActivated_OneHardware_NoCameras_SeveralNoneCameraDevices_ValidateNoneCameraDevicesAreLicensed" />
    </UnitTest>
    <UnitTest name="SetRecorderSpecificConfiguration_ModelIsValid_RecorderNotFoundException" storage="d:\actions-runner\_work\xpco\xpco\corporate\videoos.server.unittests\bin\x64\debug\net472\videoos.server.unittests.dll" id="e6811246-bbd2-f90b-6c77-9e70a20e3b20">
      <Execution id="adb1a135-309b-471e-af8d-fc505b9ef2e7" />
      <TestMethod codeBase="D:\actions-runner\_work\XPCO\XPCO\Corporate\VideoOS.Server.UnitTests\bin\x64\Debug\net472\VideoOS.Server.UnitTests.dll" adapterTypeName="executor://mstestadapter/v2" className="VideoOS.Server.UnitTests.ConfigurationControllerTests" name="SetRecorderSpecificConfiguration_ModelIsValid_RecorderNotFoundException" />
    </UnitTest>
    <UnitTest name="BoolResponse_ModelIsNull_BadRequestResult" storage="d:\actions-runner\_work\xpco\xpco\corporate\videoos.server.unittests\bin\x64\debug\net472\videoos.server.unittests.dll" id="fdcc216e-d89b-62a4-e23b-448ff274816d">
      <Execution id="e2c4321b-d2fc-46c9-bdf0-a6a1a9a5ab08" />
      <TestMethod codeBase="D:\actions-runner\_work\XPCO\XPCO\Corporate\VideoOS.Server.UnitTests\bin\x64\Debug\net472\VideoOS.Server.UnitTests.dll" adapterTypeName="executor://mstestadapter/v2" className="VideoOS.Server.UnitTests.WebApi.ResponseControllerTest" name="BoolResponse_ModelIsNull_BadRequestResult" />
    </UnitTest>
    <UnitTest name="HardwareScanExpressTaskCommandHandler_Execute_UnknownError_FailResponse" storage="d:\actions-runner\_work\xpco\xpco\corporate\videoos.server.unittests\bin\x64\debug\net472\videoos.server.unittests.dll" id="28e7a5d1-8f44-1572-7795-74ddeb231fc9">
      <Execution id="b9858d09-fab0-491e-a291-0d81b6566db2" />
      <TestMethod codeBase="D:\actions-runner\_work\XPCO\XPCO\Corporate\VideoOS.Server.UnitTests\bin\x64\Debug\net472\VideoOS.Server.UnitTests.dll" adapterTypeName="executor://mstestadapter/v2" className="VideoOS.Server.UnitTests.CommandHandler.HardwareScanExpressTaskCommandHandlerTest" name="HardwareScanExpressTaskCommandHandler_Execute_UnknownError_FailResponse" />
    </UnitTest>
    <UnitTest name="ServerAccessTokenHandler_Constructor_Success" storage="d:\actions-runner\_work\xpco\xpco\corporate\videoos.server.unittests\bin\x64\debug\net472\videoos.server.unittests.dll" id="082500b4-bdc0-a1fc-952f-ab967f4ac76b">
      <Execution id="a3706ab4-c5a5-4a18-8ddf-c3ba4dc1604a" />
      <TestMethod codeBase="D:\actions-runner\_work\XPCO\XPCO\Corporate\VideoOS.Server.UnitTests\bin\x64\Debug\net472\VideoOS.Server.UnitTests.dll" adapterTypeName="executor://mstestadapter/v2" className="VideoOS.Server.UnitTests.RecorderCommunication.ServerAccessTokenHandlerTests" name="ServerAccessTokenHandler_Constructor_Success" />
    </UnitTest>
    <UnitTest name="FindHardware_NotFound_ReturnsNull" storage="d:\actions-runner\_work\xpco\xpco\corporate\videoos.server.unittests\bin\x64\debug\net472\videoos.server.unittests.dll" id="137f7129-a121-b8c6-63af-0ff5fb4648d0">
      <Execution id="92ef9db6-0f8c-4e81-9a6a-9b833afe68af" />
      <TestMethod codeBase="D:\actions-runner\_work\XPCO\XPCO\Corporate\VideoOS.Server.UnitTests\bin\x64\Debug\net472\VideoOS.Server.UnitTests.dll" adapterTypeName="executor://mstestadapter/v2" className="VideoOS.Server.UnitTests.Licensing.LicenseSnapshotTests" name="FindHardware_NotFound_ReturnsNull" />
    </UnitTest>
    <UnitTest name="AddUnlicensedHardware_AddSecondHardwareWidthSameUniqueIdentifier_ReturnsFalse" storage="d:\actions-runner\_work\xpco\xpco\corporate\videoos.server.unittests\bin\x64\debug\net472\videoos.server.unittests.dll" id="2349410a-abdb-fe9c-5151-7ed18679823d">
      <Execution id="33e2e7ea-8916-486c-b47b-ce1d55662ce7" />
      <TestMethod codeBase="D:\actions-runner\_work\XPCO\XPCO\Corporate\VideoOS.Server.UnitTests\bin\x64\Debug\net472\VideoOS.Server.UnitTests.dll" adapterTypeName="executor://mstestadapter/v2" className="VideoOS.Server.UnitTests.Licensing.LicenseSnapshotTests" name="AddUnlicensedHardware_AddSecondHardwareWidthSameUniqueIdentifier_ReturnsFalse" />
    </UnitTest>
    <UnitTest name="ChangeHardwarePasswordTaskCommandHandler_Execute_Failed_UsernameNotRecognized_Response" storage="d:\actions-runner\_work\xpco\xpco\corporate\videoos.server.unittests\bin\x64\debug\net472\videoos.server.unittests.dll" id="91fac899-235a-f12a-eec2-dd1a82abcb82">
      <Execution id="9238a488-15d1-405d-b06f-2a5f4a4b2be0" />
      <TestMethod codeBase="D:\actions-runner\_work\XPCO\XPCO\Corporate\VideoOS.Server.UnitTests\bin\x64\Debug\net472\VideoOS.Server.UnitTests.dll" adapterTypeName="executor://mstestadapter/v2" className="VideoOS.Server.UnitTests.CommandHandler.ChangeHardwarePasswordTaskCommandHandlerTests" name="ChangeHardwarePasswordTaskCommandHandler_Execute_Failed_UsernameNotRecognized_Response" />
    </UnitTest>
    <UnitTest name="Simulate_CWA_TreatedAsLicensedAfterOneYear_Whitelisted" storage="d:\actions-runner\_work\xpco\xpco\corporate\videoos.server.unittests\bin\x64\debug\net472\videoos.server.unittests.dll" id="2f585eda-a8b0-9e5a-ae46-f446f35708ae">
      <TestCategory>
        <TestCategoryItem TestCategory="Licensing" />
      </TestCategory>
      <Execution id="31f68930-0f83-4aab-987f-b8ba7631d4a6" />
      <TestMethod codeBase="D:\actions-runner\_work\XPCO\XPCO\Corporate\VideoOS.Server.UnitTests\bin\x64\Debug\net472\VideoOS.Server.UnitTests.dll" adapterTypeName="executor://mstestadapter/v2" className="VideoOS.Server.UnitTests.Licensing.LicenseAllocatorChannelTests" name="Simulate_CWA_TreatedAsLicensedAfterOneYear_Whitelisted" />
    </UnitTest>
    <UnitTest name="DeleteHardwareUserCommandHandler_Constructor_ThrowsIfParameterNull" storage="d:\actions-runner\_work\xpco\xpco\corporate\videoos.server.unittests\bin\x64\debug\net472\videoos.server.unittests.dll" id="9bcd0202-63b0-a2b2-3000-3588e2a360cd">
      <Execution id="e81c6f87-6322-4534-993a-a2f75141bced" />
      <TestMethod codeBase="D:\actions-runner\_work\XPCO\XPCO\Corporate\VideoOS.Server.UnitTests\bin\x64\Debug\net472\VideoOS.Server.UnitTests.dll" adapterTypeName="executor://mstestadapter/v2" className="VideoOS.Server.UnitTests.CommandHandler.DeleteHardwareUserCommandHandlerServerTests" name="DeleteHardwareUserCommandHandler_Constructor_ThrowsIfParameterNull" />
    </UnitTest>
    <UnitTest name="UpdateHardwareTaskCommandHandler_Apply_Failed_Tests" storage="d:\actions-runner\_work\xpco\xpco\corporate\videoos.server.unittests\bin\x64\debug\net472\videoos.server.unittests.dll" id="6779f825-7903-f68a-18b1-ecfca5ffef18">
      <Execution id="8c699646-c86e-4aa4-8fd5-789f4840fb41" />
      <TestMethod codeBase="D:\actions-runner\_work\XPCO\XPCO\Corporate\VideoOS.Server.UnitTests\bin\x64\Debug\net472\VideoOS.Server.UnitTests.dll" adapterTypeName="executor://mstestadapter/v2" className="VideoOS.Server.UnitTests.CommandHandler.UpdateHardwareTaskHandlerTests" name="UpdateHardwareTaskCommandHandler_Apply_Failed_Tests" />
    </UnitTest>
    <UnitTest name="Validate_ClearChangesWithoutActivation_RemovesSomeHardware" storage="d:\actions-runner\_work\xpco\xpco\corporate\videoos.server.unittests\bin\x64\debug\net472\videoos.server.unittests.dll" id="7729d5d0-1314-1bd1-f55e-14d5357f2ccc">
      <TestCategory>
        <TestCategoryItem TestCategory="Licensing" />
      </TestCategory>
      <Execution id="0afc2fdb-1c9b-4a5b-b54c-2d41ac66739b" />
      <TestMethod codeBase="D:\actions-runner\_work\XPCO\XPCO\Corporate\VideoOS.Server.UnitTests\bin\x64\Debug\net472\VideoOS.Server.UnitTests.dll" adapterTypeName="executor://mstestadapter/v2" className="VideoOS.Server.UnitTests.Licensing.LicenseCountManagerUnitTests" name="Validate_ClearChangesWithoutActivation_RemovesSomeHardware" />
    </UnitTest>
    <UnitTest name="HardwareInCWAOnWhiteList_ReplacedWithInheritance_HardwareNotOnWhiteList_MixedCWAAllowed_SomeDevicesInCWA" storage="d:\actions-runner\_work\xpco\xpco\corporate\videoos.server.unittests\bin\x64\debug\net472\videoos.server.unittests.dll" id="4b21a2a3-9433-2fec-0393-54f4c14ecdca">
      <TestCategory>
        <TestCategoryItem TestCategory="Licensing Replace Hardware" />
        <TestCategoryItem TestCategory="Licensing" />
      </TestCategory>
      <Execution id="70abb98c-ece2-4529-9a8c-572957b8681c" />
      <TestMethod codeBase="D:\actions-runner\_work\XPCO\XPCO\Corporate\VideoOS.Server.UnitTests\bin\x64\Debug\net472\VideoOS.Server.UnitTests.dll" adapterTypeName="executor://mstestadapter/v2" className="VideoOS.Server.UnitTests.Licensing.LicenseAllocatorChannelTests" name="HardwareInCWAOnWhiteList_ReplacedWithInheritance_HardwareNotOnWhiteList_MixedCWAAllowed_SomeDevicesInCWA" />
    </UnitTest>
    <UnitTest name="ChangeHardwarePasswordTaskCommandHandler_Constructor_Arguments_Null_Throws" storage="d:\actions-runner\_work\xpco\xpco\corporate\videoos.server.unittests\bin\x64\debug\net472\videoos.server.unittests.dll" id="0f51215b-b683-7829-13ff-5f31881b44ee">
      <Execution id="9ba9d63d-958e-41db-a8f8-fa761c7246e6" />
      <TestMethod codeBase="D:\actions-runner\_work\XPCO\XPCO\Corporate\VideoOS.Server.UnitTests\bin\x64\Debug\net472\VideoOS.Server.UnitTests.dll" adapterTypeName="executor://mstestadapter/v2" className="VideoOS.Server.UnitTests.CommandHandler.ChangeHardwarePasswordTaskCommandHandlerTests" name="ChangeHardwarePasswordTaskCommandHandler_Constructor_Arguments_Null_Throws" />
    </UnitTest>
    <UnitTest name="ServerAccessTokenHandler_Constructor_ThrowArgumentNullExceptionIServerTokenCache" storage="d:\actions-runner\_work\xpco\xpco\corporate\videoos.server.unittests\bin\x64\debug\net472\videoos.server.unittests.dll" id="1c6fbf34-078f-c6b0-be70-94e64ecd6198">
      <Execution id="29de03f1-40b4-42f1-b047-465c57ce8b2a" />
      <TestMethod codeBase="D:\actions-runner\_work\XPCO\XPCO\Corporate\VideoOS.Server.UnitTests\bin\x64\Debug\net472\VideoOS.Server.UnitTests.dll" adapterTypeName="executor://mstestadapter/v2" className="VideoOS.Server.UnitTests.RecorderCommunication.ServerAccessTokenHandlerTests" name="ServerAccessTokenHandler_Constructor_ThrowArgumentNullExceptionIServerTokenCache" />
    </UnitTest>
    <UnitTest name="ActivationManager_Constructor" storage="d:\actions-runner\_work\xpco\xpco\corporate\videoos.server.unittests\bin\x64\debug\net472\videoos.server.unittests.dll" id="d45b7a6a-e638-9ef4-fad5-13e60d2dee28">
      <TestCategory>
        <TestCategoryItem TestCategory="Licensing" />
      </TestCategory>
      <Execution id="49417d69-0fa9-42ca-b4d1-fc71c6131293" />
      <TestMethod codeBase="D:\actions-runner\_work\XPCO\XPCO\Corporate\VideoOS.Server.UnitTests\bin\x64\Debug\net472\VideoOS.Server.UnitTests.dll" adapterTypeName="executor://mstestadapter/v2" className="VideoOS.Server.UnitTests.Licensing.ActivationManagerTests" name="ActivationManager_Constructor" />
    </UnitTest>
    <UnitTest name="DatabaseResponseDiskUsage_ModelIsValid_CommandExecuted" storage="d:\actions-runner\_work\xpco\xpco\corporate\videoos.server.unittests\bin\x64\debug\net472\videoos.server.unittests.dll" id="e2e26a96-b5b4-c2f5-694e-a95e51839bfb">
      <Execution id="81206e5e-5d20-4cc0-9342-20ac4612c1ee" />
      <TestMethod codeBase="D:\actions-runner\_work\XPCO\XPCO\Corporate\VideoOS.Server.UnitTests\bin\x64\Debug\net472\VideoOS.Server.UnitTests.dll" adapterTypeName="executor://mstestadapter/v2" className="VideoOS.Server.UnitTests.WebApi.ResponseControllerTest" name="DatabaseResponseDiskUsage_ModelIsValid_CommandExecuted" />
    </UnitTest>
    <UnitTest name="CheckConfigurationDataSet_AAC_Hardware_WithAACSetting_NotLicensed_Throws_ServerServiceException" storage="d:\actions-runner\_work\xpco\xpco\corporate\videoos.server.unittests\bin\x64\debug\net472\videoos.server.unittests.dll" id="aa431777-e753-d54c-edf8-7d73ed839e8e">
      <Execution id="2bcd1561-d05f-4929-a55b-7b3a7ab0c374" />
      <TestMethod codeBase="D:\actions-runner\_work\XPCO\XPCO\Corporate\VideoOS.Server.UnitTests\bin\x64\Debug\net472\VideoOS.Server.UnitTests.dll" adapterTypeName="executor://mstestadapter/v2" className="VideoOS.Server.UnitTests.Licensing.LicenseFeatureCheckerTest" name="CheckConfigurationDataSet_AAC_Hardware_WithAACSetting_NotLicensed_Throws_ServerServiceException" />
    </UnitTest>
    <UnitTest name="NextActivation_IsDateTimeMin_OnNoActivationQueued" storage="d:\actions-runner\_work\xpco\xpco\corporate\videoos.server.unittests\bin\x64\debug\net472\videoos.server.unittests.dll" id="a567eb44-b9b3-10da-64f7-98055ff68c28">
      <TestCategory>
        <TestCategoryItem TestCategory="Licensing" />
      </TestCategory>
      <Execution id="b404e875-d674-4be0-9210-cbaf83060071" />
      <TestMethod codeBase="D:\actions-runner\_work\XPCO\XPCO\Corporate\VideoOS.Server.UnitTests\bin\x64\Debug\net472\VideoOS.Server.UnitTests.dll" adapterTypeName="executor://mstestadapter/v2" className="VideoOS.Server.UnitTests.Licensing.ActivationManagerTests" name="NextActivation_IsDateTimeMin_OnNoActivationQueued" />
    </UnitTest>
    <UnitTest name="AnalyzeAndCreateAuditLogs_ModifiedSecurityPermissionsRowFromProfileNameToAlways_ReturnsOneAuditLog" storage="d:\actions-runner\_work\xpco\xpco\corporate\videoos.server.unittests\bin\x64\debug\net472\videoos.server.unittests.dll" id="7ceb6397-bf04-45ba-93d8-edc85c11f6bd">
      <Execution id="f3ab20a9-38c1-433e-afb0-6075487798a5" />
      <TestMethod codeBase="D:\actions-runner\_work\XPCO\XPCO\Corporate\VideoOS.Server.UnitTests\bin\x64\Debug\net472\VideoOS.Server.UnitTests.dll" adapterTypeName="executor://mstestadapter/v2" className="VideoOS.Server.UnitTests.CommandHandler.DataSetAuditLogAnalyzerTests" name="AnalyzeAndCreateAuditLogs_ModifiedSecurityPermissionsRowFromProfileNameToAlways_ReturnsOneAuditLog" />
    </UnitTest>
    <UnitTest name="HardwareInCWANotOnWhiteList_WithChannels_ReplacedWith_HardwareNotOnWhiteList_ZeroChannels_NoMoreCWAAllowed_NewHardwareInGrace" storage="d:\actions-runner\_work\xpco\xpco\corporate\videoos.server.unittests\bin\x64\debug\net472\videoos.server.unittests.dll" id="427a1563-875c-5ede-eb36-087cf953a6e9">
      <TestCategory>
        <TestCategoryItem TestCategory="Licensing Replace Hardware" />
        <TestCategoryItem TestCategory="Licensing" />
      </TestCategory>
      <Execution id="a97a7c14-9904-4e5f-9fcd-ab05281e4dbc" />
      <TestMethod codeBase="D:\actions-runner\_work\XPCO\XPCO\Corporate\VideoOS.Server.UnitTests\bin\x64\Debug\net472\VideoOS.Server.UnitTests.dll" adapterTypeName="executor://mstestadapter/v2" className="VideoOS.Server.UnitTests.Licensing.LicenseAllocatorChannelTests" name="HardwareInCWANotOnWhiteList_WithChannels_ReplacedWith_HardwareNotOnWhiteList_ZeroChannels_NoMoreCWAAllowed_NewHardwareInGrace" />
    </UnitTest>
    <UnitTest name="EvidenceLockOnOldRecorderCommandHandlerTests_OldRec_Exception_Then_ConfigDelete" storage="d:\actions-runner\_work\xpco\xpco\corporate\videoos.server.unittests\bin\x64\debug\net472\videoos.server.unittests.dll" id="fb42af72-5b3a-ca9a-0d50-d4b7f92dd3ae">
      <Execution id="43a1ad43-bf24-4054-ac65-5bebcb8fc197" />
      <TestMethod codeBase="D:\actions-runner\_work\XPCO\XPCO\Corporate\VideoOS.Server.UnitTests\bin\x64\Debug\net472\VideoOS.Server.UnitTests.dll" adapterTypeName="executor://mstestadapter/v2" className="VideoOS.Server.UnitTests.CommandHandler.EvidenceLockOnOldRecorderCommandHandlerTests" name="EvidenceLockOnOldRecorderCommandHandlerTests_OldRec_Exception_Then_ConfigDelete" />
    </UnitTest>
    <UnitTest name="GetTotalReplacementLimit_ReturnsPercentageTimeNoCameras_OnPercentageInTheMiddle" storage="d:\actions-runner\_work\xpco\xpco\corporate\videoos.server.unittests\bin\x64\debug\net472\videoos.server.unittests.dll" id="435120c5-b348-a047-9526-a4392d447354">
      <TestCategory>
        <TestCategoryItem TestCategory="ReplacementLimit" />
      </TestCategory>
      <Execution id="c8da0932-ebe4-4c20-a62c-616d1acc73d1" />
      <TestMethod codeBase="D:\actions-runner\_work\XPCO\XPCO\Corporate\VideoOS.Server.UnitTests\bin\x64\Debug\net472\VideoOS.Server.UnitTests.dll" adapterTypeName="executor://mstestadapter/v2" className="VideoOS.Server.UnitTests.Licensing.ReplacementLimitTests" name="GetTotalReplacementLimit_ReturnsPercentageTimeNoCameras_OnPercentageInTheMiddle" />
    </UnitTest>
    <UnitTest name="SetupInitialHardwareUserCommandHandler_Execute_Success" storage="d:\actions-runner\_work\xpco\xpco\corporate\videoos.server.unittests\bin\x64\debug\net472\videoos.server.unittests.dll" id="1a302332-10c8-5dc6-da00-94451bfe7efd">
      <Execution id="d512652a-b98c-41a8-ab74-4e2a929962ed" />
      <TestMethod codeBase="D:\actions-runner\_work\XPCO\XPCO\Corporate\VideoOS.Server.UnitTests\bin\x64\Debug\net472\VideoOS.Server.UnitTests.dll" adapterTypeName="executor://mstestadapter/v2" className="VideoOS.Server.UnitTests.CommandHandler.SetupInitialHardwareUserCommandHandlerUnitTests" name="SetupInitialHardwareUserCommandHandler_Execute_Success" />
    </UnitTest>
    <UnitTest name="HardwareInCWANotOnWhiteList_ReplacedWithNoInheritance_HardwareNotOnWhiteList_MixedCWAAllowed_MoreChannelsOnReplacedHardware_SomeDevicesInCWA" storage="d:\actions-runner\_work\xpco\xpco\corporate\videoos.server.unittests\bin\x64\debug\net472\videoos.server.unittests.dll" id="6e2eff38-594f-7e40-a4bc-55cf23d64c17">
      <TestCategory>
        <TestCategoryItem TestCategory="Licensing Replace Hardware" />
        <TestCategoryItem TestCategory="Licensing" />
      </TestCategory>
      <Execution id="5838fd72-fc2e-431c-b84d-2fd7508e4826" />
      <TestMethod codeBase="D:\actions-runner\_work\XPCO\XPCO\Corporate\VideoOS.Server.UnitTests\bin\x64\Debug\net472\VideoOS.Server.UnitTests.dll" adapterTypeName="executor://mstestadapter/v2" className="VideoOS.Server.UnitTests.Licensing.LicenseAllocatorChannelTests" name="HardwareInCWANotOnWhiteList_ReplacedWithNoInheritance_HardwareNotOnWhiteList_MixedCWAAllowed_MoreChannelsOnReplacedHardware_SomeDevicesInCWA" />
    </UnitTest>
    <UnitTest name="LicenseCountManager_FindNonIcpHardwareInGrace_Throws_NotImplementedException" storage="d:\actions-runner\_work\xpco\xpco\corporate\videoos.server.unittests\bin\x64\debug\net472\videoos.server.unittests.dll" id="9a022633-48a0-501e-eeef-810088119832">
      <TestCategory>
        <TestCategoryItem TestCategory="Licensing" />
      </TestCategory>
      <Execution id="ffa547d3-695a-4047-a0b5-c793e1c9e78c" />
      <TestMethod codeBase="D:\actions-runner\_work\XPCO\XPCO\Corporate\VideoOS.Server.UnitTests\bin\x64\Debug\net472\VideoOS.Server.UnitTests.dll" adapterTypeName="executor://mstestadapter/v2" className="VideoOS.Server.UnitTests.Licensing.LicenseCountManagerUnitTests" name="LicenseCountManager_FindNonIcpHardwareInGrace_Throws_NotImplementedException" />
    </UnitTest>
    <UnitTest name="FirmwareUpgradeTaskCommandHandler_Execute_Arguments_Null_Throws" storage="d:\actions-runner\_work\xpco\xpco\corporate\videoos.server.unittests\bin\x64\debug\net472\videoos.server.unittests.dll" id="90cccb7e-1891-84dd-ede0-a725032bf3e9">
      <Execution id="e6616bf5-04a3-462e-98fc-f8a59c463fe5" />
      <TestMethod codeBase="D:\actions-runner\_work\XPCO\XPCO\Corporate\VideoOS.Server.UnitTests\bin\x64\Debug\net472\VideoOS.Server.UnitTests.dll" adapterTypeName="executor://mstestadapter/v2" className="VideoOS.Server.UnitTests.CommandHandler.FirmwareUpgradeTaskCommandHandlerTests" name="FirmwareUpgradeTaskCommandHandler_Execute_Arguments_Null_Throws" />
    </UnitTest>
    <UnitTest name="EvidenceLockOnOldRecorderCommandHandlerTests_OldRec_SendCmd_RecNotFoundException" storage="d:\actions-runner\_work\xpco\xpco\corporate\videoos.server.unittests\bin\x64\debug\net472\videoos.server.unittests.dll" id="d7f950c3-4de5-001a-b3e3-ffc47fce5357">
      <Execution id="90f2e374-ae64-4e14-9c05-a1294af0b41f" />
      <TestMethod codeBase="D:\actions-runner\_work\XPCO\XPCO\Corporate\VideoOS.Server.UnitTests\bin\x64\Debug\net472\VideoOS.Server.UnitTests.dll" adapterTypeName="executor://mstestadapter/v2" className="VideoOS.Server.UnitTests.CommandHandler.EvidenceLockOnOldRecorderCommandHandlerTests" name="EvidenceLockOnOldRecorderCommandHandlerTests_OldRec_SendCmd_RecNotFoundException" />
    </UnitTest>
    <UnitTest name="HardwareScanExpressTaskCommandHandler_Execute_RecorderNotSupported_FailResponse" storage="d:\actions-runner\_work\xpco\xpco\corporate\videoos.server.unittests\bin\x64\debug\net472\videoos.server.unittests.dll" id="3651eb38-5039-fa09-00f9-acaf8a27c78a">
      <Execution id="8fbe735a-fac5-4e89-80e5-19589abda7dd" />
      <TestMethod codeBase="D:\actions-runner\_work\XPCO\XPCO\Corporate\VideoOS.Server.UnitTests\bin\x64\Debug\net472\VideoOS.Server.UnitTests.dll" adapterTypeName="executor://mstestadapter/v2" className="VideoOS.Server.UnitTests.CommandHandler.HardwareScanExpressTaskCommandHandlerTest" name="HardwareScanExpressTaskCommandHandler_Execute_RecorderNotSupported_FailResponse" />
    </UnitTest>
    <UnitTest name="AnalyzeAndCreateAuditLogs_ModifiedSecurityPermissionsDeviceRowWithDEVICESPEAKPRIORITYAtrributeSamePriority_ReturnsNoAuditLog" storage="d:\actions-runner\_work\xpco\xpco\corporate\videoos.server.unittests\bin\x64\debug\net472\videoos.server.unittests.dll" id="d6728601-eae0-dd7f-2f47-f9029823748f">
      <Execution id="90fcba99-5b38-4483-8705-5489012ddf2b" />
      <TestMethod codeBase="D:\actions-runner\_work\XPCO\XPCO\Corporate\VideoOS.Server.UnitTests\bin\x64\Debug\net472\VideoOS.Server.UnitTests.dll" adapterTypeName="executor://mstestadapter/v2" className="VideoOS.Server.UnitTests.CommandHandler.DataSetAuditLogAnalyzerTests" name="AnalyzeAndCreateAuditLogs_ModifiedSecurityPermissionsDeviceRowWithDEVICESPEAKPRIORITYAtrributeSamePriority_ReturnsNoAuditLog" />
    </UnitTest>
    <UnitTest name="CheckConfigurationDataSet_AAC_Device_WithAACSetting_Licensed_Success" storage="d:\actions-runner\_work\xpco\xpco\corporate\videoos.server.unittests\bin\x64\debug\net472\videoos.server.unittests.dll" id="071fc03d-f5f7-e631-de7f-6b667f719565">
      <Execution id="0a7d0d7f-1b74-4b14-a8d6-de79a65d44cd" />
      <TestMethod codeBase="D:\actions-runner\_work\XPCO\XPCO\Corporate\VideoOS.Server.UnitTests\bin\x64\Debug\net472\VideoOS.Server.UnitTests.dll" adapterTypeName="executor://mstestadapter/v2" className="VideoOS.Server.UnitTests.Licensing.LicenseFeatureCheckerTest" name="CheckConfigurationDataSet_AAC_Device_WithAACSetting_Licensed_Success" />
    </UnitTest>
    <UnitTest name="EvidenceLockOnOldRecorderCommandHandlerTests_OldRecV1_ConfigEdit2Rows" storage="d:\actions-runner\_work\xpco\xpco\corporate\videoos.server.unittests\bin\x64\debug\net472\videoos.server.unittests.dll" id="08934e2f-ac6d-55f5-5170-54ca73f76b20">
      <Execution id="4c1a3f11-635d-4de7-a85d-8a406dcec5b0" />
      <TestMethod codeBase="D:\actions-runner\_work\XPCO\XPCO\Corporate\VideoOS.Server.UnitTests\bin\x64\Debug\net472\VideoOS.Server.UnitTests.dll" adapterTypeName="executor://mstestadapter/v2" className="VideoOS.Server.UnitTests.CommandHandler.EvidenceLockOnOldRecorderCommandHandlerTests" name="EvidenceLockOnOldRecorderCommandHandlerTests_OldRecV1_ConfigEdit2Rows" />
    </UnitTest>
    <UnitTest name="LicenseCountManager_AddLicensedHardware_Same_MAC_Twice_ArgumentException" storage="d:\actions-runner\_work\xpco\xpco\corporate\videoos.server.unittests\bin\x64\debug\net472\videoos.server.unittests.dll" id="3547b549-44fa-239a-f127-0c453303adf8">
      <Execution id="740a596a-f9eb-4ed9-8be4-7192f0cb20f5" />
      <TestMethod codeBase="D:\actions-runner\_work\XPCO\XPCO\Corporate\VideoOS.Server.UnitTests\bin\x64\Debug\net472\VideoOS.Server.UnitTests.dll" adapterTypeName="executor://mstestadapter/v2" className="VideoOS.Server.UnitTests.Licensing.LicenseCountManagerUnitTests" name="LicenseCountManager_AddLicensedHardware_Same_MAC_Twice_ArgumentException" />
    </UnitTest>
    <UnitTest name="DeviceLicense_SetExpire_InvalidDate_NotUtc_Throws_ArgumentException" storage="d:\actions-runner\_work\xpco\xpco\corporate\videoos.server.unittests\bin\x64\debug\net472\videoos.server.unittests.dll" id="d4d63e82-a153-4dba-ebca-76d1740f3fd7">
      <Execution id="1589bd3e-afa4-4f0b-a685-60324feda2c9" />
      <TestMethod codeBase="D:\actions-runner\_work\XPCO\XPCO\Corporate\VideoOS.Server.UnitTests\bin\x64\Debug\net472\VideoOS.Server.UnitTests.dll" adapterTypeName="executor://mstestadapter/v2" className="VideoOS.Server.UnitTests.Licensing.LicenseSnapshotTests" name="DeviceLicense_SetExpire_InvalidDate_NotUtc_Throws_ArgumentException" />
    </UnitTest>
    <UnitTest name="IsActivationNeeded_True_ICP_CamerasRemoved" storage="d:\actions-runner\_work\xpco\xpco\corporate\videoos.server.unittests\bin\x64\debug\net472\videoos.server.unittests.dll" id="b125b64e-16a9-9a1c-bed1-c7eb1931e757">
      <TestCategory>
        <TestCategoryItem TestCategory="Licensing" />
      </TestCategory>
      <Execution id="6e1e697c-2ff6-4511-b1a8-bc9be4556496" />
      <TestMethod codeBase="D:\actions-runner\_work\XPCO\XPCO\Corporate\VideoOS.Server.UnitTests\bin\x64\Debug\net472\VideoOS.Server.UnitTests.dll" adapterTypeName="executor://mstestadapter/v2" className="VideoOS.Server.UnitTests.Licensing.LicenseManagerUnitTests" name="IsActivationNeeded_True_ICP_CamerasRemoved" />
    </UnitTest>
    <UnitTest name="DeviceLicense_SetExpire_InvalidDate_MinDate_Throws_ArgumentOutOfRangeException" storage="d:\actions-runner\_work\xpco\xpco\corporate\videoos.server.unittests\bin\x64\debug\net472\videoos.server.unittests.dll" id="b4298ca8-9752-bfa9-c052-cd715e74c130">
      <Execution id="2e86fe77-38f5-4c89-a7d0-5d431c70f8b0" />
      <TestMethod codeBase="D:\actions-runner\_work\XPCO\XPCO\Corporate\VideoOS.Server.UnitTests\bin\x64\Debug\net472\VideoOS.Server.UnitTests.dll" adapterTypeName="executor://mstestadapter/v2" className="VideoOS.Server.UnitTests.Licensing.LicenseSnapshotTests" name="DeviceLicense_SetExpire_InvalidDate_MinDate_Throws_ArgumentOutOfRangeException" />
    </UnitTest>
    <UnitTest name="UpdateHardwareTaskCommandHandler_Execute_Unchanged_Tests" storage="d:\actions-runner\_work\xpco\xpco\corporate\videoos.server.unittests\bin\x64\debug\net472\videoos.server.unittests.dll" id="490158db-e4f2-7ffd-c385-cb70228663b5">
      <Execution id="06e6648f-7341-4a24-af1c-49083432d702" />
      <TestMethod codeBase="D:\actions-runner\_work\XPCO\XPCO\Corporate\VideoOS.Server.UnitTests\bin\x64\Debug\net472\VideoOS.Server.UnitTests.dll" adapterTypeName="executor://mstestadapter/v2" className="VideoOS.Server.UnitTests.CommandHandler.UpdateHardwareTaskHandlerTests" name="UpdateHardwareTaskCommandHandler_Execute_Unchanged_Tests" />
    </UnitTest>
    <UnitTest name="EvidenceLockOnOldRecorderCommandHandlerTests_OldRecV1_ConfigEdit1RowMain" storage="d:\actions-runner\_work\xpco\xpco\corporate\videoos.server.unittests\bin\x64\debug\net472\videoos.server.unittests.dll" id="4c87aa0c-c56b-b754-a41b-f1573972c44b">
      <Execution id="eff862c9-62df-4dba-84f3-3541b6f55bbc" />
      <TestMethod codeBase="D:\actions-runner\_work\XPCO\XPCO\Corporate\VideoOS.Server.UnitTests\bin\x64\Debug\net472\VideoOS.Server.UnitTests.dll" adapterTypeName="executor://mstestadapter/v2" className="VideoOS.Server.UnitTests.CommandHandler.EvidenceLockOnOldRecorderCommandHandlerTests" name="EvidenceLockOnOldRecorderCommandHandlerTests_OldRecV1_ConfigEdit1RowMain" />
    </UnitTest>
    <UnitTest name="RecorderController_ModelIsValid_CommandExecuted" storage="d:\actions-runner\_work\xpco\xpco\corporate\videoos.server.unittests\bin\x64\debug\net472\videoos.server.unittests.dll" id="46836346-86bd-4983-1ba7-1dbdbb5f7669">
      <Execution id="f12a1906-6abd-4f68-9035-8f9c555e589c" />
      <TestMethod codeBase="D:\actions-runner\_work\XPCO\XPCO\Corporate\VideoOS.Server.UnitTests\bin\x64\Debug\net472\VideoOS.Server.UnitTests.dll" adapterTypeName="executor://mstestadapter/v2" className="VideoOS.Server.UnitTests.RecorderControllerTest" name="RecorderController_ModelIsValid_CommandExecuted" />
    </UnitTest>
    <UnitTest name="Dispose_Called_ClientsDisposed" storage="d:\actions-runner\_work\xpco\xpco\corporate\videoos.server.unittests\bin\x64\debug\net472\videoos.server.unittests.dll" id="35f7f4a5-68b4-b2cc-93d0-68a0b4a2c229">
      <Execution id="5d6686d9-2831-4184-96f9-ee23ea8720c6" />
      <TestMethod codeBase="D:\actions-runner\_work\XPCO\XPCO\Corporate\VideoOS.Server.UnitTests\bin\x64\Debug\net472\VideoOS.Server.UnitTests.dll" adapterTypeName="executor://mstestadapter/v2" className="VideoOS.Server.UnitTests.CommandHandler.VmoClientsPoolTests" name="Dispose_Called_ClientsDisposed" />
    </UnitTest>
    <UnitTest name="HardwareActivatedNotOnWhiteList_NoCameraChannels_ReplacedWith_HardwareNotOnWhiteList_WithCameraChannelsInCWA" storage="d:\actions-runner\_work\xpco\xpco\corporate\videoos.server.unittests\bin\x64\debug\net472\videoos.server.unittests.dll" id="65d20a92-4d98-d428-9f1a-926b24f88e67">
      <TestCategory>
        <TestCategoryItem TestCategory="Licensing Replace Hardware" />
        <TestCategoryItem TestCategory="Licensing" />
      </TestCategory>
      <Execution id="c76a0f90-bfc3-48f9-879f-0ccfb563c755" />
      <TestMethod codeBase="D:\actions-runner\_work\XPCO\XPCO\Corporate\VideoOS.Server.UnitTests\bin\x64\Debug\net472\VideoOS.Server.UnitTests.dll" adapterTypeName="executor://mstestadapter/v2" className="VideoOS.Server.UnitTests.Licensing.LicenseAllocatorChannelTests" name="HardwareActivatedNotOnWhiteList_NoCameraChannels_ReplacedWith_HardwareNotOnWhiteList_WithCameraChannelsInCWA" />
    </UnitTest>
    <UnitTest name="Ctor_TimerNull_ThrowsArgumentNullException" storage="d:\actions-runner\_work\xpco\xpco\corporate\videoos.server.unittests\bin\x64\debug\net472\videoos.server.unittests.dll" id="97773405-841d-7bf6-7af2-4e83b4a3e91f">
      <Execution id="5721359e-df77-497b-b3cf-5cc5bff74bbc" />
      <TestMethod codeBase="D:\actions-runner\_work\XPCO\XPCO\Corporate\VideoOS.Server.UnitTests\bin\x64\Debug\net472\VideoOS.Server.UnitTests.dll" adapterTypeName="executor://mstestadapter/v2" className="VideoOS.Server.UnitTests.Log.IdpLogRetrieverTests" name="Ctor_TimerNull_ThrowsArgumentNullException" />
    </UnitTest>
    <UnitTest name="CleanUp_FreeClients_TimerNotStopped" storage="d:\actions-runner\_work\xpco\xpco\corporate\videoos.server.unittests\bin\x64\debug\net472\videoos.server.unittests.dll" id="b74e57f7-d221-4f98-4319-b83e29d3b4e6">
      <Execution id="566dc54f-15b7-4cca-8418-193e80e210c2" />
      <TestMethod codeBase="D:\actions-runner\_work\XPCO\XPCO\Corporate\VideoOS.Server.UnitTests\bin\x64\Debug\net472\VideoOS.Server.UnitTests.dll" adapterTypeName="executor://mstestadapter/v2" className="VideoOS.Server.UnitTests.CommandHandler.VmoClientsPoolTests" name="CleanUp_FreeClients_TimerNotStopped" />
    </UnitTest>
    <UnitTest name="UpdateHardwareTaskCommandHandler_Execute_HeartBeat_NoRecorder_Tests" storage="d:\actions-runner\_work\xpco\xpco\corporate\videoos.server.unittests\bin\x64\debug\net472\videoos.server.unittests.dll" id="87ba51e4-c977-b416-269b-fcfae9fc10be">
      <Execution id="3a362cb3-b63c-4e4a-b696-9810047fa025" />
      <TestMethod codeBase="D:\actions-runner\_work\XPCO\XPCO\Corporate\VideoOS.Server.UnitTests\bin\x64\Debug\net472\VideoOS.Server.UnitTests.dll" adapterTypeName="executor://mstestadapter/v2" className="VideoOS.Server.UnitTests.CommandHandler.UpdateHardwareTaskHandlerTests" name="UpdateHardwareTaskCommandHandler_Execute_HeartBeat_NoRecorder_Tests" />
    </UnitTest>
    <UnitTest name="InitializeDiscoveryComponentFailedResponse_ModelIsValid_CommandExecuted" storage="d:\actions-runner\_work\xpco\xpco\corporate\videoos.server.unittests\bin\x64\debug\net472\videoos.server.unittests.dll" id="2265d1be-c488-0fed-c561-7dfebc65f121">
      <Execution id="da2a8afd-7888-497e-a3ef-9bec1f331fc9" />
      <TestMethod codeBase="D:\actions-runner\_work\XPCO\XPCO\Corporate\VideoOS.Server.UnitTests\bin\x64\Debug\net472\VideoOS.Server.UnitTests.dll" adapterTypeName="executor://mstestadapter/v2" className="VideoOS.Server.UnitTests.WebApi.ResponseControllerTest" name="InitializeDiscoveryComponentFailedResponse_ModelIsValid_CommandExecuted" />
    </UnitTest>
    <UnitTest name="Validate_GetDeviceStatus_" storage="d:\actions-runner\_work\xpco\xpco\corporate\videoos.server.unittests\bin\x64\debug\net472\videoos.server.unittests.dll" id="ddd1539c-f3f8-684f-86c3-a25d3ce2d842">
      <TestCategory>
        <TestCategoryItem TestCategory="Licensing" />
      </TestCategory>
      <Execution id="bc06205a-e122-4842-b2f1-8dbe05994321" />
      <TestMethod codeBase="D:\actions-runner\_work\XPCO\XPCO\Corporate\VideoOS.Server.UnitTests\bin\x64\Debug\net472\VideoOS.Server.UnitTests.dll" adapterTypeName="executor://mstestadapter/v2" className="VideoOS.Server.UnitTests.Licensing.LicenseCountManagerUnitTests" name="Validate_GetDeviceStatus_" />
    </UnitTest>
    <UnitTest name="Simulate_GracePeriodExpiring_SuccesfullyExpiresHardware_Whitelisted" storage="d:\actions-runner\_work\xpco\xpco\corporate\videoos.server.unittests\bin\x64\debug\net472\videoos.server.unittests.dll" id="ec44a99e-89cd-c3d4-13d7-075ed8b19dd0">
      <TestCategory>
        <TestCategoryItem TestCategory="Licensing" />
      </TestCategory>
      <Execution id="15eab874-31c5-4461-aae9-c29ab0eb49ca" />
      <TestMethod codeBase="D:\actions-runner\_work\XPCO\XPCO\Corporate\VideoOS.Server.UnitTests\bin\x64\Debug\net472\VideoOS.Server.UnitTests.dll" adapterTypeName="executor://mstestadapter/v2" className="VideoOS.Server.UnitTests.Licensing.LicenseAllocatorChannelTests" name="Simulate_GracePeriodExpiring_SuccesfullyExpiresHardware_Whitelisted" />
    </UnitTest>
    <UnitTest name="Recorder_FindById_EmptyGuid_Returns_Null" storage="d:\actions-runner\_work\xpco\xpco\corporate\videoos.server.unittests\bin\x64\debug\net472\videoos.server.unittests.dll" id="2c07ec42-63ea-145b-2c1d-d1783382eb80">
      <Execution id="b4b0f718-ccda-4d58-8577-4c291aa28d46" />
      <TestMethod codeBase="D:\actions-runner\_work\XPCO\XPCO\Corporate\VideoOS.Server.UnitTests\bin\x64\Debug\net472\VideoOS.Server.UnitTests.dll" adapterTypeName="executor://mstestadapter/v2" className="VideoOS.Server.UnitTests.Licensing.LicenseSnapshotTests" name="Recorder_FindById_EmptyGuid_Returns_Null" />
    </UnitTest>
    <UnitTest name="HeartbeatResponse_ModelIsNull_BadRequestResult" storage="d:\actions-runner\_work\xpco\xpco\corporate\videoos.server.unittests\bin\x64\debug\net472\videoos.server.unittests.dll" id="4f7ca2b0-c221-db25-2e4f-2cd3bd0d57bd">
      <Execution id="6e0d4035-2426-4716-8ebf-680954e51c11" />
      <TestMethod codeBase="D:\actions-runner\_work\XPCO\XPCO\Corporate\VideoOS.Server.UnitTests\bin\x64\Debug\net472\VideoOS.Server.UnitTests.dll" adapterTypeName="executor://mstestadapter/v2" className="VideoOS.Server.UnitTests.WebApi.ResponseControllerTest" name="HeartbeatResponse_ModelIsNull_BadRequestResult" />
    </UnitTest>
    <UnitTest name="HardwareInCWANotOnWhiteList_ZeroChannels_ReplacedWith_HardwareNotOnWhiteList_WithChannels_NoMoreCWAAllowed_NewDevicesInGrace" storage="d:\actions-runner\_work\xpco\xpco\corporate\videoos.server.unittests\bin\x64\debug\net472\videoos.server.unittests.dll" id="d4bdc929-2aa7-ca01-4fc2-912ac3e1f0f6">
      <TestCategory>
        <TestCategoryItem TestCategory="Licensing Replace Hardware" />
        <TestCategoryItem TestCategory="Licensing" />
      </TestCategory>
      <Execution id="2fa1dc5f-9e43-49a1-9144-09584cffd51c" />
      <TestMethod codeBase="D:\actions-runner\_work\XPCO\XPCO\Corporate\VideoOS.Server.UnitTests\bin\x64\Debug\net472\VideoOS.Server.UnitTests.dll" adapterTypeName="executor://mstestadapter/v2" className="VideoOS.Server.UnitTests.Licensing.LicenseAllocatorChannelTests" name="HardwareInCWANotOnWhiteList_ZeroChannels_ReplacedWith_HardwareNotOnWhiteList_WithChannels_NoMoreCWAAllowed_NewDevicesInGrace" />
    </UnitTest>
    <UnitTest name="UpdateRecorderTaskProgress_RecorderNotFoundException_Handled" storage="d:\actions-runner\_work\xpco\xpco\corporate\videoos.server.unittests\bin\x64\debug\net472\videoos.server.unittests.dll" id="f7b0e781-4364-3181-b31f-25c3510de92e">
      <Execution id="47e1dc1f-3812-4a95-8d57-e3bb01fc4273" />
      <TestMethod codeBase="D:\actions-runner\_work\XPCO\XPCO\Corporate\VideoOS.Server.UnitTests\bin\x64\Debug\net472\VideoOS.Server.UnitTests.dll" adapterTypeName="executor://mstestadapter/v2" className="VideoOS.Server.UnitTests.TaskControllerTests" name="UpdateRecorderTaskProgress_RecorderNotFoundException_Handled" />
    </UnitTest>
    <UnitTest name="GetRecorderLicense_CameraDevicesAreInRecorderLicense_OnChannelLicensing" storage="d:\actions-runner\_work\xpco\xpco\corporate\videoos.server.unittests\bin\x64\debug\net472\videoos.server.unittests.dll" id="e55c72c3-3747-9285-e55b-eaba84acd6bb">
      <TestCategory>
        <TestCategoryItem TestCategory="Licensing" />
      </TestCategory>
      <Execution id="b06b2a43-eb67-4cbe-b75d-80ae8105f61b" />
      <TestMethod codeBase="D:\actions-runner\_work\XPCO\XPCO\Corporate\VideoOS.Server.UnitTests\bin\x64\Debug\net472\VideoOS.Server.UnitTests.dll" adapterTypeName="executor://mstestadapter/v2" className="VideoOS.Server.UnitTests.Licensing.LicenseManagerUnitTests" name="GetRecorderLicense_CameraDevicesAreInRecorderLicense_OnChannelLicensing" />
    </UnitTest>
    <UnitTest name="TaskHandling_ProcessUpdateDiffgram_Hardware_Null_InitialValue_Value_C18NDigest" storage="d:\actions-runner\_work\xpco\xpco\corporate\videoos.server.unittests\bin\x64\debug\net472\videoos.server.unittests.dll" id="00ba3071-31c1-0f6e-3800-6f9ad50402df">
      <Execution id="f8f0c56a-e41e-4d50-a6bd-d4569b0f0aa0" />
      <TestMethod codeBase="D:\actions-runner\_work\XPCO\XPCO\Corporate\VideoOS.Server.UnitTests\bin\x64\Debug\net472\VideoOS.Server.UnitTests.dll" adapterTypeName="executor://mstestadapter/v2" className="VideoOS.Server.UnitTests.Tasks.TaskHandlingUnitTests" name="TaskHandling_ProcessUpdateDiffgram_Hardware_Null_InitialValue_Value_C18NDigest" />
    </UnitTest>
    <UnitTest name="SetHotstandByFailoverRecorderInformation_WatchingRecorderStopped_Success" storage="d:\actions-runner\_work\xpco\xpco\corporate\videoos.server.unittests\bin\x64\debug\net472\videoos.server.unittests.dll" id="a243b43f-29a5-816f-9ac8-8f363157b14a">
      <Execution id="75c2d3b4-5cc2-49a7-8bcf-498f86200a45" />
      <TestMethod codeBase="D:\actions-runner\_work\XPCO\XPCO\Corporate\VideoOS.Server.UnitTests\bin\x64\Debug\net472\VideoOS.Server.UnitTests.dll" adapterTypeName="executor://mstestadapter/v2" className="VideoOS.Server.UnitTests.WebApi.Controllers.RecorderRegistrationControllerTests" name="SetHotstandByFailoverRecorderInformation_WatchingRecorderStopped_Success" />
    </UnitTest>
    <UnitTest name="SendMultiNotification_ModelIsValid_CommandExecuted" storage="d:\actions-runner\_work\xpco\xpco\corporate\videoos.server.unittests\bin\x64\debug\net472\videoos.server.unittests.dll" id="3cb65f0e-e345-0459-17cf-270ca0245297">
      <Execution id="e337e812-90fb-4a44-afd7-0ab22ff602d7" />
      <TestMethod codeBase="D:\actions-runner\_work\XPCO\XPCO\Corporate\VideoOS.Server.UnitTests\bin\x64\Debug\net472\VideoOS.Server.UnitTests.dll" adapterTypeName="executor://mstestadapter/v2" className="VideoOS.Server.UnitTests.ServerCommmandsControllerTests" name="SendMultiNotification_ModelIsValid_CommandExecuted" />
    </UnitTest>
    <UnitTest name="GetRecorderLicense_EnoughICP_EnoughHardware_Success" storage="d:\actions-runner\_work\xpco\xpco\corporate\videoos.server.unittests\bin\x64\debug\net472\videoos.server.unittests.dll" id="0530c07e-bb9b-b2d6-8cb2-b1e299d0c41d">
      <TestCategory>
        <TestCategoryItem TestCategory="Licensing" />
      </TestCategory>
      <Execution id="430f9a6b-e07a-47ec-948d-3dc12b9202de" />
      <TestMethod codeBase="D:\actions-runner\_work\XPCO\XPCO\Corporate\VideoOS.Server.UnitTests\bin\x64\Debug\net472\VideoOS.Server.UnitTests.dll" adapterTypeName="executor://mstestadapter/v2" className="VideoOS.Server.UnitTests.Licensing.LicenseManagerUnitTests" name="GetRecorderLicense_EnoughICP_EnoughHardware_Success" />
    </UnitTest>
    <UnitTest name="HardwareInCWAOnWhiteList_ReplacedWithInheritance_HardwareNotOnWhiteList_CWAAllowed_MoreChannelsOnReplacedHardware_AllDevicesInCWA" storage="d:\actions-runner\_work\xpco\xpco\corporate\videoos.server.unittests\bin\x64\debug\net472\videoos.server.unittests.dll" id="4bb2727d-b9d4-6289-65c4-9870842194c7">
      <TestCategory>
        <TestCategoryItem TestCategory="Licensing Replace Hardware" />
        <TestCategoryItem TestCategory="Licensing" />
      </TestCategory>
      <Execution id="5f2f6a68-1102-431b-a176-5c4c5bfd74b0" />
      <TestMethod codeBase="D:\actions-runner\_work\XPCO\XPCO\Corporate\VideoOS.Server.UnitTests\bin\x64\Debug\net472\VideoOS.Server.UnitTests.dll" adapterTypeName="executor://mstestadapter/v2" className="VideoOS.Server.UnitTests.Licensing.LicenseAllocatorChannelTests" name="HardwareInCWAOnWhiteList_ReplacedWithInheritance_HardwareNotOnWhiteList_CWAAllowed_MoreChannelsOnReplacedHardware_AllDevicesInCWA" />
    </UnitTest>
    <UnitTest name="PtzReserveSessionResponse_ModelIsNull_BadRequestResult" storage="d:\actions-runner\_work\xpco\xpco\corporate\videoos.server.unittests\bin\x64\debug\net472\videoos.server.unittests.dll" id="35fe1dca-2f94-08b8-6459-0442542f526e">
      <Execution id="28d9f525-36f8-40e4-bf34-9582f10477b4" />
      <TestMethod codeBase="D:\actions-runner\_work\XPCO\XPCO\Corporate\VideoOS.Server.UnitTests\bin\x64\Debug\net472\VideoOS.Server.UnitTests.dll" adapterTypeName="executor://mstestadapter/v2" className="VideoOS.Server.UnitTests.WebApi.ResponseControllerTest" name="PtzReserveSessionResponse_ModelIsNull_BadRequestResult" />
    </UnitTest>
    <UnitTest name="ChangeHardwarePasswordTaskCommandHandler_Execute_Failed_NotStarted_Response" storage="d:\actions-runner\_work\xpco\xpco\corporate\videoos.server.unittests\bin\x64\debug\net472\videoos.server.unittests.dll" id="cf65519c-4e99-5233-a49b-a042d9e34110">
      <Execution id="fd29f6f5-dde0-42f4-84cf-5e98038a3daf" />
      <TestMethod codeBase="D:\actions-runner\_work\XPCO\XPCO\Corporate\VideoOS.Server.UnitTests\bin\x64\Debug\net472\VideoOS.Server.UnitTests.dll" adapterTypeName="executor://mstestadapter/v2" className="VideoOS.Server.UnitTests.CommandHandler.ChangeHardwarePasswordTaskCommandHandlerTests" name="ChangeHardwarePasswordTaskCommandHandler_Execute_Failed_NotStarted_Response" />
    </UnitTest>
    <UnitTest name="ChannelLicenseCountManager_RemoveHardwareCollection_NullCollection_ThrowsArgumentNullException" storage="d:\actions-runner\_work\xpco\xpco\corporate\videoos.server.unittests\bin\x64\debug\net472\videoos.server.unittests.dll" id="69d44fc1-6454-736a-bf3f-fdd30c9d22ff">
      <TestCategory>
        <TestCategoryItem TestCategory="Licensing" />
      </TestCategory>
      <Execution id="864e612c-d4e3-4910-bb2a-f036a1458f68" />
      <TestMethod codeBase="D:\actions-runner\_work\XPCO\XPCO\Corporate\VideoOS.Server.UnitTests\bin\x64\Debug\net472\VideoOS.Server.UnitTests.dll" adapterTypeName="executor://mstestadapter/v2" className="VideoOS.Server.UnitTests.Licensing.LicenseCountManagerUnitTests" name="ChannelLicenseCountManager_RemoveHardwareCollection_NullCollection_ThrowsArgumentNullException" />
    </UnitTest>
    <UnitTest name="UpdateLicense_AllocatesOneLicense_OnSameHwOnTwoRecordingServers_WithFirstEmptyAndSecondActivated" storage="d:\actions-runner\_work\xpco\xpco\corporate\videoos.server.unittests\bin\x64\debug\net472\videoos.server.unittests.dll" id="06369c13-5206-803d-d260-27c984790673">
      <TestCategory>
        <TestCategoryItem TestCategory="Licensing" />
      </TestCategory>
      <Execution id="12da27aa-c43b-4068-adf2-9c7dc8205a7e" />
      <TestMethod codeBase="D:\actions-runner\_work\XPCO\XPCO\Corporate\VideoOS.Server.UnitTests\bin\x64\Debug\net472\VideoOS.Server.UnitTests.dll" adapterTypeName="executor://mstestadapter/v2" className="VideoOS.Server.UnitTests.Licensing.LicenseManagerUnitTests" name="UpdateLicense_AllocatesOneLicense_OnSameHwOnTwoRecordingServers_WithFirstEmptyAndSecondActivated" />
    </UnitTest>
    <UnitTest name="Log_RecorderNotFoundException_Handled" storage="d:\actions-runner\_work\xpco\xpco\corporate\videoos.server.unittests\bin\x64\debug\net472\videoos.server.unittests.dll" id="221ba32d-8ed4-b30e-079c-7764b8e4fea8">
      <Execution id="48a27e1e-bdee-414c-8d7d-32d9cc9d80d6" />
      <TestMethod codeBase="D:\actions-runner\_work\XPCO\XPCO\Corporate\VideoOS.Server.UnitTests\bin\x64\Debug\net472\VideoOS.Server.UnitTests.dll" adapterTypeName="executor://mstestadapter/v2" className="VideoOS.Server.UnitTests.RecorderControllerTest" name="Log_RecorderNotFoundException_Handled" />
    </UnitTest>
    <UnitTest name="AllocateLicenses_Activated_OneDevice_SpeakerInputOutput_NoCamera_OneLicensed" storage="d:\actions-runner\_work\xpco\xpco\corporate\videoos.server.unittests\bin\x64\debug\net472\videoos.server.unittests.dll" id="512bd958-f8a9-a04d-b8ba-95f110712181">
      <TestCategory>
        <TestCategoryItem TestCategory="Licensing" />
      </TestCategory>
      <Execution id="0031a1bf-2b09-4871-91ed-131409846342" />
      <TestMethod codeBase="D:\actions-runner\_work\XPCO\XPCO\Corporate\VideoOS.Server.UnitTests\bin\x64\Debug\net472\VideoOS.Server.UnitTests.dll" adapterTypeName="executor://mstestadapter/v2" className="VideoOS.Server.UnitTests.Licensing.LicenseAllocatorChannelTests" name="AllocateLicenses_Activated_OneDevice_SpeakerInputOutput_NoCamera_OneLicensed" />
    </UnitTest>
    <UnitTest name="ConvertIdpLog_UserNeedPasswordChange" storage="d:\actions-runner\_work\xpco\xpco\corporate\videoos.server.unittests\bin\x64\debug\net472\videoos.server.unittests.dll" id="bf05db17-5f5c-4702-b962-dc4ccec0ed03">
      <Execution id="ba921e58-5c87-4c04-a587-ba2757e0b059" />
      <TestMethod codeBase="D:\actions-runner\_work\XPCO\XPCO\Corporate\VideoOS.Server.UnitTests\bin\x64\Debug\net472\VideoOS.Server.UnitTests.dll" adapterTypeName="executor://mstestadapter/v2" className="VideoOS.Server.UnitTests.Log.IdpLogConverterTest" name="ConvertIdpLog_UserNeedPasswordChange" />
    </UnitTest>
    <UnitTest name="UpdateHardwareTaskCommandHandler_Execute_HeartBeat_Exception_Tests" storage="d:\actions-runner\_work\xpco\xpco\corporate\videoos.server.unittests\bin\x64\debug\net472\videoos.server.unittests.dll" id="62e292ec-1e8c-b43c-455e-5da98455edd0">
      <Execution id="9b3e45d1-6361-42e2-b7da-9136c9cbfa99" />
      <TestMethod codeBase="D:\actions-runner\_work\XPCO\XPCO\Corporate\VideoOS.Server.UnitTests\bin\x64\Debug\net472\VideoOS.Server.UnitTests.dll" adapterTypeName="executor://mstestadapter/v2" className="VideoOS.Server.UnitTests.CommandHandler.UpdateHardwareTaskHandlerTests" name="UpdateHardwareTaskCommandHandler_Execute_HeartBeat_Exception_Tests" />
    </UnitTest>
    <UnitTest name="OnException_ActionExecutedContextIsNull_ArgumentNullException" storage="d:\actions-runner\_work\xpco\xpco\corporate\videoos.server.unittests\bin\x64\debug\net472\videoos.server.unittests.dll" id="91467f85-920b-1f84-c7b1-b5178fb1c5dc">
      <Execution id="9f5d9bb6-87b5-4066-a0f8-fc70a36418d1" />
      <TestMethod codeBase="D:\actions-runner\_work\XPCO\XPCO\Corporate\VideoOS.Server.UnitTests\bin\x64\Debug\net472\VideoOS.Server.UnitTests.dll" adapterTypeName="executor://mstestadapter/v2" className="VideoOS.Server.UnitTests.ServerExceptionFilterTests" name="OnException_ActionExecutedContextIsNull_ArgumentNullException" />
    </UnitTest>
    <UnitTest name="Start_IdpClientReturnsOneLog_SequencesIsUpdatedWithId" storage="d:\actions-runner\_work\xpco\xpco\corporate\videoos.server.unittests\bin\x64\debug\net472\videoos.server.unittests.dll" id="721a980b-3230-2a7a-66fb-73a2861007c3">
      <Execution id="918fcc6b-8ba7-41a3-9153-f52f3906bec2" />
      <TestMethod codeBase="D:\actions-runner\_work\XPCO\XPCO\Corporate\VideoOS.Server.UnitTests\bin\x64\Debug\net472\VideoOS.Server.UnitTests.dll" adapterTypeName="executor://mstestadapter/v2" className="VideoOS.Server.UnitTests.Log.IdpLogRetrieverTests" name="Start_IdpClientReturnsOneLog_SequencesIsUpdatedWithId" />
    </UnitTest>
    <UnitTest name="CheckMsFailoverStatusCommandHandler_Constructor_ThrowsIfParameterNull" storage="d:\actions-runner\_work\xpco\xpco\corporate\videoos.server.unittests\bin\x64\debug\net472\videoos.server.unittests.dll" id="9ae46ec7-3ae6-ea0a-534c-bb2cde14043f">
      <Execution id="0297a46c-4922-4bd9-8867-28d636756f68" />
      <TestMethod codeBase="D:\actions-runner\_work\XPCO\XPCO\Corporate\VideoOS.Server.UnitTests\bin\x64\Debug\net472\VideoOS.Server.UnitTests.dll" adapterTypeName="executor://mstestadapter/v2" className="VideoOS.Server.UnitTests.CommandHandler.CheckMsFailoverStatusCommandHandlerUnitTest" name="CheckMsFailoverStatusCommandHandler_Constructor_ThrowsIfParameterNull" />
    </UnitTest>
    <UnitTest name="HardwareInCWAOnWhiteList_ReplacedWithNoInheritance_HardwareNotOnWhiteList_CWAAllowed_NewHardwareInCWA" storage="d:\actions-runner\_work\xpco\xpco\corporate\videoos.server.unittests\bin\x64\debug\net472\videoos.server.unittests.dll" id="06d666ec-6a35-dae8-af59-087f0d776742">
      <TestCategory>
        <TestCategoryItem TestCategory="Licensing Replace Hardware" />
        <TestCategoryItem TestCategory="Licensing" />
      </TestCategory>
      <Execution id="9c33e8e1-64a0-4b3c-94f7-85842c8180d8" />
      <TestMethod codeBase="D:\actions-runner\_work\XPCO\XPCO\Corporate\VideoOS.Server.UnitTests\bin\x64\Debug\net472\VideoOS.Server.UnitTests.dll" adapterTypeName="executor://mstestadapter/v2" className="VideoOS.Server.UnitTests.Licensing.LicenseAllocatorChannelTests" name="HardwareInCWAOnWhiteList_ReplacedWithNoInheritance_HardwareNotOnWhiteList_CWAAllowed_NewHardwareInCWA" />
    </UnitTest>
    <UnitTest name="FirmwareUpgradeTaskCommandHandler_Constructor_Arguments_Null_Throws" storage="d:\actions-runner\_work\xpco\xpco\corporate\videoos.server.unittests\bin\x64\debug\net472\videoos.server.unittests.dll" id="13de28e5-d340-846e-3c63-908df06a48bc">
      <Execution id="6fc225d1-0084-4c3f-9461-54cb0740a239" />
      <TestMethod codeBase="D:\actions-runner\_work\XPCO\XPCO\Corporate\VideoOS.Server.UnitTests\bin\x64\Debug\net472\VideoOS.Server.UnitTests.dll" adapterTypeName="executor://mstestadapter/v2" className="VideoOS.Server.UnitTests.CommandHandler.FirmwareUpgradeTaskCommandHandlerTests" name="FirmwareUpgradeTaskCommandHandler_Constructor_Arguments_Null_Throws" />
    </UnitTest>
    <UnitTest name="IsActivationNeeded_False" storage="d:\actions-runner\_work\xpco\xpco\corporate\videoos.server.unittests\bin\x64\debug\net472\videoos.server.unittests.dll" id="ce0ec4ad-4a97-7a3e-1f50-3df70b371e15">
      <TestCategory>
        <TestCategoryItem TestCategory="Licensing" />
      </TestCategory>
      <Execution id="9cd9726a-4b4d-418e-b57b-936ba0a2f8c9" />
      <TestMethod codeBase="D:\actions-runner\_work\XPCO\XPCO\Corporate\VideoOS.Server.UnitTests\bin\x64\Debug\net472\VideoOS.Server.UnitTests.dll" adapterTypeName="executor://mstestadapter/v2" className="VideoOS.Server.UnitTests.Licensing.LicenseManagerUnitTests" name="IsActivationNeeded_False" />
    </UnitTest>
    <UnitTest name="HardwareScanExpressTaskCommandHandler_Execute_Arguments_Null_Throws" storage="d:\actions-runner\_work\xpco\xpco\corporate\videoos.server.unittests\bin\x64\debug\net472\videoos.server.unittests.dll" id="2f175fa8-bd7a-1a7e-9598-a021dc30fede">
      <Execution id="50cb4678-a5f4-45ca-898e-0083e56ed420" />
      <TestMethod codeBase="D:\actions-runner\_work\XPCO\XPCO\Corporate\VideoOS.Server.UnitTests\bin\x64\Debug\net472\VideoOS.Server.UnitTests.dll" adapterTypeName="executor://mstestadapter/v2" className="VideoOS.Server.UnitTests.CommandHandler.HardwareScanExpressTaskCommandHandlerTest" name="HardwareScanExpressTaskCommandHandler_Execute_Arguments_Null_Throws" />
    </UnitTest>
    <UnitTest name="HardwareActivatedOnWhiteList_ReplacedWithNoInheritance_HardwareNotOnWhiteList_CWAAllowed_AllDevicesInCWA" storage="d:\actions-runner\_work\xpco\xpco\corporate\videoos.server.unittests\bin\x64\debug\net472\videoos.server.unittests.dll" id="5e1e7852-4b74-8364-d566-ba1370dec921">
      <TestCategory>
        <TestCategoryItem TestCategory="Licensing Replace Hardware" />
        <TestCategoryItem TestCategory="Licensing" />
      </TestCategory>
      <Execution id="b9e4c89c-d58e-422a-9181-50953a02d68f" />
      <TestMethod codeBase="D:\actions-runner\_work\XPCO\XPCO\Corporate\VideoOS.Server.UnitTests\bin\x64\Debug\net472\VideoOS.Server.UnitTests.dll" adapterTypeName="executor://mstestadapter/v2" className="VideoOS.Server.UnitTests.Licensing.LicenseAllocatorChannelTests" name="HardwareActivatedOnWhiteList_ReplacedWithNoInheritance_HardwareNotOnWhiteList_CWAAllowed_AllDevicesInCWA" />
    </UnitTest>
    <UnitTest name="AllocateLicenses_SevenHardware_25Licenses_EnablingTwoDisabledCamerasWillHaveTwoUnlicensed" storage="d:\actions-runner\_work\xpco\xpco\corporate\videoos.server.unittests\bin\x64\debug\net472\videoos.server.unittests.dll" id="9447d857-64c8-6cf8-db39-f3d427d61a65">
      <TestCategory>
        <TestCategoryItem TestCategory="Licensing" />
      </TestCategory>
      <Execution id="abc40074-ecba-4d1a-9b6f-b67ea6d40e5c" />
      <TestMethod codeBase="D:\actions-runner\_work\XPCO\XPCO\Corporate\VideoOS.Server.UnitTests\bin\x64\Debug\net472\VideoOS.Server.UnitTests.dll" adapterTypeName="executor://mstestadapter/v2" className="VideoOS.Server.UnitTests.Licensing.LicenseAllocatorChannelTests" name="AllocateLicenses_SevenHardware_25Licenses_EnablingTwoDisabledCamerasWillHaveTwoUnlicensed" />
    </UnitTest>
    <UnitTest name="ChangeHardwarePasswordTaskCommandHandler_Execute_Arguments_Null_Throws" storage="d:\actions-runner\_work\xpco\xpco\corporate\videoos.server.unittests\bin\x64\debug\net472\videoos.server.unittests.dll" id="b35358ef-a214-5c79-c3b7-90f943e58d63">
      <Execution id="f2374da6-4790-471a-8fcb-274907bd47c8" />
      <TestMethod codeBase="D:\actions-runner\_work\XPCO\XPCO\Corporate\VideoOS.Server.UnitTests\bin\x64\Debug\net472\VideoOS.Server.UnitTests.dll" adapterTypeName="executor://mstestadapter/v2" className="VideoOS.Server.UnitTests.CommandHandler.ChangeHardwarePasswordTaskCommandHandlerTests" name="ChangeHardwarePasswordTaskCommandHandler_Execute_Arguments_Null_Throws" />
    </UnitTest>
    <UnitTest name="ConfigurationDataSetLoader_GetHardwareByRecorderId_Success" storage="d:\actions-runner\_work\xpco\xpco\corporate\videoos.server.unittests\bin\x64\debug\net472\videoos.server.unittests.dll" id="816f9c6d-fb47-2bf0-555a-d79381eb2859">
      <Execution id="4d4e222f-d6e0-4c4b-9095-b45216e11013" />
      <TestMethod codeBase="D:\actions-runner\_work\XPCO\XPCO\Corporate\VideoOS.Server.UnitTests\bin\x64\Debug\net472\VideoOS.Server.UnitTests.dll" adapterTypeName="executor://mstestadapter/v2" className="VideoOS.Server.UnitTests.Configuration.ConfigurationDataSetLoaderTests" name="ConfigurationDataSetLoader_GetHardwareByRecorderId_Success" />
    </UnitTest>
    <UnitTest name="GetRecorderLicense_RegeneratesReplacementToken_OnSpaceLeftInReplacementLimit" storage="d:\actions-runner\_work\xpco\xpco\corporate\videoos.server.unittests\bin\x64\debug\net472\videoos.server.unittests.dll" id="93b11316-d1d6-b077-2764-1a3ca66eecf5">
      <TestCategory>
        <TestCategoryItem TestCategory="Licensing" />
      </TestCategory>
      <Execution id="ff610ac8-5992-4b8f-a7bc-f3a46c4fefc6" />
      <TestMethod codeBase="D:\actions-runner\_work\XPCO\XPCO\Corporate\VideoOS.Server.UnitTests\bin\x64\Debug\net472\VideoOS.Server.UnitTests.dll" adapterTypeName="executor://mstestadapter/v2" className="VideoOS.Server.UnitTests.Licensing.LicenseManagerUnitTests" name="GetRecorderLicense_RegeneratesReplacementToken_OnSpaceLeftInReplacementLimit" />
    </UnitTest>
    <UnitTest name="EvidenceLockOnOldRecorderCommandHandlerTests_OldRecV2_ConfigEdit3Rows" storage="d:\actions-runner\_work\xpco\xpco\corporate\videoos.server.unittests\bin\x64\debug\net472\videoos.server.unittests.dll" id="17f84e40-a26b-78e4-2dad-26313f9b7fcc">
      <Execution id="212dcab3-0c59-4b2c-a085-adbc4b261353" />
      <TestMethod codeBase="D:\actions-runner\_work\XPCO\XPCO\Corporate\VideoOS.Server.UnitTests\bin\x64\Debug\net472\VideoOS.Server.UnitTests.dll" adapterTypeName="executor://mstestadapter/v2" className="VideoOS.Server.UnitTests.CommandHandler.EvidenceLockOnOldRecorderCommandHandlerTests" name="EvidenceLockOnOldRecorderCommandHandlerTests_OldRecV2_ConfigEdit3Rows" />
    </UnitTest>
    <UnitTest name="RemoveRecorderTask_ModelIsValid_Executed" storage="d:\actions-runner\_work\xpco\xpco\corporate\videoos.server.unittests\bin\x64\debug\net472\videoos.server.unittests.dll" id="db66bbd2-870f-d30e-60fa-e9406ee3f761">
      <Execution id="11fc9040-abf6-4eba-b2ca-7e22b2ac4634" />
      <TestMethod codeBase="D:\actions-runner\_work\XPCO\XPCO\Corporate\VideoOS.Server.UnitTests\bin\x64\Debug\net472\VideoOS.Server.UnitTests.dll" adapterTypeName="executor://mstestadapter/v2" className="VideoOS.Server.UnitTests.TaskControllerTests" name="RemoveRecorderTask_ModelIsValid_Executed" />
    </UnitTest>
    <UnitTest name="ChangeHardwarePasswordRuleAction_Execute_TaskBuilderConstructionThrows_ErrorLogCreated" storage="d:\actions-runner\_work\xpco\xpco\corporate\videoos.server.unittests\bin\x64\debug\net472\videoos.server.unittests.dll" id="a8d7312b-c46b-8cf5-29bb-7947f5804bd9">
      <Execution id="3b537aa6-8210-46ec-8d44-f45a502eaef6" />
      <TestMethod codeBase="D:\actions-runner\_work\XPCO\XPCO\Corporate\VideoOS.Server.UnitTests\bin\x64\Debug\net472\VideoOS.Server.UnitTests.dll" adapterTypeName="executor://mstestadapter/v2" className="VideoOS.Server.UnitTests.RuleActions.ChangeHardwarePasswordRuleActionUnitTests" name="ChangeHardwarePasswordRuleAction_Execute_TaskBuilderConstructionThrows_ErrorLogCreated" />
    </UnitTest>
    <UnitTest name="LastAutomaticActivationErrorMessage_Cleared_OnSuccessfulManualActivation" storage="d:\actions-runner\_work\xpco\xpco\corporate\videoos.server.unittests\bin\x64\debug\net472\videoos.server.unittests.dll" id="4bdf24b4-1027-686b-e618-9c02ba4de6ac">
      <TestCategory>
        <TestCategoryItem TestCategory="Licensing" />
      </TestCategory>
      <Execution id="8168ba66-20f5-4b55-9eb6-0c92cdf5c628" />
      <TestMethod codeBase="D:\actions-runner\_work\XPCO\XPCO\Corporate\VideoOS.Server.UnitTests\bin\x64\Debug\net472\VideoOS.Server.UnitTests.dll" adapterTypeName="executor://mstestadapter/v2" className="VideoOS.Server.UnitTests.Licensing.ActivationManagerTests" name="LastAutomaticActivationErrorMessage_Cleared_OnSuccessfulManualActivation" />
    </UnitTest>
    <UnitTest name="ConfigurationDataSetLoader_GetDeviceByDeviceId_Success" storage="d:\actions-runner\_work\xpco\xpco\corporate\videoos.server.unittests\bin\x64\debug\net472\videoos.server.unittests.dll" id="260c9bc9-44cf-d92d-0615-5ef8b1fdd260">
      <Execution id="acc5e16a-208d-4ba0-bc76-26797dd8e78a" />
      <TestMethod codeBase="D:\actions-runner\_work\XPCO\XPCO\Corporate\VideoOS.Server.UnitTests\bin\x64\Debug\net472\VideoOS.Server.UnitTests.dll" adapterTypeName="executor://mstestadapter/v2" className="VideoOS.Server.UnitTests.Configuration.ConfigurationDataSetLoaderTests" name="ConfigurationDataSetLoader_GetDeviceByDeviceId_Success" />
    </UnitTest>
    <UnitTest name="GetTotalReplacementLimit_ReturnsMinimum_OnPercentagesmallerThanMinimum" storage="d:\actions-runner\_work\xpco\xpco\corporate\videoos.server.unittests\bin\x64\debug\net472\videoos.server.unittests.dll" id="64ab9353-a028-abd7-16bf-3ab6a2fb00d5">
      <TestCategory>
        <TestCategoryItem TestCategory="ReplacementLimit" />
      </TestCategory>
      <Execution id="dd374e62-26e1-4fe1-b870-ead18ca2de8e" />
      <TestMethod codeBase="D:\actions-runner\_work\XPCO\XPCO\Corporate\VideoOS.Server.UnitTests\bin\x64\Debug\net472\VideoOS.Server.UnitTests.dll" adapterTypeName="executor://mstestadapter/v2" className="VideoOS.Server.UnitTests.Licensing.ReplacementLimitTests" name="GetTotalReplacementLimit_ReturnsMinimum_OnPercentagesmallerThanMinimum" />
    </UnitTest>
    <UnitTest name="TemporaryLicense_SetChangesWithoutActivationToken_SetsTokenToNotStringEmpty" storage="d:\actions-runner\_work\xpco\xpco\corporate\videoos.server.unittests\bin\x64\debug\net472\videoos.server.unittests.dll" id="1d68fd44-a83f-ce8d-5546-5210a12a7d3f">
      <TestCategory>
        <TestCategoryItem TestCategory="Licensing" />
      </TestCategory>
      <Execution id="dbfea74c-537f-49ec-a47a-5b970a6a3725" />
      <TestMethod codeBase="D:\actions-runner\_work\XPCO\XPCO\Corporate\VideoOS.Server.UnitTests\bin\x64\Debug\net472\VideoOS.Server.UnitTests.dll" adapterTypeName="executor://mstestadapter/v2" className="VideoOS.Server.UnitTests.Licensing.HardwareLicensesUnitTests" name="TemporaryLicense_SetChangesWithoutActivationToken_SetsTokenToNotStringEmpty" />
    </UnitTest>
    <UnitTest name="EvidenceLockOnOldRecorderCommandHandlerTests_OldRec_TaskAndSecurity" storage="d:\actions-runner\_work\xpco\xpco\corporate\videoos.server.unittests\bin\x64\debug\net472\videoos.server.unittests.dll" id="2a0bb754-1adc-0aaf-66d0-16790f8a4d2c">
      <Execution id="ebf810c2-3670-4734-8940-976b0841e62a" />
      <TestMethod codeBase="D:\actions-runner\_work\XPCO\XPCO\Corporate\VideoOS.Server.UnitTests\bin\x64\Debug\net472\VideoOS.Server.UnitTests.dll" adapterTypeName="executor://mstestadapter/v2" className="VideoOS.Server.UnitTests.CommandHandler.EvidenceLockOnOldRecorderCommandHandlerTests" name="EvidenceLockOnOldRecorderCommandHandlerTests_OldRec_TaskAndSecurity" />
    </UnitTest>
    <UnitTest name="GetTotalReplacementLimit_ReturnIntMaximum_OnPercentageOneHundred" storage="d:\actions-runner\_work\xpco\xpco\corporate\videoos.server.unittests\bin\x64\debug\net472\videoos.server.unittests.dll" id="69f51caf-2be9-d08e-6810-ce001c777fb4">
      <TestCategory>
        <TestCategoryItem TestCategory="ReplacementLimit" />
      </TestCategory>
      <Execution id="5dfcaad0-b154-4061-9771-8d3eda15a221" />
      <TestMethod codeBase="D:\actions-runner\_work\XPCO\XPCO\Corporate\VideoOS.Server.UnitTests\bin\x64\Debug\net472\VideoOS.Server.UnitTests.dll" adapterTypeName="executor://mstestadapter/v2" className="VideoOS.Server.UnitTests.Licensing.ReplacementLimitTests" name="GetTotalReplacementLimit_ReturnIntMaximum_OnPercentageOneHundred" />
    </UnitTest>
    <UnitTest name="ChangeHardwarePasswordRuleAction_Execute_SunnyDay_CleanupIsCalled" storage="d:\actions-runner\_work\xpco\xpco\corporate\videoos.server.unittests\bin\x64\debug\net472\videoos.server.unittests.dll" id="f16cf963-f1fd-a482-1f8d-a5f88ac77836">
      <Execution id="c249bc9f-ca92-441d-8010-06677b1dbcbb" />
      <TestMethod codeBase="D:\actions-runner\_work\XPCO\XPCO\Corporate\VideoOS.Server.UnitTests\bin\x64\Debug\net472\VideoOS.Server.UnitTests.dll" adapterTypeName="executor://mstestadapter/v2" className="VideoOS.Server.UnitTests.RuleActions.ChangeHardwarePasswordRuleActionUnitTests" name="ChangeHardwarePasswordRuleAction_Execute_SunnyDay_CleanupIsCalled" />
    </UnitTest>
    <UnitTest name="GenerateIntegrationRegistrationsAsXml_Success_ValidXmlWithIntegrationRegistration" storage="d:\actions-runner\_work\xpco\xpco\corporate\videoos.server.unittests\bin\x64\debug\net472\videoos.server.unittests.dll" id="02013f03-f3c8-ae40-1d17-a301222d6f0c">
      <TestCategory>
        <TestCategoryItem TestCategory="Licensing" />
      </TestCategory>
      <Execution id="53e720e7-c520-4b8b-9933-07a2c177dde4" />
      <TestMethod codeBase="D:\actions-runner\_work\XPCO\XPCO\Corporate\VideoOS.Server.UnitTests\bin\x64\Debug\net472\VideoOS.Server.UnitTests.dll" adapterTypeName="executor://mstestadapter/v2" className="VideoOS.Server.UnitTests.Licensing.LicenseRequestChannelTests" name="GenerateIntegrationRegistrationsAsXml_Success_ValidXmlWithIntegrationRegistration" />
    </UnitTest>
    <UnitTest name="UpdateEvidenceLockSizesCommandHandlerTests_ServerIsClosingNoAction" storage="d:\actions-runner\_work\xpco\xpco\corporate\videoos.server.unittests\bin\x64\debug\net472\videoos.server.unittests.dll" id="34de5a19-746a-4505-8d20-054e2c088792">
      <Execution id="a25aa833-b37a-4470-ac31-8d774c334ce5" />
      <TestMethod codeBase="D:\actions-runner\_work\XPCO\XPCO\Corporate\VideoOS.Server.UnitTests\bin\x64\Debug\net472\VideoOS.Server.UnitTests.dll" adapterTypeName="executor://mstestadapter/v2" className="VideoOS.Server.UnitTests.CommandHandler.UpdateEvidenceLockSizesCommandHandlerTests" name="UpdateEvidenceLockSizesCommandHandlerTests_ServerIsClosingNoAction" />
    </UnitTest>
    <UnitTest name="LicenseCountManager_IsHardwareWithoutEnabledCamerasLicensed_ReturnsTrue_WhenAddLicensedHardwareCalledFirst_NotFreeLicense" storage="d:\actions-runner\_work\xpco\xpco\corporate\videoos.server.unittests\bin\x64\debug\net472\videoos.server.unittests.dll" id="6f68000e-a2fd-05b2-ad24-f91ef4d642d9">
      <TestCategory>
        <TestCategoryItem TestCategory="Licensing" />
      </TestCategory>
      <Execution id="3a7ca635-961b-4609-9767-7216d1555788" />
      <TestMethod codeBase="D:\actions-runner\_work\XPCO\XPCO\Corporate\VideoOS.Server.UnitTests\bin\x64\Debug\net472\VideoOS.Server.UnitTests.dll" adapterTypeName="executor://mstestadapter/v2" className="VideoOS.Server.UnitTests.Licensing.LicenseCountManagerUnitTests" name="LicenseCountManager_IsHardwareWithoutEnabledCamerasLicensed_ReturnsTrue_WhenAddLicensedHardwareCalledFirst_NotFreeLicense" />
    </UnitTest>
    <UnitTest name="EvidenceLockOnOldRecorderCommandHandlerTests_ArgumentChecks" storage="d:\actions-runner\_work\xpco\xpco\corporate\videoos.server.unittests\bin\x64\debug\net472\videoos.server.unittests.dll" id="8c0fccc1-43fa-d4b9-bb3c-3f11a0c20b5f">
      <Execution id="cf098b1e-c331-4dee-bc41-cb29306fd02e" />
      <TestMethod codeBase="D:\actions-runner\_work\XPCO\XPCO\Corporate\VideoOS.Server.UnitTests\bin\x64\Debug\net472\VideoOS.Server.UnitTests.dll" adapterTypeName="executor://mstestadapter/v2" className="VideoOS.Server.UnitTests.CommandHandler.EvidenceLockOnOldRecorderCommandHandlerTests" name="EvidenceLockOnOldRecorderCommandHandlerTests_ArgumentChecks" />
    </UnitTest>
    <UnitTest name="ChannelLicenseCountManager_HardwareRecorderRelation_Success" storage="d:\actions-runner\_work\xpco\xpco\corporate\videoos.server.unittests\bin\x64\debug\net472\videoos.server.unittests.dll" id="18e165c1-f7a6-634a-9110-df55c01ad37f">
      <TestCategory>
        <TestCategoryItem TestCategory="Licensing" />
      </TestCategory>
      <Execution id="2d89e72a-7d88-4cc6-950e-f6fd59c3b5d0" />
      <TestMethod codeBase="D:\actions-runner\_work\XPCO\XPCO\Corporate\VideoOS.Server.UnitTests\bin\x64\Debug\net472\VideoOS.Server.UnitTests.dll" adapterTypeName="executor://mstestadapter/v2" className="VideoOS.Server.UnitTests.Licensing.LicenseCountManagerUnitTests" name="ChannelLicenseCountManager_HardwareRecorderRelation_Success" />
    </UnitTest>
    <UnitTest name="LastAutomaticActivationErrorMessage_Set_OnFailedActivation" storage="d:\actions-runner\_work\xpco\xpco\corporate\videoos.server.unittests\bin\x64\debug\net472\videoos.server.unittests.dll" id="6c5ecedb-b43e-7486-b59e-580142222e3e">
      <TestCategory>
        <TestCategoryItem TestCategory="Licensing" />
      </TestCategory>
      <Execution id="0bc0edc2-66ed-4281-9942-da004cdfdb6a" />
      <TestMethod codeBase="D:\actions-runner\_work\XPCO\XPCO\Corporate\VideoOS.Server.UnitTests\bin\x64\Debug\net472\VideoOS.Server.UnitTests.dll" adapterTypeName="executor://mstestadapter/v2" className="VideoOS.Server.UnitTests.Licensing.ActivationManagerTests" name="LastAutomaticActivationErrorMessage_Set_OnFailedActivation" />
    </UnitTest>
    <UnitTest name="EvidenceLockOnOldRecorderCommandHandlerTests_OldRecV2_ConfigDelete3Rows" storage="d:\actions-runner\_work\xpco\xpco\corporate\videoos.server.unittests\bin\x64\debug\net472\videoos.server.unittests.dll" id="75fbb0cd-c2fa-1c95-0160-f622d5b45092">
      <Execution id="12b4f676-02bd-4c8b-8941-9753b1b06cca" />
      <TestMethod codeBase="D:\actions-runner\_work\XPCO\XPCO\Corporate\VideoOS.Server.UnitTests\bin\x64\Debug\net472\VideoOS.Server.UnitTests.dll" adapterTypeName="executor://mstestadapter/v2" className="VideoOS.Server.UnitTests.CommandHandler.EvidenceLockOnOldRecorderCommandHandlerTests" name="EvidenceLockOnOldRecorderCommandHandlerTests_OldRecV2_ConfigDelete3Rows" />
    </UnitTest>
    <UnitTest name="CheckMsFailoverStatusCommandHandler_Execute_Https_InvokeEventTrue_InvalidResponse_ShouldNotTrigger" storage="d:\actions-runner\_work\xpco\xpco\corporate\videoos.server.unittests\bin\x64\debug\net472\videoos.server.unittests.dll" id="9efe8d67-d061-8a16-2a6f-cc0f412a1643">
      <Execution id="c9c57f53-dba7-47e4-82f7-07a6e4c38025" />
      <TestMethod codeBase="D:\actions-runner\_work\XPCO\XPCO\Corporate\VideoOS.Server.UnitTests\bin\x64\Debug\net472\VideoOS.Server.UnitTests.dll" adapterTypeName="executor://mstestadapter/v2" className="VideoOS.Server.UnitTests.CommandHandler.CheckMsFailoverStatusCommandHandlerUnitTest" name="CheckMsFailoverStatusCommandHandler_Execute_Https_InvokeEventTrue_InvalidResponse_ShouldNotTrigger" />
    </UnitTest>
    <UnitTest name="FailResponse_ModelIsNull_BadRequestResult" storage="d:\actions-runner\_work\xpco\xpco\corporate\videoos.server.unittests\bin\x64\debug\net472\videoos.server.unittests.dll" id="27d010b7-073a-bedd-c4ca-0b3ec69f3aae">
      <Execution id="5e305327-be41-473b-b435-868860cf0b66" />
      <TestMethod codeBase="D:\actions-runner\_work\XPCO\XPCO\Corporate\VideoOS.Server.UnitTests\bin\x64\Debug\net472\VideoOS.Server.UnitTests.dll" adapterTypeName="executor://mstestadapter/v2" className="VideoOS.Server.UnitTests.WebApi.ResponseControllerTest" name="FailResponse_ModelIsNull_BadRequestResult" />
    </UnitTest>
    <UnitTest name="IsActivationQueued_IsFalse_Initially" storage="d:\actions-runner\_work\xpco\xpco\corporate\videoos.server.unittests\bin\x64\debug\net472\videoos.server.unittests.dll" id="6bd5b1f8-f899-7ea6-5da0-57f14ba99ccc">
      <TestCategory>
        <TestCategoryItem TestCategory="Licensing" />
      </TestCategory>
      <Execution id="66ce1d71-836f-4706-bcba-5c654e48ef01" />
      <TestMethod codeBase="D:\actions-runner\_work\XPCO\XPCO\Corporate\VideoOS.Server.UnitTests\bin\x64\Debug\net472\VideoOS.Server.UnitTests.dll" adapterTypeName="executor://mstestadapter/v2" className="VideoOS.Server.UnitTests.Licensing.ActivationManagerTests" name="IsActivationQueued_IsFalse_Initially" />
    </UnitTest>
    <UnitTest name="SynchronizeDevicePresetsResponse_ModelIsValid_CommandExecuted" storage="d:\actions-runner\_work\xpco\xpco\corporate\videoos.server.unittests\bin\x64\debug\net472\videoos.server.unittests.dll" id="ca8707b1-fdbb-1240-3ed3-aec73e9fbd04">
      <Execution id="8e96e8d5-bd98-43d8-aefa-5cf4ee51c849" />
      <TestMethod codeBase="D:\actions-runner\_work\XPCO\XPCO\Corporate\VideoOS.Server.UnitTests\bin\x64\Debug\net472\VideoOS.Server.UnitTests.dll" adapterTypeName="executor://mstestadapter/v2" className="VideoOS.Server.UnitTests.WebApi.ResponseControllerTest" name="SynchronizeDevicePresetsResponse_ModelIsValid_CommandExecuted" />
    </UnitTest>
    <UnitTest name="CheckMsFailoverStatusCommandHandler_Execute_InvokeEventTrue_ShouldNotTrigger" storage="d:\actions-runner\_work\xpco\xpco\corporate\videoos.server.unittests\bin\x64\debug\net472\videoos.server.unittests.dll" id="4c0bc591-f9bc-3020-eca2-2051fea13486">
      <Execution id="67a8cbf9-224c-4552-a11e-ca87171a2ce1" />
      <TestMethod codeBase="D:\actions-runner\_work\XPCO\XPCO\Corporate\VideoOS.Server.UnitTests\bin\x64\Debug\net472\VideoOS.Server.UnitTests.dll" adapterTypeName="executor://mstestadapter/v2" className="VideoOS.Server.UnitTests.CommandHandler.CheckMsFailoverStatusCommandHandlerUnitTest" name="CheckMsFailoverStatusCommandHandler_Execute_InvokeEventTrue_ShouldNotTrigger" />
    </UnitTest>
    <UnitTest name="AllocateLicenses_OneHardwareWithTenCameras_GetsFiveInGraceAndFiveInCWA_Success" storage="d:\actions-runner\_work\xpco\xpco\corporate\videoos.server.unittests\bin\x64\debug\net472\videoos.server.unittests.dll" id="9e5cbe5c-eb19-54b0-69e8-8cc53a9c52ec">
      <TestCategory>
        <TestCategoryItem TestCategory="Licensing" />
      </TestCategory>
      <Execution id="aed169ed-345d-4955-8868-294eeb7f3766" />
      <TestMethod codeBase="D:\actions-runner\_work\XPCO\XPCO\Corporate\VideoOS.Server.UnitTests\bin\x64\Debug\net472\VideoOS.Server.UnitTests.dll" adapterTypeName="executor://mstestadapter/v2" className="VideoOS.Server.UnitTests.Licensing.LicenseAllocatorChannelTests" name="AllocateLicenses_OneHardwareWithTenCameras_GetsFiveInGraceAndFiveInCWA_Success" />
    </UnitTest>
    <UnitTest name="SessionDataManager_Store_NullCheck" storage="d:\actions-runner\_work\xpco\xpco\corporate\videoos.server.unittests\bin\x64\debug\net472\videoos.server.unittests.dll" id="8e3546fa-c787-88c0-b0a3-fc1e85bae175">
      <Execution id="d13ce35c-1727-426a-944b-633125779580" />
      <TestMethod codeBase="D:\actions-runner\_work\XPCO\XPCO\Corporate\VideoOS.Server.UnitTests\bin\x64\Debug\net472\VideoOS.Server.UnitTests.dll" adapterTypeName="executor://mstestadapter/v2" className="VideoOS.Server.UnitTests.Tasks.SessionDataManagerTests" name="SessionDataManager_Store_NullCheck" />
    </UnitTest>
    <UnitTest name="HardwareActivatedNotOnWhiteList_ReplacedWithNoInheritance_HardwareNotOnWhiteList_DifferentCameraChannels_SomeGraceSomeCWA" storage="d:\actions-runner\_work\xpco\xpco\corporate\videoos.server.unittests\bin\x64\debug\net472\videoos.server.unittests.dll" id="5a9e08ea-a0c8-9a43-60de-b13ced81a7fa">
      <TestCategory>
        <TestCategoryItem TestCategory="Licensing Replace Hardware" />
        <TestCategoryItem TestCategory="Licensing" />
      </TestCategory>
      <Execution id="a8102033-98c3-4ade-9d3c-74350d4b4003" />
      <TestMethod codeBase="D:\actions-runner\_work\XPCO\XPCO\Corporate\VideoOS.Server.UnitTests\bin\x64\Debug\net472\VideoOS.Server.UnitTests.dll" adapterTypeName="executor://mstestadapter/v2" className="VideoOS.Server.UnitTests.Licensing.LicenseAllocatorChannelTests" name="HardwareActivatedNotOnWhiteList_ReplacedWithNoInheritance_HardwareNotOnWhiteList_DifferentCameraChannels_SomeGraceSomeCWA" />
    </UnitTest>
    <UnitTest name="VideoWallCommand_ModelIsNull_BadRequestResult" storage="d:\actions-runner\_work\xpco\xpco\corporate\videoos.server.unittests\bin\x64\debug\net472\videoos.server.unittests.dll" id="2f87be75-276d-5f8b-8ad2-6536e89b23ad">
      <Execution id="028e7e10-a229-40c2-a8a8-b589410a3041" />
      <TestMethod codeBase="D:\actions-runner\_work\XPCO\XPCO\Corporate\VideoOS.Server.UnitTests\bin\x64\Debug\net472\VideoOS.Server.UnitTests.dll" adapterTypeName="executor://mstestadapter/v2" className="VideoOS.Server.UnitTests.ServerCommmandsControllerTests" name="VideoWallCommand_ModelIsNull_BadRequestResult" />
    </UnitTest>
    <UnitTest name="DeviceLicense_GetLicense_NullDeviceInfo_Throws_ArgumentException" storage="d:\actions-runner\_work\xpco\xpco\corporate\videoos.server.unittests\bin\x64\debug\net472\videoos.server.unittests.dll" id="acb3bee3-815d-0e62-c834-e669f2acf8d8">
      <Execution id="3714134b-9b80-4d63-91df-02dd684839a7" />
      <TestMethod codeBase="D:\actions-runner\_work\XPCO\XPCO\Corporate\VideoOS.Server.UnitTests\bin\x64\Debug\net472\VideoOS.Server.UnitTests.dll" adapterTypeName="executor://mstestadapter/v2" className="VideoOS.Server.UnitTests.Licensing.LicenseSnapshotTests" name="DeviceLicense_GetLicense_NullDeviceInfo_Throws_ArgumentException" />
    </UnitTest>
    <UnitTest name="ValidateParameter_NullLicenseDeviceInfo_Expect_ArgumentNullException" storage="d:\actions-runner\_work\xpco\xpco\corporate\videoos.server.unittests\bin\x64\debug\net472\videoos.server.unittests.dll" id="20ca43c6-2f14-43d9-a49c-571d28462c6a">
      <TestCategory>
        <TestCategoryItem TestCategory="Licensing" />
      </TestCategory>
      <Execution id="55658ee3-4296-4098-822f-2af6b966e7cf" />
      <TestMethod codeBase="D:\actions-runner\_work\XPCO\XPCO\Corporate\VideoOS.Server.UnitTests\bin\x64\Debug\net472\VideoOS.Server.UnitTests.dll" adapterTypeName="executor://mstestadapter/v2" className="VideoOS.Server.UnitTests.Licensing.LicenseAllocatorChannelTests" name="ValidateParameter_NullLicenseDeviceInfo_Expect_ArgumentNullException" />
    </UnitTest>
    <UnitTest name="RecorderLicense_FindById_EmptyGuid_Throws_ArgumentException" storage="d:\actions-runner\_work\xpco\xpco\corporate\videoos.server.unittests\bin\x64\debug\net472\videoos.server.unittests.dll" id="997ec17f-7be5-22f4-8e7f-5f6553c6f954">
      <Execution id="5781c30f-3145-42e6-97da-5960b4b2dbde" />
      <TestMethod codeBase="D:\actions-runner\_work\XPCO\XPCO\Corporate\VideoOS.Server.UnitTests\bin\x64\Debug\net472\VideoOS.Server.UnitTests.dll" adapterTypeName="executor://mstestadapter/v2" className="VideoOS.Server.UnitTests.Licensing.LicenseSnapshotTests" name="RecorderLicense_FindById_EmptyGuid_Throws_ArgumentException" />
    </UnitTest>
    <UnitTest name="UpdateHardwareDriverCommandHandler_Execute_Arguments_Null_Throws" storage="d:\actions-runner\_work\xpco\xpco\corporate\videoos.server.unittests\bin\x64\debug\net472\videoos.server.unittests.dll" id="f560dcde-067b-0afa-0fd6-a7ba27afdf2f">
      <Execution id="8092f841-fe55-4ace-92d7-9a15b8210bdf" />
      <TestMethod codeBase="D:\actions-runner\_work\XPCO\XPCO\Corporate\VideoOS.Server.UnitTests\bin\x64\Debug\net472\VideoOS.Server.UnitTests.dll" adapterTypeName="executor://mstestadapter/v2" className="VideoOS.Server.UnitTests.CommandHandler.UpdateHardwareDriverCommandHandlerTests" name="UpdateHardwareDriverCommandHandler_Execute_Arguments_Null_Throws" />
    </UnitTest>
    <UnitTest name="AllocateLicense_5Available_OneHardware_AlreadyLicensedInLicFile_InsufficientCameraCountInLicenseFileForHardwareCameraFeeds_1InChangesWithoutActivation_IncrementEnabledCameras" storage="d:\actions-runner\_work\xpco\xpco\corporate\videoos.server.unittests\bin\x64\debug\net472\videoos.server.unittests.dll" id="bdd2922d-084a-f7c1-33c0-95be80f9e839">
      <TestCategory>
        <TestCategoryItem TestCategory="Licensing" />
      </TestCategory>
      <Execution id="3ccd82b0-27e4-47a2-8ab9-7318ddb941c2" />
      <TestMethod codeBase="D:\actions-runner\_work\XPCO\XPCO\Corporate\VideoOS.Server.UnitTests\bin\x64\Debug\net472\VideoOS.Server.UnitTests.dll" adapterTypeName="executor://mstestadapter/v2" className="VideoOS.Server.UnitTests.Licensing.LicenseAllocatorChannelTests" name="AllocateLicense_5Available_OneHardware_AlreadyLicensedInLicFile_InsufficientCameraCountInLicenseFileForHardwareCameraFeeds_1InChangesWithoutActivation_IncrementEnabledCameras" />
    </UnitTest>
    <UnitTest name="HardwareScanExpressTaskCommandHandler_Execute_Timeout_FailResponse" storage="d:\actions-runner\_work\xpco\xpco\corporate\videoos.server.unittests\bin\x64\debug\net472\videoos.server.unittests.dll" id="ec814362-5678-9178-3c3f-acbc4e24f5e1">
      <Execution id="661984a3-df1c-4d88-9e63-5304cac79a03" />
      <TestMethod codeBase="D:\actions-runner\_work\XPCO\XPCO\Corporate\VideoOS.Server.UnitTests\bin\x64\Debug\net472\VideoOS.Server.UnitTests.dll" adapterTypeName="executor://mstestadapter/v2" className="VideoOS.Server.UnitTests.CommandHandler.HardwareScanExpressTaskCommandHandlerTest" name="HardwareScanExpressTaskCommandHandler_Execute_Timeout_FailResponse" />
    </UnitTest>
    <UnitTest name="Ctor_IdpBundleIntervalOutOfRange_ThrowsArgumentOutOfRangeException" storage="d:\actions-runner\_work\xpco\xpco\corporate\videoos.server.unittests\bin\x64\debug\net472\videoos.server.unittests.dll" id="25135369-36d9-5d01-0cef-3b28ec7b5e4c">
      <Execution id="9beae240-be99-4608-a395-7cbf45a22c4d" />
      <TestMethod codeBase="D:\actions-runner\_work\XPCO\XPCO\Corporate\VideoOS.Server.UnitTests\bin\x64\Debug\net472\VideoOS.Server.UnitTests.dll" adapterTypeName="executor://mstestadapter/v2" className="VideoOS.Server.UnitTests.Log.IdpLogRetrieverTests" name="Ctor_IdpBundleIntervalOutOfRange_ThrowsArgumentOutOfRangeException" />
    </UnitTest>
    <UnitTest name="AllocateLicenses_NotActivated_OneUnlicensed_AddHardwareLicenseAndEnableCamera_DeviceRemovedFromCWA_CameraInChangesWithoutActivation" storage="d:\actions-runner\_work\xpco\xpco\corporate\videoos.server.unittests\bin\x64\debug\net472\videoos.server.unittests.dll" id="6922d059-f036-7ed8-9a45-1c7d4b784274">
      <TestCategory>
        <TestCategoryItem TestCategory="Licensing" />
      </TestCategory>
      <Execution id="f899d264-4504-4586-9be6-09204f337513" />
      <TestMethod codeBase="D:\actions-runner\_work\XPCO\XPCO\Corporate\VideoOS.Server.UnitTests\bin\x64\Debug\net472\VideoOS.Server.UnitTests.dll" adapterTypeName="executor://mstestadapter/v2" className="VideoOS.Server.UnitTests.Licensing.LicenseAllocatorChannelTests" name="AllocateLicenses_NotActivated_OneUnlicensed_AddHardwareLicenseAndEnableCamera_DeviceRemovedFromCWA_CameraInChangesWithoutActivation" />
    </UnitTest>
    <UnitTest name="Simulate_ActivatedHardware_WhitelistedHardware_HardwareWithCameras_TwoRecordingServers_CountsAreCorrect" storage="d:\actions-runner\_work\xpco\xpco\corporate\videoos.server.unittests\bin\x64\debug\net472\videoos.server.unittests.dll" id="ce843775-f582-0f1d-bc7b-b8a7c6f03a72">
      <TestCategory>
        <TestCategoryItem TestCategory="Licensing" />
      </TestCategory>
      <Execution id="cdd5cc55-87ca-4ac3-a2a1-99791cbfd798" />
      <TestMethod codeBase="D:\actions-runner\_work\XPCO\XPCO\Corporate\VideoOS.Server.UnitTests\bin\x64\Debug\net472\VideoOS.Server.UnitTests.dll" adapterTypeName="executor://mstestadapter/v2" className="VideoOS.Server.UnitTests.Licensing.LicenseAllocatorChannelTests" name="Simulate_ActivatedHardware_WhitelistedHardware_HardwareWithCameras_TwoRecordingServers_CountsAreCorrect" />
    </UnitTest>
    <UnitTest name="FromXml_ThrowsArgumentNullException_OnNullXml" storage="d:\actions-runner\_work\xpco\xpco\corporate\videoos.server.unittests\bin\x64\debug\net472\videoos.server.unittests.dll" id="17c344c5-762f-e25a-c151-aba7a5f20278">
      <Execution id="eeb82fcf-1627-4f4a-86fe-a6ef918a7ba7" />
      <TestMethod codeBase="D:\actions-runner\_work\XPCO\XPCO\Corporate\VideoOS.Server.UnitTests\bin\x64\Debug\net472\VideoOS.Server.UnitTests.dll" adapterTypeName="executor://mstestadapter/v2" className="VideoOS.Server.UnitTests.Licensing.LicenseInformationUnitTests" name="FromXml_ThrowsArgumentNullException_OnNullXml" />
    </UnitTest>
    <UnitTest name="DeviceLicense_AddNew_IsUpdated_SetToTrue_Success" storage="d:\actions-runner\_work\xpco\xpco\corporate\videoos.server.unittests\bin\x64\debug\net472\videoos.server.unittests.dll" id="6d4f6a03-ce2a-a013-df02-981c6a6b55d0">
      <Execution id="f97d6a09-ed51-4690-af59-bc3a6b98729a" />
      <TestMethod codeBase="D:\actions-runner\_work\XPCO\XPCO\Corporate\VideoOS.Server.UnitTests\bin\x64\Debug\net472\VideoOS.Server.UnitTests.dll" adapterTypeName="executor://mstestadapter/v2" className="VideoOS.Server.UnitTests.Licensing.LicenseSnapshotTests" name="DeviceLicense_AddNew_IsUpdated_SetToTrue_Success" />
    </UnitTest>
    <UnitTest name="DatabaseResponseDiskUsage_ModelIsNull_BadRequestResult" storage="d:\actions-runner\_work\xpco\xpco\corporate\videoos.server.unittests\bin\x64\debug\net472\videoos.server.unittests.dll" id="f52db0e2-1ec3-1fbd-af9d-43162767844c">
      <Execution id="6f565587-5af8-405a-965f-b453ba83cb6b" />
      <TestMethod codeBase="D:\actions-runner\_work\XPCO\XPCO\Corporate\VideoOS.Server.UnitTests\bin\x64\Debug\net472\VideoOS.Server.UnitTests.dll" adapterTypeName="executor://mstestadapter/v2" className="VideoOS.Server.UnitTests.WebApi.ResponseControllerTest" name="DatabaseResponseDiskUsage_ModelIsNull_BadRequestResult" />
    </UnitTest>
    <UnitTest name="CheckConfigurationDataSetTest_SnmpNotLicensedFail" storage="d:\actions-runner\_work\xpco\xpco\corporate\videoos.server.unittests\bin\x64\debug\net472\videoos.server.unittests.dll" id="5242d8f5-8368-27b0-73a0-982f5ce04fc4">
      <Execution id="fa50e906-59b2-48a8-958b-5ffee0ef37e7" />
      <TestMethod codeBase="D:\actions-runner\_work\XPCO\XPCO\Corporate\VideoOS.Server.UnitTests\bin\x64\Debug\net472\VideoOS.Server.UnitTests.dll" adapterTypeName="executor://mstestadapter/v2" className="VideoOS.Server.UnitTests.Licensing.LicenseFeatureCheckerTest" name="CheckConfigurationDataSetTest_SnmpNotLicensedFail" />
    </UnitTest>
    <UnitTest name="AllocateLicenses_CreateCamera_5Channels_ActivateLicensePlacingHardwareOnWhiteList_VerifyCountGoesFrom5To1" storage="d:\actions-runner\_work\xpco\xpco\corporate\videoos.server.unittests\bin\x64\debug\net472\videoos.server.unittests.dll" id="b4c91d6c-8794-a409-2700-e0378bc7c9c2">
      <TestCategory>
        <TestCategoryItem TestCategory="Licensing" />
      </TestCategory>
      <Execution id="71c471a2-8e1e-4a44-be7b-b5b00e3763df" />
      <TestMethod codeBase="D:\actions-runner\_work\XPCO\XPCO\Corporate\VideoOS.Server.UnitTests\bin\x64\Debug\net472\VideoOS.Server.UnitTests.dll" adapterTypeName="executor://mstestadapter/v2" className="VideoOS.Server.UnitTests.Licensing.LicenseAllocatorChannelTests" name="AllocateLicenses_CreateCamera_5Channels_ActivateLicensePlacingHardwareOnWhiteList_VerifyCountGoesFrom5To1" />
    </UnitTest>
    <UnitTest name="EvidenceLockOnOldRecorderCommandHandlerTests_OldRecV1_ConfigAdd1RowEdge" storage="d:\actions-runner\_work\xpco\xpco\corporate\videoos.server.unittests\bin\x64\debug\net472\videoos.server.unittests.dll" id="490e7964-564a-533a-f8bb-4cc32aa32787">
      <Execution id="04a540af-3243-4d6d-9da0-7d2ee207ec8f" />
      <TestMethod codeBase="D:\actions-runner\_work\XPCO\XPCO\Corporate\VideoOS.Server.UnitTests\bin\x64\Debug\net472\VideoOS.Server.UnitTests.dll" adapterTypeName="executor://mstestadapter/v2" className="VideoOS.Server.UnitTests.CommandHandler.EvidenceLockOnOldRecorderCommandHandlerTests" name="EvidenceLockOnOldRecorderCommandHandlerTests_OldRecV1_ConfigAdd1RowEdge" />
    </UnitTest>
    <UnitTest name="ChannelLicenseCountManager_CameraFeedLicenseValue_NullDeviceInfo_ThrowsArgumentNullException" storage="d:\actions-runner\_work\xpco\xpco\corporate\videoos.server.unittests\bin\x64\debug\net472\videoos.server.unittests.dll" id="556ef067-8a7f-0b03-0c08-c56040944f06">
      <TestCategory>
        <TestCategoryItem TestCategory="Licensing" />
      </TestCategory>
      <Execution id="84a26934-2074-453f-a4ba-5ef3e2c2c492" />
      <TestMethod codeBase="D:\actions-runner\_work\XPCO\XPCO\Corporate\VideoOS.Server.UnitTests\bin\x64\Debug\net472\VideoOS.Server.UnitTests.dll" adapterTypeName="executor://mstestadapter/v2" className="VideoOS.Server.UnitTests.Licensing.LicenseCountManagerUnitTests" name="ChannelLicenseCountManager_CameraFeedLicenseValue_NullDeviceInfo_ThrowsArgumentNullException" />
    </UnitTest>
    <UnitTest name="MoveHardwareTaskCommandHandler_Execute_Driver_Versions_Different_Success_With_Warnings" storage="d:\actions-runner\_work\xpco\xpco\corporate\videoos.server.unittests\bin\x64\debug\net472\videoos.server.unittests.dll" id="91acfdfe-b3ca-39a1-a1fe-286d51d61a08">
      <Execution id="47a7903f-bd21-4c3b-96c5-3e86f450a98a" />
      <TestMethod codeBase="D:\actions-runner\_work\XPCO\XPCO\Corporate\VideoOS.Server.UnitTests\bin\x64\Debug\net472\VideoOS.Server.UnitTests.dll" adapterTypeName="executor://mstestadapter/v2" className="VideoOS.Server.UnitTests.CommandHandler.MoveHardwareTaskCommandHandlerTests" name="MoveHardwareTaskCommandHandler_Execute_Driver_Versions_Different_Success_With_Warnings" />
    </UnitTest>
    <UnitTest name="AllocateLicenses_NotActivated_SixDevices_FifteenEnabledCameraChannels_LicenseCountFive_FiveGraceAndTenUnlicensed" storage="d:\actions-runner\_work\xpco\xpco\corporate\videoos.server.unittests\bin\x64\debug\net472\videoos.server.unittests.dll" id="8ff662f7-902d-1d8f-6cc5-cf300f29f4ab">
      <TestCategory>
        <TestCategoryItem TestCategory="Licensing" />
      </TestCategory>
      <Execution id="13667ba7-63d0-45db-a244-b11f2895890f" />
      <TestMethod codeBase="D:\actions-runner\_work\XPCO\XPCO\Corporate\VideoOS.Server.UnitTests\bin\x64\Debug\net472\VideoOS.Server.UnitTests.dll" adapterTypeName="executor://mstestadapter/v2" className="VideoOS.Server.UnitTests.Licensing.LicenseAllocatorChannelTests" name="AllocateLicenses_NotActivated_SixDevices_FifteenEnabledCameraChannels_LicenseCountFive_FiveGraceAndTenUnlicensed" />
    </UnitTest>
    <UnitTest name="ProgressResponse_ModelIsNull_BadRequestResult" storage="d:\actions-runner\_work\xpco\xpco\corporate\videoos.server.unittests\bin\x64\debug\net472\videoos.server.unittests.dll" id="f499f5ec-ad18-8304-64bd-c766451387c9">
      <Execution id="9853f7fe-7f0a-433c-bc03-7cd2e56a49b6" />
      <TestMethod codeBase="D:\actions-runner\_work\XPCO\XPCO\Corporate\VideoOS.Server.UnitTests\bin\x64\Debug\net472\VideoOS.Server.UnitTests.dll" adapterTypeName="executor://mstestadapter/v2" className="VideoOS.Server.UnitTests.WebApi.ResponseControllerTest" name="ProgressResponse_ModelIsNull_BadRequestResult" />
    </UnitTest>
    <UnitTest name="HardwareLicense_RemoveExistingLicense_Success" storage="d:\actions-runner\_work\xpco\xpco\corporate\videoos.server.unittests\bin\x64\debug\net472\videoos.server.unittests.dll" id="9ba93e8f-3a3e-a383-b7e6-302d9e524cad">
      <Execution id="1eb76eed-8869-4a46-9ea7-3f3450e7725b" />
      <TestMethod codeBase="D:\actions-runner\_work\XPCO\XPCO\Corporate\VideoOS.Server.UnitTests\bin\x64\Debug\net472\VideoOS.Server.UnitTests.dll" adapterTypeName="executor://mstestadapter/v2" className="VideoOS.Server.UnitTests.Licensing.LicenseSnapshotTests" name="HardwareLicense_RemoveExistingLicense_Success" />
    </UnitTest>
    <UnitTest name="IsActivationNeeded_True_ICP_CamerasAdded" storage="d:\actions-runner\_work\xpco\xpco\corporate\videoos.server.unittests\bin\x64\debug\net472\videoos.server.unittests.dll" id="b51937f9-2164-2ef5-8ffc-3d90a1d1e816">
      <TestCategory>
        <TestCategoryItem TestCategory="Licensing" />
      </TestCategory>
      <Execution id="6d9c50e9-cc04-48f4-93ab-f9bf506c9e92" />
      <TestMethod codeBase="D:\actions-runner\_work\XPCO\XPCO\Corporate\VideoOS.Server.UnitTests\bin\x64\Debug\net472\VideoOS.Server.UnitTests.dll" adapterTypeName="executor://mstestadapter/v2" className="VideoOS.Server.UnitTests.Licensing.LicenseManagerUnitTests" name="IsActivationNeeded_True_ICP_CamerasAdded" />
    </UnitTest>
    <UnitTest name="EvidenceLockOnOldRecorderCommandHandlerTests_OldRec_RetryOnFailResponse_ConfigDelete" storage="d:\actions-runner\_work\xpco\xpco\corporate\videoos.server.unittests\bin\x64\debug\net472\videoos.server.unittests.dll" id="38ca6103-72ab-8c78-9edf-28931b86d13c">
      <Execution id="d2acffd8-6c5e-4e10-872f-5c4cf1af5df9" />
      <TestMethod codeBase="D:\actions-runner\_work\XPCO\XPCO\Corporate\VideoOS.Server.UnitTests\bin\x64\Debug\net472\VideoOS.Server.UnitTests.dll" adapterTypeName="executor://mstestadapter/v2" className="VideoOS.Server.UnitTests.CommandHandler.EvidenceLockOnOldRecorderCommandHandlerTests" name="EvidenceLockOnOldRecorderCommandHandlerTests_OldRec_RetryOnFailResponse_ConfigDelete" />
    </UnitTest>
    <UnitTest name="LicenseHardwareRow_Validate_DeletedRowCanBeReinstated_ChangesNotAccepted_Success" storage="d:\actions-runner\_work\xpco\xpco\corporate\videoos.server.unittests\bin\x64\debug\net472\videoos.server.unittests.dll" id="724c40a1-3beb-007d-8a74-be9fcfb48cb2">
      <TestCategory>
        <TestCategoryItem TestCategory="Licensing" />
      </TestCategory>
      <Execution id="39ce844d-5a39-4d96-bed0-206b62d4af86" />
      <TestMethod codeBase="D:\actions-runner\_work\XPCO\XPCO\Corporate\VideoOS.Server.UnitTests\bin\x64\Debug\net472\VideoOS.Server.UnitTests.dll" adapterTypeName="executor://mstestadapter/v2" className="VideoOS.Server.UnitTests.Licensing.LicenseDataSetUnitTests" name="LicenseHardwareRow_Validate_DeletedRowCanBeReinstated_ChangesNotAccepted_Success" />
    </UnitTest>
    <UnitTest name="RecreatesAllRecorderLicenses_OnATimer" storage="d:\actions-runner\_work\xpco\xpco\corporate\videoos.server.unittests\bin\x64\debug\net472\videoos.server.unittests.dll" id="e4eb4c96-1f3c-80dd-4275-26175f599f46">
      <TestCategory>
        <TestCategoryItem TestCategory="Licensing" />
      </TestCategory>
      <Execution id="972696b9-2289-4ba8-8ae4-9037723e345a" />
      <TestMethod codeBase="D:\actions-runner\_work\XPCO\XPCO\Corporate\VideoOS.Server.UnitTests\bin\x64\Debug\net472\VideoOS.Server.UnitTests.dll" adapterTypeName="executor://mstestadapter/v2" className="VideoOS.Server.UnitTests.Licensing.LicenseManagerUnitTests" name="RecreatesAllRecorderLicenses_OnATimer" />
    </UnitTest>
    <UnitTest name="ConfigurationDataSetLoader_GetDeviceTracksByDeviceId_Success" storage="d:\actions-runner\_work\xpco\xpco\corporate\videoos.server.unittests\bin\x64\debug\net472\videoos.server.unittests.dll" id="aaa69613-1d08-620f-a0c7-6c9776a7fe98">
      <Execution id="78774190-f545-4ebd-be46-7cf81f36c2ae" />
      <TestMethod codeBase="D:\actions-runner\_work\XPCO\XPCO\Corporate\VideoOS.Server.UnitTests\bin\x64\Debug\net472\VideoOS.Server.UnitTests.dll" adapterTypeName="executor://mstestadapter/v2" className="VideoOS.Server.UnitTests.Configuration.ConfigurationDataSetLoaderTests" name="ConfigurationDataSetLoader_GetDeviceTracksByDeviceId_Success" />
    </UnitTest>
    <UnitTest name="AnalyzeAndCreateAuditLogs_ModifiedSecurityPermissionsDeviceRowAllVariationsThatGiveTimeBackwardsAuditLog_ReturnsOneTimeBackwardsAuditLog" storage="d:\actions-runner\_work\xpco\xpco\corporate\videoos.server.unittests\bin\x64\debug\net472\videoos.server.unittests.dll" id="aad3fa56-b750-164b-d620-1bbea5cdede7">
      <Execution id="3804dafc-13e7-4453-99db-a93812ee945c" />
      <TestMethod codeBase="D:\actions-runner\_work\XPCO\XPCO\Corporate\VideoOS.Server.UnitTests\bin\x64\Debug\net472\VideoOS.Server.UnitTests.dll" adapterTypeName="executor://mstestadapter/v2" className="VideoOS.Server.UnitTests.CommandHandler.DataSetAuditLogAnalyzerTests" name="AnalyzeAndCreateAuditLogs_ModifiedSecurityPermissionsDeviceRowAllVariationsThatGiveTimeBackwardsAuditLog_ReturnsOneTimeBackwardsAuditLog" />
    </UnitTest>
    <UnitTest name="Validate_LicenseCalculatorContainsAllHardwareFromAllRecordingServers_Success" storage="d:\actions-runner\_work\xpco\xpco\corporate\videoos.server.unittests\bin\x64\debug\net472\videoos.server.unittests.dll" id="43846b12-f311-2566-5942-53200967e65d">
      <Execution id="6f221617-3142-4921-a790-31b814c370d4" />
      <TestMethod codeBase="D:\actions-runner\_work\XPCO\XPCO\Corporate\VideoOS.Server.UnitTests\bin\x64\Debug\net472\VideoOS.Server.UnitTests.dll" adapterTypeName="executor://mstestadapter/v2" className="VideoOS.Server.UnitTests.Licensing.LicenseInfoXmlWriterTests" name="Validate_LicenseCalculatorContainsAllHardwareFromAllRecordingServers_Success" />
    </UnitTest>
    <UnitTest name="GenerateLicenseRequestAsXml_Success_ValidLicenseWithEmptyWhiteList" storage="d:\actions-runner\_work\xpco\xpco\corporate\videoos.server.unittests\bin\x64\debug\net472\videoos.server.unittests.dll" id="0a18d62b-5190-a8d0-54e2-da68b97ef68d">
      <TestCategory>
        <TestCategoryItem TestCategory="Licensing" />
      </TestCategory>
      <Execution id="de44052b-b530-42ce-b9ea-11fbdd437337" />
      <TestMethod codeBase="D:\actions-runner\_work\XPCO\XPCO\Corporate\VideoOS.Server.UnitTests\bin\x64\Debug\net472\VideoOS.Server.UnitTests.dll" adapterTypeName="executor://mstestadapter/v2" className="VideoOS.Server.UnitTests.Licensing.LicenseRequestChannelTests" name="GenerateLicenseRequestAsXml_Success_ValidLicenseWithEmptyWhiteList" />
    </UnitTest>
    <UnitTest name="CheckConfigurationDataSetTest_StreamsLicensed" storage="d:\actions-runner\_work\xpco\xpco\corporate\videoos.server.unittests\bin\x64\debug\net472\videoos.server.unittests.dll" id="f4ada8c4-6593-86b3-aa77-547fe895294f">
      <Execution id="976707b3-7a3c-4c24-93c3-7a90b5921264" />
      <TestMethod codeBase="D:\actions-runner\_work\XPCO\XPCO\Corporate\VideoOS.Server.UnitTests\bin\x64\Debug\net472\VideoOS.Server.UnitTests.dll" adapterTypeName="executor://mstestadapter/v2" className="VideoOS.Server.UnitTests.Licensing.LicenseFeatureCheckerTest" name="CheckConfigurationDataSetTest_StreamsLicensed" />
    </UnitTest>
    <UnitTest name="ActivateLicense_DoesNotResetAutomaticActivationQueue_OnFailure" storage="d:\actions-runner\_work\xpco\xpco\corporate\videoos.server.unittests\bin\x64\debug\net472\videoos.server.unittests.dll" id="5e6743ee-349b-e345-19f1-919c3248d93c">
      <TestCategory>
        <TestCategoryItem TestCategory="Licensing" />
      </TestCategory>
      <Execution id="29858488-3951-42b4-b5dd-6940fea71d27" />
      <TestMethod codeBase="D:\actions-runner\_work\XPCO\XPCO\Corporate\VideoOS.Server.UnitTests\bin\x64\Debug\net472\VideoOS.Server.UnitTests.dll" adapterTypeName="executor://mstestadapter/v2" className="VideoOS.Server.UnitTests.Licensing.ActivationManagerTests" name="ActivateLicense_DoesNotResetAutomaticActivationQueue_OnFailure" />
    </UnitTest>
    <UnitTest name="UpdateEvidenceLockSizesCommandHandlerTests_Constructor_ServerEnvironmentNull_ArgumentNullException" storage="d:\actions-runner\_work\xpco\xpco\corporate\videoos.server.unittests\bin\x64\debug\net472\videoos.server.unittests.dll" id="b8137157-70f5-142f-16ec-23d51722c0c4">
      <Execution id="47d3a268-b56e-4c56-aa7c-f20eaec5d1f7" />
      <TestMethod codeBase="D:\actions-runner\_work\XPCO\XPCO\Corporate\VideoOS.Server.UnitTests\bin\x64\Debug\net472\VideoOS.Server.UnitTests.dll" adapterTypeName="executor://mstestadapter/v2" className="VideoOS.Server.UnitTests.CommandHandler.UpdateEvidenceLockSizesCommandHandlerTests" name="UpdateEvidenceLockSizesCommandHandlerTests_Constructor_ServerEnvironmentNull_ArgumentNullException" />
    </UnitTest>
    <UnitTest name="MoveHardwareTaskCommandHandler_Execute_SourceRecorder_Not_Compatible_FailResponse" storage="d:\actions-runner\_work\xpco\xpco\corporate\videoos.server.unittests\bin\x64\debug\net472\videoos.server.unittests.dll" id="3be8f4b9-d8e8-e7bf-f2a6-d145ffb179a0">
      <Execution id="9890520f-8686-427f-b292-659bc9d4f143" />
      <TestMethod codeBase="D:\actions-runner\_work\XPCO\XPCO\Corporate\VideoOS.Server.UnitTests\bin\x64\Debug\net472\VideoOS.Server.UnitTests.dll" adapterTypeName="executor://mstestadapter/v2" className="VideoOS.Server.UnitTests.CommandHandler.MoveHardwareTaskCommandHandlerTests" name="MoveHardwareTaskCommandHandler_Execute_SourceRecorder_Not_Compatible_FailResponse" />
    </UnitTest>
    <UnitTest name="AllocateLicenses_ActivatedHardwareWithMultipleCamerasEnabledAndOneDisabled_EnablingCameraShouldGoIntoGrace_OnZeroCWA" storage="d:\actions-runner\_work\xpco\xpco\corporate\videoos.server.unittests\bin\x64\debug\net472\videoos.server.unittests.dll" id="3bf9fd99-2e55-5c79-c79c-9d7306c62029">
      <TestCategory>
        <TestCategoryItem TestCategory="Licensing" />
      </TestCategory>
      <Execution id="2efdca05-2397-4f23-95c7-93d9ae208da5" />
      <TestMethod codeBase="D:\actions-runner\_work\XPCO\XPCO\Corporate\VideoOS.Server.UnitTests\bin\x64\Debug\net472\VideoOS.Server.UnitTests.dll" adapterTypeName="executor://mstestadapter/v2" className="VideoOS.Server.UnitTests.Licensing.LicenseAllocatorChannelTests" name="AllocateLicenses_ActivatedHardwareWithMultipleCamerasEnabledAndOneDisabled_EnablingCameraShouldGoIntoGrace_OnZeroCWA" />
    </UnitTest>
    <UnitTest name="CheckSecurityDataSetTest_NotLicensedFail1" storage="d:\actions-runner\_work\xpco\xpco\corporate\videoos.server.unittests\bin\x64\debug\net472\videoos.server.unittests.dll" id="2ee83b99-e286-2059-d828-19cc99fc2cc4">
      <Execution id="880f6fcf-3475-4b39-9781-7f9705e4007b" />
      <TestMethod codeBase="D:\actions-runner\_work\XPCO\XPCO\Corporate\VideoOS.Server.UnitTests\bin\x64\Debug\net472\VideoOS.Server.UnitTests.dll" adapterTypeName="executor://mstestadapter/v2" className="VideoOS.Server.UnitTests.Licensing.LicenseFeatureCheckerTest" name="CheckSecurityDataSetTest_NotLicensedFail1" />
    </UnitTest>
    <UnitTest name="LicenseInfoXmlWriter_Throw_Constructor_LicenseManagerNullValue" storage="d:\actions-runner\_work\xpco\xpco\corporate\videoos.server.unittests\bin\x64\debug\net472\videoos.server.unittests.dll" id="2c8ebbf0-442d-6673-0b05-ad9143b4c52d">
      <TestCategory>
        <TestCategoryItem TestCategory="Licensing" />
      </TestCategory>
      <Execution id="8e076403-7552-4179-9c04-be464b0bb383" />
      <TestMethod codeBase="D:\actions-runner\_work\XPCO\XPCO\Corporate\VideoOS.Server.UnitTests\bin\x64\Debug\net472\VideoOS.Server.UnitTests.dll" adapterTypeName="executor://mstestadapter/v2" className="VideoOS.Server.UnitTests.Licensing.LicenseInfoXmlWriterTests" name="LicenseInfoXmlWriter_Throw_Constructor_LicenseManagerNullValue" />
    </UnitTest>
    <UnitTest name="GetRecorderLicense_AddsHardwareToReplacementLimit_OnDisabledHardwarePreviouslyinReplacementLimit" storage="d:\actions-runner\_work\xpco\xpco\corporate\videoos.server.unittests\bin\x64\debug\net472\videoos.server.unittests.dll" id="a4a149a8-4b4a-7cbd-bc8b-aa80ce0e7681">
      <TestCategory>
        <TestCategoryItem TestCategory="Licensing" />
      </TestCategory>
      <Execution id="d7f6deec-b469-414d-bd37-c1ed6673adc2" />
      <TestMethod codeBase="D:\actions-runner\_work\XPCO\XPCO\Corporate\VideoOS.Server.UnitTests\bin\x64\Debug\net472\VideoOS.Server.UnitTests.dll" adapterTypeName="executor://mstestadapter/v2" className="VideoOS.Server.UnitTests.Licensing.LicenseManagerUnitTests" name="GetRecorderLicense_AddsHardwareToReplacementLimit_OnDisabledHardwarePreviouslyinReplacementLimit" />
    </UnitTest>
    <UnitTest name="GetRecorderLicense_AddsHardwareToChangesWithoutActivation_OnChangesWithoutActivationFilledWithPreviousYearDevices" storage="d:\actions-runner\_work\xpco\xpco\corporate\videoos.server.unittests\bin\x64\debug\net472\videoos.server.unittests.dll" id="aa11b82a-f145-9817-d80f-91a78982fdf3">
      <TestCategory>
        <TestCategoryItem TestCategory="Licensing" />
      </TestCategory>
      <Execution id="f4b2ba4b-066e-48ed-954b-7498a65c6422" />
      <TestMethod codeBase="D:\actions-runner\_work\XPCO\XPCO\Corporate\VideoOS.Server.UnitTests\bin\x64\Debug\net472\VideoOS.Server.UnitTests.dll" adapterTypeName="executor://mstestadapter/v2" className="VideoOS.Server.UnitTests.Licensing.LicenseManagerUnitTests" name="GetRecorderLicense_AddsHardwareToChangesWithoutActivation_OnChangesWithoutActivationFilledWithPreviousYearDevices" />
    </UnitTest>
    <UnitTest name="AllocateLicenses_OneICPHardwareWithFifteenCamerasNoNormalHardware_OnTenICPLicenses" storage="d:\actions-runner\_work\xpco\xpco\corporate\videoos.server.unittests\bin\x64\debug\net472\videoos.server.unittests.dll" id="264a7d80-7f8e-cccd-d683-f24b6e7fbae1">
      <TestCategory>
        <TestCategoryItem TestCategory="Licensing" />
      </TestCategory>
      <Execution id="332c775c-f4df-470d-bf42-f98488e932e4" />
      <TestMethod codeBase="D:\actions-runner\_work\XPCO\XPCO\Corporate\VideoOS.Server.UnitTests\bin\x64\Debug\net472\VideoOS.Server.UnitTests.dll" adapterTypeName="executor://mstestadapter/v2" className="VideoOS.Server.UnitTests.Licensing.LicenseAllocatorChannelTests" name="AllocateLicenses_OneICPHardwareWithFifteenCamerasNoNormalHardware_OnTenICPLicenses" />
    </UnitTest>
    <UnitTest name="LicenseCountManager_AddLicensedCameraFeed_Same_Device_Twice_ArgumentException" storage="d:\actions-runner\_work\xpco\xpco\corporate\videoos.server.unittests\bin\x64\debug\net472\videoos.server.unittests.dll" id="6c48898a-3878-dda4-6939-b51cdeadd633">
      <Execution id="4f1a5734-2071-42e1-b479-58eaccbf8bf0" />
      <TestMethod codeBase="D:\actions-runner\_work\XPCO\XPCO\Corporate\VideoOS.Server.UnitTests\bin\x64\Debug\net472\VideoOS.Server.UnitTests.dll" adapterTypeName="executor://mstestadapter/v2" className="VideoOS.Server.UnitTests.Licensing.LicenseCountManagerUnitTests" name="LicenseCountManager_AddLicensedCameraFeed_Same_Device_Twice_ArgumentException" />
    </UnitTest>
    <UnitTest name="FindHardware_Found_ReturnsValidIHardwareInfoInstance" storage="d:\actions-runner\_work\xpco\xpco\corporate\videoos.server.unittests\bin\x64\debug\net472\videoos.server.unittests.dll" id="2c65fef8-cde4-9bec-37cc-169897e4e944">
      <Execution id="5276dd00-5fb4-43c6-8399-e48dac2f125d" />
      <TestMethod codeBase="D:\actions-runner\_work\XPCO\XPCO\Corporate\VideoOS.Server.UnitTests\bin\x64\Debug\net472\VideoOS.Server.UnitTests.dll" adapterTypeName="executor://mstestadapter/v2" className="VideoOS.Server.UnitTests.Licensing.LicenseSnapshotTests" name="FindHardware_Found_ReturnsValidIHardwareInfoInstance" />
    </UnitTest>
    <UnitTest name="ReleaseClient_NoFreeClient_TimerStarted" storage="d:\actions-runner\_work\xpco\xpco\corporate\videoos.server.unittests\bin\x64\debug\net472\videoos.server.unittests.dll" id="ab937652-688d-1f36-c7a3-cce53edf28c3">
      <Execution id="5acde00a-6aed-43c5-b0f3-82e67e8a4d87" />
      <TestMethod codeBase="D:\actions-runner\_work\XPCO\XPCO\Corporate\VideoOS.Server.UnitTests\bin\x64\Debug\net472\VideoOS.Server.UnitTests.dll" adapterTypeName="executor://mstestadapter/v2" className="VideoOS.Server.UnitTests.CommandHandler.VmoClientsPoolTests" name="ReleaseClient_NoFreeClient_TimerStarted" />
    </UnitTest>
    <UnitTest name="DeleteIdpUserTaskCommandHandlerTests_Execute_Arguments_Null_Throws" storage="d:\actions-runner\_work\xpco\xpco\corporate\videoos.server.unittests\bin\x64\debug\net472\videoos.server.unittests.dll" id="0bf4a15d-d39a-a458-74c3-f982f50b20bc">
      <Execution id="3ae6a537-c1f6-4cd5-bd7a-d5d4bb896bd7" />
      <TestMethod codeBase="D:\actions-runner\_work\XPCO\XPCO\Corporate\VideoOS.Server.UnitTests\bin\x64\Debug\net472\VideoOS.Server.UnitTests.dll" adapterTypeName="executor://mstestadapter/v2" className="VideoOS.Server.UnitTests.CommandHandler.DeleteIdpUserTaskCommandHandlerTests" name="DeleteIdpUserTaskCommandHandlerTests_Execute_Arguments_Null_Throws" />
    </UnitTest>
    <UnitTest name="Dispose_Called_TimerDisposed" storage="d:\actions-runner\_work\xpco\xpco\corporate\videoos.server.unittests\bin\x64\debug\net472\videoos.server.unittests.dll" id="93557652-0c61-c383-9006-222abdd8eada">
      <Execution id="22fa74eb-fe8f-4fba-9fcc-bb30885340be" />
      <TestMethod codeBase="D:\actions-runner\_work\XPCO\XPCO\Corporate\VideoOS.Server.UnitTests\bin\x64\Debug\net472\VideoOS.Server.UnitTests.dll" adapterTypeName="executor://mstestadapter/v2" className="VideoOS.Server.UnitTests.CommandHandler.VmoClientsPoolTests" name="Dispose_Called_TimerDisposed" />
    </UnitTest>
    <UnitTest name="AttachedRecorder_Register_Success" storage="d:\actions-runner\_work\xpco\xpco\corporate\videoos.server.unittests\bin\x64\debug\net472\videoos.server.unittests.dll" id="e9c1e9fb-f71f-4e21-a859-79b83367d845">
      <Execution id="08caa414-17fb-471c-93ed-bd0811d652f1" />
      <TestMethod codeBase="D:\actions-runner\_work\XPCO\XPCO\Corporate\VideoOS.Server.UnitTests\bin\x64\Debug\net472\VideoOS.Server.UnitTests.dll" adapterTypeName="executor://mstestadapter/v2" className="VideoOS.Server.UnitTests.AttachedRecorderTests" name="AttachedRecorder_Register_Success" />
    </UnitTest>
    <UnitTest name="FirmwareUpgradeTaskCommandHandler_Execute_Failed_WarningNotChanged" storage="d:\actions-runner\_work\xpco\xpco\corporate\videoos.server.unittests\bin\x64\debug\net472\videoos.server.unittests.dll" id="0def198f-cf9d-8c62-2581-9a6090f5fbc9">
      <Execution id="b3ee438b-bc3e-4157-9f64-4ea56486c0f3" />
      <TestMethod codeBase="D:\actions-runner\_work\XPCO\XPCO\Corporate\VideoOS.Server.UnitTests\bin\x64\Debug\net472\VideoOS.Server.UnitTests.dll" adapterTypeName="executor://mstestadapter/v2" className="VideoOS.Server.UnitTests.CommandHandler.FirmwareUpgradeTaskCommandHandlerTests" name="FirmwareUpgradeTaskCommandHandler_Execute_Failed_WarningNotChanged" />
    </UnitTest>
    <UnitTest name="AddHardwareToRequest_ThrowsNullException_OnNullHardware" storage="d:\actions-runner\_work\xpco\xpco\corporate\videoos.server.unittests\bin\x64\debug\net472\videoos.server.unittests.dll" id="1a677ad7-bcbb-a3f0-1921-9ce6d36040ac">
      <TestCategory>
        <TestCategoryItem TestCategory="Licensing" />
      </TestCategory>
      <Execution id="7bf679d9-04e3-4470-a55b-4a8741b0e243" />
      <TestMethod codeBase="D:\actions-runner\_work\XPCO\XPCO\Corporate\VideoOS.Server.UnitTests\bin\x64\Debug\net472\VideoOS.Server.UnitTests.dll" adapterTypeName="executor://mstestadapter/v2" className="VideoOS.Server.UnitTests.Licensing.LicenseRequestChannelTests" name="AddHardwareToRequest_ThrowsNullException_OnNullHardware" />
    </UnitTest>
    <UnitTest name="AnalyzeAndCreateAuditLogs_ModifiedTimeProfileDefaultRoleRelationRow_ReturnsOneAuditLog" storage="d:\actions-runner\_work\xpco\xpco\corporate\videoos.server.unittests\bin\x64\debug\net472\videoos.server.unittests.dll" id="1389943b-4293-d76b-fe95-fad83a372c2c">
      <Execution id="5ad064b3-2ac1-49ec-8ba4-9e3b911ce9c8" />
      <TestMethod codeBase="D:\actions-runner\_work\XPCO\XPCO\Corporate\VideoOS.Server.UnitTests\bin\x64\Debug\net472\VideoOS.Server.UnitTests.dll" adapterTypeName="executor://mstestadapter/v2" className="VideoOS.Server.UnitTests.CommandHandler.DataSetAuditLogAnalyzerTests" name="AnalyzeAndCreateAuditLogs_ModifiedTimeProfileDefaultRoleRelationRow_ReturnsOneAuditLog" />
    </UnitTest>
    <UnitTest name="GetHardwareUsersCommandHandler_Constructor_ParameterNull_Throws" storage="d:\actions-runner\_work\xpco\xpco\corporate\videoos.server.unittests\bin\x64\debug\net472\videoos.server.unittests.dll" id="b64645d4-8b95-5488-34aa-41460668b3ee">
      <Execution id="c4006159-509e-4ce0-8ede-0f74ab18636d" />
      <TestMethod codeBase="D:\actions-runner\_work\XPCO\XPCO\Corporate\VideoOS.Server.UnitTests\bin\x64\Debug\net472\VideoOS.Server.UnitTests.dll" adapterTypeName="executor://mstestadapter/v2" className="VideoOS.Server.UnitTests.CommandHandler.GetHardwareUsersCommandHandlerUnitTests" name="GetHardwareUsersCommandHandler_Constructor_ParameterNull_Throws" />
    </UnitTest>
    <UnitTest name="ConvertIdpLog_AutoProvisionedUserUpdated" storage="d:\actions-runner\_work\xpco\xpco\corporate\videoos.server.unittests\bin\x64\debug\net472\videoos.server.unittests.dll" id="4e68a32c-ff08-c297-66c1-434586f970b4">
      <Execution id="05f76a42-655e-4db8-9b29-ef4835d2db58" />
      <TestMethod codeBase="D:\actions-runner\_work\XPCO\XPCO\Corporate\VideoOS.Server.UnitTests\bin\x64\Debug\net472\VideoOS.Server.UnitTests.dll" adapterTypeName="executor://mstestadapter/v2" className="VideoOS.Server.UnitTests.Log.IdpLogConverterTest" name="ConvertIdpLog_AutoProvisionedUserUpdated" />
    </UnitTest>
    <UnitTest name="LicenseCountManager_HardwareRecorderRelation_Success" storage="d:\actions-runner\_work\xpco\xpco\corporate\videoos.server.unittests\bin\x64\debug\net472\videoos.server.unittests.dll" id="cec89ca4-3479-4c5d-b21d-8ee981af7dd6">
      <Execution id="15fd3ec2-1c56-493d-8d98-305360d48c42" />
      <TestMethod codeBase="D:\actions-runner\_work\XPCO\XPCO\Corporate\VideoOS.Server.UnitTests\bin\x64\Debug\net472\VideoOS.Server.UnitTests.dll" adapterTypeName="executor://mstestadapter/v2" className="VideoOS.Server.UnitTests.Licensing.LicenseCountManagerUnitTests" name="LicenseCountManager_HardwareRecorderRelation_Success" />
    </UnitTest>
    <UnitTest name="Ctor_IdpBundleMaxCountOutOfRange_ThrowsArgumentOutOfRangeException" storage="d:\actions-runner\_work\xpco\xpco\corporate\videoos.server.unittests\bin\x64\debug\net472\videoos.server.unittests.dll" id="1c9f7d1c-99e8-3c4a-3b34-4f124995bd4b">
      <Execution id="6693eed7-92c6-4f52-9e96-ead54000839e" />
      <TestMethod codeBase="D:\actions-runner\_work\XPCO\XPCO\Corporate\VideoOS.Server.UnitTests\bin\x64\Debug\net472\VideoOS.Server.UnitTests.dll" adapterTypeName="executor://mstestadapter/v2" className="VideoOS.Server.UnitTests.Log.IdpLogRetrieverTests" name="Ctor_IdpBundleMaxCountOutOfRange_ThrowsArgumentOutOfRangeException" />
    </UnitTest>
    <UnitTest name="EvidenceLockOnOldRecorderCommandHandlerTests_OldRecV2_ConfigAdd1Row" storage="d:\actions-runner\_work\xpco\xpco\corporate\videoos.server.unittests\bin\x64\debug\net472\videoos.server.unittests.dll" id="d47bc179-5ff7-8693-e7fd-476064bd669c">
      <Execution id="eae198f0-32fb-41f3-b794-13c43c89f931" />
      <TestMethod codeBase="D:\actions-runner\_work\XPCO\XPCO\Corporate\VideoOS.Server.UnitTests\bin\x64\Debug\net472\VideoOS.Server.UnitTests.dll" adapterTypeName="executor://mstestadapter/v2" className="VideoOS.Server.UnitTests.CommandHandler.EvidenceLockOnOldRecorderCommandHandlerTests" name="EvidenceLockOnOldRecorderCommandHandlerTests_OldRecV2_ConfigAdd1Row" />
    </UnitTest>
    <UnitTest name="Parse_WhenRegistrationHasIncorrectType_RegistrationIsIgnored" storage="d:\actions-runner\_work\xpco\xpco\corporate\videoos.server.unittests\bin\x64\debug\net472\videoos.server.unittests.dll" id="588ff876-ec36-54e8-8872-562ec2940133">
      <Execution id="ab81e61b-fe0f-478f-8e27-bc438ac53bcb" />
      <TestMethod codeBase="D:\actions-runner\_work\XPCO\XPCO\Corporate\VideoOS.Server.UnitTests\bin\x64\Debug\net472\VideoOS.Server.UnitTests.dll" adapterTypeName="executor://mstestadapter/v2" className="VideoOS.Server.UnitTests.Licensing.IntegrationRegistrationParserUnitTests" name="Parse_WhenRegistrationHasIncorrectType_RegistrationIsIgnored" />
    </UnitTest>
    <UnitTest name="CheckExternalRecorderRegistrationCommandHandler_Execute_ReturnsFailResponseOnEmptyRecorderServiceId" storage="d:\actions-runner\_work\xpco\xpco\corporate\videoos.server.unittests\bin\x64\debug\net472\videoos.server.unittests.dll" id="23485ec5-762d-f047-ff01-6c531ff41e58">
      <Execution id="29df8e35-33c7-413d-8dd4-d86146a600de" />
      <TestMethod codeBase="D:\actions-runner\_work\XPCO\XPCO\Corporate\VideoOS.Server.UnitTests\bin\x64\Debug\net472\VideoOS.Server.UnitTests.dll" adapterTypeName="executor://mstestadapter/v2" className="VideoOS.Server.UnitTests.CommandHandler.CheckExternalRecorderRegistrationCommandHandlerUnitTests" name="CheckExternalRecorderRegistrationCommandHandler_Execute_ReturnsFailResponseOnEmptyRecorderServiceId" />
    </UnitTest>
    <UnitTest name="UpdateHardwareTaskCommandHandler_Execute_Null_Tests" storage="d:\actions-runner\_work\xpco\xpco\corporate\videoos.server.unittests\bin\x64\debug\net472\videoos.server.unittests.dll" id="daf10ee7-a65f-1e24-9710-5a1f9287a075">
      <Execution id="a88b7ca0-c2fc-4b3d-b17e-33c0155b0a31" />
      <TestMethod codeBase="D:\actions-runner\_work\XPCO\XPCO\Corporate\VideoOS.Server.UnitTests\bin\x64\Debug\net472\VideoOS.Server.UnitTests.dll" adapterTypeName="executor://mstestadapter/v2" className="VideoOS.Server.UnitTests.CommandHandler.UpdateHardwareTaskHandlerTests" name="UpdateHardwareTaskCommandHandler_Execute_Null_Tests" />
    </UnitTest>
    <UnitTest name="DeleteConfigurationItemCommandHandler_Execute_DeleteMultipleHardware_Success" storage="d:\actions-runner\_work\xpco\xpco\corporate\videoos.server.unittests\bin\x64\debug\net472\videoos.server.unittests.dll" id="55b0046f-204a-b150-257e-2d3d00e45488">
      <Execution id="582701bf-8d8a-4602-887c-dfca30d91cef" />
      <TestMethod codeBase="D:\actions-runner\_work\XPCO\XPCO\Corporate\VideoOS.Server.UnitTests\bin\x64\Debug\net472\VideoOS.Server.UnitTests.dll" adapterTypeName="executor://mstestadapter/v2" className="VideoOS.Server.UnitTests.CommandHandler.DeleteConfigurationItemCommandHandlerUnitTests" name="DeleteConfigurationItemCommandHandler_Execute_DeleteMultipleHardware_Success" />
    </UnitTest>
    <UnitTest name="AddHardwareUserCommandHandler_Execute_Success" storage="d:\actions-runner\_work\xpco\xpco\corporate\videoos.server.unittests\bin\x64\debug\net472\videoos.server.unittests.dll" id="0bf09544-71cf-4e08-b61c-b47bd220ef05">
      <Execution id="405eb4cc-db55-42ef-b4c2-be998b8c7399" />
      <TestMethod codeBase="D:\actions-runner\_work\XPCO\XPCO\Corporate\VideoOS.Server.UnitTests\bin\x64\Debug\net472\VideoOS.Server.UnitTests.dll" adapterTypeName="executor://mstestadapter/v2" className="VideoOS.Server.UnitTests.CommandHandler.AddHardwareUserCommandHandlerServerUnitTests" name="AddHardwareUserCommandHandler_Execute_Success" />
    </UnitTest>
    <UnitTest name="AllocateLicenses_SevenHardware_25Licenses_EnablingTwoDisabledCamerasWillHaveTwoUnlicensed_EnsureCorrectDevicesAreInGrace" storage="d:\actions-runner\_work\xpco\xpco\corporate\videoos.server.unittests\bin\x64\debug\net472\videoos.server.unittests.dll" id="814139e2-58fb-a737-92b7-36c04e0deab8">
      <TestCategory>
        <TestCategoryItem TestCategory="Licensing" />
      </TestCategory>
      <Execution id="cdc5ce23-8b83-470c-963f-714ba887f5ff" />
      <TestMethod codeBase="D:\actions-runner\_work\XPCO\XPCO\Corporate\VideoOS.Server.UnitTests\bin\x64\Debug\net472\VideoOS.Server.UnitTests.dll" adapterTypeName="executor://mstestadapter/v2" className="VideoOS.Server.UnitTests.Licensing.LicenseAllocatorChannelTests" name="AllocateLicenses_SevenHardware_25Licenses_EnablingTwoDisabledCamerasWillHaveTwoUnlicensed_EnsureCorrectDevicesAreInGrace" />
    </UnitTest>
    <UnitTest name="GetCompleteConfiguration_ConfigurationIsNotCompatible_BadRequestIsReturned" storage="d:\actions-runner\_work\xpco\xpco\corporate\videoos.server.unittests\bin\x64\debug\net472\videoos.server.unittests.dll" id="b4694a5e-0bb0-1b1b-07dc-ef863cd0420c">
      <Execution id="b10612b7-f12f-42f6-9080-13bd4aa3239f" />
      <TestMethod codeBase="D:\actions-runner\_work\XPCO\XPCO\Corporate\VideoOS.Server.UnitTests\bin\x64\Debug\net472\VideoOS.Server.UnitTests.dll" adapterTypeName="executor://mstestadapter/v2" className="VideoOS.Server.UnitTests.ConfigurationControllerTests" name="GetCompleteConfiguration_ConfigurationIsNotCompatible_BadRequestIsReturned" />
    </UnitTest>
    <UnitTest name="CheckExternalRecorderRegistrationCommandHandler_Execute_ReturnsFailResponseOnEmptyHardwareId" storage="d:\actions-runner\_work\xpco\xpco\corporate\videoos.server.unittests\bin\x64\debug\net472\videoos.server.unittests.dll" id="61478804-37c6-3f19-8d29-b15fb393caef">
      <Execution id="a0937f9d-4a13-4d9a-8ca1-5116c38ef4a2" />
      <TestMethod codeBase="D:\actions-runner\_work\XPCO\XPCO\Corporate\VideoOS.Server.UnitTests\bin\x64\Debug\net472\VideoOS.Server.UnitTests.dll" adapterTypeName="executor://mstestadapter/v2" className="VideoOS.Server.UnitTests.CommandHandler.CheckExternalRecorderRegistrationCommandHandlerUnitTests" name="CheckExternalRecorderRegistrationCommandHandler_Execute_ReturnsFailResponseOnEmptyHardwareId" />
    </UnitTest>
    <UnitTest name="AddHardwareToRequest_UpdatesFeedCountOnAlreadyExistingICPHardware_OnSameICPHardwareAddedTwice" storage="d:\actions-runner\_work\xpco\xpco\corporate\videoos.server.unittests\bin\x64\debug\net472\videoos.server.unittests.dll" id="228df2e2-11df-46d9-280e-d46a319f683b">
      <TestCategory>
        <TestCategoryItem TestCategory="Licensing" />
      </TestCategory>
      <Execution id="37359095-132c-408c-b9a7-3c842fc9a0b8" />
      <TestMethod codeBase="D:\actions-runner\_work\XPCO\XPCO\Corporate\VideoOS.Server.UnitTests\bin\x64\Debug\net472\VideoOS.Server.UnitTests.dll" adapterTypeName="executor://mstestadapter/v2" className="VideoOS.Server.UnitTests.Licensing.LicenseRequestChannelTests" name="AddHardwareToRequest_UpdatesFeedCountOnAlreadyExistingICPHardware_OnSameICPHardwareAddedTwice" />
    </UnitTest>
    <UnitTest name="ConfigurationDataSetLoader_GetDevicesByHardwareId_Success" storage="d:\actions-runner\_work\xpco\xpco\corporate\videoos.server.unittests\bin\x64\debug\net472\videoos.server.unittests.dll" id="4144b2ea-a666-09c1-ca76-3c77a8157cad">
      <Execution id="46285e13-4d36-4773-bc2c-10e7b8e0e911" />
      <TestMethod codeBase="D:\actions-runner\_work\XPCO\XPCO\Corporate\VideoOS.Server.UnitTests\bin\x64\Debug\net472\VideoOS.Server.UnitTests.dll" adapterTypeName="executor://mstestadapter/v2" className="VideoOS.Server.UnitTests.Configuration.ConfigurationDataSetLoaderTests" name="ConfigurationDataSetLoader_GetDevicesByHardwareId_Success" />
    </UnitTest>
    <UnitTest name="ReplaceHardwareCommandHandler_Execute_ReplaceHardware_DoNotInheritDeviceWithEvidenceLock_Fails" storage="d:\actions-runner\_work\xpco\xpco\corporate\videoos.server.unittests\bin\x64\debug\net472\videoos.server.unittests.dll" id="cb6ccc44-c709-4f8b-cfb8-3072596c6d83">
      <Execution id="2dc633e0-b576-4ca2-b227-a10b3e24f9aa" />
      <TestMethod codeBase="D:\actions-runner\_work\XPCO\XPCO\Corporate\VideoOS.Server.UnitTests\bin\x64\Debug\net472\VideoOS.Server.UnitTests.dll" adapterTypeName="executor://mstestadapter/v2" className="VideoOS.Server.UnitTests.CommandHandler.ReplaceHardwareCommandHandlerUnitTests" name="ReplaceHardwareCommandHandler_Execute_ReplaceHardware_DoNotInheritDeviceWithEvidenceLock_Fails" />
    </UnitTest>
    <UnitTest name="MoveHardwareTaskCommandHandler_Execute_With_Source_HotStandby_Success" storage="d:\actions-runner\_work\xpco\xpco\corporate\videoos.server.unittests\bin\x64\debug\net472\videoos.server.unittests.dll" id="fed71966-682a-ac32-d1bf-234764a854bc">
      <Execution id="5b29667e-dd9e-44ea-b4d6-bd4dc1e45f20" />
      <TestMethod codeBase="D:\actions-runner\_work\XPCO\XPCO\Corporate\VideoOS.Server.UnitTests\bin\x64\Debug\net472\VideoOS.Server.UnitTests.dll" adapterTypeName="executor://mstestadapter/v2" className="VideoOS.Server.UnitTests.CommandHandler.MoveHardwareTaskCommandHandlerTests" name="MoveHardwareTaskCommandHandler_Execute_With_Source_HotStandby_Success" />
    </UnitTest>
    <UnitTest name="GetHardwareNetworkSettingsCommandHandler_Execute_EmptyHardwareId_ReturnsFailResponse" storage="d:\actions-runner\_work\xpco\xpco\corporate\videoos.server.unittests\bin\x64\debug\net472\videoos.server.unittests.dll" id="b192238b-6d2c-4102-fdb5-e531afa62e19">
      <Execution id="e4876c9c-8c76-4a5f-a9c9-bada1b44cc44" />
      <TestMethod codeBase="D:\actions-runner\_work\XPCO\XPCO\Corporate\VideoOS.Server.UnitTests\bin\x64\Debug\net472\VideoOS.Server.UnitTests.dll" adapterTypeName="executor://mstestadapter/v2" className="VideoOS.Server.UnitTests.CommandHandler.GetHardwareNetworkSettingsCommandHandlerUnitTests" name="GetHardwareNetworkSettingsCommandHandler_Execute_EmptyHardwareId_ReturnsFailResponse" />
    </UnitTest>
    <UnitTest name="RegisterHotstandByFailoverRecorder_WatchingRecorderRunning_Success" storage="d:\actions-runner\_work\xpco\xpco\corporate\videoos.server.unittests\bin\x64\debug\net472\videoos.server.unittests.dll" id="d1cedfa6-3d69-8af4-742b-10c2d29f60b0">
      <Execution id="028abeb4-a3f2-4a48-a669-a7efe57d7190" />
      <TestMethod codeBase="D:\actions-runner\_work\XPCO\XPCO\Corporate\VideoOS.Server.UnitTests\bin\x64\Debug\net472\VideoOS.Server.UnitTests.dll" adapterTypeName="executor://mstestadapter/v2" className="VideoOS.Server.UnitTests.WebApi.Controllers.RecorderRegistrationControllerTests" name="RegisterHotstandByFailoverRecorder_WatchingRecorderRunning_Success" />
    </UnitTest>
    <UnitTest name="HardwareInCWAOnWhiteList_ReplacedWithNoInheritance_HardwareNotOnWhiteList_CWAAllowed_FewerChannelsOnReplacedHardware_AllDevicesInCWA" storage="d:\actions-runner\_work\xpco\xpco\corporate\videoos.server.unittests\bin\x64\debug\net472\videoos.server.unittests.dll" id="ef95bcc0-fe13-5a2c-1a5f-e515c0ee7ea2">
      <TestCategory>
        <TestCategoryItem TestCategory="Licensing Replace Hardware" />
        <TestCategoryItem TestCategory="Licensing" />
      </TestCategory>
      <Execution id="90f5e283-1314-47e5-a29b-c0f77e8ae88f" />
      <TestMethod codeBase="D:\actions-runner\_work\XPCO\XPCO\Corporate\VideoOS.Server.UnitTests\bin\x64\Debug\net472\VideoOS.Server.UnitTests.dll" adapterTypeName="executor://mstestadapter/v2" className="VideoOS.Server.UnitTests.Licensing.LicenseAllocatorChannelTests" name="HardwareInCWAOnWhiteList_ReplacedWithNoInheritance_HardwareNotOnWhiteList_CWAAllowed_FewerChannelsOnReplacedHardware_AllDevicesInCWA" />
    </UnitTest>
    <UnitTest name="EvidenceLockOnOldRecorderCommandHandlerTests_OldRecV1_ConfigDelete1Row_NoRecorderIdFound" storage="d:\actions-runner\_work\xpco\xpco\corporate\videoos.server.unittests\bin\x64\debug\net472\videoos.server.unittests.dll" id="53a59744-7860-30d1-542b-005864af02c5">
      <Execution id="fb7cb6a6-0449-425d-9a84-55a7039f769e" />
      <TestMethod codeBase="D:\actions-runner\_work\XPCO\XPCO\Corporate\VideoOS.Server.UnitTests\bin\x64\Debug\net472\VideoOS.Server.UnitTests.dll" adapterTypeName="executor://mstestadapter/v2" className="VideoOS.Server.UnitTests.CommandHandler.EvidenceLockOnOldRecorderCommandHandlerTests" name="EvidenceLockOnOldRecorderCommandHandlerTests_OldRecV1_ConfigDelete1Row_NoRecorderIdFound" />
    </UnitTest>
    <UnitTest name="AddUnlicensedHardware_AddSameHardwareTwice_ReturnsTrue" storage="d:\actions-runner\_work\xpco\xpco\corporate\videoos.server.unittests\bin\x64\debug\net472\videoos.server.unittests.dll" id="c918a289-b8c4-3d87-ad07-c7a95f5d7ee9">
      <Execution id="a9bd4cad-7222-4293-8382-002f29f45cdb" />
      <TestMethod codeBase="D:\actions-runner\_work\XPCO\XPCO\Corporate\VideoOS.Server.UnitTests\bin\x64\Debug\net472\VideoOS.Server.UnitTests.dll" adapterTypeName="executor://mstestadapter/v2" className="VideoOS.Server.UnitTests.Licensing.LicenseSnapshotTests" name="AddUnlicensedHardware_AddSameHardwareTwice_ReturnsTrue" />
    </UnitTest>
    <UnitTest name="EvidenceLockOnOldRecorderCommandHandlerTests_OldRecV1_ConfigAdd1RowExtra_Ignored" storage="d:\actions-runner\_work\xpco\xpco\corporate\videoos.server.unittests\bin\x64\debug\net472\videoos.server.unittests.dll" id="884502f8-bdaa-5c5e-9e51-7540cc3d536d">
      <Execution id="734cbddd-9c91-4405-8258-c6831bfa1f88" />
      <TestMethod codeBase="D:\actions-runner\_work\XPCO\XPCO\Corporate\VideoOS.Server.UnitTests\bin\x64\Debug\net472\VideoOS.Server.UnitTests.dll" adapterTypeName="executor://mstestadapter/v2" className="VideoOS.Server.UnitTests.CommandHandler.EvidenceLockOnOldRecorderCommandHandlerTests" name="EvidenceLockOnOldRecorderCommandHandlerTests_OldRecV1_ConfigAdd1RowExtra_Ignored" />
    </UnitTest>
    <UnitTest name="LicenseCountManager_IsHardwareWithoutEnabledCamerasLicensed_Throws_InvalidOperationException" storage="d:\actions-runner\_work\xpco\xpco\corporate\videoos.server.unittests\bin\x64\debug\net472\videoos.server.unittests.dll" id="c8fe61a4-ad9e-b6e6-7de6-b3695545935e">
      <TestCategory>
        <TestCategoryItem TestCategory="Licensing" />
      </TestCategory>
      <Execution id="83345815-6b6c-4fbb-ac5c-dbeecae17b26" />
      <TestMethod codeBase="D:\actions-runner\_work\XPCO\XPCO\Corporate\VideoOS.Server.UnitTests\bin\x64\Debug\net472\VideoOS.Server.UnitTests.dll" adapterTypeName="executor://mstestadapter/v2" className="VideoOS.Server.UnitTests.Licensing.LicenseCountManagerUnitTests" name="LicenseCountManager_IsHardwareWithoutEnabledCamerasLicensed_Throws_InvalidOperationException" />
    </UnitTest>
    <UnitTest name="Construct_LicenseSnapshot_InvalidRecordersInfo_Throws_ArgumentNullException" storage="d:\actions-runner\_work\xpco\xpco\corporate\videoos.server.unittests\bin\x64\debug\net472\videoos.server.unittests.dll" id="bef2a22a-6666-30c9-2538-1c228180313c">
      <Execution id="abb35a8a-ba98-4cdd-aed7-b30efd6cd5a1" />
      <TestMethod codeBase="D:\actions-runner\_work\XPCO\XPCO\Corporate\VideoOS.Server.UnitTests\bin\x64\Debug\net472\VideoOS.Server.UnitTests.dll" adapterTypeName="executor://mstestadapter/v2" className="VideoOS.Server.UnitTests.Licensing.LicenseSnapshotTests" name="Construct_LicenseSnapshot_InvalidRecordersInfo_Throws_ArgumentNullException" />
    </UnitTest>
    <UnitTest name="SetRecorderSpecificConfiguration_JsonSerializeDesirialize_Success" storage="d:\actions-runner\_work\xpco\xpco\corporate\videoos.server.unittests\bin\x64\debug\net472\videoos.server.unittests.dll" id="6e365ffd-7cd6-2155-302c-116777d6078a">
      <Execution id="8e0e1b69-a373-486b-96bf-8d3f59654505" />
      <TestMethod codeBase="D:\actions-runner\_work\XPCO\XPCO\Corporate\VideoOS.Server.UnitTests\bin\x64\Debug\net472\VideoOS.Server.UnitTests.dll" adapterTypeName="executor://mstestadapter/v2" className="VideoOS.Server.UnitTests.ConfigurationControllerTests" name="SetRecorderSpecificConfiguration_JsonSerializeDesirialize_Success" />
    </UnitTest>
    <UnitTest name="HardwareAlreadyAddedResponse_ModelIsNull_BadRequestResult" storage="d:\actions-runner\_work\xpco\xpco\corporate\videoos.server.unittests\bin\x64\debug\net472\videoos.server.unittests.dll" id="80cfdcf4-3ae7-41d1-d06b-911bddf3f6cf">
      <Execution id="379c81e7-15c4-4fd7-b994-4278b94a846e" />
      <TestMethod codeBase="D:\actions-runner\_work\XPCO\XPCO\Corporate\VideoOS.Server.UnitTests\bin\x64\Debug\net472\VideoOS.Server.UnitTests.dll" adapterTypeName="executor://mstestadapter/v2" className="VideoOS.Server.UnitTests.WebApi.ResponseControllerTest" name="HardwareAlreadyAddedResponse_ModelIsNull_BadRequestResult" />
    </UnitTest>
    <UnitTest name="ChannelLicenseCountManager_ICP_CorrectCount" storage="d:\actions-runner\_work\xpco\xpco\corporate\videoos.server.unittests\bin\x64\debug\net472\videoos.server.unittests.dll" id="a2f1447d-309c-7b8f-f7c4-bb2a932bcd02">
      <TestCategory>
        <TestCategoryItem TestCategory="Licensing" />
      </TestCategory>
      <Execution id="45a5e03e-d58f-41d8-87cd-7dc5991e5006" />
      <TestMethod codeBase="D:\actions-runner\_work\XPCO\XPCO\Corporate\VideoOS.Server.UnitTests\bin\x64\Debug\net472\VideoOS.Server.UnitTests.dll" adapterTypeName="executor://mstestadapter/v2" className="VideoOS.Server.UnitTests.Licensing.LicenseCountManagerUnitTests" name="ChannelLicenseCountManager_ICP_CorrectCount" />
    </UnitTest>
    <UnitTest name="ReportMediaCommittedToDatabaseCommand_ModelValid_RecorderNotFoundException_Handled" storage="d:\actions-runner\_work\xpco\xpco\corporate\videoos.server.unittests\bin\x64\debug\net472\videoos.server.unittests.dll" id="80447293-19a9-3855-d079-0aa7d86b9325">
      <Execution id="141f5af3-885d-4ead-9f62-4ef6545f0573" />
      <TestMethod codeBase="D:\actions-runner\_work\XPCO\XPCO\Corporate\VideoOS.Server.UnitTests\bin\x64\Debug\net472\VideoOS.Server.UnitTests.dll" adapterTypeName="executor://mstestadapter/v2" className="VideoOS.Server.UnitTests.DatabaseCommandsControllerTests" name="ReportMediaCommittedToDatabaseCommand_ModelValid_RecorderNotFoundException_Handled" />
    </UnitTest>
    <UnitTest name="UpdateHardwareTaskCommandHandler_Apply_Unchanged_Tests" storage="d:\actions-runner\_work\xpco\xpco\corporate\videoos.server.unittests\bin\x64\debug\net472\videoos.server.unittests.dll" id="03dc18b2-6dc1-9d25-a982-2b0e7389d0a6">
      <Execution id="6dbfe758-7a68-456c-880d-21dc7d26e5e1" />
      <TestMethod codeBase="D:\actions-runner\_work\XPCO\XPCO\Corporate\VideoOS.Server.UnitTests\bin\x64\Debug\net472\VideoOS.Server.UnitTests.dll" adapterTypeName="executor://mstestadapter/v2" className="VideoOS.Server.UnitTests.CommandHandler.UpdateHardwareTaskHandlerTests" name="UpdateHardwareTaskCommandHandler_Apply_Unchanged_Tests" />
    </UnitTest>
    <UnitTest name="AttachedRecorder_UnRegister_Success" storage="d:\actions-runner\_work\xpco\xpco\corporate\videoos.server.unittests\bin\x64\debug\net472\videoos.server.unittests.dll" id="0119f047-ba3a-5814-21f1-69cbc5505a00">
      <Execution id="79295363-b176-4f68-a328-1996aa03dc3f" />
      <TestMethod codeBase="D:\actions-runner\_work\XPCO\XPCO\Corporate\VideoOS.Server.UnitTests\bin\x64\Debug\net472\VideoOS.Server.UnitTests.dll" adapterTypeName="executor://mstestadapter/v2" className="VideoOS.Server.UnitTests.AttachedRecorderTests" name="AttachedRecorder_UnRegister_Success" />
    </UnitTest>
    <UnitTest name="Validate_LicenseCalculatorContainsAllHardwareFromAllRecordingServers_NoMissingLicenses_ContainsMultiLicense_Success" storage="d:\actions-runner\_work\xpco\xpco\corporate\videoos.server.unittests\bin\x64\debug\net472\videoos.server.unittests.dll" id="9b9ea6f5-28e5-0546-b495-3d365a7f9dd4">
      <Execution id="802d8166-b052-4c32-a6b2-6e903d0ab14b" />
      <TestMethod codeBase="D:\actions-runner\_work\XPCO\XPCO\Corporate\VideoOS.Server.UnitTests\bin\x64\Debug\net472\VideoOS.Server.UnitTests.dll" adapterTypeName="executor://mstestadapter/v2" className="VideoOS.Server.UnitTests.Licensing.LicenseInfoXmlWriterTests" name="Validate_LicenseCalculatorContainsAllHardwareFromAllRecordingServers_NoMissingLicenses_ContainsMultiLicense_Success" />
    </UnitTest>
    <UnitTest name="LicenseCountManager_CameraFeed_GetFirstCameraFeedDeviceIndex_Success" storage="d:\actions-runner\_work\xpco\xpco\corporate\videoos.server.unittests\bin\x64\debug\net472\videoos.server.unittests.dll" id="ebd42dbd-49ae-dea1-1ba7-db0f8d57e1d7">
      <Execution id="e441bd26-9a7c-4d05-93b8-2807487dfbcf" />
      <TestMethod codeBase="D:\actions-runner\_work\XPCO\XPCO\Corporate\VideoOS.Server.UnitTests\bin\x64\Debug\net472\VideoOS.Server.UnitTests.dll" adapterTypeName="executor://mstestadapter/v2" className="VideoOS.Server.UnitTests.Licensing.LicenseCountManagerUnitTests" name="LicenseCountManager_CameraFeed_GetFirstCameraFeedDeviceIndex_Success" />
    </UnitTest>
    <UnitTest name="ChannelLicenseCountManager_HardwareLicenses_ClearByRecorder_Success" storage="d:\actions-runner\_work\xpco\xpco\corporate\videoos.server.unittests\bin\x64\debug\net472\videoos.server.unittests.dll" id="d9029b8c-cfbb-96c7-32e9-d3538cf36ca8">
      <TestCategory>
        <TestCategoryItem TestCategory="Licensing" />
      </TestCategory>
      <Execution id="beced415-89c6-47e9-80b2-f4d3c2b8633d" />
      <TestMethod codeBase="D:\actions-runner\_work\XPCO\XPCO\Corporate\VideoOS.Server.UnitTests\bin\x64\Debug\net472\VideoOS.Server.UnitTests.dll" adapterTypeName="executor://mstestadapter/v2" className="VideoOS.Server.UnitTests.Licensing.LicenseCountManagerUnitTests" name="ChannelLicenseCountManager_HardwareLicenses_ClearByRecorder_Success" />
    </UnitTest>
    <UnitTest name="AnalyzeAndCreateAuditLogs_AddedSecurityPermissionsDeviceRow_ReturnsOneAuditLog" storage="d:\actions-runner\_work\xpco\xpco\corporate\videoos.server.unittests\bin\x64\debug\net472\videoos.server.unittests.dll" id="a32f1da5-bca9-b4b8-c8d5-6eb2203dd47a">
      <Execution id="6afb9512-ef8d-4b4e-942d-ba1570c6f25b" />
      <TestMethod codeBase="D:\actions-runner\_work\XPCO\XPCO\Corporate\VideoOS.Server.UnitTests\bin\x64\Debug\net472\VideoOS.Server.UnitTests.dll" adapterTypeName="executor://mstestadapter/v2" className="VideoOS.Server.UnitTests.CommandHandler.DataSetAuditLogAnalyzerTests" name="AnalyzeAndCreateAuditLogs_AddedSecurityPermissionsDeviceRow_ReturnsOneAuditLog" />
    </UnitTest>
    <UnitTest name="GetHardwareUsersCommandHandler_Execute_EmptyRecorderServiceId_ReturnsFailResponse" storage="d:\actions-runner\_work\xpco\xpco\corporate\videoos.server.unittests\bin\x64\debug\net472\videoos.server.unittests.dll" id="ef630a96-b5e5-f228-c2c4-385d4fbb0e17">
      <Execution id="d738df29-b72a-49fd-b652-53e666d315db" />
      <TestMethod codeBase="D:\actions-runner\_work\XPCO\XPCO\Corporate\VideoOS.Server.UnitTests\bin\x64\Debug\net472\VideoOS.Server.UnitTests.dll" adapterTypeName="executor://mstestadapter/v2" className="VideoOS.Server.UnitTests.CommandHandler.GetHardwareUsersCommandHandlerUnitTests" name="GetHardwareUsersCommandHandler_Execute_EmptyRecorderServiceId_ReturnsFailResponse" />
    </UnitTest>
    <UnitTest name="AllocateLicenses_NotActivated_FiveDevices_TwoReplaced_ThreeUnlicensed" storage="d:\actions-runner\_work\xpco\xpco\corporate\videoos.server.unittests\bin\x64\debug\net472\videoos.server.unittests.dll" id="6975686a-7378-a6a3-28cf-2326d3990cc5">
      <TestCategory>
        <TestCategoryItem TestCategory="Licensing" />
      </TestCategory>
      <Execution id="8226c9ba-56e6-455d-b4ca-004d8bd42550" />
      <TestMethod codeBase="D:\actions-runner\_work\XPCO\XPCO\Corporate\VideoOS.Server.UnitTests\bin\x64\Debug\net472\VideoOS.Server.UnitTests.dll" adapterTypeName="executor://mstestadapter/v2" className="VideoOS.Server.UnitTests.Licensing.LicenseAllocatorChannelTests" name="AllocateLicenses_NotActivated_FiveDevices_TwoReplaced_ThreeUnlicensed" />
    </UnitTest>
    <UnitTest name="UpdateLicense_AllocatesOneGraceLicense_OnSameHwOnTwoRecordingServers_WithFirstHwEmpty" storage="d:\actions-runner\_work\xpco\xpco\corporate\videoos.server.unittests\bin\x64\debug\net472\videoos.server.unittests.dll" id="b95ba696-bf66-4579-3b41-d5325e861dd7">
      <TestCategory>
        <TestCategoryItem TestCategory="Licensing" />
      </TestCategory>
      <Execution id="5bfbe5df-91a5-4995-9d3b-8b58d7fb0efa" />
      <TestMethod codeBase="D:\actions-runner\_work\XPCO\XPCO\Corporate\VideoOS.Server.UnitTests\bin\x64\Debug\net472\VideoOS.Server.UnitTests.dll" adapterTypeName="executor://mstestadapter/v2" className="VideoOS.Server.UnitTests.Licensing.LicenseManagerUnitTests" name="UpdateLicense_AllocatesOneGraceLicense_OnSameHwOnTwoRecordingServers_WithFirstHwEmpty" />
    </UnitTest>
    <UnitTest name="AnalyzeAndCreateAuditLogs_DeletedSecurityPermissionsMatrixRow_ReturnsOneAuditLog" storage="d:\actions-runner\_work\xpco\xpco\corporate\videoos.server.unittests\bin\x64\debug\net472\videoos.server.unittests.dll" id="fc99facc-ad9e-cca0-01d9-61361572a65a">
      <Execution id="3f2d7df1-96f1-4fb0-a95e-8f5cb94da25c" />
      <TestMethod codeBase="D:\actions-runner\_work\XPCO\XPCO\Corporate\VideoOS.Server.UnitTests\bin\x64\Debug\net472\VideoOS.Server.UnitTests.dll" adapterTypeName="executor://mstestadapter/v2" className="VideoOS.Server.UnitTests.CommandHandler.DataSetAuditLogAnalyzerTests" name="AnalyzeAndCreateAuditLogs_DeletedSecurityPermissionsMatrixRow_ReturnsOneAuditLog" />
    </UnitTest>
    <UnitTest name="Validate_Channel_ClearChangesWithoutActivation_ThrowsArgumentNullException" storage="d:\actions-runner\_work\xpco\xpco\corporate\videoos.server.unittests\bin\x64\debug\net472\videoos.server.unittests.dll" id="1218a498-99c8-aef7-14b6-a005d2b1e4af">
      <TestCategory>
        <TestCategoryItem TestCategory="Licensing" />
      </TestCategory>
      <Execution id="ab83e82d-452a-47b8-8f6d-e77c85db5979" />
      <TestMethod codeBase="D:\actions-runner\_work\XPCO\XPCO\Corporate\VideoOS.Server.UnitTests\bin\x64\Debug\net472\VideoOS.Server.UnitTests.dll" adapterTypeName="executor://mstestadapter/v2" className="VideoOS.Server.UnitTests.Licensing.LicenseCountManagerUnitTests" name="Validate_Channel_ClearChangesWithoutActivation_ThrowsArgumentNullException" />
    </UnitTest>
    <UnitTest name="HardwareInCWANotOnWhiteList_ReplacedWithNoInheritance_HardwareOnWhiteList_MixedCWAAllowed_NewHardwareInCWA" storage="d:\actions-runner\_work\xpco\xpco\corporate\videoos.server.unittests\bin\x64\debug\net472\videoos.server.unittests.dll" id="cf929bea-dbe0-dc86-944b-cf85676b735a">
      <TestCategory>
        <TestCategoryItem TestCategory="Licensing Replace Hardware" />
        <TestCategoryItem TestCategory="Licensing" />
      </TestCategory>
      <Execution id="b4fb7d07-47ff-4aab-bcce-30b575954514" />
      <TestMethod codeBase="D:\actions-runner\_work\XPCO\XPCO\Corporate\VideoOS.Server.UnitTests\bin\x64\Debug\net472\VideoOS.Server.UnitTests.dll" adapterTypeName="executor://mstestadapter/v2" className="VideoOS.Server.UnitTests.Licensing.LicenseAllocatorChannelTests" name="HardwareInCWANotOnWhiteList_ReplacedWithNoInheritance_HardwareOnWhiteList_MixedCWAAllowed_NewHardwareInCWA" />
    </UnitTest>
    <UnitTest name="DeviceDataDistributionManager_CleanupAll_Success_QueryRecorderToNotifyThrowsSqlException" storage="d:\actions-runner\_work\xpco\xpco\corporate\videoos.server.unittests\bin\x64\debug\net472\videoos.server.unittests.dll" id="bd8e454b-919c-6615-a859-a1264f304ecb">
      <Execution id="7447bfb7-b95e-400d-870b-8001de0e973c" />
      <TestMethod codeBase="D:\actions-runner\_work\XPCO\XPCO\Corporate\VideoOS.Server.UnitTests\bin\x64\Debug\net472\VideoOS.Server.UnitTests.dll" adapterTypeName="executor://mstestadapter/v2" className="VideoOS.Server.UnitTests.DeviceDataDistributionManagerUnitTests" name="DeviceDataDistributionManager_CleanupAll_Success_QueryRecorderToNotifyThrowsSqlException" />
    </UnitTest>
    <UnitTest name="CreateLicenseInformationXml_Has10ExpiredICP_On1ExpiredICPHardwareWith10Cameras" storage="d:\actions-runner\_work\xpco\xpco\corporate\videoos.server.unittests\bin\x64\debug\net472\videoos.server.unittests.dll" id="2635f7f5-e17b-eaa8-61cd-c8fcd1b0c5d0">
      <TestCategory>
        <TestCategoryItem TestCategory="Licensing" />
      </TestCategory>
      <Execution id="4e81bc65-08d5-45d8-baf7-c67a6fb73187" />
      <TestMethod codeBase="D:\actions-runner\_work\XPCO\XPCO\Corporate\VideoOS.Server.UnitTests\bin\x64\Debug\net472\VideoOS.Server.UnitTests.dll" adapterTypeName="executor://mstestadapter/v2" className="VideoOS.Server.UnitTests.Licensing.LicenseInfoXmlWriterTests" name="CreateLicenseInformationXml_Has10ExpiredICP_On1ExpiredICPHardwareWith10Cameras" />
    </UnitTest>
    <UnitTest name="CreateLicenseInformationXml_Has10GraceICP_On1GraceICPHardwareWith10Cameras" storage="d:\actions-runner\_work\xpco\xpco\corporate\videoos.server.unittests\bin\x64\debug\net472\videoos.server.unittests.dll" id="19d5ea60-ef13-31bf-4dc7-ab7d29a648c4">
      <TestCategory>
        <TestCategoryItem TestCategory="Licensing" />
      </TestCategory>
      <Execution id="b8601bf9-f45f-48c2-b935-d260e24c794b" />
      <TestMethod codeBase="D:\actions-runner\_work\XPCO\XPCO\Corporate\VideoOS.Server.UnitTests\bin\x64\Debug\net472\VideoOS.Server.UnitTests.dll" adapterTypeName="executor://mstestadapter/v2" className="VideoOS.Server.UnitTests.Licensing.LicenseInfoXmlWriterTests" name="CreateLicenseInformationXml_Has10GraceICP_On1GraceICPHardwareWith10Cameras" />
    </UnitTest>
    <UnitTest name="GetRecorderLicenseDatasets_Success_ValidLicenseWithEmptyWhiteList" storage="d:\actions-runner\_work\xpco\xpco\corporate\videoos.server.unittests\bin\x64\debug\net472\videoos.server.unittests.dll" id="f84c3a1f-aa4e-cfd7-bcbb-3339a20f65d4">
      <TestCategory>
        <TestCategoryItem TestCategory="Licensing" />
      </TestCategory>
      <Execution id="230c203e-15f9-4763-b8cf-0428c888fe1e" />
      <TestMethod codeBase="D:\actions-runner\_work\XPCO\XPCO\Corporate\VideoOS.Server.UnitTests\bin\x64\Debug\net472\VideoOS.Server.UnitTests.dll" adapterTypeName="executor://mstestadapter/v2" className="VideoOS.Server.UnitTests.Licensing.LicenseRequestChannelTests" name="GetRecorderLicenseDatasets_Success_ValidLicenseWithEmptyWhiteList" />
    </UnitTest>
    <UnitTest name="ChangeIdpAdminTaskCommandHandlerTests_Clone_Returns_Same_Reference" storage="d:\actions-runner\_work\xpco\xpco\corporate\videoos.server.unittests\bin\x64\debug\net472\videoos.server.unittests.dll" id="bdf6f93c-9e36-a4ff-e07a-684f4e89f604">
      <Execution id="cbab87ce-fbc8-4b87-8d5b-c2cd4fe231bf" />
      <TestMethod codeBase="D:\actions-runner\_work\XPCO\XPCO\Corporate\VideoOS.Server.UnitTests\bin\x64\Debug\net472\VideoOS.Server.UnitTests.dll" adapterTypeName="executor://mstestadapter/v2" className="VideoOS.Server.UnitTests.CommandHandler.ChangeIdpAdminTaskCommandHandlerTests" name="ChangeIdpAdminTaskCommandHandlerTests_Clone_Returns_Same_Reference" />
    </UnitTest>
    <UnitTest name="RecorderLicense_RemoveExistingLicense_Success" storage="d:\actions-runner\_work\xpco\xpco\corporate\videoos.server.unittests\bin\x64\debug\net472\videoos.server.unittests.dll" id="c1ca5f29-bfa1-1309-3768-ba5a26d3c69b">
      <Execution id="621bfca1-60ce-4e3c-b660-bd0470ef53e5" />
      <TestMethod codeBase="D:\actions-runner\_work\XPCO\XPCO\Corporate\VideoOS.Server.UnitTests\bin\x64\Debug\net472\VideoOS.Server.UnitTests.dll" adapterTypeName="executor://mstestadapter/v2" className="VideoOS.Server.UnitTests.Licensing.LicenseSnapshotTests" name="RecorderLicense_RemoveExistingLicense_Success" />
    </UnitTest>
    <UnitTest name="LicenseInfoXmlWriter_CreateLicenseInformationXml_SetsStateInvalidAndErrorMsg_OnMissingSLC" storage="d:\actions-runner\_work\xpco\xpco\corporate\videoos.server.unittests\bin\x64\debug\net472\videoos.server.unittests.dll" id="f9c8c4a1-2598-8797-b158-ea9d8f199e69">
      <TestCategory>
        <TestCategoryItem TestCategory="Licensing" />
      </TestCategory>
      <Execution id="7b25c9b4-c8bc-4e32-9493-5cef57e9a79b" />
      <TestMethod codeBase="D:\actions-runner\_work\XPCO\XPCO\Corporate\VideoOS.Server.UnitTests\bin\x64\Debug\net472\VideoOS.Server.UnitTests.dll" adapterTypeName="executor://mstestadapter/v2" className="VideoOS.Server.UnitTests.Licensing.LicenseInfoXmlWriterTests" name="LicenseInfoXmlWriter_CreateLicenseInformationXml_SetsStateInvalidAndErrorMsg_OnMissingSLC" />
    </UnitTest>
    <UnitTest name="EvidenceLockOnOldRecorderCommandHandlerTests_OldRecV2_ConfigDelete1Row_FailSendComd" storage="d:\actions-runner\_work\xpco\xpco\corporate\videoos.server.unittests\bin\x64\debug\net472\videoos.server.unittests.dll" id="f5dfafa0-a1b3-9bb5-02eb-b8571a3c70a5">
      <Execution id="9c7ceeab-3335-4d15-bb81-54d24abbb94e" />
      <TestMethod codeBase="D:\actions-runner\_work\XPCO\XPCO\Corporate\VideoOS.Server.UnitTests\bin\x64\Debug\net472\VideoOS.Server.UnitTests.dll" adapterTypeName="executor://mstestadapter/v2" className="VideoOS.Server.UnitTests.CommandHandler.EvidenceLockOnOldRecorderCommandHandlerTests" name="EvidenceLockOnOldRecorderCommandHandlerTests_OldRecV2_ConfigDelete1Row_FailSendComd" />
    </UnitTest>
    <UnitTest name="HardwareInCWANotOnWhiteList_ReplacedWithInheritance_HardwareOnWhiteList_MixedCWAAllowed_NewHardwareInCWA" storage="d:\actions-runner\_work\xpco\xpco\corporate\videoos.server.unittests\bin\x64\debug\net472\videoos.server.unittests.dll" id="fe7b57c0-96f0-ff5e-7683-2f3ee9bd43b2">
      <TestCategory>
        <TestCategoryItem TestCategory="Licensing Replace Hardware" />
        <TestCategoryItem TestCategory="Licensing" />
      </TestCategory>
      <Execution id="96d23740-ecba-4813-9589-73de08e6fe51" />
      <TestMethod codeBase="D:\actions-runner\_work\XPCO\XPCO\Corporate\VideoOS.Server.UnitTests\bin\x64\Debug\net472\VideoOS.Server.UnitTests.dll" adapterTypeName="executor://mstestadapter/v2" className="VideoOS.Server.UnitTests.Licensing.LicenseAllocatorChannelTests" name="HardwareInCWANotOnWhiteList_ReplacedWithInheritance_HardwareOnWhiteList_MixedCWAAllowed_NewHardwareInCWA" />
    </UnitTest>
    <UnitTest name="UploadFileChunkCommandHandler_Execute_Completed" storage="d:\actions-runner\_work\xpco\xpco\corporate\videoos.server.unittests\bin\x64\debug\net472\videoos.server.unittests.dll" id="d9dd747f-a44b-24cc-c724-961aefc9b3a1">
      <Execution id="bb3ab998-c018-4269-8cda-fa1f9ce33b7c" />
      <TestMethod codeBase="D:\actions-runner\_work\XPCO\XPCO\Corporate\VideoOS.Server.UnitTests\bin\x64\Debug\net472\VideoOS.Server.UnitTests.dll" adapterTypeName="executor://mstestadapter/v2" className="VideoOS.Server.UnitTests.CommandHandler.UploadFileChunkCommandHandlerUnitTests" name="UploadFileChunkCommandHandler_Execute_Completed" />
    </UnitTest>
    <UnitTest name="HardwareScanExpressTaskCommandHandler_Execute_TargetInvocationException_FailResponse" storage="d:\actions-runner\_work\xpco\xpco\corporate\videoos.server.unittests\bin\x64\debug\net472\videoos.server.unittests.dll" id="aea62d5f-9178-cad8-33d2-858954d9a8ee">
      <Execution id="2e2f25b3-f1e9-4016-b3ff-45a611a2bc18" />
      <TestMethod codeBase="D:\actions-runner\_work\XPCO\XPCO\Corporate\VideoOS.Server.UnitTests\bin\x64\Debug\net472\VideoOS.Server.UnitTests.dll" adapterTypeName="executor://mstestadapter/v2" className="VideoOS.Server.UnitTests.CommandHandler.HardwareScanExpressTaskCommandHandlerTest" name="HardwareScanExpressTaskCommandHandler_Execute_TargetInvocationException_FailResponse" />
    </UnitTest>
    <UnitTest name="AttachedRecorder_TryGetRecorderEntry_Success" storage="d:\actions-runner\_work\xpco\xpco\corporate\videoos.server.unittests\bin\x64\debug\net472\videoos.server.unittests.dll" id="ff508acb-04ad-794b-6a4f-bf5ed375dcc7">
      <Execution id="6308156d-3919-4ea3-be6a-e35a02463848" />
      <TestMethod codeBase="D:\actions-runner\_work\XPCO\XPCO\Corporate\VideoOS.Server.UnitTests\bin\x64\Debug\net472\VideoOS.Server.UnitTests.dll" adapterTypeName="executor://mstestadapter/v2" className="VideoOS.Server.UnitTests.AttachedRecorderTests" name="AttachedRecorder_TryGetRecorderEntry_Success" />
    </UnitTest>
    <UnitTest name="CheckSecurityDataSetTest_NotLicensedPass" storage="d:\actions-runner\_work\xpco\xpco\corporate\videoos.server.unittests\bin\x64\debug\net472\videoos.server.unittests.dll" id="dfc647d8-e7b7-3363-85d0-981b7c564f36">
      <Execution id="be942b78-19de-47e9-8fd6-71f239ea655e" />
      <TestMethod codeBase="D:\actions-runner\_work\XPCO\XPCO\Corporate\VideoOS.Server.UnitTests\bin\x64\Debug\net472\VideoOS.Server.UnitTests.dll" adapterTypeName="executor://mstestadapter/v2" className="VideoOS.Server.UnitTests.Licensing.LicenseFeatureCheckerTest" name="CheckSecurityDataSetTest_NotLicensedPass" />
    </UnitTest>
    <UnitTest name="MoveHardwareTaskCommandHandler_Execute_Destination_Driver_Not_Found_Success_With_Warnings" storage="d:\actions-runner\_work\xpco\xpco\corporate\videoos.server.unittests\bin\x64\debug\net472\videoos.server.unittests.dll" id="18736782-9204-7f7e-2e04-ee3649a63487">
      <Execution id="0c9b0d7c-7f44-47bd-bb2b-156b722c5ec7" />
      <TestMethod codeBase="D:\actions-runner\_work\XPCO\XPCO\Corporate\VideoOS.Server.UnitTests\bin\x64\Debug\net472\VideoOS.Server.UnitTests.dll" adapterTypeName="executor://mstestadapter/v2" className="VideoOS.Server.UnitTests.CommandHandler.MoveHardwareTaskCommandHandlerTests" name="MoveHardwareTaskCommandHandler_Execute_Destination_Driver_Not_Found_Success_With_Warnings" />
    </UnitTest>
    <UnitTest name="HardwareInCWAOnWhiteList_ReplacedWithInheritance_HardwareOnWhiteList_CWAAllowed_NewHardwareInCWA" storage="d:\actions-runner\_work\xpco\xpco\corporate\videoos.server.unittests\bin\x64\debug\net472\videoos.server.unittests.dll" id="6b29d7a2-aa0e-5535-a006-1187f35912c4">
      <TestCategory>
        <TestCategoryItem TestCategory="Licensing Replace Hardware" />
        <TestCategoryItem TestCategory="Licensing" />
      </TestCategory>
      <Execution id="bc708ec6-d367-4b45-b78a-0e8af6d2cd7f" />
      <TestMethod codeBase="D:\actions-runner\_work\XPCO\XPCO\Corporate\VideoOS.Server.UnitTests\bin\x64\Debug\net472\VideoOS.Server.UnitTests.dll" adapterTypeName="executor://mstestadapter/v2" className="VideoOS.Server.UnitTests.Licensing.LicenseAllocatorChannelTests" name="HardwareInCWAOnWhiteList_ReplacedWithInheritance_HardwareOnWhiteList_CWAAllowed_NewHardwareInCWA" />
    </UnitTest>
    <UnitTest name="HardwareInCWANotOnWhiteList_ReplacedWithInheritance_HardwareNotOnWhiteList_NoMoreCWAAllowed_MoreChannelsOnReplacedHardware_NewDevicesInGrace" storage="d:\actions-runner\_work\xpco\xpco\corporate\videoos.server.unittests\bin\x64\debug\net472\videoos.server.unittests.dll" id="e2b07ca1-2786-6047-9ede-03d77dddb270">
      <TestCategory>
        <TestCategoryItem TestCategory="Licensing Replace Hardware" />
        <TestCategoryItem TestCategory="Licensing" />
      </TestCategory>
      <Execution id="808bc410-18cc-47a0-a57f-8b04c1340848" />
      <TestMethod codeBase="D:\actions-runner\_work\XPCO\XPCO\Corporate\VideoOS.Server.UnitTests\bin\x64\Debug\net472\VideoOS.Server.UnitTests.dll" adapterTypeName="executor://mstestadapter/v2" className="VideoOS.Server.UnitTests.Licensing.LicenseAllocatorChannelTests" name="HardwareInCWANotOnWhiteList_ReplacedWithInheritance_HardwareNotOnWhiteList_NoMoreCWAAllowed_MoreChannelsOnReplacedHardware_NewDevicesInGrace" />
    </UnitTest>
    <UnitTest name="Bug_369904_IncorrectNumberOfDevicesInGrace_WhenUpdatingLicense_WithLowerLicenseCount" storage="d:\actions-runner\_work\xpco\xpco\corporate\videoos.server.unittests\bin\x64\debug\net472\videoos.server.unittests.dll" id="6d9f83bd-c2da-8361-c098-b8bbad456725">
      <TestCategory>
        <TestCategoryItem TestCategory="Licensing" />
      </TestCategory>
      <Execution id="43bd682e-d151-41d8-8d30-35f85287717e" />
      <TestMethod codeBase="D:\actions-runner\_work\XPCO\XPCO\Corporate\VideoOS.Server.UnitTests\bin\x64\Debug\net472\VideoOS.Server.UnitTests.dll" adapterTypeName="executor://mstestadapter/v2" className="VideoOS.Server.UnitTests.Licensing.LicenseAllocatorChannelTests" name="Bug_369904_IncorrectNumberOfDevicesInGrace_WhenUpdatingLicense_WithLowerLicenseCount" />
    </UnitTest>
    <UnitTest name="HardwareInCWAOnWhiteList_ReplacedWithInheritance_HardwareNotOnWhiteList_MixedCWAAllowed_FewerChannelsOnReplacedHardware_SomeDevicesInCWA" storage="d:\actions-runner\_work\xpco\xpco\corporate\videoos.server.unittests\bin\x64\debug\net472\videoos.server.unittests.dll" id="427ce3b9-e79c-157b-1d02-60019bd0322e">
      <TestCategory>
        <TestCategoryItem TestCategory="Licensing Replace Hardware" />
        <TestCategoryItem TestCategory="Licensing" />
      </TestCategory>
      <Execution id="0b33598b-ca97-4520-bcd4-f81baa50b910" />
      <TestMethod codeBase="D:\actions-runner\_work\XPCO\XPCO\Corporate\VideoOS.Server.UnitTests\bin\x64\Debug\net472\VideoOS.Server.UnitTests.dll" adapterTypeName="executor://mstestadapter/v2" className="VideoOS.Server.UnitTests.Licensing.LicenseAllocatorChannelTests" name="HardwareInCWAOnWhiteList_ReplacedWithInheritance_HardwareNotOnWhiteList_MixedCWAAllowed_FewerChannelsOnReplacedHardware_SomeDevicesInCWA" />
    </UnitTest>
    <UnitTest name="CheckExternalRecorderRegistrationCommandHandler_Execute_Success" storage="d:\actions-runner\_work\xpco\xpco\corporate\videoos.server.unittests\bin\x64\debug\net472\videoos.server.unittests.dll" id="609fcd17-7a78-cb18-73bb-afdcf3f32c91">
      <Execution id="a8041e90-2fbc-4057-94a6-d46ef72660a5" />
      <TestMethod codeBase="D:\actions-runner\_work\XPCO\XPCO\Corporate\VideoOS.Server.UnitTests\bin\x64\Debug\net472\VideoOS.Server.UnitTests.dll" adapterTypeName="executor://mstestadapter/v2" className="VideoOS.Server.UnitTests.CommandHandler.CheckExternalRecorderRegistrationCommandHandlerUnitTests" name="CheckExternalRecorderRegistrationCommandHandler_Execute_Success" />
    </UnitTest>
    <UnitTest name="ReplaceHardwareTaskCommandHandler_DeviceMapper_TooManyDevices_NotAllowDeletingDisabled_Test" storage="d:\actions-runner\_work\xpco\xpco\corporate\videoos.server.unittests\bin\x64\debug\net472\videoos.server.unittests.dll" id="bdafc501-b6fd-abf9-2e0d-784f8e7c938c">
      <Execution id="ecade751-f444-49e4-8242-141cd7142a02" />
      <TestMethod codeBase="D:\actions-runner\_work\XPCO\XPCO\Corporate\VideoOS.Server.UnitTests\bin\x64\Debug\net472\VideoOS.Server.UnitTests.dll" adapterTypeName="executor://mstestadapter/v2" className="VideoOS.Server.UnitTests.CommandHandler.ReplaceHardwareTaskCommandHandlerUnitTests" name="ReplaceHardwareTaskCommandHandler_DeviceMapper_TooManyDevices_NotAllowDeletingDisabled_Test" />
    </UnitTest>
    <UnitTest name="MultiRecordingServer_HardwareBased_SameHardwareOn2Recorders_ConsumesNoExtraLicenses" storage="d:\actions-runner\_work\xpco\xpco\corporate\videoos.server.unittests\bin\x64\debug\net472\videoos.server.unittests.dll" id="ea3eacd0-5273-36cc-2234-6760022e2ff3">
      <Execution id="a1550169-ce57-4da2-9c53-fa3ac21823f2" />
      <TestMethod codeBase="D:\actions-runner\_work\XPCO\XPCO\Corporate\VideoOS.Server.UnitTests\bin\x64\Debug\net472\VideoOS.Server.UnitTests.dll" adapterTypeName="executor://mstestadapter/v2" className="VideoOS.Server.UnitTests.Licensing.LicenseAllocatorChannelTests" name="MultiRecordingServer_HardwareBased_SameHardwareOn2Recorders_ConsumesNoExtraLicenses" />
    </UnitTest>
    <UnitTest name="DeviceLicense_AddNullLicense_Throws_ArgumentNullException" storage="d:\actions-runner\_work\xpco\xpco\corporate\videoos.server.unittests\bin\x64\debug\net472\videoos.server.unittests.dll" id="d3e7b745-fba1-99e9-2577-7f83368c489c">
      <Execution id="b7295e7d-db35-49cf-9efd-1d89addd1352" />
      <TestMethod codeBase="D:\actions-runner\_work\XPCO\XPCO\Corporate\VideoOS.Server.UnitTests\bin\x64\Debug\net472\VideoOS.Server.UnitTests.dll" adapterTypeName="executor://mstestadapter/v2" className="VideoOS.Server.UnitTests.Licensing.LicenseSnapshotTests" name="DeviceLicense_AddNullLicense_Throws_ArgumentNullException" />
    </UnitTest>
    <UnitTest name="QueryDeviceEvidenceLockSizesResponse_ModelIsValid_CommandExecuted" storage="d:\actions-runner\_work\xpco\xpco\corporate\videoos.server.unittests\bin\x64\debug\net472\videoos.server.unittests.dll" id="c2c04e98-e576-5dca-5734-d5cc200099a6">
      <Execution id="7d7f6992-6b9e-48f2-acab-d2a88d669838" />
      <TestMethod codeBase="D:\actions-runner\_work\XPCO\XPCO\Corporate\VideoOS.Server.UnitTests\bin\x64\Debug\net472\VideoOS.Server.UnitTests.dll" adapterTypeName="executor://mstestadapter/v2" className="VideoOS.Server.UnitTests.WebApi.ResponseControllerTest" name="QueryDeviceEvidenceLockSizesResponse_ModelIsValid_CommandExecuted" />
    </UnitTest>
    <UnitTest name="ActivateUserDefinedEventOnRemoteSite_ModelIsValid_CommandExecuted" storage="d:\actions-runner\_work\xpco\xpco\corporate\videoos.server.unittests\bin\x64\debug\net472\videoos.server.unittests.dll" id="b4910ef8-8100-8147-1c49-985272aefa18">
      <Execution id="e794faeb-8be3-4c10-a5aa-1d349849cc90" />
      <TestMethod codeBase="D:\actions-runner\_work\XPCO\XPCO\Corporate\VideoOS.Server.UnitTests\bin\x64\Debug\net472\VideoOS.Server.UnitTests.dll" adapterTypeName="executor://mstestadapter/v2" className="VideoOS.Server.UnitTests.WebApi.Controllers.EventCommandsControllerTests" name="ActivateUserDefinedEventOnRemoteSite_ModelIsValid_CommandExecuted" />
    </UnitTest>
    <UnitTest name="AllocateLicenses_HardwareWith20Devices5EnabledAndActivated_Enabling15Devices_ShouldGet5CWA5Grace5Unlicensed_On15LicensesAnd5CWA" storage="d:\actions-runner\_work\xpco\xpco\corporate\videoos.server.unittests\bin\x64\debug\net472\videoos.server.unittests.dll" id="bd8299be-4e34-0ff0-3182-d1da2f6a2abc">
      <TestCategory>
        <TestCategoryItem TestCategory="Licensing" />
      </TestCategory>
      <Execution id="f146d780-11d0-46ed-8b1d-b35df72b8d6f" />
      <TestMethod codeBase="D:\actions-runner\_work\XPCO\XPCO\Corporate\VideoOS.Server.UnitTests\bin\x64\Debug\net472\VideoOS.Server.UnitTests.dll" adapterTypeName="executor://mstestadapter/v2" className="VideoOS.Server.UnitTests.Licensing.LicenseAllocatorChannelTests" name="AllocateLicenses_HardwareWith20Devices5EnabledAndActivated_Enabling15Devices_ShouldGet5CWA5Grace5Unlicensed_On15LicensesAnd5CWA" />
    </UnitTest>
    <UnitTest name="GetRecorderLicense_LastEnabledHardwareWithoutDevicesIsWithoutLicense_OnEnabledHardwareBeingFirstInDataSetAndChannelLicensing" storage="d:\actions-runner\_work\xpco\xpco\corporate\videoos.server.unittests\bin\x64\debug\net472\videoos.server.unittests.dll" id="829d0f90-2469-d00a-2b4c-246feaf33a9f">
      <TestCategory>
        <TestCategoryItem TestCategory="Licensing" />
      </TestCategory>
      <Execution id="b63f99a9-50e6-440f-96f9-8f0d9dedaf53" />
      <TestMethod codeBase="D:\actions-runner\_work\XPCO\XPCO\Corporate\VideoOS.Server.UnitTests\bin\x64\Debug\net472\VideoOS.Server.UnitTests.dll" adapterTypeName="executor://mstestadapter/v2" className="VideoOS.Server.UnitTests.Licensing.LicenseManagerUnitTests" name="GetRecorderLicense_LastEnabledHardwareWithoutDevicesIsWithoutLicense_OnEnabledHardwareBeingFirstInDataSetAndChannelLicensing" />
    </UnitTest>
    <UnitTest name="CheckExternalRecorderRegistrationCommandHandler_Constructor_ThrowsIfParameterNull" storage="d:\actions-runner\_work\xpco\xpco\corporate\videoos.server.unittests\bin\x64\debug\net472\videoos.server.unittests.dll" id="4480f291-9ab6-2a14-260f-23472228c206">
      <Execution id="27f431a8-5c52-4cb1-800c-21c19cd57fa7" />
      <TestMethod codeBase="D:\actions-runner\_work\XPCO\XPCO\Corporate\VideoOS.Server.UnitTests\bin\x64\Debug\net472\VideoOS.Server.UnitTests.dll" adapterTypeName="executor://mstestadapter/v2" className="VideoOS.Server.UnitTests.CommandHandler.CheckExternalRecorderRegistrationCommandHandlerUnitTests" name="CheckExternalRecorderRegistrationCommandHandler_Constructor_ThrowsIfParameterNull" />
    </UnitTest>
    <UnitTest name="ChannelLicenseCountManager_IsHardwareLicensed_Success" storage="d:\actions-runner\_work\xpco\xpco\corporate\videoos.server.unittests\bin\x64\debug\net472\videoos.server.unittests.dll" id="a8d95712-086e-4490-ce81-136530aa2d77">
      <TestCategory>
        <TestCategoryItem TestCategory="Licensing" />
      </TestCategory>
      <Execution id="3b5b1d81-01d7-482a-8e18-5f89cfd5d83c" />
      <TestMethod codeBase="D:\actions-runner\_work\XPCO\XPCO\Corporate\VideoOS.Server.UnitTests\bin\x64\Debug\net472\VideoOS.Server.UnitTests.dll" adapterTypeName="executor://mstestadapter/v2" className="VideoOS.Server.UnitTests.Licensing.LicenseCountManagerUnitTests" name="ChannelLicenseCountManager_IsHardwareLicensed_Success" />
    </UnitTest>
    <UnitTest name="AllocateLicenses_TwoLicensedTwoExpired_OnFourHardwaresFiveCameraChannelsTwoPrelicensedTwoExpiredAndFourAvailableLicenses" storage="d:\actions-runner\_work\xpco\xpco\corporate\videoos.server.unittests\bin\x64\debug\net472\videoos.server.unittests.dll" id="7f66b7da-de57-f7e0-4a65-94ed5a0266b4">
      <TestCategory>
        <TestCategoryItem TestCategory="Licensing" />
      </TestCategory>
      <Execution id="1528cd9d-7b8a-4582-9b32-d71a04027d9b" />
      <TestMethod codeBase="D:\actions-runner\_work\XPCO\XPCO\Corporate\VideoOS.Server.UnitTests\bin\x64\Debug\net472\VideoOS.Server.UnitTests.dll" adapterTypeName="executor://mstestadapter/v2" className="VideoOS.Server.UnitTests.Licensing.LicenseAllocatorHardwareTests" name="AllocateLicenses_TwoLicensedTwoExpired_OnFourHardwaresFiveCameraChannelsTwoPrelicensedTwoExpiredAndFourAvailableLicenses" />
    </UnitTest>
    <UnitTest name="Validate_HardwareNotOnWhiteList_StaysOutOfGrace_WhenGracePeriodExpires_AndHasCorrectStatusForHardwareAndDevices" storage="d:\actions-runner\_work\xpco\xpco\corporate\videoos.server.unittests\bin\x64\debug\net472\videoos.server.unittests.dll" id="52f5ee09-605d-194f-6798-1813db13a786">
      <TestCategory>
        <TestCategoryItem TestCategory="Licensing" />
      </TestCategory>
      <Execution id="ac97bbc8-b629-4525-806a-10c8f373a9a2" />
      <TestMethod codeBase="D:\actions-runner\_work\XPCO\XPCO\Corporate\VideoOS.Server.UnitTests\bin\x64\Debug\net472\VideoOS.Server.UnitTests.dll" adapterTypeName="executor://mstestadapter/v2" className="VideoOS.Server.UnitTests.Licensing.LicenseAllocatorChannelTests" name="Validate_HardwareNotOnWhiteList_StaysOutOfGrace_WhenGracePeriodExpires_AndHasCorrectStatusForHardwareAndDevices" />
    </UnitTest>
    <UnitTest name="HardwareActivatedNotOnWhiteList_ReplacedWithNoInheritance_HardwareOnWhiteList_NoCWAAllowed_NewHardwareInGrace" storage="d:\actions-runner\_work\xpco\xpco\corporate\videoos.server.unittests\bin\x64\debug\net472\videoos.server.unittests.dll" id="de3b1ba6-b022-0826-8809-95b9c90dca9f">
      <TestCategory>
        <TestCategoryItem TestCategory="Licensing Replace Hardware" />
        <TestCategoryItem TestCategory="Licensing" />
      </TestCategory>
      <Execution id="7b3905e4-c362-4be5-8a30-9ed883bfd206" />
      <TestMethod codeBase="D:\actions-runner\_work\XPCO\XPCO\Corporate\VideoOS.Server.UnitTests\bin\x64\Debug\net472\VideoOS.Server.UnitTests.dll" adapterTypeName="executor://mstestadapter/v2" className="VideoOS.Server.UnitTests.Licensing.LicenseAllocatorChannelTests" name="HardwareActivatedNotOnWhiteList_ReplacedWithNoInheritance_HardwareOnWhiteList_NoCWAAllowed_NewHardwareInGrace" />
    </UnitTest>
    <UnitTest name="HardwareScanTaskCommandHandler_StopScan_ReturnsScanSessionNoResult" storage="d:\actions-runner\_work\xpco\xpco\corporate\videoos.server.unittests\bin\x64\debug\net472\videoos.server.unittests.dll" id="f4abda8c-11e8-cf16-83af-ba713ce9f0b9">
      <Execution id="f73026a4-87e5-4559-9851-0d4b5ae91458" />
      <TestMethod codeBase="D:\actions-runner\_work\XPCO\XPCO\Corporate\VideoOS.Server.UnitTests\bin\x64\Debug\net472\VideoOS.Server.UnitTests.dll" adapterTypeName="executor://mstestadapter/v2" className="VideoOS.Server.UnitTests.CommandHandler.HardwareScanTaskCommandHandlerTest" name="HardwareScanTaskCommandHandler_StopScan_ReturnsScanSessionNoResult" />
    </UnitTest>
    <UnitTest name="HardwareInCWAOnWhiteList_ReplacedWithNoInheritance_HardwareOnWhiteList_NoMoreCWAAllowed_MoreChannelsOnReplacedHardware_NewHardwareInGrace" storage="d:\actions-runner\_work\xpco\xpco\corporate\videoos.server.unittests\bin\x64\debug\net472\videoos.server.unittests.dll" id="d19839c4-abc8-cd86-7c39-e8abf0955c68">
      <TestCategory>
        <TestCategoryItem TestCategory="Licensing Replace Hardware" />
        <TestCategoryItem TestCategory="Licensing" />
      </TestCategory>
      <Execution id="90dbdd0f-229f-4317-b3c6-3be35e81a0ba" />
      <TestMethod codeBase="D:\actions-runner\_work\XPCO\XPCO\Corporate\VideoOS.Server.UnitTests\bin\x64\Debug\net472\VideoOS.Server.UnitTests.dll" adapterTypeName="executor://mstestadapter/v2" className="VideoOS.Server.UnitTests.Licensing.LicenseAllocatorChannelTests" name="HardwareInCWAOnWhiteList_ReplacedWithNoInheritance_HardwareOnWhiteList_NoMoreCWAAllowed_MoreChannelsOnReplacedHardware_NewHardwareInGrace" />
    </UnitTest>
    <UnitTest name="CheckExternalRecorderRegistrationCommandHandler_Execute_ReturnsRecorderUnavailableResponseOnRecorderNotConnected" storage="d:\actions-runner\_work\xpco\xpco\corporate\videoos.server.unittests\bin\x64\debug\net472\videoos.server.unittests.dll" id="1841a497-6454-a206-f0aa-3b0869fd2463">
      <Execution id="c4303b56-01d3-44d3-8d55-104fe5ea806c" />
      <TestMethod codeBase="D:\actions-runner\_work\XPCO\XPCO\Corporate\VideoOS.Server.UnitTests\bin\x64\Debug\net472\VideoOS.Server.UnitTests.dll" adapterTypeName="executor://mstestadapter/v2" className="VideoOS.Server.UnitTests.CommandHandler.CheckExternalRecorderRegistrationCommandHandlerUnitTests" name="CheckExternalRecorderRegistrationCommandHandler_Execute_ReturnsRecorderUnavailableResponseOnRecorderNotConnected" />
    </UnitTest>
    <UnitTest name="UpdateHardwareTaskCommandHandler_Construction_Null_Tests" storage="d:\actions-runner\_work\xpco\xpco\corporate\videoos.server.unittests\bin\x64\debug\net472\videoos.server.unittests.dll" id="5f362af3-57c8-1122-bb39-fbb8155f17f4">
      <Execution id="69e5788a-38f0-43a1-a854-e70a8a422a00" />
      <TestMethod codeBase="D:\actions-runner\_work\XPCO\XPCO\Corporate\VideoOS.Server.UnitTests\bin\x64\Debug\net472\VideoOS.Server.UnitTests.dll" adapterTypeName="executor://mstestadapter/v2" className="VideoOS.Server.UnitTests.CommandHandler.UpdateHardwareTaskHandlerTests" name="UpdateHardwareTaskCommandHandler_Construction_Null_Tests" />
    </UnitTest>
    <UnitTest name="PtzReserveSessionResponse_ModelIsValid_CommandExecuted" storage="d:\actions-runner\_work\xpco\xpco\corporate\videoos.server.unittests\bin\x64\debug\net472\videoos.server.unittests.dll" id="29262fbc-e929-4761-ebd6-59dea368b6f8">
      <Execution id="42360418-9dff-40f7-9b64-faacc0666bb1" />
      <TestMethod codeBase="D:\actions-runner\_work\XPCO\XPCO\Corporate\VideoOS.Server.UnitTests\bin\x64\Debug\net472\VideoOS.Server.UnitTests.dll" adapterTypeName="executor://mstestadapter/v2" className="VideoOS.Server.UnitTests.WebApi.ResponseControllerTest" name="PtzReserveSessionResponse_ModelIsValid_CommandExecuted" />
    </UnitTest>
    <UnitTest name="TemporaryLicense_SetChangesWithoutActivationToken_DateActivatedSameToNow" storage="d:\actions-runner\_work\xpco\xpco\corporate\videoos.server.unittests\bin\x64\debug\net472\videoos.server.unittests.dll" id="f6d5e561-34f2-4fd1-5142-307043996e36">
      <TestCategory>
        <TestCategoryItem TestCategory="Licensing" />
      </TestCategory>
      <Execution id="ad2ca197-4d98-44ba-a8d9-32969443a8d0" />
      <TestMethod codeBase="D:\actions-runner\_work\XPCO\XPCO\Corporate\VideoOS.Server.UnitTests\bin\x64\Debug\net472\VideoOS.Server.UnitTests.dll" adapterTypeName="executor://mstestadapter/v2" className="VideoOS.Server.UnitTests.Licensing.HardwareLicensesUnitTests" name="TemporaryLicense_SetChangesWithoutActivationToken_DateActivatedSameToNow" />
    </UnitTest>
    <UnitTest name="FindHardware_EmptyMac_Throws_ArgumentNullException" storage="d:\actions-runner\_work\xpco\xpco\corporate\videoos.server.unittests\bin\x64\debug\net472\videoos.server.unittests.dll" id="375026d0-1f6d-e20f-0693-7a1919c0e7d6">
      <Execution id="72a3c2da-7a89-4023-9a7c-faf785d352b1" />
      <TestMethod codeBase="D:\actions-runner\_work\XPCO\XPCO\Corporate\VideoOS.Server.UnitTests\bin\x64\Debug\net472\VideoOS.Server.UnitTests.dll" adapterTypeName="executor://mstestadapter/v2" className="VideoOS.Server.UnitTests.Licensing.LicenseSnapshotTests" name="FindHardware_EmptyMac_Throws_ArgumentNullException" />
    </UnitTest>
    <UnitTest name="QueueAutomaticActivation_DoesNotPostponeActivation_OnActivationInQueue" storage="d:\actions-runner\_work\xpco\xpco\corporate\videoos.server.unittests\bin\x64\debug\net472\videoos.server.unittests.dll" id="05b6e2a1-5d8b-3f06-4e0d-a13dcae334b4">
      <TestCategory>
        <TestCategoryItem TestCategory="Licensing" />
      </TestCategory>
      <Execution id="53db9a8f-3673-4824-ab41-d372a4839bef" />
      <TestMethod codeBase="D:\actions-runner\_work\XPCO\XPCO\Corporate\VideoOS.Server.UnitTests\bin\x64\Debug\net472\VideoOS.Server.UnitTests.dll" adapterTypeName="executor://mstestadapter/v2" className="VideoOS.Server.UnitTests.Licensing.ActivationManagerTests" name="QueueAutomaticActivation_DoesNotPostponeActivation_OnActivationInQueue" />
    </UnitTest>
    <UnitTest name="TaskHandling_ProcessUpdateDiffgram_Hardware_Null_Value" storage="d:\actions-runner\_work\xpco\xpco\corporate\videoos.server.unittests\bin\x64\debug\net472\videoos.server.unittests.dll" id="a7b1ca77-c533-93d1-99ba-9a567e13f38f">
      <Execution id="bf3f048c-c2cc-4ecc-8cf6-50b457135d01" />
      <TestMethod codeBase="D:\actions-runner\_work\XPCO\XPCO\Corporate\VideoOS.Server.UnitTests\bin\x64\Debug\net472\VideoOS.Server.UnitTests.dll" adapterTypeName="executor://mstestadapter/v2" className="VideoOS.Server.UnitTests.Tasks.TaskHandlingUnitTests" name="TaskHandling_ProcessUpdateDiffgram_Hardware_Null_Value" />
    </UnitTest>
    <UnitTest name="IsActivationRequired_Success_ActivationNotRequired_OneDevice" storage="d:\actions-runner\_work\xpco\xpco\corporate\videoos.server.unittests\bin\x64\debug\net472\videoos.server.unittests.dll" id="9cb65c54-10b7-6be6-1f38-fad266ba3e96">
      <TestCategory>
        <TestCategoryItem TestCategory="Licensing" />
      </TestCategory>
      <Execution id="88df7243-229e-48a6-a493-98e1da50ab08" />
      <TestMethod codeBase="D:\actions-runner\_work\XPCO\XPCO\Corporate\VideoOS.Server.UnitTests\bin\x64\Debug\net472\VideoOS.Server.UnitTests.dll" adapterTypeName="executor://mstestadapter/v2" className="VideoOS.Server.UnitTests.Licensing.LicenseRequestChannelTests" name="IsActivationRequired_Success_ActivationNotRequired_OneDevice" />
    </UnitTest>
    <UnitTest name="ReportManualRecordingStateCommand_ModelIsValid_CommandExecuted" storage="d:\actions-runner\_work\xpco\xpco\corporate\videoos.server.unittests\bin\x64\debug\net472\videoos.server.unittests.dll" id="ae22dca9-2c0d-4866-9901-227de3fea027">
      <Execution id="9b732a05-6734-42fa-9c8c-51d6ac09b239" />
      <TestMethod codeBase="D:\actions-runner\_work\XPCO\XPCO\Corporate\VideoOS.Server.UnitTests\bin\x64\Debug\net472\VideoOS.Server.UnitTests.dll" adapterTypeName="executor://mstestadapter/v2" className="VideoOS.Server.UnitTests.DatabaseCommandsControllerTests" name="ReportManualRecordingStateCommand_ModelIsValid_CommandExecuted" />
    </UnitTest>
    <UnitTest name="Monitor_CurrentStatusChanged_FailoverStateChanges" storage="d:\actions-runner\_work\xpco\xpco\corporate\videoos.server.unittests\bin\x64\debug\net472\videoos.server.unittests.dll" id="cd0b7830-5acf-7869-1c73-47988d890ffd">
      <Execution id="1eed4133-1ca7-4be0-80d7-58a0cd6ee4cf" />
      <TestMethod codeBase="D:\actions-runner\_work\XPCO\XPCO\Corporate\VideoOS.Server.UnitTests\bin\x64\Debug\net472\VideoOS.Server.UnitTests.dll" adapterTypeName="executor://mstestadapter/v2" className="VideoOS.Server.UnitTests.Failover.FailoverStatusManagerUnitTests" name="Monitor_CurrentStatusChanged_FailoverStateChanges" />
    </UnitTest>
    <UnitTest name="RecordingServerCache_ClearCacheRemovesCachedLicense_Success" storage="d:\actions-runner\_work\xpco\xpco\corporate\videoos.server.unittests\bin\x64\debug\net472\videoos.server.unittests.dll" id="66c9557b-c149-2e3d-d5ea-3250190bb2c2">
      <Execution id="4081dc1e-7fc1-45ba-bb7b-53e7336251b6" />
      <TestMethod codeBase="D:\actions-runner\_work\XPCO\XPCO\Corporate\VideoOS.Server.UnitTests\bin\x64\Debug\net472\VideoOS.Server.UnitTests.dll" adapterTypeName="executor://mstestadapter/v2" className="VideoOS.Server.UnitTests.Licensing.LicenseManagerCacheTests" name="RecordingServerCache_ClearCacheRemovesCachedLicense_Success" />
    </UnitTest>
    <UnitTest name="AnalyzeAndCreateAuditLogs_DeletedTimeProfileDefaultRoleRelationRow_ReturnsOneAuditLog" storage="d:\actions-runner\_work\xpco\xpco\corporate\videoos.server.unittests\bin\x64\debug\net472\videoos.server.unittests.dll" id="c461bfbb-db61-36c4-7c9c-cd738e75f1f7">
      <Execution id="9664d155-f2c4-4d9f-8262-a1005ab6204a" />
      <TestMethod codeBase="D:\actions-runner\_work\XPCO\XPCO\Corporate\VideoOS.Server.UnitTests\bin\x64\Debug\net472\VideoOS.Server.UnitTests.dll" adapterTypeName="executor://mstestadapter/v2" className="VideoOS.Server.UnitTests.CommandHandler.DataSetAuditLogAnalyzerTests" name="AnalyzeAndCreateAuditLogs_DeletedTimeProfileDefaultRoleRelationRow_ReturnsOneAuditLog" />
    </UnitTest>
    <UnitTest name="MoveHardwareTaskCommandHandler_Execute_WriteConfigurationDataSetChangesToDatabase_DBConcurrencyException_FailResponse_UpdateConfigurationFailed" storage="d:\actions-runner\_work\xpco\xpco\corporate\videoos.server.unittests\bin\x64\debug\net472\videoos.server.unittests.dll" id="f54cb0cb-5b9c-26f7-4212-f53dc833b117">
      <Execution id="3780898a-2072-4839-89d3-16063c66ea66" />
      <TestMethod codeBase="D:\actions-runner\_work\XPCO\XPCO\Corporate\VideoOS.Server.UnitTests\bin\x64\Debug\net472\VideoOS.Server.UnitTests.dll" adapterTypeName="executor://mstestadapter/v2" className="VideoOS.Server.UnitTests.CommandHandler.MoveHardwareTaskCommandHandlerTests" name="MoveHardwareTaskCommandHandler_Execute_WriteConfigurationDataSetChangesToDatabase_DBConcurrencyException_FailResponse_UpdateConfigurationFailed" />
    </UnitTest>
    <UnitTest name="LicenseFactory_Create_LicenseSnapshot_Success" storage="d:\actions-runner\_work\xpco\xpco\corporate\videoos.server.unittests\bin\x64\debug\net472\videoos.server.unittests.dll" id="24ab3bd5-1acb-fa38-e5c7-6c5a5fa87aa2">
      <Execution id="f2d909ef-e18a-4bd8-b024-ed6941f99ae2" />
      <TestMethod codeBase="D:\actions-runner\_work\XPCO\XPCO\Corporate\VideoOS.Server.UnitTests\bin\x64\Debug\net472\VideoOS.Server.UnitTests.dll" adapterTypeName="executor://mstestadapter/v2" className="VideoOS.Server.UnitTests.Licensing.LicenseSnapshotTests" name="LicenseFactory_Create_LicenseSnapshot_Success" />
    </UnitTest>
    <UnitTest name="SetMatrixView_ModelIsValid_CommandExecuted" storage="d:\actions-runner\_work\xpco\xpco\corporate\videoos.server.unittests\bin\x64\debug\net472\videoos.server.unittests.dll" id="3b6709e2-05c1-e5a2-e86a-3880bee121c4">
      <Execution id="4386b2a4-d235-4fce-8079-86e545f6b48a" />
      <TestMethod codeBase="D:\actions-runner\_work\XPCO\XPCO\Corporate\VideoOS.Server.UnitTests\bin\x64\Debug\net472\VideoOS.Server.UnitTests.dll" adapterTypeName="executor://mstestadapter/v2" className="VideoOS.Server.UnitTests.ServerCommmandsControllerTests" name="SetMatrixView_ModelIsValid_CommandExecuted" />
    </UnitTest>
    <UnitTest name="HardwareSetupInformationResponse_ModelIsNull_BadRequestResult" storage="d:\actions-runner\_work\xpco\xpco\corporate\videoos.server.unittests\bin\x64\debug\net472\videoos.server.unittests.dll" id="5e3bdf58-1844-a1b4-806a-46eb12369c4c">
      <Execution id="afaf8a75-c226-411d-90fe-8663c3dc64fc" />
      <TestMethod codeBase="D:\actions-runner\_work\XPCO\XPCO\Corporate\VideoOS.Server.UnitTests\bin\x64\Debug\net472\VideoOS.Server.UnitTests.dll" adapterTypeName="executor://mstestadapter/v2" className="VideoOS.Server.UnitTests.WebApi.ResponseControllerTest" name="HardwareSetupInformationResponse_ModelIsNull_BadRequestResult" />
    </UnitTest>
    <UnitTest name="UpdateEvidenceLockSizesCommandHandlerTests_UpdateOneEvidenceLockSize_UpdateEvidenceLockSizesInTheDatabaseFailed_SuccessResponse" storage="d:\actions-runner\_work\xpco\xpco\corporate\videoos.server.unittests\bin\x64\debug\net472\videoos.server.unittests.dll" id="055b4e5c-9049-e74b-43bd-2a5fd25e970b">
      <Execution id="df33cee5-5202-4b1b-8620-ccf5f5aab8b5" />
      <TestMethod codeBase="D:\actions-runner\_work\XPCO\XPCO\Corporate\VideoOS.Server.UnitTests\bin\x64\Debug\net472\VideoOS.Server.UnitTests.dll" adapterTypeName="executor://mstestadapter/v2" className="VideoOS.Server.UnitTests.CommandHandler.UpdateEvidenceLockSizesCommandHandlerTests" name="UpdateEvidenceLockSizesCommandHandlerTests_UpdateOneEvidenceLockSize_UpdateEvidenceLockSizesInTheDatabaseFailed_SuccessResponse" />
    </UnitTest>
    <UnitTest name="TemporaryLicense_HasCurrentYearToken_LicenseYearInferiorThanDateActivated" storage="d:\actions-runner\_work\xpco\xpco\corporate\videoos.server.unittests\bin\x64\debug\net472\videoos.server.unittests.dll" id="46bf9e98-581b-ed21-4068-ec39f8188b91">
      <TestCategory>
        <TestCategoryItem TestCategory="Licensing" />
      </TestCategory>
      <Execution id="be149407-3f90-472d-b937-9b3bbc6c8e16" />
      <TestMethod codeBase="D:\actions-runner\_work\XPCO\XPCO\Corporate\VideoOS.Server.UnitTests\bin\x64\Debug\net472\VideoOS.Server.UnitTests.dll" adapterTypeName="executor://mstestadapter/v2" className="VideoOS.Server.UnitTests.Licensing.HardwareLicensesUnitTests" name="TemporaryLicense_HasCurrentYearToken_LicenseYearInferiorThanDateActivated" />
    </UnitTest>
    <UnitTest name="GenerateLicenseRequestAsXml_ExportDriverNumberFlagSet_ExportsDriverNumber_Success" storage="d:\actions-runner\_work\xpco\xpco\corporate\videoos.server.unittests\bin\x64\debug\net472\videoos.server.unittests.dll" id="fd34d79d-6a71-f6d7-434a-60dde659bbd3">
      <TestCategory>
        <TestCategoryItem TestCategory="Licensing" />
      </TestCategory>
      <Execution id="30ba004e-5210-4635-80c8-14c6fc040633" />
      <TestMethod codeBase="D:\actions-runner\_work\XPCO\XPCO\Corporate\VideoOS.Server.UnitTests\bin\x64\Debug\net472\VideoOS.Server.UnitTests.dll" adapterTypeName="executor://mstestadapter/v2" className="VideoOS.Server.UnitTests.Licensing.LicenseRequestChannelTests" name="GenerateLicenseRequestAsXml_ExportDriverNumberFlagSet_ExportsDriverNumber_Success" />
    </UnitTest>
    <UnitTest name="CheckConfigurationDataSetTest_RecorderMulticastNotLicensedFail" storage="d:\actions-runner\_work\xpco\xpco\corporate\videoos.server.unittests\bin\x64\debug\net472\videoos.server.unittests.dll" id="5b93ef42-b7b3-5196-9d09-0e0e6b274066">
      <Execution id="c6a18007-8ff9-4e63-9b33-b39ecc7bab4c" />
      <TestMethod codeBase="D:\actions-runner\_work\XPCO\XPCO\Corporate\VideoOS.Server.UnitTests\bin\x64\Debug\net472\VideoOS.Server.UnitTests.dll" adapterTypeName="executor://mstestadapter/v2" className="VideoOS.Server.UnitTests.Licensing.LicenseFeatureCheckerTest" name="CheckConfigurationDataSetTest_RecorderMulticastNotLicensedFail" />
    </UnitTest>
    <UnitTest name="AllocateLicenses_HardwareWithNoCameras_ShouldCount1InCWA_ThenDisabling_ShouldStillCount1InCWA_On10Replacements" storage="d:\actions-runner\_work\xpco\xpco\corporate\videoos.server.unittests\bin\x64\debug\net472\videoos.server.unittests.dll" id="599ccfee-b92f-9c95-c440-e902348632b1">
      <TestCategory>
        <TestCategoryItem TestCategory="Licensing" />
      </TestCategory>
      <Execution id="3fa4782f-fab0-4526-a614-7ade1a27365e" />
      <TestMethod codeBase="D:\actions-runner\_work\XPCO\XPCO\Corporate\VideoOS.Server.UnitTests\bin\x64\Debug\net472\VideoOS.Server.UnitTests.dll" adapterTypeName="executor://mstestadapter/v2" className="VideoOS.Server.UnitTests.Licensing.LicenseAllocatorChannelTests" name="AllocateLicenses_HardwareWithNoCameras_ShouldCount1InCWA_ThenDisabling_ShouldStillCount1InCWA_On10Replacements" />
    </UnitTest>
    <UnitTest name="MessageManagerResponseCollector_GetNextResponse_SuccessResponse" storage="d:\actions-runner\_work\xpco\xpco\corporate\videoos.server.unittests\bin\x64\debug\net472\videoos.server.unittests.dll" id="f016efe6-b33c-ffb6-74a7-426748f0e966">
      <Execution id="c566f88d-4f25-46a3-ae78-ef6ea5152d35" />
      <TestMethod codeBase="D:\actions-runner\_work\XPCO\XPCO\Corporate\VideoOS.Server.UnitTests\bin\x64\Debug\net472\VideoOS.Server.UnitTests.dll" adapterTypeName="executor://mstestadapter/v2" className="VideoOS.Server.UnitTests.MessageManagerResponseCollectorUnitTests" name="MessageManagerResponseCollector_GetNextResponse_SuccessResponse" />
    </UnitTest>
    <UnitTest name="ToXml_HasLicenseReportInformationSectionWithRightInformation_OnNotDefaultConstruction" storage="d:\actions-runner\_work\xpco\xpco\corporate\videoos.server.unittests\bin\x64\debug\net472\videoos.server.unittests.dll" id="88ef3b12-90e0-b60b-d906-a863d11fe7c1">
      <Execution id="cd1f21c2-1124-4e2b-abec-8709eb1fa9cd" />
      <TestMethod codeBase="D:\actions-runner\_work\XPCO\XPCO\Corporate\VideoOS.Server.UnitTests\bin\x64\Debug\net472\VideoOS.Server.UnitTests.dll" adapterTypeName="executor://mstestadapter/v2" className="VideoOS.Server.UnitTests.Licensing.LicenseInformationUnitTests" name="ToXml_HasLicenseReportInformationSectionWithRightInformation_OnNotDefaultConstruction" />
    </UnitTest>
    <UnitTest name="HardwareInCWAOnWhiteList_ReplacedWithInheritance_HardwareNotOnWhiteList_NoMoreCWAAllowed_MoreChannelsOnReplacedHardware_NewDevicesInGrace" storage="d:\actions-runner\_work\xpco\xpco\corporate\videoos.server.unittests\bin\x64\debug\net472\videoos.server.unittests.dll" id="eaacc939-8c52-d76d-0d8a-74169cd672a2">
      <TestCategory>
        <TestCategoryItem TestCategory="Licensing Replace Hardware" />
        <TestCategoryItem TestCategory="Licensing" />
      </TestCategory>
      <Execution id="8072da64-9b19-4ce3-aab1-1d2ddaa120a1" />
      <TestMethod codeBase="D:\actions-runner\_work\XPCO\XPCO\Corporate\VideoOS.Server.UnitTests\bin\x64\Debug\net472\VideoOS.Server.UnitTests.dll" adapterTypeName="executor://mstestadapter/v2" className="VideoOS.Server.UnitTests.Licensing.LicenseAllocatorChannelTests" name="HardwareInCWAOnWhiteList_ReplacedWithInheritance_HardwareNotOnWhiteList_NoMoreCWAAllowed_MoreChannelsOnReplacedHardware_NewDevicesInGrace" />
    </UnitTest>
    <UnitTest name="LicenseCountManager_HardwareLicenses_ClearByRecorder_Success" storage="d:\actions-runner\_work\xpco\xpco\corporate\videoos.server.unittests\bin\x64\debug\net472\videoos.server.unittests.dll" id="468b9eb4-7481-5a0f-1901-331193ac2eb1">
      <Execution id="b20d3ff5-ba3e-4055-a346-34d3e29e1a36" />
      <TestMethod codeBase="D:\actions-runner\_work\XPCO\XPCO\Corporate\VideoOS.Server.UnitTests\bin\x64\Debug\net472\VideoOS.Server.UnitTests.dll" adapterTypeName="executor://mstestadapter/v2" className="VideoOS.Server.UnitTests.Licensing.LicenseCountManagerUnitTests" name="LicenseCountManager_HardwareLicenses_ClearByRecorder_Success" />
    </UnitTest>
    <UnitTest name="Ctor_TokenCacheNull_ThrowsArgumentNullException" storage="d:\actions-runner\_work\xpco\xpco\corporate\videoos.server.unittests\bin\x64\debug\net472\videoos.server.unittests.dll" id="d4704b48-35ea-e513-d452-e0a5781bede0">
      <Execution id="9a7aedea-8dc6-4ef8-93f4-496ec8e5d69a" />
      <TestMethod codeBase="D:\actions-runner\_work\XPCO\XPCO\Corporate\VideoOS.Server.UnitTests\bin\x64\Debug\net472\VideoOS.Server.UnitTests.dll" adapterTypeName="executor://mstestadapter/v2" className="VideoOS.Server.UnitTests.Log.IdpLogRetrieverTests" name="Ctor_TokenCacheNull_ThrowsArgumentNullException" />
    </UnitTest>
    <UnitTest name="ExecuteMipActionCommand_ModelIsNull_BadRequestResult" storage="d:\actions-runner\_work\xpco\xpco\corporate\videoos.server.unittests\bin\x64\debug\net472\videoos.server.unittests.dll" id="4bce812a-4918-86c6-8b3b-eb1449713531">
      <Execution id="ceeb24cf-7a20-455a-8b85-b34517a66abd" />
      <TestMethod codeBase="D:\actions-runner\_work\XPCO\XPCO\Corporate\VideoOS.Server.UnitTests\bin\x64\Debug\net472\VideoOS.Server.UnitTests.dll" adapterTypeName="executor://mstestadapter/v2" className="VideoOS.Server.UnitTests.RuleCommandsControllerTests" name="ExecuteMipActionCommand_ModelIsNull_BadRequestResult" />
    </UnitTest>
    <UnitTest name="HardwareScanTaskCommandHandler_Execute_Succeeded" storage="d:\actions-runner\_work\xpco\xpco\corporate\videoos.server.unittests\bin\x64\debug\net472\videoos.server.unittests.dll" id="22d08012-2885-1c43-3f38-23756f15dee5">
      <Execution id="9859fdb2-1eff-4701-832e-b7efc08fd9ee" />
      <TestMethod codeBase="D:\actions-runner\_work\XPCO\XPCO\Corporate\VideoOS.Server.UnitTests\bin\x64\Debug\net472\VideoOS.Server.UnitTests.dll" adapterTypeName="executor://mstestadapter/v2" className="VideoOS.Server.UnitTests.CommandHandler.HardwareScanTaskCommandHandlerTest" name="HardwareScanTaskCommandHandler_Execute_Succeeded" />
    </UnitTest>
    <UnitTest name="ServerAccessTokenHandler_PopulateAuthorizationHeaderAsync_Success" storage="d:\actions-runner\_work\xpco\xpco\corporate\videoos.server.unittests\bin\x64\debug\net472\videoos.server.unittests.dll" id="bdec05a5-07fb-4820-dc28-26dda82fd8ee">
      <Execution id="c2e990d0-f301-480a-8873-8fb77d78938a" />
      <TestMethod codeBase="D:\actions-runner\_work\XPCO\XPCO\Corporate\VideoOS.Server.UnitTests\bin\x64\Debug\net472\VideoOS.Server.UnitTests.dll" adapterTypeName="executor://mstestadapter/v2" className="VideoOS.Server.UnitTests.RecorderCommunication.ServerAccessTokenHandlerTests" name="ServerAccessTokenHandler_PopulateAuthorizationHeaderAsync_Success" />
    </UnitTest>
    <UnitTest name="CreateLicenseInformationXml_Has10ICP_On1ICPHardwareWith10EnabledCameras1DisabledCamera" storage="d:\actions-runner\_work\xpco\xpco\corporate\videoos.server.unittests\bin\x64\debug\net472\videoos.server.unittests.dll" id="6b6a2802-04b4-060c-cd24-510720c0c11a">
      <TestCategory>
        <TestCategoryItem TestCategory="Licensing" />
      </TestCategory>
      <Execution id="482316ec-4873-4206-b856-9e30b5b0bffe" />
      <TestMethod codeBase="D:\actions-runner\_work\XPCO\XPCO\Corporate\VideoOS.Server.UnitTests\bin\x64\Debug\net472\VideoOS.Server.UnitTests.dll" adapterTypeName="executor://mstestadapter/v2" className="VideoOS.Server.UnitTests.Licensing.LicenseInfoXmlWriterTests" name="CreateLicenseInformationXml_Has10ICP_On1ICPHardwareWith10EnabledCameras1DisabledCamera" />
    </UnitTest>
    <UnitTest name="AddHardwareUserCommandHandler_Execute_ReturnsRecorderUnavailableResponseOnRecorderNotConnected" storage="d:\actions-runner\_work\xpco\xpco\corporate\videoos.server.unittests\bin\x64\debug\net472\videoos.server.unittests.dll" id="12b01767-1152-86d2-fa25-fbd881fa6122">
      <Execution id="948d4510-8f25-4e53-ab92-6b58ec01b19a" />
      <TestMethod codeBase="D:\actions-runner\_work\XPCO\XPCO\Corporate\VideoOS.Server.UnitTests\bin\x64\Debug\net472\VideoOS.Server.UnitTests.dll" adapterTypeName="executor://mstestadapter/v2" className="VideoOS.Server.UnitTests.CommandHandler.AddHardwareUserCommandHandlerServerUnitTests" name="AddHardwareUserCommandHandler_Execute_ReturnsRecorderUnavailableResponseOnRecorderNotConnected" />
    </UnitTest>
    <UnitTest name="EventCollector_ShouldEventBeFired_Reject_Other_Events" storage="d:\actions-runner\_work\xpco\xpco\corporate\videoos.server.unittests\bin\x64\debug\net472\videoos.server.unittests.dll" id="f1094adb-7cd4-3800-7fd4-6b10eec5d3f3">
      <Execution id="0ef05a9f-84ff-4b92-8653-df156e3f2ab5" />
      <TestMethod codeBase="D:\actions-runner\_work\XPCO\XPCO\Corporate\VideoOS.Server.UnitTests\bin\x64\Debug\net472\VideoOS.Server.UnitTests.dll" adapterTypeName="executor://mstestadapter/v2" className="VideoOS.Server.UnitTests.UpdateConfigurationManagerCommandHandlerTests" name="EventCollector_ShouldEventBeFired_Reject_Other_Events" />
    </UnitTest>
    <UnitTest name="AddHardwareUserCommandHandler_Execute_ReturnsFailResponseOnEmptyHardwareId" storage="d:\actions-runner\_work\xpco\xpco\corporate\videoos.server.unittests\bin\x64\debug\net472\videoos.server.unittests.dll" id="16c3f6e2-b2da-a7d9-b554-da627f0cdd15">
      <Execution id="d9628195-c51d-4bed-bb4c-e0386efb2115" />
      <TestMethod codeBase="D:\actions-runner\_work\XPCO\XPCO\Corporate\VideoOS.Server.UnitTests\bin\x64\Debug\net472\VideoOS.Server.UnitTests.dll" adapterTypeName="executor://mstestadapter/v2" className="VideoOS.Server.UnitTests.CommandHandler.AddHardwareUserCommandHandlerServerUnitTests" name="AddHardwareUserCommandHandler_Execute_ReturnsFailResponseOnEmptyHardwareId" />
    </UnitTest>
    <UnitTest name="UpdateHardwareDriverCommandHandler_Execute_MacChanged_Success" storage="d:\actions-runner\_work\xpco\xpco\corporate\videoos.server.unittests\bin\x64\debug\net472\videoos.server.unittests.dll" id="3b025860-fba3-439e-f85e-c1a1d52502a6">
      <Execution id="bd626af7-6de3-4227-ac84-055ddbf41623" />
      <TestMethod codeBase="D:\actions-runner\_work\XPCO\XPCO\Corporate\VideoOS.Server.UnitTests\bin\x64\Debug\net472\VideoOS.Server.UnitTests.dll" adapterTypeName="executor://mstestadapter/v2" className="VideoOS.Server.UnitTests.CommandHandler.UpdateHardwareDriverCommandHandlerTests" name="UpdateHardwareDriverCommandHandler_Execute_MacChanged_Success" />
    </UnitTest>
    <UnitTest name="HardwareScanTaskCommandHandler_Execute_TaskProgress" storage="d:\actions-runner\_work\xpco\xpco\corporate\videoos.server.unittests\bin\x64\debug\net472\videoos.server.unittests.dll" id="27a80b10-a457-dcf0-3f4f-f5674e8d3ef4">
      <Execution id="6838599b-bc84-4d46-ab5d-6a0b0d133e65" />
      <TestMethod codeBase="D:\actions-runner\_work\XPCO\XPCO\Corporate\VideoOS.Server.UnitTests\bin\x64\Debug\net472\VideoOS.Server.UnitTests.dll" adapterTypeName="executor://mstestadapter/v2" className="VideoOS.Server.UnitTests.CommandHandler.HardwareScanTaskCommandHandlerTest" name="HardwareScanTaskCommandHandler_Execute_TaskProgress" />
    </UnitTest>
    <UnitTest name="AnalyzeAndCreateAuditLogs_ModifiedSecurityPermissionsRowToSameValue_ReturnsNoAuditLog" storage="d:\actions-runner\_work\xpco\xpco\corporate\videoos.server.unittests\bin\x64\debug\net472\videoos.server.unittests.dll" id="45331505-4432-2593-3699-d42f8ffbaedd">
      <Execution id="9a3dbffa-64e8-44b4-ac45-c8d25c7b9df7" />
      <TestMethod codeBase="D:\actions-runner\_work\XPCO\XPCO\Corporate\VideoOS.Server.UnitTests\bin\x64\Debug\net472\VideoOS.Server.UnitTests.dll" adapterTypeName="executor://mstestadapter/v2" className="VideoOS.Server.UnitTests.CommandHandler.DataSetAuditLogAnalyzerTests" name="AnalyzeAndCreateAuditLogs_ModifiedSecurityPermissionsRowToSameValue_ReturnsNoAuditLog" />
    </UnitTest>
    <UnitTest name="HardwareLicense_Add_NullInstance_Throws_ArgumentNullException" storage="d:\actions-runner\_work\xpco\xpco\corporate\videoos.server.unittests\bin\x64\debug\net472\videoos.server.unittests.dll" id="98f533e5-cb2d-28ac-67c0-1c9e3a63eadf">
      <Execution id="f24a12cb-9fce-4578-adda-d127ca2db7e9" />
      <TestMethod codeBase="D:\actions-runner\_work\XPCO\XPCO\Corporate\VideoOS.Server.UnitTests\bin\x64\Debug\net472\VideoOS.Server.UnitTests.dll" adapterTypeName="executor://mstestadapter/v2" className="VideoOS.Server.UnitTests.Licensing.LicenseSnapshotTests" name="HardwareLicense_Add_NullInstance_Throws_ArgumentNullException" />
    </UnitTest>
    <UnitTest name="LicenseDeviceRow_Validate_DeletedRowCanBeReinstated_ChangesNotAccepted_Success" storage="d:\actions-runner\_work\xpco\xpco\corporate\videoos.server.unittests\bin\x64\debug\net472\videoos.server.unittests.dll" id="4a042a40-867b-e45d-cc91-1c1f3ec0c326">
      <TestCategory>
        <TestCategoryItem TestCategory="Licensing" />
      </TestCategory>
      <Execution id="83862293-9722-40ea-966b-a7e9066e4147" />
      <TestMethod codeBase="D:\actions-runner\_work\XPCO\XPCO\Corporate\VideoOS.Server.UnitTests\bin\x64\Debug\net472\VideoOS.Server.UnitTests.dll" adapterTypeName="executor://mstestadapter/v2" className="VideoOS.Server.UnitTests.Licensing.LicenseDataSetUnitTests" name="LicenseDeviceRow_Validate_DeletedRowCanBeReinstated_ChangesNotAccepted_Success" />
    </UnitTest>
    <UnitTest name="UpdateRecorderTaskProgress_ModelIsNull_BadRequestResult" storage="d:\actions-runner\_work\xpco\xpco\corporate\videoos.server.unittests\bin\x64\debug\net472\videoos.server.unittests.dll" id="84bd42f8-6c42-6804-8e9c-d2a57ef8e5b5">
      <Execution id="b41609d4-1dda-4d8d-b236-4b2a11854a26" />
      <TestMethod codeBase="D:\actions-runner\_work\XPCO\XPCO\Corporate\VideoOS.Server.UnitTests\bin\x64\Debug\net472\VideoOS.Server.UnitTests.dll" adapterTypeName="executor://mstestadapter/v2" className="VideoOS.Server.UnitTests.TaskControllerTests" name="UpdateRecorderTaskProgress_ModelIsNull_BadRequestResult" />
    </UnitTest>
    <UnitTest name="MultiSite_ChannelBased_SameHardwareAndDevicesOn2Recorders_NotWhitelisted_ConsumesNoExtraLicenses" storage="d:\actions-runner\_work\xpco\xpco\corporate\videoos.server.unittests\bin\x64\debug\net472\videoos.server.unittests.dll" id="d6d61d68-433a-498f-6484-e644581b7e25">
      <Execution id="0a973038-2892-4ffb-9d60-4505fdab6f12" />
      <TestMethod codeBase="D:\actions-runner\_work\XPCO\XPCO\Corporate\VideoOS.Server.UnitTests\bin\x64\Debug\net472\VideoOS.Server.UnitTests.dll" adapterTypeName="executor://mstestadapter/v2" className="VideoOS.Server.UnitTests.Licensing.LicenseAllocatorChannelTests" name="MultiSite_ChannelBased_SameHardwareAndDevicesOn2Recorders_NotWhitelisted_ConsumesNoExtraLicenses" />
    </UnitTest>
    <UnitTest name="AddBookmarkCommand_ModelIsNull_BadRequestResult" storage="d:\actions-runner\_work\xpco\xpco\corporate\videoos.server.unittests\bin\x64\debug\net472\videoos.server.unittests.dll" id="06cb1a61-0bd1-3696-d03c-a56d6e162cf8">
      <Execution id="567546d1-018e-4143-8475-2d3a73a34ac7" />
      <TestMethod codeBase="D:\actions-runner\_work\XPCO\XPCO\Corporate\VideoOS.Server.UnitTests\bin\x64\Debug\net472\VideoOS.Server.UnitTests.dll" adapterTypeName="executor://mstestadapter/v2" className="VideoOS.Server.UnitTests.DatabaseCommandsControllerTests" name="AddBookmarkCommand_ModelIsNull_BadRequestResult" />
    </UnitTest>
    <UnitTest name="AllocateLicenses_NotActivated_OneDevice_SixDisabledCameraChannels_LicenseCountFive_OneInGrace_DeviceWithoutEnabledCamera" storage="d:\actions-runner\_work\xpco\xpco\corporate\videoos.server.unittests\bin\x64\debug\net472\videoos.server.unittests.dll" id="5bba4a02-40e6-875f-dbab-eeeae3f32772">
      <TestCategory>
        <TestCategoryItem TestCategory="Licensing" />
      </TestCategory>
      <Execution id="d337bb4b-3a54-4582-9af0-01f5e202833b" />
      <TestMethod codeBase="D:\actions-runner\_work\XPCO\XPCO\Corporate\VideoOS.Server.UnitTests\bin\x64\Debug\net472\VideoOS.Server.UnitTests.dll" adapterTypeName="executor://mstestadapter/v2" className="VideoOS.Server.UnitTests.Licensing.LicenseAllocatorChannelTests" name="AllocateLicenses_NotActivated_OneDevice_SixDisabledCameraChannels_LicenseCountFive_OneInGrace_DeviceWithoutEnabledCamera" />
    </UnitTest>
    <UnitTest name="FirmwareUpgradeTaskCommandHandler_Execute_Failed_ExceptionResponse" storage="d:\actions-runner\_work\xpco\xpco\corporate\videoos.server.unittests\bin\x64\debug\net472\videoos.server.unittests.dll" id="31f844ec-9d40-2405-88d9-f17d5587c8d4">
      <Execution id="ac4d9ea9-0bc9-441c-b39b-fba822c53d17" />
      <TestMethod codeBase="D:\actions-runner\_work\XPCO\XPCO\Corporate\VideoOS.Server.UnitTests\bin\x64\Debug\net472\VideoOS.Server.UnitTests.dll" adapterTypeName="executor://mstestadapter/v2" className="VideoOS.Server.UnitTests.CommandHandler.FirmwareUpgradeTaskCommandHandlerTests" name="FirmwareUpgradeTaskCommandHandler_Execute_Failed_ExceptionResponse" />
    </UnitTest>
    <UnitTest name="DeviceDataDistributionManager_Dispose_Success" storage="d:\actions-runner\_work\xpco\xpco\corporate\videoos.server.unittests\bin\x64\debug\net472\videoos.server.unittests.dll" id="c9da9639-b50b-7aa2-1b47-3a6f28c4b171">
      <Execution id="b43714bf-d442-488a-bd5f-ea49653edfea" />
      <TestMethod codeBase="D:\actions-runner\_work\XPCO\XPCO\Corporate\VideoOS.Server.UnitTests\bin\x64\Debug\net472\VideoOS.Server.UnitTests.dll" adapterTypeName="executor://mstestadapter/v2" className="VideoOS.Server.UnitTests.DeviceDataDistributionManagerUnitTests" name="DeviceDataDistributionManager_Dispose_Success" />
    </UnitTest>
    <UnitTest name="AllocateLicenses_HardwareWith5CamerasAndOtherDevices_ShouldCount5InGrace_ThenDisablingCameras_ShouldCount1InGrace_OnZeroCWALicense" storage="d:\actions-runner\_work\xpco\xpco\corporate\videoos.server.unittests\bin\x64\debug\net472\videoos.server.unittests.dll" id="52ae5aec-9df8-776c-3d9e-043bf189964e">
      <TestCategory>
        <TestCategoryItem TestCategory="Licensing" />
      </TestCategory>
      <Execution id="ce92b2b3-de17-411a-885e-8dbf28340807" />
      <TestMethod codeBase="D:\actions-runner\_work\XPCO\XPCO\Corporate\VideoOS.Server.UnitTests\bin\x64\Debug\net472\VideoOS.Server.UnitTests.dll" adapterTypeName="executor://mstestadapter/v2" className="VideoOS.Server.UnitTests.Licensing.LicenseAllocatorChannelTests" name="AllocateLicenses_HardwareWith5CamerasAndOtherDevices_ShouldCount5InGrace_ThenDisablingCameras_ShouldCount1InGrace_OnZeroCWALicense" />
    </UnitTest>
    <UnitTest name="Validate_HardwareNotOnWhiteList_StaysOutOfGrace_WhenGracePeriodExpires" storage="d:\actions-runner\_work\xpco\xpco\corporate\videoos.server.unittests\bin\x64\debug\net472\videoos.server.unittests.dll" id="09154a1f-0b6f-795a-a6d4-6a0d40cceb72">
      <TestCategory>
        <TestCategoryItem TestCategory="Licensing" />
      </TestCategory>
      <Execution id="ef7e2512-8558-44ed-bef4-62bd7aaa5f75" />
      <TestMethod codeBase="D:\actions-runner\_work\XPCO\XPCO\Corporate\VideoOS.Server.UnitTests\bin\x64\Debug\net472\VideoOS.Server.UnitTests.dll" adapterTypeName="executor://mstestadapter/v2" className="VideoOS.Server.UnitTests.Licensing.LicenseAllocatorChannelTests" name="Validate_HardwareNotOnWhiteList_StaysOutOfGrace_WhenGracePeriodExpires" />
    </UnitTest>
    <UnitTest name="TemporaryLicense_Ctor_DateTimeMaxValue_ArgumentException" storage="d:\actions-runner\_work\xpco\xpco\corporate\videoos.server.unittests\bin\x64\debug\net472\videoos.server.unittests.dll" id="67cc226a-7fe1-9d05-a4e5-d17e740d4855">
      <TestCategory>
        <TestCategoryItem TestCategory="Licensing" />
      </TestCategory>
      <Execution id="a9490594-430f-470b-8913-a04060a1e1bf" />
      <TestMethod codeBase="D:\actions-runner\_work\XPCO\XPCO\Corporate\VideoOS.Server.UnitTests\bin\x64\Debug\net472\VideoOS.Server.UnitTests.dll" adapterTypeName="executor://mstestadapter/v2" className="VideoOS.Server.UnitTests.Licensing.HardwareLicensesUnitTests" name="TemporaryLicense_Ctor_DateTimeMaxValue_ArgumentException" />
    </UnitTest>
    <UnitTest name="Validate_LicenseCalculatorContainsAllHardwareFromAllRecordingServers_NoMissingLicenses_Success" storage="d:\actions-runner\_work\xpco\xpco\corporate\videoos.server.unittests\bin\x64\debug\net472\videoos.server.unittests.dll" id="a31c941f-514d-43ce-0c78-bad3b156ddc6">
      <Execution id="1666f583-a261-4d89-aa82-951100df206c" />
      <TestMethod codeBase="D:\actions-runner\_work\XPCO\XPCO\Corporate\VideoOS.Server.UnitTests\bin\x64\Debug\net472\VideoOS.Server.UnitTests.dll" adapterTypeName="executor://mstestadapter/v2" className="VideoOS.Server.UnitTests.Licensing.LicenseInfoXmlWriterTests" name="Validate_LicenseCalculatorContainsAllHardwareFromAllRecordingServers_NoMissingLicenses_Success" />
    </UnitTest>
    <UnitTest name="DeleteHardwareTaskCommandHandler_Execute_Failed_NoResponse" storage="d:\actions-runner\_work\xpco\xpco\corporate\videoos.server.unittests\bin\x64\debug\net472\videoos.server.unittests.dll" id="8506cb6c-8938-173e-a9b6-87ebf73ac192">
      <Execution id="b096212b-cbe4-40ad-8bff-eb0508f473f6" />
      <TestMethod codeBase="D:\actions-runner\_work\XPCO\XPCO\Corporate\VideoOS.Server.UnitTests\bin\x64\Debug\net472\VideoOS.Server.UnitTests.dll" adapterTypeName="executor://mstestadapter/v2" className="VideoOS.Server.UnitTests.CommandHandler.DeleteHardwareTaskCommandHandlerTest" name="DeleteHardwareTaskCommandHandler_Execute_Failed_NoResponse" />
    </UnitTest>
    <UnitTest name="RegisterFailoverRecorder_WatchingRecorderIsDeleted_ErrorResponse" storage="d:\actions-runner\_work\xpco\xpco\corporate\videoos.server.unittests\bin\x64\debug\net472\videoos.server.unittests.dll" id="b5adbb73-9b21-0db3-07ee-91df82916c6a">
      <Execution id="808a7d54-824d-4db2-aaf9-05b6a6c8dbe2" />
      <TestMethod codeBase="D:\actions-runner\_work\XPCO\XPCO\Corporate\VideoOS.Server.UnitTests\bin\x64\Debug\net472\VideoOS.Server.UnitTests.dll" adapterTypeName="executor://mstestadapter/v2" className="VideoOS.Server.UnitTests.WebApi.Controllers.RecorderRegistrationControllerTests" name="RegisterFailoverRecorder_WatchingRecorderIsDeleted_ErrorResponse" />
    </UnitTest>
    <UnitTest name="MoveHardwareTaskCommandHandler_Clone_Returns_Same_Reference" storage="d:\actions-runner\_work\xpco\xpco\corporate\videoos.server.unittests\bin\x64\debug\net472\videoos.server.unittests.dll" id="004a6bf8-e997-9598-3e64-6edbcb12f591">
      <Execution id="714324a1-a825-4103-b199-0476b463ae07" />
      <TestMethod codeBase="D:\actions-runner\_work\XPCO\XPCO\Corporate\VideoOS.Server.UnitTests\bin\x64\Debug\net472\VideoOS.Server.UnitTests.dll" adapterTypeName="executor://mstestadapter/v2" className="VideoOS.Server.UnitTests.CommandHandler.MoveHardwareTaskCommandHandlerTests" name="MoveHardwareTaskCommandHandler_Clone_Returns_Same_Reference" />
    </UnitTest>
    <UnitTest name="ExecuteRuleActionCommand_ModelIsValid_CommandExecuted" storage="d:\actions-runner\_work\xpco\xpco\corporate\videoos.server.unittests\bin\x64\debug\net472\videoos.server.unittests.dll" id="13dde9b8-bbe7-671f-4c15-4cc07813093b">
      <Execution id="ab08005a-fbe8-4ea6-992b-1d800770fff6" />
      <TestMethod codeBase="D:\actions-runner\_work\XPCO\XPCO\Corporate\VideoOS.Server.UnitTests\bin\x64\Debug\net472\VideoOS.Server.UnitTests.dll" adapterTypeName="executor://mstestadapter/v2" className="VideoOS.Server.UnitTests.RuleCommandsControllerTests" name="ExecuteRuleActionCommand_ModelIsValid_CommandExecuted" />
    </UnitTest>
    <UnitTest name="HardwareInCWAOnWhiteList_ReplacedWithInheritance_HardwareOnWhiteList_MixedCWAAllowed_FewerChannelsOnReplacedHardware_NewHardwareInCWA" storage="d:\actions-runner\_work\xpco\xpco\corporate\videoos.server.unittests\bin\x64\debug\net472\videoos.server.unittests.dll" id="827ea961-ea96-95f8-5698-27b5bb46d034">
      <TestCategory>
        <TestCategoryItem TestCategory="Licensing Replace Hardware" />
        <TestCategoryItem TestCategory="Licensing" />
      </TestCategory>
      <Execution id="a9e425c5-e341-4e25-9938-bdaa343fceb8" />
      <TestMethod codeBase="D:\actions-runner\_work\XPCO\XPCO\Corporate\VideoOS.Server.UnitTests\bin\x64\Debug\net472\VideoOS.Server.UnitTests.dll" adapterTypeName="executor://mstestadapter/v2" className="VideoOS.Server.UnitTests.Licensing.LicenseAllocatorChannelTests" name="HardwareInCWAOnWhiteList_ReplacedWithInheritance_HardwareOnWhiteList_MixedCWAAllowed_FewerChannelsOnReplacedHardware_NewHardwareInCWA" />
    </UnitTest>
    <UnitTest name="UpdateHardwareDriverCommandHandler_Execute_Success" storage="d:\actions-runner\_work\xpco\xpco\corporate\videoos.server.unittests\bin\x64\debug\net472\videoos.server.unittests.dll" id="23be8a35-ca0a-67d0-d14d-bd08fa2c73b3">
      <Execution id="8e5b2b60-dd67-4860-8d24-a27d01ce1851" />
      <TestMethod codeBase="D:\actions-runner\_work\XPCO\XPCO\Corporate\VideoOS.Server.UnitTests\bin\x64\Debug\net472\VideoOS.Server.UnitTests.dll" adapterTypeName="executor://mstestadapter/v2" className="VideoOS.Server.UnitTests.CommandHandler.UpdateHardwareDriverCommandHandlerTests" name="UpdateHardwareDriverCommandHandler_Execute_Success" />
    </UnitTest>
    <UnitTest name="AllocateLicenses_TwoMissingICPChannelLicensesOneInGrace_OnOneICPWithTwoCamerasAndOneHardwareWithOneCamera" storage="d:\actions-runner\_work\xpco\xpco\corporate\videoos.server.unittests\bin\x64\debug\net472\videoos.server.unittests.dll" id="24ba77e8-1fe5-08f9-175a-86266968a297">
      <TestCategory>
        <TestCategoryItem TestCategory="Licensing" />
      </TestCategory>
      <Execution id="82f72214-52fa-4859-a2f1-6a844835c536" />
      <TestMethod codeBase="D:\actions-runner\_work\XPCO\XPCO\Corporate\VideoOS.Server.UnitTests\bin\x64\Debug\net472\VideoOS.Server.UnitTests.dll" adapterTypeName="executor://mstestadapter/v2" className="VideoOS.Server.UnitTests.Licensing.LicenseAllocatorChannelTests" name="AllocateLicenses_TwoMissingICPChannelLicensesOneInGrace_OnOneICPWithTwoCamerasAndOneHardwareWithOneCamera" />
    </UnitTest>
    <UnitTest name="AnalyzeAndCreateAuditLogs_ModifiedSecurityPermissionsDeviceRowWithDEVICEPTZPRIORITYAtrribute_ReturnsTwoAuditLog" storage="d:\actions-runner\_work\xpco\xpco\corporate\videoos.server.unittests\bin\x64\debug\net472\videoos.server.unittests.dll" id="25f8655e-1ff4-cb67-b85d-5adb7eb5d758">
      <Execution id="dafdd58d-7218-47ac-92c4-48fb6c2a47d5" />
      <TestMethod codeBase="D:\actions-runner\_work\XPCO\XPCO\Corporate\VideoOS.Server.UnitTests\bin\x64\Debug\net472\VideoOS.Server.UnitTests.dll" adapterTypeName="executor://mstestadapter/v2" className="VideoOS.Server.UnitTests.CommandHandler.DataSetAuditLogAnalyzerTests" name="AnalyzeAndCreateAuditLogs_ModifiedSecurityPermissionsDeviceRowWithDEVICEPTZPRIORITYAtrribute_ReturnsTwoAuditLog" />
    </UnitTest>
    <UnitTest name="MoveHardwareTaskCommandHandler_Execute_CreateHardwareBlock_HardwareUpdateException_FailResponse_HardwareNotFound" storage="d:\actions-runner\_work\xpco\xpco\corporate\videoos.server.unittests\bin\x64\debug\net472\videoos.server.unittests.dll" id="28778f96-7d93-3046-ed10-3440acb56a3b">
      <Execution id="cde2236d-231e-4bad-ad68-ef2c5f805709" />
      <TestMethod codeBase="D:\actions-runner\_work\XPCO\XPCO\Corporate\VideoOS.Server.UnitTests\bin\x64\Debug\net472\VideoOS.Server.UnitTests.dll" adapterTypeName="executor://mstestadapter/v2" className="VideoOS.Server.UnitTests.CommandHandler.MoveHardwareTaskCommandHandlerTests" name="MoveHardwareTaskCommandHandler_Execute_CreateHardwareBlock_HardwareUpdateException_FailResponse_HardwareNotFound" />
    </UnitTest>
    <UnitTest name="Bug_360916_FiveLicensesAvailable_OneLicensedAndWhitelistedHardware_AddFiveMoreWhitelistedHardwares_OneByOne_FourInCWA_OneUnlicensed_WithoutAllocation" storage="d:\actions-runner\_work\xpco\xpco\corporate\videoos.server.unittests\bin\x64\debug\net472\videoos.server.unittests.dll" id="6c9226da-dc8b-6782-1762-3dc120260169">
      <TestCategory>
        <TestCategoryItem TestCategory="Licensing" />
      </TestCategory>
      <Execution id="35118f46-44db-4065-a331-64a29eeaa5e2" />
      <TestMethod codeBase="D:\actions-runner\_work\XPCO\XPCO\Corporate\VideoOS.Server.UnitTests\bin\x64\Debug\net472\VideoOS.Server.UnitTests.dll" adapterTypeName="executor://mstestadapter/v2" className="VideoOS.Server.UnitTests.Licensing.LicenseAllocatorChannelTests" name="Bug_360916_FiveLicensesAvailable_OneLicensedAndWhitelistedHardware_AddFiveMoreWhitelistedHardwares_OneByOne_FourInCWA_OneUnlicensed_WithoutAllocation" />
    </UnitTest>
    <UnitTest name="ReportMediaCommittedToDatabaseCommand_ModelIsValid_CommandExecuted" storage="d:\actions-runner\_work\xpco\xpco\corporate\videoos.server.unittests\bin\x64\debug\net472\videoos.server.unittests.dll" id="dba49773-5d33-9e84-a8dc-6e4b869da304">
      <Execution id="094e9b37-583a-4f08-a5b5-e3394f6a5350" />
      <TestMethod codeBase="D:\actions-runner\_work\XPCO\XPCO\Corporate\VideoOS.Server.UnitTests\bin\x64\Debug\net472\VideoOS.Server.UnitTests.dll" adapterTypeName="executor://mstestadapter/v2" className="VideoOS.Server.UnitTests.DatabaseCommandsControllerTests" name="ReportMediaCommittedToDatabaseCommand_ModelIsValid_CommandExecuted" />
    </UnitTest>
    <UnitTest name="AllocateLicenses_NotActivated_OneUnlicensed_HardwareInCWA_EnableCamera_HardwareRemovedFromCWA_CameraInCWA" storage="d:\actions-runner\_work\xpco\xpco\corporate\videoos.server.unittests\bin\x64\debug\net472\videoos.server.unittests.dll" id="ab25853f-45a8-4a8f-6406-945f0c8c8715">
      <TestCategory>
        <TestCategoryItem TestCategory="Licensing" />
      </TestCategory>
      <Execution id="26aa964b-db72-4510-94d4-1077b9a82ede" />
      <TestMethod codeBase="D:\actions-runner\_work\XPCO\XPCO\Corporate\VideoOS.Server.UnitTests\bin\x64\Debug\net472\VideoOS.Server.UnitTests.dll" adapterTypeName="executor://mstestadapter/v2" className="VideoOS.Server.UnitTests.Licensing.LicenseAllocatorChannelTests" name="AllocateLicenses_NotActivated_OneUnlicensed_HardwareInCWA_EnableCamera_HardwareRemovedFromCWA_CameraInCWA" />
    </UnitTest>
    <UnitTest name="MoveHardwareTaskCommandHandler_Execute_Check_Drivers_Throws_SqlException_Success_With_Warnings" storage="d:\actions-runner\_work\xpco\xpco\corporate\videoos.server.unittests\bin\x64\debug\net472\videoos.server.unittests.dll" id="85c966cb-c8a4-0c1a-1dd8-86769a853ac4">
      <Execution id="75bb7b67-ae3e-4df2-9863-04d62e18e686" />
      <TestMethod codeBase="D:\actions-runner\_work\XPCO\XPCO\Corporate\VideoOS.Server.UnitTests\bin\x64\Debug\net472\VideoOS.Server.UnitTests.dll" adapterTypeName="executor://mstestadapter/v2" className="VideoOS.Server.UnitTests.CommandHandler.MoveHardwareTaskCommandHandlerTests" name="MoveHardwareTaskCommandHandler_Execute_Check_Drivers_Throws_SqlException_Success_With_Warnings" />
    </UnitTest>
    <UnitTest name="Get_TokenIsNull_BadRequestResult" storage="d:\actions-runner\_work\xpco\xpco\corporate\videoos.server.unittests\bin\x64\debug\net472\videoos.server.unittests.dll" id="d174d9ab-5f04-f35d-71e6-14ba0870789b">
      <Execution id="31db617c-1bdd-42d6-896e-8e1acd904e19" />
      <TestMethod codeBase="D:\actions-runner\_work\XPCO\XPCO\Corporate\VideoOS.Server.UnitTests\bin\x64\Debug\net472\VideoOS.Server.UnitTests.dll" adapterTypeName="executor://mstestadapter/v2" className="VideoOS.Server.UnitTests.WebApi.Controllers.SecurityTokenControllerTest" name="Get_TokenIsNull_BadRequestResult" />
    </UnitTest>
    <UnitTest name="AllocateLicenses_Hardware9CameraChannelsActivated_ICPWith9ChannelsAdded_ShouldGet9Activated9ICPGrace_On20Channels20ICP" storage="d:\actions-runner\_work\xpco\xpco\corporate\videoos.server.unittests\bin\x64\debug\net472\videoos.server.unittests.dll" id="0aaea2bf-2728-4a98-03a0-80051cd83b53">
      <TestCategory>
        <TestCategoryItem TestCategory="Licensing" />
      </TestCategory>
      <Execution id="76fac5f4-77b6-4997-8666-0088ac05f788" />
      <TestMethod codeBase="D:\actions-runner\_work\XPCO\XPCO\Corporate\VideoOS.Server.UnitTests\bin\x64\Debug\net472\VideoOS.Server.UnitTests.dll" adapterTypeName="executor://mstestadapter/v2" className="VideoOS.Server.UnitTests.Licensing.LicenseAllocatorChannelTests" name="AllocateLicenses_Hardware9CameraChannelsActivated_ICPWith9ChannelsAdded_ShouldGet9Activated9ICPGrace_On20Channels20ICP" />
    </UnitTest>
    <UnitTest name="IsHardwareInCurrentYearChangesWithoutActivation_ReturnsTrue_OnCurrentYearDevices" storage="d:\actions-runner\_work\xpco\xpco\corporate\videoos.server.unittests\bin\x64\debug\net472\videoos.server.unittests.dll" id="dd7abbca-776e-a670-9814-0a84d1532500">
      <TestCategory>
        <TestCategoryItem TestCategory="Licensing" />
      </TestCategory>
      <Execution id="e71c7b84-d46a-4153-9bf9-518f4f3cf291" />
      <TestMethod codeBase="D:\actions-runner\_work\XPCO\XPCO\Corporate\VideoOS.Server.UnitTests\bin\x64\Debug\net472\VideoOS.Server.UnitTests.dll" adapterTypeName="executor://mstestadapter/v2" className="VideoOS.Server.UnitTests.Licensing.LicenseManagerUnitTests" name="IsHardwareInCurrentYearChangesWithoutActivation_ReturnsTrue_OnCurrentYearDevices" />
    </UnitTest>
    <UnitTest name="AllocateLicensesNotActivated_WhitelistedDriver_AlreadyInCWA_OneHardware_TwoCameras_OneLicense_ValidateLicenseTypes" storage="d:\actions-runner\_work\xpco\xpco\corporate\videoos.server.unittests\bin\x64\debug\net472\videoos.server.unittests.dll" id="59fc4393-2f7b-9785-c817-c64a2c91bc8b">
      <TestCategory>
        <TestCategoryItem TestCategory="Licensing" />
      </TestCategory>
      <Execution id="eea522cb-2cf6-4a43-b479-4d8060c45d48" />
      <TestMethod codeBase="D:\actions-runner\_work\XPCO\XPCO\Corporate\VideoOS.Server.UnitTests\bin\x64\Debug\net472\VideoOS.Server.UnitTests.dll" adapterTypeName="executor://mstestadapter/v2" className="VideoOS.Server.UnitTests.Licensing.LicenseAllocatorChannelTests" name="AllocateLicensesNotActivated_WhitelistedDriver_AlreadyInCWA_OneHardware_TwoCameras_OneLicense_ValidateLicenseTypes" />
    </UnitTest>
    <UnitTest name="AttachedRecorder_GetServices_Success" storage="d:\actions-runner\_work\xpco\xpco\corporate\videoos.server.unittests\bin\x64\debug\net472\videoos.server.unittests.dll" id="5ce1fcc1-c285-77cd-ae3b-20081d5cd75a">
      <Execution id="2f2260fc-c06c-42f2-b2ce-22e0097838c7" />
      <TestMethod codeBase="D:\actions-runner\_work\XPCO\XPCO\Corporate\VideoOS.Server.UnitTests\bin\x64\Debug\net472\VideoOS.Server.UnitTests.dll" adapterTypeName="executor://mstestadapter/v2" className="VideoOS.Server.UnitTests.AttachedRecorderTests" name="AttachedRecorder_GetServices_Success" />
    </UnitTest>
    <UnitTest name="AutomaticActivation_LogsSucessfulMessageInServerLogs_OnSuccessfulActivation" storage="d:\actions-runner\_work\xpco\xpco\corporate\videoos.server.unittests\bin\x64\debug\net472\videoos.server.unittests.dll" id="a23aeb64-4fee-a5f0-e2cf-340259a52ab4">
      <TestCategory>
        <TestCategoryItem TestCategory="Licensing" />
      </TestCategory>
      <Execution id="80e37daa-f597-4ef7-bf57-e1bca70e34a0" />
      <TestMethod codeBase="D:\actions-runner\_work\XPCO\XPCO\Corporate\VideoOS.Server.UnitTests\bin\x64\Debug\net472\VideoOS.Server.UnitTests.dll" adapterTypeName="executor://mstestadapter/v2" className="VideoOS.Server.UnitTests.Licensing.ActivationManagerTests" name="AutomaticActivation_LogsSucessfulMessageInServerLogs_OnSuccessfulActivation" />
    </UnitTest>
    <UnitTest name="UpdateHardwareTaskCommandHandler_Apply_NullExceptionCatch_Tests" storage="d:\actions-runner\_work\xpco\xpco\corporate\videoos.server.unittests\bin\x64\debug\net472\videoos.server.unittests.dll" id="20e55c18-53a2-de97-9c7c-7be4bc3878be">
      <Execution id="f43cea40-0f24-4ae4-8ec6-6252b7b69023" />
      <TestMethod codeBase="D:\actions-runner\_work\XPCO\XPCO\Corporate\VideoOS.Server.UnitTests\bin\x64\Debug\net472\VideoOS.Server.UnitTests.dll" adapterTypeName="executor://mstestadapter/v2" className="VideoOS.Server.UnitTests.CommandHandler.UpdateHardwareTaskHandlerTests" name="UpdateHardwareTaskCommandHandler_Apply_NullExceptionCatch_Tests" />
    </UnitTest>
    <UnitTest name="TemporaryLicense_Ctor_LocalTime_ArgumentException" storage="d:\actions-runner\_work\xpco\xpco\corporate\videoos.server.unittests\bin\x64\debug\net472\videoos.server.unittests.dll" id="868b3b6e-76b6-d018-a5a6-215427fdffdf">
      <TestCategory>
        <TestCategoryItem TestCategory="Licensing" />
      </TestCategory>
      <Execution id="87062f2f-907e-4289-96ee-4a7acf913260" />
      <TestMethod codeBase="D:\actions-runner\_work\XPCO\XPCO\Corporate\VideoOS.Server.UnitTests\bin\x64\Debug\net472\VideoOS.Server.UnitTests.dll" adapterTypeName="executor://mstestadapter/v2" className="VideoOS.Server.UnitTests.Licensing.HardwareLicensesUnitTests" name="TemporaryLicense_Ctor_LocalTime_ArgumentException" />
    </UnitTest>
    <UnitTest name="HardwareScanExpressTaskCommandHandlerTest_Clone_Returns_Same_Reference" storage="d:\actions-runner\_work\xpco\xpco\corporate\videoos.server.unittests\bin\x64\debug\net472\videoos.server.unittests.dll" id="17651b6b-c747-a107-70b2-f1926d0437f7">
      <Execution id="37ed3383-ef46-4134-99ce-2d16d7369970" />
      <TestMethod codeBase="D:\actions-runner\_work\XPCO\XPCO\Corporate\VideoOS.Server.UnitTests\bin\x64\Debug\net472\VideoOS.Server.UnitTests.dll" adapterTypeName="executor://mstestadapter/v2" className="VideoOS.Server.UnitTests.CommandHandler.HardwareScanExpressTaskCommandHandlerTest" name="HardwareScanExpressTaskCommandHandlerTest_Clone_Returns_Same_Reference" />
    </UnitTest>
    <UnitTest name="HardwareActivatedOnWhiteList_ReplacedWithInheritance_HardwareOnWhiteList_MixedCWAAllowed_NewHardwareInCWA" storage="d:\actions-runner\_work\xpco\xpco\corporate\videoos.server.unittests\bin\x64\debug\net472\videoos.server.unittests.dll" id="64965f2c-dba6-85f2-1ef7-cfbde4fa3185">
      <TestCategory>
        <TestCategoryItem TestCategory="Licensing Replace Hardware" />
        <TestCategoryItem TestCategory="Licensing" />
      </TestCategory>
      <Execution id="741fb2f9-d9a8-4aa5-a50a-2d34dc5503d0" />
      <TestMethod codeBase="D:\actions-runner\_work\XPCO\XPCO\Corporate\VideoOS.Server.UnitTests\bin\x64\Debug\net472\VideoOS.Server.UnitTests.dll" adapterTypeName="executor://mstestadapter/v2" className="VideoOS.Server.UnitTests.Licensing.LicenseAllocatorChannelTests" name="HardwareActivatedOnWhiteList_ReplacedWithInheritance_HardwareOnWhiteList_MixedCWAAllowed_NewHardwareInCWA" />
    </UnitTest>
    <UnitTest name="DeviceLicense_SetExpire_NullDeviceInfo_Throws_ArgumentException" storage="d:\actions-runner\_work\xpco\xpco\corporate\videoos.server.unittests\bin\x64\debug\net472\videoos.server.unittests.dll" id="a05b407e-5aa7-9f22-d4ee-896f354bc758">
      <Execution id="32a7fcbe-1b2c-49ab-baf8-7ab706caecbe" />
      <TestMethod codeBase="D:\actions-runner\_work\XPCO\XPCO\Corporate\VideoOS.Server.UnitTests\bin\x64\Debug\net472\VideoOS.Server.UnitTests.dll" adapterTypeName="executor://mstestadapter/v2" className="VideoOS.Server.UnitTests.Licensing.LicenseSnapshotTests" name="DeviceLicense_SetExpire_NullDeviceInfo_Throws_ArgumentException" />
    </UnitTest>
    <UnitTest name="CreateLicenseInformationXml_HasMultiLicenseHardwareTrueMissingLicensesTrue_OnHardwareWith15Channels" storage="d:\actions-runner\_work\xpco\xpco\corporate\videoos.server.unittests\bin\x64\debug\net472\videoos.server.unittests.dll" id="d27a4adf-6d9e-bd17-6451-2cfd29833f96">
      <TestCategory>
        <TestCategoryItem TestCategory="Licensing" />
      </TestCategory>
      <Execution id="b05e0e11-b877-4d6f-a67e-5f67ae8ae818" />
      <TestMethod codeBase="D:\actions-runner\_work\XPCO\XPCO\Corporate\VideoOS.Server.UnitTests\bin\x64\Debug\net472\VideoOS.Server.UnitTests.dll" adapterTypeName="executor://mstestadapter/v2" className="VideoOS.Server.UnitTests.Licensing.LicenseInfoXmlWriterTests" name="CreateLicenseInformationXml_HasMultiLicenseHardwareTrueMissingLicensesTrue_OnHardwareWith15Channels" />
    </UnitTest>
    <UnitTest name="ChangeHardwarePasswordRuleAction_Execute_TimesOut_NoCompletedEventTriggered" storage="d:\actions-runner\_work\xpco\xpco\corporate\videoos.server.unittests\bin\x64\debug\net472\videoos.server.unittests.dll" id="fe9fa5ff-b8ec-9da8-f475-9b5dd8c18a81">
      <Execution id="5dee87b4-d0e3-4f0d-b811-409a28f6bfaf" />
      <TestMethod codeBase="D:\actions-runner\_work\XPCO\XPCO\Corporate\VideoOS.Server.UnitTests\bin\x64\Debug\net472\VideoOS.Server.UnitTests.dll" adapterTypeName="executor://mstestadapter/v2" className="VideoOS.Server.UnitTests.RuleActions.ChangeHardwarePasswordRuleActionUnitTests" name="ChangeHardwarePasswordRuleAction_Execute_TimesOut_NoCompletedEventTriggered" />
    </UnitTest>
    <UnitTest name="SetHardwareNetworkSettingsCommandHandler_Execute_RecorderNotFound_ReturnsCorrectResponse" storage="d:\actions-runner\_work\xpco\xpco\corporate\videoos.server.unittests\bin\x64\debug\net472\videoos.server.unittests.dll" id="b8867a28-2ad7-151f-5f32-a239b8fa1db2">
      <Execution id="1f46530f-5211-44b2-ad7a-d7d3eabb1bc9" />
      <TestMethod codeBase="D:\actions-runner\_work\XPCO\XPCO\Corporate\VideoOS.Server.UnitTests\bin\x64\Debug\net472\VideoOS.Server.UnitTests.dll" adapterTypeName="executor://mstestadapter/v2" className="VideoOS.Server.UnitTests.CommandHandler.SetHardwareNetworkSettingsCommandHandlerUnitTests" name="SetHardwareNetworkSettingsCommandHandler_Execute_RecorderNotFound_ReturnsCorrectResponse" />
    </UnitTest>
    <UnitTest name="GetRecorderLicense_LastEnabledHardwareIsWithoutLicense_OnEnabledHardwareBeingFirstInDataSetAndChannelLicensing" storage="d:\actions-runner\_work\xpco\xpco\corporate\videoos.server.unittests\bin\x64\debug\net472\videoos.server.unittests.dll" id="728dd74c-5776-cc49-d6bb-366e73e8938c">
      <TestCategory>
        <TestCategoryItem TestCategory="Licensing" />
      </TestCategory>
      <Execution id="acdc656f-2727-4094-8f65-dad1310dfd1d" />
      <TestMethod codeBase="D:\actions-runner\_work\XPCO\XPCO\Corporate\VideoOS.Server.UnitTests\bin\x64\Debug\net472\VideoOS.Server.UnitTests.dll" adapterTypeName="executor://mstestadapter/v2" className="VideoOS.Server.UnitTests.Licensing.LicenseManagerUnitTests" name="GetRecorderLicense_LastEnabledHardwareIsWithoutLicense_OnEnabledHardwareBeingFirstInDataSetAndChannelLicensing" />
    </UnitTest>
    <UnitTest name="BoolResponse_ModelIsValid_CommandExecuted" storage="d:\actions-runner\_work\xpco\xpco\corporate\videoos.server.unittests\bin\x64\debug\net472\videoos.server.unittests.dll" id="9f913f6b-6133-2b27-9775-b9108e8b318f">
      <Execution id="d88e8846-b67f-4106-b834-c4bc03ee97bf" />
      <TestMethod codeBase="D:\actions-runner\_work\XPCO\XPCO\Corporate\VideoOS.Server.UnitTests\bin\x64\Debug\net472\VideoOS.Server.UnitTests.dll" adapterTypeName="executor://mstestadapter/v2" className="VideoOS.Server.UnitTests.WebApi.ResponseControllerTest" name="BoolResponse_ModelIsValid_CommandExecuted" />
    </UnitTest>
    <UnitTest name="EvidenceLockOnOldRecorderCommandHandlerTests_NoOldReordersToUse" storage="d:\actions-runner\_work\xpco\xpco\corporate\videoos.server.unittests\bin\x64\debug\net472\videoos.server.unittests.dll" id="69ee4823-dc49-a6d9-8f95-584a92532ed5">
      <Execution id="4b61202a-acc7-4912-ac10-b34745c28a8e" />
      <TestMethod codeBase="D:\actions-runner\_work\XPCO\XPCO\Corporate\VideoOS.Server.UnitTests\bin\x64\Debug\net472\VideoOS.Server.UnitTests.dll" adapterTypeName="executor://mstestadapter/v2" className="VideoOS.Server.UnitTests.CommandHandler.EvidenceLockOnOldRecorderCommandHandlerTests" name="EvidenceLockOnOldRecorderCommandHandlerTests_NoOldReordersToUse" />
    </UnitTest>
    <UnitTest name="EvidenceLockUpdateScheduler_UnknownSizeCheckTimerCallback_QueryEvidenceLockIdsWithoutSize_Throws_Handled" storage="d:\actions-runner\_work\xpco\xpco\corporate\videoos.server.unittests\bin\x64\debug\net472\videoos.server.unittests.dll" id="5e4152e3-fca3-cf61-8f9e-9b5783341516">
      <Execution id="f62d4641-c867-421a-b954-576f6a920296" />
      <TestMethod codeBase="D:\actions-runner\_work\XPCO\XPCO\Corporate\VideoOS.Server.UnitTests\bin\x64\Debug\net472\VideoOS.Server.UnitTests.dll" adapterTypeName="executor://mstestadapter/v2" className="VideoOS.Server.UnitTests.EvidenceLockUpdateSchedulerUnitTests" name="EvidenceLockUpdateScheduler_UnknownSizeCheckTimerCallback_QueryEvidenceLockIdsWithoutSize_Throws_Handled" />
    </UnitTest>
    <UnitTest name="ReplaceHardwareTaskCommandHandler_DeviceMapper_MultipleTypes_DifferentDeviceCount_WithDelete_Success" storage="d:\actions-runner\_work\xpco\xpco\corporate\videoos.server.unittests\bin\x64\debug\net472\videoos.server.unittests.dll" id="94453bdb-2d5d-84cc-0c06-801c9afddaf9">
      <Execution id="fcc5fd76-bf63-464c-94f3-8e2d5d76c993" />
      <TestMethod codeBase="D:\actions-runner\_work\XPCO\XPCO\Corporate\VideoOS.Server.UnitTests\bin\x64\Debug\net472\VideoOS.Server.UnitTests.dll" adapterTypeName="executor://mstestadapter/v2" className="VideoOS.Server.UnitTests.CommandHandler.ReplaceHardwareTaskCommandHandlerUnitTests" name="ReplaceHardwareTaskCommandHandler_DeviceMapper_MultipleTypes_DifferentDeviceCount_WithDelete_Success" />
    </UnitTest>
    <UnitTest name="ConfigurationDataSetLoader_GetDeviceRecorderPluginsByDeviceId_Success" storage="d:\actions-runner\_work\xpco\xpco\corporate\videoos.server.unittests\bin\x64\debug\net472\videoos.server.unittests.dll" id="db90267e-1133-e177-59c5-fc43acc05aec">
      <Execution id="46c5fe45-24e7-4f39-b18a-fce7863936b5" />
      <TestMethod codeBase="D:\actions-runner\_work\XPCO\XPCO\Corporate\VideoOS.Server.UnitTests\bin\x64\Debug\net472\VideoOS.Server.UnitTests.dll" adapterTypeName="executor://mstestadapter/v2" className="VideoOS.Server.UnitTests.Configuration.ConfigurationDataSetLoaderTests" name="ConfigurationDataSetLoader_GetDeviceRecorderPluginsByDeviceId_Success" />
    </UnitTest>
    <UnitTest name="UpdateFeatureInformation_XmlContainsFeatureParameters_OnParameterizedFeature" storage="d:\actions-runner\_work\xpco\xpco\corporate\videoos.server.unittests\bin\x64\debug\net472\videoos.server.unittests.dll" id="687a6af6-f510-b02e-6fb3-d5ea1a845375">
      <TestCategory>
        <TestCategoryItem TestCategory="Licensing" />
      </TestCategory>
      <Execution id="4b13b62a-ea13-4528-bd12-8eb815e2c945" />
      <TestMethod codeBase="D:\actions-runner\_work\XPCO\XPCO\Corporate\VideoOS.Server.UnitTests\bin\x64\Debug\net472\VideoOS.Server.UnitTests.dll" adapterTypeName="executor://mstestadapter/v2" className="VideoOS.Server.UnitTests.Licensing.LicenseInfoXmlWriterTests" name="UpdateFeatureInformation_XmlContainsFeatureParameters_OnParameterizedFeature" />
    </UnitTest>
    <UnitTest name="HardwareLicense_RemoveExistingLicense_NullHardwareInfo_Throws_ArgumentNullException" storage="d:\actions-runner\_work\xpco\xpco\corporate\videoos.server.unittests\bin\x64\debug\net472\videoos.server.unittests.dll" id="41439683-f554-daf6-bd87-252c0383746e">
      <Execution id="5230ce7d-a16a-4391-a348-33779381eec2" />
      <TestMethod codeBase="D:\actions-runner\_work\XPCO\XPCO\Corporate\VideoOS.Server.UnitTests\bin\x64\Debug\net472\VideoOS.Server.UnitTests.dll" adapterTypeName="executor://mstestadapter/v2" className="VideoOS.Server.UnitTests.Licensing.LicenseSnapshotTests" name="HardwareLicense_RemoveExistingLicense_NullHardwareInfo_Throws_ArgumentNullException" />
    </UnitTest>
    <UnitTest name="ChannelLicenseCountManager_ReplacementHardware_RemoveHardwareCollectionFromReplacementLimit" storage="d:\actions-runner\_work\xpco\xpco\corporate\videoos.server.unittests\bin\x64\debug\net472\videoos.server.unittests.dll" id="4e0fab39-367c-1038-c53c-5d8c6cdb1e31">
      <TestCategory>
        <TestCategoryItem TestCategory="Licensing" />
      </TestCategory>
      <Execution id="f66dd64e-1426-4e75-a4cf-6b7e8046226e" />
      <TestMethod codeBase="D:\actions-runner\_work\XPCO\XPCO\Corporate\VideoOS.Server.UnitTests\bin\x64\Debug\net472\VideoOS.Server.UnitTests.dll" adapterTypeName="executor://mstestadapter/v2" className="VideoOS.Server.UnitTests.Licensing.LicenseCountManagerUnitTests" name="ChannelLicenseCountManager_ReplacementHardware_RemoveHardwareCollectionFromReplacementLimit" />
    </UnitTest>
    <UnitTest name="MoveHardwareTaskCommandHandler_Execute_SourceRecorder_Not_Connected_FailResponse" storage="d:\actions-runner\_work\xpco\xpco\corporate\videoos.server.unittests\bin\x64\debug\net472\videoos.server.unittests.dll" id="8042d605-26a2-4169-039a-588f62885a21">
      <Execution id="70d37620-1fe8-4242-9e50-df290e6ba769" />
      <TestMethod codeBase="D:\actions-runner\_work\XPCO\XPCO\Corporate\VideoOS.Server.UnitTests\bin\x64\Debug\net472\VideoOS.Server.UnitTests.dll" adapterTypeName="executor://mstestadapter/v2" className="VideoOS.Server.UnitTests.CommandHandler.MoveHardwareTaskCommandHandlerTests" name="MoveHardwareTaskCommandHandler_Execute_SourceRecorder_Not_Connected_FailResponse" />
    </UnitTest>
    <UnitTest name="DatabaseResponseArchiveInformation_ModelIsNull_BadRequestResult" storage="d:\actions-runner\_work\xpco\xpco\corporate\videoos.server.unittests\bin\x64\debug\net472\videoos.server.unittests.dll" id="69564870-b37a-e6a9-082d-61ed126c5ab1">
      <Execution id="143d8807-6d36-43fb-a500-51d7610b4925" />
      <TestMethod codeBase="D:\actions-runner\_work\XPCO\XPCO\Corporate\VideoOS.Server.UnitTests\bin\x64\Debug\net472\VideoOS.Server.UnitTests.dll" adapterTypeName="executor://mstestadapter/v2" className="VideoOS.Server.UnitTests.WebApi.ResponseControllerTest" name="DatabaseResponseArchiveInformation_ModelIsNull_BadRequestResult" />
    </UnitTest>
    <UnitTest name="EventCollector_ReceiveEvent_Filter_Non_Global" storage="d:\actions-runner\_work\xpco\xpco\corporate\videoos.server.unittests\bin\x64\debug\net472\videoos.server.unittests.dll" id="f8e89b61-4897-4611-9838-53de20061a37">
      <Execution id="f8ae959e-4d4b-4b84-a9a9-8bdd32b1d57c" />
      <TestMethod codeBase="D:\actions-runner\_work\XPCO\XPCO\Corporate\VideoOS.Server.UnitTests\bin\x64\Debug\net472\VideoOS.Server.UnitTests.dll" adapterTypeName="executor://mstestadapter/v2" className="VideoOS.Server.UnitTests.UpdateConfigurationManagerCommandHandlerTests" name="EventCollector_ReceiveEvent_Filter_Non_Global" />
    </UnitTest>
    <UnitTest name="TemporaryLicensesStorage_ClearReplacementToken_RemovesExistingReplacementTokens" storage="d:\actions-runner\_work\xpco\xpco\corporate\videoos.server.unittests\bin\x64\debug\net472\videoos.server.unittests.dll" id="566b96f6-b08e-adfc-0365-29c5b7626e94">
      <TestCategory>
        <TestCategoryItem TestCategory="Licensing" />
      </TestCategory>
      <Execution id="2e314757-eb30-4c4a-9050-26553e47958d" />
      <TestMethod codeBase="D:\actions-runner\_work\XPCO\XPCO\Corporate\VideoOS.Server.UnitTests\bin\x64\Debug\net472\VideoOS.Server.UnitTests.dll" adapterTypeName="executor://mstestadapter/v2" className="VideoOS.Server.UnitTests.Licensing.TemporaryLicenseStorageUnitTests" name="TemporaryLicensesStorage_ClearReplacementToken_RemovesExistingReplacementTokens" />
    </UnitTest>
    <UnitTest name="HardwareInGraceNotOnWhiteList_ReplacedWith_HardwareNotOnWhiteList_ZeroDevicesOnBoth_ShouldGiveHardwareNewGracePeriod" storage="d:\actions-runner\_work\xpco\xpco\corporate\videoos.server.unittests\bin\x64\debug\net472\videoos.server.unittests.dll" id="ccb5d8ec-d828-d9e5-1cf2-25e7c6a3265b">
      <TestCategory>
        <TestCategoryItem TestCategory="Licensing Replace Hardware" />
        <TestCategoryItem TestCategory="Licensing" />
      </TestCategory>
      <Execution id="7026df66-0b0d-4646-949c-865ee6425be7" />
      <TestMethod codeBase="D:\actions-runner\_work\XPCO\XPCO\Corporate\VideoOS.Server.UnitTests\bin\x64\Debug\net472\VideoOS.Server.UnitTests.dll" adapterTypeName="executor://mstestadapter/v2" className="VideoOS.Server.UnitTests.Licensing.LicenseAllocatorChannelTests" name="HardwareInGraceNotOnWhiteList_ReplacedWith_HardwareNotOnWhiteList_ZeroDevicesOnBoth_ShouldGiveHardwareNewGracePeriod" />
    </UnitTest>
    <UnitTest name="UpdateHardwareTaskCommandHandler_Execute_NotMipHardware_Tests" storage="d:\actions-runner\_work\xpco\xpco\corporate\videoos.server.unittests\bin\x64\debug\net472\videoos.server.unittests.dll" id="41730602-a58b-43be-f26e-9fd96241238a">
      <Execution id="880f0375-d4d0-4168-9403-c9168f7e0a2d" />
      <TestMethod codeBase="D:\actions-runner\_work\XPCO\XPCO\Corporate\VideoOS.Server.UnitTests\bin\x64\Debug\net472\VideoOS.Server.UnitTests.dll" adapterTypeName="executor://mstestadapter/v2" className="VideoOS.Server.UnitTests.CommandHandler.UpdateHardwareTaskHandlerTests" name="UpdateHardwareTaskCommandHandler_Execute_NotMipHardware_Tests" />
    </UnitTest>
    <UnitTest name="HardwareInCWANotOnWhiteList_ReplacedWithInheritance_HardwareNotOnWhiteList_CWAAllowed_AllDevicesInCWA" storage="d:\actions-runner\_work\xpco\xpco\corporate\videoos.server.unittests\bin\x64\debug\net472\videoos.server.unittests.dll" id="707e690d-4b5f-a7d6-df9e-0d8e3e4f76eb">
      <TestCategory>
        <TestCategoryItem TestCategory="Licensing Replace Hardware" />
        <TestCategoryItem TestCategory="Licensing" />
      </TestCategory>
      <Execution id="fc575397-0247-4667-a314-65abf48bf3b7" />
      <TestMethod codeBase="D:\actions-runner\_work\XPCO\XPCO\Corporate\VideoOS.Server.UnitTests\bin\x64\Debug\net472\VideoOS.Server.UnitTests.dll" adapterTypeName="executor://mstestadapter/v2" className="VideoOS.Server.UnitTests.Licensing.LicenseAllocatorChannelTests" name="HardwareInCWANotOnWhiteList_ReplacedWithInheritance_HardwareNotOnWhiteList_CWAAllowed_AllDevicesInCWA" />
    </UnitTest>
    <UnitTest name="SetMatrixView_ModelIsNull_BadRequestResult" storage="d:\actions-runner\_work\xpco\xpco\corporate\videoos.server.unittests\bin\x64\debug\net472\videoos.server.unittests.dll" id="d66d846d-f020-a449-c804-a1a3d083e207">
      <Execution id="43d4e5a3-8d7c-41c2-b8fc-f435abd4e2ca" />
      <TestMethod codeBase="D:\actions-runner\_work\XPCO\XPCO\Corporate\VideoOS.Server.UnitTests\bin\x64\Debug\net472\VideoOS.Server.UnitTests.dll" adapterTypeName="executor://mstestadapter/v2" className="VideoOS.Server.UnitTests.ServerCommmandsControllerTests" name="SetMatrixView_ModelIsNull_BadRequestResult" />
    </UnitTest>
    <UnitTest name="SendMultiNotification_ModelIsNull_BadRequestResult" storage="d:\actions-runner\_work\xpco\xpco\corporate\videoos.server.unittests\bin\x64\debug\net472\videoos.server.unittests.dll" id="08622791-9a78-dba4-11b6-3b604a6bf317">
      <Execution id="fb8e4fbc-7043-4337-a84a-66d595f5091b" />
      <TestMethod codeBase="D:\actions-runner\_work\XPCO\XPCO\Corporate\VideoOS.Server.UnitTests\bin\x64\Debug\net472\VideoOS.Server.UnitTests.dll" adapterTypeName="executor://mstestadapter/v2" className="VideoOS.Server.UnitTests.ServerCommmandsControllerTests" name="SendMultiNotification_ModelIsNull_BadRequestResult" />
    </UnitTest>
    <UnitTest name="ReplaceHardwareCommandHandler_Construction_Null_Tests" storage="d:\actions-runner\_work\xpco\xpco\corporate\videoos.server.unittests\bin\x64\debug\net472\videoos.server.unittests.dll" id="c28da101-8ebd-02f8-b68f-6817770438f4">
      <Execution id="8a844f72-f815-4c7f-bd20-ba23f243ed2f" />
      <TestMethod codeBase="D:\actions-runner\_work\XPCO\XPCO\Corporate\VideoOS.Server.UnitTests\bin\x64\Debug\net472\VideoOS.Server.UnitTests.dll" adapterTypeName="executor://mstestadapter/v2" className="VideoOS.Server.UnitTests.CommandHandler.ReplaceHardwareCommandHandlerUnitTests" name="ReplaceHardwareCommandHandler_Construction_Null_Tests" />
    </UnitTest>
    <UnitTest name="MoveHardwareTaskCommandHandler_Execute_DeviceTrackInfo_Source_And_Destination_Recorder" storage="d:\actions-runner\_work\xpco\xpco\corporate\videoos.server.unittests\bin\x64\debug\net472\videoos.server.unittests.dll" id="7152b996-422a-4961-88f9-ab00327f89a3">
      <Execution id="2d5bbbcf-5102-4d4e-aebd-f1546e557473" />
      <TestMethod codeBase="D:\actions-runner\_work\XPCO\XPCO\Corporate\VideoOS.Server.UnitTests\bin\x64\Debug\net472\VideoOS.Server.UnitTests.dll" adapterTypeName="executor://mstestadapter/v2" className="VideoOS.Server.UnitTests.CommandHandler.MoveHardwareTaskCommandHandlerTests" name="MoveHardwareTaskCommandHandler_Execute_DeviceTrackInfo_Source_And_Destination_Recorder" />
    </UnitTest>
    <UnitTest name="AllocateLicenses_25Available_AddOneHardwareAtATimeWithTwoDevice" storage="d:\actions-runner\_work\xpco\xpco\corporate\videoos.server.unittests\bin\x64\debug\net472\videoos.server.unittests.dll" id="813b5b28-7c81-3ad5-5878-84ef19d3286f">
      <TestCategory>
        <TestCategoryItem TestCategory="Licensing" />
      </TestCategory>
      <Execution id="7940e71c-97e5-4da6-9c77-a79b27d598fc" />
      <TestMethod codeBase="D:\actions-runner\_work\XPCO\XPCO\Corporate\VideoOS.Server.UnitTests\bin\x64\Debug\net472\VideoOS.Server.UnitTests.dll" adapterTypeName="executor://mstestadapter/v2" className="VideoOS.Server.UnitTests.Licensing.LicenseAllocatorChannelTests" name="AllocateLicenses_25Available_AddOneHardwareAtATimeWithTwoDevice" />
    </UnitTest>
    <UnitTest name="TemporaryLicense_Ctor_DateTimeMaxValue_DateOnly_ArgumentException" storage="d:\actions-runner\_work\xpco\xpco\corporate\videoos.server.unittests\bin\x64\debug\net472\videoos.server.unittests.dll" id="018e2d87-3b74-ec65-33b0-205e7011b9b5">
      <TestCategory>
        <TestCategoryItem TestCategory="Licensing" />
      </TestCategory>
      <Execution id="b6fe64c8-43dc-45b2-b5d0-7ca782983e5a" />
      <TestMethod codeBase="D:\actions-runner\_work\XPCO\XPCO\Corporate\VideoOS.Server.UnitTests\bin\x64\Debug\net472\VideoOS.Server.UnitTests.dll" adapterTypeName="executor://mstestadapter/v2" className="VideoOS.Server.UnitTests.Licensing.HardwareLicensesUnitTests" name="TemporaryLicense_Ctor_DateTimeMaxValue_DateOnly_ArgumentException" />
    </UnitTest>
    <UnitTest name="CheckConfigurationDataSetTest_StreamsNotLicensedFail" storage="d:\actions-runner\_work\xpco\xpco\corporate\videoos.server.unittests\bin\x64\debug\net472\videoos.server.unittests.dll" id="005da771-eea4-599e-7976-7b11496c3dc0">
      <Execution id="0bbf5116-c938-4fa9-a472-c511d0786df7" />
      <TestMethod codeBase="D:\actions-runner\_work\XPCO\XPCO\Corporate\VideoOS.Server.UnitTests\bin\x64\Debug\net472\VideoOS.Server.UnitTests.dll" adapterTypeName="executor://mstestadapter/v2" className="VideoOS.Server.UnitTests.Licensing.LicenseFeatureCheckerTest" name="CheckConfigurationDataSetTest_StreamsNotLicensedFail" />
    </UnitTest>
    <UnitTest name="ChannelLicenseCountManager_AddLicensedHardware_NullHardwareInfo_ThrowsArgumentNullException" storage="d:\actions-runner\_work\xpco\xpco\corporate\videoos.server.unittests\bin\x64\debug\net472\videoos.server.unittests.dll" id="687b7ab7-3b40-112c-02c3-1a1061086fb3">
      <TestCategory>
        <TestCategoryItem TestCategory="Licensing" />
      </TestCategory>
      <Execution id="547175a7-7ea2-4791-92a8-7a5510e7b051" />
      <TestMethod codeBase="D:\actions-runner\_work\XPCO\XPCO\Corporate\VideoOS.Server.UnitTests\bin\x64\Debug\net472\VideoOS.Server.UnitTests.dll" adapterTypeName="executor://mstestadapter/v2" className="VideoOS.Server.UnitTests.Licensing.LicenseCountManagerUnitTests" name="ChannelLicenseCountManager_AddLicensedHardware_NullHardwareInfo_ThrowsArgumentNullException" />
    </UnitTest>
    <UnitTest name="ActivateArchivingCommand_ModelIsValid_CommandExecuted" storage="d:\actions-runner\_work\xpco\xpco\corporate\videoos.server.unittests\bin\x64\debug\net472\videoos.server.unittests.dll" id="2bdb67fd-2ac2-591f-5cbe-a774680947b8">
      <Execution id="bc747574-cbc3-49da-878d-3825d93f71de" />
      <TestMethod codeBase="D:\actions-runner\_work\XPCO\XPCO\Corporate\VideoOS.Server.UnitTests\bin\x64\Debug\net472\VideoOS.Server.UnitTests.dll" adapterTypeName="executor://mstestadapter/v2" className="VideoOS.Server.UnitTests.DatabaseCommandsControllerTests" name="ActivateArchivingCommand_ModelIsValid_CommandExecuted" />
    </UnitTest>
    <UnitTest name="UpdateHardwareTaskCommandHandler_Execute_HeartBeat_LogonError_Tests" storage="d:\actions-runner\_work\xpco\xpco\corporate\videoos.server.unittests\bin\x64\debug\net472\videoos.server.unittests.dll" id="53b3deed-da13-8b30-8afd-1c9bedbac328">
      <Execution id="068806e1-49a6-4499-a77c-f87ace661db0" />
      <TestMethod codeBase="D:\actions-runner\_work\XPCO\XPCO\Corporate\VideoOS.Server.UnitTests\bin\x64\Debug\net472\VideoOS.Server.UnitTests.dll" adapterTypeName="executor://mstestadapter/v2" className="VideoOS.Server.UnitTests.CommandHandler.UpdateHardwareTaskHandlerTests" name="UpdateHardwareTaskCommandHandler_Execute_HeartBeat_LogonError_Tests" />
    </UnitTest>
    <UnitTest name="EvidenceLockUpdateScheduler_Dispose_Success" storage="d:\actions-runner\_work\xpco\xpco\corporate\videoos.server.unittests\bin\x64\debug\net472\videoos.server.unittests.dll" id="7a90d467-ec4d-e610-cc96-6a2ca7074392">
      <Execution id="5ed620d6-75d6-43bc-b89c-e0cfdfa3069b" />
      <TestMethod codeBase="D:\actions-runner\_work\XPCO\XPCO\Corporate\VideoOS.Server.UnitTests\bin\x64\Debug\net472\VideoOS.Server.UnitTests.dll" adapterTypeName="executor://mstestadapter/v2" className="VideoOS.Server.UnitTests.EvidenceLockUpdateSchedulerUnitTests" name="EvidenceLockUpdateScheduler_Dispose_Success" />
    </UnitTest>
    <UnitTest name="HardwareInGraceNotOnWhiteList_ReplacedWithNoInheritance_HardwareNotOnWhiteList_ShouldGiveDevicesNewGracePeriod" storage="d:\actions-runner\_work\xpco\xpco\corporate\videoos.server.unittests\bin\x64\debug\net472\videoos.server.unittests.dll" id="ca2d1650-b595-d5b1-c9bb-cff3c43c7aa3">
      <TestCategory>
        <TestCategoryItem TestCategory="Licensing Replace Hardware" />
        <TestCategoryItem TestCategory="Licensing" />
      </TestCategory>
      <Execution id="fbd12da3-0150-455e-adc4-54b654d91a80" />
      <TestMethod codeBase="D:\actions-runner\_work\XPCO\XPCO\Corporate\VideoOS.Server.UnitTests\bin\x64\Debug\net472\VideoOS.Server.UnitTests.dll" adapterTypeName="executor://mstestadapter/v2" className="VideoOS.Server.UnitTests.Licensing.LicenseAllocatorChannelTests" name="HardwareInGraceNotOnWhiteList_ReplacedWithNoInheritance_HardwareNotOnWhiteList_ShouldGiveDevicesNewGracePeriod" />
    </UnitTest>
    <UnitTest name="DatabaseResponseTrackIdsWithoutMediaOnRecorder_ModelIsNull_BadRequestResult" storage="d:\actions-runner\_work\xpco\xpco\corporate\videoos.server.unittests\bin\x64\debug\net472\videoos.server.unittests.dll" id="7739c338-27eb-6231-f39e-457ef356e1cd">
      <Execution id="c19bbb5e-5874-470b-97a2-b066fa08a767" />
      <TestMethod codeBase="D:\actions-runner\_work\XPCO\XPCO\Corporate\VideoOS.Server.UnitTests\bin\x64\Debug\net472\VideoOS.Server.UnitTests.dll" adapterTypeName="executor://mstestadapter/v2" className="VideoOS.Server.UnitTests.WebApi.ResponseControllerTest" name="DatabaseResponseTrackIdsWithoutMediaOnRecorder_ModelIsNull_BadRequestResult" />
    </UnitTest>
    <UnitTest name="ExceptionResponse_ModelIsNull_BadRequestResult" storage="d:\actions-runner\_work\xpco\xpco\corporate\videoos.server.unittests\bin\x64\debug\net472\videoos.server.unittests.dll" id="1148c5c5-0d3a-a36b-b2b7-be6a323a981c">
      <Execution id="06362a5a-0e26-4362-8685-209de0326967" />
      <TestMethod codeBase="D:\actions-runner\_work\XPCO\XPCO\Corporate\VideoOS.Server.UnitTests\bin\x64\Debug\net472\VideoOS.Server.UnitTests.dll" adapterTypeName="executor://mstestadapter/v2" className="VideoOS.Server.UnitTests.WebApi.ResponseControllerTest" name="ExceptionResponse_ModelIsNull_BadRequestResult" />
    </UnitTest>
    <UnitTest name="HardwareActivatedNotOnWhiteList_ReplacedWithNoInheritance_HardwareNotOnWhiteList_NoCWAAllowed_AllDevicesInGrace" storage="d:\actions-runner\_work\xpco\xpco\corporate\videoos.server.unittests\bin\x64\debug\net472\videoos.server.unittests.dll" id="025503e0-46c3-a8e9-2ae0-09018f6d88c1">
      <TestCategory>
        <TestCategoryItem TestCategory="Licensing Replace Hardware" />
        <TestCategoryItem TestCategory="Licensing" />
      </TestCategory>
      <Execution id="d7e1155f-95f7-42d0-b06a-39c0f3ff3805" />
      <TestMethod codeBase="D:\actions-runner\_work\XPCO\XPCO\Corporate\VideoOS.Server.UnitTests\bin\x64\Debug\net472\VideoOS.Server.UnitTests.dll" adapterTypeName="executor://mstestadapter/v2" className="VideoOS.Server.UnitTests.Licensing.LicenseAllocatorChannelTests" name="HardwareActivatedNotOnWhiteList_ReplacedWithNoInheritance_HardwareNotOnWhiteList_NoCWAAllowed_AllDevicesInGrace" />
    </UnitTest>
    <UnitTest name="Monitor_CurrentStatusChanged_LocalAuthorizationError" storage="d:\actions-runner\_work\xpco\xpco\corporate\videoos.server.unittests\bin\x64\debug\net472\videoos.server.unittests.dll" id="148b85b3-208e-ea02-a66c-09452fde8ac2">
      <Execution id="c16a811e-5fd7-41a9-b17c-6ef8fa144e08" />
      <TestMethod codeBase="D:\actions-runner\_work\XPCO\XPCO\Corporate\VideoOS.Server.UnitTests\bin\x64\Debug\net472\VideoOS.Server.UnitTests.dll" adapterTypeName="executor://mstestadapter/v2" className="VideoOS.Server.UnitTests.Failover.FailoverStatusManagerUnitTests" name="Monitor_CurrentStatusChanged_LocalAuthorizationError" />
    </UnitTest>
    <UnitTest name="Validate_DisabledCameraNotPartOfHardwareFeed_Success" storage="d:\actions-runner\_work\xpco\xpco\corporate\videoos.server.unittests\bin\x64\debug\net472\videoos.server.unittests.dll" id="0598fc00-fb3e-91bf-f784-e4b64a3cfa57">
      <TestCategory>
        <TestCategoryItem TestCategory="Licensing" />
      </TestCategory>
      <Execution id="e7c3b9a0-2fcb-4712-bfbb-0ae6979ad015" />
      <TestMethod codeBase="D:\actions-runner\_work\XPCO\XPCO\Corporate\VideoOS.Server.UnitTests\bin\x64\Debug\net472\VideoOS.Server.UnitTests.dll" adapterTypeName="executor://mstestadapter/v2" className="VideoOS.Server.UnitTests.Licensing.LicenseRequestChannelTests" name="Validate_DisabledCameraNotPartOfHardwareFeed_Success" />
    </UnitTest>
    <UnitTest name="GetHardwareUsersCommandHandler_Execute_Success" storage="d:\actions-runner\_work\xpco\xpco\corporate\videoos.server.unittests\bin\x64\debug\net472\videoos.server.unittests.dll" id="5023598c-fd84-7d10-bd74-16709daa4c18">
      <Execution id="62e20ee6-02c1-4475-ac34-f75041dd011d" />
      <TestMethod codeBase="D:\actions-runner\_work\XPCO\XPCO\Corporate\VideoOS.Server.UnitTests\bin\x64\Debug\net472\VideoOS.Server.UnitTests.dll" adapterTypeName="executor://mstestadapter/v2" className="VideoOS.Server.UnitTests.CommandHandler.GetHardwareUsersCommandHandlerUnitTests" name="GetHardwareUsersCommandHandler_Execute_Success" />
    </UnitTest>
    <UnitTest name="SetHardwareNetworkSettingsCommandHandler_Constructor_ParameterNull_Throws" storage="d:\actions-runner\_work\xpco\xpco\corporate\videoos.server.unittests\bin\x64\debug\net472\videoos.server.unittests.dll" id="22e4cc9e-6a1d-3de4-9202-014788054b67">
      <Execution id="511d4470-09db-4d14-887a-30da79bb141a" />
      <TestMethod codeBase="D:\actions-runner\_work\XPCO\XPCO\Corporate\VideoOS.Server.UnitTests\bin\x64\Debug\net472\VideoOS.Server.UnitTests.dll" adapterTypeName="executor://mstestadapter/v2" className="VideoOS.Server.UnitTests.CommandHandler.SetHardwareNetworkSettingsCommandHandlerUnitTests" name="SetHardwareNetworkSettingsCommandHandler_Constructor_ParameterNull_Throws" />
    </UnitTest>
    <UnitTest name="Log_ContextExceptionIsNotSupportedByLegacyRecorderException_DebugLogIsLogged" storage="d:\actions-runner\_work\xpco\xpco\corporate\videoos.server.unittests\bin\x64\debug\net472\videoos.server.unittests.dll" id="203a23ad-a6d5-6336-b116-7dae22149b13">
      <Execution id="de01c47a-2dc7-42ad-81f0-2ee1b94c28e0" />
      <TestMethod codeBase="D:\actions-runner\_work\XPCO\XPCO\Corporate\VideoOS.Server.UnitTests\bin\x64\Debug\net472\VideoOS.Server.UnitTests.dll" adapterTypeName="executor://mstestadapter/v2" className="VideoOS.Server.UnitTests.ServerUnhandledExceptionLoggerTests" name="Log_ContextExceptionIsNotSupportedByLegacyRecorderException_DebugLogIsLogged" />
    </UnitTest>
    <UnitTest name="CreateLicenseRequest_ThrowsNotSupportedException_OnNullDocument" storage="d:\actions-runner\_work\xpco\xpco\corporate\videoos.server.unittests\bin\x64\debug\net472\videoos.server.unittests.dll" id="6201ea97-2bf0-08d4-044e-b1f01d26de68">
      <TestCategory>
        <TestCategoryItem TestCategory="Licensing" />
      </TestCategory>
      <Execution id="c84a8a14-c9c3-4227-8513-fb348918327e" />
      <TestMethod codeBase="D:\actions-runner\_work\XPCO\XPCO\Corporate\VideoOS.Server.UnitTests\bin\x64\Debug\net472\VideoOS.Server.UnitTests.dll" adapterTypeName="executor://mstestadapter/v2" className="VideoOS.Server.UnitTests.Licensing.LicenseManagerUnitTests" name="CreateLicenseRequest_ThrowsNotSupportedException_OnNullDocument" />
    </UnitTest>
    <UnitTest name="GetHardwareNetworkSettingsCommandHandler_Execute_RecorderNotSupported_ReturnsCorrectResponse" storage="d:\actions-runner\_work\xpco\xpco\corporate\videoos.server.unittests\bin\x64\debug\net472\videoos.server.unittests.dll" id="8415958e-4dc4-74af-816e-52b6732f7968">
      <Execution id="54db7d91-7db5-4ab0-815b-07a6ec967b7f" />
      <TestMethod codeBase="D:\actions-runner\_work\XPCO\XPCO\Corporate\VideoOS.Server.UnitTests\bin\x64\Debug\net472\VideoOS.Server.UnitTests.dll" adapterTypeName="executor://mstestadapter/v2" className="VideoOS.Server.UnitTests.CommandHandler.GetHardwareNetworkSettingsCommandHandlerUnitTests" name="GetHardwareNetworkSettingsCommandHandler_Execute_RecorderNotSupported_ReturnsCorrectResponse" />
    </UnitTest>
    <UnitTest name="CheckMsFailoverStatusCommandHandler_Execute_InvokeEventTrue_Succeeded_ShouldTrigger" storage="d:\actions-runner\_work\xpco\xpco\corporate\videoos.server.unittests\bin\x64\debug\net472\videoos.server.unittests.dll" id="54cdf181-0879-5493-b490-d28c73c7ac26">
      <Execution id="59649391-c27e-4672-8f8f-30338321a170" />
      <TestMethod codeBase="D:\actions-runner\_work\XPCO\XPCO\Corporate\VideoOS.Server.UnitTests\bin\x64\Debug\net472\VideoOS.Server.UnitTests.dll" adapterTypeName="executor://mstestadapter/v2" className="VideoOS.Server.UnitTests.CommandHandler.CheckMsFailoverStatusCommandHandlerUnitTest" name="CheckMsFailoverStatusCommandHandler_Execute_InvokeEventTrue_Succeeded_ShouldTrigger" />
    </UnitTest>
    <UnitTest name="LicenseCountManager_RemoveHardwareDeviceItemsFromChangesWithoutActivation_ProperlyRemovesDevices" storage="d:\actions-runner\_work\xpco\xpco\corporate\videoos.server.unittests\bin\x64\debug\net472\videoos.server.unittests.dll" id="a576efd2-dc4d-8b08-9b5f-e59b0088fa8e">
      <TestCategory>
        <TestCategoryItem TestCategory="Licensing" />
      </TestCategory>
      <Execution id="762c4c16-81ae-4842-acd5-5686b0c7c116" />
      <TestMethod codeBase="D:\actions-runner\_work\XPCO\XPCO\Corporate\VideoOS.Server.UnitTests\bin\x64\Debug\net472\VideoOS.Server.UnitTests.dll" adapterTypeName="executor://mstestadapter/v2" className="VideoOS.Server.UnitTests.Licensing.LicenseCountManagerUnitTests" name="LicenseCountManager_RemoveHardwareDeviceItemsFromChangesWithoutActivation_ProperlyRemovesDevices" />
    </UnitTest>
    <UnitTest name="ChangeIdpAdminTaskCommandHandlerTests_Execute_Arguments_Null_Throws" storage="d:\actions-runner\_work\xpco\xpco\corporate\videoos.server.unittests\bin\x64\debug\net472\videoos.server.unittests.dll" id="4378be0e-b6ea-dc40-1074-00248688d200">
      <Execution id="15b079d9-47f2-4cb0-9154-850ae1c06693" />
      <TestMethod codeBase="D:\actions-runner\_work\XPCO\XPCO\Corporate\VideoOS.Server.UnitTests\bin\x64\Debug\net472\VideoOS.Server.UnitTests.dll" adapterTypeName="executor://mstestadapter/v2" className="VideoOS.Server.UnitTests.CommandHandler.ChangeIdpAdminTaskCommandHandlerTests" name="ChangeIdpAdminTaskCommandHandlerTests_Execute_Arguments_Null_Throws" />
    </UnitTest>
    <UnitTest name="SetupInitialHardwareUserCommandHandler_Execute_ReturnsCorrectResponsesOnExceptions" storage="d:\actions-runner\_work\xpco\xpco\corporate\videoos.server.unittests\bin\x64\debug\net472\videoos.server.unittests.dll" id="b8bd9147-cab0-a652-fdd6-0b4f6cc0d7e2">
      <Execution id="d0f84cef-e44f-4650-b3fd-ba7e20c6698f" />
      <TestMethod codeBase="D:\actions-runner\_work\XPCO\XPCO\Corporate\VideoOS.Server.UnitTests\bin\x64\Debug\net472\VideoOS.Server.UnitTests.dll" adapterTypeName="executor://mstestadapter/v2" className="VideoOS.Server.UnitTests.CommandHandler.SetupInitialHardwareUserCommandHandlerUnitTests" name="SetupInitialHardwareUserCommandHandler_Execute_ReturnsCorrectResponsesOnExceptions" />
    </UnitTest>
    <UnitTest name="WarningResponse_ModelIsNull_BadRequestResult" storage="d:\actions-runner\_work\xpco\xpco\corporate\videoos.server.unittests\bin\x64\debug\net472\videoos.server.unittests.dll" id="81805bb5-19b7-51ab-b4b3-02e21590d4b6">
      <Execution id="deb9ff76-807f-42bc-a4f5-e2a0b3aefd25" />
      <TestMethod codeBase="D:\actions-runner\_work\XPCO\XPCO\Corporate\VideoOS.Server.UnitTests\bin\x64\Debug\net472\VideoOS.Server.UnitTests.dll" adapterTypeName="executor://mstestadapter/v2" className="VideoOS.Server.UnitTests.WebApi.ResponseControllerTest" name="WarningResponse_ModelIsNull_BadRequestResult" />
    </UnitTest>
    <UnitTest name="GetRecorderLicense_WithIcpHardware_Success" storage="d:\actions-runner\_work\xpco\xpco\corporate\videoos.server.unittests\bin\x64\debug\net472\videoos.server.unittests.dll" id="09fc26e3-52b7-4cc0-f8b6-a3db325c8bbb">
      <TestCategory>
        <TestCategoryItem TestCategory="Licensing" />
      </TestCategory>
      <Execution id="0aecdf14-5530-4929-b4ef-d5859f6d690c" />
      <TestMethod codeBase="D:\actions-runner\_work\XPCO\XPCO\Corporate\VideoOS.Server.UnitTests\bin\x64\Debug\net472\VideoOS.Server.UnitTests.dll" adapterTypeName="executor://mstestadapter/v2" className="VideoOS.Server.UnitTests.Licensing.LicenseManagerUnitTests" name="GetRecorderLicense_WithIcpHardware_Success" />
    </UnitTest>
    <UnitTest name="EvidenceLockOnOldRecorderCommandHandlerTests_OldRecV1_ConfigDelete2Rows" storage="d:\actions-runner\_work\xpco\xpco\corporate\videoos.server.unittests\bin\x64\debug\net472\videoos.server.unittests.dll" id="9d90b675-45bc-4904-0227-d0c44d00b4d5">
      <Execution id="da5c3b65-f917-4f6e-aa16-dc6dd8d0c7ec" />
      <TestMethod codeBase="D:\actions-runner\_work\XPCO\XPCO\Corporate\VideoOS.Server.UnitTests\bin\x64\Debug\net472\VideoOS.Server.UnitTests.dll" adapterTypeName="executor://mstestadapter/v2" className="VideoOS.Server.UnitTests.CommandHandler.EvidenceLockOnOldRecorderCommandHandlerTests" name="EvidenceLockOnOldRecorderCommandHandlerTests_OldRecV1_ConfigDelete2Rows" />
    </UnitTest>
    <UnitTest name="HardwareScanTaskCommandHandler_Constructor_Arguments_Null_Throws" storage="d:\actions-runner\_work\xpco\xpco\corporate\videoos.server.unittests\bin\x64\debug\net472\videoos.server.unittests.dll" id="83748689-d3e8-87b9-8e2a-e56e2297976e">
      <Execution id="f3f66265-a7b8-403e-8141-d44ed2191e0a" />
      <TestMethod codeBase="D:\actions-runner\_work\XPCO\XPCO\Corporate\VideoOS.Server.UnitTests\bin\x64\Debug\net472\VideoOS.Server.UnitTests.dll" adapterTypeName="executor://mstestadapter/v2" className="VideoOS.Server.UnitTests.CommandHandler.HardwareScanTaskCommandHandlerTest" name="HardwareScanTaskCommandHandler_Constructor_Arguments_Null_Throws" />
    </UnitTest>
    <UnitTest name="UpdateRecorderStatus_RecorderNotFound_NotFoundResult" storage="d:\actions-runner\_work\xpco\xpco\corporate\videoos.server.unittests\bin\x64\debug\net472\videoos.server.unittests.dll" id="08a5a503-e937-a80a-da2b-c6359ff5c88e">
      <Execution id="e956d933-b04b-404d-80f0-e9d05b35a25b" />
      <TestMethod codeBase="D:\actions-runner\_work\XPCO\XPCO\Corporate\VideoOS.Server.UnitTests\bin\x64\Debug\net472\VideoOS.Server.UnitTests.dll" adapterTypeName="executor://mstestadapter/v2" className="VideoOS.Server.UnitTests.WebApi.Controllers.RecorderStatusCommandsControllerTests" name="UpdateRecorderStatus_RecorderNotFound_NotFoundResult" />
    </UnitTest>
    <UnitTest name="AllocateLicenses_HardwareWith20Devices5EnabledAndActivated_Enabling15Devices_ShouldGet10CWA5Unlicensed_On15LicensesAnd100PercentageCWA" storage="d:\actions-runner\_work\xpco\xpco\corporate\videoos.server.unittests\bin\x64\debug\net472\videoos.server.unittests.dll" id="71ca81f7-d4b8-7f03-ba05-0feafcaff5a8">
      <TestCategory>
        <TestCategoryItem TestCategory="Licensing" />
      </TestCategory>
      <Execution id="2f5dfa93-f326-4af6-94de-9579045708a8" />
      <TestMethod codeBase="D:\actions-runner\_work\XPCO\XPCO\Corporate\VideoOS.Server.UnitTests\bin\x64\Debug\net472\VideoOS.Server.UnitTests.dll" adapterTypeName="executor://mstestadapter/v2" className="VideoOS.Server.UnitTests.Licensing.LicenseAllocatorChannelTests" name="AllocateLicenses_HardwareWith20Devices5EnabledAndActivated_Enabling15Devices_ShouldGet10CWA5Unlicensed_On15LicensesAnd100PercentageCWA" />
    </UnitTest>
    <UnitTest name="GetHardwareUsersCommandHandler_Execute_EmptyRecorderId_ReturnsFailResponse" storage="d:\actions-runner\_work\xpco\xpco\corporate\videoos.server.unittests\bin\x64\debug\net472\videoos.server.unittests.dll" id="7d248c41-22f0-0abc-bf5f-b5bac42be8c8">
      <Execution id="b182da2a-3b34-4d33-8e55-6ba0885ab8f0" />
      <TestMethod codeBase="D:\actions-runner\_work\XPCO\XPCO\Corporate\VideoOS.Server.UnitTests\bin\x64\Debug\net472\VideoOS.Server.UnitTests.dll" adapterTypeName="executor://mstestadapter/v2" className="VideoOS.Server.UnitTests.CommandHandler.GetHardwareUsersCommandHandlerUnitTests" name="GetHardwareUsersCommandHandler_Execute_EmptyRecorderId_ReturnsFailResponse" />
    </UnitTest>
    <UnitTest name="UpdateLicenseState_HasExpiredState_OnExpiredLicense" storage="d:\actions-runner\_work\xpco\xpco\corporate\videoos.server.unittests\bin\x64\debug\net472\videoos.server.unittests.dll" id="6c1ad6c9-cc08-bfd2-e6fa-12403c057402">
      <TestCategory>
        <TestCategoryItem TestCategory="Licensing" />
      </TestCategory>
      <Execution id="bb45b4b5-7a94-41fe-881e-f07cc9951108" />
      <TestMethod codeBase="D:\actions-runner\_work\XPCO\XPCO\Corporate\VideoOS.Server.UnitTests\bin\x64\Debug\net472\VideoOS.Server.UnitTests.dll" adapterTypeName="executor://mstestadapter/v2" className="VideoOS.Server.UnitTests.Licensing.LicenseInfoXmlWriterTests" name="UpdateLicenseState_HasExpiredState_OnExpiredLicense" />
    </UnitTest>
    <UnitTest name="GetRecorderTasksWithPendingStop_ModelIsValid_Executed" storage="d:\actions-runner\_work\xpco\xpco\corporate\videoos.server.unittests\bin\x64\debug\net472\videoos.server.unittests.dll" id="550cfad2-fa8b-209d-97fe-fd68247d99ef">
      <Execution id="201e4212-23da-4109-b1ce-52555bb9df26" />
      <TestMethod codeBase="D:\actions-runner\_work\XPCO\XPCO\Corporate\VideoOS.Server.UnitTests\bin\x64\Debug\net472\VideoOS.Server.UnitTests.dll" adapterTypeName="executor://mstestadapter/v2" className="VideoOS.Server.UnitTests.TaskControllerTests" name="GetRecorderTasksWithPendingStop_ModelIsValid_Executed" />
    </UnitTest>
    <UnitTest name="CleanUp_OldClientsRemoved_DebugLogMessage" storage="d:\actions-runner\_work\xpco\xpco\corporate\videoos.server.unittests\bin\x64\debug\net472\videoos.server.unittests.dll" id="79f071eb-e625-b2fd-6581-3da41d293199">
      <Execution id="8f776d18-0066-4d02-9667-53747e7b8858" />
      <TestMethod codeBase="D:\actions-runner\_work\XPCO\XPCO\Corporate\VideoOS.Server.UnitTests\bin\x64\Debug\net472\VideoOS.Server.UnitTests.dll" adapterTypeName="executor://mstestadapter/v2" className="VideoOS.Server.UnitTests.CommandHandler.VmoClientsPoolTests" name="CleanUp_OldClientsRemoved_DebugLogMessage" />
    </UnitTest>
    <UnitTest name="ConfigurationDataSetLoader_GetHostedHardwareByIds_Success" storage="d:\actions-runner\_work\xpco\xpco\corporate\videoos.server.unittests\bin\x64\debug\net472\videoos.server.unittests.dll" id="6c06ec30-8e7b-3e0a-7efc-a9ce0b560817">
      <Execution id="0b185e3a-ca55-4ba2-bbe0-928a9282cc78" />
      <TestMethod codeBase="D:\actions-runner\_work\XPCO\XPCO\Corporate\VideoOS.Server.UnitTests\bin\x64\Debug\net472\VideoOS.Server.UnitTests.dll" adapterTypeName="executor://mstestadapter/v2" className="VideoOS.Server.UnitTests.Configuration.ConfigurationDataSetLoaderTests" name="ConfigurationDataSetLoader_GetHostedHardwareByIds_Success" />
    </UnitTest>
    <UnitTest name="ManualAutomaticActivation_ResetsAutomaticActivationFailedEvent_OnSuccess" storage="d:\actions-runner\_work\xpco\xpco\corporate\videoos.server.unittests\bin\x64\debug\net472\videoos.server.unittests.dll" id="9fcf5ef0-7f22-3d90-fba9-3fdbd5d700fd">
      <TestCategory>
        <TestCategoryItem TestCategory="Licensing" />
      </TestCategory>
      <Execution id="c293531f-acd7-4f76-9635-4908eb93fc6e" />
      <TestMethod codeBase="D:\actions-runner\_work\XPCO\XPCO\Corporate\VideoOS.Server.UnitTests\bin\x64\Debug\net472\VideoOS.Server.UnitTests.dll" adapterTypeName="executor://mstestadapter/v2" className="VideoOS.Server.UnitTests.Licensing.ActivationManagerTests" name="ManualAutomaticActivation_ResetsAutomaticActivationFailedEvent_OnSuccess" />
    </UnitTest>
    <UnitTest name="UploadFileChunkCommandHandler_Execute_Failed_FileDisposed" storage="d:\actions-runner\_work\xpco\xpco\corporate\videoos.server.unittests\bin\x64\debug\net472\videoos.server.unittests.dll" id="abe93699-d934-3070-9b83-225a9bbaa9a0">
      <Execution id="72c5d3a7-b7b8-4e85-bdf1-7df40ee22326" />
      <TestMethod codeBase="D:\actions-runner\_work\XPCO\XPCO\Corporate\VideoOS.Server.UnitTests\bin\x64\Debug\net472\VideoOS.Server.UnitTests.dll" adapterTypeName="executor://mstestadapter/v2" className="VideoOS.Server.UnitTests.CommandHandler.UploadFileChunkCommandHandlerUnitTests" name="UploadFileChunkCommandHandler_Execute_Failed_FileDisposed" />
    </UnitTest>
    <UnitTest name="ChannelLicenseCountManager_AddLicensedCameraFeed_NullDeviceInfo_ThrowsArgumentNullException" storage="d:\actions-runner\_work\xpco\xpco\corporate\videoos.server.unittests\bin\x64\debug\net472\videoos.server.unittests.dll" id="be135087-9495-377b-5170-5bdf47afeca0">
      <TestCategory>
        <TestCategoryItem TestCategory="Licensing" />
      </TestCategory>
      <Execution id="a9c43d2d-b669-4fbb-b6a5-023d24a8f8d2" />
      <TestMethod codeBase="D:\actions-runner\_work\XPCO\XPCO\Corporate\VideoOS.Server.UnitTests\bin\x64\Debug\net472\VideoOS.Server.UnitTests.dll" adapterTypeName="executor://mstestadapter/v2" className="VideoOS.Server.UnitTests.Licensing.LicenseCountManagerUnitTests" name="ChannelLicenseCountManager_AddLicensedCameraFeed_NullDeviceInfo_ThrowsArgumentNullException" />
    </UnitTest>
    <UnitTest name="UpdateHardwareTaskCommandHandler_Apply_Locked_Tests" storage="d:\actions-runner\_work\xpco\xpco\corporate\videoos.server.unittests\bin\x64\debug\net472\videoos.server.unittests.dll" id="cb792945-7423-1647-0604-2c0964dd027b">
      <Execution id="8e7722ce-a710-4f74-b22a-94407d415f81" />
      <TestMethod codeBase="D:\actions-runner\_work\XPCO\XPCO\Corporate\VideoOS.Server.UnitTests\bin\x64\Debug\net472\VideoOS.Server.UnitTests.dll" adapterTypeName="executor://mstestadapter/v2" className="VideoOS.Server.UnitTests.CommandHandler.UpdateHardwareTaskHandlerTests" name="UpdateHardwareTaskCommandHandler_Apply_Locked_Tests" />
    </UnitTest>
    <UnitTest name="SetRecorderSpecificConfiguration_ModelIsNull_BadRequestResult" storage="d:\actions-runner\_work\xpco\xpco\corporate\videoos.server.unittests\bin\x64\debug\net472\videoos.server.unittests.dll" id="d7f3e071-ffc3-5a50-84e7-e831b56a656d">
      <Execution id="c0516278-2813-445d-98e3-72e63962be1e" />
      <TestMethod codeBase="D:\actions-runner\_work\XPCO\XPCO\Corporate\VideoOS.Server.UnitTests\bin\x64\Debug\net472\VideoOS.Server.UnitTests.dll" adapterTypeName="executor://mstestadapter/v2" className="VideoOS.Server.UnitTests.ConfigurationControllerTests" name="SetRecorderSpecificConfiguration_ModelIsNull_BadRequestResult" />
    </UnitTest>
    <UnitTest name="ReportMediaStatusCommand_ModelValid_RecorderNotFoundException_Handled" storage="d:\actions-runner\_work\xpco\xpco\corporate\videoos.server.unittests\bin\x64\debug\net472\videoos.server.unittests.dll" id="4bac4ec9-6d51-14f7-9d28-3cf86c72f2dc">
      <Execution id="fb67f1f1-5b4e-4b6c-8fef-bda8375e5a29" />
      <TestMethod codeBase="D:\actions-runner\_work\XPCO\XPCO\Corporate\VideoOS.Server.UnitTests\bin\x64\Debug\net472\VideoOS.Server.UnitTests.dll" adapterTypeName="executor://mstestadapter/v2" className="VideoOS.Server.UnitTests.DatabaseCommandsControllerTests" name="ReportMediaStatusCommand_ModelValid_RecorderNotFoundException_Handled" />
    </UnitTest>
    <UnitTest name="DatabaseResponseArchiveInformation_ModelIsValid_CommandExecuted" storage="d:\actions-runner\_work\xpco\xpco\corporate\videoos.server.unittests\bin\x64\debug\net472\videoos.server.unittests.dll" id="cef3c170-314f-5c07-076f-dd65bf2d42ab">
      <Execution id="9df1a131-9721-4724-a808-45ed585cf64c" />
      <TestMethod codeBase="D:\actions-runner\_work\XPCO\XPCO\Corporate\VideoOS.Server.UnitTests\bin\x64\Debug\net472\VideoOS.Server.UnitTests.dll" adapterTypeName="executor://mstestadapter/v2" className="VideoOS.Server.UnitTests.WebApi.ResponseControllerTest" name="DatabaseResponseArchiveInformation_ModelIsValid_CommandExecuted" />
    </UnitTest>
    <UnitTest name="ValidateParameter_AllowedChangesBelowActivation_LessThanZero_Expect_ArgumentOutOfRangeException" storage="d:\actions-runner\_work\xpco\xpco\corporate\videoos.server.unittests\bin\x64\debug\net472\videoos.server.unittests.dll" id="1b439133-96ac-fe64-6460-a93e04107cf2">
      <TestCategory>
        <TestCategoryItem TestCategory="Licensing" />
      </TestCategory>
      <Execution id="7d3ab251-75f0-4b4e-82bb-0ca3fdc33f8b" />
      <TestMethod codeBase="D:\actions-runner\_work\XPCO\XPCO\Corporate\VideoOS.Server.UnitTests\bin\x64\Debug\net472\VideoOS.Server.UnitTests.dll" adapterTypeName="executor://mstestadapter/v2" className="VideoOS.Server.UnitTests.Licensing.LicenseAllocatorChannelTests" name="ValidateParameter_AllowedChangesBelowActivation_LessThanZero_Expect_ArgumentOutOfRangeException" />
    </UnitTest>
    <UnitTest name="ReplaceHardwareCommandHandler_Execute_ReplaceHardware_DoNotInherit_Success" storage="d:\actions-runner\_work\xpco\xpco\corporate\videoos.server.unittests\bin\x64\debug\net472\videoos.server.unittests.dll" id="7cff0256-891c-b825-001b-e1188ea43097">
      <Execution id="4d8fb669-5f3d-4e9e-85ce-f6de57a1143f" />
      <TestMethod codeBase="D:\actions-runner\_work\XPCO\XPCO\Corporate\VideoOS.Server.UnitTests\bin\x64\Debug\net472\VideoOS.Server.UnitTests.dll" adapterTypeName="executor://mstestadapter/v2" className="VideoOS.Server.UnitTests.CommandHandler.ReplaceHardwareCommandHandlerUnitTests" name="ReplaceHardwareCommandHandler_Execute_ReplaceHardware_DoNotInherit_Success" />
    </UnitTest>
    <UnitTest name="UpdateEvidenceLockSizesCommandHandlerTests_UpdateALLEvidenceLocksSize_NoEvidenceLocksAreCreated_SuccessResponse" storage="d:\actions-runner\_work\xpco\xpco\corporate\videoos.server.unittests\bin\x64\debug\net472\videoos.server.unittests.dll" id="edad7a9f-2ab1-fea5-205f-48bb63f1f880">
      <Execution id="62100699-2292-4a92-bc73-fe434595efbd" />
      <TestMethod codeBase="D:\actions-runner\_work\XPCO\XPCO\Corporate\VideoOS.Server.UnitTests\bin\x64\Debug\net472\VideoOS.Server.UnitTests.dll" adapterTypeName="executor://mstestadapter/v2" className="VideoOS.Server.UnitTests.CommandHandler.UpdateEvidenceLockSizesCommandHandlerTests" name="UpdateEvidenceLockSizesCommandHandlerTests_UpdateALLEvidenceLocksSize_NoEvidenceLocksAreCreated_SuccessResponse" />
    </UnitTest>
    <UnitTest name="Log_ContextExceptionIsOtherThanNotSupportedByLegacyRecorderException_InfoLogIsLogged" storage="d:\actions-runner\_work\xpco\xpco\corporate\videoos.server.unittests\bin\x64\debug\net472\videoos.server.unittests.dll" id="8fbf9f52-52da-c755-01ac-9deb916d8cf7">
      <Execution id="60d8eefd-985b-49ee-8d78-aa5f6c125d2a" />
      <TestMethod codeBase="D:\actions-runner\_work\XPCO\XPCO\Corporate\VideoOS.Server.UnitTests\bin\x64\Debug\net472\VideoOS.Server.UnitTests.dll" adapterTypeName="executor://mstestadapter/v2" className="VideoOS.Server.UnitTests.ServerUnhandledExceptionLoggerTests" name="Log_ContextExceptionIsOtherThanNotSupportedByLegacyRecorderException_InfoLogIsLogged" />
    </UnitTest>
    <UnitTest name="UpdateRecorderStatusData_InvalidRecorder_NotFoundResult" storage="d:\actions-runner\_work\xpco\xpco\corporate\videoos.server.unittests\bin\x64\debug\net472\videoos.server.unittests.dll" id="0771727a-7b1e-cb6f-af21-556d51024ee4">
      <Execution id="ae350417-f5f0-4e28-98bb-f2ca0a65cce9" />
      <TestMethod codeBase="D:\actions-runner\_work\XPCO\XPCO\Corporate\VideoOS.Server.UnitTests\bin\x64\Debug\net472\VideoOS.Server.UnitTests.dll" adapterTypeName="executor://mstestadapter/v2" className="VideoOS.Server.UnitTests.RecorderControllerTest" name="UpdateRecorderStatusData_InvalidRecorder_NotFoundResult" />
    </UnitTest>
    <UnitTest name="IsActivationRequired_Success_ActivationRequired_OneDevice_WithICP" storage="d:\actions-runner\_work\xpco\xpco\corporate\videoos.server.unittests\bin\x64\debug\net472\videoos.server.unittests.dll" id="580e1afe-e2dd-e0a2-6df9-b1ce18a714be">
      <TestCategory>
        <TestCategoryItem TestCategory="Licensing" />
      </TestCategory>
      <Execution id="246a0918-4f11-4376-9aaf-fee70cc026ab" />
      <TestMethod codeBase="D:\actions-runner\_work\XPCO\XPCO\Corporate\VideoOS.Server.UnitTests\bin\x64\Debug\net472\VideoOS.Server.UnitTests.dll" adapterTypeName="executor://mstestadapter/v2" className="VideoOS.Server.UnitTests.Licensing.LicenseRequestChannelTests" name="IsActivationRequired_Success_ActivationRequired_OneDevice_WithICP" />
    </UnitTest>
    <UnitTest name="HardwareInCWAOnWhiteList_ReplacedWithInheritance_HardwareOnWhiteList_MixedCWAAllowed_NewHardwareInCWA" storage="d:\actions-runner\_work\xpco\xpco\corporate\videoos.server.unittests\bin\x64\debug\net472\videoos.server.unittests.dll" id="933352dc-2e18-19cc-d934-804f139458f1">
      <TestCategory>
        <TestCategoryItem TestCategory="Licensing Replace Hardware" />
        <TestCategoryItem TestCategory="Licensing" />
      </TestCategory>
      <Execution id="ee6fd208-205f-44b7-832e-ea049e55cb94" />
      <TestMethod codeBase="D:\actions-runner\_work\XPCO\XPCO\Corporate\VideoOS.Server.UnitTests\bin\x64\Debug\net472\VideoOS.Server.UnitTests.dll" adapterTypeName="executor://mstestadapter/v2" className="VideoOS.Server.UnitTests.Licensing.LicenseAllocatorChannelTests" name="HardwareInCWAOnWhiteList_ReplacedWithInheritance_HardwareOnWhiteList_MixedCWAAllowed_NewHardwareInCWA" />
    </UnitTest>
    <UnitTest name="AllocateLicenses_NotActivated_FiveDevice_FiveChannels_TwoEnabledChannels_TwoInGrace_ThreeHardwareWithNoLicense" storage="d:\actions-runner\_work\xpco\xpco\corporate\videoos.server.unittests\bin\x64\debug\net472\videoos.server.unittests.dll" id="760f9bfd-f7ad-a943-e485-03d97212787c">
      <TestCategory>
        <TestCategoryItem TestCategory="Licensing" />
      </TestCategory>
      <Execution id="3b700f5d-6b56-4e93-82c8-360612586768" />
      <TestMethod codeBase="D:\actions-runner\_work\XPCO\XPCO\Corporate\VideoOS.Server.UnitTests\bin\x64\Debug\net472\VideoOS.Server.UnitTests.dll" adapterTypeName="executor://mstestadapter/v2" className="VideoOS.Server.UnitTests.Licensing.LicenseAllocatorChannelTests" name="AllocateLicenses_NotActivated_FiveDevice_FiveChannels_TwoEnabledChannels_TwoInGrace_ThreeHardwareWithNoLicense" />
    </UnitTest>
    <UnitTest name="ProcessConfigurationChangeTasks_Hardware_And_Device__Batched" storage="d:\actions-runner\_work\xpco\xpco\corporate\videoos.server.unittests\bin\x64\debug\net472\videoos.server.unittests.dll" id="f8f77c91-c42f-9207-fd1f-1c031b67ee04">
      <Execution id="19655c53-27a5-49b4-a40b-6384129c67a0" />
      <TestMethod codeBase="D:\actions-runner\_work\XPCO\XPCO\Corporate\VideoOS.Server.UnitTests\bin\x64\Debug\net472\VideoOS.Server.UnitTests.dll" adapterTypeName="executor://mstestadapter/v2" className="VideoOS.Server.UnitTests.Tasks.ServerTaskBatchHandlerUnitTests" name="ProcessConfigurationChangeTasks_Hardware_And_Device__Batched" />
    </UnitTest>
    <UnitTest name="CheckExternalRecorderRegistrationCommandHandler_Execute_ReturnsCorrectResponsesOnExceptions" storage="d:\actions-runner\_work\xpco\xpco\corporate\videoos.server.unittests\bin\x64\debug\net472\videoos.server.unittests.dll" id="992740cb-50c8-d4fe-c9bf-4993f9a47e3f">
      <Execution id="44819eb0-8682-4de7-8a07-662faef525ab" />
      <TestMethod codeBase="D:\actions-runner\_work\XPCO\XPCO\Corporate\VideoOS.Server.UnitTests\bin\x64\Debug\net472\VideoOS.Server.UnitTests.dll" adapterTypeName="executor://mstestadapter/v2" className="VideoOS.Server.UnitTests.CommandHandler.CheckExternalRecorderRegistrationCommandHandlerUnitTests" name="CheckExternalRecorderRegistrationCommandHandler_Execute_ReturnsCorrectResponsesOnExceptions" />
    </UnitTest>
    <UnitTest name="EdgeJobUpdatedCommand_ModelValid_RecorderNotFoundException_Handled" storage="d:\actions-runner\_work\xpco\xpco\corporate\videoos.server.unittests\bin\x64\debug\net472\videoos.server.unittests.dll" id="5b2c3c16-f905-e938-744a-a83fd3813d51">
      <Execution id="71bba6b5-7242-4c99-bda8-fcf7085faddb" />
      <TestMethod codeBase="D:\actions-runner\_work\XPCO\XPCO\Corporate\VideoOS.Server.UnitTests\bin\x64\Debug\net472\VideoOS.Server.UnitTests.dll" adapterTypeName="executor://mstestadapter/v2" className="VideoOS.Server.UnitTests.DatabaseCommandsControllerTests" name="EdgeJobUpdatedCommand_ModelValid_RecorderNotFoundException_Handled" />
    </UnitTest>
    <UnitTest name="ReportMediaStatusCommand_ModelIsValid_CommandExecuted" storage="d:\actions-runner\_work\xpco\xpco\corporate\videoos.server.unittests\bin\x64\debug\net472\videoos.server.unittests.dll" id="be10cfb5-959a-3fd5-7048-4419a0956455">
      <Execution id="97f08442-731c-461e-91d9-b174f3d90fd5" />
      <TestMethod codeBase="D:\actions-runner\_work\XPCO\XPCO\Corporate\VideoOS.Server.UnitTests\bin\x64\Debug\net472\VideoOS.Server.UnitTests.dll" adapterTypeName="executor://mstestadapter/v2" className="VideoOS.Server.UnitTests.DatabaseCommandsControllerTests" name="ReportMediaStatusCommand_ModelIsValid_CommandExecuted" />
    </UnitTest>
    <UnitTest name="ReplaceHardwareTaskCommandHandler_DeviceMapper_TooManyDevices_AllowDeletingDisabled_Success_Test" storage="d:\actions-runner\_work\xpco\xpco\corporate\videoos.server.unittests\bin\x64\debug\net472\videoos.server.unittests.dll" id="94c2bd2b-6b5f-b5ec-49f1-5cbec2248022">
      <Execution id="996788e2-75f8-4ad3-bca0-672b3e7c2902" />
      <TestMethod codeBase="D:\actions-runner\_work\XPCO\XPCO\Corporate\VideoOS.Server.UnitTests\bin\x64\Debug\net472\VideoOS.Server.UnitTests.dll" adapterTypeName="executor://mstestadapter/v2" className="VideoOS.Server.UnitTests.CommandHandler.ReplaceHardwareTaskCommandHandlerUnitTests" name="ReplaceHardwareTaskCommandHandler_DeviceMapper_TooManyDevices_AllowDeletingDisabled_Success_Test" />
    </UnitTest>
    <UnitTest name="SessionData_UniqueId_Success" storage="d:\actions-runner\_work\xpco\xpco\corporate\videoos.server.unittests\bin\x64\debug\net472\videoos.server.unittests.dll" id="b6447419-d3ce-88c2-51be-0e733819fcc3">
      <Execution id="4ceb9340-8d3f-4e4e-8e45-86987b7c1260" />
      <TestMethod codeBase="D:\actions-runner\_work\XPCO\XPCO\Corporate\VideoOS.Server.UnitTests\bin\x64\Debug\net472\VideoOS.Server.UnitTests.dll" adapterTypeName="executor://mstestadapter/v2" className="VideoOS.Server.UnitTests.Tasks.SessionDataManagerTests" name="SessionData_UniqueId_Success" />
    </UnitTest>
    <UnitTest name="ChannelLicenseCountManager_FindActiveHardwareInChangesWithoutActivation_ReturnsListOfMacs_OnActiveHardwareInChanges" storage="d:\actions-runner\_work\xpco\xpco\corporate\videoos.server.unittests\bin\x64\debug\net472\videoos.server.unittests.dll" id="4b24004b-d400-44b7-4a25-ddc26cc5f022">
      <TestCategory>
        <TestCategoryItem TestCategory="Licensing" />
      </TestCategory>
      <Execution id="880d4ace-1a4f-42e0-944e-05fb85712d70" />
      <TestMethod codeBase="D:\actions-runner\_work\XPCO\XPCO\Corporate\VideoOS.Server.UnitTests\bin\x64\Debug\net472\VideoOS.Server.UnitTests.dll" adapterTypeName="executor://mstestadapter/v2" className="VideoOS.Server.UnitTests.Licensing.LicenseCountManagerUnitTests" name="ChannelLicenseCountManager_FindActiveHardwareInChangesWithoutActivation_ReturnsListOfMacs_OnActiveHardwareInChanges" />
    </UnitTest>
    <UnitTest name="DeviceLicense_RemoveDeviceLicense_NoDeviceLicenseReturned" storage="d:\actions-runner\_work\xpco\xpco\corporate\videoos.server.unittests\bin\x64\debug\net472\videoos.server.unittests.dll" id="67b04a5a-d7e5-804a-359e-7ab0a49b2032">
      <Execution id="93e22d4a-1ce9-4980-bbf0-88e2cc37a56f" />
      <TestMethod codeBase="D:\actions-runner\_work\XPCO\XPCO\Corporate\VideoOS.Server.UnitTests\bin\x64\Debug\net472\VideoOS.Server.UnitTests.dll" adapterTypeName="executor://mstestadapter/v2" className="VideoOS.Server.UnitTests.Licensing.LicenseSnapshotTests" name="DeviceLicense_RemoveDeviceLicense_NoDeviceLicenseReturned" />
    </UnitTest>
    <UnitTest name="HardwareInCWAOnWhiteList_ReplacedWithNoInheritance_HardwareOnWhiteList_CWAAllowed_MoreChannelsOnReplacedHardware_NewHardwareInCWA" storage="d:\actions-runner\_work\xpco\xpco\corporate\videoos.server.unittests\bin\x64\debug\net472\videoos.server.unittests.dll" id="83a331b3-f90d-f07e-fa30-807969658030">
      <TestCategory>
        <TestCategoryItem TestCategory="Licensing Replace Hardware" />
        <TestCategoryItem TestCategory="Licensing" />
      </TestCategory>
      <Execution id="5d29f6b5-3a27-4600-b126-882188537ed8" />
      <TestMethod codeBase="D:\actions-runner\_work\XPCO\XPCO\Corporate\VideoOS.Server.UnitTests\bin\x64\Debug\net472\VideoOS.Server.UnitTests.dll" adapterTypeName="executor://mstestadapter/v2" className="VideoOS.Server.UnitTests.Licensing.LicenseAllocatorChannelTests" name="HardwareInCWAOnWhiteList_ReplacedWithNoInheritance_HardwareOnWhiteList_CWAAllowed_MoreChannelsOnReplacedHardware_NewHardwareInCWA" />
    </UnitTest>
    <UnitTest name="ActivatedHardwareNotOnWhiteListWith1Camera_ReplacedWith_HardwareNotOnWhiteListWith10Cameras_ShouldPutDevicesInCWA" storage="d:\actions-runner\_work\xpco\xpco\corporate\videoos.server.unittests\bin\x64\debug\net472\videoos.server.unittests.dll" id="6fc1fa58-60f8-6102-c7c1-92b3af0e5422">
      <TestCategory>
        <TestCategoryItem TestCategory="Licensing Replace Hardware" />
        <TestCategoryItem TestCategory="Licensing" />
      </TestCategory>
      <Execution id="2358c7c5-9b44-42dd-9d92-c7085829cf29" />
      <TestMethod codeBase="D:\actions-runner\_work\XPCO\XPCO\Corporate\VideoOS.Server.UnitTests\bin\x64\Debug\net472\VideoOS.Server.UnitTests.dll" adapterTypeName="executor://mstestadapter/v2" className="VideoOS.Server.UnitTests.Licensing.LicenseAllocatorChannelTests" name="ActivatedHardwareNotOnWhiteListWith1Camera_ReplacedWith_HardwareNotOnWhiteListWith10Cameras_ShouldPutDevicesInCWA" />
    </UnitTest>
    <UnitTest name="StartSessionFailedResponse_ModelIsNull_BadRequestResult" storage="d:\actions-runner\_work\xpco\xpco\corporate\videoos.server.unittests\bin\x64\debug\net472\videoos.server.unittests.dll" id="cefcaf99-f6fe-24f5-d8ee-87f30d25cd8f">
      <Execution id="36e44464-c75e-449d-89a9-acff57cdb819" />
      <TestMethod codeBase="D:\actions-runner\_work\XPCO\XPCO\Corporate\VideoOS.Server.UnitTests\bin\x64\Debug\net472\VideoOS.Server.UnitTests.dll" adapterTypeName="executor://mstestadapter/v2" className="VideoOS.Server.UnitTests.WebApi.ResponseControllerTest" name="StartSessionFailedResponse_ModelIsNull_BadRequestResult" />
    </UnitTest>
    <UnitTest name="AllocateLicenses_EnsurePreviouslyLicensedChannelsRemainLicensed_WhenWhitelisted" storage="d:\actions-runner\_work\xpco\xpco\corporate\videoos.server.unittests\bin\x64\debug\net472\videoos.server.unittests.dll" id="433e8b39-b811-c601-9369-ed475d3fe733">
      <TestCategory>
        <TestCategoryItem TestCategory="Licensing" />
      </TestCategory>
      <Execution id="41bec0fe-212e-4227-8e58-a21321b93788" />
      <TestMethod codeBase="D:\actions-runner\_work\XPCO\XPCO\Corporate\VideoOS.Server.UnitTests\bin\x64\Debug\net472\VideoOS.Server.UnitTests.dll" adapterTypeName="executor://mstestadapter/v2" className="VideoOS.Server.UnitTests.Licensing.LicenseAllocatorChannelTests" name="AllocateLicenses_EnsurePreviouslyLicensedChannelsRemainLicensed_WhenWhitelisted" />
    </UnitTest>
    <UnitTest name="UpdateHardwareTaskCommandHandler_Execute_Deleted_Tests" storage="d:\actions-runner\_work\xpco\xpco\corporate\videoos.server.unittests\bin\x64\debug\net472\videoos.server.unittests.dll" id="e454a3f1-9c85-b4ba-36c1-30535ec4b9e5">
      <Execution id="3c57cd86-246d-4e03-9005-89a0c69d1da5" />
      <TestMethod codeBase="D:\actions-runner\_work\XPCO\XPCO\Corporate\VideoOS.Server.UnitTests\bin\x64\Debug\net472\VideoOS.Server.UnitTests.dll" adapterTypeName="executor://mstestadapter/v2" className="VideoOS.Server.UnitTests.CommandHandler.UpdateHardwareTaskHandlerTests" name="UpdateHardwareTaskCommandHandler_Execute_Deleted_Tests" />
    </UnitTest>
    <UnitTest name="AllocateLicenses_ActivatedHardwareWithMultipleCamerasEnabledAndOneDisabled_EnablingCameraShouldGoIntoCWA_OnNonZeroCWA" storage="d:\actions-runner\_work\xpco\xpco\corporate\videoos.server.unittests\bin\x64\debug\net472\videoos.server.unittests.dll" id="6c811e2e-ffff-1bb5-8121-3d391cba5713">
      <TestCategory>
        <TestCategoryItem TestCategory="Licensing" />
      </TestCategory>
      <Execution id="7ee07601-45e0-460c-b3db-d3e9e21ebf00" />
      <TestMethod codeBase="D:\actions-runner\_work\XPCO\XPCO\Corporate\VideoOS.Server.UnitTests\bin\x64\Debug\net472\VideoOS.Server.UnitTests.dll" adapterTypeName="executor://mstestadapter/v2" className="VideoOS.Server.UnitTests.Licensing.LicenseAllocatorChannelTests" name="AllocateLicenses_ActivatedHardwareWithMultipleCamerasEnabledAndOneDisabled_EnablingCameraShouldGoIntoCWA_OnNonZeroCWA" />
    </UnitTest>
    <UnitTest name="AnalyzeAndCreateAuditLogs_AddedSecurityPermissionsDeviceRowWithTimeBackward1Day_ReturnsTwoAuditLogsWithTimeBackwardDays" storage="d:\actions-runner\_work\xpco\xpco\corporate\videoos.server.unittests\bin\x64\debug\net472\videoos.server.unittests.dll" id="719db6eb-3a76-008d-3a20-f8857c55640f">
      <Execution id="f1f2dce5-3f1e-4cf8-b301-bdac598e0acb" />
      <TestMethod codeBase="D:\actions-runner\_work\XPCO\XPCO\Corporate\VideoOS.Server.UnitTests\bin\x64\Debug\net472\VideoOS.Server.UnitTests.dll" adapterTypeName="executor://mstestadapter/v2" className="VideoOS.Server.UnitTests.CommandHandler.DataSetAuditLogAnalyzerTests" name="AnalyzeAndCreateAuditLogs_AddedSecurityPermissionsDeviceRowWithTimeBackward1Day_ReturnsTwoAuditLogsWithTimeBackwardDays" />
    </UnitTest>
    <UnitTest name="CreateLicenseRequest_NoSystemBuilderLicenseRequest" storage="d:\actions-runner\_work\xpco\xpco\corporate\videoos.server.unittests\bin\x64\debug\net472\videoos.server.unittests.dll" id="857362d0-e6c5-c436-79d5-9e8da3c2834e">
      <TestCategory>
        <TestCategoryItem TestCategory="Licensing" />
      </TestCategory>
      <Execution id="4cb70fa0-f0b2-4b73-aaff-d3c8aba61b11" />
      <TestMethod codeBase="D:\actions-runner\_work\XPCO\XPCO\Corporate\VideoOS.Server.UnitTests\bin\x64\Debug\net472\VideoOS.Server.UnitTests.dll" adapterTypeName="executor://mstestadapter/v2" className="VideoOS.Server.UnitTests.Licensing.LicenseManagerUnitTests" name="CreateLicenseRequest_NoSystemBuilderLicenseRequest" />
    </UnitTest>
    <UnitTest name="CheckExternalRecorderRegistrationCommandHandler_Execute_ReturnsFailResponseOnEmptyRecorderId" storage="d:\actions-runner\_work\xpco\xpco\corporate\videoos.server.unittests\bin\x64\debug\net472\videoos.server.unittests.dll" id="cc08e950-8ecb-5d66-b17d-66c1b10f4d28">
      <Execution id="873a6196-8e8f-4e87-a547-2a4e3f734bc0" />
      <TestMethod codeBase="D:\actions-runner\_work\XPCO\XPCO\Corporate\VideoOS.Server.UnitTests\bin\x64\Debug\net472\VideoOS.Server.UnitTests.dll" adapterTypeName="executor://mstestadapter/v2" className="VideoOS.Server.UnitTests.CommandHandler.CheckExternalRecorderRegistrationCommandHandlerUnitTests" name="CheckExternalRecorderRegistrationCommandHandler_Execute_ReturnsFailResponseOnEmptyRecorderId" />
    </UnitTest>
    <UnitTest name="ChangeHardwarePasswordTaskCommandHandler_Execute_Failed_Unsupported_Response" storage="d:\actions-runner\_work\xpco\xpco\corporate\videoos.server.unittests\bin\x64\debug\net472\videoos.server.unittests.dll" id="3adb8872-ad9b-6d0e-8a10-32be252fb605">
      <Execution id="c0b31462-ab72-4328-a974-5889468c8e6f" />
      <TestMethod codeBase="D:\actions-runner\_work\XPCO\XPCO\Corporate\VideoOS.Server.UnitTests\bin\x64\Debug\net472\VideoOS.Server.UnitTests.dll" adapterTypeName="executor://mstestadapter/v2" className="VideoOS.Server.UnitTests.CommandHandler.ChangeHardwarePasswordTaskCommandHandlerTests" name="ChangeHardwarePasswordTaskCommandHandler_Execute_Failed_Unsupported_Response" />
    </UnitTest>
    <UnitTest name="EvidenceLockOnOldRecorderCommandHandlerTests_OldRecV1_ConfigAdd1RowMain" storage="d:\actions-runner\_work\xpco\xpco\corporate\videoos.server.unittests\bin\x64\debug\net472\videoos.server.unittests.dll" id="b65cceb4-bb5a-b668-5f3c-9e4a205a0844">
      <Execution id="fec46259-407d-4653-86ff-19b51906bed1" />
      <TestMethod codeBase="D:\actions-runner\_work\XPCO\XPCO\Corporate\VideoOS.Server.UnitTests\bin\x64\Debug\net472\VideoOS.Server.UnitTests.dll" adapterTypeName="executor://mstestadapter/v2" className="VideoOS.Server.UnitTests.CommandHandler.EvidenceLockOnOldRecorderCommandHandlerTests" name="EvidenceLockOnOldRecorderCommandHandlerTests_OldRecV1_ConfigAdd1RowMain" />
    </UnitTest>
    <UnitTest name="TaskHandling_ProcessUpdateDiffgram_Hardware_Multiple_Values_Changed" storage="d:\actions-runner\_work\xpco\xpco\corporate\videoos.server.unittests\bin\x64\debug\net472\videoos.server.unittests.dll" id="55bdeb1c-462d-a82c-f7ac-cb0d9ea41e70">
      <Execution id="8a96ec53-1f07-451e-b714-0af2e285cb68" />
      <TestMethod codeBase="D:\actions-runner\_work\XPCO\XPCO\Corporate\VideoOS.Server.UnitTests\bin\x64\Debug\net472\VideoOS.Server.UnitTests.dll" adapterTypeName="executor://mstestadapter/v2" className="VideoOS.Server.UnitTests.Tasks.TaskHandlingUnitTests" name="TaskHandling_ProcessUpdateDiffgram_Hardware_Multiple_Values_Changed" />
    </UnitTest>
    <UnitTest name="HardwareLicense_SetExpire_Exists_Updated" storage="d:\actions-runner\_work\xpco\xpco\corporate\videoos.server.unittests\bin\x64\debug\net472\videoos.server.unittests.dll" id="5fa7f6c3-59dd-66f0-508e-049e14919de5">
      <Execution id="137fd2c5-14e3-4e67-9191-acd0391bd392" />
      <TestMethod codeBase="D:\actions-runner\_work\XPCO\XPCO\Corporate\VideoOS.Server.UnitTests\bin\x64\Debug\net472\VideoOS.Server.UnitTests.dll" adapterTypeName="executor://mstestadapter/v2" className="VideoOS.Server.UnitTests.Licensing.LicenseSnapshotTests" name="HardwareLicense_SetExpire_Exists_Updated" />
    </UnitTest>
    <UnitTest name="EvidenceLockOnOldRecorderCommandHandlerTests_OldRecV1_ConfigDelete1RowMain_NoDistribution" storage="d:\actions-runner\_work\xpco\xpco\corporate\videoos.server.unittests\bin\x64\debug\net472\videoos.server.unittests.dll" id="4d097d45-0d0d-ea90-d9d4-dc2396355990">
      <Execution id="540b71c4-6e67-40ce-be6e-574ece493106" />
      <TestMethod codeBase="D:\actions-runner\_work\XPCO\XPCO\Corporate\VideoOS.Server.UnitTests\bin\x64\Debug\net472\VideoOS.Server.UnitTests.dll" adapterTypeName="executor://mstestadapter/v2" className="VideoOS.Server.UnitTests.CommandHandler.EvidenceLockOnOldRecorderCommandHandlerTests" name="EvidenceLockOnOldRecorderCommandHandlerTests_OldRecV1_ConfigDelete1RowMain_NoDistribution" />
    </UnitTest>
    <UnitTest name="ReplaceHardwareCommandHandler_Execute_ReplaceHardware_StreamRemoved_EnsuresValidStreamsAndTracksConfiguration" storage="d:\actions-runner\_work\xpco\xpco\corporate\videoos.server.unittests\bin\x64\debug\net472\videoos.server.unittests.dll" id="69fd376d-0cb0-8ca7-8db2-ffddc7854439">
      <Execution id="18dc4f34-7dfe-4ee8-9018-3fc59b9b479b" />
      <TestMethod codeBase="D:\actions-runner\_work\XPCO\XPCO\Corporate\VideoOS.Server.UnitTests\bin\x64\Debug\net472\VideoOS.Server.UnitTests.dll" adapterTypeName="executor://mstestadapter/v2" className="VideoOS.Server.UnitTests.CommandHandler.ReplaceHardwareCommandHandlerUnitTests" name="ReplaceHardwareCommandHandler_Execute_ReplaceHardware_StreamRemoved_EnsuresValidStreamsAndTracksConfiguration" />
    </UnitTest>
    <UnitTest name="KeepAlive_Called_CallConfirmed" storage="d:\actions-runner\_work\xpco\xpco\corporate\videoos.server.unittests\bin\x64\debug\net472\videoos.server.unittests.dll" id="267806a5-9bdd-be07-8447-7174cbffe64b">
      <Execution id="e1f53913-67c0-4281-b974-6767a20df9d4" />
      <TestMethod codeBase="D:\actions-runner\_work\XPCO\XPCO\Corporate\VideoOS.Server.UnitTests\bin\x64\Debug\net472\VideoOS.Server.UnitTests.dll" adapterTypeName="executor://mstestadapter/v2" className="VideoOS.Server.UnitTests.WebApi.Controllers.RecorderRegistrationControllerTests" name="KeepAlive_Called_CallConfirmed" />
    </UnitTest>
    <UnitTest name="FirmwareUpgradeTaskCommandHandler_Execute_Failed_ErrorUnknown" storage="d:\actions-runner\_work\xpco\xpco\corporate\videoos.server.unittests\bin\x64\debug\net472\videoos.server.unittests.dll" id="834bc393-0d98-623d-7495-886f81045728">
      <Execution id="94385680-a6e7-49db-88b1-1e01fcbc23ee" />
      <TestMethod codeBase="D:\actions-runner\_work\XPCO\XPCO\Corporate\VideoOS.Server.UnitTests\bin\x64\Debug\net472\VideoOS.Server.UnitTests.dll" adapterTypeName="executor://mstestadapter/v2" className="VideoOS.Server.UnitTests.CommandHandler.FirmwareUpgradeTaskCommandHandlerTests" name="FirmwareUpgradeTaskCommandHandler_Execute_Failed_ErrorUnknown" />
    </UnitTest>
    <UnitTest name="UploadFileChunkCommandHandler_Execute_Arguments_Null_Throws" storage="d:\actions-runner\_work\xpco\xpco\corporate\videoos.server.unittests\bin\x64\debug\net472\videoos.server.unittests.dll" id="f0ebc854-c13b-2b60-a0fd-ffd0a235b26d">
      <Execution id="8373c7e2-3d0f-44f2-a8d6-e7051eff5103" />
      <TestMethod codeBase="D:\actions-runner\_work\XPCO\XPCO\Corporate\VideoOS.Server.UnitTests\bin\x64\Debug\net472\VideoOS.Server.UnitTests.dll" adapterTypeName="executor://mstestadapter/v2" className="VideoOS.Server.UnitTests.CommandHandler.UploadFileChunkCommandHandlerUnitTests" name="UploadFileChunkCommandHandler_Execute_Arguments_Null_Throws" />
    </UnitTest>
    <UnitTest name="AllocateLicenses_HardwareWith10Devices7EnabledAndActivated_Enabling3Devices_ShouldGet3CWA_OnNonZeroCWA" storage="d:\actions-runner\_work\xpco\xpco\corporate\videoos.server.unittests\bin\x64\debug\net472\videoos.server.unittests.dll" id="ae4061b8-320e-29dd-40df-9e766fdf63a2">
      <TestCategory>
        <TestCategoryItem TestCategory="Licensing" />
      </TestCategory>
      <Execution id="52c93ea2-5a34-4e82-aaf6-06f7e98b247b" />
      <TestMethod codeBase="D:\actions-runner\_work\XPCO\XPCO\Corporate\VideoOS.Server.UnitTests\bin\x64\Debug\net472\VideoOS.Server.UnitTests.dll" adapterTypeName="executor://mstestadapter/v2" className="VideoOS.Server.UnitTests.Licensing.LicenseAllocatorChannelTests" name="AllocateLicenses_HardwareWith10Devices7EnabledAndActivated_Enabling3Devices_ShouldGet3CWA_OnNonZeroCWA" />
    </UnitTest>
    <UnitTest name="HardwareInCWAOnWhiteList_ReplacedWithInheritance_HardwareNotOnWhiteList_NoMoreCWAAllowed_NewDevicesInGrace" storage="d:\actions-runner\_work\xpco\xpco\corporate\videoos.server.unittests\bin\x64\debug\net472\videoos.server.unittests.dll" id="e271b044-e1ee-b1ea-4f44-29d190086149">
      <TestCategory>
        <TestCategoryItem TestCategory="Licensing Replace Hardware" />
        <TestCategoryItem TestCategory="Licensing" />
      </TestCategory>
      <Execution id="1ca0a376-e291-4ad2-bf89-4aa3afa5902e" />
      <TestMethod codeBase="D:\actions-runner\_work\XPCO\XPCO\Corporate\VideoOS.Server.UnitTests\bin\x64\Debug\net472\VideoOS.Server.UnitTests.dll" adapterTypeName="executor://mstestadapter/v2" className="VideoOS.Server.UnitTests.Licensing.LicenseAllocatorChannelTests" name="HardwareInCWAOnWhiteList_ReplacedWithInheritance_HardwareNotOnWhiteList_NoMoreCWAAllowed_NewDevicesInGrace" />
    </UnitTest>
    <UnitTest name="HardwareActivatedOnWhiteList_ReplacedWithNoInheritance_HardwareOnWhiteList_CWAAllowed_NewHardwareInCWA" storage="d:\actions-runner\_work\xpco\xpco\corporate\videoos.server.unittests\bin\x64\debug\net472\videoos.server.unittests.dll" id="76990fcb-ffcb-fd18-57fa-b5a109502485">
      <TestCategory>
        <TestCategoryItem TestCategory="Licensing Replace Hardware" />
        <TestCategoryItem TestCategory="Licensing" />
      </TestCategory>
      <Execution id="2ca90fa6-e6d2-481c-9540-5fb76d6606e9" />
      <TestMethod codeBase="D:\actions-runner\_work\XPCO\XPCO\Corporate\VideoOS.Server.UnitTests\bin\x64\Debug\net472\VideoOS.Server.UnitTests.dll" adapterTypeName="executor://mstestadapter/v2" className="VideoOS.Server.UnitTests.Licensing.LicenseAllocatorChannelTests" name="HardwareActivatedOnWhiteList_ReplacedWithNoInheritance_HardwareOnWhiteList_CWAAllowed_NewHardwareInCWA" />
    </UnitTest>
    <UnitTest name="UpdateHardwareDriverCommandHandler_Execute_SqlException_Error" storage="d:\actions-runner\_work\xpco\xpco\corporate\videoos.server.unittests\bin\x64\debug\net472\videoos.server.unittests.dll" id="0e272411-52c5-eed6-91b4-927d99d4aa2d">
      <Execution id="a93e42bf-87fd-41d8-ac30-7b9a2be62319" />
      <TestMethod codeBase="D:\actions-runner\_work\XPCO\XPCO\Corporate\VideoOS.Server.UnitTests\bin\x64\Debug\net472\VideoOS.Server.UnitTests.dll" adapterTypeName="executor://mstestadapter/v2" className="VideoOS.Server.UnitTests.CommandHandler.UpdateHardwareDriverCommandHandlerTests" name="UpdateHardwareDriverCommandHandler_Execute_SqlException_Error" />
    </UnitTest>
    <UnitTest name="DeviceDataDistributionManager_CleanupAll_QueryDeviceDataDistributionThrowsGenericSqlException_Handled" storage="d:\actions-runner\_work\xpco\xpco\corporate\videoos.server.unittests\bin\x64\debug\net472\videoos.server.unittests.dll" id="33d67a72-9c14-ed11-25ce-add97b012285">
      <Execution id="16d60989-b48c-4072-a096-a84cc2d1090b" />
      <TestMethod codeBase="D:\actions-runner\_work\XPCO\XPCO\Corporate\VideoOS.Server.UnitTests\bin\x64\Debug\net472\VideoOS.Server.UnitTests.dll" adapterTypeName="executor://mstestadapter/v2" className="VideoOS.Server.UnitTests.DeviceDataDistributionManagerUnitTests" name="DeviceDataDistributionManager_CleanupAll_QueryDeviceDataDistributionThrowsGenericSqlException_Handled" />
    </UnitTest>
    <UnitTest name="LicenseInfoXmlWriter_CreateLicenseInformationXml_SetsFeatureInformation" storage="d:\actions-runner\_work\xpco\xpco\corporate\videoos.server.unittests\bin\x64\debug\net472\videoos.server.unittests.dll" id="30dfc8b5-247e-3752-d365-cffe7ad05fc0">
      <TestCategory>
        <TestCategoryItem TestCategory="Licensing" />
      </TestCategory>
      <Execution id="56d8c990-94c3-46a2-a570-73f5d6004447" />
      <TestMethod codeBase="D:\actions-runner\_work\XPCO\XPCO\Corporate\VideoOS.Server.UnitTests\bin\x64\Debug\net472\VideoOS.Server.UnitTests.dll" adapterTypeName="executor://mstestadapter/v2" className="VideoOS.Server.UnitTests.Licensing.LicenseInfoXmlWriterTests" name="LicenseInfoXmlWriter_CreateLicenseInformationXml_SetsFeatureInformation" />
    </UnitTest>
    <UnitTest name="DeleteHardwareTaskCommandHandler_Execute_Failed_Timeout_Response" storage="d:\actions-runner\_work\xpco\xpco\corporate\videoos.server.unittests\bin\x64\debug\net472\videoos.server.unittests.dll" id="fb4bfc16-4472-c6ec-c70f-01a0505dd049">
      <Execution id="0a09b0f9-abff-495f-82cd-4511f44f0bb1" />
      <TestMethod codeBase="D:\actions-runner\_work\XPCO\XPCO\Corporate\VideoOS.Server.UnitTests\bin\x64\Debug\net472\VideoOS.Server.UnitTests.dll" adapterTypeName="executor://mstestadapter/v2" className="VideoOS.Server.UnitTests.CommandHandler.DeleteHardwareTaskCommandHandlerTest" name="DeleteHardwareTaskCommandHandler_Execute_Failed_Timeout_Response" />
    </UnitTest>
    <UnitTest name="UpdateRecorderTaskProgress_ModelIsValid_Executed" storage="d:\actions-runner\_work\xpco\xpco\corporate\videoos.server.unittests\bin\x64\debug\net472\videoos.server.unittests.dll" id="ea9551eb-3309-a871-541b-dc91e6a1d4cb">
      <Execution id="ca1beeb4-d317-46fd-a04d-01522fe6af33" />
      <TestMethod codeBase="D:\actions-runner\_work\XPCO\XPCO\Corporate\VideoOS.Server.UnitTests\bin\x64\Debug\net472\VideoOS.Server.UnitTests.dll" adapterTypeName="executor://mstestadapter/v2" className="VideoOS.Server.UnitTests.TaskControllerTests" name="UpdateRecorderTaskProgress_ModelIsValid_Executed" />
    </UnitTest>
    <UnitTest name="TemporaryDeviceLicense_Ctor_DateTimeMaxValue_ArgumentException" storage="d:\actions-runner\_work\xpco\xpco\corporate\videoos.server.unittests\bin\x64\debug\net472\videoos.server.unittests.dll" id="d4230149-10c4-6faa-9ee6-ef77ef11a13e">
      <TestCategory>
        <TestCategoryItem TestCategory="Licensing" />
      </TestCategory>
      <Execution id="51956957-f0a4-40d3-af95-8776933e1b11" />
      <TestMethod codeBase="D:\actions-runner\_work\XPCO\XPCO\Corporate\VideoOS.Server.UnitTests\bin\x64\Debug\net472\VideoOS.Server.UnitTests.dll" adapterTypeName="executor://mstestadapter/v2" className="VideoOS.Server.UnitTests.Licensing.HardwareLicensesUnitTests" name="TemporaryDeviceLicense_Ctor_DateTimeMaxValue_ArgumentException" />
    </UnitTest>
    <UnitTest name="ReleasePtzSessionResponse_ModelIsNull_BadRequestResult" storage="d:\actions-runner\_work\xpco\xpco\corporate\videoos.server.unittests\bin\x64\debug\net472\videoos.server.unittests.dll" id="77d3fe13-3564-015d-7a4f-d66cf1691384">
      <Execution id="2204a950-1586-4a39-a9e5-368895f3d014" />
      <TestMethod codeBase="D:\actions-runner\_work\XPCO\XPCO\Corporate\VideoOS.Server.UnitTests\bin\x64\Debug\net472\VideoOS.Server.UnitTests.dll" adapterTypeName="executor://mstestadapter/v2" className="VideoOS.Server.UnitTests.WebApi.ResponseControllerTest" name="ReleasePtzSessionResponse_ModelIsNull_BadRequestResult" />
    </UnitTest>
    <UnitTest name="ReportMediaCommittedToDatabaseCommand_ModelIsNull_BadRequestResult" storage="d:\actions-runner\_work\xpco\xpco\corporate\videoos.server.unittests\bin\x64\debug\net472\videoos.server.unittests.dll" id="e9119cfc-3c5c-fe36-feac-3d5dd77582ef">
      <Execution id="6442fc8c-e07b-4a59-ac11-bab4d4579af2" />
      <TestMethod codeBase="D:\actions-runner\_work\XPCO\XPCO\Corporate\VideoOS.Server.UnitTests\bin\x64\Debug\net472\VideoOS.Server.UnitTests.dll" adapterTypeName="executor://mstestadapter/v2" className="VideoOS.Server.UnitTests.DatabaseCommandsControllerTests" name="ReportMediaCommittedToDatabaseCommand_ModelIsNull_BadRequestResult" />
    </UnitTest>
    <UnitTest name="HardwareScanTaskCommandHandler_Execute_StartSession_FailResponse" storage="d:\actions-runner\_work\xpco\xpco\corporate\videoos.server.unittests\bin\x64\debug\net472\videoos.server.unittests.dll" id="a3f25151-fd8f-743f-8175-ed7cfff85002">
      <Execution id="a6c48c70-2e98-4941-a5ae-76e13bd573ef" />
      <TestMethod codeBase="D:\actions-runner\_work\XPCO\XPCO\Corporate\VideoOS.Server.UnitTests\bin\x64\Debug\net472\VideoOS.Server.UnitTests.dll" adapterTypeName="executor://mstestadapter/v2" className="VideoOS.Server.UnitTests.CommandHandler.HardwareScanTaskCommandHandlerTest" name="HardwareScanTaskCommandHandler_Execute_StartSession_FailResponse" />
    </UnitTest>
    <UnitTest name="Statuses_ResetAfterAddingMultipleLicenses_StatusAreReset_Success" storage="d:\actions-runner\_work\xpco\xpco\corporate\videoos.server.unittests\bin\x64\debug\net472\videoos.server.unittests.dll" id="97c60378-ba41-a96a-7d0f-7a6c00e44a44">
      <Execution id="048e7f8f-61bd-46ed-b163-869ae1ae64b1" />
      <TestMethod codeBase="D:\actions-runner\_work\XPCO\XPCO\Corporate\VideoOS.Server.UnitTests\bin\x64\Debug\net472\VideoOS.Server.UnitTests.dll" adapterTypeName="executor://mstestadapter/v2" className="VideoOS.Server.UnitTests.Licensing.LicenseSnapshotTests" name="Statuses_ResetAfterAddingMultipleLicenses_StatusAreReset_Success" />
    </UnitTest>
    <UnitTest name="WriteRecordingServerInformation_SameHardwareOnThreeRecordingServers_ContainsRecordingServerData" storage="d:\actions-runner\_work\xpco\xpco\corporate\videoos.server.unittests\bin\x64\debug\net472\videoos.server.unittests.dll" id="91992f85-0681-08ed-2e87-5d2fb5b81924">
      <TestCategory>
        <TestCategoryItem TestCategory="Licensing" />
      </TestCategory>
      <Execution id="33602e88-92cd-40f0-8433-7cd40b9785b2" />
      <TestMethod codeBase="D:\actions-runner\_work\XPCO\XPCO\Corporate\VideoOS.Server.UnitTests\bin\x64\Debug\net472\VideoOS.Server.UnitTests.dll" adapterTypeName="executor://mstestadapter/v2" className="VideoOS.Server.UnitTests.Licensing.LicenseRequestChannelTests" name="WriteRecordingServerInformation_SameHardwareOnThreeRecordingServers_ContainsRecordingServerData" />
    </UnitTest>
    <UnitTest name="LicenseCountManager_FindActiveHardwareInChangesWithoutActivation_ReturnsListOfMacs_OnActiveHardwareInChanges" storage="d:\actions-runner\_work\xpco\xpco\corporate\videoos.server.unittests\bin\x64\debug\net472\videoos.server.unittests.dll" id="04320c81-7ccf-f4d3-d4b7-3cbe736a791c">
      <TestCategory>
        <TestCategoryItem TestCategory="Licensing" />
      </TestCategory>
      <Execution id="c509f81f-581e-4c96-b120-495373b0f687" />
      <TestMethod codeBase="D:\actions-runner\_work\XPCO\XPCO\Corporate\VideoOS.Server.UnitTests\bin\x64\Debug\net472\VideoOS.Server.UnitTests.dll" adapterTypeName="executor://mstestadapter/v2" className="VideoOS.Server.UnitTests.Licensing.LicenseCountManagerUnitTests" name="LicenseCountManager_FindActiveHardwareInChangesWithoutActivation_ReturnsListOfMacs_OnActiveHardwareInChanges" />
    </UnitTest>
    <UnitTest name="EdgeJobUpdatedCommand_ModelIsValid_CommandExecuted" storage="d:\actions-runner\_work\xpco\xpco\corporate\videoos.server.unittests\bin\x64\debug\net472\videoos.server.unittests.dll" id="09109cdb-3848-8d5b-1673-eb704ba69421">
      <Execution id="94514a85-8f5f-43ce-9a48-11be698ad49d" />
      <TestMethod codeBase="D:\actions-runner\_work\XPCO\XPCO\Corporate\VideoOS.Server.UnitTests\bin\x64\Debug\net472\VideoOS.Server.UnitTests.dll" adapterTypeName="executor://mstestadapter/v2" className="VideoOS.Server.UnitTests.DatabaseCommandsControllerTests" name="EdgeJobUpdatedCommand_ModelIsValid_CommandExecuted" />
    </UnitTest>
    <UnitTest name="HardwareActivatedNotOnWhiteList_ReplacedWithNoInheritance_HardwareOnWhiteList_CWAAllowed_NewHardwareInCWA" storage="d:\actions-runner\_work\xpco\xpco\corporate\videoos.server.unittests\bin\x64\debug\net472\videoos.server.unittests.dll" id="d7c85921-f6b2-47f3-a1fc-3cb3d85f1761">
      <TestCategory>
        <TestCategoryItem TestCategory="Licensing Replace Hardware" />
        <TestCategoryItem TestCategory="Licensing" />
      </TestCategory>
      <Execution id="31c8693b-a181-4345-997a-7c2e97ce20eb" />
      <TestMethod codeBase="D:\actions-runner\_work\XPCO\XPCO\Corporate\VideoOS.Server.UnitTests\bin\x64\Debug\net472\VideoOS.Server.UnitTests.dll" adapterTypeName="executor://mstestadapter/v2" className="VideoOS.Server.UnitTests.Licensing.LicenseAllocatorChannelTests" name="HardwareActivatedNotOnWhiteList_ReplacedWithNoInheritance_HardwareOnWhiteList_CWAAllowed_NewHardwareInCWA" />
    </UnitTest>
    <UnitTest name="UpdateLicense_AllocatesOneGraceLicense_OnSameHwOnTwoRecordingServers_WithSecondHwEmpty" storage="d:\actions-runner\_work\xpco\xpco\corporate\videoos.server.unittests\bin\x64\debug\net472\videoos.server.unittests.dll" id="221fd461-d9e0-38c0-74af-0b4a047e67c3">
      <TestCategory>
        <TestCategoryItem TestCategory="Licensing" />
      </TestCategory>
      <Execution id="00562747-a2b7-4715-b842-aa80ce86eecb" />
      <TestMethod codeBase="D:\actions-runner\_work\XPCO\XPCO\Corporate\VideoOS.Server.UnitTests\bin\x64\Debug\net472\VideoOS.Server.UnitTests.dll" adapterTypeName="executor://mstestadapter/v2" className="VideoOS.Server.UnitTests.Licensing.LicenseManagerUnitTests" name="UpdateLicense_AllocatesOneGraceLicense_OnSameHwOnTwoRecordingServers_WithSecondHwEmpty" />
    </UnitTest>
    <UnitTest name="LicenseCountManager_CameraFeed_Get_Set_CameraFeedLicenseValue" storage="d:\actions-runner\_work\xpco\xpco\corporate\videoos.server.unittests\bin\x64\debug\net472\videoos.server.unittests.dll" id="aab282aa-ad90-6e2a-3ce9-e3773114a944">
      <Execution id="490add0d-60e0-46a0-8567-529b280c3f9d" />
      <TestMethod codeBase="D:\actions-runner\_work\XPCO\XPCO\Corporate\VideoOS.Server.UnitTests\bin\x64\Debug\net472\VideoOS.Server.UnitTests.dll" adapterTypeName="executor://mstestadapter/v2" className="VideoOS.Server.UnitTests.Licensing.LicenseCountManagerUnitTests" name="LicenseCountManager_CameraFeed_Get_Set_CameraFeedLicenseValue" />
    </UnitTest>
    <UnitTest name="AllocateLicenses_FourLicensesUsed_OnFourHardwareWithTwoLicensedOneGraceAndFourLicenses" storage="d:\actions-runner\_work\xpco\xpco\corporate\videoos.server.unittests\bin\x64\debug\net472\videoos.server.unittests.dll" id="d8f4590a-d691-b8bc-3b9d-7fe3eabd6a0f">
      <TestCategory>
        <TestCategoryItem TestCategory="Licensing" />
      </TestCategory>
      <Execution id="d193b299-44b4-4cf0-955e-99ec5a129e24" />
      <TestMethod codeBase="D:\actions-runner\_work\XPCO\XPCO\Corporate\VideoOS.Server.UnitTests\bin\x64\Debug\net472\VideoOS.Server.UnitTests.dll" adapterTypeName="executor://mstestadapter/v2" className="VideoOS.Server.UnitTests.Licensing.LicenseAllocatorHardwareTests" name="AllocateLicenses_FourLicensesUsed_OnFourHardwareWithTwoLicensedOneGraceAndFourLicenses" />
    </UnitTest>
    <UnitTest name="UpdateHardwareTaskCommandHandler_Apply_Added_Tests" storage="d:\actions-runner\_work\xpco\xpco\corporate\videoos.server.unittests\bin\x64\debug\net472\videoos.server.unittests.dll" id="268ae14c-20cc-e72a-0840-6050273b0f8d">
      <Execution id="8a7007e1-859f-4aa5-8144-dd62c360abba" />
      <TestMethod codeBase="D:\actions-runner\_work\XPCO\XPCO\Corporate\VideoOS.Server.UnitTests\bin\x64\Debug\net472\VideoOS.Server.UnitTests.dll" adapterTypeName="executor://mstestadapter/v2" className="VideoOS.Server.UnitTests.CommandHandler.UpdateHardwareTaskHandlerTests" name="UpdateHardwareTaskCommandHandler_Apply_Added_Tests" />
    </UnitTest>
    <UnitTest name="EvidenceLockOnOldRecorderCommandHandlerTests_NoReorders" storage="d:\actions-runner\_work\xpco\xpco\corporate\videoos.server.unittests\bin\x64\debug\net472\videoos.server.unittests.dll" id="bb5a8254-7143-4f04-4125-1f3496dadd8f">
      <Execution id="7a07f4c0-016c-4092-8af7-89a0be615545" />
      <TestMethod codeBase="D:\actions-runner\_work\XPCO\XPCO\Corporate\VideoOS.Server.UnitTests\bin\x64\Debug\net472\VideoOS.Server.UnitTests.dll" adapterTypeName="executor://mstestadapter/v2" className="VideoOS.Server.UnitTests.CommandHandler.EvidenceLockOnOldRecorderCommandHandlerTests" name="EvidenceLockOnOldRecorderCommandHandlerTests_NoReorders" />
    </UnitTest>
    <UnitTest name="Validate_LicenseCalculatorContainsAllHardwareFromAllRecordingServers_MissingLicenses_Success" storage="d:\actions-runner\_work\xpco\xpco\corporate\videoos.server.unittests\bin\x64\debug\net472\videoos.server.unittests.dll" id="a8a706ab-7d38-3714-d35e-f323270938a5">
      <Execution id="7ff80904-dbc6-4fbe-8401-426f1b19b703" />
      <TestMethod codeBase="D:\actions-runner\_work\XPCO\XPCO\Corporate\VideoOS.Server.UnitTests\bin\x64\Debug\net472\VideoOS.Server.UnitTests.dll" adapterTypeName="executor://mstestadapter/v2" className="VideoOS.Server.UnitTests.Licensing.LicenseInfoXmlWriterTests" name="Validate_LicenseCalculatorContainsAllHardwareFromAllRecordingServers_MissingLicenses_Success" />
    </UnitTest>
    <UnitTest name="FindHardware_NullMac_Throws_ArgumentNullException" storage="d:\actions-runner\_work\xpco\xpco\corporate\videoos.server.unittests\bin\x64\debug\net472\videoos.server.unittests.dll" id="2dc2397e-fec1-ff28-69c4-c3ca71255333">
      <Execution id="81a9d513-523c-49a3-b0db-7652a0af6ae0" />
      <TestMethod codeBase="D:\actions-runner\_work\XPCO\XPCO\Corporate\VideoOS.Server.UnitTests\bin\x64\Debug\net472\VideoOS.Server.UnitTests.dll" adapterTypeName="executor://mstestadapter/v2" className="VideoOS.Server.UnitTests.Licensing.LicenseSnapshotTests" name="FindHardware_NullMac_Throws_ArgumentNullException" />
    </UnitTest>
    <UnitTest name="HardwareInCWAOnWhiteList_ReplacedWithInheritance_HardwareOnWhiteList_MixedCWAAllowed_MoreChannelsOnReplacedHardware_NewHardwareInCWA" storage="d:\actions-runner\_work\xpco\xpco\corporate\videoos.server.unittests\bin\x64\debug\net472\videoos.server.unittests.dll" id="2425ff1f-83c9-5b42-2eb7-4223c7e8e9eb">
      <TestCategory>
        <TestCategoryItem TestCategory="Licensing Replace Hardware" />
        <TestCategoryItem TestCategory="Licensing" />
      </TestCategory>
      <Execution id="ed9f39e1-6f3f-4387-aa98-c402e5b1c81e" />
      <TestMethod codeBase="D:\actions-runner\_work\XPCO\XPCO\Corporate\VideoOS.Server.UnitTests\bin\x64\Debug\net472\VideoOS.Server.UnitTests.dll" adapterTypeName="executor://mstestadapter/v2" className="VideoOS.Server.UnitTests.Licensing.LicenseAllocatorChannelTests" name="HardwareInCWAOnWhiteList_ReplacedWithInheritance_HardwareOnWhiteList_MixedCWAAllowed_MoreChannelsOnReplacedHardware_NewHardwareInCWA" />
    </UnitTest>
    <UnitTest name="ChannelLicenseCountManager_CameraFeed_GetCameraFeedsUsed_Success" storage="d:\actions-runner\_work\xpco\xpco\corporate\videoos.server.unittests\bin\x64\debug\net472\videoos.server.unittests.dll" id="675e73d1-3945-adc3-d391-6ec467a90be9">
      <TestCategory>
        <TestCategoryItem TestCategory="Licensing" />
      </TestCategory>
      <Execution id="775e1fef-ef52-48dd-90b9-52084b722649" />
      <TestMethod codeBase="D:\actions-runner\_work\XPCO\XPCO\Corporate\VideoOS.Server.UnitTests\bin\x64\Debug\net472\VideoOS.Server.UnitTests.dll" adapterTypeName="executor://mstestadapter/v2" className="VideoOS.Server.UnitTests.Licensing.LicenseCountManagerUnitTests" name="ChannelLicenseCountManager_CameraFeed_GetCameraFeedsUsed_Success" />
    </UnitTest>
    <UnitTest name="MoveHardwareTaskCommandHandler_Execute_QueryHardwareById_ReturnNull_FailResponse_HardwareNotFound" storage="d:\actions-runner\_work\xpco\xpco\corporate\videoos.server.unittests\bin\x64\debug\net472\videoos.server.unittests.dll" id="2b04f178-71af-3f70-144c-088850ff5a57">
      <Execution id="a637ce4b-345e-4c0e-9be6-aadef0d28375" />
      <TestMethod codeBase="D:\actions-runner\_work\XPCO\XPCO\Corporate\VideoOS.Server.UnitTests\bin\x64\Debug\net472\VideoOS.Server.UnitTests.dll" adapterTypeName="executor://mstestadapter/v2" className="VideoOS.Server.UnitTests.CommandHandler.MoveHardwareTaskCommandHandlerTests" name="MoveHardwareTaskCommandHandler_Execute_QueryHardwareById_ReturnNull_FailResponse_HardwareNotFound" />
    </UnitTest>
    <UnitTest name="AnalyzeAndCreateAuditLogs_AddedSecurityPermissionsDeviceRowWithDEVICESPEAKPRIORITYAtrribute_ReturnsTwoAuditLog" storage="d:\actions-runner\_work\xpco\xpco\corporate\videoos.server.unittests\bin\x64\debug\net472\videoos.server.unittests.dll" id="219ef644-4b9e-0020-5a88-34072b9491cd">
      <Execution id="47210cab-2e3e-472f-82a5-5abb27af4d0e" />
      <TestMethod codeBase="D:\actions-runner\_work\XPCO\XPCO\Corporate\VideoOS.Server.UnitTests\bin\x64\Debug\net472\VideoOS.Server.UnitTests.dll" adapterTypeName="executor://mstestadapter/v2" className="VideoOS.Server.UnitTests.CommandHandler.DataSetAuditLogAnalyzerTests" name="AnalyzeAndCreateAuditLogs_AddedSecurityPermissionsDeviceRowWithDEVICESPEAKPRIORITYAtrribute_ReturnsTwoAuditLog" />
    </UnitTest>
    <UnitTest name="LicenseCountManager_ValidateRelatedRecordingServerLicenses_IdentifiesRecordersRequiringUpdate_WhenCWAExceeded_Success" storage="d:\actions-runner\_work\xpco\xpco\corporate\videoos.server.unittests\bin\x64\debug\net472\videoos.server.unittests.dll" id="8402c0e3-b6c7-2078-2393-e75d1e1013c0">
      <TestCategory>
        <TestCategoryItem TestCategory="Licensing" />
      </TestCategory>
      <Execution id="d9d82e7a-a799-4c1c-be3a-22558b5d9a05" />
      <TestMethod codeBase="D:\actions-runner\_work\XPCO\XPCO\Corporate\VideoOS.Server.UnitTests\bin\x64\Debug\net472\VideoOS.Server.UnitTests.dll" adapterTypeName="executor://mstestadapter/v2" className="VideoOS.Server.UnitTests.Licensing.LicenseCountManagerUnitTests" name="LicenseCountManager_ValidateRelatedRecordingServerLicenses_IdentifiesRecordersRequiringUpdate_WhenCWAExceeded_Success" />
    </UnitTest>
    <UnitTest name="IsActivationNeeded_True_ICP_DeviceReplaced" storage="d:\actions-runner\_work\xpco\xpco\corporate\videoos.server.unittests\bin\x64\debug\net472\videoos.server.unittests.dll" id="63f6badc-75ca-49e3-34dc-16f32740f2dc">
      <TestCategory>
        <TestCategoryItem TestCategory="Licensing" />
      </TestCategory>
      <Execution id="b6d37296-e411-44f9-bc2c-495666baee5b" />
      <TestMethod codeBase="D:\actions-runner\_work\XPCO\XPCO\Corporate\VideoOS.Server.UnitTests\bin\x64\Debug\net472\VideoOS.Server.UnitTests.dll" adapterTypeName="executor://mstestadapter/v2" className="VideoOS.Server.UnitTests.Licensing.LicenseManagerUnitTests" name="IsActivationNeeded_True_ICP_DeviceReplaced" />
    </UnitTest>
    <UnitTest name="ConfigurationDataSetLoader_GetDeviceGroupMembersByDeviceGroupId_Success" storage="d:\actions-runner\_work\xpco\xpco\corporate\videoos.server.unittests\bin\x64\debug\net472\videoos.server.unittests.dll" id="df5249a5-4b98-4ee8-4fcd-b548b558933a">
      <Execution id="6dd7fc16-f898-4b1a-9b8a-d4b1ab127adb" />
      <TestMethod codeBase="D:\actions-runner\_work\XPCO\XPCO\Corporate\VideoOS.Server.UnitTests\bin\x64\Debug\net472\VideoOS.Server.UnitTests.dll" adapterTypeName="executor://mstestadapter/v2" className="VideoOS.Server.UnitTests.Configuration.ConfigurationDataSetLoaderTests" name="ConfigurationDataSetLoader_GetDeviceGroupMembersByDeviceGroupId_Success" />
    </UnitTest>
    <UnitTest name="ChangeHardwarePasswordRuleAction_Execute_TaskBuilderConstructionThrows_NoCompletedEventTriggered" storage="d:\actions-runner\_work\xpco\xpco\corporate\videoos.server.unittests\bin\x64\debug\net472\videoos.server.unittests.dll" id="b64882b3-19e4-9ecc-6883-3b3c764a650b">
      <Execution id="0e18b430-c171-41ae-924d-88c3944e0e03" />
      <TestMethod codeBase="D:\actions-runner\_work\XPCO\XPCO\Corporate\VideoOS.Server.UnitTests\bin\x64\Debug\net472\VideoOS.Server.UnitTests.dll" adapterTypeName="executor://mstestadapter/v2" className="VideoOS.Server.UnitTests.RuleActions.ChangeHardwarePasswordRuleActionUnitTests" name="ChangeHardwarePasswordRuleAction_Execute_TaskBuilderConstructionThrows_NoCompletedEventTriggered" />
    </UnitTest>
    <UnitTest name="UpdateSLC_ReturnsValidSLC_ValidLicenseWithEmptyWhiteList" storage="d:\actions-runner\_work\xpco\xpco\corporate\videoos.server.unittests\bin\x64\debug\net472\videoos.server.unittests.dll" id="eef8fe52-ade5-fee8-4100-d6d4d79ef170">
      <TestCategory>
        <TestCategoryItem TestCategory="Licensing" />
      </TestCategory>
      <Execution id="695c0c29-c8e8-4f3b-9309-a5a7035cfdcd" />
      <TestMethod codeBase="D:\actions-runner\_work\XPCO\XPCO\Corporate\VideoOS.Server.UnitTests\bin\x64\Debug\net472\VideoOS.Server.UnitTests.dll" adapterTypeName="executor://mstestadapter/v2" className="VideoOS.Server.UnitTests.Licensing.LicenseRequestChannelTests" name="UpdateSLC_ReturnsValidSLC_ValidLicenseWithEmptyWhiteList" />
    </UnitTest>
    <UnitTest name="ServerAccessTokenHandler_PopulateAuthorizationHeaderAsync_ArgumentNullException" storage="d:\actions-runner\_work\xpco\xpco\corporate\videoos.server.unittests\bin\x64\debug\net472\videoos.server.unittests.dll" id="d8429968-d99d-6cb6-df2c-d60230c77ebe">
      <Execution id="fc0be9b3-e563-47ae-bfc6-7d5b6c2202d9" />
      <TestMethod codeBase="D:\actions-runner\_work\XPCO\XPCO\Corporate\VideoOS.Server.UnitTests\bin\x64\Debug\net472\VideoOS.Server.UnitTests.dll" adapterTypeName="executor://mstestadapter/v2" className="VideoOS.Server.UnitTests.RecorderCommunication.ServerAccessTokenHandlerTests" name="ServerAccessTokenHandler_PopulateAuthorizationHeaderAsync_ArgumentNullException" />
    </UnitTest>
    <UnitTest name="ProcessConfigurationChangeTasks_InsertInsertInsert_Batched" storage="d:\actions-runner\_work\xpco\xpco\corporate\videoos.server.unittests\bin\x64\debug\net472\videoos.server.unittests.dll" id="214f301d-5456-578f-878e-6cb88da187c1">
      <Execution id="e56e4c07-0d70-4b61-b281-8b7a7d743697" />
      <TestMethod codeBase="D:\actions-runner\_work\XPCO\XPCO\Corporate\VideoOS.Server.UnitTests\bin\x64\Debug\net472\VideoOS.Server.UnitTests.dll" adapterTypeName="executor://mstestadapter/v2" className="VideoOS.Server.UnitTests.Tasks.ServerTaskBatchHandlerUnitTests" name="ProcessConfigurationChangeTasks_InsertInsertInsert_Batched" />
    </UnitTest>
    <UnitTest name="DeleteHardwareTaskCommandHandler_Execute_Arguments_Null_Throws" storage="d:\actions-runner\_work\xpco\xpco\corporate\videoos.server.unittests\bin\x64\debug\net472\videoos.server.unittests.dll" id="48798009-0aef-c37c-cb98-e8d434cb000c">
      <Execution id="dbbdfe52-3a89-4d83-bd24-12ebaa01b140" />
      <TestMethod codeBase="D:\actions-runner\_work\XPCO\XPCO\Corporate\VideoOS.Server.UnitTests\bin\x64\Debug\net472\VideoOS.Server.UnitTests.dll" adapterTypeName="executor://mstestadapter/v2" className="VideoOS.Server.UnitTests.CommandHandler.DeleteHardwareTaskCommandHandlerTest" name="DeleteHardwareTaskCommandHandler_Execute_Arguments_Null_Throws" />
    </UnitTest>
    <UnitTest name="ChangeHardwarePasswordRuleAction_Execute_SunnyDay_NoErrorsLogged" storage="d:\actions-runner\_work\xpco\xpco\corporate\videoos.server.unittests\bin\x64\debug\net472\videoos.server.unittests.dll" id="3aa1a87d-4a9a-4c65-66ef-790cfaf82e83">
      <Execution id="90c093e3-4e72-4e7b-9096-a32b8977227a" />
      <TestMethod codeBase="D:\actions-runner\_work\XPCO\XPCO\Corporate\VideoOS.Server.UnitTests\bin\x64\Debug\net472\VideoOS.Server.UnitTests.dll" adapterTypeName="executor://mstestadapter/v2" className="VideoOS.Server.UnitTests.RuleActions.ChangeHardwarePasswordRuleActionUnitTests" name="ChangeHardwarePasswordRuleAction_Execute_SunnyDay_NoErrorsLogged" />
    </UnitTest>
    <UnitTest name="UpdateHardwareTaskCommandHandler_Clone_Tests" storage="d:\actions-runner\_work\xpco\xpco\corporate\videoos.server.unittests\bin\x64\debug\net472\videoos.server.unittests.dll" id="d9b310d6-231e-7ba2-ac73-829ade7ebc19">
      <Execution id="66725936-249a-44ce-afad-2dd41f057bc0" />
      <TestMethod codeBase="D:\actions-runner\_work\XPCO\XPCO\Corporate\VideoOS.Server.UnitTests\bin\x64\Debug\net472\VideoOS.Server.UnitTests.dll" adapterTypeName="executor://mstestadapter/v2" className="VideoOS.Server.UnitTests.CommandHandler.UpdateHardwareTaskHandlerTests" name="UpdateHardwareTaskCommandHandler_Clone_Tests" />
    </UnitTest>
    <UnitTest name="AllocateLicense_5Available_OneHardware_AlreadyLicensedInLicFile_SufficientCameraCountInLicenseFileForHardwareCameraFeeds" storage="d:\actions-runner\_work\xpco\xpco\corporate\videoos.server.unittests\bin\x64\debug\net472\videoos.server.unittests.dll" id="83a7296c-e486-b9d7-1922-2ba57eeed087">
      <TestCategory>
        <TestCategoryItem TestCategory="Licensing" />
      </TestCategory>
      <Execution id="bea8ec44-b845-4d56-ae7d-c4756a698896" />
      <TestMethod codeBase="D:\actions-runner\_work\XPCO\XPCO\Corporate\VideoOS.Server.UnitTests\bin\x64\Debug\net472\VideoOS.Server.UnitTests.dll" adapterTypeName="executor://mstestadapter/v2" className="VideoOS.Server.UnitTests.Licensing.LicenseAllocatorChannelTests" name="AllocateLicense_5Available_OneHardware_AlreadyLicensedInLicFile_SufficientCameraCountInLicenseFileForHardwareCameraFeeds" />
    </UnitTest>
    <UnitTest name="AllocateLicenses_NotActivated_OneDevice_SixDisabledCameraChannels_LicenseCountFive_ReplacementAllowed_DeviceWithoutEnabledCamera" storage="d:\actions-runner\_work\xpco\xpco\corporate\videoos.server.unittests\bin\x64\debug\net472\videoos.server.unittests.dll" id="174c703d-40da-6a58-da7e-28265b185aac">
      <TestCategory>
        <TestCategoryItem TestCategory="Licensing" />
      </TestCategory>
      <Execution id="333e0553-b6fc-427b-baa2-f3dab57183bb" />
      <TestMethod codeBase="D:\actions-runner\_work\XPCO\XPCO\Corporate\VideoOS.Server.UnitTests\bin\x64\Debug\net472\VideoOS.Server.UnitTests.dll" adapterTypeName="executor://mstestadapter/v2" className="VideoOS.Server.UnitTests.Licensing.LicenseAllocatorChannelTests" name="AllocateLicenses_NotActivated_OneDevice_SixDisabledCameraChannels_LicenseCountFive_ReplacementAllowed_DeviceWithoutEnabledCamera" />
    </UnitTest>
    <UnitTest name="TemporaryLicenseStorage_FindDevicesWithPreviousYearTokens_ReturnsDevicesWithPreviousYearTokens" storage="d:\actions-runner\_work\xpco\xpco\corporate\videoos.server.unittests\bin\x64\debug\net472\videoos.server.unittests.dll" id="360a5b69-84c6-d741-05e8-229f4567bfb3">
      <TestCategory>
        <TestCategoryItem TestCategory="Licensing" />
      </TestCategory>
      <Execution id="43496765-57ef-481b-b7f7-0a6e79547f53" />
      <TestMethod codeBase="D:\actions-runner\_work\XPCO\XPCO\Corporate\VideoOS.Server.UnitTests\bin\x64\Debug\net472\VideoOS.Server.UnitTests.dll" adapterTypeName="executor://mstestadapter/v2" className="VideoOS.Server.UnitTests.Licensing.TemporaryLicenseStorageUnitTests" name="TemporaryLicenseStorage_FindDevicesWithPreviousYearTokens_ReturnsDevicesWithPreviousYearTokens" />
    </UnitTest>
    <UnitTest name="ReplaceHardwareTaskCommandHandler_DeviceMapper_Success_MoreNewDevices_Test" storage="d:\actions-runner\_work\xpco\xpco\corporate\videoos.server.unittests\bin\x64\debug\net472\videoos.server.unittests.dll" id="dfef0bc9-5b28-b15e-34f4-f60cc9b1bf7e">
      <Execution id="a8ca991d-19a2-4956-8fe3-adedddb53afe" />
      <TestMethod codeBase="D:\actions-runner\_work\XPCO\XPCO\Corporate\VideoOS.Server.UnitTests\bin\x64\Debug\net472\VideoOS.Server.UnitTests.dll" adapterTypeName="executor://mstestadapter/v2" className="VideoOS.Server.UnitTests.CommandHandler.ReplaceHardwareTaskCommandHandlerUnitTests" name="ReplaceHardwareTaskCommandHandler_DeviceMapper_Success_MoreNewDevices_Test" />
    </UnitTest>
    <UnitTest name="CurrentVersions_ModelValid_RecorderNotFoundException_Handled" storage="d:\actions-runner\_work\xpco\xpco\corporate\videoos.server.unittests\bin\x64\debug\net472\videoos.server.unittests.dll" id="64c0f610-40c2-8236-7cd7-4fc9ef7634b2">
      <Execution id="3a8b435d-2975-4d34-8283-b3ddbfd54dde" />
      <TestMethod codeBase="D:\actions-runner\_work\XPCO\XPCO\Corporate\VideoOS.Server.UnitTests\bin\x64\Debug\net472\VideoOS.Server.UnitTests.dll" adapterTypeName="executor://mstestadapter/v2" className="VideoOS.Server.UnitTests.ConfigurationControllerTests" name="CurrentVersions_ModelValid_RecorderNotFoundException_Handled" />
    </UnitTest>
    <UnitTest name="ChangeHardwarePasswordTaskCommandHandler_Execute_Failed_NoResponse" storage="d:\actions-runner\_work\xpco\xpco\corporate\videoos.server.unittests\bin\x64\debug\net472\videoos.server.unittests.dll" id="3be51c51-c709-c67b-75c9-3ba3e2cef999">
      <Execution id="95d4dd20-e1de-49bc-b657-b08f28945c68" />
      <TestMethod codeBase="D:\actions-runner\_work\XPCO\XPCO\Corporate\VideoOS.Server.UnitTests\bin\x64\Debug\net472\VideoOS.Server.UnitTests.dll" adapterTypeName="executor://mstestadapter/v2" className="VideoOS.Server.UnitTests.CommandHandler.ChangeHardwarePasswordTaskCommandHandlerTests" name="ChangeHardwarePasswordTaskCommandHandler_Execute_Failed_NoResponse" />
    </UnitTest>
    <UnitTest name="ChangesWithoutActivation_AppearsActivated_GraceDevicesEnterCWA_AfterOneYear" storage="d:\actions-runner\_work\xpco\xpco\corporate\videoos.server.unittests\bin\x64\debug\net472\videoos.server.unittests.dll" id="2e3b4342-1265-efa1-b8b0-a70d9afa0a25">
      <TestCategory>
        <TestCategoryItem TestCategory="Licensing" />
      </TestCategory>
      <Execution id="83e6f497-36c9-4a68-bd1c-1d490b597c33" />
      <TestMethod codeBase="D:\actions-runner\_work\XPCO\XPCO\Corporate\VideoOS.Server.UnitTests\bin\x64\Debug\net472\VideoOS.Server.UnitTests.dll" adapterTypeName="executor://mstestadapter/v2" className="VideoOS.Server.UnitTests.Licensing.LicenseAllocatorChannelTests" name="ChangesWithoutActivation_AppearsActivated_GraceDevicesEnterCWA_AfterOneYear" />
    </UnitTest>
    <UnitTest name="AnalyzeAndCreateAuditLogs_AddedSecurityPermissionsMatrixRow_ReturnsOneAuditLog" storage="d:\actions-runner\_work\xpco\xpco\corporate\videoos.server.unittests\bin\x64\debug\net472\videoos.server.unittests.dll" id="aab3a971-947d-ce24-4dfc-ab6ad28ff8a7">
      <Execution id="6cfad70c-59a5-4a07-88b5-f1d017448453" />
      <TestMethod codeBase="D:\actions-runner\_work\XPCO\XPCO\Corporate\VideoOS.Server.UnitTests\bin\x64\Debug\net472\VideoOS.Server.UnitTests.dll" adapterTypeName="executor://mstestadapter/v2" className="VideoOS.Server.UnitTests.CommandHandler.DataSetAuditLogAnalyzerTests" name="AnalyzeAndCreateAuditLogs_AddedSecurityPermissionsMatrixRow_ReturnsOneAuditLog" />
    </UnitTest>
    <UnitTest name="SetupInitialHardwareUserCommandHandler_Execute_ReturnsRecorderUnavailableResponseOnRecorderNotConnected" storage="d:\actions-runner\_work\xpco\xpco\corporate\videoos.server.unittests\bin\x64\debug\net472\videoos.server.unittests.dll" id="a78851f4-5cf1-c03b-d540-692422a608d7">
      <Execution id="0a427f1f-631e-4762-a2f4-05544a75361a" />
      <TestMethod codeBase="D:\actions-runner\_work\XPCO\XPCO\Corporate\VideoOS.Server.UnitTests\bin\x64\Debug\net472\VideoOS.Server.UnitTests.dll" adapterTypeName="executor://mstestadapter/v2" className="VideoOS.Server.UnitTests.CommandHandler.SetupInitialHardwareUserCommandHandlerUnitTests" name="SetupInitialHardwareUserCommandHandler_Execute_ReturnsRecorderUnavailableResponseOnRecorderNotConnected" />
    </UnitTest>
    <UnitTest name="FromXml_Works_OnOlderVersionOfXml" storage="d:\actions-runner\_work\xpco\xpco\corporate\videoos.server.unittests\bin\x64\debug\net472\videoos.server.unittests.dll" id="5b605aec-b02a-0133-abcb-81fdaaea0f58">
      <TestCategory>
        <TestCategoryItem TestCategory="Licensing" />
      </TestCategory>
      <Execution id="82aeb9aa-a612-4a07-92f4-b4aecfaaa32a" />
      <TestMethod codeBase="D:\actions-runner\_work\XPCO\XPCO\Corporate\VideoOS.Server.UnitTests\bin\x64\Debug\net472\VideoOS.Server.UnitTests.dll" adapterTypeName="executor://mstestadapter/v2" className="VideoOS.Server.UnitTests.Licensing.LicenseInformationUnitTests" name="FromXml_Works_OnOlderVersionOfXml" />
    </UnitTest>
    <UnitTest name="HardwareInCWANotOnWhiteList_ReplacedWithInheritance_HardwareNotOnWhiteList_CWAAllowed_FewerChannelsOnReplacedHardware_AllDevicesInCWA" storage="d:\actions-runner\_work\xpco\xpco\corporate\videoos.server.unittests\bin\x64\debug\net472\videoos.server.unittests.dll" id="b2f60de8-b346-fdf9-57cb-eefc4dabd6ec">
      <TestCategory>
        <TestCategoryItem TestCategory="Licensing Replace Hardware" />
        <TestCategoryItem TestCategory="Licensing" />
      </TestCategory>
      <Execution id="3946a6b8-8434-407c-98d8-b81688480907" />
      <TestMethod codeBase="D:\actions-runner\_work\XPCO\XPCO\Corporate\VideoOS.Server.UnitTests\bin\x64\Debug\net472\VideoOS.Server.UnitTests.dll" adapterTypeName="executor://mstestadapter/v2" className="VideoOS.Server.UnitTests.Licensing.LicenseAllocatorChannelTests" name="HardwareInCWANotOnWhiteList_ReplacedWithInheritance_HardwareNotOnWhiteList_CWAAllowed_FewerChannelsOnReplacedHardware_AllDevicesInCWA" />
    </UnitTest>
    <UnitTest name="ExecuteRuleActionCommand_ModelIsNull_BadRequestResult" storage="d:\actions-runner\_work\xpco\xpco\corporate\videoos.server.unittests\bin\x64\debug\net472\videoos.server.unittests.dll" id="4df85b45-2abf-d8a4-fb1b-37a82d24219f">
      <Execution id="d8f0e285-e1a7-4d7e-828f-8d7b9fbb8aa9" />
      <TestMethod codeBase="D:\actions-runner\_work\XPCO\XPCO\Corporate\VideoOS.Server.UnitTests\bin\x64\Debug\net472\VideoOS.Server.UnitTests.dll" adapterTypeName="executor://mstestadapter/v2" className="VideoOS.Server.UnitTests.RuleCommandsControllerTests" name="ExecuteRuleActionCommand_ModelIsNull_BadRequestResult" />
    </UnitTest>
    <UnitTest name="LicenseCountManager_RemoveDevicesFromChangesWithoutActivation_WithNullHardawreInfo_Throws_ArgumentNullException" storage="d:\actions-runner\_work\xpco\xpco\corporate\videoos.server.unittests\bin\x64\debug\net472\videoos.server.unittests.dll" id="9b9fb463-c1cb-b31f-c4c2-bbffd2c2dc38">
      <TestCategory>
        <TestCategoryItem TestCategory="Licensing" />
      </TestCategory>
      <Execution id="5cb66573-f518-4719-9fae-39fd82425439" />
      <TestMethod codeBase="D:\actions-runner\_work\XPCO\XPCO\Corporate\VideoOS.Server.UnitTests\bin\x64\Debug\net472\VideoOS.Server.UnitTests.dll" adapterTypeName="executor://mstestadapter/v2" className="VideoOS.Server.UnitTests.Licensing.LicenseCountManagerUnitTests" name="LicenseCountManager_RemoveDevicesFromChangesWithoutActivation_WithNullHardawreInfo_Throws_ArgumentNullException" />
    </UnitTest>
    <UnitTest name="GetHardwareUsersCommandHandler_Execute_RecorderNotConnected_ReturnsRecorderUnavailableResponse" storage="d:\actions-runner\_work\xpco\xpco\corporate\videoos.server.unittests\bin\x64\debug\net472\videoos.server.unittests.dll" id="426a626f-f337-b0a2-711d-d411188afc7d">
      <Execution id="cfd3e5a4-ca26-47ab-9c31-c69273888fc1" />
      <TestMethod codeBase="D:\actions-runner\_work\XPCO\XPCO\Corporate\VideoOS.Server.UnitTests\bin\x64\Debug\net472\VideoOS.Server.UnitTests.dll" adapterTypeName="executor://mstestadapter/v2" className="VideoOS.Server.UnitTests.CommandHandler.GetHardwareUsersCommandHandlerUnitTests" name="GetHardwareUsersCommandHandler_Execute_RecorderNotConnected_ReturnsRecorderUnavailableResponse" />
    </UnitTest>
    <UnitTest name="VmoClientsPool_Constructor_ThrowArgumentNullException" storage="d:\actions-runner\_work\xpco\xpco\corporate\videoos.server.unittests\bin\x64\debug\net472\videoos.server.unittests.dll" id="94f4fb79-741c-399b-6815-4f1e57683cfb">
      <Execution id="3b90ea48-07cf-4205-acc0-8d6d50a6ced5" />
      <TestMethod codeBase="D:\actions-runner\_work\XPCO\XPCO\Corporate\VideoOS.Server.UnitTests\bin\x64\Debug\net472\VideoOS.Server.UnitTests.dll" adapterTypeName="executor://mstestadapter/v2" className="VideoOS.Server.UnitTests.CommandHandler.VmoClientsPoolTests" name="VmoClientsPool_Constructor_ThrowArgumentNullException" />
    </UnitTest>
    <UnitTest name="TriggerEventAsGlobal_ModelIsValid_CommandExecuted" storage="d:\actions-runner\_work\xpco\xpco\corporate\videoos.server.unittests\bin\x64\debug\net472\videoos.server.unittests.dll" id="9fe3c6f4-c1ea-93f9-bac9-72568655ab11">
      <Execution id="2e339efc-e2fa-495e-b757-26b210c7fb78" />
      <TestMethod codeBase="D:\actions-runner\_work\XPCO\XPCO\Corporate\VideoOS.Server.UnitTests\bin\x64\Debug\net472\VideoOS.Server.UnitTests.dll" adapterTypeName="executor://mstestadapter/v2" className="VideoOS.Server.UnitTests.WebApi.Controllers.EventCommandsControllerTests" name="TriggerEventAsGlobal_ModelIsValid_CommandExecuted" />
    </UnitTest>
    <UnitTest name="HardwareInCWAOnWhiteList_ReplacedWithNoInheritance_HardwareOnWhiteList_MixedCWAAllowed_MoreChannelsOnReplacedHardware_NewHardwareInCWA" storage="d:\actions-runner\_work\xpco\xpco\corporate\videoos.server.unittests\bin\x64\debug\net472\videoos.server.unittests.dll" id="b1e074ea-7f2a-5a8e-9a0e-a97db98a2ce1">
      <TestCategory>
        <TestCategoryItem TestCategory="Licensing Replace Hardware" />
        <TestCategoryItem TestCategory="Licensing" />
      </TestCategory>
      <Execution id="db393ef0-aa00-49ee-a50b-d801798d0ee0" />
      <TestMethod codeBase="D:\actions-runner\_work\XPCO\XPCO\Corporate\VideoOS.Server.UnitTests\bin\x64\Debug\net472\VideoOS.Server.UnitTests.dll" adapterTypeName="executor://mstestadapter/v2" className="VideoOS.Server.UnitTests.Licensing.LicenseAllocatorChannelTests" name="HardwareInCWAOnWhiteList_ReplacedWithNoInheritance_HardwareOnWhiteList_MixedCWAAllowed_MoreChannelsOnReplacedHardware_NewHardwareInCWA" />
    </UnitTest>
    <UnitTest name="UpdateHardwareTaskCommandHandler_Execute_Unknown_Tests" storage="d:\actions-runner\_work\xpco\xpco\corporate\videoos.server.unittests\bin\x64\debug\net472\videoos.server.unittests.dll" id="e220f231-ed56-ebfb-e964-355cefc3364e">
      <Execution id="adaee5e9-08f0-4fe2-b9b2-2f93975504e5" />
      <TestMethod codeBase="D:\actions-runner\_work\XPCO\XPCO\Corporate\VideoOS.Server.UnitTests\bin\x64\Debug\net472\VideoOS.Server.UnitTests.dll" adapterTypeName="executor://mstestadapter/v2" className="VideoOS.Server.UnitTests.CommandHandler.UpdateHardwareTaskHandlerTests" name="UpdateHardwareTaskCommandHandler_Execute_Unknown_Tests" />
    </UnitTest>
    <UnitTest name="ConfigurationDataSetLoader_GetHardwareByHostedHardwareId_Success" storage="d:\actions-runner\_work\xpco\xpco\corporate\videoos.server.unittests\bin\x64\debug\net472\videoos.server.unittests.dll" id="5d3f8fc0-b97b-c086-40b2-6affaa9438df">
      <Execution id="82bb559d-b053-48ba-bede-cee2dcf135d5" />
      <TestMethod codeBase="D:\actions-runner\_work\XPCO\XPCO\Corporate\VideoOS.Server.UnitTests\bin\x64\Debug\net472\VideoOS.Server.UnitTests.dll" adapterTypeName="executor://mstestadapter/v2" className="VideoOS.Server.UnitTests.Configuration.ConfigurationDataSetLoaderTests" name="ConfigurationDataSetLoader_GetHardwareByHostedHardwareId_Success" />
    </UnitTest>
    <UnitTest name="MultiSite_ChannelBased_SameHardwareAndDevicesOn2Recorders_OneHwWhitelistedOneNotWhitelisted_ConsumesSeparateLicenses" storage="d:\actions-runner\_work\xpco\xpco\corporate\videoos.server.unittests\bin\x64\debug\net472\videoos.server.unittests.dll" id="a1d179f9-1d98-db05-0da7-765f2109c5d9">
      <Execution id="503ad840-5a20-4598-9cca-d3a11a3eb2de" />
      <TestMethod codeBase="D:\actions-runner\_work\XPCO\XPCO\Corporate\VideoOS.Server.UnitTests\bin\x64\Debug\net472\VideoOS.Server.UnitTests.dll" adapterTypeName="executor://mstestadapter/v2" className="VideoOS.Server.UnitTests.Licensing.LicenseAllocatorChannelTests" name="MultiSite_ChannelBased_SameHardwareAndDevicesOn2Recorders_OneHwWhitelistedOneNotWhitelisted_ConsumesSeparateLicenses" />
    </UnitTest>
    <UnitTest name="Simulate_GracePeriodExpiring_SuccesfullyExpiresHardware_NotWhitelisted" storage="d:\actions-runner\_work\xpco\xpco\corporate\videoos.server.unittests\bin\x64\debug\net472\videoos.server.unittests.dll" id="64926100-3933-f2dd-3dd0-a9d9b3ef7760">
      <TestCategory>
        <TestCategoryItem TestCategory="Licensing" />
      </TestCategory>
      <Execution id="eb08aef4-b84e-4638-b310-81fb339060fc" />
      <TestMethod codeBase="D:\actions-runner\_work\XPCO\XPCO\Corporate\VideoOS.Server.UnitTests\bin\x64\Debug\net472\VideoOS.Server.UnitTests.dll" adapterTypeName="executor://mstestadapter/v2" className="VideoOS.Server.UnitTests.Licensing.LicenseAllocatorChannelTests" name="Simulate_GracePeriodExpiring_SuccesfullyExpiresHardware_NotWhitelisted" />
    </UnitTest>
    <UnitTest name="GetHardwareNetworkSettingsCommandHandler_Execute_EmptyRecorderServiceId_ReturnsFailResponse" storage="d:\actions-runner\_work\xpco\xpco\corporate\videoos.server.unittests\bin\x64\debug\net472\videoos.server.unittests.dll" id="b50a5626-bb3d-0e55-a0ed-bea10bccc2f3">
      <Execution id="8ad935d5-0773-4d22-b372-c9baf7601655" />
      <TestMethod codeBase="D:\actions-runner\_work\XPCO\XPCO\Corporate\VideoOS.Server.UnitTests\bin\x64\Debug\net472\VideoOS.Server.UnitTests.dll" adapterTypeName="executor://mstestadapter/v2" className="VideoOS.Server.UnitTests.CommandHandler.GetHardwareNetworkSettingsCommandHandlerUnitTests" name="GetHardwareNetworkSettingsCommandHandler_Execute_EmptyRecorderServiceId_ReturnsFailResponse" />
    </UnitTest>
    <UnitTest name="GenerateLicenseRequestAsXml_Success_With1DeviceCompletelyDisabledAnd2EnabledCameras_ValidLicenseWithEmptyWhiteList" storage="d:\actions-runner\_work\xpco\xpco\corporate\videoos.server.unittests\bin\x64\debug\net472\videoos.server.unittests.dll" id="0c83eacf-f73a-55e5-c6ed-112644425217">
      <TestCategory>
        <TestCategoryItem TestCategory="Licensing" />
      </TestCategory>
      <Execution id="50a67327-0cb6-4eac-98e9-add2feacb0b6" />
      <TestMethod codeBase="D:\actions-runner\_work\XPCO\XPCO\Corporate\VideoOS.Server.UnitTests\bin\x64\Debug\net472\VideoOS.Server.UnitTests.dll" adapterTypeName="executor://mstestadapter/v2" className="VideoOS.Server.UnitTests.Licensing.LicenseRequestChannelTests" name="GenerateLicenseRequestAsXml_Success_With1DeviceCompletelyDisabledAnd2EnabledCameras_ValidLicenseWithEmptyWhiteList" />
    </UnitTest>
    <UnitTest name="AllocateLicenses_NotActivated_OneDevice_FiveEnabledCameraChannels_LicenseCountFive_FiveInGrace" storage="d:\actions-runner\_work\xpco\xpco\corporate\videoos.server.unittests\bin\x64\debug\net472\videoos.server.unittests.dll" id="0dcc83a8-8546-1d40-f9a8-9df68c4b35fe">
      <TestCategory>
        <TestCategoryItem TestCategory="Licensing" />
      </TestCategory>
      <Execution id="bc184839-6fe6-4d02-a463-61f1dbae92ff" />
      <TestMethod codeBase="D:\actions-runner\_work\XPCO\XPCO\Corporate\VideoOS.Server.UnitTests\bin\x64\Debug\net472\VideoOS.Server.UnitTests.dll" adapterTypeName="executor://mstestadapter/v2" className="VideoOS.Server.UnitTests.Licensing.LicenseAllocatorChannelTests" name="AllocateLicenses_NotActivated_OneDevice_FiveEnabledCameraChannels_LicenseCountFive_FiveInGrace" />
    </UnitTest>
    <UnitTest name="Simulate_DisableChannels_ActivateHardwareAndChannels_AddHardware_EnableChannels_CountsAreCorrect" storage="d:\actions-runner\_work\xpco\xpco\corporate\videoos.server.unittests\bin\x64\debug\net472\videoos.server.unittests.dll" id="bdcd76b9-81f3-1804-35f3-1aa220e4eec0">
      <TestCategory>
        <TestCategoryItem TestCategory="Licensing" />
      </TestCategory>
      <Execution id="11bddb65-816e-4d10-8d48-e70a47d214ef" />
      <TestMethod codeBase="D:\actions-runner\_work\XPCO\XPCO\Corporate\VideoOS.Server.UnitTests\bin\x64\Debug\net472\VideoOS.Server.UnitTests.dll" adapterTypeName="executor://mstestadapter/v2" className="VideoOS.Server.UnitTests.Licensing.LicenseAllocatorChannelTests" name="Simulate_DisableChannels_ActivateHardwareAndChannels_AddHardware_EnableChannels_CountsAreCorrect" />
    </UnitTest>
    <UnitTest name="HardwareInCWANotOnWhiteList_ReplacedWithInheritance_HardwareNotOnWhiteList_NoMoreCWAAllowed_FewerChannelsOnReplacedHardware_NewDevicesInGrace" storage="d:\actions-runner\_work\xpco\xpco\corporate\videoos.server.unittests\bin\x64\debug\net472\videoos.server.unittests.dll" id="fa5d9638-3777-7eb7-1fbe-718511caf2c7">
      <TestCategory>
        <TestCategoryItem TestCategory="Licensing Replace Hardware" />
        <TestCategoryItem TestCategory="Licensing" />
      </TestCategory>
      <Execution id="ce294c91-1fac-4660-9f60-3a79a405c63f" />
      <TestMethod codeBase="D:\actions-runner\_work\XPCO\XPCO\Corporate\VideoOS.Server.UnitTests\bin\x64\Debug\net472\VideoOS.Server.UnitTests.dll" adapterTypeName="executor://mstestadapter/v2" className="VideoOS.Server.UnitTests.Licensing.LicenseAllocatorChannelTests" name="HardwareInCWANotOnWhiteList_ReplacedWithInheritance_HardwareNotOnWhiteList_NoMoreCWAAllowed_FewerChannelsOnReplacedHardware_NewDevicesInGrace" />
    </UnitTest>
    <UnitTest name="ProcessConfigurationChangeTasks_UpdateUpdateUpdate_All_Batched" storage="d:\actions-runner\_work\xpco\xpco\corporate\videoos.server.unittests\bin\x64\debug\net472\videoos.server.unittests.dll" id="40d22751-bcc1-822d-b412-9e2e8029bb57">
      <Execution id="9bca5a14-80d1-415d-8930-d4dcc94544ee" />
      <TestMethod codeBase="D:\actions-runner\_work\XPCO\XPCO\Corporate\VideoOS.Server.UnitTests\bin\x64\Debug\net472\VideoOS.Server.UnitTests.dll" adapterTypeName="executor://mstestadapter/v2" className="VideoOS.Server.UnitTests.Tasks.ServerTaskBatchHandlerUnitTests" name="ProcessConfigurationChangeTasks_UpdateUpdateUpdate_All_Batched" />
    </UnitTest>
    <UnitTest name="CalculateFeeds_Success_EmptyWhiteList_NotInterconnected_TwoDevices" storage="d:\actions-runner\_work\xpco\xpco\corporate\videoos.server.unittests\bin\x64\debug\net472\videoos.server.unittests.dll" id="1a8e2416-64f9-a52a-232d-edfa802cba93">
      <TestCategory>
        <TestCategoryItem TestCategory="Licensing" />
      </TestCategory>
      <Execution id="40b004fa-f076-410a-b178-5dd191a88d81" />
      <TestMethod codeBase="D:\actions-runner\_work\XPCO\XPCO\Corporate\VideoOS.Server.UnitTests\bin\x64\Debug\net472\VideoOS.Server.UnitTests.dll" adapterTypeName="executor://mstestadapter/v2" className="VideoOS.Server.UnitTests.Licensing.LicenseRequestChannelTests" name="CalculateFeeds_Success_EmptyWhiteList_NotInterconnected_TwoDevices" />
    </UnitTest>
  </TestDefinitions>
  <TestEntries>
    <TestEntry testId="771cf6b2-af79-16b4-169c-420ec176256a" executionId="bc6de14d-e8e4-42b8-8380-b2395b41fcfa" testListId="8c84fa94-04c1-424b-9868-57a2d4851a1d" />
    <TestEntry testId="9965772e-c48b-1cb5-0c7b-4b16bf997c70" executionId="70b3da3b-5c5d-4627-bc42-b3a129649658" testListId="8c84fa94-04c1-424b-9868-57a2d4851a1d" />
    <TestEntry testId="a2a89d92-b10c-ab05-ed49-b2582095664e" executionId="b20fe685-4f35-4d45-ad14-100ef0077d83" testListId="8c84fa94-04c1-424b-9868-57a2d4851a1d" />
    <TestEntry testId="5e4152e3-fca3-cf61-8f9e-9b5783341516" executionId="f62d4641-c867-421a-b954-576f6a920296" testListId="8c84fa94-04c1-424b-9868-57a2d4851a1d" />
    <TestEntry testId="25e16dde-f704-9c82-194f-9771acd83015" executionId="929c2f82-1fd7-471f-9c98-5e0ee01ba8ae" testListId="8c84fa94-04c1-424b-9868-57a2d4851a1d" />
    <TestEntry testId="ec76914c-b2be-738f-f4ff-541ff915f7d0" executionId="ad9ad204-c30a-4a07-beab-8a6265384c48" testListId="8c84fa94-04c1-424b-9868-57a2d4851a1d" />
    <TestEntry testId="5396c2c8-6074-1211-7d0e-1298ff50c59b" executionId="013a9b52-20e1-4868-89fa-e6f040ffe5d4" testListId="8c84fa94-04c1-424b-9868-57a2d4851a1d" />
    <TestEntry testId="8bcee521-6a78-3b6c-e064-84949de76b2c" executionId="d74ef927-06c0-4089-8d36-a27956c20849" testListId="8c84fa94-04c1-424b-9868-57a2d4851a1d" />
    <TestEntry testId="22e4cc9e-6a1d-3de4-9202-014788054b67" executionId="511d4470-09db-4d14-887a-30da79bb141a" testListId="8c84fa94-04c1-424b-9868-57a2d4851a1d" />
    <TestEntry testId="fb42af72-5b3a-ca9a-0d50-d4b7f92dd3ae" executionId="43a1ad43-bf24-4054-ac65-5bebcb8fc197" testListId="8c84fa94-04c1-424b-9868-57a2d4851a1d" />
    <TestEntry testId="3396b17e-7d76-0fa4-f8b1-ffc9748f3b30" executionId="cbe53ef7-0b61-4f01-b6ea-8587ad04572f" testListId="8c84fa94-04c1-424b-9868-57a2d4851a1d" />
    <TestEntry testId="87cb965c-9deb-6d96-379b-010b3bf5a5a3" executionId="bc69b688-04c1-4841-a0dd-a909f987dd65" testListId="8c84fa94-04c1-424b-9868-57a2d4851a1d" />
    <TestEntry testId="b916ec91-a230-2e5e-2f2a-8cf3fad793e9" executionId="1936d4b4-c097-497d-b1f5-bf43d086cf61" testListId="8c84fa94-04c1-424b-9868-57a2d4851a1d" />
    <TestEntry testId="3c0e53b5-4edd-2d21-8a2c-cbc960b07f0d" executionId="812f523d-6e06-4a22-82c5-b9acd2bb5665" testListId="8c84fa94-04c1-424b-9868-57a2d4851a1d" />
    <TestEntry testId="937f7ec7-f623-4da3-e7e0-77a290e1c465" executionId="1814dd8d-cc1d-4222-95ea-cc95c63d0eb1" testListId="8c84fa94-04c1-424b-9868-57a2d4851a1d" />
    <TestEntry testId="3bf9fd99-2e55-5c79-c79c-9d7306c62029" executionId="2efdca05-2397-4f23-95c7-93d9ae208da5" testListId="8c84fa94-04c1-424b-9868-57a2d4851a1d" />
    <TestEntry testId="77d928c5-af1e-5f9e-1754-2b8bdc27778b" executionId="48c7f0b9-52f3-4bda-a00c-9f3716d7f17d" testListId="8c84fa94-04c1-424b-9868-57a2d4851a1d" />
    <TestEntry testId="41ce1e90-d937-c616-659c-3c5a81200d9c" executionId="c30ee690-286f-4f4a-a624-0f60fdd93424" testListId="8c84fa94-04c1-424b-9868-57a2d4851a1d" />
    <TestEntry testId="d38d4de2-3b2f-ed9d-2f05-f552e0beab81" executionId="afd7eb33-6c06-463c-8688-39239d9a3f3e" testListId="8c84fa94-04c1-424b-9868-57a2d4851a1d" />
    <TestEntry testId="675e73d1-3945-adc3-d391-6ec467a90be9" executionId="775e1fef-ef52-48dd-90b9-52084b722649" testListId="8c84fa94-04c1-424b-9868-57a2d4851a1d" />
    <TestEntry testId="e220f231-ed56-ebfb-e964-355cefc3364e" executionId="adaee5e9-08f0-4fe2-b9b2-2f93975504e5" testListId="8c84fa94-04c1-424b-9868-57a2d4851a1d" />
    <TestEntry testId="00b7e535-c328-df0b-5946-95df074f4df6" executionId="a3b7f787-e592-445d-9e2b-d958c6c500a6" testListId="8c84fa94-04c1-424b-9868-57a2d4851a1d" />
    <TestEntry testId="56f6c4c3-2604-c015-29ad-92d62b733dfd" executionId="f9279c10-63cc-47e6-8dc9-8e2238e7a5f9" testListId="8c84fa94-04c1-424b-9868-57a2d4851a1d" />
    <TestEntry testId="30b9cd1c-6147-d908-195f-b436e1d3125c" executionId="008b076d-5760-4fa7-b933-617f9abff6c7" testListId="8c84fa94-04c1-424b-9868-57a2d4851a1d" />
    <TestEntry testId="54a61f98-dadf-ebc9-bfa5-32dac879e97d" executionId="9075bc71-4372-40bd-80e1-4cfd7dd705d5" testListId="8c84fa94-04c1-424b-9868-57a2d4851a1d" />
    <TestEntry testId="02ea1c10-2177-d122-01d1-49ecad243c61" executionId="1b1dc3a9-54f7-4d47-8c46-dbf3fb4c6d39" testListId="8c84fa94-04c1-424b-9868-57a2d4851a1d" />
    <TestEntry testId="a4a149a8-4b4a-7cbd-bc8b-aa80ce0e7681" executionId="d7f6deec-b469-414d-bd37-c1ed6673adc2" testListId="8c84fa94-04c1-424b-9868-57a2d4851a1d" />
    <TestEntry testId="45bb0d6d-499f-a93f-8a03-2a3c7204cd4f" executionId="aff23c83-f7c2-4e0c-8394-fbc074f77d14" testListId="8c84fa94-04c1-424b-9868-57a2d4851a1d" />
    <TestEntry testId="609fcd17-7a78-cb18-73bb-afdcf3f32c91" executionId="a8041e90-2fbc-4057-94a6-d46ef72660a5" testListId="8c84fa94-04c1-424b-9868-57a2d4851a1d" />
    <TestEntry testId="737a5b44-9dc1-6629-8af9-d1f1394cdf6c" executionId="0abd6230-5ebb-4ba0-a1a1-10eeafdb9623" testListId="8c84fa94-04c1-424b-9868-57a2d4851a1d" />
    <TestEntry testId="09fa7278-9b62-6495-4bad-626cb7501a7d" executionId="48c055d5-6ad2-4589-941a-11df321cf963" testListId="8c84fa94-04c1-424b-9868-57a2d4851a1d" />
    <TestEntry testId="aa955f07-7424-0771-38cd-0f59873f2121" executionId="87e6e3b5-afe9-4695-b84a-934174429f78" testListId="8c84fa94-04c1-424b-9868-57a2d4851a1d" />
    <TestEntry testId="54cdf181-0879-5493-b490-d28c73c7ac26" executionId="59649391-c27e-4672-8f8f-30338321a170" testListId="8c84fa94-04c1-424b-9868-57a2d4851a1d" />
    <TestEntry testId="80447293-19a9-3855-d079-0aa7d86b9325" executionId="141f5af3-885d-4ead-9f62-4ef6545f0573" testListId="8c84fa94-04c1-424b-9868-57a2d4851a1d" />
    <TestEntry testId="f7076339-e5cf-6e19-d30b-284c92fc046e" executionId="314360c2-d7cb-4eb1-ba7b-5cce3703e451" testListId="8c84fa94-04c1-424b-9868-57a2d4851a1d" />
    <TestEntry testId="cf65519c-4e99-5233-a49b-a042d9e34110" executionId="fd29f6f5-dde0-42f4-84cf-5e98038a3daf" testListId="8c84fa94-04c1-424b-9868-57a2d4851a1d" />
    <TestEntry testId="64965f2c-dba6-85f2-1ef7-cfbde4fa3185" executionId="741fb2f9-d9a8-4aa5-a50a-2d34dc5503d0" testListId="8c84fa94-04c1-424b-9868-57a2d4851a1d" />
    <TestEntry testId="a2dfac76-3130-3e4a-4037-173a8ebe0b66" executionId="2e978511-c6f4-44d9-94f1-3a80ac63513c" testListId="8c84fa94-04c1-424b-9868-57a2d4851a1d" />
    <TestEntry testId="5242d8f5-8368-27b0-73a0-982f5ce04fc4" executionId="fa50e906-59b2-48a8-958b-5ffee0ef37e7" testListId="8c84fa94-04c1-424b-9868-57a2d4851a1d" />
    <TestEntry testId="11bbd187-a013-ec78-8284-a04f21b4c1f1" executionId="e16860f1-6c59-4c61-9697-c842a5438381" testListId="8c84fa94-04c1-424b-9868-57a2d4851a1d" />
    <TestEntry testId="d5fb2644-d797-3a4e-6531-1a75c8d65408" executionId="5ecc837e-6953-439f-b4d0-7f3232b3693e" testListId="8c84fa94-04c1-424b-9868-57a2d4851a1d" />
    <TestEntry testId="c0f145c0-e6f0-d20f-96c8-75e1892a7c37" executionId="eb137cd9-44ea-4761-893e-0aabe8694737" testListId="8c84fa94-04c1-424b-9868-57a2d4851a1d" />
    <TestEntry testId="41730602-a58b-43be-f26e-9fd96241238a" executionId="880f0375-d4d0-4168-9403-c9168f7e0a2d" testListId="8c84fa94-04c1-424b-9868-57a2d4851a1d" />
    <TestEntry testId="0bf4a15d-d39a-a458-74c3-f982f50b20bc" executionId="3ae6a537-c1f6-4cd5-bd7a-d5d4bb896bd7" testListId="8c84fa94-04c1-424b-9868-57a2d4851a1d" />
    <TestEntry testId="9497f287-fca6-cbcb-6286-4ae81982a46d" executionId="36974b5c-1d12-47d9-86dd-309d91e403a9" testListId="8c84fa94-04c1-424b-9868-57a2d4851a1d" />
    <TestEntry testId="4c0bc591-f9bc-3020-eca2-2051fea13486" executionId="67a8cbf9-224c-4552-a11e-ca87171a2ce1" testListId="8c84fa94-04c1-424b-9868-57a2d4851a1d" />
    <TestEntry testId="2b8fcca8-4ff4-62b3-63bc-a8f951917cd2" executionId="5b4e5163-0726-45e0-8208-e927cc227768" testListId="8c84fa94-04c1-424b-9868-57a2d4851a1d" />
    <TestEntry testId="4144b2ea-a666-09c1-ca76-3c77a8157cad" executionId="46285e13-4d36-4773-bc2c-10e7b8e0e911" testListId="8c84fa94-04c1-424b-9868-57a2d4851a1d" />
    <TestEntry testId="9597e03f-fc9f-2f7d-d32b-34373140ac59" executionId="810f6dfe-e469-4d11-b477-e9d1d0f0ddbf" testListId="8c84fa94-04c1-424b-9868-57a2d4851a1d" />
    <TestEntry testId="e4eb4c96-1f3c-80dd-4275-26175f599f46" executionId="972696b9-2289-4ba8-8ae4-9037723e345a" testListId="8c84fa94-04c1-424b-9868-57a2d4851a1d" />
    <TestEntry testId="b91d1d26-a0b1-2ee2-8015-069f2388c8c9" executionId="4b739d59-7544-4ec1-8020-83b2a9c7cff5" testListId="8c84fa94-04c1-424b-9868-57a2d4851a1d" />
    <TestEntry testId="f99da047-6c28-65f2-2cd6-bc6e29c618aa" executionId="de848a0d-5908-4b16-b1be-9e209514c2d5" testListId="8c84fa94-04c1-424b-9868-57a2d4851a1d" />
    <TestEntry testId="6c5ecedb-b43e-7486-b59e-580142222e3e" executionId="0bc0edc2-66ed-4281-9942-da004cdfdb6a" testListId="8c84fa94-04c1-424b-9868-57a2d4851a1d" />
    <TestEntry testId="94f4fb79-741c-399b-6815-4f1e57683cfb" executionId="3b90ea48-07cf-4205-acc0-8d6d50a6ced5" testListId="8c84fa94-04c1-424b-9868-57a2d4851a1d" />
    <TestEntry testId="69e8fd5f-67a2-ab17-7dea-912fb2f94aa3" executionId="e006115f-2004-4fb7-9891-c81e54f1edf6" testListId="8c84fa94-04c1-424b-9868-57a2d4851a1d" />
    <TestEntry testId="0d25d40d-d1aa-dcd2-9ff9-14f41134f43c" executionId="6cb5f02e-f3c0-41fd-8129-f2be85a8c63b" testListId="8c84fa94-04c1-424b-9868-57a2d4851a1d" />
    <TestEntry testId="66f40d0c-4c23-d10b-afaf-5fe3e22726d9" executionId="86ff7e77-543a-49d5-9630-92187a347cd7" testListId="8c84fa94-04c1-424b-9868-57a2d4851a1d" />
    <TestEntry testId="c93b3e42-de25-38a6-5d2b-084c952be414" executionId="41ec22f2-23b5-4784-aa13-d746e8f23c70" testListId="8c84fa94-04c1-424b-9868-57a2d4851a1d" />
    <TestEntry testId="9cb65c54-10b7-6be6-1f38-fad266ba3e96" executionId="88df7243-229e-48a6-a493-98e1da50ab08" testListId="8c84fa94-04c1-424b-9868-57a2d4851a1d" />
    <TestEntry testId="26717f0a-fca2-67d0-37db-c3f8b1a939fe" executionId="1e589723-2c87-4a67-af3c-28f182d0d9e9" testListId="8c84fa94-04c1-424b-9868-57a2d4851a1d" />
    <TestEntry testId="1ebd1dbb-071d-708f-e374-58e308fd7a7d" executionId="6997a9fe-5b67-48b3-bb0f-703478b1ef60" testListId="8c84fa94-04c1-424b-9868-57a2d4851a1d" />
    <TestEntry testId="e3a6e1d5-d4dd-9a82-8ece-754e711a2f9b" executionId="b3e617fd-c8e0-43bb-88aa-7329e2924fc0" testListId="8c84fa94-04c1-424b-9868-57a2d4851a1d" />
    <TestEntry testId="ce3c136b-6594-eb63-9e80-abbbccea4d6e" executionId="26ae9929-9df2-4f73-9d2f-fcc154429b56" testListId="8c84fa94-04c1-424b-9868-57a2d4851a1d" />
    <TestEntry testId="27765c3e-f7a5-6619-62ae-59e218515121" executionId="3ebe750d-a135-4963-a9e2-1dee1fe066d1" testListId="8c84fa94-04c1-424b-9868-57a2d4851a1d" />
    <TestEntry testId="3bbcc241-05a1-26d1-f42f-481535a2e59b" executionId="a8a3f329-35c0-4304-b1b8-561a9ff6cf6d" testListId="8c84fa94-04c1-424b-9868-57a2d4851a1d" />
    <TestEntry testId="cc30a5ef-59d0-2f76-5006-56864e18c145" executionId="1549a5e2-aaf2-451a-936d-239c65d171db" testListId="8c84fa94-04c1-424b-9868-57a2d4851a1d" />
    <TestEntry testId="b447d6e1-0886-4836-f5c4-a0d3266ea115" executionId="380f1605-9e5f-4592-aba7-8d46fa3413f7" testListId="8c84fa94-04c1-424b-9868-57a2d4851a1d" />
    <TestEntry testId="907efd45-d2e0-1d11-fdb2-9915a1d00c6d" executionId="088af5b8-1684-426f-9554-b206213091ee" testListId="8c84fa94-04c1-424b-9868-57a2d4851a1d" />
    <TestEntry testId="0d7e3425-dd9c-d970-e740-d984aa731a8c" executionId="5aebf51c-7334-49ce-b93d-60fe17bf0586" testListId="8c84fa94-04c1-424b-9868-57a2d4851a1d" />
    <TestEntry testId="228df2e2-11df-46d9-280e-d46a319f683b" executionId="37359095-132c-408c-b9a7-3c842fc9a0b8" testListId="8c84fa94-04c1-424b-9868-57a2d4851a1d" />
    <TestEntry testId="0530c07e-bb9b-b2d6-8cb2-b1e299d0c41d" executionId="430f9a6b-e07a-47ec-948d-3dc12b9202de" testListId="8c84fa94-04c1-424b-9868-57a2d4851a1d" />
    <TestEntry testId="83a331b3-f90d-f07e-fa30-807969658030" executionId="5d29f6b5-3a27-4600-b126-882188537ed8" testListId="8c84fa94-04c1-424b-9868-57a2d4851a1d" />
    <TestEntry testId="486ff2e7-4ec1-c118-0fbd-3ce64d86652d" executionId="e8f312fd-4eef-4397-92f2-6eba09fcfcbd" testListId="8c84fa94-04c1-424b-9868-57a2d4851a1d" />
    <TestEntry testId="a8d95712-086e-4490-ce81-136530aa2d77" executionId="3b5b1d81-01d7-482a-8e18-5f89cfd5d83c" testListId="8c84fa94-04c1-424b-9868-57a2d4851a1d" />
    <TestEntry testId="1fa2fbb8-2a8b-5927-1669-f04f3629060e" executionId="7ed19dde-5848-40cb-8c28-31ad3f57603c" testListId="8c84fa94-04c1-424b-9868-57a2d4851a1d" />
    <TestEntry testId="0d22ba9f-9f62-fdbc-1b77-4d9887657d8a" executionId="1ee222a6-f3d0-4318-ba3b-f4c42b5dc4a7" testListId="8c84fa94-04c1-424b-9868-57a2d4851a1d" />
    <TestEntry testId="a130a927-6b59-18c0-ec6f-96c3fadbcb3d" executionId="0d6e19ac-3dc1-4381-8fe2-44cd2c17f7cf" testListId="8c84fa94-04c1-424b-9868-57a2d4851a1d" />
    <TestEntry testId="88c1f49e-afd8-32ac-a7cb-3ffedb7fc25a" executionId="c8f2ff14-f7f5-4b39-aa6d-c6b2ce398eb5" testListId="8c84fa94-04c1-424b-9868-57a2d4851a1d" />
    <TestEntry testId="c4f124bd-72f7-5c60-a168-23fdc3119cac" executionId="b01b008c-ba52-44fa-90ea-7604dafa97e8" testListId="8c84fa94-04c1-424b-9868-57a2d4851a1d" />
    <TestEntry testId="1389943b-4293-d76b-fe95-fad83a372c2c" executionId="5ad064b3-2ac1-49ec-8ba4-9e3b911ce9c8" testListId="8c84fa94-04c1-424b-9868-57a2d4851a1d" />
    <TestEntry testId="154ae2d8-7e3d-3d32-aa1a-eb39b3ef8236" executionId="6eba379a-4d3d-452c-8b0a-ace111af8ff6" testListId="8c84fa94-04c1-424b-9868-57a2d4851a1d" />
    <TestEntry testId="52f5ee09-605d-194f-6798-1813db13a786" executionId="ac97bbc8-b629-4525-806a-10c8f373a9a2" testListId="8c84fa94-04c1-424b-9868-57a2d4851a1d" />
    <TestEntry testId="01476c0e-d177-4299-4cf9-aeafa6eab623" executionId="8dcbc37b-a1d0-47b2-9a52-d5128cffc687" testListId="8c84fa94-04c1-424b-9868-57a2d4851a1d" />
    <TestEntry testId="d0a6b9a5-facf-84c8-5ec8-159e3f74ddcf" executionId="e22c77ba-f931-47ed-b7e0-f742074632b9" testListId="8c84fa94-04c1-424b-9868-57a2d4851a1d" />
    <TestEntry testId="e9119cfc-3c5c-fe36-feac-3d5dd77582ef" executionId="6442fc8c-e07b-4a59-ac11-bab4d4579af2" testListId="8c84fa94-04c1-424b-9868-57a2d4851a1d" />
    <TestEntry testId="52ab0249-26ba-cc96-610d-17f6ffa468ae" executionId="0fa51a5c-a2e8-45d3-8409-5da4d4e56e06" testListId="8c84fa94-04c1-424b-9868-57a2d4851a1d" />
    <TestEntry testId="bdf8315c-0866-8394-822f-43fe7126a554" executionId="0933e335-e61d-4a2a-862a-db05b776c528" testListId="8c84fa94-04c1-424b-9868-57a2d4851a1d" />
    <TestEntry testId="8000bae8-948f-0b0f-0c32-0094fdf7892e" executionId="1ea97898-ff27-409d-b99b-ca346b714316" testListId="8c84fa94-04c1-424b-9868-57a2d4851a1d" />
    <TestEntry testId="aa54e5c8-4842-fdf7-6d33-fe6b056034b3" executionId="c627af2a-25a2-4595-bf7a-0f2c8855f337" testListId="8c84fa94-04c1-424b-9868-57a2d4851a1d" />
    <TestEntry testId="3a6b696a-422d-5ee1-5380-e7ef5428f6b9" executionId="5da76a59-2442-48fd-a421-93113f08f22e" testListId="8c84fa94-04c1-424b-9868-57a2d4851a1d" />
    <TestEntry testId="88cee1e3-316a-246b-d5dc-e5d127ebe5a2" executionId="9945d737-d7c0-4c76-b647-cd86232c1df1" testListId="8c84fa94-04c1-424b-9868-57a2d4851a1d" />
    <TestEntry testId="32876b14-7506-d499-7fa0-d1216c75f74e" executionId="8aa079b4-e710-4332-93a4-89a88e9cd31b" testListId="8c84fa94-04c1-424b-9868-57a2d4851a1d" />
    <TestEntry testId="bf05db17-5f5c-4702-b962-dc4ccec0ed03" executionId="ba921e58-5c87-4c04-a587-ba2757e0b059" testListId="8c84fa94-04c1-424b-9868-57a2d4851a1d" />
    <TestEntry testId="4bdf24b4-1027-686b-e618-9c02ba4de6ac" executionId="8168ba66-20f5-4b55-9eb6-0c92cdf5c628" testListId="8c84fa94-04c1-424b-9868-57a2d4851a1d" />
    <TestEntry testId="d93c83d3-61a9-d402-ddff-92f91c7aff97" executionId="60dd6da7-34a7-46c9-9179-ae36328ebaa6" testListId="8c84fa94-04c1-424b-9868-57a2d4851a1d" />
    <TestEntry testId="4b6d3c32-4c2d-4074-3049-382f11a02e0b" executionId="14a1878d-de23-4d0e-b894-a3cf93c07662" testListId="8c84fa94-04c1-424b-9868-57a2d4851a1d" />
    <TestEntry testId="603733f6-30ea-cd8a-b333-184e6306073f" executionId="a122971b-2621-41fa-b7bb-ed319cd6d1de" testListId="8c84fa94-04c1-424b-9868-57a2d4851a1d" />
    <TestEntry testId="3a20ed6d-4869-56be-fcee-5307650ce610" executionId="caf85e2c-d7c8-408b-bd62-0347c76a8093" testListId="8c84fa94-04c1-424b-9868-57a2d4851a1d" />
    <TestEntry testId="b6447419-d3ce-88c2-51be-0e733819fcc3" executionId="4ceb9340-8d3f-4e4e-8e45-86987b7c1260" testListId="8c84fa94-04c1-424b-9868-57a2d4851a1d" />
    <TestEntry testId="22ed3e7b-bfad-787a-270a-197e0d35f24e" executionId="ac7ff89d-c30c-4c63-b09a-df16abba8754" testListId="8c84fa94-04c1-424b-9868-57a2d4851a1d" />
    <TestEntry testId="4378be0e-b6ea-dc40-1074-00248688d200" executionId="15b079d9-47f2-4cb0-9154-850ae1c06693" testListId="8c84fa94-04c1-424b-9868-57a2d4851a1d" />
    <TestEntry testId="5994f77d-673d-79cd-db25-c0fac05603a0" executionId="6d3e241d-b208-442a-bd9d-9f23948ddc26" testListId="8c84fa94-04c1-424b-9868-57a2d4851a1d" />
    <TestEntry testId="2f87be75-276d-5f8b-8ad2-6536e89b23ad" executionId="028e7e10-a229-40c2-a8a8-b589410a3041" testListId="8c84fa94-04c1-424b-9868-57a2d4851a1d" />
    <TestEntry testId="13dde9b8-bbe7-671f-4c15-4cc07813093b" executionId="ab08005a-fbe8-4ea6-992b-1d800770fff6" testListId="8c84fa94-04c1-424b-9868-57a2d4851a1d" />
    <TestEntry testId="9c6ac5b2-1986-9ad5-3899-82514a276561" executionId="be93ae56-37a4-4e26-ac2f-c99198d91c90" testListId="8c84fa94-04c1-424b-9868-57a2d4851a1d" />
    <TestEntry testId="3be8f4b9-d8e8-e7bf-f2a6-d145ffb179a0" executionId="9890520f-8686-427f-b292-659bc9d4f143" testListId="8c84fa94-04c1-424b-9868-57a2d4851a1d" />
    <TestEntry testId="b2f60de8-b346-fdf9-57cb-eefc4dabd6ec" executionId="3946a6b8-8434-407c-98d8-b81688480907" testListId="8c84fa94-04c1-424b-9868-57a2d4851a1d" />
    <TestEntry testId="ef98307e-e332-24fb-e960-16fa4b8c11bc" executionId="adbee7b3-f6ba-4968-8eba-e16793a04aee" testListId="8c84fa94-04c1-424b-9868-57a2d4851a1d" />
    <TestEntry testId="421fb43f-22dc-3119-8b0a-975866a1028c" executionId="5d855784-1062-4b02-b5d4-d7fe60a945ae" testListId="8c84fa94-04c1-424b-9868-57a2d4851a1d" />
    <TestEntry testId="901a68aa-7787-c851-1b49-e53cb2749abf" executionId="6e1f851f-9b83-4f5b-a1f6-6040c0f4d5ba" testListId="8c84fa94-04c1-424b-9868-57a2d4851a1d" />
    <TestEntry testId="629bb24f-6cf3-8a21-f229-a005d9404e46" executionId="71e678ef-26bb-49fa-90de-a63d01a345af" testListId="8c84fa94-04c1-424b-9868-57a2d4851a1d" />
    <TestEntry testId="216eb622-996e-3dd1-fa4a-9ff72cc211bf" executionId="e24a8712-50d3-4c02-b3f1-835a07c79cf7" testListId="8c84fa94-04c1-424b-9868-57a2d4851a1d" />
    <TestEntry testId="20e55c18-53a2-de97-9c7c-7be4bc3878be" executionId="f43cea40-0f24-4ae4-8ec6-6252b7b69023" testListId="8c84fa94-04c1-424b-9868-57a2d4851a1d" />
    <TestEntry testId="f5dfafa0-a1b3-9bb5-02eb-b8571a3c70a5" executionId="9c7ceeab-3335-4d15-bb81-54d24abbb94e" testListId="8c84fa94-04c1-424b-9868-57a2d4851a1d" />
    <TestEntry testId="52c0ab65-e1f5-1853-43a3-02e5f831ed28" executionId="6a2e494c-bb61-4f16-a521-289b29f92d87" testListId="8c84fa94-04c1-424b-9868-57a2d4851a1d" />
    <TestEntry testId="fc08aca4-7adf-3c9b-7a36-f0888daf70b8" executionId="3851ac06-c36b-43d4-83e3-b18d7568cc34" testListId="8c84fa94-04c1-424b-9868-57a2d4851a1d" />
    <TestEntry testId="426a626f-f337-b0a2-711d-d411188afc7d" executionId="cfd3e5a4-ca26-47ab-9c31-c69273888fc1" testListId="8c84fa94-04c1-424b-9868-57a2d4851a1d" />
    <TestEntry testId="5587b530-a160-aaf8-5514-63c972d7eb37" executionId="4f12572e-5bb8-45ca-ba99-1942e96f7156" testListId="8c84fa94-04c1-424b-9868-57a2d4851a1d" />
    <TestEntry testId="8402c0e3-b6c7-2078-2393-e75d1e1013c0" executionId="d9d82e7a-a799-4c1c-be3a-22558b5d9a05" testListId="8c84fa94-04c1-424b-9868-57a2d4851a1d" />
    <TestEntry testId="e55c72c3-3747-9285-e55b-eaba84acd6bb" executionId="b06b2a43-eb67-4cbe-b75d-80ae8105f61b" testListId="8c84fa94-04c1-424b-9868-57a2d4851a1d" />
    <TestEntry testId="6bd5b1f8-f899-7ea6-5da0-57f14ba99ccc" executionId="66ce1d71-836f-4706-bcba-5c654e48ef01" testListId="8c84fa94-04c1-424b-9868-57a2d4851a1d" />
    <TestEntry testId="d50f9ca3-b3cf-636c-b4c2-526896010b2a" executionId="b82ffe20-1efe-44f0-acbb-50dc61d6ba08" testListId="8c84fa94-04c1-424b-9868-57a2d4851a1d" />
    <TestEntry testId="35fe1dca-2f94-08b8-6459-0442542f526e" executionId="28d9f525-36f8-40e4-bf34-9582f10477b4" testListId="8c84fa94-04c1-424b-9868-57a2d4851a1d" />
    <TestEntry testId="6e365ffd-7cd6-2155-302c-116777d6078a" executionId="8e0e1b69-a373-486b-96bf-8d3f59654505" testListId="8c84fa94-04c1-424b-9868-57a2d4851a1d" />
    <TestEntry testId="dfa05749-3f41-1990-642d-87f7f0ef5bf7" executionId="2fa2c442-3588-4e1d-a789-928e6490616e" testListId="8c84fa94-04c1-424b-9868-57a2d4851a1d" />
    <TestEntry testId="6085aa4f-8ca0-af22-f1de-7c679d2332fb" executionId="16d7722e-bed1-4eb2-95e9-d79bf08cc31a" testListId="8c84fa94-04c1-424b-9868-57a2d4851a1d" />
    <TestEntry testId="6b29d7a2-aa0e-5535-a006-1187f35912c4" executionId="bc708ec6-d367-4b45-b78a-0e8af6d2cd7f" testListId="8c84fa94-04c1-424b-9868-57a2d4851a1d" />
    <TestEntry testId="bfdadc3c-37bb-0ffa-7e83-c4c3b6dca485" executionId="420163fa-1a01-4c27-9afc-7aab23fb309e" testListId="8c84fa94-04c1-424b-9868-57a2d4851a1d" />
    <TestEntry testId="e6811246-bbd2-f90b-6c77-9e70a20e3b20" executionId="adb1a135-309b-471e-af8d-fc505b9ef2e7" testListId="8c84fa94-04c1-424b-9868-57a2d4851a1d" />
    <TestEntry testId="cc08e950-8ecb-5d66-b17d-66c1b10f4d28" executionId="873a6196-8e8f-4e87-a547-2a4e3f734bc0" testListId="8c84fa94-04c1-424b-9868-57a2d4851a1d" />
    <TestEntry testId="65d20a92-4d98-d428-9f1a-926b24f88e67" executionId="c76a0f90-bfc3-48f9-879f-0ccfb563c755" testListId="8c84fa94-04c1-424b-9868-57a2d4851a1d" />
    <TestEntry testId="b3d6dfb1-c90a-f7a8-257d-c548fecb026b" executionId="8dc78f24-874b-4de4-85ed-a6eab629e5c5" testListId="8c84fa94-04c1-424b-9868-57a2d4851a1d" />
    <TestEntry testId="4bce812a-4918-86c6-8b3b-eb1449713531" executionId="ceeb24cf-7a20-455a-8b85-b34517a66abd" testListId="8c84fa94-04c1-424b-9868-57a2d4851a1d" />
    <TestEntry testId="8a421678-ea17-08c5-7f74-f5f0fa3d8820" executionId="02625237-a110-48c8-885a-aa48d32e2153" testListId="8c84fa94-04c1-424b-9868-57a2d4851a1d" />
    <TestEntry testId="943d231e-70f8-ceaa-0060-065fafdfea23" executionId="9b4d3aca-7b78-4dce-bb8b-b6a22dcc12a2" testListId="8c84fa94-04c1-424b-9868-57a2d4851a1d" />
    <TestEntry testId="6699914d-cf53-e9b3-e712-5eb151f64c53" executionId="6196eff5-a426-4b5b-a5a0-2109f8de1696" testListId="8c84fa94-04c1-424b-9868-57a2d4851a1d" />
    <TestEntry testId="4ce356b1-833a-a919-32db-7ded81a981f9" executionId="16bfc451-cab9-4300-af68-877050be5a74" testListId="8c84fa94-04c1-424b-9868-57a2d4851a1d" />
    <TestEntry testId="c8afef79-65b0-1683-4cbc-9b83cadd0fef" executionId="93915909-1601-4db0-bb33-be057b80be60" testListId="8c84fa94-04c1-424b-9868-57a2d4851a1d" />
    <TestEntry testId="71de4ac0-9031-ba04-0c57-40401b810912" executionId="e6e63d29-1fce-4780-b6f5-22f60d04a049" testListId="8c84fa94-04c1-424b-9868-57a2d4851a1d" />
    <TestEntry testId="d3e7b745-fba1-99e9-2577-7f83368c489c" executionId="b7295e7d-db35-49cf-9efd-1d89addd1352" testListId="8c84fa94-04c1-424b-9868-57a2d4851a1d" />
    <TestEntry testId="0124a6f9-08ac-d872-38e7-fc6c4d6e0a01" executionId="789e99d6-3468-43f7-990c-a28d0977c93c" testListId="8c84fa94-04c1-424b-9868-57a2d4851a1d" />
    <TestEntry testId="7c8cb038-7e94-7f42-de87-be4e137d2449" executionId="26a75172-5f12-4c10-a285-2ec31f01a092" testListId="8c84fa94-04c1-424b-9868-57a2d4851a1d" />
    <TestEntry testId="d1cedfa6-3d69-8af4-742b-10c2d29f60b0" executionId="028abeb4-a3f2-4a48-a669-a7efe57d7190" testListId="8c84fa94-04c1-424b-9868-57a2d4851a1d" />
    <TestEntry testId="d0f0983a-faa8-8216-a397-86e0a0891d1b" executionId="3b8f3058-aec2-4302-bf5a-d6eda8c75b4b" testListId="8c84fa94-04c1-424b-9868-57a2d4851a1d" />
    <TestEntry testId="c97290e4-269e-652d-16ee-10a9916c872c" executionId="ed8c1f5d-95a1-462c-beb9-a0b4a34fd22c" testListId="8c84fa94-04c1-424b-9868-57a2d4851a1d" />
    <TestEntry testId="52ae5aec-9df8-776c-3d9e-043bf189964e" executionId="ce92b2b3-de17-411a-885e-8dbf28340807" testListId="8c84fa94-04c1-424b-9868-57a2d4851a1d" />
    <TestEntry testId="d174d9ab-5f04-f35d-71e6-14ba0870789b" executionId="31db617c-1bdd-42d6-896e-8e1acd904e19" testListId="8c84fa94-04c1-424b-9868-57a2d4851a1d" />
    <TestEntry testId="8506cb6c-8938-173e-a9b6-87ebf73ac192" executionId="b096212b-cbe4-40ad-8bff-eb0508f473f6" testListId="8c84fa94-04c1-424b-9868-57a2d4851a1d" />
    <TestEntry testId="46c74980-8a1e-d86d-57a7-e63c9b00729d" executionId="8eebc9b2-dc8c-4c32-9a1b-c55b5a78d6e6" testListId="8c84fa94-04c1-424b-9868-57a2d4851a1d" />
    <TestEntry testId="9686328b-869b-3d6e-7e6c-81be6a7d864b" executionId="0e84f857-4978-49ed-86f3-e19edf50a32f" testListId="8c84fa94-04c1-424b-9868-57a2d4851a1d" />
    <TestEntry testId="b566d2d3-171b-83da-eaa9-a57989214de3" executionId="50786fb3-c9fa-4fff-804d-1aa917dce1e8" testListId="8c84fa94-04c1-424b-9868-57a2d4851a1d" />
    <TestEntry testId="6822bf18-105f-77ff-8eac-b0428e8c9310" executionId="da13130d-8b8a-4455-9ae5-c5e04a695344" testListId="8c84fa94-04c1-424b-9868-57a2d4851a1d" />
    <TestEntry testId="544a4964-32de-20f8-1685-514d0b05fbbf" executionId="cdabe6e9-1b47-4c46-9d60-2c03d9758b53" testListId="8c84fa94-04c1-424b-9868-57a2d4851a1d" />
    <TestEntry testId="06d666ec-6a35-dae8-af59-087f0d776742" executionId="9c33e8e1-64a0-4b3c-94f7-85842c8180d8" testListId="8c84fa94-04c1-424b-9868-57a2d4851a1d" />
    <TestEntry testId="f793553c-5e8d-2585-ec4b-6c1aa03e7866" executionId="225e7462-e2b5-4220-836f-7be759d07725" testListId="8c84fa94-04c1-424b-9868-57a2d4851a1d" />
    <TestEntry testId="28e7a5d1-8f44-1572-7795-74ddeb231fc9" executionId="b9858d09-fab0-491e-a291-0d81b6566db2" testListId="8c84fa94-04c1-424b-9868-57a2d4851a1d" />
    <TestEntry testId="cf929bea-dbe0-dc86-944b-cf85676b735a" executionId="b4fb7d07-47ff-4aab-bcce-30b575954514" testListId="8c84fa94-04c1-424b-9868-57a2d4851a1d" />
    <TestEntry testId="a25814f3-d627-807b-5776-fa66c12c734e" executionId="28d27897-1e36-4698-95e3-9761fd429fe2" testListId="8c84fa94-04c1-424b-9868-57a2d4851a1d" />
    <TestEntry testId="148b85b3-208e-ea02-a66c-09452fde8ac2" executionId="c16a811e-5fd7-41a9-b17c-6ef8fa144e08" testListId="8c84fa94-04c1-424b-9868-57a2d4851a1d" />
    <TestEntry testId="16f28a98-6694-f574-09da-c04c7b04a14c" executionId="120e083e-7fdf-44b0-8b97-6249cb107aa3" testListId="8c84fa94-04c1-424b-9868-57a2d4851a1d" />
    <TestEntry testId="21d94a4c-564b-6c81-53a1-9ad6328e5a7b" executionId="f20cc823-f3ad-4bf8-839d-22e061d9d149" testListId="8c84fa94-04c1-424b-9868-57a2d4851a1d" />
    <TestEntry testId="c7b41a4b-c669-1d15-4cb5-99bfc39f192e" executionId="0865a468-7b3c-482d-9975-59e8150ffd31" testListId="8c84fa94-04c1-424b-9868-57a2d4851a1d" />
    <TestEntry testId="c8fe61a4-ad9e-b6e6-7de6-b3695545935e" executionId="83345815-6b6c-4fbb-ac5c-dbeecae17b26" testListId="8c84fa94-04c1-424b-9868-57a2d4851a1d" />
    <TestEntry testId="2996350e-0593-3b86-206c-e0e20a3e8620" executionId="c03a61f4-3364-4182-9177-2b5ebf44065a" testListId="8c84fa94-04c1-424b-9868-57a2d4851a1d" />
    <TestEntry testId="1eedc3ae-bd7e-7fcf-32b0-3aa7620ae920" executionId="08b1ecb5-6fa1-4959-86a4-a8a5c402a3db" testListId="8c84fa94-04c1-424b-9868-57a2d4851a1d" />
    <TestEntry testId="b2a8fa97-d944-2ec8-2d6e-5ded43c50e24" executionId="c02c9241-7049-43ef-98dd-1571136b0125" testListId="8c84fa94-04c1-424b-9868-57a2d4851a1d" />
    <TestEntry testId="4907f04c-b529-3215-1c18-a5d92d0dd57d" executionId="47e2d83f-e49c-43bc-82cc-7dc52d67d1a1" testListId="8c84fa94-04c1-424b-9868-57a2d4851a1d" />
    <TestEntry testId="95000700-54cd-aa4b-5aca-fefb237bd275" executionId="551300ae-fc3a-467c-9899-a7a9715763ac" testListId="8c84fa94-04c1-424b-9868-57a2d4851a1d" />
    <TestEntry testId="6b975322-8492-fc70-99f0-bd37649983f1" executionId="513e2523-c266-4e1d-9b94-399dfd8926f7" testListId="8c84fa94-04c1-424b-9868-57a2d4851a1d" />
    <TestEntry testId="4bac4ec9-6d51-14f7-9d28-3cf86c72f2dc" executionId="fb67f1f1-5b4e-4b6c-8fef-bda8375e5a29" testListId="8c84fa94-04c1-424b-9868-57a2d4851a1d" />
    <TestEntry testId="431c62db-9a6d-a27c-7f10-f5fa40a81866" executionId="d3a4c97d-0f2a-49a8-ab5d-c445508f79d7" testListId="8c84fa94-04c1-424b-9868-57a2d4851a1d" />
    <TestEntry testId="e44fafea-f50e-d18a-def7-a264dfd08a2a" executionId="2f4500d4-f92a-4706-9a01-30a83e41b5d2" testListId="8c84fa94-04c1-424b-9868-57a2d4851a1d" />
    <TestEntry testId="634a7857-4161-c208-2b7c-4392dc6f68a9" executionId="c373af95-ba71-49cb-a675-197b528632c4" testListId="8c84fa94-04c1-424b-9868-57a2d4851a1d" />
    <TestEntry testId="472e139f-f058-76a7-efaa-3690607ea4ee" executionId="01e598fc-6f8a-4b39-b6e6-7f4137ec4bf8" testListId="8c84fa94-04c1-424b-9868-57a2d4851a1d" />
    <TestEntry testId="38ca6103-72ab-8c78-9edf-28931b86d13c" executionId="d2acffd8-6c5e-4e10-872f-5c4cf1af5df9" testListId="8c84fa94-04c1-424b-9868-57a2d4851a1d" />
    <TestEntry testId="d6d61d68-433a-498f-6484-e644581b7e25" executionId="0a973038-2892-4ffb-9d60-4505fdab6f12" testListId="8c84fa94-04c1-424b-9868-57a2d4851a1d" />
    <TestEntry testId="d845b233-ac5e-a167-2fe4-a3b1d9f6146c" executionId="90988ad7-1653-43c6-8b38-9c5490543adf" testListId="8c84fa94-04c1-424b-9868-57a2d4851a1d" />
    <TestEntry testId="d8163710-1b5a-3346-13fe-885c38e1ff86" executionId="c911111a-7eda-404c-969b-5d42d619007b" testListId="8c84fa94-04c1-424b-9868-57a2d4851a1d" />
    <TestEntry testId="dcfd8f0d-745d-ff66-5f0e-7d5891999256" executionId="b025b167-7630-42e2-be3b-6ca047b15a61" testListId="8c84fa94-04c1-424b-9868-57a2d4851a1d" />
    <TestEntry testId="72c070c1-f7a1-048d-ac24-be0b04f5eb09" executionId="6e6cc7e1-893c-4646-b963-07db87e05ad7" testListId="8c84fa94-04c1-424b-9868-57a2d4851a1d" />
    <TestEntry testId="74525c1f-6ef5-b5b3-beab-b61e35c5c5b8" executionId="6e364cea-bce6-414f-9ece-4ba73b19872b" testListId="8c84fa94-04c1-424b-9868-57a2d4851a1d" />
    <TestEntry testId="b74e57f7-d221-4f98-4319-b83e29d3b4e6" executionId="566dc54f-15b7-4cca-8418-193e80e210c2" testListId="8c84fa94-04c1-424b-9868-57a2d4851a1d" />
    <TestEntry testId="05b6e2a1-5d8b-3f06-4e0d-a13dcae334b4" executionId="53db9a8f-3673-4824-ab41-d372a4839bef" testListId="8c84fa94-04c1-424b-9868-57a2d4851a1d" />
    <TestEntry testId="69d44fc1-6454-736a-bf3f-fdd30c9d22ff" executionId="864e612c-d4e3-4910-bb2a-f036a1458f68" testListId="8c84fa94-04c1-424b-9868-57a2d4851a1d" />
    <TestEntry testId="3c3a8b3c-f23e-98b9-ce54-bfddf396efb3" executionId="06b5b8af-dfc0-4d49-b035-c2c62ce00dd3" testListId="8c84fa94-04c1-424b-9868-57a2d4851a1d" />
    <TestEntry testId="84086de1-0de3-51f6-6e64-d0bd856fd624" executionId="ca2e25d2-2414-4912-9fb4-46fe85de61cb" testListId="8c84fa94-04c1-424b-9868-57a2d4851a1d" />
    <TestEntry testId="0d6becca-218f-16e5-ffd9-bb1f5b0e54e6" executionId="a38da2ed-def7-4436-90af-3a69ef56c97a" testListId="8c84fa94-04c1-424b-9868-57a2d4851a1d" />
    <TestEntry testId="e856be50-0a89-d114-dc11-291c110df1d7" executionId="0f7e790a-758a-40bb-bf9f-f68038471362" testListId="8c84fa94-04c1-424b-9868-57a2d4851a1d" />
    <TestEntry testId="3d67bfa7-0477-e2e1-e723-7a48cdf889a9" executionId="75290997-4e09-4ad0-ab35-c35c1ab7359b" testListId="8c84fa94-04c1-424b-9868-57a2d4851a1d" />
    <TestEntry testId="857362d0-e6c5-c436-79d5-9e8da3c2834e" executionId="4cb70fa0-f0b2-4b73-aaff-d3c8aba61b11" testListId="8c84fa94-04c1-424b-9868-57a2d4851a1d" />
    <TestEntry testId="ebd42dbd-49ae-dea1-1ba7-db0f8d57e1d7" executionId="e441bd26-9a7c-4d05-93b8-2807487dfbcf" testListId="8c84fa94-04c1-424b-9868-57a2d4851a1d" />
    <TestEntry testId="bb451fc7-c0fc-b71f-3b0d-45a13d1a772a" executionId="bbff0557-ba23-4f14-998d-ce980ba3066f" testListId="8c84fa94-04c1-424b-9868-57a2d4851a1d" />
    <TestEntry testId="1d68fd44-a83f-ce8d-5546-5210a12a7d3f" executionId="dbfea74c-537f-49ec-a47a-5b970a6a3725" testListId="8c84fa94-04c1-424b-9868-57a2d4851a1d" />
    <TestEntry testId="3cc3d0b4-a43d-5b9d-15df-45a463e99e69" executionId="c1670caa-b422-40d5-86f2-ac8b5bdcda91" testListId="8c84fa94-04c1-424b-9868-57a2d4851a1d" />
    <TestEntry testId="b64882b3-19e4-9ecc-6883-3b3c764a650b" executionId="0e18b430-c171-41ae-924d-88c3944e0e03" testListId="8c84fa94-04c1-424b-9868-57a2d4851a1d" />
    <TestEntry testId="fa05cc12-6ed6-5bdb-28c7-97fb71bf0ee7" executionId="89fd924e-b976-4798-a70a-3af4dc9aacfd" testListId="8c84fa94-04c1-424b-9868-57a2d4851a1d" />
    <TestEntry testId="a529e5cf-ac95-72fa-5208-c7af22aa342e" executionId="96e65513-40d1-4c75-adae-cf21902a231d" testListId="8c84fa94-04c1-424b-9868-57a2d4851a1d" />
    <TestEntry testId="8e3546fa-c787-88c0-b0a3-fc1e85bae175" executionId="d13ce35c-1727-426a-944b-633125779580" testListId="8c84fa94-04c1-424b-9868-57a2d4851a1d" />
    <TestEntry testId="cec89ca4-3479-4c5d-b21d-8ee981af7dd6" executionId="15fd3ec2-1c56-493d-8d98-305360d48c42" testListId="8c84fa94-04c1-424b-9868-57a2d4851a1d" />
    <TestEntry testId="6b424835-2972-43a3-be68-6096e160c56e" executionId="478fdf3e-f010-4888-a285-2d1b6547229f" testListId="8c84fa94-04c1-424b-9868-57a2d4851a1d" />
    <TestEntry testId="0c5e955f-9c9a-d7b1-5e17-126c17c7440b" executionId="9a446e3a-dbf8-411b-9c9d-406597472584" testListId="8c84fa94-04c1-424b-9868-57a2d4851a1d" />
    <TestEntry testId="dd590c5c-2e27-43dc-ade1-d132bfa06046" executionId="c63a4406-e598-435b-9140-947eb1bba9e2" testListId="8c84fa94-04c1-424b-9868-57a2d4851a1d" />
    <TestEntry testId="a2dd638d-ac8f-1d49-b418-22de49227a51" executionId="575377eb-2b29-4701-90af-dbf3d23aedd4" testListId="8c84fa94-04c1-424b-9868-57a2d4851a1d" />
    <TestEntry testId="86fe6701-6291-43a1-0223-d9d4531dd84f" executionId="51fc9ebd-cb4e-4fe2-850d-c15163f03825" testListId="8c84fa94-04c1-424b-9868-57a2d4851a1d" />
    <TestEntry testId="025503e0-46c3-a8e9-2ae0-09018f6d88c1" executionId="d7e1155f-95f7-42d0-b06a-39c0f3ff3805" testListId="8c84fa94-04c1-424b-9868-57a2d4851a1d" />
    <TestEntry testId="e07708b9-58e9-17c8-33df-f79f35053ced" executionId="49d47d7c-d7ca-4b7c-9c57-f499cd95b141" testListId="8c84fa94-04c1-424b-9868-57a2d4851a1d" />
    <TestEntry testId="ab25853f-45a8-4a8f-6406-945f0c8c8715" executionId="26aa964b-db72-4510-94d4-1077b9a82ede" testListId="8c84fa94-04c1-424b-9868-57a2d4851a1d" />
    <TestEntry testId="bef2a22a-6666-30c9-2538-1c228180313c" executionId="abb35a8a-ba98-4cdd-aed7-b30efd6cd5a1" testListId="8c84fa94-04c1-424b-9868-57a2d4851a1d" />
    <TestEntry testId="23485ec5-762d-f047-ff01-6c531ff41e58" executionId="29df8e35-33c7-413d-8dd4-d86146a600de" testListId="8c84fa94-04c1-424b-9868-57a2d4851a1d" />
    <TestEntry testId="d05cbd3c-bfb2-73de-adf5-cbd7c41ecb1f" executionId="ed59f2e8-6db4-4abc-8cb1-168202d70bcc" testListId="8c84fa94-04c1-424b-9868-57a2d4851a1d" />
    <TestEntry testId="fd987f8b-a06e-d797-ac3f-7a71eb01d499" executionId="8b612584-1e90-47ab-b302-efc432a06a56" testListId="8c84fa94-04c1-424b-9868-57a2d4851a1d" />
    <TestEntry testId="9c43e4bf-422f-da08-c99e-7748f79f67a9" executionId="41df0e92-ba3d-4d9c-beb2-145b47276dab" testListId="8c84fa94-04c1-424b-9868-57a2d4851a1d" />
    <TestEntry testId="0323aafb-b360-5db0-38c2-4fcea4a36eaa" executionId="521a2628-bb75-4242-8957-bd4376d0bb7e" testListId="8c84fa94-04c1-424b-9868-57a2d4851a1d" />
    <TestEntry testId="f8e89b61-4897-4611-9838-53de20061a37" executionId="f8ae959e-4d4b-4b84-a9a9-8bdd32b1d57c" testListId="8c84fa94-04c1-424b-9868-57a2d4851a1d" />
    <TestEntry testId="a72557df-c6d0-bf9b-8d3c-1786d4a4b577" executionId="5eabcf9c-5ac5-4353-81e1-8ab85a630382" testListId="8c84fa94-04c1-424b-9868-57a2d4851a1d" />
    <TestEntry testId="58ce9239-f749-5400-4d5d-9d2b044bbae5" executionId="5f1ef214-d358-4a4e-a985-824ae24071f8" testListId="8c84fa94-04c1-424b-9868-57a2d4851a1d" />
    <TestEntry testId="00e0fc3e-7646-9c98-30c5-9e2b44560e94" executionId="4d53f475-2b86-4f55-bce4-ebf24fe70730" testListId="8c84fa94-04c1-424b-9868-57a2d4851a1d" />
    <TestEntry testId="6fa11eaa-f2fa-e99e-c4b6-60a0b63addf4" executionId="6febd3c6-7622-4e2e-9734-4e0c737cd787" testListId="8c84fa94-04c1-424b-9868-57a2d4851a1d" />
    <TestEntry testId="91992f85-0681-08ed-2e87-5d2fb5b81924" executionId="33602e88-92cd-40f0-8433-7cd40b9785b2" testListId="8c84fa94-04c1-424b-9868-57a2d4851a1d" />
    <TestEntry testId="f4ada8c4-6593-86b3-aa77-547fe895294f" executionId="976707b3-7a3c-4c24-93c3-7a90b5921264" testListId="8c84fa94-04c1-424b-9868-57a2d4851a1d" />
    <TestEntry testId="264a7d80-7f8e-cccd-d683-f24b6e7fbae1" executionId="332c775c-f4df-470d-bf42-f98488e932e4" testListId="8c84fa94-04c1-424b-9868-57a2d4851a1d" />
    <TestEntry testId="70f2deb9-f62f-0893-d2d1-536539fb9391" executionId="92bb959b-33fd-4d95-b38a-24968b2f1b7a" testListId="8c84fa94-04c1-424b-9868-57a2d4851a1d" />
    <TestEntry testId="1ebadcd1-bb5b-b7d8-4b40-c761ccf19b15" executionId="ab0eae2d-3dad-4d52-ae3d-8909ad24e248" testListId="8c84fa94-04c1-424b-9868-57a2d4851a1d" />
    <TestEntry testId="0da338e0-9855-08fe-734d-f7af988e6bc1" executionId="11047d21-1fac-4657-81d7-03ff9742e983" testListId="8c84fa94-04c1-424b-9868-57a2d4851a1d" />
    <TestEntry testId="4cd1c953-231e-2691-b4f4-0d9328a3e68b" executionId="00f7ecb8-b505-411f-b9d2-d9eb74372766" testListId="8c84fa94-04c1-424b-9868-57a2d4851a1d" />
    <TestEntry testId="728f977f-d66c-0fb7-ff2d-78067069daae" executionId="564ce855-7056-4271-be81-7146386fff23" testListId="8c84fa94-04c1-424b-9868-57a2d4851a1d" />
    <TestEntry testId="94aaa36a-a88c-edff-8965-b72bceaf3620" executionId="3a772d38-270d-4017-9026-f56cb0be3f22" testListId="8c84fa94-04c1-424b-9868-57a2d4851a1d" />
    <TestEntry testId="dd7abbca-776e-a670-9814-0a84d1532500" executionId="e71c7b84-d46a-4153-9bf9-518f4f3cf291" testListId="8c84fa94-04c1-424b-9868-57a2d4851a1d" />
    <TestEntry testId="2ac6adc5-afd6-d16b-f490-c0a2f63e52d1" executionId="c9e28cb4-a65d-400e-921f-55841b1811f9" testListId="8c84fa94-04c1-424b-9868-57a2d4851a1d" />
    <TestEntry testId="05025a2f-eb76-55f9-eb52-6fcad523c590" executionId="a83261f0-7f2c-4f01-b7f8-9da5f7d96c28" testListId="8c84fa94-04c1-424b-9868-57a2d4851a1d" />
    <TestEntry testId="1c9f7d1c-99e8-3c4a-3b34-4f124995bd4b" executionId="6693eed7-92c6-4f52-9e96-ead54000839e" testListId="8c84fa94-04c1-424b-9868-57a2d4851a1d" />
    <TestEntry testId="19c2411d-a7ea-3029-7b81-cde9f3216bb1" executionId="a4297b1a-8f00-4664-b766-c97d23d53276" testListId="8c84fa94-04c1-424b-9868-57a2d4851a1d" />
    <TestEntry testId="9e417947-1d7d-d9ea-7371-5dd738e87907" executionId="99496069-2f31-448f-a8fe-df7932a96371" testListId="8c84fa94-04c1-424b-9868-57a2d4851a1d" />
    <TestEntry testId="1148c5c5-0d3a-a36b-b2b7-be6a323a981c" executionId="06362a5a-0e26-4362-8685-209de0326967" testListId="8c84fa94-04c1-424b-9868-57a2d4851a1d" />
    <TestEntry testId="5980876c-5f0e-99f6-c59d-26c8c29982a4" executionId="1bcf744f-d6e2-48d6-9c80-f63c3f0caf12" testListId="8c84fa94-04c1-424b-9868-57a2d4851a1d" />
    <TestEntry testId="03f70150-34c7-4756-ca7d-89e353dce8de" executionId="41f51725-3b56-4d67-b1da-a6d9fb8eef54" testListId="8c84fa94-04c1-424b-9868-57a2d4851a1d" />
    <TestEntry testId="dfef0bc9-5b28-b15e-34f4-f60cc9b1bf7e" executionId="a8ca991d-19a2-4956-8fe3-adedddb53afe" testListId="8c84fa94-04c1-424b-9868-57a2d4851a1d" />
    <TestEntry testId="f7272b3f-113e-703c-2842-a1c9d4adb7bb" executionId="61ef39f7-5265-4de7-a616-3268f152aab5" testListId="8c84fa94-04c1-424b-9868-57a2d4851a1d" />
    <TestEntry testId="16c3f6e2-b2da-a7d9-b554-da627f0cdd15" executionId="d9628195-c51d-4bed-bb4c-e0386efb2115" testListId="8c84fa94-04c1-424b-9868-57a2d4851a1d" />
    <TestEntry testId="663ccd25-8649-6289-5931-2e4826a29b90" executionId="4444d5b9-9a4f-4d93-b634-29f31476d5db" testListId="8c84fa94-04c1-424b-9868-57a2d4851a1d" />
    <TestEntry testId="81b9cfb6-cb61-9b75-fb8d-7222fc14f23f" executionId="8681ed23-ab35-4da6-811b-21e6a03b8f5b" testListId="8c84fa94-04c1-424b-9868-57a2d4851a1d" />
    <TestEntry testId="d6028c75-f54c-a6c8-83bc-c168a426567e" executionId="0c0ffe5d-5276-49ee-afd6-2e42eec2c2c5" testListId="8c84fa94-04c1-424b-9868-57a2d4851a1d" />
    <TestEntry testId="f8f77c91-c42f-9207-fd1f-1c031b67ee04" executionId="19655c53-27a5-49b4-a40b-6384129c67a0" testListId="8c84fa94-04c1-424b-9868-57a2d4851a1d" />
    <TestEntry testId="48798009-0aef-c37c-cb98-e8d434cb000c" executionId="dbbdfe52-3a89-4d83-bd24-12ebaa01b140" testListId="8c84fa94-04c1-424b-9868-57a2d4851a1d" />
    <TestEntry testId="fda3da24-7e24-e2c3-22c3-e1cac8cca284" executionId="d5f388ed-57e9-4f99-93d9-6ff51eadf7f0" testListId="8c84fa94-04c1-424b-9868-57a2d4851a1d" />
    <TestEntry testId="b7c29360-216b-e7c2-a79b-240f6555d7cf" executionId="4f925c16-02a9-4416-a687-5251a8ef955c" testListId="8c84fa94-04c1-424b-9868-57a2d4851a1d" />
    <TestEntry testId="cefcaf99-f6fe-24f5-d8ee-87f30d25cd8f" executionId="36e44464-c75e-449d-89a9-acff57cdb819" testListId="8c84fa94-04c1-424b-9868-57a2d4851a1d" />
    <TestEntry testId="9f913f6b-6133-2b27-9775-b9108e8b318f" executionId="d88e8846-b67f-4106-b834-c4bc03ee97bf" testListId="8c84fa94-04c1-424b-9868-57a2d4851a1d" />
    <TestEntry testId="d4704b48-35ea-e513-d452-e0a5781bede0" executionId="9a7aedea-8dc6-4ef8-93f4-496ec8e5d69a" testListId="8c84fa94-04c1-424b-9868-57a2d4851a1d" />
    <TestEntry testId="24ab3bd5-1acb-fa38-e5c7-6c5a5fa87aa2" executionId="f2d909ef-e18a-4bd8-b024-ed6941f99ae2" testListId="8c84fa94-04c1-424b-9868-57a2d4851a1d" />
    <TestEntry testId="bd8e454b-919c-6615-a859-a1264f304ecb" executionId="7447bfb7-b95e-400d-870b-8001de0e973c" testListId="8c84fa94-04c1-424b-9868-57a2d4851a1d" />
    <TestEntry testId="d35c2020-35e1-7432-4bcd-89664f411e2b" executionId="adf1d537-1593-4a65-8629-da461796d10e" testListId="8c84fa94-04c1-424b-9868-57a2d4851a1d" />
    <TestEntry testId="7d221b67-7f97-a123-0de1-6872c3aad614" executionId="08768e05-85ac-4e14-ad6f-c3e0ada8c21f" testListId="8c84fa94-04c1-424b-9868-57a2d4851a1d" />
    <TestEntry testId="2a0bb754-1adc-0aaf-66d0-16790f8a4d2c" executionId="ebf810c2-3670-4734-8940-976b0841e62a" testListId="8c84fa94-04c1-424b-9868-57a2d4851a1d" />
    <TestEntry testId="7406d798-b581-dda0-3d0c-25971023b8a7" executionId="8bac0dd8-39c3-4faa-95f8-ceacf5b7a81a" testListId="8c84fa94-04c1-424b-9868-57a2d4851a1d" />
    <TestEntry testId="7268c422-d3fa-aa41-be94-6e44f7c4fc74" executionId="eade7e6e-b86b-46fe-b2f6-8f42fa470a40" testListId="8c84fa94-04c1-424b-9868-57a2d4851a1d" />
    <TestEntry testId="a652b815-d800-d206-be7c-325ec52c6c7d" executionId="3183b9d9-74e1-4fbb-a54f-9e617a85b526" testListId="8c84fa94-04c1-424b-9868-57a2d4851a1d" />
    <TestEntry testId="30dfc8b5-247e-3752-d365-cffe7ad05fc0" executionId="56d8c990-94c3-46a2-a570-73f5d6004447" testListId="8c84fa94-04c1-424b-9868-57a2d4851a1d" />
    <TestEntry testId="2b04f178-71af-3f70-144c-088850ff5a57" executionId="a637ce4b-345e-4c0e-9be6-aadef0d28375" testListId="8c84fa94-04c1-424b-9868-57a2d4851a1d" />
    <TestEntry testId="5d2d667a-5174-a959-1a9a-e0fcc669a4a1" executionId="acb84c12-356d-49c0-906b-f38672b3aeac" testListId="8c84fa94-04c1-424b-9868-57a2d4851a1d" />
    <TestEntry testId="78936cb5-5e04-7c42-f020-4f17dd495378" executionId="5170e89c-d0df-441d-b1fc-cced601121f5" testListId="8c84fa94-04c1-424b-9868-57a2d4851a1d" />
    <TestEntry testId="5b2c3c16-f905-e938-744a-a83fd3813d51" executionId="71bba6b5-7242-4c99-bda8-fcf7085faddb" testListId="8c84fa94-04c1-424b-9868-57a2d4851a1d" />
    <TestEntry testId="58156cd4-323d-1734-17be-a12608c05d92" executionId="4f50d660-a58a-46ab-a04d-8675ca33c777" testListId="8c84fa94-04c1-424b-9868-57a2d4851a1d" />
    <TestEntry testId="9ba93e8f-3a3e-a383-b7e6-302d9e524cad" executionId="1eb76eed-8869-4a46-9ea7-3f3450e7725b" testListId="8c84fa94-04c1-424b-9868-57a2d4851a1d" />
    <TestEntry testId="a4035a40-b70a-c3a2-2fd3-d8d06dc80502" executionId="b0db5e26-7ebc-4ad3-afd4-bc58d0e036fa" testListId="8c84fa94-04c1-424b-9868-57a2d4851a1d" />
    <TestEntry testId="997ec17f-7be5-22f4-8e7f-5f6553c6f954" executionId="5781c30f-3145-42e6-97da-5960b4b2dbde" testListId="8c84fa94-04c1-424b-9868-57a2d4851a1d" />
    <TestEntry testId="8c0fccc1-43fa-d4b9-bb3c-3f11a0c20b5f" executionId="cf098b1e-c331-4dee-bc41-cb29306fd02e" testListId="8c84fa94-04c1-424b-9868-57a2d4851a1d" />
    <TestEntry testId="b3914411-03bf-465a-dfb2-7096de3166b3" executionId="30257efd-5afc-411a-89fd-c7c4abae37c4" testListId="8c84fa94-04c1-424b-9868-57a2d4851a1d" />
    <TestEntry testId="c9b9aa6a-294c-fdda-e92b-d117f1de4118" executionId="b3abfe50-ceba-48d8-a007-ad39e376c550" testListId="8c84fa94-04c1-424b-9868-57a2d4851a1d" />
    <TestEntry testId="eb99bd4e-9cc8-e21f-b14f-dc174e20aaf6" executionId="612acdaf-ceee-41b8-91af-3cf301843795" testListId="8c84fa94-04c1-424b-9868-57a2d4851a1d" />
    <TestEntry testId="6975686a-7378-a6a3-28cf-2326d3990cc5" executionId="8226c9ba-56e6-455d-b4ca-004d8bd42550" testListId="8c84fa94-04c1-424b-9868-57a2d4851a1d" />
    <TestEntry testId="6c1ad6c9-cc08-bfd2-e6fa-12403c057402" executionId="bb45b4b5-7a94-41fe-881e-f07cc9951108" testListId="8c84fa94-04c1-424b-9868-57a2d4851a1d" />
    <TestEntry testId="a42cc845-687e-1497-569a-71593932f47a" executionId="3c64f47d-c195-43d3-9de2-6169ac006022" testListId="8c84fa94-04c1-424b-9868-57a2d4851a1d" />
    <TestEntry testId="c41eddf8-e606-5ecf-de95-6871b370bf72" executionId="7ac3f510-0794-4435-a670-f0b6990c9e96" testListId="8c84fa94-04c1-424b-9868-57a2d4851a1d" />
    <TestEntry testId="ccb5d8ec-d828-d9e5-1cf2-25e7c6a3265b" executionId="7026df66-0b0d-4646-949c-865ee6425be7" testListId="8c84fa94-04c1-424b-9868-57a2d4851a1d" />
    <TestEntry testId="be147743-35c1-2ea8-f068-c82e7606ada6" executionId="3a51090e-962a-46d0-9862-6c6a43f6982e" testListId="8c84fa94-04c1-424b-9868-57a2d4851a1d" />
    <TestEntry testId="9ae46ec7-3ae6-ea0a-534c-bb2cde14043f" executionId="0297a46c-4922-4bd9-8867-28d636756f68" testListId="8c84fa94-04c1-424b-9868-57a2d4851a1d" />
    <TestEntry testId="c60edddc-d3cb-adf6-416d-58709eef132f" executionId="7a5722e8-7b7a-464d-b597-b95529077f00" testListId="8c84fa94-04c1-424b-9868-57a2d4851a1d" />
    <TestEntry testId="2aeebd21-0ab2-66bb-8d1a-c7e7ef4ee5ab" executionId="3ea531cb-f5f9-4f69-9e20-ef3775eea8c5" testListId="8c84fa94-04c1-424b-9868-57a2d4851a1d" />
    <TestEntry testId="2d225ce4-f0f3-62e9-1432-3146c61e9476" executionId="0eafd49f-8a6f-4c17-aefc-ab9380d19a22" testListId="8c84fa94-04c1-424b-9868-57a2d4851a1d" />
    <TestEntry testId="4c46f4c0-1abc-e7d7-4583-5cd76b35e491" executionId="19f79415-00bc-44e7-97c3-987e8c3f18a2" testListId="8c84fa94-04c1-424b-9868-57a2d4851a1d" />
    <TestEntry testId="b980dc1f-9797-a5d1-9815-bd2b5788615a" executionId="b982d785-2184-4c38-967b-8c05dd346170" testListId="8c84fa94-04c1-424b-9868-57a2d4851a1d" />
    <TestEntry testId="a576efd2-dc4d-8b08-9b5f-e59b0088fa8e" executionId="762c4c16-81ae-4842-acd5-5686b0c7c116" testListId="8c84fa94-04c1-424b-9868-57a2d4851a1d" />
    <TestEntry testId="38a7d535-346f-78cb-eabe-acccdfeeda1d" executionId="efafd223-e1d3-4fdd-92e1-bac3d82b632e" testListId="8c84fa94-04c1-424b-9868-57a2d4851a1d" />
    <TestEntry testId="3d9fe5b0-0db7-5bff-54c4-e4369ef66212" executionId="187f9de6-f928-48bb-b952-4f764ee27d43" testListId="8c84fa94-04c1-424b-9868-57a2d4851a1d" />
    <TestEntry testId="bd8299be-4e34-0ff0-3182-d1da2f6a2abc" executionId="f146d780-11d0-46ed-8b1d-b35df72b8d6f" testListId="8c84fa94-04c1-424b-9868-57a2d4851a1d" />
    <TestEntry testId="a9d74002-2888-07cb-97ea-6e0298ac0fe9" executionId="09d98f01-0c7e-4324-900a-8b6eaab7e317" testListId="8c84fa94-04c1-424b-9868-57a2d4851a1d" />
    <TestEntry testId="2e5cdf48-ab53-ed98-9996-66c93f8cff15" executionId="464f5fcc-1741-46f4-b92a-95e9734b8695" testListId="8c84fa94-04c1-424b-9868-57a2d4851a1d" />
    <TestEntry testId="ce0ec4ad-4a97-7a3e-1f50-3df70b371e15" executionId="9cd9726a-4b4d-418e-b57b-936ba0a2f8c9" testListId="8c84fa94-04c1-424b-9868-57a2d4851a1d" />
    <TestEntry testId="4e49a046-f54e-4cc2-9d84-c8faf2cba8c3" executionId="1e04a04d-9c2a-4860-ab75-438c94e6cef9" testListId="8c84fa94-04c1-424b-9868-57a2d4851a1d" />
    <TestEntry testId="b3ea2405-989d-bda5-2d70-dd8fbc63cffd" executionId="abda35b7-3b2d-4f37-a07e-ec196ecaebef" testListId="8c84fa94-04c1-424b-9868-57a2d4851a1d" />
    <TestEntry testId="c78dca9a-63e5-01e6-bb96-2b386d6c1931" executionId="8ed04320-b38b-4c8f-a808-169729872a4a" testListId="8c84fa94-04c1-424b-9868-57a2d4851a1d" />
    <TestEntry testId="bdf6f93c-9e36-a4ff-e07a-684f4e89f604" executionId="cbab87ce-fbc8-4b87-8d5b-c2cd4fe231bf" testListId="8c84fa94-04c1-424b-9868-57a2d4851a1d" />
    <TestEntry testId="4240e0a8-d309-dd29-49d4-e57d0f8aff14" executionId="573c3af6-bc6c-49f7-9d29-6dec49d5759f" testListId="8c84fa94-04c1-424b-9868-57a2d4851a1d" />
    <TestEntry testId="7b2c18b9-3657-3125-16b0-dcdc1657600b" executionId="7d5eee3f-c7c6-4b1f-a4d2-2d6f44801a0f" testListId="8c84fa94-04c1-424b-9868-57a2d4851a1d" />
    <TestEntry testId="b25228d8-5583-8b5c-5dfc-4e2f438ced94" executionId="8d071c14-dbcd-4912-ae1d-f4aa0e253c18" testListId="8c84fa94-04c1-424b-9868-57a2d4851a1d" />
    <TestEntry testId="09154a1f-0b6f-795a-a6d4-6a0d40cceb72" executionId="ef7e2512-8558-44ed-bef4-62bd7aaa5f75" testListId="8c84fa94-04c1-424b-9868-57a2d4851a1d" />
    <TestEntry testId="5d65cf70-fbf7-ed7b-392d-268c0d1993f2" executionId="b40eebfe-5970-404d-995e-103a2ba07164" testListId="8c84fa94-04c1-424b-9868-57a2d4851a1d" />
    <TestEntry testId="d1a4749c-a512-c212-dd5c-736028403990" executionId="efa54690-8da0-4a2a-b6d2-10d9e91f0a73" testListId="8c84fa94-04c1-424b-9868-57a2d4851a1d" />
    <TestEntry testId="7cff0256-891c-b825-001b-e1188ea43097" executionId="4d8fb669-5f3d-4e9e-85ce-f6de57a1143f" testListId="8c84fa94-04c1-424b-9868-57a2d4851a1d" />
    <TestEntry testId="af26d1dc-c8b5-9373-ea2c-0ca851b84928" executionId="1a1a3855-b7df-48a1-a866-425d2c6c4f64" testListId="8c84fa94-04c1-424b-9868-57a2d4851a1d" />
    <TestEntry testId="c858a481-0d0e-3988-c228-6802bc380da7" executionId="4fde09e8-8c9f-45e1-8eb1-7348d8130be0" testListId="8c84fa94-04c1-424b-9868-57a2d4851a1d" />
    <TestEntry testId="e99a400b-ed81-5765-bd26-bbc9b70b51b3" executionId="e8b7fb27-a193-413b-860c-50a7f49a0d40" testListId="8c84fa94-04c1-424b-9868-57a2d4851a1d" />
    <TestEntry testId="d7ca02f8-7e5d-6bf1-c855-672d978358c4" executionId="ac48f406-721d-4098-b799-9387f1dc5b7d" testListId="8c84fa94-04c1-424b-9868-57a2d4851a1d" />
    <TestEntry testId="760f9bfd-f7ad-a943-e485-03d97212787c" executionId="3b700f5d-6b56-4e93-82c8-360612586768" testListId="8c84fa94-04c1-424b-9868-57a2d4851a1d" />
    <TestEntry testId="aea62d5f-9178-cad8-33d2-858954d9a8ee" executionId="2e2f25b3-f1e9-4016-b3ff-45a611a2bc18" testListId="8c84fa94-04c1-424b-9868-57a2d4851a1d" />
    <TestEntry testId="6eb40ab5-a084-c0d6-3e89-20cec91d1dc1" executionId="a5f3a422-ebb5-44be-8bef-b441ce3baa58" testListId="8c84fa94-04c1-424b-9868-57a2d4851a1d" />
    <TestEntry testId="221ba32d-8ed4-b30e-079c-7764b8e4fea8" executionId="48a27e1e-bdee-414c-8d7d-32d9cc9d80d6" testListId="8c84fa94-04c1-424b-9868-57a2d4851a1d" />
    <TestEntry testId="c17675a9-d4b5-c266-e823-f450357161ad" executionId="cb2e7c91-2581-4e3b-aac3-2333b1330d3b" testListId="8c84fa94-04c1-424b-9868-57a2d4851a1d" />
    <TestEntry testId="b50a5626-bb3d-0e55-a0ed-bea10bccc2f3" executionId="8ad935d5-0773-4d22-b372-c9baf7601655" testListId="8c84fa94-04c1-424b-9868-57a2d4851a1d" />
    <TestEntry testId="c2984494-a9d6-3f60-65cb-f333c5e8b61d" executionId="7f338d8a-d423-49b1-9711-1a11750b3dd1" testListId="8c84fa94-04c1-424b-9868-57a2d4851a1d" />
    <TestEntry testId="ca21c352-2de4-61fe-d80f-2087fb492d99" executionId="81c33ccb-8b3a-4e7b-849d-bbe4a7ec1eb3" testListId="8c84fa94-04c1-424b-9868-57a2d4851a1d" />
    <TestEntry testId="c9da9639-b50b-7aa2-1b47-3a6f28c4b171" executionId="b43714bf-d442-488a-bd5f-ea49653edfea" testListId="8c84fa94-04c1-424b-9868-57a2d4851a1d" />
    <TestEntry testId="ff508acb-04ad-794b-6a4f-bf5ed375dcc7" executionId="6308156d-3919-4ea3-be6a-e35a02463848" testListId="8c84fa94-04c1-424b-9868-57a2d4851a1d" />
    <TestEntry testId="638d3160-8cbe-cd9d-3f1b-90b931a0f74a" executionId="bab0a944-a731-4a50-bd15-ab816741626d" testListId="8c84fa94-04c1-424b-9868-57a2d4851a1d" />
    <TestEntry testId="d66d846d-f020-a449-c804-a1a3d083e207" executionId="43d4e5a3-8d7c-41c2-b8fc-f435abd4e2ca" testListId="8c84fa94-04c1-424b-9868-57a2d4851a1d" />
    <TestEntry testId="eee68226-2ed0-bd84-4e65-b8bb4f9c8e73" executionId="1a413f44-070c-4582-b8d3-f53337ad487c" testListId="8c84fa94-04c1-424b-9868-57a2d4851a1d" />
    <TestEntry testId="1841a497-6454-a206-f0aa-3b0869fd2463" executionId="c4303b56-01d3-44d3-8d55-104fe5ea806c" testListId="8c84fa94-04c1-424b-9868-57a2d4851a1d" />
    <TestEntry testId="a567eb44-b9b3-10da-64f7-98055ff68c28" executionId="b404e875-d674-4be0-9210-cbaf83060071" testListId="8c84fa94-04c1-424b-9868-57a2d4851a1d" />
    <TestEntry testId="f7c16456-b7d4-66e5-3c74-5f452b4337f8" executionId="51f4c367-1e99-4cba-a747-54024411f860" testListId="8c84fa94-04c1-424b-9868-57a2d4851a1d" />
    <TestEntry testId="8db4006b-09ed-19b8-394b-3946d8427802" executionId="790d0d6b-2533-4f05-b03d-8b9dacfb5a17" testListId="8c84fa94-04c1-424b-9868-57a2d4851a1d" />
    <TestEntry testId="dc91f0fb-b6fd-71a4-1714-2638b5248a24" executionId="c2bb2c94-8ddb-4732-a5de-2a3161f98374" testListId="8c84fa94-04c1-424b-9868-57a2d4851a1d" />
    <TestEntry testId="dd8971b6-9a2a-9606-89e4-ca620fef9943" executionId="00a73952-b730-4221-a21f-5b299fa27989" testListId="8c84fa94-04c1-424b-9868-57a2d4851a1d" />
    <TestEntry testId="d18da944-7e75-6c06-b1c7-1f96f8921220" executionId="560d4b8c-29a5-4b41-9778-5e628616278a" testListId="8c84fa94-04c1-424b-9868-57a2d4851a1d" />
    <TestEntry testId="91dd978c-0ad7-4b3f-d8f2-34b667406e7e" executionId="7f31162c-1741-48a9-a1db-223c080541cb" testListId="8c84fa94-04c1-424b-9868-57a2d4851a1d" />
    <TestEntry testId="79692448-4334-8217-153a-6c48b576df43" executionId="848f11b8-983c-4383-8632-c4775c265e38" testListId="8c84fa94-04c1-424b-9868-57a2d4851a1d" />
    <TestEntry testId="771599c9-a15d-63d0-9d03-0c9f01b38cf7" executionId="5e8651ba-d556-492a-9dd5-26dc8a3c34fd" testListId="8c84fa94-04c1-424b-9868-57a2d4851a1d" />
    <TestEntry testId="93f501f4-581a-65e8-06b9-840cb25c5b26" executionId="6ffd1cc4-3e08-4bfe-966e-f2f8e4338b8b" testListId="8c84fa94-04c1-424b-9868-57a2d4851a1d" />
    <TestEntry testId="f98c0e94-d687-26ec-f08b-72f9975ee1e5" executionId="4b8b0f0a-1279-46e1-a67c-79cfab741c9c" testListId="8c84fa94-04c1-424b-9868-57a2d4851a1d" />
    <TestEntry testId="566b96f6-b08e-adfc-0365-29c5b7626e94" executionId="2e314757-eb30-4c4a-9050-26553e47958d" testListId="8c84fa94-04c1-424b-9868-57a2d4851a1d" />
    <TestEntry testId="45331505-4432-2593-3699-d42f8ffbaedd" executionId="9a3dbffa-64e8-44b4-ac45-c8d25c7b9df7" testListId="8c84fa94-04c1-424b-9868-57a2d4851a1d" />
    <TestEntry testId="cc7717c8-6ebf-bd64-52ca-358afed978e1" executionId="bef0ceb6-64b8-49ca-b5a8-2622060a7412" testListId="8c84fa94-04c1-424b-9868-57a2d4851a1d" />
    <TestEntry testId="83c9a1d0-5d19-19e1-c667-b2f4a5423662" executionId="afde5c88-4dd2-46e8-b10d-c45b4ebad861" testListId="8c84fa94-04c1-424b-9868-57a2d4851a1d" />
    <TestEntry testId="85c966cb-c8a4-0c1a-1dd8-86769a853ac4" executionId="75bb7b67-ae3e-4df2-9863-04d62e18e686" testListId="8c84fa94-04c1-424b-9868-57a2d4851a1d" />
    <TestEntry testId="ebcc417d-cc96-72ca-2217-d9dc9359c6a9" executionId="65da8e22-325c-4c9a-851d-ced8e6474ee6" testListId="8c84fa94-04c1-424b-9868-57a2d4851a1d" />
    <TestEntry testId="2096a8a0-5e79-c1b2-15fc-8f66937fab5f" executionId="68d05caa-4f4a-49a3-b308-dd2536fa85c3" testListId="8c84fa94-04c1-424b-9868-57a2d4851a1d" />
    <TestEntry testId="055ed5c2-5e4f-8716-0112-40bea275f5c2" executionId="bf6384bd-ab98-47b6-a184-96aeff2dce51" testListId="8c84fa94-04c1-424b-9868-57a2d4851a1d" />
    <TestEntry testId="df74db5f-c82f-c4c0-40a8-80b8e4dba499" executionId="5d631539-98c3-41c6-9b60-fb3fb62bd15e" testListId="8c84fa94-04c1-424b-9868-57a2d4851a1d" />
    <TestEntry testId="2a6f4f46-f067-6560-f6b5-5d4fd1a8413c" executionId="7ec9d24f-61fc-4d23-9986-a1c3d9bf5b9f" testListId="8c84fa94-04c1-424b-9868-57a2d4851a1d" />
    <TestEntry testId="0006f07b-d80e-27c3-ccc2-5c671db24d37" executionId="02226dc3-0c1a-49cf-ad4f-79526d17db50" testListId="8c84fa94-04c1-424b-9868-57a2d4851a1d" />
    <TestEntry testId="818cea1f-5917-1618-f3c7-5914c367a3d4" executionId="40bff29f-96df-49aa-9fcf-dcb471a86293" testListId="8c84fa94-04c1-424b-9868-57a2d4851a1d" />
    <TestEntry testId="c28da101-8ebd-02f8-b68f-6817770438f4" executionId="8a844f72-f815-4c7f-bd20-ba23f243ed2f" testListId="8c84fa94-04c1-424b-9868-57a2d4851a1d" />
    <TestEntry testId="00ba3071-31c1-0f6e-3800-6f9ad50402df" executionId="f8f0c56a-e41e-4d50-a6bd-d4569b0f0aa0" testListId="8c84fa94-04c1-424b-9868-57a2d4851a1d" />
    <TestEntry testId="707c8cef-f4b9-4d6c-816f-02a28a120756" executionId="d8d3974f-b9dc-4944-8e89-28df1896b6ef" testListId="8c84fa94-04c1-424b-9868-57a2d4851a1d" />
    <TestEntry testId="34db90ba-7cc6-925f-b388-252fcd27491d" executionId="dbf4796e-05ce-498b-a325-91728aa3b6c2" testListId="8c84fa94-04c1-424b-9868-57a2d4851a1d" />
    <TestEntry testId="a2f1447d-309c-7b8f-f7c4-bb2a932bcd02" executionId="45a5e03e-d58f-41d8-87cd-7dc5991e5006" testListId="8c84fa94-04c1-424b-9868-57a2d4851a1d" />
    <TestEntry testId="aaa036b3-a7bb-26a3-056e-9fe53c0f9a73" executionId="1bbb1ddd-e739-4a8c-b819-a4a4e8a0de43" testListId="8c84fa94-04c1-424b-9868-57a2d4851a1d" />
    <TestEntry testId="9fd4eb66-24c8-4e78-e05e-2e76a515b4f1" executionId="c78eb3c0-ea9a-4c5c-896d-b89a600349b4" testListId="8c84fa94-04c1-424b-9868-57a2d4851a1d" />
    <TestEntry testId="ba224a7a-9b82-e0f9-acfc-35de5387eaad" executionId="18aa895e-f8a5-40f7-9180-947dc493de09" testListId="8c84fa94-04c1-424b-9868-57a2d4851a1d" />
    <TestEntry testId="ba4d0b9c-16c8-4e97-7a27-5de87c475a55" executionId="325e4d7a-b017-410d-bc82-7ff700e66a65" testListId="8c84fa94-04c1-424b-9868-57a2d4851a1d" />
    <TestEntry testId="071fc03d-f5f7-e631-de7f-6b667f719565" executionId="0a7d0d7f-1b74-4b14-a8d6-de79a65d44cd" testListId="8c84fa94-04c1-424b-9868-57a2d4851a1d" />
    <TestEntry testId="77eb0b86-06ef-45b3-c214-4c40661ad61b" executionId="91fd17bc-ef15-41fe-a07b-6fa9d3d636e3" testListId="8c84fa94-04c1-424b-9868-57a2d4851a1d" />
    <TestEntry testId="4d7616d3-3d89-3b42-9496-b2ce88cc2ef7" executionId="4aa6ce3c-6dd0-4da3-b0db-d9da48387473" testListId="8c84fa94-04c1-424b-9868-57a2d4851a1d" />
    <TestEntry testId="be135087-9495-377b-5170-5bdf47afeca0" executionId="a9c43d2d-b669-4fbb-b6a5-023d24a8f8d2" testListId="8c84fa94-04c1-424b-9868-57a2d4851a1d" />
    <TestEntry testId="92076d0f-acfe-255b-5fb1-f30e5a145d3b" executionId="413a68e2-1139-446d-b6a6-b5e4134d7d16" testListId="8c84fa94-04c1-424b-9868-57a2d4851a1d" />
    <TestEntry testId="a796f8c8-c899-7521-39b3-459eecb51261" executionId="445795ae-1259-4c2c-8aaf-bce4ff4ce48b" testListId="8c84fa94-04c1-424b-9868-57a2d4851a1d" />
    <TestEntry testId="277de6c8-9010-a1ae-4d40-ec165c51a438" executionId="b66ecb76-d5f0-4cff-8731-035a1d331587" testListId="8c84fa94-04c1-424b-9868-57a2d4851a1d" />
    <TestEntry testId="c02d04ac-b486-9e55-2dd6-7f74f9ce3e8b" executionId="5d791fe9-af05-49ff-9e1e-a11af82bda44" testListId="8c84fa94-04c1-424b-9868-57a2d4851a1d" />
    <TestEntry testId="9b2113f6-7be9-7a36-e4c3-35aeef59e7b0" executionId="a8815d0c-d50f-485f-b723-543fccaeebec" testListId="8c84fa94-04c1-424b-9868-57a2d4851a1d" />
    <TestEntry testId="b6423b6a-360c-2257-3cde-218e222a2149" executionId="a1c4cf32-236b-4b30-99c0-8217234ae30c" testListId="8c84fa94-04c1-424b-9868-57a2d4851a1d" />
    <TestEntry testId="94c2bd2b-6b5f-b5ec-49f1-5cbec2248022" executionId="996788e2-75f8-4ad3-bca0-672b3e7c2902" testListId="8c84fa94-04c1-424b-9868-57a2d4851a1d" />
    <TestEntry testId="09fc26e3-52b7-4cc0-f8b6-a3db325c8bbb" executionId="0aecdf14-5530-4929-b4ef-d5859f6d690c" testListId="8c84fa94-04c1-424b-9868-57a2d4851a1d" />
    <TestEntry testId="ab24419a-86d1-7329-f45f-11c1dd6a023f" executionId="ebc40062-059e-43f7-bef6-8de4d40b840e" testListId="8c84fa94-04c1-424b-9868-57a2d4851a1d" />
    <TestEntry testId="25f8655e-1ff4-cb67-b85d-5adb7eb5d758" executionId="dafdd58d-7218-47ac-92c4-48fb6c2a47d5" testListId="8c84fa94-04c1-424b-9868-57a2d4851a1d" />
    <TestEntry testId="4f7ca2b0-c221-db25-2e4f-2cd3bd0d57bd" executionId="6e0d4035-2426-4716-8ebf-680954e51c11" testListId="8c84fa94-04c1-424b-9868-57a2d4851a1d" />
    <TestEntry testId="19e0065c-08a7-5ba5-ca84-780ca3448b65" executionId="d970f9aa-115e-4de9-b079-fbe3ae3b5140" testListId="8c84fa94-04c1-424b-9868-57a2d4851a1d" />
    <TestEntry testId="bdd573ed-f35c-1e8b-14a2-bfaaa93b8de8" executionId="ac4342ee-6772-4822-84db-35f0b6dae4b3" testListId="8c84fa94-04c1-424b-9868-57a2d4851a1d" />
    <TestEntry testId="67cefb4b-771a-487f-9009-3e0474c4cd04" executionId="d88a3ab5-284c-49e7-ad59-ed2cb1761b78" testListId="8c84fa94-04c1-424b-9868-57a2d4851a1d" />
    <TestEntry testId="27f1dfbf-1cb2-9ae9-b9a5-0af97b7e0f55" executionId="2bee9d65-da0f-4606-ad89-fd958d5f43ed" testListId="8c84fa94-04c1-424b-9868-57a2d4851a1d" />
    <TestEntry testId="966766d3-85fb-dda3-5ac6-758426bd60bf" executionId="cf122371-0786-4bd9-a063-c1aeb4bcd035" testListId="8c84fa94-04c1-424b-9868-57a2d4851a1d" />
    <TestEntry testId="6bcc8d60-b3ea-0e46-0d0f-1946fd0abcb8" executionId="a75f2ccc-edce-45b1-a9be-2af0c587daf5" testListId="8c84fa94-04c1-424b-9868-57a2d4851a1d" />
    <TestEntry testId="468b9eb4-7481-5a0f-1901-331193ac2eb1" executionId="b20d3ff5-ba3e-4055-a346-34d3e29e1a36" testListId="8c84fa94-04c1-424b-9868-57a2d4851a1d" />
    <TestEntry testId="b4910ef8-8100-8147-1c49-985272aefa18" executionId="e794faeb-8be3-4c10-a5aa-1d349849cc90" testListId="8c84fa94-04c1-424b-9868-57a2d4851a1d" />
    <TestEntry testId="44368d84-35da-0cae-f7bd-c85c8d9da63a" executionId="1bcfcf92-b39e-4b83-8ec9-d54b469971ee" testListId="8c84fa94-04c1-424b-9868-57a2d4851a1d" />
    <TestEntry testId="b6582bb8-ed69-7be8-bf96-b58cae21ed22" executionId="3dfb3e40-15d6-461b-9c8c-0d9a52f08c6c" testListId="8c84fa94-04c1-424b-9868-57a2d4851a1d" />
    <TestEntry testId="ab5f95ca-376c-29c8-043b-8977d381b570" executionId="30e5c4a1-d10d-468f-8c00-1bfcd5a047f6" testListId="8c84fa94-04c1-424b-9868-57a2d4851a1d" />
    <TestEntry testId="6ecdb656-57fa-19a7-98e7-036cb62f366b" executionId="643acb6d-8e6e-460a-8ff0-ca47f77fa2fd" testListId="8c84fa94-04c1-424b-9868-57a2d4851a1d" />
    <TestEntry testId="094d33c7-f572-769c-7f62-073e28ba3516" executionId="7db28cef-5ce7-4d35-b15e-af62d80f223b" testListId="8c84fa94-04c1-424b-9868-57a2d4851a1d" />
    <TestEntry testId="37776d6b-55f3-8fe6-6591-db53e6b0cae0" executionId="82c82d85-0d80-4914-85c4-5b1be683ef8c" testListId="8c84fa94-04c1-424b-9868-57a2d4851a1d" />
    <TestEntry testId="45311aec-8a2d-cefe-8926-17267035950b" executionId="321e8c9d-6690-4a8b-a494-e33cabe4af0e" testListId="8c84fa94-04c1-424b-9868-57a2d4851a1d" />
    <TestEntry testId="43678e4b-76d3-16cd-8a75-088cc017a9ed" executionId="188bfe4f-65b9-4637-a7b1-f453debd0903" testListId="8c84fa94-04c1-424b-9868-57a2d4851a1d" />
    <TestEntry testId="99bc1406-b650-0f2c-9f06-c90460b955bc" executionId="486b4486-85eb-449c-aca7-b1520553da9a" testListId="8c84fa94-04c1-424b-9868-57a2d4851a1d" />
    <TestEntry testId="763b8141-6317-9c60-a4ae-086424e66bd9" executionId="177b27fd-d3be-4a05-a9a3-fa493c5126ac" testListId="8c84fa94-04c1-424b-9868-57a2d4851a1d" />
    <TestEntry testId="3aa1a87d-4a9a-4c65-66ef-790cfaf82e83" executionId="90c093e3-4e72-4e7b-9096-a32b8977227a" testListId="8c84fa94-04c1-424b-9868-57a2d4851a1d" />
    <TestEntry testId="2a9b3a3d-4f97-55c6-855a-5890500f2aa0" executionId="a3d0713e-03da-4a65-9ad9-872b328a595f" testListId="8c84fa94-04c1-424b-9868-57a2d4851a1d" />
    <TestEntry testId="28778f96-7d93-3046-ed10-3440acb56a3b" executionId="cde2236d-231e-4bad-ad68-ef2c5f805709" testListId="8c84fa94-04c1-424b-9868-57a2d4851a1d" />
    <TestEntry testId="654a6276-121a-761b-57fd-37ff2f510187" executionId="7c361e8e-b1de-4250-9884-27c348a6dbfd" testListId="8c84fa94-04c1-424b-9868-57a2d4851a1d" />
    <TestEntry testId="b91ea863-19c7-157b-0aef-142fc8f94370" executionId="c8e65af8-9000-4f15-a54d-d2775a327985" testListId="8c84fa94-04c1-424b-9868-57a2d4851a1d" />
    <TestEntry testId="a1d179f9-1d98-db05-0da7-765f2109c5d9" executionId="503ad840-5a20-4598-9cca-d3a11a3eb2de" testListId="8c84fa94-04c1-424b-9868-57a2d4851a1d" />
    <TestEntry testId="868b3b6e-76b6-d018-a5a6-215427fdffdf" executionId="87062f2f-907e-4289-96ee-4a7acf913260" testListId="8c84fa94-04c1-424b-9868-57a2d4851a1d" />
    <TestEntry testId="b17f55fe-7a77-049b-3c9d-d1c6816e4ccb" executionId="060356bb-164a-4138-898d-1fdb985038c4" testListId="8c84fa94-04c1-424b-9868-57a2d4851a1d" />
    <TestEntry testId="526076b5-dd75-24fe-3950-9404e88ea72f" executionId="7a8ebe2c-7154-439b-a239-b81f45d5536f" testListId="8c84fa94-04c1-424b-9868-57a2d4851a1d" />
    <TestEntry testId="992740cb-50c8-d4fe-c9bf-4993f9a47e3f" executionId="44819eb0-8682-4de7-8a07-662faef525ab" testListId="8c84fa94-04c1-424b-9868-57a2d4851a1d" />
    <TestEntry testId="a05b407e-5aa7-9f22-d4ee-896f354bc758" executionId="32a7fcbe-1b2c-49ab-baf8-7ab706caecbe" testListId="8c84fa94-04c1-424b-9868-57a2d4851a1d" />
    <TestEntry testId="40d22751-bcc1-822d-b412-9e2e8029bb57" executionId="9bca5a14-80d1-415d-8930-d4dcc94544ee" testListId="8c84fa94-04c1-424b-9868-57a2d4851a1d" />
    <TestEntry testId="d45b7a6a-e638-9ef4-fad5-13e60d2dee28" executionId="49417d69-0fa9-42ca-b4d1-fc71c6131293" testListId="8c84fa94-04c1-424b-9868-57a2d4851a1d" />
    <TestEntry testId="1358f968-7e49-c48f-c70c-e1383dc9f02f" executionId="98114195-e38e-47fb-97c4-fae187ddde1e" testListId="8c84fa94-04c1-424b-9868-57a2d4851a1d" />
    <TestEntry testId="d19839c4-abc8-cd86-7c39-e8abf0955c68" executionId="90dbdd0f-229f-4317-b3c6-3be35e81a0ba" testListId="8c84fa94-04c1-424b-9868-57a2d4851a1d" />
    <TestEntry testId="4480f291-9ab6-2a14-260f-23472228c206" executionId="27f431a8-5c52-4cb1-800c-21c19cd57fa7" testListId="8c84fa94-04c1-424b-9868-57a2d4851a1d" />
    <TestEntry testId="8ff662f7-902d-1d8f-6cc5-cf300f29f4ab" executionId="13667ba7-63d0-45db-a244-b11f2895890f" testListId="8c84fa94-04c1-424b-9868-57a2d4851a1d" />
    <TestEntry testId="40c51391-c3be-a83e-46f5-30f4f86079de" executionId="1a74c8f5-62ee-4fb7-bca2-1e1628fb929f" testListId="8c84fa94-04c1-424b-9868-57a2d4851a1d" />
    <TestEntry testId="ca942ca3-b5c9-9985-bebf-57fc1c01b141" executionId="c3496868-2151-4efb-b26b-723e637cb3fd" testListId="8c84fa94-04c1-424b-9868-57a2d4851a1d" />
    <TestEntry testId="6ce6d5c4-8d29-2bd7-7033-2e711c4595e4" executionId="a8087528-8920-4ef8-8fb3-8829c36edb9b" testListId="8c84fa94-04c1-424b-9868-57a2d4851a1d" />
    <TestEntry testId="8194f756-0832-a32e-60b1-19c8d7103413" executionId="7c0d1078-43d5-4781-962c-c12d816c9a34" testListId="8c84fa94-04c1-424b-9868-57a2d4851a1d" />
    <TestEntry testId="b3659f31-f068-a3b4-0c9b-41e1392b69a6" executionId="b2df4784-dd48-4022-b556-c1900673ff9f" testListId="8c84fa94-04c1-424b-9868-57a2d4851a1d" />
    <TestEntry testId="b5fc473f-fccc-84cd-e38b-e3f923e0594e" executionId="8e7af641-dc18-4708-a27c-e1a8ef86656a" testListId="8c84fa94-04c1-424b-9868-57a2d4851a1d" />
    <TestEntry testId="17651b6b-c747-a107-70b2-f1926d0437f7" executionId="37ed3383-ef46-4134-99ce-2d16d7369970" testListId="8c84fa94-04c1-424b-9868-57a2d4851a1d" />
    <TestEntry testId="02d535fa-c801-f739-3717-908b26ee8d04" executionId="f272201c-def3-4985-a3f2-03a62b54d008" testListId="8c84fa94-04c1-424b-9868-57a2d4851a1d" />
    <TestEntry testId="d713fd26-9318-62d0-07e7-0fb32925b73a" executionId="e50f4096-9f24-438d-97ee-9ad4f0d34e09" testListId="8c84fa94-04c1-424b-9868-57a2d4851a1d" />
    <TestEntry testId="6fc1fa58-60f8-6102-c7c1-92b3af0e5422" executionId="2358c7c5-9b44-42dd-9d92-c7085829cf29" testListId="8c84fa94-04c1-424b-9868-57a2d4851a1d" />
    <TestEntry testId="40fefcc0-5c6a-3a59-b214-d27d27c34cf3" executionId="fee0e4dc-09ee-4373-985a-883aaabce8bb" testListId="8c84fa94-04c1-424b-9868-57a2d4851a1d" />
    <TestEntry testId="7ab8caca-a3ee-e6e6-36c5-2bcba348b5a2" executionId="2b57c9d4-b927-4061-8b68-9c3e6e175208" testListId="8c84fa94-04c1-424b-9868-57a2d4851a1d" />
    <TestEntry testId="b8137157-70f5-142f-16ec-23d51722c0c4" executionId="47d3a268-b56e-4c56-aa7c-f20eaec5d1f7" testListId="8c84fa94-04c1-424b-9868-57a2d4851a1d" />
    <TestEntry testId="b410cf7e-70d6-adc4-66dc-3cf5e3125c63" executionId="7efb86ee-06ca-4d6b-b711-70dbb960950d" testListId="8c84fa94-04c1-424b-9868-57a2d4851a1d" />
    <TestEntry testId="816f9c6d-fb47-2bf0-555a-d79381eb2859" executionId="4d4e222f-d6e0-4c4b-9095-b45216e11013" testListId="8c84fa94-04c1-424b-9868-57a2d4851a1d" />
    <TestEntry testId="1c6fbf34-078f-c6b0-be70-94e64ecd6198" executionId="29de03f1-40b4-42f1-b047-465c57ce8b2a" testListId="8c84fa94-04c1-424b-9868-57a2d4851a1d" />
    <TestEntry testId="9a4a04f8-718b-072a-5789-1f008e23ed8d" executionId="1756158f-a236-41e5-bad2-8719732a13f5" testListId="8c84fa94-04c1-424b-9868-57a2d4851a1d" />
    <TestEntry testId="e9d6d2f7-78f4-cd67-90f0-55662de68fd1" executionId="2ca737f4-dd04-45a8-9ae4-499e9ef3317c" testListId="8c84fa94-04c1-424b-9868-57a2d4851a1d" />
    <TestEntry testId="4477da8e-cf72-81c8-9a47-12c695107382" executionId="8311433c-c072-4795-aaed-c1b4e0d58b34" testListId="8c84fa94-04c1-424b-9868-57a2d4851a1d" />
    <TestEntry testId="cf0c6b21-7b52-4f40-fc51-74b8261524ed" executionId="b556e6a3-c8c1-445f-bc94-6fcd83b01584" testListId="8c84fa94-04c1-424b-9868-57a2d4851a1d" />
    <TestEntry testId="96b35467-e8c7-5287-b6fc-cdb670ef4dfa" executionId="27ccb4a1-2720-4598-a639-02ed9cb651b2" testListId="8c84fa94-04c1-424b-9868-57a2d4851a1d" />
    <TestEntry testId="5d51b421-c2c6-a235-079e-749ec17bce2d" executionId="e78a08dc-8be3-4ffa-a926-81b680713b98" testListId="8c84fa94-04c1-424b-9868-57a2d4851a1d" />
    <TestEntry testId="7f62bbb1-62fb-7e4f-eb0f-a20432287329" executionId="0086129b-9a9c-467a-80bc-0f64b30c71b3" testListId="8c84fa94-04c1-424b-9868-57a2d4851a1d" />
    <TestEntry testId="badabfc0-287c-a7d5-098f-1344facad0e2" executionId="a7e83108-3e19-440f-abf0-21f054d7c7e3" testListId="8c84fa94-04c1-424b-9868-57a2d4851a1d" />
    <TestEntry testId="3f288f9b-fb2a-088e-d62e-186febe1e41e" executionId="b7558497-0c73-49dd-97c7-8ce7a43311dd" testListId="8c84fa94-04c1-424b-9868-57a2d4851a1d" />
    <TestEntry testId="5b019d43-b26a-5fff-fbe5-b9c53fdb2c07" executionId="e3c4c2bc-2e4e-4c75-b16a-dec8af189b27" testListId="8c84fa94-04c1-424b-9868-57a2d4851a1d" />
    <TestEntry testId="1e32982b-dcf0-dc6d-6443-5d1de7b120a4" executionId="8d81181b-bfdc-4b8b-b829-0bd1ca8dc47e" testListId="8c84fa94-04c1-424b-9868-57a2d4851a1d" />
    <TestEntry testId="b9422136-6e99-7181-36c2-a5eaa4ea48b7" executionId="1c25c31e-e16d-414d-a841-e8591cab2b21" testListId="8c84fa94-04c1-424b-9868-57a2d4851a1d" />
    <TestEntry testId="8e506078-644e-53c7-62ff-a2a238aea095" executionId="0fac8ab4-3e98-45aa-9cfb-b21e4695894d" testListId="8c84fa94-04c1-424b-9868-57a2d4851a1d" />
    <TestEntry testId="7764b362-e870-3b15-8212-d8142ee87fe5" executionId="c6a5338b-d206-48cf-a433-a66fe1b8c19c" testListId="8c84fa94-04c1-424b-9868-57a2d4851a1d" />
    <TestEntry testId="9b8b1420-42ae-9021-a8f7-f452b3b17b9a" executionId="640beb14-c7bf-4a30-9629-913a3593774d" testListId="8c84fa94-04c1-424b-9868-57a2d4851a1d" />
    <TestEntry testId="7199b2e8-d37d-e7bc-0513-bee38372c236" executionId="4c6c95ac-3543-493f-a0ec-fd14bd6f6343" testListId="8c84fa94-04c1-424b-9868-57a2d4851a1d" />
    <TestEntry testId="b19f468d-d3ac-36bb-f4b7-1bfb1e47bd2e" executionId="3cfc2acb-0177-4cd5-abca-efe746003423" testListId="8c84fa94-04c1-424b-9868-57a2d4851a1d" />
    <TestEntry testId="061bc90e-4d0a-bbed-e647-2e276f10901c" executionId="6cd6f0aa-25a0-435a-adfd-71c0d8060965" testListId="8c84fa94-04c1-424b-9868-57a2d4851a1d" />
    <TestEntry testId="c461bfbb-db61-36c4-7c9c-cd738e75f1f7" executionId="9664d155-f2c4-4d9f-8262-a1005ab6204a" testListId="8c84fa94-04c1-424b-9868-57a2d4851a1d" />
    <TestEntry testId="94453bdb-2d5d-84cc-0c06-801c9afddaf9" executionId="fcc5fd76-bf63-464c-94f3-8e2d5d76c993" testListId="8c84fa94-04c1-424b-9868-57a2d4851a1d" />
    <TestEntry testId="81984bc4-59ff-563c-2cad-683c0fa8249f" executionId="0b5659c2-21df-4ce6-be38-86cc16add656" testListId="8c84fa94-04c1-424b-9868-57a2d4851a1d" />
    <TestEntry testId="226ec0b4-b5fb-232d-ea6f-85b63c59b78e" executionId="475cd386-dbaa-4b3d-86ba-bcf35a0a7c13" testListId="8c84fa94-04c1-424b-9868-57a2d4851a1d" />
    <TestEntry testId="cb380a5d-abad-8fd4-e1c3-2d884a15c3ba" executionId="8631b345-e532-4fd3-8927-64259900df3b" testListId="8c84fa94-04c1-424b-9868-57a2d4851a1d" />
    <TestEntry testId="1b12fd37-50b5-cbfc-ea07-426652c486ec" executionId="26e8976b-2c78-4f97-b61f-194e708b8ef7" testListId="8c84fa94-04c1-424b-9868-57a2d4851a1d" />
    <TestEntry testId="59fc4393-2f7b-9785-c817-c64a2c91bc8b" executionId="eea522cb-2cf6-4a43-b479-4d8060c45d48" testListId="8c84fa94-04c1-424b-9868-57a2d4851a1d" />
    <TestEntry testId="004a6bf8-e997-9598-3e64-6edbcb12f591" executionId="714324a1-a825-4103-b199-0476b463ae07" testListId="8c84fa94-04c1-424b-9868-57a2d4851a1d" />
    <TestEntry testId="7199b6a4-0e3d-01b2-2098-862ed5de340d" executionId="b472a86a-fc20-4ac8-8b5e-9d3df70c3d72" testListId="8c84fa94-04c1-424b-9868-57a2d4851a1d" />
    <TestEntry testId="d7f3e071-ffc3-5a50-84e7-e831b56a656d" executionId="c0516278-2813-445d-98e3-72e63962be1e" testListId="8c84fa94-04c1-424b-9868-57a2d4851a1d" />
    <TestEntry testId="b8bd9147-cab0-a652-fdd6-0b4f6cc0d7e2" executionId="d0f84cef-e44f-4650-b3fd-ba7e20c6698f" testListId="8c84fa94-04c1-424b-9868-57a2d4851a1d" />
    <TestEntry testId="3adf4dba-a8f9-072b-5ae8-0384b38576a4" executionId="273d832d-e874-4ac5-94c4-83d2a03e015e" testListId="8c84fa94-04c1-424b-9868-57a2d4851a1d" />
    <TestEntry testId="2c07ec42-63ea-145b-2c1d-d1783382eb80" executionId="b4b0f718-ccda-4d58-8577-4c291aa28d46" testListId="8c84fa94-04c1-424b-9868-57a2d4851a1d" />
    <TestEntry testId="433e8b39-b811-c601-9369-ed475d3fe733" executionId="41bec0fe-212e-4227-8e58-a21321b93788" testListId="8c84fa94-04c1-424b-9868-57a2d4851a1d" />
    <TestEntry testId="b6a7c847-6af8-0a85-462e-ea0929bbefc5" executionId="48749734-b513-45cb-91ad-81fe0cc90945" testListId="8c84fa94-04c1-424b-9868-57a2d4851a1d" />
    <TestEntry testId="eedd6844-c854-948c-de42-8c2f993ad660" executionId="09b716fc-ff13-4dbc-91a6-2b6c9b1220f8" testListId="8c84fa94-04c1-424b-9868-57a2d4851a1d" />
    <TestEntry testId="1b93defe-26ac-fe8a-6ccd-4d70d705374c" executionId="c8a9dc1e-af17-4c6a-bcf0-23c2a2fac268" testListId="8c84fa94-04c1-424b-9868-57a2d4851a1d" />
    <TestEntry testId="06cb1a61-0bd1-3696-d03c-a56d6e162cf8" executionId="567546d1-018e-4143-8475-2d3a73a34ac7" testListId="8c84fa94-04c1-424b-9868-57a2d4851a1d" />
    <TestEntry testId="d05db42a-dc66-40e0-b6b0-cc3a09010508" executionId="c0cf03fb-5371-4ad2-a7b8-cd310169b3c8" testListId="8c84fa94-04c1-424b-9868-57a2d4851a1d" />
    <TestEntry testId="9f25d0fb-dd27-3a2c-c779-70cce521aa65" executionId="6b5fe7c1-0b78-435e-9690-d42130afe236" testListId="8c84fa94-04c1-424b-9868-57a2d4851a1d" />
    <TestEntry testId="881423ae-c0a0-be52-9b9c-f112789c6fd1" executionId="a45da51a-0cef-4e97-b035-d148aaa7d2bf" testListId="8c84fa94-04c1-424b-9868-57a2d4851a1d" />
    <TestEntry testId="5ab640ef-9d1c-45b8-fae5-6ee62af4d9aa" executionId="ff9f3481-6048-4955-ae23-750d1254737e" testListId="8c84fa94-04c1-424b-9868-57a2d4851a1d" />
    <TestEntry testId="5023598c-fd84-7d10-bd74-16709daa4c18" executionId="62e20ee6-02c1-4475-ac34-f75041dd011d" testListId="8c84fa94-04c1-424b-9868-57a2d4851a1d" />
    <TestEntry testId="e4997c9b-0d9b-773d-98ac-95b9fd6943b7" executionId="590d5d76-85c4-4318-9407-8d38c0e21567" testListId="8c84fa94-04c1-424b-9868-57a2d4851a1d" />
    <TestEntry testId="1a302332-10c8-5dc6-da00-94451bfe7efd" executionId="d512652a-b98c-41a8-ab74-4e2a929962ed" testListId="8c84fa94-04c1-424b-9868-57a2d4851a1d" />
    <TestEntry testId="082ecd90-cd6a-08dc-44f3-b3a9132568e3" executionId="d28a2446-cc72-467c-b1cc-1fefd723851d" testListId="8c84fa94-04c1-424b-9868-57a2d4851a1d" />
    <TestEntry testId="ab5fe0dd-c563-bf1f-305f-1efafcc9e3c4" executionId="4685f4f9-ef07-41a2-90a1-127cecb63b1e" testListId="8c84fa94-04c1-424b-9868-57a2d4851a1d" />
    <TestEntry testId="c2c04e98-e576-5dca-5734-d5cc200099a6" executionId="7d7f6992-6b9e-48f2-acab-d2a88d669838" testListId="8c84fa94-04c1-424b-9868-57a2d4851a1d" />
    <TestEntry testId="78410454-9798-10a4-a6b0-96d74dd2313c" executionId="42a2c516-dcc9-4dfc-ac77-1da7fccf76eb" testListId="8c84fa94-04c1-424b-9868-57a2d4851a1d" />
    <TestEntry testId="a0443b37-ab3a-c2e5-1bdd-bab22a3fb13a" executionId="217ceef5-9d1a-4d0e-9602-562d5fff42e1" testListId="8c84fa94-04c1-424b-9868-57a2d4851a1d" />
    <TestEntry testId="82d37856-d8ef-15b8-7133-dfcb7cb39eaf" executionId="c0052411-2884-4e61-b1b7-c71b83047ff2" testListId="8c84fa94-04c1-424b-9868-57a2d4851a1d" />
    <TestEntry testId="6905741a-5c7e-8174-5d19-04b23ae5b779" executionId="40011cae-7a8e-49fc-a1fb-0330a7ac16ae" testListId="8c84fa94-04c1-424b-9868-57a2d4851a1d" />
    <TestEntry testId="5d3f8fc0-b97b-c086-40b2-6affaa9438df" executionId="82bb559d-b053-48ba-bede-cee2dcf135d5" testListId="8c84fa94-04c1-424b-9868-57a2d4851a1d" />
    <TestEntry testId="4b24004b-d400-44b7-4a25-ddc26cc5f022" executionId="880d4ace-1a4f-42e0-944e-05fb85712d70" testListId="8c84fa94-04c1-424b-9868-57a2d4851a1d" />
    <TestEntry testId="ee9226e9-7a42-d049-4837-5da1cc22dce0" executionId="bae74de7-a26f-4eae-9c80-17f036f2df7f" testListId="8c84fa94-04c1-424b-9868-57a2d4851a1d" />
    <TestEntry testId="4c87aa0c-c56b-b754-a41b-f1573972c44b" executionId="eff862c9-62df-4dba-84f3-3541b6f55bbc" testListId="8c84fa94-04c1-424b-9868-57a2d4851a1d" />
    <TestEntry testId="75fbb0cd-c2fa-1c95-0160-f622d5b45092" executionId="12b4f676-02bd-4c8b-8941-9753b1b06cca" testListId="8c84fa94-04c1-424b-9868-57a2d4851a1d" />
    <TestEntry testId="46bf9e98-581b-ed21-4068-ec39f8188b91" executionId="be149407-3f90-472d-b937-9b3bbc6c8e16" testListId="8c84fa94-04c1-424b-9868-57a2d4851a1d" />
    <TestEntry testId="2ee83b99-e286-2059-d828-19cc99fc2cc4" executionId="880f6fcf-3475-4b39-9781-7f9705e4007b" testListId="8c84fa94-04c1-424b-9868-57a2d4851a1d" />
    <TestEntry testId="f0ebc854-c13b-2b60-a0fd-ffd0a235b26d" executionId="8373c7e2-3d0f-44f2-a8d6-e7051eff5103" testListId="8c84fa94-04c1-424b-9868-57a2d4851a1d" />
    <TestEntry testId="1c4744cc-61d4-e4cf-4e8e-47488f33fd5b" executionId="7e012dab-a524-400a-adb8-7562867505fc" testListId="8c84fa94-04c1-424b-9868-57a2d4851a1d" />
    <TestEntry testId="ac15fd27-a253-7dca-7539-8cb0e2493685" executionId="27ff8791-0aae-4a05-bf2a-0261e31d10c2" testListId="8c84fa94-04c1-424b-9868-57a2d4851a1d" />
    <TestEntry testId="7739c338-27eb-6231-f39e-457ef356e1cd" executionId="c19bbb5e-5874-470b-97a2-b066fa08a767" testListId="8c84fa94-04c1-424b-9868-57a2d4851a1d" />
    <TestEntry testId="aac10e62-9d0b-cc86-10c1-c58eccffc8a5" executionId="3a0da623-444c-4aad-a0a2-9aac82f8bb9d" testListId="8c84fa94-04c1-424b-9868-57a2d4851a1d" />
    <TestEntry testId="490e7964-564a-533a-f8bb-4cc32aa32787" executionId="04a540af-3243-4d6d-9da0-7d2ee207ec8f" testListId="8c84fa94-04c1-424b-9868-57a2d4851a1d" />
    <TestEntry testId="adb45a6a-26fd-ba52-beaa-50bf00558977" executionId="0e48ab49-5bda-441c-816c-03a19fdb95aa" testListId="8c84fa94-04c1-424b-9868-57a2d4851a1d" />
    <TestEntry testId="96931d14-cc35-35bb-51f7-71a866f0df4b" executionId="c83f4e5a-54e0-4e22-8f87-a775ce647d51" testListId="8c84fa94-04c1-424b-9868-57a2d4851a1d" />
    <TestEntry testId="fe9fa5ff-b8ec-9da8-f475-9b5dd8c18a81" executionId="5dee87b4-d0e3-4f0d-b811-409a28f6bfaf" testListId="8c84fa94-04c1-424b-9868-57a2d4851a1d" />
    <TestEntry testId="588ff876-ec36-54e8-8872-562ec2940133" executionId="ab81e61b-fe0f-478f-8e27-bc438ac53bcb" testListId="8c84fa94-04c1-424b-9868-57a2d4851a1d" />
    <TestEntry testId="af2e5f14-0383-5727-555f-05fe1be1d426" executionId="1614d36b-6de6-46a0-aa85-903d62f638a3" testListId="8c84fa94-04c1-424b-9868-57a2d4851a1d" />
    <TestEntry testId="0692149d-061c-982d-3d4f-ebaa7c87c549" executionId="13d5b0d1-9f7b-4265-a54a-d1a0d3e88f60" testListId="8c84fa94-04c1-424b-9868-57a2d4851a1d" />
    <TestEntry testId="84beeaec-a55a-7a5a-a1f4-9278e25a84fd" executionId="ef93d2f4-19c8-4b98-b7bb-9f07605369c9" testListId="8c84fa94-04c1-424b-9868-57a2d4851a1d" />
    <TestEntry testId="664c6c39-1950-e918-603e-2d8ac39f7b2d" executionId="146085f1-0e28-4c16-95e2-867697dfd430" testListId="8c84fa94-04c1-424b-9868-57a2d4851a1d" />
    <TestEntry testId="c199b950-0fe6-f2e5-8d0f-5590a7fb8eef" executionId="c4330124-0e04-4a95-a507-a0617115694a" testListId="8c84fa94-04c1-424b-9868-57a2d4851a1d" />
    <TestEntry testId="66c9557b-c149-2e3d-d5ea-3250190bb2c2" executionId="4081dc1e-7fc1-45ba-bb7b-53e7336251b6" testListId="8c84fa94-04c1-424b-9868-57a2d4851a1d" />
    <TestEntry testId="4a7c2bdf-ce23-9336-545f-1fa2b8f89c3d" executionId="1e7c5acb-6f33-4b73-ba5d-92d4abda04eb" testListId="8c84fa94-04c1-424b-9868-57a2d4851a1d" />
    <TestEntry testId="aab282aa-ad90-6e2a-3ce9-e3773114a944" executionId="490add0d-60e0-46a0-8567-529b280c3f9d" testListId="8c84fa94-04c1-424b-9868-57a2d4851a1d" />
    <TestEntry testId="55bdeb1c-462d-a82c-f7ac-cb0d9ea41e70" executionId="8a96ec53-1f07-451e-b714-0af2e285cb68" testListId="8c84fa94-04c1-424b-9868-57a2d4851a1d" />
    <TestEntry testId="9bcd0202-63b0-a2b2-3000-3588e2a360cd" executionId="e81c6f87-6322-4534-993a-a2f75141bced" testListId="8c84fa94-04c1-424b-9868-57a2d4851a1d" />
    <TestEntry testId="6d42fd8c-c040-b48c-e6d2-bb547135a91f" executionId="aa2912f8-c221-426a-9333-636822898403" testListId="8c84fa94-04c1-424b-9868-57a2d4851a1d" />
    <TestEntry testId="7f66b7da-de57-f7e0-4a65-94ed5a0266b4" executionId="1528cd9d-7b8a-4582-9b32-d71a04027d9b" testListId="8c84fa94-04c1-424b-9868-57a2d4851a1d" />
    <TestEntry testId="9d90b675-45bc-4904-0227-d0c44d00b4d5" executionId="da5c3b65-f917-4f6e-aa16-dc6dd8d0c7ec" testListId="8c84fa94-04c1-424b-9868-57a2d4851a1d" />
    <TestEntry testId="158b079f-5a80-ad96-877a-5a4d13ecf6d0" executionId="3297bbf6-0fd9-4b11-a4e5-00c7d3260ed3" testListId="8c84fa94-04c1-424b-9868-57a2d4851a1d" />
    <TestEntry testId="771af3da-b850-a6a4-7b37-ea0d6e1037c1" executionId="67451af2-d29a-4d78-99ca-81b323e156a6" testListId="8c84fa94-04c1-424b-9868-57a2d4851a1d" />
    <TestEntry testId="b9620a8c-f3e1-5558-91f6-f847710ba86c" executionId="df321010-e7e7-45c8-8242-1fdd66030194" testListId="8c84fa94-04c1-424b-9868-57a2d4851a1d" />
    <TestEntry testId="86eaf42e-c871-8ba8-6148-f8452ed3f9cf" executionId="b5bf9721-f76b-42bc-bc1f-cbd66d97c747" testListId="8c84fa94-04c1-424b-9868-57a2d4851a1d" />
    <TestEntry testId="acb3bee3-815d-0e62-c834-e669f2acf8d8" executionId="3714134b-9b80-4d63-91df-02dd684839a7" testListId="8c84fa94-04c1-424b-9868-57a2d4851a1d" />
    <TestEntry testId="360a5b69-84c6-d741-05e8-229f4567bfb3" executionId="43496765-57ef-481b-b7f7-0a6e79547f53" testListId="8c84fa94-04c1-424b-9868-57a2d4851a1d" />
    <TestEntry testId="e68f7d42-f59c-4600-6af3-d7b4b8daacca" executionId="ed841956-7192-4ded-8c2a-11ae8a6f6dd7" testListId="8c84fa94-04c1-424b-9868-57a2d4851a1d" />
    <TestEntry testId="b0211203-6613-8af6-27ec-57bd6e3d9589" executionId="f74ea95e-e63a-4839-856e-e660d74efbd3" testListId="8c84fa94-04c1-424b-9868-57a2d4851a1d" />
    <TestEntry testId="12b01767-1152-86d2-fa25-fbd881fa6122" executionId="948d4510-8f25-4e53-ab92-6b58ec01b19a" testListId="8c84fa94-04c1-424b-9868-57a2d4851a1d" />
    <TestEntry testId="8990191b-24ce-f4c6-9621-98b8def434fa" executionId="d69ec78b-b867-471a-92eb-e228712b73f8" testListId="8c84fa94-04c1-424b-9868-57a2d4851a1d" />
    <TestEntry testId="ae22dca9-2c0d-4866-9901-227de3fea027" executionId="9b732a05-6734-42fa-9c8c-51d6ac09b239" testListId="8c84fa94-04c1-424b-9868-57a2d4851a1d" />
    <TestEntry testId="63f6badc-75ca-49e3-34dc-16f32740f2dc" executionId="b6d37296-e411-44f9-bc2c-495666baee5b" testListId="8c84fa94-04c1-424b-9868-57a2d4851a1d" />
    <TestEntry testId="f1765d29-d53f-8d02-a25d-e6d6684f550d" executionId="fde626a2-93ff-4bf2-ab0f-57f951fbace4" testListId="8c84fa94-04c1-424b-9868-57a2d4851a1d" />
    <TestEntry testId="dba49773-5d33-9e84-a8dc-6e4b869da304" executionId="094e9b37-583a-4f08-a5b5-e3394f6a5350" testListId="8c84fa94-04c1-424b-9868-57a2d4851a1d" />
    <TestEntry testId="7ecc084e-eb1c-1dc2-3fa1-ca4480409cd4" executionId="17e932c0-2bd2-4c77-b67e-b1fd6e744295" testListId="8c84fa94-04c1-424b-9868-57a2d4851a1d" />
    <TestEntry testId="89930b7f-443a-277a-9e1c-dc075f2e851e" executionId="a532947b-7acf-4728-ab84-ba0265b3cc18" testListId="8c84fa94-04c1-424b-9868-57a2d4851a1d" />
    <TestEntry testId="7ff84ea9-41b0-fba9-537a-539e9deaafa7" executionId="acb13811-12a0-4eb1-8140-52cbfe2ddad1" testListId="8c84fa94-04c1-424b-9868-57a2d4851a1d" />
    <TestEntry testId="b4298ca8-9752-bfa9-c052-cd715e74c130" executionId="2e86fe77-38f5-4c89-a7d0-5d431c70f8b0" testListId="8c84fa94-04c1-424b-9868-57a2d4851a1d" />
    <TestEntry testId="3efb8632-d275-2f59-6e77-6a95bebd84ae" executionId="72924807-fbcb-4c82-8cf7-3e724731e32a" testListId="8c84fa94-04c1-424b-9868-57a2d4851a1d" />
    <TestEntry testId="02013f03-f3c8-ae40-1d17-a301222d6f0c" executionId="53e720e7-c520-4b8b-9933-07a2c177dde4" testListId="8c84fa94-04c1-424b-9868-57a2d4851a1d" />
    <TestEntry testId="22d08012-2885-1c43-3f38-23756f15dee5" executionId="9859fdb2-1eff-4701-832e-b7efc08fd9ee" testListId="8c84fa94-04c1-424b-9868-57a2d4851a1d" />
    <TestEntry testId="cbb4fcb6-2f38-80c4-a211-f0717738d4b0" executionId="95eceb65-8348-4737-bd15-484a56098fd8" testListId="8c84fa94-04c1-424b-9868-57a2d4851a1d" />
    <TestEntry testId="c87ffa61-951f-ee62-c1fb-b3754d84e4e7" executionId="f67dc03b-785e-4045-9de1-6e0c85fbeb9f" testListId="8c84fa94-04c1-424b-9868-57a2d4851a1d" />
    <TestEntry testId="69d8e4e1-c6b4-49a3-77e0-7723a1266172" executionId="5f4be257-2428-4fa9-850f-df22ced55a35" testListId="8c84fa94-04c1-424b-9868-57a2d4851a1d" />
    <TestEntry testId="12a4adbd-8d8a-c9d9-c0e7-b2f4566a6261" executionId="e9ef4f79-34e1-4674-9f12-f2432bded561" testListId="8c84fa94-04c1-424b-9868-57a2d4851a1d" />
    <TestEntry testId="a713d85e-4be9-e408-9b6e-5babcb270474" executionId="e61abc5c-35a7-46a2-b77f-10aa1ef30e0e" testListId="8c84fa94-04c1-424b-9868-57a2d4851a1d" />
    <TestEntry testId="35f7f4a5-68b4-b2cc-93d0-68a0b4a2c229" executionId="5d6686d9-2831-4184-96f9-ee23ea8720c6" testListId="8c84fa94-04c1-424b-9868-57a2d4851a1d" />
    <TestEntry testId="a458d2f4-9d49-ccf4-721d-334e9190a07e" executionId="ed48cc07-1c14-4269-9094-30b1a0b34f67" testListId="8c84fa94-04c1-424b-9868-57a2d4851a1d" />
    <TestEntry testId="7fbd8cd6-5269-2a27-a6ab-cabaa043e40b" executionId="62084a17-dd74-44ac-a62c-62ca7bdb9432" testListId="8c84fa94-04c1-424b-9868-57a2d4851a1d" />
    <TestEntry testId="2f585eda-a8b0-9e5a-ae46-f446f35708ae" executionId="31f68930-0f83-4aab-987f-b8ba7631d4a6" testListId="8c84fa94-04c1-424b-9868-57a2d4851a1d" />
    <TestEntry testId="10de2d20-9e13-becf-3e27-76a1ef40ac99" executionId="33468120-f106-4f33-80df-1048d361d555" testListId="8c84fa94-04c1-424b-9868-57a2d4851a1d" />
    <TestEntry testId="df5c3845-a233-27f8-e47f-7255071d02b8" executionId="f207e489-e978-4459-af89-ef280fcd17b4" testListId="8c84fa94-04c1-424b-9868-57a2d4851a1d" />
    <TestEntry testId="03dd6afe-2c0d-3663-e961-0f00a0c6a3ae" executionId="479c71cc-70de-48ab-9c0d-54181d83d49b" testListId="8c84fa94-04c1-424b-9868-57a2d4851a1d" />
    <TestEntry testId="acc907e0-eedb-13b3-9540-f00a85570944" executionId="634ad7b8-9bda-4078-9354-d2946a93ae7c" testListId="8c84fa94-04c1-424b-9868-57a2d4851a1d" />
    <TestEntry testId="1c474e5c-e144-f6a4-c5f5-6173a6aa1119" executionId="719685f0-0e48-4adf-ba97-80af17d7fda0" testListId="8c84fa94-04c1-424b-9868-57a2d4851a1d" />
    <TestEntry testId="6b24da30-96ab-03d3-8fc1-4449fc2a544f" executionId="3fb7d88d-0205-4740-80b5-dde3dd202bc9" testListId="8c84fa94-04c1-424b-9868-57a2d4851a1d" />
    <TestEntry testId="486ac792-638c-4173-7311-6ecbee32a46a" executionId="b39ca1c7-283e-42a4-af03-331cb55f7494" testListId="8c84fa94-04c1-424b-9868-57a2d4851a1d" />
    <TestEntry testId="aa18df7f-8e97-0d88-ce84-804dec7d1f8f" executionId="cb044f3b-65d1-4a08-a03c-748c11d0982f" testListId="8c84fa94-04c1-424b-9868-57a2d4851a1d" />
    <TestEntry testId="4ab6e189-06f3-17c5-6204-02c05e7c73d1" executionId="3544781a-b58b-4ec0-b70d-fb1d35e55f30" testListId="8c84fa94-04c1-424b-9868-57a2d4851a1d" />
    <TestEntry testId="8863ace4-dc22-2d7f-76b3-57b7f71ab777" executionId="dab02a98-ea9e-43f1-9609-652b013a142e" testListId="8c84fa94-04c1-424b-9868-57a2d4851a1d" />
    <TestEntry testId="48bc2a39-14e4-f040-7b07-52ed2d46c7ad" executionId="5de5fd76-2bb3-4db8-bfc4-abce64a07142" testListId="8c84fa94-04c1-424b-9868-57a2d4851a1d" />
    <TestEntry testId="a1c4ddaf-fc3e-ab39-fb53-e6902831a046" executionId="74c37ea2-7f62-41d4-bc93-aa60226de2dc" testListId="8c84fa94-04c1-424b-9868-57a2d4851a1d" />
    <TestEntry testId="d9e2c8f9-5652-2464-f933-9795a5513b3a" executionId="48a5e0db-d87b-4b60-ade6-473c6ef64203" testListId="8c84fa94-04c1-424b-9868-57a2d4851a1d" />
    <TestEntry testId="4e0fab39-367c-1038-c53c-5d8c6cdb1e31" executionId="f66dd64e-1426-4e75-a4cf-6b7e8046226e" testListId="8c84fa94-04c1-424b-9868-57a2d4851a1d" />
    <TestEntry testId="c3beedb4-5102-026d-a724-891c471d87e4" executionId="dc3c6fd1-7055-4b89-8de8-92882917ea9f" testListId="8c84fa94-04c1-424b-9868-57a2d4851a1d" />
    <TestEntry testId="1a677ad7-bcbb-a3f0-1921-9ce6d36040ac" executionId="7bf679d9-04e3-4470-a55b-4a8741b0e243" testListId="8c84fa94-04c1-424b-9868-57a2d4851a1d" />
    <TestEntry testId="5754e61c-98e2-c3d4-4fd8-ba1700f5667d" executionId="8c6f40fa-3751-4da2-a597-536b29ea1f19" testListId="8c84fa94-04c1-424b-9868-57a2d4851a1d" />
    <TestEntry testId="2c65fef8-cde4-9bec-37cc-169897e4e944" executionId="5276dd00-5fb4-43c6-8399-e48dac2f125d" testListId="8c84fa94-04c1-424b-9868-57a2d4851a1d" />
    <TestEntry testId="5ce1fcc1-c285-77cd-ae3b-20081d5cd75a" executionId="2f2260fc-c06c-42f2-b2ce-22e0097838c7" testListId="8c84fa94-04c1-424b-9868-57a2d4851a1d" />
    <TestEntry testId="acb1ab8e-53d8-0188-b905-0ea66e54576d" executionId="32268ef3-59d7-4139-a495-ceeb6177011b" testListId="8c84fa94-04c1-424b-9868-57a2d4851a1d" />
    <TestEntry testId="fc99facc-ad9e-cca0-01d9-61361572a65a" executionId="3f2d7df1-96f1-4fb0-a95e-8f5cb94da25c" testListId="8c84fa94-04c1-424b-9868-57a2d4851a1d" />
    <TestEntry testId="92996b23-354a-d707-abfd-bb581c620a85" executionId="aee40149-acf0-47ce-8e95-6c7d28f9f40c" testListId="8c84fa94-04c1-424b-9868-57a2d4851a1d" />
    <TestEntry testId="0771727a-7b1e-cb6f-af21-556d51024ee4" executionId="ae350417-f5f0-4e28-98bb-f2ca0a65cce9" testListId="8c84fa94-04c1-424b-9868-57a2d4851a1d" />
    <TestEntry testId="63fea253-0bce-38e8-9818-42f90c16b632" executionId="bbc8b3f4-2b78-42ba-91d0-698d6b52256f" testListId="8c84fa94-04c1-424b-9868-57a2d4851a1d" />
    <TestEntry testId="018e2d87-3b74-ec65-33b0-205e7011b9b5" executionId="b6fe64c8-43dc-45b2-b5d0-7ca782983e5a" testListId="8c84fa94-04c1-424b-9868-57a2d4851a1d" />
    <TestEntry testId="50cf72d1-0ec6-a518-7cbd-a42b970da334" executionId="45baecc4-6532-4311-b00b-5522333923e9" testListId="8c84fa94-04c1-424b-9868-57a2d4851a1d" />
    <TestEntry testId="5a317f58-5340-0bdf-bbbf-2cf5c6868376" executionId="17843ea2-ca40-4fee-aeeb-b8fb3e9520ee" testListId="8c84fa94-04c1-424b-9868-57a2d4851a1d" />
    <TestEntry testId="fca1f8fe-7df4-4fdb-ec09-dc9d5e651af4" executionId="60b3bb8a-ed07-4c30-a3c3-e925e39d5782" testListId="8c84fa94-04c1-424b-9868-57a2d4851a1d" />
    <TestEntry testId="0152b47b-1b3f-97f2-2057-f31638973d02" executionId="e20ba904-dcb3-4519-9dec-9caa29e623ec" testListId="8c84fa94-04c1-424b-9868-57a2d4851a1d" />
    <TestEntry testId="38ae8859-aeae-4431-0005-158dc0dca1ba" executionId="143ced3b-70d6-4605-9f78-cfa472cdd18c" testListId="8c84fa94-04c1-424b-9868-57a2d4851a1d" />
    <TestEntry testId="09c63d31-7659-4b84-884f-69e5a80116b6" executionId="ac451566-539c-43ca-9d7b-57e6f49ed2dc" testListId="8c84fa94-04c1-424b-9868-57a2d4851a1d" />
    <TestEntry testId="fd13c37a-6d0d-e621-2701-74af31366894" executionId="66a3d89f-cf5c-4f06-a1ef-4a33aef1f17f" testListId="8c84fa94-04c1-424b-9868-57a2d4851a1d" />
    <TestEntry testId="5997d22f-10df-8ccb-263d-7f78f6029696" executionId="c6c58d7e-1f50-4dff-aa0d-dafddac21a69" testListId="8c84fa94-04c1-424b-9868-57a2d4851a1d" />
    <TestEntry testId="77d3fe13-3564-015d-7a4f-d66cf1691384" executionId="2204a950-1586-4a39-a9e5-368895f3d014" testListId="8c84fa94-04c1-424b-9868-57a2d4851a1d" />
    <TestEntry testId="c5b6b720-03d0-f3a5-ddc2-0f57daed133f" executionId="988eb84d-9e17-4f02-91fb-e86a01fe7e04" testListId="8c84fa94-04c1-424b-9868-57a2d4851a1d" />
    <TestEntry testId="203250db-4eeb-a0f2-a3da-987ceaf617b3" executionId="c5e18e65-ac18-4118-bef4-1cbb4d3b638e" testListId="8c84fa94-04c1-424b-9868-57a2d4851a1d" />
    <TestEntry testId="136f250b-a2a4-4bce-2149-25b21eedfaea" executionId="dc150659-1e43-4463-a494-fa5da8b5d067" testListId="8c84fa94-04c1-424b-9868-57a2d4851a1d" />
    <TestEntry testId="b95ba696-bf66-4579-3b41-d5325e861dd7" executionId="5bfbe5df-91a5-4995-9d3b-8b58d7fb0efa" testListId="8c84fa94-04c1-424b-9868-57a2d4851a1d" />
    <TestEntry testId="a9d72b6c-70a1-b339-513b-1aeef335d69f" executionId="5b1cd8b0-158f-4251-9f43-59d42497936e" testListId="8c84fa94-04c1-424b-9868-57a2d4851a1d" />
    <TestEntry testId="6aa349d6-952a-6cb8-3b52-449c35603c8a" executionId="96fa8c11-c196-4cd3-bbff-e21d83a83409" testListId="8c84fa94-04c1-424b-9868-57a2d4851a1d" />
    <TestEntry testId="f09f945d-010d-c134-c57a-c98e4f5f6c9d" executionId="90fd2262-d4eb-46ec-beb6-8951013f4329" testListId="8c84fa94-04c1-424b-9868-57a2d4851a1d" />
    <TestEntry testId="eba67419-0ba6-e4bf-58dc-6c9a22c8e85a" executionId="6c9454de-025e-4a89-99ae-9d0a659f0ac7" testListId="8c84fa94-04c1-424b-9868-57a2d4851a1d" />
    <TestEntry testId="cef3c170-314f-5c07-076f-dd65bf2d42ab" executionId="9df1a131-9721-4724-a808-45ed585cf64c" testListId="8c84fa94-04c1-424b-9868-57a2d4851a1d" />
    <TestEntry testId="36a69c1a-e7ef-dbb8-ed45-6b67da6ffa22" executionId="c67de8d5-f4fe-4bfa-94df-7dc0a6047432" testListId="8c84fa94-04c1-424b-9868-57a2d4851a1d" />
    <TestEntry testId="5ff9b51c-4e1c-5c3c-4658-c019f545cefe" executionId="70fbaf2a-955b-4a57-88b3-7df448fe9d0d" testListId="8c84fa94-04c1-424b-9868-57a2d4851a1d" />
    <TestEntry testId="937df9c4-c878-f529-8b77-c1ccd47d0caa" executionId="916efc05-4176-417b-b147-0fc8b10a9dab" testListId="8c84fa94-04c1-424b-9868-57a2d4851a1d" />
    <TestEntry testId="f9c8c4a1-2598-8797-b158-ea9d8f199e69" executionId="7b25c9b4-c8bc-4e32-9493-5cef57e9a79b" testListId="8c84fa94-04c1-424b-9868-57a2d4851a1d" />
    <TestEntry testId="e1ae1242-d694-f8f9-10e5-6e7a3c17bac6" executionId="ae2a559e-d5b2-4cf2-8939-f5ffd5407ccd" testListId="8c84fa94-04c1-424b-9868-57a2d4851a1d" />
    <TestEntry testId="6f68000e-a2fd-05b2-ad24-f91ef4d642d9" executionId="3a7ca635-961b-4609-9767-7216d1555788" testListId="8c84fa94-04c1-424b-9868-57a2d4851a1d" />
    <TestEntry testId="ab91da9c-0e86-f635-ac5f-67e2ac6c00d5" executionId="de6003ee-a55e-404a-8d5b-06b1a81f325e" testListId="8c84fa94-04c1-424b-9868-57a2d4851a1d" />
    <TestEntry testId="97d36a8b-c673-fa27-96f4-52bb6df3dd6e" executionId="4c7deebd-6e98-458c-8f92-17c09ad1211b" testListId="8c84fa94-04c1-424b-9868-57a2d4851a1d" />
    <TestEntry testId="a3f25151-fd8f-743f-8175-ed7cfff85002" executionId="a6c48c70-2e98-4941-a5ae-76e13bd573ef" testListId="8c84fa94-04c1-424b-9868-57a2d4851a1d" />
    <TestEntry testId="25be1f78-39bc-c728-10d8-0213b417a9ef" executionId="b2ad347b-f1c0-4c0a-89c9-016e8199b91a" testListId="8c84fa94-04c1-424b-9868-57a2d4851a1d" />
    <TestEntry testId="0153a1e0-dce4-1d36-d924-8f093fad1ca0" executionId="2822f54c-ad19-4258-9cd5-3b6833e55389" testListId="8c84fa94-04c1-424b-9868-57a2d4851a1d" />
    <TestEntry testId="eaacc939-8c52-d76d-0d8a-74169cd672a2" executionId="8072da64-9b19-4ce3-aab1-1d2ddaa120a1" testListId="8c84fa94-04c1-424b-9868-57a2d4851a1d" />
    <TestEntry testId="486ac0ee-b49e-25d1-6f5a-003a269c400a" executionId="ab7bb725-8fc0-4c82-8876-de6e5aae3191" testListId="8c84fa94-04c1-424b-9868-57a2d4851a1d" />
    <TestEntry testId="7b92f1d2-48ab-9269-1673-5506160d2980" executionId="4b71027b-25f5-432b-94b9-f52842fbe366" testListId="8c84fa94-04c1-424b-9868-57a2d4851a1d" />
    <TestEntry testId="1af254ce-5d7e-e686-d6b9-65a4a61f2849" executionId="080ade21-1f8b-4d96-947d-777d4819dabf" testListId="8c84fa94-04c1-424b-9868-57a2d4851a1d" />
    <TestEntry testId="71192bcb-c1cd-4026-7b28-6fa22a7afc9e" executionId="75544ada-5c3d-46a8-aa0c-70cda9dd0654" testListId="8c84fa94-04c1-424b-9868-57a2d4851a1d" />
    <TestEntry testId="5e3bdf58-1844-a1b4-806a-46eb12369c4c" executionId="afaf8a75-c226-411d-90fe-8663c3dc64fc" testListId="8c84fa94-04c1-424b-9868-57a2d4851a1d" />
    <TestEntry testId="f016efe6-b33c-ffb6-74a7-426748f0e966" executionId="c566f88d-4f25-46a3-ae78-ef6ea5152d35" testListId="8c84fa94-04c1-424b-9868-57a2d4851a1d" />
    <TestEntry testId="a7b1ca77-c533-93d1-99ba-9a567e13f38f" executionId="bf3f048c-c2cc-4ecc-8cf6-50b457135d01" testListId="8c84fa94-04c1-424b-9868-57a2d4851a1d" />
    <TestEntry testId="bb3cee59-0e2f-46ea-0724-587b7e96a89c" executionId="1e3ab7c5-afc0-46dd-8488-a20fee9cec27" testListId="8c84fa94-04c1-424b-9868-57a2d4851a1d" />
    <TestEntry testId="661f631a-85a7-065b-6ac4-6862fc678c2b" executionId="cc7ec3b1-da71-4303-aeeb-6a8103ef2ebf" testListId="8c84fa94-04c1-424b-9868-57a2d4851a1d" />
    <TestEntry testId="1405cb77-5474-643e-05e9-78856c3ea7b9" executionId="f8543838-53d8-4566-b15c-1dacb0c4bdf3" testListId="8c84fa94-04c1-424b-9868-57a2d4851a1d" />
    <TestEntry testId="45645b5a-6126-a203-b770-e801119174e8" executionId="29a801cc-a645-4023-a6e8-0e9b5facd1f8" testListId="8c84fa94-04c1-424b-9868-57a2d4851a1d" />
    <TestEntry testId="f30bbbd3-3d73-703e-eea2-925cfa55189d" executionId="d0dc0df0-21e7-48f7-8433-35a9c3e5a551" testListId="8c84fa94-04c1-424b-9868-57a2d4851a1d" />
    <TestEntry testId="03dc18b2-6dc1-9d25-a982-2b0e7389d0a6" executionId="6dbfe758-7a68-456c-880d-21dc7d26e5e1" testListId="8c84fa94-04c1-424b-9868-57a2d4851a1d" />
    <TestEntry testId="9b865ef5-ace8-8622-14e6-2807e0fb2add" executionId="35a574a7-043d-4c7d-8fdb-033236569eba" testListId="8c84fa94-04c1-424b-9868-57a2d4851a1d" />
    <TestEntry testId="055b4e5c-9049-e74b-43bd-2a5fd25e970b" executionId="df33cee5-5202-4b1b-8620-ccf5f5aab8b5" testListId="8c84fa94-04c1-424b-9868-57a2d4851a1d" />
    <TestEntry testId="7152b996-422a-4961-88f9-ab00327f89a3" executionId="2d5bbbcf-5102-4d4e-aebd-f1546e557473" testListId="8c84fa94-04c1-424b-9868-57a2d4851a1d" />
    <TestEntry testId="08983fcd-54fe-2816-187c-45a1c5bbec37" executionId="4231f2a1-1c96-4369-8aa1-e1afe61a2b95" testListId="8c84fa94-04c1-424b-9868-57a2d4851a1d" />
    <TestEntry testId="d8a329ba-c4d1-c4f1-d573-a40cf5804ed0" executionId="af2dab40-0924-4616-849f-00f0ca184682" testListId="8c84fa94-04c1-424b-9868-57a2d4851a1d" />
    <TestEntry testId="59e310b5-eac7-b820-9d56-6cf319543287" executionId="f302c4e6-e14f-4ff6-a52c-c3205ed8a372" testListId="8c84fa94-04c1-424b-9868-57a2d4851a1d" />
    <TestEntry testId="ecc470fa-6ca3-eddb-c95e-18809a25c516" executionId="4ea7f43e-e864-4f4d-bfb5-c069749dd496" testListId="8c84fa94-04c1-424b-9868-57a2d4851a1d" />
    <TestEntry testId="90cccb7e-1891-84dd-ede0-a725032bf3e9" executionId="e6616bf5-04a3-462e-98fc-f8a59c463fe5" testListId="8c84fa94-04c1-424b-9868-57a2d4851a1d" />
    <TestEntry testId="0def198f-cf9d-8c62-2581-9a6090f5fbc9" executionId="b3ee438b-bc3e-4157-9f64-4ea56486c0f3" testListId="8c84fa94-04c1-424b-9868-57a2d4851a1d" />
    <TestEntry testId="71d4b32f-7371-e627-ac04-661a1fea9f42" executionId="b5a30fdc-215f-4a63-9b2d-401020f3430a" testListId="8c84fa94-04c1-424b-9868-57a2d4851a1d" />
    <TestEntry testId="4fec0688-570f-f7c3-b388-2105544b1ec9" executionId="03269d64-5815-45cb-9fd3-fccce8f365e7" testListId="8c84fa94-04c1-424b-9868-57a2d4851a1d" />
    <TestEntry testId="1393a5cb-435f-81a5-a5c2-589073bde11f" executionId="8e2b80bf-649e-40d2-89c7-ff4461a2ddee" testListId="8c84fa94-04c1-424b-9868-57a2d4851a1d" />
    <TestEntry testId="281b2b74-baf1-6b52-ed5c-a61a47c59d4b" executionId="72eb5ec8-358d-48c2-a939-ead79f4ef433" testListId="8c84fa94-04c1-424b-9868-57a2d4851a1d" />
    <TestEntry testId="3bc5a19b-af06-ee9b-e6ca-c14ea37262dc" executionId="6ec6828a-9fa4-4fbb-a2aa-ab2a745d9395" testListId="8c84fa94-04c1-424b-9868-57a2d4851a1d" />
    <TestEntry testId="4a92a97d-092d-826d-c116-86acae774336" executionId="d077a301-de34-4edb-8d91-c98e1282710e" testListId="8c84fa94-04c1-424b-9868-57a2d4851a1d" />
    <TestEntry testId="aab3a971-947d-ce24-4dfc-ab6ad28ff8a7" executionId="6cfad70c-59a5-4a07-88b5-f1d017448453" testListId="8c84fa94-04c1-424b-9868-57a2d4851a1d" />
    <TestEntry testId="b5df2dbd-5065-cb1a-ce57-fd72707a2cdc" executionId="4804b9f5-72af-4b82-b1d4-8610039735e4" testListId="8c84fa94-04c1-424b-9868-57a2d4851a1d" />
    <TestEntry testId="5c240baa-9c71-dede-47cc-974a9905964f" executionId="15742aca-3316-42dc-aacc-338d30e693f5" testListId="8c84fa94-04c1-424b-9868-57a2d4851a1d" />
    <TestEntry testId="9812cefd-1257-79cb-91a7-5382c3478d46" executionId="3e40d223-d293-43fa-a5b8-7777f2fbeda6" testListId="8c84fa94-04c1-424b-9868-57a2d4851a1d" />
    <TestEntry testId="9262bf29-7cc2-7d52-32d2-0249cd141759" executionId="541dd486-b930-48d2-9858-81757b702388" testListId="8c84fa94-04c1-424b-9868-57a2d4851a1d" />
    <TestEntry testId="ffb75c75-68be-f3be-e429-85550bfb8f3e" executionId="b49160e4-5789-437a-9179-183930950bcc" testListId="8c84fa94-04c1-424b-9868-57a2d4851a1d" />
    <TestEntry testId="27eead9d-95e5-867e-bdf7-c830e0d88b40" executionId="b7b4d7b6-eabc-4655-bd21-32986cf09799" testListId="8c84fa94-04c1-424b-9868-57a2d4851a1d" />
    <TestEntry testId="4809fe71-0e18-5383-8977-1d7aa83ba49b" executionId="dac52cb7-3e48-41a4-8c63-a8951fd74624" testListId="8c84fa94-04c1-424b-9868-57a2d4851a1d" />
    <TestEntry testId="4a9ee53d-4492-6d40-8fa6-c23adf2b7cfc" executionId="0e1dc61a-bb19-4820-9733-fe3cfc417227" testListId="8c84fa94-04c1-424b-9868-57a2d4851a1d" />
    <TestEntry testId="51c810f9-6747-b0a8-4122-cb6b1986b141" executionId="866ceff0-1c7b-4664-b082-72b09e29ff59" testListId="8c84fa94-04c1-424b-9868-57a2d4851a1d" />
    <TestEntry testId="ea9551eb-3309-a871-541b-dc91e6a1d4cb" executionId="ca1beeb4-d317-46fd-a04d-01522fe6af33" testListId="8c84fa94-04c1-424b-9868-57a2d4851a1d" />
    <TestEntry testId="2dec243a-efa5-1ca3-680b-6e69418d9fb9" executionId="6a1fe79f-4d46-400a-9ee0-e0e7957422d0" testListId="8c84fa94-04c1-424b-9868-57a2d4851a1d" />
    <TestEntry testId="444d1cf6-1f18-a3fd-07af-a979190122f2" executionId="114ce9ff-5038-4434-bf95-28c6c9453045" testListId="8c84fa94-04c1-424b-9868-57a2d4851a1d" />
    <TestEntry testId="a5fd458a-677f-ccc2-2972-ad7870ebe3f1" executionId="ac836d05-2fad-4f4e-8e28-627fa6df90b7" testListId="8c84fa94-04c1-424b-9868-57a2d4851a1d" />
    <TestEntry testId="9130ecfa-1d1c-db07-182d-fdb4df69e270" executionId="fdbf36ef-f13e-4c13-aeb1-77806040af9a" testListId="8c84fa94-04c1-424b-9868-57a2d4851a1d" />
    <TestEntry testId="fe7b57c0-96f0-ff5e-7683-2f3ee9bd43b2" executionId="96d23740-ecba-4813-9589-73de08e6fe51" testListId="8c84fa94-04c1-424b-9868-57a2d4851a1d" />
    <TestEntry testId="26c3b5d9-f363-c07f-e330-95af8cd3b7ce" executionId="b4957f56-450b-4f4d-8daf-8e996378b0cf" testListId="8c84fa94-04c1-424b-9868-57a2d4851a1d" />
    <TestEntry testId="27a80b10-a457-dcf0-3f4f-f5674e8d3ef4" executionId="6838599b-bc84-4d46-ab5d-6a0b0d133e65" testListId="8c84fa94-04c1-424b-9868-57a2d4851a1d" />
    <TestEntry testId="c773b936-c19f-a5af-576f-454c7789e759" executionId="d3cbcadc-a459-4b43-a7dc-75e94650164e" testListId="8c84fa94-04c1-424b-9868-57a2d4851a1d" />
    <TestEntry testId="17f84e40-a26b-78e4-2dad-26313f9b7fcc" executionId="212dcab3-0c59-4b2c-a085-adbc4b261353" testListId="8c84fa94-04c1-424b-9868-57a2d4851a1d" />
    <TestEntry testId="0e58604c-cdf0-f371-f95c-0634e395365d" executionId="a997aafa-1943-4177-9400-95735042cee3" testListId="8c84fa94-04c1-424b-9868-57a2d4851a1d" />
    <TestEntry testId="721e4d61-c1ad-b706-5981-0b9a5726dace" executionId="77eadf10-5b4b-4bb0-af84-071f5fcb92e0" testListId="8c84fa94-04c1-424b-9868-57a2d4851a1d" />
    <TestEntry testId="9b3384a2-497f-2493-da88-40d7b4218810" executionId="fd5ac0fb-b52b-4e46-940a-7a2ed057b728" testListId="8c84fa94-04c1-424b-9868-57a2d4851a1d" />
    <TestEntry testId="2825047d-45ec-17ec-7668-490b5d480d53" executionId="51ad7b65-48d2-4e9b-a69b-a9e94100a46d" testListId="8c84fa94-04c1-424b-9868-57a2d4851a1d" />
    <TestEntry testId="aa431777-e753-d54c-edf8-7d73ed839e8e" executionId="2bcd1561-d05f-4929-a55b-7b3a7ab0c374" testListId="8c84fa94-04c1-424b-9868-57a2d4851a1d" />
    <TestEntry testId="687b7ab7-3b40-112c-02c3-1a1061086fb3" executionId="547175a7-7ea2-4791-92a8-7a5510e7b051" testListId="8c84fa94-04c1-424b-9868-57a2d4851a1d" />
    <TestEntry testId="203a23ad-a6d5-6336-b116-7dae22149b13" executionId="de01c47a-2dc7-42ad-81f0-2ee1b94c28e0" testListId="8c84fa94-04c1-424b-9868-57a2d4851a1d" />
    <TestEntry testId="a5fe29b6-8f11-96f3-28fa-75e016b04322" executionId="8eee8bc5-0753-465a-89e2-85a8f41da3c8" testListId="8c84fa94-04c1-424b-9868-57a2d4851a1d" />
    <TestEntry testId="9c2dc762-2a57-9696-7f90-04f8ebffaa04" executionId="e0a26997-a8db-409f-b600-ca99fb1c04ce" testListId="8c84fa94-04c1-424b-9868-57a2d4851a1d" />
    <TestEntry testId="5f66b9d2-22ca-7206-e977-67e129a94bf3" executionId="511c91a5-10ef-4d94-8332-325f672f2de2" testListId="8c84fa94-04c1-424b-9868-57a2d4851a1d" />
    <TestEntry testId="b1ef1835-e836-1dd5-22ee-fc77faa1055a" executionId="49f4be26-8fd7-44ae-92f8-6c1bdc8d0b43" testListId="8c84fa94-04c1-424b-9868-57a2d4851a1d" />
    <TestEntry testId="6bc39af6-acd8-4f36-e4e4-d782a1107371" executionId="5f936a35-20ea-4c95-b6d3-901145b51a32" testListId="8c84fa94-04c1-424b-9868-57a2d4851a1d" />
    <TestEntry testId="20862179-ea04-7a02-2e88-39a6cf08c704" executionId="91ceb0cb-f759-49e7-9ea0-224bffd2528a" testListId="8c84fa94-04c1-424b-9868-57a2d4851a1d" />
    <TestEntry testId="933352dc-2e18-19cc-d934-804f139458f1" executionId="ee6fd208-205f-44b7-832e-ea049e55cb94" testListId="8c84fa94-04c1-424b-9868-57a2d4851a1d" />
    <TestEntry testId="eef8fe52-ade5-fee8-4100-d6d4d79ef170" executionId="695c0c29-c8e8-4f3b-9309-a5a7035cfdcd" testListId="8c84fa94-04c1-424b-9868-57a2d4851a1d" />
    <TestEntry testId="c2068be2-4b9a-2d31-5ccd-a114d2f9c690" executionId="e2c71df4-8893-45f4-9094-7a424cda7bd9" testListId="8c84fa94-04c1-424b-9868-57a2d4851a1d" />
    <TestEntry testId="62c1543f-f880-9422-221c-4ee82e491af1" executionId="3dec753c-e71d-4586-b9ac-586e34110779" testListId="8c84fa94-04c1-424b-9868-57a2d4851a1d" />
    <TestEntry testId="e81631cd-380b-9493-3226-58f25047a284" executionId="6d0325cc-8889-4ea0-9f26-0354fe14078a" testListId="8c84fa94-04c1-424b-9868-57a2d4851a1d" />
    <TestEntry testId="df5249a5-4b98-4ee8-4fcd-b548b558933a" executionId="6dd7fc16-f898-4b1a-9b8a-d4b1ab127adb" testListId="8c84fa94-04c1-424b-9868-57a2d4851a1d" />
    <TestEntry testId="9a6aaccb-b496-3443-3666-d7851b13bb53" executionId="25419b23-8a77-4720-8154-72747a339b7c" testListId="8c84fa94-04c1-424b-9868-57a2d4851a1d" />
    <TestEntry testId="0ea2702b-3b94-2ec6-f6e7-7129973ec32e" executionId="3cc3cdc7-d619-4674-b18d-bb38ad700f59" testListId="8c84fa94-04c1-424b-9868-57a2d4851a1d" />
    <TestEntry testId="427ce3b9-e79c-157b-1d02-60019bd0322e" executionId="0b33598b-ca97-4520-bcd4-f81baa50b910" testListId="8c84fa94-04c1-424b-9868-57a2d4851a1d" />
    <TestEntry testId="53b3deed-da13-8b30-8afd-1c9bedbac328" executionId="068806e1-49a6-4499-a77c-f87ace661db0" testListId="8c84fa94-04c1-424b-9868-57a2d4851a1d" />
    <TestEntry testId="c3809a3c-e353-b14a-7852-059c4037db12" executionId="20cbc118-d814-4d28-8a01-fd407b397311" testListId="8c84fa94-04c1-424b-9868-57a2d4851a1d" />
    <TestEntry testId="9f208fe6-ec59-67b6-a729-39f373419945" executionId="352595d0-caab-450b-9cb2-eab446cde201" testListId="8c84fa94-04c1-424b-9868-57a2d4851a1d" />
    <TestEntry testId="841f16ce-97a9-ff76-40ae-1fdee2071244" executionId="c2f9ca8b-2445-49cd-a2f5-850e4f07cfe4" testListId="8c84fa94-04c1-424b-9868-57a2d4851a1d" />
    <TestEntry testId="f84c3a1f-aa4e-cfd7-bcbb-3339a20f65d4" executionId="230c203e-15f9-4763-b8cf-0428c888fe1e" testListId="8c84fa94-04c1-424b-9868-57a2d4851a1d" />
    <TestEntry testId="8c05e98e-7c31-13ef-bbba-0cf9b8a50b6b" executionId="4ae3dc62-4672-448e-99d8-49321e7cb6ec" testListId="8c84fa94-04c1-424b-9868-57a2d4851a1d" />
    <TestEntry testId="4dd16df4-f085-64ca-9a0c-8b383d03ff3b" executionId="3ae07eea-0874-4133-9c85-d6b4ea17d86b" testListId="8c84fa94-04c1-424b-9868-57a2d4851a1d" />
    <TestEntry testId="7a90d467-ec4d-e610-cc96-6a2ca7074392" executionId="5ed620d6-75d6-43bc-b89c-e0cfdfa3069b" testListId="8c84fa94-04c1-424b-9868-57a2d4851a1d" />
    <TestEntry testId="260c9bc9-44cf-d92d-0615-5ef8b1fdd260" executionId="acc5e16a-208d-4ba0-bc76-26797dd8e78a" testListId="8c84fa94-04c1-424b-9868-57a2d4851a1d" />
    <TestEntry testId="e4ad2a15-98c6-1291-fbd4-50b2d4dd7302" executionId="c8f62c99-38c1-42e5-8e29-184a134e5805" testListId="8c84fa94-04c1-424b-9868-57a2d4851a1d" />
    <TestEntry testId="83a7296c-e486-b9d7-1922-2ba57eeed087" executionId="bea8ec44-b845-4d56-ae7d-c4756a698896" testListId="8c84fa94-04c1-424b-9868-57a2d4851a1d" />
    <TestEntry testId="76990fcb-ffcb-fd18-57fa-b5a109502485" executionId="2ca90fa6-e6d2-481c-9540-5fb76d6606e9" testListId="8c84fa94-04c1-424b-9868-57a2d4851a1d" />
    <TestEntry testId="a23aeb64-4fee-a5f0-e2cf-340259a52ab4" executionId="80e37daa-f597-4ef7-bf57-e1bca70e34a0" testListId="8c84fa94-04c1-424b-9868-57a2d4851a1d" />
    <TestEntry testId="0f5519ff-c247-6411-d38b-9a9f1b4227c9" executionId="be6b6bfb-aab7-4a95-a2fa-11574bfcfb89" testListId="8c84fa94-04c1-424b-9868-57a2d4851a1d" />
    <TestEntry testId="1ea60712-f3af-7647-a569-c4b38aac78ea" executionId="d487583d-022d-4373-9218-de13f81047f0" testListId="8c84fa94-04c1-424b-9868-57a2d4851a1d" />
    <TestEntry testId="a26220ce-8e45-b18b-8b21-10770613681d" executionId="4ba39de1-87e2-4c6c-98bd-02a0e234179a" testListId="8c84fa94-04c1-424b-9868-57a2d4851a1d" />
    <TestEntry testId="386fd2dd-9962-b3c8-5389-c7b27303c282" executionId="ef8b3666-36f9-4b2b-ace4-63c12a5f2841" testListId="8c84fa94-04c1-424b-9868-57a2d4851a1d" />
    <TestEntry testId="55df2919-d484-9c67-3d4f-25d0bf1cac35" executionId="2a28d088-c101-48b5-9ba9-f26f6fd26bf8" testListId="8c84fa94-04c1-424b-9868-57a2d4851a1d" />
    <TestEntry testId="a243b43f-29a5-816f-9ac8-8f363157b14a" executionId="75c2d3b4-5cc2-49a7-8bcf-498f86200a45" testListId="8c84fa94-04c1-424b-9868-57a2d4851a1d" />
    <TestEntry testId="c3b36ec3-1df7-adb6-2b47-6af7fdcd182e" executionId="18e31808-1a09-49ef-8f47-549f931bdf0f" testListId="8c84fa94-04c1-424b-9868-57a2d4851a1d" />
    <TestEntry testId="25135369-36d9-5d01-0cef-3b28ec7b5e4c" executionId="9beae240-be99-4608-a395-7cbf45a22c4d" testListId="8c84fa94-04c1-424b-9868-57a2d4851a1d" />
    <TestEntry testId="abe93699-d934-3070-9b83-225a9bbaa9a0" executionId="72c5d3a7-b7b8-4e85-bdf1-7df40ee22326" testListId="8c84fa94-04c1-424b-9868-57a2d4851a1d" />
    <TestEntry testId="0fbfd3f1-8403-3002-5229-49e64639ac7c" executionId="03bbf2a3-63db-4acf-8f6a-451bb3b5bf0d" testListId="8c84fa94-04c1-424b-9868-57a2d4851a1d" />
    <TestEntry testId="d46b928f-09c1-dfb5-220c-146d45bb27b3" executionId="a643c34f-8bdf-4b3d-8209-edb84930281f" testListId="8c84fa94-04c1-424b-9868-57a2d4851a1d" />
    <TestEntry testId="36e0cd72-0e2e-5379-e9f4-07e1826299b9" executionId="0acd4230-cc8d-4702-8f5b-503ed2238b8f" testListId="8c84fa94-04c1-424b-9868-57a2d4851a1d" />
    <TestEntry testId="3547b549-44fa-239a-f127-0c453303adf8" executionId="740a596a-f9eb-4ed9-8be4-7192f0cb20f5" testListId="8c84fa94-04c1-424b-9868-57a2d4851a1d" />
    <TestEntry testId="4e68a32c-ff08-c297-66c1-434586f970b4" executionId="05f76a42-655e-4db8-9b29-ef4835d2db58" testListId="8c84fa94-04c1-424b-9868-57a2d4851a1d" />
    <TestEntry testId="6779f825-7903-f68a-18b1-ecfca5ffef18" executionId="8c699646-c86e-4aa4-8fd5-789f4840fb41" testListId="8c84fa94-04c1-424b-9868-57a2d4851a1d" />
    <TestEntry testId="ca7bf8cc-6fb2-57ee-bd56-7bde54c67fe6" executionId="ccd8e317-2e45-4ce8-b715-1ba5fdaf79d8" testListId="8c84fa94-04c1-424b-9868-57a2d4851a1d" />
    <TestEntry testId="b4d015a0-965e-7366-ac7c-f7e5a85c608e" executionId="f5042daf-7921-4e5a-83df-bec7ebb26836" testListId="8c84fa94-04c1-424b-9868-57a2d4851a1d" />
    <TestEntry testId="ef95bcc0-fe13-5a2c-1a5f-e515c0ee7ea2" executionId="90f5e283-1314-47e5-a29b-c0f77e8ae88f" testListId="8c84fa94-04c1-424b-9868-57a2d4851a1d" />
    <TestEntry testId="e2e26a96-b5b4-c2f5-694e-a95e51839bfb" executionId="81206e5e-5d20-4cc0-9342-20ac4612c1ee" testListId="8c84fa94-04c1-424b-9868-57a2d4851a1d" />
    <TestEntry testId="b00145eb-37a7-57ac-e8b9-6347d3111bce" executionId="d60a3b5f-e2cc-414f-b739-b1c1b93ab640" testListId="8c84fa94-04c1-424b-9868-57a2d4851a1d" />
    <TestEntry testId="87ba51e4-c977-b416-269b-fcfae9fc10be" executionId="3a362cb3-b63c-4e4a-b696-9810047fa025" testListId="8c84fa94-04c1-424b-9868-57a2d4851a1d" />
    <TestEntry testId="d9dd747f-a44b-24cc-c724-961aefc9b3a1" executionId="bb3ab998-c018-4269-8cda-fa1f9ce33b7c" testListId="8c84fa94-04c1-424b-9868-57a2d4851a1d" />
    <TestEntry testId="9a022633-48a0-501e-eeef-810088119832" executionId="ffa547d3-695a-4047-a0b5-c793e1c9e78c" testListId="8c84fa94-04c1-424b-9868-57a2d4851a1d" />
    <TestEntry testId="9730ab2e-51aa-2f06-1de2-83bd7e139a38" executionId="71ec0be8-3e06-4691-9f33-d17b8d26192d" testListId="8c84fa94-04c1-424b-9868-57a2d4851a1d" />
    <TestEntry testId="0bc2cc52-980c-a75a-9eb4-2ea598b58d97" executionId="808e0c2a-d4ca-4f1d-b3f2-11b5a3b59b97" testListId="8c84fa94-04c1-424b-9868-57a2d4851a1d" />
    <TestEntry testId="a2e7ed94-eb3b-5b15-89a1-5d0ffb0c25ed" executionId="b565ea7f-1052-439c-8588-bbf783338c9f" testListId="8c84fa94-04c1-424b-9868-57a2d4851a1d" />
    <TestEntry testId="45f16b67-25c3-586e-a05f-5377e2b2c441" executionId="4378974b-6e15-4d80-9386-981e30fcbcee" testListId="8c84fa94-04c1-424b-9868-57a2d4851a1d" />
    <TestEntry testId="c270ea2a-c1e3-572f-ae65-a41694dfd9e6" executionId="eed98f0b-861d-4952-a0ff-26d1733a4039" testListId="8c84fa94-04c1-424b-9868-57a2d4851a1d" />
    <TestEntry testId="e07e83cc-7f92-bb46-c8b3-934aab5700ee" executionId="5239fe5e-170e-4e70-9de6-58a727f56ac3" testListId="8c84fa94-04c1-424b-9868-57a2d4851a1d" />
    <TestEntry testId="6a5d7fe9-99be-4636-5691-66b73138c33f" executionId="7c5154ba-2eb1-4d87-8eba-c1d2bf462d8b" testListId="8c84fa94-04c1-424b-9868-57a2d4851a1d" />
    <TestEntry testId="3fde29d6-b00e-e198-01ad-3fbbe5dfc2fd" executionId="9b51ffa6-d09b-4e42-bec8-1d70a76e07f6" testListId="8c84fa94-04c1-424b-9868-57a2d4851a1d" />
    <TestEntry testId="9ab44632-9eaf-e3de-6707-27601cb7b327" executionId="f3532107-ebbc-4bb7-9e23-04ae7590bfdb" testListId="8c84fa94-04c1-424b-9868-57a2d4851a1d" />
    <TestEntry testId="03b737b9-dc29-8cf7-2be6-264359d08a7b" executionId="a5097994-8cce-4459-875c-085029b6318f" testListId="8c84fa94-04c1-424b-9868-57a2d4851a1d" />
    <TestEntry testId="d8f4590a-d691-b8bc-3b9d-7fe3eabd6a0f" executionId="d193b299-44b4-4cf0-955e-99ec5a129e24" testListId="8c84fa94-04c1-424b-9868-57a2d4851a1d" />
    <TestEntry testId="d423e41b-4e64-7b1c-d2b5-2b243d7b3817" executionId="6bca4ef7-fa38-458a-a6f1-b8289efcd9e0" testListId="8c84fa94-04c1-424b-9868-57a2d4851a1d" />
    <TestEntry testId="a7312598-847d-3aff-2f55-c0f0b9dfa2c9" executionId="9d749d1a-efda-4f2a-8b15-0c9067cb15ef" testListId="8c84fa94-04c1-424b-9868-57a2d4851a1d" />
    <TestEntry testId="d17694ba-e5c0-8494-e5ba-8ef8d9477485" executionId="08551d6c-e2e4-44e9-bd5d-719f5f01fb8e" testListId="8c84fa94-04c1-424b-9868-57a2d4851a1d" />
    <TestEntry testId="283f71c2-810a-dc5c-1692-36ad495e7571" executionId="59400f02-10e2-4c89-bdcf-ed6b93d3bbe4" testListId="8c84fa94-04c1-424b-9868-57a2d4851a1d" />
    <TestEntry testId="27d010b7-073a-bedd-c4ca-0b3ec69f3aae" executionId="5e305327-be41-473b-b435-868860cf0b66" testListId="8c84fa94-04c1-424b-9868-57a2d4851a1d" />
    <TestEntry testId="37fce9a1-160d-3d00-91df-c36cdcd7b891" executionId="2b996080-f410-4259-9bcc-5a3769ca75c6" testListId="8c84fa94-04c1-424b-9868-57a2d4851a1d" />
    <TestEntry testId="02f71eed-2fe3-41fa-eea5-82491d9b4574" executionId="c8023ff5-b961-4b44-bc8f-16c84631ab42" testListId="8c84fa94-04c1-424b-9868-57a2d4851a1d" />
    <TestEntry testId="6e398692-b4d5-0575-9663-e623d078625f" executionId="16c57a89-d0b4-400f-83e8-a9cb75c58a43" testListId="8c84fa94-04c1-424b-9868-57a2d4851a1d" />
    <TestEntry testId="ab5631f2-f214-2d6b-103e-ecf8fde77b19" executionId="9e0497e6-9579-4ea8-8a89-f25f7cfc76b9" testListId="8c84fa94-04c1-424b-9868-57a2d4851a1d" />
    <TestEntry testId="18e165c1-f7a6-634a-9110-df55c01ad37f" executionId="2d89e72a-7d88-4cc6-950e-f6fd59c3b5d0" testListId="8c84fa94-04c1-424b-9868-57a2d4851a1d" />
    <TestEntry testId="3b6709e2-05c1-e5a2-e86a-3880bee121c4" executionId="4386b2a4-d235-4fce-8079-86e545f6b48a" testListId="8c84fa94-04c1-424b-9868-57a2d4851a1d" />
    <TestEntry testId="082500b4-bdc0-a1fc-952f-ab967f4ac76b" executionId="a3706ab4-c5a5-4a18-8ddf-c3ba4dc1604a" testListId="8c84fa94-04c1-424b-9868-57a2d4851a1d" />
    <TestEntry testId="0ad171d3-aad1-8521-c487-1ee14ec9e922" executionId="a7ed17d5-8afa-4eb5-b309-f4599a5ca8bf" testListId="8c84fa94-04c1-424b-9868-57a2d4851a1d" />
    <TestEntry testId="ea3eacd0-5273-36cc-2234-6760022e2ff3" executionId="a1550169-ce57-4da2-9c53-fa3ac21823f2" testListId="8c84fa94-04c1-424b-9868-57a2d4851a1d" />
    <TestEntry testId="7729d5d0-1314-1bd1-f55e-14d5357f2ccc" executionId="0afc2fdb-1c9b-4a5b-b54c-2d41ac66739b" testListId="8c84fa94-04c1-424b-9868-57a2d4851a1d" />
    <TestEntry testId="26a26b26-1ddc-2f15-864f-2bd9398b0113" executionId="3df55c96-cc4e-4bd6-856c-52ec6391b778" testListId="8c84fa94-04c1-424b-9868-57a2d4851a1d" />
    <TestEntry testId="435120c5-b348-a047-9526-a4392d447354" executionId="c8da0932-ebe4-4c20-a62c-616d1acc73d1" testListId="8c84fa94-04c1-424b-9868-57a2d4851a1d" />
    <TestEntry testId="f17b5e61-e48f-183b-804a-1a4e2cd53981" executionId="661ce2b4-ccfa-478e-8f66-530523f2552b" testListId="8c84fa94-04c1-424b-9868-57a2d4851a1d" />
    <TestEntry testId="d083f726-e76b-bd25-462e-728440f48f8e" executionId="b169067e-35e5-421e-a18b-a0b69bef9c3c" testListId="8c84fa94-04c1-424b-9868-57a2d4851a1d" />
    <TestEntry testId="08934e2f-ac6d-55f5-5170-54ca73f76b20" executionId="4c1a3f11-635d-4de7-a85d-8a406dcec5b0" testListId="8c84fa94-04c1-424b-9868-57a2d4851a1d" />
    <TestEntry testId="03edf8b7-529b-2eec-d300-ba35462d6076" executionId="ebf97732-4bbb-41de-b565-a318f4156527" testListId="8c84fa94-04c1-424b-9868-57a2d4851a1d" />
    <TestEntry testId="9fcf5ef0-7f22-3d90-fba9-3fdbd5d700fd" executionId="c293531f-acd7-4f76-9635-4908eb93fc6e" testListId="8c84fa94-04c1-424b-9868-57a2d4851a1d" />
    <TestEntry testId="bc6fa33b-84d2-33f4-a839-c3b9b827711f" executionId="492e34fa-3d68-4ed0-95ff-d7377077befc" testListId="8c84fa94-04c1-424b-9868-57a2d4851a1d" />
    <TestEntry testId="fd34d79d-6a71-f6d7-434a-60dde659bbd3" executionId="30ba004e-5210-4635-80c8-14c6fc040633" testListId="8c84fa94-04c1-424b-9868-57a2d4851a1d" />
    <TestEntry testId="8f61d7b7-60b9-d0ff-310b-d9cdc01b0f6a" executionId="3bf03205-3fc3-4e23-8349-b2ac252dfd67" testListId="8c84fa94-04c1-424b-9868-57a2d4851a1d" />
    <TestEntry testId="26b06a18-7c73-310d-5067-432622a6994d" executionId="80a9eff4-8b8a-4029-a85b-32eb612da564" testListId="8c84fa94-04c1-424b-9868-57a2d4851a1d" />
    <TestEntry testId="417171e9-2711-c309-cb3b-4719bde221b9" executionId="80dfbed2-5266-4fda-a6f7-7eb2ab92fe52" testListId="8c84fa94-04c1-424b-9868-57a2d4851a1d" />
    <TestEntry testId="10bfeb00-de3b-c447-8d05-6723944bf16f" executionId="9f81a4ac-a705-4354-9242-95043d08aae8" testListId="8c84fa94-04c1-424b-9868-57a2d4851a1d" />
    <TestEntry testId="5006a63c-335a-e7ab-37f6-6550fc39bd41" executionId="d25432cd-da44-429d-9471-f91ed9343084" testListId="8c84fa94-04c1-424b-9868-57a2d4851a1d" />
    <TestEntry testId="75d2b5a5-01b3-26a2-2d8d-99f4e8785b1f" executionId="d510f47a-2962-4b95-8d4b-b81423ef9f46" testListId="8c84fa94-04c1-424b-9868-57a2d4851a1d" />
    <TestEntry testId="221fd461-d9e0-38c0-74af-0b4a047e67c3" executionId="00562747-a2b7-4715-b842-aa80ce86eecb" testListId="8c84fa94-04c1-424b-9868-57a2d4851a1d" />
    <TestEntry testId="64c0f610-40c2-8236-7cd7-4fc9ef7634b2" executionId="3a8b435d-2975-4d34-8283-b3ddbfd54dde" testListId="8c84fa94-04c1-424b-9868-57a2d4851a1d" />
    <TestEntry testId="4d8aa69a-0251-b3d4-14d5-6ab82a48dd2f" executionId="74535a20-3872-4705-a13e-871e1fc2f0e2" testListId="8c84fa94-04c1-424b-9868-57a2d4851a1d" />
    <TestEntry testId="30fe8b39-b2e5-cfa4-da38-ca1b17f8f253" executionId="e22d0dcd-344f-40f5-9728-6c0b9c88ce15" testListId="8c84fa94-04c1-424b-9868-57a2d4851a1d" />
    <TestEntry testId="a1d0e34d-1af7-9065-c4d5-10e996a20ed2" executionId="f96e1424-f99b-4ec1-b115-3b02ff78b5eb" testListId="8c84fa94-04c1-424b-9868-57a2d4851a1d" />
    <TestEntry testId="44b64df8-00fb-dd2c-9170-5241716ab1c5" executionId="5fccca7b-5ba4-4c0f-b4a7-aa864572ef69" testListId="8c84fa94-04c1-424b-9868-57a2d4851a1d" />
    <TestEntry testId="bdd2922d-084a-f7c1-33c0-95be80f9e839" executionId="3ccd82b0-27e4-47a2-8ab9-7318ddb941c2" testListId="8c84fa94-04c1-424b-9868-57a2d4851a1d" />
    <TestEntry testId="214f301d-5456-578f-878e-6cb88da187c1" executionId="e56e4c07-0d70-4b61-b281-8b7a7d743697" testListId="8c84fa94-04c1-424b-9868-57a2d4851a1d" />
    <TestEntry testId="6d4f6a03-ce2a-a013-df02-981c6a6b55d0" executionId="f97d6a09-ed51-4690-af59-bc3a6b98729a" testListId="8c84fa94-04c1-424b-9868-57a2d4851a1d" />
    <TestEntry testId="7533a4d2-a947-dfe4-df2c-e09801226f49" executionId="215b87a9-8605-4def-aac3-daab192962cd" testListId="8c84fa94-04c1-424b-9868-57a2d4851a1d" />
    <TestEntry testId="1a8e2416-64f9-a52a-232d-edfa802cba93" executionId="40b004fa-f076-410a-b178-5dd191a88d81" testListId="8c84fa94-04c1-424b-9868-57a2d4851a1d" />
    <TestEntry testId="7460d3c3-1e10-7e88-9e59-c77d18394bb1" executionId="4edeea97-be9d-443e-9b97-95835db8d207" testListId="8c84fa94-04c1-424b-9868-57a2d4851a1d" />
    <TestEntry testId="1d6ac556-2a91-afc5-3b2d-3b023d07f95b" executionId="c68d0397-b349-4e8d-99cc-4e51d8c43795" testListId="8c84fa94-04c1-424b-9868-57a2d4851a1d" />
    <TestEntry testId="5ae8cc7a-f9e8-25e4-b4bf-e53c8fe5f18e" executionId="55c63da4-9157-47f8-a278-0677740307bc" testListId="8c84fa94-04c1-424b-9868-57a2d4851a1d" />
    <TestEntry testId="6d9f83bd-c2da-8361-c098-b8bbad456725" executionId="43bd682e-d151-41d8-8d30-35f85287717e" testListId="8c84fa94-04c1-424b-9868-57a2d4851a1d" />
    <TestEntry testId="b47967dd-ebf4-c080-e70d-64c8aed86b3c" executionId="a2735c1b-c39b-40c9-ae0a-8451f372432c" testListId="8c84fa94-04c1-424b-9868-57a2d4851a1d" />
    <TestEntry testId="3697a0ce-9e18-5206-1f42-a2c445978d4a" executionId="7834dbfd-6489-4de5-a13c-ab2f3fd2c371" testListId="8c84fa94-04c1-424b-9868-57a2d4851a1d" />
    <TestEntry testId="7ceb6397-bf04-45ba-93d8-edc85c11f6bd" executionId="f3ab20a9-38c1-433e-afb0-6075487798a5" testListId="8c84fa94-04c1-424b-9868-57a2d4851a1d" />
    <TestEntry testId="74195eff-5c09-dd70-25cd-3848f6ae2c25" executionId="93ae8524-75f0-4d67-860f-a1daf56108d2" testListId="8c84fa94-04c1-424b-9868-57a2d4851a1d" />
    <TestEntry testId="71ca81f7-d4b8-7f03-ba05-0feafcaff5a8" executionId="2f5dfa93-f326-4af6-94de-9579045708a8" testListId="8c84fa94-04c1-424b-9868-57a2d4851a1d" />
    <TestEntry testId="0e3e65ea-8dcd-331d-126b-63537ab482f7" executionId="d51144de-801c-42e9-8174-bfe62f8d1c2e" testListId="8c84fa94-04c1-424b-9868-57a2d4851a1d" />
    <TestEntry testId="b2e31265-14ee-8e35-63db-c09f124e2cfc" executionId="6ad48c46-3024-4811-8e7f-8012b28c5578" testListId="8c84fa94-04c1-424b-9868-57a2d4851a1d" />
    <TestEntry testId="e3e51c5e-50dd-c6dc-bee4-23a4c897a7b9" executionId="ddbef9ee-8300-42df-a333-9fd9bac40194" testListId="8c84fa94-04c1-424b-9868-57a2d4851a1d" />
    <TestEntry testId="35d82225-fcce-04ac-1c34-1cc371c17751" executionId="22f0293f-2126-4fbf-b288-f81fdd255986" testListId="8c84fa94-04c1-424b-9868-57a2d4851a1d" />
    <TestEntry testId="997ea862-6a21-039f-b6ec-723692d1b23a" executionId="94fa0aff-4032-4856-a082-790086d8ac7f" testListId="8c84fa94-04c1-424b-9868-57a2d4851a1d" />
    <TestEntry testId="375026d0-1f6d-e20f-0693-7a1919c0e7d6" executionId="72a3c2da-7a89-4023-9a7c-faf785d352b1" testListId="8c84fa94-04c1-424b-9868-57a2d4851a1d" />
    <TestEntry testId="7d6cf279-0386-6019-0824-c59c0577de58" executionId="496ac318-6884-47d7-8406-ce3f136d4e26" testListId="8c84fa94-04c1-424b-9868-57a2d4851a1d" />
    <TestEntry testId="f99a2604-91a6-b97b-4bbb-69bcf34588de" executionId="989fb709-d2ca-4d1d-bdeb-169cf59c996d" testListId="8c84fa94-04c1-424b-9868-57a2d4851a1d" />
    <TestEntry testId="08065f33-a0f0-c3db-6aad-57d3ec2a1185" executionId="be271334-a995-46b1-a573-7f8346411cae" testListId="8c84fa94-04c1-424b-9868-57a2d4851a1d" />
    <TestEntry testId="8647b92b-3c20-55f1-dcb0-6bad8abfcf1a" executionId="d7792391-d017-4775-9b03-34a2add51fb0" testListId="8c84fa94-04c1-424b-9868-57a2d4851a1d" />
    <TestEntry testId="9fe3c6f4-c1ea-93f9-bac9-72568655ab11" executionId="2e339efc-e2fa-495e-b757-26b210c7fb78" testListId="8c84fa94-04c1-424b-9868-57a2d4851a1d" />
    <TestEntry testId="04320c81-7ccf-f4d3-d4b7-3cbe736a791c" executionId="c509f81f-581e-4c96-b120-495373b0f687" testListId="8c84fa94-04c1-424b-9868-57a2d4851a1d" />
    <TestEntry testId="6455e186-afd0-ed2c-2940-e86bf92fc908" executionId="663bf6fe-6965-4bd3-bd21-ddba4beae018" testListId="8c84fa94-04c1-424b-9868-57a2d4851a1d" />
    <TestEntry testId="d4bdc929-2aa7-ca01-4fc2-912ac3e1f0f6" executionId="2fa1dc5f-9e43-49a1-9144-09584cffd51c" testListId="8c84fa94-04c1-424b-9868-57a2d4851a1d" />
    <TestEntry testId="b7284f39-1e13-1b11-94e6-c4500bbe2f3d" executionId="3d348ef6-2216-409b-bd92-f02b88092e95" testListId="8c84fa94-04c1-424b-9868-57a2d4851a1d" />
    <TestEntry testId="f499f5ec-ad18-8304-64bd-c766451387c9" executionId="9853f7fe-7f0a-433c-bc03-7cd2e56a49b6" testListId="8c84fa94-04c1-424b-9868-57a2d4851a1d" />
    <TestEntry testId="62e292ec-1e8c-b43c-455e-5da98455edd0" executionId="9b3e45d1-6361-42e2-b7da-9136c9cbfa99" testListId="8c84fa94-04c1-424b-9868-57a2d4851a1d" />
    <TestEntry testId="6c06ec30-8e7b-3e0a-7efc-a9ce0b560817" executionId="0b185e3a-ca55-4ba2-bbe0-928a9282cc78" testListId="8c84fa94-04c1-424b-9868-57a2d4851a1d" />
    <TestEntry testId="235a6a97-15ca-0bdb-be3c-2d790318c044" executionId="b7b56f9f-d689-49fb-ae16-7230a264f5be" testListId="8c84fa94-04c1-424b-9868-57a2d4851a1d" />
    <TestEntry testId="95ef2841-25eb-f0ae-10b5-380cc89d18bd" executionId="df076644-3e9a-4d0e-9e89-106c556c0679" testListId="8c84fa94-04c1-424b-9868-57a2d4851a1d" />
    <TestEntry testId="19b8fb75-bad4-0c47-ee29-f0116aae5991" executionId="838450f5-ed2a-41e3-81c5-c0467a1b32b4" testListId="8c84fa94-04c1-424b-9868-57a2d4851a1d" />
    <TestEntry testId="b93ee5ca-fd7e-91c3-bf76-e44e5c17689d" executionId="850d4a8f-935d-4dbb-a061-bb663b8d0585" testListId="8c84fa94-04c1-424b-9868-57a2d4851a1d" />
    <TestEntry testId="88ef3b12-90e0-b60b-d906-a863d11fe7c1" executionId="cd1f21c2-1124-4e2b-abec-8709eb1fa9cd" testListId="8c84fa94-04c1-424b-9868-57a2d4851a1d" />
    <TestEntry testId="5e6ee627-d20a-4489-b816-e16d760e3fac" executionId="aeb75e54-4889-4ee5-b0a9-0e66db33bdfa" testListId="8c84fa94-04c1-424b-9868-57a2d4851a1d" />
    <TestEntry testId="171856fa-1167-5209-7892-35844f4128ab" executionId="01f1aaad-bbbe-4a64-a6d3-274e5080ba2e" testListId="8c84fa94-04c1-424b-9868-57a2d4851a1d" />
    <TestEntry testId="0119f047-ba3a-5814-21f1-69cbc5505a00" executionId="79295363-b176-4f68-a328-1996aa03dc3f" testListId="8c84fa94-04c1-424b-9868-57a2d4851a1d" />
    <TestEntry testId="0041bc30-654c-1090-f6ad-03a3662d3113" executionId="1d73d3b7-beb0-44bd-ab6c-f52d2c23ce6c" testListId="8c84fa94-04c1-424b-9868-57a2d4851a1d" />
    <TestEntry testId="3ee6cc10-3fc3-7952-4a1d-d7dd515e38c3" executionId="8556fc9a-f517-48f6-8f93-67f232f450bb" testListId="8c84fa94-04c1-424b-9868-57a2d4851a1d" />
    <TestEntry testId="724c40a1-3beb-007d-8a74-be9fcfb48cb2" executionId="39ce844d-5a39-4d96-bed0-206b62d4af86" testListId="8c84fa94-04c1-424b-9868-57a2d4851a1d" />
    <TestEntry testId="db90267e-1133-e177-59c5-fc43acc05aec" executionId="46c5fe45-24e7-4f39-b18a-fce7863936b5" testListId="8c84fa94-04c1-424b-9868-57a2d4851a1d" />
    <TestEntry testId="788399bd-9b38-c432-7e4a-52602c4871ea" executionId="c97c8a7a-a2e4-4c84-b542-40dc483cc4d9" testListId="8c84fa94-04c1-424b-9868-57a2d4851a1d" />
    <TestEntry testId="698f55e3-ba67-c8d6-05d5-1077a48743c7" executionId="1d64720a-4611-4beb-b0d0-0f357bd75222" testListId="8c84fa94-04c1-424b-9868-57a2d4851a1d" />
    <TestEntry testId="968432fe-0f19-fd21-c7d7-2d112c002911" executionId="bbf57984-4be1-4dd8-a4b9-b4f3c04187d1" testListId="8c84fa94-04c1-424b-9868-57a2d4851a1d" />
    <TestEntry testId="6e2eff38-594f-7e40-a4bc-55cf23d64c17" executionId="5838fd72-fc2e-431c-b84d-2fd7508e4826" testListId="8c84fa94-04c1-424b-9868-57a2d4851a1d" />
    <TestEntry testId="301c0570-9568-31b5-139e-04af498bd6d4" executionId="b7dd0736-fb4f-481a-84b4-88a5902bfcdc" testListId="8c84fa94-04c1-424b-9868-57a2d4851a1d" />
    <TestEntry testId="45bfd892-7f6f-30af-fe3f-230ce4ba5dff" executionId="2a42b2b0-b46c-43db-aaa6-e04569844586" testListId="8c84fa94-04c1-424b-9868-57a2d4851a1d" />
    <TestEntry testId="6b6a2802-04b4-060c-cd24-510720c0c11a" executionId="482316ec-4873-4206-b856-9e30b5b0bffe" testListId="8c84fa94-04c1-424b-9868-57a2d4851a1d" />
    <TestEntry testId="df70ed32-006d-5c93-6db8-327bf848aec2" executionId="831971ea-3598-40cb-be2f-4892193a8bfa" testListId="8c84fa94-04c1-424b-9868-57a2d4851a1d" />
    <TestEntry testId="5b005db0-dbda-6e84-dc97-4d7a85295d97" executionId="4dc9e3c5-4dc8-4ad6-921c-796cb3a25443" testListId="8c84fa94-04c1-424b-9868-57a2d4851a1d" />
    <TestEntry testId="26e57da1-ba9d-0191-a3ee-e3418eb18c93" executionId="820c7754-bc37-4783-9ba3-e4f9f72d8606" testListId="8c84fa94-04c1-424b-9868-57a2d4851a1d" />
    <TestEntry testId="6d995983-4316-087a-3734-5dd9411b2f2b" executionId="f72181b3-4677-4079-b2bb-1d0f169217f9" testListId="8c84fa94-04c1-424b-9868-57a2d4851a1d" />
    <TestEntry testId="beb6575d-08cd-36cd-5b78-91b38c011b4e" executionId="55f54b88-37c3-41f3-a64c-1ec3311faa61" testListId="8c84fa94-04c1-424b-9868-57a2d4851a1d" />
    <TestEntry testId="00784323-e8f7-063b-bb41-8b963c2c917c" executionId="238d6230-084b-4db2-99f2-1e6f3f4c9a58" testListId="8c84fa94-04c1-424b-9868-57a2d4851a1d" />
    <TestEntry testId="3e28fa62-1907-2d83-45a9-ed0d624cb343" executionId="9551c9c2-18f6-4534-9fcf-0af989dae0c0" testListId="8c84fa94-04c1-424b-9868-57a2d4851a1d" />
    <TestEntry testId="b14f960a-5692-5365-6f95-7278ee7ee4f3" executionId="3f3e94b4-86b6-4496-b0e1-6771330d2ec6" testListId="8c84fa94-04c1-424b-9868-57a2d4851a1d" />
    <TestEntry testId="334cf599-d2a3-9075-1065-d417fa8f74fb" executionId="8f2a4943-0153-40fb-bd7f-ada5e1b8bea3" testListId="8c84fa94-04c1-424b-9868-57a2d4851a1d" />
    <TestEntry testId="0e465eda-53ff-08d9-e6a5-a484edda258a" executionId="a4117fc1-c14b-4928-845a-d1a60c107eb2" testListId="8c84fa94-04c1-424b-9868-57a2d4851a1d" />
    <TestEntry testId="12c1febd-365e-e38e-337b-29b6941fe508" executionId="873f8006-7b25-4d46-b115-9a51ae1cb5bc" testListId="8c84fa94-04c1-424b-9868-57a2d4851a1d" />
    <TestEntry testId="0c83eacf-f73a-55e5-c6ed-112644425217" executionId="50a67327-0cb6-4eac-98e9-add2feacb0b6" testListId="8c84fa94-04c1-424b-9868-57a2d4851a1d" />
    <TestEntry testId="4df85b45-2abf-d8a4-fb1b-37a82d24219f" executionId="d8f0e285-e1a7-4d7e-828f-8d7b9fbb8aa9" testListId="8c84fa94-04c1-424b-9868-57a2d4851a1d" />
    <TestEntry testId="782c7fa3-007b-fade-1761-8d52da076770" executionId="3a52321b-c340-40e5-97ba-22f6708bb079" testListId="8c84fa94-04c1-424b-9868-57a2d4851a1d" />
    <TestEntry testId="f98abc3d-0528-176f-d197-4885de4ff4f2" executionId="138b7bf3-ed0e-48ce-9198-469b75ab3be2" testListId="8c84fa94-04c1-424b-9868-57a2d4851a1d" />
    <TestEntry testId="1a160085-e2e0-6b05-b0a8-e0baf69c094c" executionId="2ecf7a74-6b34-4061-b923-5fe463bb0182" testListId="8c84fa94-04c1-424b-9868-57a2d4851a1d" />
    <TestEntry testId="c6bc8554-7927-00e2-a7fa-0b3a3c2b4aa2" executionId="97f7798f-59ef-45a1-8ed4-8a3bfd19df84" testListId="8c84fa94-04c1-424b-9868-57a2d4851a1d" />
    <TestEntry testId="97773405-841d-7bf6-7af2-4e83b4a3e91f" executionId="5721359e-df77-497b-b3cf-5cc5bff74bbc" testListId="8c84fa94-04c1-424b-9868-57a2d4851a1d" />
    <TestEntry testId="13d6c6ea-6f28-258a-8efb-eced0787e5fb" executionId="a6140314-7e55-4d70-9333-41c32f930b9f" testListId="8c84fa94-04c1-424b-9868-57a2d4851a1d" />
    <TestEntry testId="e3ed273d-3df0-19ef-9d2e-f52cf7e59969" executionId="5f253f6a-db07-49b6-b1cb-812d17b5354a" testListId="8c84fa94-04c1-424b-9868-57a2d4851a1d" />
    <TestEntry testId="f560dcde-067b-0afa-0fd6-a7ba27afdf2f" executionId="8092f841-fe55-4ace-92d7-9a15b8210bdf" testListId="8c84fa94-04c1-424b-9868-57a2d4851a1d" />
    <TestEntry testId="6201ea97-2bf0-08d4-044e-b1f01d26de68" executionId="c84a8a14-c9c3-4227-8513-fb348918327e" testListId="8c84fa94-04c1-424b-9868-57a2d4851a1d" />
    <TestEntry testId="53a59744-7860-30d1-542b-005864af02c5" executionId="fb7cb6a6-0449-425d-9a84-55a7039f769e" testListId="8c84fa94-04c1-424b-9868-57a2d4851a1d" />
    <TestEntry testId="f1094adb-7cd4-3800-7fd4-6b10eec5d3f3" executionId="0ef05a9f-84ff-4b92-8653-df156e3f2ab5" testListId="8c84fa94-04c1-424b-9868-57a2d4851a1d" />
    <TestEntry testId="f047eda9-d61b-afec-ac9c-38d582bed66c" executionId="f066e8d6-517f-45c7-b473-733f0ebf7a38" testListId="8c84fa94-04c1-424b-9868-57a2d4851a1d" />
    <TestEntry testId="af2de0f8-df90-b012-06a0-6a91430c3a92" executionId="b2273ebd-f429-478e-85e1-1fc77d453e9c" testListId="8c84fa94-04c1-424b-9868-57a2d4851a1d" />
    <TestEntry testId="2a80f91a-32ba-91b0-be00-f54a7b8a1186" executionId="4423f89d-ff5d-4255-a2bc-b63b6e9e80b3" testListId="8c84fa94-04c1-424b-9868-57a2d4851a1d" />
    <TestEntry testId="2bdc9aef-8cca-9c80-3112-9b95c138d7b4" executionId="76daf08c-d40d-4066-9b5e-86ce19a7b246" testListId="8c84fa94-04c1-424b-9868-57a2d4851a1d" />
    <TestEntry testId="43db7f01-425d-9645-5651-efe78e6130a6" executionId="2cfb885d-436c-4667-bb10-b2dc1cf05e40" testListId="8c84fa94-04c1-424b-9868-57a2d4851a1d" />
    <TestEntry testId="69ee4823-dc49-a6d9-8f95-584a92532ed5" executionId="4b61202a-acc7-4912-ac10-b34745c28a8e" testListId="8c84fa94-04c1-424b-9868-57a2d4851a1d" />
    <TestEntry testId="61478804-37c6-3f19-8d29-b15fb393caef" executionId="a0937f9d-4a13-4d9a-8ca1-5116c38ef4a2" testListId="8c84fa94-04c1-424b-9868-57a2d4851a1d" />
    <TestEntry testId="acb4bb26-3062-bb40-2bd0-e38dd727f035" executionId="449fd6fe-a5ab-4a1b-a1ef-7ab16ac0d702" testListId="8c84fa94-04c1-424b-9868-57a2d4851a1d" />
    <TestEntry testId="08a5a503-e937-a80a-da2b-c6359ff5c88e" executionId="e956d933-b04b-404d-80f0-e9d05b35a25b" testListId="8c84fa94-04c1-424b-9868-57a2d4851a1d" />
    <TestEntry testId="ec814362-5678-9178-3c3f-acbc4e24f5e1" executionId="661984a3-df1c-4d88-9e63-5304cac79a03" testListId="8c84fa94-04c1-424b-9868-57a2d4851a1d" />
    <TestEntry testId="d895999e-44d6-5318-b590-acf283c2ef42" executionId="6018ddd5-46de-470d-8005-658f7af1019d" testListId="8c84fa94-04c1-424b-9868-57a2d4851a1d" />
    <TestEntry testId="9138da6b-802d-2432-3bc3-7ca04202230b" executionId="0bf52fcb-2ab5-4234-8026-6eaff299f231" testListId="8c84fa94-04c1-424b-9868-57a2d4851a1d" />
    <TestEntry testId="fdd16d67-98cc-38ae-1552-c5b92b740835" executionId="3167ef35-d70d-4540-9192-802940d86966" testListId="8c84fa94-04c1-424b-9868-57a2d4851a1d" />
    <TestEntry testId="e4a3b9e7-3a1f-3d64-878c-608bf44b6dad" executionId="343460e0-434b-4983-9ff3-4521d25eaa4b" testListId="8c84fa94-04c1-424b-9868-57a2d4851a1d" />
    <TestEntry testId="8b15913a-6233-54bc-8a3b-b39163abf857" executionId="7ec4a3b1-ae22-4e6f-937a-1c2a8e57b347" testListId="8c84fa94-04c1-424b-9868-57a2d4851a1d" />
    <TestEntry testId="dd83176d-4609-3020-e852-33fe8239e972" executionId="b1a2df85-5fc4-4912-b701-3e5623ff39e3" testListId="8c84fa94-04c1-424b-9868-57a2d4851a1d" />
    <TestEntry testId="58d8eb2d-a85d-871c-005e-a694429bb895" executionId="8ac33650-2fb3-4f98-b58a-d14244963a1a" testListId="8c84fa94-04c1-424b-9868-57a2d4851a1d" />
    <TestEntry testId="1daccd18-0ff2-b69c-6386-0a60a2919544" executionId="4b44936e-8c38-472c-863d-70e88b0355c5" testListId="8c84fa94-04c1-424b-9868-57a2d4851a1d" />
    <TestEntry testId="31b14912-e54b-c7c2-0ece-9cce3806d461" executionId="fb3ad0bf-c6b1-4501-b32b-b2c43ba3fe99" testListId="8c84fa94-04c1-424b-9868-57a2d4851a1d" />
    <TestEntry testId="0559940e-6c3b-5a80-dc60-21dd2e159fd8" executionId="4c90eeba-5d14-4872-8177-acdae246108a" testListId="8c84fa94-04c1-424b-9868-57a2d4851a1d" />
    <TestEntry testId="8a4aed2d-73bd-427f-bd78-a6a359ebd203" executionId="2f8be4dc-98e4-4eef-b2eb-030c8174252a" testListId="8c84fa94-04c1-424b-9868-57a2d4851a1d" />
    <TestEntry testId="3a458ffc-9469-8946-c7b7-88dcaae5602f" executionId="6593e785-e5fe-4a20-96e2-9f02cf07a589" testListId="8c84fa94-04c1-424b-9868-57a2d4851a1d" />
    <TestEntry testId="c272841b-70f7-3f09-05b6-adabea36d511" executionId="7b28067f-93af-4cb8-9a60-f95db20161dd" testListId="8c84fa94-04c1-424b-9868-57a2d4851a1d" />
    <TestEntry testId="b1e074ea-7f2a-5a8e-9a0e-a97db98a2ce1" executionId="db393ef0-aa00-49ee-a50b-d801798d0ee0" testListId="8c84fa94-04c1-424b-9868-57a2d4851a1d" />
    <TestEntry testId="f7b0e781-4364-3181-b31f-25c3510de92e" executionId="47e1dc1f-3812-4a95-8d57-e3bb01fc4273" testListId="8c84fa94-04c1-424b-9868-57a2d4851a1d" />
    <TestEntry testId="ce843775-f582-0f1d-bc7b-b8a7c6f03a72" executionId="cdd5cc55-87ca-4ac3-a2a1-99791cbfd798" testListId="8c84fa94-04c1-424b-9868-57a2d4851a1d" />
    <TestEntry testId="5a9e08ea-a0c8-9a43-60de-b13ced81a7fa" executionId="a8102033-98c3-4ade-9d3c-74350d4b4003" testListId="8c84fa94-04c1-424b-9868-57a2d4851a1d" />
    <TestEntry testId="c5dcff2e-626a-95c0-d547-89a3a9a6aa89" executionId="94daaa12-b4d6-4a99-8f7e-41b260361871" testListId="8c84fa94-04c1-424b-9868-57a2d4851a1d" />
    <TestEntry testId="feaed097-5808-62b9-4211-f6bdd56b855b" executionId="dac10630-27af-483b-894e-978621d44582" testListId="8c84fa94-04c1-424b-9868-57a2d4851a1d" />
    <TestEntry testId="69564870-b37a-e6a9-082d-61ed126c5ab1" executionId="143d8807-6d36-43fb-a500-51d7610b4925" testListId="8c84fa94-04c1-424b-9868-57a2d4851a1d" />
    <TestEntry testId="550cfad2-fa8b-209d-97fe-fd68247d99ef" executionId="201e4212-23da-4109-b1ce-52555bb9df26" testListId="8c84fa94-04c1-424b-9868-57a2d4851a1d" />
    <TestEntry testId="b9884ef5-7b7b-37a1-3241-b5d8c9986602" executionId="cabcafc5-c2d6-442f-b5a3-e121ae06ad7b" testListId="8c84fa94-04c1-424b-9868-57a2d4851a1d" />
    <TestEntry testId="40f2946a-3475-661e-ba18-f3aecc10f616" executionId="b3a9d950-1438-4996-9f01-79b2dbc22fc4" testListId="8c84fa94-04c1-424b-9868-57a2d4851a1d" />
    <TestEntry testId="219b580c-7496-f80c-c908-a3faae2d455d" executionId="d3a2b1c4-3c1c-476c-a1e5-09c7a68e4f44" testListId="8c84fa94-04c1-424b-9868-57a2d4851a1d" />
    <TestEntry testId="aa5a8bd0-7be2-9441-09f4-f36c55e0099a" executionId="d76a6c64-1472-4446-b254-b5e3ab0b5c4a" testListId="8c84fa94-04c1-424b-9868-57a2d4851a1d" />
    <TestEntry testId="8db5f8b9-eae8-c576-e7ed-a034a6d78bed" executionId="48d35476-2c68-4cdd-bf9a-e6dabc98df34" testListId="8c84fa94-04c1-424b-9868-57a2d4851a1d" />
    <TestEntry testId="4c3b4141-4a79-a1ca-f4f6-ef7e6ac52e59" executionId="941bbec3-24e8-4fcb-a6d8-4a13bfee099a" testListId="8c84fa94-04c1-424b-9868-57a2d4851a1d" />
    <TestEntry testId="9b9ea6f5-28e5-0546-b495-3d365a7f9dd4" executionId="802d8166-b052-4c32-a6b2-6e903d0ab14b" testListId="8c84fa94-04c1-424b-9868-57a2d4851a1d" />
    <TestEntry testId="721a980b-3230-2a7a-66fb-73a2861007c3" executionId="918fcc6b-8ba7-41a3-9153-f52f3906bec2" testListId="8c84fa94-04c1-424b-9868-57a2d4851a1d" />
    <TestEntry testId="94e0df52-34ea-7d4e-1817-b28f34f9a098" executionId="963b7a7c-769a-423c-917e-721dca80bc36" testListId="8c84fa94-04c1-424b-9868-57a2d4851a1d" />
    <TestEntry testId="0598fc00-fb3e-91bf-f784-e4b64a3cfa57" executionId="e7c3b9a0-2fcb-4712-bfbb-0ae6979ad015" testListId="8c84fa94-04c1-424b-9868-57a2d4851a1d" />
    <TestEntry testId="999e9ea0-681f-8b49-c2df-3675d5adf154" executionId="2c161ffa-b1b0-40c4-b43a-fbe4103c5c00" testListId="8c84fa94-04c1-424b-9868-57a2d4851a1d" />
    <TestEntry testId="50564146-33c5-5bba-7d58-7b6329532747" executionId="629bdf61-5a17-48d0-82fe-aa7a7ce2b3b8" testListId="8c84fa94-04c1-424b-9868-57a2d4851a1d" />
    <TestEntry testId="71073285-cc2d-f8d3-1325-46ab19b4f857" executionId="78949fa3-bf44-4340-b055-6ccf6fe7d917" testListId="8c84fa94-04c1-424b-9868-57a2d4851a1d" />
    <TestEntry testId="f4abda8c-11e8-cf16-83af-ba713ce9f0b9" executionId="f73026a4-87e5-4559-9851-0d4b5ae91458" testListId="8c84fa94-04c1-424b-9868-57a2d4851a1d" />
    <TestEntry testId="2ae6dd25-fc9a-7ad5-e225-557cf3c9e780" executionId="7d6fef0a-83c8-4cbb-a023-04a6c1edbcf3" testListId="8c84fa94-04c1-424b-9868-57a2d4851a1d" />
    <TestEntry testId="9048ef2e-ea98-a1cd-4593-760c3c6dfb9c" executionId="8c117c08-0435-4a40-8e2d-53af32f66d7d" testListId="8c84fa94-04c1-424b-9868-57a2d4851a1d" />
    <TestEntry testId="b125b64e-16a9-9a1c-bed1-c7eb1931e757" executionId="6e1e697c-2ff6-4511-b1a8-bc9be4556496" testListId="8c84fa94-04c1-424b-9868-57a2d4851a1d" />
    <TestEntry testId="733b622e-46d5-d019-e7eb-f1f0d3677324" executionId="6c584943-3d2c-4991-a996-d7fe9899c106" testListId="8c84fa94-04c1-424b-9868-57a2d4851a1d" />
    <TestEntry testId="22ca97d6-033b-cf61-7203-4444f24a4a92" executionId="9ecd7d4c-fc6e-4856-9ae8-458f5e91ae92" testListId="8c84fa94-04c1-424b-9868-57a2d4851a1d" />
    <TestEntry testId="82f4fe24-8b32-b63f-4cc0-6c9b60c68c5a" executionId="f7de0e9a-b245-4a5d-aef1-20351f8c0eea" testListId="8c84fa94-04c1-424b-9868-57a2d4851a1d" />
    <TestEntry testId="41439683-f554-daf6-bd87-252c0383746e" executionId="5230ce7d-a16a-4391-a348-33779381eec2" testListId="8c84fa94-04c1-424b-9868-57a2d4851a1d" />
    <TestEntry testId="47770e9f-009b-55e0-aa71-80683ddbf0fb" executionId="551c85cc-5010-4acd-a45b-7ed6db5d7b88" testListId="8c84fa94-04c1-424b-9868-57a2d4851a1d" />
    <TestEntry testId="5d2fed84-0a78-bba8-11ae-6b37ff9d0b15" executionId="b6e54641-a9b8-4048-b3ef-0a87dabaf996" testListId="8c84fa94-04c1-424b-9868-57a2d4851a1d" />
    <TestEntry testId="edad7a9f-2ab1-fea5-205f-48bb63f1f880" executionId="62100699-2292-4a92-bc73-fe434595efbd" testListId="8c84fa94-04c1-424b-9868-57a2d4851a1d" />
    <TestEntry testId="9a22ddaf-f9d6-2b58-0200-b7dd6d6df8ca" executionId="d26d2d1a-14bd-4e18-959e-328997c3cde8" testListId="8c84fa94-04c1-424b-9868-57a2d4851a1d" />
    <TestEntry testId="0f8e1705-bc99-3da9-75ac-ad79fe32133d" executionId="3f7c69ee-5289-4cfa-ad33-e851c6d23f27" testListId="8c84fa94-04c1-424b-9868-57a2d4851a1d" />
    <TestEntry testId="83a78086-cc92-d3b0-6b12-175b88de875c" executionId="def205ec-6c8e-4ebe-9a65-80d7b388ec1b" testListId="8c84fa94-04c1-424b-9868-57a2d4851a1d" />
    <TestEntry testId="7a89ef6d-3cdb-f757-2f3b-3898c608af6b" executionId="573b5931-98f4-4775-837e-239932b0c7c2" testListId="8c84fa94-04c1-424b-9868-57a2d4851a1d" />
    <TestEntry testId="1c1af5bc-0ede-5235-4c2d-8d486728c2d8" executionId="dc8bbcfc-03cc-4341-afc3-41589efef02b" testListId="8c84fa94-04c1-424b-9868-57a2d4851a1d" />
    <TestEntry testId="b4673c8b-26ff-d3fe-da2f-f330a0ad58cd" executionId="b524cd7a-6e66-4d47-ae34-2f202ef9c2e9" testListId="8c84fa94-04c1-424b-9868-57a2d4851a1d" />
    <TestEntry testId="e84cc3a7-ac93-d355-2915-e2198089769f" executionId="c3a01810-8f19-4cb5-ae26-3ff308dba3fa" testListId="8c84fa94-04c1-424b-9868-57a2d4851a1d" />
    <TestEntry testId="79d9da09-79d5-2be0-5f28-ac252e22bd40" executionId="4a1a42ca-6826-4b26-ad4b-b27a9a44261b" testListId="8c84fa94-04c1-424b-9868-57a2d4851a1d" />
    <TestEntry testId="cc8b7bde-b458-22a8-a947-beb6b6a1704f" executionId="f2cb6944-f9f1-4610-9593-1edf727145e3" testListId="8c84fa94-04c1-424b-9868-57a2d4851a1d" />
    <TestEntry testId="6918c63f-27aa-e388-cd6d-3a1d843bbb37" executionId="1ccd17c8-6398-4bc1-89d4-bf59eead0b3c" testListId="8c84fa94-04c1-424b-9868-57a2d4851a1d" />
    <TestEntry testId="80cfdcf4-3ae7-41d1-d06b-911bddf3f6cf" executionId="379c81e7-15c4-4fd7-b994-4278b94a846e" testListId="8c84fa94-04c1-424b-9868-57a2d4851a1d" />
    <TestEntry testId="de3b1ba6-b022-0826-8809-95b9c90dca9f" executionId="7b3905e4-c362-4be5-8a30-9ed883bfd206" testListId="8c84fa94-04c1-424b-9868-57a2d4851a1d" />
    <TestEntry testId="fb4bfc16-4472-c6ec-c70f-01a0505dd049" executionId="0a09b0f9-abff-495f-82cd-4511f44f0bb1" testListId="8c84fa94-04c1-424b-9868-57a2d4851a1d" />
    <TestEntry testId="f51e7d15-bb07-1f77-c496-763527081ab8" executionId="97d2d253-6348-49f5-881e-60e9cfd71f80" testListId="8c84fa94-04c1-424b-9868-57a2d4851a1d" />
    <TestEntry testId="fca732b5-9fae-3535-07d0-1e4a432e7d32" executionId="19355b79-56fd-4cea-9e52-a8efca07fdf4" testListId="8c84fa94-04c1-424b-9868-57a2d4851a1d" />
    <TestEntry testId="530f69b5-a447-ca60-be02-7dd53dd950cc" executionId="1469c4ab-efc8-41ea-88da-7873b87cd249" testListId="8c84fa94-04c1-424b-9868-57a2d4851a1d" />
    <TestEntry testId="cd7b14ce-fbc0-7d81-9aa0-e2c8ec4f6e9c" executionId="ef73e9b8-6ef1-4985-a90a-0caa57ca8805" testListId="8c84fa94-04c1-424b-9868-57a2d4851a1d" />
    <TestEntry testId="32fc502d-9cb3-be3e-d7d9-da55ad2cd200" executionId="ca9ca16d-bbd1-4ef0-9bc1-b535c00a31f3" testListId="8c84fa94-04c1-424b-9868-57a2d4851a1d" />
    <TestEntry testId="02a5d1b5-54c4-7b9e-575f-d33c2ef2a7b5" executionId="8ebb8769-6d41-4f0a-9466-16d677e1ad92" testListId="8c84fa94-04c1-424b-9868-57a2d4851a1d" />
    <TestEntry testId="14e6fe3c-f84a-6467-7b6a-02c046284221" executionId="c0ee0d54-c909-4d6f-8ad5-aeccf4bba217" testListId="8c84fa94-04c1-424b-9868-57a2d4851a1d" />
    <TestEntry testId="5b93ef42-b7b3-5196-9d09-0e0e6b274066" executionId="c6a18007-8ff9-4e63-9b33-b39ecc7bab4c" testListId="8c84fa94-04c1-424b-9868-57a2d4851a1d" />
    <TestEntry testId="9a2ae23d-13da-c24d-5e36-de3d633eaea3" executionId="e8107bbc-58ec-4a18-8b37-4d7648854ecd" testListId="8c84fa94-04c1-424b-9868-57a2d4851a1d" />
    <TestEntry testId="44aed161-4037-6593-a3b8-432128666ea9" executionId="ac54b5ba-cc2a-4b90-9c21-9a91b7d29e0c" testListId="8c84fa94-04c1-424b-9868-57a2d4851a1d" />
    <TestEntry testId="d75d964c-e6ab-8f77-a1f1-72465d94a22d" executionId="0f097b9c-fe5e-4908-9fe5-fb6cecb20aef" testListId="8c84fa94-04c1-424b-9868-57a2d4851a1d" />
    <TestEntry testId="0dcc83a8-8546-1d40-f9a8-9df68c4b35fe" executionId="bc184839-6fe6-4d02-a463-61f1dbae92ff" testListId="8c84fa94-04c1-424b-9868-57a2d4851a1d" />
    <TestEntry testId="05cb3fbe-774b-bffe-3d71-771cad3a9f6c" executionId="89eff656-774d-4329-bb55-e2803b779ee9" testListId="8c84fa94-04c1-424b-9868-57a2d4851a1d" />
    <TestEntry testId="d6f81ae9-e981-8578-05d8-fc4d8d62f519" executionId="58c93cab-3e84-4a25-a2a3-de7a6f58de17" testListId="8c84fa94-04c1-424b-9868-57a2d4851a1d" />
    <TestEntry testId="0af6b612-3ebd-5e45-a89c-94611fd252c6" executionId="04678709-99e7-461f-b327-4acbe47cddf9" testListId="8c84fa94-04c1-424b-9868-57a2d4851a1d" />
    <TestEntry testId="b517da97-3485-d8db-d444-60a14aaf59d2" executionId="95ee2576-58ff-431f-b460-ae1c4863e9e7" testListId="8c84fa94-04c1-424b-9868-57a2d4851a1d" />
    <TestEntry testId="d81c2536-2ddc-1b92-7cc5-260eee920d18" executionId="2c0cf2f8-22dd-4f5b-9959-d3b94edc2c33" testListId="8c84fa94-04c1-424b-9868-57a2d4851a1d" />
    <TestEntry testId="719db6eb-3a76-008d-3a20-f8857c55640f" executionId="f1f2dce5-3f1e-4cf8-b301-bdac598e0acb" testListId="8c84fa94-04c1-424b-9868-57a2d4851a1d" />
    <TestEntry testId="59289e4d-8682-76ea-4554-4dad5ec11b38" executionId="3f1aeec7-dad0-43ae-9e8b-ecdcebb85545" testListId="8c84fa94-04c1-424b-9868-57a2d4851a1d" />
    <TestEntry testId="e271b044-e1ee-b1ea-4f44-29d190086149" executionId="1ca0a376-e291-4ad2-bf89-4aa3afa5902e" testListId="8c84fa94-04c1-424b-9868-57a2d4851a1d" />
    <TestEntry testId="596d26c1-a184-f4f9-9435-7f20127842cb" executionId="6dd0a829-0e52-4900-aa05-8f47e327f8c3" testListId="8c84fa94-04c1-424b-9868-57a2d4851a1d" />
    <TestEntry testId="c515c7cc-d55a-ea72-d25b-2e3f0c53338a" executionId="f8d7d577-0d60-406a-8a69-ad18d421e3b3" testListId="8c84fa94-04c1-424b-9868-57a2d4851a1d" />
    <TestEntry testId="84bd42f8-6c42-6804-8e9c-d2a57ef8e5b5" executionId="b41609d4-1dda-4d8d-b236-4b2a11854a26" testListId="8c84fa94-04c1-424b-9868-57a2d4851a1d" />
    <TestEntry testId="2c8ebbf0-442d-6673-0b05-ad9143b4c52d" executionId="8e076403-7552-4179-9c04-be464b0bb383" testListId="8c84fa94-04c1-424b-9868-57a2d4851a1d" />
    <TestEntry testId="5f362af3-57c8-1122-bb39-fbb8155f17f4" executionId="69e5788a-38f0-43a1-a854-e70a8a422a00" testListId="8c84fa94-04c1-424b-9868-57a2d4851a1d" />
    <TestEntry testId="3a57acb2-3a31-781d-767d-d0497ee35db7" executionId="af14f3cb-db42-4120-8548-010979c54ca7" testListId="8c84fa94-04c1-424b-9868-57a2d4851a1d" />
    <TestEntry testId="8ce6542e-fbae-6f63-9777-4cd66f576c67" executionId="e93bf9e4-80c2-46b4-a691-0c934d902950" testListId="8c84fa94-04c1-424b-9868-57a2d4851a1d" />
    <TestEntry testId="c576af66-9afa-10c2-027a-7e1a44cd0712" executionId="5d10b58f-2cfa-47e7-a715-ac733d4f52b7" testListId="8c84fa94-04c1-424b-9868-57a2d4851a1d" />
    <TestEntry testId="8fbc7a88-4418-5963-2c9e-c4c017277a2d" executionId="df69ac1d-5d64-4a26-9fc7-6fa12bd9398f" testListId="8c84fa94-04c1-424b-9868-57a2d4851a1d" />
    <TestEntry testId="adfd4501-32c9-6cd5-35ef-7976b250b7c5" executionId="d130d470-3465-4570-bb35-2275721da2b0" testListId="8c84fa94-04c1-424b-9868-57a2d4851a1d" />
    <TestEntry testId="2c474dad-fea8-dd23-dae8-7f89d2f205ba" executionId="b8a37b4d-0cad-4400-9be4-2b3194558546" testListId="8c84fa94-04c1-424b-9868-57a2d4851a1d" />
    <TestEntry testId="6e52751a-538c-2d39-5d97-bf8a9ed56a9c" executionId="0b6a161b-5a45-4a7a-a496-b5960f55b2da" testListId="8c84fa94-04c1-424b-9868-57a2d4851a1d" />
    <TestEntry testId="b20280df-57e1-0c4a-9eea-dd5ebed1a7b2" executionId="cb40b274-4655-41b1-9943-2423b2018ed0" testListId="8c84fa94-04c1-424b-9868-57a2d4851a1d" />
    <TestEntry testId="62ba3a2c-2fe4-e764-147b-6b26914cb920" executionId="568307dd-5b2f-45c3-9acb-651b24a8beb8" testListId="8c84fa94-04c1-424b-9868-57a2d4851a1d" />
    <TestEntry testId="79f071eb-e625-b2fd-6581-3da41d293199" executionId="8f776d18-0066-4d02-9667-53747e7b8858" testListId="8c84fa94-04c1-424b-9868-57a2d4851a1d" />
    <TestEntry testId="3506f156-8f51-bfa1-8459-a10267dc2ca5" executionId="4bbabbc8-49bd-4e5a-8759-7634fcdf8970" testListId="8c84fa94-04c1-424b-9868-57a2d4851a1d" />
    <TestEntry testId="ef630a96-b5e5-f228-c2c4-385d4fbb0e17" executionId="d738df29-b72a-49fd-b652-53e666d315db" testListId="8c84fa94-04c1-424b-9868-57a2d4851a1d" />
    <TestEntry testId="81805bb5-19b7-51ab-b4b3-02e21590d4b6" executionId="deb9ff76-807f-42bc-a4f5-e2a0b3aefd25" testListId="8c84fa94-04c1-424b-9868-57a2d4851a1d" />
    <TestEntry testId="d6460fef-7c1f-f733-199f-97b4a5b4124b" executionId="15aae671-3b21-4893-985f-86ec564f043c" testListId="8c84fa94-04c1-424b-9868-57a2d4851a1d" />
    <TestEntry testId="edc878a0-a43a-73ef-acb0-37577f353475" executionId="1aa5565d-6d12-4fec-93b3-806581601893" testListId="8c84fa94-04c1-424b-9868-57a2d4851a1d" />
    <TestEntry testId="0f51215b-b683-7829-13ff-5f31881b44ee" executionId="9ba9d63d-958e-41db-a8f8-fa761c7246e6" testListId="8c84fa94-04c1-424b-9868-57a2d4851a1d" />
    <TestEntry testId="ec44a99e-89cd-c3d4-13d7-075ed8b19dd0" executionId="15eab874-31c5-4461-aae9-c29ab0eb49ca" testListId="8c84fa94-04c1-424b-9868-57a2d4851a1d" />
    <TestEntry testId="ab0344e1-f2d2-e877-24a4-25ab8356eac9" executionId="6512ecc2-e8a8-49d3-8bd0-990d66961fb0" testListId="8c84fa94-04c1-424b-9868-57a2d4851a1d" />
    <TestEntry testId="7de72132-1cd2-24ce-040a-81cf45b201bd" executionId="533b7e85-09ad-4c22-886a-b5d2ae10863c" testListId="8c84fa94-04c1-424b-9868-57a2d4851a1d" />
    <TestEntry testId="f6d1993a-6db2-551d-9c0e-78124ea0eb13" executionId="713cf940-fb5e-4d53-938b-c1d0a27e45f7" testListId="8c84fa94-04c1-424b-9868-57a2d4851a1d" />
    <TestEntry testId="98f533e5-cb2d-28ac-67c0-1c9e3a63eadf" executionId="f24a12cb-9fce-4578-adda-d127ca2db7e9" testListId="8c84fa94-04c1-424b-9868-57a2d4851a1d" />
    <TestEntry testId="20f085ed-3660-c5b0-6cb6-d23074a475fe" executionId="c6fed3f6-9451-4926-bfd7-126cf0551215" testListId="8c84fa94-04c1-424b-9868-57a2d4851a1d" />
    <TestEntry testId="f710f672-589f-2591-bbe8-d5b2015480ef" executionId="1f6c9080-fe07-4dff-b8ce-d9836e4bbc48" testListId="8c84fa94-04c1-424b-9868-57a2d4851a1d" />
    <TestEntry testId="c906cc0a-7d44-d6b5-1674-20b5d76124e1" executionId="3be7ebfd-fccb-4c81-b790-478951e03cb2" testListId="8c84fa94-04c1-424b-9868-57a2d4851a1d" />
    <TestEntry testId="02d84cd5-f194-d426-ea17-5cdcafecf442" executionId="b7c8f02f-51ce-4b2a-ad51-f9603b935177" testListId="8c84fa94-04c1-424b-9868-57a2d4851a1d" />
    <TestEntry testId="5ec127f6-d2e6-9022-fc7d-9ae5e2a5b56e" executionId="859ad87b-4731-428e-a42f-5cd02cafc0ed" testListId="8c84fa94-04c1-424b-9868-57a2d4851a1d" />
    <TestEntry testId="d42b2979-2947-eec2-a25c-a15c35e71fbb" executionId="1840221b-8a05-4393-befb-81bd4834073b" testListId="8c84fa94-04c1-424b-9868-57a2d4851a1d" />
    <TestEntry testId="aaa69613-1d08-620f-a0c7-6c9776a7fe98" executionId="78774190-f545-4ebd-be46-7cf81f36c2ae" testListId="8c84fa94-04c1-424b-9868-57a2d4851a1d" />
    <TestEntry testId="f8662d5d-bc2c-74d5-63ed-b527811f859c" executionId="468f5c9f-4855-4d06-87fe-08e940cc3cbd" testListId="8c84fa94-04c1-424b-9868-57a2d4851a1d" />
    <TestEntry testId="92b6dab7-aadd-6d84-0717-d5671700adf7" executionId="5ddbf483-dd12-4808-a4cd-b3039a81c4cd" testListId="8c84fa94-04c1-424b-9868-57a2d4851a1d" />
    <TestEntry testId="33394072-2e37-ffe9-9ac0-6514083c90b1" executionId="9acd790a-0b85-4ed3-99fe-f3440cd61325" testListId="8c84fa94-04c1-424b-9868-57a2d4851a1d" />
    <TestEntry testId="8e5a95f7-d7d9-75e4-65bd-b586948a07a8" executionId="b3db9543-f3f8-4751-a2c8-2bff0c925b16" testListId="8c84fa94-04c1-424b-9868-57a2d4851a1d" />
    <TestEntry testId="5f45f17d-a145-db08-0bf7-7fe0763a6e6a" executionId="3e57328d-7328-46dd-ac47-ec60774ef957" testListId="8c84fa94-04c1-424b-9868-57a2d4851a1d" />
    <TestEntry testId="88a2b845-389b-beb6-1095-abb81af0f128" executionId="c59fd844-7166-4a18-a124-3b2d6d79dfcd" testListId="8c84fa94-04c1-424b-9868-57a2d4851a1d" />
    <TestEntry testId="573857fb-800b-6bf2-710a-b07596a02691" executionId="60ef4d63-4022-4522-908e-362d6625258e" testListId="8c84fa94-04c1-424b-9868-57a2d4851a1d" />
    <TestEntry testId="aa95d3e0-9e62-a140-03a8-fd8c7afa3a9a" executionId="18c4b9b4-a1f2-4377-8729-e95bd809e2be" testListId="8c84fa94-04c1-424b-9868-57a2d4851a1d" />
    <TestEntry testId="9efe8d67-d061-8a16-2a6f-cc0f412a1643" executionId="c9c57f53-dba7-47e4-82f7-07a6e4c38025" testListId="8c84fa94-04c1-424b-9868-57a2d4851a1d" />
    <TestEntry testId="580e1afe-e2dd-e0a2-6df9-b1ce18a714be" executionId="246a0918-4f11-4376-9aaf-fee70cc026ab" testListId="8c84fa94-04c1-424b-9868-57a2d4851a1d" />
    <TestEntry testId="0e272411-52c5-eed6-91b4-927d99d4aa2d" executionId="a93e42bf-87fd-41d8-ac30-7b9a2be62319" testListId="8c84fa94-04c1-424b-9868-57a2d4851a1d" />
    <TestEntry testId="bb233e78-c6cd-3b23-3c0f-9785ec4ccd11" executionId="181ebc29-f899-47c8-887c-9b422db8e938" testListId="8c84fa94-04c1-424b-9868-57a2d4851a1d" />
    <TestEntry testId="490158db-e4f2-7ffd-c385-cb70228663b5" executionId="06e6648f-7341-4a24-af1c-49083432d702" testListId="8c84fa94-04c1-424b-9868-57a2d4851a1d" />
    <TestEntry testId="09a55fcb-0eee-e804-a52c-b0d4bf548464" executionId="a8d5e58f-d1a4-4053-8f6b-fc1fd425c2f1" testListId="8c84fa94-04c1-424b-9868-57a2d4851a1d" />
    <TestEntry testId="19d5ea60-ef13-31bf-4dc7-ab7d29a648c4" executionId="b8601bf9-f45f-48c2-b935-d260e24c794b" testListId="8c84fa94-04c1-424b-9868-57a2d4851a1d" />
    <TestEntry testId="ec02dab7-32bf-df64-f14e-12ec97d8852b" executionId="af033795-0f47-49f6-a1bf-8d24fa0a0835" testListId="8c84fa94-04c1-424b-9868-57a2d4851a1d" />
    <TestEntry testId="81617872-71ba-199d-e817-945400dd1b77" executionId="2f7b99fe-5d51-4d59-8049-e5feef9273c2" testListId="8c84fa94-04c1-424b-9868-57a2d4851a1d" />
    <TestEntry testId="7adea5e7-540d-b8b1-2170-ef656c51b562" executionId="35f64e84-0c23-4b9d-bce1-8520527e9340" testListId="8c84fa94-04c1-424b-9868-57a2d4851a1d" />
    <TestEntry testId="ce5982ee-353b-a8b3-e64f-f6b862591864" executionId="82dc45dc-d294-4abc-93b5-ccd19b7a0230" testListId="8c84fa94-04c1-424b-9868-57a2d4851a1d" />
    <TestEntry testId="00f004a8-cc0a-ba6a-61e6-32a64a1d70b3" executionId="6a21a53f-bcb5-468c-80e1-93c9698d9791" testListId="8c84fa94-04c1-424b-9868-57a2d4851a1d" />
    <TestEntry testId="ba3849b3-9ea5-cfac-5226-3bf7a80944d3" executionId="13e225d4-01e5-4d42-bcfe-0fca2d6ff592" testListId="8c84fa94-04c1-424b-9868-57a2d4851a1d" />
    <TestEntry testId="308375a6-6b2f-0344-b263-18e6ea0c3b70" executionId="d600dff5-9cd6-4887-b975-4be232135fee" testListId="8c84fa94-04c1-424b-9868-57a2d4851a1d" />
    <TestEntry testId="f88ce713-59cb-9a91-8f44-f65697fcffd5" executionId="45a015b7-892a-46d3-ba9c-505fbc2c4260" testListId="8c84fa94-04c1-424b-9868-57a2d4851a1d" />
    <TestEntry testId="2d82bace-d18b-8cb6-ec46-f30189d0e969" executionId="4a0ac77d-512f-4fb4-bf0e-2cc843bcf9d3" testListId="8c84fa94-04c1-424b-9868-57a2d4851a1d" />
    <TestEntry testId="3b025860-fba3-439e-f85e-c1a1d52502a6" executionId="bd626af7-6de3-4227-ac84-055ddbf41623" testListId="8c84fa94-04c1-424b-9868-57a2d4851a1d" />
    <TestEntry testId="64926100-3933-f2dd-3dd0-a9d9b3ef7760" executionId="eb08aef4-b84e-4638-b310-81fb339060fc" testListId="8c84fa94-04c1-424b-9868-57a2d4851a1d" />
    <TestEntry testId="fa52c818-7f37-d4f7-04b7-9530b81dfb8c" executionId="5082fa21-f2c9-4033-bdb9-10db40153b34" testListId="8c84fa94-04c1-424b-9868-57a2d4851a1d" />
    <TestEntry testId="884502f8-bdaa-5c5e-9e51-7540cc3d536d" executionId="734cbddd-9c91-4405-8258-c6831bfa1f88" testListId="8c84fa94-04c1-424b-9868-57a2d4851a1d" />
    <TestEntry testId="95de269b-449d-9609-f541-f46b5a47c3a2" executionId="fef02991-a116-4cd9-9868-d37eda0aea21" testListId="8c84fa94-04c1-424b-9868-57a2d4851a1d" />
    <TestEntry testId="829d0f90-2469-d00a-2b4c-246feaf33a9f" executionId="b63f99a9-50e6-440f-96f9-8f0d9dedaf53" testListId="8c84fa94-04c1-424b-9868-57a2d4851a1d" />
    <TestEntry testId="15c67955-7773-e637-5545-1a3e6f51761c" executionId="b6c73034-ac96-4ed8-9640-d1d662fd1ab2" testListId="8c84fa94-04c1-424b-9868-57a2d4851a1d" />
    <TestEntry testId="3be51c51-c709-c67b-75c9-3ba3e2cef999" executionId="95d4dd20-e1de-49bc-b657-b08f28945c68" testListId="8c84fa94-04c1-424b-9868-57a2d4851a1d" />
    <TestEntry testId="1a682357-7db5-91a8-093a-d3ec64ecb218" executionId="d3a4de1c-bc96-4e38-9e23-62e4d72e6ac9" testListId="8c84fa94-04c1-424b-9868-57a2d4851a1d" />
    <TestEntry testId="325e10cb-fddc-b22a-aef6-214176508cda" executionId="aed1651d-9888-46f9-98ac-2a82fbb6cc78" testListId="8c84fa94-04c1-424b-9868-57a2d4851a1d" />
    <TestEntry testId="e68e8d3d-cf88-e2fc-5096-d0c2a02bc9c2" executionId="74014572-3303-4785-8349-f014db7d03ae" testListId="8c84fa94-04c1-424b-9868-57a2d4851a1d" />
    <TestEntry testId="8eb4f19d-f1e9-80a5-2ae2-3c12f9b07d80" executionId="13571f36-2cdd-48e4-9a5f-0cae52acd973" testListId="8c84fa94-04c1-424b-9868-57a2d4851a1d" />
    <TestEntry testId="a78851f4-5cf1-c03b-d540-692422a608d7" executionId="0a427f1f-631e-4762-a2f4-05544a75361a" testListId="8c84fa94-04c1-424b-9868-57a2d4851a1d" />
    <TestEntry testId="d3bfedf2-72e8-cff3-0316-cd925068f363" executionId="9a740599-82e0-4fff-8c3a-9f6d686999d1" testListId="8c84fa94-04c1-424b-9868-57a2d4851a1d" />
    <TestEntry testId="a3af70b7-cccc-2f1a-f5b6-ff03b6d8d4b6" executionId="299ecd60-e09f-4448-a59c-d80b34dc2ae8" testListId="8c84fa94-04c1-424b-9868-57a2d4851a1d" />
    <TestEntry testId="a32f1da5-bca9-b4b8-c8d5-6eb2203dd47a" executionId="6afb9512-ef8d-4b4e-942d-ba1570c6f25b" testListId="8c84fa94-04c1-424b-9868-57a2d4851a1d" />
    <TestEntry testId="90bdbd11-042f-bc1b-47a8-51b71d05db21" executionId="753099f5-c6f4-4284-9bcb-1e09fe3d4b51" testListId="8c84fa94-04c1-424b-9868-57a2d4851a1d" />
    <TestEntry testId="219ef644-4b9e-0020-5a88-34072b9491cd" executionId="47210cab-2e3e-472f-82a5-5abb27af4d0e" testListId="8c84fa94-04c1-424b-9868-57a2d4851a1d" />
    <TestEntry testId="5b605aec-b02a-0133-abcb-81fdaaea0f58" executionId="82aeb9aa-a612-4a07-92f4-b4aecfaaa32a" testListId="8c84fa94-04c1-424b-9868-57a2d4851a1d" />
    <TestEntry testId="6320bcbb-9bd3-a2f1-dd89-af85ab33f5f8" executionId="83a6b749-a9b2-4468-bb00-c5c44645da4c" testListId="8c84fa94-04c1-424b-9868-57a2d4851a1d" />
    <TestEntry testId="728dd74c-5776-cc49-d6bb-366e73e8938c" executionId="acdc656f-2727-4094-8f65-dad1310dfd1d" testListId="8c84fa94-04c1-424b-9868-57a2d4851a1d" />
    <TestEntry testId="e9c1e9fb-f71f-4e21-a859-79b83367d845" executionId="08caa414-17fb-471c-93ed-bd0811d652f1" testListId="8c84fa94-04c1-424b-9868-57a2d4851a1d" />
    <TestEntry testId="b51937f9-2164-2ef5-8ffc-3d90a1d1e816" executionId="6d9c50e9-cc04-48f4-93ab-f9bf506c9e92" testListId="8c84fa94-04c1-424b-9868-57a2d4851a1d" />
    <TestEntry testId="e454a3f1-9c85-b4ba-36c1-30535ec4b9e5" executionId="3c57cd86-246d-4e03-9005-89a0c69d1da5" testListId="8c84fa94-04c1-424b-9868-57a2d4851a1d" />
    <TestEntry testId="e8265441-f1a4-8474-c93a-df0ea0082843" executionId="c9097ecb-5c58-443d-a72c-aa28d9afa5d2" testListId="8c84fa94-04c1-424b-9868-57a2d4851a1d" />
    <TestEntry testId="72f35452-ae18-a81e-a215-eabf2f938f12" executionId="d9543663-98ec-49be-891b-69f3ee69b827" testListId="8c84fa94-04c1-424b-9868-57a2d4851a1d" />
    <TestEntry testId="04c34e7c-e78e-7563-7994-efef96d7f7b4" executionId="ba0de529-102b-4bcd-ac8b-627c376e6ddd" testListId="8c84fa94-04c1-424b-9868-57a2d4851a1d" />
    <TestEntry testId="79d1eb2f-a693-8e79-2873-4e7aec472ae9" executionId="3d390fa8-b6c2-4bbf-8f05-b11e171e2686" testListId="8c84fa94-04c1-424b-9868-57a2d4851a1d" />
    <TestEntry testId="99191b72-e7a5-4661-1571-fa0152996bc5" executionId="256d1f67-8972-4250-b5f7-f84566caf6b7" testListId="8c84fa94-04c1-424b-9868-57a2d4851a1d" />
    <TestEntry testId="6c9226da-dc8b-6782-1762-3dc120260169" executionId="35118f46-44db-4065-a331-64a29eeaa5e2" testListId="8c84fa94-04c1-424b-9868-57a2d4851a1d" />
    <TestEntry testId="99462d07-0d69-655b-8e33-97d14de162f9" executionId="2ed6bed0-3735-444d-9c21-94d055c6d5df" testListId="8c84fa94-04c1-424b-9868-57a2d4851a1d" />
    <TestEntry testId="9447d857-64c8-6cf8-db39-f3d427d61a65" executionId="abc40074-ecba-4d1a-9b6f-b67ea6d40e5c" testListId="8c84fa94-04c1-424b-9868-57a2d4851a1d" />
    <TestEntry testId="a0bb914f-6854-fb79-12ef-b3ea45e0991b" executionId="adca3de9-7f3f-4340-85a6-7fefddb32b55" testListId="8c84fa94-04c1-424b-9868-57a2d4851a1d" />
    <TestEntry testId="598d5d0f-e711-eeeb-ae86-9f1a3129bef6" executionId="69ba515e-9050-461c-ba3a-8f2a99a0d1ea" testListId="8c84fa94-04c1-424b-9868-57a2d4851a1d" />
    <TestEntry testId="bdcd76b9-81f3-1804-35f3-1aa220e4eec0" executionId="11bddb65-816e-4d10-8d48-e70a47d214ef" testListId="8c84fa94-04c1-424b-9868-57a2d4851a1d" />
    <TestEntry testId="fbed73f4-9b7f-b45c-b76c-caac1d7f4349" executionId="de3c8ef6-1ca0-4351-b928-b5f0c5fceaa7" testListId="8c84fa94-04c1-424b-9868-57a2d4851a1d" />
    <TestEntry testId="b65cceb4-bb5a-b668-5f3c-9e4a205a0844" executionId="fec46259-407d-4653-86ff-19b51906bed1" testListId="8c84fa94-04c1-424b-9868-57a2d4851a1d" />
    <TestEntry testId="2dc2397e-fec1-ff28-69c4-c3ca71255333" executionId="81a9d513-523c-49a3-b0db-7652a0af6ae0" testListId="8c84fa94-04c1-424b-9868-57a2d4851a1d" />
    <TestEntry testId="7a4fa23b-ecc1-2f50-1983-409ce3c0dca1" executionId="fe88216a-7433-42a6-b701-f0851c5742c1" testListId="8c84fa94-04c1-424b-9868-57a2d4851a1d" />
    <TestEntry testId="1bcab4f7-cc1a-04c2-9e62-a8ca303cc7c3" executionId="03e734a3-e76d-476a-99b6-8b86ccc08f4f" testListId="8c84fa94-04c1-424b-9868-57a2d4851a1d" />
    <TestEntry testId="2265d1be-c488-0fed-c561-7dfebc65f121" executionId="da2a8afd-7888-497e-a3ef-9bec1f331fc9" testListId="8c84fa94-04c1-424b-9868-57a2d4851a1d" />
    <TestEntry testId="2761c5e2-07fb-530a-a35b-12571a853d1a" executionId="ea13fb55-28af-49ba-bbb5-ab8555d52304" testListId="8c84fa94-04c1-424b-9868-57a2d4851a1d" />
    <TestEntry testId="b6a03062-30b8-99fc-58f1-7806f924b0cd" executionId="dfaf4486-1e11-4b9d-8bb6-007248a9aed1" testListId="8c84fa94-04c1-424b-9868-57a2d4851a1d" />
    <TestEntry testId="6ba35fcf-f7e2-d2f4-3316-e17e20a60922" executionId="28ec245d-8c18-4279-a284-020e1220c08a" testListId="8c84fa94-04c1-424b-9868-57a2d4851a1d" />
    <TestEntry testId="04890844-c662-62b1-20da-07273c12eec5" executionId="521e334e-9a21-4401-8e57-11b8db67ff41" testListId="8c84fa94-04c1-424b-9868-57a2d4851a1d" />
    <TestEntry testId="1783a21f-8911-67d2-551f-bb139a696d28" executionId="007d5128-2825-423c-a030-297e767989cb" testListId="8c84fa94-04c1-424b-9868-57a2d4851a1d" />
    <TestEntry testId="09109cdb-3848-8d5b-1673-eb704ba69421" executionId="94514a85-8f5f-43ce-9a48-11be698ad49d" testListId="8c84fa94-04c1-424b-9868-57a2d4851a1d" />
    <TestEntry testId="5fa7f6c3-59dd-66f0-508e-049e14919de5" executionId="137fd2c5-14e3-4e67-9191-acd0391bd392" testListId="8c84fa94-04c1-424b-9868-57a2d4851a1d" />
    <TestEntry testId="13de28e5-d340-846e-3c63-908df06a48bc" executionId="6fc225d1-0084-4c3f-9461-54cb0740a239" testListId="8c84fa94-04c1-424b-9868-57a2d4851a1d" />
    <TestEntry testId="d39d0521-06db-7dc9-3051-c476e15502d1" executionId="9df931b9-d188-4b43-8e48-d5b5d7d8a369" testListId="8c84fa94-04c1-424b-9868-57a2d4851a1d" />
    <TestEntry testId="37a138e9-b7a0-6794-91b6-4bf04f60b366" executionId="86f815f1-081d-48d4-8755-42b1df941ca9" testListId="8c84fa94-04c1-424b-9868-57a2d4851a1d" />
    <TestEntry testId="3d23d5f2-7904-b2b4-b8b7-ca6ea8579849" executionId="9dd86b79-b9e5-4e34-9afe-437ef80298f8" testListId="8c84fa94-04c1-424b-9868-57a2d4851a1d" />
    <TestEntry testId="4bb2727d-b9d4-6289-65c4-9870842194c7" executionId="5f2f6a68-1102-431b-a176-5c4c5bfd74b0" testListId="8c84fa94-04c1-424b-9868-57a2d4851a1d" />
    <TestEntry testId="f52db0e2-1ec3-1fbd-af9d-43162767844c" executionId="6f565587-5af8-405a-965f-b453ba83cb6b" testListId="8c84fa94-04c1-424b-9868-57a2d4851a1d" />
    <TestEntry testId="bdec05a5-07fb-4820-dc28-26dda82fd8ee" executionId="c2e990d0-f301-480a-8873-8fb77d78938a" testListId="8c84fa94-04c1-424b-9868-57a2d4851a1d" />
    <TestEntry testId="67b04a5a-d7e5-804a-359e-7ab0a49b2032" executionId="93e22d4a-1ce9-4980-bbf0-88e2cc37a56f" testListId="8c84fa94-04c1-424b-9868-57a2d4851a1d" />
    <TestEntry testId="af207a6c-649f-b642-3f18-975653fda64d" executionId="57833c6f-cdd7-4050-8c84-3bec0f9919ee" testListId="8c84fa94-04c1-424b-9868-57a2d4851a1d" />
    <TestEntry testId="f3b50fcd-2daa-b9fb-f042-b57e7d3ddf9f" executionId="3197d2b6-fa69-4168-b130-536cf0d807bd" testListId="8c84fa94-04c1-424b-9868-57a2d4851a1d" />
    <TestEntry testId="440876a3-0b1f-65cb-86fa-df7d9378bb2e" executionId="0718dd71-3763-4054-a015-75864a924b17" testListId="8c84fa94-04c1-424b-9868-57a2d4851a1d" />
    <TestEntry testId="8f30478c-81f7-18ca-7418-c5fed45513af" executionId="7c5ed09f-d32c-41c6-80c0-8a4ba7658652" testListId="8c84fa94-04c1-424b-9868-57a2d4851a1d" />
    <TestEntry testId="a1b35a02-92d9-0d0e-9ddc-2d7195973991" executionId="981367b6-5fc6-42a0-bf5f-d5fc931a629f" testListId="8c84fa94-04c1-424b-9868-57a2d4851a1d" />
    <TestEntry testId="12a289cc-be96-5408-ab00-a38d958c6633" executionId="fa1d0592-ff42-4e8d-882e-959cc9d63d85" testListId="8c84fa94-04c1-424b-9868-57a2d4851a1d" />
    <TestEntry testId="b5adbb73-9b21-0db3-07ee-91df82916c6a" executionId="808a7d54-824d-4db2-aaf9-05b6a6c8dbe2" testListId="8c84fa94-04c1-424b-9868-57a2d4851a1d" />
    <TestEntry testId="31f844ec-9d40-2405-88d9-f17d5587c8d4" executionId="ac4d9ea9-0bc9-441c-b39b-fba822c53d17" testListId="8c84fa94-04c1-424b-9868-57a2d4851a1d" />
    <TestEntry testId="9673c392-00ec-21ab-3c0b-8793b3f794b4" executionId="1efc5da3-7b40-42b8-a174-2c811d8ae391" testListId="8c84fa94-04c1-424b-9868-57a2d4851a1d" />
    <TestEntry testId="3e38b4f6-2dac-31b3-166f-c8bc13b4eea7" executionId="760ed9a7-61d0-4c60-8e44-839d479d8e63" testListId="8c84fa94-04c1-424b-9868-57a2d4851a1d" />
    <TestEntry testId="34c21c1b-4843-42b3-d975-d5e225bd75ed" executionId="42ac5053-7724-4f3f-b0f7-416687539e73" testListId="8c84fa94-04c1-424b-9868-57a2d4851a1d" />
    <TestEntry testId="d5ed32e4-7897-5103-27de-7002ba878098" executionId="c085cd21-fb58-4341-843c-d9407722e710" testListId="8c84fa94-04c1-424b-9868-57a2d4851a1d" />
    <TestEntry testId="cb29dac1-8764-e240-82e6-34668ec60cf1" executionId="2f7246af-79f0-4e80-a0b1-d52c692858ba" testListId="8c84fa94-04c1-424b-9868-57a2d4851a1d" />
    <TestEntry testId="2bdb67fd-2ac2-591f-5cbe-a774680947b8" executionId="bc747574-cbc3-49da-878d-3825d93f71de" testListId="8c84fa94-04c1-424b-9868-57a2d4851a1d" />
    <TestEntry testId="fdcc216e-d89b-62a4-e23b-448ff274816d" executionId="e2c4321b-d2fc-46c9-bdf0-a6a1a9a5ab08" testListId="8c84fa94-04c1-424b-9868-57a2d4851a1d" />
    <TestEntry testId="55b0046f-204a-b150-257e-2d3d00e45488" executionId="582701bf-8d8a-4602-887c-dfca30d91cef" testListId="8c84fa94-04c1-424b-9868-57a2d4851a1d" />
    <TestEntry testId="83748689-d3e8-87b9-8e2a-e56e2297976e" executionId="f3f66265-a7b8-403e-8141-d44ed2191e0a" testListId="8c84fa94-04c1-424b-9868-57a2d4851a1d" />
    <TestEntry testId="d4d63e82-a153-4dba-ebca-76d1740f3fd7" executionId="1589bd3e-afa4-4f0b-a685-60324feda2c9" testListId="8c84fa94-04c1-424b-9868-57a2d4851a1d" />
    <TestEntry testId="98d3b77a-de4e-c65f-d0f1-c8e1bf069964" executionId="17d297ab-3c99-4611-8fa0-1d91c5869e74" testListId="8c84fa94-04c1-424b-9868-57a2d4851a1d" />
    <TestEntry testId="b177cbb5-9289-1bfa-bb0c-777b1da037d2" executionId="28223246-fed3-4fbc-8e90-04631d1ce4b9" testListId="8c84fa94-04c1-424b-9868-57a2d4851a1d" />
    <TestEntry testId="d8429968-d99d-6cb6-df2c-d60230c77ebe" executionId="fc0be9b3-e563-47ae-bfc6-7d5b6c2202d9" testListId="8c84fa94-04c1-424b-9868-57a2d4851a1d" />
    <TestEntry testId="5b97f0b7-78ca-03e5-f404-238d7520c937" executionId="dd4f934c-58b3-4cea-bf1e-fe6bdbba52f6" testListId="8c84fa94-04c1-424b-9868-57a2d4851a1d" />
    <TestEntry testId="6699e28c-b031-dfee-012e-0c19020a68c6" executionId="069b2927-4134-4b9d-a206-84d535b0a761" testListId="8c84fa94-04c1-424b-9868-57a2d4851a1d" />
    <TestEntry testId="7f61d5ae-c293-961d-5c60-2fd2f6f8b8a0" executionId="f3ddae71-1023-4952-872f-2073bd02a01b" testListId="8c84fa94-04c1-424b-9868-57a2d4851a1d" />
    <TestEntry testId="3e0d1ff1-7158-d3da-1bde-dc06d85351cc" executionId="129c8cfd-e4f9-4888-9168-42810ebf0ec2" testListId="8c84fa94-04c1-424b-9868-57a2d4851a1d" />
    <TestEntry testId="f3fc3b2a-fd0c-ed34-201e-80335edc57c1" executionId="fa8cf36c-8454-4356-997e-ee7ad9fa014e" testListId="8c84fa94-04c1-424b-9868-57a2d4851a1d" />
    <TestEntry testId="1218a498-99c8-aef7-14b6-a005d2b1e4af" executionId="ab83e82d-452a-47b8-8f6d-e77c85db5979" testListId="8c84fa94-04c1-424b-9868-57a2d4851a1d" />
    <TestEntry testId="4b5a68b1-c763-49c2-6558-f2ba8573701b" executionId="30922363-6df2-4488-93db-1c3c10534b2e" testListId="8c84fa94-04c1-424b-9868-57a2d4851a1d" />
    <TestEntry testId="d4230149-10c4-6faa-9ee6-ef77ef11a13e" executionId="51956957-f0a4-40d3-af95-8776933e1b11" testListId="8c84fa94-04c1-424b-9868-57a2d4851a1d" />
    <TestEntry testId="9897c766-b52d-ed3b-d588-9c1d581b48f1" executionId="3f0b1a5a-f17e-4955-9dda-96658a73f5ac" testListId="8c84fa94-04c1-424b-9868-57a2d4851a1d" />
    <TestEntry testId="93557652-0c61-c383-9006-222abdd8eada" executionId="22fa74eb-fe8f-4fba-9fcc-bb30885340be" testListId="8c84fa94-04c1-424b-9868-57a2d4851a1d" />
    <TestEntry testId="69f51caf-2be9-d08e-6810-ce001c777fb4" executionId="5dfcaad0-b154-4061-9771-8d3eda15a221" testListId="8c84fa94-04c1-424b-9868-57a2d4851a1d" />
    <TestEntry testId="42bf2cb1-698e-8879-c40b-8fea12bbd64e" executionId="b2ce10e2-b556-4fd8-bd39-236f0ed30187" testListId="8c84fa94-04c1-424b-9868-57a2d4851a1d" />
    <TestEntry testId="20f144bc-786f-b30e-2570-b753431ada4b" executionId="8234d679-5def-4ab0-a6f9-eb1bdeba9bde" testListId="8c84fa94-04c1-424b-9868-57a2d4851a1d" />
    <TestEntry testId="ca8707b1-fdbb-1240-3ed3-aec73e9fbd04" executionId="8e96e8d5-bd98-43d8-aefa-5cf4ee51c849" testListId="8c84fa94-04c1-424b-9868-57a2d4851a1d" />
    <TestEntry testId="0f9657cc-4402-2e71-fa6d-311b1f9f3738" executionId="a9f9b0c5-9c01-40e8-b5b2-b133f6a2ccae" testListId="8c84fa94-04c1-424b-9868-57a2d4851a1d" />
    <TestEntry testId="9c5e3218-4d81-f666-5eac-f51ae9556518" executionId="dab0e5c1-ecd1-4e88-a10e-acdbe685d39e" testListId="8c84fa94-04c1-424b-9868-57a2d4851a1d" />
    <TestEntry testId="48fe9dfa-00bd-7412-25ad-d8f31c9359f8" executionId="d7ed4610-229a-48c7-8cd4-72bc90423d58" testListId="8c84fa94-04c1-424b-9868-57a2d4851a1d" />
    <TestEntry testId="b765d0cf-1fe6-73b4-d57a-f5ad7d890fbe" executionId="fb39bb4f-28b7-40a1-960d-01347e9d69b6" testListId="8c84fa94-04c1-424b-9868-57a2d4851a1d" />
    <TestEntry testId="d40c2ded-95ac-6860-f5b0-8e549fe1d8ae" executionId="6f215b4e-66a7-49eb-a366-fd27b3b1756d" testListId="8c84fa94-04c1-424b-9868-57a2d4851a1d" />
    <TestEntry testId="ef53e2b8-fe52-58e3-46fe-b376fd704110" executionId="cb6dc217-f53a-4fbd-8182-fe4e12afdf4a" testListId="8c84fa94-04c1-424b-9868-57a2d4851a1d" />
    <TestEntry testId="b9e8bb21-8876-39d5-4535-cf3fac9c90aa" executionId="162f78fe-58c5-4ac2-811a-a78989bfa689" testListId="8c84fa94-04c1-424b-9868-57a2d4851a1d" />
    <TestEntry testId="08622791-9a78-dba4-11b6-3b604a6bf317" executionId="fb8e4fbc-7043-4337-a84a-66d595f5091b" testListId="8c84fa94-04c1-424b-9868-57a2d4851a1d" />
    <TestEntry testId="3651eb38-5039-fa09-00f9-acaf8a27c78a" executionId="8fbe735a-fac5-4e89-80e5-19589abda7dd" testListId="8c84fa94-04c1-424b-9868-57a2d4851a1d" />
    <TestEntry testId="07d5d72e-69e0-9fde-2308-03acdf606032" executionId="f0153f25-3852-41a5-9e2e-42fe96623b9d" testListId="8c84fa94-04c1-424b-9868-57a2d4851a1d" />
    <TestEntry testId="d36822ca-313a-7605-49b0-c19c37c6127f" executionId="07ac2f0b-1fd2-42d9-b532-8b86a7f39f28" testListId="8c84fa94-04c1-424b-9868-57a2d4851a1d" />
    <TestEntry testId="22a490c0-6acc-6ed1-db4f-f6924fd19704" executionId="b1b42ad1-5e95-48a5-a08a-c2eb2d5a0dd1" testListId="8c84fa94-04c1-424b-9868-57a2d4851a1d" />
    <TestEntry testId="5fe06e96-7d1e-4cc3-cac1-7c226655aab9" executionId="7704f3d8-14f7-4577-8257-26fab2f08b8f" testListId="8c84fa94-04c1-424b-9868-57a2d4851a1d" />
    <TestEntry testId="268ae14c-20cc-e72a-0840-6050273b0f8d" executionId="8a7007e1-859f-4aa5-8144-dd62c360abba" testListId="8c84fa94-04c1-424b-9868-57a2d4851a1d" />
    <TestEntry testId="b3c0b65f-805a-3515-898c-2d4dce44f091" executionId="df02f343-cc84-4ac9-8891-5eca68c23f01" testListId="8c84fa94-04c1-424b-9868-57a2d4851a1d" />
    <TestEntry testId="416f82d2-cf13-eaaa-dd89-821c19c09d99" executionId="f6902733-53d1-45f5-bb4e-00c6abb4bccb" testListId="8c84fa94-04c1-424b-9868-57a2d4851a1d" />
    <TestEntry testId="456922c0-2173-494b-5340-de73de1629fa" executionId="2f10a08f-5d44-43ff-b0b7-edb2cb0e68cc" testListId="8c84fa94-04c1-424b-9868-57a2d4851a1d" />
    <TestEntry testId="026aa8ec-95c1-a014-58a4-949aa82d868a" executionId="dc5ee0c6-4fa4-48ce-9ef0-33dcf6621a6c" testListId="8c84fa94-04c1-424b-9868-57a2d4851a1d" />
    <TestEntry testId="284e3747-200c-a346-c8de-d635cf1b6e59" executionId="47ab940d-5873-4c7f-bb18-76b89f0e659a" testListId="8c84fa94-04c1-424b-9868-57a2d4851a1d" />
    <TestEntry testId="8039a04f-aa3d-b9b0-cb5a-bbf13ecc63c0" executionId="50c949df-473c-4e0a-9c97-904316153892" testListId="8c84fa94-04c1-424b-9868-57a2d4851a1d" />
    <TestEntry testId="65b8b03a-1cd6-d41b-951d-7ff48ede72f3" executionId="42f54c42-16c8-433d-b465-08cc27a41b6d" testListId="8c84fa94-04c1-424b-9868-57a2d4851a1d" />
    <TestEntry testId="58141a4e-f059-9b6b-e088-301262858edb" executionId="457da8c2-f284-4179-a296-ffced65d0dbd" testListId="8c84fa94-04c1-424b-9868-57a2d4851a1d" />
    <TestEntry testId="cef0612a-25e2-591d-1be7-84900295fc1b" executionId="54e30319-9bf3-4e22-acda-8fc7a3abe1c8" testListId="8c84fa94-04c1-424b-9868-57a2d4851a1d" />
    <TestEntry testId="acf03fb6-5116-f94e-d6e8-7ac4126f56f1" executionId="bf2d2296-47d1-47d4-bde8-b84b78b15b31" testListId="8c84fa94-04c1-424b-9868-57a2d4851a1d" />
    <TestEntry testId="18221f5c-a233-8915-9e13-307a08a338ec" executionId="523239f8-94ff-46d8-b148-001b5a319d22" testListId="8c84fa94-04c1-424b-9868-57a2d4851a1d" />
    <TestEntry testId="427a1563-875c-5ede-eb36-087cf953a6e9" executionId="a97a7c14-9904-4e5f-9fcd-ab05281e4dbc" testListId="8c84fa94-04c1-424b-9868-57a2d4851a1d" />
    <TestEntry testId="2ed3a00a-4f7f-6fbf-f5bb-89f70e5e347a" executionId="69af8e6e-f4a0-42c3-a358-3ab91c75dcc3" testListId="8c84fa94-04c1-424b-9868-57a2d4851a1d" />
    <TestEntry testId="3cb65f0e-e345-0459-17cf-270ca0245297" executionId="e337e812-90fb-4a44-afd7-0ab22ff602d7" testListId="8c84fa94-04c1-424b-9868-57a2d4851a1d" />
    <TestEntry testId="20ca43c6-2f14-43d9-a49c-571d28462c6a" executionId="55658ee3-4296-4098-822f-2af6b966e7cf" testListId="8c84fa94-04c1-424b-9868-57a2d4851a1d" />
    <TestEntry testId="43b55bcc-c864-a344-f19c-a4697d7e93a7" executionId="2105ce1e-20c7-4b0d-a080-9c3ea75bc4e2" testListId="8c84fa94-04c1-424b-9868-57a2d4851a1d" />
    <TestEntry testId="bc66d075-b5d9-87ae-4f1c-513441f8165c" executionId="d93ee191-2302-48ae-a6ac-be72409a2707" testListId="8c84fa94-04c1-424b-9868-57a2d4851a1d" />
    <TestEntry testId="d6728601-eae0-dd7f-2f47-f9029823748f" executionId="90fcba99-5b38-4483-8705-5489012ddf2b" testListId="8c84fa94-04c1-424b-9868-57a2d4851a1d" />
    <TestEntry testId="24b036de-d6df-4806-82fa-557c86be4a85" executionId="13ad17f0-252c-4916-afe4-2c6be218f438" testListId="8c84fa94-04c1-424b-9868-57a2d4851a1d" />
    <TestEntry testId="954032f8-37dc-7661-b366-512958158ebf" executionId="9f538e30-0425-4729-a513-f892be57bb7b" testListId="8c84fa94-04c1-424b-9868-57a2d4851a1d" />
    <TestEntry testId="75df8f46-b8a0-ca12-05d3-71a91eb99cfe" executionId="b2294f3c-5561-43b2-ad51-062e7f53f733" testListId="8c84fa94-04c1-424b-9868-57a2d4851a1d" />
    <TestEntry testId="22a81a99-b71e-15d9-be4f-104efe40b57f" executionId="de7d1c2a-15af-4938-8c85-f638924f7f92" testListId="8c84fa94-04c1-424b-9868-57a2d4851a1d" />
    <TestEntry testId="b192238b-6d2c-4102-fdb5-e531afa62e19" executionId="e4876c9c-8c76-4a5f-a9c9-bada1b44cc44" testListId="8c84fa94-04c1-424b-9868-57a2d4851a1d" />
    <TestEntry testId="d47bc179-5ff7-8693-e7fd-476064bd669c" executionId="eae198f0-32fb-41f3-b794-13c43c89f931" testListId="8c84fa94-04c1-424b-9868-57a2d4851a1d" />
    <TestEntry testId="be10cfb5-959a-3fd5-7048-4419a0956455" executionId="97f08442-731c-461e-91d9-b174f3d90fd5" testListId="8c84fa94-04c1-424b-9868-57a2d4851a1d" />
    <TestEntry testId="d7c85921-f6b2-47f3-a1fc-3cb3d85f1761" executionId="31c8693b-a181-4345-997a-7c2e97ce20eb" testListId="8c84fa94-04c1-424b-9868-57a2d4851a1d" />
    <TestEntry testId="3adb8872-ad9b-6d0e-8a10-32be252fb605" executionId="c0b31462-ab72-4328-a974-5889468c8e6f" testListId="8c84fa94-04c1-424b-9868-57a2d4851a1d" />
    <TestEntry testId="dc0c2da5-f912-3a42-fb09-fd922bf21e0e" executionId="800c9a38-cd70-4763-94b9-ca2e56f967f3" testListId="8c84fa94-04c1-424b-9868-57a2d4851a1d" />
    <TestEntry testId="43846b12-f311-2566-5942-53200967e65d" executionId="6f221617-3142-4921-a790-31b814c370d4" testListId="8c84fa94-04c1-424b-9868-57a2d4851a1d" />
    <TestEntry testId="5e9a75d3-0b8f-f511-ca55-05fff7a1f7ad" executionId="e623237a-717e-456e-a951-376d28af76ae" testListId="8c84fa94-04c1-424b-9868-57a2d4851a1d" />
    <TestEntry testId="2425ff1f-83c9-5b42-2eb7-4223c7e8e9eb" executionId="ed9f39e1-6f3f-4387-aa98-c402e5b1c81e" testListId="8c84fa94-04c1-424b-9868-57a2d4851a1d" />
    <TestEntry testId="4ba49b95-7c08-b217-809c-3d6c10b4d388" executionId="afd3ce86-6337-46fc-95db-70e29ded7689" testListId="8c84fa94-04c1-424b-9868-57a2d4851a1d" />
    <TestEntry testId="f6d5e561-34f2-4fd1-5142-307043996e36" executionId="ad2ca197-4d98-44ba-a8d9-32969443a8d0" testListId="8c84fa94-04c1-424b-9868-57a2d4851a1d" />
    <TestEntry testId="0057c070-6d41-46ef-72cd-914d222ec0d4" executionId="6cc90375-a2e6-478d-8e0f-9eb6fc4e93bb" testListId="8c84fa94-04c1-424b-9868-57a2d4851a1d" />
    <TestEntry testId="8ad8ddd5-cdb2-53b3-a2fa-6b144bc9be0e" executionId="85002bdd-1035-42e8-beb2-ba60005dd4de" testListId="8c84fa94-04c1-424b-9868-57a2d4851a1d" />
    <TestEntry testId="e6819f7e-688a-dd3a-7801-c815e8037398" executionId="6f4f8b1b-65e5-457f-a642-6310aea69550" testListId="8c84fa94-04c1-424b-9868-57a2d4851a1d" />
    <TestEntry testId="c8cb44f0-52f8-7568-2ad7-8436cbab499b" executionId="92126e5c-bcc5-4d75-8b2d-6f020034431f" testListId="8c84fa94-04c1-424b-9868-57a2d4851a1d" />
    <TestEntry testId="fed71966-682a-ac32-d1bf-234764a854bc" executionId="5b29667e-dd9e-44ea-b4d6-bd4dc1e45f20" testListId="8c84fa94-04c1-424b-9868-57a2d4851a1d" />
    <TestEntry testId="d9b310d6-231e-7ba2-ac73-829ade7ebc19" executionId="66725936-249a-44ce-afad-2dd41f057bc0" testListId="8c84fa94-04c1-424b-9868-57a2d4851a1d" />
    <TestEntry testId="8503b0c6-e113-b6aa-684d-780d0d19788e" executionId="fbcf2344-883e-4f0d-901f-4b113ab2f9bd" testListId="8c84fa94-04c1-424b-9868-57a2d4851a1d" />
    <TestEntry testId="c678b432-028d-2314-d5e0-c2e7439f5a1b" executionId="6783ecd6-2f4c-4094-a003-e202d1f236d0" testListId="8c84fa94-04c1-424b-9868-57a2d4851a1d" />
    <TestEntry testId="0bf09544-71cf-4e08-b61c-b47bd220ef05" executionId="405eb4cc-db55-42ef-b4c2-be998b8c7399" testListId="8c84fa94-04c1-424b-9868-57a2d4851a1d" />
    <TestEntry testId="58809d18-3427-6caa-5590-70f262ed803d" executionId="b95c6b6b-81c4-4889-a72c-54c944ba46d5" testListId="8c84fa94-04c1-424b-9868-57a2d4851a1d" />
    <TestEntry testId="0e83b50a-da00-da05-b65e-fa2506fdbb9a" executionId="2fd0976b-b2bb-4ca0-8c8e-358e4221bf45" testListId="8c84fa94-04c1-424b-9868-57a2d4851a1d" />
    <TestEntry testId="18736782-9204-7f7e-2e04-ee3649a63487" executionId="0c9b0d7c-7f44-47bd-bb2b-156b722c5ec7" testListId="8c84fa94-04c1-424b-9868-57a2d4851a1d" />
    <TestEntry testId="7e4c1e89-625a-43b9-de03-e848c63a328b" executionId="9aedc814-b8f0-4aaa-9a2a-fc19c82bdb28" testListId="8c84fa94-04c1-424b-9868-57a2d4851a1d" />
    <TestEntry testId="554a0891-381d-7938-ff7a-6be0e7d52934" executionId="4bf7c36b-e556-453a-9a3d-64655ddadc11" testListId="8c84fa94-04c1-424b-9868-57a2d4851a1d" />
    <TestEntry testId="0d80d064-ff69-d296-eb8e-f7eabb4fd864" executionId="cfe89e87-6acf-47e1-9409-8bdb17f3cd59" testListId="8c84fa94-04c1-424b-9868-57a2d4851a1d" />
    <TestEntry testId="cd69e440-c907-d5ab-f818-2b9c3d714f28" executionId="59d96be1-880c-4a23-8f09-32787a225bc4" testListId="8c84fa94-04c1-424b-9868-57a2d4851a1d" />
    <TestEntry testId="120dc9c0-e973-7f4c-492e-c6b045bcfb22" executionId="43f661a5-50e0-4420-9381-de966a32e2e9" testListId="8c84fa94-04c1-424b-9868-57a2d4851a1d" />
    <TestEntry testId="d1a85bea-6f17-0a0b-8d00-a425fc7bb217" executionId="da95d15c-c722-4938-96ac-1efca615ea10" testListId="8c84fa94-04c1-424b-9868-57a2d4851a1d" />
    <TestEntry testId="73046387-2950-c952-87c9-d824b259d8e4" executionId="e85af70f-38f6-4504-99fb-7a48340683a8" testListId="8c84fa94-04c1-424b-9868-57a2d4851a1d" />
    <TestEntry testId="97c60378-ba41-a96a-7d0f-7a6c00e44a44" executionId="048e7f8f-61bd-46ed-b163-869ae1ae64b1" testListId="8c84fa94-04c1-424b-9868-57a2d4851a1d" />
    <TestEntry testId="d7f950c3-4de5-001a-b3e3-ffc47fce5357" executionId="90f2e374-ae64-4e14-9c05-a1294af0b41f" testListId="8c84fa94-04c1-424b-9868-57a2d4851a1d" />
    <TestEntry testId="9187d552-54a8-22d6-02b9-12c17e41508e" executionId="6fad3052-d8d0-47d3-abb8-a60fae366ca7" testListId="8c84fa94-04c1-424b-9868-57a2d4851a1d" />
    <TestEntry testId="488cc526-7ee7-e906-0b8a-9517bd5208dd" executionId="9d66b050-f933-4ffa-9b8f-8e52f7567650" testListId="8c84fa94-04c1-424b-9868-57a2d4851a1d" />
    <TestEntry testId="c00f22dd-5779-e2b1-6f1d-79116f6716e5" executionId="cac95ae6-53cf-4dd3-ab5c-d40fc491328f" testListId="8c84fa94-04c1-424b-9868-57a2d4851a1d" />
    <TestEntry testId="5a776a3a-b48a-863b-abb5-d1a060454ea7" executionId="3263524f-4a61-4529-9541-1eb08587a66f" testListId="8c84fa94-04c1-424b-9868-57a2d4851a1d" />
    <TestEntry testId="834bc393-0d98-623d-7495-886f81045728" executionId="94385680-a6e7-49db-88b1-1e01fcbc23ee" testListId="8c84fa94-04c1-424b-9868-57a2d4851a1d" />
    <TestEntry testId="fbdead02-2ddb-e5b8-fac6-d1f617590179" executionId="fb402015-a369-4f00-8402-c5e825a3cf09" testListId="8c84fa94-04c1-424b-9868-57a2d4851a1d" />
    <TestEntry testId="6c811e2e-ffff-1bb5-8121-3d391cba5713" executionId="7ee07601-45e0-460c-b3db-d3e9e21ebf00" testListId="8c84fa94-04c1-424b-9868-57a2d4851a1d" />
    <TestEntry testId="bdafc501-b6fd-abf9-2e0d-784f8e7c938c" executionId="ecade751-f444-49e4-8242-141cd7142a02" testListId="8c84fa94-04c1-424b-9868-57a2d4851a1d" />
    <TestEntry testId="ca2d1650-b595-d5b1-c9bb-cff3c43c7aa3" executionId="fbd12da3-0150-455e-adc4-54b654d91a80" testListId="8c84fa94-04c1-424b-9868-57a2d4851a1d" />
    <TestEntry testId="ed482cb0-3892-d1f5-452c-21b3ce871889" executionId="c322732c-1e7e-4d32-874a-3fcf1b86f153" testListId="8c84fa94-04c1-424b-9868-57a2d4851a1d" />
    <TestEntry testId="39324dd6-2d08-2e28-4994-29171aa487dd" executionId="31047057-5875-4be5-a98d-9bbe64023ca0" testListId="8c84fa94-04c1-424b-9868-57a2d4851a1d" />
    <TestEntry testId="615ee9ab-a96f-1e5f-b905-3b12dfe9f323" executionId="3346d89b-634c-45a5-984f-a7551ab762a4" testListId="8c84fa94-04c1-424b-9868-57a2d4851a1d" />
    <TestEntry testId="01c23f1b-60d3-1ec6-8652-a458e9baba23" executionId="4add53e3-4d75-41d3-b7dc-e5b0cc1a5b63" testListId="8c84fa94-04c1-424b-9868-57a2d4851a1d" />
    <TestEntry testId="9b9fb463-c1cb-b31f-c4c2-bbffd2c2dc38" executionId="5cb66573-f518-4719-9fae-39fd82425439" testListId="8c84fa94-04c1-424b-9868-57a2d4851a1d" />
    <TestEntry testId="cf2da230-ce42-6ad5-a008-cc10b1033920" executionId="87862fa5-9cda-4688-a347-088d60b62bb7" testListId="8c84fa94-04c1-424b-9868-57a2d4851a1d" />
    <TestEntry testId="cb6ccc44-c709-4f8b-cfb8-3072596c6d83" executionId="2dc633e0-b576-4ca2-b227-a10b3e24f9aa" testListId="8c84fa94-04c1-424b-9868-57a2d4851a1d" />
    <TestEntry testId="6c48898a-3878-dda4-6939-b51cdeadd633" executionId="4f1a5734-2071-42e1-b479-58eaccbf8bf0" testListId="8c84fa94-04c1-424b-9868-57a2d4851a1d" />
    <TestEntry testId="b0f751ff-632d-85db-edcd-937e5c54a50b" executionId="62acf3db-95fa-4af7-93a2-1ccf429c183c" testListId="8c84fa94-04c1-424b-9868-57a2d4851a1d" />
    <TestEntry testId="21bc7353-47b6-8656-a936-377d58141883" executionId="1e90c52f-4a91-4304-987f-d9fddd73b412" testListId="8c84fa94-04c1-424b-9868-57a2d4851a1d" />
    <TestEntry testId="20d778f5-4e73-ba07-f83c-99d00437cd4c" executionId="7c7a18e6-8676-4d5c-81c8-deac42af966c" testListId="8c84fa94-04c1-424b-9868-57a2d4851a1d" />
    <TestEntry testId="67cc226a-7fe1-9d05-a4e5-d17e740d4855" executionId="a9490594-430f-470b-8913-a04060a1e1bf" testListId="8c84fa94-04c1-424b-9868-57a2d4851a1d" />
    <TestEntry testId="9b9964ae-410b-030e-c821-d12ba277566e" executionId="a4c47d84-5857-4357-b2dc-f44a1a3f4f01" testListId="8c84fa94-04c1-424b-9868-57a2d4851a1d" />
    <TestEntry testId="259684df-75bc-2a44-cfa4-32b3c96c5977" executionId="0d64144a-76c9-405a-96ed-a0c427398774" testListId="8c84fa94-04c1-424b-9868-57a2d4851a1d" />
    <TestEntry testId="34de5a19-746a-4505-8d20-054e2c088792" executionId="a25aa833-b37a-4470-ac31-8d774c334ce5" testListId="8c84fa94-04c1-424b-9868-57a2d4851a1d" />
    <TestEntry testId="db2c819e-19df-fc56-6d0a-91d93aa7b632" executionId="5d182323-c1d7-42c6-9183-baae7f49fb71" testListId="8c84fa94-04c1-424b-9868-57a2d4851a1d" />
    <TestEntry testId="78670e21-b607-d283-8276-335ac4634948" executionId="2a8b7f22-76e5-4029-b42d-aa17acfd7402" testListId="8c84fa94-04c1-424b-9868-57a2d4851a1d" />
    <TestEntry testId="687a6af6-f510-b02e-6fb3-d5ea1a845375" executionId="4b13b62a-ea13-4528-bd12-8eb815e2c945" testListId="8c84fa94-04c1-424b-9868-57a2d4851a1d" />
    <TestEntry testId="9d8a588f-3c31-3abc-34a4-267dbbb20587" executionId="9ee6d8af-bcb8-497c-9682-8cf469675875" testListId="8c84fa94-04c1-424b-9868-57a2d4851a1d" />
    <TestEntry testId="cfeeb9d0-a71c-e47f-9885-66cc2cae1cd1" executionId="d9817c98-5c4c-40cb-aa81-e7c51757dc4b" testListId="8c84fa94-04c1-424b-9868-57a2d4851a1d" />
    <TestEntry testId="ae87c319-d780-83e8-d111-f59a474997c3" executionId="fc3b11e6-29bb-4c3a-8545-64515e3ddc7c" testListId="8c84fa94-04c1-424b-9868-57a2d4851a1d" />
    <TestEntry testId="ca2fa920-b827-2294-b4cd-faeaf4472dfc" executionId="97bbd037-45ac-4d12-99d6-296bf01a7ec4" testListId="8c84fa94-04c1-424b-9868-57a2d4851a1d" />
    <TestEntry testId="9055a335-95d1-4600-b49a-8428d4caf3a5" executionId="c4789969-f25a-4ac2-b10f-e3acba23e117" testListId="8c84fa94-04c1-424b-9868-57a2d4851a1d" />
    <TestEntry testId="17c344c5-762f-e25a-c151-aba7a5f20278" executionId="eeb82fcf-1627-4f4a-86fe-a6ef918a7ba7" testListId="8c84fa94-04c1-424b-9868-57a2d4851a1d" />
    <TestEntry testId="4b21a2a3-9433-2fec-0393-54f4c14ecdca" executionId="70abb98c-ece2-4529-9a8c-572957b8681c" testListId="8c84fa94-04c1-424b-9868-57a2d4851a1d" />
    <TestEntry testId="2ef2d587-4907-1f3d-44fe-4a133e95d6e4" executionId="3ea86745-d25d-440a-ac49-12281ef4b1fc" testListId="8c84fa94-04c1-424b-9868-57a2d4851a1d" />
    <TestEntry testId="512bd958-f8a9-a04d-b8ba-95f110712181" executionId="0031a1bf-2b09-4871-91ed-131409846342" testListId="8c84fa94-04c1-424b-9868-57a2d4851a1d" />
    <TestEntry testId="aea5dfb9-2254-cf07-0f94-f25708ec001e" executionId="690a84b0-916a-42e1-9e0c-5360cc0d714f" testListId="8c84fa94-04c1-424b-9868-57a2d4851a1d" />
    <TestEntry testId="b35358ef-a214-5c79-c3b7-90f943e58d63" executionId="f2374da6-4790-471a-8fcb-274907bd47c8" testListId="8c84fa94-04c1-424b-9868-57a2d4851a1d" />
    <TestEntry testId="084898a2-4acd-ae40-25db-e87715c8038c" executionId="334836fe-54a3-4107-81ad-2578126b9b32" testListId="8c84fa94-04c1-424b-9868-57a2d4851a1d" />
    <TestEntry testId="efe75656-15b7-58e9-b491-0633aa52708d" executionId="f52498a7-1413-4fe7-bf3f-e9d0e9fc9cf3" testListId="8c84fa94-04c1-424b-9868-57a2d4851a1d" />
    <TestEntry testId="685aac09-7641-90d9-0dcb-7354f3e27e03" executionId="bf2ce91d-741d-44e3-976e-a5ae6729b613" testListId="8c84fa94-04c1-424b-9868-57a2d4851a1d" />
    <TestEntry testId="0aeb399b-3861-f3f6-cb85-96ab5dcf2ac5" executionId="4cea08e0-921b-4abd-8a34-6cace3c6e923" testListId="8c84fa94-04c1-424b-9868-57a2d4851a1d" />
    <TestEntry testId="5fd43d2e-13ec-8138-2d62-a11e5561f83e" executionId="49003c88-d496-47c8-b87d-9d332ff1dd97" testListId="8c84fa94-04c1-424b-9868-57a2d4851a1d" />
    <TestEntry testId="0b95b563-b3d8-1fad-97ed-28bd915fb5ac" executionId="c746a4fd-6fe7-425e-ad6e-9ebf37f52cdb" testListId="8c84fa94-04c1-424b-9868-57a2d4851a1d" />
    <TestEntry testId="2ac1e640-ab17-a6b2-b3fa-7fd601d2b14b" executionId="c9b94678-4c1a-44db-a0d2-c8a20357181f" testListId="8c84fa94-04c1-424b-9868-57a2d4851a1d" />
    <TestEntry testId="ddd1539c-f3f8-684f-86c3-a25d3ce2d842" executionId="bc06205a-e122-4842-b2f1-8dbe05994321" testListId="8c84fa94-04c1-424b-9868-57a2d4851a1d" />
    <TestEntry testId="ab6e1cfc-09a0-aaf7-3146-9a729003543d" executionId="a952ff93-093e-4a8d-9a3c-2da6356e34bb" testListId="8c84fa94-04c1-424b-9868-57a2d4851a1d" />
    <TestEntry testId="137f7129-a121-b8c6-63af-0ff5fb4648d0" executionId="92ef9db6-0f8c-4e81-9a6a-9b833afe68af" testListId="8c84fa94-04c1-424b-9868-57a2d4851a1d" />
    <TestEntry testId="20394b1d-85cf-6874-2349-f0dfac4aa410" executionId="47505791-9070-4247-9762-3a53d124f1a3" testListId="8c84fa94-04c1-424b-9868-57a2d4851a1d" />
    <TestEntry testId="46836346-86bd-4983-1ba7-1dbdbb5f7669" executionId="f12a1906-6abd-4f68-9035-8f9c555e589c" testListId="8c84fa94-04c1-424b-9868-57a2d4851a1d" />
    <TestEntry testId="7bb5987c-b561-d879-6bfa-fddf21ff03a7" executionId="12a3b6a8-adb1-471e-9722-c3e38cf5c135" testListId="8c84fa94-04c1-424b-9868-57a2d4851a1d" />
    <TestEntry testId="bebd38ae-4784-afc3-8c09-8d11d1d1cde8" executionId="a687f206-faf4-4cde-a1cd-9daafb8b60b0" testListId="8c84fa94-04c1-424b-9868-57a2d4851a1d" />
    <TestEntry testId="a8a706ab-7d38-3714-d35e-f323270938a5" executionId="7ff80904-dbc6-4fbe-8401-426f1b19b703" testListId="8c84fa94-04c1-424b-9868-57a2d4851a1d" />
    <TestEntry testId="9c32895e-ff17-9088-af25-1072fc42037c" executionId="19f71210-fe31-42c1-8df9-da320e54d2b8" testListId="8c84fa94-04c1-424b-9868-57a2d4851a1d" />
    <TestEntry testId="2894ae62-0a5e-3444-1809-89acb83b0dbe" executionId="b2d8bfd8-75e0-49b0-978d-1296472c615f" testListId="8c84fa94-04c1-424b-9868-57a2d4851a1d" />
    <TestEntry testId="5bba4a02-40e6-875f-dbab-eeeae3f32772" executionId="d337bb4b-3a54-4582-9af0-01f5e202833b" testListId="8c84fa94-04c1-424b-9868-57a2d4851a1d" />
    <TestEntry testId="12463717-fdb4-887f-a3c5-92afa97914e4" executionId="11f0a93b-9cc2-45ee-8dd3-3114f0799df7" testListId="8c84fa94-04c1-424b-9868-57a2d4851a1d" />
    <TestEntry testId="0a3231f4-9027-809c-2a57-46bb102210d5" executionId="8a6acac9-be8e-4d17-a47f-48d76fe89443" testListId="8c84fa94-04c1-424b-9868-57a2d4851a1d" />
    <TestEntry testId="cb792945-7423-1647-0604-2c0964dd027b" executionId="8e7722ce-a710-4f74-b22a-94407d415f81" testListId="8c84fa94-04c1-424b-9868-57a2d4851a1d" />
    <TestEntry testId="066882ae-b976-dd7f-f7ee-4b8881cd5040" executionId="3262564d-023a-4767-9a65-d75357ad28d9" testListId="8c84fa94-04c1-424b-9868-57a2d4851a1d" />
    <TestEntry testId="23eea2e8-4a64-669d-22d7-48b7f57675df" executionId="b4b337d6-3a7e-452b-8136-154f2b68a2a2" testListId="8c84fa94-04c1-424b-9868-57a2d4851a1d" />
    <TestEntry testId="aad3fa56-b750-164b-d620-1bbea5cdede7" executionId="3804dafc-13e7-4453-99db-a93812ee945c" testListId="8c84fa94-04c1-424b-9868-57a2d4851a1d" />
    <TestEntry testId="39fccf8a-09fc-ac26-9ad0-5d6d54df3f0c" executionId="03463a6c-bb8d-4244-91ec-115d320fc244" testListId="8c84fa94-04c1-424b-9868-57a2d4851a1d" />
    <TestEntry testId="2f723da0-92e7-0c56-577f-931adff75ea7" executionId="a3ce437a-e163-4c73-9bc1-c48394c6a125" testListId="8c84fa94-04c1-424b-9868-57a2d4851a1d" />
    <TestEntry testId="2aedea52-d73b-acf1-0422-06a57a767fe9" executionId="d6fa8033-302a-4ba3-b380-d33c79eac29e" testListId="8c84fa94-04c1-424b-9868-57a2d4851a1d" />
    <TestEntry testId="746f056a-c957-33ee-67ac-b2a4740e2f0d" executionId="866414de-9cc0-41e1-932e-872e499a2319" testListId="8c84fa94-04c1-424b-9868-57a2d4851a1d" />
    <TestEntry testId="5f6122f6-9c9a-005b-1dcf-5bb8eebdf18b" executionId="fa011dfc-3272-4cf9-a391-79c38bb45bcc" testListId="8c84fa94-04c1-424b-9868-57a2d4851a1d" />
    <TestEntry testId="aa11b82a-f145-9817-d80f-91a78982fdf3" executionId="f4b2ba4b-066e-48ed-954b-7498a65c6422" testListId="8c84fa94-04c1-424b-9868-57a2d4851a1d" />
    <TestEntry testId="0a18d62b-5190-a8d0-54e2-da68b97ef68d" executionId="de44052b-b530-42ce-b9ea-11fbdd437337" testListId="8c84fa94-04c1-424b-9868-57a2d4851a1d" />
    <TestEntry testId="de9a4295-a58a-11d2-bd90-4d4252c4beb3" executionId="4b7c63f7-4e3d-4bd6-9f4e-b1619a5cd886" testListId="8c84fa94-04c1-424b-9868-57a2d4851a1d" />
    <TestEntry testId="62f74a3d-718e-71c3-9049-7f1099887d7e" executionId="0fa8a7e1-506f-4d05-9f14-1c601a1cf636" testListId="8c84fa94-04c1-424b-9868-57a2d4851a1d" />
    <TestEntry testId="3fe88cbd-8f30-4308-4876-e1a27134f23b" executionId="8d956099-f11f-4776-86ad-526cdf6aae4a" testListId="8c84fa94-04c1-424b-9868-57a2d4851a1d" />
    <TestEntry testId="6c521b59-2ad9-2f66-d7c4-cdc4d9f4eda5" executionId="8911fa75-65e7-4cb5-aea0-e3d897dd2c25" testListId="8c84fa94-04c1-424b-9868-57a2d4851a1d" />
    <TestEntry testId="798e5d78-857d-78b3-b5e9-7c835cfd1336" executionId="bd3c2f6d-4042-4a1b-9e9b-1a53591cf67c" testListId="8c84fa94-04c1-424b-9868-57a2d4851a1d" />
    <TestEntry testId="06dcde58-e055-a66d-858a-1bfaf3346113" executionId="95fa58d6-7ac5-4b17-a21f-27b03cd2c104" testListId="8c84fa94-04c1-424b-9868-57a2d4851a1d" />
    <TestEntry testId="556ef067-8a7f-0b03-0c08-c56040944f06" executionId="84a26934-2074-453f-a4ba-5ef3e2c2c492" testListId="8c84fa94-04c1-424b-9868-57a2d4851a1d" />
    <TestEntry testId="d04b8e0f-d24d-a105-cfe4-63d813a80dcd" executionId="77a248a8-2b3d-430d-a80d-e3deec4b5128" testListId="8c84fa94-04c1-424b-9868-57a2d4851a1d" />
    <TestEntry testId="91fac899-235a-f12a-eec2-dd1a82abcb82" executionId="9238a488-15d1-405d-b06f-2a5f4a4b2be0" testListId="8c84fa94-04c1-424b-9868-57a2d4851a1d" />
    <TestEntry testId="ad19428e-e97a-2b80-9a28-a9602530bd19" executionId="0c303b5c-8868-4873-a1d4-a25d627a473d" testListId="8c84fa94-04c1-424b-9868-57a2d4851a1d" />
    <TestEntry testId="95cfe0da-0ff4-0747-cf3f-c677dee3d8aa" executionId="1840f2bd-c0b9-4175-b852-156eafc66370" testListId="8c84fa94-04c1-424b-9868-57a2d4851a1d" />
    <TestEntry testId="cb50d134-9feb-13cd-8243-4ac58d041243" executionId="68be0f86-4abd-40cd-9bc7-c68fd4ed2ab9" testListId="8c84fa94-04c1-424b-9868-57a2d4851a1d" />
    <TestEntry testId="fa5d9638-3777-7eb7-1fbe-718511caf2c7" executionId="ce294c91-1fac-4660-9f60-3a79a405c63f" testListId="8c84fa94-04c1-424b-9868-57a2d4851a1d" />
    <TestEntry testId="39a3d7f7-c33b-5946-818d-71ebe782f69c" executionId="a0d24413-cca9-4fa8-abcb-16ef34d17df7" testListId="8c84fa94-04c1-424b-9868-57a2d4851a1d" />
    <TestEntry testId="f0017bc8-c9d8-b066-4987-77f2c486bde7" executionId="829b650d-45bb-4e6b-af38-3aa9f5d4aa40" testListId="8c84fa94-04c1-424b-9868-57a2d4851a1d" />
    <TestEntry testId="daf10ee7-a65f-1e24-9710-5a1f9287a075" executionId="a88b7ca0-c2fc-4b3d-b17e-33c0155b0a31" testListId="8c84fa94-04c1-424b-9868-57a2d4851a1d" />
    <TestEntry testId="9e5cbe5c-eb19-54b0-69e8-8cc53a9c52ec" executionId="aed169ed-345d-4955-8868-294eeb7f3766" testListId="8c84fa94-04c1-424b-9868-57a2d4851a1d" />
    <TestEntry testId="23be8a35-ca0a-67d0-d14d-bd08fa2c73b3" executionId="8e5b2b60-dd67-4860-8d24-a27d01ce1851" testListId="8c84fa94-04c1-424b-9868-57a2d4851a1d" />
    <TestEntry testId="88e0d440-ede0-4530-fa82-e54cf5859609" executionId="3df68b18-a773-42a1-a935-8199f1b2c7d4" testListId="8c84fa94-04c1-424b-9868-57a2d4851a1d" />
    <TestEntry testId="2e3b4342-1265-efa1-b8b0-a70d9afa0a25" executionId="83e6f497-36c9-4a68-bd1c-1d490b597c33" testListId="8c84fa94-04c1-424b-9868-57a2d4851a1d" />
    <TestEntry testId="e970c037-c82e-1156-9404-7620bc900a22" executionId="e7a99a68-ca8c-4fec-a59d-c285c1e29403" testListId="8c84fa94-04c1-424b-9868-57a2d4851a1d" />
    <TestEntry testId="ae4061b8-320e-29dd-40df-9e766fdf63a2" executionId="52c93ea2-5a34-4e82-aaf6-06f7e98b247b" testListId="8c84fa94-04c1-424b-9868-57a2d4851a1d" />
    <TestEntry testId="4c7357cc-be8e-bdef-df5e-585b37d708fa" executionId="0ddaeafa-3663-47bc-aa0e-86d60327933f" testListId="8c84fa94-04c1-424b-9868-57a2d4851a1d" />
    <TestEntry testId="50465595-5bd1-d998-d3e5-5eb43c8407cb" executionId="b6b7564d-49a6-41e0-b91e-da674f2545c5" testListId="8c84fa94-04c1-424b-9868-57a2d4851a1d" />
    <TestEntry testId="a8d7312b-c46b-8cf5-29bb-7947f5804bd9" executionId="3b537aa6-8210-46ec-8d44-f45a502eaef6" testListId="8c84fa94-04c1-424b-9868-57a2d4851a1d" />
    <TestEntry testId="6cf569d1-1826-b1a5-d6b9-732babdb845d" executionId="4257c340-7793-4568-9e60-01a5b22e3cda" testListId="8c84fa94-04c1-424b-9868-57a2d4851a1d" />
    <TestEntry testId="707e690d-4b5f-a7d6-df9e-0d8e3e4f76eb" executionId="fc575397-0247-4667-a314-65abf48bf3b7" testListId="8c84fa94-04c1-424b-9868-57a2d4851a1d" />
    <TestEntry testId="814139e2-58fb-a737-92b7-36c04e0deab8" executionId="cdc5ce23-8b83-470c-963f-714ba887f5ff" testListId="8c84fa94-04c1-424b-9868-57a2d4851a1d" />
    <TestEntry testId="10963fca-9936-e814-f958-990fcbd63cbe" executionId="5a8a0d4a-55fc-4431-9709-6430d25c70f1" testListId="8c84fa94-04c1-424b-9868-57a2d4851a1d" />
    <TestEntry testId="f06433d6-fe74-17cb-b3eb-b56ad5a0bc11" executionId="9f351d27-1881-4df0-840f-b73d2cd70e3d" testListId="8c84fa94-04c1-424b-9868-57a2d4851a1d" />
    <TestEntry testId="c1ca5f29-bfa1-1309-3768-ba5a26d3c69b" executionId="621bfca1-60ce-4e3c-b660-bd0470ef53e5" testListId="8c84fa94-04c1-424b-9868-57a2d4851a1d" />
    <TestEntry testId="28a59acb-a40d-e01f-1c2f-42f95eecb124" executionId="23d98cb7-6c2f-4cdf-a561-c6403d4aecdf" testListId="8c84fa94-04c1-424b-9868-57a2d4851a1d" />
    <TestEntry testId="b6d62496-fe4d-e1e0-5823-653f91d759b0" executionId="dd0a2c7e-2a18-48ad-9520-109653cff88c" testListId="8c84fa94-04c1-424b-9868-57a2d4851a1d" />
    <TestEntry testId="242e1d60-b9b9-fea9-1a94-af0c6327deb8" executionId="418d9d5a-d921-4c5c-aef4-63e7c2f09113" testListId="8c84fa94-04c1-424b-9868-57a2d4851a1d" />
    <TestEntry testId="2635f7f5-e17b-eaa8-61cd-c8fcd1b0c5d0" executionId="4e81bc65-08d5-45d8-baf7-c67a6fb73187" testListId="8c84fa94-04c1-424b-9868-57a2d4851a1d" />
    <TestEntry testId="af643efc-0d6d-9696-0106-50e93cf12675" executionId="e13a63e5-7787-4f62-b5bd-d0e854afb94c" testListId="8c84fa94-04c1-424b-9868-57a2d4851a1d" />
    <TestEntry testId="64ab9353-a028-abd7-16bf-3ab6a2fb00d5" executionId="dd374e62-26e1-4fe1-b870-ead18ca2de8e" testListId="8c84fa94-04c1-424b-9868-57a2d4851a1d" />
    <TestEntry testId="d8bc0f8e-1b92-7746-78f9-16b8b93e5011" executionId="6cdc78f6-8e56-4299-b324-155d009b86d6" testListId="8c84fa94-04c1-424b-9868-57a2d4851a1d" />
    <TestEntry testId="593aa971-5620-06a4-7e04-53178c3e9541" executionId="1df5fcb4-f732-4a71-ac05-c843014bb9b2" testListId="8c84fa94-04c1-424b-9868-57a2d4851a1d" />
    <TestEntry testId="005da771-eea4-599e-7976-7b11496c3dc0" executionId="0bbf5116-c938-4fa9-a472-c511d0786df7" testListId="8c84fa94-04c1-424b-9868-57a2d4851a1d" />
    <TestEntry testId="8415958e-4dc4-74af-816e-52b6732f7968" executionId="54db7d91-7db5-4ab0-815b-07a6ec967b7f" testListId="8c84fa94-04c1-424b-9868-57a2d4851a1d" />
    <TestEntry testId="e64fac0c-e0e6-f658-b126-2e844c7eee5c" executionId="3077c394-45dd-4f3d-a393-1e0b94cf5495" testListId="8c84fa94-04c1-424b-9868-57a2d4851a1d" />
    <TestEntry testId="f6fbd111-7c7f-0e56-9651-5894ead3ac95" executionId="f424c5ed-a88d-4007-b204-377a756f7105" testListId="8c84fa94-04c1-424b-9868-57a2d4851a1d" />
    <TestEntry testId="bf0ddccc-6576-143a-b9dd-531f9f8eb094" executionId="ef67fb5f-0b9d-456d-a97f-ecdeabe899ab" testListId="8c84fa94-04c1-424b-9868-57a2d4851a1d" />
    <TestEntry testId="9b800060-f9bd-0d91-1a53-4c60eea3d92c" executionId="48d7828c-4cb5-4977-858b-64c310449a5c" testListId="8c84fa94-04c1-424b-9868-57a2d4851a1d" />
    <TestEntry testId="35bab2d6-4910-86dc-1141-fc3c8871ab67" executionId="e9b5b539-3fae-4cec-b897-5997016fbb38" testListId="8c84fa94-04c1-424b-9868-57a2d4851a1d" />
    <TestEntry testId="980097e6-1997-04c7-0639-e21ed0b80203" executionId="90a1f2b8-6839-43f0-bdbd-dd9d692b05a5" testListId="8c84fa94-04c1-424b-9868-57a2d4851a1d" />
    <TestEntry testId="93b11316-d1d6-b077-2764-1a3ca66eecf5" executionId="ff610ac8-5992-4b8f-a7bc-f3a46c4fefc6" testListId="8c84fa94-04c1-424b-9868-57a2d4851a1d" />
    <TestEntry testId="8e582c8c-bba7-7417-5c1c-e177b4dee6cc" executionId="f5e96b72-6a7f-4f1c-970e-77af8dd67549" testListId="8c84fa94-04c1-424b-9868-57a2d4851a1d" />
    <TestEntry testId="d27a4adf-6d9e-bd17-6451-2cfd29833f96" executionId="b05e0e11-b877-4d6f-a67e-5f67ae8ae818" testListId="8c84fa94-04c1-424b-9868-57a2d4851a1d" />
    <TestEntry testId="4705763f-eda9-ab18-6971-c5af3eec87c0" executionId="17918a07-15cb-4506-aa93-56aa731e7d2d" testListId="8c84fa94-04c1-424b-9868-57a2d4851a1d" />
    <TestEntry testId="56d59fad-e683-8b23-2fac-75605595a2fb" executionId="b62a59b1-955e-4793-8ea3-d8d2f02eed06" testListId="8c84fa94-04c1-424b-9868-57a2d4851a1d" />
    <TestEntry testId="827ea961-ea96-95f8-5698-27b5bb46d034" executionId="a9e425c5-e341-4e25-9938-bdaa343fceb8" testListId="8c84fa94-04c1-424b-9868-57a2d4851a1d" />
    <TestEntry testId="130baa2c-76c2-e226-7ab3-1454505622e9" executionId="ab8de9f3-a7f6-440c-b98c-fc0366e17094" testListId="8c84fa94-04c1-424b-9868-57a2d4851a1d" />
    <TestEntry testId="49eb40eb-a024-8a51-ef96-32403d919364" executionId="e34d54cc-0cd6-4c4b-9db4-13241e0b570b" testListId="8c84fa94-04c1-424b-9868-57a2d4851a1d" />
    <TestEntry testId="b4e32be7-f876-d1d1-b34b-4d98d121b1bf" executionId="2c894f8f-a21c-4faa-a9bb-5cb0b490a3ad" testListId="8c84fa94-04c1-424b-9868-57a2d4851a1d" />
    <TestEntry testId="d3253ca6-21d1-7884-e3fe-ff7043854449" executionId="9e86cebf-100a-4fb7-8aac-284a448668c9" testListId="8c84fa94-04c1-424b-9868-57a2d4851a1d" />
    <TestEntry testId="c33ffea1-3ab4-6e2f-fc40-218179c394c7" executionId="a09461e0-1cba-47ce-88dc-ed5647f6808c" testListId="8c84fa94-04c1-424b-9868-57a2d4851a1d" />
    <TestEntry testId="b8867a28-2ad7-151f-5f32-a239b8fa1db2" executionId="1f46530f-5211-44b2-ad7a-d7d3eabb1bc9" testListId="8c84fa94-04c1-424b-9868-57a2d4851a1d" />
    <TestEntry testId="668d6eca-ca1f-7173-3a79-4c824c393f53" executionId="3affdb5d-1a57-4aa4-a742-f1321c12195e" testListId="8c84fa94-04c1-424b-9868-57a2d4851a1d" />
    <TestEntry testId="70819f6f-5238-c536-22d3-ac2077b9ee2f" executionId="2ed3fc99-f0e9-4369-9593-bdbc2f29a1fa" testListId="8c84fa94-04c1-424b-9868-57a2d4851a1d" />
    <TestEntry testId="920c3954-dd74-38c8-0c02-f21c3952b39d" executionId="311e0d7c-36fd-4ef3-b2a4-73b3eed9659c" testListId="8c84fa94-04c1-424b-9868-57a2d4851a1d" />
    <TestEntry testId="01ba1afa-e818-b818-2170-9b4ce82cecbf" executionId="a83653b8-16f2-4039-8858-5e77ec2e91ba" testListId="8c84fa94-04c1-424b-9868-57a2d4851a1d" />
    <TestEntry testId="3e9c10e5-efb5-404e-2cad-31e6b7485e7c" executionId="bf234546-23df-492d-8e12-44faf8df389f" testListId="8c84fa94-04c1-424b-9868-57a2d4851a1d" />
    <TestEntry testId="28c4446e-aad8-7185-ef96-d98e3c51ee97" executionId="e9adf155-e2e0-47fc-88f7-d3a8e2809f75" testListId="8c84fa94-04c1-424b-9868-57a2d4851a1d" />
    <TestEntry testId="8607fe93-52c9-ae96-1d64-5819d9cc59cb" executionId="08a2d2db-96c6-45ae-80ba-699d3dd66066" testListId="8c84fa94-04c1-424b-9868-57a2d4851a1d" />
    <TestEntry testId="c26036cb-f9a2-ec0b-8640-2471e542dc8b" executionId="b7aa7113-e702-43db-9a81-1ba3cda18488" testListId="8c84fa94-04c1-424b-9868-57a2d4851a1d" />
    <TestEntry testId="29262fbc-e929-4761-ebd6-59dea368b6f8" executionId="42360418-9dff-40f7-9b64-faacc0666bb1" testListId="8c84fa94-04c1-424b-9868-57a2d4851a1d" />
    <TestEntry testId="0a178ecc-ed8c-7395-1e0e-eb01af654dfd" executionId="13064f1d-6b3c-4200-9244-190aa4961191" testListId="8c84fa94-04c1-424b-9868-57a2d4851a1d" />
    <TestEntry testId="dfc647d8-e7b7-3363-85d0-981b7c564f36" executionId="be942b78-19de-47e9-8fd6-71f239ea655e" testListId="8c84fa94-04c1-424b-9868-57a2d4851a1d" />
    <TestEntry testId="8ee9e6d7-7345-e79f-5e97-9bf89699dd46" executionId="2fc87ba9-f9c2-4709-997d-7be1cfd6d0f7" testListId="8c84fa94-04c1-424b-9868-57a2d4851a1d" />
    <TestEntry testId="00acff8b-2ccb-eea5-ee25-96f94758bef2" executionId="011438cc-483c-49b1-9244-381066b7f00f" testListId="8c84fa94-04c1-424b-9868-57a2d4851a1d" />
    <TestEntry testId="acdd8036-a569-4967-aca8-9ca5ad084fad" executionId="9eec0acd-a98b-4af2-9e0b-4703575537a4" testListId="8c84fa94-04c1-424b-9868-57a2d4851a1d" />
    <TestEntry testId="45b8d6af-6bf6-4d13-db5b-d6931f924402" executionId="df28cf5d-8784-488b-9c59-571fc4f857ab" testListId="8c84fa94-04c1-424b-9868-57a2d4851a1d" />
    <TestEntry testId="719fb9f8-861a-97b6-e205-091e10abbe96" executionId="aaaf82b4-8708-4a3a-b5da-d5ab3aac53b7" testListId="8c84fa94-04c1-424b-9868-57a2d4851a1d" />
    <TestEntry testId="87f45eb2-1120-98d3-51fa-1e1456e20576" executionId="c943b8ac-fa0e-4a8f-a205-e3510cfca963" testListId="8c84fa94-04c1-424b-9868-57a2d4851a1d" />
    <TestEntry testId="cc79f523-9288-951f-b06e-dbed85cadcb2" executionId="a373b1db-638d-472e-828f-4b2aa78a6972" testListId="8c84fa94-04c1-424b-9868-57a2d4851a1d" />
    <TestEntry testId="d521a624-98c8-ffd7-d23b-ccfcf889cbc2" executionId="8028d0cd-1604-4de4-ba9f-3574dbe5750e" testListId="8c84fa94-04c1-424b-9868-57a2d4851a1d" />
    <TestEntry testId="1fa47bbe-7db1-0e40-1679-648ec26ea253" executionId="922e5f1e-f237-4be9-bd03-8c4956466344" testListId="8c84fa94-04c1-424b-9868-57a2d4851a1d" />
    <TestEntry testId="90eb3298-5792-97a1-e3da-cb1f4350789b" executionId="e8f13337-4d92-4682-9165-1e8a402116fc" testListId="8c84fa94-04c1-424b-9868-57a2d4851a1d" />
    <TestEntry testId="120423aa-ffa7-c6d1-0ff1-5c8f308a41d1" executionId="e0c9f1b7-5f39-4134-a24e-2d9b8d854594" testListId="8c84fa94-04c1-424b-9868-57a2d4851a1d" />
    <TestEntry testId="72cc7bae-2eb8-2914-d69b-6c5c4b0f01b9" executionId="85731e08-0b63-4305-9d19-3e2b8eb3fdaf" testListId="8c84fa94-04c1-424b-9868-57a2d4851a1d" />
    <TestEntry testId="41b0d6a6-4a5c-1637-6902-b979ccb484fa" executionId="469e5fff-62fc-4554-92f7-2691143c3c9c" testListId="8c84fa94-04c1-424b-9868-57a2d4851a1d" />
    <TestEntry testId="b4c91d6c-8794-a409-2700-e0378bc7c9c2" executionId="71c471a2-8e1e-4a44-be7b-b5b00e3763df" testListId="8c84fa94-04c1-424b-9868-57a2d4851a1d" />
    <TestEntry testId="917c91b6-467c-6f54-7bd6-727983952c45" executionId="b9838dc5-7a66-473c-82d7-b77293d561a9" testListId="8c84fa94-04c1-424b-9868-57a2d4851a1d" />
    <TestEntry testId="bb5a8254-7143-4f04-4125-1f3496dadd8f" executionId="7a07f4c0-016c-4092-8af7-89a0be615545" testListId="8c84fa94-04c1-424b-9868-57a2d4851a1d" />
    <TestEntry testId="87263014-5977-304d-a6cb-58774dbc7b92" executionId="5da0188f-590f-40e5-b158-ffc68f1060ad" testListId="8c84fa94-04c1-424b-9868-57a2d4851a1d" />
    <TestEntry testId="4c537747-11b0-c6e1-78d0-3b3f28050562" executionId="6a933f1b-464a-4ce2-b021-492a75f04fc1" testListId="8c84fa94-04c1-424b-9868-57a2d4851a1d" />
    <TestEntry testId="c918a289-b8c4-3d87-ad07-c7a95f5d7ee9" executionId="a9bd4cad-7222-4293-8382-002f29f45cdb" testListId="8c84fa94-04c1-424b-9868-57a2d4851a1d" />
    <TestEntry testId="69fd376d-0cb0-8ca7-8db2-ffddc7854439" executionId="18dc4f34-7dfe-4ee8-9018-3fc59b9b479b" testListId="8c84fa94-04c1-424b-9868-57a2d4851a1d" />
    <TestEntry testId="64909267-7858-2c7e-6ca5-58a8ad48f31c" executionId="de0d7d41-210d-4f34-bd07-b1e054005267" testListId="8c84fa94-04c1-424b-9868-57a2d4851a1d" />
    <TestEntry testId="91597cb0-6a24-dca7-d61a-feb94222cbdb" executionId="aa58f664-49ea-409e-a95c-bdf27e88d735" testListId="8c84fa94-04c1-424b-9868-57a2d4851a1d" />
    <TestEntry testId="f538c1e2-d720-b824-52f9-f50d168cf0f7" executionId="8ed111c2-a0f2-46ef-861b-7589fe9e129e" testListId="8c84fa94-04c1-424b-9868-57a2d4851a1d" />
    <TestEntry testId="112f4274-43f8-b7e3-b813-36e3adf5ec62" executionId="1bd0f4ab-3fac-49ec-9f83-2a6ebda69d10" testListId="8c84fa94-04c1-424b-9868-57a2d4851a1d" />
    <TestEntry testId="1b439133-96ac-fe64-6460-a93e04107cf2" executionId="7d3ab251-75f0-4b4e-82bb-0ca3fdc33f8b" testListId="8c84fa94-04c1-424b-9868-57a2d4851a1d" />
    <TestEntry testId="59bd9a29-336e-e552-a7b2-47cceba0708d" executionId="11cd57f6-5094-4f01-bd67-32ae37de1efc" testListId="8c84fa94-04c1-424b-9868-57a2d4851a1d" />
    <TestEntry testId="33d67a72-9c14-ed11-25ce-add97b012285" executionId="16d60989-b48c-4072-a096-a84cc2d1090b" testListId="8c84fa94-04c1-424b-9868-57a2d4851a1d" />
    <TestEntry testId="dd22f5da-b4c6-bd77-4647-4478909c740f" executionId="f0c3bd6a-6756-440a-9953-9af9fa591199" testListId="8c84fa94-04c1-424b-9868-57a2d4851a1d" />
    <TestEntry testId="eb2612ac-8d6d-4d65-558d-64fe1b7124ea" executionId="82999c32-98a7-4d04-96be-b3dab3d68979" testListId="8c84fa94-04c1-424b-9868-57a2d4851a1d" />
    <TestEntry testId="84a51335-f07d-f7b2-f044-69ed7678f206" executionId="93c6a368-b36f-46e6-ac22-0fcb24ab79fa" testListId="8c84fa94-04c1-424b-9868-57a2d4851a1d" />
    <TestEntry testId="43ecbd95-9eb9-368b-396d-9191fd04475f" executionId="fec5f523-8c11-4922-870f-acc4381fb618" testListId="8c84fa94-04c1-424b-9868-57a2d4851a1d" />
    <TestEntry testId="4a042a40-867b-e45d-cc91-1c1f3ec0c326" executionId="83862293-9722-40ea-966b-a7e9066e4147" testListId="8c84fa94-04c1-424b-9868-57a2d4851a1d" />
    <TestEntry testId="06369c13-5206-803d-d260-27c984790673" executionId="12da27aa-c43b-4068-adf2-9c7dc8205a7e" testListId="8c84fa94-04c1-424b-9868-57a2d4851a1d" />
    <TestEntry testId="359fff84-37cd-cbf2-c40f-cab0519a05a2" executionId="e3a8a70a-3000-442e-9466-a96dcbd04425" testListId="8c84fa94-04c1-424b-9868-57a2d4851a1d" />
    <TestEntry testId="e2b07ca1-2786-6047-9ede-03d77dddb270" executionId="808bc410-18cc-47a0-a57f-8b04c1340848" testListId="8c84fa94-04c1-424b-9868-57a2d4851a1d" />
    <TestEntry testId="b2b84e0f-7a42-e121-7c85-d420a429a320" executionId="ac0eef34-f10c-4473-96b4-a241b1058fb5" testListId="8c84fa94-04c1-424b-9868-57a2d4851a1d" />
    <TestEntry testId="b7373cf3-1c5f-f7ab-d64e-4cafcd566aac" executionId="b89b6290-26f3-4818-bfc0-6539365218bc" testListId="8c84fa94-04c1-424b-9868-57a2d4851a1d" />
    <TestEntry testId="7c83b5b0-56f2-13fb-8e69-168095957464" executionId="43fa4bcc-6bae-495d-a241-3029110e07d7" testListId="8c84fa94-04c1-424b-9868-57a2d4851a1d" />
    <TestEntry testId="4edb745b-4b4d-b8b2-ec92-d585f82d95b2" executionId="c6c5cdb4-aee2-4993-aa06-69ce06a04fd3" testListId="8c84fa94-04c1-424b-9868-57a2d4851a1d" />
    <TestEntry testId="fd9025a8-52cf-f193-614f-39981499d049" executionId="a4a8bbd5-858e-44ca-8ce5-cebd10b9ecfd" testListId="8c84fa94-04c1-424b-9868-57a2d4851a1d" />
    <TestEntry testId="b64645d4-8b95-5488-34aa-41460668b3ee" executionId="c4006159-509e-4ce0-8ede-0f74ab18636d" testListId="8c84fa94-04c1-424b-9868-57a2d4851a1d" />
    <TestEntry testId="d8f7e6aa-6f47-5e60-ef5d-ae788dc5b1b3" executionId="02a4f4f7-5feb-4d0d-9b92-b7cb99552ff7" testListId="8c84fa94-04c1-424b-9868-57a2d4851a1d" />
    <TestEntry testId="b2db2538-b072-4613-6c1f-0d2570bcfec3" executionId="029942ee-2cc1-45dc-aa50-99072c435ffd" testListId="8c84fa94-04c1-424b-9868-57a2d4851a1d" />
    <TestEntry testId="e04390f1-66a3-87f3-cb01-0eaa5bc9db71" executionId="df888927-e512-46d4-b7bd-56693f44bca8" testListId="8c84fa94-04c1-424b-9868-57a2d4851a1d" />
    <TestEntry testId="bf458c5e-f251-312f-019a-44073344a00c" executionId="4fcdc928-3554-4f64-8724-4048b728f11b" testListId="8c84fa94-04c1-424b-9868-57a2d4851a1d" />
    <TestEntry testId="15f924f4-2f7b-14ae-f0a3-9864c8f45825" executionId="1392d607-1801-49f8-8f92-2a0444f348c1" testListId="8c84fa94-04c1-424b-9868-57a2d4851a1d" />
    <TestEntry testId="f16cf963-f1fd-a482-1f8d-a5f88ac77836" executionId="c249bc9f-ca92-441d-8010-06677b1dbcbb" testListId="8c84fa94-04c1-424b-9868-57a2d4851a1d" />
    <TestEntry testId="a99b2e9c-c747-a074-0fc4-b91a6ac52faa" executionId="94747b17-ce4c-4986-ae9d-6d25358cacc0" testListId="8c84fa94-04c1-424b-9868-57a2d4851a1d" />
    <TestEntry testId="60d5eb78-47ad-31a4-7687-4733b8346155" executionId="46d876ad-83e5-48a0-b996-790f858e2f69" testListId="8c84fa94-04c1-424b-9868-57a2d4851a1d" />
    <TestEntry testId="38eb4c07-3b43-9069-e1ce-3929bf582616" executionId="9e09119e-f898-4b30-a9a1-4def184b29a6" testListId="8c84fa94-04c1-424b-9868-57a2d4851a1d" />
    <TestEntry testId="5e6743ee-349b-e345-19f1-919c3248d93c" executionId="29858488-3951-42b4-b5dd-6940fea71d27" testListId="8c84fa94-04c1-424b-9868-57a2d4851a1d" />
    <TestEntry testId="8fbf9f52-52da-c755-01ac-9deb916d8cf7" executionId="60d8eefd-985b-49ee-8d78-aa5f6c125d2a" testListId="8c84fa94-04c1-424b-9868-57a2d4851a1d" />
    <TestEntry testId="4d097d45-0d0d-ea90-d9d4-dc2396355990" executionId="540b71c4-6e67-40ce-be6e-574ece493106" testListId="8c84fa94-04c1-424b-9868-57a2d4851a1d" />
    <TestEntry testId="b6700c8b-aa56-915e-c0e2-ed6fe26705f6" executionId="4b9bb0de-7ff5-4ad2-a9e3-1d28c2d619c0" testListId="8c84fa94-04c1-424b-9868-57a2d4851a1d" />
    <TestEntry testId="8c8d368d-889c-b4a3-7811-4e347a011909" executionId="6f4ca635-ac25-4285-a461-9dab62663f1c" testListId="8c84fa94-04c1-424b-9868-57a2d4851a1d" />
    <TestEntry testId="41d4ae6d-1ec6-489b-d9c2-de1156a0d310" executionId="db8e45ef-e253-44d2-939f-5c65b2ecbe3a" testListId="8c84fa94-04c1-424b-9868-57a2d4851a1d" />
    <TestEntry testId="6c6b716e-4d28-c779-dfb6-ac3f614f8de4" executionId="738301d1-ea27-408d-a4fd-d6fac5df3ab5" testListId="8c84fa94-04c1-424b-9868-57a2d4851a1d" />
    <TestEntry testId="174c703d-40da-6a58-da7e-28265b185aac" executionId="333e0553-b6fc-427b-baa2-f3dab57183bb" testListId="8c84fa94-04c1-424b-9868-57a2d4851a1d" />
    <TestEntry testId="4e6489ca-ad6b-6e8b-60d9-e96a767d1784" executionId="5c2881e0-369b-4481-9775-c32ea502f3e9" testListId="8c84fa94-04c1-424b-9868-57a2d4851a1d" />
    <TestEntry testId="db66bbd2-870f-d30e-60fa-e9406ee3f761" executionId="11fc9040-abf6-4eba-b2ca-7e22b2ac4634" testListId="8c84fa94-04c1-424b-9868-57a2d4851a1d" />
    <TestEntry testId="745aea99-7d18-df01-821c-c171c176ca32" executionId="7e607cab-d5b0-4767-911f-bbaf5506adc7" testListId="8c84fa94-04c1-424b-9868-57a2d4851a1d" />
    <TestEntry testId="0689373a-e253-57f7-534a-a84706ecc7fd" executionId="eca84c5b-18b8-4955-a23c-56e96b2b9383" testListId="8c84fa94-04c1-424b-9868-57a2d4851a1d" />
    <TestEntry testId="849ae475-f416-8ab4-9798-07ae8793de20" executionId="5eb7d735-3573-4000-b1b1-9f00f31cb6a2" testListId="8c84fa94-04c1-424b-9868-57a2d4851a1d" />
    <TestEntry testId="b6678187-a9b9-f1aa-76c8-f5999e513d01" executionId="11e6524d-3f47-4c37-938c-f37ff8780ac0" testListId="8c84fa94-04c1-424b-9868-57a2d4851a1d" />
    <TestEntry testId="c58d02c2-045e-a702-8b39-09ea175a2fd3" executionId="2c024940-7a7b-485c-8fca-44e4340ffc5d" testListId="8c84fa94-04c1-424b-9868-57a2d4851a1d" />
    <TestEntry testId="ba9bbd2d-f93e-3b6a-e55e-22dc493457da" executionId="5ce2f9f3-ff65-40ea-ab13-795e2115a0c4" testListId="8c84fa94-04c1-424b-9868-57a2d4851a1d" />
    <TestEntry testId="2349410a-abdb-fe9c-5151-7ed18679823d" executionId="33e2e7ea-8916-486c-b47b-ce1d55662ce7" testListId="8c84fa94-04c1-424b-9868-57a2d4851a1d" />
    <TestEntry testId="d9029b8c-cfbb-96c7-32e9-d3538cf36ca8" executionId="beced415-89c6-47e9-80b2-f4d3c2b8633d" testListId="8c84fa94-04c1-424b-9868-57a2d4851a1d" />
    <TestEntry testId="dee144f2-c923-9577-9616-7ae90de03971" executionId="3e8444d5-0414-4779-be1d-64a3ad691ff8" testListId="8c84fa94-04c1-424b-9868-57a2d4851a1d" />
    <TestEntry testId="7a0b1d88-033f-7f42-69c2-97d55ac201be" executionId="f4c66a4c-4253-4e96-8466-a1fda83c47b7" testListId="8c84fa94-04c1-424b-9868-57a2d4851a1d" />
    <TestEntry testId="6922d059-f036-7ed8-9a45-1c7d4b784274" executionId="f899d264-4504-4586-9be6-09204f337513" testListId="8c84fa94-04c1-424b-9868-57a2d4851a1d" />
    <TestEntry testId="281add88-aec8-73d9-21c9-0a06ace0bc45" executionId="d6978ffe-7275-4851-af7e-277ef6ec69c1" testListId="8c84fa94-04c1-424b-9868-57a2d4851a1d" />
    <TestEntry testId="914c4474-b8e7-f364-7b5b-f69491ca046f" executionId="c97cc0ac-1959-4421-baa2-82f15383a813" testListId="8c84fa94-04c1-424b-9868-57a2d4851a1d" />
    <TestEntry testId="fc74b4de-78a2-cd18-f36c-43512d3260ce" executionId="5e4cdd7c-763a-41a7-a962-d20fc0c21ff9" testListId="8c84fa94-04c1-424b-9868-57a2d4851a1d" />
    <TestEntry testId="ab937652-688d-1f36-c7a3-cce53edf28c3" executionId="5acde00a-6aed-43c5-b0f3-82e67e8a4d87" testListId="8c84fa94-04c1-424b-9868-57a2d4851a1d" />
    <TestEntry testId="ce8380c5-c8aa-6b45-78f7-a8afc7e17e5d" executionId="3c41fef2-5468-44f5-b8ec-938c3b7c1868" testListId="8c84fa94-04c1-424b-9868-57a2d4851a1d" />
    <TestEntry testId="cd0b7830-5acf-7869-1c73-47988d890ffd" executionId="1eed4133-1ca7-4be0-80d7-58a0cd6ee4cf" testListId="8c84fa94-04c1-424b-9868-57a2d4851a1d" />
    <TestEntry testId="8473d16a-33e9-c638-f846-0f4a1d9f5e68" executionId="922d5013-4b56-4d96-a36c-b59c31a4c7ba" testListId="8c84fa94-04c1-424b-9868-57a2d4851a1d" />
    <TestEntry testId="4a01cd80-73e5-9c40-2758-599856b946eb" executionId="c9a2fe12-c034-41c5-bf24-2d7bfdb264bf" testListId="8c84fa94-04c1-424b-9868-57a2d4851a1d" />
    <TestEntry testId="3caa7d05-5fe9-981d-2dde-9ddcd2d59c97" executionId="602ba27e-4dc9-448f-9b12-659d358f9e81" testListId="8c84fa94-04c1-424b-9868-57a2d4851a1d" />
    <TestEntry testId="17d9a061-47a1-760a-9a7b-5c298e6a3921" executionId="89518f93-e566-4ff0-a69a-d1351751c40f" testListId="8c84fa94-04c1-424b-9868-57a2d4851a1d" />
    <TestEntry testId="47bc2de9-c828-3305-dbcd-195c38433d1e" executionId="da45cea2-654e-4e4a-9fcc-85ca0a47ec2a" testListId="8c84fa94-04c1-424b-9868-57a2d4851a1d" />
    <TestEntry testId="76f09949-db06-6167-1791-8445bfb657bf" executionId="04dd5f35-2af9-42ac-904c-2d88ff392946" testListId="8c84fa94-04c1-424b-9868-57a2d4851a1d" />
    <TestEntry testId="6f7bb80b-dba3-2067-8a47-0c3a50cbf31b" executionId="c7eeaf0b-a28f-45a1-ae7a-a83cc750e53e" testListId="8c84fa94-04c1-424b-9868-57a2d4851a1d" />
    <TestEntry testId="24ba77e8-1fe5-08f9-175a-86266968a297" executionId="82f72214-52fa-4859-a2f1-6a844835c536" testListId="8c84fa94-04c1-424b-9868-57a2d4851a1d" />
    <TestEntry testId="f4e67b53-0b3e-aaa0-9b40-f3ce5bf9017a" executionId="fb9e6bd1-2804-4b8a-a71e-b60a83d2e5db" testListId="8c84fa94-04c1-424b-9868-57a2d4851a1d" />
    <TestEntry testId="886d15a7-f876-be7e-71f5-4d94ad43de3c" executionId="764f3f2e-25d4-4430-97fe-0fc48e92401b" testListId="8c84fa94-04c1-424b-9868-57a2d4851a1d" />
    <TestEntry testId="b4694a5e-0bb0-1b1b-07dc-ef863cd0420c" executionId="b10612b7-f12f-42f6-9080-13bd4aa3239f" testListId="8c84fa94-04c1-424b-9868-57a2d4851a1d" />
    <TestEntry testId="bd062c6c-59fd-5bb4-c818-c4e7382f34df" executionId="5b569ba2-b82d-46f7-854c-0f3b19b4a081" testListId="8c84fa94-04c1-424b-9868-57a2d4851a1d" />
    <TestEntry testId="91acfdfe-b3ca-39a1-a1fe-286d51d61a08" executionId="47a7903f-bd21-4c3b-96c5-3e86f450a98a" testListId="8c84fa94-04c1-424b-9868-57a2d4851a1d" />
    <TestEntry testId="ab86455a-c8b3-eae2-e3ab-342237edf022" executionId="20cbed55-054b-4266-9a72-c32356778db1" testListId="8c84fa94-04c1-424b-9868-57a2d4851a1d" />
    <TestEntry testId="a930bf31-deb5-7c95-5e24-1f743f244144" executionId="8de9d326-b1e3-4efb-ab13-8695e225045a" testListId="8c84fa94-04c1-424b-9868-57a2d4851a1d" />
    <TestEntry testId="0da18c28-aaa0-210f-7a92-a77f7b0f5efa" executionId="b3e618ca-5c44-4c72-a3c8-bd507e2ceab4" testListId="8c84fa94-04c1-424b-9868-57a2d4851a1d" />
    <TestEntry testId="669eb9d8-e093-cf6e-6fa3-2bfc9b5957f4" executionId="8b3f7923-c234-4d12-bdb0-0b6eae314a11" testListId="8c84fa94-04c1-424b-9868-57a2d4851a1d" />
    <TestEntry testId="599ccfee-b92f-9c95-c440-e902348632b1" executionId="3fa4782f-fab0-4526-a614-7ade1a27365e" testListId="8c84fa94-04c1-424b-9868-57a2d4851a1d" />
    <TestEntry testId="6c14b312-87d2-7128-927b-4805632e98ea" executionId="162b9e67-7bed-41e7-9e35-26f3afff0639" testListId="8c84fa94-04c1-424b-9868-57a2d4851a1d" />
    <TestEntry testId="6a88ee0a-9bc9-bc89-2082-c27a42df6d57" executionId="d2f7e9b1-4245-4a03-b177-e63febdc4fee" testListId="8c84fa94-04c1-424b-9868-57a2d4851a1d" />
    <TestEntry testId="3fed6b17-91ce-8aa8-f441-7da427c10db2" executionId="7668aaae-2a1d-4450-9533-70b60b71c77e" testListId="8c84fa94-04c1-424b-9868-57a2d4851a1d" />
    <TestEntry testId="7d248c41-22f0-0abc-bf5f-b5bac42be8c8" executionId="b182da2a-3b34-4d33-8e55-6ba0885ab8f0" testListId="8c84fa94-04c1-424b-9868-57a2d4851a1d" />
    <TestEntry testId="f98d7fd7-35b5-697e-34c0-0ff1a3a3889c" executionId="2a2833b0-dc1c-44ff-b1c8-34beca534c54" testListId="8c84fa94-04c1-424b-9868-57a2d4851a1d" />
    <TestEntry testId="882b56f4-78e9-f8de-5e21-552cca584369" executionId="30ba58c6-f954-49fb-8226-7d295b9d97a8" testListId="8c84fa94-04c1-424b-9868-57a2d4851a1d" />
    <TestEntry testId="01c0f351-ec7a-7cc6-b18d-966650a66ddd" executionId="01663cf1-fbf0-467f-ace7-bff6c6e4f580" testListId="8c84fa94-04c1-424b-9868-57a2d4851a1d" />
    <TestEntry testId="7b8de1e5-9337-d62a-9f21-d2fb01f50c30" executionId="bbeb5d4f-d965-4122-a5a4-c7939559dda1" testListId="8c84fa94-04c1-424b-9868-57a2d4851a1d" />
    <TestEntry testId="1010ec3e-15f5-6176-baaa-337dbb856417" executionId="bae03916-e922-4997-b2be-ecbb0d142116" testListId="8c84fa94-04c1-424b-9868-57a2d4851a1d" />
    <TestEntry testId="acb6857a-df3d-396c-fed4-7d888e4fed76" executionId="8f5508ab-2be8-4333-b539-1000198e7692" testListId="8c84fa94-04c1-424b-9868-57a2d4851a1d" />
    <TestEntry testId="5f3e3347-7cc7-75b6-7352-604a8f0807cd" executionId="37eb102b-c7c2-4918-bc27-ee7cbee6783c" testListId="8c84fa94-04c1-424b-9868-57a2d4851a1d" />
    <TestEntry testId="8042d605-26a2-4169-039a-588f62885a21" executionId="70d37620-1fe8-4242-9e50-df290e6ba769" testListId="8c84fa94-04c1-424b-9868-57a2d4851a1d" />
    <TestEntry testId="6fbe868a-42b6-5cbd-c8ab-590c9c163b52" executionId="1e9cc5e5-96c1-4892-8994-0e7d8ac7c561" testListId="8c84fa94-04c1-424b-9868-57a2d4851a1d" />
    <TestEntry testId="cb7e10c6-0204-7896-444a-0757f579dd40" executionId="0018aeda-c55d-4b26-8a95-4c2688126d9b" testListId="8c84fa94-04c1-424b-9868-57a2d4851a1d" />
    <TestEntry testId="b87fe60f-2790-ec89-7e60-9dce4bf23dd0" executionId="3496fa10-28de-49c3-be1d-703980baeb8a" testListId="8c84fa94-04c1-424b-9868-57a2d4851a1d" />
    <TestEntry testId="a8466234-3dd1-7e09-1f24-9f708ace9cec" executionId="45bca9ce-449e-4d2b-87c5-cd0a9f2d4a47" testListId="8c84fa94-04c1-424b-9868-57a2d4851a1d" />
    <TestEntry testId="7978f97c-bec6-8028-3064-2cf03c413372" executionId="e98b5d75-00a9-45b5-8b6e-dfbc3de958a7" testListId="8c84fa94-04c1-424b-9868-57a2d4851a1d" />
    <TestEntry testId="5e599eb5-1ba7-3552-1d66-5d2d43176c8d" executionId="fd57dedb-35a9-4db3-9d2d-eaf88c81260b" testListId="8c84fa94-04c1-424b-9868-57a2d4851a1d" />
    <TestEntry testId="66b5c4ff-d2fa-19de-f4f4-61f87928ee9b" executionId="2b837a40-1780-430d-8dd5-f79ace59c1cf" testListId="8c84fa94-04c1-424b-9868-57a2d4851a1d" />
    <TestEntry testId="217b1fa7-008a-fc4f-9a69-14892f8feed9" executionId="4df1ec90-b677-45f7-be30-a98a357c58e9" testListId="8c84fa94-04c1-424b-9868-57a2d4851a1d" />
    <TestEntry testId="267806a5-9bdd-be07-8447-7174cbffe64b" executionId="e1f53913-67c0-4281-b974-6767a20df9d4" testListId="8c84fa94-04c1-424b-9868-57a2d4851a1d" />
    <TestEntry testId="ef0d4402-3320-910c-2b0b-4abb1b8f0aac" executionId="351f0f61-eb17-4369-bb0d-bcfadd03f12e" testListId="8c84fa94-04c1-424b-9868-57a2d4851a1d" />
    <TestEntry testId="a60b7324-d5b9-a346-ac68-057908745031" executionId="c2211e24-b8b4-44f4-aa72-0061664c6c52" testListId="8c84fa94-04c1-424b-9868-57a2d4851a1d" />
    <TestEntry testId="83deb65f-c361-2dce-240a-5f709eb9caac" executionId="f48925e2-549c-49a0-893a-fd1558995d41" testListId="8c84fa94-04c1-424b-9868-57a2d4851a1d" />
    <TestEntry testId="9402868f-64db-73ab-539a-d8a78b10e01e" executionId="34fb8257-0299-4272-990d-60171eff2909" testListId="8c84fa94-04c1-424b-9868-57a2d4851a1d" />
    <TestEntry testId="2cf91dfa-968e-4599-4e3f-36ab2c164e8c" executionId="c7328b61-3752-4bc3-9a02-eec819a9c3e5" testListId="8c84fa94-04c1-424b-9868-57a2d4851a1d" />
    <TestEntry testId="9aa298be-2c39-d2e9-ead8-2178c932f3f2" executionId="9029972a-20ce-4afe-a914-67c2d4dd8fa1" testListId="8c84fa94-04c1-424b-9868-57a2d4851a1d" />
    <TestEntry testId="d0999a64-256c-41ac-9334-9223de20a154" executionId="f651910c-1f69-4f29-a5ce-a8ca9b635b00" testListId="8c84fa94-04c1-424b-9868-57a2d4851a1d" />
    <TestEntry testId="f54cb0cb-5b9c-26f7-4212-f53dc833b117" executionId="3780898a-2072-4839-89d3-16063c66ea66" testListId="8c84fa94-04c1-424b-9868-57a2d4851a1d" />
    <TestEntry testId="b6e86c34-e523-66bb-6641-e4792d72f9ee" executionId="ceed04b0-a1ee-4852-86e6-f1ff2f0951bd" testListId="8c84fa94-04c1-424b-9868-57a2d4851a1d" />
    <TestEntry testId="5e1e7852-4b74-8364-d566-ba1370dec921" executionId="b9e4c89c-d58e-422a-9181-50953a02d68f" testListId="8c84fa94-04c1-424b-9868-57a2d4851a1d" />
    <TestEntry testId="a31c941f-514d-43ce-0c78-bad3b156ddc6" executionId="1666f583-a261-4d89-aa82-951100df206c" testListId="8c84fa94-04c1-424b-9868-57a2d4851a1d" />
    <TestEntry testId="9e5f61e1-a7a2-986f-1a43-a3aac7b85c5c" executionId="b5724c8e-1006-4816-b431-fc1c4acd8c8d" testListId="8c84fa94-04c1-424b-9868-57a2d4851a1d" />
    <TestEntry testId="2f175fa8-bd7a-1a7e-9598-a021dc30fede" executionId="50cb4678-a5f4-45ca-898e-0083e56ed420" testListId="8c84fa94-04c1-424b-9868-57a2d4851a1d" />
    <TestEntry testId="1bc809a8-afd9-bba4-87fb-170f78940090" executionId="dc75fea1-ce3c-489d-893a-ce1708c52422" testListId="8c84fa94-04c1-424b-9868-57a2d4851a1d" />
    <TestEntry testId="e625724b-e6ca-04fb-3a90-a86071459cbe" executionId="9bb51cef-c1b8-4397-8cbd-d0176822bbfc" testListId="8c84fa94-04c1-424b-9868-57a2d4851a1d" />
    <TestEntry testId="91467f85-920b-1f84-c7b1-b5178fb1c5dc" executionId="9f5d9bb6-87b5-4066-a0f8-fc70a36418d1" testListId="8c84fa94-04c1-424b-9868-57a2d4851a1d" />
    <TestEntry testId="0aaea2bf-2728-4a98-03a0-80051cd83b53" executionId="76fac5f4-77b6-4997-8666-0088ac05f788" testListId="8c84fa94-04c1-424b-9868-57a2d4851a1d" />
    <TestEntry testId="337fb61c-0417-0206-2b53-a5a13e98e43f" executionId="094bd2e7-e330-461a-8caa-cb47e12efe6f" testListId="8c84fa94-04c1-424b-9868-57a2d4851a1d" />
    <TestEntry testId="ed78d81e-22e0-7786-addc-10f6223b5e3d" executionId="b9dce2e0-e8f2-4552-9e4b-be08a59b9955" testListId="8c84fa94-04c1-424b-9868-57a2d4851a1d" />
    <TestEntry testId="813b5b28-7c81-3ad5-5878-84ef19d3286f" executionId="7940e71c-97e5-4da6-9c77-a79b27d598fc" testListId="8c84fa94-04c1-424b-9868-57a2d4851a1d" />
  </TestEntries>
  <TestLists>
    <TestList name="Results Not in a List" id="8c84fa94-04c1-424b-9868-57a2d4851a1d" />
    <TestList name="All Loaded Results" id="19431567-8539-422a-85d7-44ee4e166bda" />
  </TestLists>
  <ResultSummary outcome="Completed">
    <Counters total="1388" executed="1388" passed="1388" failed="0" error="0" timeout="0" aborted="0" inconclusive="0" passedButRunAborted="0" notRunnable="0" notExecuted="0" disconnected="0" warning="0" completed="0" inProgress="0" pending="0" />
  </ResultSummary>
</TestRun>