<?xml version="1.0" encoding="utf-8"?>
<TestRun id="204fcde2-9e4d-4dac-8721-3ef103b0fc58" name="DKSR-EFI-04$@DKSR-EFI-04 2023-12-22 09:33:12" runUser="NT AUTHORITY\NETWORK SERVICE" xmlns="http://microsoft.com/schemas/VisualStudio/TeamTest/2010">
  <Times creation="2023-12-22T09:33:12.8655276+01:00" queuing="2023-12-22T09:33:12.8655276+01:00" start="2023-12-22T09:33:02.6311071+01:00" finish="2023-12-22T09:33:13.8342849+01:00" />
  <TestSettings name="default" id="7945af94-093a-4cfb-82aa-cccb17fc7ad4">
    <Deployment runDeploymentRoot="DKSR-EFI-04$_DKSR-EFI-04_2023-12-22_09_33_12" />
  </TestSettings>
  <Results>
    <UnitTestResult executionId="5a8c17b4-e24a-46cc-be03-9ee64bff0d88" testId="cf4ed785-d0ea-50ef-d77f-b3d5749bbac0" testName="Detect_NullUsernamePassword_ShouldGiveFailedMatch" computerName="DKSR-EFI-04" duration="00:00:00.0029259" startTime="2023-12-22T09:33:12.8655276+01:00" endTime="2023-12-22T09:33:12.8655276+01:00" testType="13cdc9d9-ddb5-4fa4-a97d-d965ccfc6d4b" outcome="Passed" testListId="8c84fa94-04c1-424b-9868-57a2d4851a1d" relativeResultsDirectory="5a8c17b4-e24a-46cc-be03-9ee64bff0d88" />
    <UnitTestResult executionId="ab25b982-f417-4af2-8099-96c0d4ca7dc3" testId="a1640f29-be86-8b52-9f89-09635c648bcf" testName="Detect_ThrowsOtherException_ShouldRethrowErrorAndLogoutUser" computerName="DKSR-EFI-04" duration="00:00:00.0042877" startTime="2023-12-22T09:33:12.9749067+01:00" endTime="2023-12-22T09:33:12.9905306+01:00" testType="13cdc9d9-ddb5-4fa4-a97d-d965ccfc6d4b" outcome="Passed" testListId="8c84fa94-04c1-424b-9868-57a2d4851a1d" relativeResultsDirectory="ab25b982-f417-4af2-8099-96c0d4ca7dc3" />
    <UnitTestResult executionId="a3ee285e-e435-4074-a5db-a99e33393d99" testId="8ece4bdf-73c6-5877-36f7-e618632c40d1" testName="Detect_SuccessfullLogin_ShouldGiveMatchFound" computerName="DKSR-EFI-04" duration="00:00:01.3756943" startTime="2023-12-22T09:33:11.0217700+01:00" endTime="2023-12-22T09:33:12.7874029+01:00" testType="13cdc9d9-ddb5-4fa4-a97d-d965ccfc6d4b" outcome="Passed" testListId="8c84fa94-04c1-424b-9868-57a2d4851a1d" relativeResultsDirectory="a3ee285e-e435-4074-a5db-a99e33393d99" />
    <UnitTestResult executionId="ed1e8ae8-d7ce-4ef4-b2a3-18266c2ddf41" testId="2a954d03-55c1-09ac-6448-23d7730de0bf" testName="Detect_UnsuccessfullLogin_ShouldGiveFailedMatch" computerName="DKSR-EFI-04" duration="00:00:00.0102900" startTime="2023-12-22T09:33:12.8499046+01:00" endTime="2023-12-22T09:33:12.8655276+01:00" testType="13cdc9d9-ddb5-4fa4-a97d-d965ccfc6d4b" outcome="Passed" testListId="8c84fa94-04c1-424b-9868-57a2d4851a1d" relativeResultsDirectory="ed1e8ae8-d7ce-4ef4-b2a3-18266c2ddf41" />
    <UnitTestResult executionId="cae0cfb5-bff6-4c5f-a4c7-5f15a291c6b9" testId="712338d9-ae86-d94e-b1fa-789978cc177b" testName="Detect_ThrowsMipException_ShouldGiveError" computerName="DKSR-EFI-04" duration="00:00:00.0021043" startTime="2023-12-22T09:33:12.9592807+01:00" endTime="2023-12-22T09:33:12.9749067+01:00" testType="13cdc9d9-ddb5-4fa4-a97d-d965ccfc6d4b" outcome="Passed" testListId="8c84fa94-04c1-424b-9868-57a2d4851a1d" relativeResultsDirectory="cae0cfb5-bff6-4c5f-a4c7-5f15a291c6b9" />
  </Results>
  <TestDefinitions>
    <UnitTest name="Detect_SuccessfullLogin_ShouldGiveMatchFound" storage="d:\actions-runner\_work\xpco\xpco\corporate\recordingserver\recorderservice\tst\videoos.io.drivers.vpsdriver.unittests\bin\x64\debug\net472\videoos.io.drivers.vpsdriver.unittests.dll" id="8ece4bdf-73c6-5877-36f7-e618632c40d1">
      <Execution id="a3ee285e-e435-4074-a5db-a99e33393d99" />
      <TestMethod codeBase="D:\actions-runner\_work\XPCO\XPCO\Corporate\RecordingServer\RecorderService\tst\VideoOS.IO.Drivers.VpsDriver.UnitTests\bin\x64\Debug\net472\VideoOS.IO.Drivers.VpsDriver.UnitTests.dll" adapterTypeName="executor://mstestadapter/v2" className="VideoOS.IO.Drivers.VpsDriver.UnitTests.VpsAutoDetectTests" name="Detect_SuccessfullLogin_ShouldGiveMatchFound" />
    </UnitTest>
    <UnitTest name="Detect_ThrowsMipException_ShouldGiveError" storage="d:\actions-runner\_work\xpco\xpco\corporate\recordingserver\recorderservice\tst\videoos.io.drivers.vpsdriver.unittests\bin\x64\debug\net472\videoos.io.drivers.vpsdriver.unittests.dll" id="712338d9-ae86-d94e-b1fa-789978cc177b">
      <Execution id="cae0cfb5-bff6-4c5f-a4c7-5f15a291c6b9" />
      <TestMethod codeBase="D:\actions-runner\_work\XPCO\XPCO\Corporate\RecordingServer\RecorderService\tst\VideoOS.IO.Drivers.VpsDriver.UnitTests\bin\x64\Debug\net472\VideoOS.IO.Drivers.VpsDriver.UnitTests.dll" adapterTypeName="executor://mstestadapter/v2" className="VideoOS.IO.Drivers.VpsDriver.UnitTests.VpsAutoDetectTests" name="Detect_ThrowsMipException_ShouldGiveError" />
    </UnitTest>
    <UnitTest name="Detect_NullUsernamePassword_ShouldGiveFailedMatch" storage="d:\actions-runner\_work\xpco\xpco\corporate\recordingserver\recorderservice\tst\videoos.io.drivers.vpsdriver.unittests\bin\x64\debug\net472\videoos.io.drivers.vpsdriver.unittests.dll" id="cf4ed785-d0ea-50ef-d77f-b3d5749bbac0">
      <Execution id="5a8c17b4-e24a-46cc-be03-9ee64bff0d88" />
      <TestMethod codeBase="D:\actions-runner\_work\XPCO\XPCO\Corporate\RecordingServer\RecorderService\tst\VideoOS.IO.Drivers.VpsDriver.UnitTests\bin\x64\Debug\net472\VideoOS.IO.Drivers.VpsDriver.UnitTests.dll" adapterTypeName="executor://mstestadapter/v2" className="VideoOS.IO.Drivers.VpsDriver.UnitTests.VpsAutoDetectTests" name="Detect_NullUsernamePassword_ShouldGiveFailedMatch" />
    </UnitTest>
    <UnitTest name="Detect_ThrowsOtherException_ShouldRethrowErrorAndLogoutUser" storage="d:\actions-runner\_work\xpco\xpco\corporate\recordingserver\recorderservice\tst\videoos.io.drivers.vpsdriver.unittests\bin\x64\debug\net472\videoos.io.drivers.vpsdriver.unittests.dll" id="a1640f29-be86-8b52-9f89-09635c648bcf">
      <Execution id="ab25b982-f417-4af2-8099-96c0d4ca7dc3" />
      <TestMethod codeBase="D:\actions-runner\_work\XPCO\XPCO\Corporate\RecordingServer\RecorderService\tst\VideoOS.IO.Drivers.VpsDriver.UnitTests\bin\x64\Debug\net472\VideoOS.IO.Drivers.VpsDriver.UnitTests.dll" adapterTypeName="executor://mstestadapter/v2" className="VideoOS.IO.Drivers.VpsDriver.UnitTests.VpsAutoDetectTests" name="Detect_ThrowsOtherException_ShouldRethrowErrorAndLogoutUser" />
    </UnitTest>
    <UnitTest name="Detect_UnsuccessfullLogin_ShouldGiveFailedMatch" storage="d:\actions-runner\_work\xpco\xpco\corporate\recordingserver\recorderservice\tst\videoos.io.drivers.vpsdriver.unittests\bin\x64\debug\net472\videoos.io.drivers.vpsdriver.unittests.dll" id="2a954d03-55c1-09ac-6448-23d7730de0bf">
      <Execution id="ed1e8ae8-d7ce-4ef4-b2a3-18266c2ddf41" />
      <TestMethod codeBase="D:\actions-runner\_work\XPCO\XPCO\Corporate\RecordingServer\RecorderService\tst\VideoOS.IO.Drivers.VpsDriver.UnitTests\bin\x64\Debug\net472\VideoOS.IO.Drivers.VpsDriver.UnitTests.dll" adapterTypeName="executor://mstestadapter/v2" className="VideoOS.IO.Drivers.VpsDriver.UnitTests.VpsAutoDetectTests" name="Detect_UnsuccessfullLogin_ShouldGiveFailedMatch" />
    </UnitTest>
  </TestDefinitions>
  <TestEntries>
    <TestEntry testId="cf4ed785-d0ea-50ef-d77f-b3d5749bbac0" executionId="5a8c17b4-e24a-46cc-be03-9ee64bff0d88" testListId="8c84fa94-04c1-424b-9868-57a2d4851a1d" />
    <TestEntry testId="a1640f29-be86-8b52-9f89-09635c648bcf" executionId="ab25b982-f417-4af2-8099-96c0d4ca7dc3" testListId="8c84fa94-04c1-424b-9868-57a2d4851a1d" />
    <TestEntry testId="8ece4bdf-73c6-5877-36f7-e618632c40d1" executionId="a3ee285e-e435-4074-a5db-a99e33393d99" testListId="8c84fa94-04c1-424b-9868-57a2d4851a1d" />
    <TestEntry testId="2a954d03-55c1-09ac-6448-23d7730de0bf" executionId="ed1e8ae8-d7ce-4ef4-b2a3-18266c2ddf41" testListId="8c84fa94-04c1-424b-9868-57a2d4851a1d" />
    <TestEntry testId="712338d9-ae86-d94e-b1fa-789978cc177b" executionId="cae0cfb5-bff6-4c5f-a4c7-5f15a291c6b9" testListId="8c84fa94-04c1-424b-9868-57a2d4851a1d" />
  </TestEntries>
  <TestLists>
    <TestList name="Results Not in a List" id="8c84fa94-04c1-424b-9868-57a2d4851a1d" />
    <TestList name="All Loaded Results" id="19431567-8539-422a-85d7-44ee4e166bda" />
  </TestLists>
  <ResultSummary outcome="Completed">
    <Counters total="5" executed="5" passed="5" failed="0" error="0" timeout="0" aborted="0" inconclusive="0" passedButRunAborted="0" notRunnable="0" notExecuted="0" disconnected="0" warning="0" completed="0" inProgress="0" pending="0" />
  </ResultSummary>
</TestRun>