<?xml version="1.0" encoding="utf-8"?>
<TestRun id="e5898e3c-f372-4064-80b2-2d6a16434855" name="DKSR-EFI-04$@DKSR-EFI-04 2023-12-22 09:32:31" runUser="NT AUTHORITY\NETWORK SERVICE" xmlns="http://microsoft.com/schemas/VisualStudio/TeamTest/2010">
  <Times creation="2023-12-22T09:32:31.7403342+01:00" queuing="2023-12-22T09:32:31.7403342+01:00" start="2023-12-22T09:32:28.3496945+01:00" finish="2023-12-22T09:36:45.8978718+01:00" />
  <TestSettings name="default" id="c1c9a87c-af1e-43ed-94b4-3309fbfd8825">
    <Deployment runDeploymentRoot="DKSR-EFI-04$_DKSR-EFI-04_2023-12-22_09_32_31" />
  </TestSettings>
  <Results>
    <UnitTestResult executionId="3d9a8e4a-bbef-4471-8d4c-cf4c2bb8a4ff" testId="6717228d-b0db-29cf-2f7d-7fb9f7b75e75" testName="Execute_GivenInvalidAppConfiguration_ShouldLogAndReturnFalse" computerName="DKSR-EFI-04" duration="00:00:00.4770899" startTime="2023-12-22T09:32:29.7247009+01:00" endTime="2023-12-22T09:32:30.3184550+01:00" testType="13cdc9d9-ddb5-4fa4-a97d-d965ccfc6d4b" outcome="Passed" testListId="8c84fa94-04c1-424b-9868-57a2d4851a1d" relativeResultsDirectory="3d9a8e4a-bbef-4471-8d4c-cf4c2bb8a4ff" />
    <UnitTestResult executionId="47528a3a-3b9f-4633-ba81-41313cdded60" testId="f419461f-31bf-a70b-f83a-889f52c5c952" testName="GetVmsDbTypeMapper_VmsDbType_AllArguments" computerName="DKSR-EFI-04" duration="00:00:00.0034060" startTime="2023-12-22T09:36:45.4759916+01:00" endTime="2023-12-22T09:36:45.4759916+01:00" testType="13cdc9d9-ddb5-4fa4-a97d-d965ccfc6d4b" outcome="Passed" testListId="8c84fa94-04c1-424b-9868-57a2d4851a1d" relativeResultsDirectory="47528a3a-3b9f-4633-ba81-41313cdded60" />
    <UnitTestResult executionId="dfecd506-21ed-4e58-b736-e6a9afde2d3c" testId="65bbabd0-1aa6-9abd-2678-07f395504fe6" testName="CreateThenUpgradeInCorrectOrder" computerName="DKSR-EFI-04" duration="00:00:02.5688103" startTime="2023-12-22T09:36:33.4446773+01:00" endTime="2023-12-22T09:36:36.0071920+01:00" testType="13cdc9d9-ddb5-4fa4-a97d-d965ccfc6d4b" outcome="Passed" testListId="8c84fa94-04c1-424b-9868-57a2d4851a1d" relativeResultsDirectory="dfecd506-21ed-4e58-b736-e6a9afde2d3c">
      <Output>
        <StdOut>Executing Baseline scripts&#xD;
Script content has been replaced. Key: {NewDatabaseLicenseTlsData}&#xD;
Script content has been replaced. Key: {NewDatabaseHomeSiteId}&#xD;
Script content has been replaced. Key: {NewDatabaseHomeSiteId}&#xD;
Script content has been replaced. Key: {NewDatabaseHomeSiteId}&#xD;
Baseline scripts have been executed&#xD;
&#xD;
Retrieving all sql files from: SomePath; Current DB version: 23.3.8&#xD;
2 sql files found.&#xD;
Retrieving all sql files from: SomePath\Temp&#xD;
0 sql files found.&#xD;
Retrieving all sql files from: SomePath\StoredProcedures&#xD;
0 sql files found.&#xD;
System table set to version: 51.1.1&#xD;
&#xD;
System table set to version: 55.3.9</StdOut>
      </Output>
    </UnitTestResult>
    <UnitTestResult executionId="d8916ffa-f8ba-475d-b608-90c4dd32fb25" testId="d6dfd496-6209-a847-e8f3-6fbcdc84c22c" testName="Create_GivenScriptWithMultipleStatements_ShouldReturnScriptWithThatStatements" computerName="DKSR-EFI-04" duration="00:00:00.0032964" startTime="2023-12-22T09:36:45.4916177+01:00" endTime="2023-12-22T09:36:45.5072424+01:00" testType="13cdc9d9-ddb5-4fa4-a97d-d965ccfc6d4b" outcome="Passed" testListId="8c84fa94-04c1-424b-9868-57a2d4851a1d" relativeResultsDirectory="d8916ffa-f8ba-475d-b608-90c4dd32fb25" />
    <UnitTestResult executionId="de139c3a-c9c4-4eb4-a2bd-9a4ccaeaf6dc" testId="bc65ce97-e1cb-7cff-0568-18a39fed20c2" testName="CreateEmbedded_GivenNonExistingScriptName_ShouldThrow" computerName="DKSR-EFI-04" duration="00:00:00.0028818" startTime="2023-12-22T09:36:45.5072424+01:00" endTime="2023-12-22T09:36:45.5072424+01:00" testType="13cdc9d9-ddb5-4fa4-a97d-d965ccfc6d4b" outcome="Passed" testListId="8c84fa94-04c1-424b-9868-57a2d4851a1d" relativeResultsDirectory="de139c3a-c9c4-4eb4-a2bd-9a4ccaeaf6dc" />
    <UnitTestResult executionId="239cc380-7bc0-4fbc-963d-6cdfb9010df1" testId="b6a84fc9-b8af-7638-b578-e83dde990014" testName="CreateAndUpgradeVmsDatabaseToNewVersion" computerName="DKSR-EFI-04" duration="00:00:09.3181038" startTime="2023-12-22T09:36:00.7882557+01:00" endTime="2023-12-22T09:36:10.1164305+01:00" testType="13cdc9d9-ddb5-4fa4-a97d-d965ccfc6d4b" outcome="Passed" testListId="8c84fa94-04c1-424b-9868-57a2d4851a1d" relativeResultsDirectory="239cc380-7bc0-4fbc-963d-6cdfb9010df1">
      <Output>
        <StdOut>Executing Baseline scripts&#xD;
Script content has been replaced. Key: {NewDatabaseLicenseTlsData}&#xD;
Script content has been replaced. Key: {NewDatabaseHomeSiteId}&#xD;
Script content has been replaced. Key: {NewDatabaseHomeSiteId}&#xD;
Script content has been replaced. Key: {NewDatabaseHomeSiteId}&#xD;
Baseline scripts have been executed&#xD;
&#xD;
Retrieving all sql files from: SomePath; Current DB version: 23.3.8&#xD;
Script 21.1.1.SomeScriptName.sql version 21.1.1 is lower than current VMS DB version 23.3.8&#xD;
1 sql files found.&#xD;
Retrieving all sql files from: SomePath\Temp&#xD;
0 sql files found.&#xD;
Retrieving all sql files from: SomePath\StoredProcedures&#xD;
0 sql files found.&#xD;
System table set to version: 55.3.9</StdOut>
      </Output>
    </UnitTestResult>
    <UnitTestResult executionId="9f2971b1-f08b-414b-80ff-ceb0363c5d68" testId="68cb11d5-1985-d85b-200d-5926f8c81604" testName="GetVersionedScripts_Sorting_Success" computerName="DKSR-EFI-04" duration="00:00:00.0095522" startTime="2023-12-22T09:36:45.5228664+01:00" endTime="2023-12-22T09:36:45.5384932+01:00" testType="13cdc9d9-ddb5-4fa4-a97d-d965ccfc6d4b" outcome="Passed" testListId="8c84fa94-04c1-424b-9868-57a2d4851a1d" relativeResultsDirectory="9f2971b1-f08b-414b-80ff-ceb0363c5d68" />
    <UnitTestResult executionId="c75101e7-6557-4c4f-b6e9-bc2864fb85a7" testId="95fcec59-d8a9-a66a-a9de-92fa7fa22840" testName="DefaultConstructor_NullEnvironmentWrapper_Throws_ArgumentNullException" computerName="DKSR-EFI-04" duration="00:00:00.0009108" startTime="2023-12-22T09:36:45.6166175+01:00" endTime="2023-12-22T09:36:45.6322448+01:00" testType="13cdc9d9-ddb5-4fa4-a97d-d965ccfc6d4b" outcome="Passed" testListId="8c84fa94-04c1-424b-9868-57a2d4851a1d" relativeResultsDirectory="c75101e7-6557-4c4f-b6e9-bc2864fb85a7" />
    <UnitTestResult executionId="ceae0505-8395-4599-964e-91eba6666b27" testId="0b5cb3ff-7c31-8b4f-f774-04f204b3af60" testName="CreateThenUpgradeVmsDatabaseToNewVersion" computerName="DKSR-EFI-04" duration="00:00:25.6792109" startTime="2023-12-22T09:35:35.1162461+01:00" endTime="2023-12-22T09:36:00.7882557+01:00" testType="13cdc9d9-ddb5-4fa4-a97d-d965ccfc6d4b" outcome="Passed" testListId="8c84fa94-04c1-424b-9868-57a2d4851a1d" relativeResultsDirectory="ceae0505-8395-4599-964e-91eba6666b27">
      <Output>
        <StdOut>Executing Baseline scripts&#xD;
Script content has been replaced. Key: {NewDatabaseLicenseTlsData}&#xD;
Script content has been replaced. Key: {NewDatabaseHomeSiteId}&#xD;
Script content has been replaced. Key: {NewDatabaseHomeSiteId}&#xD;
Script content has been replaced. Key: {NewDatabaseHomeSiteId}&#xD;
Baseline scripts have been executed&#xD;
&#xD;
Retrieving all sql files from: SomePath; Current DB version: 23.3.8&#xD;
0 sql files found.&#xD;
Retrieving all sql files from: SomePath\Temp&#xD;
0 sql files found.&#xD;
Retrieving all sql files from: SomePath\StoredProcedures&#xD;
0 sql files found.&#xD;
Retrieving all sql files from: SomePath; Current DB version: 23.3.8&#xD;
Script 21.1.1.SomeScriptName.sql version 21.1.1 is lower than current VMS DB version 23.3.8&#xD;
1 sql files found.&#xD;
Retrieving all sql files from: SomePath\Temp&#xD;
0 sql files found.&#xD;
Retrieving all sql files from: SomePath\StoredProcedures&#xD;
0 sql files found.&#xD;
System table set to version: 55.3.9</StdOut>
      </Output>
    </UnitTestResult>
    <UnitTestResult executionId="c6816eba-8e8e-48a3-90a5-65bd7cb0f4b5" testId="ca18aca4-9d6f-eaf5-771c-009a4cbed329" testName="Get_GivenEmptyCommandLineArgs_ShouldReturnDefaultAppConfig" computerName="DKSR-EFI-04" duration="00:00:00.0032303" startTime="2023-12-22T09:36:45.6478681+01:00" endTime="2023-12-22T09:36:45.6478681+01:00" testType="13cdc9d9-ddb5-4fa4-a97d-d965ccfc6d4b" outcome="Passed" testListId="8c84fa94-04c1-424b-9868-57a2d4851a1d" relativeResultsDirectory="c6816eba-8e8e-48a3-90a5-65bd7cb0f4b5" />
    <UnitTestResult executionId="e0e5d39b-9f8f-4ede-91f2-1c3d4848b686" testId="8876f71d-207b-9e98-73fb-269dea525259" testName="EnrichConfiguration_NoScriptsPath_ShouldTakeExecutingAssemblyLocation" computerName="DKSR-EFI-04" duration="00:00:00.0015625" startTime="2023-12-22T09:36:45.6478681+01:00" endTime="2023-12-22T09:36:45.6478681+01:00" testType="13cdc9d9-ddb5-4fa4-a97d-d965ccfc6d4b" outcome="Passed" testListId="8c84fa94-04c1-424b-9868-57a2d4851a1d" relativeResultsDirectory="e0e5d39b-9f8f-4ede-91f2-1c3d4848b686" />
    <UnitTestResult executionId="23fb7dc0-880e-43b2-8aa6-c07b77cb9b80" testId="6ee6e7fe-d9ff-b8c7-4cce-86eb02501373" testName="Create_GivenScriptWithoutTransactionSupport_ShouldReturnScriptWithoutTransactionSupport" computerName="DKSR-EFI-04" duration="00:00:00.0022597" startTime="2023-12-22T09:36:45.4916177+01:00" endTime="2023-12-22T09:36:45.4916177+01:00" testType="13cdc9d9-ddb5-4fa4-a97d-d965ccfc6d4b" outcome="Passed" testListId="8c84fa94-04c1-424b-9868-57a2d4851a1d" relativeResultsDirectory="23fb7dc0-880e-43b2-8aa6-c07b77cb9b80" />
    <UnitTestResult executionId="d2bb19a5-d520-4ae9-99e9-65b356eaa36e" testId="686a860e-766b-012e-f87d-3bb3f66d6abf" testName="CreateVmsDatabaseDatabaseAlreadyExists" computerName="DKSR-EFI-04" startTime="2023-12-22T09:32:59.9123462+01:00" endTime="2023-12-22T09:32:59.9123462+01:00" testType="13cdc9d9-ddb5-4fa4-a97d-d965ccfc6d4b" outcome="NotExecuted" testListId="8c84fa94-04c1-424b-9868-57a2d4851a1d" relativeResultsDirectory="d2bb19a5-d520-4ae9-99e9-65b356eaa36e">
      <Output></Output>
    </UnitTestResult>
    <UnitTestResult executionId="07869e4b-fc68-4e8e-bdd8-d265bf8a9f47" testId="741339a6-21fe-a872-cd6b-b614a77cc752" testName="CreateEmbedded_GivenEmptyScriptName_ShouldThrow" computerName="DKSR-EFI-04" duration="00:00:00.0006532" startTime="2023-12-22T09:36:45.5072424+01:00" endTime="2023-12-22T09:36:45.5072424+01:00" testType="13cdc9d9-ddb5-4fa4-a97d-d965ccfc6d4b" outcome="Passed" testListId="8c84fa94-04c1-424b-9868-57a2d4851a1d" relativeResultsDirectory="07869e4b-fc68-4e8e-bdd8-d265bf8a9f47" />
    <UnitTestResult executionId="5b63f0e5-546a-4b7f-8373-e795960f05c3" testId="702645e6-7396-cb60-9de0-cccaae422d3f" testName="Get_GivenCommandLineArgs_ShouldReturnCorrectAppConfig" computerName="DKSR-EFI-04" duration="00:00:00.0037994" startTime="2023-12-22T09:36:45.6634933+01:00" endTime="2023-12-22T09:36:45.6634933+01:00" testType="13cdc9d9-ddb5-4fa4-a97d-d965ccfc6d4b" outcome="Passed" testListId="8c84fa94-04c1-424b-9868-57a2d4851a1d" relativeResultsDirectory="5b63f0e5-546a-4b7f-8373-e795960f05c3" />
    <UnitTestResult executionId="e5405683-3285-44fc-b9b1-bb1287477be7" testId="25819e67-9cc2-8de0-c182-77febfb0511b" testName="Constructor_SqlConnectionFactory_Null_Throws_ArgumentNullException" computerName="DKSR-EFI-04" duration="00:00:00.0006395" startTime="2023-12-22T09:36:45.4291162+01:00" endTime="2023-12-22T09:36:45.4291162+01:00" testType="13cdc9d9-ddb5-4fa4-a97d-d965ccfc6d4b" outcome="Passed" testListId="8c84fa94-04c1-424b-9868-57a2d4851a1d" relativeResultsDirectory="e5405683-3285-44fc-b9b1-bb1287477be7" />
    <UnitTestResult executionId="ec6db535-6843-429c-b91c-7c6ce09c6f34" testId="78c43138-7ef9-3133-dade-14b848c3191c" testName="Create_GivenVersionedScript_ShouldReturnScriptWithVersion" computerName="DKSR-EFI-04" duration="00:00:00.0024090" startTime="2023-12-22T09:36:45.5072424+01:00" endTime="2023-12-22T09:36:45.5072424+01:00" testType="13cdc9d9-ddb5-4fa4-a97d-d965ccfc6d4b" outcome="Passed" testListId="8c84fa94-04c1-424b-9868-57a2d4851a1d" relativeResultsDirectory="ec6db535-6843-429c-b91c-7c6ce09c6f34" />
    <UnitTestResult executionId="5357ed59-a115-4588-9bed-ffd3dab0d282" testId="465f0b10-185c-c9d6-3652-0b9a093b0b3b" testName="ShouldExecute_GivenVmsConnectionString_ShouldReturnTrue" computerName="DKSR-EFI-04" duration="00:00:00.0004351" startTime="2023-12-22T09:36:45.4447422+01:00" endTime="2023-12-22T09:36:45.4447422+01:00" testType="13cdc9d9-ddb5-4fa4-a97d-d965ccfc6d4b" outcome="Passed" testListId="8c84fa94-04c1-424b-9868-57a2d4851a1d" relativeResultsDirectory="5357ed59-a115-4588-9bed-ffd3dab0d282" />
    <UnitTestResult executionId="5fa64847-bf2c-42e3-b9b9-8e821d856bca" testId="f64c12ad-84d7-c28d-9e74-5b9666974d96" testName="Create_GivenScriptWithOneStatement_ShouldReturnScriptWithThatStatement" computerName="DKSR-EFI-04" duration="00:00:00.0034170" startTime="2023-12-22T09:36:45.4916177+01:00" endTime="2023-12-22T09:36:45.4916177+01:00" testType="13cdc9d9-ddb5-4fa4-a97d-d965ccfc6d4b" outcome="Passed" testListId="8c84fa94-04c1-424b-9868-57a2d4851a1d" relativeResultsDirectory="5fa64847-bf2c-42e3-b9b9-8e821d856bca" />
    <UnitTestResult executionId="7bdaf023-5eba-4bff-9bf1-f8785e4cd7b8" testId="50a58278-6fbf-6e1e-a6e1-637055c38299" testName="Execute_ScriptNoVersion_ShouldNotSetVersion" computerName="DKSR-EFI-04" duration="00:00:00.0040517" startTime="2023-12-22T09:36:45.6166175+01:00" endTime="2023-12-22T09:36:45.6166175+01:00" testType="13cdc9d9-ddb5-4fa4-a97d-d965ccfc6d4b" outcome="Passed" testListId="8c84fa94-04c1-424b-9868-57a2d4851a1d" relativeResultsDirectory="7bdaf023-5eba-4bff-9bf1-f8785e4cd7b8" />
    <UnitTestResult executionId="58ca24fc-ae53-401d-9b66-a4971ba7a3c4" testId="cc68eb69-61b4-2530-3b70-25726734b520" testName="CreateAllDatabasesExternallyManagedUsingLimitedAccounts" computerName="DKSR-EFI-04" duration="00:00:05.5824067" startTime="2023-12-22T09:36:39.8509625+01:00" endTime="2023-12-22T09:36:45.4291162+01:00" testType="13cdc9d9-ddb5-4fa4-a97d-d965ccfc6d4b" outcome="Passed" testListId="8c84fa94-04c1-424b-9868-57a2d4851a1d" relativeResultsDirectory="58ca24fc-ae53-401d-9b66-a4971ba7a3c4">
      <Output>
        <StdOut>System Table not found&#xD;
&#xD;
Executing Baseline scripts&#xD;
Script content has been replaced. Key: {NewDatabaseLicenseTlsData}&#xD;
Script content has been replaced. Key: {NewDatabaseHomeSiteId}&#xD;
Script content has been replaced. Key: {NewDatabaseHomeSiteId}&#xD;
Script content has been replaced. Key: {NewDatabaseHomeSiteId}&#xD;
Baseline scripts have been executed&#xD;
&#xD;
Retrieving all sql files from: SomePath; Current DB version: 23.3.8&#xD;
1 sql files found.&#xD;
Retrieving all sql files from: SomePath\Temp&#xD;
0 sql files found.&#xD;
Retrieving all sql files from: SomePath\StoredProcedures&#xD;
0 sql files found.&#xD;
System table set to version: 23.3.11&#xD;
&#xD;
System Table not found&#xD;
&#xD;
Executing Baseline scripts&#xD;
Script does not contain any statements!&#xD;
Script does not contain any statements!&#xD;
Script does not contain any statements!&#xD;
Script does not contain any statements!&#xD;
Baseline scripts have been executed&#xD;
&#xD;
Retrieving all sql files from: SomePath\IDP; Current DB version: 23.1.6&#xD;
1 sql files found.&#xD;
Retrieving all sql files from: SomePath\IDP\Temp&#xD;
0 sql files found.&#xD;
Retrieving all sql files from: SomePath\IDP\StoredProcedures&#xD;
0 sql files found.&#xD;
System table set to version: 23.3.12&#xD;
&#xD;
System Table not found&#xD;
&#xD;
Executing Baseline scripts&#xD;
Script does not contain any statements!&#xD;
Script does not contain any statements!&#xD;
Script does not contain any statements!&#xD;
Script does not contain any statements!&#xD;
Script does not contain any statements!&#xD;
Script does not contain any statements!&#xD;
Baseline scripts have been executed&#xD;
&#xD;
Retrieving all sql files from: SomePath\IncidentManager; Current DB version: 23.1.1&#xD;
1 sql files found.&#xD;
Retrieving all sql files from: SomePath\IncidentManager\Temp&#xD;
0 sql files found.&#xD;
Retrieving all sql files from: SomePath\IncidentManager\StoredProcedures&#xD;
0 sql files found.&#xD;
System table set to version: 23.3.7</StdOut>
      </Output>
    </UnitTestResult>
    <UnitTestResult executionId="87639a98-0043-4abf-be19-e570033f2943" testId="04f8bbce-1f90-cd92-253a-67e1f4ba674f" testName="Constructor_ScriptsExecutor_Null_Throws_ArgumentNullException" computerName="DKSR-EFI-04" duration="00:00:00.0006495" startTime="2023-12-22T09:36:45.4291162+01:00" endTime="2023-12-22T09:36:45.4291162+01:00" testType="13cdc9d9-ddb5-4fa4-a97d-d965ccfc6d4b" outcome="Passed" testListId="8c84fa94-04c1-424b-9868-57a2d4851a1d" relativeResultsDirectory="87639a98-0043-4abf-be19-e570033f2943" />
    <UnitTestResult executionId="fadaf04f-8f39-4a6d-90b7-027af63d1d75" testId="a0f9c482-e7b2-3a3d-cfcc-2dcdd4040ff9" testName="Get_GivenIsExternallyManagedDbArg_ShouldReturnCorrectAppConfig" computerName="DKSR-EFI-04" duration="00:00:00.0019676" startTime="2023-12-22T09:36:45.6634933+01:00" endTime="2023-12-22T09:36:45.6634933+01:00" testType="13cdc9d9-ddb5-4fa4-a97d-d965ccfc6d4b" outcome="Passed" testListId="8c84fa94-04c1-424b-9868-57a2d4851a1d" relativeResultsDirectory="fadaf04f-8f39-4a6d-90b7-027af63d1d75" />
    <UnitTestResult executionId="311402f2-1a9d-46e1-97f2-2a1ca0593d7d" testId="b608d459-68f8-4b17-c569-7ce8de19aa3a" testName="Constructor_DatabaseVersionProviderFactory_Null_Throws_ArgumentNullException" computerName="DKSR-EFI-04" duration="00:00:00.0006640" startTime="2023-12-22T09:36:45.4291162+01:00" endTime="2023-12-22T09:36:45.4447422+01:00" testType="13cdc9d9-ddb5-4fa4-a97d-d965ccfc6d4b" outcome="Passed" testListId="8c84fa94-04c1-424b-9868-57a2d4851a1d" relativeResultsDirectory="311402f2-1a9d-46e1-97f2-2a1ca0593d7d" />
    <UnitTestResult executionId="a2d928da-4aa2-47fd-9939-31182fbe767b" testId="7cf895a2-7f92-0c2a-94f7-77225e4e367a" testName="Constructor_DbOperations_Null_Throws_ArgumentNullException" computerName="DKSR-EFI-04" duration="00:00:00.0006510" startTime="2023-12-22T09:36:45.4291162+01:00" endTime="2023-12-22T09:36:45.4291162+01:00" testType="13cdc9d9-ddb5-4fa4-a97d-d965ccfc6d4b" outcome="Passed" testListId="8c84fa94-04c1-424b-9868-57a2d4851a1d" relativeResultsDirectory="a2d928da-4aa2-47fd-9939-31182fbe767b" />
    <UnitTestResult executionId="ea10f3af-68f5-417f-97cd-5d9a9e9ffacd" testId="e9f0dcf8-8217-8bbf-fe69-3ef1086dfebe" testName="Get_NoScriptsPath_ShouldTakeExecutingAssemblyLocation" computerName="DKSR-EFI-04" duration="00:00:00.0014691" startTime="2023-12-22T09:36:45.6634933+01:00" endTime="2023-12-22T09:36:45.6634933+01:00" testType="13cdc9d9-ddb5-4fa4-a97d-d965ccfc6d4b" outcome="Passed" testListId="8c84fa94-04c1-424b-9868-57a2d4851a1d" relativeResultsDirectory="ea10f3af-68f5-417f-97cd-5d9a9e9ffacd" />
    <UnitTestResult executionId="2e068c1f-0078-493b-aef8-0bcf64aa578b" testId="e9246b2a-5ddd-ce86-661a-ec992691ba70" testName="IsValidConfiguration_GivenNotSupportedCommandLineArg_ShouldLogAndReturnFalse" computerName="DKSR-EFI-04" duration="00:00:00.0019153" startTime="2023-12-22T09:36:45.6634933+01:00" endTime="2023-12-22T09:36:45.6634933+01:00" testType="13cdc9d9-ddb5-4fa4-a97d-d965ccfc6d4b" outcome="Passed" testListId="8c84fa94-04c1-424b-9868-57a2d4851a1d" relativeResultsDirectory="2e068c1f-0078-493b-aef8-0bcf64aa578b" />
    <UnitTestResult executionId="d19d5467-14dd-4a94-aefa-aaf9136fe165" testId="6f5df8b4-452b-59af-aaa5-4ca2d6ff793d" testName="CreateAllDatabases" computerName="DKSR-EFI-04" duration="00:00:03.8307332" startTime="2023-12-22T09:36:36.0071920+01:00" endTime="2023-12-22T09:36:39.8509625+01:00" testType="13cdc9d9-ddb5-4fa4-a97d-d965ccfc6d4b" outcome="Passed" testListId="8c84fa94-04c1-424b-9868-57a2d4851a1d" relativeResultsDirectory="d19d5467-14dd-4a94-aefa-aaf9136fe165">
      <Output>
        <StdOut>Executing Baseline scripts&#xD;
Script content has been replaced. Key: {NewDatabaseLicenseTlsData}&#xD;
Script content has been replaced. Key: {NewDatabaseHomeSiteId}&#xD;
Script content has been replaced. Key: {NewDatabaseHomeSiteId}&#xD;
Script content has been replaced. Key: {NewDatabaseHomeSiteId}&#xD;
Baseline scripts have been executed&#xD;
&#xD;
Retrieving all sql files from: SomePath; Current DB version: 23.3.8&#xD;
1 sql files found.&#xD;
Retrieving all sql files from: SomePath\Temp&#xD;
0 sql files found.&#xD;
Retrieving all sql files from: SomePath\StoredProcedures&#xD;
0 sql files found.&#xD;
System table set to version: 23.3.11&#xD;
&#xD;
Executing Baseline scripts&#xD;
Script does not contain any statements!&#xD;
Script does not contain any statements!&#xD;
Script does not contain any statements!&#xD;
Script does not contain any statements!&#xD;
Baseline scripts have been executed&#xD;
&#xD;
Retrieving all sql files from: SomePath\IDP; Current DB version: 23.1.6&#xD;
1 sql files found.&#xD;
Retrieving all sql files from: SomePath\IDP\Temp&#xD;
0 sql files found.&#xD;
Retrieving all sql files from: SomePath\IDP\StoredProcedures&#xD;
0 sql files found.&#xD;
System table set to version: 23.3.12&#xD;
&#xD;
Executing Baseline scripts&#xD;
Script does not contain any statements!&#xD;
Script does not contain any statements!&#xD;
Script does not contain any statements!&#xD;
Script does not contain any statements!&#xD;
Script does not contain any statements!&#xD;
Script does not contain any statements!&#xD;
Baseline scripts have been executed&#xD;
&#xD;
Retrieving all sql files from: SomePath\IncidentManager; Current DB version: 23.1.1&#xD;
1 sql files found.&#xD;
Retrieving all sql files from: SomePath\IncidentManager\Temp&#xD;
0 sql files found.&#xD;
Retrieving all sql files from: SomePath\IncidentManager\StoredProcedures&#xD;
0 sql files found.&#xD;
System table set to version: 23.3.7</StdOut>
      </Output>
    </UnitTestResult>
    <UnitTestResult executionId="6e9181a5-15b4-483f-a53c-b5ce50dcaa78" testId="3cca7369-9ecc-3ef2-22e8-86d9ac384202" testName="GetVersionedScripts_GivenOldScriptThatCurrentDbVersion_ShouldSkipThatScript" computerName="DKSR-EFI-04" duration="00:00:00.0122995" startTime="2023-12-22T09:36:45.5384932+01:00" endTime="2023-12-22T09:36:45.5541185+01:00" testType="13cdc9d9-ddb5-4fa4-a97d-d965ccfc6d4b" outcome="Passed" testListId="8c84fa94-04c1-424b-9868-57a2d4851a1d" relativeResultsDirectory="6e9181a5-15b4-483f-a53c-b5ce50dcaa78" />
    <UnitTestResult executionId="0c9edaf4-2c8d-47a5-9a38-7cf0d2531b90" testId="5b23e67a-a2a0-c3c3-cce5-1e6575c01c9d" testName="Create_GivenScriptWithoutValidStatements_ShouldReturnScriptWithoutStatements" computerName="DKSR-EFI-04" duration="00:00:00.0032167" startTime="2023-12-22T09:36:45.4916177+01:00" endTime="2023-12-22T09:36:45.4916177+01:00" testType="13cdc9d9-ddb5-4fa4-a97d-d965ccfc6d4b" outcome="Passed" testListId="8c84fa94-04c1-424b-9868-57a2d4851a1d" relativeResultsDirectory="0c9edaf4-2c8d-47a5-9a38-7cf0d2531b90" />
    <UnitTestResult executionId="ff6dc4b0-094e-4852-a1d0-b7da1a468768" testId="9b464051-17df-e8a9-ef0d-733218e9a3ee" testName="Constructor_NoNulls_Success" computerName="DKSR-EFI-04" duration="00:00:00.0003907" startTime="2023-12-22T09:36:45.4447422+01:00" endTime="2023-12-22T09:36:45.4447422+01:00" testType="13cdc9d9-ddb5-4fa4-a97d-d965ccfc6d4b" outcome="Passed" testListId="8c84fa94-04c1-424b-9868-57a2d4851a1d" relativeResultsDirectory="ff6dc4b0-094e-4852-a1d0-b7da1a468768" />
    <UnitTestResult executionId="6d003af2-b9ae-427f-b73d-82c7dcdba652" testId="fb86b757-bded-c0b9-e792-10e606c289de" testName="GetScripts_GivenInvalidScripts_ShouldThrow" computerName="DKSR-EFI-04" duration="00:00:00.0065620" startTime="2023-12-22T09:36:45.5697434+01:00" endTime="2023-12-22T09:36:45.5853694+01:00" testType="13cdc9d9-ddb5-4fa4-a97d-d965ccfc6d4b" outcome="Passed" testListId="8c84fa94-04c1-424b-9868-57a2d4851a1d" relativeResultsDirectory="6d003af2-b9ae-427f-b73d-82c7dcdba652" />
    <UnitTestResult executionId="f608750e-fec1-47fc-aba2-2f015c4ac80c" testId="01826079-be72-7b70-b9e3-2bcdd8fb2e14" testName="GetLogLevel_DefaultLogLevel_Success" computerName="DKSR-EFI-04" duration="00:00:00.0048028" startTime="2023-12-22T09:36:45.6322448+01:00" endTime="2023-12-22T09:36:45.6322448+01:00" testType="13cdc9d9-ddb5-4fa4-a97d-d965ccfc6d4b" outcome="Passed" testListId="8c84fa94-04c1-424b-9868-57a2d4851a1d" relativeResultsDirectory="f608750e-fec1-47fc-aba2-2f015c4ac80c" />
    <UnitTestResult executionId="94d953cf-0e09-410c-b57d-d0d2664a2c50" testId="afc650e6-c5e7-eca3-c24e-cf8137610992" testName="Create_GivenScriptWithoutTransactionComment_ShouldReturnScriptWithDefaultTransactionSupport" computerName="DKSR-EFI-04" duration="00:00:00.0033831" startTime="2023-12-22T09:36:45.4916177+01:00" endTime="2023-12-22T09:36:45.4916177+01:00" testType="13cdc9d9-ddb5-4fa4-a97d-d965ccfc6d4b" outcome="Passed" testListId="8c84fa94-04c1-424b-9868-57a2d4851a1d" relativeResultsDirectory="94d953cf-0e09-410c-b57d-d0d2664a2c50" />
    <UnitTestResult executionId="d7a6f05c-1512-4687-b8ac-b3ddc1784fd2" testId="b20c96e8-7c10-0b75-3794-96ea9f2e063e" testName="Create_GivenEmptyFilePath_ShouldThrow" computerName="DKSR-EFI-04" duration="00:00:00.0042519" startTime="2023-12-22T09:36:45.4759916+01:00" endTime="2023-12-22T09:36:45.4916177+01:00" testType="13cdc9d9-ddb5-4fa4-a97d-d965ccfc6d4b" outcome="Passed" testListId="8c84fa94-04c1-424b-9868-57a2d4851a1d" relativeResultsDirectory="d7a6f05c-1512-4687-b8ac-b3ddc1784fd2" />
    <UnitTestResult executionId="61aa6776-22f4-411b-b30b-c4184ed55274" testId="ab19b7bf-ad07-089f-53a1-3d3dbecbc8f5" testName="Execute_GivenHelpArg_ShouldLogHelpAndReturnTrue" computerName="DKSR-EFI-04" duration="00:00:00.0363843" startTime="2023-12-22T09:32:30.3340792+01:00" endTime="2023-12-22T09:32:30.3653336+01:00" testType="13cdc9d9-ddb5-4fa4-a97d-d965ccfc6d4b" outcome="Passed" testListId="8c84fa94-04c1-424b-9868-57a2d4851a1d" relativeResultsDirectory="61aa6776-22f4-411b-b30b-c4184ed55274" />
    <UnitTestResult executionId="58ebf86e-f9cd-4747-9644-69a212d926d9" testId="75405596-547d-3d11-b42a-a99c32d62adb" testName="Constructor_AppConfigProvider_Null_Throws_ArgumentNullException" computerName="DKSR-EFI-04" duration="00:00:00.0007269" startTime="2023-12-22T09:36:45.4291162+01:00" endTime="2023-12-22T09:36:45.4291162+01:00" testType="13cdc9d9-ddb5-4fa4-a97d-d965ccfc6d4b" outcome="Passed" testListId="8c84fa94-04c1-424b-9868-57a2d4851a1d" relativeResultsDirectory="58ebf86e-f9cd-4747-9644-69a212d926d9" />
    <UnitTestResult executionId="6575faa2-a52f-4468-9df8-114d78f11039" testId="bba149cc-081a-f1aa-47df-144245184e0e" testName="GetLogLevel_NoneLogLevel_Success" computerName="DKSR-EFI-04" duration="00:00:00.0006388" startTime="2023-12-22T09:36:45.6322448+01:00" endTime="2023-12-22T09:36:45.6322448+01:00" testType="13cdc9d9-ddb5-4fa4-a97d-d965ccfc6d4b" outcome="Passed" testListId="8c84fa94-04c1-424b-9868-57a2d4851a1d" relativeResultsDirectory="6575faa2-a52f-4468-9df8-114d78f11039" />
    <UnitTestResult executionId="3d552369-c9e4-4277-bc17-9d0fa00cd95a" testId="064429b8-a5d8-3b48-d5a4-fc74fc62b102" testName="Get_GivenNotSupportedCommandLineArg_ShouldLogAndReturnNull" computerName="DKSR-EFI-04" duration="00:00:00.0019945" startTime="2023-12-22T09:36:45.6478681+01:00" endTime="2023-12-22T09:36:45.6634933+01:00" testType="13cdc9d9-ddb5-4fa4-a97d-d965ccfc6d4b" outcome="Passed" testListId="8c84fa94-04c1-424b-9868-57a2d4851a1d" relativeResultsDirectory="3d552369-c9e4-4277-bc17-9d0fa00cd95a" />
    <UnitTestResult executionId="ab516dd6-c927-4a43-bc1a-d13c5e17cec8" testId="04e2ea31-6c30-6dc2-1890-8643fb008cc3" testName="Constructor_ScriptsCollector_Null_Throws_ArgumentNullException" computerName="DKSR-EFI-04" duration="00:00:00.0006725" startTime="2023-12-22T09:36:45.4291162+01:00" endTime="2023-12-22T09:36:45.4291162+01:00" testType="13cdc9d9-ddb5-4fa4-a97d-d965ccfc6d4b" outcome="Passed" testListId="8c84fa94-04c1-424b-9868-57a2d4851a1d" relativeResultsDirectory="ab516dd6-c927-4a43-bc1a-d13c5e17cec8" />
    <UnitTestResult executionId="8d2f1675-d762-4a03-8cfc-67bb6ec3e7ce" testId="fc744469-1019-677e-ec3e-cac0babb1498" testName="GetVersionedScripts_PathWithoutScripts_EmptyResult_Success" computerName="DKSR-EFI-04" duration="00:00:00.0142096" startTime="2023-12-22T09:36:45.5072424+01:00" endTime="2023-12-22T09:36:45.5228664+01:00" testType="13cdc9d9-ddb5-4fa4-a97d-d965ccfc6d4b" outcome="Passed" testListId="8c84fa94-04c1-424b-9868-57a2d4851a1d" relativeResultsDirectory="8d2f1675-d762-4a03-8cfc-67bb6ec3e7ce" />
    <UnitTestResult executionId="d686b5b8-a54f-4ca3-bf28-46b363ed8f0c" testId="4f77b768-fdd6-d9f7-17dc-d6fe0dba6a76" testName="GetLogLevel_WarningLogLevel_Success" computerName="DKSR-EFI-04" duration="00:00:00.0005679" startTime="2023-12-22T09:36:45.6322448+01:00" endTime="2023-12-22T09:36:45.6322448+01:00" testType="13cdc9d9-ddb5-4fa4-a97d-d965ccfc6d4b" outcome="Passed" testListId="8c84fa94-04c1-424b-9868-57a2d4851a1d" relativeResultsDirectory="d686b5b8-a54f-4ca3-bf28-46b363ed8f0c" />
    <UnitTestResult executionId="7412e58a-6d02-4b57-a4aa-ff8f17fc58b9" testId="79591c70-394d-9f25-62b4-ef18405cf903" testName="IsReadyToExecute_UpdateScenario_DatabaseExistsButShouldBeDeleted_ShouldSkipVersionAndProductValidation" computerName="DKSR-EFI-04" duration="00:00:00.0054086" startTime="2023-12-22T09:36:45.4759916+01:00" endTime="2023-12-22T09:36:45.4759916+01:00" testType="13cdc9d9-ddb5-4fa4-a97d-d965ccfc6d4b" outcome="Passed" testListId="8c84fa94-04c1-424b-9868-57a2d4851a1d" relativeResultsDirectory="7412e58a-6d02-4b57-a4aa-ff8f17fc58b9" />
    <UnitTestResult executionId="9584d746-4b89-4510-80f0-d68e67466a0a" testId="3e39c4fd-e569-1a52-6db5-663e0f313655" testName="Execute_GivenScriptContentReplacements_ShouldExecuteScriptWithReplacedContent" computerName="DKSR-EFI-04" duration="00:00:00.0203438" startTime="2023-12-22T09:36:45.6009937+01:00" endTime="2023-12-22T09:36:45.6166175+01:00" testType="13cdc9d9-ddb5-4fa4-a97d-d965ccfc6d4b" outcome="Passed" testListId="8c84fa94-04c1-424b-9868-57a2d4851a1d" relativeResultsDirectory="9584d746-4b89-4510-80f0-d68e67466a0a" />
    <UnitTestResult executionId="ca439198-892e-4efc-96a7-2835a296c377" testId="41d30b56-9442-82fc-617e-045fc6735520" testName="Constructor_Logger_Null_Throws_ArgumentNullException" computerName="DKSR-EFI-04" duration="00:00:00.0033656" startTime="2023-12-22T09:36:45.4291162+01:00" endTime="2023-12-22T09:36:45.4291162+01:00" testType="13cdc9d9-ddb5-4fa4-a97d-d965ccfc6d4b" outcome="Passed" testListId="8c84fa94-04c1-424b-9868-57a2d4851a1d" relativeResultsDirectory="ca439198-892e-4efc-96a7-2835a296c377" />
    <UnitTestResult executionId="6a9d93cd-2afe-4c76-a58c-e8b90e7771e1" testId="904deb02-8736-9b32-c134-5c7d259832e2" testName="Execute_GivenOneBrokenScriptInCollection_ShouldThrow" computerName="DKSR-EFI-04" duration="00:00:00.0045734" startTime="2023-12-22T09:36:45.5853694+01:00" endTime="2023-12-22T09:36:45.5853694+01:00" testType="13cdc9d9-ddb5-4fa4-a97d-d965ccfc6d4b" outcome="Passed" testListId="8c84fa94-04c1-424b-9868-57a2d4851a1d" relativeResultsDirectory="6a9d93cd-2afe-4c76-a58c-e8b90e7771e1" />
    <UnitTestResult executionId="244e9a5d-5701-4856-99e3-5ec69a71e79c" testId="2388efa5-9ced-56ba-7b92-9b5de847fc7e" testName="EnrichConfiguration_GivenInputAppConfig_ShouldReturnCorrectAppConfig" computerName="DKSR-EFI-04" duration="00:00:00.0114129" startTime="2023-12-22T09:36:45.6322448+01:00" endTime="2023-12-22T09:36:45.6478681+01:00" testType="13cdc9d9-ddb5-4fa4-a97d-d965ccfc6d4b" outcome="Passed" testListId="8c84fa94-04c1-424b-9868-57a2d4851a1d" relativeResultsDirectory="244e9a5d-5701-4856-99e3-5ec69a71e79c" />
    <UnitTestResult executionId="8a58641f-6aad-4295-9d35-3f97ff17f8bc" testId="10da54e4-c3e2-70d3-8bc7-de9feda214da" testName="Create_GivenNonVersionedScript_ShouldReturnScriptWithoutVersion" computerName="DKSR-EFI-04" duration="00:00:00.0022903" startTime="2023-12-22T09:36:45.5072424+01:00" endTime="2023-12-22T09:36:45.5072424+01:00" testType="13cdc9d9-ddb5-4fa4-a97d-d965ccfc6d4b" outcome="Passed" testListId="8c84fa94-04c1-424b-9868-57a2d4851a1d" relativeResultsDirectory="8a58641f-6aad-4295-9d35-3f97ff17f8bc" />
    <UnitTestResult executionId="ace577d9-c074-4724-bce5-70689773106e" testId="9bfeb736-ca4e-5e91-b7a2-4db35809c59a" testName="IsReadyToExecute_UpdateScenario_HappyPath_ShouldReturnTrue" computerName="DKSR-EFI-04" duration="00:00:00.0087471" startTime="2023-12-22T09:36:45.4603664+01:00" endTime="2023-12-22T09:36:45.4759916+01:00" testType="13cdc9d9-ddb5-4fa4-a97d-d965ccfc6d4b" outcome="Passed" testListId="8c84fa94-04c1-424b-9868-57a2d4851a1d" relativeResultsDirectory="ace577d9-c074-4724-bce5-70689773106e" />
    <UnitTestResult executionId="c2ac72a6-add1-4a92-9e83-7914a4e6d636" testId="7e1833b0-8b42-2c29-a2eb-b5a87e60f73a" testName="ShouldExecute_NoVmsConnectionString_ShouldReturnFalse" computerName="DKSR-EFI-04" duration="00:00:00.0004362" startTime="2023-12-22T09:36:45.4447422+01:00" endTime="2023-12-22T09:36:45.4447422+01:00" testType="13cdc9d9-ddb5-4fa4-a97d-d965ccfc6d4b" outcome="Passed" testListId="8c84fa94-04c1-424b-9868-57a2d4851a1d" relativeResultsDirectory="c2ac72a6-add1-4a92-9e83-7914a4e6d636" />
    <UnitTestResult executionId="6171f753-083e-46fb-a4e1-9ba7ea537e3d" testId="095f3b1b-c15f-8f8f-6f45-89cc91d4fcbb" testName="IsReadyToExecute_UpdateScenario_DowngradeProduct_ShouldLogAndReturnFalse" computerName="DKSR-EFI-04" duration="00:00:00.0076248" startTime="2023-12-22T09:36:45.4603664+01:00" endTime="2023-12-22T09:36:45.4603664+01:00" testType="13cdc9d9-ddb5-4fa4-a97d-d965ccfc6d4b" outcome="Passed" testListId="8c84fa94-04c1-424b-9868-57a2d4851a1d" relativeResultsDirectory="6171f753-083e-46fb-a4e1-9ba7ea537e3d" />
    <UnitTestResult executionId="95537799-d879-417a-a5ae-582c0f7c582f" testId="89a11917-5aa8-feb1-68af-0ce22ad844d0" testName="Get_GivenHelpArg_ShouldSkipArgsValidationAndReturnAppConfig" computerName="DKSR-EFI-04" duration="00:00:00.0013211" startTime="2023-12-22T09:36:45.6478681+01:00" endTime="2023-12-22T09:36:45.6478681+01:00" testType="13cdc9d9-ddb5-4fa4-a97d-d965ccfc6d4b" outcome="Passed" testListId="8c84fa94-04c1-424b-9868-57a2d4851a1d" relativeResultsDirectory="95537799-d879-417a-a5ae-582c0f7c582f" />
    <UnitTestResult executionId="78ce822e-6ecc-4aaa-8f7c-6cb5779bf7eb" testId="c88add81-88bd-8ea9-989f-db2dfc287771" testName="CreateEmbedded_GivenExistingScriptName_ShouldReturnValidScript" computerName="DKSR-EFI-04" duration="00:00:00.0015766" startTime="2023-12-22T09:36:45.5072424+01:00" endTime="2023-12-22T09:36:45.5072424+01:00" testType="13cdc9d9-ddb5-4fa4-a97d-d965ccfc6d4b" outcome="Passed" testListId="8c84fa94-04c1-424b-9868-57a2d4851a1d" relativeResultsDirectory="78ce822e-6ecc-4aaa-8f7c-6cb5779bf7eb" />
    <UnitTestResult executionId="1ec78e3d-c0ea-4504-9620-12cb3a417a14" testId="b981ef1e-0643-0a10-c408-9602ea31071b" testName="GetLogLevel_InvalidArgument_Returns_DefaultLogLevel" computerName="DKSR-EFI-04" duration="00:00:00.0025074" startTime="2023-12-22T09:36:45.6322448+01:00" endTime="2023-12-22T09:36:45.6322448+01:00" testType="13cdc9d9-ddb5-4fa4-a97d-d965ccfc6d4b" outcome="Passed" testListId="8c84fa94-04c1-424b-9868-57a2d4851a1d" relativeResultsDirectory="1ec78e3d-c0ea-4504-9620-12cb3a417a14" />
    <UnitTestResult executionId="ef86694f-cd26-40a7-9ee0-2cc344758082" testId="31e7b9fa-1a47-95f0-5dda-b3bef5a15e43" testName="CreateVmsDatabaseExternallyManaged" computerName="DKSR-EFI-04" duration="00:01:04.2214386" startTime="2023-12-22T09:32:59.9123462+01:00" endTime="2023-12-22T09:34:04.1314041+01:00" testType="13cdc9d9-ddb5-4fa4-a97d-d965ccfc6d4b" outcome="Passed" testListId="8c84fa94-04c1-424b-9868-57a2d4851a1d" relativeResultsDirectory="ef86694f-cd26-40a7-9ee0-2cc344758082">
      <Output>
        <StdOut>System Table not found&#xD;
&#xD;
Executing Baseline scripts&#xD;
Script content has been replaced. Key: {NewDatabaseLicenseTlsData}&#xD;
Script content has been replaced. Key: {NewDatabaseHomeSiteId}&#xD;
Script content has been replaced. Key: {NewDatabaseHomeSiteId}&#xD;
Script content has been replaced. Key: {NewDatabaseHomeSiteId}&#xD;
Baseline scripts have been executed&#xD;
&#xD;
Retrieving all sql files from: ; Current DB version: 23.3.8&#xD;
0 sql files found.&#xD;
Retrieving all sql files from: Temp&#xD;
0 sql files found.&#xD;
Retrieving all sql files from: StoredProcedures&#xD;
0 sql files found.</StdOut>
      </Output>
    </UnitTestResult>
    <UnitTestResult executionId="b375a26e-0eed-4d33-b8b1-25934f8bdd64" testId="875548f8-2077-d880-325c-60b6c68964fb" testName="GetAllScripts_GivenStoredProcedures_ShouldCollectThem_Success" computerName="DKSR-EFI-04" duration="00:00:00.0067663" startTime="2023-12-22T09:36:45.5541185+01:00" endTime="2023-12-22T09:36:45.5697434+01:00" testType="13cdc9d9-ddb5-4fa4-a97d-d965ccfc6d4b" outcome="Passed" testListId="8c84fa94-04c1-424b-9868-57a2d4851a1d" relativeResultsDirectory="b375a26e-0eed-4d33-b8b1-25934f8bdd64" />
    <UnitTestResult executionId="1a8f8d16-0b80-4cee-ab4d-2517d17c994d" testId="ca4596e6-88b4-16cc-9437-62363304193e" testName="GetVersionedScripts_GivenNullVersion_ShouldCollect_Success" computerName="DKSR-EFI-04" duration="00:00:00.0055747" startTime="2023-12-22T09:36:45.5697434+01:00" endTime="2023-12-22T09:36:45.5697434+01:00" testType="13cdc9d9-ddb5-4fa4-a97d-d965ccfc6d4b" outcome="Passed" testListId="8c84fa94-04c1-424b-9868-57a2d4851a1d" relativeResultsDirectory="1a8f8d16-0b80-4cee-ab4d-2517d17c994d" />
    <UnitTestResult executionId="67d1e9ac-c5cc-42f4-90e8-c99b8d2841b8" testId="e78fe158-9bbe-4100-8e01-2da76940083e" testName="IsReadyToExecute_NoVmsConnectionString_ShouldReturnFalse" computerName="DKSR-EFI-04" duration="00:00:00.0004177" startTime="2023-12-22T09:36:45.4447422+01:00" endTime="2023-12-22T09:36:45.4447422+01:00" testType="13cdc9d9-ddb5-4fa4-a97d-d965ccfc6d4b" outcome="Passed" testListId="8c84fa94-04c1-424b-9868-57a2d4851a1d" relativeResultsDirectory="67d1e9ac-c5cc-42f4-90e8-c99b8d2841b8" />
    <UnitTestResult executionId="b4e54a40-6598-4533-8c3b-d64dafdca752" testId="700cd3a9-84b0-2e12-b13f-48ceb717eb8b" testName="DefaultConstructor_NullErrorLogger_Throws_ArgumentNullException" computerName="DKSR-EFI-04" duration="00:00:00.0005441" startTime="2023-12-22T09:36:45.6322448+01:00" endTime="2023-12-22T09:36:45.6322448+01:00" testType="13cdc9d9-ddb5-4fa4-a97d-d965ccfc6d4b" outcome="Passed" testListId="8c84fa94-04c1-424b-9868-57a2d4851a1d" relativeResultsDirectory="b4e54a40-6598-4533-8c3b-d64dafdca752" />
    <UnitTestResult executionId="4e58f64e-de39-493c-a089-f3786d8615f7" testId="ac9ae4b8-5b59-bf17-6036-8874e550ac26" testName="CreateVmsDatabase" computerName="DKSR-EFI-04" duration="00:00:29.5426983" startTime="2023-12-22T09:32:30.3653336+01:00" endTime="2023-12-22T09:32:59.9123462+01:00" testType="13cdc9d9-ddb5-4fa4-a97d-d965ccfc6d4b" outcome="Passed" testListId="8c84fa94-04c1-424b-9868-57a2d4851a1d" relativeResultsDirectory="4e58f64e-de39-493c-a089-f3786d8615f7">
      <Output>
        <StdOut>Executing Baseline scripts&#xD;
Script content has been replaced. Key: {NewDatabaseLicenseTlsData}&#xD;
Script content has been replaced. Key: {NewDatabaseHomeSiteId}&#xD;
Script content has been replaced. Key: {NewDatabaseHomeSiteId}&#xD;
Script content has been replaced. Key: {NewDatabaseHomeSiteId}&#xD;
Baseline scripts have been executed&#xD;
&#xD;
Retrieving all sql files from: ; Current DB version: 23.3.8&#xD;
0 sql files found.&#xD;
Retrieving all sql files from: Temp&#xD;
0 sql files found.&#xD;
Retrieving all sql files from: StoredProcedures&#xD;
0 sql files found.</StdOut>
      </Output>
    </UnitTestResult>
    <UnitTestResult executionId="682b189e-7714-4a0f-9ff0-ab53983240bd" testId="ab194622-cf10-28ec-2400-b5abc4ca3946" testName="Execute_GivenMultipleScriptsInCollection_ShouldExecuteAllScripts" computerName="DKSR-EFI-04" duration="00:00:00.0077916" startTime="2023-12-22T09:36:45.5853694+01:00" endTime="2023-12-22T09:36:45.6009937+01:00" testType="13cdc9d9-ddb5-4fa4-a97d-d965ccfc6d4b" outcome="Passed" testListId="8c84fa94-04c1-424b-9868-57a2d4851a1d" relativeResultsDirectory="682b189e-7714-4a0f-9ff0-ab53983240bd" />
    <UnitTestResult executionId="3bc444fa-acf2-447a-befb-e2ac0a092d7e" testId="bd5aa487-7039-c07f-c64a-9bb61750aff0" testName="Execute_GivenOneScriptInCollection_ShouldExecuteScript" computerName="DKSR-EFI-04" duration="00:00:00.0051191" startTime="2023-12-22T09:36:45.5853694+01:00" endTime="2023-12-22T09:36:45.5853694+01:00" testType="13cdc9d9-ddb5-4fa4-a97d-d965ccfc6d4b" outcome="Passed" testListId="8c84fa94-04c1-424b-9868-57a2d4851a1d" relativeResultsDirectory="3bc444fa-acf2-447a-befb-e2ac0a092d7e" />
    <UnitTestResult executionId="7de0b5bc-9ff4-44e5-9670-91dfb5901e35" testId="af31b27d-5c61-fbc3-1ed2-e579eca71705" testName="IsReadyToExecute_UpdateScenario_CurrentDbVersionLowerThanMinimumSupportedVersion_ShouldLogAndReturnFalse" computerName="DKSR-EFI-04" duration="00:00:00.0126252" startTime="2023-12-22T09:36:45.4447422+01:00" endTime="2023-12-22T09:36:45.4603664+01:00" testType="13cdc9d9-ddb5-4fa4-a97d-d965ccfc6d4b" outcome="Passed" testListId="8c84fa94-04c1-424b-9868-57a2d4851a1d" relativeResultsDirectory="7de0b5bc-9ff4-44e5-9670-91dfb5901e35" />
    <UnitTestResult executionId="d6da2706-ea85-49b9-86a1-45d6a056dbea" testId="5581f54c-df72-453d-9da1-39abdb36fa4f" testName="Constructor_MasterDbOperations_Null_Throws_ArgumentNullException" computerName="DKSR-EFI-04" duration="00:00:00.0006865" startTime="2023-12-22T09:36:45.4291162+01:00" endTime="2023-12-22T09:36:45.4291162+01:00" testType="13cdc9d9-ddb5-4fa4-a97d-d965ccfc6d4b" outcome="Passed" testListId="8c84fa94-04c1-424b-9868-57a2d4851a1d" relativeResultsDirectory="d6da2706-ea85-49b9-86a1-45d6a056dbea" />
    <UnitTestResult executionId="e32fab4d-8dc0-4d38-958b-24b57b69c878" testId="5bf11d8b-aae6-877c-b28c-17bae43fadfa" testName="Constructor_KeyStorage_Null_Throws_ArgumentNullException" computerName="DKSR-EFI-04" duration="00:00:00.0006921" startTime="2023-12-22T09:36:45.4447422+01:00" endTime="2023-12-22T09:36:45.4447422+01:00" testType="13cdc9d9-ddb5-4fa4-a97d-d965ccfc6d4b" outcome="Passed" testListId="8c84fa94-04c1-424b-9868-57a2d4851a1d" relativeResultsDirectory="e32fab4d-8dc0-4d38-958b-24b57b69c878" />
    <UnitTestResult executionId="aaa56163-2abf-4f81-8e90-7d0dbdb5780b" testId="6099c9de-e2d2-7cf0-1838-8a8cc1758227" testName="GetLogLevel_DebugLogLevel_Success" computerName="DKSR-EFI-04" duration="00:00:00.0005815" startTime="2023-12-22T09:36:45.6322448+01:00" endTime="2023-12-22T09:36:45.6322448+01:00" testType="13cdc9d9-ddb5-4fa4-a97d-d965ccfc6d4b" outcome="Passed" testListId="8c84fa94-04c1-424b-9868-57a2d4851a1d" relativeResultsDirectory="aaa56163-2abf-4f81-8e90-7d0dbdb5780b" />
    <UnitTestResult executionId="ee378e78-3368-49da-8b18-5323ef4e2498" testId="673d823a-c5c2-5092-cff8-6327f96305ec" testName="Execute_GivenEmptyScriptsCollection_ShouldDoNothing" computerName="DKSR-EFI-04" duration="00:00:00.0019609" startTime="2023-12-22T09:36:45.5853694+01:00" endTime="2023-12-22T09:36:45.5853694+01:00" testType="13cdc9d9-ddb5-4fa4-a97d-d965ccfc6d4b" outcome="Passed" testListId="8c84fa94-04c1-424b-9868-57a2d4851a1d" relativeResultsDirectory="ee378e78-3368-49da-8b18-5323ef4e2498" />
    <UnitTestResult executionId="e46919a1-843b-4878-abd9-e7f39c10d331" testId="32eb61fc-2450-1ada-8488-7c573853f5df" testName="GetAllScripts_GivenTempScripts_ShouldCollectThem_Success" computerName="DKSR-EFI-04" duration="00:00:00.0073521" startTime="2023-12-22T09:36:45.5541185+01:00" endTime="2023-12-22T09:36:45.5541185+01:00" testType="13cdc9d9-ddb5-4fa4-a97d-d965ccfc6d4b" outcome="Passed" testListId="8c84fa94-04c1-424b-9868-57a2d4851a1d" relativeResultsDirectory="e46919a1-843b-4878-abd9-e7f39c10d331" />
    <UnitTestResult executionId="0ec9ebcb-55e0-46b0-a74b-d406a1794c52" testId="3c38b12d-0514-ddbf-d2d8-766e948984fc" testName="CreateThenOverwriteDatabase" computerName="DKSR-EFI-04" duration="00:00:23.3303516" startTime="2023-12-22T09:36:10.1164305+01:00" endTime="2023-12-22T09:36:33.4446773+01:00" testType="13cdc9d9-ddb5-4fa4-a97d-d965ccfc6d4b" outcome="Passed" testListId="8c84fa94-04c1-424b-9868-57a2d4851a1d" relativeResultsDirectory="0ec9ebcb-55e0-46b0-a74b-d406a1794c52">
      <Output>
        <StdOut>Executing Baseline scripts&#xD;
Script content has been replaced. Key: {NewDatabaseLicenseTlsData}&#xD;
Script content has been replaced. Key: {NewDatabaseHomeSiteId}&#xD;
Script content has been replaced. Key: {NewDatabaseHomeSiteId}&#xD;
Script content has been replaced. Key: {NewDatabaseHomeSiteId}&#xD;
Baseline scripts have been executed&#xD;
&#xD;
Retrieving all sql files from: SomePath; Current DB version: 23.3.8&#xD;
1 sql files found.&#xD;
Retrieving all sql files from: SomePath\Temp&#xD;
0 sql files found.&#xD;
Retrieving all sql files from: SomePath\StoredProcedures&#xD;
0 sql files found.&#xD;
System table set to version: 55.3.9&#xD;
&#xD;
Executing Baseline scripts&#xD;
Script content has been replaced. Key: {NewDatabaseLicenseTlsData}&#xD;
Script content has been replaced. Key: {NewDatabaseHomeSiteId}&#xD;
Script content has been replaced. Key: {NewDatabaseHomeSiteId}&#xD;
Script content has been replaced. Key: {NewDatabaseHomeSiteId}&#xD;
Baseline scripts have been executed&#xD;
&#xD;
Retrieving all sql files from: SomePath; Current DB version: 23.3.8&#xD;
0 sql files found.&#xD;
Retrieving all sql files from: SomePath\Temp&#xD;
0 sql files found.&#xD;
Retrieving all sql files from: SomePath\StoredProcedures&#xD;
0 sql files found.</StdOut>
      </Output>
    </UnitTestResult>
    <UnitTestResult executionId="b2918f07-9ee3-4974-b751-e6baac32fda1" testId="dde1f694-7e4c-1e4e-07c3-2a4082992625" testName="CreateThenUpgradeVmsDatabaseNoUpgradeScripts" computerName="DKSR-EFI-04" duration="00:00:59.9131115" startTime="2023-12-22T09:34:35.1940597+01:00" endTime="2023-12-22T09:35:35.1162461+01:00" testType="13cdc9d9-ddb5-4fa4-a97d-d965ccfc6d4b" outcome="Passed" testListId="8c84fa94-04c1-424b-9868-57a2d4851a1d" relativeResultsDirectory="b2918f07-9ee3-4974-b751-e6baac32fda1">
      <Output>
        <StdOut>Executing Baseline scripts&#xD;
Script content has been replaced. Key: {NewDatabaseLicenseTlsData}&#xD;
Script content has been replaced. Key: {NewDatabaseHomeSiteId}&#xD;
Script content has been replaced. Key: {NewDatabaseHomeSiteId}&#xD;
Script content has been replaced. Key: {NewDatabaseHomeSiteId}&#xD;
Baseline scripts have been executed&#xD;
&#xD;
Retrieving all sql files from: ; Current DB version: 23.3.8&#xD;
0 sql files found.&#xD;
Retrieving all sql files from: Temp&#xD;
0 sql files found.&#xD;
Retrieving all sql files from: StoredProcedures&#xD;
0 sql files found.&#xD;
Retrieving all sql files from: ; Current DB version: 23.3.8&#xD;
0 sql files found.&#xD;
Retrieving all sql files from: Temp&#xD;
0 sql files found.&#xD;
Retrieving all sql files from: StoredProcedures&#xD;
0 sql files found.</StdOut>
      </Output>
    </UnitTestResult>
    <UnitTestResult executionId="19809d6c-0d91-45a1-8c82-9ffb60dee309" testId="cffab82f-3414-27a9-2389-810a030221f8" testName="OverwriteVmsDatabaseExternallyManagedShouldFail" computerName="DKSR-EFI-04" duration="00:00:31.0614372" startTime="2023-12-22T09:34:04.1314041+01:00" endTime="2023-12-22T09:34:35.1940597+01:00" testType="13cdc9d9-ddb5-4fa4-a97d-d965ccfc6d4b" outcome="Passed" testListId="8c84fa94-04c1-424b-9868-57a2d4851a1d" relativeResultsDirectory="19809d6c-0d91-45a1-8c82-9ffb60dee309">
      <Output>
        <StdOut>System Table not found&#xD;
&#xD;
Executing Baseline scripts&#xD;
Script content has been replaced. Key: {NewDatabaseLicenseTlsData}&#xD;
Script content has been replaced. Key: {NewDatabaseHomeSiteId}&#xD;
Script content has been replaced. Key: {NewDatabaseHomeSiteId}&#xD;
Script content has been replaced. Key: {NewDatabaseHomeSiteId}&#xD;
Baseline scripts have been executed&#xD;
&#xD;
Retrieving all sql files from: ; Current DB version: 23.3.8&#xD;
0 sql files found.&#xD;
Retrieving all sql files from: Temp&#xD;
0 sql files found.&#xD;
Retrieving all sql files from: StoredProcedures&#xD;
0 sql files found.&#xD;
Can't delete databases since they are externally managed!</StdOut>
      </Output>
    </UnitTestResult>
  </Results>
  <TestDefinitions>
    <UnitTest name="Constructor_SqlConnectionFactory_Null_Throws_ArgumentNullException" storage="d:\actions-runner\_work\xpco\xpco\common\videoos.database.common\tst\videoos.sqlupdate.unittests\bin\debug\net47\videoos.sqlupdate.unittests.dll" id="25819e67-9cc2-8de0-c182-77febfb0511b">
      <Execution id="e5405683-3285-44fc-b9b1-bb1287477be7" />
      <TestMethod codeBase="D:\actions-runner\_work\XPCO\XPCO\Common\VideoOS.Database.Common\tst\VideoOS.SqlUpdate.UnitTests\bin\Debug\net47\VideoOS.SqlUpdate.UnitTests.dll" adapterTypeName="executor://mstestadapter/v2" className="VideoOS.SqlUpdate.UnitTests.Core.Services.DbServiceTests" name="Constructor_SqlConnectionFactory_Null_Throws_ArgumentNullException" />
    </UnitTest>
    <UnitTest name="Execute_GivenScriptContentReplacements_ShouldExecuteScriptWithReplacedContent" storage="d:\actions-runner\_work\xpco\xpco\common\videoos.database.common\tst\videoos.sqlupdate.unittests\bin\debug\net47\videoos.sqlupdate.unittests.dll" id="3e39c4fd-e569-1a52-6db5-663e0f313655">
      <Execution id="9584d746-4b89-4510-80f0-d68e67466a0a" />
      <TestMethod codeBase="D:\actions-runner\_work\XPCO\XPCO\Common\VideoOS.Database.Common\tst\VideoOS.SqlUpdate.UnitTests\bin\Debug\net47\VideoOS.SqlUpdate.UnitTests.dll" adapterTypeName="executor://mstestadapter/v2" className="VideoOS.SqlUpdate.UnitTests.Core.Scripts.ScriptsExecutorTests" name="Execute_GivenScriptContentReplacements_ShouldExecuteScriptWithReplacedContent" />
    </UnitTest>
    <UnitTest name="CreateVmsDatabase" storage="d:\actions-runner\_work\xpco\xpco\common\videoos.database.common\tst\videoos.sqlupdate.unittests\bin\debug\net47\videoos.sqlupdate.unittests.dll" id="ac9ae4b8-5b59-bf17-6036-8874e550ac26">
      <TestCategory>
        <TestCategoryItem TestCategory="Database" />
      </TestCategory>
      <Execution id="4e58f64e-de39-493c-a089-f3786d8615f7" />
      <TestMethod codeBase="D:\actions-runner\_work\XPCO\XPCO\Common\VideoOS.Database.Common\tst\VideoOS.SqlUpdate.UnitTests\bin\Debug\net47\VideoOS.SqlUpdate.UnitTests.dll" adapterTypeName="executor://mstestadapter/v2" className="VideoOS.SqlUpdate.UnitTests.SqlUpdateDatabaseTests" name="CreateVmsDatabase" />
    </UnitTest>
    <UnitTest name="Create_GivenScriptWithoutTransactionComment_ShouldReturnScriptWithDefaultTransactionSupport" storage="d:\actions-runner\_work\xpco\xpco\common\videoos.database.common\tst\videoos.sqlupdate.unittests\bin\debug\net47\videoos.sqlupdate.unittests.dll" id="afc650e6-c5e7-eca3-c24e-cf8137610992">
      <Execution id="94d953cf-0e09-410c-b57d-d0d2664a2c50" />
      <TestMethod codeBase="D:\actions-runner\_work\XPCO\XPCO\Common\VideoOS.Database.Common\tst\VideoOS.SqlUpdate.UnitTests\bin\Debug\net47\VideoOS.SqlUpdate.UnitTests.dll" adapterTypeName="executor://mstestadapter/v2" className="VideoOS.SqlUpdate.UnitTests.Core.Scripts.ScriptFactoryTests" name="Create_GivenScriptWithoutTransactionComment_ShouldReturnScriptWithDefaultTransactionSupport" />
    </UnitTest>
    <UnitTest name="CreateThenOverwriteDatabase" storage="d:\actions-runner\_work\xpco\xpco\common\videoos.database.common\tst\videoos.sqlupdate.unittests\bin\debug\net47\videoos.sqlupdate.unittests.dll" id="3c38b12d-0514-ddbf-d2d8-766e948984fc">
      <TestCategory>
        <TestCategoryItem TestCategory="Database" />
      </TestCategory>
      <Execution id="0ec9ebcb-55e0-46b0-a74b-d406a1794c52" />
      <TestMethod codeBase="D:\actions-runner\_work\XPCO\XPCO\Common\VideoOS.Database.Common\tst\VideoOS.SqlUpdate.UnitTests\bin\Debug\net47\VideoOS.SqlUpdate.UnitTests.dll" adapterTypeName="executor://mstestadapter/v2" className="VideoOS.SqlUpdate.UnitTests.SqlUpdateDatabaseTests" name="CreateThenOverwriteDatabase" />
    </UnitTest>
    <UnitTest name="Get_GivenHelpArg_ShouldSkipArgsValidationAndReturnAppConfig" storage="d:\actions-runner\_work\xpco\xpco\common\videoos.database.common\tst\videoos.sqlupdate.unittests\bin\debug\net47\videoos.sqlupdate.unittests.dll" id="89a11917-5aa8-feb1-68af-0ce22ad844d0">
      <Execution id="95537799-d879-417a-a5ae-582c0f7c582f" />
      <TestMethod codeBase="D:\actions-runner\_work\XPCO\XPCO\Common\VideoOS.Database.Common\tst\VideoOS.SqlUpdate.UnitTests\bin\Debug\net47\VideoOS.SqlUpdate.UnitTests.dll" adapterTypeName="executor://mstestadapter/v2" className="VideoOS.SqlUpdate.UnitTests.Core.Configuration.AppConfigProviderTests" name="Get_GivenHelpArg_ShouldSkipArgsValidationAndReturnAppConfig" />
    </UnitTest>
    <UnitTest name="Constructor_AppConfigProvider_Null_Throws_ArgumentNullException" storage="d:\actions-runner\_work\xpco\xpco\common\videoos.database.common\tst\videoos.sqlupdate.unittests\bin\debug\net47\videoos.sqlupdate.unittests.dll" id="75405596-547d-3d11-b42a-a99c32d62adb">
      <Execution id="58ebf86e-f9cd-4747-9644-69a212d926d9" />
      <TestMethod codeBase="D:\actions-runner\_work\XPCO\XPCO\Common\VideoOS.Database.Common\tst\VideoOS.SqlUpdate.UnitTests\bin\Debug\net47\VideoOS.SqlUpdate.UnitTests.dll" adapterTypeName="executor://mstestadapter/v2" className="VideoOS.SqlUpdate.UnitTests.Core.Services.DbServiceTests" name="Constructor_AppConfigProvider_Null_Throws_ArgumentNullException" />
    </UnitTest>
    <UnitTest name="GetVersionedScripts_Sorting_Success" storage="d:\actions-runner\_work\xpco\xpco\common\videoos.database.common\tst\videoos.sqlupdate.unittests\bin\debug\net47\videoos.sqlupdate.unittests.dll" id="68cb11d5-1985-d85b-200d-5926f8c81604">
      <Execution id="9f2971b1-f08b-414b-80ff-ceb0363c5d68" />
      <TestMethod codeBase="D:\actions-runner\_work\XPCO\XPCO\Common\VideoOS.Database.Common\tst\VideoOS.SqlUpdate.UnitTests\bin\Debug\net47\VideoOS.SqlUpdate.UnitTests.dll" adapterTypeName="executor://mstestadapter/v2" className="VideoOS.SqlUpdate.UnitTests.Core.Scripts.ScriptsCollectorTests" name="GetVersionedScripts_Sorting_Success" />
    </UnitTest>
    <UnitTest name="GetVmsDbTypeMapper_VmsDbType_AllArguments" storage="d:\actions-runner\_work\xpco\xpco\common\videoos.database.common\tst\videoos.sqlupdate.unittests\bin\debug\net47\videoos.sqlupdate.unittests.dll" id="f419461f-31bf-a70b-f83a-889f52c5c952">
      <Execution id="47528a3a-3b9f-4633-ba81-41313cdded60" />
      <TestMethod codeBase="D:\actions-runner\_work\XPCO\XPCO\Common\VideoOS.Database.Common\tst\VideoOS.SqlUpdate.UnitTests\bin\Debug\net47\VideoOS.SqlUpdate.UnitTests.dll" adapterTypeName="executor://mstestadapter/v2" className="VideoOS.SqlUpdate.UnitTests.Core.Services.VmsDbTypeMapperTests" name="GetVmsDbTypeMapper_VmsDbType_AllArguments" />
    </UnitTest>
    <UnitTest name="Execute_GivenEmptyScriptsCollection_ShouldDoNothing" storage="d:\actions-runner\_work\xpco\xpco\common\videoos.database.common\tst\videoos.sqlupdate.unittests\bin\debug\net47\videoos.sqlupdate.unittests.dll" id="673d823a-c5c2-5092-cff8-6327f96305ec">
      <Execution id="ee378e78-3368-49da-8b18-5323ef4e2498" />
      <TestMethod codeBase="D:\actions-runner\_work\XPCO\XPCO\Common\VideoOS.Database.Common\tst\VideoOS.SqlUpdate.UnitTests\bin\Debug\net47\VideoOS.SqlUpdate.UnitTests.dll" adapterTypeName="executor://mstestadapter/v2" className="VideoOS.SqlUpdate.UnitTests.Core.Scripts.ScriptsExecutorTests" name="Execute_GivenEmptyScriptsCollection_ShouldDoNothing" />
    </UnitTest>
    <UnitTest name="Create_GivenEmptyFilePath_ShouldThrow" storage="d:\actions-runner\_work\xpco\xpco\common\videoos.database.common\tst\videoos.sqlupdate.unittests\bin\debug\net47\videoos.sqlupdate.unittests.dll" id="b20c96e8-7c10-0b75-3794-96ea9f2e063e">
      <Execution id="d7a6f05c-1512-4687-b8ac-b3ddc1784fd2" />
      <TestMethod codeBase="D:\actions-runner\_work\XPCO\XPCO\Common\VideoOS.Database.Common\tst\VideoOS.SqlUpdate.UnitTests\bin\Debug\net47\VideoOS.SqlUpdate.UnitTests.dll" adapterTypeName="executor://mstestadapter/v2" className="VideoOS.SqlUpdate.UnitTests.Core.Scripts.ScriptFactoryTests" name="Create_GivenEmptyFilePath_ShouldThrow" />
    </UnitTest>
    <UnitTest name="IsReadyToExecute_NoVmsConnectionString_ShouldReturnFalse" storage="d:\actions-runner\_work\xpco\xpco\common\videoos.database.common\tst\videoos.sqlupdate.unittests\bin\debug\net47\videoos.sqlupdate.unittests.dll" id="e78fe158-9bbe-4100-8e01-2da76940083e">
      <Execution id="67d1e9ac-c5cc-42f4-90e8-c99b8d2841b8" />
      <TestMethod codeBase="D:\actions-runner\_work\XPCO\XPCO\Common\VideoOS.Database.Common\tst\VideoOS.SqlUpdate.UnitTests\bin\Debug\net47\VideoOS.SqlUpdate.UnitTests.dll" adapterTypeName="executor://mstestadapter/v2" className="VideoOS.SqlUpdate.UnitTests.Core.Services.DbServiceTests" name="IsReadyToExecute_NoVmsConnectionString_ShouldReturnFalse" />
    </UnitTest>
    <UnitTest name="ShouldExecute_GivenVmsConnectionString_ShouldReturnTrue" storage="d:\actions-runner\_work\xpco\xpco\common\videoos.database.common\tst\videoos.sqlupdate.unittests\bin\debug\net47\videoos.sqlupdate.unittests.dll" id="465f0b10-185c-c9d6-3652-0b9a093b0b3b">
      <Execution id="5357ed59-a115-4588-9bed-ffd3dab0d282" />
      <TestMethod codeBase="D:\actions-runner\_work\XPCO\XPCO\Common\VideoOS.Database.Common\tst\VideoOS.SqlUpdate.UnitTests\bin\Debug\net47\VideoOS.SqlUpdate.UnitTests.dll" adapterTypeName="executor://mstestadapter/v2" className="VideoOS.SqlUpdate.UnitTests.Core.Services.DbServiceTests" name="ShouldExecute_GivenVmsConnectionString_ShouldReturnTrue" />
    </UnitTest>
    <UnitTest name="GetVersionedScripts_GivenNullVersion_ShouldCollect_Success" storage="d:\actions-runner\_work\xpco\xpco\common\videoos.database.common\tst\videoos.sqlupdate.unittests\bin\debug\net47\videoos.sqlupdate.unittests.dll" id="ca4596e6-88b4-16cc-9437-62363304193e">
      <Execution id="1a8f8d16-0b80-4cee-ab4d-2517d17c994d" />
      <TestMethod codeBase="D:\actions-runner\_work\XPCO\XPCO\Common\VideoOS.Database.Common\tst\VideoOS.SqlUpdate.UnitTests\bin\Debug\net47\VideoOS.SqlUpdate.UnitTests.dll" adapterTypeName="executor://mstestadapter/v2" className="VideoOS.SqlUpdate.UnitTests.Core.Scripts.ScriptsCollectorTests" name="GetVersionedScripts_GivenNullVersion_ShouldCollect_Success" />
    </UnitTest>
    <UnitTest name="CreateThenUpgradeVmsDatabaseToNewVersion" storage="d:\actions-runner\_work\xpco\xpco\common\videoos.database.common\tst\videoos.sqlupdate.unittests\bin\debug\net47\videoos.sqlupdate.unittests.dll" id="0b5cb3ff-7c31-8b4f-f774-04f204b3af60">
      <TestCategory>
        <TestCategoryItem TestCategory="Database" />
      </TestCategory>
      <Execution id="ceae0505-8395-4599-964e-91eba6666b27" />
      <TestMethod codeBase="D:\actions-runner\_work\XPCO\XPCO\Common\VideoOS.Database.Common\tst\VideoOS.SqlUpdate.UnitTests\bin\Debug\net47\VideoOS.SqlUpdate.UnitTests.dll" adapterTypeName="executor://mstestadapter/v2" className="VideoOS.SqlUpdate.UnitTests.SqlUpdateDatabaseTests" name="CreateThenUpgradeVmsDatabaseToNewVersion" />
    </UnitTest>
    <UnitTest name="Get_NoScriptsPath_ShouldTakeExecutingAssemblyLocation" storage="d:\actions-runner\_work\xpco\xpco\common\videoos.database.common\tst\videoos.sqlupdate.unittests\bin\debug\net47\videoos.sqlupdate.unittests.dll" id="e9f0dcf8-8217-8bbf-fe69-3ef1086dfebe">
      <Execution id="ea10f3af-68f5-417f-97cd-5d9a9e9ffacd" />
      <TestMethod codeBase="D:\actions-runner\_work\XPCO\XPCO\Common\VideoOS.Database.Common\tst\VideoOS.SqlUpdate.UnitTests\bin\Debug\net47\VideoOS.SqlUpdate.UnitTests.dll" adapterTypeName="executor://mstestadapter/v2" className="VideoOS.SqlUpdate.UnitTests.Core.Configuration.AppConfigProviderTests" name="Get_NoScriptsPath_ShouldTakeExecutingAssemblyLocation" />
    </UnitTest>
    <UnitTest name="GetLogLevel_NoneLogLevel_Success" storage="d:\actions-runner\_work\xpco\xpco\common\videoos.database.common\tst\videoos.sqlupdate.unittests\bin\debug\net47\videoos.sqlupdate.unittests.dll" id="bba149cc-081a-f1aa-47df-144245184e0e">
      <Execution id="6575faa2-a52f-4468-9df8-114d78f11039" />
      <TestMethod codeBase="D:\actions-runner\_work\XPCO\XPCO\Common\VideoOS.Database.Common\tst\VideoOS.SqlUpdate.UnitTests\bin\Debug\net47\VideoOS.SqlUpdate.UnitTests.dll" adapterTypeName="executor://mstestadapter/v2" className="VideoOS.SqlUpdate.UnitTests.Core.Logger.LogLevelArgumentParserTests" name="GetLogLevel_NoneLogLevel_Success" />
    </UnitTest>
    <UnitTest name="GetScripts_GivenInvalidScripts_ShouldThrow" storage="d:\actions-runner\_work\xpco\xpco\common\videoos.database.common\tst\videoos.sqlupdate.unittests\bin\debug\net47\videoos.sqlupdate.unittests.dll" id="fb86b757-bded-c0b9-e792-10e606c289de">
      <Execution id="6d003af2-b9ae-427f-b73d-82c7dcdba652" />
      <TestMethod codeBase="D:\actions-runner\_work\XPCO\XPCO\Common\VideoOS.Database.Common\tst\VideoOS.SqlUpdate.UnitTests\bin\Debug\net47\VideoOS.SqlUpdate.UnitTests.dll" adapterTypeName="executor://mstestadapter/v2" className="VideoOS.SqlUpdate.UnitTests.Core.Scripts.ScriptsCollectorTests" name="GetScripts_GivenInvalidScripts_ShouldThrow" />
    </UnitTest>
    <UnitTest name="CreateEmbedded_GivenNonExistingScriptName_ShouldThrow" storage="d:\actions-runner\_work\xpco\xpco\common\videoos.database.common\tst\videoos.sqlupdate.unittests\bin\debug\net47\videoos.sqlupdate.unittests.dll" id="bc65ce97-e1cb-7cff-0568-18a39fed20c2">
      <Execution id="de139c3a-c9c4-4eb4-a2bd-9a4ccaeaf6dc" />
      <TestMethod codeBase="D:\actions-runner\_work\XPCO\XPCO\Common\VideoOS.Database.Common\tst\VideoOS.SqlUpdate.UnitTests\bin\Debug\net47\VideoOS.SqlUpdate.UnitTests.dll" adapterTypeName="executor://mstestadapter/v2" className="VideoOS.SqlUpdate.UnitTests.Core.Scripts.ScriptFactoryTests" name="CreateEmbedded_GivenNonExistingScriptName_ShouldThrow" />
    </UnitTest>
    <UnitTest name="GetLogLevel_DebugLogLevel_Success" storage="d:\actions-runner\_work\xpco\xpco\common\videoos.database.common\tst\videoos.sqlupdate.unittests\bin\debug\net47\videoos.sqlupdate.unittests.dll" id="6099c9de-e2d2-7cf0-1838-8a8cc1758227">
      <Execution id="aaa56163-2abf-4f81-8e90-7d0dbdb5780b" />
      <TestMethod codeBase="D:\actions-runner\_work\XPCO\XPCO\Common\VideoOS.Database.Common\tst\VideoOS.SqlUpdate.UnitTests\bin\Debug\net47\VideoOS.SqlUpdate.UnitTests.dll" adapterTypeName="executor://mstestadapter/v2" className="VideoOS.SqlUpdate.UnitTests.Core.Logger.LogLevelArgumentParserTests" name="GetLogLevel_DebugLogLevel_Success" />
    </UnitTest>
    <UnitTest name="CreateVmsDatabaseExternallyManaged" storage="d:\actions-runner\_work\xpco\xpco\common\videoos.database.common\tst\videoos.sqlupdate.unittests\bin\debug\net47\videoos.sqlupdate.unittests.dll" id="31e7b9fa-1a47-95f0-5dda-b3bef5a15e43">
      <TestCategory>
        <TestCategoryItem TestCategory="Database" />
      </TestCategory>
      <Execution id="ef86694f-cd26-40a7-9ee0-2cc344758082" />
      <TestMethod codeBase="D:\actions-runner\_work\XPCO\XPCO\Common\VideoOS.Database.Common\tst\VideoOS.SqlUpdate.UnitTests\bin\Debug\net47\VideoOS.SqlUpdate.UnitTests.dll" adapterTypeName="executor://mstestadapter/v2" className="VideoOS.SqlUpdate.UnitTests.SqlUpdateDatabaseTests" name="CreateVmsDatabaseExternallyManaged" />
    </UnitTest>
    <UnitTest name="Create_GivenScriptWithoutValidStatements_ShouldReturnScriptWithoutStatements" storage="d:\actions-runner\_work\xpco\xpco\common\videoos.database.common\tst\videoos.sqlupdate.unittests\bin\debug\net47\videoos.sqlupdate.unittests.dll" id="5b23e67a-a2a0-c3c3-cce5-1e6575c01c9d">
      <Execution id="0c9edaf4-2c8d-47a5-9a38-7cf0d2531b90" />
      <TestMethod codeBase="D:\actions-runner\_work\XPCO\XPCO\Common\VideoOS.Database.Common\tst\VideoOS.SqlUpdate.UnitTests\bin\Debug\net47\VideoOS.SqlUpdate.UnitTests.dll" adapterTypeName="executor://mstestadapter/v2" className="VideoOS.SqlUpdate.UnitTests.Core.Scripts.ScriptFactoryTests" name="Create_GivenScriptWithoutValidStatements_ShouldReturnScriptWithoutStatements" />
    </UnitTest>
    <UnitTest name="DefaultConstructor_NullErrorLogger_Throws_ArgumentNullException" storage="d:\actions-runner\_work\xpco\xpco\common\videoos.database.common\tst\videoos.sqlupdate.unittests\bin\debug\net47\videoos.sqlupdate.unittests.dll" id="700cd3a9-84b0-2e12-b13f-48ceb717eb8b">
      <Execution id="b4e54a40-6598-4533-8c3b-d64dafdca752" />
      <TestMethod codeBase="D:\actions-runner\_work\XPCO\XPCO\Common\VideoOS.Database.Common\tst\VideoOS.SqlUpdate.UnitTests\bin\Debug\net47\VideoOS.SqlUpdate.UnitTests.dll" adapterTypeName="executor://mstestadapter/v2" className="VideoOS.SqlUpdate.UnitTests.Core.Logger.LogLevelArgumentParserTests" name="DefaultConstructor_NullErrorLogger_Throws_ArgumentNullException" />
    </UnitTest>
    <UnitTest name="IsReadyToExecute_UpdateScenario_DowngradeProduct_ShouldLogAndReturnFalse" storage="d:\actions-runner\_work\xpco\xpco\common\videoos.database.common\tst\videoos.sqlupdate.unittests\bin\debug\net47\videoos.sqlupdate.unittests.dll" id="095f3b1b-c15f-8f8f-6f45-89cc91d4fcbb">
      <Execution id="6171f753-083e-46fb-a4e1-9ba7ea537e3d" />
      <TestMethod codeBase="D:\actions-runner\_work\XPCO\XPCO\Common\VideoOS.Database.Common\tst\VideoOS.SqlUpdate.UnitTests\bin\Debug\net47\VideoOS.SqlUpdate.UnitTests.dll" adapterTypeName="executor://mstestadapter/v2" className="VideoOS.SqlUpdate.UnitTests.Core.Services.DbServiceTests" name="IsReadyToExecute_UpdateScenario_DowngradeProduct_ShouldLogAndReturnFalse" />
    </UnitTest>
    <UnitTest name="GetAllScripts_GivenTempScripts_ShouldCollectThem_Success" storage="d:\actions-runner\_work\xpco\xpco\common\videoos.database.common\tst\videoos.sqlupdate.unittests\bin\debug\net47\videoos.sqlupdate.unittests.dll" id="32eb61fc-2450-1ada-8488-7c573853f5df">
      <Execution id="e46919a1-843b-4878-abd9-e7f39c10d331" />
      <TestMethod codeBase="D:\actions-runner\_work\XPCO\XPCO\Common\VideoOS.Database.Common\tst\VideoOS.SqlUpdate.UnitTests\bin\Debug\net47\VideoOS.SqlUpdate.UnitTests.dll" adapterTypeName="executor://mstestadapter/v2" className="VideoOS.SqlUpdate.UnitTests.Core.Scripts.ScriptsCollectorTests" name="GetAllScripts_GivenTempScripts_ShouldCollectThem_Success" />
    </UnitTest>
    <UnitTest name="Execute_GivenMultipleScriptsInCollection_ShouldExecuteAllScripts" storage="d:\actions-runner\_work\xpco\xpco\common\videoos.database.common\tst\videoos.sqlupdate.unittests\bin\debug\net47\videoos.sqlupdate.unittests.dll" id="ab194622-cf10-28ec-2400-b5abc4ca3946">
      <Execution id="682b189e-7714-4a0f-9ff0-ab53983240bd" />
      <TestMethod codeBase="D:\actions-runner\_work\XPCO\XPCO\Common\VideoOS.Database.Common\tst\VideoOS.SqlUpdate.UnitTests\bin\Debug\net47\VideoOS.SqlUpdate.UnitTests.dll" adapterTypeName="executor://mstestadapter/v2" className="VideoOS.SqlUpdate.UnitTests.Core.Scripts.ScriptsExecutorTests" name="Execute_GivenMultipleScriptsInCollection_ShouldExecuteAllScripts" />
    </UnitTest>
    <UnitTest name="Create_GivenVersionedScript_ShouldReturnScriptWithVersion" storage="d:\actions-runner\_work\xpco\xpco\common\videoos.database.common\tst\videoos.sqlupdate.unittests\bin\debug\net47\videoos.sqlupdate.unittests.dll" id="78c43138-7ef9-3133-dade-14b848c3191c">
      <Execution id="ec6db535-6843-429c-b91c-7c6ce09c6f34" />
      <TestMethod codeBase="D:\actions-runner\_work\XPCO\XPCO\Common\VideoOS.Database.Common\tst\VideoOS.SqlUpdate.UnitTests\bin\Debug\net47\VideoOS.SqlUpdate.UnitTests.dll" adapterTypeName="executor://mstestadapter/v2" className="VideoOS.SqlUpdate.UnitTests.Core.Scripts.ScriptFactoryTests" name="Create_GivenVersionedScript_ShouldReturnScriptWithVersion" />
    </UnitTest>
    <UnitTest name="OverwriteVmsDatabaseExternallyManagedShouldFail" storage="d:\actions-runner\_work\xpco\xpco\common\videoos.database.common\tst\videoos.sqlupdate.unittests\bin\debug\net47\videoos.sqlupdate.unittests.dll" id="cffab82f-3414-27a9-2389-810a030221f8">
      <TestCategory>
        <TestCategoryItem TestCategory="Database" />
      </TestCategory>
      <Execution id="19809d6c-0d91-45a1-8c82-9ffb60dee309" />
      <TestMethod codeBase="D:\actions-runner\_work\XPCO\XPCO\Common\VideoOS.Database.Common\tst\VideoOS.SqlUpdate.UnitTests\bin\Debug\net47\VideoOS.SqlUpdate.UnitTests.dll" adapterTypeName="executor://mstestadapter/v2" className="VideoOS.SqlUpdate.UnitTests.SqlUpdateDatabaseTests" name="OverwriteVmsDatabaseExternallyManagedShouldFail" />
    </UnitTest>
    <UnitTest name="CreateAndUpgradeVmsDatabaseToNewVersion" storage="d:\actions-runner\_work\xpco\xpco\common\videoos.database.common\tst\videoos.sqlupdate.unittests\bin\debug\net47\videoos.sqlupdate.unittests.dll" id="b6a84fc9-b8af-7638-b578-e83dde990014">
      <TestCategory>
        <TestCategoryItem TestCategory="Database" />
      </TestCategory>
      <Execution id="239cc380-7bc0-4fbc-963d-6cdfb9010df1" />
      <TestMethod codeBase="D:\actions-runner\_work\XPCO\XPCO\Common\VideoOS.Database.Common\tst\VideoOS.SqlUpdate.UnitTests\bin\Debug\net47\VideoOS.SqlUpdate.UnitTests.dll" adapterTypeName="executor://mstestadapter/v2" className="VideoOS.SqlUpdate.UnitTests.SqlUpdateDatabaseTests" name="CreateAndUpgradeVmsDatabaseToNewVersion" />
    </UnitTest>
    <UnitTest name="EnrichConfiguration_NoScriptsPath_ShouldTakeExecutingAssemblyLocation" storage="d:\actions-runner\_work\xpco\xpco\common\videoos.database.common\tst\videoos.sqlupdate.unittests\bin\debug\net47\videoos.sqlupdate.unittests.dll" id="8876f71d-207b-9e98-73fb-269dea525259">
      <Execution id="e0e5d39b-9f8f-4ede-91f2-1c3d4848b686" />
      <TestMethod codeBase="D:\actions-runner\_work\XPCO\XPCO\Common\VideoOS.Database.Common\tst\VideoOS.SqlUpdate.UnitTests\bin\Debug\net47\VideoOS.SqlUpdate.UnitTests.dll" adapterTypeName="executor://mstestadapter/v2" className="VideoOS.SqlUpdate.UnitTests.Core.Configuration.AppConfigHelperTests" name="EnrichConfiguration_NoScriptsPath_ShouldTakeExecutingAssemblyLocation" />
    </UnitTest>
    <UnitTest name="Get_GivenIsExternallyManagedDbArg_ShouldReturnCorrectAppConfig" storage="d:\actions-runner\_work\xpco\xpco\common\videoos.database.common\tst\videoos.sqlupdate.unittests\bin\debug\net47\videoos.sqlupdate.unittests.dll" id="a0f9c482-e7b2-3a3d-cfcc-2dcdd4040ff9">
      <Execution id="fadaf04f-8f39-4a6d-90b7-027af63d1d75" />
      <TestMethod codeBase="D:\actions-runner\_work\XPCO\XPCO\Common\VideoOS.Database.Common\tst\VideoOS.SqlUpdate.UnitTests\bin\Debug\net47\VideoOS.SqlUpdate.UnitTests.dll" adapterTypeName="executor://mstestadapter/v2" className="VideoOS.SqlUpdate.UnitTests.Core.Configuration.AppConfigProviderTests" name="Get_GivenIsExternallyManagedDbArg_ShouldReturnCorrectAppConfig" />
    </UnitTest>
    <UnitTest name="GetLogLevel_DefaultLogLevel_Success" storage="d:\actions-runner\_work\xpco\xpco\common\videoos.database.common\tst\videoos.sqlupdate.unittests\bin\debug\net47\videoos.sqlupdate.unittests.dll" id="01826079-be72-7b70-b9e3-2bcdd8fb2e14">
      <Execution id="f608750e-fec1-47fc-aba2-2f015c4ac80c" />
      <TestMethod codeBase="D:\actions-runner\_work\XPCO\XPCO\Common\VideoOS.Database.Common\tst\VideoOS.SqlUpdate.UnitTests\bin\Debug\net47\VideoOS.SqlUpdate.UnitTests.dll" adapterTypeName="executor://mstestadapter/v2" className="VideoOS.SqlUpdate.UnitTests.Core.Logger.LogLevelArgumentParserTests" name="GetLogLevel_DefaultLogLevel_Success" />
    </UnitTest>
    <UnitTest name="Execute_GivenHelpArg_ShouldLogHelpAndReturnTrue" storage="d:\actions-runner\_work\xpco\xpco\common\videoos.database.common\tst\videoos.sqlupdate.unittests\bin\debug\net47\videoos.sqlupdate.unittests.dll" id="ab19b7bf-ad07-089f-53a1-3d3dbecbc8f5">
      <Execution id="61aa6776-22f4-411b-b30b-c4184ed55274" />
      <TestMethod codeBase="D:\actions-runner\_work\XPCO\XPCO\Common\VideoOS.Database.Common\tst\VideoOS.SqlUpdate.UnitTests\bin\Debug\net47\VideoOS.SqlUpdate.UnitTests.dll" adapterTypeName="executor://mstestadapter/v2" className="VideoOS.SqlUpdate.UnitTests.MainControllerTests" name="Execute_GivenHelpArg_ShouldLogHelpAndReturnTrue" />
    </UnitTest>
    <UnitTest name="GetLogLevel_WarningLogLevel_Success" storage="d:\actions-runner\_work\xpco\xpco\common\videoos.database.common\tst\videoos.sqlupdate.unittests\bin\debug\net47\videoos.sqlupdate.unittests.dll" id="4f77b768-fdd6-d9f7-17dc-d6fe0dba6a76">
      <Execution id="d686b5b8-a54f-4ca3-bf28-46b363ed8f0c" />
      <TestMethod codeBase="D:\actions-runner\_work\XPCO\XPCO\Common\VideoOS.Database.Common\tst\VideoOS.SqlUpdate.UnitTests\bin\Debug\net47\VideoOS.SqlUpdate.UnitTests.dll" adapterTypeName="executor://mstestadapter/v2" className="VideoOS.SqlUpdate.UnitTests.Core.Logger.LogLevelArgumentParserTests" name="GetLogLevel_WarningLogLevel_Success" />
    </UnitTest>
    <UnitTest name="EnrichConfiguration_GivenInputAppConfig_ShouldReturnCorrectAppConfig" storage="d:\actions-runner\_work\xpco\xpco\common\videoos.database.common\tst\videoos.sqlupdate.unittests\bin\debug\net47\videoos.sqlupdate.unittests.dll" id="2388efa5-9ced-56ba-7b92-9b5de847fc7e">
      <Execution id="244e9a5d-5701-4856-99e3-5ec69a71e79c" />
      <TestMethod codeBase="D:\actions-runner\_work\XPCO\XPCO\Common\VideoOS.Database.Common\tst\VideoOS.SqlUpdate.UnitTests\bin\Debug\net47\VideoOS.SqlUpdate.UnitTests.dll" adapterTypeName="executor://mstestadapter/v2" className="VideoOS.SqlUpdate.UnitTests.Core.Configuration.AppConfigHelperTests" name="EnrichConfiguration_GivenInputAppConfig_ShouldReturnCorrectAppConfig" />
    </UnitTest>
    <UnitTest name="Execute_ScriptNoVersion_ShouldNotSetVersion" storage="d:\actions-runner\_work\xpco\xpco\common\videoos.database.common\tst\videoos.sqlupdate.unittests\bin\debug\net47\videoos.sqlupdate.unittests.dll" id="50a58278-6fbf-6e1e-a6e1-637055c38299">
      <Execution id="7bdaf023-5eba-4bff-9bf1-f8785e4cd7b8" />
      <TestMethod codeBase="D:\actions-runner\_work\XPCO\XPCO\Common\VideoOS.Database.Common\tst\VideoOS.SqlUpdate.UnitTests\bin\Debug\net47\VideoOS.SqlUpdate.UnitTests.dll" adapterTypeName="executor://mstestadapter/v2" className="VideoOS.SqlUpdate.UnitTests.Core.Scripts.ScriptsExecutorTests" name="Execute_ScriptNoVersion_ShouldNotSetVersion" />
    </UnitTest>
    <UnitTest name="IsValidConfiguration_GivenNotSupportedCommandLineArg_ShouldLogAndReturnFalse" storage="d:\actions-runner\_work\xpco\xpco\common\videoos.database.common\tst\videoos.sqlupdate.unittests\bin\debug\net47\videoos.sqlupdate.unittests.dll" id="e9246b2a-5ddd-ce86-661a-ec992691ba70">
      <Execution id="2e068c1f-0078-493b-aef8-0bcf64aa578b" />
      <TestMethod codeBase="D:\actions-runner\_work\XPCO\XPCO\Common\VideoOS.Database.Common\tst\VideoOS.SqlUpdate.UnitTests\bin\Debug\net47\VideoOS.SqlUpdate.UnitTests.dll" adapterTypeName="executor://mstestadapter/v2" className="VideoOS.SqlUpdate.UnitTests.Core.Configuration.AppConfigProviderTests" name="IsValidConfiguration_GivenNotSupportedCommandLineArg_ShouldLogAndReturnFalse" />
    </UnitTest>
    <UnitTest name="Execute_GivenOneBrokenScriptInCollection_ShouldThrow" storage="d:\actions-runner\_work\xpco\xpco\common\videoos.database.common\tst\videoos.sqlupdate.unittests\bin\debug\net47\videoos.sqlupdate.unittests.dll" id="904deb02-8736-9b32-c134-5c7d259832e2">
      <Execution id="6a9d93cd-2afe-4c76-a58c-e8b90e7771e1" />
      <TestMethod codeBase="D:\actions-runner\_work\XPCO\XPCO\Common\VideoOS.Database.Common\tst\VideoOS.SqlUpdate.UnitTests\bin\Debug\net47\VideoOS.SqlUpdate.UnitTests.dll" adapterTypeName="executor://mstestadapter/v2" className="VideoOS.SqlUpdate.UnitTests.Core.Scripts.ScriptsExecutorTests" name="Execute_GivenOneBrokenScriptInCollection_ShouldThrow" />
    </UnitTest>
    <UnitTest name="CreateAllDatabasesExternallyManagedUsingLimitedAccounts" storage="d:\actions-runner\_work\xpco\xpco\common\videoos.database.common\tst\videoos.sqlupdate.unittests\bin\debug\net47\videoos.sqlupdate.unittests.dll" id="cc68eb69-61b4-2530-3b70-25726734b520">
      <TestCategory>
        <TestCategoryItem TestCategory="Database" />
      </TestCategory>
      <Execution id="58ca24fc-ae53-401d-9b66-a4971ba7a3c4" />
      <TestMethod codeBase="D:\actions-runner\_work\XPCO\XPCO\Common\VideoOS.Database.Common\tst\VideoOS.SqlUpdate.UnitTests\bin\Debug\net47\VideoOS.SqlUpdate.UnitTests.dll" adapterTypeName="executor://mstestadapter/v2" className="VideoOS.SqlUpdate.UnitTests.SqlUpdateDatabaseTests" name="CreateAllDatabasesExternallyManagedUsingLimitedAccounts" />
    </UnitTest>
    <UnitTest name="CreateAllDatabases" storage="d:\actions-runner\_work\xpco\xpco\common\videoos.database.common\tst\videoos.sqlupdate.unittests\bin\debug\net47\videoos.sqlupdate.unittests.dll" id="6f5df8b4-452b-59af-aaa5-4ca2d6ff793d">
      <TestCategory>
        <TestCategoryItem TestCategory="Database" />
      </TestCategory>
      <Execution id="d19d5467-14dd-4a94-aefa-aaf9136fe165" />
      <TestMethod codeBase="D:\actions-runner\_work\XPCO\XPCO\Common\VideoOS.Database.Common\tst\VideoOS.SqlUpdate.UnitTests\bin\Debug\net47\VideoOS.SqlUpdate.UnitTests.dll" adapterTypeName="executor://mstestadapter/v2" className="VideoOS.SqlUpdate.UnitTests.SqlUpdateDatabaseTests" name="CreateAllDatabases" />
    </UnitTest>
    <UnitTest name="Constructor_ScriptsCollector_Null_Throws_ArgumentNullException" storage="d:\actions-runner\_work\xpco\xpco\common\videoos.database.common\tst\videoos.sqlupdate.unittests\bin\debug\net47\videoos.sqlupdate.unittests.dll" id="04e2ea31-6c30-6dc2-1890-8643fb008cc3">
      <Execution id="ab516dd6-c927-4a43-bc1a-d13c5e17cec8" />
      <TestMethod codeBase="D:\actions-runner\_work\XPCO\XPCO\Common\VideoOS.Database.Common\tst\VideoOS.SqlUpdate.UnitTests\bin\Debug\net47\VideoOS.SqlUpdate.UnitTests.dll" adapterTypeName="executor://mstestadapter/v2" className="VideoOS.SqlUpdate.UnitTests.Core.Services.DbServiceTests" name="Constructor_ScriptsCollector_Null_Throws_ArgumentNullException" />
    </UnitTest>
    <UnitTest name="IsReadyToExecute_UpdateScenario_HappyPath_ShouldReturnTrue" storage="d:\actions-runner\_work\xpco\xpco\common\videoos.database.common\tst\videoos.sqlupdate.unittests\bin\debug\net47\videoos.sqlupdate.unittests.dll" id="9bfeb736-ca4e-5e91-b7a2-4db35809c59a">
      <Execution id="ace577d9-c074-4724-bce5-70689773106e" />
      <TestMethod codeBase="D:\actions-runner\_work\XPCO\XPCO\Common\VideoOS.Database.Common\tst\VideoOS.SqlUpdate.UnitTests\bin\Debug\net47\VideoOS.SqlUpdate.UnitTests.dll" adapterTypeName="executor://mstestadapter/v2" className="VideoOS.SqlUpdate.UnitTests.Core.Services.DbServiceTests" name="IsReadyToExecute_UpdateScenario_HappyPath_ShouldReturnTrue" />
    </UnitTest>
    <UnitTest name="Create_GivenScriptWithoutTransactionSupport_ShouldReturnScriptWithoutTransactionSupport" storage="d:\actions-runner\_work\xpco\xpco\common\videoos.database.common\tst\videoos.sqlupdate.unittests\bin\debug\net47\videoos.sqlupdate.unittests.dll" id="6ee6e7fe-d9ff-b8c7-4cce-86eb02501373">
      <Execution id="23fb7dc0-880e-43b2-8aa6-c07b77cb9b80" />
      <TestMethod codeBase="D:\actions-runner\_work\XPCO\XPCO\Common\VideoOS.Database.Common\tst\VideoOS.SqlUpdate.UnitTests\bin\Debug\net47\VideoOS.SqlUpdate.UnitTests.dll" adapterTypeName="executor://mstestadapter/v2" className="VideoOS.SqlUpdate.UnitTests.Core.Scripts.ScriptFactoryTests" name="Create_GivenScriptWithoutTransactionSupport_ShouldReturnScriptWithoutTransactionSupport" />
    </UnitTest>
    <UnitTest name="Create_GivenNonVersionedScript_ShouldReturnScriptWithoutVersion" storage="d:\actions-runner\_work\xpco\xpco\common\videoos.database.common\tst\videoos.sqlupdate.unittests\bin\debug\net47\videoos.sqlupdate.unittests.dll" id="10da54e4-c3e2-70d3-8bc7-de9feda214da">
      <Execution id="8a58641f-6aad-4295-9d35-3f97ff17f8bc" />
      <TestMethod codeBase="D:\actions-runner\_work\XPCO\XPCO\Common\VideoOS.Database.Common\tst\VideoOS.SqlUpdate.UnitTests\bin\Debug\net47\VideoOS.SqlUpdate.UnitTests.dll" adapterTypeName="executor://mstestadapter/v2" className="VideoOS.SqlUpdate.UnitTests.Core.Scripts.ScriptFactoryTests" name="Create_GivenNonVersionedScript_ShouldReturnScriptWithoutVersion" />
    </UnitTest>
    <UnitTest name="Constructor_MasterDbOperations_Null_Throws_ArgumentNullException" storage="d:\actions-runner\_work\xpco\xpco\common\videoos.database.common\tst\videoos.sqlupdate.unittests\bin\debug\net47\videoos.sqlupdate.unittests.dll" id="5581f54c-df72-453d-9da1-39abdb36fa4f">
      <Execution id="d6da2706-ea85-49b9-86a1-45d6a056dbea" />
      <TestMethod codeBase="D:\actions-runner\_work\XPCO\XPCO\Common\VideoOS.Database.Common\tst\VideoOS.SqlUpdate.UnitTests\bin\Debug\net47\VideoOS.SqlUpdate.UnitTests.dll" adapterTypeName="executor://mstestadapter/v2" className="VideoOS.SqlUpdate.UnitTests.Core.Services.DbServiceTests" name="Constructor_MasterDbOperations_Null_Throws_ArgumentNullException" />
    </UnitTest>
    <UnitTest name="GetVersionedScripts_GivenOldScriptThatCurrentDbVersion_ShouldSkipThatScript" storage="d:\actions-runner\_work\xpco\xpco\common\videoos.database.common\tst\videoos.sqlupdate.unittests\bin\debug\net47\videoos.sqlupdate.unittests.dll" id="3cca7369-9ecc-3ef2-22e8-86d9ac384202">
      <Execution id="6e9181a5-15b4-483f-a53c-b5ce50dcaa78" />
      <TestMethod codeBase="D:\actions-runner\_work\XPCO\XPCO\Common\VideoOS.Database.Common\tst\VideoOS.SqlUpdate.UnitTests\bin\Debug\net47\VideoOS.SqlUpdate.UnitTests.dll" adapterTypeName="executor://mstestadapter/v2" className="VideoOS.SqlUpdate.UnitTests.Core.Scripts.ScriptsCollectorTests" name="GetVersionedScripts_GivenOldScriptThatCurrentDbVersion_ShouldSkipThatScript" />
    </UnitTest>
    <UnitTest name="Get_GivenNotSupportedCommandLineArg_ShouldLogAndReturnNull" storage="d:\actions-runner\_work\xpco\xpco\common\videoos.database.common\tst\videoos.sqlupdate.unittests\bin\debug\net47\videoos.sqlupdate.unittests.dll" id="064429b8-a5d8-3b48-d5a4-fc74fc62b102">
      <Execution id="3d552369-c9e4-4277-bc17-9d0fa00cd95a" />
      <TestMethod codeBase="D:\actions-runner\_work\XPCO\XPCO\Common\VideoOS.Database.Common\tst\VideoOS.SqlUpdate.UnitTests\bin\Debug\net47\VideoOS.SqlUpdate.UnitTests.dll" adapterTypeName="executor://mstestadapter/v2" className="VideoOS.SqlUpdate.UnitTests.Core.Configuration.AppConfigProviderTests" name="Get_GivenNotSupportedCommandLineArg_ShouldLogAndReturnNull" />
    </UnitTest>
    <UnitTest name="Constructor_DatabaseVersionProviderFactory_Null_Throws_ArgumentNullException" storage="d:\actions-runner\_work\xpco\xpco\common\videoos.database.common\tst\videoos.sqlupdate.unittests\bin\debug\net47\videoos.sqlupdate.unittests.dll" id="b608d459-68f8-4b17-c569-7ce8de19aa3a">
      <Execution id="311402f2-1a9d-46e1-97f2-2a1ca0593d7d" />
      <TestMethod codeBase="D:\actions-runner\_work\XPCO\XPCO\Common\VideoOS.Database.Common\tst\VideoOS.SqlUpdate.UnitTests\bin\Debug\net47\VideoOS.SqlUpdate.UnitTests.dll" adapterTypeName="executor://mstestadapter/v2" className="VideoOS.SqlUpdate.UnitTests.Core.Services.DbServiceTests" name="Constructor_DatabaseVersionProviderFactory_Null_Throws_ArgumentNullException" />
    </UnitTest>
    <UnitTest name="Constructor_DbOperations_Null_Throws_ArgumentNullException" storage="d:\actions-runner\_work\xpco\xpco\common\videoos.database.common\tst\videoos.sqlupdate.unittests\bin\debug\net47\videoos.sqlupdate.unittests.dll" id="7cf895a2-7f92-0c2a-94f7-77225e4e367a">
      <Execution id="a2d928da-4aa2-47fd-9939-31182fbe767b" />
      <TestMethod codeBase="D:\actions-runner\_work\XPCO\XPCO\Common\VideoOS.Database.Common\tst\VideoOS.SqlUpdate.UnitTests\bin\Debug\net47\VideoOS.SqlUpdate.UnitTests.dll" adapterTypeName="executor://mstestadapter/v2" className="VideoOS.SqlUpdate.UnitTests.Core.Services.DbServiceTests" name="Constructor_DbOperations_Null_Throws_ArgumentNullException" />
    </UnitTest>
    <UnitTest name="Create_GivenScriptWithMultipleStatements_ShouldReturnScriptWithThatStatements" storage="d:\actions-runner\_work\xpco\xpco\common\videoos.database.common\tst\videoos.sqlupdate.unittests\bin\debug\net47\videoos.sqlupdate.unittests.dll" id="d6dfd496-6209-a847-e8f3-6fbcdc84c22c">
      <Execution id="d8916ffa-f8ba-475d-b608-90c4dd32fb25" />
      <TestMethod codeBase="D:\actions-runner\_work\XPCO\XPCO\Common\VideoOS.Database.Common\tst\VideoOS.SqlUpdate.UnitTests\bin\Debug\net47\VideoOS.SqlUpdate.UnitTests.dll" adapterTypeName="executor://mstestadapter/v2" className="VideoOS.SqlUpdate.UnitTests.Core.Scripts.ScriptFactoryTests" name="Create_GivenScriptWithMultipleStatements_ShouldReturnScriptWithThatStatements" />
    </UnitTest>
    <UnitTest name="ShouldExecute_NoVmsConnectionString_ShouldReturnFalse" storage="d:\actions-runner\_work\xpco\xpco\common\videoos.database.common\tst\videoos.sqlupdate.unittests\bin\debug\net47\videoos.sqlupdate.unittests.dll" id="7e1833b0-8b42-2c29-a2eb-b5a87e60f73a">
      <Execution id="c2ac72a6-add1-4a92-9e83-7914a4e6d636" />
      <TestMethod codeBase="D:\actions-runner\_work\XPCO\XPCO\Common\VideoOS.Database.Common\tst\VideoOS.SqlUpdate.UnitTests\bin\Debug\net47\VideoOS.SqlUpdate.UnitTests.dll" adapterTypeName="executor://mstestadapter/v2" className="VideoOS.SqlUpdate.UnitTests.Core.Services.DbServiceTests" name="ShouldExecute_NoVmsConnectionString_ShouldReturnFalse" />
    </UnitTest>
    <UnitTest name="Constructor_KeyStorage_Null_Throws_ArgumentNullException" storage="d:\actions-runner\_work\xpco\xpco\common\videoos.database.common\tst\videoos.sqlupdate.unittests\bin\debug\net47\videoos.sqlupdate.unittests.dll" id="5bf11d8b-aae6-877c-b28c-17bae43fadfa">
      <Execution id="e32fab4d-8dc0-4d38-958b-24b57b69c878" />
      <TestMethod codeBase="D:\actions-runner\_work\XPCO\XPCO\Common\VideoOS.Database.Common\tst\VideoOS.SqlUpdate.UnitTests\bin\Debug\net47\VideoOS.SqlUpdate.UnitTests.dll" adapterTypeName="executor://mstestadapter/v2" className="VideoOS.SqlUpdate.UnitTests.Core.Services.DbServiceTests" name="Constructor_KeyStorage_Null_Throws_ArgumentNullException" />
    </UnitTest>
    <UnitTest name="Execute_GivenOneScriptInCollection_ShouldExecuteScript" storage="d:\actions-runner\_work\xpco\xpco\common\videoos.database.common\tst\videoos.sqlupdate.unittests\bin\debug\net47\videoos.sqlupdate.unittests.dll" id="bd5aa487-7039-c07f-c64a-9bb61750aff0">
      <Execution id="3bc444fa-acf2-447a-befb-e2ac0a092d7e" />
      <TestMethod codeBase="D:\actions-runner\_work\XPCO\XPCO\Common\VideoOS.Database.Common\tst\VideoOS.SqlUpdate.UnitTests\bin\Debug\net47\VideoOS.SqlUpdate.UnitTests.dll" adapterTypeName="executor://mstestadapter/v2" className="VideoOS.SqlUpdate.UnitTests.Core.Scripts.ScriptsExecutorTests" name="Execute_GivenOneScriptInCollection_ShouldExecuteScript" />
    </UnitTest>
    <UnitTest name="GetLogLevel_InvalidArgument_Returns_DefaultLogLevel" storage="d:\actions-runner\_work\xpco\xpco\common\videoos.database.common\tst\videoos.sqlupdate.unittests\bin\debug\net47\videoos.sqlupdate.unittests.dll" id="b981ef1e-0643-0a10-c408-9602ea31071b">
      <Execution id="1ec78e3d-c0ea-4504-9620-12cb3a417a14" />
      <TestMethod codeBase="D:\actions-runner\_work\XPCO\XPCO\Common\VideoOS.Database.Common\tst\VideoOS.SqlUpdate.UnitTests\bin\Debug\net47\VideoOS.SqlUpdate.UnitTests.dll" adapterTypeName="executor://mstestadapter/v2" className="VideoOS.SqlUpdate.UnitTests.Core.Logger.LogLevelArgumentParserTests" name="GetLogLevel_InvalidArgument_Returns_DefaultLogLevel" />
    </UnitTest>
    <UnitTest name="Execute_GivenInvalidAppConfiguration_ShouldLogAndReturnFalse" storage="d:\actions-runner\_work\xpco\xpco\common\videoos.database.common\tst\videoos.sqlupdate.unittests\bin\debug\net47\videoos.sqlupdate.unittests.dll" id="6717228d-b0db-29cf-2f7d-7fb9f7b75e75">
      <Execution id="3d9a8e4a-bbef-4471-8d4c-cf4c2bb8a4ff" />
      <TestMethod codeBase="D:\actions-runner\_work\XPCO\XPCO\Common\VideoOS.Database.Common\tst\VideoOS.SqlUpdate.UnitTests\bin\Debug\net47\VideoOS.SqlUpdate.UnitTests.dll" adapterTypeName="executor://mstestadapter/v2" className="VideoOS.SqlUpdate.UnitTests.MainControllerTests" name="Execute_GivenInvalidAppConfiguration_ShouldLogAndReturnFalse" />
    </UnitTest>
    <UnitTest name="IsReadyToExecute_UpdateScenario_DatabaseExistsButShouldBeDeleted_ShouldSkipVersionAndProductValidation" storage="d:\actions-runner\_work\xpco\xpco\common\videoos.database.common\tst\videoos.sqlupdate.unittests\bin\debug\net47\videoos.sqlupdate.unittests.dll" id="79591c70-394d-9f25-62b4-ef18405cf903">
      <Execution id="7412e58a-6d02-4b57-a4aa-ff8f17fc58b9" />
      <TestMethod codeBase="D:\actions-runner\_work\XPCO\XPCO\Common\VideoOS.Database.Common\tst\VideoOS.SqlUpdate.UnitTests\bin\Debug\net47\VideoOS.SqlUpdate.UnitTests.dll" adapterTypeName="executor://mstestadapter/v2" className="VideoOS.SqlUpdate.UnitTests.Core.Services.DbServiceTests" name="IsReadyToExecute_UpdateScenario_DatabaseExistsButShouldBeDeleted_ShouldSkipVersionAndProductValidation" />
    </UnitTest>
    <UnitTest name="CreateThenUpgradeVmsDatabaseNoUpgradeScripts" storage="d:\actions-runner\_work\xpco\xpco\common\videoos.database.common\tst\videoos.sqlupdate.unittests\bin\debug\net47\videoos.sqlupdate.unittests.dll" id="dde1f694-7e4c-1e4e-07c3-2a4082992625">
      <TestCategory>
        <TestCategoryItem TestCategory="Database" />
      </TestCategory>
      <Execution id="b2918f07-9ee3-4974-b751-e6baac32fda1" />
      <TestMethod codeBase="D:\actions-runner\_work\XPCO\XPCO\Common\VideoOS.Database.Common\tst\VideoOS.SqlUpdate.UnitTests\bin\Debug\net47\VideoOS.SqlUpdate.UnitTests.dll" adapterTypeName="executor://mstestadapter/v2" className="VideoOS.SqlUpdate.UnitTests.SqlUpdateDatabaseTests" name="CreateThenUpgradeVmsDatabaseNoUpgradeScripts" />
    </UnitTest>
    <UnitTest name="Constructor_Logger_Null_Throws_ArgumentNullException" storage="d:\actions-runner\_work\xpco\xpco\common\videoos.database.common\tst\videoos.sqlupdate.unittests\bin\debug\net47\videoos.sqlupdate.unittests.dll" id="41d30b56-9442-82fc-617e-045fc6735520">
      <Execution id="ca439198-892e-4efc-96a7-2835a296c377" />
      <TestMethod codeBase="D:\actions-runner\_work\XPCO\XPCO\Common\VideoOS.Database.Common\tst\VideoOS.SqlUpdate.UnitTests\bin\Debug\net47\VideoOS.SqlUpdate.UnitTests.dll" adapterTypeName="executor://mstestadapter/v2" className="VideoOS.SqlUpdate.UnitTests.Core.Services.DbServiceTests" name="Constructor_Logger_Null_Throws_ArgumentNullException" />
    </UnitTest>
    <UnitTest name="Get_GivenCommandLineArgs_ShouldReturnCorrectAppConfig" storage="d:\actions-runner\_work\xpco\xpco\common\videoos.database.common\tst\videoos.sqlupdate.unittests\bin\debug\net47\videoos.sqlupdate.unittests.dll" id="702645e6-7396-cb60-9de0-cccaae422d3f">
      <Execution id="5b63f0e5-546a-4b7f-8373-e795960f05c3" />
      <TestMethod codeBase="D:\actions-runner\_work\XPCO\XPCO\Common\VideoOS.Database.Common\tst\VideoOS.SqlUpdate.UnitTests\bin\Debug\net47\VideoOS.SqlUpdate.UnitTests.dll" adapterTypeName="executor://mstestadapter/v2" className="VideoOS.SqlUpdate.UnitTests.Core.Configuration.AppConfigProviderTests" name="Get_GivenCommandLineArgs_ShouldReturnCorrectAppConfig" />
    </UnitTest>
    <UnitTest name="Get_GivenEmptyCommandLineArgs_ShouldReturnDefaultAppConfig" storage="d:\actions-runner\_work\xpco\xpco\common\videoos.database.common\tst\videoos.sqlupdate.unittests\bin\debug\net47\videoos.sqlupdate.unittests.dll" id="ca18aca4-9d6f-eaf5-771c-009a4cbed329">
      <Execution id="c6816eba-8e8e-48a3-90a5-65bd7cb0f4b5" />
      <TestMethod codeBase="D:\actions-runner\_work\XPCO\XPCO\Common\VideoOS.Database.Common\tst\VideoOS.SqlUpdate.UnitTests\bin\Debug\net47\VideoOS.SqlUpdate.UnitTests.dll" adapterTypeName="executor://mstestadapter/v2" className="VideoOS.SqlUpdate.UnitTests.Core.Configuration.AppConfigProviderTests" name="Get_GivenEmptyCommandLineArgs_ShouldReturnDefaultAppConfig" />
    </UnitTest>
    <UnitTest name="CreateEmbedded_GivenExistingScriptName_ShouldReturnValidScript" storage="d:\actions-runner\_work\xpco\xpco\common\videoos.database.common\tst\videoos.sqlupdate.unittests\bin\debug\net47\videoos.sqlupdate.unittests.dll" id="c88add81-88bd-8ea9-989f-db2dfc287771">
      <Execution id="78ce822e-6ecc-4aaa-8f7c-6cb5779bf7eb" />
      <TestMethod codeBase="D:\actions-runner\_work\XPCO\XPCO\Common\VideoOS.Database.Common\tst\VideoOS.SqlUpdate.UnitTests\bin\Debug\net47\VideoOS.SqlUpdate.UnitTests.dll" adapterTypeName="executor://mstestadapter/v2" className="VideoOS.SqlUpdate.UnitTests.Core.Scripts.ScriptFactoryTests" name="CreateEmbedded_GivenExistingScriptName_ShouldReturnValidScript" />
    </UnitTest>
    <UnitTest name="Create_GivenScriptWithOneStatement_ShouldReturnScriptWithThatStatement" storage="d:\actions-runner\_work\xpco\xpco\common\videoos.database.common\tst\videoos.sqlupdate.unittests\bin\debug\net47\videoos.sqlupdate.unittests.dll" id="f64c12ad-84d7-c28d-9e74-5b9666974d96">
      <Execution id="5fa64847-bf2c-42e3-b9b9-8e821d856bca" />
      <TestMethod codeBase="D:\actions-runner\_work\XPCO\XPCO\Common\VideoOS.Database.Common\tst\VideoOS.SqlUpdate.UnitTests\bin\Debug\net47\VideoOS.SqlUpdate.UnitTests.dll" adapterTypeName="executor://mstestadapter/v2" className="VideoOS.SqlUpdate.UnitTests.Core.Scripts.ScriptFactoryTests" name="Create_GivenScriptWithOneStatement_ShouldReturnScriptWithThatStatement" />
    </UnitTest>
    <UnitTest name="CreateVmsDatabaseDatabaseAlreadyExists" storage="d:\actions-runner\_work\xpco\xpco\common\videoos.database.common\tst\videoos.sqlupdate.unittests\bin\debug\net47\videoos.sqlupdate.unittests.dll" id="686a860e-766b-012e-f87d-3bb3f66d6abf">
      <TestCategory>
        <TestCategoryItem TestCategory="Database" />
      </TestCategory>
      <Execution id="d2bb19a5-d520-4ae9-99e9-65b356eaa36e" />
      <TestMethod codeBase="D:\actions-runner\_work\XPCO\XPCO\Common\VideoOS.Database.Common\tst\VideoOS.SqlUpdate.UnitTests\bin\Debug\net47\VideoOS.SqlUpdate.UnitTests.dll" adapterTypeName="executor://mstestadapter/v2" className="VideoOS.SqlUpdate.UnitTests.SqlUpdateDatabaseTests" name="CreateVmsDatabaseDatabaseAlreadyExists" />
    </UnitTest>
    <UnitTest name="Constructor_NoNulls_Success" storage="d:\actions-runner\_work\xpco\xpco\common\videoos.database.common\tst\videoos.sqlupdate.unittests\bin\debug\net47\videoos.sqlupdate.unittests.dll" id="9b464051-17df-e8a9-ef0d-733218e9a3ee">
      <Execution id="ff6dc4b0-094e-4852-a1d0-b7da1a468768" />
      <TestMethod codeBase="D:\actions-runner\_work\XPCO\XPCO\Common\VideoOS.Database.Common\tst\VideoOS.SqlUpdate.UnitTests\bin\Debug\net47\VideoOS.SqlUpdate.UnitTests.dll" adapterTypeName="executor://mstestadapter/v2" className="VideoOS.SqlUpdate.UnitTests.Core.Services.DbServiceTests" name="Constructor_NoNulls_Success" />
    </UnitTest>
    <UnitTest name="CreateEmbedded_GivenEmptyScriptName_ShouldThrow" storage="d:\actions-runner\_work\xpco\xpco\common\videoos.database.common\tst\videoos.sqlupdate.unittests\bin\debug\net47\videoos.sqlupdate.unittests.dll" id="741339a6-21fe-a872-cd6b-b614a77cc752">
      <Execution id="07869e4b-fc68-4e8e-bdd8-d265bf8a9f47" />
      <TestMethod codeBase="D:\actions-runner\_work\XPCO\XPCO\Common\VideoOS.Database.Common\tst\VideoOS.SqlUpdate.UnitTests\bin\Debug\net47\VideoOS.SqlUpdate.UnitTests.dll" adapterTypeName="executor://mstestadapter/v2" className="VideoOS.SqlUpdate.UnitTests.Core.Scripts.ScriptFactoryTests" name="CreateEmbedded_GivenEmptyScriptName_ShouldThrow" />
    </UnitTest>
    <UnitTest name="GetAllScripts_GivenStoredProcedures_ShouldCollectThem_Success" storage="d:\actions-runner\_work\xpco\xpco\common\videoos.database.common\tst\videoos.sqlupdate.unittests\bin\debug\net47\videoos.sqlupdate.unittests.dll" id="875548f8-2077-d880-325c-60b6c68964fb">
      <Execution id="b375a26e-0eed-4d33-b8b1-25934f8bdd64" />
      <TestMethod codeBase="D:\actions-runner\_work\XPCO\XPCO\Common\VideoOS.Database.Common\tst\VideoOS.SqlUpdate.UnitTests\bin\Debug\net47\VideoOS.SqlUpdate.UnitTests.dll" adapterTypeName="executor://mstestadapter/v2" className="VideoOS.SqlUpdate.UnitTests.Core.Scripts.ScriptsCollectorTests" name="GetAllScripts_GivenStoredProcedures_ShouldCollectThem_Success" />
    </UnitTest>
    <UnitTest name="GetVersionedScripts_PathWithoutScripts_EmptyResult_Success" storage="d:\actions-runner\_work\xpco\xpco\common\videoos.database.common\tst\videoos.sqlupdate.unittests\bin\debug\net47\videoos.sqlupdate.unittests.dll" id="fc744469-1019-677e-ec3e-cac0babb1498">
      <Execution id="8d2f1675-d762-4a03-8cfc-67bb6ec3e7ce" />
      <TestMethod codeBase="D:\actions-runner\_work\XPCO\XPCO\Common\VideoOS.Database.Common\tst\VideoOS.SqlUpdate.UnitTests\bin\Debug\net47\VideoOS.SqlUpdate.UnitTests.dll" adapterTypeName="executor://mstestadapter/v2" className="VideoOS.SqlUpdate.UnitTests.Core.Scripts.ScriptsCollectorTests" name="GetVersionedScripts_PathWithoutScripts_EmptyResult_Success" />
    </UnitTest>
    <UnitTest name="CreateThenUpgradeInCorrectOrder" storage="d:\actions-runner\_work\xpco\xpco\common\videoos.database.common\tst\videoos.sqlupdate.unittests\bin\debug\net47\videoos.sqlupdate.unittests.dll" id="65bbabd0-1aa6-9abd-2678-07f395504fe6">
      <TestCategory>
        <TestCategoryItem TestCategory="Database" />
      </TestCategory>
      <Execution id="dfecd506-21ed-4e58-b736-e6a9afde2d3c" />
      <TestMethod codeBase="D:\actions-runner\_work\XPCO\XPCO\Common\VideoOS.Database.Common\tst\VideoOS.SqlUpdate.UnitTests\bin\Debug\net47\VideoOS.SqlUpdate.UnitTests.dll" adapterTypeName="executor://mstestadapter/v2" className="VideoOS.SqlUpdate.UnitTests.SqlUpdateDatabaseTests" name="CreateThenUpgradeInCorrectOrder" />
    </UnitTest>
    <UnitTest name="DefaultConstructor_NullEnvironmentWrapper_Throws_ArgumentNullException" storage="d:\actions-runner\_work\xpco\xpco\common\videoos.database.common\tst\videoos.sqlupdate.unittests\bin\debug\net47\videoos.sqlupdate.unittests.dll" id="95fcec59-d8a9-a66a-a9de-92fa7fa22840">
      <Execution id="c75101e7-6557-4c4f-b6e9-bc2864fb85a7" />
      <TestMethod codeBase="D:\actions-runner\_work\XPCO\XPCO\Common\VideoOS.Database.Common\tst\VideoOS.SqlUpdate.UnitTests\bin\Debug\net47\VideoOS.SqlUpdate.UnitTests.dll" adapterTypeName="executor://mstestadapter/v2" className="VideoOS.SqlUpdate.UnitTests.Core.Logger.LogLevelArgumentParserTests" name="DefaultConstructor_NullEnvironmentWrapper_Throws_ArgumentNullException" />
    </UnitTest>
    <UnitTest name="IsReadyToExecute_UpdateScenario_CurrentDbVersionLowerThanMinimumSupportedVersion_ShouldLogAndReturnFalse" storage="d:\actions-runner\_work\xpco\xpco\common\videoos.database.common\tst\videoos.sqlupdate.unittests\bin\debug\net47\videoos.sqlupdate.unittests.dll" id="af31b27d-5c61-fbc3-1ed2-e579eca71705">
      <Execution id="7de0b5bc-9ff4-44e5-9670-91dfb5901e35" />
      <TestMethod codeBase="D:\actions-runner\_work\XPCO\XPCO\Common\VideoOS.Database.Common\tst\VideoOS.SqlUpdate.UnitTests\bin\Debug\net47\VideoOS.SqlUpdate.UnitTests.dll" adapterTypeName="executor://mstestadapter/v2" className="VideoOS.SqlUpdate.UnitTests.Core.Services.DbServiceTests" name="IsReadyToExecute_UpdateScenario_CurrentDbVersionLowerThanMinimumSupportedVersion_ShouldLogAndReturnFalse" />
    </UnitTest>
    <UnitTest name="Constructor_ScriptsExecutor_Null_Throws_ArgumentNullException" storage="d:\actions-runner\_work\xpco\xpco\common\videoos.database.common\tst\videoos.sqlupdate.unittests\bin\debug\net47\videoos.sqlupdate.unittests.dll" id="04f8bbce-1f90-cd92-253a-67e1f4ba674f">
      <Execution id="87639a98-0043-4abf-be19-e570033f2943" />
      <TestMethod codeBase="D:\actions-runner\_work\XPCO\XPCO\Common\VideoOS.Database.Common\tst\VideoOS.SqlUpdate.UnitTests\bin\Debug\net47\VideoOS.SqlUpdate.UnitTests.dll" adapterTypeName="executor://mstestadapter/v2" className="VideoOS.SqlUpdate.UnitTests.Core.Services.DbServiceTests" name="Constructor_ScriptsExecutor_Null_Throws_ArgumentNullException" />
    </UnitTest>
  </TestDefinitions>
  <TestEntries>
    <TestEntry testId="6717228d-b0db-29cf-2f7d-7fb9f7b75e75" executionId="3d9a8e4a-bbef-4471-8d4c-cf4c2bb8a4ff" testListId="8c84fa94-04c1-424b-9868-57a2d4851a1d" />
    <TestEntry testId="f419461f-31bf-a70b-f83a-889f52c5c952" executionId="47528a3a-3b9f-4633-ba81-41313cdded60" testListId="8c84fa94-04c1-424b-9868-57a2d4851a1d" />
    <TestEntry testId="65bbabd0-1aa6-9abd-2678-07f395504fe6" executionId="dfecd506-21ed-4e58-b736-e6a9afde2d3c" testListId="8c84fa94-04c1-424b-9868-57a2d4851a1d" />
    <TestEntry testId="d6dfd496-6209-a847-e8f3-6fbcdc84c22c" executionId="d8916ffa-f8ba-475d-b608-90c4dd32fb25" testListId="8c84fa94-04c1-424b-9868-57a2d4851a1d" />
    <TestEntry testId="bc65ce97-e1cb-7cff-0568-18a39fed20c2" executionId="de139c3a-c9c4-4eb4-a2bd-9a4ccaeaf6dc" testListId="8c84fa94-04c1-424b-9868-57a2d4851a1d" />
    <TestEntry testId="b6a84fc9-b8af-7638-b578-e83dde990014" executionId="239cc380-7bc0-4fbc-963d-6cdfb9010df1" testListId="8c84fa94-04c1-424b-9868-57a2d4851a1d" />
    <TestEntry testId="68cb11d5-1985-d85b-200d-5926f8c81604" executionId="9f2971b1-f08b-414b-80ff-ceb0363c5d68" testListId="8c84fa94-04c1-424b-9868-57a2d4851a1d" />
    <TestEntry testId="95fcec59-d8a9-a66a-a9de-92fa7fa22840" executionId="c75101e7-6557-4c4f-b6e9-bc2864fb85a7" testListId="8c84fa94-04c1-424b-9868-57a2d4851a1d" />
    <TestEntry testId="0b5cb3ff-7c31-8b4f-f774-04f204b3af60" executionId="ceae0505-8395-4599-964e-91eba6666b27" testListId="8c84fa94-04c1-424b-9868-57a2d4851a1d" />
    <TestEntry testId="ca18aca4-9d6f-eaf5-771c-009a4cbed329" executionId="c6816eba-8e8e-48a3-90a5-65bd7cb0f4b5" testListId="8c84fa94-04c1-424b-9868-57a2d4851a1d" />
    <TestEntry testId="8876f71d-207b-9e98-73fb-269dea525259" executionId="e0e5d39b-9f8f-4ede-91f2-1c3d4848b686" testListId="8c84fa94-04c1-424b-9868-57a2d4851a1d" />
    <TestEntry testId="6ee6e7fe-d9ff-b8c7-4cce-86eb02501373" executionId="23fb7dc0-880e-43b2-8aa6-c07b77cb9b80" testListId="8c84fa94-04c1-424b-9868-57a2d4851a1d" />
    <TestEntry testId="686a860e-766b-012e-f87d-3bb3f66d6abf" executionId="d2bb19a5-d520-4ae9-99e9-65b356eaa36e" testListId="8c84fa94-04c1-424b-9868-57a2d4851a1d" />
    <TestEntry testId="741339a6-21fe-a872-cd6b-b614a77cc752" executionId="07869e4b-fc68-4e8e-bdd8-d265bf8a9f47" testListId="8c84fa94-04c1-424b-9868-57a2d4851a1d" />
    <TestEntry testId="702645e6-7396-cb60-9de0-cccaae422d3f" executionId="5b63f0e5-546a-4b7f-8373-e795960f05c3" testListId="8c84fa94-04c1-424b-9868-57a2d4851a1d" />
    <TestEntry testId="25819e67-9cc2-8de0-c182-77febfb0511b" executionId="e5405683-3285-44fc-b9b1-bb1287477be7" testListId="8c84fa94-04c1-424b-9868-57a2d4851a1d" />
    <TestEntry testId="78c43138-7ef9-3133-dade-14b848c3191c" executionId="ec6db535-6843-429c-b91c-7c6ce09c6f34" testListId="8c84fa94-04c1-424b-9868-57a2d4851a1d" />
    <TestEntry testId="465f0b10-185c-c9d6-3652-0b9a093b0b3b" executionId="5357ed59-a115-4588-9bed-ffd3dab0d282" testListId="8c84fa94-04c1-424b-9868-57a2d4851a1d" />
    <TestEntry testId="f64c12ad-84d7-c28d-9e74-5b9666974d96" executionId="5fa64847-bf2c-42e3-b9b9-8e821d856bca" testListId="8c84fa94-04c1-424b-9868-57a2d4851a1d" />
    <TestEntry testId="50a58278-6fbf-6e1e-a6e1-637055c38299" executionId="7bdaf023-5eba-4bff-9bf1-f8785e4cd7b8" testListId="8c84fa94-04c1-424b-9868-57a2d4851a1d" />
    <TestEntry testId="cc68eb69-61b4-2530-3b70-25726734b520" executionId="58ca24fc-ae53-401d-9b66-a4971ba7a3c4" testListId="8c84fa94-04c1-424b-9868-57a2d4851a1d" />
    <TestEntry testId="04f8bbce-1f90-cd92-253a-67e1f4ba674f" executionId="87639a98-0043-4abf-be19-e570033f2943" testListId="8c84fa94-04c1-424b-9868-57a2d4851a1d" />
    <TestEntry testId="a0f9c482-e7b2-3a3d-cfcc-2dcdd4040ff9" executionId="fadaf04f-8f39-4a6d-90b7-027af63d1d75" testListId="8c84fa94-04c1-424b-9868-57a2d4851a1d" />
    <TestEntry testId="b608d459-68f8-4b17-c569-7ce8de19aa3a" executionId="311402f2-1a9d-46e1-97f2-2a1ca0593d7d" testListId="8c84fa94-04c1-424b-9868-57a2d4851a1d" />
    <TestEntry testId="7cf895a2-7f92-0c2a-94f7-77225e4e367a" executionId="a2d928da-4aa2-47fd-9939-31182fbe767b" testListId="8c84fa94-04c1-424b-9868-57a2d4851a1d" />
    <TestEntry testId="e9f0dcf8-8217-8bbf-fe69-3ef1086dfebe" executionId="ea10f3af-68f5-417f-97cd-5d9a9e9ffacd" testListId="8c84fa94-04c1-424b-9868-57a2d4851a1d" />
    <TestEntry testId="e9246b2a-5ddd-ce86-661a-ec992691ba70" executionId="2e068c1f-0078-493b-aef8-0bcf64aa578b" testListId="8c84fa94-04c1-424b-9868-57a2d4851a1d" />
    <TestEntry testId="6f5df8b4-452b-59af-aaa5-4ca2d6ff793d" executionId="d19d5467-14dd-4a94-aefa-aaf9136fe165" testListId="8c84fa94-04c1-424b-9868-57a2d4851a1d" />
    <TestEntry testId="3cca7369-9ecc-3ef2-22e8-86d9ac384202" executionId="6e9181a5-15b4-483f-a53c-b5ce50dcaa78" testListId="8c84fa94-04c1-424b-9868-57a2d4851a1d" />
    <TestEntry testId="5b23e67a-a2a0-c3c3-cce5-1e6575c01c9d" executionId="0c9edaf4-2c8d-47a5-9a38-7cf0d2531b90" testListId="8c84fa94-04c1-424b-9868-57a2d4851a1d" />
    <TestEntry testId="9b464051-17df-e8a9-ef0d-733218e9a3ee" executionId="ff6dc4b0-094e-4852-a1d0-b7da1a468768" testListId="8c84fa94-04c1-424b-9868-57a2d4851a1d" />
    <TestEntry testId="fb86b757-bded-c0b9-e792-10e606c289de" executionId="6d003af2-b9ae-427f-b73d-82c7dcdba652" testListId="8c84fa94-04c1-424b-9868-57a2d4851a1d" />
    <TestEntry testId="01826079-be72-7b70-b9e3-2bcdd8fb2e14" executionId="f608750e-fec1-47fc-aba2-2f015c4ac80c" testListId="8c84fa94-04c1-424b-9868-57a2d4851a1d" />
    <TestEntry testId="afc650e6-c5e7-eca3-c24e-cf8137610992" executionId="94d953cf-0e09-410c-b57d-d0d2664a2c50" testListId="8c84fa94-04c1-424b-9868-57a2d4851a1d" />
    <TestEntry testId="b20c96e8-7c10-0b75-3794-96ea9f2e063e" executionId="d7a6f05c-1512-4687-b8ac-b3ddc1784fd2" testListId="8c84fa94-04c1-424b-9868-57a2d4851a1d" />
    <TestEntry testId="ab19b7bf-ad07-089f-53a1-3d3dbecbc8f5" executionId="61aa6776-22f4-411b-b30b-c4184ed55274" testListId="8c84fa94-04c1-424b-9868-57a2d4851a1d" />
    <TestEntry testId="75405596-547d-3d11-b42a-a99c32d62adb" executionId="58ebf86e-f9cd-4747-9644-69a212d926d9" testListId="8c84fa94-04c1-424b-9868-57a2d4851a1d" />
    <TestEntry testId="bba149cc-081a-f1aa-47df-144245184e0e" executionId="6575faa2-a52f-4468-9df8-114d78f11039" testListId="8c84fa94-04c1-424b-9868-57a2d4851a1d" />
    <TestEntry testId="064429b8-a5d8-3b48-d5a4-fc74fc62b102" executionId="3d552369-c9e4-4277-bc17-9d0fa00cd95a" testListId="8c84fa94-04c1-424b-9868-57a2d4851a1d" />
    <TestEntry testId="04e2ea31-6c30-6dc2-1890-8643fb008cc3" executionId="ab516dd6-c927-4a43-bc1a-d13c5e17cec8" testListId="8c84fa94-04c1-424b-9868-57a2d4851a1d" />
    <TestEntry testId="fc744469-1019-677e-ec3e-cac0babb1498" executionId="8d2f1675-d762-4a03-8cfc-67bb6ec3e7ce" testListId="8c84fa94-04c1-424b-9868-57a2d4851a1d" />
    <TestEntry testId="4f77b768-fdd6-d9f7-17dc-d6fe0dba6a76" executionId="d686b5b8-a54f-4ca3-bf28-46b363ed8f0c" testListId="8c84fa94-04c1-424b-9868-57a2d4851a1d" />
    <TestEntry testId="79591c70-394d-9f25-62b4-ef18405cf903" executionId="7412e58a-6d02-4b57-a4aa-ff8f17fc58b9" testListId="8c84fa94-04c1-424b-9868-57a2d4851a1d" />
    <TestEntry testId="3e39c4fd-e569-1a52-6db5-663e0f313655" executionId="9584d746-4b89-4510-80f0-d68e67466a0a" testListId="8c84fa94-04c1-424b-9868-57a2d4851a1d" />
    <TestEntry testId="41d30b56-9442-82fc-617e-045fc6735520" executionId="ca439198-892e-4efc-96a7-2835a296c377" testListId="8c84fa94-04c1-424b-9868-57a2d4851a1d" />
    <TestEntry testId="904deb02-8736-9b32-c134-5c7d259832e2" executionId="6a9d93cd-2afe-4c76-a58c-e8b90e7771e1" testListId="8c84fa94-04c1-424b-9868-57a2d4851a1d" />
    <TestEntry testId="2388efa5-9ced-56ba-7b92-9b5de847fc7e" executionId="244e9a5d-5701-4856-99e3-5ec69a71e79c" testListId="8c84fa94-04c1-424b-9868-57a2d4851a1d" />
    <TestEntry testId="10da54e4-c3e2-70d3-8bc7-de9feda214da" executionId="8a58641f-6aad-4295-9d35-3f97ff17f8bc" testListId="8c84fa94-04c1-424b-9868-57a2d4851a1d" />
    <TestEntry testId="9bfeb736-ca4e-5e91-b7a2-4db35809c59a" executionId="ace577d9-c074-4724-bce5-70689773106e" testListId="8c84fa94-04c1-424b-9868-57a2d4851a1d" />
    <TestEntry testId="7e1833b0-8b42-2c29-a2eb-b5a87e60f73a" executionId="c2ac72a6-add1-4a92-9e83-7914a4e6d636" testListId="8c84fa94-04c1-424b-9868-57a2d4851a1d" />
    <TestEntry testId="095f3b1b-c15f-8f8f-6f45-89cc91d4fcbb" executionId="6171f753-083e-46fb-a4e1-9ba7ea537e3d" testListId="8c84fa94-04c1-424b-9868-57a2d4851a1d" />
    <TestEntry testId="89a11917-5aa8-feb1-68af-0ce22ad844d0" executionId="95537799-d879-417a-a5ae-582c0f7c582f" testListId="8c84fa94-04c1-424b-9868-57a2d4851a1d" />
    <TestEntry testId="c88add81-88bd-8ea9-989f-db2dfc287771" executionId="78ce822e-6ecc-4aaa-8f7c-6cb5779bf7eb" testListId="8c84fa94-04c1-424b-9868-57a2d4851a1d" />
    <TestEntry testId="b981ef1e-0643-0a10-c408-9602ea31071b" executionId="1ec78e3d-c0ea-4504-9620-12cb3a417a14" testListId="8c84fa94-04c1-424b-9868-57a2d4851a1d" />
    <TestEntry testId="31e7b9fa-1a47-95f0-5dda-b3bef5a15e43" executionId="ef86694f-cd26-40a7-9ee0-2cc344758082" testListId="8c84fa94-04c1-424b-9868-57a2d4851a1d" />
    <TestEntry testId="875548f8-2077-d880-325c-60b6c68964fb" executionId="b375a26e-0eed-4d33-b8b1-25934f8bdd64" testListId="8c84fa94-04c1-424b-9868-57a2d4851a1d" />
    <TestEntry testId="ca4596e6-88b4-16cc-9437-62363304193e" executionId="1a8f8d16-0b80-4cee-ab4d-2517d17c994d" testListId="8c84fa94-04c1-424b-9868-57a2d4851a1d" />
    <TestEntry testId="e78fe158-9bbe-4100-8e01-2da76940083e" executionId="67d1e9ac-c5cc-42f4-90e8-c99b8d2841b8" testListId="8c84fa94-04c1-424b-9868-57a2d4851a1d" />
    <TestEntry testId="700cd3a9-84b0-2e12-b13f-48ceb717eb8b" executionId="b4e54a40-6598-4533-8c3b-d64dafdca752" testListId="8c84fa94-04c1-424b-9868-57a2d4851a1d" />
    <TestEntry testId="ac9ae4b8-5b59-bf17-6036-8874e550ac26" executionId="4e58f64e-de39-493c-a089-f3786d8615f7" testListId="8c84fa94-04c1-424b-9868-57a2d4851a1d" />
    <TestEntry testId="ab194622-cf10-28ec-2400-b5abc4ca3946" executionId="682b189e-7714-4a0f-9ff0-ab53983240bd" testListId="8c84fa94-04c1-424b-9868-57a2d4851a1d" />
    <TestEntry testId="bd5aa487-7039-c07f-c64a-9bb61750aff0" executionId="3bc444fa-acf2-447a-befb-e2ac0a092d7e" testListId="8c84fa94-04c1-424b-9868-57a2d4851a1d" />
    <TestEntry testId="af31b27d-5c61-fbc3-1ed2-e579eca71705" executionId="7de0b5bc-9ff4-44e5-9670-91dfb5901e35" testListId="8c84fa94-04c1-424b-9868-57a2d4851a1d" />
    <TestEntry testId="5581f54c-df72-453d-9da1-39abdb36fa4f" executionId="d6da2706-ea85-49b9-86a1-45d6a056dbea" testListId="8c84fa94-04c1-424b-9868-57a2d4851a1d" />
    <TestEntry testId="5bf11d8b-aae6-877c-b28c-17bae43fadfa" executionId="e32fab4d-8dc0-4d38-958b-24b57b69c878" testListId="8c84fa94-04c1-424b-9868-57a2d4851a1d" />
    <TestEntry testId="6099c9de-e2d2-7cf0-1838-8a8cc1758227" executionId="aaa56163-2abf-4f81-8e90-7d0dbdb5780b" testListId="8c84fa94-04c1-424b-9868-57a2d4851a1d" />
    <TestEntry testId="673d823a-c5c2-5092-cff8-6327f96305ec" executionId="ee378e78-3368-49da-8b18-5323ef4e2498" testListId="8c84fa94-04c1-424b-9868-57a2d4851a1d" />
    <TestEntry testId="32eb61fc-2450-1ada-8488-7c573853f5df" executionId="e46919a1-843b-4878-abd9-e7f39c10d331" testListId="8c84fa94-04c1-424b-9868-57a2d4851a1d" />
    <TestEntry testId="3c38b12d-0514-ddbf-d2d8-766e948984fc" executionId="0ec9ebcb-55e0-46b0-a74b-d406a1794c52" testListId="8c84fa94-04c1-424b-9868-57a2d4851a1d" />
    <TestEntry testId="dde1f694-7e4c-1e4e-07c3-2a4082992625" executionId="b2918f07-9ee3-4974-b751-e6baac32fda1" testListId="8c84fa94-04c1-424b-9868-57a2d4851a1d" />
    <TestEntry testId="cffab82f-3414-27a9-2389-810a030221f8" executionId="19809d6c-0d91-45a1-8c82-9ffb60dee309" testListId="8c84fa94-04c1-424b-9868-57a2d4851a1d" />
  </TestEntries>
  <TestLists>
    <TestList name="Results Not in a List" id="8c84fa94-04c1-424b-9868-57a2d4851a1d" />
    <TestList name="All Loaded Results" id="19431567-8539-422a-85d7-44ee4e166bda" />
  </TestLists>
  <ResultSummary outcome="Completed">
    <Counters total="71" executed="70" passed="70" failed="0" error="0" timeout="0" aborted="0" inconclusive="0" passedButRunAborted="0" notRunnable="0" notExecuted="0" disconnected="0" warning="0" completed="0" inProgress="0" pending="0" />
    <Output>
      <StdOut>Test 'CreateVmsDatabaseDatabaseAlreadyExists' was skipped in the test run.&#xD;
</StdOut>
    </Output>
  </ResultSummary>
</TestRun>