<?xml version="1.0" encoding="utf-8"?>
<TestRun id="8c9fd775-bf3b-404d-8af2-238b1893cae1" name="DKSR-EFI-04$@DKSR-EFI-04 2023-12-22 09:32:07" runUser="NT AUTHORITY\NETWORK SERVICE" xmlns="http://microsoft.com/schemas/VisualStudio/TeamTest/2010">
  <Times creation="2023-12-22T09:32:07.6464759+01:00" queuing="2023-12-22T09:32:07.6464759+01:00" start="2023-12-22T09:32:04.5058376+01:00" finish="2023-12-22T09:32:08.1152304+01:00" />
  <TestSettings name="default" id="a6ab7f70-a19f-42b0-b31a-d7f43151bc93">
    <Deployment runDeploymentRoot="DKSR-EFI-04$_DKSR-EFI-04_2023-12-22_09_32_07" />
  </TestSettings>
  <Results>
    <UnitTestResult executionId="18771d18-609f-4267-96ea-579cf6fab78f" testId="909c8658-314c-20e5-44af-b7d8e69d2ac2" testName="ViewModelRecoversStoredTimeoutValue" computerName="DKSR-EFI-04" duration="00:00:00.0003561" startTime="2023-12-22T09:32:07.6308517+01:00" endTime="2023-12-22T09:32:07.6308517+01:00" testType="13cdc9d9-ddb5-4fa4-a97d-d965ccfc6d4b" outcome="Passed" testListId="8c84fa94-04c1-424b-9868-57a2d4851a1d" relativeResultsDirectory="18771d18-609f-4267-96ea-579cf6fab78f" />
    <UnitTestResult executionId="2c12ef0f-5fa7-4115-a918-97ec81ae2582" testId="c6fd5cf0-2517-ea4f-942f-6a1c4aeeba9b" testName="WhenConvertingFromStringItShouldReturnIntValue" computerName="DKSR-EFI-04" duration="00:00:00.0002468" startTime="2023-12-22T09:32:07.7402280+01:00" endTime="2023-12-22T09:32:07.7402280+01:00" testType="13cdc9d9-ddb5-4fa4-a97d-d965ccfc6d4b" outcome="Passed" testListId="8c84fa94-04c1-424b-9868-57a2d4851a1d" relativeResultsDirectory="2c12ef0f-5fa7-4115-a918-97ec81ae2582" />
    <UnitTestResult executionId="a682e39e-b9f4-4668-93d9-e9acc605736a" testId="65e614dd-ff75-d5f3-94fa-43b91a2d51ee" testName="ReportPropertiesWhenInvokedReturnTimeout" computerName="DKSR-EFI-04" duration="00:00:00.0036499" startTime="2023-12-22T09:32:07.2870993+01:00" endTime="2023-12-22T09:32:07.2870993+01:00" testType="13cdc9d9-ddb5-4fa4-a97d-d965ccfc6d4b" outcome="Passed" testListId="8c84fa94-04c1-424b-9868-57a2d4851a1d" relativeResultsDirectory="a682e39e-b9f4-4668-93d9-e9acc605736a" />
    <UnitTestResult executionId="eac4a4e1-7434-4fff-8742-e936c9fcb47a" testId="5db0f056-2cc2-377d-80e5-4e9ba5ea45be" testName="IncrementTimeoutAboveMaximum" computerName="DKSR-EFI-04" duration="00:00:00.0109030" startTime="2023-12-22T09:32:07.6152265+01:00" endTime="2023-12-22T09:32:07.6308517+01:00" testType="13cdc9d9-ddb5-4fa4-a97d-d965ccfc6d4b" outcome="Passed" testListId="8c84fa94-04c1-424b-9868-57a2d4851a1d" relativeResultsDirectory="eac4a4e1-7434-4fff-8742-e936c9fcb47a" />
    <UnitTestResult executionId="9fa219a5-2596-45be-933b-4e5ebee9b23d" testId="55203d10-4498-1901-6e38-8c85e0805381" testName="DecrementTimeoutCommandDecrementsOneTimeUnit" computerName="DKSR-EFI-04" duration="00:00:00.0005365" startTime="2023-12-22T09:32:07.6308517+01:00" endTime="2023-12-22T09:32:07.6308517+01:00" testType="13cdc9d9-ddb5-4fa4-a97d-d965ccfc6d4b" outcome="Passed" testListId="8c84fa94-04c1-424b-9868-57a2d4851a1d" relativeResultsDirectory="9fa219a5-2596-45be-933b-4e5ebee9b23d" />
    <UnitTestResult executionId="2122de06-67ed-4959-bf1b-e407ede55953" testId="f0dd6768-c4e4-039c-4d69-dc79183ed971" testName="WhenViewModelClearedNoExceptionIsThrown" computerName="DKSR-EFI-04" duration="00:00:00.0003372" startTime="2023-12-22T09:32:07.6308517+01:00" endTime="2023-12-22T09:32:07.6308517+01:00" testType="13cdc9d9-ddb5-4fa4-a97d-d965ccfc6d4b" outcome="Passed" testListId="8c84fa94-04c1-424b-9868-57a2d4851a1d" relativeResultsDirectory="2122de06-67ed-4959-bf1b-e407ede55953" />
    <UnitTestResult executionId="bf274ee5-8c6c-4537-8079-adf41fed6426" testId="8214f5f5-5051-8c52-f76f-1da0a186b2ec" testName="WhenConvertingFromIntItShouldReturnIntValue" computerName="DKSR-EFI-04" duration="00:00:00.0007434" startTime="2023-12-22T09:32:07.7402280+01:00" endTime="2023-12-22T09:32:07.7402280+01:00" testType="13cdc9d9-ddb5-4fa4-a97d-d965ccfc6d4b" outcome="Passed" testListId="8c84fa94-04c1-424b-9868-57a2d4851a1d" relativeResultsDirectory="bf274ee5-8c6c-4537-8079-adf41fed6426" />
    <UnitTestResult executionId="6f548758-b73e-4c34-9f06-4d6404c7ebf7" testId="0f94288f-ea2f-a7ac-ec21-81c2c33471dd" testName="WhenTimerIsModifiedAndSavedItShouldBeAuditLogged" computerName="DKSR-EFI-04" duration="00:00:00.0124747" startTime="2023-12-22T09:32:07.6464759+01:00" endTime="2023-12-22T09:32:07.6464759+01:00" testType="13cdc9d9-ddb5-4fa4-a97d-d965ccfc6d4b" outcome="Passed" testListId="8c84fa94-04c1-424b-9868-57a2d4851a1d" relativeResultsDirectory="6f548758-b73e-4c34-9f06-4d6404c7ebf7" />
    <UnitTestResult executionId="d47c5535-cbd6-4086-a25d-e1bcb78e5f24" testId="96fb54eb-a55e-21bd-5ab3-c4a706d01c79" testName="TimeoutSettingDefaultIsTheExpectedOne" computerName="DKSR-EFI-04" duration="00:00:00.0003280" startTime="2023-12-22T09:32:07.6308517+01:00" endTime="2023-12-22T09:32:07.6308517+01:00" testType="13cdc9d9-ddb5-4fa4-a97d-d965ccfc6d4b" outcome="Passed" testListId="8c84fa94-04c1-424b-9868-57a2d4851a1d" relativeResultsDirectory="d47c5535-cbd6-4086-a25d-e1bcb78e5f24" />
    <UnitTestResult executionId="1fa7a3d2-895e-48e7-97b3-fd391598c9c9" testId="03f5b965-b0e4-fc3b-648a-ecbf9984aaa8" testName="WhenMultiroomAudioAdminIsConstructedItShouldAssignProperties" computerName="DKSR-EFI-04" duration="00:00:00.4267806" startTime="2023-12-22T09:32:05.8339681+01:00" endTime="2023-12-22T09:32:06.4589712+01:00" testType="13cdc9d9-ddb5-4fa4-a97d-d965ccfc6d4b" outcome="Passed" testListId="8c84fa94-04c1-424b-9868-57a2d4851a1d" relativeResultsDirectory="1fa7a3d2-895e-48e7-97b3-fd391598c9c9" />
    <UnitTestResult executionId="b03b6369-5cdc-401e-822f-5a278ae52e45" testId="ecc1f184-6199-5d9d-9d13-dfec426e421e" testName="ConfigurationRepositoryInitializesProperlyTest" computerName="DKSR-EFI-04" duration="00:00:00.7681673" startTime="2023-12-22T09:32:06.4745970+01:00" endTime="2023-12-22T09:32:07.2402246+01:00" testType="13cdc9d9-ddb5-4fa4-a97d-d965ccfc6d4b" outcome="Passed" testListId="8c84fa94-04c1-424b-9868-57a2d4851a1d" relativeResultsDirectory="b03b6369-5cdc-401e-822f-5a278ae52e45" />
    <UnitTestResult executionId="f4e5ae0d-bc34-4d94-aabd-7b208b41d2d4" testId="ba52ae88-bf05-60cd-8fc7-f649e733dc8a" testName="WhenViewModelIsFilledItShouldFireOnPropertyChangedEvent" computerName="DKSR-EFI-04" duration="00:00:00.0013172" startTime="2023-12-22T09:32:07.6308517+01:00" endTime="2023-12-22T09:32:07.6464759+01:00" testType="13cdc9d9-ddb5-4fa4-a97d-d965ccfc6d4b" outcome="Passed" testListId="8c84fa94-04c1-424b-9868-57a2d4851a1d" relativeResultsDirectory="f4e5ae0d-bc34-4d94-aabd-7b208b41d2d4" />
    <UnitTestResult executionId="bfe6e678-e14e-4679-9a22-5b03ea2192c6" testId="3c2e53aa-8c3b-b76c-2e1f-7895192c09d5" testName="WhenTimerIsNotModifiedAndSavedItShouldNotBeAuditLogged" computerName="DKSR-EFI-04" duration="00:00:00.0867626" startTime="2023-12-22T09:32:07.6464759+01:00" endTime="2023-12-22T09:32:07.7402280+01:00" testType="13cdc9d9-ddb5-4fa4-a97d-d965ccfc6d4b" outcome="Passed" testListId="8c84fa94-04c1-424b-9868-57a2d4851a1d" relativeResultsDirectory="bfe6e678-e14e-4679-9a22-5b03ea2192c6" />
    <UnitTestResult executionId="30d7812d-4e23-4c9d-add3-590b9af4b5c2" testId="51b73639-0b31-874e-21dd-61e1f5a4a520" testName="ViewModelStoresTimeoutValue" computerName="DKSR-EFI-04" duration="00:00:00.0002768" startTime="2023-12-22T09:32:07.6308517+01:00" endTime="2023-12-22T09:32:07.6308517+01:00" testType="13cdc9d9-ddb5-4fa4-a97d-d965ccfc6d4b" outcome="Passed" testListId="8c84fa94-04c1-424b-9868-57a2d4851a1d" relativeResultsDirectory="30d7812d-4e23-4c9d-add3-590b9af4b5c2" />
    <UnitTestResult executionId="3845bbe7-eff3-48a0-8487-d0e5e301adaa" testId="7b033585-53bd-9c64-3f9f-0d2d29f2fb77" testName="IncrementTimeoutCommandIncrementsOneTimeUnit" computerName="DKSR-EFI-04" duration="00:00:00.3274633" startTime="2023-12-22T09:32:07.2870993+01:00" endTime="2023-12-22T09:32:07.6152265+01:00" testType="13cdc9d9-ddb5-4fa4-a97d-d965ccfc6d4b" outcome="Passed" testListId="8c84fa94-04c1-424b-9868-57a2d4851a1d" relativeResultsDirectory="3845bbe7-eff3-48a0-8487-d0e5e301adaa" />
    <UnitTestResult executionId="4685f58f-4f17-46e5-b8a9-30c277c21afa" testId="589280b0-2583-930c-835a-f736f615bc00" testName="WhenConvertingBackItShouldReturnStringValue" computerName="DKSR-EFI-04" duration="00:00:00.0003694" startTime="2023-12-22T09:32:07.7402280+01:00" endTime="2023-12-22T09:32:07.7402280+01:00" testType="13cdc9d9-ddb5-4fa4-a97d-d965ccfc6d4b" outcome="Passed" testListId="8c84fa94-04c1-424b-9868-57a2d4851a1d" relativeResultsDirectory="4685f58f-4f17-46e5-b8a9-30c277c21afa" />
    <UnitTestResult executionId="6b8fbf44-96a5-4544-8c51-21c30a7547d6" testId="d425ac86-d7af-b159-d673-549746c0326a" testName="WhenItemIsNullReturnTheDefaultTimeout" computerName="DKSR-EFI-04" duration="00:00:00.0483771" startTime="2023-12-22T09:32:07.2402246+01:00" endTime="2023-12-22T09:32:07.2870993+01:00" testType="13cdc9d9-ddb5-4fa4-a97d-d965ccfc6d4b" outcome="Passed" testListId="8c84fa94-04c1-424b-9868-57a2d4851a1d" relativeResultsDirectory="6b8fbf44-96a5-4544-8c51-21c30a7547d6" />
    <UnitTestResult executionId="480d9ad2-8e35-436f-ab20-b0152f4e2d00" testId="af3e6935-f51c-0920-b87a-bc0a373570f9" testName="DecrementTimeoutBelowMinimum" computerName="DKSR-EFI-04" duration="00:00:00.0003612" startTime="2023-12-22T09:32:07.6308517+01:00" endTime="2023-12-22T09:32:07.6308517+01:00" testType="13cdc9d9-ddb5-4fa4-a97d-d965ccfc6d4b" outcome="Passed" testListId="8c84fa94-04c1-424b-9868-57a2d4851a1d" relativeResultsDirectory="480d9ad2-8e35-436f-ab20-b0152f4e2d00" />
  </Results>
  <TestDefinitions>
    <UnitTest name="WhenConvertingBackItShouldReturnStringValue" storage="d:\actions-runner\_work\xpco\xpco\addons\plugins\multiroomaudio\tst\videoos.plugins.multiroomaudio.mc.unittests\bin\x64\debug\net472\videoos.plugins.multiroomaudio.mc.unittests.dll" id="589280b0-2583-930c-835a-f736f615bc00">
      <Execution id="4685f58f-4f17-46e5-b8a9-30c277c21afa" />
      <TestMethod codeBase="D:\actions-runner\_work\XPCO\XPCO\AddOns\Plugins\MultiroomAudio\tst\VideoOS.Plugins.MultiroomAudio.MC.UnitTests\bin\x64\Debug\net472\VideoOS.Plugins.MultiroomAudio.MC.UnitTests.dll" adapterTypeName="executor://mstestadapter/v2" className="VideoOS.Plugins.MultiroomAudio.MC.UnitTests.StringToIntegerConverterTests" name="WhenConvertingBackItShouldReturnStringValue" />
    </UnitTest>
    <UnitTest name="IncrementTimeoutCommandIncrementsOneTimeUnit" storage="d:\actions-runner\_work\xpco\xpco\addons\plugins\multiroomaudio\tst\videoos.plugins.multiroomaudio.mc.unittests\bin\x64\debug\net472\videoos.plugins.multiroomaudio.mc.unittests.dll" id="7b033585-53bd-9c64-3f9f-0d2d29f2fb77">
      <Execution id="3845bbe7-eff3-48a0-8487-d0e5e301adaa" />
      <TestMethod codeBase="D:\actions-runner\_work\XPCO\XPCO\AddOns\Plugins\MultiroomAudio\tst\VideoOS.Plugins.MultiroomAudio.MC.UnitTests\bin\x64\Debug\net472\VideoOS.Plugins.MultiroomAudio.MC.UnitTests.dll" adapterTypeName="executor://mstestadapter/v2" className="VideoOS.Plugins.MultiroomAudio.MC.UnitTests.MultiroomAudioViewModelTests" name="IncrementTimeoutCommandIncrementsOneTimeUnit" />
    </UnitTest>
    <UnitTest name="WhenViewModelIsFilledItShouldFireOnPropertyChangedEvent" storage="d:\actions-runner\_work\xpco\xpco\addons\plugins\multiroomaudio\tst\videoos.plugins.multiroomaudio.mc.unittests\bin\x64\debug\net472\videoos.plugins.multiroomaudio.mc.unittests.dll" id="ba52ae88-bf05-60cd-8fc7-f649e733dc8a">
      <Execution id="f4e5ae0d-bc34-4d94-aabd-7b208b41d2d4" />
      <TestMethod codeBase="D:\actions-runner\_work\XPCO\XPCO\AddOns\Plugins\MultiroomAudio\tst\VideoOS.Plugins.MultiroomAudio.MC.UnitTests\bin\x64\Debug\net472\VideoOS.Plugins.MultiroomAudio.MC.UnitTests.dll" adapterTypeName="executor://mstestadapter/v2" className="VideoOS.Plugins.MultiroomAudio.MC.UnitTests.MultiroomAudioViewModelTests" name="WhenViewModelIsFilledItShouldFireOnPropertyChangedEvent" />
    </UnitTest>
    <UnitTest name="DecrementTimeoutCommandDecrementsOneTimeUnit" storage="d:\actions-runner\_work\xpco\xpco\addons\plugins\multiroomaudio\tst\videoos.plugins.multiroomaudio.mc.unittests\bin\x64\debug\net472\videoos.plugins.multiroomaudio.mc.unittests.dll" id="55203d10-4498-1901-6e38-8c85e0805381">
      <Execution id="9fa219a5-2596-45be-933b-4e5ebee9b23d" />
      <TestMethod codeBase="D:\actions-runner\_work\XPCO\XPCO\AddOns\Plugins\MultiroomAudio\tst\VideoOS.Plugins.MultiroomAudio.MC.UnitTests\bin\x64\Debug\net472\VideoOS.Plugins.MultiroomAudio.MC.UnitTests.dll" adapterTypeName="executor://mstestadapter/v2" className="VideoOS.Plugins.MultiroomAudio.MC.UnitTests.MultiroomAudioViewModelTests" name="DecrementTimeoutCommandDecrementsOneTimeUnit" />
    </UnitTest>
    <UnitTest name="TimeoutSettingDefaultIsTheExpectedOne" storage="d:\actions-runner\_work\xpco\xpco\addons\plugins\multiroomaudio\tst\videoos.plugins.multiroomaudio.mc.unittests\bin\x64\debug\net472\videoos.plugins.multiroomaudio.mc.unittests.dll" id="96fb54eb-a55e-21bd-5ab3-c4a706d01c79">
      <Execution id="d47c5535-cbd6-4086-a25d-e1bcb78e5f24" />
      <TestMethod codeBase="D:\actions-runner\_work\XPCO\XPCO\AddOns\Plugins\MultiroomAudio\tst\VideoOS.Plugins.MultiroomAudio.MC.UnitTests\bin\x64\Debug\net472\VideoOS.Plugins.MultiroomAudio.MC.UnitTests.dll" adapterTypeName="executor://mstestadapter/v2" className="VideoOS.Plugins.MultiroomAudio.MC.UnitTests.MultiroomAudioViewModelTests" name="TimeoutSettingDefaultIsTheExpectedOne" />
    </UnitTest>
    <UnitTest name="WhenConvertingFromIntItShouldReturnIntValue" storage="d:\actions-runner\_work\xpco\xpco\addons\plugins\multiroomaudio\tst\videoos.plugins.multiroomaudio.mc.unittests\bin\x64\debug\net472\videoos.plugins.multiroomaudio.mc.unittests.dll" id="8214f5f5-5051-8c52-f76f-1da0a186b2ec">
      <Execution id="bf274ee5-8c6c-4537-8079-adf41fed6426" />
      <TestMethod codeBase="D:\actions-runner\_work\XPCO\XPCO\AddOns\Plugins\MultiroomAudio\tst\VideoOS.Plugins.MultiroomAudio.MC.UnitTests\bin\x64\Debug\net472\VideoOS.Plugins.MultiroomAudio.MC.UnitTests.dll" adapterTypeName="executor://mstestadapter/v2" className="VideoOS.Plugins.MultiroomAudio.MC.UnitTests.StringToIntegerConverterTests" name="WhenConvertingFromIntItShouldReturnIntValue" />
    </UnitTest>
    <UnitTest name="WhenItemIsNullReturnTheDefaultTimeout" storage="d:\actions-runner\_work\xpco\xpco\addons\plugins\multiroomaudio\tst\videoos.plugins.multiroomaudio.mc.unittests\bin\x64\debug\net472\videoos.plugins.multiroomaudio.mc.unittests.dll" id="d425ac86-d7af-b159-d673-549746c0326a">
      <Execution id="6b8fbf44-96a5-4544-8c51-21c30a7547d6" />
      <TestMethod codeBase="D:\actions-runner\_work\XPCO\XPCO\AddOns\Plugins\MultiroomAudio\tst\VideoOS.Plugins.MultiroomAudio.MC.UnitTests\bin\x64\Debug\net472\VideoOS.Plugins.MultiroomAudio.MC.UnitTests.dll" adapterTypeName="executor://mstestadapter/v2" className="VideoOS.Plugins.MultiroomAudio.MC.UnitTests.MultiroomAudioConfigurationTests" name="WhenItemIsNullReturnTheDefaultTimeout" />
    </UnitTest>
    <UnitTest name="WhenViewModelClearedNoExceptionIsThrown" storage="d:\actions-runner\_work\xpco\xpco\addons\plugins\multiroomaudio\tst\videoos.plugins.multiroomaudio.mc.unittests\bin\x64\debug\net472\videoos.plugins.multiroomaudio.mc.unittests.dll" id="f0dd6768-c4e4-039c-4d69-dc79183ed971">
      <Execution id="2122de06-67ed-4959-bf1b-e407ede55953" />
      <TestMethod codeBase="D:\actions-runner\_work\XPCO\XPCO\AddOns\Plugins\MultiroomAudio\tst\VideoOS.Plugins.MultiroomAudio.MC.UnitTests\bin\x64\Debug\net472\VideoOS.Plugins.MultiroomAudio.MC.UnitTests.dll" adapterTypeName="executor://mstestadapter/v2" className="VideoOS.Plugins.MultiroomAudio.MC.UnitTests.MultiroomAudioViewModelTests" name="WhenViewModelClearedNoExceptionIsThrown" />
    </UnitTest>
    <UnitTest name="ConfigurationRepositoryInitializesProperlyTest" storage="d:\actions-runner\_work\xpco\xpco\addons\plugins\multiroomaudio\tst\videoos.plugins.multiroomaudio.mc.unittests\bin\x64\debug\net472\videoos.plugins.multiroomaudio.mc.unittests.dll" id="ecc1f184-6199-5d9d-9d13-dfec426e421e">
      <Execution id="b03b6369-5cdc-401e-822f-5a278ae52e45" />
      <TestMethod codeBase="D:\actions-runner\_work\XPCO\XPCO\AddOns\Plugins\MultiroomAudio\tst\VideoOS.Plugins.MultiroomAudio.MC.UnitTests\bin\x64\Debug\net472\VideoOS.Plugins.MultiroomAudio.MC.UnitTests.dll" adapterTypeName="executor://mstestadapter/v2" className="VideoOS.Plugins.MultiroomAudio.MC.UnitTests.MultiroomAudioConfigurationRepositoryTests" name="ConfigurationRepositoryInitializesProperlyTest" />
    </UnitTest>
    <UnitTest name="WhenTimerIsNotModifiedAndSavedItShouldNotBeAuditLogged" storage="d:\actions-runner\_work\xpco\xpco\addons\plugins\multiroomaudio\tst\videoos.plugins.multiroomaudio.mc.unittests\bin\x64\debug\net472\videoos.plugins.multiroomaudio.mc.unittests.dll" id="3c2e53aa-8c3b-b76c-2e1f-7895192c09d5">
      <Execution id="bfe6e678-e14e-4679-9a22-5b03ea2192c6" />
      <TestMethod codeBase="D:\actions-runner\_work\XPCO\XPCO\AddOns\Plugins\MultiroomAudio\tst\VideoOS.Plugins.MultiroomAudio.MC.UnitTests\bin\x64\Debug\net472\VideoOS.Plugins.MultiroomAudio.MC.UnitTests.dll" adapterTypeName="executor://mstestadapter/v2" className="VideoOS.Plugins.MultiroomAudio.MC.UnitTests.MultiroomAudioViewModelTests" name="WhenTimerIsNotModifiedAndSavedItShouldNotBeAuditLogged" />
    </UnitTest>
    <UnitTest name="WhenMultiroomAudioAdminIsConstructedItShouldAssignProperties" storage="d:\actions-runner\_work\xpco\xpco\addons\plugins\multiroomaudio\tst\videoos.plugins.multiroomaudio.mc.unittests\bin\x64\debug\net472\videoos.plugins.multiroomaudio.mc.unittests.dll" id="03f5b965-b0e4-fc3b-648a-ecbf9984aaa8">
      <Execution id="1fa7a3d2-895e-48e7-97b3-fd391598c9c9" />
      <TestMethod codeBase="D:\actions-runner\_work\XPCO\XPCO\AddOns\Plugins\MultiroomAudio\tst\VideoOS.Plugins.MultiroomAudio.MC.UnitTests\bin\x64\Debug\net472\VideoOS.Plugins.MultiroomAudio.MC.UnitTests.dll" adapterTypeName="executor://mstestadapter/v2" className="VideoOS.Plugins.MultiroomAudio.MC.UnitTests.MultiroomAudioAdminTests" name="WhenMultiroomAudioAdminIsConstructedItShouldAssignProperties" />
    </UnitTest>
    <UnitTest name="DecrementTimeoutBelowMinimum" storage="d:\actions-runner\_work\xpco\xpco\addons\plugins\multiroomaudio\tst\videoos.plugins.multiroomaudio.mc.unittests\bin\x64\debug\net472\videoos.plugins.multiroomaudio.mc.unittests.dll" id="af3e6935-f51c-0920-b87a-bc0a373570f9">
      <Execution id="480d9ad2-8e35-436f-ab20-b0152f4e2d00" />
      <TestMethod codeBase="D:\actions-runner\_work\XPCO\XPCO\AddOns\Plugins\MultiroomAudio\tst\VideoOS.Plugins.MultiroomAudio.MC.UnitTests\bin\x64\Debug\net472\VideoOS.Plugins.MultiroomAudio.MC.UnitTests.dll" adapterTypeName="executor://mstestadapter/v2" className="VideoOS.Plugins.MultiroomAudio.MC.UnitTests.MultiroomAudioViewModelTests" name="DecrementTimeoutBelowMinimum" />
    </UnitTest>
    <UnitTest name="WhenConvertingFromStringItShouldReturnIntValue" storage="d:\actions-runner\_work\xpco\xpco\addons\plugins\multiroomaudio\tst\videoos.plugins.multiroomaudio.mc.unittests\bin\x64\debug\net472\videoos.plugins.multiroomaudio.mc.unittests.dll" id="c6fd5cf0-2517-ea4f-942f-6a1c4aeeba9b">
      <Execution id="2c12ef0f-5fa7-4115-a918-97ec81ae2582" />
      <TestMethod codeBase="D:\actions-runner\_work\XPCO\XPCO\AddOns\Plugins\MultiroomAudio\tst\VideoOS.Plugins.MultiroomAudio.MC.UnitTests\bin\x64\Debug\net472\VideoOS.Plugins.MultiroomAudio.MC.UnitTests.dll" adapterTypeName="executor://mstestadapter/v2" className="VideoOS.Plugins.MultiroomAudio.MC.UnitTests.StringToIntegerConverterTests" name="WhenConvertingFromStringItShouldReturnIntValue" />
    </UnitTest>
    <UnitTest name="IncrementTimeoutAboveMaximum" storage="d:\actions-runner\_work\xpco\xpco\addons\plugins\multiroomaudio\tst\videoos.plugins.multiroomaudio.mc.unittests\bin\x64\debug\net472\videoos.plugins.multiroomaudio.mc.unittests.dll" id="5db0f056-2cc2-377d-80e5-4e9ba5ea45be">
      <Execution id="eac4a4e1-7434-4fff-8742-e936c9fcb47a" />
      <TestMethod codeBase="D:\actions-runner\_work\XPCO\XPCO\AddOns\Plugins\MultiroomAudio\tst\VideoOS.Plugins.MultiroomAudio.MC.UnitTests\bin\x64\Debug\net472\VideoOS.Plugins.MultiroomAudio.MC.UnitTests.dll" adapterTypeName="executor://mstestadapter/v2" className="VideoOS.Plugins.MultiroomAudio.MC.UnitTests.MultiroomAudioViewModelTests" name="IncrementTimeoutAboveMaximum" />
    </UnitTest>
    <UnitTest name="ViewModelRecoversStoredTimeoutValue" storage="d:\actions-runner\_work\xpco\xpco\addons\plugins\multiroomaudio\tst\videoos.plugins.multiroomaudio.mc.unittests\bin\x64\debug\net472\videoos.plugins.multiroomaudio.mc.unittests.dll" id="909c8658-314c-20e5-44af-b7d8e69d2ac2">
      <Execution id="18771d18-609f-4267-96ea-579cf6fab78f" />
      <TestMethod codeBase="D:\actions-runner\_work\XPCO\XPCO\AddOns\Plugins\MultiroomAudio\tst\VideoOS.Plugins.MultiroomAudio.MC.UnitTests\bin\x64\Debug\net472\VideoOS.Plugins.MultiroomAudio.MC.UnitTests.dll" adapterTypeName="executor://mstestadapter/v2" className="VideoOS.Plugins.MultiroomAudio.MC.UnitTests.MultiroomAudioViewModelTests" name="ViewModelRecoversStoredTimeoutValue" />
    </UnitTest>
    <UnitTest name="ReportPropertiesWhenInvokedReturnTimeout" storage="d:\actions-runner\_work\xpco\xpco\addons\plugins\multiroomaudio\tst\videoos.plugins.multiroomaudio.mc.unittests\bin\x64\debug\net472\videoos.plugins.multiroomaudio.mc.unittests.dll" id="65e614dd-ff75-d5f3-94fa-43b91a2d51ee">
      <Execution id="a682e39e-b9f4-4668-93d9-e9acc605736a" />
      <TestMethod codeBase="D:\actions-runner\_work\XPCO\XPCO\AddOns\Plugins\MultiroomAudio\tst\VideoOS.Plugins.MultiroomAudio.MC.UnitTests\bin\x64\Debug\net472\VideoOS.Plugins.MultiroomAudio.MC.UnitTests.dll" adapterTypeName="executor://mstestadapter/v2" className="VideoOS.Plugins.MultiroomAudio.MC.UnitTests.MultiroomAudioConfigurationTests" name="ReportPropertiesWhenInvokedReturnTimeout" />
    </UnitTest>
    <UnitTest name="ViewModelStoresTimeoutValue" storage="d:\actions-runner\_work\xpco\xpco\addons\plugins\multiroomaudio\tst\videoos.plugins.multiroomaudio.mc.unittests\bin\x64\debug\net472\videoos.plugins.multiroomaudio.mc.unittests.dll" id="51b73639-0b31-874e-21dd-61e1f5a4a520">
      <Execution id="30d7812d-4e23-4c9d-add3-590b9af4b5c2" />
      <TestMethod codeBase="D:\actions-runner\_work\XPCO\XPCO\AddOns\Plugins\MultiroomAudio\tst\VideoOS.Plugins.MultiroomAudio.MC.UnitTests\bin\x64\Debug\net472\VideoOS.Plugins.MultiroomAudio.MC.UnitTests.dll" adapterTypeName="executor://mstestadapter/v2" className="VideoOS.Plugins.MultiroomAudio.MC.UnitTests.MultiroomAudioViewModelTests" name="ViewModelStoresTimeoutValue" />
    </UnitTest>
    <UnitTest name="WhenTimerIsModifiedAndSavedItShouldBeAuditLogged" storage="d:\actions-runner\_work\xpco\xpco\addons\plugins\multiroomaudio\tst\videoos.plugins.multiroomaudio.mc.unittests\bin\x64\debug\net472\videoos.plugins.multiroomaudio.mc.unittests.dll" id="0f94288f-ea2f-a7ac-ec21-81c2c33471dd">
      <Execution id="6f548758-b73e-4c34-9f06-4d6404c7ebf7" />
      <TestMethod codeBase="D:\actions-runner\_work\XPCO\XPCO\AddOns\Plugins\MultiroomAudio\tst\VideoOS.Plugins.MultiroomAudio.MC.UnitTests\bin\x64\Debug\net472\VideoOS.Plugins.MultiroomAudio.MC.UnitTests.dll" adapterTypeName="executor://mstestadapter/v2" className="VideoOS.Plugins.MultiroomAudio.MC.UnitTests.MultiroomAudioViewModelTests" name="WhenTimerIsModifiedAndSavedItShouldBeAuditLogged" />
    </UnitTest>
  </TestDefinitions>
  <TestEntries>
    <TestEntry testId="909c8658-314c-20e5-44af-b7d8e69d2ac2" executionId="18771d18-609f-4267-96ea-579cf6fab78f" testListId="8c84fa94-04c1-424b-9868-57a2d4851a1d" />
    <TestEntry testId="c6fd5cf0-2517-ea4f-942f-6a1c4aeeba9b" executionId="2c12ef0f-5fa7-4115-a918-97ec81ae2582" testListId="8c84fa94-04c1-424b-9868-57a2d4851a1d" />
    <TestEntry testId="65e614dd-ff75-d5f3-94fa-43b91a2d51ee" executionId="a682e39e-b9f4-4668-93d9-e9acc605736a" testListId="8c84fa94-04c1-424b-9868-57a2d4851a1d" />
    <TestEntry testId="5db0f056-2cc2-377d-80e5-4e9ba5ea45be" executionId="eac4a4e1-7434-4fff-8742-e936c9fcb47a" testListId="8c84fa94-04c1-424b-9868-57a2d4851a1d" />
    <TestEntry testId="55203d10-4498-1901-6e38-8c85e0805381" executionId="9fa219a5-2596-45be-933b-4e5ebee9b23d" testListId="8c84fa94-04c1-424b-9868-57a2d4851a1d" />
    <TestEntry testId="f0dd6768-c4e4-039c-4d69-dc79183ed971" executionId="2122de06-67ed-4959-bf1b-e407ede55953" testListId="8c84fa94-04c1-424b-9868-57a2d4851a1d" />
    <TestEntry testId="8214f5f5-5051-8c52-f76f-1da0a186b2ec" executionId="bf274ee5-8c6c-4537-8079-adf41fed6426" testListId="8c84fa94-04c1-424b-9868-57a2d4851a1d" />
    <TestEntry testId="0f94288f-ea2f-a7ac-ec21-81c2c33471dd" executionId="6f548758-b73e-4c34-9f06-4d6404c7ebf7" testListId="8c84fa94-04c1-424b-9868-57a2d4851a1d" />
    <TestEntry testId="96fb54eb-a55e-21bd-5ab3-c4a706d01c79" executionId="d47c5535-cbd6-4086-a25d-e1bcb78e5f24" testListId="8c84fa94-04c1-424b-9868-57a2d4851a1d" />
    <TestEntry testId="03f5b965-b0e4-fc3b-648a-ecbf9984aaa8" executionId="1fa7a3d2-895e-48e7-97b3-fd391598c9c9" testListId="8c84fa94-04c1-424b-9868-57a2d4851a1d" />
    <TestEntry testId="ecc1f184-6199-5d9d-9d13-dfec426e421e" executionId="b03b6369-5cdc-401e-822f-5a278ae52e45" testListId="8c84fa94-04c1-424b-9868-57a2d4851a1d" />
    <TestEntry testId="ba52ae88-bf05-60cd-8fc7-f649e733dc8a" executionId="f4e5ae0d-bc34-4d94-aabd-7b208b41d2d4" testListId="8c84fa94-04c1-424b-9868-57a2d4851a1d" />
    <TestEntry testId="3c2e53aa-8c3b-b76c-2e1f-7895192c09d5" executionId="bfe6e678-e14e-4679-9a22-5b03ea2192c6" testListId="8c84fa94-04c1-424b-9868-57a2d4851a1d" />
    <TestEntry testId="51b73639-0b31-874e-21dd-61e1f5a4a520" executionId="30d7812d-4e23-4c9d-add3-590b9af4b5c2" testListId="8c84fa94-04c1-424b-9868-57a2d4851a1d" />
    <TestEntry testId="7b033585-53bd-9c64-3f9f-0d2d29f2fb77" executionId="3845bbe7-eff3-48a0-8487-d0e5e301adaa" testListId="8c84fa94-04c1-424b-9868-57a2d4851a1d" />
    <TestEntry testId="589280b0-2583-930c-835a-f736f615bc00" executionId="4685f58f-4f17-46e5-b8a9-30c277c21afa" testListId="8c84fa94-04c1-424b-9868-57a2d4851a1d" />
    <TestEntry testId="d425ac86-d7af-b159-d673-549746c0326a" executionId="6b8fbf44-96a5-4544-8c51-21c30a7547d6" testListId="8c84fa94-04c1-424b-9868-57a2d4851a1d" />
    <TestEntry testId="af3e6935-f51c-0920-b87a-bc0a373570f9" executionId="480d9ad2-8e35-436f-ab20-b0152f4e2d00" testListId="8c84fa94-04c1-424b-9868-57a2d4851a1d" />
  </TestEntries>
  <TestLists>
    <TestList name="Results Not in a List" id="8c84fa94-04c1-424b-9868-57a2d4851a1d" />
    <TestList name="All Loaded Results" id="19431567-8539-422a-85d7-44ee4e166bda" />
  </TestLists>
  <ResultSummary outcome="Completed">
    <Counters total="18" executed="18" passed="18" failed="0" error="0" timeout="0" aborted="0" inconclusive="0" passedButRunAborted="0" notRunnable="0" notExecuted="0" disconnected="0" warning="0" completed="0" inProgress="0" pending="0" />
  </ResultSummary>
</TestRun>