<?xml version="1.0" encoding="utf-8"?>
<TestRun id="dfcb1ccf-3fe7-493f-968e-a2b2d7261571" name="DKSR-EFI-04$@DKSR-EFI-04 2023-12-22 09:35:38" runUser="NT AUTHORITY\NETWORK SERVICE" xmlns="http://microsoft.com/schemas/VisualStudio/TeamTest/2010">
  <Times creation="2023-12-22T09:35:38.0381361+01:00" queuing="2023-12-22T09:35:38.0381361+01:00" start="2023-12-22T09:35:36.9756307+01:00" finish="2023-12-22T09:36:37.6009511+01:00" />
  <TestSettings name="default" id="1adf3490-0475-4498-bc50-3fa594c47a61">
    <Deployment runDeploymentRoot="DKSR-EFI-04$_DKSR-EFI-04_2023-12-22_09_35_38" />
  </TestSettings>
  <Results>
    <UnitTestResult executionId="be09e86b-4de2-42dd-b16b-e571c0d84bdb" testId="897f220a-2a14-f141-becf-7d18dcd58171" testName="TestGetVersionString" computerName="DKSR-EFI-04" duration="00:00:00.0008800" startTime="2023-12-22T09:35:38.4756399+01:00" endTime="2023-12-22T09:35:38.4756399+01:00" testType="13cdc9d9-ddb5-4fa4-a97d-d965ccfc6d4b" outcome="Passed" testListId="8c84fa94-04c1-424b-9868-57a2d4851a1d" relativeResultsDirectory="be09e86b-4de2-42dd-b16b-e571c0d84bdb" />
    <UnitTestResult executionId="4c10af64-2ce8-43b9-82b2-e3ce07a90398" testId="f6e59dd2-e29f-81d2-4bc1-fe2669831c3a" testName="TestBufferSizeDeterminer" computerName="DKSR-EFI-04" duration="00:00:00.0009400" startTime="2023-12-22T09:35:38.4756399+01:00" endTime="2023-12-22T09:35:38.4756399+01:00" testType="13cdc9d9-ddb5-4fa4-a97d-d965ccfc6d4b" outcome="Passed" testListId="8c84fa94-04c1-424b-9868-57a2d4851a1d" relativeResultsDirectory="4c10af64-2ce8-43b9-82b2-e3ce07a90398" />
    <UnitTestResult executionId="4979dd68-814a-4194-ab73-5f97cf8bc792" testId="79b02fef-775e-16e7-8733-362232a45876" testName="TestGetItemOnNotExisting" computerName="DKSR-EFI-04" duration="00:00:00.0005492" startTime="2023-12-22T09:35:38.0225091+01:00" endTime="2023-12-22T09:35:38.0225091+01:00" testType="13cdc9d9-ddb5-4fa4-a97d-d965ccfc6d4b" outcome="Passed" testListId="8c84fa94-04c1-424b-9868-57a2d4851a1d" relativeResultsDirectory="4979dd68-814a-4194-ab73-5f97cf8bc792" />
    <UnitTestResult executionId="2d6713e7-6a09-4831-8cfa-b794da6c2493" testId="baa96d68-76d4-b2f0-941e-32eff5ccd245" testName="SafeExcept_NullThis_EmptyResult" computerName="DKSR-EFI-04" duration="00:00:00.0022736" startTime="2023-12-22T09:35:38.5537615+01:00" endTime="2023-12-22T09:35:38.5537615+01:00" testType="13cdc9d9-ddb5-4fa4-a97d-d965ccfc6d4b" outcome="Passed" testListId="8c84fa94-04c1-424b-9868-57a2d4851a1d" relativeResultsDirectory="2d6713e7-6a09-4831-8cfa-b794da6c2493" />
    <UnitTestResult executionId="519b54dd-8f52-4b99-a6b9-45759dbe870f" testId="13711fab-d288-81f4-624e-784e8b729671" testName="TestBookmarkParams" computerName="DKSR-EFI-04" duration="00:00:00.0180256" startTime="2023-12-22T09:35:38.1006341+01:00" endTime="2023-12-22T09:35:38.1162618+01:00" testType="13cdc9d9-ddb5-4fa4-a97d-d965ccfc6d4b" outcome="Passed" testListId="8c84fa94-04c1-424b-9868-57a2d4851a1d" relativeResultsDirectory="519b54dd-8f52-4b99-a6b9-45759dbe870f" />
    <UnitTestResult executionId="d003f370-cfc7-4a6a-91f9-609463cdd678" testId="90fec278-52b3-aaac-96f0-4ae4dccc6b62" testName="TransactionTestException" computerName="DKSR-EFI-04" duration="00:00:00.0002921" startTime="2023-12-22T09:35:40.1631457+01:00" endTime="2023-12-22T09:35:40.1631457+01:00" testType="13cdc9d9-ddb5-4fa4-a97d-d965ccfc6d4b" outcome="Passed" testListId="8c84fa94-04c1-424b-9868-57a2d4851a1d" relativeResultsDirectory="d003f370-cfc7-4a6a-91f9-609463cdd678" />
    <UnitTestResult executionId="272af6bb-f8e9-4fd3-9817-c48987944ed6" testId="14b8a7cd-79ce-4e6f-af21-af206fe43965" testName="TestCameraIdComparer" computerName="DKSR-EFI-04" duration="00:00:00.0006230" startTime="2023-12-22T09:36:13.5695712+01:00" endTime="2023-12-22T09:36:13.5695712+01:00" testType="13cdc9d9-ddb5-4fa4-a97d-d965ccfc6d4b" outcome="Passed" testListId="8c84fa94-04c1-424b-9868-57a2d4851a1d" relativeResultsDirectory="272af6bb-f8e9-4fd3-9817-c48987944ed6" />
    <UnitTestResult executionId="23453ebf-97a1-4de6-b0d7-969222fb3844" testId="c39bcd4d-06bf-fa86-a9ef-551e745d994b" testName="TestBinaryFrameHeaderHelperReadWrite" computerName="DKSR-EFI-04" duration="00:00:00.0592645" startTime="2023-12-22T09:35:38.2412611+01:00" endTime="2023-12-22T09:35:38.3037619+01:00" testType="13cdc9d9-ddb5-4fa4-a97d-d965ccfc6d4b" outcome="Passed" testListId="8c84fa94-04c1-424b-9868-57a2d4851a1d" relativeResultsDirectory="23453ebf-97a1-4de6-b0d7-969222fb3844" />
    <UnitTestResult executionId="b5eb5906-1913-49be-a893-25fb748e5934" testId="b6c75687-4c2e-1ce2-2910-17c265f38dab" testName="TestTimeSelector" computerName="DKSR-EFI-04" duration="00:00:00.0149369" startTime="2023-12-22T09:35:40.1162716+01:00" endTime="2023-12-22T09:35:40.1318950+01:00" testType="13cdc9d9-ddb5-4fa4-a97d-d965ccfc6d4b" outcome="Passed" testListId="8c84fa94-04c1-424b-9868-57a2d4851a1d" relativeResultsDirectory="b5eb5906-1913-49be-a893-25fb748e5934" />
    <UnitTestResult executionId="889612b6-f51d-4840-9309-56da4e3a28c9" testId="161e64d9-7a81-8e7e-35d3-2f79e1e525ce" testName="TestStateChanger" computerName="DKSR-EFI-04" duration="00:00:00.0000901" startTime="2023-12-22T09:35:38.5850117+01:00" endTime="2023-12-22T09:35:38.5850117+01:00" testType="13cdc9d9-ddb5-4fa4-a97d-d965ccfc6d4b" outcome="Passed" testListId="8c84fa94-04c1-424b-9868-57a2d4851a1d" relativeResultsDirectory="889612b6-f51d-4840-9309-56da4e3a28c9" />
    <UnitTestResult executionId="14afd222-bd6d-451e-a6d0-e75eda6b1d40" testId="6a530ae9-7ba9-cbb9-980a-bf7fe4cc9964" testName="NotifiedDevicesConfiguration_UnitTest" computerName="DKSR-EFI-04" duration="00:00:00.0021337" startTime="2023-12-22T09:36:13.6633261+01:00" endTime="2023-12-22T09:36:13.6633261+01:00" testType="13cdc9d9-ddb5-4fa4-a97d-d965ccfc6d4b" outcome="Passed" testListId="8c84fa94-04c1-424b-9868-57a2d4851a1d" relativeResultsDirectory="14afd222-bd6d-451e-a6d0-e75eda6b1d40" />
    <UnitTestResult executionId="0aca4b1f-cea0-44ee-8023-35ef2dd28ac9" testId="58726c6a-bc9e-1473-52db-f67a99b0a77c" testName="TestEndiansInvertor" computerName="DKSR-EFI-04" duration="00:00:00.0047628" startTime="2023-12-22T09:35:38.5537615+01:00" endTime="2023-12-22T09:35:38.5693873+01:00" testType="13cdc9d9-ddb5-4fa4-a97d-d965ccfc6d4b" outcome="Passed" testListId="8c84fa94-04c1-424b-9868-57a2d4851a1d" relativeResultsDirectory="0aca4b1f-cea0-44ee-8023-35ef2dd28ac9" />
    <UnitTestResult executionId="6be7149f-7b1d-40fc-bede-717a472f4fda" testId="87b31575-259b-3656-5143-2229e47de07f" testName="TestConvertToCommand" computerName="DKSR-EFI-04" duration="00:00:00.0023001" startTime="2023-12-22T09:35:38.4443859+01:00" endTime="2023-12-22T09:35:38.4443859+01:00" testType="13cdc9d9-ddb5-4fa4-a97d-d965ccfc6d4b" outcome="Passed" testListId="8c84fa94-04c1-424b-9868-57a2d4851a1d" relativeResultsDirectory="6be7149f-7b1d-40fc-bede-717a472f4fda" />
    <UnitTestResult executionId="f28dffaa-6323-4dc0-97e2-def29ba0cda7" testId="20d7b9d0-e939-bc63-96aa-91ba3fd43edb" testName="TestSerializeOnMockObject" computerName="DKSR-EFI-04" duration="00:00:00.0094242" startTime="2023-12-22T09:36:13.4758236+01:00" endTime="2023-12-22T09:36:13.4758236+01:00" testType="13cdc9d9-ddb5-4fa4-a97d-d965ccfc6d4b" outcome="Passed" testListId="8c84fa94-04c1-424b-9868-57a2d4851a1d" relativeResultsDirectory="f28dffaa-6323-4dc0-97e2-def29ba0cda7" />
    <UnitTestResult executionId="ad8e14ad-225d-4690-8979-a436b81451da" testId="bb61caef-6b87-0f2d-a721-eb68b66133ea" testName="TestBinaryFrameGeneratorStringStructures" computerName="DKSR-EFI-04" duration="00:00:00.0008080" startTime="2023-12-22T09:35:38.2412611+01:00" endTime="2023-12-22T09:35:38.2412611+01:00" testType="13cdc9d9-ddb5-4fa4-a97d-d965ccfc6d4b" outcome="Passed" testListId="8c84fa94-04c1-424b-9868-57a2d4851a1d" relativeResultsDirectory="ad8e14ad-225d-4690-8979-a436b81451da" />
    <UnitTestResult executionId="37ffe978-fe26-4936-b345-ba4c55ff8c48" testId="f62fc6fd-d943-4e65-24c6-290750bd8039" testName="TestDefaultLongParamsValue" computerName="DKSR-EFI-04" duration="00:00:00.0004012" startTime="2023-12-22T09:36:13.2258207+01:00" endTime="2023-12-22T09:36:13.2414463+01:00" testType="13cdc9d9-ddb5-4fa4-a97d-d965ccfc6d4b" outcome="Passed" testListId="8c84fa94-04c1-424b-9868-57a2d4851a1d" relativeResultsDirectory="37ffe978-fe26-4936-b345-ba4c55ff8c48" />
    <UnitTestResult executionId="10fa1eee-9710-48a9-9f80-4106617bb036" testId="fa3d7d6b-4149-183c-3fa0-79562d022c4f" testName="TestCarouselParams" computerName="DKSR-EFI-04" duration="00:00:00.0083867" startTime="2023-12-22T09:35:38.1162618+01:00" endTime="2023-12-22T09:35:38.1318866+01:00" testType="13cdc9d9-ddb5-4fa4-a97d-d965ccfc6d4b" outcome="Passed" testListId="8c84fa94-04c1-424b-9868-57a2d4851a1d" relativeResultsDirectory="10fa1eee-9710-48a9-9f80-4106617bb036" />
    <UnitTestResult executionId="68d24194-5fa7-488b-a334-9b36c6947d9b" testId="d6780396-830c-7fe4-0552-38cc4c5ec5db" testName="TestServerStatus" computerName="DKSR-EFI-04" duration="00:00:00.0157230" startTime="2023-12-22T09:36:13.5383241+01:00" endTime="2023-12-22T09:36:13.5539490+01:00" testType="13cdc9d9-ddb5-4fa4-a97d-d965ccfc6d4b" outcome="Passed" testListId="8c84fa94-04c1-424b-9868-57a2d4851a1d" relativeResultsDirectory="68d24194-5fa7-488b-a334-9b36c6947d9b" />
    <UnitTestResult executionId="3c897544-9d8a-426b-afee-f0e3505279a6" testId="822a696e-37f8-8bd5-996f-151cc72555e8" testName="SerializableHeartBeat_OnlyEnabled_UnitTest" computerName="DKSR-EFI-04" duration="00:00:00.0005519" startTime="2023-12-22T09:36:13.6633261+01:00" endTime="2023-12-22T09:36:13.6633261+01:00" testType="13cdc9d9-ddb5-4fa4-a97d-d965ccfc6d4b" outcome="Passed" testListId="8c84fa94-04c1-424b-9868-57a2d4851a1d" relativeResultsDirectory="3c897544-9d8a-426b-afee-f0e3505279a6" />
    <UnitTestResult executionId="994eb106-5631-4627-8b9d-4814f11bb6af" testId="b4ef28b6-cdc8-293f-0224-1c6b137a5b99" testName="TestCommEntryServerEndpoints" computerName="DKSR-EFI-04" duration="00:00:00.0016030" startTime="2023-12-22T09:36:13.5383241+01:00" endTime="2023-12-22T09:36:13.5383241+01:00" testType="13cdc9d9-ddb5-4fa4-a97d-d965ccfc6d4b" outcome="Passed" testListId="8c84fa94-04c1-424b-9868-57a2d4851a1d" relativeResultsDirectory="994eb106-5631-4627-8b9d-4814f11bb6af" />
    <UnitTestResult executionId="eac75045-c0f4-45fb-a0e0-cd8f16892163" testId="c2b34343-7494-5f79-4ede-e1c28165ae50" testName="TestCommandIndependentLongParams" computerName="DKSR-EFI-04" duration="00:00:00.0004634" startTime="2023-12-22T09:36:13.2414463+01:00" endTime="2023-12-22T09:36:13.2414463+01:00" testType="13cdc9d9-ddb5-4fa4-a97d-d965ccfc6d4b" outcome="Passed" testListId="8c84fa94-04c1-424b-9868-57a2d4851a1d" relativeResultsDirectory="eac75045-c0f4-45fb-a0e0-cd8f16892163" />
    <UnitTestResult executionId="5846c49d-b7ab-4cca-af98-67c64efd2612" testId="e758a702-5ae2-aff8-5e65-773daf4a80d3" testName="TestCommandSpecificLongParams" computerName="DKSR-EFI-04" duration="00:00:00.0004848" startTime="2023-12-22T09:36:13.2414463+01:00" endTime="2023-12-22T09:36:13.2414463+01:00" testType="13cdc9d9-ddb5-4fa4-a97d-d965ccfc6d4b" outcome="Passed" testListId="8c84fa94-04c1-424b-9868-57a2d4851a1d" relativeResultsDirectory="5846c49d-b7ab-4cca-af98-67c64efd2612" />
    <UnitTestResult executionId="f96917a3-fb7c-44f8-84ed-2a6ffee4dc2c" testId="bcf36bf8-26ae-d467-b963-c0af84b8f958" testName="TestInvitationsParamsForAbsUsage" computerName="DKSR-EFI-04" duration="00:00:00.0005397" startTime="2023-12-22T09:35:38.1475112+01:00" endTime="2023-12-22T09:35:38.1475112+01:00" testType="13cdc9d9-ddb5-4fa4-a97d-d965ccfc6d4b" outcome="Passed" testListId="8c84fa94-04c1-424b-9868-57a2d4851a1d" relativeResultsDirectory="f96917a3-fb7c-44f8-84ed-2a6ffee4dc2c" />
    <UnitTestResult executionId="7bb919af-3018-43e8-81a1-80544ea59c0c" testId="2b96f371-1acf-8624-e77d-15884ff35382" testName="TestSsdpMessageSearchResponse" computerName="DKSR-EFI-04" duration="00:00:00.0045954" startTime="2023-12-22T09:36:13.0226936+01:00" endTime="2023-12-22T09:36:13.0226936+01:00" testType="13cdc9d9-ddb5-4fa4-a97d-d965ccfc6d4b" outcome="Passed" testListId="8c84fa94-04c1-424b-9868-57a2d4851a1d" relativeResultsDirectory="7bb919af-3018-43e8-81a1-80544ea59c0c" />
    <UnitTestResult executionId="3220a80b-e571-464f-bdee-8b2de7a08686" testId="552f84fc-877c-417f-6cc9-2a55bcdcd9d2" testName="TestTimeConverter" computerName="DKSR-EFI-04" duration="00:00:00.0001653" startTime="2023-12-22T09:35:38.6162629+01:00" endTime="2023-12-22T09:35:38.6162629+01:00" testType="13cdc9d9-ddb5-4fa4-a97d-d965ccfc6d4b" outcome="Passed" testListId="8c84fa94-04c1-424b-9868-57a2d4851a1d" relativeResultsDirectory="3220a80b-e571-464f-bdee-8b2de7a08686" />
    <UnitTestResult executionId="b953d8f2-1ce2-428a-a947-1dedf38b517b" testId="8bb1f684-9c81-dfe5-a066-1fbb89bbb5b8" testName="TestPtzParams" computerName="DKSR-EFI-04" duration="00:00:00.0173105" startTime="2023-12-22T09:35:38.1787675+01:00" endTime="2023-12-22T09:35:38.1943838+01:00" testType="13cdc9d9-ddb5-4fa4-a97d-d965ccfc6d4b" outcome="Passed" testListId="8c84fa94-04c1-424b-9868-57a2d4851a1d" relativeResultsDirectory="b953d8f2-1ce2-428a-a947-1dedf38b517b" />
    <UnitTestResult executionId="687ef7a4-635c-4a08-b053-c50eec3ef80d" testId="5cddcff5-398b-f9e2-46fd-33f0dc0a4eba" testName="TransactionTestFailed" computerName="DKSR-EFI-04" duration="00:00:00.0015619" startTime="2023-12-22T09:35:40.1475202+01:00" endTime="2023-12-22T09:35:40.1631457+01:00" testType="13cdc9d9-ddb5-4fa4-a97d-d965ccfc6d4b" outcome="Passed" testListId="8c84fa94-04c1-424b-9868-57a2d4851a1d" relativeResultsDirectory="687ef7a4-635c-4a08-b053-c50eec3ef80d" />
    <UnitTestResult executionId="c6768c18-6130-4bab-a026-9825a5613c89" testId="f8c91cf2-5cdd-be32-d1eb-f934d497ca3c" testName="TestSsdpMessageAnnounce" computerName="DKSR-EFI-04" duration="00:00:00.0048847" startTime="2023-12-22T09:36:13.0070708+01:00" endTime="2023-12-22T09:36:13.0226936+01:00" testType="13cdc9d9-ddb5-4fa4-a97d-d965ccfc6d4b" outcome="Passed" testListId="8c84fa94-04c1-424b-9868-57a2d4851a1d" relativeResultsDirectory="c6768c18-6130-4bab-a026-9825a5613c89" />
    <UnitTestResult executionId="0e1de798-1cc4-4c8e-8f6e-4a67dda41f9b" testId="017c6a55-bd87-2611-27f5-a3ead912a17a" testName="TestStringStringFactory" computerName="DKSR-EFI-04" duration="00:00:00.0002566" startTime="2023-12-22T09:36:13.7101989+01:00" endTime="2023-12-22T09:36:13.7101989+01:00" testType="13cdc9d9-ddb5-4fa4-a97d-d965ccfc6d4b" outcome="Passed" testListId="8c84fa94-04c1-424b-9868-57a2d4851a1d" relativeResultsDirectory="0e1de798-1cc4-4c8e-8f6e-4a67dda41f9b" />
    <UnitTestResult executionId="5c61f0a2-0f0d-4e34-abe2-8292be419ab0" testId="77aab88f-f272-0e3d-d10a-f572584ed826" testName="TestCameraExportIdGetters" computerName="DKSR-EFI-04" duration="00:00:00.0011347" startTime="2023-12-22T09:36:13.5695712+01:00" endTime="2023-12-22T09:36:13.5695712+01:00" testType="13cdc9d9-ddb5-4fa4-a97d-d965ccfc6d4b" outcome="Passed" testListId="8c84fa94-04c1-424b-9868-57a2d4851a1d" relativeResultsDirectory="5c61f0a2-0f0d-4e34-abe2-8292be419ab0" />
    <UnitTestResult executionId="a8a901f6-e6db-426e-83e7-11a1bcc432f6" testId="ad9934aa-d0d7-1515-12ca-05435eff4de9" testName="GetMaxParameterLengthsPerCommandAll" computerName="DKSR-EFI-04" duration="00:00:00.0022695" startTime="2023-12-22T09:36:13.2414463+01:00" endTime="2023-12-22T09:36:13.2414463+01:00" testType="13cdc9d9-ddb5-4fa4-a97d-d965ccfc6d4b" outcome="Passed" testListId="8c84fa94-04c1-424b-9868-57a2d4851a1d" relativeResultsDirectory="a8a901f6-e6db-426e-83e7-11a1bcc432f6" />
    <UnitTestResult executionId="24972209-5495-48cf-9bfb-2931cf9bf485" testId="4a208dea-2e5c-d7dd-52cd-cac88f53f83b" testName="TestCommunicationEntry" computerName="DKSR-EFI-04" duration="00:00:00.1584711" startTime="2023-12-22T09:36:13.0383198+01:00" endTime="2023-12-22T09:36:13.1945735+01:00" testType="13cdc9d9-ddb5-4fa4-a97d-d965ccfc6d4b" outcome="Passed" testListId="8c84fa94-04c1-424b-9868-57a2d4851a1d" relativeResultsDirectory="24972209-5495-48cf-9bfb-2931cf9bf485" />
    <UnitTestResult executionId="df8d011e-720f-4331-bc4b-a246826d1d66" testId="e2602f93-7aab-27f1-308f-ede513110e57" testName="TestGetEnumConverter" computerName="DKSR-EFI-04" duration="00:00:00.0044850" startTime="2023-12-22T09:35:38.5693873+01:00" endTime="2023-12-22T09:35:38.5693873+01:00" testType="13cdc9d9-ddb5-4fa4-a97d-d965ccfc6d4b" outcome="Passed" testListId="8c84fa94-04c1-424b-9868-57a2d4851a1d" relativeResultsDirectory="df8d011e-720f-4331-bc4b-a246826d1d66" />
    <UnitTestResult executionId="edcdccd9-37ff-45dc-9782-a419e5905b98" testId="2f54af88-7969-5a57-920c-25a0a1b78c2f" testName="CreateWithMultipleItemIdNodes" computerName="DKSR-EFI-04" duration="00:00:00.0034084" startTime="2023-12-22T09:35:38.0850081+01:00" endTime="2023-12-22T09:35:38.0850081+01:00" testType="13cdc9d9-ddb5-4fa4-a97d-d965ccfc6d4b" outcome="Passed" testListId="8c84fa94-04c1-424b-9868-57a2d4851a1d" relativeResultsDirectory="edcdccd9-37ff-45dc-9782-a419e5905b98" />
    <UnitTestResult executionId="9ddf0fa8-a8c8-4faa-8a0b-f37f08b7c9ed" testId="7f64dd3f-0264-2cb2-6535-62267b987283" testName="TestIntOperators" computerName="DKSR-EFI-04" duration="00:00:00.0005083" startTime="2023-12-22T09:35:40.3662719+01:00" endTime="2023-12-22T09:35:40.3662719+01:00" testType="13cdc9d9-ddb5-4fa4-a97d-d965ccfc6d4b" outcome="Passed" testListId="8c84fa94-04c1-424b-9868-57a2d4851a1d" relativeResultsDirectory="9ddf0fa8-a8c8-4faa-8a0b-f37f08b7c9ed" />
    <UnitTestResult executionId="6a40a1ac-3a1c-4526-860a-c1599c6c5847" testId="e0ea3d14-723c-47b3-ddab-432c2a1d6d19" testName="TransactionTestOk" computerName="DKSR-EFI-04" duration="00:00:00.0087914" startTime="2023-12-22T09:35:40.1318950+01:00" endTime="2023-12-22T09:35:40.1475202+01:00" testType="13cdc9d9-ddb5-4fa4-a97d-d965ccfc6d4b" outcome="Passed" testListId="8c84fa94-04c1-424b-9868-57a2d4851a1d" relativeResultsDirectory="6a40a1ac-3a1c-4526-860a-c1599c6c5847" />
    <UnitTestResult executionId="d00a1a26-402b-4a77-a552-5fdab29873bc" testId="10692c8f-170f-17ba-0244-e17436dd90c8" testName="TestGetDescription" computerName="DKSR-EFI-04" duration="00:00:00.0005067" startTime="2023-12-22T09:35:38.5693873+01:00" endTime="2023-12-22T09:35:38.5693873+01:00" testType="13cdc9d9-ddb5-4fa4-a97d-d965ccfc6d4b" outcome="Passed" testListId="8c84fa94-04c1-424b-9868-57a2d4851a1d" relativeResultsDirectory="d00a1a26-402b-4a77-a552-5fdab29873bc" />
    <UnitTestResult executionId="22d191c9-80d8-47cd-904a-695cb13d66ce" testId="c33e0f59-6c1e-9a47-2a3d-f87775937a1f" testName="TestToString" computerName="DKSR-EFI-04" duration="00:00:00.0009661" startTime="2023-12-22T09:35:38.0225091+01:00" endTime="2023-12-22T09:35:38.0381361+01:00" testType="13cdc9d9-ddb5-4fa4-a97d-d965ccfc6d4b" outcome="Passed" testListId="8c84fa94-04c1-424b-9868-57a2d4851a1d" relativeResultsDirectory="22d191c9-80d8-47cd-904a-695cb13d66ce" />
    <UnitTestResult executionId="e9c87ffb-e8b6-4480-ba12-c6c4a2dbfb01" testId="b976c887-f225-549a-c2c0-9b1455428762" testName="TestInitFromStreamInfoHeader" computerName="DKSR-EFI-04" duration="00:00:00.0043660" startTime="2023-12-22T09:35:38.4443859+01:00" endTime="2023-12-22T09:35:38.4443859+01:00" testType="13cdc9d9-ddb5-4fa4-a97d-d965ccfc6d4b" outcome="Passed" testListId="8c84fa94-04c1-424b-9868-57a2d4851a1d" relativeResultsDirectory="e9c87ffb-e8b6-4480-ba12-c6c4a2dbfb01" />
    <UnitTestResult executionId="fd34a12c-d081-4a52-a806-fcabf944f8be" testId="b48dbd3c-dfb6-1256-d0a1-fea979cb4b24" testName="TestMultipleEncryptions" computerName="DKSR-EFI-04" duration="00:00:18.8527656" startTime="2023-12-22T09:36:18.5852227+01:00" endTime="2023-12-22T09:36:37.4446986+01:00" testType="13cdc9d9-ddb5-4fa4-a97d-d965ccfc6d4b" outcome="Passed" testListId="8c84fa94-04c1-424b-9868-57a2d4851a1d" relativeResultsDirectory="fd34a12c-d081-4a52-a806-fcabf944f8be" />
    <UnitTestResult executionId="d13c96c6-8c0a-4cee-9aae-03433655b202" testId="8f2d192e-6968-5656-1e7d-17d269b0af37" testName="TestJpegHelper" computerName="DKSR-EFI-04" duration="00:00:00.0009159" startTime="2023-12-22T09:35:38.5850117+01:00" endTime="2023-12-22T09:35:38.5850117+01:00" testType="13cdc9d9-ddb5-4fa4-a97d-d965ccfc6d4b" outcome="Passed" testListId="8c84fa94-04c1-424b-9868-57a2d4851a1d" relativeResultsDirectory="d13c96c6-8c0a-4cee-9aae-03433655b202" />
    <UnitTestResult executionId="9614efa5-621f-4e78-ba37-bf116c909b28" testId="b4229464-56aa-0cd2-1d2e-ff90378406ec" testName="TestDHEncryption" computerName="DKSR-EFI-04" duration="00:00:00.0829344" startTime="2023-12-22T09:36:13.7101989+01:00" endTime="2023-12-22T09:36:13.8039513+01:00" testType="13cdc9d9-ddb5-4fa4-a97d-d965ccfc6d4b" outcome="Passed" testListId="8c84fa94-04c1-424b-9868-57a2d4851a1d" relativeResultsDirectory="9614efa5-621f-4e78-ba37-bf116c909b28" />
    <UnitTestResult executionId="7df266a3-5350-4440-8582-8295ffa8f968" testId="20f3a11e-1aea-075d-75a5-254afb514c4f" testName="TestEqualityHelper" computerName="DKSR-EFI-04" duration="00:00:00.0089918" startTime="2023-12-22T09:35:38.5693873+01:00" endTime="2023-12-22T09:35:38.5850117+01:00" testType="13cdc9d9-ddb5-4fa4-a97d-d965ccfc6d4b" outcome="Passed" testListId="8c84fa94-04c1-424b-9868-57a2d4851a1d" relativeResultsDirectory="7df266a3-5350-4440-8582-8295ffa8f968" />
    <UnitTestResult executionId="8e09663d-6486-4f4c-b0f4-86f9200244b8" testId="103b8020-90d8-f2fc-0593-d6746feb5a88" testName="TestJobActionTaskWorker" computerName="DKSR-EFI-04" duration="00:00:00.0003626" startTime="2023-12-22T09:35:40.3662719+01:00" endTime="2023-12-22T09:35:40.3662719+01:00" testType="13cdc9d9-ddb5-4fa4-a97d-d965ccfc6d4b" outcome="Passed" testListId="8c84fa94-04c1-424b-9868-57a2d4851a1d" relativeResultsDirectory="8e09663d-6486-4f4c-b0f4-86f9200244b8" />
    <UnitTestResult executionId="02c20aae-dc85-4805-a12d-cdfdb0372070" testId="dacc6f7e-b1c0-5d18-4487-3c6c70067ae7" testName="TestSequences" computerName="DKSR-EFI-04" duration="00:00:00.0056347" startTime="2023-12-22T09:36:13.5383241+01:00" endTime="2023-12-22T09:36:13.5383241+01:00" testType="13cdc9d9-ddb5-4fa4-a97d-d965ccfc6d4b" outcome="Passed" testListId="8c84fa94-04c1-424b-9868-57a2d4851a1d" relativeResultsDirectory="02c20aae-dc85-4805-a12d-cdfdb0372070" />
    <UnitTestResult executionId="62402119-63e9-4ab4-90e5-3366428998b3" testId="d3e35bc9-f64e-53bf-5543-f2ab05205041" testName="TestSsdpMessageByeByeT" computerName="DKSR-EFI-04" duration="00:00:00.0014603" startTime="2023-12-22T09:36:13.0226936+01:00" endTime="2023-12-22T09:36:13.0226936+01:00" testType="13cdc9d9-ddb5-4fa4-a97d-d965ccfc6d4b" outcome="Passed" testListId="8c84fa94-04c1-424b-9868-57a2d4851a1d" relativeResultsDirectory="62402119-63e9-4ab4-90e5-3366428998b3" />
    <UnitTestResult executionId="13da4d35-7ee1-43a9-919c-84e5c69951c4" testId="3fb38509-0b8e-6662-6cfd-926dd2ff9585" testName="TestIntAverage" computerName="DKSR-EFI-04" duration="00:00:00.0009903" startTime="2023-12-22T09:35:40.3662719+01:00" endTime="2023-12-22T09:35:40.3662719+01:00" testType="13cdc9d9-ddb5-4fa4-a97d-d965ccfc6d4b" outcome="Passed" testListId="8c84fa94-04c1-424b-9868-57a2d4851a1d" relativeResultsDirectory="13da4d35-7ee1-43a9-919c-84e5c69951c4" />
    <UnitTestResult executionId="04eddb7b-8122-450a-afd6-099eced61bf4" testId="85c9bd99-890d-4b56-a986-96ca910d7e63" testName="TestTimeoutUpdateChecker" computerName="DKSR-EFI-04" duration="00:00:01.4955652" startTime="2023-12-22T09:35:38.6162629+01:00" endTime="2023-12-22T09:35:40.1162716+01:00" testType="13cdc9d9-ddb5-4fa4-a97d-d965ccfc6d4b" outcome="Passed" testListId="8c84fa94-04c1-424b-9868-57a2d4851a1d" relativeResultsDirectory="04eddb7b-8122-450a-afd6-099eced61bf4" />
    <UnitTestResult executionId="5183d9f1-fb3c-4b15-a76d-ffabc69127e8" testId="d85fce34-e785-c982-3019-18dd373e4281" testName="TestPlaybackParams" computerName="DKSR-EFI-04" duration="00:00:00.0211533" startTime="2023-12-22T09:35:38.1475112+01:00" endTime="2023-12-22T09:35:38.1787675+01:00" testType="13cdc9d9-ddb5-4fa4-a97d-d965ccfc6d4b" outcome="Passed" testListId="8c84fa94-04c1-424b-9868-57a2d4851a1d" relativeResultsDirectory="5183d9f1-fb3c-4b15-a76d-ffabc69127e8" />
    <UnitTestResult executionId="b79282b6-bd28-45e7-ac0a-969067efbea5" testId="57269966-3102-651a-8999-ae19bce018b0" testName="SerializableHeartBeatUnitTest" computerName="DKSR-EFI-04" duration="00:00:00.0311282" startTime="2023-12-22T09:36:13.6320746+01:00" endTime="2023-12-22T09:36:13.6633261+01:00" testType="13cdc9d9-ddb5-4fa4-a97d-d965ccfc6d4b" outcome="Passed" testListId="8c84fa94-04c1-424b-9868-57a2d4851a1d" relativeResultsDirectory="b79282b6-bd28-45e7-ac0a-969067efbea5" />
    <UnitTestResult executionId="7806dd9b-c898-488a-82ae-4ad9d7402df8" testId="2f3a2e7a-ff1e-f0d8-6d64-791c57383262" testName="TestUseridentityParams" computerName="DKSR-EFI-04" duration="00:00:00.0011469" startTime="2023-12-22T09:35:38.2256374+01:00" endTime="2023-12-22T09:35:38.2256374+01:00" testType="13cdc9d9-ddb5-4fa4-a97d-d965ccfc6d4b" outcome="Passed" testListId="8c84fa94-04c1-424b-9868-57a2d4851a1d" relativeResultsDirectory="7806dd9b-c898-488a-82ae-4ad9d7402df8" />
    <UnitTestResult executionId="c40b09f8-7312-4446-8731-22dd00ee5403" testId="088fa787-7266-7a61-8a2f-028a21316df9" testName="TestGetAllCamerasFolder" computerName="DKSR-EFI-04" duration="00:00:00.0008257" startTime="2023-12-22T09:35:38.0068838+01:00" endTime="2023-12-22T09:35:38.0068838+01:00" testType="13cdc9d9-ddb5-4fa4-a97d-d965ccfc6d4b" outcome="Passed" testListId="8c84fa94-04c1-424b-9868-57a2d4851a1d" relativeResultsDirectory="c40b09f8-7312-4446-8731-22dd00ee5403" />
    <UnitTestResult executionId="058fe1ae-913a-45c9-b4f5-5b2f483eb88b" testId="2a6a8c71-b96f-470a-d8fd-04efb636e9ad" testName="SerializableHeartBeatResponseUnitTest" computerName="DKSR-EFI-04" duration="00:00:00.0064835" startTime="2023-12-22T09:36:13.6633261+01:00" endTime="2023-12-22T09:36:13.6633261+01:00" testType="13cdc9d9-ddb5-4fa4-a97d-d965ccfc6d4b" outcome="Passed" testListId="8c84fa94-04c1-424b-9868-57a2d4851a1d" relativeResultsDirectory="058fe1ae-913a-45c9-b4f5-5b2f483eb88b" />
    <UnitTestResult executionId="cd8e2666-8c57-4dc0-a4f8-d18a60ba0157" testId="ca1f3887-bbb8-4ce1-c5a0-b6c1af45db7a" testName="TestHttpMessageRequest" computerName="DKSR-EFI-04" duration="00:00:00.0009497" startTime="2023-12-22T09:36:13.7101989+01:00" endTime="2023-12-22T09:36:13.7101989+01:00" testType="13cdc9d9-ddb5-4fa4-a97d-d965ccfc6d4b" outcome="Passed" testListId="8c84fa94-04c1-424b-9868-57a2d4851a1d" relativeResultsDirectory="cd8e2666-8c57-4dc0-a4f8-d18a60ba0157" />
    <UnitTestResult executionId="7133a5b1-bd21-4902-aca8-cf4eb85e85a8" testId="0e3504ef-04be-67aa-24a2-162eeda7ff88" testName="TestCameraExportIdSetters" computerName="DKSR-EFI-04" duration="00:00:00.0006083" startTime="2023-12-22T09:36:13.5695712+01:00" endTime="2023-12-22T09:36:13.5695712+01:00" testType="13cdc9d9-ddb5-4fa4-a97d-d965ccfc6d4b" outcome="Passed" testListId="8c84fa94-04c1-424b-9868-57a2d4851a1d" relativeResultsDirectory="7133a5b1-bd21-4902-aca8-cf4eb85e85a8" />
    <UnitTestResult executionId="a600fc48-8b8a-443a-bd8e-aca2dbc107f3" testId="1785dcf1-6761-1eff-f5d7-b44d6a5ba980" testName="TestRemoveItemsOnEvenNameItemsShouldBeRemoved" computerName="DKSR-EFI-04" duration="00:00:00.0029685" startTime="2023-12-22T09:35:38.0225091+01:00" endTime="2023-12-22T09:35:38.0225091+01:00" testType="13cdc9d9-ddb5-4fa4-a97d-d965ccfc6d4b" outcome="Passed" testListId="8c84fa94-04c1-424b-9868-57a2d4851a1d" relativeResultsDirectory="a600fc48-8b8a-443a-bd8e-aca2dbc107f3" />
    <UnitTestResult executionId="014bb888-dd6e-4e04-b924-62d76256b4b7" testId="c4b85068-82b7-8ff9-ea00-60709626f475" testName="TestJobPoolAsyncModeOne" computerName="DKSR-EFI-04" duration="00:00:00.0253865" startTime="2023-12-22T09:35:40.1631457+01:00" endTime="2023-12-22T09:35:40.1943991+01:00" testType="13cdc9d9-ddb5-4fa4-a97d-d965ccfc6d4b" outcome="Passed" testListId="8c84fa94-04c1-424b-9868-57a2d4851a1d" relativeResultsDirectory="014bb888-dd6e-4e04-b924-62d76256b4b7" />
    <UnitTestResult executionId="d4f9bf7c-1665-4d8a-b3ba-c455fc1ace48" testId="d220443a-1785-17f2-f250-2c1430573c0f" testName="TestLongParamsKey" computerName="DKSR-EFI-04" duration="00:00:00.0020491" startTime="2023-12-22T09:36:13.2258207+01:00" endTime="2023-12-22T09:36:13.2258207+01:00" testType="13cdc9d9-ddb5-4fa4-a97d-d965ccfc6d4b" outcome="Passed" testListId="8c84fa94-04c1-424b-9868-57a2d4851a1d" relativeResultsDirectory="d4f9bf7c-1665-4d8a-b3ba-c455fc1ace48" />
    <UnitTestResult executionId="73042d65-2e96-4d7e-8878-ece0fb631e1e" testId="faeb832b-d6f9-7e26-be4d-fbf5dc7d77ac" testName="TestCameraRelatedIdsEqualityComparer" computerName="DKSR-EFI-04" duration="00:00:00.0027501" startTime="2023-12-22T09:35:38.1162618+01:00" endTime="2023-12-22T09:35:38.1162618+01:00" testType="13cdc9d9-ddb5-4fa4-a97d-d965ccfc6d4b" outcome="Passed" testListId="8c84fa94-04c1-424b-9868-57a2d4851a1d" relativeResultsDirectory="73042d65-2e96-4d7e-8878-ece0fb631e1e" />
    <UnitTestResult executionId="9681d5f6-02ab-41ab-97a9-f557f5d73edc" testId="dc9fe0ff-5a4e-e363-6667-80a01ddb8928" testName="UrlHelper" computerName="DKSR-EFI-04" duration="00:00:00.0084559" startTime="2023-12-22T09:35:37.8350088+01:00" endTime="2023-12-22T09:35:37.9756335+01:00" testType="13cdc9d9-ddb5-4fa4-a97d-d965ccfc6d4b" outcome="Passed" testListId="8c84fa94-04c1-424b-9868-57a2d4851a1d" relativeResultsDirectory="9681d5f6-02ab-41ab-97a9-f557f5d73edc" />
    <UnitTestResult executionId="4b0832dd-a4ca-4fd5-9b6f-358036c0cade" testId="5a61bf12-5f0d-d40a-24ab-80469181bf36" testName="TestCheckGetAccessControlDoorParamsOnMaskSome" computerName="DKSR-EFI-04" duration="00:00:00.0001259" startTime="2023-12-22T09:35:38.4756399+01:00" endTime="2023-12-22T09:35:38.4756399+01:00" testType="13cdc9d9-ddb5-4fa4-a97d-d965ccfc6d4b" outcome="Passed" testListId="8c84fa94-04c1-424b-9868-57a2d4851a1d" relativeResultsDirectory="4b0832dd-a4ca-4fd5-9b6f-358036c0cade" />
    <UnitTestResult executionId="f8ec1502-527b-46e3-9d4e-77bf3f8c23e0" testId="0686e183-79b0-bdb8-a32a-4f00dbb2e0fd" testName="TestBinaryFrameHeaderHelperGeneration" computerName="DKSR-EFI-04" duration="00:00:00.1331174" startTime="2023-12-22T09:35:38.3037619+01:00" endTime="2023-12-22T09:35:38.4443859+01:00" testType="13cdc9d9-ddb5-4fa4-a97d-d965ccfc6d4b" outcome="Passed" testListId="8c84fa94-04c1-424b-9868-57a2d4851a1d" relativeResultsDirectory="f8ec1502-527b-46e3-9d4e-77bf3f8c23e0" />
    <UnitTestResult executionId="ffba094b-ff25-481c-9226-2a61c84acfa6" testId="34350c6e-6a58-0a5e-9e7c-3fb1ad99ef16" testName="TestSortSubItemShouldBeSortedByNames" computerName="DKSR-EFI-04" duration="00:00:00.0013427" startTime="2023-12-22T09:36:13.0226936+01:00" endTime="2023-12-22T09:36:13.0383198+01:00" testType="13cdc9d9-ddb5-4fa4-a97d-d965ccfc6d4b" outcome="Passed" testListId="8c84fa94-04c1-424b-9868-57a2d4851a1d" relativeResultsDirectory="ffba094b-ff25-481c-9226-2a61c84acfa6" />
    <UnitTestResult executionId="a558ffab-a559-4611-ba8b-3617baf1651b" testId="46bedd54-55d3-41b6-ebf9-29b8aa2dcab0" testName="TestItemExistRecursivelyOnExisting" computerName="DKSR-EFI-04" duration="00:00:00.0015335" startTime="2023-12-22T09:35:38.0068838+01:00" endTime="2023-12-22T09:35:38.0068838+01:00" testType="13cdc9d9-ddb5-4fa4-a97d-d965ccfc6d4b" outcome="Passed" testListId="8c84fa94-04c1-424b-9868-57a2d4851a1d" relativeResultsDirectory="a558ffab-a559-4611-ba8b-3617baf1651b" />
    <UnitTestResult executionId="01ae4f59-37ec-445a-9110-6b744c260a3f" testId="5a1e38d2-1398-6c33-36ab-3558e783ea0b" testName="TestDeviceScanner" computerName="DKSR-EFI-04" duration="00:00:32.5831174" startTime="2023-12-22T09:35:40.3662719+01:00" endTime="2023-12-22T09:36:12.9601940+01:00" testType="13cdc9d9-ddb5-4fa4-a97d-d965ccfc6d4b" outcome="Passed" testListId="8c84fa94-04c1-424b-9868-57a2d4851a1d" relativeResultsDirectory="01ae4f59-37ec-445a-9110-6b744c260a3f" />
    <UnitTestResult executionId="f91fb890-a22c-49a9-9086-5d58ef7d5131" testId="eb2dc0dc-bdb0-a374-d622-74f395c03b5e" testName="TestContainsOnItemWithSameGuidExist" computerName="DKSR-EFI-04" duration="00:00:00.0005403" startTime="2023-12-22T09:36:13.0383198+01:00" endTime="2023-12-22T09:36:13.0383198+01:00" testType="13cdc9d9-ddb5-4fa4-a97d-d965ccfc6d4b" outcome="Passed" testListId="8c84fa94-04c1-424b-9868-57a2d4851a1d" relativeResultsDirectory="f91fb890-a22c-49a9-9086-5d58ef7d5131" />
    <UnitTestResult executionId="2ce2816c-0f45-45db-8af2-dd84c1739e25" testId="92b3e0d1-edc6-8b4a-00eb-2b333f2456f8" testName="TestCycleThread" computerName="DKSR-EFI-04" duration="00:00:00.0403946" startTime="2023-12-22T09:35:38.5068876+01:00" endTime="2023-12-22T09:35:38.5537615+01:00" testType="13cdc9d9-ddb5-4fa4-a97d-d965ccfc6d4b" outcome="Passed" testListId="8c84fa94-04c1-424b-9868-57a2d4851a1d" relativeResultsDirectory="2ce2816c-0f45-45db-8af2-dd84c1739e25" />
    <UnitTestResult executionId="44f4ee18-28be-461f-926d-3961822c6e37" testId="bc43e39f-9ad7-a690-2dfa-2ac013045385" testName="CreateWithMultipleCommaSeparatedItemIds" computerName="DKSR-EFI-04" duration="00:00:00.0021031" startTime="2023-12-22T09:35:38.0850081+01:00" endTime="2023-12-22T09:35:38.0850081+01:00" testType="13cdc9d9-ddb5-4fa4-a97d-d965ccfc6d4b" outcome="Passed" testListId="8c84fa94-04c1-424b-9868-57a2d4851a1d" relativeResultsDirectory="44f4ee18-28be-461f-926d-3961822c6e37" />
    <UnitTestResult executionId="c3bbcf8a-c0d9-49af-9568-4e414ed4548d" testId="6c698713-7633-9e0f-fec8-14779a490df3" testName="TestDescendants" computerName="DKSR-EFI-04" duration="00:00:00.0043876" startTime="2023-12-22T09:35:37.9912598+01:00" endTime="2023-12-22T09:35:38.0068838+01:00" testType="13cdc9d9-ddb5-4fa4-a97d-d965ccfc6d4b" outcome="Passed" testListId="8c84fa94-04c1-424b-9868-57a2d4851a1d" relativeResultsDirectory="c3bbcf8a-c0d9-49af-9568-4e414ed4548d" />
    <UnitTestResult executionId="e22d6094-72bb-4ba2-bb87-66ee59020a5b" testId="f3966b3c-41ac-4879-300c-40588016d43a" testName="TestServerConfigurationParams" computerName="DKSR-EFI-04" duration="00:00:00.0355241" startTime="2023-12-22T09:35:38.1943838+01:00" endTime="2023-12-22T09:35:38.2256374+01:00" testType="13cdc9d9-ddb5-4fa4-a97d-d965ccfc6d4b" outcome="Passed" testListId="8c84fa94-04c1-424b-9868-57a2d4851a1d" relativeResultsDirectory="e22d6094-72bb-4ba2-bb87-66ee59020a5b" />
    <UnitTestResult executionId="4c2d908c-4073-490e-ae9b-5dd95a6995ba" testId="20294a45-469a-8d3b-98a4-48dbbc6fee7d" testName="TransactionTestWithWarning" computerName="DKSR-EFI-04" duration="00:00:00.0113840" startTime="2023-12-22T09:35:40.1475202+01:00" endTime="2023-12-22T09:35:40.1475202+01:00" testType="13cdc9d9-ddb5-4fa4-a97d-d965ccfc6d4b" outcome="Passed" testListId="8c84fa94-04c1-424b-9868-57a2d4851a1d" relativeResultsDirectory="4c2d908c-4073-490e-ae9b-5dd95a6995ba" />
    <UnitTestResult executionId="e68c27dc-bedc-4a94-8e77-c58fc9089860" testId="512960dd-b83e-465e-1058-554f00dfd8b8" testName="TestGetServerStatusParams" computerName="DKSR-EFI-04" duration="00:00:00.0021926" startTime="2023-12-22T09:35:38.1475112+01:00" endTime="2023-12-22T09:35:38.1475112+01:00" testType="13cdc9d9-ddb5-4fa4-a97d-d965ccfc6d4b" outcome="Passed" testListId="8c84fa94-04c1-424b-9868-57a2d4851a1d" relativeResultsDirectory="e68c27dc-bedc-4a94-8e77-c58fc9089860" />
    <UnitTestResult executionId="da93ccbb-76b0-4962-9292-a06f4d733eba" testId="94356bfd-e65e-fc3a-793e-6a43b5c6900e" testName="SerializableAccessControlEventTypeUnitTest" computerName="DKSR-EFI-04" duration="00:00:00.0013965" startTime="2023-12-22T09:36:13.6164485+01:00" endTime="2023-12-22T09:36:13.6164485+01:00" testType="13cdc9d9-ddb5-4fa4-a97d-d965ccfc6d4b" outcome="Passed" testListId="8c84fa94-04c1-424b-9868-57a2d4851a1d" relativeResultsDirectory="da93ccbb-76b0-4962-9292-a06f4d733eba" />
    <UnitTestResult executionId="47cead62-adf4-457e-834f-fd8d9be41125" testId="4d240a73-de66-3751-d3db-97cdaa89d838" testName="TestJobActionTaskWorkerException" computerName="DKSR-EFI-04" duration="00:00:00.0006101" startTime="2023-12-22T09:35:40.3662719+01:00" endTime="2023-12-22T09:35:40.3662719+01:00" testType="13cdc9d9-ddb5-4fa4-a97d-d965ccfc6d4b" outcome="Passed" testListId="8c84fa94-04c1-424b-9868-57a2d4851a1d" relativeResultsDirectory="47cead62-adf4-457e-834f-fd8d9be41125" />
    <UnitTestResult executionId="3826a1be-9705-46b8-8ca2-147a322552ec" testId="881e1152-40f3-7591-1229-7f22ff32539e" testName="TestInvitationsParams" computerName="DKSR-EFI-04" duration="00:00:00.0059083" startTime="2023-12-22T09:35:38.1475112+01:00" endTime="2023-12-22T09:35:38.1475112+01:00" testType="13cdc9d9-ddb5-4fa4-a97d-d965ccfc6d4b" outcome="Passed" testListId="8c84fa94-04c1-424b-9868-57a2d4851a1d" relativeResultsDirectory="3826a1be-9705-46b8-8ca2-147a322552ec" />
    <UnitTestResult executionId="413a2315-fdd9-4bd5-8b94-aa978fe34355" testId="f0007ce0-8bd3-7f11-e3c5-e4a0a5231a62" testName="TestJobPoolSyncMode" computerName="DKSR-EFI-04" duration="00:00:00.0018818" startTime="2023-12-22T09:35:40.1631457+01:00" endTime="2023-12-22T09:35:40.1631457+01:00" testType="13cdc9d9-ddb5-4fa4-a97d-d965ccfc6d4b" outcome="Passed" testListId="8c84fa94-04c1-424b-9868-57a2d4851a1d" relativeResultsDirectory="413a2315-fdd9-4bd5-8b94-aa978fe34355" />
    <UnitTestResult executionId="95f3f899-03af-4e4c-90f1-56937b57acdf" testId="111fd9a1-818b-d976-4c60-8d8c07fd57b0" testName="TestConfigurationSubItem" computerName="DKSR-EFI-04" duration="00:00:00.0152522" startTime="2023-12-22T09:36:13.4758236+01:00" endTime="2023-12-22T09:36:13.4914471+01:00" testType="13cdc9d9-ddb5-4fa4-a97d-d965ccfc6d4b" outcome="Passed" testListId="8c84fa94-04c1-424b-9868-57a2d4851a1d" relativeResultsDirectory="95f3f899-03af-4e4c-90f1-56937b57acdf" />
    <UnitTestResult executionId="30b3fb27-6b0f-4628-8ccb-dae94ec29b25" testId="f197e8d6-4d85-1a33-6cc7-42757a8b6a2e" testName="TestTransactionOnMixedTransactionResultsShouldReturnTheMostCriticalCode" computerName="DKSR-EFI-04" duration="00:00:00.0013802" startTime="2023-12-22T09:35:40.1475202+01:00" endTime="2023-12-22T09:35:40.1475202+01:00" testType="13cdc9d9-ddb5-4fa4-a97d-d965ccfc6d4b" outcome="Passed" testListId="8c84fa94-04c1-424b-9868-57a2d4851a1d" relativeResultsDirectory="30b3fb27-6b0f-4628-8ccb-dae94ec29b25" />
    <UnitTestResult executionId="f57a6e34-66c3-4c2a-9455-30e55afa95da" testId="055bf2ac-72a5-84d1-aeca-07f9769de6d7" testName="TestGetServerConfiguration" computerName="DKSR-EFI-04" duration="00:00:00.0002261" startTime="2023-12-22T09:35:38.2256374+01:00" endTime="2023-12-22T09:35:38.2256374+01:00" testType="13cdc9d9-ddb5-4fa4-a97d-d965ccfc6d4b" outcome="Passed" testListId="8c84fa94-04c1-424b-9868-57a2d4851a1d" relativeResultsDirectory="f57a6e34-66c3-4c2a-9455-30e55afa95da" />
    <UnitTestResult executionId="29ed240a-745c-48b1-91af-5209c3a20384" testId="e7f40bb5-08e8-d565-f9ad-935a5f43d4a7" testName="TestJobPoolAsyncMode" computerName="DKSR-EFI-04" duration="00:00:00.1702346" startTime="2023-12-22T09:35:40.1943991+01:00" endTime="2023-12-22T09:35:40.3662719+01:00" testType="13cdc9d9-ddb5-4fa4-a97d-d965ccfc6d4b" outcome="Passed" testListId="8c84fa94-04c1-424b-9868-57a2d4851a1d" relativeResultsDirectory="29ed240a-745c-48b1-91af-5209c3a20384" />
    <UnitTestResult executionId="bbd9a856-bf25-4d9d-8b53-09cfca064138" testId="6e78c5cf-16c2-2b8d-54e6-9fd3676ac790" testName="TestExportParams" computerName="DKSR-EFI-04" duration="00:00:00.0273382" startTime="2023-12-22T09:36:13.5070730+01:00" endTime="2023-12-22T09:36:13.5226965+01:00" testType="13cdc9d9-ddb5-4fa4-a97d-d965ccfc6d4b" outcome="Passed" testListId="8c84fa94-04c1-424b-9868-57a2d4851a1d" relativeResultsDirectory="bbd9a856-bf25-4d9d-8b53-09cfca064138" />
    <UnitTestResult executionId="ab757046-b8e8-45b6-99e3-6a4d9f2993e6" testId="ca41d661-3b93-cb19-54be-f4979402be3e" testName="TestItemExistRecursivelyOnNotExisting" computerName="DKSR-EFI-04" duration="00:00:00.0006027" startTime="2023-12-22T09:35:38.0068838+01:00" endTime="2023-12-22T09:35:38.0068838+01:00" testType="13cdc9d9-ddb5-4fa4-a97d-d965ccfc6d4b" outcome="Passed" testListId="8c84fa94-04c1-424b-9868-57a2d4851a1d" relativeResultsDirectory="ab757046-b8e8-45b6-99e3-6a4d9f2993e6" />
    <UnitTestResult executionId="46ccd0b1-d8b4-4ad4-b59e-a2ea6bc28700" testId="892d2b38-a534-fe70-75e2-1eb587d274b4" testName="SerializableAccessControlDoorTypeTest" computerName="DKSR-EFI-04" duration="00:00:00.0010706" startTime="2023-12-22T09:36:13.6320746+01:00" endTime="2023-12-22T09:36:13.6320746+01:00" testType="13cdc9d9-ddb5-4fa4-a97d-d965ccfc6d4b" outcome="Passed" testListId="8c84fa94-04c1-424b-9868-57a2d4851a1d" relativeResultsDirectory="46ccd0b1-d8b4-4ad4-b59e-a2ea6bc28700" />
    <UnitTestResult executionId="08c4ea6f-3195-4b72-8364-8ca7ed4339c4" testId="68124f2a-b96e-cc3f-a1bd-10161ec0e4bf" testName="TestGetVideoUpParamPerChannelName" computerName="DKSR-EFI-04" duration="00:00:00.0002374" startTime="2023-12-22T09:36:13.7101989+01:00" endTime="2023-12-22T09:36:13.7101989+01:00" testType="13cdc9d9-ddb5-4fa4-a97d-d965ccfc6d4b" outcome="Passed" testListId="8c84fa94-04c1-424b-9868-57a2d4851a1d" relativeResultsDirectory="08c4ea6f-3195-4b72-8364-8ca7ed4339c4" />
    <UnitTestResult executionId="11f56585-06a3-48d4-9099-bfcd0b08d73b" testId="4bc2a2b9-f69e-ade7-3cfc-0555f5bdf6e2" testName="TestThreadSafeFrameQueueVariableSize" computerName="DKSR-EFI-04" duration="00:00:00.0031077" startTime="2023-12-22T09:35:38.6006391+01:00" endTime="2023-12-22T09:35:38.6162629+01:00" testType="13cdc9d9-ddb5-4fa4-a97d-d965ccfc6d4b" outcome="Passed" testListId="8c84fa94-04c1-424b-9868-57a2d4851a1d" relativeResultsDirectory="11f56585-06a3-48d4-9099-bfcd0b08d73b" />
    <UnitTestResult executionId="62d91c51-f74b-444d-860c-1fc3beea364f" testId="f655c8ce-cdf8-a87a-5a84-8d367c86ec3b" testName="TestExecuteAccessControlCommandParamsFromCommand" computerName="DKSR-EFI-04" duration="00:00:00.0021038" startTime="2023-12-22T09:35:38.4443859+01:00" endTime="2023-12-22T09:35:38.4443859+01:00" testType="13cdc9d9-ddb5-4fa4-a97d-d965ccfc6d4b" outcome="Passed" testListId="8c84fa94-04c1-424b-9868-57a2d4851a1d" relativeResultsDirectory="62d91c51-f74b-444d-860c-1fc3beea364f" />
    <UnitTestResult executionId="75fd2355-9f4b-446a-ba7b-9b796418123b" testId="51d1bf69-9bb2-e8ea-680a-2e981d3749ee" testName="SafeExcept_NullArgument_EmptyResult" computerName="DKSR-EFI-04" duration="00:00:00.0007143" startTime="2023-12-22T09:35:38.5537615+01:00" endTime="2023-12-22T09:35:38.5537615+01:00" testType="13cdc9d9-ddb5-4fa4-a97d-d965ccfc6d4b" outcome="Passed" testListId="8c84fa94-04c1-424b-9868-57a2d4851a1d" relativeResultsDirectory="75fd2355-9f4b-446a-ba7b-9b796418123b" />
    <UnitTestResult executionId="baa28ab3-d9e0-44cd-b7ed-4437188c0d60" testId="dd6c5b04-db09-f3f4-f296-73810d7cb64d" testName="TestCheckGetAccessControlDoorParamsOnMaskSome" computerName="DKSR-EFI-04" duration="00:00:00.0001779" startTime="2023-12-22T09:35:38.4443859+01:00" endTime="2023-12-22T09:35:38.4443859+01:00" testType="13cdc9d9-ddb5-4fa4-a97d-d965ccfc6d4b" outcome="Passed" testListId="8c84fa94-04c1-424b-9868-57a2d4851a1d" relativeResultsDirectory="baa28ab3-d9e0-44cd-b7ed-4437188c0d60" />
    <UnitTestResult executionId="fb1cc2cd-bcbf-4da1-8df8-329b5ee21c92" testId="4c05ef39-80f2-3140-6a5a-1fbdd2aa58a5" testName="TestDescendantsAndSelf" computerName="DKSR-EFI-04" duration="00:00:00.0018037" startTime="2023-12-22T09:35:38.0068838+01:00" endTime="2023-12-22T09:35:38.0068838+01:00" testType="13cdc9d9-ddb5-4fa4-a97d-d965ccfc6d4b" outcome="Passed" testListId="8c84fa94-04c1-424b-9868-57a2d4851a1d" relativeResultsDirectory="fb1cc2cd-bcbf-4da1-8df8-329b5ee21c92" />
    <UnitTestResult executionId="55efd199-bbf3-4b95-8b7d-3116af122479" testId="aacb5add-5408-6d53-2d8a-e65eaf1fe43d" testName="SerializableAccessControlDoorUnitTest" computerName="DKSR-EFI-04" duration="00:00:00.0069375" startTime="2023-12-22T09:36:13.6164485+01:00" endTime="2023-12-22T09:36:13.6164485+01:00" testType="13cdc9d9-ddb5-4fa4-a97d-d965ccfc6d4b" outcome="Passed" testListId="8c84fa94-04c1-424b-9868-57a2d4851a1d" relativeResultsDirectory="55efd199-bbf3-4b95-8b7d-3116af122479" />
    <UnitTestResult executionId="c16ce039-80b1-41dd-b13c-5735eb6f84d8" testId="ddec7fd3-9756-87e5-6c93-afc0e067c8a2" testName="TestThreadSafeCircularQueue" computerName="DKSR-EFI-04" duration="00:00:00.0128277" startTime="2023-12-22T09:35:38.5850117+01:00" endTime="2023-12-22T09:35:38.6006391+01:00" testType="13cdc9d9-ddb5-4fa4-a97d-d965ccfc6d4b" outcome="Passed" testListId="8c84fa94-04c1-424b-9868-57a2d4851a1d" relativeResultsDirectory="c16ce039-80b1-41dd-b13c-5735eb6f84d8" />
    <UnitTestResult executionId="de5036a0-ac96-4745-9958-fe8be93548cf" testId="75ba35ab-f32e-6a13-2508-731a33a7843b" testName="TestInvestigationEntryImplementer" computerName="DKSR-EFI-04" duration="00:00:00.0106621" startTime="2023-12-22T09:36:13.5695712+01:00" endTime="2023-12-22T09:36:13.5851994+01:00" testType="13cdc9d9-ddb5-4fa4-a97d-d965ccfc6d4b" outcome="Passed" testListId="8c84fa94-04c1-424b-9868-57a2d4851a1d" relativeResultsDirectory="de5036a0-ac96-4745-9958-fe8be93548cf" />
    <UnitTestResult executionId="b9bd0f12-1e38-4303-8c5b-6aef8c98cf00" testId="00735a74-52fa-640b-3b22-4f05ca18f8a1" testName="TestGetAccessControlDoorsParamsFromCommand" computerName="DKSR-EFI-04" duration="00:00:00.0045408" startTime="2023-12-22T09:35:38.4600098+01:00" endTime="2023-12-22T09:35:38.4600098+01:00" testType="13cdc9d9-ddb5-4fa4-a97d-d965ccfc6d4b" outcome="Passed" testListId="8c84fa94-04c1-424b-9868-57a2d4851a1d" relativeResultsDirectory="b9bd0f12-1e38-4303-8c5b-6aef8c98cf00" />
    <UnitTestResult executionId="a0854b4f-3709-41b1-bdbf-49e63ed26050" testId="4656baf0-58f8-4ccc-c9e7-4d23dd1e63fb" testName="TestThreadSafeFrameQueue" computerName="DKSR-EFI-04" duration="00:00:00.0045134" startTime="2023-12-22T09:35:38.6006391+01:00" endTime="2023-12-22T09:35:38.6006391+01:00" testType="13cdc9d9-ddb5-4fa4-a97d-d965ccfc6d4b" outcome="Passed" testListId="8c84fa94-04c1-424b-9868-57a2d4851a1d" relativeResultsDirectory="a0854b4f-3709-41b1-bdbf-49e63ed26050" />
    <UnitTestResult executionId="8a4d9a8d-4377-4b90-ba10-a0e7337434e3" testId="5b751b2e-856c-cd39-f9a0-5d2464051690" testName="TestCheckGetAccessControlDoorParamsOnMaskAll" computerName="DKSR-EFI-04" duration="00:00:00.0004260" startTime="2023-12-22T09:35:38.4443859+01:00" endTime="2023-12-22T09:35:38.4443859+01:00" testType="13cdc9d9-ddb5-4fa4-a97d-d965ccfc6d4b" outcome="Passed" testListId="8c84fa94-04c1-424b-9868-57a2d4851a1d" relativeResultsDirectory="8a4d9a8d-4377-4b90-ba10-a0e7337434e3" />
    <UnitTestResult executionId="9ea5006a-74e8-46c2-9191-7ed67e7ab2dc" testId="6f7ed4fb-1060-782a-b298-b4c417f37ee3" testName="TestUpnpDeviceDescription" computerName="DKSR-EFI-04" duration="00:00:00.0542135" startTime="2023-12-22T09:36:12.9601940+01:00" endTime="2023-12-22T09:36:13.0070708+01:00" testType="13cdc9d9-ddb5-4fa4-a97d-d965ccfc6d4b" outcome="Passed" testListId="8c84fa94-04c1-424b-9868-57a2d4851a1d" relativeResultsDirectory="9ea5006a-74e8-46c2-9191-7ed67e7ab2dc" />
    <UnitTestResult executionId="b508ed59-3e39-4082-a073-2b9dac6ae0a1" testId="56573e76-d38b-8c4b-50d5-c8a2e05253b8" testName="TestActionWrapper" computerName="DKSR-EFI-04" duration="00:00:00.0007755" startTime="2023-12-22T09:35:40.1631457+01:00" endTime="2023-12-22T09:35:40.1631457+01:00" testType="13cdc9d9-ddb5-4fa4-a97d-d965ccfc6d4b" outcome="Passed" testListId="8c84fa94-04c1-424b-9868-57a2d4851a1d" relativeResultsDirectory="b508ed59-3e39-4082-a073-2b9dac6ae0a1" />
    <UnitTestResult executionId="9ead80ec-a853-4a54-aa82-910f1ae8ea8e" testId="04ce3062-f9f7-3263-c0c0-097376be0781" testName="TestMaxPublicKeyLength" computerName="DKSR-EFI-04" duration="00:00:04.7918496" startTime="2023-12-22T09:36:13.8039513+01:00" endTime="2023-12-22T09:36:18.5852227+01:00" testType="13cdc9d9-ddb5-4fa4-a97d-d965ccfc6d4b" outcome="Passed" testListId="8c84fa94-04c1-424b-9868-57a2d4851a1d" relativeResultsDirectory="9ead80ec-a853-4a54-aa82-910f1ae8ea8e" />
    <UnitTestResult executionId="03cc903f-7f06-4456-bdaa-d994ce1b4a2b" testId="f2cc474c-061d-5c1e-206d-c803601b9f6e" testName="TestPartitionOnShortArrayShouldReturnIt" computerName="DKSR-EFI-04" duration="00:00:00.0008907" startTime="2023-12-22T09:35:38.5693873+01:00" endTime="2023-12-22T09:35:38.5693873+01:00" testType="13cdc9d9-ddb5-4fa4-a97d-d965ccfc6d4b" outcome="Passed" testListId="8c84fa94-04c1-424b-9868-57a2d4851a1d" relativeResultsDirectory="03cc903f-7f06-4456-bdaa-d994ce1b4a2b" />
    <UnitTestResult executionId="a10997e9-6d48-4e81-95bd-5347fbdc6926" testId="6931bbd1-71bf-30c4-dbea-536f1da25854" testName="TestGetExportRulePerChannelName" computerName="DKSR-EFI-04" duration="00:00:00.0006558" startTime="2023-12-22T09:36:13.7101989+01:00" endTime="2023-12-22T09:36:13.7101989+01:00" testType="13cdc9d9-ddb5-4fa4-a97d-d965ccfc6d4b" outcome="Passed" testListId="8c84fa94-04c1-424b-9868-57a2d4851a1d" relativeResultsDirectory="a10997e9-6d48-4e81-95bd-5347fbdc6926" />
    <UnitTestResult executionId="a92629e8-2671-44a3-8b8a-381276614465" testId="231c275f-c35c-d319-fb0d-042d3bbc01f6" testName="TestCheckGetAccessControlDoorParamsOnMaskAll" computerName="DKSR-EFI-04" duration="00:00:00.0008138" startTime="2023-12-22T09:35:38.4600098+01:00" endTime="2023-12-22T09:35:38.4756399+01:00" testType="13cdc9d9-ddb5-4fa4-a97d-d965ccfc6d4b" outcome="Passed" testListId="8c84fa94-04c1-424b-9868-57a2d4851a1d" relativeResultsDirectory="a92629e8-2671-44a3-8b8a-381276614465" />
    <UnitTestResult executionId="ae4e9927-5ae3-4471-a978-0731055d36a1" testId="e0851e91-a670-d8dc-99e6-02616c339625" testName="SerializableAccessControlSystemUnitTest" computerName="DKSR-EFI-04" duration="00:00:00.0007134" startTime="2023-12-22T09:36:13.6164485+01:00" endTime="2023-12-22T09:36:13.6164485+01:00" testType="13cdc9d9-ddb5-4fa4-a97d-d965ccfc6d4b" outcome="Passed" testListId="8c84fa94-04c1-424b-9868-57a2d4851a1d" relativeResultsDirectory="ae4e9927-5ae3-4471-a978-0731055d36a1" />
    <UnitTestResult executionId="664b6a9a-11c6-462d-814b-86abfee1cd30" testId="01725a36-4b5b-8bcf-f485-8931821ddb4b" testName="TestTimeoutUpdateCheckerException" computerName="DKSR-EFI-04" duration="00:00:00.0033498" startTime="2023-12-22T09:35:40.1162716+01:00" endTime="2023-12-22T09:35:40.1162716+01:00" testType="13cdc9d9-ddb5-4fa4-a97d-d965ccfc6d4b" outcome="Passed" testListId="8c84fa94-04c1-424b-9868-57a2d4851a1d" relativeResultsDirectory="664b6a9a-11c6-462d-814b-86abfee1cd30" />
    <UnitTestResult executionId="7a987f89-1655-42bc-a67b-d0a663494e2c" testId="9780b2cd-301d-d53e-87d4-80493da00f9e" testName="TestThreadSafeFrameQueueVariableSizeInsert" computerName="DKSR-EFI-04" duration="00:00:00.0018851" startTime="2023-12-22T09:35:38.6162629+01:00" endTime="2023-12-22T09:35:38.6162629+01:00" testType="13cdc9d9-ddb5-4fa4-a97d-d965ccfc6d4b" outcome="Passed" testListId="8c84fa94-04c1-424b-9868-57a2d4851a1d" relativeResultsDirectory="7a987f89-1655-42bc-a67b-d0a663494e2c" />
    <UnitTestResult executionId="9f718238-5707-47f3-bfa6-ce65529b3578" testId="b61f5faf-bbb8-9562-8530-04e17fcb6253" testName="TestDeserializeOnSerializedMockObject" computerName="DKSR-EFI-04" duration="00:00:00.0034270" startTime="2023-12-22T09:36:13.4758236+01:00" endTime="2023-12-22T09:36:13.4758236+01:00" testType="13cdc9d9-ddb5-4fa4-a97d-d965ccfc6d4b" outcome="Passed" testListId="8c84fa94-04c1-424b-9868-57a2d4851a1d" relativeResultsDirectory="9f718238-5707-47f3-bfa6-ce65529b3578" />
    <UnitTestResult executionId="d84e6c7d-20e3-4dfd-80d9-9a37acee8d4f" testId="ce0cf5d8-0b61-e0f4-4651-35133d3667eb" testName="TestGbdExtensionToVideoData" computerName="DKSR-EFI-04" duration="00:00:00.0074010" startTime="2023-12-22T09:35:38.0537618+01:00" endTime="2023-12-22T09:35:38.0537618+01:00" testType="13cdc9d9-ddb5-4fa4-a97d-d965ccfc6d4b" outcome="Passed" testListId="8c84fa94-04c1-424b-9868-57a2d4851a1d" relativeResultsDirectory="d84e6c7d-20e3-4dfd-80d9-9a37acee8d4f" />
    <UnitTestResult executionId="34d4e73b-630a-4221-bebc-d5c92ef9629e" testId="8663c046-0200-c4de-aab4-4c744d3f962d" testName="TestCamera" computerName="DKSR-EFI-04" duration="00:00:00.0088692" startTime="2023-12-22T09:36:13.5539490+01:00" endTime="2023-12-22T09:36:13.5695712+01:00" testType="13cdc9d9-ddb5-4fa4-a97d-d965ccfc6d4b" outcome="Passed" testListId="8c84fa94-04c1-424b-9868-57a2d4851a1d" relativeResultsDirectory="34d4e73b-630a-4221-bebc-d5c92ef9629e" />
    <UnitTestResult executionId="4ece03e5-f392-4588-99a9-29f7266eef8a" testId="3443f331-0139-71b1-c7d5-4d2e145f43ba" testName="TestDeserializeOnSerializedMockObject" computerName="DKSR-EFI-04" duration="00:00:00.0792528" startTime="2023-12-22T09:36:13.3976955+01:00" endTime="2023-12-22T09:36:13.4758236+01:00" testType="13cdc9d9-ddb5-4fa4-a97d-d965ccfc6d4b" outcome="Passed" testListId="8c84fa94-04c1-424b-9868-57a2d4851a1d" relativeResultsDirectory="4ece03e5-f392-4588-99a9-29f7266eef8a" />
    <UnitTestResult executionId="385a9601-2b9f-4cf4-8ae5-bab3edb91be3" testId="5435b94d-faee-7b4b-de82-87c597bb2efb" testName="TestAggregation" computerName="DKSR-EFI-04" duration="00:00:00.0023559" startTime="2023-12-22T09:35:40.1318950+01:00" endTime="2023-12-22T09:35:40.1318950+01:00" testType="13cdc9d9-ddb5-4fa4-a97d-d965ccfc6d4b" outcome="Passed" testListId="8c84fa94-04c1-424b-9868-57a2d4851a1d" relativeResultsDirectory="385a9601-2b9f-4cf4-8ae5-bab3edb91be3" />
    <UnitTestResult executionId="5da9833d-1ba0-4c36-8db2-318ea2d9d1a4" testId="2e11b3fa-179c-6307-54b4-bbf4e9d5b5b7" testName="TestNoLongParams" computerName="DKSR-EFI-04" duration="00:00:00.0364800" startTime="2023-12-22T09:36:13.1945735+01:00" endTime="2023-12-22T09:36:13.2258207+01:00" testType="13cdc9d9-ddb5-4fa4-a97d-d965ccfc6d4b" outcome="Passed" testListId="8c84fa94-04c1-424b-9868-57a2d4851a1d" relativeResultsDirectory="5da9833d-1ba0-4c36-8db2-318ea2d9d1a4" />
    <UnitTestResult executionId="5cf9512d-0ac4-4020-9ebd-a21ab10bf6e7" testId="04ba7681-09a6-ebfb-ad4d-960bb8182330" testName="TestItemsListImmutable" computerName="DKSR-EFI-04" duration="00:00:00.0012954" startTime="2023-12-22T09:35:37.9912598+01:00" endTime="2023-12-22T09:35:37.9912598+01:00" testType="13cdc9d9-ddb5-4fa4-a97d-d965ccfc6d4b" outcome="Passed" testListId="8c84fa94-04c1-424b-9868-57a2d4851a1d" relativeResultsDirectory="5cf9512d-0ac4-4020-9ebd-a21ab10bf6e7" />
    <UnitTestResult executionId="1fab1871-82f1-4224-925d-e16ec3048899" testId="9e01df5e-5950-9dd1-0391-21212c51dc6d" testName="TestHttpMessageResponse" computerName="DKSR-EFI-04" duration="00:00:00.0008176" startTime="2023-12-22T09:36:13.7101989+01:00" endTime="2023-12-22T09:36:13.7101989+01:00" testType="13cdc9d9-ddb5-4fa4-a97d-d965ccfc6d4b" outcome="Passed" testListId="8c84fa94-04c1-424b-9868-57a2d4851a1d" relativeResultsDirectory="1fab1871-82f1-4224-925d-e16ec3048899" />
    <UnitTestResult executionId="e947774f-8dd8-490a-9115-caec82d71eaa" testId="efc84c5d-7c17-69a2-3372-b135556abcec" testName="TestContainsOnItemWithSameGuidDoNotExist" computerName="DKSR-EFI-04" duration="00:00:00.0001246" startTime="2023-12-22T09:36:13.0383198+01:00" endTime="2023-12-22T09:36:13.0383198+01:00" testType="13cdc9d9-ddb5-4fa4-a97d-d965ccfc6d4b" outcome="Passed" testListId="8c84fa94-04c1-424b-9868-57a2d4851a1d" relativeResultsDirectory="e947774f-8dd8-490a-9115-caec82d71eaa" />
    <UnitTestResult executionId="94780af7-8a77-417b-bd53-c16eb1166418" testId="1311da5a-fda5-a1c9-268a-8edd4c5efb09" testName="SerializableHeartBeat_DeviceState" computerName="DKSR-EFI-04" duration="00:00:00.0012574" startTime="2023-12-22T09:36:13.6633261+01:00" endTime="2023-12-22T09:36:13.6633261+01:00" testType="13cdc9d9-ddb5-4fa4-a97d-d965ccfc6d4b" outcome="Passed" testListId="8c84fa94-04c1-424b-9868-57a2d4851a1d" relativeResultsDirectory="94780af7-8a77-417b-bd53-c16eb1166418" />
    <UnitTestResult executionId="a979d243-07d8-484e-b58c-5749de92e173" testId="4934fce0-f9c7-d1c6-b533-54a1f38019a3" testName="SerializableAccessControlEventCategoryUnitTest" computerName="DKSR-EFI-04" duration="00:00:00.0007719" startTime="2023-12-22T09:36:13.6320746+01:00" endTime="2023-12-22T09:36:13.6320746+01:00" testType="13cdc9d9-ddb5-4fa4-a97d-d965ccfc6d4b" outcome="Passed" testListId="8c84fa94-04c1-424b-9868-57a2d4851a1d" relativeResultsDirectory="a979d243-07d8-484e-b58c-5749de92e173" />
    <UnitTestResult executionId="ba085af7-faee-440d-b569-42ef2d211dcb" testId="acae0a6d-431d-f4ef-8339-e9d43c6df7d1" testName="TestGetEnabledValueOnTrue" computerName="DKSR-EFI-04" duration="00:00:00.0001799" startTime="2023-12-22T09:36:13.7101989+01:00" endTime="2023-12-22T09:36:13.7101989+01:00" testType="13cdc9d9-ddb5-4fa4-a97d-d965ccfc6d4b" outcome="Passed" testListId="8c84fa94-04c1-424b-9868-57a2d4851a1d" relativeResultsDirectory="ba085af7-faee-440d-b569-42ef2d211dcb" />
    <UnitTestResult executionId="356f899d-d409-40ab-bd93-5bf8640c2524" testId="d4f13f08-1e5d-5742-38da-b2ce0c941164" testName="TestGetAccessControlDoorsParamsConvertToCommand" computerName="DKSR-EFI-04" duration="00:00:00.0020649" startTime="2023-12-22T09:35:38.4600098+01:00" endTime="2023-12-22T09:35:38.4600098+01:00" testType="13cdc9d9-ddb5-4fa4-a97d-d965ccfc6d4b" outcome="Passed" testListId="8c84fa94-04c1-424b-9868-57a2d4851a1d" relativeResultsDirectory="356f899d-d409-40ab-bd93-5bf8640c2524" />
    <UnitTestResult executionId="162a702a-2b09-412f-b386-62a5d00b3723" testId="985cc37d-f396-fb1f-8fa8-02590a4133b3" testName="CreateWithMultipleItemIdNodesContainsInvalid" computerName="DKSR-EFI-04" duration="00:00:00.0006964" startTime="2023-12-22T09:35:38.0850081+01:00" endTime="2023-12-22T09:35:38.1006341+01:00" testType="13cdc9d9-ddb5-4fa4-a97d-d965ccfc6d4b" outcome="Passed" testListId="8c84fa94-04c1-424b-9868-57a2d4851a1d" relativeResultsDirectory="162a702a-2b09-412f-b386-62a5d00b3723" />
    <UnitTestResult executionId="7d429280-f309-449f-9968-c44684acee3b" testId="9ff9e3c7-62b7-72df-8902-3eed4e7eec03" testName="TestSerializableInvestigation" computerName="DKSR-EFI-04" duration="00:00:00.0142363" startTime="2023-12-22T09:36:13.6633261+01:00" endTime="2023-12-22T09:36:13.6789490+01:00" testType="13cdc9d9-ddb5-4fa4-a97d-d965ccfc6d4b" outcome="Passed" testListId="8c84fa94-04c1-424b-9868-57a2d4851a1d" relativeResultsDirectory="7d429280-f309-449f-9968-c44684acee3b" />
    <UnitTestResult executionId="3bdef5f1-8805-45da-9742-d2b03da76e6e" testId="78ba480a-3af6-ec65-672b-f3c1348c9328" testName="TestVideoDataHelperDisposeFrameOnStreamDatas" computerName="DKSR-EFI-04" duration="00:00:00.0013494" startTime="2023-12-22T09:35:38.0537618+01:00" endTime="2023-12-22T09:35:38.0537618+01:00" testType="13cdc9d9-ddb5-4fa4-a97d-d965ccfc6d4b" outcome="Passed" testListId="8c84fa94-04c1-424b-9868-57a2d4851a1d" relativeResultsDirectory="3bdef5f1-8805-45da-9742-d2b03da76e6e" />
    <UnitTestResult executionId="ca7b7e8e-819b-4ad3-81d8-de3356b0bf15" testId="5b0fdc59-8289-2da3-5f29-aac347e040e3" testName="TestEncodedStringWriter" computerName="DKSR-EFI-04" duration="00:00:00.0023370" startTime="2023-12-22T09:35:38.5537615+01:00" endTime="2023-12-22T09:35:38.5537615+01:00" testType="13cdc9d9-ddb5-4fa4-a97d-d965ccfc6d4b" outcome="Passed" testListId="8c84fa94-04c1-424b-9868-57a2d4851a1d" relativeResultsDirectory="ca7b7e8e-819b-4ad3-81d8-de3356b0bf15" />
    <UnitTestResult executionId="c49f8618-debc-4bb2-9231-a920ff645498" testId="3b7ec4a0-90b0-6f4f-3ea4-7165c75e21d0" testName="TestGetEnabledValueOnFalse" computerName="DKSR-EFI-04" duration="00:00:00.0001250" startTime="2023-12-22T09:36:13.7101989+01:00" endTime="2023-12-22T09:36:13.7101989+01:00" testType="13cdc9d9-ddb5-4fa4-a97d-d965ccfc6d4b" outcome="Passed" testListId="8c84fa94-04c1-424b-9868-57a2d4851a1d" relativeResultsDirectory="c49f8618-debc-4bb2-9231-a920ff645498" />
    <UnitTestResult executionId="9ea39b49-7b12-4112-831e-08a839d4af84" testId="bfbf93f1-fab0-2818-fd13-827b68f238a8" testName="TestIntEnumConverter" computerName="DKSR-EFI-04" duration="00:00:00.0007971" startTime="2023-12-22T09:35:38.5693873+01:00" endTime="2023-12-22T09:35:38.5693873+01:00" testType="13cdc9d9-ddb5-4fa4-a97d-d965ccfc6d4b" outcome="Passed" testListId="8c84fa94-04c1-424b-9868-57a2d4851a1d" relativeResultsDirectory="9ea39b49-7b12-4112-831e-08a839d4af84" />
    <UnitTestResult executionId="1beae93a-b2f7-4233-891e-752a31bac00e" testId="94fd8d64-521f-0d4b-e3d7-84efc6b945b8" testName="TestSsdpMessageSearchRequest" computerName="DKSR-EFI-04" duration="00:00:00.0012809" startTime="2023-12-22T09:36:13.0226936+01:00" endTime="2023-12-22T09:36:13.0226936+01:00" testType="13cdc9d9-ddb5-4fa4-a97d-d965ccfc6d4b" outcome="Passed" testListId="8c84fa94-04c1-424b-9868-57a2d4851a1d" relativeResultsDirectory="1beae93a-b2f7-4233-891e-752a31bac00e" />
    <UnitTestResult executionId="344fbfd5-5360-4110-9ca4-84c929805664" testId="f0c27f8f-dc6a-e6c6-4bde-66c86e9128df" testName="TestBinaryFrameHeaderHelperStringStructures" computerName="DKSR-EFI-04" duration="00:00:00.0001156" startTime="2023-12-22T09:35:38.4443859+01:00" endTime="2023-12-22T09:35:38.4443859+01:00" testType="13cdc9d9-ddb5-4fa4-a97d-d965ccfc6d4b" outcome="Passed" testListId="8c84fa94-04c1-424b-9868-57a2d4851a1d" relativeResultsDirectory="344fbfd5-5360-4110-9ca4-84c929805664" />
    <UnitTestResult executionId="b6a7ea13-e78a-4bb0-ad6c-646c5fd3e141" testId="c62f77c5-a701-9213-4a40-64b1d975df1e" testName="TestSerializableItem" computerName="DKSR-EFI-04" duration="00:00:00.0203668" startTime="2023-12-22T09:36:13.6789490+01:00" endTime="2023-12-22T09:36:13.7101989+01:00" testType="13cdc9d9-ddb5-4fa4-a97d-d965ccfc6d4b" outcome="Passed" testListId="8c84fa94-04c1-424b-9868-57a2d4851a1d" relativeResultsDirectory="b6a7ea13-e78a-4bb0-ad6c-646c5fd3e141" />
    <UnitTestResult executionId="7daced99-46cb-44b7-b562-9a09d238e925" testId="61616f39-92ea-b4b0-f499-c684a47eca99" testName="SafeExcept_IdenticalDicts_EmptyResult" computerName="DKSR-EFI-04" duration="00:00:00.0002608" startTime="2023-12-22T09:35:38.5537615+01:00" endTime="2023-12-22T09:35:38.5537615+01:00" testType="13cdc9d9-ddb5-4fa4-a97d-d965ccfc6d4b" outcome="Passed" testListId="8c84fa94-04c1-424b-9868-57a2d4851a1d" relativeResultsDirectory="7daced99-46cb-44b7-b562-9a09d238e925" />
    <UnitTestResult executionId="8b4ed727-e621-466a-8448-4f934a46c677" testId="4c637eac-8af0-83c2-96fa-d5da40a1ecbf" testName="TestGetItemOnExisting" computerName="DKSR-EFI-04" duration="00:00:00.0007951" startTime="2023-12-22T09:35:38.0068838+01:00" endTime="2023-12-22T09:35:38.0225091+01:00" testType="13cdc9d9-ddb5-4fa4-a97d-d965ccfc6d4b" outcome="Passed" testListId="8c84fa94-04c1-424b-9868-57a2d4851a1d" relativeResultsDirectory="8b4ed727-e621-466a-8448-4f934a46c677" />
    <UnitTestResult executionId="21ca7177-04cc-44d1-9572-51fb05e5f8d9" testId="75ef9b64-318e-277a-5c0b-b16ba1eb42b4" testName="ProxyItemManagerTest" computerName="DKSR-EFI-04" duration="00:00:00.0078354" startTime="2023-12-22T09:35:40.1631457+01:00" endTime="2023-12-22T09:35:40.1631457+01:00" testType="13cdc9d9-ddb5-4fa4-a97d-d965ccfc6d4b" outcome="Passed" testListId="8c84fa94-04c1-424b-9868-57a2d4851a1d" relativeResultsDirectory="21ca7177-04cc-44d1-9572-51fb05e5f8d9" />
    <UnitTestResult executionId="d7043066-7288-47bf-8b42-8ada554fd4be" testId="1b71fbfb-1d25-036e-a9a8-f29fc1dd1e0f" testName="TestMovingWindowAverage" computerName="DKSR-EFI-04" duration="00:00:00.0025499" startTime="2023-12-22T09:35:40.3662719+01:00" endTime="2023-12-22T09:35:40.3662719+01:00" testType="13cdc9d9-ddb5-4fa4-a97d-d965ccfc6d4b" outcome="Passed" testListId="8c84fa94-04c1-424b-9868-57a2d4851a1d" relativeResultsDirectory="d7043066-7288-47bf-8b42-8ada554fd4be" />
    <UnitTestResult executionId="7c7ea6dc-1718-4f0f-8539-1a2068e9ff4e" testId="fa52f98c-f174-759c-de37-bbacc8afc158" testName="TestForEach" computerName="DKSR-EFI-04" duration="00:00:00.0016529" startTime="2023-12-22T09:35:38.5693873+01:00" endTime="2023-12-22T09:35:38.5693873+01:00" testType="13cdc9d9-ddb5-4fa4-a97d-d965ccfc6d4b" outcome="Passed" testListId="8c84fa94-04c1-424b-9868-57a2d4851a1d" relativeResultsDirectory="7c7ea6dc-1718-4f0f-8539-1a2068e9ff4e" />
    <UnitTestResult executionId="1c260861-2ba6-47e5-ac86-a2a314b87692" testId="c2dfb93e-753a-4c0f-dd1d-3f3cc8d0d4aa" testName="TestCycleThreadMember" computerName="DKSR-EFI-04" duration="00:00:00.0328221" startTime="2023-12-22T09:35:38.4756399+01:00" endTime="2023-12-22T09:35:38.5068876+01:00" testType="13cdc9d9-ddb5-4fa4-a97d-d965ccfc6d4b" outcome="Passed" testListId="8c84fa94-04c1-424b-9868-57a2d4851a1d" relativeResultsDirectory="1c260861-2ba6-47e5-ac86-a2a314b87692" />
    <UnitTestResult executionId="0eb043d4-0a8f-4022-938a-9b32635c67ed" testId="eb1eb2f6-d0f4-539d-2fca-1d76573bf07f" testName="TestCorrectCamerasMethod" computerName="DKSR-EFI-04" duration="00:00:00.0084129" startTime="2023-12-22T09:36:13.5226965+01:00" endTime="2023-12-22T09:36:13.5383241+01:00" testType="13cdc9d9-ddb5-4fa4-a97d-d965ccfc6d4b" outcome="Passed" testListId="8c84fa94-04c1-424b-9868-57a2d4851a1d" relativeResultsDirectory="0eb043d4-0a8f-4022-938a-9b32635c67ed" />
    <UnitTestResult executionId="10e45de5-eb13-483a-a796-631d68b72d4a" testId="2a5ddfab-ff6c-06a9-8082-966e0562b315" testName="TestGetAccessControlEventsParamsConvertToCommand" computerName="DKSR-EFI-04" duration="00:00:00.0053403" startTime="2023-12-22T09:35:38.4600098+01:00" endTime="2023-12-22T09:35:38.4600098+01:00" testType="13cdc9d9-ddb5-4fa4-a97d-d965ccfc6d4b" outcome="Passed" testListId="8c84fa94-04c1-424b-9868-57a2d4851a1d" relativeResultsDirectory="10e45de5-eb13-483a-a796-631d68b72d4a" />
    <UnitTestResult executionId="140413ce-f869-4ca2-93e7-1112a6cdd86e" testId="5c1d61db-f33c-9b32-eede-f14362ba4579" testName="TestBinaryFrameGeneratorFromVideoParams" computerName="DKSR-EFI-04" duration="00:00:00.0050122" startTime="2023-12-22T09:35:38.2256374+01:00" endTime="2023-12-22T09:35:38.2412611+01:00" testType="13cdc9d9-ddb5-4fa4-a97d-d965ccfc6d4b" outcome="Passed" testListId="8c84fa94-04c1-424b-9868-57a2d4851a1d" relativeResultsDirectory="140413ce-f869-4ca2-93e7-1112a6cdd86e" />
    <UnitTestResult executionId="c14a2a6a-c8b2-4b6c-8d2b-0e133a6eac5d" testId="55acef94-ebe1-e6a3-2c72-1f84ea2f2c83" testName="TestCheckGetAccessControlDoorParamsOnCorrectMask" computerName="DKSR-EFI-04" duration="00:00:00.0001797" startTime="2023-12-22T09:35:38.4600098+01:00" endTime="2023-12-22T09:35:38.4600098+01:00" testType="13cdc9d9-ddb5-4fa4-a97d-d965ccfc6d4b" outcome="Passed" testListId="8c84fa94-04c1-424b-9868-57a2d4851a1d" relativeResultsDirectory="c14a2a6a-c8b2-4b6c-8d2b-0e133a6eac5d" />
    <UnitTestResult executionId="8955a412-c395-4e97-8eda-29c9ff7bec85" testId="86279d59-8111-eebc-0ffc-991c62040942" testName="CreateWithSingleItemId" computerName="DKSR-EFI-04" duration="00:00:00.0279761" startTime="2023-12-22T09:35:38.0537618+01:00" endTime="2023-12-22T09:35:38.0850081+01:00" testType="13cdc9d9-ddb5-4fa4-a97d-d965ccfc6d4b" outcome="Passed" testListId="8c84fa94-04c1-424b-9868-57a2d4851a1d" relativeResultsDirectory="8955a412-c395-4e97-8eda-29c9ff7bec85" />
    <UnitTestResult executionId="606b93e5-f9a9-4261-9d54-2c855763c0fb" testId="fa688409-47c5-c3fa-0542-ad92e54118c9" testName="TestBinaryFrameGeneratorFromVideoData" computerName="DKSR-EFI-04" duration="00:00:00.0044932" startTime="2023-12-22T09:35:38.2412611+01:00" endTime="2023-12-22T09:35:38.2412611+01:00" testType="13cdc9d9-ddb5-4fa4-a97d-d965ccfc6d4b" outcome="Passed" testListId="8c84fa94-04c1-424b-9868-57a2d4851a1d" relativeResultsDirectory="606b93e5-f9a9-4261-9d54-2c855763c0fb" />
    <UnitTestResult executionId="5559b495-c0c8-4a72-9a8e-474d8443ef71" testId="079433d2-73ef-9a06-ffad-792c1b690362" testName="TestGetAccessControlDoorsParamsFromCommand" computerName="DKSR-EFI-04" duration="00:00:00.0026259" startTime="2023-12-22T09:35:38.4443859+01:00" endTime="2023-12-22T09:35:38.4600098+01:00" testType="13cdc9d9-ddb5-4fa4-a97d-d965ccfc6d4b" outcome="Passed" testListId="8c84fa94-04c1-424b-9868-57a2d4851a1d" relativeResultsDirectory="5559b495-c0c8-4a72-9a8e-474d8443ef71" />
    <UnitTestResult executionId="3172359b-dccb-46ea-95c0-8e897b8e83c4" testId="9fc69608-9b1b-d5b8-2e22-ca94526907cf" testName="CreateWithMultipleCommaSeparatedItemIdsContainsInvalid" computerName="DKSR-EFI-04" duration="00:00:00.0008426" startTime="2023-12-22T09:35:38.1006341+01:00" endTime="2023-12-22T09:35:38.1006341+01:00" testType="13cdc9d9-ddb5-4fa4-a97d-d965ccfc6d4b" outcome="Passed" testListId="8c84fa94-04c1-424b-9868-57a2d4851a1d" relativeResultsDirectory="3172359b-dccb-46ea-95c0-8e897b8e83c4" />
    <UnitTestResult executionId="5bd6c542-4810-4739-a5c6-4d6442bbb0fd" testId="0a659cdb-4b24-c7fd-2564-df86df181d7e" testName="TestConvertTo" computerName="DKSR-EFI-04" duration="00:00:00.0017390" startTime="2023-12-22T09:35:38.4443859+01:00" endTime="2023-12-22T09:35:38.4443859+01:00" testType="13cdc9d9-ddb5-4fa4-a97d-d965ccfc6d4b" outcome="Passed" testListId="8c84fa94-04c1-424b-9868-57a2d4851a1d" relativeResultsDirectory="5bd6c542-4810-4739-a5c6-4d6442bbb0fd" />
    <UnitTestResult executionId="5d0c64e2-031d-44b7-b180-a2d2722fcef6" testId="43573551-a3b6-5e4a-6cc0-44e7bdf427c3" testName="TestSerializeOnMockObject" computerName="DKSR-EFI-04" duration="00:00:00.1507431" startTime="2023-12-22T09:36:13.2414463+01:00" endTime="2023-12-22T09:36:13.3976955+01:00" testType="13cdc9d9-ddb5-4fa4-a97d-d965ccfc6d4b" outcome="Passed" testListId="8c84fa94-04c1-424b-9868-57a2d4851a1d" relativeResultsDirectory="5d0c64e2-031d-44b7-b180-a2d2722fcef6" />
    <UnitTestResult executionId="d6b8f4cb-9ece-43c3-9088-3efd903f06e8" testId="ddceb84f-8873-dfc5-896e-a4733fb71f3e" testName="SafeExcept_SameKey_ElementNotInResult" computerName="DKSR-EFI-04" duration="00:00:00.0002597" startTime="2023-12-22T09:35:38.5537615+01:00" endTime="2023-12-22T09:35:38.5537615+01:00" testType="13cdc9d9-ddb5-4fa4-a97d-d965ccfc6d4b" outcome="Passed" testListId="8c84fa94-04c1-424b-9868-57a2d4851a1d" relativeResultsDirectory="d6b8f4cb-9ece-43c3-9088-3efd903f06e8" />
    <UnitTestResult executionId="86b7be6b-f5c0-413a-935f-1df49fa6b24c" testId="58937d47-220c-3484-384f-890c4a791e26" testName="TestAudioDataInitFromByteArray" computerName="DKSR-EFI-04" duration="00:00:00.0039735" startTime="2023-12-22T09:35:38.0381361+01:00" endTime="2023-12-22T09:35:38.0537618+01:00" testType="13cdc9d9-ddb5-4fa4-a97d-d965ccfc6d4b" outcome="Passed" testListId="8c84fa94-04c1-424b-9868-57a2d4851a1d" relativeResultsDirectory="86b7be6b-f5c0-413a-935f-1df49fa6b24c" />
    <UnitTestResult executionId="35c530dd-d3bb-48f8-b760-a46806e61b4c" testId="d4efaf2c-d958-43a9-9469-622988a27978" testName="TestPartitionOnLongArrayShouldRechunkIt" computerName="DKSR-EFI-04" duration="00:00:00.0036629" startTime="2023-12-22T09:35:38.5693873+01:00" endTime="2023-12-22T09:35:38.5693873+01:00" testType="13cdc9d9-ddb5-4fa4-a97d-d965ccfc6d4b" outcome="Passed" testListId="8c84fa94-04c1-424b-9868-57a2d4851a1d" relativeResultsDirectory="35c530dd-d3bb-48f8-b760-a46806e61b4c" />
    <UnitTestResult executionId="ce09e87c-1f93-42e7-b076-d2659a349138" testId="eeb85854-37e8-5665-aac0-c94abc51fa71" testName="TestSerializableServerEndpoint" computerName="DKSR-EFI-04" duration="00:00:00.0007634" startTime="2023-12-22T09:36:13.7101989+01:00" endTime="2023-12-22T09:36:13.7101989+01:00" testType="13cdc9d9-ddb5-4fa4-a97d-d965ccfc6d4b" outcome="Passed" testListId="8c84fa94-04c1-424b-9868-57a2d4851a1d" relativeResultsDirectory="ce09e87c-1f93-42e7-b076-d2659a349138" />
    <UnitTestResult executionId="fddcb9d2-ed18-42e4-9a24-c57b431b3e23" testId="7d0fadd2-87b6-f5e0-5cce-f972a4a436ce" testName="SerializableAccessControlDoorStatesTest" computerName="DKSR-EFI-04" duration="00:00:00.0020782" startTime="2023-12-22T09:36:13.6164485+01:00" endTime="2023-12-22T09:36:13.6164485+01:00" testType="13cdc9d9-ddb5-4fa4-a97d-d965ccfc6d4b" outcome="Passed" testListId="8c84fa94-04c1-424b-9868-57a2d4851a1d" relativeResultsDirectory="fddcb9d2-ed18-42e4-9a24-c57b431b3e23" />
    <UnitTestResult executionId="cd6cce58-44b5-48b9-a24a-4617ef264ef2" testId="cca402ac-f2da-79fe-ea36-23e99696e5b5" testName="TestTimeConverterException" computerName="DKSR-EFI-04" duration="00:00:00.0000455" startTime="2023-12-22T09:35:38.6162629+01:00" endTime="2023-12-22T09:35:38.6162629+01:00" testType="13cdc9d9-ddb5-4fa4-a97d-d965ccfc6d4b" outcome="Passed" testListId="8c84fa94-04c1-424b-9868-57a2d4851a1d" relativeResultsDirectory="cd6cce58-44b5-48b9-a24a-4617ef264ef2" />
    <UnitTestResult executionId="c01c0c0b-e282-461e-ba85-a68197e27d54" testId="d91417d7-1346-dfa7-2b46-20e0fa111b8c" testName="TestExportParams" computerName="DKSR-EFI-04" duration="00:00:00.0188454" startTime="2023-12-22T09:35:38.1318866+01:00" endTime="2023-12-22T09:35:38.1475112+01:00" testType="13cdc9d9-ddb5-4fa4-a97d-d965ccfc6d4b" outcome="Passed" testListId="8c84fa94-04c1-424b-9868-57a2d4851a1d" relativeResultsDirectory="c01c0c0b-e282-461e-ba85-a68197e27d54" />
    <UnitTestResult executionId="2d018656-bbf3-4166-8ce3-46b5ce81f73a" testId="ad21d145-1412-b355-068a-b8db9dd9e247" testName="SafeExcept_CustomComparer_ElementNotInResult" computerName="DKSR-EFI-04" duration="00:00:00.0003520" startTime="2023-12-22T09:35:38.5537615+01:00" endTime="2023-12-22T09:35:38.5537615+01:00" testType="13cdc9d9-ddb5-4fa4-a97d-d965ccfc6d4b" outcome="Passed" testListId="8c84fa94-04c1-424b-9868-57a2d4851a1d" relativeResultsDirectory="2d018656-bbf3-4166-8ce3-46b5ce81f73a" />
    <UnitTestResult executionId="82b2b1c6-a5e0-497f-a08b-2ab54b688ddd" testId="d042bb42-32c7-2eba-63d7-8dcdf6002eb0" testName="SerializableAccessControlUnitTest" computerName="DKSR-EFI-04" duration="00:00:00.0256973" startTime="2023-12-22T09:36:13.5851994+01:00" endTime="2023-12-22T09:36:13.6164485+01:00" testType="13cdc9d9-ddb5-4fa4-a97d-d965ccfc6d4b" outcome="Passed" testListId="8c84fa94-04c1-424b-9868-57a2d4851a1d" relativeResultsDirectory="82b2b1c6-a5e0-497f-a08b-2ab54b688ddd" />
    <UnitTestResult executionId="6782100f-b63c-461a-a442-7fbfcc63b267" testId="e2294e9e-4d27-ebba-42ce-04c56ecd5174" testName="TestCommandCreateInvestigationParams" computerName="DKSR-EFI-04" duration="00:00:00.0004691" startTime="2023-12-22T09:36:13.2414463+01:00" endTime="2023-12-22T09:36:13.2414463+01:00" testType="13cdc9d9-ddb5-4fa4-a97d-d965ccfc6d4b" outcome="Passed" testListId="8c84fa94-04c1-424b-9868-57a2d4851a1d" relativeResultsDirectory="6782100f-b63c-461a-a442-7fbfcc63b267" />
    <UnitTestResult executionId="efa3c030-3f44-44d4-86e7-d3071fcfe9cf" testId="b026f6f8-9168-d34a-94ce-2d33b1e9f6eb" testName="TestSortChilds" computerName="DKSR-EFI-04" duration="00:00:00.0014941" startTime="2023-12-22T09:35:38.0225091+01:00" endTime="2023-12-22T09:35:38.0225091+01:00" testType="13cdc9d9-ddb5-4fa4-a97d-d965ccfc6d4b" outcome="Passed" testListId="8c84fa94-04c1-424b-9868-57a2d4851a1d" relativeResultsDirectory="efa3c030-3f44-44d4-86e7-d3071fcfe9cf" />
    <UnitTestResult executionId="e9624820-413f-4111-927f-520796e54945" testId="0e40ef5d-ff4b-506a-d92d-84b239d54fab" testName="TestSsdpMessageRequest" computerName="DKSR-EFI-04" duration="00:00:00.0005493" startTime="2023-12-22T09:36:13.0226936+01:00" endTime="2023-12-22T09:36:13.0226936+01:00" testType="13cdc9d9-ddb5-4fa4-a97d-d965ccfc6d4b" outcome="Passed" testListId="8c84fa94-04c1-424b-9868-57a2d4851a1d" relativeResultsDirectory="e9624820-413f-4111-927f-520796e54945" />
    <UnitTestResult executionId="1ac45eb9-9f39-433e-9136-f6fa16da0233" testId="e34c667e-2282-e8b9-d697-5643186aab1b" testName="SerializableAccessControlDoorCategoryUnitTest" computerName="DKSR-EFI-04" duration="00:00:00.0007987" startTime="2023-12-22T09:36:13.6164485+01:00" endTime="2023-12-22T09:36:13.6320746+01:00" testType="13cdc9d9-ddb5-4fa4-a97d-d965ccfc6d4b" outcome="Passed" testListId="8c84fa94-04c1-424b-9868-57a2d4851a1d" relativeResultsDirectory="1ac45eb9-9f39-433e-9136-f6fa16da0233" />
    <UnitTestResult executionId="526787c8-85b4-4c3d-b481-61c61a4a748e" testId="d08607db-5010-a5a4-3520-9667bab4d8f0" testName="TestGetAllCamerasListShouldAddCamerasIn" computerName="DKSR-EFI-04" duration="00:00:00.0055380" startTime="2023-12-22T09:35:38.0068838+01:00" endTime="2023-12-22T09:35:38.0068838+01:00" testType="13cdc9d9-ddb5-4fa4-a97d-d965ccfc6d4b" outcome="Passed" testListId="8c84fa94-04c1-424b-9868-57a2d4851a1d" relativeResultsDirectory="526787c8-85b4-4c3d-b481-61c61a4a748e" />
    <UnitTestResult executionId="0976ff85-f24a-491e-b004-56e3298c3f6e" testId="89640082-0a30-3dd8-3f2f-5c39684c5e90" testName="TestArrayHelper" computerName="DKSR-EFI-04" duration="00:00:00.0012658" startTime="2023-12-22T09:35:38.4756399+01:00" endTime="2023-12-22T09:35:38.4756399+01:00" testType="13cdc9d9-ddb5-4fa4-a97d-d965ccfc6d4b" outcome="Passed" testListId="8c84fa94-04c1-424b-9868-57a2d4851a1d" relativeResultsDirectory="0976ff85-f24a-491e-b004-56e3298c3f6e" />
  </Results>
  <TestDefinitions>
    <UnitTest name="TestDefaultLongParamsValue" storage="d:\actions-runner\_work\xpco\xpco\mobile\mobileserver\mobileserverbinaries\videoos.mobile.portable.test\src\bin\debug\net472\videoos.mobile.portable.test.dll" id="f62fc6fd-d943-4e65-24c6-290750bd8039">
      <TestCategory>
        <TestCategoryItem TestCategory="Fast" />
      </TestCategory>
      <Execution id="37ffe978-fe26-4936-b345-ba4c55ff8c48" />
      <TestMethod codeBase="D:\actions-runner\_work\XPCO\XPCO\Mobile\MobileServer\MobileServerBinaries\VideoOS.Mobile.Portable.Test\src\bin\Debug\net472\VideoOS.Mobile.Portable.Test.dll" adapterTypeName="executor://mstestadapter/v2" className="VideoOS.Mobile.Portable.Test.MetaChannel.ParamsValidatorTest" name="TestDefaultLongParamsValue" />
    </UnitTest>
    <UnitTest name="TestMaxPublicKeyLength" storage="d:\actions-runner\_work\xpco\xpco\mobile\mobileserver\mobileserverbinaries\videoos.mobile.portable.test\src\bin\debug\net472\videoos.mobile.portable.test.dll" id="04ce3062-f9f7-3263-c0c0-097376be0781">
      <TestCategory>
        <TestCategoryItem TestCategory="LongRunning" />
      </TestCategory>
      <Execution id="9ead80ec-a853-4a54-aa82-910f1ae8ea8e" />
      <TestMethod codeBase="D:\actions-runner\_work\XPCO\XPCO\Mobile\MobileServer\MobileServerBinaries\VideoOS.Mobile.Portable.Test\src\bin\Debug\net472\VideoOS.Mobile.Portable.Test.dll" adapterTypeName="executor://mstestadapter/v2" className="VideoOS.Mobile.Portable.Test.Encryption.DHEncryptionTests" name="TestMaxPublicKeyLength" />
    </UnitTest>
    <UnitTest name="TestDeviceScanner" storage="d:\actions-runner\_work\xpco\xpco\mobile\mobileserver\mobileserverbinaries\videoos.mobile.portable.test\src\bin\debug\net472\videoos.mobile.portable.test.dll" id="5a1e38d2-1398-6c33-36ab-3558e783ea0b">
      <TestCategory>
        <TestCategoryItem TestCategory="LongRunning" />
      </TestCategory>
      <Execution id="01ae4f59-37ec-445a-9110-6b744c260a3f" />
      <TestMethod codeBase="D:\actions-runner\_work\XPCO\XPCO\Mobile\MobileServer\MobileServerBinaries\VideoOS.Mobile.Portable.Test\src\bin\Debug\net472\VideoOS.Mobile.Portable.Test.dll" adapterTypeName="executor://mstestadapter/v2" className="VideoOS.Mobile.Portable.Test.Upnp.DeviceScannerTests" name="TestDeviceScanner" />
    </UnitTest>
    <UnitTest name="TestBinaryFrameHeaderHelperReadWrite" storage="d:\actions-runner\_work\xpco\xpco\mobile\mobileserver\mobileserverbinaries\videoos.mobile.portable.test\src\bin\debug\net472\videoos.mobile.portable.test.dll" id="c39bcd4d-06bf-fa86-a9ef-551e745d994b">
      <TestCategory>
        <TestCategoryItem TestCategory="Fast" />
      </TestCategory>
      <Execution id="23453ebf-97a1-4de6-b0d7-969222fb3844" />
      <TestMethod codeBase="D:\actions-runner\_work\XPCO\XPCO\Mobile\MobileServer\MobileServerBinaries\VideoOS.Mobile.Portable.Test\src\bin\Debug\net472\VideoOS.Mobile.Portable.Test.dll" adapterTypeName="executor://mstestadapter/v2" className="VideoOS.Mobile.Portable.Test.VideoChannel.Binary.BinaryFrameHeaderHelperTests" name="TestBinaryFrameHeaderHelperReadWrite" />
    </UnitTest>
    <UnitTest name="TestGetVersionString" storage="d:\actions-runner\_work\xpco\xpco\mobile\mobileserver\mobileserverbinaries\videoos.mobile.portable.test\src\bin\debug\net472\videoos.mobile.portable.test.dll" id="897f220a-2a14-f141-becf-7d18dcd58171">
      <TestCategory>
        <TestCategoryItem TestCategory="Fast" />
      </TestCategory>
      <Execution id="be09e86b-4de2-42dd-b16b-e571c0d84bdb" />
      <TestMethod codeBase="D:\actions-runner\_work\XPCO\XPCO\Mobile\MobileServer\MobileServerBinaries\VideoOS.Mobile.Portable.Test\src\bin\Debug\net472\VideoOS.Mobile.Portable.Test.dll" adapterTypeName="executor://mstestadapter/v2" className="VideoOS.Mobile.Portable.Test.Version.ConstantsTest" name="TestGetVersionString" />
    </UnitTest>
    <UnitTest name="TestGetItemOnNotExisting" storage="d:\actions-runner\_work\xpco\xpco\mobile\mobileserver\mobileserverbinaries\videoos.mobile.portable.test\src\bin\debug\net472\videoos.mobile.portable.test.dll" id="79b02fef-775e-16e7-8733-362232a45876">
      <TestCategory>
        <TestCategoryItem TestCategory="Fast" />
      </TestCategory>
      <Execution id="4979dd68-814a-4194-ab73-5f97cf8bc792" />
      <TestMethod codeBase="D:\actions-runner\_work\XPCO\XPCO\Mobile\MobileServer\MobileServerBinaries\VideoOS.Mobile.Portable.Test\src\bin\Debug\net472\VideoOS.Mobile.Portable.Test.dll" adapterTypeName="executor://mstestadapter/v2" className="VideoOS.Mobile.Portable.Test.ViewGroupItem.ViewGroupTreeTests" name="TestGetItemOnNotExisting" />
    </UnitTest>
    <UnitTest name="SafeExcept_IdenticalDicts_EmptyResult" storage="d:\actions-runner\_work\xpco\xpco\mobile\mobileserver\mobileserverbinaries\videoos.mobile.portable.test\src\bin\debug\net472\videoos.mobile.portable.test.dll" id="61616f39-92ea-b4b0-f499-c684a47eca99">
      <TestCategory>
        <TestCategoryItem TestCategory="Fast" />
      </TestCategory>
      <Execution id="7daced99-46cb-44b7-b562-9a09d238e925" />
      <TestMethod codeBase="D:\actions-runner\_work\XPCO\XPCO\Mobile\MobileServer\MobileServerBinaries\VideoOS.Mobile.Portable.Test\src\bin\Debug\net472\VideoOS.Mobile.Portable.Test.dll" adapterTypeName="executor://mstestadapter/v2" className="VideoOS.Mobile.Portable.Test.Utilities.DictionaryExtensions" name="SafeExcept_IdenticalDicts_EmptyResult" />
    </UnitTest>
    <UnitTest name="TestSerializableServerEndpoint" storage="d:\actions-runner\_work\xpco\xpco\mobile\mobileserver\mobileserverbinaries\videoos.mobile.portable.test\src\bin\debug\net472\videoos.mobile.portable.test.dll" id="eeb85854-37e8-5665-aac0-c94abc51fa71">
      <TestCategory>
        <TestCategoryItem TestCategory="Fast" />
      </TestCategory>
      <Execution id="ce09e87c-1f93-42e7-b076-d2659a349138" />
      <TestMethod codeBase="D:\actions-runner\_work\XPCO\XPCO\Mobile\MobileServer\MobileServerBinaries\VideoOS.Mobile.Portable.Test\src\bin\Debug\net472\VideoOS.Mobile.Portable.Test.dll" adapterTypeName="executor://mstestadapter/v2" className="VideoOS.Mobile.Portable.Test.MetaChannel.CommEntries.SerializableServerEndpointTest" name="TestSerializableServerEndpoint" />
    </UnitTest>
    <UnitTest name="TestConvertTo" storage="d:\actions-runner\_work\xpco\xpco\mobile\mobileserver\mobileserverbinaries\videoos.mobile.portable.test\src\bin\debug\net472\videoos.mobile.portable.test.dll" id="0a659cdb-4b24-c7fd-2564-df86df181d7e">
      <TestCategory>
        <TestCategoryItem TestCategory="Fast" />
      </TestCategory>
      <Execution id="5bd6c542-4810-4739-a5c6-4d6442bbb0fd" />
      <TestMethod codeBase="D:\actions-runner\_work\XPCO\XPCO\Mobile\MobileServer\MobileServerBinaries\VideoOS.Mobile.Portable.Test\src\bin\Debug\net472\VideoOS.Mobile.Portable.Test.dll" adapterTypeName="executor://mstestadapter/v2" className="VideoOS.Mobile.Portable.Test.VideoChannel.Binary.StreamInfoTests" name="TestConvertTo" />
    </UnitTest>
    <UnitTest name="TestTimeoutUpdateChecker" storage="d:\actions-runner\_work\xpco\xpco\mobile\mobileserver\mobileserverbinaries\videoos.mobile.portable.test\src\bin\debug\net472\videoos.mobile.portable.test.dll" id="85c9bd99-890d-4b56-a986-96ca910d7e63">
      <TestCategory>
        <TestCategoryItem TestCategory="LongRunning" />
      </TestCategory>
      <Execution id="04eddb7b-8122-450a-afd6-099eced61bf4" />
      <TestMethod codeBase="D:\actions-runner\_work\XPCO\XPCO\Mobile\MobileServer\MobileServerBinaries\VideoOS.Mobile.Portable.Test\src\bin\Debug\net472\VideoOS.Mobile.Portable.Test.dll" adapterTypeName="executor://mstestadapter/v2" className="VideoOS.Mobile.Portable.Test.Utilities.TimeoutUpdateCheckerTest" name="TestTimeoutUpdateChecker" />
    </UnitTest>
    <UnitTest name="TestCheckGetAccessControlDoorParamsOnMaskSome" storage="d:\actions-runner\_work\xpco\xpco\mobile\mobileserver\mobileserverbinaries\videoos.mobile.portable.test\src\bin\debug\net472\videoos.mobile.portable.test.dll" id="dd6c5b04-db09-f3f4-f296-73810d7cb64d">
      <TestCategory>
        <TestCategoryItem TestCategory="Fast" />
      </TestCategory>
      <Execution id="baa28ab3-d9e0-44cd-b7ed-4437188c0d60" />
      <TestMethod codeBase="D:\actions-runner\_work\XPCO\XPCO\Mobile\MobileServer\MobileServerBinaries\VideoOS.Mobile.Portable.Test\src\bin\Debug\net472\VideoOS.Mobile.Portable.Test.dll" adapterTypeName="executor://mstestadapter/v2" className="VideoOS.Mobile.Portable.Test.VideoChannel.AccessControlParams.ExecuteAccessControlCommandParamsTests" name="TestCheckGetAccessControlDoorParamsOnMaskSome" />
    </UnitTest>
    <UnitTest name="CreateWithMultipleItemIdNodesContainsInvalid" storage="d:\actions-runner\_work\xpco\xpco\mobile\mobileserver\mobileserverbinaries\videoos.mobile.portable.test\src\bin\debug\net472\videoos.mobile.portable.test.dll" id="985cc37d-f396-fb1f-8fa8-02590a4133b3">
      <TestCategory>
        <TestCategoryItem TestCategory="Fast" />
      </TestCategory>
      <Execution id="162a702a-2b09-412f-b386-62a5d00b3723" />
      <TestMethod codeBase="D:\actions-runner\_work\XPCO\XPCO\Mobile\MobileServer\MobileServerBinaries\VideoOS.Mobile.Portable.Test\src\bin\Debug\net472\VideoOS.Mobile.Portable.Test.dll" adapterTypeName="executor://mstestadapter/v2" className="VideoOS.Mobile.Portable.Test.VideoChannel.Params.AudioParamsTests" name="CreateWithMultipleItemIdNodesContainsInvalid" />
    </UnitTest>
    <UnitTest name="TestGetVideoUpParamPerChannelName" storage="d:\actions-runner\_work\xpco\xpco\mobile\mobileserver\mobileserverbinaries\videoos.mobile.portable.test\src\bin\debug\net472\videoos.mobile.portable.test.dll" id="68124f2a-b96e-cc3f-a1bd-10161ec0e4bf">
      <TestCategory>
        <TestCategoryItem TestCategory="Fast" />
      </TestCategory>
      <Execution id="08c4ea6f-3195-4b72-8364-8ca7ed4339c4" />
      <TestMethod codeBase="D:\actions-runner\_work\XPCO\XPCO\Mobile\MobileServer\MobileServerBinaries\VideoOS.Mobile.Portable.Test\src\bin\Debug\net472\VideoOS.Mobile.Portable.Test.dll" adapterTypeName="executor://mstestadapter/v2" className="VideoOS.Mobile.Portable.Test.Management.DefinitionsTests" name="TestGetVideoUpParamPerChannelName" />
    </UnitTest>
    <UnitTest name="TransactionTestOk" storage="d:\actions-runner\_work\xpco\xpco\mobile\mobileserver\mobileserverbinaries\videoos.mobile.portable.test\src\bin\debug\net472\videoos.mobile.portable.test.dll" id="e0ea3d14-723c-47b3-ddab-432c2a1d6d19">
      <TestCategory>
        <TestCategoryItem TestCategory="Fast" />
      </TestCategory>
      <Execution id="6a40a1ac-3a1c-4526-860a-c1599c6c5847" />
      <TestMethod codeBase="D:\actions-runner\_work\XPCO\XPCO\Mobile\MobileServer\MobileServerBinaries\VideoOS.Mobile.Portable.Test\src\bin\Debug\net472\VideoOS.Mobile.Portable.Test.dll" adapterTypeName="executor://mstestadapter/v2" className="VideoOS.Mobile.Portable.Test.Utilities.Transaction.TransactionTest" name="TransactionTestOk" />
    </UnitTest>
    <UnitTest name="TestCheckGetAccessControlDoorParamsOnMaskAll" storage="d:\actions-runner\_work\xpco\xpco\mobile\mobileserver\mobileserverbinaries\videoos.mobile.portable.test\src\bin\debug\net472\videoos.mobile.portable.test.dll" id="5b751b2e-856c-cd39-f9a0-5d2464051690">
      <TestCategory>
        <TestCategoryItem TestCategory="Fast" />
      </TestCategory>
      <Execution id="8a4d9a8d-4377-4b90-ba10-a0e7337434e3" />
      <TestMethod codeBase="D:\actions-runner\_work\XPCO\XPCO\Mobile\MobileServer\MobileServerBinaries\VideoOS.Mobile.Portable.Test\src\bin\Debug\net472\VideoOS.Mobile.Portable.Test.dll" adapterTypeName="executor://mstestadapter/v2" className="VideoOS.Mobile.Portable.Test.VideoChannel.AccessControlParams.ExecuteAccessControlCommandParamsTests" name="TestCheckGetAccessControlDoorParamsOnMaskAll" />
    </UnitTest>
    <UnitTest name="TestThreadSafeFrameQueue" storage="d:\actions-runner\_work\xpco\xpco\mobile\mobileserver\mobileserverbinaries\videoos.mobile.portable.test\src\bin\debug\net472\videoos.mobile.portable.test.dll" id="4656baf0-58f8-4ccc-c9e7-4d23dd1e63fb">
      <TestCategory>
        <TestCategoryItem TestCategory="Fast" />
      </TestCategory>
      <Execution id="a0854b4f-3709-41b1-bdbf-49e63ed26050" />
      <TestMethod codeBase="D:\actions-runner\_work\XPCO\XPCO\Mobile\MobileServer\MobileServerBinaries\VideoOS.Mobile.Portable.Test\src\bin\Debug\net472\VideoOS.Mobile.Portable.Test.dll" adapterTypeName="executor://mstestadapter/v2" className="VideoOS.Mobile.Portable.Test.Utilities.ThreadSafeFrameQueueTests" name="TestThreadSafeFrameQueue" />
    </UnitTest>
    <UnitTest name="TestLongParamsKey" storage="d:\actions-runner\_work\xpco\xpco\mobile\mobileserver\mobileserverbinaries\videoos.mobile.portable.test\src\bin\debug\net472\videoos.mobile.portable.test.dll" id="d220443a-1785-17f2-f250-2c1430573c0f">
      <TestCategory>
        <TestCategoryItem TestCategory="Fast" />
      </TestCategory>
      <Execution id="d4f9bf7c-1665-4d8a-b3ba-c455fc1ace48" />
      <TestMethod codeBase="D:\actions-runner\_work\XPCO\XPCO\Mobile\MobileServer\MobileServerBinaries\VideoOS.Mobile.Portable.Test\src\bin\Debug\net472\VideoOS.Mobile.Portable.Test.dll" adapterTypeName="executor://mstestadapter/v2" className="VideoOS.Mobile.Portable.Test.MetaChannel.ParamsValidatorTest" name="TestLongParamsKey" />
    </UnitTest>
    <UnitTest name="TestSsdpMessageSearchResponse" storage="d:\actions-runner\_work\xpco\xpco\mobile\mobileserver\mobileserverbinaries\videoos.mobile.portable.test\src\bin\debug\net472\videoos.mobile.portable.test.dll" id="2b96f371-1acf-8624-e77d-15884ff35382">
      <TestCategory>
        <TestCategoryItem TestCategory="Fast" />
      </TestCategory>
      <Execution id="7bb919af-3018-43e8-81a1-80544ea59c0c" />
      <TestMethod codeBase="D:\actions-runner\_work\XPCO\XPCO\Mobile\MobileServer\MobileServerBinaries\VideoOS.Mobile.Portable.Test\src\bin\Debug\net472\VideoOS.Mobile.Portable.Test.dll" adapterTypeName="executor://mstestadapter/v2" className="VideoOS.Mobile.Portable.Test.Upnp.SsdpMessage.SsdpMessageSearchResponseTests" name="TestSsdpMessageSearchResponse" />
    </UnitTest>
    <UnitTest name="TestSerializeOnMockObject" storage="d:\actions-runner\_work\xpco\xpco\mobile\mobileserver\mobileserverbinaries\videoos.mobile.portable.test\src\bin\debug\net472\videoos.mobile.portable.test.dll" id="43573551-a3b6-5e4a-6cc0-44e7bdf427c3">
      <TestCategory>
        <TestCategoryItem TestCategory="LongRunning" />
      </TestCategory>
      <Execution id="5d0c64e2-031d-44b7-b180-a2d2722fcef6" />
      <TestMethod codeBase="D:\actions-runner\_work\XPCO\XPCO\Mobile\MobileServer\MobileServerBinaries\VideoOS.Mobile.Portable.Test\src\bin\Debug\net472\VideoOS.Mobile.Portable.Test.dll" adapterTypeName="executor://mstestadapter/v2" className="VideoOS.Mobile.Portable.Test.MetaChannel.Serializers.JsonMessageSerializer" name="TestSerializeOnMockObject" />
    </UnitTest>
    <UnitTest name="TestSortSubItemShouldBeSortedByNames" storage="d:\actions-runner\_work\xpco\xpco\mobile\mobileserver\mobileserverbinaries\videoos.mobile.portable.test\src\bin\debug\net472\videoos.mobile.portable.test.dll" id="34350c6e-6a58-0a5e-9e7c-3fb1ad99ef16">
      <TestCategory>
        <TestCategoryItem TestCategory="Fast" />
      </TestCategory>
      <Execution id="ffba094b-ff25-481c-9226-2a61c84acfa6" />
      <TestMethod codeBase="D:\actions-runner\_work\XPCO\XPCO\Mobile\MobileServer\MobileServerBinaries\VideoOS.Mobile.Portable.Test\src\bin\Debug\net472\VideoOS.Mobile.Portable.Test.dll" adapterTypeName="executor://mstestadapter/v2" className="VideoOS.Mobile.Portable.Test.OEGroupItem.OEGroupTreeTests" name="TestSortSubItemShouldBeSortedByNames" />
    </UnitTest>
    <UnitTest name="TestCheckGetAccessControlDoorParamsOnMaskAll" storage="d:\actions-runner\_work\xpco\xpco\mobile\mobileserver\mobileserverbinaries\videoos.mobile.portable.test\src\bin\debug\net472\videoos.mobile.portable.test.dll" id="231c275f-c35c-d319-fb0d-042d3bbc01f6">
      <TestCategory>
        <TestCategoryItem TestCategory="Fast" />
      </TestCategory>
      <Execution id="a92629e8-2671-44a3-8b8a-381276614465" />
      <TestMethod codeBase="D:\actions-runner\_work\XPCO\XPCO\Mobile\MobileServer\MobileServerBinaries\VideoOS.Mobile.Portable.Test\src\bin\Debug\net472\VideoOS.Mobile.Portable.Test.dll" adapterTypeName="executor://mstestadapter/v2" className="VideoOS.Mobile.Portable.Test.VideoChannel.AccessControlParams.GetAccessControlEventsParamsTests" name="TestCheckGetAccessControlDoorParamsOnMaskAll" />
    </UnitTest>
    <UnitTest name="TestCommunicationEntry" storage="d:\actions-runner\_work\xpco\xpco\mobile\mobileserver\mobileserverbinaries\videoos.mobile.portable.test\src\bin\debug\net472\videoos.mobile.portable.test.dll" id="4a208dea-2e5c-d7dd-52cd-cac88f53f83b">
      <TestCategory>
        <TestCategoryItem TestCategory="LongRunning" />
      </TestCategory>
      <Execution id="24972209-5495-48cf-9bfb-2931cf9bf485" />
      <TestMethod codeBase="D:\actions-runner\_work\XPCO\XPCO\Mobile\MobileServer\MobileServerBinaries\VideoOS.Mobile.Portable.Test\src\bin\Debug\net472\VideoOS.Mobile.Portable.Test.dll" adapterTypeName="executor://mstestadapter/v2" className="VideoOS.Mobile.Portable.Test.MetaChannel.CommunicationEntryTests" name="TestCommunicationEntry" />
    </UnitTest>
    <UnitTest name="TestCycleThread" storage="d:\actions-runner\_work\xpco\xpco\mobile\mobileserver\mobileserverbinaries\videoos.mobile.portable.test\src\bin\debug\net472\videoos.mobile.portable.test.dll" id="92b3e0d1-edc6-8b4a-00eb-2b333f2456f8">
      <TestCategory>
        <TestCategoryItem TestCategory="Fast" />
      </TestCategory>
      <Execution id="2ce2816c-0f45-45db-8af2-dd84c1739e25" />
      <TestMethod codeBase="D:\actions-runner\_work\XPCO\XPCO\Mobile\MobileServer\MobileServerBinaries\VideoOS.Mobile.Portable.Test\src\bin\Debug\net472\VideoOS.Mobile.Portable.Test.dll" adapterTypeName="executor://mstestadapter/v2" className="VideoOS.Mobile.Portable.Test.Utilities.CycleThreadMemberTests" name="TestCycleThread" />
    </UnitTest>
    <UnitTest name="TestGetAllCamerasFolder" storage="d:\actions-runner\_work\xpco\xpco\mobile\mobileserver\mobileserverbinaries\videoos.mobile.portable.test\src\bin\debug\net472\videoos.mobile.portable.test.dll" id="088fa787-7266-7a61-8a2f-028a21316df9">
      <TestCategory>
        <TestCategoryItem TestCategory="Fast" />
      </TestCategory>
      <Execution id="c40b09f8-7312-4446-8731-22dd00ee5403" />
      <TestMethod codeBase="D:\actions-runner\_work\XPCO\XPCO\Mobile\MobileServer\MobileServerBinaries\VideoOS.Mobile.Portable.Test\src\bin\Debug\net472\VideoOS.Mobile.Portable.Test.dll" adapterTypeName="executor://mstestadapter/v2" className="VideoOS.Mobile.Portable.Test.ViewGroupItem.ViewGroupTreeTests" name="TestGetAllCamerasFolder" />
    </UnitTest>
    <UnitTest name="TestCameraRelatedIdsEqualityComparer" storage="d:\actions-runner\_work\xpco\xpco\mobile\mobileserver\mobileserverbinaries\videoos.mobile.portable.test\src\bin\debug\net472\videoos.mobile.portable.test.dll" id="faeb832b-d6f9-7e26-be4d-fbf5dc7d77ac">
      <TestCategory>
        <TestCategoryItem TestCategory="Fast" />
      </TestCategory>
      <Execution id="73042d65-2e96-4d7e-8878-ece0fb631e1e" />
      <TestMethod codeBase="D:\actions-runner\_work\XPCO\XPCO\Mobile\MobileServer\MobileServerBinaries\VideoOS.Mobile.Portable.Test\src\bin\Debug\net472\VideoOS.Mobile.Portable.Test.dll" adapterTypeName="executor://mstestadapter/v2" className="VideoOS.Mobile.Portable.Test.VideoChannel.Params.CameraRelatedIdsTest" name="TestCameraRelatedIdsEqualityComparer" />
    </UnitTest>
    <UnitTest name="TestJobActionTaskWorker" storage="d:\actions-runner\_work\xpco\xpco\mobile\mobileserver\mobileserverbinaries\videoos.mobile.portable.test\src\bin\debug\net472\videoos.mobile.portable.test.dll" id="103b8020-90d8-f2fc-0593-d6746feb5a88">
      <TestCategory>
        <TestCategoryItem TestCategory="Fast" />
      </TestCategory>
      <Execution id="8e09663d-6486-4f4c-b0f4-86f9200244b8" />
      <TestMethod codeBase="D:\actions-runner\_work\XPCO\XPCO\Mobile\MobileServer\MobileServerBinaries\VideoOS.Mobile.Portable.Test\src\bin\Debug\net472\VideoOS.Mobile.Portable.Test.dll" adapterTypeName="executor://mstestadapter/v2" className="VideoOS.Mobile.Portable.Test.Utilities.Async.JobPoolTest" name="TestJobActionTaskWorker" />
    </UnitTest>
    <UnitTest name="TestCycleThreadMember" storage="d:\actions-runner\_work\xpco\xpco\mobile\mobileserver\mobileserverbinaries\videoos.mobile.portable.test\src\bin\debug\net472\videoos.mobile.portable.test.dll" id="c2dfb93e-753a-4c0f-dd1d-3f3cc8d0d4aa">
      <TestCategory>
        <TestCategoryItem TestCategory="LongRunning" />
      </TestCategory>
      <Execution id="1c260861-2ba6-47e5-ac86-a2a314b87692" />
      <TestMethod codeBase="D:\actions-runner\_work\XPCO\XPCO\Mobile\MobileServer\MobileServerBinaries\VideoOS.Mobile.Portable.Test\src\bin\Debug\net472\VideoOS.Mobile.Portable.Test.dll" adapterTypeName="executor://mstestadapter/v2" className="VideoOS.Mobile.Portable.Test.Utilities.CycleThreadMemberTests" name="TestCycleThreadMember" />
    </UnitTest>
    <UnitTest name="SerializableAccessControlUnitTest" storage="d:\actions-runner\_work\xpco\xpco\mobile\mobileserver\mobileserverbinaries\videoos.mobile.portable.test\src\bin\debug\net472\videoos.mobile.portable.test.dll" id="d042bb42-32c7-2eba-63d7-8dcdf6002eb0">
      <TestCategory>
        <TestCategoryItem TestCategory="LongRunning" />
      </TestCategory>
      <Execution id="82b2b1c6-a5e0-497f-a08b-2ab54b688ddd" />
      <TestMethod codeBase="D:\actions-runner\_work\XPCO\XPCO\Mobile\MobileServer\MobileServerBinaries\VideoOS.Mobile.Portable.Test\src\bin\Debug\net472\VideoOS.Mobile.Portable.Test.dll" adapterTypeName="executor://mstestadapter/v2" className="VideoOS.Mobile.Portable.Test.MetaChannel.CommEntries.SerializableAccessControlTest" name="SerializableAccessControlUnitTest" />
    </UnitTest>
    <UnitTest name="TestInvitationsParamsForAbsUsage" storage="d:\actions-runner\_work\xpco\xpco\mobile\mobileserver\mobileserverbinaries\videoos.mobile.portable.test\src\bin\debug\net472\videoos.mobile.portable.test.dll" id="bcf36bf8-26ae-d467-b963-c0af84b8f958">
      <TestCategory>
        <TestCategoryItem TestCategory="Fast" />
      </TestCategory>
      <Execution id="f96917a3-fb7c-44f8-84ed-2a6ffee4dc2c" />
      <TestMethod codeBase="D:\actions-runner\_work\XPCO\XPCO\Mobile\MobileServer\MobileServerBinaries\VideoOS.Mobile.Portable.Test\src\bin\Debug\net472\VideoOS.Mobile.Portable.Test.dll" adapterTypeName="executor://mstestadapter/v2" className="VideoOS.Mobile.Portable.Test.VideoChannel.Params.InvitationsParamsTest" name="TestInvitationsParamsForAbsUsage" />
    </UnitTest>
    <UnitTest name="TestGetEnabledValueOnFalse" storage="d:\actions-runner\_work\xpco\xpco\mobile\mobileserver\mobileserverbinaries\videoos.mobile.portable.test\src\bin\debug\net472\videoos.mobile.portable.test.dll" id="3b7ec4a0-90b0-6f4f-3ea4-7165c75e21d0">
      <TestCategory>
        <TestCategoryItem TestCategory="Fast" />
      </TestCategory>
      <Execution id="c49f8618-debc-4bb2-9231-a920ff645498" />
      <TestMethod codeBase="D:\actions-runner\_work\XPCO\XPCO\Mobile\MobileServer\MobileServerBinaries\VideoOS.Mobile.Portable.Test\src\bin\Debug\net472\VideoOS.Mobile.Portable.Test.dll" adapterTypeName="executor://mstestadapter/v2" className="VideoOS.Mobile.Portable.Test.Management.DefinitionsTests" name="TestGetEnabledValueOnFalse" />
    </UnitTest>
    <UnitTest name="TestGetExportRulePerChannelName" storage="d:\actions-runner\_work\xpco\xpco\mobile\mobileserver\mobileserverbinaries\videoos.mobile.portable.test\src\bin\debug\net472\videoos.mobile.portable.test.dll" id="6931bbd1-71bf-30c4-dbea-536f1da25854">
      <TestCategory>
        <TestCategoryItem TestCategory="Fast" />
      </TestCategory>
      <Execution id="a10997e9-6d48-4e81-95bd-5347fbdc6926" />
      <TestMethod codeBase="D:\actions-runner\_work\XPCO\XPCO\Mobile\MobileServer\MobileServerBinaries\VideoOS.Mobile.Portable.Test\src\bin\Debug\net472\VideoOS.Mobile.Portable.Test.dll" adapterTypeName="executor://mstestadapter/v2" className="VideoOS.Mobile.Portable.Test.Management.DefinitionsTests" name="TestGetExportRulePerChannelName" />
    </UnitTest>
    <UnitTest name="TestJpegHelper" storage="d:\actions-runner\_work\xpco\xpco\mobile\mobileserver\mobileserverbinaries\videoos.mobile.portable.test\src\bin\debug\net472\videoos.mobile.portable.test.dll" id="8f2d192e-6968-5656-1e7d-17d269b0af37">
      <TestCategory>
        <TestCategoryItem TestCategory="Fast" />
      </TestCategory>
      <Execution id="d13c96c6-8c0a-4cee-9aae-03433655b202" />
      <TestMethod codeBase="D:\actions-runner\_work\XPCO\XPCO\Mobile\MobileServer\MobileServerBinaries\VideoOS.Mobile.Portable.Test\src\bin\Debug\net472\VideoOS.Mobile.Portable.Test.dll" adapterTypeName="executor://mstestadapter/v2" className="VideoOS.Mobile.Portable.Test.Utilities.JpegHelperTest" name="TestJpegHelper" />
    </UnitTest>
    <UnitTest name="TestItemExistRecursivelyOnNotExisting" storage="d:\actions-runner\_work\xpco\xpco\mobile\mobileserver\mobileserverbinaries\videoos.mobile.portable.test\src\bin\debug\net472\videoos.mobile.portable.test.dll" id="ca41d661-3b93-cb19-54be-f4979402be3e">
      <TestCategory>
        <TestCategoryItem TestCategory="Fast" />
      </TestCategory>
      <Execution id="ab757046-b8e8-45b6-99e3-6a4d9f2993e6" />
      <TestMethod codeBase="D:\actions-runner\_work\XPCO\XPCO\Mobile\MobileServer\MobileServerBinaries\VideoOS.Mobile.Portable.Test\src\bin\Debug\net472\VideoOS.Mobile.Portable.Test.dll" adapterTypeName="executor://mstestadapter/v2" className="VideoOS.Mobile.Portable.Test.ViewGroupItem.ViewGroupTreeTests" name="TestItemExistRecursivelyOnNotExisting" />
    </UnitTest>
    <UnitTest name="TestDescendantsAndSelf" storage="d:\actions-runner\_work\xpco\xpco\mobile\mobileserver\mobileserverbinaries\videoos.mobile.portable.test\src\bin\debug\net472\videoos.mobile.portable.test.dll" id="4c05ef39-80f2-3140-6a5a-1fbdd2aa58a5">
      <TestCategory>
        <TestCategoryItem TestCategory="Fast" />
      </TestCategory>
      <Execution id="fb1cc2cd-bcbf-4da1-8df8-329b5ee21c92" />
      <TestMethod codeBase="D:\actions-runner\_work\XPCO\XPCO\Mobile\MobileServer\MobileServerBinaries\VideoOS.Mobile.Portable.Test\src\bin\Debug\net472\VideoOS.Mobile.Portable.Test.dll" adapterTypeName="executor://mstestadapter/v2" className="VideoOS.Mobile.Portable.Test.ViewGroupItem.ViewGroupTreeTests" name="TestDescendantsAndSelf" />
    </UnitTest>
    <UnitTest name="TestDHEncryption" storage="d:\actions-runner\_work\xpco\xpco\mobile\mobileserver\mobileserverbinaries\videoos.mobile.portable.test\src\bin\debug\net472\videoos.mobile.portable.test.dll" id="b4229464-56aa-0cd2-1d2e-ff90378406ec">
      <TestCategory>
        <TestCategoryItem TestCategory="LongRunning" />
      </TestCategory>
      <Execution id="9614efa5-621f-4e78-ba37-bf116c909b28" />
      <TestMethod codeBase="D:\actions-runner\_work\XPCO\XPCO\Mobile\MobileServer\MobileServerBinaries\VideoOS.Mobile.Portable.Test\src\bin\Debug\net472\VideoOS.Mobile.Portable.Test.dll" adapterTypeName="executor://mstestadapter/v2" className="VideoOS.Mobile.Portable.Test.Encryption.DHEncryptionTests" name="TestDHEncryption" />
    </UnitTest>
    <UnitTest name="SerializableHeartBeat_DeviceState" storage="d:\actions-runner\_work\xpco\xpco\mobile\mobileserver\mobileserverbinaries\videoos.mobile.portable.test\src\bin\debug\net472\videoos.mobile.portable.test.dll" id="1311da5a-fda5-a1c9-268a-8edd4c5efb09">
      <TestCategory>
        <TestCategoryItem TestCategory="Fast" />
      </TestCategory>
      <Execution id="94780af7-8a77-417b-bd53-c16eb1166418" />
      <TestMethod codeBase="D:\actions-runner\_work\XPCO\XPCO\Mobile\MobileServer\MobileServerBinaries\VideoOS.Mobile.Portable.Test\src\bin\Debug\net472\VideoOS.Mobile.Portable.Test.dll" adapterTypeName="executor://mstestadapter/v2" className="VideoOS.Mobile.Portable.Test.MetaChannel.CommEntries.SerializableHeartBeatTest" name="SerializableHeartBeat_DeviceState" />
    </UnitTest>
    <UnitTest name="TestGetAccessControlDoorsParamsConvertToCommand" storage="d:\actions-runner\_work\xpco\xpco\mobile\mobileserver\mobileserverbinaries\videoos.mobile.portable.test\src\bin\debug\net472\videoos.mobile.portable.test.dll" id="d4f13f08-1e5d-5742-38da-b2ce0c941164">
      <TestCategory>
        <TestCategoryItem TestCategory="Fast" />
      </TestCategory>
      <Execution id="356f899d-d409-40ab-bd93-5bf8640c2524" />
      <TestMethod codeBase="D:\actions-runner\_work\XPCO\XPCO\Mobile\MobileServer\MobileServerBinaries\VideoOS.Mobile.Portable.Test\src\bin\Debug\net472\VideoOS.Mobile.Portable.Test.dll" adapterTypeName="executor://mstestadapter/v2" className="VideoOS.Mobile.Portable.Test.VideoChannel.AccessControlParams.GetAccessControlDoorsParamsTests" name="TestGetAccessControlDoorsParamsConvertToCommand" />
    </UnitTest>
    <UnitTest name="TestGetServerStatusParams" storage="d:\actions-runner\_work\xpco\xpco\mobile\mobileserver\mobileserverbinaries\videoos.mobile.portable.test\src\bin\debug\net472\videoos.mobile.portable.test.dll" id="512960dd-b83e-465e-1058-554f00dfd8b8">
      <TestCategory>
        <TestCategoryItem TestCategory="Fast" />
      </TestCategory>
      <Execution id="e68c27dc-bedc-4a94-8e77-c58fc9089860" />
      <TestMethod codeBase="D:\actions-runner\_work\XPCO\XPCO\Mobile\MobileServer\MobileServerBinaries\VideoOS.Mobile.Portable.Test\src\bin\Debug\net472\VideoOS.Mobile.Portable.Test.dll" adapterTypeName="executor://mstestadapter/v2" className="VideoOS.Mobile.Portable.Test.VideoChannel.Params.GetServerStatusParamsTest" name="TestGetServerStatusParams" />
    </UnitTest>
    <UnitTest name="TestCommandCreateInvestigationParams" storage="d:\actions-runner\_work\xpco\xpco\mobile\mobileserver\mobileserverbinaries\videoos.mobile.portable.test\src\bin\debug\net472\videoos.mobile.portable.test.dll" id="e2294e9e-4d27-ebba-42ce-04c56ecd5174">
      <TestCategory>
        <TestCategoryItem TestCategory="Fast" />
      </TestCategory>
      <Execution id="6782100f-b63c-461a-a442-7fbfcc63b267" />
      <TestMethod codeBase="D:\actions-runner\_work\XPCO\XPCO\Mobile\MobileServer\MobileServerBinaries\VideoOS.Mobile.Portable.Test\src\bin\Debug\net472\VideoOS.Mobile.Portable.Test.dll" adapterTypeName="executor://mstestadapter/v2" className="VideoOS.Mobile.Portable.Test.MetaChannel.ParamsValidatorTest" name="TestCommandCreateInvestigationParams" />
    </UnitTest>
    <UnitTest name="TestDeserializeOnSerializedMockObject" storage="d:\actions-runner\_work\xpco\xpco\mobile\mobileserver\mobileserverbinaries\videoos.mobile.portable.test\src\bin\debug\net472\videoos.mobile.portable.test.dll" id="b61f5faf-bbb8-9562-8530-04e17fcb6253">
      <TestCategory>
        <TestCategoryItem TestCategory="Fast" />
      </TestCategory>
      <Execution id="9f718238-5707-47f3-bfa6-ce65529b3578" />
      <TestMethod codeBase="D:\actions-runner\_work\XPCO\XPCO\Mobile\MobileServer\MobileServerBinaries\VideoOS.Mobile.Portable.Test\src\bin\Debug\net472\VideoOS.Mobile.Portable.Test.dll" adapterTypeName="executor://mstestadapter/v2" className="VideoOS.Mobile.Portable.Test.MetaChannel.Serializers.XmlMessageSerializerTests" name="TestDeserializeOnSerializedMockObject" />
    </UnitTest>
    <UnitTest name="TestBinaryFrameHeaderHelperStringStructures" storage="d:\actions-runner\_work\xpco\xpco\mobile\mobileserver\mobileserverbinaries\videoos.mobile.portable.test\src\bin\debug\net472\videoos.mobile.portable.test.dll" id="f0c27f8f-dc6a-e6c6-4bde-66c86e9128df">
      <TestCategory>
        <TestCategoryItem TestCategory="Fast" />
      </TestCategory>
      <Execution id="344fbfd5-5360-4110-9ca4-84c929805664" />
      <TestMethod codeBase="D:\actions-runner\_work\XPCO\XPCO\Mobile\MobileServer\MobileServerBinaries\VideoOS.Mobile.Portable.Test\src\bin\Debug\net472\VideoOS.Mobile.Portable.Test.dll" adapterTypeName="executor://mstestadapter/v2" className="VideoOS.Mobile.Portable.Test.VideoChannel.Binary.BinaryFrameHeaderHelperTests" name="TestBinaryFrameHeaderHelperStringStructures" />
    </UnitTest>
    <UnitTest name="TestBookmarkParams" storage="d:\actions-runner\_work\xpco\xpco\mobile\mobileserver\mobileserverbinaries\videoos.mobile.portable.test\src\bin\debug\net472\videoos.mobile.portable.test.dll" id="13711fab-d288-81f4-624e-784e8b729671">
      <TestCategory>
        <TestCategoryItem TestCategory="Fast" />
      </TestCategory>
      <Execution id="519b54dd-8f52-4b99-a6b9-45759dbe870f" />
      <TestMethod codeBase="D:\actions-runner\_work\XPCO\XPCO\Mobile\MobileServer\MobileServerBinaries\VideoOS.Mobile.Portable.Test\src\bin\Debug\net472\VideoOS.Mobile.Portable.Test.dll" adapterTypeName="executor://mstestadapter/v2" className="VideoOS.Mobile.Portable.Test.VideoChannel.Params.BookmarkParamsTests" name="TestBookmarkParams" />
    </UnitTest>
    <UnitTest name="TestDeserializeOnSerializedMockObject" storage="d:\actions-runner\_work\xpco\xpco\mobile\mobileserver\mobileserverbinaries\videoos.mobile.portable.test\src\bin\debug\net472\videoos.mobile.portable.test.dll" id="3443f331-0139-71b1-c7d5-4d2e145f43ba">
      <TestCategory>
        <TestCategoryItem TestCategory="LongRunning" />
      </TestCategory>
      <Execution id="4ece03e5-f392-4588-99a9-29f7266eef8a" />
      <TestMethod codeBase="D:\actions-runner\_work\XPCO\XPCO\Mobile\MobileServer\MobileServerBinaries\VideoOS.Mobile.Portable.Test\src\bin\Debug\net472\VideoOS.Mobile.Portable.Test.dll" adapterTypeName="executor://mstestadapter/v2" className="VideoOS.Mobile.Portable.Test.MetaChannel.Serializers.JsonMessageSerializer" name="TestDeserializeOnSerializedMockObject" />
    </UnitTest>
    <UnitTest name="TestCommandSpecificLongParams" storage="d:\actions-runner\_work\xpco\xpco\mobile\mobileserver\mobileserverbinaries\videoos.mobile.portable.test\src\bin\debug\net472\videoos.mobile.portable.test.dll" id="e758a702-5ae2-aff8-5e65-773daf4a80d3">
      <TestCategory>
        <TestCategoryItem TestCategory="Fast" />
      </TestCategory>
      <Execution id="5846c49d-b7ab-4cca-af98-67c64efd2612" />
      <TestMethod codeBase="D:\actions-runner\_work\XPCO\XPCO\Mobile\MobileServer\MobileServerBinaries\VideoOS.Mobile.Portable.Test\src\bin\Debug\net472\VideoOS.Mobile.Portable.Test.dll" adapterTypeName="executor://mstestadapter/v2" className="VideoOS.Mobile.Portable.Test.MetaChannel.ParamsValidatorTest" name="TestCommandSpecificLongParams" />
    </UnitTest>
    <UnitTest name="TransactionTestException" storage="d:\actions-runner\_work\xpco\xpco\mobile\mobileserver\mobileserverbinaries\videoos.mobile.portable.test\src\bin\debug\net472\videoos.mobile.portable.test.dll" id="90fec278-52b3-aaac-96f0-4ae4dccc6b62">
      <TestCategory>
        <TestCategoryItem TestCategory="Fast" />
      </TestCategory>
      <Execution id="d003f370-cfc7-4a6a-91f9-609463cdd678" />
      <TestMethod codeBase="D:\actions-runner\_work\XPCO\XPCO\Mobile\MobileServer\MobileServerBinaries\VideoOS.Mobile.Portable.Test\src\bin\Debug\net472\VideoOS.Mobile.Portable.Test.dll" adapterTypeName="executor://mstestadapter/v2" className="VideoOS.Mobile.Portable.Test.Utilities.Transaction.TransactionTest" name="TransactionTestException" />
    </UnitTest>
    <UnitTest name="TestPtzParams" storage="d:\actions-runner\_work\xpco\xpco\mobile\mobileserver\mobileserverbinaries\videoos.mobile.portable.test\src\bin\debug\net472\videoos.mobile.portable.test.dll" id="8bb1f684-9c81-dfe5-a066-1fbb89bbb5b8">
      <TestCategory>
        <TestCategoryItem TestCategory="Fast" />
      </TestCategory>
      <Execution id="b953d8f2-1ce2-428a-a947-1dedf38b517b" />
      <TestMethod codeBase="D:\actions-runner\_work\XPCO\XPCO\Mobile\MobileServer\MobileServerBinaries\VideoOS.Mobile.Portable.Test\src\bin\Debug\net472\VideoOS.Mobile.Portable.Test.dll" adapterTypeName="executor://mstestadapter/v2" className="VideoOS.Mobile.Portable.Test.VideoChannel.Params.PtzParamsTests" name="TestPtzParams" />
    </UnitTest>
    <UnitTest name="TestJobActionTaskWorkerException" storage="d:\actions-runner\_work\xpco\xpco\mobile\mobileserver\mobileserverbinaries\videoos.mobile.portable.test\src\bin\debug\net472\videoos.mobile.portable.test.dll" id="4d240a73-de66-3751-d3db-97cdaa89d838">
      <TestCategory>
        <TestCategoryItem TestCategory="Fast" />
      </TestCategory>
      <Execution id="47cead62-adf4-457e-834f-fd8d9be41125" />
      <TestMethod codeBase="D:\actions-runner\_work\XPCO\XPCO\Mobile\MobileServer\MobileServerBinaries\VideoOS.Mobile.Portable.Test\src\bin\Debug\net472\VideoOS.Mobile.Portable.Test.dll" adapterTypeName="executor://mstestadapter/v2" className="VideoOS.Mobile.Portable.Test.Utilities.Async.JobPoolTest" name="TestJobActionTaskWorkerException" />
    </UnitTest>
    <UnitTest name="TestConfigurationSubItem" storage="d:\actions-runner\_work\xpco\xpco\mobile\mobileserver\mobileserverbinaries\videoos.mobile.portable.test\src\bin\debug\net472\videoos.mobile.portable.test.dll" id="111fd9a1-818b-d976-4c60-8d8c07fd57b0">
      <TestCategory>
        <TestCategoryItem TestCategory="Fast" />
      </TestCategory>
      <Execution id="95f3f899-03af-4e4c-90f1-56937b57acdf" />
      <TestMethod codeBase="D:\actions-runner\_work\XPCO\XPCO\Mobile\MobileServer\MobileServerBinaries\VideoOS.Mobile.Portable.Test\src\bin\Debug\net472\VideoOS.Mobile.Portable.Test.dll" adapterTypeName="executor://mstestadapter/v2" className="VideoOS.Mobile.Portable.Test.MetaChannel.CommEntries.ConfigurationSubItemTests" name="TestConfigurationSubItem" />
    </UnitTest>
    <UnitTest name="TestCorrectCamerasMethod" storage="d:\actions-runner\_work\xpco\xpco\mobile\mobileserver\mobileserverbinaries\videoos.mobile.portable.test\src\bin\debug\net472\videoos.mobile.portable.test.dll" id="eb1eb2f6-d0f4-539d-2fca-1d76573bf07f">
      <TestCategory>
        <TestCategoryItem TestCategory="Fast" />
      </TestCategory>
      <Execution id="0eb043d4-0a8f-4022-938a-9b32635c67ed" />
      <TestMethod codeBase="D:\actions-runner\_work\XPCO\XPCO\Mobile\MobileServer\MobileServerBinaries\VideoOS.Mobile.Portable.Test\src\bin\Debug\net472\VideoOS.Mobile.Portable.Test.dll" adapterTypeName="executor://mstestadapter/v2" className="VideoOS.Mobile.Portable.Test.MetaChannel.CommEntries.ExportsTests" name="TestCorrectCamerasMethod" />
    </UnitTest>
    <UnitTest name="TestPlaybackParams" storage="d:\actions-runner\_work\xpco\xpco\mobile\mobileserver\mobileserverbinaries\videoos.mobile.portable.test\src\bin\debug\net472\videoos.mobile.portable.test.dll" id="d85fce34-e785-c982-3019-18dd373e4281">
      <TestCategory>
        <TestCategoryItem TestCategory="Fast" />
      </TestCategory>
      <Execution id="5183d9f1-fb3c-4b15-a76d-ffabc69127e8" />
      <TestMethod codeBase="D:\actions-runner\_work\XPCO\XPCO\Mobile\MobileServer\MobileServerBinaries\VideoOS.Mobile.Portable.Test\src\bin\Debug\net472\VideoOS.Mobile.Portable.Test.dll" adapterTypeName="executor://mstestadapter/v2" className="VideoOS.Mobile.Portable.Test.VideoChannel.Params.PlaybackParamsTests" name="TestPlaybackParams" />
    </UnitTest>
    <UnitTest name="SerializableAccessControlDoorUnitTest" storage="d:\actions-runner\_work\xpco\xpco\mobile\mobileserver\mobileserverbinaries\videoos.mobile.portable.test\src\bin\debug\net472\videoos.mobile.portable.test.dll" id="aacb5add-5408-6d53-2d8a-e65eaf1fe43d">
      <TestCategory>
        <TestCategoryItem TestCategory="Fast" />
      </TestCategory>
      <Execution id="55efd199-bbf3-4b95-8b7d-3116af122479" />
      <TestMethod codeBase="D:\actions-runner\_work\XPCO\XPCO\Mobile\MobileServer\MobileServerBinaries\VideoOS.Mobile.Portable.Test\src\bin\Debug\net472\VideoOS.Mobile.Portable.Test.dll" adapterTypeName="executor://mstestadapter/v2" className="VideoOS.Mobile.Portable.Test.MetaChannel.CommEntries.SerializableAccessControlTest" name="SerializableAccessControlDoorUnitTest" />
    </UnitTest>
    <UnitTest name="TestGetAccessControlEventsParamsConvertToCommand" storage="d:\actions-runner\_work\xpco\xpco\mobile\mobileserver\mobileserverbinaries\videoos.mobile.portable.test\src\bin\debug\net472\videoos.mobile.portable.test.dll" id="2a5ddfab-ff6c-06a9-8082-966e0562b315">
      <TestCategory>
        <TestCategoryItem TestCategory="Fast" />
      </TestCategory>
      <Execution id="10e45de5-eb13-483a-a796-631d68b72d4a" />
      <TestMethod codeBase="D:\actions-runner\_work\XPCO\XPCO\Mobile\MobileServer\MobileServerBinaries\VideoOS.Mobile.Portable.Test\src\bin\Debug\net472\VideoOS.Mobile.Portable.Test.dll" adapterTypeName="executor://mstestadapter/v2" className="VideoOS.Mobile.Portable.Test.VideoChannel.AccessControlParams.GetAccessControlEventsParamsTests" name="TestGetAccessControlEventsParamsConvertToCommand" />
    </UnitTest>
    <UnitTest name="CreateWithMultipleCommaSeparatedItemIdsContainsInvalid" storage="d:\actions-runner\_work\xpco\xpco\mobile\mobileserver\mobileserverbinaries\videoos.mobile.portable.test\src\bin\debug\net472\videoos.mobile.portable.test.dll" id="9fc69608-9b1b-d5b8-2e22-ca94526907cf">
      <TestCategory>
        <TestCategoryItem TestCategory="Fast" />
      </TestCategory>
      <Execution id="3172359b-dccb-46ea-95c0-8e897b8e83c4" />
      <TestMethod codeBase="D:\actions-runner\_work\XPCO\XPCO\Mobile\MobileServer\MobileServerBinaries\VideoOS.Mobile.Portable.Test\src\bin\Debug\net472\VideoOS.Mobile.Portable.Test.dll" adapterTypeName="executor://mstestadapter/v2" className="VideoOS.Mobile.Portable.Test.VideoChannel.Params.AudioParamsTests" name="CreateWithMultipleCommaSeparatedItemIdsContainsInvalid" />
    </UnitTest>
    <UnitTest name="TestSerializableItem" storage="d:\actions-runner\_work\xpco\xpco\mobile\mobileserver\mobileserverbinaries\videoos.mobile.portable.test\src\bin\debug\net472\videoos.mobile.portable.test.dll" id="c62f77c5-a701-9213-4a40-64b1d975df1e">
      <TestCategory>
        <TestCategoryItem TestCategory="Fast" />
      </TestCategory>
      <Execution id="b6a7ea13-e78a-4bb0-ad6c-646c5fd3e141" />
      <TestMethod codeBase="D:\actions-runner\_work\XPCO\XPCO\Mobile\MobileServer\MobileServerBinaries\VideoOS.Mobile.Portable.Test\src\bin\Debug\net472\VideoOS.Mobile.Portable.Test.dll" adapterTypeName="executor://mstestadapter/v2" className="VideoOS.Mobile.Portable.Test.MetaChannel.CommEntries.SerializableItemTest" name="TestSerializableItem" />
    </UnitTest>
    <UnitTest name="TestSsdpMessageRequest" storage="d:\actions-runner\_work\xpco\xpco\mobile\mobileserver\mobileserverbinaries\videoos.mobile.portable.test\src\bin\debug\net472\videoos.mobile.portable.test.dll" id="0e40ef5d-ff4b-506a-d92d-84b239d54fab">
      <TestCategory>
        <TestCategoryItem TestCategory="Fast" />
      </TestCategory>
      <Execution id="e9624820-413f-4111-927f-520796e54945" />
      <TestMethod codeBase="D:\actions-runner\_work\XPCO\XPCO\Mobile\MobileServer\MobileServerBinaries\VideoOS.Mobile.Portable.Test\src\bin\Debug\net472\VideoOS.Mobile.Portable.Test.dll" adapterTypeName="executor://mstestadapter/v2" className="VideoOS.Mobile.Portable.Test.Upnp.SsdpMessage.SsdpMessageRequestTests" name="TestSsdpMessageRequest" />
    </UnitTest>
    <UnitTest name="TestToString" storage="d:\actions-runner\_work\xpco\xpco\mobile\mobileserver\mobileserverbinaries\videoos.mobile.portable.test\src\bin\debug\net472\videoos.mobile.portable.test.dll" id="c33e0f59-6c1e-9a47-2a3d-f87775937a1f">
      <TestCategory>
        <TestCategoryItem TestCategory="Fast" />
      </TestCategory>
      <Execution id="22d191c9-80d8-47cd-904a-695cb13d66ce" />
      <TestMethod codeBase="D:\actions-runner\_work\XPCO\XPCO\Mobile\MobileServer\MobileServerBinaries\VideoOS.Mobile.Portable.Test\src\bin\Debug\net472\VideoOS.Mobile.Portable.Test.dll" adapterTypeName="executor://mstestadapter/v2" className="VideoOS.Mobile.Portable.Test.ViewGroupItem.ViewGroupTreeTests" name="TestToString" />
    </UnitTest>
    <UnitTest name="TestServerStatus" storage="d:\actions-runner\_work\xpco\xpco\mobile\mobileserver\mobileserverbinaries\videoos.mobile.portable.test\src\bin\debug\net472\videoos.mobile.portable.test.dll" id="d6780396-830c-7fe4-0552-38cc4c5ec5db">
      <TestCategory>
        <TestCategoryItem TestCategory="LongRunning" />
      </TestCategory>
      <Execution id="68d24194-5fa7-488b-a334-9b36c6947d9b" />
      <TestMethod codeBase="D:\actions-runner\_work\XPCO\XPCO\Mobile\MobileServer\MobileServerBinaries\VideoOS.Mobile.Portable.Test\src\bin\Debug\net472\VideoOS.Mobile.Portable.Test.dll" adapterTypeName="executor://mstestadapter/v2" className="VideoOS.Mobile.Portable.Test.MetaChannel.CommEntries.ServerStatusTests" name="TestServerStatus" />
    </UnitTest>
    <UnitTest name="SafeExcept_NullThis_EmptyResult" storage="d:\actions-runner\_work\xpco\xpco\mobile\mobileserver\mobileserverbinaries\videoos.mobile.portable.test\src\bin\debug\net472\videoos.mobile.portable.test.dll" id="baa96d68-76d4-b2f0-941e-32eff5ccd245">
      <TestCategory>
        <TestCategoryItem TestCategory="Fast" />
      </TestCategory>
      <Execution id="2d6713e7-6a09-4831-8cfa-b794da6c2493" />
      <TestMethod codeBase="D:\actions-runner\_work\XPCO\XPCO\Mobile\MobileServer\MobileServerBinaries\VideoOS.Mobile.Portable.Test\src\bin\Debug\net472\VideoOS.Mobile.Portable.Test.dll" adapterTypeName="executor://mstestadapter/v2" className="VideoOS.Mobile.Portable.Test.Utilities.DictionaryExtensions" name="SafeExcept_NullThis_EmptyResult" />
    </UnitTest>
    <UnitTest name="TestThreadSafeFrameQueueVariableSizeInsert" storage="d:\actions-runner\_work\xpco\xpco\mobile\mobileserver\mobileserverbinaries\videoos.mobile.portable.test\src\bin\debug\net472\videoos.mobile.portable.test.dll" id="9780b2cd-301d-d53e-87d4-80493da00f9e">
      <TestCategory>
        <TestCategoryItem TestCategory="Fast" />
      </TestCategory>
      <Execution id="7a987f89-1655-42bc-a67b-d0a663494e2c" />
      <TestMethod codeBase="D:\actions-runner\_work\XPCO\XPCO\Mobile\MobileServer\MobileServerBinaries\VideoOS.Mobile.Portable.Test\src\bin\Debug\net472\VideoOS.Mobile.Portable.Test.dll" adapterTypeName="executor://mstestadapter/v2" className="VideoOS.Mobile.Portable.Test.Utilities.ThreadSafeFrameQueueTests" name="TestThreadSafeFrameQueueVariableSizeInsert" />
    </UnitTest>
    <UnitTest name="TestSerializableInvestigation" storage="d:\actions-runner\_work\xpco\xpco\mobile\mobileserver\mobileserverbinaries\videoos.mobile.portable.test\src\bin\debug\net472\videoos.mobile.portable.test.dll" id="9ff9e3c7-62b7-72df-8902-3eed4e7eec03">
      <TestCategory>
        <TestCategoryItem TestCategory="Fast" />
      </TestCategory>
      <Execution id="7d429280-f309-449f-9968-c44684acee3b" />
      <TestMethod codeBase="D:\actions-runner\_work\XPCO\XPCO\Mobile\MobileServer\MobileServerBinaries\VideoOS.Mobile.Portable.Test\src\bin\Debug\net472\VideoOS.Mobile.Portable.Test.dll" adapterTypeName="executor://mstestadapter/v2" className="VideoOS.Mobile.Portable.Test.MetaChannel.CommEntries.SerializableInvestigationTest" name="TestSerializableInvestigation" />
    </UnitTest>
    <UnitTest name="TestHttpMessageRequest" storage="d:\actions-runner\_work\xpco\xpco\mobile\mobileserver\mobileserverbinaries\videoos.mobile.portable.test\src\bin\debug\net472\videoos.mobile.portable.test.dll" id="ca1f3887-bbb8-4ce1-c5a0-b6c1af45db7a">
      <TestCategory>
        <TestCategoryItem TestCategory="Fast" />
      </TestCategory>
      <Execution id="cd8e2666-8c57-4dc0-a4f8-d18a60ba0157" />
      <TestMethod codeBase="D:\actions-runner\_work\XPCO\XPCO\Mobile\MobileServer\MobileServerBinaries\VideoOS.Mobile.Portable.Test\src\bin\Debug\net472\VideoOS.Mobile.Portable.Test.dll" adapterTypeName="executor://mstestadapter/v2" className="VideoOS.Mobile.Portable.Test.Http.HttpMessage.HttpMessageRequestTests" name="TestHttpMessageRequest" />
    </UnitTest>
    <UnitTest name="TestGetItemOnExisting" storage="d:\actions-runner\_work\xpco\xpco\mobile\mobileserver\mobileserverbinaries\videoos.mobile.portable.test\src\bin\debug\net472\videoos.mobile.portable.test.dll" id="4c637eac-8af0-83c2-96fa-d5da40a1ecbf">
      <TestCategory>
        <TestCategoryItem TestCategory="Fast" />
      </TestCategory>
      <Execution id="8b4ed727-e621-466a-8448-4f934a46c677" />
      <TestMethod codeBase="D:\actions-runner\_work\XPCO\XPCO\Mobile\MobileServer\MobileServerBinaries\VideoOS.Mobile.Portable.Test\src\bin\Debug\net472\VideoOS.Mobile.Portable.Test.dll" adapterTypeName="executor://mstestadapter/v2" className="VideoOS.Mobile.Portable.Test.ViewGroupItem.ViewGroupTreeTests" name="TestGetItemOnExisting" />
    </UnitTest>
    <UnitTest name="TestContainsOnItemWithSameGuidExist" storage="d:\actions-runner\_work\xpco\xpco\mobile\mobileserver\mobileserverbinaries\videoos.mobile.portable.test\src\bin\debug\net472\videoos.mobile.portable.test.dll" id="eb2dc0dc-bdb0-a374-d622-74f395c03b5e">
      <TestCategory>
        <TestCategoryItem TestCategory="Fast" />
      </TestCategory>
      <Execution id="f91fb890-a22c-49a9-9086-5d58ef7d5131" />
      <TestMethod codeBase="D:\actions-runner\_work\XPCO\XPCO\Mobile\MobileServer\MobileServerBinaries\VideoOS.Mobile.Portable.Test\src\bin\Debug\net472\VideoOS.Mobile.Portable.Test.dll" adapterTypeName="executor://mstestadapter/v2" className="VideoOS.Mobile.Portable.Test.OEGroupItem.OEGroupTreeTests" name="TestContainsOnItemWithSameGuidExist" />
    </UnitTest>
    <UnitTest name="TestStringStringFactory" storage="d:\actions-runner\_work\xpco\xpco\mobile\mobileserver\mobileserverbinaries\videoos.mobile.portable.test\src\bin\debug\net472\videoos.mobile.portable.test.dll" id="017c6a55-bd87-2611-27f5-a3ead912a17a">
      <TestCategory>
        <TestCategoryItem TestCategory="Fast" />
      </TestCategory>
      <Execution id="0e1de798-1cc4-4c8e-8f6e-4a67dda41f9b" />
      <TestMethod codeBase="D:\actions-runner\_work\XPCO\XPCO\Mobile\MobileServer\MobileServerBinaries\VideoOS.Mobile.Portable.Test\src\bin\Debug\net472\VideoOS.Mobile.Portable.Test.dll" adapterTypeName="executor://mstestadapter/v2" className="VideoOS.Mobile.Portable.Test.MetaChannel.CommEntries.StringStringFactoryTest" name="TestStringStringFactory" />
    </UnitTest>
    <UnitTest name="TestCameraExportIdSetters" storage="d:\actions-runner\_work\xpco\xpco\mobile\mobileserver\mobileserverbinaries\videoos.mobile.portable.test\src\bin\debug\net472\videoos.mobile.portable.test.dll" id="0e3504ef-04be-67aa-24a2-162eeda7ff88">
      <TestCategory>
        <TestCategoryItem TestCategory="Fast" />
      </TestCategory>
      <Execution id="7133a5b1-bd21-4902-aca8-cf4eb85e85a8" />
      <TestMethod codeBase="D:\actions-runner\_work\XPCO\XPCO\Mobile\MobileServer\MobileServerBinaries\VideoOS.Mobile.Portable.Test\src\bin\Debug\net472\VideoOS.Mobile.Portable.Test.dll" adapterTypeName="executor://mstestadapter/v2" className="VideoOS.Mobile.Portable.Test.MetaChannel.CommEntries.InvestigationEntryImplementerTest" name="TestCameraExportIdSetters" />
    </UnitTest>
    <UnitTest name="TestAudioDataInitFromByteArray" storage="d:\actions-runner\_work\xpco\xpco\mobile\mobileserver\mobileserverbinaries\videoos.mobile.portable.test\src\bin\debug\net472\videoos.mobile.portable.test.dll" id="58937d47-220c-3484-384f-890c4a791e26">
      <TestCategory>
        <TestCategoryItem TestCategory="Fast" />
      </TestCategory>
      <Execution id="86b7be6b-f5c0-413a-935f-1df49fa6b24c" />
      <TestMethod codeBase="D:\actions-runner\_work\XPCO\XPCO\Mobile\MobileServer\MobileServerBinaries\VideoOS.Mobile.Portable.Test\src\bin\Debug\net472\VideoOS.Mobile.Portable.Test.dll" adapterTypeName="executor://mstestadapter/v2" className="VideoOS.Mobile.Portable.Test.VideoChannel.AudioDataTests" name="TestAudioDataInitFromByteArray" />
    </UnitTest>
    <UnitTest name="TestBinaryFrameGeneratorFromVideoParams" storage="d:\actions-runner\_work\xpco\xpco\mobile\mobileserver\mobileserverbinaries\videoos.mobile.portable.test\src\bin\debug\net472\videoos.mobile.portable.test.dll" id="5c1d61db-f33c-9b32-eede-f14362ba4579">
      <TestCategory>
        <TestCategoryItem TestCategory="Fast" />
      </TestCategory>
      <Execution id="140413ce-f869-4ca2-93e7-1112a6cdd86e" />
      <TestMethod codeBase="D:\actions-runner\_work\XPCO\XPCO\Mobile\MobileServer\MobileServerBinaries\VideoOS.Mobile.Portable.Test\src\bin\Debug\net472\VideoOS.Mobile.Portable.Test.dll" adapterTypeName="executor://mstestadapter/v2" className="VideoOS.Mobile.Portable.Test.VideoChannel.Binary.BinaryFrameGeneratorTests" name="TestBinaryFrameGeneratorFromVideoParams" />
    </UnitTest>
    <UnitTest name="TestCommEntryServerEndpoints" storage="d:\actions-runner\_work\xpco\xpco\mobile\mobileserver\mobileserverbinaries\videoos.mobile.portable.test\src\bin\debug\net472\videoos.mobile.portable.test.dll" id="b4ef28b6-cdc8-293f-0224-1c6b137a5b99">
      <TestCategory>
        <TestCategoryItem TestCategory="Fast" />
      </TestCategory>
      <Execution id="994eb106-5631-4627-8b9d-4814f11bb6af" />
      <TestMethod codeBase="D:\actions-runner\_work\XPCO\XPCO\Mobile\MobileServer\MobileServerBinaries\VideoOS.Mobile.Portable.Test\src\bin\Debug\net472\VideoOS.Mobile.Portable.Test.dll" adapterTypeName="executor://mstestadapter/v2" className="VideoOS.Mobile.Portable.Test.MetaChannel.CommEntries.CommEntryServerEndpointsTest" name="TestCommEntryServerEndpoints" />
    </UnitTest>
    <UnitTest name="TestTimeConverter" storage="d:\actions-runner\_work\xpco\xpco\mobile\mobileserver\mobileserverbinaries\videoos.mobile.portable.test\src\bin\debug\net472\videoos.mobile.portable.test.dll" id="552f84fc-877c-417f-6cc9-2a55bcdcd9d2">
      <TestCategory>
        <TestCategoryItem TestCategory="Fast" />
      </TestCategory>
      <Execution id="3220a80b-e571-464f-bdee-8b2de7a08686" />
      <TestMethod codeBase="D:\actions-runner\_work\XPCO\XPCO\Mobile\MobileServer\MobileServerBinaries\VideoOS.Mobile.Portable.Test\src\bin\Debug\net472\VideoOS.Mobile.Portable.Test.dll" adapterTypeName="executor://mstestadapter/v2" className="VideoOS.Mobile.Portable.Test.Utilities.TimeConverterTest" name="TestTimeConverter" />
    </UnitTest>
    <UnitTest name="TestInvestigationEntryImplementer" storage="d:\actions-runner\_work\xpco\xpco\mobile\mobileserver\mobileserverbinaries\videoos.mobile.portable.test\src\bin\debug\net472\videoos.mobile.portable.test.dll" id="75ba35ab-f32e-6a13-2508-731a33a7843b">
      <TestCategory>
        <TestCategoryItem TestCategory="Fast" />
      </TestCategory>
      <Execution id="de5036a0-ac96-4745-9958-fe8be93548cf" />
      <TestMethod codeBase="D:\actions-runner\_work\XPCO\XPCO\Mobile\MobileServer\MobileServerBinaries\VideoOS.Mobile.Portable.Test\src\bin\Debug\net472\VideoOS.Mobile.Portable.Test.dll" adapterTypeName="executor://mstestadapter/v2" className="VideoOS.Mobile.Portable.Test.MetaChannel.CommEntries.InvestigationEntryImplementerTest" name="TestInvestigationEntryImplementer" />
    </UnitTest>
    <UnitTest name="TestGetAllCamerasListShouldAddCamerasIn" storage="d:\actions-runner\_work\xpco\xpco\mobile\mobileserver\mobileserverbinaries\videoos.mobile.portable.test\src\bin\debug\net472\videoos.mobile.portable.test.dll" id="d08607db-5010-a5a4-3520-9667bab4d8f0">
      <TestCategory>
        <TestCategoryItem TestCategory="Fast" />
      </TestCategory>
      <Execution id="526787c8-85b4-4c3d-b481-61c61a4a748e" />
      <TestMethod codeBase="D:\actions-runner\_work\XPCO\XPCO\Mobile\MobileServer\MobileServerBinaries\VideoOS.Mobile.Portable.Test\src\bin\Debug\net472\VideoOS.Mobile.Portable.Test.dll" adapterTypeName="executor://mstestadapter/v2" className="VideoOS.Mobile.Portable.Test.ViewGroupItem.ViewGroupTreeTests" name="TestGetAllCamerasListShouldAddCamerasIn" />
    </UnitTest>
    <UnitTest name="TestJobPoolAsyncMode" storage="d:\actions-runner\_work\xpco\xpco\mobile\mobileserver\mobileserverbinaries\videoos.mobile.portable.test\src\bin\debug\net472\videoos.mobile.portable.test.dll" id="e7f40bb5-08e8-d565-f9ad-935a5f43d4a7">
      <TestCategory>
        <TestCategoryItem TestCategory="LongRunning" />
      </TestCategory>
      <Execution id="29ed240a-745c-48b1-91af-5209c3a20384" />
      <TestMethod codeBase="D:\actions-runner\_work\XPCO\XPCO\Mobile\MobileServer\MobileServerBinaries\VideoOS.Mobile.Portable.Test\src\bin\Debug\net472\VideoOS.Mobile.Portable.Test.dll" adapterTypeName="executor://mstestadapter/v2" className="VideoOS.Mobile.Portable.Test.Utilities.Async.JobPoolTest" name="TestJobPoolAsyncMode" />
    </UnitTest>
    <UnitTest name="TestInvitationsParams" storage="d:\actions-runner\_work\xpco\xpco\mobile\mobileserver\mobileserverbinaries\videoos.mobile.portable.test\src\bin\debug\net472\videoos.mobile.portable.test.dll" id="881e1152-40f3-7591-1229-7f22ff32539e">
      <TestCategory>
        <TestCategoryItem TestCategory="Fast" />
      </TestCategory>
      <Execution id="3826a1be-9705-46b8-8ca2-147a322552ec" />
      <TestMethod codeBase="D:\actions-runner\_work\XPCO\XPCO\Mobile\MobileServer\MobileServerBinaries\VideoOS.Mobile.Portable.Test\src\bin\Debug\net472\VideoOS.Mobile.Portable.Test.dll" adapterTypeName="executor://mstestadapter/v2" className="VideoOS.Mobile.Portable.Test.VideoChannel.Params.InvitationsParamsTest" name="TestInvitationsParams" />
    </UnitTest>
    <UnitTest name="TestPartitionOnLongArrayShouldRechunkIt" storage="d:\actions-runner\_work\xpco\xpco\mobile\mobileserver\mobileserverbinaries\videoos.mobile.portable.test\src\bin\debug\net472\videoos.mobile.portable.test.dll" id="d4efaf2c-d958-43a9-9469-622988a27978">
      <TestCategory>
        <TestCategoryItem TestCategory="Fast" />
      </TestCategory>
      <Execution id="35c530dd-d3bb-48f8-b760-a46806e61b4c" />
      <TestMethod codeBase="D:\actions-runner\_work\XPCO\XPCO\Mobile\MobileServer\MobileServerBinaries\VideoOS.Mobile.Portable.Test\src\bin\Debug\net472\VideoOS.Mobile.Portable.Test.dll" adapterTypeName="executor://mstestadapter/v2" className="VideoOS.Mobile.Portable.Test.Utilities.EnumerableExtensionsTests" name="TestPartitionOnLongArrayShouldRechunkIt" />
    </UnitTest>
    <UnitTest name="TestGbdExtensionToVideoData" storage="d:\actions-runner\_work\xpco\xpco\mobile\mobileserver\mobileserverbinaries\videoos.mobile.portable.test\src\bin\debug\net472\videoos.mobile.portable.test.dll" id="ce0cf5d8-0b61-e0f4-4651-35133d3667eb">
      <TestCategory>
        <TestCategoryItem TestCategory="Fast" />
      </TestCategory>
      <Execution id="d84e6c7d-20e3-4dfd-80d9-9a37acee8d4f" />
      <TestMethod codeBase="D:\actions-runner\_work\XPCO\XPCO\Mobile\MobileServer\MobileServerBinaries\VideoOS.Mobile.Portable.Test\src\bin\Debug\net472\VideoOS.Mobile.Portable.Test.dll" adapterTypeName="executor://mstestadapter/v2" className="VideoOS.Mobile.Portable.Test.VideoChannel.VideoDataTests" name="TestGbdExtensionToVideoData" />
    </UnitTest>
    <UnitTest name="TestJobPoolAsyncModeOne" storage="d:\actions-runner\_work\xpco\xpco\mobile\mobileserver\mobileserverbinaries\videoos.mobile.portable.test\src\bin\debug\net472\videoos.mobile.portable.test.dll" id="c4b85068-82b7-8ff9-ea00-60709626f475">
      <TestCategory>
        <TestCategoryItem TestCategory="Fast" />
      </TestCategory>
      <Execution id="014bb888-dd6e-4e04-b924-62d76256b4b7" />
      <TestMethod codeBase="D:\actions-runner\_work\XPCO\XPCO\Mobile\MobileServer\MobileServerBinaries\VideoOS.Mobile.Portable.Test\src\bin\Debug\net472\VideoOS.Mobile.Portable.Test.dll" adapterTypeName="executor://mstestadapter/v2" className="VideoOS.Mobile.Portable.Test.Utilities.Async.JobPoolTest" name="TestJobPoolAsyncModeOne" />
    </UnitTest>
    <UnitTest name="TestCarouselParams" storage="d:\actions-runner\_work\xpco\xpco\mobile\mobileserver\mobileserverbinaries\videoos.mobile.portable.test\src\bin\debug\net472\videoos.mobile.portable.test.dll" id="fa3d7d6b-4149-183c-3fa0-79562d022c4f">
      <TestCategory>
        <TestCategoryItem TestCategory="Fast" />
      </TestCategory>
      <Execution id="10fa1eee-9710-48a9-9f80-4106617bb036" />
      <TestMethod codeBase="D:\actions-runner\_work\XPCO\XPCO\Mobile\MobileServer\MobileServerBinaries\VideoOS.Mobile.Portable.Test\src\bin\Debug\net472\VideoOS.Mobile.Portable.Test.dll" adapterTypeName="executor://mstestadapter/v2" className="VideoOS.Mobile.Portable.Test.VideoChannel.Params.CarouselParamsTests" name="TestCarouselParams" />
    </UnitTest>
    <UnitTest name="TransactionTestWithWarning" storage="d:\actions-runner\_work\xpco\xpco\mobile\mobileserver\mobileserverbinaries\videoos.mobile.portable.test\src\bin\debug\net472\videoos.mobile.portable.test.dll" id="20294a45-469a-8d3b-98a4-48dbbc6fee7d">
      <TestCategory>
        <TestCategoryItem TestCategory="Fast" />
      </TestCategory>
      <Execution id="4c2d908c-4073-490e-ae9b-5dd95a6995ba" />
      <TestMethod codeBase="D:\actions-runner\_work\XPCO\XPCO\Mobile\MobileServer\MobileServerBinaries\VideoOS.Mobile.Portable.Test\src\bin\Debug\net472\VideoOS.Mobile.Portable.Test.dll" adapterTypeName="executor://mstestadapter/v2" className="VideoOS.Mobile.Portable.Test.Utilities.Transaction.TransactionTest" name="TransactionTestWithWarning" />
    </UnitTest>
    <UnitTest name="UrlHelper" storage="d:\actions-runner\_work\xpco\xpco\mobile\mobileserver\mobileserverbinaries\videoos.mobile.portable.test\src\bin\debug\net472\videoos.mobile.portable.test.dll" id="dc9fe0ff-5a4e-e363-6667-80a01ddb8928">
      <TestCategory>
        <TestCategoryItem TestCategory="Fast" />
      </TestCategory>
      <Execution id="9681d5f6-02ab-41ab-97a9-f557f5d73edc" />
      <TestMethod codeBase="D:\actions-runner\_work\XPCO\XPCO\Mobile\MobileServer\MobileServerBinaries\VideoOS.Mobile.Portable.Test\src\bin\Debug\net472\VideoOS.Mobile.Portable.Test.dll" adapterTypeName="executor://mstestadapter/v2" className="VideoOS.Mobile.Standard.Test.Utilities.UriHelperTests" name="UrlHelper" />
    </UnitTest>
    <UnitTest name="SerializableAccessControlEventTypeUnitTest" storage="d:\actions-runner\_work\xpco\xpco\mobile\mobileserver\mobileserverbinaries\videoos.mobile.portable.test\src\bin\debug\net472\videoos.mobile.portable.test.dll" id="94356bfd-e65e-fc3a-793e-6a43b5c6900e">
      <TestCategory>
        <TestCategoryItem TestCategory="Fast" />
      </TestCategory>
      <Execution id="da93ccbb-76b0-4962-9292-a06f4d733eba" />
      <TestMethod codeBase="D:\actions-runner\_work\XPCO\XPCO\Mobile\MobileServer\MobileServerBinaries\VideoOS.Mobile.Portable.Test\src\bin\Debug\net472\VideoOS.Mobile.Portable.Test.dll" adapterTypeName="executor://mstestadapter/v2" className="VideoOS.Mobile.Portable.Test.MetaChannel.CommEntries.SerializableAccessControlTest" name="SerializableAccessControlEventTypeUnitTest" />
    </UnitTest>
    <UnitTest name="TestCheckGetAccessControlDoorParamsOnCorrectMask" storage="d:\actions-runner\_work\xpco\xpco\mobile\mobileserver\mobileserverbinaries\videoos.mobile.portable.test\src\bin\debug\net472\videoos.mobile.portable.test.dll" id="55acef94-ebe1-e6a3-2c72-1f84ea2f2c83">
      <TestCategory>
        <TestCategoryItem TestCategory="Fast" />
      </TestCategory>
      <Execution id="c14a2a6a-c8b2-4b6c-8d2b-0e133a6eac5d" />
      <TestMethod codeBase="D:\actions-runner\_work\XPCO\XPCO\Mobile\MobileServer\MobileServerBinaries\VideoOS.Mobile.Portable.Test\src\bin\Debug\net472\VideoOS.Mobile.Portable.Test.dll" adapterTypeName="executor://mstestadapter/v2" className="VideoOS.Mobile.Portable.Test.VideoChannel.AccessControlParams.GetAccessControlDoorsParamsTests" name="TestCheckGetAccessControlDoorParamsOnCorrectMask" />
    </UnitTest>
    <UnitTest name="SafeExcept_SameKey_ElementNotInResult" storage="d:\actions-runner\_work\xpco\xpco\mobile\mobileserver\mobileserverbinaries\videoos.mobile.portable.test\src\bin\debug\net472\videoos.mobile.portable.test.dll" id="ddceb84f-8873-dfc5-896e-a4733fb71f3e">
      <TestCategory>
        <TestCategoryItem TestCategory="Fast" />
      </TestCategory>
      <Execution id="d6b8f4cb-9ece-43c3-9088-3efd903f06e8" />
      <TestMethod codeBase="D:\actions-runner\_work\XPCO\XPCO\Mobile\MobileServer\MobileServerBinaries\VideoOS.Mobile.Portable.Test\src\bin\Debug\net472\VideoOS.Mobile.Portable.Test.dll" adapterTypeName="executor://mstestadapter/v2" className="VideoOS.Mobile.Portable.Test.Utilities.DictionaryExtensions" name="SafeExcept_SameKey_ElementNotInResult" />
    </UnitTest>
    <UnitTest name="SafeExcept_CustomComparer_ElementNotInResult" storage="d:\actions-runner\_work\xpco\xpco\mobile\mobileserver\mobileserverbinaries\videoos.mobile.portable.test\src\bin\debug\net472\videoos.mobile.portable.test.dll" id="ad21d145-1412-b355-068a-b8db9dd9e247">
      <TestCategory>
        <TestCategoryItem TestCategory="Fast" />
      </TestCategory>
      <Execution id="2d018656-bbf3-4166-8ce3-46b5ce81f73a" />
      <TestMethod codeBase="D:\actions-runner\_work\XPCO\XPCO\Mobile\MobileServer\MobileServerBinaries\VideoOS.Mobile.Portable.Test\src\bin\Debug\net472\VideoOS.Mobile.Portable.Test.dll" adapterTypeName="executor://mstestadapter/v2" className="VideoOS.Mobile.Portable.Test.Utilities.DictionaryExtensions" name="SafeExcept_CustomComparer_ElementNotInResult" />
    </UnitTest>
    <UnitTest name="TestTimeSelector" storage="d:\actions-runner\_work\xpco\xpco\mobile\mobileserver\mobileserverbinaries\videoos.mobile.portable.test\src\bin\debug\net472\videoos.mobile.portable.test.dll" id="b6c75687-4c2e-1ce2-2910-17c265f38dab">
      <TestCategory>
        <TestCategoryItem TestCategory="Fast" />
      </TestCategory>
      <Execution id="b5eb5906-1913-49be-a893-25fb748e5934" />
      <TestMethod codeBase="D:\actions-runner\_work\XPCO\XPCO\Mobile\MobileServer\MobileServerBinaries\VideoOS.Mobile.Portable.Test\src\bin\Debug\net472\VideoOS.Mobile.Portable.Test.dll" adapterTypeName="executor://mstestadapter/v2" className="VideoOS.Mobile.Portable.Test.Utilities.TimeSelectorTest" name="TestTimeSelector" />
    </UnitTest>
    <UnitTest name="TestCommandIndependentLongParams" storage="d:\actions-runner\_work\xpco\xpco\mobile\mobileserver\mobileserverbinaries\videoos.mobile.portable.test\src\bin\debug\net472\videoos.mobile.portable.test.dll" id="c2b34343-7494-5f79-4ede-e1c28165ae50">
      <TestCategory>
        <TestCategoryItem TestCategory="Fast" />
      </TestCategory>
      <Execution id="eac75045-c0f4-45fb-a0e0-cd8f16892163" />
      <TestMethod codeBase="D:\actions-runner\_work\XPCO\XPCO\Mobile\MobileServer\MobileServerBinaries\VideoOS.Mobile.Portable.Test\src\bin\Debug\net472\VideoOS.Mobile.Portable.Test.dll" adapterTypeName="executor://mstestadapter/v2" className="VideoOS.Mobile.Portable.Test.MetaChannel.ParamsValidatorTest" name="TestCommandIndependentLongParams" />
    </UnitTest>
    <UnitTest name="TestServerConfigurationParams" storage="d:\actions-runner\_work\xpco\xpco\mobile\mobileserver\mobileserverbinaries\videoos.mobile.portable.test\src\bin\debug\net472\videoos.mobile.portable.test.dll" id="f3966b3c-41ac-4879-300c-40588016d43a">
      <TestCategory>
        <TestCategoryItem TestCategory="LongRunning" />
      </TestCategory>
      <Execution id="e22d6094-72bb-4ba2-bb87-66ee59020a5b" />
      <TestMethod codeBase="D:\actions-runner\_work\XPCO\XPCO\Mobile\MobileServer\MobileServerBinaries\VideoOS.Mobile.Portable.Test\src\bin\Debug\net472\VideoOS.Mobile.Portable.Test.dll" adapterTypeName="executor://mstestadapter/v2" className="VideoOS.Mobile.Portable.Test.VideoChannel.Params.ServerConfigurationParamsTest" name="TestServerConfigurationParams" />
    </UnitTest>
    <UnitTest name="TestSsdpMessageByeByeT" storage="d:\actions-runner\_work\xpco\xpco\mobile\mobileserver\mobileserverbinaries\videoos.mobile.portable.test\src\bin\debug\net472\videoos.mobile.portable.test.dll" id="d3e35bc9-f64e-53bf-5543-f2ab05205041">
      <TestCategory>
        <TestCategoryItem TestCategory="Fast" />
      </TestCategory>
      <Execution id="62402119-63e9-4ab4-90e5-3366428998b3" />
      <TestMethod codeBase="D:\actions-runner\_work\XPCO\XPCO\Mobile\MobileServer\MobileServerBinaries\VideoOS.Mobile.Portable.Test\src\bin\Debug\net472\VideoOS.Mobile.Portable.Test.dll" adapterTypeName="executor://mstestadapter/v2" className="VideoOS.Mobile.Portable.Test.Upnp.SsdpMessage.SsdpMessageByeByeTests" name="TestSsdpMessageByeByeT" />
    </UnitTest>
    <UnitTest name="TestGetServerConfiguration" storage="d:\actions-runner\_work\xpco\xpco\mobile\mobileserver\mobileserverbinaries\videoos.mobile.portable.test\src\bin\debug\net472\videoos.mobile.portable.test.dll" id="055bf2ac-72a5-84d1-aeca-07f9769de6d7">
      <TestCategory>
        <TestCategoryItem TestCategory="Fast" />
      </TestCategory>
      <Execution id="f57a6e34-66c3-4c2a-9455-30e55afa95da" />
      <TestMethod codeBase="D:\actions-runner\_work\XPCO\XPCO\Mobile\MobileServer\MobileServerBinaries\VideoOS.Mobile.Portable.Test\src\bin\Debug\net472\VideoOS.Mobile.Portable.Test.dll" adapterTypeName="executor://mstestadapter/v2" className="VideoOS.Mobile.Portable.Test.VideoChannel.Params.ServerConfigurationParamsTest" name="TestGetServerConfiguration" />
    </UnitTest>
    <UnitTest name="SerializableHeartBeatResponseUnitTest" storage="d:\actions-runner\_work\xpco\xpco\mobile\mobileserver\mobileserverbinaries\videoos.mobile.portable.test\src\bin\debug\net472\videoos.mobile.portable.test.dll" id="2a6a8c71-b96f-470a-d8fd-04efb636e9ad">
      <TestCategory>
        <TestCategoryItem TestCategory="Fast" />
      </TestCategory>
      <Execution id="058fe1ae-913a-45c9-b4f5-5b2f483eb88b" />
      <TestMethod codeBase="D:\actions-runner\_work\XPCO\XPCO\Mobile\MobileServer\MobileServerBinaries\VideoOS.Mobile.Portable.Test\src\bin\Debug\net472\VideoOS.Mobile.Portable.Test.dll" adapterTypeName="executor://mstestadapter/v2" className="VideoOS.Mobile.Portable.Test.MetaChannel.CommEntries.SerializableHeartBeatResponseTests" name="SerializableHeartBeatResponseUnitTest" />
    </UnitTest>
    <UnitTest name="TestTransactionOnMixedTransactionResultsShouldReturnTheMostCriticalCode" storage="d:\actions-runner\_work\xpco\xpco\mobile\mobileserver\mobileserverbinaries\videoos.mobile.portable.test\src\bin\debug\net472\videoos.mobile.portable.test.dll" id="f197e8d6-4d85-1a33-6cc7-42757a8b6a2e">
      <TestCategory>
        <TestCategoryItem TestCategory="Fast" />
      </TestCategory>
      <Execution id="30b3fb27-6b0f-4628-8ccb-dae94ec29b25" />
      <TestMethod codeBase="D:\actions-runner\_work\XPCO\XPCO\Mobile\MobileServer\MobileServerBinaries\VideoOS.Mobile.Portable.Test\src\bin\Debug\net472\VideoOS.Mobile.Portable.Test.dll" adapterTypeName="executor://mstestadapter/v2" className="VideoOS.Mobile.Portable.Test.Utilities.Transaction.TransactionTest" name="TestTransactionOnMixedTransactionResultsShouldReturnTheMostCriticalCode" />
    </UnitTest>
    <UnitTest name="TestGetEnumConverter" storage="d:\actions-runner\_work\xpco\xpco\mobile\mobileserver\mobileserverbinaries\videoos.mobile.portable.test\src\bin\debug\net472\videoos.mobile.portable.test.dll" id="e2602f93-7aab-27f1-308f-ede513110e57">
      <TestCategory>
        <TestCategoryItem TestCategory="Fast" />
      </TestCategory>
      <Execution id="df8d011e-720f-4331-bc4b-a246826d1d66" />
      <TestMethod codeBase="D:\actions-runner\_work\XPCO\XPCO\Mobile\MobileServer\MobileServerBinaries\VideoOS.Mobile.Portable.Test\src\bin\Debug\net472\VideoOS.Mobile.Portable.Test.dll" adapterTypeName="executor://mstestadapter/v2" className="VideoOS.Mobile.Portable.Test.Utilities.EnumsHelperTests" name="TestGetEnumConverter" />
    </UnitTest>
    <UnitTest name="SerializableHeartBeatUnitTest" storage="d:\actions-runner\_work\xpco\xpco\mobile\mobileserver\mobileserverbinaries\videoos.mobile.portable.test\src\bin\debug\net472\videoos.mobile.portable.test.dll" id="57269966-3102-651a-8999-ae19bce018b0">
      <TestCategory>
        <TestCategoryItem TestCategory="Fast" />
      </TestCategory>
      <Execution id="b79282b6-bd28-45e7-ac0a-969067efbea5" />
      <TestMethod codeBase="D:\actions-runner\_work\XPCO\XPCO\Mobile\MobileServer\MobileServerBinaries\VideoOS.Mobile.Portable.Test\src\bin\Debug\net472\VideoOS.Mobile.Portable.Test.dll" adapterTypeName="executor://mstestadapter/v2" className="VideoOS.Mobile.Portable.Test.MetaChannel.CommEntries.SerializableHeartBeatTest" name="SerializableHeartBeatUnitTest" />
    </UnitTest>
    <UnitTest name="SerializableAccessControlSystemUnitTest" storage="d:\actions-runner\_work\xpco\xpco\mobile\mobileserver\mobileserverbinaries\videoos.mobile.portable.test\src\bin\debug\net472\videoos.mobile.portable.test.dll" id="e0851e91-a670-d8dc-99e6-02616c339625">
      <TestCategory>
        <TestCategoryItem TestCategory="Fast" />
      </TestCategory>
      <Execution id="ae4e9927-5ae3-4471-a978-0731055d36a1" />
      <TestMethod codeBase="D:\actions-runner\_work\XPCO\XPCO\Mobile\MobileServer\MobileServerBinaries\VideoOS.Mobile.Portable.Test\src\bin\Debug\net472\VideoOS.Mobile.Portable.Test.dll" adapterTypeName="executor://mstestadapter/v2" className="VideoOS.Mobile.Portable.Test.MetaChannel.CommEntries.SerializableAccessControlTest" name="SerializableAccessControlSystemUnitTest" />
    </UnitTest>
    <UnitTest name="TestBinaryFrameGeneratorFromVideoData" storage="d:\actions-runner\_work\xpco\xpco\mobile\mobileserver\mobileserverbinaries\videoos.mobile.portable.test\src\bin\debug\net472\videoos.mobile.portable.test.dll" id="fa688409-47c5-c3fa-0542-ad92e54118c9">
      <TestCategory>
        <TestCategoryItem TestCategory="Fast" />
      </TestCategory>
      <Execution id="606b93e5-f9a9-4261-9d54-2c855763c0fb" />
      <TestMethod codeBase="D:\actions-runner\_work\XPCO\XPCO\Mobile\MobileServer\MobileServerBinaries\VideoOS.Mobile.Portable.Test\src\bin\Debug\net472\VideoOS.Mobile.Portable.Test.dll" adapterTypeName="executor://mstestadapter/v2" className="VideoOS.Mobile.Portable.Test.VideoChannel.Binary.BinaryFrameGeneratorTests" name="TestBinaryFrameGeneratorFromVideoData" />
    </UnitTest>
    <UnitTest name="SerializableAccessControlEventCategoryUnitTest" storage="d:\actions-runner\_work\xpco\xpco\mobile\mobileserver\mobileserverbinaries\videoos.mobile.portable.test\src\bin\debug\net472\videoos.mobile.portable.test.dll" id="4934fce0-f9c7-d1c6-b533-54a1f38019a3">
      <TestCategory>
        <TestCategoryItem TestCategory="Fast" />
      </TestCategory>
      <Execution id="a979d243-07d8-484e-b58c-5749de92e173" />
      <TestMethod codeBase="D:\actions-runner\_work\XPCO\XPCO\Mobile\MobileServer\MobileServerBinaries\VideoOS.Mobile.Portable.Test\src\bin\Debug\net472\VideoOS.Mobile.Portable.Test.dll" adapterTypeName="executor://mstestadapter/v2" className="VideoOS.Mobile.Portable.Test.MetaChannel.CommEntries.SerializableAccessControlTest" name="SerializableAccessControlEventCategoryUnitTest" />
    </UnitTest>
    <UnitTest name="TestUpnpDeviceDescription" storage="d:\actions-runner\_work\xpco\xpco\mobile\mobileserver\mobileserverbinaries\videoos.mobile.portable.test\src\bin\debug\net472\videoos.mobile.portable.test.dll" id="6f7ed4fb-1060-782a-b298-b4c417f37ee3">
      <TestCategory>
        <TestCategoryItem TestCategory="LongRunning" />
      </TestCategory>
      <Execution id="9ea5006a-74e8-46c2-9191-7ed67e7ab2dc" />
      <TestMethod codeBase="D:\actions-runner\_work\XPCO\XPCO\Mobile\MobileServer\MobileServerBinaries\VideoOS.Mobile.Portable.Test\src\bin\Debug\net472\VideoOS.Mobile.Portable.Test.dll" adapterTypeName="executor://mstestadapter/v2" className="VideoOS.Mobile.Portable.Test.Upnp.UpnpDeviceDescriptionTests" name="TestUpnpDeviceDescription" />
    </UnitTest>
    <UnitTest name="TestTimeConverterException" storage="d:\actions-runner\_work\xpco\xpco\mobile\mobileserver\mobileserverbinaries\videoos.mobile.portable.test\src\bin\debug\net472\videoos.mobile.portable.test.dll" id="cca402ac-f2da-79fe-ea36-23e99696e5b5">
      <TestCategory>
        <TestCategoryItem TestCategory="Fast" />
      </TestCategory>
      <Execution id="cd6cce58-44b5-48b9-a24a-4617ef264ef2" />
      <TestMethod codeBase="D:\actions-runner\_work\XPCO\XPCO\Mobile\MobileServer\MobileServerBinaries\VideoOS.Mobile.Portable.Test\src\bin\Debug\net472\VideoOS.Mobile.Portable.Test.dll" adapterTypeName="executor://mstestadapter/v2" className="VideoOS.Mobile.Portable.Test.Utilities.TimeConverterTest" name="TestTimeConverterException" />
    </UnitTest>
    <UnitTest name="TestRemoveItemsOnEvenNameItemsShouldBeRemoved" storage="d:\actions-runner\_work\xpco\xpco\mobile\mobileserver\mobileserverbinaries\videoos.mobile.portable.test\src\bin\debug\net472\videoos.mobile.portable.test.dll" id="1785dcf1-6761-1eff-f5d7-b44d6a5ba980">
      <TestCategory>
        <TestCategoryItem TestCategory="Fast" />
      </TestCategory>
      <Execution id="a600fc48-8b8a-443a-bd8e-aca2dbc107f3" />
      <TestMethod codeBase="D:\actions-runner\_work\XPCO\XPCO\Mobile\MobileServer\MobileServerBinaries\VideoOS.Mobile.Portable.Test\src\bin\Debug\net472\VideoOS.Mobile.Portable.Test.dll" adapterTypeName="executor://mstestadapter/v2" className="VideoOS.Mobile.Portable.Test.ViewGroupItem.ViewGroupTreeTests" name="TestRemoveItemsOnEvenNameItemsShouldBeRemoved" />
    </UnitTest>
    <UnitTest name="TestSsdpMessageSearchRequest" storage="d:\actions-runner\_work\xpco\xpco\mobile\mobileserver\mobileserverbinaries\videoos.mobile.portable.test\src\bin\debug\net472\videoos.mobile.portable.test.dll" id="94fd8d64-521f-0d4b-e3d7-84efc6b945b8">
      <TestCategory>
        <TestCategoryItem TestCategory="Fast" />
      </TestCategory>
      <Execution id="1beae93a-b2f7-4233-891e-752a31bac00e" />
      <TestMethod codeBase="D:\actions-runner\_work\XPCO\XPCO\Mobile\MobileServer\MobileServerBinaries\VideoOS.Mobile.Portable.Test\src\bin\Debug\net472\VideoOS.Mobile.Portable.Test.dll" adapterTypeName="executor://mstestadapter/v2" className="VideoOS.Mobile.Portable.Test.Upnp.SsdpMessage.SsdpMessageSearchRequestTests" name="TestSsdpMessageSearchRequest" />
    </UnitTest>
    <UnitTest name="NotifiedDevicesConfiguration_UnitTest" storage="d:\actions-runner\_work\xpco\xpco\mobile\mobileserver\mobileserverbinaries\videoos.mobile.portable.test\src\bin\debug\net472\videoos.mobile.portable.test.dll" id="6a530ae9-7ba9-cbb9-980a-bf7fe4cc9964">
      <TestCategory>
        <TestCategoryItem TestCategory="Fast" />
      </TestCategory>
      <Execution id="14afd222-bd6d-451e-a6d0-e75eda6b1d40" />
      <TestMethod codeBase="D:\actions-runner\_work\XPCO\XPCO\Mobile\MobileServer\MobileServerBinaries\VideoOS.Mobile.Portable.Test\src\bin\Debug\net472\VideoOS.Mobile.Portable.Test.dll" adapterTypeName="executor://mstestadapter/v2" className="VideoOS.Mobile.Portable.Test.MetaChannel.CommEntries.NotifiedDevicesConfigurationTests" name="NotifiedDevicesConfiguration_UnitTest" />
    </UnitTest>
    <UnitTest name="SerializableAccessControlDoorTypeTest" storage="d:\actions-runner\_work\xpco\xpco\mobile\mobileserver\mobileserverbinaries\videoos.mobile.portable.test\src\bin\debug\net472\videoos.mobile.portable.test.dll" id="892d2b38-a534-fe70-75e2-1eb587d274b4">
      <TestCategory>
        <TestCategoryItem TestCategory="Fast" />
      </TestCategory>
      <Execution id="46ccd0b1-d8b4-4ad4-b59e-a2ea6bc28700" />
      <TestMethod codeBase="D:\actions-runner\_work\XPCO\XPCO\Mobile\MobileServer\MobileServerBinaries\VideoOS.Mobile.Portable.Test\src\bin\Debug\net472\VideoOS.Mobile.Portable.Test.dll" adapterTypeName="executor://mstestadapter/v2" className="VideoOS.Mobile.Portable.Test.MetaChannel.CommEntries.SerializableAccessControlTest" name="SerializableAccessControlDoorTypeTest" />
    </UnitTest>
    <UnitTest name="CreateWithMultipleCommaSeparatedItemIds" storage="d:\actions-runner\_work\xpco\xpco\mobile\mobileserver\mobileserverbinaries\videoos.mobile.portable.test\src\bin\debug\net472\videoos.mobile.portable.test.dll" id="bc43e39f-9ad7-a690-2dfa-2ac013045385">
      <TestCategory>
        <TestCategoryItem TestCategory="Fast" />
      </TestCategory>
      <Execution id="44f4ee18-28be-461f-926d-3961822c6e37" />
      <TestMethod codeBase="D:\actions-runner\_work\XPCO\XPCO\Mobile\MobileServer\MobileServerBinaries\VideoOS.Mobile.Portable.Test\src\bin\Debug\net472\VideoOS.Mobile.Portable.Test.dll" adapterTypeName="executor://mstestadapter/v2" className="VideoOS.Mobile.Portable.Test.VideoChannel.Params.AudioParamsTests" name="CreateWithMultipleCommaSeparatedItemIds" />
    </UnitTest>
    <UnitTest name="TestAggregation" storage="d:\actions-runner\_work\xpco\xpco\mobile\mobileserver\mobileserverbinaries\videoos.mobile.portable.test\src\bin\debug\net472\videoos.mobile.portable.test.dll" id="5435b94d-faee-7b4b-de82-87c597bb2efb">
      <TestCategory>
        <TestCategoryItem TestCategory="Fast" />
      </TestCategory>
      <Execution id="385a9601-2b9f-4cf4-8ae5-bab3edb91be3" />
      <TestMethod codeBase="D:\actions-runner\_work\XPCO\XPCO\Mobile\MobileServer\MobileServerBinaries\VideoOS.Mobile.Portable.Test\src\bin\Debug\net472\VideoOS.Mobile.Portable.Test.dll" adapterTypeName="executor://mstestadapter/v2" className="VideoOS.Mobile.Portable.Test.Utilities.Transaction.ConsecutiveElementAggregatorTest" name="TestAggregation" />
    </UnitTest>
    <UnitTest name="TestJobPoolSyncMode" storage="d:\actions-runner\_work\xpco\xpco\mobile\mobileserver\mobileserverbinaries\videoos.mobile.portable.test\src\bin\debug\net472\videoos.mobile.portable.test.dll" id="f0007ce0-8bd3-7f11-e3c5-e4a0a5231a62">
      <TestCategory>
        <TestCategoryItem TestCategory="Fast" />
      </TestCategory>
      <Execution id="413a2315-fdd9-4bd5-8b94-aa978fe34355" />
      <TestMethod codeBase="D:\actions-runner\_work\XPCO\XPCO\Mobile\MobileServer\MobileServerBinaries\VideoOS.Mobile.Portable.Test\src\bin\Debug\net472\VideoOS.Mobile.Portable.Test.dll" adapterTypeName="executor://mstestadapter/v2" className="VideoOS.Mobile.Portable.Test.Utilities.Async.JobPoolTest" name="TestJobPoolSyncMode" />
    </UnitTest>
    <UnitTest name="TestIntAverage" storage="d:\actions-runner\_work\xpco\xpco\mobile\mobileserver\mobileserverbinaries\videoos.mobile.portable.test\src\bin\debug\net472\videoos.mobile.portable.test.dll" id="3fb38509-0b8e-6662-6cfd-926dd2ff9585">
      <TestCategory>
        <TestCategoryItem TestCategory="Fast" />
      </TestCategory>
      <Execution id="13da4d35-7ee1-43a9-919c-84e5c69951c4" />
      <TestMethod codeBase="D:\actions-runner\_work\XPCO\XPCO\Mobile\MobileServer\MobileServerBinaries\VideoOS.Mobile.Portable.Test\src\bin\Debug\net472\VideoOS.Mobile.Portable.Test.dll" adapterTypeName="executor://mstestadapter/v2" className="VideoOS.Mobile.Portable.Test.Utilities.Arithmetic.AverageCalculatorIntOperatorsTests" name="TestIntAverage" />
    </UnitTest>
    <UnitTest name="ProxyItemManagerTest" storage="d:\actions-runner\_work\xpco\xpco\mobile\mobileserver\mobileserverbinaries\videoos.mobile.portable.test\src\bin\debug\net472\videoos.mobile.portable.test.dll" id="75ef9b64-318e-277a-5c0b-b16ba1eb42b4">
      <TestCategory>
        <TestCategoryItem TestCategory="Fast" />
      </TestCategory>
      <Execution id="21ca7177-04cc-44d1-9572-51fb05e5f8d9" />
      <TestMethod codeBase="D:\actions-runner\_work\XPCO\XPCO\Mobile\MobileServer\MobileServerBinaries\VideoOS.Mobile.Portable.Test\src\bin\Debug\net472\VideoOS.Mobile.Portable.Test.dll" adapterTypeName="executor://mstestadapter/v2" className="VideoOS.Mobile.Portable.Test.Utilities.ProxyPattern.RefCountProxyItemManagerTest" name="ProxyItemManagerTest" />
    </UnitTest>
    <UnitTest name="TestConvertToCommand" storage="d:\actions-runner\_work\xpco\xpco\mobile\mobileserver\mobileserverbinaries\videoos.mobile.portable.test\src\bin\debug\net472\videoos.mobile.portable.test.dll" id="87b31575-259b-3656-5143-2229e47de07f">
      <TestCategory>
        <TestCategoryItem TestCategory="Fast" />
      </TestCategory>
      <Execution id="6be7149f-7b1d-40fc-bede-717a472f4fda" />
      <TestMethod codeBase="D:\actions-runner\_work\XPCO\XPCO\Mobile\MobileServer\MobileServerBinaries\VideoOS.Mobile.Portable.Test\src\bin\Debug\net472\VideoOS.Mobile.Portable.Test.dll" adapterTypeName="executor://mstestadapter/v2" className="VideoOS.Mobile.Portable.Test.VideoChannel.AccessControlParams.ExecuteAccessControlCommandParamsTests" name="TestConvertToCommand" />
    </UnitTest>
    <UnitTest name="TestInitFromStreamInfoHeader" storage="d:\actions-runner\_work\xpco\xpco\mobile\mobileserver\mobileserverbinaries\videoos.mobile.portable.test\src\bin\debug\net472\videoos.mobile.portable.test.dll" id="b976c887-f225-549a-c2c0-9b1455428762">
      <TestCategory>
        <TestCategoryItem TestCategory="Fast" />
      </TestCategory>
      <Execution id="e9c87ffb-e8b6-4480-ba12-c6c4a2dbfb01" />
      <TestMethod codeBase="D:\actions-runner\_work\XPCO\XPCO\Mobile\MobileServer\MobileServerBinaries\VideoOS.Mobile.Portable.Test\src\bin\Debug\net472\VideoOS.Mobile.Portable.Test.dll" adapterTypeName="executor://mstestadapter/v2" className="VideoOS.Mobile.Portable.Test.VideoChannel.Binary.StreamInfoTests" name="TestInitFromStreamInfoHeader" />
    </UnitTest>
    <UnitTest name="TestTimeoutUpdateCheckerException" storage="d:\actions-runner\_work\xpco\xpco\mobile\mobileserver\mobileserverbinaries\videoos.mobile.portable.test\src\bin\debug\net472\videoos.mobile.portable.test.dll" id="01725a36-4b5b-8bcf-f485-8931821ddb4b">
      <TestCategory>
        <TestCategoryItem TestCategory="Fast" />
      </TestCategory>
      <Execution id="664b6a9a-11c6-462d-814b-86abfee1cd30" />
      <TestMethod codeBase="D:\actions-runner\_work\XPCO\XPCO\Mobile\MobileServer\MobileServerBinaries\VideoOS.Mobile.Portable.Test\src\bin\Debug\net472\VideoOS.Mobile.Portable.Test.dll" adapterTypeName="executor://mstestadapter/v2" className="VideoOS.Mobile.Portable.Test.Utilities.TimeoutUpdateCheckerTest" name="TestTimeoutUpdateCheckerException" />
    </UnitTest>
    <UnitTest name="TestMultipleEncryptions" storage="d:\actions-runner\_work\xpco\xpco\mobile\mobileserver\mobileserverbinaries\videoos.mobile.portable.test\src\bin\debug\net472\videoos.mobile.portable.test.dll" id="b48dbd3c-dfb6-1256-d0a1-fea979cb4b24">
      <TestCategory>
        <TestCategoryItem TestCategory="LongRunning" />
      </TestCategory>
      <Execution id="fd34a12c-d081-4a52-a806-fcabf944f8be" />
      <TestMethod codeBase="D:\actions-runner\_work\XPCO\XPCO\Mobile\MobileServer\MobileServerBinaries\VideoOS.Mobile.Portable.Test\src\bin\Debug\net472\VideoOS.Mobile.Portable.Test.dll" adapterTypeName="executor://mstestadapter/v2" className="VideoOS.Mobile.Portable.Test.Encryption.DHEncryptionTests" name="TestMultipleEncryptions" />
    </UnitTest>
    <UnitTest name="TestBinaryFrameHeaderHelperGeneration" storage="d:\actions-runner\_work\xpco\xpco\mobile\mobileserver\mobileserverbinaries\videoos.mobile.portable.test\src\bin\debug\net472\videoos.mobile.portable.test.dll" id="0686e183-79b0-bdb8-a32a-4f00dbb2e0fd">
      <TestCategory>
        <TestCategoryItem TestCategory="LongRunning" />
      </TestCategory>
      <Execution id="f8ec1502-527b-46e3-9d4e-77bf3f8c23e0" />
      <TestMethod codeBase="D:\actions-runner\_work\XPCO\XPCO\Mobile\MobileServer\MobileServerBinaries\VideoOS.Mobile.Portable.Test\src\bin\Debug\net472\VideoOS.Mobile.Portable.Test.dll" adapterTypeName="executor://mstestadapter/v2" className="VideoOS.Mobile.Portable.Test.VideoChannel.Binary.BinaryFrameHeaderHelperTests" name="TestBinaryFrameHeaderHelperGeneration" />
    </UnitTest>
    <UnitTest name="TestGetDescription" storage="d:\actions-runner\_work\xpco\xpco\mobile\mobileserver\mobileserverbinaries\videoos.mobile.portable.test\src\bin\debug\net472\videoos.mobile.portable.test.dll" id="10692c8f-170f-17ba-0244-e17436dd90c8">
      <TestCategory>
        <TestCategoryItem TestCategory="Fast" />
      </TestCategory>
      <Execution id="d00a1a26-402b-4a77-a552-5fdab29873bc" />
      <TestMethod codeBase="D:\actions-runner\_work\XPCO\XPCO\Mobile\MobileServer\MobileServerBinaries\VideoOS.Mobile.Portable.Test\src\bin\Debug\net472\VideoOS.Mobile.Portable.Test.dll" adapterTypeName="executor://mstestadapter/v2" className="VideoOS.Mobile.Portable.Test.Utilities.EnumsHelperTests" name="TestGetDescription" />
    </UnitTest>
    <UnitTest name="TestThreadSafeFrameQueueVariableSize" storage="d:\actions-runner\_work\xpco\xpco\mobile\mobileserver\mobileserverbinaries\videoos.mobile.portable.test\src\bin\debug\net472\videoos.mobile.portable.test.dll" id="4bc2a2b9-f69e-ade7-3cfc-0555f5bdf6e2">
      <TestCategory>
        <TestCategoryItem TestCategory="Fast" />
      </TestCategory>
      <Execution id="11f56585-06a3-48d4-9099-bfcd0b08d73b" />
      <TestMethod codeBase="D:\actions-runner\_work\XPCO\XPCO\Mobile\MobileServer\MobileServerBinaries\VideoOS.Mobile.Portable.Test\src\bin\Debug\net472\VideoOS.Mobile.Portable.Test.dll" adapterTypeName="executor://mstestadapter/v2" className="VideoOS.Mobile.Portable.Test.Utilities.ThreadSafeFrameQueueTests" name="TestThreadSafeFrameQueueVariableSize" />
    </UnitTest>
    <UnitTest name="TestVideoDataHelperDisposeFrameOnStreamDatas" storage="d:\actions-runner\_work\xpco\xpco\mobile\mobileserver\mobileserverbinaries\videoos.mobile.portable.test\src\bin\debug\net472\videoos.mobile.portable.test.dll" id="78ba480a-3af6-ec65-672b-f3c1348c9328">
      <TestCategory>
        <TestCategoryItem TestCategory="Fast" />
      </TestCategory>
      <Execution id="3bdef5f1-8805-45da-9742-d2b03da76e6e" />
      <TestMethod codeBase="D:\actions-runner\_work\XPCO\XPCO\Mobile\MobileServer\MobileServerBinaries\VideoOS.Mobile.Portable.Test\src\bin\Debug\net472\VideoOS.Mobile.Portable.Test.dll" adapterTypeName="executor://mstestadapter/v2" className="VideoOS.Mobile.Portable.Test.VideoChannel.VideoDataTests" name="TestVideoDataHelperDisposeFrameOnStreamDatas" />
    </UnitTest>
    <UnitTest name="TestSortChilds" storage="d:\actions-runner\_work\xpco\xpco\mobile\mobileserver\mobileserverbinaries\videoos.mobile.portable.test\src\bin\debug\net472\videoos.mobile.portable.test.dll" id="b026f6f8-9168-d34a-94ce-2d33b1e9f6eb">
      <TestCategory>
        <TestCategoryItem TestCategory="Fast" />
      </TestCategory>
      <Execution id="efa3c030-3f44-44d4-86e7-d3071fcfe9cf" />
      <TestMethod codeBase="D:\actions-runner\_work\XPCO\XPCO\Mobile\MobileServer\MobileServerBinaries\VideoOS.Mobile.Portable.Test\src\bin\Debug\net472\VideoOS.Mobile.Portable.Test.dll" adapterTypeName="executor://mstestadapter/v2" className="VideoOS.Mobile.Portable.Test.ViewGroupItem.ViewGroupTreeTests" name="TestSortChilds" />
    </UnitTest>
    <UnitTest name="TestDescendants" storage="d:\actions-runner\_work\xpco\xpco\mobile\mobileserver\mobileserverbinaries\videoos.mobile.portable.test\src\bin\debug\net472\videoos.mobile.portable.test.dll" id="6c698713-7633-9e0f-fec8-14779a490df3">
      <TestCategory>
        <TestCategoryItem TestCategory="Fast" />
      </TestCategory>
      <Execution id="c3bbcf8a-c0d9-49af-9568-4e414ed4548d" />
      <TestMethod codeBase="D:\actions-runner\_work\XPCO\XPCO\Mobile\MobileServer\MobileServerBinaries\VideoOS.Mobile.Portable.Test\src\bin\Debug\net472\VideoOS.Mobile.Portable.Test.dll" adapterTypeName="executor://mstestadapter/v2" className="VideoOS.Mobile.Portable.Test.ViewGroupItem.ViewGroupTreeTests" name="TestDescendants" />
    </UnitTest>
    <UnitTest name="TestSerializeOnMockObject" storage="d:\actions-runner\_work\xpco\xpco\mobile\mobileserver\mobileserverbinaries\videoos.mobile.portable.test\src\bin\debug\net472\videoos.mobile.portable.test.dll" id="20d7b9d0-e939-bc63-96aa-91ba3fd43edb">
      <TestCategory>
        <TestCategoryItem TestCategory="LongRunning" />
      </TestCategory>
      <Execution id="f28dffaa-6323-4dc0-97e2-def29ba0cda7" />
      <TestMethod codeBase="D:\actions-runner\_work\XPCO\XPCO\Mobile\MobileServer\MobileServerBinaries\VideoOS.Mobile.Portable.Test\src\bin\Debug\net472\VideoOS.Mobile.Portable.Test.dll" adapterTypeName="executor://mstestadapter/v2" className="VideoOS.Mobile.Portable.Test.MetaChannel.Serializers.XmlMessageSerializerTests" name="TestSerializeOnMockObject" />
    </UnitTest>
    <UnitTest name="TestEqualityHelper" storage="d:\actions-runner\_work\xpco\xpco\mobile\mobileserver\mobileserverbinaries\videoos.mobile.portable.test\src\bin\debug\net472\videoos.mobile.portable.test.dll" id="20f3a11e-1aea-075d-75a5-254afb514c4f">
      <TestCategory>
        <TestCategoryItem TestCategory="Fast" />
      </TestCategory>
      <Execution id="7df266a3-5350-4440-8582-8295ffa8f968" />
      <TestMethod codeBase="D:\actions-runner\_work\XPCO\XPCO\Mobile\MobileServer\MobileServerBinaries\VideoOS.Mobile.Portable.Test\src\bin\Debug\net472\VideoOS.Mobile.Portable.Test.dll" adapterTypeName="executor://mstestadapter/v2" className="VideoOS.Mobile.Portable.Test.Utilities.EqualityHelperTest" name="TestEqualityHelper" />
    </UnitTest>
    <UnitTest name="TestIntOperators" storage="d:\actions-runner\_work\xpco\xpco\mobile\mobileserver\mobileserverbinaries\videoos.mobile.portable.test\src\bin\debug\net472\videoos.mobile.portable.test.dll" id="7f64dd3f-0264-2cb2-6535-62267b987283">
      <TestCategory>
        <TestCategoryItem TestCategory="Fast" />
      </TestCategory>
      <Execution id="9ddf0fa8-a8c8-4faa-8a0b-f37f08b7c9ed" />
      <TestMethod codeBase="D:\actions-runner\_work\XPCO\XPCO\Mobile\MobileServer\MobileServerBinaries\VideoOS.Mobile.Portable.Test\src\bin\Debug\net472\VideoOS.Mobile.Portable.Test.dll" adapterTypeName="executor://mstestadapter/v2" className="VideoOS.Mobile.Portable.Test.Utilities.Arithmetic.AverageCalculatorIntOperatorsTests" name="TestIntOperators" />
    </UnitTest>
    <UnitTest name="GetMaxParameterLengthsPerCommandAll" storage="d:\actions-runner\_work\xpco\xpco\mobile\mobileserver\mobileserverbinaries\videoos.mobile.portable.test\src\bin\debug\net472\videoos.mobile.portable.test.dll" id="ad9934aa-d0d7-1515-12ca-05435eff4de9">
      <TestCategory>
        <TestCategoryItem TestCategory="Fast" />
      </TestCategory>
      <Execution id="a8a901f6-e6db-426e-83e7-11a1bcc432f6" />
      <TestMethod codeBase="D:\actions-runner\_work\XPCO\XPCO\Mobile\MobileServer\MobileServerBinaries\VideoOS.Mobile.Portable.Test\src\bin\Debug\net472\VideoOS.Mobile.Portable.Test.dll" adapterTypeName="executor://mstestadapter/v2" className="VideoOS.Mobile.Portable.Test.MetaChannel.ParamsValidatorHelperTests" name="GetMaxParameterLengthsPerCommandAll" />
    </UnitTest>
    <UnitTest name="TestPartitionOnShortArrayShouldReturnIt" storage="d:\actions-runner\_work\xpco\xpco\mobile\mobileserver\mobileserverbinaries\videoos.mobile.portable.test\src\bin\debug\net472\videoos.mobile.portable.test.dll" id="f2cc474c-061d-5c1e-206d-c803601b9f6e">
      <TestCategory>
        <TestCategoryItem TestCategory="Fast" />
      </TestCategory>
      <Execution id="03cc903f-7f06-4456-bdaa-d994ce1b4a2b" />
      <TestMethod codeBase="D:\actions-runner\_work\XPCO\XPCO\Mobile\MobileServer\MobileServerBinaries\VideoOS.Mobile.Portable.Test\src\bin\Debug\net472\VideoOS.Mobile.Portable.Test.dll" adapterTypeName="executor://mstestadapter/v2" className="VideoOS.Mobile.Portable.Test.Utilities.EnumerableExtensionsTests" name="TestPartitionOnShortArrayShouldReturnIt" />
    </UnitTest>
    <UnitTest name="TestStateChanger" storage="d:\actions-runner\_work\xpco\xpco\mobile\mobileserver\mobileserverbinaries\videoos.mobile.portable.test\src\bin\debug\net472\videoos.mobile.portable.test.dll" id="161e64d9-7a81-8e7e-35d3-2f79e1e525ce">
      <TestCategory>
        <TestCategoryItem TestCategory="Fast" />
      </TestCategory>
      <Execution id="889612b6-f51d-4840-9309-56da4e3a28c9" />
      <TestMethod codeBase="D:\actions-runner\_work\XPCO\XPCO\Mobile\MobileServer\MobileServerBinaries\VideoOS.Mobile.Portable.Test\src\bin\Debug\net472\VideoOS.Mobile.Portable.Test.dll" adapterTypeName="executor://mstestadapter/v2" className="VideoOS.Mobile.Portable.Test.Utilities.StateChangerTest" name="TestStateChanger" />
    </UnitTest>
    <UnitTest name="TestEncodedStringWriter" storage="d:\actions-runner\_work\xpco\xpco\mobile\mobileserver\mobileserverbinaries\videoos.mobile.portable.test\src\bin\debug\net472\videoos.mobile.portable.test.dll" id="5b0fdc59-8289-2da3-5f29-aac347e040e3">
      <TestCategory>
        <TestCategoryItem TestCategory="Fast" />
      </TestCategory>
      <Execution id="ca7b7e8e-819b-4ad3-81d8-de3356b0bf15" />
      <TestMethod codeBase="D:\actions-runner\_work\XPCO\XPCO\Mobile\MobileServer\MobileServerBinaries\VideoOS.Mobile.Portable.Test\src\bin\Debug\net472\VideoOS.Mobile.Portable.Test.dll" adapterTypeName="executor://mstestadapter/v2" className="VideoOS.Mobile.Portable.Test.Utilities.EncodedStringWriterTests" name="TestEncodedStringWriter" />
    </UnitTest>
    <UnitTest name="TestGetAccessControlDoorsParamsFromCommand" storage="d:\actions-runner\_work\xpco\xpco\mobile\mobileserver\mobileserverbinaries\videoos.mobile.portable.test\src\bin\debug\net472\videoos.mobile.portable.test.dll" id="00735a74-52fa-640b-3b22-4f05ca18f8a1">
      <TestCategory>
        <TestCategoryItem TestCategory="Fast" />
      </TestCategory>
      <Execution id="b9bd0f12-1e38-4303-8c5b-6aef8c98cf00" />
      <TestMethod codeBase="D:\actions-runner\_work\XPCO\XPCO\Mobile\MobileServer\MobileServerBinaries\VideoOS.Mobile.Portable.Test\src\bin\Debug\net472\VideoOS.Mobile.Portable.Test.dll" adapterTypeName="executor://mstestadapter/v2" className="VideoOS.Mobile.Portable.Test.VideoChannel.AccessControlParams.GetAccessControlEventsParamsTests" name="TestGetAccessControlDoorsParamsFromCommand" />
    </UnitTest>
    <UnitTest name="TestCameraIdComparer" storage="d:\actions-runner\_work\xpco\xpco\mobile\mobileserver\mobileserverbinaries\videoos.mobile.portable.test\src\bin\debug\net472\videoos.mobile.portable.test.dll" id="14b8a7cd-79ce-4e6f-af21-af206fe43965">
      <TestCategory>
        <TestCategoryItem TestCategory="Fast" />
      </TestCategory>
      <Execution id="272af6bb-f8e9-4fd3-9817-c48987944ed6" />
      <TestMethod codeBase="D:\actions-runner\_work\XPCO\XPCO\Mobile\MobileServer\MobileServerBinaries\VideoOS.Mobile.Portable.Test\src\bin\Debug\net472\VideoOS.Mobile.Portable.Test.dll" adapterTypeName="executor://mstestadapter/v2" className="VideoOS.Mobile.Portable.Test.MetaChannel.CommEntries.InvestigationEntryImplementerTest" name="TestCameraIdComparer" />
    </UnitTest>
    <UnitTest name="TestUseridentityParams" storage="d:\actions-runner\_work\xpco\xpco\mobile\mobileserver\mobileserverbinaries\videoos.mobile.portable.test\src\bin\debug\net472\videoos.mobile.portable.test.dll" id="2f3a2e7a-ff1e-f0d8-6d64-791c57383262">
      <TestCategory>
        <TestCategoryItem TestCategory="Fast" />
      </TestCategory>
      <Execution id="7806dd9b-c898-488a-82ae-4ad9d7402df8" />
      <TestMethod codeBase="D:\actions-runner\_work\XPCO\XPCO\Mobile\MobileServer\MobileServerBinaries\VideoOS.Mobile.Portable.Test\src\bin\Debug\net472\VideoOS.Mobile.Portable.Test.dll" adapterTypeName="executor://mstestadapter/v2" className="VideoOS.Mobile.Portable.Test.VideoChannel.Params.UserIdentityParamsTests" name="TestUseridentityParams" />
    </UnitTest>
    <UnitTest name="TestCheckGetAccessControlDoorParamsOnMaskSome" storage="d:\actions-runner\_work\xpco\xpco\mobile\mobileserver\mobileserverbinaries\videoos.mobile.portable.test\src\bin\debug\net472\videoos.mobile.portable.test.dll" id="5a61bf12-5f0d-d40a-24ab-80469181bf36">
      <TestCategory>
        <TestCategoryItem TestCategory="Fast" />
      </TestCategory>
      <Execution id="4b0832dd-a4ca-4fd5-9b6f-358036c0cade" />
      <TestMethod codeBase="D:\actions-runner\_work\XPCO\XPCO\Mobile\MobileServer\MobileServerBinaries\VideoOS.Mobile.Portable.Test\src\bin\Debug\net472\VideoOS.Mobile.Portable.Test.dll" adapterTypeName="executor://mstestadapter/v2" className="VideoOS.Mobile.Portable.Test.VideoChannel.AccessControlParams.GetAccessControlEventsParamsTests" name="TestCheckGetAccessControlDoorParamsOnMaskSome" />
    </UnitTest>
    <UnitTest name="SerializableAccessControlDoorStatesTest" storage="d:\actions-runner\_work\xpco\xpco\mobile\mobileserver\mobileserverbinaries\videoos.mobile.portable.test\src\bin\debug\net472\videoos.mobile.portable.test.dll" id="7d0fadd2-87b6-f5e0-5cce-f972a4a436ce">
      <TestCategory>
        <TestCategoryItem TestCategory="Fast" />
      </TestCategory>
      <Execution id="fddcb9d2-ed18-42e4-9a24-c57b431b3e23" />
      <TestMethod codeBase="D:\actions-runner\_work\XPCO\XPCO\Mobile\MobileServer\MobileServerBinaries\VideoOS.Mobile.Portable.Test\src\bin\Debug\net472\VideoOS.Mobile.Portable.Test.dll" adapterTypeName="executor://mstestadapter/v2" className="VideoOS.Mobile.Portable.Test.MetaChannel.CommEntries.SerializableAccessControlTest" name="SerializableAccessControlDoorStatesTest" />
    </UnitTest>
    <UnitTest name="TestItemExistRecursivelyOnExisting" storage="d:\actions-runner\_work\xpco\xpco\mobile\mobileserver\mobileserverbinaries\videoos.mobile.portable.test\src\bin\debug\net472\videoos.mobile.portable.test.dll" id="46bedd54-55d3-41b6-ebf9-29b8aa2dcab0">
      <TestCategory>
        <TestCategoryItem TestCategory="Fast" />
      </TestCategory>
      <Execution id="a558ffab-a559-4611-ba8b-3617baf1651b" />
      <TestMethod codeBase="D:\actions-runner\_work\XPCO\XPCO\Mobile\MobileServer\MobileServerBinaries\VideoOS.Mobile.Portable.Test\src\bin\Debug\net472\VideoOS.Mobile.Portable.Test.dll" adapterTypeName="executor://mstestadapter/v2" className="VideoOS.Mobile.Portable.Test.ViewGroupItem.ViewGroupTreeTests" name="TestItemExistRecursivelyOnExisting" />
    </UnitTest>
    <UnitTest name="TestExecuteAccessControlCommandParamsFromCommand" storage="d:\actions-runner\_work\xpco\xpco\mobile\mobileserver\mobileserverbinaries\videoos.mobile.portable.test\src\bin\debug\net472\videoos.mobile.portable.test.dll" id="f655c8ce-cdf8-a87a-5a84-8d367c86ec3b">
      <TestCategory>
        <TestCategoryItem TestCategory="Fast" />
      </TestCategory>
      <Execution id="62d91c51-f74b-444d-860c-1fc3beea364f" />
      <TestMethod codeBase="D:\actions-runner\_work\XPCO\XPCO\Mobile\MobileServer\MobileServerBinaries\VideoOS.Mobile.Portable.Test\src\bin\Debug\net472\VideoOS.Mobile.Portable.Test.dll" adapterTypeName="executor://mstestadapter/v2" className="VideoOS.Mobile.Portable.Test.VideoChannel.AccessControlParams.ExecuteAccessControlCommandParamsTests" name="TestExecuteAccessControlCommandParamsFromCommand" />
    </UnitTest>
    <UnitTest name="TestGetAccessControlDoorsParamsFromCommand" storage="d:\actions-runner\_work\xpco\xpco\mobile\mobileserver\mobileserverbinaries\videoos.mobile.portable.test\src\bin\debug\net472\videoos.mobile.portable.test.dll" id="079433d2-73ef-9a06-ffad-792c1b690362">
      <TestCategory>
        <TestCategoryItem TestCategory="Fast" />
      </TestCategory>
      <Execution id="5559b495-c0c8-4a72-9a8e-474d8443ef71" />
      <TestMethod codeBase="D:\actions-runner\_work\XPCO\XPCO\Mobile\MobileServer\MobileServerBinaries\VideoOS.Mobile.Portable.Test\src\bin\Debug\net472\VideoOS.Mobile.Portable.Test.dll" adapterTypeName="executor://mstestadapter/v2" className="VideoOS.Mobile.Portable.Test.VideoChannel.AccessControlParams.GetAccessControlDoorsParamsTests" name="TestGetAccessControlDoorsParamsFromCommand" />
    </UnitTest>
    <UnitTest name="TestCameraExportIdGetters" storage="d:\actions-runner\_work\xpco\xpco\mobile\mobileserver\mobileserverbinaries\videoos.mobile.portable.test\src\bin\debug\net472\videoos.mobile.portable.test.dll" id="77aab88f-f272-0e3d-d10a-f572584ed826">
      <TestCategory>
        <TestCategoryItem TestCategory="Fast" />
      </TestCategory>
      <Execution id="5c61f0a2-0f0d-4e34-abe2-8292be419ab0" />
      <TestMethod codeBase="D:\actions-runner\_work\XPCO\XPCO\Mobile\MobileServer\MobileServerBinaries\VideoOS.Mobile.Portable.Test\src\bin\Debug\net472\VideoOS.Mobile.Portable.Test.dll" adapterTypeName="executor://mstestadapter/v2" className="VideoOS.Mobile.Portable.Test.MetaChannel.CommEntries.InvestigationEntryImplementerTest" name="TestCameraExportIdGetters" />
    </UnitTest>
    <UnitTest name="TestExportParams" storage="d:\actions-runner\_work\xpco\xpco\mobile\mobileserver\mobileserverbinaries\videoos.mobile.portable.test\src\bin\debug\net472\videoos.mobile.portable.test.dll" id="6e78c5cf-16c2-2b8d-54e6-9fd3676ac790">
      <TestCategory>
        <TestCategoryItem TestCategory="LongRunning" />
      </TestCategory>
      <Execution id="bbd9a856-bf25-4d9d-8b53-09cfca064138" />
      <TestMethod codeBase="D:\actions-runner\_work\XPCO\XPCO\Mobile\MobileServer\MobileServerBinaries\VideoOS.Mobile.Portable.Test\src\bin\Debug\net472\VideoOS.Mobile.Portable.Test.dll" adapterTypeName="executor://mstestadapter/v2" className="VideoOS.Mobile.Portable.Test.MetaChannel.CommEntries.ExportsTests" name="TestExportParams" />
    </UnitTest>
    <UnitTest name="TestSequences" storage="d:\actions-runner\_work\xpco\xpco\mobile\mobileserver\mobileserverbinaries\videoos.mobile.portable.test\src\bin\debug\net472\videoos.mobile.portable.test.dll" id="dacc6f7e-b1c0-5d18-4487-3c6c70067ae7">
      <TestCategory>
        <TestCategoryItem TestCategory="Fast" />
      </TestCategory>
      <Execution id="02c20aae-dc85-4805-a12d-cdfdb0372070" />
      <TestMethod codeBase="D:\actions-runner\_work\XPCO\XPCO\Mobile\MobileServer\MobileServerBinaries\VideoOS.Mobile.Portable.Test\src\bin\Debug\net472\VideoOS.Mobile.Portable.Test.dll" adapterTypeName="executor://mstestadapter/v2" className="VideoOS.Mobile.Portable.Test.MetaChannel.CommEntries.SequencesTests" name="TestSequences" />
    </UnitTest>
    <UnitTest name="TransactionTestFailed" storage="d:\actions-runner\_work\xpco\xpco\mobile\mobileserver\mobileserverbinaries\videoos.mobile.portable.test\src\bin\debug\net472\videoos.mobile.portable.test.dll" id="5cddcff5-398b-f9e2-46fd-33f0dc0a4eba">
      <TestCategory>
        <TestCategoryItem TestCategory="Fast" />
      </TestCategory>
      <Execution id="687ef7a4-635c-4a08-b053-c50eec3ef80d" />
      <TestMethod codeBase="D:\actions-runner\_work\XPCO\XPCO\Mobile\MobileServer\MobileServerBinaries\VideoOS.Mobile.Portable.Test\src\bin\Debug\net472\VideoOS.Mobile.Portable.Test.dll" adapterTypeName="executor://mstestadapter/v2" className="VideoOS.Mobile.Portable.Test.Utilities.Transaction.TransactionTest" name="TransactionTestFailed" />
    </UnitTest>
    <UnitTest name="CreateWithMultipleItemIdNodes" storage="d:\actions-runner\_work\xpco\xpco\mobile\mobileserver\mobileserverbinaries\videoos.mobile.portable.test\src\bin\debug\net472\videoos.mobile.portable.test.dll" id="2f54af88-7969-5a57-920c-25a0a1b78c2f">
      <TestCategory>
        <TestCategoryItem TestCategory="Fast" />
      </TestCategory>
      <Execution id="edcdccd9-37ff-45dc-9782-a419e5905b98" />
      <TestMethod codeBase="D:\actions-runner\_work\XPCO\XPCO\Mobile\MobileServer\MobileServerBinaries\VideoOS.Mobile.Portable.Test\src\bin\Debug\net472\VideoOS.Mobile.Portable.Test.dll" adapterTypeName="executor://mstestadapter/v2" className="VideoOS.Mobile.Portable.Test.VideoChannel.Params.AudioParamsTests" name="CreateWithMultipleItemIdNodes" />
    </UnitTest>
    <UnitTest name="TestSsdpMessageAnnounce" storage="d:\actions-runner\_work\xpco\xpco\mobile\mobileserver\mobileserverbinaries\videoos.mobile.portable.test\src\bin\debug\net472\videoos.mobile.portable.test.dll" id="f8c91cf2-5cdd-be32-d1eb-f934d497ca3c">
      <TestCategory>
        <TestCategoryItem TestCategory="Fast" />
      </TestCategory>
      <Execution id="c6768c18-6130-4bab-a026-9825a5613c89" />
      <TestMethod codeBase="D:\actions-runner\_work\XPCO\XPCO\Mobile\MobileServer\MobileServerBinaries\VideoOS.Mobile.Portable.Test\src\bin\Debug\net472\VideoOS.Mobile.Portable.Test.dll" adapterTypeName="executor://mstestadapter/v2" className="VideoOS.Mobile.Portable.Test.Upnp.SsdpMessage.SsdpMessageAnnounceTests" name="TestSsdpMessageAnnounce" />
    </UnitTest>
    <UnitTest name="TestArrayHelper" storage="d:\actions-runner\_work\xpco\xpco\mobile\mobileserver\mobileserverbinaries\videoos.mobile.portable.test\src\bin\debug\net472\videoos.mobile.portable.test.dll" id="89640082-0a30-3dd8-3f2f-5c39684c5e90">
      <TestCategory>
        <TestCategoryItem TestCategory="Fast" />
      </TestCategory>
      <Execution id="0976ff85-f24a-491e-b004-56e3298c3f6e" />
      <TestMethod codeBase="D:\actions-runner\_work\XPCO\XPCO\Mobile\MobileServer\MobileServerBinaries\VideoOS.Mobile.Portable.Test\src\bin\Debug\net472\VideoOS.Mobile.Portable.Test.dll" adapterTypeName="executor://mstestadapter/v2" className="VideoOS.Mobile.Portable.Test.Utilities.ArrayHelperTest" name="TestArrayHelper" />
    </UnitTest>
    <UnitTest name="TestIntEnumConverter" storage="d:\actions-runner\_work\xpco\xpco\mobile\mobileserver\mobileserverbinaries\videoos.mobile.portable.test\src\bin\debug\net472\videoos.mobile.portable.test.dll" id="bfbf93f1-fab0-2818-fd13-827b68f238a8">
      <TestCategory>
        <TestCategoryItem TestCategory="Fast" />
      </TestCategory>
      <Execution id="9ea39b49-7b12-4112-831e-08a839d4af84" />
      <TestMethod codeBase="D:\actions-runner\_work\XPCO\XPCO\Mobile\MobileServer\MobileServerBinaries\VideoOS.Mobile.Portable.Test\src\bin\Debug\net472\VideoOS.Mobile.Portable.Test.dll" adapterTypeName="executor://mstestadapter/v2" className="VideoOS.Mobile.Portable.Test.Utilities.EnumsHelperTests" name="TestIntEnumConverter" />
    </UnitTest>
    <UnitTest name="TestGetEnabledValueOnTrue" storage="d:\actions-runner\_work\xpco\xpco\mobile\mobileserver\mobileserverbinaries\videoos.mobile.portable.test\src\bin\debug\net472\videoos.mobile.portable.test.dll" id="acae0a6d-431d-f4ef-8339-e9d43c6df7d1">
      <TestCategory>
        <TestCategoryItem TestCategory="Fast" />
      </TestCategory>
      <Execution id="ba085af7-faee-440d-b569-42ef2d211dcb" />
      <TestMethod codeBase="D:\actions-runner\_work\XPCO\XPCO\Mobile\MobileServer\MobileServerBinaries\VideoOS.Mobile.Portable.Test\src\bin\Debug\net472\VideoOS.Mobile.Portable.Test.dll" adapterTypeName="executor://mstestadapter/v2" className="VideoOS.Mobile.Portable.Test.Management.DefinitionsTests" name="TestGetEnabledValueOnTrue" />
    </UnitTest>
    <UnitTest name="TestMovingWindowAverage" storage="d:\actions-runner\_work\xpco\xpco\mobile\mobileserver\mobileserverbinaries\videoos.mobile.portable.test\src\bin\debug\net472\videoos.mobile.portable.test.dll" id="1b71fbfb-1d25-036e-a9a8-f29fc1dd1e0f">
      <TestCategory>
        <TestCategoryItem TestCategory="Fast" />
      </TestCategory>
      <Execution id="d7043066-7288-47bf-8b42-8ada554fd4be" />
      <TestMethod codeBase="D:\actions-runner\_work\XPCO\XPCO\Mobile\MobileServer\MobileServerBinaries\VideoOS.Mobile.Portable.Test\src\bin\Debug\net472\VideoOS.Mobile.Portable.Test.dll" adapterTypeName="executor://mstestadapter/v2" className="VideoOS.Mobile.Portable.Test.Utilities.Arithmetic.MovingWindowAverageCalculatorTests" name="TestMovingWindowAverage" />
    </UnitTest>
    <UnitTest name="TestBufferSizeDeterminer" storage="d:\actions-runner\_work\xpco\xpco\mobile\mobileserver\mobileserverbinaries\videoos.mobile.portable.test\src\bin\debug\net472\videoos.mobile.portable.test.dll" id="f6e59dd2-e29f-81d2-4bc1-fe2669831c3a">
      <TestCategory>
        <TestCategoryItem TestCategory="Fast" />
      </TestCategory>
      <Execution id="4c10af64-2ce8-43b9-82b2-e3ce07a90398" />
      <TestMethod codeBase="D:\actions-runner\_work\XPCO\XPCO\Mobile\MobileServer\MobileServerBinaries\VideoOS.Mobile.Portable.Test\src\bin\Debug\net472\VideoOS.Mobile.Portable.Test.dll" adapterTypeName="executor://mstestadapter/v2" className="VideoOS.Mobile.Portable.Test.Utilities.BufferSizeDeterminerTest" name="TestBufferSizeDeterminer" />
    </UnitTest>
    <UnitTest name="TestForEach" storage="d:\actions-runner\_work\xpco\xpco\mobile\mobileserver\mobileserverbinaries\videoos.mobile.portable.test\src\bin\debug\net472\videoos.mobile.portable.test.dll" id="fa52f98c-f174-759c-de37-bbacc8afc158">
      <TestCategory>
        <TestCategoryItem TestCategory="Fast" />
      </TestCategory>
      <Execution id="7c7ea6dc-1718-4f0f-8539-1a2068e9ff4e" />
      <TestMethod codeBase="D:\actions-runner\_work\XPCO\XPCO\Mobile\MobileServer\MobileServerBinaries\VideoOS.Mobile.Portable.Test\src\bin\Debug\net472\VideoOS.Mobile.Portable.Test.dll" adapterTypeName="executor://mstestadapter/v2" className="VideoOS.Mobile.Portable.Test.Utilities.EnumerableExtensionsTests" name="TestForEach" />
    </UnitTest>
    <UnitTest name="SerializableAccessControlDoorCategoryUnitTest" storage="d:\actions-runner\_work\xpco\xpco\mobile\mobileserver\mobileserverbinaries\videoos.mobile.portable.test\src\bin\debug\net472\videoos.mobile.portable.test.dll" id="e34c667e-2282-e8b9-d697-5643186aab1b">
      <TestCategory>
        <TestCategoryItem TestCategory="Fast" />
      </TestCategory>
      <Execution id="1ac45eb9-9f39-433e-9136-f6fa16da0233" />
      <TestMethod codeBase="D:\actions-runner\_work\XPCO\XPCO\Mobile\MobileServer\MobileServerBinaries\VideoOS.Mobile.Portable.Test\src\bin\Debug\net472\VideoOS.Mobile.Portable.Test.dll" adapterTypeName="executor://mstestadapter/v2" className="VideoOS.Mobile.Portable.Test.MetaChannel.CommEntries.SerializableAccessControlTest" name="SerializableAccessControlDoorCategoryUnitTest" />
    </UnitTest>
    <UnitTest name="SafeExcept_NullArgument_EmptyResult" storage="d:\actions-runner\_work\xpco\xpco\mobile\mobileserver\mobileserverbinaries\videoos.mobile.portable.test\src\bin\debug\net472\videoos.mobile.portable.test.dll" id="51d1bf69-9bb2-e8ea-680a-2e981d3749ee">
      <TestCategory>
        <TestCategoryItem TestCategory="Fast" />
      </TestCategory>
      <Execution id="75fd2355-9f4b-446a-ba7b-9b796418123b" />
      <TestMethod codeBase="D:\actions-runner\_work\XPCO\XPCO\Mobile\MobileServer\MobileServerBinaries\VideoOS.Mobile.Portable.Test\src\bin\Debug\net472\VideoOS.Mobile.Portable.Test.dll" adapterTypeName="executor://mstestadapter/v2" className="VideoOS.Mobile.Portable.Test.Utilities.DictionaryExtensions" name="SafeExcept_NullArgument_EmptyResult" />
    </UnitTest>
    <UnitTest name="TestContainsOnItemWithSameGuidDoNotExist" storage="d:\actions-runner\_work\xpco\xpco\mobile\mobileserver\mobileserverbinaries\videoos.mobile.portable.test\src\bin\debug\net472\videoos.mobile.portable.test.dll" id="efc84c5d-7c17-69a2-3372-b135556abcec">
      <TestCategory>
        <TestCategoryItem TestCategory="Fast" />
      </TestCategory>
      <Execution id="e947774f-8dd8-490a-9115-caec82d71eaa" />
      <TestMethod codeBase="D:\actions-runner\_work\XPCO\XPCO\Mobile\MobileServer\MobileServerBinaries\VideoOS.Mobile.Portable.Test\src\bin\Debug\net472\VideoOS.Mobile.Portable.Test.dll" adapterTypeName="executor://mstestadapter/v2" className="VideoOS.Mobile.Portable.Test.OEGroupItem.OEGroupTreeTests" name="TestContainsOnItemWithSameGuidDoNotExist" />
    </UnitTest>
    <UnitTest name="TestExportParams" storage="d:\actions-runner\_work\xpco\xpco\mobile\mobileserver\mobileserverbinaries\videoos.mobile.portable.test\src\bin\debug\net472\videoos.mobile.portable.test.dll" id="d91417d7-1346-dfa7-2b46-20e0fa111b8c">
      <TestCategory>
        <TestCategoryItem TestCategory="LongRunning" />
      </TestCategory>
      <Execution id="c01c0c0b-e282-461e-ba85-a68197e27d54" />
      <TestMethod codeBase="D:\actions-runner\_work\XPCO\XPCO\Mobile\MobileServer\MobileServerBinaries\VideoOS.Mobile.Portable.Test\src\bin\Debug\net472\VideoOS.Mobile.Portable.Test.dll" adapterTypeName="executor://mstestadapter/v2" className="VideoOS.Mobile.Portable.Test.VideoChannel.Params.ExportParamsTests" name="TestExportParams" />
    </UnitTest>
    <UnitTest name="TestHttpMessageResponse" storage="d:\actions-runner\_work\xpco\xpco\mobile\mobileserver\mobileserverbinaries\videoos.mobile.portable.test\src\bin\debug\net472\videoos.mobile.portable.test.dll" id="9e01df5e-5950-9dd1-0391-21212c51dc6d">
      <TestCategory>
        <TestCategoryItem TestCategory="Fast" />
      </TestCategory>
      <Execution id="1fab1871-82f1-4224-925d-e16ec3048899" />
      <TestMethod codeBase="D:\actions-runner\_work\XPCO\XPCO\Mobile\MobileServer\MobileServerBinaries\VideoOS.Mobile.Portable.Test\src\bin\Debug\net472\VideoOS.Mobile.Portable.Test.dll" adapterTypeName="executor://mstestadapter/v2" className="VideoOS.Mobile.Portable.Test.Http.HttpMessage.HttpMessageResponseTests" name="TestHttpMessageResponse" />
    </UnitTest>
    <UnitTest name="TestItemsListImmutable" storage="d:\actions-runner\_work\xpco\xpco\mobile\mobileserver\mobileserverbinaries\videoos.mobile.portable.test\src\bin\debug\net472\videoos.mobile.portable.test.dll" id="04ba7681-09a6-ebfb-ad4d-960bb8182330">
      <TestCategory>
        <TestCategoryItem TestCategory="Fast" />
      </TestCategory>
      <Execution id="5cf9512d-0ac4-4020-9ebd-a21ab10bf6e7" />
      <TestMethod codeBase="D:\actions-runner\_work\XPCO\XPCO\Mobile\MobileServer\MobileServerBinaries\VideoOS.Mobile.Portable.Test\src\bin\Debug\net472\VideoOS.Mobile.Portable.Test.dll" adapterTypeName="executor://mstestadapter/v2" className="VideoOS.Mobile.Portable.Test.ViewGroupItem.ViewGroupTreeTests" name="TestItemsListImmutable" />
    </UnitTest>
    <UnitTest name="TestThreadSafeCircularQueue" storage="d:\actions-runner\_work\xpco\xpco\mobile\mobileserver\mobileserverbinaries\videoos.mobile.portable.test\src\bin\debug\net472\videoos.mobile.portable.test.dll" id="ddec7fd3-9756-87e5-6c93-afc0e067c8a2">
      <TestCategory>
        <TestCategoryItem TestCategory="Fast" />
      </TestCategory>
      <Execution id="c16ce039-80b1-41dd-b13c-5735eb6f84d8" />
      <TestMethod codeBase="D:\actions-runner\_work\XPCO\XPCO\Mobile\MobileServer\MobileServerBinaries\VideoOS.Mobile.Portable.Test\src\bin\Debug\net472\VideoOS.Mobile.Portable.Test.dll" adapterTypeName="executor://mstestadapter/v2" className="VideoOS.Mobile.Portable.Test.Utilities.ThreadSafeCircularQueueTests" name="TestThreadSafeCircularQueue" />
    </UnitTest>
    <UnitTest name="TestActionWrapper" storage="d:\actions-runner\_work\xpco\xpco\mobile\mobileserver\mobileserverbinaries\videoos.mobile.portable.test\src\bin\debug\net472\videoos.mobile.portable.test.dll" id="56573e76-d38b-8c4b-50d5-c8a2e05253b8">
      <TestCategory>
        <TestCategoryItem TestCategory="Fast" />
      </TestCategory>
      <Execution id="b508ed59-3e39-4082-a073-2b9dac6ae0a1" />
      <TestMethod codeBase="D:\actions-runner\_work\XPCO\XPCO\Mobile\MobileServer\MobileServerBinaries\VideoOS.Mobile.Portable.Test\src\bin\Debug\net472\VideoOS.Mobile.Portable.Test.dll" adapterTypeName="executor://mstestadapter/v2" className="VideoOS.Mobile.Portable.Test.Utilities.Async.ActionWrapperTest" name="TestActionWrapper" />
    </UnitTest>
    <UnitTest name="TestEndiansInvertor" storage="d:\actions-runner\_work\xpco\xpco\mobile\mobileserver\mobileserverbinaries\videoos.mobile.portable.test\src\bin\debug\net472\videoos.mobile.portable.test.dll" id="58726c6a-bc9e-1473-52db-f67a99b0a77c">
      <TestCategory>
        <TestCategoryItem TestCategory="Fast" />
      </TestCategory>
      <Execution id="0aca4b1f-cea0-44ee-8023-35ef2dd28ac9" />
      <TestMethod codeBase="D:\actions-runner\_work\XPCO\XPCO\Mobile\MobileServer\MobileServerBinaries\VideoOS.Mobile.Portable.Test\src\bin\Debug\net472\VideoOS.Mobile.Portable.Test.dll" adapterTypeName="executor://mstestadapter/v2" className="VideoOS.Mobile.Portable.Test.Utilities.EndiansInvertorTests" name="TestEndiansInvertor" />
    </UnitTest>
    <UnitTest name="TestNoLongParams" storage="d:\actions-runner\_work\xpco\xpco\mobile\mobileserver\mobileserverbinaries\videoos.mobile.portable.test\src\bin\debug\net472\videoos.mobile.portable.test.dll" id="2e11b3fa-179c-6307-54b4-bbf4e9d5b5b7">
      <TestCategory>
        <TestCategoryItem TestCategory="Fast" />
      </TestCategory>
      <Execution id="5da9833d-1ba0-4c36-8db2-318ea2d9d1a4" />
      <TestMethod codeBase="D:\actions-runner\_work\XPCO\XPCO\Mobile\MobileServer\MobileServerBinaries\VideoOS.Mobile.Portable.Test\src\bin\Debug\net472\VideoOS.Mobile.Portable.Test.dll" adapterTypeName="executor://mstestadapter/v2" className="VideoOS.Mobile.Portable.Test.MetaChannel.ParamsValidatorTest" name="TestNoLongParams" />
    </UnitTest>
    <UnitTest name="CreateWithSingleItemId" storage="d:\actions-runner\_work\xpco\xpco\mobile\mobileserver\mobileserverbinaries\videoos.mobile.portable.test\src\bin\debug\net472\videoos.mobile.portable.test.dll" id="86279d59-8111-eebc-0ffc-991c62040942">
      <TestCategory>
        <TestCategoryItem TestCategory="Fast" />
      </TestCategory>
      <Execution id="8955a412-c395-4e97-8eda-29c9ff7bec85" />
      <TestMethod codeBase="D:\actions-runner\_work\XPCO\XPCO\Mobile\MobileServer\MobileServerBinaries\VideoOS.Mobile.Portable.Test\src\bin\Debug\net472\VideoOS.Mobile.Portable.Test.dll" adapterTypeName="executor://mstestadapter/v2" className="VideoOS.Mobile.Portable.Test.VideoChannel.Params.AudioParamsTests" name="CreateWithSingleItemId" />
    </UnitTest>
    <UnitTest name="TestBinaryFrameGeneratorStringStructures" storage="d:\actions-runner\_work\xpco\xpco\mobile\mobileserver\mobileserverbinaries\videoos.mobile.portable.test\src\bin\debug\net472\videoos.mobile.portable.test.dll" id="bb61caef-6b87-0f2d-a721-eb68b66133ea">
      <TestCategory>
        <TestCategoryItem TestCategory="Fast" />
      </TestCategory>
      <Execution id="ad8e14ad-225d-4690-8979-a436b81451da" />
      <TestMethod codeBase="D:\actions-runner\_work\XPCO\XPCO\Mobile\MobileServer\MobileServerBinaries\VideoOS.Mobile.Portable.Test\src\bin\Debug\net472\VideoOS.Mobile.Portable.Test.dll" adapterTypeName="executor://mstestadapter/v2" className="VideoOS.Mobile.Portable.Test.VideoChannel.Binary.BinaryFrameGeneratorTests" name="TestBinaryFrameGeneratorStringStructures" />
    </UnitTest>
    <UnitTest name="SerializableHeartBeat_OnlyEnabled_UnitTest" storage="d:\actions-runner\_work\xpco\xpco\mobile\mobileserver\mobileserverbinaries\videoos.mobile.portable.test\src\bin\debug\net472\videoos.mobile.portable.test.dll" id="822a696e-37f8-8bd5-996f-151cc72555e8">
      <TestCategory>
        <TestCategoryItem TestCategory="Fast" />
      </TestCategory>
      <Execution id="3c897544-9d8a-426b-afee-f0e3505279a6" />
      <TestMethod codeBase="D:\actions-runner\_work\XPCO\XPCO\Mobile\MobileServer\MobileServerBinaries\VideoOS.Mobile.Portable.Test\src\bin\Debug\net472\VideoOS.Mobile.Portable.Test.dll" adapterTypeName="executor://mstestadapter/v2" className="VideoOS.Mobile.Portable.Test.MetaChannel.CommEntries.SerializableHeartBeatTest" name="SerializableHeartBeat_OnlyEnabled_UnitTest" />
    </UnitTest>
    <UnitTest name="TestCamera" storage="d:\actions-runner\_work\xpco\xpco\mobile\mobileserver\mobileserverbinaries\videoos.mobile.portable.test\src\bin\debug\net472\videoos.mobile.portable.test.dll" id="8663c046-0200-c4de-aab4-4c744d3f962d">
      <TestCategory>
        <TestCategoryItem TestCategory="Fast" />
      </TestCategory>
      <Execution id="34d4e73b-630a-4221-bebc-d5c92ef9629e" />
      <TestMethod codeBase="D:\actions-runner\_work\XPCO\XPCO\Mobile\MobileServer\MobileServerBinaries\VideoOS.Mobile.Portable.Test\src\bin\Debug\net472\VideoOS.Mobile.Portable.Test.dll" adapterTypeName="executor://mstestadapter/v2" className="VideoOS.Mobile.Portable.Test.MetaChannel.CommEntries.InvestigationEntryImplementerTest" name="TestCamera" />
    </UnitTest>
  </TestDefinitions>
  <TestEntries>
    <TestEntry testId="897f220a-2a14-f141-becf-7d18dcd58171" executionId="be09e86b-4de2-42dd-b16b-e571c0d84bdb" testListId="8c84fa94-04c1-424b-9868-57a2d4851a1d" />
    <TestEntry testId="f6e59dd2-e29f-81d2-4bc1-fe2669831c3a" executionId="4c10af64-2ce8-43b9-82b2-e3ce07a90398" testListId="8c84fa94-04c1-424b-9868-57a2d4851a1d" />
    <TestEntry testId="79b02fef-775e-16e7-8733-362232a45876" executionId="4979dd68-814a-4194-ab73-5f97cf8bc792" testListId="8c84fa94-04c1-424b-9868-57a2d4851a1d" />
    <TestEntry testId="baa96d68-76d4-b2f0-941e-32eff5ccd245" executionId="2d6713e7-6a09-4831-8cfa-b794da6c2493" testListId="8c84fa94-04c1-424b-9868-57a2d4851a1d" />
    <TestEntry testId="13711fab-d288-81f4-624e-784e8b729671" executionId="519b54dd-8f52-4b99-a6b9-45759dbe870f" testListId="8c84fa94-04c1-424b-9868-57a2d4851a1d" />
    <TestEntry testId="90fec278-52b3-aaac-96f0-4ae4dccc6b62" executionId="d003f370-cfc7-4a6a-91f9-609463cdd678" testListId="8c84fa94-04c1-424b-9868-57a2d4851a1d" />
    <TestEntry testId="14b8a7cd-79ce-4e6f-af21-af206fe43965" executionId="272af6bb-f8e9-4fd3-9817-c48987944ed6" testListId="8c84fa94-04c1-424b-9868-57a2d4851a1d" />
    <TestEntry testId="c39bcd4d-06bf-fa86-a9ef-551e745d994b" executionId="23453ebf-97a1-4de6-b0d7-969222fb3844" testListId="8c84fa94-04c1-424b-9868-57a2d4851a1d" />
    <TestEntry testId="b6c75687-4c2e-1ce2-2910-17c265f38dab" executionId="b5eb5906-1913-49be-a893-25fb748e5934" testListId="8c84fa94-04c1-424b-9868-57a2d4851a1d" />
    <TestEntry testId="161e64d9-7a81-8e7e-35d3-2f79e1e525ce" executionId="889612b6-f51d-4840-9309-56da4e3a28c9" testListId="8c84fa94-04c1-424b-9868-57a2d4851a1d" />
    <TestEntry testId="6a530ae9-7ba9-cbb9-980a-bf7fe4cc9964" executionId="14afd222-bd6d-451e-a6d0-e75eda6b1d40" testListId="8c84fa94-04c1-424b-9868-57a2d4851a1d" />
    <TestEntry testId="58726c6a-bc9e-1473-52db-f67a99b0a77c" executionId="0aca4b1f-cea0-44ee-8023-35ef2dd28ac9" testListId="8c84fa94-04c1-424b-9868-57a2d4851a1d" />
    <TestEntry testId="87b31575-259b-3656-5143-2229e47de07f" executionId="6be7149f-7b1d-40fc-bede-717a472f4fda" testListId="8c84fa94-04c1-424b-9868-57a2d4851a1d" />
    <TestEntry testId="20d7b9d0-e939-bc63-96aa-91ba3fd43edb" executionId="f28dffaa-6323-4dc0-97e2-def29ba0cda7" testListId="8c84fa94-04c1-424b-9868-57a2d4851a1d" />
    <TestEntry testId="bb61caef-6b87-0f2d-a721-eb68b66133ea" executionId="ad8e14ad-225d-4690-8979-a436b81451da" testListId="8c84fa94-04c1-424b-9868-57a2d4851a1d" />
    <TestEntry testId="f62fc6fd-d943-4e65-24c6-290750bd8039" executionId="37ffe978-fe26-4936-b345-ba4c55ff8c48" testListId="8c84fa94-04c1-424b-9868-57a2d4851a1d" />
    <TestEntry testId="fa3d7d6b-4149-183c-3fa0-79562d022c4f" executionId="10fa1eee-9710-48a9-9f80-4106617bb036" testListId="8c84fa94-04c1-424b-9868-57a2d4851a1d" />
    <TestEntry testId="d6780396-830c-7fe4-0552-38cc4c5ec5db" executionId="68d24194-5fa7-488b-a334-9b36c6947d9b" testListId="8c84fa94-04c1-424b-9868-57a2d4851a1d" />
    <TestEntry testId="822a696e-37f8-8bd5-996f-151cc72555e8" executionId="3c897544-9d8a-426b-afee-f0e3505279a6" testListId="8c84fa94-04c1-424b-9868-57a2d4851a1d" />
    <TestEntry testId="b4ef28b6-cdc8-293f-0224-1c6b137a5b99" executionId="994eb106-5631-4627-8b9d-4814f11bb6af" testListId="8c84fa94-04c1-424b-9868-57a2d4851a1d" />
    <TestEntry testId="c2b34343-7494-5f79-4ede-e1c28165ae50" executionId="eac75045-c0f4-45fb-a0e0-cd8f16892163" testListId="8c84fa94-04c1-424b-9868-57a2d4851a1d" />
    <TestEntry testId="e758a702-5ae2-aff8-5e65-773daf4a80d3" executionId="5846c49d-b7ab-4cca-af98-67c64efd2612" testListId="8c84fa94-04c1-424b-9868-57a2d4851a1d" />
    <TestEntry testId="bcf36bf8-26ae-d467-b963-c0af84b8f958" executionId="f96917a3-fb7c-44f8-84ed-2a6ffee4dc2c" testListId="8c84fa94-04c1-424b-9868-57a2d4851a1d" />
    <TestEntry testId="2b96f371-1acf-8624-e77d-15884ff35382" executionId="7bb919af-3018-43e8-81a1-80544ea59c0c" testListId="8c84fa94-04c1-424b-9868-57a2d4851a1d" />
    <TestEntry testId="552f84fc-877c-417f-6cc9-2a55bcdcd9d2" executionId="3220a80b-e571-464f-bdee-8b2de7a08686" testListId="8c84fa94-04c1-424b-9868-57a2d4851a1d" />
    <TestEntry testId="8bb1f684-9c81-dfe5-a066-1fbb89bbb5b8" executionId="b953d8f2-1ce2-428a-a947-1dedf38b517b" testListId="8c84fa94-04c1-424b-9868-57a2d4851a1d" />
    <TestEntry testId="5cddcff5-398b-f9e2-46fd-33f0dc0a4eba" executionId="687ef7a4-635c-4a08-b053-c50eec3ef80d" testListId="8c84fa94-04c1-424b-9868-57a2d4851a1d" />
    <TestEntry testId="f8c91cf2-5cdd-be32-d1eb-f934d497ca3c" executionId="c6768c18-6130-4bab-a026-9825a5613c89" testListId="8c84fa94-04c1-424b-9868-57a2d4851a1d" />
    <TestEntry testId="017c6a55-bd87-2611-27f5-a3ead912a17a" executionId="0e1de798-1cc4-4c8e-8f6e-4a67dda41f9b" testListId="8c84fa94-04c1-424b-9868-57a2d4851a1d" />
    <TestEntry testId="77aab88f-f272-0e3d-d10a-f572584ed826" executionId="5c61f0a2-0f0d-4e34-abe2-8292be419ab0" testListId="8c84fa94-04c1-424b-9868-57a2d4851a1d" />
    <TestEntry testId="ad9934aa-d0d7-1515-12ca-05435eff4de9" executionId="a8a901f6-e6db-426e-83e7-11a1bcc432f6" testListId="8c84fa94-04c1-424b-9868-57a2d4851a1d" />
    <TestEntry testId="4a208dea-2e5c-d7dd-52cd-cac88f53f83b" executionId="24972209-5495-48cf-9bfb-2931cf9bf485" testListId="8c84fa94-04c1-424b-9868-57a2d4851a1d" />
    <TestEntry testId="e2602f93-7aab-27f1-308f-ede513110e57" executionId="df8d011e-720f-4331-bc4b-a246826d1d66" testListId="8c84fa94-04c1-424b-9868-57a2d4851a1d" />
    <TestEntry testId="2f54af88-7969-5a57-920c-25a0a1b78c2f" executionId="edcdccd9-37ff-45dc-9782-a419e5905b98" testListId="8c84fa94-04c1-424b-9868-57a2d4851a1d" />
    <TestEntry testId="7f64dd3f-0264-2cb2-6535-62267b987283" executionId="9ddf0fa8-a8c8-4faa-8a0b-f37f08b7c9ed" testListId="8c84fa94-04c1-424b-9868-57a2d4851a1d" />
    <TestEntry testId="e0ea3d14-723c-47b3-ddab-432c2a1d6d19" executionId="6a40a1ac-3a1c-4526-860a-c1599c6c5847" testListId="8c84fa94-04c1-424b-9868-57a2d4851a1d" />
    <TestEntry testId="10692c8f-170f-17ba-0244-e17436dd90c8" executionId="d00a1a26-402b-4a77-a552-5fdab29873bc" testListId="8c84fa94-04c1-424b-9868-57a2d4851a1d" />
    <TestEntry testId="c33e0f59-6c1e-9a47-2a3d-f87775937a1f" executionId="22d191c9-80d8-47cd-904a-695cb13d66ce" testListId="8c84fa94-04c1-424b-9868-57a2d4851a1d" />
    <TestEntry testId="b976c887-f225-549a-c2c0-9b1455428762" executionId="e9c87ffb-e8b6-4480-ba12-c6c4a2dbfb01" testListId="8c84fa94-04c1-424b-9868-57a2d4851a1d" />
    <TestEntry testId="b48dbd3c-dfb6-1256-d0a1-fea979cb4b24" executionId="fd34a12c-d081-4a52-a806-fcabf944f8be" testListId="8c84fa94-04c1-424b-9868-57a2d4851a1d" />
    <TestEntry testId="8f2d192e-6968-5656-1e7d-17d269b0af37" executionId="d13c96c6-8c0a-4cee-9aae-03433655b202" testListId="8c84fa94-04c1-424b-9868-57a2d4851a1d" />
    <TestEntry testId="b4229464-56aa-0cd2-1d2e-ff90378406ec" executionId="9614efa5-621f-4e78-ba37-bf116c909b28" testListId="8c84fa94-04c1-424b-9868-57a2d4851a1d" />
    <TestEntry testId="20f3a11e-1aea-075d-75a5-254afb514c4f" executionId="7df266a3-5350-4440-8582-8295ffa8f968" testListId="8c84fa94-04c1-424b-9868-57a2d4851a1d" />
    <TestEntry testId="103b8020-90d8-f2fc-0593-d6746feb5a88" executionId="8e09663d-6486-4f4c-b0f4-86f9200244b8" testListId="8c84fa94-04c1-424b-9868-57a2d4851a1d" />
    <TestEntry testId="dacc6f7e-b1c0-5d18-4487-3c6c70067ae7" executionId="02c20aae-dc85-4805-a12d-cdfdb0372070" testListId="8c84fa94-04c1-424b-9868-57a2d4851a1d" />
    <TestEntry testId="d3e35bc9-f64e-53bf-5543-f2ab05205041" executionId="62402119-63e9-4ab4-90e5-3366428998b3" testListId="8c84fa94-04c1-424b-9868-57a2d4851a1d" />
    <TestEntry testId="3fb38509-0b8e-6662-6cfd-926dd2ff9585" executionId="13da4d35-7ee1-43a9-919c-84e5c69951c4" testListId="8c84fa94-04c1-424b-9868-57a2d4851a1d" />
    <TestEntry testId="85c9bd99-890d-4b56-a986-96ca910d7e63" executionId="04eddb7b-8122-450a-afd6-099eced61bf4" testListId="8c84fa94-04c1-424b-9868-57a2d4851a1d" />
    <TestEntry testId="d85fce34-e785-c982-3019-18dd373e4281" executionId="5183d9f1-fb3c-4b15-a76d-ffabc69127e8" testListId="8c84fa94-04c1-424b-9868-57a2d4851a1d" />
    <TestEntry testId="57269966-3102-651a-8999-ae19bce018b0" executionId="b79282b6-bd28-45e7-ac0a-969067efbea5" testListId="8c84fa94-04c1-424b-9868-57a2d4851a1d" />
    <TestEntry testId="2f3a2e7a-ff1e-f0d8-6d64-791c57383262" executionId="7806dd9b-c898-488a-82ae-4ad9d7402df8" testListId="8c84fa94-04c1-424b-9868-57a2d4851a1d" />
    <TestEntry testId="088fa787-7266-7a61-8a2f-028a21316df9" executionId="c40b09f8-7312-4446-8731-22dd00ee5403" testListId="8c84fa94-04c1-424b-9868-57a2d4851a1d" />
    <TestEntry testId="2a6a8c71-b96f-470a-d8fd-04efb636e9ad" executionId="058fe1ae-913a-45c9-b4f5-5b2f483eb88b" testListId="8c84fa94-04c1-424b-9868-57a2d4851a1d" />
    <TestEntry testId="ca1f3887-bbb8-4ce1-c5a0-b6c1af45db7a" executionId="cd8e2666-8c57-4dc0-a4f8-d18a60ba0157" testListId="8c84fa94-04c1-424b-9868-57a2d4851a1d" />
    <TestEntry testId="0e3504ef-04be-67aa-24a2-162eeda7ff88" executionId="7133a5b1-bd21-4902-aca8-cf4eb85e85a8" testListId="8c84fa94-04c1-424b-9868-57a2d4851a1d" />
    <TestEntry testId="1785dcf1-6761-1eff-f5d7-b44d6a5ba980" executionId="a600fc48-8b8a-443a-bd8e-aca2dbc107f3" testListId="8c84fa94-04c1-424b-9868-57a2d4851a1d" />
    <TestEntry testId="c4b85068-82b7-8ff9-ea00-60709626f475" executionId="014bb888-dd6e-4e04-b924-62d76256b4b7" testListId="8c84fa94-04c1-424b-9868-57a2d4851a1d" />
    <TestEntry testId="d220443a-1785-17f2-f250-2c1430573c0f" executionId="d4f9bf7c-1665-4d8a-b3ba-c455fc1ace48" testListId="8c84fa94-04c1-424b-9868-57a2d4851a1d" />
    <TestEntry testId="faeb832b-d6f9-7e26-be4d-fbf5dc7d77ac" executionId="73042d65-2e96-4d7e-8878-ece0fb631e1e" testListId="8c84fa94-04c1-424b-9868-57a2d4851a1d" />
    <TestEntry testId="dc9fe0ff-5a4e-e363-6667-80a01ddb8928" executionId="9681d5f6-02ab-41ab-97a9-f557f5d73edc" testListId="8c84fa94-04c1-424b-9868-57a2d4851a1d" />
    <TestEntry testId="5a61bf12-5f0d-d40a-24ab-80469181bf36" executionId="4b0832dd-a4ca-4fd5-9b6f-358036c0cade" testListId="8c84fa94-04c1-424b-9868-57a2d4851a1d" />
    <TestEntry testId="0686e183-79b0-bdb8-a32a-4f00dbb2e0fd" executionId="f8ec1502-527b-46e3-9d4e-77bf3f8c23e0" testListId="8c84fa94-04c1-424b-9868-57a2d4851a1d" />
    <TestEntry testId="34350c6e-6a58-0a5e-9e7c-3fb1ad99ef16" executionId="ffba094b-ff25-481c-9226-2a61c84acfa6" testListId="8c84fa94-04c1-424b-9868-57a2d4851a1d" />
    <TestEntry testId="46bedd54-55d3-41b6-ebf9-29b8aa2dcab0" executionId="a558ffab-a559-4611-ba8b-3617baf1651b" testListId="8c84fa94-04c1-424b-9868-57a2d4851a1d" />
    <TestEntry testId="5a1e38d2-1398-6c33-36ab-3558e783ea0b" executionId="01ae4f59-37ec-445a-9110-6b744c260a3f" testListId="8c84fa94-04c1-424b-9868-57a2d4851a1d" />
    <TestEntry testId="eb2dc0dc-bdb0-a374-d622-74f395c03b5e" executionId="f91fb890-a22c-49a9-9086-5d58ef7d5131" testListId="8c84fa94-04c1-424b-9868-57a2d4851a1d" />
    <TestEntry testId="92b3e0d1-edc6-8b4a-00eb-2b333f2456f8" executionId="2ce2816c-0f45-45db-8af2-dd84c1739e25" testListId="8c84fa94-04c1-424b-9868-57a2d4851a1d" />
    <TestEntry testId="bc43e39f-9ad7-a690-2dfa-2ac013045385" executionId="44f4ee18-28be-461f-926d-3961822c6e37" testListId="8c84fa94-04c1-424b-9868-57a2d4851a1d" />
    <TestEntry testId="6c698713-7633-9e0f-fec8-14779a490df3" executionId="c3bbcf8a-c0d9-49af-9568-4e414ed4548d" testListId="8c84fa94-04c1-424b-9868-57a2d4851a1d" />
    <TestEntry testId="f3966b3c-41ac-4879-300c-40588016d43a" executionId="e22d6094-72bb-4ba2-bb87-66ee59020a5b" testListId="8c84fa94-04c1-424b-9868-57a2d4851a1d" />
    <TestEntry testId="20294a45-469a-8d3b-98a4-48dbbc6fee7d" executionId="4c2d908c-4073-490e-ae9b-5dd95a6995ba" testListId="8c84fa94-04c1-424b-9868-57a2d4851a1d" />
    <TestEntry testId="512960dd-b83e-465e-1058-554f00dfd8b8" executionId="e68c27dc-bedc-4a94-8e77-c58fc9089860" testListId="8c84fa94-04c1-424b-9868-57a2d4851a1d" />
    <TestEntry testId="94356bfd-e65e-fc3a-793e-6a43b5c6900e" executionId="da93ccbb-76b0-4962-9292-a06f4d733eba" testListId="8c84fa94-04c1-424b-9868-57a2d4851a1d" />
    <TestEntry testId="4d240a73-de66-3751-d3db-97cdaa89d838" executionId="47cead62-adf4-457e-834f-fd8d9be41125" testListId="8c84fa94-04c1-424b-9868-57a2d4851a1d" />
    <TestEntry testId="881e1152-40f3-7591-1229-7f22ff32539e" executionId="3826a1be-9705-46b8-8ca2-147a322552ec" testListId="8c84fa94-04c1-424b-9868-57a2d4851a1d" />
    <TestEntry testId="f0007ce0-8bd3-7f11-e3c5-e4a0a5231a62" executionId="413a2315-fdd9-4bd5-8b94-aa978fe34355" testListId="8c84fa94-04c1-424b-9868-57a2d4851a1d" />
    <TestEntry testId="111fd9a1-818b-d976-4c60-8d8c07fd57b0" executionId="95f3f899-03af-4e4c-90f1-56937b57acdf" testListId="8c84fa94-04c1-424b-9868-57a2d4851a1d" />
    <TestEntry testId="f197e8d6-4d85-1a33-6cc7-42757a8b6a2e" executionId="30b3fb27-6b0f-4628-8ccb-dae94ec29b25" testListId="8c84fa94-04c1-424b-9868-57a2d4851a1d" />
    <TestEntry testId="055bf2ac-72a5-84d1-aeca-07f9769de6d7" executionId="f57a6e34-66c3-4c2a-9455-30e55afa95da" testListId="8c84fa94-04c1-424b-9868-57a2d4851a1d" />
    <TestEntry testId="e7f40bb5-08e8-d565-f9ad-935a5f43d4a7" executionId="29ed240a-745c-48b1-91af-5209c3a20384" testListId="8c84fa94-04c1-424b-9868-57a2d4851a1d" />
    <TestEntry testId="6e78c5cf-16c2-2b8d-54e6-9fd3676ac790" executionId="bbd9a856-bf25-4d9d-8b53-09cfca064138" testListId="8c84fa94-04c1-424b-9868-57a2d4851a1d" />
    <TestEntry testId="ca41d661-3b93-cb19-54be-f4979402be3e" executionId="ab757046-b8e8-45b6-99e3-6a4d9f2993e6" testListId="8c84fa94-04c1-424b-9868-57a2d4851a1d" />
    <TestEntry testId="892d2b38-a534-fe70-75e2-1eb587d274b4" executionId="46ccd0b1-d8b4-4ad4-b59e-a2ea6bc28700" testListId="8c84fa94-04c1-424b-9868-57a2d4851a1d" />
    <TestEntry testId="68124f2a-b96e-cc3f-a1bd-10161ec0e4bf" executionId="08c4ea6f-3195-4b72-8364-8ca7ed4339c4" testListId="8c84fa94-04c1-424b-9868-57a2d4851a1d" />
    <TestEntry testId="4bc2a2b9-f69e-ade7-3cfc-0555f5bdf6e2" executionId="11f56585-06a3-48d4-9099-bfcd0b08d73b" testListId="8c84fa94-04c1-424b-9868-57a2d4851a1d" />
    <TestEntry testId="f655c8ce-cdf8-a87a-5a84-8d367c86ec3b" executionId="62d91c51-f74b-444d-860c-1fc3beea364f" testListId="8c84fa94-04c1-424b-9868-57a2d4851a1d" />
    <TestEntry testId="51d1bf69-9bb2-e8ea-680a-2e981d3749ee" executionId="75fd2355-9f4b-446a-ba7b-9b796418123b" testListId="8c84fa94-04c1-424b-9868-57a2d4851a1d" />
    <TestEntry testId="dd6c5b04-db09-f3f4-f296-73810d7cb64d" executionId="baa28ab3-d9e0-44cd-b7ed-4437188c0d60" testListId="8c84fa94-04c1-424b-9868-57a2d4851a1d" />
    <TestEntry testId="4c05ef39-80f2-3140-6a5a-1fbdd2aa58a5" executionId="fb1cc2cd-bcbf-4da1-8df8-329b5ee21c92" testListId="8c84fa94-04c1-424b-9868-57a2d4851a1d" />
    <TestEntry testId="aacb5add-5408-6d53-2d8a-e65eaf1fe43d" executionId="55efd199-bbf3-4b95-8b7d-3116af122479" testListId="8c84fa94-04c1-424b-9868-57a2d4851a1d" />
    <TestEntry testId="ddec7fd3-9756-87e5-6c93-afc0e067c8a2" executionId="c16ce039-80b1-41dd-b13c-5735eb6f84d8" testListId="8c84fa94-04c1-424b-9868-57a2d4851a1d" />
    <TestEntry testId="75ba35ab-f32e-6a13-2508-731a33a7843b" executionId="de5036a0-ac96-4745-9958-fe8be93548cf" testListId="8c84fa94-04c1-424b-9868-57a2d4851a1d" />
    <TestEntry testId="00735a74-52fa-640b-3b22-4f05ca18f8a1" executionId="b9bd0f12-1e38-4303-8c5b-6aef8c98cf00" testListId="8c84fa94-04c1-424b-9868-57a2d4851a1d" />
    <TestEntry testId="4656baf0-58f8-4ccc-c9e7-4d23dd1e63fb" executionId="a0854b4f-3709-41b1-bdbf-49e63ed26050" testListId="8c84fa94-04c1-424b-9868-57a2d4851a1d" />
    <TestEntry testId="5b751b2e-856c-cd39-f9a0-5d2464051690" executionId="8a4d9a8d-4377-4b90-ba10-a0e7337434e3" testListId="8c84fa94-04c1-424b-9868-57a2d4851a1d" />
    <TestEntry testId="6f7ed4fb-1060-782a-b298-b4c417f37ee3" executionId="9ea5006a-74e8-46c2-9191-7ed67e7ab2dc" testListId="8c84fa94-04c1-424b-9868-57a2d4851a1d" />
    <TestEntry testId="56573e76-d38b-8c4b-50d5-c8a2e05253b8" executionId="b508ed59-3e39-4082-a073-2b9dac6ae0a1" testListId="8c84fa94-04c1-424b-9868-57a2d4851a1d" />
    <TestEntry testId="04ce3062-f9f7-3263-c0c0-097376be0781" executionId="9ead80ec-a853-4a54-aa82-910f1ae8ea8e" testListId="8c84fa94-04c1-424b-9868-57a2d4851a1d" />
    <TestEntry testId="f2cc474c-061d-5c1e-206d-c803601b9f6e" executionId="03cc903f-7f06-4456-bdaa-d994ce1b4a2b" testListId="8c84fa94-04c1-424b-9868-57a2d4851a1d" />
    <TestEntry testId="6931bbd1-71bf-30c4-dbea-536f1da25854" executionId="a10997e9-6d48-4e81-95bd-5347fbdc6926" testListId="8c84fa94-04c1-424b-9868-57a2d4851a1d" />
    <TestEntry testId="231c275f-c35c-d319-fb0d-042d3bbc01f6" executionId="a92629e8-2671-44a3-8b8a-381276614465" testListId="8c84fa94-04c1-424b-9868-57a2d4851a1d" />
    <TestEntry testId="e0851e91-a670-d8dc-99e6-02616c339625" executionId="ae4e9927-5ae3-4471-a978-0731055d36a1" testListId="8c84fa94-04c1-424b-9868-57a2d4851a1d" />
    <TestEntry testId="01725a36-4b5b-8bcf-f485-8931821ddb4b" executionId="664b6a9a-11c6-462d-814b-86abfee1cd30" testListId="8c84fa94-04c1-424b-9868-57a2d4851a1d" />
    <TestEntry testId="9780b2cd-301d-d53e-87d4-80493da00f9e" executionId="7a987f89-1655-42bc-a67b-d0a663494e2c" testListId="8c84fa94-04c1-424b-9868-57a2d4851a1d" />
    <TestEntry testId="b61f5faf-bbb8-9562-8530-04e17fcb6253" executionId="9f718238-5707-47f3-bfa6-ce65529b3578" testListId="8c84fa94-04c1-424b-9868-57a2d4851a1d" />
    <TestEntry testId="ce0cf5d8-0b61-e0f4-4651-35133d3667eb" executionId="d84e6c7d-20e3-4dfd-80d9-9a37acee8d4f" testListId="8c84fa94-04c1-424b-9868-57a2d4851a1d" />
    <TestEntry testId="8663c046-0200-c4de-aab4-4c744d3f962d" executionId="34d4e73b-630a-4221-bebc-d5c92ef9629e" testListId="8c84fa94-04c1-424b-9868-57a2d4851a1d" />
    <TestEntry testId="3443f331-0139-71b1-c7d5-4d2e145f43ba" executionId="4ece03e5-f392-4588-99a9-29f7266eef8a" testListId="8c84fa94-04c1-424b-9868-57a2d4851a1d" />
    <TestEntry testId="5435b94d-faee-7b4b-de82-87c597bb2efb" executionId="385a9601-2b9f-4cf4-8ae5-bab3edb91be3" testListId="8c84fa94-04c1-424b-9868-57a2d4851a1d" />
    <TestEntry testId="2e11b3fa-179c-6307-54b4-bbf4e9d5b5b7" executionId="5da9833d-1ba0-4c36-8db2-318ea2d9d1a4" testListId="8c84fa94-04c1-424b-9868-57a2d4851a1d" />
    <TestEntry testId="04ba7681-09a6-ebfb-ad4d-960bb8182330" executionId="5cf9512d-0ac4-4020-9ebd-a21ab10bf6e7" testListId="8c84fa94-04c1-424b-9868-57a2d4851a1d" />
    <TestEntry testId="9e01df5e-5950-9dd1-0391-21212c51dc6d" executionId="1fab1871-82f1-4224-925d-e16ec3048899" testListId="8c84fa94-04c1-424b-9868-57a2d4851a1d" />
    <TestEntry testId="efc84c5d-7c17-69a2-3372-b135556abcec" executionId="e947774f-8dd8-490a-9115-caec82d71eaa" testListId="8c84fa94-04c1-424b-9868-57a2d4851a1d" />
    <TestEntry testId="1311da5a-fda5-a1c9-268a-8edd4c5efb09" executionId="94780af7-8a77-417b-bd53-c16eb1166418" testListId="8c84fa94-04c1-424b-9868-57a2d4851a1d" />
    <TestEntry testId="4934fce0-f9c7-d1c6-b533-54a1f38019a3" executionId="a979d243-07d8-484e-b58c-5749de92e173" testListId="8c84fa94-04c1-424b-9868-57a2d4851a1d" />
    <TestEntry testId="acae0a6d-431d-f4ef-8339-e9d43c6df7d1" executionId="ba085af7-faee-440d-b569-42ef2d211dcb" testListId="8c84fa94-04c1-424b-9868-57a2d4851a1d" />
    <TestEntry testId="d4f13f08-1e5d-5742-38da-b2ce0c941164" executionId="356f899d-d409-40ab-bd93-5bf8640c2524" testListId="8c84fa94-04c1-424b-9868-57a2d4851a1d" />
    <TestEntry testId="985cc37d-f396-fb1f-8fa8-02590a4133b3" executionId="162a702a-2b09-412f-b386-62a5d00b3723" testListId="8c84fa94-04c1-424b-9868-57a2d4851a1d" />
    <TestEntry testId="9ff9e3c7-62b7-72df-8902-3eed4e7eec03" executionId="7d429280-f309-449f-9968-c44684acee3b" testListId="8c84fa94-04c1-424b-9868-57a2d4851a1d" />
    <TestEntry testId="78ba480a-3af6-ec65-672b-f3c1348c9328" executionId="3bdef5f1-8805-45da-9742-d2b03da76e6e" testListId="8c84fa94-04c1-424b-9868-57a2d4851a1d" />
    <TestEntry testId="5b0fdc59-8289-2da3-5f29-aac347e040e3" executionId="ca7b7e8e-819b-4ad3-81d8-de3356b0bf15" testListId="8c84fa94-04c1-424b-9868-57a2d4851a1d" />
    <TestEntry testId="3b7ec4a0-90b0-6f4f-3ea4-7165c75e21d0" executionId="c49f8618-debc-4bb2-9231-a920ff645498" testListId="8c84fa94-04c1-424b-9868-57a2d4851a1d" />
    <TestEntry testId="bfbf93f1-fab0-2818-fd13-827b68f238a8" executionId="9ea39b49-7b12-4112-831e-08a839d4af84" testListId="8c84fa94-04c1-424b-9868-57a2d4851a1d" />
    <TestEntry testId="94fd8d64-521f-0d4b-e3d7-84efc6b945b8" executionId="1beae93a-b2f7-4233-891e-752a31bac00e" testListId="8c84fa94-04c1-424b-9868-57a2d4851a1d" />
    <TestEntry testId="f0c27f8f-dc6a-e6c6-4bde-66c86e9128df" executionId="344fbfd5-5360-4110-9ca4-84c929805664" testListId="8c84fa94-04c1-424b-9868-57a2d4851a1d" />
    <TestEntry testId="c62f77c5-a701-9213-4a40-64b1d975df1e" executionId="b6a7ea13-e78a-4bb0-ad6c-646c5fd3e141" testListId="8c84fa94-04c1-424b-9868-57a2d4851a1d" />
    <TestEntry testId="61616f39-92ea-b4b0-f499-c684a47eca99" executionId="7daced99-46cb-44b7-b562-9a09d238e925" testListId="8c84fa94-04c1-424b-9868-57a2d4851a1d" />
    <TestEntry testId="4c637eac-8af0-83c2-96fa-d5da40a1ecbf" executionId="8b4ed727-e621-466a-8448-4f934a46c677" testListId="8c84fa94-04c1-424b-9868-57a2d4851a1d" />
    <TestEntry testId="75ef9b64-318e-277a-5c0b-b16ba1eb42b4" executionId="21ca7177-04cc-44d1-9572-51fb05e5f8d9" testListId="8c84fa94-04c1-424b-9868-57a2d4851a1d" />
    <TestEntry testId="1b71fbfb-1d25-036e-a9a8-f29fc1dd1e0f" executionId="d7043066-7288-47bf-8b42-8ada554fd4be" testListId="8c84fa94-04c1-424b-9868-57a2d4851a1d" />
    <TestEntry testId="fa52f98c-f174-759c-de37-bbacc8afc158" executionId="7c7ea6dc-1718-4f0f-8539-1a2068e9ff4e" testListId="8c84fa94-04c1-424b-9868-57a2d4851a1d" />
    <TestEntry testId="c2dfb93e-753a-4c0f-dd1d-3f3cc8d0d4aa" executionId="1c260861-2ba6-47e5-ac86-a2a314b87692" testListId="8c84fa94-04c1-424b-9868-57a2d4851a1d" />
    <TestEntry testId="eb1eb2f6-d0f4-539d-2fca-1d76573bf07f" executionId="0eb043d4-0a8f-4022-938a-9b32635c67ed" testListId="8c84fa94-04c1-424b-9868-57a2d4851a1d" />
    <TestEntry testId="2a5ddfab-ff6c-06a9-8082-966e0562b315" executionId="10e45de5-eb13-483a-a796-631d68b72d4a" testListId="8c84fa94-04c1-424b-9868-57a2d4851a1d" />
    <TestEntry testId="5c1d61db-f33c-9b32-eede-f14362ba4579" executionId="140413ce-f869-4ca2-93e7-1112a6cdd86e" testListId="8c84fa94-04c1-424b-9868-57a2d4851a1d" />
    <TestEntry testId="55acef94-ebe1-e6a3-2c72-1f84ea2f2c83" executionId="c14a2a6a-c8b2-4b6c-8d2b-0e133a6eac5d" testListId="8c84fa94-04c1-424b-9868-57a2d4851a1d" />
    <TestEntry testId="86279d59-8111-eebc-0ffc-991c62040942" executionId="8955a412-c395-4e97-8eda-29c9ff7bec85" testListId="8c84fa94-04c1-424b-9868-57a2d4851a1d" />
    <TestEntry testId="fa688409-47c5-c3fa-0542-ad92e54118c9" executionId="606b93e5-f9a9-4261-9d54-2c855763c0fb" testListId="8c84fa94-04c1-424b-9868-57a2d4851a1d" />
    <TestEntry testId="079433d2-73ef-9a06-ffad-792c1b690362" executionId="5559b495-c0c8-4a72-9a8e-474d8443ef71" testListId="8c84fa94-04c1-424b-9868-57a2d4851a1d" />
    <TestEntry testId="9fc69608-9b1b-d5b8-2e22-ca94526907cf" executionId="3172359b-dccb-46ea-95c0-8e897b8e83c4" testListId="8c84fa94-04c1-424b-9868-57a2d4851a1d" />
    <TestEntry testId="0a659cdb-4b24-c7fd-2564-df86df181d7e" executionId="5bd6c542-4810-4739-a5c6-4d6442bbb0fd" testListId="8c84fa94-04c1-424b-9868-57a2d4851a1d" />
    <TestEntry testId="43573551-a3b6-5e4a-6cc0-44e7bdf427c3" executionId="5d0c64e2-031d-44b7-b180-a2d2722fcef6" testListId="8c84fa94-04c1-424b-9868-57a2d4851a1d" />
    <TestEntry testId="ddceb84f-8873-dfc5-896e-a4733fb71f3e" executionId="d6b8f4cb-9ece-43c3-9088-3efd903f06e8" testListId="8c84fa94-04c1-424b-9868-57a2d4851a1d" />
    <TestEntry testId="58937d47-220c-3484-384f-890c4a791e26" executionId="86b7be6b-f5c0-413a-935f-1df49fa6b24c" testListId="8c84fa94-04c1-424b-9868-57a2d4851a1d" />
    <TestEntry testId="d4efaf2c-d958-43a9-9469-622988a27978" executionId="35c530dd-d3bb-48f8-b760-a46806e61b4c" testListId="8c84fa94-04c1-424b-9868-57a2d4851a1d" />
    <TestEntry testId="eeb85854-37e8-5665-aac0-c94abc51fa71" executionId="ce09e87c-1f93-42e7-b076-d2659a349138" testListId="8c84fa94-04c1-424b-9868-57a2d4851a1d" />
    <TestEntry testId="7d0fadd2-87b6-f5e0-5cce-f972a4a436ce" executionId="fddcb9d2-ed18-42e4-9a24-c57b431b3e23" testListId="8c84fa94-04c1-424b-9868-57a2d4851a1d" />
    <TestEntry testId="cca402ac-f2da-79fe-ea36-23e99696e5b5" executionId="cd6cce58-44b5-48b9-a24a-4617ef264ef2" testListId="8c84fa94-04c1-424b-9868-57a2d4851a1d" />
    <TestEntry testId="d91417d7-1346-dfa7-2b46-20e0fa111b8c" executionId="c01c0c0b-e282-461e-ba85-a68197e27d54" testListId="8c84fa94-04c1-424b-9868-57a2d4851a1d" />
    <TestEntry testId="ad21d145-1412-b355-068a-b8db9dd9e247" executionId="2d018656-bbf3-4166-8ce3-46b5ce81f73a" testListId="8c84fa94-04c1-424b-9868-57a2d4851a1d" />
    <TestEntry testId="d042bb42-32c7-2eba-63d7-8dcdf6002eb0" executionId="82b2b1c6-a5e0-497f-a08b-2ab54b688ddd" testListId="8c84fa94-04c1-424b-9868-57a2d4851a1d" />
    <TestEntry testId="e2294e9e-4d27-ebba-42ce-04c56ecd5174" executionId="6782100f-b63c-461a-a442-7fbfcc63b267" testListId="8c84fa94-04c1-424b-9868-57a2d4851a1d" />
    <TestEntry testId="b026f6f8-9168-d34a-94ce-2d33b1e9f6eb" executionId="efa3c030-3f44-44d4-86e7-d3071fcfe9cf" testListId="8c84fa94-04c1-424b-9868-57a2d4851a1d" />
    <TestEntry testId="0e40ef5d-ff4b-506a-d92d-84b239d54fab" executionId="e9624820-413f-4111-927f-520796e54945" testListId="8c84fa94-04c1-424b-9868-57a2d4851a1d" />
    <TestEntry testId="e34c667e-2282-e8b9-d697-5643186aab1b" executionId="1ac45eb9-9f39-433e-9136-f6fa16da0233" testListId="8c84fa94-04c1-424b-9868-57a2d4851a1d" />
    <TestEntry testId="d08607db-5010-a5a4-3520-9667bab4d8f0" executionId="526787c8-85b4-4c3d-b481-61c61a4a748e" testListId="8c84fa94-04c1-424b-9868-57a2d4851a1d" />
    <TestEntry testId="89640082-0a30-3dd8-3f2f-5c39684c5e90" executionId="0976ff85-f24a-491e-b004-56e3298c3f6e" testListId="8c84fa94-04c1-424b-9868-57a2d4851a1d" />
  </TestEntries>
  <TestLists>
    <TestList name="Results Not in a List" id="8c84fa94-04c1-424b-9868-57a2d4851a1d" />
    <TestList name="All Loaded Results" id="19431567-8539-422a-85d7-44ee4e166bda" />
  </TestLists>
  <ResultSummary outcome="Completed">
    <Counters total="157" executed="157" passed="157" failed="0" error="0" timeout="0" aborted="0" inconclusive="0" passedButRunAborted="0" notRunnable="0" notExecuted="0" disconnected="0" warning="0" completed="0" inProgress="0" pending="0" />
  </ResultSummary>
</TestRun>