<?xml version="1.0" encoding="utf-8"?>
<TestRun id="360f1f87-c56f-4405-b67d-018f9aa88c57" name="DKSR-EFI-04$@DKSR-EFI-04 2023-12-22 09:36:02" runUser="NT AUTHORITY\NETWORK SERVICE" xmlns="http://microsoft.com/schemas/VisualStudio/TeamTest/2010">
  <Times creation="2023-12-22T09:36:02.7257649+01:00" queuing="2023-12-22T09:36:02.7257649+01:00" start="2023-12-22T09:35:57.8663625+01:00" finish="2023-12-22T09:36:33.4134262+01:00" />
  <TestSettings name="default" id="b76a44b0-b6e7-4aa1-8b77-032120825711">
    <Deployment runDeploymentRoot="DKSR-EFI-04$_DKSR-EFI-04_2023-12-22_09_36_02" />
  </TestSettings>
  <Results>
    <UnitTestResult executionId="e1cd2b2a-ca55-48d1-b509-d21f5b01665a" testId="11006eff-dccd-aa32-9666-4dd55bbdd6ef" testName="GenerateEnumValueParameters_ShouldWriteName_WhenAlways" computerName="DKSR-EFI-04" duration="00:00:00.0008381" startTime="2023-12-22T09:36:32.5724838+01:00" endTime="2023-12-22T09:36:32.5736380+01:00" testType="13cdc9d9-ddb5-4fa4-a97d-d965ccfc6d4b" outcome="Passed" testListId="8c84fa94-04c1-424b-9868-57a2d4851a1d" relativeResultsDirectory="e1cd2b2a-ca55-48d1-b509-d21f5b01665a" />
    <UnitTestResult executionId="bca83a41-7f39-4711-9858-fd82b8da631f" testId="55879e88-00c8-60e5-e0db-26c24e4c9b0f" testName="Dequeue_QueueStopped_Success" computerName="DKSR-EFI-04" duration="00:00:00.0001998" startTime="2023-12-22T09:36:15.4398561+01:00" endTime="2023-12-22T09:36:15.4401952+01:00" testType="13cdc9d9-ddb5-4fa4-a97d-d965ccfc6d4b" outcome="Passed" testListId="8c84fa94-04c1-424b-9868-57a2d4851a1d" relativeResultsDirectory="bca83a41-7f39-4711-9858-fd82b8da631f" />
    <UnitTestResult executionId="72841432-f10f-4a16-81e9-bedbfbcf7ae2" testId="a0d63d6f-5ec2-61b7-886c-e03436ed1131" testName="Serialize_TestCases (TestParentCollectionNotEmptyArrayPropertyProperty)" computerName="DKSR-EFI-04" duration="00:00:00.0002474" startTime="2023-12-22T09:36:28.2716937+01:00" endTime="2023-12-22T09:36:28.2722383+01:00" testType="13cdc9d9-ddb5-4fa4-a97d-d965ccfc6d4b" outcome="Passed" testListId="8c84fa94-04c1-424b-9868-57a2d4851a1d" relativeResultsDirectory="72841432-f10f-4a16-81e9-bedbfbcf7ae2" />
    <UnitTestResult executionId="8a3cb773-99d8-4414-88d2-71ed1aee37ea" testId="bd4bf395-8f98-04c2-c5f8-cab1c6647ef1" testName="ParsingAndSerializing_ShouldPreserveDataIntegrety" computerName="DKSR-EFI-04" duration="00:00:00.0446290" startTime="2023-12-22T09:36:31.1941050+01:00" endTime="2023-12-22T09:36:31.2389972+01:00" testType="13cdc9d9-ddb5-4fa4-a97d-d965ccfc6d4b" outcome="Passed" testListId="8c84fa94-04c1-424b-9868-57a2d4851a1d" relativeResultsDirectory="8a3cb773-99d8-4414-88d2-71ed1aee37ea" />
    <UnitTestResult executionId="97c0d402-c0fa-481e-8e7d-025fb56437b1" testId="a17fc58f-03d2-d783-1f61-cc54e1b01c86" testName="LicensesObjectId_ShouldBeTheSameAsReleasedBeforeNonFips" computerName="DKSR-EFI-04" duration="00:00:00.0005847" startTime="2023-12-22T09:36:32.3287464+01:00" endTime="2023-12-22T09:36:32.3297072+01:00" testType="13cdc9d9-ddb5-4fa4-a97d-d965ccfc6d4b" outcome="Passed" testListId="8c84fa94-04c1-424b-9868-57a2d4851a1d" relativeResultsDirectory="97c0d402-c0fa-481e-8e7d-025fb56437b1" />
    <UnitTestResult executionId="f6a42175-6ce1-487b-bbbd-0fdd8b76b1e6" testId="0ef6c2b0-c03c-b1c8-fd6f-4840c4db7605" testName="GetChildItems_ShouldReturnItems_WhenAllForParentAreAdded" computerName="DKSR-EFI-04" duration="00:00:00.0006192" startTime="2023-12-22T09:36:05.2400950+01:00" endTime="2023-12-22T09:36:05.2408651+01:00" testType="13cdc9d9-ddb5-4fa4-a97d-d965ccfc6d4b" outcome="Passed" testListId="8c84fa94-04c1-424b-9868-57a2d4851a1d" relativeResultsDirectory="f6a42175-6ce1-487b-bbbd-0fdd8b76b1e6" />
    <UnitTestResult executionId="0b5fd6a3-af10-47e4-9370-9a2fae9c3d6c" testId="87dedebf-9e1e-bd2e-7ee4-397e89dac510" testName="Clone_Camera_Checked" computerName="DKSR-EFI-04" duration="00:00:00.0009737" startTime="2023-12-22T09:36:02.6711787+01:00" endTime="2023-12-22T09:36:02.6722740+01:00" testType="13cdc9d9-ddb5-4fa4-a97d-d965ccfc6d4b" outcome="Passed" testListId="8c84fa94-04c1-424b-9868-57a2d4851a1d" relativeResultsDirectory="0b5fd6a3-af10-47e4-9370-9a2fae9c3d6c" />
    <UnitTestResult executionId="f39ec73b-0c39-4dc5-918d-0fd0431e8e29" testId="f10e91e5-2148-35b8-c1cd-83b0c57e538b" testName="Minimize_ShouldReturnThreeIntervals_WhenListContainsFiveOverLappingAndNonOverlappingIntervals" computerName="DKSR-EFI-04" duration="00:00:00.0008113" startTime="2023-12-22T09:36:15.3388183+01:00" endTime="2023-12-22T09:36:15.3397456+01:00" testType="13cdc9d9-ddb5-4fa4-a97d-d965ccfc6d4b" outcome="Passed" testListId="8c84fa94-04c1-424b-9868-57a2d4851a1d" relativeResultsDirectory="f39ec73b-0c39-4dc5-918d-0fd0431e8e29" />
    <UnitTestResult executionId="87ae28a0-0c5c-4458-8ae8-e019d16eeced" testId="6c89edff-e640-ffef-eff3-e38e5c9bbb28" testName="Remove_ItemNotInQueue_NoChange" computerName="DKSR-EFI-04" duration="00:00:00.0001978" startTime="2023-12-22T09:36:15.4826193+01:00" endTime="2023-12-22T09:36:15.4829184+01:00" testType="13cdc9d9-ddb5-4fa4-a97d-d965ccfc6d4b" outcome="Passed" testListId="8c84fa94-04c1-424b-9868-57a2d4851a1d" relativeResultsDirectory="87ae28a0-0c5c-4458-8ae8-e019d16eeced" />
    <UnitTestResult executionId="2062084b-d196-4fd5-8702-2baa4d918b48" testId="60908717-d1cb-9971-94f7-facca727b89c" testName="GetFilterValues_SingleValueAdded_ReturnsValue" computerName="DKSR-EFI-04" duration="00:00:00.0036575" startTime="2023-12-22T09:36:28.7493239+01:00" endTime="2023-12-22T09:36:28.7532097+01:00" testType="13cdc9d9-ddb5-4fa4-a97d-d965ccfc6d4b" outcome="Passed" testListId="8c84fa94-04c1-424b-9868-57a2d4851a1d" relativeResultsDirectory="2062084b-d196-4fd5-8702-2baa4d918b48" />
    <UnitTestResult executionId="38d2ffc2-f103-40dc-adca-2eb6cc18d240" testId="2dbbefa2-cb1d-4d1e-312c-2268ae3ae8a4" testName="Remove_KeyNotPresent_ReturnsFalse" computerName="DKSR-EFI-04" duration="00:00:00.0002042" startTime="2023-12-22T09:36:15.5055789+01:00" endTime="2023-12-22T09:36:15.5059115+01:00" testType="13cdc9d9-ddb5-4fa4-a97d-d965ccfc6d4b" outcome="Passed" testListId="8c84fa94-04c1-424b-9868-57a2d4851a1d" relativeResultsDirectory="38d2ffc2-f103-40dc-adca-2eb6cc18d240" />
    <UnitTestResult executionId="b9dfb521-f3d1-4d14-b54a-3280ccb40c89" testId="77b4115c-9698-8872-1259-5ceebb1db073" testName="IconOverlay_Success" computerName="DKSR-EFI-04" duration="00:00:00.0134033" startTime="2023-12-22T09:36:03.1878785+01:00" endTime="2023-12-22T09:36:03.2014953+01:00" testType="13cdc9d9-ddb5-4fa4-a97d-d965ccfc6d4b" outcome="Passed" testListId="8c84fa94-04c1-424b-9868-57a2d4851a1d" relativeResultsDirectory="b9dfb521-f3d1-4d14-b54a-3280ccb40c89" />
    <UnitTestResult executionId="f7d21e7c-5556-46a8-bdc8-423c99d9bd45" testId="1236ba87-a4f6-ba2a-15ac-ff768f66c54a" testName="Read_and_build_Success" computerName="DKSR-EFI-04" duration="00:00:00.0030700" startTime="2023-12-22T09:36:30.4198853+01:00" endTime="2023-12-22T09:36:30.4231859+01:00" testType="13cdc9d9-ddb5-4fa4-a97d-d965ccfc6d4b" outcome="Passed" testListId="8c84fa94-04c1-424b-9868-57a2d4851a1d" relativeResultsDirectory="f7d21e7c-5556-46a8-bdc8-423c99d9bd45" />
    <UnitTestResult executionId="599e5ee2-fa94-4cb7-96d9-f8f0be2b58f5" testId="67b41555-668e-a38b-443d-e1d215565a3e" testName="LicensesObjectId_ShouldNotChange" computerName="DKSR-EFI-04" duration="00:00:00.0015980" startTime="2023-12-22T09:36:32.2804097+01:00" endTime="2023-12-22T09:36:32.2822902+01:00" testType="13cdc9d9-ddb5-4fa4-a97d-d965ccfc6d4b" outcome="Passed" testListId="8c84fa94-04c1-424b-9868-57a2d4851a1d" relativeResultsDirectory="599e5ee2-fa94-4cb7-96d9-f8f0be2b58f5" />
    <UnitTestResult executionId="e1c2a512-f275-43f9-b0e5-4fa45468840e" testId="ea812c4e-499f-c48f-48ec-0c8b2f821c14" testName="Append_Element_Null" computerName="DKSR-EFI-04" duration="00:00:00.0056873" startTime="2023-12-22T09:36:30.3351758+01:00" endTime="2023-12-22T09:36:30.3411168+01:00" testType="13cdc9d9-ddb5-4fa4-a97d-d965ccfc6d4b" outcome="Passed" testListId="8c84fa94-04c1-424b-9868-57a2d4851a1d" relativeResultsDirectory="e1c2a512-f275-43f9-b0e5-4fa45468840e" />
    <UnitTestResult executionId="711b3d10-1a5b-4b0d-a1d7-a888bc3d4559" testId="b5bea1ce-3302-3d5c-c970-5439c8ce2d20" testName="Minimize_ShouldReturnOneInterval_WhenListContainsTwoOverlappingIntervalsAndOneIncludesTheOtherReversed" computerName="DKSR-EFI-04" duration="00:00:00.0004986" startTime="2023-12-22T09:36:15.3298286+01:00" endTime="2023-12-22T09:36:15.3304475+01:00" testType="13cdc9d9-ddb5-4fa4-a97d-d965ccfc6d4b" outcome="Passed" testListId="8c84fa94-04c1-424b-9868-57a2d4851a1d" relativeResultsDirectory="711b3d10-1a5b-4b0d-a1d7-a888bc3d4559" />
    <UnitTestResult executionId="2c193c44-97bd-49c1-86a1-812f076b1367" testId="53422728-4202-db44-815d-fc4c107ae306" testName="Enabled_Clean_Properties_success" computerName="DKSR-EFI-04" duration="00:00:00.0122052" startTime="2023-12-22T09:36:03.7557698+01:00" endTime="2023-12-22T09:36:03.7681882+01:00" testType="13cdc9d9-ddb5-4fa4-a97d-d965ccfc6d4b" outcome="Passed" testListId="8c84fa94-04c1-424b-9868-57a2d4851a1d" relativeResultsDirectory="2c193c44-97bd-49c1-86a1-812f076b1367" />
    <UnitTestResult executionId="35cf3bec-db3c-4082-a6b0-b08df2bb370a" testId="bbdf2549-aad3-7a58-579e-b0fce02debdf" testName="TestConstructor_NullExceptionParameters_Failure" computerName="DKSR-EFI-04" duration="00:00:00.0003910" startTime="2023-12-22T09:36:30.3092968+01:00" endTime="2023-12-22T09:36:30.3099408+01:00" testType="13cdc9d9-ddb5-4fa4-a97d-d965ccfc6d4b" outcome="Passed" testListId="8c84fa94-04c1-424b-9868-57a2d4851a1d" relativeResultsDirectory="35cf3bec-db3c-4082-a6b0-b08df2bb370a" />
    <UnitTestResult executionId="4b35e35d-21b8-4c3f-b597-1763e95a76e3" testId="b2084567-8ae7-460a-7a14-d46cd175ecb8" testName="Serialize_TestCases (TestParentTypeMatchDoubleNotThisTypeMatched)" computerName="DKSR-EFI-04" duration="00:00:00.0003089" startTime="2023-12-22T09:36:28.3154172+01:00" endTime="2023-12-22T09:36:28.3161213+01:00" testType="13cdc9d9-ddb5-4fa4-a97d-d965ccfc6d4b" outcome="Passed" testListId="8c84fa94-04c1-424b-9868-57a2d4851a1d" relativeResultsDirectory="4b35e35d-21b8-4c3f-b597-1763e95a76e3" />
    <UnitTestResult executionId="dc469c95-79e4-4af1-9256-4e45d02ac938" testId="dccf2726-dfd0-7d43-4aa6-126f8354b46b" testName="ReadXml_ShouldLogWarning_WhenLikelihoodIsNotANumber" computerName="DKSR-EFI-04" duration="00:00:00.0009471" startTime="2023-12-22T09:36:30.9761480+01:00" endTime="2023-12-22T09:36:30.9772798+01:00" testType="13cdc9d9-ddb5-4fa4-a97d-d965ccfc6d4b" outcome="Passed" testListId="8c84fa94-04c1-424b-9868-57a2d4851a1d" relativeResultsDirectory="dc469c95-79e4-4af1-9256-4e45d02ac938" />
    <UnitTestResult executionId="295181db-c5b4-4ee1-9ef8-2e7d6811a05f" testId="1ac2e93a-b365-1e96-2efb-b968ca2d75c7" testName="TestRestartSearch_DefinitionNotRespectingCancellation_Success" computerName="DKSR-EFI-04" duration="00:00:00.0108072" startTime="2023-12-22T09:36:29.0762618+01:00" endTime="2023-12-22T09:36:29.0873333+01:00" testType="13cdc9d9-ddb5-4fa4-a97d-d965ccfc6d4b" outcome="Passed" testListId="8c84fa94-04c1-424b-9868-57a2d4851a1d" relativeResultsDirectory="295181db-c5b4-4ee1-9ef8-2e7d6811a05f" />
    <UnitTestResult executionId="c4a21a68-99ce-423a-8fda-e9ca3d50015f" testId="88c1b25e-ba16-57cd-c6d8-d1d74e524e76" testName="ReadXml_ShouldIgnoreUnknownChildren_WhenUnknownChildrenArePresent" computerName="DKSR-EFI-04" duration="00:00:00.0007698" startTime="2023-12-22T09:36:31.5429097+01:00" endTime="2023-12-22T09:36:31.5438501+01:00" testType="13cdc9d9-ddb5-4fa4-a97d-d965ccfc6d4b" outcome="Passed" testListId="8c84fa94-04c1-424b-9868-57a2d4851a1d" relativeResultsDirectory="c4a21a68-99ce-423a-8fda-e9ca3d50015f" />
    <UnitTestResult executionId="09e9f681-3d68-4796-9f60-5de2846392f2" testId="3a3b003d-e9ff-947e-0664-bd777109fe74" testName="WriteMetadataXmlWithString_ShouldWriteRootElement_WhenDataIsPresent" computerName="DKSR-EFI-04" duration="00:00:00.0002269" startTime="2023-12-22T09:36:31.2540296+01:00" endTime="2023-12-22T09:36:31.2544553+01:00" testType="13cdc9d9-ddb5-4fa4-a97d-d965ccfc6d4b" outcome="Passed" testListId="8c84fa94-04c1-424b-9868-57a2d4851a1d" relativeResultsDirectory="09e9f681-3d68-4796-9f60-5de2846392f2" />
    <UnitTestResult executionId="c1ed595b-b706-4ebc-abea-b040366e85bf" testId="b8c61cc7-6c99-86e0-a646-53691f4fc54c" testName="FallbackDisplayValue_MultipleValuesSet_ReturnsValueList" computerName="DKSR-EFI-04" duration="00:00:00.0003220" startTime="2023-12-22T09:36:28.6573257+01:00" endTime="2023-12-22T09:36:28.6578799+01:00" testType="13cdc9d9-ddb5-4fa4-a97d-d965ccfc6d4b" outcome="Passed" testListId="8c84fa94-04c1-424b-9868-57a2d4851a1d" relativeResultsDirectory="c1ed595b-b706-4ebc-abea-b040366e85bf" />
    <UnitTestResult executionId="b22c0511-94b4-41ee-89b6-e14b9494c3db" testId="bbda7a11-e3ea-a6b5-3718-87f84d327031" testName="Serialize_TestCases (TestParentTypeMatchInterfaceThisTypeNotMatched)" computerName="DKSR-EFI-04" duration="00:00:00.0005271" startTime="2023-12-22T09:36:28.3775466+01:00" endTime="2023-12-22T09:36:28.3783829+01:00" testType="13cdc9d9-ddb5-4fa4-a97d-d965ccfc6d4b" outcome="Passed" testListId="8c84fa94-04c1-424b-9868-57a2d4851a1d" relativeResultsDirectory="b22c0511-94b4-41ee-89b6-e14b9494c3db" />
    <UnitTestResult executionId="d718b7ca-e29a-48ef-9064-63dc2d458e37" testId="48b02059-b634-8f5d-f4de-84436d54e786" testName="GetNext_ShouldReturnFirstDataEntityFromToolkitCall_WhenDataIsNotInCache" computerName="DKSR-EFI-04" duration="00:00:00.0025577" startTime="2023-12-22T09:36:32.8738436+01:00" endTime="2023-12-22T09:36:32.8765958+01:00" testType="13cdc9d9-ddb5-4fa4-a97d-d965ccfc6d4b" outcome="Passed" testListId="8c84fa94-04c1-424b-9868-57a2d4851a1d" relativeResultsDirectory="d718b7ca-e29a-48ef-9064-63dc2d458e37" />
    <UnitTestResult executionId="66d2096a-d156-42c1-8210-c076ffa4780c" testId="a6df64d2-0698-ce92-fd77-5adbbae94068" testName="OnSearchResultsReady_NullArgument_SearchResultReadyEventNotFired" computerName="DKSR-EFI-04" duration="00:00:00.0007825" startTime="2023-12-22T09:36:28.7845032+01:00" endTime="2023-12-22T09:36:28.7855250+01:00" testType="13cdc9d9-ddb5-4fa4-a97d-d965ccfc6d4b" outcome="Passed" testListId="8c84fa94-04c1-424b-9868-57a2d4851a1d" relativeResultsDirectory="66d2096a-d156-42c1-8210-c076ffa4780c" />
    <UnitTestResult executionId="c7d49a09-32d6-4e3b-8da6-eca3302b7457" testId="90432d5a-5fa4-a037-9446-73f5d0f5dd30" testName="FindCacheEntryBefore_ShuldReturnEntryBeforeTimeStamp_WhenThereIsAnEntryBeforeTheTimestamp" computerName="DKSR-EFI-04" duration="00:00:00.0008068" startTime="2023-12-22T09:36:32.6337812+01:00" endTime="2023-12-22T09:36:32.6347776+01:00" testType="13cdc9d9-ddb5-4fa4-a97d-d965ccfc6d4b" outcome="Passed" testListId="8c84fa94-04c1-424b-9868-57a2d4851a1d" relativeResultsDirectory="c7d49a09-32d6-4e3b-8da6-eca3302b7457" />
    <UnitTestResult executionId="be47004c-2b3f-4146-a76e-f5909392f64d" testId="24f4c2d7-2c1a-d96f-02e1-f48f7d97bc91" testName="JsonObjectTest" computerName="DKSR-EFI-04" duration="00:00:00.0032746" startTime="2023-12-22T09:36:30.4239668+01:00" endTime="2023-12-22T09:36:30.4276299+01:00" testType="13cdc9d9-ddb5-4fa4-a97d-d965ccfc6d4b" outcome="Passed" testListId="8c84fa94-04c1-424b-9868-57a2d4851a1d" relativeResultsDirectory="be47004c-2b3f-4146-a76e-f5909392f64d" />
    <UnitTestResult executionId="b698ae44-6d2f-40bb-b197-a70c047d873e" testId="29ac2707-c2cb-35e2-eedb-a90688f5df17" testName="ReadXml_ShouldIgnoreObject_WhenObjectIsPresenWithWrongNamespace" computerName="DKSR-EFI-04" duration="00:00:00.0002889" startTime="2023-12-22T09:36:31.1251858+01:00" endTime="2023-12-22T09:36:31.1256415+01:00" testType="13cdc9d9-ddb5-4fa4-a97d-d965ccfc6d4b" outcome="Passed" testListId="8c84fa94-04c1-424b-9868-57a2d4851a1d" relativeResultsDirectory="b698ae44-6d2f-40bb-b197-a70c047d873e" />
    <UnitTestResult executionId="6bf25fe9-f961-4966-885a-3d86426d1a9b" testId="a7bf999b-c611-25a7-2ff7-438675e1866f" testName="TestConstructorOverload_MultipleAgents_Success" computerName="DKSR-EFI-04" duration="00:00:00.0136840" startTime="2023-12-22T09:36:28.8604123+01:00" endTime="2023-12-22T09:36:28.8743427+01:00" testType="13cdc9d9-ddb5-4fa4-a97d-d965ccfc6d4b" outcome="Passed" testListId="8c84fa94-04c1-424b-9868-57a2d4851a1d" relativeResultsDirectory="6bf25fe9-f961-4966-885a-3d86426d1a9b" />
    <UnitTestResult executionId="89669a1a-ea86-4c02-b78c-317ef050eba4" testId="a75415d5-8f48-5b6a-949c-d1ac83acad3d" testName="ServerIdWithHttps_CheckSerialization_Success" computerName="DKSR-EFI-04" duration="00:00:00.0023091" startTime="2023-12-22T09:36:02.6670147+01:00" endTime="2023-12-22T09:36:02.6694462+01:00" testType="13cdc9d9-ddb5-4fa4-a97d-d965ccfc6d4b" outcome="Passed" testListId="8c84fa94-04c1-424b-9868-57a2d4851a1d" relativeResultsDirectory="89669a1a-ea86-4c02-b78c-317ef050eba4" />
    <UnitTestResult executionId="2e84bd94-2e37-4636-be4e-888e76ed3585" testId="d322c036-f127-a7c3-54cb-2755a84ecb70" testName="TestMultiLevelQueue_TwoLevels_ParallelResourceProcessors_Success" computerName="DKSR-EFI-04" duration="00:00:00.4503152" startTime="2023-12-22T09:36:16.6799011+01:00" endTime="2023-12-22T09:36:17.1306079+01:00" testType="13cdc9d9-ddb5-4fa4-a97d-d965ccfc6d4b" outcome="Passed" testListId="8c84fa94-04c1-424b-9868-57a2d4851a1d" relativeResultsDirectory="2e84bd94-2e37-4636-be4e-888e76ed3585" />
    <UnitTestResult executionId="55fa22c7-a424-42c5-8d89-bafb43d77696" testId="179839b6-b471-f653-0f2c-79b9d0414c3f" testName="ReadXml_ShouldReadScale_WhenScaleIsPresent" computerName="DKSR-EFI-04" duration="00:00:00.0014496" startTime="2023-12-22T09:36:31.6206022+01:00" endTime="2023-12-22T09:36:31.6222662+01:00" testType="13cdc9d9-ddb5-4fa4-a97d-d965ccfc6d4b" outcome="Passed" testListId="8c84fa94-04c1-424b-9868-57a2d4851a1d" relativeResultsDirectory="55fa22c7-a424-42c5-8d89-bafb43d77696" />
    <UnitTestResult executionId="e037c201-3d3e-407e-8c86-1955c847ecf8" testId="434b37e3-6652-e454-29de-d80f3b84f997" testName="ParameterConstruct2_FieldValues_Checked" computerName="DKSR-EFI-04" duration="00:00:00.0015386" startTime="2023-12-22T09:36:02.6106499+01:00" endTime="2023-12-22T09:36:02.6123663+01:00" testType="13cdc9d9-ddb5-4fa4-a97d-d965ccfc6d4b" outcome="Passed" testListId="8c84fa94-04c1-424b-9868-57a2d4851a1d" relativeResultsDirectory="e037c201-3d3e-407e-8c86-1955c847ecf8" />
    <UnitTestResult executionId="40f4ba45-6574-4acd-89cf-9f15c66503bf" testId="a41a1003-2242-10b8-735d-2b3636a491be" testName="IsValid_ShouldBeSetToTrue_WhenCenterOfGravityIsMissing" computerName="DKSR-EFI-04" duration="00:00:00.0032224" startTime="2023-12-22T09:36:31.5320318+01:00" endTime="2023-12-22T09:36:31.5358337+01:00" testType="13cdc9d9-ddb5-4fa4-a97d-d965ccfc6d4b" outcome="Passed" testListId="8c84fa94-04c1-424b-9868-57a2d4851a1d" relativeResultsDirectory="40f4ba45-6574-4acd-89cf-9f15c66503bf" />
    <UnitTestResult executionId="5ea13ac8-e14a-4b6a-936c-f78ff55ea606" testId="66b56aea-40c3-2481-4b5e-49255676d9f1" testName="ReadXml_ShouldSetAllFieldsToDefaultValues_WhenElementIsEmpty" computerName="DKSR-EFI-04" duration="00:00:00.0006618" startTime="2023-12-22T09:36:31.4111441+01:00" endTime="2023-12-22T09:36:31.4120134+01:00" testType="13cdc9d9-ddb5-4fa4-a97d-d965ccfc6d4b" outcome="Passed" testListId="8c84fa94-04c1-424b-9868-57a2d4851a1d" relativeResultsDirectory="5ea13ac8-e14a-4b6a-936c-f78ff55ea606" />
    <UnitTestResult executionId="f2d7b3f1-1d19-460a-bd15-da42b9021010" testId="b543895e-b652-81f1-d5a2-ebd384954ea0" testName="Ctor_NullName_Throws" computerName="DKSR-EFI-04" duration="00:00:00.0013090" startTime="2023-12-22T09:36:30.2579022+01:00" endTime="2023-12-22T09:36:30.2597050+01:00" testType="13cdc9d9-ddb5-4fa4-a97d-d965ccfc6d4b" outcome="Passed" testListId="8c84fa94-04c1-424b-9868-57a2d4851a1d" relativeResultsDirectory="f2d7b3f1-1d19-460a-bd15-da42b9021010" />
    <UnitTestResult executionId="c1c92a86-e895-40a2-94c9-9bfd92ea1cf9" testId="90272f82-6dbb-9ffb-b9a3-664aee5c00a3" testName="WriteXml_ShouldWriteDescriptionElement_WhenDescriptionIsNotNull" computerName="DKSR-EFI-04" duration="00:00:00.0023506" startTime="2023-12-22T09:36:30.8833043+01:00" endTime="2023-12-22T09:36:30.8858563+01:00" testType="13cdc9d9-ddb5-4fa4-a97d-d965ccfc6d4b" outcome="Passed" testListId="8c84fa94-04c1-424b-9868-57a2d4851a1d" relativeResultsDirectory="c1c92a86-e895-40a2-94c9-9bfd92ea1cf9" />
    <UnitTestResult executionId="0550f116-8b05-4bfa-aced-02ebb1890f20" testId="bbf27319-0f4b-5f15-78c4-45a2e840ee02" testName="WriteXml_ShouldWriteNavigationalData_WhenNavigationalDataIsNotNull" computerName="DKSR-EFI-04" duration="00:00:00.0003066" startTime="2023-12-22T09:36:31.2888043+01:00" endTime="2023-12-22T09:36:31.2893189+01:00" testType="13cdc9d9-ddb5-4fa4-a97d-d965ccfc6d4b" outcome="Passed" testListId="8c84fa94-04c1-424b-9868-57a2d4851a1d" relativeResultsDirectory="0550f116-8b05-4bfa-aced-02ebb1890f20" />
    <UnitTestResult executionId="2e2b52e8-4edf-433f-8dac-3817300934c0" testId="c2b0fa30-6a46-612d-08bf-8da951ad3d1e" testName="ReadXml_ShouldLogWarningOnlyOnceWithinOneMinute_WhenBoundingBoxIsMissing" computerName="DKSR-EFI-04" duration="00:00:00.0018530" startTime="2023-12-22T09:36:31.5668805+01:00" endTime="2023-12-22T09:36:31.5689263+01:00" testType="13cdc9d9-ddb5-4fa4-a97d-d965ccfc6d4b" outcome="Passed" testListId="8c84fa94-04c1-424b-9868-57a2d4851a1d" relativeResultsDirectory="2e2b52e8-4edf-433f-8dac-3817300934c0" />
    <UnitTestResult executionId="f242ac87-9355-4025-8522-19e8889e64b7" testId="305837e1-d44c-5663-004e-044ac561be36" testName="TestSearchFilterCategories_WithANullAgent_Success" computerName="DKSR-EFI-04" duration="00:00:00.0020920" startTime="2023-12-22T09:36:28.9035169+01:00" endTime="2023-12-22T09:36:28.9058387+01:00" testType="13cdc9d9-ddb5-4fa4-a97d-d965ccfc6d4b" outcome="Passed" testListId="8c84fa94-04c1-424b-9868-57a2d4851a1d" relativeResultsDirectory="f242ac87-9355-4025-8522-19e8889e64b7" />
    <UnitTestResult executionId="3d087d19-5292-4e7a-8777-a48de1e23a0e" testId="330836c9-cc9b-a4b7-a20d-ba9093f6b879" testName="GetItem_AlarmDefinition_Success" computerName="DKSR-EFI-04" duration="00:00:00.0051535" startTime="2023-12-22T09:36:30.5954378+01:00" endTime="2023-12-22T09:36:30.6008518+01:00" testType="13cdc9d9-ddb5-4fa4-a97d-d965ccfc6d4b" outcome="Passed" testListId="8c84fa94-04c1-424b-9868-57a2d4851a1d" relativeResultsDirectory="3d087d19-5292-4e7a-8777-a48de1e23a0e" />
    <UnitTestResult executionId="3c88bff4-9afa-4b28-ab81-bb4853f9d39f" testId="0f32b524-4844-b3fb-566a-4f1c520479bb" testName="WriteXml_ShouldWriteShapeContents_WhenShapeIsNotNull" computerName="DKSR-EFI-04" duration="00:00:00.0008436" startTime="2023-12-22T09:36:30.8776139+01:00" endTime="2023-12-22T09:36:30.8786668+01:00" testType="13cdc9d9-ddb5-4fa4-a97d-d965ccfc6d4b" outcome="Passed" testListId="8c84fa94-04c1-424b-9868-57a2d4851a1d" relativeResultsDirectory="3c88bff4-9afa-4b28-ab81-bb4853f9d39f" />
    <UnitTestResult executionId="baa07c98-5488-4698-bed0-f1b4e5fc03cd" testId="57774d4f-0e88-d290-a792-720e504514ba" testName="IsEmptyValue_SelectionFilterValue_DefaultValue_ReturnsTrue" computerName="DKSR-EFI-04" duration="00:00:00.0001517" startTime="2023-12-22T09:36:28.8132148+01:00" endTime="2023-12-22T09:36:28.8135386+01:00" testType="13cdc9d9-ddb5-4fa4-a97d-d965ccfc6d4b" outcome="Passed" testListId="8c84fa94-04c1-424b-9868-57a2d4851a1d" relativeResultsDirectory="baa07c98-5488-4698-bed0-f1b4e5fc03cd" />
    <UnitTestResult executionId="17bc4daa-95cb-4fca-b1a0-619d64725772" testId="e59e8f87-a17d-8e41-f45f-4db193e4b8dd" testName="Serialize_ShouldThrowException_WhenPropertyIsSimpleTypeButPathContainsChildren (DoubleProperty)" computerName="DKSR-EFI-04" duration="00:00:00.0005474" startTime="2023-12-22T09:36:28.1681413+01:00" endTime="2023-12-22T09:36:28.1689354+01:00" testType="13cdc9d9-ddb5-4fa4-a97d-d965ccfc6d4b" outcome="Passed" testListId="8c84fa94-04c1-424b-9868-57a2d4851a1d" relativeResultsDirectory="17bc4daa-95cb-4fca-b1a0-619d64725772" />
    <UnitTestResult executionId="749a2a4a-d907-4c91-8073-4e2451b10059" testId="b033676b-8032-936f-8e94-1ff7304e27d8" testName="Construction_ParamNullCheck" computerName="DKSR-EFI-04" duration="00:00:00.0004980" startTime="2023-12-22T09:36:30.4411855+01:00" endTime="2023-12-22T09:36:30.4423173+01:00" testType="13cdc9d9-ddb5-4fa4-a97d-d965ccfc6d4b" outcome="Passed" testListId="8c84fa94-04c1-424b-9868-57a2d4851a1d" relativeResultsDirectory="749a2a4a-d907-4c91-8073-4e2451b10059" />
    <UnitTestResult executionId="ef6d9516-e498-4c82-9ea8-58d8ad97fc6a" testId="55b79441-e564-906e-4208-d72830fa4d2c" testName="GetBegin_ShouldReturnNull_WhenToolkitReturnsNull" computerName="DKSR-EFI-04" duration="00:00:00.0017245" startTime="2023-12-22T09:36:32.8166898+01:00" endTime="2023-12-22T09:36:32.8186313+01:00" testType="13cdc9d9-ddb5-4fa4-a97d-d965ccfc6d4b" outcome="Passed" testListId="8c84fa94-04c1-424b-9868-57a2d4851a1d" relativeResultsDirectory="ef6d9516-e498-4c82-9ea8-58d8ad97fc6a" />
    <UnitTestResult executionId="0f1f979a-8521-461a-8e0d-63a0bbd13ec6" testId="b5ae8819-8b54-7370-da1b-0cdd20d995d0" testName="WriteXml_ShouldWriteAppearanceElement_WhenAppearanceIsNotNull" computerName="DKSR-EFI-04" duration="00:00:00.0010150" startTime="2023-12-22T09:36:31.4375674+01:00" endTime="2023-12-22T09:36:31.4387720+01:00" testType="13cdc9d9-ddb5-4fa4-a97d-d965ccfc6d4b" outcome="Passed" testListId="8c84fa94-04c1-424b-9868-57a2d4851a1d" relativeResultsDirectory="0f1f979a-8521-461a-8e0d-63a0bbd13ec6" />
    <UnitTestResult executionId="e6112d8d-65ff-4517-9975-f8f8bdf51829" testId="fbabebe5-f475-8769-2079-7693b5c62d8c" testName="AppendItemPicked_MultiSelect_AppendTwoItems_BothSelected" computerName="DKSR-EFI-04" duration="00:00:00.0016777" startTime="2023-12-22T09:36:22.9664516+01:00" endTime="2023-12-22T09:36:22.9683370+01:00" testType="13cdc9d9-ddb5-4fa4-a97d-d965ccfc6d4b" outcome="Passed" testListId="8c84fa94-04c1-424b-9868-57a2d4851a1d" relativeResultsDirectory="e6112d8d-65ff-4517-9975-f8f8bdf51829" />
    <UnitTestResult executionId="f572d737-511c-4951-ad60-576262e01f95" testId="8ecfeea7-0c3c-71f4-0099-cc3f5ecbeb8d" testName="IconOverlay_Disabled_Success" computerName="DKSR-EFI-04" duration="00:00:00.1237130" startTime="2023-12-22T09:36:03.2022308+01:00" endTime="2023-12-22T09:36:03.3261521+01:00" testType="13cdc9d9-ddb5-4fa4-a97d-d965ccfc6d4b" outcome="Passed" testListId="8c84fa94-04c1-424b-9868-57a2d4851a1d" relativeResultsDirectory="f572d737-511c-4951-ad60-576262e01f95" />
    <UnitTestResult executionId="238de67f-907e-4a31-9ed9-9e7d1e061c7d" testId="3893bc09-628b-2605-fa37-7cfb280ed351" testName="IsValid_ShouldReturnFalse_WhenLikelihoodIsLessThanZero" computerName="DKSR-EFI-04" duration="00:00:00.0002294" startTime="2023-12-22T09:36:30.9429504+01:00" endTime="2023-12-22T09:36:30.9433754+01:00" testType="13cdc9d9-ddb5-4fa4-a97d-d965ccfc6d4b" outcome="Passed" testListId="8c84fa94-04c1-424b-9868-57a2d4851a1d" relativeResultsDirectory="238de67f-907e-4a31-9ed9-9e7d1e061c7d" />
    <UnitTestResult executionId="2b41bec7-aa75-43b1-8e30-4bfd9ddff406" testId="301bb053-2669-b626-aada-e5ec26552701" testName="ReadXml_ShouldLogWarningTwiceWhenMoreThanOneMinuteBetweenWarnings_WhenRequiredAttributeIsMissing" computerName="DKSR-EFI-04" duration="00:00:00.0027046" startTime="2023-12-22T09:36:31.5280901+01:00" endTime="2023-12-22T09:36:31.5309955+01:00" testType="13cdc9d9-ddb5-4fa4-a97d-d965ccfc6d4b" outcome="Passed" testListId="8c84fa94-04c1-424b-9868-57a2d4851a1d" relativeResultsDirectory="2b41bec7-aa75-43b1-8e30-4bfd9ddff406" />
    <UnitTestResult executionId="e3c78d5b-7048-4481-b04b-991fe06e54ab" testId="0a40eef3-f831-ffd2-4845-4121490071ff" testName="ModifyCollection_ShouldNotInvokeCallback_WhenNotObservable" computerName="DKSR-EFI-04" duration="00:00:00.0015604" startTime="2023-12-22T09:36:24.5376630+01:00" endTime="2023-12-22T09:36:24.6278937+01:00" testType="13cdc9d9-ddb5-4fa4-a97d-d965ccfc6d4b" outcome="Passed" testListId="8c84fa94-04c1-424b-9868-57a2d4851a1d" relativeResultsDirectory="e3c78d5b-7048-4481-b04b-991fe06e54ab" />
    <UnitTestResult executionId="49ed8ed1-ac49-49e3-bbd5-182bac89962d" testId="e2323074-11c2-8296-7476-af3cef44bb34" testName="ReadXml_ShouldLogWarningOnlyOnceWithinOneMinute_WhenElementErrorsAreDetected" computerName="DKSR-EFI-04" duration="00:00:00.0009180" startTime="2023-12-22T09:36:30.9780080+01:00" endTime="2023-12-22T09:36:30.9791111+01:00" testType="13cdc9d9-ddb5-4fa4-a97d-d965ccfc6d4b" outcome="Passed" testListId="8c84fa94-04c1-424b-9868-57a2d4851a1d" relativeResultsDirectory="49ed8ed1-ac49-49e3-bbd5-182bac89962d" />
    <UnitTestResult executionId="fd0379ec-28e9-4af6-b13c-513fd7fdd1e8" testId="4fd7ef13-73a5-f651-dedc-2514dfae7f93" testName="FindCacheEntryBefore_ShuldReturnNull_WhenTheCacheIsEmpty" computerName="DKSR-EFI-04" duration="00:00:00.0002471" startTime="2023-12-22T09:36:32.6355100+01:00" endTime="2023-12-22T09:36:32.6359363+01:00" testType="13cdc9d9-ddb5-4fa4-a97d-d965ccfc6d4b" outcome="Passed" testListId="8c84fa94-04c1-424b-9868-57a2d4851a1d" relativeResultsDirectory="fd0379ec-28e9-4af6-b13c-513fd7fdd1e8" />
    <UnitTestResult executionId="949650b6-6c6f-4e9c-940e-ee8f15dd3cc1" testId="d4b18369-f511-b320-afac-a383c554d179" testName="CountByCounter_Activated_Missing" computerName="DKSR-EFI-04" duration="00:00:00.0007995" startTime="2023-12-22T09:36:32.4038722+01:00" endTime="2023-12-22T09:36:32.4048787+01:00" testType="13cdc9d9-ddb5-4fa4-a97d-d965ccfc6d4b" outcome="Passed" testListId="8c84fa94-04c1-424b-9868-57a2d4851a1d" relativeResultsDirectory="949650b6-6c6f-4e9c-940e-ee8f15dd3cc1" />
    <UnitTestResult executionId="1d450517-3548-4d65-9ed5-dd09d6350583" testId="5c99a102-e3d2-3ea7-d358-687ae3a56806" testName="Hash_Check" computerName="DKSR-EFI-04" duration="00:00:00.0006005" startTime="2023-12-22T09:36:31.8111914+01:00" endTime="2023-12-22T09:36:31.8120271+01:00" testType="13cdc9d9-ddb5-4fa4-a97d-d965ccfc6d4b" outcome="Passed" testListId="8c84fa94-04c1-424b-9868-57a2d4851a1d" relativeResultsDirectory="1d450517-3548-4d65-9ed5-dd09d6350583" />
    <UnitTestResult executionId="389f5d1b-7242-4b7d-beca-8cd83a68c4b3" testId="d3168116-f2b4-8d85-d69a-f47dbb1df0a3" testName="ReadXml_ShouldSetAllFieldsToNull_WhenElementIsEmpty" computerName="DKSR-EFI-04" duration="00:00:00.0003412" startTime="2023-12-22T09:36:31.5417131+01:00" endTime="2023-12-22T09:36:31.5422255+01:00" testType="13cdc9d9-ddb5-4fa4-a97d-d965ccfc6d4b" outcome="Passed" testListId="8c84fa94-04c1-424b-9868-57a2d4851a1d" relativeResultsDirectory="389f5d1b-7242-4b7d-beca-8cd83a68c4b3" />
    <UnitTestResult executionId="36003c29-e414-4db0-b149-7864586881f9" testId="0f40bc61-c58f-06fd-9a7b-e081d001f46f" testName="WriteXml_ShouldWriteObjectsContents_WhenObjectsAreWritten" computerName="DKSR-EFI-04" duration="00:00:00.0015977" startTime="2023-12-22T09:36:31.1365607+01:00" endTime="2023-12-22T09:36:31.1383539+01:00" testType="13cdc9d9-ddb5-4fa4-a97d-d965ccfc6d4b" outcome="Passed" testListId="8c84fa94-04c1-424b-9868-57a2d4851a1d" relativeResultsDirectory="36003c29-e414-4db0-b149-7864586881f9" />
    <UnitTestResult executionId="f833a7b0-1df5-48cc-9472-9837e4fb7332" testId="e843bfee-0457-6dab-bf5f-4166d9265b34" testName="ReadXml_ShouldReadTextValue_WhenPresent" computerName="DKSR-EFI-04" duration="00:00:00.0002703" startTime="2023-12-22T09:36:31.0477413+01:00" endTime="2023-12-22T09:36:31.0482071+01:00" testType="13cdc9d9-ddb5-4fa4-a97d-d965ccfc6d4b" outcome="Passed" testListId="8c84fa94-04c1-424b-9868-57a2d4851a1d" relativeResultsDirectory="f833a7b0-1df5-48cc-9472-9837e4fb7332" />
    <UnitTestResult executionId="e43245e3-2989-4c2e-b316-3993c4bfcfd8" testId="1eb1dc9e-0313-f642-c091-1fcc25a2d80c" testName="WriteXml_ShouldWriteTransformationContents_WhenTransformationIsNotNull" computerName="DKSR-EFI-04" duration="00:00:00.0010419" startTime="2023-12-22T09:36:30.8723305+01:00" endTime="2023-12-22T09:36:30.8735698+01:00" testType="13cdc9d9-ddb5-4fa4-a97d-d965ccfc6d4b" outcome="Passed" testListId="8c84fa94-04c1-424b-9868-57a2d4851a1d" relativeResultsDirectory="e43245e3-2989-4c2e-b316-3993c4bfcfd8" />
    <UnitTestResult executionId="22f8d624-b5c0-4fa3-afbf-dff44a5a103d" testId="43af5117-1f9c-6ca5-e2b0-3bd57b512c6f" testName="GetLicensePlateFilterValue_ValidSelection_Success" computerName="DKSR-EFI-04" duration="00:00:00.0019435" startTime="2023-12-22T09:36:30.2859177+01:00" endTime="2023-12-22T09:36:30.2880876+01:00" testType="13cdc9d9-ddb5-4fa4-a97d-d965ccfc6d4b" outcome="Passed" testListId="8c84fa94-04c1-424b-9868-57a2d4851a1d" relativeResultsDirectory="22f8d624-b5c0-4fa3-afbf-dff44a5a103d" />
    <UnitTestResult executionId="8baa8d36-95f8-4243-ac37-660d11290e25" testId="4599a740-2169-7e32-9656-668b8e9b7b20" testName="CreateSearchFilterEditControl_MultiplePlugins_MilestonePluginsFirst" computerName="DKSR-EFI-04" duration="00:00:00.0029294" startTime="2023-12-22T09:36:30.0921381+01:00" endTime="2023-12-22T09:36:30.1166749+01:00" testType="13cdc9d9-ddb5-4fa4-a97d-d965ccfc6d4b" outcome="Passed" testListId="8c84fa94-04c1-424b-9868-57a2d4851a1d" relativeResultsDirectory="8baa8d36-95f8-4243-ac37-660d11290e25" />
    <UnitTestResult executionId="df6d8f0a-ce45-470e-98d5-a5eb76c22fc6" testId="d3aac1dd-0f5d-4d1a-ac7a-ab3b6af2bff9" testName="SplitString_When2Levels_CountsLastSeparator" computerName="DKSR-EFI-04" duration="00:00:00.0003913" startTime="2023-12-22T09:36:15.2750707+01:00" endTime="2023-12-22T09:36:15.2755787+01:00" testType="13cdc9d9-ddb5-4fa4-a97d-d965ccfc6d4b" outcome="Passed" testListId="8c84fa94-04c1-424b-9868-57a2d4851a1d" relativeResultsDirectory="df6d8f0a-ce45-470e-98d5-a5eb76c22fc6" />
    <UnitTestResult executionId="11c68f5a-74d3-47bc-a5ba-91a9fc34fd1d" testId="9a98e390-44f3-131c-5fc0-966dedface8e" testName="ParseArgbString_ShouldThrowFormatException_WhenFormatIsIncorrect" computerName="DKSR-EFI-04" duration="00:00:00.0010720" startTime="2023-12-22T09:36:31.0023158+01:00" endTime="2023-12-22T09:36:31.0035857+01:00" testType="13cdc9d9-ddb5-4fa4-a97d-d965ccfc6d4b" outcome="Passed" testListId="8c84fa94-04c1-424b-9868-57a2d4851a1d" relativeResultsDirectory="11c68f5a-74d3-47bc-a5ba-91a9fc34fd1d" />
    <UnitTestResult executionId="bd6de7e8-c2fc-445d-a7ca-a52127a7933d" testId="cc93f70b-f9b0-21f7-faba-e1868435194b" testName="Stop_EmptyQueue_IsStoppedSet" computerName="DKSR-EFI-04" duration="00:00:00.0002996" startTime="2023-12-22T09:36:15.4713350+01:00" endTime="2023-12-22T09:36:15.4718165+01:00" testType="13cdc9d9-ddb5-4fa4-a97d-d965ccfc6d4b" outcome="Passed" testListId="8c84fa94-04c1-424b-9868-57a2d4851a1d" relativeResultsDirectory="bd6de7e8-c2fc-445d-a7ca-a52127a7933d" />
    <UnitTestResult executionId="c53c4a0d-a200-44f8-bfb1-e988811c03bd" testId="fc5a0192-1741-4be7-8945-f2b66fb65285" testName="Serialize_TestCases (TestParentTypeMatchInterfaceNotThisTypeNotMatchedProperty)" computerName="DKSR-EFI-04" duration="00:00:00.0004864" startTime="2023-12-22T09:36:28.3895845+01:00" endTime="2023-12-22T09:36:28.3903689+01:00" testType="13cdc9d9-ddb5-4fa4-a97d-d965ccfc6d4b" outcome="Passed" testListId="8c84fa94-04c1-424b-9868-57a2d4851a1d" relativeResultsDirectory="c53c4a0d-a200-44f8-bfb1-e988811c03bd" />
    <UnitTestResult executionId="42fe1cce-af5a-4543-a0ac-28384b326b1e" testId="420e5a34-3d7f-4641-51ff-8be4f28538e4" testName="Serialize_ShouldHandleRecursiveCollectionWithCustomRootObject" computerName="DKSR-EFI-04" duration="00:00:00.0024141" startTime="2023-12-22T09:36:28.1296961+01:00" endTime="2023-12-22T09:36:28.1323515+01:00" testType="13cdc9d9-ddb5-4fa4-a97d-d965ccfc6d4b" outcome="Passed" testListId="8c84fa94-04c1-424b-9868-57a2d4851a1d" relativeResultsDirectory="42fe1cce-af5a-4543-a0ac-28384b326b1e" />
    <UnitTestResult executionId="a42e2ab6-1749-4035-ae6c-a24e28304c1c" testId="a161a748-55e5-1a5b-e899-d06d498d802c" testName="ConstructorRgb_ShouldReturnCorrectRgbValues_Always" computerName="DKSR-EFI-04" duration="00:00:00.0005245" startTime="2023-12-22T09:36:31.0087808+01:00" endTime="2023-12-22T09:36:31.0095045+01:00" testType="13cdc9d9-ddb5-4fa4-a97d-d965ccfc6d4b" outcome="Passed" testListId="8c84fa94-04c1-424b-9868-57a2d4851a1d" relativeResultsDirectory="a42e2ab6-1749-4035-ae6c-a24e28304c1c" />
    <UnitTestResult executionId="1ec0bb72-efc9-420b-90a6-6213e58e6021" testId="2b383535-8d75-6079-a3dc-080857154651" testName="TestStartSearch_SearchFireErrorOccured_Success" computerName="DKSR-EFI-04" duration="00:00:00.0113082" startTime="2023-12-22T09:36:29.0000052+01:00" endTime="2023-12-22T09:36:29.0115690+01:00" testType="13cdc9d9-ddb5-4fa4-a97d-d965ccfc6d4b" outcome="Passed" testListId="8c84fa94-04c1-424b-9868-57a2d4851a1d" relativeResultsDirectory="1ec0bb72-efc9-420b-90a6-6213e58e6021" />
    <UnitTestResult executionId="e58cf3c4-8662-419b-b650-ed72da758f6e" testId="ee6b4773-1394-989c-cdb7-f8b064821acb" testName="Minimize_ShouldReturnOneInterval_WhenListContainsThreeOverlappingIntervalsReversed" computerName="DKSR-EFI-04" duration="00:00:00.0005455" startTime="2023-12-22T09:36:15.3353454+01:00" endTime="2023-12-22T09:36:15.3360023+01:00" testType="13cdc9d9-ddb5-4fa4-a97d-d965ccfc6d4b" outcome="Passed" testListId="8c84fa94-04c1-424b-9868-57a2d4851a1d" relativeResultsDirectory="e58cf3c4-8662-419b-b650-ed72da758f6e" />
    <UnitTestResult executionId="1953ae22-cec1-4b72-8c8a-85942efd9d1e" testId="3dddadb3-73e5-0530-cc2f-efb35c37fd4b" testName="AllAttributesWerePresent_ShouldReturnFalse_WhenXAttributeIsNotAFloat" computerName="DKSR-EFI-04" duration="00:00:00.0003404" startTime="2023-12-22T09:36:31.6821341+01:00" endTime="2023-12-22T09:36:31.6826777+01:00" testType="13cdc9d9-ddb5-4fa4-a97d-d965ccfc6d4b" outcome="Passed" testListId="8c84fa94-04c1-424b-9868-57a2d4851a1d" relativeResultsDirectory="1953ae22-cec1-4b72-8c8a-85942efd9d1e" />
    <UnitTestResult executionId="3163200c-20f9-4cc7-a3e1-50c7b9e66b59" testId="3434e15a-2768-efbc-7e19-fea38f3ae373" testName="MipItems_Property_Collection_Empty" computerName="DKSR-EFI-04" duration="00:00:00.0003768" startTime="2023-12-22T09:36:23.0085445+01:00" endTime="2023-12-22T09:36:23.0092685+01:00" testType="13cdc9d9-ddb5-4fa4-a97d-d965ccfc6d4b" outcome="Passed" testListId="8c84fa94-04c1-424b-9868-57a2d4851a1d" relativeResultsDirectory="3163200c-20f9-4cc7-a3e1-50c7b9e66b59" />
    <UnitTestResult executionId="dbd1ca79-4816-4024-9453-d46e18c69b81" testId="ebfe7877-f55a-fab7-3a7d-8cf9c4a15098" testName="TryParseArgbString_ShouldReturnFalse_WhenStringIsMissingStartHash" computerName="DKSR-EFI-04" duration="00:00:00.0001616" startTime="2023-12-22T09:36:30.9971681+01:00" endTime="2023-12-22T09:36:30.9975200+01:00" testType="13cdc9d9-ddb5-4fa4-a97d-d965ccfc6d4b" outcome="Passed" testListId="8c84fa94-04c1-424b-9868-57a2d4851a1d" relativeResultsDirectory="dbd1ca79-4816-4024-9453-d46e18c69b81" />
    <UnitTestResult executionId="438244a9-9e5b-44e6-90fb-3fe5bd244e60" testId="39224d7b-adf2-c3bb-b064-ed7483309b12" testName="ReadXml_ShouldLogWarning_WhenRequiredAttributeIsMissing" computerName="DKSR-EFI-04" duration="00:00:00.0009562" startTime="2023-12-22T09:36:31.6888003+01:00" endTime="2023-12-22T09:36:31.6899653+01:00" testType="13cdc9d9-ddb5-4fa4-a97d-d965ccfc6d4b" outcome="Passed" testListId="8c84fa94-04c1-424b-9868-57a2d4851a1d" relativeResultsDirectory="438244a9-9e5b-44e6-90fb-3fe5bd244e60" />
    <UnitTestResult executionId="210b93dd-9df9-4af8-966f-470bed6846c0" testId="16b9cd71-246d-5b51-e461-fdc7db24fde9" testName="JoinString_When2Levels_Joins" computerName="DKSR-EFI-04" duration="00:00:00.0027187" startTime="2023-12-22T09:36:15.2628359+01:00" endTime="2023-12-22T09:36:15.2664947+01:00" testType="13cdc9d9-ddb5-4fa4-a97d-d965ccfc6d4b" outcome="Passed" testListId="8c84fa94-04c1-424b-9868-57a2d4851a1d" relativeResultsDirectory="210b93dd-9df9-4af8-966f-470bed6846c0" />
    <UnitTestResult executionId="2de90c4e-3eac-4fe3-942e-0cd4f979d14e" testId="7788e309-ff81-f500-79ac-b11223af1ac3" testName="Serialize_ShouldThrowException_WhenPropertyIsSimpleTypeButPathContainsChildren (IntProperty)" computerName="DKSR-EFI-04" duration="00:00:00.0006147" startTime="2023-12-22T09:36:28.1647175+01:00" endTime="2023-12-22T09:36:28.1656463+01:00" testType="13cdc9d9-ddb5-4fa4-a97d-d965ccfc6d4b" outcome="Passed" testListId="8c84fa94-04c1-424b-9868-57a2d4851a1d" relativeResultsDirectory="2de90c4e-3eac-4fe3-942e-0cd4f979d14e" />
    <UnitTestResult executionId="db8c5e22-95c7-49c8-a986-f3e6070cb585" testId="212d269e-e227-2ffb-7701-8181bcaf4ecf" testName="Serialize_TestCases (Verify root Collection (null) property)" computerName="DKSR-EFI-04" duration="00:00:00.0004681" startTime="2023-12-22T09:36:28.2338619+01:00" endTime="2023-12-22T09:36:28.2347221+01:00" testType="13cdc9d9-ddb5-4fa4-a97d-d965ccfc6d4b" outcome="Passed" testListId="8c84fa94-04c1-424b-9868-57a2d4851a1d" relativeResultsDirectory="db8c5e22-95c7-49c8-a986-f3e6070cb585" />
    <UnitTestResult executionId="91af7c55-1a22-446d-a561-893cd1211a22" testId="31f28e4c-6fb6-b0cc-cd29-bcccd2779f6e" testName="Serialize_TestCases (TestParentTypeMatchCollectionThisTypeNotMatchedProperty)" computerName="DKSR-EFI-04" duration="00:00:00.0001693" startTime="2023-12-22T09:36:28.3689476+01:00" endTime="2023-12-22T09:36:28.3694235+01:00" testType="13cdc9d9-ddb5-4fa4-a97d-d965ccfc6d4b" outcome="Passed" testListId="8c84fa94-04c1-424b-9868-57a2d4851a1d" relativeResultsDirectory="91af7c55-1a22-446d-a561-893cd1211a22" />
    <UnitTestResult executionId="73bc42d2-efd8-44c7-a135-cb41fc54ed70" testId="c0bd25d5-74fa-a92b-42e1-7e499486e888" testName="SetChildren_Set_And_Check" computerName="DKSR-EFI-04" duration="00:00:00.0130524" startTime="2023-12-22T09:36:02.9929690+01:00" endTime="2023-12-22T09:36:03.0062513+01:00" testType="13cdc9d9-ddb5-4fa4-a97d-d965ccfc6d4b" outcome="Passed" testListId="8c84fa94-04c1-424b-9868-57a2d4851a1d" relativeResultsDirectory="73bc42d2-efd8-44c7-a135-cb41fc54ed70" />
    <UnitTestResult executionId="32f9436e-75ab-4976-953b-1d55bce58359" testId="0fbb0657-5fcb-c22d-ba1e-66fc2f5570e3" testName="Minimize_ShouldReturnOneInterval_WhenListContainsThreeOverlappingIntervalsContainingEachOtherReversed" computerName="DKSR-EFI-04" duration="00:00:00.0005397" startTime="2023-12-22T09:36:15.3376577+01:00" endTime="2023-12-22T09:36:15.3383158+01:00" testType="13cdc9d9-ddb5-4fa4-a97d-d965ccfc6d4b" outcome="Passed" testListId="8c84fa94-04c1-424b-9868-57a2d4851a1d" relativeResultsDirectory="32f9436e-75ab-4976-953b-1d55bce58359" />
    <UnitTestResult executionId="22866057-36f2-415b-a12b-6f36ea1a8d35" testId="668a7b7c-485c-e1be-eac6-0f37f9c5a345" testName="ProvideValue_ShouldUpdateTargetProperty_WhenDataContextDPValueChanges" computerName="DKSR-EFI-04" duration="00:00:00.0036956" startTime="2023-12-22T09:36:26.0595431+01:00" endTime="2023-12-22T09:36:26.0947618+01:00" testType="13cdc9d9-ddb5-4fa4-a97d-d965ccfc6d4b" outcome="Passed" testListId="8c84fa94-04c1-424b-9868-57a2d4851a1d" relativeResultsDirectory="22866057-36f2-415b-a12b-6f36ea1a8d35" />
    <UnitTestResult executionId="4095bcb5-9db2-4dbe-9ad7-f4f765f14d51" testId="87215dbe-be98-eae0-f888-50bc76faae33" testName="GetPreviousDateTime_ShouldReturnDataEntityFromCacheWithoutCallingToolkit_WhenDataIsPresentInCache" computerName="DKSR-EFI-04" duration="00:00:00.0027033" startTime="2023-12-22T09:36:32.8583229+01:00" endTime="2023-12-22T09:36:32.8612310+01:00" testType="13cdc9d9-ddb5-4fa4-a97d-d965ccfc6d4b" outcome="Passed" testListId="8c84fa94-04c1-424b-9868-57a2d4851a1d" relativeResultsDirectory="4095bcb5-9db2-4dbe-9ad7-f4f765f14d51" />
    <UnitTestResult executionId="4b1c7a83-a290-438b-a365-2a6790db1fd7" testId="aa7cd316-bd03-8913-f5ff-bd80befd5e8b" testName="WriteXml_ShouldWriteTransformationElement_WhenTransformationIsNotNull" computerName="DKSR-EFI-04" duration="00:00:00.0010708" startTime="2023-12-22T09:36:31.1407004+01:00" endTime="2023-12-22T09:36:31.1420275+01:00" testType="13cdc9d9-ddb5-4fa4-a97d-d965ccfc6d4b" outcome="Passed" testListId="8c84fa94-04c1-424b-9868-57a2d4851a1d" relativeResultsDirectory="4b1c7a83-a290-438b-a365-2a6790db1fd7" />
    <UnitTestResult executionId="e35375c8-380a-4ed8-8158-aa4ec70ca519" testId="b3df3f39-3ac5-afed-24ec-7a145316d997" testName="Set_String_In_Array" computerName="DKSR-EFI-04" duration="00:00:00.0003279" startTime="2023-12-22T09:36:30.4791504+01:00" endTime="2023-12-22T09:36:30.4796572+01:00" testType="13cdc9d9-ddb5-4fa4-a97d-d965ccfc6d4b" outcome="Passed" testListId="8c84fa94-04c1-424b-9868-57a2d4851a1d" relativeResultsDirectory="e35375c8-380a-4ed8-8158-aa4ec70ca519" />
    <UnitTestResult executionId="0549fa6f-1fbe-4ccb-914b-790dc0f26a15" testId="b6767da0-b71f-abbd-7405-75d592f9abf3" testName="RemoveFilterValue_OtherValuesPresent_Success" computerName="DKSR-EFI-04" duration="00:00:00.0019378" startTime="2023-12-22T09:36:28.7282011+01:00" endTime="2023-12-22T09:36:28.7303695+01:00" testType="13cdc9d9-ddb5-4fa4-a97d-d965ccfc6d4b" outcome="Passed" testListId="8c84fa94-04c1-424b-9868-57a2d4851a1d" relativeResultsDirectory="0549fa6f-1fbe-4ccb-914b-790dc0f26a15" />
    <UnitTestResult executionId="396a9198-d9f4-4233-826f-ba1bbfe30284" testId="0e3b0f34-8ab7-ccb2-ed1a-7de6e3e165c5" testName="ClearFilterValues_MultipleValuesPresent_Success" computerName="DKSR-EFI-04" duration="00:00:00.0039015" startTime="2023-12-22T09:36:28.7356360+01:00" endTime="2023-12-22T09:36:28.7397646+01:00" testType="13cdc9d9-ddb5-4fa4-a97d-d965ccfc6d4b" outcome="Passed" testListId="8c84fa94-04c1-424b-9868-57a2d4851a1d" relativeResultsDirectory="396a9198-d9f4-4233-826f-ba1bbfe30284" />
    <UnitTestResult executionId="5d01d444-43a8-46fd-bcd0-6137b157e8c5" testId="cc99ff3e-c755-1963-ff3d-70c3c6994b03" testName="GenerateDeviceCapabilityParameters_ShouldWriteName_WhenAlways" computerName="DKSR-EFI-04" duration="00:00:00.0011901" startTime="2023-12-22T09:36:32.6838251+01:00" endTime="2023-12-22T09:36:32.6853252+01:00" testType="13cdc9d9-ddb5-4fa4-a97d-d965ccfc6d4b" outcome="Passed" testListId="8c84fa94-04c1-424b-9868-57a2d4851a1d" relativeResultsDirectory="5d01d444-43a8-46fd-bcd0-6137b157e8c5" />
    <UnitTestResult executionId="91720d42-302c-4896-b37e-e14606f004db" testId="0881e79b-b33f-db23-4717-e6bc85ee2141" testName="SelectionMode_ChangesIsMultiSelection" computerName="DKSR-EFI-04" duration="00:00:00.0001858" startTime="2023-12-22T09:36:22.8842591+01:00" endTime="2023-12-22T09:36:22.8846989+01:00" testType="13cdc9d9-ddb5-4fa4-a97d-d965ccfc6d4b" outcome="Passed" testListId="8c84fa94-04c1-424b-9868-57a2d4851a1d" relativeResultsDirectory="91720d42-302c-4896-b37e-e14606f004db" />
    <UnitTestResult executionId="8856f01a-e810-4d20-955c-9c3d215ffb8e" testId="10efcc98-720a-6a51-bddb-12631de34c03" testName="Minimize_ShouldReturnOneInterval_WhenListContainsOneInterval" computerName="DKSR-EFI-04" duration="00:00:00.0077780" startTime="2023-12-22T09:36:15.3162410+01:00" endTime="2023-12-22T09:36:15.3241982+01:00" testType="13cdc9d9-ddb5-4fa4-a97d-d965ccfc6d4b" outcome="Passed" testListId="8c84fa94-04c1-424b-9868-57a2d4851a1d" relativeResultsDirectory="8856f01a-e810-4d20-955c-9c3d215ffb8e" />
    <UnitTestResult executionId="199e4b1e-9619-4638-8b05-36e395053d27" testId="86824227-709e-d695-09b7-8d9000453067" testName="Codec_ShouldThrowArgumentOutOfRangeException_WhenCodecIsNotVideoCodec" computerName="DKSR-EFI-04" duration="00:00:00.0104862" startTime="2023-12-22T09:36:32.4818874+01:00" endTime="2023-12-22T09:36:32.4928616+01:00" testType="13cdc9d9-ddb5-4fa4-a97d-d965ccfc6d4b" outcome="Passed" testListId="8c84fa94-04c1-424b-9868-57a2d4851a1d" relativeResultsDirectory="199e4b1e-9619-4638-8b05-36e395053d27" />
    <UnitTestResult executionId="b435d88a-0832-45ad-bfec-c91aae6ec2df" testId="eefc51b9-5382-2aee-c4ce-08acd9cc49de" testName="GetMetadataStream_ShouldReturnMetadataStream_WhenByteArrayContainsValidXml" computerName="DKSR-EFI-04" duration="00:00:00.0056922" startTime="2023-12-22T09:36:31.1496755+01:00" endTime="2023-12-22T09:36:31.1555927+01:00" testType="13cdc9d9-ddb5-4fa4-a97d-d965ccfc6d4b" outcome="Passed" testListId="8c84fa94-04c1-424b-9868-57a2d4851a1d" relativeResultsDirectory="b435d88a-0832-45ad-bfec-c91aae6ec2df" />
    <UnitTestResult executionId="d2f09d2c-a03b-4ba8-bb30-140c95699a0f" testId="c23f9653-e5cb-0826-ce5a-723493994ef0" testName="GenerateDeviceCapabilityParameters_ShouldWriteTypeAsEnum_WhenAlways" computerName="DKSR-EFI-04" duration="00:00:00.0014363" startTime="2023-12-22T09:36:32.5600699+01:00" endTime="2023-12-22T09:36:32.5618169+01:00" testType="13cdc9d9-ddb5-4fa4-a97d-d965ccfc6d4b" outcome="Passed" testListId="8c84fa94-04c1-424b-9868-57a2d4851a1d" relativeResultsDirectory="d2f09d2c-a03b-4ba8-bb30-140c95699a0f" />
    <UnitTestResult executionId="dba865fd-3e09-4b58-bb91-771422e88219" testId="bc934390-fccd-2d5c-15be-99650a75c9f5" testName="SearchResultData_Item_Success" computerName="DKSR-EFI-04" duration="00:00:00.0006863" startTime="2023-12-22T09:36:29.1765890+01:00" endTime="2023-12-22T09:36:29.1774734+01:00" testType="13cdc9d9-ddb5-4fa4-a97d-d965ccfc6d4b" outcome="Passed" testListId="8c84fa94-04c1-424b-9868-57a2d4851a1d" relativeResultsDirectory="dba865fd-3e09-4b58-bb91-771422e88219" />
    <UnitTestResult executionId="1ed29d5c-c485-4fbf-a723-579ad9fc1386" testId="cc815387-ccd0-3c89-25da-05420b40ed9e" testName="Serialize_TestCases (TestParentTypeMatchStringNotThisTypeNotMatched)" computerName="DKSR-EFI-04" duration="00:00:00.0009755" startTime="2023-12-22T09:36:28.2948519+01:00" endTime="2023-12-22T09:36:28.2961441+01:00" testType="13cdc9d9-ddb5-4fa4-a97d-d965ccfc6d4b" outcome="Passed" testListId="8c84fa94-04c1-424b-9868-57a2d4851a1d" relativeResultsDirectory="1ed29d5c-c485-4fbf-a723-579ad9fc1386" />
    <UnitTestResult executionId="b548b20a-7587-425b-8169-93f6ff33f592" testId="954dcc09-ffa8-ee72-ce2c-24675b9f100a" testName="ObjectId_ShouldReturnZero_WhenNotSetInConstructor" computerName="DKSR-EFI-04" duration="00:00:00.0003388" startTime="2023-12-22T09:36:31.4082110+01:00" endTime="2023-12-22T09:36:31.4089867+01:00" testType="13cdc9d9-ddb5-4fa4-a97d-d965ccfc6d4b" outcome="Passed" testListId="8c84fa94-04c1-424b-9868-57a2d4851a1d" relativeResultsDirectory="b548b20a-7587-425b-8169-93f6ff33f592" />
    <UnitTestResult executionId="d3083a34-9d14-4f15-bade-01316a8eb79e" testId="dc972d0b-90fa-0c97-701a-24ab8f8aec17" testName="IsCriteriaAccepted_FolderSelected_False" computerName="DKSR-EFI-04" duration="00:00:00.0074259" startTime="2023-12-22T09:36:22.9442955+01:00" endTime="2023-12-22T09:36:22.9520091+01:00" testType="13cdc9d9-ddb5-4fa4-a97d-d965ccfc6d4b" outcome="Passed" testListId="8c84fa94-04c1-424b-9868-57a2d4851a1d" relativeResultsDirectory="d3083a34-9d14-4f15-bade-01316a8eb79e" />
    <UnitTestResult executionId="ba1ae68d-cfb1-4f5f-a2a4-1364d97a6471" testId="c475df53-8f1e-79fe-20e9-fd298525b9b9" testName="WriteXml_ShouldWriteOnvifClassContents_WhenClassIsNotNull" computerName="DKSR-EFI-04" duration="00:00:00.0011326" startTime="2023-12-22T09:36:30.8811500+01:00" endTime="2023-12-22T09:36:30.8824917+01:00" testType="13cdc9d9-ddb5-4fa4-a97d-d965ccfc6d4b" outcome="Passed" testListId="8c84fa94-04c1-424b-9868-57a2d4851a1d" relativeResultsDirectory="ba1ae68d-cfb1-4f5f-a2a4-1364d97a6471" />
    <UnitTestResult executionId="1c16b95a-f939-47e7-95ae-c2dd18e8b334" testId="1ed595f1-e0b3-cd61-13ef-3cbf3778f159" testName="GetItem_LoginProvider_Success" computerName="DKSR-EFI-04" duration="00:00:00.0022446" startTime="2023-12-22T09:36:30.6017448+01:00" endTime="2023-12-22T09:36:30.6042277+01:00" testType="13cdc9d9-ddb5-4fa4-a97d-d965ccfc6d4b" outcome="Passed" testListId="8c84fa94-04c1-424b-9868-57a2d4851a1d" relativeResultsDirectory="1c16b95a-f939-47e7-95ae-c2dd18e8b334" />
    <UnitTestResult executionId="d7c6e85e-b958-44f1-b922-ded350c36276" testId="6efe46f6-24e8-324a-c841-828d4ce3c2fb" testName="WriteXml_ShouldWriteChildrenInCorrectOrder_WhenChildrenAreNotNull" computerName="DKSR-EFI-04" duration="00:00:00.0010450" startTime="2023-12-22T09:36:31.6025778+01:00" endTime="2023-12-22T09:36:31.6038306+01:00" testType="13cdc9d9-ddb5-4fa4-a97d-d965ccfc6d4b" outcome="Passed" testListId="8c84fa94-04c1-424b-9868-57a2d4851a1d" relativeResultsDirectory="d7c6e85e-b958-44f1-b922-ded350c36276" />
    <UnitTestResult executionId="deac3683-aa9f-48f0-828b-c3d528a83a2a" testId="c1f74549-0e3d-e32b-3c71-cedfb9c5eef0" testName="TestStartSearch_ReturningResults_Success" computerName="DKSR-EFI-04" duration="00:00:00.0111254" startTime="2023-12-22T09:36:28.9878093+01:00" endTime="2023-12-22T09:36:28.9991770+01:00" testType="13cdc9d9-ddb5-4fa4-a97d-d965ccfc6d4b" outcome="Passed" testListId="8c84fa94-04c1-424b-9868-57a2d4851a1d" relativeResultsDirectory="deac3683-aa9f-48f0-828b-c3d528a83a2a" />
    <UnitTestResult executionId="dc331c2d-54fd-4f5c-a6a0-015f59c37b13" testId="0a158be2-3d0e-91be-dc79-b834318d6106" testName="Populate_SearchTextSet_ItemsFound_False" computerName="DKSR-EFI-04" duration="00:00:00.0330155" startTime="2023-12-22T09:36:23.4153906+01:00" endTime="2023-12-22T09:36:23.4487373+01:00" testType="13cdc9d9-ddb5-4fa4-a97d-d965ccfc6d4b" outcome="Passed" testListId="8c84fa94-04c1-424b-9868-57a2d4851a1d" relativeResultsDirectory="dc331c2d-54fd-4f5c-a6a0-015f59c37b13" />
    <UnitTestResult executionId="dbe1c848-acc6-4f14-9e6b-80c50f20a987" testId="0209b421-7614-162d-e45d-48fbd126c964" testName="MatchId_Success_MessageWithAsteriskATEnd" computerName="DKSR-EFI-04" duration="00:00:00.0001681" startTime="2023-12-22T09:36:31.7445764+01:00" endTime="2023-12-22T09:36:31.7449226+01:00" testType="13cdc9d9-ddb5-4fa4-a97d-d965ccfc6d4b" outcome="Passed" testListId="8c84fa94-04c1-424b-9868-57a2d4851a1d" relativeResultsDirectory="dbe1c848-acc6-4f14-9e6b-80c50f20a987" />
    <UnitTestResult executionId="2a955d1f-01b7-40f0-b34e-8e6e5f79ff3a" testId="e864a85a-61d6-71a9-12f2-7e66ec36a4d7" testName="ReadyToClose_OkCommand_MultiSelect_Thrown" computerName="DKSR-EFI-04" duration="00:00:00.0006230" startTime="2023-12-22T09:36:23.0069245+01:00" endTime="2023-12-22T09:36:23.0077550+01:00" testType="13cdc9d9-ddb5-4fa4-a97d-d965ccfc6d4b" outcome="Passed" testListId="8c84fa94-04c1-424b-9868-57a2d4851a1d" relativeResultsDirectory="2a955d1f-01b7-40f0-b34e-8e6e5f79ff3a" />
    <UnitTestResult executionId="cfaa6357-3491-4d45-95ed-b0e0a1fd0b57" testId="d7001884-5531-566e-871c-306c552a41f9" testName="GetNearest_ShouldReturnDataFromCacheWithoutCallingToolkit_WhenDataIsPresentInCache" computerName="DKSR-EFI-04" duration="00:00:00.0028618" startTime="2023-12-22T09:36:32.8805253+01:00" endTime="2023-12-22T09:36:32.8835866+01:00" testType="13cdc9d9-ddb5-4fa4-a97d-d965ccfc6d4b" outcome="Passed" testListId="8c84fa94-04c1-424b-9868-57a2d4851a1d" relativeResultsDirectory="cfaa6357-3491-4d45-95ed-b0e0a1fd0b57" />
    <UnitTestResult executionId="dbc14143-b836-4994-8c3e-f62b9230fa2a" testId="5d87446d-b17e-e82f-a4a3-ee27c1dfacd1" testName="TestMultiLevelQueue_TwoLevels_DifferentLevelIdentifiers_Success" computerName="DKSR-EFI-04" duration="00:00:00.2826630" startTime="2023-12-22T09:36:17.1315405+01:00" endTime="2023-12-22T09:36:17.4145117+01:00" testType="13cdc9d9-ddb5-4fa4-a97d-d965ccfc6d4b" outcome="Passed" testListId="8c84fa94-04c1-424b-9868-57a2d4851a1d" relativeResultsDirectory="dbc14143-b836-4994-8c3e-f62b9230fa2a" />
    <UnitTestResult executionId="969390cf-a3fc-4dfe-94f2-e1810414773f" testId="dbac47b9-416a-24f2-90d7-b5b09b9dc93c" testName="Equals_ShouldBeDifferent" computerName="DKSR-EFI-04" duration="00:00:00.0003256" startTime="2023-12-22T09:36:02.6835014+01:00" endTime="2023-12-22T09:36:02.6839356+01:00" testType="13cdc9d9-ddb5-4fa4-a97d-d965ccfc6d4b" outcome="Passed" testListId="8c84fa94-04c1-424b-9868-57a2d4851a1d" relativeResultsDirectory="969390cf-a3fc-4dfe-94f2-e1810414773f" />
    <UnitTestResult executionId="cdfc625c-4bbc-44da-9b50-488f499c33c6" testId="f6984f1a-4523-b1ef-118a-5c1d7f7ca1aa" testName="GetIdFromPath_ShouldReturnEmptyString_WhenPathContainsEmptyId" computerName="DKSR-EFI-04" duration="00:00:00.0001762" startTime="2023-12-22T09:36:32.9950193+01:00" endTime="2023-12-22T09:36:32.9953651+01:00" testType="13cdc9d9-ddb5-4fa4-a97d-d965ccfc6d4b" outcome="Passed" testListId="8c84fa94-04c1-424b-9868-57a2d4851a1d" relativeResultsDirectory="cdfc625c-4bbc-44da-9b50-488f499c33c6" />
    <UnitTestResult executionId="f7c96d12-5568-467d-9f5a-5a04b0c7da42" testId="e0e73f94-8b60-e9f7-5ce6-3100aae7c303" testName="ReadXml_ShouldReadVerticalAccuracy_WhenVerticalAccuracyIsPresent" computerName="DKSR-EFI-04" duration="00:00:00.0002674" startTime="2023-12-22T09:36:31.3511445+01:00" endTime="2023-12-22T09:36:31.3516149+01:00" testType="13cdc9d9-ddb5-4fa4-a97d-d965ccfc6d4b" outcome="Passed" testListId="8c84fa94-04c1-424b-9868-57a2d4851a1d" relativeResultsDirectory="f7c96d12-5568-467d-9f5a-5a04b0c7da42" />
    <UnitTestResult executionId="5d61eb0f-7655-4e49-9d95-dcd376489cfc" testId="97fbdc51-18ba-7aa5-3b45-4fad3a6c36f9" testName="ConstructorRgb_ShouldReturnAlphaValueFullyOpaque_Always" computerName="DKSR-EFI-04" duration="00:00:00.0001848" startTime="2023-12-22T09:36:31.0102933+01:00" endTime="2023-12-22T09:36:31.0106737+01:00" testType="13cdc9d9-ddb5-4fa4-a97d-d965ccfc6d4b" outcome="Passed" testListId="8c84fa94-04c1-424b-9868-57a2d4851a1d" relativeResultsDirectory="5d61eb0f-7655-4e49-9d95-dcd376489cfc" />
    <UnitTestResult executionId="0290ed9d-dd68-466d-94ce-83a8ee386aa2" testId="33580008-2ed0-6825-609a-d1d90403b659" testName="CreateAlarmFromEvent_ShouldReturnNull_WhenArgumentIsNull" computerName="DKSR-EFI-04" duration="00:00:00.0030786" startTime="2023-12-22T09:36:04.1996106+01:00" endTime="2023-12-22T09:36:04.2029420+01:00" testType="13cdc9d9-ddb5-4fa4-a97d-d965ccfc6d4b" outcome="Passed" testListId="8c84fa94-04c1-424b-9868-57a2d4851a1d" relativeResultsDirectory="0290ed9d-dd68-466d-94ce-83a8ee386aa2" />
    <UnitTestResult executionId="3d43489f-fcda-4261-815e-3e57b24d2048" testId="341aa1b2-3b64-c4e7-896b-2d80cfc15011" testName="ProvideValue_ShouldChangeContent_WhenItemDataPropertyNameChangesFromOneValueToAnother" computerName="DKSR-EFI-04" duration="00:00:00.0089196" startTime="2023-12-22T09:36:25.3140460+01:00" endTime="2023-12-22T09:36:25.3617201+01:00" testType="13cdc9d9-ddb5-4fa4-a97d-d965ccfc6d4b" outcome="Passed" testListId="8c84fa94-04c1-424b-9868-57a2d4851a1d" relativeResultsDirectory="3d43489f-fcda-4261-815e-3e57b24d2048" />
    <UnitTestResult executionId="62440e64-b633-4e57-ada4-827c3a062bbb" testId="b6c8d5b4-b132-7bf9-41ce-a46ff913fc34" testName="ReadXml_ShouldIgnoreUnknownChildren_WhenUnknownChildrenArePresent" computerName="DKSR-EFI-04" duration="00:00:00.0009254" startTime="2023-12-22T09:36:31.7073776+01:00" endTime="2023-12-22T09:36:31.7085028+01:00" testType="13cdc9d9-ddb5-4fa4-a97d-d965ccfc6d4b" outcome="Passed" testListId="8c84fa94-04c1-424b-9868-57a2d4851a1d" relativeResultsDirectory="62440e64-b633-4e57-ada4-827c3a062bbb" />
    <UnitTestResult executionId="2161dc6e-7a17-4498-ad11-33fae3b9aadb" testId="c05a4d86-1b95-1726-01bd-7b1791261baa" testName="CountByCounter_Activated_Trial_Missing" computerName="DKSR-EFI-04" duration="00:00:00.0008868" startTime="2023-12-22T09:36:32.4075992+01:00" endTime="2023-12-22T09:36:32.4086878+01:00" testType="13cdc9d9-ddb5-4fa4-a97d-d965ccfc6d4b" outcome="Passed" testListId="8c84fa94-04c1-424b-9868-57a2d4851a1d" relativeResultsDirectory="2161dc6e-7a17-4498-ad11-33fae3b9aadb" />
    <UnitTestResult executionId="1f73eb38-bca2-452d-b16f-8661a62ce8c8" testId="bb812b16-0590-e601-98e0-332d7569575a" testName="Enabled_Properties_With_Disable_True_success" computerName="DKSR-EFI-04" duration="00:00:00.0290803" startTime="2023-12-22T09:36:03.8133795+01:00" endTime="2023-12-22T09:36:03.8426829+01:00" testType="13cdc9d9-ddb5-4fa4-a97d-d965ccfc6d4b" outcome="Passed" testListId="8c84fa94-04c1-424b-9868-57a2d4851a1d" relativeResultsDirectory="1f73eb38-bca2-452d-b16f-8661a62ce8c8" />
    <UnitTestResult executionId="d82bd178-1cba-44db-98c4-b23433d346ec" testId="01158b98-2cd4-e826-aa9e-d2d4c60de322" testName="PatchItem_Camera_Fails" computerName="DKSR-EFI-04" duration="00:00:00.0033012" startTime="2023-12-22T09:36:30.7282274+01:00" endTime="2023-12-22T09:36:30.7317873+01:00" testType="13cdc9d9-ddb5-4fa4-a97d-d965ccfc6d4b" outcome="Passed" testListId="8c84fa94-04c1-424b-9868-57a2d4851a1d" relativeResultsDirectory="d82bd178-1cba-44db-98c4-b23433d346ec" />
    <UnitTestResult executionId="365d85dd-fc51-4eed-a6d4-5aa80e9a2dc3" testId="72c3e934-5f4f-f3fc-d049-02010e141373" testName="ReadXml_ShouldIgnoreUnknownAttributes_WhenAlways" computerName="DKSR-EFI-04" duration="00:00:00.0007273" startTime="2023-12-22T09:36:31.0341783+01:00" endTime="2023-12-22T09:36:31.0351329+01:00" testType="13cdc9d9-ddb5-4fa4-a97d-d965ccfc6d4b" outcome="Passed" testListId="8c84fa94-04c1-424b-9868-57a2d4851a1d" relativeResultsDirectory="365d85dd-fc51-4eed-a6d4-5aa80e9a2dc3" />
    <UnitTestResult executionId="eac3c15b-24f9-4a17-a0ea-cba6416ece61" testId="78d59ed4-95ad-480d-6b34-b1db04166f61" testName="Azimuth_ShouldThrowArgumentOfRange_WhenValueIsOutsideAcceptedRange" computerName="DKSR-EFI-04" duration="00:00:00.0018551" startTime="2023-12-22T09:36:31.3351781+01:00" endTime="2023-12-22T09:36:31.3372653+01:00" testType="13cdc9d9-ddb5-4fa4-a97d-d965ccfc6d4b" outcome="Passed" testListId="8c84fa94-04c1-424b-9868-57a2d4851a1d" relativeResultsDirectory="eac3c15b-24f9-4a17-a0ea-cba6416ece61" />
    <UnitTestResult executionId="676a5a1e-c719-4049-b8f2-b85fcf5352cf" testId="e52da296-c08b-e9c0-0216-381a1c8bbd9e" testName="ToJson_ListElement_Exception" computerName="DKSR-EFI-04" duration="00:00:00.0003963" startTime="2023-12-22T09:36:30.4982914+01:00" endTime="2023-12-22T09:36:30.4989767+01:00" testType="13cdc9d9-ddb5-4fa4-a97d-d965ccfc6d4b" outcome="Passed" testListId="8c84fa94-04c1-424b-9868-57a2d4851a1d" relativeResultsDirectory="676a5a1e-c719-4049-b8f2-b85fcf5352cf" />
    <UnitTestResult executionId="8b333c9e-b568-41d3-8cf2-3c1d0ac88201" testId="d78ddc2b-307f-bc26-2b15-e79e8f94ce76" testName="ReadXml_ShouldIgnoreRemovedChildren_WhenAlways" computerName="DKSR-EFI-04" duration="00:00:00.0003099" startTime="2023-12-22T09:36:30.9185696+01:00" endTime="2023-12-22T09:36:30.9191068+01:00" testType="13cdc9d9-ddb5-4fa4-a97d-d965ccfc6d4b" outcome="Passed" testListId="8c84fa94-04c1-424b-9868-57a2d4851a1d" relativeResultsDirectory="8b333c9e-b568-41d3-8cf2-3c1d0ac88201" />
    <UnitTestResult executionId="d9eca897-dfef-4f04-a009-fb422e79a9d4" testId="461331e3-222f-9745-91e1-804c09883ed3" testName="ToString_WithoutType" computerName="DKSR-EFI-04" duration="00:00:00.0007657" startTime="2023-12-22T09:36:31.8128362+01:00" endTime="2023-12-22T09:36:31.8138027+01:00" testType="13cdc9d9-ddb5-4fa4-a97d-d965ccfc6d4b" outcome="Passed" testListId="8c84fa94-04c1-424b-9868-57a2d4851a1d" relativeResultsDirectory="d9eca897-dfef-4f04-a009-fb422e79a9d4" />
    <UnitTestResult executionId="3540cc8a-5492-4f94-9e8b-463ed07a3e89" testId="c2f6ebcb-6563-8bdd-b77e-91b902f7eb14" testName="PatchItem_Camera_Success" computerName="DKSR-EFI-04" duration="00:00:00.1188122" startTime="2023-12-22T09:36:30.6082378+01:00" endTime="2023-12-22T09:36:30.7273882+01:00" testType="13cdc9d9-ddb5-4fa4-a97d-d965ccfc6d4b" outcome="Passed" testListId="8c84fa94-04c1-424b-9868-57a2d4851a1d" relativeResultsDirectory="3540cc8a-5492-4f94-9e8b-463ed07a3e89" />
    <UnitTestResult executionId="d5097640-f85f-4e80-87bc-ad04d3d9aedc" testId="67c0ea39-eacf-68a7-bc2c-66d2ee840cfb" testName="ToJson_ListElement_Array_Exception" computerName="DKSR-EFI-04" duration="00:00:00.0003450" startTime="2023-12-22T09:36:30.4997710+01:00" endTime="2023-12-22T09:36:30.5003579+01:00" testType="13cdc9d9-ddb5-4fa4-a97d-d965ccfc6d4b" outcome="Passed" testListId="8c84fa94-04c1-424b-9868-57a2d4851a1d" relativeResultsDirectory="d5097640-f85f-4e80-87bc-ad04d3d9aedc" />
    <UnitTestResult executionId="fdc26efb-98e0-465f-aed2-8dc5dd42d17a" testId="85b75f82-e414-01aa-d88b-66e9836d44fd" testName="Parse_DoubleArray" computerName="DKSR-EFI-04" duration="00:00:00.0003920" startTime="2023-12-22T09:36:30.4836875+01:00" endTime="2023-12-22T09:36:30.4842736+01:00" testType="13cdc9d9-ddb5-4fa4-a97d-d965ccfc6d4b" outcome="Passed" testListId="8c84fa94-04c1-424b-9868-57a2d4851a1d" relativeResultsDirectory="fdc26efb-98e0-465f-aed2-8dc5dd42d17a" />
    <UnitTestResult executionId="89aa38ce-a7f2-4352-8fac-bb9293d99c9a" testId="225e2319-c278-70af-0c9e-1f0e59bd70af" testName="ReadXml_ShouldDiscardScale_WhenIncompleteScaleIsPresent" computerName="DKSR-EFI-04" duration="00:00:00.0013366" startTime="2023-12-22T09:36:31.6272062+01:00" endTime="2023-12-22T09:36:31.6287503+01:00" testType="13cdc9d9-ddb5-4fa4-a97d-d965ccfc6d4b" outcome="Passed" testListId="8c84fa94-04c1-424b-9868-57a2d4851a1d" relativeResultsDirectory="89aa38ce-a7f2-4352-8fac-bb9293d99c9a" />
    <UnitTestResult executionId="63fed5a9-410b-47d5-83b7-adf65fb2976f" testId="ab8bb7fc-41b6-aa97-b7c5-389099b08870" testName="ReadXml_ShouldLogWarningOnlyOnceWithinOneMinute_WhenRequiredAttributeIsMissing" computerName="DKSR-EFI-04" duration="00:00:00.0010752" startTime="2023-12-22T09:36:31.5260602+01:00" endTime="2023-12-22T09:36:31.5273487+01:00" testType="13cdc9d9-ddb5-4fa4-a97d-d965ccfc6d4b" outcome="Passed" testListId="8c84fa94-04c1-424b-9868-57a2d4851a1d" relativeResultsDirectory="63fed5a9-410b-47d5-83b7-adf65fb2976f" />
    <UnitTestResult executionId="2514ba1c-f004-4550-8632-62521eed737c" testId="a78e107f-188e-49af-b7fb-8b9962cefe26" testName="ReadXml_ShouldSetAllFieldsToNull_WhenElementIsEmpty" computerName="DKSR-EFI-04" duration="00:00:00.0022622" startTime="2023-12-22T09:36:31.6147811+01:00" endTime="2023-12-22T09:36:31.6176068+01:00" testType="13cdc9d9-ddb5-4fa4-a97d-d965ccfc6d4b" outcome="Passed" testListId="8c84fa94-04c1-424b-9868-57a2d4851a1d" relativeResultsDirectory="2514ba1c-f004-4550-8632-62521eed737c" />
    <UnitTestResult executionId="e210123b-377b-4301-9485-8639e50d852d" testId="0bd5a705-f6f8-0f3a-8c3d-f1c97380c236" testName="WriteXml_ShouldWriteTranslateElement_WhenTranslateIsNotNull" computerName="DKSR-EFI-04" duration="00:00:00.0008373" startTime="2023-12-22T09:36:31.6638713+01:00" endTime="2023-12-22T09:36:31.6649267+01:00" testType="13cdc9d9-ddb5-4fa4-a97d-d965ccfc6d4b" outcome="Passed" testListId="8c84fa94-04c1-424b-9868-57a2d4851a1d" relativeResultsDirectory="e210123b-377b-4301-9485-8639e50d852d" />
    <UnitTestResult executionId="739f1ac5-e4f5-4623-b79d-2eacc683616a" testId="7290edfd-63e4-ce1e-5e90-49404c4483db" testName="Serialize_TestCases (Verify root Generic (null) property)" computerName="DKSR-EFI-04" duration="00:00:00.0003270" startTime="2023-12-22T09:36:28.2802467+01:00" endTime="2023-12-22T09:36:28.2808850+01:00" testType="13cdc9d9-ddb5-4fa4-a97d-d965ccfc6d4b" outcome="Passed" testListId="8c84fa94-04c1-424b-9868-57a2d4851a1d" relativeResultsDirectory="739f1ac5-e4f5-4623-b79d-2eacc683616a" />
    <UnitTestResult executionId="d818219b-ab08-496f-b162-dc4a1691a450" testId="7a7fdf06-c490-deb2-82e6-65e1294c3173" testName="AllAttributesWerePresent_ShouldReturnFalse_WhenYAttributeIsNotAFloat" computerName="DKSR-EFI-04" duration="00:00:00.0003649" startTime="2023-12-22T09:36:31.6847840+01:00" endTime="2023-12-22T09:36:31.6861850+01:00" testType="13cdc9d9-ddb5-4fa4-a97d-d965ccfc6d4b" outcome="Passed" testListId="8c84fa94-04c1-424b-9868-57a2d4851a1d" relativeResultsDirectory="d818219b-ab08-496f-b162-dc4a1691a450" />
    <UnitTestResult executionId="8fbbc5b3-ffa6-46c3-b165-ddc9f5d4a1ca" testId="70b9353b-f69e-de3b-fa95-c1f1c59d67f8" testName="Serialize_TestCases (TestParentTypeMatchCollectionNotThisTypeNotMatchedProperty)" computerName="DKSR-EFI-04" duration="00:00:00.0001846" startTime="2023-12-22T09:36:28.3744471+01:00" endTime="2023-12-22T09:36:28.3749403+01:00" testType="13cdc9d9-ddb5-4fa4-a97d-d965ccfc6d4b" outcome="Passed" testListId="8c84fa94-04c1-424b-9868-57a2d4851a1d" relativeResultsDirectory="8fbbc5b3-ffa6-46c3-b165-ddc9f5d4a1ca" />
    <UnitTestResult executionId="a506ebe1-3403-4b2a-a979-7d593798dce7" testId="ed293078-f25c-eb2e-8912-33515871c1a2" testName="Serialize_ShouldHandleRecursiveCollection" computerName="DKSR-EFI-04" duration="00:00:00.0076137" startTime="2023-12-22T09:36:28.1209682+01:00" endTime="2023-12-22T09:36:28.1288381+01:00" testType="13cdc9d9-ddb5-4fa4-a97d-d965ccfc6d4b" outcome="Passed" testListId="8c84fa94-04c1-424b-9868-57a2d4851a1d" relativeResultsDirectory="a506ebe1-3403-4b2a-a979-7d593798dce7" />
    <UnitTestResult executionId="b2d485d9-7ab8-4e81-9bac-1389678c5151" testId="20ff39df-6b6f-8d20-2277-72d3fc9ee983" testName="Convert_MultiArgumentConverter_ShouldNotAllowNullValue_WhenArgumentIsValueType" computerName="DKSR-EFI-04" duration="00:00:00.0010087" startTime="2023-12-22T09:36:23.5031994+01:00" endTime="2023-12-22T09:36:23.5044514+01:00" testType="13cdc9d9-ddb5-4fa4-a97d-d965ccfc6d4b" outcome="Passed" testListId="8c84fa94-04c1-424b-9868-57a2d4851a1d" relativeResultsDirectory="b2d485d9-7ab8-4e81-9bac-1389678c5151" />
    <UnitTestResult executionId="b6f7b6b1-67a9-44fb-99bd-14667615b9da" testId="8323b4f2-e9f8-2e2a-6f22-cc6a18906d5b" testName="SHA256Hex64_ShouldReturnSHAHash_WhenInputIsEmpty" computerName="DKSR-EFI-04" duration="00:00:00.0001860" startTime="2023-12-22T09:36:32.9794740+01:00" endTime="2023-12-22T09:36:32.9798381+01:00" testType="13cdc9d9-ddb5-4fa4-a97d-d965ccfc6d4b" outcome="Passed" testListId="8c84fa94-04c1-424b-9868-57a2d4851a1d" relativeResultsDirectory="b6f7b6b1-67a9-44fb-99bd-14667615b9da" />
    <UnitTestResult executionId="60872f20-9905-4ef3-928c-2250bb8a278f" testId="679fa446-5363-b4de-5431-4cdafa751f6b" testName="TestConstructor_MessageParametersAsWarning_Success" computerName="DKSR-EFI-04" duration="00:00:00.0002176" startTime="2023-12-22T09:36:30.3061591+01:00" endTime="2023-12-22T09:36:30.3065825+01:00" testType="13cdc9d9-ddb5-4fa4-a97d-d965ccfc6d4b" outcome="Passed" testListId="8c84fa94-04c1-424b-9868-57a2d4851a1d" relativeResultsDirectory="60872f20-9905-4ef3-928c-2250bb8a278f" />
    <UnitTestResult executionId="b6aa2b8d-0f78-4761-8550-eec637d801a0" testId="135d62c0-fe81-f46a-ce86-2cfe36dd8cc8" testName="Clear_ShouldRemoveAllDataFromCache_WhenAlways" computerName="DKSR-EFI-04" duration="00:00:00.0006890" startTime="2023-12-22T09:36:32.6822181+01:00" endTime="2023-12-22T09:36:32.6831122+01:00" testType="13cdc9d9-ddb5-4fa4-a97d-d965ccfc6d4b" outcome="Passed" testListId="8c84fa94-04c1-424b-9868-57a2d4851a1d" relativeResultsDirectory="b6aa2b8d-0f78-4761-8550-eec637d801a0" />
    <UnitTestResult executionId="4ce58f2d-c1a8-407b-bb10-ab3cc52eb03e" testId="9551a8f2-f5be-a617-500a-980790ba8737" testName="IsValid_ShouldReturnTrue_WhenTypeHasValueAndLikelihoodIsBetweenZeroAndOne" computerName="DKSR-EFI-04" duration="00:00:00.0002326" startTime="2023-12-22T09:36:30.9468056+01:00" endTime="2023-12-22T09:36:30.9472301+01:00" testType="13cdc9d9-ddb5-4fa4-a97d-d965ccfc6d4b" outcome="Passed" testListId="8c84fa94-04c1-424b-9868-57a2d4851a1d" relativeResultsDirectory="4ce58f2d-c1a8-407b-bb10-ab3cc52eb03e" />
    <UnitTestResult executionId="d854cb6a-97a4-4633-b1eb-91108090d118" testId="8bd9e66b-afe5-6a6c-4e29-a0b4f0e39174" testName="ReadXml_ShouldReadBoundingBoxContents_WhenBoundingBoxIsPresent" computerName="DKSR-EFI-04" duration="00:00:00.0017138" startTime="2023-12-22T09:36:31.5477149+01:00" endTime="2023-12-22T09:36:31.5496122+01:00" testType="13cdc9d9-ddb5-4fa4-a97d-d965ccfc6d4b" outcome="Passed" testListId="8c84fa94-04c1-424b-9868-57a2d4851a1d" relativeResultsDirectory="d854cb6a-97a4-4633-b1eb-91108090d118" />
    <UnitTestResult executionId="c0c5e796-9ae6-4211-8f46-282106eb2e1d" testId="d4fbe30b-c3a5-9110-1c8a-b21accc6c6ad" testName="GetMIPItem_Success" computerName="DKSR-EFI-04" duration="00:00:00.0021350" startTime="2023-12-22T09:36:30.6050355+01:00" endTime="2023-12-22T09:36:30.6074000+01:00" testType="13cdc9d9-ddb5-4fa4-a97d-d965ccfc6d4b" outcome="Passed" testListId="8c84fa94-04c1-424b-9868-57a2d4851a1d" relativeResultsDirectory="c0c5e796-9ae6-4211-8f46-282106eb2e1d" />
    <UnitTestResult executionId="745c591a-f418-457b-9b4a-681a8e65f6d0" testId="bfd791d4-3818-9f2c-b28d-53bbc42d1573" testName="AddFilterValue_NonExistingValue_NullFilter_Throws" computerName="DKSR-EFI-04" duration="00:00:00.0098728" startTime="2023-12-22T09:36:28.6683891+01:00" endTime="2023-12-22T09:36:28.6785539+01:00" testType="13cdc9d9-ddb5-4fa4-a97d-d965ccfc6d4b" outcome="Passed" testListId="8c84fa94-04c1-424b-9868-57a2d4851a1d" relativeResultsDirectory="745c591a-f418-457b-9b4a-681a8e65f6d0" />
    <UnitTestResult executionId="7da29fd2-cda0-4647-a9ca-ce65dc8d6556" testId="cc29216e-1cfd-6792-7ea1-15bf1c735835" testName="Add_ShouldUpdateEndCache_WhenOldEndTimeIsEarlierThanAdded" computerName="DKSR-EFI-04" duration="00:00:00.0213353" startTime="2023-12-22T09:36:33.0931642+01:00" endTime="2023-12-22T09:36:33.1147755+01:00" testType="13cdc9d9-ddb5-4fa4-a97d-d965ccfc6d4b" outcome="Passed" testListId="8c84fa94-04c1-424b-9868-57a2d4851a1d" relativeResultsDirectory="7da29fd2-cda0-4647-a9ca-ce65dc8d6556" />
    <UnitTestResult executionId="67ebf8d7-055a-4ba2-b07c-b5c51a5f3600" testId="6b9c0e82-f9ec-9ff8-f609-e65978a74cf5" testName="ReadXml_ShouldIgnoreBehaviour_WhenBehaviourIsPresenWithWrongNamespace" computerName="DKSR-EFI-04" duration="00:00:00.0002456" startTime="2023-12-22T09:36:31.4324692+01:00" endTime="2023-12-22T09:36:31.4329024+01:00" testType="13cdc9d9-ddb5-4fa4-a97d-d965ccfc6d4b" outcome="Passed" testListId="8c84fa94-04c1-424b-9868-57a2d4851a1d" relativeResultsDirectory="67ebf8d7-055a-4ba2-b07c-b5c51a5f3600" />
    <UnitTestResult executionId="058864b5-f8aa-47ef-91f8-f5c4c28fdb37" testId="6892fbdf-0dab-889b-326a-7904d2b9e728" testName="CreateSearchFilterEditControl_MultiplePluginsSameResultType_LastPluginWins" computerName="DKSR-EFI-04" duration="00:00:00.0029171" startTime="2023-12-22T09:36:29.9600867+01:00" endTime="2023-12-22T09:36:29.9926837+01:00" testType="13cdc9d9-ddb5-4fa4-a97d-d965ccfc6d4b" outcome="Passed" testListId="8c84fa94-04c1-424b-9868-57a2d4851a1d" relativeResultsDirectory="058864b5-f8aa-47ef-91f8-f5c4c28fdb37" />
    <UnitTestResult executionId="86357217-394f-4269-8a3b-0a555e3465d9" testId="a9799ecd-0497-10f5-66d2-b0667b4dc9d2" testName="Serialize_TestCases (Verify root String (not null) property)" computerName="DKSR-EFI-04" duration="00:00:00.0001888" startTime="2023-12-22T09:36:28.1926806+01:00" endTime="2023-12-22T09:36:28.1932123+01:00" testType="13cdc9d9-ddb5-4fa4-a97d-d965ccfc6d4b" outcome="Passed" testListId="8c84fa94-04c1-424b-9868-57a2d4851a1d" relativeResultsDirectory="86357217-394f-4269-8a3b-0a555e3465d9" />
    <UnitTestResult executionId="19da9c47-77dc-4d20-9b14-59b8423476f9" testId="47a53b29-7b9e-c9bf-9646-9c0d3127b256" testName="TestMultiLevelQueue_ParallelResourceProcessors_Success" computerName="DKSR-EFI-04" duration="00:00:00.3480735" startTime="2023-12-22T09:36:16.3280604+01:00" endTime="2023-12-22T09:36:16.6764308+01:00" testType="13cdc9d9-ddb5-4fa4-a97d-d965ccfc6d4b" outcome="Passed" testListId="8c84fa94-04c1-424b-9868-57a2d4851a1d" relativeResultsDirectory="19da9c47-77dc-4d20-9b14-59b8423476f9" />
    <UnitTestResult executionId="cf6f3c4a-50ab-4ea9-bf18-0b25424076c2" testId="e7a87b1a-469f-3c38-ddd6-29b9b9cbec00" testName="WriteXml_ShouldWriteBehaviourElement_WhenBehaviourIsNotNullAndHasBehaviour" computerName="DKSR-EFI-04" duration="00:00:00.0020270" startTime="2023-12-22T09:36:31.4416698+01:00" endTime="2023-12-22T09:36:31.4439043+01:00" testType="13cdc9d9-ddb5-4fa4-a97d-d965ccfc6d4b" outcome="Passed" testListId="8c84fa94-04c1-424b-9868-57a2d4851a1d" relativeResultsDirectory="cf6f3c4a-50ab-4ea9-bf18-0b25424076c2" />
    <UnitTestResult executionId="ecb6c45d-6868-45a6-b1ad-846541b99683" testId="fb06ac1d-f4a6-d9b4-8722-be97dde4c78f" testName="Match_Success_SystemTypeStartMatch_Single" computerName="DKSR-EFI-04" duration="00:00:00.0002958" startTime="2023-12-22T09:36:31.8017763+01:00" endTime="2023-12-22T09:36:31.8023007+01:00" testType="13cdc9d9-ddb5-4fa4-a97d-d965ccfc6d4b" outcome="Passed" testListId="8c84fa94-04c1-424b-9868-57a2d4851a1d" relativeResultsDirectory="ecb6c45d-6868-45a6-b1ad-846541b99683" />
    <UnitTestResult executionId="e0d46507-c63c-43ed-b3eb-6295cab0af70" testId="bc12b5e8-0d7d-7dd1-0756-b375b65700f8" testName="CountByItems_NotActivated_Expired_Missing" computerName="DKSR-EFI-04" duration="00:00:00.0010227" startTime="2023-12-22T09:36:32.4332945+01:00" endTime="2023-12-22T09:36:32.4345270+01:00" testType="13cdc9d9-ddb5-4fa4-a97d-d965ccfc6d4b" outcome="Passed" testListId="8c84fa94-04c1-424b-9868-57a2d4851a1d" relativeResultsDirectory="e0d46507-c63c-43ed-b3eb-6295cab0af70" />
    <UnitTestResult executionId="abbd740e-2f78-45f0-954f-02b9ffbe15a9" testId="b05d6f18-6593-4fdf-8277-2d819867e350" testName="GenerateDeviceCapabilityParameters_ShouldWriteTypeDisplayName_WhenAlways" computerName="DKSR-EFI-04" duration="00:00:00.0007923" startTime="2023-12-22T09:36:32.6897124+01:00" endTime="2023-12-22T09:36:32.6906999+01:00" testType="13cdc9d9-ddb5-4fa4-a97d-d965ccfc6d4b" outcome="Passed" testListId="8c84fa94-04c1-424b-9868-57a2d4851a1d" relativeResultsDirectory="abbd740e-2f78-45f0-954f-02b9ffbe15a9" />
    <UnitTestResult executionId="5179ada5-390c-47ca-9e65-72d953ac65c7" testId="92fdd030-3856-bf25-d99c-4aebc9a73c44" testName="GetPrevious_ShouldReturnEntryBeforeLastReturnedEntry_WhenFindCacheEntryAfterWasCalledAndThereIsAPreviousEntry" computerName="DKSR-EFI-04" duration="00:00:00.0003703" startTime="2023-12-22T09:36:32.6451987+01:00" endTime="2023-12-22T09:36:32.6457500+01:00" testType="13cdc9d9-ddb5-4fa4-a97d-d965ccfc6d4b" outcome="Passed" testListId="8c84fa94-04c1-424b-9868-57a2d4851a1d" relativeResultsDirectory="5179ada5-390c-47ca-9e65-72d953ac65c7" />
    <UnitTestResult executionId="7fa54bce-677a-45e0-9425-f22e1e3f4bc2" testId="6fccae5a-7804-fab5-2f9c-d8ea289560be" testName="ReadXml_ShouldIgnoreType_WhenTypeIsPresenWithWrongNamespace" computerName="DKSR-EFI-04" duration="00:00:00.0002993" startTime="2023-12-22T09:36:30.9692017+01:00" endTime="2023-12-22T09:36:30.9696983+01:00" testType="13cdc9d9-ddb5-4fa4-a97d-d965ccfc6d4b" outcome="Passed" testListId="8c84fa94-04c1-424b-9868-57a2d4851a1d" relativeResultsDirectory="7fa54bce-677a-45e0-9425-f22e1e3f4bc2" />
    <UnitTestResult executionId="37283d86-dbb5-409c-ba0d-3531a8b925a5" testId="12501656-668f-6d63-7f1a-8f8eefa16abe" testName="AddFilterValue_ExistingValue_NullValue_Throws" computerName="DKSR-EFI-04" duration="00:00:00.0004588" startTime="2023-12-22T09:36:28.7117383+01:00" endTime="2023-12-22T09:36:28.7124667+01:00" testType="13cdc9d9-ddb5-4fa4-a97d-d965ccfc6d4b" outcome="Passed" testListId="8c84fa94-04c1-424b-9868-57a2d4851a1d" relativeResultsDirectory="37283d86-dbb5-409c-ba0d-3531a8b925a5" />
    <UnitTestResult executionId="f2be5158-e036-4c29-9d23-a135a41c72c3" testId="ef9bc618-0b6a-337d-f408-8cefa3f67ba7" testName="TestConstructor_Success" computerName="DKSR-EFI-04" duration="00:00:00.0380365" startTime="2023-12-22T09:36:28.8172882+01:00" endTime="2023-12-22T09:36:28.8558682+01:00" testType="13cdc9d9-ddb5-4fa4-a97d-d965ccfc6d4b" outcome="Passed" testListId="8c84fa94-04c1-424b-9868-57a2d4851a1d" relativeResultsDirectory="f2be5158-e036-4c29-9d23-a135a41c72c3" />
    <UnitTestResult executionId="feffedf1-764d-4f7b-9235-997fb5939e02" testId="f03417c3-eb2e-18cd-8003-c8d213c40e6f" testName="IsCriteriaAccepted_WithKindsFilter_WhenItemKindIsNotValid_False" computerName="DKSR-EFI-04" duration="00:00:00.0019099" startTime="2023-12-22T09:36:22.9529756+01:00" endTime="2023-12-22T09:36:22.9551460+01:00" testType="13cdc9d9-ddb5-4fa4-a97d-d965ccfc6d4b" outcome="Passed" testListId="8c84fa94-04c1-424b-9868-57a2d4851a1d" relativeResultsDirectory="feffedf1-764d-4f7b-9235-997fb5939e02" />
    <UnitTestResult executionId="90cecb17-8a6c-46aa-881e-4ee02fa1c142" testId="b48b0061-7548-695a-aa72-eca672007f65" testName="ProvideValue_ShouldChangeContent_WhenItemDataPropertyNameChangesFromNullToValue" computerName="DKSR-EFI-04" duration="00:00:00.0312558" startTime="2023-12-22T09:36:25.3681602+01:00" endTime="2023-12-22T09:36:25.5962387+01:00" testType="13cdc9d9-ddb5-4fa4-a97d-d965ccfc6d4b" outcome="Passed" testListId="8c84fa94-04c1-424b-9868-57a2d4851a1d" relativeResultsDirectory="90cecb17-8a6c-46aa-881e-4ee02fa1c142" />
    <UnitTestResult executionId="39178563-021d-4819-8b71-80b38a5b8110" testId="ee341f6d-4feb-cbd8-824e-87dfe9d62513" testName="ReadXml_ShouldIgnoreUnknownChildren_WhenUnknownChildrenArePresent" computerName="DKSR-EFI-04" duration="00:00:00.0008619" startTime="2023-12-22T09:36:31.2792378+01:00" endTime="2023-12-22T09:36:31.2802973+01:00" testType="13cdc9d9-ddb5-4fa4-a97d-d965ccfc6d4b" outcome="Passed" testListId="8c84fa94-04c1-424b-9868-57a2d4851a1d" relativeResultsDirectory="39178563-021d-4819-8b71-80b38a5b8110" />
    <UnitTestResult executionId="12e42cd4-ab0d-48c2-8555-fffc3a14e538" testId="6a5b7ab3-aa94-4efe-2c3f-1fc918bed002" testName="ReadXml_ShouldReadTransformationContents_WhenTransformationIsPresent" computerName="DKSR-EFI-04" duration="00:00:00.0017679" startTime="2023-12-22T09:36:30.8321200+01:00" endTime="2023-12-22T09:36:30.8340889+01:00" testType="13cdc9d9-ddb5-4fa4-a97d-d965ccfc6d4b" outcome="Passed" testListId="8c84fa94-04c1-424b-9868-57a2d4851a1d" relativeResultsDirectory="12e42cd4-ab0d-48c2-8555-fffc3a14e538" />
    <UnitTestResult executionId="3534c515-82e3-47a0-be72-8bc3aebf7ddf" testId="2290dc93-26ef-2adf-bfc4-c74fcd6396b2" testName="LoadedEvent_ShouldAddProxyManager_WhenFrameworkElementIsLoadedAtLaterStage" computerName="DKSR-EFI-04" duration="00:00:00.0058347" startTime="2023-12-22T09:36:28.5907824+01:00" endTime="2023-12-22T09:36:28.5995764+01:00" testType="13cdc9d9-ddb5-4fa4-a97d-d965ccfc6d4b" outcome="Passed" testListId="8c84fa94-04c1-424b-9868-57a2d4851a1d" relativeResultsDirectory="3534c515-82e3-47a0-be72-8bc3aebf7ddf" />
    <UnitTestResult executionId="581ad73b-1b66-4bb7-b997-16afe61a2b2b" testId="2516f5ca-d06b-43f0-8619-b53bdf03ad3b" testName="GetParent_IsNull" computerName="DKSR-EFI-04" duration="00:00:00.0012996" startTime="2023-12-22T09:36:02.7141342+01:00" endTime="2023-12-22T09:36:02.7155503+01:00" testType="13cdc9d9-ddb5-4fa4-a97d-d965ccfc6d4b" outcome="Passed" testListId="8c84fa94-04c1-424b-9868-57a2d4851a1d" relativeResultsDirectory="581ad73b-1b66-4bb7-b997-16afe61a2b2b" />
    <UnitTestResult executionId="b43e9f54-d82a-422d-af8c-b5ab838a462c" testId="f4009c20-ddf4-5439-9b3f-52d8d564e525" testName="TestConstructor_Success" computerName="DKSR-EFI-04" duration="00:00:00.0013018" startTime="2023-12-22T09:36:30.3107386+01:00" endTime="2023-12-22T09:36:30.3123454+01:00" testType="13cdc9d9-ddb5-4fa4-a97d-d965ccfc6d4b" outcome="Passed" testListId="8c84fa94-04c1-424b-9868-57a2d4851a1d" relativeResultsDirectory="b43e9f54-d82a-422d-af8c-b5ab838a462c" />
    <UnitTestResult executionId="07c4d4c9-d6c0-4bed-a8bc-ca6a673652ff" testId="3c6ad7f5-47ac-d2a1-3c86-5077b25134ea" testName="Deserialize_Camera_FieldValues_checked" computerName="DKSR-EFI-04" duration="00:00:00.0006151" startTime="2023-12-22T09:36:02.6016048+01:00" endTime="2023-12-22T09:36:02.6023957+01:00" testType="13cdc9d9-ddb5-4fa4-a97d-d965ccfc6d4b" outcome="Passed" testListId="8c84fa94-04c1-424b-9868-57a2d4851a1d" relativeResultsDirectory="07c4d4c9-d6c0-4bed-a8bc-ca6a673652ff" />
    <UnitTestResult executionId="40427d75-b6dc-46ea-b9c6-0e0b8dfdd177" testId="520094b8-4b75-11e8-c310-4fbb0ad15d04" testName="ReadXml_ShouldReadHorizontalAccuracy_WhenHorizontalAccuracyIsPresent" computerName="DKSR-EFI-04" duration="00:00:00.0002761" startTime="2023-12-22T09:36:31.3498021+01:00" endTime="2023-12-22T09:36:31.3502702+01:00" testType="13cdc9d9-ddb5-4fa4-a97d-d965ccfc6d4b" outcome="Passed" testListId="8c84fa94-04c1-424b-9868-57a2d4851a1d" relativeResultsDirectory="40427d75-b6dc-46ea-b9c6-0e0b8dfdd177" />
    <UnitTestResult executionId="7f5a4bce-491b-4014-b09a-970882636856" testId="cd7f7ed7-88a6-0fa2-919b-8f85deed3b1c" testName="SearchResultData_EndTimeWithPaddingUnset_ShouldReturnEndTime" computerName="DKSR-EFI-04" duration="00:00:00.0001822" startTime="2023-12-22T09:36:29.1742868+01:00" endTime="2023-12-22T09:36:29.1746558+01:00" testType="13cdc9d9-ddb5-4fa4-a97d-d965ccfc6d4b" outcome="Passed" testListId="8c84fa94-04c1-424b-9868-57a2d4851a1d" relativeResultsDirectory="7f5a4bce-491b-4014-b09a-970882636856" />
    <UnitTestResult executionId="b4980556-de4c-47a1-b2d0-6a3963f3c574" testId="09fa2387-002a-88c8-0b1c-134e9e315493" testName="GetIdFromPath_ShouldReturnNull_FromIncorrectPath" computerName="DKSR-EFI-04" duration="00:00:00.0001670" startTime="2023-12-22T09:36:32.9960610+01:00" endTime="2023-12-22T09:36:32.9963942+01:00" testType="13cdc9d9-ddb5-4fa4-a97d-d965ccfc6d4b" outcome="Passed" testListId="8c84fa94-04c1-424b-9868-57a2d4851a1d" relativeResultsDirectory="b4980556-de4c-47a1-b2d0-6a3963f3c574" />
    <UnitTestResult executionId="3e7f8ab6-c563-430c-af2f-43802c62647d" testId="dac52339-d9a8-d082-49c1-4cb11ce915ee" testName="Flush_OtherKIndShouldNotImpack" computerName="DKSR-EFI-04" duration="00:00:00.0003859" startTime="2023-12-22T09:36:05.2456460+01:00" endTime="2023-12-22T09:36:05.2461424+01:00" testType="13cdc9d9-ddb5-4fa4-a97d-d965ccfc6d4b" outcome="Passed" testListId="8c84fa94-04c1-424b-9868-57a2d4851a1d" relativeResultsDirectory="3e7f8ab6-c563-430c-af2f-43802c62647d" />
    <UnitTestResult executionId="8a17f36f-3db7-435a-8a25-5dd7c2f9c852" testId="4f197c17-4790-58f8-b53d-dcb8083dcd6a" testName="ReadXml_ShouldIgnoreLikelihood_WheLikelihoodIsPresenWithWrongNamespace" computerName="DKSR-EFI-04" duration="00:00:00.0003150" startTime="2023-12-22T09:36:30.9704822+01:00" endTime="2023-12-22T09:36:30.9709893+01:00" testType="13cdc9d9-ddb5-4fa4-a97d-d965ccfc6d4b" outcome="Passed" testListId="8c84fa94-04c1-424b-9868-57a2d4851a1d" relativeResultsDirectory="8a17f36f-3db7-435a-8a25-5dd7c2f9c852" />
    <UnitTestResult executionId="61846f47-727c-48df-9d36-15542cc56676" testId="0daed256-eb5b-ff97-e9ff-02ba280c96b0" testName="ReadXml_ShouldReadBoundingBoxAppearanceExtension_WhenBoundingBoxAppearanceExtensionIsPresent" computerName="DKSR-EFI-04" duration="00:00:00.0018717" startTime="2023-12-22T09:36:31.5601820+01:00" endTime="2023-12-22T09:36:31.5622480+01:00" testType="13cdc9d9-ddb5-4fa4-a97d-d965ccfc6d4b" outcome="Passed" testListId="8c84fa94-04c1-424b-9868-57a2d4851a1d" relativeResultsDirectory="61846f47-727c-48df-9d36-15542cc56676" />
    <UnitTestResult executionId="9d5e114b-58c8-4e13-aa78-ea0839454ff7" testId="ae12437f-7020-f7d7-46c0-7bcbf7d4412c" testName="ReadXml_ShouldReadCenterOfGravityContents_WhenCenterOfGravityIsPresent" computerName="DKSR-EFI-04" duration="00:00:00.0012567" startTime="2023-12-22T09:36:31.5568852+01:00" endTime="2023-12-22T09:36:31.5583147+01:00" testType="13cdc9d9-ddb5-4fa4-a97d-d965ccfc6d4b" outcome="Passed" testListId="8c84fa94-04c1-424b-9868-57a2d4851a1d" relativeResultsDirectory="9d5e114b-58c8-4e13-aa78-ea0839454ff7" />
    <UnitTestResult executionId="9ad529d9-c287-40d5-9c7d-b49fa9004a89" testId="9f4b8baa-3d93-c3b8-cb10-c40ec85c9336" testName="IconOverlay_VaryingOverlays_Success" computerName="DKSR-EFI-04" duration="00:00:00.0113637" startTime="2023-12-22T09:36:03.3269322+01:00" endTime="2023-12-22T09:36:03.3385124+01:00" testType="13cdc9d9-ddb5-4fa4-a97d-d965ccfc6d4b" outcome="Passed" testListId="8c84fa94-04c1-424b-9868-57a2d4851a1d" relativeResultsDirectory="9ad529d9-c287-40d5-9c7d-b49fa9004a89" />
    <UnitTestResult executionId="a74a18db-c5e8-4943-b695-8af2840225e2" testId="e997866d-eebf-79e1-ae85-52bd5aa489c9" testName="IsEmptyValue_StringFilterValue_Whitespaces_ReturnsTrue" computerName="DKSR-EFI-04" duration="00:00:00.0001837" startTime="2023-12-22T09:36:28.8018846+01:00" endTime="2023-12-22T09:36:28.8022667+01:00" testType="13cdc9d9-ddb5-4fa4-a97d-d965ccfc6d4b" outcome="Passed" testListId="8c84fa94-04c1-424b-9868-57a2d4851a1d" relativeResultsDirectory="a74a18db-c5e8-4943-b695-8af2840225e2" />
    <UnitTestResult executionId="c59649bf-fb42-4b1f-8bae-925905f2bb7d" testId="11a66fc8-e44f-e614-4b59-2054ed6010ca" testName="ReadXml_ShouldReadType_WhenCorrectTypeIsPresent" computerName="DKSR-EFI-04" duration="00:00:00.0003396" startTime="2023-12-22T09:36:30.9636238+01:00" endTime="2023-12-22T09:36:30.9641565+01:00" testType="13cdc9d9-ddb5-4fa4-a97d-d965ccfc6d4b" outcome="Passed" testListId="8c84fa94-04c1-424b-9868-57a2d4851a1d" relativeResultsDirectory="c59649bf-fb42-4b1f-8bae-925905f2bb7d" />
    <UnitTestResult executionId="c97dbadf-bc78-44ca-b058-8b20775b13af" testId="a6c85b3a-5f84-4859-aef3-09060d5afd98" testName="Contains_Success" computerName="DKSR-EFI-04" duration="00:00:00.0108144" startTime="2023-12-22T09:36:03.1121901+01:00" endTime="2023-12-22T09:36:03.1231957+01:00" testType="13cdc9d9-ddb5-4fa4-a97d-d965ccfc6d4b" outcome="Passed" testListId="8c84fa94-04c1-424b-9868-57a2d4851a1d" relativeResultsDirectory="c97dbadf-bc78-44ca-b058-8b20775b13af" />
    <UnitTestResult executionId="6978e90a-b491-4929-a97a-cce0aa7a97ce" testId="3e139534-4575-a050-7dfe-191f8507593f" testName="CreateSearchFilterEditControl_SinglePluginMultipleSearchResultTypes_Success" computerName="DKSR-EFI-04" duration="00:00:00.0042019" startTime="2023-12-22T09:36:30.0246651+01:00" endTime="2023-12-22T09:36:30.0503566+01:00" testType="13cdc9d9-ddb5-4fa4-a97d-d965ccfc6d4b" outcome="Passed" testListId="8c84fa94-04c1-424b-9868-57a2d4851a1d" relativeResultsDirectory="6978e90a-b491-4929-a97a-cce0aa7a97ce" />
    <UnitTestResult executionId="c8d7786b-143f-4b2c-a3f2-1be50e273e81" testId="7d1d1f41-0e54-d040-359b-6620ce0f7c85" testName="Serialize_TestCases (Verify root Bool property)" computerName="DKSR-EFI-04" duration="00:00:00.0045177" startTime="2023-12-22T09:36:28.1940821+01:00" endTime="2023-12-22T09:36:28.1989304+01:00" testType="13cdc9d9-ddb5-4fa4-a97d-d965ccfc6d4b" outcome="Passed" testListId="8c84fa94-04c1-424b-9868-57a2d4851a1d" relativeResultsDirectory="c8d7786b-143f-4b2c-a3f2-1be50e273e81" />
    <UnitTestResult executionId="984db7fc-d5dc-4c73-8f43-7f71f46ce947" testId="88133fd3-9167-6134-2a3f-9488dba78659" testName="Add_SameKeyTwice_PreviousValueOverwritten" computerName="DKSR-EFI-04" duration="00:00:00.0003286" startTime="2023-12-22T09:36:15.5033204+01:00" endTime="2023-12-22T09:36:15.5038095+01:00" testType="13cdc9d9-ddb5-4fa4-a97d-d965ccfc6d4b" outcome="Passed" testListId="8c84fa94-04c1-424b-9868-57a2d4851a1d" relativeResultsDirectory="984db7fc-d5dc-4c73-8f43-7f71f46ce947" />
    <UnitTestResult executionId="4c74f2ff-95ab-4938-80e5-31f6d119254e" testId="fc1fc2c4-ffdf-b544-ce27-92bf115fe30b" testName="Items_EmptyList_TreeviewEmpty" computerName="DKSR-EFI-04" duration="00:00:00.0559869" startTime="2023-12-22T09:36:22.8854934+01:00" endTime="2023-12-22T09:36:22.9417277+01:00" testType="13cdc9d9-ddb5-4fa4-a97d-d965ccfc6d4b" outcome="Passed" testListId="8c84fa94-04c1-424b-9868-57a2d4851a1d" relativeResultsDirectory="4c74f2ff-95ab-4938-80e5-31f6d119254e" />
    <UnitTestResult executionId="3955a832-f70d-4037-a4fe-88595d0a98c9" testId="a9f5292d-e31f-a581-3eed-5680d989d123" testName="GetItem_ShouldReturnNull_WhenUnknownKind" computerName="DKSR-EFI-04" duration="00:00:00.0003465" startTime="2023-12-22T09:36:05.1928758+01:00" endTime="2023-12-22T09:36:05.1933943+01:00" testType="13cdc9d9-ddb5-4fa4-a97d-d965ccfc6d4b" outcome="Passed" testListId="8c84fa94-04c1-424b-9868-57a2d4851a1d" relativeResultsDirectory="3955a832-f70d-4037-a4fe-88595d0a98c9" />
    <UnitTestResult executionId="09f9a1a5-02cb-4e68-9d9f-508ba073b3d7" testId="16dd1f98-130f-f1f5-491b-90125b059034" testName="AppendItemPicked_MultiSelect_TryAddSameItems_ItemsNotAdded" computerName="DKSR-EFI-04" duration="00:00:00.0015565" startTime="2023-12-22T09:36:22.9691619+01:00" endTime="2023-12-22T09:36:22.9709350+01:00" testType="13cdc9d9-ddb5-4fa4-a97d-d965ccfc6d4b" outcome="Passed" testListId="8c84fa94-04c1-424b-9868-57a2d4851a1d" relativeResultsDirectory="09f9a1a5-02cb-4e68-9d9f-508ba073b3d7" />
    <UnitTestResult executionId="f998d9c0-c72d-4db8-ac76-f9f739c92787" testId="0604c1ff-5540-6793-d2f8-19a426df7742" testName="GetChildItems_ShouldReturnItems_WhenAllAreAdded" computerName="DKSR-EFI-04" duration="00:00:00.0018496" startTime="2023-12-22T09:36:05.2373997+01:00" endTime="2023-12-22T09:36:05.2394287+01:00" testType="13cdc9d9-ddb5-4fa4-a97d-d965ccfc6d4b" outcome="Passed" testListId="8c84fa94-04c1-424b-9868-57a2d4851a1d" relativeResultsDirectory="f998d9c0-c72d-4db8-ac76-f9f739c92787" />
    <UnitTestResult executionId="dcd89818-afe6-41ae-974d-0847a4de7b7e" testId="2278707c-4cb1-7a76-66a2-6338bd3a574d" testName="Equals_ShouldHaveValueSemantics_Always" computerName="DKSR-EFI-04" duration="00:00:00.0005824" startTime="2023-12-22T09:36:31.0151515+01:00" endTime="2023-12-22T09:36:31.0159475+01:00" testType="13cdc9d9-ddb5-4fa4-a97d-d965ccfc6d4b" outcome="Passed" testListId="8c84fa94-04c1-424b-9868-57a2d4851a1d" relativeResultsDirectory="dcd89818-afe6-41ae-974d-0847a4de7b7e" />
    <UnitTestResult executionId="f4d69de3-b185-4d2f-bdbd-cf4760a70956" testId="66298706-cc94-6c9f-0a35-7ab07950020d" testName="GetBegin_ShouldReturnNull_WhenToolkitReturnsResponseWithNullDataList" computerName="DKSR-EFI-04" duration="00:00:00.0016126" startTime="2023-12-22T09:36:32.8193934+01:00" endTime="2023-12-22T09:36:32.8212111+01:00" testType="13cdc9d9-ddb5-4fa4-a97d-d965ccfc6d4b" outcome="Passed" testListId="8c84fa94-04c1-424b-9868-57a2d4851a1d" relativeResultsDirectory="f4d69de3-b185-4d2f-bdbd-cf4760a70956" />
    <UnitTestResult executionId="2c2b4882-c853-424c-8971-079c17213bb7" testId="2a445259-81b4-7d21-8522-cb29686e8b5b" testName="CreateSearchResultUserControl_SinglePlugin_Success" computerName="DKSR-EFI-04" duration="00:00:00.0921409" startTime="2023-12-22T09:36:29.4496142+01:00" endTime="2023-12-22T09:36:29.7003597+01:00" testType="13cdc9d9-ddb5-4fa4-a97d-d965ccfc6d4b" outcome="Passed" testListId="8c84fa94-04c1-424b-9868-57a2d4851a1d" relativeResultsDirectory="2c2b4882-c853-424c-8971-079c17213bb7" />
    <UnitTestResult executionId="36d11754-0a33-4fa1-876f-9f093aba75ba" testId="a67dddae-fbaa-38ff-493a-4fb494200940" testName="Serialize_Camera_Checked" computerName="DKSR-EFI-04" duration="00:00:00.0004060" startTime="2023-12-22T09:36:02.6700709+01:00" endTime="2023-12-22T09:36:02.6705965+01:00" testType="13cdc9d9-ddb5-4fa4-a97d-d965ccfc6d4b" outcome="Passed" testListId="8c84fa94-04c1-424b-9868-57a2d4851a1d" relativeResultsDirectory="36d11754-0a33-4fa1-876f-9f093aba75ba" />
    <UnitTestResult executionId="18a88c56-cb54-48c0-8011-bc40828e6f57" testId="4fc7265c-8aa9-4dcf-df19-f51dedafe8a7" testName="WriteXml_ShouldOmitBoundingBoxAppearanceElements_WhenTheyAreNotPresent" computerName="DKSR-EFI-04" duration="00:00:00.0011374" startTime="2023-12-22T09:36:31.6046430+01:00" endTime="2023-12-22T09:36:31.6059910+01:00" testType="13cdc9d9-ddb5-4fa4-a97d-d965ccfc6d4b" outcome="Passed" testListId="8c84fa94-04c1-424b-9868-57a2d4851a1d" relativeResultsDirectory="18a88c56-cb54-48c0-8011-bc40828e6f57" />
    <UnitTestResult executionId="7767c166-f479-405c-ac8b-d71dc22992ad" testId="88aa33f2-80ef-ffeb-281e-b6e341b95ce9" testName="Serialize_Deserialize_WithSpecialChars" computerName="DKSR-EFI-04" duration="00:00:00.0110003" startTime="2023-12-22T09:36:03.7172962+01:00" endTime="2023-12-22T09:36:03.7285012+01:00" testType="13cdc9d9-ddb5-4fa4-a97d-d965ccfc6d4b" outcome="Passed" testListId="8c84fa94-04c1-424b-9868-57a2d4851a1d" relativeResultsDirectory="7767c166-f479-405c-ac8b-d71dc22992ad" />
    <UnitTestResult executionId="543287f9-b2ef-4231-a81b-8afcd6ff641a" testId="c3df773c-1590-2c82-5cd8-cf0a4f3a6afc" testName="GetLicensePlateFilterValue_FilterValueMissing_ReturnsEmptyCollection" computerName="DKSR-EFI-04" duration="00:00:00.0011357" startTime="2023-12-22T09:36:30.2831328+01:00" endTime="2023-12-22T09:36:30.2850637+01:00" testType="13cdc9d9-ddb5-4fa4-a97d-d965ccfc6d4b" outcome="Passed" testListId="8c84fa94-04c1-424b-9868-57a2d4851a1d" relativeResultsDirectory="543287f9-b2ef-4231-a81b-8afcd6ff641a" />
    <UnitTestResult executionId="a22dcc74-8780-44e6-9957-cfd945aff5e1" testId="cb3227bb-d1a5-0c0d-9089-9f393e7c3688" testName="Constructor_ShouldThrowArgumentException_WhenModelIsWhiteSpaceOrEmpty" computerName="DKSR-EFI-04" duration="00:00:00.0006443" startTime="2023-12-22T09:36:32.5899244+01:00" endTime="2023-12-22T09:36:32.5907744+01:00" testType="13cdc9d9-ddb5-4fa4-a97d-d965ccfc6d4b" outcome="Passed" testListId="8c84fa94-04c1-424b-9868-57a2d4851a1d" relativeResultsDirectory="a22dcc74-8780-44e6-9957-cfd945aff5e1" />
    <UnitTestResult executionId="2bc80551-f862-4906-9c2a-599a9cdb658a" testId="8f3b8a17-8863-f4c3-5425-91ed08db45b8" testName="IsCriteriaAccepted_ValidItem_True" computerName="DKSR-EFI-04" duration="00:00:00.0007570" startTime="2023-12-22T09:36:22.9559844+01:00" endTime="2023-12-22T09:36:22.9569821+01:00" testType="13cdc9d9-ddb5-4fa4-a97d-d965ccfc6d4b" outcome="Passed" testListId="8c84fa94-04c1-424b-9868-57a2d4851a1d" relativeResultsDirectory="2bc80551-f862-4906-9c2a-599a9cdb658a" />
    <UnitTestResult executionId="e219582f-6e70-4959-b6e5-770d4057d2de" testId="25d2ce81-b800-30ed-a9ff-8db2b7fca025" testName="GenerateParameters_ShouldWriteSerialNr_WhenSerialNrIsNotNull" computerName="DKSR-EFI-04" duration="00:00:00.0003096" startTime="2023-12-22T09:36:32.6035311+01:00" endTime="2023-12-22T09:36:32.6040289+01:00" testType="13cdc9d9-ddb5-4fa4-a97d-d965ccfc6d4b" outcome="Passed" testListId="8c84fa94-04c1-424b-9868-57a2d4851a1d" relativeResultsDirectory="e219582f-6e70-4959-b6e5-770d4057d2de" />
    <UnitTestResult executionId="704d0e45-5a1b-497c-b0d7-326bbc65ca43" testId="8f3e0927-dc62-09dc-c947-424695b8bc40" testName="WriteXml_ShouldWriteBoundingBoxAppearanceElements_WhenTheyArePresent" computerName="DKSR-EFI-04" duration="00:00:00.0013619" startTime="2023-12-22T09:36:31.6068167+01:00" endTime="2023-12-22T09:36:31.6083864+01:00" testType="13cdc9d9-ddb5-4fa4-a97d-d965ccfc6d4b" outcome="Passed" testListId="8c84fa94-04c1-424b-9868-57a2d4851a1d" relativeResultsDirectory="704d0e45-5a1b-497c-b0d7-326bbc65ca43" />
    <UnitTestResult executionId="1fa71a0c-2256-4462-8366-ed9427203fcc" testId="e9dfb445-64b1-c8bd-bc01-6330550b105e" testName="GenerateDeviceParameters_ShouldOmitGop_WhenGopIsZero" computerName="DKSR-EFI-04" duration="00:00:00.0007800" startTime="2023-12-22T09:36:32.5327300+01:00" endTime="2023-12-22T09:36:32.5337151+01:00" testType="13cdc9d9-ddb5-4fa4-a97d-d965ccfc6d4b" outcome="Passed" testListId="8c84fa94-04c1-424b-9868-57a2d4851a1d" relativeResultsDirectory="1fa71a0c-2256-4462-8366-ed9427203fcc" />
    <UnitTestResult executionId="47700d1b-69b1-4394-a86d-780fdb20dd64" testId="a42de255-353b-3499-e7ec-b18bd5c29a5c" testName="ReadXml_ShouldDiscardTranslate_WhenIncompleteTranslateIsPresent" computerName="DKSR-EFI-04" duration="00:00:00.0010871" startTime="2023-12-22T09:36:31.6368988+01:00" endTime="2023-12-22T09:36:31.6381959+01:00" testType="13cdc9d9-ddb5-4fa4-a97d-d965ccfc6d4b" outcome="Passed" testListId="8c84fa94-04c1-424b-9868-57a2d4851a1d" relativeResultsDirectory="47700d1b-69b1-4394-a86d-780fdb20dd64" />
    <UnitTestResult executionId="0341e917-e962-4a22-832c-c4945fd5ba23" testId="dd6afc15-10c5-b303-c76e-273eabfa3bb0" testName="GenerateParameters_ShouldWriteFpsRange_WhenFpsRangeIsNotNull" computerName="DKSR-EFI-04" duration="00:00:00.0004724" startTime="2023-12-22T09:36:32.5295621+01:00" endTime="2023-12-22T09:36:32.5302295+01:00" testType="13cdc9d9-ddb5-4fa4-a97d-d965ccfc6d4b" outcome="Passed" testListId="8c84fa94-04c1-424b-9868-57a2d4851a1d" relativeResultsDirectory="0341e917-e962-4a22-832c-c4945fd5ba23" />
    <UnitTestResult executionId="af637517-54b7-44be-b96b-8d2cec7082c2" testId="500146c2-0fce-a8b0-1f53-7fbec0f9bacd" testName="Serialize_ShouldHandleSelfReferencing" computerName="DKSR-EFI-04" duration="00:00:00.0022964" startTime="2023-12-22T09:36:28.1331881+01:00" endTime="2023-12-22T09:36:28.1358172+01:00" testType="13cdc9d9-ddb5-4fa4-a97d-d965ccfc6d4b" outcome="Passed" testListId="8c84fa94-04c1-424b-9868-57a2d4851a1d" relativeResultsDirectory="af637517-54b7-44be-b96b-8d2cec7082c2" />
    <UnitTestResult executionId="c0fc66de-f84d-468f-8ac2-ae1e628de718" testId="fc700c0a-f7f2-a9aa-c628-23e607736cb2" testName="IsEmptyValue_StringFilterValue_WithCharacters_ReturnsFalse" computerName="DKSR-EFI-04" duration="00:00:00.0001604" startTime="2023-12-22T09:36:28.8029954+01:00" endTime="2023-12-22T09:36:28.8033480+01:00" testType="13cdc9d9-ddb5-4fa4-a97d-d965ccfc6d4b" outcome="Passed" testListId="8c84fa94-04c1-424b-9868-57a2d4851a1d" relativeResultsDirectory="c0fc66de-f84d-468f-8ac2-ae1e628de718" />
    <UnitTestResult executionId="bd13a890-51d5-4219-96bb-a609f8ef09fe" testId="b0ea56fc-56fe-34ff-f18f-05cf3640650e" testName="RemoveFilterValue_UnknownFilter_DoesNothing" computerName="DKSR-EFI-04" duration="00:00:00.0008647" startTime="2023-12-22T09:36:28.7222656+01:00" endTime="2023-12-22T09:36:28.7234232+01:00" testType="13cdc9d9-ddb5-4fa4-a97d-d965ccfc6d4b" outcome="Passed" testListId="8c84fa94-04c1-424b-9868-57a2d4851a1d" relativeResultsDirectory="bd13a890-51d5-4219-96bb-a609f8ef09fe" />
    <UnitTestResult executionId="e0eaab23-a64c-4a23-bb49-bfd5c5c96ef5" testId="01799474-13c9-ef07-91a0-a707eadf879a" testName="Decrypt_ShouldDecryptEncryptedInput" computerName="DKSR-EFI-04" duration="00:00:00.0054903" startTime="2023-12-22T09:36:32.3668062+01:00" endTime="2023-12-22T09:36:32.3724978+01:00" testType="13cdc9d9-ddb5-4fa4-a97d-d965ccfc6d4b" outcome="Passed" testListId="8c84fa94-04c1-424b-9868-57a2d4851a1d" relativeResultsDirectory="e0eaab23-a64c-4a23-bb49-bfd5c5c96ef5" />
    <UnitTestResult executionId="946fe479-89b1-41d8-8059-6b5dd3ab508e" testId="dbc25ad9-20cc-4d18-73ef-8500a4d4137f" testName="MarkupExtension_ShouldClearContentTemplate_WhenContentTemplateOnSelectedItemChangesToNull" computerName="DKSR-EFI-04" duration="00:00:00.0134590" startTime="2023-12-22T09:36:26.8050709+01:00" endTime="2023-12-22T09:36:26.8640252+01:00" testType="13cdc9d9-ddb5-4fa4-a97d-d965ccfc6d4b" outcome="Passed" testListId="8c84fa94-04c1-424b-9868-57a2d4851a1d" relativeResultsDirectory="946fe479-89b1-41d8-8059-6b5dd3ab508e" />
    <UnitTestResult executionId="0bf2ddd2-4258-4048-ac04-271dc373c66f" testId="d2eb1662-6b70-63d0-d71c-7f9ecf6fdd7d" testName="SearchResultData_TriggerTime_Success" computerName="DKSR-EFI-04" duration="00:00:00.0002194" startTime="2023-12-22T09:36:29.1646437+01:00" endTime="2023-12-22T09:36:29.1650606+01:00" testType="13cdc9d9-ddb5-4fa4-a97d-d965ccfc6d4b" outcome="Passed" testListId="8c84fa94-04c1-424b-9868-57a2d4851a1d" relativeResultsDirectory="0bf2ddd2-4258-4048-ac04-271dc373c66f" />
    <UnitTestResult executionId="952fc0a9-4cc6-4e2b-8208-44eb576129cc" testId="a7db9ed1-0e9f-4bd0-ac0b-3b36ddafd16e" testName="GetAtOrBefore_ShouldReturnCorrectElementInCache_WhenTimestampIsInMiddleOfCache" computerName="DKSR-EFI-04" duration="00:00:00.0004066" startTime="2023-12-22T09:36:32.6806540+01:00" endTime="2023-12-22T09:36:32.6814930+01:00" testType="13cdc9d9-ddb5-4fa4-a97d-d965ccfc6d4b" outcome="Passed" testListId="8c84fa94-04c1-424b-9868-57a2d4851a1d" relativeResultsDirectory="952fc0a9-4cc6-4e2b-8208-44eb576129cc" />
    <UnitTestResult executionId="baee8c75-55b9-44f2-a072-b53d4022a179" testId="27f0a424-dd24-08ba-788b-f15f39b1c327" testName="ReadXml_ShouldDiscardCenterOfGravity_WhenIncompleteCenterOfGravityIsPresent" computerName="DKSR-EFI-04" duration="00:00:00.0010258" startTime="2023-12-22T09:36:31.5549982+01:00" endTime="2023-12-22T09:36:31.5561988+01:00" testType="13cdc9d9-ddb5-4fa4-a97d-d965ccfc6d4b" outcome="Passed" testListId="8c84fa94-04c1-424b-9868-57a2d4851a1d" relativeResultsDirectory="baee8c75-55b9-44f2-a072-b53d4022a179" />
    <UnitTestResult executionId="ffb2d822-f41d-441c-bd1b-6278d35be28a" testId="0928c4fd-5774-fb06-0445-b9d9e3756a8d" testName="WriteXml_ShouldWriteObjectIdAttribute_Always" computerName="DKSR-EFI-04" duration="00:00:00.0005618" startTime="2023-12-22T09:36:31.4336211+01:00" endTime="2023-12-22T09:36:31.4343665+01:00" testType="13cdc9d9-ddb5-4fa4-a97d-d965ccfc6d4b" outcome="Passed" testListId="8c84fa94-04c1-424b-9868-57a2d4851a1d" relativeResultsDirectory="ffb2d822-f41d-441c-bd1b-6278d35be28a" />
    <UnitTestResult executionId="ac0c22da-f596-4b58-b248-7a6942b583e5" testId="44454256-30a7-bf45-41dd-badf653c0c55" testName="ReadXml_ShouldReadXAttribute_WhenPresent" computerName="DKSR-EFI-04" duration="00:00:00.0004307" startTime="2023-12-22T09:36:31.0359247+01:00" endTime="2023-12-22T09:36:31.0365887+01:00" testType="13cdc9d9-ddb5-4fa4-a97d-d965ccfc6d4b" outcome="Passed" testListId="8c84fa94-04c1-424b-9868-57a2d4851a1d" relativeResultsDirectory="ac0c22da-f596-4b58-b248-7a6942b583e5" />
    <UnitTestResult executionId="355240e5-633c-4bc8-a43a-61a3d1abb611" testId="b09c7353-a02d-ff9f-8437-0ec01da8590a" testName="AllowGroupSelectionFalse_MultiSelect_ElementsInGroupSelected" computerName="DKSR-EFI-04" duration="00:00:00.0023854" startTime="2023-12-22T09:36:22.9791828+01:00" endTime="2023-12-22T09:36:22.9817530+01:00" testType="13cdc9d9-ddb5-4fa4-a97d-d965ccfc6d4b" outcome="Passed" testListId="8c84fa94-04c1-424b-9868-57a2d4851a1d" relativeResultsDirectory="355240e5-633c-4bc8-a43a-61a3d1abb611" />
    <UnitTestResult executionId="a8f6305e-8781-452b-b883-81b37f677f15" testId="e20a2443-63de-0ab9-fc1f-4a1cb2289ef1" testName="CountByItems_NotActivated_Empty" computerName="DKSR-EFI-04" duration="00:00:00.0016752" startTime="2023-12-22T09:36:32.4132042+01:00" endTime="2023-12-22T09:36:32.4150815+01:00" testType="13cdc9d9-ddb5-4fa4-a97d-d965ccfc6d4b" outcome="Passed" testListId="8c84fa94-04c1-424b-9868-57a2d4851a1d" relativeResultsDirectory="a8f6305e-8781-452b-b883-81b37f677f15" />
    <UnitTestResult executionId="ecde9bd2-ccd5-4c04-a87f-581a2c0131c8" testId="d218b1ec-f943-b4b5-4c70-d50ae6005d5d" testName="SearializePlusDeserialize_NestedElement_ShouldResultInSameString" computerName="DKSR-EFI-04" duration="00:00:00.0001642" startTime="2023-12-22T09:36:30.4401164+01:00" endTime="2023-12-22T09:36:30.4404617+01:00" testType="13cdc9d9-ddb5-4fa4-a97d-d965ccfc6d4b" outcome="Passed" testListId="8c84fa94-04c1-424b-9868-57a2d4851a1d" relativeResultsDirectory="ecde9bd2-ccd5-4c04-a87f-581a2c0131c8" />
    <UnitTestResult executionId="3c4bdd27-7e6f-4bd1-8f60-f10f02628afe" testId="a64f7a70-ec8c-8ab6-7e45-ca9fa7e2c2a4" testName="ReadXml_ShouldIgnoreUnknownTypeChildren_WhenUnknownTypeChildrenArePresent" computerName="DKSR-EFI-04" duration="00:00:00.0022955" startTime="2023-12-22T09:36:30.9578512+01:00" endTime="2023-12-22T09:36:30.9603537+01:00" testType="13cdc9d9-ddb5-4fa4-a97d-d965ccfc6d4b" outcome="Passed" testListId="8c84fa94-04c1-424b-9868-57a2d4851a1d" relativeResultsDirectory="3c4bdd27-7e6f-4bd1-8f60-f10f02628afe" />
    <UnitTestResult executionId="75a5e7ea-4438-474a-804a-80ca81955e3a" testId="479ac9a4-db24-66b5-ae47-500a4c5f414e" testName="UtcTimeAttributeWasPresent_ShouldReturnFalse_WhenUtcTimeAttributeIsPresentButNotParsable" computerName="DKSR-EFI-04" duration="00:00:00.0003417" startTime="2023-12-22T09:36:31.1079542+01:00" endTime="2023-12-22T09:36:31.1084920+01:00" testType="13cdc9d9-ddb5-4fa4-a97d-d965ccfc6d4b" outcome="Passed" testListId="8c84fa94-04c1-424b-9868-57a2d4851a1d" relativeResultsDirectory="75a5e7ea-4438-474a-804a-80ca81955e3a" />
    <UnitTestResult executionId="27dfcbff-3ee3-4553-b10f-212de29e36cc" testId="40c0286b-652b-f4d2-04b7-183bee4a715e" testName="GetNext_ShouldReturnNull_WhenThereIsNoNextEntryAfterCallToFindCacheEntryAfter" computerName="DKSR-EFI-04" duration="00:00:00.0003761" startTime="2023-12-22T09:36:32.6593235+01:00" endTime="2023-12-22T09:36:32.6598821+01:00" testType="13cdc9d9-ddb5-4fa4-a97d-d965ccfc6d4b" outcome="Passed" testListId="8c84fa94-04c1-424b-9868-57a2d4851a1d" relativeResultsDirectory="27dfcbff-3ee3-4553-b10f-212de29e36cc" />
    <UnitTestResult executionId="dd44bdc7-2916-4c45-8f31-822260bb5050" testId="0fd657fb-3854-1b2f-0c0f-8cf8e1efee07" testName="SearchResultData_BeginTimeWithPadding_Success" computerName="DKSR-EFI-04" duration="00:00:00.0007430" startTime="2023-12-22T09:36:29.1669341+01:00" endTime="2023-12-22T09:36:29.1678638+01:00" testType="13cdc9d9-ddb5-4fa4-a97d-d965ccfc6d4b" outcome="Passed" testListId="8c84fa94-04c1-424b-9868-57a2d4851a1d" relativeResultsDirectory="dd44bdc7-2916-4c45-8f31-822260bb5050" />
    <UnitTestResult executionId="140cf0b3-b951-4012-bd17-154ffe085699" testId="21aacc52-5297-f44e-aad6-4de7a3bc1c17" testName="WriteXml_ShouldWriteScaleElement_WhenScaleIsNotNull" computerName="DKSR-EFI-04" duration="00:00:00.0009567" startTime="2023-12-22T09:36:31.6596490+01:00" endTime="2023-12-22T09:36:31.6608335+01:00" testType="13cdc9d9-ddb5-4fa4-a97d-d965ccfc6d4b" outcome="Passed" testListId="8c84fa94-04c1-424b-9868-57a2d4851a1d" relativeResultsDirectory="140cf0b3-b951-4012-bd17-154ffe085699" />
    <UnitTestResult executionId="f4a9fd71-ca08-4f08-8d17-725493c1a138" testId="5be5e628-43fb-71a1-e880-34735fe5e2ed" testName="ReadXml_ShouldReadBehaviour_WhenBehaviourIsPresent" computerName="DKSR-EFI-04" duration="00:00:00.0002679" startTime="2023-12-22T09:36:31.4285923+01:00" endTime="2023-12-22T09:36:31.4290599+01:00" testType="13cdc9d9-ddb5-4fa4-a97d-d965ccfc6d4b" outcome="Passed" testListId="8c84fa94-04c1-424b-9868-57a2d4851a1d" relativeResultsDirectory="f4a9fd71-ca08-4f08-8d17-725493c1a138" />
    <UnitTestResult executionId="d2b2a189-a3e8-447e-b74c-428541dedbbd" testId="ea293987-3f38-3bb5-dd17-e36fb9072559" testName="Serialize_TestCases (TestParentTypeMatchObjectThisTypeNotMatchedProperty)" computerName="DKSR-EFI-04" duration="00:00:00.0004548" startTime="2023-12-22T09:36:28.3545874+01:00" endTime="2023-12-22T09:36:28.3553117+01:00" testType="13cdc9d9-ddb5-4fa4-a97d-d965ccfc6d4b" outcome="Passed" testListId="8c84fa94-04c1-424b-9868-57a2d4851a1d" relativeResultsDirectory="d2b2a189-a3e8-447e-b74c-428541dedbbd" />
    <UnitTestResult executionId="e26daa1a-f18b-422f-8a31-5d2f8cc1fca6" testId="0f05d604-6e61-b82e-404f-e9831974b180" testName="UnloadedEvent_ShouldRemoveProxyManager_WhenRaisedOnFrameworkContentElement" computerName="DKSR-EFI-04" duration="00:00:00.0023554" startTime="2023-12-22T09:36:28.6373880+01:00" endTime="2023-12-22T09:36:28.6451689+01:00" testType="13cdc9d9-ddb5-4fa4-a97d-d965ccfc6d4b" outcome="Passed" testListId="8c84fa94-04c1-424b-9868-57a2d4851a1d" relativeResultsDirectory="e26daa1a-f18b-422f-8a31-5d2f8cc1fca6" />
    <UnitTestResult executionId="1d8dd9ef-52c1-47f4-ad51-fc019180af5a" testId="1612f291-790a-313d-a0d3-c41060967beb" testName="ToString_Check" computerName="DKSR-EFI-04" duration="00:00:00.0008874" startTime="2023-12-22T09:36:02.7125318+01:00" endTime="2023-12-22T09:36:02.7135340+01:00" testType="13cdc9d9-ddb5-4fa4-a97d-d965ccfc6d4b" outcome="Passed" testListId="8c84fa94-04c1-424b-9868-57a2d4851a1d" relativeResultsDirectory="1d8dd9ef-52c1-47f4-ad51-fc019180af5a" />
    <UnitTestResult executionId="ab7b051c-99bb-40f1-87f5-d5c0490487b4" testId="f8ca46c0-8edb-350c-aedc-71898e183163" testName="RemoveItem_AnalyticsEvent_Fail" computerName="DKSR-EFI-04" duration="00:00:00.0013403" startTime="2023-12-22T09:36:30.7434876+01:00" endTime="2023-12-22T09:36:30.7450730+01:00" testType="13cdc9d9-ddb5-4fa4-a97d-d965ccfc6d4b" outcome="Passed" testListId="8c84fa94-04c1-424b-9868-57a2d4851a1d" relativeResultsDirectory="ab7b051c-99bb-40f1-87f5-d5c0490487b4" />
    <UnitTestResult executionId="1a51b025-cd93-4a76-aeb0-7629ac997aa0" testId="3b964bff-d25f-d812-9955-0682bf213291" testName="AllowGroupSelectionFalse_SingleSelect_NothingSelected" computerName="DKSR-EFI-04" duration="00:00:00.0004065" startTime="2023-12-22T09:36:22.9837962+01:00" endTime="2023-12-22T09:36:22.9843736+01:00" testType="13cdc9d9-ddb5-4fa4-a97d-d965ccfc6d4b" outcome="Passed" testListId="8c84fa94-04c1-424b-9868-57a2d4851a1d" relativeResultsDirectory="1a51b025-cd93-4a76-aeb0-7629ac997aa0" />
    <UnitTestResult executionId="039972ab-df55-454b-9920-309bffecdd5d" testId="f500837b-0f36-671a-c44b-b00267ce6d42" testName="ReadXml_ShouldIgnoreChildren_WhenAlways" computerName="DKSR-EFI-04" duration="00:00:00.0018339" startTime="2023-12-22T09:36:31.0296696+01:00" endTime="2023-12-22T09:36:31.0317812+01:00" testType="13cdc9d9-ddb5-4fa4-a97d-d965ccfc6d4b" outcome="Passed" testListId="8c84fa94-04c1-424b-9868-57a2d4851a1d" relativeResultsDirectory="039972ab-df55-454b-9920-309bffecdd5d" />
    <UnitTestResult executionId="b4c00db8-1c59-48cc-bc8a-f3b29975e678" testId="893df90f-4ad3-2688-f803-e533f67faf3b" testName="Encrypt_ShouldThrowMIPException_WhenCryptographicServiceProviderIsNotAvailable" computerName="DKSR-EFI-04" duration="00:00:00.0012148" startTime="2023-12-22T09:36:32.3645753+01:00" endTime="2023-12-22T09:36:32.3660057+01:00" testType="13cdc9d9-ddb5-4fa4-a97d-d965ccfc6d4b" outcome="Passed" testListId="8c84fa94-04c1-424b-9868-57a2d4851a1d" relativeResultsDirectory="b4c00db8-1c59-48cc-bc8a-f3b29975e678" />
    <UnitTestResult executionId="b986a7e3-d75a-4257-8d63-77d9366d9e6e" testId="293f208d-a107-c0fc-0068-8de4f4577501" testName="CreateSearchResultUserControl_SinglePluginMultipleUserControlsPlugins_Success" computerName="DKSR-EFI-04" duration="00:00:00.0055073" startTime="2023-12-22T09:36:30.0521268+01:00" endTime="2023-12-22T09:36:30.0691282+01:00" testType="13cdc9d9-ddb5-4fa4-a97d-d965ccfc6d4b" outcome="Passed" testListId="8c84fa94-04c1-424b-9868-57a2d4851a1d" relativeResultsDirectory="b986a7e3-d75a-4257-8d63-77d9366d9e6e" />
    <UnitTestResult executionId="7426bc7a-8b7c-41fa-92f8-b361eaf85e7b" testId="052237df-54d9-31a7-0ab1-08aaf1d51da7" testName="ReadAppearanceExtensionXml_ShouldNotSetBoundingBoxLineColor_WhenBoundingBoxLineColorIsNotPresent" computerName="DKSR-EFI-04" duration="00:00:00.0002946" startTime="2023-12-22T09:36:31.4897946+01:00" endTime="2023-12-22T09:36:31.4902921+01:00" testType="13cdc9d9-ddb5-4fa4-a97d-d965ccfc6d4b" outcome="Passed" testListId="8c84fa94-04c1-424b-9868-57a2d4851a1d" relativeResultsDirectory="7426bc7a-8b7c-41fa-92f8-b361eaf85e7b" />
    <UnitTestResult executionId="3e55e51e-be69-4616-91bf-8de69a75fcd4" testId="22aaf792-b28c-0483-2284-13d7b20de4b8" testName="SearchResultData_WarningText_Success" computerName="DKSR-EFI-04" duration="00:00:00.0006525" startTime="2023-12-22T09:36:29.1613525+01:00" endTime="2023-12-22T09:36:29.1622017+01:00" testType="13cdc9d9-ddb5-4fa4-a97d-d965ccfc6d4b" outcome="Passed" testListId="8c84fa94-04c1-424b-9868-57a2d4851a1d" relativeResultsDirectory="3e55e51e-be69-4616-91bf-8de69a75fcd4" />
    <UnitTestResult executionId="0627033c-eb2e-4af3-9dd1-67833c4fb8a2" testId="2850ab82-187d-c41c-6c55-5faf4323eb97" testName="TestMultiLevelQueue_DisposeQueueRightAfterProcessingItem_QueueDoesNotHang" computerName="DKSR-EFI-04" duration="00:00:02.1469899" startTime="2023-12-22T09:36:20.0966557+01:00" endTime="2023-12-22T09:36:22.2439707+01:00" testType="13cdc9d9-ddb5-4fa4-a97d-d965ccfc6d4b" outcome="Passed" testListId="8c84fa94-04c1-424b-9868-57a2d4851a1d" relativeResultsDirectory="0627033c-eb2e-4af3-9dd1-67833c4fb8a2" />
    <UnitTestResult executionId="95715152-ff42-4b2e-8865-6fc45707042a" testId="79bbf345-4c1f-d3ec-6206-5d160bd2b4aa" testName="WriteXml_ShouldWriteCenterOfGravityContents_WhenCenterOfGravityIsNotNull" computerName="DKSR-EFI-04" duration="00:00:00.0011000" startTime="2023-12-22T09:36:31.6004578+01:00" endTime="2023-12-22T09:36:31.6017563+01:00" testType="13cdc9d9-ddb5-4fa4-a97d-d965ccfc6d4b" outcome="Passed" testListId="8c84fa94-04c1-424b-9868-57a2d4851a1d" relativeResultsDirectory="95715152-ff42-4b2e-8865-6fc45707042a" />
    <UnitTestResult executionId="4fd69f51-36b0-4759-b5d6-1922ea9b25a7" testId="e5e5bf4a-3b6a-9b6c-ebe0-9c044c226109" testName="GetFilterValues_EmptyValueAdded_IncludeEmptyValues_ReturnsValue" computerName="DKSR-EFI-04" duration="00:00:00.0018267" startTime="2023-12-22T09:36:28.7693539+01:00" endTime="2023-12-22T09:36:28.7714382+01:00" testType="13cdc9d9-ddb5-4fa4-a97d-d965ccfc6d4b" outcome="Passed" testListId="8c84fa94-04c1-424b-9868-57a2d4851a1d" relativeResultsDirectory="4fd69f51-36b0-4759-b5d6-1922ea9b25a7" />
    <UnitTestResult executionId="686b2c74-687a-4bcc-8e71-ddf93fbeb520" testId="7703e29a-ecc3-f42a-a3d8-2092764eb3f2" testName="ToJson_StringElement" computerName="DKSR-EFI-04" duration="00:00:00.0002033" startTime="2023-12-22T09:36:30.4903621+01:00" endTime="2023-12-22T09:36:30.4907663+01:00" testType="13cdc9d9-ddb5-4fa4-a97d-d965ccfc6d4b" outcome="Passed" testListId="8c84fa94-04c1-424b-9868-57a2d4851a1d" relativeResultsDirectory="686b2c74-687a-4bcc-8e71-ddf93fbeb520" />
    <UnitTestResult executionId="d9e9b698-ee2f-48bc-9308-1339d0c7bc01" testId="bc7fb037-bc9e-3315-d38f-1aeba783be34" testName="GetFilterValues_MultipleValuesAdded_ReturnsValues" computerName="DKSR-EFI-04" duration="00:00:00.0010004" startTime="2023-12-22T09:36:28.7540613+01:00" endTime="2023-12-22T09:36:28.7552878+01:00" testType="13cdc9d9-ddb5-4fa4-a97d-d965ccfc6d4b" outcome="Passed" testListId="8c84fa94-04c1-424b-9868-57a2d4851a1d" relativeResultsDirectory="d9e9b698-ee2f-48bc-9308-1339d0c7bc01" />
    <UnitTestResult executionId="a7a36827-5e18-49b3-a644-13e95d7d1db5" testId="4a238ba0-fcc0-32ec-05c8-4cb7401b273a" testName="GetFilterValuesT_SingleValueAdded_ReturnsValue" computerName="DKSR-EFI-04" duration="00:00:00.0020449" startTime="2023-12-22T09:36:28.7561528+01:00" endTime="2023-12-22T09:36:28.7584179+01:00" testType="13cdc9d9-ddb5-4fa4-a97d-d965ccfc6d4b" outcome="Passed" testListId="8c84fa94-04c1-424b-9868-57a2d4851a1d" relativeResultsDirectory="a7a36827-5e18-49b3-a644-13e95d7d1db5" />
    <UnitTestResult executionId="1a4796c2-952c-4a52-a70b-d78dfe72eda8" testId="8f92c43f-5727-bf2b-415e-cb82964ac302" testName="ParseArgbString_ShouldCreateInstanceWithCorrectARGBValues_WhenFormatIsCorrect" computerName="DKSR-EFI-04" duration="00:00:00.0006166" startTime="2023-12-22T09:36:31.0005965+01:00" endTime="2023-12-22T09:36:31.0014155+01:00" testType="13cdc9d9-ddb5-4fa4-a97d-d965ccfc6d4b" outcome="Passed" testListId="8c84fa94-04c1-424b-9868-57a2d4851a1d" relativeResultsDirectory="1a4796c2-952c-4a52-a70b-d78dfe72eda8" />
    <UnitTestResult executionId="9be90b9c-195b-49d4-9fa8-49c14164965a" testId="81f1f710-d694-68bf-2cd3-35ddc8a4ca3e" testName="CountByItems_NotActivated_Missing" computerName="DKSR-EFI-04" duration="00:00:00.0029678" startTime="2023-12-22T09:36:32.4173872+01:00" endTime="2023-12-22T09:36:32.4205718+01:00" testType="13cdc9d9-ddb5-4fa4-a97d-d965ccfc6d4b" outcome="Passed" testListId="8c84fa94-04c1-424b-9868-57a2d4851a1d" relativeResultsDirectory="9be90b9c-195b-49d4-9fa8-49c14164965a" />
    <UnitTestResult executionId="3474cd35-75ff-48b3-a4ab-39367d7e408d" testId="793b121d-bd99-21ec-f905-c7a3bfbc43cf" testName="ReadXml_ShouldReadTransformation_WhenTransformationIsPresent" computerName="DKSR-EFI-04" duration="00:00:00.0020599" startTime="2023-12-22T09:36:30.8289883+01:00" endTime="2023-12-22T09:36:30.8312576+01:00" testType="13cdc9d9-ddb5-4fa4-a97d-d965ccfc6d4b" outcome="Passed" testListId="8c84fa94-04c1-424b-9868-57a2d4851a1d" relativeResultsDirectory="3474cd35-75ff-48b3-a4ab-39367d7e408d" />
    <UnitTestResult executionId="7ccb895d-2219-4f38-bb30-15a34902c4e4" testId="211e44a5-7069-3390-6f71-9a0cc710f40e" testName="GetItem_ShouldReturnItem_WhenFound" computerName="DKSR-EFI-04" duration="00:00:00.0169422" startTime="2023-12-22T09:36:05.1941970+01:00" endTime="2023-12-22T09:36:05.2113011+01:00" testType="13cdc9d9-ddb5-4fa4-a97d-d965ccfc6d4b" outcome="Passed" testListId="8c84fa94-04c1-424b-9868-57a2d4851a1d" relativeResultsDirectory="7ccb895d-2219-4f38-bb30-15a34902c4e4" />
    <UnitTestResult executionId="b4fea1f2-8e1a-4308-a842-e371d93079e6" testId="da6b7e5c-6d35-dc61-721a-7a973091e15b" testName="ReadXml_ShouldReadFrameContents_WhenFrameIsPresent" computerName="DKSR-EFI-04" duration="00:00:00.0020543" startTime="2023-12-22T09:36:31.7123430+01:00" endTime="2023-12-22T09:36:31.7146033+01:00" testType="13cdc9d9-ddb5-4fa4-a97d-d965ccfc6d4b" outcome="Passed" testListId="8c84fa94-04c1-424b-9868-57a2d4851a1d" relativeResultsDirectory="b4fea1f2-8e1a-4308-a842-e371d93079e6" />
    <UnitTestResult executionId="b8b56a6d-d78c-40ee-a475-a57d5328414e" testId="e6e395b4-3b84-d36a-a38c-e5e638fee7fb" testName="CreateSearchResultUserControl_MultiplePlugins_MilestonePluginsFirst" computerName="DKSR-EFI-04" duration="00:00:00.0048156" startTime="2023-12-22T09:36:30.0825665+01:00" endTime="2023-12-22T09:36:30.0912813+01:00" testType="13cdc9d9-ddb5-4fa4-a97d-d965ccfc6d4b" outcome="Passed" testListId="8c84fa94-04c1-424b-9868-57a2d4851a1d" relativeResultsDirectory="b8b56a6d-d78c-40ee-a475-a57d5328414e" />
    <UnitTestResult executionId="42e3de19-3040-4d2d-b46c-abfdc5f56767" testId="0fd399d2-70b7-1bf0-1292-5d37ff538834" testName="ReadXml_ShouldLogWarningTwiceWhenMoreThanOneMinuteBetweenWarnings_WhenRequiredAttributeIsMissing" computerName="DKSR-EFI-04" duration="00:00:00.0015726" startTime="2023-12-22T09:36:31.6926100+01:00" endTime="2023-12-22T09:36:31.6958091+01:00" testType="13cdc9d9-ddb5-4fa4-a97d-d965ccfc6d4b" outcome="Passed" testListId="8c84fa94-04c1-424b-9868-57a2d4851a1d" relativeResultsDirectory="42e3de19-3040-4d2d-b46c-abfdc5f56767" />
    <UnitTestResult executionId="4dd20a6a-49c4-4765-8f43-3c73e374ee4a" testId="6683524a-bfa3-259f-b1e9-51fd36596515" testName="GetBegin_ShouldThrowImplementationMipException_WhenSessionIsNotStarted" computerName="DKSR-EFI-04" duration="00:00:00.0014976" startTime="2023-12-22T09:36:32.7981353+01:00" endTime="2023-12-22T09:36:32.7998653+01:00" testType="13cdc9d9-ddb5-4fa4-a97d-d965ccfc6d4b" outcome="Passed" testListId="8c84fa94-04c1-424b-9868-57a2d4851a1d" relativeResultsDirectory="4dd20a6a-49c4-4765-8f43-3c73e374ee4a" />
    <UnitTestResult executionId="be35f68c-32e6-4ad0-bbad-7f95258ccd15" testId="32528e28-da07-7f33-5050-a43afc1898ef" testName="ReadXml_ShouldReadVersion_WhenVersionIsPresent" computerName="DKSR-EFI-04" duration="00:00:00.0002969" startTime="2023-12-22T09:36:31.3427546+01:00" endTime="2023-12-22T09:36:31.3432486+01:00" testType="13cdc9d9-ddb5-4fa4-a97d-d965ccfc6d4b" outcome="Passed" testListId="8c84fa94-04c1-424b-9868-57a2d4851a1d" relativeResultsDirectory="be35f68c-32e6-4ad0-bbad-7f95258ccd15" />
    <UnitTestResult executionId="7f1a702e-9a62-436c-93d6-49d248ae8c35" testId="c4e34f90-d96f-cb6b-4d8d-827e8345bbf0" testName="HostInitialized_ShouldNotInvokeCallback_WhenInitializedWithoutItems" computerName="DKSR-EFI-04" duration="00:00:00.0026986" startTime="2023-12-22T09:36:24.4249543+01:00" endTime="2023-12-22T09:36:24.5004234+01:00" testType="13cdc9d9-ddb5-4fa4-a97d-d965ccfc6d4b" outcome="Passed" testListId="8c84fa94-04c1-424b-9868-57a2d4851a1d" relativeResultsDirectory="7f1a702e-9a62-436c-93d6-49d248ae8c35" />
    <UnitTestResult executionId="c128af36-18dc-433b-87c2-3308e7094357" testId="a85a1362-1754-70cf-33fa-4ae7e0463bc7" testName="ReadXml_ShouldIgnoreClassCandidate_WhenClassCandidateIsPresenWithWrongNamespace" computerName="DKSR-EFI-04" duration="00:00:00.0003442" startTime="2023-12-22T09:36:31.3822724+01:00" endTime="2023-12-22T09:36:31.3828692+01:00" testType="13cdc9d9-ddb5-4fa4-a97d-d965ccfc6d4b" outcome="Passed" testListId="8c84fa94-04c1-424b-9868-57a2d4851a1d" relativeResultsDirectory="c128af36-18dc-433b-87c2-3308e7094357" />
    <UnitTestResult executionId="8018cbca-f3f6-4aca-a68a-2d1bdfdb96f2" testId="c9bdf071-dd03-b2a0-4e56-4edadb6f7ef7" testName="Serialize_TestCases (TestParentTypeMatchObjectThisTypeMatched)" computerName="DKSR-EFI-04" duration="00:00:00.0005693" startTime="2023-12-22T09:36:28.3495173+01:00" endTime="2023-12-22T09:36:28.3503967+01:00" testType="13cdc9d9-ddb5-4fa4-a97d-d965ccfc6d4b" outcome="Passed" testListId="8c84fa94-04c1-424b-9868-57a2d4851a1d" relativeResultsDirectory="8018cbca-f3f6-4aca-a68a-2d1bdfdb96f2" />
    <UnitTestResult executionId="364a264e-c11d-4099-a3ae-bc8ab8cd1d15" testId="de4de35b-27a7-9209-5227-b270da191793" testName="Remove_String" computerName="DKSR-EFI-04" duration="00:00:00.0009123" startTime="2023-12-22T09:36:30.4666548+01:00" endTime="2023-12-22T09:36:30.4677663+01:00" testType="13cdc9d9-ddb5-4fa4-a97d-d965ccfc6d4b" outcome="Passed" testListId="8c84fa94-04c1-424b-9868-57a2d4851a1d" relativeResultsDirectory="364a264e-c11d-4099-a3ae-bc8ab8cd1d15" />
    <UnitTestResult executionId="5d922f30-1005-4bbb-961d-2596b769cdb4" testId="c3c83a0c-a46d-bf4c-a733-65c34582027c" testName="ReadXml_ShouldLogWarning_WhenLikelihoodIsNotPresent" computerName="DKSR-EFI-04" duration="00:00:00.0010497" startTime="2023-12-22T09:36:30.9741418+01:00" endTime="2023-12-22T09:36:30.9753804+01:00" testType="13cdc9d9-ddb5-4fa4-a97d-d965ccfc6d4b" outcome="Passed" testListId="8c84fa94-04c1-424b-9868-57a2d4851a1d" relativeResultsDirectory="5d922f30-1005-4bbb-961d-2596b769cdb4" />
    <UnitTestResult executionId="0fb5ab8d-3387-44f9-b2c1-1c221686c5ab" testId="4eb0c9c9-741e-7fa6-9c80-5eed459fb9fe" testName="GenerateParameters_ShouldOmitResolutionList_WhenResolutionSetIsEmpty" computerName="DKSR-EFI-04" duration="00:00:00.0002217" startTime="2023-12-22T09:36:32.5217999+01:00" endTime="2023-12-22T09:36:32.5222062+01:00" testType="13cdc9d9-ddb5-4fa4-a97d-d965ccfc6d4b" outcome="Passed" testListId="8c84fa94-04c1-424b-9868-57a2d4851a1d" relativeResultsDirectory="0fb5ab8d-3387-44f9-b2c1-1c221686c5ab" />
    <UnitTestResult executionId="0425e7cc-90f6-47a7-a48b-45383abf1113" testId="bd62b9df-9183-e39d-353c-d0a2ca44c2da" testName="Equals_IgnoreFolderType_Fail_OnKind" computerName="DKSR-EFI-04" duration="00:00:00.0003889" startTime="2023-12-22T09:36:02.6896597+01:00" endTime="2023-12-22T09:36:02.6901451+01:00" testType="13cdc9d9-ddb5-4fa4-a97d-d965ccfc6d4b" outcome="Passed" testListId="8c84fa94-04c1-424b-9868-57a2d4851a1d" relativeResultsDirectory="0425e7cc-90f6-47a7-a48b-45383abf1113" />
    <UnitTestResult executionId="5e07def6-1158-49a7-8795-538b6c7611b7" testId="6494ab94-5c0c-369b-99ff-59bfdd03b59b" testName="GenerateDeviceParameters_ShouldOmitQuality_WhenQualityIsZero" computerName="DKSR-EFI-04" duration="00:00:00.0007560" startTime="2023-12-22T09:36:32.5388004+01:00" endTime="2023-12-22T09:36:32.5397514+01:00" testType="13cdc9d9-ddb5-4fa4-a97d-d965ccfc6d4b" outcome="Passed" testListId="8c84fa94-04c1-424b-9868-57a2d4851a1d" relativeResultsDirectory="5e07def6-1158-49a7-8795-538b6c7611b7" />
    <UnitTestResult executionId="1c4565bb-e017-4d7c-af91-5c547e19dfd7" testId="c3649c2b-316d-d26a-c549-526c58a35cfe" testName="Serialize_ShouldThrowException_WhenPropertyIsSimpleTypeButPathContainsChildren (DecimalProperty)" computerName="DKSR-EFI-04" duration="00:00:00.0004952" startTime="2023-12-22T09:36:28.1715096+01:00" endTime="2023-12-22T09:36:28.1722220+01:00" testType="13cdc9d9-ddb5-4fa4-a97d-d965ccfc6d4b" outcome="Passed" testListId="8c84fa94-04c1-424b-9868-57a2d4851a1d" relativeResultsDirectory="1c4565bb-e017-4d7c-af91-5c547e19dfd7" />
    <UnitTestResult executionId="86bac37f-4578-4f07-9a87-92f16c036409" testId="0c1e1d3a-ed1f-c93a-037d-77d586b8b565" testName="AppendItemPicked_SingleSelect" computerName="DKSR-EFI-04" duration="00:00:00.0006941" startTime="2023-12-22T09:36:22.9647282+01:00" endTime="2023-12-22T09:36:22.9656523+01:00" testType="13cdc9d9-ddb5-4fa4-a97d-d965ccfc6d4b" outcome="Passed" testListId="8c84fa94-04c1-424b-9868-57a2d4851a1d" relativeResultsDirectory="86bac37f-4578-4f07-9a87-92f16c036409" />
    <UnitTestResult executionId="6e738d43-6a00-4313-b267-f254ce492748" testId="426fd024-0e4c-9e4a-2e43-44c5266f80d0" testName="Contains_CameraKind_Checked" computerName="DKSR-EFI-04" duration="00:00:00.0006716" startTime="2023-12-22T09:36:02.6744524+01:00" endTime="2023-12-22T09:36:02.6752356+01:00" testType="13cdc9d9-ddb5-4fa4-a97d-d965ccfc6d4b" outcome="Passed" testListId="8c84fa94-04c1-424b-9868-57a2d4851a1d" relativeResultsDirectory="6e738d43-6a00-4313-b267-f254ce492748" />
    <UnitTestResult executionId="723a3c70-8a59-4353-a20e-47302592999d" testId="94e89fbd-ee0e-4e65-a79e-fa57a63dcb34" testName="ReadyToCloseEvent_OkCommand_MultiSelect_Not_Thrown" computerName="DKSR-EFI-04" duration="00:00:00.0003150" startTime="2023-12-22T09:36:23.0038182+01:00" endTime="2023-12-22T09:36:23.0043406+01:00" testType="13cdc9d9-ddb5-4fa4-a97d-d965ccfc6d4b" outcome="Passed" testListId="8c84fa94-04c1-424b-9868-57a2d4851a1d" relativeResultsDirectory="723a3c70-8a59-4353-a20e-47302592999d" />
    <UnitTestResult executionId="578fd3a4-7ecd-477b-ab56-936cc8824da8" testId="673d5a8a-8f58-a8c0-2572-e1a8f9618e54" testName="Ctor_TwoCustomFilters_Success" computerName="DKSR-EFI-04" duration="00:00:00.0006708" startTime="2023-12-22T09:36:30.2775754+01:00" endTime="2023-12-22T09:36:30.2784759+01:00" testType="13cdc9d9-ddb5-4fa4-a97d-d965ccfc6d4b" outcome="Passed" testListId="8c84fa94-04c1-424b-9868-57a2d4851a1d" relativeResultsDirectory="578fd3a4-7ecd-477b-ab56-936cc8824da8" />
    <UnitTestResult executionId="8c978899-3a51-4516-bb6a-de5e4deb22bc" testId="22940ce1-f9a1-0a34-055d-4f72c4c54fbb" testName="SelectionFilterValue_Deserialize_Success" computerName="DKSR-EFI-04" duration="00:00:00.0029731" startTime="2023-12-22T09:36:30.1258566+01:00" endTime="2023-12-22T09:36:30.1290778+01:00" testType="13cdc9d9-ddb5-4fa4-a97d-d965ccfc6d4b" outcome="Passed" testListId="8c84fa94-04c1-424b-9868-57a2d4851a1d" relativeResultsDirectory="8c978899-3a51-4516-bb6a-de5e4deb22bc" />
    <UnitTestResult executionId="50a934e8-87f2-4097-b8de-eb5420704d9d" testId="7697c577-4d5f-2be5-faec-cf049908ed7a" testName="Serialize_TestCases (TestParentTypeMatchGenericNotThisTypeNotMatched)" computerName="DKSR-EFI-04" duration="00:00:00.0024405" startTime="2023-12-22T09:36:28.4586707+01:00" endTime="2023-12-22T09:36:28.4615243+01:00" testType="13cdc9d9-ddb5-4fa4-a97d-d965ccfc6d4b" outcome="Passed" testListId="8c84fa94-04c1-424b-9868-57a2d4851a1d" relativeResultsDirectory="50a934e8-87f2-4097-b8de-eb5420704d9d" />
    <UnitTestResult executionId="c7ba0d0f-172c-44de-b1cf-7b817ef3260e" testId="a13f15c8-7c1b-75e6-115a-2f9c84e9fa5f" testName="GetCompatibilityHandler_ShouldReturnNonFips_WhenCallingPreFipsSystem" computerName="DKSR-EFI-04" duration="00:00:00.0017782" startTime="2023-12-22T09:36:32.3046967+01:00" endTime="2023-12-22T09:36:32.3066959+01:00" testType="13cdc9d9-ddb5-4fa4-a97d-d965ccfc6d4b" outcome="Passed" testListId="8c84fa94-04c1-424b-9868-57a2d4851a1d" relativeResultsDirectory="c7ba0d0f-172c-44de-b1cf-7b817ef3260e" />
    <UnitTestResult executionId="73b3fb70-384f-4d41-b144-3a390fde428f" testId="10c9843d-cde7-1676-7217-072b639d2cdf" testName="Serialize_TestCases (TestParentTypeMatchBoolThisTypeMatched)" computerName="DKSR-EFI-04" duration="00:00:00.0004373" startTime="2023-12-22T09:36:28.2969744+01:00" endTime="2023-12-22T09:36:28.2977409+01:00" testType="13cdc9d9-ddb5-4fa4-a97d-d965ccfc6d4b" outcome="Passed" testListId="8c84fa94-04c1-424b-9868-57a2d4851a1d" relativeResultsDirectory="73b3fb70-384f-4d41-b144-3a390fde428f" />
    <UnitTestResult executionId="a8cb1584-b311-4ddf-90cc-e62978eae0f0" testId="db7e14ac-31b0-63ea-57a6-f0098c612aa0" testName="ReadXml_ShouldIgnoreScale_WhenScaleIsPresentWithWrongNamespace" computerName="DKSR-EFI-04" duration="00:00:00.0006089" startTime="2023-12-22T09:36:31.6255142+01:00" endTime="2023-12-22T09:36:31.6263354+01:00" testType="13cdc9d9-ddb5-4fa4-a97d-d965ccfc6d4b" outcome="Passed" testListId="8c84fa94-04c1-424b-9868-57a2d4851a1d" relativeResultsDirectory="a8cb1584-b311-4ddf-90cc-e62978eae0f0" />
    <UnitTestResult executionId="31ee4cc1-70f3-4090-93f6-c62fdf0e57f1" testId="7bd350cb-3547-f84c-acf6-0205c1ac84ac" testName="Serialize_TestCases (Verify root Generic (not null) property get property value)" computerName="DKSR-EFI-04" duration="00:00:00.0002243" startTime="2023-12-22T09:36:28.2849015+01:00" endTime="2023-12-22T09:36:28.2854443+01:00" testType="13cdc9d9-ddb5-4fa4-a97d-d965ccfc6d4b" outcome="Passed" testListId="8c84fa94-04c1-424b-9868-57a2d4851a1d" relativeResultsDirectory="31ee4cc1-70f3-4090-93f6-c62fdf0e57f1" />
    <UnitTestResult executionId="80883528-d7ad-4aba-813b-caa5007bfd1e" testId="fd660d88-e617-79d3-f7ee-c5b3a97b4585" testName="GetMetadataObjectIdsAsync_FirstInvocationCancelled_DelegatedToInternalMethodOnce" computerName="DKSR-EFI-04" duration="00:00:00.0010477" startTime="2023-12-22T09:36:29.1548575+01:00" endTime="2023-12-22T09:36:29.1561468+01:00" testType="13cdc9d9-ddb5-4fa4-a97d-d965ccfc6d4b" outcome="Passed" testListId="8c84fa94-04c1-424b-9868-57a2d4851a1d" relativeResultsDirectory="80883528-d7ad-4aba-813b-caa5007bfd1e" />
    <UnitTestResult executionId="8227ae6d-1ce9-46d0-8a82-c33c63f1d9d1" testId="67088a0d-c95d-ee41-8d3c-5924cd7e11e1" testName="ReadXml_ShouldIgnoreUnknownChildren_WhenUnknownChildrenArePresent" computerName="DKSR-EFI-04" duration="00:00:00.0011094" startTime="2023-12-22T09:36:31.6184318+01:00" endTime="2023-12-22T09:36:31.6197710+01:00" testType="13cdc9d9-ddb5-4fa4-a97d-d965ccfc6d4b" outcome="Passed" testListId="8c84fa94-04c1-424b-9868-57a2d4851a1d" relativeResultsDirectory="8227ae6d-1ce9-46d0-8a82-c33c63f1d9d1" />
    <UnitTestResult executionId="b29bcc21-0f67-434e-a005-e789ce332f39" testId="97bf175b-3437-3a0c-6b6e-4f876d982b3c" testName="TestMultiLevelQueue_TwoLevels_IdleLevelQueueDisposed_Success" computerName="DKSR-EFI-04" duration="00:00:00.3477854" startTime="2023-12-22T09:36:17.4153979+01:00" endTime="2023-12-22T09:36:17.7634886+01:00" testType="13cdc9d9-ddb5-4fa4-a97d-d965ccfc6d4b" outcome="Passed" testListId="8c84fa94-04c1-424b-9868-57a2d4851a1d" relativeResultsDirectory="b29bcc21-0f67-434e-a005-e789ce332f39" />
    <UnitTestResult executionId="d6f7ea92-5523-45d4-beb9-c799d207d189" testId="e081911d-8f68-16dc-95b9-ce6ca0099b36" testName="Parse_UnclosedBracket" computerName="DKSR-EFI-04" duration="00:00:00.0003878" startTime="2023-12-22T09:36:30.4442608+01:00" endTime="2023-12-22T09:36:30.4448753+01:00" testType="13cdc9d9-ddb5-4fa4-a97d-d965ccfc6d4b" outcome="Passed" testListId="8c84fa94-04c1-424b-9868-57a2d4851a1d" relativeResultsDirectory="d6f7ea92-5523-45d4-beb9-c799d207d189" />
    <UnitTestResult executionId="e66b21df-1553-47d3-9be2-1d3a65bcc03b" testId="549a1786-aafc-b11d-904d-59c7dd4fc0a3" testName="WriteXml_ShouldWriteXAttribute_WhenAlays" computerName="DKSR-EFI-04" duration="00:00:00.0007369" startTime="2023-12-22T09:36:31.6978388+01:00" endTime="2023-12-22T09:36:31.6987952+01:00" testType="13cdc9d9-ddb5-4fa4-a97d-d965ccfc6d4b" outcome="Passed" testListId="8c84fa94-04c1-424b-9868-57a2d4851a1d" relativeResultsDirectory="e66b21df-1553-47d3-9be2-1d3a65bcc03b" />
    <UnitTestResult executionId="01affb58-26fb-44ad-bf09-0b229aa282b6" testId="e56c4b03-9d5d-a70b-1573-44a88bf4c200" testName="GetItems_ShouldReturnNull_WhenNotAllAdded" computerName="DKSR-EFI-04" duration="00:00:00.0024364" startTime="2023-12-22T09:36:05.2163869+01:00" endTime="2023-12-22T09:36:05.2189828+01:00" testType="13cdc9d9-ddb5-4fa4-a97d-d965ccfc6d4b" outcome="Passed" testListId="8c84fa94-04c1-424b-9868-57a2d4851a1d" relativeResultsDirectory="01affb58-26fb-44ad-bf09-0b229aa282b6" />
    <UnitTestResult executionId="6fc4e129-102e-4c0a-b5ef-eac8ad4de0b9" testId="c4adad9d-ea20-a13f-97f1-44293498d06e" testName="WriteMetadataXmlWithStream_ShouldWriteRootElement_WhenDataIsPresent" computerName="DKSR-EFI-04" duration="00:00:00.0005747" startTime="2023-12-22T09:36:31.2512233+01:00" endTime="2023-12-22T09:36:31.2520157+01:00" testType="13cdc9d9-ddb5-4fa4-a97d-d965ccfc6d4b" outcome="Passed" testListId="8c84fa94-04c1-424b-9868-57a2d4851a1d" relativeResultsDirectory="6fc4e129-102e-4c0a-b5ef-eac8ad4de0b9" />
    <UnitTestResult executionId="a4add47d-8fc6-4cca-83ee-ba3f755e7fae" testId="4bcbb7d4-08c1-9252-8fa2-fa28745614be" testName="WriteXml_ShouldWriteAllClassCandidates_WhenThereAreMultipleClassCandidatesPresent" computerName="DKSR-EFI-04" duration="00:00:00.0010749" startTime="2023-12-22T09:36:31.4015355+01:00" endTime="2023-12-22T09:36:31.4028175+01:00" testType="13cdc9d9-ddb5-4fa4-a97d-d965ccfc6d4b" outcome="Passed" testListId="8c84fa94-04c1-424b-9868-57a2d4851a1d" relativeResultsDirectory="a4add47d-8fc6-4cca-83ee-ba3f755e7fae" />
    <UnitTestResult executionId="9a69f58e-3a24-4881-a2a3-2adb104e462f" testId="c975fa8d-6f04-08d0-8773-8610e8c13dbc" testName="ReadXml_ShouldReadAltitude_WhenAltitudeIsPresent" computerName="DKSR-EFI-04" duration="00:00:00.0002741" startTime="2023-12-22T09:36:31.3474070+01:00" endTime="2023-12-22T09:36:31.3478782+01:00" testType="13cdc9d9-ddb5-4fa4-a97d-d965ccfc6d4b" outcome="Passed" testListId="8c84fa94-04c1-424b-9868-57a2d4851a1d" relativeResultsDirectory="9a69f58e-3a24-4881-a2a3-2adb104e462f" />
    <UnitTestResult executionId="746dcc10-fd9b-4ef9-8224-73a48222fb59" testId="eb2478e2-607b-274e-dc5e-7e8aa422b888" testName="Get_KeyNotPresent_ReturnsNull" computerName="DKSR-EFI-04" duration="00:00:00.0016750" startTime="2023-12-22T09:36:15.4960645+01:00" endTime="2023-12-22T09:36:15.4978663+01:00" testType="13cdc9d9-ddb5-4fa4-a97d-d965ccfc6d4b" outcome="Passed" testListId="8c84fa94-04c1-424b-9868-57a2d4851a1d" relativeResultsDirectory="746dcc10-fd9b-4ef9-8224-73a48222fb59" />
    <UnitTestResult executionId="9c68f9d9-2978-417f-aa12-e3aa60fc8128" testId="4d5586b3-8531-2268-4fb4-39aa8e9235b0" testName="CountByItems_Activated_CountByCounter_Grace2" computerName="DKSR-EFI-04" duration="00:00:00.0015615" startTime="2023-12-22T09:36:32.4673664+01:00" endTime="2023-12-22T09:36:32.4691308+01:00" testType="13cdc9d9-ddb5-4fa4-a97d-d965ccfc6d4b" outcome="Passed" testListId="8c84fa94-04c1-424b-9868-57a2d4851a1d" relativeResultsDirectory="9c68f9d9-2978-417f-aa12-e3aa60fc8128" />
    <UnitTestResult executionId="81a02e2e-173c-49c0-a98b-a94defd1914a" testId="bf5918ba-1ac5-ba5f-cde7-7b7063949a78" testName="Enqueue_QueueStopped_Fails" computerName="DKSR-EFI-04" duration="00:00:00.0010847" startTime="2023-12-22T09:36:15.3456154+01:00" endTime="2023-12-22T09:36:15.3468402+01:00" testType="13cdc9d9-ddb5-4fa4-a97d-d965ccfc6d4b" outcome="Passed" testListId="8c84fa94-04c1-424b-9868-57a2d4851a1d" relativeResultsDirectory="81a02e2e-173c-49c0-a98b-a94defd1914a" />
    <UnitTestResult executionId="d21ac2af-d3b9-4f69-8279-cf6f085fde77" testId="9d5ada2d-839e-c544-1fa6-276837fd72f2" testName="ReadXml_ShouldReadOnvifClass_WhenClassIsPresent" computerName="DKSR-EFI-04" duration="00:00:00.0015945" startTime="2023-12-22T09:36:30.8361316+01:00" endTime="2023-12-22T09:36:30.8379350+01:00" testType="13cdc9d9-ddb5-4fa4-a97d-d965ccfc6d4b" outcome="Passed" testListId="8c84fa94-04c1-424b-9868-57a2d4851a1d" relativeResultsDirectory="d21ac2af-d3b9-4f69-8279-cf6f085fde77" />
    <UnitTestResult executionId="8397b2e9-21bf-4b61-b881-1e2f5077daba" testId="6063544f-f430-cb16-6dfb-368d6711c379" testName="GetNextDateTime_ShouldReturnFirstDataEntityFromToolkit_WhenDataIsNotCached" computerName="DKSR-EFI-04" duration="00:00:00.0040342" startTime="2023-12-22T09:36:32.8374678+01:00" endTime="2023-12-22T09:36:32.8416913+01:00" testType="13cdc9d9-ddb5-4fa4-a97d-d965ccfc6d4b" outcome="Passed" testListId="8c84fa94-04c1-424b-9868-57a2d4851a1d" relativeResultsDirectory="8397b2e9-21bf-4b61-b881-1e2f5077daba" />
    <UnitTestResult executionId="4c3bc829-0b91-400c-899c-17caacf52b14" testId="7e3c3908-f70c-8d41-e8fe-866ddfe5a4bc" testName="CreateSearchFilterEditControl_MultiplePlugins_Success" computerName="DKSR-EFI-04" duration="00:00:00.0145757" startTime="2023-12-22T09:36:29.8813258+01:00" endTime="2023-12-22T09:36:29.9167796+01:00" testType="13cdc9d9-ddb5-4fa4-a97d-d965ccfc6d4b" outcome="Passed" testListId="8c84fa94-04c1-424b-9868-57a2d4851a1d" relativeResultsDirectory="4c3bc829-0b91-400c-899c-17caacf52b14" />
    <UnitTestResult executionId="79762d98-da32-46dc-8d12-6532d93e1b1a" testId="b39f81fe-858b-c57c-9083-cb47ce15de87" testName="WriteMetadataXml_ShouldThrowArgumentNullException_WhenStreamOutputIsNull" computerName="DKSR-EFI-04" duration="00:00:00.0013614" startTime="2023-12-22T09:36:31.2422554+01:00" endTime="2023-12-22T09:36:31.2440471+01:00" testType="13cdc9d9-ddb5-4fa4-a97d-d965ccfc6d4b" outcome="Passed" testListId="8c84fa94-04c1-424b-9868-57a2d4851a1d" relativeResultsDirectory="79762d98-da32-46dc-8d12-6532d93e1b1a" />
    <UnitTestResult executionId="14036b09-9f0c-4c8b-abdf-c8f5f7851fc1" testId="6c9b14c3-fb11-6b6c-874f-cb384de0275b" testName="Serialize_TestCases (TestParentTypeMatchStructNotThisTypeNotMatchedProperty)" computerName="DKSR-EFI-04" duration="00:00:00.0004629" startTime="2023-12-22T09:36:28.3462247+01:00" endTime="2023-12-22T09:36:28.3469948+01:00" testType="13cdc9d9-ddb5-4fa4-a97d-d965ccfc6d4b" outcome="Passed" testListId="8c84fa94-04c1-424b-9868-57a2d4851a1d" relativeResultsDirectory="14036b09-9f0c-4c8b-abdf-c8f5f7851fc1" />
    <UnitTestResult executionId="068727c5-1ca7-480c-ad22-c7fe5628e54d" testId="a9cc89a4-8213-a4b1-7484-4879815a89dd" testName="Decrypt_ShouldDecryptNonFipsLicenseEncryption" computerName="DKSR-EFI-04" duration="00:00:00.0005738" startTime="2023-12-22T09:36:32.3733658+01:00" endTime="2023-12-22T09:36:32.3741659+01:00" testType="13cdc9d9-ddb5-4fa4-a97d-d965ccfc6d4b" outcome="Passed" testListId="8c84fa94-04c1-424b-9868-57a2d4851a1d" relativeResultsDirectory="068727c5-1ca7-480c-ad22-c7fe5628e54d" />
    <UnitTestResult executionId="eb56aa7c-0fc7-4626-9a1c-5d1dcc9e7f5f" testId="11d54d6f-5da0-f133-d7de-6f5044962e90" testName="Append_Property_PathList" computerName="DKSR-EFI-04" duration="00:00:00.0014648" startTime="2023-12-22T09:36:30.4029880+01:00" endTime="2023-12-22T09:36:30.4046928+01:00" testType="13cdc9d9-ddb5-4fa4-a97d-d965ccfc6d4b" outcome="Passed" testListId="8c84fa94-04c1-424b-9868-57a2d4851a1d" relativeResultsDirectory="eb56aa7c-0fc7-4626-9a1c-5d1dcc9e7f5f" />
    <UnitTestResult executionId="82ad98d2-2d7f-470f-8808-4b726ad47155" testId="e0743512-14b2-153f-50d2-6849d822eb82" testName="ProvideValue_ShouldUseContentTemplateFromItem_WhenItemContentTemplateIsSet" computerName="DKSR-EFI-04" duration="00:00:00.0029425" startTime="2023-12-22T09:36:25.8258530+01:00" endTime="2023-12-22T09:36:25.9118106+01:00" testType="13cdc9d9-ddb5-4fa4-a97d-d965ccfc6d4b" outcome="Passed" testListId="8c84fa94-04c1-424b-9868-57a2d4851a1d" relativeResultsDirectory="82ad98d2-2d7f-470f-8808-4b726ad47155" />
    <UnitTestResult executionId="aebcf228-15b8-4cd4-a466-70cd752fa9bb" testId="e37104f1-0b9f-8085-a237-c134f8aaa64f" testName="Serialize_TestCases (TestParentTypeMatchObjectNotThisTypeMatchedProperty)" computerName="DKSR-EFI-04" duration="00:00:00.0005926" startTime="2023-12-22T09:36:28.3594401+01:00" endTime="2023-12-22T09:36:28.3603425+01:00" testType="13cdc9d9-ddb5-4fa4-a97d-d965ccfc6d4b" outcome="Passed" testListId="8c84fa94-04c1-424b-9868-57a2d4851a1d" relativeResultsDirectory="aebcf228-15b8-4cd4-a466-70cd752fa9bb" />
    <UnitTestResult executionId="0dcf0cbc-63e9-4d9f-9e47-224d12ad93be" testId="924f17cc-bb86-5a75-ef59-5704a9efc7cf" testName="Serialize_TestCases (TestParentTypeMatchDoubleThisTypeMatched)" computerName="DKSR-EFI-04" duration="00:00:00.0003929" startTime="2023-12-22T09:36:28.3107746+01:00" endTime="2023-12-22T09:36:28.3114873+01:00" testType="13cdc9d9-ddb5-4fa4-a97d-d965ccfc6d4b" outcome="Passed" testListId="8c84fa94-04c1-424b-9868-57a2d4851a1d" relativeResultsDirectory="0dcf0cbc-63e9-4d9f-9e47-224d12ad93be" />
    <UnitTestResult executionId="22f75cec-728c-4b68-959a-79299ec7409c" testId="897d70f0-e357-0848-3b55-d93cbcae3720" testName="Equals_Fail_OnObjectString" computerName="DKSR-EFI-04" duration="00:00:00.0003664" startTime="2023-12-22T09:36:02.7015520+01:00" endTime="2023-12-22T09:36:02.7020239+01:00" testType="13cdc9d9-ddb5-4fa4-a97d-d965ccfc6d4b" outcome="Passed" testListId="8c84fa94-04c1-424b-9868-57a2d4851a1d" relativeResultsDirectory="22f75cec-728c-4b68-959a-79299ec7409c" />
    <UnitTestResult executionId="3353171f-0078-47fc-94a5-dea25e040efb" testId="96ff7aa1-841c-ccfd-6ea5-bb02ee21f492" testName="GetAtOrBefore_ShouldReturnNull_WhenToolkitReturnsNull" computerName="DKSR-EFI-04" duration="00:00:00.0020029" startTime="2023-12-22T09:36:32.9066221+01:00" endTime="2023-12-22T09:36:32.9088373+01:00" testType="13cdc9d9-ddb5-4fa4-a97d-d965ccfc6d4b" outcome="Passed" testListId="8c84fa94-04c1-424b-9868-57a2d4851a1d" relativeResultsDirectory="3353171f-0078-47fc-94a5-dea25e040efb" />
    <UnitTestResult executionId="2a368a6a-3fe9-4b16-82af-51031945bb57" testId="b95a0169-81da-1ad7-baaf-9682207c1cd6" testName="Equals_ShouldHaveValueSemantics_WhenAlways" computerName="DKSR-EFI-04" duration="00:00:00.0003397" startTime="2023-12-22T09:36:31.4490672+01:00" endTime="2023-12-22T09:36:31.4496223+01:00" testType="13cdc9d9-ddb5-4fa4-a97d-d965ccfc6d4b" outcome="Passed" testListId="8c84fa94-04c1-424b-9868-57a2d4851a1d" relativeResultsDirectory="2a368a6a-3fe9-4b16-82af-51031945bb57" />
    <UnitTestResult executionId="5b79eb04-4315-4246-a211-4372f96aa39c" testId="d14f3865-eb3a-a806-eb3f-e6d1d870885d" testName="Append_Property_MIPItem_LowerCase" computerName="DKSR-EFI-04" duration="00:00:00.0001723" startTime="2023-12-22T09:36:30.3682240+01:00" endTime="2023-12-22T09:36:30.3685859+01:00" testType="13cdc9d9-ddb5-4fa4-a97d-d965ccfc6d4b" outcome="Passed" testListId="8c84fa94-04c1-424b-9868-57a2d4851a1d" relativeResultsDirectory="5b79eb04-4315-4246-a211-4372f96aa39c" />
    <UnitTestResult executionId="52e2719b-1fa1-41ae-be5c-c9ffb392532e" testId="1b4a32c3-9eb5-2168-e50a-80b2df0aa2f3" testName="ReadXml_ShouldReadMultipleFrames_WhenMultipleCorrectFramesArePresent" computerName="DKSR-EFI-04" duration="00:00:00.0004379" startTime="2023-12-22T09:36:31.7108928+01:00" endTime="2023-12-22T09:36:31.7115326+01:00" testType="13cdc9d9-ddb5-4fa4-a97d-d965ccfc6d4b" outcome="Passed" testListId="8c84fa94-04c1-424b-9868-57a2d4851a1d" relativeResultsDirectory="52e2719b-1fa1-41ae-be5c-c9ffb392532e" />
    <UnitTestResult executionId="e10f09ea-8018-4232-90df-ad2128d09811" testId="f095befb-1220-164b-8d93-573101abd22c" testName="IsEmptyValue_DoubleRangeFilterValue_NonDefaultConfiguration_ReturnsFalse" computerName="DKSR-EFI-04" duration="00:00:00.0010794" startTime="2023-12-22T09:36:28.8055578+01:00" endTime="2023-12-22T09:36:28.8068341+01:00" testType="13cdc9d9-ddb5-4fa4-a97d-d965ccfc6d4b" outcome="Passed" testListId="8c84fa94-04c1-424b-9868-57a2d4851a1d" relativeResultsDirectory="e10f09ea-8018-4232-90df-ad2128d09811" />
    <UnitTestResult executionId="4a173642-a82e-4825-bf3c-b6e61e31dffd" testId="8a93c35e-4228-1fba-033f-24c13305aa44" testName="Serialize_ShouldHandleCollectionFilter_WhenMatchingCollectionTypeAndItMatches" computerName="DKSR-EFI-04" duration="00:00:00.0029756" startTime="2023-12-22T09:36:28.4851255+01:00" endTime="2023-12-22T09:36:28.4884549+01:00" testType="13cdc9d9-ddb5-4fa4-a97d-d965ccfc6d4b" outcome="Passed" testListId="8c84fa94-04c1-424b-9868-57a2d4851a1d" relativeResultsDirectory="4a173642-a82e-4825-bf3c-b6e61e31dffd" />
    <UnitTestResult executionId="46acb5b3-93d8-4c97-b65f-3fe06d8ff072" testId="5af855bd-1073-0abf-ad45-fc121c142707" testName="Convert_MultiArgumentConverter_ShouldReturnConvertedValue_WhenArgumentsMatch" computerName="DKSR-EFI-04" duration="00:00:00.0029876" startTime="2023-12-22T09:36:23.4976195+01:00" endTime="2023-12-22T09:36:23.5008284+01:00" testType="13cdc9d9-ddb5-4fa4-a97d-d965ccfc6d4b" outcome="Passed" testListId="8c84fa94-04c1-424b-9868-57a2d4851a1d" relativeResultsDirectory="46acb5b3-93d8-4c97-b65f-3fe06d8ff072" />
    <UnitTestResult executionId="7f76478f-93f6-4462-9cf4-5c0707793de4" testId="af16c081-1118-4157-5e5a-823452565ccb" testName="ReadXml_ShouldReadMultipleObjects_WhenMultipleObjectsArePresent" computerName="DKSR-EFI-04" duration="00:00:00.0003897" startTime="2023-12-22T09:36:31.1213631+01:00" endTime="2023-12-22T09:36:31.1219241+01:00" testType="13cdc9d9-ddb5-4fa4-a97d-d965ccfc6d4b" outcome="Passed" testListId="8c84fa94-04c1-424b-9868-57a2d4851a1d" relativeResultsDirectory="7f76478f-93f6-4462-9cf4-5c0707793de4" />
    <UnitTestResult executionId="531dbfa6-9add-468b-befb-b7f90549cda9" testId="2575271e-e34f-00c6-8d80-4ebf0bf67d06" testName="ReadXml_ShouldReadAppearance_WhenAppearanceIsPresent" computerName="DKSR-EFI-04" duration="00:00:00.0003018" startTime="2023-12-22T09:36:31.4228704+01:00" endTime="2023-12-22T09:36:31.4233750+01:00" testType="13cdc9d9-ddb5-4fa4-a97d-d965ccfc6d4b" outcome="Passed" testListId="8c84fa94-04c1-424b-9868-57a2d4851a1d" relativeResultsDirectory="531dbfa6-9add-468b-befb-b7f90549cda9" />
    <UnitTestResult executionId="3a0635fc-430c-41de-9292-e10751c75f9a" testId="e5428f59-f644-25e4-cf44-58ef5b64f2ad" testName="Append_Property_Int" computerName="DKSR-EFI-04" duration="00:00:00.0005469" startTime="2023-12-22T09:36:30.3607648+01:00" endTime="2023-12-22T09:36:30.3615124+01:00" testType="13cdc9d9-ddb5-4fa4-a97d-d965ccfc6d4b" outcome="Passed" testListId="8c84fa94-04c1-424b-9868-57a2d4851a1d" relativeResultsDirectory="3a0635fc-430c-41de-9292-e10751c75f9a" />
    <UnitTestResult executionId="5cbe4121-0f43-4585-9fc2-6642f658e530" testId="007025e6-ced6-33f5-d735-a3864e2b7add" testName="GetMetadataString_ShouldReturnConstructorByteArrayParameter_AsUtf8DecodedString" computerName="DKSR-EFI-04" duration="00:00:00.0005459" startTime="2023-12-22T09:36:31.1481353+01:00" endTime="2023-12-22T09:36:31.1488882+01:00" testType="13cdc9d9-ddb5-4fa4-a97d-d965ccfc6d4b" outcome="Passed" testListId="8c84fa94-04c1-424b-9868-57a2d4851a1d" relativeResultsDirectory="5cbe4121-0f43-4585-9fc2-6642f658e530" />
    <UnitTestResult executionId="10cdaf39-f27b-4bc7-9b0e-3e1af229d18c" testId="14a48fdf-998f-a4a7-ad0a-dfa3e87104de" testName="ProvideValue_ShouldUseItemContentTemplate_WhenContentTemplateIsSetOnDropDownAndOnItem" computerName="DKSR-EFI-04" duration="00:00:00.0183857" startTime="2023-12-22T09:36:26.9957726+01:00" endTime="2023-12-22T09:36:27.0808719+01:00" testType="13cdc9d9-ddb5-4fa4-a97d-d965ccfc6d4b" outcome="Passed" testListId="8c84fa94-04c1-424b-9868-57a2d4851a1d" relativeResultsDirectory="10cdaf39-f27b-4bc7-9b0e-3e1af229d18c" />
    <UnitTestResult executionId="5a88e069-9133-4b1c-89f1-853e7d6c5f0d" testId="12eef7c4-a391-5bc7-ef04-b727ebe57366" testName="Version_ShouldHaveDefaultValueOf10_WhenNotSetExplicitly" computerName="DKSR-EFI-04" duration="00:00:00.0013423" startTime="2023-12-22T09:36:31.3187570+01:00" endTime="2023-12-22T09:36:31.3205723+01:00" testType="13cdc9d9-ddb5-4fa4-a97d-d965ccfc6d4b" outcome="Passed" testListId="8c84fa94-04c1-424b-9868-57a2d4851a1d" relativeResultsDirectory="5a88e069-9133-4b1c-89f1-853e7d6c5f0d" />
    <UnitTestResult executionId="0407c8d1-698b-4dc1-88ac-c6a507c803b1" testId="42fa9d5a-68c0-df47-5ee1-d61bde48031d" testName="ReadXml_ShouldReadLongitude_WhenLongitudeIsPresent" computerName="DKSR-EFI-04" duration="00:00:00.0002962" startTime="2023-12-22T09:36:31.3461341+01:00" endTime="2023-12-22T09:36:31.3466462+01:00" testType="13cdc9d9-ddb5-4fa4-a97d-d965ccfc6d4b" outcome="Passed" testListId="8c84fa94-04c1-424b-9868-57a2d4851a1d" relativeResultsDirectory="0407c8d1-698b-4dc1-88ac-c6a507c803b1" />
    <UnitTestResult executionId="7e13a044-ec0f-4acb-a8be-bacac93ee508" testId="c3ec86b5-5bf1-4537-a0ad-cbb701960818" testName="Serialize_TestCases (TestParentTypeMatchIntNotThisTypeMatched)" computerName="DKSR-EFI-04" duration="00:00:00.0002921" startTime="2023-12-22T09:36:28.3078375+01:00" endTime="2023-12-22T09:36:28.3084369+01:00" testType="13cdc9d9-ddb5-4fa4-a97d-d965ccfc6d4b" outcome="Passed" testListId="8c84fa94-04c1-424b-9868-57a2d4851a1d" relativeResultsDirectory="7e13a044-ec0f-4acb-a8be-bacac93ee508" />
    <UnitTestResult executionId="17171098-921f-42fc-98fa-27854cfe9bf4" testId="42e8385e-9428-8ed0-dceb-a1eac93d91de" testName="Equals_ShouldReturnTrue_WhenHostIsTextualLocalhostAndOtherHostIsDottedDecimalThisNetwork" computerName="DKSR-EFI-04" duration="00:00:00.0003441" startTime="2023-12-22T09:36:04.1968144+01:00" endTime="2023-12-22T09:36:04.1973312+01:00" testType="13cdc9d9-ddb5-4fa4-a97d-d965ccfc6d4b" outcome="Passed" testListId="8c84fa94-04c1-424b-9868-57a2d4851a1d" relativeResultsDirectory="17171098-921f-42fc-98fa-27854cfe9bf4" />
    <UnitTestResult executionId="8cc83d11-3102-4d1a-8ee9-e3a50765e0d5" testId="7f0dc770-de51-01fc-0418-ecabb4649b1e" testName="Serialize_TestCases (TestParentTypeMatchInterfaceNotThisTypeMatched)" computerName="DKSR-EFI-04" duration="00:00:00.0005650" startTime="2023-12-22T09:36:28.3844472+01:00" endTime="2023-12-22T09:36:28.3853188+01:00" testType="13cdc9d9-ddb5-4fa4-a97d-d965ccfc6d4b" outcome="Passed" testListId="8c84fa94-04c1-424b-9868-57a2d4851a1d" relativeResultsDirectory="8cc83d11-3102-4d1a-8ee9-e3a50765e0d5" />
    <UnitTestResult executionId="eaad1c67-e747-44f3-82f0-2768b782a911" testId="f2325bdc-388f-3bfc-d37a-f2048ec03dc5" testName="GetEnd_ShouldReturnLastMetadataContent_WhenThereIsData" computerName="DKSR-EFI-04" duration="00:00:00.0024730" startTime="2023-12-22T09:36:32.8261065+01:00" endTime="2023-12-22T09:36:32.8287708+01:00" testType="13cdc9d9-ddb5-4fa4-a97d-d965ccfc6d4b" outcome="Passed" testListId="8c84fa94-04c1-424b-9868-57a2d4851a1d" relativeResultsDirectory="eaad1c67-e747-44f3-82f0-2768b782a911" />
    <UnitTestResult executionId="9bf3d5e5-0ff5-4d68-bcec-8a1854f44c99" testId="cf5973cd-80eb-589d-6a2e-dee3a1384b97" testName="ReadXml_ShouldIgnoreUnknownElements_WhenUnknownElementsArePresent" computerName="DKSR-EFI-04" duration="00:00:00.0003986" startTime="2023-12-22T09:36:31.3577461+01:00" endTime="2023-12-22T09:36:31.3583525+01:00" testType="13cdc9d9-ddb5-4fa4-a97d-d965ccfc6d4b" outcome="Passed" testListId="8c84fa94-04c1-424b-9868-57a2d4851a1d" relativeResultsDirectory="9bf3d5e5-0ff5-4d68-bcec-8a1854f44c99" />
    <UnitTestResult executionId="03075fd6-ed11-483f-ad7d-b981a27925a2" testId="88b3639f-ec99-90c4-a195-d859d4e9c60c" testName="Equals_ShouldReturnTrue_WhenHostDifferOnlyByPortInHost" computerName="DKSR-EFI-04" duration="00:00:00.0002730" startTime="2023-12-22T09:36:04.1761178+01:00" endTime="2023-12-22T09:36:04.1765386+01:00" testType="13cdc9d9-ddb5-4fa4-a97d-d965ccfc6d4b" outcome="Passed" testListId="8c84fa94-04c1-424b-9868-57a2d4851a1d" relativeResultsDirectory="03075fd6-ed11-483f-ad7d-b981a27925a2" />
    <UnitTestResult executionId="be874fdb-8536-442d-9aae-4e4b021c2b31" testId="68839c3f-a774-538d-b591-9a44c343225f" testName="BuildOverlayWidthHeightBaseEvent_ShouldReturnCorrectSizedBitmap_WhenArgumentIsAnalyticsEventWithNoObjectPolygon" computerName="DKSR-EFI-04" duration="00:00:00.0031640" startTime="2023-12-22T09:36:04.6068602+01:00" endTime="2023-12-22T09:36:04.6102227+01:00" testType="13cdc9d9-ddb5-4fa4-a97d-d965ccfc6d4b" outcome="Passed" testListId="8c84fa94-04c1-424b-9868-57a2d4851a1d" relativeResultsDirectory="be874fdb-8536-442d-9aae-4e4b021c2b31" />
    <UnitTestResult executionId="d9644922-66ac-4ca9-9582-c667c8e050bb" testId="2983b511-4ca5-aad7-7122-726ddf02d399" testName="GetHashType_ShouldReturnSHA256_WhenInputIsSHA256" computerName="DKSR-EFI-04" duration="00:00:00.0001743" startTime="2023-12-22T09:36:32.9894584+01:00" endTime="2023-12-22T09:36:32.9898083+01:00" testType="13cdc9d9-ddb5-4fa4-a97d-d965ccfc6d4b" outcome="Passed" testListId="8c84fa94-04c1-424b-9868-57a2d4851a1d" relativeResultsDirectory="d9644922-66ac-4ca9-9582-c667c8e050bb" />
    <UnitTestResult executionId="f77af49f-42a2-4e55-84dc-4ff119c845a2" testId="d70deda9-d414-d7bd-403c-5fb9de797fb3" testName="Enqueue_TwoProducers_Success" computerName="DKSR-EFI-04" duration="00:00:00.0829274" startTime="2023-12-22T09:36:15.3473573+01:00" endTime="2023-12-22T09:36:15.4304962+01:00" testType="13cdc9d9-ddb5-4fa4-a97d-d965ccfc6d4b" outcome="Passed" testListId="8c84fa94-04c1-424b-9868-57a2d4851a1d" relativeResultsDirectory="f77af49f-42a2-4e55-84dc-4ff119c845a2" />
    <UnitTestResult executionId="f72a6a7b-9f36-47d9-bbe0-d9a1f5238a2c" testId="88c7ce2e-851c-95ac-24f9-c8ee7cf94eac" testName="TestMultiLevelQueue_ShuttingDownResourceProcessorEdgeCase_Success" computerName="DKSR-EFI-04" duration="00:00:02.1641542" startTime="2023-12-22T09:36:17.7653436+01:00" endTime="2023-12-22T09:36:19.9299217+01:00" testType="13cdc9d9-ddb5-4fa4-a97d-d965ccfc6d4b" outcome="Passed" testListId="8c84fa94-04c1-424b-9868-57a2d4851a1d" relativeResultsDirectory="f72a6a7b-9f36-47d9-bbe0-d9a1f5238a2c" />
    <UnitTestResult executionId="beeaeb53-8ba5-475b-a057-f7f119697025" testId="fd9e0efb-edb7-82bd-15c3-0c32bed5a7f0" testName="AllAttributesWerePresent_ShouldReturnFalse_WhenTopAttributeIsNotAFloat" computerName="DKSR-EFI-04" duration="00:00:00.0003122" startTime="2023-12-22T09:36:31.4748278+01:00" endTime="2023-12-22T09:36:31.4753435+01:00" testType="13cdc9d9-ddb5-4fa4-a97d-d965ccfc6d4b" outcome="Passed" testListId="8c84fa94-04c1-424b-9868-57a2d4851a1d" relativeResultsDirectory="beeaeb53-8ba5-475b-a057-f7f119697025" />
    <UnitTestResult executionId="f1e730e4-d32b-4856-a6d8-27da71af872a" testId="3c9f7f25-03ba-a9ac-886d-ab6e7acb2b5d" testName="TryParseArgbString_ShouldCreateInstanceWithCorrectARGBValues_WhenFormatIsCorrectButWithWhiteSpaceBeforeOrAfter" computerName="DKSR-EFI-04" duration="00:00:00.0003110" startTime="2023-12-22T09:36:30.9958672+01:00" endTime="2023-12-22T09:36:30.9963798+01:00" testType="13cdc9d9-ddb5-4fa4-a97d-d965ccfc6d4b" outcome="Passed" testListId="8c84fa94-04c1-424b-9868-57a2d4851a1d" relativeResultsDirectory="f1e730e4-d32b-4856-a6d8-27da71af872a" />
    <UnitTestResult executionId="44b92566-f983-4d70-8cad-f8f239bfb980" testId="ea4cc4d0-6ac5-366c-ac2d-a5c2c9cb07e6" testName="HasExtensionDataPresent_ShouldReturnTrue_WhenLineDisplayPixelThicknessIsSet" computerName="DKSR-EFI-04" duration="00:00:00.0002862" startTime="2023-12-22T09:36:31.4546927+01:00" endTime="2023-12-22T09:36:31.4551919+01:00" testType="13cdc9d9-ddb5-4fa4-a97d-d965ccfc6d4b" outcome="Passed" testListId="8c84fa94-04c1-424b-9868-57a2d4851a1d" relativeResultsDirectory="44b92566-f983-4d70-8cad-f8f239bfb980" />
    <UnitTestResult executionId="b994d6d3-5e60-4fd7-ba39-142b406be709" testId="80eb5992-c82a-ed44-e16c-bbd14f90a9d1" testName="Serialize_TestCases (TestParentTypeMatchBoolNotThisTypeMatched)" computerName="DKSR-EFI-04" duration="00:00:00.0003078" startTime="2023-12-22T09:36:28.3017717+01:00" endTime="2023-12-22T09:36:28.3023799+01:00" testType="13cdc9d9-ddb5-4fa4-a97d-d965ccfc6d4b" outcome="Passed" testListId="8c84fa94-04c1-424b-9868-57a2d4851a1d" relativeResultsDirectory="b994d6d3-5e60-4fd7-ba39-142b406be709" />
    <UnitTestResult executionId="06bfb8a0-21e0-4e51-ad65-6f10b0f52d9c" testId="b79783b6-52a2-ffc5-2a1d-6b3307f25451" testName="IsValid_ShouldReturnFalse_WhenTypeIsWhitespace" computerName="DKSR-EFI-04" duration="00:00:00.0002433" startTime="2023-12-22T09:36:30.9399869+01:00" endTime="2023-12-22T09:36:30.9404280+01:00" testType="13cdc9d9-ddb5-4fa4-a97d-d965ccfc6d4b" outcome="Passed" testListId="8c84fa94-04c1-424b-9868-57a2d4851a1d" relativeResultsDirectory="06bfb8a0-21e0-4e51-ad65-6f10b0f52d9c" />
    <UnitTestResult executionId="d95b7d4b-69e4-4d7d-870a-b6fa636dee4b" testId="cfc09053-dd65-09af-3398-2d1e903d515a" testName="Stop_EmptyQueue_IsStoppingSetButIsStoppedNotSet" computerName="DKSR-EFI-04" duration="00:00:00.0002036" startTime="2023-12-22T09:36:15.4723440+01:00" endTime="2023-12-22T09:36:15.4726664+01:00" testType="13cdc9d9-ddb5-4fa4-a97d-d965ccfc6d4b" outcome="Passed" testListId="8c84fa94-04c1-424b-9868-57a2d4851a1d" relativeResultsDirectory="d95b7d4b-69e4-4d7d-870a-b6fa636dee4b" />
    <UnitTestResult executionId="c3b7882a-6dbf-4382-9fc0-3ae115f52e53" testId="72564ee7-6904-9d2d-9a11-6e408d6771a9" testName="MarkupExtension_ShouldChangeContentTemplate_WhenContentTemplateOnSelectedItemChanges" computerName="DKSR-EFI-04" duration="00:00:00.0030696" startTime="2023-12-22T09:36:26.7575271+01:00" endTime="2023-12-22T09:36:26.8041481+01:00" testType="13cdc9d9-ddb5-4fa4-a97d-d965ccfc6d4b" outcome="Passed" testListId="8c84fa94-04c1-424b-9868-57a2d4851a1d" relativeResultsDirectory="c3b7882a-6dbf-4382-9fc0-3ae115f52e53" />
    <UnitTestResult executionId="cf229c08-fb69-4b94-94ce-5b970ce78729" testId="d67f39a6-38da-54cf-bd51-1084e48c6e60" testName="ReadXml_ShouldSetAllFieldsToNull_ThatAreNotPresentInXml" computerName="DKSR-EFI-04" duration="00:00:00.0022248" startTime="2023-12-22T09:36:31.3380641+01:00" endTime="2023-12-22T09:36:31.3404970+01:00" testType="13cdc9d9-ddb5-4fa4-a97d-d965ccfc6d4b" outcome="Passed" testListId="8c84fa94-04c1-424b-9868-57a2d4851a1d" relativeResultsDirectory="cf229c08-fb69-4b94-94ce-5b970ce78729" />
    <UnitTestResult executionId="e0ec448a-c6ff-4c5b-82c9-c8cf399cef31" testId="79018515-d745-dd30-fc15-5ab9418fb22e" testName="TestStartSearch_MultipleSearchDifferentDefinitions_Success" computerName="DKSR-EFI-04" duration="00:00:00.0091145" startTime="2023-12-22T09:36:29.0461039+01:00" endTime="2023-12-22T09:36:29.0555339+01:00" testType="13cdc9d9-ddb5-4fa4-a97d-d965ccfc6d4b" outcome="Passed" testListId="8c84fa94-04c1-424b-9868-57a2d4851a1d" relativeResultsDirectory="e0ec448a-c6ff-4c5b-82c9-c8cf399cef31" />
    <UnitTestResult executionId="534b3c46-6aa3-45a1-80f7-213925a2001e" testId="5d3ae8cd-0741-cea7-50c0-7e2ff7ad47a7" testName="WriteXml_ShouldWriteTranslateContents_WhenTranslateIsNotNull" computerName="DKSR-EFI-04" duration="00:00:00.0009025" startTime="2023-12-22T09:36:31.6657536+01:00" endTime="2023-12-22T09:36:31.6668684+01:00" testType="13cdc9d9-ddb5-4fa4-a97d-d965ccfc6d4b" outcome="Passed" testListId="8c84fa94-04c1-424b-9868-57a2d4851a1d" relativeResultsDirectory="534b3c46-6aa3-45a1-80f7-213925a2001e" />
    <UnitTestResult executionId="89b2745a-b31f-4e94-a290-f54ab24aee81" testId="acd28437-0e13-f5d1-fe2d-ceccbcc0b0d8" testName="Construct4_And_Field_Check" computerName="DKSR-EFI-04" duration="00:00:00.0113850" startTime="2023-12-22T09:36:02.9406860+01:00" endTime="2023-12-22T09:36:02.9522829+01:00" testType="13cdc9d9-ddb5-4fa4-a97d-d965ccfc6d4b" outcome="Passed" testListId="8c84fa94-04c1-424b-9868-57a2d4851a1d" relativeResultsDirectory="89b2745a-b31f-4e94-a290-f54ab24aee81" />
    <UnitTestResult executionId="bd5f2520-76c5-4e74-b0fc-61cf8cd4083e" testId="e4430911-be68-d9a0-a78d-87695990dd2b" testName="GetItem_Rule_Success" computerName="DKSR-EFI-04" duration="00:00:00.0063704" startTime="2023-12-22T09:36:30.5879374+01:00" endTime="2023-12-22T09:36:30.5945837+01:00" testType="13cdc9d9-ddb5-4fa4-a97d-d965ccfc6d4b" outcome="Passed" testListId="8c84fa94-04c1-424b-9868-57a2d4851a1d" relativeResultsDirectory="bd5f2520-76c5-4e74-b0fc-61cf8cd4083e" />
    <UnitTestResult executionId="e3f475be-5393-4d38-81b9-332ba35a02ef" testId="3350d2b0-3312-d687-fc6c-5745c7811365" testName="Ctor_TwoStandardFilters_Success" computerName="DKSR-EFI-04" duration="00:00:00.0036258" startTime="2023-12-22T09:36:30.2226740+01:00" endTime="2023-12-22T09:36:30.2265650+01:00" testType="13cdc9d9-ddb5-4fa4-a97d-d965ccfc6d4b" outcome="Passed" testListId="8c84fa94-04c1-424b-9868-57a2d4851a1d" relativeResultsDirectory="e3f475be-5393-4d38-81b9-332ba35a02ef" />
    <UnitTestResult executionId="019d0562-a2da-44db-a862-ce15e3c270dc" testId="f1273a57-f352-81b3-3c22-3b2f4debaba3" testName="Replace_ShouldInvokeCallback_WhenObservable" computerName="DKSR-EFI-04" duration="00:00:00.0020941" startTime="2023-12-22T09:36:24.8312934+01:00" endTime="2023-12-22T09:36:24.8555290+01:00" testType="13cdc9d9-ddb5-4fa4-a97d-d965ccfc6d4b" outcome="Passed" testListId="8c84fa94-04c1-424b-9868-57a2d4851a1d" relativeResultsDirectory="019d0562-a2da-44db-a862-ce15e3c270dc" />
    <UnitTestResult executionId="4b3fe3e9-ec09-4f5f-bc3f-cddd794eb436" testId="f408475e-6fb9-6a1c-14aa-10ca58ac105c" testName="Parse_Strings" computerName="DKSR-EFI-04" duration="00:00:00.0004354" startTime="2023-12-22T09:36:30.4652341+01:00" endTime="2023-12-22T09:36:30.4658681+01:00" testType="13cdc9d9-ddb5-4fa4-a97d-d965ccfc6d4b" outcome="Passed" testListId="8c84fa94-04c1-424b-9868-57a2d4851a1d" relativeResultsDirectory="4b3fe3e9-ec09-4f5f-bc3f-cddd794eb436" />
    <UnitTestResult executionId="0e81c79f-9d11-494b-a8a8-02e4d0ebcadd" testId="52804f86-16d4-c4e7-0a3e-5434b8ef0f30" testName="WriteXml_ShouldWriteElements_WhenTheyHaveValues" computerName="DKSR-EFI-04" duration="00:00:00.0004477" startTime="2023-12-22T09:36:31.3609903+01:00" endTime="2023-12-22T09:36:31.3616359+01:00" testType="13cdc9d9-ddb5-4fa4-a97d-d965ccfc6d4b" outcome="Passed" testListId="8c84fa94-04c1-424b-9868-57a2d4851a1d" relativeResultsDirectory="0e81c79f-9d11-494b-a8a8-02e4d0ebcadd" />
    <UnitTestResult executionId="5e3fa9c7-c656-4bf1-b83c-e1e453a371b7" testId="35a57cb6-17e3-2864-373a-0a8f0a5d8876" testName="Equals_Success" computerName="DKSR-EFI-04" duration="00:00:00.0007861" startTime="2023-12-22T09:36:31.8069016+01:00" endTime="2023-12-22T09:36:31.8078867+01:00" testType="13cdc9d9-ddb5-4fa4-a97d-d965ccfc6d4b" outcome="Passed" testListId="8c84fa94-04c1-424b-9868-57a2d4851a1d" relativeResultsDirectory="5e3fa9c7-c656-4bf1-b83c-e1e453a371b7" />
    <UnitTestResult executionId="21d38d53-bf6d-49f0-8ced-6dcc88be77d2" testId="6faa7eef-7d9f-75d0-2df6-09e7531ab536" testName="CreateAlarmFromEvent_ShouldReturnProperAlarm_WhenArgumentIsEventData" computerName="DKSR-EFI-04" duration="00:00:00.3559101" startTime="2023-12-22T09:36:04.2036137+01:00" endTime="2023-12-22T09:36:04.5597734+01:00" testType="13cdc9d9-ddb5-4fa4-a97d-d965ccfc6d4b" outcome="Passed" testListId="8c84fa94-04c1-424b-9868-57a2d4851a1d" relativeResultsDirectory="21d38d53-bf6d-49f0-8ced-6dcc88be77d2" />
    <UnitTestResult executionId="dfa7ae40-ee1c-482e-8de3-af9a7335df55" testId="682b3a18-5ce2-e09c-06c2-b3ebd5eb55df" testName="ReadXml_ShouldIgnoreFrame_WhenFrameDidNotReadUtcTime" computerName="DKSR-EFI-04" duration="00:00:00.0022443" startTime="2023-12-22T09:36:31.7196155+01:00" endTime="2023-12-22T09:36:31.7221130+01:00" testType="13cdc9d9-ddb5-4fa4-a97d-d965ccfc6d4b" outcome="Passed" testListId="8c84fa94-04c1-424b-9868-57a2d4851a1d" relativeResultsDirectory="dfa7ae40-ee1c-482e-8de3-af9a7335df55" />
    <UnitTestResult executionId="3c7cd42a-d2ee-4efe-923b-45fbf187e6a7" testId="d39f235d-2e7d-3e96-21e3-c8d6d50c5857" testName="Constructor_ShouldThrowArgumentNullException_WhenMacAddressIsNull" computerName="DKSR-EFI-04" duration="00:00:00.0038851" startTime="2023-12-22T09:36:32.5831145+01:00" endTime="2023-12-22T09:36:32.5874218+01:00" testType="13cdc9d9-ddb5-4fa4-a97d-d965ccfc6d4b" outcome="Passed" testListId="8c84fa94-04c1-424b-9868-57a2d4851a1d" relativeResultsDirectory="3c7cd42a-d2ee-4efe-923b-45fbf187e6a7" />
    <UnitTestResult executionId="7a83b0cc-ba08-47a8-95d7-c88d8e927147" testId="cd0e928a-8fb2-a8c8-3e57-58d7e6ebe361" testName="ReadXml_ShouldReadYAttribute_WhenPresent" computerName="DKSR-EFI-04" duration="00:00:00.0002835" startTime="2023-12-22T09:36:31.0376225+01:00" endTime="2023-12-22T09:36:31.0381167+01:00" testType="13cdc9d9-ddb5-4fa4-a97d-d965ccfc6d4b" outcome="Passed" testListId="8c84fa94-04c1-424b-9868-57a2d4851a1d" relativeResultsDirectory="7a83b0cc-ba08-47a8-95d7-c88d8e927147" />
    <UnitTestResult executionId="6eedbbc8-17c8-43ce-b998-5bac4bc92cdf" testId="9f7143c5-f21b-a4cb-b62f-d856a6e8e1f7" testName="GetBoundingShapesAsync_MultipleInvocationsPerTime_DelegatedToInternalMethodOnlyOncePerTime" computerName="DKSR-EFI-04" duration="00:00:00.0012235" startTime="2023-12-22T09:36:29.1452282+01:00" endTime="2023-12-22T09:36:29.1466878+01:00" testType="13cdc9d9-ddb5-4fa4-a97d-d965ccfc6d4b" outcome="Passed" testListId="8c84fa94-04c1-424b-9868-57a2d4851a1d" relativeResultsDirectory="6eedbbc8-17c8-43ce-b998-5bac4bc92cdf" />
    <UnitTestResult executionId="c6eb8e42-167c-4292-8c36-e9088549f317" testId="7e0a73d2-6a35-69c0-258f-1a39ba55eac2" testName="Append_Ignored_For_Empty_Values" computerName="DKSR-EFI-04" duration="00:00:00.0019739" startTime="2023-12-22T09:36:30.3276417+01:00" endTime="2023-12-22T09:36:30.3298091+01:00" testType="13cdc9d9-ddb5-4fa4-a97d-d965ccfc6d4b" outcome="Passed" testListId="8c84fa94-04c1-424b-9868-57a2d4851a1d" relativeResultsDirectory="c6eb8e42-167c-4292-8c36-e9088549f317" />
    <UnitTestResult executionId="82fd0038-9150-4635-ae51-396040464357" testId="78b38ad0-3cef-09ee-1bf9-763896c87118" testName="ConstructorShouldThrowArgumentNullExceptionWhenContentIsNull" computerName="DKSR-EFI-04" duration="00:00:00.0021499" startTime="2023-12-22T09:36:32.2674950+01:00" endTime="2023-12-22T09:36:32.2700360+01:00" testType="13cdc9d9-ddb5-4fa4-a97d-d965ccfc6d4b" outcome="Passed" testListId="8c84fa94-04c1-424b-9868-57a2d4851a1d" relativeResultsDirectory="82fd0038-9150-4635-ae51-396040464357" />
    <UnitTestResult executionId="257bf2bd-7cae-4fce-8db4-657294a20b83" testId="fcaf83e0-32f7-634e-130d-abc796d2af06" testName="WriteAppearanceExtenstionXml_ShouldWriteAllExtensions_WhenAllArePresent" computerName="DKSR-EFI-04" duration="00:00:00.0004122" startTime="2023-12-22T09:36:31.5185176+01:00" endTime="2023-12-22T09:36:31.5191304+01:00" testType="13cdc9d9-ddb5-4fa4-a97d-d965ccfc6d4b" outcome="Passed" testListId="8c84fa94-04c1-424b-9868-57a2d4851a1d" relativeResultsDirectory="257bf2bd-7cae-4fce-8db4-657294a20b83" />
    <UnitTestResult executionId="f0defe56-2fa7-4527-866a-a68ff8fadf99" testId="e7a315f9-584b-e4f3-8469-ce4f80c3387c" testName="GenerateParameters_ShouldThrowInvalidOperationException_WhenThereAreMoreThanOneCameraDevice" computerName="DKSR-EFI-04" duration="00:00:00.0038482" startTime="2023-12-22T09:36:32.6091945+01:00" endTime="2023-12-22T09:36:32.6132326+01:00" testType="13cdc9d9-ddb5-4fa4-a97d-d965ccfc6d4b" outcome="Passed" testListId="8c84fa94-04c1-424b-9868-57a2d4851a1d" relativeResultsDirectory="f0defe56-2fa7-4527-866a-a68ff8fadf99" />
    <UnitTestResult executionId="6c178e5c-4e80-41d6-9fd6-77c3b2de47be" testId="629a124b-d106-9b5f-4810-e231979dd6e9" testName="ProvideValue_ShouldNotApplyContentTemplate_WhenItemContentTemplatePropertyNameIsNotSet" computerName="DKSR-EFI-04" duration="00:00:00.0293311" startTime="2023-12-22T09:36:25.5978836+01:00" endTime="2023-12-22T09:36:25.7620254+01:00" testType="13cdc9d9-ddb5-4fa4-a97d-d965ccfc6d4b" outcome="Passed" testListId="8c84fa94-04c1-424b-9868-57a2d4851a1d" relativeResultsDirectory="6c178e5c-4e80-41d6-9fd6-77c3b2de47be" />
    <UnitTestResult executionId="4f91f063-b744-41e2-b040-83254a65f252" testId="3ff8a29f-4ec9-3263-91de-91e09cf1f36e" testName="Serialize_TestCases (Verify root Interface (null) property get property value)" computerName="DKSR-EFI-04" duration="00:00:00.0001701" startTime="2023-12-22T09:36:28.2744917+01:00" endTime="2023-12-22T09:36:28.2749705+01:00" testType="13cdc9d9-ddb5-4fa4-a97d-d965ccfc6d4b" outcome="Passed" testListId="8c84fa94-04c1-424b-9868-57a2d4851a1d" relativeResultsDirectory="4f91f063-b744-41e2-b040-83254a65f252" />
    <UnitTestResult executionId="41e1730a-e798-4be5-9870-6d6867080172" testId="cd1d2fd6-a556-1869-618e-8799c1c10a94" testName="GetColorFilterValues_FilterValueMissing_ReturnsEmptyCollection" computerName="DKSR-EFI-04" duration="00:00:00.0004226" startTime="2023-12-22T09:36:30.2909808+01:00" endTime="2023-12-22T09:36:30.2916175+01:00" testType="13cdc9d9-ddb5-4fa4-a97d-d965ccfc6d4b" outcome="Passed" testListId="8c84fa94-04c1-424b-9868-57a2d4851a1d" relativeResultsDirectory="41e1730a-e798-4be5-9870-6d6867080172" />
    <UnitTestResult executionId="26a53712-cbd0-4d14-90ba-ac35ccfd6bec" testId="33719bf3-5409-92ab-16c7-8a271f81b2e6" testName="Ctor_EmptyName_Throws" computerName="DKSR-EFI-04" duration="00:00:00.0003626" startTime="2023-12-22T09:36:30.1955980+01:00" endTime="2023-12-22T09:36:30.1962152+01:00" testType="13cdc9d9-ddb5-4fa4-a97d-d965ccfc6d4b" outcome="Passed" testListId="8c84fa94-04c1-424b-9868-57a2d4851a1d" relativeResultsDirectory="26a53712-cbd0-4d14-90ba-ac35ccfd6bec" />
    <UnitTestResult executionId="266f6d19-422b-4fb4-94f2-52d3f3fe9ddb" testId="c199ff76-2997-edbd-0462-ba7539f412d3" testName="GetNearest_ShouldReturnNull_WhenTimestampIsBeforeFirstElement" computerName="DKSR-EFI-04" duration="00:00:00.0009374" startTime="2023-12-22T09:36:32.6636344+01:00" endTime="2023-12-22T09:36:32.6647690+01:00" testType="13cdc9d9-ddb5-4fa4-a97d-d965ccfc6d4b" outcome="Passed" testListId="8c84fa94-04c1-424b-9868-57a2d4851a1d" relativeResultsDirectory="266f6d19-422b-4fb4-94f2-52d3f3fe9ddb" />
    <UnitTestResult executionId="6145809d-7151-4ca3-8cdd-54668a3fb475" testId="6133b6d9-a9f1-1617-1674-43e83f8cc1f4" testName="CreateSearchResultUserControl_MultiplePluginsSameResultType_LastPluginWins" computerName="DKSR-EFI-04" duration="00:00:00.0039471" startTime="2023-12-22T09:36:29.9176330+01:00" endTime="2023-12-22T09:36:29.9440204+01:00" testType="13cdc9d9-ddb5-4fa4-a97d-d965ccfc6d4b" outcome="Passed" testListId="8c84fa94-04c1-424b-9868-57a2d4851a1d" relativeResultsDirectory="6145809d-7151-4ca3-8cdd-54668a3fb475" />
    <UnitTestResult executionId="e5133cdb-2026-4274-8025-968ebad09d58" testId="cc8be762-b7fa-6acb-868c-b6f8dd397e9b" testName="LastModified_ShouldReturnValue" computerName="DKSR-EFI-04" duration="00:00:00.0079395" startTime="2023-12-22T09:36:05.2467312+01:00" endTime="2023-12-22T09:36:05.2548292+01:00" testType="13cdc9d9-ddb5-4fa4-a97d-d965ccfc6d4b" outcome="Passed" testListId="8c84fa94-04c1-424b-9868-57a2d4851a1d" relativeResultsDirectory="e5133cdb-2026-4274-8025-968ebad09d58" />
    <UnitTestResult executionId="b5fab5ac-09ff-4ede-9869-e51b1a78c150" testId="3372ebee-2694-cd8c-3837-7e4b7c8e7b0c" testName="Serialize_TestCases (TestParentTypeMatchObjectThisTypeNotMatched)" computerName="DKSR-EFI-04" duration="00:00:00.0005510" startTime="2023-12-22T09:36:28.3512581+01:00" endTime="2023-12-22T09:36:28.3521001+01:00" testType="13cdc9d9-ddb5-4fa4-a97d-d965ccfc6d4b" outcome="Passed" testListId="8c84fa94-04c1-424b-9868-57a2d4851a1d" relativeResultsDirectory="b5fab5ac-09ff-4ede-9869-e51b1a78c150" />
    <UnitTestResult executionId="238ac3c9-80e5-4da8-94ec-e6da42cbfcbf" testId="9bb96261-1701-74be-ae73-ef01ff852954" testName="Decrypt_ShouldThrowMIPException_WhenCryptographicServiceProviderIsNotAvailable" computerName="DKSR-EFI-04" duration="00:00:00.0010428" startTime="2023-12-22T09:36:32.3772387+01:00" endTime="2023-12-22T09:36:32.3784711+01:00" testType="13cdc9d9-ddb5-4fa4-a97d-d965ccfc6d4b" outcome="Passed" testListId="8c84fa94-04c1-424b-9868-57a2d4851a1d" relativeResultsDirectory="238ac3c9-80e5-4da8-94ec-e6da42cbfcbf" />
    <UnitTestResult executionId="004edd03-b71e-4b00-9544-d977ebee882a" testId="38fcbf38-2337-9abb-35d5-4b506f10ef38" testName="Serialize_TestCases (Verify root Object (not null) property)" computerName="DKSR-EFI-04" duration="00:00:00.0002589" startTime="2023-12-22T09:36:28.2239056+01:00" endTime="2023-12-22T09:36:28.2245303+01:00" testType="13cdc9d9-ddb5-4fa4-a97d-d965ccfc6d4b" outcome="Passed" testListId="8c84fa94-04c1-424b-9868-57a2d4851a1d" relativeResultsDirectory="004edd03-b71e-4b00-9544-d977ebee882a" />
    <UnitTestResult executionId="27fd608f-2c1a-42b8-9d91-b603312fa307" testId="06f72c6d-178e-1776-b54f-f3db73a3e144" testName="UtcTime_ShouldReturnConstructorValue_WhenSet" computerName="DKSR-EFI-04" duration="00:00:00.0035070" startTime="2023-12-22T09:36:31.0746641+01:00" endTime="2023-12-22T09:36:31.0786981+01:00" testType="13cdc9d9-ddb5-4fa4-a97d-d965ccfc6d4b" outcome="Passed" testListId="8c84fa94-04c1-424b-9868-57a2d4851a1d" relativeResultsDirectory="27fd608f-2c1a-42b8-9d91-b603312fa307" />
    <UnitTestResult executionId="21f15b0b-6ccf-4209-8547-5c64a84b3ff5" testId="1d781042-4a4b-edb4-7dfd-5edbb643ac7b" testName="TestMultiLevelQueue_OneLevel_Success" computerName="DKSR-EFI-04" duration="00:00:00.1276545" startTime="2023-12-22T09:36:16.0440138+01:00" endTime="2023-12-22T09:36:16.1720685+01:00" testType="13cdc9d9-ddb5-4fa4-a97d-d965ccfc6d4b" outcome="Passed" testListId="8c84fa94-04c1-424b-9868-57a2d4851a1d" relativeResultsDirectory="21f15b0b-6ccf-4209-8547-5c64a84b3ff5" />
    <UnitTestResult executionId="0faef300-3afe-4092-b2e1-5618f0298baf" testId="47c1b6ab-8c0a-fc63-f12d-64e40883c80a" testName="GetAgeFilterValue_ValidSelection_Success" computerName="DKSR-EFI-04" duration="00:00:00.0039946" startTime="2023-12-22T09:36:30.2354645+01:00" endTime="2023-12-22T09:36:30.2396885+01:00" testType="13cdc9d9-ddb5-4fa4-a97d-d965ccfc6d4b" outcome="Passed" testListId="8c84fa94-04c1-424b-9868-57a2d4851a1d" relativeResultsDirectory="0faef300-3afe-4092-b2e1-5618f0298baf" />
    <UnitTestResult executionId="26e8a73f-7774-4f82-b5f8-78c50086077c" testId="090bb946-dfcb-8466-9f8e-938126697e92" testName="GenerateParameters_ShouldWriteMacAddress_WhenAlways" computerName="DKSR-EFI-04" duration="00:00:00.0017640" startTime="2023-12-22T09:36:32.5914912+01:00" endTime="2023-12-22T09:36:32.5934473+01:00" testType="13cdc9d9-ddb5-4fa4-a97d-d965ccfc6d4b" outcome="Passed" testListId="8c84fa94-04c1-424b-9868-57a2d4851a1d" relativeResultsDirectory="26e8a73f-7774-4f82-b5f8-78c50086077c" />
    <UnitTestResult executionId="7267728f-feb4-449d-bd1b-c3492815d33c" testId="40cc8bf3-9b9a-c620-7f65-c9598a6e4a28" testName="GetMetadataObjectIdsAsync_MultipleInvocations_DelegatedToInternalMethodOnlyOnce" computerName="DKSR-EFI-04" duration="00:00:00.0008143" startTime="2023-12-22T09:36:29.1514416+01:00" endTime="2023-12-22T09:36:29.1524898+01:00" testType="13cdc9d9-ddb5-4fa4-a97d-d965ccfc6d4b" outcome="Passed" testListId="8c84fa94-04c1-424b-9868-57a2d4851a1d" relativeResultsDirectory="7267728f-feb4-449d-bd1b-c3492815d33c" />
    <UnitTestResult executionId="25b0df73-62db-433a-91be-12b35aa97e30" testId="0cd51abe-1287-52a5-9d2e-d556a1306fcb" testName="Set_Int_Invalid" computerName="DKSR-EFI-04" duration="00:00:00.0003783" startTime="2023-12-22T09:36:30.4766688+01:00" endTime="2023-12-22T09:36:30.4772918+01:00" testType="13cdc9d9-ddb5-4fa4-a97d-d965ccfc6d4b" outcome="Passed" testListId="8c84fa94-04c1-424b-9868-57a2d4851a1d" relativeResultsDirectory="25b0df73-62db-433a-91be-12b35aa97e30" />
    <UnitTestResult executionId="b6cb391b-50b2-4a34-b6d6-da4a43af5051" testId="8f17e532-4f0a-9dfe-05e8-c96d494622ac" testName="WriteXml_ShouldWriteXAttribute_WhenPresent" computerName="DKSR-EFI-04" duration="00:00:00.0003943" startTime="2023-12-22T09:36:31.0636739+01:00" endTime="2023-12-22T09:36:31.0642660+01:00" testType="13cdc9d9-ddb5-4fa4-a97d-d965ccfc6d4b" outcome="Passed" testListId="8c84fa94-04c1-424b-9868-57a2d4851a1d" relativeResultsDirectory="b6cb391b-50b2-4a34-b6d6-da4a43af5051" />
    <UnitTestResult executionId="9433cef9-924e-4013-ab50-90a817a68c7c" testId="cf73c26e-47e0-f1da-1e09-63167f3a5e47" testName="InstanceGet_Success" computerName="DKSR-EFI-04" duration="00:00:00.0053785" startTime="2023-12-22T09:36:29.1818556+01:00" endTime="2023-12-22T09:36:29.3345077+01:00" testType="13cdc9d9-ddb5-4fa4-a97d-d965ccfc6d4b" outcome="Passed" testListId="8c84fa94-04c1-424b-9868-57a2d4851a1d" relativeResultsDirectory="9433cef9-924e-4013-ab50-90a817a68c7c" />
    <UnitTestResult executionId="1130bf88-f130-440d-9040-751a090fa0e5" testId="a0b09ab1-22b3-e8a0-7021-5f5ed2380424" testName="Equals_ShouldHaveValueSemantics_WhenAlways" computerName="DKSR-EFI-04" duration="00:00:00.0004091" startTime="2023-12-22T09:36:31.5215255+01:00" endTime="2023-12-22T09:36:31.5221452+01:00" testType="13cdc9d9-ddb5-4fa4-a97d-d965ccfc6d4b" outcome="Passed" testListId="8c84fa94-04c1-424b-9868-57a2d4851a1d" relativeResultsDirectory="1130bf88-f130-440d-9040-751a090fa0e5" />
    <UnitTestResult executionId="db5adc42-dd21-4573-ba1c-daa260d3796e" testId="527481b0-1273-3dea-68f1-756a76377e7f" testName="ReadXml_ShouldReadMultipleClassCandidates_WhenMultipleCorrectClassCandidatesArePresent" computerName="DKSR-EFI-04" duration="00:00:00.0013763" startTime="2023-12-22T09:36:31.3772568+01:00" endTime="2023-12-22T09:36:31.3788548+01:00" testType="13cdc9d9-ddb5-4fa4-a97d-d965ccfc6d4b" outcome="Passed" testListId="8c84fa94-04c1-424b-9868-57a2d4851a1d" relativeResultsDirectory="db5adc42-dd21-4573-ba1c-daa260d3796e" />
    <UnitTestResult executionId="a4be894e-0282-4089-a3f5-3dec3ba83c6c" testId="583ac39a-cd2a-cc9b-7143-e3a644d6c3bd" testName="RemovePredicate_KeyPresent_RemovedFromCacheAndGetReturnsNull" computerName="DKSR-EFI-04" duration="00:00:00.0005411" startTime="2023-12-22T09:36:16.0418395+01:00" endTime="2023-12-22T09:36:16.0425132+01:00" testType="13cdc9d9-ddb5-4fa4-a97d-d965ccfc6d4b" outcome="Passed" testListId="8c84fa94-04c1-424b-9868-57a2d4851a1d" relativeResultsDirectory="a4be894e-0282-4089-a3f5-3dec3ba83c6c" />
    <UnitTestResult executionId="dd8b51ea-9f11-4eae-811d-7bff17458cf0" testId="b393858d-872b-e354-eb53-3b8e5bbfc7bb" testName="Parse_String_WithBlankChars" computerName="DKSR-EFI-04" duration="00:00:00.0002805" startTime="2023-12-22T09:36:30.4627164+01:00" endTime="2023-12-22T09:36:30.4631963+01:00" testType="13cdc9d9-ddb5-4fa4-a97d-d965ccfc6d4b" outcome="Passed" testListId="8c84fa94-04c1-424b-9868-57a2d4851a1d" relativeResultsDirectory="dd8b51ea-9f11-4eae-811d-7bff17458cf0" />
    <UnitTestResult executionId="0556e42f-6197-4b24-b8e2-fec54832a4c2" testId="5fd9efe6-8b77-fde9-0593-ba4d5ea832ca" testName="Serialize_TestCases (TestParentTypeMatchCollectionThisTypeMatched)" computerName="DKSR-EFI-04" duration="00:00:00.0003453" startTime="2023-12-22T09:36:28.3628397+01:00" endTime="2023-12-22T09:36:28.3634912+01:00" testType="13cdc9d9-ddb5-4fa4-a97d-d965ccfc6d4b" outcome="Passed" testListId="8c84fa94-04c1-424b-9868-57a2d4851a1d" relativeResultsDirectory="0556e42f-6197-4b24-b8e2-fec54832a4c2" />
    <UnitTestResult executionId="235012ec-b316-436b-988a-7a4670a74139" testId="0e72e474-7df2-3dd5-7160-b0a32b2afdd9" testName="Equals_Fail_OnParentId" computerName="DKSR-EFI-04" duration="00:00:00.0003888" startTime="2023-12-22T09:36:02.6971445+01:00" endTime="2023-12-22T09:36:02.6976444+01:00" testType="13cdc9d9-ddb5-4fa4-a97d-d965ccfc6d4b" outcome="Passed" testListId="8c84fa94-04c1-424b-9868-57a2d4851a1d" relativeResultsDirectory="235012ec-b316-436b-988a-7a4670a74139" />
    <UnitTestResult executionId="b3cb439e-ab1e-4c5a-a0a1-db5c9df3f233" testId="1d908a6b-ebcd-4952-2785-5d24733c709c" testName="Apply_ShouldApplyTranslateAndScale_WhenTranslateAndScaleIsNotNull" computerName="DKSR-EFI-04" duration="00:00:00.0005210" startTime="2023-12-22T09:36:31.5064002+01:00" endTime="2023-12-22T09:36:31.5071333+01:00" testType="13cdc9d9-ddb5-4fa4-a97d-d965ccfc6d4b" outcome="Passed" testListId="8c84fa94-04c1-424b-9868-57a2d4851a1d" relativeResultsDirectory="b3cb439e-ab1e-4c5a-a0a1-db5c9df3f233" />
    <UnitTestResult executionId="3a2cd638-844e-437f-aa6a-87691ba8a28d" testId="e5b93c93-857a-cdf9-0341-1a0dd042c5e9" testName="ReadXml_ShouldReadShapeContents_WhenShapeIsPresent" computerName="DKSR-EFI-04" duration="00:00:00.0025060" startTime="2023-12-22T09:36:30.8213478+01:00" endTime="2023-12-22T09:36:30.8241039+01:00" testType="13cdc9d9-ddb5-4fa4-a97d-d965ccfc6d4b" outcome="Passed" testListId="8c84fa94-04c1-424b-9868-57a2d4851a1d" relativeResultsDirectory="3a2cd638-844e-437f-aa6a-87691ba8a28d" />
    <UnitTestResult executionId="7171a107-c9af-47c5-87df-726c65d3942b" testId="32d6ffa9-650f-d191-f967-674b238db8fa" testName="Serialize_TestCases (TestParentCollectionNotEmptyListNotMatchedProperty)" computerName="DKSR-EFI-04" duration="00:00:00.0003745" startTime="2023-12-22T09:36:28.4836035+01:00" endTime="2023-12-22T09:36:28.4843020+01:00" testType="13cdc9d9-ddb5-4fa4-a97d-d965ccfc6d4b" outcome="Passed" testListId="8c84fa94-04c1-424b-9868-57a2d4851a1d" relativeResultsDirectory="7171a107-c9af-47c5-87df-726c65d3942b" />
    <UnitTestResult executionId="11828870-537a-4fbe-bdf6-03422dba5d7b" testId="3b434787-ec68-61e4-18d4-15e26b84b874" testName="BuildShapeOverlayWidthHeightAnalyticsObjectListRuleList_ShouldReturnCorrectNumberOfShapes" computerName="DKSR-EFI-04" duration="00:00:00.0014165" startTime="2023-12-22T09:36:05.1383615+01:00" endTime="2023-12-22T09:36:05.1648598+01:00" testType="13cdc9d9-ddb5-4fa4-a97d-d965ccfc6d4b" outcome="Passed" testListId="8c84fa94-04c1-424b-9868-57a2d4851a1d" relativeResultsDirectory="11828870-537a-4fbe-bdf6-03422dba5d7b" />
    <UnitTestResult executionId="d4c33a85-984b-4118-bd1e-a82e79b46f6f" testId="3ccfced6-2d87-0092-817f-624478d6bd44" testName="GetNext_ShouldReturnNull_WhenCacheIsEmpty" computerName="DKSR-EFI-04" duration="00:00:00.0001560" startTime="2023-12-22T09:36:32.6503359+01:00" endTime="2023-12-22T09:36:32.6506715+01:00" testType="13cdc9d9-ddb5-4fa4-a97d-d965ccfc6d4b" outcome="Passed" testListId="8c84fa94-04c1-424b-9868-57a2d4851a1d" relativeResultsDirectory="d4c33a85-984b-4118-bd1e-a82e79b46f6f" />
    <UnitTestResult executionId="399c332a-f43e-4ba9-b34e-aed476522d6f" testId="6ce95987-243b-a23d-9b97-d2e2f2ba466c" testName="ProvideValue_ShouldUseContentTemplateFromTabControl_WhenItemContentTemplateIsCleared" computerName="DKSR-EFI-04" duration="00:00:00.0027412" startTime="2023-12-22T09:36:25.9126951+01:00" endTime="2023-12-22T09:36:25.9443760+01:00" testType="13cdc9d9-ddb5-4fa4-a97d-d965ccfc6d4b" outcome="Passed" testListId="8c84fa94-04c1-424b-9868-57a2d4851a1d" relativeResultsDirectory="399c332a-f43e-4ba9-b34e-aed476522d6f" />
    <UnitTestResult executionId="1f0d1492-fbf8-4d0c-a61c-743531c6c0b2" testId="84f70a73-53d8-9f06-6236-95fde40b65ac" testName="ReadXml_ShouldLogWarningTwiceWhenMoreThanOneMinuteBetweenWarnings_WhenIncompleteTranslateIsPresent" computerName="DKSR-EFI-04" duration="00:00:00.0024393" startTime="2023-12-22T09:36:31.6447533+01:00" endTime="2023-12-22T09:36:31.6474072+01:00" testType="13cdc9d9-ddb5-4fa4-a97d-d965ccfc6d4b" outcome="Passed" testListId="8c84fa94-04c1-424b-9868-57a2d4851a1d" relativeResultsDirectory="1f0d1492-fbf8-4d0c-a61c-743531c6c0b2" />
    <UnitTestResult executionId="6616dc05-50d5-41e0-b804-bf6a344894f9" testId="757dcbcf-6cb2-e01d-02fc-019e4a1d9936" testName="Serialize_TestCases (TestParentTypeMatchCollectionThisTypeMatchedProperty)" computerName="DKSR-EFI-04" duration="00:00:00.0003986" startTime="2023-12-22T09:36:28.3673982+01:00" endTime="2023-12-22T09:36:28.3681034+01:00" testType="13cdc9d9-ddb5-4fa4-a97d-d965ccfc6d4b" outcome="Passed" testListId="8c84fa94-04c1-424b-9868-57a2d4851a1d" relativeResultsDirectory="6616dc05-50d5-41e0-b804-bf6a344894f9" />
    <UnitTestResult executionId="a4a92dfd-4900-4c67-b455-15dd00141196" testId="251b347e-5118-6923-54c2-687fcb9f9027" testName="HasBehaviours_ShouldReturnTrue_WhenEitherIdleOrRemovedIsTrue" computerName="DKSR-EFI-04" duration="00:00:00.0033035" startTime="2023-12-22T09:36:30.8986809+01:00" endTime="2023-12-22T09:36:30.9024383+01:00" testType="13cdc9d9-ddb5-4fa4-a97d-d965ccfc6d4b" outcome="Passed" testListId="8c84fa94-04c1-424b-9868-57a2d4851a1d" relativeResultsDirectory="a4a92dfd-4900-4c67-b455-15dd00141196" />
    <UnitTestResult executionId="a6ac4429-5ee0-47be-a3dc-8d9d27f0e9d8" testId="ab22d2fd-ea64-f65a-96ca-e707567c9b67" testName="Construct6_And_Field_Check" computerName="DKSR-EFI-04" duration="00:00:00.0112650" startTime="2023-12-22T09:36:02.9656430+01:00" endTime="2023-12-22T09:36:02.9771203+01:00" testType="13cdc9d9-ddb5-4fa4-a97d-d965ccfc6d4b" outcome="Passed" testListId="8c84fa94-04c1-424b-9868-57a2d4851a1d" relativeResultsDirectory="a6ac4429-5ee0-47be-a3dc-8d9d27f0e9d8" />
    <UnitTestResult executionId="979a38e9-71cb-47f4-a1b7-fbabc5f29674" testId="712e2140-9dcc-9696-ddc4-73aad2a14137" testName="CountByItems_Activated_Grace_Unordered" computerName="DKSR-EFI-04" duration="00:00:00.0015670" startTime="2023-12-22T09:36:32.4506903+01:00" endTime="2023-12-22T09:36:32.4524643+01:00" testType="13cdc9d9-ddb5-4fa4-a97d-d965ccfc6d4b" outcome="Passed" testListId="8c84fa94-04c1-424b-9868-57a2d4851a1d" relativeResultsDirectory="979a38e9-71cb-47f4-a1b7-fbabc5f29674" />
    <UnitTestResult executionId="0e44cb6e-e708-4b8b-8d9d-7274ad56a1f9" testId="29b14ef8-e43d-41e1-d5fc-d7d493be4940" testName="ReadXml_ShouldReadAzimuth_WhenAzimuthIsPresent" computerName="DKSR-EFI-04" duration="00:00:00.0002607" startTime="2023-12-22T09:36:31.3485941+01:00" endTime="2023-12-22T09:36:31.3490469+01:00" testType="13cdc9d9-ddb5-4fa4-a97d-d965ccfc6d4b" outcome="Passed" testListId="8c84fa94-04c1-424b-9868-57a2d4851a1d" relativeResultsDirectory="0e44cb6e-e708-4b8b-8d9d-7274ad56a1f9" />
    <UnitTestResult executionId="9b615666-0521-4c1a-b84f-57fec2cf1a58" testId="d63fece0-6979-6a7f-ca42-f76bdbd7d24d" testName="RemoveItem_AnalyticsEvent_Success" computerName="DKSR-EFI-04" duration="00:00:00.0081760" startTime="2023-12-22T09:36:30.7326304+01:00" endTime="2023-12-22T09:36:30.7410586+01:00" testType="13cdc9d9-ddb5-4fa4-a97d-d965ccfc6d4b" outcome="Passed" testListId="8c84fa94-04c1-424b-9868-57a2d4851a1d" relativeResultsDirectory="9b615666-0521-4c1a-b84f-57fec2cf1a58" />
    <UnitTestResult executionId="31b410fd-f551-4d7c-9af8-b74518e7e05e" testId="8b195963-a10c-3838-31ba-4f1e91ab5dfb" testName="ReadAppearanceExtensionXml_ShouldReadAllExtensions_WhenAllArePresent" computerName="DKSR-EFI-04" duration="00:00:00.0004237" startTime="2023-12-22T09:36:31.4973324+01:00" endTime="2023-12-22T09:36:31.4979593+01:00" testType="13cdc9d9-ddb5-4fa4-a97d-d965ccfc6d4b" outcome="Passed" testListId="8c84fa94-04c1-424b-9868-57a2d4851a1d" relativeResultsDirectory="31b410fd-f551-4d7c-9af8-b74518e7e05e" />
    <UnitTestResult executionId="913028b4-5383-4150-b486-1e4c92376899" testId="f7a1083e-5a21-1e01-c13b-18623a6702d9" testName="ReadXml_ShouldReadDescription_WhenDescriptionIsPresent" computerName="DKSR-EFI-04" duration="00:00:00.0033194" startTime="2023-12-22T09:36:30.8557436+01:00" endTime="2023-12-22T09:36:30.8592705+01:00" testType="13cdc9d9-ddb5-4fa4-a97d-d965ccfc6d4b" outcome="Passed" testListId="8c84fa94-04c1-424b-9868-57a2d4851a1d" relativeResultsDirectory="913028b4-5383-4150-b486-1e4c92376899" />
    <UnitTestResult executionId="c5ad404e-7212-4a34-bba0-c4f9966cae8f" testId="be126d46-0548-695a-7287-bae8146e110d" testName="Longitude_ShouldThrowArgumentOfRange_WhenValueIsOutsideAcceptedRange" computerName="DKSR-EFI-04" duration="00:00:00.0019155" startTime="2023-12-22T09:36:31.3253749+01:00" endTime="2023-12-22T09:36:31.3275066+01:00" testType="13cdc9d9-ddb5-4fa4-a97d-d965ccfc6d4b" outcome="Passed" testListId="8c84fa94-04c1-424b-9868-57a2d4851a1d" relativeResultsDirectory="c5ad404e-7212-4a34-bba0-c4f9966cae8f" />
    <UnitTestResult executionId="89b575ec-a33a-4275-ba7a-5530c20bb937" testId="6fe02979-6afc-53d3-587b-e4a584169c47" testName="SplitString_When2Levels_Splits" computerName="DKSR-EFI-04" duration="00:00:00.0034105" startTime="2023-12-22T09:36:15.2670781+01:00" endTime="2023-12-22T09:36:15.2706534+01:00" testType="13cdc9d9-ddb5-4fa4-a97d-d965ccfc6d4b" outcome="Passed" testListId="8c84fa94-04c1-424b-9868-57a2d4851a1d" relativeResultsDirectory="89b575ec-a33a-4275-ba7a-5530c20bb937" />
    <UnitTestResult executionId="ca2f13c9-deca-4416-9e53-7cc035c32428" testId="68a34a15-d421-8568-e2a0-5ca548802bb9" testName="Latitude_ShouldThrowArgumentOfRange_WhenValueIsOutsideAcceptedRange" computerName="DKSR-EFI-04" duration="00:00:00.0029095" startTime="2023-12-22T09:36:31.3214634+01:00" endTime="2023-12-22T09:36:31.3245875+01:00" testType="13cdc9d9-ddb5-4fa4-a97d-d965ccfc6d4b" outcome="Passed" testListId="8c84fa94-04c1-424b-9868-57a2d4851a1d" relativeResultsDirectory="ca2f13c9-deca-4416-9e53-7cc035c32428" />
    <UnitTestResult executionId="464923ab-0409-45a1-8391-f85e53519d6a" testId="4cab5b13-e57d-d862-8721-f8c86a15bdbf" testName="GenerateDeviceCapabilityParameters_ShouldWriteResolution_WhenAlways" computerName="DKSR-EFI-04" duration="00:00:00.0004772" startTime="2023-12-22T09:36:32.5571930+01:00" endTime="2023-12-22T09:36:32.5578593+01:00" testType="13cdc9d9-ddb5-4fa4-a97d-d965ccfc6d4b" outcome="Passed" testListId="8c84fa94-04c1-424b-9868-57a2d4851a1d" relativeResultsDirectory="464923ab-0409-45a1-8391-f85e53519d6a" />
    <UnitTestResult executionId="b15322ea-08b8-4915-ae86-f975edc6c36d" testId="e93f2b21-5e31-59e0-249b-2d22eb67c653" testName="Serialize_Deserialize_WithSpecialChars2" computerName="DKSR-EFI-04" duration="00:00:00.0108529" startTime="2023-12-22T09:36:03.7303472+01:00" endTime="2023-12-22T09:36:03.7418183+01:00" testType="13cdc9d9-ddb5-4fa4-a97d-d965ccfc6d4b" outcome="Passed" testListId="8c84fa94-04c1-424b-9868-57a2d4851a1d" relativeResultsDirectory="b15322ea-08b8-4915-ae86-f975edc6c36d" />
    <UnitTestResult executionId="93cd05fb-26af-4d09-8314-15d4c3d05316" testId="1567771f-c566-3ead-d24b-280817524d69" testName="ResolveIconSource_EnumValueShouldBeUnique_ForAllDefinedIcons" computerName="DKSR-EFI-04" duration="00:00:00.0099742" startTime="2023-12-22T09:36:26.1326665+01:00" endTime="2023-12-22T09:36:26.1589317+01:00" testType="13cdc9d9-ddb5-4fa4-a97d-d965ccfc6d4b" outcome="Passed" testListId="8c84fa94-04c1-424b-9868-57a2d4851a1d" relativeResultsDirectory="93cd05fb-26af-4d09-8314-15d4c3d05316" />
    <UnitTestResult executionId="34aeb81e-e2e8-423e-abac-4bb611f8ce75" testId="ddb2b30a-7c8f-3eac-d6a3-efc6f41e2e1f" testName="Remove_QueueStopping_Success" computerName="DKSR-EFI-04" duration="00:00:00.0002628" startTime="2023-12-22T09:36:15.4809157+01:00" endTime="2023-12-22T09:36:15.4812981+01:00" testType="13cdc9d9-ddb5-4fa4-a97d-d965ccfc6d4b" outcome="Passed" testListId="8c84fa94-04c1-424b-9868-57a2d4851a1d" relativeResultsDirectory="34aeb81e-e2e8-423e-abac-4bb611f8ce75" />
    <UnitTestResult executionId="d9689423-d47e-4078-a1e1-a05d68e561af" testId="c080456c-72d0-3eb2-77e1-542abd80b216" testName="GetAtOrBefore_ShouldReturnLastElementFromToolkitResponse_WhenDataIsNotInCache" computerName="DKSR-EFI-04" duration="00:00:00.0031416" startTime="2023-12-22T09:36:32.8962277+01:00" endTime="2023-12-22T09:36:32.8995843+01:00" testType="13cdc9d9-ddb5-4fa4-a97d-d965ccfc6d4b" outcome="Passed" testListId="8c84fa94-04c1-424b-9868-57a2d4851a1d" relativeResultsDirectory="d9689423-d47e-4078-a1e1-a05d68e561af" />
    <UnitTestResult executionId="e3dcefd7-a791-465b-b0d2-f11bb960d3b6" testId="22286b2d-2c9e-a580-fd4a-2436919b8555" testName="GetItem_ShouldReturnItem_WhenAllAdded" computerName="DKSR-EFI-04" duration="00:00:00.0020510" startTime="2023-12-22T09:36:05.2134538+01:00" endTime="2023-12-22T09:36:05.2156552+01:00" testType="13cdc9d9-ddb5-4fa4-a97d-d965ccfc6d4b" outcome="Passed" testListId="8c84fa94-04c1-424b-9868-57a2d4851a1d" relativeResultsDirectory="e3dcefd7-a791-465b-b0d2-f11bb960d3b6" />
    <UnitTestResult executionId="48c11c1c-3970-4fe4-bc47-77b9aa78f6de" testId="b00ecc30-ada6-8010-f3a3-4abf75838207" testName="AddItem_AnalyticsEvent_Success" computerName="DKSR-EFI-04" duration="00:00:00.0028681" startTime="2023-12-22T09:36:30.7478341+01:00" endTime="2023-12-22T09:36:30.7509039+01:00" testType="13cdc9d9-ddb5-4fa4-a97d-d965ccfc6d4b" outcome="Passed" testListId="8c84fa94-04c1-424b-9868-57a2d4851a1d" relativeResultsDirectory="48c11c1c-3970-4fe4-bc47-77b9aa78f6de" />
    <UnitTestResult executionId="b128727d-2c9d-4801-8640-3f7bfdc6811d" testId="0051d3fc-603f-a4f9-2245-785a8218fbf1" testName="Serialize_TestCases (TestParentTypeMatchStructNotThisTypeMatched)" computerName="DKSR-EFI-04" duration="00:00:00.0004981" startTime="2023-12-22T09:36:28.3412243+01:00" endTime="2023-12-22T09:36:28.3420698+01:00" testType="13cdc9d9-ddb5-4fa4-a97d-d965ccfc6d4b" outcome="Passed" testListId="8c84fa94-04c1-424b-9868-57a2d4851a1d" relativeResultsDirectory="b128727d-2c9d-4801-8640-3f7bfdc6811d" />
    <UnitTestResult executionId="ae01174b-8406-480f-8262-1a4f42cf07a2" testId="582a166b-52fa-3ee8-5316-b4af9ef88ed9" testName="OnSearchResultsReady_EmptyArgument_SearchResultReadyEventNotFired" computerName="DKSR-EFI-04" duration="00:00:00.0005085" startTime="2023-12-22T09:36:28.7862798+01:00" endTime="2023-12-22T09:36:28.7869961+01:00" testType="13cdc9d9-ddb5-4fa4-a97d-d965ccfc6d4b" outcome="Passed" testListId="8c84fa94-04c1-424b-9868-57a2d4851a1d" relativeResultsDirectory="ae01174b-8406-480f-8262-1a4f42cf07a2" />
    <UnitTestResult executionId="4e4f065e-7a00-4a20-83dd-fc8ef8961061" testId="529dab04-2278-118b-6ef7-08fc1ab4d8b0" testName="GetCompatibilityHandler_ShouldReturnFips_WhenCallingFipsCompliantSystem_20_3" computerName="DKSR-EFI-04" duration="00:00:00.0010256" startTime="2023-12-22T09:36:32.3074216+01:00" endTime="2023-12-22T09:36:32.3086294+01:00" testType="13cdc9d9-ddb5-4fa4-a97d-d965ccfc6d4b" outcome="Passed" testListId="8c84fa94-04c1-424b-9868-57a2d4851a1d" relativeResultsDirectory="4e4f065e-7a00-4a20-83dd-fc8ef8961061" />
    <UnitTestResult executionId="8b772e25-b8b6-41a2-afa5-c9114535bb50" testId="6ff15af4-6fd8-2401-35d9-7aaad2262d48" testName="GenerateDeviceParameters_ShouldOmitResolution_WhenResolutionIsNull" computerName="DKSR-EFI-04" duration="00:00:00.0008002" startTime="2023-12-22T09:36:32.5188585+01:00" endTime="2023-12-22T09:36:32.5198535+01:00" testType="13cdc9d9-ddb5-4fa4-a97d-d965ccfc6d4b" outcome="Passed" testListId="8c84fa94-04c1-424b-9868-57a2d4851a1d" relativeResultsDirectory="8b772e25-b8b6-41a2-afa5-c9114535bb50" />
    <UnitTestResult executionId="736a0057-87ad-4d81-8e2c-d799ae889ca2" testId="65a78e97-54ce-8026-0240-7af1b5e1a5a5" testName="GetEnd_ShouldReturnNull_WhenToolkitReturnsResponseWithNullDataList" computerName="DKSR-EFI-04" duration="00:00:00.0015801" startTime="2023-12-22T09:36:32.8349679+01:00" endTime="2023-12-22T09:36:32.8367485+01:00" testType="13cdc9d9-ddb5-4fa4-a97d-d965ccfc6d4b" outcome="Passed" testListId="8c84fa94-04c1-424b-9868-57a2d4851a1d" relativeResultsDirectory="736a0057-87ad-4d81-8e2c-d799ae889ca2" />
    <UnitTestResult executionId="0992128d-671e-4b86-a975-b05546ddbb18" testId="31116a68-3b0f-f28f-7f53-0333062fc887" testName="GenerateParameters_ShouldWriteModel_WhenAlways" computerName="DKSR-EFI-04" duration="00:00:00.0002595" startTime="2023-12-22T09:36:32.5943040+01:00" endTime="2023-12-22T09:36:32.5947674+01:00" testType="13cdc9d9-ddb5-4fa4-a97d-d965ccfc6d4b" outcome="Passed" testListId="8c84fa94-04c1-424b-9868-57a2d4851a1d" relativeResultsDirectory="0992128d-671e-4b86-a975-b05546ddbb18" />
    <UnitTestResult executionId="07dcd6ab-cdd3-438e-a7d8-bef2bf4338cf" testId="b92c2d23-e9a0-a785-771e-708c304e0f26" testName="TestStartSearch_NoResultsOrErrorOccurredFromCanceledSearchDefinitions_Success" computerName="DKSR-EFI-04" duration="00:00:00.0096460" startTime="2023-12-22T09:36:29.0882375+01:00" endTime="2023-12-22T09:36:29.0981741+01:00" testType="13cdc9d9-ddb5-4fa4-a97d-d965ccfc6d4b" outcome="Passed" testListId="8c84fa94-04c1-424b-9868-57a2d4851a1d" relativeResultsDirectory="07dcd6ab-cdd3-438e-a7d8-bef2bf4338cf" />
    <UnitTestResult executionId="5a2fd61d-8197-4ae9-b44f-4e7f8d523494" testId="48eac079-0542-ec87-ddd8-945c77d287cd" testName="Set_String" computerName="DKSR-EFI-04" duration="00:00:00.0007662" startTime="2023-12-22T09:36:30.4700289+01:00" endTime="2023-12-22T09:36:30.4709979+01:00" testType="13cdc9d9-ddb5-4fa4-a97d-d965ccfc6d4b" outcome="Passed" testListId="8c84fa94-04c1-424b-9868-57a2d4851a1d" relativeResultsDirectory="5a2fd61d-8197-4ae9-b44f-4e7f8d523494" />
    <UnitTestResult executionId="d8398fba-bc19-4628-93ed-2eeb0f7aeae2" testId="8a69bbb6-4d99-f1ab-2fdd-1eed357c20f0" testName="Serialize_TestCases (Verify root Enum property)" computerName="DKSR-EFI-04" duration="00:00:00.0004451" startTime="2023-12-22T09:36:28.2098206+01:00" endTime="2023-12-22T09:36:28.2106336+01:00" testType="13cdc9d9-ddb5-4fa4-a97d-d965ccfc6d4b" outcome="Passed" testListId="8c84fa94-04c1-424b-9868-57a2d4851a1d" relativeResultsDirectory="d8398fba-bc19-4628-93ed-2eeb0f7aeae2" />
    <UnitTestResult executionId="24aa303b-42f2-4b2e-8a41-21a12dbd2b3f" testId="6a90276b-bdbd-5195-546b-d62b355d6d1e" testName="Append_2Element_String" computerName="DKSR-EFI-04" duration="00:00:00.0001517" startTime="2023-12-22T09:36:30.3315743+01:00" endTime="2023-12-22T09:36:30.3318993+01:00" testType="13cdc9d9-ddb5-4fa4-a97d-d965ccfc6d4b" outcome="Passed" testListId="8c84fa94-04c1-424b-9868-57a2d4851a1d" relativeResultsDirectory="24aa303b-42f2-4b2e-8a41-21a12dbd2b3f" />
    <UnitTestResult executionId="07c82688-d031-448e-ae80-05d9b36b1802" testId="3881d3ff-e33d-04a6-6ad4-69b98dedc6b4" testName="GetParent_Fail" computerName="DKSR-EFI-04" duration="00:00:00.0004141" startTime="2023-12-22T09:36:02.7408193+01:00" endTime="2023-12-22T09:36:02.7417135+01:00" testType="13cdc9d9-ddb5-4fa4-a97d-d965ccfc6d4b" outcome="Passed" testListId="8c84fa94-04c1-424b-9868-57a2d4851a1d" relativeResultsDirectory="07c82688-d031-448e-ae80-05d9b36b1802" />
    <UnitTestResult executionId="d803fdc5-6fd3-4764-80f4-01fa4acc7fbc" testId="5c8be7a3-8036-a747-4753-97244e6fc863" testName="SearchResultData_BeginTimeWithPaddingUnset_ShouldReturnBeginTime" computerName="DKSR-EFI-04" duration="00:00:00.0002070" startTime="2023-12-22T09:36:29.1701664+01:00" endTime="2023-12-22T09:36:29.1705740+01:00" testType="13cdc9d9-ddb5-4fa4-a97d-d965ccfc6d4b" outcome="Passed" testListId="8c84fa94-04c1-424b-9868-57a2d4851a1d" relativeResultsDirectory="d803fdc5-6fd3-4764-80f4-01fa4acc7fbc" />
    <UnitTestResult executionId="ec5f9d1c-0b1d-4af3-a541-c4b10c647335" testId="eccd7b47-7a8f-ac65-26ef-40b4723d9415" testName="KindsFilter_Presets_ShowsCamerasAndPresets" computerName="DKSR-EFI-04" duration="00:00:00.0344529" startTime="2023-12-22T09:36:23.3466188+01:00" endTime="2023-12-22T09:36:23.3813362+01:00" testType="13cdc9d9-ddb5-4fa4-a97d-d965ccfc6d4b" outcome="Passed" testListId="8c84fa94-04c1-424b-9868-57a2d4851a1d" relativeResultsDirectory="ec5f9d1c-0b1d-4af3-a541-c4b10c647335" />
    <UnitTestResult executionId="3b2d13ab-9f8c-4aea-852d-8640973c55d1" testId="41e8bbd6-3770-3db6-c9ec-9f2dfc487593" testName="GetPrevious_ShouldReturnSecondLastElement_WhenLastEntryCalledAndThereIsAPreviousEntry" computerName="DKSR-EFI-04" duration="00:00:00.0003946" startTime="2023-12-22T09:36:32.6412399+01:00" endTime="2023-12-22T09:36:32.6418205+01:00" testType="13cdc9d9-ddb5-4fa4-a97d-d965ccfc6d4b" outcome="Passed" testListId="8c84fa94-04c1-424b-9868-57a2d4851a1d" relativeResultsDirectory="3b2d13ab-9f8c-4aea-852d-8640973c55d1" />
    <UnitTestResult executionId="38349bdb-f56d-4008-93e5-e2e773c26b23" testId="c64e7bd8-cb07-f721-64bb-ea14df3c64c6" testName="IsValid_ShouldBeSetToFalse_WhenBoundingBoxIsMissing" computerName="DKSR-EFI-04" duration="00:00:00.0021306" startTime="2023-12-22T09:36:31.5366462+01:00" endTime="2023-12-22T09:36:31.5389772+01:00" testType="13cdc9d9-ddb5-4fa4-a97d-d965ccfc6d4b" outcome="Passed" testListId="8c84fa94-04c1-424b-9868-57a2d4851a1d" relativeResultsDirectory="38349bdb-f56d-4008-93e5-e2e773c26b23" />
    <UnitTestResult executionId="92edb4d4-610f-4583-b896-bfaefae772b5" testId="8f38f84f-ef7b-c71d-fc5d-8932529a4a0f" testName="BuildOverlayWidthHeightBaseEvent_ShouldReturnCorrectSizedBitmap_WhenArgumentIsEventData" computerName="DKSR-EFI-04" duration="00:00:00.0132665" startTime="2023-12-22T09:36:04.6120131+01:00" endTime="2023-12-22T09:36:04.6254884+01:00" testType="13cdc9d9-ddb5-4fa4-a97d-d965ccfc6d4b" outcome="Passed" testListId="8c84fa94-04c1-424b-9868-57a2d4851a1d" relativeResultsDirectory="92edb4d4-610f-4583-b896-bfaefae772b5" />
    <UnitTestResult executionId="3b662253-a508-41ac-8280-e9411ca466f7" testId="67a0e7c3-fd99-228f-3717-941a8f61eb9d" testName="GetNext_ShouldReturnEntryAfterLastReturnedEntry_WhenFindCacheEntryAfterWasCalledAndThereIsANextEntry" computerName="DKSR-EFI-04" duration="00:00:00.0004136" startTime="2023-12-22T09:36:32.6553513+01:00" endTime="2023-12-22T09:36:32.6559476+01:00" testType="13cdc9d9-ddb5-4fa4-a97d-d965ccfc6d4b" outcome="Passed" testListId="8c84fa94-04c1-424b-9868-57a2d4851a1d" relativeResultsDirectory="3b662253-a508-41ac-8280-e9411ca466f7" />
    <UnitTestResult executionId="27ecaa4e-3f31-4d49-8290-98bd55257949" testId="9ce5ec79-7982-a66c-2246-3a2379522763" testName="Serialize_TestCases (TestParentTypeMatchDecimalThisTypeNotMatched)" computerName="DKSR-EFI-04" duration="00:00:00.0003304" startTime="2023-12-22T09:36:28.3202436+01:00" endTime="2023-12-22T09:36:28.3209071+01:00" testType="13cdc9d9-ddb5-4fa4-a97d-d965ccfc6d4b" outcome="Passed" testListId="8c84fa94-04c1-424b-9868-57a2d4851a1d" relativeResultsDirectory="27ecaa4e-3f31-4d49-8290-98bd55257949" />
    <UnitTestResult executionId="b94d857b-7322-4474-b7bd-2ead4750b1bb" testId="2e6d5115-26cc-6226-264b-6222e4689761" testName="Contains_CameraServerName_Checked" computerName="DKSR-EFI-04" duration="00:00:00.0005831" startTime="2023-12-22T09:36:02.6768141+01:00" endTime="2023-12-22T09:36:02.6775078+01:00" testType="13cdc9d9-ddb5-4fa4-a97d-d965ccfc6d4b" outcome="Passed" testListId="8c84fa94-04c1-424b-9868-57a2d4851a1d" relativeResultsDirectory="b94d857b-7322-4474-b7bd-2ead4750b1bb" />
    <UnitTestResult executionId="2750046c-fad2-4d7f-a1b8-bc7a57ca9fd4" testId="b837ebc0-f7ad-c47b-17b8-8695813cd0ae" testName="Parse_Double_Simple" computerName="DKSR-EFI-04" duration="00:00:00.0002535" startTime="2023-12-22T09:36:30.4562004+01:00" endTime="2023-12-22T09:36:30.4566410+01:00" testType="13cdc9d9-ddb5-4fa4-a97d-d965ccfc6d4b" outcome="Passed" testListId="8c84fa94-04c1-424b-9868-57a2d4851a1d" relativeResultsDirectory="2750046c-fad2-4d7f-a1b8-bc7a57ca9fd4" />
    <UnitTestResult executionId="2875a278-85a7-441d-985d-45c7dc1fc4ee" testId="397c15b6-197a-94bc-9677-ba909165fd0f" testName="OverlapsWith_ShouldReturnFalse_WhenArgumentEndTimeIsBeforeStartTime" computerName="DKSR-EFI-04" duration="00:00:00.0020742" startTime="2023-12-22T09:36:15.2861964+01:00" endTime="2023-12-22T09:36:15.2883991+01:00" testType="13cdc9d9-ddb5-4fa4-a97d-d965ccfc6d4b" outcome="Passed" testListId="8c84fa94-04c1-424b-9868-57a2d4851a1d" relativeResultsDirectory="2875a278-85a7-441d-985d-45c7dc1fc4ee" />
    <UnitTestResult executionId="e9be3d5d-8e47-40ed-8e74-abb2574830a3" testId="a5abba6c-a7f2-f6e8-f007-920746cf3d43" testName="ReadXml_ShouldLogWarningTwiceWhenMoreThanOneMinuteBetweenWarnings_WhenFrameDidNotReadUtcTime" computerName="DKSR-EFI-04" duration="00:00:00.0027288" startTime="2023-12-22T09:36:31.7289439+01:00" endTime="2023-12-22T09:36:31.7318908+01:00" testType="13cdc9d9-ddb5-4fa4-a97d-d965ccfc6d4b" outcome="Passed" testListId="8c84fa94-04c1-424b-9868-57a2d4851a1d" relativeResultsDirectory="e9be3d5d-8e47-40ed-8e74-abb2574830a3" />
    <UnitTestResult executionId="c3690cae-9373-44fa-b2fd-91b215fac6ba" testId="1461c781-13a0-05a7-16f7-5b6b1341577b" testName="JoinString_When1Level_Success" computerName="DKSR-EFI-04" duration="00:00:00.0002190" startTime="2023-12-22T09:36:15.2723780+01:00" endTime="2023-12-22T09:36:15.2727114+01:00" testType="13cdc9d9-ddb5-4fa4-a97d-d965ccfc6d4b" outcome="Passed" testListId="8c84fa94-04c1-424b-9868-57a2d4851a1d" relativeResultsDirectory="c3690cae-9373-44fa-b2fd-91b215fac6ba" />
    <UnitTestResult executionId="0cb1b259-868b-4dad-b1ac-af744fb8c786" testId="3b221ad2-25e8-a21d-c511-ab3b1a01fb56" testName="ReadXml_ShouldIgnoreCenterOfGravity_WhenCenterOfGravityIsPresenWithWrongNamespace" computerName="DKSR-EFI-04" duration="00:00:00.0002743" startTime="2023-12-22T09:36:31.5590093+01:00" endTime="2023-12-22T09:36:31.5594550+01:00" testType="13cdc9d9-ddb5-4fa4-a97d-d965ccfc6d4b" outcome="Passed" testListId="8c84fa94-04c1-424b-9868-57a2d4851a1d" relativeResultsDirectory="0cb1b259-868b-4dad-b1ac-af744fb8c786" />
    <UnitTestResult executionId="ef1ea38b-e786-4460-9569-5d2ef9c0d900" testId="159cae7e-f986-2bd9-0bdf-d56bffd649d4" testName="ReadyToCloseEvent_CancelCommand_MultiSelect_Thrown" computerName="DKSR-EFI-04" duration="00:00:00.0005620" startTime="2023-12-22T09:36:23.0002384+01:00" endTime="2023-12-22T09:36:23.0009903+01:00" testType="13cdc9d9-ddb5-4fa4-a97d-d965ccfc6d4b" outcome="Passed" testListId="8c84fa94-04c1-424b-9868-57a2d4851a1d" relativeResultsDirectory="ef1ea38b-e786-4460-9569-5d2ef9c0d900" />
    <UnitTestResult executionId="947d9879-2f82-428c-a8a9-a8a4610025da" testId="394ee23f-1fe5-59c6-6460-7cc48bf68705" testName="WriteAppearanceExtenstionXml_ShouldWriteLineColor_WhenLineColorIsPresent" computerName="DKSR-EFI-04" duration="00:00:00.0003594" startTime="2023-12-22T09:36:31.5157845+01:00" endTime="2023-12-22T09:36:31.5163508+01:00" testType="13cdc9d9-ddb5-4fa4-a97d-d965ccfc6d4b" outcome="Passed" testListId="8c84fa94-04c1-424b-9868-57a2d4851a1d" relativeResultsDirectory="947d9879-2f82-428c-a8a9-a8a4610025da" />
    <UnitTestResult executionId="836f6604-658a-45bf-8bcd-87b888e013d8" testId="c26d542a-727f-65ee-bb48-832c01f872f6" testName="WriteXml_ShouldWriteTransformationContents_WhenTransformIsNotNull" computerName="DKSR-EFI-04" duration="00:00:00.0015191" startTime="2023-12-22T09:36:31.1429137+01:00" endTime="2023-12-22T09:36:31.1446499+01:00" testType="13cdc9d9-ddb5-4fa4-a97d-d965ccfc6d4b" outcome="Passed" testListId="8c84fa94-04c1-424b-9868-57a2d4851a1d" relativeResultsDirectory="836f6604-658a-45bf-8bcd-87b888e013d8" />
    <UnitTestResult executionId="7df739c2-ab06-404b-9097-50246c9cd299" testId="d16b66ae-362f-7903-ceb9-287ac5bef50c" testName="AllowGroupSelectionFalse_AutoCloseOnSelect_NothingSelected" computerName="DKSR-EFI-04" duration="00:00:00.0003781" startTime="2023-12-22T09:36:22.9863688+01:00" endTime="2023-12-22T09:36:22.9869178+01:00" testType="13cdc9d9-ddb5-4fa4-a97d-d965ccfc6d4b" outcome="Passed" testListId="8c84fa94-04c1-424b-9868-57a2d4851a1d" relativeResultsDirectory="7df739c2-ab06-404b-9097-50246c9cd299" />
    <UnitTestResult executionId="d638002b-b9f4-4434-8817-bc703fc23763" testId="ef0bef56-bcca-a24d-f399-eed9eabea4db" testName="Equals_ShouldReturnFalse_WhenOnlyPortNumbersAreDifferent" computerName="DKSR-EFI-04" duration="00:00:00.0004905" startTime="2023-12-22T09:36:04.1726874+01:00" endTime="2023-12-22T09:36:04.1733352+01:00" testType="13cdc9d9-ddb5-4fa4-a97d-d965ccfc6d4b" outcome="Passed" testListId="8c84fa94-04c1-424b-9868-57a2d4851a1d" relativeResultsDirectory="d638002b-b9f4-4434-8817-bc703fc23763" />
    <UnitTestResult executionId="21a027fe-1e84-4c46-b7ce-8dbe9483f438" testId="07fa49d4-c8b1-adf8-33e0-cc2b0fe4e432" testName="Parse_Int_Simple" computerName="DKSR-EFI-04" duration="00:00:00.0002678" startTime="2023-12-22T09:36:30.4513463+01:00" endTime="2023-12-22T09:36:30.4518111+01:00" testType="13cdc9d9-ddb5-4fa4-a97d-d965ccfc6d4b" outcome="Passed" testListId="8c84fa94-04c1-424b-9868-57a2d4851a1d" relativeResultsDirectory="21a027fe-1e84-4c46-b7ce-8dbe9483f438" />
    <UnitTestResult executionId="74f4a158-ef72-46ef-85f8-5a92b0c46ad4" testId="dae5127c-eff7-8376-4da7-ec9462c457e1" testName="GetNearest_ShouldReturnFirstElement_WhenTimestampIsSamesAsFirstElement" computerName="DKSR-EFI-04" duration="00:00:00.0003824" startTime="2023-12-22T09:36:32.6681269+01:00" endTime="2023-12-22T09:36:32.6686942+01:00" testType="13cdc9d9-ddb5-4fa4-a97d-d965ccfc6d4b" outcome="Passed" testListId="8c84fa94-04c1-424b-9868-57a2d4851a1d" relativeResultsDirectory="74f4a158-ef72-46ef-85f8-5a92b0c46ad4" />
    <UnitTestResult executionId="58c5629f-1366-4628-aeb6-f9244e73c3f0" testId="8cb20cd0-1e7e-f4a1-66cd-e7e59b7d8aab" testName="Parse_Int_Invalid" computerName="DKSR-EFI-04" duration="00:00:00.0003769" startTime="2023-12-22T09:36:30.4525967+01:00" endTime="2023-12-22T09:36:30.4532031+01:00" testType="13cdc9d9-ddb5-4fa4-a97d-d965ccfc6d4b" outcome="Passed" testListId="8c84fa94-04c1-424b-9868-57a2d4851a1d" relativeResultsDirectory="58c5629f-1366-4628-aeb6-f9244e73c3f0" />
    <UnitTestResult executionId="0ea8fff1-e7b6-4e13-9be2-1fe55c8acd31" testId="60143918-8d3e-3cea-ec1f-f42a487ede4c" testName="SearchResultData_Title_Success" computerName="DKSR-EFI-04" duration="00:00:00.0004678" startTime="2023-12-22T09:36:29.1587467+01:00" endTime="2023-12-22T09:36:29.1594201+01:00" testType="13cdc9d9-ddb5-4fa4-a97d-d965ccfc6d4b" outcome="Passed" testListId="8c84fa94-04c1-424b-9868-57a2d4851a1d" relativeResultsDirectory="0ea8fff1-e7b6-4e13-9be2-1fe55c8acd31" />
    <UnitTestResult executionId="06b42a72-1c09-4d95-b76a-0d2b93a61f74" testId="58117c79-f111-10a9-cd35-e84774ffbcda" testName="GetAtOrBefore_ShouldReturnEntryBeforeFromCache_WhenDataIsInCache" computerName="DKSR-EFI-04" duration="00:00:00.0021149" startTime="2023-12-22T09:36:32.9034452+01:00" endTime="2023-12-22T09:36:32.9057672+01:00" testType="13cdc9d9-ddb5-4fa4-a97d-d965ccfc6d4b" outcome="Passed" testListId="8c84fa94-04c1-424b-9868-57a2d4851a1d" relativeResultsDirectory="06b42a72-1c09-4d95-b76a-0d2b93a61f74" />
    <UnitTestResult executionId="da98c181-ff87-4ab1-a899-50c71d249112" testId="ad0265a0-96ba-5103-cd9d-a51d12bc6389" testName="ReadXml_ShouldLogWarningOnlyOnceWithinOneMinute_WhenBoundingBoxIsIncomplete" computerName="DKSR-EFI-04" duration="00:00:00.0015932" startTime="2023-12-22T09:36:31.5802186+01:00" endTime="2023-12-22T09:36:31.5819977+01:00" testType="13cdc9d9-ddb5-4fa4-a97d-d965ccfc6d4b" outcome="Passed" testListId="8c84fa94-04c1-424b-9868-57a2d4851a1d" relativeResultsDirectory="da98c181-ff87-4ab1-a899-50c71d249112" />
    <UnitTestResult executionId="e7a2e6fb-ece9-414a-a3d3-09a48489d567" testId="30519e59-52c0-4abe-69e5-75fce80dd98b" testName="RegistrationsObjectId_ShouldNotChange" computerName="DKSR-EFI-04" duration="00:00:00.0004747" startTime="2023-12-22T09:36:32.2829756+01:00" endTime="2023-12-22T09:36:32.2836176+01:00" testType="13cdc9d9-ddb5-4fa4-a97d-d965ccfc6d4b" outcome="Passed" testListId="8c84fa94-04c1-424b-9868-57a2d4851a1d" relativeResultsDirectory="e7a2e6fb-ece9-414a-a3d3-09a48489d567" />
    <UnitTestResult executionId="783083c4-a44e-4290-8a1d-7fa2e9b84131" testId="5d8dd47c-bb32-a5ba-6e88-b185a7bd9c07" testName="GenerateTypeDefinintionParameters_ShouldWriteDisplayName_WhenAlways" computerName="DKSR-EFI-04" duration="00:00:00.0002408" startTime="2023-12-22T09:36:32.9583505+01:00" endTime="2023-12-22T09:36:32.9587752+01:00" testType="13cdc9d9-ddb5-4fa4-a97d-d965ccfc6d4b" outcome="Passed" testListId="8c84fa94-04c1-424b-9868-57a2d4851a1d" relativeResultsDirectory="783083c4-a44e-4290-8a1d-7fa2e9b84131" />
    <UnitTestResult executionId="6145c7e0-fd2a-4821-9280-9674b8e99220" testId="654a7cf9-90b9-03f9-bc66-64198ac9caf1" testName="Parse_MixedArray" computerName="DKSR-EFI-04" duration="00:00:00.0004265" startTime="2023-12-22T09:36:30.4850512+01:00" endTime="2023-12-22T09:36:30.4856703+01:00" testType="13cdc9d9-ddb5-4fa4-a97d-d965ccfc6d4b" outcome="Passed" testListId="8c84fa94-04c1-424b-9868-57a2d4851a1d" relativeResultsDirectory="6145c7e0-fd2a-4821-9280-9674b8e99220" />
    <UnitTestResult executionId="174e7b73-37b5-48fe-885d-7a20a3197935" testId="4bb55630-8b3a-5b1a-80b5-da8fceb36d41" testName="Apply_ShouldMultiplScaleYCoordinatesToTopAndBottomAndScaleXCoordinatesToLeftAndRight_WhenScaleIsNotNull" computerName="DKSR-EFI-04" duration="00:00:00.0004814" startTime="2023-12-22T09:36:31.5029808+01:00" endTime="2023-12-22T09:36:31.5037010+01:00" testType="13cdc9d9-ddb5-4fa4-a97d-d965ccfc6d4b" outcome="Passed" testListId="8c84fa94-04c1-424b-9868-57a2d4851a1d" relativeResultsDirectory="174e7b73-37b5-48fe-885d-7a20a3197935" />
    <UnitTestResult executionId="7194d2d1-1c21-4404-a370-8057c39e3893" testId="3d8a3078-3353-0dd0-9ba2-c2de88eb7008" testName="Parse_String_Simple" computerName="DKSR-EFI-04" duration="00:00:00.0002854" startTime="2023-12-22T09:36:30.4488566+01:00" endTime="2023-12-22T09:36:30.4493434+01:00" testType="13cdc9d9-ddb5-4fa4-a97d-d965ccfc6d4b" outcome="Passed" testListId="8c84fa94-04c1-424b-9868-57a2d4851a1d" relativeResultsDirectory="7194d2d1-1c21-4404-a370-8057c39e3893" />
    <UnitTestResult executionId="453e1e93-007b-4ea5-a672-a5f470a74447" testId="75ddd398-1cad-151d-e563-84e2015359ae" testName="TestStartSearch_SearchThrowsException_Success" computerName="DKSR-EFI-04" duration="00:00:00.0066761" startTime="2023-12-22T09:36:29.0124596+01:00" endTime="2023-12-22T09:36:29.0231249+01:00" testType="13cdc9d9-ddb5-4fa4-a97d-d965ccfc6d4b" outcome="Passed" testListId="8c84fa94-04c1-424b-9868-57a2d4851a1d" relativeResultsDirectory="453e1e93-007b-4ea5-a672-a5f470a74447" />
    <UnitTestResult executionId="4654d41e-b538-4715-a747-dbca64a5137e" testId="6a35aa0d-9441-e9e5-f921-b7f637c9a652" testName="ReadXml_ShouldReadAllKnownElements_WhenMultipleElementsArePresent" computerName="DKSR-EFI-04" duration="00:00:00.0004772" startTime="2023-12-22T09:36:31.3563008+01:00" endTime="2023-12-22T09:36:31.3569858+01:00" testType="13cdc9d9-ddb5-4fa4-a97d-d965ccfc6d4b" outcome="Passed" testListId="8c84fa94-04c1-424b-9868-57a2d4851a1d" relativeResultsDirectory="4654d41e-b538-4715-a747-dbca64a5137e" />
    <UnitTestResult executionId="ab210a0e-aa48-4f07-b8df-b1397cd39e37" testId="4c86b04f-d23f-a2c9-e114-14c57820d810" testName="Serialize_ShouldThrowException_WhenPropertyCollectionTypeButPathDoesNotIndicateCollection (CollectionNotEmptyListProperty)" computerName="DKSR-EFI-04" duration="00:00:00.0004853" startTime="2023-12-22T09:36:28.1752424+01:00" endTime="2023-12-22T09:36:28.1759491+01:00" testType="13cdc9d9-ddb5-4fa4-a97d-d965ccfc6d4b" outcome="Passed" testListId="8c84fa94-04c1-424b-9868-57a2d4851a1d" relativeResultsDirectory="ab210a0e-aa48-4f07-b8df-b1397cd39e37" />
    <UnitTestResult executionId="5a55e1f1-0043-4c16-b099-104805138845" testId="c2a92498-f703-1b39-7778-71f05b13e27d" testName="ReadXml_ShouldSetAllPropertiesToZero_WhenElementIsEmpty" computerName="DKSR-EFI-04" duration="00:00:00.0017782" startTime="2023-12-22T09:36:31.4601897+01:00" endTime="2023-12-22T09:36:31.4622165+01:00" testType="13cdc9d9-ddb5-4fa4-a97d-d965ccfc6d4b" outcome="Passed" testListId="8c84fa94-04c1-424b-9868-57a2d4851a1d" relativeResultsDirectory="5a55e1f1-0043-4c16-b099-104805138845" />
    <UnitTestResult executionId="179ead06-07f7-403d-9f33-6a0b9e2466d6" testId="7c25e9d9-71c3-90cd-d0cc-85e1e58efd6b" testName="GetPropertiesAsync_SingleInvocation_DelegatedToInternalMethod" computerName="DKSR-EFI-04" duration="00:00:00.0054479" startTime="2023-12-22T09:36:29.0990293+01:00" endTime="2023-12-22T09:36:29.1050382+01:00" testType="13cdc9d9-ddb5-4fa4-a97d-d965ccfc6d4b" outcome="Passed" testListId="8c84fa94-04c1-424b-9868-57a2d4851a1d" relativeResultsDirectory="179ead06-07f7-403d-9f33-6a0b9e2466d6" />
    <UnitTestResult executionId="ca42abe2-24b0-427d-928f-e343aa164cae" testId="b391819c-9b61-5619-1c97-a7d68c4b7e89" testName="ReadXml_ShouldSetAllFieldsToDefaultValues_WhenElementIsEmpty" computerName="DKSR-EFI-04" duration="00:00:00.0022594" startTime="2023-12-22T09:36:31.3669019+01:00" endTime="2023-12-22T09:36:31.3697163+01:00" testType="13cdc9d9-ddb5-4fa4-a97d-d965ccfc6d4b" outcome="Passed" testListId="8c84fa94-04c1-424b-9868-57a2d4851a1d" relativeResultsDirectory="ca42abe2-24b0-427d-928f-e343aa164cae" />
    <UnitTestResult executionId="7af9f1f2-cbc5-49f6-b720-d8339c64dc4d" testId="da9bdaf7-bb7b-c4ed-24c1-5ff24e912e57" testName="ReadXml_ShouldSetUtcTimeToMinimumDateTime_WhenUtcTimeAttributeIsPresentButNotParsable" computerName="DKSR-EFI-04" duration="00:00:00.0003946" startTime="2023-12-22T09:36:31.0967524+01:00" endTime="2023-12-22T09:36:31.0973645+01:00" testType="13cdc9d9-ddb5-4fa4-a97d-d965ccfc6d4b" outcome="Passed" testListId="8c84fa94-04c1-424b-9868-57a2d4851a1d" relativeResultsDirectory="7af9f1f2-cbc5-49f6-b720-d8339c64dc4d" />
    <UnitTestResult executionId="f020509f-b419-4e2f-a2cf-087a693465ca" testId="3d785457-9ab7-7088-1cc3-dd4fad28665b" testName="Parse_Int_Invalid_end" computerName="DKSR-EFI-04" duration="00:00:00.0003084" startTime="2023-12-22T09:36:30.4538361+01:00" endTime="2023-12-22T09:36:30.4543528+01:00" testType="13cdc9d9-ddb5-4fa4-a97d-d965ccfc6d4b" outcome="Passed" testListId="8c84fa94-04c1-424b-9868-57a2d4851a1d" relativeResultsDirectory="f020509f-b419-4e2f-a2cf-087a693465ca" />
    <UnitTestResult executionId="73c595b2-d491-4b2f-9f6c-9c6628758cda" testId="bf1206bb-c315-791a-6716-b4026aff80ac" testName="TestConstructor_Success" computerName="DKSR-EFI-04" duration="00:00:00.0008195" startTime="2023-12-22T09:36:30.3181947+01:00" endTime="2023-12-22T09:36:30.3192978+01:00" testType="13cdc9d9-ddb5-4fa4-a97d-d965ccfc6d4b" outcome="Passed" testListId="8c84fa94-04c1-424b-9868-57a2d4851a1d" relativeResultsDirectory="73c595b2-d491-4b2f-9f6c-9c6628758cda" />
    <UnitTestResult executionId="c1b78b1a-1e31-4ebe-bc18-5238befb6bf1" testId="1f0a0407-7982-ddd0-173d-1b88aac6222d" testName="ServerIdWithHttps_Construct_Success" computerName="DKSR-EFI-04" duration="00:00:00.0008116" startTime="2023-12-22T09:36:02.6243298+01:00" endTime="2023-12-22T09:36:02.6252629+01:00" testType="13cdc9d9-ddb5-4fa4-a97d-d965ccfc6d4b" outcome="Passed" testListId="8c84fa94-04c1-424b-9868-57a2d4851a1d" relativeResultsDirectory="c1b78b1a-1e31-4ebe-bc18-5238befb6bf1" />
    <UnitTestResult executionId="c1e7ee5e-44be-4fb7-ac38-7cf94f517e28" testId="ce7e30df-0543-6938-fae8-53fc40762640" testName="GetPopulatedItems_HasChildren_ChildrenAdded" computerName="DKSR-EFI-04" duration="00:00:00.0326192" startTime="2023-12-22T09:36:23.2262323+01:00" endTime="2023-12-22T09:36:23.2590904+01:00" testType="13cdc9d9-ddb5-4fa4-a97d-d965ccfc6d4b" outcome="Passed" testListId="8c84fa94-04c1-424b-9868-57a2d4851a1d" relativeResultsDirectory="c1e7ee5e-44be-4fb7-ac38-7cf94f517e28" />
    <UnitTestResult executionId="f8b0b27d-1b85-4c7a-ad08-8086aff1e285" testId="aeeaebaf-8448-f122-1094-fc83a31ad89a" testName="GenerateTypeDefinintionParameters_ShouldWriteNumberOfCapabilities_WhenAlways" computerName="DKSR-EFI-04" duration="00:00:00.0004263" startTime="2023-12-22T09:36:32.9610491+01:00" endTime="2023-12-22T09:36:32.9617207+01:00" testType="13cdc9d9-ddb5-4fa4-a97d-d965ccfc6d4b" outcome="Passed" testListId="8c84fa94-04c1-424b-9868-57a2d4851a1d" relativeResultsDirectory="f8b0b27d-1b85-4c7a-ad08-8086aff1e285" />
    <UnitTestResult executionId="dab1d81f-8d97-4f95-8dc2-94c9fd434265" testId="c0b96a1c-b0d5-ece3-3b78-6c5f48ca51fc" testName="ReadAppearanceExtensionXml_ShouldNotSetBoundingBoxFillColor_WhenBoundingBoxFillColorIsNotPresent" computerName="DKSR-EFI-04" duration="00:00:00.0002627" startTime="2023-12-22T09:36:31.4960566+01:00" endTime="2023-12-22T09:36:31.4965230+01:00" testType="13cdc9d9-ddb5-4fa4-a97d-d965ccfc6d4b" outcome="Passed" testListId="8c84fa94-04c1-424b-9868-57a2d4851a1d" relativeResultsDirectory="dab1d81f-8d97-4f95-8dc2-94c9fd434265" />
    <UnitTestResult executionId="2dcebccc-fcd7-40d2-ae94-988bc7523885" testId="3f36873b-eeee-f47e-801c-1028988ff18d" testName="Parse_Int_ValidEnd_NoWhiteSpace" computerName="DKSR-EFI-04" duration="00:00:00.0002477" startTime="2023-12-22T09:36:30.4550669+01:00" endTime="2023-12-22T09:36:30.4554948+01:00" testType="13cdc9d9-ddb5-4fa4-a97d-d965ccfc6d4b" outcome="Passed" testListId="8c84fa94-04c1-424b-9868-57a2d4851a1d" relativeResultsDirectory="2dcebccc-fcd7-40d2-ae94-988bc7523885" />
    <UnitTestResult executionId="38a56964-55f2-4b20-82d4-502c03f3cc62" testId="f1b429c9-236c-37a4-5790-ad48b8bcac95" testName="GetPreviousDateTime_ShouldReturnLastDataEntityFromSecondToolkitCall_WhenDateIsEqualOrBeforeLastCachedValue" computerName="DKSR-EFI-04" duration="00:00:00.0020364" startTime="2023-12-22T09:36:32.8619797+01:00" endTime="2023-12-22T09:36:32.8642161+01:00" testType="13cdc9d9-ddb5-4fa4-a97d-d965ccfc6d4b" outcome="Passed" testListId="8c84fa94-04c1-424b-9868-57a2d4851a1d" relativeResultsDirectory="38a56964-55f2-4b20-82d4-502c03f3cc62" />
    <UnitTestResult executionId="92723297-ce24-41ec-b251-98355bc7fa9e" testId="01be5dc2-8974-a781-e346-9997ff0168c6" testName="GenerateParameters_ShouldCallGenerateDeviceParametersForCamera_WhenThereAreCameraDevices" computerName="DKSR-EFI-04" duration="00:00:00.0012024" startTime="2023-12-22T09:36:32.6174661+01:00" endTime="2023-12-22T09:36:32.6188847+01:00" testType="13cdc9d9-ddb5-4fa4-a97d-d965ccfc6d4b" outcome="Passed" testListId="8c84fa94-04c1-424b-9868-57a2d4851a1d" relativeResultsDirectory="92723297-ce24-41ec-b251-98355bc7fa9e" />
    <UnitTestResult executionId="abe70b00-5ca0-4e74-bebd-c3e2f1f4c6d1" testId="f7df628a-2d6d-0169-1e36-e1aabcaaa3c0" testName="KindsFilter_TwoKinds_OnlyAllowedKindsShown" computerName="DKSR-EFI-04" duration="00:00:00.0306443" startTime="2023-12-22T09:36:23.3148109+01:00" endTime="2023-12-22T09:36:23.3457172+01:00" testType="13cdc9d9-ddb5-4fa4-a97d-d965ccfc6d4b" outcome="Passed" testListId="8c84fa94-04c1-424b-9868-57a2d4851a1d" relativeResultsDirectory="abe70b00-5ca0-4e74-bebd-c3e2f1f4c6d1" />
    <UnitTestResult executionId="21098409-bac2-44d6-93c3-236f37e5c819" testId="cf0c75b1-044e-c5b0-ba75-3be411bef17a" testName="OverlapsWith_ShouldReturnFalse_WhenArgumenStartTimeIsAfterEndTime" computerName="DKSR-EFI-04" duration="00:00:00.0002582" startTime="2023-12-22T09:36:15.2889404+01:00" endTime="2023-12-22T09:36:15.2893326+01:00" testType="13cdc9d9-ddb5-4fa4-a97d-d965ccfc6d4b" outcome="Passed" testListId="8c84fa94-04c1-424b-9868-57a2d4851a1d" relativeResultsDirectory="21098409-bac2-44d6-93c3-236f37e5c819" />
    <UnitTestResult executionId="697a792c-2afa-4a89-b49b-b967bd4212fd" testId="c2275de9-9fb7-2d15-4e82-ae68930b46f3" testName="Serialize_ToXmlWriter" computerName="DKSR-EFI-04" duration="00:00:00.0110005" startTime="2023-12-22T09:36:03.7053335+01:00" endTime="2023-12-22T09:36:03.7165264+01:00" testType="13cdc9d9-ddb5-4fa4-a97d-d965ccfc6d4b" outcome="Passed" testListId="8c84fa94-04c1-424b-9868-57a2d4851a1d" relativeResultsDirectory="697a792c-2afa-4a89-b49b-b967bd4212fd" />
    <UnitTestResult executionId="27ae31e0-8d42-4485-b955-2db3aade76e1" testId="6dff7af6-6d16-8dba-ea01-3eb9769c2e7a" testName="ReadXml_ShouldLogWarningTwiceWhenMoreThanOneMinuteBetweenWarnings_WhenFrameDidNotReadUtcTime" computerName="DKSR-EFI-04" duration="00:00:00.0026786" startTime="2023-12-22T09:36:31.3921217+01:00" endTime="2023-12-22T09:36:31.3950421+01:00" testType="13cdc9d9-ddb5-4fa4-a97d-d965ccfc6d4b" outcome="Passed" testListId="8c84fa94-04c1-424b-9868-57a2d4851a1d" relativeResultsDirectory="27ae31e0-8d42-4485-b955-2db3aade76e1" />
    <UnitTestResult executionId="dae94471-89df-4a50-816b-0625634e87cc" testId="9201c682-a830-2984-3517-d5fbfb383f4a" testName="GetGenderFilterValues_MultiSelection_Success" computerName="DKSR-EFI-04" duration="00:00:00.0006650" startTime="2023-12-22T09:36:30.2560576+01:00" endTime="2023-12-22T09:36:30.2569697+01:00" testType="13cdc9d9-ddb5-4fa4-a97d-d965ccfc6d4b" outcome="Passed" testListId="8c84fa94-04c1-424b-9868-57a2d4851a1d" relativeResultsDirectory="dae94471-89df-4a50-816b-0625634e87cc" />
    <UnitTestResult executionId="acf47c29-07e8-45d6-bc86-127960bbeb02" testId="fa078946-dda0-6ffb-816c-44fe3d4e229d" testName="Contains_Not_Found" computerName="DKSR-EFI-04" duration="00:00:00.0305171" startTime="2023-12-22T09:36:03.1239235+01:00" endTime="2023-12-22T09:36:03.1546365+01:00" testType="13cdc9d9-ddb5-4fa4-a97d-d965ccfc6d4b" outcome="Passed" testListId="8c84fa94-04c1-424b-9868-57a2d4851a1d" relativeResultsDirectory="acf47c29-07e8-45d6-bc86-127960bbeb02" />
    <UnitTestResult executionId="c3607d89-a602-45d1-b487-457e7563f006" testId="9b0d69da-f0df-c6b0-7696-299b1ca48f22" testName="AllAttributesWerePresent_ShouldReturnTrue_WhenBothXAndYAreFloats" computerName="DKSR-EFI-04" duration="00:00:00.0006886" startTime="2023-12-22T09:36:31.6870861+01:00" endTime="2023-12-22T09:36:31.6879825+01:00" testType="13cdc9d9-ddb5-4fa4-a97d-d965ccfc6d4b" outcome="Passed" testListId="8c84fa94-04c1-424b-9868-57a2d4851a1d" relativeResultsDirectory="c3607d89-a602-45d1-b487-457e7563f006" />
    <UnitTestResult executionId="e100b093-2700-49fd-8550-d565babe279a" testId="9fe60fa0-7d32-eb9d-1e44-3be02241d2db" testName="WriteXml_ShouldOmitBehaviourElement_WhenBehaviourIsNotNullAndWithoutBehaviour" computerName="DKSR-EFI-04" duration="00:00:00.0008355" startTime="2023-12-22T09:36:31.4447769+01:00" endTime="2023-12-22T09:36:31.4458354+01:00" testType="13cdc9d9-ddb5-4fa4-a97d-d965ccfc6d4b" outcome="Passed" testListId="8c84fa94-04c1-424b-9868-57a2d4851a1d" relativeResultsDirectory="e100b093-2700-49fd-8550-d565babe279a" />
    <UnitTestResult executionId="30d63b54-00a8-45ce-a607-76f3b4ac0258" testId="36835451-4db1-a03e-109f-0d92dfb22aba" testName="Append_OptionKeyString_Escaped" computerName="DKSR-EFI-04" duration="00:00:00.0017078" startTime="2023-12-22T09:36:30.3487115+01:00" endTime="2023-12-22T09:36:30.3506392+01:00" testType="13cdc9d9-ddb5-4fa4-a97d-d965ccfc6d4b" outcome="Passed" testListId="8c84fa94-04c1-424b-9868-57a2d4851a1d" relativeResultsDirectory="30d63b54-00a8-45ce-a607-76f3b4ac0258" />
    <UnitTestResult executionId="eae4a31c-6770-4fc9-a595-e6414bad955b" testId="12cac62c-5b3e-c0ef-167d-41a5a640f7f1" testName="Constructor_ShouldThrowArgumentNullException_WhenModelIsNull" computerName="DKSR-EFI-04" duration="00:00:00.0006465" startTime="2023-12-22T09:36:32.5882469+01:00" endTime="2023-12-22T09:36:32.5891519+01:00" testType="13cdc9d9-ddb5-4fa4-a97d-d965ccfc6d4b" outcome="Passed" testListId="8c84fa94-04c1-424b-9868-57a2d4851a1d" relativeResultsDirectory="eae4a31c-6770-4fc9-a595-e6414bad955b" />
    <UnitTestResult executionId="25a95809-320c-4c4a-b163-0b558e5ddf56" testId="7ae2592b-1209-056c-b02b-a7b7c4496165" testName="GenerateDeviceParameters_ShouldWriteCorrectResolution_WhenResolutionIsNotNull" computerName="DKSR-EFI-04" duration="00:00:00.0002501" startTime="2023-12-22T09:36:32.5206116+01:00" endTime="2023-12-22T09:36:32.5210690+01:00" testType="13cdc9d9-ddb5-4fa4-a97d-d965ccfc6d4b" outcome="Passed" testListId="8c84fa94-04c1-424b-9868-57a2d4851a1d" relativeResultsDirectory="25a95809-320c-4c4a-b163-0b558e5ddf56" />
    <UnitTestResult executionId="1c3b043f-8cb2-473e-8634-105eaf3ef1fb" testId="68414986-0a7e-03e0-b752-7222fdf120b2" testName="ReadXml_ShouldIgnoreUnknownAttributes_WhenAlways" computerName="DKSR-EFI-04" duration="00:00:00.0007584" startTime="2023-12-22T09:36:31.6739096+01:00" endTime="2023-12-22T09:36:31.6748685+01:00" testType="13cdc9d9-ddb5-4fa4-a97d-d965ccfc6d4b" outcome="Passed" testListId="8c84fa94-04c1-424b-9868-57a2d4851a1d" relativeResultsDirectory="1c3b043f-8cb2-473e-8634-105eaf3ef1fb" />
    <UnitTestResult executionId="89f1e4e4-7e63-4520-9866-9dada89a33a5" testId="d68b3075-4627-ba2b-18db-33c4279233ca" testName="WriteAppearanceExtenstionXml_ShouldWriteDisplayedThicknessInPixels_WhenLineDisplayPixelThicknessIsPresent" computerName="DKSR-EFI-04" duration="00:00:00.0003451" startTime="2023-12-22T09:36:31.5171570+01:00" endTime="2023-12-22T09:36:31.5177042+01:00" testType="13cdc9d9-ddb5-4fa4-a97d-d965ccfc6d4b" outcome="Passed" testListId="8c84fa94-04c1-424b-9868-57a2d4851a1d" relativeResultsDirectory="89f1e4e4-7e63-4520-9866-9dada89a33a5" />
    <UnitTestResult executionId="f22eac90-ef62-4cd9-960d-5f64b86c96ba" testId="c1d45865-15fa-0d84-a5d0-67059817b5ff" testName="AllowGroupSelection_AutoCloseOnSelect_GroupSelected" computerName="DKSR-EFI-04" duration="00:00:00.0004319" startTime="2023-12-22T09:36:22.9850718+01:00" endTime="2023-12-22T09:36:22.9856732+01:00" testType="13cdc9d9-ddb5-4fa4-a97d-d965ccfc6d4b" outcome="Passed" testListId="8c84fa94-04c1-424b-9868-57a2d4851a1d" relativeResultsDirectory="f22eac90-ef62-4cd9-960d-5f64b86c96ba" />
    <UnitTestResult executionId="f7aaa508-5139-46a2-8822-321f23d3c677" testId="32fbd952-cf12-ae2b-c5d4-e7f80c991d18" testName="BuildOverlayWidthHeightAlarm_ShouldReturnCorrectSizedBitmap_WhenArgumentContainsObjectAndRule" computerName="DKSR-EFI-04" duration="00:00:00.0018144" startTime="2023-12-22T09:36:05.0467386+01:00" endTime="2023-12-22T09:36:05.0487385+01:00" testType="13cdc9d9-ddb5-4fa4-a97d-d965ccfc6d4b" outcome="Passed" testListId="8c84fa94-04c1-424b-9868-57a2d4851a1d" relativeResultsDirectory="f7aaa508-5139-46a2-8822-321f23d3c677" />
    <UnitTestResult executionId="fa994329-4b16-41d6-8ff7-dbd66a79b17e" testId="c5df7b24-5576-61ff-2c2f-8ef0272c7cb0" testName="GetPrevious_ShouldReturnNull_WhenCacheIsEmpty" computerName="DKSR-EFI-04" duration="00:00:00.0008302" startTime="2023-12-22T09:36:32.6392693+01:00" endTime="2023-12-22T09:36:32.6402963+01:00" testType="13cdc9d9-ddb5-4fa4-a97d-d965ccfc6d4b" outcome="Passed" testListId="8c84fa94-04c1-424b-9868-57a2d4851a1d" relativeResultsDirectory="fa994329-4b16-41d6-8ff7-dbd66a79b17e" />
    <UnitTestResult executionId="ac315393-8af7-4624-9ce2-dc0b53177959" testId="d6caf9a4-3f9a-074e-1dad-d39d3f06a0e6" testName="GetNext_ShouldReturnNextDataInCache_WhenDataIsCached" computerName="DKSR-EFI-04" duration="00:00:00.0017003" startTime="2023-12-22T09:36:32.8773308+01:00" endTime="2023-12-22T09:36:32.8792195+01:00" testType="13cdc9d9-ddb5-4fa4-a97d-d965ccfc6d4b" outcome="Passed" testListId="8c84fa94-04c1-424b-9868-57a2d4851a1d" relativeResultsDirectory="ac315393-8af7-4624-9ce2-dc0b53177959" />
    <UnitTestResult executionId="8ef94eda-f647-48ef-a09d-18e90c1e67a9" testId="6e2943e4-1567-7531-b5b0-13aaeb4e80e3" testName="Add_NullKey_Throws" computerName="DKSR-EFI-04" duration="00:00:00.0004447" startTime="2023-12-22T09:36:15.5004430+01:00" endTime="2023-12-22T09:36:15.5010470+01:00" testType="13cdc9d9-ddb5-4fa4-a97d-d965ccfc6d4b" outcome="Passed" testListId="8c84fa94-04c1-424b-9868-57a2d4851a1d" relativeResultsDirectory="8ef94eda-f647-48ef-a09d-18e90c1e67a9" />
    <UnitTestResult executionId="2ef73680-6772-4a2c-8bdf-3bcb2db4e674" testId="e8ad2706-3327-0bd0-6928-db3b3e6344dc" testName="AllAttributesWerePresent_ShouldReturnFalse_WhenBottomAttributeIsNotAFloat" computerName="DKSR-EFI-04" duration="00:00:00.0003664" startTime="2023-12-22T09:36:31.4775744+01:00" endTime="2023-12-22T09:36:31.4781459+01:00" testType="13cdc9d9-ddb5-4fa4-a97d-d965ccfc6d4b" outcome="Passed" testListId="8c84fa94-04c1-424b-9868-57a2d4851a1d" relativeResultsDirectory="2ef73680-6772-4a2c-8bdf-3bcb2db4e674" />
    <UnitTestResult executionId="3a99754c-eecc-421b-a314-41e68d65deea" testId="f66cd845-32f8-8293-9ecc-cb3301f62262" testName="ReadXml_ShouldSetIsIdle_WhenIdleElementIsPresentWithCorrectNamespace" computerName="DKSR-EFI-04" duration="00:00:00.0002491" startTime="2023-12-22T09:36:30.9097415+01:00" endTime="2023-12-22T09:36:30.9101967+01:00" testType="13cdc9d9-ddb5-4fa4-a97d-d965ccfc6d4b" outcome="Passed" testListId="8c84fa94-04c1-424b-9868-57a2d4851a1d" relativeResultsDirectory="3a99754c-eecc-421b-a314-41e68d65deea" />
    <UnitTestResult executionId="2fb6651b-56f1-437d-ac5c-067c1c24fbce" testId="7c4b74fb-67e0-6834-21f2-2c0f78a66963" testName="CountByCounter_NotActivated_Empty" computerName="DKSR-EFI-04" duration="00:00:00.0119033" startTime="2023-12-22T09:36:32.3791725+01:00" endTime="2023-12-22T09:36:32.3919991+01:00" testType="13cdc9d9-ddb5-4fa4-a97d-d965ccfc6d4b" outcome="Passed" testListId="8c84fa94-04c1-424b-9868-57a2d4851a1d" relativeResultsDirectory="2fb6651b-56f1-437d-ac5c-067c1c24fbce" />
    <UnitTestResult executionId="ae5224b9-9056-41bd-8715-b9745aa60eea" testId="9229072f-c39c-5db3-f28b-10c8f4ae4c45" testName="ModifyCollection_ShouldNotInvokeCallback_WhenNotObservable" computerName="DKSR-EFI-04" duration="00:00:00.0012667" startTime="2023-12-22T09:36:23.6763114+01:00" endTime="2023-12-22T09:36:23.7493084+01:00" testType="13cdc9d9-ddb5-4fa4-a97d-d965ccfc6d4b" outcome="Passed" testListId="8c84fa94-04c1-424b-9868-57a2d4851a1d" relativeResultsDirectory="ae5224b9-9056-41bd-8715-b9745aa60eea" />
    <UnitTestResult executionId="05b5681a-1873-4df0-9c61-14e97783178a" testId="ac1eb344-84dd-8e2f-e7fa-8afd6aaf6222" testName="GetNextSequence_ShouldStoreToolkitResultInCache_WhenAlways" computerName="DKSR-EFI-04" duration="00:00:00.0023006" startTime="2023-12-22T09:36:32.9284794+01:00" endTime="2023-12-22T09:36:32.9309663+01:00" testType="13cdc9d9-ddb5-4fa4-a97d-d965ccfc6d4b" outcome="Passed" testListId="8c84fa94-04c1-424b-9868-57a2d4851a1d" relativeResultsDirectory="05b5681a-1873-4df0-9c61-14e97783178a" />
    <UnitTestResult executionId="ea09a57c-1195-4f6e-afb2-4ba7bd295bd0" testId="bc878ccd-98a1-51a4-2cfc-16b619dea6f0" testName="GetChildItems_ShouldReturnNull_WhenUnknownKind" computerName="DKSR-EFI-04" duration="00:00:00.0003982" startTime="2023-12-22T09:36:05.2415088+01:00" endTime="2023-12-22T09:36:05.2420415+01:00" testType="13cdc9d9-ddb5-4fa4-a97d-d965ccfc6d4b" outcome="Passed" testListId="8c84fa94-04c1-424b-9868-57a2d4851a1d" relativeResultsDirectory="ea09a57c-1195-4f6e-afb2-4ba7bd295bd0" />
    <UnitTestResult executionId="665c5e3e-d82c-48c9-bff4-274be7ab11f3" testId="4ebf288a-b726-10f1-5f92-94533ac346f1" testName="SetCacheContents_ShuldSortEntriesAccordingToData_WhenAlways" computerName="DKSR-EFI-04" duration="00:00:00.0014846" startTime="2023-12-22T09:36:32.6253362+01:00" endTime="2023-12-22T09:36:32.6270334+01:00" testType="13cdc9d9-ddb5-4fa4-a97d-d965ccfc6d4b" outcome="Passed" testListId="8c84fa94-04c1-424b-9868-57a2d4851a1d" relativeResultsDirectory="665c5e3e-d82c-48c9-bff4-274be7ab11f3" />
    <UnitTestResult executionId="2f191cf2-34f7-4557-b1ec-43bea42daa11" testId="5efa66e3-2c27-3f3b-d94f-51396a42e8dd" testName="Equals_ShouldHaveValueSemantics_WhenAlways" computerName="DKSR-EFI-04" duration="00:00:00.0004790" startTime="2023-12-22T09:36:31.6132574+01:00" endTime="2023-12-22T09:36:31.6139609+01:00" testType="13cdc9d9-ddb5-4fa4-a97d-d965ccfc6d4b" outcome="Passed" testListId="8c84fa94-04c1-424b-9868-57a2d4851a1d" relativeResultsDirectory="2f191cf2-34f7-4557-b1ec-43bea42daa11" />
    <UnitTestResult executionId="24588767-8c1c-4bda-9b2e-a2ffed8b4105" testId="73ec9274-5d95-cb62-60ca-c2f3ce2346e6" testName="WriteXml_ShouldWriteRightAttribute_WhenAlays" computerName="DKSR-EFI-04" duration="00:00:00.0003478" startTime="2023-12-22T09:36:31.5128802+01:00" endTime="2023-12-22T09:36:31.5134225+01:00" testType="13cdc9d9-ddb5-4fa4-a97d-d965ccfc6d4b" outcome="Passed" testListId="8c84fa94-04c1-424b-9868-57a2d4851a1d" relativeResultsDirectory="24588767-8c1c-4bda-9b2e-a2ffed8b4105" />
    <UnitTestResult executionId="d630f3e4-6838-4b26-8742-e71f78edaefd" testId="be949d2a-ee6c-7b88-443c-f49c565f328f" testName="ReadXml_ShouldIgnoreOnvifClass_WhenClassIsPresenWithWrongNamespace" computerName="DKSR-EFI-04" duration="00:00:00.0002728" startTime="2023-12-22T09:36:30.8415081+01:00" endTime="2023-12-22T09:36:30.8419802+01:00" testType="13cdc9d9-ddb5-4fa4-a97d-d965ccfc6d4b" outcome="Passed" testListId="8c84fa94-04c1-424b-9868-57a2d4851a1d" relativeResultsDirectory="d630f3e4-6838-4b26-8742-e71f78edaefd" />
    <UnitTestResult executionId="80a06dca-9b65-41a3-9dd3-b653e558fd5b" testId="1cfe0934-bee5-966a-0fdd-441157183564" testName="Minimize_ShouldReturnOneInterval_WhenListContainsTwoOverlappingIntervalsAndOneIncludesTheOther" computerName="DKSR-EFI-04" duration="00:00:00.0004891" startTime="2023-12-22T09:36:15.3287232+01:00" endTime="2023-12-22T09:36:15.3293318+01:00" testType="13cdc9d9-ddb5-4fa4-a97d-d965ccfc6d4b" outcome="Passed" testListId="8c84fa94-04c1-424b-9868-57a2d4851a1d" relativeResultsDirectory="80a06dca-9b65-41a3-9dd3-b653e558fd5b" />
    <UnitTestResult executionId="23622a1b-df11-40e4-bd93-60e2c80912b4" testId="b9c508f0-a796-6104-1910-9ed8e83d2d6a" testName="ReadXml_ShouldIgnoreFrame_WhenFrameIsPresenWithWrongNamespace" computerName="DKSR-EFI-04" duration="00:00:00.0003136" startTime="2023-12-22T09:36:31.7154306+01:00" endTime="2023-12-22T09:36:31.7159495+01:00" testType="13cdc9d9-ddb5-4fa4-a97d-d965ccfc6d4b" outcome="Passed" testListId="8c84fa94-04c1-424b-9868-57a2d4851a1d" relativeResultsDirectory="23622a1b-df11-40e4-bd93-60e2c80912b4" />
    <UnitTestResult executionId="4d3e2dc4-51be-4171-875e-a0e0102dd060" testId="15cecd1c-3b58-a036-2736-cf341db03f0a" testName="ReadAppearanceExtensionXml_ShouldReadBoundingBoxLineThickness_WhenBoundingBoxLineThicknessIsPresent" computerName="DKSR-EFI-04" duration="00:00:00.0010896" startTime="2023-12-22T09:36:31.4911176+01:00" endTime="2023-12-22T09:36:31.4924145+01:00" testType="13cdc9d9-ddb5-4fa4-a97d-d965ccfc6d4b" outcome="Passed" testListId="8c84fa94-04c1-424b-9868-57a2d4851a1d" relativeResultsDirectory="4d3e2dc4-51be-4171-875e-a0e0102dd060" />
    <UnitTestResult executionId="27390999-1e17-4e8a-8f9f-f09c74639d03" testId="049489f2-1a42-cae5-971b-5636d7488caa" testName="ReadAppearanceExtensionXml_ShouldNotSetBoundingBoxLineThickness_WhenBoundingBoxLineThicknessIsNotPresent" computerName="DKSR-EFI-04" duration="00:00:00.0002909" startTime="2023-12-22T09:36:31.4933108+01:00" endTime="2023-12-22T09:36:31.4938683+01:00" testType="13cdc9d9-ddb5-4fa4-a97d-d965ccfc6d4b" outcome="Passed" testListId="8c84fa94-04c1-424b-9868-57a2d4851a1d" relativeResultsDirectory="27390999-1e17-4e8a-8f9f-f09c74639d03" />
    <UnitTestResult executionId="7092c9e3-e1fe-4ed7-ac33-ebe1af969239" testId="6782d7fb-c6f1-9d5e-e21b-8e8665ae821d" testName="Get_KeyPresent_ReturnsExpectedValue" computerName="DKSR-EFI-04" duration="00:00:00.0003453" startTime="2023-12-22T09:36:15.4994737+01:00" endTime="2023-12-22T09:36:15.4999421+01:00" testType="13cdc9d9-ddb5-4fa4-a97d-d965ccfc6d4b" outcome="Passed" testListId="8c84fa94-04c1-424b-9868-57a2d4851a1d" relativeResultsDirectory="7092c9e3-e1fe-4ed7-ac33-ebe1af969239" />
    <UnitTestResult executionId="4801289c-b008-4b25-b398-28817e7c8d46" testId="d2d1d21b-c98b-721d-a336-85243335bc1f" testName="Populate_SearchTextSet_SearchFilter_False" computerName="DKSR-EFI-04" duration="00:00:00.0331180" startTime="2023-12-22T09:36:23.4496772+01:00" endTime="2023-12-22T09:36:23.4830880+01:00" testType="13cdc9d9-ddb5-4fa4-a97d-d965ccfc6d4b" outcome="Passed" testListId="8c84fa94-04c1-424b-9868-57a2d4851a1d" relativeResultsDirectory="4801289c-b008-4b25-b398-28817e7c8d46" />
    <UnitTestResult executionId="46bf4114-7ac4-4413-bf19-9bcc90aca280" testId="665a66ed-febf-dcb1-d6f6-9e5410f5d49d" testName="AllAttributesWerePresent_ShouldReturnFalse_WhenXAttributeIsMissing" computerName="DKSR-EFI-04" duration="00:00:00.0003208" startTime="2023-12-22T09:36:31.6804200+01:00" endTime="2023-12-22T09:36:31.6809432+01:00" testType="13cdc9d9-ddb5-4fa4-a97d-d965ccfc6d4b" outcome="Passed" testListId="8c84fa94-04c1-424b-9868-57a2d4851a1d" relativeResultsDirectory="46bf4114-7ac4-4413-bf19-9bcc90aca280" />
    <UnitTestResult executionId="b93f203a-378c-47f5-98bb-e37dee025295" testId="03f9a419-da0b-13cb-434c-e5eb4d3017d6" testName="GenerateParameters_ShouldWriteNumberOfMetadataDevicesAsMDStream_WhenAlways" computerName="DKSR-EFI-04" duration="00:00:00.0019040" startTime="2023-12-22T09:36:32.6047194+01:00" endTime="2023-12-22T09:36:32.6068015+01:00" testType="13cdc9d9-ddb5-4fa4-a97d-d965ccfc6d4b" outcome="Passed" testListId="8c84fa94-04c1-424b-9868-57a2d4851a1d" relativeResultsDirectory="b93f203a-378c-47f5-98bb-e37dee025295" />
    <UnitTestResult executionId="727f06ce-5f4c-4bf2-a954-e708bee57ee1" testId="1287d8b9-a242-3700-9223-1e45506d7926" testName="GenerateParameters_ShouldWriteNotSupportedForSerialNr_WhenSerialNrIsNull" computerName="DKSR-EFI-04" duration="00:00:00.0007070" startTime="2023-12-22T09:36:32.6012587+01:00" endTime="2023-12-22T09:36:32.6021602+01:00" testType="13cdc9d9-ddb5-4fa4-a97d-d965ccfc6d4b" outcome="Passed" testListId="8c84fa94-04c1-424b-9868-57a2d4851a1d" relativeResultsDirectory="727f06ce-5f4c-4bf2-a954-e708bee57ee1" />
    <UnitTestResult executionId="dfbe67a2-c43b-4181-88c7-115c976899c7" testId="621f06a6-b00f-95ed-fccd-336bd41780d8" testName="DoubleFilterValue_Deserialize_Success" computerName="DKSR-EFI-04" duration="00:00:00.0013239" startTime="2023-12-22T09:36:30.1233923+01:00" endTime="2023-12-22T09:36:30.1249803+01:00" testType="13cdc9d9-ddb5-4fa4-a97d-d965ccfc6d4b" outcome="Passed" testListId="8c84fa94-04c1-424b-9868-57a2d4851a1d" relativeResultsDirectory="dfbe67a2-c43b-4181-88c7-115c976899c7" />
    <UnitTestResult executionId="bcb4abff-9188-4acf-b483-35a9f66cbfb0" testId="37465b96-5d9d-91f9-7bbc-1b2bd9de14df" testName="GetPreviousSequence_ShouldReturnFirstEntryFromToolkitResult_WhenDataWasReturned" computerName="DKSR-EFI-04" duration="00:00:00.0021428" startTime="2023-12-22T09:36:32.9316915+01:00" endTime="2023-12-22T09:36:32.9340188+01:00" testType="13cdc9d9-ddb5-4fa4-a97d-d965ccfc6d4b" outcome="Passed" testListId="8c84fa94-04c1-424b-9868-57a2d4851a1d" relativeResultsDirectory="bcb4abff-9188-4acf-b483-35a9f66cbfb0" />
    <UnitTestResult executionId="ff58e1ef-2609-4c9e-b396-ce3a7f536a2a" testId="3fc54712-5186-4bec-f033-21016fea98fa" testName="TestMultiLevelQueue_ThreeLevels_Success" computerName="DKSR-EFI-04" duration="00:00:00.0890845" startTime="2023-12-22T09:36:16.2377741+01:00" endTime="2023-12-22T09:36:16.3271523+01:00" testType="13cdc9d9-ddb5-4fa4-a97d-d965ccfc6d4b" outcome="Passed" testListId="8c84fa94-04c1-424b-9868-57a2d4851a1d" relativeResultsDirectory="ff58e1ef-2609-4c9e-b396-ce3a7f536a2a" />
    <UnitTestResult executionId="37e5aa7e-f37f-4b1d-8cb4-b0e7d1df14d6" testId="1ce6e954-84ed-5a50-7c66-ce4fb6384d66" testName="BuildShapeOverlayWidthHeightAlarm_ShouldReturnCorrectNumberOfShapes_WhenArgumentContainsObjectAndRule" computerName="DKSR-EFI-04" duration="00:00:00.0022182" startTime="2023-12-22T09:36:05.0519253+01:00" endTime="2023-12-22T09:36:05.1207468+01:00" testType="13cdc9d9-ddb5-4fa4-a97d-d965ccfc6d4b" outcome="Passed" testListId="8c84fa94-04c1-424b-9868-57a2d4851a1d" relativeResultsDirectory="37e5aa7e-f37f-4b1d-8cb4-b0e7d1df14d6" />
    <UnitTestResult executionId="4bb10c8e-e1ad-4456-ac0c-60eab0165386" testId="07de42b9-1d07-0430-7138-cc678292c007" testName="WriteXml_ShouldWriteBase64EncodedOriginalData_WhenOriginalDataIsPresent" computerName="DKSR-EFI-04" duration="00:00:00.0003332" startTime="2023-12-22T09:36:31.2874402+01:00" endTime="2023-12-22T09:36:31.2879807+01:00" testType="13cdc9d9-ddb5-4fa4-a97d-d965ccfc6d4b" outcome="Passed" testListId="8c84fa94-04c1-424b-9868-57a2d4851a1d" relativeResultsDirectory="4bb10c8e-e1ad-4456-ac0c-60eab0165386" />
    <UnitTestResult executionId="2c029d61-fa15-478c-ae34-fd296a7f6aea" testId="09fedadb-5b36-4c66-a01b-eb732d278266" testName="GetExpectedToken_ShouldReturnNull_WhenInputTokenHashTypeIsNotSupported" computerName="DKSR-EFI-04" duration="00:00:00.0001598" startTime="2023-12-22T09:36:32.9847162+01:00" endTime="2023-12-22T09:36:32.9850519+01:00" testType="13cdc9d9-ddb5-4fa4-a97d-d965ccfc6d4b" outcome="Passed" testListId="8c84fa94-04c1-424b-9868-57a2d4851a1d" relativeResultsDirectory="2c029d61-fa15-478c-ae34-fd296a7f6aea" />
    <UnitTestResult executionId="417f7f42-b85c-484d-9953-da2718b4c7e8" testId="d7839ae1-9662-254a-edc4-21e217d972c9" testName="Peek_NonEmptyQueue_ReturnsItemButKeepsItInQueue" computerName="DKSR-EFI-04" duration="00:00:00.0002323" startTime="2023-12-22T09:36:15.4785033+01:00" endTime="2023-12-22T09:36:15.4789450+01:00" testType="13cdc9d9-ddb5-4fa4-a97d-d965ccfc6d4b" outcome="Passed" testListId="8c84fa94-04c1-424b-9868-57a2d4851a1d" relativeResultsDirectory="417f7f42-b85c-484d-9953-da2718b4c7e8" />
    <UnitTestResult executionId="032e7d41-5b3e-4ad3-b05a-6312d29b4eab" testId="c2c45a93-efa1-bb0e-351a-c58499dc22c7" testName="ReadXml_ShouldReadTopAttribute_WhenPresent" computerName="DKSR-EFI-04" duration="00:00:00.0003352" startTime="2023-12-22T09:36:31.4667216+01:00" endTime="2023-12-22T09:36:31.4672536+01:00" testType="13cdc9d9-ddb5-4fa4-a97d-d965ccfc6d4b" outcome="Passed" testListId="8c84fa94-04c1-424b-9868-57a2d4851a1d" relativeResultsDirectory="032e7d41-5b3e-4ad3-b05a-6312d29b4eab" />
    <UnitTestResult executionId="dae458ce-b2c3-4df4-8110-0ecbcb4a9acf" testId="1b0c1c74-735e-804d-2d38-1a48ef66c47a" testName="TestMultiLevelQueue_TwoLevels_Success" computerName="DKSR-EFI-04" duration="00:00:00.0635425" startTime="2023-12-22T09:36:16.1730976+01:00" endTime="2023-12-22T09:36:16.2369176+01:00" testType="13cdc9d9-ddb5-4fa4-a97d-d965ccfc6d4b" outcome="Passed" testListId="8c84fa94-04c1-424b-9868-57a2d4851a1d" relativeResultsDirectory="dae458ce-b2c3-4df4-8110-0ecbcb4a9acf" />
    <UnitTestResult executionId="0e680ed2-0f28-4cd6-b010-727741a14f44" testId="5c39cc43-bcee-6b6c-03f0-db3e0a8029f7" testName="Serialize_TestCases (TestParentTypeMatchBoolNotThisTypeNotMatched)" computerName="DKSR-EFI-04" duration="00:00:00.0005472" startTime="2023-12-22T09:36:28.3031689+01:00" endTime="2023-12-22T09:36:28.3040456+01:00" testType="13cdc9d9-ddb5-4fa4-a97d-d965ccfc6d4b" outcome="Passed" testListId="8c84fa94-04c1-424b-9868-57a2d4851a1d" relativeResultsDirectory="0e680ed2-0f28-4cd6-b010-727741a14f44" />
    <UnitTestResult executionId="0055b797-18a7-4fe4-9640-93f9c1461eb7" testId="d2434559-e3a7-5692-c403-1d47d873a133" testName="ProvideValue_ShouldUseNull_WhenSelectedItemIsNotSet" computerName="DKSR-EFI-04" duration="00:00:00.0249614" startTime="2023-12-22T09:36:26.4248910+01:00" endTime="2023-12-22T09:36:26.4972907+01:00" testType="13cdc9d9-ddb5-4fa4-a97d-d965ccfc6d4b" outcome="Passed" testListId="8c84fa94-04c1-424b-9868-57a2d4851a1d" relativeResultsDirectory="0055b797-18a7-4fe4-9640-93f9c1461eb7" />
    <UnitTestResult executionId="a26cd270-8ca1-4471-8560-7e57436e5f90" testId="bef9c954-3a2d-3d83-b50d-cb24e577f8c7" testName="CreateSearchResultUserControl_NullConfiguration_ReturnsNull" computerName="DKSR-EFI-04" duration="00:00:00.0015122" startTime="2023-12-22T09:36:29.3371330+01:00" endTime="2023-12-22T09:36:29.3701486+01:00" testType="13cdc9d9-ddb5-4fa4-a97d-d965ccfc6d4b" outcome="Passed" testListId="8c84fa94-04c1-424b-9868-57a2d4851a1d" relativeResultsDirectory="a26cd270-8ca1-4471-8560-7e57436e5f90" />
    <UnitTestResult executionId="577bba3e-4988-416a-a8a8-1c5217dc3db6" testId="6a6ed04d-7bec-096f-c4cc-c8e9813f02b3" testName="Initialize_Default_Values" computerName="DKSR-EFI-04" duration="00:00:00.0023593" startTime="2023-12-22T09:36:22.9876127+01:00" endTime="2023-12-22T09:36:22.9903087+01:00" testType="13cdc9d9-ddb5-4fa4-a97d-d965ccfc6d4b" outcome="Passed" testListId="8c84fa94-04c1-424b-9868-57a2d4851a1d" relativeResultsDirectory="577bba3e-4988-416a-a8a8-1c5217dc3db6" />
    <UnitTestResult executionId="df2b62ae-e827-482d-a8ee-09d343a4343c" testId="4b43a64c-589e-4267-f17d-15d04a909013" testName="Clone_Camera_Fails_Checked" computerName="DKSR-EFI-04" duration="00:00:00.0008172" startTime="2023-12-22T09:36:02.6728929+01:00" endTime="2023-12-22T09:36:02.6738265+01:00" testType="13cdc9d9-ddb5-4fa4-a97d-d965ccfc6d4b" outcome="Passed" testListId="8c84fa94-04c1-424b-9868-57a2d4851a1d" relativeResultsDirectory="df2b62ae-e827-482d-a8ee-09d343a4343c" />
    <UnitTestResult executionId="d7f2effe-b40f-483d-86f9-60918233cc15" testId="0272379c-7daf-7bd0-3571-0deb6243dd64" testName="ReadXml_ShouldLogWarningOnlyOnceWithinOneMinute_WhenFrameDidNotReadUtcTime" computerName="DKSR-EFI-04" duration="00:00:00.0021059" startTime="2023-12-22T09:36:31.7258194+01:00" endTime="2023-12-22T09:36:31.7281512+01:00" testType="13cdc9d9-ddb5-4fa4-a97d-d965ccfc6d4b" outcome="Passed" testListId="8c84fa94-04c1-424b-9868-57a2d4851a1d" relativeResultsDirectory="d7f2effe-b40f-483d-86f9-60918233cc15" />
    <UnitTestResult executionId="d946cc9d-bd0b-4cfe-9ea7-b3d9950bc9cc" testId="2de77298-4b39-f702-f7c5-8b8c0ceb02ec" testName="SetChildren_UnKnown_Check" computerName="DKSR-EFI-04" duration="00:00:00.0122720" startTime="2023-12-22T09:36:02.9781688+01:00" endTime="2023-12-22T09:36:02.9906636+01:00" testType="13cdc9d9-ddb5-4fa4-a97d-d965ccfc6d4b" outcome="Passed" testListId="8c84fa94-04c1-424b-9868-57a2d4851a1d" relativeResultsDirectory="d946cc9d-bd0b-4cfe-9ea7-b3d9950bc9cc" />
    <UnitTestResult executionId="9cdfb5d6-9815-477e-b43f-df7941812029" testId="9be33bba-634e-2cc5-910a-418012d1f19f" testName="SearializePlusDeserialize_ComplexObject_ShouldResultInSameString" computerName="DKSR-EFI-04" duration="00:00:00.0021528" startTime="2023-12-22T09:36:30.4358441+01:00" endTime="2023-12-22T09:36:30.4382230+01:00" testType="13cdc9d9-ddb5-4fa4-a97d-d965ccfc6d4b" outcome="Passed" testListId="8c84fa94-04c1-424b-9868-57a2d4851a1d" relativeResultsDirectory="9cdfb5d6-9815-477e-b43f-df7941812029" />
    <UnitTestResult executionId="ca011cc8-e918-4b86-9a89-3884a1642e45" testId="e060b440-f3f0-8ff1-976f-fddc5cc26f62" testName="Decrypt_ShouldReturnInputAsIs" computerName="DKSR-EFI-04" duration="00:00:00.0003927" startTime="2023-12-22T09:36:32.2855524+01:00" endTime="2023-12-22T09:36:32.2861132+01:00" testType="13cdc9d9-ddb5-4fa4-a97d-d965ccfc6d4b" outcome="Passed" testListId="8c84fa94-04c1-424b-9868-57a2d4851a1d" relativeResultsDirectory="ca011cc8-e918-4b86-9a89-3884a1642e45" />
    <UnitTestResult executionId="977ad1cc-825e-40be-a863-527b0d3f9b28" testId="1ebf1719-320f-c38b-2f84-2a795fe44eb1" testName="Flush_ShouldClearCache" computerName="DKSR-EFI-04" duration="00:00:00.0008056" startTime="2023-12-22T09:36:05.2441585+01:00" endTime="2023-12-22T09:36:05.2450772+01:00" testType="13cdc9d9-ddb5-4fa4-a97d-d965ccfc6d4b" outcome="Passed" testListId="8c84fa94-04c1-424b-9868-57a2d4851a1d" relativeResultsDirectory="977ad1cc-825e-40be-a863-527b0d3f9b28" />
    <UnitTestResult executionId="a30001ae-29a4-48c6-b3f2-c57493e5dfde" testId="edfa9ac1-af92-8fad-09f0-213c59a511c9" testName="GetPrevious_ShouldReturnPreviousDataInCache_WhenDataIsCached" computerName="DKSR-EFI-04" duration="00:00:00.0017256" startTime="2023-12-22T09:36:32.8712083+01:00" endTime="2023-12-22T09:36:32.8731234+01:00" testType="13cdc9d9-ddb5-4fa4-a97d-d965ccfc6d4b" outcome="Passed" testListId="8c84fa94-04c1-424b-9868-57a2d4851a1d" relativeResultsDirectory="a30001ae-29a4-48c6-b3f2-c57493e5dfde" />
    <UnitTestResult executionId="499f22f0-d3d2-4b20-a8d6-fcff4bde2fc3" testId="7fa99fc8-4dae-9088-0c08-813290a88ab6" testName="WriteXml_ShouldWriteTopAttribute_WhenAlays" computerName="DKSR-EFI-04" duration="00:00:00.0003633" startTime="2023-12-22T09:36:31.5099749+01:00" endTime="2023-12-22T09:36:31.5105418+01:00" testType="13cdc9d9-ddb5-4fa4-a97d-d965ccfc6d4b" outcome="Passed" testListId="8c84fa94-04c1-424b-9868-57a2d4851a1d" relativeResultsDirectory="499f22f0-d3d2-4b20-a8d6-fcff4bde2fc3" />
    <UnitTestResult executionId="59c57864-d56e-4034-83e9-3731d2211806" testId="98f0d9fe-377f-6918-fb53-39e46ecb4f9d" testName="Equals_Fail_OnObjectId" computerName="DKSR-EFI-04" duration="00:00:00.0003819" startTime="2023-12-22T09:36:02.6949514+01:00" endTime="2023-12-22T09:36:02.6954309+01:00" testType="13cdc9d9-ddb5-4fa4-a97d-d965ccfc6d4b" outcome="Passed" testListId="8c84fa94-04c1-424b-9868-57a2d4851a1d" relativeResultsDirectory="59c57864-d56e-4034-83e9-3731d2211806" />
    <UnitTestResult executionId="2fae25a5-86bc-4aab-a1dc-87979f6c2cfc" testId="04ee5816-5ebb-9be1-9e51-4c60c7a88570" testName="Serialize_TestCases (TestParentCollectionEmptyArrayPropertyProperty)" computerName="DKSR-EFI-04" duration="00:00:00.0001746" startTime="2023-12-22T09:36:28.2687924+01:00" endTime="2023-12-22T09:36:28.2693830+01:00" testType="13cdc9d9-ddb5-4fa4-a97d-d965ccfc6d4b" outcome="Passed" testListId="8c84fa94-04c1-424b-9868-57a2d4851a1d" relativeResultsDirectory="2fae25a5-86bc-4aab-a1dc-87979f6c2cfc" />
    <UnitTestResult executionId="012bf56b-7f4b-45f2-bc96-df55fb557074" testId="3a4d61c6-1dc3-0bdf-c7d5-0384c8954cbd" testName="TestCreateSearchDefinition_WithFilterCategoryNotFound_Failure" computerName="DKSR-EFI-04" duration="00:00:00.0032453" startTime="2023-12-22T09:36:28.9376464+01:00" endTime="2023-12-22T09:36:28.9411748+01:00" testType="13cdc9d9-ddb5-4fa4-a97d-d965ccfc6d4b" outcome="Passed" testListId="8c84fa94-04c1-424b-9868-57a2d4851a1d" relativeResultsDirectory="012bf56b-7f4b-45f2-bc96-df55fb557074" />
    <UnitTestResult executionId="424edd98-ea20-4e38-890c-10730db79cdf" testId="06174076-ef01-8d0d-830c-682ae858b24d" testName="Append_Element_KeyValueString" computerName="DKSR-EFI-04" duration="00:00:00.0001667" startTime="2023-12-22T09:36:30.3436983+01:00" endTime="2023-12-22T09:36:30.3440846+01:00" testType="13cdc9d9-ddb5-4fa4-a97d-d965ccfc6d4b" outcome="Passed" testListId="8c84fa94-04c1-424b-9868-57a2d4851a1d" relativeResultsDirectory="424edd98-ea20-4e38-890c-10730db79cdf" />
    <UnitTestResult executionId="72315513-8865-4f2e-9c4a-c44df0ef7d25" testId="7c55a314-e50c-cf7f-eb2f-1d2ce3940e80" testName="GetPrevious_ShouldReturnNull_WhenFirstEntryWasCalled" computerName="DKSR-EFI-04" duration="00:00:00.0003842" startTime="2023-12-22T09:36:32.6425456+01:00" endTime="2023-12-22T09:36:32.6431148+01:00" testType="13cdc9d9-ddb5-4fa4-a97d-d965ccfc6d4b" outcome="Passed" testListId="8c84fa94-04c1-424b-9868-57a2d4851a1d" relativeResultsDirectory="72315513-8865-4f2e-9c4a-c44df0ef7d25" />
    <UnitTestResult executionId="e0e8ba66-cdb4-477e-b3db-9f342665b317" testId="8b5da03f-9577-2062-8111-d2b15e5a740d" testName="GetAtOrBefore_ShouldReturnNull_WhenToolkitReturnsResponseWithNullDataList" computerName="DKSR-EFI-04" duration="00:00:00.0018794" startTime="2023-12-22T09:36:32.9096505+01:00" endTime="2023-12-22T09:36:32.9117299+01:00" testType="13cdc9d9-ddb5-4fa4-a97d-d965ccfc6d4b" outcome="Passed" testListId="8c84fa94-04c1-424b-9868-57a2d4851a1d" relativeResultsDirectory="e0e8ba66-cdb4-477e-b3db-9f342665b317" />
    <UnitTestResult executionId="1a3b8700-ae62-4e3d-825a-5c9b38874c05" testId="c3f2a1aa-ab89-7f2c-6103-bf1d2150d50b" testName="Equals_ShouldHaveValueSemantics_Always" computerName="DKSR-EFI-04" duration="00:00:00.0002565" startTime="2023-12-22T09:36:31.2974990+01:00" endTime="2023-12-22T09:36:31.2979579+01:00" testType="13cdc9d9-ddb5-4fa4-a97d-d965ccfc6d4b" outcome="Passed" testListId="8c84fa94-04c1-424b-9868-57a2d4851a1d" relativeResultsDirectory="1a3b8700-ae62-4e3d-825a-5c9b38874c05" />
    <UnitTestResult executionId="a1f85400-57d8-4e1e-8bca-c343e7196e52" testId="a8ce85fe-814a-271d-72cd-32e52ea1acce" testName="GetEnd_ShouldReturnNull_WhenThereIsNoData" computerName="DKSR-EFI-04" duration="00:00:00.0017372" startTime="2023-12-22T09:36:32.8295352+01:00" endTime="2023-12-22T09:36:32.8314805+01:00" testType="13cdc9d9-ddb5-4fa4-a97d-d965ccfc6d4b" outcome="Passed" testListId="8c84fa94-04c1-424b-9868-57a2d4851a1d" relativeResultsDirectory="a1f85400-57d8-4e1e-8bca-c343e7196e52" />
    <UnitTestResult executionId="cbc04eda-fd78-497b-98c5-f9aae95fd853" testId="4659fd71-0ee0-a506-0553-a81ccc9c9c0b" testName="AllAttributesWerePresent_ShouldReturnFalse_WhenBottomAttributeIsMissing" computerName="DKSR-EFI-04" duration="00:00:00.0003220" startTime="2023-12-22T09:36:31.4761714+01:00" endTime="2023-12-22T09:36:31.4767036+01:00" testType="13cdc9d9-ddb5-4fa4-a97d-d965ccfc6d4b" outcome="Passed" testListId="8c84fa94-04c1-424b-9868-57a2d4851a1d" relativeResultsDirectory="cbc04eda-fd78-497b-98c5-f9aae95fd853" />
    <UnitTestResult executionId="bfa46572-c85e-48f6-bf7f-9a25895c1e2d" testId="31a03b18-193d-f844-e92f-19d317699a01" testName="GenerateParameters_ShouldThrowInvalidOperationException_WhenCodecListContainsNonVideoCodec" computerName="DKSR-EFI-04" duration="00:00:00.0031975" startTime="2023-12-22T09:36:32.5086986+01:00" endTime="2023-12-22T09:36:32.5120941+01:00" testType="13cdc9d9-ddb5-4fa4-a97d-d965ccfc6d4b" outcome="Passed" testListId="8c84fa94-04c1-424b-9868-57a2d4851a1d" relativeResultsDirectory="bfa46572-c85e-48f6-bf7f-9a25895c1e2d" />
    <UnitTestResult executionId="b16314b4-ab91-48dc-b1f8-57d2887c2021" testId="18b9af22-bb6c-f1cc-eab9-198fe04c78c2" testName="ResolveIconSource_ResourceIconsAndDefinedIcons_ShouldBeIdentical" computerName="DKSR-EFI-04" duration="00:00:00.0379543" startTime="2023-12-22T09:36:26.1598943+01:00" endTime="2023-12-22T09:36:26.2713199+01:00" testType="13cdc9d9-ddb5-4fa4-a97d-d965ccfc6d4b" outcome="Passed" testListId="8c84fa94-04c1-424b-9868-57a2d4851a1d" relativeResultsDirectory="b16314b4-ab91-48dc-b1f8-57d2887c2021">
      <Output>
        <StdOut>ui/resources/builtinicons/search.svg&#xD;
ui/resources/builtinicons/view_layout_1_16.svg&#xD;
ui/resources/builtinicons/server_state_base.svg&#xD;
ui/resources/builtinicons/view_layout_1_11.svg&#xD;
ui/resources/builtinicons/settings.svg&#xD;
ui/resources/builtinicons/comment_add.svg&#xD;
ui/resources/builtinicons/view_change.svg&#xD;
ui/resources/builtinicons/card_reader.svg&#xD;
ui/resources/builtinicons/access_control_view_item.svg&#xD;
ui/controls/tabcontrols/internal/primary/headeritemcontrol.baml&#xD;
ui/resources/builtinicons/search_temperature.svg&#xD;
ui/resources/builtinicons/application.svg&#xD;
ui/controls/buttons/videoosbuttonhyperlinksmall.baml&#xD;
ui/resources/builtinicons/status_connected.svg&#xD;
ui/resources/builtinicons/comment.svg&#xD;
ui/resources/builtinicons/keyword.svg&#xD;
ui/resources/builtinicons/go_to_selection_start_from_left_12px.svg&#xD;
ui/resources/builtinicons/layout_group.svg&#xD;
ui/resources/builtinicons/go_to_selection_start_from_right_12px.svg&#xD;
client/sidepanelusercontrolwpfwrapper.baml&#xD;
ui/resources/builtinicons/export_add_to_list.svg&#xD;
ui/resources/builtinicons/plus.svg&#xD;
ui/itempicker/view/itempickerwpfusercontrol.baml&#xD;
ui/resources/builtinicons/search_private.svg&#xD;
ui/resources/builtinicons/restore.svg&#xD;
ui/resources/builtinicons/chevron_double_left.svg&#xD;
ui/resources/builtinicons/folder_locked.svg&#xD;
ui/resources/builtinicons/blur_video.svg&#xD;
ui/resources/builtinicons/chevron_right.svg&#xD;
ui/resources/builtinicons/image_missing.svg&#xD;
ui/resources/builtinicons/smart_map_view_item.svg&#xD;
ui/resources/builtinicons/play_forward.svg&#xD;
ui/resources/builtinicons/view_duplicate.svg&#xD;
ui/resources/builtinicons/checkmark_12px.svg&#xD;
ui/resources/builtinicons/text_bold.svg&#xD;
ui/resources/builtinicons/colorpicker.svg&#xD;
ui/resources/builtinicons/speaker.svg&#xD;
ui/resources/builtinicons/view_layout_1_4_p.svg&#xD;
ui/controls/buttons/videoosbuttontransparentlarge.baml&#xD;
ui/resources/builtinicons/plugin.svg&#xD;
ui/controls/buttons/videoosbuttonsecondarysmall.baml&#xD;
ui/resources/builtinicons/chevron_up.svg&#xD;
client/images/icn16x16_light_lastsequence_default.png&#xD;
themes/designsystemcolors.baml&#xD;
ui/resources/builtinicons/filter.svg&#xD;
ui/resources/builtinicons/zoom_out_slider.svg&#xD;
ui/resources/builtinicons/toast_message.svg&#xD;
ui/resources/builtinicons/mobile_next_frame.svg&#xD;
ui/controls/textblocks/videoostextblockinteractivesmall.baml&#xD;
ui/resources/builtinicons/window.svg&#xD;
ui/controls/dropdowns/videoosdropdownborderlesssmall.baml&#xD;
ui/resources/builtinicons/arrow_right.svg&#xD;
ui/resources/builtinicons/selection_bookmark_start_12px.svg&#xD;
ui/resources/builtinicons/view_layout_2x6_p.svg&#xD;
ui/resources/builtinicons/text.svg&#xD;
ui/controls/togglebuttons/videoostogglebuttoniconsmall.baml&#xD;
ui/resources/builtinicons/location_off.svg&#xD;
ui/resources/builtinicons/view_options.svg&#xD;
ui/resources/builtinicons/overlay_buttons.svg&#xD;
ui/resources/builtinicons/frame_previous.svg&#xD;
ui/controls/buttons/videoosbuttontransparentmedium.baml&#xD;
ui/resources/builtinicons/matchlist_add.svg&#xD;
ui/controls/menubuttons/videoosmenubuttonprimarysmall.baml&#xD;
ui/controls/inputcontrols/videoosinputcontrolsmall.baml&#xD;
ui/resources/builtinicons/close_12px.svg&#xD;
ui/resources/builtinicons/view_layout_6x6.svg&#xD;
ui/resources/builtinicons/view_layout_6x3.svg&#xD;
ui/controls/menubuttons/videoosmenubuttonaccentlarge.baml&#xD;
ui/resources/builtinicons/status_disc_small.svg&#xD;
ui/resources/builtinicons/output_off.svg&#xD;
ui/resources/builtinicons/sequence_split.svg&#xD;
ui/resources/builtinicons/server_service.svg&#xD;
ui/controls/passwordboxes/videoospasswordboxbase.baml&#xD;
ui/resources/builtinicons/maximize.svg&#xD;
ui/resources/builtinicons/bookmark_timeline_12px.svg&#xD;
ui/resources/builtinicons/bookmark.svg&#xD;
ui/controls/textblocks/videoostextblockinteractiveextrasmall.baml&#xD;
ui/controls/buttons/videoosbuttonprimarylarge.baml&#xD;
ui/resources/builtinicons/image.svg&#xD;
ui/controls/textblocks/videoostextblockbodyextrasmall.baml&#xD;
ui/resources/builtinicons/html_view_item.svg&#xD;
ui/resources/builtinicons/arrow_down.svg&#xD;
ui/controls/actionlists/internal/actiongroupcontrolholder.baml&#xD;
ui/controls/menubuttons/videoosmenubuttontextmedium.baml&#xD;
ui/resources/builtinicons/view_reload.svg&#xD;
ui/resources/builtinicons/cd_drive.svg&#xD;
ui/controls/actionlists/internal/actionholdcontrolholder.baml&#xD;
ui/resources/builtinicons/unknown.svg&#xD;
ui/resources/builtinicons/arrow_up.svg&#xD;
ui/controls/menubuttons/videoosmenubuttontransparentsmall.baml&#xD;
ui/controls/textboxes/videoostextboxsmall.baml&#xD;
ui/resources/builtinicons/view_layout_1_2x_p.svg&#xD;
ui/resources/builtinicons/lock_off.svg&#xD;
ui/controls/tabcontrols/internal/primary/headeritemoverflowmenu.baml&#xD;
ui/resources/builtinicons/devices_add.svg&#xD;
ui/resources/builtinicons/recording_search.svg&#xD;
ui/resources/builtinicons/layers_add.svg&#xD;
ui/controls/actionlists/videoosactionlisthorizontalmedium.baml&#xD;
ui/resources/builtinicons/preset.svg&#xD;
ui/controls/textblocks/videoostextblockemptystate.baml&#xD;
ui/resources/builtinicons/view_layout_2_1_2.svg&#xD;
ui/resources/builtinicons/view_layout_3x2.svg&#xD;
ui/resources/builtinicons/view_layout_3x3.svg&#xD;
client/images/icn16x16_light_stepbackward_default.png&#xD;
ui/resources/builtinicons/set_selection_end_12px.svg&#xD;
ui/resources/builtinicons/microphone_add.svg&#xD;
ui/resources/builtinicons/output_active.svg&#xD;
ui/controls/dropdowns/videoosdropdownbase.baml&#xD;
ui/resources/builtinicons/go_to_start.svg&#xD;
ui/resources/builtinicons/mask_show.svg&#xD;
ui/resources/builtinicons/retrieve_from_storage.svg&#xD;
ui/resources/builtinicons/drag_grippers.svg&#xD;
ui/controls/inlinemessages/videoosinlinemessagesmall.baml&#xD;
ui/resources/builtinicons/map_recenter.svg&#xD;
ui/resources/builtinicons/layers.svg&#xD;
ui/resources/builtinicons/chevron_down_12px.svg&#xD;
ui/resources/builtinicons/time_selection_mode_date_time.svg&#xD;
ui/controls/actionlists/internal/actionselectcontrolholder.baml&#xD;
ui/resources/builtinicons/smartwall_preset.svg&#xD;
ui/controls/buttons/videoosbuttonprimarysmall.baml&#xD;
ui/controls/tables/internal/columntemplates/celltext.baml&#xD;
ui/controls/checkboxes/videooscheckboxmedium.baml&#xD;
ui/resources/builtinicons/evidence_lock_add.svg&#xD;
ui/resources/builtinicons/view_add.svg&#xD;
ui/resources/builtinicons/speaker_add.svg&#xD;
ui/controls/contextmenus/videooscontextmenularge.baml&#xD;
ui/resources/builtinicons/ptz_control.svg&#xD;
ui/controls/tables/internal/columntemplates/celltimestamp.baml&#xD;
ui/resources/builtinicons/start_recording.svg&#xD;
ui/itempicker/itempickerwpfwindow.baml&#xD;
ui/resources/builtinicons/interconnected_hardware.svg&#xD;
ui/resources/builtinicons/alarm_list_view.svg&#xD;
ui/resources/builtinicons/paste.svg&#xD;
ui/controls/textblocks/videoostextblockbodymedium.baml&#xD;
ui/resources/builtinicons/clipboard.svg&#xD;
ui/resources/builtinicons/commands.svg&#xD;
ui/resources/builtinicons/hotspot_view_item.svg&#xD;
ui/resources/builtinicons/plugin_add.svg&#xD;
ui/resources/builtinicons/output.svg&#xD;
ui/controls/icons/videoosicon.baml&#xD;
themes/dark/theme.baml&#xD;
ui/resources/builtinicons/zoom_out.svg&#xD;
ui/resources/builtinicons/help.svg&#xD;
ui/resources/builtinicons/text_color.svg&#xD;
ui/controls/passwordboxes/videoospasswordboxmedium.baml&#xD;
ui/resources/builtinicons/text_size.svg&#xD;
ui/resources/builtinicons/arrow_short_right.svg&#xD;
client/images/icn16x16_light_stepforward_default.png&#xD;
ui/controls/menubuttons/videoosmenubuttonsecondarysmall.baml&#xD;
ui/resources/builtinicons/checkmark.svg&#xD;
ui/resources/builtinicons/drag_handle.svg&#xD;
ui/resources/builtinicons/project_add.svg&#xD;
ui/resources/builtinicons/go_to_video_tutorials.svg&#xD;
ui/resources/builtinicons/network_drive.svg&#xD;
ui/controls/textblocks/videoostextblocklabel.baml&#xD;
ui/resources/builtinicons/view_layout_10x10.svg&#xD;
ui/controls/menubuttons/videoosmenubuttontransparentmedium.baml&#xD;
ui/resources/builtinicons/output_add.svg&#xD;
ui/resources/builtinicons/alarm.svg&#xD;
ui/controls/tables/internal/columntemplates/cellmark.baml&#xD;
ui/controls/dropdowns/videoosdropdownborderlessmedium.baml&#xD;
ui/resources/builtinicons/receipt.svg&#xD;
ui/resources/builtinicons/database_end.svg&#xD;
ui/controls/buttons/videoosbuttonaccentextrasmall.baml&#xD;
ui/resources/builtinicons/user_state_base.svg&#xD;
ui/controls/radiobuttons/videoosradiobuttonsmall.baml&#xD;
ui/resources/builtinicons/pin.svg&#xD;
ui/controls/textblocks/videoostextblockinteractivemedium.baml&#xD;
ui/resources/builtinicons/send_to_window.svg&#xD;
ui/resources/builtinicons/text_size_large.svg&#xD;
ui/controls/tabcontrols/videoostabcontrolprimaryhorizontallarge.baml&#xD;
ui/resources/builtinicons/selection_add.svg&#xD;
ui/controls/sliders/videoossliderbase.baml&#xD;
ui/resources/builtinicons/status_confirmation_check_mark.svg&#xD;
ui/resources/builtinicons/playback_speed.svg&#xD;
ui/controls/videoosbase.baml&#xD;
ui/controls/progress/videoosprogressbar.baml&#xD;
ui/resources/builtinicons/bookmark_timeline.svg&#xD;
ui/controls/textblocks/videoostextblockh1.baml&#xD;
ui/controls/popups/popovercontent.baml&#xD;
client/images/icn16x16_light_nextsequence_default.png&#xD;
ui/resources/builtinicons/arrow_short_left.svg&#xD;
ui/resources/builtinicons/microphone_muted.svg&#xD;
ui/resources/builtinicons/text_italic.svg&#xD;
ui/resources/builtinicons/chevron_double_up.svg&#xD;
ui/resources/builtinicons/hardware_acceleration_tag.svg&#xD;
ui/controls/textblocks/videoostextblockh3.baml&#xD;
ui/resources/builtinicons/smartwall_monitor.svg&#xD;
ui/controls/actionlists/videoosactionlistbase.baml&#xD;
ui/resources/builtinicons/link_add.svg&#xD;
ui/controls/textblocks/videoostextblockh2.baml&#xD;
ui/resources/builtinicons/face_recognition.svg&#xD;
ui/resources/builtinicons/chevron_double_right.svg&#xD;
ui/resources/builtinicons/door_open.svg&#xD;
ui/resources/builtinicons/location.svg&#xD;
ui/resources/builtinicons/refresh.svg&#xD;
ui/resources/builtinicons/keycard.svg&#xD;
ui/resources/builtinicons/time_selection_mode.svg&#xD;
ui/resources/builtinicons/status_information_mark_color.svg&#xD;
ui/resources/builtinicons/view_layout_12x6.svg&#xD;
ui/controls/textblocks/videoostextblocktitle.baml&#xD;
ui/resources/builtinicons/save.svg&#xD;
ui/controls/buttons/videoosbuttonprimarymedium.baml&#xD;
ui/resources/builtinicons/folder_add.svg&#xD;
ui/controls/treeview/videoostreeview.baml&#xD;
ui/resources/builtinicons/key.svg&#xD;
ui/resources/builtinicons/zoom_in_slider.svg&#xD;
ui/resources/builtinicons/selected.svg&#xD;
ui/resources/builtinicons/unit.svg&#xD;
ui/resources/builtinicons/transact_view_item.svg&#xD;
ui/resources/builtinicons/actions.svg&#xD;
ui/controls/menubuttons/videoosmenubuttontextsmall.baml&#xD;
ui/resources/builtinicons/view_layout_7x7.svg&#xD;
ui/resources/builtinicons/independent_playback.svg&#xD;
ui/resources/builtinicons/sources.svg&#xD;
ui/resources/builtinicons/object_cube.svg&#xD;
ui/resources/builtinicons/search_motion.svg&#xD;
ui/resources/builtinicons/selection_hand.svg&#xD;
ui/controls/buttons/videoosbuttonaccentmedium.baml&#xD;
ui/resources/builtinicons/microphone.svg&#xD;
ui/controls/containers/videoosscrollviewer.baml&#xD;
ui/controls/menubuttons/videoosmenubuttontransparentextrasmall.baml&#xD;
client/imageviewerwpfcontrol.baml&#xD;
ui/controls/menubuttons/videoosmenubuttontertiarymedium.baml&#xD;
ui/resources/builtinicons/chevron_down.svg&#xD;
ui/resources/builtinicons/view_layout_1x2.svg&#xD;
ui/resources/builtinicons/view_layout_1x1.svg&#xD;
ui/resources/builtinicons/view_layout_1x3.svg&#xD;
ui/resources/builtinicons/ellipsis.svg&#xD;
ui/controls/calendars/videooscalendar.baml&#xD;
ui/resources/builtinicons/fullscreen_exit.svg&#xD;
ui/resources/builtinicons/location_add.svg&#xD;
ui/resources/builtinicons/next.svg&#xD;
ui/resources/builtinicons/replay.svg&#xD;
ui/resources/builtinicons/recording_server.svg&#xD;
ui/controls/buttons/videoosbuttonsecondarymedium.baml&#xD;
ui/resources/builtinicons/music_note.svg&#xD;
ui/resources/builtinicons/selection_cursor.svg&#xD;
ui/controls/buttons/videoosbuttontertiarymedium.baml&#xD;
ui/resources/builtinicons/text_view_item.svg&#xD;
ui/resources/builtinicons/status_warning_exclamation_mark.svg&#xD;
ui/resources/builtinicons/text_align_center.svg&#xD;
ui/resources/builtinicons/link.svg&#xD;
ui/resources/builtinicons/search_sequence.svg&#xD;
ui/controls/buttons/videoosbuttontertiarylarge.baml&#xD;
ui/resources/builtinicons/set_selection_start_12px.svg&#xD;
ui/resources/builtinicons/copy.svg&#xD;
ui/controls/tables/internal/columntemplates/cellactions.baml&#xD;
themes/staticresources.baml&#xD;
ui/resources/builtinicons/search_clear_field_12px.svg&#xD;
ui/resources/builtinicons/arrow_short_up.svg&#xD;
ui/resources/builtinicons/filter_selection.svg&#xD;
ui/resources/builtinicons/adaptive_view.svg&#xD;
themes/generic.baml&#xD;
ui/resources/builtinicons/database.svg&#xD;
ui/controls/styles/videoosstylescrollbar.baml&#xD;
ui/resources/builtinicons/camera_ptz.svg&#xD;
ui/resources/builtinicons/language.svg&#xD;
ui/resources/builtinicons/playback_controller.svg&#xD;
ui/resources/builtinicons/access_control_system.svg&#xD;
ui/controls/inlinemessages/videoosinlinemessagemedium.baml&#xD;
ui/resources/builtinicons/comment_edit.svg&#xD;
ui/resources/builtinicons/home.svg&#xD;
ui/resources/builtinicons/event.svg&#xD;
ui/controls/actionlists/videoosactionlisthorizontalsmall.baml&#xD;
ui/resources/builtinicons/chevron_left_12px.svg&#xD;
ui/resources/builtinicons/suppress.svg&#xD;
ui/resources/builtinicons/screen.svg&#xD;
ui/resources/builtinicons/pause.svg&#xD;
ui/controls/checkboxes/videooscheckboxsmall.baml&#xD;
ui/controls/menubuttons/videoosmenubuttontransparentlarge.baml&#xD;
ui/resources/builtinicons/database_add.svg&#xD;
ui/resources/builtinicons/speaker_muted.svg&#xD;
ui/resources/builtinicons/alarm_tooltip_map.svg&#xD;
ui/resources/builtinicons/status_confirmation_check_mark_color.svg&#xD;
ui/controls/buttons/videoosbuttontertiarysmall.baml&#xD;
ui/controls/menubuttons/videoosmenubuttonaccentmedium.baml&#xD;
ui/resources/builtinicons/view_in_bookmarks_tab.svg&#xD;
ui/resources/builtinicons/camera_marquee.svg&#xD;
ui/resources/builtinicons/camera.svg&#xD;
ui/resources/builtinicons/status_triangle_warning.svg&#xD;
ui/resources/builtinicons/star.svg&#xD;
ui/resources/builtinicons/questionmark.svg&#xD;
ui/controls/tabcontrols/internal/primary/headercontrol.baml&#xD;
ui/controls/textboxes/videoostextboxlarge.baml&#xD;
ui/resources/builtinicons/text_size_small.svg&#xD;
ui/resources/builtinicons/matrix_view_item.svg&#xD;
ui/controls/actionlists/videoosactionlisthorizontalextrasmall.baml&#xD;
ui/resources/builtinicons/building.svg&#xD;
ui/resources/builtinicons/arrow_short_down.svg&#xD;
ui/controls/messageboxes/contenttemplates.baml&#xD;
ui/controls/badges/videoosbadgeextrasmall.baml&#xD;
ui/resources/builtinicons/view_layout_transact2.svg&#xD;
ui/controls/textboxes/videoostextboxmedium.baml&#xD;
ui/resources/builtinicons/status_warning_exclamation_mark_color.svg&#xD;
ui/resources/builtinicons/alarm_related_tooltip_map.svg&#xD;
ui/resources/builtinicons/map_settings.svg&#xD;
ui/controls/textblocks/videoostextblockbase.baml&#xD;
ui/resources/builtinicons/drag_out.svg&#xD;
ui/controls/passwordboxes/videoospasswordboxsmall.baml&#xD;
ui/resources/builtinicons/go_to_selection_end_from_left_12px.svg&#xD;
ui/resources/builtinicons/device.svg&#xD;
ui/controls/buttons/videoosbuttontextmedium.baml&#xD;
ui/resources/builtinicons/video_lock.svg&#xD;
ui/resources/builtinicons/bookmark_delete.svg&#xD;
ui/resources/builtinicons/chevron_double_down_base.svg&#xD;
ui/resources/builtinicons/mask_hide.svg&#xD;
ui/resources/builtinicons/status_information_mark.svg&#xD;
ui/resources/builtinicons/carousel_view_item.svg&#xD;
ui/controls/containers/videoospanel.baml&#xD;
ui/controls/buttons/videoosbuttonaccentsmall.baml&#xD;
client/images/icn16x16_light_firstsequence_default.png&#xD;
ui/resources/builtinicons/sequence_next.svg&#xD;
ui/resources/builtinicons/speaker_active.svg&#xD;
ui/resources/builtinicons/project.svg&#xD;
ui/resources/builtinicons/view_layout_2_8.svg&#xD;
ui/controls/dropdowns/videoosdropdownsmall.baml&#xD;
ui/resources/builtinicons/view_layout_2_4.svg&#xD;
ui/controls/actionlists/internal/actionspresenter.baml&#xD;
ui/resources/builtinicons/view_layout_5x5.svg&#xD;
client/playbackwpfusercontrolmini.baml&#xD;
ui/resources/builtinicons/zoom_in.svg&#xD;
ui/controls/menubuttons/videoosmenubuttontertiarysmall.baml&#xD;
ui/resources/builtinicons/text_size_medium.svg&#xD;
ui/controls/dialogs/dialogactiontemplates.baml&#xD;
ui/controls/menubuttons/videoosmenubuttonprimarylarge.baml&#xD;
ui/resources/builtinicons/previous.svg&#xD;
ui/resources/builtinicons/map_view_item.svg&#xD;
ui/controls/progress/videoosprogressspinner.baml&#xD;
ui/resources/builtinicons/chevron_left.svg&#xD;
ui/resources/builtinicons/edit.svg&#xD;
ui/resources/builtinicons/zone.svg&#xD;
ui/resources/builtinicons/image_snapshot.svg&#xD;
ui/resources/builtinicons/caps_lock.svg&#xD;
ui/controls/menubuttons/videoosmenubuttonprimarymedium.baml&#xD;
ui/resources/builtinicons/sync_to_playback.svg&#xD;
ui/controls/contextmenus/videooscontextmenubase.baml&#xD;
ui/resources/builtinicons/sequence_previous.svg&#xD;
ui/resources/builtinicons/rename.svg&#xD;
ui/resources/builtinicons/view_layout_4x4.svg&#xD;
ui/resources/builtinicons/view_layout_4x1.svg&#xD;
ui/resources/builtinicons/view_layout_4x6.svg&#xD;
ui/resources/builtinicons/view_layout_4x3.svg&#xD;
ui/resources/builtinicons/controller_device.svg&#xD;
client/propertiesusercontrolwpfwrapper.baml&#xD;
ui/resources/builtinicons/text_underline.svg&#xD;
ui/resources/builtinicons/server_add.svg&#xD;
ui/resources/builtinicons/delete.svg&#xD;
ui/controls/togglebuttons/videoostogglebuttoniconmedium.baml&#xD;
ui/controls/tables/internal/columntemplates/headermark.baml&#xD;
ui/controls/buttons/videoosbuttontransparentextrasmall.baml&#xD;
ui/resources/builtinicons/camera_wall_mounted.svg&#xD;
ui/controls/buttons/videoosbuttonhyperlinkmedium.baml&#xD;
ui/resources/builtinicons/ellipsis_large.svg&#xD;
ui/resources/builtinicons/mobile_previous_frame.svg&#xD;
ui/resources/builtinicons/go_to_selection_end_from_right_12px.svg&#xD;
ui/controls/togglebuttons/videoostogglebuttoniconextrasmall.baml&#xD;
ui/controls/menubuttons/videoosmenubuttonsecondarymedium.baml&#xD;
client/images/icn16x16_light_playpausebackward_default.png&#xD;
ui/resources/builtinicons/sequence_first.svg&#xD;
ui/controls/actionlists/internal/actionactivatecontrolholder.baml&#xD;
ui/controls/tables/internal/columntemplates/celltemplate.baml&#xD;
client/images/icn16x16_light_previoussequence_default.png&#xD;
ui/resources/builtinicons/play_backward.svg&#xD;
ui/resources/builtinicons/microphone_unmuted.svg&#xD;
ui/controls/buttons/videoosbuttonaccentlarge.baml&#xD;
ui/controls/buttons/videoosbuttonsecondarylarge.baml&#xD;
ui/resources/builtinicons/input_add.svg&#xD;
ui/resources/builtinicons/close.svg&#xD;
ui/controls/passwordboxes/videoospasswordboxlarge.baml&#xD;
ui/controls/radiobuttons/videoosradiobuttonmedium.baml&#xD;
ui/resources/builtinicons/workspace.svg&#xD;
ui/resources/builtinicons/selection_bookmark_start.svg&#xD;
client/images/icn16x16_light_pause_default.png&#xD;
ui/resources/builtinicons/view_layout_8x8.svg&#xD;
ui/resources/builtinicons/view_layout_1_1_2.svg&#xD;
ui/resources/builtinicons/matchlist_remove.svg&#xD;
ui/resources/builtinicons/view_layout_1_1_4.svg&#xD;
ui/resources/builtinicons/view_layout_1_1_6.svg&#xD;
ui/controls/menubuttons/videoosmenubuttonaccentextrasmall.baml&#xD;
ui/resources/builtinicons/view.svg&#xD;
ui/resources/builtinicons/door_closed.svg&#xD;
ui/controls/tables/videoostable.baml&#xD;
ui/resources/builtinicons/fullscreen_enter.svg&#xD;
ui/resources/builtinicons/text_align_right.svg&#xD;
ui/controls/textboxes/videoostextboxbase.baml&#xD;
ui/resources/builtinicons/music_note_muted.svg&#xD;
ui/resources/builtinicons/keypad.svg&#xD;
ui/controls/buttons/videoosbuttontextsmall.baml&#xD;
ui/resources/builtinicons/view_layout_1_7.svg&#xD;
ui/resources/builtinicons/view_layout_1_8.svg&#xD;
ui/resources/builtinicons/view_layout_1_5.svg&#xD;
ui/resources/builtinicons/text_size_larger.svg&#xD;
ui/resources/builtinicons/view_layout_1_3.svg&#xD;
ui/resources/builtinicons/view_layout_1_1.svg&#xD;
ui/resources/builtinicons/view_layout_1_2.svg&#xD;
ui/resources/builtinicons/level_up.svg&#xD;
ui/resources/builtinicons/search_location.svg&#xD;
ui/resources/builtinicons/system_overview.svg&#xD;
ui/controls/styles/videoosstylefocusvisualstyle.baml&#xD;
ui/resources/builtinicons/status_disconnected.svg&#xD;
ui/controls/dialogs/videoosdialog.baml&#xD;
client/images/icn16x16_light_play_default.png&#xD;
ui/resources/builtinicons/notification.svg&#xD;
ui/resources/builtinicons/server.svg&#xD;
ui/resources/builtinicons/input_device.svg&#xD;
ui/resources/builtinicons/status_error_exclamation_mark.svg&#xD;
ui/controls/dropdowns/videoosdropdownlarge.baml&#xD;
ui/controls/togglebuttons/videoostogglebuttonswitchmedium.baml&#xD;
ui/resources/builtinicons/view_layout_2x4_p.svg&#xD;
ui/resources/builtinicons/view_layout.svg&#xD;
ui/resources/builtinicons/selection_remove.svg&#xD;
ui/controls/contextmenus/videooscontextmenusmall.baml&#xD;
ui/resources/builtinicons/open_in_search.svg&#xD;
ui/resources/builtinicons/theme.svg&#xD;
ui/resources/builtinicons/frame_next.svg&#xD;
ui/controls/buttons/videoosbuttontransparentsmall.baml&#xD;
ui/resources/builtinicons/note.svg&#xD;
ui/resources/builtinicons/status_round_disc.svg&#xD;
ui/resources/builtinicons/folder.svg&#xD;
ui/controls/togglebuttons/videoostogglebuttonswitchsmall.baml&#xD;
ui/resources/builtinicons/state_indicator.svg&#xD;
ui/resources/builtinicons/state_indicator_top_right.svg&#xD;
ui/controls/inputcontrols/videoosinputcontrolmedium.baml&#xD;
ui/controls/tables/internal/columntemplates/cellicon.baml&#xD;
ui/resources/builtinicons/folder_private.svg&#xD;
ui/resources/builtinicons/share.svg&#xD;
ui/resources/builtinicons/server_jobs.svg&#xD;
ui/resources/builtinicons/sequence_last.svg&#xD;
ui/resources/builtinicons/bookmark_edit.svg&#xD;
ui/controls/actionlists/internal/actionseparatorcontrolholder.baml&#xD;
ui/resources/builtinicons/server_site.svg&#xD;
ui/resources/builtinicons/selection_bookmark_end.svg&#xD;
ui/resources/builtinicons/arrow_left.svg&#xD;
ui/resources/builtinicons/calendar.svg&#xD;
ui/resources/builtinicons/camera_add.svg&#xD;
ui/resources/builtinicons/clock.svg&#xD;
ui/resources/builtinicons/alarm_list_view_item.svg&#xD;
ui/resources/builtinicons/chevron_right_12px.svg&#xD;
ui/resources/builtinicons/smartwall_view_item.svg&#xD;
ui/controls/messagebars/videoosmessagebarlarge.baml&#xD;
client/playbackwpfusercontrol.baml&#xD;
ui/resources/builtinicons/unpin.svg&#xD;
ui/resources/builtinicons/time_date_select.svg&#xD;
ui/resources/builtinicons/chevron_double_down.svg&#xD;
ui/resources/builtinicons/lpr_view_item.svg&#xD;
ui/resources/builtinicons/text_size_smaller.svg&#xD;
ui/controls/sliders/videoossliderhorizontal.baml&#xD;
ui/resources/builtinicons/go_to_end.svg&#xD;
ui/controls/menubuttons/videoosmenubuttonsecondarylarge.baml&#xD;
ui/resources/builtinicons/alarm_definition.svg&#xD;
ui/resources/builtinicons/search_clear_field.svg&#xD;
ui/resources/builtinicons/image_copy.svg&#xD;
ui/controls/dropdowns/videoosdropdownmedium.baml&#xD;
ui/resources/builtinicons/print.svg&#xD;
ui/resources/builtinicons/create_floating_window.svg&#xD;
ui/resources/builtinicons/pdf_create.svg&#xD;
ui/resources/builtinicons/view_layout_2x3.svg&#xD;
ui/controls/checkboxes/videooscheckboxlarge.baml&#xD;
ui/resources/builtinicons/view_layout_2x2.svg&#xD;
ui/resources/builtinicons/zones.svg&#xD;
ui/controls/inlinemessages/videoosinlinemessagebase.baml&#xD;
ui/resources/builtinicons/logout.svg&#xD;
ui/resources/builtinicons/role.svg&#xD;
ui/resources/builtinicons/metadata.svg&#xD;
ui/resources/builtinicons/color_fill.svg&#xD;
ui/resources/builtinicons/status_error_exclamation_mark_color.svg&#xD;
ui/resources/builtinicons/selection_bookmark_end_12px.svg&#xD;
ui/controls/textblocks/videoostextblockbodysmall.baml&#xD;
client/images/icn16x16_light_playpause_default.png&#xD;
ui/controls/menubuttons/videoosmenubuttontertiarylarge.baml&#xD;
ui/resources/builtinicons/search_people.svg&#xD;
ui/resources/builtinicons/chevron_up_12px.svg&#xD;
ui/resources/builtinicons/text_align_left.svg&#xD;
ui/controls/menubuttons/videoosmenubuttonaccentsmall.baml&#xD;
ui/resources/builtinicons/lock_overlay.svg&#xD;
client/dummyimageviewerwpfcontrolinternal.baml&#xD;
ui/resources/builtinicons/save_as.svg&#xD;
ui/resources/builtinicons/building_add.svg&#xD;
ui/resources/builtinicons/minus.svg&#xD;
ui/resources/builtinicons/user.svg&#xD;
ui/controls/messagebars/videoosmessagebarmedium.baml&#xD;
themes/light/theme.baml&#xD;
ui/resources/builtinicons/globe.svg&#xD;
ui/resources/builtinicons/alarm_disabled.svg&#xD;
ui/resources/builtinicons/export.svg&#xD;
ui/resources/builtinicons/camera_multiple.svg&#xD;
ui/resources/builtinicons/view_layout_1_1x.svg&#xD;
ui/resources/builtinicons/folder_read_only.svg&#xD;
ui/resources/builtinicons/view_layout_1_2x.svg&#xD;
ui/resources/builtinicons/minimize.svg&#xD;
ui/controls/styles/videoosstyletooltip.baml&#xD;
ui/resources/builtinicons/view_layout_1_2p.svg&#xD;
ui/controls/messagebars/videoosmessagebarsmall.baml&#xD;
ui/resources/builtinicons/search_vehicle.svg</StdOut>
      </Output>
    </UnitTestResult>
    <UnitTestResult executionId="13b861c0-0f8c-44f8-9cf6-73885ab8b4f7" testId="b41e6145-298a-b0e7-b1a2-57aee45877f3" testName="WriteXml_ShouldOmitFrameElement_WhenThereIsNoFramePresent" computerName="DKSR-EFI-04" duration="00:00:00.0005324" startTime="2023-12-22T09:36:31.7326363+01:00" endTime="2023-12-22T09:36:31.7333652+01:00" testType="13cdc9d9-ddb5-4fa4-a97d-d965ccfc6d4b" outcome="Passed" testListId="8c84fa94-04c1-424b-9868-57a2d4851a1d" relativeResultsDirectory="13b861c0-0f8c-44f8-9cf6-73885ab8b4f7" />
    <UnitTestResult executionId="341de6a4-6cb1-4998-80d7-2d1a45074918" testId="080800ed-e6da-eef9-42ef-0179d68c4004" testName="SearchResultData_SameTitle_Success" computerName="DKSR-EFI-04" duration="00:00:00.0001803" startTime="2023-12-22T09:36:29.1601844+01:00" endTime="2023-12-22T09:36:29.1605821+01:00" testType="13cdc9d9-ddb5-4fa4-a97d-d965ccfc6d4b" outcome="Passed" testListId="8c84fa94-04c1-424b-9868-57a2d4851a1d" relativeResultsDirectory="341de6a4-6cb1-4998-80d7-2d1a45074918" />
    <UnitTestResult executionId="755a2cfe-e499-4b70-bbca-44656183fc83" testId="a53b6d0c-a89a-620c-77ca-f9530854f6a0" testName="ReadXml_ShouldLogWarning_WhenRequiredAttributeIsMissing" computerName="DKSR-EFI-04" duration="00:00:00.0009808" startTime="2023-12-22T09:36:31.0996977+01:00" endTime="2023-12-22T09:36:31.1009714+01:00" testType="13cdc9d9-ddb5-4fa4-a97d-d965ccfc6d4b" outcome="Passed" testListId="8c84fa94-04c1-424b-9868-57a2d4851a1d" relativeResultsDirectory="755a2cfe-e499-4b70-bbca-44656183fc83" />
    <UnitTestResult executionId="0fbe28c0-01d8-42c3-a8e2-bc6f06ad828b" testId="24a8c25f-b1c2-eba6-82b4-72c1adc9ee27" testName="BuildOverlayWidthHeightAlarm_ShouldReturnCorrectSizedBitmap_WhenArgumentContainsNoObjectAndRule" computerName="DKSR-EFI-04" duration="00:00:00.0012820" startTime="2023-12-22T09:36:05.0494482+01:00" endTime="2023-12-22T09:36:05.0509425+01:00" testType="13cdc9d9-ddb5-4fa4-a97d-d965ccfc6d4b" outcome="Passed" testListId="8c84fa94-04c1-424b-9868-57a2d4851a1d" relativeResultsDirectory="0fbe28c0-01d8-42c3-a8e2-bc6f06ad828b" />
    <UnitTestResult executionId="65de1d18-37fd-4836-9eab-ca1b60dbc374" testId="82a5b9a3-0552-89d0-c528-c8a8c76f5d9f" testName="IsEmptyValue_SelectionFilterValue_NoSelections_ReturnsTrue" computerName="DKSR-EFI-04" duration="00:00:00.0007943" startTime="2023-12-22T09:36:28.8142462+01:00" endTime="2023-12-22T09:36:28.8152217+01:00" testType="13cdc9d9-ddb5-4fa4-a97d-d965ccfc6d4b" outcome="Passed" testListId="8c84fa94-04c1-424b-9868-57a2d4851a1d" relativeResultsDirectory="65de1d18-37fd-4836-9eab-ca1b60dbc374" />
    <UnitTestResult executionId="41631a73-78c3-4410-97d7-e7dbee0356bd" testId="8f08ea31-2511-c2ee-1c5b-8c8ed224c8f7" testName="ReadXml_ShouldLogWarningOnlyOnceWithinOneMinute_WhenIncompleteTranslateIsPresent" computerName="DKSR-EFI-04" duration="00:00:00.0018820" startTime="2023-12-22T09:36:31.6418773+01:00" endTime="2023-12-22T09:36:31.6439801+01:00" testType="13cdc9d9-ddb5-4fa4-a97d-d965ccfc6d4b" outcome="Passed" testListId="8c84fa94-04c1-424b-9868-57a2d4851a1d" relativeResultsDirectory="41631a73-78c3-4410-97d7-e7dbee0356bd" />
    <UnitTestResult executionId="996cce0a-049c-4c44-b957-443f441983fb" testId="d662e348-a1af-bb08-7043-ef8f0887058c" testName="SearchResultData_BeginTimeWithPaddingMinValue_ShouldReturnBeginTime" computerName="DKSR-EFI-04" duration="00:00:00.0002013" startTime="2023-12-22T09:36:29.1713344+01:00" endTime="2023-12-22T09:36:29.1717214+01:00" testType="13cdc9d9-ddb5-4fa4-a97d-d965ccfc6d4b" outcome="Passed" testListId="8c84fa94-04c1-424b-9868-57a2d4851a1d" relativeResultsDirectory="996cce0a-049c-4c44-b957-443f441983fb" />
    <UnitTestResult executionId="22022710-d4a5-472b-b71f-eb543c150e10" testId="737a55e3-02b4-11ec-a502-8f24217ffca3" testName="Encrypt_ShouldReturnValueDifferentThanInput" computerName="DKSR-EFI-04" duration="00:00:00.0275310" startTime="2023-12-22T09:36:32.3329481+01:00" endTime="2023-12-22T09:36:32.3607163+01:00" testType="13cdc9d9-ddb5-4fa4-a97d-d965ccfc6d4b" outcome="Passed" testListId="8c84fa94-04c1-424b-9868-57a2d4851a1d" relativeResultsDirectory="22022710-d4a5-472b-b71f-eb543c150e10" />
    <UnitTestResult executionId="b53e810b-4e44-4bd9-a586-d4b9f0273a0a" testId="0bfd2093-cd64-a47e-137d-af6fe3953323" testName="WriteXml_ShouldWriteFrameContents_WhenAFrameIsWritten" computerName="DKSR-EFI-04" duration="00:00:00.0009849" startTime="2023-12-22T09:36:31.7379443+01:00" endTime="2023-12-22T09:36:31.7391054+01:00" testType="13cdc9d9-ddb5-4fa4-a97d-d965ccfc6d4b" outcome="Passed" testListId="8c84fa94-04c1-424b-9868-57a2d4851a1d" relativeResultsDirectory="b53e810b-4e44-4bd9-a586-d4b9f0273a0a" />
    <UnitTestResult executionId="e461027b-0f0b-4ee5-9baf-0fc64d06d8b3" testId="ee790526-59c0-ec03-5ce2-11fd14081a1a" testName="Serialize_TestCases (TestParentTypeMatchDecimalThisTypeMatched)" computerName="DKSR-EFI-04" duration="00:00:00.0005384" startTime="2023-12-22T09:36:28.3184433+01:00" endTime="2023-12-22T09:36:28.3193240+01:00" testType="13cdc9d9-ddb5-4fa4-a97d-d965ccfc6d4b" outcome="Passed" testListId="8c84fa94-04c1-424b-9868-57a2d4851a1d" relativeResultsDirectory="e461027b-0f0b-4ee5-9baf-0fc64d06d8b3" />
    <UnitTestResult executionId="6495f590-b83e-4e58-a427-3e3620e67585" testId="134110e6-fb08-89b6-f21b-257fe054fa49" testName="GetNext_ShouldReturnNull_WhenCallToFindCacheEntryBeforeReturnedNull" computerName="DKSR-EFI-04" duration="00:00:00.0003798" startTime="2023-12-22T09:36:32.6580524+01:00" endTime="2023-12-22T09:36:32.6586078+01:00" testType="13cdc9d9-ddb5-4fa4-a97d-d965ccfc6d4b" outcome="Passed" testListId="8c84fa94-04c1-424b-9868-57a2d4851a1d" relativeResultsDirectory="6495f590-b83e-4e58-a427-3e3620e67585" />
    <UnitTestResult executionId="22a5b4c6-ac5f-43de-93dc-c8cd30a34341" testId="9fe19c9a-7103-2abd-228a-09e45881c4bc" testName="GetMetadataObjectsAsync_ClearCachedData_DelegatedToInternalMethodTwice" computerName="DKSR-EFI-04" duration="00:00:00.0007892" startTime="2023-12-22T09:36:29.1569529+01:00" endTime="2023-12-22T09:36:29.1579756+01:00" testType="13cdc9d9-ddb5-4fa4-a97d-d965ccfc6d4b" outcome="Passed" testListId="8c84fa94-04c1-424b-9868-57a2d4851a1d" relativeResultsDirectory="22a5b4c6-ac5f-43de-93dc-c8cd30a34341" />
    <UnitTestResult executionId="f7e85d82-0b8e-4a50-aeef-72225bcb4077" testId="1fc86256-4383-79f5-2623-3a4a27ec4fd7" testName="FlushAll_ShouldClearCache" computerName="DKSR-EFI-04" duration="00:00:00.0007917" startTime="2023-12-22T09:36:05.2426185+01:00" endTime="2023-12-22T09:36:05.2435251+01:00" testType="13cdc9d9-ddb5-4fa4-a97d-d965ccfc6d4b" outcome="Passed" testListId="8c84fa94-04c1-424b-9868-57a2d4851a1d" relativeResultsDirectory="f7e85d82-0b8e-4a50-aeef-72225bcb4077" />
    <UnitTestResult executionId="2c21013f-c091-410f-aad6-c53052595170" testId="054d841b-8cd4-42a2-f59c-fc413fd8883f" testName="ReadXml_ShouldIgnoreChildren_WhenAlways" computerName="DKSR-EFI-04" duration="00:00:00.0008994" startTime="2023-12-22T09:36:31.4630490+01:00" endTime="2023-12-22T09:36:31.4641849+01:00" testType="13cdc9d9-ddb5-4fa4-a97d-d965ccfc6d4b" outcome="Passed" testListId="8c84fa94-04c1-424b-9868-57a2d4851a1d" relativeResultsDirectory="2c21013f-c091-410f-aad6-c53052595170" />
    <UnitTestResult executionId="eb4fb1bb-2621-4b72-818d-4f4c2e15bc78" testId="b3801728-52f7-7053-510c-0b3ffd814256" testName="CreateSearchFilterEditControl_NullConfiguration_ReturnsNull" computerName="DKSR-EFI-04" duration="00:00:00.0020435" startTime="2023-12-22T09:36:29.3710550+01:00" endTime="2023-12-22T09:36:29.3757453+01:00" testType="13cdc9d9-ddb5-4fa4-a97d-d965ccfc6d4b" outcome="Passed" testListId="8c84fa94-04c1-424b-9868-57a2d4851a1d" relativeResultsDirectory="eb4fb1bb-2621-4b72-818d-4f4c2e15bc78" />
    <UnitTestResult executionId="c9ce1be6-93ca-4c45-8eb9-0494870a0b6f" testId="f9dae8a6-1410-fa92-4089-639221dba286" testName="MatchId_Fail_MessageWithAsteriskAtBegin" computerName="DKSR-EFI-04" duration="00:00:00.0001746" startTime="2023-12-22T09:36:31.7505719+01:00" endTime="2023-12-22T09:36:31.7509369+01:00" testType="13cdc9d9-ddb5-4fa4-a97d-d965ccfc6d4b" outcome="Passed" testListId="8c84fa94-04c1-424b-9868-57a2d4851a1d" relativeResultsDirectory="c9ce1be6-93ca-4c45-8eb9-0494870a0b6f" />
    <UnitTestResult executionId="201a039e-4eca-443c-b357-b5110f0818b1" testId="3c09d4cb-f13e-d121-455f-42d4e3bd3224" testName="WriteXml_ShouldWriteIsIdleElement_WhenIsIdleIsTrue" computerName="DKSR-EFI-04" duration="00:00:00.0013825" startTime="2023-12-22T09:36:30.9211342+01:00" endTime="2023-12-22T09:36:30.9227098+01:00" testType="13cdc9d9-ddb5-4fa4-a97d-d965ccfc6d4b" outcome="Passed" testListId="8c84fa94-04c1-424b-9868-57a2d4851a1d" relativeResultsDirectory="201a039e-4eca-443c-b357-b5110f0818b1" />
    <UnitTestResult executionId="f8f5a440-1402-47bf-8519-1f2f0813f29b" testId="94e5854b-a7a8-bf50-1837-dc2fec1a5970" testName="ToJson_IntElement" computerName="DKSR-EFI-04" duration="00:00:00.0001851" startTime="2023-12-22T09:36:30.4915672+01:00" endTime="2023-12-22T09:36:30.4919555+01:00" testType="13cdc9d9-ddb5-4fa4-a97d-d965ccfc6d4b" outcome="Passed" testListId="8c84fa94-04c1-424b-9868-57a2d4851a1d" relativeResultsDirectory="f8f5a440-1402-47bf-8519-1f2f0813f29b" />
    <UnitTestResult executionId="6a6a04d1-61b6-441e-86d6-96f647de7193" testId="1482937b-f549-7dda-39ff-c1d0353b5bf2" testName="MD5Hex32_ShouldThrowArgumentNullException_WhenInputIsNull" computerName="DKSR-EFI-04" duration="00:00:00.0009650" startTime="2023-12-22T09:36:32.9712377+01:00" endTime="2023-12-22T09:36:32.9724299+01:00" testType="13cdc9d9-ddb5-4fa4-a97d-d965ccfc6d4b" outcome="Passed" testListId="8c84fa94-04c1-424b-9868-57a2d4851a1d" relativeResultsDirectory="6a6a04d1-61b6-441e-86d6-96f647de7193" />
    <UnitTestResult executionId="ed6c105c-e6e6-42e0-877a-998fc695f2b7" testId="eb183710-44b3-ddea-c66c-e6cc35890656" testName="Append_PropertyKey_String_Parted" computerName="DKSR-EFI-04" duration="00:00:00.0009061" startTime="2023-12-22T09:36:30.3588421+01:00" endTime="2023-12-22T09:36:30.3599498+01:00" testType="13cdc9d9-ddb5-4fa4-a97d-d965ccfc6d4b" outcome="Passed" testListId="8c84fa94-04c1-424b-9868-57a2d4851a1d" relativeResultsDirectory="ed6c105c-e6e6-42e0-877a-998fc695f2b7" />
    <UnitTestResult executionId="54b50136-e875-4e06-a0d5-0b579def3d5d" testId="b11280c6-b927-424b-97d9-4a8daa017667" testName="ReadXml_ShouldReadLatitude_WhenLatitudeIsPresent" computerName="DKSR-EFI-04" duration="00:00:00.0008339" startTime="2023-12-22T09:36:31.3440507+01:00" endTime="2023-12-22T09:36:31.3450929+01:00" testType="13cdc9d9-ddb5-4fa4-a97d-d965ccfc6d4b" outcome="Passed" testListId="8c84fa94-04c1-424b-9868-57a2d4851a1d" relativeResultsDirectory="54b50136-e875-4e06-a0d5-0b579def3d5d" />
    <UnitTestResult executionId="f96bf201-27f4-447e-9ea9-118d985c4cef" testId="372ecc8a-19e9-247e-0d4c-31a691ba7b09" testName="ReadXml_ShouldReadUtcTimeAttribute_WhenPresent" computerName="DKSR-EFI-04" duration="00:00:00.0023732" startTime="2023-12-22T09:36:31.0933174+01:00" endTime="2023-12-22T09:36:31.0959280+01:00" testType="13cdc9d9-ddb5-4fa4-a97d-d965ccfc6d4b" outcome="Passed" testListId="8c84fa94-04c1-424b-9868-57a2d4851a1d" relativeResultsDirectory="f96bf201-27f4-447e-9ea9-118d985c4cef" />
    <UnitTestResult executionId="91f586a7-0aa7-4be3-b9bb-ca3c31449832" testId="c0fdb5a9-d6d3-7bbe-3d81-a946d84b5551" testName="ReadXml_ShouldReadTranslateContents_WhenTranslateIsPresent" computerName="DKSR-EFI-04" duration="00:00:00.0012010" startTime="2023-12-22T09:36:31.6315006+01:00" endTime="2023-12-22T09:36:31.6329095+01:00" testType="13cdc9d9-ddb5-4fa4-a97d-d965ccfc6d4b" outcome="Passed" testListId="8c84fa94-04c1-424b-9868-57a2d4851a1d" relativeResultsDirectory="91f586a7-0aa7-4be3-b9bb-ca3c31449832" />
    <UnitTestResult executionId="7a08ea07-2c70-43a9-882d-2d0433a81124" testId="7b2725af-6cca-aaf7-125b-307ed988b6a3" testName="BuildShapeOverlayWidthHeightBaseEvent_ShouldReturnCorrectNumberOfShapes_WhenArgumentIsAnalyticsEvent" computerName="DKSR-EFI-04" duration="00:00:00.1347402" startTime="2023-12-22T09:36:04.6261895+01:00" endTime="2023-12-22T09:36:04.9049411+01:00" testType="13cdc9d9-ddb5-4fa4-a97d-d965ccfc6d4b" outcome="Passed" testListId="8c84fa94-04c1-424b-9868-57a2d4851a1d" relativeResultsDirectory="7a08ea07-2c70-43a9-882d-2d0433a81124" />
    <UnitTestResult executionId="4b071f1a-3c05-4ab3-b3da-7d493f9c6669" testId="9e5ec3f3-397a-9268-e64a-1a2655cbcab4" testName="Apply_ShouldDoNothing_WhenArgumentIsNull" computerName="DKSR-EFI-04" duration="00:00:00.0029697" startTime="2023-12-22T09:36:31.0503765+01:00" endTime="2023-12-22T09:36:31.0535454+01:00" testType="13cdc9d9-ddb5-4fa4-a97d-d965ccfc6d4b" outcome="Passed" testListId="8c84fa94-04c1-424b-9868-57a2d4851a1d" relativeResultsDirectory="4b071f1a-3c05-4ab3-b3da-7d493f9c6669" />
    <UnitTestResult executionId="5fb54f21-d8e9-4bf2-8850-51e0f19f1d85" testId="eefcc86b-2e92-5256-d34c-9049a6da9154" testName="ReadXml_ShouldNotSetIsRemoved_WhenRemovedElementIsPresentWithWrongNamespace" computerName="DKSR-EFI-04" duration="00:00:00.0026297" startTime="2023-12-22T09:36:30.9148847+01:00" endTime="2023-12-22T09:36:30.9177137+01:00" testType="13cdc9d9-ddb5-4fa4-a97d-d965ccfc6d4b" outcome="Passed" testListId="8c84fa94-04c1-424b-9868-57a2d4851a1d" relativeResultsDirectory="5fb54f21-d8e9-4bf2-8850-51e0f19f1d85" />
    <UnitTestResult executionId="7c10aefb-b94d-4c31-b240-637b66e794bc" testId="e5961fd2-e26a-dc01-53b6-9e6df31d3e56" testName="WriteMetadataXmlWithStrings_ShouldWriteDocumentHeading_WhenDataIsPresent" computerName="DKSR-EFI-04" duration="00:00:00.0002156" startTime="2023-12-22T09:36:31.2528234+01:00" endTime="2023-12-22T09:36:31.2532414+01:00" testType="13cdc9d9-ddb5-4fa4-a97d-d965ccfc6d4b" outcome="Passed" testListId="8c84fa94-04c1-424b-9868-57a2d4851a1d" relativeResultsDirectory="7c10aefb-b94d-4c31-b240-637b66e794bc" />
    <UnitTestResult executionId="ebf659b3-34bb-4050-bacc-f54c63c6c251" testId="e99720dc-b5ca-82eb-619d-d041c4804cad" testName="ReadXml_ShouldIgnoreUnknownChildren_WhenUnknownChildrenArePresent" computerName="DKSR-EFI-04" duration="00:00:00.0009870" startTime="2023-12-22T09:36:31.4128270+01:00" endTime="2023-12-22T09:36:31.4140546+01:00" testType="13cdc9d9-ddb5-4fa4-a97d-d965ccfc6d4b" outcome="Passed" testListId="8c84fa94-04c1-424b-9868-57a2d4851a1d" relativeResultsDirectory="ebf659b3-34bb-4050-bacc-f54c63c6c251" />
    <UnitTestResult executionId="09435baa-9c4b-4171-ac41-eaa8cb814799" testId="fcd4df18-362b-5413-023a-c55cb23032da" testName="Serialize_ShouldHandleCollectionFilter_WhenMatchingCollectionItemsTypeAndItMatchesOnlySubset" computerName="DKSR-EFI-04" duration="00:00:00.0005029" startTime="2023-12-22T09:36:28.4941444+01:00" endTime="2023-12-22T09:36:28.4948396+01:00" testType="13cdc9d9-ddb5-4fa4-a97d-d965ccfc6d4b" outcome="Passed" testListId="8c84fa94-04c1-424b-9868-57a2d4851a1d" relativeResultsDirectory="09435baa-9c4b-4171-ac41-eaa8cb814799" />
    <UnitTestResult executionId="dedd2acc-2165-4e2e-bd22-54e60ac57187" testId="61e3c009-6d40-f26a-bfa1-a7b30d7f5bbd" testName="CreateSearchFilterEditControl_MissingPlugin_ReturnsNull" computerName="DKSR-EFI-04" duration="00:00:00.0010021" startTime="2023-12-22T09:36:29.3812782+01:00" endTime="2023-12-22T09:36:29.3926960+01:00" testType="13cdc9d9-ddb5-4fa4-a97d-d965ccfc6d4b" outcome="Passed" testListId="8c84fa94-04c1-424b-9868-57a2d4851a1d" relativeResultsDirectory="dedd2acc-2165-4e2e-bd22-54e60ac57187" />
    <UnitTestResult executionId="fcf8b5ab-b89a-407a-a623-3c1c7b76dec8" testId="13808eac-f72b-2563-39d5-58056dcce54a" testName="Clear_KeysPresent_ClearsCacheAndGetReturnsNull" computerName="DKSR-EFI-04" duration="00:00:00.0026413" startTime="2023-12-22T09:36:16.0385010+01:00" endTime="2023-12-22T09:36:16.0413346+01:00" testType="13cdc9d9-ddb5-4fa4-a97d-d965ccfc6d4b" outcome="Passed" testListId="8c84fa94-04c1-424b-9868-57a2d4851a1d" relativeResultsDirectory="fcf8b5ab-b89a-407a-a623-3c1c7b76dec8" />
    <UnitTestResult executionId="f3b43f6c-fca3-4edc-9f8e-8c3ee1d88293" testId="465a4fec-092f-f97b-aa21-b583e1fb2d95" testName="Serialize_TestCases (Verify root Collection (not empty) property get property value)" computerName="DKSR-EFI-04" duration="00:00:00.0007827" startTime="2023-12-22T09:36:28.2652057+01:00" endTime="2023-12-22T09:36:28.2663227+01:00" testType="13cdc9d9-ddb5-4fa4-a97d-d965ccfc6d4b" outcome="Passed" testListId="8c84fa94-04c1-424b-9868-57a2d4851a1d" relativeResultsDirectory="f3b43f6c-fca3-4edc-9f8e-8c3ee1d88293" />
    <UnitTestResult executionId="4d83003c-ed3f-439d-9f81-d57cd84e61aa" testId="b10c5cfd-13d5-732d-40b9-1c8a8f0d6512" testName="ReadXml_ShouldSetAllPropertiesToFalse_WhenElementIsEmpty" computerName="DKSR-EFI-04" duration="00:00:00.0010973" startTime="2023-12-22T09:36:30.9033112+01:00" endTime="2023-12-22T09:36:30.9046275+01:00" testType="13cdc9d9-ddb5-4fa4-a97d-d965ccfc6d4b" outcome="Passed" testListId="8c84fa94-04c1-424b-9868-57a2d4851a1d" relativeResultsDirectory="4d83003c-ed3f-439d-9f81-d57cd84e61aa" />
    <UnitTestResult executionId="b945fa68-b50c-4743-accc-8c4e15c9236f" testId="0698a694-c3e3-daa4-3795-9bea8316565b" testName="ReadXml_ShouldLogWarning_WhenCenterOfGravityIsIncomplete" computerName="DKSR-EFI-04" duration="00:00:00.0013421" startTime="2023-12-22T09:36:31.5730998+01:00" endTime="2023-12-22T09:36:31.5746415+01:00" testType="13cdc9d9-ddb5-4fa4-a97d-d965ccfc6d4b" outcome="Passed" testListId="8c84fa94-04c1-424b-9868-57a2d4851a1d" relativeResultsDirectory="b945fa68-b50c-4743-accc-8c4e15c9236f" />
    <UnitTestResult executionId="bd78fc50-d21b-4952-8455-4cc808a21bca" testId="06c90135-67c9-51a3-9a46-9517155efc3a" testName="Encrypt_PropertyIsSetToNo_ThrowsException" computerName="DKSR-EFI-04" duration="00:00:00.0147566" startTime="2023-12-22T09:36:03.8566212+01:00" endTime="2023-12-22T09:36:03.8716240+01:00" testType="13cdc9d9-ddb5-4fa4-a97d-d965ccfc6d4b" outcome="Passed" testListId="8c84fa94-04c1-424b-9868-57a2d4851a1d" relativeResultsDirectory="bd78fc50-d21b-4952-8455-4cc808a21bca" />
    <UnitTestResult executionId="ad905e6b-6df9-4a8c-9422-26df1ee5376b" testId="548fd08b-2d94-5257-d985-826bbe47bde9" testName="ReadXml_ShouldSetAllFieldsToNull_WhenElementIsEmpty" computerName="DKSR-EFI-04" duration="00:00:00.0152428" startTime="2023-12-22T09:36:30.7590243+01:00" endTime="2023-12-22T09:36:30.7748345+01:00" testType="13cdc9d9-ddb5-4fa4-a97d-d965ccfc6d4b" outcome="Passed" testListId="8c84fa94-04c1-424b-9868-57a2d4851a1d" relativeResultsDirectory="ad905e6b-6df9-4a8c-9422-26df1ee5376b" />
    <UnitTestResult executionId="d3e3fcb4-9922-42cb-b53e-a1ccde70d33c" testId="1eda914f-da94-406c-7d55-9addceb31e52" testName="Contains_Camera_ServerIDNull_Checked_Failed" computerName="DKSR-EFI-04" duration="00:00:00.0002768" startTime="2023-12-22T09:36:02.6815280+01:00" endTime="2023-12-22T09:36:02.6819235+01:00" testType="13cdc9d9-ddb5-4fa4-a97d-d965ccfc6d4b" outcome="Passed" testListId="8c84fa94-04c1-424b-9868-57a2d4851a1d" relativeResultsDirectory="d3e3fcb4-9922-42cb-b53e-a1ccde70d33c" />
    <UnitTestResult executionId="4ce35c25-184d-4cd1-8528-a3bc73788ed8" testId="ddb5c0d8-d96d-641b-981f-700b89499855" testName="GetParent_NoParent_Check" computerName="DKSR-EFI-04" duration="00:00:00.0100753" startTime="2023-12-22T09:36:03.0317199+01:00" endTime="2023-12-22T09:36:03.0420194+01:00" testType="13cdc9d9-ddb5-4fa4-a97d-d965ccfc6d4b" outcome="Passed" testListId="8c84fa94-04c1-424b-9868-57a2d4851a1d" relativeResultsDirectory="4ce35c25-184d-4cd1-8528-a3bc73788ed8" />
    <UnitTestResult executionId="63f39c31-a26f-4237-a07c-ba1ddb995a7a" testId="7362e8b4-4f55-1d2e-3400-f910faa86461" testName="Serialize_TestCases (TestParentAllPrimitiveProperties)" computerName="DKSR-EFI-04" duration="00:00:00.0005287" startTime="2023-12-22T09:36:28.4713062+01:00" endTime="2023-12-22T09:36:28.4721847+01:00" testType="13cdc9d9-ddb5-4fa4-a97d-d965ccfc6d4b" outcome="Passed" testListId="8c84fa94-04c1-424b-9868-57a2d4851a1d" relativeResultsDirectory="63f39c31-a26f-4237-a07c-ba1ddb995a7a" />
    <UnitTestResult executionId="620a9a09-72d0-4dd9-9a14-b80a1ab5ad81" testId="4f82d922-22f6-d968-086c-9b41bf965fdc" testName="ReadXml_ShouldLogWarningTwiceWhenMoreThanOneMinuteBetweenWarnings_WhenIncompleteScaleIsPresent" computerName="DKSR-EFI-04" duration="00:00:00.0020695" startTime="2023-12-22T09:36:31.6533693+01:00" endTime="2023-12-22T09:36:31.6556567+01:00" testType="13cdc9d9-ddb5-4fa4-a97d-d965ccfc6d4b" outcome="Passed" testListId="8c84fa94-04c1-424b-9868-57a2d4851a1d" relativeResultsDirectory="620a9a09-72d0-4dd9-9a14-b80a1ab5ad81" />
    <UnitTestResult executionId="d700b6d4-0cf5-4c84-ab84-63108f30955e" testId="d09f13a4-f856-1992-47ba-5179fa45274e" testName="Serialize_TestCases (TestParentRecursiveOneRecursiveElement)" computerName="DKSR-EFI-04" duration="00:00:00.0007227" startTime="2023-12-22T09:36:28.4761902+01:00" endTime="2023-12-22T09:36:28.4772341+01:00" testType="13cdc9d9-ddb5-4fa4-a97d-d965ccfc6d4b" outcome="Passed" testListId="8c84fa94-04c1-424b-9868-57a2d4851a1d" relativeResultsDirectory="d700b6d4-0cf5-4c84-ab84-63108f30955e" />
    <UnitTestResult executionId="5c1f6957-8731-4057-a6bc-3be4ee9bb5bf" testId="19d3a582-cf55-1f18-55fd-1cbf218e3c1b" testName="Parse_UnstartedBracket" computerName="DKSR-EFI-04" duration="00:00:00.0006380" startTime="2023-12-22T09:36:30.4471120+01:00" endTime="2023-12-22T09:36:30.4480326+01:00" testType="13cdc9d9-ddb5-4fa4-a97d-d965ccfc6d4b" outcome="Passed" testListId="8c84fa94-04c1-424b-9868-57a2d4851a1d" relativeResultsDirectory="5c1f6957-8731-4057-a6bc-3be4ee9bb5bf" />
    <UnitTestResult executionId="09c37035-f8b4-4094-93c9-541f314ded17" testId="53dd47fd-4d1a-33e1-81d6-8e71ee72d54a" testName="Serialize_TestCases (TestParentTypeMatchDoubleThisTypeNotMatched)" computerName="DKSR-EFI-04" duration="00:00:00.0003248" startTime="2023-12-22T09:36:28.3123017+01:00" endTime="2023-12-22T09:36:28.3129322+01:00" testType="13cdc9d9-ddb5-4fa4-a97d-d965ccfc6d4b" outcome="Passed" testListId="8c84fa94-04c1-424b-9868-57a2d4851a1d" relativeResultsDirectory="09c37035-f8b4-4094-93c9-541f314ded17" />
    <UnitTestResult executionId="25370f2b-cdea-4e44-82b8-a59f2a47d975" testId="e4b13263-b1bd-68bb-3baa-222b8414af3b" testName="TryParseArgbString_ShouldReturnFalse_WhenStringDoesNotContain8HexChars" computerName="DKSR-EFI-04" duration="00:00:00.0001830" startTime="2023-12-22T09:36:30.9994590+01:00" endTime="2023-12-22T09:36:30.9998391+01:00" testType="13cdc9d9-ddb5-4fa4-a97d-d965ccfc6d4b" outcome="Passed" testListId="8c84fa94-04c1-424b-9868-57a2d4851a1d" relativeResultsDirectory="25370f2b-cdea-4e44-82b8-a59f2a47d975" />
    <UnitTestResult executionId="dbca70af-9577-4e37-a505-5f1b77344c1c" testId="a8ff7a29-8845-1919-c693-2698cf30e949" testName="GetPopulatedItems_NoChildren_NoChildrenAdded" computerName="DKSR-EFI-04" duration="00:00:00.0092112" startTime="2023-12-22T09:36:23.2159515+01:00" endTime="2023-12-22T09:36:23.2254035+01:00" testType="13cdc9d9-ddb5-4fa4-a97d-d965ccfc6d4b" outcome="Passed" testListId="8c84fa94-04c1-424b-9868-57a2d4851a1d" relativeResultsDirectory="dbca70af-9577-4e37-a505-5f1b77344c1c" />
    <UnitTestResult executionId="351f4dc1-817f-4396-87aa-e54aa3487b21" testId="9f48d199-bab5-a916-f5d8-2312d1097b95" testName="Move_ShouldInvokeCallback_WhenObservable" computerName="DKSR-EFI-04" duration="00:00:00.0020912" startTime="2023-12-22T09:36:23.9192356+01:00" endTime="2023-12-22T09:36:24.0319951+01:00" testType="13cdc9d9-ddb5-4fa4-a97d-d965ccfc6d4b" outcome="Passed" testListId="8c84fa94-04c1-424b-9868-57a2d4851a1d" relativeResultsDirectory="351f4dc1-817f-4396-87aa-e54aa3487b21" />
    <UnitTestResult executionId="6332400f-3917-432a-bb8f-694717e964b7" testId="1c326e5c-4c62-8c00-ee40-aad1ae557760" testName="WriteXml_ShouldWriteTypeAndLikelihoodElementContents_WhenTheyAreSet" computerName="DKSR-EFI-04" duration="00:00:00.0003247" startTime="2023-12-22T09:36:30.9846111+01:00" endTime="2023-12-22T09:36:30.9851239+01:00" testType="13cdc9d9-ddb5-4fa4-a97d-d965ccfc6d4b" outcome="Passed" testListId="8c84fa94-04c1-424b-9868-57a2d4851a1d" relativeResultsDirectory="6332400f-3917-432a-bb8f-694717e964b7" />
    <UnitTestResult executionId="2683ca63-8a4e-4d1b-a8a1-d457f724e270" testId="d298d9c7-7d7d-ad15-03cc-8ab9e391d377" testName="ReadXml_ShouldReadScaleContents_WhenScaleIsPresent" computerName="DKSR-EFI-04" duration="00:00:00.0013521" startTime="2023-12-22T09:36:31.6230499+01:00" endTime="2023-12-22T09:36:31.6246358+01:00" testType="13cdc9d9-ddb5-4fa4-a97d-d965ccfc6d4b" outcome="Passed" testListId="8c84fa94-04c1-424b-9868-57a2d4851a1d" relativeResultsDirectory="2683ca63-8a4e-4d1b-a8a1-d457f724e270" />
    <UnitTestResult executionId="29ae25aa-30cd-4818-963a-e404f3ec941a" testId="e4e5e009-82b4-9816-23f6-1a07109fff0d" testName="Serialize_TestCases (TestParentTypeMatchObjectNotThisTypeMatched)" computerName="DKSR-EFI-04" duration="00:00:00.0005462" startTime="2023-12-22T09:36:28.3560920+01:00" endTime="2023-12-22T09:36:28.3569281+01:00" testType="13cdc9d9-ddb5-4fa4-a97d-d965ccfc6d4b" outcome="Passed" testListId="8c84fa94-04c1-424b-9868-57a2d4851a1d" relativeResultsDirectory="29ae25aa-30cd-4818-963a-e404f3ec941a" />
    <UnitTestResult executionId="acde49c7-8ebf-4f73-bed8-62e4c453b551" testId="62771907-5daf-58e6-a184-e6742aca31e8" testName="CountByItems_Activated_CountByCounter_Trial1" computerName="DKSR-EFI-04" duration="00:00:00.0017394" startTime="2023-12-22T09:36:32.4713438+01:00" endTime="2023-12-22T09:36:32.4733123+01:00" testType="13cdc9d9-ddb5-4fa4-a97d-d965ccfc6d4b" outcome="Passed" testListId="8c84fa94-04c1-424b-9868-57a2d4851a1d" relativeResultsDirectory="acde49c7-8ebf-4f73-bed8-62e4c453b551" />
    <UnitTestResult executionId="b79ed945-2e4d-44fe-a031-6abc49eb1f29" testId="2c659c9c-4cb8-0017-5374-282461cba931" testName="Set_String_Invalid" computerName="DKSR-EFI-04" duration="00:00:00.0004395" startTime="2023-12-22T09:36:30.4717971+01:00" endTime="2023-12-22T09:36:30.4724775+01:00" testType="13cdc9d9-ddb5-4fa4-a97d-d965ccfc6d4b" outcome="Passed" testListId="8c84fa94-04c1-424b-9868-57a2d4851a1d" relativeResultsDirectory="b79ed945-2e4d-44fe-a031-6abc49eb1f29" />
    <UnitTestResult executionId="14c82296-0802-4af4-b60c-b2647330e4ac" testId="7d577a3c-0602-a0a6-e9b5-1f43ff437a96" testName="GetAtOrBefore_ShouldReturnLastElement_WhenTimestampIsSameAsLastElement" computerName="DKSR-EFI-04" duration="00:00:00.0003669" startTime="2023-12-22T09:36:32.6779934+01:00" endTime="2023-12-22T09:36:32.6785538+01:00" testType="13cdc9d9-ddb5-4fa4-a97d-d965ccfc6d4b" outcome="Passed" testListId="8c84fa94-04c1-424b-9868-57a2d4851a1d" relativeResultsDirectory="14c82296-0802-4af4-b60c-b2647330e4ac" />
    <UnitTestResult executionId="2eed8d3b-1fa3-4960-a005-72327af3bc8f" testId="26609db5-8fe4-7221-64d2-19aa74512834" testName="WriteXml_ShouldWriteShapeElement_WhenShapeIsNotNull" computerName="DKSR-EFI-04" duration="00:00:00.0006495" startTime="2023-12-22T09:36:30.8743692+01:00" endTime="2023-12-22T09:36:30.8752966+01:00" testType="13cdc9d9-ddb5-4fa4-a97d-d965ccfc6d4b" outcome="Passed" testListId="8c84fa94-04c1-424b-9868-57a2d4851a1d" relativeResultsDirectory="2eed8d3b-1fa3-4960-a005-72327af3bc8f" />
    <UnitTestResult executionId="8b36f6e5-60fc-4b74-a8cd-6056cada6ec0" testId="d024cbbc-cd6e-1273-02ea-1e58d1fbe142" testName="Match_Fail_NullType_WrongType_Single" computerName="DKSR-EFI-04" duration="00:00:00.0003007" startTime="2023-12-22T09:36:31.8056426+01:00" endTime="2023-12-22T09:36:31.8061326+01:00" testType="13cdc9d9-ddb5-4fa4-a97d-d965ccfc6d4b" outcome="Passed" testListId="8c84fa94-04c1-424b-9868-57a2d4851a1d" relativeResultsDirectory="8b36f6e5-60fc-4b74-a8cd-6056cada6ec0" />
    <UnitTestResult executionId="fbd74cde-a76b-4c0b-9f74-81246cf7b586" testId="7b3048fa-a67c-dc66-afa0-4a605a32dbf4" testName="GetBoundingShapesAsync_SingleInvocation_DelegatedToInternalMethod" computerName="DKSR-EFI-04" duration="00:00:00.0070425" startTime="2023-12-22T09:36:29.1275631+01:00" endTime="2023-12-22T09:36:29.1348992+01:00" testType="13cdc9d9-ddb5-4fa4-a97d-d965ccfc6d4b" outcome="Passed" testListId="8c84fa94-04c1-424b-9868-57a2d4851a1d" relativeResultsDirectory="fbd74cde-a76b-4c0b-9f74-81246cf7b586" />
    <UnitTestResult executionId="048328ed-26b2-4327-9f6b-22571dbe0f77" testId="1e592ef1-e1bf-3981-b2eb-87e514325b77" testName="GetAtOrBefore_ShouldReturnNull_WhenTimestampIsAfterLastElement" computerName="DKSR-EFI-04" duration="00:00:00.0003732" startTime="2023-12-22T09:36:32.6766912+01:00" endTime="2023-12-22T09:36:32.6772504+01:00" testType="13cdc9d9-ddb5-4fa4-a97d-d965ccfc6d4b" outcome="Passed" testListId="8c84fa94-04c1-424b-9868-57a2d4851a1d" relativeResultsDirectory="048328ed-26b2-4327-9f6b-22571dbe0f77" />
    <UnitTestResult executionId="54b97033-2f2f-4bb4-ac98-a37bd71203ea" testId="ac145d13-4c02-a67c-cc07-a100e99d94e8" testName="ReadAppearanceExtensionXml_ShouldReadBoundingBoxLineColor_WhenBoundingBoxLineColorIsPresent" computerName="DKSR-EFI-04" duration="00:00:00.0003526" startTime="2023-12-22T09:36:31.4868324+01:00" endTime="2023-12-22T09:36:31.4873824+01:00" testType="13cdc9d9-ddb5-4fa4-a97d-d965ccfc6d4b" outcome="Passed" testListId="8c84fa94-04c1-424b-9868-57a2d4851a1d" relativeResultsDirectory="54b97033-2f2f-4bb4-ac98-a37bd71203ea" />
    <UnitTestResult executionId="936ed654-70c0-462d-86f4-ef9e3c234bb4" testId="256352cb-a01d-67ee-0151-ab9132f46725" testName="ConstructorInt_ShouldReturnCorrectArgbValues_Always" computerName="DKSR-EFI-04" duration="00:00:00.0003245" startTime="2023-12-22T09:36:31.0058363+01:00" endTime="2023-12-22T09:36:31.0063577+01:00" testType="13cdc9d9-ddb5-4fa4-a97d-d965ccfc6d4b" outcome="Passed" testListId="8c84fa94-04c1-424b-9868-57a2d4851a1d" relativeResultsDirectory="936ed654-70c0-462d-86f4-ef9e3c234bb4" />
    <UnitTestResult executionId="d1ef0cab-b7d0-45ea-846b-8926b538ce0d" testId="78982d6b-5a61-907d-6e51-74d4614c2331" testName="WriteMetadataXmlWithStream_ShouldWriteDocumentHeading_WhenDataIsPresent" computerName="DKSR-EFI-04" duration="00:00:00.0004320" startTime="2023-12-22T09:36:31.2481814+01:00" endTime="2023-12-22T09:36:31.2488197+01:00" testType="13cdc9d9-ddb5-4fa4-a97d-d965ccfc6d4b" outcome="Passed" testListId="8c84fa94-04c1-424b-9868-57a2d4851a1d" relativeResultsDirectory="d1ef0cab-b7d0-45ea-846b-8926b538ce0d" />
    <UnitTestResult executionId="442bba04-8d4b-446d-af46-a72851b8e41b" testId="6e5da37d-17c2-c99b-bec0-ba093cc6461d" testName="Remove_Success" computerName="DKSR-EFI-04" duration="00:00:00.0006656" startTime="2023-12-22T09:36:15.4796087+01:00" endTime="2023-12-22T09:36:15.4804049+01:00" testType="13cdc9d9-ddb5-4fa4-a97d-d965ccfc6d4b" outcome="Passed" testListId="8c84fa94-04c1-424b-9868-57a2d4851a1d" relativeResultsDirectory="442bba04-8d4b-446d-af46-a72851b8e41b" />
    <UnitTestResult executionId="8d399d46-4fa9-41e5-bca1-0b6a3fb111bb" testId="11b5912e-600c-2c04-2bfe-19c262546aae" testName="SearchResultData_EndTimeWithPaddingMinValue_ShouldReturnEndTime" computerName="DKSR-EFI-04" duration="00:00:00.0001982" startTime="2023-12-22T09:36:29.1754102+01:00" endTime="2023-12-22T09:36:29.1758117+01:00" testType="13cdc9d9-ddb5-4fa4-a97d-d965ccfc6d4b" outcome="Passed" testListId="8c84fa94-04c1-424b-9868-57a2d4851a1d" relativeResultsDirectory="8d399d46-4fa9-41e5-bca1-0b6a3fb111bb" />
    <UnitTestResult executionId="c8867213-bde6-4f79-be59-7e0fbcc84444" testId="ca034712-fc2a-7f2e-fe84-ae45e3bb76cf" testName="GetWithDateTime_ShouldReturnEntryAtOrBefore_WhenDataIsInCache" computerName="DKSR-EFI-04" duration="00:00:00.0022970" startTime="2023-12-22T09:36:32.9189058+01:00" endTime="2023-12-22T09:36:32.9214200+01:00" testType="13cdc9d9-ddb5-4fa4-a97d-d965ccfc6d4b" outcome="Passed" testListId="8c84fa94-04c1-424b-9868-57a2d4851a1d" relativeResultsDirectory="c8867213-bde6-4f79-be59-7e0fbcc84444" />
    <UnitTestResult executionId="76698913-08c8-4833-aa88-330bb6a61a2c" testId="90a2670f-70e3-342d-ffb1-12b2148b7041" testName="Append_Element_KeyBackSlashString" computerName="DKSR-EFI-04" duration="00:00:00.0001644" startTime="2023-12-22T09:36:30.3474953+01:00" endTime="2023-12-22T09:36:30.3478751+01:00" testType="13cdc9d9-ddb5-4fa4-a97d-d965ccfc6d4b" outcome="Passed" testListId="8c84fa94-04c1-424b-9868-57a2d4851a1d" relativeResultsDirectory="76698913-08c8-4833-aa88-330bb6a61a2c" />
    <UnitTestResult executionId="266306a1-abcb-4e51-b921-e59098e501ca" testId="91cfec7e-ef42-5972-8313-05af41252d8d" testName="EqualGuids_Fail_OnObjectId" computerName="DKSR-EFI-04" duration="00:00:00.0003825" startTime="2023-12-22T09:36:02.7059480+01:00" endTime="2023-12-22T09:36:02.7064387+01:00" testType="13cdc9d9-ddb5-4fa4-a97d-d965ccfc6d4b" outcome="Passed" testListId="8c84fa94-04c1-424b-9868-57a2d4851a1d" relativeResultsDirectory="266306a1-abcb-4e51-b921-e59098e501ca" />
    <UnitTestResult executionId="fc84e4a6-3a17-4bf4-bdf3-5f36f9da1540" testId="a17307f7-bfca-392d-97bb-4da7ab99cc40" testName="SearchResultData_RelatedItems_Success" computerName="DKSR-EFI-04" duration="00:00:00.0008049" startTime="2023-12-22T09:36:29.1783369+01:00" endTime="2023-12-22T09:36:29.1793413+01:00" testType="13cdc9d9-ddb5-4fa4-a97d-d965ccfc6d4b" outcome="Passed" testListId="8c84fa94-04c1-424b-9868-57a2d4851a1d" relativeResultsDirectory="fc84e4a6-3a17-4bf4-bdf3-5f36f9da1540" />
    <UnitTestResult executionId="e79868ca-c97f-4057-9c5b-c9cafc61066f" testId="310968d1-fc55-32d1-9bf4-640cd6ac6c2c" testName="CountByCounter_Activated_Expired" computerName="DKSR-EFI-04" duration="00:00:00.0008829" startTime="2023-12-22T09:36:32.4094751+01:00" endTime="2023-12-22T09:36:32.4105621+01:00" testType="13cdc9d9-ddb5-4fa4-a97d-d965ccfc6d4b" outcome="Passed" testListId="8c84fa94-04c1-424b-9868-57a2d4851a1d" relativeResultsDirectory="e79868ca-c97f-4057-9c5b-c9cafc61066f" />
    <UnitTestResult executionId="b5f9eed1-de95-472e-94fc-b5db623294c8" testId="20458d0b-b85c-491e-b4ab-b9b8494bb490" testName="Construct2_And_Field_Check" computerName="DKSR-EFI-04" duration="00:00:00.0123147" startTime="2023-12-22T09:36:02.9147642+01:00" endTime="2023-12-22T09:36:02.9272780+01:00" testType="13cdc9d9-ddb5-4fa4-a97d-d965ccfc6d4b" outcome="Passed" testListId="8c84fa94-04c1-424b-9868-57a2d4851a1d" relativeResultsDirectory="b5f9eed1-de95-472e-94fc-b5db623294c8" />
    <UnitTestResult executionId="6eacc927-c14d-4ea5-acaf-237aabdb5abb" testId="5e058ca8-2071-8aca-94cf-089b17b5ab0d" testName="CountByItems_Activated_Trial_Grace_Missing" computerName="DKSR-EFI-04" duration="00:00:00.0019382" startTime="2023-12-22T09:36:32.4533232+01:00" endTime="2023-12-22T09:36:32.4554639+01:00" testType="13cdc9d9-ddb5-4fa4-a97d-d965ccfc6d4b" outcome="Passed" testListId="8c84fa94-04c1-424b-9868-57a2d4851a1d" relativeResultsDirectory="6eacc927-c14d-4ea5-acaf-237aabdb5abb" />
    <UnitTestResult executionId="1c336653-8363-411a-a059-b93e27af0ea8" testId="2813fb62-7764-a6ad-5950-42865213a523" testName="ReadXml_ShouldLogWarningTwiceWhenMoreThanOneMinuteBetweenWarnings_WhenBoundingBoxIsIncomplete" computerName="DKSR-EFI-04" duration="00:00:00.0021874" startTime="2023-12-22T09:36:31.5857239+01:00" endTime="2023-12-22T09:36:31.5881064+01:00" testType="13cdc9d9-ddb5-4fa4-a97d-d965ccfc6d4b" outcome="Passed" testListId="8c84fa94-04c1-424b-9868-57a2d4851a1d" relativeResultsDirectory="1c336653-8363-411a-a059-b93e27af0ea8" />
    <UnitTestResult executionId="f95cae92-c8a2-4f36-9764-b01aa165a9e0" testId="e036dcac-c98f-c247-938a-14a54b7a60ea" testName="Equals_IgnoreFolderType_Fail_OnServerIdId" computerName="DKSR-EFI-04" duration="00:00:00.0003645" startTime="2023-12-22T09:36:02.6873522+01:00" endTime="2023-12-22T09:36:02.6878157+01:00" testType="13cdc9d9-ddb5-4fa4-a97d-d965ccfc6d4b" outcome="Passed" testListId="8c84fa94-04c1-424b-9868-57a2d4851a1d" relativeResultsDirectory="f95cae92-c8a2-4f36-9764-b01aa165a9e0" />
    <UnitTestResult executionId="30373424-50fe-4907-9aa8-a2bad2e88b55" testId="e683acf1-8f1f-37ca-c494-91edf8586d46" testName="JsonReader_ErrorResponse_Success" computerName="DKSR-EFI-04" duration="00:00:00.0001700" startTime="2023-12-22T09:36:30.5025700+01:00" endTime="2023-12-22T09:36:30.5029361+01:00" testType="13cdc9d9-ddb5-4fa4-a97d-d965ccfc6d4b" outcome="Passed" testListId="8c84fa94-04c1-424b-9868-57a2d4851a1d" relativeResultsDirectory="30373424-50fe-4907-9aa8-a2bad2e88b55" />
    <UnitTestResult executionId="a9c777dc-52e6-4f2f-b60e-28c168cb53b5" testId="52df54ef-d786-de4c-66ba-453529b99c4f" testName="Construction_List" computerName="DKSR-EFI-04" duration="00:00:00.0001469" startTime="2023-12-22T09:36:30.3265112+01:00" endTime="2023-12-22T09:36:30.3268373+01:00" testType="13cdc9d9-ddb5-4fa4-a97d-d965ccfc6d4b" outcome="Passed" testListId="8c84fa94-04c1-424b-9868-57a2d4851a1d" relativeResultsDirectory="a9c777dc-52e6-4f2f-b60e-28c168cb53b5" />
    <UnitTestResult executionId="0e9aa858-9435-4a9c-ac1b-7600c8424e2b" testId="14b61d2f-5443-8ef0-349e-b30883ba9c22" testName="CountByCounter_NotActivated_Trial" computerName="DKSR-EFI-04" duration="00:00:00.0012106" startTime="2023-12-22T09:36:32.3959896+01:00" endTime="2023-12-22T09:36:32.3973992+01:00" testType="13cdc9d9-ddb5-4fa4-a97d-d965ccfc6d4b" outcome="Passed" testListId="8c84fa94-04c1-424b-9868-57a2d4851a1d" relativeResultsDirectory="0e9aa858-9435-4a9c-ac1b-7600c8424e2b" />
    <UnitTestResult executionId="f79a38c8-7882-4560-a21c-f2144c5d9df3" testId="fde698c6-a194-d6bc-8c31-bc5b72af8298" testName="ReadXml_ShouldIgnoreShape_WhenShapeIsPresenWithWrongNamespace" computerName="DKSR-EFI-04" duration="00:00:00.0003153" startTime="2023-12-22T09:36:30.8249092+01:00" endTime="2023-12-22T09:36:30.8254360+01:00" testType="13cdc9d9-ddb5-4fa4-a97d-d965ccfc6d4b" outcome="Passed" testListId="8c84fa94-04c1-424b-9868-57a2d4851a1d" relativeResultsDirectory="f79a38c8-7882-4560-a21c-f2144c5d9df3" />
    <UnitTestResult executionId="b0a5967b-6d89-4c47-ae4b-a5eb8c76e8cb" testId="702f283c-acf3-b66b-da58-6b428c67206f" testName="ReadXml_ShouldLogWarning_WhenFrameDidNotReadUtcTime" computerName="DKSR-EFI-04" duration="00:00:00.0016468" startTime="2023-12-22T09:36:31.7229537+01:00" endTime="2023-12-22T09:36:31.7250795+01:00" testType="13cdc9d9-ddb5-4fa4-a97d-d965ccfc6d4b" outcome="Passed" testListId="8c84fa94-04c1-424b-9868-57a2d4851a1d" relativeResultsDirectory="b0a5967b-6d89-4c47-ae4b-a5eb8c76e8cb" />
    <UnitTestResult executionId="9f7cc19d-e2b3-4a18-ac13-16de70b3b3f1" testId="cb7e38b0-12f4-dfad-65ae-f93a1147794e" testName="CollectionReplaced_ShouldInvokeCallback_WhenNotObservable" computerName="DKSR-EFI-04" duration="00:00:00.0162528" startTime="2023-12-22T09:36:24.2516773+01:00" endTime="2023-12-22T09:36:24.3071666+01:00" testType="13cdc9d9-ddb5-4fa4-a97d-d965ccfc6d4b" outcome="Passed" testListId="8c84fa94-04c1-424b-9868-57a2d4851a1d" relativeResultsDirectory="9f7cc19d-e2b3-4a18-ac13-16de70b3b3f1" />
    <UnitTestResult executionId="e3ec63d9-3fd1-44b2-8778-5f37dfc64055" testId="87294391-1825-1ce5-7f19-56b62f49e8c1" testName="Equals_ShouldHaveValueSemantics_WhenAlways" computerName="DKSR-EFI-04" duration="00:00:00.0087545" startTime="2023-12-22T09:36:30.8887945+01:00" endTime="2023-12-22T09:36:30.8977696+01:00" testType="13cdc9d9-ddb5-4fa4-a97d-d965ccfc6d4b" outcome="Passed" testListId="8c84fa94-04c1-424b-9868-57a2d4851a1d" relativeResultsDirectory="e3ec63d9-3fd1-44b2-8778-5f37dfc64055" />
    <UnitTestResult executionId="b63d8e93-42af-4526-b898-b931705bc4ec" testId="f11fb068-5020-6fdd-64d4-9eae97e7b7c3" testName="GetBegin_ShouldReturnFirstMetadataContent_WhenThereIsData" computerName="DKSR-EFI-04" duration="00:00:00.0150247" startTime="2023-12-22T09:36:32.8006308+01:00" endTime="2023-12-22T09:36:32.8158909+01:00" testType="13cdc9d9-ddb5-4fa4-a97d-d965ccfc6d4b" outcome="Passed" testListId="8c84fa94-04c1-424b-9868-57a2d4851a1d" relativeResultsDirectory="b63d8e93-42af-4526-b898-b931705bc4ec" />
    <UnitTestResult executionId="2d20c9c4-dbc6-4646-9008-ab5ec9aa2c54" testId="8685a0cc-8f6c-e530-6b25-43918c6d87aa" testName="GenerateEnumValueParameters_ShouldWriteDisplayId_WhenAlways" computerName="DKSR-EFI-04" duration="00:00:00.0009021" startTime="2023-12-22T09:36:32.5794764+01:00" endTime="2023-12-22T09:36:32.5805757+01:00" testType="13cdc9d9-ddb5-4fa4-a97d-d965ccfc6d4b" outcome="Passed" testListId="8c84fa94-04c1-424b-9868-57a2d4851a1d" relativeResultsDirectory="2d20c9c4-dbc6-4646-9008-ab5ec9aa2c54" />
    <UnitTestResult executionId="449ab309-fc0e-4521-b31a-0ebb7d3aaca0" testId="d8308a27-6fbc-21d5-664d-c54e34f438da" testName="WriteXml_ShouldWriteframe_WhenThereIsOneFramePresent" computerName="DKSR-EFI-04" duration="00:00:00.0012093" startTime="2023-12-22T09:36:31.7340679+01:00" endTime="2023-12-22T09:36:31.7354601+01:00" testType="13cdc9d9-ddb5-4fa4-a97d-d965ccfc6d4b" outcome="Passed" testListId="8c84fa94-04c1-424b-9868-57a2d4851a1d" relativeResultsDirectory="449ab309-fc0e-4521-b31a-0ebb7d3aaca0" />
    <UnitTestResult executionId="e8966e45-310d-42cb-9a55-f8d31d787ab7" testId="b7df116d-9320-09bb-de54-2fccf2279e48" testName="Icon_Set" computerName="DKSR-EFI-04" duration="00:00:00.0164985" startTime="2023-12-22T09:36:03.1703850+01:00" endTime="2023-12-22T09:36:03.1871034+01:00" testType="13cdc9d9-ddb5-4fa4-a97d-d965ccfc6d4b" outcome="Passed" testListId="8c84fa94-04c1-424b-9868-57a2d4851a1d" relativeResultsDirectory="e8966e45-310d-42cb-9a55-f8d31d787ab7" />
    <UnitTestResult executionId="58837b24-268d-4d1e-accf-fffabae56e0f" testId="84ea0ecf-7538-7ba3-3591-e86fa59176ef" testName="Serialize_TestCases (TestParentTypeMatchGenericThisTypeNotMatchedProperty)" computerName="DKSR-EFI-04" duration="00:00:00.0024929" startTime="2023-12-22T09:36:28.4462062+01:00" endTime="2023-12-22T09:36:28.4491489+01:00" testType="13cdc9d9-ddb5-4fa4-a97d-d965ccfc6d4b" outcome="Passed" testListId="8c84fa94-04c1-424b-9868-57a2d4851a1d" relativeResultsDirectory="58837b24-268d-4d1e-accf-fffabae56e0f" />
    <UnitTestResult executionId="5aff9148-f819-4cb0-8f9d-c12799f31827" testId="01387d97-f9fc-82cf-fc0c-bafa84835078" testName="Dequeue_Success" computerName="DKSR-EFI-04" duration="00:00:00.0019282" startTime="2023-12-22T09:36:15.4355074+01:00" endTime="2023-12-22T09:36:15.4382762+01:00" testType="13cdc9d9-ddb5-4fa4-a97d-d965ccfc6d4b" outcome="Passed" testListId="8c84fa94-04c1-424b-9868-57a2d4851a1d" relativeResultsDirectory="5aff9148-f819-4cb0-8f9d-c12799f31827" />
    <UnitTestResult executionId="8cabb861-516f-428d-918d-472795b4f693" testId="6bf15edc-a1d0-adf1-a3aa-fde4bdad9f83" testName="OnErrorOccurred_EventHandler_NotifiedWithCorrectParameters" computerName="DKSR-EFI-04" duration="00:00:00.0039366" startTime="2023-12-22T09:36:28.7927803+01:00" endTime="2023-12-22T09:36:28.7969350+01:00" testType="13cdc9d9-ddb5-4fa4-a97d-d965ccfc6d4b" outcome="Passed" testListId="8c84fa94-04c1-424b-9868-57a2d4851a1d" relativeResultsDirectory="8cabb861-516f-428d-918d-472795b4f693" />
    <UnitTestResult executionId="d8475d95-0a60-4c71-a4b1-a73fa44c32b4" testId="dadc7e5e-3e0c-da11-a65f-57361b774307" testName="CountByItems_NotActivatedButWithCounter_Missing" computerName="DKSR-EFI-04" duration="00:00:00.0008694" startTime="2023-12-22T09:36:32.4213747+01:00" endTime="2023-12-22T09:36:32.4224689+01:00" testType="13cdc9d9-ddb5-4fa4-a97d-d965ccfc6d4b" outcome="Passed" testListId="8c84fa94-04c1-424b-9868-57a2d4851a1d" relativeResultsDirectory="d8475d95-0a60-4c71-a4b1-a73fa44c32b4" />
    <UnitTestResult executionId="f99cca47-7594-4217-8a35-3698e26b7b40" testId="2b2cdfa0-61df-f232-7682-12c2c86c587b" testName="Equals_ShouldHaveValueSemantics_WhenAlways" computerName="DKSR-EFI-04" duration="00:00:00.0003760" startTime="2023-12-22T09:36:31.7013631+01:00" endTime="2023-12-22T09:36:31.7019530+01:00" testType="13cdc9d9-ddb5-4fa4-a97d-d965ccfc6d4b" outcome="Passed" testListId="8c84fa94-04c1-424b-9868-57a2d4851a1d" relativeResultsDirectory="f99cca47-7594-4217-8a35-3698e26b7b40" />
    <UnitTestResult executionId="f0b118c8-875b-4678-b2f4-731d45d30ff2" testId="c3a53dbd-9899-8fac-d500-c2b7239c74d4" testName="WriteXml_ShouldWriteItalicAttribute_WhenSet" computerName="DKSR-EFI-04" duration="00:00:00.0003078" startTime="2023-12-22T09:36:31.0679533+01:00" endTime="2023-12-22T09:36:31.0684423+01:00" testType="13cdc9d9-ddb5-4fa4-a97d-d965ccfc6d4b" outcome="Passed" testListId="8c84fa94-04c1-424b-9868-57a2d4851a1d" relativeResultsDirectory="f0b118c8-875b-4678-b2f4-731d45d30ff2" />
    <UnitTestResult executionId="9f3c5156-1dcc-4013-9e24-bcda47c8ab71" testId="f02151f2-7537-c913-0353-0c1cefe4a11e" testName="Append_Element_KeyString" computerName="DKSR-EFI-04" duration="00:00:00.0001905" startTime="2023-12-22T09:36:30.3449380+01:00" endTime="2023-12-22T09:36:30.3453388+01:00" testType="13cdc9d9-ddb5-4fa4-a97d-d965ccfc6d4b" outcome="Passed" testListId="8c84fa94-04c1-424b-9868-57a2d4851a1d" relativeResultsDirectory="9f3c5156-1dcc-4013-9e24-bcda47c8ab71" />
    <UnitTestResult executionId="622431a5-7644-4687-b5af-bd92d4416d30" testId="64d46e5a-18bf-c3a7-d947-63730f82a01e" testName="GenerateParameters_ShouldWriteQualityRange_WhenQualityRangeIsNotNull" computerName="DKSR-EFI-04" duration="00:00:00.0002656" startTime="2023-12-22T09:36:32.5434091+01:00" endTime="2023-12-22T09:36:32.5438660+01:00" testType="13cdc9d9-ddb5-4fa4-a97d-d965ccfc6d4b" outcome="Passed" testListId="8c84fa94-04c1-424b-9868-57a2d4851a1d" relativeResultsDirectory="622431a5-7644-4687-b5af-bd92d4416d30" />
    <UnitTestResult executionId="ade93c46-f988-4ca7-bb8a-5832a2c12712" testId="6f2af74d-bdba-e05e-77aa-b08f726c1ddf" testName="ToJson_StringElement_Exception" computerName="DKSR-EFI-04" duration="00:00:00.0004462" startTime="2023-12-22T09:36:30.4954548+01:00" endTime="2023-12-22T09:36:30.4961651+01:00" testType="13cdc9d9-ddb5-4fa4-a97d-d965ccfc6d4b" outcome="Passed" testListId="8c84fa94-04c1-424b-9868-57a2d4851a1d" relativeResultsDirectory="ade93c46-f988-4ca7-bb8a-5832a2c12712" />
    <UnitTestResult executionId="c2b2c1f5-f6a2-4c39-9bba-06b800afdfdd" testId="a28156aa-3bb5-7287-717c-afe6ec74f152" testName="Add_NotNullValue_Success" computerName="DKSR-EFI-04" duration="00:00:00.0002819" startTime="2023-12-22T09:36:15.5024125+01:00" endTime="2023-12-22T09:36:15.5028065+01:00" testType="13cdc9d9-ddb5-4fa4-a97d-d965ccfc6d4b" outcome="Passed" testListId="8c84fa94-04c1-424b-9868-57a2d4851a1d" relativeResultsDirectory="c2b2c1f5-f6a2-4c39-9bba-06b800afdfdd" />
    <UnitTestResult executionId="3a4d1a02-90bf-470d-99e4-a17458f9f809" testId="57bee112-0556-7c83-93f2-7bbc9c5cba59" testName="IsValid_ShouldReturnFalse_WhenTypeIsNull" computerName="DKSR-EFI-04" duration="00:00:00.0045452" startTime="2023-12-22T09:36:30.9327917+01:00" endTime="2023-12-22T09:36:30.9378513+01:00" testType="13cdc9d9-ddb5-4fa4-a97d-d965ccfc6d4b" outcome="Passed" testListId="8c84fa94-04c1-424b-9868-57a2d4851a1d" relativeResultsDirectory="3a4d1a02-90bf-470d-99e4-a17458f9f809" />
    <UnitTestResult executionId="cef0fb30-1ce1-4a7e-a0b1-04e2f3ed1eba" testId="760478cf-2b2b-5f64-b097-3de30749bcb1" testName="Initialize_Changed_Values" computerName="DKSR-EFI-04" duration="00:00:00.0010292" startTime="2023-12-22T09:36:22.9910299+01:00" endTime="2023-12-22T09:36:22.9922488+01:00" testType="13cdc9d9-ddb5-4fa4-a97d-d965ccfc6d4b" outcome="Passed" testListId="8c84fa94-04c1-424b-9868-57a2d4851a1d" relativeResultsDirectory="cef0fb30-1ce1-4a7e-a0b1-04e2f3ed1eba" />
    <UnitTestResult executionId="2602a936-bf1f-4fb9-ae61-759568e9df34" testId="720ee8ed-0afb-0470-9fbb-161042f20ddf" testName="Encrypt_PropertyIsNotSet_EncryptIsFalse" computerName="DKSR-EFI-04" duration="00:00:00.0116224" startTime="2023-12-22T09:36:03.8736576+01:00" endTime="2023-12-22T09:36:03.8855230+01:00" testType="13cdc9d9-ddb5-4fa4-a97d-d965ccfc6d4b" outcome="Passed" testListId="8c84fa94-04c1-424b-9868-57a2d4851a1d" relativeResultsDirectory="2602a936-bf1f-4fb9-ae61-759568e9df34" />
    <UnitTestResult executionId="ed62c259-26d4-41ef-b33b-19e59173b86d" testId="af66790e-7a17-2a52-f594-1232b3cd885e" testName="Parse_String_WithDot" computerName="DKSR-EFI-04" duration="00:00:00.0002437" startTime="2023-12-22T09:36:30.4501435+01:00" endTime="2023-12-22T09:36:30.4505859+01:00" testType="13cdc9d9-ddb5-4fa4-a97d-d965ccfc6d4b" outcome="Passed" testListId="8c84fa94-04c1-424b-9868-57a2d4851a1d" relativeResultsDirectory="ed62c259-26d4-41ef-b33b-19e59173b86d" />
    <UnitTestResult executionId="2a2691f1-ce69-4073-9ee5-775186ef1924" testId="3827ef79-3081-082a-a862-859949cd62b9" testName="RemovePredicate_KeyNotPresent_DoesNothing" computerName="DKSR-EFI-04" duration="00:00:00.0003899" startTime="2023-12-22T09:36:16.0429802+01:00" endTime="2023-12-22T09:36:16.0434853+01:00" testType="13cdc9d9-ddb5-4fa4-a97d-d965ccfc6d4b" outcome="Passed" testListId="8c84fa94-04c1-424b-9868-57a2d4851a1d" relativeResultsDirectory="2a2691f1-ce69-4073-9ee5-775186ef1924" />
    <UnitTestResult executionId="daec252c-189e-4ee5-bb58-e25ab1a2d29c" testId="c4a13715-7cee-fc42-2f4e-b27563ec4062" testName="Serialize_TestCases (TestParentTypeMatchDecimalNotThisTypeNotMatched)" computerName="DKSR-EFI-04" duration="00:00:00.0003565" startTime="2023-12-22T09:36:28.3232417+01:00" endTime="2023-12-22T09:36:28.3239112+01:00" testType="13cdc9d9-ddb5-4fa4-a97d-d965ccfc6d4b" outcome="Passed" testListId="8c84fa94-04c1-424b-9868-57a2d4851a1d" relativeResultsDirectory="daec252c-189e-4ee5-bb58-e25ab1a2d29c" />
    <UnitTestResult executionId="2c57e3be-97fa-433c-a1e1-1833f173d573" testId="7ff37c2f-1947-5bfd-5301-306c5eae35b9" testName="TestMultiLevelQueue_LevelIdentifierThrowsException_QueueSurvives" computerName="DKSR-EFI-04" duration="00:00:00.1642715" startTime="2023-12-22T09:36:19.9312176+01:00" endTime="2023-12-22T09:36:20.0957707+01:00" testType="13cdc9d9-ddb5-4fa4-a97d-d965ccfc6d4b" outcome="Passed" testListId="8c84fa94-04c1-424b-9868-57a2d4851a1d" relativeResultsDirectory="2c57e3be-97fa-433c-a1e1-1833f173d573" />
    <UnitTestResult executionId="3123c08d-c6b5-4124-a5a3-4787432919ae" testId="d2e27528-7e9c-f741-028a-9dd7eea4c92c" testName="Add_ShouldInvokeCallback_WhenObservable" computerName="DKSR-EFI-04" duration="00:00:00.0051563" startTime="2023-12-22T09:36:23.7502465+01:00" endTime="2023-12-22T09:36:23.8666062+01:00" testType="13cdc9d9-ddb5-4fa4-a97d-d965ccfc6d4b" outcome="Passed" testListId="8c84fa94-04c1-424b-9868-57a2d4851a1d" relativeResultsDirectory="3123c08d-c6b5-4124-a5a3-4787432919ae" />
    <UnitTestResult executionId="e8ca6ae9-0694-49b3-8eea-5234230f2b9e" testId="c59043ee-e462-ae6f-68e0-aa6381ac3c86" testName="Remove_NullItem_DoesNotCrash" computerName="DKSR-EFI-04" duration="00:00:00.0001788" startTime="2023-12-22T09:36:15.4817815+01:00" endTime="2023-12-22T09:36:15.4820776+01:00" testType="13cdc9d9-ddb5-4fa4-a97d-d965ccfc6d4b" outcome="Passed" testListId="8c84fa94-04c1-424b-9868-57a2d4851a1d" relativeResultsDirectory="e8ca6ae9-0694-49b3-8eea-5234230f2b9e" />
    <UnitTestResult executionId="108c525a-5ec8-4bc6-b36a-0375c45a94ae" testId="6ca73ebd-56b4-1756-58f8-e75d82906bc5" testName="TestConstructor_Success" computerName="DKSR-EFI-04" duration="00:00:00.0009168" startTime="2023-12-22T09:36:30.3146596+01:00" endTime="2023-12-22T09:36:30.3158586+01:00" testType="13cdc9d9-ddb5-4fa4-a97d-d965ccfc6d4b" outcome="Passed" testListId="8c84fa94-04c1-424b-9868-57a2d4851a1d" relativeResultsDirectory="108c525a-5ec8-4bc6-b36a-0375c45a94ae" />
    <UnitTestResult executionId="7b059acd-d54e-4ab1-8990-2a310b233648" testId="85a3df1f-74e3-6aca-1e0c-cfef94af0047" testName="Parse_IntArray" computerName="DKSR-EFI-04" duration="00:00:00.0004175" startTime="2023-12-22T09:36:30.4822354+01:00" endTime="2023-12-22T09:36:30.4828494+01:00" testType="13cdc9d9-ddb5-4fa4-a97d-d965ccfc6d4b" outcome="Passed" testListId="8c84fa94-04c1-424b-9868-57a2d4851a1d" relativeResultsDirectory="7b059acd-d54e-4ab1-8990-2a310b233648" />
    <UnitTestResult executionId="e1f497ff-11a4-4fe7-a157-636446f1aa05" testId="d1627721-b0c9-88e8-e34c-f6f72d59002d" testName="TestConstructor_MessageParameters_Success" computerName="DKSR-EFI-04" duration="00:00:00.0019541" startTime="2023-12-22T09:36:30.3030446+01:00" endTime="2023-12-22T09:36:30.3053489+01:00" testType="13cdc9d9-ddb5-4fa4-a97d-d965ccfc6d4b" outcome="Passed" testListId="8c84fa94-04c1-424b-9868-57a2d4851a1d" relativeResultsDirectory="e1f497ff-11a4-4fe7-a157-636446f1aa05" />
    <UnitTestResult executionId="dfdf03b4-e66f-4abd-a668-114b10f28f01" testId="ed1af3f1-e228-caa9-58c0-803083486581" testName="CreateSearchResultUserControl_MissingPlugin_ReturnsNull" computerName="DKSR-EFI-04" duration="00:00:00.0017998" startTime="2023-12-22T09:36:29.3765624+01:00" endTime="2023-12-22T09:36:29.3804838+01:00" testType="13cdc9d9-ddb5-4fa4-a97d-d965ccfc6d4b" outcome="Passed" testListId="8c84fa94-04c1-424b-9868-57a2d4851a1d" relativeResultsDirectory="dfdf03b4-e66f-4abd-a668-114b10f28f01" />
    <UnitTestResult executionId="bb19bca5-c7e5-421c-b10a-3b2f3e0834bb" testId="3d1a6672-4657-c0b5-09b7-40d121d78ad6" testName="TestSearchFilterCategories_WithOneAgentThrowingException_Success" computerName="DKSR-EFI-04" duration="00:00:00.0134261" startTime="2023-12-22T09:36:28.9066130+01:00" endTime="2023-12-22T09:36:28.9202816+01:00" testType="13cdc9d9-ddb5-4fa4-a97d-d965ccfc6d4b" outcome="Passed" testListId="8c84fa94-04c1-424b-9868-57a2d4851a1d" relativeResultsDirectory="bb19bca5-c7e5-421c-b10a-3b2f3e0834bb" />
    <UnitTestResult executionId="22117ee6-801b-4afe-9adf-848e495f3444" testId="4a3d3b31-f5bb-f6f0-8775-76cae220f01b" testName="IsEmptyValue_StringFilterValue_DefaultValue_ReturnsTrue" computerName="DKSR-EFI-04" duration="00:00:00.0015716" startTime="2023-12-22T09:36:28.7977128+01:00" endTime="2023-12-22T09:36:28.7996761+01:00" testType="13cdc9d9-ddb5-4fa4-a97d-d965ccfc6d4b" outcome="Passed" testListId="8c84fa94-04c1-424b-9868-57a2d4851a1d" relativeResultsDirectory="22117ee6-801b-4afe-9adf-848e495f3444" />
    <UnitTestResult executionId="61d4fe8e-015d-47ba-beb8-fb36b8466625" testId="3d56290e-3e3f-353b-dfc8-249444061e6c" testName="ReadXml_ShouldReadTransformationContents_WhenTransformationIsPresent" computerName="DKSR-EFI-04" duration="00:00:00.0016335" startTime="2023-12-22T09:36:31.1118038+01:00" endTime="2023-12-22T09:36:31.1136411+01:00" testType="13cdc9d9-ddb5-4fa4-a97d-d965ccfc6d4b" outcome="Passed" testListId="8c84fa94-04c1-424b-9868-57a2d4851a1d" relativeResultsDirectory="61d4fe8e-015d-47ba-beb8-fb36b8466625" />
    <UnitTestResult executionId="55f3c2bc-127b-4b99-b907-a2de0c826baa" testId="6e4090e6-94bd-7c50-aeb3-2559b9307fcd" testName="Construct3_And_Field_Check" computerName="DKSR-EFI-04" duration="00:00:00.0117326" startTime="2023-12-22T09:36:02.9280028+01:00" endTime="2023-12-22T09:36:02.9399387+01:00" testType="13cdc9d9-ddb5-4fa4-a97d-d965ccfc6d4b" outcome="Passed" testListId="8c84fa94-04c1-424b-9868-57a2d4851a1d" relativeResultsDirectory="55f3c2bc-127b-4b99-b907-a2de0c826baa" />
    <UnitTestResult executionId="201437d8-d0c8-4af7-b1a2-6c5b32984b56" testId="9aaf4622-5926-683b-8683-a0f59ca6a06c" testName="GetPropertiesAsync_FirstInvocationCancelled_DelegatedToInternalMethodOnce" computerName="DKSR-EFI-04" duration="00:00:00.0046538" startTime="2023-12-22T09:36:29.1173183+01:00" endTime="2023-12-22T09:36:29.1223037+01:00" testType="13cdc9d9-ddb5-4fa4-a97d-d965ccfc6d4b" outcome="Passed" testListId="8c84fa94-04c1-424b-9868-57a2d4851a1d" relativeResultsDirectory="201437d8-d0c8-4af7-b1a2-6c5b32984b56" />
    <UnitTestResult executionId="89d82fdd-ba3d-4337-b723-36fd47c13fea" testId="5a81ef7d-e348-ad91-56ea-2f873a9d2e52" testName="ReadXml_ShouldReadObjectContents_WhenObjectIsPresent" computerName="DKSR-EFI-04" duration="00:00:00.0017201" startTime="2023-12-22T09:36:31.1226010+01:00" endTime="2023-12-22T09:36:31.1244923+01:00" testType="13cdc9d9-ddb5-4fa4-a97d-d965ccfc6d4b" outcome="Passed" testListId="8c84fa94-04c1-424b-9868-57a2d4851a1d" relativeResultsDirectory="89d82fdd-ba3d-4337-b723-36fd47c13fea" />
    <UnitTestResult executionId="1f2f02e6-3dce-4f91-b447-e1881c3dcf8c" testId="4488607e-daf9-d699-495a-d1b43687da23" testName="Serialize_TestCases (Verify root Object (not null) property get property value)" computerName="DKSR-EFI-04" duration="00:00:00.0028411" startTime="2023-12-22T09:36:28.2295865+01:00" endTime="2023-12-22T09:36:28.2328499+01:00" testType="13cdc9d9-ddb5-4fa4-a97d-d965ccfc6d4b" outcome="Passed" testListId="8c84fa94-04c1-424b-9868-57a2d4851a1d" relativeResultsDirectory="1f2f02e6-3dce-4f91-b447-e1881c3dcf8c" />
    <UnitTestResult executionId="c9d94834-a55b-4bc7-a58e-5b50ab5b9aa7" testId="7727673d-f909-602e-c023-298e3154bee0" testName="GetNearest_ShouldReturnFirstElementFromToolkitResponse_WhenTimestampIsBeforeFirstElementInResponse" computerName="DKSR-EFI-04" duration="00:00:00.0028480" startTime="2023-12-22T09:36:32.8892059+01:00" endTime="2023-12-22T09:36:32.8922583+01:00" testType="13cdc9d9-ddb5-4fa4-a97d-d965ccfc6d4b" outcome="Passed" testListId="8c84fa94-04c1-424b-9868-57a2d4851a1d" relativeResultsDirectory="c9d94834-a55b-4bc7-a58e-5b50ab5b9aa7" />
    <UnitTestResult executionId="bc7cc39c-f584-4af3-a37c-fef0791683ee" testId="d6cb1369-2679-afac-cddc-39c82a30eafa" testName="Constructor_ShouldThrowArgumentxception_WhenItemIsNotAMetadataDevice" computerName="DKSR-EFI-04" duration="00:00:00.0009816" startTime="2023-12-22T09:36:32.7961387+01:00" endTime="2023-12-22T09:36:32.7973695+01:00" testType="13cdc9d9-ddb5-4fa4-a97d-d965ccfc6d4b" outcome="Passed" testListId="8c84fa94-04c1-424b-9868-57a2d4851a1d" relativeResultsDirectory="bc7cc39c-f584-4af3-a37c-fef0791683ee" />
    <UnitTestResult executionId="702d2938-402c-49cb-8cf1-e103c5c9b66f" testId="5d644acb-4f60-31db-754d-a101236e8d7f" testName="WriteXml_ShouldOmitElements_WhenDataIsNotPresent" computerName="DKSR-EFI-04" duration="00:00:00.0002679" startTime="2023-12-22T09:36:31.4350873+01:00" endTime="2023-12-22T09:36:31.4355346+01:00" testType="13cdc9d9-ddb5-4fa4-a97d-d965ccfc6d4b" outcome="Passed" testListId="8c84fa94-04c1-424b-9868-57a2d4851a1d" relativeResultsDirectory="702d2938-402c-49cb-8cf1-e103c5c9b66f" />
    <UnitTestResult executionId="67ec4453-a798-48b0-913f-b3830f56bfb8" testId="42e108f3-1735-015e-fab8-d9a77a62ea31" testName="GetIdFromPath_ShouldReturnNull_FromNullPath" computerName="DKSR-EFI-04" duration="00:00:00.0002662" startTime="2023-12-22T09:36:32.9970930+01:00" endTime="2023-12-22T09:36:32.9975459+01:00" testType="13cdc9d9-ddb5-4fa4-a97d-d965ccfc6d4b" outcome="Passed" testListId="8c84fa94-04c1-424b-9868-57a2d4851a1d" relativeResultsDirectory="67ec4453-a798-48b0-913f-b3830f56bfb8" />
    <UnitTestResult executionId="cf7f7660-76ab-4e1d-94e0-e9847be0de9a" testId="976b8c92-7e7b-e3a1-3453-2a2b85e725d2" testName="Serialize_TestCases (Verify root Object (null) property get property value)" computerName="DKSR-EFI-04" duration="00:00:00.0002284" startTime="2023-12-22T09:36:28.2210773+01:00" endTime="2023-12-22T09:36:28.2222655+01:00" testType="13cdc9d9-ddb5-4fa4-a97d-d965ccfc6d4b" outcome="Passed" testListId="8c84fa94-04c1-424b-9868-57a2d4851a1d" relativeResultsDirectory="cf7f7660-76ab-4e1d-94e0-e9847be0de9a" />
    <UnitTestResult executionId="c01e1d75-e92d-48cd-8da0-840dd7e3d1b2" testId="b9540196-20ef-0b94-a46f-e6138983b660" testName="ParseMetadataXmlWithString_ShouldThrowXmlException_WhenXmlIsEmpty" computerName="DKSR-EFI-04" duration="00:00:00.0007255" startTime="2023-12-22T09:36:31.1650737+01:00" endTime="2023-12-22T09:36:31.1660066+01:00" testType="13cdc9d9-ddb5-4fa4-a97d-d965ccfc6d4b" outcome="Passed" testListId="8c84fa94-04c1-424b-9868-57a2d4851a1d" relativeResultsDirectory="c01e1d75-e92d-48cd-8da0-840dd7e3d1b2" />
    <UnitTestResult executionId="1f80cfd6-6634-4127-8e00-affb653951af" testId="03a83ade-8d54-5619-5fb4-492194211717" testName="TestStartSearch_NullDefinitions_Failure" computerName="DKSR-EFI-04" duration="00:00:00.0021944" startTime="2023-12-22T09:36:28.9420005+01:00" endTime="2023-12-22T09:36:28.9444960+01:00" testType="13cdc9d9-ddb5-4fa4-a97d-d965ccfc6d4b" outcome="Passed" testListId="8c84fa94-04c1-424b-9868-57a2d4851a1d" relativeResultsDirectory="1f80cfd6-6634-4127-8e00-affb653951af" />
    <UnitTestResult executionId="4d6c2a7e-9e2c-4e8d-b07c-fc3fc93a14f7" testId="322a76e2-9465-203a-fa3f-db73d4f489c4" testName="Ctor_OneStandardFilter_Success" computerName="DKSR-EFI-04" duration="00:00:00.0027859" startTime="2023-12-22T09:36:30.2187355+01:00" endTime="2023-12-22T09:36:30.2217772+01:00" testType="13cdc9d9-ddb5-4fa4-a97d-d965ccfc6d4b" outcome="Passed" testListId="8c84fa94-04c1-424b-9868-57a2d4851a1d" relativeResultsDirectory="4d6c2a7e-9e2c-4e8d-b07c-fc3fc93a14f7" />
    <UnitTestResult executionId="6299ee77-57d8-4698-b3f9-cb4102e935ed" testId="d15cb015-1a80-6a1c-c85a-3f61077a2db7" testName="GetPreviousDateTime_ShouldReturnLastDataEntityFromSecondToolkitCall_WhenDateIsAfterFirstCachedValue" computerName="DKSR-EFI-04" duration="00:00:00.0019411" startTime="2023-12-22T09:36:32.8649605+01:00" endTime="2023-12-22T09:36:32.8670976+01:00" testType="13cdc9d9-ddb5-4fa4-a97d-d965ccfc6d4b" outcome="Passed" testListId="8c84fa94-04c1-424b-9868-57a2d4851a1d" relativeResultsDirectory="6299ee77-57d8-4698-b3f9-cb4102e935ed" />
    <UnitTestResult executionId="65e9567a-3a19-4cbc-adec-3328bd20ce56" testId="b6cf4406-22c8-107a-cae8-fc1d204c4130" testName="SetChildren_Set_NoChildren_And_Check" computerName="DKSR-EFI-04" duration="00:00:00.0109656" startTime="2023-12-22T09:36:03.0070770+01:00" endTime="2023-12-22T09:36:03.0182404+01:00" testType="13cdc9d9-ddb5-4fa4-a97d-d965ccfc6d4b" outcome="Passed" testListId="8c84fa94-04c1-424b-9868-57a2d4851a1d" relativeResultsDirectory="65e9567a-3a19-4cbc-adec-3328bd20ce56" />
    <UnitTestResult executionId="44cb0da4-4d05-407b-a2bc-335d17e663c0" testId="773f1d7a-65a5-fa09-a454-1d73dbdebf1c" testName="GenerateParameters_ShouldCallGenerateDeviceParametersWithCorrectPrefix_WhenThereAreMetadataDevices" computerName="DKSR-EFI-04" duration="00:00:00.0023916" startTime="2023-12-22T09:36:32.6140145+01:00" endTime="2023-12-22T09:36:32.6166362+01:00" testType="13cdc9d9-ddb5-4fa4-a97d-d965ccfc6d4b" outcome="Passed" testListId="8c84fa94-04c1-424b-9868-57a2d4851a1d" relativeResultsDirectory="44cb0da4-4d05-407b-a2bc-335d17e663c0" />
    <UnitTestResult executionId="f3eec0e1-fff8-4399-9630-66ccc16283c1" testId="7cd2c95d-3a22-0d5c-c07f-69fa30ef94a1" testName="GetTranslations_Success" computerName="DKSR-EFI-04" duration="00:00:00.0015574" startTime="2023-12-22T09:36:30.7541370+01:00" endTime="2023-12-22T09:36:30.7558890+01:00" testType="13cdc9d9-ddb5-4fa4-a97d-d965ccfc6d4b" outcome="Passed" testListId="8c84fa94-04c1-424b-9868-57a2d4851a1d" relativeResultsDirectory="f3eec0e1-fff8-4399-9630-66ccc16283c1" />
    <UnitTestResult executionId="66f7deae-bdb5-4ae7-8b05-d981c3357593" testId="fbbc45ef-78b8-acb6-dc04-1e7a7f11e95a" testName="GetRelated_Success" computerName="DKSR-EFI-04" duration="00:00:00.0128014" startTime="2023-12-22T09:36:03.1565908+01:00" endTime="2023-12-22T09:36:03.1696173+01:00" testType="13cdc9d9-ddb5-4fa4-a97d-d965ccfc6d4b" outcome="Passed" testListId="8c84fa94-04c1-424b-9868-57a2d4851a1d" relativeResultsDirectory="66f7deae-bdb5-4ae7-8b05-d981c3357593" />
    <UnitTestResult executionId="cbc9fc2e-f8e5-4947-b7ab-b336f80b109d" testId="f9a09191-b933-2d00-0d6e-2a80901374f0" testName="VideoAnalytics_ShouldReturnEmptyList_WhenVideoAnalyticsHasNotBeenSet" computerName="DKSR-EFI-04" duration="00:00:00.0002043" startTime="2023-12-22T09:36:31.2999865+01:00" endTime="2023-12-22T09:36:31.3003926+01:00" testType="13cdc9d9-ddb5-4fa4-a97d-d965ccfc6d4b" outcome="Passed" testListId="8c84fa94-04c1-424b-9868-57a2d4851a1d" relativeResultsDirectory="cbc9fc2e-f8e5-4947-b7ab-b336f80b109d" />
    <UnitTestResult executionId="c156b055-8628-423d-bcdf-df60822e748c" testId="26e0371b-a9ac-efb2-5c04-9498517c8a6b" testName="CountByItems_NotActivated_Trial_Missing" computerName="DKSR-EFI-04" duration="00:00:00.0010237" startTime="2023-12-22T09:36:32.4253802+01:00" endTime="2023-12-22T09:36:32.4266274+01:00" testType="13cdc9d9-ddb5-4fa4-a97d-d965ccfc6d4b" outcome="Passed" testListId="8c84fa94-04c1-424b-9868-57a2d4851a1d" relativeResultsDirectory="c156b055-8628-423d-bcdf-df60822e748c" />
    <UnitTestResult executionId="0bbf2787-be1d-464e-b179-d784c96533d3" testId="f433ef44-22f0-31c9-303b-7dece7f9527e" testName="ParseMetadataXmlWithString_ShouldThrowXmlException_WhenXmlIsUnregonized" computerName="DKSR-EFI-04" duration="00:00:00.0030588" startTime="2023-12-22T09:36:31.1667889+01:00" endTime="2023-12-22T09:36:31.1700598+01:00" testType="13cdc9d9-ddb5-4fa4-a97d-d965ccfc6d4b" outcome="Passed" testListId="8c84fa94-04c1-424b-9868-57a2d4851a1d" relativeResultsDirectory="0bbf2787-be1d-464e-b179-d784c96533d3" />
    <UnitTestResult executionId="78906a06-6e16-4557-a552-c9e15f6d1365" testId="bc614819-04cb-60f8-8b25-b74350480ed8" testName="ReadXml_ShouldReadBoundingBox_WhenBoundingBoxIsPresent" computerName="DKSR-EFI-04" duration="00:00:00.0008946" startTime="2023-12-22T09:36:31.5459407+01:00" endTime="2023-12-22T09:36:31.5470228+01:00" testType="13cdc9d9-ddb5-4fa4-a97d-d965ccfc6d4b" outcome="Passed" testListId="8c84fa94-04c1-424b-9868-57a2d4851a1d" relativeResultsDirectory="78906a06-6e16-4557-a552-c9e15f6d1365" />
    <UnitTestResult executionId="921ca4d2-6127-43e4-b1a3-c0fdec46c501" testId="d4c22c7c-b6a3-cfbe-dc7f-cc4ae42c5d11" testName="Serialize_TestCases (Verify root Generic (null) property get property value)" computerName="DKSR-EFI-04" duration="00:00:00.0001795" startTime="2023-12-22T09:36:28.2817518+01:00" endTime="2023-12-22T09:36:28.2822484+01:00" testType="13cdc9d9-ddb5-4fa4-a97d-d965ccfc6d4b" outcome="Passed" testListId="8c84fa94-04c1-424b-9868-57a2d4851a1d" relativeResultsDirectory="921ca4d2-6127-43e4-b1a3-c0fdec46c501" />
    <UnitTestResult executionId="e1472d6d-ee5e-4cf9-b21c-d32fc5cdfcb6" testId="d398ef55-2762-6fec-9ad2-1f14cb2a9d60" testName="ReadXml_ShouldSetAllPropertiesToZero_WhenElementIsEmpty" computerName="DKSR-EFI-04" duration="00:00:00.0116184" startTime="2023-12-22T09:36:31.0166924+01:00" endTime="2023-12-22T09:36:31.0288072+01:00" testType="13cdc9d9-ddb5-4fa4-a97d-d965ccfc6d4b" outcome="Passed" testListId="8c84fa94-04c1-424b-9868-57a2d4851a1d" relativeResultsDirectory="e1472d6d-ee5e-4cf9-b21c-d32fc5cdfcb6" />
    <UnitTestResult executionId="768f3af0-2f7d-44bd-bc36-e8b680df6184" testId="cad83f52-1e7f-4b34-02e2-b7d439893234" testName="Parse_Double_Invalid_end" computerName="DKSR-EFI-04" duration="00:00:00.0003374" startTime="2023-12-22T09:36:30.4613380+01:00" endTime="2023-12-22T09:36:30.4619215+01:00" testType="13cdc9d9-ddb5-4fa4-a97d-d965ccfc6d4b" outcome="Passed" testListId="8c84fa94-04c1-424b-9868-57a2d4851a1d" relativeResultsDirectory="768f3af0-2f7d-44bd-bc36-e8b680df6184" />
    <UnitTestResult executionId="85304cfb-a946-4aee-8fa9-bc728660a3f4" testId="ba7694f7-ee6f-6343-b447-699651d9d6f9" testName="FindCacheEntryAfter_ShuldReturnEntryAfterTimeStamp_WhenThereIsAnEntryAfterTheTimestamp" computerName="DKSR-EFI-04" duration="00:00:00.0012649" startTime="2023-12-22T09:36:32.6291531+01:00" endTime="2023-12-22T09:36:32.6306180+01:00" testType="13cdc9d9-ddb5-4fa4-a97d-d965ccfc6d4b" outcome="Passed" testListId="8c84fa94-04c1-424b-9868-57a2d4851a1d" relativeResultsDirectory="85304cfb-a946-4aee-8fa9-bc728660a3f4" />
    <UnitTestResult executionId="6ca99e93-108f-4cf3-afcc-30cfaa622cf0" testId="187a3c1b-b8b9-e08a-2f65-c787e6bb630a" testName="AddFilterValue_NonExistingValue_FirstValue_Success" computerName="DKSR-EFI-04" duration="00:00:00.0243259" startTime="2023-12-22T09:36:28.6794544+01:00" endTime="2023-12-22T09:36:28.7040610+01:00" testType="13cdc9d9-ddb5-4fa4-a97d-d965ccfc6d4b" outcome="Passed" testListId="8c84fa94-04c1-424b-9868-57a2d4851a1d" relativeResultsDirectory="6ca99e93-108f-4cf3-afcc-30cfaa622cf0" />
    <UnitTestResult executionId="81347db6-dffe-408e-8e8d-313f28b97dbc" testId="f33839d1-0a95-c027-0a9d-468e94c3e8f8" testName="EqualGuids_Fail_OnServerIdNull" computerName="DKSR-EFI-04" duration="00:00:00.0003430" startTime="2023-12-22T09:36:02.7104050+01:00" endTime="2023-12-22T09:36:02.7108575+01:00" testType="13cdc9d9-ddb5-4fa4-a97d-d965ccfc6d4b" outcome="Passed" testListId="8c84fa94-04c1-424b-9868-57a2d4851a1d" relativeResultsDirectory="81347db6-dffe-408e-8e8d-313f28b97dbc" />
    <UnitTestResult executionId="69a7be43-444c-4c9a-aae8-ca2109d405cb" testId="1231dbfb-8caf-95d4-fa10-3201d28cc912" testName="ReadXml_ShouldIgnoreAppearance_WhenAppearanceIsPresenWithWrongNamespace" computerName="DKSR-EFI-04" duration="00:00:00.0002588" startTime="2023-12-22T09:36:31.4271082+01:00" endTime="2023-12-22T09:36:31.4275939+01:00" testType="13cdc9d9-ddb5-4fa4-a97d-d965ccfc6d4b" outcome="Passed" testListId="8c84fa94-04c1-424b-9868-57a2d4851a1d" relativeResultsDirectory="69a7be43-444c-4c9a-aae8-ca2109d405cb" />
    <UnitTestResult executionId="eefb303c-677d-4889-998c-ce7d436ab1fd" testId="778619f0-485d-357c-9339-4267244fb799" testName="Get_NoElements_ReturnsNull" computerName="DKSR-EFI-04" duration="00:00:00.0002349" startTime="2023-12-22T09:36:15.4951394+01:00" endTime="2023-12-22T09:36:15.4955352+01:00" testType="13cdc9d9-ddb5-4fa4-a97d-d965ccfc6d4b" outcome="Passed" testListId="8c84fa94-04c1-424b-9868-57a2d4851a1d" relativeResultsDirectory="eefb303c-677d-4889-998c-ce7d436ab1fd" />
    <UnitTestResult executionId="b5395fcc-173e-41ff-a7db-217b584030ed" testId="9c47fe03-c56a-043e-ff88-e2633670fc9e" testName="ProvideValue_ShouldUseContentTemplate_WhenSelectedItemIsVideoOSDropDownItem" computerName="DKSR-EFI-04" duration="00:00:00.0060535" startTime="2023-12-22T09:36:26.5477351+01:00" endTime="2023-12-22T09:36:26.6527240+01:00" testType="13cdc9d9-ddb5-4fa4-a97d-d965ccfc6d4b" outcome="Passed" testListId="8c84fa94-04c1-424b-9868-57a2d4851a1d" relativeResultsDirectory="b5395fcc-173e-41ff-a7db-217b584030ed" />
    <UnitTestResult executionId="94a389f5-dc6e-4635-979d-1a37a5a5533e" testId="ab352261-f7fb-4de5-d0ab-b3696dc3f865" testName="WriteXml_ShouldWriteRemovedElementBeforeIdleElement_WhenBothAreSet" computerName="DKSR-EFI-04" duration="00:00:00.0003201" startTime="2023-12-22T09:36:30.9293764+01:00" endTime="2023-12-22T09:36:30.9298882+01:00" testType="13cdc9d9-ddb5-4fa4-a97d-d965ccfc6d4b" outcome="Passed" testListId="8c84fa94-04c1-424b-9868-57a2d4851a1d" relativeResultsDirectory="94a389f5-dc6e-4635-979d-1a37a5a5533e" />
    <UnitTestResult executionId="daa62e24-e6ac-4763-87ac-39e75e86f247" testId="01bc0fde-c67c-6987-54c2-b9ed8c5df445" testName="ProvideValue_ShouldUseContentTemplate_WhenSelectedItemIsCustomItem" computerName="DKSR-EFI-04" duration="00:00:00.0279643" startTime="2023-12-22T09:36:26.6536611+01:00" endTime="2023-12-22T09:36:26.7565220+01:00" testType="13cdc9d9-ddb5-4fa4-a97d-d965ccfc6d4b" outcome="Passed" testListId="8c84fa94-04c1-424b-9868-57a2d4851a1d" relativeResultsDirectory="daa62e24-e6ac-4763-87ac-39e75e86f247" />
    <UnitTestResult executionId="2c90414d-d980-46f0-a5d8-481efc96d873" testId="6df640a9-0a50-74d8-fe7f-d3add40b9424" testName="ReadXml_ShouldLogWarningOnlyOnceWithinOneMinute_WhenIncompleteScaleIsPresent" computerName="DKSR-EFI-04" duration="00:00:00.0017924" startTime="2023-12-22T09:36:31.6506121+01:00" endTime="2023-12-22T09:36:31.6526041+01:00" testType="13cdc9d9-ddb5-4fa4-a97d-d965ccfc6d4b" outcome="Passed" testListId="8c84fa94-04c1-424b-9868-57a2d4851a1d" relativeResultsDirectory="2c90414d-d980-46f0-a5d8-481efc96d873" />
    <UnitTestResult executionId="5124a238-d7a5-49c2-9e50-dfee2df722d2" testId="77c15838-368f-705c-d0c8-46e47de3c659" testName="FindCacheEntryBefore_ShuldReturnNull_WhenThereAreNoEntriesbeforeTheTimestamp" computerName="DKSR-EFI-04" duration="00:00:00.0003517" startTime="2023-12-22T09:36:32.6366432+01:00" endTime="2023-12-22T09:36:32.6371747+01:00" testType="13cdc9d9-ddb5-4fa4-a97d-d965ccfc6d4b" outcome="Passed" testListId="8c84fa94-04c1-424b-9868-57a2d4851a1d" relativeResultsDirectory="5124a238-d7a5-49c2-9e50-dfee2df722d2" />
    <UnitTestResult executionId="c9bdf90b-e020-42fe-b200-e865d3859a2c" testId="20233fe2-b748-308d-725e-1b3b65fd4fc4" testName="Minimize_ShouldReturnOneInterval_WhenListContainsThreeOverlappingIntervals" computerName="DKSR-EFI-04" duration="00:00:00.0005577" startTime="2023-12-22T09:36:15.3341692+01:00" endTime="2023-12-22T09:36:15.3348461+01:00" testType="13cdc9d9-ddb5-4fa4-a97d-d965ccfc6d4b" outcome="Passed" testListId="8c84fa94-04c1-424b-9868-57a2d4851a1d" relativeResultsDirectory="c9bdf90b-e020-42fe-b200-e865d3859a2c" />
    <UnitTestResult executionId="254656fc-c599-4951-930c-f6fd83d52452" testId="c4d26256-1744-c2d0-2a14-fe21640d4fe1" testName="GetNext_ShouldReturnNull_WhenCacheHasJustBenLoadedWithNewData" computerName="DKSR-EFI-04" duration="00:00:00.0003713" startTime="2023-12-22T09:36:32.6606257+01:00" endTime="2023-12-22T09:36:32.6611915+01:00" testType="13cdc9d9-ddb5-4fa4-a97d-d965ccfc6d4b" outcome="Passed" testListId="8c84fa94-04c1-424b-9868-57a2d4851a1d" relativeResultsDirectory="254656fc-c599-4951-930c-f6fd83d52452" />
    <UnitTestResult executionId="018948b6-e027-4112-941a-f48a38e843f1" testId="8e518cf6-5cc7-9578-86bd-3ad3afaceaf7" testName="Equals_ShouldReturnFalse_WhenOnlyIdsAreDifferent" computerName="DKSR-EFI-04" duration="00:00:00.0002739" startTime="2023-12-22T09:36:04.1739617+01:00" endTime="2023-12-22T09:36:04.1743583+01:00" testType="13cdc9d9-ddb5-4fa4-a97d-d965ccfc6d4b" outcome="Passed" testListId="8c84fa94-04c1-424b-9868-57a2d4851a1d" relativeResultsDirectory="018948b6-e027-4112-941a-f48a38e843f1" />
    <UnitTestResult executionId="53808789-1306-4462-a605-8b866483fe41" testId="3b7c8552-7a62-bee2-027f-19ba6bd6ceca" testName="Given_Exception_WhenSerializingAndDeserialing_Then_AllContentIsPreserved" computerName="DKSR-EFI-04" duration="00:00:00.2387717" startTime="2023-12-22T09:36:03.8863125+01:00" endTime="2023-12-22T09:36:04.1254985+01:00" testType="13cdc9d9-ddb5-4fa4-a97d-d965ccfc6d4b" outcome="Passed" testListId="8c84fa94-04c1-424b-9868-57a2d4851a1d" relativeResultsDirectory="53808789-1306-4462-a605-8b866483fe41" />
    <UnitTestResult executionId="89ea9d26-aca7-4d27-9664-5524f124ce16" testId="1efc39b0-1d4c-64ee-c593-37f0c14e8022" testName="TestStartSearch_WithoutSortOrder_Success" computerName="DKSR-EFI-04" duration="00:00:00.0035135" startTime="2023-12-22T09:36:28.9797043+01:00" endTime="2023-12-22T09:36:28.9834409+01:00" testType="13cdc9d9-ddb5-4fa4-a97d-d965ccfc6d4b" outcome="Passed" testListId="8c84fa94-04c1-424b-9868-57a2d4851a1d" relativeResultsDirectory="89ea9d26-aca7-4d27-9664-5524f124ce16" />
    <UnitTestResult executionId="b94186ba-8699-44fd-aac0-f7ed28d70419" testId="e9e566d8-8c2f-a5c9-6e03-2549ae458328" testName="Serialize_ShouldIncludeOptionDecorations_WhenPropertyIsObjectAndNoPropertiesRequestedInPath" computerName="DKSR-EFI-04" duration="00:00:00.0006442" startTime="2023-12-22T09:36:28.1768111+01:00" endTime="2023-12-22T09:36:28.1776601+01:00" testType="13cdc9d9-ddb5-4fa4-a97d-d965ccfc6d4b" outcome="Passed" testListId="8c84fa94-04c1-424b-9868-57a2d4851a1d" relativeResultsDirectory="b94186ba-8699-44fd-aac0-f7ed28d70419" />
    <UnitTestResult executionId="858f73b9-78ae-4746-b4ef-8dbf29b71dbc" testId="03519c29-5d68-745a-351e-45c267ad13e8" testName="CollectionReplaced_ShouldInvokeCallback_WhenNotObservable" computerName="DKSR-EFI-04" duration="00:00:00.0021349" startTime="2023-12-22T09:36:24.8636212+01:00" endTime="2023-12-22T09:36:24.9380233+01:00" testType="13cdc9d9-ddb5-4fa4-a97d-d965ccfc6d4b" outcome="Passed" testListId="8c84fa94-04c1-424b-9868-57a2d4851a1d" relativeResultsDirectory="858f73b9-78ae-4746-b4ef-8dbf29b71dbc" />
    <UnitTestResult executionId="23b730bd-6322-4b37-a43c-77f953c55b77" testId="0bab0433-8652-888f-3edd-7e1d722c4c52" testName="Serialize_TestCases (TestParentTypeMatchInterfaceThisTypeNotMatchedProperty)" computerName="DKSR-EFI-04" duration="00:00:00.0005388" startTime="2023-12-22T09:36:28.3827578+01:00" endTime="2023-12-22T09:36:28.3836053+01:00" testType="13cdc9d9-ddb5-4fa4-a97d-d965ccfc6d4b" outcome="Passed" testListId="8c84fa94-04c1-424b-9868-57a2d4851a1d" relativeResultsDirectory="23b730bd-6322-4b37-a43c-77f953c55b77" />
    <UnitTestResult executionId="1d40b83b-9ac9-496d-a13b-a3ea7f35e734" testId="66e61549-2664-849a-b0d5-68906d176e33" testName="Construct_Server_ServerIdOnly_checked" computerName="DKSR-EFI-04" duration="00:00:00.0448181" startTime="2023-12-22T09:36:02.5551544+01:00" endTime="2023-12-22T09:36:02.6002412+01:00" testType="13cdc9d9-ddb5-4fa4-a97d-d965ccfc6d4b" outcome="Passed" testListId="8c84fa94-04c1-424b-9868-57a2d4851a1d" relativeResultsDirectory="1d40b83b-9ac9-496d-a13b-a3ea7f35e734" />
    <UnitTestResult executionId="d21c39b0-ab46-4549-9367-bb409f65efe1" testId="1785bf0a-686c-ffbf-697b-cc5c423923de" testName="TestSearchFilterCategories_Success" computerName="DKSR-EFI-04" duration="00:00:00.0273093" startTime="2023-12-22T09:36:28.8751480+01:00" endTime="2023-12-22T09:36:28.9027027+01:00" testType="13cdc9d9-ddb5-4fa4-a97d-d965ccfc6d4b" outcome="Passed" testListId="8c84fa94-04c1-424b-9868-57a2d4851a1d" relativeResultsDirectory="d21c39b0-ab46-4549-9367-bb409f65efe1" />
    <UnitTestResult executionId="c991deda-a6ec-4382-89e6-95d67bc6df83" testId="63299308-d7dd-b56e-acf5-b1b102f32d4f" testName="ReadXml_ShouldReadYAttribute_WhenPresent" computerName="DKSR-EFI-04" duration="00:00:00.0003477" startTime="2023-12-22T09:36:31.6790118+01:00" endTime="2023-12-22T09:36:31.6796086+01:00" testType="13cdc9d9-ddb5-4fa4-a97d-d965ccfc6d4b" outcome="Passed" testListId="8c84fa94-04c1-424b-9868-57a2d4851a1d" relativeResultsDirectory="c991deda-a6ec-4382-89e6-95d67bc6df83" />
    <UnitTestResult executionId="09c46ae9-3f9f-4737-adc7-15f9e39ae5bf" testId="0f5489b1-8ac4-9204-17f4-b55749ac6490" testName="Enabled_Properties_With_Enable_True_success" computerName="DKSR-EFI-04" duration="00:00:00.0113184" startTime="2023-12-22T09:36:03.7877936+01:00" endTime="2023-12-22T09:36:03.8000788+01:00" testType="13cdc9d9-ddb5-4fa4-a97d-d965ccfc6d4b" outcome="Passed" testListId="8c84fa94-04c1-424b-9868-57a2d4851a1d" relativeResultsDirectory="09c46ae9-3f9f-4737-adc7-15f9e39ae5bf" />
    <UnitTestResult executionId="d169dffa-bb1b-4da9-b7f8-a03eb78fe6fd" testId="781c6c8a-3177-25ba-5828-fb732829d7b1" testName="Decrypt_ShouldThrowMIPException_WhenCalledOnFIPSEnabledMachine" computerName="DKSR-EFI-04" duration="00:00:00.0012949" startTime="2023-12-22T09:36:32.3749649+01:00" endTime="2023-12-22T09:36:32.3765046+01:00" testType="13cdc9d9-ddb5-4fa4-a97d-d965ccfc6d4b" outcome="Passed" testListId="8c84fa94-04c1-424b-9868-57a2d4851a1d" relativeResultsDirectory="d169dffa-bb1b-4da9-b7f8-a03eb78fe6fd" />
    <UnitTestResult executionId="ff742f03-3bc6-4397-9334-beef613db9da" testId="8601fe89-72a2-9ba5-8e62-8c183b00fe8c" testName="MatchId_Success_MessageWithAsteriskAtBegin_NoBegin" computerName="DKSR-EFI-04" duration="00:00:00.0001713" startTime="2023-12-22T09:36:31.7493280+01:00" endTime="2023-12-22T09:36:31.7497005+01:00" testType="13cdc9d9-ddb5-4fa4-a97d-d965ccfc6d4b" outcome="Passed" testListId="8c84fa94-04c1-424b-9868-57a2d4851a1d" relativeResultsDirectory="ff742f03-3bc6-4397-9334-beef613db9da" />
    <UnitTestResult executionId="35f14f0b-ddbd-4157-b9bf-f06261b118d0" testId="b9119b3f-c5c3-480d-71eb-f7bd5475dbde" testName="ReadXml_ShouldNotSetIsIdle_WhenIdleElementIsPresentWithWrongNamespace" computerName="DKSR-EFI-04" duration="00:00:00.0002228" startTime="2023-12-22T09:36:30.9110136+01:00" endTime="2023-12-22T09:36:30.9114325+01:00" testType="13cdc9d9-ddb5-4fa4-a97d-d965ccfc6d4b" outcome="Passed" testListId="8c84fa94-04c1-424b-9868-57a2d4851a1d" relativeResultsDirectory="35f14f0b-ddbd-4157-b9bf-f06261b118d0" />
    <UnitTestResult executionId="0ce981e3-b609-4395-83a1-e7d8f6949a11" testId="ee569e33-e92a-4e12-13b7-cfb199db4a03" testName="SetEvents_ShouldAddProxyManager_WhenFrameworkContentElementIsLoaded" computerName="DKSR-EFI-04" duration="00:00:00.0010235" startTime="2023-12-22T09:36:28.5774063+01:00" endTime="2023-12-22T09:36:28.5898612+01:00" testType="13cdc9d9-ddb5-4fa4-a97d-d965ccfc6d4b" outcome="Passed" testListId="8c84fa94-04c1-424b-9868-57a2d4851a1d" relativeResultsDirectory="0ce981e3-b609-4395-83a1-e7d8f6949a11" />
    <UnitTestResult executionId="c3457301-c52f-4a9a-b49f-fa15a3c3607d" testId="58e16725-e739-c95e-f63b-6da9cd475080" testName="Get_Element" computerName="DKSR-EFI-04" duration="00:00:00.0001789" startTime="2023-12-22T09:36:30.4864585+01:00" endTime="2023-12-22T09:36:30.4868318+01:00" testType="13cdc9d9-ddb5-4fa4-a97d-d965ccfc6d4b" outcome="Passed" testListId="8c84fa94-04c1-424b-9868-57a2d4851a1d" relativeResultsDirectory="c3457301-c52f-4a9a-b49f-fa15a3c3607d" />
    <UnitTestResult executionId="476a615f-c761-44e4-9435-e4869e7d9f95" testId="5cdbd0d9-c8bd-a61c-82a8-354b3f579fbb" testName="Append_Property_MIPItem_UpperCase" computerName="DKSR-EFI-04" duration="00:00:00.0012077" startTime="2023-12-22T09:36:30.3660365+01:00" endTime="2023-12-22T09:36:30.3674733+01:00" testType="13cdc9d9-ddb5-4fa4-a97d-d965ccfc6d4b" outcome="Passed" testListId="8c84fa94-04c1-424b-9868-57a2d4851a1d" relativeResultsDirectory="476a615f-c761-44e4-9435-e4869e7d9f95" />
    <UnitTestResult executionId="3e769484-b374-4a57-aadd-0065c20cf86b" testId="64b0134b-ebd0-fae9-7bd6-e6237d9640de" testName="StartAndCloseAll_StartsAllClientsStarted_WhenLoggedOutAndClosesThem" computerName="DKSR-EFI-04" duration="00:00:00.4012001" startTime="2023-12-22T09:36:31.8635893+01:00" endTime="2023-12-22T09:36:32.2650530+01:00" testType="13cdc9d9-ddb5-4fa4-a97d-d965ccfc6d4b" outcome="Passed" testListId="8c84fa94-04c1-424b-9868-57a2d4851a1d" relativeResultsDirectory="3e769484-b374-4a57-aadd-0065c20cf86b" />
    <UnitTestResult executionId="ebaa1a1c-9ef1-4fdc-af3c-d5df4d3fedea" testId="1527d9bd-270b-3515-ebaa-bce4928c6e69" testName="Items_NullChildItem_ItemNotShown" computerName="DKSR-EFI-04" duration="00:00:00.0213821" startTime="2023-12-22T09:36:23.1296874+01:00" endTime="2023-12-22T09:36:23.1515044+01:00" testType="13cdc9d9-ddb5-4fa4-a97d-d965ccfc6d4b" outcome="Passed" testListId="8c84fa94-04c1-424b-9868-57a2d4851a1d" relativeResultsDirectory="ebaa1a1c-9ef1-4fdc-af3c-d5df4d3fedea" />
    <UnitTestResult executionId="8a61f0a0-1d24-48a0-b3f7-024b22c5d3f2" testId="ad2e8dc8-017a-fd28-8587-9788ac26c9e0" testName="Remove_KeyPresent_ReturnsTrueAndGetReturnsNull" computerName="DKSR-EFI-04" duration="00:00:00.0003039" startTime="2023-12-22T09:36:15.5069370+01:00" endTime="2023-12-22T09:36:15.5073731+01:00" testType="13cdc9d9-ddb5-4fa4-a97d-d965ccfc6d4b" outcome="Passed" testListId="8c84fa94-04c1-424b-9868-57a2d4851a1d" relativeResultsDirectory="8a61f0a0-1d24-48a0-b3f7-024b22c5d3f2" />
    <UnitTestResult executionId="b2dfaf11-db2d-44ec-9480-32f4eff12e50" testId="0d6a360b-80b2-0c9f-819e-6ddc1b403d2d" testName="ReadXml_ShouldReadOnvifClassContents_WhenClassIsPresent" computerName="DKSR-EFI-04" duration="00:00:00.0017551" startTime="2023-12-22T09:36:30.8387384+01:00" endTime="2023-12-22T09:36:30.8406966+01:00" testType="13cdc9d9-ddb5-4fa4-a97d-d965ccfc6d4b" outcome="Passed" testListId="8c84fa94-04c1-424b-9868-57a2d4851a1d" relativeResultsDirectory="b2dfaf11-db2d-44ec-9480-32f4eff12e50" />
    <UnitTestResult executionId="c4c40193-3de6-4fb8-9b30-33f991553323" testId="8a0529d6-a867-bdfa-4c0f-fc7fea5b6129" testName="Serialize_ToString" computerName="DKSR-EFI-04" duration="00:00:00.0113054" startTime="2023-12-22T09:36:03.6930363+01:00" endTime="2023-12-22T09:36:03.7045577+01:00" testType="13cdc9d9-ddb5-4fa4-a97d-d965ccfc6d4b" outcome="Passed" testListId="8c84fa94-04c1-424b-9868-57a2d4851a1d" relativeResultsDirectory="c4c40193-3de6-4fb8-9b30-33f991553323" />
    <UnitTestResult executionId="9c39867f-7a81-488a-ab5e-1f175ad53fc0" testId="0138d714-b11a-1112-3975-544e9807700f" testName="EndTimeShouldReturnConstructorParameter" computerName="DKSR-EFI-04" duration="00:00:00.0004364" startTime="2023-12-22T09:36:32.2778121+01:00" endTime="2023-12-22T09:36:32.2784350+01:00" testType="13cdc9d9-ddb5-4fa4-a97d-d965ccfc6d4b" outcome="Passed" testListId="8c84fa94-04c1-424b-9868-57a2d4851a1d" relativeResultsDirectory="9c39867f-7a81-488a-ab5e-1f175ad53fc0" />
    <UnitTestResult executionId="84b78c7f-758f-49a8-8a1b-b9f0f62098d0" testId="0f6413c0-cc42-e14e-f2e9-6c1a7fb644a7" testName="Get_NullKey_Throws" computerName="DKSR-EFI-04" duration="00:00:00.0095412" startTime="2023-12-22T09:36:15.4845462+01:00" endTime="2023-12-22T09:36:15.4945260+01:00" testType="13cdc9d9-ddb5-4fa4-a97d-d965ccfc6d4b" outcome="Passed" testListId="8c84fa94-04c1-424b-9868-57a2d4851a1d" relativeResultsDirectory="84b78c7f-758f-49a8-8a1b-b9f0f62098d0" />
    <UnitTestResult executionId="d67965f2-d29b-41a4-b100-3dc53a529be2" testId="984bc27d-a5c7-32fa-f1e8-153a12469bdb" testName="MipItems_Property_Collection_NotEmpty" computerName="DKSR-EFI-04" duration="00:00:00.0006727" startTime="2023-12-22T09:36:23.0100507+01:00" endTime="2023-12-22T09:36:23.0111075+01:00" testType="13cdc9d9-ddb5-4fa4-a97d-d965ccfc6d4b" outcome="Passed" testListId="8c84fa94-04c1-424b-9868-57a2d4851a1d" relativeResultsDirectory="d67965f2-d29b-41a4-b100-3dc53a529be2" />
    <UnitTestResult executionId="a2f4b4ac-02ed-4907-b0f0-0de5ce4a872c" testId="4937d7ac-b3aa-c23d-f312-18cd0c6ed990" testName="WriteXml_ShouldWriteCenterOfGravityElement_WhenCenterOfGravityIsNotNull" computerName="DKSR-EFI-04" duration="00:00:00.0011806" startTime="2023-12-22T09:36:31.5982630+01:00" endTime="2023-12-22T09:36:31.5996478+01:00" testType="13cdc9d9-ddb5-4fa4-a97d-d965ccfc6d4b" outcome="Passed" testListId="8c84fa94-04c1-424b-9868-57a2d4851a1d" relativeResultsDirectory="a2f4b4ac-02ed-4907-b0f0-0de5ce4a872c" />
    <UnitTestResult executionId="c67caf07-6471-4a1e-a151-59d9ccec5322" testId="0668f627-8706-4ec9-03ec-e3e79b2c140f" testName="GenerateParameters_ShouldWriteResolutionList_WhenResolutionSetIsNotEmpty" computerName="DKSR-EFI-04" duration="00:00:00.0010585" startTime="2023-12-22T09:36:32.5229374+01:00" endTime="2023-12-22T09:36:32.5241881+01:00" testType="13cdc9d9-ddb5-4fa4-a97d-d965ccfc6d4b" outcome="Passed" testListId="8c84fa94-04c1-424b-9868-57a2d4851a1d" relativeResultsDirectory="c67caf07-6471-4a1e-a151-59d9ccec5322" />
    <UnitTestResult executionId="2bb7f9c6-a987-4450-a380-4c6879f173e4" testId="a986cdd1-f3b8-291d-b1aa-90291a659d05" testName="Escape_Success" computerName="DKSR-EFI-04" duration="00:00:00.0010062" startTime="2023-12-22T09:36:15.2793302+01:00" endTime="2023-12-22T09:36:15.2804638+01:00" testType="13cdc9d9-ddb5-4fa4-a97d-d965ccfc6d4b" outcome="Passed" testListId="8c84fa94-04c1-424b-9868-57a2d4851a1d" relativeResultsDirectory="2bb7f9c6-a987-4450-a380-4c6879f173e4" />
    <UnitTestResult executionId="10efe509-0edc-4b9a-b78c-1e0958e588c0" testId="7e481df7-029e-9d77-33ba-d4462cdb83bc" testName="Peek_EmptyQueue_ReturnsNull" computerName="DKSR-EFI-04" duration="00:00:00.0026750" startTime="2023-12-22T09:36:15.4731348+01:00" endTime="2023-12-22T09:36:15.4760091+01:00" testType="13cdc9d9-ddb5-4fa4-a97d-d965ccfc6d4b" outcome="Passed" testListId="8c84fa94-04c1-424b-9868-57a2d4851a1d" relativeResultsDirectory="10efe509-0edc-4b9a-b78c-1e0958e588c0" />
    <UnitTestResult executionId="c46de5df-6558-4952-8e4a-02dd6fe0c607" testId="5a2f32ed-e56e-8f83-632e-04bbc55d82b2" testName="Serialize_TestCases (TestParentCollectionNotEmptyArrayProperty)" computerName="DKSR-EFI-04" duration="00:00:00.0003384" startTime="2023-12-22T09:36:28.2702652+01:00" endTime="2023-12-22T09:36:28.2709170+01:00" testType="13cdc9d9-ddb5-4fa4-a97d-d965ccfc6d4b" outcome="Passed" testListId="8c84fa94-04c1-424b-9868-57a2d4851a1d" relativeResultsDirectory="c46de5df-6558-4952-8e4a-02dd6fe0c607" />
    <UnitTestResult executionId="25890620-636c-4095-9eeb-b42a0bc17411" testId="d09566d1-6438-9687-6d98-ba12ffff4915" testName="ReadXml_ShouldReadBoldAttribute_WhenPresent" computerName="DKSR-EFI-04" duration="00:00:00.0002405" startTime="2023-12-22T09:36:31.0389235+01:00" endTime="2023-12-22T09:36:31.0393604+01:00" testType="13cdc9d9-ddb5-4fa4-a97d-d965ccfc6d4b" outcome="Passed" testListId="8c84fa94-04c1-424b-9868-57a2d4851a1d" relativeResultsDirectory="25890620-636c-4095-9eeb-b42a0bc17411" />
    <UnitTestResult executionId="0e69ec68-5327-49d9-8c98-82e3b582fc6e" testId="58acdb8f-084b-2e15-dc3a-9f779a1645ce" testName="ParseMetadataXmlWithString_ShouldReturnRootElement_WhenXmlContainsCorrectRootElement" computerName="DKSR-EFI-04" duration="00:00:00.0017621" startTime="2023-12-22T09:36:31.1726542+01:00" endTime="2023-12-22T09:36:31.1746302+01:00" testType="13cdc9d9-ddb5-4fa4-a97d-d965ccfc6d4b" outcome="Passed" testListId="8c84fa94-04c1-424b-9868-57a2d4851a1d" relativeResultsDirectory="0e69ec68-5327-49d9-8c98-82e3b582fc6e" />
    <UnitTestResult executionId="ba807722-c5bb-4023-8c97-1f652348f5cd" testId="ad88d97c-caee-1d9c-2151-7b83477290c3" testName="GetExpectedToken_ShouldReturnSHA256_WhenInputTokenHashTypeIsSHA256" computerName="DKSR-EFI-04" duration="00:00:00.0003637" startTime="2023-12-22T09:36:32.9834299+01:00" endTime="2023-12-22T09:36:32.9839710+01:00" testType="13cdc9d9-ddb5-4fa4-a97d-d965ccfc6d4b" outcome="Passed" testListId="8c84fa94-04c1-424b-9868-57a2d4851a1d" relativeResultsDirectory="ba807722-c5bb-4023-8c97-1f652348f5cd" />
    <UnitTestResult executionId="d7cae155-e527-42de-bbff-a73833834ed8" testId="040dd571-8bf0-b0e3-da88-082cc2b787fd" testName="AllAttributesWerePresent_ShouldReturnFalse_WhenLeftAttributeIsMissing" computerName="DKSR-EFI-04" duration="00:00:00.0004270" startTime="2023-12-22T09:36:31.4789268+01:00" endTime="2023-12-22T09:36:31.4806534+01:00" testType="13cdc9d9-ddb5-4fa4-a97d-d965ccfc6d4b" outcome="Passed" testListId="8c84fa94-04c1-424b-9868-57a2d4851a1d" relativeResultsDirectory="d7cae155-e527-42de-bbff-a73833834ed8" />
    <UnitTestResult executionId="9091e909-5bbf-47a6-89b4-188b1e2c4c74" testId="8c4ac38a-c3bf-bb60-df07-e7bd10fd1112" testName="ConstructWithString_Camera_FieldValues_checked" computerName="DKSR-EFI-04" duration="00:00:00.0021485" startTime="2023-12-22T09:36:02.6031779+01:00" endTime="2023-12-22T09:36:02.6054710+01:00" testType="13cdc9d9-ddb5-4fa4-a97d-d965ccfc6d4b" outcome="Passed" testListId="8c84fa94-04c1-424b-9868-57a2d4851a1d" relativeResultsDirectory="9091e909-5bbf-47a6-89b4-188b1e2c4c74" />
    <UnitTestResult executionId="78fea614-e7d0-47c3-8189-c73ce62c9b97" testId="9ef77c95-5283-32cc-e077-a32bcc727b45" testName="Minimize_ShouldReturnTwoIntervals_WhenListContainsTwoNonOverlappingIntervalsReversed" computerName="DKSR-EFI-04" duration="00:00:00.0005401" startTime="2023-12-22T09:36:15.3320807+01:00" endTime="2023-12-22T09:36:15.3327346+01:00" testType="13cdc9d9-ddb5-4fa4-a97d-d965ccfc6d4b" outcome="Passed" testListId="8c84fa94-04c1-424b-9868-57a2d4851a1d" relativeResultsDirectory="78fea614-e7d0-47c3-8189-c73ce62c9b97" />
    <UnitTestResult executionId="6085522d-63ae-486a-9b41-769ad1f45823" testId="a7dc6179-c1b7-aef9-5686-edbcfe9b120d" testName="Equals_IgnoreFolderType_Fail_OnParentId" computerName="DKSR-EFI-04" duration="00:00:00.0005181" startTime="2023-12-22T09:36:02.6884437+01:00" endTime="2023-12-22T09:36:02.6890745+01:00" testType="13cdc9d9-ddb5-4fa4-a97d-d965ccfc6d4b" outcome="Passed" testListId="8c84fa94-04c1-424b-9868-57a2d4851a1d" relativeResultsDirectory="6085522d-63ae-486a-9b41-769ad1f45823" />
    <UnitTestResult executionId="25fa7310-3931-4b9f-bf59-182ecf560657" testId="4d02d00b-2996-2f9f-95bd-26fe5f7ed1e8" testName="WriteXml_ShouldWriteObject_WhenThereIsOneObjectPresent" computerName="DKSR-EFI-04" duration="00:00:00.0021463" startTime="2023-12-22T09:36:31.1314351+01:00" endTime="2023-12-22T09:36:31.1337736+01:00" testType="13cdc9d9-ddb5-4fa4-a97d-d965ccfc6d4b" outcome="Passed" testListId="8c84fa94-04c1-424b-9868-57a2d4851a1d" relativeResultsDirectory="25fa7310-3931-4b9f-bf59-182ecf560657" />
    <UnitTestResult executionId="4cfd5eb9-21c7-4a71-ae27-27d304f752fe" testId="a0064dcf-0da1-ba4b-2406-1e7e76d7ad3a" testName="ReadXml_ShouldIgnoreUnknownLikelihoodChildren_WhenUnknownLikelihoodChildrenArePresent" computerName="DKSR-EFI-04" duration="00:00:00.0015121" startTime="2023-12-22T09:36:30.9611212+01:00" endTime="2023-12-22T09:36:30.9628250+01:00" testType="13cdc9d9-ddb5-4fa4-a97d-d965ccfc6d4b" outcome="Passed" testListId="8c84fa94-04c1-424b-9868-57a2d4851a1d" relativeResultsDirectory="4cfd5eb9-21c7-4a71-ae27-27d304f752fe" />
    <UnitTestResult executionId="daeee709-ad83-4390-bd60-2cc303421bcd" testId="a1b04750-d1fe-a25a-b502-6c3d91504173" testName="GetWithDateTime_ShouldReturnEntryAtOrBeforeFromToolkitResponse_WhenDataIsNotInCache" computerName="DKSR-EFI-04" duration="00:00:00.0037897" startTime="2023-12-22T09:36:32.9125339+01:00" endTime="2023-12-22T09:36:32.9165360+01:00" testType="13cdc9d9-ddb5-4fa4-a97d-d965ccfc6d4b" outcome="Passed" testListId="8c84fa94-04c1-424b-9868-57a2d4851a1d" relativeResultsDirectory="daeee709-ad83-4390-bd60-2cc303421bcd" />
    <UnitTestResult executionId="a5523bf9-cf7c-4ebd-b574-a53b22dd0f62" testId="5c70b94c-c2ae-ec2f-8c4d-56b452bbdede" testName="ReadXml_ShouldLogWarning_WhenIncompleteTranslateIsPresent" computerName="DKSR-EFI-04" duration="00:00:00.0017809" startTime="2023-12-22T09:36:31.6389984+01:00" endTime="2023-12-22T09:36:31.6409908+01:00" testType="13cdc9d9-ddb5-4fa4-a97d-d965ccfc6d4b" outcome="Passed" testListId="8c84fa94-04c1-424b-9868-57a2d4851a1d" relativeResultsDirectory="a5523bf9-cf7c-4ebd-b574-a53b22dd0f62" />
    <UnitTestResult executionId="04700ada-3f90-4937-90ba-e293af2d13e8" testId="f9efcab8-a490-8c63-2e77-81876b9a47ee" testName="Equals_IgnoreFolderType_Fail_OnObjectId" computerName="DKSR-EFI-04" duration="00:00:00.0004525" startTime="2023-12-22T09:36:02.6862197+01:00" endTime="2023-12-22T09:36:02.6867874+01:00" testType="13cdc9d9-ddb5-4fa4-a97d-d965ccfc6d4b" outcome="Passed" testListId="8c84fa94-04c1-424b-9868-57a2d4851a1d" relativeResultsDirectory="04700ada-3f90-4937-90ba-e293af2d13e8" />
    <UnitTestResult executionId="6f7d5f6b-d12a-4cb3-bbcc-69f528086c3d" testId="ee0b5b54-d791-b6a4-b0fb-2c250f632e6e" testName="GetNext_ShouldReturnEntryAfterFirstReturnedEntry_WhenFindCacheEntryBeforeWasCalledAndThereIsANextEntry" computerName="DKSR-EFI-04" duration="00:00:00.0003863" startTime="2023-12-22T09:36:32.6567601+01:00" endTime="2023-12-22T09:36:32.6573382+01:00" testType="13cdc9d9-ddb5-4fa4-a97d-d965ccfc6d4b" outcome="Passed" testListId="8c84fa94-04c1-424b-9868-57a2d4851a1d" relativeResultsDirectory="6f7d5f6b-d12a-4cb3-bbcc-69f528086c3d" />
    <UnitTestResult executionId="6d8386fb-cce9-441c-8269-106ef6c7d6ac" testId="a26aca48-0992-fb7f-2394-abc4cff3b453" testName="Unescape_Success" computerName="DKSR-EFI-04" duration="00:00:00.0006756" startTime="2023-12-22T09:36:15.2810426+01:00" endTime="2023-12-22T09:36:15.2818441+01:00" testType="13cdc9d9-ddb5-4fa4-a97d-d965ccfc6d4b" outcome="Passed" testListId="8c84fa94-04c1-424b-9868-57a2d4851a1d" relativeResultsDirectory="6d8386fb-cce9-441c-8269-106ef6c7d6ac" />
    <UnitTestResult executionId="ef41bb5b-4277-4b7c-9e58-1d16d5158907" testId="f54a29ea-af6b-e415-7699-17daf9b39664" testName="Serialize_TestCases (TestParentRecursiveTwoRecursiveElements)" computerName="DKSR-EFI-04" duration="00:00:00.0009338" startTime="2023-12-22T09:36:28.4796790+01:00" endTime="2023-12-22T09:36:28.4809249+01:00" testType="13cdc9d9-ddb5-4fa4-a97d-d965ccfc6d4b" outcome="Passed" testListId="8c84fa94-04c1-424b-9868-57a2d4851a1d" relativeResultsDirectory="ef41bb5b-4277-4b7c-9e58-1d16d5158907" />
    <UnitTestResult executionId="3eb8073e-a1ed-4a73-bdd8-1d7aa5c6d3c7" testId="a3ca636d-2e93-d6ba-5db9-ec0b0b5cb970" testName="ReadXml_ShouldIgnoreUnknownChildren_WhenUnknownChildrenArePresent" computerName="DKSR-EFI-04" duration="00:00:00.0029322" startTime="2023-12-22T09:36:30.7756871+01:00" endTime="2023-12-22T09:36:30.7788748+01:00" testType="13cdc9d9-ddb5-4fa4-a97d-d965ccfc6d4b" outcome="Passed" testListId="8c84fa94-04c1-424b-9868-57a2d4851a1d" relativeResultsDirectory="3eb8073e-a1ed-4a73-bdd8-1d7aa5c6d3c7" />
    <UnitTestResult executionId="16d088da-4d90-4553-bf48-92926afda21f" testId="c89277b5-bdbb-4718-3fdc-952f1cd089bd" testName="GetCompatibilityHandler_ShouldReturnFips_WhenCallingFipsCompliantSystem_21_1" computerName="DKSR-EFI-04" duration="00:00:00.0009317" startTime="2023-12-22T09:36:32.3093240+01:00" endTime="2023-12-22T09:36:32.3104293+01:00" testType="13cdc9d9-ddb5-4fa4-a97d-d965ccfc6d4b" outcome="Passed" testListId="8c84fa94-04c1-424b-9868-57a2d4851a1d" relativeResultsDirectory="16d088da-4d90-4553-bf48-92926afda21f" />
    <UnitTestResult executionId="fbdf14e7-66a4-4831-b526-8a2c9dda4980" testId="16f93673-833f-5604-541b-fd1cb5d08ba8" testName="Match_Success_SystemType" computerName="DKSR-EFI-04" duration="00:00:00.0403155" startTime="2023-12-22T09:36:31.7516735+01:00" endTime="2023-12-22T09:36:31.7922122+01:00" testType="13cdc9d9-ddb5-4fa4-a97d-d965ccfc6d4b" outcome="Passed" testListId="8c84fa94-04c1-424b-9868-57a2d4851a1d" relativeResultsDirectory="fbdf14e7-66a4-4831-b526-8a2c9dda4980" />
    <UnitTestResult executionId="a9963b30-af77-49cc-a06e-0e3edc66cbf3" testId="f078252f-e622-661e-c5dc-189c04c6d312" testName="Init_ShouldDisconnectImageExporter_OnSecondInit" computerName="DKSR-EFI-04" duration="00:00:00.0077501" startTime="2023-12-22T09:36:32.9448511+01:00" endTime="2023-12-22T09:36:32.9528611+01:00" testType="13cdc9d9-ddb5-4fa4-a97d-d965ccfc6d4b" outcome="Passed" testListId="8c84fa94-04c1-424b-9868-57a2d4851a1d" relativeResultsDirectory="a9963b30-af77-49cc-a06e-0e3edc66cbf3" />
    <UnitTestResult executionId="8a44e8d3-99ef-45b4-b432-c5d26112bc80" testId="ba355757-a36a-54bb-5c59-d6e115aeace8" testName="Encrypt_ShouldThrowMIPException_WhenCalledOnFIPSEnabledMachine" computerName="DKSR-EFI-04" duration="00:00:00.0019745" startTime="2023-12-22T09:36:32.3615843+01:00" endTime="2023-12-22T09:36:32.3637787+01:00" testType="13cdc9d9-ddb5-4fa4-a97d-d965ccfc6d4b" outcome="Passed" testListId="8c84fa94-04c1-424b-9868-57a2d4851a1d" relativeResultsDirectory="8a44e8d3-99ef-45b4-b432-c5d26112bc80" />
    <UnitTestResult executionId="2c259646-c0a0-4b70-9164-57ff42d4232f" testId="8afaf187-3d3c-e78b-824e-e769deeec2c9" testName="Constructor_ShouldThrowArgumentNullException_WhenDataIsNull" computerName="DKSR-EFI-04" duration="00:00:00.0015528" startTime="2023-12-22T09:36:31.1454622+01:00" endTime="2023-12-22T09:36:31.1473556+01:00" testType="13cdc9d9-ddb5-4fa4-a97d-d965ccfc6d4b" outcome="Passed" testListId="8c84fa94-04c1-424b-9868-57a2d4851a1d" relativeResultsDirectory="2c259646-c0a0-4b70-9164-57ff42d4232f" />
    <UnitTestResult executionId="9716621b-49d4-4faa-9ae5-528515034a76" testId="dcc9cf01-7d0d-4dc6-9027-2fa692f04ff1" testName="WriteXml_ShouldWriteIsRemovedElement_WhenIsRemovedIsTrue" computerName="DKSR-EFI-04" duration="00:00:00.0003282" startTime="2023-12-22T09:36:30.9264286+01:00" endTime="2023-12-22T09:36:30.9269441+01:00" testType="13cdc9d9-ddb5-4fa4-a97d-d965ccfc6d4b" outcome="Passed" testListId="8c84fa94-04c1-424b-9868-57a2d4851a1d" relativeResultsDirectory="9716621b-49d4-4faa-9ae5-528515034a76" />
    <UnitTestResult executionId="f28156ec-7953-4340-9682-88122cea3ae6" testId="1ad3591a-ac8c-9e26-3467-6ee13c8cfd41" testName="EqualGuids_Fail_OnOtherNull" computerName="DKSR-EFI-04" duration="00:00:00.0003111" startTime="2023-12-22T09:36:02.7114321+01:00" endTime="2023-12-22T09:36:02.7118727+01:00" testType="13cdc9d9-ddb5-4fa4-a97d-d965ccfc6d4b" outcome="Passed" testListId="8c84fa94-04c1-424b-9868-57a2d4851a1d" relativeResultsDirectory="f28156ec-7953-4340-9682-88122cea3ae6" />
    <UnitTestResult executionId="d94c6cc5-be09-405c-8e8a-ae1403aa7471" testId="55e8e49d-3677-ba1c-fee3-b06a721808bd" testName="ReadXml_ShouldLogWarning_WhenBoundingBoxIsIncomplete" computerName="DKSR-EFI-04" duration="00:00:00.0012860" startTime="2023-12-22T09:36:31.5754050+01:00" endTime="2023-12-22T09:36:31.5768857+01:00" testType="13cdc9d9-ddb5-4fa4-a97d-d965ccfc6d4b" outcome="Passed" testListId="8c84fa94-04c1-424b-9868-57a2d4851a1d" relativeResultsDirectory="d94c6cc5-be09-405c-8e8a-ae1403aa7471" />
    <UnitTestResult executionId="f7be7369-a6dc-465c-8d87-bbf0dffc658f" testId="c484feb4-af2e-2886-69bb-e210e70b626b" testName="Encrypt_PropertyIsSetToTrue_EncryptIsTrue" computerName="DKSR-EFI-04" duration="00:00:00.0122712" startTime="2023-12-22T09:36:03.8434185+01:00" endTime="2023-12-22T09:36:03.8558889+01:00" testType="13cdc9d9-ddb5-4fa4-a97d-d965ccfc6d4b" outcome="Passed" testListId="8c84fa94-04c1-424b-9868-57a2d4851a1d" relativeResultsDirectory="f7be7369-a6dc-465c-8d87-bbf0dffc658f" />
    <UnitTestResult executionId="89a2b91f-a857-41e9-845e-aff369cc7464" testId="555e4b79-92bf-9342-267d-e971e8e557fa" testName="BuildOverlayWidthHeightBaseEvent_ShouldReturnCorrectSizedBitmap_WhenArgumentIsAnalyticsEvent" computerName="DKSR-EFI-04" duration="00:00:00.0267087" startTime="2023-12-22T09:36:04.5789522+01:00" endTime="2023-12-22T09:36:04.6060873+01:00" testType="13cdc9d9-ddb5-4fa4-a97d-d965ccfc6d4b" outcome="Passed" testListId="8c84fa94-04c1-424b-9868-57a2d4851a1d" relativeResultsDirectory="89a2b91f-a857-41e9-845e-aff369cc7464" />
    <UnitTestResult executionId="5f9859f5-e7e5-4f0f-993b-c82429bae95b" testId="79ed88f2-f433-a4e4-a0f7-7ec8b906db54" testName="ToJson_IntElement_Exception" computerName="DKSR-EFI-04" duration="00:00:00.0003634" startTime="2023-12-22T09:36:30.4969203+01:00" endTime="2023-12-22T09:36:30.4975243+01:00" testType="13cdc9d9-ddb5-4fa4-a97d-d965ccfc6d4b" outcome="Passed" testListId="8c84fa94-04c1-424b-9868-57a2d4851a1d" relativeResultsDirectory="5f9859f5-e7e5-4f0f-993b-c82429bae95b" />
    <UnitTestResult executionId="16acc433-23c6-4eb7-b1b5-f7b1a8f4d5ed" testId="8cae6a56-454e-1e61-1b8f-eb89b356be64" testName="GetFrame_ShouldReturnFirstFrame_WhenThereAreMultipleFrames" computerName="DKSR-EFI-04" duration="00:00:00.0003165" startTime="2023-12-22T09:36:31.3038350+01:00" endTime="2023-12-22T09:36:31.3043599+01:00" testType="13cdc9d9-ddb5-4fa4-a97d-d965ccfc6d4b" outcome="Passed" testListId="8c84fa94-04c1-424b-9868-57a2d4851a1d" relativeResultsDirectory="16acc433-23c6-4eb7-b1b5-f7b1a8f4d5ed" />
    <UnitTestResult executionId="b5f3c43b-a636-4036-8f8e-56f0a1622b1a" testId="9cbeee60-77f5-68fc-bc08-e8da5217124f" testName="Equals_ShouldHaveValueSemantics_WhenAlways" computerName="DKSR-EFI-04" duration="00:00:00.0004451" startTime="2023-12-22T09:36:31.6676718+01:00" endTime="2023-12-22T09:36:31.6683178+01:00" testType="13cdc9d9-ddb5-4fa4-a97d-d965ccfc6d4b" outcome="Passed" testListId="8c84fa94-04c1-424b-9868-57a2d4851a1d" relativeResultsDirectory="b5f3c43b-a636-4036-8f8e-56f0a1622b1a" />
    <UnitTestResult executionId="139866db-a0b4-4ef8-955b-605751930e35" testId="477f61b0-5c9c-b3c6-17b8-c096885b5954" testName="ReadXml_ShouldSetAllFieldsToDefaultValues_WhenElementIsEmpty" computerName="DKSR-EFI-04" duration="00:00:00.0042696" startTime="2023-12-22T09:36:30.9479763+01:00" endTime="2023-12-22T09:36:30.9524410+01:00" testType="13cdc9d9-ddb5-4fa4-a97d-d965ccfc6d4b" outcome="Passed" testListId="8c84fa94-04c1-424b-9868-57a2d4851a1d" relativeResultsDirectory="139866db-a0b4-4ef8-955b-605751930e35" />
    <UnitTestResult executionId="d923449a-1e8e-4120-b471-226c5504a33e" testId="0a9c2a64-10d3-ab1b-bf1d-557005ecb79f" testName="GetCompatibilityHandler_ShouldThrownMIPException_WhenLoginSettingsCannotBeRetrieved" computerName="DKSR-EFI-04" duration="00:00:00.0113327" startTime="2023-12-22T09:36:32.2881290+01:00" endTime="2023-12-22T09:36:32.2998454+01:00" testType="13cdc9d9-ddb5-4fa4-a97d-d965ccfc6d4b" outcome="Passed" testListId="8c84fa94-04c1-424b-9868-57a2d4851a1d" relativeResultsDirectory="d923449a-1e8e-4120-b471-226c5504a33e" />
    <UnitTestResult executionId="98e66476-ed1d-4ba5-8370-4ff5d3d3bf25" testId="e36409e3-019e-24ac-3359-9d7af3a2aada" testName="MatchId_Fail_SingleMessage" computerName="DKSR-EFI-04" duration="00:00:00.0002070" startTime="2023-12-22T09:36:31.7434970+01:00" endTime="2023-12-22T09:36:31.7438937+01:00" testType="13cdc9d9-ddb5-4fa4-a97d-d965ccfc6d4b" outcome="Passed" testListId="8c84fa94-04c1-424b-9868-57a2d4851a1d" relativeResultsDirectory="98e66476-ed1d-4ba5-8370-4ff5d3d3bf25" />
    <UnitTestResult executionId="4ab06674-5e13-4d70-9fd7-48c1a6b5cbfd" testId="e350673f-85c2-2b80-5566-6b75cc1a2d4b" testName="Serialize_TestCases (TestParentTypeMatchStringThisTypeMatched)" computerName="DKSR-EFI-04" duration="00:00:00.0042951" startTime="2023-12-22T09:36:28.2863190+01:00" endTime="2023-12-22T09:36:28.2909338+01:00" testType="13cdc9d9-ddb5-4fa4-a97d-d965ccfc6d4b" outcome="Passed" testListId="8c84fa94-04c1-424b-9868-57a2d4851a1d" relativeResultsDirectory="4ab06674-5e13-4d70-9fd7-48c1a6b5cbfd" />
    <UnitTestResult executionId="4d4e3689-e552-4c8c-aead-97fe7a528224" testId="60e95dc2-1384-1da5-37c2-e879ef01c39a" testName="RegionSelectionFilterValue_DeserializeWithMissingItem_Fails" computerName="DKSR-EFI-04" duration="00:00:00.0018129" startTime="2023-12-22T09:36:30.1898295+01:00" endTime="2023-12-22T09:36:30.1918939+01:00" testType="13cdc9d9-ddb5-4fa4-a97d-d965ccfc6d4b" outcome="Passed" testListId="8c84fa94-04c1-424b-9868-57a2d4851a1d" relativeResultsDirectory="4d4e3689-e552-4c8c-aead-97fe7a528224" />
    <UnitTestResult executionId="af8dfce1-dad0-4bbb-be79-6be38e425072" testId="8d35e87b-236d-d2d1-5276-ca6f3e50fdcb" testName="Serialize_ShouldIncludeOptionDecorations_WhenPropertyIsCollectionOfObjectsAndNoPropertiesRequestedInPath" computerName="DKSR-EFI-04" duration="00:00:00.0016721" startTime="2023-12-22T09:36:28.1784499+01:00" endTime="2023-12-22T09:36:28.1803238+01:00" testType="13cdc9d9-ddb5-4fa4-a97d-d965ccfc6d4b" outcome="Passed" testListId="8c84fa94-04c1-424b-9868-57a2d4851a1d" relativeResultsDirectory="af8dfce1-dad0-4bbb-be79-6be38e425072" />
    <UnitTestResult executionId="afae8e84-0138-4373-be9a-c16c08d02436" testId="4f7bde70-3b99-d47c-8245-4d79a123baa7" testName="Ctor_NullScope_Throws" computerName="DKSR-EFI-04" duration="00:00:00.0013233" startTime="2023-12-22T09:36:28.6586201+01:00" endTime="2023-12-22T09:36:28.6604275+01:00" testType="13cdc9d9-ddb5-4fa4-a97d-d965ccfc6d4b" outcome="Passed" testListId="8c84fa94-04c1-424b-9868-57a2d4851a1d" relativeResultsDirectory="afae8e84-0138-4373-be9a-c16c08d02436" />
    <UnitTestResult executionId="6db142b5-7167-4724-841d-51d9c0ca141a" testId="30e80c89-c117-83fc-53e9-5be5181f841c" testName="WriteXml_ShouldOmitElements_WhenTheyAreNull" computerName="DKSR-EFI-04" duration="00:00:00.0007062" startTime="2023-12-22T09:36:31.6564838+01:00" endTime="2023-12-22T09:36:31.6574005+01:00" testType="13cdc9d9-ddb5-4fa4-a97d-d965ccfc6d4b" outcome="Passed" testListId="8c84fa94-04c1-424b-9868-57a2d4851a1d" relativeResultsDirectory="6db142b5-7167-4724-841d-51d9c0ca141a" />
    <UnitTestResult executionId="a57d124e-2917-4f78-a827-2cfbfc8e1503" testId="f16d6dc4-d4f4-8a18-c5c4-395abb886b21" testName="Serialize_TestCases (TestParentTypeMatchCollectionNotThisTypeMatchedProperty)" computerName="DKSR-EFI-04" duration="00:00:00.0003019" startTime="2023-12-22T09:36:28.3729986+01:00" endTime="2023-12-22T09:36:28.3736105+01:00" testType="13cdc9d9-ddb5-4fa4-a97d-d965ccfc6d4b" outcome="Passed" testListId="8c84fa94-04c1-424b-9868-57a2d4851a1d" relativeResultsDirectory="a57d124e-2917-4f78-a827-2cfbfc8e1503" />
    <UnitTestResult executionId="dc052c64-c4b6-422f-b018-e5e74bc88fde" testId="9fd29388-e6f2-2ce9-7173-3d8e1efacf79" testName="KindsFilter_OneKind_OnlyAllowedKindShown" computerName="DKSR-EFI-04" duration="00:00:00.0523178" startTime="2023-12-22T09:36:23.2614319+01:00" endTime="2023-12-22T09:36:23.3140083+01:00" testType="13cdc9d9-ddb5-4fa4-a97d-d965ccfc6d4b" outcome="Passed" testListId="8c84fa94-04c1-424b-9868-57a2d4851a1d" relativeResultsDirectory="dc052c64-c4b6-422f-b018-e5e74bc88fde" />
    <UnitTestResult executionId="392e2a83-d58b-4b3f-a7c9-0c8d9af391b5" testId="af06fbb9-e295-bbc5-951e-25addabec280" testName="TestConstructor_NullException_Failure" computerName="DKSR-EFI-04" duration="00:00:00.0004024" startTime="2023-12-22T09:36:30.3221523+01:00" endTime="2023-12-22T09:36:30.3227983+01:00" testType="13cdc9d9-ddb5-4fa4-a97d-d965ccfc6d4b" outcome="Passed" testListId="8c84fa94-04c1-424b-9868-57a2d4851a1d" relativeResultsDirectory="392e2a83-d58b-4b3f-a7c9-0c8d9af391b5" />
    <UnitTestResult executionId="03b5ee12-bf22-4465-8571-4200cda81580" testId="38b98b35-19bc-eb4b-75ab-937f6e63a097" testName="SplitString_WhenEmptyOrSpaces2Levels_EmptyArray" computerName="DKSR-EFI-04" duration="00:00:00.0003269" startTime="2023-12-22T09:36:15.2771345+01:00" endTime="2023-12-22T09:36:15.2775843+01:00" testType="13cdc9d9-ddb5-4fa4-a97d-d965ccfc6d4b" outcome="Passed" testListId="8c84fa94-04c1-424b-9868-57a2d4851a1d" relativeResultsDirectory="03b5ee12-bf22-4465-8571-4200cda81580" />
    <UnitTestResult executionId="5194a37c-a2b6-4033-a16a-a41dd3b8447f" testId="63370cbe-9101-bc97-61d6-4291bf11faab" testName="Serialize_ShouldThrowException_WhenPropertyIsSimpleTypeButPathContainsChildren (StringNotNullProperty)" computerName="DKSR-EFI-04" duration="00:00:00.0177781" startTime="2023-12-22T09:36:28.1400254+01:00" endTime="2023-12-22T09:36:28.1637277+01:00" testType="13cdc9d9-ddb5-4fa4-a97d-d965ccfc6d4b" outcome="Passed" testListId="8c84fa94-04c1-424b-9868-57a2d4851a1d" relativeResultsDirectory="5194a37c-a2b6-4033-a16a-a41dd3b8447f" />
    <UnitTestResult executionId="c514a3aa-77fc-4d77-9707-576e6de13234" testId="a2a93cec-e7b9-3a98-e5c4-9eb836279da9" testName="Ctor_OneCustomFilter_Success" computerName="DKSR-EFI-04" duration="00:00:00.0003221" startTime="2023-12-22T09:36:30.2273475+01:00" endTime="2023-12-22T09:36:30.2278873+01:00" testType="13cdc9d9-ddb5-4fa4-a97d-d965ccfc6d4b" outcome="Passed" testListId="8c84fa94-04c1-424b-9868-57a2d4851a1d" relativeResultsDirectory="c514a3aa-77fc-4d77-9707-576e6de13234" />
    <UnitTestResult executionId="7ed2732c-517d-41f1-86f4-523cf48f5582" testId="6d35c2c3-73b0-8587-396e-ba4ccb5d6691" testName="ProvideValue_ShouldChangeContentTemplate_WhenItemContentTemplatePropertyNameIsSet" computerName="DKSR-EFI-04" duration="00:00:00.0069697" startTime="2023-12-22T09:36:25.7631189+01:00" endTime="2023-12-22T09:36:25.8247152+01:00" testType="13cdc9d9-ddb5-4fa4-a97d-d965ccfc6d4b" outcome="Passed" testListId="8c84fa94-04c1-424b-9868-57a2d4851a1d" relativeResultsDirectory="7ed2732c-517d-41f1-86f4-523cf48f5582" />
    <UnitTestResult executionId="dbc2f397-7ff2-496f-8b76-2e1613647929" testId="7a0dc36a-c1cd-21c8-9ba3-75ff2dea0cf7" testName="Ctor_TwoStandardFiltersAndTwoCustomFilters_Success" computerName="DKSR-EFI-04" duration="00:00:00.0004353" startTime="2023-12-22T09:36:30.2792892+01:00" endTime="2023-12-22T09:36:30.2799750+01:00" testType="13cdc9d9-ddb5-4fa4-a97d-d965ccfc6d4b" outcome="Passed" testListId="8c84fa94-04c1-424b-9868-57a2d4851a1d" relativeResultsDirectory="dbc2f397-7ff2-496f-8b76-2e1613647929" />
    <UnitTestResult executionId="486e595c-5068-4227-a6e8-c2bc6bf58f94" testId="c78e11d7-0167-713c-2051-cb0d25992222" testName="Serialize_TestCases (TestParentCollectionEmptyArrayProperty)" computerName="DKSR-EFI-04" duration="00:00:00.0003254" startTime="2023-12-22T09:36:28.2671278+01:00" endTime="2023-12-22T09:36:28.2677726+01:00" testType="13cdc9d9-ddb5-4fa4-a97d-d965ccfc6d4b" outcome="Passed" testListId="8c84fa94-04c1-424b-9868-57a2d4851a1d" relativeResultsDirectory="486e595c-5068-4227-a6e8-c2bc6bf58f94" />
    <UnitTestResult executionId="cb8c1d7d-6bec-4928-9c45-a1e0f69714bd" testId="e5af325c-5bae-fda3-b423-271b64739afe" testName="Match_Fail_SystemType_WrongType" computerName="DKSR-EFI-04" duration="00:00:00.0003662" startTime="2023-12-22T09:36:31.7988981+01:00" endTime="2023-12-22T09:36:31.7994948+01:00" testType="13cdc9d9-ddb5-4fa4-a97d-d965ccfc6d4b" outcome="Passed" testListId="8c84fa94-04c1-424b-9868-57a2d4851a1d" relativeResultsDirectory="cb8c1d7d-6bec-4928-9c45-a1e0f69714bd" />
    <UnitTestResult executionId="9ce89a7c-60f8-4fe8-b9f4-26d5d7baee35" testId="ad10243a-5005-2c62-ef03-970547f7bc68" testName="GenerateTypeDefinintionParameters_ShouldWriteId_WhenAlways" computerName="DKSR-EFI-04" duration="00:00:00.0003527" startTime="2023-12-22T09:36:32.9570776+01:00" endTime="2023-12-22T09:36:32.9576371+01:00" testType="13cdc9d9-ddb5-4fa4-a97d-d965ccfc6d4b" outcome="Passed" testListId="8c84fa94-04c1-424b-9868-57a2d4851a1d" relativeResultsDirectory="9ce89a7c-60f8-4fe8-b9f4-26d5d7baee35" />
    <UnitTestResult executionId="f1fac41e-68fd-4e0e-9821-f40e5c7ae249" testId="3c6ec36d-3aca-cc8c-f540-f0674fae16f9" testName="ReadXml_ShouldSetAllFieldsToNull_ThatAreNotPresentInXml" computerName="DKSR-EFI-04" duration="00:00:00.0013375" startTime="2023-12-22T09:36:31.2851060+01:00" endTime="2023-12-22T09:36:31.2866454+01:00" testType="13cdc9d9-ddb5-4fa4-a97d-d965ccfc6d4b" outcome="Passed" testListId="8c84fa94-04c1-424b-9868-57a2d4851a1d" relativeResultsDirectory="f1fac41e-68fd-4e0e-9821-f40e5c7ae249" />
    <UnitTestResult executionId="474598ba-c966-4dd9-b18b-ba3ed2a49948" testId="7f766a97-6ab7-7b7f-222d-e4bba52b6030" testName="MipItem_ImageSource_Has_Value" computerName="DKSR-EFI-04" duration="00:00:00.1004480" startTime="2023-12-22T09:36:23.0166008+01:00" endTime="2023-12-22T09:36:23.1172730+01:00" testType="13cdc9d9-ddb5-4fa4-a97d-d965ccfc6d4b" outcome="Passed" testListId="8c84fa94-04c1-424b-9868-57a2d4851a1d" relativeResultsDirectory="474598ba-c966-4dd9-b18b-ba3ed2a49948" />
    <UnitTestResult executionId="ba1e1256-cee1-40ab-91e8-f873c29c5edc" testId="f0a224b1-cb9d-a091-6819-7ca2cd4d3f6d" testName="Serialize_TestCases (Verify root Generic (not null) property)" computerName="DKSR-EFI-04" duration="00:00:00.0004557" startTime="2023-12-22T09:36:28.2831019+01:00" endTime="2023-12-22T09:36:28.2839039+01:00" testType="13cdc9d9-ddb5-4fa4-a97d-d965ccfc6d4b" outcome="Passed" testListId="8c84fa94-04c1-424b-9868-57a2d4851a1d" relativeResultsDirectory="ba1e1256-cee1-40ab-91e8-f873c29c5edc" />
    <UnitTestResult executionId="68292e67-de66-48a6-a069-cf6256575452" testId="78226ef2-fcbe-8c02-29f4-cc48e0495b30" testName="OverlapsWith_ShouldReturnFalse_WhenArgumenEndIsEqualToStart" computerName="DKSR-EFI-04" duration="00:00:00.0002352" startTime="2023-12-22T09:36:15.2930307+01:00" endTime="2023-12-22T09:36:15.2933778+01:00" testType="13cdc9d9-ddb5-4fa4-a97d-d965ccfc6d4b" outcome="Passed" testListId="8c84fa94-04c1-424b-9868-57a2d4851a1d" relativeResultsDirectory="68292e67-de66-48a6-a069-cf6256575452" />
    <UnitTestResult executionId="0593faf8-c10c-490e-8db0-0f432f0fb710" testId="8f3ff765-82e8-66d7-0b26-5b7e252a53b8" testName="Ctor_EmptyName_Throws" computerName="DKSR-EFI-04" duration="00:00:00.0003606" startTime="2023-12-22T09:36:30.2605040+01:00" endTime="2023-12-22T09:36:30.2611154+01:00" testType="13cdc9d9-ddb5-4fa4-a97d-d965ccfc6d4b" outcome="Passed" testListId="8c84fa94-04c1-424b-9868-57a2d4851a1d" relativeResultsDirectory="0593faf8-c10c-490e-8db0-0f432f0fb710" />
    <UnitTestResult executionId="79ca970e-30e3-4f62-a391-2658ee92e65e" testId="cbd53ab9-3037-bcc9-1b3c-c2cf3018f4d2" testName="GetItems_ShouldReturnNull_WhenUnknownKind" computerName="DKSR-EFI-04" duration="00:00:00.0005952" startTime="2023-12-22T09:36:05.2199130+01:00" endTime="2023-12-22T09:36:05.2206731+01:00" testType="13cdc9d9-ddb5-4fa4-a97d-d965ccfc6d4b" outcome="Passed" testListId="8c84fa94-04c1-424b-9868-57a2d4851a1d" relativeResultsDirectory="79ca970e-30e3-4f62-a391-2658ee92e65e" />
    <UnitTestResult executionId="afeb6de9-ac8f-4637-9760-277c7cf67289" testId="d4c38e91-653a-61a8-9381-1f7444c31b36" testName="ConstructorArgb_ShouldReturnCorrectArgbValues_Always" computerName="DKSR-EFI-04" duration="00:00:00.0005999" startTime="2023-12-22T09:36:31.0071977+01:00" endTime="2023-12-22T09:36:31.0079834+01:00" testType="13cdc9d9-ddb5-4fa4-a97d-d965ccfc6d4b" outcome="Passed" testListId="8c84fa94-04c1-424b-9868-57a2d4851a1d" relativeResultsDirectory="afeb6de9-ac8f-4637-9760-277c7cf67289" />
    <UnitTestResult executionId="a6e2dceb-2d20-415b-9a1f-34f8c99c6041" testId="7487e89c-78f3-9567-7976-60fdef3ca987" testName="ReadXml_ShouldLogWarning_WhenBoundingBoxIsMissing" computerName="DKSR-EFI-04" duration="00:00:00.0013674" startTime="2023-12-22T09:36:31.5644183+01:00" endTime="2023-12-22T09:36:31.5661949+01:00" testType="13cdc9d9-ddb5-4fa4-a97d-d965ccfc6d4b" outcome="Passed" testListId="8c84fa94-04c1-424b-9868-57a2d4851a1d" relativeResultsDirectory="a6e2dceb-2d20-415b-9a1f-34f8c99c6041" />
    <UnitTestResult executionId="2e7fa698-0054-4ae1-91dc-37843f9a39ef" testId="f761c35c-23da-0635-088d-82edc227a6c9" testName="GetHashType_ShouldReturnMD5_WhenInputIsMD5Hash" computerName="DKSR-EFI-04" duration="00:00:00.0002146" startTime="2023-12-22T09:36:32.9883613+01:00" endTime="2023-12-22T09:36:32.9887556+01:00" testType="13cdc9d9-ddb5-4fa4-a97d-d965ccfc6d4b" outcome="Passed" testListId="8c84fa94-04c1-424b-9868-57a2d4851a1d" relativeResultsDirectory="2e7fa698-0054-4ae1-91dc-37843f9a39ef" />
    <UnitTestResult executionId="d293d8c4-5f52-463f-98c8-dc241dd7fed2" testId="c05fec08-28d3-c263-f7df-c8727f4f0b97" testName="Match_Fail_SystemType_WrongMessage" computerName="DKSR-EFI-04" duration="00:00:00.0004841" startTime="2023-12-22T09:36:31.7930627+01:00" endTime="2023-12-22T09:36:31.7937989+01:00" testType="13cdc9d9-ddb5-4fa4-a97d-d965ccfc6d4b" outcome="Passed" testListId="8c84fa94-04c1-424b-9868-57a2d4851a1d" relativeResultsDirectory="d293d8c4-5f52-463f-98c8-dc241dd7fed2" />
    <UnitTestResult executionId="2c185115-771b-48fb-8b0a-70f02ab9f8f1" testId="e3e33591-e2f2-c832-fee1-8688ba9ec456" testName="GenerateParameters_ShouldWriteNotSupportedForFirmware_WhenFirmwareIsNull" computerName="DKSR-EFI-04" duration="00:00:00.0006102" startTime="2023-12-22T09:36:32.5980609+01:00" endTime="2023-12-22T09:36:32.5989696+01:00" testType="13cdc9d9-ddb5-4fa4-a97d-d965ccfc6d4b" outcome="Passed" testListId="8c84fa94-04c1-424b-9868-57a2d4851a1d" relativeResultsDirectory="2c185115-771b-48fb-8b0a-70f02ab9f8f1" />
    <UnitTestResult executionId="9eb89c7c-1aaa-4bf6-bc63-14d9b42f3daf" testId="257c0922-44f0-686e-e1ab-2ecaa57524ac" testName="MD5Hex32_ShouldReturnMD5Hash_WhenInputIsNotNull" computerName="DKSR-EFI-04" duration="00:00:00.0044210" startTime="2023-12-22T09:36:32.9655078+01:00" endTime="2023-12-22T09:36:32.9703876+01:00" testType="13cdc9d9-ddb5-4fa4-a97d-d965ccfc6d4b" outcome="Passed" testListId="8c84fa94-04c1-424b-9868-57a2d4851a1d" relativeResultsDirectory="9eb89c7c-1aaa-4bf6-bc63-14d9b42f3daf" />
    <UnitTestResult executionId="d19fbf80-c44f-4a4f-96c7-e61755ae9037" testId="5737235c-4c26-da22-d231-8a538d9299e8" testName="GenerateDeviceParameters_ShouldWriteCorrectFps_WhenFpsIsInRange" computerName="DKSR-EFI-04" duration="00:00:00.0002541" startTime="2023-12-22T09:36:32.5266674+01:00" endTime="2023-12-22T09:36:32.5271073+01:00" testType="13cdc9d9-ddb5-4fa4-a97d-d965ccfc6d4b" outcome="Passed" testListId="8c84fa94-04c1-424b-9868-57a2d4851a1d" relativeResultsDirectory="d19fbf80-c44f-4a4f-96c7-e61755ae9037" />
    <UnitTestResult executionId="b5598779-e2c6-44be-b9df-f87b5fe665e3" testId="bbfc981b-974c-44e2-e510-b6ce7e78458f" testName="Serialize_TestCases (TestParentTypeMatchGenericThisTypeNotMatched)" computerName="DKSR-EFI-04" duration="00:00:00.0024527" startTime="2023-12-22T09:36:28.3948494+01:00" endTime="2023-12-22T09:36:28.3976170+01:00" testType="13cdc9d9-ddb5-4fa4-a97d-d965ccfc6d4b" outcome="Passed" testListId="8c84fa94-04c1-424b-9868-57a2d4851a1d" relativeResultsDirectory="b5598779-e2c6-44be-b9df-f87b5fe665e3" />
    <UnitTestResult executionId="2acd30e0-3085-4220-8430-89300ace6e04" testId="a3d1fe6d-f6a5-f28a-ba65-630894318089" testName="CountByItems_Activated_CountByCounter_Grace1" computerName="DKSR-EFI-04" duration="00:00:00.0014297" startTime="2023-12-22T09:36:32.4649716+01:00" endTime="2023-12-22T09:36:32.4666022+01:00" testType="13cdc9d9-ddb5-4fa4-a97d-d965ccfc6d4b" outcome="Passed" testListId="8c84fa94-04c1-424b-9868-57a2d4851a1d" relativeResultsDirectory="2acd30e0-3085-4220-8430-89300ace6e04" />
    <UnitTestResult executionId="6ac6ca2f-f62f-41a5-ac5a-80ee8e7355ec" testId="e3aed149-0356-8224-e951-0cb2d3727ba3" testName="DoubleRangeFilterValue_Deserialize_Success" computerName="DKSR-EFI-04" duration="00:00:00.0022653" startTime="2023-12-22T09:36:30.1193332+01:00" endTime="2023-12-22T09:36:30.1221026+01:00" testType="13cdc9d9-ddb5-4fa4-a97d-d965ccfc6d4b" outcome="Passed" testListId="8c84fa94-04c1-424b-9868-57a2d4851a1d" relativeResultsDirectory="6ac6ca2f-f62f-41a5-ac5a-80ee8e7355ec" />
    <UnitTestResult executionId="7348aef4-f5f5-4088-9784-85e4776af8bb" testId="9a2c2caa-e4e4-6aa8-3062-315f42f6a4ed" testName="SetCacheContents_ShuldInvalidateLastReturnedElementIndexSoGetNextAnd_WhenAlways" computerName="DKSR-EFI-04" duration="00:00:00.0004597" startTime="2023-12-22T09:36:32.6277739+01:00" endTime="2023-12-22T09:36:32.6284239+01:00" testType="13cdc9d9-ddb5-4fa4-a97d-d965ccfc6d4b" outcome="Passed" testListId="8c84fa94-04c1-424b-9868-57a2d4851a1d" relativeResultsDirectory="7348aef4-f5f5-4088-9784-85e4776af8bb" />
    <UnitTestResult executionId="d56fcab8-dab9-462a-bb0a-01d5956ef4ec" testId="b7c2c022-5605-11c2-db09-3429d396f98d" testName="Parse_Double_Invalid" computerName="DKSR-EFI-04" duration="00:00:00.0004002" startTime="2023-12-22T09:36:30.4599105+01:00" endTime="2023-12-22T09:36:30.4605508+01:00" testType="13cdc9d9-ddb5-4fa4-a97d-d965ccfc6d4b" outcome="Passed" testListId="8c84fa94-04c1-424b-9868-57a2d4851a1d" relativeResultsDirectory="d56fcab8-dab9-462a-bb0a-01d5956ef4ec" />
    <UnitTestResult executionId="c65e987f-8019-4e7d-954b-c16a71592ee0" testId="0465a107-5afa-65eb-a10c-77e89846ff26" testName="GenerateBoundingBoxDevice_ShouldReturnDeviceWithCorrectTypes_WhenAlways" computerName="DKSR-EFI-04" duration="00:00:00.0032024" startTime="2023-12-22T09:36:32.7112290+01:00" endTime="2023-12-22T09:36:32.7146431+01:00" testType="13cdc9d9-ddb5-4fa4-a97d-d965ccfc6d4b" outcome="Passed" testListId="8c84fa94-04c1-424b-9868-57a2d4851a1d" relativeResultsDirectory="c65e987f-8019-4e7d-954b-c16a71592ee0" />
    <UnitTestResult executionId="80a0529c-b93c-47f8-9337-2e80dca6c9b5" testId="61995c8a-35dd-f2df-f559-b60cb8f54a82" testName="Append_Element_String" computerName="DKSR-EFI-04" duration="00:00:00.0001507" startTime="2023-12-22T09:36:30.3305354+01:00" endTime="2023-12-22T09:36:30.3308626+01:00" testType="13cdc9d9-ddb5-4fa4-a97d-d965ccfc6d4b" outcome="Passed" testListId="8c84fa94-04c1-424b-9868-57a2d4851a1d" relativeResultsDirectory="80a0529c-b93c-47f8-9337-2e80dca6c9b5" />
    <UnitTestResult executionId="baf7fdea-7392-4bb2-9dfb-f667a6c68f4a" testId="7e72f854-d326-decd-1986-82fb5fe24c7b" testName="GenerateEnumValueParameters_ShouldWriteDisplayName_WhenAlways" computerName="DKSR-EFI-04" duration="00:00:00.0008797" startTime="2023-12-22T09:36:32.5776001+01:00" endTime="2023-12-22T09:36:32.5786706+01:00" testType="13cdc9d9-ddb5-4fa4-a97d-d965ccfc6d4b" outcome="Passed" testListId="8c84fa94-04c1-424b-9868-57a2d4851a1d" relativeResultsDirectory="baf7fdea-7392-4bb2-9dfb-f667a6c68f4a" />
    <UnitTestResult executionId="d34461d7-e764-4a8f-9d32-98dcd0f382bd" testId="9e63be9d-2216-71c5-83e2-51bd84dc8a93" testName="CountByCounter_NotActivated_Expired" computerName="DKSR-EFI-04" duration="00:00:00.0009137" startTime="2023-12-22T09:36:32.3981883+01:00" endTime="2023-12-22T09:36:32.3998028+01:00" testType="13cdc9d9-ddb5-4fa4-a97d-d965ccfc6d4b" outcome="Passed" testListId="8c84fa94-04c1-424b-9868-57a2d4851a1d" relativeResultsDirectory="d34461d7-e764-4a8f-9d32-98dcd0f382bd" />
    <UnitTestResult executionId="56b30dbd-07d1-4aeb-80e9-32e366b0cb1e" testId="687e7059-e7b1-dddd-6cf1-c4b5cd5cad05" testName="GetMetadataStream_ShouldThrowXmlException_WhenByteArrayContainsInvalidXml" computerName="DKSR-EFI-04" duration="00:00:00.0049748" startTime="2023-12-22T09:36:31.1564433+01:00" endTime="2023-12-22T09:36:31.1616646+01:00" testType="13cdc9d9-ddb5-4fa4-a97d-d965ccfc6d4b" outcome="Passed" testListId="8c84fa94-04c1-424b-9868-57a2d4851a1d" relativeResultsDirectory="56b30dbd-07d1-4aeb-80e9-32e366b0cb1e" />
    <UnitTestResult executionId="95336643-d97b-41bf-80bc-27573d99b60e" testId="aa5a6ee6-251d-45e9-7756-92ac3de9f3a4" testName="ReadyToCloseEvent_OkCommand_SingleSelect_Not_Thrown" computerName="DKSR-EFI-04" duration="00:00:00.0010366" startTime="2023-12-22T09:36:23.0017956+01:00" endTime="2023-12-22T09:36:23.0030412+01:00" testType="13cdc9d9-ddb5-4fa4-a97d-d965ccfc6d4b" outcome="Passed" testListId="8c84fa94-04c1-424b-9868-57a2d4851a1d" relativeResultsDirectory="95336643-d97b-41bf-80bc-27573d99b60e" />
    <UnitTestResult executionId="97dc3721-42cf-42c6-85b5-c2d012639db8" testId="f429442b-db90-b095-7991-b9ca4c955f13" testName="GetNearest_ShouldReturnClosestElement_WhenTimestampIsInSmallCache" computerName="DKSR-EFI-04" duration="00:00:00.0003937" startTime="2023-12-22T09:36:32.6710367+01:00" endTime="2023-12-22T09:36:32.6716170+01:00" testType="13cdc9d9-ddb5-4fa4-a97d-d965ccfc6d4b" outcome="Passed" testListId="8c84fa94-04c1-424b-9868-57a2d4851a1d" relativeResultsDirectory="97dc3721-42cf-42c6-85b5-c2d012639db8" />
    <UnitTestResult executionId="dc5abb23-b0cb-472c-8970-f5d214f5f259" testId="a029b495-55fb-1eb3-c134-9a8d61753adb" testName="OnSearchResultsReady_EventHandler_NotifiedWithCorrectParameters" computerName="DKSR-EFI-04" duration="00:00:00.0020519" startTime="2023-12-22T09:36:28.7877725+01:00" endTime="2023-12-22T09:36:28.7900347+01:00" testType="13cdc9d9-ddb5-4fa4-a97d-d965ccfc6d4b" outcome="Passed" testListId="8c84fa94-04c1-424b-9868-57a2d4851a1d" relativeResultsDirectory="dc5abb23-b0cb-472c-8970-f5d214f5f259" />
    <UnitTestResult executionId="16d9c2d4-54dd-41d5-810a-440773271102" testId="804c2963-7737-e632-84f9-347e567fabca" testName="AddFilterValue_NonExistingValue_SecondValue_Success" computerName="DKSR-EFI-04" duration="00:00:00.0038856" startTime="2023-12-22T09:36:28.7049044+01:00" endTime="2023-12-22T09:36:28.7090472+01:00" testType="13cdc9d9-ddb5-4fa4-a97d-d965ccfc6d4b" outcome="Passed" testListId="8c84fa94-04c1-424b-9868-57a2d4851a1d" relativeResultsDirectory="16d9c2d4-54dd-41d5-810a-440773271102" />
    <UnitTestResult executionId="0ad0f9a1-5cc8-490e-960e-1acabcbdcaaa" testId="0c0836ab-4cd8-bcb2-8664-28d80763d09f" testName="OnSearchResultsReady_ShouldNotSetSearchDefinitionOnResults_WhenAlreadySet" computerName="DKSR-EFI-04" duration="00:00:00.0009761" startTime="2023-12-22T09:36:28.7908146+01:00" endTime="2023-12-22T09:36:28.7919970+01:00" testType="13cdc9d9-ddb5-4fa4-a97d-d965ccfc6d4b" outcome="Passed" testListId="8c84fa94-04c1-424b-9868-57a2d4851a1d" relativeResultsDirectory="0ad0f9a1-5cc8-490e-960e-1acabcbdcaaa" />
    <UnitTestResult executionId="f9a1d8f2-36a5-4b72-b530-7c09d00a55da" testId="0479c184-1f1e-07e0-e9bf-b787331a6833" testName="WriteMetadataXml_ShouldThrowArgumentNullException_WhenMetadataIsNullWithStream" computerName="DKSR-EFI-04" duration="00:00:00.0006529" startTime="2023-12-22T09:36:31.2465075+01:00" endTime="2023-12-22T09:36:31.2473750+01:00" testType="13cdc9d9-ddb5-4fa4-a97d-d965ccfc6d4b" outcome="Passed" testListId="8c84fa94-04c1-424b-9868-57a2d4851a1d" relativeResultsDirectory="f9a1d8f2-36a5-4b72-b530-7c09d00a55da" />
    <UnitTestResult executionId="b37bc502-470d-4c2a-8054-75a084a97839" testId="04b4598a-a90c-25b4-3fbf-2283122ff323" testName="GenerateParameters_ShouldOmitCodec_WhenCodecHasNotBeenSet" computerName="DKSR-EFI-04" duration="00:00:00.0010362" startTime="2023-12-22T09:36:32.5052954+01:00" endTime="2023-12-22T09:36:32.5065759+01:00" testType="13cdc9d9-ddb5-4fa4-a97d-d965ccfc6d4b" outcome="Passed" testListId="8c84fa94-04c1-424b-9868-57a2d4851a1d" relativeResultsDirectory="b37bc502-470d-4c2a-8054-75a084a97839" />
    <UnitTestResult executionId="48a4fad0-0639-4efd-8ba1-26f50395ed0c" testId="c3507766-2bd3-10ca-b445-c0f89ddb4b4f" testName="Serialize_TestCases (Verify root String (null) property get property value)" computerName="DKSR-EFI-04" duration="00:00:00.0002433" startTime="2023-12-22T09:36:28.1911878+01:00" endTime="2023-12-22T09:36:28.1918068+01:00" testType="13cdc9d9-ddb5-4fa4-a97d-d965ccfc6d4b" outcome="Passed" testListId="8c84fa94-04c1-424b-9868-57a2d4851a1d" relativeResultsDirectory="48a4fad0-0639-4efd-8ba1-26f50395ed0c" />
    <UnitTestResult executionId="1bcfb454-5f46-4ceb-9fbf-8da64edf38d7" testId="a83a69b8-4523-62af-550e-9c72857a22cc" testName="Clear_ShouldInvokeCallback_WhenObservable" computerName="DKSR-EFI-04" duration="00:00:00.0018793" startTime="2023-12-22T09:36:24.8565920+01:00" endTime="2023-12-22T09:36:24.8615854+01:00" testType="13cdc9d9-ddb5-4fa4-a97d-d965ccfc6d4b" outcome="Passed" testListId="8c84fa94-04c1-424b-9868-57a2d4851a1d" relativeResultsDirectory="1bcfb454-5f46-4ceb-9fbf-8da64edf38d7" />
    <UnitTestResult executionId="85b7a341-98d2-4473-8dab-ec18c1bf1d4c" testId="ef239907-8146-d171-397a-2e18ca0a7d07" testName="Apply_ShouldAddTranslateYCoordinatesToCenterYAndTranslateXCoordinatesToCenterX_WhenTranslateIsNotNull" computerName="DKSR-EFI-04" duration="00:00:00.0026404" startTime="2023-12-22T09:36:31.0543408+01:00" endTime="2023-12-22T09:36:31.0571994+01:00" testType="13cdc9d9-ddb5-4fa4-a97d-d965ccfc6d4b" outcome="Passed" testListId="8c84fa94-04c1-424b-9868-57a2d4851a1d" relativeResultsDirectory="85b7a341-98d2-4473-8dab-ec18c1bf1d4c" />
    <UnitTestResult executionId="9d6a76f6-9873-4f75-b87a-eeec66890626" testId="8e460e03-2bfd-8239-d4ce-aaba6f07f2d0" testName="GetExpectedToken_ShouldReturnMD5_WhenInputTokenHashTypeIsMD5" computerName="DKSR-EFI-04" duration="00:00:00.0019758" startTime="2023-12-22T09:36:32.9805439+01:00" endTime="2023-12-22T09:36:32.9827035+01:00" testType="13cdc9d9-ddb5-4fa4-a97d-d965ccfc6d4b" outcome="Passed" testListId="8c84fa94-04c1-424b-9868-57a2d4851a1d" relativeResultsDirectory="9d6a76f6-9873-4f75-b87a-eeec66890626" />
    <UnitTestResult executionId="9e4dfff6-0558-4456-b4fe-35bb57adebb2" testId="6d92f3d7-a73a-0631-d650-f99bb5acd16d" testName="ToArgb_ShouldReturnIntegerWithArgbValues_Always" computerName="DKSR-EFI-04" duration="00:00:00.0005181" startTime="2023-12-22T09:36:31.0117089+01:00" endTime="2023-12-22T09:36:31.0124425+01:00" testType="13cdc9d9-ddb5-4fa4-a97d-d965ccfc6d4b" outcome="Passed" testListId="8c84fa94-04c1-424b-9868-57a2d4851a1d" relativeResultsDirectory="9e4dfff6-0558-4456-b4fe-35bb57adebb2" />
    <UnitTestResult executionId="48dc6610-b44c-4f4f-b828-ad7896b6ad50" testId="e5d77a31-6b9f-c926-244b-f6a80ab8552d" testName="GetAllFrames_ShouldReturnFramesForSingleVideoAnalytics_WhenThereIsOneVideoAnalytics" computerName="DKSR-EFI-04" duration="00:00:00.0004270" startTime="2023-12-22T09:36:31.3173326+01:00" endTime="2023-12-22T09:36:31.3179995+01:00" testType="13cdc9d9-ddb5-4fa4-a97d-d965ccfc6d4b" outcome="Passed" testListId="8c84fa94-04c1-424b-9868-57a2d4851a1d" relativeResultsDirectory="48dc6610-b44c-4f4f-b828-ad7896b6ad50" />
    <UnitTestResult executionId="72863e89-4cac-4e10-bc16-97edc895ccba" testId="e58ef73c-b84c-961f-61e3-72952cd8cb8c" testName="CreateAlarmFromEvent_ShouldReturnProperAlarm_WhenArgumentIsAnalyticsEvent" computerName="DKSR-EFI-04" duration="00:00:00.0175303" startTime="2023-12-22T09:36:04.5605045+01:00" endTime="2023-12-22T09:36:04.5782319+01:00" testType="13cdc9d9-ddb5-4fa4-a97d-d965ccfc6d4b" outcome="Passed" testListId="8c84fa94-04c1-424b-9868-57a2d4851a1d" relativeResultsDirectory="72863e89-4cac-4e10-bc16-97edc895ccba" />
    <UnitTestResult executionId="11b9763f-e7d6-408f-90de-9843c1ec7c71" testId="dc1fd292-e174-668d-7833-c1854255d61a" testName="Append_Property_Path_WithoutValue" computerName="DKSR-EFI-04" duration="00:00:00.0003919" startTime="2023-12-22T09:36:30.4171248+01:00" endTime="2023-12-22T09:36:30.4177346+01:00" testType="13cdc9d9-ddb5-4fa4-a97d-d965ccfc6d4b" outcome="Passed" testListId="8c84fa94-04c1-424b-9868-57a2d4851a1d" relativeResultsDirectory="11b9763f-e7d6-408f-90de-9843c1ec7c71" />
    <UnitTestResult executionId="839516c1-e0b2-491b-a9ad-052cf4eeb932" testId="ae1fcdcb-f991-e67c-d221-5879496f84bd" testName="ReadXml_ShouldReadClassCandidateContents_WhenClassCandidateIsPresent" computerName="DKSR-EFI-04" duration="00:00:00.0015350" startTime="2023-12-22T09:36:31.3796702+01:00" endTime="2023-12-22T09:36:31.3814374+01:00" testType="13cdc9d9-ddb5-4fa4-a97d-d965ccfc6d4b" outcome="Passed" testListId="8c84fa94-04c1-424b-9868-57a2d4851a1d" relativeResultsDirectory="839516c1-e0b2-491b-a9ad-052cf4eeb932" />
    <UnitTestResult executionId="74af4e14-1413-4539-b306-29448716b75a" testId="5a6e28a5-0456-0238-773c-6170fb1e4f85" testName="SetCacheContents_HandleEmptyList" computerName="DKSR-EFI-04" duration="00:00:00.0027870" startTime="2023-12-22T09:36:32.6211374+01:00" endTime="2023-12-22T09:36:32.6245112+01:00" testType="13cdc9d9-ddb5-4fa4-a97d-d965ccfc6d4b" outcome="Passed" testListId="8c84fa94-04c1-424b-9868-57a2d4851a1d" relativeResultsDirectory="74af4e14-1413-4539-b306-29448716b75a" />
    <UnitTestResult executionId="3737b8a7-6be4-44bf-b0fe-4841a863d946" testId="d716207e-88e3-d258-c9c3-93a6eb313656" testName="GetAtOrBefore_ShouldReturnNull_WhenCacheIsEmpty" computerName="DKSR-EFI-04" duration="00:00:00.0007088" startTime="2023-12-22T09:36:32.6737956+01:00" endTime="2023-12-22T09:36:32.6747015+01:00" testType="13cdc9d9-ddb5-4fa4-a97d-d965ccfc6d4b" outcome="Passed" testListId="8c84fa94-04c1-424b-9868-57a2d4851a1d" relativeResultsDirectory="3737b8a7-6be4-44bf-b0fe-4841a863d946" />
    <UnitTestResult executionId="1ff7b4ea-b34a-491f-9c0b-b80bf4df1dd3" testId="13d7aebd-6cec-2e73-3e91-8e5121f9f1bc" testName="ReadXml_ShouldReadObjectIdAttribute_WhenPresent" computerName="DKSR-EFI-04" duration="00:00:00.0002468" startTime="2023-12-22T09:36:31.4149464+01:00" endTime="2023-12-22T09:36:31.4153875+01:00" testType="13cdc9d9-ddb5-4fa4-a97d-d965ccfc6d4b" outcome="Passed" testListId="8c84fa94-04c1-424b-9868-57a2d4851a1d" relativeResultsDirectory="1ff7b4ea-b34a-491f-9c0b-b80bf4df1dd3" />
    <UnitTestResult executionId="691af42c-82b0-45b0-ab5f-c42ed4ab2a5c" testId="461181b2-b5d1-1d54-a990-5025bc85a37b" testName="EqualGuids_Fail_OnParentId" computerName="DKSR-EFI-04" duration="00:00:00.0003854" startTime="2023-12-22T09:36:02.7081842+01:00" endTime="2023-12-22T09:36:02.7086832+01:00" testType="13cdc9d9-ddb5-4fa4-a97d-d965ccfc6d4b" outcome="Passed" testListId="8c84fa94-04c1-424b-9868-57a2d4851a1d" relativeResultsDirectory="691af42c-82b0-45b0-ab5f-c42ed4ab2a5c" />
    <UnitTestResult executionId="ba1a4cf1-9563-479d-935f-ab48c39988cc" testId="5f1d3042-4664-b398-297d-153c346ec0d1" testName="Equals_ShouldHaveValueSemantics_WhenAlways" computerName="DKSR-EFI-04" duration="00:00:00.0011319" startTime="2023-12-22T09:36:30.9872271+01:00" endTime="2023-12-22T09:36:30.9885544+01:00" testType="13cdc9d9-ddb5-4fa4-a97d-d965ccfc6d4b" outcome="Passed" testListId="8c84fa94-04c1-424b-9868-57a2d4851a1d" relativeResultsDirectory="ba1a4cf1-9563-479d-935f-ab48c39988cc" />
    <UnitTestResult executionId="bcafdaa4-b996-41dc-ab3e-93d77b82b6f2" testId="a32877bc-9b7f-e906-c5f0-bd91b67c99a7" testName="WriteXml_ShouldWriteAllVideoAnalytics_WhenThereAreMultipleVideoAnalyticsItemsPresent" computerName="DKSR-EFI-04" duration="00:00:00.0003119" startTime="2023-12-22T09:36:31.2938623+01:00" endTime="2023-12-22T09:36:31.2943683+01:00" testType="13cdc9d9-ddb5-4fa4-a97d-d965ccfc6d4b" outcome="Passed" testListId="8c84fa94-04c1-424b-9868-57a2d4851a1d" relativeResultsDirectory="bcafdaa4-b996-41dc-ab3e-93d77b82b6f2" />
    <UnitTestResult executionId="1a72e59a-4abb-4669-b662-f8b057b80596" testId="f85011e7-aedc-f16d-4ec9-583569d1a8dd" testName="Enabled_Properties_With_Enable_False_success" computerName="DKSR-EFI-04" duration="00:00:00.0115701" startTime="2023-12-22T09:36:03.8008173+01:00" endTime="2023-12-22T09:36:03.8126129+01:00" testType="13cdc9d9-ddb5-4fa4-a97d-d965ccfc6d4b" outcome="Passed" testListId="8c84fa94-04c1-424b-9868-57a2d4851a1d" relativeResultsDirectory="1a72e59a-4abb-4669-b662-f8b057b80596" />
    <UnitTestResult executionId="0110de0a-8972-4bca-b3ed-ea6e6e955ac1" testId="a30a662f-2ee5-0db0-93be-e23b78960c82" testName="TestSearchFilterCategories_WithOneAgentIsNull_Success" computerName="DKSR-EFI-04" duration="00:00:00.0009801" startTime="2023-12-22T09:36:28.9235940+01:00" endTime="2023-12-22T09:36:28.9247797+01:00" testType="13cdc9d9-ddb5-4fa4-a97d-d965ccfc6d4b" outcome="Passed" testListId="8c84fa94-04c1-424b-9868-57a2d4851a1d" relativeResultsDirectory="0110de0a-8972-4bca-b3ed-ea6e6e955ac1" />
    <UnitTestResult executionId="f38b5289-a034-4ac9-bb97-aa4186c1b5d6" testId="44f3c5c5-ae4b-6e15-d7ce-1234ea127a5e" testName="Serialize_TestCases (TestParentTypeMatchInterfaceThisTypeMatchedProperty)" computerName="DKSR-EFI-04" duration="00:00:00.0006159" startTime="2023-12-22T09:36:28.3809532+01:00" endTime="2023-12-22T09:36:28.3818841+01:00" testType="13cdc9d9-ddb5-4fa4-a97d-d965ccfc6d4b" outcome="Passed" testListId="8c84fa94-04c1-424b-9868-57a2d4851a1d" relativeResultsDirectory="f38b5289-a034-4ac9-bb97-aa4186c1b5d6" />
    <UnitTestResult executionId="02ff668b-276f-41cb-8d75-19c2987e3ec1" testId="08cc126a-cc1a-5bd0-28c8-0e116736d384" testName="ToString_WithTypeAndNull" computerName="DKSR-EFI-04" duration="00:00:00.0002651" startTime="2023-12-22T09:36:31.8158947+01:00" endTime="2023-12-22T09:36:31.8163671+01:00" testType="13cdc9d9-ddb5-4fa4-a97d-d965ccfc6d4b" outcome="Passed" testListId="8c84fa94-04c1-424b-9868-57a2d4851a1d" relativeResultsDirectory="02ff668b-276f-41cb-8d75-19c2987e3ec1" />
    <UnitTestResult executionId="0cb65ee5-37a2-44a1-b3fb-d018c9ba0f02" testId="844dbd09-3e1b-ba6e-1295-725984dabbdb" testName="WriteXml_ShouldWriteAppearanceContents_WhenAppearanceIsNotNull" computerName="DKSR-EFI-04" duration="00:00:00.0012263" startTime="2023-12-22T09:36:31.4394619+01:00" endTime="2023-12-22T09:36:31.4408708+01:00" testType="13cdc9d9-ddb5-4fa4-a97d-d965ccfc6d4b" outcome="Passed" testListId="8c84fa94-04c1-424b-9868-57a2d4851a1d" relativeResultsDirectory="0cb65ee5-37a2-44a1-b3fb-d018c9ba0f02" />
    <UnitTestResult executionId="81945eee-9e77-4d00-80f8-712dd01804fe" testId="fdd1c789-d9b7-74e5-3e60-0cdd8a844a3b" testName="ReadXml_ShouldLogMessage_WhenObjectIdAttributeIsPresentButNotAnInteger" computerName="DKSR-EFI-04" duration="00:00:00.0018070" startTime="2023-12-22T09:36:31.4193356+01:00" endTime="2023-12-22T09:36:31.4213941+01:00" testType="13cdc9d9-ddb5-4fa4-a97d-d965ccfc6d4b" outcome="Passed" testListId="8c84fa94-04c1-424b-9868-57a2d4851a1d" relativeResultsDirectory="81945eee-9e77-4d00-80f8-712dd01804fe" />
    <UnitTestResult executionId="77b2f189-0610-4fd5-b80f-2972ec0638e0" testId="be7d7f3c-32c0-1ba5-667f-eebdbcb535c4" testName="ReadyToClose_OkCommand_SingleSelect_Thrown" computerName="DKSR-EFI-04" duration="00:00:00.0007897" startTime="2023-12-22T09:36:23.0051257+01:00" endTime="2023-12-22T09:36:23.0061171+01:00" testType="13cdc9d9-ddb5-4fa4-a97d-d965ccfc6d4b" outcome="Passed" testListId="8c84fa94-04c1-424b-9868-57a2d4851a1d" relativeResultsDirectory="77b2f189-0610-4fd5-b80f-2972ec0638e0" />
    <UnitTestResult executionId="3122f059-f46b-473e-888b-43da3f78b977" testId="545d08a7-8d4d-0e52-621a-4acb7e985873" testName="ReadAppearanceExtensionXml_ShouldReadBoundingBoxFillColor_WhenBoundingBoxFillColorIsPresent" computerName="DKSR-EFI-04" duration="00:00:00.0003180" startTime="2023-12-22T09:36:31.4946804+01:00" endTime="2023-12-22T09:36:31.4952026+01:00" testType="13cdc9d9-ddb5-4fa4-a97d-d965ccfc6d4b" outcome="Passed" testListId="8c84fa94-04c1-424b-9868-57a2d4851a1d" relativeResultsDirectory="3122f059-f46b-473e-888b-43da3f78b977" />
    <UnitTestResult executionId="7abe6879-41a8-458d-a030-1ad0a7ed17c7" testId="7f634cbe-20c0-73ce-7a57-e27b44400638" testName="Ctor_NullName_Throws" computerName="DKSR-EFI-04" duration="00:00:00.0013457" startTime="2023-12-22T09:36:30.1928944+01:00" endTime="2023-12-22T09:36:30.1947419+01:00" testType="13cdc9d9-ddb5-4fa4-a97d-d965ccfc6d4b" outcome="Passed" testListId="8c84fa94-04c1-424b-9868-57a2d4851a1d" relativeResultsDirectory="7abe6879-41a8-458d-a030-1ad0a7ed17c7" />
    <UnitTestResult executionId="eaf46e7a-8b9a-4995-bd88-e457a04f7653" testId="16f60887-7ce9-1170-b4ee-a149304874ee" testName="UnloadedEvent_ShouldRemoveProxyManager_WhenRaisedOnFrameworkElement" computerName="DKSR-EFI-04" duration="00:00:00.0053711" startTime="2023-12-22T09:36:28.6278176+01:00" endTime="2023-12-22T09:36:28.6360115+01:00" testType="13cdc9d9-ddb5-4fa4-a97d-d965ccfc6d4b" outcome="Passed" testListId="8c84fa94-04c1-424b-9868-57a2d4851a1d" relativeResultsDirectory="eaf46e7a-8b9a-4995-bd88-e457a04f7653" />
    <UnitTestResult executionId="6b06960e-39be-4ab1-962d-89542d587d86" testId="a7839cf0-508a-0ad4-6fc1-0553406f8071" testName="GetNext_ShouldReturnNull_WhenLastEntryWasCalled" computerName="DKSR-EFI-04" duration="00:00:00.0003852" startTime="2023-12-22T09:36:32.6540615+01:00" endTime="2023-12-22T09:36:32.6546292+01:00" testType="13cdc9d9-ddb5-4fa4-a97d-d965ccfc6d4b" outcome="Passed" testListId="8c84fa94-04c1-424b-9868-57a2d4851a1d" relativeResultsDirectory="6b06960e-39be-4ab1-962d-89542d587d86" />
    <UnitTestResult executionId="7890414a-a1cf-46ad-818c-5fbf7c82448c" testId="aa00ee56-82a4-f12d-65e7-778cc997807f" testName="OverlapsWith_ShouldReturnTrue_WhenArgumenStartTimeIsAfterStartTimeAndBeforeEndTime" computerName="DKSR-EFI-04" duration="00:00:00.0002552" startTime="2023-12-22T09:36:15.2907758+01:00" endTime="2023-12-22T09:36:15.2911422+01:00" testType="13cdc9d9-ddb5-4fa4-a97d-d965ccfc6d4b" outcome="Passed" testListId="8c84fa94-04c1-424b-9868-57a2d4851a1d" relativeResultsDirectory="7890414a-a1cf-46ad-818c-5fbf7c82448c" />
    <UnitTestResult executionId="0d00679e-1f45-484e-ab62-0e3a606d94ea" testId="25843545-ef80-11aa-4565-6026ffae4df6" testName="WriteXml_ShouldWriteAllFrames_WhenThereAreMultipleFramesPresent" computerName="DKSR-EFI-04" duration="00:00:00.0009294" startTime="2023-12-22T09:36:31.7361530+01:00" endTime="2023-12-22T09:36:31.7372587+01:00" testType="13cdc9d9-ddb5-4fa4-a97d-d965ccfc6d4b" outcome="Passed" testListId="8c84fa94-04c1-424b-9868-57a2d4851a1d" relativeResultsDirectory="0d00679e-1f45-484e-ab62-0e3a606d94ea" />
    <UnitTestResult executionId="ef8411f5-3bd0-4755-979a-6080faab540b" testId="f5abc6e6-30fb-64d6-b653-e8776326ca87" testName="ReadXml_ShouldIgnoreUnknownExtensionChildren_WhenUnknownExtensionChildrenArePresent" computerName="DKSR-EFI-04" duration="00:00:00.0008506" startTime="2023-12-22T09:36:31.2811747+01:00" endTime="2023-12-22T09:36:31.2822834+01:00" testType="13cdc9d9-ddb5-4fa4-a97d-d965ccfc6d4b" outcome="Passed" testListId="8c84fa94-04c1-424b-9868-57a2d4851a1d" relativeResultsDirectory="ef8411f5-3bd0-4755-979a-6080faab540b" />
    <UnitTestResult executionId="7dd3f13f-9ba9-4aa9-be80-525ea6abcb8a" testId="57917bfd-ab9b-4422-cadc-1c44ad6d5244" testName="ReadXml_ShouldReadRightAttribute_WhenPresent" computerName="DKSR-EFI-04" duration="00:00:00.0003277" startTime="2023-12-22T09:36:31.4693995+01:00" endTime="2023-12-22T09:36:31.4699242+01:00" testType="13cdc9d9-ddb5-4fa4-a97d-d965ccfc6d4b" outcome="Passed" testListId="8c84fa94-04c1-424b-9868-57a2d4851a1d" relativeResultsDirectory="7dd3f13f-9ba9-4aa9-be80-525ea6abcb8a" />
    <UnitTestResult executionId="bd8c78f8-a877-4a91-9552-7c661e360ffd" testId="12453e35-9e6c-1895-86bb-d53b925cb8c9" testName="Equals_ShouldReturnTrue_WhenHostDifferOnlyByProtocol" computerName="DKSR-EFI-04" duration="00:00:00.0002694" startTime="2023-12-22T09:36:04.1751077+01:00" endTime="2023-12-22T09:36:04.1754949+01:00" testType="13cdc9d9-ddb5-4fa4-a97d-d965ccfc6d4b" outcome="Passed" testListId="8c84fa94-04c1-424b-9868-57a2d4851a1d" relativeResultsDirectory="bd8c78f8-a877-4a91-9552-7c661e360ffd" />
    <UnitTestResult executionId="8aa96504-1dd7-4d1a-b63f-aa98f9defed2" testId="44436d34-8c47-a19f-150a-24d114c511ac" testName="RegistrationsObjectId_ShouldBeTheSameAsReleasedBeforeNonFips" computerName="DKSR-EFI-04" duration="00:00:00.0002430" startTime="2023-12-22T09:36:32.3304218+01:00" endTime="2023-12-22T09:36:32.3308349+01:00" testType="13cdc9d9-ddb5-4fa4-a97d-d965ccfc6d4b" outcome="Passed" testListId="8c84fa94-04c1-424b-9868-57a2d4851a1d" relativeResultsDirectory="8aa96504-1dd7-4d1a-b63f-aa98f9defed2" />
    <UnitTestResult executionId="efc83ffd-71a2-4921-a7c6-f3465577d295" testId="5c447ad0-5dd2-2fa2-d091-548bf019cae3" testName="IsValid_ShouldBeSetToTrue_WhenValidBoundingBoxAndCenterOfGravityIsMissing" computerName="DKSR-EFI-04" duration="00:00:00.0011175" startTime="2023-12-22T09:36:31.5397153+01:00" endTime="2023-12-22T09:36:31.5410195+01:00" testType="13cdc9d9-ddb5-4fa4-a97d-d965ccfc6d4b" outcome="Passed" testListId="8c84fa94-04c1-424b-9868-57a2d4851a1d" relativeResultsDirectory="efc83ffd-71a2-4921-a7c6-f3465577d295" />
    <UnitTestResult executionId="df286e5a-e774-4d4a-9193-badf6b1119a1" testId="bfe0ceb7-58a0-23f3-be81-2bfb090a4c1b" testName="ReadXml_ShouldIgnoreUnknownChildren_WhenUnknownChildrenArePresent" computerName="DKSR-EFI-04" duration="00:00:00.0021827" startTime="2023-12-22T09:36:31.0898603+01:00" endTime="2023-12-22T09:36:31.0922798+01:00" testType="13cdc9d9-ddb5-4fa4-a97d-d965ccfc6d4b" outcome="Passed" testListId="8c84fa94-04c1-424b-9868-57a2d4851a1d" relativeResultsDirectory="df286e5a-e774-4d4a-9193-badf6b1119a1" />
    <UnitTestResult executionId="e4113136-3b2f-47bf-b9df-803dfe75f63f" testId="bdfc35c1-636f-aaf9-5506-e97d44bad92c" testName="Ctor_TwoStandardFiltersAndTwoCustomFilters_Success" computerName="DKSR-EFI-04" duration="00:00:00.0004932" startTime="2023-12-22T09:36:30.2302713+01:00" endTime="2023-12-22T09:36:30.2309540+01:00" testType="13cdc9d9-ddb5-4fa4-a97d-d965ccfc6d4b" outcome="Passed" testListId="8c84fa94-04c1-424b-9868-57a2d4851a1d" relativeResultsDirectory="e4113136-3b2f-47bf-b9df-803dfe75f63f" />
    <UnitTestResult executionId="3153467b-ce4c-4633-ae20-bb71fffa7f1c" testId="788d8b0c-681e-eeab-fb16-541a413b2444" testName="GetNextDateTime_ShouldReturnDataEntityFromCacheWithoutCallingToolkit_WhenDataIsPresentInCache" computerName="DKSR-EFI-04" duration="00:00:00.0027968" startTime="2023-12-22T09:36:32.8424330+01:00" endTime="2023-12-22T09:36:32.8454280+01:00" testType="13cdc9d9-ddb5-4fa4-a97d-d965ccfc6d4b" outcome="Passed" testListId="8c84fa94-04c1-424b-9868-57a2d4851a1d" relativeResultsDirectory="3153467b-ce4c-4633-ae20-bb71fffa7f1c" />
    <UnitTestResult executionId="1c530545-9554-4f05-82e0-785d74638cf8" testId="e8ac92b2-fcd9-2dc0-f713-3c2cf3bb77c1" testName="GetPreviousDateTime_ShouldReturnLastDataEntityFromToolkit_WhenDataIsNotCached" computerName="DKSR-EFI-04" duration="00:00:00.0027208" startTime="2023-12-22T09:36:32.8546491+01:00" endTime="2023-12-22T09:36:32.8575753+01:00" testType="13cdc9d9-ddb5-4fa4-a97d-d965ccfc6d4b" outcome="Passed" testListId="8c84fa94-04c1-424b-9868-57a2d4851a1d" relativeResultsDirectory="1c530545-9554-4f05-82e0-785d74638cf8" />
    <UnitTestResult executionId="e9b0ea28-7eb6-4bd7-a870-62c46e9f69d3" testId="97e7d06a-68e4-1586-9e4c-e6b41260549f" testName="AllAttributesWerePresent_ShouldReturnFalse_WhenRightAttributeIsMissing" computerName="DKSR-EFI-04" duration="00:00:00.0003140" startTime="2023-12-22T09:36:31.4827787+01:00" endTime="2023-12-22T09:36:31.4833034+01:00" testType="13cdc9d9-ddb5-4fa4-a97d-d965ccfc6d4b" outcome="Passed" testListId="8c84fa94-04c1-424b-9868-57a2d4851a1d" relativeResultsDirectory="e9b0ea28-7eb6-4bd7-a870-62c46e9f69d3" />
    <UnitTestResult executionId="3da683b5-8fac-4526-9b3d-6214e4770ac6" testId="e6ba39e7-b277-ade5-953f-680493847818" testName="MatchId_Success_MessageWithAsteriskAtEnd_NoEnding" computerName="DKSR-EFI-04" duration="00:00:00.0001545" startTime="2023-12-22T09:36:31.7456288+01:00" endTime="2023-12-22T09:36:31.7459523+01:00" testType="13cdc9d9-ddb5-4fa4-a97d-d965ccfc6d4b" outcome="Passed" testListId="8c84fa94-04c1-424b-9868-57a2d4851a1d" relativeResultsDirectory="3da683b5-8fac-4526-9b3d-6214e4770ac6" />
    <UnitTestResult executionId="9ad77445-7c16-435a-9094-588f369da219" testId="570963dc-5e77-73b9-225e-688120d0deeb" testName="GetBoundingShapesAsync_FirstInvocationCancelled_DelegatedToInternalMethodOnce" computerName="DKSR-EFI-04" duration="00:00:00.0010622" startTime="2023-12-22T09:36:29.1387110+01:00" endTime="2023-12-22T09:36:29.1400289+01:00" testType="13cdc9d9-ddb5-4fa4-a97d-d965ccfc6d4b" outcome="Passed" testListId="8c84fa94-04c1-424b-9868-57a2d4851a1d" relativeResultsDirectory="9ad77445-7c16-435a-9094-588f369da219" />
    <UnitTestResult executionId="d211463c-14c3-4576-af65-f631583390bd" testId="93f61c3c-6b1e-d1b6-89d6-3a1bfa5e90ba" testName="HasExtensionDataPresent_ShouldReturnFalse_WhenExtensionDataIsNotPresent" computerName="DKSR-EFI-04" duration="00:00:00.0002460" startTime="2023-12-22T09:36:31.4588272+01:00" endTime="2023-12-22T09:36:31.4592864+01:00" testType="13cdc9d9-ddb5-4fa4-a97d-d965ccfc6d4b" outcome="Passed" testListId="8c84fa94-04c1-424b-9868-57a2d4851a1d" relativeResultsDirectory="d211463c-14c3-4576-af65-f631583390bd" />
    <UnitTestResult executionId="6c54bb55-8552-40e8-b642-1e069dca63ee" testId="d8aec2c2-feb6-0e42-e54d-284965f5dea7" testName="MatchId_Fail_MessageWithAsteriskAtEnd" computerName="DKSR-EFI-04" duration="00:00:00.0001920" startTime="2023-12-22T09:36:31.7468835+01:00" endTime="2023-12-22T09:36:31.7472838+01:00" testType="13cdc9d9-ddb5-4fa4-a97d-d965ccfc6d4b" outcome="Passed" testListId="8c84fa94-04c1-424b-9868-57a2d4851a1d" relativeResultsDirectory="6c54bb55-8552-40e8-b642-1e069dca63ee" />
    <UnitTestResult executionId="da4b02e4-fbdc-4ddd-aec6-a5961a5a896c" testId="dacce14d-9756-2798-fd98-fb15b8b3c6f4" testName="Construct1_And_Field_Check" computerName="DKSR-EFI-04" duration="00:00:00.1711730" startTime="2023-12-22T09:36:02.7423687+01:00" endTime="2023-12-22T09:36:02.9139934+01:00" testType="13cdc9d9-ddb5-4fa4-a97d-d965ccfc6d4b" outcome="Passed" testListId="8c84fa94-04c1-424b-9868-57a2d4851a1d" relativeResultsDirectory="da4b02e4-fbdc-4ddd-aec6-a5961a5a896c" />
    <UnitTestResult executionId="77e66706-3580-4904-b3d5-e1a87bf740e7" testId="d1645eb5-871e-4ef4-8f57-61d470c8d63a" testName="Serialize_ShouldHandleCollectionFilter_WhenMatchingCollectionItemsTypeAndItMatchesAll" computerName="DKSR-EFI-04" duration="00:00:00.0011645" startTime="2023-12-22T09:36:28.4906416+01:00" endTime="2023-12-22T09:36:28.4919979+01:00" testType="13cdc9d9-ddb5-4fa4-a97d-d965ccfc6d4b" outcome="Passed" testListId="8c84fa94-04c1-424b-9868-57a2d4851a1d" relativeResultsDirectory="77e66706-3580-4904-b3d5-e1a87bf740e7" />
    <UnitTestResult executionId="b05c9ed2-b232-4857-a569-0711fb902b65" testId="07d6b577-3d60-1f8f-d4b8-5715e136ec3a" testName="ReadXml_ShouldDiscardBoundingBox_WhenIncompleteBoundingBoxIsPresent" computerName="DKSR-EFI-04" duration="00:00:00.0010574" startTime="2023-12-22T09:36:31.5514266+01:00" endTime="2023-12-22T09:36:31.5526511+01:00" testType="13cdc9d9-ddb5-4fa4-a97d-d965ccfc6d4b" outcome="Passed" testListId="8c84fa94-04c1-424b-9868-57a2d4851a1d" relativeResultsDirectory="b05c9ed2-b232-4857-a569-0711fb902b65" />
    <UnitTestResult executionId="c3320f35-f6a5-493c-9ff8-d8a1bb3eb4c4" testId="dbc5d189-251d-e27f-7817-a46019f321c1" testName="GenerateParameters_ShouldOmitFpsRange_WhenFpsRangeIsNull" computerName="DKSR-EFI-04" duration="00:00:00.0007551" startTime="2023-12-22T09:36:32.5278346+01:00" endTime="2023-12-22T09:36:32.5287805+01:00" testType="13cdc9d9-ddb5-4fa4-a97d-d965ccfc6d4b" outcome="Passed" testListId="8c84fa94-04c1-424b-9868-57a2d4851a1d" relativeResultsDirectory="c3320f35-f6a5-493c-9ff8-d8a1bb3eb4c4" />
    <UnitTestResult executionId="bd8fb7f2-ec18-4c9b-87b0-0f7f3db0da87" testId="666142b8-78c0-45b9-dbb6-d91affaa8f8f" testName="Serialize_TestCases (TestParentTypeMatchGenericNotThisTypeNotMatchedProperty)" computerName="DKSR-EFI-04" duration="00:00:00.0025088" startTime="2023-12-22T09:36:28.4675419+01:00" endTime="2023-12-22T09:36:28.4704274+01:00" testType="13cdc9d9-ddb5-4fa4-a97d-d965ccfc6d4b" outcome="Passed" testListId="8c84fa94-04c1-424b-9868-57a2d4851a1d" relativeResultsDirectory="bd8fb7f2-ec18-4c9b-87b0-0f7f3db0da87" />
    <UnitTestResult executionId="a3b55200-443d-43fd-9a1e-82644527663e" testId="f2ff9b13-7b8e-c847-8a5c-fd82e1ab203f" testName="Serialize_TestCases (Verify root Interface (not null) property get property value)" computerName="DKSR-EFI-04" duration="00:00:00.0002176" startTime="2023-12-22T09:36:28.2772529+01:00" endTime="2023-12-22T09:36:28.2777756+01:00" testType="13cdc9d9-ddb5-4fa4-a97d-d965ccfc6d4b" outcome="Passed" testListId="8c84fa94-04c1-424b-9868-57a2d4851a1d" relativeResultsDirectory="a3b55200-443d-43fd-9a1e-82644527663e" />
    <UnitTestResult executionId="55b330f6-184a-4236-878b-36e699f4e86f" testId="137cce7b-4534-866e-a202-717289695719" testName="ToString_WithTypeAndMessage" computerName="DKSR-EFI-04" duration="00:00:00.0002201" startTime="2023-12-22T09:36:31.8145659+01:00" endTime="2023-12-22T09:36:31.8149861+01:00" testType="13cdc9d9-ddb5-4fa4-a97d-d965ccfc6d4b" outcome="Passed" testListId="8c84fa94-04c1-424b-9868-57a2d4851a1d" relativeResultsDirectory="55b330f6-184a-4236-878b-36e699f4e86f" />
    <UnitTestResult executionId="467574c8-67e6-4850-84b8-ca2d293c77c6" testId="3b72e631-6670-fe62-856b-ccd543a59971" testName="GetPrevious_ShouldReturnNull_WhenCallToFindCacheEntryAfterReturnedNull" computerName="DKSR-EFI-04" duration="00:00:00.0003819" startTime="2023-12-22T09:36:32.6464681+01:00" endTime="2023-12-22T09:36:32.6470336+01:00" testType="13cdc9d9-ddb5-4fa4-a97d-d965ccfc6d4b" outcome="Passed" testListId="8c84fa94-04c1-424b-9868-57a2d4851a1d" relativeResultsDirectory="467574c8-67e6-4850-84b8-ca2d293c77c6" />
    <UnitTestResult executionId="e546e10b-40a7-47af-bce4-10742f7cde72" testId="eff4462f-0b3b-bad0-f3bc-88c9334e4c4b" testName="IsEmptyValue_DoubleRangeFilterValue_MinValueAboveMinimum_ReturnsFalse" computerName="DKSR-EFI-04" duration="00:00:00.0018828" startTime="2023-12-22T09:36:28.8075692+01:00" endTime="2023-12-22T09:36:28.8096372+01:00" testType="13cdc9d9-ddb5-4fa4-a97d-d965ccfc6d4b" outcome="Passed" testListId="8c84fa94-04c1-424b-9868-57a2d4851a1d" relativeResultsDirectory="e546e10b-40a7-47af-bce4-10742f7cde72" />
    <UnitTestResult executionId="54fef403-3f19-4ad5-b780-33c0a891ca91" testId="c47b0ccb-123e-8cec-2750-cacbc255e2ef" testName="ToJson_ListElement_Array" computerName="DKSR-EFI-04" duration="00:00:00.0002122" startTime="2023-12-22T09:36:30.4942517+01:00" endTime="2023-12-22T09:36:30.4946631+01:00" testType="13cdc9d9-ddb5-4fa4-a97d-d965ccfc6d4b" outcome="Passed" testListId="8c84fa94-04c1-424b-9868-57a2d4851a1d" relativeResultsDirectory="54fef403-3f19-4ad5-b780-33c0a891ca91" />
    <UnitTestResult executionId="8555ffed-b8da-4bc3-bca6-d2e435c36c73" testId="f880bae4-ac7b-09b5-228d-aaaa54c0b1c6" testName="TestCancelSearch_DefinitionNotRespectingCancellation_Success" computerName="DKSR-EFI-04" duration="00:00:00.0053285" startTime="2023-12-22T09:36:29.0697840+01:00" endTime="2023-12-22T09:36:29.0753734+01:00" testType="13cdc9d9-ddb5-4fa4-a97d-d965ccfc6d4b" outcome="Passed" testListId="8c84fa94-04c1-424b-9868-57a2d4851a1d" relativeResultsDirectory="8555ffed-b8da-4bc3-bca6-d2e435c36c73" />
    <UnitTestResult executionId="de95389b-b110-4534-93d0-ae9ea7dc7a12" testId="b9255dfa-9628-1fda-ee6f-f5fa66f81e57" testName="GetPrevious_ShouldReturnLastDataEntityFromToolkitCall_WhenDataIsNotInCache" computerName="DKSR-EFI-04" duration="00:00:00.0024453" startTime="2023-12-22T09:36:32.8678309+01:00" endTime="2023-12-22T09:36:32.8704741+01:00" testType="13cdc9d9-ddb5-4fa4-a97d-d965ccfc6d4b" outcome="Passed" testListId="8c84fa94-04c1-424b-9868-57a2d4851a1d" relativeResultsDirectory="de95389b-b110-4534-93d0-ae9ea7dc7a12" />
    <UnitTestResult executionId="d9ebcf7d-3617-490c-9ba4-fcae82a08d9b" testId="541af543-8f89-e2a2-51fc-7ea5fad4d84e" testName="GetItem_ShouldReturnNull_WhenNotFound" computerName="DKSR-EFI-04" duration="00:00:00.0049705" startTime="2023-12-22T09:36:05.1867153+01:00" endTime="2023-12-22T09:36:05.1920123+01:00" testType="13cdc9d9-ddb5-4fa4-a97d-d965ccfc6d4b" outcome="Passed" testListId="8c84fa94-04c1-424b-9868-57a2d4851a1d" relativeResultsDirectory="d9ebcf7d-3617-490c-9ba4-fcae82a08d9b" />
    <UnitTestResult executionId="b1b8ba66-2f19-4e1d-9fa4-c918f4ed2fc2" testId="80c46a70-b8c2-5ddc-7925-b3f4ce3a7330" testName="Serialize_TestCases (Verify root Interface (not null) property)" computerName="DKSR-EFI-04" duration="00:00:00.0003219" startTime="2023-12-22T09:36:28.2758087+01:00" endTime="2023-12-22T09:36:28.2764272+01:00" testType="13cdc9d9-ddb5-4fa4-a97d-d965ccfc6d4b" outcome="Passed" testListId="8c84fa94-04c1-424b-9868-57a2d4851a1d" relativeResultsDirectory="b1b8ba66-2f19-4e1d-9fa4-c918f4ed2fc2" />
    <UnitTestResult executionId="3318c12f-289f-4c2e-9e8d-f0b509316bf4" testId="044b544f-c581-0c62-7f52-eaa9bd1b769a" testName="ReadXml_ShouldReadColorAttribute_WhenPresent" computerName="DKSR-EFI-04" duration="00:00:00.0017626" startTime="2023-12-22T09:36:31.0450046+01:00" endTime="2023-12-22T09:36:31.0469781+01:00" testType="13cdc9d9-ddb5-4fa4-a97d-d965ccfc6d4b" outcome="Passed" testListId="8c84fa94-04c1-424b-9868-57a2d4851a1d" relativeResultsDirectory="3318c12f-289f-4c2e-9e8d-f0b509316bf4" />
    <UnitTestResult executionId="7550a533-4857-4d57-b343-c5302fa6ef91" testId="447829a4-f86b-01dd-760a-c4052e1b005d" testName="OverlapsWith_ShouldReturnFalse_WhenArgumenStartIsEqualToEnd" computerName="DKSR-EFI-04" duration="00:00:00.0007383" startTime="2023-12-22T09:36:15.2916592+01:00" endTime="2023-12-22T09:36:15.2925108+01:00" testType="13cdc9d9-ddb5-4fa4-a97d-d965ccfc6d4b" outcome="Passed" testListId="8c84fa94-04c1-424b-9868-57a2d4851a1d" relativeResultsDirectory="7550a533-4857-4d57-b343-c5302fa6ef91" />
    <UnitTestResult executionId="293928e9-5e16-4e98-ad39-3c16cd72842f" testId="d131d3ee-68f2-b781-805c-3d38a16bf8a5" testName="BeginTimeShouldReturnConstructorParameter" computerName="DKSR-EFI-04" duration="00:00:00.0005183" startTime="2023-12-22T09:36:32.2763601+01:00" endTime="2023-12-22T09:36:32.2770814+01:00" testType="13cdc9d9-ddb5-4fa4-a97d-d965ccfc6d4b" outcome="Passed" testListId="8c84fa94-04c1-424b-9868-57a2d4851a1d" relativeResultsDirectory="293928e9-5e16-4e98-ad39-3c16cd72842f" />
    <UnitTestResult executionId="789eb26f-05f2-4c23-b63a-f8e8f1729291" testId="31d165a4-0514-1831-5c27-9754c33030c7" testName="CountByItems_Activated_Grace" computerName="DKSR-EFI-04" duration="00:00:00.0017055" startTime="2023-12-22T09:36:32.4479913+01:00" endTime="2023-12-22T09:36:32.4499163+01:00" testType="13cdc9d9-ddb5-4fa4-a97d-d965ccfc6d4b" outcome="Passed" testListId="8c84fa94-04c1-424b-9868-57a2d4851a1d" relativeResultsDirectory="789eb26f-05f2-4c23-b63a-f8e8f1729291" />
    <UnitTestResult executionId="2b949bf4-9e24-441d-9492-9bc78005825f" testId="474f4123-c4f0-ed71-e9ae-2089a5b45084" testName="Convert_MultiArgumentConverter_ShouldAllowNullValue_WhenArgumentIsReferenceType" computerName="DKSR-EFI-04" duration="00:00:00.0005107" startTime="2023-12-22T09:36:23.5015791+01:00" endTime="2023-12-22T09:36:23.5023007+01:00" testType="13cdc9d9-ddb5-4fa4-a97d-d965ccfc6d4b" outcome="Passed" testListId="8c84fa94-04c1-424b-9868-57a2d4851a1d" relativeResultsDirectory="2b949bf4-9e24-441d-9492-9bc78005825f" />
    <UnitTestResult executionId="1f03ed82-0100-432a-aa4a-ed1925029163" testId="805392f0-f3e7-2021-caac-8cfa4d85f84a" testName="ReadXml_ShouldReadItalicAttribute_WhenPresent" computerName="DKSR-EFI-04" duration="00:00:00.0002304" startTime="2023-12-22T09:36:31.0401459+01:00" endTime="2023-12-22T09:36:31.0405694+01:00" testType="13cdc9d9-ddb5-4fa4-a97d-d965ccfc6d4b" outcome="Passed" testListId="8c84fa94-04c1-424b-9868-57a2d4851a1d" relativeResultsDirectory="1f03ed82-0100-432a-aa4a-ed1925029163" />
    <UnitTestResult executionId="0488335d-af43-4832-b13d-dd79eb01c827" testId="ecc8a678-a940-3ae6-944a-34c722824547" testName="GetChildItems_ShouldReturnNull_WhenAllNotAllAdded" computerName="DKSR-EFI-04" duration="00:00:00.0085988" startTime="2023-12-22T09:36:05.2279329+01:00" endTime="2023-12-22T09:36:05.2366952+01:00" testType="13cdc9d9-ddb5-4fa4-a97d-d965ccfc6d4b" outcome="Passed" testListId="8c84fa94-04c1-424b-9868-57a2d4851a1d" relativeResultsDirectory="0488335d-af43-4832-b13d-dd79eb01c827" />
    <UnitTestResult executionId="e0a37243-0335-42d2-82c7-98cf91eb09cb" testId="af830802-23e2-0c4d-f3f5-18aa300eb661" testName="GetPreviousSequence_ShouldStoreToolkitResultInCache_WhenAlways" computerName="DKSR-EFI-04" duration="00:00:00.0022443" startTime="2023-12-22T09:36:32.9347426+01:00" endTime="2023-12-22T09:36:32.9371718+01:00" testType="13cdc9d9-ddb5-4fa4-a97d-d965ccfc6d4b" outcome="Passed" testListId="8c84fa94-04c1-424b-9868-57a2d4851a1d" relativeResultsDirectory="e0a37243-0335-42d2-82c7-98cf91eb09cb" />
    <UnitTestResult executionId="21f4645a-e588-483b-a904-0d4930fff4f3" testId="7b7abe39-6582-946d-a290-7c10dfc90b2f" testName="Serialize_TestCases (TestParentTypeMatchIntNotThisTypeNotMatched)" computerName="DKSR-EFI-04" duration="00:00:00.0003340" startTime="2023-12-22T09:36:28.3092611+01:00" endTime="2023-12-22T09:36:28.3099139+01:00" testType="13cdc9d9-ddb5-4fa4-a97d-d965ccfc6d4b" outcome="Passed" testListId="8c84fa94-04c1-424b-9868-57a2d4851a1d" relativeResultsDirectory="21f4645a-e588-483b-a904-0d4930fff4f3" />
    <UnitTestResult executionId="a9c703de-d809-4d77-9418-fa79e56ad592" testId="68f5557d-4bd5-ebae-3a22-537c1702d781" testName="Equals_IgnoreFolderType_Fail_OnObjectString" computerName="DKSR-EFI-04" duration="00:00:00.0003693" startTime="2023-12-22T09:36:02.6939136+01:00" endTime="2023-12-22T09:36:02.6943737+01:00" testType="13cdc9d9-ddb5-4fa4-a97d-d965ccfc6d4b" outcome="Passed" testListId="8c84fa94-04c1-424b-9868-57a2d4851a1d" relativeResultsDirectory="a9c703de-d809-4d77-9418-fa79e56ad592" />
    <UnitTestResult executionId="b88c232b-b31d-4df9-a255-403e99fcd9ce" testId="69b55b39-a9d9-76d0-7e5a-7249ce9b54b6" testName="Append_Property_Array" computerName="DKSR-EFI-04" duration="00:00:00.0104809" startTime="2023-12-22T09:36:30.4055325+01:00" endTime="2023-12-22T09:36:30.4162670+01:00" testType="13cdc9d9-ddb5-4fa4-a97d-d965ccfc6d4b" outcome="Passed" testListId="8c84fa94-04c1-424b-9868-57a2d4851a1d" relativeResultsDirectory="b88c232b-b31d-4df9-a255-403e99fcd9ce" />
    <UnitTestResult executionId="44165892-01d6-4960-894a-e825c167256a" testId="618c093b-a0b6-05a6-fc06-deebeffd4e3d" testName="GetClientAsync_NotStartsClient_WhenLoggedOut" computerName="DKSR-EFI-04" duration="00:00:00.0039850" startTime="2023-12-22T09:36:31.8585539+01:00" endTime="2023-12-22T09:36:31.8627736+01:00" testType="13cdc9d9-ddb5-4fa4-a97d-d965ccfc6d4b" outcome="Passed" testListId="8c84fa94-04c1-424b-9868-57a2d4851a1d" relativeResultsDirectory="44165892-01d6-4960-894a-e825c167256a" />
    <UnitTestResult executionId="f46e3396-d8c9-433b-8b73-9fec97e8fdf5" testId="8875b738-a9e1-7286-389a-f8981f6da4cd" testName="IsValidSelectionCallback_ReturnsFalse_ItemNotSelected" computerName="DKSR-EFI-04" duration="00:00:00.0007806" startTime="2023-12-22T09:36:22.9752664+01:00" endTime="2023-12-22T09:36:22.9762615+01:00" testType="13cdc9d9-ddb5-4fa4-a97d-d965ccfc6d4b" outcome="Passed" testListId="8c84fa94-04c1-424b-9868-57a2d4851a1d" relativeResultsDirectory="f46e3396-d8c9-433b-8b73-9fec97e8fdf5" />
    <UnitTestResult executionId="6144bc40-b13a-4ebf-aa7e-010198b52e29" testId="6213102e-95e6-1487-5c12-13f6c21c6497" testName="Serialize_TestCases (Verify root String (null) property)" computerName="DKSR-EFI-04" duration="00:00:00.0018588" startTime="2023-12-22T09:36:28.1865016+01:00" endTime="2023-12-22T09:36:28.1887226+01:00" testType="13cdc9d9-ddb5-4fa4-a97d-d965ccfc6d4b" outcome="Passed" testListId="8c84fa94-04c1-424b-9868-57a2d4851a1d" relativeResultsDirectory="6144bc40-b13a-4ebf-aa7e-010198b52e29" />
    <UnitTestResult executionId="c61e8319-cdf7-44db-9450-44a190cc881d" testId="5d3b9f28-5b7f-774a-d114-babb2f2f6cd2" testName="WriteXml_ShouldWriteFontFamiliyAttribute_WhenPresent" computerName="DKSR-EFI-04" duration="00:00:00.0002815" startTime="2023-12-22T09:36:31.0705738+01:00" endTime="2023-12-22T09:36:31.0710579+01:00" testType="13cdc9d9-ddb5-4fa4-a97d-d965ccfc6d4b" outcome="Passed" testListId="8c84fa94-04c1-424b-9868-57a2d4851a1d" relativeResultsDirectory="c61e8319-cdf7-44db-9450-44a190cc881d" />
    <UnitTestResult executionId="2702d107-af84-4c78-b131-8dd1da509163" testId="25a2ab59-4e6b-8585-ad34-1909dafc5c3e" testName="CountByItems_Activated_CountByCounter_TrialExpired" computerName="DKSR-EFI-04" duration="00:00:00.0015106" startTime="2023-12-22T09:36:32.4793872+01:00" endTime="2023-12-22T09:36:32.4810879+01:00" testType="13cdc9d9-ddb5-4fa4-a97d-d965ccfc6d4b" outcome="Passed" testListId="8c84fa94-04c1-424b-9868-57a2d4851a1d" relativeResultsDirectory="2702d107-af84-4c78-b131-8dd1da509163" />
    <UnitTestResult executionId="4c1f2365-af66-42b2-b813-6a64f6b36413" testId="e752e0ff-bfc6-c186-6be7-f4690c294e87" testName="VerticalAccuracy_ShouldThrowArgumentOfRange_WhenValueIsOutsideAcceptedRange" computerName="DKSR-EFI-04" duration="00:00:00.0012855" startTime="2023-12-22T09:36:31.3307097+01:00" endTime="2023-12-22T09:36:31.3322053+01:00" testType="13cdc9d9-ddb5-4fa4-a97d-d965ccfc6d4b" outcome="Passed" testListId="8c84fa94-04c1-424b-9868-57a2d4851a1d" relativeResultsDirectory="4c1f2365-af66-42b2-b813-6a64f6b36413" />
    <UnitTestResult executionId="2a07978c-95fe-4e34-86a2-bcca4e4da782" testId="115cf00c-004b-6d3a-9de0-103eb4fece2f" testName="OverlapsWith_ShouldReturnTrue_WhenArgumenEndTimeIsBeforeEndTimeAndAfterStartTime" computerName="DKSR-EFI-04" duration="00:00:00.0002725" startTime="2023-12-22T09:36:15.2898610+01:00" endTime="2023-12-22T09:36:15.2902565+01:00" testType="13cdc9d9-ddb5-4fa4-a97d-d965ccfc6d4b" outcome="Passed" testListId="8c84fa94-04c1-424b-9868-57a2d4851a1d" relativeResultsDirectory="2a07978c-95fe-4e34-86a2-bcca4e4da782" />
    <UnitTestResult executionId="80006b65-ca37-4d84-ae1a-21233aa0fa69" testId="4bd213a5-298f-25c6-c1c0-a6bf89fe9c65" testName="ParameterConstruct1_FieldValues_Checked" computerName="DKSR-EFI-04" duration="00:00:00.0033832" startTime="2023-12-22T09:36:02.6063391+01:00" endTime="2023-12-22T09:36:02.6098763+01:00" testType="13cdc9d9-ddb5-4fa4-a97d-d965ccfc6d4b" outcome="Passed" testListId="8c84fa94-04c1-424b-9868-57a2d4851a1d" relativeResultsDirectory="80006b65-ca37-4d84-ae1a-21233aa0fa69" />
    <UnitTestResult executionId="2fa2dabe-7386-4da9-b7f6-46c7fb1e5e4f" testId="a7d84506-07b5-7ff8-9127-f0b1cfa053da" testName="InitializeThemingSystem_ShouldNotThrowException" computerName="DKSR-EFI-04" duration="00:00:00.2688726" startTime="2023-12-22T09:36:22.5997313+01:00" endTime="2023-12-22T09:36:22.8689888+01:00" testType="13cdc9d9-ddb5-4fa4-a97d-d965ccfc6d4b" outcome="Passed" testListId="8c84fa94-04c1-424b-9868-57a2d4851a1d" relativeResultsDirectory="2fa2dabe-7386-4da9-b7f6-46c7fb1e5e4f" />
    <UnitTestResult executionId="984949e2-b2ae-448e-b98c-dd73d3c0520f" testId="21dd4ab4-8f48-2c5a-854c-4eb0b036ad99" testName="Apply_ShouldMultiplScaleYCoordinatesToToCenterYAndScaleXCoordinatesToCenterX_WhenScaleIsNotNull" computerName="DKSR-EFI-04" duration="00:00:00.0003591" startTime="2023-12-22T09:36:31.0579607+01:00" endTime="2023-12-22T09:36:31.0585270+01:00" testType="13cdc9d9-ddb5-4fa4-a97d-d965ccfc6d4b" outcome="Passed" testListId="8c84fa94-04c1-424b-9868-57a2d4851a1d" relativeResultsDirectory="984949e2-b2ae-448e-b98c-dd73d3c0520f" />
    <UnitTestResult executionId="bd183241-885f-48e0-8960-23773eff5c29" testId="f23e3e92-54c2-2411-b215-631166fbf856" testName="SearchAsync_DoSearchAsyncCalled_Success" computerName="DKSR-EFI-04" duration="00:00:00.0025499" startTime="2023-12-22T09:36:28.7744244+01:00" endTime="2023-12-22T09:36:28.7771940+01:00" testType="13cdc9d9-ddb5-4fa4-a97d-d965ccfc6d4b" outcome="Passed" testListId="8c84fa94-04c1-424b-9868-57a2d4851a1d" relativeResultsDirectory="bd183241-885f-48e0-8960-23773eff5c29" />
    <UnitTestResult executionId="279f274e-9d40-4a31-962a-a9b821067643" testId="40f611b9-74bd-86c9-77cc-098126b9a943" testName="Convert_SingleArgumentConverter_ShouldReturnConvertedValue_WhenArgumentMatches" computerName="DKSR-EFI-04" duration="00:00:00.0028038" startTime="2023-12-22T09:36:23.4840127+01:00" endTime="2023-12-22T09:36:23.4872682+01:00" testType="13cdc9d9-ddb5-4fa4-a97d-d965ccfc6d4b" outcome="Passed" testListId="8c84fa94-04c1-424b-9868-57a2d4851a1d" relativeResultsDirectory="279f274e-9d40-4a31-962a-a9b821067643" />
    <UnitTestResult executionId="57e0484a-3627-457b-b387-5c4cb0c3e64c" testId="efff1d09-1e9a-daae-f4fe-c57e4a154964" testName="GenerateGpsDevice_ShouldReturnDeviceWithCorrectTypes_WhenAlways" computerName="DKSR-EFI-04" duration="00:00:00.0048735" startTime="2023-12-22T09:36:32.7053217+01:00" endTime="2023-12-22T09:36:32.7103938+01:00" testType="13cdc9d9-ddb5-4fa4-a97d-d965ccfc6d4b" outcome="Passed" testListId="8c84fa94-04c1-424b-9868-57a2d4851a1d" relativeResultsDirectory="57e0484a-3627-457b-b387-5c4cb0c3e64c" />
    <UnitTestResult executionId="2b0a97bc-d4bb-45a7-9e92-91bd4b68d5d1" testId="eafa657a-e693-c387-5dc5-3b7f787deb74" testName="GetCompatibilityHandler_ShouldReturnFips_WhenCalledFromEventServer" computerName="DKSR-EFI-04" duration="00:00:00.0009918" startTime="2023-12-22T09:36:32.3266140+01:00" endTime="2023-12-22T09:36:32.3278442+01:00" testType="13cdc9d9-ddb5-4fa4-a97d-d965ccfc6d4b" outcome="Passed" testListId="8c84fa94-04c1-424b-9868-57a2d4851a1d" relativeResultsDirectory="2b0a97bc-d4bb-45a7-9e92-91bd4b68d5d1" />
    <UnitTestResult executionId="65e7ee52-09f1-456d-8674-4feeb8f15c35" testId="f2c9789b-ec5f-6518-f2c0-b2ab50a92288" testName="Enabled_Properties_With_Enable_Yes_success" computerName="DKSR-EFI-04" duration="00:00:00.0174977" startTime="2023-12-22T09:36:03.7692908+01:00" endTime="2023-12-22T09:36:03.7869989+01:00" testType="13cdc9d9-ddb5-4fa4-a97d-d965ccfc6d4b" outcome="Passed" testListId="8c84fa94-04c1-424b-9868-57a2d4851a1d" relativeResultsDirectory="65e7ee52-09f1-456d-8674-4feeb8f15c35" />
    <UnitTestResult executionId="e7c3933a-b3f9-45fb-91c4-644088db3d37" testId="d430b74b-fb63-d6ac-57a1-5a6c439392cf" testName="Ctor_OneCustomFilter_Success" computerName="DKSR-EFI-04" duration="00:00:00.0002978" startTime="2023-12-22T09:36:30.2761059+01:00" endTime="2023-12-22T09:36:30.2766490+01:00" testType="13cdc9d9-ddb5-4fa4-a97d-d965ccfc6d4b" outcome="Passed" testListId="8c84fa94-04c1-424b-9868-57a2d4851a1d" relativeResultsDirectory="e7c3933a-b3f9-45fb-91c4-644088db3d37" />
    <UnitTestResult executionId="ea61226c-9544-4b55-ac73-655024ff2471" testId="66035837-2c9f-2396-ee34-7f395303e812" testName="WriteXml_ShouldOmitIsRemovedElement_WhenIsRemovedFalse" computerName="DKSR-EFI-04" duration="00:00:00.0002721" startTime="2023-12-22T09:36:30.9276955+01:00" endTime="2023-12-22T09:36:30.9281743+01:00" testType="13cdc9d9-ddb5-4fa4-a97d-d965ccfc6d4b" outcome="Passed" testListId="8c84fa94-04c1-424b-9868-57a2d4851a1d" relativeResultsDirectory="ea61226c-9544-4b55-ac73-655024ff2471" />
    <UnitTestResult executionId="161a0bb4-4c3b-4aab-9bd1-d8766dcf7e69" testId="9f8782f5-d91c-4490-2d75-75cddc0ef1b1" testName="Equals_IgnoreFolderType_Fail_OnOtherNull" computerName="DKSR-EFI-04" duration="00:00:00.0003006" startTime="2023-12-22T09:36:02.6929297+01:00" endTime="2023-12-22T09:36:02.6933335+01:00" testType="13cdc9d9-ddb5-4fa4-a97d-d965ccfc6d4b" outcome="Passed" testListId="8c84fa94-04c1-424b-9868-57a2d4851a1d" relativeResultsDirectory="161a0bb4-4c3b-4aab-9bd1-d8766dcf7e69" />
    <UnitTestResult executionId="844f7dfd-49b5-4850-aa86-6c5468b6214f" testId="44388fe8-f4d9-9727-56d6-63d8a6beeb9b" testName="Set_Int_On_String" computerName="DKSR-EFI-04" duration="00:00:00.0001529" startTime="2023-12-22T09:36:30.4780649+01:00" endTime="2023-12-22T09:36:30.4784040+01:00" testType="13cdc9d9-ddb5-4fa4-a97d-d965ccfc6d4b" outcome="Passed" testListId="8c84fa94-04c1-424b-9868-57a2d4851a1d" relativeResultsDirectory="844f7dfd-49b5-4850-aa86-6c5468b6214f" />
    <UnitTestResult executionId="43143844-f280-41e4-a471-7438d680c2cc" testId="52280e61-dcba-6f9b-6016-eff366e7d098" testName="Match_Success_SystemTypeStartMatch" computerName="DKSR-EFI-04" duration="00:00:00.0003238" startTime="2023-12-22T09:36:31.7975924+01:00" endTime="2023-12-22T09:36:31.7981223+01:00" testType="13cdc9d9-ddb5-4fa4-a97d-d965ccfc6d4b" outcome="Passed" testListId="8c84fa94-04c1-424b-9868-57a2d4851a1d" relativeResultsDirectory="43143844-f280-41e4-a471-7438d680c2cc" />
    <UnitTestResult executionId="e016f84a-5f03-4858-85a9-e5ca3b322ce4" testId="aea21075-21e1-c265-1a63-420c5c66b0a8" testName="CacheFlushMechanism_ShouldRemoveItems_WhenNotUsed" computerName="DKSR-EFI-04" duration="00:00:10.0013348" startTime="2023-12-22T09:36:05.2588420+01:00" endTime="2023-12-22T09:36:15.2606420+01:00" testType="13cdc9d9-ddb5-4fa4-a97d-d965ccfc6d4b" outcome="Passed" testListId="8c84fa94-04c1-424b-9868-57a2d4851a1d" relativeResultsDirectory="e016f84a-5f03-4858-85a9-e5ca3b322ce4" />
    <UnitTestResult executionId="f6280e01-5f28-4ef3-9e04-882b1fe7b5bd" testId="46ae3a22-8d3d-7e4f-8a5b-87f63b36d2e9" testName="GetPropertiesAsync_MultipleInvocations_DelegatedToInternalMethodOnlyOnce" computerName="DKSR-EFI-04" duration="00:00:00.0008469" startTime="2023-12-22T09:36:29.1058951+01:00" endTime="2023-12-22T09:36:29.1070048+01:00" testType="13cdc9d9-ddb5-4fa4-a97d-d965ccfc6d4b" outcome="Passed" testListId="8c84fa94-04c1-424b-9868-57a2d4851a1d" relativeResultsDirectory="f6280e01-5f28-4ef3-9e04-882b1fe7b5bd" />
    <UnitTestResult executionId="099198e5-e81b-4db6-a041-6e8393b866d4" testId="1e86b1ae-4010-c39e-71f3-3cc7adcf6881" testName="ObjectId_ShouldReturnConstructorValue_WhenSetInConstructor" computerName="DKSR-EFI-04" duration="00:00:00.0001996" startTime="2023-12-22T09:36:31.4098485+01:00" endTime="2023-12-22T09:36:31.4102586+01:00" testType="13cdc9d9-ddb5-4fa4-a97d-d965ccfc6d4b" outcome="Passed" testListId="8c84fa94-04c1-424b-9868-57a2d4851a1d" relativeResultsDirectory="099198e5-e81b-4db6-a041-6e8393b866d4" />
    <UnitTestResult executionId="4b7da699-89d4-46b1-9785-8b4a3de6b888" testId="b2b2d43b-9d87-4971-7001-e6990369b6c8" testName="FallbackDisplayValue_SingleValueSet_ReturnsSingleValue" computerName="DKSR-EFI-04" duration="00:00:00.0049758" startTime="2023-12-22T09:36:28.6498928+01:00" endTime="2023-12-22T09:36:28.6551141+01:00" testType="13cdc9d9-ddb5-4fa4-a97d-d965ccfc6d4b" outcome="Passed" testListId="8c84fa94-04c1-424b-9868-57a2d4851a1d" relativeResultsDirectory="4b7da699-89d4-46b1-9785-8b4a3de6b888" />
    <UnitTestResult executionId="a417823d-2947-4a35-8df7-92cbea095a51" testId="f24b56c9-993c-959d-f90c-97f221d04ce7" testName="Serialize_TestCases (TestParentTypeMatchStructThisTypeNotMatchedProperty)" computerName="DKSR-EFI-04" duration="00:00:00.0004634" startTime="2023-12-22T09:36:28.3395977+01:00" endTime="2023-12-22T09:36:28.3403706+01:00" testType="13cdc9d9-ddb5-4fa4-a97d-d965ccfc6d4b" outcome="Passed" testListId="8c84fa94-04c1-424b-9868-57a2d4851a1d" relativeResultsDirectory="a417823d-2947-4a35-8df7-92cbea095a51" />
    <UnitTestResult executionId="cdf42952-042d-458b-aad0-e63691b2421f" testId="6abc30a4-9771-c1aa-9f1c-ff3c0e9f8896" testName="Convert_MultiArgumentConverter_ShouldThrowArgumentException_WhenArgumentTypeMismatch" computerName="DKSR-EFI-04" duration="00:00:00.0007963" startTime="2023-12-22T09:36:23.5052788+01:00" endTime="2023-12-22T09:36:23.5062914+01:00" testType="13cdc9d9-ddb5-4fa4-a97d-d965ccfc6d4b" outcome="Passed" testListId="8c84fa94-04c1-424b-9868-57a2d4851a1d" relativeResultsDirectory="cdf42952-042d-458b-aad0-e63691b2421f" />
    <UnitTestResult executionId="c6185f56-caa0-4907-a91f-457b77357d69" testId="fcb2e7e1-0793-e6c2-facd-27bc28ca1cfb" testName="ReadXml_ShouldLogWarningTwiceWhenMoreThanOneMinuteBetweenWarnings_WhenShapeIsInvalid" computerName="DKSR-EFI-04" duration="00:00:00.0030425" startTime="2023-12-22T09:36:30.8516675+01:00" endTime="2023-12-22T09:36:30.8549127+01:00" testType="13cdc9d9-ddb5-4fa4-a97d-d965ccfc6d4b" outcome="Passed" testListId="8c84fa94-04c1-424b-9868-57a2d4851a1d" relativeResultsDirectory="c6185f56-caa0-4907-a91f-457b77357d69" />
    <UnitTestResult executionId="d829d430-7a14-4f9d-8bd9-5a313290e397" testId="08483f1f-4568-e039-2698-7a75165ec4e4" testName="GetHashType_ShouldReturnNotSupported_WhenInputIsSHA512Hash" computerName="DKSR-EFI-04" duration="00:00:00.0017029" startTime="2023-12-22T09:36:32.9857470+01:00" endTime="2023-12-22T09:36:32.9876356+01:00" testType="13cdc9d9-ddb5-4fa4-a97d-d965ccfc6d4b" outcome="Passed" testListId="8c84fa94-04c1-424b-9868-57a2d4851a1d" relativeResultsDirectory="d829d430-7a14-4f9d-8bd9-5a313290e397" />
    <UnitTestResult executionId="0b53ec38-9e97-4365-b379-bbb6cf92df9a" testId="3b98c405-59b2-7eb5-3579-4fa697a97bb2" testName="SearchResultData_IgnoredSearchFilters_Success" computerName="DKSR-EFI-04" duration="00:00:00.0007700" startTime="2023-12-22T09:36:29.1801252+01:00" endTime="2023-12-22T09:36:29.1811050+01:00" testType="13cdc9d9-ddb5-4fa4-a97d-d965ccfc6d4b" outcome="Passed" testListId="8c84fa94-04c1-424b-9868-57a2d4851a1d" relativeResultsDirectory="0b53ec38-9e97-4365-b379-bbb6cf92df9a" />
    <UnitTestResult executionId="138f9498-258b-45ed-8610-cd70ef494ace" testId="3d82fc6e-5f69-e808-ca5d-cd01f3ee4891" testName="GenerateTypeDefinintionParameters_ShouldCallGenerateDeviceCapabilityParametersWithCorrectPrefix_WhenThereAreCapabilities" computerName="DKSR-EFI-04" duration="00:00:00.0019303" startTime="2023-12-22T09:36:32.9625521+01:00" endTime="2023-12-22T09:36:32.9647026+01:00" testType="13cdc9d9-ddb5-4fa4-a97d-d965ccfc6d4b" outcome="Passed" testListId="8c84fa94-04c1-424b-9868-57a2d4851a1d" relativeResultsDirectory="138f9498-258b-45ed-8610-cd70ef494ace" />
    <UnitTestResult executionId="76848adb-147d-4a82-adef-82ebdf3517a9" testId="c47cbfb5-8a50-ef76-dc8b-bbbbe83c35f6" testName="ReadXml_ShouldReadBottomAttribute_WhenPresent" computerName="DKSR-EFI-04" duration="00:00:00.0003296" startTime="2023-12-22T09:36:31.4680057+01:00" endTime="2023-12-22T09:36:31.4685390+01:00" testType="13cdc9d9-ddb5-4fa4-a97d-d965ccfc6d4b" outcome="Passed" testListId="8c84fa94-04c1-424b-9868-57a2d4851a1d" relativeResultsDirectory="76848adb-147d-4a82-adef-82ebdf3517a9" />
    <UnitTestResult executionId="63b1ea57-139d-4097-8327-ae98d92931b6" testId="21519acc-d56e-4959-c4c3-f48c7006fe27" testName="ReadXml_ShouldReadShape_WhenShapeIsPresent" computerName="DKSR-EFI-04" duration="00:00:00.0388654" startTime="2023-12-22T09:36:30.7797347+01:00" endTime="2023-12-22T09:36:30.8188526+01:00" testType="13cdc9d9-ddb5-4fa4-a97d-d965ccfc6d4b" outcome="Passed" testListId="8c84fa94-04c1-424b-9868-57a2d4851a1d" relativeResultsDirectory="63b1ea57-139d-4097-8327-ae98d92931b6" />
    <UnitTestResult executionId="e9eede5f-d445-48c3-8fc6-0b9ae3baa951" testId="a7d99e35-c064-6ecd-9e86-ff4a258d4620" testName="WriteXml_ShouldWriteBoundingBoxContents_WhenBoundingBoxIsNotNull" computerName="DKSR-EFI-04" duration="00:00:00.0013632" startTime="2023-12-22T09:36:31.5959627+01:00" endTime="2023-12-22T09:36:31.5975373+01:00" testType="13cdc9d9-ddb5-4fa4-a97d-d965ccfc6d4b" outcome="Passed" testListId="8c84fa94-04c1-424b-9868-57a2d4851a1d" relativeResultsDirectory="e9eede5f-d445-48c3-8fc6-0b9ae3baa951" />
    <UnitTestResult executionId="92afd17f-af71-458d-b87f-a6d855b60031" testId="6b8d7eb7-6306-1854-531e-9df54451cb92" testName="WriteXml_ShouldWriteAllObjects_WhenThereAreMultipleObjectsPresent" computerName="DKSR-EFI-04" duration="00:00:00.0010694" startTime="2023-12-22T09:36:31.1345325+01:00" endTime="2023-12-22T09:36:31.1357984+01:00" testType="13cdc9d9-ddb5-4fa4-a97d-d965ccfc6d4b" outcome="Passed" testListId="8c84fa94-04c1-424b-9868-57a2d4851a1d" relativeResultsDirectory="92afd17f-af71-458d-b87f-a6d855b60031" />
    <UnitTestResult executionId="7e3c011c-7c10-42c4-87cc-5b9070ac6679" testId="18ccdaf8-d982-0e82-d316-63446f746fd7" testName="ReadXml_ShouldLogWarning_WhenIncompleteWhenIncompleteScaleIsPresent" computerName="DKSR-EFI-04" duration="00:00:00.0013918" startTime="2023-12-22T09:36:31.6482278+01:00" endTime="2023-12-22T09:36:31.6498273+01:00" testType="13cdc9d9-ddb5-4fa4-a97d-d965ccfc6d4b" outcome="Passed" testListId="8c84fa94-04c1-424b-9868-57a2d4851a1d" relativeResultsDirectory="7e3c011c-7c10-42c4-87cc-5b9070ac6679" />
    <UnitTestResult executionId="6672f892-0fb5-41d9-8087-bc2501d7baee" testId="6693e462-e8ba-ed25-48bc-eff1d5392eaa" testName="CountByItems_Activated_Missing2" computerName="DKSR-EFI-04" duration="00:00:00.0012979" startTime="2023-12-22T09:36:32.4455943+01:00" endTime="2023-12-22T09:36:32.4471495+01:00" testType="13cdc9d9-ddb5-4fa4-a97d-d965ccfc6d4b" outcome="Passed" testListId="8c84fa94-04c1-424b-9868-57a2d4851a1d" relativeResultsDirectory="6672f892-0fb5-41d9-8087-bc2501d7baee" />
    <UnitTestResult executionId="94ce567e-c9ea-421b-89e9-dbdecec8ba66" testId="8a8c7432-7378-2ff6-b3a1-a3b7254f4458" testName="ReadXml_ShouldLogWarningOnlyOnceWithinOneMinute_WhenCenterOfGravityIsIncomplete" computerName="DKSR-EFI-04" duration="00:00:00.0016639" startTime="2023-12-22T09:36:31.5776263+01:00" endTime="2023-12-22T09:36:31.5794835+01:00" testType="13cdc9d9-ddb5-4fa4-a97d-d965ccfc6d4b" outcome="Passed" testListId="8c84fa94-04c1-424b-9868-57a2d4851a1d" relativeResultsDirectory="94ce567e-c9ea-421b-89e9-dbdecec8ba66" />
    <UnitTestResult executionId="30d9627c-13bc-4fb4-9982-4d03313613fb" testId="3164fb82-de29-8026-529f-6acf36741c8b" testName="Apply_ShouldDoNothing_WhenArgumentIsNull" computerName="DKSR-EFI-04" duration="00:00:00.0014918" startTime="2023-12-22T09:36:31.4988031+01:00" endTime="2023-12-22T09:36:31.5004996+01:00" testType="13cdc9d9-ddb5-4fa4-a97d-d965ccfc6d4b" outcome="Passed" testListId="8c84fa94-04c1-424b-9868-57a2d4851a1d" relativeResultsDirectory="30d9627c-13bc-4fb4-9982-4d03313613fb" />
    <UnitTestResult executionId="5ef69204-97d8-44b9-8628-0741026e55ed" testId="c9591e10-6b0d-3789-a42b-e1f4d40f2de0" testName="Convert_SingleArgumentConverter_ShouldThrowArgumentException_WhenArgumentTypeMismatch" computerName="DKSR-EFI-04" duration="00:00:00.0008861" startTime="2023-12-22T09:36:23.4956876+01:00" endTime="2023-12-22T09:36:23.4967975+01:00" testType="13cdc9d9-ddb5-4fa4-a97d-d965ccfc6d4b" outcome="Passed" testListId="8c84fa94-04c1-424b-9868-57a2d4851a1d" relativeResultsDirectory="5ef69204-97d8-44b9-8628-0741026e55ed" />
    <UnitTestResult executionId="3a0bfc16-4263-44ce-829b-c0effa4df65d" testId="3db6f0d8-c771-c240-10ba-4a04ab54fde2" testName="Serialize_TestCases (Verify root Collection (empty) property get property value)" computerName="DKSR-EFI-04" duration="00:00:00.0002537" startTime="2023-12-22T09:36:28.2607296+01:00" endTime="2023-12-22T09:36:28.2613693+01:00" testType="13cdc9d9-ddb5-4fa4-a97d-d965ccfc6d4b" outcome="Passed" testListId="8c84fa94-04c1-424b-9868-57a2d4851a1d" relativeResultsDirectory="3a0bfc16-4263-44ce-829b-c0effa4df65d" />
    <UnitTestResult executionId="98d315df-359c-4440-bbf6-76471b1dfb44" testId="060935d9-41c9-9631-b038-7843722743ca" testName="GetGenderFilterValues_NullCriteria_Throws" computerName="DKSR-EFI-04" duration="00:00:00.0031135" startTime="2023-12-22T09:36:30.2422535+01:00" endTime="2023-12-22T09:36:30.2456578+01:00" testType="13cdc9d9-ddb5-4fa4-a97d-d965ccfc6d4b" outcome="Passed" testListId="8c84fa94-04c1-424b-9868-57a2d4851a1d" relativeResultsDirectory="98d315df-359c-4440-bbf6-76471b1dfb44" />
    <UnitTestResult executionId="4ca14789-bb42-4c64-b6bb-d144ad5a1a6b" testId="dfccf221-5403-2188-5503-aa835e99c003" testName="AllAttributesWerePresent_ShouldReturnFalse_WhenYAttributeIsMissing" computerName="DKSR-EFI-04" duration="00:00:00.0002946" startTime="2023-12-22T09:36:31.6834864+01:00" endTime="2023-12-22T09:36:31.6839777+01:00" testType="13cdc9d9-ddb5-4fa4-a97d-d965ccfc6d4b" outcome="Passed" testListId="8c84fa94-04c1-424b-9868-57a2d4851a1d" relativeResultsDirectory="4ca14789-bb42-4c64-b6bb-d144ad5a1a6b" />
    <UnitTestResult executionId="eebe8206-5403-4fac-a06d-a74e787e2e83" testId="ad47bd46-9837-73d0-5609-780aff02d505" testName="GetItem_Camera_Success" computerName="DKSR-EFI-04" duration="00:00:00.0829010" startTime="2023-12-22T09:36:30.5037025+01:00" endTime="2023-12-22T09:36:30.5870502+01:00" testType="13cdc9d9-ddb5-4fa4-a97d-d965ccfc6d4b" outcome="Passed" testListId="8c84fa94-04c1-424b-9868-57a2d4851a1d" relativeResultsDirectory="eebe8206-5403-4fac-a06d-a74e787e2e83" />
    <UnitTestResult executionId="897f1daf-8f63-432b-acbf-24396784b9c9" testId="bf3be38d-fccb-d51d-c680-813aa0d77baa" testName="ParseMetadataXmlWithString_ShouldThrowXmExceptionWithInformationOnError_WhenXmlContainsIncorrectRootElement" computerName="DKSR-EFI-04" duration="00:00:00.0014098" startTime="2023-12-22T09:36:31.1786645+01:00" endTime="2023-12-22T09:36:31.1802820+01:00" testType="13cdc9d9-ddb5-4fa4-a97d-d965ccfc6d4b" outcome="Passed" testListId="8c84fa94-04c1-424b-9868-57a2d4851a1d" relativeResultsDirectory="897f1daf-8f63-432b-acbf-24396784b9c9" />
    <UnitTestResult executionId="00645de2-40e2-4793-80cc-ae67df4944d6" testId="c812ed1c-00bd-8faa-1362-480338c7edf0" testName="Apply_ShouldAddTranslateYCoordinatesToTopAndBottomAndTranslateXCoordinatesToLeftAndRight_WhenTranslateIsNotNull" computerName="DKSR-EFI-04" duration="00:00:00.0006087" startTime="2023-12-22T09:36:31.5013114+01:00" endTime="2023-12-22T09:36:31.5021268+01:00" testType="13cdc9d9-ddb5-4fa4-a97d-d965ccfc6d4b" outcome="Passed" testListId="8c84fa94-04c1-424b-9868-57a2d4851a1d" relativeResultsDirectory="00645de2-40e2-4793-80cc-ae67df4944d6" />
    <UnitTestResult executionId="3106a72a-0854-4140-8280-26b313e0c6aa" testId="6b9e5408-4e04-a559-173d-978d8c871a1a" testName="WriteXml_ShouldOmitElements_WhenTheyAreNull" computerName="DKSR-EFI-04" duration="00:00:00.0006772" startTime="2023-12-22T09:36:31.5902319+01:00" endTime="2023-12-22T09:36:31.5911098+01:00" testType="13cdc9d9-ddb5-4fa4-a97d-d965ccfc6d4b" outcome="Passed" testListId="8c84fa94-04c1-424b-9868-57a2d4851a1d" relativeResultsDirectory="3106a72a-0854-4140-8280-26b313e0c6aa" />
    <UnitTestResult executionId="3861dbb1-89f7-45ac-9ab5-adbd6479c17a" testId="e734e722-c897-0ccb-6f21-a044403c8cd2" testName="TestConstructor_Success" computerName="DKSR-EFI-04" duration="00:00:00.0004546" startTime="2023-12-22T09:36:30.3206067+01:00" endTime="2023-12-22T09:36:30.3213450+01:00" testType="13cdc9d9-ddb5-4fa4-a97d-d965ccfc6d4b" outcome="Passed" testListId="8c84fa94-04c1-424b-9868-57a2d4851a1d" relativeResultsDirectory="3861dbb1-89f7-45ac-9ab5-adbd6479c17a" />
    <UnitTestResult executionId="c248ffdb-1393-44a1-8b06-c96bdbad584c" testId="9fc73790-9fce-7434-a93e-864e387eae18" testName="UtcTimeAttributeWasPresent_ShouldReturnTrue_WhenUtcTimeAttributeIsParsed" computerName="DKSR-EFI-04" duration="00:00:00.0003139" startTime="2023-12-22T09:36:31.1092686+01:00" endTime="2023-12-22T09:36:31.1098261+01:00" testType="13cdc9d9-ddb5-4fa4-a97d-d965ccfc6d4b" outcome="Passed" testListId="8c84fa94-04c1-424b-9868-57a2d4851a1d" relativeResultsDirectory="c248ffdb-1393-44a1-8b06-c96bdbad584c" />
    <UnitTestResult executionId="124020c5-7342-45d5-9516-f8fe1de1fc8a" testId="33464c95-c39e-2270-caf4-672c551a54f2" testName="HostInitialized_ShouldInvokeCallback_WhenInitializedWithItems" computerName="DKSR-EFI-04" duration="00:00:00.0244208" startTime="2023-12-22T09:36:23.6213940+01:00" endTime="2023-12-22T09:36:23.6714195+01:00" testType="13cdc9d9-ddb5-4fa4-a97d-d965ccfc6d4b" outcome="Passed" testListId="8c84fa94-04c1-424b-9868-57a2d4851a1d" relativeResultsDirectory="124020c5-7342-45d5-9516-f8fe1de1fc8a" />
    <UnitTestResult executionId="104f1a4f-7aab-4bc4-89b5-c409dec858a8" testId="9220b9d9-3c12-4648-b920-916dd862394f" testName="Serialize_TestCases (TestParentTypeMatchCollectionNotThisTypeMatched)" computerName="DKSR-EFI-04" duration="00:00:00.0002214" startTime="2023-12-22T09:36:28.3702655+01:00" endTime="2023-12-22T09:36:28.3707960+01:00" testType="13cdc9d9-ddb5-4fa4-a97d-d965ccfc6d4b" outcome="Passed" testListId="8c84fa94-04c1-424b-9868-57a2d4851a1d" relativeResultsDirectory="104f1a4f-7aab-4bc4-89b5-c409dec858a8" />
    <UnitTestResult executionId="794019e8-360d-4000-b65c-47be8e58fd3b" testId="96d51fc2-2cbe-e312-cc7e-6899f3431cc7" testName="ReadXml_ShouldLogWarningOnlyOnceWithinOneMinute_WhenRequiredAttributeIsMissing" computerName="DKSR-EFI-04" duration="00:00:00.0011059" startTime="2023-12-22T09:36:31.1017685+01:00" endTime="2023-12-22T09:36:31.1030775+01:00" testType="13cdc9d9-ddb5-4fa4-a97d-d965ccfc6d4b" outcome="Passed" testListId="8c84fa94-04c1-424b-9868-57a2d4851a1d" relativeResultsDirectory="794019e8-360d-4000-b65c-47be8e58fd3b" />
    <UnitTestResult executionId="b0e1b18b-8147-42c9-90f5-1b39774d931c" testId="6ec6fd22-7feb-d279-20aa-2b6bde4591a6" testName="Constructor_ShouldThrowArgumentException_WhenTheStartAndEndTimeKindsAreDifferent" computerName="DKSR-EFI-04" duration="00:00:00.0026498" startTime="2023-12-22T09:36:15.2826071+01:00" endTime="2023-12-22T09:36:15.2856562+01:00" testType="13cdc9d9-ddb5-4fa4-a97d-d965ccfc6d4b" outcome="Passed" testListId="8c84fa94-04c1-424b-9868-57a2d4851a1d" relativeResultsDirectory="b0e1b18b-8147-42c9-90f5-1b39774d931c" />
    <UnitTestResult executionId="da5667fe-a3f9-44fc-b17b-569a790cabe1" testId="13638f31-b7e4-af7e-235e-95a40f773cc3" testName="TestStartSearch_SortOrderSpecified_Success" computerName="DKSR-EFI-04" duration="00:00:00.0026546" startTime="2023-12-22T09:36:28.9841513+01:00" endTime="2023-12-22T09:36:28.9870235+01:00" testType="13cdc9d9-ddb5-4fa4-a97d-d965ccfc6d4b" outcome="Passed" testListId="8c84fa94-04c1-424b-9868-57a2d4851a1d" relativeResultsDirectory="da5667fe-a3f9-44fc-b17b-569a790cabe1" />
    <UnitTestResult executionId="685303b3-a7b1-474a-8445-07adb45db2ba" testId="00715417-bfa4-4e4b-edec-0ca28f2d4417" testName="ReadXml_ShouldReadCenterOfGravity_WhenCenterOfGravityIsPresent" computerName="DKSR-EFI-04" duration="00:00:00.0007856" startTime="2023-12-22T09:36:31.5533328+01:00" endTime="2023-12-22T09:36:31.5542897+01:00" testType="13cdc9d9-ddb5-4fa4-a97d-d965ccfc6d4b" outcome="Passed" testListId="8c84fa94-04c1-424b-9868-57a2d4851a1d" relativeResultsDirectory="685303b3-a7b1-474a-8445-07adb45db2ba" />
    <UnitTestResult executionId="c7415b9c-39b9-46bb-be15-9eba89c012a8" testId="b50b60f1-2826-2d78-41c6-658eac6ae9ac" testName="Serialize_TestCases (Verify root Interface (null) property)" computerName="DKSR-EFI-04" duration="00:00:00.0002996" startTime="2023-12-22T09:36:28.2730843+01:00" endTime="2023-12-22T09:36:28.2736877+01:00" testType="13cdc9d9-ddb5-4fa4-a97d-d965ccfc6d4b" outcome="Passed" testListId="8c84fa94-04c1-424b-9868-57a2d4851a1d" relativeResultsDirectory="c7415b9c-39b9-46bb-be15-9eba89c012a8" />
    <UnitTestResult executionId="10006378-5447-4513-b9a9-30425276d3cb" testId="9c4c3d7f-1c8d-9061-b840-609563af8ef3" testName="Populate_SearchTextSet_ItemsFound_True" computerName="DKSR-EFI-04" duration="00:00:00.0320965" startTime="2023-12-22T09:36:23.3821418+01:00" endTime="2023-12-22T09:36:23.4144883+01:00" testType="13cdc9d9-ddb5-4fa4-a97d-d965ccfc6d4b" outcome="Passed" testListId="8c84fa94-04c1-424b-9868-57a2d4851a1d" relativeResultsDirectory="10006378-5447-4513-b9a9-30425276d3cb" />
    <UnitTestResult executionId="4be07e04-5cea-42b8-abca-6f879bdaf9d0" testId="bc0974a0-deaf-8644-39a5-1ed48142447f" testName="GenerateDeviceCapabilityParameters_ShouldAddSubclassParameters_WhenAlways" computerName="DKSR-EFI-04" duration="00:00:00.0003025" startTime="2023-12-22T09:36:32.6932229+01:00" endTime="2023-12-22T09:36:32.6937134+01:00" testType="13cdc9d9-ddb5-4fa4-a97d-d965ccfc6d4b" outcome="Passed" testListId="8c84fa94-04c1-424b-9868-57a2d4851a1d" relativeResultsDirectory="4be07e04-5cea-42b8-abca-6f879bdaf9d0" />
    <UnitTestResult executionId="4d66b8cd-d709-4e65-9bb6-69241f616024" testId="96f1c2c4-5dc5-dea5-6196-eb11056b2deb" testName="WriteXml_ShouldWriteValueOnly_WhenAllePropertiesAreNotSet" computerName="DKSR-EFI-04" duration="00:00:00.0021769" startTime="2023-12-22T09:36:31.0605681+01:00" endTime="2023-12-22T09:36:31.0629527+01:00" testType="13cdc9d9-ddb5-4fa4-a97d-d965ccfc6d4b" outcome="Passed" testListId="8c84fa94-04c1-424b-9868-57a2d4851a1d" relativeResultsDirectory="4d66b8cd-d709-4e65-9bb6-69241f616024" />
    <UnitTestResult executionId="95f6012b-900a-4d5f-8791-f20d03cbb0a6" testId="c3bd77bb-39a3-4c51-ccee-0dc4af1425a6" testName="Add_ShouldReplaceLastElement_WhenStartTimeOfLastIsSameAsAdded" computerName="DKSR-EFI-04" duration="00:00:00.0248034" startTime="2023-12-22T09:36:32.9983442+01:00" endTime="2023-12-22T09:36:33.0234928+01:00" testType="13cdc9d9-ddb5-4fa4-a97d-d965ccfc6d4b" outcome="Passed" testListId="8c84fa94-04c1-424b-9868-57a2d4851a1d" relativeResultsDirectory="95f6012b-900a-4d5f-8791-f20d03cbb0a6" />
    <UnitTestResult executionId="f653f2b4-c2b4-40e1-8cb5-8f37a3b61b91" testId="fb0f855b-006e-c67f-b9b6-ef310c289ea8" testName="ProvideValue_ShouldUseItemDataValue_WhenItemDataPropertyNameIsSet" computerName="DKSR-EFI-04" duration="00:00:00.0030589" startTime="2023-12-22T09:36:27.1255361+01:00" endTime="2023-12-22T09:36:27.1797773+01:00" testType="13cdc9d9-ddb5-4fa4-a97d-d965ccfc6d4b" outcome="Passed" testListId="8c84fa94-04c1-424b-9868-57a2d4851a1d" relativeResultsDirectory="f653f2b4-c2b4-40e1-8cb5-8f37a3b61b91" />
    <UnitTestResult executionId="82872a59-d8b1-4efa-9763-1560091760c1" testId="9e28d5ce-7362-2b06-9e34-6ce871313f70" testName="ProvideValue_ShouldNotSetTargetProperty_WhenItemIconSourcePropertyNameIsNotSet" computerName="DKSR-EFI-04" duration="00:00:00.0026451" startTime="2023-12-22T09:36:27.4742370+01:00" endTime="2023-12-22T09:36:27.7446965+01:00" testType="13cdc9d9-ddb5-4fa4-a97d-d965ccfc6d4b" outcome="Passed" testListId="8c84fa94-04c1-424b-9868-57a2d4851a1d" relativeResultsDirectory="82872a59-d8b1-4efa-9763-1560091760c1" />
    <UnitTestResult executionId="d1e41424-e58d-481f-92a1-f79878d1de24" testId="b2a7a04f-f1f1-7276-152d-8d2269ca96a4" testName="Dequeue_QueueStopping_Success" computerName="DKSR-EFI-04" duration="00:00:00.0003110" startTime="2023-12-22T09:36:15.4388506+01:00" endTime="2023-12-22T09:36:15.4393150+01:00" testType="13cdc9d9-ddb5-4fa4-a97d-d965ccfc6d4b" outcome="Passed" testListId="8c84fa94-04c1-424b-9868-57a2d4851a1d" relativeResultsDirectory="d1e41424-e58d-481f-92a1-f79878d1de24" />
    <UnitTestResult executionId="c446ab0d-910f-4a51-b8cf-cd1234b00aba" testId="22017572-0e55-4eb6-a8f5-ed8333ee82e7" testName="GetAllFrames_ShouldReturnFramesFromAllVideoAnalytcs_WhenThereAreSeveralVideoAnalytics" computerName="DKSR-EFI-04" duration="00:00:00.0084562" startTime="2023-12-22T09:36:31.3063286+01:00" endTime="2023-12-22T09:36:31.3150083+01:00" testType="13cdc9d9-ddb5-4fa4-a97d-d965ccfc6d4b" outcome="Passed" testListId="8c84fa94-04c1-424b-9868-57a2d4851a1d" relativeResultsDirectory="c446ab0d-910f-4a51-b8cf-cd1234b00aba" />
    <UnitTestResult executionId="5a77be6a-1da1-4a00-9f4c-e194b399130e" testId="21a0d29c-e94f-b292-af3e-a395eaa62ce5" testName="GetParent_OfPreset_Check" computerName="DKSR-EFI-04" duration="00:00:00.0275650" startTime="2023-12-22T09:36:03.0463772+01:00" endTime="2023-12-22T09:36:03.0741870+01:00" testType="13cdc9d9-ddb5-4fa4-a97d-d965ccfc6d4b" outcome="Passed" testListId="8c84fa94-04c1-424b-9868-57a2d4851a1d" relativeResultsDirectory="5a77be6a-1da1-4a00-9f4c-e194b399130e" />
    <UnitTestResult executionId="ca9fde53-280a-47bf-be5d-298b6733a32a" testId="0b0ff5aa-c291-79fb-1d8b-d1660f2ebad3" testName="ReadXml_ShouldReadOriginalData_WhenOrigiginalDataIsPresent" computerName="DKSR-EFI-04" duration="00:00:00.0023355" startTime="2023-12-22T09:36:31.2617269+01:00" endTime="2023-12-22T09:36:31.2642637+01:00" testType="13cdc9d9-ddb5-4fa4-a97d-d965ccfc6d4b" outcome="Passed" testListId="8c84fa94-04c1-424b-9868-57a2d4851a1d" relativeResultsDirectory="ca9fde53-280a-47bf-be5d-298b6733a32a" />
    <UnitTestResult executionId="89db991b-1236-42c1-b7f1-268e59e845a4" testId="b44cc6a8-6a9a-fd12-3fec-c22280c5d52b" testName="CreateSearchFilterEditControl_SinglePlugin_Success" computerName="DKSR-EFI-04" duration="00:00:00.1492994" startTime="2023-12-22T09:36:29.7020589+01:00" endTime="2023-12-22T09:36:29.8540439+01:00" testType="13cdc9d9-ddb5-4fa4-a97d-d965ccfc6d4b" outcome="Passed" testListId="8c84fa94-04c1-424b-9868-57a2d4851a1d" relativeResultsDirectory="89db991b-1236-42c1-b7f1-268e59e845a4" />
    <UnitTestResult executionId="b9c5c0f4-0a25-435f-a456-a2700868ffbf" testId="3971c5d8-7ad8-4707-9b53-e6a041a0b2f8" testName="ToString_Succcess" computerName="DKSR-EFI-04" duration="00:00:00.0119315" startTime="2023-12-22T09:36:03.7428340+01:00" endTime="2023-12-22T09:36:03.7549920+01:00" testType="13cdc9d9-ddb5-4fa4-a97d-d965ccfc6d4b" outcome="Passed" testListId="8c84fa94-04c1-424b-9868-57a2d4851a1d" relativeResultsDirectory="b9c5c0f4-0a25-435f-a456-a2700868ffbf" />
    <UnitTestResult executionId="a4d27f9b-897d-4589-9cf8-1ea33d6652e4" testId="34c289c0-6cda-cf85-24b7-8d07bcc44948" testName="Close_ScopeChangedEventHandlerSet_EventHandlerRemoved" computerName="DKSR-EFI-04" duration="00:00:00.0061567" startTime="2023-12-22T09:36:28.6611831+01:00" endTime="2023-12-22T09:36:28.6675586+01:00" testType="13cdc9d9-ddb5-4fa4-a97d-d965ccfc6d4b" outcome="Passed" testListId="8c84fa94-04c1-424b-9868-57a2d4851a1d" relativeResultsDirectory="a4d27f9b-897d-4589-9cf8-1ea33d6652e4" />
    <UnitTestResult executionId="93bace7a-e423-490d-ab40-c96a4f0161d7" testId="1cd3273e-4fe1-8213-74a3-0afca1364b2a" testName="GetPrevious_ShouldReturnEntryBeforeLastReturnedEntry_WhenFindCacheEntryBeforeWasCalledAndThereIsAPreviousEntry" computerName="DKSR-EFI-04" duration="00:00:00.0004166" startTime="2023-12-22T09:36:32.6438762+01:00" endTime="2023-12-22T09:36:32.6444812+01:00" testType="13cdc9d9-ddb5-4fa4-a97d-d965ccfc6d4b" outcome="Passed" testListId="8c84fa94-04c1-424b-9868-57a2d4851a1d" relativeResultsDirectory="93bace7a-e423-490d-ab40-c96a4f0161d7" />
    <UnitTestResult executionId="231346b8-f711-4447-b2c3-eafbe5329161" testId="139930e6-1293-1333-f3aa-a935221ee7d5" testName="CollectionReplaced_ShouldInvokeCallback_WhenObservable" computerName="DKSR-EFI-04" duration="00:00:00.0023348" startTime="2023-12-22T09:36:24.3148872+01:00" endTime="2023-12-22T09:36:24.4238732+01:00" testType="13cdc9d9-ddb5-4fa4-a97d-d965ccfc6d4b" outcome="Passed" testListId="8c84fa94-04c1-424b-9868-57a2d4851a1d" relativeResultsDirectory="231346b8-f711-4447-b2c3-eafbe5329161" />
    <UnitTestResult executionId="4555c027-fa3d-4641-bd08-72bdbee66129" testId="0f85e31c-250d-2fd6-59ef-88556968bdb6" testName="GenerateDeviceParameters_ShouldWriteCorrectGop_WhenGopIsInRange" computerName="DKSR-EFI-04" duration="00:00:00.0002391" startTime="2023-12-22T09:36:32.5344670+01:00" endTime="2023-12-22T09:36:32.5348947+01:00" testType="13cdc9d9-ddb5-4fa4-a97d-d965ccfc6d4b" outcome="Passed" testListId="8c84fa94-04c1-424b-9868-57a2d4851a1d" relativeResultsDirectory="4555c027-fa3d-4641-bd08-72bdbee66129" />
    <UnitTestResult executionId="43620c43-3997-4cb5-9fe7-3766468296dd" testId="c4ce90f1-597d-a003-4d5c-b418943cb443" testName="Minimize_ShouldReturnEmptyList_WhenListIsEmpty" computerName="DKSR-EFI-04" duration="00:00:00.0190584" startTime="2023-12-22T09:36:15.2964048+01:00" endTime="2023-12-22T09:36:15.3156156+01:00" testType="13cdc9d9-ddb5-4fa4-a97d-d965ccfc6d4b" outcome="Passed" testListId="8c84fa94-04c1-424b-9868-57a2d4851a1d" relativeResultsDirectory="43620c43-3997-4cb5-9fe7-3766468296dd" />
    <UnitTestResult executionId="871d19a4-fd9e-4a9c-b70d-44e97165cccc" testId="62e0da8f-3c56-f977-affd-e0b646a454d7" testName="Append_Element_KeyValueInt" computerName="DKSR-EFI-04" duration="00:00:00.0001456" startTime="2023-12-22T09:36:30.3326170+01:00" endTime="2023-12-22T09:36:30.3329365+01:00" testType="13cdc9d9-ddb5-4fa4-a97d-d965ccfc6d4b" outcome="Passed" testListId="8c84fa94-04c1-424b-9868-57a2d4851a1d" relativeResultsDirectory="871d19a4-fd9e-4a9c-b70d-44e97165cccc" />
    <UnitTestResult executionId="d439a0d9-37a9-41dd-976a-340560636dc7" testId="e07ed0b5-2e0a-976d-3f75-19c16e3edd02" testName="SHA256Hex64_ShouldThrowArgumentNullException_WhenInputIsNull" computerName="DKSR-EFI-04" duration="00:00:00.0006421" startTime="2023-12-22T09:36:32.9779146+01:00" endTime="2023-12-22T09:36:32.9787550+01:00" testType="13cdc9d9-ddb5-4fa4-a97d-d965ccfc6d4b" outcome="Passed" testListId="8c84fa94-04c1-424b-9868-57a2d4851a1d" relativeResultsDirectory="d439a0d9-37a9-41dd-976a-340560636dc7" />
    <UnitTestResult executionId="d23a6f0b-3f1d-41f1-89a0-967317ecc307" testId="6c5fbe1f-8152-a821-d533-330bed4f5a98" testName="AllAttributesWerePresent_ShouldReturnFalse_WhenTopAttributeIsMissing" computerName="DKSR-EFI-04" duration="00:00:00.0003219" startTime="2023-12-22T09:36:31.4719403+01:00" endTime="2023-12-22T09:36:31.4724693+01:00" testType="13cdc9d9-ddb5-4fa4-a97d-d965ccfc6d4b" outcome="Passed" testListId="8c84fa94-04c1-424b-9868-57a2d4851a1d" relativeResultsDirectory="d23a6f0b-3f1d-41f1-89a0-967317ecc307" />
    <UnitTestResult executionId="ca55c3c0-f726-487f-9e42-4fde51fb931c" testId="503e5a86-709d-4f75-061c-3b116d3ee8e7" testName="Append_Element_KeyWithDotString" computerName="DKSR-EFI-04" duration="00:00:00.0001805" startTime="2023-12-22T09:36:30.3462145+01:00" endTime="2023-12-22T09:36:30.3466176+01:00" testType="13cdc9d9-ddb5-4fa4-a97d-d965ccfc6d4b" outcome="Passed" testListId="8c84fa94-04c1-424b-9868-57a2d4851a1d" relativeResultsDirectory="ca55c3c0-f726-487f-9e42-4fde51fb931c" />
    <UnitTestResult executionId="301e5e6c-03aa-4bd1-920e-e721f8fa26b6" testId="fa0ba56c-3e83-3f1e-d41c-70bf0d206613" testName="RemoveItem_AnalyticsEvent_Fail_Blank" computerName="DKSR-EFI-04" duration="00:00:00.0009910" startTime="2023-12-22T09:36:30.7458986+01:00" endTime="2023-12-22T09:36:30.7471032+01:00" testType="13cdc9d9-ddb5-4fa4-a97d-d965ccfc6d4b" outcome="Passed" testListId="8c84fa94-04c1-424b-9868-57a2d4851a1d" relativeResultsDirectory="301e5e6c-03aa-4bd1-920e-e721f8fa26b6" />
    <UnitTestResult executionId="681d0dea-8f71-4030-9388-d0d72917ae33" testId="dc8473a2-1a56-3e30-355f-f99d732efb88" testName="Serialize_TestCases (TestParentTypeMatchDoubleNotThisTypeNotMatched)" computerName="DKSR-EFI-04" duration="00:00:00.0003626" startTime="2023-12-22T09:36:28.3169748+01:00" endTime="2023-12-22T09:36:28.3176525+01:00" testType="13cdc9d9-ddb5-4fa4-a97d-d965ccfc6d4b" outcome="Passed" testListId="8c84fa94-04c1-424b-9868-57a2d4851a1d" relativeResultsDirectory="681d0dea-8f71-4030-9388-d0d72917ae33" />
    <UnitTestResult executionId="30dccca2-6aed-4bae-a356-7f86fe208674" testId="97f2dd08-7fc8-05d2-39e7-d6eb768666a9" testName="ReadXml_ShouldSetIsIdleAndIsRemovedToFalse_WhenElementIsEmpty" computerName="DKSR-EFI-04" duration="00:00:00.0002652" startTime="2023-12-22T09:36:30.9198914+01:00" endTime="2023-12-22T09:36:30.9203479+01:00" testType="13cdc9d9-ddb5-4fa4-a97d-d965ccfc6d4b" outcome="Passed" testListId="8c84fa94-04c1-424b-9868-57a2d4851a1d" relativeResultsDirectory="30dccca2-6aed-4bae-a356-7f86fe208674" />
    <UnitTestResult executionId="99a056ca-43b5-4fe9-b981-1e892537f7d9" testId="bd10e1d0-a002-0856-831f-b5cf43dbc863" testName="Contains_CameraFail_Checked" computerName="DKSR-EFI-04" duration="00:00:00.0004074" startTime="2023-12-22T09:36:02.6781212+01:00" endTime="2023-12-22T09:36:02.6786450+01:00" testType="13cdc9d9-ddb5-4fa4-a97d-d965ccfc6d4b" outcome="Passed" testListId="8c84fa94-04c1-424b-9868-57a2d4851a1d" relativeResultsDirectory="99a056ca-43b5-4fe9-b981-1e892537f7d9" />
    <UnitTestResult executionId="0977942b-0aef-466a-af73-af4f957b0f19" testId="5f47c21d-eb6b-8972-42b3-349701e80bfd" testName="ReadXml_ShouldLogWarning_WhenShapeIsInvalid" computerName="DKSR-EFI-04" duration="00:00:00.0031103" startTime="2023-12-22T09:36:30.8443452+01:00" endTime="2023-12-22T09:36:30.8476676+01:00" testType="13cdc9d9-ddb5-4fa4-a97d-d965ccfc6d4b" outcome="Passed" testListId="8c84fa94-04c1-424b-9868-57a2d4851a1d" relativeResultsDirectory="0977942b-0aef-466a-af73-af4f957b0f19" />
    <UnitTestResult executionId="6a99a40b-71bb-46c5-914a-2feb5a9b600f" testId="7f8bbaf1-206b-a0aa-eea7-dbbbfa082a2a" testName="Serialize_TestCases (TestParentTypeMatchStructThisTypeNotMatched)" computerName="DKSR-EFI-04" duration="00:00:00.0004647" startTime="2023-12-22T09:36:28.3362246+01:00" endTime="2023-12-22T09:36:28.3369986+01:00" testType="13cdc9d9-ddb5-4fa4-a97d-d965ccfc6d4b" outcome="Passed" testListId="8c84fa94-04c1-424b-9868-57a2d4851a1d" relativeResultsDirectory="6a99a40b-71bb-46c5-914a-2feb5a9b600f" />
    <UnitTestResult executionId="5b853e22-607e-4a65-8161-b2f209c77e30" testId="e4e07f2b-adba-7b75-6902-9e3a9d332cfe" testName="CreateSearchFilterEditControl_PluginReturnsNull_ReturnsNull" computerName="DKSR-EFI-04" duration="00:00:00.0026811" startTime="2023-12-22T09:36:29.4318383+01:00" endTime="2023-12-22T09:36:29.4486496+01:00" testType="13cdc9d9-ddb5-4fa4-a97d-d965ccfc6d4b" outcome="Passed" testListId="8c84fa94-04c1-424b-9868-57a2d4851a1d" relativeResultsDirectory="5b853e22-607e-4a65-8161-b2f209c77e30" />
    <UnitTestResult executionId="cb97ae7d-e2fd-4a6a-ad69-751f3e900243" testId="5a6033d0-8674-1383-5d73-0621497569cb" testName="TryParseArgbString_ShouldReturnFalse_WhenStringIsContainsNotHexChars" computerName="DKSR-EFI-04" duration="00:00:00.0001692" startTime="2023-12-22T09:36:30.9982752+01:00" endTime="2023-12-22T09:36:30.9986450+01:00" testType="13cdc9d9-ddb5-4fa4-a97d-d965ccfc6d4b" outcome="Passed" testListId="8c84fa94-04c1-424b-9868-57a2d4851a1d" relativeResultsDirectory="cb97ae7d-e2fd-4a6a-ad69-751f3e900243" />
    <UnitTestResult executionId="b9c0bee0-7253-47bd-8fb8-52c03101d3c1" testId="392352ae-d647-e68a-124a-33d5232e7f11" testName="SearchResultData_EndTime_Success" computerName="DKSR-EFI-04" duration="00:00:00.0001914" startTime="2023-12-22T09:36:29.1658089+01:00" endTime="2023-12-22T09:36:29.1661869+01:00" testType="13cdc9d9-ddb5-4fa4-a97d-d965ccfc6d4b" outcome="Passed" testListId="8c84fa94-04c1-424b-9868-57a2d4851a1d" relativeResultsDirectory="b9c0bee0-7253-47bd-8fb8-52c03101d3c1" />
    <UnitTestResult executionId="e01599e3-06a4-4e2d-aa72-6edc9cfce05d" testId="add90257-7bfd-08af-414a-c1fd006f1b8f" testName="HostInitialized_ShouldNotInvokeCallback_WhenInitializedWithoutItems" computerName="DKSR-EFI-04" duration="00:00:00.0622936" startTime="2023-12-22T09:36:23.5071063+01:00" endTime="2023-12-22T09:36:23.6205008+01:00" testType="13cdc9d9-ddb5-4fa4-a97d-d965ccfc6d4b" outcome="Passed" testListId="8c84fa94-04c1-424b-9868-57a2d4851a1d" relativeResultsDirectory="e01599e3-06a4-4e2d-aa72-6edc9cfce05d" />
    <UnitTestResult executionId="ca17d930-c2bf-4703-951d-00907df7f59f" testId="1d3f650d-9d95-7992-7547-1b0a5cf1f2ec" testName="AllowGroupSelection_SingleSelect_GroupSelected" computerName="DKSR-EFI-04" duration="00:00:00.0004543" startTime="2023-12-22T09:36:22.9824686+01:00" endTime="2023-12-22T09:36:22.9830963+01:00" testType="13cdc9d9-ddb5-4fa4-a97d-d965ccfc6d4b" outcome="Passed" testListId="8c84fa94-04c1-424b-9868-57a2d4851a1d" relativeResultsDirectory="ca17d930-c2bf-4703-951d-00907df7f59f" />
    <UnitTestResult executionId="1255b8f3-b94d-4303-8a25-1fa6152488fe" testId="146594a1-db48-d7ad-577b-cf76cd9c279b" testName="CreateSearchResultUserControl_SinglePluginMultipleSearchResultTypes_Success" computerName="DKSR-EFI-04" duration="00:00:00.0072068" startTime="2023-12-22T09:36:29.9937819+01:00" endTime="2023-12-22T09:36:30.0238340+01:00" testType="13cdc9d9-ddb5-4fa4-a97d-d965ccfc6d4b" outcome="Passed" testListId="8c84fa94-04c1-424b-9868-57a2d4851a1d" relativeResultsDirectory="1255b8f3-b94d-4303-8a25-1fa6152488fe" />
    <UnitTestResult executionId="30136f00-8161-4cde-ade1-9eef2f181085" testId="1ffa1bf6-fb8e-b8ef-fe84-530e8f551d9d" testName="CountByItems_Activated_Empty" computerName="DKSR-EFI-04" duration="00:00:00.0008094" startTime="2023-12-22T09:36:32.4354513+01:00" endTime="2023-12-22T09:36:32.4364783+01:00" testType="13cdc9d9-ddb5-4fa4-a97d-d965ccfc6d4b" outcome="Passed" testListId="8c84fa94-04c1-424b-9868-57a2d4851a1d" relativeResultsDirectory="30136f00-8161-4cde-ade1-9eef2f181085" />
    <UnitTestResult executionId="54d60f99-c8e9-484b-8573-1de7a1813bfc" testId="b739f5d0-5237-1a79-e681-644aeb76938a" testName="ReadXml_ShouldReadAppearanceContents_WhenAppearanceIsPresent" computerName="DKSR-EFI-04" duration="00:00:00.0019990" startTime="2023-12-22T09:36:31.4241409+01:00" endTime="2023-12-22T09:36:31.4263494+01:00" testType="13cdc9d9-ddb5-4fa4-a97d-d965ccfc6d4b" outcome="Passed" testListId="8c84fa94-04c1-424b-9868-57a2d4851a1d" relativeResultsDirectory="54d60f99-c8e9-484b-8573-1de7a1813bfc" />
    <UnitTestResult executionId="a42630e2-522e-443c-a9d9-595383202a21" testId="76e6ff63-d7eb-f665-d9fe-8f8739285ff9" testName="SearializePlusDeserialize_NestedArrayObject_ShouldResultInSameString" computerName="DKSR-EFI-04" duration="00:00:00.0001987" startTime="2023-12-22T09:36:30.4389942+01:00" endTime="2023-12-22T09:36:30.4393865+01:00" testType="13cdc9d9-ddb5-4fa4-a97d-d965ccfc6d4b" outcome="Passed" testListId="8c84fa94-04c1-424b-9868-57a2d4851a1d" relativeResultsDirectory="a42630e2-522e-443c-a9d9-595383202a21" />
    <UnitTestResult executionId="c328eb98-ee99-4676-8ad6-e93ec969f0ae" testId="308f63bb-ffab-d024-ffbf-d3fa54a43504" testName="Equals_ShouldReturnTrue_WhenHostIsDottedDecimalLocalhostAndOtherHostIsDottedDecimalThisNetwork" computerName="DKSR-EFI-04" duration="00:00:00.0002459" startTime="2023-12-22T09:36:04.1978291+01:00" endTime="2023-12-22T09:36:04.1981778+01:00" testType="13cdc9d9-ddb5-4fa4-a97d-d965ccfc6d4b" outcome="Passed" testListId="8c84fa94-04c1-424b-9868-57a2d4851a1d" relativeResultsDirectory="c328eb98-ee99-4676-8ad6-e93ec969f0ae" />
    <UnitTestResult executionId="2977ddca-dbda-4173-beb7-99ce152b55fd" testId="2d7b55ce-f568-7dde-659b-5f6dd5c4e10b" testName="ClearFilterValues_NullFilter_Throws" computerName="DKSR-EFI-04" duration="00:00:00.0014744" startTime="2023-12-22T09:36:28.7312243+01:00" endTime="2023-12-22T09:36:28.7329657+01:00" testType="13cdc9d9-ddb5-4fa4-a97d-d965ccfc6d4b" outcome="Passed" testListId="8c84fa94-04c1-424b-9868-57a2d4851a1d" relativeResultsDirectory="2977ddca-dbda-4173-beb7-99ce152b55fd" />
    <UnitTestResult executionId="8737c62d-5f16-4085-8658-8483d9bd85a3" testId="4686721b-2da0-2073-d103-e6130d171947" testName="Convert_SingleArgumentConverter_ShouldNotAllowNullValue_WhenArgumentIsValueType" computerName="DKSR-EFI-04" duration="00:00:00.0031604" startTime="2023-12-22T09:36:23.4899162+01:00" endTime="2023-12-22T09:36:23.4933041+01:00" testType="13cdc9d9-ddb5-4fa4-a97d-d965ccfc6d4b" outcome="Passed" testListId="8c84fa94-04c1-424b-9868-57a2d4851a1d" relativeResultsDirectory="8737c62d-5f16-4085-8658-8483d9bd85a3" />
    <UnitTestResult executionId="54382daa-dbd6-4b13-b180-01e69df278f2" testId="bc715522-4e2d-31ab-3b59-559f11d2404a" testName="IsCriteriaAccepted_WithKindsFilter_ValidInput_True" computerName="DKSR-EFI-04" duration="00:00:00.0003243" startTime="2023-12-22T09:36:22.9577894+01:00" endTime="2023-12-22T09:36:22.9583232+01:00" testType="13cdc9d9-ddb5-4fa4-a97d-d965ccfc6d4b" outcome="Passed" testListId="8c84fa94-04c1-424b-9868-57a2d4851a1d" relativeResultsDirectory="54382daa-dbd6-4b13-b180-01e69df278f2" />
    <UnitTestResult executionId="43fef79a-1da1-47e8-8d16-593eab9d68c2" testId="868fab3c-659e-4c15-a10e-0b6912bfed13" testName="GetAtOrBefore_ShouldReturnEntryFromCache_WhenDataIsInCacheWithExactSameTime" computerName="DKSR-EFI-04" duration="00:00:00.0020899" startTime="2023-12-22T09:36:32.9003749+01:00" endTime="2023-12-22T09:36:32.9026679+01:00" testType="13cdc9d9-ddb5-4fa4-a97d-d965ccfc6d4b" outcome="Passed" testListId="8c84fa94-04c1-424b-9868-57a2d4851a1d" relativeResultsDirectory="43fef79a-1da1-47e8-8d16-593eab9d68c2" />
    <UnitTestResult executionId="371d4abe-743e-4b9d-80cb-b1429a56b310" testId="5676d068-f210-9f05-bcb4-4154c077d90e" testName="Minimize_ShouldReturnOneInterval_WhenListContainsThreeOverlappingIntervalsContainingEachOther" computerName="DKSR-EFI-04" duration="00:00:00.0005261" startTime="2023-12-22T09:36:15.3365075+01:00" endTime="2023-12-22T09:36:15.3371512+01:00" testType="13cdc9d9-ddb5-4fa4-a97d-d965ccfc6d4b" outcome="Passed" testListId="8c84fa94-04c1-424b-9868-57a2d4851a1d" relativeResultsDirectory="371d4abe-743e-4b9d-80cb-b1429a56b310" />
    <UnitTestResult executionId="75c70419-57b8-4b65-b5cf-27976c06de63" testId="0a92ab9e-a0ef-5666-6bfc-bca43af1a11e" testName="GetClientAsync_NotStartsClient_AfterFirstCall" computerName="DKSR-EFI-04" duration="00:00:00.0068067" startTime="2023-12-22T09:36:31.8506952+01:00" endTime="2023-12-22T09:36:31.8577484+01:00" testType="13cdc9d9-ddb5-4fa4-a97d-d965ccfc6d4b" outcome="Passed" testListId="8c84fa94-04c1-424b-9868-57a2d4851a1d" relativeResultsDirectory="75c70419-57b8-4b65-b5cf-27976c06de63" />
    <UnitTestResult executionId="44690ba9-2a8e-483e-a155-e6357671561a" testId="7c94d89e-414e-9b49-035f-2b0ee891b6a0" testName="Serialize_TestCases (TestParentTypeMatchInterfaceNotThisTypeNotMatched)" computerName="DKSR-EFI-04" duration="00:00:00.0005348" startTime="2023-12-22T09:36:28.3861604+01:00" endTime="2023-12-22T09:36:28.3870132+01:00" testType="13cdc9d9-ddb5-4fa4-a97d-d965ccfc6d4b" outcome="Passed" testListId="8c84fa94-04c1-424b-9868-57a2d4851a1d" relativeResultsDirectory="44690ba9-2a8e-483e-a155-e6357671561a" />
    <UnitTestResult executionId="9062d69e-0506-488d-b00c-f0ef660398cc" testId="9c3bf906-36ef-3f5d-6689-5fb9e3aa8d47" testName="Match_Fail_SystemType_WrongType_Single" computerName="DKSR-EFI-04" duration="00:00:00.0002844" startTime="2023-12-22T09:36:31.8030839+01:00" endTime="2023-12-22T09:36:31.8035611+01:00" testType="13cdc9d9-ddb5-4fa4-a97d-d965ccfc6d4b" outcome="Passed" testListId="8c84fa94-04c1-424b-9868-57a2d4851a1d" relativeResultsDirectory="9062d69e-0506-488d-b00c-f0ef660398cc" />
    <UnitTestResult executionId="e288b5fd-4500-4b07-b2e4-c345a7dcfdeb" testId="4d8c83aa-a156-12a2-4c8a-ba95a8a26318" testName="HostInitialized_ShouldInvokeCallback_WhenInitializedWithItems" computerName="DKSR-EFI-04" duration="00:00:00.0031457" startTime="2023-12-22T09:36:24.5014444+01:00" endTime="2023-12-22T09:36:24.5367168+01:00" testType="13cdc9d9-ddb5-4fa4-a97d-d965ccfc6d4b" outcome="Passed" testListId="8c84fa94-04c1-424b-9868-57a2d4851a1d" relativeResultsDirectory="e288b5fd-4500-4b07-b2e4-c345a7dcfdeb" />
    <UnitTestResult executionId="f24e5e8c-0b9b-4e62-a301-d3ef274f7677" testId="d1c5438f-f6a6-ca91-e27b-7a97a7b2a283" testName="Serialize_TestCases (Verify root Collection (not empty) property)" computerName="DKSR-EFI-04" duration="00:00:00.0002341" startTime="2023-12-22T09:36:28.2621846+01:00" endTime="2023-12-22T09:36:28.2627314+01:00" testType="13cdc9d9-ddb5-4fa4-a97d-d965ccfc6d4b" outcome="Passed" testListId="8c84fa94-04c1-424b-9868-57a2d4851a1d" relativeResultsDirectory="f24e5e8c-0b9b-4e62-a301-d3ef274f7677" />
    <UnitTestResult executionId="15be5991-5132-41bc-805c-8d832127d2e3" testId="b147c839-1adf-f8ae-0b25-dc9dcffe119b" testName="EqualGuids_Ignore_Fail_OnKind" computerName="DKSR-EFI-04" duration="00:00:00.0003583" startTime="2023-12-22T09:36:02.7092975+01:00" endTime="2023-12-22T09:36:02.7097699+01:00" testType="13cdc9d9-ddb5-4fa4-a97d-d965ccfc6d4b" outcome="Passed" testListId="8c84fa94-04c1-424b-9868-57a2d4851a1d" relativeResultsDirectory="15be5991-5132-41bc-805c-8d832127d2e3" />
    <UnitTestResult executionId="eaa0de9c-e12c-45ac-b093-9f099aea3b0c" testId="0a3a807f-9f6a-c6f8-8c9e-dc79768e8cd7" testName="Stop_InitializeThrowsException_ProcessorSurvives" computerName="DKSR-EFI-04" duration="00:00:00.0489583" startTime="2023-12-22T09:36:22.5496404+01:00" endTime="2023-12-22T09:36:22.5988920+01:00" testType="13cdc9d9-ddb5-4fa4-a97d-d965ccfc6d4b" outcome="Passed" testListId="8c84fa94-04c1-424b-9868-57a2d4851a1d" relativeResultsDirectory="eaa0de9c-e12c-45ac-b093-9f099aea3b0c" />
    <UnitTestResult executionId="2208a2bb-4f3c-4ff7-b318-8e13041b5ecd" testId="005c4048-bbfa-5fd2-6e76-51731c50383b" testName="GetWithDateTime_ShouldEnsureThatFolowingCallToGetNextWorks_WhenDataIsNotInCache" computerName="DKSR-EFI-04" duration="00:00:00.0019901" startTime="2023-12-22T09:36:32.9224135+01:00" endTime="2023-12-22T09:36:32.9246185+01:00" testType="13cdc9d9-ddb5-4fa4-a97d-d965ccfc6d4b" outcome="Passed" testListId="8c84fa94-04c1-424b-9868-57a2d4851a1d" relativeResultsDirectory="2208a2bb-4f3c-4ff7-b318-8e13041b5ecd" />
    <UnitTestResult executionId="0187b5ce-8008-4290-b1f1-7812be25ff9d" testId="d2a69b62-2638-ec8f-cc97-92c357c5901e" testName="GetNext_ShouldReturnSecondElement_WhenFirstEntryWasCalledAndThereIsAPreviousNext" computerName="DKSR-EFI-04" duration="00:00:00.0003895" startTime="2023-12-22T09:36:32.6527746+01:00" endTime="2023-12-22T09:36:32.6533515+01:00" testType="13cdc9d9-ddb5-4fa4-a97d-d965ccfc6d4b" outcome="Passed" testListId="8c84fa94-04c1-424b-9868-57a2d4851a1d" relativeResultsDirectory="0187b5ce-8008-4290-b1f1-7812be25ff9d" />
    <UnitTestResult executionId="dd0b0303-eefe-450d-be6e-4a33d9e7cfeb" testId="0b0cafcd-36ec-b9e7-a6b1-cc34c82fd875" testName="ReadXml_ShouldReadVideoAnalysticsChild_WhenOneChildIsPresent" computerName="DKSR-EFI-04" duration="00:00:00.0014207" startTime="2023-12-22T09:36:31.2578697+01:00" endTime="2023-12-22T09:36:31.2598117+01:00" testType="13cdc9d9-ddb5-4fa4-a97d-d965ccfc6d4b" outcome="Passed" testListId="8c84fa94-04c1-424b-9868-57a2d4851a1d" relativeResultsDirectory="dd0b0303-eefe-450d-be6e-4a33d9e7cfeb" />
    <UnitTestResult executionId="229b797c-1d06-4598-9082-576285af72ea" testId="fe6933ba-92e5-ddd8-81b2-ddec0ef429cb" testName="Serialize_TestCases (TestParentTypeMatchGenericThisTypeMatched)" computerName="DKSR-EFI-04" duration="00:00:00.0025566" startTime="2023-12-22T09:36:28.3911266+01:00" endTime="2023-12-22T09:36:28.3940002+01:00" testType="13cdc9d9-ddb5-4fa4-a97d-d965ccfc6d4b" outcome="Passed" testListId="8c84fa94-04c1-424b-9868-57a2d4851a1d" relativeResultsDirectory="229b797c-1d06-4598-9082-576285af72ea" />
    <UnitTestResult executionId="d95c2be1-7c3f-472f-bc50-4e30a8b10184" testId="f5086738-fff1-9285-cf60-e3b17196cf32" testName="ReadXml_ShouldReadNavigationalData_WhenNavigationalDataIsPresent" computerName="DKSR-EFI-04" duration="00:00:00.0013465" startTime="2023-12-22T09:36:31.2742019+01:00" endTime="2023-12-22T09:36:31.2757857+01:00" testType="13cdc9d9-ddb5-4fa4-a97d-d965ccfc6d4b" outcome="Passed" testListId="8c84fa94-04c1-424b-9868-57a2d4851a1d" relativeResultsDirectory="d95c2be1-7c3f-472f-bc50-4e30a8b10184" />
    <UnitTestResult executionId="d6a25ded-b414-438d-bdca-3c73366da461" testId="023f7f43-765e-9b8d-a4fb-66ae949e5c24" testName="Clear_ShouldInvokeCallback_WhenObservable" computerName="DKSR-EFI-04" duration="00:00:00.0016598" startTime="2023-12-22T09:36:24.0974503+01:00" endTime="2023-12-22T09:36:24.2490853+01:00" testType="13cdc9d9-ddb5-4fa4-a97d-d965ccfc6d4b" outcome="Passed" testListId="8c84fa94-04c1-424b-9868-57a2d4851a1d" relativeResultsDirectory="d6a25ded-b414-438d-bdca-3c73366da461" />
    <UnitTestResult executionId="eafdf464-3a82-4c46-b2f3-d5175391d968" testId="ec6e182c-c60a-0650-a430-7ebc2fa1ec79" testName="ReadXml_ShouldLogWarningTwiceWhenMoreThanOneMinuteBetweenWarnings_WhenCenterOfGravityIsIncomplete" computerName="DKSR-EFI-04" duration="00:00:00.0019998" startTime="2023-12-22T09:36:31.5827446+01:00" endTime="2023-12-22T09:36:31.5849458+01:00" testType="13cdc9d9-ddb5-4fa4-a97d-d965ccfc6d4b" outcome="Passed" testListId="8c84fa94-04c1-424b-9868-57a2d4851a1d" relativeResultsDirectory="eafdf464-3a82-4c46-b2f3-d5175391d968" />
    <UnitTestResult executionId="9d111088-995d-47b4-8730-15d1d8f0f0a3" testId="687e8953-7e5d-f508-b1c0-23de14611310" testName="ReadXml_ShouldLogWarning_WhenClassCandidateIsNotValid" computerName="DKSR-EFI-04" duration="00:00:00.0019104" startTime="2023-12-22T09:36:31.3860630+01:00" endTime="2023-12-22T09:36:31.3881843+01:00" testType="13cdc9d9-ddb5-4fa4-a97d-d965ccfc6d4b" outcome="Passed" testListId="8c84fa94-04c1-424b-9868-57a2d4851a1d" relativeResultsDirectory="9d111088-995d-47b4-8730-15d1d8f0f0a3" />
    <UnitTestResult executionId="bf767f4c-0ef9-4c19-931a-79515d721601" testId="1740de10-354e-b6a5-4be9-5a10b5a730b3" testName="Serialize_TestCases (TestParentTypeMatchIntThisTypeMatched)" computerName="DKSR-EFI-04" duration="00:00:00.0003718" startTime="2023-12-22T09:36:28.3048809+01:00" endTime="2023-12-22T09:36:28.3055639+01:00" testType="13cdc9d9-ddb5-4fa4-a97d-d965ccfc6d4b" outcome="Passed" testListId="8c84fa94-04c1-424b-9868-57a2d4851a1d" relativeResultsDirectory="bf767f4c-0ef9-4c19-931a-79515d721601" />
    <UnitTestResult executionId="95d76b15-c0f3-4380-90f2-e0c0615fae8b" testId="01189ec3-4c33-3643-ad1a-50e739d11dfb" testName="TestStartSearch_MultipleSearchesOnSameDefinition_Success" computerName="DKSR-EFI-04" duration="00:00:00.0103737" startTime="2023-12-22T09:36:29.0239227+01:00" endTime="2023-12-22T09:36:29.0345295+01:00" testType="13cdc9d9-ddb5-4fa4-a97d-d965ccfc6d4b" outcome="Passed" testListId="8c84fa94-04c1-424b-9868-57a2d4851a1d" relativeResultsDirectory="95d76b15-c0f3-4380-90f2-e0c0615fae8b" />
    <UnitTestResult executionId="663e7300-0bf8-48af-9197-a4ae4c8c792c" testId="ecf74651-4fc2-6bc3-0181-d2278e0bfbfa" testName="GetMetadataObjectIdsAsync_SingleInvocation_DelegatedToInternalMethod" computerName="DKSR-EFI-04" duration="00:00:00.0029737" startTime="2023-12-22T09:36:29.1474582+01:00" endTime="2023-12-22T09:36:29.1506612+01:00" testType="13cdc9d9-ddb5-4fa4-a97d-d965ccfc6d4b" outcome="Passed" testListId="8c84fa94-04c1-424b-9868-57a2d4851a1d" relativeResultsDirectory="663e7300-0bf8-48af-9197-a4ae4c8c792c" />
    <UnitTestResult executionId="e7ab7375-c3a9-41db-8ecc-e5baa3ff8a58" testId="1e4e191e-63c7-1f37-201c-8fde2757768d" testName="Serialize_ShouldNotIncludeOptionDecorations_WhenPropertyIsCollectionOfSimpleTypesAndNoPropertiesRequestedInPath" computerName="DKSR-EFI-04" duration="00:00:00.0042772" startTime="2023-12-22T09:36:28.1811209+01:00" endTime="2023-12-22T09:36:28.1856111+01:00" testType="13cdc9d9-ddb5-4fa4-a97d-d965ccfc6d4b" outcome="Passed" testListId="8c84fa94-04c1-424b-9868-57a2d4851a1d" relativeResultsDirectory="e7ab7375-c3a9-41db-8ecc-e5baa3ff8a58" />
    <UnitTestResult executionId="0a955575-24c1-4307-8494-139d81737b66" testId="58908065-853e-c4d9-3613-bc3198b1cc08" testName="ReadXml_ShouldReadVideoAnalysticsChildren_WhenMultipleChildrenIsPresent" computerName="DKSR-EFI-04" duration="00:00:00.0002981" startTime="2023-12-22T09:36:31.2605430+01:00" endTime="2023-12-22T09:36:31.2610321+01:00" testType="13cdc9d9-ddb5-4fa4-a97d-d965ccfc6d4b" outcome="Passed" testListId="8c84fa94-04c1-424b-9868-57a2d4851a1d" relativeResultsDirectory="0a955575-24c1-4307-8494-139d81737b66" />
    <UnitTestResult executionId="47f46976-57f3-4943-bb7e-3281c75a7b48" testId="d63150eb-a494-247f-04af-e8e69519f739" testName="IsEmptyValue_SelectionFilterValue_OneSelection_ReturnsFalse" computerName="DKSR-EFI-04" duration="00:00:00.0004140" startTime="2023-12-22T09:36:28.8159613+01:00" endTime="2023-12-22T09:36:28.8165680+01:00" testType="13cdc9d9-ddb5-4fa4-a97d-d965ccfc6d4b" outcome="Passed" testListId="8c84fa94-04c1-424b-9868-57a2d4851a1d" relativeResultsDirectory="47f46976-57f3-4943-bb7e-3281c75a7b48" />
    <UnitTestResult executionId="fca23146-68a7-4aab-8a80-bacc15379da6" testId="3bd4e091-3cac-addc-1c5e-6f943e11b33f" testName="WriteXml_ShouldOmitElements_WhenDataIsNotPresent" computerName="DKSR-EFI-04" duration="00:00:00.0021975" startTime="2023-12-22T09:36:31.1263133+01:00" endTime="2023-12-22T09:36:31.1286848+01:00" testType="13cdc9d9-ddb5-4fa4-a97d-d965ccfc6d4b" outcome="Passed" testListId="8c84fa94-04c1-424b-9868-57a2d4851a1d" relativeResultsDirectory="fca23146-68a7-4aab-8a80-bacc15379da6" />
    <UnitTestResult executionId="7153fd8e-f38e-4ef1-b16c-df5655311a4e" testId="9cb1dd9b-9567-7d27-369e-add42bb14fb4" testName="AddFilterValue_ExistingValue_NullFilter_Throws" computerName="DKSR-EFI-04" duration="00:00:00.0007688" startTime="2023-12-22T09:36:28.7098599+01:00" endTime="2023-12-22T09:36:28.7108959+01:00" testType="13cdc9d9-ddb5-4fa4-a97d-d965ccfc6d4b" outcome="Passed" testListId="8c84fa94-04c1-424b-9868-57a2d4851a1d" relativeResultsDirectory="7153fd8e-f38e-4ef1-b16c-df5655311a4e" />
    <UnitTestResult executionId="bb6ac0fa-16e9-4425-b087-8a806512714a" testId="1d1959e4-073b-7c9d-77de-ed348a6f7141" testName="BuildOverlayWidthHeightAnalyticsObjectListRuleList_ShouldReturnCorrectSizedBitmap" computerName="DKSR-EFI-04" duration="00:00:00.0020898" startTime="2023-12-22T09:36:05.1352291+01:00" endTime="2023-12-22T09:36:05.1376080+01:00" testType="13cdc9d9-ddb5-4fa4-a97d-d965ccfc6d4b" outcome="Passed" testListId="8c84fa94-04c1-424b-9868-57a2d4851a1d" relativeResultsDirectory="bb6ac0fa-16e9-4425-b087-8a806512714a" />
    <UnitTestResult executionId="3ef33e5d-ed89-48e7-95bf-149b486017e1" testId="4eb529fd-da3e-df70-1180-0619ee67e3c6" testName="JsonUtility_Compress_Success" computerName="DKSR-EFI-04" duration="00:00:00.0006249" startTime="2023-12-22T09:36:30.3419487+01:00" endTime="2023-12-22T09:36:30.3428139+01:00" testType="13cdc9d9-ddb5-4fa4-a97d-d965ccfc6d4b" outcome="Passed" testListId="8c84fa94-04c1-424b-9868-57a2d4851a1d" relativeResultsDirectory="3ef33e5d-ed89-48e7-95bf-149b486017e1" />
    <UnitTestResult executionId="bbaf495b-6237-47a9-abf8-214bd03caf04" testId="5eeda859-d31c-69f8-fe90-55abee0d8512" testName="Encrypt_ShouldReturnInputAsIs" computerName="DKSR-EFI-04" duration="00:00:00.0004074" startTime="2023-12-22T09:36:32.2842983+01:00" endTime="2023-12-22T09:36:32.2848691+01:00" testType="13cdc9d9-ddb5-4fa4-a97d-d965ccfc6d4b" outcome="Passed" testListId="8c84fa94-04c1-424b-9868-57a2d4851a1d" relativeResultsDirectory="bbaf495b-6237-47a9-abf8-214bd03caf04" />
    <UnitTestResult executionId="82208fe0-bbeb-42e8-ac72-b890c722b60c" testId="da270ab7-6882-db63-f3a0-844c8b4562db" testName="Add_ShouldNotUpdateEndCache_WhenOldEndTimeIsLaterThanAdded" computerName="DKSR-EFI-04" duration="00:00:00.0208664" startTime="2023-12-22T09:36:33.1169922+01:00" endTime="2023-12-22T09:36:33.1381343+01:00" testType="13cdc9d9-ddb5-4fa4-a97d-d965ccfc6d4b" outcome="Passed" testListId="8c84fa94-04c1-424b-9868-57a2d4851a1d" relativeResultsDirectory="82208fe0-bbeb-42e8-ac72-b890c722b60c" />
    <UnitTestResult executionId="b56786bd-4a14-426f-b280-f301da6b9d43" testId="0b769e09-4f15-c038-2979-f712635df491" testName="GetNextDateTime_ShouldReturnFirstDataEntityFromSecondToolkitCall_WhenDateIsEqualOrAfterLastCachedValue" computerName="DKSR-EFI-04" duration="00:00:00.0032512" startTime="2023-12-22T09:36:32.8461759+01:00" endTime="2023-12-22T09:36:32.8496232+01:00" testType="13cdc9d9-ddb5-4fa4-a97d-d965ccfc6d4b" outcome="Passed" testListId="8c84fa94-04c1-424b-9868-57a2d4851a1d" relativeResultsDirectory="b56786bd-4a14-426f-b280-f301da6b9d43" />
    <UnitTestResult executionId="4bd72537-08af-477c-9f9a-d7b5430197bf" testId="86d87531-58b0-c805-e0a3-bb2bb5312580" testName="ProvideValue_ShouldUseSharedContentTemplate_WhenContentTemplateIsSetOnDropDown" computerName="DKSR-EFI-04" duration="00:00:00.0028678" startTime="2023-12-22T09:36:26.8686482+01:00" endTime="2023-12-22T09:36:26.9948098+01:00" testType="13cdc9d9-ddb5-4fa4-a97d-d965ccfc6d4b" outcome="Passed" testListId="8c84fa94-04c1-424b-9868-57a2d4851a1d" relativeResultsDirectory="4bd72537-08af-477c-9f9a-d7b5430197bf" />
    <UnitTestResult executionId="47f1f347-e64c-4614-a721-99fa8ba99571" testId="31c80297-0b11-c824-d2b2-d7f2c10e7839" testName="GetAtOrBefore_ShouldReturnNull_WhenTimestampIsBeforeFirstElement" computerName="DKSR-EFI-04" duration="00:00:00.0003764" startTime="2023-12-22T09:36:32.6754203+01:00" endTime="2023-12-22T09:36:32.6759765+01:00" testType="13cdc9d9-ddb5-4fa4-a97d-d965ccfc6d4b" outcome="Passed" testListId="8c84fa94-04c1-424b-9868-57a2d4851a1d" relativeResultsDirectory="47f1f347-e64c-4614-a721-99fa8ba99571" />
    <UnitTestResult executionId="57856fff-376a-4243-a500-b4dde69119b1" testId="45a1237f-8398-1e96-4a23-b6a235238101" testName="ReadXml_ShouldReadObject_WhenObjectIsPresent" computerName="DKSR-EFI-04" duration="00:00:00.0034398" startTime="2023-12-22T09:36:31.1170017+01:00" endTime="2023-12-22T09:36:31.1206343+01:00" testType="13cdc9d9-ddb5-4fa4-a97d-d965ccfc6d4b" outcome="Passed" testListId="8c84fa94-04c1-424b-9868-57a2d4851a1d" relativeResultsDirectory="57856fff-376a-4243-a500-b4dde69119b1" />
    <UnitTestResult executionId="892541e8-485a-4c7b-aa46-541c45c023e2" testId="42175a1a-5ae8-6563-c4c4-676e585caed0" testName="WriteXml_ShouldWriteVideoAnalytics_WhenThereIsOneVideoAnalyticsItemPresent" computerName="DKSR-EFI-04" duration="00:00:00.0002532" startTime="2023-12-22T09:36:31.2911545+01:00" endTime="2023-12-22T09:36:31.2915936+01:00" testType="13cdc9d9-ddb5-4fa4-a97d-d965ccfc6d4b" outcome="Passed" testListId="8c84fa94-04c1-424b-9868-57a2d4851a1d" relativeResultsDirectory="892541e8-485a-4c7b-aa46-541c45c023e2" />
    <UnitTestResult executionId="0c3b094b-88df-47d5-8419-e4032a26f96a" testId="231eb201-5943-be12-8406-5e91b55ea0f9" testName="SetEvents_ShouldNotAddProxyManager_WhenFrameworkElementIsNotLoaded" computerName="DKSR-EFI-04" duration="00:00:00.0090421" startTime="2023-12-22T09:36:28.4956505+01:00" endTime="2023-12-22T09:36:28.5370878+01:00" testType="13cdc9d9-ddb5-4fa4-a97d-d965ccfc6d4b" outcome="Passed" testListId="8c84fa94-04c1-424b-9868-57a2d4851a1d" relativeResultsDirectory="0c3b094b-88df-47d5-8419-e4032a26f96a" />
    <UnitTestResult executionId="a6edccf4-c782-4bc0-b289-58a997d7821a" testId="33ade990-1ccf-b0cf-8ab5-e10e49ad4630" testName="GenerateDeviceCapabilityParameters_ShouldCallGenerateEnumParametersWithCorrectPrefix_WhenThereAreEnumValues" computerName="DKSR-EFI-04" duration="00:00:00.0020648" startTime="2023-12-22T09:36:32.5694157+01:00" endTime="2023-12-22T09:36:32.5716812+01:00" testType="13cdc9d9-ddb5-4fa4-a97d-d965ccfc6d4b" outcome="Passed" testListId="8c84fa94-04c1-424b-9868-57a2d4851a1d" relativeResultsDirectory="a6edccf4-c782-4bc0-b289-58a997d7821a" />
    <UnitTestResult executionId="5c447f2f-cd2b-402a-a802-687b71cf2c2e" testId="87ac7461-0d28-cf5d-7698-d8b535ebe6b4" testName="ProvideValue_ShouldChangeText_WhenItemHeaderPropertyNameIsSet" computerName="DKSR-EFI-04" duration="00:00:00.0051656" startTime="2023-12-22T09:36:26.0101784+01:00" endTime="2023-12-22T09:36:26.0463400+01:00" testType="13cdc9d9-ddb5-4fa4-a97d-d965ccfc6d4b" outcome="Passed" testListId="8c84fa94-04c1-424b-9868-57a2d4851a1d" relativeResultsDirectory="5c447f2f-cd2b-402a-a802-687b71cf2c2e" />
    <UnitTestResult executionId="96992fde-be6d-4b71-90a8-6d5e21a65cc1" testId="b6380494-d08e-3475-91a8-7a07dd918969" testName="HasExtensionDataPresent_ShouldReturnTrue_WhenLineColorIsSet" computerName="DKSR-EFI-04" duration="00:00:00.0028910" startTime="2023-12-22T09:36:31.4504047+01:00" endTime="2023-12-22T09:36:31.4539218+01:00" testType="13cdc9d9-ddb5-4fa4-a97d-d965ccfc6d4b" outcome="Passed" testListId="8c84fa94-04c1-424b-9868-57a2d4851a1d" relativeResultsDirectory="96992fde-be6d-4b71-90a8-6d5e21a65cc1" />
    <UnitTestResult executionId="c31311a4-df02-4f33-88bd-32522e673bfb" testId="f06647ee-695a-1441-d113-3b9b8eb3748f" testName="BuildShapeOverlayWidthHeightBaseEvent_ShouldReturnCorrectNumberOfShapes_WhenArgumentIsEventData" computerName="DKSR-EFI-04" duration="00:00:00.1263061" startTime="2023-12-22T09:36:04.9071901+01:00" endTime="2023-12-22T09:36:05.0460653+01:00" testType="13cdc9d9-ddb5-4fa4-a97d-d965ccfc6d4b" outcome="Passed" testListId="8c84fa94-04c1-424b-9868-57a2d4851a1d" relativeResultsDirectory="c31311a4-df02-4f33-88bd-32522e673bfb" />
    <UnitTestResult executionId="1202957e-fb8c-49b9-a68a-7dd6f6b75e74" testId="222dc4eb-8a5f-bb70-a6c0-96da1bd8a35a" testName="ReadXml_ShouldIgnoreUnknownChildren_WhenUnknownChildrenArePresent" computerName="DKSR-EFI-04" duration="00:00:00.0009361" startTime="2023-12-22T09:36:31.3705180+01:00" endTime="2023-12-22T09:36:31.3716687+01:00" testType="13cdc9d9-ddb5-4fa4-a97d-d965ccfc6d4b" outcome="Passed" testListId="8c84fa94-04c1-424b-9868-57a2d4851a1d" relativeResultsDirectory="1202957e-fb8c-49b9-a68a-7dd6f6b75e74" />
    <UnitTestResult executionId="4b5df2c4-819f-4ba4-8895-92642f4ae7f5" testId="e56c92d2-c559-22db-a2e2-d0987b0def17" testName="GetClientAsync_StartsClient_WhenFirst" computerName="DKSR-EFI-04" duration="00:00:00.0323324" startTime="2023-12-22T09:36:31.8171110+01:00" endTime="2023-12-22T09:36:31.8498395+01:00" testType="13cdc9d9-ddb5-4fa4-a97d-d965ccfc6d4b" outcome="Passed" testListId="8c84fa94-04c1-424b-9868-57a2d4851a1d" relativeResultsDirectory="4b5df2c4-819f-4ba4-8895-92642f4ae7f5" />
    <UnitTestResult executionId="694bd223-75ee-492a-8a86-e098976d5f22" testId="2bfbf382-2acb-7849-d6f4-575f5e2be481" testName="Serialize_TestCases (TestParentAllPrimitiveTypeMatchDoubleNotThisTypeMatched)" computerName="DKSR-EFI-04" duration="00:00:00.0004152" startTime="2023-12-22T09:36:28.4746010+01:00" endTime="2023-12-22T09:36:28.4753283+01:00" testType="13cdc9d9-ddb5-4fa4-a97d-d965ccfc6d4b" outcome="Passed" testListId="8c84fa94-04c1-424b-9868-57a2d4851a1d" relativeResultsDirectory="694bd223-75ee-492a-8a86-e098976d5f22" />
    <UnitTestResult executionId="80f39413-d6ee-4501-9f19-6808ab1ad229" testId="f5d12e44-e40c-727a-8c4d-b5134fb3b55a" testName="ProvideValue_ShouldNotSetTargetProperty_WhenCustomDisplayValueIsSet" computerName="DKSR-EFI-04" duration="00:00:00.0024554" startTime="2023-12-22T09:36:27.9047897+01:00" endTime="2023-12-22T09:36:27.9556050+01:00" testType="13cdc9d9-ddb5-4fa4-a97d-d965ccfc6d4b" outcome="Passed" testListId="8c84fa94-04c1-424b-9868-57a2d4851a1d" relativeResultsDirectory="80f39413-d6ee-4501-9f19-6808ab1ad229" />
    <UnitTestResult executionId="5ed63a03-d808-48a5-9184-49565f2c9b0f" testId="e251df90-29be-3bce-586f-107c221e43b7" testName="Add_ShouldNotUpdateStartCache_WhenOldStartTimeIsEarlierThanAdded" computerName="DKSR-EFI-04" duration="00:00:00.0210751" startTime="2023-12-22T09:36:33.0709218+01:00" endTime="2023-12-22T09:36:33.0922794+01:00" testType="13cdc9d9-ddb5-4fa4-a97d-d965ccfc6d4b" outcome="Passed" testListId="8c84fa94-04c1-424b-9868-57a2d4851a1d" relativeResultsDirectory="5ed63a03-d808-48a5-9184-49565f2c9b0f" />
    <UnitTestResult executionId="08f1d1ec-3f2b-40c9-99ff-aaab618bff33" testId="2308f95d-e716-8457-e2f9-557865d40f5f" testName="Equals_Fail1" computerName="DKSR-EFI-04" duration="00:00:00.0002231" startTime="2023-12-22T09:36:31.8100180+01:00" endTime="2023-12-22T09:36:31.8104383+01:00" testType="13cdc9d9-ddb5-4fa4-a97d-d965ccfc6d4b" outcome="Passed" testListId="8c84fa94-04c1-424b-9868-57a2d4851a1d" relativeResultsDirectory="08f1d1ec-3f2b-40c9-99ff-aaab618bff33" />
    <UnitTestResult executionId="752cd40a-3a85-4e70-83ce-7b3889eaaa0f" testId="ff808f59-9b62-0858-3fa7-188c69f886d5" testName="Serialize_TestCases (Verify root Double property)" computerName="DKSR-EFI-04" duration="00:00:00.0008655" startTime="2023-12-22T09:36:28.2042428+01:00" endTime="2023-12-22T09:36:28.2059220+01:00" testType="13cdc9d9-ddb5-4fa4-a97d-d965ccfc6d4b" outcome="Passed" testListId="8c84fa94-04c1-424b-9868-57a2d4851a1d" relativeResultsDirectory="752cd40a-3a85-4e70-83ce-7b3889eaaa0f" />
    <UnitTestResult executionId="df63411d-9ea3-49a3-b9d5-98d3a426c5ff" testId="262c3c73-7b65-0063-be55-7b0feb97027d" testName="GenerateDeviceCapabilityParameters_ShouldWriteTypeName_WhenAlways" computerName="DKSR-EFI-04" duration="00:00:00.0008455" startTime="2023-12-22T09:36:32.6860714+01:00" endTime="2023-12-22T09:36:32.6871047+01:00" testType="13cdc9d9-ddb5-4fa4-a97d-d965ccfc6d4b" outcome="Passed" testListId="8c84fa94-04c1-424b-9868-57a2d4851a1d" relativeResultsDirectory="df63411d-9ea3-49a3-b9d5-98d3a426c5ff" />
    <UnitTestResult executionId="27908c10-d633-4dbc-bd30-dd7adbaef1e6" testId="15a5142a-4ca9-8496-a1cc-4a1caca4c970" testName="GetColorFilterValues_SingleSelection_Success" computerName="DKSR-EFI-04" duration="00:00:00.0062625" startTime="2023-12-22T09:36:30.2939704+01:00" endTime="2023-12-22T09:36:30.3004634+01:00" testType="13cdc9d9-ddb5-4fa4-a97d-d965ccfc6d4b" outcome="Passed" testListId="8c84fa94-04c1-424b-9868-57a2d4851a1d" relativeResultsDirectory="27908c10-d633-4dbc-bd30-dd7adbaef1e6" />
    <UnitTestResult executionId="17108ffb-e8c2-42b3-8fa7-1c7c2239f22d" testId="1677c45e-088d-ae58-08dc-ccdb32d9ca65" testName="ReadXml_ShouldIgnoreBoundingBox_WhenBoundingBoxIsPresenWithWrongNamespace" computerName="DKSR-EFI-04" duration="00:00:00.0002541" startTime="2023-12-22T09:36:31.5503262+01:00" endTime="2023-12-22T09:36:31.5507498+01:00" testType="13cdc9d9-ddb5-4fa4-a97d-d965ccfc6d4b" outcome="Passed" testListId="8c84fa94-04c1-424b-9868-57a2d4851a1d" relativeResultsDirectory="17108ffb-e8c2-42b3-8fa7-1c7c2239f22d" />
    <UnitTestResult executionId="aa1b093e-4d14-4cbc-ad94-760f20d9f307" testId="3c77e52b-5dd8-dbae-4bf5-a2756b09e775" testName="MD5Hex32_ShouldReturnMD5Hash_WhenInputIsEmpty" computerName="DKSR-EFI-04" duration="00:00:00.0002607" startTime="2023-12-22T09:36:32.9731801+01:00" endTime="2023-12-22T09:36:32.9736596+01:00" testType="13cdc9d9-ddb5-4fa4-a97d-d965ccfc6d4b" outcome="Passed" testListId="8c84fa94-04c1-424b-9868-57a2d4851a1d" relativeResultsDirectory="aa1b093e-4d14-4cbc-ad94-760f20d9f307" />
    <UnitTestResult executionId="d5329498-b1fe-426d-94c9-21d30278cd1e" testId="c8844d95-6b3e-d2a5-0238-e17eb53985e3" testName="Add_ShouldNotReplaceLastElement_WhenStartTimeOfLastIsDifferentFromAdded" computerName="DKSR-EFI-04" duration="00:00:00.0216379" startTime="2023-12-22T09:36:33.0242756+01:00" endTime="2023-12-22T09:36:33.0461545+01:00" testType="13cdc9d9-ddb5-4fa4-a97d-d965ccfc6d4b" outcome="Passed" testListId="8c84fa94-04c1-424b-9868-57a2d4851a1d" relativeResultsDirectory="d5329498-b1fe-426d-94c9-21d30278cd1e" />
    <UnitTestResult executionId="73d1dacb-558a-40f7-925d-dee579bb7910" testId="fd290f76-7b88-41f1-16eb-aef97d9a9bcf" testName="Serialize_ShouldThrowException_WhenPropertyIsSimpleTypeButPathContainsChildren (BoolProperty)" computerName="DKSR-EFI-04" duration="00:00:00.0005797" startTime="2023-12-22T09:36:28.1698417+01:00" endTime="2023-12-22T09:36:28.1706573+01:00" testType="13cdc9d9-ddb5-4fa4-a97d-d965ccfc6d4b" outcome="Passed" testListId="8c84fa94-04c1-424b-9868-57a2d4851a1d" relativeResultsDirectory="73d1dacb-558a-40f7-925d-dee579bb7910" />
    <UnitTestResult executionId="f1b6de30-80d7-44dd-b54e-2d1cf6360c28" testId="333f18ad-13f9-9950-7477-8cd437bf4957" testName="Serialize_TestCases (TestParentCollectionNotEmptyListMatchedProperty)" computerName="DKSR-EFI-04" duration="00:00:00.0006447" startTime="2023-12-22T09:36:28.4817713+01:00" endTime="2023-12-22T09:36:28.4827448+01:00" testType="13cdc9d9-ddb5-4fa4-a97d-d965ccfc6d4b" outcome="Passed" testListId="8c84fa94-04c1-424b-9868-57a2d4851a1d" relativeResultsDirectory="f1b6de30-80d7-44dd-b54e-2d1cf6360c28" />
    <UnitTestResult executionId="496534e6-361b-4c40-a7fb-5de787b5c340" testId="ad962b0e-987d-63ea-d90a-c4db7582df00" testName="GenerateDeviceParameters_ShouldWriteNumberOfTypeDefintions_WhenAlways" computerName="DKSR-EFI-04" duration="00:00:00.0050493" startTime="2023-12-22T09:36:32.6944406+01:00" endTime="2023-12-22T09:36:32.6998002+01:00" testType="13cdc9d9-ddb5-4fa4-a97d-d965ccfc6d4b" outcome="Passed" testListId="8c84fa94-04c1-424b-9868-57a2d4851a1d" relativeResultsDirectory="496534e6-361b-4c40-a7fb-5de787b5c340" />
    <UnitTestResult executionId="1e9bffd1-b1b7-42be-8160-26fd322961b2" testId="c201cfe9-d7ef-1767-28d0-57fcb8de2460" testName="AddFilterValue_ExistingValue_SecondValue_Success" computerName="DKSR-EFI-04" duration="00:00:00.0013594" startTime="2023-12-22T09:36:28.7171791+01:00" endTime="2023-12-22T09:36:28.7187699+01:00" testType="13cdc9d9-ddb5-4fa4-a97d-d965ccfc6d4b" outcome="Passed" testListId="8c84fa94-04c1-424b-9868-57a2d4851a1d" relativeResultsDirectory="1e9bffd1-b1b7-42be-8160-26fd322961b2" />
    <UnitTestResult executionId="50e1bcbf-7100-456d-9ebf-d05fe9e1c7c9" testId="935f282f-5819-0cbb-3d88-60d0430c3f25" testName="WriteXml_ShouldWriteBoundingBoxElement_WhenBoundingBoxIsNotNull" computerName="DKSR-EFI-04" duration="00:00:00.0017933" startTime="2023-12-22T09:36:31.5928638+01:00" endTime="2023-12-22T09:36:31.5950724+01:00" testType="13cdc9d9-ddb5-4fa4-a97d-d965ccfc6d4b" outcome="Passed" testListId="8c84fa94-04c1-424b-9868-57a2d4851a1d" relativeResultsDirectory="50e1bcbf-7100-456d-9ebf-d05fe9e1c7c9" />
    <UnitTestResult executionId="1ff45fc7-67f1-48ba-bbb4-f260ccc3a53c" testId="7b925fbb-7ac1-1fe4-4372-38c14ecc5242" testName="ReadXml_ShouldDiscardShape_WhenInvalidShapeIsPresent" computerName="DKSR-EFI-04" duration="00:00:00.0018092" startTime="2023-12-22T09:36:30.8262039+01:00" endTime="2023-12-22T09:36:30.8282145+01:00" testType="13cdc9d9-ddb5-4fa4-a97d-d965ccfc6d4b" outcome="Passed" testListId="8c84fa94-04c1-424b-9868-57a2d4851a1d" relativeResultsDirectory="1ff45fc7-67f1-48ba-bbb4-f260ccc3a53c" />
    <UnitTestResult executionId="94c9fd37-5a1f-4580-9c54-f40cb749d254" testId="3d5f10ab-1224-9509-ef72-ffed425cc301" testName="PropertiesShouldReturnConstructorParameter" computerName="DKSR-EFI-04" duration="00:00:00.0040981" startTime="2023-12-22T09:36:32.2712265+01:00" endTime="2023-12-22T09:36:32.2755707+01:00" testType="13cdc9d9-ddb5-4fa4-a97d-d965ccfc6d4b" outcome="Passed" testListId="8c84fa94-04c1-424b-9868-57a2d4851a1d" relativeResultsDirectory="94c9fd37-5a1f-4580-9c54-f40cb749d254" />
    <UnitTestResult executionId="ed79c895-7c95-4052-a971-2ff7d430e039" testId="cc181f70-75e6-81da-b99e-3e2374e3ba03" testName="WriteXml_ShouldWriteLeftAttribute_WhenAlays" computerName="DKSR-EFI-04" duration="00:00:00.0003623" startTime="2023-12-22T09:36:31.5114236+01:00" endTime="2023-12-22T09:36:31.5119919+01:00" testType="13cdc9d9-ddb5-4fa4-a97d-d965ccfc6d4b" outcome="Passed" testListId="8c84fa94-04c1-424b-9868-57a2d4851a1d" relativeResultsDirectory="ed79c895-7c95-4052-a971-2ff7d430e039" />
    <UnitTestResult executionId="69bfda46-1bf6-466c-b1d5-3eb20e39d48b" testId="39e900e7-994b-131a-bce2-a45a9207a809" testName="ProvideValue_ShouldUseCompleteDataContextAsContent_WhenItemDataPropertyNameIsNotSet" computerName="DKSR-EFI-04" duration="00:00:00.1951131" startTime="2023-12-22T09:36:25.0523161+01:00" endTime="2023-12-22T09:36:25.3130629+01:00" testType="13cdc9d9-ddb5-4fa4-a97d-d965ccfc6d4b" outcome="Passed" testListId="8c84fa94-04c1-424b-9868-57a2d4851a1d" relativeResultsDirectory="69bfda46-1bf6-466c-b1d5-3eb20e39d48b" />
    <UnitTestResult executionId="592ef2fe-4819-4d41-9ed7-8f348a7c41f3" testId="43f214ef-30cf-ba92-5a64-f56ecf6591a8" testName="Convert_SingleArgumentConverter_ShouldAllowNullValue_WhenArgumentIsReferenceType" computerName="DKSR-EFI-04" duration="00:00:00.0005057" startTime="2023-12-22T09:36:23.4881668+01:00" endTime="2023-12-22T09:36:23.4889267+01:00" testType="13cdc9d9-ddb5-4fa4-a97d-d965ccfc6d4b" outcome="Passed" testListId="8c84fa94-04c1-424b-9868-57a2d4851a1d" relativeResultsDirectory="592ef2fe-4819-4d41-9ed7-8f348a7c41f3" />
    <UnitTestResult executionId="5066d409-77ae-4460-abf6-58469c753ad8" testId="9603f266-e6e4-b592-6c00-2621c8820864" testName="ReadXml_ShouldReadLeftAttribute_WhenPresent" computerName="DKSR-EFI-04" duration="00:00:00.0003268" startTime="2023-12-22T09:36:31.4706539+01:00" endTime="2023-12-22T09:36:31.4711762+01:00" testType="13cdc9d9-ddb5-4fa4-a97d-d965ccfc6d4b" outcome="Passed" testListId="8c84fa94-04c1-424b-9868-57a2d4851a1d" relativeResultsDirectory="5066d409-77ae-4460-abf6-58469c753ad8" />
    <UnitTestResult executionId="b0cba0b5-ca0a-41b4-9d15-5636bb36eccd" testId="3f6286d5-3f69-a507-072d-04f3b3c184c5" testName="Equals_ShouldReturnTrue_WhenHostIsTextualLocalhostAndOtherHostIsDottedDecimalLocalHost" computerName="DKSR-EFI-04" duration="00:00:00.0004279" startTime="2023-12-22T09:36:04.1783236+01:00" endTime="2023-12-22T09:36:04.1962066+01:00" testType="13cdc9d9-ddb5-4fa4-a97d-d965ccfc6d4b" outcome="Passed" testListId="8c84fa94-04c1-424b-9868-57a2d4851a1d" relativeResultsDirectory="b0cba0b5-ca0a-41b4-9d15-5636bb36eccd" />
    <UnitTestResult executionId="4dd62b0e-e3e3-4177-91b6-93c1061ba019" testId="4f7d823c-5866-aa3b-4a40-ca5bc159ad3e" testName="TestStartSearch_MultipleSearchesOnSameDefinition_WhereLastSearchThrowsException_Success" computerName="DKSR-EFI-04" duration="00:00:00.0094643" startTime="2023-12-22T09:36:29.0354533+01:00" endTime="2023-12-22T09:36:29.0451643+01:00" testType="13cdc9d9-ddb5-4fa4-a97d-d965ccfc6d4b" outcome="Passed" testListId="8c84fa94-04c1-424b-9868-57a2d4851a1d" relativeResultsDirectory="4dd62b0e-e3e3-4177-91b6-93c1061ba019" />
    <UnitTestResult executionId="89f31b62-7cee-44f9-8b23-dff70cce9ff7" testId="65da1668-3a91-f115-848c-a9bc5ab5e95f" testName="Serialize_TestCases (TestParentTypeMatchEnumThisTypeMatched)" computerName="DKSR-EFI-04" duration="00:00:00.0004000" startTime="2023-12-22T09:36:28.3247626+01:00" endTime="2023-12-22T09:36:28.3254720+01:00" testType="13cdc9d9-ddb5-4fa4-a97d-d965ccfc6d4b" outcome="Passed" testListId="8c84fa94-04c1-424b-9868-57a2d4851a1d" relativeResultsDirectory="89f31b62-7cee-44f9-8b23-dff70cce9ff7" />
    <UnitTestResult executionId="a430d23e-1243-4b54-8fe3-16d7caf939ba" testId="1bdc0970-713b-d043-8222-8dccac91ab64" testName="CountByCounter_NotActivated_Missing" computerName="DKSR-EFI-04" duration="00:00:00.0009286" startTime="2023-12-22T09:36:32.3927619+01:00" endTime="2023-12-22T09:36:32.3939532+01:00" testType="13cdc9d9-ddb5-4fa4-a97d-d965ccfc6d4b" outcome="Passed" testListId="8c84fa94-04c1-424b-9868-57a2d4851a1d" relativeResultsDirectory="a430d23e-1243-4b54-8fe3-16d7caf939ba" />
    <UnitTestResult executionId="8bae5978-458a-4c69-a285-6e6d853f1567" testId="c1dba330-ca0d-dce5-8eda-7974894f22ca" testName="GetCompatibilityHandler_ShouldThrownMIPException_WhenServerVersionCannotBeResolved" computerName="DKSR-EFI-04" duration="00:00:00.0029281" startTime="2023-12-22T09:36:32.3006953+01:00" endTime="2023-12-22T09:36:32.3038487+01:00" testType="13cdc9d9-ddb5-4fa4-a97d-d965ccfc6d4b" outcome="Passed" testListId="8c84fa94-04c1-424b-9868-57a2d4851a1d" relativeResultsDirectory="8bae5978-458a-4c69-a285-6e6d853f1567" />
    <UnitTestResult executionId="81e5a3b9-9b12-4303-8333-a40973d43c89" testId="16af9e4d-1460-4181-5a4a-fd51a2b844f5" testName="Serialize_ShouldHandleRecursiveProperty" computerName="DKSR-EFI-04" duration="00:00:00.1347434" startTime="2023-12-22T09:36:27.9848804+01:00" endTime="2023-12-22T09:36:28.1200781+01:00" testType="13cdc9d9-ddb5-4fa4-a97d-d965ccfc6d4b" outcome="Passed" testListId="8c84fa94-04c1-424b-9868-57a2d4851a1d" relativeResultsDirectory="81e5a3b9-9b12-4303-8333-a40973d43c89" />
    <UnitTestResult executionId="c9db9aaf-0745-4d78-9b41-1a673c9e238f" testId="ae4a8750-d669-3823-272f-96fc0e4fc346" testName="GenerateDeviceParameters_ShouldOmitFps_WhenFpsIsZero" computerName="DKSR-EFI-04" duration="00:00:00.0007703" startTime="2023-12-22T09:36:32.5249522+01:00" endTime="2023-12-22T09:36:32.5259252+01:00" testType="13cdc9d9-ddb5-4fa4-a97d-d965ccfc6d4b" outcome="Passed" testListId="8c84fa94-04c1-424b-9868-57a2d4851a1d" relativeResultsDirectory="c9db9aaf-0745-4d78-9b41-1a673c9e238f" />
    <UnitTestResult executionId="56fae186-0fa0-449a-a78c-a86ecef6ac14" testId="774975d0-338f-cf44-fe77-bf25f6734c5b" testName="TryParseArgbString_ShouldReturnTrue_WithCorrectARGBValuesWhenFormatIsCorrect" computerName="DKSR-EFI-04" duration="00:00:00.0014521" startTime="2023-12-22T09:36:30.9893593+01:00" endTime="2023-12-22T09:36:30.9912132+01:00" testType="13cdc9d9-ddb5-4fa4-a97d-d965ccfc6d4b" outcome="Passed" testListId="8c84fa94-04c1-424b-9868-57a2d4851a1d" relativeResultsDirectory="56fae186-0fa0-449a-a78c-a86ecef6ac14" />
    <UnitTestResult executionId="af2d3e8c-ea4c-4455-92c7-4758ce298eae" testId="ea0e0dc8-9c54-bf6a-2be9-fcc231898886" testName="ReadyToCloseEvent_CancelCommand_SingleSelect_Thrown" computerName="DKSR-EFI-04" duration="00:00:00.0012349" startTime="2023-12-22T09:36:22.9981068+01:00" endTime="2023-12-22T09:36:22.9995233+01:00" testType="13cdc9d9-ddb5-4fa4-a97d-d965ccfc6d4b" outcome="Passed" testListId="8c84fa94-04c1-424b-9868-57a2d4851a1d" relativeResultsDirectory="af2d3e8c-ea4c-4455-92c7-4758ce298eae" />
    <UnitTestResult executionId="8b4b94eb-5919-45a7-a246-d33d7a2e31a7" testId="cb13d9c3-56f2-276b-f315-14e9213934da" testName="GetIdFromPath_ShouldReturnId_FromShortPath" computerName="DKSR-EFI-04" duration="00:00:00.0002113" startTime="2023-12-22T09:36:32.9939211+01:00" endTime="2023-12-22T09:36:32.9943146+01:00" testType="13cdc9d9-ddb5-4fa4-a97d-d965ccfc6d4b" outcome="Passed" testListId="8c84fa94-04c1-424b-9868-57a2d4851a1d" relativeResultsDirectory="8b4b94eb-5919-45a7-a246-d33d7a2e31a7" />
    <UnitTestResult executionId="1df62642-6766-4240-892a-5c0ad1a5c37d" testId="b2a17b73-a63e-3be2-eee7-c00c2b4d0e01" testName="WriteXml_ShouldWriteYAttribute_WhenPresent" computerName="DKSR-EFI-04" duration="00:00:00.0003543" startTime="2023-12-22T09:36:31.0650344+01:00" endTime="2023-12-22T09:36:31.0659222+01:00" testType="13cdc9d9-ddb5-4fa4-a97d-d965ccfc6d4b" outcome="Passed" testListId="8c84fa94-04c1-424b-9868-57a2d4851a1d" relativeResultsDirectory="1df62642-6766-4240-892a-5c0ad1a5c37d" />
    <UnitTestResult executionId="39caa9d2-60f2-405c-9db0-9f9df4b2d737" testId="39259e78-217a-ffb2-6d1b-008e44172920" testName="TestSearchFilterCategories_WithOneAgentReturnsNull_Success" computerName="DKSR-EFI-04" duration="00:00:00.0015102" startTime="2023-12-22T09:36:28.9210925+01:00" endTime="2023-12-22T09:36:28.9228339+01:00" testType="13cdc9d9-ddb5-4fa4-a97d-d965ccfc6d4b" outcome="Passed" testListId="8c84fa94-04c1-424b-9868-57a2d4851a1d" relativeResultsDirectory="39caa9d2-60f2-405c-9db0-9f9df4b2d737" />
    <UnitTestResult executionId="ceb09e8b-9618-4620-9c02-61d0dce07cd9" testId="275ba7bf-a42d-bd91-1c80-5f751e891033" testName="BuildShapeOverlayWidthHeightAlarm_ShouldReturnCorrectNumberOfShapes_WhenArgumentContainsNoObjectAndRule" computerName="DKSR-EFI-04" duration="00:00:00.0069700" startTime="2023-12-22T09:36:05.1217260+01:00" endTime="2023-12-22T09:36:05.1344508+01:00" testType="13cdc9d9-ddb5-4fa4-a97d-d965ccfc6d4b" outcome="Passed" testListId="8c84fa94-04c1-424b-9868-57a2d4851a1d" relativeResultsDirectory="ceb09e8b-9618-4620-9c02-61d0dce07cd9" />
    <UnitTestResult executionId="60881fdf-f01b-4e3b-ab10-4f5e27271d04" testId="585441ab-f7bf-ef9a-ea65-e7624bf9208f" testName="WriteXml_ShouldWriteBottomAttribute_WhenAlays" computerName="DKSR-EFI-04" duration="00:00:00.0008254" startTime="2023-12-22T09:36:31.5080207+01:00" endTime="2023-12-22T09:36:31.5090519+01:00" testType="13cdc9d9-ddb5-4fa4-a97d-d965ccfc6d4b" outcome="Passed" testListId="8c84fa94-04c1-424b-9868-57a2d4851a1d" relativeResultsDirectory="60881fdf-f01b-4e3b-ab10-4f5e27271d04" />
    <UnitTestResult executionId="181f1352-64f7-422a-9ca1-8afe2c674ab9" testId="a9e125d3-70c7-168e-1c81-0d36cf4ad5a1" testName="CollectionReplaced_ShouldInvokeCallback_WhenObservable" computerName="DKSR-EFI-04" duration="00:00:00.0122601" startTime="2023-12-22T09:36:24.9391062+01:00" endTime="2023-12-22T09:36:25.0514503+01:00" testType="13cdc9d9-ddb5-4fa4-a97d-d965ccfc6d4b" outcome="Passed" testListId="8c84fa94-04c1-424b-9868-57a2d4851a1d" relativeResultsDirectory="181f1352-64f7-422a-9ca1-8afe2c674ab9" />
    <UnitTestResult executionId="6d7efa63-8560-41a7-9b3d-02f5137c9096" testId="107e0daf-d21c-596c-9a4b-7e99c0ba5816" testName="Equals_Ignore_Fail_OnKind" computerName="DKSR-EFI-04" duration="00:00:00.0003932" startTime="2023-12-22T09:36:02.6983011+01:00" endTime="2023-12-22T09:36:02.6988095+01:00" testType="13cdc9d9-ddb5-4fa4-a97d-d965ccfc6d4b" outcome="Passed" testListId="8c84fa94-04c1-424b-9868-57a2d4851a1d" relativeResultsDirectory="6d7efa63-8560-41a7-9b3d-02f5137c9096" />
    <UnitTestResult executionId="992c7e44-4f3f-4c70-b34b-c65d8e41171f" testId="3a8ca70f-603d-9529-0058-2e57757ce284" testName="WriteXml_ShouldWriteVideoAnalyticsContents_WhenVideoAnalyticsItemIsWritten" computerName="DKSR-EFI-04" duration="00:00:00.0013696" startTime="2023-12-22T09:36:31.2951445+01:00" endTime="2023-12-22T09:36:31.2967215+01:00" testType="13cdc9d9-ddb5-4fa4-a97d-d965ccfc6d4b" outcome="Passed" testListId="8c84fa94-04c1-424b-9868-57a2d4851a1d" relativeResultsDirectory="992c7e44-4f3f-4c70-b34b-c65d8e41171f" />
    <UnitTestResult executionId="e116efa4-4079-4d06-a37e-125576e1716b" testId="2339c643-1a37-d25a-2a23-49039f375c2c" testName="NavigationalData_ShouldReturnNull_WhenXmlDidNotContainNavigationalData" computerName="DKSR-EFI-04" duration="00:00:00.0002623" startTime="2023-12-22T09:36:31.2779859+01:00" endTime="2023-12-22T09:36:31.2784677+01:00" testType="13cdc9d9-ddb5-4fa4-a97d-d965ccfc6d4b" outcome="Passed" testListId="8c84fa94-04c1-424b-9868-57a2d4851a1d" relativeResultsDirectory="e116efa4-4079-4d06-a37e-125576e1716b" />
    <UnitTestResult executionId="6b8c4d8e-78df-42c7-9e5e-62e317136cb0" testId="1f1cc29a-ffbb-09ec-fd2b-edba3215943f" testName="CountByItems_Activated_WithTrialsInActivation" computerName="DKSR-EFI-04" duration="00:00:00.0019921" startTime="2023-12-22T09:36:32.4589576+01:00" endTime="2023-12-22T09:36:32.4611641+01:00" testType="13cdc9d9-ddb5-4fa4-a97d-d965ccfc6d4b" outcome="Passed" testListId="8c84fa94-04c1-424b-9868-57a2d4851a1d" relativeResultsDirectory="6b8c4d8e-78df-42c7-9e5e-62e317136cb0" />
    <UnitTestResult executionId="c2cb9ed3-6788-4d07-a9af-75b038c8651b" testId="f54c02f6-10d6-820a-6be3-9cf15ec86940" testName="ClearFilterValues_UnknownFilter_DoesNothing" computerName="DKSR-EFI-04" duration="00:00:00.0007690" startTime="2023-12-22T09:36:28.7338232+01:00" endTime="2023-12-22T09:36:28.7348113+01:00" testType="13cdc9d9-ddb5-4fa4-a97d-d965ccfc6d4b" outcome="Passed" testListId="8c84fa94-04c1-424b-9868-57a2d4851a1d" relativeResultsDirectory="c2cb9ed3-6788-4d07-a9af-75b038c8651b" />
    <UnitTestResult executionId="cc927c44-942d-4faf-9019-1179245e67e6" testId="9cad257c-1706-051d-28c1-76f19f896117" testName="Serialize_TestCases (Verify root Struct property)" computerName="DKSR-EFI-04" duration="00:00:00.0004056" startTime="2023-12-22T09:36:28.2114146+01:00" endTime="2023-12-22T09:36:28.2121443+01:00" testType="13cdc9d9-ddb5-4fa4-a97d-d965ccfc6d4b" outcome="Passed" testListId="8c84fa94-04c1-424b-9868-57a2d4851a1d" relativeResultsDirectory="cc927c44-942d-4faf-9019-1179245e67e6" />
    <UnitTestResult executionId="bb61ced5-fe45-4513-ac27-205759d6543f" testId="cc3f336d-6569-1e3c-5ccf-be760a4417ce" testName="Serialize_TestCases (TestParentTypeMatchEnumNotThisTypeMatched)" computerName="DKSR-EFI-04" duration="00:00:00.0003998" startTime="2023-12-22T09:36:28.3278481+01:00" endTime="2023-12-22T09:36:28.3302970+01:00" testType="13cdc9d9-ddb5-4fa4-a97d-d965ccfc6d4b" outcome="Passed" testListId="8c84fa94-04c1-424b-9868-57a2d4851a1d" relativeResultsDirectory="bb61ced5-fe45-4513-ac27-205759d6543f" />
    <UnitTestResult executionId="cb57675c-dde6-40b4-a25c-de1a9101370e" testId="61459c18-d69a-002e-99fd-4c0194ecc49d" testName="Equals_For_GuidsOnly" computerName="DKSR-EFI-04" duration="00:00:00.0013315" startTime="2023-12-22T09:36:02.7038779+01:00" endTime="2023-12-22T09:36:02.7053372+01:00" testType="13cdc9d9-ddb5-4fa4-a97d-d965ccfc6d4b" outcome="Passed" testListId="8c84fa94-04c1-424b-9868-57a2d4851a1d" relativeResultsDirectory="cb57675c-dde6-40b4-a25c-de1a9101370e" />
    <UnitTestResult executionId="f9f94482-2478-4dcb-b5b4-0a4976ae35a6" testId="43549381-b46a-2b58-13a9-b35484e42c71" testName="Match_Success_SystemTypeAnyMessage" computerName="DKSR-EFI-04" duration="00:00:00.0003616" startTime="2023-12-22T09:36:31.7961431+01:00" endTime="2023-12-22T09:36:31.7967305+01:00" testType="13cdc9d9-ddb5-4fa4-a97d-d965ccfc6d4b" outcome="Passed" testListId="8c84fa94-04c1-424b-9868-57a2d4851a1d" relativeResultsDirectory="f9f94482-2478-4dcb-b5b4-0a4976ae35a6" />
    <UnitTestResult executionId="49b1e879-6d01-40f0-94f8-60dbf21ea2a0" testId="014a068d-cf03-ed2b-0a73-be788526e910" testName="Minimize_ShouldReturnOneInterval_WhenListContainsTwoOverlappingIntervalsReversed" computerName="DKSR-EFI-04" duration="00:00:00.0006077" startTime="2023-12-22T09:36:15.3274654+01:00" endTime="2023-12-22T09:36:15.3282199+01:00" testType="13cdc9d9-ddb5-4fa4-a97d-d965ccfc6d4b" outcome="Passed" testListId="8c84fa94-04c1-424b-9868-57a2d4851a1d" relativeResultsDirectory="49b1e879-6d01-40f0-94f8-60dbf21ea2a0" />
    <UnitTestResult executionId="e88deb5d-4639-4b54-8eb1-7708b416e34c" testId="e69a267a-e07a-22bf-4915-eae5a252f8b8" testName="CountByItems_Activated_Expired" computerName="DKSR-EFI-04" duration="00:00:00.0017650" startTime="2023-12-22T09:36:32.4562152+01:00" endTime="2023-12-22T09:36:32.4581826+01:00" testType="13cdc9d9-ddb5-4fa4-a97d-d965ccfc6d4b" outcome="Passed" testListId="8c84fa94-04c1-424b-9868-57a2d4851a1d" relativeResultsDirectory="e88deb5d-4639-4b54-8eb1-7708b416e34c" />
    <UnitTestResult executionId="5755fa2e-33df-436d-8245-a38c2ddd4930" testId="d30c0506-60c3-3624-baf0-3cabb1483786" testName="ServerId_ShouldNotReturnNull" computerName="DKSR-EFI-04" duration="00:00:00.0005961" startTime="2023-12-22T09:36:05.1850973+01:00" endTime="2023-12-22T09:36:05.1858782+01:00" testType="13cdc9d9-ddb5-4fa4-a97d-d965ccfc6d4b" outcome="Passed" testListId="8c84fa94-04c1-424b-9868-57a2d4851a1d" relativeResultsDirectory="5755fa2e-33df-436d-8245-a38c2ddd4930" />
    <UnitTestResult executionId="4b7074e8-e9ac-450e-b0b9-af5853456677" testId="d2780117-34b2-66e8-9cc3-23cf0c600a02" testName="WriteXml_ShouldWriteTransformationElement_WhenTransformationIsNotNull" computerName="DKSR-EFI-04" duration="00:00:00.0006697" startTime="2023-12-22T09:36:30.8706483+01:00" endTime="2023-12-22T09:36:30.8715161+01:00" testType="13cdc9d9-ddb5-4fa4-a97d-d965ccfc6d4b" outcome="Passed" testListId="8c84fa94-04c1-424b-9868-57a2d4851a1d" relativeResultsDirectory="4b7074e8-e9ac-450e-b0b9-af5853456677" />
    <UnitTestResult executionId="2366b939-634c-44bf-a457-b02f23100c59" testId="868cf503-fe08-eed0-d324-72014e5624ab" testName="CountByItems_NotActivated_Expired" computerName="DKSR-EFI-04" duration="00:00:00.0010331" startTime="2023-12-22T09:36:32.4311215+01:00" endTime="2023-12-22T09:36:32.4323741+01:00" testType="13cdc9d9-ddb5-4fa4-a97d-d965ccfc6d4b" outcome="Passed" testListId="8c84fa94-04c1-424b-9868-57a2d4851a1d" relativeResultsDirectory="2366b939-634c-44bf-a457-b02f23100c59" />
    <UnitTestResult executionId="98b0c8bd-b049-4f81-9398-c0168ce2adff" testId="9504291e-b74b-48e8-7789-94b6a1151b40" testName="Append_PropertyKey_Value" computerName="DKSR-EFI-04" duration="00:00:00.0034755" startTime="2023-12-22T09:36:30.3515383+01:00" endTime="2023-12-22T09:36:30.3552332+01:00" testType="13cdc9d9-ddb5-4fa4-a97d-d965ccfc6d4b" outcome="Passed" testListId="8c84fa94-04c1-424b-9868-57a2d4851a1d" relativeResultsDirectory="98b0c8bd-b049-4f81-9398-c0168ce2adff" />
    <UnitTestResult executionId="ac58e941-1a24-42db-8e76-15dddd3423cd" testId="e10db072-c885-f638-cbd6-f0cb1d9146d0" testName="CountByItems_Activated_CountByCounter_Trial3" computerName="DKSR-EFI-04" duration="00:00:00.0017677" startTime="2023-12-22T09:36:32.4766436+01:00" endTime="2023-12-22T09:36:32.4786193+01:00" testType="13cdc9d9-ddb5-4fa4-a97d-d965ccfc6d4b" outcome="Passed" testListId="8c84fa94-04c1-424b-9868-57a2d4851a1d" relativeResultsDirectory="ac58e941-1a24-42db-8e76-15dddd3423cd" />
    <UnitTestResult executionId="6870333d-84f1-432e-b747-ec6ef6f83283" testId="f08cfdea-d0f9-0ea6-0706-b620f15a9fb4" testName="AllAttributesWerePresent_ShouldReturnFalse_WhenLeftAttributeIsNotAFloat" computerName="DKSR-EFI-04" duration="00:00:00.0003121" startTime="2023-12-22T09:36:31.4814775+01:00" endTime="2023-12-22T09:36:31.4819981+01:00" testType="13cdc9d9-ddb5-4fa4-a97d-d965ccfc6d4b" outcome="Passed" testListId="8c84fa94-04c1-424b-9868-57a2d4851a1d" relativeResultsDirectory="6870333d-84f1-432e-b747-ec6ef6f83283" />
    <UnitTestResult executionId="bcee3e75-cbd1-4253-a75e-76d1d66b99db" testId="f3ca05e5-dc9b-e250-df0d-7261ad9afb62" testName="ProvideValue_ShouldUpdateTarget_WhenItemDataValueChanges" computerName="DKSR-EFI-04" duration="00:00:00.0033734" startTime="2023-12-22T09:36:27.1868736+01:00" endTime="2023-12-22T09:36:27.2562191+01:00" testType="13cdc9d9-ddb5-4fa4-a97d-d965ccfc6d4b" outcome="Passed" testListId="8c84fa94-04c1-424b-9868-57a2d4851a1d" relativeResultsDirectory="bcee3e75-cbd1-4253-a75e-76d1d66b99db" />
    <UnitTestResult executionId="dd815468-e731-4e47-be8f-d04d91b822b3" testId="4c802ea5-aa1d-d28e-7473-4c1c59889246" testName="GenerateParameters_ShouldOmitCodecList_WhenCodecSetIsEmpty" computerName="DKSR-EFI-04" duration="00:00:00.0002777" startTime="2023-12-22T09:36:32.5074190+01:00" endTime="2023-12-22T09:36:32.5079157+01:00" testType="13cdc9d9-ddb5-4fa4-a97d-d965ccfc6d4b" outcome="Passed" testListId="8c84fa94-04c1-424b-9868-57a2d4851a1d" relativeResultsDirectory="dd815468-e731-4e47-be8f-d04d91b822b3" />
    <UnitTestResult executionId="c27450d6-6da4-44cd-81ce-265ef2b6ddfd" testId="2c838da2-a06b-ca63-745f-8e2c255d876f" testName="GetFilterValues_NullFilter_Throws" computerName="DKSR-EFI-04" duration="00:00:00.0011310" startTime="2023-12-22T09:36:28.7405794+01:00" endTime="2023-12-22T09:36:28.7420610+01:00" testType="13cdc9d9-ddb5-4fa4-a97d-d965ccfc6d4b" outcome="Passed" testListId="8c84fa94-04c1-424b-9868-57a2d4851a1d" relativeResultsDirectory="c27450d6-6da4-44cd-81ce-265ef2b6ddfd" />
    <UnitTestResult executionId="0e318fa1-4f9e-4e0e-a719-5b55736cc4c5" testId="23408848-110d-2bfe-6354-e8de8927ac23" testName="GenerateDeviceCapabilityParameters_ShouldWriteTypeDisplayId_WhenAlways" computerName="DKSR-EFI-04" duration="00:00:00.0008542" startTime="2023-12-22T09:36:32.6914531+01:00" endTime="2023-12-22T09:36:32.6924939+01:00" testType="13cdc9d9-ddb5-4fa4-a97d-d965ccfc6d4b" outcome="Passed" testListId="8c84fa94-04c1-424b-9868-57a2d4851a1d" relativeResultsDirectory="0e318fa1-4f9e-4e0e-a719-5b55736cc4c5" />
    <UnitTestResult executionId="dd6af944-8f95-4331-a344-98c0390b6833" testId="47b928b9-6c48-7599-b49a-10b524a65d0b" testName="GetBegin_ShouldReturnNull_WhenThereIsNoData" computerName="DKSR-EFI-04" duration="00:00:00.0018439" startTime="2023-12-22T09:36:32.8233277+01:00" endTime="2023-12-22T09:36:32.8253790+01:00" testType="13cdc9d9-ddb5-4fa4-a97d-d965ccfc6d4b" outcome="Passed" testListId="8c84fa94-04c1-424b-9868-57a2d4851a1d" relativeResultsDirectory="dd6af944-8f95-4331-a344-98c0390b6833" />
    <UnitTestResult executionId="a39682e5-a8e5-4105-bf48-ed3fd7eef8c9" testId="6936f6b7-d541-8d1e-5703-e65b31721380" testName="Serialize_TestCases (TestParentTypeMatchStructNotThisTypeNotMatched)" computerName="DKSR-EFI-04" duration="00:00:00.0004615" startTime="2023-12-22T09:36:28.3429181+01:00" endTime="2023-12-22T09:36:28.3436898+01:00" testType="13cdc9d9-ddb5-4fa4-a97d-d965ccfc6d4b" outcome="Passed" testListId="8c84fa94-04c1-424b-9868-57a2d4851a1d" relativeResultsDirectory="a39682e5-a8e5-4105-bf48-ed3fd7eef8c9" />
    <UnitTestResult executionId="be7a4680-c008-45af-84fa-81b157a93bb2" testId="1ebb5fbd-ca68-d89b-7ac9-6244b9608733" testName="Serialize_TestCases (TestParentTypeMatchBoolThisTypeNotMatched)" computerName="DKSR-EFI-04" duration="00:00:00.0003134" startTime="2023-12-22T09:36:28.3002510+01:00" endTime="2023-12-22T09:36:28.3009593+01:00" testType="13cdc9d9-ddb5-4fa4-a97d-d965ccfc6d4b" outcome="Passed" testListId="8c84fa94-04c1-424b-9868-57a2d4851a1d" relativeResultsDirectory="be7a4680-c008-45af-84fa-81b157a93bb2" />
    <UnitTestResult executionId="a2aa19a8-d417-42bc-9102-a6ba17b617a3" testId="11c28579-30cf-d22c-ee3d-3776ee719321" testName="GetBoundingShapesAsync_MultipleInvocations_DelegatedToInternalMethodOnlyOnce" computerName="DKSR-EFI-04" duration="00:00:00.0017661" startTime="2023-12-22T09:36:29.1357755+01:00" endTime="2023-12-22T09:36:29.1378095+01:00" testType="13cdc9d9-ddb5-4fa4-a97d-d965ccfc6d4b" outcome="Passed" testListId="8c84fa94-04c1-424b-9868-57a2d4851a1d" relativeResultsDirectory="a2aa19a8-d417-42bc-9102-a6ba17b617a3" />
    <UnitTestResult executionId="f6970a95-81c6-455c-813a-0b02ac069ab6" testId="ebd03c2f-6c76-bcbc-d996-078d887dfa19" testName="GenerateDeviceParameters_ShouldCallGenerateTypeDefinintionParametersWithCorrectPrefix_WhenThereAreTypeDefinitions" computerName="DKSR-EFI-04" duration="00:00:00.0018431" startTime="2023-12-22T09:36:32.7025089+01:00" endTime="2023-12-22T09:36:32.7045692+01:00" testType="13cdc9d9-ddb5-4fa4-a97d-d965ccfc6d4b" outcome="Passed" testListId="8c84fa94-04c1-424b-9868-57a2d4851a1d" relativeResultsDirectory="f6970a95-81c6-455c-813a-0b02ac069ab6" />
    <UnitTestResult executionId="1e3ed1c7-6376-40ed-b7fe-01c7c90d3728" testId="060819f6-d016-be0e-b7e9-55d7faa9ba45" testName="RemoveFilterValue_NullFilter_Throws" computerName="DKSR-EFI-04" duration="00:00:00.0015691" startTime="2023-12-22T09:36:28.7195663+01:00" endTime="2023-12-22T09:36:28.7214019+01:00" testType="13cdc9d9-ddb5-4fa4-a97d-d965ccfc6d4b" outcome="Passed" testListId="8c84fa94-04c1-424b-9868-57a2d4851a1d" relativeResultsDirectory="1e3ed1c7-6376-40ed-b7fe-01c7c90d3728" />
    <UnitTestResult executionId="da4e8d77-b29c-4b69-aeb6-4a3f40282f32" testId="59316a3f-9716-d88f-df45-82d266fba22e" testName="Parse_blank" computerName="DKSR-EFI-04" duration="00:00:00.0002147" startTime="2023-12-22T09:36:30.4430864+01:00" endTime="2023-12-22T09:36:30.4434995+01:00" testType="13cdc9d9-ddb5-4fa4-a97d-d965ccfc6d4b" outcome="Passed" testListId="8c84fa94-04c1-424b-9868-57a2d4851a1d" relativeResultsDirectory="da4e8d77-b29c-4b69-aeb6-4a3f40282f32" />
    <UnitTestResult executionId="d8838c31-4dc6-4435-9ca7-ecd2dbd678c5" testId="82f28324-964a-7ebe-3fa1-b6d48ed97144" testName="Add_CapacityExceeded_LeastRecentlyUsedValueRemoved" computerName="DKSR-EFI-04" duration="00:00:00.0003499" startTime="2023-12-22T09:36:15.5078988+01:00" endTime="2023-12-22T09:36:15.5083610+01:00" testType="13cdc9d9-ddb5-4fa4-a97d-d965ccfc6d4b" outcome="Passed" testListId="8c84fa94-04c1-424b-9868-57a2d4851a1d" relativeResultsDirectory="d8838c31-4dc6-4435-9ca7-ecd2dbd678c5" />
    <UnitTestResult executionId="2dd5e1fd-cba7-471c-a91a-044c66a71cc1" testId="f278ce31-b96d-473d-9186-28e37d813604" testName="ReadXml_ShouldIgnoreTranslate_WhenTranslateIsPresentWithWrongNamespace" computerName="DKSR-EFI-04" duration="00:00:00.0006677" startTime="2023-12-22T09:36:31.6351546+01:00" endTime="2023-12-22T09:36:31.6360554+01:00" testType="13cdc9d9-ddb5-4fa4-a97d-d965ccfc6d4b" outcome="Passed" testListId="8c84fa94-04c1-424b-9868-57a2d4851a1d" relativeResultsDirectory="2dd5e1fd-cba7-471c-a91a-044c66a71cc1" />
    <UnitTestResult executionId="8d52569a-d932-4da5-908c-9d96a53e4c8e" testId="1b922494-8fe6-7989-fdba-e8485055ed6f" testName="ServerIdWithHttpAsDefault_Construct_Success" computerName="DKSR-EFI-04" duration="00:00:00.0003917" startTime="2023-12-22T09:36:02.6658195+01:00" endTime="2023-12-22T09:36:02.6663917+01:00" testType="13cdc9d9-ddb5-4fa4-a97d-d965ccfc6d4b" outcome="Passed" testListId="8c84fa94-04c1-424b-9868-57a2d4851a1d" relativeResultsDirectory="8d52569a-d932-4da5-908c-9d96a53e4c8e" />
    <UnitTestResult executionId="73dbf26f-317e-4ea3-8030-5c89af6e39d1" testId="ad2a533e-345f-feb2-e7cb-50434e04ad99" testName="GetNearest_ShouldReturnClosestElement_WhenTimestampIsInLargerCache" computerName="DKSR-EFI-04" duration="00:00:00.0004792" startTime="2023-12-22T09:36:32.6723809+01:00" endTime="2023-12-22T09:36:32.6730467+01:00" testType="13cdc9d9-ddb5-4fa4-a97d-d965ccfc6d4b" outcome="Passed" testListId="8c84fa94-04c1-424b-9868-57a2d4851a1d" relativeResultsDirectory="73dbf26f-317e-4ea3-8030-5c89af6e39d1" />
    <UnitTestResult executionId="5f9f4dd0-557d-4ca0-94db-dcca27edccf8" testId="786f976f-79dc-fb5a-d9d5-d8983ae14820" testName="Match_Fail_NullTypeAnyMessage_Single" computerName="DKSR-EFI-04" duration="00:00:00.0002803" startTime="2023-12-22T09:36:31.8043531+01:00" endTime="2023-12-22T09:36:31.8048267+01:00" testType="13cdc9d9-ddb5-4fa4-a97d-d965ccfc6d4b" outcome="Passed" testListId="8c84fa94-04c1-424b-9868-57a2d4851a1d" relativeResultsDirectory="5f9f4dd0-557d-4ca0-94db-dcca27edccf8" />
    <UnitTestResult executionId="25af56b9-10b8-4e5c-a568-46a2e861dab5" testId="f3d705dd-7bc5-3c67-615c-4a5792f645ee" testName="Serialize_ShouldHandleSelfReferencingWithCollection" computerName="DKSR-EFI-04" duration="00:00:00.0023033" startTime="2023-12-22T09:36:28.1366490+01:00" endTime="2023-12-22T09:36:28.1391715+01:00" testType="13cdc9d9-ddb5-4fa4-a97d-d965ccfc6d4b" outcome="Passed" testListId="8c84fa94-04c1-424b-9868-57a2d4851a1d" relativeResultsDirectory="25af56b9-10b8-4e5c-a568-46a2e861dab5" />
    <UnitTestResult executionId="e6ff773c-7ec6-40ae-94cf-12211a7b9b1e" testId="c2b3a374-d9ca-fe1a-d2bb-dddc9de79775" testName="GetItem_ShouldNotReturnItem_WhenOtherAddedFound" computerName="DKSR-EFI-04" duration="00:00:00.0004589" startTime="2023-12-22T09:36:05.2120279+01:00" endTime="2023-12-22T09:36:05.2126488+01:00" testType="13cdc9d9-ddb5-4fa4-a97d-d965ccfc6d4b" outcome="Passed" testListId="8c84fa94-04c1-424b-9868-57a2d4851a1d" relativeResultsDirectory="e6ff773c-7ec6-40ae-94cf-12211a7b9b1e" />
    <UnitTestResult executionId="69bd8e0b-856b-46c2-87f1-1f48a32cc9b9" testId="61ac148b-77c6-a946-fca0-45c9e49f9516" testName="ProvideValue_ShouldNotApplyText_WhenItemTextPropertyNameIsNotSet" computerName="DKSR-EFI-04" duration="00:00:00.0263578" startTime="2023-12-22T09:36:25.9452501+01:00" endTime="2023-12-22T09:36:26.0073282+01:00" testType="13cdc9d9-ddb5-4fa4-a97d-d965ccfc6d4b" outcome="Passed" testListId="8c84fa94-04c1-424b-9868-57a2d4851a1d" relativeResultsDirectory="69bd8e0b-856b-46c2-87f1-1f48a32cc9b9" />
    <UnitTestResult executionId="481c22c6-1986-4284-9707-93f026de73e5" testId="e8468c0c-a545-5d16-c11f-86ec8e232404" testName="IsValid_ShouldReturnFalse_WhenTypeIsEmpty" computerName="DKSR-EFI-04" duration="00:00:00.0002818" startTime="2023-12-22T09:36:30.9386804+01:00" endTime="2023-12-22T09:36:30.9391881+01:00" testType="13cdc9d9-ddb5-4fa4-a97d-d965ccfc6d4b" outcome="Passed" testListId="8c84fa94-04c1-424b-9868-57a2d4851a1d" relativeResultsDirectory="481c22c6-1986-4284-9707-93f026de73e5" />
    <UnitTestResult executionId="e6582841-7018-4ac2-9a4e-0b99daf17270" testId="bffd3eb0-f441-4434-c761-838539b2758c" testName="GetBoundingShapesAsync_SingleInvocationPerTime_DelegatedToInternalMethod" computerName="DKSR-EFI-04" duration="00:00:00.0014770" startTime="2023-12-22T09:36:29.1426996+01:00" endTime="2023-12-22T09:36:29.1444063+01:00" testType="13cdc9d9-ddb5-4fa4-a97d-d965ccfc6d4b" outcome="Passed" testListId="8c84fa94-04c1-424b-9868-57a2d4851a1d" relativeResultsDirectory="e6582841-7018-4ac2-9a4e-0b99daf17270" />
    <UnitTestResult executionId="f106acb3-f660-4468-a9ac-a5c06a77729e" testId="7c3f6d8f-7cfa-87ef-b069-2f2a330ed08a" testName="Serialize_TestCases (TestParentTypeMatchGenericNotThisTypeMatched)" computerName="DKSR-EFI-04" duration="00:00:00.0069441" startTime="2023-12-22T09:36:28.4501250+01:00" endTime="2023-12-22T09:36:28.4574696+01:00" testType="13cdc9d9-ddb5-4fa4-a97d-d965ccfc6d4b" outcome="Passed" testListId="8c84fa94-04c1-424b-9868-57a2d4851a1d" relativeResultsDirectory="f106acb3-f660-4468-a9ac-a5c06a77729e" />
    <UnitTestResult executionId="6cf74add-9b52-47d4-a7d4-2e3f1a0f2d41" testId="7ebb6f6a-7f5e-646a-c7ce-f4daa5d5c8da" testName="WriteXml_ShouldOmitIsIdleElement_WhenIsIdleIsFalse" computerName="DKSR-EFI-04" duration="00:00:00.0006571" startTime="2023-12-22T09:36:30.9234565+01:00" endTime="2023-12-22T09:36:30.9243052+01:00" testType="13cdc9d9-ddb5-4fa4-a97d-d965ccfc6d4b" outcome="Passed" testListId="8c84fa94-04c1-424b-9868-57a2d4851a1d" relativeResultsDirectory="6cf74add-9b52-47d4-a7d4-2e3f1a0f2d41" />
    <UnitTestResult executionId="74848063-2d80-4381-849e-4a6fd588f934" testId="61262ea9-2fff-4876-558f-09adf2a65523" testName="ProvideValue_ShouldUseNull_WhenMultipleItemsSelected" computerName="DKSR-EFI-04" duration="00:00:00.0050500" startTime="2023-12-22T09:36:26.4982522+01:00" endTime="2023-12-22T09:36:26.5464094+01:00" testType="13cdc9d9-ddb5-4fa4-a97d-d965ccfc6d4b" outcome="Passed" testListId="8c84fa94-04c1-424b-9868-57a2d4851a1d" relativeResultsDirectory="74848063-2d80-4381-849e-4a6fd588f934" />
    <UnitTestResult executionId="14807696-17ea-4fcc-8e1b-3e9266cd59d8" testId="54ffe172-8cbc-abe9-397c-f61d23185047" testName="Serialize_TestCases (TestParentTypeMatchDecimalNotThisTypeMatched)" computerName="DKSR-EFI-04" duration="00:00:00.0003089" startTime="2023-12-22T09:36:28.3217636+01:00" endTime="2023-12-22T09:36:28.3223851+01:00" testType="13cdc9d9-ddb5-4fa4-a97d-d965ccfc6d4b" outcome="Passed" testListId="8c84fa94-04c1-424b-9868-57a2d4851a1d" relativeResultsDirectory="14807696-17ea-4fcc-8e1b-3e9266cd59d8" />
    <UnitTestResult executionId="70d1841a-cf58-461d-9aab-d950bf96059a" testId="54151fed-fc55-77df-b7af-e1e01590fd93" testName="CountByItems_Activated_CountByCounter_Trial2" computerName="DKSR-EFI-04" duration="00:00:00.0015390" startTime="2023-12-22T09:36:32.4740835+01:00" endTime="2023-12-22T09:36:32.4758237+01:00" testType="13cdc9d9-ddb5-4fa4-a97d-d965ccfc6d4b" outcome="Passed" testListId="8c84fa94-04c1-424b-9868-57a2d4851a1d" relativeResultsDirectory="70d1841a-cf58-461d-9aab-d950bf96059a" />
    <UnitTestResult executionId="a1374d1e-425c-4fe8-a3dd-4a76b0227dc1" testId="04126902-9508-0ab4-a88b-c6cc8b546986" testName="WriteMetadataXml_ShouldThrowArgumentNullException_WhenMetadataIsNullWithStringBuilder" computerName="DKSR-EFI-04" duration="00:00:00.0006490" startTime="2023-12-22T09:36:31.2448631+01:00" endTime="2023-12-22T09:36:31.2457361+01:00" testType="13cdc9d9-ddb5-4fa4-a97d-d965ccfc6d4b" outcome="Passed" testListId="8c84fa94-04c1-424b-9868-57a2d4851a1d" relativeResultsDirectory="a1374d1e-425c-4fe8-a3dd-4a76b0227dc1" />
    <UnitTestResult executionId="64f22c5d-9fb4-44e5-a8d2-80737eb7fa4d" testId="dfc15ed8-7724-9a59-ed0c-37d1b022994b" testName="GetAgeFilterValue_NullCriteria_Throws" computerName="DKSR-EFI-04" duration="00:00:00.0008996" startTime="2023-12-22T09:36:30.2316629+01:00" endTime="2023-12-22T09:36:30.2327813+01:00" testType="13cdc9d9-ddb5-4fa4-a97d-d965ccfc6d4b" outcome="Passed" testListId="8c84fa94-04c1-424b-9868-57a2d4851a1d" relativeResultsDirectory="64f22c5d-9fb4-44e5-a8d2-80737eb7fa4d" />
    <UnitTestResult executionId="c0097224-ac78-40f1-8de6-09ed405e8397" testId="d6559df8-87d0-bb20-8032-f0a4e10719d7" testName="Add_ShouldInvokeCallback_WhenObservable" computerName="DKSR-EFI-04" duration="00:00:00.0021315" startTime="2023-12-22T09:36:24.6304027+01:00" endTime="2023-12-22T09:36:24.6489857+01:00" testType="13cdc9d9-ddb5-4fa4-a97d-d965ccfc6d4b" outcome="Passed" testListId="8c84fa94-04c1-424b-9868-57a2d4851a1d" relativeResultsDirectory="c0097224-ac78-40f1-8de6-09ed405e8397" />
    <UnitTestResult executionId="dc8aa1cc-6796-4123-9580-16c297502615" testId="a298570a-a341-d8e8-abe3-7f25184c2524" testName="ParameterConstruct4_FieldValues_Checked" computerName="DKSR-EFI-04" duration="00:00:00.0024695" startTime="2023-12-22T09:36:02.6210510+01:00" endTime="2023-12-22T09:36:02.6236959+01:00" testType="13cdc9d9-ddb5-4fa4-a97d-d965ccfc6d4b" outcome="Passed" testListId="8c84fa94-04c1-424b-9868-57a2d4851a1d" relativeResultsDirectory="dc8aa1cc-6796-4123-9580-16c297502615" />
    <UnitTestResult executionId="9084888a-e380-4156-b143-e4b571dd88e2" testId="65d04660-c78c-f9e9-ce4c-0226775bf0c4" testName="Dequeue_TwoConsumers_Success" computerName="DKSR-EFI-04" duration="00:00:00.0192435" startTime="2023-12-22T09:36:15.4512240+01:00" endTime="2023-12-22T09:36:15.4707062+01:00" testType="13cdc9d9-ddb5-4fa4-a97d-d965ccfc6d4b" outcome="Passed" testListId="8c84fa94-04c1-424b-9868-57a2d4851a1d" relativeResultsDirectory="9084888a-e380-4156-b143-e4b571dd88e2" />
    <UnitTestResult executionId="ad88e60d-f385-4de2-9f35-be9db5f32c00" testId="81e8c1a0-4900-8a66-1f87-0c131327f5b5" testName="Ctor_TwoCustomFilters_Success" computerName="DKSR-EFI-04" duration="00:00:00.0007120" startTime="2023-12-22T09:36:30.2286237+01:00" endTime="2023-12-22T09:36:30.2295511+01:00" testType="13cdc9d9-ddb5-4fa4-a97d-d965ccfc6d4b" outcome="Passed" testListId="8c84fa94-04c1-424b-9868-57a2d4851a1d" relativeResultsDirectory="ad88e60d-f385-4de2-9f35-be9db5f32c00" />
    <UnitTestResult executionId="5ea0b58e-b383-4344-8438-62f880a9b674" testId="fb65aff9-84a8-5b2a-92bd-f76bc29d120f" testName="ReadXml_ShouldReadXmlAndCreateSameValues_WhenItIsWrittenByWriteXml" computerName="DKSR-EFI-04" duration="00:00:00.0005605" startTime="2023-12-22T09:36:31.3635272+01:00" endTime="2023-12-22T09:36:31.3643380+01:00" testType="13cdc9d9-ddb5-4fa4-a97d-d965ccfc6d4b" outcome="Passed" testListId="8c84fa94-04c1-424b-9868-57a2d4851a1d" relativeResultsDirectory="5ea0b58e-b383-4344-8438-62f880a9b674" />
    <UnitTestResult executionId="18957656-f75f-459d-9c23-4073ff78f8bf" testId="ad39a2a8-a877-88dd-b965-d88ff03cb3d9" testName="CountByItems_Activated_Missing1" computerName="DKSR-EFI-04" duration="00:00:00.0020942" startTime="2023-12-22T09:36:32.4373980+01:00" endTime="2023-12-22T09:36:32.4399581+01:00" testType="13cdc9d9-ddb5-4fa4-a97d-d965ccfc6d4b" outcome="Passed" testListId="8c84fa94-04c1-424b-9868-57a2d4851a1d" relativeResultsDirectory="18957656-f75f-459d-9c23-4073ff78f8bf" />
    <UnitTestResult executionId="e2c29a99-bdf0-4df9-af75-c61cee7c6474" testId="37b49210-15f4-b4b5-dcb1-b6b4bc4cb5a0" testName="Serialize_TestCases (Verify root Decimal property)" computerName="DKSR-EFI-04" duration="00:00:00.0016967" startTime="2023-12-22T09:36:28.2067749+01:00" endTime="2023-12-22T09:36:28.2087685+01:00" testType="13cdc9d9-ddb5-4fa4-a97d-d965ccfc6d4b" outcome="Passed" testListId="8c84fa94-04c1-424b-9868-57a2d4851a1d" relativeResultsDirectory="e2c29a99-bdf0-4df9-af75-c61cee7c6474" />
    <UnitTestResult executionId="1a0b4255-6d7d-4f83-907f-2e2d07b91dab" testId="dc042fe4-506a-6277-bf5c-9f1d13854fc7" testName="ReadXml_ShouldIgnoreUnknownChildren_WhenUnknownChildrenArePresent" computerName="DKSR-EFI-04" duration="00:00:00.0035741" startTime="2023-12-22T09:36:30.9532676+01:00" endTime="2023-12-22T09:36:30.9570593+01:00" testType="13cdc9d9-ddb5-4fa4-a97d-d965ccfc6d4b" outcome="Passed" testListId="8c84fa94-04c1-424b-9868-57a2d4851a1d" relativeResultsDirectory="1a0b4255-6d7d-4f83-907f-2e2d07b91dab" />
    <UnitTestResult executionId="571ea6c0-94d4-43ac-bce4-7b913efbd0c9" testId="a1e9cff9-0f40-6b4c-39ab-33d20cd8c823" testName="FindCacheEntryAfter_ShuldReturnNull_WhenTheCacheIsEmpty" computerName="DKSR-EFI-04" duration="00:00:00.0002516" startTime="2023-12-22T09:36:32.6313448+01:00" endTime="2023-12-22T09:36:32.6317782+01:00" testType="13cdc9d9-ddb5-4fa4-a97d-d965ccfc6d4b" outcome="Passed" testListId="8c84fa94-04c1-424b-9868-57a2d4851a1d" relativeResultsDirectory="571ea6c0-94d4-43ac-bce4-7b913efbd0c9" />
    <UnitTestResult executionId="4a58f984-cbd1-4f5b-8a8b-ae5689222b4c" testId="1a23ceed-6bf2-7030-b18a-91b782df52d2" testName="IconOverlay_BuiltIn_VaryingOverlays_Success" computerName="DKSR-EFI-04" duration="00:00:00.3525979" startTime="2023-12-22T09:36:03.3392919+01:00" endTime="2023-12-22T09:36:03.6921740+01:00" testType="13cdc9d9-ddb5-4fa4-a97d-d965ccfc6d4b" outcome="Passed" testListId="8c84fa94-04c1-424b-9868-57a2d4851a1d" relativeResultsDirectory="4a58f984-cbd1-4f5b-8a8b-ae5689222b4c" />
    <UnitTestResult executionId="4de68055-9d38-4a17-8c09-f73431c9360c" testId="a9cb9252-3d98-79fe-629f-64e8ef1da14d" testName="GenerateEnumValueParameters_ShouldWriteValue_WhenAlways" computerName="DKSR-EFI-04" duration="00:00:00.0008442" startTime="2023-12-22T09:36:32.5813363+01:00" endTime="2023-12-22T09:36:32.5823767+01:00" testType="13cdc9d9-ddb5-4fa4-a97d-d965ccfc6d4b" outcome="Passed" testListId="8c84fa94-04c1-424b-9868-57a2d4851a1d" relativeResultsDirectory="4de68055-9d38-4a17-8c09-f73431c9360c" />
    <UnitTestResult executionId="2980f4ac-c38f-43d3-9659-064b15ae3650" testId="0e7ca7c3-2900-8d7a-24b0-844e128831dd" testName="WriteXml_ShouldWriteClassCandidateContents_WhenAClassCandidateIsWritten" computerName="DKSR-EFI-04" duration="00:00:00.0012517" startTime="2023-12-22T09:36:31.4035683+01:00" endTime="2023-12-22T09:36:31.4050229+01:00" testType="13cdc9d9-ddb5-4fa4-a97d-d965ccfc6d4b" outcome="Passed" testListId="8c84fa94-04c1-424b-9868-57a2d4851a1d" relativeResultsDirectory="2980f4ac-c38f-43d3-9659-064b15ae3650" />
    <UnitTestResult executionId="f1195294-0e76-422b-bedd-aa9fbd67f7db" testId="c17413ea-faf7-b84c-6a91-46a90eb83f24" testName="FallbackDisplayValue_NotSet_ReturnsNull" computerName="DKSR-EFI-04" duration="00:00:00.0026418" startTime="2023-12-22T09:36:28.6459825+01:00" endTime="2023-12-22T09:36:28.6489692+01:00" testType="13cdc9d9-ddb5-4fa4-a97d-d965ccfc6d4b" outcome="Passed" testListId="8c84fa94-04c1-424b-9868-57a2d4851a1d" relativeResultsDirectory="f1195294-0e76-422b-bedd-aa9fbd67f7db" />
    <UnitTestResult executionId="d1c50188-13e4-4b27-aa5c-2b2f2f22a0de" testId="ba44ddc9-34e5-6996-f0e1-93c6786eed78" testName="RegionSelectionFilterValue_Deserialize_Success" computerName="DKSR-EFI-04" duration="00:00:00.0482187" startTime="2023-12-22T09:36:30.1403988+01:00" endTime="2023-12-22T09:36:30.1888972+01:00" testType="13cdc9d9-ddb5-4fa4-a97d-d965ccfc6d4b" outcome="Passed" testListId="8c84fa94-04c1-424b-9868-57a2d4851a1d" relativeResultsDirectory="d1c50188-13e4-4b27-aa5c-2b2f2f22a0de" />
    <UnitTestResult executionId="03d6f505-2ac1-433a-97c1-961456c570b8" testId="d289ff8a-f589-cd43-96ee-801082b894b3" testName="Remove_NullKey_Throws" computerName="DKSR-EFI-04" duration="00:00:00.0004847" startTime="2023-12-22T09:36:15.5043235+01:00" endTime="2023-12-22T09:36:15.5049863+01:00" testType="13cdc9d9-ddb5-4fa4-a97d-d965ccfc6d4b" outcome="Passed" testListId="8c84fa94-04c1-424b-9868-57a2d4851a1d" relativeResultsDirectory="03d6f505-2ac1-433a-97c1-961456c570b8" />
    <UnitTestResult executionId="6293a6b2-3bc6-429c-99c6-167c390f0495" testId="88e95bf1-e2f8-873d-5b44-49c57ad713ac" testName="Ctor_WhitespaceName_Throws" computerName="DKSR-EFI-04" duration="00:00:00.0003607" startTime="2023-12-22T09:36:30.2619234+01:00" endTime="2023-12-22T09:36:30.2625318+01:00" testType="13cdc9d9-ddb5-4fa4-a97d-d965ccfc6d4b" outcome="Passed" testListId="8c84fa94-04c1-424b-9868-57a2d4851a1d" relativeResultsDirectory="6293a6b2-3bc6-429c-99c6-167c390f0495" />
    <UnitTestResult executionId="2a4b12b6-7e87-4506-87e1-00a6f7b72fe9" testId="c2905a1d-1252-686a-78d7-5b30c85db72f" testName="Serialize_TestCases (TestParentTypeMatchStructThisTypeMatchedProperty)" computerName="DKSR-EFI-04" duration="00:00:00.0005952" startTime="2023-12-22T09:36:28.3378443+01:00" endTime="2023-12-22T09:36:28.3387478+01:00" testType="13cdc9d9-ddb5-4fa4-a97d-d965ccfc6d4b" outcome="Passed" testListId="8c84fa94-04c1-424b-9868-57a2d4851a1d" relativeResultsDirectory="2a4b12b6-7e87-4506-87e1-00a6f7b72fe9" />
    <UnitTestResult executionId="5deb7672-9667-4440-b250-3e7599431a19" testId="f020995b-abe3-d649-6f42-54b2532be4d9" testName="ReadXml_ShouldSetAllFieldsToDefaultValues_WhenElementIsEmpty" computerName="DKSR-EFI-04" duration="00:00:00.0028017" startTime="2023-12-22T09:36:31.7028627+01:00" endTime="2023-12-22T09:36:31.7065579+01:00" testType="13cdc9d9-ddb5-4fa4-a97d-d965ccfc6d4b" outcome="Passed" testListId="8c84fa94-04c1-424b-9868-57a2d4851a1d" relativeResultsDirectory="5deb7672-9667-4440-b250-3e7599431a19" />
    <UnitTestResult executionId="afc471e0-df99-4dd8-8790-706b75fd3d74" testId="ba884d95-61a4-037b-ab6f-8704dd43240a" testName="WriteXml_ShouldWriteBehaviourContents_WhenBehaviourIsNotNullAndHasBehaviour" computerName="DKSR-EFI-04" duration="00:00:00.0013739" startTime="2023-12-22T09:36:31.4466374+01:00" endTime="2023-12-22T09:36:31.4482278+01:00" testType="13cdc9d9-ddb5-4fa4-a97d-d965ccfc6d4b" outcome="Passed" testListId="8c84fa94-04c1-424b-9868-57a2d4851a1d" relativeResultsDirectory="afc471e0-df99-4dd8-8790-706b75fd3d74" />
    <UnitTestResult executionId="33bdeea8-2938-46f9-b412-c2b85cdda206" testId="2106ce31-ab6d-dc05-4702-f8a1d8cb40da" testName="GenerateDeviceParameters_ShouldWriteCorrectQuality_WhenQualityIsInRange" computerName="DKSR-EFI-04" duration="00:00:00.0002394" startTime="2023-12-22T09:36:32.5404929+01:00" endTime="2023-12-22T09:36:32.5409183+01:00" testType="13cdc9d9-ddb5-4fa4-a97d-d965ccfc6d4b" outcome="Passed" testListId="8c84fa94-04c1-424b-9868-57a2d4851a1d" relativeResultsDirectory="33bdeea8-2938-46f9-b412-c2b85cdda206" />
    <UnitTestResult executionId="d92a404d-23fe-4973-8f50-55332ce22cd5" testId="e22757cf-80d8-f279-1c8a-feb5a05eb919" testName="ReadXml_ShouldReadBehaviourContents_WhenBehaviourIsPresent" computerName="DKSR-EFI-04" duration="00:00:00.0016964" startTime="2023-12-22T09:36:31.4298341+01:00" endTime="2023-12-22T09:36:31.4317313+01:00" testType="13cdc9d9-ddb5-4fa4-a97d-d965ccfc6d4b" outcome="Passed" testListId="8c84fa94-04c1-424b-9868-57a2d4851a1d" relativeResultsDirectory="d92a404d-23fe-4973-8f50-55332ce22cd5" />
    <UnitTestResult executionId="cdd0c3a8-850f-43ef-bac3-cdecad2bf52d" testId="a44eceec-75ff-6298-f73e-523db73cd6d3" testName="ReadXml_ShouldBase64DecodeOriginalData_WhenOrigiginalDataIsPresent" computerName="DKSR-EFI-04" duration="00:00:00.0081284" startTime="2023-12-22T09:36:31.2650065+01:00" endTime="2023-12-22T09:36:31.2733615+01:00" testType="13cdc9d9-ddb5-4fa4-a97d-d965ccfc6d4b" outcome="Passed" testListId="8c84fa94-04c1-424b-9868-57a2d4851a1d" relativeResultsDirectory="cdd0c3a8-850f-43ef-bac3-cdecad2bf52d" />
    <UnitTestResult executionId="837cb05d-1903-4e96-a25f-b19129bc84c3" testId="fa8bb00a-1c98-6705-265a-18f2594a72d7" testName="Serialize_TestCases (TestParentTypeMatchInterfaceNotThisTypeMatchedProperty)" computerName="DKSR-EFI-04" duration="00:00:00.0006334" startTime="2023-12-22T09:36:28.3878584+01:00" endTime="2023-12-22T09:36:28.3888020+01:00" testType="13cdc9d9-ddb5-4fa4-a97d-d965ccfc6d4b" outcome="Passed" testListId="8c84fa94-04c1-424b-9868-57a2d4851a1d" relativeResultsDirectory="837cb05d-1903-4e96-a25f-b19129bc84c3" />
    <UnitTestResult executionId="d9ab6641-8ef6-4347-bead-25cdc7dbe289" testId="bef51588-d886-f6e3-fdda-95da2278aacb" testName="ToArgbString_ShouldReturnStringWithLeadingHashAndHexString_Always" computerName="DKSR-EFI-04" duration="00:00:00.0006293" startTime="2023-12-22T09:36:31.0132519+01:00" endTime="2023-12-22T09:36:31.0142264+01:00" testType="13cdc9d9-ddb5-4fa4-a97d-d965ccfc6d4b" outcome="Passed" testListId="8c84fa94-04c1-424b-9868-57a2d4851a1d" relativeResultsDirectory="d9ab6641-8ef6-4347-bead-25cdc7dbe289" />
    <UnitTestResult executionId="fe70b937-1f57-429f-a9ca-03cc61bbb17e" testId="1f241370-4898-8010-2b1d-0961333a2be9" testName="Match_Success_SystemTypeAnyMessage_Single" computerName="DKSR-EFI-04" duration="00:00:00.0005313" startTime="2023-12-22T09:36:31.8002691+01:00" endTime="2023-12-22T09:36:31.8010008+01:00" testType="13cdc9d9-ddb5-4fa4-a97d-d965ccfc6d4b" outcome="Passed" testListId="8c84fa94-04c1-424b-9868-57a2d4851a1d" relativeResultsDirectory="fe70b937-1f57-429f-a9ca-03cc61bbb17e" />
    <UnitTestResult executionId="db691ba1-5bfb-4e70-9893-52c08f596c95" testId="65d8beb9-d4b1-7128-2631-5520f6c0ed58" testName="TestCancelSearch_Success" computerName="DKSR-EFI-04" duration="00:00:00.0054097" startTime="2023-12-22T09:36:29.0632931+01:00" endTime="2023-12-22T09:36:29.0689400+01:00" testType="13cdc9d9-ddb5-4fa4-a97d-d965ccfc6d4b" outcome="Passed" testListId="8c84fa94-04c1-424b-9868-57a2d4851a1d" relativeResultsDirectory="db691ba1-5bfb-4e70-9893-52c08f596c95" />
    <UnitTestResult executionId="90d11e6d-1a70-4803-96f9-ac529d1b9f18" testId="440fa337-372a-ba98-a915-98a687b17d8a" testName="GenerateDeviceCapabilityParameters_ShouldWriteTypeId_WhenAlways" computerName="DKSR-EFI-04" duration="00:00:00.0008909" startTime="2023-12-22T09:36:32.6879031+01:00" endTime="2023-12-22T09:36:32.6889769+01:00" testType="13cdc9d9-ddb5-4fa4-a97d-d965ccfc6d4b" outcome="Passed" testListId="8c84fa94-04c1-424b-9868-57a2d4851a1d" relativeResultsDirectory="90d11e6d-1a70-4803-96f9-ac529d1b9f18" />
    <UnitTestResult executionId="8d6be487-9afc-464c-8cf1-920163ac3418" testId="aa967bfa-3977-123e-a321-b0953779e966" testName="Stop_ShouldReinitializeThrowsException_ProcessorSurvives" computerName="DKSR-EFI-04" duration="00:00:00.0502777" startTime="2023-12-22T09:36:22.4981625+01:00" endTime="2023-12-22T09:36:22.5487230+01:00" testType="13cdc9d9-ddb5-4fa4-a97d-d965ccfc6d4b" outcome="Passed" testListId="8c84fa94-04c1-424b-9868-57a2d4851a1d" relativeResultsDirectory="8d6be487-9afc-464c-8cf1-920163ac3418" />
    <UnitTestResult executionId="6dfd0cb0-a2e8-45fd-adbe-29e8b4674d21" testId="20d9288d-2ec6-4b24-6a84-22a61e3296f1" testName="CountByCounter_Activated_Expired_Missing" computerName="DKSR-EFI-04" duration="00:00:00.0008872" startTime="2023-12-22T09:36:32.4113499+01:00" endTime="2023-12-22T09:36:32.4124404+01:00" testType="13cdc9d9-ddb5-4fa4-a97d-d965ccfc6d4b" outcome="Passed" testListId="8c84fa94-04c1-424b-9868-57a2d4851a1d" relativeResultsDirectory="6dfd0cb0-a2e8-45fd-adbe-29e8b4674d21" />
    <UnitTestResult executionId="41fade12-99cd-4f10-a337-fa9fa8200944" testId="c639d279-f201-87fa-87e4-d4046a905790" testName="Contains_CameraObjectId_Checked" computerName="DKSR-EFI-04" duration="00:00:00.0002680" startTime="2023-12-22T09:36:02.6758618+01:00" endTime="2023-12-22T09:36:02.6762426+01:00" testType="13cdc9d9-ddb5-4fa4-a97d-d965ccfc6d4b" outcome="Passed" testListId="8c84fa94-04c1-424b-9868-57a2d4851a1d" relativeResultsDirectory="41fade12-99cd-4f10-a337-fa9fa8200944" />
    <UnitTestResult executionId="d5aadb95-3dff-4be3-abcf-7543b30c60c3" testId="c1ccc07e-0232-8793-44eb-68dba00ee95d" testName="GenerateTypeDefinintionParameters_ShouldWriteName_WhenAlways" computerName="DKSR-EFI-04" duration="00:00:00.0009523" startTime="2023-12-22T09:36:32.9536954+01:00" endTime="2023-12-22T09:36:32.9549944+01:00" testType="13cdc9d9-ddb5-4fa4-a97d-d965ccfc6d4b" outcome="Passed" testListId="8c84fa94-04c1-424b-9868-57a2d4851a1d" relativeResultsDirectory="d5aadb95-3dff-4be3-abcf-7543b30c60c3" />
    <UnitTestResult executionId="43803b90-9557-4394-97d8-b6cece25fc98" testId="767615e3-cdb1-aa5f-9362-efecd9d93490" testName="Serialize_TestCases (Verify root Collection (empty) property)" computerName="DKSR-EFI-04" duration="00:00:00.0207005" startTime="2023-12-22T09:36:28.2386841+01:00" endTime="2023-12-22T09:36:28.2597722+01:00" testType="13cdc9d9-ddb5-4fa4-a97d-d965ccfc6d4b" outcome="Passed" testListId="8c84fa94-04c1-424b-9868-57a2d4851a1d" relativeResultsDirectory="43803b90-9557-4394-97d8-b6cece25fc98" />
    <UnitTestResult executionId="334f8267-34fb-43fb-8294-b1119043759d" testId="d05873bf-41ef-0bcf-a99f-bd7e3fdc9082" testName="ReadXml_ShouldLogWarningOnlyOnceWithinOneMinute_WhenShapeIsInvalid" computerName="DKSR-EFI-04" duration="00:00:00.0022393" startTime="2023-12-22T09:36:30.8484302+01:00" endTime="2023-12-22T09:36:30.8508611+01:00" testType="13cdc9d9-ddb5-4fa4-a97d-d965ccfc6d4b" outcome="Passed" testListId="8c84fa94-04c1-424b-9868-57a2d4851a1d" relativeResultsDirectory="334f8267-34fb-43fb-8294-b1119043759d" />
    <UnitTestResult executionId="b9c7d8ed-723c-4db2-9713-d803ce16963c" testId="a8162811-15bd-d3de-ec39-97d82066ae3d" testName="WriteXml_ShouldWriteBoldAttribute_WhenSet" computerName="DKSR-EFI-04" duration="00:00:00.0002970" startTime="2023-12-22T09:36:31.0667001+01:00" endTime="2023-12-22T09:36:31.0671814+01:00" testType="13cdc9d9-ddb5-4fa4-a97d-d965ccfc6d4b" outcome="Passed" testListId="8c84fa94-04c1-424b-9868-57a2d4851a1d" relativeResultsDirectory="b9c7d8ed-723c-4db2-9713-d803ce16963c" />
    <UnitTestResult executionId="076c218e-5c4a-4387-91a7-3166bf4f70d7" testId="480bc1d4-3034-9948-bf19-a924b6ce5c64" testName="ProvideValue_ShouldNotSetTargetProperty_WhenSelectedItemIsNotSet" computerName="DKSR-EFI-04" duration="00:00:00.0116942" startTime="2023-12-22T09:36:27.3207394+01:00" endTime="2023-12-22T09:36:27.4729476+01:00" testType="13cdc9d9-ddb5-4fa4-a97d-d965ccfc6d4b" outcome="Passed" testListId="8c84fa94-04c1-424b-9868-57a2d4851a1d" relativeResultsDirectory="076c218e-5c4a-4387-91a7-3166bf4f70d7" />
    <UnitTestResult executionId="06049b0a-6b93-42bd-a91c-31c8a2469772" testId="62bbe3ee-7e4f-b582-4e14-d8ceb77d972c" testName="Constructor_ShouldThrowArgumentNullException_WhenItemIsNull" computerName="DKSR-EFI-04" duration="00:00:00.0791435" startTime="2023-12-22T09:36:32.7154930+01:00" endTime="2023-12-22T09:36:32.7952732+01:00" testType="13cdc9d9-ddb5-4fa4-a97d-d965ccfc6d4b" outcome="Passed" testListId="8c84fa94-04c1-424b-9868-57a2d4851a1d" relativeResultsDirectory="06049b0a-6b93-42bd-a91c-31c8a2469772" />
    <UnitTestResult executionId="1c8c54e9-7026-4e8f-b947-a8d9b55f0c79" testId="879090c1-add8-48b2-d609-da3bc5d3a246" testName="SplitString_When1Level_Success" computerName="DKSR-EFI-04" duration="00:00:00.0002806" startTime="2023-12-22T09:36:15.2733049+01:00" endTime="2023-12-22T09:36:15.2737078+01:00" testType="13cdc9d9-ddb5-4fa4-a97d-d965ccfc6d4b" outcome="Passed" testListId="8c84fa94-04c1-424b-9868-57a2d4851a1d" relativeResultsDirectory="1c8c54e9-7026-4e8f-b947-a8d9b55f0c79" />
    <UnitTestResult executionId="eae31814-b602-4789-b4f3-2f79b0c13230" testId="f42b2340-e96d-0e55-ec7c-6d27b290f74e" testName="UtcTime_ShouldReturnMinimumDateTime_WhenNotSet" computerName="DKSR-EFI-04" duration="00:00:00.0007790" startTime="2023-12-22T09:36:31.0795030+01:00" endTime="2023-12-22T09:36:31.0804906+01:00" testType="13cdc9d9-ddb5-4fa4-a97d-d965ccfc6d4b" outcome="Passed" testListId="8c84fa94-04c1-424b-9868-57a2d4851a1d" relativeResultsDirectory="eae31814-b602-4789-b4f3-2f79b0c13230" />
    <UnitTestResult executionId="868f6da1-2c0a-4005-aabf-9a168e1c16f1" testId="a153c326-c8c2-ed0c-505b-c62f56af9d14" testName="IsValid_ShouldReturnFalse_WhenLikelihoodIsMoreThanOne" computerName="DKSR-EFI-04" duration="00:00:00.0002522" startTime="2023-12-22T09:36:30.9456267+01:00" endTime="2023-12-22T09:36:30.9460744+01:00" testType="13cdc9d9-ddb5-4fa4-a97d-d965ccfc6d4b" outcome="Passed" testListId="8c84fa94-04c1-424b-9868-57a2d4851a1d" relativeResultsDirectory="868f6da1-2c0a-4005-aabf-9a168e1c16f1" />
    <UnitTestResult executionId="aa56700b-1401-495f-bb25-c896ffd4a2fd" testId="49d3e4e4-be09-c24f-6884-4d663f775ecc" testName="Serialize_TestCases (TestParentTypeMatchObjectThisTypeMatchedProperty)" computerName="DKSR-EFI-04" duration="00:00:00.0006050" startTime="2023-12-22T09:36:28.3529189+01:00" endTime="2023-12-22T09:36:28.3538214+01:00" testType="13cdc9d9-ddb5-4fa4-a97d-d965ccfc6d4b" outcome="Passed" testListId="8c84fa94-04c1-424b-9868-57a2d4851a1d" relativeResultsDirectory="aa56700b-1401-495f-bb25-c896ffd4a2fd" />
    <UnitTestResult executionId="b4cdcda2-987b-4cf7-aefa-7372bf8c310a" testId="03478619-c09b-a567-26eb-276c25d533f6" testName="ReadXml_ShouldLogWarningOnlyOnceWithinOneMinute_WhenRequiredAttributeIsMissing" computerName="DKSR-EFI-04" duration="00:00:00.0009011" startTime="2023-12-22T09:36:31.6907890+01:00" endTime="2023-12-22T09:36:31.6918924+01:00" testType="13cdc9d9-ddb5-4fa4-a97d-d965ccfc6d4b" outcome="Passed" testListId="8c84fa94-04c1-424b-9868-57a2d4851a1d" relativeResultsDirectory="b4cdcda2-987b-4cf7-aefa-7372bf8c310a" />
    <UnitTestResult executionId="778a6b2c-0e9e-4ebb-b5e4-ec66624fc466" testId="0378ed59-f976-b4fc-9f2f-d68f313306f2" testName="Serialize_ShouldHandleCollectionFilter_WhenMatchingCollectionTypeAndItDoesNotMatch" computerName="DKSR-EFI-04" duration="00:00:00.0005361" startTime="2023-12-22T09:36:28.4891932+01:00" endTime="2023-12-22T09:36:28.4899316+01:00" testType="13cdc9d9-ddb5-4fa4-a97d-d965ccfc6d4b" outcome="Passed" testListId="8c84fa94-04c1-424b-9868-57a2d4851a1d" relativeResultsDirectory="778a6b2c-0e9e-4ebb-b5e4-ec66624fc466" />
    <UnitTestResult executionId="2a433c50-1345-4782-a40e-be5fa4ad9ccf" testId="98ff53fb-3b47-c43e-4b86-adf2da2fb797" testName="LoadedEvent_ShouldAddProxyManager_WhenFrameworkContentElementIsLoadedAtLaterStage" computerName="DKSR-EFI-04" duration="00:00:00.0024497" startTime="2023-12-22T09:36:28.6109296+01:00" endTime="2023-12-22T09:36:28.6270089+01:00" testType="13cdc9d9-ddb5-4fa4-a97d-d965ccfc6d4b" outcome="Passed" testListId="8c84fa94-04c1-424b-9868-57a2d4851a1d" relativeResultsDirectory="2a433c50-1345-4782-a40e-be5fa4ad9ccf" />
    <UnitTestResult executionId="10538623-eaaf-4d7f-ad87-cdc8afdbc0ab" testId="10e89e15-b12c-9a1c-de4d-304fe06f5a55" testName="Serialize_TestCases (TestParentTypeMatchObjectNotThisTypeNotMatched)" computerName="DKSR-EFI-04" duration="00:00:00.0005085" startTime="2023-12-22T09:36:28.3577705+01:00" endTime="2023-12-22T09:36:28.3585934+01:00" testType="13cdc9d9-ddb5-4fa4-a97d-d965ccfc6d4b" outcome="Passed" testListId="8c84fa94-04c1-424b-9868-57a2d4851a1d" relativeResultsDirectory="10538623-eaaf-4d7f-ad87-cdc8afdbc0ab" />
    <UnitTestResult executionId="46f78455-fd6e-4dc4-af10-302af0d0cfa8" testId="2da09afd-447a-1927-2e16-59b373bc893e" testName="GenerateDeviceCapabilityParameters_ShouldWriteTypeAsData_WhenAlways" computerName="DKSR-EFI-04" duration="00:00:00.0072018" startTime="2023-12-22T09:36:32.5445943+01:00" endTime="2023-12-22T09:36:32.5521160+01:00" testType="13cdc9d9-ddb5-4fa4-a97d-d965ccfc6d4b" outcome="Passed" testListId="8c84fa94-04c1-424b-9868-57a2d4851a1d" relativeResultsDirectory="46f78455-fd6e-4dc4-af10-302af0d0cfa8" />
    <UnitTestResult executionId="8227b2a3-54bf-4db2-a013-3b5cdc835abc" testId="9292478f-daf1-afe9-9c29-f4faf9350c76" testName="Peek_StoppedQueue_ReturnsNull" computerName="DKSR-EFI-04" duration="00:00:00.0001680" startTime="2023-12-22T09:36:15.4765775+01:00" endTime="2023-12-22T09:36:15.4768719+01:00" testType="13cdc9d9-ddb5-4fa4-a97d-d965ccfc6d4b" outcome="Passed" testListId="8c84fa94-04c1-424b-9868-57a2d4851a1d" relativeResultsDirectory="8227b2a3-54bf-4db2-a013-3b5cdc835abc" />
    <UnitTestResult executionId="86291e49-de3f-484c-8fcd-e5470812d48e" testId="6fd6583b-6e84-0268-1f57-5ed2e7f07344" testName="Equals_ShouldHaveValueSemantics_WhenAlways" computerName="DKSR-EFI-04" duration="00:00:00.0013415" startTime="2023-12-22T09:36:31.4058624+01:00" endTime="2023-12-22T09:36:31.4074593+01:00" testType="13cdc9d9-ddb5-4fa4-a97d-d965ccfc6d4b" outcome="Passed" testListId="8c84fa94-04c1-424b-9868-57a2d4851a1d" relativeResultsDirectory="86291e49-de3f-484c-8fcd-e5470812d48e" />
    <UnitTestResult executionId="6d13ba7d-caa5-4021-9086-173cf939f03b" testId="f7f40623-1634-9a2a-bf1c-6e414931a9e6" testName="CountByItems_NotActivated_Trial_Missing_GraceExpired" computerName="DKSR-EFI-04" duration="00:00:00.0024014" startTime="2023-12-22T09:36:32.4275204+01:00" endTime="2023-12-22T09:36:32.4301474+01:00" testType="13cdc9d9-ddb5-4fa4-a97d-d965ccfc6d4b" outcome="Passed" testListId="8c84fa94-04c1-424b-9868-57a2d4851a1d" relativeResultsDirectory="6d13ba7d-caa5-4021-9086-173cf939f03b" />
    <UnitTestResult executionId="18920fc5-da6e-4262-945f-a028436bf565" testId="1c54ef9e-0fd3-3065-2074-36e139afc976" testName="Stop_ProcessItemThrowsException_ProcessorSurvives" computerName="DKSR-EFI-04" duration="00:00:00.2518509" startTime="2023-12-22T09:36:22.2448826+01:00" endTime="2023-12-22T09:36:22.4972857+01:00" testType="13cdc9d9-ddb5-4fa4-a97d-d965ccfc6d4b" outcome="Passed" testListId="8c84fa94-04c1-424b-9868-57a2d4851a1d" relativeResultsDirectory="18920fc5-da6e-4262-945f-a028436bf565" />
    <UnitTestResult executionId="eaa93222-0419-47aa-a5d6-0229d1991717" testId="50a956ce-9348-bb74-74bb-95ec2b1592c0" testName="WriteAppearanceExtenstionXml_ShouldWriteFillColor_WhenFillColorIsPresent" computerName="DKSR-EFI-04" duration="00:00:00.0004792" startTime="2023-12-22T09:36:31.5142110+01:00" endTime="2023-12-22T09:36:31.5148951+01:00" testType="13cdc9d9-ddb5-4fa4-a97d-d965ccfc6d4b" outcome="Passed" testListId="8c84fa94-04c1-424b-9868-57a2d4851a1d" relativeResultsDirectory="eaa93222-0419-47aa-a5d6-0229d1991717" />
    <UnitTestResult executionId="f26b58cb-c715-4e3b-9ab3-3044a4b8e977" testId="803ac96c-ceaf-813a-623a-bb8007ba13fb" testName="GetNearest_ShouldReturnNull_WhenTimestampIsAfterLastElement" computerName="DKSR-EFI-04" duration="00:00:00.0003923" startTime="2023-12-22T09:36:32.6668175+01:00" endTime="2023-12-22T09:36:32.6674009+01:00" testType="13cdc9d9-ddb5-4fa4-a97d-d965ccfc6d4b" outcome="Passed" testListId="8c84fa94-04c1-424b-9868-57a2d4851a1d" relativeResultsDirectory="f26b58cb-c715-4e3b-9ab3-3044a4b8e977" />
    <UnitTestResult executionId="a29f18e9-8f7b-42b8-9553-b25372f6d960" testId="7b6494d9-14d1-e703-8dce-eacd52852ebc" testName="GetGenderFilterValues_FilterValueMissing_ReturnsEmptyCollection" computerName="DKSR-EFI-04" duration="00:00:00.0004427" startTime="2023-12-22T09:36:30.2464993+01:00" endTime="2023-12-22T09:36:30.2471733+01:00" testType="13cdc9d9-ddb5-4fa4-a97d-d965ccfc6d4b" outcome="Passed" testListId="8c84fa94-04c1-424b-9868-57a2d4851a1d" relativeResultsDirectory="a29f18e9-8f7b-42b8-9553-b25372f6d960" />
    <UnitTestResult executionId="27060160-fdbd-4175-a5cf-6b3f57ffa4d9" testId="b88c7a93-5167-689b-3a6b-7ed6795729e1" testName="WriteXml_ShouldOmitElements_WhenDataIsNotPresent" computerName="DKSR-EFI-04" duration="00:00:00.0002229" startTime="2023-12-22T09:36:31.2900375+01:00" endTime="2023-12-22T09:36:31.2904407+01:00" testType="13cdc9d9-ddb5-4fa4-a97d-d965ccfc6d4b" outcome="Passed" testListId="8c84fa94-04c1-424b-9868-57a2d4851a1d" relativeResultsDirectory="27060160-fdbd-4175-a5cf-6b3f57ffa4d9" />
    <UnitTestResult executionId="96d3cd00-8f8f-4a31-84db-67ac9c8b962b" testId="d1220843-958c-7092-38af-904c7c323e51" testName="ParseMetadataXmlWithString_ShouldThrowXmExceptionWithInformationOnError_WhenNamespaceIsIncorrect" computerName="DKSR-EFI-04" duration="00:00:00.0022537" startTime="2023-12-22T09:36:31.1754164+01:00" endTime="2023-12-22T09:36:31.1778849+01:00" testType="13cdc9d9-ddb5-4fa4-a97d-d965ccfc6d4b" outcome="Passed" testListId="8c84fa94-04c1-424b-9868-57a2d4851a1d" relativeResultsDirectory="96d3cd00-8f8f-4a31-84db-67ac9c8b962b" />
    <UnitTestResult executionId="582b315a-dc3d-4eb2-9316-a3d42c8ad1d3" testId="04c35346-28ec-f782-fc3a-52a05938a62a" testName="TestCancelSearch_NoSearchToCancel_Success" computerName="DKSR-EFI-04" duration="00:00:00.0016495" startTime="2023-12-22T09:36:29.0606155+01:00" endTime="2023-12-22T09:36:29.0625084+01:00" testType="13cdc9d9-ddb5-4fa4-a97d-d965ccfc6d4b" outcome="Passed" testListId="8c84fa94-04c1-424b-9868-57a2d4851a1d" relativeResultsDirectory="582b315a-dc3d-4eb2-9316-a3d42c8ad1d3" />
    <UnitTestResult executionId="c10960d3-26a0-44fb-80ec-daec21721adc" testId="bfea60ac-0b86-e379-4adc-c41a2063908a" testName="ParseMetadataXmlWithString_ShouldThrowArgumentNullException_WhenXmlIsNull" computerName="DKSR-EFI-04" duration="00:00:00.0013591" startTime="2023-12-22T09:36:31.1625197+01:00" endTime="2023-12-22T09:36:31.1642609+01:00" testType="13cdc9d9-ddb5-4fa4-a97d-d965ccfc6d4b" outcome="Passed" testListId="8c84fa94-04c1-424b-9868-57a2d4851a1d" relativeResultsDirectory="c10960d3-26a0-44fb-80ec-daec21721adc" />
    <UnitTestResult executionId="e6f88106-8d30-48b8-8054-c756a7a54d14" testId="27c1e810-7452-20e9-bd4a-23699743a6c7" testName="GetCompatibilityHandler_ShouldReturnFips_WhenCalledFromManagementClient" computerName="DKSR-EFI-04" duration="00:00:00.0144298" startTime="2023-12-22T09:36:32.3111239+01:00" endTime="2023-12-22T09:36:32.3257488+01:00" testType="13cdc9d9-ddb5-4fa4-a97d-d965ccfc6d4b" outcome="Passed" testListId="8c84fa94-04c1-424b-9868-57a2d4851a1d" relativeResultsDirectory="e6f88106-8d30-48b8-8054-c756a7a54d14" />
    <UnitTestResult executionId="c2efcd03-6882-4054-a9ce-c7fc2ead6602" testId="00d2b6ae-d05f-2d34-4eb2-fb5187257361" testName="Equals_ShouldHaveValueSemantics_WhenAlways" computerName="DKSR-EFI-04" duration="00:00:00.0010833" startTime="2023-12-22T09:36:30.9306811+01:00" endTime="2023-12-22T09:36:30.9319672+01:00" testType="13cdc9d9-ddb5-4fa4-a97d-d965ccfc6d4b" outcome="Passed" testListId="8c84fa94-04c1-424b-9868-57a2d4851a1d" relativeResultsDirectory="c2efcd03-6882-4054-a9ce-c7fc2ead6602" />
    <UnitTestResult executionId="8eae7f89-3c52-4148-bf2d-33b794cbc3f0" testId="d44d55cb-b29b-7590-3980-4d0ce2902600" testName="GetNearest_ShouldReturnLastElement_WhenTimestampIsSamesAsLastElement" computerName="DKSR-EFI-04" duration="00:00:00.0003800" startTime="2023-12-22T09:36:32.6694602+01:00" endTime="2023-12-22T09:36:32.6700301+01:00" testType="13cdc9d9-ddb5-4fa4-a97d-d965ccfc6d4b" outcome="Passed" testListId="8c84fa94-04c1-424b-9868-57a2d4851a1d" relativeResultsDirectory="8eae7f89-3c52-4148-bf2d-33b794cbc3f0" />
    <UnitTestResult executionId="1f8b4d67-b9f5-4b56-99b8-12adba101185" testId="66008b6f-5831-0af0-c7ea-7bf08df5fe34" testName="Minimize_ShouldReturnOneInterval_WhenListContainsTwoOverlappingIntervals" computerName="DKSR-EFI-04" duration="00:00:00.0020150" startTime="2023-12-22T09:36:15.3247844+01:00" endTime="2023-12-22T09:36:15.3269532+01:00" testType="13cdc9d9-ddb5-4fa4-a97d-d965ccfc6d4b" outcome="Passed" testListId="8c84fa94-04c1-424b-9868-57a2d4851a1d" relativeResultsDirectory="1f8b4d67-b9f5-4b56-99b8-12adba101185" />
    <UnitTestResult executionId="6b22bd55-44b7-420d-b80a-6fe721e8ddc6" testId="9cded436-df00-a929-7b4b-3c1f500b64fe" testName="Ctor_TwoStandardFilters_Success" computerName="DKSR-EFI-04" duration="00:00:00.0020128" startTime="2023-12-22T09:36:30.2730308+01:00" endTime="2023-12-22T09:36:30.2753035+01:00" testType="13cdc9d9-ddb5-4fa4-a97d-d965ccfc6d4b" outcome="Passed" testListId="8c84fa94-04c1-424b-9868-57a2d4851a1d" relativeResultsDirectory="6b22bd55-44b7-420d-b80a-6fe721e8ddc6" />
    <UnitTestResult executionId="2f88d9f8-6996-40b5-9107-4883d4abf42d" testId="de470450-f311-009d-203e-62ec8452adf9" testName="ReadXml_ShouldLogWarning_WhenRequiredAttributeIsMissing" computerName="DKSR-EFI-04" duration="00:00:00.0013722" startTime="2023-12-22T09:36:31.5236109+01:00" endTime="2023-12-22T09:36:31.5252071+01:00" testType="13cdc9d9-ddb5-4fa4-a97d-d965ccfc6d4b" outcome="Passed" testListId="8c84fa94-04c1-424b-9868-57a2d4851a1d" relativeResultsDirectory="2f88d9f8-6996-40b5-9107-4883d4abf42d" />
    <UnitTestResult executionId="625a170d-31d7-42df-8fdc-9a601ee54431" testId="f851da50-448f-2d4e-828e-d2ff64fc9049" testName="WriteXml_ShouldWriteClassElement_WhenClassIsNotNull" computerName="DKSR-EFI-04" duration="00:00:00.0006626" startTime="2023-12-22T09:36:30.8794594+01:00" endTime="2023-12-22T09:36:30.8803234+01:00" testType="13cdc9d9-ddb5-4fa4-a97d-d965ccfc6d4b" outcome="Passed" testListId="8c84fa94-04c1-424b-9868-57a2d4851a1d" relativeResultsDirectory="625a170d-31d7-42df-8fdc-9a601ee54431" />
    <UnitTestResult executionId="3b039a1a-c032-44b9-99bc-8397e627bc30" testId="8938eaaa-10f4-1d84-a810-d332ab0c7421" testName="Serialize_ShouldHandleCollectionFilter_WhenMatchingCollectionItemsTypeAndItMatchesNone" computerName="DKSR-EFI-04" duration="00:00:00.0004873" startTime="2023-12-22T09:36:28.4927385+01:00" endTime="2023-12-22T09:36:28.4934218+01:00" testType="13cdc9d9-ddb5-4fa4-a97d-d965ccfc6d4b" outcome="Passed" testListId="8c84fa94-04c1-424b-9868-57a2d4851a1d" relativeResultsDirectory="3b039a1a-c032-44b9-99bc-8397e627bc30" />
    <UnitTestResult executionId="263c18ad-1bf9-418e-af94-e1d47d757249" testId="af0f43ee-ce4a-d402-680c-1c0e37479db8" testName="CountByCounter_Activated_Trial_OK" computerName="DKSR-EFI-04" duration="00:00:00.0009916" startTime="2023-12-22T09:36:32.4056253+01:00" endTime="2023-12-22T09:36:32.4068263+01:00" testType="13cdc9d9-ddb5-4fa4-a97d-d965ccfc6d4b" outcome="Passed" testListId="8c84fa94-04c1-424b-9868-57a2d4851a1d" relativeResultsDirectory="263c18ad-1bf9-418e-af94-e1d47d757249" />
    <UnitTestResult executionId="765e5ffa-0310-47fd-837f-d9f5a72315c8" testId="943fddae-0057-44db-535a-5540de1410f4" testName="ReadyToCloseEvent_AutoSelect_Thrown" computerName="DKSR-EFI-04" duration="00:00:00.0025098" startTime="2023-12-22T09:36:22.9946645+01:00" endTime="2023-12-22T09:36:22.9973887+01:00" testType="13cdc9d9-ddb5-4fa4-a97d-d965ccfc6d4b" outcome="Passed" testListId="8c84fa94-04c1-424b-9868-57a2d4851a1d" relativeResultsDirectory="765e5ffa-0310-47fd-837f-d9f5a72315c8" />
    <UnitTestResult executionId="3db26679-b41f-412c-92ae-e4ba692d475c" testId="6c0d7995-8533-0e6b-e22a-6af26babe546" testName="Equals_IgnoreFolderType_Check" computerName="DKSR-EFI-04" duration="00:00:00.0009038" startTime="2023-12-22T09:36:02.6845959+01:00" endTime="2023-12-22T09:36:02.6856218+01:00" testType="13cdc9d9-ddb5-4fa4-a97d-d965ccfc6d4b" outcome="Passed" testListId="8c84fa94-04c1-424b-9868-57a2d4851a1d" relativeResultsDirectory="3db26679-b41f-412c-92ae-e4ba692d475c" />
    <UnitTestResult executionId="52a206df-fb3d-4ff0-b80e-b197d73bc21c" testId="7e9864c3-ffac-3e60-e067-d303ea811382" testName="Parse_String_WithSpecialChars" computerName="DKSR-EFI-04" duration="00:00:00.0002891" startTime="2023-12-22T09:36:30.4639870+01:00" endTime="2023-12-22T09:36:30.4644705+01:00" testType="13cdc9d9-ddb5-4fa4-a97d-d965ccfc6d4b" outcome="Passed" testListId="8c84fa94-04c1-424b-9868-57a2d4851a1d" relativeResultsDirectory="52a206df-fb3d-4ff0-b80e-b197d73bc21c" />
    <UnitTestResult executionId="cdf789de-66b9-47a1-a49e-d25ffade5542" testId="463ed80f-116f-24dc-3550-f13e45fe4889" testName="ToString_MipItemNotSet_Is_Empty" computerName="DKSR-EFI-04" duration="00:00:00.0007004" startTime="2023-12-22T09:36:23.1183350+01:00" endTime="2023-12-22T09:36:23.1193023+01:00" testType="13cdc9d9-ddb5-4fa4-a97d-d965ccfc6d4b" outcome="Passed" testListId="8c84fa94-04c1-424b-9868-57a2d4851a1d" relativeResultsDirectory="cdf789de-66b9-47a1-a49e-d25ffade5542" />
    <UnitTestResult executionId="09b2850b-55b4-4a63-9037-655410a473c1" testId="eede4713-56bb-3d3c-3e2e-6a26dd039e2e" testName="Deserialize_Server_FieldValues_checked" computerName="DKSR-EFI-04" duration="00:00:00.0169600" startTime="2023-12-22T09:36:02.4520134+01:00" endTime="2023-12-22T09:36:02.5127618+01:00" testType="13cdc9d9-ddb5-4fa4-a97d-d965ccfc6d4b" outcome="Passed" testListId="8c84fa94-04c1-424b-9868-57a2d4851a1d" relativeResultsDirectory="09b2850b-55b4-4a63-9037-655410a473c1" />
    <UnitTestResult executionId="bc4775ea-3a60-4879-b8af-07e367927474" testId="68a6ea98-ca7c-4d82-e5af-14d114a1f9a4" testName="WriteXml_ShouldOmitClassCandidateElement_WhenThereIsNoClassCandidatesPresent" computerName="DKSR-EFI-04" duration="00:00:00.0005979" startTime="2023-12-22T09:36:31.3959113+01:00" endTime="2023-12-22T09:36:31.3967227+01:00" testType="13cdc9d9-ddb5-4fa4-a97d-d965ccfc6d4b" outcome="Passed" testListId="8c84fa94-04c1-424b-9868-57a2d4851a1d" relativeResultsDirectory="bc4775ea-3a60-4879-b8af-07e367927474" />
    <UnitTestResult executionId="d682e1ff-6f5e-42e9-8cff-2a4f090a95c5" testId="8deb741b-167d-6a1a-855a-646fe46075da" testName="SetEvents_ShouldNotAddProxyManager_WhenFrameworkContentElementIsNotLoaded" computerName="DKSR-EFI-04" duration="00:00:00.0125793" startTime="2023-12-22T09:36:28.5406797+01:00" endTime="2023-12-22T09:36:28.5535554+01:00" testType="13cdc9d9-ddb5-4fa4-a97d-d965ccfc6d4b" outcome="Passed" testListId="8c84fa94-04c1-424b-9868-57a2d4851a1d" relativeResultsDirectory="d682e1ff-6f5e-42e9-8cff-2a4f090a95c5" />
    <UnitTestResult executionId="ca555972-f8e0-4ea1-9e73-9376020fd59f" testId="d9b69abf-addf-dcc7-c2fd-b2ff5d4f6705" testName="SplitString_When1Level_CountsLastSeparator" computerName="DKSR-EFI-04" duration="00:00:00.0002437" startTime="2023-12-22T09:36:15.2742075+01:00" endTime="2023-12-22T09:36:15.2745720+01:00" testType="13cdc9d9-ddb5-4fa4-a97d-d965ccfc6d4b" outcome="Passed" testListId="8c84fa94-04c1-424b-9868-57a2d4851a1d" relativeResultsDirectory="ca555972-f8e0-4ea1-9e73-9376020fd59f" />
    <UnitTestResult executionId="a29203db-e302-466b-9710-69d4c2e18706" testId="4331be32-8242-7bcf-516a-a7263d816796" testName="ParseMetadataXmlWithBytes_ShouldReturnCorrectObjects_WhenBinaryDataContainsCorrectXml" computerName="DKSR-EFI-04" duration="00:00:00.0119540" startTime="2023-12-22T09:36:31.1810532+01:00" endTime="2023-12-22T09:36:31.1932230+01:00" testType="13cdc9d9-ddb5-4fa4-a97d-d965ccfc6d4b" outcome="Passed" testListId="8c84fa94-04c1-424b-9868-57a2d4851a1d" relativeResultsDirectory="a29203db-e302-466b-9710-69d4c2e18706" />
    <UnitTestResult executionId="13e67ec1-6e95-4018-ba8c-610e89713f69" testId="4e41d746-7d06-c195-c083-479d6448ab5b" testName="GenerateParameters_ShouldWriteFirmware_WhenFirmwareIsNotNull" computerName="DKSR-EFI-04" duration="00:00:00.0002764" startTime="2023-12-22T09:36:32.5997932+01:00" endTime="2023-12-22T09:36:32.6002674+01:00" testType="13cdc9d9-ddb5-4fa4-a97d-d965ccfc6d4b" outcome="Passed" testListId="8c84fa94-04c1-424b-9868-57a2d4851a1d" relativeResultsDirectory="13e67ec1-6e95-4018-ba8c-610e89713f69" />
    <UnitTestResult executionId="0602e2b8-1339-4962-a9d3-4887f22e8ee7" testId="5b5b0b17-b74c-6ecb-201e-61f7e7362b6f" testName="GetFrame_ShouldReturnNull_WhenThereAreNoFrames" computerName="DKSR-EFI-04" duration="00:00:00.0001885" startTime="2023-12-22T09:36:31.3051507+01:00" endTime="2023-12-22T09:36:31.3055429+01:00" testType="13cdc9d9-ddb5-4fa4-a97d-d965ccfc6d4b" outcome="Passed" testListId="8c84fa94-04c1-424b-9868-57a2d4851a1d" relativeResultsDirectory="0602e2b8-1339-4962-a9d3-4887f22e8ee7" />
    <UnitTestResult executionId="fd32e7cb-0a05-412a-93bb-3bada9ab551d" testId="fd3d93a9-265d-ee70-503b-7e4448400893" testName="AllowGroupSelection_MultiSelect_GroupSelected" computerName="DKSR-EFI-04" duration="00:00:00.0011854" startTime="2023-12-22T09:36:22.9770661+01:00" endTime="2023-12-22T09:36:22.9784566+01:00" testType="13cdc9d9-ddb5-4fa4-a97d-d965ccfc6d4b" outcome="Passed" testListId="8c84fa94-04c1-424b-9868-57a2d4851a1d" relativeResultsDirectory="fd32e7cb-0a05-412a-93bb-3bada9ab551d" />
    <UnitTestResult executionId="c3bb4d17-5530-497f-99f3-41c739c1a4cd" testId="4b5c9b24-d906-a00f-3905-ed5f0c9f240a" testName="ReadXml_ShouldIgnoreTransformation_WhenTransformationIsPresenWithWrongNamespace" computerName="DKSR-EFI-04" duration="00:00:00.0003044" startTime="2023-12-22T09:36:30.8348586+01:00" endTime="2023-12-22T09:36:30.8353613+01:00" testType="13cdc9d9-ddb5-4fa4-a97d-d965ccfc6d4b" outcome="Passed" testListId="8c84fa94-04c1-424b-9868-57a2d4851a1d" relativeResultsDirectory="c3bb4d17-5530-497f-99f3-41c739c1a4cd" />
    <UnitTestResult executionId="06447125-7f43-4b57-b39f-913b94d7824a" testId="fcc01d6e-2b82-f145-070c-31467e83d08e" testName="GetBoundingShapesAsync_ClearCachedData_DelegatedToInternalMethodTwice" computerName="DKSR-EFI-04" duration="00:00:00.0009004" startTime="2023-12-22T09:36:29.1407867+01:00" endTime="2023-12-22T09:36:29.1419270+01:00" testType="13cdc9d9-ddb5-4fa4-a97d-d965ccfc6d4b" outcome="Passed" testListId="8c84fa94-04c1-424b-9868-57a2d4851a1d" relativeResultsDirectory="06447125-7f43-4b57-b39f-913b94d7824a" />
    <UnitTestResult executionId="b08f8735-5c2d-4f3e-a2f7-1ad27f0b3436" testId="ad28a529-3946-ad0b-47a4-a29f47a70b12" testName="ResolveIconSource_ShouldResolveIcon_ForAllDefinedIcons" computerName="DKSR-EFI-04" duration="00:00:00.1256367" startTime="2023-12-22T09:36:26.2726146+01:00" endTime="2023-12-22T09:36:26.4240211+01:00" testType="13cdc9d9-ddb5-4fa4-a97d-d965ccfc6d4b" outcome="Passed" testListId="8c84fa94-04c1-424b-9868-57a2d4851a1d" relativeResultsDirectory="b08f8735-5c2d-4f3e-a2f7-1ad27f0b3436" />
    <UnitTestResult executionId="916e633f-6b98-42ee-ba14-b330137362f1" testId="48e1001e-d788-4f1f-114b-b2f616ae9b17" testName="FindCacheEntryAfter_ShuldReturnNull_WhenThereAreNoEntriesAfterTheTimestamp" computerName="DKSR-EFI-04" duration="00:00:00.0003633" startTime="2023-12-22T09:36:32.6325095+01:00" endTime="2023-12-22T09:36:32.6330569+01:00" testType="13cdc9d9-ddb5-4fa4-a97d-d965ccfc6d4b" outcome="Passed" testListId="8c84fa94-04c1-424b-9868-57a2d4851a1d" relativeResultsDirectory="916e633f-6b98-42ee-ba14-b330137362f1" />
    <UnitTestResult executionId="571687f5-62b6-4f62-aa7b-bf2e8e71cb67" testId="76c66eeb-a2f8-48cc-26cc-ff5958f96fde" testName="GetNearest_ShouldReturnNull_WhenCacheIsEmpty" computerName="DKSR-EFI-04" duration="00:00:00.0007985" startTime="2023-12-22T09:36:32.6619098+01:00" endTime="2023-12-22T09:36:32.6628922+01:00" testType="13cdc9d9-ddb5-4fa4-a97d-d965ccfc6d4b" outcome="Passed" testListId="8c84fa94-04c1-424b-9868-57a2d4851a1d" relativeResultsDirectory="571687f5-62b6-4f62-aa7b-bf2e8e71cb67" />
    <UnitTestResult executionId="a91c8471-f062-4eee-81fa-fa23ebd56270" testId="42d4745e-d9b8-f2e9-3bf0-8b9851599c44" testName="HttpScheme_ShouldFollowHttpPort" computerName="DKSR-EFI-04" duration="00:00:00.0002231" startTime="2023-12-22T09:36:04.1987100+01:00" endTime="2023-12-22T09:36:04.1990528+01:00" testType="13cdc9d9-ddb5-4fa4-a97d-d965ccfc6d4b" outcome="Passed" testListId="8c84fa94-04c1-424b-9868-57a2d4851a1d" relativeResultsDirectory="a91c8471-f062-4eee-81fa-fa23ebd56270" />
    <UnitTestResult executionId="468fe16b-4396-4cbf-af64-47d569ceeb3b" testId="09b10f58-104f-c055-d17e-ad9f69c01172" testName="RegionSelectionFilterValue_Serialize_Success" computerName="DKSR-EFI-04" duration="00:00:00.0092576" startTime="2023-12-22T09:36:30.1298964+01:00" endTime="2023-12-22T09:36:30.1394173+01:00" testType="13cdc9d9-ddb5-4fa4-a97d-d965ccfc6d4b" outcome="Passed" testListId="8c84fa94-04c1-424b-9868-57a2d4851a1d" relativeResultsDirectory="468fe16b-4396-4cbf-af64-47d569ceeb3b" />
    <UnitTestResult executionId="00dd72e3-fdf9-4f1a-b9b3-be7c040557cc" testId="3a583449-4deb-358f-f880-2478ec9ff18a" testName="GetColorFilterValues_MultiSelection_Success" computerName="DKSR-EFI-04" duration="00:00:00.0006305" startTime="2023-12-22T09:36:30.3013477+01:00" endTime="2023-12-22T09:36:30.3022168+01:00" testType="13cdc9d9-ddb5-4fa4-a97d-d965ccfc6d4b" outcome="Passed" testListId="8c84fa94-04c1-424b-9868-57a2d4851a1d" relativeResultsDirectory="00dd72e3-fdf9-4f1a-b9b3-be7c040557cc" />
    <UnitTestResult executionId="458e625a-5511-4948-be3c-0c45ecd5d5c3" testId="a68e6a6e-4209-2d96-e42e-fdfc6deeba69" testName="WriteXml_ShouldWriteColorAttribute_WhenPresent" computerName="DKSR-EFI-04" duration="00:00:00.0005248" startTime="2023-12-22T09:36:31.0731199+01:00" endTime="2023-12-22T09:36:31.0738636+01:00" testType="13cdc9d9-ddb5-4fa4-a97d-d965ccfc6d4b" outcome="Passed" testListId="8c84fa94-04c1-424b-9868-57a2d4851a1d" relativeResultsDirectory="458e625a-5511-4948-be3c-0c45ecd5d5c3" />
    <UnitTestResult executionId="9b6d5a30-9810-4385-9e23-b021fd558316" testId="2e209cdd-d799-eebb-86ee-eb1ff73e496f" testName="ReadXml_ShouldReadXmlAndCreateEquivalentObject_WhenXmlIsWrittenByWriteXml" computerName="DKSR-EFI-04" duration="00:00:00.0010479" startTime="2023-12-22T09:36:31.2830737+01:00" endTime="2023-12-22T09:36:31.2843275+01:00" testType="13cdc9d9-ddb5-4fa4-a97d-d965ccfc6d4b" outcome="Passed" testListId="8c84fa94-04c1-424b-9868-57a2d4851a1d" relativeResultsDirectory="9b6d5a30-9810-4385-9e23-b021fd558316" />
    <UnitTestResult executionId="d0472a49-f5d7-4b21-ad54-ef206a49ffa3" testId="fcbb076d-21c9-d2c8-8141-56d340d67c02" testName="ReadXml_ShouldReadTransformation_WhenTransformationIsPresent" computerName="DKSR-EFI-04" duration="00:00:00.0003329" startTime="2023-12-22T09:36:31.1105775+01:00" endTime="2023-12-22T09:36:31.1111091+01:00" testType="13cdc9d9-ddb5-4fa4-a97d-d965ccfc6d4b" outcome="Passed" testListId="8c84fa94-04c1-424b-9868-57a2d4851a1d" relativeResultsDirectory="d0472a49-f5d7-4b21-ad54-ef206a49ffa3" />
    <UnitTestResult executionId="6be4a260-be62-496a-a731-2d317be991de" testId="d03b0ad6-ed13-8489-09d1-2543f3053eff" testName="GetPropertiesAsync_ClearCachedData_DelegatedToInternalMethodTwice" computerName="DKSR-EFI-04" duration="00:00:00.0016681" startTime="2023-12-22T09:36:29.1247363+01:00" endTime="2023-12-22T09:36:29.1267014+01:00" testType="13cdc9d9-ddb5-4fa4-a97d-d965ccfc6d4b" outcome="Passed" testListId="8c84fa94-04c1-424b-9868-57a2d4851a1d" relativeResultsDirectory="6be4a260-be62-496a-a731-2d317be991de" />
    <UnitTestResult executionId="5b566e28-61f9-4b0b-a0e7-20f6eedccd5a" testId="1102b248-ebc3-17f0-ceef-32b216ce1ff2" testName="IsMultiSelection_ChangesSelectionMode" computerName="DKSR-EFI-04" duration="00:00:00.0013042" startTime="2023-12-22T09:36:22.8816809+01:00" endTime="2023-12-22T09:36:22.8832395+01:00" testType="13cdc9d9-ddb5-4fa4-a97d-d965ccfc6d4b" outcome="Passed" testListId="8c84fa94-04c1-424b-9868-57a2d4851a1d" relativeResultsDirectory="5b566e28-61f9-4b0b-a0e7-20f6eedccd5a" />
    <UnitTestResult executionId="00de9494-b89e-4f85-b7b2-c82c1042e4a7" testId="736d2983-eeff-1045-0cd2-2e53a996df06" testName="Ctor_OneStandardFilter_Success" computerName="DKSR-EFI-04" duration="00:00:00.0058803" startTime="2023-12-22T09:36:30.2644826+01:00" endTime="2023-12-22T09:36:30.2706280+01:00" testType="13cdc9d9-ddb5-4fa4-a97d-d965ccfc6d4b" outcome="Passed" testListId="8c84fa94-04c1-424b-9868-57a2d4851a1d" relativeResultsDirectory="00de9494-b89e-4f85-b7b2-c82c1042e4a7" />
    <UnitTestResult executionId="7810cf89-3f49-4deb-a318-fdd4205a0385" testId="baa0e531-65cd-6df8-b464-315d19c68df0" testName="Serialize_TestCases (TestParentTypeMatchIntThisTypeNotMatched)" computerName="DKSR-EFI-04" duration="00:00:00.0003031" startTime="2023-12-22T09:36:28.3064236+01:00" endTime="2023-12-22T09:36:28.3070339+01:00" testType="13cdc9d9-ddb5-4fa4-a97d-d965ccfc6d4b" outcome="Passed" testListId="8c84fa94-04c1-424b-9868-57a2d4851a1d" relativeResultsDirectory="7810cf89-3f49-4deb-a318-fdd4205a0385" />
    <UnitTestResult executionId="b7f47cfa-1d97-4c44-8438-05dc773528ee" testId="7f1f1baf-8bbb-c3d7-9705-27c7162bbf25" testName="PatchMIPItem_Success" computerName="DKSR-EFI-04" duration="00:00:00.0013023" startTime="2023-12-22T09:36:30.7567156+01:00" endTime="2023-12-22T09:36:30.7582232+01:00" testType="13cdc9d9-ddb5-4fa4-a97d-d965ccfc6d4b" outcome="Passed" testListId="8c84fa94-04c1-424b-9868-57a2d4851a1d" relativeResultsDirectory="b7f47cfa-1d97-4c44-8438-05dc773528ee" />
    <UnitTestResult executionId="5338aa8e-cd1f-4d48-915a-a63952b49100" testId="cc8e9b7e-62a1-d82e-3e31-af5cf935c88a" testName="GenerateParameters_ShouldWriteNumberOfCameraDevicesAsNumVideoCh_WhenAlways" computerName="DKSR-EFI-04" duration="00:00:00.0006071" startTime="2023-12-22T09:36:32.6075862+01:00" endTime="2023-12-22T09:36:32.6084109+01:00" testType="13cdc9d9-ddb5-4fa4-a97d-d965ccfc6d4b" outcome="Passed" testListId="8c84fa94-04c1-424b-9868-57a2d4851a1d" relativeResultsDirectory="5338aa8e-cd1f-4d48-915a-a63952b49100" />
    <UnitTestResult executionId="e6d13f35-e014-48b6-af6c-05aea2a27d41" testId="125f47fd-bfa6-8077-4564-e798b6c885b3" testName="CountByItems_Activated_CountByCounter_Missing" computerName="DKSR-EFI-04" duration="00:00:00.0020840" startTime="2023-12-22T09:36:32.4618883+01:00" endTime="2023-12-22T09:36:32.4641771+01:00" testType="13cdc9d9-ddb5-4fa4-a97d-d965ccfc6d4b" outcome="Passed" testListId="8c84fa94-04c1-424b-9868-57a2d4851a1d" relativeResultsDirectory="e6d13f35-e014-48b6-af6c-05aea2a27d41" />
    <UnitTestResult executionId="78db0980-13a5-413d-83b4-fd1bfabed8ab" testId="890cd7d3-d5de-1eb5-735a-80921ce3d8c1" testName="HorizontalAccuracy_ShouldThrowArgumentOfRange_WhenValueIsOutsideAcceptedRange" computerName="DKSR-EFI-04" duration="00:00:00.0013533" startTime="2023-12-22T09:36:31.3284046+01:00" endTime="2023-12-22T09:36:31.3299747+01:00" testType="13cdc9d9-ddb5-4fa4-a97d-d965ccfc6d4b" outcome="Passed" testListId="8c84fa94-04c1-424b-9868-57a2d4851a1d" relativeResultsDirectory="78db0980-13a5-413d-83b4-fd1bfabed8ab" />
    <UnitTestResult executionId="d4c3886e-a7a4-422f-8c78-3291e88f27d9" testId="a64907b4-47a9-4e3a-b6b0-be37e2d164ea" testName="ReadXml_ShouldReadSizeAttribute_WhenPresent" computerName="DKSR-EFI-04" duration="00:00:00.0002920" startTime="2023-12-22T09:36:31.0426939+01:00" endTime="2023-12-22T09:36:31.0441846+01:00" testType="13cdc9d9-ddb5-4fa4-a97d-d965ccfc6d4b" outcome="Passed" testListId="8c84fa94-04c1-424b-9868-57a2d4851a1d" relativeResultsDirectory="d4c3886e-a7a4-422f-8c78-3291e88f27d9" />
    <UnitTestResult executionId="93829121-8711-45c8-a2fc-88bad9a9af03" testId="daf5f08d-c32f-df8c-b33e-1ba8ee1cff44" testName="GetNextSequence_ShouldReturnFirstEntryFromToolkitResult_WhenDataWasReturned" computerName="DKSR-EFI-04" duration="00:00:00.0022103" startTime="2023-12-22T09:36:32.9253549+01:00" endTime="2023-12-22T09:36:32.9277542+01:00" testType="13cdc9d9-ddb5-4fa4-a97d-d965ccfc6d4b" outcome="Passed" testListId="8c84fa94-04c1-424b-9868-57a2d4851a1d" relativeResultsDirectory="93829121-8711-45c8-a2fc-88bad9a9af03" />
    <UnitTestResult executionId="4193905b-3001-4fb9-968f-647464ef829f" testId="6ca72b6b-0033-ee05-80aa-21dc1f0119ea" testName="Contains_With_Null_Fails" computerName="DKSR-EFI-04" duration="00:00:00.0002513" startTime="2023-12-22T09:36:02.6825580+01:00" endTime="2023-12-22T09:36:02.6829214+01:00" testType="13cdc9d9-ddb5-4fa4-a97d-d965ccfc6d4b" outcome="Passed" testListId="8c84fa94-04c1-424b-9868-57a2d4851a1d" relativeResultsDirectory="4193905b-3001-4fb9-968f-647464ef829f" />
    <UnitTestResult executionId="5360b911-c585-43c0-b651-5ca50cc1a36d" testId="feff974b-15e7-7bde-2e9a-7282257d799e" testName="GenerateDeviceCapabilityParameters_ShouldWriteDefault_WhenAlways" computerName="DKSR-EFI-04" duration="00:00:00.0005062" startTime="2023-12-22T09:36:32.5586069+01:00" endTime="2023-12-22T09:36:32.5593092+01:00" testType="13cdc9d9-ddb5-4fa4-a97d-d965ccfc6d4b" outcome="Passed" testListId="8c84fa94-04c1-424b-9868-57a2d4851a1d" relativeResultsDirectory="5360b911-c585-43c0-b651-5ca50cc1a36d" />
    <UnitTestResult executionId="0f0b94d2-81cb-47f3-a34e-253ec11d845b" testId="3fce05ef-b530-f8da-eaa9-a5674fdfcd79" testName="ReadXml_ShouldReadClassCandidate_WhenCorrectClassCandidateIsPresent" computerName="DKSR-EFI-04" duration="00:00:00.0019450" startTime="2023-12-22T09:36:31.3724900+01:00" endTime="2023-12-22T09:36:31.3746499+01:00" testType="13cdc9d9-ddb5-4fa4-a97d-d965ccfc6d4b" outcome="Passed" testListId="8c84fa94-04c1-424b-9868-57a2d4851a1d" relativeResultsDirectory="0f0b94d2-81cb-47f3-a34e-253ec11d845b" />
    <UnitTestResult executionId="a6070e3f-b8aa-403d-8fc0-e3f391443f49" testId="1f3c2444-ad4b-db37-5d0a-de7606033ccd" testName="GenerateDeviceCapabilityParameters_ShouldWriteMaximum_WhenAlways" computerName="DKSR-EFI-04" duration="00:00:00.0004815" startTime="2023-12-22T09:36:32.5557888+01:00" endTime="2023-12-22T09:36:32.5564683+01:00" testType="13cdc9d9-ddb5-4fa4-a97d-d965ccfc6d4b" outcome="Passed" testListId="8c84fa94-04c1-424b-9868-57a2d4851a1d" relativeResultsDirectory="a6070e3f-b8aa-403d-8fc0-e3f391443f49" />
    <UnitTestResult executionId="efdbb43c-a715-4d56-b033-8f748234c99f" testId="47ea98ad-fc0c-d34c-cfce-7d3c08a15e8d" testName="IsEmptyValue_DoubleRangeFilterValue_HighValueBelowMaximum_ReturnsFalse" computerName="DKSR-EFI-04" duration="00:00:00.0005635" startTime="2023-12-22T09:36:28.8104426+01:00" endTime="2023-12-22T09:36:28.8111962+01:00" testType="13cdc9d9-ddb5-4fa4-a97d-d965ccfc6d4b" outcome="Passed" testListId="8c84fa94-04c1-424b-9868-57a2d4851a1d" relativeResultsDirectory="efdbb43c-a715-4d56-b033-8f748234c99f" />
    <UnitTestResult executionId="91a0ef6f-df3d-4cb0-ab91-53ef9190ca01" testId="1b66a21c-10a6-0908-6fbd-7ece73d7fb3e" testName="GenerateDeviceCapabilityParameters_ShouldWriteMinimum_WhenAlways" computerName="DKSR-EFI-04" duration="00:00:00.0005354" startTime="2023-12-22T09:36:32.5542792+01:00" endTime="2023-12-22T09:36:32.5550281+01:00" testType="13cdc9d9-ddb5-4fa4-a97d-d965ccfc6d4b" outcome="Passed" testListId="8c84fa94-04c1-424b-9868-57a2d4851a1d" relativeResultsDirectory="91a0ef6f-df3d-4cb0-ab91-53ef9190ca01" />
    <UnitTestResult executionId="ecc0b815-d3c3-430e-8588-4a156e8bfea9" testId="be3b82dd-8df9-5360-ff99-6eca540698eb" testName="TestCreateSearchDefinition_Success" computerName="DKSR-EFI-04" duration="00:00:00.0111272" startTime="2023-12-22T09:36:28.9255032+01:00" endTime="2023-12-22T09:36:28.9368442+01:00" testType="13cdc9d9-ddb5-4fa4-a97d-d965ccfc6d4b" outcome="Passed" testListId="8c84fa94-04c1-424b-9868-57a2d4851a1d" relativeResultsDirectory="ecc0b815-d3c3-430e-8588-4a156e8bfea9" />
    <UnitTestResult executionId="25c02fa9-cd0b-4e4b-a5e2-129dfa48e30f" testId="db8b110d-6977-3962-2ffa-71fc401aacf0" testName="Serialize_TestCases (TestParentTypeMatchGenericThisTypeMatchedProperty)" computerName="DKSR-EFI-04" duration="00:00:00.0025653" startTime="2023-12-22T09:36:28.3985153+01:00" endTime="2023-12-22T09:36:28.4014371+01:00" testType="13cdc9d9-ddb5-4fa4-a97d-d965ccfc6d4b" outcome="Passed" testListId="8c84fa94-04c1-424b-9868-57a2d4851a1d" relativeResultsDirectory="25c02fa9-cd0b-4e4b-a5e2-129dfa48e30f" />
    <UnitTestResult executionId="98a4862b-6e34-4ca4-9332-9233f1c53c11" testId="bb7fb76c-e069-4fd0-bdf8-cc43e62b4ee4" testName="IsValidSelectionCallback_ReturnsTrue_ItemSelected" computerName="DKSR-EFI-04" duration="00:00:00.0010351" startTime="2023-12-22T09:36:22.9717510+01:00" endTime="2023-12-22T09:36:22.9729939+01:00" testType="13cdc9d9-ddb5-4fa4-a97d-d965ccfc6d4b" outcome="Passed" testListId="8c84fa94-04c1-424b-9868-57a2d4851a1d" relativeResultsDirectory="98a4862b-6e34-4ca4-9332-9233f1c53c11" />
    <UnitTestResult executionId="3a07f3f4-d729-4392-b74c-3b15d3735e21" testId="1670e18f-0ede-c50f-6f9a-2ae6207f30db" testName="Given_Exception_When_When_NotMarkedWithSerializableAttribute_Then_Fail" computerName="DKSR-EFI-04" duration="00:00:00.0031693" startTime="2023-12-22T09:36:04.1262525+01:00" endTime="2023-12-22T09:36:04.1296174+01:00" testType="13cdc9d9-ddb5-4fa4-a97d-d965ccfc6d4b" outcome="Passed" testListId="8c84fa94-04c1-424b-9868-57a2d4851a1d" relativeResultsDirectory="3a07f3f4-d729-4392-b74c-3b15d3735e21" />
    <UnitTestResult executionId="33e42595-ffe3-4a3f-9cee-a3fe30718d09" testId="9a7acb70-fa7b-f3be-6201-91fb0aecd07b" testName="Serialize_TestCases (TestParentTypeMatchCollectionNotThisTypeNotMatched)" computerName="DKSR-EFI-04" duration="00:00:00.0001740" startTime="2023-12-22T09:36:28.3716363+01:00" endTime="2023-12-22T09:36:28.3721159+01:00" testType="13cdc9d9-ddb5-4fa4-a97d-d965ccfc6d4b" outcome="Passed" testListId="8c84fa94-04c1-424b-9868-57a2d4851a1d" relativeResultsDirectory="33e42595-ffe3-4a3f-9cee-a3fe30718d09" />
    <UnitTestResult executionId="98793d09-1fb0-40bf-b58e-06e0ac5cf2a7" testId="e4c24bc9-2414-541c-9971-01e696ad9e3b" testName="Ctor_NoStandardFilters_Success" computerName="DKSR-EFI-04" duration="00:00:00.0008546" startTime="2023-12-22T09:36:30.2159054+01:00" endTime="2023-12-22T09:36:30.2178368+01:00" testType="13cdc9d9-ddb5-4fa4-a97d-d965ccfc6d4b" outcome="Passed" testListId="8c84fa94-04c1-424b-9868-57a2d4851a1d" relativeResultsDirectory="98793d09-1fb0-40bf-b58e-06e0ac5cf2a7" />
    <UnitTestResult executionId="a1d3fa4b-8929-48c0-988c-6f1b60c4ef19" testId="a68618ea-e0dc-05b4-e76f-a11a2f3f297e" testName="WriteXml_ShouldWriteTypeAndLikelihoodElements_WhenAlways" computerName="DKSR-EFI-04" duration="00:00:00.0013173" startTime="2023-12-22T09:36:30.9823855+01:00" endTime="2023-12-22T09:36:30.9838880+01:00" testType="13cdc9d9-ddb5-4fa4-a97d-d965ccfc6d4b" outcome="Passed" testListId="8c84fa94-04c1-424b-9868-57a2d4851a1d" relativeResultsDirectory="a1d3fa4b-8929-48c0-988c-6f1b60c4ef19" />
    <UnitTestResult executionId="a85cfedb-6ed8-4690-a2ce-010e46b14619" testId="b8276ba3-7850-cbef-143f-fbd86d2ed190" testName="CountByCounter_Activated_OK" computerName="DKSR-EFI-04" duration="00:00:00.0017320" startTime="2023-12-22T09:36:32.4005485+01:00" endTime="2023-12-22T09:36:32.4024779+01:00" testType="13cdc9d9-ddb5-4fa4-a97d-d965ccfc6d4b" outcome="Passed" testListId="8c84fa94-04c1-424b-9868-57a2d4851a1d" relativeResultsDirectory="a85cfedb-6ed8-4690-a2ce-010e46b14619" />
    <UnitTestResult executionId="0fc9f1c6-ef5d-4ef6-9634-af291ddd9170" testId="9bf19834-4f90-5f56-a3eb-6c1d93ea3aa5" testName="Apply_ShouldApplyTranslateAndScale_WhenTranslateAndScaleIsNotNull" computerName="DKSR-EFI-04" duration="00:00:00.0003620" startTime="2023-12-22T09:36:31.0592658+01:00" endTime="2023-12-22T09:36:31.0598287+01:00" testType="13cdc9d9-ddb5-4fa4-a97d-d965ccfc6d4b" outcome="Passed" testListId="8c84fa94-04c1-424b-9868-57a2d4851a1d" relativeResultsDirectory="0fc9f1c6-ef5d-4ef6-9634-af291ddd9170" />
    <UnitTestResult executionId="0f3fbfb7-3c52-4a45-b5cb-ec6a4b032f34" testId="ff21f539-b1c4-45b1-9430-6096e4a5a3fd" testName="WriteXml_ShouldWriteClassCandidate_WhenThereIsOneClassCandidatePresent" computerName="DKSR-EFI-04" duration="00:00:00.0011982" startTime="2023-12-22T09:36:31.3976180+01:00" endTime="2023-12-22T09:36:31.3990533+01:00" testType="13cdc9d9-ddb5-4fa4-a97d-d965ccfc6d4b" outcome="Passed" testListId="8c84fa94-04c1-424b-9868-57a2d4851a1d" relativeResultsDirectory="0f3fbfb7-3c52-4a45-b5cb-ec6a4b032f34" />
    <UnitTestResult executionId="66887834-3d80-403c-90ec-27fa3413a6bd" testId="6633116a-6784-0109-c694-61b2317583e7" testName="GenerateDeviceCapabilityParameters_ShouldWriteValueCount_WhenAlways" computerName="DKSR-EFI-04" duration="00:00:00.0042868" startTime="2023-12-22T09:36:32.5641860+01:00" endTime="2023-12-22T09:36:32.5686722+01:00" testType="13cdc9d9-ddb5-4fa4-a97d-d965ccfc6d4b" outcome="Passed" testListId="8c84fa94-04c1-424b-9868-57a2d4851a1d" relativeResultsDirectory="66887834-3d80-403c-90ec-27fa3413a6bd" />
    <UnitTestResult executionId="1bc1b731-ff5e-43db-be65-e5a9fe34f6d7" testId="80192076-5250-4f88-b991-e73794c3f07f" testName="Serialize_TestCases (TestParentTypeMatchGenericNotThisTypeMatchedProperty)" computerName="DKSR-EFI-04" duration="00:00:00.0036861" startTime="2023-12-22T09:36:28.4624705+01:00" endTime="2023-12-22T09:36:28.4666991+01:00" testType="13cdc9d9-ddb5-4fa4-a97d-d965ccfc6d4b" outcome="Passed" testListId="8c84fa94-04c1-424b-9868-57a2d4851a1d" relativeResultsDirectory="1bc1b731-ff5e-43db-be65-e5a9fe34f6d7" />
    <UnitTestResult executionId="8fd3251c-b623-4889-ae76-6f40bc460db3" testId="a357cf6c-ef79-7a61-f86c-3c3cf29677ef" testName="Remove_ShouldInvokeCallback_WhenObservable" computerName="DKSR-EFI-04" duration="00:00:00.0074185" startTime="2023-12-22T09:36:23.8698343+01:00" endTime="2023-12-22T09:36:23.9180730+01:00" testType="13cdc9d9-ddb5-4fa4-a97d-d965ccfc6d4b" outcome="Passed" testListId="8c84fa94-04c1-424b-9868-57a2d4851a1d" relativeResultsDirectory="8fd3251c-b623-4889-ae76-6f40bc460db3" />
    <UnitTestResult executionId="d88d514b-862a-40ba-b6e0-06e575d74a98" testId="5e776647-f32b-7555-92cc-51ddf06fbbb5" testName="OnSearchResultsReady_NoEventHandler_DoesNotCrash" computerName="DKSR-EFI-04" duration="00:00:00.0040300" startTime="2023-12-22T09:36:28.7779737+01:00" endTime="2023-12-22T09:36:28.7822317+01:00" testType="13cdc9d9-ddb5-4fa4-a97d-d965ccfc6d4b" outcome="Passed" testListId="8c84fa94-04c1-424b-9868-57a2d4851a1d" relativeResultsDirectory="d88d514b-862a-40ba-b6e0-06e575d74a98" />
    <UnitTestResult executionId="7add4bf6-9058-46e4-869f-60c6f00afb30" testId="b43543d5-d01e-b4aa-3f27-43446c7c519e" testName="SearchResultData_EndTimeWithPadding_Success" computerName="DKSR-EFI-04" duration="00:00:00.0008142" startTime="2023-12-22T09:36:29.1725102+01:00" endTime="2023-12-22T09:36:29.1735228+01:00" testType="13cdc9d9-ddb5-4fa4-a97d-d965ccfc6d4b" outcome="Passed" testListId="8c84fa94-04c1-424b-9868-57a2d4851a1d" relativeResultsDirectory="7add4bf6-9058-46e4-869f-60c6f00afb30" />
    <UnitTestResult executionId="ed047962-dd82-4b6e-8a40-a4e0c2daa45c" testId="5299c3b1-b147-2926-54b8-048e2c168fc2" testName="Replace_ShouldInvokeCallback_WhenObservable" computerName="DKSR-EFI-04" duration="00:00:00.0044551" startTime="2023-12-22T09:36:24.0356171+01:00" endTime="2023-12-22T09:36:24.0958614+01:00" testType="13cdc9d9-ddb5-4fa4-a97d-d965ccfc6d4b" outcome="Passed" testListId="8c84fa94-04c1-424b-9868-57a2d4851a1d" relativeResultsDirectory="ed047962-dd82-4b6e-8a40-a4e0c2daa45c" />
    <UnitTestResult executionId="093bd58b-8e56-40bb-ade9-cc2b38ebc709" testId="fcfc02eb-9475-084e-96ae-652cb742a35f" testName="ToJson_ListElement" computerName="DKSR-EFI-04" duration="00:00:00.0005491" startTime="2023-12-22T09:36:30.4927251+01:00" endTime="2023-12-22T09:36:30.4934723+01:00" testType="13cdc9d9-ddb5-4fa4-a97d-d965ccfc6d4b" outcome="Passed" testListId="8c84fa94-04c1-424b-9868-57a2d4851a1d" relativeResultsDirectory="093bd58b-8e56-40bb-ade9-cc2b38ebc709" />
    <UnitTestResult executionId="a6ecb883-f33f-4a3c-be72-6558ffc85fde" testId="ab1a8e45-8e17-ad94-af47-713e91eff11b" testName="Equals_Fail_OnOtherNull" computerName="DKSR-EFI-04" duration="00:00:00.0003220" startTime="2023-12-22T09:36:02.7005170+01:00" endTime="2023-12-22T09:36:02.7009512+01:00" testType="13cdc9d9-ddb5-4fa4-a97d-d965ccfc6d4b" outcome="Passed" testListId="8c84fa94-04c1-424b-9868-57a2d4851a1d" relativeResultsDirectory="a6ecb883-f33f-4a3c-be72-6558ffc85fde" />
    <UnitTestResult executionId="4952bbca-f0da-4717-bc48-ff57098137fc" testId="b28c88a2-048a-f43d-3028-a27e0105d7d5" testName="MatchId_Success_MessageWithAsteriskAtBegin" computerName="DKSR-EFI-04" duration="00:00:00.0001773" startTime="2023-12-22T09:36:31.7481076+01:00" endTime="2023-12-22T09:36:31.7484920+01:00" testType="13cdc9d9-ddb5-4fa4-a97d-d965ccfc6d4b" outcome="Passed" testListId="8c84fa94-04c1-424b-9868-57a2d4851a1d" relativeResultsDirectory="4952bbca-f0da-4717-bc48-ff57098137fc" />
    <UnitTestResult executionId="8124a720-1eae-4e9e-9e9a-1e8b5b98e548" testId="b357ddf5-0643-7e7d-12aa-101fa59704c1" testName="IsEmptyValue_StringFilterValue_EmptyString_ReturnsTrue" computerName="DKSR-EFI-04" duration="00:00:00.0004418" startTime="2023-12-22T09:36:28.8004746+01:00" endTime="2023-12-22T09:36:28.8011369+01:00" testType="13cdc9d9-ddb5-4fa4-a97d-d965ccfc6d4b" outcome="Passed" testListId="8c84fa94-04c1-424b-9868-57a2d4851a1d" relativeResultsDirectory="8124a720-1eae-4e9e-9e9a-1e8b5b98e548" />
    <UnitTestResult executionId="94749559-3e2f-41a9-93e2-cd6733088442" testId="0fbf3694-a7c3-3fef-5348-e45949735e92" testName="IsVisibleCallback_OnlyAllowedItemsVisible" computerName="DKSR-EFI-04" duration="00:00:00.0520463" startTime="2023-12-22T09:36:23.1627552+01:00" endTime="2023-12-22T09:36:23.2150471+01:00" testType="13cdc9d9-ddb5-4fa4-a97d-d965ccfc6d4b" outcome="Passed" testListId="8c84fa94-04c1-424b-9868-57a2d4851a1d" relativeResultsDirectory="94749559-3e2f-41a9-93e2-cd6733088442" />
    <UnitTestResult executionId="1d2da9de-c055-4b7e-bec6-b6336382a033" testId="acaeb9e2-224e-f43f-7505-888da6b80f9b" testName="ReadXml_ShouldLogWarningTwiceWhenMoreThanOneMinuteBetweenWarnings_WhenElementErrorsAreDetected" computerName="DKSR-EFI-04" duration="00:00:00.0016619" startTime="2023-12-22T09:36:30.9798297+01:00" endTime="2023-12-22T09:36:30.9816783+01:00" testType="13cdc9d9-ddb5-4fa4-a97d-d965ccfc6d4b" outcome="Passed" testListId="8c84fa94-04c1-424b-9868-57a2d4851a1d" relativeResultsDirectory="1d2da9de-c055-4b7e-bec6-b6336382a033" />
    <UnitTestResult executionId="abd9be9f-c093-4200-b2de-faff377e684a" testId="ce34eb52-9bf0-0190-75b5-426ffc55227b" testName="Clear_NonEmptyQueue_QueueCleared" computerName="DKSR-EFI-04" duration="00:00:00.0005292" startTime="2023-12-22T09:36:15.4833763+01:00" endTime="2023-12-22T09:36:15.4840136+01:00" testType="13cdc9d9-ddb5-4fa4-a97d-d965ccfc6d4b" outcome="Passed" testListId="8c84fa94-04c1-424b-9868-57a2d4851a1d" relativeResultsDirectory="abd9be9f-c093-4200-b2de-faff377e684a" />
    <UnitTestResult executionId="a022c2a6-7ef4-46ab-9a64-e194d961e5d9" testId="af9f1e16-b2b8-175e-5d3f-4c08d3fec0d2" testName="TestConstructorOverload_NullAgentList_Throws" computerName="DKSR-EFI-04" duration="00:00:00.0009817" startTime="2023-12-22T09:36:28.8566806+01:00" endTime="2023-12-22T09:36:28.8579584+01:00" testType="13cdc9d9-ddb5-4fa4-a97d-d965ccfc6d4b" outcome="Passed" testListId="8c84fa94-04c1-424b-9868-57a2d4851a1d" relativeResultsDirectory="a022c2a6-7ef4-46ab-9a64-e194d961e5d9" />
    <UnitTestResult executionId="bceeda8c-2473-40b3-8a47-0445d1a3be1f" testId="be18d4c4-d343-ec1d-bb22-8e6779b47149" testName="TestStartSearch_NullSearchDefinitions_Failure" computerName="DKSR-EFI-04" duration="00:00:00.0012813" startTime="2023-12-22T09:36:29.0580501+01:00" endTime="2023-12-22T09:36:29.0596448+01:00" testType="13cdc9d9-ddb5-4fa4-a97d-d965ccfc6d4b" outcome="Passed" testListId="8c84fa94-04c1-424b-9868-57a2d4851a1d" relativeResultsDirectory="bceeda8c-2473-40b3-8a47-0445d1a3be1f" />
    <UnitTestResult executionId="33998b88-e375-4418-a972-b4feba52573a" testId="a4399397-799d-6dfc-9b5f-ebad40d25858" testName="MatchId_Success_SingleMessage" computerName="DKSR-EFI-04" duration="00:00:00.0011885" startTime="2023-12-22T09:36:31.7397937+01:00" endTime="2023-12-22T09:36:31.7414097+01:00" testType="13cdc9d9-ddb5-4fa4-a97d-d965ccfc6d4b" outcome="Passed" testListId="8c84fa94-04c1-424b-9868-57a2d4851a1d" relativeResultsDirectory="33998b88-e375-4418-a972-b4feba52573a" />
    <UnitTestResult executionId="cb8d8ada-0a7b-41b6-965c-d01e3b90ab82" testId="7ce3bd1f-17a2-67ea-14e3-54128c33634a" testName="Speed_ShouldThrowArgumentOfRange_WhenValueIsOutsideAcceptedRange" computerName="DKSR-EFI-04" duration="00:00:00.0011815" startTime="2023-12-22T09:36:31.3330472+01:00" endTime="2023-12-22T09:36:31.3344360+01:00" testType="13cdc9d9-ddb5-4fa4-a97d-d965ccfc6d4b" outcome="Passed" testListId="8c84fa94-04c1-424b-9868-57a2d4851a1d" relativeResultsDirectory="cb8d8ada-0a7b-41b6-965c-d01e3b90ab82" />
    <UnitTestResult executionId="2c72701e-a58e-4252-a44a-0cfde11672b0" testId="a344a1b7-3c88-1dd6-4640-84dd30900694" testName="Remove_ShouldInvokeCallback_WhenObservable" computerName="DKSR-EFI-04" duration="00:00:00.0018467" startTime="2023-12-22T09:36:24.6505270+01:00" endTime="2023-12-22T09:36:24.7776447+01:00" testType="13cdc9d9-ddb5-4fa4-a97d-d965ccfc6d4b" outcome="Passed" testListId="8c84fa94-04c1-424b-9868-57a2d4851a1d" relativeResultsDirectory="2c72701e-a58e-4252-a44a-0cfde11672b0" />
    <UnitTestResult executionId="3d4a6fbf-85d7-4a64-baf4-da763b97ab74" testId="45b7952c-6a01-5b93-8359-f60ab9325440" testName="Serialize_TestCases (TestParentTypeMatchInterfaceThisTypeMatched)" computerName="DKSR-EFI-04" duration="00:00:00.0006221" startTime="2023-12-22T09:36:28.3757815+01:00" endTime="2023-12-22T09:36:28.3767078+01:00" testType="13cdc9d9-ddb5-4fa4-a97d-d965ccfc6d4b" outcome="Passed" testListId="8c84fa94-04c1-424b-9868-57a2d4851a1d" relativeResultsDirectory="3d4a6fbf-85d7-4a64-baf4-da763b97ab74" />
    <UnitTestResult executionId="3468fbc5-f1fa-4596-8718-9bd876503672" testId="15aede0d-e3f2-2cb3-b9cb-5b079f95b7e7" testName="ParameterConstruct3_FieldValues_Checked" computerName="DKSR-EFI-04" duration="00:00:00.0009306" startTime="2023-12-22T09:36:02.6191684+01:00" endTime="2023-12-22T09:36:02.6203172+01:00" testType="13cdc9d9-ddb5-4fa4-a97d-d965ccfc6d4b" outcome="Passed" testListId="8c84fa94-04c1-424b-9868-57a2d4851a1d" relativeResultsDirectory="3468fbc5-f1fa-4596-8718-9bd876503672" />
    <UnitTestResult executionId="e149e60b-5167-4512-9609-637f49fd0bf8" testId="0154a190-bfe2-3ee0-16ea-a097656a45bf" testName="Serialize_TestCases (Verify root Object (null) property)" computerName="DKSR-EFI-04" duration="00:00:00.0003906" startTime="2023-12-22T09:36:28.2187268+01:00" endTime="2023-12-22T09:36:28.2195383+01:00" testType="13cdc9d9-ddb5-4fa4-a97d-d965ccfc6d4b" outcome="Passed" testListId="8c84fa94-04c1-424b-9868-57a2d4851a1d" relativeResultsDirectory="e149e60b-5167-4512-9609-637f49fd0bf8" />
    <UnitTestResult executionId="0e20e2c1-4dac-4939-9f14-305395704280" testId="cacda86d-f0f9-0934-0ba5-b96987330f36" testName="GenerateDeviceCapabilityParameters_ShouldWriteDefaultValue_WhenAlways" computerName="DKSR-EFI-04" duration="00:00:00.0004948" startTime="2023-12-22T09:36:32.5626684+01:00" endTime="2023-12-22T09:36:32.5634101+01:00" testType="13cdc9d9-ddb5-4fa4-a97d-d965ccfc6d4b" outcome="Passed" testListId="8c84fa94-04c1-424b-9868-57a2d4851a1d" relativeResultsDirectory="0e20e2c1-4dac-4939-9f14-305395704280" />
    <UnitTestResult executionId="b1b5ade6-73cb-44e5-baa3-a3e6d9dddfce" testId="7e3dbd79-3540-0180-3ab0-0107f747a8a4" testName="SearchResultData_BeginTime_Success" computerName="DKSR-EFI-04" duration="00:00:00.0007059" startTime="2023-12-22T09:36:29.1629590+01:00" endTime="2023-12-22T09:36:29.1638587+01:00" testType="13cdc9d9-ddb5-4fa4-a97d-d965ccfc6d4b" outcome="Passed" testListId="8c84fa94-04c1-424b-9868-57a2d4851a1d" relativeResultsDirectory="b1b5ade6-73cb-44e5-baa3-a3e6d9dddfce" />
    <UnitTestResult executionId="f384d7e2-b78a-4155-80e9-87d383ac58be" testId="6afb1227-217c-b2e9-db11-52fb1d5fc56a" testName="Add_ShouldUpdateStartCache_WhenOldStartTimeIsLaterThanAdded" computerName="DKSR-EFI-04" duration="00:00:00.0227122" startTime="2023-12-22T09:36:33.0469933+01:00" endTime="2023-12-22T09:36:33.0699869+01:00" testType="13cdc9d9-ddb5-4fa4-a97d-d965ccfc6d4b" outcome="Passed" testListId="8c84fa94-04c1-424b-9868-57a2d4851a1d" relativeResultsDirectory="f384d7e2-b78a-4155-80e9-87d383ac58be" />
    <UnitTestResult executionId="2a2a69b8-fcaf-4456-ba22-7f7736be9713" testId="b789a227-1d2f-c14a-41cf-d52a7a553222" testName="CreateSearchResultUserControl_PluginReturnsNull_ReturnsNull" computerName="DKSR-EFI-04" duration="00:00:00.0203984" startTime="2023-12-22T09:36:29.3935266+01:00" endTime="2023-12-22T09:36:29.4309405+01:00" testType="13cdc9d9-ddb5-4fa4-a97d-d965ccfc6d4b" outcome="Passed" testListId="8c84fa94-04c1-424b-9868-57a2d4851a1d" relativeResultsDirectory="2a2a69b8-fcaf-4456-ba22-7f7736be9713" />
    <UnitTestResult executionId="5bd1e603-0c07-47cd-99a9-99da1fdb4c67" testId="79db46c4-1a13-12a0-1950-586398a93668" testName="GetWithDateTimeTimeSpanAndInt_ShouldClearCache_WhenAlways" computerName="DKSR-EFI-04" duration="00:00:00.0032860" startTime="2023-12-22T09:36:32.9379448+01:00" endTime="2023-12-22T09:36:32.9414193+01:00" testType="13cdc9d9-ddb5-4fa4-a97d-d965ccfc6d4b" outcome="Passed" testListId="8c84fa94-04c1-424b-9868-57a2d4851a1d" relativeResultsDirectory="5bd1e603-0c07-47cd-99a9-99da1fdb4c67" />
    <UnitTestResult executionId="c6cb8daa-aa7f-479f-a4ed-d04b5a45ee44" testId="399501bc-ecba-b1ca-b26c-0035e5a7aa53" testName="WriteXml_ShouldWriteDescriptionContents_WhenDescriptionIsNotNull" computerName="DKSR-EFI-04" duration="00:00:00.0011239" startTime="2023-12-22T09:36:30.8866630+01:00" endTime="2023-12-22T09:36:30.8879923+01:00" testType="13cdc9d9-ddb5-4fa4-a97d-d965ccfc6d4b" outcome="Passed" testListId="8c84fa94-04c1-424b-9868-57a2d4851a1d" relativeResultsDirectory="c6cb8daa-aa7f-479f-a4ed-d04b5a45ee44" />
    <UnitTestResult executionId="3350a6ee-de74-4451-b99b-c50350b0da4e" testId="038e82e7-0736-b906-6069-bf165dcdf81d" testName="ReadXml_ShouldReadXAttribute_WhenPresent" computerName="DKSR-EFI-04" duration="00:00:00.0003199" startTime="2023-12-22T09:36:31.6756490+01:00" endTime="2023-12-22T09:36:31.6761649+01:00" testType="13cdc9d9-ddb5-4fa4-a97d-d965ccfc6d4b" outcome="Passed" testListId="8c84fa94-04c1-424b-9868-57a2d4851a1d" relativeResultsDirectory="3350a6ee-de74-4451-b99b-c50350b0da4e" />
    <UnitTestResult executionId="9f158110-a74c-48f8-814a-f9b31ab3b015" testId="8084e41d-d0c2-8e1f-49b3-a67abb097eef" testName="ReadXml_ShouldSetAllPropertiesToZero_WhenElementIsEmpty" computerName="DKSR-EFI-04" duration="00:00:00.0014978" startTime="2023-12-22T09:36:31.6690835+01:00" endTime="2023-12-22T09:36:31.6710428+01:00" testType="13cdc9d9-ddb5-4fa4-a97d-d965ccfc6d4b" outcome="Passed" testListId="8c84fa94-04c1-424b-9868-57a2d4851a1d" relativeResultsDirectory="9f158110-a74c-48f8-814a-f9b31ab3b015" />
    <UnitTestResult executionId="8d71934c-9493-481a-96b8-3f24c7f0d267" testId="146d8b26-0f20-3176-153a-32e5f137191a" testName="Minimize_ShouldReturnThreeIntervals_WhenListContainsFiveOverLappingAndNonOverlappingIntervalsReversed" computerName="DKSR-EFI-04" duration="00:00:00.0006649" startTime="2023-12-22T09:36:15.3402591+01:00" endTime="2023-12-22T09:36:15.3410460+01:00" testType="13cdc9d9-ddb5-4fa4-a97d-d965ccfc6d4b" outcome="Passed" testListId="8c84fa94-04c1-424b-9868-57a2d4851a1d" relativeResultsDirectory="8d71934c-9493-481a-96b8-3f24c7f0d267" />
    <UnitTestResult executionId="b68c8b4d-9b0c-4d41-a01d-8e05de99c8c6" testId="21fa9385-bfaf-d1fb-f620-6ac18f449c60" testName="ReadXml_ShouldLogWarningOnlyOnceWithinOneMinute_WhenClassCandidateIsNotValid" computerName="DKSR-EFI-04" duration="00:00:00.0019869" startTime="2023-12-22T09:36:31.3890888+01:00" endTime="2023-12-22T09:36:31.3912890+01:00" testType="13cdc9d9-ddb5-4fa4-a97d-d965ccfc6d4b" outcome="Passed" testListId="8c84fa94-04c1-424b-9868-57a2d4851a1d" relativeResultsDirectory="b68c8b4d-9b0c-4d41-a01d-8e05de99c8c6" />
    <UnitTestResult executionId="df37b2ea-74a8-4e56-bce3-561bb87f3a28" testId="1e01348f-4956-9c30-5322-aed75f85144b" testName="GetGenderFilterValues_SingleSelection_Success" computerName="DKSR-EFI-04" duration="00:00:00.0069922" startTime="2023-12-22T09:36:30.2479743+01:00" endTime="2023-12-22T09:36:30.2552082+01:00" testType="13cdc9d9-ddb5-4fa4-a97d-d965ccfc6d4b" outcome="Passed" testListId="8c84fa94-04c1-424b-9868-57a2d4851a1d" relativeResultsDirectory="df37b2ea-74a8-4e56-bce3-561bb87f3a28" />
    <UnitTestResult executionId="cd53027e-9825-4eb4-aa42-99ba04f4b350" testId="30eb4594-0190-4b3a-1578-17048e926b12" testName="ReadXml_ShouldIgnoreUnknownAttributes_WhenAlways" computerName="DKSR-EFI-04" duration="00:00:00.0008011" startTime="2023-12-22T09:36:31.4649375+01:00" endTime="2023-12-22T09:36:31.4659337+01:00" testType="13cdc9d9-ddb5-4fa4-a97d-d965ccfc6d4b" outcome="Passed" testListId="8c84fa94-04c1-424b-9868-57a2d4851a1d" relativeResultsDirectory="cd53027e-9825-4eb4-aa42-99ba04f4b350" />
    <UnitTestResult executionId="cfe8425c-1d24-4afa-a33b-e0c9e1e3511c" testId="ec920726-a9ee-dd71-1f12-1fd1c5e256bd" testName="SetEvents_ShouldAddProxyManager_WhenFrameworkElementIsLoaded" computerName="DKSR-EFI-04" duration="00:00:00.0064869" startTime="2023-12-22T09:36:28.5568323+01:00" endTime="2023-12-22T09:36:28.5765026+01:00" testType="13cdc9d9-ddb5-4fa4-a97d-d965ccfc6d4b" outcome="Passed" testListId="8c84fa94-04c1-424b-9868-57a2d4851a1d" relativeResultsDirectory="cfe8425c-1d24-4afa-a33b-e0c9e1e3511c" />
    <UnitTestResult executionId="37a107c3-41dd-4341-a908-d5054fdfa526" testId="5aae0d5c-c153-7620-5b85-675beef30370" testName="TestConstructor_Success" computerName="DKSR-EFI-04" duration="00:00:00.0004232" startTime="2023-12-22T09:36:30.3131451+01:00" endTime="2023-12-22T09:36:30.3138672+01:00" testType="13cdc9d9-ddb5-4fa4-a97d-d965ccfc6d4b" outcome="Passed" testListId="8c84fa94-04c1-424b-9868-57a2d4851a1d" relativeResultsDirectory="37a107c3-41dd-4341-a908-d5054fdfa526" />
    <UnitTestResult executionId="86195a4d-1ac0-40fb-a8af-8022022c5315" testId="dd9bb228-d729-118d-1416-75302d26e796" testName="GetNextDateTime_ShouldReturnFirstDataEntityFromSecondToolkitCall_WhenDateIsBeforeFirstCachedValue" computerName="DKSR-EFI-04" duration="00:00:00.0019849" startTime="2023-12-22T09:36:32.8503640+01:00" endTime="2023-12-22T09:36:32.8525458+01:00" testType="13cdc9d9-ddb5-4fa4-a97d-d965ccfc6d4b" outcome="Passed" testListId="8c84fa94-04c1-424b-9868-57a2d4851a1d" relativeResultsDirectory="86195a4d-1ac0-40fb-a8af-8022022c5315" />
    <UnitTestResult executionId="4050e5a7-093e-4d85-bbb1-5a9f3c6f5b8a" testId="c1d75516-b54b-45bf-488a-9e0ebd61f8c4" testName="LastModified_ShouldReturnMinValue_WhenUnknownKind" computerName="DKSR-EFI-04" duration="00:00:00.0013800" startTime="2023-12-22T09:36:05.2566361+01:00" endTime="2023-12-22T09:36:05.2582160+01:00" testType="13cdc9d9-ddb5-4fa4-a97d-d965ccfc6d4b" outcome="Passed" testListId="8c84fa94-04c1-424b-9868-57a2d4851a1d" relativeResultsDirectory="4050e5a7-093e-4d85-bbb1-5a9f3c6f5b8a" />
    <UnitTestResult executionId="05e5b7d8-6ab9-40b4-b1c7-fc6accfe9e5e" testId="125978d4-3525-643c-7140-287b2e679bf8" testName="TestStartSearch_Success" computerName="DKSR-EFI-04" duration="00:00:00.0318495" startTime="2023-12-22T09:36:28.9467604+01:00" endTime="2023-12-22T09:36:28.9788544+01:00" testType="13cdc9d9-ddb5-4fa4-a97d-d965ccfc6d4b" outcome="Passed" testListId="8c84fa94-04c1-424b-9868-57a2d4851a1d" relativeResultsDirectory="05e5b7d8-6ab9-40b4-b1c7-fc6accfe9e5e" />
    <UnitTestResult executionId="87119dc6-3d70-4ee4-aeef-153053c09f1c" testId="3d26d7d8-7d79-9931-2127-8e5f6d15122c" testName="Construct5_And_Field_Check" computerName="DKSR-EFI-04" duration="00:00:00.0116194" startTime="2023-12-22T09:36:02.9530030+01:00" endTime="2023-12-22T09:36:02.9648296+01:00" testType="13cdc9d9-ddb5-4fa4-a97d-d965ccfc6d4b" outcome="Passed" testListId="8c84fa94-04c1-424b-9868-57a2d4851a1d" relativeResultsDirectory="87119dc6-3d70-4ee4-aeef-153053c09f1c" />
    <UnitTestResult executionId="e4a45387-6b91-4a22-b01a-3c033da79161" testId="372ab51f-8789-4af1-a4f9-77f4920b1bde" testName="WriteMetadataXmlWithStream_ShouldNotIncludeByteOrderMarker_WhenAlways" computerName="DKSR-EFI-04" duration="00:00:00.0015868" startTime="2023-12-22T09:36:31.2552507+01:00" endTime="2023-12-22T09:36:31.2570574+01:00" testType="13cdc9d9-ddb5-4fa4-a97d-d965ccfc6d4b" outcome="Passed" testListId="8c84fa94-04c1-424b-9868-57a2d4851a1d" relativeResultsDirectory="e4a45387-6b91-4a22-b01a-3c033da79161" />
    <UnitTestResult executionId="456aa795-9531-4276-9ecc-4e11040340b8" testId="0bb9d93a-5004-9ba8-d379-d792df82598b" testName="CreateSearchResultUserControl_MultiplePlugins_Success" computerName="DKSR-EFI-04" duration="00:00:00.0078562" startTime="2023-12-22T09:36:29.8548766+01:00" endTime="2023-12-22T09:36:29.8789900+01:00" testType="13cdc9d9-ddb5-4fa4-a97d-d965ccfc6d4b" outcome="Passed" testListId="8c84fa94-04c1-424b-9868-57a2d4851a1d" relativeResultsDirectory="456aa795-9531-4276-9ecc-4e11040340b8" />
    <UnitTestResult executionId="e46aaa7e-950a-4d3a-a85b-ac0c252a6f1d" testId="1bf83f76-33b3-45e4-acc8-af80bf4d763b" testName="ReadXml_ShouldSetAllFieldsToDefaultValues_WhenElementIsEmpty" computerName="DKSR-EFI-04" duration="00:00:00.0075195" startTime="2023-12-22T09:36:31.0812768+01:00" endTime="2023-12-22T09:36:31.0890035+01:00" testType="13cdc9d9-ddb5-4fa4-a97d-d965ccfc6d4b" outcome="Passed" testListId="8c84fa94-04c1-424b-9868-57a2d4851a1d" relativeResultsDirectory="e46aaa7e-950a-4d3a-a85b-ac0c252a6f1d" />
    <UnitTestResult executionId="d2c30828-b151-4648-834a-724bf35a0391" testId="cb973932-552d-edc5-fa30-c27e003b5121" testName="UtcTimeAttributeWasPresent_ShouldReturnFalse_WhenUtcTimeAttributeIsMissing" computerName="DKSR-EFI-04" duration="00:00:00.0003063" startTime="2023-12-22T09:36:31.1065216+01:00" endTime="2023-12-22T09:36:31.1070561+01:00" testType="13cdc9d9-ddb5-4fa4-a97d-d965ccfc6d4b" outcome="Passed" testListId="8c84fa94-04c1-424b-9868-57a2d4851a1d" relativeResultsDirectory="d2c30828-b151-4648-834a-724bf35a0391" />
    <UnitTestResult executionId="40370ce3-fb3c-4820-9cde-e74a89c924ba" testId="3319ab63-2def-0c9c-879d-16907c7c07ea" testName="ProvideValue_ShouldUpdateTarget_WhenItemDataPropertyNameChanges" computerName="DKSR-EFI-04" duration="00:00:00.0083217" startTime="2023-12-22T09:36:27.2692448+01:00" endTime="2023-12-22T09:36:27.3195975+01:00" testType="13cdc9d9-ddb5-4fa4-a97d-d965ccfc6d4b" outcome="Passed" testListId="8c84fa94-04c1-424b-9868-57a2d4851a1d" relativeResultsDirectory="40370ce3-fb3c-4820-9cde-e74a89c924ba" />
    <UnitTestResult executionId="dbab5dfa-fb06-4487-bf4d-9bb85b03d292" testId="06fb238e-15e5-388c-77b1-ee96bcd9fd48" testName="Serialize_TestCases (TestParentTypeMatchEnumThisTypeNotMatched)" computerName="DKSR-EFI-04" duration="00:00:00.0003022" startTime="2023-12-22T09:36:28.3263777+01:00" endTime="2023-12-22T09:36:28.3269926+01:00" testType="13cdc9d9-ddb5-4fa4-a97d-d965ccfc6d4b" outcome="Passed" testListId="8c84fa94-04c1-424b-9868-57a2d4851a1d" relativeResultsDirectory="dbab5dfa-fb06-4487-bf4d-9bb85b03d292" />
    <UnitTestResult executionId="cddc2df8-9468-4365-85f3-dd91a69d0519" testId="5a26cd62-bdfd-afb4-b17e-eb94ffbff81b" testName="Get_Element_Invalid" computerName="DKSR-EFI-04" duration="00:00:00.0001703" startTime="2023-12-22T09:36:30.4891391+01:00" endTime="2023-12-22T09:36:30.4895116+01:00" testType="13cdc9d9-ddb5-4fa4-a97d-d965ccfc6d4b" outcome="Passed" testListId="8c84fa94-04c1-424b-9868-57a2d4851a1d" relativeResultsDirectory="cddc2df8-9468-4365-85f3-dd91a69d0519" />
    <UnitTestResult executionId="ed0abdf7-f12a-4c94-83f1-8244e75f7564" testId="af3c7f95-5484-075f-8f9e-acca11c99bc5" testName="GetNearest_ShouldReturnNearestData_WhenTimestampIsInMiddleOfDataReturnedFromToolkit" computerName="DKSR-EFI-04" duration="00:00:00.0023454" startTime="2023-12-22T09:36:32.8859112+01:00" endTime="2023-12-22T09:36:32.8884655+01:00" testType="13cdc9d9-ddb5-4fa4-a97d-d965ccfc6d4b" outcome="Passed" testListId="8c84fa94-04c1-424b-9868-57a2d4851a1d" relativeResultsDirectory="ed0abdf7-f12a-4c94-83f1-8244e75f7564" />
    <UnitTestResult executionId="8cdb618b-99e7-4f41-82b4-5744f685a9a1" testId="beb002c5-eb95-8910-8bc5-4aa180fe028d" testName="IsValid_ShouldReturnFalse_WhenLikelihoodIsZero" computerName="DKSR-EFI-04" duration="00:00:00.0007321" startTime="2023-12-22T09:36:30.9412152+01:00" endTime="2023-12-22T09:36:30.9421449+01:00" testType="13cdc9d9-ddb5-4fa4-a97d-d965ccfc6d4b" outcome="Passed" testListId="8c84fa94-04c1-424b-9868-57a2d4851a1d" relativeResultsDirectory="8cdb618b-99e7-4f41-82b4-5744f685a9a1" />
    <UnitTestResult executionId="623201f4-e785-4795-8f71-9652fa6991b5" testId="87624c9b-97b8-ed79-9d92-4a653ba64699" testName="Add_CacheItemExpires_ItemRemovedFromCacheAfterExpirationAndPostRemovalActionExecuted" computerName="DKSR-EFI-04" duration="00:00:00.5263003" startTime="2023-12-22T09:36:15.5111925+01:00" endTime="2023-12-22T09:36:16.0376591+01:00" testType="13cdc9d9-ddb5-4fa4-a97d-d965ccfc6d4b" outcome="Passed" testListId="8c84fa94-04c1-424b-9868-57a2d4851a1d" relativeResultsDirectory="623201f4-e785-4795-8f71-9652fa6991b5" />
    <UnitTestResult executionId="cdf735be-b149-4053-acab-9684c2f49693" testId="1bb65b8b-a8a2-1654-89b4-e0a9b34ce5a7" testName="GenerateEnumValueParameters_ShouldWriteId_WhenAlways" computerName="DKSR-EFI-04" duration="00:00:00.0008943" startTime="2023-12-22T09:36:32.5757741+01:00" endTime="2023-12-22T09:36:32.5768627+01:00" testType="13cdc9d9-ddb5-4fa4-a97d-d965ccfc6d4b" outcome="Passed" testListId="8c84fa94-04c1-424b-9868-57a2d4851a1d" relativeResultsDirectory="cdf735be-b149-4053-acab-9684c2f49693" />
    <UnitTestResult executionId="e46222be-4199-4210-805b-695f9243cbae" testId="cb701829-9c23-dcf0-e438-8208a51f3dd4" testName="GenerateParameters_ShouldWriteCodecListWithAllGivenCodecs_WhenCodecSetHasEntries" computerName="DKSR-EFI-04" duration="00:00:00.0034627" startTime="2023-12-22T09:36:32.5144346+01:00" endTime="2023-12-22T09:36:32.5181116+01:00" testType="13cdc9d9-ddb5-4fa4-a97d-d965ccfc6d4b" outcome="Passed" testListId="8c84fa94-04c1-424b-9868-57a2d4851a1d" relativeResultsDirectory="e46222be-4199-4210-805b-695f9243cbae" />
    <UnitTestResult executionId="871385e1-0685-44e7-b214-608cc1a63989" testId="6b68b022-949d-c4fe-8f3f-d5c254031f0f" testName="GetPrevious_ShouldReturnNull_WhenCacheHasJustBenLoadedWithNewData" computerName="DKSR-EFI-04" duration="00:00:00.0003549" startTime="2023-12-22T09:36:32.6490771+01:00" endTime="2023-12-22T09:36:32.6496084+01:00" testType="13cdc9d9-ddb5-4fa4-a97d-d965ccfc6d4b" outcome="Passed" testListId="8c84fa94-04c1-424b-9868-57a2d4851a1d" relativeResultsDirectory="871385e1-0685-44e7-b214-608cc1a63989" />
    <UnitTestResult executionId="08f04499-904e-40fb-a378-e6e37763b329" testId="d1e0da8d-6305-778c-2487-62302266275e" testName="Append_PropertyKey_Value_Parted" computerName="DKSR-EFI-04" duration="00:00:00.0002228" startTime="2023-12-22T09:36:30.3560588+01:00" endTime="2023-12-22T09:36:30.3564798+01:00" testType="13cdc9d9-ddb5-4fa4-a97d-d965ccfc6d4b" outcome="Passed" testListId="8c84fa94-04c1-424b-9868-57a2d4851a1d" relativeResultsDirectory="08f04499-904e-40fb-a378-e6e37763b329" />
    <UnitTestResult executionId="03a66394-0de3-4903-8fd6-f95ef7294579" testId="31917703-2acf-fc86-64fa-04fcf338cdb6" testName="OverlapsWith_ShouldThrowArgumentException_WhenTheStartAndEndTimeKindsAreDifferent" computerName="DKSR-EFI-04" duration="00:00:00.0008443" startTime="2023-12-22T09:36:15.2949176+01:00" endTime="2023-12-22T09:36:15.2958784+01:00" testType="13cdc9d9-ddb5-4fa4-a97d-d965ccfc6d4b" outcome="Passed" testListId="8c84fa94-04c1-424b-9868-57a2d4851a1d" relativeResultsDirectory="03a66394-0de3-4903-8fd6-f95ef7294579" />
    <UnitTestResult executionId="2b9c9e67-92f8-41a9-bd1a-a4f31c73a915" testId="b017e7d9-0b01-2855-1b02-e7d76489a091" testName="Serialize_TestCases (Verify root Struct property get property value)" computerName="DKSR-EFI-04" duration="00:00:00.0004009" startTime="2023-12-22T09:36:28.2135857+01:00" endTime="2023-12-22T09:36:28.2143272+01:00" testType="13cdc9d9-ddb5-4fa4-a97d-d965ccfc6d4b" outcome="Passed" testListId="8c84fa94-04c1-424b-9868-57a2d4851a1d" relativeResultsDirectory="2b9c9e67-92f8-41a9-bd1a-a4f31c73a915" />
    <UnitTestResult executionId="5a1b1721-f508-4863-abe5-449202e72335" testId="b8b5d1da-4dc1-76f1-a2bd-31503c4d0668" testName="EqualGuids_Fail_OnServerIdId" computerName="DKSR-EFI-04" duration="00:00:00.0003583" startTime="2023-12-22T09:36:02.7070301+01:00" endTime="2023-12-22T09:36:02.7075006+01:00" testType="13cdc9d9-ddb5-4fa4-a97d-d965ccfc6d4b" outcome="Passed" testListId="8c84fa94-04c1-424b-9868-57a2d4851a1d" relativeResultsDirectory="5a1b1721-f508-4863-abe5-449202e72335" />
    <UnitTestResult executionId="26ff8499-2bee-4b65-a153-1cfbd0aaa262" testId="a831aa49-5e6b-6ed4-4885-992999205a90" testName="GetParent_Success" computerName="DKSR-EFI-04" duration="00:00:00.0226127" startTime="2023-12-22T09:36:02.7172741+01:00" endTime="2023-12-22T09:36:02.7400611+01:00" testType="13cdc9d9-ddb5-4fa4-a97d-d965ccfc6d4b" outcome="Passed" testListId="8c84fa94-04c1-424b-9868-57a2d4851a1d" relativeResultsDirectory="26ff8499-2bee-4b65-a153-1cfbd0aaa262" />
    <UnitTestResult executionId="ed3647ce-05e2-4ddc-bfc7-9ef914d7d971" testId="c82ad357-66af-6f7d-49fa-5184f10411f5" testName="ReadXml_ShouldReadSpeed_WhenSpeedIsPresent" computerName="DKSR-EFI-04" duration="00:00:00.0002549" startTime="2023-12-22T09:36:31.3523429+01:00" endTime="2023-12-22T09:36:31.3527879+01:00" testType="13cdc9d9-ddb5-4fa4-a97d-d965ccfc6d4b" outcome="Passed" testListId="8c84fa94-04c1-424b-9868-57a2d4851a1d" relativeResultsDirectory="ed3647ce-05e2-4ddc-bfc7-9ef914d7d971" />
    <UnitTestResult executionId="20860948-ff34-4a69-9f7d-e3883cbcf1e4" testId="c15be519-b8fe-48e7-7703-7b1ac1a61e7f" testName="Unauthorized_Success" computerName="DKSR-EFI-04" duration="00:00:00.0015570" startTime="2023-12-22T09:36:30.7516551+01:00" endTime="2023-12-22T09:36:30.7534017+01:00" testType="13cdc9d9-ddb5-4fa4-a97d-d965ccfc6d4b" outcome="Passed" testListId="8c84fa94-04c1-424b-9868-57a2d4851a1d" relativeResultsDirectory="20860948-ff34-4a69-9f7d-e3883cbcf1e4" />
    <UnitTestResult executionId="6c879a1d-6901-466a-aa3d-b4a91262adba" testId="3487929c-15fb-a7da-5bec-346afcbec7da" testName="ReadXml_ShouldLogWarningTwiceWhenMoreThanOneMinuteBetweenWarnings_WhenBoundingBoxIsMissing" computerName="DKSR-EFI-04" duration="00:00:00.0024207" startTime="2023-12-22T09:36:31.5697141+01:00" endTime="2023-12-22T09:36:31.5723455+01:00" testType="13cdc9d9-ddb5-4fa4-a97d-d965ccfc6d4b" outcome="Passed" testListId="8c84fa94-04c1-424b-9868-57a2d4851a1d" relativeResultsDirectory="6c879a1d-6901-466a-aa3d-b4a91262adba" />
    <UnitTestResult executionId="01ff979c-c845-4207-850f-bf149c3812db" testId="9fd340a4-bdf1-80dc-4aa5-677b8c727a2b" testName="Equals_Fail_OnServerIdNull" computerName="DKSR-EFI-04" duration="00:00:00.0003517" startTime="2023-12-22T09:36:02.6994297+01:00" endTime="2023-12-22T09:36:02.6998952+01:00" testType="13cdc9d9-ddb5-4fa4-a97d-d965ccfc6d4b" outcome="Passed" testListId="8c84fa94-04c1-424b-9868-57a2d4851a1d" relativeResultsDirectory="01ff979c-c845-4207-850f-bf149c3812db" />
    <UnitTestResult executionId="5164966b-fd5e-45e3-8a2c-f22eb2b177a5" testId="93692a07-3a10-4489-765e-ef79d18cf4d4" testName="Equals_ShouldReturnTrue_WhenOnlyServerTypeIsDifferent" computerName="DKSR-EFI-04" duration="00:00:00.0398640" startTime="2023-12-22T09:36:04.1303858+01:00" endTime="2023-12-22T09:36:04.1706550+01:00" testType="13cdc9d9-ddb5-4fa4-a97d-d965ccfc6d4b" outcome="Passed" testListId="8c84fa94-04c1-424b-9868-57a2d4851a1d" relativeResultsDirectory="5164966b-fd5e-45e3-8a2c-f22eb2b177a5" />
    <UnitTestResult executionId="f6ce3607-d33a-4435-84f7-42dcbd63e22c" testId="8a8663da-3c48-e3de-3195-bc33f43c17d1" testName="Equals_ShouldHaveValueSemantics_Always" computerName="DKSR-EFI-04" duration="00:00:00.0007362" startTime="2023-12-22T09:36:31.3651385+01:00" endTime="2023-12-22T09:36:31.3660856+01:00" testType="13cdc9d9-ddb5-4fa4-a97d-d965ccfc6d4b" outcome="Passed" testListId="8c84fa94-04c1-424b-9868-57a2d4851a1d" relativeResultsDirectory="f6ce3607-d33a-4435-84f7-42dcbd63e22c" />
    <UnitTestResult executionId="817295a2-da2c-40f7-8f4d-e323f49fe718" testId="140c6661-e4ad-8b7b-ad2a-b9df65337e63" testName="ReadXml_ShouldSetIsRemoved_WhenRemovedElementIsPresentWithCorrectNamespace" computerName="DKSR-EFI-04" duration="00:00:00.0002189" startTime="2023-12-22T09:36:30.9136496+01:00" endTime="2023-12-22T09:36:30.9140748+01:00" testType="13cdc9d9-ddb5-4fa4-a97d-d965ccfc6d4b" outcome="Passed" testListId="8c84fa94-04c1-424b-9868-57a2d4851a1d" relativeResultsDirectory="817295a2-da2c-40f7-8f4d-e323f49fe718" />
    <UnitTestResult executionId="6e421712-17a5-4d14-9352-cea413c6af55" testId="3f059c6a-7cda-fa81-0b37-29c0a5c4596b" testName="AllAttributesWerePresent_ShouldReturnFalse_WhenRightAttributeIsNotAFloat" computerName="DKSR-EFI-04" duration="00:00:00.0003764" startTime="2023-12-22T09:36:31.4840792+01:00" endTime="2023-12-22T09:36:31.4846560+01:00" testType="13cdc9d9-ddb5-4fa4-a97d-d965ccfc6d4b" outcome="Passed" testListId="8c84fa94-04c1-424b-9868-57a2d4851a1d" relativeResultsDirectory="6e421712-17a5-4d14-9352-cea413c6af55" />
    <UnitTestResult executionId="d065ad86-e53c-4583-b352-08354a907318" testId="36329e9d-989b-9474-5a40-51eec07faa7c" testName="ProvideValue_ShouldNotSetTargetProperty_WhenMultipleItemsSelected" computerName="DKSR-EFI-04" duration="00:00:00.0023253" startTime="2023-12-22T09:36:27.9564328+01:00" endTime="2023-12-22T09:36:27.9840035+01:00" testType="13cdc9d9-ddb5-4fa4-a97d-d965ccfc6d4b" outcome="Passed" testListId="8c84fa94-04c1-424b-9868-57a2d4851a1d" relativeResultsDirectory="d065ad86-e53c-4583-b352-08354a907318" />
    <UnitTestResult executionId="6d8679e0-82a7-4d75-87b7-38f980bdc303" testId="b82f6040-62f7-3594-e125-274383902f8c" testName="GetChildrenSorted_And_Check" computerName="DKSR-EFI-04" duration="00:00:00.0256564" startTime="2023-12-22T09:36:03.0855979+01:00" endTime="2023-12-22T09:36:03.1114594+01:00" testType="13cdc9d9-ddb5-4fa4-a97d-d965ccfc6d4b" outcome="Passed" testListId="8c84fa94-04c1-424b-9868-57a2d4851a1d" relativeResultsDirectory="6d8679e0-82a7-4d75-87b7-38f980bdc303" />
    <UnitTestResult executionId="56c2e90e-ec7c-4e85-8ba7-2952453fcf44" testId="619f6d51-fe63-6aad-4d71-b62b6294bc5d" testName="ProvideValue_ShouldUseItemDataValue_WhenItemIsVideoOSDropDownItem" computerName="DKSR-EFI-04" duration="00:00:00.0070477" startTime="2023-12-22T09:36:27.0818158+01:00" endTime="2023-12-22T09:36:27.1245756+01:00" testType="13cdc9d9-ddb5-4fa4-a97d-d965ccfc6d4b" outcome="Passed" testListId="8c84fa94-04c1-424b-9868-57a2d4851a1d" relativeResultsDirectory="56c2e90e-ec7c-4e85-8ba7-2952453fcf44" />
    <UnitTestResult executionId="3c76f0ca-ee2c-4461-bf78-ca3c00795ec9" testId="b1896dd7-6634-6c9f-92ab-cd4904bba1dc" testName="Clear_ShouldEmptyCollectionAndResetTimeStamps_WhenCalled" computerName="DKSR-EFI-04" duration="00:00:00.0245445" startTime="2023-12-22T09:36:33.1390230+01:00" endTime="2023-12-22T09:36:33.1652698+01:00" testType="13cdc9d9-ddb5-4fa4-a97d-d965ccfc6d4b" outcome="Passed" testListId="8c84fa94-04c1-424b-9868-57a2d4851a1d" relativeResultsDirectory="3c76f0ca-ee2c-4461-bf78-ca3c00795ec9" />
    <UnitTestResult executionId="1f52e071-e477-4d93-a2b3-0cd02b6b08ec" testId="c64fce4a-0ee6-9d1f-f96c-3f0744a2a23b" testName="SplitString_When2Levels_Trims" computerName="DKSR-EFI-04" duration="00:00:00.0005102" startTime="2023-12-22T09:36:15.2712295+01:00" endTime="2023-12-22T09:36:15.2718773+01:00" testType="13cdc9d9-ddb5-4fa4-a97d-d965ccfc6d4b" outcome="Passed" testListId="8c84fa94-04c1-424b-9868-57a2d4851a1d" relativeResultsDirectory="1f52e071-e477-4d93-a2b3-0cd02b6b08ec" />
    <UnitTestResult executionId="0207f71f-e395-46ef-a64f-416032bdd709" testId="3e3f253d-53ac-8cf4-0542-5e51ee7168ea" testName="Serialize_TestCases (TestParentTypeMatchObjectNotThisTypeNotMatchedProperty)" computerName="DKSR-EFI-04" duration="00:00:00.0005137" startTime="2023-12-22T09:36:28.3611826+01:00" endTime="2023-12-22T09:36:28.3620013+01:00" testType="13cdc9d9-ddb5-4fa4-a97d-d965ccfc6d4b" outcome="Passed" testListId="8c84fa94-04c1-424b-9868-57a2d4851a1d" relativeResultsDirectory="0207f71f-e395-46ef-a64f-416032bdd709" />
    <UnitTestResult executionId="c649b958-63b9-47a4-a818-4811405b36a9" testId="ebbe7258-4b65-15e9-219f-9eb6e860514c" testName="Append_Property_Path" computerName="DKSR-EFI-04" duration="00:00:00.0325950" startTime="2023-12-22T09:36:30.3693176+01:00" endTime="2023-12-22T09:36:30.4021488+01:00" testType="13cdc9d9-ddb5-4fa4-a97d-d965ccfc6d4b" outcome="Passed" testListId="8c84fa94-04c1-424b-9868-57a2d4851a1d" relativeResultsDirectory="c649b958-63b9-47a4-a818-4811405b36a9" />
    <UnitTestResult executionId="a767ed7d-4bde-4a98-afc8-b4e8aef2dbe9" testId="fa6e843e-faa4-966b-f711-d61b61e7366c" testName="ReadXml_ShouldIgnoreClassCandidate_WhenClassCandidateIsNotValid" computerName="DKSR-EFI-04" duration="00:00:00.0013762" startTime="2023-12-22T09:36:31.3836488+01:00" endTime="2023-12-22T09:36:31.3852272+01:00" testType="13cdc9d9-ddb5-4fa4-a97d-d965ccfc6d4b" outcome="Passed" testListId="8c84fa94-04c1-424b-9868-57a2d4851a1d" relativeResultsDirectory="a767ed7d-4bde-4a98-afc8-b4e8aef2dbe9" />
    <UnitTestResult executionId="6004f6d8-d118-421b-85a9-630cdc9cecb4" testId="4ea99d78-cb91-34d0-2b2f-1a553700bba9" testName="WriteXml_ShouldNotWriteAnElement_WhenTheValueIsNull" computerName="DKSR-EFI-04" duration="00:00:00.0005311" startTime="2023-12-22T09:36:31.3593242+01:00" endTime="2023-12-22T09:36:31.3601430+01:00" testType="13cdc9d9-ddb5-4fa4-a97d-d965ccfc6d4b" outcome="Passed" testListId="8c84fa94-04c1-424b-9868-57a2d4851a1d" relativeResultsDirectory="6004f6d8-d118-421b-85a9-630cdc9cecb4" />
    <UnitTestResult executionId="aba04b08-8cdd-4845-96f4-8f1bf1f79c2f" testId="f0783c93-05f5-3c2a-1813-26adff12a929" testName="Parse_StringArray" computerName="DKSR-EFI-04" duration="00:00:00.0008104" startTime="2023-12-22T09:36:30.4804235+01:00" endTime="2023-12-22T09:36:30.4814513+01:00" testType="13cdc9d9-ddb5-4fa4-a97d-d965ccfc6d4b" outcome="Passed" testListId="8c84fa94-04c1-424b-9868-57a2d4851a1d" relativeResultsDirectory="aba04b08-8cdd-4845-96f4-8f1bf1f79c2f" />
    <UnitTestResult executionId="aa9424a9-fc60-447d-a8b1-7370577d1ffe" testId="19b10478-a96f-f7e7-c2b8-f210ce21c3d4" testName="CountByItems_NotActivated_Trial" computerName="DKSR-EFI-04" duration="00:00:00.0010150" startTime="2023-12-22T09:36:32.4232363+01:00" endTime="2023-12-22T09:36:32.4244735+01:00" testType="13cdc9d9-ddb5-4fa4-a97d-d965ccfc6d4b" outcome="Passed" testListId="8c84fa94-04c1-424b-9868-57a2d4851a1d" relativeResultsDirectory="aa9424a9-fc60-447d-a8b1-7370577d1ffe" />
    <UnitTestResult executionId="ef9a2231-e9d0-45de-ad6e-6a059535ef32" testId="df8b49a4-30ab-6656-067f-36c17b41346a" testName="Serialize_TestCases (TestParentTypeMatchStringNotThisTypeMatched)" computerName="DKSR-EFI-04" duration="00:00:00.0003156" startTime="2023-12-22T09:36:28.2932931+01:00" endTime="2023-12-22T09:36:28.2939220+01:00" testType="13cdc9d9-ddb5-4fa4-a97d-d965ccfc6d4b" outcome="Passed" testListId="8c84fa94-04c1-424b-9868-57a2d4851a1d" relativeResultsDirectory="ef9a2231-e9d0-45de-ad6e-6a059535ef32" />
    <UnitTestResult executionId="30c7ea9a-bae7-49d7-82c2-d92dc815d220" testId="5ce9e10d-7d63-e829-dad3-2b21af48d9a3" testName="Equals_IgnoreFolderType_Fail_OnServerIdNull" computerName="DKSR-EFI-04" duration="00:00:00.0003493" startTime="2023-12-22T09:36:02.6907309+01:00" endTime="2023-12-22T09:36:02.6911743+01:00" testType="13cdc9d9-ddb5-4fa4-a97d-d965ccfc6d4b" outcome="Passed" testListId="8c84fa94-04c1-424b-9868-57a2d4851a1d" relativeResultsDirectory="30c7ea9a-bae7-49d7-82c2-d92dc815d220" />
    <UnitTestResult executionId="9035ada2-b6c1-4880-8361-49f4b55856c8" testId="5f559e43-4e08-7018-bc21-dc71856c4701" testName="WriteXml_ShouldOmitElements_WhenTheyAreNull" computerName="DKSR-EFI-04" duration="00:00:00.0037671" startTime="2023-12-22T09:36:30.8601119+01:00" endTime="2023-12-22T09:36:30.8640932+01:00" testType="13cdc9d9-ddb5-4fa4-a97d-d965ccfc6d4b" outcome="Passed" testListId="8c84fa94-04c1-424b-9868-57a2d4851a1d" relativeResultsDirectory="9035ada2-b6c1-4880-8361-49f4b55856c8" />
    <UnitTestResult executionId="199919d4-5b87-43fe-a14f-acbcc6efa98e" testId="0be364f3-65a8-13b6-624b-a54197fbf75c" testName="ToString_MipItemSet_Has_Value" computerName="DKSR-EFI-04" duration="00:00:00.0003809" startTime="2023-12-22T09:36:23.1282367+01:00" endTime="2023-12-22T09:36:23.1288783+01:00" testType="13cdc9d9-ddb5-4fa4-a97d-d965ccfc6d4b" outcome="Passed" testListId="8c84fa94-04c1-424b-9868-57a2d4851a1d" relativeResultsDirectory="199919d4-5b87-43fe-a14f-acbcc6efa98e" />
    <UnitTestResult executionId="ec899257-8f36-4fe8-a2e8-5369138e6911" testId="31051539-7cfa-1db5-4cea-df2287622770" testName="TestConstructor_ExceptionParameters_Success" computerName="DKSR-EFI-04" duration="00:00:00.0009195" startTime="2023-12-22T09:36:30.3073760+01:00" endTime="2023-12-22T09:36:30.3085008+01:00" testType="13cdc9d9-ddb5-4fa4-a97d-d965ccfc6d4b" outcome="Passed" testListId="8c84fa94-04c1-424b-9868-57a2d4851a1d" relativeResultsDirectory="ec899257-8f36-4fe8-a2e8-5369138e6911" />
    <UnitTestResult executionId="b81162ec-697b-4338-8c15-3592c75d309a" testId="59e10b82-f701-4ec1-bb24-9886531bdbb4" testName="Ctor_NoStandardFilters_Success" computerName="DKSR-EFI-04" duration="00:00:00.0002277" startTime="2023-12-22T09:36:30.2632981+01:00" endTime="2023-12-22T09:36:30.2637347+01:00" testType="13cdc9d9-ddb5-4fa4-a97d-d965ccfc6d4b" outcome="Passed" testListId="8c84fa94-04c1-424b-9868-57a2d4851a1d" relativeResultsDirectory="b81162ec-697b-4338-8c15-3592c75d309a" />
    <UnitTestResult executionId="ab6fefb6-2359-470b-ad5a-abedc993a622" testId="4d993a4f-76c0-7cf9-2048-40644000ecc0" testName="Construction_Array" computerName="DKSR-EFI-04" duration="00:00:00.0018104" startTime="2023-12-22T09:36:30.3235417+01:00" endTime="2023-12-22T09:36:30.3257827+01:00" testType="13cdc9d9-ddb5-4fa4-a97d-d965ccfc6d4b" outcome="Passed" testListId="8c84fa94-04c1-424b-9868-57a2d4851a1d" relativeResultsDirectory="ab6fefb6-2359-470b-ad5a-abedc993a622" />
    <UnitTestResult executionId="4ec79ad2-14f1-42cf-9ca7-bbd4c7d68641" testId="7fb5739f-7a0e-9d63-4cc0-4564c77d7249" testName="Add_NullValue_Success" computerName="DKSR-EFI-04" duration="00:00:00.0002114" startTime="2023-12-22T09:36:15.5015667+01:00" endTime="2023-12-22T09:36:15.5018921+01:00" testType="13cdc9d9-ddb5-4fa4-a97d-d965ccfc6d4b" outcome="Passed" testListId="8c84fa94-04c1-424b-9868-57a2d4851a1d" relativeResultsDirectory="4ec79ad2-14f1-42cf-9ca7-bbd4c7d68641" />
    <UnitTestResult executionId="469cb1fc-7cd4-45f6-896b-ef24d025a24b" testId="8ff1a4be-4c7a-03eb-1e8d-280cdf27a49d" testName="HasExtensionDataPresent_ShouldReturnTrue_WhenFillColorIsSet" computerName="DKSR-EFI-04" duration="00:00:00.0002680" startTime="2023-12-22T09:36:31.4559926+01:00" endTime="2023-12-22T09:36:31.4565187+01:00" testType="13cdc9d9-ddb5-4fa4-a97d-d965ccfc6d4b" outcome="Passed" testListId="8c84fa94-04c1-424b-9868-57a2d4851a1d" relativeResultsDirectory="469cb1fc-7cd4-45f6-896b-ef24d025a24b" />
    <UnitTestResult executionId="e10d7779-7eae-4c61-b085-5089b3e86eda" testId="cd5d5b03-5245-1a1a-d06b-cf567b1e8b7a" testName="Serialize_TestCases (TestParentAllPrimitiveTypeMatchDoubleThisTypeMatched)" computerName="DKSR-EFI-04" duration="00:00:00.0003566" startTime="2023-12-22T09:36:28.4730518+01:00" endTime="2023-12-22T09:36:28.4737446+01:00" testType="13cdc9d9-ddb5-4fa4-a97d-d965ccfc6d4b" outcome="Passed" testListId="8c84fa94-04c1-424b-9868-57a2d4851a1d" relativeResultsDirectory="e10d7779-7eae-4c61-b085-5089b3e86eda" />
    <UnitTestResult executionId="97b7dd2c-db22-4dc8-bc49-170e91f62f47" testId="b2538acc-438d-df18-2761-19b1ee3522d9" testName="GenerateParameters_ShouldWriteGopRange_WhenGopRangeIsNotNull" computerName="DKSR-EFI-04" duration="00:00:00.0005088" startTime="2023-12-22T09:36:32.5373121+01:00" endTime="2023-12-22T09:36:32.5380167+01:00" testType="13cdc9d9-ddb5-4fa4-a97d-d965ccfc6d4b" outcome="Passed" testListId="8c84fa94-04c1-424b-9868-57a2d4851a1d" relativeResultsDirectory="97b7dd2c-db22-4dc8-bc49-170e91f62f47" />
    <UnitTestResult executionId="ee7eadba-5584-41dc-ae43-0647efce0b52" testId="6e083e3d-bf62-ee30-d2f0-b17d35c633ea" testName="AllAttributesWerePresent_ShouldReturnTrue_WhenBothXAndYAreFloats" computerName="DKSR-EFI-04" duration="00:00:00.0002809" startTime="2023-12-22T09:36:31.4855264+01:00" endTime="2023-12-22T09:36:31.4860076+01:00" testType="13cdc9d9-ddb5-4fa4-a97d-d965ccfc6d4b" outcome="Passed" testListId="8c84fa94-04c1-424b-9868-57a2d4851a1d" relativeResultsDirectory="ee7eadba-5584-41dc-ae43-0647efce0b52" />
    <UnitTestResult executionId="52d11c2f-6945-4ac0-92b5-bd9999b8accd" testId="468a7b03-b2a7-446e-1f1f-8f32f73da7b5" testName="Set_Int" computerName="DKSR-EFI-04" duration="00:00:00.0007375" startTime="2023-12-22T09:36:30.4748793+01:00" endTime="2023-12-22T09:36:30.4758235+01:00" testType="13cdc9d9-ddb5-4fa4-a97d-d965ccfc6d4b" outcome="Passed" testListId="8c84fa94-04c1-424b-9868-57a2d4851a1d" relativeResultsDirectory="52d11c2f-6945-4ac0-92b5-bd9999b8accd" />
    <UnitTestResult executionId="daf86a3d-89bd-4d35-97ea-b41214ca6574" testId="b6b829e1-8625-e08b-65bd-cadec1f50563" testName="Serialize_TestCases (TestParentTypeMatchCollectionThisTypeNotMatched)" computerName="DKSR-EFI-04" duration="00:00:00.0001786" startTime="2023-12-22T09:36:28.3660307+01:00" endTime="2023-12-22T09:36:28.3665479+01:00" testType="13cdc9d9-ddb5-4fa4-a97d-d965ccfc6d4b" outcome="Passed" testListId="8c84fa94-04c1-424b-9868-57a2d4851a1d" relativeResultsDirectory="daf86a3d-89bd-4d35-97ea-b41214ca6574" />
    <UnitTestResult executionId="17028b09-c817-4a70-967b-af52bc8af19c" testId="7b6146d5-494f-1a0e-d576-98303b0c58b5" testName="Serialize_TestCases (TestParentTypeMatchStructThisTypeMatched)" computerName="DKSR-EFI-04" duration="00:00:00.0006211" startTime="2023-12-22T09:36:28.3344437+01:00" endTime="2023-12-22T09:36:28.3353740+01:00" testType="13cdc9d9-ddb5-4fa4-a97d-d965ccfc6d4b" outcome="Passed" testListId="8c84fa94-04c1-424b-9868-57a2d4851a1d" relativeResultsDirectory="17028b09-c817-4a70-967b-af52bc8af19c" />
    <UnitTestResult executionId="c372cc78-19bd-465e-92e6-ecf64098d4bd" testId="a67e2ec6-c284-283e-f6bb-5df24e13d453" testName="GetAgeFilterValue_FilterValueMissing_ReturnsEmptyCollection" computerName="DKSR-EFI-04" duration="00:00:00.0009317" startTime="2023-12-22T09:36:30.2335325+01:00" endTime="2023-12-22T09:36:30.2346520+01:00" testType="13cdc9d9-ddb5-4fa4-a97d-d965ccfc6d4b" outcome="Passed" testListId="8c84fa94-04c1-424b-9868-57a2d4851a1d" relativeResultsDirectory="c372cc78-19bd-465e-92e6-ecf64098d4bd" />
    <UnitTestResult executionId="e1cc20ef-5fbe-41da-b546-2cd31807df3f" testId="ba5d0a4c-06cb-f46b-47c1-8da0bac9ec51" testName="WriteXml_ShouldWriteElementsInCorrectOrder_WhenThereAreElements" computerName="DKSR-EFI-04" duration="00:00:00.0046981" startTime="2023-12-22T09:36:30.8649209+01:00" endTime="2023-12-22T09:36:30.8698307+01:00" testType="13cdc9d9-ddb5-4fa4-a97d-d965ccfc6d4b" outcome="Passed" testListId="8c84fa94-04c1-424b-9868-57a2d4851a1d" relativeResultsDirectory="e1cc20ef-5fbe-41da-b546-2cd31807df3f" />
    <UnitTestResult executionId="1f0dbb62-f19e-4668-862f-f7ae16f81ed5" testId="49bc91b3-0e58-95cf-9899-940758bf9038" testName="GetChildren_And_Check" computerName="DKSR-EFI-04" duration="00:00:00.0097414" startTime="2023-12-22T09:36:03.0749311+01:00" endTime="2023-12-22T09:36:03.0848676+01:00" testType="13cdc9d9-ddb5-4fa4-a97d-d965ccfc6d4b" outcome="Passed" testListId="8c84fa94-04c1-424b-9868-57a2d4851a1d" relativeResultsDirectory="1f0dbb62-f19e-4668-862f-f7ae16f81ed5" />
    <UnitTestResult executionId="1982f8bd-99f7-42fc-b93a-b32005091908" testId="d0ba50f6-c050-7856-3856-4bb2c3dada0c" testName="ReadXml_ShouldLogWarning_WhenTypeIsNotPresent" computerName="DKSR-EFI-04" duration="00:00:00.0013164" startTime="2023-12-22T09:36:30.9717880+01:00" endTime="2023-12-22T09:36:30.9733004+01:00" testType="13cdc9d9-ddb5-4fa4-a97d-d965ccfc6d4b" outcome="Passed" testListId="8c84fa94-04c1-424b-9868-57a2d4851a1d" relativeResultsDirectory="1982f8bd-99f7-42fc-b93a-b32005091908" />
    <UnitTestResult executionId="56f9bd30-b0b8-417c-ae68-5243e9a37973" testId="27817c8c-6c0d-bb4b-da4e-d6836f9c5d12" testName="IsEmptyValue_DoubleRangeFilterValue_ValuesAtMinimumAndMaximum_ReturnsTrue" computerName="DKSR-EFI-04" duration="00:00:00.0003714" startTime="2023-12-22T09:36:28.8119426+01:00" endTime="2023-12-22T09:36:28.8124961+01:00" testType="13cdc9d9-ddb5-4fa4-a97d-d965ccfc6d4b" outcome="Passed" testListId="8c84fa94-04c1-424b-9868-57a2d4851a1d" relativeResultsDirectory="56f9bd30-b0b8-417c-ae68-5243e9a37973" />
    <UnitTestResult executionId="b2a3e524-aa7d-48f2-92de-4048cd5e0d39" testId="708c93d9-3b87-f482-2b59-76adaefd6f67" testName="GetPrevious_ShouldReturnNull_WhenThereIsNoPrevoiusEntryAfterCallToFindCacheEntryBefore" computerName="DKSR-EFI-04" duration="00:00:00.0003728" startTime="2023-12-22T09:36:32.6477840+01:00" endTime="2023-12-22T09:36:32.6483668+01:00" testType="13cdc9d9-ddb5-4fa4-a97d-d965ccfc6d4b" outcome="Passed" testListId="8c84fa94-04c1-424b-9868-57a2d4851a1d" relativeResultsDirectory="b2a3e524-aa7d-48f2-92de-4048cd5e0d39" />
    <UnitTestResult executionId="d98df410-ea43-4875-aa5b-f57aefd3eec0" testId="834e87af-89d1-a13c-6891-c9c741194fd8" testName="Serialize_TestCases (TestParentTypeMatchStringThisTypeNotMatched)" computerName="DKSR-EFI-04" duration="00:00:00.0003441" startTime="2023-12-22T09:36:28.2918026+01:00" endTime="2023-12-22T09:36:28.2924739+01:00" testType="13cdc9d9-ddb5-4fa4-a97d-d965ccfc6d4b" outcome="Passed" testListId="8c84fa94-04c1-424b-9868-57a2d4851a1d" relativeResultsDirectory="d98df410-ea43-4875-aa5b-f57aefd3eec0" />
    <UnitTestResult executionId="27f1320a-09cd-48be-9d81-49504b1fe43e" testId="43fa12a9-d1b1-aa83-498c-58e3064824e3" testName="ReadXml_ShouldReadFontFamilyAttribute_WhenPresent" computerName="DKSR-EFI-04" duration="00:00:00.0002747" startTime="2023-12-22T09:36:31.0413529+01:00" endTime="2023-12-22T09:36:31.0418335+01:00" testType="13cdc9d9-ddb5-4fa4-a97d-d965ccfc6d4b" outcome="Passed" testListId="8c84fa94-04c1-424b-9868-57a2d4851a1d" relativeResultsDirectory="27f1320a-09cd-48be-9d81-49504b1fe43e" />
    <UnitTestResult executionId="600797bd-cf38-4592-b532-cffc064f87cf" testId="7686eb08-d24a-c580-7754-5f201e5cc693" testName="GenerateTypeDefinintionParameters_ShouldWriteDisplayId_WhenAlways" computerName="DKSR-EFI-04" duration="00:00:00.0002762" startTime="2023-12-22T09:36:32.9594704+01:00" endTime="2023-12-22T09:36:32.9599615+01:00" testType="13cdc9d9-ddb5-4fa4-a97d-d965ccfc6d4b" outcome="Passed" testListId="8c84fa94-04c1-424b-9868-57a2d4851a1d" relativeResultsDirectory="600797bd-cf38-4592-b532-cffc064f87cf" />
    <UnitTestResult executionId="1aa9f04f-24b9-4d4d-af23-8824e200a9e7" testId="4f18dfe5-cbdb-3f59-ec1a-7c24c2cc1db1" testName="RemoveFilterValue_OnlyValue_Success" computerName="DKSR-EFI-04" duration="00:00:00.0028540" startTime="2023-12-22T09:36:28.7242593+01:00" endTime="2023-12-22T09:36:28.7273467+01:00" testType="13cdc9d9-ddb5-4fa4-a97d-d965ccfc6d4b" outcome="Passed" testListId="8c84fa94-04c1-424b-9868-57a2d4851a1d" relativeResultsDirectory="1aa9f04f-24b9-4d4d-af23-8824e200a9e7" />
    <UnitTestResult executionId="fc808658-0b2d-4aa8-9508-0886b8e6b857" testId="a3089784-5b87-5aa6-6c29-ce468fd5b9ef" testName="GenerateParameters_ShouldOmitQualityRange_WhenQualityRangeIsNull" computerName="DKSR-EFI-04" duration="00:00:00.0007739" startTime="2023-12-22T09:36:32.5416506+01:00" endTime="2023-12-22T09:36:32.5426175+01:00" testType="13cdc9d9-ddb5-4fa4-a97d-d965ccfc6d4b" outcome="Passed" testListId="8c84fa94-04c1-424b-9868-57a2d4851a1d" relativeResultsDirectory="fc808658-0b2d-4aa8-9508-0886b8e6b857" />
    <UnitTestResult executionId="caf49fbd-501d-463f-a79c-ab67d6d9f33d" testId="0b5213c6-1e29-5592-48df-383ab2a80365" testName="GetFilterValues_EmptyValueAdded_ReturnsEmptyCollection" computerName="DKSR-EFI-04" duration="00:00:00.0089644" startTime="2023-12-22T09:36:28.7592521+01:00" endTime="2023-12-22T09:36:28.7684502+01:00" testType="13cdc9d9-ddb5-4fa4-a97d-d965ccfc6d4b" outcome="Passed" testListId="8c84fa94-04c1-424b-9868-57a2d4851a1d" relativeResultsDirectory="caf49fbd-501d-463f-a79c-ab67d6d9f33d" />
    <UnitTestResult executionId="8eb41b0e-654a-4d4d-bbbf-9a74d5a3f672" testId="be95620e-7d9c-a81d-b372-a97d28330950" testName="ReadXml_ShouldReadGeodeticSystem_WhenGeodeticSystemIsPresent" computerName="DKSR-EFI-04" duration="00:00:00.0002945" startTime="2023-12-22T09:36:31.3535207+01:00" endTime="2023-12-22T09:36:31.3540120+01:00" testType="13cdc9d9-ddb5-4fa4-a97d-d965ccfc6d4b" outcome="Passed" testListId="8c84fa94-04c1-424b-9868-57a2d4851a1d" relativeResultsDirectory="8eb41b0e-654a-4d4d-bbbf-9a74d5a3f672" />
    <UnitTestResult executionId="686a94f6-c5a1-435d-9d3c-3e2eb67e1bce" testId="b0d0079b-65d6-c082-7bc9-a129a13a3c18" testName="Append_Property_Int_Invalid" computerName="DKSR-EFI-04" duration="00:00:00.0001983" startTime="2023-12-22T09:36:30.3625237+01:00" endTime="2023-12-22T09:36:30.3629441+01:00" testType="13cdc9d9-ddb5-4fa4-a97d-d965ccfc6d4b" outcome="Passed" testListId="8c84fa94-04c1-424b-9868-57a2d4851a1d" relativeResultsDirectory="686a94f6-c5a1-435d-9d3c-3e2eb67e1bce" />
    <UnitTestResult executionId="1b44e682-99af-40f7-9989-d423f724de54" testId="9a98835c-961c-47c7-7156-330b8e2ed1fa" testName="Parse_Double_Complex" computerName="DKSR-EFI-04" duration="00:00:00.0002480" startTime="2023-12-22T09:36:30.4573882+01:00" endTime="2023-12-22T09:36:30.4578231+01:00" testType="13cdc9d9-ddb5-4fa4-a97d-d965ccfc6d4b" outcome="Passed" testListId="8c84fa94-04c1-424b-9868-57a2d4851a1d" relativeResultsDirectory="1b44e682-99af-40f7-9989-d423f724de54" />
    <UnitTestResult executionId="54afc7b6-28b3-4e19-8d13-396703db8f94" testId="7b38c175-8f37-0ff7-77b0-702939d7a735" testName="GetLicensePlateFilterValue_NullCriteria_Throws" computerName="DKSR-EFI-04" duration="00:00:00.0010856" startTime="2023-12-22T09:36:30.2809556+01:00" endTime="2023-12-22T09:36:30.2823158+01:00" testType="13cdc9d9-ddb5-4fa4-a97d-d965ccfc6d4b" outcome="Passed" testListId="8c84fa94-04c1-424b-9868-57a2d4851a1d" relativeResultsDirectory="54afc7b6-28b3-4e19-8d13-396703db8f94" />
    <UnitTestResult executionId="e5094ca4-2770-4acb-84dd-a93fdf1c7af6" testId="cd80718c-caec-d1ab-47af-f5822f5e7c58" testName="ReadXml_ShouldSetObjectIdToZero_WhenObjectIdAttributeIsPresentButNotAnInteger" computerName="DKSR-EFI-04" duration="00:00:00.0002571" startTime="2023-12-22T09:36:31.4161951+01:00" endTime="2023-12-22T09:36:31.4166640+01:00" testType="13cdc9d9-ddb5-4fa4-a97d-d965ccfc6d4b" outcome="Passed" testListId="8c84fa94-04c1-424b-9868-57a2d4851a1d" relativeResultsDirectory="e5094ca4-2770-4acb-84dd-a93fdf1c7af6" />
    <UnitTestResult executionId="424e5b49-7fdf-47c3-bbd3-addc5cedc1b5" testId="5bac1777-a319-8667-ff3f-004d4997fdfd" testName="Serialize_TestCases (TestParentTypeMatchStructNotThisTypeMatchedProperty)" computerName="DKSR-EFI-04" duration="00:00:00.0005372" startTime="2023-12-22T09:36:28.3445323+01:00" endTime="2023-12-22T09:36:28.3453765+01:00" testType="13cdc9d9-ddb5-4fa4-a97d-d965ccfc6d4b" outcome="Passed" testListId="8c84fa94-04c1-424b-9868-57a2d4851a1d" relativeResultsDirectory="424e5b49-7fdf-47c3-bbd3-addc5cedc1b5" />
    <UnitTestResult executionId="ead47ceb-4b65-40a9-b696-ac51171edd3d" testId="952d04da-369e-0e5d-fb29-9bfdf4da3a0e" testName="ContentShouldReturnConstructorParameter" computerName="DKSR-EFI-04" duration="00:00:00.0003964" startTime="2023-12-22T09:36:32.2791534+01:00" endTime="2023-12-22T09:36:32.2797281+01:00" testType="13cdc9d9-ddb5-4fa4-a97d-d965ccfc6d4b" outcome="Passed" testListId="8c84fa94-04c1-424b-9868-57a2d4851a1d" relativeResultsDirectory="ead47ceb-4b65-40a9-b696-ac51171edd3d" />
    <UnitTestResult executionId="2bdb9d70-d279-4356-bc5d-706bd78933b9" testId="07804473-e40a-283c-1bf0-1e8f6fcff5c4" testName="Ctor_WhitespaceName_Throws" computerName="DKSR-EFI-04" duration="00:00:00.0003568" startTime="2023-12-22T09:36:30.1971824+01:00" endTime="2023-12-22T09:36:30.1977963+01:00" testType="13cdc9d9-ddb5-4fa4-a97d-d965ccfc6d4b" outcome="Passed" testListId="8c84fa94-04c1-424b-9868-57a2d4851a1d" relativeResultsDirectory="2bdb9d70-d279-4356-bc5d-706bd78933b9" />
    <UnitTestResult executionId="39123c13-df6a-45e9-9658-c4840d91af71" testId="8b839df5-395a-2e9c-1956-4200a4a4d5cd" testName="TryParseArgbString_ShouldCreateInstanceWithCorrectARGBValues_WhenFormatIsCorrect" computerName="DKSR-EFI-04" duration="00:00:00.0028049" startTime="2023-12-22T09:36:30.9920603+01:00" endTime="2023-12-22T09:36:30.9950742+01:00" testType="13cdc9d9-ddb5-4fa4-a97d-d965ccfc6d4b" outcome="Passed" testListId="8c84fa94-04c1-424b-9868-57a2d4851a1d" relativeResultsDirectory="39123c13-df6a-45e9-9658-c4840d91af71" />
    <UnitTestResult executionId="fd9383cd-7b17-4450-a4a1-31322712b8a5" testId="7aa7a744-f3f3-dbab-b444-2d9793ae0544" testName="Constructor_ShouldThrowArgumentNullException_WhenServerIdIsNull" computerName="DKSR-EFI-04" duration="00:00:00.0171229" startTime="2023-12-22T09:36:05.1667602+01:00" endTime="2023-12-22T09:36:05.1843721+01:00" testType="13cdc9d9-ddb5-4fa4-a97d-d965ccfc6d4b" outcome="Passed" testListId="8c84fa94-04c1-424b-9868-57a2d4851a1d" relativeResultsDirectory="fd9383cd-7b17-4450-a4a1-31322712b8a5" />
    <UnitTestResult executionId="6e417c2d-d1ab-4f45-adef-b4fe5249f773" testId="21e526f6-3a3a-f300-e830-472a0f6e7a82" testName="GenerateDeviceParameters_ShouldWriteCorrectCodec_WhenCodecIsNotZero" computerName="DKSR-EFI-04" duration="00:00:00.0104929" startTime="2023-12-22T09:36:32.4937274+01:00" endTime="2023-12-22T09:36:32.5044621+01:00" testType="13cdc9d9-ddb5-4fa4-a97d-d965ccfc6d4b" outcome="Passed" testListId="8c84fa94-04c1-424b-9868-57a2d4851a1d" relativeResultsDirectory="6e417c2d-d1ab-4f45-adef-b4fe5249f773" />
    <UnitTestResult executionId="a21b3196-0bb9-400f-b76c-6ead5dc94c9a" testId="79d8cb70-402c-e7be-4d53-f2c05fb52d5e" testName="WriteXml_ShouldWriteYAttribute_WhenAlays" computerName="DKSR-EFI-04" duration="00:00:00.0003903" startTime="2023-12-22T09:36:31.6996225+01:00" endTime="2023-12-22T09:36:31.7002207+01:00" testType="13cdc9d9-ddb5-4fa4-a97d-d965ccfc6d4b" outcome="Passed" testListId="8c84fa94-04c1-424b-9868-57a2d4851a1d" relativeResultsDirectory="a21b3196-0bb9-400f-b76c-6ead5dc94c9a" />
    <UnitTestResult executionId="66a2c5f1-e1c0-4473-9c59-07cbaeb95df4" testId="f556377a-234c-b3cb-a4d6-e29f7a9225e4" testName="Serialize_ShouldThrowException_WhenPropertyCollectionTypeButPathDoesNotIndicateCollection (CollectionEmptyListProperty)" computerName="DKSR-EFI-04" duration="00:00:00.0010642" startTime="2023-12-22T09:36:28.1730968+01:00" endTime="2023-12-22T09:36:28.1743865+01:00" testType="13cdc9d9-ddb5-4fa4-a97d-d965ccfc6d4b" outcome="Passed" testListId="8c84fa94-04c1-424b-9868-57a2d4851a1d" relativeResultsDirectory="66a2c5f1-e1c0-4473-9c59-07cbaeb95df4" />
    <UnitTestResult executionId="76db33ce-9963-4fb5-aa63-a5a1b0032e84" testId="f8feb370-a546-7995-c8e5-2c5a9509dee9" testName="Minimize_ShouldReturnTwoIntervals_WhenListContainsTwoNonOverlappingIntervals" computerName="DKSR-EFI-04" duration="00:00:00.0005219" startTime="2023-12-22T09:36:15.3309447+01:00" endTime="2023-12-22T09:36:15.3315772+01:00" testType="13cdc9d9-ddb5-4fa4-a97d-d965ccfc6d4b" outcome="Passed" testListId="8c84fa94-04c1-424b-9868-57a2d4851a1d" relativeResultsDirectory="76db33ce-9963-4fb5-aa63-a5a1b0032e84" />
    <UnitTestResult executionId="f261b52f-b0de-433f-b700-45738127f719" testId="1f165af9-b6e7-bd17-1c06-1628746543b3" testName="GetNearest_ShouldReturnLastElementFromToolkitResponse_WhenTimestampIsAfterLastElementInResponse" computerName="DKSR-EFI-04" duration="00:00:00.0021316" startTime="2023-12-22T09:36:32.8930978+01:00" endTime="2023-12-22T09:36:32.8954456+01:00" testType="13cdc9d9-ddb5-4fa4-a97d-d965ccfc6d4b" outcome="Passed" testListId="8c84fa94-04c1-424b-9868-57a2d4851a1d" relativeResultsDirectory="f261b52f-b0de-433f-b700-45738127f719" />
    <UnitTestResult executionId="f65de6b1-5766-4e7b-8812-aa395c71dd52" testId="2d11d0f1-64a8-482c-f6c9-1576aff1fea5" testName="MipItem_IconSource_Has_Value" computerName="DKSR-EFI-04" duration="00:00:00.0021462" startTime="2023-12-22T09:36:23.0134162+01:00" endTime="2023-12-22T09:36:23.0157635+01:00" testType="13cdc9d9-ddb5-4fa4-a97d-d965ccfc6d4b" outcome="Passed" testListId="8c84fa94-04c1-424b-9868-57a2d4851a1d" relativeResultsDirectory="f65de6b1-5766-4e7b-8812-aa395c71dd52" />
    <UnitTestResult executionId="a744be85-22e7-40b1-9622-0a556ffcaeb9" testId="9e0f7694-4c12-cabb-5030-0f3a25dfbb2b" testName="WriteXml_ShouldWriteSizeAttribute_WhenPresent" computerName="DKSR-EFI-04" duration="00:00:00.0003526" startTime="2023-12-22T09:36:31.0718009+01:00" endTime="2023-12-22T09:36:31.0723415+01:00" testType="13cdc9d9-ddb5-4fa4-a97d-d965ccfc6d4b" outcome="Passed" testListId="8c84fa94-04c1-424b-9868-57a2d4851a1d" relativeResultsDirectory="a744be85-22e7-40b1-9622-0a556ffcaeb9" />
    <UnitTestResult executionId="666ec900-5dc6-4d9e-8fa7-23d76806b293" testId="d53b731a-f1cc-f58f-ac8f-3fdcdc3a367b" testName="WriteXml_ShouldWriteScaleContents_WhenScaleIsNotNull" computerName="DKSR-EFI-04" duration="00:00:00.0010609" startTime="2023-12-22T09:36:31.6616604+01:00" endTime="2023-12-22T09:36:31.6630153+01:00" testType="13cdc9d9-ddb5-4fa4-a97d-d965ccfc6d4b" outcome="Passed" testListId="8c84fa94-04c1-424b-9868-57a2d4851a1d" relativeResultsDirectory="666ec900-5dc6-4d9e-8fa7-23d76806b293" />
    <UnitTestResult executionId="0b72c5cd-efd4-429b-9c3f-3bfeef0f5639" testId="cefaab9b-deca-50a1-cf53-bfd0f84b70d8" testName="Ctor_NullScope_Throws" computerName="DKSR-EFI-04" duration="00:00:00.0008747" startTime="2023-12-22T09:36:28.7723093+01:00" endTime="2023-12-22T09:36:28.7736209+01:00" testType="13cdc9d9-ddb5-4fa4-a97d-d965ccfc6d4b" outcome="Passed" testListId="8c84fa94-04c1-424b-9868-57a2d4851a1d" relativeResultsDirectory="0b72c5cd-efd4-429b-9c3f-3bfeef0f5639" />
    <UnitTestResult executionId="8684cb00-2d10-4da6-883e-2209fe07159c" testId="144c69ed-fb6c-34fd-956a-d442174acbf9" testName="ReadXml_ShouldReadTranslate_WhenTranslateIsPresent" computerName="DKSR-EFI-04" duration="00:00:00.0008487" startTime="2023-12-22T09:36:31.6296189+01:00" endTime="2023-12-22T09:36:31.6306795+01:00" testType="13cdc9d9-ddb5-4fa4-a97d-d965ccfc6d4b" outcome="Passed" testListId="8c84fa94-04c1-424b-9868-57a2d4851a1d" relativeResultsDirectory="8684cb00-2d10-4da6-883e-2209fe07159c" />
    <UnitTestResult executionId="fad8fdd3-c7f8-40b7-982c-e4a9448acb07" testId="f7581027-c1a4-443d-888a-b124436b90b1" testName="ReadXml_ShouldIgnoreTransformation_WhenTransformationIsPresenWithWrongNamespace" computerName="DKSR-EFI-04" duration="00:00:00.0003213" startTime="2023-12-22T09:36:31.1143771+01:00" endTime="2023-12-22T09:36:31.1148889+01:00" testType="13cdc9d9-ddb5-4fa4-a97d-d965ccfc6d4b" outcome="Passed" testListId="8c84fa94-04c1-424b-9868-57a2d4851a1d" relativeResultsDirectory="fad8fdd3-c7f8-40b7-982c-e4a9448acb07" />
    <UnitTestResult executionId="4adcc806-af56-48fe-b34c-42fecbe5567a" testId="1eb53537-afef-d5dd-debc-6b9152b2f955" testName="ReadXml_ShouldIgnoreLikelihood_WhenLikelihoodIsNotANumber" computerName="DKSR-EFI-04" duration="00:00:00.0003254" startTime="2023-12-22T09:36:30.9663342+01:00" endTime="2023-12-22T09:36:30.9668555+01:00" testType="13cdc9d9-ddb5-4fa4-a97d-d965ccfc6d4b" outcome="Passed" testListId="8c84fa94-04c1-424b-9868-57a2d4851a1d" relativeResultsDirectory="4adcc806-af56-48fe-b34c-42fecbe5567a" />
    <UnitTestResult executionId="31fca9dc-c40f-4efa-aaf9-a1365e5297e5" testId="4869fcc0-9c89-53f1-f0e6-6ac4c4ca00cc" testName="GetItems_ShouldReturnList_WhenAllAdded" computerName="DKSR-EFI-04" duration="00:00:00.0005617" startTime="2023-12-22T09:36:05.2265712+01:00" endTime="2023-12-22T09:36:05.2273099+01:00" testType="13cdc9d9-ddb5-4fa4-a97d-d965ccfc6d4b" outcome="Passed" testListId="8c84fa94-04c1-424b-9868-57a2d4851a1d" relativeResultsDirectory="31fca9dc-c40f-4efa-aaf9-a1365e5297e5" />
    <UnitTestResult executionId="fa5cb357-5974-4ec4-a4f2-0cc8444c6a63" testId="5367f539-e3b0-cebf-09dd-956f309e7c6e" testName="ReadXml_ShouldIgnoreIdleChildren_WhenAlways" computerName="DKSR-EFI-04" duration="00:00:00.0002876" startTime="2023-12-22T09:36:30.9122441+01:00" endTime="2023-12-22T09:36:30.9127248+01:00" testType="13cdc9d9-ddb5-4fa4-a97d-d965ccfc6d4b" outcome="Passed" testListId="8c84fa94-04c1-424b-9868-57a2d4851a1d" relativeResultsDirectory="fa5cb357-5974-4ec4-a4f2-0cc8444c6a63" />
    <UnitTestResult executionId="47efc0a4-d840-4276-a177-1648baeba9f7" testId="caf15171-15c0-e44f-4ded-3471eafc2c21" testName="Properties_DefaultValues" computerName="DKSR-EFI-04" duration="00:00:00.0101205" startTime="2023-12-22T09:36:22.8699352+01:00" endTime="2023-12-22T09:36:22.8808149+01:00" testType="13cdc9d9-ddb5-4fa4-a97d-d965ccfc6d4b" outcome="Passed" testListId="8c84fa94-04c1-424b-9868-57a2d4851a1d" relativeResultsDirectory="47efc0a4-d840-4276-a177-1648baeba9f7" />
    <UnitTestResult executionId="78239a27-ada0-4af4-9a07-e901b5892eab" testId="659d4a24-265a-327f-9e9b-0c30ee6ed7bd" testName="Serialize_TestCases (Verify root Int property)" computerName="DKSR-EFI-04" duration="00:00:00.0001988" startTime="2023-12-22T09:36:28.2017902+01:00" endTime="2023-12-22T09:36:28.2025100+01:00" testType="13cdc9d9-ddb5-4fa4-a97d-d965ccfc6d4b" outcome="Passed" testListId="8c84fa94-04c1-424b-9868-57a2d4851a1d" relativeResultsDirectory="78239a27-ada0-4af4-9a07-e901b5892eab" />
    <UnitTestResult executionId="f3f8cd59-f0c0-47a0-bbf3-7157b8f9457e" testId="64bf4ca0-c568-7784-9fd7-9241aca3c483" testName="GenerateParameters_ShouldOmitGopRange_WhenGopRangeIsNull" computerName="DKSR-EFI-04" duration="00:00:00.0007494" startTime="2023-12-22T09:36:32.5356140+01:00" endTime="2023-12-22T09:36:32.5365595+01:00" testType="13cdc9d9-ddb5-4fa4-a97d-d965ccfc6d4b" outcome="Passed" testListId="8c84fa94-04c1-424b-9868-57a2d4851a1d" relativeResultsDirectory="f3f8cd59-f0c0-47a0-bbf3-7157b8f9457e" />
    <UnitTestResult executionId="0cd134ba-53bf-4f54-adf1-bf745da15d2f" testId="276c0e6d-3f7a-82fd-4800-9c53564baba3" testName="Equals_Fail_OnServerIdId" computerName="DKSR-EFI-04" duration="00:00:00.0004168" startTime="2023-12-22T09:36:02.6960236+01:00" endTime="2023-12-22T09:36:02.6965501+01:00" testType="13cdc9d9-ddb5-4fa4-a97d-d965ccfc6d4b" outcome="Passed" testListId="8c84fa94-04c1-424b-9868-57a2d4851a1d" relativeResultsDirectory="0cd134ba-53bf-4f54-adf1-bf745da15d2f" />
    <UnitTestResult executionId="b8b49b9b-71fa-4ab0-b171-240e89ac46e6" testId="405a6411-84b6-3693-5b46-0b5983feca5e" testName="ProvideValue_ShouldSetTargetProperty_WhenItemIconSourcePropertyNameIsSet" computerName="DKSR-EFI-04" duration="00:00:00.0040863" startTime="2023-12-22T09:36:27.7530983+01:00" endTime="2023-12-22T09:36:27.9004090+01:00" testType="13cdc9d9-ddb5-4fa4-a97d-d965ccfc6d4b" outcome="Passed" testListId="8c84fa94-04c1-424b-9868-57a2d4851a1d" relativeResultsDirectory="b8b49b9b-71fa-4ab0-b171-240e89ac46e6" />
    <UnitTestResult executionId="a91f2f82-2216-4d6e-8a8a-5f6c1dd3e17b" testId="5779081c-72b8-3e22-5954-bdf5dfba82f5" testName="Dequeue_NoItems_FailsAfterTimeout" computerName="DKSR-EFI-04" duration="00:00:00.0096915" startTime="2023-12-22T09:36:15.4407085+01:00" endTime="2023-12-22T09:36:15.4505752+01:00" testType="13cdc9d9-ddb5-4fa4-a97d-d965ccfc6d4b" outcome="Passed" testListId="8c84fa94-04c1-424b-9868-57a2d4851a1d" relativeResultsDirectory="a91f2f82-2216-4d6e-8a8a-5f6c1dd3e17b" />
    <UnitTestResult executionId="e3ff7785-520b-40e3-bdf7-7f67b0529834" testId="53b81941-356a-16a1-a951-ad2b635230e2" testName="Enqueue_Success" computerName="DKSR-EFI-04" duration="00:00:00.0032307" startTime="2023-12-22T09:36:15.3415211+01:00" endTime="2023-12-22T09:36:15.3451061+01:00" testType="13cdc9d9-ddb5-4fa4-a97d-d965ccfc6d4b" outcome="Passed" testListId="8c84fa94-04c1-424b-9868-57a2d4851a1d" relativeResultsDirectory="e3ff7785-520b-40e3-bdf7-7f67b0529834" />
    <UnitTestResult executionId="84463a6b-7f44-4e19-bb1f-1457355f18ef" testId="cd7a6560-e302-692e-ccee-28a759be3533" testName="Serialize_TestCases (Verify root Collection (null) property get property value)" computerName="DKSR-EFI-04" duration="00:00:00.0002615" startTime="2023-12-22T09:36:28.2370454+01:00" endTime="2023-12-22T09:36:28.2376893+01:00" testType="13cdc9d9-ddb5-4fa4-a97d-d965ccfc6d4b" outcome="Passed" testListId="8c84fa94-04c1-424b-9868-57a2d4851a1d" relativeResultsDirectory="84463a6b-7f44-4e19-bb1f-1457355f18ef" />
    <UnitTestResult executionId="cb2fde78-127f-438f-9fcc-4cba3da77163" testId="e752bd23-b6f4-f8a1-41d2-4686827d5d3c" testName="ReadXml_ShouldReadLikeliHood_WhenCorrectLikelihoodIsPresent" computerName="DKSR-EFI-04" duration="00:00:00.0003082" startTime="2023-12-22T09:36:30.9650593+01:00" endTime="2023-12-22T09:36:30.9655561+01:00" testType="13cdc9d9-ddb5-4fa4-a97d-d965ccfc6d4b" outcome="Passed" testListId="8c84fa94-04c1-424b-9868-57a2d4851a1d" relativeResultsDirectory="cb2fde78-127f-438f-9fcc-4cba3da77163" />
    <UnitTestResult executionId="031f6d1d-2d82-43f3-ab12-88b79ff8df88" testId="871f6ec2-6973-6f3c-2bf4-5a51a50a4cf2" testName="GetParent_NoServerId_Check" computerName="DKSR-EFI-04" duration="00:00:00.0115459" startTime="2023-12-22T09:36:03.0190903+01:00" endTime="2023-12-22T09:36:03.0308602+01:00" testType="13cdc9d9-ddb5-4fa4-a97d-d965ccfc6d4b" outcome="Passed" testListId="8c84fa94-04c1-424b-9868-57a2d4851a1d" relativeResultsDirectory="031f6d1d-2d82-43f3-ab12-88b79ff8df88" />
    <UnitTestResult executionId="207ef37b-33c6-4aa0-bbba-1df6f3a735f1" testId="cc5dfcab-4777-b980-4145-e6c140db897c" testName="ReadXml_ShouldIgnoreUnknownChildren_WhenAlways" computerName="DKSR-EFI-04" duration="00:00:00.0016144" startTime="2023-12-22T09:36:30.9054924+01:00" endTime="2023-12-22T09:36:30.9073193+01:00" testType="13cdc9d9-ddb5-4fa4-a97d-d965ccfc6d4b" outcome="Passed" testListId="8c84fa94-04c1-424b-9868-57a2d4851a1d" relativeResultsDirectory="207ef37b-33c6-4aa0-bbba-1df6f3a735f1" />
    <UnitTestResult executionId="f6e647c5-2176-4da6-98dc-982f6c41da4e" testId="d1e36374-9329-5797-656e-7f2208258af5" testName="Move_ShouldInvokeCallback_WhenObservable" computerName="DKSR-EFI-04" duration="00:00:00.0019806" startTime="2023-12-22T09:36:24.7786617+01:00" endTime="2023-12-22T09:36:24.8302007+01:00" testType="13cdc9d9-ddb5-4fa4-a97d-d965ccfc6d4b" outcome="Passed" testListId="8c84fa94-04c1-424b-9868-57a2d4851a1d" relativeResultsDirectory="f6e647c5-2176-4da6-98dc-982f6c41da4e" />
    <UnitTestResult executionId="0d579113-67b6-4e0b-a981-4ace375fccbf" testId="441213bb-d837-6a17-d5bf-0e8158ed876c" testName="GetFilterValues_UnknownFilter_ReturnsEmptyList" computerName="DKSR-EFI-04" duration="00:00:00.0004469" startTime="2023-12-22T09:36:28.7445104+01:00" endTime="2023-12-22T09:36:28.7484582+01:00" testType="13cdc9d9-ddb5-4fa4-a97d-d965ccfc6d4b" outcome="Passed" testListId="8c84fa94-04c1-424b-9868-57a2d4851a1d" relativeResultsDirectory="0d579113-67b6-4e0b-a981-4ace375fccbf" />
    <UnitTestResult executionId="843f3eeb-4d2f-48b9-acb0-d3d821ac7a46" testId="c412921c-a830-d00a-e2a6-2eda860b9055" testName="AddFilterValue_ExistingValue_FirstValue_Success" computerName="DKSR-EFI-04" duration="00:00:00.0013221" startTime="2023-12-22T09:36:28.7132700+01:00" endTime="2023-12-22T09:36:28.7148174+01:00" testType="13cdc9d9-ddb5-4fa4-a97d-d965ccfc6d4b" outcome="Passed" testListId="8c84fa94-04c1-424b-9868-57a2d4851a1d" relativeResultsDirectory="843f3eeb-4d2f-48b9-acb0-d3d821ac7a46" />
    <UnitTestResult executionId="8b344623-baaa-406f-b095-a64a181a9ac7" testId="af1b57b7-d4d3-cc7c-77e2-0a953337a6f4" testName="OriginalData_ShouldReturnEmptyList_WhenOriginalHasNotBeenSet" computerName="DKSR-EFI-04" duration="00:00:00.0002437" startTime="2023-12-22T09:36:31.2987504+01:00" endTime="2023-12-22T09:36:31.2992045+01:00" testType="13cdc9d9-ddb5-4fa4-a97d-d965ccfc6d4b" outcome="Passed" testListId="8c84fa94-04c1-424b-9868-57a2d4851a1d" relativeResultsDirectory="8b344623-baaa-406f-b095-a64a181a9ac7" />
    <UnitTestResult executionId="28ef9c93-7dd7-4dc6-b03d-71c603540bd2" testId="62294b79-fd57-1a57-9fa1-16dc542d0a4d" testName="GetFrame_ShouldReturnFrame_WhenThereIsOneFrame" computerName="DKSR-EFI-04" duration="00:00:00.0017325" startTime="2023-12-22T09:36:31.3011638+01:00" endTime="2023-12-22T09:36:31.3031024+01:00" testType="13cdc9d9-ddb5-4fa4-a97d-d965ccfc6d4b" outcome="Passed" testListId="8c84fa94-04c1-424b-9868-57a2d4851a1d" relativeResultsDirectory="28ef9c93-7dd7-4dc6-b03d-71c603540bd2" />
    <UnitTestResult executionId="77ac0ab7-761f-4716-a4ed-9cbc969f6ecf" testId="64385f08-1561-0f65-f649-9eea3016a34f" testName="CreateSearchFilterEditControl_SinglePluginMultipleUserControlsPlugins_Success" computerName="DKSR-EFI-04" duration="00:00:00.0096949" startTime="2023-12-22T09:36:30.0701886+01:00" endTime="2023-12-22T09:36:30.0816275+01:00" testType="13cdc9d9-ddb5-4fa4-a97d-d965ccfc6d4b" outcome="Passed" testListId="8c84fa94-04c1-424b-9868-57a2d4851a1d" relativeResultsDirectory="77ac0ab7-761f-4716-a4ed-9cbc969f6ecf" />
    <UnitTestResult executionId="05ebef20-bc8b-4fd7-bdc0-45965dd4efc7" testId="a513f6d4-cac8-7139-d5eb-18e28868b5e3" testName="ReadXml_ShouldLogWarningTwiceWhenMoreThanOneMinuteBetweenWarnings_WhenRequiredAttributeIsMissing" computerName="DKSR-EFI-04" duration="00:00:00.0016762" startTime="2023-12-22T09:36:31.1038484+01:00" endTime="2023-12-22T09:36:31.1057197+01:00" testType="13cdc9d9-ddb5-4fa4-a97d-d965ccfc6d4b" outcome="Passed" testListId="8c84fa94-04c1-424b-9868-57a2d4851a1d" relativeResultsDirectory="05ebef20-bc8b-4fd7-bdc0-45965dd4efc7" />
    <UnitTestResult executionId="f5bbd19b-b441-4d89-bbbf-97f96e2bc785" testId="9b0e5cb1-f4f9-6c49-68ba-942303d83183" testName="ReadXml_ShouldReadFrame_WhenCorrectFrameIsPresent" computerName="DKSR-EFI-04" duration="00:00:00.0004163" startTime="2023-12-22T09:36:31.7094274+01:00" endTime="2023-12-22T09:36:31.7100555+01:00" testType="13cdc9d9-ddb5-4fa4-a97d-d965ccfc6d4b" outcome="Passed" testListId="8c84fa94-04c1-424b-9868-57a2d4851a1d" relativeResultsDirectory="f5bbd19b-b441-4d89-bbbf-97f96e2bc785" />
    <UnitTestResult executionId="4c4014eb-74a9-4cfa-a4d4-a0fe9bcc59da" testId="273b976a-4136-12a0-93d4-d31e724b1d9b" testName="SHA256Hex64_ShouldReturnSHAHash_WhenInputIsNotNull" computerName="DKSR-EFI-04" duration="00:00:00.0007998" startTime="2023-12-22T09:36:32.9745608+01:00" endTime="2023-12-22T09:36:32.9755720+01:00" testType="13cdc9d9-ddb5-4fa4-a97d-d965ccfc6d4b" outcome="Passed" testListId="8c84fa94-04c1-424b-9868-57a2d4851a1d" relativeResultsDirectory="4c4014eb-74a9-4cfa-a4d4-a0fe9bcc59da" />
    <UnitTestResult executionId="5fbfa218-b2e2-46e4-b976-11a77414dd49" testId="48aed434-d191-a79c-5c15-17d6032c9edd" testName="Remove_String_Invalid" computerName="DKSR-EFI-04" duration="00:00:00.0004273" startTime="2023-12-22T09:36:30.4685637+01:00" endTime="2023-12-22T09:36:30.4692343+01:00" testType="13cdc9d9-ddb5-4fa4-a97d-d965ccfc6d4b" outcome="Passed" testListId="8c84fa94-04c1-424b-9868-57a2d4851a1d" relativeResultsDirectory="5fbfa218-b2e2-46e4-b976-11a77414dd49" />
    <UnitTestResult executionId="7ddd5925-a5dc-4955-9c39-852040eff9e5" testId="e0974674-ac77-e53b-c938-66c6d56fd05c" testName="Equals_ShouldReturnTrue_WhenOnePortNumberIsZeroAndTheOtherIsEighty" computerName="DKSR-EFI-04" duration="00:00:00.0003666" startTime="2023-12-22T09:36:04.1714044+01:00" endTime="2023-12-22T09:36:04.1719997+01:00" testType="13cdc9d9-ddb5-4fa4-a97d-d965ccfc6d4b" outcome="Passed" testListId="8c84fa94-04c1-424b-9868-57a2d4851a1d" relativeResultsDirectory="7ddd5925-a5dc-4955-9c39-852040eff9e5" />
    <UnitTestResult executionId="fb2a0f4d-ec56-4183-974f-3ee21bd8a8c6" testId="b0739811-0769-0d6d-10df-bbc2b4389739" testName="JsonObjectFromFileTest" computerName="DKSR-EFI-04" duration="00:00:00.0063752" startTime="2023-12-22T09:36:30.4284360+01:00" endTime="2023-12-22T09:36:30.4350348+01:00" testType="13cdc9d9-ddb5-4fa4-a97d-d965ccfc6d4b" outcome="Passed" testListId="8c84fa94-04c1-424b-9868-57a2d4851a1d" relativeResultsDirectory="fb2a0f4d-ec56-4183-974f-3ee21bd8a8c6" />
    <UnitTestResult executionId="08869be1-ff8f-4bfc-9909-05dc08113afd" testId="5ce0e781-04f1-5244-6eeb-240f14509129" testName="GetEnd_ShouldReturnNull_WhenToolkitReturnsNull" computerName="DKSR-EFI-04" duration="00:00:00.0016660" startTime="2023-12-22T09:36:32.8323039+01:00" endTime="2023-12-22T09:36:32.8341721+01:00" testType="13cdc9d9-ddb5-4fa4-a97d-d965ccfc6d4b" outcome="Passed" testListId="8c84fa94-04c1-424b-9868-57a2d4851a1d" relativeResultsDirectory="08869be1-ff8f-4bfc-9909-05dc08113afd" />
    <UnitTestResult executionId="88edad30-e8ac-4de4-9ac4-0757ffbad907" testId="a768137e-5549-c79d-d4cb-ddd67ba25589" testName="Items_NullRootItem_ItemNotShown" computerName="DKSR-EFI-04" duration="00:00:00.0091091" startTime="2023-12-22T09:36:23.1526176+01:00" endTime="2023-12-22T09:36:23.1619662+01:00" testType="13cdc9d9-ddb5-4fa4-a97d-d965ccfc6d4b" outcome="Passed" testListId="8c84fa94-04c1-424b-9868-57a2d4851a1d" relativeResultsDirectory="88edad30-e8ac-4de4-9ac4-0757ffbad907" />
    <UnitTestResult executionId="65276e2f-098b-4136-80f7-8549df0e0a5d" testId="32e1fb9e-8eb8-101c-f28a-073547e7fa1e" testName="WriteXml_ShouldWriteUtcTimeAttribute_WhenAlways" computerName="DKSR-EFI-04" duration="00:00:00.0010428" startTime="2023-12-22T09:36:31.1294765+01:00" endTime="2023-12-22T09:36:31.1307094+01:00" testType="13cdc9d9-ddb5-4fa4-a97d-d965ccfc6d4b" outcome="Passed" testListId="8c84fa94-04c1-424b-9868-57a2d4851a1d" relativeResultsDirectory="65276e2f-098b-4136-80f7-8549df0e0a5d" />
    <UnitTestResult executionId="cb23f4df-5e87-4630-9fb0-ee84673181f4" testId="94b07cae-507e-90e4-fe2c-918d2724a7bc" testName="SplitString_WhenEmptyOrSpaces1Level_EmptyArray" computerName="DKSR-EFI-04" duration="00:00:00.0004024" startTime="2023-12-22T09:36:15.2761020+01:00" endTime="2023-12-22T09:36:15.2766288+01:00" testType="13cdc9d9-ddb5-4fa4-a97d-d965ccfc6d4b" outcome="Passed" testListId="8c84fa94-04c1-424b-9868-57a2d4851a1d" relativeResultsDirectory="cb23f4df-5e87-4630-9fb0-ee84673181f4" />
    <UnitTestResult executionId="d01166b6-a7e2-4a73-89d7-1c8829c35d8e" testId="d7212be9-a773-7051-2296-d1e014528157" testName="WriteXml_ShouldWriteBoundingBoxAppearanceContents_WhenTheyArePresent" computerName="DKSR-EFI-04" duration="00:00:00.0015871" startTime="2023-12-22T09:36:31.6092000+01:00" endTime="2023-12-22T09:36:31.6109961+01:00" testType="13cdc9d9-ddb5-4fa4-a97d-d965ccfc6d4b" outcome="Passed" testListId="8c84fa94-04c1-424b-9868-57a2d4851a1d" relativeResultsDirectory="d01166b6-a7e2-4a73-89d7-1c8829c35d8e" />
    <UnitTestResult executionId="7ffbe203-2689-4099-bad6-badac2ca29b7" testId="40d07a9e-35f0-7d7b-e40e-ceb656623def" testName="Remove_KeyPresent_ReturnsTrueAndGetReturnsNullAndPostRemovalActionExecuted" computerName="DKSR-EFI-04" duration="00:00:00.0004834" startTime="2023-12-22T09:36:15.5100440+01:00" endTime="2023-12-22T09:36:15.5106598+01:00" testType="13cdc9d9-ddb5-4fa4-a97d-d965ccfc6d4b" outcome="Passed" testListId="8c84fa94-04c1-424b-9868-57a2d4851a1d" relativeResultsDirectory="7ffbe203-2689-4099-bad6-badac2ca29b7" />
    <UnitTestResult executionId="8730c4ec-0d91-4e72-a815-73d79b276661" testId="64de42c5-cf32-f94a-2ab2-81439a18d091" testName="GetColorFilterValues_NullCriteria_Throws" computerName="DKSR-EFI-04" duration="00:00:00.0009209" startTime="2023-12-22T09:36:30.2889608+01:00" endTime="2023-12-22T09:36:30.2901441+01:00" testType="13cdc9d9-ddb5-4fa4-a97d-d965ccfc6d4b" outcome="Passed" testListId="8c84fa94-04c1-424b-9868-57a2d4851a1d" relativeResultsDirectory="8730c4ec-0d91-4e72-a815-73d79b276661" />
    <UnitTestResult executionId="3d841b6f-e146-4690-9580-d5556b9702a0" testId="878adaec-8c5a-d59b-9da3-9b3871dea119" testName="Serialize_TestCases (TestParentTypeMatchEnumNotThisTypeNotMatched)" computerName="DKSR-EFI-04" duration="00:00:00.0003709" startTime="2023-12-22T09:36:28.3328970+01:00" endTime="2023-12-22T09:36:28.3335919+01:00" testType="13cdc9d9-ddb5-4fa4-a97d-d965ccfc6d4b" outcome="Passed" testListId="8c84fa94-04c1-424b-9868-57a2d4851a1d" relativeResultsDirectory="3d841b6f-e146-4690-9580-d5556b9702a0" />
    <UnitTestResult executionId="2e53f581-9b86-4417-abd8-379530f4b568" testId="e5f2cf6d-a0ae-d38c-0dc9-b08cf977bee2" testName="ReadXml_ShouldIgnoreChildren_WhenAlways" computerName="DKSR-EFI-04" duration="00:00:00.0008652" startTime="2023-12-22T09:36:31.6720355+01:00" endTime="2023-12-22T09:36:31.6731085+01:00" testType="13cdc9d9-ddb5-4fa4-a97d-d965ccfc6d4b" outcome="Passed" testListId="8c84fa94-04c1-424b-9868-57a2d4851a1d" relativeResultsDirectory="2e53f581-9b86-4417-abd8-379530f4b568" />
    <UnitTestResult executionId="e60904e7-5e25-43f7-97a9-47454de0b1bc" testId="1bbd120c-214c-3ef2-991f-c7ebd3d57ae2" testName="AppendItemPicked_AutoSelect_ItemSelected_EventRaised" computerName="DKSR-EFI-04" duration="00:00:00.0038638" startTime="2023-12-22T09:36:22.9590995+01:00" endTime="2023-12-22T09:36:22.9631852+01:00" testType="13cdc9d9-ddb5-4fa4-a97d-d965ccfc6d4b" outcome="Passed" testListId="8c84fa94-04c1-424b-9868-57a2d4851a1d" relativeResultsDirectory="e60904e7-5e25-43f7-97a9-47454de0b1bc" />
    <UnitTestResult executionId="6426e8e7-6498-48f2-bb88-fca9a8efad44" testId="3a86bace-7c8b-cb31-de17-695019225dec" testName="ProvideValue_ShouldUpdateTargetProperty_WhenDataContextINPCValueChanges" computerName="DKSR-EFI-04" duration="00:00:00.0059030" startTime="2023-12-22T09:36:26.0471747+01:00" endTime="2023-12-22T09:36:26.0585502+01:00" testType="13cdc9d9-ddb5-4fa4-a97d-d965ccfc6d4b" outcome="Passed" testListId="8c84fa94-04c1-424b-9868-57a2d4851a1d" relativeResultsDirectory="6426e8e7-6498-48f2-bb88-fca9a8efad44" />
    <UnitTestResult executionId="e64c773a-5492-4aba-8ce1-e0045c149455" testId="23ab757f-fe97-afaf-d8cf-cc47b5d58278" testName="GetIdFromPath_ShouldReturnId_FromFullPath" computerName="DKSR-EFI-04" duration="00:00:00.0010573" startTime="2023-12-22T09:36:32.9905102+01:00" endTime="2023-12-22T09:36:32.9918638+01:00" testType="13cdc9d9-ddb5-4fa4-a97d-d965ccfc6d4b" outcome="Passed" testListId="8c84fa94-04c1-424b-9868-57a2d4851a1d" relativeResultsDirectory="e64c773a-5492-4aba-8ce1-e0045c149455" />
  </Results>
  <TestDefinitions>
    <UnitTest name="WriteMetadataXml_ShouldThrowArgumentNullException_WhenMetadataIsNullWithStream" storage="d:\actions-runner\_work\xpco\xpco\allsolutions\..\mip\platformplugin\videoos.platform\unittest\bin\debug\net6.0-windows\videoos.platform.tests.dll" id="0479c184-1f1e-07e0-e9bf-b787331a6833">
      <Execution id="f9a1d8f2-36a5-4b72-b530-7c09d00a55da" />
      <TestMethod codeBase="D:\actions-runner\_work\XPCO\XPCO\AllSolutions\..\MIP\PlatformPlugin\VideoOS.Platform\unittest\bin\Debug\net6.0-windows\VideoOS.Platform.Tests.dll" adapterTypeName="executor://mstestadapter/v2" className="VideoOS.Platform.Tests.Metadata.MetadataSerializerTests" name="WriteMetadataXml_ShouldThrowArgumentNullException_WhenMetadataIsNullWithStream" />
    </UnitTest>
    <UnitTest name="Convert_MultiArgumentConverter_ShouldThrowArgumentException_WhenArgumentTypeMismatch" storage="d:\actions-runner\_work\xpco\xpco\allsolutions\..\mip\platformplugin\videoos.platform\unittest\bin\debug\net6.0-windows\videoos.platform.tests.dll" id="6abc30a4-9771-c1aa-9f1c-ff3c0e9f8896">
      <Execution id="cdf42952-042d-458b-aad0-e63691b2421f" />
      <TestMethod codeBase="D:\actions-runner\_work\XPCO\XPCO\AllSolutions\..\MIP\PlatformPlugin\VideoOS.Platform\unittest\bin\Debug\net6.0-windows\VideoOS.Platform.Tests.dll" adapterTypeName="executor://mstestadapter/v2" className="VideoOS.Platform.Tests.UI.Converters.LambdaConverterTest" name="Convert_MultiArgumentConverter_ShouldThrowArgumentException_WhenArgumentTypeMismatch" />
    </UnitTest>
    <UnitTest name="Equals_ShouldReturnFalse_WhenOnlyIdsAreDifferent" storage="d:\actions-runner\_work\xpco\xpco\allsolutions\..\mip\platformplugin\videoos.platform\unittest\bin\debug\net6.0-windows\videoos.platform.tests.dll" id="8e518cf6-5cc7-9578-86bd-3ad3afaceaf7">
      <Execution id="018948b6-e027-4112-941a-f48a38e843f1" />
      <TestMethod codeBase="D:\actions-runner\_work\XPCO\XPCO\AllSolutions\..\MIP\PlatformPlugin\VideoOS.Platform\unittest\bin\Debug\net6.0-windows\VideoOS.Platform.Tests.dll" adapterTypeName="executor://mstestadapter/v2" className="VideoOS.Platform.Tests.ServerIdTests" name="Equals_ShouldReturnFalse_WhenOnlyIdsAreDifferent" />
    </UnitTest>
    <UnitTest name="IsValidSelectionCallback_ReturnsTrue_ItemSelected" storage="d:\actions-runner\_work\xpco\xpco\allsolutions\..\mip\platformplugin\videoos.platform\unittest\bin\debug\net6.0-windows\videoos.platform.tests.dll" id="bb7fb76c-e069-4fd0-bdf8-cc43e62b4ee4">
      <Execution id="98a4862b-6e34-4ca4-9332-9233f1c53c11" />
      <TestMethod codeBase="D:\actions-runner\_work\XPCO\XPCO\AllSolutions\..\MIP\PlatformPlugin\VideoOS.Platform\unittest\bin\Debug\net6.0-windows\VideoOS.Platform.Tests.dll" adapterTypeName="executor://mstestadapter/v2" className="VideoOS.Platform.Tests.UI.ItemPicker.ItemPickerViewModelTest" name="IsValidSelectionCallback_ReturnsTrue_ItemSelected" />
    </UnitTest>
    <UnitTest name="ReadXml_ShouldReadShape_WhenShapeIsPresent" storage="d:\actions-runner\_work\xpco\xpco\allsolutions\..\mip\platformplugin\videoos.platform\unittest\bin\debug\net6.0-windows\videoos.platform.tests.dll" id="21519acc-d56e-4959-c4c3-f48c7006fe27">
      <Execution id="63b1ea57-139d-4097-8327-ae98d92931b6" />
      <TestMethod codeBase="D:\actions-runner\_work\XPCO\XPCO\AllSolutions\..\MIP\PlatformPlugin\VideoOS.Platform\unittest\bin\Debug\net6.0-windows\VideoOS.Platform.Tests.dll" adapterTypeName="executor://mstestadapter/v2" className="VideoOS.Platform.Tests.Metadata.AppearanceTests" name="ReadXml_ShouldReadShape_WhenShapeIsPresent" />
    </UnitTest>
    <UnitTest name="GetPreviousDateTime_ShouldReturnLastDataEntityFromSecondToolkitCall_WhenDateIsEqualOrBeforeLastCachedValue" storage="d:\actions-runner\_work\xpco\xpco\allsolutions\..\mip\platformplugin\videoos.platform\unittest\bin\debug\net6.0-windows\videoos.platform.tests.dll" id="f1b429c9-236c-37a4-5790-ad48b8bcac95">
      <Execution id="38a56964-55f2-4b20-82d4-502c03f3cc62" />
      <TestMethod codeBase="D:\actions-runner\_work\XPCO\XPCO\AllSolutions\..\MIP\PlatformPlugin\VideoOS.Platform\unittest\bin\Debug\net6.0-windows\VideoOS.Platform.Tests.dll" adapterTypeName="executor://mstestadapter/v2" className="VideoOS.Platform.Tests.Data.MetadataPlaybackSourceTests" name="GetPreviousDateTime_ShouldReturnLastDataEntityFromSecondToolkitCall_WhenDateIsEqualOrBeforeLastCachedValue" />
    </UnitTest>
    <UnitTest name="Serialize_TestCases (TestParentTypeMatchObjectThisTypeNotMatchedProperty)" storage="d:\actions-runner\_work\xpco\xpco\allsolutions\..\mip\platformplugin\videoos.platform\unittest\bin\debug\net6.0-windows\videoos.platform.tests.dll" id="ea293987-3f38-3bb5-dd17-e36fb9072559">
      <Execution id="d2b2a189-a3e8-447e-b74c-428541dedbbd" />
      <TestMethod codeBase="D:\actions-runner\_work\XPCO\XPCO\AllSolutions\..\MIP\PlatformPlugin\VideoOS.Platform\unittest\bin\Debug\net6.0-windows\VideoOS.Platform.Tests.dll" adapterTypeName="executor://mstestadapter/v2" className="VideoOS.Platform.Tests.UI.Controls.Automation.Serialization.AutomationObjectSerializerTest" name="Serialize_TestCases" />
    </UnitTest>
    <UnitTest name="Serialize_TestCases (Verify root Collection (null) property)" storage="d:\actions-runner\_work\xpco\xpco\allsolutions\..\mip\platformplugin\videoos.platform\unittest\bin\debug\net6.0-windows\videoos.platform.tests.dll" id="212d269e-e227-2ffb-7701-8181bcaf4ecf">
      <Execution id="db8c5e22-95c7-49c8-a986-f3e6070cb585" />
      <TestMethod codeBase="D:\actions-runner\_work\XPCO\XPCO\AllSolutions\..\MIP\PlatformPlugin\VideoOS.Platform\unittest\bin\Debug\net6.0-windows\VideoOS.Platform.Tests.dll" adapterTypeName="executor://mstestadapter/v2" className="VideoOS.Platform.Tests.UI.Controls.Automation.Serialization.AutomationObjectSerializerTest" name="Serialize_TestCases" />
    </UnitTest>
    <UnitTest name="ReadXml_ShouldLogWarningOnlyOnceWithinOneMinute_WhenRequiredAttributeIsMissing" storage="d:\actions-runner\_work\xpco\xpco\allsolutions\..\mip\platformplugin\videoos.platform\unittest\bin\debug\net6.0-windows\videoos.platform.tests.dll" id="96d51fc2-2cbe-e312-cc7e-6899f3431cc7">
      <Execution id="794019e8-360d-4000-b65c-47be8e58fd3b" />
      <TestMethod codeBase="D:\actions-runner\_work\XPCO\XPCO\AllSolutions\..\MIP\PlatformPlugin\VideoOS.Platform\unittest\bin\Debug\net6.0-windows\VideoOS.Platform.Tests.dll" adapterTypeName="executor://mstestadapter/v2" className="VideoOS.Platform.Tests.Metadata.FrameTests" name="ReadXml_ShouldLogWarningOnlyOnceWithinOneMinute_WhenRequiredAttributeIsMissing" />
    </UnitTest>
    <UnitTest name="ProvideValue_ShouldUseContentTemplateFromItem_WhenItemContentTemplateIsSet" storage="d:\actions-runner\_work\xpco\xpco\allsolutions\..\mip\platformplugin\videoos.platform\unittest\bin\debug\net6.0-windows\videoos.platform.tests.dll" id="e0743512-14b2-153f-50d2-6849d822eb82">
      <TestCategory>
        <TestCategoryItem TestCategory="TabControls" />
      </TestCategory>
      <Execution id="82ad98d2-2d7f-470f-8808-4b726ad47155" />
      <TestMethod codeBase="D:\actions-runner\_work\XPCO\XPCO\AllSolutions\..\MIP\PlatformPlugin\VideoOS.Platform\unittest\bin\Debug\net6.0-windows\VideoOS.Platform.Tests.dll" adapterTypeName="executor://mstestadapter/v2" className="VideoOS.Platform.Tests.UI.Controls.TabControls.Internal.Primary.ItemContentTemplateExtensionTest" name="ProvideValue_ShouldUseContentTemplateFromItem_WhenItemContentTemplateIsSet" />
    </UnitTest>
    <UnitTest name="Parse_UnstartedBracket" storage="d:\actions-runner\_work\xpco\xpco\allsolutions\..\mip\platformplugin\videoos.platform\unittest\bin\debug\net6.0-windows\videoos.platform.tests.dll" id="19d3a582-cf55-1f18-55fd-1cbf218e3c1b">
      <Execution id="5c1f6957-8731-4057-a6bc-3be4ee9bb5bf" />
      <TestMethod codeBase="D:\actions-runner\_work\XPCO\XPCO\AllSolutions\..\MIP\PlatformPlugin\VideoOS.Platform\unittest\bin\Debug\net6.0-windows\VideoOS.Platform.Tests.dll" adapterTypeName="executor://mstestadapter/v2" className="VideoOS.Platform.Tests.Proxy.RestApi.JsonReaderTests" name="Parse_UnstartedBracket" />
    </UnitTest>
    <UnitTest name="Contains_CameraKind_Checked" storage="d:\actions-runner\_work\xpco\xpco\allsolutions\..\mip\platformplugin\videoos.platform\unittest\bin\debug\net6.0-windows\videoos.platform.tests.dll" id="426fd024-0e4c-9e4a-2e43-44c5266f80d0">
      <Execution id="6e738d43-6a00-4313-b267-f254ce492748" />
      <TestMethod codeBase="D:\actions-runner\_work\XPCO\XPCO\AllSolutions\..\MIP\PlatformPlugin\VideoOS.Platform\unittest\bin\Debug\net6.0-windows\VideoOS.Platform.Tests.dll" adapterTypeName="executor://mstestadapter/v2" className="VideoOS.Platform.Tests.FQIDtests" name="Contains_CameraKind_Checked" />
    </UnitTest>
    <UnitTest name="ReadXml_ShouldDiscardCenterOfGravity_WhenIncompleteCenterOfGravityIsPresent" storage="d:\actions-runner\_work\xpco\xpco\allsolutions\..\mip\platformplugin\videoos.platform\unittest\bin\debug\net6.0-windows\videoos.platform.tests.dll" id="27f0a424-dd24-08ba-788b-f15f39b1c327">
      <Execution id="baee8c75-55b9-44f2-a072-b53d4022a179" />
      <TestMethod codeBase="D:\actions-runner\_work\XPCO\XPCO\AllSolutions\..\MIP\PlatformPlugin\VideoOS.Platform\unittest\bin\Debug\net6.0-windows\VideoOS.Platform.Tests.dll" adapterTypeName="executor://mstestadapter/v2" className="VideoOS.Platform.Tests.Metadata.ShapeTests" name="ReadXml_ShouldDiscardCenterOfGravity_WhenIncompleteCenterOfGravityIsPresent" />
    </UnitTest>
    <UnitTest name="Contains_With_Null_Fails" storage="d:\actions-runner\_work\xpco\xpco\allsolutions\..\mip\platformplugin\videoos.platform\unittest\bin\debug\net6.0-windows\videoos.platform.tests.dll" id="6ca72b6b-0033-ee05-80aa-21dc1f0119ea">
      <Execution id="4193905b-3001-4fb9-968f-647464ef829f" />
      <TestMethod codeBase="D:\actions-runner\_work\XPCO\XPCO\AllSolutions\..\MIP\PlatformPlugin\VideoOS.Platform\unittest\bin\Debug\net6.0-windows\VideoOS.Platform.Tests.dll" adapterTypeName="executor://mstestadapter/v2" className="VideoOS.Platform.Tests.FQIDtests" name="Contains_With_Null_Fails" />
    </UnitTest>
    <UnitTest name="ReadXml_ShouldIgnoreUnknownChildren_WhenUnknownChildrenArePresent" storage="d:\actions-runner\_work\xpco\xpco\allsolutions\..\mip\platformplugin\videoos.platform\unittest\bin\debug\net6.0-windows\videoos.platform.tests.dll" id="88c1b25e-ba16-57cd-c6d8-d1d74e524e76">
      <Execution id="c4a21a68-99ce-423a-8fda-e9ca3d50015f" />
      <TestMethod codeBase="D:\actions-runner\_work\XPCO\XPCO\AllSolutions\..\MIP\PlatformPlugin\VideoOS.Platform\unittest\bin\Debug\net6.0-windows\VideoOS.Platform.Tests.dll" adapterTypeName="executor://mstestadapter/v2" className="VideoOS.Platform.Tests.Metadata.ShapeTests" name="ReadXml_ShouldIgnoreUnknownChildren_WhenUnknownChildrenArePresent" />
    </UnitTest>
    <UnitTest name="Equals_IgnoreFolderType_Fail_OnObjectString" storage="d:\actions-runner\_work\xpco\xpco\allsolutions\..\mip\platformplugin\videoos.platform\unittest\bin\debug\net6.0-windows\videoos.platform.tests.dll" id="68f5557d-4bd5-ebae-3a22-537c1702d781">
      <Execution id="a9c703de-d809-4d77-9418-fa79e56ad592" />
      <TestMethod codeBase="D:\actions-runner\_work\XPCO\XPCO\AllSolutions\..\MIP\PlatformPlugin\VideoOS.Platform\unittest\bin\Debug\net6.0-windows\VideoOS.Platform.Tests.dll" adapterTypeName="executor://mstestadapter/v2" className="VideoOS.Platform.Tests.FQIDtests" name="Equals_IgnoreFolderType_Fail_OnObjectString" />
    </UnitTest>
    <UnitTest name="CollectionReplaced_ShouldInvokeCallback_WhenNotObservable" storage="d:\actions-runner\_work\xpco\xpco\allsolutions\..\mip\platformplugin\videoos.platform\unittest\bin\debug\net6.0-windows\videoos.platform.tests.dll" id="cb7e38b0-12f4-dfad-65ae-f93a1147794e">
      <Execution id="9f7cc19d-e2b3-4a18-ac13-16de70b3b3f1" />
      <TestMethod codeBase="D:\actions-runner\_work\XPCO\XPCO\AllSolutions\..\MIP\PlatformPlugin\VideoOS.Platform\unittest\bin\Debug\net6.0-windows\VideoOS.Platform.Tests.dll" adapterTypeName="executor://mstestadapter/v2" className="VideoOS.Platform.Tests.UI.Controls.CollectionHelperGenericTest" name="CollectionReplaced_ShouldInvokeCallback_WhenNotObservable" />
    </UnitTest>
    <UnitTest name="ReadXml_ShouldLogWarning_WhenRequiredAttributeIsMissing" storage="d:\actions-runner\_work\xpco\xpco\allsolutions\..\mip\platformplugin\videoos.platform\unittest\bin\debug\net6.0-windows\videoos.platform.tests.dll" id="de470450-f311-009d-203e-62ec8452adf9">
      <Execution id="2f88d9f8-6996-40b5-9107-4883d4abf42d" />
      <TestMethod codeBase="D:\actions-runner\_work\XPCO\XPCO\AllSolutions\..\MIP\PlatformPlugin\VideoOS.Platform\unittest\bin\Debug\net6.0-windows\VideoOS.Platform.Tests.dll" adapterTypeName="executor://mstestadapter/v2" className="VideoOS.Platform.Tests.Metadata.RectangleTests" name="ReadXml_ShouldLogWarning_WhenRequiredAttributeIsMissing" />
    </UnitTest>
    <UnitTest name="GenerateEnumValueParameters_ShouldWriteDisplayId_WhenAlways" storage="d:\actions-runner\_work\xpco\xpco\allsolutions\..\mip\platformplugin\videoos.platform\unittest\bin\debug\net6.0-windows\videoos.platform.tests.dll" id="8685a0cc-8f6c-e530-6b25-43918c6d87aa">
      <Execution id="2d20c9c4-dbc6-4646-9008-ab5ec9aa2c54" />
      <TestMethod codeBase="D:\actions-runner\_work\XPCO\XPCO\AllSolutions\..\MIP\PlatformPlugin\VideoOS.Platform\unittest\bin\Debug\net6.0-windows\VideoOS.Platform.Tests.dll" adapterTypeName="executor://mstestadapter/v2" className="VideoOS.Platform.Tests.Data.EnumCapabilityValueTests" name="GenerateEnumValueParameters_ShouldWriteDisplayId_WhenAlways" />
    </UnitTest>
    <UnitTest name="Ctor_OneStandardFilter_Success" storage="d:\actions-runner\_work\xpco\xpco\allsolutions\..\mip\platformplugin\videoos.platform\unittest\bin\debug\net6.0-windows\videoos.platform.tests.dll" id="322a76e2-9465-203a-fa3f-db73d4f489c4">
      <TestCategory>
        <TestCategoryItem TestCategory="Search" />
      </TestCategory>
      <Execution id="4d6c2a7e-9e2c-4e8d-b07c-fc3fc93a14f7" />
      <TestMethod codeBase="D:\actions-runner\_work\XPCO\XPCO\AllSolutions\..\MIP\PlatformPlugin\VideoOS.Platform\unittest\bin\Debug\net6.0-windows\VideoOS.Platform.Tests.dll" adapterTypeName="executor://mstestadapter/v2" className="VideoOS.Platform.Tests.Search.FilterCategories.PersonSearchFilterCategoryTest" name="Ctor_OneStandardFilter_Success" />
    </UnitTest>
    <UnitTest name="WriteXml_ShouldWriteTypeAndLikelihoodElements_WhenAlways" storage="d:\actions-runner\_work\xpco\xpco\allsolutions\..\mip\platformplugin\videoos.platform\unittest\bin\debug\net6.0-windows\videoos.platform.tests.dll" id="a68618ea-e0dc-05b4-e76f-a11a2f3f297e">
      <Execution id="a1d3fa4b-8929-48c0-988c-6f1b60c4ef19" />
      <TestMethod codeBase="D:\actions-runner\_work\XPCO\XPCO\AllSolutions\..\MIP\PlatformPlugin\VideoOS.Platform\unittest\bin\Debug\net6.0-windows\VideoOS.Platform.Tests.dll" adapterTypeName="executor://mstestadapter/v2" className="VideoOS.Platform.Tests.Metadata.ClassCandidateTests" name="WriteXml_ShouldWriteTypeAndLikelihoodElements_WhenAlways" />
    </UnitTest>
    <UnitTest name="Add_NullKey_Throws" storage="d:\actions-runner\_work\xpco\xpco\allsolutions\..\mip\platformplugin\videoos.platform\unittest\bin\debug\net6.0-windows\videoos.platform.tests.dll" id="6e2943e4-1567-7531-b5b0-13aaeb4e80e3">
      <Execution id="8ef94eda-f647-48ef-a09d-18e90c1e67a9" />
      <TestMethod codeBase="D:\actions-runner\_work\XPCO\XPCO\AllSolutions\..\MIP\PlatformPlugin\VideoOS.Platform\unittest\bin\Debug\net6.0-windows\VideoOS.Platform.Tests.dll" adapterTypeName="executor://mstestadapter/v2" className="VideoOS.Platform.Tests.Util.Queue.LRUCacheTests" name="Add_NullKey_Throws" />
    </UnitTest>
    <UnitTest name="IsValidSelectionCallback_ReturnsFalse_ItemNotSelected" storage="d:\actions-runner\_work\xpco\xpco\allsolutions\..\mip\platformplugin\videoos.platform\unittest\bin\debug\net6.0-windows\videoos.platform.tests.dll" id="8875b738-a9e1-7286-389a-f8981f6da4cd">
      <Execution id="f46e3396-d8c9-433b-8b73-9fec97e8fdf5" />
      <TestMethod codeBase="D:\actions-runner\_work\XPCO\XPCO\AllSolutions\..\MIP\PlatformPlugin\VideoOS.Platform\unittest\bin\Debug\net6.0-windows\VideoOS.Platform.Tests.dll" adapterTypeName="executor://mstestadapter/v2" className="VideoOS.Platform.Tests.UI.ItemPicker.ItemPickerViewModelTest" name="IsValidSelectionCallback_ReturnsFalse_ItemNotSelected" />
    </UnitTest>
    <UnitTest name="Append_PropertyKey_String_Parted" storage="d:\actions-runner\_work\xpco\xpco\allsolutions\..\mip\platformplugin\videoos.platform\unittest\bin\debug\net6.0-windows\videoos.platform.tests.dll" id="eb183710-44b3-ddea-c66c-e6cc35890656">
      <Execution id="ed6c105c-e6e6-42e0-877a-998fc695f2b7" />
      <TestMethod codeBase="D:\actions-runner\_work\XPCO\XPCO\AllSolutions\..\MIP\PlatformPlugin\VideoOS.Platform\unittest\bin\Debug\net6.0-windows\VideoOS.Platform.Tests.dll" adapterTypeName="executor://mstestadapter/v2" className="VideoOS.Platform.Tests.Proxy.RestApi.JsonBuilderTests" name="Append_PropertyKey_String_Parted" />
    </UnitTest>
    <UnitTest name="GetCompatibilityHandler_ShouldThrownMIPException_WhenServerVersionCannotBeResolved" storage="d:\actions-runner\_work\xpco\xpco\allsolutions\..\mip\platformplugin\videoos.platform\unittest\bin\debug\net6.0-windows\videoos.platform.tests.dll" id="c1dba330-ca0d-dce5-8eda-7974894f22ca">
      <Execution id="8bae5978-458a-4c69-a285-6e6d853f1567" />
      <TestMethod codeBase="D:\actions-runner\_work\XPCO\XPCO\AllSolutions\..\MIP\PlatformPlugin\VideoOS.Platform\unittest\bin\Debug\net6.0-windows\VideoOS.Platform.Tests.dll" adapterTypeName="executor://mstestadapter/v2" className="VideoOS.Platform.Tests.License.LicenseManagerTests" name="GetCompatibilityHandler_ShouldThrownMIPException_WhenServerVersionCannotBeResolved" />
    </UnitTest>
    <UnitTest name="ParsingAndSerializing_ShouldPreserveDataIntegrety" storage="d:\actions-runner\_work\xpco\xpco\allsolutions\..\mip\platformplugin\videoos.platform\unittest\bin\debug\net6.0-windows\videoos.platform.tests.dll" id="bd4bf395-8f98-04c2-c5f8-cab1c6647ef1">
      <Execution id="8a3cb773-99d8-4414-88d2-71ed1aee37ea" />
      <TestMethod codeBase="D:\actions-runner\_work\XPCO\XPCO\AllSolutions\..\MIP\PlatformPlugin\VideoOS.Platform\unittest\bin\Debug\net6.0-windows\VideoOS.Platform.Tests.dll" adapterTypeName="executor://mstestadapter/v2" className="VideoOS.Platform.Tests.Metadata.MetadataDeserializerTests" name="ParsingAndSerializing_ShouldPreserveDataIntegrety" />
    </UnitTest>
    <UnitTest name="Serialize_TestCases (TestParentTypeMatchIntNotThisTypeNotMatched)" storage="d:\actions-runner\_work\xpco\xpco\allsolutions\..\mip\platformplugin\videoos.platform\unittest\bin\debug\net6.0-windows\videoos.platform.tests.dll" id="7b7abe39-6582-946d-a290-7c10dfc90b2f">
      <Execution id="21f4645a-e588-483b-a904-0d4930fff4f3" />
      <TestMethod codeBase="D:\actions-runner\_work\XPCO\XPCO\AllSolutions\..\MIP\PlatformPlugin\VideoOS.Platform\unittest\bin\Debug\net6.0-windows\VideoOS.Platform.Tests.dll" adapterTypeName="executor://mstestadapter/v2" className="VideoOS.Platform.Tests.UI.Controls.Automation.Serialization.AutomationObjectSerializerTest" name="Serialize_TestCases" />
    </UnitTest>
    <UnitTest name="Clone_Camera_Fails_Checked" storage="d:\actions-runner\_work\xpco\xpco\allsolutions\..\mip\platformplugin\videoos.platform\unittest\bin\debug\net6.0-windows\videoos.platform.tests.dll" id="4b43a64c-589e-4267-f17d-15d04a909013">
      <Execution id="df2b62ae-e827-482d-a8ee-09d343a4343c" />
      <TestMethod codeBase="D:\actions-runner\_work\XPCO\XPCO\AllSolutions\..\MIP\PlatformPlugin\VideoOS.Platform\unittest\bin\Debug\net6.0-windows\VideoOS.Platform.Tests.dll" adapterTypeName="executor://mstestadapter/v2" className="VideoOS.Platform.Tests.FQIDtests" name="Clone_Camera_Fails_Checked" />
    </UnitTest>
    <UnitTest name="Serialize_ShouldHandleCollectionFilter_WhenMatchingCollectionItemsTypeAndItMatchesOnlySubset" storage="d:\actions-runner\_work\xpco\xpco\allsolutions\..\mip\platformplugin\videoos.platform\unittest\bin\debug\net6.0-windows\videoos.platform.tests.dll" id="fcd4df18-362b-5413-023a-c55cb23032da">
      <Execution id="09435baa-9c4b-4171-ac41-eaa8cb814799" />
      <TestMethod codeBase="D:\actions-runner\_work\XPCO\XPCO\AllSolutions\..\MIP\PlatformPlugin\VideoOS.Platform\unittest\bin\Debug\net6.0-windows\VideoOS.Platform.Tests.dll" adapterTypeName="executor://mstestadapter/v2" className="VideoOS.Platform.Tests.UI.Controls.Automation.Serialization.AutomationObjectSerializerTypeFilterTests" name="Serialize_ShouldHandleCollectionFilter_WhenMatchingCollectionItemsTypeAndItMatchesOnlySubset" />
    </UnitTest>
    <UnitTest name="Serialize_TestCases (TestParentTypeMatchDoubleNotThisTypeNotMatched)" storage="d:\actions-runner\_work\xpco\xpco\allsolutions\..\mip\platformplugin\videoos.platform\unittest\bin\debug\net6.0-windows\videoos.platform.tests.dll" id="dc8473a2-1a56-3e30-355f-f99d732efb88">
      <Execution id="681d0dea-8f71-4030-9388-d0d72917ae33" />
      <TestMethod codeBase="D:\actions-runner\_work\XPCO\XPCO\AllSolutions\..\MIP\PlatformPlugin\VideoOS.Platform\unittest\bin\Debug\net6.0-windows\VideoOS.Platform.Tests.dll" adapterTypeName="executor://mstestadapter/v2" className="VideoOS.Platform.Tests.UI.Controls.Automation.Serialization.AutomationObjectSerializerTest" name="Serialize_TestCases" />
    </UnitTest>
    <UnitTest name="ReadXml_ShouldReadTransformation_WhenTransformationIsPresent" storage="d:\actions-runner\_work\xpco\xpco\allsolutions\..\mip\platformplugin\videoos.platform\unittest\bin\debug\net6.0-windows\videoos.platform.tests.dll" id="793b121d-bd99-21ec-f905-c7a3bfbc43cf">
      <Execution id="3474cd35-75ff-48b3-a4ab-39367d7e408d" />
      <TestMethod codeBase="D:\actions-runner\_work\XPCO\XPCO\AllSolutions\..\MIP\PlatformPlugin\VideoOS.Platform\unittest\bin\Debug\net6.0-windows\VideoOS.Platform.Tests.dll" adapterTypeName="executor://mstestadapter/v2" className="VideoOS.Platform.Tests.Metadata.AppearanceTests" name="ReadXml_ShouldReadTransformation_WhenTransformationIsPresent" />
    </UnitTest>
    <UnitTest name="SearchResultData_BeginTimeWithPaddingUnset_ShouldReturnBeginTime" storage="d:\actions-runner\_work\xpco\xpco\allsolutions\..\mip\platformplugin\videoos.platform\unittest\bin\debug\net6.0-windows\videoos.platform.tests.dll" id="5c8be7a3-8036-a747-4753-97244e6fc863">
      <TestCategory>
        <TestCategoryItem TestCategory="Search" />
      </TestCategory>
      <Execution id="d803fdc5-6fd3-4764-80f4-01fa4acc7fbc" />
      <TestMethod codeBase="D:\actions-runner\_work\XPCO\XPCO\AllSolutions\..\MIP\PlatformPlugin\VideoOS.Platform\unittest\bin\Debug\net6.0-windows\VideoOS.Platform.Tests.dll" adapterTypeName="executor://mstestadapter/v2" className="VideoOS.Platform.Tests.Search.SearchResultDataTest" name="SearchResultData_BeginTimeWithPaddingUnset_ShouldReturnBeginTime" />
    </UnitTest>
    <UnitTest name="GetFilterValues_SingleValueAdded_ReturnsValue" storage="d:\actions-runner\_work\xpco\xpco\allsolutions\..\mip\platformplugin\videoos.platform\unittest\bin\debug\net6.0-windows\videoos.platform.tests.dll" id="60908717-d1cb-9971-94f7-facca727b89c">
      <TestCategory>
        <TestCategoryItem TestCategory="Search" />
      </TestCategory>
      <Execution id="2062084b-d196-4fd5-8702-2baa4d918b48" />
      <TestMethod codeBase="D:\actions-runner\_work\XPCO\XPCO\AllSolutions\..\MIP\PlatformPlugin\VideoOS.Platform\unittest\bin\Debug\net6.0-windows\VideoOS.Platform.Tests.dll" adapterTypeName="executor://mstestadapter/v2" className="VideoOS.Platform.Tests.Search.SearchCriteriaTest" name="GetFilterValues_SingleValueAdded_ReturnsValue" />
    </UnitTest>
    <UnitTest name="HorizontalAccuracy_ShouldThrowArgumentOfRange_WhenValueIsOutsideAcceptedRange" storage="d:\actions-runner\_work\xpco\xpco\allsolutions\..\mip\platformplugin\videoos.platform\unittest\bin\debug\net6.0-windows\videoos.platform.tests.dll" id="890cd7d3-d5de-1eb5-735a-80921ce3d8c1">
      <Execution id="78db0980-13a5-413d-83b4-fd1bfabed8ab" />
      <TestMethod codeBase="D:\actions-runner\_work\XPCO\XPCO\AllSolutions\..\MIP\PlatformPlugin\VideoOS.Platform\unittest\bin\Debug\net6.0-windows\VideoOS.Platform.Tests.dll" adapterTypeName="executor://mstestadapter/v2" className="VideoOS.Platform.Tests.Metadata.NavigationalDataTests" name="HorizontalAccuracy_ShouldThrowArgumentOfRange_WhenValueIsOutsideAcceptedRange" />
    </UnitTest>
    <UnitTest name="SetCacheContents_ShuldInvalidateLastReturnedElementIndexSoGetNextAnd_WhenAlways" storage="d:\actions-runner\_work\xpco\xpco\allsolutions\..\mip\platformplugin\videoos.platform\unittest\bin\debug\net6.0-windows\videoos.platform.tests.dll" id="9a2c2caa-e4e4-6aa8-3062-315f42f6a4ed">
      <Execution id="7348aef4-f5f5-4088-9784-85e4776af8bb" />
      <TestMethod codeBase="D:\actions-runner\_work\XPCO\XPCO\AllSolutions\..\MIP\PlatformPlugin\VideoOS.Platform\unittest\bin\Debug\net6.0-windows\VideoOS.Platform.Tests.dll" adapterTypeName="executor://mstestadapter/v2" className="VideoOS.Platform.Tests.Data.MetadataCacheTests" name="SetCacheContents_ShuldInvalidateLastReturnedElementIndexSoGetNextAnd_WhenAlways" />
    </UnitTest>
    <UnitTest name="TestConstructor_Success" storage="d:\actions-runner\_work\xpco\xpco\allsolutions\..\mip\platformplugin\videoos.platform\unittest\bin\debug\net6.0-windows\videoos.platform.tests.dll" id="6ca73ebd-56b4-1756-58f8-e75d82906bc5">
      <Execution id="108c525a-5ec8-4bc6-b36a-0375c45a94ae" />
      <TestMethod codeBase="D:\actions-runner\_work\XPCO\XPCO\AllSolutions\..\MIP\PlatformPlugin\VideoOS.Platform\unittest\bin\Debug\net6.0-windows\VideoOS.Platform.Tests.dll" adapterTypeName="executor://mstestadapter/v2" className="VideoOS.Platform.Tests.Search.Error.ServerNotAvailableSearchErrorTest" name="TestConstructor_Success" />
    </UnitTest>
    <UnitTest name="Serialize_TestCases (TestParentTypeMatchObjectThisTypeMatchedProperty)" storage="d:\actions-runner\_work\xpco\xpco\allsolutions\..\mip\platformplugin\videoos.platform\unittest\bin\debug\net6.0-windows\videoos.platform.tests.dll" id="49d3e4e4-be09-c24f-6884-4d663f775ecc">
      <Execution id="aa56700b-1401-495f-bb25-c896ffd4a2fd" />
      <TestMethod codeBase="D:\actions-runner\_work\XPCO\XPCO\AllSolutions\..\MIP\PlatformPlugin\VideoOS.Platform\unittest\bin\Debug\net6.0-windows\VideoOS.Platform.Tests.dll" adapterTypeName="executor://mstestadapter/v2" className="VideoOS.Platform.Tests.UI.Controls.Automation.Serialization.AutomationObjectSerializerTest" name="Serialize_TestCases" />
    </UnitTest>
    <UnitTest name="Remove_ItemNotInQueue_NoChange" storage="d:\actions-runner\_work\xpco\xpco\allsolutions\..\mip\platformplugin\videoos.platform\unittest\bin\debug\net6.0-windows\videoos.platform.tests.dll" id="6c89edff-e640-ffef-eff3-e38e5c9bbb28">
      <Execution id="87ae28a0-0c5c-4458-8ae8-e019d16eeced" />
      <TestMethod codeBase="D:\actions-runner\_work\XPCO\XPCO\AllSolutions\..\MIP\PlatformPlugin\VideoOS.Platform\unittest\bin\Debug\net6.0-windows\VideoOS.Platform.Tests.dll" adapterTypeName="executor://mstestadapter/v2" className="VideoOS.Platform.Tests.Util.Queue.ConcurrentQueueSlimTests" name="Remove_ItemNotInQueue_NoChange" />
    </UnitTest>
    <UnitTest name="WriteXml_ShouldWriteAllClassCandidates_WhenThereAreMultipleClassCandidatesPresent" storage="d:\actions-runner\_work\xpco\xpco\allsolutions\..\mip\platformplugin\videoos.platform\unittest\bin\debug\net6.0-windows\videoos.platform.tests.dll" id="4bcbb7d4-08c1-9252-8fa2-fa28745614be">
      <Execution id="a4add47d-8fc6-4cca-83ee-ba3f755e7fae" />
      <TestMethod codeBase="D:\actions-runner\_work\XPCO\XPCO\AllSolutions\..\MIP\PlatformPlugin\VideoOS.Platform\unittest\bin\Debug\net6.0-windows\VideoOS.Platform.Tests.dll" adapterTypeName="executor://mstestadapter/v2" className="VideoOS.Platform.Tests.Metadata.OnvifClassTests" name="WriteXml_ShouldWriteAllClassCandidates_WhenThereAreMultipleClassCandidatesPresent" />
    </UnitTest>
    <UnitTest name="GetEnd_ShouldReturnNull_WhenToolkitReturnsNull" storage="d:\actions-runner\_work\xpco\xpco\allsolutions\..\mip\platformplugin\videoos.platform\unittest\bin\debug\net6.0-windows\videoos.platform.tests.dll" id="5ce0e781-04f1-5244-6eeb-240f14509129">
      <Execution id="08869be1-ff8f-4bfc-9909-05dc08113afd" />
      <TestMethod codeBase="D:\actions-runner\_work\XPCO\XPCO\AllSolutions\..\MIP\PlatformPlugin\VideoOS.Platform\unittest\bin\Debug\net6.0-windows\VideoOS.Platform.Tests.dll" adapterTypeName="executor://mstestadapter/v2" className="VideoOS.Platform.Tests.Data.MetadataPlaybackSourceTests" name="GetEnd_ShouldReturnNull_WhenToolkitReturnsNull" />
    </UnitTest>
    <UnitTest name="ReadXml_ShouldSetUtcTimeToMinimumDateTime_WhenUtcTimeAttributeIsPresentButNotParsable" storage="d:\actions-runner\_work\xpco\xpco\allsolutions\..\mip\platformplugin\videoos.platform\unittest\bin\debug\net6.0-windows\videoos.platform.tests.dll" id="da9bdaf7-bb7b-c4ed-24c1-5ff24e912e57">
      <Execution id="7af9f1f2-cbc5-49f6-b720-d8339c64dc4d" />
      <TestMethod codeBase="D:\actions-runner\_work\XPCO\XPCO\AllSolutions\..\MIP\PlatformPlugin\VideoOS.Platform\unittest\bin\Debug\net6.0-windows\VideoOS.Platform.Tests.dll" adapterTypeName="executor://mstestadapter/v2" className="VideoOS.Platform.Tests.Metadata.FrameTests" name="ReadXml_ShouldSetUtcTimeToMinimumDateTime_WhenUtcTimeAttributeIsPresentButNotParsable" />
    </UnitTest>
    <UnitTest name="GenerateDeviceParameters_ShouldWriteCorrectQuality_WhenQualityIsInRange" storage="d:\actions-runner\_work\xpco\xpco\allsolutions\..\mip\platformplugin\videoos.platform\unittest\bin\debug\net6.0-windows\videoos.platform.tests.dll" id="2106ce31-ab6d-dc05-4702-f8a1d8cb40da">
      <Execution id="33bdeea8-2938-46f9-b412-c2b85cdda206" />
      <TestMethod codeBase="D:\actions-runner\_work\XPCO\XPCO\AllSolutions\..\MIP\PlatformPlugin\VideoOS.Platform\unittest\bin\Debug\net6.0-windows\VideoOS.Platform.Tests.dll" adapterTypeName="executor://mstestadapter/v2" className="VideoOS.Platform.Tests.Data.CameraDeviceDefinitionTests" name="GenerateDeviceParameters_ShouldWriteCorrectQuality_WhenQualityIsInRange" />
    </UnitTest>
    <UnitTest name="GenerateDeviceParameters_ShouldWriteNumberOfTypeDefintions_WhenAlways" storage="d:\actions-runner\_work\xpco\xpco\allsolutions\..\mip\platformplugin\videoos.platform\unittest\bin\debug\net6.0-windows\videoos.platform.tests.dll" id="ad962b0e-987d-63ea-d90a-c4db7582df00">
      <Execution id="496534e6-361b-4c40-a7fb-5de787b5c340" />
      <TestMethod codeBase="D:\actions-runner\_work\XPCO\XPCO\AllSolutions\..\MIP\PlatformPlugin\VideoOS.Platform\unittest\bin\Debug\net6.0-windows\VideoOS.Platform.Tests.dll" adapterTypeName="executor://mstestadapter/v2" className="VideoOS.Platform.Tests.Data.MetadataDeviceDefintionTests" name="GenerateDeviceParameters_ShouldWriteNumberOfTypeDefintions_WhenAlways" />
    </UnitTest>
    <UnitTest name="Serialize_TestCases (TestParentTypeMatchStructThisTypeNotMatched)" storage="d:\actions-runner\_work\xpco\xpco\allsolutions\..\mip\platformplugin\videoos.platform\unittest\bin\debug\net6.0-windows\videoos.platform.tests.dll" id="7f8bbaf1-206b-a0aa-eea7-dbbbfa082a2a">
      <Execution id="6a99a40b-71bb-46c5-914a-2feb5a9b600f" />
      <TestMethod codeBase="D:\actions-runner\_work\XPCO\XPCO\AllSolutions\..\MIP\PlatformPlugin\VideoOS.Platform\unittest\bin\Debug\net6.0-windows\VideoOS.Platform.Tests.dll" adapterTypeName="executor://mstestadapter/v2" className="VideoOS.Platform.Tests.UI.Controls.Automation.Serialization.AutomationObjectSerializerTest" name="Serialize_TestCases" />
    </UnitTest>
    <UnitTest name="Minimize_ShouldReturnOneInterval_WhenListContainsTwoOverlappingIntervals" storage="d:\actions-runner\_work\xpco\xpco\allsolutions\..\mip\platformplugin\videoos.platform\unittest\bin\debug\net6.0-windows\videoos.platform.tests.dll" id="66008b6f-5831-0af0-c7ea-7bf08df5fe34">
      <Execution id="1f8b4d67-b9f5-4b56-99b8-12adba101185" />
      <TestMethod codeBase="D:\actions-runner\_work\XPCO\XPCO\AllSolutions\..\MIP\PlatformPlugin\VideoOS.Platform\unittest\bin\Debug\net6.0-windows\VideoOS.Platform.Tests.dll" adapterTypeName="executor://mstestadapter/v2" className="VideoOS.Platform.Tests.Util.TimeIntervalTests" name="Minimize_ShouldReturnOneInterval_WhenListContainsTwoOverlappingIntervals" />
    </UnitTest>
    <UnitTest name="GetAllFrames_ShouldReturnFramesForSingleVideoAnalytics_WhenThereIsOneVideoAnalytics" storage="d:\actions-runner\_work\xpco\xpco\allsolutions\..\mip\platformplugin\videoos.platform\unittest\bin\debug\net6.0-windows\videoos.platform.tests.dll" id="e5d77a31-6b9f-c926-244b-f6a80ab8552d">
      <Execution id="48dc6610-b44c-4f4f-b828-ad7896b6ad50" />
      <TestMethod codeBase="D:\actions-runner\_work\XPCO\XPCO\AllSolutions\..\MIP\PlatformPlugin\VideoOS.Platform\unittest\bin\Debug\net6.0-windows\VideoOS.Platform.Tests.dll" adapterTypeName="executor://mstestadapter/v2" className="VideoOS.Platform.Tests.Metadata.MetadataStreamTests" name="GetAllFrames_ShouldReturnFramesForSingleVideoAnalytics_WhenThereIsOneVideoAnalytics" />
    </UnitTest>
    <UnitTest name="Serialize_TestCases (Verify root Decimal property)" storage="d:\actions-runner\_work\xpco\xpco\allsolutions\..\mip\platformplugin\videoos.platform\unittest\bin\debug\net6.0-windows\videoos.platform.tests.dll" id="37b49210-15f4-b4b5-dcb1-b6b4bc4cb5a0">
      <Execution id="e2c29a99-bdf0-4df9-af75-c61cee7c6474" />
      <TestMethod codeBase="D:\actions-runner\_work\XPCO\XPCO\AllSolutions\..\MIP\PlatformPlugin\VideoOS.Platform\unittest\bin\Debug\net6.0-windows\VideoOS.Platform.Tests.dll" adapterTypeName="executor://mstestadapter/v2" className="VideoOS.Platform.Tests.UI.Controls.Automation.Serialization.AutomationObjectSerializerTest" name="Serialize_TestCases" />
    </UnitTest>
    <UnitTest name="Add_ShouldNotReplaceLastElement_WhenStartTimeOfLastIsDifferentFromAdded" storage="d:\actions-runner\_work\xpco\xpco\allsolutions\..\mip\platformplugin\videoos.platform\unittest\bin\debug\net6.0-windows\videoos.platform.tests.dll" id="c8844d95-6b3e-d2a5-0238-e17eb53985e3">
      <Execution id="d5329498-b1fe-426d-94c9-21d30278cd1e" />
      <TestMethod codeBase="D:\actions-runner\_work\XPCO\XPCO\AllSolutions\..\MIP\PlatformPlugin\VideoOS.Platform\unittest\bin\Debug\net6.0-windows\VideoOS.Platform.Tests.dll" adapterTypeName="executor://mstestadapter/v2" className="VideoOS.Platform.Tests.Client.SequenceCacheTests" name="Add_ShouldNotReplaceLastElement_WhenStartTimeOfLastIsDifferentFromAdded" />
    </UnitTest>
    <UnitTest name="GetNearest_ShouldReturnNearestData_WhenTimestampIsInMiddleOfDataReturnedFromToolkit" storage="d:\actions-runner\_work\xpco\xpco\allsolutions\..\mip\platformplugin\videoos.platform\unittest\bin\debug\net6.0-windows\videoos.platform.tests.dll" id="af3c7f95-5484-075f-8f9e-acca11c99bc5">
      <Execution id="ed0abdf7-f12a-4c94-83f1-8244e75f7564" />
      <TestMethod codeBase="D:\actions-runner\_work\XPCO\XPCO\AllSolutions\..\MIP\PlatformPlugin\VideoOS.Platform\unittest\bin\Debug\net6.0-windows\VideoOS.Platform.Tests.dll" adapterTypeName="executor://mstestadapter/v2" className="VideoOS.Platform.Tests.Data.MetadataPlaybackSourceTests" name="GetNearest_ShouldReturnNearestData_WhenTimestampIsInMiddleOfDataReturnedFromToolkit" />
    </UnitTest>
    <UnitTest name="ResolveIconSource_ResourceIconsAndDefinedIcons_ShouldBeIdentical" storage="d:\actions-runner\_work\xpco\xpco\allsolutions\..\mip\platformplugin\videoos.platform\unittest\bin\debug\net6.0-windows\videoos.platform.tests.dll" id="18b9af22-bb6c-f1cc-eab9-198fe04c78c2">
      <TestCategory>
        <TestCategoryItem TestCategory="Icons" />
      </TestCategory>
      <Execution id="b16314b4-ab91-48dc-b1f8-57d2887c2021" />
      <TestMethod codeBase="D:\actions-runner\_work\XPCO\XPCO\AllSolutions\..\MIP\PlatformPlugin\VideoOS.Platform\unittest\bin\Debug\net6.0-windows\VideoOS.Platform.Tests.dll" adapterTypeName="executor://mstestadapter/v2" className="VideoOS.Platform.Tests.UI.Controls.Icons.VideoOSIconBuiltInSourceTest" name="ResolveIconSource_ResourceIconsAndDefinedIcons_ShouldBeIdentical" />
    </UnitTest>
    <UnitTest name="Peek_StoppedQueue_ReturnsNull" storage="d:\actions-runner\_work\xpco\xpco\allsolutions\..\mip\platformplugin\videoos.platform\unittest\bin\debug\net6.0-windows\videoos.platform.tests.dll" id="9292478f-daf1-afe9-9c29-f4faf9350c76">
      <Execution id="8227b2a3-54bf-4db2-a013-3b5cdc835abc" />
      <TestMethod codeBase="D:\actions-runner\_work\XPCO\XPCO\AllSolutions\..\MIP\PlatformPlugin\VideoOS.Platform\unittest\bin\Debug\net6.0-windows\VideoOS.Platform.Tests.dll" adapterTypeName="executor://mstestadapter/v2" className="VideoOS.Platform.Tests.Util.Queue.ConcurrentQueueSlimTests" name="Peek_StoppedQueue_ReturnsNull" />
    </UnitTest>
    <UnitTest name="TestMultiLevelQueue_TwoLevels_Success" storage="d:\actions-runner\_work\xpco\xpco\allsolutions\..\mip\platformplugin\videoos.platform\unittest\bin\debug\net6.0-windows\videoos.platform.tests.dll" id="1b0c1c74-735e-804d-2d38-1a48ef66c47a">
      <Execution id="dae458ce-b2c3-4df4-8110-0ecbcb4a9acf" />
      <TestMethod codeBase="D:\actions-runner\_work\XPCO\XPCO\AllSolutions\..\MIP\PlatformPlugin\VideoOS.Platform\unittest\bin\Debug\net6.0-windows\VideoOS.Platform.Tests.dll" adapterTypeName="executor://mstestadapter/v2" className="VideoOS.Platform.Tests.Util.Queue.MultiLevelResourceQueueTests" name="TestMultiLevelQueue_TwoLevels_Success" />
    </UnitTest>
    <UnitTest name="Equals_Fail_OnObjectString" storage="d:\actions-runner\_work\xpco\xpco\allsolutions\..\mip\platformplugin\videoos.platform\unittest\bin\debug\net6.0-windows\videoos.platform.tests.dll" id="897d70f0-e357-0848-3b55-d93cbcae3720">
      <Execution id="22f75cec-728c-4b68-959a-79299ec7409c" />
      <TestMethod codeBase="D:\actions-runner\_work\XPCO\XPCO\AllSolutions\..\MIP\PlatformPlugin\VideoOS.Platform\unittest\bin\Debug\net6.0-windows\VideoOS.Platform.Tests.dll" adapterTypeName="executor://mstestadapter/v2" className="VideoOS.Platform.Tests.FQIDtests" name="Equals_Fail_OnObjectString" />
    </UnitTest>
    <UnitTest name="GetGenderFilterValues_FilterValueMissing_ReturnsEmptyCollection" storage="d:\actions-runner\_work\xpco\xpco\allsolutions\..\mip\platformplugin\videoos.platform\unittest\bin\debug\net6.0-windows\videoos.platform.tests.dll" id="7b6494d9-14d1-e703-8dce-eacd52852ebc">
      <TestCategory>
        <TestCategoryItem TestCategory="Search" />
      </TestCategory>
      <Execution id="a29f18e9-8f7b-42b8-9553-b25372f6d960" />
      <TestMethod codeBase="D:\actions-runner\_work\XPCO\XPCO\AllSolutions\..\MIP\PlatformPlugin\VideoOS.Platform\unittest\bin\Debug\net6.0-windows\VideoOS.Platform.Tests.dll" adapterTypeName="executor://mstestadapter/v2" className="VideoOS.Platform.Tests.Search.FilterCategories.PersonSearchFilterCategoryTest" name="GetGenderFilterValues_FilterValueMissing_ReturnsEmptyCollection" />
    </UnitTest>
    <UnitTest name="ObjectId_ShouldReturnConstructorValue_WhenSetInConstructor" storage="d:\actions-runner\_work\xpco\xpco\allsolutions\..\mip\platformplugin\videoos.platform\unittest\bin\debug\net6.0-windows\videoos.platform.tests.dll" id="1e86b1ae-4010-c39e-71f3-3cc7adcf6881">
      <Execution id="099198e5-e81b-4db6-a041-6e8393b866d4" />
      <TestMethod codeBase="D:\actions-runner\_work\XPCO\XPCO\AllSolutions\..\MIP\PlatformPlugin\VideoOS.Platform\unittest\bin\Debug\net6.0-windows\VideoOS.Platform.Tests.dll" adapterTypeName="executor://mstestadapter/v2" className="VideoOS.Platform.Tests.Metadata.OnvifObjectTests" name="ObjectId_ShouldReturnConstructorValue_WhenSetInConstructor" />
    </UnitTest>
    <UnitTest name="DoubleRangeFilterValue_Deserialize_Success" storage="d:\actions-runner\_work\xpco\xpco\allsolutions\..\mip\platformplugin\videoos.platform\unittest\bin\debug\net6.0-windows\videoos.platform.tests.dll" id="e3aed149-0356-8224-e951-0cb2d3727ba3">
      <TestCategory>
        <TestCategoryItem TestCategory="Search" />
      </TestCategory>
      <Execution id="6ac6ca2f-f62f-41a5-ac5a-80ee8e7355ec" />
      <TestMethod codeBase="D:\actions-runner\_work\XPCO\XPCO\AllSolutions\..\MIP\PlatformPlugin\VideoOS.Platform\unittest\bin\Debug\net6.0-windows\VideoOS.Platform.Tests.dll" adapterTypeName="executor://mstestadapter/v2" className="VideoOS.Platform.Tests.Search.FilterValues.FilterValueTests" name="DoubleRangeFilterValue_Deserialize_Success" />
    </UnitTest>
    <UnitTest name="Enabled_Properties_With_Enable_Yes_success" storage="d:\actions-runner\_work\xpco\xpco\allsolutions\..\mip\platformplugin\videoos.platform\unittest\bin\debug\net6.0-windows\videoos.platform.tests.dll" id="f2c9789b-ec5f-6518-f2c0-b2ab50a92288">
      <Execution id="65e7ee52-09f1-456d-8674-4feeb8f15c35" />
      <TestMethod codeBase="D:\actions-runner\_work\XPCO\XPCO\AllSolutions\..\MIP\PlatformPlugin\VideoOS.Platform\unittest\bin\Debug\net6.0-windows\VideoOS.Platform.Tests.dll" adapterTypeName="executor://mstestadapter/v2" className="VideoOS.Platform.Tests.ItemTests" name="Enabled_Properties_With_Enable_Yes_success" />
    </UnitTest>
    <UnitTest name="ReadXml_ShouldLogWarning_WhenBoundingBoxIsIncomplete" storage="d:\actions-runner\_work\xpco\xpco\allsolutions\..\mip\platformplugin\videoos.platform\unittest\bin\debug\net6.0-windows\videoos.platform.tests.dll" id="55e8e49d-3677-ba1c-fee3-b06a721808bd">
      <Execution id="d94c6cc5-be09-405c-8e8a-ae1403aa7471" />
      <TestMethod codeBase="D:\actions-runner\_work\XPCO\XPCO\AllSolutions\..\MIP\PlatformPlugin\VideoOS.Platform\unittest\bin\Debug\net6.0-windows\VideoOS.Platform.Tests.dll" adapterTypeName="executor://mstestadapter/v2" className="VideoOS.Platform.Tests.Metadata.ShapeTests" name="ReadXml_ShouldLogWarning_WhenBoundingBoxIsIncomplete" />
    </UnitTest>
    <UnitTest name="CountByItems_Activated_Empty" storage="d:\actions-runner\_work\xpco\xpco\allsolutions\..\mip\platformplugin\videoos.platform\unittest\bin\debug\net6.0-windows\videoos.platform.tests.dll" id="1ffa1bf6-fb8e-b8ef-fe84-530e8f551d9d">
      <Execution id="30136f00-8161-4cde-ade1-9eef2f181085" />
      <TestMethod codeBase="D:\actions-runner\_work\XPCO\XPCO\AllSolutions\..\MIP\PlatformPlugin\VideoOS.Platform\unittest\bin\Debug\net6.0-windows\VideoOS.Platform.Tests.dll" adapterTypeName="executor://mstestadapter/v2" className="VideoOS.Platform.Tests.License.ResolvedLicenseCountTest" name="CountByItems_Activated_Empty" />
    </UnitTest>
    <UnitTest name="Set_String_In_Array" storage="d:\actions-runner\_work\xpco\xpco\allsolutions\..\mip\platformplugin\videoos.platform\unittest\bin\debug\net6.0-windows\videoos.platform.tests.dll" id="b3df3f39-3ac5-afed-24ec-7a145316d997">
      <Execution id="e35375c8-380a-4ed8-8158-aa4ec70ca519" />
      <TestMethod codeBase="D:\actions-runner\_work\XPCO\XPCO\AllSolutions\..\MIP\PlatformPlugin\VideoOS.Platform\unittest\bin\Debug\net6.0-windows\VideoOS.Platform.Tests.dll" adapterTypeName="executor://mstestadapter/v2" className="VideoOS.Platform.Tests.Proxy.RestApi.JsonReaderTests" name="Set_String_In_Array" />
    </UnitTest>
    <UnitTest name="GenerateDeviceCapabilityParameters_ShouldWriteTypeName_WhenAlways" storage="d:\actions-runner\_work\xpco\xpco\allsolutions\..\mip\platformplugin\videoos.platform\unittest\bin\debug\net6.0-windows\videoos.platform.tests.dll" id="262c3c73-7b65-0063-be55-7b0feb97027d">
      <Execution id="df63411d-9ea3-49a3-b9d5-98d3a426c5ff" />
      <TestMethod codeBase="D:\actions-runner\_work\XPCO\XPCO\AllSolutions\..\MIP\PlatformPlugin\VideoOS.Platform\unittest\bin\Debug\net6.0-windows\VideoOS.Platform.Tests.dll" adapterTypeName="executor://mstestadapter/v2" className="VideoOS.Platform.Tests.Data.MetadataDeviceCapabilityTests" name="GenerateDeviceCapabilityParameters_ShouldWriteTypeName_WhenAlways" />
    </UnitTest>
    <UnitTest name="OnErrorOccurred_EventHandler_NotifiedWithCorrectParameters" storage="d:\actions-runner\_work\xpco\xpco\allsolutions\..\mip\platformplugin\videoos.platform\unittest\bin\debug\net6.0-windows\videoos.platform.tests.dll" id="6bf15edc-a1d0-adf1-a3aa-fde4bdad9f83">
      <TestCategory>
        <TestCategoryItem TestCategory="Search" />
      </TestCategory>
      <Execution id="8cabb861-516f-428d-918d-472795b4f693" />
      <TestMethod codeBase="D:\actions-runner\_work\XPCO\XPCO\AllSolutions\..\MIP\PlatformPlugin\VideoOS.Platform\unittest\bin\Debug\net6.0-windows\VideoOS.Platform.Tests.dll" adapterTypeName="executor://mstestadapter/v2" className="VideoOS.Platform.Tests.Search.SearchDefinitionTest" name="OnErrorOccurred_EventHandler_NotifiedWithCorrectParameters" />
    </UnitTest>
    <UnitTest name="Serialize_ShouldHandleRecursiveCollection" storage="d:\actions-runner\_work\xpco\xpco\allsolutions\..\mip\platformplugin\videoos.platform\unittest\bin\debug\net6.0-windows\videoos.platform.tests.dll" id="ed293078-f25c-eb2e-8912-33515871c1a2">
      <Execution id="a506ebe1-3403-4b2a-a979-7d593798dce7" />
      <TestMethod codeBase="D:\actions-runner\_work\XPCO\XPCO\AllSolutions\..\MIP\PlatformPlugin\VideoOS.Platform\unittest\bin\Debug\net6.0-windows\VideoOS.Platform.Tests.dll" adapterTypeName="executor://mstestadapter/v2" className="VideoOS.Platform.Tests.UI.Controls.Automation.Serialization.AutomationObjectSerializerRecursionTests" name="Serialize_ShouldHandleRecursiveCollection" />
    </UnitTest>
    <UnitTest name="Equals_ShouldHaveValueSemantics_Always" storage="d:\actions-runner\_work\xpco\xpco\allsolutions\..\mip\platformplugin\videoos.platform\unittest\bin\debug\net6.0-windows\videoos.platform.tests.dll" id="2278707c-4cb1-7a76-66a2-6338bd3a574d">
      <Execution id="dcd89818-afe6-41ae-974d-0847a4de7b7e" />
      <TestMethod codeBase="D:\actions-runner\_work\XPCO\XPCO\AllSolutions\..\MIP\PlatformPlugin\VideoOS.Platform\unittest\bin\Debug\net6.0-windows\VideoOS.Platform.Tests.dll" adapterTypeName="executor://mstestadapter/v2" className="VideoOS.Platform.Tests.Metadata.DisplayColorTests" name="Equals_ShouldHaveValueSemantics_Always" />
    </UnitTest>
    <UnitTest name="Equals_ShouldHaveValueSemantics_WhenAlways" storage="d:\actions-runner\_work\xpco\xpco\allsolutions\..\mip\platformplugin\videoos.platform\unittest\bin\debug\net6.0-windows\videoos.platform.tests.dll" id="a0b09ab1-22b3-e8a0-7021-5f5ed2380424">
      <Execution id="1130bf88-f130-440d-9040-751a090fa0e5" />
      <TestMethod codeBase="D:\actions-runner\_work\XPCO\XPCO\AllSolutions\..\MIP\PlatformPlugin\VideoOS.Platform\unittest\bin\Debug\net6.0-windows\VideoOS.Platform.Tests.dll" adapterTypeName="executor://mstestadapter/v2" className="VideoOS.Platform.Tests.Metadata.RectangleTests" name="Equals_ShouldHaveValueSemantics_WhenAlways" />
    </UnitTest>
    <UnitTest name="ReadXml_ShouldReadSizeAttribute_WhenPresent" storage="d:\actions-runner\_work\xpco\xpco\allsolutions\..\mip\platformplugin\videoos.platform\unittest\bin\debug\net6.0-windows\videoos.platform.tests.dll" id="a64907b4-47a9-4e3a-b6b0-be37e2d164ea">
      <Execution id="d4c3886e-a7a4-422f-8c78-3291e88f27d9" />
      <TestMethod codeBase="D:\actions-runner\_work\XPCO\XPCO\AllSolutions\..\MIP\PlatformPlugin\VideoOS.Platform\unittest\bin\Debug\net6.0-windows\VideoOS.Platform.Tests.dll" adapterTypeName="executor://mstestadapter/v2" className="VideoOS.Platform.Tests.Metadata.DisplayTextTests" name="ReadXml_ShouldReadSizeAttribute_WhenPresent" />
    </UnitTest>
    <UnitTest name="Equals_ShouldReturnTrue_WhenHostIsTextualLocalhostAndOtherHostIsDottedDecimalThisNetwork" storage="d:\actions-runner\_work\xpco\xpco\allsolutions\..\mip\platformplugin\videoos.platform\unittest\bin\debug\net6.0-windows\videoos.platform.tests.dll" id="42e8385e-9428-8ed0-dceb-a1eac93d91de">
      <Execution id="17171098-921f-42fc-98fa-27854cfe9bf4" />
      <TestMethod codeBase="D:\actions-runner\_work\XPCO\XPCO\AllSolutions\..\MIP\PlatformPlugin\VideoOS.Platform\unittest\bin\Debug\net6.0-windows\VideoOS.Platform.Tests.dll" adapterTypeName="executor://mstestadapter/v2" className="VideoOS.Platform.Tests.ServerIdTests" name="Equals_ShouldReturnTrue_WhenHostIsTextualLocalhostAndOtherHostIsDottedDecimalThisNetwork" />
    </UnitTest>
    <UnitTest name="GetMetadataObjectIdsAsync_FirstInvocationCancelled_DelegatedToInternalMethodOnce" storage="d:\actions-runner\_work\xpco\xpco\allsolutions\..\mip\platformplugin\videoos.platform\unittest\bin\debug\net6.0-windows\videoos.platform.tests.dll" id="fd660d88-e617-79d3-f7ee-c5b3a97b4585">
      <TestCategory>
        <TestCategoryItem TestCategory="Search" />
      </TestCategory>
      <Execution id="80883528-d7ad-4aba-813b-caa5007bfd1e" />
      <TestMethod codeBase="D:\actions-runner\_work\XPCO\XPCO\AllSolutions\..\MIP\PlatformPlugin\VideoOS.Platform\unittest\bin\Debug\net6.0-windows\VideoOS.Platform.Tests.dll" adapterTypeName="executor://mstestadapter/v2" className="VideoOS.Platform.Tests.Search.SearchResultDataTest" name="GetMetadataObjectIdsAsync_FirstInvocationCancelled_DelegatedToInternalMethodOnce" />
    </UnitTest>
    <UnitTest name="GetPrevious_ShouldReturnEntryBeforeLastReturnedEntry_WhenFindCacheEntryBeforeWasCalledAndThereIsAPreviousEntry" storage="d:\actions-runner\_work\xpco\xpco\allsolutions\..\mip\platformplugin\videoos.platform\unittest\bin\debug\net6.0-windows\videoos.platform.tests.dll" id="1cd3273e-4fe1-8213-74a3-0afca1364b2a">
      <Execution id="93bace7a-e423-490d-ab40-c96a4f0161d7" />
      <TestMethod codeBase="D:\actions-runner\_work\XPCO\XPCO\AllSolutions\..\MIP\PlatformPlugin\VideoOS.Platform\unittest\bin\Debug\net6.0-windows\VideoOS.Platform.Tests.dll" adapterTypeName="executor://mstestadapter/v2" className="VideoOS.Platform.Tests.Data.MetadataCacheTests" name="GetPrevious_ShouldReturnEntryBeforeLastReturnedEntry_WhenFindCacheEntryBeforeWasCalledAndThereIsAPreviousEntry" />
    </UnitTest>
    <UnitTest name="Parse_MixedArray" storage="d:\actions-runner\_work\xpco\xpco\allsolutions\..\mip\platformplugin\videoos.platform\unittest\bin\debug\net6.0-windows\videoos.platform.tests.dll" id="654a7cf9-90b9-03f9-bc66-64198ac9caf1">
      <Execution id="6145c7e0-fd2a-4821-9280-9674b8e99220" />
      <TestMethod codeBase="D:\actions-runner\_work\XPCO\XPCO\AllSolutions\..\MIP\PlatformPlugin\VideoOS.Platform\unittest\bin\Debug\net6.0-windows\VideoOS.Platform.Tests.dll" adapterTypeName="executor://mstestadapter/v2" className="VideoOS.Platform.Tests.Proxy.RestApi.JsonReaderTests" name="Parse_MixedArray" />
    </UnitTest>
    <UnitTest name="GenerateParameters_ShouldWriteCodecListWithAllGivenCodecs_WhenCodecSetHasEntries" storage="d:\actions-runner\_work\xpco\xpco\allsolutions\..\mip\platformplugin\videoos.platform\unittest\bin\debug\net6.0-windows\videoos.platform.tests.dll" id="cb701829-9c23-dcf0-e438-8208a51f3dd4">
      <Execution id="e46222be-4199-4210-805b-695f9243cbae" />
      <TestMethod codeBase="D:\actions-runner\_work\XPCO\XPCO\AllSolutions\..\MIP\PlatformPlugin\VideoOS.Platform\unittest\bin\Debug\net6.0-windows\VideoOS.Platform.Tests.dll" adapterTypeName="executor://mstestadapter/v2" className="VideoOS.Platform.Tests.Data.CameraDeviceDefinitionTests" name="GenerateParameters_ShouldWriteCodecListWithAllGivenCodecs_WhenCodecSetHasEntries" />
    </UnitTest>
    <UnitTest name="TestCreateSearchDefinition_WithFilterCategoryNotFound_Failure" storage="d:\actions-runner\_work\xpco\xpco\allsolutions\..\mip\platformplugin\videoos.platform\unittest\bin\debug\net6.0-windows\videoos.platform.tests.dll" id="3a4d61c6-1dc3-0bdf-c7d5-0384c8954cbd">
      <TestCategory>
        <TestCategoryItem TestCategory="Search" />
      </TestCategory>
      <Execution id="012bf56b-7f4b-45f2-bc96-df55fb557074" />
      <TestMethod codeBase="D:\actions-runner\_work\XPCO\XPCO\AllSolutions\..\MIP\PlatformPlugin\VideoOS.Platform\unittest\bin\Debug\net6.0-windows\VideoOS.Platform.Tests.dll" adapterTypeName="executor://mstestadapter/v2" className="VideoOS.Platform.Tests.Search.SearchManagerTest" name="TestCreateSearchDefinition_WithFilterCategoryNotFound_Failure" />
    </UnitTest>
    <UnitTest name="CountByCounter_NotActivated_Missing" storage="d:\actions-runner\_work\xpco\xpco\allsolutions\..\mip\platformplugin\videoos.platform\unittest\bin\debug\net6.0-windows\videoos.platform.tests.dll" id="1bdc0970-713b-d043-8222-8dccac91ab64">
      <Execution id="a430d23e-1243-4b54-8fe3-16d7caf939ba" />
      <TestMethod codeBase="D:\actions-runner\_work\XPCO\XPCO\AllSolutions\..\MIP\PlatformPlugin\VideoOS.Platform\unittest\bin\Debug\net6.0-windows\VideoOS.Platform.Tests.dll" adapterTypeName="executor://mstestadapter/v2" className="VideoOS.Platform.Tests.License.ResolvedLicenseCountTest" name="CountByCounter_NotActivated_Missing" />
    </UnitTest>
    <UnitTest name="AddFilterValue_NonExistingValue_NullFilter_Throws" storage="d:\actions-runner\_work\xpco\xpco\allsolutions\..\mip\platformplugin\videoos.platform\unittest\bin\debug\net6.0-windows\videoos.platform.tests.dll" id="bfd791d4-3818-9f2c-b28d-53bbc42d1573">
      <TestCategory>
        <TestCategoryItem TestCategory="Search" />
      </TestCategory>
      <Execution id="745c591a-f418-457b-9b4a-681a8e65f6d0" />
      <TestMethod codeBase="D:\actions-runner\_work\XPCO\XPCO\AllSolutions\..\MIP\PlatformPlugin\VideoOS.Platform\unittest\bin\Debug\net6.0-windows\VideoOS.Platform.Tests.dll" adapterTypeName="executor://mstestadapter/v2" className="VideoOS.Platform.Tests.Search.SearchCriteriaTest" name="AddFilterValue_NonExistingValue_NullFilter_Throws" />
    </UnitTest>
    <UnitTest name="ReadXml_ShouldReadMultipleClassCandidates_WhenMultipleCorrectClassCandidatesArePresent" storage="d:\actions-runner\_work\xpco\xpco\allsolutions\..\mip\platformplugin\videoos.platform\unittest\bin\debug\net6.0-windows\videoos.platform.tests.dll" id="527481b0-1273-3dea-68f1-756a76377e7f">
      <Execution id="db5adc42-dd21-4573-ba1c-daa260d3796e" />
      <TestMethod codeBase="D:\actions-runner\_work\XPCO\XPCO\AllSolutions\..\MIP\PlatformPlugin\VideoOS.Platform\unittest\bin\Debug\net6.0-windows\VideoOS.Platform.Tests.dll" adapterTypeName="executor://mstestadapter/v2" className="VideoOS.Platform.Tests.Metadata.OnvifClassTests" name="ReadXml_ShouldReadMultipleClassCandidates_WhenMultipleCorrectClassCandidatesArePresent" />
    </UnitTest>
    <UnitTest name="ReadXml_ShouldIgnoreUnknownElements_WhenUnknownElementsArePresent" storage="d:\actions-runner\_work\xpco\xpco\allsolutions\..\mip\platformplugin\videoos.platform\unittest\bin\debug\net6.0-windows\videoos.platform.tests.dll" id="cf5973cd-80eb-589d-6a2e-dee3a1384b97">
      <Execution id="9bf3d5e5-0ff5-4d68-bcec-8a1854f44c99" />
      <TestMethod codeBase="D:\actions-runner\_work\XPCO\XPCO\AllSolutions\..\MIP\PlatformPlugin\VideoOS.Platform\unittest\bin\Debug\net6.0-windows\VideoOS.Platform.Tests.dll" adapterTypeName="executor://mstestadapter/v2" className="VideoOS.Platform.Tests.Metadata.NavigationalDataTests" name="ReadXml_ShouldIgnoreUnknownElements_WhenUnknownElementsArePresent" />
    </UnitTest>
    <UnitTest name="Serialize_TestCases (TestParentTypeMatchInterfaceThisTypeMatched)" storage="d:\actions-runner\_work\xpco\xpco\allsolutions\..\mip\platformplugin\videoos.platform\unittest\bin\debug\net6.0-windows\videoos.platform.tests.dll" id="45b7952c-6a01-5b93-8359-f60ab9325440">
      <Execution id="3d4a6fbf-85d7-4a64-baf4-da763b97ab74" />
      <TestMethod codeBase="D:\actions-runner\_work\XPCO\XPCO\AllSolutions\..\MIP\PlatformPlugin\VideoOS.Platform\unittest\bin\Debug\net6.0-windows\VideoOS.Platform.Tests.dll" adapterTypeName="executor://mstestadapter/v2" className="VideoOS.Platform.Tests.UI.Controls.Automation.Serialization.AutomationObjectSerializerTest" name="Serialize_TestCases" />
    </UnitTest>
    <UnitTest name="CountByItems_NotActivated_Expired_Missing" storage="d:\actions-runner\_work\xpco\xpco\allsolutions\..\mip\platformplugin\videoos.platform\unittest\bin\debug\net6.0-windows\videoos.platform.tests.dll" id="bc12b5e8-0d7d-7dd1-0756-b375b65700f8">
      <Execution id="e0d46507-c63c-43ed-b3eb-6295cab0af70" />
      <TestMethod codeBase="D:\actions-runner\_work\XPCO\XPCO\AllSolutions\..\MIP\PlatformPlugin\VideoOS.Platform\unittest\bin\Debug\net6.0-windows\VideoOS.Platform.Tests.dll" adapterTypeName="executor://mstestadapter/v2" className="VideoOS.Platform.Tests.License.ResolvedLicenseCountTest" name="CountByItems_NotActivated_Expired_Missing" />
    </UnitTest>
    <UnitTest name="InstanceGet_Success" storage="d:\actions-runner\_work\xpco\xpco\allsolutions\..\mip\platformplugin\videoos.platform\unittest\bin\debug\net6.0-windows\videoos.platform.tests.dll" id="cf73c26e-47e0-f1da-1e09-63167f3a5e47">
      <TestCategory>
        <TestCategoryItem TestCategory="Search" />
      </TestCategory>
      <Execution id="9433cef9-924e-4013-ab50-90a817a68c7c" />
      <TestMethod codeBase="D:\actions-runner\_work\XPCO\XPCO\AllSolutions\..\MIP\PlatformPlugin\VideoOS.Platform\unittest\bin\Debug\net6.0-windows\VideoOS.Platform.Tests.dll" adapterTypeName="executor://mstestadapter/v2" className="VideoOS.Platform.Tests.Search.SearchUserControlResolverTest" name="InstanceGet_Success" />
    </UnitTest>
    <UnitTest name="ReadXml_ShouldLogWarningOnlyOnceWithinOneMinute_WhenRequiredAttributeIsMissing" storage="d:\actions-runner\_work\xpco\xpco\allsolutions\..\mip\platformplugin\videoos.platform\unittest\bin\debug\net6.0-windows\videoos.platform.tests.dll" id="ab8bb7fc-41b6-aa97-b7c5-389099b08870">
      <Execution id="63fed5a9-410b-47d5-83b7-adf65fb2976f" />
      <TestMethod codeBase="D:\actions-runner\_work\XPCO\XPCO\AllSolutions\..\MIP\PlatformPlugin\VideoOS.Platform\unittest\bin\Debug\net6.0-windows\VideoOS.Platform.Tests.dll" adapterTypeName="executor://mstestadapter/v2" className="VideoOS.Platform.Tests.Metadata.RectangleTests" name="ReadXml_ShouldLogWarningOnlyOnceWithinOneMinute_WhenRequiredAttributeIsMissing" />
    </UnitTest>
    <UnitTest name="Add_NotNullValue_Success" storage="d:\actions-runner\_work\xpco\xpco\allsolutions\..\mip\platformplugin\videoos.platform\unittest\bin\debug\net6.0-windows\videoos.platform.tests.dll" id="a28156aa-3bb5-7287-717c-afe6ec74f152">
      <Execution id="c2b2c1f5-f6a2-4c39-9bba-06b800afdfdd" />
      <TestMethod codeBase="D:\actions-runner\_work\XPCO\XPCO\AllSolutions\..\MIP\PlatformPlugin\VideoOS.Platform\unittest\bin\Debug\net6.0-windows\VideoOS.Platform.Tests.dll" adapterTypeName="executor://mstestadapter/v2" className="VideoOS.Platform.Tests.Util.Queue.LRUCacheTests" name="Add_NotNullValue_Success" />
    </UnitTest>
    <UnitTest name="GetPropertiesAsync_FirstInvocationCancelled_DelegatedToInternalMethodOnce" storage="d:\actions-runner\_work\xpco\xpco\allsolutions\..\mip\platformplugin\videoos.platform\unittest\bin\debug\net6.0-windows\videoos.platform.tests.dll" id="9aaf4622-5926-683b-8683-a0f59ca6a06c">
      <TestCategory>
        <TestCategoryItem TestCategory="Search" />
      </TestCategory>
      <Execution id="201437d8-d0c8-4af7-b1a2-6c5b32984b56" />
      <TestMethod codeBase="D:\actions-runner\_work\XPCO\XPCO\AllSolutions\..\MIP\PlatformPlugin\VideoOS.Platform\unittest\bin\Debug\net6.0-windows\VideoOS.Platform.Tests.dll" adapterTypeName="executor://mstestadapter/v2" className="VideoOS.Platform.Tests.Search.SearchResultDataTest" name="GetPropertiesAsync_FirstInvocationCancelled_DelegatedToInternalMethodOnce" />
    </UnitTest>
    <UnitTest name="Remove_Success" storage="d:\actions-runner\_work\xpco\xpco\allsolutions\..\mip\platformplugin\videoos.platform\unittest\bin\debug\net6.0-windows\videoos.platform.tests.dll" id="6e5da37d-17c2-c99b-bec0-ba093cc6461d">
      <Execution id="442bba04-8d4b-446d-af46-a72851b8e41b" />
      <TestMethod codeBase="D:\actions-runner\_work\XPCO\XPCO\AllSolutions\..\MIP\PlatformPlugin\VideoOS.Platform\unittest\bin\Debug\net6.0-windows\VideoOS.Platform.Tests.dll" adapterTypeName="executor://mstestadapter/v2" className="VideoOS.Platform.Tests.Util.Queue.ConcurrentQueueSlimTests" name="Remove_Success" />
    </UnitTest>
    <UnitTest name="ReadXml_ShouldReadTransformationContents_WhenTransformationIsPresent" storage="d:\actions-runner\_work\xpco\xpco\allsolutions\..\mip\platformplugin\videoos.platform\unittest\bin\debug\net6.0-windows\videoos.platform.tests.dll" id="6a5b7ab3-aa94-4efe-2c3f-1fc918bed002">
      <Execution id="12e42cd4-ab0d-48c2-8555-fffc3a14e538" />
      <TestMethod codeBase="D:\actions-runner\_work\XPCO\XPCO\AllSolutions\..\MIP\PlatformPlugin\VideoOS.Platform\unittest\bin\Debug\net6.0-windows\VideoOS.Platform.Tests.dll" adapterTypeName="executor://mstestadapter/v2" className="VideoOS.Platform.Tests.Metadata.AppearanceTests" name="ReadXml_ShouldReadTransformationContents_WhenTransformationIsPresent" />
    </UnitTest>
    <UnitTest name="WriteXml_ShouldWriteTranslateElement_WhenTranslateIsNotNull" storage="d:\actions-runner\_work\xpco\xpco\allsolutions\..\mip\platformplugin\videoos.platform\unittest\bin\debug\net6.0-windows\videoos.platform.tests.dll" id="0bd5a705-f6f8-0f3a-8c3d-f1c97380c236">
      <Execution id="e210123b-377b-4301-9485-8639e50d852d" />
      <TestMethod codeBase="D:\actions-runner\_work\XPCO\XPCO\AllSolutions\..\MIP\PlatformPlugin\VideoOS.Platform\unittest\bin\Debug\net6.0-windows\VideoOS.Platform.Tests.dll" adapterTypeName="executor://mstestadapter/v2" className="VideoOS.Platform.Tests.Metadata.TransformationTests" name="WriteXml_ShouldWriteTranslateElement_WhenTranslateIsNotNull" />
    </UnitTest>
    <UnitTest name="ReadXml_ShouldIgnoreUnknownAttributes_WhenAlways" storage="d:\actions-runner\_work\xpco\xpco\allsolutions\..\mip\platformplugin\videoos.platform\unittest\bin\debug\net6.0-windows\videoos.platform.tests.dll" id="72c3e934-5f4f-f3fc-d049-02010e141373">
      <Execution id="365d85dd-fc51-4eed-a6d4-5aa80e9a2dc3" />
      <TestMethod codeBase="D:\actions-runner\_work\XPCO\XPCO\AllSolutions\..\MIP\PlatformPlugin\VideoOS.Platform\unittest\bin\Debug\net6.0-windows\VideoOS.Platform.Tests.dll" adapterTypeName="executor://mstestadapter/v2" className="VideoOS.Platform.Tests.Metadata.DisplayTextTests" name="ReadXml_ShouldIgnoreUnknownAttributes_WhenAlways" />
    </UnitTest>
    <UnitTest name="GetNext_ShouldReturnSecondElement_WhenFirstEntryWasCalledAndThereIsAPreviousNext" storage="d:\actions-runner\_work\xpco\xpco\allsolutions\..\mip\platformplugin\videoos.platform\unittest\bin\debug\net6.0-windows\videoos.platform.tests.dll" id="d2a69b62-2638-ec8f-cc97-92c357c5901e">
      <Execution id="0187b5ce-8008-4290-b1f1-7812be25ff9d" />
      <TestMethod codeBase="D:\actions-runner\_work\XPCO\XPCO\AllSolutions\..\MIP\PlatformPlugin\VideoOS.Platform\unittest\bin\Debug\net6.0-windows\VideoOS.Platform.Tests.dll" adapterTypeName="executor://mstestadapter/v2" className="VideoOS.Platform.Tests.Data.MetadataCacheTests" name="GetNext_ShouldReturnSecondElement_WhenFirstEntryWasCalledAndThereIsAPreviousNext" />
    </UnitTest>
    <UnitTest name="ToString_MipItemNotSet_Is_Empty" storage="d:\actions-runner\_work\xpco\xpco\allsolutions\..\mip\platformplugin\videoos.platform\unittest\bin\debug\net6.0-windows\videoos.platform.tests.dll" id="463ed80f-116f-24dc-3550-f13e45fe4889">
      <Execution id="cdf789de-66b9-47a1-a49e-d25ffade5542" />
      <TestMethod codeBase="D:\actions-runner\_work\XPCO\XPCO\AllSolutions\..\MIP\PlatformPlugin\VideoOS.Platform\unittest\bin\Debug\net6.0-windows\VideoOS.Platform.Tests.dll" adapterTypeName="executor://mstestadapter/v2" className="VideoOS.Platform.Tests.UI.ItemPicker.ItemViewModelTest" name="ToString_MipItemNotSet_Is_Empty" />
    </UnitTest>
    <UnitTest name="Move_ShouldInvokeCallback_WhenObservable" storage="d:\actions-runner\_work\xpco\xpco\allsolutions\..\mip\platformplugin\videoos.platform\unittest\bin\debug\net6.0-windows\videoos.platform.tests.dll" id="9f48d199-bab5-a916-f5d8-2312d1097b95">
      <Execution id="351f4dc1-817f-4396-87aa-e54aa3487b21" />
      <TestMethod codeBase="D:\actions-runner\_work\XPCO\XPCO\AllSolutions\..\MIP\PlatformPlugin\VideoOS.Platform\unittest\bin\Debug\net6.0-windows\VideoOS.Platform.Tests.dll" adapterTypeName="executor://mstestadapter/v2" className="VideoOS.Platform.Tests.UI.Controls.CollectionHelperGenericTest" name="Move_ShouldInvokeCallback_WhenObservable" />
    </UnitTest>
    <UnitTest name="Serialize_TestCases (TestParentTypeMatchGenericNotThisTypeMatched)" storage="d:\actions-runner\_work\xpco\xpco\allsolutions\..\mip\platformplugin\videoos.platform\unittest\bin\debug\net6.0-windows\videoos.platform.tests.dll" id="7c3f6d8f-7cfa-87ef-b069-2f2a330ed08a">
      <Execution id="f106acb3-f660-4468-a9ac-a5c06a77729e" />
      <TestMethod codeBase="D:\actions-runner\_work\XPCO\XPCO\AllSolutions\..\MIP\PlatformPlugin\VideoOS.Platform\unittest\bin\Debug\net6.0-windows\VideoOS.Platform.Tests.dll" adapterTypeName="executor://mstestadapter/v2" className="VideoOS.Platform.Tests.UI.Controls.Automation.Serialization.AutomationObjectSerializerTest" name="Serialize_TestCases" />
    </UnitTest>
    <UnitTest name="IconOverlay_VaryingOverlays_Success" storage="d:\actions-runner\_work\xpco\xpco\allsolutions\..\mip\platformplugin\videoos.platform\unittest\bin\debug\net6.0-windows\videoos.platform.tests.dll" id="9f4b8baa-3d93-c3b8-cb10-c40ec85c9336">
      <Execution id="9ad529d9-c287-40d5-9c7d-b49fa9004a89" />
      <TestMethod codeBase="D:\actions-runner\_work\XPCO\XPCO\AllSolutions\..\MIP\PlatformPlugin\VideoOS.Platform\unittest\bin\Debug\net6.0-windows\VideoOS.Platform.Tests.dll" adapterTypeName="executor://mstestadapter/v2" className="VideoOS.Platform.Tests.ItemTests" name="IconOverlay_VaryingOverlays_Success" />
    </UnitTest>
    <UnitTest name="Equals_IgnoreFolderType_Fail_OnOtherNull" storage="d:\actions-runner\_work\xpco\xpco\allsolutions\..\mip\platformplugin\videoos.platform\unittest\bin\debug\net6.0-windows\videoos.platform.tests.dll" id="9f8782f5-d91c-4490-2d75-75cddc0ef1b1">
      <Execution id="161a0bb4-4c3b-4aab-9bd1-d8766dcf7e69" />
      <TestMethod codeBase="D:\actions-runner\_work\XPCO\XPCO\AllSolutions\..\MIP\PlatformPlugin\VideoOS.Platform\unittest\bin\Debug\net6.0-windows\VideoOS.Platform.Tests.dll" adapterTypeName="executor://mstestadapter/v2" className="VideoOS.Platform.Tests.FQIDtests" name="Equals_IgnoreFolderType_Fail_OnOtherNull" />
    </UnitTest>
    <UnitTest name="ReadXml_ShouldReadRightAttribute_WhenPresent" storage="d:\actions-runner\_work\xpco\xpco\allsolutions\..\mip\platformplugin\videoos.platform\unittest\bin\debug\net6.0-windows\videoos.platform.tests.dll" id="57917bfd-ab9b-4422-cadc-1c44ad6d5244">
      <Execution id="7dd3f13f-9ba9-4aa9-be80-525ea6abcb8a" />
      <TestMethod codeBase="D:\actions-runner\_work\XPCO\XPCO\AllSolutions\..\MIP\PlatformPlugin\VideoOS.Platform\unittest\bin\Debug\net6.0-windows\VideoOS.Platform.Tests.dll" adapterTypeName="executor://mstestadapter/v2" className="VideoOS.Platform.Tests.Metadata.RectangleTests" name="ReadXml_ShouldReadRightAttribute_WhenPresent" />
    </UnitTest>
    <UnitTest name="ProvideValue_ShouldChangeText_WhenItemHeaderPropertyNameIsSet" storage="d:\actions-runner\_work\xpco\xpco\allsolutions\..\mip\platformplugin\videoos.platform\unittest\bin\debug\net6.0-windows\videoos.platform.tests.dll" id="87ac7461-0d28-cf5d-7698-d8b535ebe6b4">
      <TestCategory>
        <TestCategoryItem TestCategory="TabControls" />
      </TestCategory>
      <Execution id="5c447f2f-cd2b-402a-a802-687b71cf2c2e" />
      <TestMethod codeBase="D:\actions-runner\_work\XPCO\XPCO\AllSolutions\..\MIP\PlatformPlugin\VideoOS.Platform\unittest\bin\Debug\net6.0-windows\VideoOS.Platform.Tests.dll" adapterTypeName="executor://mstestadapter/v2" className="VideoOS.Platform.Tests.UI.Controls.TabControls.Internal.Primary.ItemHeaderExtensionTest" name="ProvideValue_ShouldChangeText_WhenItemHeaderPropertyNameIsSet" />
    </UnitTest>
    <UnitTest name="GenerateTypeDefinintionParameters_ShouldWriteDisplayName_WhenAlways" storage="d:\actions-runner\_work\xpco\xpco\allsolutions\..\mip\platformplugin\videoos.platform\unittest\bin\debug\net6.0-windows\videoos.platform.tests.dll" id="5d8dd47c-bb32-a5ba-6e88-b185a7bd9c07">
      <Execution id="783083c4-a44e-4290-8a1d-7fa2e9b84131" />
      <TestMethod codeBase="D:\actions-runner\_work\XPCO\XPCO\AllSolutions\..\MIP\PlatformPlugin\VideoOS.Platform\unittest\bin\Debug\net6.0-windows\VideoOS.Platform.Tests.dll" adapterTypeName="executor://mstestadapter/v2" className="VideoOS.Platform.Tests.Data.MetadataTypeDefinitionTests" name="GenerateTypeDefinintionParameters_ShouldWriteDisplayName_WhenAlways" />
    </UnitTest>
    <UnitTest name="Serialize_TestCases (TestParentTypeMatchCollectionNotThisTypeNotMatchedProperty)" storage="d:\actions-runner\_work\xpco\xpco\allsolutions\..\mip\platformplugin\videoos.platform\unittest\bin\debug\net6.0-windows\videoos.platform.tests.dll" id="70b9353b-f69e-de3b-fa95-c1f1c59d67f8">
      <Execution id="8fbbc5b3-ffa6-46c3-b165-ddc9f5d4a1ca" />
      <TestMethod codeBase="D:\actions-runner\_work\XPCO\XPCO\AllSolutions\..\MIP\PlatformPlugin\VideoOS.Platform\unittest\bin\Debug\net6.0-windows\VideoOS.Platform.Tests.dll" adapterTypeName="executor://mstestadapter/v2" className="VideoOS.Platform.Tests.UI.Controls.Automation.Serialization.AutomationObjectSerializerTest" name="Serialize_TestCases" />
    </UnitTest>
    <UnitTest name="Equals_ShouldHaveValueSemantics_WhenAlways" storage="d:\actions-runner\_work\xpco\xpco\allsolutions\..\mip\platformplugin\videoos.platform\unittest\bin\debug\net6.0-windows\videoos.platform.tests.dll" id="5f1d3042-4664-b398-297d-153c346ec0d1">
      <Execution id="ba1a4cf1-9563-479d-935f-ab48c39988cc" />
      <TestMethod codeBase="D:\actions-runner\_work\XPCO\XPCO\AllSolutions\..\MIP\PlatformPlugin\VideoOS.Platform\unittest\bin\Debug\net6.0-windows\VideoOS.Platform.Tests.dll" adapterTypeName="executor://mstestadapter/v2" className="VideoOS.Platform.Tests.Metadata.ClassCandidateTests" name="Equals_ShouldHaveValueSemantics_WhenAlways" />
    </UnitTest>
    <UnitTest name="Equals_Fail_OnServerIdNull" storage="d:\actions-runner\_work\xpco\xpco\allsolutions\..\mip\platformplugin\videoos.platform\unittest\bin\debug\net6.0-windows\videoos.platform.tests.dll" id="9fd340a4-bdf1-80dc-4aa5-677b8c727a2b">
      <Execution id="01ff979c-c845-4207-850f-bf149c3812db" />
      <TestMethod codeBase="D:\actions-runner\_work\XPCO\XPCO\AllSolutions\..\MIP\PlatformPlugin\VideoOS.Platform\unittest\bin\Debug\net6.0-windows\VideoOS.Platform.Tests.dll" adapterTypeName="executor://mstestadapter/v2" className="VideoOS.Platform.Tests.FQIDtests" name="Equals_Fail_OnServerIdNull" />
    </UnitTest>
    <UnitTest name="GenerateGpsDevice_ShouldReturnDeviceWithCorrectTypes_WhenAlways" storage="d:\actions-runner\_work\xpco\xpco\allsolutions\..\mip\platformplugin\videoos.platform\unittest\bin\debug\net6.0-windows\videoos.platform.tests.dll" id="efff1d09-1e9a-daae-f4fe-c57e4a154964">
      <Execution id="57e0484a-3627-457b-b387-5c4cb0c3e64c" />
      <TestMethod codeBase="D:\actions-runner\_work\XPCO\XPCO\AllSolutions\..\MIP\PlatformPlugin\VideoOS.Platform\unittest\bin\Debug\net6.0-windows\VideoOS.Platform.Tests.dll" adapterTypeName="executor://mstestadapter/v2" className="VideoOS.Platform.Tests.Data.MetadataDeviceDefintionTests" name="GenerateGpsDevice_ShouldReturnDeviceWithCorrectTypes_WhenAlways" />
    </UnitTest>
    <UnitTest name="Append_Property_Int" storage="d:\actions-runner\_work\xpco\xpco\allsolutions\..\mip\platformplugin\videoos.platform\unittest\bin\debug\net6.0-windows\videoos.platform.tests.dll" id="e5428f59-f644-25e4-cf44-58ef5b64f2ad">
      <Execution id="3a0635fc-430c-41de-9292-e10751c75f9a" />
      <TestMethod codeBase="D:\actions-runner\_work\XPCO\XPCO\AllSolutions\..\MIP\PlatformPlugin\VideoOS.Platform\unittest\bin\Debug\net6.0-windows\VideoOS.Platform.Tests.dll" adapterTypeName="executor://mstestadapter/v2" className="VideoOS.Platform.Tests.Proxy.RestApi.JsonBuilderTests" name="Append_Property_Int" />
    </UnitTest>
    <UnitTest name="ReadXml_ShouldReadOriginalData_WhenOrigiginalDataIsPresent" storage="d:\actions-runner\_work\xpco\xpco\allsolutions\..\mip\platformplugin\videoos.platform\unittest\bin\debug\net6.0-windows\videoos.platform.tests.dll" id="0b0ff5aa-c291-79fb-1d8b-d1660f2ebad3">
      <Execution id="ca9fde53-280a-47bf-be5d-298b6733a32a" />
      <TestMethod codeBase="D:\actions-runner\_work\XPCO\XPCO\AllSolutions\..\MIP\PlatformPlugin\VideoOS.Platform\unittest\bin\Debug\net6.0-windows\VideoOS.Platform.Tests.dll" adapterTypeName="executor://mstestadapter/v2" className="VideoOS.Platform.Tests.Metadata.MetadataStreamTests" name="ReadXml_ShouldReadOriginalData_WhenOrigiginalDataIsPresent" />
    </UnitTest>
    <UnitTest name="Encrypt_PropertyIsSetToNo_ThrowsException" storage="d:\actions-runner\_work\xpco\xpco\allsolutions\..\mip\platformplugin\videoos.platform\unittest\bin\debug\net6.0-windows\videoos.platform.tests.dll" id="06c90135-67c9-51a3-9a46-9517155efc3a">
      <Execution id="bd78fc50-d21b-4952-8455-4cc808a21bca" />
      <TestMethod codeBase="D:\actions-runner\_work\XPCO\XPCO\AllSolutions\..\MIP\PlatformPlugin\VideoOS.Platform\unittest\bin\Debug\net6.0-windows\VideoOS.Platform.Tests.dll" adapterTypeName="executor://mstestadapter/v2" className="VideoOS.Platform.Tests.ItemTests" name="Encrypt_PropertyIsSetToNo_ThrowsException" />
    </UnitTest>
    <UnitTest name="Contains_Success" storage="d:\actions-runner\_work\xpco\xpco\allsolutions\..\mip\platformplugin\videoos.platform\unittest\bin\debug\net6.0-windows\videoos.platform.tests.dll" id="a6c85b3a-5f84-4859-aef3-09060d5afd98">
      <Execution id="c97dbadf-bc78-44ca-b058-8b20775b13af" />
      <TestMethod codeBase="D:\actions-runner\_work\XPCO\XPCO\AllSolutions\..\MIP\PlatformPlugin\VideoOS.Platform\unittest\bin\Debug\net6.0-windows\VideoOS.Platform.Tests.dll" adapterTypeName="executor://mstestadapter/v2" className="VideoOS.Platform.Tests.ItemTests" name="Contains_Success" />
    </UnitTest>
    <UnitTest name="GetChildItems_ShouldReturnNull_WhenAllNotAllAdded" storage="d:\actions-runner\_work\xpco\xpco\allsolutions\..\mip\platformplugin\videoos.platform\unittest\bin\debug\net6.0-windows\videoos.platform.tests.dll" id="ecc8a678-a940-3ae6-944a-34c722824547">
      <Execution id="0488335d-af43-4832-b13d-dd79eb01c827" />
      <TestMethod codeBase="D:\actions-runner\_work\XPCO\XPCO\AllSolutions\..\MIP\PlatformPlugin\VideoOS.Platform\unittest\bin\Debug\net6.0-windows\VideoOS.Platform.Tests.dll" adapterTypeName="executor://mstestadapter/v2" className="VideoOS.Platform.Tests.Util.ConfigurationCacheTests" name="GetChildItems_ShouldReturnNull_WhenAllNotAllAdded" />
    </UnitTest>
    <UnitTest name="GetNearest_ShouldReturnFirstElementFromToolkitResponse_WhenTimestampIsBeforeFirstElementInResponse" storage="d:\actions-runner\_work\xpco\xpco\allsolutions\..\mip\platformplugin\videoos.platform\unittest\bin\debug\net6.0-windows\videoos.platform.tests.dll" id="7727673d-f909-602e-c023-298e3154bee0">
      <Execution id="c9d94834-a55b-4bc7-a58e-5b50ab5b9aa7" />
      <TestMethod codeBase="D:\actions-runner\_work\XPCO\XPCO\AllSolutions\..\MIP\PlatformPlugin\VideoOS.Platform\unittest\bin\Debug\net6.0-windows\VideoOS.Platform.Tests.dll" adapterTypeName="executor://mstestadapter/v2" className="VideoOS.Platform.Tests.Data.MetadataPlaybackSourceTests" name="GetNearest_ShouldReturnFirstElementFromToolkitResponse_WhenTimestampIsBeforeFirstElementInResponse" />
    </UnitTest>
    <UnitTest name="Serialize_ShouldHandleSelfReferencing" storage="d:\actions-runner\_work\xpco\xpco\allsolutions\..\mip\platformplugin\videoos.platform\unittest\bin\debug\net6.0-windows\videoos.platform.tests.dll" id="500146c2-0fce-a8b0-1f53-7fbec0f9bacd">
      <Execution id="af637517-54b7-44be-b96b-8d2cec7082c2" />
      <TestMethod codeBase="D:\actions-runner\_work\XPCO\XPCO\AllSolutions\..\MIP\PlatformPlugin\VideoOS.Platform\unittest\bin\Debug\net6.0-windows\VideoOS.Platform.Tests.dll" adapterTypeName="executor://mstestadapter/v2" className="VideoOS.Platform.Tests.UI.Controls.Automation.Serialization.AutomationObjectSerializerSelfReferencingTests" name="Serialize_ShouldHandleSelfReferencing" />
    </UnitTest>
    <UnitTest name="WriteXml_ShouldWriteDescriptionContents_WhenDescriptionIsNotNull" storage="d:\actions-runner\_work\xpco\xpco\allsolutions\..\mip\platformplugin\videoos.platform\unittest\bin\debug\net6.0-windows\videoos.platform.tests.dll" id="399501bc-ecba-b1ca-b26c-0035e5a7aa53">
      <Execution id="c6cb8daa-aa7f-479f-a4ed-d04b5a45ee44" />
      <TestMethod codeBase="D:\actions-runner\_work\XPCO\XPCO\AllSolutions\..\MIP\PlatformPlugin\VideoOS.Platform\unittest\bin\Debug\net6.0-windows\VideoOS.Platform.Tests.dll" adapterTypeName="executor://mstestadapter/v2" className="VideoOS.Platform.Tests.Metadata.AppearanceTests" name="WriteXml_ShouldWriteDescriptionContents_WhenDescriptionIsNotNull" />
    </UnitTest>
    <UnitTest name="AllAttributesWerePresent_ShouldReturnTrue_WhenBothXAndYAreFloats" storage="d:\actions-runner\_work\xpco\xpco\allsolutions\..\mip\platformplugin\videoos.platform\unittest\bin\debug\net6.0-windows\videoos.platform.tests.dll" id="9b0d69da-f0df-c6b0-7696-299b1ca48f22">
      <Execution id="c3607d89-a602-45d1-b487-457e7563f006" />
      <TestMethod codeBase="D:\actions-runner\_work\XPCO\XPCO\AllSolutions\..\MIP\PlatformPlugin\VideoOS.Platform\unittest\bin\Debug\net6.0-windows\VideoOS.Platform.Tests.dll" adapterTypeName="executor://mstestadapter/v2" className="VideoOS.Platform.Tests.Metadata.VectorTests" name="AllAttributesWerePresent_ShouldReturnTrue_WhenBothXAndYAreFloats" />
    </UnitTest>
    <UnitTest name="WriteXml_ShouldWriteTypeAndLikelihoodElementContents_WhenTheyAreSet" storage="d:\actions-runner\_work\xpco\xpco\allsolutions\..\mip\platformplugin\videoos.platform\unittest\bin\debug\net6.0-windows\videoos.platform.tests.dll" id="1c326e5c-4c62-8c00-ee40-aad1ae557760">
      <Execution id="6332400f-3917-432a-bb8f-694717e964b7" />
      <TestMethod codeBase="D:\actions-runner\_work\XPCO\XPCO\AllSolutions\..\MIP\PlatformPlugin\VideoOS.Platform\unittest\bin\Debug\net6.0-windows\VideoOS.Platform.Tests.dll" adapterTypeName="executor://mstestadapter/v2" className="VideoOS.Platform.Tests.Metadata.ClassCandidateTests" name="WriteXml_ShouldWriteTypeAndLikelihoodElementContents_WhenTheyAreSet" />
    </UnitTest>
    <UnitTest name="Minimize_ShouldReturnOneInterval_WhenListContainsThreeOverlappingIntervalsContainingEachOther" storage="d:\actions-runner\_work\xpco\xpco\allsolutions\..\mip\platformplugin\videoos.platform\unittest\bin\debug\net6.0-windows\videoos.platform.tests.dll" id="5676d068-f210-9f05-bcb4-4154c077d90e">
      <Execution id="371d4abe-743e-4b9d-80cb-b1429a56b310" />
      <TestMethod codeBase="D:\actions-runner\_work\XPCO\XPCO\AllSolutions\..\MIP\PlatformPlugin\VideoOS.Platform\unittest\bin\Debug\net6.0-windows\VideoOS.Platform.Tests.dll" adapterTypeName="executor://mstestadapter/v2" className="VideoOS.Platform.Tests.Util.TimeIntervalTests" name="Minimize_ShouldReturnOneInterval_WhenListContainsThreeOverlappingIntervalsContainingEachOther" />
    </UnitTest>
    <UnitTest name="Serialize_TestCases (Verify root Generic (not null) property get property value)" storage="d:\actions-runner\_work\xpco\xpco\allsolutions\..\mip\platformplugin\videoos.platform\unittest\bin\debug\net6.0-windows\videoos.platform.tests.dll" id="7bd350cb-3547-f84c-acf6-0205c1ac84ac">
      <Execution id="31ee4cc1-70f3-4090-93f6-c62fdf0e57f1" />
      <TestMethod codeBase="D:\actions-runner\_work\XPCO\XPCO\AllSolutions\..\MIP\PlatformPlugin\VideoOS.Platform\unittest\bin\Debug\net6.0-windows\VideoOS.Platform.Tests.dll" adapterTypeName="executor://mstestadapter/v2" className="VideoOS.Platform.Tests.UI.Controls.Automation.Serialization.AutomationObjectSerializerTest" name="Serialize_TestCases" />
    </UnitTest>
    <UnitTest name="ReadXml_ShouldReadBottomAttribute_WhenPresent" storage="d:\actions-runner\_work\xpco\xpco\allsolutions\..\mip\platformplugin\videoos.platform\unittest\bin\debug\net6.0-windows\videoos.platform.tests.dll" id="c47cbfb5-8a50-ef76-dc8b-bbbbe83c35f6">
      <Execution id="76848adb-147d-4a82-adef-82ebdf3517a9" />
      <TestMethod codeBase="D:\actions-runner\_work\XPCO\XPCO\AllSolutions\..\MIP\PlatformPlugin\VideoOS.Platform\unittest\bin\Debug\net6.0-windows\VideoOS.Platform.Tests.dll" adapterTypeName="executor://mstestadapter/v2" className="VideoOS.Platform.Tests.Metadata.RectangleTests" name="ReadXml_ShouldReadBottomAttribute_WhenPresent" />
    </UnitTest>
    <UnitTest name="GenerateParameters_ShouldOmitCodec_WhenCodecHasNotBeenSet" storage="d:\actions-runner\_work\xpco\xpco\allsolutions\..\mip\platformplugin\videoos.platform\unittest\bin\debug\net6.0-windows\videoos.platform.tests.dll" id="04b4598a-a90c-25b4-3fbf-2283122ff323">
      <Execution id="b37bc502-470d-4c2a-8054-75a084a97839" />
      <TestMethod codeBase="D:\actions-runner\_work\XPCO\XPCO\AllSolutions\..\MIP\PlatformPlugin\VideoOS.Platform\unittest\bin\Debug\net6.0-windows\VideoOS.Platform.Tests.dll" adapterTypeName="executor://mstestadapter/v2" className="VideoOS.Platform.Tests.Data.CameraDeviceDefinitionTests" name="GenerateParameters_ShouldOmitCodec_WhenCodecHasNotBeenSet" />
    </UnitTest>
    <UnitTest name="ReadXml_ShouldLogWarningTwiceWhenMoreThanOneMinuteBetweenWarnings_WhenFrameDidNotReadUtcTime" storage="d:\actions-runner\_work\xpco\xpco\allsolutions\..\mip\platformplugin\videoos.platform\unittest\bin\debug\net6.0-windows\videoos.platform.tests.dll" id="6dff7af6-6d16-8dba-ea01-3eb9769c2e7a">
      <Execution id="27ae31e0-8d42-4485-b955-2db3aade76e1" />
      <TestMethod codeBase="D:\actions-runner\_work\XPCO\XPCO\AllSolutions\..\MIP\PlatformPlugin\VideoOS.Platform\unittest\bin\Debug\net6.0-windows\VideoOS.Platform.Tests.dll" adapterTypeName="executor://mstestadapter/v2" className="VideoOS.Platform.Tests.Metadata.OnvifClassTests" name="ReadXml_ShouldLogWarningTwiceWhenMoreThanOneMinuteBetweenWarnings_WhenFrameDidNotReadUtcTime" />
    </UnitTest>
    <UnitTest name="ObjectId_ShouldReturnZero_WhenNotSetInConstructor" storage="d:\actions-runner\_work\xpco\xpco\allsolutions\..\mip\platformplugin\videoos.platform\unittest\bin\debug\net6.0-windows\videoos.platform.tests.dll" id="954dcc09-ffa8-ee72-ce2c-24675b9f100a">
      <Execution id="b548b20a-7587-425b-8169-93f6ff33f592" />
      <TestMethod codeBase="D:\actions-runner\_work\XPCO\XPCO\AllSolutions\..\MIP\PlatformPlugin\VideoOS.Platform\unittest\bin\Debug\net6.0-windows\VideoOS.Platform.Tests.dll" adapterTypeName="executor://mstestadapter/v2" className="VideoOS.Platform.Tests.Metadata.OnvifObjectTests" name="ObjectId_ShouldReturnZero_WhenNotSetInConstructor" />
    </UnitTest>
    <UnitTest name="CreateSearchFilterEditControl_SinglePluginMultipleSearchResultTypes_Success" storage="d:\actions-runner\_work\xpco\xpco\allsolutions\..\mip\platformplugin\videoos.platform\unittest\bin\debug\net6.0-windows\videoos.platform.tests.dll" id="3e139534-4575-a050-7dfe-191f8507593f">
      <TestCategory>
        <TestCategoryItem TestCategory="Search" />
      </TestCategory>
      <Execution id="6978e90a-b491-4929-a97a-cce0aa7a97ce" />
      <TestMethod codeBase="D:\actions-runner\_work\XPCO\XPCO\AllSolutions\..\MIP\PlatformPlugin\VideoOS.Platform\unittest\bin\Debug\net6.0-windows\VideoOS.Platform.Tests.dll" adapterTypeName="executor://mstestadapter/v2" className="VideoOS.Platform.Tests.Search.SearchUserControlResolverTest" name="CreateSearchFilterEditControl_SinglePluginMultipleSearchResultTypes_Success" />
    </UnitTest>
    <UnitTest name="FallbackDisplayValue_MultipleValuesSet_ReturnsValueList" storage="d:\actions-runner\_work\xpco\xpco\allsolutions\..\mip\platformplugin\videoos.platform\unittest\bin\debug\net6.0-windows\videoos.platform.tests.dll" id="b8c61cc7-6c99-86e0-a646-53691f4fc54c">
      <TestCategory>
        <TestCategoryItem TestCategory="Search" />
      </TestCategory>
      <Execution id="c1ed595b-b706-4ebc-abea-b040366e85bf" />
      <TestMethod codeBase="D:\actions-runner\_work\XPCO\XPCO\AllSolutions\..\MIP\PlatformPlugin\VideoOS.Platform\unittest\bin\Debug\net6.0-windows\VideoOS.Platform.Tests.dll" adapterTypeName="executor://mstestadapter/v2" className="VideoOS.Platform.Tests.Search.MultipleSelectionFilterValueTest" name="FallbackDisplayValue_MultipleValuesSet_ReturnsValueList" />
    </UnitTest>
    <UnitTest name="WriteXml_ShouldOmitElements_WhenDataIsNotPresent" storage="d:\actions-runner\_work\xpco\xpco\allsolutions\..\mip\platformplugin\videoos.platform\unittest\bin\debug\net6.0-windows\videoos.platform.tests.dll" id="5d644acb-4f60-31db-754d-a101236e8d7f">
      <Execution id="702d2938-402c-49cb-8cf1-e103c5c9b66f" />
      <TestMethod codeBase="D:\actions-runner\_work\XPCO\XPCO\AllSolutions\..\MIP\PlatformPlugin\VideoOS.Platform\unittest\bin\Debug\net6.0-windows\VideoOS.Platform.Tests.dll" adapterTypeName="executor://mstestadapter/v2" className="VideoOS.Platform.Tests.Metadata.OnvifObjectTests" name="WriteXml_ShouldOmitElements_WhenDataIsNotPresent" />
    </UnitTest>
    <UnitTest name="RemoveItem_AnalyticsEvent_Success" storage="d:\actions-runner\_work\xpco\xpco\allsolutions\..\mip\platformplugin\videoos.platform\unittest\bin\debug\net6.0-windows\videoos.platform.tests.dll" id="d63fece0-6979-6a7f-ca42-f76bdbd7d24d">
      <Execution id="9b615666-0521-4c1a-b84f-57fec2cf1a58" />
      <TestMethod codeBase="D:\actions-runner\_work\XPCO\XPCO\AllSolutions\..\MIP\PlatformPlugin\VideoOS.Platform\unittest\bin\Debug\net6.0-windows\VideoOS.Platform.Tests.dll" adapterTypeName="executor://mstestadapter/v2" className="VideoOS.Platform.Tests.Proxy.RestApi.RestApiClientDecoratorTests" name="RemoveItem_AnalyticsEvent_Success" />
    </UnitTest>
    <UnitTest name="Initialize_Changed_Values" storage="d:\actions-runner\_work\xpco\xpco\allsolutions\..\mip\platformplugin\videoos.platform\unittest\bin\debug\net6.0-windows\videoos.platform.tests.dll" id="760478cf-2b2b-5f64-b097-3de30749bcb1">
      <Execution id="cef0fb30-1ce1-4a7e-a0b1-04e2f3ed1eba" />
      <TestMethod codeBase="D:\actions-runner\_work\XPCO\XPCO\AllSolutions\..\MIP\PlatformPlugin\VideoOS.Platform\unittest\bin\Debug\net6.0-windows\VideoOS.Platform.Tests.dll" adapterTypeName="executor://mstestadapter/v2" className="VideoOS.Platform.Tests.UI.ItemPicker.ItemPickerWindowViewModelTest" name="Initialize_Changed_Values" />
    </UnitTest>
    <UnitTest name="ReadXml_ShouldLogWarning_WhenShapeIsInvalid" storage="d:\actions-runner\_work\xpco\xpco\allsolutions\..\mip\platformplugin\videoos.platform\unittest\bin\debug\net6.0-windows\videoos.platform.tests.dll" id="5f47c21d-eb6b-8972-42b3-349701e80bfd">
      <Execution id="0977942b-0aef-466a-af73-af4f957b0f19" />
      <TestMethod codeBase="D:\actions-runner\_work\XPCO\XPCO\AllSolutions\..\MIP\PlatformPlugin\VideoOS.Platform\unittest\bin\Debug\net6.0-windows\VideoOS.Platform.Tests.dll" adapterTypeName="executor://mstestadapter/v2" className="VideoOS.Platform.Tests.Metadata.AppearanceTests" name="ReadXml_ShouldLogWarning_WhenShapeIsInvalid" />
    </UnitTest>
    <UnitTest name="AppendItemPicked_MultiSelect_TryAddSameItems_ItemsNotAdded" storage="d:\actions-runner\_work\xpco\xpco\allsolutions\..\mip\platformplugin\videoos.platform\unittest\bin\debug\net6.0-windows\videoos.platform.tests.dll" id="16dd1f98-130f-f1f5-491b-90125b059034">
      <Execution id="09f9a1a5-02cb-4e68-9d9f-508ba073b3d7" />
      <TestMethod codeBase="D:\actions-runner\_work\XPCO\XPCO\AllSolutions\..\MIP\PlatformPlugin\VideoOS.Platform\unittest\bin\Debug\net6.0-windows\VideoOS.Platform.Tests.dll" adapterTypeName="executor://mstestadapter/v2" className="VideoOS.Platform.Tests.UI.ItemPicker.ItemPickerViewModelTest" name="AppendItemPicked_MultiSelect_TryAddSameItems_ItemsNotAdded" />
    </UnitTest>
    <UnitTest name="WriteXml_ShouldOmitFrameElement_WhenThereIsNoFramePresent" storage="d:\actions-runner\_work\xpco\xpco\allsolutions\..\mip\platformplugin\videoos.platform\unittest\bin\debug\net6.0-windows\videoos.platform.tests.dll" id="b41e6145-298a-b0e7-b1a2-57aee45877f3">
      <Execution id="13b861c0-0f8c-44f8-9cf6-73885ab8b4f7" />
      <TestMethod codeBase="D:\actions-runner\_work\XPCO\XPCO\AllSolutions\..\MIP\PlatformPlugin\VideoOS.Platform\unittest\bin\Debug\net6.0-windows\VideoOS.Platform.Tests.dll" adapterTypeName="executor://mstestadapter/v2" className="VideoOS.Platform.Tests.Metadata.VideoAnalyticsTests" name="WriteXml_ShouldOmitFrameElement_WhenThereIsNoFramePresent" />
    </UnitTest>
    <UnitTest name="SetEvents_ShouldNotAddProxyManager_WhenFrameworkContentElementIsNotLoaded" storage="d:\actions-runner\_work\xpco\xpco\allsolutions\..\mip\platformplugin\videoos.platform\unittest\bin\debug\net6.0-windows\videoos.platform.tests.dll" id="8deb741b-167d-6a1a-855a-646fe46075da">
      <TestCategory>
        <TestCategoryItem TestCategory="EventsToCommandMappings" />
      </TestCategory>
      <Execution id="d682e1ff-6f5e-42e9-8cff-2a4f090a95c5" />
      <TestMethod codeBase="D:\actions-runner\_work\XPCO\XPCO\AllSolutions\..\MIP\PlatformPlugin\VideoOS.Platform\unittest\bin\Debug\net6.0-windows\VideoOS.Platform.Tests.dll" adapterTypeName="executor://mstestadapter/v2" className="VideoOS.Platform.Tests.UI.Commands.EventsToCommandMappingTest" name="SetEvents_ShouldNotAddProxyManager_WhenFrameworkContentElementIsNotLoaded" />
    </UnitTest>
    <UnitTest name="Append_Element_KeyString" storage="d:\actions-runner\_work\xpco\xpco\allsolutions\..\mip\platformplugin\videoos.platform\unittest\bin\debug\net6.0-windows\videoos.platform.tests.dll" id="f02151f2-7537-c913-0353-0c1cefe4a11e">
      <Execution id="9f3c5156-1dcc-4013-9e24-bcda47c8ab71" />
      <TestMethod codeBase="D:\actions-runner\_work\XPCO\XPCO\AllSolutions\..\MIP\PlatformPlugin\VideoOS.Platform\unittest\bin\Debug\net6.0-windows\VideoOS.Platform.Tests.dll" adapterTypeName="executor://mstestadapter/v2" className="VideoOS.Platform.Tests.Proxy.RestApi.JsonBuilderTests" name="Append_Element_KeyString" />
    </UnitTest>
    <UnitTest name="Clear_ShouldEmptyCollectionAndResetTimeStamps_WhenCalled" storage="d:\actions-runner\_work\xpco\xpco\allsolutions\..\mip\platformplugin\videoos.platform\unittest\bin\debug\net6.0-windows\videoos.platform.tests.dll" id="b1896dd7-6634-6c9f-92ab-cd4904bba1dc">
      <Execution id="3c76f0ca-ee2c-4461-bf78-ca3c00795ec9" />
      <TestMethod codeBase="D:\actions-runner\_work\XPCO\XPCO\AllSolutions\..\MIP\PlatformPlugin\VideoOS.Platform\unittest\bin\Debug\net6.0-windows\VideoOS.Platform.Tests.dll" adapterTypeName="executor://mstestadapter/v2" className="VideoOS.Platform.Tests.Client.SequenceCacheTests" name="Clear_ShouldEmptyCollectionAndResetTimeStamps_WhenCalled" />
    </UnitTest>
    <UnitTest name="AllowGroupSelectionFalse_AutoCloseOnSelect_NothingSelected" storage="d:\actions-runner\_work\xpco\xpco\allsolutions\..\mip\platformplugin\videoos.platform\unittest\bin\debug\net6.0-windows\videoos.platform.tests.dll" id="d16b66ae-362f-7903-ceb9-287ac5bef50c">
      <Execution id="7df739c2-ab06-404b-9097-50246c9cd299" />
      <TestMethod codeBase="D:\actions-runner\_work\XPCO\XPCO\AllSolutions\..\MIP\PlatformPlugin\VideoOS.Platform\unittest\bin\Debug\net6.0-windows\VideoOS.Platform.Tests.dll" adapterTypeName="executor://mstestadapter/v2" className="VideoOS.Platform.Tests.UI.ItemPicker.ItemPickerViewModelTest" name="AllowGroupSelectionFalse_AutoCloseOnSelect_NothingSelected" />
    </UnitTest>
    <UnitTest name="GetItem_ShouldReturnItem_WhenAllAdded" storage="d:\actions-runner\_work\xpco\xpco\allsolutions\..\mip\platformplugin\videoos.platform\unittest\bin\debug\net6.0-windows\videoos.platform.tests.dll" id="22286b2d-2c9e-a580-fd4a-2436919b8555">
      <Execution id="e3dcefd7-a791-465b-b0d2-f11bb960d3b6" />
      <TestMethod codeBase="D:\actions-runner\_work\XPCO\XPCO\AllSolutions\..\MIP\PlatformPlugin\VideoOS.Platform\unittest\bin\Debug\net6.0-windows\VideoOS.Platform.Tests.dll" adapterTypeName="executor://mstestadapter/v2" className="VideoOS.Platform.Tests.Util.ConfigurationCacheTests" name="GetItem_ShouldReturnItem_WhenAllAdded" />
    </UnitTest>
    <UnitTest name="WriteXml_ShouldWriteTranslateContents_WhenTranslateIsNotNull" storage="d:\actions-runner\_work\xpco\xpco\allsolutions\..\mip\platformplugin\videoos.platform\unittest\bin\debug\net6.0-windows\videoos.platform.tests.dll" id="5d3ae8cd-0741-cea7-50c0-7e2ff7ad47a7">
      <Execution id="534b3c46-6aa3-45a1-80f7-213925a2001e" />
      <TestMethod codeBase="D:\actions-runner\_work\XPCO\XPCO\AllSolutions\..\MIP\PlatformPlugin\VideoOS.Platform\unittest\bin\Debug\net6.0-windows\VideoOS.Platform.Tests.dll" adapterTypeName="executor://mstestadapter/v2" className="VideoOS.Platform.Tests.Metadata.TransformationTests" name="WriteXml_ShouldWriteTranslateContents_WhenTranslateIsNotNull" />
    </UnitTest>
    <UnitTest name="GenerateParameters_ShouldOmitGopRange_WhenGopRangeIsNull" storage="d:\actions-runner\_work\xpco\xpco\allsolutions\..\mip\platformplugin\videoos.platform\unittest\bin\debug\net6.0-windows\videoos.platform.tests.dll" id="64bf4ca0-c568-7784-9fd7-9241aca3c483">
      <Execution id="f3f8cd59-f0c0-47a0-bbf3-7157b8f9457e" />
      <TestMethod codeBase="D:\actions-runner\_work\XPCO\XPCO\AllSolutions\..\MIP\PlatformPlugin\VideoOS.Platform\unittest\bin\Debug\net6.0-windows\VideoOS.Platform.Tests.dll" adapterTypeName="executor://mstestadapter/v2" className="VideoOS.Platform.Tests.Data.CameraDeviceDefinitionTests" name="GenerateParameters_ShouldOmitGopRange_WhenGopRangeIsNull" />
    </UnitTest>
    <UnitTest name="ConstructorShouldThrowArgumentNullExceptionWhenContentIsNull" storage="d:\actions-runner\_work\xpco\xpco\allsolutions\..\mip\platformplugin\videoos.platform\unittest\bin\debug\net6.0-windows\videoos.platform.tests.dll" id="78b38ad0-3cef-09ee-1bf9-763896c87118">
      <Execution id="82fd0038-9150-4635-ae51-396040464357" />
      <TestMethod codeBase="D:\actions-runner\_work\XPCO\XPCO\AllSolutions\..\MIP\PlatformPlugin\VideoOS.Platform\unittest\bin\Debug\net6.0-windows\VideoOS.Platform.Tests.dll" adapterTypeName="executor://mstestadapter/v2" className="VideoOS.Platform.Tests.Live.MetadataLiveContentTests" name="ConstructorShouldThrowArgumentNullExceptionWhenContentIsNull" />
    </UnitTest>
    <UnitTest name="Serialize_TestCases (TestParentTypeMatchStringThisTypeNotMatched)" storage="d:\actions-runner\_work\xpco\xpco\allsolutions\..\mip\platformplugin\videoos.platform\unittest\bin\debug\net6.0-windows\videoos.platform.tests.dll" id="834e87af-89d1-a13c-6891-c9c741194fd8">
      <Execution id="d98df410-ea43-4875-aa5b-f57aefd3eec0" />
      <TestMethod codeBase="D:\actions-runner\_work\XPCO\XPCO\AllSolutions\..\MIP\PlatformPlugin\VideoOS.Platform\unittest\bin\Debug\net6.0-windows\VideoOS.Platform.Tests.dll" adapterTypeName="executor://mstestadapter/v2" className="VideoOS.Platform.Tests.UI.Controls.Automation.Serialization.AutomationObjectSerializerTest" name="Serialize_TestCases" />
    </UnitTest>
    <UnitTest name="GetBoundingShapesAsync_SingleInvocationPerTime_DelegatedToInternalMethod" storage="d:\actions-runner\_work\xpco\xpco\allsolutions\..\mip\platformplugin\videoos.platform\unittest\bin\debug\net6.0-windows\videoos.platform.tests.dll" id="bffd3eb0-f441-4434-c761-838539b2758c">
      <TestCategory>
        <TestCategoryItem TestCategory="Search" />
      </TestCategory>
      <Execution id="e6582841-7018-4ac2-9a4e-0b99daf17270" />
      <TestMethod codeBase="D:\actions-runner\_work\XPCO\XPCO\AllSolutions\..\MIP\PlatformPlugin\VideoOS.Platform\unittest\bin\Debug\net6.0-windows\VideoOS.Platform.Tests.dll" adapterTypeName="executor://mstestadapter/v2" className="VideoOS.Platform.Tests.Search.SearchResultDataTest" name="GetBoundingShapesAsync_SingleInvocationPerTime_DelegatedToInternalMethod" />
    </UnitTest>
    <UnitTest name="TestConstructor_Success" storage="d:\actions-runner\_work\xpco\xpco\allsolutions\..\mip\platformplugin\videoos.platform\unittest\bin\debug\net6.0-windows\videoos.platform.tests.dll" id="5aae0d5c-c153-7620-5b85-675beef30370">
      <Execution id="37a107c3-41dd-4341-a908-d5054fdfa526" />
      <TestMethod codeBase="D:\actions-runner\_work\XPCO\XPCO\AllSolutions\..\MIP\PlatformPlugin\VideoOS.Platform\unittest\bin\Debug\net6.0-windows\VideoOS.Platform.Tests.dll" adapterTypeName="executor://mstestadapter/v2" className="VideoOS.Platform.Tests.Search.Error.NoItemsSupportedSearchErrorTest" name="TestConstructor_Success" />
    </UnitTest>
    <UnitTest name="GenerateDeviceCapabilityParameters_ShouldWriteMaximum_WhenAlways" storage="d:\actions-runner\_work\xpco\xpco\allsolutions\..\mip\platformplugin\videoos.platform\unittest\bin\debug\net6.0-windows\videoos.platform.tests.dll" id="1f3c2444-ad4b-db37-5d0a-de7606033ccd">
      <Execution id="a6070e3f-b8aa-403d-8fc0-e3f391443f49" />
      <TestMethod codeBase="D:\actions-runner\_work\XPCO\XPCO\AllSolutions\..\MIP\PlatformPlugin\VideoOS.Platform\unittest\bin\Debug\net6.0-windows\VideoOS.Platform.Tests.dll" adapterTypeName="executor://mstestadapter/v2" className="VideoOS.Platform.Tests.Data.DataCapabilityTests" name="GenerateDeviceCapabilityParameters_ShouldWriteMaximum_WhenAlways" />
    </UnitTest>
    <UnitTest name="ReadXml_ShouldLogWarning_WhenClassCandidateIsNotValid" storage="d:\actions-runner\_work\xpco\xpco\allsolutions\..\mip\platformplugin\videoos.platform\unittest\bin\debug\net6.0-windows\videoos.platform.tests.dll" id="687e8953-7e5d-f508-b1c0-23de14611310">
      <Execution id="9d111088-995d-47b4-8730-15d1d8f0f0a3" />
      <TestMethod codeBase="D:\actions-runner\_work\XPCO\XPCO\AllSolutions\..\MIP\PlatformPlugin\VideoOS.Platform\unittest\bin\Debug\net6.0-windows\VideoOS.Platform.Tests.dll" adapterTypeName="executor://mstestadapter/v2" className="VideoOS.Platform.Tests.Metadata.OnvifClassTests" name="ReadXml_ShouldLogWarning_WhenClassCandidateIsNotValid" />
    </UnitTest>
    <UnitTest name="AllowGroupSelection_MultiSelect_GroupSelected" storage="d:\actions-runner\_work\xpco\xpco\allsolutions\..\mip\platformplugin\videoos.platform\unittest\bin\debug\net6.0-windows\videoos.platform.tests.dll" id="fd3d93a9-265d-ee70-503b-7e4448400893">
      <Execution id="fd32e7cb-0a05-412a-93bb-3bada9ab551d" />
      <TestMethod codeBase="D:\actions-runner\_work\XPCO\XPCO\AllSolutions\..\MIP\PlatformPlugin\VideoOS.Platform\unittest\bin\Debug\net6.0-windows\VideoOS.Platform.Tests.dll" adapterTypeName="executor://mstestadapter/v2" className="VideoOS.Platform.Tests.UI.ItemPicker.ItemPickerViewModelTest" name="AllowGroupSelection_MultiSelect_GroupSelected" />
    </UnitTest>
    <UnitTest name="WriteXml_ShouldWriteFrameContents_WhenAFrameIsWritten" storage="d:\actions-runner\_work\xpco\xpco\allsolutions\..\mip\platformplugin\videoos.platform\unittest\bin\debug\net6.0-windows\videoos.platform.tests.dll" id="0bfd2093-cd64-a47e-137d-af6fe3953323">
      <Execution id="b53e810b-4e44-4bd9-a586-d4b9f0273a0a" />
      <TestMethod codeBase="D:\actions-runner\_work\XPCO\XPCO\AllSolutions\..\MIP\PlatformPlugin\VideoOS.Platform\unittest\bin\Debug\net6.0-windows\VideoOS.Platform.Tests.dll" adapterTypeName="executor://mstestadapter/v2" className="VideoOS.Platform.Tests.Metadata.VideoAnalyticsTests" name="WriteXml_ShouldWriteFrameContents_WhenAFrameIsWritten" />
    </UnitTest>
    <UnitTest name="Constructor_ShouldThrowArgumentNullException_WhenDataIsNull" storage="d:\actions-runner\_work\xpco\xpco\allsolutions\..\mip\platformplugin\videoos.platform\unittest\bin\debug\net6.0-windows\videoos.platform.tests.dll" id="8afaf187-3d3c-e78b-824e-e769deeec2c9">
      <Execution id="2c259646-c0a0-4b70-9164-57ff42d4232f" />
      <TestMethod codeBase="D:\actions-runner\_work\XPCO\XPCO\AllSolutions\..\MIP\PlatformPlugin\VideoOS.Platform\unittest\bin\Debug\net6.0-windows\VideoOS.Platform.Tests.dll" adapterTypeName="executor://mstestadapter/v2" className="VideoOS.Platform.Tests.Metadata.MetadataContentTests" name="Constructor_ShouldThrowArgumentNullException_WhenDataIsNull" />
    </UnitTest>
    <UnitTest name="TestSearchFilterCategories_WithOneAgentThrowingException_Success" storage="d:\actions-runner\_work\xpco\xpco\allsolutions\..\mip\platformplugin\videoos.platform\unittest\bin\debug\net6.0-windows\videoos.platform.tests.dll" id="3d1a6672-4657-c0b5-09b7-40d121d78ad6">
      <TestCategory>
        <TestCategoryItem TestCategory="Search" />
      </TestCategory>
      <Execution id="bb19bca5-c7e5-421c-b10a-3b2f3e0834bb" />
      <TestMethod codeBase="D:\actions-runner\_work\XPCO\XPCO\AllSolutions\..\MIP\PlatformPlugin\VideoOS.Platform\unittest\bin\Debug\net6.0-windows\VideoOS.Platform.Tests.dll" adapterTypeName="executor://mstestadapter/v2" className="VideoOS.Platform.Tests.Search.SearchManagerTest" name="TestSearchFilterCategories_WithOneAgentThrowingException_Success" />
    </UnitTest>
    <UnitTest name="GetNext_ShouldReturnFirstDataEntityFromToolkitCall_WhenDataIsNotInCache" storage="d:\actions-runner\_work\xpco\xpco\allsolutions\..\mip\platformplugin\videoos.platform\unittest\bin\debug\net6.0-windows\videoos.platform.tests.dll" id="48b02059-b634-8f5d-f4de-84436d54e786">
      <Execution id="d718b7ca-e29a-48ef-9064-63dc2d458e37" />
      <TestMethod codeBase="D:\actions-runner\_work\XPCO\XPCO\AllSolutions\..\MIP\PlatformPlugin\VideoOS.Platform\unittest\bin\Debug\net6.0-windows\VideoOS.Platform.Tests.dll" adapterTypeName="executor://mstestadapter/v2" className="VideoOS.Platform.Tests.Data.MetadataPlaybackSourceTests" name="GetNext_ShouldReturnFirstDataEntityFromToolkitCall_WhenDataIsNotInCache" />
    </UnitTest>
    <UnitTest name="IconOverlay_Disabled_Success" storage="d:\actions-runner\_work\xpco\xpco\allsolutions\..\mip\platformplugin\videoos.platform\unittest\bin\debug\net6.0-windows\videoos.platform.tests.dll" id="8ecfeea7-0c3c-71f4-0099-cc3f5ecbeb8d">
      <Execution id="f572d737-511c-4951-ad60-576262e01f95" />
      <TestMethod codeBase="D:\actions-runner\_work\XPCO\XPCO\AllSolutions\..\MIP\PlatformPlugin\VideoOS.Platform\unittest\bin\Debug\net6.0-windows\VideoOS.Platform.Tests.dll" adapterTypeName="executor://mstestadapter/v2" className="VideoOS.Platform.Tests.ItemTests" name="IconOverlay_Disabled_Success" />
    </UnitTest>
    <UnitTest name="Serialize_TestCases (Verify root Generic (null) property get property value)" storage="d:\actions-runner\_work\xpco\xpco\allsolutions\..\mip\platformplugin\videoos.platform\unittest\bin\debug\net6.0-windows\videoos.platform.tests.dll" id="d4c22c7c-b6a3-cfbe-dc7f-cc4ae42c5d11">
      <Execution id="921ca4d2-6127-43e4-b1a3-c0fdec46c501" />
      <TestMethod codeBase="D:\actions-runner\_work\XPCO\XPCO\AllSolutions\..\MIP\PlatformPlugin\VideoOS.Platform\unittest\bin\Debug\net6.0-windows\VideoOS.Platform.Tests.dll" adapterTypeName="executor://mstestadapter/v2" className="VideoOS.Platform.Tests.UI.Controls.Automation.Serialization.AutomationObjectSerializerTest" name="Serialize_TestCases" />
    </UnitTest>
    <UnitTest name="ToString_WithTypeAndNull" storage="d:\actions-runner\_work\xpco\xpco\allsolutions\..\mip\platformplugin\videoos.platform\unittest\bin\debug\net6.0-windows\videoos.platform.tests.dll" id="08cc126a-cc1a-5bd0-28c8-0e116736d384">
      <Execution id="02ff668b-276f-41cb-8d75-19c2987e3ec1" />
      <TestMethod codeBase="D:\actions-runner\_work\XPCO\XPCO\AllSolutions\..\MIP\PlatformPlugin\VideoOS.Platform\unittest\bin\Debug\net6.0-windows\VideoOS.Platform.Tests.dll" adapterTypeName="executor://mstestadapter/v2" className="VideoOS.Platform.Tests.Messaging.CommunicationIdFilterTests" name="ToString_WithTypeAndNull" />
    </UnitTest>
    <UnitTest name="ReadXml_ShouldReadVideoAnalysticsChild_WhenOneChildIsPresent" storage="d:\actions-runner\_work\xpco\xpco\allsolutions\..\mip\platformplugin\videoos.platform\unittest\bin\debug\net6.0-windows\videoos.platform.tests.dll" id="0b0cafcd-36ec-b9e7-a6b1-cc34c82fd875">
      <Execution id="dd0b0303-eefe-450d-be6e-4a33d9e7cfeb" />
      <TestMethod codeBase="D:\actions-runner\_work\XPCO\XPCO\AllSolutions\..\MIP\PlatformPlugin\VideoOS.Platform\unittest\bin\Debug\net6.0-windows\VideoOS.Platform.Tests.dll" adapterTypeName="executor://mstestadapter/v2" className="VideoOS.Platform.Tests.Metadata.MetadataStreamTests" name="ReadXml_ShouldReadVideoAnalysticsChild_WhenOneChildIsPresent" />
    </UnitTest>
    <UnitTest name="Serialize_TestCases (TestParentCollectionNotEmptyListNotMatchedProperty)" storage="d:\actions-runner\_work\xpco\xpco\allsolutions\..\mip\platformplugin\videoos.platform\unittest\bin\debug\net6.0-windows\videoos.platform.tests.dll" id="32d6ffa9-650f-d191-f967-674b238db8fa">
      <Execution id="7171a107-c9af-47c5-87df-726c65d3942b" />
      <TestMethod codeBase="D:\actions-runner\_work\XPCO\XPCO\AllSolutions\..\MIP\PlatformPlugin\VideoOS.Platform\unittest\bin\Debug\net6.0-windows\VideoOS.Platform.Tests.dll" adapterTypeName="executor://mstestadapter/v2" className="VideoOS.Platform.Tests.UI.Controls.Automation.Serialization.AutomationObjectSerializerTest" name="Serialize_TestCases" />
    </UnitTest>
    <UnitTest name="ReadXml_ShouldReadCenterOfGravityContents_WhenCenterOfGravityIsPresent" storage="d:\actions-runner\_work\xpco\xpco\allsolutions\..\mip\platformplugin\videoos.platform\unittest\bin\debug\net6.0-windows\videoos.platform.tests.dll" id="ae12437f-7020-f7d7-46c0-7bcbf7d4412c">
      <Execution id="9d5e114b-58c8-4e13-aa78-ea0839454ff7" />
      <TestMethod codeBase="D:\actions-runner\_work\XPCO\XPCO\AllSolutions\..\MIP\PlatformPlugin\VideoOS.Platform\unittest\bin\Debug\net6.0-windows\VideoOS.Platform.Tests.dll" adapterTypeName="executor://mstestadapter/v2" className="VideoOS.Platform.Tests.Metadata.ShapeTests" name="ReadXml_ShouldReadCenterOfGravityContents_WhenCenterOfGravityIsPresent" />
    </UnitTest>
    <UnitTest name="ReadXml_ShouldIgnoreUnknownChildren_WhenUnknownChildrenArePresent" storage="d:\actions-runner\_work\xpco\xpco\allsolutions\..\mip\platformplugin\videoos.platform\unittest\bin\debug\net6.0-windows\videoos.platform.tests.dll" id="e99720dc-b5ca-82eb-619d-d041c4804cad">
      <Execution id="ebf659b3-34bb-4050-bacc-f54c63c6c251" />
      <TestMethod codeBase="D:\actions-runner\_work\XPCO\XPCO\AllSolutions\..\MIP\PlatformPlugin\VideoOS.Platform\unittest\bin\Debug\net6.0-windows\VideoOS.Platform.Tests.dll" adapterTypeName="executor://mstestadapter/v2" className="VideoOS.Platform.Tests.Metadata.OnvifObjectTests" name="ReadXml_ShouldIgnoreUnknownChildren_WhenUnknownChildrenArePresent" />
    </UnitTest>
    <UnitTest name="ReadXml_ShouldDiscardScale_WhenIncompleteScaleIsPresent" storage="d:\actions-runner\_work\xpco\xpco\allsolutions\..\mip\platformplugin\videoos.platform\unittest\bin\debug\net6.0-windows\videoos.platform.tests.dll" id="225e2319-c278-70af-0c9e-1f0e59bd70af">
      <Execution id="89aa38ce-a7f2-4352-8fac-bb9293d99c9a" />
      <TestMethod codeBase="D:\actions-runner\_work\XPCO\XPCO\AllSolutions\..\MIP\PlatformPlugin\VideoOS.Platform\unittest\bin\Debug\net6.0-windows\VideoOS.Platform.Tests.dll" adapterTypeName="executor://mstestadapter/v2" className="VideoOS.Platform.Tests.Metadata.TransformationTests" name="ReadXml_ShouldDiscardScale_WhenIncompleteScaleIsPresent" />
    </UnitTest>
    <UnitTest name="JoinString_When2Levels_Joins" storage="d:\actions-runner\_work\xpco\xpco\allsolutions\..\mip\platformplugin\videoos.platform\unittest\bin\debug\net6.0-windows\videoos.platform.tests.dll" id="16b9cd71-246d-5b51-e461-fdc7db24fde9">
      <Execution id="210b93dd-9df9-4af8-966f-470bed6846c0" />
      <TestMethod codeBase="D:\actions-runner\_work\XPCO\XPCO\AllSolutions\..\MIP\PlatformPlugin\VideoOS.Platform\unittest\bin\Debug\net6.0-windows\VideoOS.Platform.Tests.dll" adapterTypeName="executor://mstestadapter/v2" className="VideoOS.Platform.Tests.Util.StringSplitterTests" name="JoinString_When2Levels_Joins" />
    </UnitTest>
    <UnitTest name="TestSearchFilterCategories_WithOneAgentIsNull_Success" storage="d:\actions-runner\_work\xpco\xpco\allsolutions\..\mip\platformplugin\videoos.platform\unittest\bin\debug\net6.0-windows\videoos.platform.tests.dll" id="a30a662f-2ee5-0db0-93be-e23b78960c82">
      <TestCategory>
        <TestCategoryItem TestCategory="Search" />
      </TestCategory>
      <Execution id="0110de0a-8972-4bca-b3ed-ea6e6e955ac1" />
      <TestMethod codeBase="D:\actions-runner\_work\XPCO\XPCO\AllSolutions\..\MIP\PlatformPlugin\VideoOS.Platform\unittest\bin\Debug\net6.0-windows\VideoOS.Platform.Tests.dll" adapterTypeName="executor://mstestadapter/v2" className="VideoOS.Platform.Tests.Search.SearchManagerTest" name="TestSearchFilterCategories_WithOneAgentIsNull_Success" />
    </UnitTest>
    <UnitTest name="ReadXml_ShouldReadHorizontalAccuracy_WhenHorizontalAccuracyIsPresent" storage="d:\actions-runner\_work\xpco\xpco\allsolutions\..\mip\platformplugin\videoos.platform\unittest\bin\debug\net6.0-windows\videoos.platform.tests.dll" id="520094b8-4b75-11e8-c310-4fbb0ad15d04">
      <Execution id="40427d75-b6dc-46ea-b9c6-0e0b8dfdd177" />
      <TestMethod codeBase="D:\actions-runner\_work\XPCO\XPCO\AllSolutions\..\MIP\PlatformPlugin\VideoOS.Platform\unittest\bin\Debug\net6.0-windows\VideoOS.Platform.Tests.dll" adapterTypeName="executor://mstestadapter/v2" className="VideoOS.Platform.Tests.Metadata.NavigationalDataTests" name="ReadXml_ShouldReadHorizontalAccuracy_WhenHorizontalAccuracyIsPresent" />
    </UnitTest>
    <UnitTest name="SetEvents_ShouldAddProxyManager_WhenFrameworkElementIsLoaded" storage="d:\actions-runner\_work\xpco\xpco\allsolutions\..\mip\platformplugin\videoos.platform\unittest\bin\debug\net6.0-windows\videoos.platform.tests.dll" id="ec920726-a9ee-dd71-1f12-1fd1c5e256bd">
      <TestCategory>
        <TestCategoryItem TestCategory="EventsToCommandMappings" />
      </TestCategory>
      <Execution id="cfe8425c-1d24-4afa-a33b-e0c9e1e3511c" />
      <TestMethod codeBase="D:\actions-runner\_work\XPCO\XPCO\AllSolutions\..\MIP\PlatformPlugin\VideoOS.Platform\unittest\bin\Debug\net6.0-windows\VideoOS.Platform.Tests.dll" adapterTypeName="executor://mstestadapter/v2" className="VideoOS.Platform.Tests.UI.Commands.EventsToCommandMappingTest" name="SetEvents_ShouldAddProxyManager_WhenFrameworkElementIsLoaded" />
    </UnitTest>
    <UnitTest name="Append_Element_Null" storage="d:\actions-runner\_work\xpco\xpco\allsolutions\..\mip\platformplugin\videoos.platform\unittest\bin\debug\net6.0-windows\videoos.platform.tests.dll" id="ea812c4e-499f-c48f-48ec-0c8b2f821c14">
      <Execution id="e1c2a512-f275-43f9-b0e5-4fa45468840e" />
      <TestMethod codeBase="D:\actions-runner\_work\XPCO\XPCO\AllSolutions\..\MIP\PlatformPlugin\VideoOS.Platform\unittest\bin\Debug\net6.0-windows\VideoOS.Platform.Tests.dll" adapterTypeName="executor://mstestadapter/v2" className="VideoOS.Platform.Tests.Proxy.RestApi.JsonBuilderTests" name="Append_Element_Null" />
    </UnitTest>
    <UnitTest name="Serialize_TestCases (Verify root Object (not null) property)" storage="d:\actions-runner\_work\xpco\xpco\allsolutions\..\mip\platformplugin\videoos.platform\unittest\bin\debug\net6.0-windows\videoos.platform.tests.dll" id="38fcbf38-2337-9abb-35d5-4b506f10ef38">
      <Execution id="004edd03-b71e-4b00-9544-d977ebee882a" />
      <TestMethod codeBase="D:\actions-runner\_work\XPCO\XPCO\AllSolutions\..\MIP\PlatformPlugin\VideoOS.Platform\unittest\bin\Debug\net6.0-windows\VideoOS.Platform.Tests.dll" adapterTypeName="executor://mstestadapter/v2" className="VideoOS.Platform.Tests.UI.Controls.Automation.Serialization.AutomationObjectSerializerTest" name="Serialize_TestCases" />
    </UnitTest>
    <UnitTest name="IsEmptyValue_StringFilterValue_EmptyString_ReturnsTrue" storage="d:\actions-runner\_work\xpco\xpco\allsolutions\..\mip\platformplugin\videoos.platform\unittest\bin\debug\net6.0-windows\videoos.platform.tests.dll" id="b357ddf5-0643-7e7d-12aa-101fa59704c1">
      <TestCategory>
        <TestCategoryItem TestCategory="Search" />
      </TestCategory>
      <Execution id="8124a720-1eae-4e9e-9e9a-1e8b5b98e548" />
      <TestMethod codeBase="D:\actions-runner\_work\XPCO\XPCO\AllSolutions\..\MIP\PlatformPlugin\VideoOS.Platform\unittest\bin\Debug\net6.0-windows\VideoOS.Platform.Tests.dll" adapterTypeName="executor://mstestadapter/v2" className="VideoOS.Platform.Tests.Search.SearchFilterTest" name="IsEmptyValue_StringFilterValue_EmptyString_ReturnsTrue" />
    </UnitTest>
    <UnitTest name="IsValid_ShouldBeSetToTrue_WhenValidBoundingBoxAndCenterOfGravityIsMissing" storage="d:\actions-runner\_work\xpco\xpco\allsolutions\..\mip\platformplugin\videoos.platform\unittest\bin\debug\net6.0-windows\videoos.platform.tests.dll" id="5c447ad0-5dd2-2fa2-d091-548bf019cae3">
      <Execution id="efc83ffd-71a2-4921-a7c6-f3465577d295" />
      <TestMethod codeBase="D:\actions-runner\_work\XPCO\XPCO\AllSolutions\..\MIP\PlatformPlugin\VideoOS.Platform\unittest\bin\Debug\net6.0-windows\VideoOS.Platform.Tests.dll" adapterTypeName="executor://mstestadapter/v2" className="VideoOS.Platform.Tests.Metadata.ShapeTests" name="IsValid_ShouldBeSetToTrue_WhenValidBoundingBoxAndCenterOfGravityIsMissing" />
    </UnitTest>
    <UnitTest name="ReadXml_ShouldIgnoreUnknownChildren_WhenUnknownChildrenArePresent" storage="d:\actions-runner\_work\xpco\xpco\allsolutions\..\mip\platformplugin\videoos.platform\unittest\bin\debug\net6.0-windows\videoos.platform.tests.dll" id="b6c8d5b4-b132-7bf9-41ce-a46ff913fc34">
      <Execution id="62440e64-b633-4e57-ada4-827c3a062bbb" />
      <TestMethod codeBase="D:\actions-runner\_work\XPCO\XPCO\AllSolutions\..\MIP\PlatformPlugin\VideoOS.Platform\unittest\bin\Debug\net6.0-windows\VideoOS.Platform.Tests.dll" adapterTypeName="executor://mstestadapter/v2" className="VideoOS.Platform.Tests.Metadata.VideoAnalyticsTests" name="ReadXml_ShouldIgnoreUnknownChildren_WhenUnknownChildrenArePresent" />
    </UnitTest>
    <UnitTest name="WriteAppearanceExtenstionXml_ShouldWriteLineColor_WhenLineColorIsPresent" storage="d:\actions-runner\_work\xpco\xpco\allsolutions\..\mip\platformplugin\videoos.platform\unittest\bin\debug\net6.0-windows\videoos.platform.tests.dll" id="394ee23f-1fe5-59c6-6460-7cc48bf68705">
      <Execution id="947d9879-2f82-428c-a8a9-a8a4610025da" />
      <TestMethod codeBase="D:\actions-runner\_work\XPCO\XPCO\AllSolutions\..\MIP\PlatformPlugin\VideoOS.Platform\unittest\bin\Debug\net6.0-windows\VideoOS.Platform.Tests.dll" adapterTypeName="executor://mstestadapter/v2" className="VideoOS.Platform.Tests.Metadata.RectangleTests" name="WriteAppearanceExtenstionXml_ShouldWriteLineColor_WhenLineColorIsPresent" />
    </UnitTest>
    <UnitTest name="ProvideValue_ShouldUpdateTarget_WhenItemDataValueChanges" storage="d:\actions-runner\_work\xpco\xpco\allsolutions\..\mip\platformplugin\videoos.platform\unittest\bin\debug\net6.0-windows\videoos.platform.tests.dll" id="f3ca05e5-dc9b-e250-df0d-7261ad9afb62">
      <TestCategory>
        <TestCategoryItem TestCategory="DropDowns" />
      </TestCategory>
      <Execution id="bcee3e75-cbd1-4253-a75e-76d1d66b99db" />
      <TestMethod codeBase="D:\actions-runner\_work\XPCO\XPCO\AllSolutions\..\MIP\PlatformPlugin\VideoOS.Platform\unittest\bin\Debug\net6.0-windows\VideoOS.Platform.Tests.dll" adapterTypeName="executor://mstestadapter/v2" className="VideoOS.Platform.Tests.UI.Controls.DropDowns.Internal.SelectedItemCustomContentDataExtensionTest" name="ProvideValue_ShouldUpdateTarget_WhenItemDataValueChanges" />
    </UnitTest>
    <UnitTest name="Serialize_TestCases (TestParentTypeMatchStructNotThisTypeNotMatchedProperty)" storage="d:\actions-runner\_work\xpco\xpco\allsolutions\..\mip\platformplugin\videoos.platform\unittest\bin\debug\net6.0-windows\videoos.platform.tests.dll" id="6c9b14c3-fb11-6b6c-874f-cb384de0275b">
      <Execution id="14036b09-9f0c-4c8b-abdf-c8f5f7851fc1" />
      <TestMethod codeBase="D:\actions-runner\_work\XPCO\XPCO\AllSolutions\..\MIP\PlatformPlugin\VideoOS.Platform\unittest\bin\Debug\net6.0-windows\VideoOS.Platform.Tests.dll" adapterTypeName="executor://mstestadapter/v2" className="VideoOS.Platform.Tests.UI.Controls.Automation.Serialization.AutomationObjectSerializerTest" name="Serialize_TestCases" />
    </UnitTest>
    <UnitTest name="CreateSearchResultUserControl_PluginReturnsNull_ReturnsNull" storage="d:\actions-runner\_work\xpco\xpco\allsolutions\..\mip\platformplugin\videoos.platform\unittest\bin\debug\net6.0-windows\videoos.platform.tests.dll" id="b789a227-1d2f-c14a-41cf-d52a7a553222">
      <TestCategory>
        <TestCategoryItem TestCategory="Search" />
      </TestCategory>
      <Execution id="2a2a69b8-fcaf-4456-ba22-7f7736be9713" />
      <TestMethod codeBase="D:\actions-runner\_work\XPCO\XPCO\AllSolutions\..\MIP\PlatformPlugin\VideoOS.Platform\unittest\bin\Debug\net6.0-windows\VideoOS.Platform.Tests.dll" adapterTypeName="executor://mstestadapter/v2" className="VideoOS.Platform.Tests.Search.SearchUserControlResolverTest" name="CreateSearchResultUserControl_PluginReturnsNull_ReturnsNull" />
    </UnitTest>
    <UnitTest name="Clear_KeysPresent_ClearsCacheAndGetReturnsNull" storage="d:\actions-runner\_work\xpco\xpco\allsolutions\..\mip\platformplugin\videoos.platform\unittest\bin\debug\net6.0-windows\videoos.platform.tests.dll" id="13808eac-f72b-2563-39d5-58056dcce54a">
      <Execution id="fcf8b5ab-b89a-407a-a623-3c1c7b76dec8" />
      <TestMethod codeBase="D:\actions-runner\_work\XPCO\XPCO\AllSolutions\..\MIP\PlatformPlugin\VideoOS.Platform\unittest\bin\Debug\net6.0-windows\VideoOS.Platform.Tests.dll" adapterTypeName="executor://mstestadapter/v2" className="VideoOS.Platform.Tests.Util.Queue.LRUCacheTests" name="Clear_KeysPresent_ClearsCacheAndGetReturnsNull" />
    </UnitTest>
    <UnitTest name="GenerateParameters_ShouldWriteNotSupportedForSerialNr_WhenSerialNrIsNull" storage="d:\actions-runner\_work\xpco\xpco\allsolutions\..\mip\platformplugin\videoos.platform\unittest\bin\debug\net6.0-windows\videoos.platform.tests.dll" id="1287d8b9-a242-3700-9223-1e45506d7926">
      <Execution id="727f06ce-5f4c-4bf2-a954-e708bee57ee1" />
      <TestMethod codeBase="D:\actions-runner\_work\XPCO\XPCO\AllSolutions\..\MIP\PlatformPlugin\VideoOS.Platform\unittest\bin\Debug\net6.0-windows\VideoOS.Platform.Tests.dll" adapterTypeName="executor://mstestadapter/v2" className="VideoOS.Platform.Tests.Data.HardwareDefinitionTests" name="GenerateParameters_ShouldWriteNotSupportedForSerialNr_WhenSerialNrIsNull" />
    </UnitTest>
    <UnitTest name="ClearFilterValues_MultipleValuesPresent_Success" storage="d:\actions-runner\_work\xpco\xpco\allsolutions\..\mip\platformplugin\videoos.platform\unittest\bin\debug\net6.0-windows\videoos.platform.tests.dll" id="0e3b0f34-8ab7-ccb2-ed1a-7de6e3e165c5">
      <TestCategory>
        <TestCategoryItem TestCategory="Search" />
      </TestCategory>
      <Execution id="396a9198-d9f4-4233-826f-ba1bbfe30284" />
      <TestMethod codeBase="D:\actions-runner\_work\XPCO\XPCO\AllSolutions\..\MIP\PlatformPlugin\VideoOS.Platform\unittest\bin\Debug\net6.0-windows\VideoOS.Platform.Tests.dll" adapterTypeName="executor://mstestadapter/v2" className="VideoOS.Platform.Tests.Search.SearchCriteriaTest" name="ClearFilterValues_MultipleValuesPresent_Success" />
    </UnitTest>
    <UnitTest name="TestConstructor_Success" storage="d:\actions-runner\_work\xpco\xpco\allsolutions\..\mip\platformplugin\videoos.platform\unittest\bin\debug\net6.0-windows\videoos.platform.tests.dll" id="ef9bc618-0b6a-337d-f408-8cefa3f67ba7">
      <TestCategory>
        <TestCategoryItem TestCategory="Search" />
      </TestCategory>
      <Execution id="f2be5158-e036-4c29-9d23-a135a41c72c3" />
      <TestMethod codeBase="D:\actions-runner\_work\XPCO\XPCO\AllSolutions\..\MIP\PlatformPlugin\VideoOS.Platform\unittest\bin\Debug\net6.0-windows\VideoOS.Platform.Tests.dll" adapterTypeName="executor://mstestadapter/v2" className="VideoOS.Platform.Tests.Search.SearchManagerTest" name="TestConstructor_Success" />
    </UnitTest>
    <UnitTest name="GenerateTypeDefinintionParameters_ShouldWriteName_WhenAlways" storage="d:\actions-runner\_work\xpco\xpco\allsolutions\..\mip\platformplugin\videoos.platform\unittest\bin\debug\net6.0-windows\videoos.platform.tests.dll" id="c1ccc07e-0232-8793-44eb-68dba00ee95d">
      <Execution id="d5aadb95-3dff-4be3-abcf-7543b30c60c3" />
      <TestMethod codeBase="D:\actions-runner\_work\XPCO\XPCO\AllSolutions\..\MIP\PlatformPlugin\VideoOS.Platform\unittest\bin\Debug\net6.0-windows\VideoOS.Platform.Tests.dll" adapterTypeName="executor://mstestadapter/v2" className="VideoOS.Platform.Tests.Data.MetadataTypeDefinitionTests" name="GenerateTypeDefinintionParameters_ShouldWriteName_WhenAlways" />
    </UnitTest>
    <UnitTest name="PatchMIPItem_Success" storage="d:\actions-runner\_work\xpco\xpco\allsolutions\..\mip\platformplugin\videoos.platform\unittest\bin\debug\net6.0-windows\videoos.platform.tests.dll" id="7f1f1baf-8bbb-c3d7-9705-27c7162bbf25">
      <Execution id="b7f47cfa-1d97-4c44-8438-05dc773528ee" />
      <TestMethod codeBase="D:\actions-runner\_work\XPCO\XPCO\AllSolutions\..\MIP\PlatformPlugin\VideoOS.Platform\unittest\bin\Debug\net6.0-windows\VideoOS.Platform.Tests.dll" adapterTypeName="executor://mstestadapter/v2" className="VideoOS.Platform.Tests.Proxy.RestApi.RestApiClientDecoratorTests" name="PatchMIPItem_Success" />
    </UnitTest>
    <UnitTest name="ReadXml_ShouldLogWarningOnlyOnceWithinOneMinute_WhenRequiredAttributeIsMissing" storage="d:\actions-runner\_work\xpco\xpco\allsolutions\..\mip\platformplugin\videoos.platform\unittest\bin\debug\net6.0-windows\videoos.platform.tests.dll" id="03478619-c09b-a567-26eb-276c25d533f6">
      <Execution id="b4cdcda2-987b-4cf7-aefa-7372bf8c310a" />
      <TestMethod codeBase="D:\actions-runner\_work\XPCO\XPCO\AllSolutions\..\MIP\PlatformPlugin\VideoOS.Platform\unittest\bin\Debug\net6.0-windows\VideoOS.Platform.Tests.dll" adapterTypeName="executor://mstestadapter/v2" className="VideoOS.Platform.Tests.Metadata.VectorTests" name="ReadXml_ShouldLogWarningOnlyOnceWithinOneMinute_WhenRequiredAttributeIsMissing" />
    </UnitTest>
    <UnitTest name="GetHashType_ShouldReturnMD5_WhenInputIsMD5Hash" storage="d:\actions-runner\_work\xpco\xpco\allsolutions\..\mip\platformplugin\videoos.platform\unittest\bin\debug\net6.0-windows\videoos.platform.tests.dll" id="f761c35c-23da-0635-088d-82edc227a6c9">
      <Execution id="2e7fa698-0054-4ae1-91dc-37843f9a39ef" />
      <TestMethod codeBase="D:\actions-runner\_work\XPCO\XPCO\AllSolutions\..\MIP\PlatformPlugin\VideoOS.Platform\unittest\bin\Debug\net6.0-windows\VideoOS.Platform.Tests.dll" adapterTypeName="executor://mstestadapter/v2" className="VideoOS.Platform.Tests.Data.MediaProviderInternal.UtilityTests" name="GetHashType_ShouldReturnMD5_WhenInputIsMD5Hash" />
    </UnitTest>
    <UnitTest name="WriteXml_ShouldWriteBehaviourElement_WhenBehaviourIsNotNullAndHasBehaviour" storage="d:\actions-runner\_work\xpco\xpco\allsolutions\..\mip\platformplugin\videoos.platform\unittest\bin\debug\net6.0-windows\videoos.platform.tests.dll" id="e7a87b1a-469f-3c38-ddd6-29b9b9cbec00">
      <Execution id="cf6f3c4a-50ab-4ea9-bf18-0b25424076c2" />
      <TestMethod codeBase="D:\actions-runner\_work\XPCO\XPCO\AllSolutions\..\MIP\PlatformPlugin\VideoOS.Platform\unittest\bin\Debug\net6.0-windows\VideoOS.Platform.Tests.dll" adapterTypeName="executor://mstestadapter/v2" className="VideoOS.Platform.Tests.Metadata.OnvifObjectTests" name="WriteXml_ShouldWriteBehaviourElement_WhenBehaviourIsNotNullAndHasBehaviour" />
    </UnitTest>
    <UnitTest name="ReadXml_ShouldLogWarningOnlyOnceWithinOneMinute_WhenShapeIsInvalid" storage="d:\actions-runner\_work\xpco\xpco\allsolutions\..\mip\platformplugin\videoos.platform\unittest\bin\debug\net6.0-windows\videoos.platform.tests.dll" id="d05873bf-41ef-0bcf-a99f-bd7e3fdc9082">
      <Execution id="334f8267-34fb-43fb-8294-b1119043759d" />
      <TestMethod codeBase="D:\actions-runner\_work\XPCO\XPCO\AllSolutions\..\MIP\PlatformPlugin\VideoOS.Platform\unittest\bin\Debug\net6.0-windows\VideoOS.Platform.Tests.dll" adapterTypeName="executor://mstestadapter/v2" className="VideoOS.Platform.Tests.Metadata.AppearanceTests" name="ReadXml_ShouldLogWarningOnlyOnceWithinOneMinute_WhenShapeIsInvalid" />
    </UnitTest>
    <UnitTest name="FindCacheEntryAfter_ShuldReturnEntryAfterTimeStamp_WhenThereIsAnEntryAfterTheTimestamp" storage="d:\actions-runner\_work\xpco\xpco\allsolutions\..\mip\platformplugin\videoos.platform\unittest\bin\debug\net6.0-windows\videoos.platform.tests.dll" id="ba7694f7-ee6f-6343-b447-699651d9d6f9">
      <Execution id="85304cfb-a946-4aee-8fa9-bc728660a3f4" />
      <TestMethod codeBase="D:\actions-runner\_work\XPCO\XPCO\AllSolutions\..\MIP\PlatformPlugin\VideoOS.Platform\unittest\bin\Debug\net6.0-windows\VideoOS.Platform.Tests.dll" adapterTypeName="executor://mstestadapter/v2" className="VideoOS.Platform.Tests.Data.MetadataCacheTests" name="FindCacheEntryAfter_ShuldReturnEntryAfterTimeStamp_WhenThereIsAnEntryAfterTheTimestamp" />
    </UnitTest>
    <UnitTest name="SHA256Hex64_ShouldThrowArgumentNullException_WhenInputIsNull" storage="d:\actions-runner\_work\xpco\xpco\allsolutions\..\mip\platformplugin\videoos.platform\unittest\bin\debug\net6.0-windows\videoos.platform.tests.dll" id="e07ed0b5-2e0a-976d-3f75-19c16e3edd02">
      <Execution id="d439a0d9-37a9-41dd-976a-340560636dc7" />
      <TestMethod codeBase="D:\actions-runner\_work\XPCO\XPCO\AllSolutions\..\MIP\PlatformPlugin\VideoOS.Platform\unittest\bin\Debug\net6.0-windows\VideoOS.Platform.Tests.dll" adapterTypeName="executor://mstestadapter/v2" className="VideoOS.Platform.Tests.Data.MediaProviderInternal.UtilityTests" name="SHA256Hex64_ShouldThrowArgumentNullException_WhenInputIsNull" />
    </UnitTest>
    <UnitTest name="Serialize_TestCases (TestParentCollectionNotEmptyListMatchedProperty)" storage="d:\actions-runner\_work\xpco\xpco\allsolutions\..\mip\platformplugin\videoos.platform\unittest\bin\debug\net6.0-windows\videoos.platform.tests.dll" id="333f18ad-13f9-9950-7477-8cd437bf4957">
      <Execution id="f1b6de30-80d7-44dd-b54e-2d1cf6360c28" />
      <TestMethod codeBase="D:\actions-runner\_work\XPCO\XPCO\AllSolutions\..\MIP\PlatformPlugin\VideoOS.Platform\unittest\bin\Debug\net6.0-windows\VideoOS.Platform.Tests.dll" adapterTypeName="executor://mstestadapter/v2" className="VideoOS.Platform.Tests.UI.Controls.Automation.Serialization.AutomationObjectSerializerTest" name="Serialize_TestCases" />
    </UnitTest>
    <UnitTest name="Serialize_TestCases (Verify root Collection (not empty) property)" storage="d:\actions-runner\_work\xpco\xpco\allsolutions\..\mip\platformplugin\videoos.platform\unittest\bin\debug\net6.0-windows\videoos.platform.tests.dll" id="d1c5438f-f6a6-ca91-e27b-7a97a7b2a283">
      <Execution id="f24e5e8c-0b9b-4e62-a301-d3ef274f7677" />
      <TestMethod codeBase="D:\actions-runner\_work\XPCO\XPCO\AllSolutions\..\MIP\PlatformPlugin\VideoOS.Platform\unittest\bin\Debug\net6.0-windows\VideoOS.Platform.Tests.dll" adapterTypeName="executor://mstestadapter/v2" className="VideoOS.Platform.Tests.UI.Controls.Automation.Serialization.AutomationObjectSerializerTest" name="Serialize_TestCases" />
    </UnitTest>
    <UnitTest name="ParseMetadataXmlWithString_ShouldThrowXmExceptionWithInformationOnError_WhenXmlContainsIncorrectRootElement" storage="d:\actions-runner\_work\xpco\xpco\allsolutions\..\mip\platformplugin\videoos.platform\unittest\bin\debug\net6.0-windows\videoos.platform.tests.dll" id="bf3be38d-fccb-d51d-c680-813aa0d77baa">
      <Execution id="897f1daf-8f63-432b-acbf-24396784b9c9" />
      <TestMethod codeBase="D:\actions-runner\_work\XPCO\XPCO\AllSolutions\..\MIP\PlatformPlugin\VideoOS.Platform\unittest\bin\Debug\net6.0-windows\VideoOS.Platform.Tests.dll" adapterTypeName="executor://mstestadapter/v2" className="VideoOS.Platform.Tests.Metadata.MetadataDeserializerTests" name="ParseMetadataXmlWithString_ShouldThrowXmExceptionWithInformationOnError_WhenXmlContainsIncorrectRootElement" />
    </UnitTest>
    <UnitTest name="IsEmptyValue_StringFilterValue_Whitespaces_ReturnsTrue" storage="d:\actions-runner\_work\xpco\xpco\allsolutions\..\mip\platformplugin\videoos.platform\unittest\bin\debug\net6.0-windows\videoos.platform.tests.dll" id="e997866d-eebf-79e1-ae85-52bd5aa489c9">
      <TestCategory>
        <TestCategoryItem TestCategory="Search" />
      </TestCategory>
      <Execution id="a74a18db-c5e8-4943-b695-8af2840225e2" />
      <TestMethod codeBase="D:\actions-runner\_work\XPCO\XPCO\AllSolutions\..\MIP\PlatformPlugin\VideoOS.Platform\unittest\bin\Debug\net6.0-windows\VideoOS.Platform.Tests.dll" adapterTypeName="executor://mstestadapter/v2" className="VideoOS.Platform.Tests.Search.SearchFilterTest" name="IsEmptyValue_StringFilterValue_Whitespaces_ReturnsTrue" />
    </UnitTest>
    <UnitTest name="AppendItemPicked_AutoSelect_ItemSelected_EventRaised" storage="d:\actions-runner\_work\xpco\xpco\allsolutions\..\mip\platformplugin\videoos.platform\unittest\bin\debug\net6.0-windows\videoos.platform.tests.dll" id="1bbd120c-214c-3ef2-991f-c7ebd3d57ae2">
      <Execution id="e60904e7-5e25-43f7-97a9-47454de0b1bc" />
      <TestMethod codeBase="D:\actions-runner\_work\XPCO\XPCO\AllSolutions\..\MIP\PlatformPlugin\VideoOS.Platform\unittest\bin\Debug\net6.0-windows\VideoOS.Platform.Tests.dll" adapterTypeName="executor://mstestadapter/v2" className="VideoOS.Platform.Tests.UI.ItemPicker.ItemPickerViewModelTest" name="AppendItemPicked_AutoSelect_ItemSelected_EventRaised" />
    </UnitTest>
    <UnitTest name="GenerateParameters_ShouldWriteSerialNr_WhenSerialNrIsNotNull" storage="d:\actions-runner\_work\xpco\xpco\allsolutions\..\mip\platformplugin\videoos.platform\unittest\bin\debug\net6.0-windows\videoos.platform.tests.dll" id="25d2ce81-b800-30ed-a9ff-8db2b7fca025">
      <Execution id="e219582f-6e70-4959-b6e5-770d4057d2de" />
      <TestMethod codeBase="D:\actions-runner\_work\XPCO\XPCO\AllSolutions\..\MIP\PlatformPlugin\VideoOS.Platform\unittest\bin\Debug\net6.0-windows\VideoOS.Platform.Tests.dll" adapterTypeName="executor://mstestadapter/v2" className="VideoOS.Platform.Tests.Data.HardwareDefinitionTests" name="GenerateParameters_ShouldWriteSerialNr_WhenSerialNrIsNotNull" />
    </UnitTest>
    <UnitTest name="GetNearest_ShouldReturnNull_WhenTimestampIsAfterLastElement" storage="d:\actions-runner\_work\xpco\xpco\allsolutions\..\mip\platformplugin\videoos.platform\unittest\bin\debug\net6.0-windows\videoos.platform.tests.dll" id="803ac96c-ceaf-813a-623a-bb8007ba13fb">
      <Execution id="f26b58cb-c715-4e3b-9ab3-3044a4b8e977" />
      <TestMethod codeBase="D:\actions-runner\_work\XPCO\XPCO\AllSolutions\..\MIP\PlatformPlugin\VideoOS.Platform\unittest\bin\Debug\net6.0-windows\VideoOS.Platform.Tests.dll" adapterTypeName="executor://mstestadapter/v2" className="VideoOS.Platform.Tests.Data.MetadataCacheTests" name="GetNearest_ShouldReturnNull_WhenTimestampIsAfterLastElement" />
    </UnitTest>
    <UnitTest name="Constructor_ShouldThrowArgumentNullException_WhenModelIsNull" storage="d:\actions-runner\_work\xpco\xpco\allsolutions\..\mip\platformplugin\videoos.platform\unittest\bin\debug\net6.0-windows\videoos.platform.tests.dll" id="12cac62c-5b3e-c0ef-167d-41a5a640f7f1">
      <Execution id="eae4a31c-6770-4fc9-a595-e6414bad955b" />
      <TestMethod codeBase="D:\actions-runner\_work\XPCO\XPCO\AllSolutions\..\MIP\PlatformPlugin\VideoOS.Platform\unittest\bin\Debug\net6.0-windows\VideoOS.Platform.Tests.dll" adapterTypeName="executor://mstestadapter/v2" className="VideoOS.Platform.Tests.Data.HardwareDefinitionTests" name="Constructor_ShouldThrowArgumentNullException_WhenModelIsNull" />
    </UnitTest>
    <UnitTest name="ReadXml_ShouldIgnoreBoundingBox_WhenBoundingBoxIsPresenWithWrongNamespace" storage="d:\actions-runner\_work\xpco\xpco\allsolutions\..\mip\platformplugin\videoos.platform\unittest\bin\debug\net6.0-windows\videoos.platform.tests.dll" id="1677c45e-088d-ae58-08dc-ccdb32d9ca65">
      <Execution id="17108ffb-e8c2-42b3-8fa7-1c7c2239f22d" />
      <TestMethod codeBase="D:\actions-runner\_work\XPCO\XPCO\AllSolutions\..\MIP\PlatformPlugin\VideoOS.Platform\unittest\bin\Debug\net6.0-windows\VideoOS.Platform.Tests.dll" adapterTypeName="executor://mstestadapter/v2" className="VideoOS.Platform.Tests.Metadata.ShapeTests" name="ReadXml_ShouldIgnoreBoundingBox_WhenBoundingBoxIsPresenWithWrongNamespace" />
    </UnitTest>
    <UnitTest name="FlushAll_ShouldClearCache" storage="d:\actions-runner\_work\xpco\xpco\allsolutions\..\mip\platformplugin\videoos.platform\unittest\bin\debug\net6.0-windows\videoos.platform.tests.dll" id="1fc86256-4383-79f5-2623-3a4a27ec4fd7">
      <Execution id="f7e85d82-0b8e-4a50-aeef-72225bcb4077" />
      <TestMethod codeBase="D:\actions-runner\_work\XPCO\XPCO\AllSolutions\..\MIP\PlatformPlugin\VideoOS.Platform\unittest\bin\Debug\net6.0-windows\VideoOS.Platform.Tests.dll" adapterTypeName="executor://mstestadapter/v2" className="VideoOS.Platform.Tests.Util.ConfigurationCacheTests" name="FlushAll_ShouldClearCache" />
    </UnitTest>
    <UnitTest name="ReadXml_ShouldIgnoreClassCandidate_WhenClassCandidateIsPresenWithWrongNamespace" storage="d:\actions-runner\_work\xpco\xpco\allsolutions\..\mip\platformplugin\videoos.platform\unittest\bin\debug\net6.0-windows\videoos.platform.tests.dll" id="a85a1362-1754-70cf-33fa-4ae7e0463bc7">
      <Execution id="c128af36-18dc-433b-87c2-3308e7094357" />
      <TestMethod codeBase="D:\actions-runner\_work\XPCO\XPCO\AllSolutions\..\MIP\PlatformPlugin\VideoOS.Platform\unittest\bin\Debug\net6.0-windows\VideoOS.Platform.Tests.dll" adapterTypeName="executor://mstestadapter/v2" className="VideoOS.Platform.Tests.Metadata.OnvifClassTests" name="ReadXml_ShouldIgnoreClassCandidate_WhenClassCandidateIsPresenWithWrongNamespace" />
    </UnitTest>
    <UnitTest name="Flush_OtherKIndShouldNotImpack" storage="d:\actions-runner\_work\xpco\xpco\allsolutions\..\mip\platformplugin\videoos.platform\unittest\bin\debug\net6.0-windows\videoos.platform.tests.dll" id="dac52339-d9a8-d082-49c1-4cb11ce915ee">
      <Execution id="3e7f8ab6-c563-430c-af2f-43802c62647d" />
      <TestMethod codeBase="D:\actions-runner\_work\XPCO\XPCO\AllSolutions\..\MIP\PlatformPlugin\VideoOS.Platform\unittest\bin\Debug\net6.0-windows\VideoOS.Platform.Tests.dll" adapterTypeName="executor://mstestadapter/v2" className="VideoOS.Platform.Tests.Util.ConfigurationCacheTests" name="Flush_OtherKIndShouldNotImpack" />
    </UnitTest>
    <UnitTest name="MatchId_Success_MessageWithAsteriskAtBegin" storage="d:\actions-runner\_work\xpco\xpco\allsolutions\..\mip\platformplugin\videoos.platform\unittest\bin\debug\net6.0-windows\videoos.platform.tests.dll" id="b28c88a2-048a-f43d-3028-a27e0105d7d5">
      <Execution id="4952bbca-f0da-4717-bc48-ff57098137fc" />
      <TestMethod codeBase="D:\actions-runner\_work\XPCO\XPCO\AllSolutions\..\MIP\PlatformPlugin\VideoOS.Platform\unittest\bin\Debug\net6.0-windows\VideoOS.Platform.Tests.dll" adapterTypeName="executor://mstestadapter/v2" className="VideoOS.Platform.Tests.Messaging.CommunicationIdFilterTests" name="MatchId_Success_MessageWithAsteriskAtBegin" />
    </UnitTest>
    <UnitTest name="GetFrame_ShouldReturnFirstFrame_WhenThereAreMultipleFrames" storage="d:\actions-runner\_work\xpco\xpco\allsolutions\..\mip\platformplugin\videoos.platform\unittest\bin\debug\net6.0-windows\videoos.platform.tests.dll" id="8cae6a56-454e-1e61-1b8f-eb89b356be64">
      <Execution id="16acc433-23c6-4eb7-b1b5-f7b1a8f4d5ed" />
      <TestMethod codeBase="D:\actions-runner\_work\XPCO\XPCO\AllSolutions\..\MIP\PlatformPlugin\VideoOS.Platform\unittest\bin\Debug\net6.0-windows\VideoOS.Platform.Tests.dll" adapterTypeName="executor://mstestadapter/v2" className="VideoOS.Platform.Tests.Metadata.MetadataStreamTests" name="GetFrame_ShouldReturnFirstFrame_WhenThereAreMultipleFrames" />
    </UnitTest>
    <UnitTest name="ReadXml_ShouldReadColorAttribute_WhenPresent" storage="d:\actions-runner\_work\xpco\xpco\allsolutions\..\mip\platformplugin\videoos.platform\unittest\bin\debug\net6.0-windows\videoos.platform.tests.dll" id="044b544f-c581-0c62-7f52-eaa9bd1b769a">
      <Execution id="3318c12f-289f-4c2e-9e8d-f0b509316bf4" />
      <TestMethod codeBase="D:\actions-runner\_work\XPCO\XPCO\AllSolutions\..\MIP\PlatformPlugin\VideoOS.Platform\unittest\bin\Debug\net6.0-windows\VideoOS.Platform.Tests.dll" adapterTypeName="executor://mstestadapter/v2" className="VideoOS.Platform.Tests.Metadata.DisplayTextTests" name="ReadXml_ShouldReadColorAttribute_WhenPresent" />
    </UnitTest>
    <UnitTest name="ReadXml_ShouldReadTransformation_WhenTransformationIsPresent" storage="d:\actions-runner\_work\xpco\xpco\allsolutions\..\mip\platformplugin\videoos.platform\unittest\bin\debug\net6.0-windows\videoos.platform.tests.dll" id="fcbb076d-21c9-d2c8-8141-56d340d67c02">
      <Execution id="d0472a49-f5d7-4b21-ad54-ef206a49ffa3" />
      <TestMethod codeBase="D:\actions-runner\_work\XPCO\XPCO\AllSolutions\..\MIP\PlatformPlugin\VideoOS.Platform\unittest\bin\Debug\net6.0-windows\VideoOS.Platform.Tests.dll" adapterTypeName="executor://mstestadapter/v2" className="VideoOS.Platform.Tests.Metadata.FrameTests" name="ReadXml_ShouldReadTransformation_WhenTransformationIsPresent" />
    </UnitTest>
    <UnitTest name="ReadXml_ShouldReadTextValue_WhenPresent" storage="d:\actions-runner\_work\xpco\xpco\allsolutions\..\mip\platformplugin\videoos.platform\unittest\bin\debug\net6.0-windows\videoos.platform.tests.dll" id="e843bfee-0457-6dab-bf5f-4166d9265b34">
      <Execution id="f833a7b0-1df5-48cc-9472-9837e4fb7332" />
      <TestMethod codeBase="D:\actions-runner\_work\XPCO\XPCO\AllSolutions\..\MIP\PlatformPlugin\VideoOS.Platform\unittest\bin\Debug\net6.0-windows\VideoOS.Platform.Tests.dll" adapterTypeName="executor://mstestadapter/v2" className="VideoOS.Platform.Tests.Metadata.DisplayTextTests" name="ReadXml_ShouldReadTextValue_WhenPresent" />
    </UnitTest>
    <UnitTest name="Serialize_TestCases (Verify root Int property)" storage="d:\actions-runner\_work\xpco\xpco\allsolutions\..\mip\platformplugin\videoos.platform\unittest\bin\debug\net6.0-windows\videoos.platform.tests.dll" id="659d4a24-265a-327f-9e9b-0c30ee6ed7bd">
      <Execution id="78239a27-ada0-4af4-9a07-e901b5892eab" />
      <TestMethod codeBase="D:\actions-runner\_work\XPCO\XPCO\AllSolutions\..\MIP\PlatformPlugin\VideoOS.Platform\unittest\bin\Debug\net6.0-windows\VideoOS.Platform.Tests.dll" adapterTypeName="executor://mstestadapter/v2" className="VideoOS.Platform.Tests.UI.Controls.Automation.Serialization.AutomationObjectSerializerTest" name="Serialize_TestCases" />
    </UnitTest>
    <UnitTest name="AddFilterValue_ExistingValue_SecondValue_Success" storage="d:\actions-runner\_work\xpco\xpco\allsolutions\..\mip\platformplugin\videoos.platform\unittest\bin\debug\net6.0-windows\videoos.platform.tests.dll" id="c201cfe9-d7ef-1767-28d0-57fcb8de2460">
      <TestCategory>
        <TestCategoryItem TestCategory="Search" />
      </TestCategory>
      <Execution id="1e9bffd1-b1b7-42be-8160-26fd322961b2" />
      <TestMethod codeBase="D:\actions-runner\_work\XPCO\XPCO\AllSolutions\..\MIP\PlatformPlugin\VideoOS.Platform\unittest\bin\Debug\net6.0-windows\VideoOS.Platform.Tests.dll" adapterTypeName="executor://mstestadapter/v2" className="VideoOS.Platform.Tests.Search.SearchCriteriaTest" name="AddFilterValue_ExistingValue_SecondValue_Success" />
    </UnitTest>
    <UnitTest name="Parse_String_WithDot" storage="d:\actions-runner\_work\xpco\xpco\allsolutions\..\mip\platformplugin\videoos.platform\unittest\bin\debug\net6.0-windows\videoos.platform.tests.dll" id="af66790e-7a17-2a52-f594-1232b3cd885e">
      <Execution id="ed62c259-26d4-41ef-b33b-19e59173b86d" />
      <TestMethod codeBase="D:\actions-runner\_work\XPCO\XPCO\AllSolutions\..\MIP\PlatformPlugin\VideoOS.Platform\unittest\bin\Debug\net6.0-windows\VideoOS.Platform.Tests.dll" adapterTypeName="executor://mstestadapter/v2" className="VideoOS.Platform.Tests.Proxy.RestApi.JsonReaderTests" name="Parse_String_WithDot" />
    </UnitTest>
    <UnitTest name="WriteXml_ShouldWriteScaleElement_WhenScaleIsNotNull" storage="d:\actions-runner\_work\xpco\xpco\allsolutions\..\mip\platformplugin\videoos.platform\unittest\bin\debug\net6.0-windows\videoos.platform.tests.dll" id="21aacc52-5297-f44e-aad6-4de7a3bc1c17">
      <Execution id="140cf0b3-b951-4012-bd17-154ffe085699" />
      <TestMethod codeBase="D:\actions-runner\_work\XPCO\XPCO\AllSolutions\..\MIP\PlatformPlugin\VideoOS.Platform\unittest\bin\Debug\net6.0-windows\VideoOS.Platform.Tests.dll" adapterTypeName="executor://mstestadapter/v2" className="VideoOS.Platform.Tests.Metadata.TransformationTests" name="WriteXml_ShouldWriteScaleElement_WhenScaleIsNotNull" />
    </UnitTest>
    <UnitTest name="Equals_ShouldReturnTrue_WhenOnePortNumberIsZeroAndTheOtherIsEighty" storage="d:\actions-runner\_work\xpco\xpco\allsolutions\..\mip\platformplugin\videoos.platform\unittest\bin\debug\net6.0-windows\videoos.platform.tests.dll" id="e0974674-ac77-e53b-c938-66c6d56fd05c">
      <Execution id="7ddd5925-a5dc-4955-9c39-852040eff9e5" />
      <TestMethod codeBase="D:\actions-runner\_work\XPCO\XPCO\AllSolutions\..\MIP\PlatformPlugin\VideoOS.Platform\unittest\bin\Debug\net6.0-windows\VideoOS.Platform.Tests.dll" adapterTypeName="executor://mstestadapter/v2" className="VideoOS.Platform.Tests.ServerIdTests" name="Equals_ShouldReturnTrue_WhenOnePortNumberIsZeroAndTheOtherIsEighty" />
    </UnitTest>
    <UnitTest name="Speed_ShouldThrowArgumentOfRange_WhenValueIsOutsideAcceptedRange" storage="d:\actions-runner\_work\xpco\xpco\allsolutions\..\mip\platformplugin\videoos.platform\unittest\bin\debug\net6.0-windows\videoos.platform.tests.dll" id="7ce3bd1f-17a2-67ea-14e3-54128c33634a">
      <Execution id="cb8d8ada-0a7b-41b6-965c-d01e3b90ab82" />
      <TestMethod codeBase="D:\actions-runner\_work\XPCO\XPCO\AllSolutions\..\MIP\PlatformPlugin\VideoOS.Platform\unittest\bin\Debug\net6.0-windows\VideoOS.Platform.Tests.dll" adapterTypeName="executor://mstestadapter/v2" className="VideoOS.Platform.Tests.Metadata.NavigationalDataTests" name="Speed_ShouldThrowArgumentOfRange_WhenValueIsOutsideAcceptedRange" />
    </UnitTest>
    <UnitTest name="Serialize_TestCases (Verify root String (null) property)" storage="d:\actions-runner\_work\xpco\xpco\allsolutions\..\mip\platformplugin\videoos.platform\unittest\bin\debug\net6.0-windows\videoos.platform.tests.dll" id="6213102e-95e6-1487-5c12-13f6c21c6497">
      <Execution id="6144bc40-b13a-4ebf-aa7e-010198b52e29" />
      <TestMethod codeBase="D:\actions-runner\_work\XPCO\XPCO\AllSolutions\..\MIP\PlatformPlugin\VideoOS.Platform\unittest\bin\Debug\net6.0-windows\VideoOS.Platform.Tests.dll" adapterTypeName="executor://mstestadapter/v2" className="VideoOS.Platform.Tests.UI.Controls.Automation.Serialization.AutomationObjectSerializerTest" name="Serialize_TestCases" />
    </UnitTest>
    <UnitTest name="ToString_WithTypeAndMessage" storage="d:\actions-runner\_work\xpco\xpco\allsolutions\..\mip\platformplugin\videoos.platform\unittest\bin\debug\net6.0-windows\videoos.platform.tests.dll" id="137cce7b-4534-866e-a202-717289695719">
      <Execution id="55b330f6-184a-4236-878b-36e699f4e86f" />
      <TestMethod codeBase="D:\actions-runner\_work\XPCO\XPCO\AllSolutions\..\MIP\PlatformPlugin\VideoOS.Platform\unittest\bin\Debug\net6.0-windows\VideoOS.Platform.Tests.dll" adapterTypeName="executor://mstestadapter/v2" className="VideoOS.Platform.Tests.Messaging.CommunicationIdFilterTests" name="ToString_WithTypeAndMessage" />
    </UnitTest>
    <UnitTest name="OnSearchResultsReady_NoEventHandler_DoesNotCrash" storage="d:\actions-runner\_work\xpco\xpco\allsolutions\..\mip\platformplugin\videoos.platform\unittest\bin\debug\net6.0-windows\videoos.platform.tests.dll" id="5e776647-f32b-7555-92cc-51ddf06fbbb5">
      <TestCategory>
        <TestCategoryItem TestCategory="Search" />
      </TestCategory>
      <Execution id="d88d514b-862a-40ba-b6e0-06e575d74a98" />
      <TestMethod codeBase="D:\actions-runner\_work\XPCO\XPCO\AllSolutions\..\MIP\PlatformPlugin\VideoOS.Platform\unittest\bin\Debug\net6.0-windows\VideoOS.Platform.Tests.dll" adapterTypeName="executor://mstestadapter/v2" className="VideoOS.Platform.Tests.Search.SearchDefinitionTest" name="OnSearchResultsReady_NoEventHandler_DoesNotCrash" />
    </UnitTest>
    <UnitTest name="Apply_ShouldApplyTranslateAndScale_WhenTranslateAndScaleIsNotNull" storage="d:\actions-runner\_work\xpco\xpco\allsolutions\..\mip\platformplugin\videoos.platform\unittest\bin\debug\net6.0-windows\videoos.platform.tests.dll" id="9bf19834-4f90-5f56-a3eb-6c1d93ea3aa5">
      <Execution id="0fc9f1c6-ef5d-4ef6-9634-af291ddd9170" />
      <TestMethod codeBase="D:\actions-runner\_work\XPCO\XPCO\AllSolutions\..\MIP\PlatformPlugin\VideoOS.Platform\unittest\bin\Debug\net6.0-windows\VideoOS.Platform.Tests.dll" adapterTypeName="executor://mstestadapter/v2" className="VideoOS.Platform.Tests.Metadata.DisplayTextTests" name="Apply_ShouldApplyTranslateAndScale_WhenTranslateAndScaleIsNotNull" />
    </UnitTest>
    <UnitTest name="GetAtOrBefore_ShouldReturnCorrectElementInCache_WhenTimestampIsInMiddleOfCache" storage="d:\actions-runner\_work\xpco\xpco\allsolutions\..\mip\platformplugin\videoos.platform\unittest\bin\debug\net6.0-windows\videoos.platform.tests.dll" id="a7db9ed1-0e9f-4bd0-ac0b-3b36ddafd16e">
      <Execution id="952fc0a9-4cc6-4e2b-8208-44eb576129cc" />
      <TestMethod codeBase="D:\actions-runner\_work\XPCO\XPCO\AllSolutions\..\MIP\PlatformPlugin\VideoOS.Platform\unittest\bin\Debug\net6.0-windows\VideoOS.Platform.Tests.dll" adapterTypeName="executor://mstestadapter/v2" className="VideoOS.Platform.Tests.Data.MetadataCacheTests" name="GetAtOrBefore_ShouldReturnCorrectElementInCache_WhenTimestampIsInMiddleOfCache" />
    </UnitTest>
    <UnitTest name="Match_Success_SystemTypeStartMatch_Single" storage="d:\actions-runner\_work\xpco\xpco\allsolutions\..\mip\platformplugin\videoos.platform\unittest\bin\debug\net6.0-windows\videoos.platform.tests.dll" id="fb06ac1d-f4a6-d9b4-8722-be97dde4c78f">
      <Execution id="ecb6c45d-6868-45a6-b1ad-846541b99683" />
      <TestMethod codeBase="D:\actions-runner\_work\XPCO\XPCO\AllSolutions\..\MIP\PlatformPlugin\VideoOS.Platform\unittest\bin\Debug\net6.0-windows\VideoOS.Platform.Tests.dll" adapterTypeName="executor://mstestadapter/v2" className="VideoOS.Platform.Tests.Messaging.CommunicationIdFilterTests" name="Match_Success_SystemTypeStartMatch_Single" />
    </UnitTest>
    <UnitTest name="GetNearest_ShouldReturnClosestElement_WhenTimestampIsInLargerCache" storage="d:\actions-runner\_work\xpco\xpco\allsolutions\..\mip\platformplugin\videoos.platform\unittest\bin\debug\net6.0-windows\videoos.platform.tests.dll" id="ad2a533e-345f-feb2-e7cb-50434e04ad99">
      <Execution id="73dbf26f-317e-4ea3-8030-5c89af6e39d1" />
      <TestMethod codeBase="D:\actions-runner\_work\XPCO\XPCO\AllSolutions\..\MIP\PlatformPlugin\VideoOS.Platform\unittest\bin\Debug\net6.0-windows\VideoOS.Platform.Tests.dll" adapterTypeName="executor://mstestadapter/v2" className="VideoOS.Platform.Tests.Data.MetadataCacheTests" name="GetNearest_ShouldReturnClosestElement_WhenTimestampIsInLargerCache" />
    </UnitTest>
    <UnitTest name="TestMultiLevelQueue_OneLevel_Success" storage="d:\actions-runner\_work\xpco\xpco\allsolutions\..\mip\platformplugin\videoos.platform\unittest\bin\debug\net6.0-windows\videoos.platform.tests.dll" id="1d781042-4a4b-edb4-7dfd-5edbb643ac7b">
      <Execution id="21f15b0b-6ccf-4209-8547-5c64a84b3ff5" />
      <TestMethod codeBase="D:\actions-runner\_work\XPCO\XPCO\AllSolutions\..\MIP\PlatformPlugin\VideoOS.Platform\unittest\bin\Debug\net6.0-windows\VideoOS.Platform.Tests.dll" adapterTypeName="executor://mstestadapter/v2" className="VideoOS.Platform.Tests.Util.Queue.MultiLevelResourceQueueTests" name="TestMultiLevelQueue_OneLevel_Success" />
    </UnitTest>
    <UnitTest name="Get_NoElements_ReturnsNull" storage="d:\actions-runner\_work\xpco\xpco\allsolutions\..\mip\platformplugin\videoos.platform\unittest\bin\debug\net6.0-windows\videoos.platform.tests.dll" id="778619f0-485d-357c-9339-4267244fb799">
      <Execution id="eefb303c-677d-4889-998c-ce7d436ab1fd" />
      <TestMethod codeBase="D:\actions-runner\_work\XPCO\XPCO\AllSolutions\..\MIP\PlatformPlugin\VideoOS.Platform\unittest\bin\Debug\net6.0-windows\VideoOS.Platform.Tests.dll" adapterTypeName="executor://mstestadapter/v2" className="VideoOS.Platform.Tests.Util.Queue.LRUCacheTests" name="Get_NoElements_ReturnsNull" />
    </UnitTest>
    <UnitTest name="ReadXml_ShouldLogWarning_WhenRequiredAttributeIsMissing" storage="d:\actions-runner\_work\xpco\xpco\allsolutions\..\mip\platformplugin\videoos.platform\unittest\bin\debug\net6.0-windows\videoos.platform.tests.dll" id="39224d7b-adf2-c3bb-b064-ed7483309b12">
      <Execution id="438244a9-9e5b-44e6-90fb-3fe5bd244e60" />
      <TestMethod codeBase="D:\actions-runner\_work\XPCO\XPCO\AllSolutions\..\MIP\PlatformPlugin\VideoOS.Platform\unittest\bin\Debug\net6.0-windows\VideoOS.Platform.Tests.dll" adapterTypeName="executor://mstestadapter/v2" className="VideoOS.Platform.Tests.Metadata.VectorTests" name="ReadXml_ShouldLogWarning_WhenRequiredAttributeIsMissing" />
    </UnitTest>
    <UnitTest name="Serialize_Camera_Checked" storage="d:\actions-runner\_work\xpco\xpco\allsolutions\..\mip\platformplugin\videoos.platform\unittest\bin\debug\net6.0-windows\videoos.platform.tests.dll" id="a67dddae-fbaa-38ff-493a-4fb494200940">
      <Execution id="36d11754-0a33-4fa1-876f-9f093aba75ba" />
      <TestMethod codeBase="D:\actions-runner\_work\XPCO\XPCO\AllSolutions\..\MIP\PlatformPlugin\VideoOS.Platform\unittest\bin\Debug\net6.0-windows\VideoOS.Platform.Tests.dll" adapterTypeName="executor://mstestadapter/v2" className="VideoOS.Platform.Tests.FQIDtests" name="Serialize_Camera_Checked" />
    </UnitTest>
    <UnitTest name="Serialize_TestCases (TestParentRecursiveOneRecursiveElement)" storage="d:\actions-runner\_work\xpco\xpco\allsolutions\..\mip\platformplugin\videoos.platform\unittest\bin\debug\net6.0-windows\videoos.platform.tests.dll" id="d09f13a4-f856-1992-47ba-5179fa45274e">
      <Execution id="d700b6d4-0cf5-4c84-ab84-63108f30955e" />
      <TestMethod codeBase="D:\actions-runner\_work\XPCO\XPCO\AllSolutions\..\MIP\PlatformPlugin\VideoOS.Platform\unittest\bin\Debug\net6.0-windows\VideoOS.Platform.Tests.dll" adapterTypeName="executor://mstestadapter/v2" className="VideoOS.Platform.Tests.UI.Controls.Automation.Serialization.AutomationObjectSerializerTest" name="Serialize_TestCases" />
    </UnitTest>
    <UnitTest name="ReadXml_ShouldIgnoreOnvifClass_WhenClassIsPresenWithWrongNamespace" storage="d:\actions-runner\_work\xpco\xpco\allsolutions\..\mip\platformplugin\videoos.platform\unittest\bin\debug\net6.0-windows\videoos.platform.tests.dll" id="be949d2a-ee6c-7b88-443c-f49c565f328f">
      <Execution id="d630f3e4-6838-4b26-8742-e71f78edaefd" />
      <TestMethod codeBase="D:\actions-runner\_work\XPCO\XPCO\AllSolutions\..\MIP\PlatformPlugin\VideoOS.Platform\unittest\bin\Debug\net6.0-windows\VideoOS.Platform.Tests.dll" adapterTypeName="executor://mstestadapter/v2" className="VideoOS.Platform.Tests.Metadata.AppearanceTests" name="ReadXml_ShouldIgnoreOnvifClass_WhenClassIsPresenWithWrongNamespace" />
    </UnitTest>
    <UnitTest name="MipItem_ImageSource_Has_Value" storage="d:\actions-runner\_work\xpco\xpco\allsolutions\..\mip\platformplugin\videoos.platform\unittest\bin\debug\net6.0-windows\videoos.platform.tests.dll" id="7f766a97-6ab7-7b7f-222d-e4bba52b6030">
      <Execution id="474598ba-c966-4dd9-b18b-ba3ed2a49948" />
      <TestMethod codeBase="D:\actions-runner\_work\XPCO\XPCO\AllSolutions\..\MIP\PlatformPlugin\VideoOS.Platform\unittest\bin\Debug\net6.0-windows\VideoOS.Platform.Tests.dll" adapterTypeName="executor://mstestadapter/v2" className="VideoOS.Platform.Tests.UI.ItemPicker.ItemViewModelTest" name="MipItem_ImageSource_Has_Value" />
    </UnitTest>
    <UnitTest name="Serialize_TestCases (Verify root Generic (null) property)" storage="d:\actions-runner\_work\xpco\xpco\allsolutions\..\mip\platformplugin\videoos.platform\unittest\bin\debug\net6.0-windows\videoos.platform.tests.dll" id="7290edfd-63e4-ce1e-5e90-49404c4483db">
      <Execution id="739f1ac5-e4f5-4623-b79d-2eacc683616a" />
      <TestMethod codeBase="D:\actions-runner\_work\XPCO\XPCO\AllSolutions\..\MIP\PlatformPlugin\VideoOS.Platform\unittest\bin\Debug\net6.0-windows\VideoOS.Platform.Tests.dll" adapterTypeName="executor://mstestadapter/v2" className="VideoOS.Platform.Tests.UI.Controls.Automation.Serialization.AutomationObjectSerializerTest" name="Serialize_TestCases" />
    </UnitTest>
    <UnitTest name="GetHashType_ShouldReturnNotSupported_WhenInputIsSHA512Hash" storage="d:\actions-runner\_work\xpco\xpco\allsolutions\..\mip\platformplugin\videoos.platform\unittest\bin\debug\net6.0-windows\videoos.platform.tests.dll" id="08483f1f-4568-e039-2698-7a75165ec4e4">
      <Execution id="d829d430-7a14-4f9d-8bd9-5a313290e397" />
      <TestMethod codeBase="D:\actions-runner\_work\XPCO\XPCO\AllSolutions\..\MIP\PlatformPlugin\VideoOS.Platform\unittest\bin\Debug\net6.0-windows\VideoOS.Platform.Tests.dll" adapterTypeName="executor://mstestadapter/v2" className="VideoOS.Platform.Tests.Data.MediaProviderInternal.UtilityTests" name="GetHashType_ShouldReturnNotSupported_WhenInputIsSHA512Hash" />
    </UnitTest>
    <UnitTest name="Minimize_ShouldReturnThreeIntervals_WhenListContainsFiveOverLappingAndNonOverlappingIntervalsReversed" storage="d:\actions-runner\_work\xpco\xpco\allsolutions\..\mip\platformplugin\videoos.platform\unittest\bin\debug\net6.0-windows\videoos.platform.tests.dll" id="146d8b26-0f20-3176-153a-32e5f137191a">
      <Execution id="8d71934c-9493-481a-96b8-3f24c7f0d267" />
      <TestMethod codeBase="D:\actions-runner\_work\XPCO\XPCO\AllSolutions\..\MIP\PlatformPlugin\VideoOS.Platform\unittest\bin\Debug\net6.0-windows\VideoOS.Platform.Tests.dll" adapterTypeName="executor://mstestadapter/v2" className="VideoOS.Platform.Tests.Util.TimeIntervalTests" name="Minimize_ShouldReturnThreeIntervals_WhenListContainsFiveOverLappingAndNonOverlappingIntervalsReversed" />
    </UnitTest>
    <UnitTest name="GetMIPItem_Success" storage="d:\actions-runner\_work\xpco\xpco\allsolutions\..\mip\platformplugin\videoos.platform\unittest\bin\debug\net6.0-windows\videoos.platform.tests.dll" id="d4fbe30b-c3a5-9110-1c8a-b21accc6c6ad">
      <Execution id="c0c5e796-9ae6-4211-8f46-282106eb2e1d" />
      <TestMethod codeBase="D:\actions-runner\_work\XPCO\XPCO\AllSolutions\..\MIP\PlatformPlugin\VideoOS.Platform\unittest\bin\Debug\net6.0-windows\VideoOS.Platform.Tests.dll" adapterTypeName="executor://mstestadapter/v2" className="VideoOS.Platform.Tests.Proxy.RestApi.RestApiClientDecoratorTests" name="GetMIPItem_Success" />
    </UnitTest>
    <UnitTest name="GenerateDeviceCapabilityParameters_ShouldCallGenerateEnumParametersWithCorrectPrefix_WhenThereAreEnumValues" storage="d:\actions-runner\_work\xpco\xpco\allsolutions\..\mip\platformplugin\videoos.platform\unittest\bin\debug\net6.0-windows\videoos.platform.tests.dll" id="33ade990-1ccf-b0cf-8ab5-e10e49ad4630">
      <Execution id="a6edccf4-c782-4bc0-b289-58a997d7821a" />
      <TestMethod codeBase="D:\actions-runner\_work\XPCO\XPCO\AllSolutions\..\MIP\PlatformPlugin\VideoOS.Platform\unittest\bin\Debug\net6.0-windows\VideoOS.Platform.Tests.dll" adapterTypeName="executor://mstestadapter/v2" className="VideoOS.Platform.Tests.Data.EnumCapabilityTests" name="GenerateDeviceCapabilityParameters_ShouldCallGenerateEnumParametersWithCorrectPrefix_WhenThereAreEnumValues" />
    </UnitTest>
    <UnitTest name="SplitString_When1Level_CountsLastSeparator" storage="d:\actions-runner\_work\xpco\xpco\allsolutions\..\mip\platformplugin\videoos.platform\unittest\bin\debug\net6.0-windows\videoos.platform.tests.dll" id="d9b69abf-addf-dcc7-c2fd-b2ff5d4f6705">
      <Execution id="ca555972-f8e0-4ea1-9e73-9376020fd59f" />
      <TestMethod codeBase="D:\actions-runner\_work\XPCO\XPCO\AllSolutions\..\MIP\PlatformPlugin\VideoOS.Platform\unittest\bin\Debug\net6.0-windows\VideoOS.Platform.Tests.dll" adapterTypeName="executor://mstestadapter/v2" className="VideoOS.Platform.Tests.Util.StringSplitterTests" name="SplitString_When1Level_CountsLastSeparator" />
    </UnitTest>
    <UnitTest name="CountByCounter_Activated_Expired" storage="d:\actions-runner\_work\xpco\xpco\allsolutions\..\mip\platformplugin\videoos.platform\unittest\bin\debug\net6.0-windows\videoos.platform.tests.dll" id="310968d1-fc55-32d1-9bf4-640cd6ac6c2c">
      <Execution id="e79868ca-c97f-4057-9c5b-c9cafc61066f" />
      <TestMethod codeBase="D:\actions-runner\_work\XPCO\XPCO\AllSolutions\..\MIP\PlatformPlugin\VideoOS.Platform\unittest\bin\Debug\net6.0-windows\VideoOS.Platform.Tests.dll" adapterTypeName="executor://mstestadapter/v2" className="VideoOS.Platform.Tests.License.ResolvedLicenseCountTest" name="CountByCounter_Activated_Expired" />
    </UnitTest>
    <UnitTest name="Ctor_NoStandardFilters_Success" storage="d:\actions-runner\_work\xpco\xpco\allsolutions\..\mip\platformplugin\videoos.platform\unittest\bin\debug\net6.0-windows\videoos.platform.tests.dll" id="e4c24bc9-2414-541c-9971-01e696ad9e3b">
      <TestCategory>
        <TestCategoryItem TestCategory="Search" />
      </TestCategory>
      <Execution id="98793d09-1fb0-40bf-b58e-06e0ac5cf2a7" />
      <TestMethod codeBase="D:\actions-runner\_work\XPCO\XPCO\AllSolutions\..\MIP\PlatformPlugin\VideoOS.Platform\unittest\bin\Debug\net6.0-windows\VideoOS.Platform.Tests.dll" adapterTypeName="executor://mstestadapter/v2" className="VideoOS.Platform.Tests.Search.FilterCategories.PersonSearchFilterCategoryTest" name="Ctor_NoStandardFilters_Success" />
    </UnitTest>
    <UnitTest name="ReadXml_ShouldSetAllPropertiesToZero_WhenElementIsEmpty" storage="d:\actions-runner\_work\xpco\xpco\allsolutions\..\mip\platformplugin\videoos.platform\unittest\bin\debug\net6.0-windows\videoos.platform.tests.dll" id="8084e41d-d0c2-8e1f-49b3-a67abb097eef">
      <Execution id="9f158110-a74c-48f8-814a-f9b31ab3b015" />
      <TestMethod codeBase="D:\actions-runner\_work\XPCO\XPCO\AllSolutions\..\MIP\PlatformPlugin\VideoOS.Platform\unittest\bin\Debug\net6.0-windows\VideoOS.Platform.Tests.dll" adapterTypeName="executor://mstestadapter/v2" className="VideoOS.Platform.Tests.Metadata.VectorTests" name="ReadXml_ShouldSetAllPropertiesToZero_WhenElementIsEmpty" />
    </UnitTest>
    <UnitTest name="RemoveFilterValue_OtherValuesPresent_Success" storage="d:\actions-runner\_work\xpco\xpco\allsolutions\..\mip\platformplugin\videoos.platform\unittest\bin\debug\net6.0-windows\videoos.platform.tests.dll" id="b6767da0-b71f-abbd-7405-75d592f9abf3">
      <TestCategory>
        <TestCategoryItem TestCategory="Search" />
      </TestCategory>
      <Execution id="0549fa6f-1fbe-4ccb-914b-790dc0f26a15" />
      <TestMethod codeBase="D:\actions-runner\_work\XPCO\XPCO\AllSolutions\..\MIP\PlatformPlugin\VideoOS.Platform\unittest\bin\Debug\net6.0-windows\VideoOS.Platform.Tests.dll" adapterTypeName="executor://mstestadapter/v2" className="VideoOS.Platform.Tests.Search.SearchCriteriaTest" name="RemoveFilterValue_OtherValuesPresent_Success" />
    </UnitTest>
    <UnitTest name="GetAgeFilterValue_FilterValueMissing_ReturnsEmptyCollection" storage="d:\actions-runner\_work\xpco\xpco\allsolutions\..\mip\platformplugin\videoos.platform\unittest\bin\debug\net6.0-windows\videoos.platform.tests.dll" id="a67e2ec6-c284-283e-f6bb-5df24e13d453">
      <TestCategory>
        <TestCategoryItem TestCategory="Search" />
      </TestCategory>
      <Execution id="c372cc78-19bd-465e-92e6-ecf64098d4bd" />
      <TestMethod codeBase="D:\actions-runner\_work\XPCO\XPCO\AllSolutions\..\MIP\PlatformPlugin\VideoOS.Platform\unittest\bin\Debug\net6.0-windows\VideoOS.Platform.Tests.dll" adapterTypeName="executor://mstestadapter/v2" className="VideoOS.Platform.Tests.Search.FilterCategories.PersonSearchFilterCategoryTest" name="GetAgeFilterValue_FilterValueMissing_ReturnsEmptyCollection" />
    </UnitTest>
    <UnitTest name="WriteXml_ShouldNotWriteAnElement_WhenTheValueIsNull" storage="d:\actions-runner\_work\xpco\xpco\allsolutions\..\mip\platformplugin\videoos.platform\unittest\bin\debug\net6.0-windows\videoos.platform.tests.dll" id="4ea99d78-cb91-34d0-2b2f-1a553700bba9">
      <Execution id="6004f6d8-d118-421b-85a9-630cdc9cecb4" />
      <TestMethod codeBase="D:\actions-runner\_work\XPCO\XPCO\AllSolutions\..\MIP\PlatformPlugin\VideoOS.Platform\unittest\bin\Debug\net6.0-windows\VideoOS.Platform.Tests.dll" adapterTypeName="executor://mstestadapter/v2" className="VideoOS.Platform.Tests.Metadata.NavigationalDataTests" name="WriteXml_ShouldNotWriteAnElement_WhenTheValueIsNull" />
    </UnitTest>
    <UnitTest name="CountByItems_Activated_Expired" storage="d:\actions-runner\_work\xpco\xpco\allsolutions\..\mip\platformplugin\videoos.platform\unittest\bin\debug\net6.0-windows\videoos.platform.tests.dll" id="e69a267a-e07a-22bf-4915-eae5a252f8b8">
      <Execution id="e88deb5d-4639-4b54-8eb1-7708b416e34c" />
      <TestMethod codeBase="D:\actions-runner\_work\XPCO\XPCO\AllSolutions\..\MIP\PlatformPlugin\VideoOS.Platform\unittest\bin\Debug\net6.0-windows\VideoOS.Platform.Tests.dll" adapterTypeName="executor://mstestadapter/v2" className="VideoOS.Platform.Tests.License.ResolvedLicenseCountTest" name="CountByItems_Activated_Expired" />
    </UnitTest>
    <UnitTest name="ReadyToCloseEvent_OkCommand_SingleSelect_Not_Thrown" storage="d:\actions-runner\_work\xpco\xpco\allsolutions\..\mip\platformplugin\videoos.platform\unittest\bin\debug\net6.0-windows\videoos.platform.tests.dll" id="aa5a6ee6-251d-45e9-7756-92ac3de9f3a4">
      <Execution id="95336643-d97b-41bf-80bc-27573d99b60e" />
      <TestMethod codeBase="D:\actions-runner\_work\XPCO\XPCO\AllSolutions\..\MIP\PlatformPlugin\VideoOS.Platform\unittest\bin\Debug\net6.0-windows\VideoOS.Platform.Tests.dll" adapterTypeName="executor://mstestadapter/v2" className="VideoOS.Platform.Tests.UI.ItemPicker.ItemPickerWindowViewModelTest" name="ReadyToCloseEvent_OkCommand_SingleSelect_Not_Thrown" />
    </UnitTest>
    <UnitTest name="Parse_Double_Invalid" storage="d:\actions-runner\_work\xpco\xpco\allsolutions\..\mip\platformplugin\videoos.platform\unittest\bin\debug\net6.0-windows\videoos.platform.tests.dll" id="b7c2c022-5605-11c2-db09-3429d396f98d">
      <Execution id="d56fcab8-dab9-462a-bb0a-01d5956ef4ec" />
      <TestMethod codeBase="D:\actions-runner\_work\XPCO\XPCO\AllSolutions\..\MIP\PlatformPlugin\VideoOS.Platform\unittest\bin\Debug\net6.0-windows\VideoOS.Platform.Tests.dll" adapterTypeName="executor://mstestadapter/v2" className="VideoOS.Platform.Tests.Proxy.RestApi.JsonReaderTests" name="Parse_Double_Invalid" />
    </UnitTest>
    <UnitTest name="ReadXml_ShouldReadMultipleObjects_WhenMultipleObjectsArePresent" storage="d:\actions-runner\_work\xpco\xpco\allsolutions\..\mip\platformplugin\videoos.platform\unittest\bin\debug\net6.0-windows\videoos.platform.tests.dll" id="af16c081-1118-4157-5e5a-823452565ccb">
      <Execution id="7f76478f-93f6-4462-9cf4-5c0707793de4" />
      <TestMethod codeBase="D:\actions-runner\_work\XPCO\XPCO\AllSolutions\..\MIP\PlatformPlugin\VideoOS.Platform\unittest\bin\Debug\net6.0-windows\VideoOS.Platform.Tests.dll" adapterTypeName="executor://mstestadapter/v2" className="VideoOS.Platform.Tests.Metadata.FrameTests" name="ReadXml_ShouldReadMultipleObjects_WhenMultipleObjectsArePresent" />
    </UnitTest>
    <UnitTest name="ProvideValue_ShouldNotApplyContentTemplate_WhenItemContentTemplatePropertyNameIsNotSet" storage="d:\actions-runner\_work\xpco\xpco\allsolutions\..\mip\platformplugin\videoos.platform\unittest\bin\debug\net6.0-windows\videoos.platform.tests.dll" id="629a124b-d106-9b5f-4810-e231979dd6e9">
      <TestCategory>
        <TestCategoryItem TestCategory="TabControls" />
      </TestCategory>
      <Execution id="6c178e5c-4e80-41d6-9fd6-77c3b2de47be" />
      <TestMethod codeBase="D:\actions-runner\_work\XPCO\XPCO\AllSolutions\..\MIP\PlatformPlugin\VideoOS.Platform\unittest\bin\Debug\net6.0-windows\VideoOS.Platform.Tests.dll" adapterTypeName="executor://mstestadapter/v2" className="VideoOS.Platform.Tests.UI.Controls.TabControls.Internal.Primary.ItemContentTemplateExtensionTest" name="ProvideValue_ShouldNotApplyContentTemplate_WhenItemContentTemplatePropertyNameIsNotSet" />
    </UnitTest>
    <UnitTest name="TestConstructor_NullException_Failure" storage="d:\actions-runner\_work\xpco\xpco\allsolutions\..\mip\platformplugin\videoos.platform\unittest\bin\debug\net6.0-windows\videoos.platform.tests.dll" id="af06fbb9-e295-bbc5-951e-25addabec280">
      <Execution id="392e2a83-d58b-4b3f-a7c9-0c8d9af391b5" />
      <TestMethod codeBase="D:\actions-runner\_work\XPCO\XPCO\AllSolutions\..\MIP\PlatformPlugin\VideoOS.Platform\unittest\bin\Debug\net6.0-windows\VideoOS.Platform.Tests.dll" adapterTypeName="executor://mstestadapter/v2" className="VideoOS.Platform.Tests.Search.Error.UnknownSearchErrorTest" name="TestConstructor_NullException_Failure" />
    </UnitTest>
    <UnitTest name="ReadXml_ShouldReadAppearance_WhenAppearanceIsPresent" storage="d:\actions-runner\_work\xpco\xpco\allsolutions\..\mip\platformplugin\videoos.platform\unittest\bin\debug\net6.0-windows\videoos.platform.tests.dll" id="2575271e-e34f-00c6-8d80-4ebf0bf67d06">
      <Execution id="531dbfa6-9add-468b-befb-b7f90549cda9" />
      <TestMethod codeBase="D:\actions-runner\_work\XPCO\XPCO\AllSolutions\..\MIP\PlatformPlugin\VideoOS.Platform\unittest\bin\Debug\net6.0-windows\VideoOS.Platform.Tests.dll" adapterTypeName="executor://mstestadapter/v2" className="VideoOS.Platform.Tests.Metadata.OnvifObjectTests" name="ReadXml_ShouldReadAppearance_WhenAppearanceIsPresent" />
    </UnitTest>
    <UnitTest name="CountByCounter_NotActivated_Expired" storage="d:\actions-runner\_work\xpco\xpco\allsolutions\..\mip\platformplugin\videoos.platform\unittest\bin\debug\net6.0-windows\videoos.platform.tests.dll" id="9e63be9d-2216-71c5-83e2-51bd84dc8a93">
      <Execution id="d34461d7-e764-4a8f-9d32-98dcd0f382bd" />
      <TestMethod codeBase="D:\actions-runner\_work\XPCO\XPCO\AllSolutions\..\MIP\PlatformPlugin\VideoOS.Platform\unittest\bin\Debug\net6.0-windows\VideoOS.Platform.Tests.dll" adapterTypeName="executor://mstestadapter/v2" className="VideoOS.Platform.Tests.License.ResolvedLicenseCountTest" name="CountByCounter_NotActivated_Expired" />
    </UnitTest>
    <UnitTest name="CreateSearchResultUserControl_SinglePluginMultipleSearchResultTypes_Success" storage="d:\actions-runner\_work\xpco\xpco\allsolutions\..\mip\platformplugin\videoos.platform\unittest\bin\debug\net6.0-windows\videoos.platform.tests.dll" id="146594a1-db48-d7ad-577b-cf76cd9c279b">
      <TestCategory>
        <TestCategoryItem TestCategory="Search" />
      </TestCategory>
      <Execution id="1255b8f3-b94d-4303-8a25-1fa6152488fe" />
      <TestMethod codeBase="D:\actions-runner\_work\XPCO\XPCO\AllSolutions\..\MIP\PlatformPlugin\VideoOS.Platform\unittest\bin\Debug\net6.0-windows\VideoOS.Platform.Tests.dll" adapterTypeName="executor://mstestadapter/v2" className="VideoOS.Platform.Tests.Search.SearchUserControlResolverTest" name="CreateSearchResultUserControl_SinglePluginMultipleSearchResultTypes_Success" />
    </UnitTest>
    <UnitTest name="SplitString_WhenEmptyOrSpaces1Level_EmptyArray" storage="d:\actions-runner\_work\xpco\xpco\allsolutions\..\mip\platformplugin\videoos.platform\unittest\bin\debug\net6.0-windows\videoos.platform.tests.dll" id="94b07cae-507e-90e4-fe2c-918d2724a7bc">
      <Execution id="cb23f4df-5e87-4630-9fb0-ee84673181f4" />
      <TestMethod codeBase="D:\actions-runner\_work\XPCO\XPCO\AllSolutions\..\MIP\PlatformPlugin\VideoOS.Platform\unittest\bin\Debug\net6.0-windows\VideoOS.Platform.Tests.dll" adapterTypeName="executor://mstestadapter/v2" className="VideoOS.Platform.Tests.Util.StringSplitterTests" name="SplitString_WhenEmptyOrSpaces1Level_EmptyArray" />
    </UnitTest>
    <UnitTest name="ReadXml_ShouldReadOnvifClassContents_WhenClassIsPresent" storage="d:\actions-runner\_work\xpco\xpco\allsolutions\..\mip\platformplugin\videoos.platform\unittest\bin\debug\net6.0-windows\videoos.platform.tests.dll" id="0d6a360b-80b2-0c9f-819e-6ddc1b403d2d">
      <Execution id="b2dfaf11-db2d-44ec-9480-32f4eff12e50" />
      <TestMethod codeBase="D:\actions-runner\_work\XPCO\XPCO\AllSolutions\..\MIP\PlatformPlugin\VideoOS.Platform\unittest\bin\Debug\net6.0-windows\VideoOS.Platform.Tests.dll" adapterTypeName="executor://mstestadapter/v2" className="VideoOS.Platform.Tests.Metadata.AppearanceTests" name="ReadXml_ShouldReadOnvifClassContents_WhenClassIsPresent" />
    </UnitTest>
    <UnitTest name="KindsFilter_TwoKinds_OnlyAllowedKindsShown" storage="d:\actions-runner\_work\xpco\xpco\allsolutions\..\mip\platformplugin\videoos.platform\unittest\bin\debug\net6.0-windows\videoos.platform.tests.dll" id="f7df628a-2d6d-0169-1e36-e1aabcaaa3c0">
      <Execution id="abe70b00-5ca0-4e74-bebd-c3e2f1f4c6d1" />
      <TestMethod codeBase="D:\actions-runner\_work\XPCO\XPCO\AllSolutions\..\MIP\PlatformPlugin\VideoOS.Platform\unittest\bin\Debug\net6.0-windows\VideoOS.Platform.Tests.dll" adapterTypeName="executor://mstestadapter/v2" className="VideoOS.Platform.Tests.UI.ItemPicker.PopulateThreadTest" name="KindsFilter_TwoKinds_OnlyAllowedKindsShown" />
    </UnitTest>
    <UnitTest name="TryParseArgbString_ShouldReturnFalse_WhenStringIsMissingStartHash" storage="d:\actions-runner\_work\xpco\xpco\allsolutions\..\mip\platformplugin\videoos.platform\unittest\bin\debug\net6.0-windows\videoos.platform.tests.dll" id="ebfe7877-f55a-fab7-3a7d-8cf9c4a15098">
      <Execution id="dbd1ca79-4816-4024-9453-d46e18c69b81" />
      <TestMethod codeBase="D:\actions-runner\_work\XPCO\XPCO\AllSolutions\..\MIP\PlatformPlugin\VideoOS.Platform\unittest\bin\Debug\net6.0-windows\VideoOS.Platform.Tests.dll" adapterTypeName="executor://mstestadapter/v2" className="VideoOS.Platform.Tests.Metadata.DisplayColorTests" name="TryParseArgbString_ShouldReturnFalse_WhenStringIsMissingStartHash" />
    </UnitTest>
    <UnitTest name="ToJson_ListElement_Exception" storage="d:\actions-runner\_work\xpco\xpco\allsolutions\..\mip\platformplugin\videoos.platform\unittest\bin\debug\net6.0-windows\videoos.platform.tests.dll" id="e52da296-c08b-e9c0-0216-381a1c8bbd9e">
      <Execution id="676a5a1e-c719-4049-b8f2-b85fcf5352cf" />
      <TestMethod codeBase="D:\actions-runner\_work\XPCO\XPCO\AllSolutions\..\MIP\PlatformPlugin\VideoOS.Platform\unittest\bin\Debug\net6.0-windows\VideoOS.Platform.Tests.dll" adapterTypeName="executor://mstestadapter/v2" className="VideoOS.Platform.Tests.Proxy.RestApi.JsonReaderTests" name="ToJson_ListElement_Exception" />
    </UnitTest>
    <UnitTest name="GetParent_IsNull" storage="d:\actions-runner\_work\xpco\xpco\allsolutions\..\mip\platformplugin\videoos.platform\unittest\bin\debug\net6.0-windows\videoos.platform.tests.dll" id="2516f5ca-d06b-43f0-8619-b53bdf03ad3b">
      <Execution id="581ad73b-1b66-4bb7-b997-16afe61a2b2b" />
      <TestMethod codeBase="D:\actions-runner\_work\XPCO\XPCO\AllSolutions\..\MIP\PlatformPlugin\VideoOS.Platform\unittest\bin\Debug\net6.0-windows\VideoOS.Platform.Tests.dll" adapterTypeName="executor://mstestadapter/v2" className="VideoOS.Platform.Tests.FQIDtests" name="GetParent_IsNull" />
    </UnitTest>
    <UnitTest name="WriteXml_ShouldWriteOnvifClassContents_WhenClassIsNotNull" storage="d:\actions-runner\_work\xpco\xpco\allsolutions\..\mip\platformplugin\videoos.platform\unittest\bin\debug\net6.0-windows\videoos.platform.tests.dll" id="c475df53-8f1e-79fe-20e9-fd298525b9b9">
      <Execution id="ba1ae68d-cfb1-4f5f-a2a4-1364d97a6471" />
      <TestMethod codeBase="D:\actions-runner\_work\XPCO\XPCO\AllSolutions\..\MIP\PlatformPlugin\VideoOS.Platform\unittest\bin\Debug\net6.0-windows\VideoOS.Platform.Tests.dll" adapterTypeName="executor://mstestadapter/v2" className="VideoOS.Platform.Tests.Metadata.AppearanceTests" name="WriteXml_ShouldWriteOnvifClassContents_WhenClassIsNotNull" />
    </UnitTest>
    <UnitTest name="ToString_WithoutType" storage="d:\actions-runner\_work\xpco\xpco\allsolutions\..\mip\platformplugin\videoos.platform\unittest\bin\debug\net6.0-windows\videoos.platform.tests.dll" id="461331e3-222f-9745-91e1-804c09883ed3">
      <Execution id="d9eca897-dfef-4f04-a009-fb422e79a9d4" />
      <TestMethod codeBase="D:\actions-runner\_work\XPCO\XPCO\AllSolutions\..\MIP\PlatformPlugin\VideoOS.Platform\unittest\bin\Debug\net6.0-windows\VideoOS.Platform.Tests.dll" adapterTypeName="executor://mstestadapter/v2" className="VideoOS.Platform.Tests.Messaging.CommunicationIdFilterTests" name="ToString_WithoutType" />
    </UnitTest>
    <UnitTest name="Equals_Fail_OnObjectId" storage="d:\actions-runner\_work\xpco\xpco\allsolutions\..\mip\platformplugin\videoos.platform\unittest\bin\debug\net6.0-windows\videoos.platform.tests.dll" id="98f0d9fe-377f-6918-fb53-39e46ecb4f9d">
      <Execution id="59c57864-d56e-4034-83e9-3731d2211806" />
      <TestMethod codeBase="D:\actions-runner\_work\XPCO\XPCO\AllSolutions\..\MIP\PlatformPlugin\VideoOS.Platform\unittest\bin\Debug\net6.0-windows\VideoOS.Platform.Tests.dll" adapterTypeName="executor://mstestadapter/v2" className="VideoOS.Platform.Tests.FQIDtests" name="Equals_Fail_OnObjectId" />
    </UnitTest>
    <UnitTest name="MatchId_Fail_SingleMessage" storage="d:\actions-runner\_work\xpco\xpco\allsolutions\..\mip\platformplugin\videoos.platform\unittest\bin\debug\net6.0-windows\videoos.platform.tests.dll" id="e36409e3-019e-24ac-3359-9d7af3a2aada">
      <Execution id="98e66476-ed1d-4ba5-8370-4ff5d3d3bf25" />
      <TestMethod codeBase="D:\actions-runner\_work\XPCO\XPCO\AllSolutions\..\MIP\PlatformPlugin\VideoOS.Platform\unittest\bin\Debug\net6.0-windows\VideoOS.Platform.Tests.dll" adapterTypeName="executor://mstestadapter/v2" className="VideoOS.Platform.Tests.Messaging.CommunicationIdFilterTests" name="MatchId_Fail_SingleMessage" />
    </UnitTest>
    <UnitTest name="Serialize_ShouldNotIncludeOptionDecorations_WhenPropertyIsCollectionOfSimpleTypesAndNoPropertiesRequestedInPath" storage="d:\actions-runner\_work\xpco\xpco\allsolutions\..\mip\platformplugin\videoos.platform\unittest\bin\debug\net6.0-windows\videoos.platform.tests.dll" id="1e4e191e-63c7-1f37-201c-8fde2757768d">
      <Execution id="e7ab7375-c3a9-41db-8ecc-e5baa3ff8a58" />
      <TestMethod codeBase="D:\actions-runner\_work\XPCO\XPCO\AllSolutions\..\MIP\PlatformPlugin\VideoOS.Platform\unittest\bin\Debug\net6.0-windows\VideoOS.Platform.Tests.dll" adapterTypeName="executor://mstestadapter/v2" className="VideoOS.Platform.Tests.UI.Controls.Automation.Serialization.AutomationObjectSerializerTest" name="Serialize_ShouldNotIncludeOptionDecorations_WhenPropertyIsCollectionOfSimpleTypesAndNoPropertiesRequestedInPath" />
    </UnitTest>
    <UnitTest name="WriteXml_ShouldOmitBehaviourElement_WhenBehaviourIsNotNullAndWithoutBehaviour" storage="d:\actions-runner\_work\xpco\xpco\allsolutions\..\mip\platformplugin\videoos.platform\unittest\bin\debug\net6.0-windows\videoos.platform.tests.dll" id="9fe60fa0-7d32-eb9d-1e44-3be02241d2db">
      <Execution id="e100b093-2700-49fd-8550-d565babe279a" />
      <TestMethod codeBase="D:\actions-runner\_work\XPCO\XPCO\AllSolutions\..\MIP\PlatformPlugin\VideoOS.Platform\unittest\bin\Debug\net6.0-windows\VideoOS.Platform.Tests.dll" adapterTypeName="executor://mstestadapter/v2" className="VideoOS.Platform.Tests.Metadata.OnvifObjectTests" name="WriteXml_ShouldOmitBehaviourElement_WhenBehaviourIsNotNullAndWithoutBehaviour" />
    </UnitTest>
    <UnitTest name="Ctor_OneStandardFilter_Success" storage="d:\actions-runner\_work\xpco\xpco\allsolutions\..\mip\platformplugin\videoos.platform\unittest\bin\debug\net6.0-windows\videoos.platform.tests.dll" id="736d2983-eeff-1045-0cd2-2e53a996df06">
      <TestCategory>
        <TestCategoryItem TestCategory="Search" />
      </TestCategory>
      <Execution id="00de9494-b89e-4f85-b7b2-c82c1042e4a7" />
      <TestMethod codeBase="D:\actions-runner\_work\XPCO\XPCO\AllSolutions\..\MIP\PlatformPlugin\VideoOS.Platform\unittest\bin\Debug\net6.0-windows\VideoOS.Platform.Tests.dll" adapterTypeName="executor://mstestadapter/v2" className="VideoOS.Platform.Tests.Search.FilterCategories.VehicleSearchFilterCategoryTest" name="Ctor_OneStandardFilter_Success" />
    </UnitTest>
    <UnitTest name="Populate_SearchTextSet_ItemsFound_True" storage="d:\actions-runner\_work\xpco\xpco\allsolutions\..\mip\platformplugin\videoos.platform\unittest\bin\debug\net6.0-windows\videoos.platform.tests.dll" id="9c4c3d7f-1c8d-9061-b840-609563af8ef3">
      <Execution id="10006378-5447-4513-b9a9-30425276d3cb" />
      <TestMethod codeBase="D:\actions-runner\_work\XPCO\XPCO\AllSolutions\..\MIP\PlatformPlugin\VideoOS.Platform\unittest\bin\Debug\net6.0-windows\VideoOS.Platform.Tests.dll" adapterTypeName="executor://mstestadapter/v2" className="VideoOS.Platform.Tests.UI.ItemPicker.PopulateThreadTest" name="Populate_SearchTextSet_ItemsFound_True" />
    </UnitTest>
    <UnitTest name="Serialize_ToString" storage="d:\actions-runner\_work\xpco\xpco\allsolutions\..\mip\platformplugin\videoos.platform\unittest\bin\debug\net6.0-windows\videoos.platform.tests.dll" id="8a0529d6-a867-bdfa-4c0f-fc7fea5b6129">
      <Execution id="c4c40193-3de6-4fb8-9b30-33f991553323" />
      <TestMethod codeBase="D:\actions-runner\_work\XPCO\XPCO\AllSolutions\..\MIP\PlatformPlugin\VideoOS.Platform\unittest\bin\Debug\net6.0-windows\VideoOS.Platform.Tests.dll" adapterTypeName="executor://mstestadapter/v2" className="VideoOS.Platform.Tests.ItemTests" name="Serialize_ToString" />
    </UnitTest>
    <UnitTest name="Serialize_ShouldThrowException_WhenPropertyIsSimpleTypeButPathContainsChildren (StringNotNullProperty)" storage="d:\actions-runner\_work\xpco\xpco\allsolutions\..\mip\platformplugin\videoos.platform\unittest\bin\debug\net6.0-windows\videoos.platform.tests.dll" id="63370cbe-9101-bc97-61d6-4291bf11faab">
      <Execution id="5194a37c-a2b6-4033-a16a-a41dd3b8447f" />
      <TestMethod codeBase="D:\actions-runner\_work\XPCO\XPCO\AllSolutions\..\MIP\PlatformPlugin\VideoOS.Platform\unittest\bin\Debug\net6.0-windows\VideoOS.Platform.Tests.dll" adapterTypeName="executor://mstestadapter/v2" className="VideoOS.Platform.Tests.UI.Controls.Automation.Serialization.AutomationObjectSerializerTest" name="Serialize_ShouldThrowException_WhenPropertyIsSimpleTypeButPathContainsChildren" />
    </UnitTest>
    <UnitTest name="Serialize_TestCases (TestParentTypeMatchGenericNotThisTypeNotMatchedProperty)" storage="d:\actions-runner\_work\xpco\xpco\allsolutions\..\mip\platformplugin\videoos.platform\unittest\bin\debug\net6.0-windows\videoos.platform.tests.dll" id="666142b8-78c0-45b9-dbb6-d91affaa8f8f">
      <Execution id="bd8fb7f2-ec18-4c9b-87b0-0f7f3db0da87" />
      <TestMethod codeBase="D:\actions-runner\_work\XPCO\XPCO\AllSolutions\..\MIP\PlatformPlugin\VideoOS.Platform\unittest\bin\Debug\net6.0-windows\VideoOS.Platform.Tests.dll" adapterTypeName="executor://mstestadapter/v2" className="VideoOS.Platform.Tests.UI.Controls.Automation.Serialization.AutomationObjectSerializerTest" name="Serialize_TestCases" />
    </UnitTest>
    <UnitTest name="ReadXml_ShouldReadTopAttribute_WhenPresent" storage="d:\actions-runner\_work\xpco\xpco\allsolutions\..\mip\platformplugin\videoos.platform\unittest\bin\debug\net6.0-windows\videoos.platform.tests.dll" id="c2c45a93-efa1-bb0e-351a-c58499dc22c7">
      <Execution id="032e7d41-5b3e-4ad3-b05a-6312d29b4eab" />
      <TestMethod codeBase="D:\actions-runner\_work\XPCO\XPCO\AllSolutions\..\MIP\PlatformPlugin\VideoOS.Platform\unittest\bin\Debug\net6.0-windows\VideoOS.Platform.Tests.dll" adapterTypeName="executor://mstestadapter/v2" className="VideoOS.Platform.Tests.Metadata.RectangleTests" name="ReadXml_ShouldReadTopAttribute_WhenPresent" />
    </UnitTest>
    <UnitTest name="ReadAppearanceExtensionXml_ShouldNotSetBoundingBoxLineColor_WhenBoundingBoxLineColorIsNotPresent" storage="d:\actions-runner\_work\xpco\xpco\allsolutions\..\mip\platformplugin\videoos.platform\unittest\bin\debug\net6.0-windows\videoos.platform.tests.dll" id="052237df-54d9-31a7-0ab1-08aaf1d51da7">
      <Execution id="7426bc7a-8b7c-41fa-92f8-b361eaf85e7b" />
      <TestMethod codeBase="D:\actions-runner\_work\XPCO\XPCO\AllSolutions\..\MIP\PlatformPlugin\VideoOS.Platform\unittest\bin\Debug\net6.0-windows\VideoOS.Platform.Tests.dll" adapterTypeName="executor://mstestadapter/v2" className="VideoOS.Platform.Tests.Metadata.RectangleTests" name="ReadAppearanceExtensionXml_ShouldNotSetBoundingBoxLineColor_WhenBoundingBoxLineColorIsNotPresent" />
    </UnitTest>
    <UnitTest name="CreateAlarmFromEvent_ShouldReturnProperAlarm_WhenArgumentIsAnalyticsEvent" storage="d:\actions-runner\_work\xpco\xpco\allsolutions\..\mip\platformplugin\videoos.platform\unittest\bin\debug\net6.0-windows\videoos.platform.tests.dll" id="e58ef73c-b84c-961f-61e3-72952cd8cb8c">
      <Execution id="72863e89-4cac-4e10-bc16-97edc895ccba" />
      <TestMethod codeBase="D:\actions-runner\_work\XPCO\XPCO\AllSolutions\..\MIP\PlatformPlugin\VideoOS.Platform\unittest\bin\Debug\net6.0-windows\VideoOS.Platform.Tests.dll" adapterTypeName="executor://mstestadapter/v2" className="VideoOS.Platform.Tests.Util.AlarmBuilderTests" name="CreateAlarmFromEvent_ShouldReturnProperAlarm_WhenArgumentIsAnalyticsEvent" />
    </UnitTest>
    <UnitTest name="Get_Element_Invalid" storage="d:\actions-runner\_work\xpco\xpco\allsolutions\..\mip\platformplugin\videoos.platform\unittest\bin\debug\net6.0-windows\videoos.platform.tests.dll" id="5a26cd62-bdfd-afb4-b17e-eb94ffbff81b">
      <Execution id="cddc2df8-9468-4365-85f3-dd91a69d0519" />
      <TestMethod codeBase="D:\actions-runner\_work\XPCO\XPCO\AllSolutions\..\MIP\PlatformPlugin\VideoOS.Platform\unittest\bin\Debug\net6.0-windows\VideoOS.Platform.Tests.dll" adapterTypeName="executor://mstestadapter/v2" className="VideoOS.Platform.Tests.Proxy.RestApi.JsonReaderTests" name="Get_Element_Invalid" />
    </UnitTest>
    <UnitTest name="RegistrationsObjectId_ShouldBeTheSameAsReleasedBeforeNonFips" storage="d:\actions-runner\_work\xpco\xpco\allsolutions\..\mip\platformplugin\videoos.platform\unittest\bin\debug\net6.0-windows\videoos.platform.tests.dll" id="44436d34-8c47-a19f-150a-24d114c511ac">
      <Execution id="8aa96504-1dd7-4d1a-b63f-aa98f9defed2" />
      <TestMethod codeBase="D:\actions-runner\_work\XPCO\XPCO\AllSolutions\..\MIP\PlatformPlugin\VideoOS.Platform\unittest\bin\Debug\net6.0-windows\VideoOS.Platform.Tests.dll" adapterTypeName="executor://mstestadapter/v2" className="VideoOS.Platform.Tests.License.NonFipsLicenseCompatibilityHandlerTests" name="RegistrationsObjectId_ShouldBeTheSameAsReleasedBeforeNonFips" />
    </UnitTest>
    <UnitTest name="Equals_ShouldHaveValueSemantics_WhenAlways" storage="d:\actions-runner\_work\xpco\xpco\allsolutions\..\mip\platformplugin\videoos.platform\unittest\bin\debug\net6.0-windows\videoos.platform.tests.dll" id="b95a0169-81da-1ad7-baaf-9682207c1cd6">
      <Execution id="2a368a6a-3fe9-4b16-82af-51031945bb57" />
      <TestMethod codeBase="D:\actions-runner\_work\XPCO\XPCO\AllSolutions\..\MIP\PlatformPlugin\VideoOS.Platform\unittest\bin\Debug\net6.0-windows\VideoOS.Platform.Tests.dll" adapterTypeName="executor://mstestadapter/v2" className="VideoOS.Platform.Tests.Metadata.OnvifObjectTests" name="Equals_ShouldHaveValueSemantics_WhenAlways" />
    </UnitTest>
    <UnitTest name="Match_Success_SystemTypeStartMatch" storage="d:\actions-runner\_work\xpco\xpco\allsolutions\..\mip\platformplugin\videoos.platform\unittest\bin\debug\net6.0-windows\videoos.platform.tests.dll" id="52280e61-dcba-6f9b-6016-eff366e7d098">
      <Execution id="43143844-f280-41e4-a471-7438d680c2cc" />
      <TestMethod codeBase="D:\actions-runner\_work\XPCO\XPCO\AllSolutions\..\MIP\PlatformPlugin\VideoOS.Platform\unittest\bin\Debug\net6.0-windows\VideoOS.Platform.Tests.dll" adapterTypeName="executor://mstestadapter/v2" className="VideoOS.Platform.Tests.Messaging.CommunicationIdFilterTests" name="Match_Success_SystemTypeStartMatch" />
    </UnitTest>
    <UnitTest name="Parse_Int_ValidEnd_NoWhiteSpace" storage="d:\actions-runner\_work\xpco\xpco\allsolutions\..\mip\platformplugin\videoos.platform\unittest\bin\debug\net6.0-windows\videoos.platform.tests.dll" id="3f36873b-eeee-f47e-801c-1028988ff18d">
      <Execution id="2dcebccc-fcd7-40d2-ae94-988bc7523885" />
      <TestMethod codeBase="D:\actions-runner\_work\XPCO\XPCO\AllSolutions\..\MIP\PlatformPlugin\VideoOS.Platform\unittest\bin\Debug\net6.0-windows\VideoOS.Platform.Tests.dll" adapterTypeName="executor://mstestadapter/v2" className="VideoOS.Platform.Tests.Proxy.RestApi.JsonReaderTests" name="Parse_Int_ValidEnd_NoWhiteSpace" />
    </UnitTest>
    <UnitTest name="Constructor_ShouldThrowArgumentNullException_WhenServerIdIsNull" storage="d:\actions-runner\_work\xpco\xpco\allsolutions\..\mip\platformplugin\videoos.platform\unittest\bin\debug\net6.0-windows\videoos.platform.tests.dll" id="7aa7a744-f3f3-dbab-b444-2d9793ae0544">
      <Execution id="fd9383cd-7b17-4450-a4a1-31322712b8a5" />
      <TestMethod codeBase="D:\actions-runner\_work\XPCO\XPCO\AllSolutions\..\MIP\PlatformPlugin\VideoOS.Platform\unittest\bin\Debug\net6.0-windows\VideoOS.Platform.Tests.dll" adapterTypeName="executor://mstestadapter/v2" className="VideoOS.Platform.Tests.Util.ConfigurationCacheTests" name="Constructor_ShouldThrowArgumentNullException_WhenServerIdIsNull" />
    </UnitTest>
    <UnitTest name="GetFilterValues_MultipleValuesAdded_ReturnsValues" storage="d:\actions-runner\_work\xpco\xpco\allsolutions\..\mip\platformplugin\videoos.platform\unittest\bin\debug\net6.0-windows\videoos.platform.tests.dll" id="bc7fb037-bc9e-3315-d38f-1aeba783be34">
      <TestCategory>
        <TestCategoryItem TestCategory="Search" />
      </TestCategory>
      <Execution id="d9e9b698-ee2f-48bc-9308-1339d0c7bc01" />
      <TestMethod codeBase="D:\actions-runner\_work\XPCO\XPCO\AllSolutions\..\MIP\PlatformPlugin\VideoOS.Platform\unittest\bin\Debug\net6.0-windows\VideoOS.Platform.Tests.dll" adapterTypeName="executor://mstestadapter/v2" className="VideoOS.Platform.Tests.Search.SearchCriteriaTest" name="GetFilterValues_MultipleValuesAdded_ReturnsValues" />
    </UnitTest>
    <UnitTest name="GetNextDateTime_ShouldReturnDataEntityFromCacheWithoutCallingToolkit_WhenDataIsPresentInCache" storage="d:\actions-runner\_work\xpco\xpco\allsolutions\..\mip\platformplugin\videoos.platform\unittest\bin\debug\net6.0-windows\videoos.platform.tests.dll" id="788d8b0c-681e-eeab-fb16-541a413b2444">
      <Execution id="3153467b-ce4c-4633-ae20-bb71fffa7f1c" />
      <TestMethod codeBase="D:\actions-runner\_work\XPCO\XPCO\AllSolutions\..\MIP\PlatformPlugin\VideoOS.Platform\unittest\bin\Debug\net6.0-windows\VideoOS.Platform.Tests.dll" adapterTypeName="executor://mstestadapter/v2" className="VideoOS.Platform.Tests.Data.MetadataPlaybackSourceTests" name="GetNextDateTime_ShouldReturnDataEntityFromCacheWithoutCallingToolkit_WhenDataIsPresentInCache" />
    </UnitTest>
    <UnitTest name="GetItems_ShouldReturnList_WhenAllAdded" storage="d:\actions-runner\_work\xpco\xpco\allsolutions\..\mip\platformplugin\videoos.platform\unittest\bin\debug\net6.0-windows\videoos.platform.tests.dll" id="4869fcc0-9c89-53f1-f0e6-6ac4c4ca00cc">
      <Execution id="31fca9dc-c40f-4efa-aaf9-a1365e5297e5" />
      <TestMethod codeBase="D:\actions-runner\_work\XPCO\XPCO\AllSolutions\..\MIP\PlatformPlugin\VideoOS.Platform\unittest\bin\Debug\net6.0-windows\VideoOS.Platform.Tests.dll" adapterTypeName="executor://mstestadapter/v2" className="VideoOS.Platform.Tests.Util.ConfigurationCacheTests" name="GetItems_ShouldReturnList_WhenAllAdded" />
    </UnitTest>
    <UnitTest name="Latitude_ShouldThrowArgumentOfRange_WhenValueIsOutsideAcceptedRange" storage="d:\actions-runner\_work\xpco\xpco\allsolutions\..\mip\platformplugin\videoos.platform\unittest\bin\debug\net6.0-windows\videoos.platform.tests.dll" id="68a34a15-d421-8568-e2a0-5ca548802bb9">
      <Execution id="ca2f13c9-deca-4416-9e53-7cc035c32428" />
      <TestMethod codeBase="D:\actions-runner\_work\XPCO\XPCO\AllSolutions\..\MIP\PlatformPlugin\VideoOS.Platform\unittest\bin\Debug\net6.0-windows\VideoOS.Platform.Tests.dll" adapterTypeName="executor://mstestadapter/v2" className="VideoOS.Platform.Tests.Metadata.NavigationalDataTests" name="Latitude_ShouldThrowArgumentOfRange_WhenValueIsOutsideAcceptedRange" />
    </UnitTest>
    <UnitTest name="Decrypt_ShouldThrowMIPException_WhenCalledOnFIPSEnabledMachine" storage="d:\actions-runner\_work\xpco\xpco\allsolutions\..\mip\platformplugin\videoos.platform\unittest\bin\debug\net6.0-windows\videoos.platform.tests.dll" id="781c6c8a-3177-25ba-5828-fb732829d7b1">
      <Execution id="d169dffa-bb1b-4da9-b7f8-a03eb78fe6fd" />
      <TestMethod codeBase="D:\actions-runner\_work\XPCO\XPCO\AllSolutions\..\MIP\PlatformPlugin\VideoOS.Platform\unittest\bin\Debug\net6.0-windows\VideoOS.Platform.Tests.dll" adapterTypeName="executor://mstestadapter/v2" className="VideoOS.Platform.Tests.License.NonFipsLicenseCompatibilityHandlerTests" name="Decrypt_ShouldThrowMIPException_WhenCalledOnFIPSEnabledMachine" />
    </UnitTest>
    <UnitTest name="Remove_ShouldInvokeCallback_WhenObservable" storage="d:\actions-runner\_work\xpco\xpco\allsolutions\..\mip\platformplugin\videoos.platform\unittest\bin\debug\net6.0-windows\videoos.platform.tests.dll" id="a357cf6c-ef79-7a61-f86c-3c3cf29677ef">
      <Execution id="8fd3251c-b623-4889-ae76-6f40bc460db3" />
      <TestMethod codeBase="D:\actions-runner\_work\XPCO\XPCO\AllSolutions\..\MIP\PlatformPlugin\VideoOS.Platform\unittest\bin\Debug\net6.0-windows\VideoOS.Platform.Tests.dll" adapterTypeName="executor://mstestadapter/v2" className="VideoOS.Platform.Tests.UI.Controls.CollectionHelperGenericTest" name="Remove_ShouldInvokeCallback_WhenObservable" />
    </UnitTest>
    <UnitTest name="EqualGuids_Fail_OnOtherNull" storage="d:\actions-runner\_work\xpco\xpco\allsolutions\..\mip\platformplugin\videoos.platform\unittest\bin\debug\net6.0-windows\videoos.platform.tests.dll" id="1ad3591a-ac8c-9e26-3467-6ee13c8cfd41">
      <Execution id="f28156ec-7953-4340-9682-88122cea3ae6" />
      <TestMethod codeBase="D:\actions-runner\_work\XPCO\XPCO\AllSolutions\..\MIP\PlatformPlugin\VideoOS.Platform\unittest\bin\Debug\net6.0-windows\VideoOS.Platform.Tests.dll" adapterTypeName="executor://mstestadapter/v2" className="VideoOS.Platform.Tests.FQIDtests" name="EqualGuids_Fail_OnOtherNull" />
    </UnitTest>
    <UnitTest name="IsValid_ShouldReturnFalse_WhenLikelihoodIsMoreThanOne" storage="d:\actions-runner\_work\xpco\xpco\allsolutions\..\mip\platformplugin\videoos.platform\unittest\bin\debug\net6.0-windows\videoos.platform.tests.dll" id="a153c326-c8c2-ed0c-505b-c62f56af9d14">
      <Execution id="868f6da1-2c0a-4005-aabf-9a168e1c16f1" />
      <TestMethod codeBase="D:\actions-runner\_work\XPCO\XPCO\AllSolutions\..\MIP\PlatformPlugin\VideoOS.Platform\unittest\bin\Debug\net6.0-windows\VideoOS.Platform.Tests.dll" adapterTypeName="executor://mstestadapter/v2" className="VideoOS.Platform.Tests.Metadata.ClassCandidateTests" name="IsValid_ShouldReturnFalse_WhenLikelihoodIsMoreThanOne" />
    </UnitTest>
    <UnitTest name="SearchResultData_EndTimeWithPaddingUnset_ShouldReturnEndTime" storage="d:\actions-runner\_work\xpco\xpco\allsolutions\..\mip\platformplugin\videoos.platform\unittest\bin\debug\net6.0-windows\videoos.platform.tests.dll" id="cd7f7ed7-88a6-0fa2-919b-8f85deed3b1c">
      <TestCategory>
        <TestCategoryItem TestCategory="Search" />
      </TestCategory>
      <Execution id="7f5a4bce-491b-4014-b09a-970882636856" />
      <TestMethod codeBase="D:\actions-runner\_work\XPCO\XPCO\AllSolutions\..\MIP\PlatformPlugin\VideoOS.Platform\unittest\bin\Debug\net6.0-windows\VideoOS.Platform.Tests.dll" adapterTypeName="executor://mstestadapter/v2" className="VideoOS.Platform.Tests.Search.SearchResultDataTest" name="SearchResultData_EndTimeWithPaddingUnset_ShouldReturnEndTime" />
    </UnitTest>
    <UnitTest name="SearchResultData_BeginTime_Success" storage="d:\actions-runner\_work\xpco\xpco\allsolutions\..\mip\platformplugin\videoos.platform\unittest\bin\debug\net6.0-windows\videoos.platform.tests.dll" id="7e3dbd79-3540-0180-3ab0-0107f747a8a4">
      <TestCategory>
        <TestCategoryItem TestCategory="Search" />
      </TestCategory>
      <Execution id="b1b5ade6-73cb-44e5-baa3-a3e6d9dddfce" />
      <TestMethod codeBase="D:\actions-runner\_work\XPCO\XPCO\AllSolutions\..\MIP\PlatformPlugin\VideoOS.Platform\unittest\bin\Debug\net6.0-windows\VideoOS.Platform.Tests.dll" adapterTypeName="executor://mstestadapter/v2" className="VideoOS.Platform.Tests.Search.SearchResultDataTest" name="SearchResultData_BeginTime_Success" />
    </UnitTest>
    <UnitTest name="ProvideValue_ShouldChangeContentTemplate_WhenItemContentTemplatePropertyNameIsSet" storage="d:\actions-runner\_work\xpco\xpco\allsolutions\..\mip\platformplugin\videoos.platform\unittest\bin\debug\net6.0-windows\videoos.platform.tests.dll" id="6d35c2c3-73b0-8587-396e-ba4ccb5d6691">
      <TestCategory>
        <TestCategoryItem TestCategory="TabControls" />
      </TestCategory>
      <Execution id="7ed2732c-517d-41f1-86f4-523cf48f5582" />
      <TestMethod codeBase="D:\actions-runner\_work\XPCO\XPCO\AllSolutions\..\MIP\PlatformPlugin\VideoOS.Platform\unittest\bin\Debug\net6.0-windows\VideoOS.Platform.Tests.dll" adapterTypeName="executor://mstestadapter/v2" className="VideoOS.Platform.Tests.UI.Controls.TabControls.Internal.Primary.ItemContentTemplateExtensionTest" name="ProvideValue_ShouldChangeContentTemplate_WhenItemContentTemplatePropertyNameIsSet" />
    </UnitTest>
    <UnitTest name="Serialize_TestCases (TestParentAllPrimitiveTypeMatchDoubleThisTypeMatched)" storage="d:\actions-runner\_work\xpco\xpco\allsolutions\..\mip\platformplugin\videoos.platform\unittest\bin\debug\net6.0-windows\videoos.platform.tests.dll" id="cd5d5b03-5245-1a1a-d06b-cf567b1e8b7a">
      <Execution id="e10d7779-7eae-4c61-b085-5089b3e86eda" />
      <TestMethod codeBase="D:\actions-runner\_work\XPCO\XPCO\AllSolutions\..\MIP\PlatformPlugin\VideoOS.Platform\unittest\bin\Debug\net6.0-windows\VideoOS.Platform.Tests.dll" adapterTypeName="executor://mstestadapter/v2" className="VideoOS.Platform.Tests.UI.Controls.Automation.Serialization.AutomationObjectSerializerTest" name="Serialize_TestCases" />
    </UnitTest>
    <UnitTest name="Apply_ShouldMultiplScaleYCoordinatesToToCenterYAndScaleXCoordinatesToCenterX_WhenScaleIsNotNull" storage="d:\actions-runner\_work\xpco\xpco\allsolutions\..\mip\platformplugin\videoos.platform\unittest\bin\debug\net6.0-windows\videoos.platform.tests.dll" id="21dd4ab4-8f48-2c5a-854c-4eb0b036ad99">
      <Execution id="984949e2-b2ae-448e-b98c-dd73d3c0520f" />
      <TestMethod codeBase="D:\actions-runner\_work\XPCO\XPCO\AllSolutions\..\MIP\PlatformPlugin\VideoOS.Platform\unittest\bin\Debug\net6.0-windows\VideoOS.Platform.Tests.dll" adapterTypeName="executor://mstestadapter/v2" className="VideoOS.Platform.Tests.Metadata.DisplayTextTests" name="Apply_ShouldMultiplScaleYCoordinatesToToCenterYAndScaleXCoordinatesToCenterX_WhenScaleIsNotNull" />
    </UnitTest>
    <UnitTest name="EqualGuids_Fail_OnObjectId" storage="d:\actions-runner\_work\xpco\xpco\allsolutions\..\mip\platformplugin\videoos.platform\unittest\bin\debug\net6.0-windows\videoos.platform.tests.dll" id="91cfec7e-ef42-5972-8313-05af41252d8d">
      <Execution id="266306a1-abcb-4e51-b921-e59098e501ca" />
      <TestMethod codeBase="D:\actions-runner\_work\XPCO\XPCO\AllSolutions\..\MIP\PlatformPlugin\VideoOS.Platform\unittest\bin\Debug\net6.0-windows\VideoOS.Platform.Tests.dll" adapterTypeName="executor://mstestadapter/v2" className="VideoOS.Platform.Tests.FQIDtests" name="EqualGuids_Fail_OnObjectId" />
    </UnitTest>
    <UnitTest name="Replace_ShouldInvokeCallback_WhenObservable" storage="d:\actions-runner\_work\xpco\xpco\allsolutions\..\mip\platformplugin\videoos.platform\unittest\bin\debug\net6.0-windows\videoos.platform.tests.dll" id="f1273a57-f352-81b3-3c22-3b2f4debaba3">
      <Execution id="019d0562-a2da-44db-a862-ce15e3c270dc" />
      <TestMethod codeBase="D:\actions-runner\_work\XPCO\XPCO\AllSolutions\..\MIP\PlatformPlugin\VideoOS.Platform\unittest\bin\Debug\net6.0-windows\VideoOS.Platform.Tests.dll" adapterTypeName="executor://mstestadapter/v2" className="VideoOS.Platform.Tests.UI.Controls.CollectionHelperTest" name="Replace_ShouldInvokeCallback_WhenObservable" />
    </UnitTest>
    <UnitTest name="IsValid_ShouldReturnFalse_WhenLikelihoodIsLessThanZero" storage="d:\actions-runner\_work\xpco\xpco\allsolutions\..\mip\platformplugin\videoos.platform\unittest\bin\debug\net6.0-windows\videoos.platform.tests.dll" id="3893bc09-628b-2605-fa37-7cfb280ed351">
      <Execution id="238de67f-907e-4a31-9ed9-9e7d1e061c7d" />
      <TestMethod codeBase="D:\actions-runner\_work\XPCO\XPCO\AllSolutions\..\MIP\PlatformPlugin\VideoOS.Platform\unittest\bin\Debug\net6.0-windows\VideoOS.Platform.Tests.dll" adapterTypeName="executor://mstestadapter/v2" className="VideoOS.Platform.Tests.Metadata.ClassCandidateTests" name="IsValid_ShouldReturnFalse_WhenLikelihoodIsLessThanZero" />
    </UnitTest>
    <UnitTest name="AllAttributesWerePresent_ShouldReturnFalse_WhenBottomAttributeIsMissing" storage="d:\actions-runner\_work\xpco\xpco\allsolutions\..\mip\platformplugin\videoos.platform\unittest\bin\debug\net6.0-windows\videoos.platform.tests.dll" id="4659fd71-0ee0-a506-0553-a81ccc9c9c0b">
      <Execution id="cbc04eda-fd78-497b-98c5-f9aae95fd853" />
      <TestMethod codeBase="D:\actions-runner\_work\XPCO\XPCO\AllSolutions\..\MIP\PlatformPlugin\VideoOS.Platform\unittest\bin\Debug\net6.0-windows\VideoOS.Platform.Tests.dll" adapterTypeName="executor://mstestadapter/v2" className="VideoOS.Platform.Tests.Metadata.RectangleTests" name="AllAttributesWerePresent_ShouldReturnFalse_WhenBottomAttributeIsMissing" />
    </UnitTest>
    <UnitTest name="Convert_SingleArgumentConverter_ShouldReturnConvertedValue_WhenArgumentMatches" storage="d:\actions-runner\_work\xpco\xpco\allsolutions\..\mip\platformplugin\videoos.platform\unittest\bin\debug\net6.0-windows\videoos.platform.tests.dll" id="40f611b9-74bd-86c9-77cc-098126b9a943">
      <Execution id="279f274e-9d40-4a31-962a-a9b821067643" />
      <TestMethod codeBase="D:\actions-runner\_work\XPCO\XPCO\AllSolutions\..\MIP\PlatformPlugin\VideoOS.Platform\unittest\bin\Debug\net6.0-windows\VideoOS.Platform.Tests.dll" adapterTypeName="executor://mstestadapter/v2" className="VideoOS.Platform.Tests.UI.Converters.LambdaConverterTest" name="Convert_SingleArgumentConverter_ShouldReturnConvertedValue_WhenArgumentMatches" />
    </UnitTest>
    <UnitTest name="ProvideValue_ShouldUseCompleteDataContextAsContent_WhenItemDataPropertyNameIsNotSet" storage="d:\actions-runner\_work\xpco\xpco\allsolutions\..\mip\platformplugin\videoos.platform\unittest\bin\debug\net6.0-windows\videoos.platform.tests.dll" id="39e900e7-994b-131a-bce2-a45a9207a809">
      <TestCategory>
        <TestCategoryItem TestCategory="TabControls" />
      </TestCategory>
      <Execution id="69bfda46-1bf6-466c-b1d5-3eb20e39d48b" />
      <TestMethod codeBase="D:\actions-runner\_work\XPCO\XPCO\AllSolutions\..\MIP\PlatformPlugin\VideoOS.Platform\unittest\bin\Debug\net6.0-windows\VideoOS.Platform.Tests.dll" adapterTypeName="executor://mstestadapter/v2" className="VideoOS.Platform.Tests.UI.Controls.TabControls.Internal.Primary.ItemContentExtensionTest" name="ProvideValue_ShouldUseCompleteDataContextAsContent_WhenItemDataPropertyNameIsNotSet" />
    </UnitTest>
    <UnitTest name="ReadXml_ShouldLogWarning_WhenRequiredAttributeIsMissing" storage="d:\actions-runner\_work\xpco\xpco\allsolutions\..\mip\platformplugin\videoos.platform\unittest\bin\debug\net6.0-windows\videoos.platform.tests.dll" id="a53b6d0c-a89a-620c-77ca-f9530854f6a0">
      <Execution id="755a2cfe-e499-4b70-bbca-44656183fc83" />
      <TestMethod codeBase="D:\actions-runner\_work\XPCO\XPCO\AllSolutions\..\MIP\PlatformPlugin\VideoOS.Platform\unittest\bin\Debug\net6.0-windows\VideoOS.Platform.Tests.dll" adapterTypeName="executor://mstestadapter/v2" className="VideoOS.Platform.Tests.Metadata.FrameTests" name="ReadXml_ShouldLogWarning_WhenRequiredAttributeIsMissing" />
    </UnitTest>
    <UnitTest name="TestSearchFilterCategories_WithANullAgent_Success" storage="d:\actions-runner\_work\xpco\xpco\allsolutions\..\mip\platformplugin\videoos.platform\unittest\bin\debug\net6.0-windows\videoos.platform.tests.dll" id="305837e1-d44c-5663-004e-044ac561be36">
      <TestCategory>
        <TestCategoryItem TestCategory="Search" />
      </TestCategory>
      <Execution id="f242ac87-9355-4025-8522-19e8889e64b7" />
      <TestMethod codeBase="D:\actions-runner\_work\XPCO\XPCO\AllSolutions\..\MIP\PlatformPlugin\VideoOS.Platform\unittest\bin\Debug\net6.0-windows\VideoOS.Platform.Tests.dll" adapterTypeName="executor://mstestadapter/v2" className="VideoOS.Platform.Tests.Search.SearchManagerTest" name="TestSearchFilterCategories_WithANullAgent_Success" />
    </UnitTest>
    <UnitTest name="WriteXml_ShouldWriteItalicAttribute_WhenSet" storage="d:\actions-runner\_work\xpco\xpco\allsolutions\..\mip\platformplugin\videoos.platform\unittest\bin\debug\net6.0-windows\videoos.platform.tests.dll" id="c3a53dbd-9899-8fac-d500-c2b7239c74d4">
      <Execution id="f0b118c8-875b-4678-b2f4-731d45d30ff2" />
      <TestMethod codeBase="D:\actions-runner\_work\XPCO\XPCO\AllSolutions\..\MIP\PlatformPlugin\VideoOS.Platform\unittest\bin\Debug\net6.0-windows\VideoOS.Platform.Tests.dll" adapterTypeName="executor://mstestadapter/v2" className="VideoOS.Platform.Tests.Metadata.DisplayTextTests" name="WriteXml_ShouldWriteItalicAttribute_WhenSet" />
    </UnitTest>
    <UnitTest name="Equals_Fail_OnOtherNull" storage="d:\actions-runner\_work\xpco\xpco\allsolutions\..\mip\platformplugin\videoos.platform\unittest\bin\debug\net6.0-windows\videoos.platform.tests.dll" id="ab1a8e45-8e17-ad94-af47-713e91eff11b">
      <Execution id="a6ecb883-f33f-4a3c-be72-6558ffc85fde" />
      <TestMethod codeBase="D:\actions-runner\_work\XPCO\XPCO\AllSolutions\..\MIP\PlatformPlugin\VideoOS.Platform\unittest\bin\Debug\net6.0-windows\VideoOS.Platform.Tests.dll" adapterTypeName="executor://mstestadapter/v2" className="VideoOS.Platform.Tests.FQIDtests" name="Equals_Fail_OnOtherNull" />
    </UnitTest>
    <UnitTest name="TestCancelSearch_NoSearchToCancel_Success" storage="d:\actions-runner\_work\xpco\xpco\allsolutions\..\mip\platformplugin\videoos.platform\unittest\bin\debug\net6.0-windows\videoos.platform.tests.dll" id="04c35346-28ec-f782-fc3a-52a05938a62a">
      <TestCategory>
        <TestCategoryItem TestCategory="Search" />
      </TestCategory>
      <Execution id="582b315a-dc3d-4eb2-9316-a3d42c8ad1d3" />
      <TestMethod codeBase="D:\actions-runner\_work\XPCO\XPCO\AllSolutions\..\MIP\PlatformPlugin\VideoOS.Platform\unittest\bin\Debug\net6.0-windows\VideoOS.Platform.Tests.dll" adapterTypeName="executor://mstestadapter/v2" className="VideoOS.Platform.Tests.Search.SearchManagerTest" name="TestCancelSearch_NoSearchToCancel_Success" />
    </UnitTest>
    <UnitTest name="MatchId_Success_MessageWithAsteriskAtEnd_NoEnding" storage="d:\actions-runner\_work\xpco\xpco\allsolutions\..\mip\platformplugin\videoos.platform\unittest\bin\debug\net6.0-windows\videoos.platform.tests.dll" id="e6ba39e7-b277-ade5-953f-680493847818">
      <Execution id="3da683b5-8fac-4526-9b3d-6214e4770ac6" />
      <TestMethod codeBase="D:\actions-runner\_work\XPCO\XPCO\AllSolutions\..\MIP\PlatformPlugin\VideoOS.Platform\unittest\bin\Debug\net6.0-windows\VideoOS.Platform.Tests.dll" adapterTypeName="executor://mstestadapter/v2" className="VideoOS.Platform.Tests.Messaging.CommunicationIdFilterTests" name="MatchId_Success_MessageWithAsteriskAtEnd_NoEnding" />
    </UnitTest>
    <UnitTest name="CountByCounter_Activated_Missing" storage="d:\actions-runner\_work\xpco\xpco\allsolutions\..\mip\platformplugin\videoos.platform\unittest\bin\debug\net6.0-windows\videoos.platform.tests.dll" id="d4b18369-f511-b320-afac-a383c554d179">
      <Execution id="949650b6-6c6f-4e9c-940e-ee8f15dd3cc1" />
      <TestMethod codeBase="D:\actions-runner\_work\XPCO\XPCO\AllSolutions\..\MIP\PlatformPlugin\VideoOS.Platform\unittest\bin\Debug\net6.0-windows\VideoOS.Platform.Tests.dll" adapterTypeName="executor://mstestadapter/v2" className="VideoOS.Platform.Tests.License.ResolvedLicenseCountTest" name="CountByCounter_Activated_Missing" />
    </UnitTest>
    <UnitTest name="TestMultiLevelQueue_ThreeLevels_Success" storage="d:\actions-runner\_work\xpco\xpco\allsolutions\..\mip\platformplugin\videoos.platform\unittest\bin\debug\net6.0-windows\videoos.platform.tests.dll" id="3fc54712-5186-4bec-f033-21016fea98fa">
      <Execution id="ff58e1ef-2609-4c9e-b396-ce3a7f536a2a" />
      <TestMethod codeBase="D:\actions-runner\_work\XPCO\XPCO\AllSolutions\..\MIP\PlatformPlugin\VideoOS.Platform\unittest\bin\Debug\net6.0-windows\VideoOS.Platform.Tests.dll" adapterTypeName="executor://mstestadapter/v2" className="VideoOS.Platform.Tests.Util.Queue.MultiLevelResourceQueueTests" name="TestMultiLevelQueue_ThreeLevels_Success" />
    </UnitTest>
    <UnitTest name="EqualGuids_Fail_OnServerIdNull" storage="d:\actions-runner\_work\xpco\xpco\allsolutions\..\mip\platformplugin\videoos.platform\unittest\bin\debug\net6.0-windows\videoos.platform.tests.dll" id="f33839d1-0a95-c027-0a9d-468e94c3e8f8">
      <Execution id="81347db6-dffe-408e-8e8d-313f28b97dbc" />
      <TestMethod codeBase="D:\actions-runner\_work\XPCO\XPCO\AllSolutions\..\MIP\PlatformPlugin\VideoOS.Platform\unittest\bin\Debug\net6.0-windows\VideoOS.Platform.Tests.dll" adapterTypeName="executor://mstestadapter/v2" className="VideoOS.Platform.Tests.FQIDtests" name="EqualGuids_Fail_OnServerIdNull" />
    </UnitTest>
    <UnitTest name="AddFilterValue_ExistingValue_FirstValue_Success" storage="d:\actions-runner\_work\xpco\xpco\allsolutions\..\mip\platformplugin\videoos.platform\unittest\bin\debug\net6.0-windows\videoos.platform.tests.dll" id="c412921c-a830-d00a-e2a6-2eda860b9055">
      <TestCategory>
        <TestCategoryItem TestCategory="Search" />
      </TestCategory>
      <Execution id="843f3eeb-4d2f-48b9-acb0-d3d821ac7a46" />
      <TestMethod codeBase="D:\actions-runner\_work\XPCO\XPCO\AllSolutions\..\MIP\PlatformPlugin\VideoOS.Platform\unittest\bin\Debug\net6.0-windows\VideoOS.Platform.Tests.dll" adapterTypeName="executor://mstestadapter/v2" className="VideoOS.Platform.Tests.Search.SearchCriteriaTest" name="AddFilterValue_ExistingValue_FirstValue_Success" />
    </UnitTest>
    <UnitTest name="Add_ShouldReplaceLastElement_WhenStartTimeOfLastIsSameAsAdded" storage="d:\actions-runner\_work\xpco\xpco\allsolutions\..\mip\platformplugin\videoos.platform\unittest\bin\debug\net6.0-windows\videoos.platform.tests.dll" id="c3bd77bb-39a3-4c51-ccee-0dc4af1425a6">
      <Execution id="95f6012b-900a-4d5f-8791-f20d03cbb0a6" />
      <TestMethod codeBase="D:\actions-runner\_work\XPCO\XPCO\AllSolutions\..\MIP\PlatformPlugin\VideoOS.Platform\unittest\bin\Debug\net6.0-windows\VideoOS.Platform.Tests.dll" adapterTypeName="executor://mstestadapter/v2" className="VideoOS.Platform.Tests.Client.SequenceCacheTests" name="Add_ShouldReplaceLastElement_WhenStartTimeOfLastIsSameAsAdded" />
    </UnitTest>
    <UnitTest name="ReadXml_ShouldReadSpeed_WhenSpeedIsPresent" storage="d:\actions-runner\_work\xpco\xpco\allsolutions\..\mip\platformplugin\videoos.platform\unittest\bin\debug\net6.0-windows\videoos.platform.tests.dll" id="c82ad357-66af-6f7d-49fa-5184f10411f5">
      <Execution id="ed3647ce-05e2-4ddc-bfc7-9ef914d7d971" />
      <TestMethod codeBase="D:\actions-runner\_work\XPCO\XPCO\AllSolutions\..\MIP\PlatformPlugin\VideoOS.Platform\unittest\bin\Debug\net6.0-windows\VideoOS.Platform.Tests.dll" adapterTypeName="executor://mstestadapter/v2" className="VideoOS.Platform.Tests.Metadata.NavigationalDataTests" name="ReadXml_ShouldReadSpeed_WhenSpeedIsPresent" />
    </UnitTest>
    <UnitTest name="Append_PropertyKey_Value_Parted" storage="d:\actions-runner\_work\xpco\xpco\allsolutions\..\mip\platformplugin\videoos.platform\unittest\bin\debug\net6.0-windows\videoos.platform.tests.dll" id="d1e0da8d-6305-778c-2487-62302266275e">
      <Execution id="08f04499-904e-40fb-a378-e6e37763b329" />
      <TestMethod codeBase="D:\actions-runner\_work\XPCO\XPCO\AllSolutions\..\MIP\PlatformPlugin\VideoOS.Platform\unittest\bin\Debug\net6.0-windows\VideoOS.Platform.Tests.dll" adapterTypeName="executor://mstestadapter/v2" className="VideoOS.Platform.Tests.Proxy.RestApi.JsonBuilderTests" name="Append_PropertyKey_Value_Parted" />
    </UnitTest>
    <UnitTest name="ParseMetadataXmlWithString_ShouldThrowXmlException_WhenXmlIsEmpty" storage="d:\actions-runner\_work\xpco\xpco\allsolutions\..\mip\platformplugin\videoos.platform\unittest\bin\debug\net6.0-windows\videoos.platform.tests.dll" id="b9540196-20ef-0b94-a46f-e6138983b660">
      <Execution id="c01e1d75-e92d-48cd-8da0-840dd7e3d1b2" />
      <TestMethod codeBase="D:\actions-runner\_work\XPCO\XPCO\AllSolutions\..\MIP\PlatformPlugin\VideoOS.Platform\unittest\bin\Debug\net6.0-windows\VideoOS.Platform.Tests.dll" adapterTypeName="executor://mstestadapter/v2" className="VideoOS.Platform.Tests.Metadata.MetadataDeserializerTests" name="ParseMetadataXmlWithString_ShouldThrowXmlException_WhenXmlIsEmpty" />
    </UnitTest>
    <UnitTest name="WriteXml_ShouldWriteShapeContents_WhenShapeIsNotNull" storage="d:\actions-runner\_work\xpco\xpco\allsolutions\..\mip\platformplugin\videoos.platform\unittest\bin\debug\net6.0-windows\videoos.platform.tests.dll" id="0f32b524-4844-b3fb-566a-4f1c520479bb">
      <Execution id="3c88bff4-9afa-4b28-ab81-bb4853f9d39f" />
      <TestMethod codeBase="D:\actions-runner\_work\XPCO\XPCO\AllSolutions\..\MIP\PlatformPlugin\VideoOS.Platform\unittest\bin\Debug\net6.0-windows\VideoOS.Platform.Tests.dll" adapterTypeName="executor://mstestadapter/v2" className="VideoOS.Platform.Tests.Metadata.AppearanceTests" name="WriteXml_ShouldWriteShapeContents_WhenShapeIsNotNull" />
    </UnitTest>
    <UnitTest name="GetBegin_ShouldThrowImplementationMipException_WhenSessionIsNotStarted" storage="d:\actions-runner\_work\xpco\xpco\allsolutions\..\mip\platformplugin\videoos.platform\unittest\bin\debug\net6.0-windows\videoos.platform.tests.dll" id="6683524a-bfa3-259f-b1e9-51fd36596515">
      <Execution id="4dd20a6a-49c4-4765-8f43-3c73e374ee4a" />
      <TestMethod codeBase="D:\actions-runner\_work\XPCO\XPCO\AllSolutions\..\MIP\PlatformPlugin\VideoOS.Platform\unittest\bin\Debug\net6.0-windows\VideoOS.Platform.Tests.dll" adapterTypeName="executor://mstestadapter/v2" className="VideoOS.Platform.Tests.Data.MetadataPlaybackSourceTests" name="GetBegin_ShouldThrowImplementationMipException_WhenSessionIsNotStarted" />
    </UnitTest>
    <UnitTest name="GenerateParameters_ShouldWriteNotSupportedForFirmware_WhenFirmwareIsNull" storage="d:\actions-runner\_work\xpco\xpco\allsolutions\..\mip\platformplugin\videoos.platform\unittest\bin\debug\net6.0-windows\videoos.platform.tests.dll" id="e3e33591-e2f2-c832-fee1-8688ba9ec456">
      <Execution id="2c185115-771b-48fb-8b0a-70f02ab9f8f1" />
      <TestMethod codeBase="D:\actions-runner\_work\XPCO\XPCO\AllSolutions\..\MIP\PlatformPlugin\VideoOS.Platform\unittest\bin\Debug\net6.0-windows\VideoOS.Platform.Tests.dll" adapterTypeName="executor://mstestadapter/v2" className="VideoOS.Platform.Tests.Data.HardwareDefinitionTests" name="GenerateParameters_ShouldWriteNotSupportedForFirmware_WhenFirmwareIsNull" />
    </UnitTest>
    <UnitTest name="Stop_ShouldReinitializeThrowsException_ProcessorSurvives" storage="d:\actions-runner\_work\xpco\xpco\allsolutions\..\mip\platformplugin\videoos.platform\unittest\bin\debug\net6.0-windows\videoos.platform.tests.dll" id="aa967bfa-3977-123e-a321-b0953779e966">
      <Execution id="8d6be487-9afc-464c-8cf1-920163ac3418" />
      <TestMethod codeBase="D:\actions-runner\_work\XPCO\XPCO\AllSolutions\..\MIP\PlatformPlugin\VideoOS.Platform\unittest\bin\Debug\net6.0-windows\VideoOS.Platform.Tests.dll" adapterTypeName="executor://mstestadapter/v2" className="VideoOS.Platform.Tests.Util.Queue.ResourceProcessorTests" name="Stop_ShouldReinitializeThrowsException_ProcessorSurvives" />
    </UnitTest>
    <UnitTest name="GetItems_ShouldReturnNull_WhenUnknownKind" storage="d:\actions-runner\_work\xpco\xpco\allsolutions\..\mip\platformplugin\videoos.platform\unittest\bin\debug\net6.0-windows\videoos.platform.tests.dll" id="cbd53ab9-3037-bcc9-1b3c-c2cf3018f4d2">
      <Execution id="79ca970e-30e3-4f62-a391-2658ee92e65e" />
      <TestMethod codeBase="D:\actions-runner\_work\XPCO\XPCO\AllSolutions\..\MIP\PlatformPlugin\VideoOS.Platform\unittest\bin\Debug\net6.0-windows\VideoOS.Platform.Tests.dll" adapterTypeName="executor://mstestadapter/v2" className="VideoOS.Platform.Tests.Util.ConfigurationCacheTests" name="GetItems_ShouldReturnNull_WhenUnknownKind" />
    </UnitTest>
    <UnitTest name="AllowGroupSelectionFalse_SingleSelect_NothingSelected" storage="d:\actions-runner\_work\xpco\xpco\allsolutions\..\mip\platformplugin\videoos.platform\unittest\bin\debug\net6.0-windows\videoos.platform.tests.dll" id="3b964bff-d25f-d812-9955-0682bf213291">
      <Execution id="1a51b025-cd93-4a76-aeb0-7629ac997aa0" />
      <TestMethod codeBase="D:\actions-runner\_work\XPCO\XPCO\AllSolutions\..\MIP\PlatformPlugin\VideoOS.Platform\unittest\bin\Debug\net6.0-windows\VideoOS.Platform.Tests.dll" adapterTypeName="executor://mstestadapter/v2" className="VideoOS.Platform.Tests.UI.ItemPicker.ItemPickerViewModelTest" name="AllowGroupSelectionFalse_SingleSelect_NothingSelected" />
    </UnitTest>
    <UnitTest name="Apply_ShouldAddTranslateYCoordinatesToTopAndBottomAndTranslateXCoordinatesToLeftAndRight_WhenTranslateIsNotNull" storage="d:\actions-runner\_work\xpco\xpco\allsolutions\..\mip\platformplugin\videoos.platform\unittest\bin\debug\net6.0-windows\videoos.platform.tests.dll" id="c812ed1c-00bd-8faa-1362-480338c7edf0">
      <Execution id="00645de2-40e2-4793-80cc-ae67df4944d6" />
      <TestMethod codeBase="D:\actions-runner\_work\XPCO\XPCO\AllSolutions\..\MIP\PlatformPlugin\VideoOS.Platform\unittest\bin\Debug\net6.0-windows\VideoOS.Platform.Tests.dll" adapterTypeName="executor://mstestadapter/v2" className="VideoOS.Platform.Tests.Metadata.RectangleTests" name="Apply_ShouldAddTranslateYCoordinatesToTopAndBottomAndTranslateXCoordinatesToLeftAndRight_WhenTranslateIsNotNull" />
    </UnitTest>
    <UnitTest name="ReadXml_ShouldLogWarning_WhenLikelihoodIsNotPresent" storage="d:\actions-runner\_work\xpco\xpco\allsolutions\..\mip\platformplugin\videoos.platform\unittest\bin\debug\net6.0-windows\videoos.platform.tests.dll" id="c3c83a0c-a46d-bf4c-a733-65c34582027c">
      <Execution id="5d922f30-1005-4bbb-961d-2596b769cdb4" />
      <TestMethod codeBase="D:\actions-runner\_work\XPCO\XPCO\AllSolutions\..\MIP\PlatformPlugin\VideoOS.Platform\unittest\bin\Debug\net6.0-windows\VideoOS.Platform.Tests.dll" adapterTypeName="executor://mstestadapter/v2" className="VideoOS.Platform.Tests.Metadata.ClassCandidateTests" name="ReadXml_ShouldLogWarning_WhenLikelihoodIsNotPresent" />
    </UnitTest>
    <UnitTest name="Serialize_TestCases (TestParentTypeMatchGenericThisTypeNotMatched)" storage="d:\actions-runner\_work\xpco\xpco\allsolutions\..\mip\platformplugin\videoos.platform\unittest\bin\debug\net6.0-windows\videoos.platform.tests.dll" id="bbfc981b-974c-44e2-e510-b6ce7e78458f">
      <Execution id="b5598779-e2c6-44be-b9df-f87b5fe665e3" />
      <TestMethod codeBase="D:\actions-runner\_work\XPCO\XPCO\AllSolutions\..\MIP\PlatformPlugin\VideoOS.Platform\unittest\bin\Debug\net6.0-windows\VideoOS.Platform.Tests.dll" adapterTypeName="executor://mstestadapter/v2" className="VideoOS.Platform.Tests.UI.Controls.Automation.Serialization.AutomationObjectSerializerTest" name="Serialize_TestCases" />
    </UnitTest>
    <UnitTest name="Serialize_TestCases (TestParentTypeMatchDecimalNotThisTypeMatched)" storage="d:\actions-runner\_work\xpco\xpco\allsolutions\..\mip\platformplugin\videoos.platform\unittest\bin\debug\net6.0-windows\videoos.platform.tests.dll" id="54ffe172-8cbc-abe9-397c-f61d23185047">
      <Execution id="14807696-17ea-4fcc-8e1b-3e9266cd59d8" />
      <TestMethod codeBase="D:\actions-runner\_work\XPCO\XPCO\AllSolutions\..\MIP\PlatformPlugin\VideoOS.Platform\unittest\bin\Debug\net6.0-windows\VideoOS.Platform.Tests.dll" adapterTypeName="executor://mstestadapter/v2" className="VideoOS.Platform.Tests.UI.Controls.Automation.Serialization.AutomationObjectSerializerTest" name="Serialize_TestCases" />
    </UnitTest>
    <UnitTest name="IsValid_ShouldReturnTrue_WhenTypeHasValueAndLikelihoodIsBetweenZeroAndOne" storage="d:\actions-runner\_work\xpco\xpco\allsolutions\..\mip\platformplugin\videoos.platform\unittest\bin\debug\net6.0-windows\videoos.platform.tests.dll" id="9551a8f2-f5be-a617-500a-980790ba8737">
      <Execution id="4ce58f2d-c1a8-407b-bb10-ab3cc52eb03e" />
      <TestMethod codeBase="D:\actions-runner\_work\XPCO\XPCO\AllSolutions\..\MIP\PlatformPlugin\VideoOS.Platform\unittest\bin\Debug\net6.0-windows\VideoOS.Platform.Tests.dll" adapterTypeName="executor://mstestadapter/v2" className="VideoOS.Platform.Tests.Metadata.ClassCandidateTests" name="IsValid_ShouldReturnTrue_WhenTypeHasValueAndLikelihoodIsBetweenZeroAndOne" />
    </UnitTest>
    <UnitTest name="EqualGuids_Fail_OnParentId" storage="d:\actions-runner\_work\xpco\xpco\allsolutions\..\mip\platformplugin\videoos.platform\unittest\bin\debug\net6.0-windows\videoos.platform.tests.dll" id="461181b2-b5d1-1d54-a990-5025bc85a37b">
      <Execution id="691af42c-82b0-45b0-ab5f-c42ed4ab2a5c" />
      <TestMethod codeBase="D:\actions-runner\_work\XPCO\XPCO\AllSolutions\..\MIP\PlatformPlugin\VideoOS.Platform\unittest\bin\Debug\net6.0-windows\VideoOS.Platform.Tests.dll" adapterTypeName="executor://mstestadapter/v2" className="VideoOS.Platform.Tests.FQIDtests" name="EqualGuids_Fail_OnParentId" />
    </UnitTest>
    <UnitTest name="AppendItemPicked_SingleSelect" storage="d:\actions-runner\_work\xpco\xpco\allsolutions\..\mip\platformplugin\videoos.platform\unittest\bin\debug\net6.0-windows\videoos.platform.tests.dll" id="0c1e1d3a-ed1f-c93a-037d-77d586b8b565">
      <Execution id="86bac37f-4578-4f07-9a87-92f16c036409" />
      <TestMethod codeBase="D:\actions-runner\_work\XPCO\XPCO\AllSolutions\..\MIP\PlatformPlugin\VideoOS.Platform\unittest\bin\Debug\net6.0-windows\VideoOS.Platform.Tests.dll" adapterTypeName="executor://mstestadapter/v2" className="VideoOS.Platform.Tests.UI.ItemPicker.ItemPickerViewModelTest" name="AppendItemPicked_SingleSelect" />
    </UnitTest>
    <UnitTest name="Serialize_TestCases (TestParentTypeMatchBoolThisTypeNotMatched)" storage="d:\actions-runner\_work\xpco\xpco\allsolutions\..\mip\platformplugin\videoos.platform\unittest\bin\debug\net6.0-windows\videoos.platform.tests.dll" id="1ebb5fbd-ca68-d89b-7ac9-6244b9608733">
      <Execution id="be7a4680-c008-45af-84fa-81b157a93bb2" />
      <TestMethod codeBase="D:\actions-runner\_work\XPCO\XPCO\AllSolutions\..\MIP\PlatformPlugin\VideoOS.Platform\unittest\bin\Debug\net6.0-windows\VideoOS.Platform.Tests.dll" adapterTypeName="executor://mstestadapter/v2" className="VideoOS.Platform.Tests.UI.Controls.Automation.Serialization.AutomationObjectSerializerTest" name="Serialize_TestCases" />
    </UnitTest>
    <UnitTest name="ReadXml_ShouldReadVersion_WhenVersionIsPresent" storage="d:\actions-runner\_work\xpco\xpco\allsolutions\..\mip\platformplugin\videoos.platform\unittest\bin\debug\net6.0-windows\videoos.platform.tests.dll" id="32528e28-da07-7f33-5050-a43afc1898ef">
      <Execution id="be35f68c-32e6-4ad0-bbad-7f95258ccd15" />
      <TestMethod codeBase="D:\actions-runner\_work\XPCO\XPCO\AllSolutions\..\MIP\PlatformPlugin\VideoOS.Platform\unittest\bin\Debug\net6.0-windows\VideoOS.Platform.Tests.dll" adapterTypeName="executor://mstestadapter/v2" className="VideoOS.Platform.Tests.Metadata.NavigationalDataTests" name="ReadXml_ShouldReadVersion_WhenVersionIsPresent" />
    </UnitTest>
    <UnitTest name="BuildShapeOverlayWidthHeightBaseEvent_ShouldReturnCorrectNumberOfShapes_WhenArgumentIsEventData" storage="d:\actions-runner\_work\xpco\xpco\allsolutions\..\mip\platformplugin\videoos.platform\unittest\bin\debug\net6.0-windows\videoos.platform.tests.dll" id="f06647ee-695a-1441-d113-3b9b8eb3748f">
      <Execution id="c31311a4-df02-4f33-88bd-32522e673bfb" />
      <TestMethod codeBase="D:\actions-runner\_work\XPCO\XPCO\AllSolutions\..\MIP\PlatformPlugin\VideoOS.Platform\unittest\bin\Debug\net6.0-windows\VideoOS.Platform.Tests.dll" adapterTypeName="executor://mstestadapter/v2" className="VideoOS.Platform.Tests.Util.AnalyticsOverlayBuilderTests" name="BuildShapeOverlayWidthHeightBaseEvent_ShouldReturnCorrectNumberOfShapes_WhenArgumentIsEventData" />
    </UnitTest>
    <UnitTest name="WriteXml_ShouldWriteFontFamiliyAttribute_WhenPresent" storage="d:\actions-runner\_work\xpco\xpco\allsolutions\..\mip\platformplugin\videoos.platform\unittest\bin\debug\net6.0-windows\videoos.platform.tests.dll" id="5d3b9f28-5b7f-774a-d114-babb2f2f6cd2">
      <Execution id="c61e8319-cdf7-44db-9450-44a190cc881d" />
      <TestMethod codeBase="D:\actions-runner\_work\XPCO\XPCO\AllSolutions\..\MIP\PlatformPlugin\VideoOS.Platform\unittest\bin\Debug\net6.0-windows\VideoOS.Platform.Tests.dll" adapterTypeName="executor://mstestadapter/v2" className="VideoOS.Platform.Tests.Metadata.DisplayTextTests" name="WriteXml_ShouldWriteFontFamiliyAttribute_WhenPresent" />
    </UnitTest>
    <UnitTest name="Match_Success_SystemType" storage="d:\actions-runner\_work\xpco\xpco\allsolutions\..\mip\platformplugin\videoos.platform\unittest\bin\debug\net6.0-windows\videoos.platform.tests.dll" id="16f93673-833f-5604-541b-fd1cb5d08ba8">
      <Execution id="fbdf14e7-66a4-4831-b526-8a2c9dda4980" />
      <TestMethod codeBase="D:\actions-runner\_work\XPCO\XPCO\AllSolutions\..\MIP\PlatformPlugin\VideoOS.Platform\unittest\bin\Debug\net6.0-windows\VideoOS.Platform.Tests.dll" adapterTypeName="executor://mstestadapter/v2" className="VideoOS.Platform.Tests.Messaging.CommunicationIdFilterTests" name="Match_Success_SystemType" />
    </UnitTest>
    <UnitTest name="IsValid_ShouldReturnFalse_WhenTypeIsEmpty" storage="d:\actions-runner\_work\xpco\xpco\allsolutions\..\mip\platformplugin\videoos.platform\unittest\bin\debug\net6.0-windows\videoos.platform.tests.dll" id="e8468c0c-a545-5d16-c11f-86ec8e232404">
      <Execution id="481c22c6-1986-4284-9707-93f026de73e5" />
      <TestMethod codeBase="D:\actions-runner\_work\XPCO\XPCO\AllSolutions\..\MIP\PlatformPlugin\VideoOS.Platform\unittest\bin\Debug\net6.0-windows\VideoOS.Platform.Tests.dll" adapterTypeName="executor://mstestadapter/v2" className="VideoOS.Platform.Tests.Metadata.ClassCandidateTests" name="IsValid_ShouldReturnFalse_WhenTypeIsEmpty" />
    </UnitTest>
    <UnitTest name="IsCriteriaAccepted_FolderSelected_False" storage="d:\actions-runner\_work\xpco\xpco\allsolutions\..\mip\platformplugin\videoos.platform\unittest\bin\debug\net6.0-windows\videoos.platform.tests.dll" id="dc972d0b-90fa-0c97-701a-24ab8f8aec17">
      <Execution id="d3083a34-9d14-4f15-bade-01316a8eb79e" />
      <TestMethod codeBase="D:\actions-runner\_work\XPCO\XPCO\AllSolutions\..\MIP\PlatformPlugin\VideoOS.Platform\unittest\bin\Debug\net6.0-windows\VideoOS.Platform.Tests.dll" adapterTypeName="executor://mstestadapter/v2" className="VideoOS.Platform.Tests.UI.ItemPicker.ItemPickerViewModelTest" name="IsCriteriaAccepted_FolderSelected_False" />
    </UnitTest>
    <UnitTest name="ReadXml_ShouldBase64DecodeOriginalData_WhenOrigiginalDataIsPresent" storage="d:\actions-runner\_work\xpco\xpco\allsolutions\..\mip\platformplugin\videoos.platform\unittest\bin\debug\net6.0-windows\videoos.platform.tests.dll" id="a44eceec-75ff-6298-f73e-523db73cd6d3">
      <Execution id="cdd0c3a8-850f-43ef-bac3-cdecad2bf52d" />
      <TestMethod codeBase="D:\actions-runner\_work\XPCO\XPCO\AllSolutions\..\MIP\PlatformPlugin\VideoOS.Platform\unittest\bin\Debug\net6.0-windows\VideoOS.Platform.Tests.dll" adapterTypeName="executor://mstestadapter/v2" className="VideoOS.Platform.Tests.Metadata.MetadataStreamTests" name="ReadXml_ShouldBase64DecodeOriginalData_WhenOrigiginalDataIsPresent" />
    </UnitTest>
    <UnitTest name="Add_CacheItemExpires_ItemRemovedFromCacheAfterExpirationAndPostRemovalActionExecuted" storage="d:\actions-runner\_work\xpco\xpco\allsolutions\..\mip\platformplugin\videoos.platform\unittest\bin\debug\net6.0-windows\videoos.platform.tests.dll" id="87624c9b-97b8-ed79-9d92-4a653ba64699">
      <Execution id="623201f4-e785-4795-8f71-9652fa6991b5" />
      <TestMethod codeBase="D:\actions-runner\_work\XPCO\XPCO\AllSolutions\..\MIP\PlatformPlugin\VideoOS.Platform\unittest\bin\Debug\net6.0-windows\VideoOS.Platform.Tests.dll" adapterTypeName="executor://mstestadapter/v2" className="VideoOS.Platform.Tests.Util.Queue.LRUCacheTests" name="Add_CacheItemExpires_ItemRemovedFromCacheAfterExpirationAndPostRemovalActionExecuted" />
    </UnitTest>
    <UnitTest name="SetCacheContents_HandleEmptyList" storage="d:\actions-runner\_work\xpco\xpco\allsolutions\..\mip\platformplugin\videoos.platform\unittest\bin\debug\net6.0-windows\videoos.platform.tests.dll" id="5a6e28a5-0456-0238-773c-6170fb1e4f85">
      <Execution id="74af4e14-1413-4539-b306-29448716b75a" />
      <TestMethod codeBase="D:\actions-runner\_work\XPCO\XPCO\AllSolutions\..\MIP\PlatformPlugin\VideoOS.Platform\unittest\bin\Debug\net6.0-windows\VideoOS.Platform.Tests.dll" adapterTypeName="executor://mstestadapter/v2" className="VideoOS.Platform.Tests.Data.MetadataCacheTests" name="SetCacheContents_HandleEmptyList" />
    </UnitTest>
    <UnitTest name="GenerateDeviceParameters_ShouldCallGenerateTypeDefinintionParametersWithCorrectPrefix_WhenThereAreTypeDefinitions" storage="d:\actions-runner\_work\xpco\xpco\allsolutions\..\mip\platformplugin\videoos.platform\unittest\bin\debug\net6.0-windows\videoos.platform.tests.dll" id="ebd03c2f-6c76-bcbc-d996-078d887dfa19">
      <Execution id="f6970a95-81c6-455c-813a-0b02ac069ab6" />
      <TestMethod codeBase="D:\actions-runner\_work\XPCO\XPCO\AllSolutions\..\MIP\PlatformPlugin\VideoOS.Platform\unittest\bin\Debug\net6.0-windows\VideoOS.Platform.Tests.dll" adapterTypeName="executor://mstestadapter/v2" className="VideoOS.Platform.Tests.Data.MetadataDeviceDefintionTests" name="GenerateDeviceParameters_ShouldCallGenerateTypeDefinintionParametersWithCorrectPrefix_WhenThereAreTypeDefinitions" />
    </UnitTest>
    <UnitTest name="ReadXml_ShouldReadVideoAnalysticsChildren_WhenMultipleChildrenIsPresent" storage="d:\actions-runner\_work\xpco\xpco\allsolutions\..\mip\platformplugin\videoos.platform\unittest\bin\debug\net6.0-windows\videoos.platform.tests.dll" id="58908065-853e-c4d9-3613-bc3198b1cc08">
      <Execution id="0a955575-24c1-4307-8494-139d81737b66" />
      <TestMethod codeBase="D:\actions-runner\_work\XPCO\XPCO\AllSolutions\..\MIP\PlatformPlugin\VideoOS.Platform\unittest\bin\Debug\net6.0-windows\VideoOS.Platform.Tests.dll" adapterTypeName="executor://mstestadapter/v2" className="VideoOS.Platform.Tests.Metadata.MetadataStreamTests" name="ReadXml_ShouldReadVideoAnalysticsChildren_WhenMultipleChildrenIsPresent" />
    </UnitTest>
    <UnitTest name="GetBoundingShapesAsync_SingleInvocation_DelegatedToInternalMethod" storage="d:\actions-runner\_work\xpco\xpco\allsolutions\..\mip\platformplugin\videoos.platform\unittest\bin\debug\net6.0-windows\videoos.platform.tests.dll" id="7b3048fa-a67c-dc66-afa0-4a605a32dbf4">
      <TestCategory>
        <TestCategoryItem TestCategory="Search" />
      </TestCategory>
      <Execution id="fbd74cde-a76b-4c0b-9f74-81246cf7b586" />
      <TestMethod codeBase="D:\actions-runner\_work\XPCO\XPCO\AllSolutions\..\MIP\PlatformPlugin\VideoOS.Platform\unittest\bin\Debug\net6.0-windows\VideoOS.Platform.Tests.dll" adapterTypeName="executor://mstestadapter/v2" className="VideoOS.Platform.Tests.Search.SearchResultDataTest" name="GetBoundingShapesAsync_SingleInvocation_DelegatedToInternalMethod" />
    </UnitTest>
    <UnitTest name="ConstructorRgb_ShouldReturnCorrectRgbValues_Always" storage="d:\actions-runner\_work\xpco\xpco\allsolutions\..\mip\platformplugin\videoos.platform\unittest\bin\debug\net6.0-windows\videoos.platform.tests.dll" id="a161a748-55e5-1a5b-e899-d06d498d802c">
      <Execution id="a42e2ab6-1749-4035-ae6c-a24e28304c1c" />
      <TestMethod codeBase="D:\actions-runner\_work\XPCO\XPCO\AllSolutions\..\MIP\PlatformPlugin\VideoOS.Platform\unittest\bin\Debug\net6.0-windows\VideoOS.Platform.Tests.dll" adapterTypeName="executor://mstestadapter/v2" className="VideoOS.Platform.Tests.Metadata.DisplayColorTests" name="ConstructorRgb_ShouldReturnCorrectRgbValues_Always" />
    </UnitTest>
    <UnitTest name="SearchResultData_WarningText_Success" storage="d:\actions-runner\_work\xpco\xpco\allsolutions\..\mip\platformplugin\videoos.platform\unittest\bin\debug\net6.0-windows\videoos.platform.tests.dll" id="22aaf792-b28c-0483-2284-13d7b20de4b8">
      <TestCategory>
        <TestCategoryItem TestCategory="Search" />
      </TestCategory>
      <Execution id="3e55e51e-be69-4616-91bf-8de69a75fcd4" />
      <TestMethod codeBase="D:\actions-runner\_work\XPCO\XPCO\AllSolutions\..\MIP\PlatformPlugin\VideoOS.Platform\unittest\bin\Debug\net6.0-windows\VideoOS.Platform.Tests.dll" adapterTypeName="executor://mstestadapter/v2" className="VideoOS.Platform.Tests.Search.SearchResultDataTest" name="SearchResultData_WarningText_Success" />
    </UnitTest>
    <UnitTest name="EqualGuids_Fail_OnServerIdId" storage="d:\actions-runner\_work\xpco\xpco\allsolutions\..\mip\platformplugin\videoos.platform\unittest\bin\debug\net6.0-windows\videoos.platform.tests.dll" id="b8b5d1da-4dc1-76f1-a2bd-31503c4d0668">
      <Execution id="5a1b1721-f508-4863-abe5-449202e72335" />
      <TestMethod codeBase="D:\actions-runner\_work\XPCO\XPCO\AllSolutions\..\MIP\PlatformPlugin\VideoOS.Platform\unittest\bin\Debug\net6.0-windows\VideoOS.Platform.Tests.dll" adapterTypeName="executor://mstestadapter/v2" className="VideoOS.Platform.Tests.FQIDtests" name="EqualGuids_Fail_OnServerIdId" />
    </UnitTest>
    <UnitTest name="TestCancelSearch_DefinitionNotRespectingCancellation_Success" storage="d:\actions-runner\_work\xpco\xpco\allsolutions\..\mip\platformplugin\videoos.platform\unittest\bin\debug\net6.0-windows\videoos.platform.tests.dll" id="f880bae4-ac7b-09b5-228d-aaaa54c0b1c6">
      <TestCategory>
        <TestCategoryItem TestCategory="Search" />
      </TestCategory>
      <Execution id="8555ffed-b8da-4bc3-bca6-d2e435c36c73" />
      <TestMethod codeBase="D:\actions-runner\_work\XPCO\XPCO\AllSolutions\..\MIP\PlatformPlugin\VideoOS.Platform\unittest\bin\Debug\net6.0-windows\VideoOS.Platform.Tests.dll" adapterTypeName="executor://mstestadapter/v2" className="VideoOS.Platform.Tests.Search.SearchManagerTest" name="TestCancelSearch_DefinitionNotRespectingCancellation_Success" />
    </UnitTest>
    <UnitTest name="ReadXml_ShouldLogWarningTwiceWhenMoreThanOneMinuteBetweenWarnings_WhenRequiredAttributeIsMissing" storage="d:\actions-runner\_work\xpco\xpco\allsolutions\..\mip\platformplugin\videoos.platform\unittest\bin\debug\net6.0-windows\videoos.platform.tests.dll" id="a513f6d4-cac8-7139-d5eb-18e28868b5e3">
      <Execution id="05ebef20-bc8b-4fd7-bdc0-45965dd4efc7" />
      <TestMethod codeBase="D:\actions-runner\_work\XPCO\XPCO\AllSolutions\..\MIP\PlatformPlugin\VideoOS.Platform\unittest\bin\Debug\net6.0-windows\VideoOS.Platform.Tests.dll" adapterTypeName="executor://mstestadapter/v2" className="VideoOS.Platform.Tests.Metadata.FrameTests" name="ReadXml_ShouldLogWarningTwiceWhenMoreThanOneMinuteBetweenWarnings_WhenRequiredAttributeIsMissing" />
    </UnitTest>
    <UnitTest name="GetNearest_ShouldReturnLastElementFromToolkitResponse_WhenTimestampIsAfterLastElementInResponse" storage="d:\actions-runner\_work\xpco\xpco\allsolutions\..\mip\platformplugin\videoos.platform\unittest\bin\debug\net6.0-windows\videoos.platform.tests.dll" id="1f165af9-b6e7-bd17-1c06-1628746543b3">
      <Execution id="f261b52f-b0de-433f-b700-45738127f719" />
      <TestMethod codeBase="D:\actions-runner\_work\XPCO\XPCO\AllSolutions\..\MIP\PlatformPlugin\VideoOS.Platform\unittest\bin\Debug\net6.0-windows\VideoOS.Platform.Tests.dll" adapterTypeName="executor://mstestadapter/v2" className="VideoOS.Platform.Tests.Data.MetadataPlaybackSourceTests" name="GetNearest_ShouldReturnLastElementFromToolkitResponse_WhenTimestampIsAfterLastElementInResponse" />
    </UnitTest>
    <UnitTest name="ReadXml_ShouldLogWarningTwiceWhenMoreThanOneMinuteBetweenWarnings_WhenRequiredAttributeIsMissing" storage="d:\actions-runner\_work\xpco\xpco\allsolutions\..\mip\platformplugin\videoos.platform\unittest\bin\debug\net6.0-windows\videoos.platform.tests.dll" id="0fd399d2-70b7-1bf0-1292-5d37ff538834">
      <Execution id="42e3de19-3040-4d2d-b46c-abfdc5f56767" />
      <TestMethod codeBase="D:\actions-runner\_work\XPCO\XPCO\AllSolutions\..\MIP\PlatformPlugin\VideoOS.Platform\unittest\bin\Debug\net6.0-windows\VideoOS.Platform.Tests.dll" adapterTypeName="executor://mstestadapter/v2" className="VideoOS.Platform.Tests.Metadata.VectorTests" name="ReadXml_ShouldLogWarningTwiceWhenMoreThanOneMinuteBetweenWarnings_WhenRequiredAttributeIsMissing" />
    </UnitTest>
    <UnitTest name="ReadXml_ShouldReadBoundingBox_WhenBoundingBoxIsPresent" storage="d:\actions-runner\_work\xpco\xpco\allsolutions\..\mip\platformplugin\videoos.platform\unittest\bin\debug\net6.0-windows\videoos.platform.tests.dll" id="bc614819-04cb-60f8-8b25-b74350480ed8">
      <Execution id="78906a06-6e16-4557-a552-c9e15f6d1365" />
      <TestMethod codeBase="D:\actions-runner\_work\XPCO\XPCO\AllSolutions\..\MIP\PlatformPlugin\VideoOS.Platform\unittest\bin\Debug\net6.0-windows\VideoOS.Platform.Tests.dll" adapterTypeName="executor://mstestadapter/v2" className="VideoOS.Platform.Tests.Metadata.ShapeTests" name="ReadXml_ShouldReadBoundingBox_WhenBoundingBoxIsPresent" />
    </UnitTest>
    <UnitTest name="ReadXml_ShouldLogWarningTwiceWhenMoreThanOneMinuteBetweenWarnings_WhenShapeIsInvalid" storage="d:\actions-runner\_work\xpco\xpco\allsolutions\..\mip\platformplugin\videoos.platform\unittest\bin\debug\net6.0-windows\videoos.platform.tests.dll" id="fcb2e7e1-0793-e6c2-facd-27bc28ca1cfb">
      <Execution id="c6185f56-caa0-4907-a91f-457b77357d69" />
      <TestMethod codeBase="D:\actions-runner\_work\XPCO\XPCO\AllSolutions\..\MIP\PlatformPlugin\VideoOS.Platform\unittest\bin\Debug\net6.0-windows\VideoOS.Platform.Tests.dll" adapterTypeName="executor://mstestadapter/v2" className="VideoOS.Platform.Tests.Metadata.AppearanceTests" name="ReadXml_ShouldLogWarningTwiceWhenMoreThanOneMinuteBetweenWarnings_WhenShapeIsInvalid" />
    </UnitTest>
    <UnitTest name="OnSearchResultsReady_EmptyArgument_SearchResultReadyEventNotFired" storage="d:\actions-runner\_work\xpco\xpco\allsolutions\..\mip\platformplugin\videoos.platform\unittest\bin\debug\net6.0-windows\videoos.platform.tests.dll" id="582a166b-52fa-3ee8-5316-b4af9ef88ed9">
      <TestCategory>
        <TestCategoryItem TestCategory="Search" />
      </TestCategory>
      <Execution id="ae01174b-8406-480f-8262-1a4f42cf07a2" />
      <TestMethod codeBase="D:\actions-runner\_work\XPCO\XPCO\AllSolutions\..\MIP\PlatformPlugin\VideoOS.Platform\unittest\bin\Debug\net6.0-windows\VideoOS.Platform.Tests.dll" adapterTypeName="executor://mstestadapter/v2" className="VideoOS.Platform.Tests.Search.SearchDefinitionTest" name="OnSearchResultsReady_EmptyArgument_SearchResultReadyEventNotFired" />
    </UnitTest>
    <UnitTest name="Contains_CameraObjectId_Checked" storage="d:\actions-runner\_work\xpco\xpco\allsolutions\..\mip\platformplugin\videoos.platform\unittest\bin\debug\net6.0-windows\videoos.platform.tests.dll" id="c639d279-f201-87fa-87e4-d4046a905790">
      <Execution id="41fade12-99cd-4f10-a337-fa9fa8200944" />
      <TestMethod codeBase="D:\actions-runner\_work\XPCO\XPCO\AllSolutions\..\MIP\PlatformPlugin\VideoOS.Platform\unittest\bin\Debug\net6.0-windows\VideoOS.Platform.Tests.dll" adapterTypeName="executor://mstestadapter/v2" className="VideoOS.Platform.Tests.FQIDtests" name="Contains_CameraObjectId_Checked" />
    </UnitTest>
    <UnitTest name="GetClientAsync_StartsClient_WhenFirst" storage="d:\actions-runner\_work\xpco\xpco\allsolutions\..\mip\platformplugin\videoos.platform\unittest\bin\debug\net6.0-windows\videoos.platform.tests.dll" id="e56c92d2-c559-22db-a2e2-d0987b0def17">
      <Execution id="4b5df2c4-819f-4ba4-8895-92642f4ae7f5" />
      <TestMethod codeBase="D:\actions-runner\_work\XPCO\XPCO\AllSolutions\..\MIP\PlatformPlugin\VideoOS.Platform\unittest\bin\Debug\net6.0-windows\VideoOS.Platform.Tests.dll" adapterTypeName="executor://mstestadapter/v2" className="VideoOS.Platform.Tests.Messaging.MessageClientManagerTests" name="GetClientAsync_StartsClient_WhenFirst" />
    </UnitTest>
    <UnitTest name="GetPopulatedItems_NoChildren_NoChildrenAdded" storage="d:\actions-runner\_work\xpco\xpco\allsolutions\..\mip\platformplugin\videoos.platform\unittest\bin\debug\net6.0-windows\videoos.platform.tests.dll" id="a8ff7a29-8845-1919-c693-2698cf30e949">
      <Execution id="dbca70af-9577-4e37-a505-5f1b77344c1c" />
      <TestMethod codeBase="D:\actions-runner\_work\XPCO\XPCO\AllSolutions\..\MIP\PlatformPlugin\VideoOS.Platform\unittest\bin\Debug\net6.0-windows\VideoOS.Platform.Tests.dll" adapterTypeName="executor://mstestadapter/v2" className="VideoOS.Platform.Tests.UI.ItemPicker.PopulateThreadTest" name="GetPopulatedItems_NoChildren_NoChildrenAdded" />
    </UnitTest>
    <UnitTest name="CountByCounter_Activated_OK" storage="d:\actions-runner\_work\xpco\xpco\allsolutions\..\mip\platformplugin\videoos.platform\unittest\bin\debug\net6.0-windows\videoos.platform.tests.dll" id="b8276ba3-7850-cbef-143f-fbd86d2ed190">
      <Execution id="a85cfedb-6ed8-4690-a2ce-010e46b14619" />
      <TestMethod codeBase="D:\actions-runner\_work\XPCO\XPCO\AllSolutions\..\MIP\PlatformPlugin\VideoOS.Platform\unittest\bin\Debug\net6.0-windows\VideoOS.Platform.Tests.dll" adapterTypeName="executor://mstestadapter/v2" className="VideoOS.Platform.Tests.License.ResolvedLicenseCountTest" name="CountByCounter_Activated_OK" />
    </UnitTest>
    <UnitTest name="FindCacheEntryBefore_ShuldReturnEntryBeforeTimeStamp_WhenThereIsAnEntryBeforeTheTimestamp" storage="d:\actions-runner\_work\xpco\xpco\allsolutions\..\mip\platformplugin\videoos.platform\unittest\bin\debug\net6.0-windows\videoos.platform.tests.dll" id="90432d5a-5fa4-a037-9446-73f5d0f5dd30">
      <Execution id="c7d49a09-32d6-4e3b-8da6-eca3302b7457" />
      <TestMethod codeBase="D:\actions-runner\_work\XPCO\XPCO\AllSolutions\..\MIP\PlatformPlugin\VideoOS.Platform\unittest\bin\Debug\net6.0-windows\VideoOS.Platform.Tests.dll" adapterTypeName="executor://mstestadapter/v2" className="VideoOS.Platform.Tests.Data.MetadataCacheTests" name="FindCacheEntryBefore_ShuldReturnEntryBeforeTimeStamp_WhenThereIsAnEntryBeforeTheTimestamp" />
    </UnitTest>
    <UnitTest name="ReadXml_ShouldReadObject_WhenObjectIsPresent" storage="d:\actions-runner\_work\xpco\xpco\allsolutions\..\mip\platformplugin\videoos.platform\unittest\bin\debug\net6.0-windows\videoos.platform.tests.dll" id="45a1237f-8398-1e96-4a23-b6a235238101">
      <Execution id="57856fff-376a-4243-a500-b4dde69119b1" />
      <TestMethod codeBase="D:\actions-runner\_work\XPCO\XPCO\AllSolutions\..\MIP\PlatformPlugin\VideoOS.Platform\unittest\bin\Debug\net6.0-windows\VideoOS.Platform.Tests.dll" adapterTypeName="executor://mstestadapter/v2" className="VideoOS.Platform.Tests.Metadata.FrameTests" name="ReadXml_ShouldReadObject_WhenObjectIsPresent" />
    </UnitTest>
    <UnitTest name="SetCacheContents_ShuldSortEntriesAccordingToData_WhenAlways" storage="d:\actions-runner\_work\xpco\xpco\allsolutions\..\mip\platformplugin\videoos.platform\unittest\bin\debug\net6.0-windows\videoos.platform.tests.dll" id="4ebf288a-b726-10f1-5f92-94533ac346f1">
      <Execution id="665c5e3e-d82c-48c9-bff4-274be7ab11f3" />
      <TestMethod codeBase="D:\actions-runner\_work\XPCO\XPCO\AllSolutions\..\MIP\PlatformPlugin\VideoOS.Platform\unittest\bin\Debug\net6.0-windows\VideoOS.Platform.Tests.dll" adapterTypeName="executor://mstestadapter/v2" className="VideoOS.Platform.Tests.Data.MetadataCacheTests" name="SetCacheContents_ShuldSortEntriesAccordingToData_WhenAlways" />
    </UnitTest>
    <UnitTest name="IsEmptyValue_StringFilterValue_WithCharacters_ReturnsFalse" storage="d:\actions-runner\_work\xpco\xpco\allsolutions\..\mip\platformplugin\videoos.platform\unittest\bin\debug\net6.0-windows\videoos.platform.tests.dll" id="fc700c0a-f7f2-a9aa-c628-23e607736cb2">
      <TestCategory>
        <TestCategoryItem TestCategory="Search" />
      </TestCategory>
      <Execution id="c0fc66de-f84d-468f-8ac2-ae1e628de718" />
      <TestMethod codeBase="D:\actions-runner\_work\XPCO\XPCO\AllSolutions\..\MIP\PlatformPlugin\VideoOS.Platform\unittest\bin\Debug\net6.0-windows\VideoOS.Platform.Tests.dll" adapterTypeName="executor://mstestadapter/v2" className="VideoOS.Platform.Tests.Search.SearchFilterTest" name="IsEmptyValue_StringFilterValue_WithCharacters_ReturnsFalse" />
    </UnitTest>
    <UnitTest name="Enqueue_Success" storage="d:\actions-runner\_work\xpco\xpco\allsolutions\..\mip\platformplugin\videoos.platform\unittest\bin\debug\net6.0-windows\videoos.platform.tests.dll" id="53b81941-356a-16a1-a951-ad2b635230e2">
      <Execution id="e3ff7785-520b-40e3-bdf7-7f67b0529834" />
      <TestMethod codeBase="D:\actions-runner\_work\XPCO\XPCO\AllSolutions\..\MIP\PlatformPlugin\VideoOS.Platform\unittest\bin\Debug\net6.0-windows\VideoOS.Platform.Tests.dll" adapterTypeName="executor://mstestadapter/v2" className="VideoOS.Platform.Tests.Util.Queue.ConcurrentQueueSlimTests" name="Enqueue_Success" />
    </UnitTest>
    <UnitTest name="Serialize_TestCases (TestParentTypeMatchStringNotThisTypeNotMatched)" storage="d:\actions-runner\_work\xpco\xpco\allsolutions\..\mip\platformplugin\videoos.platform\unittest\bin\debug\net6.0-windows\videoos.platform.tests.dll" id="cc815387-ccd0-3c89-25da-05420b40ed9e">
      <Execution id="1ed29d5c-c485-4fbf-a723-579ad9fc1386" />
      <TestMethod codeBase="D:\actions-runner\_work\XPCO\XPCO\AllSolutions\..\MIP\PlatformPlugin\VideoOS.Platform\unittest\bin\Debug\net6.0-windows\VideoOS.Platform.Tests.dll" adapterTypeName="executor://mstestadapter/v2" className="VideoOS.Platform.Tests.UI.Controls.Automation.Serialization.AutomationObjectSerializerTest" name="Serialize_TestCases" />
    </UnitTest>
    <UnitTest name="GetBoundingShapesAsync_ClearCachedData_DelegatedToInternalMethodTwice" storage="d:\actions-runner\_work\xpco\xpco\allsolutions\..\mip\platformplugin\videoos.platform\unittest\bin\debug\net6.0-windows\videoos.platform.tests.dll" id="fcc01d6e-2b82-f145-070c-31467e83d08e">
      <TestCategory>
        <TestCategoryItem TestCategory="Search" />
      </TestCategory>
      <Execution id="06447125-7f43-4b57-b39f-913b94d7824a" />
      <TestMethod codeBase="D:\actions-runner\_work\XPCO\XPCO\AllSolutions\..\MIP\PlatformPlugin\VideoOS.Platform\unittest\bin\Debug\net6.0-windows\VideoOS.Platform.Tests.dll" adapterTypeName="executor://mstestadapter/v2" className="VideoOS.Platform.Tests.Search.SearchResultDataTest" name="GetBoundingShapesAsync_ClearCachedData_DelegatedToInternalMethodTwice" />
    </UnitTest>
    <UnitTest name="Serialize_TestCases (TestParentAllPrimitiveProperties)" storage="d:\actions-runner\_work\xpco\xpco\allsolutions\..\mip\platformplugin\videoos.platform\unittest\bin\debug\net6.0-windows\videoos.platform.tests.dll" id="7362e8b4-4f55-1d2e-3400-f910faa86461">
      <Execution id="63f39c31-a26f-4237-a07c-ba1ddb995a7a" />
      <TestMethod codeBase="D:\actions-runner\_work\XPCO\XPCO\AllSolutions\..\MIP\PlatformPlugin\VideoOS.Platform\unittest\bin\Debug\net6.0-windows\VideoOS.Platform.Tests.dll" adapterTypeName="executor://mstestadapter/v2" className="VideoOS.Platform.Tests.UI.Controls.Automation.Serialization.AutomationObjectSerializerTest" name="Serialize_TestCases" />
    </UnitTest>
    <UnitTest name="Stop_ProcessItemThrowsException_ProcessorSurvives" storage="d:\actions-runner\_work\xpco\xpco\allsolutions\..\mip\platformplugin\videoos.platform\unittest\bin\debug\net6.0-windows\videoos.platform.tests.dll" id="1c54ef9e-0fd3-3065-2074-36e139afc976">
      <Execution id="18920fc5-da6e-4262-945f-a028436bf565" />
      <TestMethod codeBase="D:\actions-runner\_work\XPCO\XPCO\AllSolutions\..\MIP\PlatformPlugin\VideoOS.Platform\unittest\bin\Debug\net6.0-windows\VideoOS.Platform.Tests.dll" adapterTypeName="executor://mstestadapter/v2" className="VideoOS.Platform.Tests.Util.Queue.ResourceProcessorTests" name="Stop_ProcessItemThrowsException_ProcessorSurvives" />
    </UnitTest>
    <UnitTest name="Decrypt_ShouldThrowMIPException_WhenCryptographicServiceProviderIsNotAvailable" storage="d:\actions-runner\_work\xpco\xpco\allsolutions\..\mip\platformplugin\videoos.platform\unittest\bin\debug\net6.0-windows\videoos.platform.tests.dll" id="9bb96261-1701-74be-ae73-ef01ff852954">
      <Execution id="238ac3c9-80e5-4da8-94ec-e6da42cbfcbf" />
      <TestMethod codeBase="D:\actions-runner\_work\XPCO\XPCO\AllSolutions\..\MIP\PlatformPlugin\VideoOS.Platform\unittest\bin\Debug\net6.0-windows\VideoOS.Platform.Tests.dll" adapterTypeName="executor://mstestadapter/v2" className="VideoOS.Platform.Tests.License.NonFipsLicenseCompatibilityHandlerTests" name="Decrypt_ShouldThrowMIPException_WhenCryptographicServiceProviderIsNotAvailable" />
    </UnitTest>
    <UnitTest name="TestCreateSearchDefinition_Success" storage="d:\actions-runner\_work\xpco\xpco\allsolutions\..\mip\platformplugin\videoos.platform\unittest\bin\debug\net6.0-windows\videoos.platform.tests.dll" id="be3b82dd-8df9-5360-ff99-6eca540698eb">
      <TestCategory>
        <TestCategoryItem TestCategory="Search" />
      </TestCategory>
      <Execution id="ecc0b815-d3c3-430e-8588-4a156e8bfea9" />
      <TestMethod codeBase="D:\actions-runner\_work\XPCO\XPCO\AllSolutions\..\MIP\PlatformPlugin\VideoOS.Platform\unittest\bin\Debug\net6.0-windows\VideoOS.Platform.Tests.dll" adapterTypeName="executor://mstestadapter/v2" className="VideoOS.Platform.Tests.Search.SearchManagerTest" name="TestCreateSearchDefinition_Success" />
    </UnitTest>
    <UnitTest name="ReadXml_ShouldLogWarningOnlyOnceWithinOneMinute_WhenIncompleteTranslateIsPresent" storage="d:\actions-runner\_work\xpco\xpco\allsolutions\..\mip\platformplugin\videoos.platform\unittest\bin\debug\net6.0-windows\videoos.platform.tests.dll" id="8f08ea31-2511-c2ee-1c5b-8c8ed224c8f7">
      <Execution id="41631a73-78c3-4410-97d7-e7dbee0356bd" />
      <TestMethod codeBase="D:\actions-runner\_work\XPCO\XPCO\AllSolutions\..\MIP\PlatformPlugin\VideoOS.Platform\unittest\bin\Debug\net6.0-windows\VideoOS.Platform.Tests.dll" adapterTypeName="executor://mstestadapter/v2" className="VideoOS.Platform.Tests.Metadata.TransformationTests" name="ReadXml_ShouldLogWarningOnlyOnceWithinOneMinute_WhenIncompleteTranslateIsPresent" />
    </UnitTest>
    <UnitTest name="BuildShapeOverlayWidthHeightAnalyticsObjectListRuleList_ShouldReturnCorrectNumberOfShapes" storage="d:\actions-runner\_work\xpco\xpco\allsolutions\..\mip\platformplugin\videoos.platform\unittest\bin\debug\net6.0-windows\videoos.platform.tests.dll" id="3b434787-ec68-61e4-18d4-15e26b84b874">
      <Execution id="11828870-537a-4fbe-bdf6-03422dba5d7b" />
      <TestMethod codeBase="D:\actions-runner\_work\XPCO\XPCO\AllSolutions\..\MIP\PlatformPlugin\VideoOS.Platform\unittest\bin\Debug\net6.0-windows\VideoOS.Platform.Tests.dll" adapterTypeName="executor://mstestadapter/v2" className="VideoOS.Platform.Tests.Util.AnalyticsOverlayBuilderTests" name="BuildShapeOverlayWidthHeightAnalyticsObjectListRuleList_ShouldReturnCorrectNumberOfShapes" />
    </UnitTest>
    <UnitTest name="SplitString_When2Levels_CountsLastSeparator" storage="d:\actions-runner\_work\xpco\xpco\allsolutions\..\mip\platformplugin\videoos.platform\unittest\bin\debug\net6.0-windows\videoos.platform.tests.dll" id="d3aac1dd-0f5d-4d1a-ac7a-ab3b6af2bff9">
      <Execution id="df6d8f0a-ce45-470e-98d5-a5eb76c22fc6" />
      <TestMethod codeBase="D:\actions-runner\_work\XPCO\XPCO\AllSolutions\..\MIP\PlatformPlugin\VideoOS.Platform\unittest\bin\Debug\net6.0-windows\VideoOS.Platform.Tests.dll" adapterTypeName="executor://mstestadapter/v2" className="VideoOS.Platform.Tests.Util.StringSplitterTests" name="SplitString_When2Levels_CountsLastSeparator" />
    </UnitTest>
    <UnitTest name="GetExpectedToken_ShouldReturnSHA256_WhenInputTokenHashTypeIsSHA256" storage="d:\actions-runner\_work\xpco\xpco\allsolutions\..\mip\platformplugin\videoos.platform\unittest\bin\debug\net6.0-windows\videoos.platform.tests.dll" id="ad88d97c-caee-1d9c-2151-7b83477290c3">
      <Execution id="ba807722-c5bb-4023-8c97-1f652348f5cd" />
      <TestMethod codeBase="D:\actions-runner\_work\XPCO\XPCO\AllSolutions\..\MIP\PlatformPlugin\VideoOS.Platform\unittest\bin\Debug\net6.0-windows\VideoOS.Platform.Tests.dll" adapterTypeName="executor://mstestadapter/v2" className="VideoOS.Platform.Tests.Data.MediaProviderInternal.UtilityTests" name="GetExpectedToken_ShouldReturnSHA256_WhenInputTokenHashTypeIsSHA256" />
    </UnitTest>
    <UnitTest name="ToJson_IntElement_Exception" storage="d:\actions-runner\_work\xpco\xpco\allsolutions\..\mip\platformplugin\videoos.platform\unittest\bin\debug\net6.0-windows\videoos.platform.tests.dll" id="79ed88f2-f433-a4e4-a0f7-7ec8b906db54">
      <Execution id="5f9859f5-e7e5-4f0f-993b-c82429bae95b" />
      <TestMethod codeBase="D:\actions-runner\_work\XPCO\XPCO\AllSolutions\..\MIP\PlatformPlugin\VideoOS.Platform\unittest\bin\Debug\net6.0-windows\VideoOS.Platform.Tests.dll" adapterTypeName="executor://mstestadapter/v2" className="VideoOS.Platform.Tests.Proxy.RestApi.JsonReaderTests" name="ToJson_IntElement_Exception" />
    </UnitTest>
    <UnitTest name="ReadXml_ShouldReadFontFamilyAttribute_WhenPresent" storage="d:\actions-runner\_work\xpco\xpco\allsolutions\..\mip\platformplugin\videoos.platform\unittest\bin\debug\net6.0-windows\videoos.platform.tests.dll" id="43fa12a9-d1b1-aa83-498c-58e3064824e3">
      <Execution id="27f1320a-09cd-48be-9d81-49504b1fe43e" />
      <TestMethod codeBase="D:\actions-runner\_work\XPCO\XPCO\AllSolutions\..\MIP\PlatformPlugin\VideoOS.Platform\unittest\bin\Debug\net6.0-windows\VideoOS.Platform.Tests.dll" adapterTypeName="executor://mstestadapter/v2" className="VideoOS.Platform.Tests.Metadata.DisplayTextTests" name="ReadXml_ShouldReadFontFamilyAttribute_WhenPresent" />
    </UnitTest>
    <UnitTest name="ReadXml_ShouldIgnoreUnknownLikelihoodChildren_WhenUnknownLikelihoodChildrenArePresent" storage="d:\actions-runner\_work\xpco\xpco\allsolutions\..\mip\platformplugin\videoos.platform\unittest\bin\debug\net6.0-windows\videoos.platform.tests.dll" id="a0064dcf-0da1-ba4b-2406-1e7e76d7ad3a">
      <Execution id="4cfd5eb9-21c7-4a71-ae27-27d304f752fe" />
      <TestMethod codeBase="D:\actions-runner\_work\XPCO\XPCO\AllSolutions\..\MIP\PlatformPlugin\VideoOS.Platform\unittest\bin\Debug\net6.0-windows\VideoOS.Platform.Tests.dll" adapterTypeName="executor://mstestadapter/v2" className="VideoOS.Platform.Tests.Metadata.ClassCandidateTests" name="ReadXml_ShouldIgnoreUnknownLikelihoodChildren_WhenUnknownLikelihoodChildrenArePresent" />
    </UnitTest>
    <UnitTest name="Parse_Double_Simple" storage="d:\actions-runner\_work\xpco\xpco\allsolutions\..\mip\platformplugin\videoos.platform\unittest\bin\debug\net6.0-windows\videoos.platform.tests.dll" id="b837ebc0-f7ad-c47b-17b8-8695813cd0ae">
      <Execution id="2750046c-fad2-4d7f-a1b8-bc7a57ca9fd4" />
      <TestMethod codeBase="D:\actions-runner\_work\XPCO\XPCO\AllSolutions\..\MIP\PlatformPlugin\VideoOS.Platform\unittest\bin\Debug\net6.0-windows\VideoOS.Platform.Tests.dll" adapterTypeName="executor://mstestadapter/v2" className="VideoOS.Platform.Tests.Proxy.RestApi.JsonReaderTests" name="Parse_Double_Simple" />
    </UnitTest>
    <UnitTest name="Construction_ParamNullCheck" storage="d:\actions-runner\_work\xpco\xpco\allsolutions\..\mip\platformplugin\videoos.platform\unittest\bin\debug\net6.0-windows\videoos.platform.tests.dll" id="b033676b-8032-936f-8e94-1ff7304e27d8">
      <Execution id="749a2a4a-d907-4c91-8073-4e2451b10059" />
      <TestMethod codeBase="D:\actions-runner\_work\XPCO\XPCO\AllSolutions\..\MIP\PlatformPlugin\VideoOS.Platform\unittest\bin\Debug\net6.0-windows\VideoOS.Platform.Tests.dll" adapterTypeName="executor://mstestadapter/v2" className="VideoOS.Platform.Tests.Proxy.RestApi.JsonReaderTests" name="Construction_ParamNullCheck" />
    </UnitTest>
    <UnitTest name="Parse_Strings" storage="d:\actions-runner\_work\xpco\xpco\allsolutions\..\mip\platformplugin\videoos.platform\unittest\bin\debug\net6.0-windows\videoos.platform.tests.dll" id="f408475e-6fb9-6a1c-14aa-10ca58ac105c">
      <Execution id="4b3fe3e9-ec09-4f5f-bc3f-cddd794eb436" />
      <TestMethod codeBase="D:\actions-runner\_work\XPCO\XPCO\AllSolutions\..\MIP\PlatformPlugin\VideoOS.Platform\unittest\bin\Debug\net6.0-windows\VideoOS.Platform.Tests.dll" adapterTypeName="executor://mstestadapter/v2" className="VideoOS.Platform.Tests.Proxy.RestApi.JsonReaderTests" name="Parse_Strings" />
    </UnitTest>
    <UnitTest name="OverlapsWith_ShouldReturnFalse_WhenArgumenStartIsEqualToEnd" storage="d:\actions-runner\_work\xpco\xpco\allsolutions\..\mip\platformplugin\videoos.platform\unittest\bin\debug\net6.0-windows\videoos.platform.tests.dll" id="447829a4-f86b-01dd-760a-c4052e1b005d">
      <Execution id="7550a533-4857-4d57-b343-c5302fa6ef91" />
      <TestMethod codeBase="D:\actions-runner\_work\XPCO\XPCO\AllSolutions\..\MIP\PlatformPlugin\VideoOS.Platform\unittest\bin\Debug\net6.0-windows\VideoOS.Platform.Tests.dll" adapterTypeName="executor://mstestadapter/v2" className="VideoOS.Platform.Tests.Util.TimeIntervalTests" name="OverlapsWith_ShouldReturnFalse_WhenArgumenStartIsEqualToEnd" />
    </UnitTest>
    <UnitTest name="SearializePlusDeserialize_NestedArrayObject_ShouldResultInSameString" storage="d:\actions-runner\_work\xpco\xpco\allsolutions\..\mip\platformplugin\videoos.platform\unittest\bin\debug\net6.0-windows\videoos.platform.tests.dll" id="76e6ff63-d7eb-f665-d9fe-8f8739285ff9">
      <Execution id="a42630e2-522e-443c-a9d9-595383202a21" />
      <TestMethod codeBase="D:\actions-runner\_work\XPCO\XPCO\AllSolutions\..\MIP\PlatformPlugin\VideoOS.Platform\unittest\bin\Debug\net6.0-windows\VideoOS.Platform.Tests.dll" adapterTypeName="executor://mstestadapter/v2" className="VideoOS.Platform.Tests.Proxy.RestApi.JsonObjectTests" name="SearializePlusDeserialize_NestedArrayObject_ShouldResultInSameString" />
    </UnitTest>
    <UnitTest name="RemoveItem_AnalyticsEvent_Fail" storage="d:\actions-runner\_work\xpco\xpco\allsolutions\..\mip\platformplugin\videoos.platform\unittest\bin\debug\net6.0-windows\videoos.platform.tests.dll" id="f8ca46c0-8edb-350c-aedc-71898e183163">
      <Execution id="ab7b051c-99bb-40f1-87f5-d5c0490487b4" />
      <TestMethod codeBase="D:\actions-runner\_work\XPCO\XPCO\AllSolutions\..\MIP\PlatformPlugin\VideoOS.Platform\unittest\bin\Debug\net6.0-windows\VideoOS.Platform.Tests.dll" adapterTypeName="executor://mstestadapter/v2" className="VideoOS.Platform.Tests.Proxy.RestApi.RestApiClientDecoratorTests" name="RemoveItem_AnalyticsEvent_Fail" />
    </UnitTest>
    <UnitTest name="RemoveFilterValue_OnlyValue_Success" storage="d:\actions-runner\_work\xpco\xpco\allsolutions\..\mip\platformplugin\videoos.platform\unittest\bin\debug\net6.0-windows\videoos.platform.tests.dll" id="4f18dfe5-cbdb-3f59-ec1a-7c24c2cc1db1">
      <TestCategory>
        <TestCategoryItem TestCategory="Search" />
      </TestCategory>
      <Execution id="1aa9f04f-24b9-4d4d-af23-8824e200a9e7" />
      <TestMethod codeBase="D:\actions-runner\_work\XPCO\XPCO\AllSolutions\..\MIP\PlatformPlugin\VideoOS.Platform\unittest\bin\Debug\net6.0-windows\VideoOS.Platform.Tests.dll" adapterTypeName="executor://mstestadapter/v2" className="VideoOS.Platform.Tests.Search.SearchCriteriaTest" name="RemoveFilterValue_OnlyValue_Success" />
    </UnitTest>
    <UnitTest name="SearializePlusDeserialize_ComplexObject_ShouldResultInSameString" storage="d:\actions-runner\_work\xpco\xpco\allsolutions\..\mip\platformplugin\videoos.platform\unittest\bin\debug\net6.0-windows\videoos.platform.tests.dll" id="9be33bba-634e-2cc5-910a-418012d1f19f">
      <Execution id="9cdfb5d6-9815-477e-b43f-df7941812029" />
      <TestMethod codeBase="D:\actions-runner\_work\XPCO\XPCO\AllSolutions\..\MIP\PlatformPlugin\VideoOS.Platform\unittest\bin\Debug\net6.0-windows\VideoOS.Platform.Tests.dll" adapterTypeName="executor://mstestadapter/v2" className="VideoOS.Platform.Tests.Proxy.RestApi.JsonObjectTests" name="SearializePlusDeserialize_ComplexObject_ShouldResultInSameString" />
    </UnitTest>
    <UnitTest name="UtcTime_ShouldReturnConstructorValue_WhenSet" storage="d:\actions-runner\_work\xpco\xpco\allsolutions\..\mip\platformplugin\videoos.platform\unittest\bin\debug\net6.0-windows\videoos.platform.tests.dll" id="06f72c6d-178e-1776-b54f-f3db73a3e144">
      <Execution id="27fd608f-2c1a-42b8-9d91-b603312fa307" />
      <TestMethod codeBase="D:\actions-runner\_work\XPCO\XPCO\AllSolutions\..\MIP\PlatformPlugin\VideoOS.Platform\unittest\bin\Debug\net6.0-windows\VideoOS.Platform.Tests.dll" adapterTypeName="executor://mstestadapter/v2" className="VideoOS.Platform.Tests.Metadata.FrameTests" name="UtcTime_ShouldReturnConstructorValue_WhenSet" />
    </UnitTest>
    <UnitTest name="Decrypt_ShouldDecryptNonFipsLicenseEncryption" storage="d:\actions-runner\_work\xpco\xpco\allsolutions\..\mip\platformplugin\videoos.platform\unittest\bin\debug\net6.0-windows\videoos.platform.tests.dll" id="a9cc89a4-8213-a4b1-7484-4879815a89dd">
      <Execution id="068727c5-1ca7-480c-ad22-c7fe5628e54d" />
      <TestMethod codeBase="D:\actions-runner\_work\XPCO\XPCO\AllSolutions\..\MIP\PlatformPlugin\VideoOS.Platform\unittest\bin\Debug\net6.0-windows\VideoOS.Platform.Tests.dll" adapterTypeName="executor://mstestadapter/v2" className="VideoOS.Platform.Tests.License.NonFipsLicenseCompatibilityHandlerTests" name="Decrypt_ShouldDecryptNonFipsLicenseEncryption" />
    </UnitTest>
    <UnitTest name="WriteXml_ShouldWriteYAttribute_WhenPresent" storage="d:\actions-runner\_work\xpco\xpco\allsolutions\..\mip\platformplugin\videoos.platform\unittest\bin\debug\net6.0-windows\videoos.platform.tests.dll" id="b2a17b73-a63e-3be2-eee7-c00c2b4d0e01">
      <Execution id="1df62642-6766-4240-892a-5c0ad1a5c37d" />
      <TestMethod codeBase="D:\actions-runner\_work\XPCO\XPCO\AllSolutions\..\MIP\PlatformPlugin\VideoOS.Platform\unittest\bin\Debug\net6.0-windows\VideoOS.Platform.Tests.dll" adapterTypeName="executor://mstestadapter/v2" className="VideoOS.Platform.Tests.Metadata.DisplayTextTests" name="WriteXml_ShouldWriteYAttribute_WhenPresent" />
    </UnitTest>
    <UnitTest name="Match_Fail_NullTypeAnyMessage_Single" storage="d:\actions-runner\_work\xpco\xpco\allsolutions\..\mip\platformplugin\videoos.platform\unittest\bin\debug\net6.0-windows\videoos.platform.tests.dll" id="786f976f-79dc-fb5a-d9d5-d8983ae14820">
      <Execution id="5f9f4dd0-557d-4ca0-94db-dcca27edccf8" />
      <TestMethod codeBase="D:\actions-runner\_work\XPCO\XPCO\AllSolutions\..\MIP\PlatformPlugin\VideoOS.Platform\unittest\bin\Debug\net6.0-windows\VideoOS.Platform.Tests.dll" adapterTypeName="executor://mstestadapter/v2" className="VideoOS.Platform.Tests.Messaging.CommunicationIdFilterTests" name="Match_Fail_NullTypeAnyMessage_Single" />
    </UnitTest>
    <UnitTest name="Encrypt_ShouldReturnInputAsIs" storage="d:\actions-runner\_work\xpco\xpco\allsolutions\..\mip\platformplugin\videoos.platform\unittest\bin\debug\net6.0-windows\videoos.platform.tests.dll" id="5eeda859-d31c-69f8-fe90-55abee0d8512">
      <Execution id="bbaf495b-6237-47a9-abf8-214bd03caf04" />
      <TestMethod codeBase="D:\actions-runner\_work\XPCO\XPCO\AllSolutions\..\MIP\PlatformPlugin\VideoOS.Platform\unittest\bin\Debug\net6.0-windows\VideoOS.Platform.Tests.dll" adapterTypeName="executor://mstestadapter/v2" className="VideoOS.Platform.Tests.License.LicenseCompatibilityHandlerTests" name="Encrypt_ShouldReturnInputAsIs" />
    </UnitTest>
    <UnitTest name="WriteXml_ShouldWriteVideoAnalyticsContents_WhenVideoAnalyticsItemIsWritten" storage="d:\actions-runner\_work\xpco\xpco\allsolutions\..\mip\platformplugin\videoos.platform\unittest\bin\debug\net6.0-windows\videoos.platform.tests.dll" id="3a8ca70f-603d-9529-0058-2e57757ce284">
      <Execution id="992c7e44-4f3f-4c70-b34b-c65d8e41171f" />
      <TestMethod codeBase="D:\actions-runner\_work\XPCO\XPCO\AllSolutions\..\MIP\PlatformPlugin\VideoOS.Platform\unittest\bin\Debug\net6.0-windows\VideoOS.Platform.Tests.dll" adapterTypeName="executor://mstestadapter/v2" className="VideoOS.Platform.Tests.Metadata.MetadataStreamTests" name="WriteXml_ShouldWriteVideoAnalyticsContents_WhenVideoAnalyticsItemIsWritten" />
    </UnitTest>
    <UnitTest name="GetFrame_ShouldReturnNull_WhenThereAreNoFrames" storage="d:\actions-runner\_work\xpco\xpco\allsolutions\..\mip\platformplugin\videoos.platform\unittest\bin\debug\net6.0-windows\videoos.platform.tests.dll" id="5b5b0b17-b74c-6ecb-201e-61f7e7362b6f">
      <Execution id="0602e2b8-1339-4962-a9d3-4887f22e8ee7" />
      <TestMethod codeBase="D:\actions-runner\_work\XPCO\XPCO\AllSolutions\..\MIP\PlatformPlugin\VideoOS.Platform\unittest\bin\Debug\net6.0-windows\VideoOS.Platform.Tests.dll" adapterTypeName="executor://mstestadapter/v2" className="VideoOS.Platform.Tests.Metadata.MetadataStreamTests" name="GetFrame_ShouldReturnNull_WhenThereAreNoFrames" />
    </UnitTest>
    <UnitTest name="Remove_ShouldInvokeCallback_WhenObservable" storage="d:\actions-runner\_work\xpco\xpco\allsolutions\..\mip\platformplugin\videoos.platform\unittest\bin\debug\net6.0-windows\videoos.platform.tests.dll" id="a344a1b7-3c88-1dd6-4640-84dd30900694">
      <Execution id="2c72701e-a58e-4252-a44a-0cfde11672b0" />
      <TestMethod codeBase="D:\actions-runner\_work\XPCO\XPCO\AllSolutions\..\MIP\PlatformPlugin\VideoOS.Platform\unittest\bin\Debug\net6.0-windows\VideoOS.Platform.Tests.dll" adapterTypeName="executor://mstestadapter/v2" className="VideoOS.Platform.Tests.UI.Controls.CollectionHelperTest" name="Remove_ShouldInvokeCallback_WhenObservable" />
    </UnitTest>
    <UnitTest name="IsEmptyValue_SelectionFilterValue_NoSelections_ReturnsTrue" storage="d:\actions-runner\_work\xpco\xpco\allsolutions\..\mip\platformplugin\videoos.platform\unittest\bin\debug\net6.0-windows\videoos.platform.tests.dll" id="82a5b9a3-0552-89d0-c528-c8a8c76f5d9f">
      <TestCategory>
        <TestCategoryItem TestCategory="Search" />
      </TestCategory>
      <Execution id="65de1d18-37fd-4836-9eab-ca1b60dbc374" />
      <TestMethod codeBase="D:\actions-runner\_work\XPCO\XPCO\AllSolutions\..\MIP\PlatformPlugin\VideoOS.Platform\unittest\bin\Debug\net6.0-windows\VideoOS.Platform.Tests.dll" adapterTypeName="executor://mstestadapter/v2" className="VideoOS.Platform.Tests.Search.SearchFilterTest" name="IsEmptyValue_SelectionFilterValue_NoSelections_ReturnsTrue" />
    </UnitTest>
    <UnitTest name="WriteXml_ShouldWriteVideoAnalytics_WhenThereIsOneVideoAnalyticsItemPresent" storage="d:\actions-runner\_work\xpco\xpco\allsolutions\..\mip\platformplugin\videoos.platform\unittest\bin\debug\net6.0-windows\videoos.platform.tests.dll" id="42175a1a-5ae8-6563-c4c4-676e585caed0">
      <Execution id="892541e8-485a-4c7b-aa46-541c45c023e2" />
      <TestMethod codeBase="D:\actions-runner\_work\XPCO\XPCO\AllSolutions\..\MIP\PlatformPlugin\VideoOS.Platform\unittest\bin\Debug\net6.0-windows\VideoOS.Platform.Tests.dll" adapterTypeName="executor://mstestadapter/v2" className="VideoOS.Platform.Tests.Metadata.MetadataStreamTests" name="WriteXml_ShouldWriteVideoAnalytics_WhenThereIsOneVideoAnalyticsItemPresent" />
    </UnitTest>
    <UnitTest name="Serialize_TestCases (TestParentTypeMatchStructNotThisTypeMatched)" storage="d:\actions-runner\_work\xpco\xpco\allsolutions\..\mip\platformplugin\videoos.platform\unittest\bin\debug\net6.0-windows\videoos.platform.tests.dll" id="0051d3fc-603f-a4f9-2245-785a8218fbf1">
      <Execution id="b128727d-2c9d-4801-8640-3f7bfdc6811d" />
      <TestMethod codeBase="D:\actions-runner\_work\XPCO\XPCO\AllSolutions\..\MIP\PlatformPlugin\VideoOS.Platform\unittest\bin\Debug\net6.0-windows\VideoOS.Platform.Tests.dll" adapterTypeName="executor://mstestadapter/v2" className="VideoOS.Platform.Tests.UI.Controls.Automation.Serialization.AutomationObjectSerializerTest" name="Serialize_TestCases" />
    </UnitTest>
    <UnitTest name="UtcTimeAttributeWasPresent_ShouldReturnTrue_WhenUtcTimeAttributeIsParsed" storage="d:\actions-runner\_work\xpco\xpco\allsolutions\..\mip\platformplugin\videoos.platform\unittest\bin\debug\net6.0-windows\videoos.platform.tests.dll" id="9fc73790-9fce-7434-a93e-864e387eae18">
      <Execution id="c248ffdb-1393-44a1-8b06-c96bdbad584c" />
      <TestMethod codeBase="D:\actions-runner\_work\XPCO\XPCO\AllSolutions\..\MIP\PlatformPlugin\VideoOS.Platform\unittest\bin\Debug\net6.0-windows\VideoOS.Platform.Tests.dll" adapterTypeName="executor://mstestadapter/v2" className="VideoOS.Platform.Tests.Metadata.FrameTests" name="UtcTimeAttributeWasPresent_ShouldReturnTrue_WhenUtcTimeAttributeIsParsed" />
    </UnitTest>
    <UnitTest name="SetEvents_ShouldAddProxyManager_WhenFrameworkContentElementIsLoaded" storage="d:\actions-runner\_work\xpco\xpco\allsolutions\..\mip\platformplugin\videoos.platform\unittest\bin\debug\net6.0-windows\videoos.platform.tests.dll" id="ee569e33-e92a-4e12-13b7-cfb199db4a03">
      <TestCategory>
        <TestCategoryItem TestCategory="EventsToCommandMappings" />
      </TestCategory>
      <Execution id="0ce981e3-b609-4395-83a1-e7d8f6949a11" />
      <TestMethod codeBase="D:\actions-runner\_work\XPCO\XPCO\AllSolutions\..\MIP\PlatformPlugin\VideoOS.Platform\unittest\bin\Debug\net6.0-windows\VideoOS.Platform.Tests.dll" adapterTypeName="executor://mstestadapter/v2" className="VideoOS.Platform.Tests.UI.Commands.EventsToCommandMappingTest" name="SetEvents_ShouldAddProxyManager_WhenFrameworkContentElementIsLoaded" />
    </UnitTest>
    <UnitTest name="Convert_MultiArgumentConverter_ShouldReturnConvertedValue_WhenArgumentsMatch" storage="d:\actions-runner\_work\xpco\xpco\allsolutions\..\mip\platformplugin\videoos.platform\unittest\bin\debug\net6.0-windows\videoos.platform.tests.dll" id="5af855bd-1073-0abf-ad45-fc121c142707">
      <Execution id="46acb5b3-93d8-4c97-b65f-3fe06d8ff072" />
      <TestMethod codeBase="D:\actions-runner\_work\XPCO\XPCO\AllSolutions\..\MIP\PlatformPlugin\VideoOS.Platform\unittest\bin\Debug\net6.0-windows\VideoOS.Platform.Tests.dll" adapterTypeName="executor://mstestadapter/v2" className="VideoOS.Platform.Tests.UI.Converters.LambdaConverterTest" name="Convert_MultiArgumentConverter_ShouldReturnConvertedValue_WhenArgumentsMatch" />
    </UnitTest>
    <UnitTest name="GenerateDeviceCapabilityParameters_ShouldWriteTypeDisplayName_WhenAlways" storage="d:\actions-runner\_work\xpco\xpco\allsolutions\..\mip\platformplugin\videoos.platform\unittest\bin\debug\net6.0-windows\videoos.platform.tests.dll" id="b05d6f18-6593-4fdf-8277-2d819867e350">
      <Execution id="abbd740e-2f78-45f0-954f-02b9ffbe15a9" />
      <TestMethod codeBase="D:\actions-runner\_work\XPCO\XPCO\AllSolutions\..\MIP\PlatformPlugin\VideoOS.Platform\unittest\bin\Debug\net6.0-windows\VideoOS.Platform.Tests.dll" adapterTypeName="executor://mstestadapter/v2" className="VideoOS.Platform.Tests.Data.MetadataDeviceCapabilityTests" name="GenerateDeviceCapabilityParameters_ShouldWriteTypeDisplayName_WhenAlways" />
    </UnitTest>
    <UnitTest name="Serialize_TestCases (TestParentTypeMatchGenericThisTypeMatched)" storage="d:\actions-runner\_work\xpco\xpco\allsolutions\..\mip\platformplugin\videoos.platform\unittest\bin\debug\net6.0-windows\videoos.platform.tests.dll" id="fe6933ba-92e5-ddd8-81b2-ddec0ef429cb">
      <Execution id="229b797c-1d06-4598-9082-576285af72ea" />
      <TestMethod codeBase="D:\actions-runner\_work\XPCO\XPCO\AllSolutions\..\MIP\PlatformPlugin\VideoOS.Platform\unittest\bin\Debug\net6.0-windows\VideoOS.Platform.Tests.dll" adapterTypeName="executor://mstestadapter/v2" className="VideoOS.Platform.Tests.UI.Controls.Automation.Serialization.AutomationObjectSerializerTest" name="Serialize_TestCases" />
    </UnitTest>
    <UnitTest name="GetIdFromPath_ShouldReturnId_FromShortPath" storage="d:\actions-runner\_work\xpco\xpco\allsolutions\..\mip\platformplugin\videoos.platform\unittest\bin\debug\net6.0-windows\videoos.platform.tests.dll" id="cb13d9c3-56f2-276b-f315-14e9213934da">
      <Execution id="8b4b94eb-5919-45a7-a246-d33d7a2e31a7" />
      <TestMethod codeBase="D:\actions-runner\_work\XPCO\XPCO\AllSolutions\..\MIP\PlatformPlugin\VideoOS.Platform\unittest\bin\Debug\net6.0-windows\VideoOS.Platform.Tests.dll" adapterTypeName="executor://mstestadapter/v2" className="VideoOS.Platform.Tests.ConfigurationItems.FactoryTests" name="GetIdFromPath_ShouldReturnId_FromShortPath" />
    </UnitTest>
    <UnitTest name="Serialize_TestCases (TestParentTypeMatchInterfaceThisTypeMatchedProperty)" storage="d:\actions-runner\_work\xpco\xpco\allsolutions\..\mip\platformplugin\videoos.platform\unittest\bin\debug\net6.0-windows\videoos.platform.tests.dll" id="44f3c5c5-ae4b-6e15-d7ce-1234ea127a5e">
      <Execution id="f38b5289-a034-4ac9-bb97-aa4186c1b5d6" />
      <TestMethod codeBase="D:\actions-runner\_work\XPCO\XPCO\AllSolutions\..\MIP\PlatformPlugin\VideoOS.Platform\unittest\bin\Debug\net6.0-windows\VideoOS.Platform.Tests.dll" adapterTypeName="executor://mstestadapter/v2" className="VideoOS.Platform.Tests.UI.Controls.Automation.Serialization.AutomationObjectSerializerTest" name="Serialize_TestCases" />
    </UnitTest>
    <UnitTest name="ReadXml_ShouldLogWarningOnlyOnceWithinOneMinute_WhenBoundingBoxIsIncomplete" storage="d:\actions-runner\_work\xpco\xpco\allsolutions\..\mip\platformplugin\videoos.platform\unittest\bin\debug\net6.0-windows\videoos.platform.tests.dll" id="ad0265a0-96ba-5103-cd9d-a51d12bc6389">
      <Execution id="da98c181-ff87-4ab1-a899-50c71d249112" />
      <TestMethod codeBase="D:\actions-runner\_work\XPCO\XPCO\AllSolutions\..\MIP\PlatformPlugin\VideoOS.Platform\unittest\bin\Debug\net6.0-windows\VideoOS.Platform.Tests.dll" adapterTypeName="executor://mstestadapter/v2" className="VideoOS.Platform.Tests.Metadata.ShapeTests" name="ReadXml_ShouldLogWarningOnlyOnceWithinOneMinute_WhenBoundingBoxIsIncomplete" />
    </UnitTest>
    <UnitTest name="Minimize_ShouldReturnOneInterval_WhenListContainsTwoOverlappingIntervalsReversed" storage="d:\actions-runner\_work\xpco\xpco\allsolutions\..\mip\platformplugin\videoos.platform\unittest\bin\debug\net6.0-windows\videoos.platform.tests.dll" id="014a068d-cf03-ed2b-0a73-be788526e910">
      <Execution id="49b1e879-6d01-40f0-94f8-60dbf21ea2a0" />
      <TestMethod codeBase="D:\actions-runner\_work\XPCO\XPCO\AllSolutions\..\MIP\PlatformPlugin\VideoOS.Platform\unittest\bin\Debug\net6.0-windows\VideoOS.Platform.Tests.dll" adapterTypeName="executor://mstestadapter/v2" className="VideoOS.Platform.Tests.Util.TimeIntervalTests" name="Minimize_ShouldReturnOneInterval_WhenListContainsTwoOverlappingIntervalsReversed" />
    </UnitTest>
    <UnitTest name="GenerateTypeDefinintionParameters_ShouldWriteDisplayId_WhenAlways" storage="d:\actions-runner\_work\xpco\xpco\allsolutions\..\mip\platformplugin\videoos.platform\unittest\bin\debug\net6.0-windows\videoos.platform.tests.dll" id="7686eb08-d24a-c580-7754-5f201e5cc693">
      <Execution id="600797bd-cf38-4592-b532-cffc064f87cf" />
      <TestMethod codeBase="D:\actions-runner\_work\XPCO\XPCO\AllSolutions\..\MIP\PlatformPlugin\VideoOS.Platform\unittest\bin\Debug\net6.0-windows\VideoOS.Platform.Tests.dll" adapterTypeName="executor://mstestadapter/v2" className="VideoOS.Platform.Tests.Data.MetadataTypeDefinitionTests" name="GenerateTypeDefinintionParameters_ShouldWriteDisplayId_WhenAlways" />
    </UnitTest>
    <UnitTest name="ConstructorInt_ShouldReturnCorrectArgbValues_Always" storage="d:\actions-runner\_work\xpco\xpco\allsolutions\..\mip\platformplugin\videoos.platform\unittest\bin\debug\net6.0-windows\videoos.platform.tests.dll" id="256352cb-a01d-67ee-0151-ab9132f46725">
      <Execution id="936ed654-70c0-462d-86f4-ef9e3c234bb4" />
      <TestMethod codeBase="D:\actions-runner\_work\XPCO\XPCO\AllSolutions\..\MIP\PlatformPlugin\VideoOS.Platform\unittest\bin\Debug\net6.0-windows\VideoOS.Platform.Tests.dll" adapterTypeName="executor://mstestadapter/v2" className="VideoOS.Platform.Tests.Metadata.DisplayColorTests" name="ConstructorInt_ShouldReturnCorrectArgbValues_Always" />
    </UnitTest>
    <UnitTest name="AllowGroupSelection_AutoCloseOnSelect_GroupSelected" storage="d:\actions-runner\_work\xpco\xpco\allsolutions\..\mip\platformplugin\videoos.platform\unittest\bin\debug\net6.0-windows\videoos.platform.tests.dll" id="c1d45865-15fa-0d84-a5d0-67059817b5ff">
      <Execution id="f22eac90-ef62-4cd9-960d-5f64b86c96ba" />
      <TestMethod codeBase="D:\actions-runner\_work\XPCO\XPCO\AllSolutions\..\MIP\PlatformPlugin\VideoOS.Platform\unittest\bin\Debug\net6.0-windows\VideoOS.Platform.Tests.dll" adapterTypeName="executor://mstestadapter/v2" className="VideoOS.Platform.Tests.UI.ItemPicker.ItemPickerViewModelTest" name="AllowGroupSelection_AutoCloseOnSelect_GroupSelected" />
    </UnitTest>
    <UnitTest name="WriteAppearanceExtenstionXml_ShouldWriteFillColor_WhenFillColorIsPresent" storage="d:\actions-runner\_work\xpco\xpco\allsolutions\..\mip\platformplugin\videoos.platform\unittest\bin\debug\net6.0-windows\videoos.platform.tests.dll" id="50a956ce-9348-bb74-74bb-95ec2b1592c0">
      <Execution id="eaa93222-0419-47aa-a5d6-0229d1991717" />
      <TestMethod codeBase="D:\actions-runner\_work\XPCO\XPCO\AllSolutions\..\MIP\PlatformPlugin\VideoOS.Platform\unittest\bin\Debug\net6.0-windows\VideoOS.Platform.Tests.dll" adapterTypeName="executor://mstestadapter/v2" className="VideoOS.Platform.Tests.Metadata.RectangleTests" name="WriteAppearanceExtenstionXml_ShouldWriteFillColor_WhenFillColorIsPresent" />
    </UnitTest>
    <UnitTest name="RemovePredicate_KeyNotPresent_DoesNothing" storage="d:\actions-runner\_work\xpco\xpco\allsolutions\..\mip\platformplugin\videoos.platform\unittest\bin\debug\net6.0-windows\videoos.platform.tests.dll" id="3827ef79-3081-082a-a862-859949cd62b9">
      <Execution id="2a2691f1-ce69-4073-9ee5-775186ef1924" />
      <TestMethod codeBase="D:\actions-runner\_work\XPCO\XPCO\AllSolutions\..\MIP\PlatformPlugin\VideoOS.Platform\unittest\bin\Debug\net6.0-windows\VideoOS.Platform.Tests.dll" adapterTypeName="executor://mstestadapter/v2" className="VideoOS.Platform.Tests.Util.Queue.LRUCacheTests" name="RemovePredicate_KeyNotPresent_DoesNothing" />
    </UnitTest>
    <UnitTest name="ReadXml_ShouldReadUtcTimeAttribute_WhenPresent" storage="d:\actions-runner\_work\xpco\xpco\allsolutions\..\mip\platformplugin\videoos.platform\unittest\bin\debug\net6.0-windows\videoos.platform.tests.dll" id="372ecc8a-19e9-247e-0d4c-31a691ba7b09">
      <Execution id="f96bf201-27f4-447e-9ea9-118d985c4cef" />
      <TestMethod codeBase="D:\actions-runner\_work\XPCO\XPCO\AllSolutions\..\MIP\PlatformPlugin\VideoOS.Platform\unittest\bin\Debug\net6.0-windows\VideoOS.Platform.Tests.dll" adapterTypeName="executor://mstestadapter/v2" className="VideoOS.Platform.Tests.Metadata.FrameTests" name="ReadXml_ShouldReadUtcTimeAttribute_WhenPresent" />
    </UnitTest>
    <UnitTest name="Stop_EmptyQueue_IsStoppedSet" storage="d:\actions-runner\_work\xpco\xpco\allsolutions\..\mip\platformplugin\videoos.platform\unittest\bin\debug\net6.0-windows\videoos.platform.tests.dll" id="cc93f70b-f9b0-21f7-faba-e1868435194b">
      <Execution id="bd6de7e8-c2fc-445d-a7ca-a52127a7933d" />
      <TestMethod codeBase="D:\actions-runner\_work\XPCO\XPCO\AllSolutions\..\MIP\PlatformPlugin\VideoOS.Platform\unittest\bin\Debug\net6.0-windows\VideoOS.Platform.Tests.dll" adapterTypeName="executor://mstestadapter/v2" className="VideoOS.Platform.Tests.Util.Queue.ConcurrentQueueSlimTests" name="Stop_EmptyQueue_IsStoppedSet" />
    </UnitTest>
    <UnitTest name="ServerId_ShouldNotReturnNull" storage="d:\actions-runner\_work\xpco\xpco\allsolutions\..\mip\platformplugin\videoos.platform\unittest\bin\debug\net6.0-windows\videoos.platform.tests.dll" id="d30c0506-60c3-3624-baf0-3cabb1483786">
      <Execution id="5755fa2e-33df-436d-8245-a38c2ddd4930" />
      <TestMethod codeBase="D:\actions-runner\_work\XPCO\XPCO\AllSolutions\..\MIP\PlatformPlugin\VideoOS.Platform\unittest\bin\Debug\net6.0-windows\VideoOS.Platform.Tests.dll" adapterTypeName="executor://mstestadapter/v2" className="VideoOS.Platform.Tests.Util.ConfigurationCacheTests" name="ServerId_ShouldNotReturnNull" />
    </UnitTest>
    <UnitTest name="Dequeue_TwoConsumers_Success" storage="d:\actions-runner\_work\xpco\xpco\allsolutions\..\mip\platformplugin\videoos.platform\unittest\bin\debug\net6.0-windows\videoos.platform.tests.dll" id="65d04660-c78c-f9e9-ce4c-0226775bf0c4">
      <Execution id="9084888a-e380-4156-b143-e4b571dd88e2" />
      <TestMethod codeBase="D:\actions-runner\_work\XPCO\XPCO\AllSolutions\..\MIP\PlatformPlugin\VideoOS.Platform\unittest\bin\Debug\net6.0-windows\VideoOS.Platform.Tests.dll" adapterTypeName="executor://mstestadapter/v2" className="VideoOS.Platform.Tests.Util.Queue.ConcurrentQueueSlimTests" name="Dequeue_TwoConsumers_Success" />
    </UnitTest>
    <UnitTest name="KindsFilter_Presets_ShowsCamerasAndPresets" storage="d:\actions-runner\_work\xpco\xpco\allsolutions\..\mip\platformplugin\videoos.platform\unittest\bin\debug\net6.0-windows\videoos.platform.tests.dll" id="eccd7b47-7a8f-ac65-26ef-40b4723d9415">
      <Execution id="ec5f9d1c-0b1d-4af3-a541-c4b10c647335" />
      <TestMethod codeBase="D:\actions-runner\_work\XPCO\XPCO\AllSolutions\..\MIP\PlatformPlugin\VideoOS.Platform\unittest\bin\Debug\net6.0-windows\VideoOS.Platform.Tests.dll" adapterTypeName="executor://mstestadapter/v2" className="VideoOS.Platform.Tests.UI.ItemPicker.PopulateThreadTest" name="KindsFilter_Presets_ShowsCamerasAndPresets" />
    </UnitTest>
    <UnitTest name="Serialize_TestCases (TestParentTypeMatchInterfaceNotThisTypeMatched)" storage="d:\actions-runner\_work\xpco\xpco\allsolutions\..\mip\platformplugin\videoos.platform\unittest\bin\debug\net6.0-windows\videoos.platform.tests.dll" id="7f0dc770-de51-01fc-0418-ecabb4649b1e">
      <Execution id="8cc83d11-3102-4d1a-8ee9-e3a50765e0d5" />
      <TestMethod codeBase="D:\actions-runner\_work\XPCO\XPCO\AllSolutions\..\MIP\PlatformPlugin\VideoOS.Platform\unittest\bin\Debug\net6.0-windows\VideoOS.Platform.Tests.dll" adapterTypeName="executor://mstestadapter/v2" className="VideoOS.Platform.Tests.UI.Controls.Automation.Serialization.AutomationObjectSerializerTest" name="Serialize_TestCases" />
    </UnitTest>
    <UnitTest name="GenerateTypeDefinintionParameters_ShouldWriteNumberOfCapabilities_WhenAlways" storage="d:\actions-runner\_work\xpco\xpco\allsolutions\..\mip\platformplugin\videoos.platform\unittest\bin\debug\net6.0-windows\videoos.platform.tests.dll" id="aeeaebaf-8448-f122-1094-fc83a31ad89a">
      <Execution id="f8b0b27d-1b85-4c7a-ad08-8086aff1e285" />
      <TestMethod codeBase="D:\actions-runner\_work\XPCO\XPCO\AllSolutions\..\MIP\PlatformPlugin\VideoOS.Platform\unittest\bin\Debug\net6.0-windows\VideoOS.Platform.Tests.dll" adapterTypeName="executor://mstestadapter/v2" className="VideoOS.Platform.Tests.Data.MetadataTypeDefinitionTests" name="GenerateTypeDefinintionParameters_ShouldWriteNumberOfCapabilities_WhenAlways" />
    </UnitTest>
    <UnitTest name="TryParseArgbString_ShouldCreateInstanceWithCorrectARGBValues_WhenFormatIsCorrect" storage="d:\actions-runner\_work\xpco\xpco\allsolutions\..\mip\platformplugin\videoos.platform\unittest\bin\debug\net6.0-windows\videoos.platform.tests.dll" id="8b839df5-395a-2e9c-1956-4200a4a4d5cd">
      <Execution id="39123c13-df6a-45e9-9658-c4840d91af71" />
      <TestMethod codeBase="D:\actions-runner\_work\XPCO\XPCO\AllSolutions\..\MIP\PlatformPlugin\VideoOS.Platform\unittest\bin\Debug\net6.0-windows\VideoOS.Platform.Tests.dll" adapterTypeName="executor://mstestadapter/v2" className="VideoOS.Platform.Tests.Metadata.DisplayColorTests" name="TryParseArgbString_ShouldCreateInstanceWithCorrectARGBValues_WhenFormatIsCorrect" />
    </UnitTest>
    <UnitTest name="Serialize_ShouldThrowException_WhenPropertyIsSimpleTypeButPathContainsChildren (IntProperty)" storage="d:\actions-runner\_work\xpco\xpco\allsolutions\..\mip\platformplugin\videoos.platform\unittest\bin\debug\net6.0-windows\videoos.platform.tests.dll" id="7788e309-ff81-f500-79ac-b11223af1ac3">
      <Execution id="2de90c4e-3eac-4fe3-942e-0cd4f979d14e" />
      <TestMethod codeBase="D:\actions-runner\_work\XPCO\XPCO\AllSolutions\..\MIP\PlatformPlugin\VideoOS.Platform\unittest\bin\Debug\net6.0-windows\VideoOS.Platform.Tests.dll" adapterTypeName="executor://mstestadapter/v2" className="VideoOS.Platform.Tests.UI.Controls.Automation.Serialization.AutomationObjectSerializerTest" name="Serialize_ShouldThrowException_WhenPropertyIsSimpleTypeButPathContainsChildren" />
    </UnitTest>
    <UnitTest name="Equals_IgnoreFolderType_Fail_OnKind" storage="d:\actions-runner\_work\xpco\xpco\allsolutions\..\mip\platformplugin\videoos.platform\unittest\bin\debug\net6.0-windows\videoos.platform.tests.dll" id="bd62b9df-9183-e39d-353c-d0a2ca44c2da">
      <Execution id="0425e7cc-90f6-47a7-a48b-45383abf1113" />
      <TestMethod codeBase="D:\actions-runner\_work\XPCO\XPCO\AllSolutions\..\MIP\PlatformPlugin\VideoOS.Platform\unittest\bin\Debug\net6.0-windows\VideoOS.Platform.Tests.dll" adapterTypeName="executor://mstestadapter/v2" className="VideoOS.Platform.Tests.FQIDtests" name="Equals_IgnoreFolderType_Fail_OnKind" />
    </UnitTest>
    <UnitTest name="IsCriteriaAccepted_WithKindsFilter_ValidInput_True" storage="d:\actions-runner\_work\xpco\xpco\allsolutions\..\mip\platformplugin\videoos.platform\unittest\bin\debug\net6.0-windows\videoos.platform.tests.dll" id="bc715522-4e2d-31ab-3b59-559f11d2404a">
      <Execution id="54382daa-dbd6-4b13-b180-01e69df278f2" />
      <TestMethod codeBase="D:\actions-runner\_work\XPCO\XPCO\AllSolutions\..\MIP\PlatformPlugin\VideoOS.Platform\unittest\bin\Debug\net6.0-windows\VideoOS.Platform.Tests.dll" adapterTypeName="executor://mstestadapter/v2" className="VideoOS.Platform.Tests.UI.ItemPicker.ItemPickerViewModelTest" name="IsCriteriaAccepted_WithKindsFilter_ValidInput_True" />
    </UnitTest>
    <UnitTest name="Serialize_TestCases (TestParentTypeMatchEnumThisTypeMatched)" storage="d:\actions-runner\_work\xpco\xpco\allsolutions\..\mip\platformplugin\videoos.platform\unittest\bin\debug\net6.0-windows\videoos.platform.tests.dll" id="65da1668-3a91-f115-848c-a9bc5ab5e95f">
      <Execution id="89f31b62-7cee-44f9-8b23-dff70cce9ff7" />
      <TestMethod codeBase="D:\actions-runner\_work\XPCO\XPCO\AllSolutions\..\MIP\PlatformPlugin\VideoOS.Platform\unittest\bin\Debug\net6.0-windows\VideoOS.Platform.Tests.dll" adapterTypeName="executor://mstestadapter/v2" className="VideoOS.Platform.Tests.UI.Controls.Automation.Serialization.AutomationObjectSerializerTest" name="Serialize_TestCases" />
    </UnitTest>
    <UnitTest name="ReadXml_ShouldIgnoreFrame_WhenFrameIsPresenWithWrongNamespace" storage="d:\actions-runner\_work\xpco\xpco\allsolutions\..\mip\platformplugin\videoos.platform\unittest\bin\debug\net6.0-windows\videoos.platform.tests.dll" id="b9c508f0-a796-6104-1910-9ed8e83d2d6a">
      <Execution id="23622a1b-df11-40e4-bd93-60e2c80912b4" />
      <TestMethod codeBase="D:\actions-runner\_work\XPCO\XPCO\AllSolutions\..\MIP\PlatformPlugin\VideoOS.Platform\unittest\bin\Debug\net6.0-windows\VideoOS.Platform.Tests.dll" adapterTypeName="executor://mstestadapter/v2" className="VideoOS.Platform.Tests.Metadata.VideoAnalyticsTests" name="ReadXml_ShouldIgnoreFrame_WhenFrameIsPresenWithWrongNamespace" />
    </UnitTest>
    <UnitTest name="ReadXml_ShouldSetAllFieldsToDefaultValues_WhenElementIsEmpty" storage="d:\actions-runner\_work\xpco\xpco\allsolutions\..\mip\platformplugin\videoos.platform\unittest\bin\debug\net6.0-windows\videoos.platform.tests.dll" id="f020995b-abe3-d649-6f42-54b2532be4d9">
      <Execution id="5deb7672-9667-4440-b250-3e7599431a19" />
      <TestMethod codeBase="D:\actions-runner\_work\XPCO\XPCO\AllSolutions\..\MIP\PlatformPlugin\VideoOS.Platform\unittest\bin\Debug\net6.0-windows\VideoOS.Platform.Tests.dll" adapterTypeName="executor://mstestadapter/v2" className="VideoOS.Platform.Tests.Metadata.VideoAnalyticsTests" name="ReadXml_ShouldSetAllFieldsToDefaultValues_WhenElementIsEmpty" />
    </UnitTest>
    <UnitTest name="OriginalData_ShouldReturnEmptyList_WhenOriginalHasNotBeenSet" storage="d:\actions-runner\_work\xpco\xpco\allsolutions\..\mip\platformplugin\videoos.platform\unittest\bin\debug\net6.0-windows\videoos.platform.tests.dll" id="af1b57b7-d4d3-cc7c-77e2-0a953337a6f4">
      <Execution id="8b344623-baaa-406f-b095-a64a181a9ac7" />
      <TestMethod codeBase="D:\actions-runner\_work\XPCO\XPCO\AllSolutions\..\MIP\PlatformPlugin\VideoOS.Platform\unittest\bin\Debug\net6.0-windows\VideoOS.Platform.Tests.dll" adapterTypeName="executor://mstestadapter/v2" className="VideoOS.Platform.Tests.Metadata.MetadataStreamTests" name="OriginalData_ShouldReturnEmptyList_WhenOriginalHasNotBeenSet" />
    </UnitTest>
    <UnitTest name="Remove_KeyPresent_ReturnsTrueAndGetReturnsNullAndPostRemovalActionExecuted" storage="d:\actions-runner\_work\xpco\xpco\allsolutions\..\mip\platformplugin\videoos.platform\unittest\bin\debug\net6.0-windows\videoos.platform.tests.dll" id="40d07a9e-35f0-7d7b-e40e-ceb656623def">
      <Execution id="7ffbe203-2689-4099-bad6-badac2ca29b7" />
      <TestMethod codeBase="D:\actions-runner\_work\XPCO\XPCO\AllSolutions\..\MIP\PlatformPlugin\VideoOS.Platform\unittest\bin\Debug\net6.0-windows\VideoOS.Platform.Tests.dll" adapterTypeName="executor://mstestadapter/v2" className="VideoOS.Platform.Tests.Util.Queue.LRUCacheTests" name="Remove_KeyPresent_ReturnsTrueAndGetReturnsNullAndPostRemovalActionExecuted" />
    </UnitTest>
    <UnitTest name="FindCacheEntryAfter_ShuldReturnNull_WhenThereAreNoEntriesAfterTheTimestamp" storage="d:\actions-runner\_work\xpco\xpco\allsolutions\..\mip\platformplugin\videoos.platform\unittest\bin\debug\net6.0-windows\videoos.platform.tests.dll" id="48e1001e-d788-4f1f-114b-b2f616ae9b17">
      <Execution id="916e633f-6b98-42ee-ba14-b330137362f1" />
      <TestMethod codeBase="D:\actions-runner\_work\XPCO\XPCO\AllSolutions\..\MIP\PlatformPlugin\VideoOS.Platform\unittest\bin\Debug\net6.0-windows\VideoOS.Platform.Tests.dll" adapterTypeName="executor://mstestadapter/v2" className="VideoOS.Platform.Tests.Data.MetadataCacheTests" name="FindCacheEntryAfter_ShuldReturnNull_WhenThereAreNoEntriesAfterTheTimestamp" />
    </UnitTest>
    <UnitTest name="ProvideValue_ShouldUpdateTargetProperty_WhenDataContextINPCValueChanges" storage="d:\actions-runner\_work\xpco\xpco\allsolutions\..\mip\platformplugin\videoos.platform\unittest\bin\debug\net6.0-windows\videoos.platform.tests.dll" id="3a86bace-7c8b-cb31-de17-695019225dec">
      <TestCategory>
        <TestCategoryItem TestCategory="TabControls" />
      </TestCategory>
      <Execution id="6426e8e7-6498-48f2-bb88-fca9a8efad44" />
      <TestMethod codeBase="D:\actions-runner\_work\XPCO\XPCO\AllSolutions\..\MIP\PlatformPlugin\VideoOS.Platform\unittest\bin\Debug\net6.0-windows\VideoOS.Platform.Tests.dll" adapterTypeName="executor://mstestadapter/v2" className="VideoOS.Platform.Tests.UI.Controls.TabControls.Internal.Primary.ItemHeaderExtensionTest" name="ProvideValue_ShouldUpdateTargetProperty_WhenDataContextINPCValueChanges" />
    </UnitTest>
    <UnitTest name="ServerIdWithHttps_CheckSerialization_Success" storage="d:\actions-runner\_work\xpco\xpco\allsolutions\..\mip\platformplugin\videoos.platform\unittest\bin\debug\net6.0-windows\videoos.platform.tests.dll" id="a75415d5-8f48-5b6a-949c-d1ac83acad3d">
      <Execution id="89669a1a-ea86-4c02-b78c-317ef050eba4" />
      <TestMethod codeBase="D:\actions-runner\_work\XPCO\XPCO\AllSolutions\..\MIP\PlatformPlugin\VideoOS.Platform\unittest\bin\Debug\net6.0-windows\VideoOS.Platform.Tests.dll" adapterTypeName="executor://mstestadapter/v2" className="VideoOS.Platform.Tests.FQIDtests" name="ServerIdWithHttps_CheckSerialization_Success" />
    </UnitTest>
    <UnitTest name="Equals_IgnoreFolderType_Check" storage="d:\actions-runner\_work\xpco\xpco\allsolutions\..\mip\platformplugin\videoos.platform\unittest\bin\debug\net6.0-windows\videoos.platform.tests.dll" id="6c0d7995-8533-0e6b-e22a-6af26babe546">
      <Execution id="3db26679-b41f-412c-92ae-e4ba692d475c" />
      <TestMethod codeBase="D:\actions-runner\_work\XPCO\XPCO\AllSolutions\..\MIP\PlatformPlugin\VideoOS.Platform\unittest\bin\Debug\net6.0-windows\VideoOS.Platform.Tests.dll" adapterTypeName="executor://mstestadapter/v2" className="VideoOS.Platform.Tests.FQIDtests" name="Equals_IgnoreFolderType_Check" />
    </UnitTest>
    <UnitTest name="Equals_Fail_OnServerIdId" storage="d:\actions-runner\_work\xpco\xpco\allsolutions\..\mip\platformplugin\videoos.platform\unittest\bin\debug\net6.0-windows\videoos.platform.tests.dll" id="276c0e6d-3f7a-82fd-4800-9c53564baba3">
      <Execution id="0cd134ba-53bf-4f54-adf1-bf745da15d2f" />
      <TestMethod codeBase="D:\actions-runner\_work\XPCO\XPCO\AllSolutions\..\MIP\PlatformPlugin\VideoOS.Platform\unittest\bin\Debug\net6.0-windows\VideoOS.Platform.Tests.dll" adapterTypeName="executor://mstestadapter/v2" className="VideoOS.Platform.Tests.FQIDtests" name="Equals_Fail_OnServerIdId" />
    </UnitTest>
    <UnitTest name="Flush_ShouldClearCache" storage="d:\actions-runner\_work\xpco\xpco\allsolutions\..\mip\platformplugin\videoos.platform\unittest\bin\debug\net6.0-windows\videoos.platform.tests.dll" id="1ebf1719-320f-c38b-2f84-2a795fe44eb1">
      <Execution id="977ad1cc-825e-40be-a863-527b0d3f9b28" />
      <TestMethod codeBase="D:\actions-runner\_work\XPCO\XPCO\AllSolutions\..\MIP\PlatformPlugin\VideoOS.Platform\unittest\bin\Debug\net6.0-windows\VideoOS.Platform.Tests.dll" adapterTypeName="executor://mstestadapter/v2" className="VideoOS.Platform.Tests.Util.ConfigurationCacheTests" name="Flush_ShouldClearCache" />
    </UnitTest>
    <UnitTest name="IsValid_ShouldReturnFalse_WhenLikelihoodIsZero" storage="d:\actions-runner\_work\xpco\xpco\allsolutions\..\mip\platformplugin\videoos.platform\unittest\bin\debug\net6.0-windows\videoos.platform.tests.dll" id="beb002c5-eb95-8910-8bc5-4aa180fe028d">
      <Execution id="8cdb618b-99e7-4f41-82b4-5744f685a9a1" />
      <TestMethod codeBase="D:\actions-runner\_work\XPCO\XPCO\AllSolutions\..\MIP\PlatformPlugin\VideoOS.Platform\unittest\bin\Debug\net6.0-windows\VideoOS.Platform.Tests.dll" adapterTypeName="executor://mstestadapter/v2" className="VideoOS.Platform.Tests.Metadata.ClassCandidateTests" name="IsValid_ShouldReturnFalse_WhenLikelihoodIsZero" />
    </UnitTest>
    <UnitTest name="TestRestartSearch_DefinitionNotRespectingCancellation_Success" storage="d:\actions-runner\_work\xpco\xpco\allsolutions\..\mip\platformplugin\videoos.platform\unittest\bin\debug\net6.0-windows\videoos.platform.tests.dll" id="1ac2e93a-b365-1e96-2efb-b968ca2d75c7">
      <TestCategory>
        <TestCategoryItem TestCategory="Search" />
      </TestCategory>
      <Execution id="295181db-c5b4-4ee1-9ef8-2e7d6811a05f" />
      <TestMethod codeBase="D:\actions-runner\_work\XPCO\XPCO\AllSolutions\..\MIP\PlatformPlugin\VideoOS.Platform\unittest\bin\Debug\net6.0-windows\VideoOS.Platform.Tests.dll" adapterTypeName="executor://mstestadapter/v2" className="VideoOS.Platform.Tests.Search.SearchManagerTest" name="TestRestartSearch_DefinitionNotRespectingCancellation_Success" />
    </UnitTest>
    <UnitTest name="Equals_ShouldReturnTrue_WhenHostDifferOnlyByPortInHost" storage="d:\actions-runner\_work\xpco\xpco\allsolutions\..\mip\platformplugin\videoos.platform\unittest\bin\debug\net6.0-windows\videoos.platform.tests.dll" id="88b3639f-ec99-90c4-a195-d859d4e9c60c">
      <Execution id="03075fd6-ed11-483f-ad7d-b981a27925a2" />
      <TestMethod codeBase="D:\actions-runner\_work\XPCO\XPCO\AllSolutions\..\MIP\PlatformPlugin\VideoOS.Platform\unittest\bin\Debug\net6.0-windows\VideoOS.Platform.Tests.dll" adapterTypeName="executor://mstestadapter/v2" className="VideoOS.Platform.Tests.ServerIdTests" name="Equals_ShouldReturnTrue_WhenHostDifferOnlyByPortInHost" />
    </UnitTest>
    <UnitTest name="Construct2_And_Field_Check" storage="d:\actions-runner\_work\xpco\xpco\allsolutions\..\mip\platformplugin\videoos.platform\unittest\bin\debug\net6.0-windows\videoos.platform.tests.dll" id="20458d0b-b85c-491e-b4ab-b9b8494bb490">
      <Execution id="b5f9eed1-de95-472e-94fc-b5db623294c8" />
      <TestMethod codeBase="D:\actions-runner\_work\XPCO\XPCO\AllSolutions\..\MIP\PlatformPlugin\VideoOS.Platform\unittest\bin\Debug\net6.0-windows\VideoOS.Platform.Tests.dll" adapterTypeName="executor://mstestadapter/v2" className="VideoOS.Platform.Tests.ItemTests" name="Construct2_And_Field_Check" />
    </UnitTest>
    <UnitTest name="LastModified_ShouldReturnValue" storage="d:\actions-runner\_work\xpco\xpco\allsolutions\..\mip\platformplugin\videoos.platform\unittest\bin\debug\net6.0-windows\videoos.platform.tests.dll" id="cc8be762-b7fa-6acb-868c-b6f8dd397e9b">
      <Execution id="e5133cdb-2026-4274-8025-968ebad09d58" />
      <TestMethod codeBase="D:\actions-runner\_work\XPCO\XPCO\AllSolutions\..\MIP\PlatformPlugin\VideoOS.Platform\unittest\bin\Debug\net6.0-windows\VideoOS.Platform.Tests.dll" adapterTypeName="executor://mstestadapter/v2" className="VideoOS.Platform.Tests.Util.ConfigurationCacheTests" name="LastModified_ShouldReturnValue" />
    </UnitTest>
    <UnitTest name="SetChildren_UnKnown_Check" storage="d:\actions-runner\_work\xpco\xpco\allsolutions\..\mip\platformplugin\videoos.platform\unittest\bin\debug\net6.0-windows\videoos.platform.tests.dll" id="2de77298-4b39-f702-f7c5-8b8c0ceb02ec">
      <Execution id="d946cc9d-bd0b-4cfe-9ea7-b3d9950bc9cc" />
      <TestMethod codeBase="D:\actions-runner\_work\XPCO\XPCO\AllSolutions\..\MIP\PlatformPlugin\VideoOS.Platform\unittest\bin\Debug\net6.0-windows\VideoOS.Platform.Tests.dll" adapterTypeName="executor://mstestadapter/v2" className="VideoOS.Platform.Tests.ItemTests" name="SetChildren_UnKnown_Check" />
    </UnitTest>
    <UnitTest name="TestConstructor_NullExceptionParameters_Failure" storage="d:\actions-runner\_work\xpco\xpco\allsolutions\..\mip\platformplugin\videoos.platform\unittest\bin\debug\net6.0-windows\videoos.platform.tests.dll" id="bbdf2549-aad3-7a58-579e-b0fce02debdf">
      <Execution id="35cf3bec-db3c-4082-a6b0-b08df2bb370a" />
      <TestMethod codeBase="D:\actions-runner\_work\XPCO\XPCO\AllSolutions\..\MIP\PlatformPlugin\VideoOS.Platform\unittest\bin\Debug\net6.0-windows\VideoOS.Platform.Tests.dll" adapterTypeName="executor://mstestadapter/v2" className="VideoOS.Platform.Tests.Search.Error.CustomSearchErrorTest" name="TestConstructor_NullExceptionParameters_Failure" />
    </UnitTest>
    <UnitTest name="ReadXml_ShouldSetAllFieldsToNull_ThatAreNotPresentInXml" storage="d:\actions-runner\_work\xpco\xpco\allsolutions\..\mip\platformplugin\videoos.platform\unittest\bin\debug\net6.0-windows\videoos.platform.tests.dll" id="3c6ec36d-3aca-cc8c-f540-f0674fae16f9">
      <Execution id="f1fac41e-68fd-4e0e-9821-f40e5c7ae249" />
      <TestMethod codeBase="D:\actions-runner\_work\XPCO\XPCO\AllSolutions\..\MIP\PlatformPlugin\VideoOS.Platform\unittest\bin\Debug\net6.0-windows\VideoOS.Platform.Tests.dll" adapterTypeName="executor://mstestadapter/v2" className="VideoOS.Platform.Tests.Metadata.MetadataStreamTests" name="ReadXml_ShouldSetAllFieldsToNull_ThatAreNotPresentInXml" />
    </UnitTest>
    <UnitTest name="ReadXml_ShouldSetAllPropertiesToFalse_WhenElementIsEmpty" storage="d:\actions-runner\_work\xpco\xpco\allsolutions\..\mip\platformplugin\videoos.platform\unittest\bin\debug\net6.0-windows\videoos.platform.tests.dll" id="b10c5cfd-13d5-732d-40b9-1c8a8f0d6512">
      <Execution id="4d83003c-ed3f-439d-9f81-d57cd84e61aa" />
      <TestMethod codeBase="D:\actions-runner\_work\XPCO\XPCO\AllSolutions\..\MIP\PlatformPlugin\VideoOS.Platform\unittest\bin\Debug\net6.0-windows\VideoOS.Platform.Tests.dll" adapterTypeName="executor://mstestadapter/v2" className="VideoOS.Platform.Tests.Metadata.BehaviourTests" name="ReadXml_ShouldSetAllPropertiesToFalse_WhenElementIsEmpty" />
    </UnitTest>
    <UnitTest name="TestMultiLevelQueue_ParallelResourceProcessors_Success" storage="d:\actions-runner\_work\xpco\xpco\allsolutions\..\mip\platformplugin\videoos.platform\unittest\bin\debug\net6.0-windows\videoos.platform.tests.dll" id="47a53b29-7b9e-c9bf-9646-9c0d3127b256">
      <Execution id="19da9c47-77dc-4d20-9b14-59b8423476f9" />
      <TestMethod codeBase="D:\actions-runner\_work\XPCO\XPCO\AllSolutions\..\MIP\PlatformPlugin\VideoOS.Platform\unittest\bin\Debug\net6.0-windows\VideoOS.Platform.Tests.dll" adapterTypeName="executor://mstestadapter/v2" className="VideoOS.Platform.Tests.Util.Queue.MultiLevelResourceQueueTests" name="TestMultiLevelQueue_ParallelResourceProcessors_Success" />
    </UnitTest>
    <UnitTest name="GetItems_ShouldReturnNull_WhenNotAllAdded" storage="d:\actions-runner\_work\xpco\xpco\allsolutions\..\mip\platformplugin\videoos.platform\unittest\bin\debug\net6.0-windows\videoos.platform.tests.dll" id="e56c4b03-9d5d-a70b-1573-44a88bf4c200">
      <Execution id="01affb58-26fb-44ad-bf09-0b229aa282b6" />
      <TestMethod codeBase="D:\actions-runner\_work\XPCO\XPCO\AllSolutions\..\MIP\PlatformPlugin\VideoOS.Platform\unittest\bin\Debug\net6.0-windows\VideoOS.Platform.Tests.dll" adapterTypeName="executor://mstestadapter/v2" className="VideoOS.Platform.Tests.Util.ConfigurationCacheTests" name="GetItems_ShouldReturnNull_WhenNotAllAdded" />
    </UnitTest>
    <UnitTest name="ProvideValue_ShouldNotSetTargetProperty_WhenSelectedItemIsNotSet" storage="d:\actions-runner\_work\xpco\xpco\allsolutions\..\mip\platformplugin\videoos.platform\unittest\bin\debug\net6.0-windows\videoos.platform.tests.dll" id="480bc1d4-3034-9948-bf19-a924b6ce5c64">
      <TestCategory>
        <TestCategoryItem TestCategory="DropDowns" />
      </TestCategory>
      <Execution id="076c218e-5c4a-4387-91a7-3166bf4f70d7" />
      <TestMethod codeBase="D:\actions-runner\_work\XPCO\XPCO\AllSolutions\..\MIP\PlatformPlugin\VideoOS.Platform\unittest\bin\Debug\net6.0-windows\VideoOS.Platform.Tests.dll" adapterTypeName="executor://mstestadapter/v2" className="VideoOS.Platform.Tests.UI.Controls.DropDowns.Internal.SelectedItemIconSourceExtensionTest" name="ProvideValue_ShouldNotSetTargetProperty_WhenSelectedItemIsNotSet" />
    </UnitTest>
    <UnitTest name="TestStartSearch_SearchThrowsException_Success" storage="d:\actions-runner\_work\xpco\xpco\allsolutions\..\mip\platformplugin\videoos.platform\unittest\bin\debug\net6.0-windows\videoos.platform.tests.dll" id="75ddd398-1cad-151d-e563-84e2015359ae">
      <TestCategory>
        <TestCategoryItem TestCategory="Search" />
      </TestCategory>
      <Execution id="453e1e93-007b-4ea5-a672-a5f470a74447" />
      <TestMethod codeBase="D:\actions-runner\_work\XPCO\XPCO\AllSolutions\..\MIP\PlatformPlugin\VideoOS.Platform\unittest\bin\Debug\net6.0-windows\VideoOS.Platform.Tests.dll" adapterTypeName="executor://mstestadapter/v2" className="VideoOS.Platform.Tests.Search.SearchManagerTest" name="TestStartSearch_SearchThrowsException_Success" />
    </UnitTest>
    <UnitTest name="ReadXml_ShouldReadScale_WhenScaleIsPresent" storage="d:\actions-runner\_work\xpco\xpco\allsolutions\..\mip\platformplugin\videoos.platform\unittest\bin\debug\net6.0-windows\videoos.platform.tests.dll" id="179839b6-b471-f653-0f2c-79b9d0414c3f">
      <Execution id="55fa22c7-a424-42c5-8d89-bafb43d77696" />
      <TestMethod codeBase="D:\actions-runner\_work\XPCO\XPCO\AllSolutions\..\MIP\PlatformPlugin\VideoOS.Platform\unittest\bin\Debug\net6.0-windows\VideoOS.Platform.Tests.dll" adapterTypeName="executor://mstestadapter/v2" className="VideoOS.Platform.Tests.Metadata.TransformationTests" name="ReadXml_ShouldReadScale_WhenScaleIsPresent" />
    </UnitTest>
    <UnitTest name="Get_Element" storage="d:\actions-runner\_work\xpco\xpco\allsolutions\..\mip\platformplugin\videoos.platform\unittest\bin\debug\net6.0-windows\videoos.platform.tests.dll" id="58e16725-e739-c95e-f63b-6da9cd475080">
      <Execution id="c3457301-c52f-4a9a-b49f-fa15a3c3607d" />
      <TestMethod codeBase="D:\actions-runner\_work\XPCO\XPCO\AllSolutions\..\MIP\PlatformPlugin\VideoOS.Platform\unittest\bin\Debug\net6.0-windows\VideoOS.Platform.Tests.dll" adapterTypeName="executor://mstestadapter/v2" className="VideoOS.Platform.Tests.Proxy.RestApi.JsonReaderTests" name="Get_Element" />
    </UnitTest>
    <UnitTest name="ReadXml_ShouldReadBoundingBoxAppearanceExtension_WhenBoundingBoxAppearanceExtensionIsPresent" storage="d:\actions-runner\_work\xpco\xpco\allsolutions\..\mip\platformplugin\videoos.platform\unittest\bin\debug\net6.0-windows\videoos.platform.tests.dll" id="0daed256-eb5b-ff97-e9ff-02ba280c96b0">
      <Execution id="61846f47-727c-48df-9d36-15542cc56676" />
      <TestMethod codeBase="D:\actions-runner\_work\XPCO\XPCO\AllSolutions\..\MIP\PlatformPlugin\VideoOS.Platform\unittest\bin\Debug\net6.0-windows\VideoOS.Platform.Tests.dll" adapterTypeName="executor://mstestadapter/v2" className="VideoOS.Platform.Tests.Metadata.ShapeTests" name="ReadXml_ShouldReadBoundingBoxAppearanceExtension_WhenBoundingBoxAppearanceExtensionIsPresent" />
    </UnitTest>
    <UnitTest name="KindsFilter_OneKind_OnlyAllowedKindShown" storage="d:\actions-runner\_work\xpco\xpco\allsolutions\..\mip\platformplugin\videoos.platform\unittest\bin\debug\net6.0-windows\videoos.platform.tests.dll" id="9fd29388-e6f2-2ce9-7173-3d8e1efacf79">
      <Execution id="dc052c64-c4b6-422f-b018-e5e74bc88fde" />
      <TestMethod codeBase="D:\actions-runner\_work\XPCO\XPCO\AllSolutions\..\MIP\PlatformPlugin\VideoOS.Platform\unittest\bin\Debug\net6.0-windows\VideoOS.Platform.Tests.dll" adapterTypeName="executor://mstestadapter/v2" className="VideoOS.Platform.Tests.UI.ItemPicker.PopulateThreadTest" name="KindsFilter_OneKind_OnlyAllowedKindShown" />
    </UnitTest>
    <UnitTest name="Minimize_ShouldReturnTwoIntervals_WhenListContainsTwoNonOverlappingIntervalsReversed" storage="d:\actions-runner\_work\xpco\xpco\allsolutions\..\mip\platformplugin\videoos.platform\unittest\bin\debug\net6.0-windows\videoos.platform.tests.dll" id="9ef77c95-5283-32cc-e077-a32bcc727b45">
      <Execution id="78fea614-e7d0-47c3-8189-c73ce62c9b97" />
      <TestMethod codeBase="D:\actions-runner\_work\XPCO\XPCO\AllSolutions\..\MIP\PlatformPlugin\VideoOS.Platform\unittest\bin\Debug\net6.0-windows\VideoOS.Platform.Tests.dll" adapterTypeName="executor://mstestadapter/v2" className="VideoOS.Platform.Tests.Util.TimeIntervalTests" name="Minimize_ShouldReturnTwoIntervals_WhenListContainsTwoNonOverlappingIntervalsReversed" />
    </UnitTest>
    <UnitTest name="GetNearest_ShouldReturnLastElement_WhenTimestampIsSamesAsLastElement" storage="d:\actions-runner\_work\xpco\xpco\allsolutions\..\mip\platformplugin\videoos.platform\unittest\bin\debug\net6.0-windows\videoos.platform.tests.dll" id="d44d55cb-b29b-7590-3980-4d0ce2902600">
      <Execution id="8eae7f89-3c52-4148-bf2d-33b794cbc3f0" />
      <TestMethod codeBase="D:\actions-runner\_work\XPCO\XPCO\AllSolutions\..\MIP\PlatformPlugin\VideoOS.Platform\unittest\bin\Debug\net6.0-windows\VideoOS.Platform.Tests.dll" adapterTypeName="executor://mstestadapter/v2" className="VideoOS.Platform.Tests.Data.MetadataCacheTests" name="GetNearest_ShouldReturnLastElement_WhenTimestampIsSamesAsLastElement" />
    </UnitTest>
    <UnitTest name="Apply_ShouldDoNothing_WhenArgumentIsNull" storage="d:\actions-runner\_work\xpco\xpco\allsolutions\..\mip\platformplugin\videoos.platform\unittest\bin\debug\net6.0-windows\videoos.platform.tests.dll" id="3164fb82-de29-8026-529f-6acf36741c8b">
      <Execution id="30d9627c-13bc-4fb4-9982-4d03313613fb" />
      <TestMethod codeBase="D:\actions-runner\_work\XPCO\XPCO\AllSolutions\..\MIP\PlatformPlugin\VideoOS.Platform\unittest\bin\Debug\net6.0-windows\VideoOS.Platform.Tests.dll" adapterTypeName="executor://mstestadapter/v2" className="VideoOS.Platform.Tests.Metadata.RectangleTests" name="Apply_ShouldDoNothing_WhenArgumentIsNull" />
    </UnitTest>
    <UnitTest name="GetChildren_And_Check" storage="d:\actions-runner\_work\xpco\xpco\allsolutions\..\mip\platformplugin\videoos.platform\unittest\bin\debug\net6.0-windows\videoos.platform.tests.dll" id="49bc91b3-0e58-95cf-9899-940758bf9038">
      <Execution id="1f0dbb62-f19e-4668-862f-f7ae16f81ed5" />
      <TestMethod codeBase="D:\actions-runner\_work\XPCO\XPCO\AllSolutions\..\MIP\PlatformPlugin\VideoOS.Platform\unittest\bin\Debug\net6.0-windows\VideoOS.Platform.Tests.dll" adapterTypeName="executor://mstestadapter/v2" className="VideoOS.Platform.Tests.ItemTests" name="GetChildren_And_Check" />
    </UnitTest>
    <UnitTest name="GenerateDeviceCapabilityParameters_ShouldWriteDefaultValue_WhenAlways" storage="d:\actions-runner\_work\xpco\xpco\allsolutions\..\mip\platformplugin\videoos.platform\unittest\bin\debug\net6.0-windows\videoos.platform.tests.dll" id="cacda86d-f0f9-0934-0ba5-b96987330f36">
      <Execution id="0e20e2c1-4dac-4939-9f14-305395704280" />
      <TestMethod codeBase="D:\actions-runner\_work\XPCO\XPCO\AllSolutions\..\MIP\PlatformPlugin\VideoOS.Platform\unittest\bin\Debug\net6.0-windows\VideoOS.Platform.Tests.dll" adapterTypeName="executor://mstestadapter/v2" className="VideoOS.Platform.Tests.Data.EnumCapabilityTests" name="GenerateDeviceCapabilityParameters_ShouldWriteDefaultValue_WhenAlways" />
    </UnitTest>
    <UnitTest name="BuildOverlayWidthHeightBaseEvent_ShouldReturnCorrectSizedBitmap_WhenArgumentIsAnalyticsEvent" storage="d:\actions-runner\_work\xpco\xpco\allsolutions\..\mip\platformplugin\videoos.platform\unittest\bin\debug\net6.0-windows\videoos.platform.tests.dll" id="555e4b79-92bf-9342-267d-e971e8e557fa">
      <Execution id="89a2b91f-a857-41e9-845e-aff369cc7464" />
      <TestMethod codeBase="D:\actions-runner\_work\XPCO\XPCO\AllSolutions\..\MIP\PlatformPlugin\VideoOS.Platform\unittest\bin\Debug\net6.0-windows\VideoOS.Platform.Tests.dll" adapterTypeName="executor://mstestadapter/v2" className="VideoOS.Platform.Tests.Util.AnalyticsOverlayBuilderTests" name="BuildOverlayWidthHeightBaseEvent_ShouldReturnCorrectSizedBitmap_WhenArgumentIsAnalyticsEvent" />
    </UnitTest>
    <UnitTest name="GetNext_ShouldReturnEntryAfterFirstReturnedEntry_WhenFindCacheEntryBeforeWasCalledAndThereIsANextEntry" storage="d:\actions-runner\_work\xpco\xpco\allsolutions\..\mip\platformplugin\videoos.platform\unittest\bin\debug\net6.0-windows\videoos.platform.tests.dll" id="ee0b5b54-d791-b6a4-b0fb-2c250f632e6e">
      <Execution id="6f7d5f6b-d12a-4cb3-bbcc-69f528086c3d" />
      <TestMethod codeBase="D:\actions-runner\_work\XPCO\XPCO\AllSolutions\..\MIP\PlatformPlugin\VideoOS.Platform\unittest\bin\Debug\net6.0-windows\VideoOS.Platform.Tests.dll" adapterTypeName="executor://mstestadapter/v2" className="VideoOS.Platform.Tests.Data.MetadataCacheTests" name="GetNext_ShouldReturnEntryAfterFirstReturnedEntry_WhenFindCacheEntryBeforeWasCalledAndThereIsANextEntry" />
    </UnitTest>
    <UnitTest name="GetBegin_ShouldReturnNull_WhenToolkitReturnsResponseWithNullDataList" storage="d:\actions-runner\_work\xpco\xpco\allsolutions\..\mip\platformplugin\videoos.platform\unittest\bin\debug\net6.0-windows\videoos.platform.tests.dll" id="66298706-cc94-6c9f-0a35-7ab07950020d">
      <Execution id="f4d69de3-b185-4d2f-bdbd-cf4760a70956" />
      <TestMethod codeBase="D:\actions-runner\_work\XPCO\XPCO\AllSolutions\..\MIP\PlatformPlugin\VideoOS.Platform\unittest\bin\Debug\net6.0-windows\VideoOS.Platform.Tests.dll" adapterTypeName="executor://mstestadapter/v2" className="VideoOS.Platform.Tests.Data.MetadataPlaybackSourceTests" name="GetBegin_ShouldReturnNull_WhenToolkitReturnsResponseWithNullDataList" />
    </UnitTest>
    <UnitTest name="ProvideValue_ShouldUseItemDataValue_WhenItemDataPropertyNameIsSet" storage="d:\actions-runner\_work\xpco\xpco\allsolutions\..\mip\platformplugin\videoos.platform\unittest\bin\debug\net6.0-windows\videoos.platform.tests.dll" id="fb0f855b-006e-c67f-b9b6-ef310c289ea8">
      <TestCategory>
        <TestCategoryItem TestCategory="DropDowns" />
      </TestCategory>
      <Execution id="f653f2b4-c2b4-40e1-8cb5-8f37a3b61b91" />
      <TestMethod codeBase="D:\actions-runner\_work\XPCO\XPCO\AllSolutions\..\MIP\PlatformPlugin\VideoOS.Platform\unittest\bin\Debug\net6.0-windows\VideoOS.Platform.Tests.dll" adapterTypeName="executor://mstestadapter/v2" className="VideoOS.Platform.Tests.UI.Controls.DropDowns.Internal.SelectedItemCustomContentDataExtensionTest" name="ProvideValue_ShouldUseItemDataValue_WhenItemDataPropertyNameIsSet" />
    </UnitTest>
    <UnitTest name="IsCriteriaAccepted_ValidItem_True" storage="d:\actions-runner\_work\xpco\xpco\allsolutions\..\mip\platformplugin\videoos.platform\unittest\bin\debug\net6.0-windows\videoos.platform.tests.dll" id="8f3b8a17-8863-f4c3-5425-91ed08db45b8">
      <Execution id="2bc80551-f862-4906-9c2a-599a9cdb658a" />
      <TestMethod codeBase="D:\actions-runner\_work\XPCO\XPCO\AllSolutions\..\MIP\PlatformPlugin\VideoOS.Platform\unittest\bin\Debug\net6.0-windows\VideoOS.Platform.Tests.dll" adapterTypeName="executor://mstestadapter/v2" className="VideoOS.Platform.Tests.UI.ItemPicker.ItemPickerViewModelTest" name="IsCriteriaAccepted_ValidItem_True" />
    </UnitTest>
    <UnitTest name="Match_Fail_SystemType_WrongType" storage="d:\actions-runner\_work\xpco\xpco\allsolutions\..\mip\platformplugin\videoos.platform\unittest\bin\debug\net6.0-windows\videoos.platform.tests.dll" id="e5af325c-5bae-fda3-b423-271b64739afe">
      <Execution id="cb8c1d7d-6bec-4928-9c45-a1e0f69714bd" />
      <TestMethod codeBase="D:\actions-runner\_work\XPCO\XPCO\AllSolutions\..\MIP\PlatformPlugin\VideoOS.Platform\unittest\bin\Debug\net6.0-windows\VideoOS.Platform.Tests.dll" adapterTypeName="executor://mstestadapter/v2" className="VideoOS.Platform.Tests.Messaging.CommunicationIdFilterTests" name="Match_Fail_SystemType_WrongType" />
    </UnitTest>
    <UnitTest name="BuildOverlayWidthHeightBaseEvent_ShouldReturnCorrectSizedBitmap_WhenArgumentIsAnalyticsEventWithNoObjectPolygon" storage="d:\actions-runner\_work\xpco\xpco\allsolutions\..\mip\platformplugin\videoos.platform\unittest\bin\debug\net6.0-windows\videoos.platform.tests.dll" id="68839c3f-a774-538d-b591-9a44c343225f">
      <Execution id="be874fdb-8536-442d-9aae-4e4b021c2b31" />
      <TestMethod codeBase="D:\actions-runner\_work\XPCO\XPCO\AllSolutions\..\MIP\PlatformPlugin\VideoOS.Platform\unittest\bin\Debug\net6.0-windows\VideoOS.Platform.Tests.dll" adapterTypeName="executor://mstestadapter/v2" className="VideoOS.Platform.Tests.Util.AnalyticsOverlayBuilderTests" name="BuildOverlayWidthHeightBaseEvent_ShouldReturnCorrectSizedBitmap_WhenArgumentIsAnalyticsEventWithNoObjectPolygon" />
    </UnitTest>
    <UnitTest name="TestStartSearch_Success" storage="d:\actions-runner\_work\xpco\xpco\allsolutions\..\mip\platformplugin\videoos.platform\unittest\bin\debug\net6.0-windows\videoos.platform.tests.dll" id="125978d4-3525-643c-7140-287b2e679bf8">
      <TestCategory>
        <TestCategoryItem TestCategory="Search" />
      </TestCategory>
      <Execution id="05e5b7d8-6ab9-40b4-b1c7-fc6accfe9e5e" />
      <TestMethod codeBase="D:\actions-runner\_work\XPCO\XPCO\AllSolutions\..\MIP\PlatformPlugin\VideoOS.Platform\unittest\bin\Debug\net6.0-windows\VideoOS.Platform.Tests.dll" adapterTypeName="executor://mstestadapter/v2" className="VideoOS.Platform.Tests.Search.SearchManagerTest" name="TestStartSearch_Success" />
    </UnitTest>
    <UnitTest name="AllAttributesWerePresent_ShouldReturnFalse_WhenXAttributeIsNotAFloat" storage="d:\actions-runner\_work\xpco\xpco\allsolutions\..\mip\platformplugin\videoos.platform\unittest\bin\debug\net6.0-windows\videoos.platform.tests.dll" id="3dddadb3-73e5-0530-cc2f-efb35c37fd4b">
      <Execution id="1953ae22-cec1-4b72-8c8a-85942efd9d1e" />
      <TestMethod codeBase="D:\actions-runner\_work\XPCO\XPCO\AllSolutions\..\MIP\PlatformPlugin\VideoOS.Platform\unittest\bin\Debug\net6.0-windows\VideoOS.Platform.Tests.dll" adapterTypeName="executor://mstestadapter/v2" className="VideoOS.Platform.Tests.Metadata.VectorTests" name="AllAttributesWerePresent_ShouldReturnFalse_WhenXAttributeIsNotAFloat" />
    </UnitTest>
    <UnitTest name="GetClientAsync_NotStartsClient_WhenLoggedOut" storage="d:\actions-runner\_work\xpco\xpco\allsolutions\..\mip\platformplugin\videoos.platform\unittest\bin\debug\net6.0-windows\videoos.platform.tests.dll" id="618c093b-a0b6-05a6-fc06-deebeffd4e3d">
      <Execution id="44165892-01d6-4960-894a-e825c167256a" />
      <TestMethod codeBase="D:\actions-runner\_work\XPCO\XPCO\AllSolutions\..\MIP\PlatformPlugin\VideoOS.Platform\unittest\bin\Debug\net6.0-windows\VideoOS.Platform.Tests.dll" adapterTypeName="executor://mstestadapter/v2" className="VideoOS.Platform.Tests.Messaging.MessageClientManagerTests" name="GetClientAsync_NotStartsClient_WhenLoggedOut" />
    </UnitTest>
    <UnitTest name="SearchResultData_BeginTimeWithPadding_Success" storage="d:\actions-runner\_work\xpco\xpco\allsolutions\..\mip\platformplugin\videoos.platform\unittest\bin\debug\net6.0-windows\videoos.platform.tests.dll" id="0fd657fb-3854-1b2f-0c0f-8cf8e1efee07">
      <TestCategory>
        <TestCategoryItem TestCategory="Search" />
      </TestCategory>
      <Execution id="dd44bdc7-2916-4c45-8f31-822260bb5050" />
      <TestMethod codeBase="D:\actions-runner\_work\XPCO\XPCO\AllSolutions\..\MIP\PlatformPlugin\VideoOS.Platform\unittest\bin\Debug\net6.0-windows\VideoOS.Platform.Tests.dll" adapterTypeName="executor://mstestadapter/v2" className="VideoOS.Platform.Tests.Search.SearchResultDataTest" name="SearchResultData_BeginTimeWithPadding_Success" />
    </UnitTest>
    <UnitTest name="WriteXml_ShouldWriteXAttribute_WhenAlays" storage="d:\actions-runner\_work\xpco\xpco\allsolutions\..\mip\platformplugin\videoos.platform\unittest\bin\debug\net6.0-windows\videoos.platform.tests.dll" id="549a1786-aafc-b11d-904d-59c7dd4fc0a3">
      <Execution id="e66b21df-1553-47d3-9be2-1d3a65bcc03b" />
      <TestMethod codeBase="D:\actions-runner\_work\XPCO\XPCO\AllSolutions\..\MIP\PlatformPlugin\VideoOS.Platform\unittest\bin\Debug\net6.0-windows\VideoOS.Platform.Tests.dll" adapterTypeName="executor://mstestadapter/v2" className="VideoOS.Platform.Tests.Metadata.VectorTests" name="WriteXml_ShouldWriteXAttribute_WhenAlays" />
    </UnitTest>
    <UnitTest name="Serialize_TestCases (TestParentTypeMatchBoolThisTypeMatched)" storage="d:\actions-runner\_work\xpco\xpco\allsolutions\..\mip\platformplugin\videoos.platform\unittest\bin\debug\net6.0-windows\videoos.platform.tests.dll" id="10c9843d-cde7-1676-7217-072b639d2cdf">
      <Execution id="73b3fb70-384f-4d41-b144-3a390fde428f" />
      <TestMethod codeBase="D:\actions-runner\_work\XPCO\XPCO\AllSolutions\..\MIP\PlatformPlugin\VideoOS.Platform\unittest\bin\Debug\net6.0-windows\VideoOS.Platform.Tests.dll" adapterTypeName="executor://mstestadapter/v2" className="VideoOS.Platform.Tests.UI.Controls.Automation.Serialization.AutomationObjectSerializerTest" name="Serialize_TestCases" />
    </UnitTest>
    <UnitTest name="Enabled_Properties_With_Disable_True_success" storage="d:\actions-runner\_work\xpco\xpco\allsolutions\..\mip\platformplugin\videoos.platform\unittest\bin\debug\net6.0-windows\videoos.platform.tests.dll" id="bb812b16-0590-e601-98e0-332d7569575a">
      <Execution id="1f73eb38-bca2-452d-b16f-8661a62ce8c8" />
      <TestMethod codeBase="D:\actions-runner\_work\XPCO\XPCO\AllSolutions\..\MIP\PlatformPlugin\VideoOS.Platform\unittest\bin\Debug\net6.0-windows\VideoOS.Platform.Tests.dll" adapterTypeName="executor://mstestadapter/v2" className="VideoOS.Platform.Tests.ItemTests" name="Enabled_Properties_With_Disable_True_success" />
    </UnitTest>
    <UnitTest name="Ctor_WhitespaceName_Throws" storage="d:\actions-runner\_work\xpco\xpco\allsolutions\..\mip\platformplugin\videoos.platform\unittest\bin\debug\net6.0-windows\videoos.platform.tests.dll" id="07804473-e40a-283c-1bf0-1e8f6fcff5c4">
      <TestCategory>
        <TestCategoryItem TestCategory="Search" />
      </TestCategory>
      <Execution id="2bdb9d70-d279-4356-bc5d-706bd78933b9" />
      <TestMethod codeBase="D:\actions-runner\_work\XPCO\XPCO\AllSolutions\..\MIP\PlatformPlugin\VideoOS.Platform\unittest\bin\Debug\net6.0-windows\VideoOS.Platform.Tests.dll" adapterTypeName="executor://mstestadapter/v2" className="VideoOS.Platform.Tests.Search.FilterCategories.PersonSearchFilterCategoryTest" name="Ctor_WhitespaceName_Throws" />
    </UnitTest>
    <UnitTest name="CreateSearchResultUserControl_MultiplePlugins_MilestonePluginsFirst" storage="d:\actions-runner\_work\xpco\xpco\allsolutions\..\mip\platformplugin\videoos.platform\unittest\bin\debug\net6.0-windows\videoos.platform.tests.dll" id="e6e395b4-3b84-d36a-a38c-e5e638fee7fb">
      <TestCategory>
        <TestCategoryItem TestCategory="Search" />
      </TestCategory>
      <Execution id="b8b56a6d-d78c-40ee-a475-a57d5328414e" />
      <TestMethod codeBase="D:\actions-runner\_work\XPCO\XPCO\AllSolutions\..\MIP\PlatformPlugin\VideoOS.Platform\unittest\bin\Debug\net6.0-windows\VideoOS.Platform.Tests.dll" adapterTypeName="executor://mstestadapter/v2" className="VideoOS.Platform.Tests.Search.SearchUserControlResolverTest" name="CreateSearchResultUserControl_MultiplePlugins_MilestonePluginsFirst" />
    </UnitTest>
    <UnitTest name="Enqueue_TwoProducers_Success" storage="d:\actions-runner\_work\xpco\xpco\allsolutions\..\mip\platformplugin\videoos.platform\unittest\bin\debug\net6.0-windows\videoos.platform.tests.dll" id="d70deda9-d414-d7bd-403c-5fb9de797fb3">
      <Execution id="f77af49f-42a2-4e55-84dc-4ff119c845a2" />
      <TestMethod codeBase="D:\actions-runner\_work\XPCO\XPCO\AllSolutions\..\MIP\PlatformPlugin\VideoOS.Platform\unittest\bin\Debug\net6.0-windows\VideoOS.Platform.Tests.dll" adapterTypeName="executor://mstestadapter/v2" className="VideoOS.Platform.Tests.Util.Queue.ConcurrentQueueSlimTests" name="Enqueue_TwoProducers_Success" />
    </UnitTest>
    <UnitTest name="Minimize_ShouldReturnOneInterval_WhenListContainsThreeOverlappingIntervals" storage="d:\actions-runner\_work\xpco\xpco\allsolutions\..\mip\platformplugin\videoos.platform\unittest\bin\debug\net6.0-windows\videoos.platform.tests.dll" id="20233fe2-b748-308d-725e-1b3b65fd4fc4">
      <Execution id="c9bdf90b-e020-42fe-b200-e865d3859a2c" />
      <TestMethod codeBase="D:\actions-runner\_work\XPCO\XPCO\AllSolutions\..\MIP\PlatformPlugin\VideoOS.Platform\unittest\bin\Debug\net6.0-windows\VideoOS.Platform.Tests.dll" adapterTypeName="executor://mstestadapter/v2" className="VideoOS.Platform.Tests.Util.TimeIntervalTests" name="Minimize_ShouldReturnOneInterval_WhenListContainsThreeOverlappingIntervals" />
    </UnitTest>
    <UnitTest name="Remove_NullItem_DoesNotCrash" storage="d:\actions-runner\_work\xpco\xpco\allsolutions\..\mip\platformplugin\videoos.platform\unittest\bin\debug\net6.0-windows\videoos.platform.tests.dll" id="c59043ee-e462-ae6f-68e0-aa6381ac3c86">
      <Execution id="e8ca6ae9-0694-49b3-8eea-5234230f2b9e" />
      <TestMethod codeBase="D:\actions-runner\_work\XPCO\XPCO\AllSolutions\..\MIP\PlatformPlugin\VideoOS.Platform\unittest\bin\Debug\net6.0-windows\VideoOS.Platform.Tests.dll" adapterTypeName="executor://mstestadapter/v2" className="VideoOS.Platform.Tests.Util.Queue.ConcurrentQueueSlimTests" name="Remove_NullItem_DoesNotCrash" />
    </UnitTest>
    <UnitTest name="ProvideValue_ShouldUseContentTemplate_WhenSelectedItemIsCustomItem" storage="d:\actions-runner\_work\xpco\xpco\allsolutions\..\mip\platformplugin\videoos.platform\unittest\bin\debug\net6.0-windows\videoos.platform.tests.dll" id="01bc0fde-c67c-6987-54c2-b9ed8c5df445">
      <TestCategory>
        <TestCategoryItem TestCategory="DropDowns" />
      </TestCategory>
      <Execution id="daa62e24-e6ac-4763-87ac-39e75e86f247" />
      <TestMethod codeBase="D:\actions-runner\_work\XPCO\XPCO\AllSolutions\..\MIP\PlatformPlugin\VideoOS.Platform\unittest\bin\Debug\net6.0-windows\VideoOS.Platform.Tests.dll" adapterTypeName="executor://mstestadapter/v2" className="VideoOS.Platform.Tests.UI.Controls.DropDowns.Internal.SelectedItemContentTemplateExtensionTest" name="ProvideValue_ShouldUseContentTemplate_WhenSelectedItemIsCustomItem" />
    </UnitTest>
    <UnitTest name="GetEnd_ShouldReturnLastMetadataContent_WhenThereIsData" storage="d:\actions-runner\_work\xpco\xpco\allsolutions\..\mip\platformplugin\videoos.platform\unittest\bin\debug\net6.0-windows\videoos.platform.tests.dll" id="f2325bdc-388f-3bfc-d37a-f2048ec03dc5">
      <Execution id="eaad1c67-e747-44f3-82f0-2768b782a911" />
      <TestMethod codeBase="D:\actions-runner\_work\XPCO\XPCO\AllSolutions\..\MIP\PlatformPlugin\VideoOS.Platform\unittest\bin\Debug\net6.0-windows\VideoOS.Platform.Tests.dll" adapterTypeName="executor://mstestadapter/v2" className="VideoOS.Platform.Tests.Data.MetadataPlaybackSourceTests" name="GetEnd_ShouldReturnLastMetadataContent_WhenThereIsData" />
    </UnitTest>
    <UnitTest name="ReadXml_ShouldReadAppearanceContents_WhenAppearanceIsPresent" storage="d:\actions-runner\_work\xpco\xpco\allsolutions\..\mip\platformplugin\videoos.platform\unittest\bin\debug\net6.0-windows\videoos.platform.tests.dll" id="b739f5d0-5237-1a79-e681-644aeb76938a">
      <Execution id="54d60f99-c8e9-484b-8573-1de7a1813bfc" />
      <TestMethod codeBase="D:\actions-runner\_work\XPCO\XPCO\AllSolutions\..\MIP\PlatformPlugin\VideoOS.Platform\unittest\bin\Debug\net6.0-windows\VideoOS.Platform.Tests.dll" adapterTypeName="executor://mstestadapter/v2" className="VideoOS.Platform.Tests.Metadata.OnvifObjectTests" name="ReadXml_ShouldReadAppearanceContents_WhenAppearanceIsPresent" />
    </UnitTest>
    <UnitTest name="WriteXml_ShouldWriteTransformationElement_WhenTransformationIsNotNull" storage="d:\actions-runner\_work\xpco\xpco\allsolutions\..\mip\platformplugin\videoos.platform\unittest\bin\debug\net6.0-windows\videoos.platform.tests.dll" id="aa7cd316-bd03-8913-f5ff-bd80befd5e8b">
      <Execution id="4b1c7a83-a290-438b-a365-2a6790db1fd7" />
      <TestMethod codeBase="D:\actions-runner\_work\XPCO\XPCO\AllSolutions\..\MIP\PlatformPlugin\VideoOS.Platform\unittest\bin\Debug\net6.0-windows\VideoOS.Platform.Tests.dll" adapterTypeName="executor://mstestadapter/v2" className="VideoOS.Platform.Tests.Metadata.FrameTests" name="WriteXml_ShouldWriteTransformationElement_WhenTransformationIsNotNull" />
    </UnitTest>
    <UnitTest name="Clone_Camera_Checked" storage="d:\actions-runner\_work\xpco\xpco\allsolutions\..\mip\platformplugin\videoos.platform\unittest\bin\debug\net6.0-windows\videoos.platform.tests.dll" id="87dedebf-9e1e-bd2e-7ee4-397e89dac510">
      <Execution id="0b5fd6a3-af10-47e4-9370-9a2fae9c3d6c" />
      <TestMethod codeBase="D:\actions-runner\_work\XPCO\XPCO\AllSolutions\..\MIP\PlatformPlugin\VideoOS.Platform\unittest\bin\Debug\net6.0-windows\VideoOS.Platform.Tests.dll" adapterTypeName="executor://mstestadapter/v2" className="VideoOS.Platform.Tests.FQIDtests" name="Clone_Camera_Checked" />
    </UnitTest>
    <UnitTest name="ReadXml_ShouldReadTransformationContents_WhenTransformationIsPresent" storage="d:\actions-runner\_work\xpco\xpco\allsolutions\..\mip\platformplugin\videoos.platform\unittest\bin\debug\net6.0-windows\videoos.platform.tests.dll" id="3d56290e-3e3f-353b-dfc8-249444061e6c">
      <Execution id="61d4fe8e-015d-47ba-beb8-fb36b8466625" />
      <TestMethod codeBase="D:\actions-runner\_work\XPCO\XPCO\AllSolutions\..\MIP\PlatformPlugin\VideoOS.Platform\unittest\bin\Debug\net6.0-windows\VideoOS.Platform.Tests.dll" adapterTypeName="executor://mstestadapter/v2" className="VideoOS.Platform.Tests.Metadata.FrameTests" name="ReadXml_ShouldReadTransformationContents_WhenTransformationIsPresent" />
    </UnitTest>
    <UnitTest name="ReadXml_ShouldReadBoundingBoxContents_WhenBoundingBoxIsPresent" storage="d:\actions-runner\_work\xpco\xpco\allsolutions\..\mip\platformplugin\videoos.platform\unittest\bin\debug\net6.0-windows\videoos.platform.tests.dll" id="8bd9e66b-afe5-6a6c-4e29-a0b4f0e39174">
      <Execution id="d854cb6a-97a4-4633-b1eb-91108090d118" />
      <TestMethod codeBase="D:\actions-runner\_work\XPCO\XPCO\AllSolutions\..\MIP\PlatformPlugin\VideoOS.Platform\unittest\bin\Debug\net6.0-windows\VideoOS.Platform.Tests.dll" adapterTypeName="executor://mstestadapter/v2" className="VideoOS.Platform.Tests.Metadata.ShapeTests" name="ReadXml_ShouldReadBoundingBoxContents_WhenBoundingBoxIsPresent" />
    </UnitTest>
    <UnitTest name="GetItem_ShouldReturnNull_WhenNotFound" storage="d:\actions-runner\_work\xpco\xpco\allsolutions\..\mip\platformplugin\videoos.platform\unittest\bin\debug\net6.0-windows\videoos.platform.tests.dll" id="541af543-8f89-e2a2-51fc-7ea5fad4d84e">
      <Execution id="d9ebcf7d-3617-490c-9ba4-fcae82a08d9b" />
      <TestMethod codeBase="D:\actions-runner\_work\XPCO\XPCO\AllSolutions\..\MIP\PlatformPlugin\VideoOS.Platform\unittest\bin\Debug\net6.0-windows\VideoOS.Platform.Tests.dll" adapterTypeName="executor://mstestadapter/v2" className="VideoOS.Platform.Tests.Util.ConfigurationCacheTests" name="GetItem_ShouldReturnNull_WhenNotFound" />
    </UnitTest>
    <UnitTest name="GetNextDateTime_ShouldReturnFirstDataEntityFromSecondToolkitCall_WhenDateIsEqualOrAfterLastCachedValue" storage="d:\actions-runner\_work\xpco\xpco\allsolutions\..\mip\platformplugin\videoos.platform\unittest\bin\debug\net6.0-windows\videoos.platform.tests.dll" id="0b769e09-4f15-c038-2979-f712635df491">
      <Execution id="b56786bd-4a14-426f-b280-f301da6b9d43" />
      <TestMethod codeBase="D:\actions-runner\_work\XPCO\XPCO\AllSolutions\..\MIP\PlatformPlugin\VideoOS.Platform\unittest\bin\Debug\net6.0-windows\VideoOS.Platform.Tests.dll" adapterTypeName="executor://mstestadapter/v2" className="VideoOS.Platform.Tests.Data.MetadataPlaybackSourceTests" name="GetNextDateTime_ShouldReturnFirstDataEntityFromSecondToolkitCall_WhenDateIsEqualOrAfterLastCachedValue" />
    </UnitTest>
    <UnitTest name="TestConstructorOverload_MultipleAgents_Success" storage="d:\actions-runner\_work\xpco\xpco\allsolutions\..\mip\platformplugin\videoos.platform\unittest\bin\debug\net6.0-windows\videoos.platform.tests.dll" id="a7bf999b-c611-25a7-2ff7-438675e1866f">
      <TestCategory>
        <TestCategoryItem TestCategory="Search" />
      </TestCategory>
      <Execution id="6bf25fe9-f961-4966-885a-3d86426d1a9b" />
      <TestMethod codeBase="D:\actions-runner\_work\XPCO\XPCO\AllSolutions\..\MIP\PlatformPlugin\VideoOS.Platform\unittest\bin\Debug\net6.0-windows\VideoOS.Platform.Tests.dll" adapterTypeName="executor://mstestadapter/v2" className="VideoOS.Platform.Tests.Search.SearchManagerTest" name="TestConstructorOverload_MultipleAgents_Success" />
    </UnitTest>
    <UnitTest name="WriteXml_ShouldWriteChildrenInCorrectOrder_WhenChildrenAreNotNull" storage="d:\actions-runner\_work\xpco\xpco\allsolutions\..\mip\platformplugin\videoos.platform\unittest\bin\debug\net6.0-windows\videoos.platform.tests.dll" id="6efe46f6-24e8-324a-c841-828d4ce3c2fb">
      <Execution id="d7c6e85e-b958-44f1-b922-ded350c36276" />
      <TestMethod codeBase="D:\actions-runner\_work\XPCO\XPCO\AllSolutions\..\MIP\PlatformPlugin\VideoOS.Platform\unittest\bin\Debug\net6.0-windows\VideoOS.Platform.Tests.dll" adapterTypeName="executor://mstestadapter/v2" className="VideoOS.Platform.Tests.Metadata.ShapeTests" name="WriteXml_ShouldWriteChildrenInCorrectOrder_WhenChildrenAreNotNull" />
    </UnitTest>
    <UnitTest name="Ctor_TwoStandardFilters_Success" storage="d:\actions-runner\_work\xpco\xpco\allsolutions\..\mip\platformplugin\videoos.platform\unittest\bin\debug\net6.0-windows\videoos.platform.tests.dll" id="3350d2b0-3312-d687-fc6c-5745c7811365">
      <TestCategory>
        <TestCategoryItem TestCategory="Search" />
      </TestCategory>
      <Execution id="e3f475be-5393-4d38-81b9-332ba35a02ef" />
      <TestMethod codeBase="D:\actions-runner\_work\XPCO\XPCO\AllSolutions\..\MIP\PlatformPlugin\VideoOS.Platform\unittest\bin\Debug\net6.0-windows\VideoOS.Platform.Tests.dll" adapterTypeName="executor://mstestadapter/v2" className="VideoOS.Platform.Tests.Search.FilterCategories.PersonSearchFilterCategoryTest" name="Ctor_TwoStandardFilters_Success" />
    </UnitTest>
    <UnitTest name="SearchResultData_TriggerTime_Success" storage="d:\actions-runner\_work\xpco\xpco\allsolutions\..\mip\platformplugin\videoos.platform\unittest\bin\debug\net6.0-windows\videoos.platform.tests.dll" id="d2eb1662-6b70-63d0-d71c-7f9ecf6fdd7d">
      <TestCategory>
        <TestCategoryItem TestCategory="Search" />
      </TestCategory>
      <Execution id="0bf2ddd2-4258-4048-ac04-271dc373c66f" />
      <TestMethod codeBase="D:\actions-runner\_work\XPCO\XPCO\AllSolutions\..\MIP\PlatformPlugin\VideoOS.Platform\unittest\bin\Debug\net6.0-windows\VideoOS.Platform.Tests.dll" adapterTypeName="executor://mstestadapter/v2" className="VideoOS.Platform.Tests.Search.SearchResultDataTest" name="SearchResultData_TriggerTime_Success" />
    </UnitTest>
    <UnitTest name="Ctor_NullScope_Throws" storage="d:\actions-runner\_work\xpco\xpco\allsolutions\..\mip\platformplugin\videoos.platform\unittest\bin\debug\net6.0-windows\videoos.platform.tests.dll" id="cefaab9b-deca-50a1-cf53-bfd0f84b70d8">
      <TestCategory>
        <TestCategoryItem TestCategory="Search" />
      </TestCategory>
      <Execution id="0b72c5cd-efd4-429b-9c3f-3bfeef0f5639" />
      <TestMethod codeBase="D:\actions-runner\_work\XPCO\XPCO\AllSolutions\..\MIP\PlatformPlugin\VideoOS.Platform\unittest\bin\Debug\net6.0-windows\VideoOS.Platform.Tests.dll" adapterTypeName="executor://mstestadapter/v2" className="VideoOS.Platform.Tests.Search.SearchDefinitionTest" name="Ctor_NullScope_Throws" />
    </UnitTest>
    <UnitTest name="OverlapsWith_ShouldThrowArgumentException_WhenTheStartAndEndTimeKindsAreDifferent" storage="d:\actions-runner\_work\xpco\xpco\allsolutions\..\mip\platformplugin\videoos.platform\unittest\bin\debug\net6.0-windows\videoos.platform.tests.dll" id="31917703-2acf-fc86-64fa-04fcf338cdb6">
      <Execution id="03a66394-0de3-4903-8fd6-f95ef7294579" />
      <TestMethod codeBase="D:\actions-runner\_work\XPCO\XPCO\AllSolutions\..\MIP\PlatformPlugin\VideoOS.Platform\unittest\bin\Debug\net6.0-windows\VideoOS.Platform.Tests.dll" adapterTypeName="executor://mstestadapter/v2" className="VideoOS.Platform.Tests.Util.TimeIntervalTests" name="OverlapsWith_ShouldThrowArgumentException_WhenTheStartAndEndTimeKindsAreDifferent" />
    </UnitTest>
    <UnitTest name="Serialize_TestCases (TestParentCollectionEmptyArrayPropertyProperty)" storage="d:\actions-runner\_work\xpco\xpco\allsolutions\..\mip\platformplugin\videoos.platform\unittest\bin\debug\net6.0-windows\videoos.platform.tests.dll" id="04ee5816-5ebb-9be1-9e51-4c60c7a88570">
      <Execution id="2fae25a5-86bc-4aab-a1dc-87979f6c2cfc" />
      <TestMethod codeBase="D:\actions-runner\_work\XPCO\XPCO\AllSolutions\..\MIP\PlatformPlugin\VideoOS.Platform\unittest\bin\Debug\net6.0-windows\VideoOS.Platform.Tests.dll" adapterTypeName="executor://mstestadapter/v2" className="VideoOS.Platform.Tests.UI.Controls.Automation.Serialization.AutomationObjectSerializerTest" name="Serialize_TestCases" />
    </UnitTest>
    <UnitTest name="Given_Exception_When_When_NotMarkedWithSerializableAttribute_Then_Fail" storage="d:\actions-runner\_work\xpco\xpco\allsolutions\..\mip\platformplugin\videoos.platform\unittest\bin\debug\net6.0-windows\videoos.platform.tests.dll" id="1670e18f-0ede-c50f-6f9a-2ae6207f30db">
      <Execution id="3a07f3f4-d729-4392-b74c-3b15d3735e21" />
      <TestMethod codeBase="D:\actions-runner\_work\XPCO\XPCO\AllSolutions\..\MIP\PlatformPlugin\VideoOS.Platform\unittest\bin\Debug\net6.0-windows\VideoOS.Platform.Tests.dll" adapterTypeName="executor://mstestadapter/v2" className="VideoOS.Platform.Tests.MIPExceptionsTest" name="Given_Exception_When_When_NotMarkedWithSerializableAttribute_Then_Fail" />
    </UnitTest>
    <UnitTest name="WriteXml_ShouldWriteScaleContents_WhenScaleIsNotNull" storage="d:\actions-runner\_work\xpco\xpco\allsolutions\..\mip\platformplugin\videoos.platform\unittest\bin\debug\net6.0-windows\videoos.platform.tests.dll" id="d53b731a-f1cc-f58f-ac8f-3fdcdc3a367b">
      <Execution id="666ec900-5dc6-4d9e-8fa7-23d76806b293" />
      <TestMethod codeBase="D:\actions-runner\_work\XPCO\XPCO\AllSolutions\..\MIP\PlatformPlugin\VideoOS.Platform\unittest\bin\Debug\net6.0-windows\VideoOS.Platform.Tests.dll" adapterTypeName="executor://mstestadapter/v2" className="VideoOS.Platform.Tests.Metadata.TransformationTests" name="WriteXml_ShouldWriteScaleContents_WhenScaleIsNotNull" />
    </UnitTest>
    <UnitTest name="Append_Property_Int_Invalid" storage="d:\actions-runner\_work\xpco\xpco\allsolutions\..\mip\platformplugin\videoos.platform\unittest\bin\debug\net6.0-windows\videoos.platform.tests.dll" id="b0d0079b-65d6-c082-7bc9-a129a13a3c18">
      <Execution id="686a94f6-c5a1-435d-9d3c-3e2eb67e1bce" />
      <TestMethod codeBase="D:\actions-runner\_work\XPCO\XPCO\AllSolutions\..\MIP\PlatformPlugin\VideoOS.Platform\unittest\bin\Debug\net6.0-windows\VideoOS.Platform.Tests.dll" adapterTypeName="executor://mstestadapter/v2" className="VideoOS.Platform.Tests.Proxy.RestApi.JsonBuilderTests" name="Append_Property_Int_Invalid" />
    </UnitTest>
    <UnitTest name="Append_PropertyKey_Value" storage="d:\actions-runner\_work\xpco\xpco\allsolutions\..\mip\platformplugin\videoos.platform\unittest\bin\debug\net6.0-windows\videoos.platform.tests.dll" id="9504291e-b74b-48e8-7789-94b6a1151b40">
      <Execution id="98b0c8bd-b049-4f81-9398-c0168ce2adff" />
      <TestMethod codeBase="D:\actions-runner\_work\XPCO\XPCO\AllSolutions\..\MIP\PlatformPlugin\VideoOS.Platform\unittest\bin\Debug\net6.0-windows\VideoOS.Platform.Tests.dll" adapterTypeName="executor://mstestadapter/v2" className="VideoOS.Platform.Tests.Proxy.RestApi.JsonBuilderTests" name="Append_PropertyKey_Value" />
    </UnitTest>
    <UnitTest name="ProvideValue_ShouldUpdateTarget_WhenItemDataPropertyNameChanges" storage="d:\actions-runner\_work\xpco\xpco\allsolutions\..\mip\platformplugin\videoos.platform\unittest\bin\debug\net6.0-windows\videoos.platform.tests.dll" id="3319ab63-2def-0c9c-879d-16907c7c07ea">
      <TestCategory>
        <TestCategoryItem TestCategory="DropDowns" />
      </TestCategory>
      <Execution id="40370ce3-fb3c-4820-9cde-e74a89c924ba" />
      <TestMethod codeBase="D:\actions-runner\_work\XPCO\XPCO\AllSolutions\..\MIP\PlatformPlugin\VideoOS.Platform\unittest\bin\Debug\net6.0-windows\VideoOS.Platform.Tests.dll" adapterTypeName="executor://mstestadapter/v2" className="VideoOS.Platform.Tests.UI.Controls.DropDowns.Internal.SelectedItemCustomContentDataExtensionTest" name="ProvideValue_ShouldUpdateTarget_WhenItemDataPropertyNameChanges" />
    </UnitTest>
    <UnitTest name="CountByCounter_Activated_Expired_Missing" storage="d:\actions-runner\_work\xpco\xpco\allsolutions\..\mip\platformplugin\videoos.platform\unittest\bin\debug\net6.0-windows\videoos.platform.tests.dll" id="20d9288d-2ec6-4b24-6a84-22a61e3296f1">
      <Execution id="6dfd0cb0-a2e8-45fd-adbe-29e8b4674d21" />
      <TestMethod codeBase="D:\actions-runner\_work\XPCO\XPCO\AllSolutions\..\MIP\PlatformPlugin\VideoOS.Platform\unittest\bin\Debug\net6.0-windows\VideoOS.Platform.Tests.dll" adapterTypeName="executor://mstestadapter/v2" className="VideoOS.Platform.Tests.License.ResolvedLicenseCountTest" name="CountByCounter_Activated_Expired_Missing" />
    </UnitTest>
    <UnitTest name="ToString_Succcess" storage="d:\actions-runner\_work\xpco\xpco\allsolutions\..\mip\platformplugin\videoos.platform\unittest\bin\debug\net6.0-windows\videoos.platform.tests.dll" id="3971c5d8-7ad8-4707-9b53-e6a041a0b2f8">
      <Execution id="b9c5c0f4-0a25-435f-a456-a2700868ffbf" />
      <TestMethod codeBase="D:\actions-runner\_work\XPCO\XPCO\AllSolutions\..\MIP\PlatformPlugin\VideoOS.Platform\unittest\bin\Debug\net6.0-windows\VideoOS.Platform.Tests.dll" adapterTypeName="executor://mstestadapter/v2" className="VideoOS.Platform.Tests.ItemTests" name="ToString_Succcess" />
    </UnitTest>
    <UnitTest name="AllAttributesWerePresent_ShouldReturnFalse_WhenTopAttributeIsNotAFloat" storage="d:\actions-runner\_work\xpco\xpco\allsolutions\..\mip\platformplugin\videoos.platform\unittest\bin\debug\net6.0-windows\videoos.platform.tests.dll" id="fd9e0efb-edb7-82bd-15c3-0c32bed5a7f0">
      <Execution id="beeaeb53-8ba5-475b-a057-f7f119697025" />
      <TestMethod codeBase="D:\actions-runner\_work\XPCO\XPCO\AllSolutions\..\MIP\PlatformPlugin\VideoOS.Platform\unittest\bin\Debug\net6.0-windows\VideoOS.Platform.Tests.dll" adapterTypeName="executor://mstestadapter/v2" className="VideoOS.Platform.Tests.Metadata.RectangleTests" name="AllAttributesWerePresent_ShouldReturnFalse_WhenTopAttributeIsNotAFloat" />
    </UnitTest>
    <UnitTest name="Ctor_TwoCustomFilters_Success" storage="d:\actions-runner\_work\xpco\xpco\allsolutions\..\mip\platformplugin\videoos.platform\unittest\bin\debug\net6.0-windows\videoos.platform.tests.dll" id="81e8c1a0-4900-8a66-1f87-0c131327f5b5">
      <TestCategory>
        <TestCategoryItem TestCategory="Search" />
      </TestCategory>
      <Execution id="ad88e60d-f385-4de2-9f35-be9db5f32c00" />
      <TestMethod codeBase="D:\actions-runner\_work\XPCO\XPCO\AllSolutions\..\MIP\PlatformPlugin\VideoOS.Platform\unittest\bin\Debug\net6.0-windows\VideoOS.Platform.Tests.dll" adapterTypeName="executor://mstestadapter/v2" className="VideoOS.Platform.Tests.Search.FilterCategories.PersonSearchFilterCategoryTest" name="Ctor_TwoCustomFilters_Success" />
    </UnitTest>
    <UnitTest name="GetRelated_Success" storage="d:\actions-runner\_work\xpco\xpco\allsolutions\..\mip\platformplugin\videoos.platform\unittest\bin\debug\net6.0-windows\videoos.platform.tests.dll" id="fbbc45ef-78b8-acb6-dc04-1e7a7f11e95a">
      <Execution id="66f7deae-bdb5-4ae7-8b05-d981c3357593" />
      <TestMethod codeBase="D:\actions-runner\_work\XPCO\XPCO\AllSolutions\..\MIP\PlatformPlugin\VideoOS.Platform\unittest\bin\Debug\net6.0-windows\VideoOS.Platform.Tests.dll" adapterTypeName="executor://mstestadapter/v2" className="VideoOS.Platform.Tests.ItemTests" name="GetRelated_Success" />
    </UnitTest>
    <UnitTest name="ReadXml_ShouldReadXmlAndCreateEquivalentObject_WhenXmlIsWrittenByWriteXml" storage="d:\actions-runner\_work\xpco\xpco\allsolutions\..\mip\platformplugin\videoos.platform\unittest\bin\debug\net6.0-windows\videoos.platform.tests.dll" id="2e209cdd-d799-eebb-86ee-eb1ff73e496f">
      <Execution id="9b6d5a30-9810-4385-9e23-b021fd558316" />
      <TestMethod codeBase="D:\actions-runner\_work\XPCO\XPCO\AllSolutions\..\MIP\PlatformPlugin\VideoOS.Platform\unittest\bin\Debug\net6.0-windows\VideoOS.Platform.Tests.dll" adapterTypeName="executor://mstestadapter/v2" className="VideoOS.Platform.Tests.Metadata.MetadataStreamTests" name="ReadXml_ShouldReadXmlAndCreateEquivalentObject_WhenXmlIsWrittenByWriteXml" />
    </UnitTest>
    <UnitTest name="GetNearest_ShouldReturnFirstElement_WhenTimestampIsSamesAsFirstElement" storage="d:\actions-runner\_work\xpco\xpco\allsolutions\..\mip\platformplugin\videoos.platform\unittest\bin\debug\net6.0-windows\videoos.platform.tests.dll" id="dae5127c-eff7-8376-4da7-ec9462c457e1">
      <Execution id="74f4a158-ef72-46ef-85f8-5a92b0c46ad4" />
      <TestMethod codeBase="D:\actions-runner\_work\XPCO\XPCO\AllSolutions\..\MIP\PlatformPlugin\VideoOS.Platform\unittest\bin\Debug\net6.0-windows\VideoOS.Platform.Tests.dll" adapterTypeName="executor://mstestadapter/v2" className="VideoOS.Platform.Tests.Data.MetadataCacheTests" name="GetNearest_ShouldReturnFirstElement_WhenTimestampIsSamesAsFirstElement" />
    </UnitTest>
    <UnitTest name="TestConstructor_Success" storage="d:\actions-runner\_work\xpco\xpco\allsolutions\..\mip\platformplugin\videoos.platform\unittest\bin\debug\net6.0-windows\videoos.platform.tests.dll" id="f4009c20-ddf4-5439-9b3f-52d8d564e525">
      <Execution id="b43e9f54-d82a-422d-af8c-b5ab838a462c" />
      <TestMethod codeBase="D:\actions-runner\_work\XPCO\XPCO\AllSolutions\..\MIP\PlatformPlugin\VideoOS.Platform\unittest\bin\Debug\net6.0-windows\VideoOS.Platform.Tests.dll" adapterTypeName="executor://mstestadapter/v2" className="VideoOS.Platform.Tests.Search.Error.InvalidFilterSearchErrorTest" name="TestConstructor_Success" />
    </UnitTest>
    <UnitTest name="Set_Int_Invalid" storage="d:\actions-runner\_work\xpco\xpco\allsolutions\..\mip\platformplugin\videoos.platform\unittest\bin\debug\net6.0-windows\videoos.platform.tests.dll" id="0cd51abe-1287-52a5-9d2e-d556a1306fcb">
      <Execution id="25b0df73-62db-433a-91be-12b35aa97e30" />
      <TestMethod codeBase="D:\actions-runner\_work\XPCO\XPCO\AllSolutions\..\MIP\PlatformPlugin\VideoOS.Platform\unittest\bin\Debug\net6.0-windows\VideoOS.Platform.Tests.dll" adapterTypeName="executor://mstestadapter/v2" className="VideoOS.Platform.Tests.Proxy.RestApi.JsonReaderTests" name="Set_Int_Invalid" />
    </UnitTest>
    <UnitTest name="AllAttributesWerePresent_ShouldReturnFalse_WhenXAttributeIsMissing" storage="d:\actions-runner\_work\xpco\xpco\allsolutions\..\mip\platformplugin\videoos.platform\unittest\bin\debug\net6.0-windows\videoos.platform.tests.dll" id="665a66ed-febf-dcb1-d6f6-9e5410f5d49d">
      <Execution id="46bf4114-7ac4-4413-bf19-9bcc90aca280" />
      <TestMethod codeBase="D:\actions-runner\_work\XPCO\XPCO\AllSolutions\..\MIP\PlatformPlugin\VideoOS.Platform\unittest\bin\Debug\net6.0-windows\VideoOS.Platform.Tests.dll" adapterTypeName="executor://mstestadapter/v2" className="VideoOS.Platform.Tests.Metadata.VectorTests" name="AllAttributesWerePresent_ShouldReturnFalse_WhenXAttributeIsMissing" />
    </UnitTest>
    <UnitTest name="GetNearest_ShouldReturnNull_WhenCacheIsEmpty" storage="d:\actions-runner\_work\xpco\xpco\allsolutions\..\mip\platformplugin\videoos.platform\unittest\bin\debug\net6.0-windows\videoos.platform.tests.dll" id="76c66eeb-a2f8-48cc-26cc-ff5958f96fde">
      <Execution id="571687f5-62b6-4f62-aa7b-bf2e8e71cb67" />
      <TestMethod codeBase="D:\actions-runner\_work\XPCO\XPCO\AllSolutions\..\MIP\PlatformPlugin\VideoOS.Platform\unittest\bin\Debug\net6.0-windows\VideoOS.Platform.Tests.dll" adapterTypeName="executor://mstestadapter/v2" className="VideoOS.Platform.Tests.Data.MetadataCacheTests" name="GetNearest_ShouldReturnNull_WhenCacheIsEmpty" />
    </UnitTest>
    <UnitTest name="GenerateDeviceCapabilityParameters_ShouldWriteResolution_WhenAlways" storage="d:\actions-runner\_work\xpco\xpco\allsolutions\..\mip\platformplugin\videoos.platform\unittest\bin\debug\net6.0-windows\videoos.platform.tests.dll" id="4cab5b13-e57d-d862-8721-f8c86a15bdbf">
      <Execution id="464923ab-0409-45a1-8391-f85e53519d6a" />
      <TestMethod codeBase="D:\actions-runner\_work\XPCO\XPCO\AllSolutions\..\MIP\PlatformPlugin\VideoOS.Platform\unittest\bin\Debug\net6.0-windows\VideoOS.Platform.Tests.dll" adapterTypeName="executor://mstestadapter/v2" className="VideoOS.Platform.Tests.Data.DataCapabilityTests" name="GenerateDeviceCapabilityParameters_ShouldWriteResolution_WhenAlways" />
    </UnitTest>
    <UnitTest name="GetAtOrBefore_ShouldReturnNull_WhenToolkitReturnsResponseWithNullDataList" storage="d:\actions-runner\_work\xpco\xpco\allsolutions\..\mip\platformplugin\videoos.platform\unittest\bin\debug\net6.0-windows\videoos.platform.tests.dll" id="8b5da03f-9577-2062-8111-d2b15e5a740d">
      <Execution id="e0e8ba66-cdb4-477e-b3db-9f342665b317" />
      <TestMethod codeBase="D:\actions-runner\_work\XPCO\XPCO\AllSolutions\..\MIP\PlatformPlugin\VideoOS.Platform\unittest\bin\Debug\net6.0-windows\VideoOS.Platform.Tests.dll" adapterTypeName="executor://mstestadapter/v2" className="VideoOS.Platform.Tests.Data.MetadataPlaybackSourceTests" name="GetAtOrBefore_ShouldReturnNull_WhenToolkitReturnsResponseWithNullDataList" />
    </UnitTest>
    <UnitTest name="CreateAlarmFromEvent_ShouldReturnProperAlarm_WhenArgumentIsEventData" storage="d:\actions-runner\_work\xpco\xpco\allsolutions\..\mip\platformplugin\videoos.platform\unittest\bin\debug\net6.0-windows\videoos.platform.tests.dll" id="6faa7eef-7d9f-75d0-2df6-09e7531ab536">
      <Execution id="21d38d53-bf6d-49f0-8ced-6dcc88be77d2" />
      <TestMethod codeBase="D:\actions-runner\_work\XPCO\XPCO\AllSolutions\..\MIP\PlatformPlugin\VideoOS.Platform\unittest\bin\Debug\net6.0-windows\VideoOS.Platform.Tests.dll" adapterTypeName="executor://mstestadapter/v2" className="VideoOS.Platform.Tests.Util.AlarmBuilderTests" name="CreateAlarmFromEvent_ShouldReturnProperAlarm_WhenArgumentIsEventData" />
    </UnitTest>
    <UnitTest name="Equals_ShouldReturnTrue_WhenOnlyServerTypeIsDifferent" storage="d:\actions-runner\_work\xpco\xpco\allsolutions\..\mip\platformplugin\videoos.platform\unittest\bin\debug\net6.0-windows\videoos.platform.tests.dll" id="93692a07-3a10-4489-765e-ef79d18cf4d4">
      <Execution id="5164966b-fd5e-45e3-8a2c-f22eb2b177a5" />
      <TestMethod codeBase="D:\actions-runner\_work\XPCO\XPCO\AllSolutions\..\MIP\PlatformPlugin\VideoOS.Platform\unittest\bin\Debug\net6.0-windows\VideoOS.Platform.Tests.dll" adapterTypeName="executor://mstestadapter/v2" className="VideoOS.Platform.Tests.ServerIdTests" name="Equals_ShouldReturnTrue_WhenOnlyServerTypeIsDifferent" />
    </UnitTest>
    <UnitTest name="WriteXml_ShouldWriteNavigationalData_WhenNavigationalDataIsNotNull" storage="d:\actions-runner\_work\xpco\xpco\allsolutions\..\mip\platformplugin\videoos.platform\unittest\bin\debug\net6.0-windows\videoos.platform.tests.dll" id="bbf27319-0f4b-5f15-78c4-45a2e840ee02">
      <Execution id="0550f116-8b05-4bfa-aced-02ebb1890f20" />
      <TestMethod codeBase="D:\actions-runner\_work\XPCO\XPCO\AllSolutions\..\MIP\PlatformPlugin\VideoOS.Platform\unittest\bin\Debug\net6.0-windows\VideoOS.Platform.Tests.dll" adapterTypeName="executor://mstestadapter/v2" className="VideoOS.Platform.Tests.Metadata.MetadataStreamTests" name="WriteXml_ShouldWriteNavigationalData_WhenNavigationalDataIsNotNull" />
    </UnitTest>
    <UnitTest name="GetNextSequence_ShouldStoreToolkitResultInCache_WhenAlways" storage="d:\actions-runner\_work\xpco\xpco\allsolutions\..\mip\platformplugin\videoos.platform\unittest\bin\debug\net6.0-windows\videoos.platform.tests.dll" id="ac1eb344-84dd-8e2f-e7fa-8afd6aaf6222">
      <Execution id="05b5681a-1873-4df0-9c61-14e97783178a" />
      <TestMethod codeBase="D:\actions-runner\_work\XPCO\XPCO\AllSolutions\..\MIP\PlatformPlugin\VideoOS.Platform\unittest\bin\Debug\net6.0-windows\VideoOS.Platform.Tests.dll" adapterTypeName="executor://mstestadapter/v2" className="VideoOS.Platform.Tests.Data.MetadataPlaybackSourceTests" name="GetNextSequence_ShouldStoreToolkitResultInCache_WhenAlways" />
    </UnitTest>
    <UnitTest name="Ctor_NullName_Throws" storage="d:\actions-runner\_work\xpco\xpco\allsolutions\..\mip\platformplugin\videoos.platform\unittest\bin\debug\net6.0-windows\videoos.platform.tests.dll" id="b543895e-b652-81f1-d5a2-ebd384954ea0">
      <TestCategory>
        <TestCategoryItem TestCategory="Search" />
      </TestCategory>
      <Execution id="f2d7b3f1-1d19-460a-bd15-da42b9021010" />
      <TestMethod codeBase="D:\actions-runner\_work\XPCO\XPCO\AllSolutions\..\MIP\PlatformPlugin\VideoOS.Platform\unittest\bin\Debug\net6.0-windows\VideoOS.Platform.Tests.dll" adapterTypeName="executor://mstestadapter/v2" className="VideoOS.Platform.Tests.Search.FilterCategories.VehicleSearchFilterCategoryTest" name="Ctor_NullName_Throws" />
    </UnitTest>
    <UnitTest name="SearchResultData_RelatedItems_Success" storage="d:\actions-runner\_work\xpco\xpco\allsolutions\..\mip\platformplugin\videoos.platform\unittest\bin\debug\net6.0-windows\videoos.platform.tests.dll" id="a17307f7-bfca-392d-97bb-4da7ab99cc40">
      <TestCategory>
        <TestCategoryItem TestCategory="Search" />
      </TestCategory>
      <Execution id="fc84e4a6-3a17-4bf4-bdf3-5f36f9da1540" />
      <TestMethod codeBase="D:\actions-runner\_work\XPCO\XPCO\AllSolutions\..\MIP\PlatformPlugin\VideoOS.Platform\unittest\bin\Debug\net6.0-windows\VideoOS.Platform.Tests.dll" adapterTypeName="executor://mstestadapter/v2" className="VideoOS.Platform.Tests.Search.SearchResultDataTest" name="SearchResultData_RelatedItems_Success" />
    </UnitTest>
    <UnitTest name="WriteXml_ShouldWriteBoundingBoxAppearanceContents_WhenTheyArePresent" storage="d:\actions-runner\_work\xpco\xpco\allsolutions\..\mip\platformplugin\videoos.platform\unittest\bin\debug\net6.0-windows\videoos.platform.tests.dll" id="d7212be9-a773-7051-2296-d1e014528157">
      <Execution id="d01166b6-a7e2-4a73-89d7-1c8829c35d8e" />
      <TestMethod codeBase="D:\actions-runner\_work\XPCO\XPCO\AllSolutions\..\MIP\PlatformPlugin\VideoOS.Platform\unittest\bin\Debug\net6.0-windows\VideoOS.Platform.Tests.dll" adapterTypeName="executor://mstestadapter/v2" className="VideoOS.Platform.Tests.Metadata.ShapeTests" name="WriteXml_ShouldWriteBoundingBoxAppearanceContents_WhenTheyArePresent" />
    </UnitTest>
    <UnitTest name="Match_Fail_SystemType_WrongMessage" storage="d:\actions-runner\_work\xpco\xpco\allsolutions\..\mip\platformplugin\videoos.platform\unittest\bin\debug\net6.0-windows\videoos.platform.tests.dll" id="c05fec08-28d3-c263-f7df-c8727f4f0b97">
      <Execution id="d293d8c4-5f52-463f-98c8-dc241dd7fed2" />
      <TestMethod codeBase="D:\actions-runner\_work\XPCO\XPCO\AllSolutions\..\MIP\PlatformPlugin\VideoOS.Platform\unittest\bin\Debug\net6.0-windows\VideoOS.Platform.Tests.dll" adapterTypeName="executor://mstestadapter/v2" className="VideoOS.Platform.Tests.Messaging.CommunicationIdFilterTests" name="Match_Fail_SystemType_WrongMessage" />
    </UnitTest>
    <UnitTest name="WriteXml_ShouldWriteXAttribute_WhenPresent" storage="d:\actions-runner\_work\xpco\xpco\allsolutions\..\mip\platformplugin\videoos.platform\unittest\bin\debug\net6.0-windows\videoos.platform.tests.dll" id="8f17e532-4f0a-9dfe-05e8-c96d494622ac">
      <Execution id="b6cb391b-50b2-4a34-b6d6-da4a43af5051" />
      <TestMethod codeBase="D:\actions-runner\_work\XPCO\XPCO\AllSolutions\..\MIP\PlatformPlugin\VideoOS.Platform\unittest\bin\Debug\net6.0-windows\VideoOS.Platform.Tests.dll" adapterTypeName="executor://mstestadapter/v2" className="VideoOS.Platform.Tests.Metadata.DisplayTextTests" name="WriteXml_ShouldWriteXAttribute_WhenPresent" />
    </UnitTest>
    <UnitTest name="Serialize_ShouldHandleRecursiveCollectionWithCustomRootObject" storage="d:\actions-runner\_work\xpco\xpco\allsolutions\..\mip\platformplugin\videoos.platform\unittest\bin\debug\net6.0-windows\videoos.platform.tests.dll" id="420e5a34-3d7f-4641-51ff-8be4f28538e4">
      <Execution id="42fe1cce-af5a-4543-a0ac-28384b326b1e" />
      <TestMethod codeBase="D:\actions-runner\_work\XPCO\XPCO\AllSolutions\..\MIP\PlatformPlugin\VideoOS.Platform\unittest\bin\Debug\net6.0-windows\VideoOS.Platform.Tests.dll" adapterTypeName="executor://mstestadapter/v2" className="VideoOS.Platform.Tests.UI.Controls.Automation.Serialization.AutomationObjectSerializerRecursionTests" name="Serialize_ShouldHandleRecursiveCollectionWithCustomRootObject" />
    </UnitTest>
    <UnitTest name="GenerateParameters_ShouldWriteResolutionList_WhenResolutionSetIsNotEmpty" storage="d:\actions-runner\_work\xpco\xpco\allsolutions\..\mip\platformplugin\videoos.platform\unittest\bin\debug\net6.0-windows\videoos.platform.tests.dll" id="0668f627-8706-4ec9-03ec-e3e79b2c140f">
      <Execution id="c67caf07-6471-4a1e-a151-59d9ccec5322" />
      <TestMethod codeBase="D:\actions-runner\_work\XPCO\XPCO\AllSolutions\..\MIP\PlatformPlugin\VideoOS.Platform\unittest\bin\Debug\net6.0-windows\VideoOS.Platform.Tests.dll" adapterTypeName="executor://mstestadapter/v2" className="VideoOS.Platform.Tests.Data.CameraDeviceDefinitionTests" name="GenerateParameters_ShouldWriteResolutionList_WhenResolutionSetIsNotEmpty" />
    </UnitTest>
    <UnitTest name="GetNext_ShouldReturnNull_WhenCacheIsEmpty" storage="d:\actions-runner\_work\xpco\xpco\allsolutions\..\mip\platformplugin\videoos.platform\unittest\bin\debug\net6.0-windows\videoos.platform.tests.dll" id="3ccfced6-2d87-0092-817f-624478d6bd44">
      <Execution id="d4c33a85-984b-4118-bd1e-a82e79b46f6f" />
      <TestMethod codeBase="D:\actions-runner\_work\XPCO\XPCO\AllSolutions\..\MIP\PlatformPlugin\VideoOS.Platform\unittest\bin\Debug\net6.0-windows\VideoOS.Platform.Tests.dll" adapterTypeName="executor://mstestadapter/v2" className="VideoOS.Platform.Tests.Data.MetadataCacheTests" name="GetNext_ShouldReturnNull_WhenCacheIsEmpty" />
    </UnitTest>
    <UnitTest name="Convert_MultiArgumentConverter_ShouldAllowNullValue_WhenArgumentIsReferenceType" storage="d:\actions-runner\_work\xpco\xpco\allsolutions\..\mip\platformplugin\videoos.platform\unittest\bin\debug\net6.0-windows\videoos.platform.tests.dll" id="474f4123-c4f0-ed71-e9ae-2089a5b45084">
      <Execution id="2b949bf4-9e24-441d-9492-9bc78005825f" />
      <TestMethod codeBase="D:\actions-runner\_work\XPCO\XPCO\AllSolutions\..\MIP\PlatformPlugin\VideoOS.Platform\unittest\bin\Debug\net6.0-windows\VideoOS.Platform.Tests.dll" adapterTypeName="executor://mstestadapter/v2" className="VideoOS.Platform.Tests.UI.Converters.LambdaConverterTest" name="Convert_MultiArgumentConverter_ShouldAllowNullValue_WhenArgumentIsReferenceType" />
    </UnitTest>
    <UnitTest name="TestMultiLevelQueue_LevelIdentifierThrowsException_QueueSurvives" storage="d:\actions-runner\_work\xpco\xpco\allsolutions\..\mip\platformplugin\videoos.platform\unittest\bin\debug\net6.0-windows\videoos.platform.tests.dll" id="7ff37c2f-1947-5bfd-5301-306c5eae35b9">
      <Execution id="2c57e3be-97fa-433c-a1e1-1833f173d573" />
      <TestMethod codeBase="D:\actions-runner\_work\XPCO\XPCO\AllSolutions\..\MIP\PlatformPlugin\VideoOS.Platform\unittest\bin\Debug\net6.0-windows\VideoOS.Platform.Tests.dll" adapterTypeName="executor://mstestadapter/v2" className="VideoOS.Platform.Tests.Util.Queue.MultiLevelResourceQueueTests" name="TestMultiLevelQueue_LevelIdentifierThrowsException_QueueSurvives" />
    </UnitTest>
    <UnitTest name="Unauthorized_Success" storage="d:\actions-runner\_work\xpco\xpco\allsolutions\..\mip\platformplugin\videoos.platform\unittest\bin\debug\net6.0-windows\videoos.platform.tests.dll" id="c15be519-b8fe-48e7-7703-7b1ac1a61e7f">
      <Execution id="20860948-ff34-4a69-9f7d-e3883cbcf1e4" />
      <TestMethod codeBase="D:\actions-runner\_work\XPCO\XPCO\AllSolutions\..\MIP\PlatformPlugin\VideoOS.Platform\unittest\bin\Debug\net6.0-windows\VideoOS.Platform.Tests.dll" adapterTypeName="executor://mstestadapter/v2" className="VideoOS.Platform.Tests.Proxy.RestApi.RestApiClientDecoratorTests" name="Unauthorized_Success" />
    </UnitTest>
    <UnitTest name="OverlapsWith_ShouldReturnFalse_WhenArgumenStartTimeIsAfterEndTime" storage="d:\actions-runner\_work\xpco\xpco\allsolutions\..\mip\platformplugin\videoos.platform\unittest\bin\debug\net6.0-windows\videoos.platform.tests.dll" id="cf0c75b1-044e-c5b0-ba75-3be411bef17a">
      <Execution id="21098409-bac2-44d6-93c3-236f37e5c819" />
      <TestMethod codeBase="D:\actions-runner\_work\XPCO\XPCO\AllSolutions\..\MIP\PlatformPlugin\VideoOS.Platform\unittest\bin\Debug\net6.0-windows\VideoOS.Platform.Tests.dll" adapterTypeName="executor://mstestadapter/v2" className="VideoOS.Platform.Tests.Util.TimeIntervalTests" name="OverlapsWith_ShouldReturnFalse_WhenArgumenStartTimeIsAfterEndTime" />
    </UnitTest>
    <UnitTest name="Deserialize_Server_FieldValues_checked" storage="d:\actions-runner\_work\xpco\xpco\allsolutions\..\mip\platformplugin\videoos.platform\unittest\bin\debug\net6.0-windows\videoos.platform.tests.dll" id="eede4713-56bb-3d3c-3e2e-6a26dd039e2e">
      <Execution id="09b2850b-55b4-4a63-9037-655410a473c1" />
      <TestMethod codeBase="D:\actions-runner\_work\XPCO\XPCO\AllSolutions\..\MIP\PlatformPlugin\VideoOS.Platform\unittest\bin\Debug\net6.0-windows\VideoOS.Platform.Tests.dll" adapterTypeName="executor://mstestadapter/v2" className="VideoOS.Platform.Tests.FQIDtests" name="Deserialize_Server_FieldValues_checked" />
    </UnitTest>
    <UnitTest name="WriteAppearanceExtenstionXml_ShouldWriteDisplayedThicknessInPixels_WhenLineDisplayPixelThicknessIsPresent" storage="d:\actions-runner\_work\xpco\xpco\allsolutions\..\mip\platformplugin\videoos.platform\unittest\bin\debug\net6.0-windows\videoos.platform.tests.dll" id="d68b3075-4627-ba2b-18db-33c4279233ca">
      <Execution id="89f1e4e4-7e63-4520-9866-9dada89a33a5" />
      <TestMethod codeBase="D:\actions-runner\_work\XPCO\XPCO\AllSolutions\..\MIP\PlatformPlugin\VideoOS.Platform\unittest\bin\Debug\net6.0-windows\VideoOS.Platform.Tests.dll" adapterTypeName="executor://mstestadapter/v2" className="VideoOS.Platform.Tests.Metadata.RectangleTests" name="WriteAppearanceExtenstionXml_ShouldWriteDisplayedThicknessInPixels_WhenLineDisplayPixelThicknessIsPresent" />
    </UnitTest>
    <UnitTest name="ProvideValue_ShouldUseContentTemplate_WhenSelectedItemIsVideoOSDropDownItem" storage="d:\actions-runner\_work\xpco\xpco\allsolutions\..\mip\platformplugin\videoos.platform\unittest\bin\debug\net6.0-windows\videoos.platform.tests.dll" id="9c47fe03-c56a-043e-ff88-e2633670fc9e">
      <TestCategory>
        <TestCategoryItem TestCategory="DropDowns" />
      </TestCategory>
      <Execution id="b5395fcc-173e-41ff-a7db-217b584030ed" />
      <TestMethod codeBase="D:\actions-runner\_work\XPCO\XPCO\AllSolutions\..\MIP\PlatformPlugin\VideoOS.Platform\unittest\bin\Debug\net6.0-windows\VideoOS.Platform.Tests.dll" adapterTypeName="executor://mstestadapter/v2" className="VideoOS.Platform.Tests.UI.Controls.DropDowns.Internal.SelectedItemContentTemplateExtensionTest" name="ProvideValue_ShouldUseContentTemplate_WhenSelectedItemIsVideoOSDropDownItem" />
    </UnitTest>
    <UnitTest name="AddFilterValue_ExistingValue_NullFilter_Throws" storage="d:\actions-runner\_work\xpco\xpco\allsolutions\..\mip\platformplugin\videoos.platform\unittest\bin\debug\net6.0-windows\videoos.platform.tests.dll" id="9cb1dd9b-9567-7d27-369e-add42bb14fb4">
      <TestCategory>
        <TestCategoryItem TestCategory="Search" />
      </TestCategory>
      <Execution id="7153fd8e-f38e-4ef1-b16c-df5655311a4e" />
      <TestMethod codeBase="D:\actions-runner\_work\XPCO\XPCO\AllSolutions\..\MIP\PlatformPlugin\VideoOS.Platform\unittest\bin\Debug\net6.0-windows\VideoOS.Platform.Tests.dll" adapterTypeName="executor://mstestadapter/v2" className="VideoOS.Platform.Tests.Search.SearchCriteriaTest" name="AddFilterValue_ExistingValue_NullFilter_Throws" />
    </UnitTest>
    <UnitTest name="GetChildrenSorted_And_Check" storage="d:\actions-runner\_work\xpco\xpco\allsolutions\..\mip\platformplugin\videoos.platform\unittest\bin\debug\net6.0-windows\videoos.platform.tests.dll" id="b82f6040-62f7-3594-e125-274383902f8c">
      <Execution id="6d8679e0-82a7-4d75-87b7-38f980bdc303" />
      <TestMethod codeBase="D:\actions-runner\_work\XPCO\XPCO\AllSolutions\..\MIP\PlatformPlugin\VideoOS.Platform\unittest\bin\Debug\net6.0-windows\VideoOS.Platform.Tests.dll" adapterTypeName="executor://mstestadapter/v2" className="VideoOS.Platform.Tests.ItemTests" name="GetChildrenSorted_And_Check" />
    </UnitTest>
    <UnitTest name="GenerateParameters_ShouldWriteMacAddress_WhenAlways" storage="d:\actions-runner\_work\xpco\xpco\allsolutions\..\mip\platformplugin\videoos.platform\unittest\bin\debug\net6.0-windows\videoos.platform.tests.dll" id="090bb946-dfcb-8466-9f8e-938126697e92">
      <Execution id="26e8a73f-7774-4f82-b5f8-78c50086077c" />
      <TestMethod codeBase="D:\actions-runner\_work\XPCO\XPCO\AllSolutions\..\MIP\PlatformPlugin\VideoOS.Platform\unittest\bin\Debug\net6.0-windows\VideoOS.Platform.Tests.dll" adapterTypeName="executor://mstestadapter/v2" className="VideoOS.Platform.Tests.Data.HardwareDefinitionTests" name="GenerateParameters_ShouldWriteMacAddress_WhenAlways" />
    </UnitTest>
    <UnitTest name="SetChildren_Set_NoChildren_And_Check" storage="d:\actions-runner\_work\xpco\xpco\allsolutions\..\mip\platformplugin\videoos.platform\unittest\bin\debug\net6.0-windows\videoos.platform.tests.dll" id="b6cf4406-22c8-107a-cae8-fc1d204c4130">
      <Execution id="65e9567a-3a19-4cbc-adec-3328bd20ce56" />
      <TestMethod codeBase="D:\actions-runner\_work\XPCO\XPCO\AllSolutions\..\MIP\PlatformPlugin\VideoOS.Platform\unittest\bin\Debug\net6.0-windows\VideoOS.Platform.Tests.dll" adapterTypeName="executor://mstestadapter/v2" className="VideoOS.Platform.Tests.ItemTests" name="SetChildren_Set_NoChildren_And_Check" />
    </UnitTest>
    <UnitTest name="HasExtensionDataPresent_ShouldReturnTrue_WhenLineColorIsSet" storage="d:\actions-runner\_work\xpco\xpco\allsolutions\..\mip\platformplugin\videoos.platform\unittest\bin\debug\net6.0-windows\videoos.platform.tests.dll" id="b6380494-d08e-3475-91a8-7a07dd918969">
      <Execution id="96992fde-be6d-4b71-90a8-6d5e21a65cc1" />
      <TestMethod codeBase="D:\actions-runner\_work\XPCO\XPCO\AllSolutions\..\MIP\PlatformPlugin\VideoOS.Platform\unittest\bin\Debug\net6.0-windows\VideoOS.Platform.Tests.dll" adapterTypeName="executor://mstestadapter/v2" className="VideoOS.Platform.Tests.Metadata.RectangleTests" name="HasExtensionDataPresent_ShouldReturnTrue_WhenLineColorIsSet" />
    </UnitTest>
    <UnitTest name="GetCompatibilityHandler_ShouldThrownMIPException_WhenLoginSettingsCannotBeRetrieved" storage="d:\actions-runner\_work\xpco\xpco\allsolutions\..\mip\platformplugin\videoos.platform\unittest\bin\debug\net6.0-windows\videoos.platform.tests.dll" id="0a9c2a64-10d3-ab1b-bf1d-557005ecb79f">
      <Execution id="d923449a-1e8e-4120-b471-226c5504a33e" />
      <TestMethod codeBase="D:\actions-runner\_work\XPCO\XPCO\AllSolutions\..\MIP\PlatformPlugin\VideoOS.Platform\unittest\bin\Debug\net6.0-windows\VideoOS.Platform.Tests.dll" adapterTypeName="executor://mstestadapter/v2" className="VideoOS.Platform.Tests.License.LicenseManagerTests" name="GetCompatibilityHandler_ShouldThrownMIPException_WhenLoginSettingsCannotBeRetrieved" />
    </UnitTest>
    <UnitTest name="WriteXml_ShouldOmitClassCandidateElement_WhenThereIsNoClassCandidatesPresent" storage="d:\actions-runner\_work\xpco\xpco\allsolutions\..\mip\platformplugin\videoos.platform\unittest\bin\debug\net6.0-windows\videoos.platform.tests.dll" id="68a6ea98-ca7c-4d82-e5af-14d114a1f9a4">
      <Execution id="bc4775ea-3a60-4879-b8af-07e367927474" />
      <TestMethod codeBase="D:\actions-runner\_work\XPCO\XPCO\AllSolutions\..\MIP\PlatformPlugin\VideoOS.Platform\unittest\bin\Debug\net6.0-windows\VideoOS.Platform.Tests.dll" adapterTypeName="executor://mstestadapter/v2" className="VideoOS.Platform.Tests.Metadata.OnvifClassTests" name="WriteXml_ShouldOmitClassCandidateElement_WhenThereIsNoClassCandidatesPresent" />
    </UnitTest>
    <UnitTest name="SHA256Hex64_ShouldReturnSHAHash_WhenInputIsNotNull" storage="d:\actions-runner\_work\xpco\xpco\allsolutions\..\mip\platformplugin\videoos.platform\unittest\bin\debug\net6.0-windows\videoos.platform.tests.dll" id="273b976a-4136-12a0-93d4-d31e724b1d9b">
      <Execution id="4c4014eb-74a9-4cfa-a4d4-a0fe9bcc59da" />
      <TestMethod codeBase="D:\actions-runner\_work\XPCO\XPCO\AllSolutions\..\MIP\PlatformPlugin\VideoOS.Platform\unittest\bin\Debug\net6.0-windows\VideoOS.Platform.Tests.dll" adapterTypeName="executor://mstestadapter/v2" className="VideoOS.Platform.Tests.Data.MediaProviderInternal.UtilityTests" name="SHA256Hex64_ShouldReturnSHAHash_WhenInputIsNotNull" />
    </UnitTest>
    <UnitTest name="AllAttributesWerePresent_ShouldReturnFalse_WhenYAttributeIsMissing" storage="d:\actions-runner\_work\xpco\xpco\allsolutions\..\mip\platformplugin\videoos.platform\unittest\bin\debug\net6.0-windows\videoos.platform.tests.dll" id="dfccf221-5403-2188-5503-aa835e99c003">
      <Execution id="4ca14789-bb42-4c64-b6bb-d144ad5a1a6b" />
      <TestMethod codeBase="D:\actions-runner\_work\XPCO\XPCO\AllSolutions\..\MIP\PlatformPlugin\VideoOS.Platform\unittest\bin\Debug\net6.0-windows\VideoOS.Platform.Tests.dll" adapterTypeName="executor://mstestadapter/v2" className="VideoOS.Platform.Tests.Metadata.VectorTests" name="AllAttributesWerePresent_ShouldReturnFalse_WhenYAttributeIsMissing" />
    </UnitTest>
    <UnitTest name="GetAgeFilterValue_ValidSelection_Success" storage="d:\actions-runner\_work\xpco\xpco\allsolutions\..\mip\platformplugin\videoos.platform\unittest\bin\debug\net6.0-windows\videoos.platform.tests.dll" id="47c1b6ab-8c0a-fc63-f12d-64e40883c80a">
      <TestCategory>
        <TestCategoryItem TestCategory="Search" />
      </TestCategory>
      <Execution id="0faef300-3afe-4092-b2e1-5618f0298baf" />
      <TestMethod codeBase="D:\actions-runner\_work\XPCO\XPCO\AllSolutions\..\MIP\PlatformPlugin\VideoOS.Platform\unittest\bin\Debug\net6.0-windows\VideoOS.Platform.Tests.dll" adapterTypeName="executor://mstestadapter/v2" className="VideoOS.Platform.Tests.Search.FilterCategories.PersonSearchFilterCategoryTest" name="GetAgeFilterValue_ValidSelection_Success" />
    </UnitTest>
    <UnitTest name="ReadXml_ShouldReadXAttribute_WhenPresent" storage="d:\actions-runner\_work\xpco\xpco\allsolutions\..\mip\platformplugin\videoos.platform\unittest\bin\debug\net6.0-windows\videoos.platform.tests.dll" id="44454256-30a7-bf45-41dd-badf653c0c55">
      <Execution id="ac0c22da-f596-4b58-b248-7a6942b583e5" />
      <TestMethod codeBase="D:\actions-runner\_work\XPCO\XPCO\AllSolutions\..\MIP\PlatformPlugin\VideoOS.Platform\unittest\bin\Debug\net6.0-windows\VideoOS.Platform.Tests.dll" adapterTypeName="executor://mstestadapter/v2" className="VideoOS.Platform.Tests.Metadata.DisplayTextTests" name="ReadXml_ShouldReadXAttribute_WhenPresent" />
    </UnitTest>
    <UnitTest name="Contains_CameraServerName_Checked" storage="d:\actions-runner\_work\xpco\xpco\allsolutions\..\mip\platformplugin\videoos.platform\unittest\bin\debug\net6.0-windows\videoos.platform.tests.dll" id="2e6d5115-26cc-6226-264b-6222e4689761">
      <Execution id="b94d857b-7322-4474-b7bd-2ead4750b1bb" />
      <TestMethod codeBase="D:\actions-runner\_work\XPCO\XPCO\AllSolutions\..\MIP\PlatformPlugin\VideoOS.Platform\unittest\bin\Debug\net6.0-windows\VideoOS.Platform.Tests.dll" adapterTypeName="executor://mstestadapter/v2" className="VideoOS.Platform.Tests.FQIDtests" name="Contains_CameraServerName_Checked" />
    </UnitTest>
    <UnitTest name="CreateSearchFilterEditControl_MultiplePlugins_MilestonePluginsFirst" storage="d:\actions-runner\_work\xpco\xpco\allsolutions\..\mip\platformplugin\videoos.platform\unittest\bin\debug\net6.0-windows\videoos.platform.tests.dll" id="4599a740-2169-7e32-9656-668b8e9b7b20">
      <TestCategory>
        <TestCategoryItem TestCategory="Search" />
      </TestCategory>
      <Execution id="8baa8d36-95f8-4243-ac37-660d11290e25" />
      <TestMethod codeBase="D:\actions-runner\_work\XPCO\XPCO\AllSolutions\..\MIP\PlatformPlugin\VideoOS.Platform\unittest\bin\Debug\net6.0-windows\VideoOS.Platform.Tests.dll" adapterTypeName="executor://mstestadapter/v2" className="VideoOS.Platform.Tests.Search.SearchUserControlResolverTest" name="CreateSearchFilterEditControl_MultiplePlugins_MilestonePluginsFirst" />
    </UnitTest>
    <UnitTest name="ReadAppearanceExtensionXml_ShouldNotSetBoundingBoxFillColor_WhenBoundingBoxFillColorIsNotPresent" storage="d:\actions-runner\_work\xpco\xpco\allsolutions\..\mip\platformplugin\videoos.platform\unittest\bin\debug\net6.0-windows\videoos.platform.tests.dll" id="c0b96a1c-b0d5-ece3-3b78-6c5f48ca51fc">
      <Execution id="dab1d81f-8d97-4f95-8dc2-94c9fd434265" />
      <TestMethod codeBase="D:\actions-runner\_work\XPCO\XPCO\AllSolutions\..\MIP\PlatformPlugin\VideoOS.Platform\unittest\bin\Debug\net6.0-windows\VideoOS.Platform.Tests.dll" adapterTypeName="executor://mstestadapter/v2" className="VideoOS.Platform.Tests.Metadata.RectangleTests" name="ReadAppearanceExtensionXml_ShouldNotSetBoundingBoxFillColor_WhenBoundingBoxFillColorIsNotPresent" />
    </UnitTest>
    <UnitTest name="WriteXml_ShouldWriteSizeAttribute_WhenPresent" storage="d:\actions-runner\_work\xpco\xpco\allsolutions\..\mip\platformplugin\videoos.platform\unittest\bin\debug\net6.0-windows\videoos.platform.tests.dll" id="9e0f7694-4c12-cabb-5030-0f3a25dfbb2b">
      <Execution id="a744be85-22e7-40b1-9622-0a556ffcaeb9" />
      <TestMethod codeBase="D:\actions-runner\_work\XPCO\XPCO\AllSolutions\..\MIP\PlatformPlugin\VideoOS.Platform\unittest\bin\Debug\net6.0-windows\VideoOS.Platform.Tests.dll" adapterTypeName="executor://mstestadapter/v2" className="VideoOS.Platform.Tests.Metadata.DisplayTextTests" name="WriteXml_ShouldWriteSizeAttribute_WhenPresent" />
    </UnitTest>
    <UnitTest name="Icon_Set" storage="d:\actions-runner\_work\xpco\xpco\allsolutions\..\mip\platformplugin\videoos.platform\unittest\bin\debug\net6.0-windows\videoos.platform.tests.dll" id="b7df116d-9320-09bb-de54-2fccf2279e48">
      <Execution id="e8966e45-310d-42cb-9a55-f8d31d787ab7" />
      <TestMethod codeBase="D:\actions-runner\_work\XPCO\XPCO\AllSolutions\..\MIP\PlatformPlugin\VideoOS.Platform\unittest\bin\Debug\net6.0-windows\VideoOS.Platform.Tests.dll" adapterTypeName="executor://mstestadapter/v2" className="VideoOS.Platform.Tests.ItemTests" name="Icon_Set" />
    </UnitTest>
    <UnitTest name="ReadXml_ShouldReadYAttribute_WhenPresent" storage="d:\actions-runner\_work\xpco\xpco\allsolutions\..\mip\platformplugin\videoos.platform\unittest\bin\debug\net6.0-windows\videoos.platform.tests.dll" id="cd0e928a-8fb2-a8c8-3e57-58d7e6ebe361">
      <Execution id="7a83b0cc-ba08-47a8-95d7-c88d8e927147" />
      <TestMethod codeBase="D:\actions-runner\_work\XPCO\XPCO\AllSolutions\..\MIP\PlatformPlugin\VideoOS.Platform\unittest\bin\Debug\net6.0-windows\VideoOS.Platform.Tests.dll" adapterTypeName="executor://mstestadapter/v2" className="VideoOS.Platform.Tests.Metadata.DisplayTextTests" name="ReadXml_ShouldReadYAttribute_WhenPresent" />
    </UnitTest>
    <UnitTest name="SearchAsync_DoSearchAsyncCalled_Success" storage="d:\actions-runner\_work\xpco\xpco\allsolutions\..\mip\platformplugin\videoos.platform\unittest\bin\debug\net6.0-windows\videoos.platform.tests.dll" id="f23e3e92-54c2-2411-b215-631166fbf856">
      <TestCategory>
        <TestCategoryItem TestCategory="Search" />
      </TestCategory>
      <Execution id="bd183241-885f-48e0-8960-23773eff5c29" />
      <TestMethod codeBase="D:\actions-runner\_work\XPCO\XPCO\AllSolutions\..\MIP\PlatformPlugin\VideoOS.Platform\unittest\bin\Debug\net6.0-windows\VideoOS.Platform.Tests.dll" adapterTypeName="executor://mstestadapter/v2" className="VideoOS.Platform.Tests.Search.SearchDefinitionTest" name="SearchAsync_DoSearchAsyncCalled_Success" />
    </UnitTest>
    <UnitTest name="Serialize_ShouldThrowException_WhenPropertyCollectionTypeButPathDoesNotIndicateCollection (CollectionEmptyListProperty)" storage="d:\actions-runner\_work\xpco\xpco\allsolutions\..\mip\platformplugin\videoos.platform\unittest\bin\debug\net6.0-windows\videoos.platform.tests.dll" id="f556377a-234c-b3cb-a4d6-e29f7a9225e4">
      <Execution id="66a2c5f1-e1c0-4473-9c59-07cbaeb95df4" />
      <TestMethod codeBase="D:\actions-runner\_work\XPCO\XPCO\AllSolutions\..\MIP\PlatformPlugin\VideoOS.Platform\unittest\bin\Debug\net6.0-windows\VideoOS.Platform.Tests.dll" adapterTypeName="executor://mstestadapter/v2" className="VideoOS.Platform.Tests.UI.Controls.Automation.Serialization.AutomationObjectSerializerTest" name="Serialize_ShouldThrowException_WhenPropertyCollectionTypeButPathDoesNotIndicateCollection" />
    </UnitTest>
    <UnitTest name="Add_CapacityExceeded_LeastRecentlyUsedValueRemoved" storage="d:\actions-runner\_work\xpco\xpco\allsolutions\..\mip\platformplugin\videoos.platform\unittest\bin\debug\net6.0-windows\videoos.platform.tests.dll" id="82f28324-964a-7ebe-3fa1-b6d48ed97144">
      <Execution id="d8838c31-4dc6-4435-9ca7-ecd2dbd678c5" />
      <TestMethod codeBase="D:\actions-runner\_work\XPCO\XPCO\AllSolutions\..\MIP\PlatformPlugin\VideoOS.Platform\unittest\bin\Debug\net6.0-windows\VideoOS.Platform.Tests.dll" adapterTypeName="executor://mstestadapter/v2" className="VideoOS.Platform.Tests.Util.Queue.LRUCacheTests" name="Add_CapacityExceeded_LeastRecentlyUsedValueRemoved" />
    </UnitTest>
    <UnitTest name="ReadXml_ShouldSetAllPropertiesToZero_WhenElementIsEmpty" storage="d:\actions-runner\_work\xpco\xpco\allsolutions\..\mip\platformplugin\videoos.platform\unittest\bin\debug\net6.0-windows\videoos.platform.tests.dll" id="c2a92498-f703-1b39-7778-71f05b13e27d">
      <Execution id="5a55e1f1-0043-4c16-b099-104805138845" />
      <TestMethod codeBase="D:\actions-runner\_work\XPCO\XPCO\AllSolutions\..\MIP\PlatformPlugin\VideoOS.Platform\unittest\bin\Debug\net6.0-windows\VideoOS.Platform.Tests.dll" adapterTypeName="executor://mstestadapter/v2" className="VideoOS.Platform.Tests.Metadata.RectangleTests" name="ReadXml_ShouldSetAllPropertiesToZero_WhenElementIsEmpty" />
    </UnitTest>
    <UnitTest name="ParseMetadataXmlWithString_ShouldThrowArgumentNullException_WhenXmlIsNull" storage="d:\actions-runner\_work\xpco\xpco\allsolutions\..\mip\platformplugin\videoos.platform\unittest\bin\debug\net6.0-windows\videoos.platform.tests.dll" id="bfea60ac-0b86-e379-4adc-c41a2063908a">
      <Execution id="c10960d3-26a0-44fb-80ec-daec21721adc" />
      <TestMethod codeBase="D:\actions-runner\_work\XPCO\XPCO\AllSolutions\..\MIP\PlatformPlugin\VideoOS.Platform\unittest\bin\Debug\net6.0-windows\VideoOS.Platform.Tests.dll" adapterTypeName="executor://mstestadapter/v2" className="VideoOS.Platform.Tests.Metadata.MetadataDeserializerTests" name="ParseMetadataXmlWithString_ShouldThrowArgumentNullException_WhenXmlIsNull" />
    </UnitTest>
    <UnitTest name="BuildOverlayWidthHeightAlarm_ShouldReturnCorrectSizedBitmap_WhenArgumentContainsObjectAndRule" storage="d:\actions-runner\_work\xpco\xpco\allsolutions\..\mip\platformplugin\videoos.platform\unittest\bin\debug\net6.0-windows\videoos.platform.tests.dll" id="32fbd952-cf12-ae2b-c5d4-e7f80c991d18">
      <Execution id="f7aaa508-5139-46a2-8822-321f23d3c677" />
      <TestMethod codeBase="D:\actions-runner\_work\XPCO\XPCO\AllSolutions\..\MIP\PlatformPlugin\VideoOS.Platform\unittest\bin\Debug\net6.0-windows\VideoOS.Platform.Tests.dll" adapterTypeName="executor://mstestadapter/v2" className="VideoOS.Platform.Tests.Util.AnalyticsOverlayBuilderTests" name="BuildOverlayWidthHeightAlarm_ShouldReturnCorrectSizedBitmap_WhenArgumentContainsObjectAndRule" />
    </UnitTest>
    <UnitTest name="WriteMetadataXml_ShouldThrowArgumentNullException_WhenMetadataIsNullWithStringBuilder" storage="d:\actions-runner\_work\xpco\xpco\allsolutions\..\mip\platformplugin\videoos.platform\unittest\bin\debug\net6.0-windows\videoos.platform.tests.dll" id="04126902-9508-0ab4-a88b-c6cc8b546986">
      <Execution id="a1374d1e-425c-4fe8-a3dd-4a76b0227dc1" />
      <TestMethod codeBase="D:\actions-runner\_work\XPCO\XPCO\AllSolutions\..\MIP\PlatformPlugin\VideoOS.Platform\unittest\bin\Debug\net6.0-windows\VideoOS.Platform.Tests.dll" adapterTypeName="executor://mstestadapter/v2" className="VideoOS.Platform.Tests.Metadata.MetadataSerializerTests" name="WriteMetadataXml_ShouldThrowArgumentNullException_WhenMetadataIsNullWithStringBuilder" />
    </UnitTest>
    <UnitTest name="ReadXml_ShouldSetObjectIdToZero_WhenObjectIdAttributeIsPresentButNotAnInteger" storage="d:\actions-runner\_work\xpco\xpco\allsolutions\..\mip\platformplugin\videoos.platform\unittest\bin\debug\net6.0-windows\videoos.platform.tests.dll" id="cd80718c-caec-d1ab-47af-f5822f5e7c58">
      <Execution id="e5094ca4-2770-4acb-84dd-a93fdf1c7af6" />
      <TestMethod codeBase="D:\actions-runner\_work\XPCO\XPCO\AllSolutions\..\MIP\PlatformPlugin\VideoOS.Platform\unittest\bin\Debug\net6.0-windows\VideoOS.Platform.Tests.dll" adapterTypeName="executor://mstestadapter/v2" className="VideoOS.Platform.Tests.Metadata.OnvifObjectTests" name="ReadXml_ShouldSetObjectIdToZero_WhenObjectIdAttributeIsPresentButNotAnInteger" />
    </UnitTest>
    <UnitTest name="Append_Property_PathList" storage="d:\actions-runner\_work\xpco\xpco\allsolutions\..\mip\platformplugin\videoos.platform\unittest\bin\debug\net6.0-windows\videoos.platform.tests.dll" id="11d54d6f-5da0-f133-d7de-6f5044962e90">
      <Execution id="eb56aa7c-0fc7-4626-9a1c-5d1dcc9e7f5f" />
      <TestMethod codeBase="D:\actions-runner\_work\XPCO\XPCO\AllSolutions\..\MIP\PlatformPlugin\VideoOS.Platform\unittest\bin\Debug\net6.0-windows\VideoOS.Platform.Tests.dll" adapterTypeName="executor://mstestadapter/v2" className="VideoOS.Platform.Tests.Proxy.RestApi.JsonBuilderTests" name="Append_Property_PathList" />
    </UnitTest>
    <UnitTest name="ModifyCollection_ShouldNotInvokeCallback_WhenNotObservable" storage="d:\actions-runner\_work\xpco\xpco\allsolutions\..\mip\platformplugin\videoos.platform\unittest\bin\debug\net6.0-windows\videoos.platform.tests.dll" id="9229072f-c39c-5db3-f28b-10c8f4ae4c45">
      <Execution id="ae5224b9-9056-41bd-8715-b9745aa60eea" />
      <TestMethod codeBase="D:\actions-runner\_work\XPCO\XPCO\AllSolutions\..\MIP\PlatformPlugin\VideoOS.Platform\unittest\bin\Debug\net6.0-windows\VideoOS.Platform.Tests.dll" adapterTypeName="executor://mstestadapter/v2" className="VideoOS.Platform.Tests.UI.Controls.CollectionHelperGenericTest" name="ModifyCollection_ShouldNotInvokeCallback_WhenNotObservable" />
    </UnitTest>
    <UnitTest name="Equals_Fail_OnParentId" storage="d:\actions-runner\_work\xpco\xpco\allsolutions\..\mip\platformplugin\videoos.platform\unittest\bin\debug\net6.0-windows\videoos.platform.tests.dll" id="0e72e474-7df2-3dd5-7160-b0a32b2afdd9">
      <Execution id="235012ec-b316-436b-988a-7a4670a74139" />
      <TestMethod codeBase="D:\actions-runner\_work\XPCO\XPCO\AllSolutions\..\MIP\PlatformPlugin\VideoOS.Platform\unittest\bin\Debug\net6.0-windows\VideoOS.Platform.Tests.dll" adapterTypeName="executor://mstestadapter/v2" className="VideoOS.Platform.Tests.FQIDtests" name="Equals_Fail_OnParentId" />
    </UnitTest>
    <UnitTest name="WriteXml_ShouldWriteTransformationContents_WhenTransformIsNotNull" storage="d:\actions-runner\_work\xpco\xpco\allsolutions\..\mip\platformplugin\videoos.platform\unittest\bin\debug\net6.0-windows\videoos.platform.tests.dll" id="c26d542a-727f-65ee-bb48-832c01f872f6">
      <Execution id="836f6604-658a-45bf-8bcd-87b888e013d8" />
      <TestMethod codeBase="D:\actions-runner\_work\XPCO\XPCO\AllSolutions\..\MIP\PlatformPlugin\VideoOS.Platform\unittest\bin\Debug\net6.0-windows\VideoOS.Platform.Tests.dll" adapterTypeName="executor://mstestadapter/v2" className="VideoOS.Platform.Tests.Metadata.FrameTests" name="WriteXml_ShouldWriteTransformationContents_WhenTransformIsNotNull" />
    </UnitTest>
    <UnitTest name="WriteXml_ShouldOmitElements_WhenTheyAreNull" storage="d:\actions-runner\_work\xpco\xpco\allsolutions\..\mip\platformplugin\videoos.platform\unittest\bin\debug\net6.0-windows\videoos.platform.tests.dll" id="30e80c89-c117-83fc-53e9-5be5181f841c">
      <Execution id="6db142b5-7167-4724-841d-51d9c0ca141a" />
      <TestMethod codeBase="D:\actions-runner\_work\XPCO\XPCO\AllSolutions\..\MIP\PlatformPlugin\VideoOS.Platform\unittest\bin\Debug\net6.0-windows\VideoOS.Platform.Tests.dll" adapterTypeName="executor://mstestadapter/v2" className="VideoOS.Platform.Tests.Metadata.TransformationTests" name="WriteXml_ShouldOmitElements_WhenTheyAreNull" />
    </UnitTest>
    <UnitTest name="ReadXml_ShouldIgnoreRemovedChildren_WhenAlways" storage="d:\actions-runner\_work\xpco\xpco\allsolutions\..\mip\platformplugin\videoos.platform\unittest\bin\debug\net6.0-windows\videoos.platform.tests.dll" id="d78ddc2b-307f-bc26-2b15-e79e8f94ce76">
      <Execution id="8b333c9e-b568-41d3-8cf2-3c1d0ac88201" />
      <TestMethod codeBase="D:\actions-runner\_work\XPCO\XPCO\AllSolutions\..\MIP\PlatformPlugin\VideoOS.Platform\unittest\bin\Debug\net6.0-windows\VideoOS.Platform.Tests.dll" adapterTypeName="executor://mstestadapter/v2" className="VideoOS.Platform.Tests.Metadata.BehaviourTests" name="ReadXml_ShouldIgnoreRemovedChildren_WhenAlways" />
    </UnitTest>
    <UnitTest name="GetItem_LoginProvider_Success" storage="d:\actions-runner\_work\xpco\xpco\allsolutions\..\mip\platformplugin\videoos.platform\unittest\bin\debug\net6.0-windows\videoos.platform.tests.dll" id="1ed595f1-e0b3-cd61-13ef-3cbf3778f159">
      <Execution id="1c16b95a-f939-47e7-95ae-c2dd18e8b334" />
      <TestMethod codeBase="D:\actions-runner\_work\XPCO\XPCO\AllSolutions\..\MIP\PlatformPlugin\VideoOS.Platform\unittest\bin\Debug\net6.0-windows\VideoOS.Platform.Tests.dll" adapterTypeName="executor://mstestadapter/v2" className="VideoOS.Platform.Tests.Proxy.RestApi.RestApiClientDecoratorTests" name="GetItem_LoginProvider_Success" />
    </UnitTest>
    <UnitTest name="SearchResultData_IgnoredSearchFilters_Success" storage="d:\actions-runner\_work\xpco\xpco\allsolutions\..\mip\platformplugin\videoos.platform\unittest\bin\debug\net6.0-windows\videoos.platform.tests.dll" id="3b98c405-59b2-7eb5-3579-4fa697a97bb2">
      <TestCategory>
        <TestCategoryItem TestCategory="Search" />
      </TestCategory>
      <Execution id="0b53ec38-9e97-4365-b379-bbb6cf92df9a" />
      <TestMethod codeBase="D:\actions-runner\_work\XPCO\XPCO\AllSolutions\..\MIP\PlatformPlugin\VideoOS.Platform\unittest\bin\Debug\net6.0-windows\VideoOS.Platform.Tests.dll" adapterTypeName="executor://mstestadapter/v2" className="VideoOS.Platform.Tests.Search.SearchResultDataTest" name="SearchResultData_IgnoredSearchFilters_Success" />
    </UnitTest>
    <UnitTest name="ReadXml_ShouldIgnoreBehaviour_WhenBehaviourIsPresenWithWrongNamespace" storage="d:\actions-runner\_work\xpco\xpco\allsolutions\..\mip\platformplugin\videoos.platform\unittest\bin\debug\net6.0-windows\videoos.platform.tests.dll" id="6b9c0e82-f9ec-9ff8-f609-e65978a74cf5">
      <Execution id="67ebf8d7-055a-4ba2-b07c-b5c51a5f3600" />
      <TestMethod codeBase="D:\actions-runner\_work\XPCO\XPCO\AllSolutions\..\MIP\PlatformPlugin\VideoOS.Platform\unittest\bin\Debug\net6.0-windows\VideoOS.Platform.Tests.dll" adapterTypeName="executor://mstestadapter/v2" className="VideoOS.Platform.Tests.Metadata.OnvifObjectTests" name="ReadXml_ShouldIgnoreBehaviour_WhenBehaviourIsPresenWithWrongNamespace" />
    </UnitTest>
    <UnitTest name="HttpScheme_ShouldFollowHttpPort" storage="d:\actions-runner\_work\xpco\xpco\allsolutions\..\mip\platformplugin\videoos.platform\unittest\bin\debug\net6.0-windows\videoos.platform.tests.dll" id="42d4745e-d9b8-f2e9-3bf0-8b9851599c44">
      <Execution id="a91c8471-f062-4eee-81fa-fa23ebd56270" />
      <TestMethod codeBase="D:\actions-runner\_work\XPCO\XPCO\AllSolutions\..\MIP\PlatformPlugin\VideoOS.Platform\unittest\bin\Debug\net6.0-windows\VideoOS.Platform.Tests.dll" adapterTypeName="executor://mstestadapter/v2" className="VideoOS.Platform.Tests.ServerIdTests" name="HttpScheme_ShouldFollowHttpPort" />
    </UnitTest>
    <UnitTest name="WriteXml_ShouldOmitIsRemovedElement_WhenIsRemovedFalse" storage="d:\actions-runner\_work\xpco\xpco\allsolutions\..\mip\platformplugin\videoos.platform\unittest\bin\debug\net6.0-windows\videoos.platform.tests.dll" id="66035837-2c9f-2396-ee34-7f395303e812">
      <Execution id="ea61226c-9544-4b55-ac73-655024ff2471" />
      <TestMethod codeBase="D:\actions-runner\_work\XPCO\XPCO\AllSolutions\..\MIP\PlatformPlugin\VideoOS.Platform\unittest\bin\Debug\net6.0-windows\VideoOS.Platform.Tests.dll" adapterTypeName="executor://mstestadapter/v2" className="VideoOS.Platform.Tests.Metadata.BehaviourTests" name="WriteXml_ShouldOmitIsRemovedElement_WhenIsRemovedFalse" />
    </UnitTest>
    <UnitTest name="TestConstructor_MessageParameters_Success" storage="d:\actions-runner\_work\xpco\xpco\allsolutions\..\mip\platformplugin\videoos.platform\unittest\bin\debug\net6.0-windows\videoos.platform.tests.dll" id="d1627721-b0c9-88e8-e34c-f6f72d59002d">
      <Execution id="e1f497ff-11a4-4fe7-a157-636446f1aa05" />
      <TestMethod codeBase="D:\actions-runner\_work\XPCO\XPCO\AllSolutions\..\MIP\PlatformPlugin\VideoOS.Platform\unittest\bin\Debug\net6.0-windows\VideoOS.Platform.Tests.dll" adapterTypeName="executor://mstestadapter/v2" className="VideoOS.Platform.Tests.Search.Error.CustomSearchErrorTest" name="TestConstructor_MessageParameters_Success" />
    </UnitTest>
    <UnitTest name="Escape_Success" storage="d:\actions-runner\_work\xpco\xpco\allsolutions\..\mip\platformplugin\videoos.platform\unittest\bin\debug\net6.0-windows\videoos.platform.tests.dll" id="a986cdd1-f3b8-291d-b1aa-90291a659d05">
      <Execution id="2bb7f9c6-a987-4450-a380-4c6879f173e4" />
      <TestMethod codeBase="D:\actions-runner\_work\XPCO\XPCO\AllSolutions\..\MIP\PlatformPlugin\VideoOS.Platform\unittest\bin\Debug\net6.0-windows\VideoOS.Platform.Tests.dll" adapterTypeName="executor://mstestadapter/v2" className="VideoOS.Platform.Tests.Util.StringSplitterTests" name="Escape_Success" />
    </UnitTest>
    <UnitTest name="ToJson_IntElement" storage="d:\actions-runner\_work\xpco\xpco\allsolutions\..\mip\platformplugin\videoos.platform\unittest\bin\debug\net6.0-windows\videoos.platform.tests.dll" id="94e5854b-a7a8-bf50-1837-dc2fec1a5970">
      <Execution id="f8f5a440-1402-47bf-8519-1f2f0813f29b" />
      <TestMethod codeBase="D:\actions-runner\_work\XPCO\XPCO\AllSolutions\..\MIP\PlatformPlugin\VideoOS.Platform\unittest\bin\Debug\net6.0-windows\VideoOS.Platform.Tests.dll" adapterTypeName="executor://mstestadapter/v2" className="VideoOS.Platform.Tests.Proxy.RestApi.JsonReaderTests" name="ToJson_IntElement" />
    </UnitTest>
    <UnitTest name="CountByItems_Activated_CountByCounter_Trial2" storage="d:\actions-runner\_work\xpco\xpco\allsolutions\..\mip\platformplugin\videoos.platform\unittest\bin\debug\net6.0-windows\videoos.platform.tests.dll" id="54151fed-fc55-77df-b7af-e1e01590fd93">
      <Execution id="70d1841a-cf58-461d-9aab-d950bf96059a" />
      <TestMethod codeBase="D:\actions-runner\_work\XPCO\XPCO\AllSolutions\..\MIP\PlatformPlugin\VideoOS.Platform\unittest\bin\Debug\net6.0-windows\VideoOS.Platform.Tests.dll" adapterTypeName="executor://mstestadapter/v2" className="VideoOS.Platform.Tests.License.ResolvedLicenseCountTest" name="CountByItems_Activated_CountByCounter_Trial2" />
    </UnitTest>
    <UnitTest name="ReadXml_ShouldIgnoreType_WhenTypeIsPresenWithWrongNamespace" storage="d:\actions-runner\_work\xpco\xpco\allsolutions\..\mip\platformplugin\videoos.platform\unittest\bin\debug\net6.0-windows\videoos.platform.tests.dll" id="6fccae5a-7804-fab5-2f9c-d8ea289560be">
      <Execution id="7fa54bce-677a-45e0-9425-f22e1e3f4bc2" />
      <TestMethod codeBase="D:\actions-runner\_work\XPCO\XPCO\AllSolutions\..\MIP\PlatformPlugin\VideoOS.Platform\unittest\bin\Debug\net6.0-windows\VideoOS.Platform.Tests.dll" adapterTypeName="executor://mstestadapter/v2" className="VideoOS.Platform.Tests.Metadata.ClassCandidateTests" name="ReadXml_ShouldIgnoreType_WhenTypeIsPresenWithWrongNamespace" />
    </UnitTest>
    <UnitTest name="TestConstructor_MessageParametersAsWarning_Success" storage="d:\actions-runner\_work\xpco\xpco\allsolutions\..\mip\platformplugin\videoos.platform\unittest\bin\debug\net6.0-windows\videoos.platform.tests.dll" id="679fa446-5363-b4de-5431-4cdafa751f6b">
      <Execution id="60872f20-9905-4ef3-928c-2250bb8a278f" />
      <TestMethod codeBase="D:\actions-runner\_work\XPCO\XPCO\AllSolutions\..\MIP\PlatformPlugin\VideoOS.Platform\unittest\bin\Debug\net6.0-windows\VideoOS.Platform.Tests.dll" adapterTypeName="executor://mstestadapter/v2" className="VideoOS.Platform.Tests.Search.Error.CustomSearchErrorTest" name="TestConstructor_MessageParametersAsWarning_Success" />
    </UnitTest>
    <UnitTest name="GetWithDateTime_ShouldEnsureThatFolowingCallToGetNextWorks_WhenDataIsNotInCache" storage="d:\actions-runner\_work\xpco\xpco\allsolutions\..\mip\platformplugin\videoos.platform\unittest\bin\debug\net6.0-windows\videoos.platform.tests.dll" id="005c4048-bbfa-5fd2-6e76-51731c50383b">
      <Execution id="2208a2bb-4f3c-4ff7-b318-8e13041b5ecd" />
      <TestMethod codeBase="D:\actions-runner\_work\XPCO\XPCO\AllSolutions\..\MIP\PlatformPlugin\VideoOS.Platform\unittest\bin\Debug\net6.0-windows\VideoOS.Platform.Tests.dll" adapterTypeName="executor://mstestadapter/v2" className="VideoOS.Platform.Tests.Data.MetadataPlaybackSourceTests" name="GetWithDateTime_ShouldEnsureThatFolowingCallToGetNextWorks_WhenDataIsNotInCache" />
    </UnitTest>
    <UnitTest name="Serialize_TestCases (Verify root Interface (not null) property)" storage="d:\actions-runner\_work\xpco\xpco\allsolutions\..\mip\platformplugin\videoos.platform\unittest\bin\debug\net6.0-windows\videoos.platform.tests.dll" id="80c46a70-b8c2-5ddc-7925-b3f4ce3a7330">
      <Execution id="b1b8ba66-2f19-4e1d-9fa4-c918f4ed2fc2" />
      <TestMethod codeBase="D:\actions-runner\_work\XPCO\XPCO\AllSolutions\..\MIP\PlatformPlugin\VideoOS.Platform\unittest\bin\Debug\net6.0-windows\VideoOS.Platform.Tests.dll" adapterTypeName="executor://mstestadapter/v2" className="VideoOS.Platform.Tests.UI.Controls.Automation.Serialization.AutomationObjectSerializerTest" name="Serialize_TestCases" />
    </UnitTest>
    <UnitTest name="GetMetadataString_ShouldReturnConstructorByteArrayParameter_AsUtf8DecodedString" storage="d:\actions-runner\_work\xpco\xpco\allsolutions\..\mip\platformplugin\videoos.platform\unittest\bin\debug\net6.0-windows\videoos.platform.tests.dll" id="007025e6-ced6-33f5-d735-a3864e2b7add">
      <Execution id="5cbe4121-0f43-4585-9fc2-6642f658e530" />
      <TestMethod codeBase="D:\actions-runner\_work\XPCO\XPCO\AllSolutions\..\MIP\PlatformPlugin\VideoOS.Platform\unittest\bin\Debug\net6.0-windows\VideoOS.Platform.Tests.dll" adapterTypeName="executor://mstestadapter/v2" className="VideoOS.Platform.Tests.Metadata.MetadataContentTests" name="GetMetadataString_ShouldReturnConstructorByteArrayParameter_AsUtf8DecodedString" />
    </UnitTest>
    <UnitTest name="TryParseArgbString_ShouldReturnTrue_WithCorrectARGBValuesWhenFormatIsCorrect" storage="d:\actions-runner\_work\xpco\xpco\allsolutions\..\mip\platformplugin\videoos.platform\unittest\bin\debug\net6.0-windows\videoos.platform.tests.dll" id="774975d0-338f-cf44-fe77-bf25f6734c5b">
      <Execution id="56fae186-0fa0-449a-a78c-a86ecef6ac14" />
      <TestMethod codeBase="D:\actions-runner\_work\XPCO\XPCO\AllSolutions\..\MIP\PlatformPlugin\VideoOS.Platform\unittest\bin\Debug\net6.0-windows\VideoOS.Platform.Tests.dll" adapterTypeName="executor://mstestadapter/v2" className="VideoOS.Platform.Tests.Metadata.DisplayColorTests" name="TryParseArgbString_ShouldReturnTrue_WithCorrectARGBValuesWhenFormatIsCorrect" />
    </UnitTest>
    <UnitTest name="GetItem_Rule_Success" storage="d:\actions-runner\_work\xpco\xpco\allsolutions\..\mip\platformplugin\videoos.platform\unittest\bin\debug\net6.0-windows\videoos.platform.tests.dll" id="e4430911-be68-d9a0-a78d-87695990dd2b">
      <Execution id="bd5f2520-76c5-4e74-b0fc-61cf8cd4083e" />
      <TestMethod codeBase="D:\actions-runner\_work\XPCO\XPCO\AllSolutions\..\MIP\PlatformPlugin\VideoOS.Platform\unittest\bin\Debug\net6.0-windows\VideoOS.Platform.Tests.dll" adapterTypeName="executor://mstestadapter/v2" className="VideoOS.Platform.Tests.Proxy.RestApi.RestApiClientDecoratorTests" name="GetItem_Rule_Success" />
    </UnitTest>
    <UnitTest name="GetItem_ShouldReturnItem_WhenFound" storage="d:\actions-runner\_work\xpco\xpco\allsolutions\..\mip\platformplugin\videoos.platform\unittest\bin\debug\net6.0-windows\videoos.platform.tests.dll" id="211e44a5-7069-3390-6f71-9a0cc710f40e">
      <Execution id="7ccb895d-2219-4f38-bb30-15a34902c4e4" />
      <TestMethod codeBase="D:\actions-runner\_work\XPCO\XPCO\AllSolutions\..\MIP\PlatformPlugin\VideoOS.Platform\unittest\bin\Debug\net6.0-windows\VideoOS.Platform.Tests.dll" adapterTypeName="executor://mstestadapter/v2" className="VideoOS.Platform.Tests.Util.ConfigurationCacheTests" name="GetItem_ShouldReturnItem_WhenFound" />
    </UnitTest>
    <UnitTest name="AllAttributesWerePresent_ShouldReturnFalse_WhenYAttributeIsNotAFloat" storage="d:\actions-runner\_work\xpco\xpco\allsolutions\..\mip\platformplugin\videoos.platform\unittest\bin\debug\net6.0-windows\videoos.platform.tests.dll" id="7a7fdf06-c490-deb2-82e6-65e1294c3173">
      <Execution id="d818219b-ab08-496f-b162-dc4a1691a450" />
      <TestMethod codeBase="D:\actions-runner\_work\XPCO\XPCO\AllSolutions\..\MIP\PlatformPlugin\VideoOS.Platform\unittest\bin\Debug\net6.0-windows\VideoOS.Platform.Tests.dll" adapterTypeName="executor://mstestadapter/v2" className="VideoOS.Platform.Tests.Metadata.VectorTests" name="AllAttributesWerePresent_ShouldReturnFalse_WhenYAttributeIsNotAFloat" />
    </UnitTest>
    <UnitTest name="ToJson_StringElement" storage="d:\actions-runner\_work\xpco\xpco\allsolutions\..\mip\platformplugin\videoos.platform\unittest\bin\debug\net6.0-windows\videoos.platform.tests.dll" id="7703e29a-ecc3-f42a-a3d8-2092764eb3f2">
      <Execution id="686b2c74-687a-4bcc-8e71-ddf93fbeb520" />
      <TestMethod codeBase="D:\actions-runner\_work\XPCO\XPCO\AllSolutions\..\MIP\PlatformPlugin\VideoOS.Platform\unittest\bin\Debug\net6.0-windows\VideoOS.Platform.Tests.dll" adapterTypeName="executor://mstestadapter/v2" className="VideoOS.Platform.Tests.Proxy.RestApi.JsonReaderTests" name="ToJson_StringElement" />
    </UnitTest>
    <UnitTest name="Construct6_And_Field_Check" storage="d:\actions-runner\_work\xpco\xpco\allsolutions\..\mip\platformplugin\videoos.platform\unittest\bin\debug\net6.0-windows\videoos.platform.tests.dll" id="ab22d2fd-ea64-f65a-96ca-e707567c9b67">
      <Execution id="a6ac4429-5ee0-47be-a3dc-8d9d27f0e9d8" />
      <TestMethod codeBase="D:\actions-runner\_work\XPCO\XPCO\AllSolutions\..\MIP\PlatformPlugin\VideoOS.Platform\unittest\bin\Debug\net6.0-windows\VideoOS.Platform.Tests.dll" adapterTypeName="executor://mstestadapter/v2" className="VideoOS.Platform.Tests.ItemTests" name="Construct6_And_Field_Check" />
    </UnitTest>
    <UnitTest name="SplitString_When1Level_Success" storage="d:\actions-runner\_work\xpco\xpco\allsolutions\..\mip\platformplugin\videoos.platform\unittest\bin\debug\net6.0-windows\videoos.platform.tests.dll" id="879090c1-add8-48b2-d609-da3bc5d3a246">
      <Execution id="1c8c54e9-7026-4e8f-b947-a8d9b55f0c79" />
      <TestMethod codeBase="D:\actions-runner\_work\XPCO\XPCO\AllSolutions\..\MIP\PlatformPlugin\VideoOS.Platform\unittest\bin\Debug\net6.0-windows\VideoOS.Platform.Tests.dll" adapterTypeName="executor://mstestadapter/v2" className="VideoOS.Platform.Tests.Util.StringSplitterTests" name="SplitString_When1Level_Success" />
    </UnitTest>
    <UnitTest name="SearchResultData_Item_Success" storage="d:\actions-runner\_work\xpco\xpco\allsolutions\..\mip\platformplugin\videoos.platform\unittest\bin\debug\net6.0-windows\videoos.platform.tests.dll" id="bc934390-fccd-2d5c-15be-99650a75c9f5">
      <TestCategory>
        <TestCategoryItem TestCategory="Search" />
      </TestCategory>
      <Execution id="dba865fd-3e09-4b58-bb91-771422e88219" />
      <TestMethod codeBase="D:\actions-runner\_work\XPCO\XPCO\AllSolutions\..\MIP\PlatformPlugin\VideoOS.Platform\unittest\bin\Debug\net6.0-windows\VideoOS.Platform.Tests.dll" adapterTypeName="executor://mstestadapter/v2" className="VideoOS.Platform.Tests.Search.SearchResultDataTest" name="SearchResultData_Item_Success" />
    </UnitTest>
    <UnitTest name="ReadXml_ShouldReadObjectContents_WhenObjectIsPresent" storage="d:\actions-runner\_work\xpco\xpco\allsolutions\..\mip\platformplugin\videoos.platform\unittest\bin\debug\net6.0-windows\videoos.platform.tests.dll" id="5a81ef7d-e348-ad91-56ea-2f873a9d2e52">
      <Execution id="89d82fdd-ba3d-4337-b723-36fd47c13fea" />
      <TestMethod codeBase="D:\actions-runner\_work\XPCO\XPCO\AllSolutions\..\MIP\PlatformPlugin\VideoOS.Platform\unittest\bin\Debug\net6.0-windows\VideoOS.Platform.Tests.dll" adapterTypeName="executor://mstestadapter/v2" className="VideoOS.Platform.Tests.Metadata.FrameTests" name="ReadXml_ShouldReadObjectContents_WhenObjectIsPresent" />
    </UnitTest>
    <UnitTest name="ReadXml_ShouldSetAllFieldsToDefaultValues_WhenElementIsEmpty" storage="d:\actions-runner\_work\xpco\xpco\allsolutions\..\mip\platformplugin\videoos.platform\unittest\bin\debug\net6.0-windows\videoos.platform.tests.dll" id="b391819c-9b61-5619-1c97-a7d68c4b7e89">
      <Execution id="ca42abe2-24b0-427d-928f-e343aa164cae" />
      <TestMethod codeBase="D:\actions-runner\_work\XPCO\XPCO\AllSolutions\..\MIP\PlatformPlugin\VideoOS.Platform\unittest\bin\Debug\net6.0-windows\VideoOS.Platform.Tests.dll" adapterTypeName="executor://mstestadapter/v2" className="VideoOS.Platform.Tests.Metadata.OnvifClassTests" name="ReadXml_ShouldSetAllFieldsToDefaultValues_WhenElementIsEmpty" />
    </UnitTest>
    <UnitTest name="TryParseArgbString_ShouldReturnFalse_WhenStringDoesNotContain8HexChars" storage="d:\actions-runner\_work\xpco\xpco\allsolutions\..\mip\platformplugin\videoos.platform\unittest\bin\debug\net6.0-windows\videoos.platform.tests.dll" id="e4b13263-b1bd-68bb-3baa-222b8414af3b">
      <Execution id="25370f2b-cdea-4e44-82b8-a59f2a47d975" />
      <TestMethod codeBase="D:\actions-runner\_work\XPCO\XPCO\AllSolutions\..\MIP\PlatformPlugin\VideoOS.Platform\unittest\bin\Debug\net6.0-windows\VideoOS.Platform.Tests.dll" adapterTypeName="executor://mstestadapter/v2" className="VideoOS.Platform.Tests.Metadata.DisplayColorTests" name="TryParseArgbString_ShouldReturnFalse_WhenStringDoesNotContain8HexChars" />
    </UnitTest>
    <UnitTest name="ConstructWithString_Camera_FieldValues_checked" storage="d:\actions-runner\_work\xpco\xpco\allsolutions\..\mip\platformplugin\videoos.platform\unittest\bin\debug\net6.0-windows\videoos.platform.tests.dll" id="8c4ac38a-c3bf-bb60-df07-e7bd10fd1112">
      <Execution id="9091e909-5bbf-47a6-89b4-188b1e2c4c74" />
      <TestMethod codeBase="D:\actions-runner\_work\XPCO\XPCO\AllSolutions\..\MIP\PlatformPlugin\VideoOS.Platform\unittest\bin\Debug\net6.0-windows\VideoOS.Platform.Tests.dll" adapterTypeName="executor://mstestadapter/v2" className="VideoOS.Platform.Tests.FQIDtests" name="ConstructWithString_Camera_FieldValues_checked" />
    </UnitTest>
    <UnitTest name="ReadXml_ShouldReadAltitude_WhenAltitudeIsPresent" storage="d:\actions-runner\_work\xpco\xpco\allsolutions\..\mip\platformplugin\videoos.platform\unittest\bin\debug\net6.0-windows\videoos.platform.tests.dll" id="c975fa8d-6f04-08d0-8773-8610e8c13dbc">
      <Execution id="9a69f58e-3a24-4881-a2a3-2adb104e462f" />
      <TestMethod codeBase="D:\actions-runner\_work\XPCO\XPCO\AllSolutions\..\MIP\PlatformPlugin\VideoOS.Platform\unittest\bin\Debug\net6.0-windows\VideoOS.Platform.Tests.dll" adapterTypeName="executor://mstestadapter/v2" className="VideoOS.Platform.Tests.Metadata.NavigationalDataTests" name="ReadXml_ShouldReadAltitude_WhenAltitudeIsPresent" />
    </UnitTest>
    <UnitTest name="ReadXml_ShouldLogWarning_WhenBoundingBoxIsMissing" storage="d:\actions-runner\_work\xpco\xpco\allsolutions\..\mip\platformplugin\videoos.platform\unittest\bin\debug\net6.0-windows\videoos.platform.tests.dll" id="7487e89c-78f3-9567-7976-60fdef3ca987">
      <Execution id="a6e2dceb-2d20-415b-9a1f-34f8c99c6041" />
      <TestMethod codeBase="D:\actions-runner\_work\XPCO\XPCO\AllSolutions\..\MIP\PlatformPlugin\VideoOS.Platform\unittest\bin\Debug\net6.0-windows\VideoOS.Platform.Tests.dll" adapterTypeName="executor://mstestadapter/v2" className="VideoOS.Platform.Tests.Metadata.ShapeTests" name="ReadXml_ShouldLogWarning_WhenBoundingBoxIsMissing" />
    </UnitTest>
    <UnitTest name="Enabled_Properties_With_Enable_True_success" storage="d:\actions-runner\_work\xpco\xpco\allsolutions\..\mip\platformplugin\videoos.platform\unittest\bin\debug\net6.0-windows\videoos.platform.tests.dll" id="0f5489b1-8ac4-9204-17f4-b55749ac6490">
      <Execution id="09c46ae9-3f9f-4737-adc7-15f9e39ae5bf" />
      <TestMethod codeBase="D:\actions-runner\_work\XPCO\XPCO\AllSolutions\..\MIP\PlatformPlugin\VideoOS.Platform\unittest\bin\Debug\net6.0-windows\VideoOS.Platform.Tests.dll" adapterTypeName="executor://mstestadapter/v2" className="VideoOS.Platform.Tests.ItemTests" name="Enabled_Properties_With_Enable_True_success" />
    </UnitTest>
    <UnitTest name="Serialize_TestCases (TestParentAllPrimitiveTypeMatchDoubleNotThisTypeMatched)" storage="d:\actions-runner\_work\xpco\xpco\allsolutions\..\mip\platformplugin\videoos.platform\unittest\bin\debug\net6.0-windows\videoos.platform.tests.dll" id="2bfbf382-2acb-7849-d6f4-575f5e2be481">
      <Execution id="694bd223-75ee-492a-8a86-e098976d5f22" />
      <TestMethod codeBase="D:\actions-runner\_work\XPCO\XPCO\AllSolutions\..\MIP\PlatformPlugin\VideoOS.Platform\unittest\bin\Debug\net6.0-windows\VideoOS.Platform.Tests.dll" adapterTypeName="executor://mstestadapter/v2" className="VideoOS.Platform.Tests.UI.Controls.Automation.Serialization.AutomationObjectSerializerTest" name="Serialize_TestCases" />
    </UnitTest>
    <UnitTest name="GetIdFromPath_ShouldReturnNull_FromNullPath" storage="d:\actions-runner\_work\xpco\xpco\allsolutions\..\mip\platformplugin\videoos.platform\unittest\bin\debug\net6.0-windows\videoos.platform.tests.dll" id="42e108f3-1735-015e-fab8-d9a77a62ea31">
      <Execution id="67ec4453-a798-48b0-913f-b3830f56bfb8" />
      <TestMethod codeBase="D:\actions-runner\_work\XPCO\XPCO\AllSolutions\..\MIP\PlatformPlugin\VideoOS.Platform\unittest\bin\Debug\net6.0-windows\VideoOS.Platform.Tests.dll" adapterTypeName="executor://mstestadapter/v2" className="VideoOS.Platform.Tests.ConfigurationItems.FactoryTests" name="GetIdFromPath_ShouldReturnNull_FromNullPath" />
    </UnitTest>
    <UnitTest name="Remove_String_Invalid" storage="d:\actions-runner\_work\xpco\xpco\allsolutions\..\mip\platformplugin\videoos.platform\unittest\bin\debug\net6.0-windows\videoos.platform.tests.dll" id="48aed434-d191-a79c-5c15-17d6032c9edd">
      <Execution id="5fbfa218-b2e2-46e4-b976-11a77414dd49" />
      <TestMethod codeBase="D:\actions-runner\_work\XPCO\XPCO\AllSolutions\..\MIP\PlatformPlugin\VideoOS.Platform\unittest\bin\Debug\net6.0-windows\VideoOS.Platform.Tests.dll" adapterTypeName="executor://mstestadapter/v2" className="VideoOS.Platform.Tests.Proxy.RestApi.JsonReaderTests" name="Remove_String_Invalid" />
    </UnitTest>
    <UnitTest name="GetPrevious_ShouldReturnEntryBeforeLastReturnedEntry_WhenFindCacheEntryAfterWasCalledAndThereIsAPreviousEntry" storage="d:\actions-runner\_work\xpco\xpco\allsolutions\..\mip\platformplugin\videoos.platform\unittest\bin\debug\net6.0-windows\videoos.platform.tests.dll" id="92fdd030-3856-bf25-d99c-4aebc9a73c44">
      <Execution id="5179ada5-390c-47ca-9e65-72d953ac65c7" />
      <TestMethod codeBase="D:\actions-runner\_work\XPCO\XPCO\AllSolutions\..\MIP\PlatformPlugin\VideoOS.Platform\unittest\bin\Debug\net6.0-windows\VideoOS.Platform.Tests.dll" adapterTypeName="executor://mstestadapter/v2" className="VideoOS.Platform.Tests.Data.MetadataCacheTests" name="GetPrevious_ShouldReturnEntryBeforeLastReturnedEntry_WhenFindCacheEntryAfterWasCalledAndThereIsAPreviousEntry" />
    </UnitTest>
    <UnitTest name="WriteXml_ShouldWriteClassCandidateContents_WhenAClassCandidateIsWritten" storage="d:\actions-runner\_work\xpco\xpco\allsolutions\..\mip\platformplugin\videoos.platform\unittest\bin\debug\net6.0-windows\videoos.platform.tests.dll" id="0e7ca7c3-2900-8d7a-24b0-844e128831dd">
      <Execution id="2980f4ac-c38f-43d3-9659-064b15ae3650" />
      <TestMethod codeBase="D:\actions-runner\_work\XPCO\XPCO\AllSolutions\..\MIP\PlatformPlugin\VideoOS.Platform\unittest\bin\Debug\net6.0-windows\VideoOS.Platform.Tests.dll" adapterTypeName="executor://mstestadapter/v2" className="VideoOS.Platform.Tests.Metadata.OnvifClassTests" name="WriteXml_ShouldWriteClassCandidateContents_WhenAClassCandidateIsWritten" />
    </UnitTest>
    <UnitTest name="CountByItems_NotActivated_Expired" storage="d:\actions-runner\_work\xpco\xpco\allsolutions\..\mip\platformplugin\videoos.platform\unittest\bin\debug\net6.0-windows\videoos.platform.tests.dll" id="868cf503-fe08-eed0-d324-72014e5624ab">
      <Execution id="2366b939-634c-44bf-a457-b02f23100c59" />
      <TestMethod codeBase="D:\actions-runner\_work\XPCO\XPCO\AllSolutions\..\MIP\PlatformPlugin\VideoOS.Platform\unittest\bin\Debug\net6.0-windows\VideoOS.Platform.Tests.dll" adapterTypeName="executor://mstestadapter/v2" className="VideoOS.Platform.Tests.License.ResolvedLicenseCountTest" name="CountByItems_NotActivated_Expired" />
    </UnitTest>
    <UnitTest name="ReadXml_ShouldLogWarning_WhenCenterOfGravityIsIncomplete" storage="d:\actions-runner\_work\xpco\xpco\allsolutions\..\mip\platformplugin\videoos.platform\unittest\bin\debug\net6.0-windows\videoos.platform.tests.dll" id="0698a694-c3e3-daa4-3795-9bea8316565b">
      <Execution id="b945fa68-b50c-4743-accc-8c4e15c9236f" />
      <TestMethod codeBase="D:\actions-runner\_work\XPCO\XPCO\AllSolutions\..\MIP\PlatformPlugin\VideoOS.Platform\unittest\bin\Debug\net6.0-windows\VideoOS.Platform.Tests.dll" adapterTypeName="executor://mstestadapter/v2" className="VideoOS.Platform.Tests.Metadata.ShapeTests" name="ReadXml_ShouldLogWarning_WhenCenterOfGravityIsIncomplete" />
    </UnitTest>
    <UnitTest name="HasExtensionDataPresent_ShouldReturnTrue_WhenLineDisplayPixelThicknessIsSet" storage="d:\actions-runner\_work\xpco\xpco\allsolutions\..\mip\platformplugin\videoos.platform\unittest\bin\debug\net6.0-windows\videoos.platform.tests.dll" id="ea4cc4d0-6ac5-366c-ac2d-a5c2c9cb07e6">
      <Execution id="44b92566-f983-4d70-8cad-f8f239bfb980" />
      <TestMethod codeBase="D:\actions-runner\_work\XPCO\XPCO\AllSolutions\..\MIP\PlatformPlugin\VideoOS.Platform\unittest\bin\Debug\net6.0-windows\VideoOS.Platform.Tests.dll" adapterTypeName="executor://mstestadapter/v2" className="VideoOS.Platform.Tests.Metadata.RectangleTests" name="HasExtensionDataPresent_ShouldReturnTrue_WhenLineDisplayPixelThicknessIsSet" />
    </UnitTest>
    <UnitTest name="Convert_SingleArgumentConverter_ShouldThrowArgumentException_WhenArgumentTypeMismatch" storage="d:\actions-runner\_work\xpco\xpco\allsolutions\..\mip\platformplugin\videoos.platform\unittest\bin\debug\net6.0-windows\videoos.platform.tests.dll" id="c9591e10-6b0d-3789-a42b-e1f4d40f2de0">
      <Execution id="5ef69204-97d8-44b9-8628-0741026e55ed" />
      <TestMethod codeBase="D:\actions-runner\_work\XPCO\XPCO\AllSolutions\..\MIP\PlatformPlugin\VideoOS.Platform\unittest\bin\Debug\net6.0-windows\VideoOS.Platform.Tests.dll" adapterTypeName="executor://mstestadapter/v2" className="VideoOS.Platform.Tests.UI.Converters.LambdaConverterTest" name="Convert_SingleArgumentConverter_ShouldThrowArgumentException_WhenArgumentTypeMismatch" />
    </UnitTest>
    <UnitTest name="JoinString_When1Level_Success" storage="d:\actions-runner\_work\xpco\xpco\allsolutions\..\mip\platformplugin\videoos.platform\unittest\bin\debug\net6.0-windows\videoos.platform.tests.dll" id="1461c781-13a0-05a7-16f7-5b6b1341577b">
      <Execution id="c3690cae-9373-44fa-b2fd-91b215fac6ba" />
      <TestMethod codeBase="D:\actions-runner\_work\XPCO\XPCO\AllSolutions\..\MIP\PlatformPlugin\VideoOS.Platform\unittest\bin\Debug\net6.0-windows\VideoOS.Platform.Tests.dll" adapterTypeName="executor://mstestadapter/v2" className="VideoOS.Platform.Tests.Util.StringSplitterTests" name="JoinString_When1Level_Success" />
    </UnitTest>
    <UnitTest name="ReadyToCloseEvent_CancelCommand_SingleSelect_Thrown" storage="d:\actions-runner\_work\xpco\xpco\allsolutions\..\mip\platformplugin\videoos.platform\unittest\bin\debug\net6.0-windows\videoos.platform.tests.dll" id="ea0e0dc8-9c54-bf6a-2be9-fcc231898886">
      <Execution id="af2d3e8c-ea4c-4455-92c7-4758ce298eae" />
      <TestMethod codeBase="D:\actions-runner\_work\XPCO\XPCO\AllSolutions\..\MIP\PlatformPlugin\VideoOS.Platform\unittest\bin\Debug\net6.0-windows\VideoOS.Platform.Tests.dll" adapterTypeName="executor://mstestadapter/v2" className="VideoOS.Platform.Tests.UI.ItemPicker.ItemPickerWindowViewModelTest" name="ReadyToCloseEvent_CancelCommand_SingleSelect_Thrown" />
    </UnitTest>
    <UnitTest name="GenerateBoundingBoxDevice_ShouldReturnDeviceWithCorrectTypes_WhenAlways" storage="d:\actions-runner\_work\xpco\xpco\allsolutions\..\mip\platformplugin\videoos.platform\unittest\bin\debug\net6.0-windows\videoos.platform.tests.dll" id="0465a107-5afa-65eb-a10c-77e89846ff26">
      <Execution id="c65e987f-8019-4e7d-954b-c16a71592ee0" />
      <TestMethod codeBase="D:\actions-runner\_work\XPCO\XPCO\AllSolutions\..\MIP\PlatformPlugin\VideoOS.Platform\unittest\bin\Debug\net6.0-windows\VideoOS.Platform.Tests.dll" adapterTypeName="executor://mstestadapter/v2" className="VideoOS.Platform.Tests.Data.MetadataDeviceDefintionTests" name="GenerateBoundingBoxDevice_ShouldReturnDeviceWithCorrectTypes_WhenAlways" />
    </UnitTest>
    <UnitTest name="GenerateParameters_ShouldThrowInvalidOperationException_WhenCodecListContainsNonVideoCodec" storage="d:\actions-runner\_work\xpco\xpco\allsolutions\..\mip\platformplugin\videoos.platform\unittest\bin\debug\net6.0-windows\videoos.platform.tests.dll" id="31a03b18-193d-f844-e92f-19d317699a01">
      <Execution id="bfa46572-c85e-48f6-bf7f-9a25895c1e2d" />
      <TestMethod codeBase="D:\actions-runner\_work\XPCO\XPCO\AllSolutions\..\MIP\PlatformPlugin\VideoOS.Platform\unittest\bin\Debug\net6.0-windows\VideoOS.Platform.Tests.dll" adapterTypeName="executor://mstestadapter/v2" className="VideoOS.Platform.Tests.Data.CameraDeviceDefinitionTests" name="GenerateParameters_ShouldThrowInvalidOperationException_WhenCodecListContainsNonVideoCodec" />
    </UnitTest>
    <UnitTest name="ReadXml_ShouldIgnoreUnknownAttributes_WhenAlways" storage="d:\actions-runner\_work\xpco\xpco\allsolutions\..\mip\platformplugin\videoos.platform\unittest\bin\debug\net6.0-windows\videoos.platform.tests.dll" id="68414986-0a7e-03e0-b752-7222fdf120b2">
      <Execution id="1c3b043f-8cb2-473e-8634-105eaf3ef1fb" />
      <TestMethod codeBase="D:\actions-runner\_work\XPCO\XPCO\AllSolutions\..\MIP\PlatformPlugin\VideoOS.Platform\unittest\bin\Debug\net6.0-windows\VideoOS.Platform.Tests.dll" adapterTypeName="executor://mstestadapter/v2" className="VideoOS.Platform.Tests.Metadata.VectorTests" name="ReadXml_ShouldIgnoreUnknownAttributes_WhenAlways" />
    </UnitTest>
    <UnitTest name="FallbackDisplayValue_SingleValueSet_ReturnsSingleValue" storage="d:\actions-runner\_work\xpco\xpco\allsolutions\..\mip\platformplugin\videoos.platform\unittest\bin\debug\net6.0-windows\videoos.platform.tests.dll" id="b2b2d43b-9d87-4971-7001-e6990369b6c8">
      <TestCategory>
        <TestCategoryItem TestCategory="Search" />
      </TestCategory>
      <Execution id="4b7da699-89d4-46b1-9785-8b4a3de6b888" />
      <TestMethod codeBase="D:\actions-runner\_work\XPCO\XPCO\AllSolutions\..\MIP\PlatformPlugin\VideoOS.Platform\unittest\bin\Debug\net6.0-windows\VideoOS.Platform.Tests.dll" adapterTypeName="executor://mstestadapter/v2" className="VideoOS.Platform.Tests.Search.MultipleSelectionFilterValueTest" name="FallbackDisplayValue_SingleValueSet_ReturnsSingleValue" />
    </UnitTest>
    <UnitTest name="HostInitialized_ShouldInvokeCallback_WhenInitializedWithItems" storage="d:\actions-runner\_work\xpco\xpco\allsolutions\..\mip\platformplugin\videoos.platform\unittest\bin\debug\net6.0-windows\videoos.platform.tests.dll" id="4d8c83aa-a156-12a2-4c8a-ba95a8a26318">
      <Execution id="e288b5fd-4500-4b07-b2e4-c345a7dcfdeb" />
      <TestMethod codeBase="D:\actions-runner\_work\XPCO\XPCO\AllSolutions\..\MIP\PlatformPlugin\VideoOS.Platform\unittest\bin\Debug\net6.0-windows\VideoOS.Platform.Tests.dll" adapterTypeName="executor://mstestadapter/v2" className="VideoOS.Platform.Tests.UI.Controls.CollectionHelperTest" name="HostInitialized_ShouldInvokeCallback_WhenInitializedWithItems" />
    </UnitTest>
    <UnitTest name="GetNearest_ShouldReturnClosestElement_WhenTimestampIsInSmallCache" storage="d:\actions-runner\_work\xpco\xpco\allsolutions\..\mip\platformplugin\videoos.platform\unittest\bin\debug\net6.0-windows\videoos.platform.tests.dll" id="f429442b-db90-b095-7991-b9ca4c955f13">
      <Execution id="97dc3721-42cf-42c6-85b5-c2d012639db8" />
      <TestMethod codeBase="D:\actions-runner\_work\XPCO\XPCO\AllSolutions\..\MIP\PlatformPlugin\VideoOS.Platform\unittest\bin\Debug\net6.0-windows\VideoOS.Platform.Tests.dll" adapterTypeName="executor://mstestadapter/v2" className="VideoOS.Platform.Tests.Data.MetadataCacheTests" name="GetNearest_ShouldReturnClosestElement_WhenTimestampIsInSmallCache" />
    </UnitTest>
    <UnitTest name="FindCacheEntryBefore_ShuldReturnNull_WhenThereAreNoEntriesbeforeTheTimestamp" storage="d:\actions-runner\_work\xpco\xpco\allsolutions\..\mip\platformplugin\videoos.platform\unittest\bin\debug\net6.0-windows\videoos.platform.tests.dll" id="77c15838-368f-705c-d0c8-46e47de3c659">
      <Execution id="5124a238-d7a5-49c2-9e50-dfee2df722d2" />
      <TestMethod codeBase="D:\actions-runner\_work\XPCO\XPCO\AllSolutions\..\MIP\PlatformPlugin\VideoOS.Platform\unittest\bin\Debug\net6.0-windows\VideoOS.Platform.Tests.dll" adapterTypeName="executor://mstestadapter/v2" className="VideoOS.Platform.Tests.Data.MetadataCacheTests" name="FindCacheEntryBefore_ShuldReturnNull_WhenThereAreNoEntriesbeforeTheTimestamp" />
    </UnitTest>
    <UnitTest name="Set_Int" storage="d:\actions-runner\_work\xpco\xpco\allsolutions\..\mip\platformplugin\videoos.platform\unittest\bin\debug\net6.0-windows\videoos.platform.tests.dll" id="468a7b03-b2a7-446e-1f1f-8f32f73da7b5">
      <Execution id="52d11c2f-6945-4ac0-92b5-bd9999b8accd" />
      <TestMethod codeBase="D:\actions-runner\_work\XPCO\XPCO\AllSolutions\..\MIP\PlatformPlugin\VideoOS.Platform\unittest\bin\Debug\net6.0-windows\VideoOS.Platform.Tests.dll" adapterTypeName="executor://mstestadapter/v2" className="VideoOS.Platform.Tests.Proxy.RestApi.JsonReaderTests" name="Set_Int" />
    </UnitTest>
    <UnitTest name="CountByItems_Activated_Missing2" storage="d:\actions-runner\_work\xpco\xpco\allsolutions\..\mip\platformplugin\videoos.platform\unittest\bin\debug\net6.0-windows\videoos.platform.tests.dll" id="6693e462-e8ba-ed25-48bc-eff1d5392eaa">
      <Execution id="6672f892-0fb5-41d9-8087-bc2501d7baee" />
      <TestMethod codeBase="D:\actions-runner\_work\XPCO\XPCO\AllSolutions\..\MIP\PlatformPlugin\VideoOS.Platform\unittest\bin\Debug\net6.0-windows\VideoOS.Platform.Tests.dll" adapterTypeName="executor://mstestadapter/v2" className="VideoOS.Platform.Tests.License.ResolvedLicenseCountTest" name="CountByItems_Activated_Missing2" />
    </UnitTest>
    <UnitTest name="Add_NullValue_Success" storage="d:\actions-runner\_work\xpco\xpco\allsolutions\..\mip\platformplugin\videoos.platform\unittest\bin\debug\net6.0-windows\videoos.platform.tests.dll" id="7fb5739f-7a0e-9d63-4cc0-4564c77d7249">
      <Execution id="4ec79ad2-14f1-42cf-9ca7-bbd4c7d68641" />
      <TestMethod codeBase="D:\actions-runner\_work\XPCO\XPCO\AllSolutions\..\MIP\PlatformPlugin\VideoOS.Platform\unittest\bin\Debug\net6.0-windows\VideoOS.Platform.Tests.dll" adapterTypeName="executor://mstestadapter/v2" className="VideoOS.Platform.Tests.Util.Queue.LRUCacheTests" name="Add_NullValue_Success" />
    </UnitTest>
    <UnitTest name="WriteXml_ShouldWriteObjectsContents_WhenObjectsAreWritten" storage="d:\actions-runner\_work\xpco\xpco\allsolutions\..\mip\platformplugin\videoos.platform\unittest\bin\debug\net6.0-windows\videoos.platform.tests.dll" id="0f40bc61-c58f-06fd-9a7b-e081d001f46f">
      <Execution id="36003c29-e414-4db0-b149-7864586881f9" />
      <TestMethod codeBase="D:\actions-runner\_work\XPCO\XPCO\AllSolutions\..\MIP\PlatformPlugin\VideoOS.Platform\unittest\bin\Debug\net6.0-windows\VideoOS.Platform.Tests.dll" adapterTypeName="executor://mstestadapter/v2" className="VideoOS.Platform.Tests.Metadata.FrameTests" name="WriteXml_ShouldWriteObjectsContents_WhenObjectsAreWritten" />
    </UnitTest>
    <UnitTest name="IsValid_ShouldReturnFalse_WhenTypeIsNull" storage="d:\actions-runner\_work\xpco\xpco\allsolutions\..\mip\platformplugin\videoos.platform\unittest\bin\debug\net6.0-windows\videoos.platform.tests.dll" id="57bee112-0556-7c83-93f2-7bbc9c5cba59">
      <Execution id="3a4d1a02-90bf-470d-99e4-a17458f9f809" />
      <TestMethod codeBase="D:\actions-runner\_work\XPCO\XPCO\AllSolutions\..\MIP\PlatformPlugin\VideoOS.Platform\unittest\bin\Debug\net6.0-windows\VideoOS.Platform.Tests.dll" adapterTypeName="executor://mstestadapter/v2" className="VideoOS.Platform.Tests.Metadata.ClassCandidateTests" name="IsValid_ShouldReturnFalse_WhenTypeIsNull" />
    </UnitTest>
    <UnitTest name="ParseArgbString_ShouldCreateInstanceWithCorrectARGBValues_WhenFormatIsCorrect" storage="d:\actions-runner\_work\xpco\xpco\allsolutions\..\mip\platformplugin\videoos.platform\unittest\bin\debug\net6.0-windows\videoos.platform.tests.dll" id="8f92c43f-5727-bf2b-415e-cb82964ac302">
      <Execution id="1a4796c2-952c-4a52-a70b-d78dfe72eda8" />
      <TestMethod codeBase="D:\actions-runner\_work\XPCO\XPCO\AllSolutions\..\MIP\PlatformPlugin\VideoOS.Platform\unittest\bin\Debug\net6.0-windows\VideoOS.Platform.Tests.dll" adapterTypeName="executor://mstestadapter/v2" className="VideoOS.Platform.Tests.Metadata.DisplayColorTests" name="ParseArgbString_ShouldCreateInstanceWithCorrectARGBValues_WhenFormatIsCorrect" />
    </UnitTest>
    <UnitTest name="CountByItems_Activated_Grace_Unordered" storage="d:\actions-runner\_work\xpco\xpco\allsolutions\..\mip\platformplugin\videoos.platform\unittest\bin\debug\net6.0-windows\videoos.platform.tests.dll" id="712e2140-9dcc-9696-ddc4-73aad2a14137">
      <Execution id="979a38e9-71cb-47f4-a1b7-fbabc5f29674" />
      <TestMethod codeBase="D:\actions-runner\_work\XPCO\XPCO\AllSolutions\..\MIP\PlatformPlugin\VideoOS.Platform\unittest\bin\Debug\net6.0-windows\VideoOS.Platform.Tests.dll" adapterTypeName="executor://mstestadapter/v2" className="VideoOS.Platform.Tests.License.ResolvedLicenseCountTest" name="CountByItems_Activated_Grace_Unordered" />
    </UnitTest>
    <UnitTest name="Serialize_TestCases (TestParentTypeMatchCollectionNotThisTypeMatchedProperty)" storage="d:\actions-runner\_work\xpco\xpco\allsolutions\..\mip\platformplugin\videoos.platform\unittest\bin\debug\net6.0-windows\videoos.platform.tests.dll" id="f16d6dc4-d4f4-8a18-c5c4-395abb886b21">
      <Execution id="a57d124e-2917-4f78-a827-2cfbfc8e1503" />
      <TestMethod codeBase="D:\actions-runner\_work\XPCO\XPCO\AllSolutions\..\MIP\PlatformPlugin\VideoOS.Platform\unittest\bin\Debug\net6.0-windows\VideoOS.Platform.Tests.dll" adapterTypeName="executor://mstestadapter/v2" className="VideoOS.Platform.Tests.UI.Controls.Automation.Serialization.AutomationObjectSerializerTest" name="Serialize_TestCases" />
    </UnitTest>
    <UnitTest name="GetCompatibilityHandler_ShouldReturnFips_WhenCallingFipsCompliantSystem_21_1" storage="d:\actions-runner\_work\xpco\xpco\allsolutions\..\mip\platformplugin\videoos.platform\unittest\bin\debug\net6.0-windows\videoos.platform.tests.dll" id="c89277b5-bdbb-4718-3fdc-952f1cd089bd">
      <Execution id="16d088da-4d90-4553-bf48-92926afda21f" />
      <TestMethod codeBase="D:\actions-runner\_work\XPCO\XPCO\AllSolutions\..\MIP\PlatformPlugin\VideoOS.Platform\unittest\bin\Debug\net6.0-windows\VideoOS.Platform.Tests.dll" adapterTypeName="executor://mstestadapter/v2" className="VideoOS.Platform.Tests.License.LicenseManagerTests" name="GetCompatibilityHandler_ShouldReturnFips_WhenCallingFipsCompliantSystem_21_1" />
    </UnitTest>
    <UnitTest name="NavigationalData_ShouldReturnNull_WhenXmlDidNotContainNavigationalData" storage="d:\actions-runner\_work\xpco\xpco\allsolutions\..\mip\platformplugin\videoos.platform\unittest\bin\debug\net6.0-windows\videoos.platform.tests.dll" id="2339c643-1a37-d25a-2a23-49039f375c2c">
      <Execution id="e116efa4-4079-4d06-a37e-125576e1716b" />
      <TestMethod codeBase="D:\actions-runner\_work\XPCO\XPCO\AllSolutions\..\MIP\PlatformPlugin\VideoOS.Platform\unittest\bin\Debug\net6.0-windows\VideoOS.Platform.Tests.dll" adapterTypeName="executor://mstestadapter/v2" className="VideoOS.Platform.Tests.Metadata.MetadataStreamTests" name="NavigationalData_ShouldReturnNull_WhenXmlDidNotContainNavigationalData" />
    </UnitTest>
    <UnitTest name="BuildOverlayWidthHeightAlarm_ShouldReturnCorrectSizedBitmap_WhenArgumentContainsNoObjectAndRule" storage="d:\actions-runner\_work\xpco\xpco\allsolutions\..\mip\platformplugin\videoos.platform\unittest\bin\debug\net6.0-windows\videoos.platform.tests.dll" id="24a8c25f-b1c2-eba6-82b4-72c1adc9ee27">
      <Execution id="0fbe28c0-01d8-42c3-a8e2-bc6f06ad828b" />
      <TestMethod codeBase="D:\actions-runner\_work\XPCO\XPCO\AllSolutions\..\MIP\PlatformPlugin\VideoOS.Platform\unittest\bin\Debug\net6.0-windows\VideoOS.Platform.Tests.dll" adapterTypeName="executor://mstestadapter/v2" className="VideoOS.Platform.Tests.Util.AnalyticsOverlayBuilderTests" name="BuildOverlayWidthHeightAlarm_ShouldReturnCorrectSizedBitmap_WhenArgumentContainsNoObjectAndRule" />
    </UnitTest>
    <UnitTest name="WriteXml_ShouldWriteClassCandidate_WhenThereIsOneClassCandidatePresent" storage="d:\actions-runner\_work\xpco\xpco\allsolutions\..\mip\platformplugin\videoos.platform\unittest\bin\debug\net6.0-windows\videoos.platform.tests.dll" id="ff21f539-b1c4-45b1-9430-6096e4a5a3fd">
      <Execution id="0f3fbfb7-3c52-4a45-b5cb-ec6a4b032f34" />
      <TestMethod codeBase="D:\actions-runner\_work\XPCO\XPCO\AllSolutions\..\MIP\PlatformPlugin\VideoOS.Platform\unittest\bin\Debug\net6.0-windows\VideoOS.Platform.Tests.dll" adapterTypeName="executor://mstestadapter/v2" className="VideoOS.Platform.Tests.Metadata.OnvifClassTests" name="WriteXml_ShouldWriteClassCandidate_WhenThereIsOneClassCandidatePresent" />
    </UnitTest>
    <UnitTest name="ReadXml_ShouldIgnoreShape_WhenShapeIsPresenWithWrongNamespace" storage="d:\actions-runner\_work\xpco\xpco\allsolutions\..\mip\platformplugin\videoos.platform\unittest\bin\debug\net6.0-windows\videoos.platform.tests.dll" id="fde698c6-a194-d6bc-8c31-bc5b72af8298">
      <Execution id="f79a38c8-7882-4560-a21c-f2144c5d9df3" />
      <TestMethod codeBase="D:\actions-runner\_work\XPCO\XPCO\AllSolutions\..\MIP\PlatformPlugin\VideoOS.Platform\unittest\bin\Debug\net6.0-windows\VideoOS.Platform.Tests.dll" adapterTypeName="executor://mstestadapter/v2" className="VideoOS.Platform.Tests.Metadata.AppearanceTests" name="ReadXml_ShouldIgnoreShape_WhenShapeIsPresenWithWrongNamespace" />
    </UnitTest>
    <UnitTest name="TestConstructorOverload_NullAgentList_Throws" storage="d:\actions-runner\_work\xpco\xpco\allsolutions\..\mip\platformplugin\videoos.platform\unittest\bin\debug\net6.0-windows\videoos.platform.tests.dll" id="af9f1e16-b2b8-175e-5d3f-4c08d3fec0d2">
      <TestCategory>
        <TestCategoryItem TestCategory="Search" />
      </TestCategory>
      <Execution id="a022c2a6-7ef4-46ab-9a64-e194d961e5d9" />
      <TestMethod codeBase="D:\actions-runner\_work\XPCO\XPCO\AllSolutions\..\MIP\PlatformPlugin\VideoOS.Platform\unittest\bin\Debug\net6.0-windows\VideoOS.Platform.Tests.dll" adapterTypeName="executor://mstestadapter/v2" className="VideoOS.Platform.Tests.Search.SearchManagerTest" name="TestConstructorOverload_NullAgentList_Throws" />
    </UnitTest>
    <UnitTest name="GenerateDeviceCapabilityParameters_ShouldWriteDefault_WhenAlways" storage="d:\actions-runner\_work\xpco\xpco\allsolutions\..\mip\platformplugin\videoos.platform\unittest\bin\debug\net6.0-windows\videoos.platform.tests.dll" id="feff974b-15e7-7bde-2e9a-7282257d799e">
      <Execution id="5360b911-c585-43c0-b651-5ca50cc1a36d" />
      <TestMethod codeBase="D:\actions-runner\_work\XPCO\XPCO\AllSolutions\..\MIP\PlatformPlugin\VideoOS.Platform\unittest\bin\Debug\net6.0-windows\VideoOS.Platform.Tests.dll" adapterTypeName="executor://mstestadapter/v2" className="VideoOS.Platform.Tests.Data.DataCapabilityTests" name="GenerateDeviceCapabilityParameters_ShouldWriteDefault_WhenAlways" />
    </UnitTest>
    <UnitTest name="Apply_ShouldAddTranslateYCoordinatesToCenterYAndTranslateXCoordinatesToCenterX_WhenTranslateIsNotNull" storage="d:\actions-runner\_work\xpco\xpco\allsolutions\..\mip\platformplugin\videoos.platform\unittest\bin\debug\net6.0-windows\videoos.platform.tests.dll" id="ef239907-8146-d171-397a-2e18ca0a7d07">
      <Execution id="85b7a341-98d2-4473-8dab-ec18c1bf1d4c" />
      <TestMethod codeBase="D:\actions-runner\_work\XPCO\XPCO\AllSolutions\..\MIP\PlatformPlugin\VideoOS.Platform\unittest\bin\Debug\net6.0-windows\VideoOS.Platform.Tests.dll" adapterTypeName="executor://mstestadapter/v2" className="VideoOS.Platform.Tests.Metadata.DisplayTextTests" name="Apply_ShouldAddTranslateYCoordinatesToCenterYAndTranslateXCoordinatesToCenterX_WhenTranslateIsNotNull" />
    </UnitTest>
    <UnitTest name="CreateSearchResultUserControl_SinglePlugin_Success" storage="d:\actions-runner\_work\xpco\xpco\allsolutions\..\mip\platformplugin\videoos.platform\unittest\bin\debug\net6.0-windows\videoos.platform.tests.dll" id="2a445259-81b4-7d21-8522-cb29686e8b5b">
      <TestCategory>
        <TestCategoryItem TestCategory="Search" />
      </TestCategory>
      <Execution id="2c2b4882-c853-424c-8971-079c17213bb7" />
      <TestMethod codeBase="D:\actions-runner\_work\XPCO\XPCO\AllSolutions\..\MIP\PlatformPlugin\VideoOS.Platform\unittest\bin\Debug\net6.0-windows\VideoOS.Platform.Tests.dll" adapterTypeName="executor://mstestadapter/v2" className="VideoOS.Platform.Tests.Search.SearchUserControlResolverTest" name="CreateSearchResultUserControl_SinglePlugin_Success" />
    </UnitTest>
    <UnitTest name="ReadXml_ShouldLogWarningOnlyOnceWithinOneMinute_WhenIncompleteScaleIsPresent" storage="d:\actions-runner\_work\xpco\xpco\allsolutions\..\mip\platformplugin\videoos.platform\unittest\bin\debug\net6.0-windows\videoos.platform.tests.dll" id="6df640a9-0a50-74d8-fe7f-d3add40b9424">
      <Execution id="2c90414d-d980-46f0-a5d8-481efc96d873" />
      <TestMethod codeBase="D:\actions-runner\_work\XPCO\XPCO\AllSolutions\..\MIP\PlatformPlugin\VideoOS.Platform\unittest\bin\Debug\net6.0-windows\VideoOS.Platform.Tests.dll" adapterTypeName="executor://mstestadapter/v2" className="VideoOS.Platform.Tests.Metadata.TransformationTests" name="ReadXml_ShouldLogWarningOnlyOnceWithinOneMinute_WhenIncompleteScaleIsPresent" />
    </UnitTest>
    <UnitTest name="GenerateDeviceCapabilityParameters_ShouldWriteTypeId_WhenAlways" storage="d:\actions-runner\_work\xpco\xpco\allsolutions\..\mip\platformplugin\videoos.platform\unittest\bin\debug\net6.0-windows\videoos.platform.tests.dll" id="440fa337-372a-ba98-a915-98a687b17d8a">
      <Execution id="90d11e6d-1a70-4803-96f9-ac529d1b9f18" />
      <TestMethod codeBase="D:\actions-runner\_work\XPCO\XPCO\AllSolutions\..\MIP\PlatformPlugin\VideoOS.Platform\unittest\bin\Debug\net6.0-windows\VideoOS.Platform.Tests.dll" adapterTypeName="executor://mstestadapter/v2" className="VideoOS.Platform.Tests.Data.MetadataDeviceCapabilityTests" name="GenerateDeviceCapabilityParameters_ShouldWriteTypeId_WhenAlways" />
    </UnitTest>
    <UnitTest name="Add_ShouldUpdateStartCache_WhenOldStartTimeIsLaterThanAdded" storage="d:\actions-runner\_work\xpco\xpco\allsolutions\..\mip\platformplugin\videoos.platform\unittest\bin\debug\net6.0-windows\videoos.platform.tests.dll" id="6afb1227-217c-b2e9-db11-52fb1d5fc56a">
      <Execution id="f384d7e2-b78a-4155-80e9-87d383ac58be" />
      <TestMethod codeBase="D:\actions-runner\_work\XPCO\XPCO\AllSolutions\..\MIP\PlatformPlugin\VideoOS.Platform\unittest\bin\Debug\net6.0-windows\VideoOS.Platform.Tests.dll" adapterTypeName="executor://mstestadapter/v2" className="VideoOS.Platform.Tests.Client.SequenceCacheTests" name="Add_ShouldUpdateStartCache_WhenOldStartTimeIsLaterThanAdded" />
    </UnitTest>
    <UnitTest name="Clear_ShouldRemoveAllDataFromCache_WhenAlways" storage="d:\actions-runner\_work\xpco\xpco\allsolutions\..\mip\platformplugin\videoos.platform\unittest\bin\debug\net6.0-windows\videoos.platform.tests.dll" id="135d62c0-fe81-f46a-ce86-2cfe36dd8cc8">
      <Execution id="b6aa2b8d-0f78-4761-8550-eec637d801a0" />
      <TestMethod codeBase="D:\actions-runner\_work\XPCO\XPCO\AllSolutions\..\MIP\PlatformPlugin\VideoOS.Platform\unittest\bin\Debug\net6.0-windows\VideoOS.Platform.Tests.dll" adapterTypeName="executor://mstestadapter/v2" className="VideoOS.Platform.Tests.Data.MetadataCacheTests" name="Clear_ShouldRemoveAllDataFromCache_WhenAlways" />
    </UnitTest>
    <UnitTest name="Serialize_TestCases (TestParentTypeMatchCollectionNotThisTypeMatched)" storage="d:\actions-runner\_work\xpco\xpco\allsolutions\..\mip\platformplugin\videoos.platform\unittest\bin\debug\net6.0-windows\videoos.platform.tests.dll" id="9220b9d9-3c12-4648-b920-916dd862394f">
      <Execution id="104f1a4f-7aab-4bc4-89b5-c409dec858a8" />
      <TestMethod codeBase="D:\actions-runner\_work\XPCO\XPCO\AllSolutions\..\MIP\PlatformPlugin\VideoOS.Platform\unittest\bin\Debug\net6.0-windows\VideoOS.Platform.Tests.dll" adapterTypeName="executor://mstestadapter/v2" className="VideoOS.Platform.Tests.UI.Controls.Automation.Serialization.AutomationObjectSerializerTest" name="Serialize_TestCases" />
    </UnitTest>
    <UnitTest name="ReadXml_ShouldReadLeftAttribute_WhenPresent" storage="d:\actions-runner\_work\xpco\xpco\allsolutions\..\mip\platformplugin\videoos.platform\unittest\bin\debug\net6.0-windows\videoos.platform.tests.dll" id="9603f266-e6e4-b592-6c00-2621c8820864">
      <Execution id="5066d409-77ae-4460-abf6-58469c753ad8" />
      <TestMethod codeBase="D:\actions-runner\_work\XPCO\XPCO\AllSolutions\..\MIP\PlatformPlugin\VideoOS.Platform\unittest\bin\Debug\net6.0-windows\VideoOS.Platform.Tests.dll" adapterTypeName="executor://mstestadapter/v2" className="VideoOS.Platform.Tests.Metadata.RectangleTests" name="ReadXml_ShouldReadLeftAttribute_WhenPresent" />
    </UnitTest>
    <UnitTest name="IconOverlay_Success" storage="d:\actions-runner\_work\xpco\xpco\allsolutions\..\mip\platformplugin\videoos.platform\unittest\bin\debug\net6.0-windows\videoos.platform.tests.dll" id="77b4115c-9698-8872-1259-5ceebb1db073">
      <Execution id="b9dfb521-f3d1-4d14-b54a-3280ccb40c89" />
      <TestMethod codeBase="D:\actions-runner\_work\XPCO\XPCO\AllSolutions\..\MIP\PlatformPlugin\VideoOS.Platform\unittest\bin\Debug\net6.0-windows\VideoOS.Platform.Tests.dll" adapterTypeName="executor://mstestadapter/v2" className="VideoOS.Platform.Tests.ItemTests" name="IconOverlay_Success" />
    </UnitTest>
    <UnitTest name="ReadXml_ShouldIgnoreUnknownChildren_WhenUnknownChildrenArePresent" storage="d:\actions-runner\_work\xpco\xpco\allsolutions\..\mip\platformplugin\videoos.platform\unittest\bin\debug\net6.0-windows\videoos.platform.tests.dll" id="bfe0ceb7-58a0-23f3-be81-2bfb090a4c1b">
      <Execution id="df286e5a-e774-4d4a-9193-badf6b1119a1" />
      <TestMethod codeBase="D:\actions-runner\_work\XPCO\XPCO\AllSolutions\..\MIP\PlatformPlugin\VideoOS.Platform\unittest\bin\Debug\net6.0-windows\VideoOS.Platform.Tests.dll" adapterTypeName="executor://mstestadapter/v2" className="VideoOS.Platform.Tests.Metadata.FrameTests" name="ReadXml_ShouldIgnoreUnknownChildren_WhenUnknownChildrenArePresent" />
    </UnitTest>
    <UnitTest name="ParameterConstruct4_FieldValues_Checked" storage="d:\actions-runner\_work\xpco\xpco\allsolutions\..\mip\platformplugin\videoos.platform\unittest\bin\debug\net6.0-windows\videoos.platform.tests.dll" id="a298570a-a341-d8e8-abe3-7f25184c2524">
      <Execution id="dc8aa1cc-6796-4123-9580-16c297502615" />
      <TestMethod codeBase="D:\actions-runner\_work\XPCO\XPCO\AllSolutions\..\MIP\PlatformPlugin\VideoOS.Platform\unittest\bin\Debug\net6.0-windows\VideoOS.Platform.Tests.dll" adapterTypeName="executor://mstestadapter/v2" className="VideoOS.Platform.Tests.FQIDtests" name="ParameterConstruct4_FieldValues_Checked" />
    </UnitTest>
    <UnitTest name="DoubleFilterValue_Deserialize_Success" storage="d:\actions-runner\_work\xpco\xpco\allsolutions\..\mip\platformplugin\videoos.platform\unittest\bin\debug\net6.0-windows\videoos.platform.tests.dll" id="621f06a6-b00f-95ed-fccd-336bd41780d8">
      <TestCategory>
        <TestCategoryItem TestCategory="Search" />
      </TestCategory>
      <Execution id="dfbe67a2-c43b-4181-88c7-115c976899c7" />
      <TestMethod codeBase="D:\actions-runner\_work\XPCO\XPCO\AllSolutions\..\MIP\PlatformPlugin\VideoOS.Platform\unittest\bin\Debug\net6.0-windows\VideoOS.Platform.Tests.dll" adapterTypeName="executor://mstestadapter/v2" className="VideoOS.Platform.Tests.Search.FilterValues.FilterValueTests" name="DoubleFilterValue_Deserialize_Success" />
    </UnitTest>
    <UnitTest name="Serialize_TestCases (TestParentTypeMatchCollectionNotThisTypeNotMatched)" storage="d:\actions-runner\_work\xpco\xpco\allsolutions\..\mip\platformplugin\videoos.platform\unittest\bin\debug\net6.0-windows\videoos.platform.tests.dll" id="9a7acb70-fa7b-f3be-6201-91fb0aecd07b">
      <Execution id="33e42595-ffe3-4a3f-9cee-a3fe30718d09" />
      <TestMethod codeBase="D:\actions-runner\_work\XPCO\XPCO\AllSolutions\..\MIP\PlatformPlugin\VideoOS.Platform\unittest\bin\Debug\net6.0-windows\VideoOS.Platform.Tests.dll" adapterTypeName="executor://mstestadapter/v2" className="VideoOS.Platform.Tests.UI.Controls.Automation.Serialization.AutomationObjectSerializerTest" name="Serialize_TestCases" />
    </UnitTest>
    <UnitTest name="GetExpectedToken_ShouldReturnNull_WhenInputTokenHashTypeIsNotSupported" storage="d:\actions-runner\_work\xpco\xpco\allsolutions\..\mip\platformplugin\videoos.platform\unittest\bin\debug\net6.0-windows\videoos.platform.tests.dll" id="09fedadb-5b36-4c66-a01b-eb732d278266">
      <Execution id="2c029d61-fa15-478c-ae34-fd296a7f6aea" />
      <TestMethod codeBase="D:\actions-runner\_work\XPCO\XPCO\AllSolutions\..\MIP\PlatformPlugin\VideoOS.Platform\unittest\bin\Debug\net6.0-windows\VideoOS.Platform.Tests.dll" adapterTypeName="executor://mstestadapter/v2" className="VideoOS.Platform.Tests.Data.MediaProviderInternal.UtilityTests" name="GetExpectedToken_ShouldReturnNull_WhenInputTokenHashTypeIsNotSupported" />
    </UnitTest>
    <UnitTest name="RemovePredicate_KeyPresent_RemovedFromCacheAndGetReturnsNull" storage="d:\actions-runner\_work\xpco\xpco\allsolutions\..\mip\platformplugin\videoos.platform\unittest\bin\debug\net6.0-windows\videoos.platform.tests.dll" id="583ac39a-cd2a-cc9b-7143-e3a644d6c3bd">
      <Execution id="a4be894e-0282-4089-a3f5-3dec3ba83c6c" />
      <TestMethod codeBase="D:\actions-runner\_work\XPCO\XPCO\AllSolutions\..\MIP\PlatformPlugin\VideoOS.Platform\unittest\bin\Debug\net6.0-windows\VideoOS.Platform.Tests.dll" adapterTypeName="executor://mstestadapter/v2" className="VideoOS.Platform.Tests.Util.Queue.LRUCacheTests" name="RemovePredicate_KeyPresent_RemovedFromCacheAndGetReturnsNull" />
    </UnitTest>
    <UnitTest name="GenerateParameters_ShouldOmitFpsRange_WhenFpsRangeIsNull" storage="d:\actions-runner\_work\xpco\xpco\allsolutions\..\mip\platformplugin\videoos.platform\unittest\bin\debug\net6.0-windows\videoos.platform.tests.dll" id="dbc5d189-251d-e27f-7817-a46019f321c1">
      <Execution id="c3320f35-f6a5-493c-9ff8-d8a1bb3eb4c4" />
      <TestMethod codeBase="D:\actions-runner\_work\XPCO\XPCO\AllSolutions\..\MIP\PlatformPlugin\VideoOS.Platform\unittest\bin\Debug\net6.0-windows\VideoOS.Platform.Tests.dll" adapterTypeName="executor://mstestadapter/v2" className="VideoOS.Platform.Tests.Data.CameraDeviceDefinitionTests" name="GenerateParameters_ShouldOmitFpsRange_WhenFpsRangeIsNull" />
    </UnitTest>
    <UnitTest name="Serialize_TestCases (TestParentTypeMatchDecimalThisTypeMatched)" storage="d:\actions-runner\_work\xpco\xpco\allsolutions\..\mip\platformplugin\videoos.platform\unittest\bin\debug\net6.0-windows\videoos.platform.tests.dll" id="ee790526-59c0-ec03-5ce2-11fd14081a1a">
      <Execution id="e461027b-0f0b-4ee5-9baf-0fc64d06d8b3" />
      <TestMethod codeBase="D:\actions-runner\_work\XPCO\XPCO\AllSolutions\..\MIP\PlatformPlugin\VideoOS.Platform\unittest\bin\Debug\net6.0-windows\VideoOS.Platform.Tests.dll" adapterTypeName="executor://mstestadapter/v2" className="VideoOS.Platform.Tests.UI.Controls.Automation.Serialization.AutomationObjectSerializerTest" name="Serialize_TestCases" />
    </UnitTest>
    <UnitTest name="GetParent_Success" storage="d:\actions-runner\_work\xpco\xpco\allsolutions\..\mip\platformplugin\videoos.platform\unittest\bin\debug\net6.0-windows\videoos.platform.tests.dll" id="a831aa49-5e6b-6ed4-4885-992999205a90">
      <Execution id="26ff8499-2bee-4b65-a153-1cfbd0aaa262" />
      <TestMethod codeBase="D:\actions-runner\_work\XPCO\XPCO\AllSolutions\..\MIP\PlatformPlugin\VideoOS.Platform\unittest\bin\Debug\net6.0-windows\VideoOS.Platform.Tests.dll" adapterTypeName="executor://mstestadapter/v2" className="VideoOS.Platform.Tests.FQIDtests" name="GetParent_Success" />
    </UnitTest>
    <UnitTest name="ReadXml_ShouldLogWarningOnlyOnceWithinOneMinute_WhenBoundingBoxIsMissing" storage="d:\actions-runner\_work\xpco\xpco\allsolutions\..\mip\platformplugin\videoos.platform\unittest\bin\debug\net6.0-windows\videoos.platform.tests.dll" id="c2b0fa30-6a46-612d-08bf-8da951ad3d1e">
      <Execution id="2e2b52e8-4edf-433f-8dac-3817300934c0" />
      <TestMethod codeBase="D:\actions-runner\_work\XPCO\XPCO\AllSolutions\..\MIP\PlatformPlugin\VideoOS.Platform\unittest\bin\Debug\net6.0-windows\VideoOS.Platform.Tests.dll" adapterTypeName="executor://mstestadapter/v2" className="VideoOS.Platform.Tests.Metadata.ShapeTests" name="ReadXml_ShouldLogWarningOnlyOnceWithinOneMinute_WhenBoundingBoxIsMissing" />
    </UnitTest>
    <UnitTest name="Parse_UnclosedBracket" storage="d:\actions-runner\_work\xpco\xpco\allsolutions\..\mip\platformplugin\videoos.platform\unittest\bin\debug\net6.0-windows\videoos.platform.tests.dll" id="e081911d-8f68-16dc-95b9-ce6ca0099b36">
      <Execution id="d6f7ea92-5523-45d4-beb9-c799d207d189" />
      <TestMethod codeBase="D:\actions-runner\_work\XPCO\XPCO\AllSolutions\..\MIP\PlatformPlugin\VideoOS.Platform\unittest\bin\Debug\net6.0-windows\VideoOS.Platform.Tests.dll" adapterTypeName="executor://mstestadapter/v2" className="VideoOS.Platform.Tests.Proxy.RestApi.JsonReaderTests" name="Parse_UnclosedBracket" />
    </UnitTest>
    <UnitTest name="CreateAlarmFromEvent_ShouldReturnNull_WhenArgumentIsNull" storage="d:\actions-runner\_work\xpco\xpco\allsolutions\..\mip\platformplugin\videoos.platform\unittest\bin\debug\net6.0-windows\videoos.platform.tests.dll" id="33580008-2ed0-6825-609a-d1d90403b659">
      <Execution id="0290ed9d-dd68-466d-94ce-83a8ee386aa2" />
      <TestMethod codeBase="D:\actions-runner\_work\XPCO\XPCO\AllSolutions\..\MIP\PlatformPlugin\VideoOS.Platform\unittest\bin\Debug\net6.0-windows\VideoOS.Platform.Tests.dll" adapterTypeName="executor://mstestadapter/v2" className="VideoOS.Platform.Tests.Util.AlarmBuilderTests" name="CreateAlarmFromEvent_ShouldReturnNull_WhenArgumentIsNull" />
    </UnitTest>
    <UnitTest name="BuildShapeOverlayWidthHeightBaseEvent_ShouldReturnCorrectNumberOfShapes_WhenArgumentIsAnalyticsEvent" storage="d:\actions-runner\_work\xpco\xpco\allsolutions\..\mip\platformplugin\videoos.platform\unittest\bin\debug\net6.0-windows\videoos.platform.tests.dll" id="7b2725af-6cca-aaf7-125b-307ed988b6a3">
      <Execution id="7a08ea07-2c70-43a9-882d-2d0433a81124" />
      <TestMethod codeBase="D:\actions-runner\_work\XPCO\XPCO\AllSolutions\..\MIP\PlatformPlugin\VideoOS.Platform\unittest\bin\Debug\net6.0-windows\VideoOS.Platform.Tests.dll" adapterTypeName="executor://mstestadapter/v2" className="VideoOS.Platform.Tests.Util.AnalyticsOverlayBuilderTests" name="BuildShapeOverlayWidthHeightBaseEvent_ShouldReturnCorrectNumberOfShapes_WhenArgumentIsAnalyticsEvent" />
    </UnitTest>
    <UnitTest name="Parse_String_WithBlankChars" storage="d:\actions-runner\_work\xpco\xpco\allsolutions\..\mip\platformplugin\videoos.platform\unittest\bin\debug\net6.0-windows\videoos.platform.tests.dll" id="b393858d-872b-e354-eb53-3b8e5bbfc7bb">
      <Execution id="dd8b51ea-9f11-4eae-811d-7bff17458cf0" />
      <TestMethod codeBase="D:\actions-runner\_work\XPCO\XPCO\AllSolutions\..\MIP\PlatformPlugin\VideoOS.Platform\unittest\bin\Debug\net6.0-windows\VideoOS.Platform.Tests.dll" adapterTypeName="executor://mstestadapter/v2" className="VideoOS.Platform.Tests.Proxy.RestApi.JsonReaderTests" name="Parse_String_WithBlankChars" />
    </UnitTest>
    <UnitTest name="Construct4_And_Field_Check" storage="d:\actions-runner\_work\xpco\xpco\allsolutions\..\mip\platformplugin\videoos.platform\unittest\bin\debug\net6.0-windows\videoos.platform.tests.dll" id="acd28437-0e13-f5d1-fe2d-ceccbcc0b0d8">
      <Execution id="89b2745a-b31f-4e94-a290-f54ab24aee81" />
      <TestMethod codeBase="D:\actions-runner\_work\XPCO\XPCO\AllSolutions\..\MIP\PlatformPlugin\VideoOS.Platform\unittest\bin\Debug\net6.0-windows\VideoOS.Platform.Tests.dll" adapterTypeName="executor://mstestadapter/v2" className="VideoOS.Platform.Tests.ItemTests" name="Construct4_And_Field_Check" />
    </UnitTest>
    <UnitTest name="ReadXml_ShouldReadClassCandidateContents_WhenClassCandidateIsPresent" storage="d:\actions-runner\_work\xpco\xpco\allsolutions\..\mip\platformplugin\videoos.platform\unittest\bin\debug\net6.0-windows\videoos.platform.tests.dll" id="ae1fcdcb-f991-e67c-d221-5879496f84bd">
      <Execution id="839516c1-e0b2-491b-a9ad-052cf4eeb932" />
      <TestMethod codeBase="D:\actions-runner\_work\XPCO\XPCO\AllSolutions\..\MIP\PlatformPlugin\VideoOS.Platform\unittest\bin\Debug\net6.0-windows\VideoOS.Platform.Tests.dll" adapterTypeName="executor://mstestadapter/v2" className="VideoOS.Platform.Tests.Metadata.OnvifClassTests" name="ReadXml_ShouldReadClassCandidateContents_WhenClassCandidateIsPresent" />
    </UnitTest>
    <UnitTest name="GenerateEnumValueParameters_ShouldWriteValue_WhenAlways" storage="d:\actions-runner\_work\xpco\xpco\allsolutions\..\mip\platformplugin\videoos.platform\unittest\bin\debug\net6.0-windows\videoos.platform.tests.dll" id="a9cb9252-3d98-79fe-629f-64e8ef1da14d">
      <Execution id="4de68055-9d38-4a17-8c09-f73431c9360c" />
      <TestMethod codeBase="D:\actions-runner\_work\XPCO\XPCO\AllSolutions\..\MIP\PlatformPlugin\VideoOS.Platform\unittest\bin\Debug\net6.0-windows\VideoOS.Platform.Tests.dll" adapterTypeName="executor://mstestadapter/v2" className="VideoOS.Platform.Tests.Data.EnumCapabilityValueTests" name="GenerateEnumValueParameters_ShouldWriteValue_WhenAlways" />
    </UnitTest>
    <UnitTest name="GetBoundingShapesAsync_MultipleInvocations_DelegatedToInternalMethodOnlyOnce" storage="d:\actions-runner\_work\xpco\xpco\allsolutions\..\mip\platformplugin\videoos.platform\unittest\bin\debug\net6.0-windows\videoos.platform.tests.dll" id="11c28579-30cf-d22c-ee3d-3776ee719321">
      <TestCategory>
        <TestCategoryItem TestCategory="Search" />
      </TestCategory>
      <Execution id="a2aa19a8-d417-42bc-9102-a6ba17b617a3" />
      <TestMethod codeBase="D:\actions-runner\_work\XPCO\XPCO\AllSolutions\..\MIP\PlatformPlugin\VideoOS.Platform\unittest\bin\Debug\net6.0-windows\VideoOS.Platform.Tests.dll" adapterTypeName="executor://mstestadapter/v2" className="VideoOS.Platform.Tests.Search.SearchResultDataTest" name="GetBoundingShapesAsync_MultipleInvocations_DelegatedToInternalMethodOnlyOnce" />
    </UnitTest>
    <UnitTest name="ReadXml_ShouldIgnoreUnknownChildren_WhenAlways" storage="d:\actions-runner\_work\xpco\xpco\allsolutions\..\mip\platformplugin\videoos.platform\unittest\bin\debug\net6.0-windows\videoos.platform.tests.dll" id="cc5dfcab-4777-b980-4145-e6c140db897c">
      <Execution id="207ef37b-33c6-4aa0-bbba-1df6f3a735f1" />
      <TestMethod codeBase="D:\actions-runner\_work\XPCO\XPCO\AllSolutions\..\MIP\PlatformPlugin\VideoOS.Platform\unittest\bin\Debug\net6.0-windows\VideoOS.Platform.Tests.dll" adapterTypeName="executor://mstestadapter/v2" className="VideoOS.Platform.Tests.Metadata.BehaviourTests" name="ReadXml_ShouldIgnoreUnknownChildren_WhenAlways" />
    </UnitTest>
    <UnitTest name="ReadXml_ShouldReadVerticalAccuracy_WhenVerticalAccuracyIsPresent" storage="d:\actions-runner\_work\xpco\xpco\allsolutions\..\mip\platformplugin\videoos.platform\unittest\bin\debug\net6.0-windows\videoos.platform.tests.dll" id="e0e73f94-8b60-e9f7-5ce6-3100aae7c303">
      <Execution id="f7c96d12-5568-467d-9f5a-5a04b0c7da42" />
      <TestMethod codeBase="D:\actions-runner\_work\XPCO\XPCO\AllSolutions\..\MIP\PlatformPlugin\VideoOS.Platform\unittest\bin\Debug\net6.0-windows\VideoOS.Platform.Tests.dll" adapterTypeName="executor://mstestadapter/v2" className="VideoOS.Platform.Tests.Metadata.NavigationalDataTests" name="ReadXml_ShouldReadVerticalAccuracy_WhenVerticalAccuracyIsPresent" />
    </UnitTest>
    <UnitTest name="GenerateParameters_ShouldWriteQualityRange_WhenQualityRangeIsNotNull" storage="d:\actions-runner\_work\xpco\xpco\allsolutions\..\mip\platformplugin\videoos.platform\unittest\bin\debug\net6.0-windows\videoos.platform.tests.dll" id="64d46e5a-18bf-c3a7-d947-63730f82a01e">
      <Execution id="622431a5-7644-4687-b5af-bd92d4416d30" />
      <TestMethod codeBase="D:\actions-runner\_work\XPCO\XPCO\AllSolutions\..\MIP\PlatformPlugin\VideoOS.Platform\unittest\bin\Debug\net6.0-windows\VideoOS.Platform.Tests.dll" adapterTypeName="executor://mstestadapter/v2" className="VideoOS.Platform.Tests.Data.CameraDeviceDefinitionTests" name="GenerateParameters_ShouldWriteQualityRange_WhenQualityRangeIsNotNull" />
    </UnitTest>
    <UnitTest name="GetAtOrBefore_ShouldReturnLastElementFromToolkitResponse_WhenDataIsNotInCache" storage="d:\actions-runner\_work\xpco\xpco\allsolutions\..\mip\platformplugin\videoos.platform\unittest\bin\debug\net6.0-windows\videoos.platform.tests.dll" id="c080456c-72d0-3eb2-77e1-542abd80b216">
      <Execution id="d9689423-d47e-4078-a1e1-a05d68e561af" />
      <TestMethod codeBase="D:\actions-runner\_work\XPCO\XPCO\AllSolutions\..\MIP\PlatformPlugin\VideoOS.Platform\unittest\bin\Debug\net6.0-windows\VideoOS.Platform.Tests.dll" adapterTypeName="executor://mstestadapter/v2" className="VideoOS.Platform.Tests.Data.MetadataPlaybackSourceTests" name="GetAtOrBefore_ShouldReturnLastElementFromToolkitResponse_WhenDataIsNotInCache" />
    </UnitTest>
    <UnitTest name="Ctor_EmptyName_Throws" storage="d:\actions-runner\_work\xpco\xpco\allsolutions\..\mip\platformplugin\videoos.platform\unittest\bin\debug\net6.0-windows\videoos.platform.tests.dll" id="33719bf3-5409-92ab-16c7-8a271f81b2e6">
      <TestCategory>
        <TestCategoryItem TestCategory="Search" />
      </TestCategory>
      <Execution id="26a53712-cbd0-4d14-90ba-ac35ccfd6bec" />
      <TestMethod codeBase="D:\actions-runner\_work\XPCO\XPCO\AllSolutions\..\MIP\PlatformPlugin\VideoOS.Platform\unittest\bin\Debug\net6.0-windows\VideoOS.Platform.Tests.dll" adapterTypeName="executor://mstestadapter/v2" className="VideoOS.Platform.Tests.Search.FilterCategories.PersonSearchFilterCategoryTest" name="Ctor_EmptyName_Throws" />
    </UnitTest>
    <UnitTest name="Append_Property_MIPItem_UpperCase" storage="d:\actions-runner\_work\xpco\xpco\allsolutions\..\mip\platformplugin\videoos.platform\unittest\bin\debug\net6.0-windows\videoos.platform.tests.dll" id="5cdbd0d9-c8bd-a61c-82a8-354b3f579fbb">
      <Execution id="476a615f-c761-44e4-9435-e4869e7d9f95" />
      <TestMethod codeBase="D:\actions-runner\_work\XPCO\XPCO\AllSolutions\..\MIP\PlatformPlugin\VideoOS.Platform\unittest\bin\Debug\net6.0-windows\VideoOS.Platform.Tests.dll" adapterTypeName="executor://mstestadapter/v2" className="VideoOS.Platform.Tests.Proxy.RestApi.JsonBuilderTests" name="Append_Property_MIPItem_UpperCase" />
    </UnitTest>
    <UnitTest name="Equals_For_GuidsOnly" storage="d:\actions-runner\_work\xpco\xpco\allsolutions\..\mip\platformplugin\videoos.platform\unittest\bin\debug\net6.0-windows\videoos.platform.tests.dll" id="61459c18-d69a-002e-99fd-4c0194ecc49d">
      <Execution id="cb57675c-dde6-40b4-a25c-de1a9101370e" />
      <TestMethod codeBase="D:\actions-runner\_work\XPCO\XPCO\AllSolutions\..\MIP\PlatformPlugin\VideoOS.Platform\unittest\bin\Debug\net6.0-windows\VideoOS.Platform.Tests.dll" adapterTypeName="executor://mstestadapter/v2" className="VideoOS.Platform.Tests.FQIDtests" name="Equals_For_GuidsOnly" />
    </UnitTest>
    <UnitTest name="TestMultiLevelQueue_TwoLevels_IdleLevelQueueDisposed_Success" storage="d:\actions-runner\_work\xpco\xpco\allsolutions\..\mip\platformplugin\videoos.platform\unittest\bin\debug\net6.0-windows\videoos.platform.tests.dll" id="97bf175b-3437-3a0c-6b6e-4f876d982b3c">
      <Execution id="b29bcc21-0f67-434e-a005-e789ce332f39" />
      <TestMethod codeBase="D:\actions-runner\_work\XPCO\XPCO\AllSolutions\..\MIP\PlatformPlugin\VideoOS.Platform\unittest\bin\Debug\net6.0-windows\VideoOS.Platform.Tests.dll" adapterTypeName="executor://mstestadapter/v2" className="VideoOS.Platform.Tests.Util.Queue.MultiLevelResourceQueueTests" name="TestMultiLevelQueue_TwoLevels_IdleLevelQueueDisposed_Success" />
    </UnitTest>
    <UnitTest name="IsEmptyValue_StringFilterValue_DefaultValue_ReturnsTrue" storage="d:\actions-runner\_work\xpco\xpco\allsolutions\..\mip\platformplugin\videoos.platform\unittest\bin\debug\net6.0-windows\videoos.platform.tests.dll" id="4a3d3b31-f5bb-f6f0-8775-76cae220f01b">
      <TestCategory>
        <TestCategoryItem TestCategory="Search" />
      </TestCategory>
      <Execution id="22117ee6-801b-4afe-9adf-848e495f3444" />
      <TestMethod codeBase="D:\actions-runner\_work\XPCO\XPCO\AllSolutions\..\MIP\PlatformPlugin\VideoOS.Platform\unittest\bin\Debug\net6.0-windows\VideoOS.Platform.Tests.dll" adapterTypeName="executor://mstestadapter/v2" className="VideoOS.Platform.Tests.Search.SearchFilterTest" name="IsEmptyValue_StringFilterValue_DefaultValue_ReturnsTrue" />
    </UnitTest>
    <UnitTest name="GetPrevious_ShouldReturnNull_WhenCacheHasJustBenLoadedWithNewData" storage="d:\actions-runner\_work\xpco\xpco\allsolutions\..\mip\platformplugin\videoos.platform\unittest\bin\debug\net6.0-windows\videoos.platform.tests.dll" id="6b68b022-949d-c4fe-8f3f-d5c254031f0f">
      <Execution id="871385e1-0685-44e7-b214-608cc1a63989" />
      <TestMethod codeBase="D:\actions-runner\_work\XPCO\XPCO\AllSolutions\..\MIP\PlatformPlugin\VideoOS.Platform\unittest\bin\Debug\net6.0-windows\VideoOS.Platform.Tests.dll" adapterTypeName="executor://mstestadapter/v2" className="VideoOS.Platform.Tests.Data.MetadataCacheTests" name="GetPrevious_ShouldReturnNull_WhenCacheHasJustBenLoadedWithNewData" />
    </UnitTest>
    <UnitTest name="Constructor_ShouldThrowArgumentNullException_WhenItemIsNull" storage="d:\actions-runner\_work\xpco\xpco\allsolutions\..\mip\platformplugin\videoos.platform\unittest\bin\debug\net6.0-windows\videoos.platform.tests.dll" id="62bbe3ee-7e4f-b582-4e14-d8ceb77d972c">
      <Execution id="06049b0a-6b93-42bd-a91c-31c8a2469772" />
      <TestMethod codeBase="D:\actions-runner\_work\XPCO\XPCO\AllSolutions\..\MIP\PlatformPlugin\VideoOS.Platform\unittest\bin\Debug\net6.0-windows\VideoOS.Platform.Tests.dll" adapterTypeName="executor://mstestadapter/v2" className="VideoOS.Platform.Tests.Data.MetadataPlaybackSourceTests" name="Constructor_ShouldThrowArgumentNullException_WhenItemIsNull" />
    </UnitTest>
    <UnitTest name="Convert_SingleArgumentConverter_ShouldNotAllowNullValue_WhenArgumentIsValueType" storage="d:\actions-runner\_work\xpco\xpco\allsolutions\..\mip\platformplugin\videoos.platform\unittest\bin\debug\net6.0-windows\videoos.platform.tests.dll" id="4686721b-2da0-2073-d103-e6130d171947">
      <Execution id="8737c62d-5f16-4085-8658-8483d9bd85a3" />
      <TestMethod codeBase="D:\actions-runner\_work\XPCO\XPCO\AllSolutions\..\MIP\PlatformPlugin\VideoOS.Platform\unittest\bin\Debug\net6.0-windows\VideoOS.Platform.Tests.dll" adapterTypeName="executor://mstestadapter/v2" className="VideoOS.Platform.Tests.UI.Converters.LambdaConverterTest" name="Convert_SingleArgumentConverter_ShouldNotAllowNullValue_WhenArgumentIsValueType" />
    </UnitTest>
    <UnitTest name="ToString_MipItemSet_Has_Value" storage="d:\actions-runner\_work\xpco\xpco\allsolutions\..\mip\platformplugin\videoos.platform\unittest\bin\debug\net6.0-windows\videoos.platform.tests.dll" id="0be364f3-65a8-13b6-624b-a54197fbf75c">
      <Execution id="199919d4-5b87-43fe-a14f-acbcc6efa98e" />
      <TestMethod codeBase="D:\actions-runner\_work\XPCO\XPCO\AllSolutions\..\MIP\PlatformPlugin\VideoOS.Platform\unittest\bin\Debug\net6.0-windows\VideoOS.Platform.Tests.dll" adapterTypeName="executor://mstestadapter/v2" className="VideoOS.Platform.Tests.UI.ItemPicker.ItemViewModelTest" name="ToString_MipItemSet_Has_Value" />
    </UnitTest>
    <UnitTest name="Serialize_TestCases (TestParentTypeMatchEnumNotThisTypeMatched)" storage="d:\actions-runner\_work\xpco\xpco\allsolutions\..\mip\platformplugin\videoos.platform\unittest\bin\debug\net6.0-windows\videoos.platform.tests.dll" id="cc3f336d-6569-1e3c-5ccf-be760a4417ce">
      <Execution id="bb61ced5-fe45-4513-ac27-205759d6543f" />
      <TestMethod codeBase="D:\actions-runner\_work\XPCO\XPCO\AllSolutions\..\MIP\PlatformPlugin\VideoOS.Platform\unittest\bin\Debug\net6.0-windows\VideoOS.Platform.Tests.dll" adapterTypeName="executor://mstestadapter/v2" className="VideoOS.Platform.Tests.UI.Controls.Automation.Serialization.AutomationObjectSerializerTest" name="Serialize_TestCases" />
    </UnitTest>
    <UnitTest name="RemoveFilterValue_UnknownFilter_DoesNothing" storage="d:\actions-runner\_work\xpco\xpco\allsolutions\..\mip\platformplugin\videoos.platform\unittest\bin\debug\net6.0-windows\videoos.platform.tests.dll" id="b0ea56fc-56fe-34ff-f18f-05cf3640650e">
      <TestCategory>
        <TestCategoryItem TestCategory="Search" />
      </TestCategory>
      <Execution id="bd13a890-51d5-4219-96bb-a609f8ef09fe" />
      <TestMethod codeBase="D:\actions-runner\_work\XPCO\XPCO\AllSolutions\..\MIP\PlatformPlugin\VideoOS.Platform\unittest\bin\Debug\net6.0-windows\VideoOS.Platform.Tests.dll" adapterTypeName="executor://mstestadapter/v2" className="VideoOS.Platform.Tests.Search.SearchCriteriaTest" name="RemoveFilterValue_UnknownFilter_DoesNothing" />
    </UnitTest>
    <UnitTest name="GenerateParameters_ShouldOmitCodecList_WhenCodecSetIsEmpty" storage="d:\actions-runner\_work\xpco\xpco\allsolutions\..\mip\platformplugin\videoos.platform\unittest\bin\debug\net6.0-windows\videoos.platform.tests.dll" id="4c802ea5-aa1d-d28e-7473-4c1c59889246">
      <Execution id="dd815468-e731-4e47-be8f-d04d91b822b3" />
      <TestMethod codeBase="D:\actions-runner\_work\XPCO\XPCO\AllSolutions\..\MIP\PlatformPlugin\VideoOS.Platform\unittest\bin\Debug\net6.0-windows\VideoOS.Platform.Tests.dll" adapterTypeName="executor://mstestadapter/v2" className="VideoOS.Platform.Tests.Data.CameraDeviceDefinitionTests" name="GenerateParameters_ShouldOmitCodecList_WhenCodecSetIsEmpty" />
    </UnitTest>
    <UnitTest name="GetFilterValuesT_SingleValueAdded_ReturnsValue" storage="d:\actions-runner\_work\xpco\xpco\allsolutions\..\mip\platformplugin\videoos.platform\unittest\bin\debug\net6.0-windows\videoos.platform.tests.dll" id="4a238ba0-fcc0-32ec-05c8-4cb7401b273a">
      <TestCategory>
        <TestCategoryItem TestCategory="Search" />
      </TestCategory>
      <Execution id="a7a36827-5e18-49b3-a644-13e95d7d1db5" />
      <TestMethod codeBase="D:\actions-runner\_work\XPCO\XPCO\AllSolutions\..\MIP\PlatformPlugin\VideoOS.Platform\unittest\bin\Debug\net6.0-windows\VideoOS.Platform.Tests.dll" adapterTypeName="executor://mstestadapter/v2" className="VideoOS.Platform.Tests.Search.SearchCriteriaTest" name="GetFilterValuesT_SingleValueAdded_ReturnsValue" />
    </UnitTest>
    <UnitTest name="GetMetadataObjectsAsync_ClearCachedData_DelegatedToInternalMethodTwice" storage="d:\actions-runner\_work\xpco\xpco\allsolutions\..\mip\platformplugin\videoos.platform\unittest\bin\debug\net6.0-windows\videoos.platform.tests.dll" id="9fe19c9a-7103-2abd-228a-09e45881c4bc">
      <TestCategory>
        <TestCategoryItem TestCategory="Search" />
      </TestCategory>
      <Execution id="22a5b4c6-ac5f-43de-93dc-c8cd30a34341" />
      <TestMethod codeBase="D:\actions-runner\_work\XPCO\XPCO\AllSolutions\..\MIP\PlatformPlugin\VideoOS.Platform\unittest\bin\Debug\net6.0-windows\VideoOS.Platform.Tests.dll" adapterTypeName="executor://mstestadapter/v2" className="VideoOS.Platform.Tests.Search.SearchResultDataTest" name="GetMetadataObjectsAsync_ClearCachedData_DelegatedToInternalMethodTwice" />
    </UnitTest>
    <UnitTest name="Constructor_ShouldThrowArgumentException_WhenModelIsWhiteSpaceOrEmpty" storage="d:\actions-runner\_work\xpco\xpco\allsolutions\..\mip\platformplugin\videoos.platform\unittest\bin\debug\net6.0-windows\videoos.platform.tests.dll" id="cb3227bb-d1a5-0c0d-9089-9f393e7c3688">
      <Execution id="a22dcc74-8780-44e6-9957-cfd945aff5e1" />
      <TestMethod codeBase="D:\actions-runner\_work\XPCO\XPCO\AllSolutions\..\MIP\PlatformPlugin\VideoOS.Platform\unittest\bin\Debug\net6.0-windows\VideoOS.Platform.Tests.dll" adapterTypeName="executor://mstestadapter/v2" className="VideoOS.Platform.Tests.Data.HardwareDefinitionTests" name="Constructor_ShouldThrowArgumentException_WhenModelIsWhiteSpaceOrEmpty" />
    </UnitTest>
    <UnitTest name="Items_NullRootItem_ItemNotShown" storage="d:\actions-runner\_work\xpco\xpco\allsolutions\..\mip\platformplugin\videoos.platform\unittest\bin\debug\net6.0-windows\videoos.platform.tests.dll" id="a768137e-5549-c79d-d4cb-ddd67ba25589">
      <Execution id="88edad30-e8ac-4de4-9ac4-0757ffbad907" />
      <TestMethod codeBase="D:\actions-runner\_work\XPCO\XPCO\AllSolutions\..\MIP\PlatformPlugin\VideoOS.Platform\unittest\bin\Debug\net6.0-windows\VideoOS.Platform.Tests.dll" adapterTypeName="executor://mstestadapter/v2" className="VideoOS.Platform.Tests.UI.ItemPicker.PopulateThreadTest" name="Items_NullRootItem_ItemNotShown" />
    </UnitTest>
    <UnitTest name="GenerateDeviceParameters_ShouldWriteCorrectCodec_WhenCodecIsNotZero" storage="d:\actions-runner\_work\xpco\xpco\allsolutions\..\mip\platformplugin\videoos.platform\unittest\bin\debug\net6.0-windows\videoos.platform.tests.dll" id="21e526f6-3a3a-f300-e830-472a0f6e7a82">
      <Execution id="6e417c2d-d1ab-4f45-adef-b4fe5249f773" />
      <TestMethod codeBase="D:\actions-runner\_work\XPCO\XPCO\AllSolutions\..\MIP\PlatformPlugin\VideoOS.Platform\unittest\bin\Debug\net6.0-windows\VideoOS.Platform.Tests.dll" adapterTypeName="executor://mstestadapter/v2" className="VideoOS.Platform.Tests.Data.CameraDeviceDefinitionTests" name="GenerateDeviceParameters_ShouldWriteCorrectCodec_WhenCodecIsNotZero" />
    </UnitTest>
    <UnitTest name="Append_Property_Path_WithoutValue" storage="d:\actions-runner\_work\xpco\xpco\allsolutions\..\mip\platformplugin\videoos.platform\unittest\bin\debug\net6.0-windows\videoos.platform.tests.dll" id="dc1fd292-e174-668d-7833-c1854255d61a">
      <Execution id="11b9763f-e7d6-408f-90de-9843c1ec7c71" />
      <TestMethod codeBase="D:\actions-runner\_work\XPCO\XPCO\AllSolutions\..\MIP\PlatformPlugin\VideoOS.Platform\unittest\bin\Debug\net6.0-windows\VideoOS.Platform.Tests.dll" adapterTypeName="executor://mstestadapter/v2" className="VideoOS.Platform.Tests.Proxy.RestApi.JsonBuilderTests" name="Append_Property_Path_WithoutValue" />
    </UnitTest>
    <UnitTest name="ReadXml_ShouldLogWarningOnlyOnceWithinOneMinute_WhenCenterOfGravityIsIncomplete" storage="d:\actions-runner\_work\xpco\xpco\allsolutions\..\mip\platformplugin\videoos.platform\unittest\bin\debug\net6.0-windows\videoos.platform.tests.dll" id="8a8c7432-7378-2ff6-b3a1-a3b7254f4458">
      <Execution id="94ce567e-c9ea-421b-89e9-dbdecec8ba66" />
      <TestMethod codeBase="D:\actions-runner\_work\XPCO\XPCO\AllSolutions\..\MIP\PlatformPlugin\VideoOS.Platform\unittest\bin\Debug\net6.0-windows\VideoOS.Platform.Tests.dll" adapterTypeName="executor://mstestadapter/v2" className="VideoOS.Platform.Tests.Metadata.ShapeTests" name="ReadXml_ShouldLogWarningOnlyOnceWithinOneMinute_WhenCenterOfGravityIsIncomplete" />
    </UnitTest>
    <UnitTest name="GetNext_ShouldReturnNextDataInCache_WhenDataIsCached" storage="d:\actions-runner\_work\xpco\xpco\allsolutions\..\mip\platformplugin\videoos.platform\unittest\bin\debug\net6.0-windows\videoos.platform.tests.dll" id="d6caf9a4-3f9a-074e-1dad-d39d3f06a0e6">
      <Execution id="ac315393-8af7-4624-9ce2-dc0b53177959" />
      <TestMethod codeBase="D:\actions-runner\_work\XPCO\XPCO\AllSolutions\..\MIP\PlatformPlugin\VideoOS.Platform\unittest\bin\Debug\net6.0-windows\VideoOS.Platform.Tests.dll" adapterTypeName="executor://mstestadapter/v2" className="VideoOS.Platform.Tests.Data.MetadataPlaybackSourceTests" name="GetNext_ShouldReturnNextDataInCache_WhenDataIsCached" />
    </UnitTest>
    <UnitTest name="ParameterConstruct2_FieldValues_Checked" storage="d:\actions-runner\_work\xpco\xpco\allsolutions\..\mip\platformplugin\videoos.platform\unittest\bin\debug\net6.0-windows\videoos.platform.tests.dll" id="434b37e3-6652-e454-29de-d80f3b84f997">
      <Execution id="e037c201-3d3e-407e-8c86-1955c847ecf8" />
      <TestMethod codeBase="D:\actions-runner\_work\XPCO\XPCO\AllSolutions\..\MIP\PlatformPlugin\VideoOS.Platform\unittest\bin\Debug\net6.0-windows\VideoOS.Platform.Tests.dll" adapterTypeName="executor://mstestadapter/v2" className="VideoOS.Platform.Tests.FQIDtests" name="ParameterConstruct2_FieldValues_Checked" />
    </UnitTest>
    <UnitTest name="GetParent_OfPreset_Check" storage="d:\actions-runner\_work\xpco\xpco\allsolutions\..\mip\platformplugin\videoos.platform\unittest\bin\debug\net6.0-windows\videoos.platform.tests.dll" id="21a0d29c-e94f-b292-af3e-a395eaa62ce5">
      <Execution id="5a77be6a-1da1-4a00-9f4c-e194b399130e" />
      <TestMethod codeBase="D:\actions-runner\_work\XPCO\XPCO\AllSolutions\..\MIP\PlatformPlugin\VideoOS.Platform\unittest\bin\Debug\net6.0-windows\VideoOS.Platform.Tests.dll" adapterTypeName="executor://mstestadapter/v2" className="VideoOS.Platform.Tests.ItemTests" name="GetParent_OfPreset_Check" />
    </UnitTest>
    <UnitTest name="PatchItem_Camera_Success" storage="d:\actions-runner\_work\xpco\xpco\allsolutions\..\mip\platformplugin\videoos.platform\unittest\bin\debug\net6.0-windows\videoos.platform.tests.dll" id="c2f6ebcb-6563-8bdd-b77e-91b902f7eb14">
      <Execution id="3540cc8a-5492-4f94-9e8b-463ed07a3e89" />
      <TestMethod codeBase="D:\actions-runner\_work\XPCO\XPCO\AllSolutions\..\MIP\PlatformPlugin\VideoOS.Platform\unittest\bin\Debug\net6.0-windows\VideoOS.Platform.Tests.dll" adapterTypeName="executor://mstestadapter/v2" className="VideoOS.Platform.Tests.Proxy.RestApi.RestApiClientDecoratorTests" name="PatchItem_Camera_Success" />
    </UnitTest>
    <UnitTest name="Codec_ShouldThrowArgumentOutOfRangeException_WhenCodecIsNotVideoCodec" storage="d:\actions-runner\_work\xpco\xpco\allsolutions\..\mip\platformplugin\videoos.platform\unittest\bin\debug\net6.0-windows\videoos.platform.tests.dll" id="86824227-709e-d695-09b7-8d9000453067">
      <Execution id="199e4b1e-9619-4638-8b05-36e395053d27" />
      <TestMethod codeBase="D:\actions-runner\_work\XPCO\XPCO\AllSolutions\..\MIP\PlatformPlugin\VideoOS.Platform\unittest\bin\Debug\net6.0-windows\VideoOS.Platform.Tests.dll" adapterTypeName="executor://mstestadapter/v2" className="VideoOS.Platform.Tests.Data.CameraDeviceDefinitionTests" name="Codec_ShouldThrowArgumentOutOfRangeException_WhenCodecIsNotVideoCodec" />
    </UnitTest>
    <UnitTest name="ProvideValue_ShouldUseItemDataValue_WhenItemIsVideoOSDropDownItem" storage="d:\actions-runner\_work\xpco\xpco\allsolutions\..\mip\platformplugin\videoos.platform\unittest\bin\debug\net6.0-windows\videoos.platform.tests.dll" id="619f6d51-fe63-6aad-4d71-b62b6294bc5d">
      <TestCategory>
        <TestCategoryItem TestCategory="DropDowns" />
      </TestCategory>
      <Execution id="56c2e90e-ec7c-4e85-8ba7-2952453fcf44" />
      <TestMethod codeBase="D:\actions-runner\_work\XPCO\XPCO\AllSolutions\..\MIP\PlatformPlugin\VideoOS.Platform\unittest\bin\Debug\net6.0-windows\VideoOS.Platform.Tests.dll" adapterTypeName="executor://mstestadapter/v2" className="VideoOS.Platform.Tests.UI.Controls.DropDowns.Internal.SelectedItemCustomContentDataExtensionTest" name="ProvideValue_ShouldUseItemDataValue_WhenItemIsVideoOSDropDownItem" />
    </UnitTest>
    <UnitTest name="SearchResultData_BeginTimeWithPaddingMinValue_ShouldReturnBeginTime" storage="d:\actions-runner\_work\xpco\xpco\allsolutions\..\mip\platformplugin\videoos.platform\unittest\bin\debug\net6.0-windows\videoos.platform.tests.dll" id="d662e348-a1af-bb08-7043-ef8f0887058c">
      <TestCategory>
        <TestCategoryItem TestCategory="Search" />
      </TestCategory>
      <Execution id="996cce0a-049c-4c44-b957-443f441983fb" />
      <TestMethod codeBase="D:\actions-runner\_work\XPCO\XPCO\AllSolutions\..\MIP\PlatformPlugin\VideoOS.Platform\unittest\bin\Debug\net6.0-windows\VideoOS.Platform.Tests.dll" adapterTypeName="executor://mstestadapter/v2" className="VideoOS.Platform.Tests.Search.SearchResultDataTest" name="SearchResultData_BeginTimeWithPaddingMinValue_ShouldReturnBeginTime" />
    </UnitTest>
    <UnitTest name="Ctor_EmptyName_Throws" storage="d:\actions-runner\_work\xpco\xpco\allsolutions\..\mip\platformplugin\videoos.platform\unittest\bin\debug\net6.0-windows\videoos.platform.tests.dll" id="8f3ff765-82e8-66d7-0b26-5b7e252a53b8">
      <TestCategory>
        <TestCategoryItem TestCategory="Search" />
      </TestCategory>
      <Execution id="0593faf8-c10c-490e-8db0-0f432f0fb710" />
      <TestMethod codeBase="D:\actions-runner\_work\XPCO\XPCO\AllSolutions\..\MIP\PlatformPlugin\VideoOS.Platform\unittest\bin\Debug\net6.0-windows\VideoOS.Platform.Tests.dll" adapterTypeName="executor://mstestadapter/v2" className="VideoOS.Platform.Tests.Search.FilterCategories.VehicleSearchFilterCategoryTest" name="Ctor_EmptyName_Throws" />
    </UnitTest>
    <UnitTest name="Equals_ShouldHaveValueSemantics_WhenAlways" storage="d:\actions-runner\_work\xpco\xpco\allsolutions\..\mip\platformplugin\videoos.platform\unittest\bin\debug\net6.0-windows\videoos.platform.tests.dll" id="5efa66e3-2c27-3f3b-d94f-51396a42e8dd">
      <Execution id="2f191cf2-34f7-4557-b1ec-43bea42daa11" />
      <TestMethod codeBase="D:\actions-runner\_work\XPCO\XPCO\AllSolutions\..\MIP\PlatformPlugin\VideoOS.Platform\unittest\bin\Debug\net6.0-windows\VideoOS.Platform.Tests.dll" adapterTypeName="executor://mstestadapter/v2" className="VideoOS.Platform.Tests.Metadata.ShapeTests" name="Equals_ShouldHaveValueSemantics_WhenAlways" />
    </UnitTest>
    <UnitTest name="GetItem_ShouldReturnNull_WhenUnknownKind" storage="d:\actions-runner\_work\xpco\xpco\allsolutions\..\mip\platformplugin\videoos.platform\unittest\bin\debug\net6.0-windows\videoos.platform.tests.dll" id="a9f5292d-e31f-a581-3eed-5680d989d123">
      <Execution id="3955a832-f70d-4037-a4fe-88595d0a98c9" />
      <TestMethod codeBase="D:\actions-runner\_work\XPCO\XPCO\AllSolutions\..\MIP\PlatformPlugin\VideoOS.Platform\unittest\bin\Debug\net6.0-windows\VideoOS.Platform.Tests.dll" adapterTypeName="executor://mstestadapter/v2" className="VideoOS.Platform.Tests.Util.ConfigurationCacheTests" name="GetItem_ShouldReturnNull_WhenUnknownKind" />
    </UnitTest>
    <UnitTest name="Equals_ShouldReturnFalse_WhenOnlyPortNumbersAreDifferent" storage="d:\actions-runner\_work\xpco\xpco\allsolutions\..\mip\platformplugin\videoos.platform\unittest\bin\debug\net6.0-windows\videoos.platform.tests.dll" id="ef0bef56-bcca-a24d-f399-eed9eabea4db">
      <Execution id="d638002b-b9f4-4434-8817-bc703fc23763" />
      <TestMethod codeBase="D:\actions-runner\_work\XPCO\XPCO\AllSolutions\..\MIP\PlatformPlugin\VideoOS.Platform\unittest\bin\Debug\net6.0-windows\VideoOS.Platform.Tests.dll" adapterTypeName="executor://mstestadapter/v2" className="VideoOS.Platform.Tests.ServerIdTests" name="Equals_ShouldReturnFalse_WhenOnlyPortNumbersAreDifferent" />
    </UnitTest>
    <UnitTest name="ReadXml_ShouldIgnoreFrame_WhenFrameDidNotReadUtcTime" storage="d:\actions-runner\_work\xpco\xpco\allsolutions\..\mip\platformplugin\videoos.platform\unittest\bin\debug\net6.0-windows\videoos.platform.tests.dll" id="682b3a18-5ce2-e09c-06c2-b3ebd5eb55df">
      <Execution id="dfa7ae40-ee1c-482e-8de3-af9a7335df55" />
      <TestMethod codeBase="D:\actions-runner\_work\XPCO\XPCO\AllSolutions\..\MIP\PlatformPlugin\VideoOS.Platform\unittest\bin\Debug\net6.0-windows\VideoOS.Platform.Tests.dll" adapterTypeName="executor://mstestadapter/v2" className="VideoOS.Platform.Tests.Metadata.VideoAnalyticsTests" name="ReadXml_ShouldIgnoreFrame_WhenFrameDidNotReadUtcTime" />
    </UnitTest>
    <UnitTest name="ProvideValue_ShouldUseNull_WhenSelectedItemIsNotSet" storage="d:\actions-runner\_work\xpco\xpco\allsolutions\..\mip\platformplugin\videoos.platform\unittest\bin\debug\net6.0-windows\videoos.platform.tests.dll" id="d2434559-e3a7-5692-c403-1d47d873a133">
      <TestCategory>
        <TestCategoryItem TestCategory="DropDowns" />
      </TestCategory>
      <Execution id="0055b797-18a7-4fe4-9640-93f9c1461eb7" />
      <TestMethod codeBase="D:\actions-runner\_work\XPCO\XPCO\AllSolutions\..\MIP\PlatformPlugin\VideoOS.Platform\unittest\bin\Debug\net6.0-windows\VideoOS.Platform.Tests.dll" adapterTypeName="executor://mstestadapter/v2" className="VideoOS.Platform.Tests.UI.Controls.DropDowns.Internal.SelectedItemContentTemplateExtensionTest" name="ProvideValue_ShouldUseNull_WhenSelectedItemIsNotSet" />
    </UnitTest>
    <UnitTest name="WriteXml_ShouldWriteBottomAttribute_WhenAlays" storage="d:\actions-runner\_work\xpco\xpco\allsolutions\..\mip\platformplugin\videoos.platform\unittest\bin\debug\net6.0-windows\videoos.platform.tests.dll" id="585441ab-f7bf-ef9a-ea65-e7624bf9208f">
      <Execution id="60881fdf-f01b-4e3b-ab10-4f5e27271d04" />
      <TestMethod codeBase="D:\actions-runner\_work\XPCO\XPCO\AllSolutions\..\MIP\PlatformPlugin\VideoOS.Platform\unittest\bin\Debug\net6.0-windows\VideoOS.Platform.Tests.dll" adapterTypeName="executor://mstestadapter/v2" className="VideoOS.Platform.Tests.Metadata.RectangleTests" name="WriteXml_ShouldWriteBottomAttribute_WhenAlays" />
    </UnitTest>
    <UnitTest name="WriteXml_ShouldWriteAllVideoAnalytics_WhenThereAreMultipleVideoAnalyticsItemsPresent" storage="d:\actions-runner\_work\xpco\xpco\allsolutions\..\mip\platformplugin\videoos.platform\unittest\bin\debug\net6.0-windows\videoos.platform.tests.dll" id="a32877bc-9b7f-e906-c5f0-bd91b67c99a7">
      <Execution id="bcafdaa4-b996-41dc-ab3e-93d77b82b6f2" />
      <TestMethod codeBase="D:\actions-runner\_work\XPCO\XPCO\AllSolutions\..\MIP\PlatformPlugin\VideoOS.Platform\unittest\bin\Debug\net6.0-windows\VideoOS.Platform.Tests.dll" adapterTypeName="executor://mstestadapter/v2" className="VideoOS.Platform.Tests.Metadata.MetadataStreamTests" name="WriteXml_ShouldWriteAllVideoAnalytics_WhenThereAreMultipleVideoAnalyticsItemsPresent" />
    </UnitTest>
    <UnitTest name="AllAttributesWerePresent_ShouldReturnFalse_WhenRightAttributeIsNotAFloat" storage="d:\actions-runner\_work\xpco\xpco\allsolutions\..\mip\platformplugin\videoos.platform\unittest\bin\debug\net6.0-windows\videoos.platform.tests.dll" id="3f059c6a-7cda-fa81-0b37-29c0a5c4596b">
      <Execution id="6e421712-17a5-4d14-9352-cea413c6af55" />
      <TestMethod codeBase="D:\actions-runner\_work\XPCO\XPCO\AllSolutions\..\MIP\PlatformPlugin\VideoOS.Platform\unittest\bin\Debug\net6.0-windows\VideoOS.Platform.Tests.dll" adapterTypeName="executor://mstestadapter/v2" className="VideoOS.Platform.Tests.Metadata.RectangleTests" name="AllAttributesWerePresent_ShouldReturnFalse_WhenRightAttributeIsNotAFloat" />
    </UnitTest>
    <UnitTest name="ToJson_ListElement_Array_Exception" storage="d:\actions-runner\_work\xpco\xpco\allsolutions\..\mip\platformplugin\videoos.platform\unittest\bin\debug\net6.0-windows\videoos.platform.tests.dll" id="67c0ea39-eacf-68a7-bc2c-66d2ee840cfb">
      <Execution id="d5097640-f85f-4e80-87bc-ad04d3d9aedc" />
      <TestMethod codeBase="D:\actions-runner\_work\XPCO\XPCO\AllSolutions\..\MIP\PlatformPlugin\VideoOS.Platform\unittest\bin\Debug\net6.0-windows\VideoOS.Platform.Tests.dll" adapterTypeName="executor://mstestadapter/v2" className="VideoOS.Platform.Tests.Proxy.RestApi.JsonReaderTests" name="ToJson_ListElement_Array_Exception" />
    </UnitTest>
    <UnitTest name="Serialize_TestCases (TestParentTypeMatchDoubleThisTypeMatched)" storage="d:\actions-runner\_work\xpco\xpco\allsolutions\..\mip\platformplugin\videoos.platform\unittest\bin\debug\net6.0-windows\videoos.platform.tests.dll" id="924f17cc-bb86-5a75-ef59-5704a9efc7cf">
      <Execution id="0dcf0cbc-63e9-4d9f-9e47-224d12ad93be" />
      <TestMethod codeBase="D:\actions-runner\_work\XPCO\XPCO\AllSolutions\..\MIP\PlatformPlugin\VideoOS.Platform\unittest\bin\Debug\net6.0-windows\VideoOS.Platform.Tests.dll" adapterTypeName="executor://mstestadapter/v2" className="VideoOS.Platform.Tests.UI.Controls.Automation.Serialization.AutomationObjectSerializerTest" name="Serialize_TestCases" />
    </UnitTest>
    <UnitTest name="ReadXml_ShouldNotSetIsIdle_WhenIdleElementIsPresentWithWrongNamespace" storage="d:\actions-runner\_work\xpco\xpco\allsolutions\..\mip\platformplugin\videoos.platform\unittest\bin\debug\net6.0-windows\videoos.platform.tests.dll" id="b9119b3f-c5c3-480d-71eb-f7bd5475dbde">
      <Execution id="35f14f0b-ddbd-4157-b9bf-f06261b118d0" />
      <TestMethod codeBase="D:\actions-runner\_work\XPCO\XPCO\AllSolutions\..\MIP\PlatformPlugin\VideoOS.Platform\unittest\bin\Debug\net6.0-windows\VideoOS.Platform.Tests.dll" adapterTypeName="executor://mstestadapter/v2" className="VideoOS.Platform.Tests.Metadata.BehaviourTests" name="ReadXml_ShouldNotSetIsIdle_WhenIdleElementIsPresentWithWrongNamespace" />
    </UnitTest>
    <UnitTest name="IsEmptyValue_DoubleRangeFilterValue_ValuesAtMinimumAndMaximum_ReturnsTrue" storage="d:\actions-runner\_work\xpco\xpco\allsolutions\..\mip\platformplugin\videoos.platform\unittest\bin\debug\net6.0-windows\videoos.platform.tests.dll" id="27817c8c-6c0d-bb4b-da4e-d6836f9c5d12">
      <TestCategory>
        <TestCategoryItem TestCategory="Search" />
      </TestCategory>
      <Execution id="56f9bd30-b0b8-417c-ae68-5243e9a37973" />
      <TestMethod codeBase="D:\actions-runner\_work\XPCO\XPCO\AllSolutions\..\MIP\PlatformPlugin\VideoOS.Platform\unittest\bin\Debug\net6.0-windows\VideoOS.Platform.Tests.dll" adapterTypeName="executor://mstestadapter/v2" className="VideoOS.Platform.Tests.Search.SearchFilterTest" name="IsEmptyValue_DoubleRangeFilterValue_ValuesAtMinimumAndMaximum_ReturnsTrue" />
    </UnitTest>
    <UnitTest name="HostInitialized_ShouldInvokeCallback_WhenInitializedWithItems" storage="d:\actions-runner\_work\xpco\xpco\allsolutions\..\mip\platformplugin\videoos.platform\unittest\bin\debug\net6.0-windows\videoos.platform.tests.dll" id="33464c95-c39e-2270-caf4-672c551a54f2">
      <Execution id="124020c5-7342-45d5-9516-f8fe1de1fc8a" />
      <TestMethod codeBase="D:\actions-runner\_work\XPCO\XPCO\AllSolutions\..\MIP\PlatformPlugin\VideoOS.Platform\unittest\bin\Debug\net6.0-windows\VideoOS.Platform.Tests.dll" adapterTypeName="executor://mstestadapter/v2" className="VideoOS.Platform.Tests.UI.Controls.CollectionHelperGenericTest" name="HostInitialized_ShouldInvokeCallback_WhenInitializedWithItems" />
    </UnitTest>
    <UnitTest name="Ctor_NoStandardFilters_Success" storage="d:\actions-runner\_work\xpco\xpco\allsolutions\..\mip\platformplugin\videoos.platform\unittest\bin\debug\net6.0-windows\videoos.platform.tests.dll" id="59e10b82-f701-4ec1-bb24-9886531bdbb4">
      <TestCategory>
        <TestCategoryItem TestCategory="Search" />
      </TestCategory>
      <Execution id="b81162ec-697b-4338-8c15-3592c75d309a" />
      <TestMethod codeBase="D:\actions-runner\_work\XPCO\XPCO\AllSolutions\..\MIP\PlatformPlugin\VideoOS.Platform\unittest\bin\Debug\net6.0-windows\VideoOS.Platform.Tests.dll" adapterTypeName="executor://mstestadapter/v2" className="VideoOS.Platform.Tests.Search.FilterCategories.VehicleSearchFilterCategoryTest" name="Ctor_NoStandardFilters_Success" />
    </UnitTest>
    <UnitTest name="Stop_InitializeThrowsException_ProcessorSurvives" storage="d:\actions-runner\_work\xpco\xpco\allsolutions\..\mip\platformplugin\videoos.platform\unittest\bin\debug\net6.0-windows\videoos.platform.tests.dll" id="0a3a807f-9f6a-c6f8-8c9e-dc79768e8cd7">
      <Execution id="eaa0de9c-e12c-45ac-b093-9f099aea3b0c" />
      <TestMethod codeBase="D:\actions-runner\_work\XPCO\XPCO\AllSolutions\..\MIP\PlatformPlugin\VideoOS.Platform\unittest\bin\Debug\net6.0-windows\VideoOS.Platform.Tests.dll" adapterTypeName="executor://mstestadapter/v2" className="VideoOS.Platform.Tests.Util.Queue.ResourceProcessorTests" name="Stop_InitializeThrowsException_ProcessorSurvives" />
    </UnitTest>
    <UnitTest name="Deserialize_Camera_FieldValues_checked" storage="d:\actions-runner\_work\xpco\xpco\allsolutions\..\mip\platformplugin\videoos.platform\unittest\bin\debug\net6.0-windows\videoos.platform.tests.dll" id="3c6ad7f5-47ac-d2a1-3c86-5077b25134ea">
      <Execution id="07c4d4c9-d6c0-4bed-a8bc-ca6a673652ff" />
      <TestMethod codeBase="D:\actions-runner\_work\XPCO\XPCO\AllSolutions\..\MIP\PlatformPlugin\VideoOS.Platform\unittest\bin\Debug\net6.0-windows\VideoOS.Platform.Tests.dll" adapterTypeName="executor://mstestadapter/v2" className="VideoOS.Platform.Tests.FQIDtests" name="Deserialize_Camera_FieldValues_checked" />
    </UnitTest>
    <UnitTest name="Append_Element_KeyWithDotString" storage="d:\actions-runner\_work\xpco\xpco\allsolutions\..\mip\platformplugin\videoos.platform\unittest\bin\debug\net6.0-windows\videoos.platform.tests.dll" id="503e5a86-709d-4f75-061c-3b116d3ee8e7">
      <Execution id="ca55c3c0-f726-487f-9e42-4fde51fb931c" />
      <TestMethod codeBase="D:\actions-runner\_work\XPCO\XPCO\AllSolutions\..\MIP\PlatformPlugin\VideoOS.Platform\unittest\bin\Debug\net6.0-windows\VideoOS.Platform.Tests.dll" adapterTypeName="executor://mstestadapter/v2" className="VideoOS.Platform.Tests.Proxy.RestApi.JsonBuilderTests" name="Append_Element_KeyWithDotString" />
    </UnitTest>
    <UnitTest name="Serialize_ToXmlWriter" storage="d:\actions-runner\_work\xpco\xpco\allsolutions\..\mip\platformplugin\videoos.platform\unittest\bin\debug\net6.0-windows\videoos.platform.tests.dll" id="c2275de9-9fb7-2d15-4e82-ae68930b46f3">
      <Execution id="697a792c-2afa-4a89-b49b-b967bd4212fd" />
      <TestMethod codeBase="D:\actions-runner\_work\XPCO\XPCO\AllSolutions\..\MIP\PlatformPlugin\VideoOS.Platform\unittest\bin\Debug\net6.0-windows\VideoOS.Platform.Tests.dll" adapterTypeName="executor://mstestadapter/v2" className="VideoOS.Platform.Tests.ItemTests" name="Serialize_ToXmlWriter" />
    </UnitTest>
    <UnitTest name="ReadXml_ShouldReadLikeliHood_WhenCorrectLikelihoodIsPresent" storage="d:\actions-runner\_work\xpco\xpco\allsolutions\..\mip\platformplugin\videoos.platform\unittest\bin\debug\net6.0-windows\videoos.platform.tests.dll" id="e752bd23-b6f4-f8a1-41d2-4686827d5d3c">
      <Execution id="cb2fde78-127f-438f-9fcc-4cba3da77163" />
      <TestMethod codeBase="D:\actions-runner\_work\XPCO\XPCO\AllSolutions\..\MIP\PlatformPlugin\VideoOS.Platform\unittest\bin\Debug\net6.0-windows\VideoOS.Platform.Tests.dll" adapterTypeName="executor://mstestadapter/v2" className="VideoOS.Platform.Tests.Metadata.ClassCandidateTests" name="ReadXml_ShouldReadLikeliHood_WhenCorrectLikelihoodIsPresent" />
    </UnitTest>
    <UnitTest name="UnloadedEvent_ShouldRemoveProxyManager_WhenRaisedOnFrameworkContentElement" storage="d:\actions-runner\_work\xpco\xpco\allsolutions\..\mip\platformplugin\videoos.platform\unittest\bin\debug\net6.0-windows\videoos.platform.tests.dll" id="0f05d604-6e61-b82e-404f-e9831974b180">
      <TestCategory>
        <TestCategoryItem TestCategory="EventsToCommandMappings" />
      </TestCategory>
      <Execution id="e26daa1a-f18b-422f-8a31-5d2f8cc1fca6" />
      <TestMethod codeBase="D:\actions-runner\_work\XPCO\XPCO\AllSolutions\..\MIP\PlatformPlugin\VideoOS.Platform\unittest\bin\Debug\net6.0-windows\VideoOS.Platform.Tests.dll" adapterTypeName="executor://mstestadapter/v2" className="VideoOS.Platform.Tests.UI.Commands.EventsToCommandMappingTest" name="UnloadedEvent_ShouldRemoveProxyManager_WhenRaisedOnFrameworkContentElement" />
    </UnitTest>
    <UnitTest name="GenerateParameters_ShouldWriteGopRange_WhenGopRangeIsNotNull" storage="d:\actions-runner\_work\xpco\xpco\allsolutions\..\mip\platformplugin\videoos.platform\unittest\bin\debug\net6.0-windows\videoos.platform.tests.dll" id="b2538acc-438d-df18-2761-19b1ee3522d9">
      <Execution id="97b7dd2c-db22-4dc8-bc49-170e91f62f47" />
      <TestMethod codeBase="D:\actions-runner\_work\XPCO\XPCO\AllSolutions\..\MIP\PlatformPlugin\VideoOS.Platform\unittest\bin\Debug\net6.0-windows\VideoOS.Platform.Tests.dll" adapterTypeName="executor://mstestadapter/v2" className="VideoOS.Platform.Tests.Data.CameraDeviceDefinitionTests" name="GenerateParameters_ShouldWriteGopRange_WhenGopRangeIsNotNull" />
    </UnitTest>
    <UnitTest name="WriteMetadataXmlWithStrings_ShouldWriteDocumentHeading_WhenDataIsPresent" storage="d:\actions-runner\_work\xpco\xpco\allsolutions\..\mip\platformplugin\videoos.platform\unittest\bin\debug\net6.0-windows\videoos.platform.tests.dll" id="e5961fd2-e26a-dc01-53b6-9e6df31d3e56">
      <Execution id="7c10aefb-b94d-4c31-b240-637b66e794bc" />
      <TestMethod codeBase="D:\actions-runner\_work\XPCO\XPCO\AllSolutions\..\MIP\PlatformPlugin\VideoOS.Platform\unittest\bin\Debug\net6.0-windows\VideoOS.Platform.Tests.dll" adapterTypeName="executor://mstestadapter/v2" className="VideoOS.Platform.Tests.Metadata.MetadataSerializerTests" name="WriteMetadataXmlWithStrings_ShouldWriteDocumentHeading_WhenDataIsPresent" />
    </UnitTest>
    <UnitTest name="JsonObjectFromFileTest" storage="d:\actions-runner\_work\xpco\xpco\allsolutions\..\mip\platformplugin\videoos.platform\unittest\bin\debug\net6.0-windows\videoos.platform.tests.dll" id="b0739811-0769-0d6d-10df-bbc2b4389739">
      <Execution id="fb2a0f4d-ec56-4183-974f-3ee21bd8a8c6" />
      <TestMethod codeBase="D:\actions-runner\_work\XPCO\XPCO\AllSolutions\..\MIP\PlatformPlugin\VideoOS.Platform\unittest\bin\Debug\net6.0-windows\VideoOS.Platform.Tests.dll" adapterTypeName="executor://mstestadapter/v2" className="VideoOS.Platform.Tests.Proxy.RestApi.JsonObjectTests" name="JsonObjectFromFileTest" />
    </UnitTest>
    <UnitTest name="Constructor_ShouldThrowArgumentException_WhenTheStartAndEndTimeKindsAreDifferent" storage="d:\actions-runner\_work\xpco\xpco\allsolutions\..\mip\platformplugin\videoos.platform\unittest\bin\debug\net6.0-windows\videoos.platform.tests.dll" id="6ec6fd22-7feb-d279-20aa-2b6bde4591a6">
      <Execution id="b0e1b18b-8147-42c9-90f5-1b39774d931c" />
      <TestMethod codeBase="D:\actions-runner\_work\XPCO\XPCO\AllSolutions\..\MIP\PlatformPlugin\VideoOS.Platform\unittest\bin\Debug\net6.0-windows\VideoOS.Platform.Tests.dll" adapterTypeName="executor://mstestadapter/v2" className="VideoOS.Platform.Tests.Util.TimeIntervalTests" name="Constructor_ShouldThrowArgumentException_WhenTheStartAndEndTimeKindsAreDifferent" />
    </UnitTest>
    <UnitTest name="IsValid_ShouldReturnFalse_WhenTypeIsWhitespace" storage="d:\actions-runner\_work\xpco\xpco\allsolutions\..\mip\platformplugin\videoos.platform\unittest\bin\debug\net6.0-windows\videoos.platform.tests.dll" id="b79783b6-52a2-ffc5-2a1d-6b3307f25451">
      <Execution id="06bfb8a0-21e0-4e51-ad65-6f10b0f52d9c" />
      <TestMethod codeBase="D:\actions-runner\_work\XPCO\XPCO\AllSolutions\..\MIP\PlatformPlugin\VideoOS.Platform\unittest\bin\Debug\net6.0-windows\VideoOS.Platform.Tests.dll" adapterTypeName="executor://mstestadapter/v2" className="VideoOS.Platform.Tests.Metadata.ClassCandidateTests" name="IsValid_ShouldReturnFalse_WhenTypeIsWhitespace" />
    </UnitTest>
    <UnitTest name="ReadXml_ShouldReadCenterOfGravity_WhenCenterOfGravityIsPresent" storage="d:\actions-runner\_work\xpco\xpco\allsolutions\..\mip\platformplugin\videoos.platform\unittest\bin\debug\net6.0-windows\videoos.platform.tests.dll" id="00715417-bfa4-4e4b-edec-0ca28f2d4417">
      <Execution id="685303b3-a7b1-474a-8445-07adb45db2ba" />
      <TestMethod codeBase="D:\actions-runner\_work\XPCO\XPCO\AllSolutions\..\MIP\PlatformPlugin\VideoOS.Platform\unittest\bin\Debug\net6.0-windows\VideoOS.Platform.Tests.dll" adapterTypeName="executor://mstestadapter/v2" className="VideoOS.Platform.Tests.Metadata.ShapeTests" name="ReadXml_ShouldReadCenterOfGravity_WhenCenterOfGravityIsPresent" />
    </UnitTest>
    <UnitTest name="Serialize_TestCases (TestParentTypeMatchInterfaceThisTypeNotMatched)" storage="d:\actions-runner\_work\xpco\xpco\allsolutions\..\mip\platformplugin\videoos.platform\unittest\bin\debug\net6.0-windows\videoos.platform.tests.dll" id="bbda7a11-e3ea-a6b5-3718-87f84d327031">
      <Execution id="b22c0511-94b4-41ee-89b6-e14b9494c3db" />
      <TestMethod codeBase="D:\actions-runner\_work\XPCO\XPCO\AllSolutions\..\MIP\PlatformPlugin\VideoOS.Platform\unittest\bin\Debug\net6.0-windows\VideoOS.Platform.Tests.dll" adapterTypeName="executor://mstestadapter/v2" className="VideoOS.Platform.Tests.UI.Controls.Automation.Serialization.AutomationObjectSerializerTest" name="Serialize_TestCases" />
    </UnitTest>
    <UnitTest name="ReadXml_ShouldIgnoreLikelihood_WhenLikelihoodIsNotANumber" storage="d:\actions-runner\_work\xpco\xpco\allsolutions\..\mip\platformplugin\videoos.platform\unittest\bin\debug\net6.0-windows\videoos.platform.tests.dll" id="1eb53537-afef-d5dd-debc-6b9152b2f955">
      <Execution id="4adcc806-af56-48fe-b34c-42fecbe5567a" />
      <TestMethod codeBase="D:\actions-runner\_work\XPCO\XPCO\AllSolutions\..\MIP\PlatformPlugin\VideoOS.Platform\unittest\bin\Debug\net6.0-windows\VideoOS.Platform.Tests.dll" adapterTypeName="executor://mstestadapter/v2" className="VideoOS.Platform.Tests.Metadata.ClassCandidateTests" name="ReadXml_ShouldIgnoreLikelihood_WhenLikelihoodIsNotANumber" />
    </UnitTest>
    <UnitTest name="ReadXml_ShouldIgnoreLikelihood_WheLikelihoodIsPresenWithWrongNamespace" storage="d:\actions-runner\_work\xpco\xpco\allsolutions\..\mip\platformplugin\videoos.platform\unittest\bin\debug\net6.0-windows\videoos.platform.tests.dll" id="4f197c17-4790-58f8-b53d-dcb8083dcd6a">
      <Execution id="8a17f36f-3db7-435a-8a25-5dd7c2f9c852" />
      <TestMethod codeBase="D:\actions-runner\_work\XPCO\XPCO\AllSolutions\..\MIP\PlatformPlugin\VideoOS.Platform\unittest\bin\Debug\net6.0-windows\VideoOS.Platform.Tests.dll" adapterTypeName="executor://mstestadapter/v2" className="VideoOS.Platform.Tests.Metadata.ClassCandidateTests" name="ReadXml_ShouldIgnoreLikelihood_WheLikelihoodIsPresenWithWrongNamespace" />
    </UnitTest>
    <UnitTest name="Equals_Fail1" storage="d:\actions-runner\_work\xpco\xpco\allsolutions\..\mip\platformplugin\videoos.platform\unittest\bin\debug\net6.0-windows\videoos.platform.tests.dll" id="2308f95d-e716-8457-e2f9-557865d40f5f">
      <Execution id="08f1d1ec-3f2b-40c9-99ff-aaab618bff33" />
      <TestMethod codeBase="D:\actions-runner\_work\XPCO\XPCO\AllSolutions\..\MIP\PlatformPlugin\VideoOS.Platform\unittest\bin\Debug\net6.0-windows\VideoOS.Platform.Tests.dll" adapterTypeName="executor://mstestadapter/v2" className="VideoOS.Platform.Tests.Messaging.CommunicationIdFilterTests" name="Equals_Fail1" />
    </UnitTest>
    <UnitTest name="Equals_ShouldBeDifferent" storage="d:\actions-runner\_work\xpco\xpco\allsolutions\..\mip\platformplugin\videoos.platform\unittest\bin\debug\net6.0-windows\videoos.platform.tests.dll" id="dbac47b9-416a-24f2-90d7-b5b09b9dc93c">
      <Execution id="969390cf-a3fc-4dfe-94f2-e1810414773f" />
      <TestMethod codeBase="D:\actions-runner\_work\XPCO\XPCO\AllSolutions\..\MIP\PlatformPlugin\VideoOS.Platform\unittest\bin\Debug\net6.0-windows\VideoOS.Platform.Tests.dll" adapterTypeName="executor://mstestadapter/v2" className="VideoOS.Platform.Tests.FQIDtests" name="Equals_ShouldBeDifferent" />
    </UnitTest>
    <UnitTest name="Serialize_TestCases (TestParentCollectionNotEmptyArrayPropertyProperty)" storage="d:\actions-runner\_work\xpco\xpco\allsolutions\..\mip\platformplugin\videoos.platform\unittest\bin\debug\net6.0-windows\videoos.platform.tests.dll" id="a0d63d6f-5ec2-61b7-886c-e03436ed1131">
      <Execution id="72841432-f10f-4a16-81e9-bedbfbcf7ae2" />
      <TestMethod codeBase="D:\actions-runner\_work\XPCO\XPCO\AllSolutions\..\MIP\PlatformPlugin\VideoOS.Platform\unittest\bin\Debug\net6.0-windows\VideoOS.Platform.Tests.dll" adapterTypeName="executor://mstestadapter/v2" className="VideoOS.Platform.Tests.UI.Controls.Automation.Serialization.AutomationObjectSerializerTest" name="Serialize_TestCases" />
    </UnitTest>
    <UnitTest name="Serialize_TestCases (Verify root Collection (empty) property get property value)" storage="d:\actions-runner\_work\xpco\xpco\allsolutions\..\mip\platformplugin\videoos.platform\unittest\bin\debug\net6.0-windows\videoos.platform.tests.dll" id="3db6f0d8-c771-c240-10ba-4a04ab54fde2">
      <Execution id="3a0bfc16-4263-44ce-829b-c0effa4df65d" />
      <TestMethod codeBase="D:\actions-runner\_work\XPCO\XPCO\AllSolutions\..\MIP\PlatformPlugin\VideoOS.Platform\unittest\bin\Debug\net6.0-windows\VideoOS.Platform.Tests.dll" adapterTypeName="executor://mstestadapter/v2" className="VideoOS.Platform.Tests.UI.Controls.Automation.Serialization.AutomationObjectSerializerTest" name="Serialize_TestCases" />
    </UnitTest>
    <UnitTest name="PropertiesShouldReturnConstructorParameter" storage="d:\actions-runner\_work\xpco\xpco\allsolutions\..\mip\platformplugin\videoos.platform\unittest\bin\debug\net6.0-windows\videoos.platform.tests.dll" id="3d5f10ab-1224-9509-ef72-ffed425cc301">
      <Execution id="94c9fd37-5a1f-4580-9c54-f40cb749d254" />
      <TestMethod codeBase="D:\actions-runner\_work\XPCO\XPCO\AllSolutions\..\MIP\PlatformPlugin\VideoOS.Platform\unittest\bin\Debug\net6.0-windows\VideoOS.Platform.Tests.dll" adapterTypeName="executor://mstestadapter/v2" className="VideoOS.Platform.Tests.Live.MetadataLiveContentTests" name="PropertiesShouldReturnConstructorParameter" />
    </UnitTest>
    <UnitTest name="GetExpectedToken_ShouldReturnMD5_WhenInputTokenHashTypeIsMD5" storage="d:\actions-runner\_work\xpco\xpco\allsolutions\..\mip\platformplugin\videoos.platform\unittest\bin\debug\net6.0-windows\videoos.platform.tests.dll" id="8e460e03-2bfd-8239-d4ce-aaba6f07f2d0">
      <Execution id="9d6a76f6-9873-4f75-b87a-eeec66890626" />
      <TestMethod codeBase="D:\actions-runner\_work\XPCO\XPCO\AllSolutions\..\MIP\PlatformPlugin\VideoOS.Platform\unittest\bin\Debug\net6.0-windows\VideoOS.Platform.Tests.dll" adapterTypeName="executor://mstestadapter/v2" className="VideoOS.Platform.Tests.Data.MediaProviderInternal.UtilityTests" name="GetExpectedToken_ShouldReturnMD5_WhenInputTokenHashTypeIsMD5" />
    </UnitTest>
    <UnitTest name="Get_KeyPresent_ReturnsExpectedValue" storage="d:\actions-runner\_work\xpco\xpco\allsolutions\..\mip\platformplugin\videoos.platform\unittest\bin\debug\net6.0-windows\videoos.platform.tests.dll" id="6782d7fb-c6f1-9d5e-e21b-8e8665ae821d">
      <Execution id="7092c9e3-e1fe-4ed7-ac33-ebe1af969239" />
      <TestMethod codeBase="D:\actions-runner\_work\XPCO\XPCO\AllSolutions\..\MIP\PlatformPlugin\VideoOS.Platform\unittest\bin\Debug\net6.0-windows\VideoOS.Platform.Tests.dll" adapterTypeName="executor://mstestadapter/v2" className="VideoOS.Platform.Tests.Util.Queue.LRUCacheTests" name="Get_KeyPresent_ReturnsExpectedValue" />
    </UnitTest>
    <UnitTest name="Equals_Ignore_Fail_OnKind" storage="d:\actions-runner\_work\xpco\xpco\allsolutions\..\mip\platformplugin\videoos.platform\unittest\bin\debug\net6.0-windows\videoos.platform.tests.dll" id="107e0daf-d21c-596c-9a4b-7e99c0ba5816">
      <Execution id="6d7efa63-8560-41a7-9b3d-02f5137c9096" />
      <TestMethod codeBase="D:\actions-runner\_work\XPCO\XPCO\AllSolutions\..\MIP\PlatformPlugin\VideoOS.Platform\unittest\bin\Debug\net6.0-windows\VideoOS.Platform.Tests.dll" adapterTypeName="executor://mstestadapter/v2" className="VideoOS.Platform.Tests.FQIDtests" name="Equals_Ignore_Fail_OnKind" />
    </UnitTest>
    <UnitTest name="Serialize_TestCases (TestParentTypeMatchIntThisTypeMatched)" storage="d:\actions-runner\_work\xpco\xpco\allsolutions\..\mip\platformplugin\videoos.platform\unittest\bin\debug\net6.0-windows\videoos.platform.tests.dll" id="1740de10-354e-b6a5-4be9-5a10b5a730b3">
      <Execution id="bf767f4c-0ef9-4c19-931a-79515d721601" />
      <TestMethod codeBase="D:\actions-runner\_work\XPCO\XPCO\AllSolutions\..\MIP\PlatformPlugin\VideoOS.Platform\unittest\bin\Debug\net6.0-windows\VideoOS.Platform.Tests.dll" adapterTypeName="executor://mstestadapter/v2" className="VideoOS.Platform.Tests.UI.Controls.Automation.Serialization.AutomationObjectSerializerTest" name="Serialize_TestCases" />
    </UnitTest>
    <UnitTest name="WriteMetadataXmlWithStream_ShouldWriteDocumentHeading_WhenDataIsPresent" storage="d:\actions-runner\_work\xpco\xpco\allsolutions\..\mip\platformplugin\videoos.platform\unittest\bin\debug\net6.0-windows\videoos.platform.tests.dll" id="78982d6b-5a61-907d-6e51-74d4614c2331">
      <Execution id="d1ef0cab-b7d0-45ea-846b-8926b538ce0d" />
      <TestMethod codeBase="D:\actions-runner\_work\XPCO\XPCO\AllSolutions\..\MIP\PlatformPlugin\VideoOS.Platform\unittest\bin\Debug\net6.0-windows\VideoOS.Platform.Tests.dll" adapterTypeName="executor://mstestadapter/v2" className="VideoOS.Platform.Tests.Metadata.MetadataSerializerTests" name="WriteMetadataXmlWithStream_ShouldWriteDocumentHeading_WhenDataIsPresent" />
    </UnitTest>
    <UnitTest name="CountByCounter_NotActivated_Trial" storage="d:\actions-runner\_work\xpco\xpco\allsolutions\..\mip\platformplugin\videoos.platform\unittest\bin\debug\net6.0-windows\videoos.platform.tests.dll" id="14b61d2f-5443-8ef0-349e-b30883ba9c22">
      <Execution id="0e9aa858-9435-4a9c-ac1b-7600c8424e2b" />
      <TestMethod codeBase="D:\actions-runner\_work\XPCO\XPCO\AllSolutions\..\MIP\PlatformPlugin\VideoOS.Platform\unittest\bin\Debug\net6.0-windows\VideoOS.Platform.Tests.dll" adapterTypeName="executor://mstestadapter/v2" className="VideoOS.Platform.Tests.License.ResolvedLicenseCountTest" name="CountByCounter_NotActivated_Trial" />
    </UnitTest>
    <UnitTest name="GetChildItems_ShouldReturnItems_WhenAllAreAdded" storage="d:\actions-runner\_work\xpco\xpco\allsolutions\..\mip\platformplugin\videoos.platform\unittest\bin\debug\net6.0-windows\videoos.platform.tests.dll" id="0604c1ff-5540-6793-d2f8-19a426df7742">
      <Execution id="f998d9c0-c72d-4db8-ac76-f9f739c92787" />
      <TestMethod codeBase="D:\actions-runner\_work\XPCO\XPCO\AllSolutions\..\MIP\PlatformPlugin\VideoOS.Platform\unittest\bin\Debug\net6.0-windows\VideoOS.Platform.Tests.dll" adapterTypeName="executor://mstestadapter/v2" className="VideoOS.Platform.Tests.Util.ConfigurationCacheTests" name="GetChildItems_ShouldReturnItems_WhenAllAreAdded" />
    </UnitTest>
    <UnitTest name="GenerateDeviceCapabilityParameters_ShouldWriteValueCount_WhenAlways" storage="d:\actions-runner\_work\xpco\xpco\allsolutions\..\mip\platformplugin\videoos.platform\unittest\bin\debug\net6.0-windows\videoos.platform.tests.dll" id="6633116a-6784-0109-c694-61b2317583e7">
      <Execution id="66887834-3d80-403c-90ec-27fa3413a6bd" />
      <TestMethod codeBase="D:\actions-runner\_work\XPCO\XPCO\AllSolutions\..\MIP\PlatformPlugin\VideoOS.Platform\unittest\bin\Debug\net6.0-windows\VideoOS.Platform.Tests.dll" adapterTypeName="executor://mstestadapter/v2" className="VideoOS.Platform.Tests.Data.EnumCapabilityTests" name="GenerateDeviceCapabilityParameters_ShouldWriteValueCount_WhenAlways" />
    </UnitTest>
    <UnitTest name="Parse_Int_Simple" storage="d:\actions-runner\_work\xpco\xpco\allsolutions\..\mip\platformplugin\videoos.platform\unittest\bin\debug\net6.0-windows\videoos.platform.tests.dll" id="07fa49d4-c8b1-adf8-33e0-cc2b0fe4e432">
      <Execution id="21a027fe-1e84-4c46-b7ce-8dbe9483f438" />
      <TestMethod codeBase="D:\actions-runner\_work\XPCO\XPCO\AllSolutions\..\MIP\PlatformPlugin\VideoOS.Platform\unittest\bin\Debug\net6.0-windows\VideoOS.Platform.Tests.dll" adapterTypeName="executor://mstestadapter/v2" className="VideoOS.Platform.Tests.Proxy.RestApi.JsonReaderTests" name="Parse_Int_Simple" />
    </UnitTest>
    <UnitTest name="ToArgb_ShouldReturnIntegerWithArgbValues_Always" storage="d:\actions-runner\_work\xpco\xpco\allsolutions\..\mip\platformplugin\videoos.platform\unittest\bin\debug\net6.0-windows\videoos.platform.tests.dll" id="6d92f3d7-a73a-0631-d650-f99bb5acd16d">
      <Execution id="9e4dfff6-0558-4456-b4fe-35bb57adebb2" />
      <TestMethod codeBase="D:\actions-runner\_work\XPCO\XPCO\AllSolutions\..\MIP\PlatformPlugin\VideoOS.Platform\unittest\bin\Debug\net6.0-windows\VideoOS.Platform.Tests.dll" adapterTypeName="executor://mstestadapter/v2" className="VideoOS.Platform.Tests.Metadata.DisplayColorTests" name="ToArgb_ShouldReturnIntegerWithArgbValues_Always" />
    </UnitTest>
    <UnitTest name="GetPreviousSequence_ShouldStoreToolkitResultInCache_WhenAlways" storage="d:\actions-runner\_work\xpco\xpco\allsolutions\..\mip\platformplugin\videoos.platform\unittest\bin\debug\net6.0-windows\videoos.platform.tests.dll" id="af830802-23e2-0c4d-f3f5-18aa300eb661">
      <Execution id="e0a37243-0335-42d2-82c7-98cf91eb09cb" />
      <TestMethod codeBase="D:\actions-runner\_work\XPCO\XPCO\AllSolutions\..\MIP\PlatformPlugin\VideoOS.Platform\unittest\bin\Debug\net6.0-windows\VideoOS.Platform.Tests.dll" adapterTypeName="executor://mstestadapter/v2" className="VideoOS.Platform.Tests.Data.MetadataPlaybackSourceTests" name="GetPreviousSequence_ShouldStoreToolkitResultInCache_WhenAlways" />
    </UnitTest>
    <UnitTest name="WriteXml_ShouldWriteAppearanceContents_WhenAppearanceIsNotNull" storage="d:\actions-runner\_work\xpco\xpco\allsolutions\..\mip\platformplugin\videoos.platform\unittest\bin\debug\net6.0-windows\videoos.platform.tests.dll" id="844dbd09-3e1b-ba6e-1295-725984dabbdb">
      <Execution id="0cb65ee5-37a2-44a1-b3fb-d018c9ba0f02" />
      <TestMethod codeBase="D:\actions-runner\_work\XPCO\XPCO\AllSolutions\..\MIP\PlatformPlugin\VideoOS.Platform\unittest\bin\Debug\net6.0-windows\VideoOS.Platform.Tests.dll" adapterTypeName="executor://mstestadapter/v2" className="VideoOS.Platform.Tests.Metadata.OnvifObjectTests" name="WriteXml_ShouldWriteAppearanceContents_WhenAppearanceIsNotNull" />
    </UnitTest>
    <UnitTest name="AddFilterValue_ExistingValue_NullValue_Throws" storage="d:\actions-runner\_work\xpco\xpco\allsolutions\..\mip\platformplugin\videoos.platform\unittest\bin\debug\net6.0-windows\videoos.platform.tests.dll" id="12501656-668f-6d63-7f1a-8f8eefa16abe">
      <TestCategory>
        <TestCategoryItem TestCategory="Search" />
      </TestCategory>
      <Execution id="37283d86-dbb5-409c-ba0d-3531a8b925a5" />
      <TestMethod codeBase="D:\actions-runner\_work\XPCO\XPCO\AllSolutions\..\MIP\PlatformPlugin\VideoOS.Platform\unittest\bin\Debug\net6.0-windows\VideoOS.Platform.Tests.dll" adapterTypeName="executor://mstestadapter/v2" className="VideoOS.Platform.Tests.Search.SearchCriteriaTest" name="AddFilterValue_ExistingValue_NullValue_Throws" />
    </UnitTest>
    <UnitTest name="ProvideValue_ShouldNotSetTargetProperty_WhenMultipleItemsSelected" storage="d:\actions-runner\_work\xpco\xpco\allsolutions\..\mip\platformplugin\videoos.platform\unittest\bin\debug\net6.0-windows\videoos.platform.tests.dll" id="36329e9d-989b-9474-5a40-51eec07faa7c">
      <TestCategory>
        <TestCategoryItem TestCategory="DropDowns" />
      </TestCategory>
      <Execution id="d065ad86-e53c-4583-b352-08354a907318" />
      <TestMethod codeBase="D:\actions-runner\_work\XPCO\XPCO\AllSolutions\..\MIP\PlatformPlugin\VideoOS.Platform\unittest\bin\Debug\net6.0-windows\VideoOS.Platform.Tests.dll" adapterTypeName="executor://mstestadapter/v2" className="VideoOS.Platform.Tests.UI.Controls.DropDowns.Internal.SelectedItemIconSourceExtensionTest" name="ProvideValue_ShouldNotSetTargetProperty_WhenMultipleItemsSelected" />
    </UnitTest>
    <UnitTest name="GenerateEnumValueParameters_ShouldWriteName_WhenAlways" storage="d:\actions-runner\_work\xpco\xpco\allsolutions\..\mip\platformplugin\videoos.platform\unittest\bin\debug\net6.0-windows\videoos.platform.tests.dll" id="11006eff-dccd-aa32-9666-4dd55bbdd6ef">
      <Execution id="e1cd2b2a-ca55-48d1-b509-d21f5b01665a" />
      <TestMethod codeBase="D:\actions-runner\_work\XPCO\XPCO\AllSolutions\..\MIP\PlatformPlugin\VideoOS.Platform\unittest\bin\Debug\net6.0-windows\VideoOS.Platform.Tests.dll" adapterTypeName="executor://mstestadapter/v2" className="VideoOS.Platform.Tests.Data.EnumCapabilityValueTests" name="GenerateEnumValueParameters_ShouldWriteName_WhenAlways" />
    </UnitTest>
    <UnitTest name="ReadXml_ShouldReadBehaviour_WhenBehaviourIsPresent" storage="d:\actions-runner\_work\xpco\xpco\allsolutions\..\mip\platformplugin\videoos.platform\unittest\bin\debug\net6.0-windows\videoos.platform.tests.dll" id="5be5e628-43fb-71a1-e880-34735fe5e2ed">
      <Execution id="f4a9fd71-ca08-4f08-8d17-725493c1a138" />
      <TestMethod codeBase="D:\actions-runner\_work\XPCO\XPCO\AllSolutions\..\MIP\PlatformPlugin\VideoOS.Platform\unittest\bin\Debug\net6.0-windows\VideoOS.Platform.Tests.dll" adapterTypeName="executor://mstestadapter/v2" className="VideoOS.Platform.Tests.Metadata.OnvifObjectTests" name="ReadXml_ShouldReadBehaviour_WhenBehaviourIsPresent" />
    </UnitTest>
    <UnitTest name="Serialize_TestCases (TestParentTypeMatchStringThisTypeMatched)" storage="d:\actions-runner\_work\xpco\xpco\allsolutions\..\mip\platformplugin\videoos.platform\unittest\bin\debug\net6.0-windows\videoos.platform.tests.dll" id="e350673f-85c2-2b80-5566-6b75cc1a2d4b">
      <Execution id="4ab06674-5e13-4d70-9fd7-48c1a6b5cbfd" />
      <TestMethod codeBase="D:\actions-runner\_work\XPCO\XPCO\AllSolutions\..\MIP\PlatformPlugin\VideoOS.Platform\unittest\bin\Debug\net6.0-windows\VideoOS.Platform.Tests.dll" adapterTypeName="executor://mstestadapter/v2" className="VideoOS.Platform.Tests.UI.Controls.Automation.Serialization.AutomationObjectSerializerTest" name="Serialize_TestCases" />
    </UnitTest>
    <UnitTest name="CollectionReplaced_ShouldInvokeCallback_WhenObservable" storage="d:\actions-runner\_work\xpco\xpco\allsolutions\..\mip\platformplugin\videoos.platform\unittest\bin\debug\net6.0-windows\videoos.platform.tests.dll" id="139930e6-1293-1333-f3aa-a935221ee7d5">
      <Execution id="231346b8-f711-4447-b2c3-eafbe5329161" />
      <TestMethod codeBase="D:\actions-runner\_work\XPCO\XPCO\AllSolutions\..\MIP\PlatformPlugin\VideoOS.Platform\unittest\bin\Debug\net6.0-windows\VideoOS.Platform.Tests.dll" adapterTypeName="executor://mstestadapter/v2" className="VideoOS.Platform.Tests.UI.Controls.CollectionHelperGenericTest" name="CollectionReplaced_ShouldInvokeCallback_WhenObservable" />
    </UnitTest>
    <UnitTest name="Serialize_TestCases (TestParentTypeMatchObjectNotThisTypeMatched)" storage="d:\actions-runner\_work\xpco\xpco\allsolutions\..\mip\platformplugin\videoos.platform\unittest\bin\debug\net6.0-windows\videoos.platform.tests.dll" id="e4e5e009-82b4-9816-23f6-1a07109fff0d">
      <Execution id="29ae25aa-30cd-4818-963a-e404f3ec941a" />
      <TestMethod codeBase="D:\actions-runner\_work\XPCO\XPCO\AllSolutions\..\MIP\PlatformPlugin\VideoOS.Platform\unittest\bin\Debug\net6.0-windows\VideoOS.Platform.Tests.dll" adapterTypeName="executor://mstestadapter/v2" className="VideoOS.Platform.Tests.UI.Controls.Automation.Serialization.AutomationObjectSerializerTest" name="Serialize_TestCases" />
    </UnitTest>
    <UnitTest name="AddFilterValue_NonExistingValue_SecondValue_Success" storage="d:\actions-runner\_work\xpco\xpco\allsolutions\..\mip\platformplugin\videoos.platform\unittest\bin\debug\net6.0-windows\videoos.platform.tests.dll" id="804c2963-7737-e632-84f9-347e567fabca">
      <TestCategory>
        <TestCategoryItem TestCategory="Search" />
      </TestCategory>
      <Execution id="16d9c2d4-54dd-41d5-810a-440773271102" />
      <TestMethod codeBase="D:\actions-runner\_work\XPCO\XPCO\AllSolutions\..\MIP\PlatformPlugin\VideoOS.Platform\unittest\bin\Debug\net6.0-windows\VideoOS.Platform.Tests.dll" adapterTypeName="executor://mstestadapter/v2" className="VideoOS.Platform.Tests.Search.SearchCriteriaTest" name="AddFilterValue_NonExistingValue_SecondValue_Success" />
    </UnitTest>
    <UnitTest name="TestStartSearch_MultipleSearchesOnSameDefinition_WhereLastSearchThrowsException_Success" storage="d:\actions-runner\_work\xpco\xpco\allsolutions\..\mip\platformplugin\videoos.platform\unittest\bin\debug\net6.0-windows\videoos.platform.tests.dll" id="4f7d823c-5866-aa3b-4a40-ca5bc159ad3e">
      <TestCategory>
        <TestCategoryItem TestCategory="Search" />
      </TestCategory>
      <Execution id="4dd62b0e-e3e3-4177-91b6-93c1061ba019" />
      <TestMethod codeBase="D:\actions-runner\_work\XPCO\XPCO\AllSolutions\..\MIP\PlatformPlugin\VideoOS.Platform\unittest\bin\Debug\net6.0-windows\VideoOS.Platform.Tests.dll" adapterTypeName="executor://mstestadapter/v2" className="VideoOS.Platform.Tests.Search.SearchManagerTest" name="TestStartSearch_MultipleSearchesOnSameDefinition_WhereLastSearchThrowsException_Success" />
    </UnitTest>
    <UnitTest name="GetColorFilterValues_SingleSelection_Success" storage="d:\actions-runner\_work\xpco\xpco\allsolutions\..\mip\platformplugin\videoos.platform\unittest\bin\debug\net6.0-windows\videoos.platform.tests.dll" id="15a5142a-4ca9-8496-a1cc-4a1caca4c970">
      <TestCategory>
        <TestCategoryItem TestCategory="Search" />
      </TestCategory>
      <Execution id="27908c10-d633-4dbc-bd30-dd7adbaef1e6" />
      <TestMethod codeBase="D:\actions-runner\_work\XPCO\XPCO\AllSolutions\..\MIP\PlatformPlugin\VideoOS.Platform\unittest\bin\Debug\net6.0-windows\VideoOS.Platform.Tests.dll" adapterTypeName="executor://mstestadapter/v2" className="VideoOS.Platform.Tests.Search.FilterCategories.VehicleSearchFilterCategoryTest" name="GetColorFilterValues_SingleSelection_Success" />
    </UnitTest>
    <UnitTest name="TestConstructor_ExceptionParameters_Success" storage="d:\actions-runner\_work\xpco\xpco\allsolutions\..\mip\platformplugin\videoos.platform\unittest\bin\debug\net6.0-windows\videoos.platform.tests.dll" id="31051539-7cfa-1db5-4cea-df2287622770">
      <Execution id="ec899257-8f36-4fe8-a2e8-5369138e6911" />
      <TestMethod codeBase="D:\actions-runner\_work\XPCO\XPCO\AllSolutions\..\MIP\PlatformPlugin\VideoOS.Platform\unittest\bin\Debug\net6.0-windows\VideoOS.Platform.Tests.dll" adapterTypeName="executor://mstestadapter/v2" className="VideoOS.Platform.Tests.Search.Error.CustomSearchErrorTest" name="TestConstructor_ExceptionParameters_Success" />
    </UnitTest>
    <UnitTest name="ResolveIconSource_EnumValueShouldBeUnique_ForAllDefinedIcons" storage="d:\actions-runner\_work\xpco\xpco\allsolutions\..\mip\platformplugin\videoos.platform\unittest\bin\debug\net6.0-windows\videoos.platform.tests.dll" id="1567771f-c566-3ead-d24b-280817524d69">
      <TestCategory>
        <TestCategoryItem TestCategory="Icons" />
      </TestCategory>
      <Execution id="93cd05fb-26af-4d09-8314-15d4c3d05316" />
      <TestMethod codeBase="D:\actions-runner\_work\XPCO\XPCO\AllSolutions\..\MIP\PlatformPlugin\VideoOS.Platform\unittest\bin\Debug\net6.0-windows\VideoOS.Platform.Tests.dll" adapterTypeName="executor://mstestadapter/v2" className="VideoOS.Platform.Tests.UI.Controls.Icons.VideoOSIconBuiltInSourceTest" name="ResolveIconSource_EnumValueShouldBeUnique_ForAllDefinedIcons" />
    </UnitTest>
    <UnitTest name="CountByItems_NotActivated_Trial_Missing" storage="d:\actions-runner\_work\xpco\xpco\allsolutions\..\mip\platformplugin\videoos.platform\unittest\bin\debug\net6.0-windows\videoos.platform.tests.dll" id="26e0371b-a9ac-efb2-5c04-9498517c8a6b">
      <Execution id="c156b055-8628-423d-bcdf-df60822e748c" />
      <TestMethod codeBase="D:\actions-runner\_work\XPCO\XPCO\AllSolutions\..\MIP\PlatformPlugin\VideoOS.Platform\unittest\bin\Debug\net6.0-windows\VideoOS.Platform.Tests.dll" adapterTypeName="executor://mstestadapter/v2" className="VideoOS.Platform.Tests.License.ResolvedLicenseCountTest" name="CountByItems_NotActivated_Trial_Missing" />
    </UnitTest>
    <UnitTest name="Minimize_ShouldReturnEmptyList_WhenListIsEmpty" storage="d:\actions-runner\_work\xpco\xpco\allsolutions\..\mip\platformplugin\videoos.platform\unittest\bin\debug\net6.0-windows\videoos.platform.tests.dll" id="c4ce90f1-597d-a003-4d5c-b418943cb443">
      <Execution id="43620c43-3997-4cb5-9fe7-3766468296dd" />
      <TestMethod codeBase="D:\actions-runner\_work\XPCO\XPCO\AllSolutions\..\MIP\PlatformPlugin\VideoOS.Platform\unittest\bin\Debug\net6.0-windows\VideoOS.Platform.Tests.dll" adapterTypeName="executor://mstestadapter/v2" className="VideoOS.Platform.Tests.Util.TimeIntervalTests" name="Minimize_ShouldReturnEmptyList_WhenListIsEmpty" />
    </UnitTest>
    <UnitTest name="Serialize_TestCases (Verify root Collection (not empty) property get property value)" storage="d:\actions-runner\_work\xpco\xpco\allsolutions\..\mip\platformplugin\videoos.platform\unittest\bin\debug\net6.0-windows\videoos.platform.tests.dll" id="465a4fec-092f-f97b-aa21-b583e1fb2d95">
      <Execution id="f3b43f6c-fca3-4edc-9f8e-8c3ee1d88293" />
      <TestMethod codeBase="D:\actions-runner\_work\XPCO\XPCO\AllSolutions\..\MIP\PlatformPlugin\VideoOS.Platform\unittest\bin\Debug\net6.0-windows\VideoOS.Platform.Tests.dll" adapterTypeName="executor://mstestadapter/v2" className="VideoOS.Platform.Tests.UI.Controls.Automation.Serialization.AutomationObjectSerializerTest" name="Serialize_TestCases" />
    </UnitTest>
    <UnitTest name="Add_SameKeyTwice_PreviousValueOverwritten" storage="d:\actions-runner\_work\xpco\xpco\allsolutions\..\mip\platformplugin\videoos.platform\unittest\bin\debug\net6.0-windows\videoos.platform.tests.dll" id="88133fd3-9167-6134-2a3f-9488dba78659">
      <Execution id="984db7fc-d5dc-4c73-8f43-7f71f46ce947" />
      <TestMethod codeBase="D:\actions-runner\_work\XPCO\XPCO\AllSolutions\..\MIP\PlatformPlugin\VideoOS.Platform\unittest\bin\Debug\net6.0-windows\VideoOS.Platform.Tests.dll" adapterTypeName="executor://mstestadapter/v2" className="VideoOS.Platform.Tests.Util.Queue.LRUCacheTests" name="Add_SameKeyTwice_PreviousValueOverwritten" />
    </UnitTest>
    <UnitTest name="TryParseArgbString_ShouldCreateInstanceWithCorrectARGBValues_WhenFormatIsCorrectButWithWhiteSpaceBeforeOrAfter" storage="d:\actions-runner\_work\xpco\xpco\allsolutions\..\mip\platformplugin\videoos.platform\unittest\bin\debug\net6.0-windows\videoos.platform.tests.dll" id="3c9f7f25-03ba-a9ac-886d-ab6e7acb2b5d">
      <Execution id="f1e730e4-d32b-4856-a6d8-27da71af872a" />
      <TestMethod codeBase="D:\actions-runner\_work\XPCO\XPCO\AllSolutions\..\MIP\PlatformPlugin\VideoOS.Platform\unittest\bin\Debug\net6.0-windows\VideoOS.Platform.Tests.dll" adapterTypeName="executor://mstestadapter/v2" className="VideoOS.Platform.Tests.Metadata.DisplayColorTests" name="TryParseArgbString_ShouldCreateInstanceWithCorrectARGBValues_WhenFormatIsCorrectButWithWhiteSpaceBeforeOrAfter" />
    </UnitTest>
    <UnitTest name="GenerateEnumValueParameters_ShouldWriteId_WhenAlways" storage="d:\actions-runner\_work\xpco\xpco\allsolutions\..\mip\platformplugin\videoos.platform\unittest\bin\debug\net6.0-windows\videoos.platform.tests.dll" id="1bb65b8b-a8a2-1654-89b4-e0a9b34ce5a7">
      <Execution id="cdf735be-b149-4053-acab-9684c2f49693" />
      <TestMethod codeBase="D:\actions-runner\_work\XPCO\XPCO\AllSolutions\..\MIP\PlatformPlugin\VideoOS.Platform\unittest\bin\Debug\net6.0-windows\VideoOS.Platform.Tests.dll" adapterTypeName="executor://mstestadapter/v2" className="VideoOS.Platform.Tests.Data.EnumCapabilityValueTests" name="GenerateEnumValueParameters_ShouldWriteId_WhenAlways" />
    </UnitTest>
    <UnitTest name="Set_String_Invalid" storage="d:\actions-runner\_work\xpco\xpco\allsolutions\..\mip\platformplugin\videoos.platform\unittest\bin\debug\net6.0-windows\videoos.platform.tests.dll" id="2c659c9c-4cb8-0017-5374-282461cba931">
      <Execution id="b79ed945-2e4d-44fe-a031-6abc49eb1f29" />
      <TestMethod codeBase="D:\actions-runner\_work\XPCO\XPCO\AllSolutions\..\MIP\PlatformPlugin\VideoOS.Platform\unittest\bin\Debug\net6.0-windows\VideoOS.Platform.Tests.dll" adapterTypeName="executor://mstestadapter/v2" className="VideoOS.Platform.Tests.Proxy.RestApi.JsonReaderTests" name="Set_String_Invalid" />
    </UnitTest>
    <UnitTest name="EqualGuids_Ignore_Fail_OnKind" storage="d:\actions-runner\_work\xpco\xpco\allsolutions\..\mip\platformplugin\videoos.platform\unittest\bin\debug\net6.0-windows\videoos.platform.tests.dll" id="b147c839-1adf-f8ae-0b25-dc9dcffe119b">
      <Execution id="15be5991-5132-41bc-805c-8d832127d2e3" />
      <TestMethod codeBase="D:\actions-runner\_work\XPCO\XPCO\AllSolutions\..\MIP\PlatformPlugin\VideoOS.Platform\unittest\bin\Debug\net6.0-windows\VideoOS.Platform.Tests.dll" adapterTypeName="executor://mstestadapter/v2" className="VideoOS.Platform.Tests.FQIDtests" name="EqualGuids_Ignore_Fail_OnKind" />
    </UnitTest>
    <UnitTest name="RemoveFilterValue_NullFilter_Throws" storage="d:\actions-runner\_work\xpco\xpco\allsolutions\..\mip\platformplugin\videoos.platform\unittest\bin\debug\net6.0-windows\videoos.platform.tests.dll" id="060819f6-d016-be0e-b7e9-55d7faa9ba45">
      <TestCategory>
        <TestCategoryItem TestCategory="Search" />
      </TestCategory>
      <Execution id="1e3ed1c7-6376-40ed-b7fe-01c7c90d3728" />
      <TestMethod codeBase="D:\actions-runner\_work\XPCO\XPCO\AllSolutions\..\MIP\PlatformPlugin\VideoOS.Platform\unittest\bin\Debug\net6.0-windows\VideoOS.Platform.Tests.dll" adapterTypeName="executor://mstestadapter/v2" className="VideoOS.Platform.Tests.Search.SearchCriteriaTest" name="RemoveFilterValue_NullFilter_Throws" />
    </UnitTest>
    <UnitTest name="GetItem_AlarmDefinition_Success" storage="d:\actions-runner\_work\xpco\xpco\allsolutions\..\mip\platformplugin\videoos.platform\unittest\bin\debug\net6.0-windows\videoos.platform.tests.dll" id="330836c9-cc9b-a4b7-a20d-ba9093f6b879">
      <Execution id="3d087d19-5292-4e7a-8777-a48de1e23a0e" />
      <TestMethod codeBase="D:\actions-runner\_work\XPCO\XPCO\AllSolutions\..\MIP\PlatformPlugin\VideoOS.Platform\unittest\bin\Debug\net6.0-windows\VideoOS.Platform.Tests.dll" adapterTypeName="executor://mstestadapter/v2" className="VideoOS.Platform.Tests.Proxy.RestApi.RestApiClientDecoratorTests" name="GetItem_AlarmDefinition_Success" />
    </UnitTest>
    <UnitTest name="ToJson_StringElement_Exception" storage="d:\actions-runner\_work\xpco\xpco\allsolutions\..\mip\platformplugin\videoos.platform\unittest\bin\debug\net6.0-windows\videoos.platform.tests.dll" id="6f2af74d-bdba-e05e-77aa-b08f726c1ddf">
      <Execution id="ade93c46-f988-4ca7-bb8a-5832a2c12712" />
      <TestMethod codeBase="D:\actions-runner\_work\XPCO\XPCO\AllSolutions\..\MIP\PlatformPlugin\VideoOS.Platform\unittest\bin\Debug\net6.0-windows\VideoOS.Platform.Tests.dll" adapterTypeName="executor://mstestadapter/v2" className="VideoOS.Platform.Tests.Proxy.RestApi.JsonReaderTests" name="ToJson_StringElement_Exception" />
    </UnitTest>
    <UnitTest name="Construction_List" storage="d:\actions-runner\_work\xpco\xpco\allsolutions\..\mip\platformplugin\videoos.platform\unittest\bin\debug\net6.0-windows\videoos.platform.tests.dll" id="52df54ef-d786-de4c-66ba-453529b99c4f">
      <Execution id="a9c777dc-52e6-4f2f-b60e-28c168cb53b5" />
      <TestMethod codeBase="D:\actions-runner\_work\XPCO\XPCO\AllSolutions\..\MIP\PlatformPlugin\VideoOS.Platform\unittest\bin\Debug\net6.0-windows\VideoOS.Platform.Tests.dll" adapterTypeName="executor://mstestadapter/v2" className="VideoOS.Platform.Tests.Proxy.RestApi.JsonBuilderTests" name="Construction_List" />
    </UnitTest>
    <UnitTest name="Equals_ShouldHaveValueSemantics_WhenAlways" storage="d:\actions-runner\_work\xpco\xpco\allsolutions\..\mip\platformplugin\videoos.platform\unittest\bin\debug\net6.0-windows\videoos.platform.tests.dll" id="6fd6583b-6e84-0268-1f57-5ed2e7f07344">
      <Execution id="86291e49-de3f-484c-8fcd-e5470812d48e" />
      <TestMethod codeBase="D:\actions-runner\_work\XPCO\XPCO\AllSolutions\..\MIP\PlatformPlugin\VideoOS.Platform\unittest\bin\Debug\net6.0-windows\VideoOS.Platform.Tests.dll" adapterTypeName="executor://mstestadapter/v2" className="VideoOS.Platform.Tests.Metadata.OnvifClassTests" name="Equals_ShouldHaveValueSemantics_WhenAlways" />
    </UnitTest>
    <UnitTest name="VerticalAccuracy_ShouldThrowArgumentOfRange_WhenValueIsOutsideAcceptedRange" storage="d:\actions-runner\_work\xpco\xpco\allsolutions\..\mip\platformplugin\videoos.platform\unittest\bin\debug\net6.0-windows\videoos.platform.tests.dll" id="e752e0ff-bfc6-c186-6be7-f4690c294e87">
      <Execution id="4c1f2365-af66-42b2-b813-6a64f6b36413" />
      <TestMethod codeBase="D:\actions-runner\_work\XPCO\XPCO\AllSolutions\..\MIP\PlatformPlugin\VideoOS.Platform\unittest\bin\Debug\net6.0-windows\VideoOS.Platform.Tests.dll" adapterTypeName="executor://mstestadapter/v2" className="VideoOS.Platform.Tests.Metadata.NavigationalDataTests" name="VerticalAccuracy_ShouldThrowArgumentOfRange_WhenValueIsOutsideAcceptedRange" />
    </UnitTest>
    <UnitTest name="ReadXml_ShouldIgnoreUnknownChildren_WhenUnknownChildrenArePresent" storage="d:\actions-runner\_work\xpco\xpco\allsolutions\..\mip\platformplugin\videoos.platform\unittest\bin\debug\net6.0-windows\videoos.platform.tests.dll" id="a3ca636d-2e93-d6ba-5db9-ec0b0b5cb970">
      <Execution id="3eb8073e-a1ed-4a73-bdd8-1d7aa5c6d3c7" />
      <TestMethod codeBase="D:\actions-runner\_work\XPCO\XPCO\AllSolutions\..\MIP\PlatformPlugin\VideoOS.Platform\unittest\bin\Debug\net6.0-windows\VideoOS.Platform.Tests.dll" adapterTypeName="executor://mstestadapter/v2" className="VideoOS.Platform.Tests.Metadata.AppearanceTests" name="ReadXml_ShouldIgnoreUnknownChildren_WhenUnknownChildrenArePresent" />
    </UnitTest>
    <UnitTest name="GetBoundingShapesAsync_FirstInvocationCancelled_DelegatedToInternalMethodOnce" storage="d:\actions-runner\_work\xpco\xpco\allsolutions\..\mip\platformplugin\videoos.platform\unittest\bin\debug\net6.0-windows\videoos.platform.tests.dll" id="570963dc-5e77-73b9-225e-688120d0deeb">
      <TestCategory>
        <TestCategoryItem TestCategory="Search" />
      </TestCategory>
      <Execution id="9ad77445-7c16-435a-9094-588f369da219" />
      <TestMethod codeBase="D:\actions-runner\_work\XPCO\XPCO\AllSolutions\..\MIP\PlatformPlugin\VideoOS.Platform\unittest\bin\Debug\net6.0-windows\VideoOS.Platform.Tests.dll" adapterTypeName="executor://mstestadapter/v2" className="VideoOS.Platform.Tests.Search.SearchResultDataTest" name="GetBoundingShapesAsync_FirstInvocationCancelled_DelegatedToInternalMethodOnce" />
    </UnitTest>
    <UnitTest name="SplitString_When2Levels_Splits" storage="d:\actions-runner\_work\xpco\xpco\allsolutions\..\mip\platformplugin\videoos.platform\unittest\bin\debug\net6.0-windows\videoos.platform.tests.dll" id="6fe02979-6afc-53d3-587b-e4a584169c47">
      <Execution id="89b575ec-a33a-4275-ba7a-5530c20bb937" />
      <TestMethod codeBase="D:\actions-runner\_work\XPCO\XPCO\AllSolutions\..\MIP\PlatformPlugin\VideoOS.Platform\unittest\bin\Debug\net6.0-windows\VideoOS.Platform.Tests.dll" adapterTypeName="executor://mstestadapter/v2" className="VideoOS.Platform.Tests.Util.StringSplitterTests" name="SplitString_When2Levels_Splits" />
    </UnitTest>
    <UnitTest name="CountByItems_NotActivated_Trial_Missing_GraceExpired" storage="d:\actions-runner\_work\xpco\xpco\allsolutions\..\mip\platformplugin\videoos.platform\unittest\bin\debug\net6.0-windows\videoos.platform.tests.dll" id="f7f40623-1634-9a2a-bf1c-6e414931a9e6">
      <Execution id="6d13ba7d-caa5-4021-9086-173cf939f03b" />
      <TestMethod codeBase="D:\actions-runner\_work\XPCO\XPCO\AllSolutions\..\MIP\PlatformPlugin\VideoOS.Platform\unittest\bin\Debug\net6.0-windows\VideoOS.Platform.Tests.dll" adapterTypeName="executor://mstestadapter/v2" className="VideoOS.Platform.Tests.License.ResolvedLicenseCountTest" name="CountByItems_NotActivated_Trial_Missing_GraceExpired" />
    </UnitTest>
    <UnitTest name="Append_Property_Path" storage="d:\actions-runner\_work\xpco\xpco\allsolutions\..\mip\platformplugin\videoos.platform\unittest\bin\debug\net6.0-windows\videoos.platform.tests.dll" id="ebbe7258-4b65-15e9-219f-9eb6e860514c">
      <Execution id="c649b958-63b9-47a4-a818-4811405b36a9" />
      <TestMethod codeBase="D:\actions-runner\_work\XPCO\XPCO\AllSolutions\..\MIP\PlatformPlugin\VideoOS.Platform\unittest\bin\Debug\net6.0-windows\VideoOS.Platform.Tests.dll" adapterTypeName="executor://mstestadapter/v2" className="VideoOS.Platform.Tests.Proxy.RestApi.JsonBuilderTests" name="Append_Property_Path" />
    </UnitTest>
    <UnitTest name="Parse_Double_Invalid_end" storage="d:\actions-runner\_work\xpco\xpco\allsolutions\..\mip\platformplugin\videoos.platform\unittest\bin\debug\net6.0-windows\videoos.platform.tests.dll" id="cad83f52-1e7f-4b34-02e2-b7d439893234">
      <Execution id="768f3af0-2f7d-44bd-bc36-e8b680df6184" />
      <TestMethod codeBase="D:\actions-runner\_work\XPCO\XPCO\AllSolutions\..\MIP\PlatformPlugin\VideoOS.Platform\unittest\bin\Debug\net6.0-windows\VideoOS.Platform.Tests.dll" adapterTypeName="executor://mstestadapter/v2" className="VideoOS.Platform.Tests.Proxy.RestApi.JsonReaderTests" name="Parse_Double_Invalid_end" />
    </UnitTest>
    <UnitTest name="GenerateDeviceCapabilityParameters_ShouldWriteName_WhenAlways" storage="d:\actions-runner\_work\xpco\xpco\allsolutions\..\mip\platformplugin\videoos.platform\unittest\bin\debug\net6.0-windows\videoos.platform.tests.dll" id="cc99ff3e-c755-1963-ff3d-70c3c6994b03">
      <Execution id="5d01d444-43a8-46fd-bcd0-6137b157e8c5" />
      <TestMethod codeBase="D:\actions-runner\_work\XPCO\XPCO\AllSolutions\..\MIP\PlatformPlugin\VideoOS.Platform\unittest\bin\Debug\net6.0-windows\VideoOS.Platform.Tests.dll" adapterTypeName="executor://mstestadapter/v2" className="VideoOS.Platform.Tests.Data.MetadataDeviceCapabilityTests" name="GenerateDeviceCapabilityParameters_ShouldWriteName_WhenAlways" />
    </UnitTest>
    <UnitTest name="ReadXml_ShouldReadGeodeticSystem_WhenGeodeticSystemIsPresent" storage="d:\actions-runner\_work\xpco\xpco\allsolutions\..\mip\platformplugin\videoos.platform\unittest\bin\debug\net6.0-windows\videoos.platform.tests.dll" id="be95620e-7d9c-a81d-b372-a97d28330950">
      <Execution id="8eb41b0e-654a-4d4d-bbbf-9a74d5a3f672" />
      <TestMethod codeBase="D:\actions-runner\_work\XPCO\XPCO\AllSolutions\..\MIP\PlatformPlugin\VideoOS.Platform\unittest\bin\Debug\net6.0-windows\VideoOS.Platform.Tests.dll" adapterTypeName="executor://mstestadapter/v2" className="VideoOS.Platform.Tests.Metadata.NavigationalDataTests" name="ReadXml_ShouldReadGeodeticSystem_WhenGeodeticSystemIsPresent" />
    </UnitTest>
    <UnitTest name="Minimize_ShouldReturnOneInterval_WhenListContainsThreeOverlappingIntervalsReversed" storage="d:\actions-runner\_work\xpco\xpco\allsolutions\..\mip\platformplugin\videoos.platform\unittest\bin\debug\net6.0-windows\videoos.platform.tests.dll" id="ee6b4773-1394-989c-cdb7-f8b064821acb">
      <Execution id="e58cf3c4-8662-419b-b650-ed72da758f6e" />
      <TestMethod codeBase="D:\actions-runner\_work\XPCO\XPCO\AllSolutions\..\MIP\PlatformPlugin\VideoOS.Platform\unittest\bin\Debug\net6.0-windows\VideoOS.Platform.Tests.dll" adapterTypeName="executor://mstestadapter/v2" className="VideoOS.Platform.Tests.Util.TimeIntervalTests" name="Minimize_ShouldReturnOneInterval_WhenListContainsThreeOverlappingIntervalsReversed" />
    </UnitTest>
    <UnitTest name="GetAtOrBefore_ShouldReturnEntryBeforeFromCache_WhenDataIsInCache" storage="d:\actions-runner\_work\xpco\xpco\allsolutions\..\mip\platformplugin\videoos.platform\unittest\bin\debug\net6.0-windows\videoos.platform.tests.dll" id="58117c79-f111-10a9-cd35-e84774ffbcda">
      <Execution id="06b42a72-1c09-4d95-b76a-0d2b93a61f74" />
      <TestMethod codeBase="D:\actions-runner\_work\XPCO\XPCO\AllSolutions\..\MIP\PlatformPlugin\VideoOS.Platform\unittest\bin\Debug\net6.0-windows\VideoOS.Platform.Tests.dll" adapterTypeName="executor://mstestadapter/v2" className="VideoOS.Platform.Tests.Data.MetadataPlaybackSourceTests" name="GetAtOrBefore_ShouldReturnEntryBeforeFromCache_WhenDataIsInCache" />
    </UnitTest>
    <UnitTest name="GenerateDeviceCapabilityParameters_ShouldWriteMinimum_WhenAlways" storage="d:\actions-runner\_work\xpco\xpco\allsolutions\..\mip\platformplugin\videoos.platform\unittest\bin\debug\net6.0-windows\videoos.platform.tests.dll" id="1b66a21c-10a6-0908-6fbd-7ece73d7fb3e">
      <Execution id="91a0ef6f-df3d-4cb0-ab91-53ef9190ca01" />
      <TestMethod codeBase="D:\actions-runner\_work\XPCO\XPCO\AllSolutions\..\MIP\PlatformPlugin\VideoOS.Platform\unittest\bin\Debug\net6.0-windows\VideoOS.Platform.Tests.dll" adapterTypeName="executor://mstestadapter/v2" className="VideoOS.Platform.Tests.Data.DataCapabilityTests" name="GenerateDeviceCapabilityParameters_ShouldWriteMinimum_WhenAlways" />
    </UnitTest>
    <UnitTest name="GetNextSequence_ShouldReturnFirstEntryFromToolkitResult_WhenDataWasReturned" storage="d:\actions-runner\_work\xpco\xpco\allsolutions\..\mip\platformplugin\videoos.platform\unittest\bin\debug\net6.0-windows\videoos.platform.tests.dll" id="daf5f08d-c32f-df8c-b33e-1ba8ee1cff44">
      <Execution id="93829121-8711-45c8-a2fc-88bad9a9af03" />
      <TestMethod codeBase="D:\actions-runner\_work\XPCO\XPCO\AllSolutions\..\MIP\PlatformPlugin\VideoOS.Platform\unittest\bin\Debug\net6.0-windows\VideoOS.Platform.Tests.dll" adapterTypeName="executor://mstestadapter/v2" className="VideoOS.Platform.Tests.Data.MetadataPlaybackSourceTests" name="GetNextSequence_ShouldReturnFirstEntryFromToolkitResult_WhenDataWasReturned" />
    </UnitTest>
    <UnitTest name="SplitString_WhenEmptyOrSpaces2Levels_EmptyArray" storage="d:\actions-runner\_work\xpco\xpco\allsolutions\..\mip\platformplugin\videoos.platform\unittest\bin\debug\net6.0-windows\videoos.platform.tests.dll" id="38b98b35-19bc-eb4b-75ab-937f6e63a097">
      <Execution id="03b5ee12-bf22-4465-8571-4200cda81580" />
      <TestMethod codeBase="D:\actions-runner\_work\XPCO\XPCO\AllSolutions\..\MIP\PlatformPlugin\VideoOS.Platform\unittest\bin\Debug\net6.0-windows\VideoOS.Platform.Tests.dll" adapterTypeName="executor://mstestadapter/v2" className="VideoOS.Platform.Tests.Util.StringSplitterTests" name="SplitString_WhenEmptyOrSpaces2Levels_EmptyArray" />
    </UnitTest>
    <UnitTest name="ProvideValue_ShouldChangeContent_WhenItemDataPropertyNameChangesFromNullToValue" storage="d:\actions-runner\_work\xpco\xpco\allsolutions\..\mip\platformplugin\videoos.platform\unittest\bin\debug\net6.0-windows\videoos.platform.tests.dll" id="b48b0061-7548-695a-aa72-eca672007f65">
      <TestCategory>
        <TestCategoryItem TestCategory="TabControls" />
      </TestCategory>
      <Execution id="90cecb17-8a6c-46aa-881e-4ee02fa1c142" />
      <TestMethod codeBase="D:\actions-runner\_work\XPCO\XPCO\AllSolutions\..\MIP\PlatformPlugin\VideoOS.Platform\unittest\bin\Debug\net6.0-windows\VideoOS.Platform.Tests.dll" adapterTypeName="executor://mstestadapter/v2" className="VideoOS.Platform.Tests.UI.Controls.TabControls.Internal.Primary.ItemContentExtensionTest" name="ProvideValue_ShouldChangeContent_WhenItemDataPropertyNameChangesFromNullToValue" />
    </UnitTest>
    <UnitTest name="Populate_SearchTextSet_ItemsFound_False" storage="d:\actions-runner\_work\xpco\xpco\allsolutions\..\mip\platformplugin\videoos.platform\unittest\bin\debug\net6.0-windows\videoos.platform.tests.dll" id="0a158be2-3d0e-91be-dc79-b834318d6106">
      <Execution id="dc331c2d-54fd-4f5c-a6a0-015f59c37b13" />
      <TestMethod codeBase="D:\actions-runner\_work\XPCO\XPCO\AllSolutions\..\MIP\PlatformPlugin\VideoOS.Platform\unittest\bin\Debug\net6.0-windows\VideoOS.Platform.Tests.dll" adapterTypeName="executor://mstestadapter/v2" className="VideoOS.Platform.Tests.UI.ItemPicker.PopulateThreadTest" name="Populate_SearchTextSet_ItemsFound_False" />
    </UnitTest>
    <UnitTest name="Construction_Array" storage="d:\actions-runner\_work\xpco\xpco\allsolutions\..\mip\platformplugin\videoos.platform\unittest\bin\debug\net6.0-windows\videoos.platform.tests.dll" id="4d993a4f-76c0-7cf9-2048-40644000ecc0">
      <Execution id="ab6fefb6-2359-470b-ad5a-abedc993a622" />
      <TestMethod codeBase="D:\actions-runner\_work\XPCO\XPCO\AllSolutions\..\MIP\PlatformPlugin\VideoOS.Platform\unittest\bin\Debug\net6.0-windows\VideoOS.Platform.Tests.dll" adapterTypeName="executor://mstestadapter/v2" className="VideoOS.Platform.Tests.Proxy.RestApi.JsonBuilderTests" name="Construction_Array" />
    </UnitTest>
    <UnitTest name="Serialize_TestCases (Verify root Interface (null) property)" storage="d:\actions-runner\_work\xpco\xpco\allsolutions\..\mip\platformplugin\videoos.platform\unittest\bin\debug\net6.0-windows\videoos.platform.tests.dll" id="b50b60f1-2826-2d78-41c6-658eac6ae9ac">
      <Execution id="c7415b9c-39b9-46bb-be15-9eba89c012a8" />
      <TestMethod codeBase="D:\actions-runner\_work\XPCO\XPCO\AllSolutions\..\MIP\PlatformPlugin\VideoOS.Platform\unittest\bin\Debug\net6.0-windows\VideoOS.Platform.Tests.dll" adapterTypeName="executor://mstestadapter/v2" className="VideoOS.Platform.Tests.UI.Controls.Automation.Serialization.AutomationObjectSerializerTest" name="Serialize_TestCases" />
    </UnitTest>
    <UnitTest name="Convert_MultiArgumentConverter_ShouldNotAllowNullValue_WhenArgumentIsValueType" storage="d:\actions-runner\_work\xpco\xpco\allsolutions\..\mip\platformplugin\videoos.platform\unittest\bin\debug\net6.0-windows\videoos.platform.tests.dll" id="20ff39df-6b6f-8d20-2277-72d3fc9ee983">
      <Execution id="b2d485d9-7ab8-4e81-9bac-1389678c5151" />
      <TestMethod codeBase="D:\actions-runner\_work\XPCO\XPCO\AllSolutions\..\MIP\PlatformPlugin\VideoOS.Platform\unittest\bin\Debug\net6.0-windows\VideoOS.Platform.Tests.dll" adapterTypeName="executor://mstestadapter/v2" className="VideoOS.Platform.Tests.UI.Converters.LambdaConverterTest" name="Convert_MultiArgumentConverter_ShouldNotAllowNullValue_WhenArgumentIsValueType" />
    </UnitTest>
    <UnitTest name="CreateSearchResultUserControl_SinglePluginMultipleUserControlsPlugins_Success" storage="d:\actions-runner\_work\xpco\xpco\allsolutions\..\mip\platformplugin\videoos.platform\unittest\bin\debug\net6.0-windows\videoos.platform.tests.dll" id="293f208d-a107-c0fc-0068-8de4f4577501">
      <TestCategory>
        <TestCategoryItem TestCategory="Search" />
      </TestCategory>
      <Execution id="b986a7e3-d75a-4257-8d63-77d9366d9e6e" />
      <TestMethod codeBase="D:\actions-runner\_work\XPCO\XPCO\AllSolutions\..\MIP\PlatformPlugin\VideoOS.Platform\unittest\bin\Debug\net6.0-windows\VideoOS.Platform.Tests.dll" adapterTypeName="executor://mstestadapter/v2" className="VideoOS.Platform.Tests.Search.SearchUserControlResolverTest" name="CreateSearchResultUserControl_SinglePluginMultipleUserControlsPlugins_Success" />
    </UnitTest>
    <UnitTest name="GenerateParameters_ShouldCallGenerateDeviceParametersForCamera_WhenThereAreCameraDevices" storage="d:\actions-runner\_work\xpco\xpco\allsolutions\..\mip\platformplugin\videoos.platform\unittest\bin\debug\net6.0-windows\videoos.platform.tests.dll" id="01be5dc2-8974-a781-e346-9997ff0168c6">
      <Execution id="92723297-ce24-41ec-b251-98355bc7fa9e" />
      <TestMethod codeBase="D:\actions-runner\_work\XPCO\XPCO\AllSolutions\..\MIP\PlatformPlugin\VideoOS.Platform\unittest\bin\Debug\net6.0-windows\VideoOS.Platform.Tests.dll" adapterTypeName="executor://mstestadapter/v2" className="VideoOS.Platform.Tests.Data.HardwareDefinitionTests" name="GenerateParameters_ShouldCallGenerateDeviceParametersForCamera_WhenThereAreCameraDevices" />
    </UnitTest>
    <UnitTest name="SearchResultData_Title_Success" storage="d:\actions-runner\_work\xpco\xpco\allsolutions\..\mip\platformplugin\videoos.platform\unittest\bin\debug\net6.0-windows\videoos.platform.tests.dll" id="60143918-8d3e-3cea-ec1f-f42a487ede4c">
      <TestCategory>
        <TestCategoryItem TestCategory="Search" />
      </TestCategory>
      <Execution id="0ea8fff1-e7b6-4e13-9be2-1fe55c8acd31" />
      <TestMethod codeBase="D:\actions-runner\_work\XPCO\XPCO\AllSolutions\..\MIP\PlatformPlugin\VideoOS.Platform\unittest\bin\Debug\net6.0-windows\VideoOS.Platform.Tests.dll" adapterTypeName="executor://mstestadapter/v2" className="VideoOS.Platform.Tests.Search.SearchResultDataTest" name="SearchResultData_Title_Success" />
    </UnitTest>
    <UnitTest name="Serialize_TestCases (Verify root Collection (empty) property)" storage="d:\actions-runner\_work\xpco\xpco\allsolutions\..\mip\platformplugin\videoos.platform\unittest\bin\debug\net6.0-windows\videoos.platform.tests.dll" id="767615e3-cdb1-aa5f-9362-efecd9d93490">
      <Execution id="43803b90-9557-4394-97d8-b6cece25fc98" />
      <TestMethod codeBase="D:\actions-runner\_work\XPCO\XPCO\AllSolutions\..\MIP\PlatformPlugin\VideoOS.Platform\unittest\bin\Debug\net6.0-windows\VideoOS.Platform.Tests.dll" adapterTypeName="executor://mstestadapter/v2" className="VideoOS.Platform.Tests.UI.Controls.Automation.Serialization.AutomationObjectSerializerTest" name="Serialize_TestCases" />
    </UnitTest>
    <UnitTest name="CreateSearchFilterEditControl_NullConfiguration_ReturnsNull" storage="d:\actions-runner\_work\xpco\xpco\allsolutions\..\mip\platformplugin\videoos.platform\unittest\bin\debug\net6.0-windows\videoos.platform.tests.dll" id="b3801728-52f7-7053-510c-0b3ffd814256">
      <TestCategory>
        <TestCategoryItem TestCategory="Search" />
      </TestCategory>
      <Execution id="eb4fb1bb-2621-4b72-818d-4f4c2e15bc78" />
      <TestMethod codeBase="D:\actions-runner\_work\XPCO\XPCO\AllSolutions\..\MIP\PlatformPlugin\VideoOS.Platform\unittest\bin\Debug\net6.0-windows\VideoOS.Platform.Tests.dll" adapterTypeName="executor://mstestadapter/v2" className="VideoOS.Platform.Tests.Search.SearchUserControlResolverTest" name="CreateSearchFilterEditControl_NullConfiguration_ReturnsNull" />
    </UnitTest>
    <UnitTest name="ReadXml_ShouldSetAllFieldsToDefaultValues_WhenElementIsEmpty" storage="d:\actions-runner\_work\xpco\xpco\allsolutions\..\mip\platformplugin\videoos.platform\unittest\bin\debug\net6.0-windows\videoos.platform.tests.dll" id="477f61b0-5c9c-b3c6-17b8-c096885b5954">
      <Execution id="139866db-a0b4-4ef8-955b-605751930e35" />
      <TestMethod codeBase="D:\actions-runner\_work\XPCO\XPCO\AllSolutions\..\MIP\PlatformPlugin\VideoOS.Platform\unittest\bin\Debug\net6.0-windows\VideoOS.Platform.Tests.dll" adapterTypeName="executor://mstestadapter/v2" className="VideoOS.Platform.Tests.Metadata.ClassCandidateTests" name="ReadXml_ShouldSetAllFieldsToDefaultValues_WhenElementIsEmpty" />
    </UnitTest>
    <UnitTest name="WriteXml_ShouldWriteLeftAttribute_WhenAlays" storage="d:\actions-runner\_work\xpco\xpco\allsolutions\..\mip\platformplugin\videoos.platform\unittest\bin\debug\net6.0-windows\videoos.platform.tests.dll" id="cc181f70-75e6-81da-b99e-3e2374e3ba03">
      <Execution id="ed79c895-7c95-4052-a971-2ff7d430e039" />
      <TestMethod codeBase="D:\actions-runner\_work\XPCO\XPCO\AllSolutions\..\MIP\PlatformPlugin\VideoOS.Platform\unittest\bin\Debug\net6.0-windows\VideoOS.Platform.Tests.dll" adapterTypeName="executor://mstestadapter/v2" className="VideoOS.Platform.Tests.Metadata.RectangleTests" name="WriteXml_ShouldWriteLeftAttribute_WhenAlays" />
    </UnitTest>
    <UnitTest name="GetPrevious_ShouldReturnNull_WhenThereIsNoPrevoiusEntryAfterCallToFindCacheEntryBefore" storage="d:\actions-runner\_work\xpco\xpco\allsolutions\..\mip\platformplugin\videoos.platform\unittest\bin\debug\net6.0-windows\videoos.platform.tests.dll" id="708c93d9-3b87-f482-2b59-76adaefd6f67">
      <Execution id="b2a3e524-aa7d-48f2-92de-4048cd5e0d39" />
      <TestMethod codeBase="D:\actions-runner\_work\XPCO\XPCO\AllSolutions\..\MIP\PlatformPlugin\VideoOS.Platform\unittest\bin\Debug\net6.0-windows\VideoOS.Platform.Tests.dll" adapterTypeName="executor://mstestadapter/v2" className="VideoOS.Platform.Tests.Data.MetadataCacheTests" name="GetPrevious_ShouldReturnNull_WhenThereIsNoPrevoiusEntryAfterCallToFindCacheEntryBefore" />
    </UnitTest>
    <UnitTest name="ConstructorArgb_ShouldReturnCorrectArgbValues_Always" storage="d:\actions-runner\_work\xpco\xpco\allsolutions\..\mip\platformplugin\videoos.platform\unittest\bin\debug\net6.0-windows\videoos.platform.tests.dll" id="d4c38e91-653a-61a8-9381-1f7444c31b36">
      <Execution id="afeb6de9-ac8f-4637-9760-277c7cf67289" />
      <TestMethod codeBase="D:\actions-runner\_work\XPCO\XPCO\AllSolutions\..\MIP\PlatformPlugin\VideoOS.Platform\unittest\bin\Debug\net6.0-windows\VideoOS.Platform.Tests.dll" adapterTypeName="executor://mstestadapter/v2" className="VideoOS.Platform.Tests.Metadata.DisplayColorTests" name="ConstructorArgb_ShouldReturnCorrectArgbValues_Always" />
    </UnitTest>
    <UnitTest name="ReadXml_ShouldLogWarningTwiceWhenMoreThanOneMinuteBetweenWarnings_WhenBoundingBoxIsMissing" storage="d:\actions-runner\_work\xpco\xpco\allsolutions\..\mip\platformplugin\videoos.platform\unittest\bin\debug\net6.0-windows\videoos.platform.tests.dll" id="3487929c-15fb-a7da-5bec-346afcbec7da">
      <Execution id="6c879a1d-6901-466a-aa3d-b4a91262adba" />
      <TestMethod codeBase="D:\actions-runner\_work\XPCO\XPCO\AllSolutions\..\MIP\PlatformPlugin\VideoOS.Platform\unittest\bin\Debug\net6.0-windows\VideoOS.Platform.Tests.dll" adapterTypeName="executor://mstestadapter/v2" className="VideoOS.Platform.Tests.Metadata.ShapeTests" name="ReadXml_ShouldLogWarningTwiceWhenMoreThanOneMinuteBetweenWarnings_WhenBoundingBoxIsMissing" />
    </UnitTest>
    <UnitTest name="Ctor_NullName_Throws" storage="d:\actions-runner\_work\xpco\xpco\allsolutions\..\mip\platformplugin\videoos.platform\unittest\bin\debug\net6.0-windows\videoos.platform.tests.dll" id="7f634cbe-20c0-73ce-7a57-e27b44400638">
      <TestCategory>
        <TestCategoryItem TestCategory="Search" />
      </TestCategory>
      <Execution id="7abe6879-41a8-458d-a030-1ad0a7ed17c7" />
      <TestMethod codeBase="D:\actions-runner\_work\XPCO\XPCO\AllSolutions\..\MIP\PlatformPlugin\VideoOS.Platform\unittest\bin\Debug\net6.0-windows\VideoOS.Platform.Tests.dll" adapterTypeName="executor://mstestadapter/v2" className="VideoOS.Platform.Tests.Search.FilterCategories.PersonSearchFilterCategoryTest" name="Ctor_NullName_Throws" />
    </UnitTest>
    <UnitTest name="SearchResultData_EndTime_Success" storage="d:\actions-runner\_work\xpco\xpco\allsolutions\..\mip\platformplugin\videoos.platform\unittest\bin\debug\net6.0-windows\videoos.platform.tests.dll" id="392352ae-d647-e68a-124a-33d5232e7f11">
      <TestCategory>
        <TestCategoryItem TestCategory="Search" />
      </TestCategory>
      <Execution id="b9c0bee0-7253-47bd-8fb8-52c03101d3c1" />
      <TestMethod codeBase="D:\actions-runner\_work\XPCO\XPCO\AllSolutions\..\MIP\PlatformPlugin\VideoOS.Platform\unittest\bin\Debug\net6.0-windows\VideoOS.Platform.Tests.dll" adapterTypeName="executor://mstestadapter/v2" className="VideoOS.Platform.Tests.Search.SearchResultDataTest" name="SearchResultData_EndTime_Success" />
    </UnitTest>
    <UnitTest name="Minimize_ShouldReturnTwoIntervals_WhenListContainsTwoNonOverlappingIntervals" storage="d:\actions-runner\_work\xpco\xpco\allsolutions\..\mip\platformplugin\videoos.platform\unittest\bin\debug\net6.0-windows\videoos.platform.tests.dll" id="f8feb370-a546-7995-c8e5-2c5a9509dee9">
      <Execution id="76db33ce-9963-4fb5-aa63-a5a1b0032e84" />
      <TestMethod codeBase="D:\actions-runner\_work\XPCO\XPCO\AllSolutions\..\MIP\PlatformPlugin\VideoOS.Platform\unittest\bin\Debug\net6.0-windows\VideoOS.Platform.Tests.dll" adapterTypeName="executor://mstestadapter/v2" className="VideoOS.Platform.Tests.Util.TimeIntervalTests" name="Minimize_ShouldReturnTwoIntervals_WhenListContainsTwoNonOverlappingIntervals" />
    </UnitTest>
    <UnitTest name="GetAtOrBefore_ShouldReturnNull_WhenToolkitReturnsNull" storage="d:\actions-runner\_work\xpco\xpco\allsolutions\..\mip\platformplugin\videoos.platform\unittest\bin\debug\net6.0-windows\videoos.platform.tests.dll" id="96ff7aa1-841c-ccfd-6ea5-bb02ee21f492">
      <Execution id="3353171f-0078-47fc-94a5-dea25e040efb" />
      <TestMethod codeBase="D:\actions-runner\_work\XPCO\XPCO\AllSolutions\..\MIP\PlatformPlugin\VideoOS.Platform\unittest\bin\Debug\net6.0-windows\VideoOS.Platform.Tests.dll" adapterTypeName="executor://mstestadapter/v2" className="VideoOS.Platform.Tests.Data.MetadataPlaybackSourceTests" name="GetAtOrBefore_ShouldReturnNull_WhenToolkitReturnsNull" />
    </UnitTest>
    <UnitTest name="Append_Element_KeyBackSlashString" storage="d:\actions-runner\_work\xpco\xpco\allsolutions\..\mip\platformplugin\videoos.platform\unittest\bin\debug\net6.0-windows\videoos.platform.tests.dll" id="90a2670f-70e3-342d-ffb1-12b2148b7041">
      <Execution id="76698913-08c8-4833-aa88-330bb6a61a2c" />
      <TestMethod codeBase="D:\actions-runner\_work\XPCO\XPCO\AllSolutions\..\MIP\PlatformPlugin\VideoOS.Platform\unittest\bin\Debug\net6.0-windows\VideoOS.Platform.Tests.dll" adapterTypeName="executor://mstestadapter/v2" className="VideoOS.Platform.Tests.Proxy.RestApi.JsonBuilderTests" name="Append_Element_KeyBackSlashString" />
    </UnitTest>
    <UnitTest name="ReadXml_ShouldIgnoreUnknownAttributes_WhenAlways" storage="d:\actions-runner\_work\xpco\xpco\allsolutions\..\mip\platformplugin\videoos.platform\unittest\bin\debug\net6.0-windows\videoos.platform.tests.dll" id="30eb4594-0190-4b3a-1578-17048e926b12">
      <Execution id="cd53027e-9825-4eb4-aa42-99ba04f4b350" />
      <TestMethod codeBase="D:\actions-runner\_work\XPCO\XPCO\AllSolutions\..\MIP\PlatformPlugin\VideoOS.Platform\unittest\bin\Debug\net6.0-windows\VideoOS.Platform.Tests.dll" adapterTypeName="executor://mstestadapter/v2" className="VideoOS.Platform.Tests.Metadata.RectangleTests" name="ReadXml_ShouldIgnoreUnknownAttributes_WhenAlways" />
    </UnitTest>
    <UnitTest name="JsonUtility_Compress_Success" storage="d:\actions-runner\_work\xpco\xpco\allsolutions\..\mip\platformplugin\videoos.platform\unittest\bin\debug\net6.0-windows\videoos.platform.tests.dll" id="4eb529fd-da3e-df70-1180-0619ee67e3c6">
      <Execution id="3ef33e5d-ed89-48e7-95bf-149b486017e1" />
      <TestMethod codeBase="D:\actions-runner\_work\XPCO\XPCO\AllSolutions\..\MIP\PlatformPlugin\VideoOS.Platform\unittest\bin\Debug\net6.0-windows\VideoOS.Platform.Tests.dll" adapterTypeName="executor://mstestadapter/v2" className="VideoOS.Platform.Tests.Proxy.RestApi.JsonBuilderTests" name="JsonUtility_Compress_Success" />
    </UnitTest>
    <UnitTest name="GetAtOrBefore_ShouldReturnLastElement_WhenTimestampIsSameAsLastElement" storage="d:\actions-runner\_work\xpco\xpco\allsolutions\..\mip\platformplugin\videoos.platform\unittest\bin\debug\net6.0-windows\videoos.platform.tests.dll" id="7d577a3c-0602-a0a6-e9b5-1f43ff437a96">
      <Execution id="14c82296-0802-4af4-b60c-b2647330e4ac" />
      <TestMethod codeBase="D:\actions-runner\_work\XPCO\XPCO\AllSolutions\..\MIP\PlatformPlugin\VideoOS.Platform\unittest\bin\Debug\net6.0-windows\VideoOS.Platform.Tests.dll" adapterTypeName="executor://mstestadapter/v2" className="VideoOS.Platform.Tests.Data.MetadataCacheTests" name="GetAtOrBefore_ShouldReturnLastElement_WhenTimestampIsSameAsLastElement" />
    </UnitTest>
    <UnitTest name="GetChildItems_ShouldReturnNull_WhenUnknownKind" storage="d:\actions-runner\_work\xpco\xpco\allsolutions\..\mip\platformplugin\videoos.platform\unittest\bin\debug\net6.0-windows\videoos.platform.tests.dll" id="bc878ccd-98a1-51a4-2cfc-16b619dea6f0">
      <Execution id="ea09a57c-1195-4f6e-afb2-4ba7bd295bd0" />
      <TestMethod codeBase="D:\actions-runner\_work\XPCO\XPCO\AllSolutions\..\MIP\PlatformPlugin\VideoOS.Platform\unittest\bin\Debug\net6.0-windows\VideoOS.Platform.Tests.dll" adapterTypeName="executor://mstestadapter/v2" className="VideoOS.Platform.Tests.Util.ConfigurationCacheTests" name="GetChildItems_ShouldReturnNull_WhenUnknownKind" />
    </UnitTest>
    <UnitTest name="GetGenderFilterValues_SingleSelection_Success" storage="d:\actions-runner\_work\xpco\xpco\allsolutions\..\mip\platformplugin\videoos.platform\unittest\bin\debug\net6.0-windows\videoos.platform.tests.dll" id="1e01348f-4956-9c30-5322-aed75f85144b">
      <TestCategory>
        <TestCategoryItem TestCategory="Search" />
      </TestCategory>
      <Execution id="df37b2ea-74a8-4e56-bce3-561bb87f3a28" />
      <TestMethod codeBase="D:\actions-runner\_work\XPCO\XPCO\AllSolutions\..\MIP\PlatformPlugin\VideoOS.Platform\unittest\bin\Debug\net6.0-windows\VideoOS.Platform.Tests.dll" adapterTypeName="executor://mstestadapter/v2" className="VideoOS.Platform.Tests.Search.FilterCategories.PersonSearchFilterCategoryTest" name="GetGenderFilterValues_SingleSelection_Success" />
    </UnitTest>
    <UnitTest name="MipItems_Property_Collection_NotEmpty" storage="d:\actions-runner\_work\xpco\xpco\allsolutions\..\mip\platformplugin\videoos.platform\unittest\bin\debug\net6.0-windows\videoos.platform.tests.dll" id="984bc27d-a5c7-32fa-f1e8-153a12469bdb">
      <Execution id="d67965f2-d29b-41a4-b100-3dc53a529be2" />
      <TestMethod codeBase="D:\actions-runner\_work\XPCO\XPCO\AllSolutions\..\MIP\PlatformPlugin\VideoOS.Platform\unittest\bin\Debug\net6.0-windows\VideoOS.Platform.Tests.dll" adapterTypeName="executor://mstestadapter/v2" className="VideoOS.Platform.Tests.UI.ItemPicker.ItemViewModelTest" name="MipItems_Property_Collection_NotEmpty" />
    </UnitTest>
    <UnitTest name="Equals_ShouldReturnTrue_WhenHostDifferOnlyByProtocol" storage="d:\actions-runner\_work\xpco\xpco\allsolutions\..\mip\platformplugin\videoos.platform\unittest\bin\debug\net6.0-windows\videoos.platform.tests.dll" id="12453e35-9e6c-1895-86bb-d53b925cb8c9">
      <Execution id="bd8c78f8-a877-4a91-9552-7c661e360ffd" />
      <TestMethod codeBase="D:\actions-runner\_work\XPCO\XPCO\AllSolutions\..\MIP\PlatformPlugin\VideoOS.Platform\unittest\bin\Debug\net6.0-windows\VideoOS.Platform.Tests.dll" adapterTypeName="executor://mstestadapter/v2" className="VideoOS.Platform.Tests.ServerIdTests" name="Equals_ShouldReturnTrue_WhenHostDifferOnlyByProtocol" />
    </UnitTest>
    <UnitTest name="SearializePlusDeserialize_NestedElement_ShouldResultInSameString" storage="d:\actions-runner\_work\xpco\xpco\allsolutions\..\mip\platformplugin\videoos.platform\unittest\bin\debug\net6.0-windows\videoos.platform.tests.dll" id="d218b1ec-f943-b4b5-4c70-d50ae6005d5d">
      <Execution id="ecde9bd2-ccd5-4c04-a87f-581a2c0131c8" />
      <TestMethod codeBase="D:\actions-runner\_work\XPCO\XPCO\AllSolutions\..\MIP\PlatformPlugin\VideoOS.Platform\unittest\bin\Debug\net6.0-windows\VideoOS.Platform.Tests.dll" adapterTypeName="executor://mstestadapter/v2" className="VideoOS.Platform.Tests.Proxy.RestApi.JsonObjectTests" name="SearializePlusDeserialize_NestedElement_ShouldResultInSameString" />
    </UnitTest>
    <UnitTest name="RegionSelectionFilterValue_Deserialize_Success" storage="d:\actions-runner\_work\xpco\xpco\allsolutions\..\mip\platformplugin\videoos.platform\unittest\bin\debug\net6.0-windows\videoos.platform.tests.dll" id="ba44ddc9-34e5-6996-f0e1-93c6786eed78">
      <TestCategory>
        <TestCategoryItem TestCategory="Search" />
      </TestCategory>
      <Execution id="d1c50188-13e4-4b27-aa5c-2b2f2f22a0de" />
      <TestMethod codeBase="D:\actions-runner\_work\XPCO\XPCO\AllSolutions\..\MIP\PlatformPlugin\VideoOS.Platform\unittest\bin\Debug\net6.0-windows\VideoOS.Platform.Tests.dll" adapterTypeName="executor://mstestadapter/v2" className="VideoOS.Platform.Tests.Search.FilterValues.FilterValueTests" name="RegionSelectionFilterValue_Deserialize_Success" />
    </UnitTest>
    <UnitTest name="WriteXml_ShouldWriteCenterOfGravityElement_WhenCenterOfGravityIsNotNull" storage="d:\actions-runner\_work\xpco\xpco\allsolutions\..\mip\platformplugin\videoos.platform\unittest\bin\debug\net6.0-windows\videoos.platform.tests.dll" id="4937d7ac-b3aa-c23d-f312-18cd0c6ed990">
      <Execution id="a2f4b4ac-02ed-4907-b0f0-0de5ce4a872c" />
      <TestMethod codeBase="D:\actions-runner\_work\XPCO\XPCO\AllSolutions\..\MIP\PlatformPlugin\VideoOS.Platform\unittest\bin\Debug\net6.0-windows\VideoOS.Platform.Tests.dll" adapterTypeName="executor://mstestadapter/v2" className="VideoOS.Platform.Tests.Metadata.ShapeTests" name="WriteXml_ShouldWriteCenterOfGravityElement_WhenCenterOfGravityIsNotNull" />
    </UnitTest>
    <UnitTest name="WriteMetadataXmlWithString_ShouldWriteRootElement_WhenDataIsPresent" storage="d:\actions-runner\_work\xpco\xpco\allsolutions\..\mip\platformplugin\videoos.platform\unittest\bin\debug\net6.0-windows\videoos.platform.tests.dll" id="3a3b003d-e9ff-947e-0664-bd777109fe74">
      <Execution id="09e9f681-3d68-4796-9f60-5de2846392f2" />
      <TestMethod codeBase="D:\actions-runner\_work\XPCO\XPCO\AllSolutions\..\MIP\PlatformPlugin\VideoOS.Platform\unittest\bin\Debug\net6.0-windows\VideoOS.Platform.Tests.dll" adapterTypeName="executor://mstestadapter/v2" className="VideoOS.Platform.Tests.Metadata.MetadataSerializerTests" name="WriteMetadataXmlWithString_ShouldWriteRootElement_WhenDataIsPresent" />
    </UnitTest>
    <UnitTest name="Serialize_TestCases (TestParentTypeMatchInterfaceThisTypeNotMatchedProperty)" storage="d:\actions-runner\_work\xpco\xpco\allsolutions\..\mip\platformplugin\videoos.platform\unittest\bin\debug\net6.0-windows\videoos.platform.tests.dll" id="0bab0433-8652-888f-3edd-7e1d722c4c52">
      <Execution id="23b730bd-6322-4b37-a43c-77f953c55b77" />
      <TestMethod codeBase="D:\actions-runner\_work\XPCO\XPCO\AllSolutions\..\MIP\PlatformPlugin\VideoOS.Platform\unittest\bin\Debug\net6.0-windows\VideoOS.Platform.Tests.dll" adapterTypeName="executor://mstestadapter/v2" className="VideoOS.Platform.Tests.UI.Controls.Automation.Serialization.AutomationObjectSerializerTest" name="Serialize_TestCases" />
    </UnitTest>
    <UnitTest name="Parse_Int_Invalid" storage="d:\actions-runner\_work\xpco\xpco\allsolutions\..\mip\platformplugin\videoos.platform\unittest\bin\debug\net6.0-windows\videoos.platform.tests.dll" id="8cb20cd0-1e7e-f4a1-66cd-e7e59b7d8aab">
      <Execution id="58c5629f-1366-4628-aeb6-f9244e73c3f0" />
      <TestMethod codeBase="D:\actions-runner\_work\XPCO\XPCO\AllSolutions\..\MIP\PlatformPlugin\VideoOS.Platform\unittest\bin\Debug\net6.0-windows\VideoOS.Platform.Tests.dll" adapterTypeName="executor://mstestadapter/v2" className="VideoOS.Platform.Tests.Proxy.RestApi.JsonReaderTests" name="Parse_Int_Invalid" />
    </UnitTest>
    <UnitTest name="ReadXml_ShouldLogWarningOnlyOnceWithinOneMinute_WhenClassCandidateIsNotValid" storage="d:\actions-runner\_work\xpco\xpco\allsolutions\..\mip\platformplugin\videoos.platform\unittest\bin\debug\net6.0-windows\videoos.platform.tests.dll" id="21fa9385-bfaf-d1fb-f620-6ac18f449c60">
      <Execution id="b68c8b4d-9b0c-4d41-a01d-8e05de99c8c6" />
      <TestMethod codeBase="D:\actions-runner\_work\XPCO\XPCO\AllSolutions\..\MIP\PlatformPlugin\VideoOS.Platform\unittest\bin\Debug\net6.0-windows\VideoOS.Platform.Tests.dll" adapterTypeName="executor://mstestadapter/v2" className="VideoOS.Platform.Tests.Metadata.OnvifClassTests" name="ReadXml_ShouldLogWarningOnlyOnceWithinOneMinute_WhenClassCandidateIsNotValid" />
    </UnitTest>
    <UnitTest name="Decrypt_ShouldReturnInputAsIs" storage="d:\actions-runner\_work\xpco\xpco\allsolutions\..\mip\platformplugin\videoos.platform\unittest\bin\debug\net6.0-windows\videoos.platform.tests.dll" id="e060b440-f3f0-8ff1-976f-fddc5cc26f62">
      <Execution id="ca011cc8-e918-4b86-9a89-3884a1642e45" />
      <TestMethod codeBase="D:\actions-runner\_work\XPCO\XPCO\AllSolutions\..\MIP\PlatformPlugin\VideoOS.Platform\unittest\bin\Debug\net6.0-windows\VideoOS.Platform.Tests.dll" adapterTypeName="executor://mstestadapter/v2" className="VideoOS.Platform.Tests.License.LicenseCompatibilityHandlerTests" name="Decrypt_ShouldReturnInputAsIs" />
    </UnitTest>
    <UnitTest name="WriteXml_ShouldWriteAppearanceElement_WhenAppearanceIsNotNull" storage="d:\actions-runner\_work\xpco\xpco\allsolutions\..\mip\platformplugin\videoos.platform\unittest\bin\debug\net6.0-windows\videoos.platform.tests.dll" id="b5ae8819-8b54-7370-da1b-0cdd20d995d0">
      <Execution id="0f1f979a-8521-461a-8e0d-63a0bbd13ec6" />
      <TestMethod codeBase="D:\actions-runner\_work\XPCO\XPCO\AllSolutions\..\MIP\PlatformPlugin\VideoOS.Platform\unittest\bin\Debug\net6.0-windows\VideoOS.Platform.Tests.dll" adapterTypeName="executor://mstestadapter/v2" className="VideoOS.Platform.Tests.Metadata.OnvifObjectTests" name="WriteXml_ShouldWriteAppearanceElement_WhenAppearanceIsNotNull" />
    </UnitTest>
    <UnitTest name="WriteXml_ShouldWriteBoundingBoxAppearanceElements_WhenTheyArePresent" storage="d:\actions-runner\_work\xpco\xpco\allsolutions\..\mip\platformplugin\videoos.platform\unittest\bin\debug\net6.0-windows\videoos.platform.tests.dll" id="8f3e0927-dc62-09dc-c947-424695b8bc40">
      <Execution id="704d0e45-5a1b-497c-b0d7-326bbc65ca43" />
      <TestMethod codeBase="D:\actions-runner\_work\XPCO\XPCO\AllSolutions\..\MIP\PlatformPlugin\VideoOS.Platform\unittest\bin\Debug\net6.0-windows\VideoOS.Platform.Tests.dll" adapterTypeName="executor://mstestadapter/v2" className="VideoOS.Platform.Tests.Metadata.ShapeTests" name="WriteXml_ShouldWriteBoundingBoxAppearanceElements_WhenTheyArePresent" />
    </UnitTest>
    <UnitTest name="Equals_IgnoreFolderType_Fail_OnServerIdId" storage="d:\actions-runner\_work\xpco\xpco\allsolutions\..\mip\platformplugin\videoos.platform\unittest\bin\debug\net6.0-windows\videoos.platform.tests.dll" id="e036dcac-c98f-c247-938a-14a54b7a60ea">
      <Execution id="f95cae92-c8a2-4f36-9764-b01aa165a9e0" />
      <TestMethod codeBase="D:\actions-runner\_work\XPCO\XPCO\AllSolutions\..\MIP\PlatformPlugin\VideoOS.Platform\unittest\bin\Debug\net6.0-windows\VideoOS.Platform.Tests.dll" adapterTypeName="executor://mstestadapter/v2" className="VideoOS.Platform.Tests.FQIDtests" name="Equals_IgnoreFolderType_Fail_OnServerIdId" />
    </UnitTest>
    <UnitTest name="CountByItems_Activated_CountByCounter_Trial3" storage="d:\actions-runner\_work\xpco\xpco\allsolutions\..\mip\platformplugin\videoos.platform\unittest\bin\debug\net6.0-windows\videoos.platform.tests.dll" id="e10db072-c885-f638-cbd6-f0cb1d9146d0">
      <Execution id="ac58e941-1a24-42db-8e76-15dddd3423cd" />
      <TestMethod codeBase="D:\actions-runner\_work\XPCO\XPCO\AllSolutions\..\MIP\PlatformPlugin\VideoOS.Platform\unittest\bin\Debug\net6.0-windows\VideoOS.Platform.Tests.dll" adapterTypeName="executor://mstestadapter/v2" className="VideoOS.Platform.Tests.License.ResolvedLicenseCountTest" name="CountByItems_Activated_CountByCounter_Trial3" />
    </UnitTest>
    <UnitTest name="Serialize_TestCases (TestParentTypeMatchCollectionThisTypeNotMatchedProperty)" storage="d:\actions-runner\_work\xpco\xpco\allsolutions\..\mip\platformplugin\videoos.platform\unittest\bin\debug\net6.0-windows\videoos.platform.tests.dll" id="31f28e4c-6fb6-b0cc-cd29-bcccd2779f6e">
      <Execution id="91af7c55-1a22-446d-a561-893cd1211a22" />
      <TestMethod codeBase="D:\actions-runner\_work\XPCO\XPCO\AllSolutions\..\MIP\PlatformPlugin\VideoOS.Platform\unittest\bin\Debug\net6.0-windows\VideoOS.Platform.Tests.dll" adapterTypeName="executor://mstestadapter/v2" className="VideoOS.Platform.Tests.UI.Controls.Automation.Serialization.AutomationObjectSerializerTest" name="Serialize_TestCases" />
    </UnitTest>
    <UnitTest name="LicensesObjectId_ShouldBeTheSameAsReleasedBeforeNonFips" storage="d:\actions-runner\_work\xpco\xpco\allsolutions\..\mip\platformplugin\videoos.platform\unittest\bin\debug\net6.0-windows\videoos.platform.tests.dll" id="a17fc58f-03d2-d783-1f61-cc54e1b01c86">
      <Execution id="97c0d402-c0fa-481e-8e7d-025fb56437b1" />
      <TestMethod codeBase="D:\actions-runner\_work\XPCO\XPCO\AllSolutions\..\MIP\PlatformPlugin\VideoOS.Platform\unittest\bin\Debug\net6.0-windows\VideoOS.Platform.Tests.dll" adapterTypeName="executor://mstestadapter/v2" className="VideoOS.Platform.Tests.License.NonFipsLicenseCompatibilityHandlerTests" name="LicensesObjectId_ShouldBeTheSameAsReleasedBeforeNonFips" />
    </UnitTest>
    <UnitTest name="GetTranslations_Success" storage="d:\actions-runner\_work\xpco\xpco\allsolutions\..\mip\platformplugin\videoos.platform\unittest\bin\debug\net6.0-windows\videoos.platform.tests.dll" id="7cd2c95d-3a22-0d5c-c07f-69fa30ef94a1">
      <Execution id="f3eec0e1-fff8-4399-9630-66ccc16283c1" />
      <TestMethod codeBase="D:\actions-runner\_work\XPCO\XPCO\AllSolutions\..\MIP\PlatformPlugin\VideoOS.Platform\unittest\bin\Debug\net6.0-windows\VideoOS.Platform.Tests.dll" adapterTypeName="executor://mstestadapter/v2" className="VideoOS.Platform.Tests.Proxy.RestApi.RestApiClientDecoratorTests" name="GetTranslations_Success" />
    </UnitTest>
    <UnitTest name="UtcTimeAttributeWasPresent_ShouldReturnFalse_WhenUtcTimeAttributeIsPresentButNotParsable" storage="d:\actions-runner\_work\xpco\xpco\allsolutions\..\mip\platformplugin\videoos.platform\unittest\bin\debug\net6.0-windows\videoos.platform.tests.dll" id="479ac9a4-db24-66b5-ae47-500a4c5f414e">
      <Execution id="75a5e7ea-4438-474a-804a-80ca81955e3a" />
      <TestMethod codeBase="D:\actions-runner\_work\XPCO\XPCO\AllSolutions\..\MIP\PlatformPlugin\VideoOS.Platform\unittest\bin\Debug\net6.0-windows\VideoOS.Platform.Tests.dll" adapterTypeName="executor://mstestadapter/v2" className="VideoOS.Platform.Tests.Metadata.FrameTests" name="UtcTimeAttributeWasPresent_ShouldReturnFalse_WhenUtcTimeAttributeIsPresentButNotParsable" />
    </UnitTest>
    <UnitTest name="ModifyCollection_ShouldNotInvokeCallback_WhenNotObservable" storage="d:\actions-runner\_work\xpco\xpco\allsolutions\..\mip\platformplugin\videoos.platform\unittest\bin\debug\net6.0-windows\videoos.platform.tests.dll" id="0a40eef3-f831-ffd2-4845-4121490071ff">
      <Execution id="e3c78d5b-7048-4481-b04b-991fe06e54ab" />
      <TestMethod codeBase="D:\actions-runner\_work\XPCO\XPCO\AllSolutions\..\MIP\PlatformPlugin\VideoOS.Platform\unittest\bin\Debug\net6.0-windows\VideoOS.Platform.Tests.dll" adapterTypeName="executor://mstestadapter/v2" className="VideoOS.Platform.Tests.UI.Controls.CollectionHelperTest" name="ModifyCollection_ShouldNotInvokeCallback_WhenNotObservable" />
    </UnitTest>
    <UnitTest name="AppendItemPicked_MultiSelect_AppendTwoItems_BothSelected" storage="d:\actions-runner\_work\xpco\xpco\allsolutions\..\mip\platformplugin\videoos.platform\unittest\bin\debug\net6.0-windows\videoos.platform.tests.dll" id="fbabebe5-f475-8769-2079-7693b5c62d8c">
      <Execution id="e6112d8d-65ff-4517-9975-f8f8bdf51829" />
      <TestMethod codeBase="D:\actions-runner\_work\XPCO\XPCO\AllSolutions\..\MIP\PlatformPlugin\VideoOS.Platform\unittest\bin\Debug\net6.0-windows\VideoOS.Platform.Tests.dll" adapterTypeName="executor://mstestadapter/v2" className="VideoOS.Platform.Tests.UI.ItemPicker.ItemPickerViewModelTest" name="AppendItemPicked_MultiSelect_AppendTwoItems_BothSelected" />
    </UnitTest>
    <UnitTest name="CollectionReplaced_ShouldInvokeCallback_WhenObservable" storage="d:\actions-runner\_work\xpco\xpco\allsolutions\..\mip\platformplugin\videoos.platform\unittest\bin\debug\net6.0-windows\videoos.platform.tests.dll" id="a9e125d3-70c7-168e-1c81-0d36cf4ad5a1">
      <Execution id="181f1352-64f7-422a-9ca1-8afe2c674ab9" />
      <TestMethod codeBase="D:\actions-runner\_work\XPCO\XPCO\AllSolutions\..\MIP\PlatformPlugin\VideoOS.Platform\unittest\bin\Debug\net6.0-windows\VideoOS.Platform.Tests.dll" adapterTypeName="executor://mstestadapter/v2" className="VideoOS.Platform.Tests.UI.Controls.CollectionHelperTest" name="CollectionReplaced_ShouldInvokeCallback_WhenObservable" />
    </UnitTest>
    <UnitTest name="ReadXml_ShouldReadXmlAndCreateSameValues_WhenItIsWrittenByWriteXml" storage="d:\actions-runner\_work\xpco\xpco\allsolutions\..\mip\platformplugin\videoos.platform\unittest\bin\debug\net6.0-windows\videoos.platform.tests.dll" id="fb65aff9-84a8-5b2a-92bd-f76bc29d120f">
      <Execution id="5ea0b58e-b383-4344-8438-62f880a9b674" />
      <TestMethod codeBase="D:\actions-runner\_work\XPCO\XPCO\AllSolutions\..\MIP\PlatformPlugin\VideoOS.Platform\unittest\bin\Debug\net6.0-windows\VideoOS.Platform.Tests.dll" adapterTypeName="executor://mstestadapter/v2" className="VideoOS.Platform.Tests.Metadata.NavigationalDataTests" name="ReadXml_ShouldReadXmlAndCreateSameValues_WhenItIsWrittenByWriteXml" />
    </UnitTest>
    <UnitTest name="GetPrevious_ShouldReturnLastDataEntityFromToolkitCall_WhenDataIsNotInCache" storage="d:\actions-runner\_work\xpco\xpco\allsolutions\..\mip\platformplugin\videoos.platform\unittest\bin\debug\net6.0-windows\videoos.platform.tests.dll" id="b9255dfa-9628-1fda-ee6f-f5fa66f81e57">
      <Execution id="de95389b-b110-4534-93d0-ae9ea7dc7a12" />
      <TestMethod codeBase="D:\actions-runner\_work\XPCO\XPCO\AllSolutions\..\MIP\PlatformPlugin\VideoOS.Platform\unittest\bin\Debug\net6.0-windows\VideoOS.Platform.Tests.dll" adapterTypeName="executor://mstestadapter/v2" className="VideoOS.Platform.Tests.Data.MetadataPlaybackSourceTests" name="GetPrevious_ShouldReturnLastDataEntityFromToolkitCall_WhenDataIsNotInCache" />
    </UnitTest>
    <UnitTest name="Serialize_ShouldThrowException_WhenPropertyIsSimpleTypeButPathContainsChildren (BoolProperty)" storage="d:\actions-runner\_work\xpco\xpco\allsolutions\..\mip\platformplugin\videoos.platform\unittest\bin\debug\net6.0-windows\videoos.platform.tests.dll" id="fd290f76-7b88-41f1-16eb-aef97d9a9bcf">
      <Execution id="73d1dacb-558a-40f7-925d-dee579bb7910" />
      <TestMethod codeBase="D:\actions-runner\_work\XPCO\XPCO\AllSolutions\..\MIP\PlatformPlugin\VideoOS.Platform\unittest\bin\Debug\net6.0-windows\VideoOS.Platform.Tests.dll" adapterTypeName="executor://mstestadapter/v2" className="VideoOS.Platform.Tests.UI.Controls.Automation.Serialization.AutomationObjectSerializerTest" name="Serialize_ShouldThrowException_WhenPropertyIsSimpleTypeButPathContainsChildren" />
    </UnitTest>
    <UnitTest name="GetLicensePlateFilterValue_ValidSelection_Success" storage="d:\actions-runner\_work\xpco\xpco\allsolutions\..\mip\platformplugin\videoos.platform\unittest\bin\debug\net6.0-windows\videoos.platform.tests.dll" id="43af5117-1f9c-6ca5-e2b0-3bd57b512c6f">
      <TestCategory>
        <TestCategoryItem TestCategory="Search" />
      </TestCategory>
      <Execution id="22f8d624-b5c0-4fa3-afbf-dff44a5a103d" />
      <TestMethod codeBase="D:\actions-runner\_work\XPCO\XPCO\AllSolutions\..\MIP\PlatformPlugin\VideoOS.Platform\unittest\bin\Debug\net6.0-windows\VideoOS.Platform.Tests.dll" adapterTypeName="executor://mstestadapter/v2" className="VideoOS.Platform.Tests.Search.FilterCategories.VehicleSearchFilterCategoryTest" name="GetLicensePlateFilterValue_ValidSelection_Success" />
    </UnitTest>
    <UnitTest name="Init_ShouldDisconnectImageExporter_OnSecondInit" storage="d:\actions-runner\_work\xpco\xpco\allsolutions\..\mip\platformplugin\videoos.platform\unittest\bin\debug\net6.0-windows\videoos.platform.tests.dll" id="f078252f-e622-661e-c5dc-189c04c6d312">
      <Execution id="a9963b30-af77-49cc-a06e-0e3edc66cbf3" />
      <TestMethod codeBase="D:\actions-runner\_work\XPCO\XPCO\AllSolutions\..\MIP\PlatformPlugin\VideoOS.Platform\unittest\bin\Debug\net6.0-windows\VideoOS.Platform.Tests.dll" adapterTypeName="executor://mstestadapter/v2" className="VideoOS.Platform.Tests.Data.MetadataPlaybackSourceTests" name="Init_ShouldDisconnectImageExporter_OnSecondInit" />
    </UnitTest>
    <UnitTest name="OnSearchResultsReady_ShouldNotSetSearchDefinitionOnResults_WhenAlreadySet" storage="d:\actions-runner\_work\xpco\xpco\allsolutions\..\mip\platformplugin\videoos.platform\unittest\bin\debug\net6.0-windows\videoos.platform.tests.dll" id="0c0836ab-4cd8-bcb2-8664-28d80763d09f">
      <TestCategory>
        <TestCategoryItem TestCategory="Search" />
      </TestCategory>
      <Execution id="0ad0f9a1-5cc8-490e-960e-1acabcbdcaaa" />
      <TestMethod codeBase="D:\actions-runner\_work\XPCO\XPCO\AllSolutions\..\MIP\PlatformPlugin\VideoOS.Platform\unittest\bin\Debug\net6.0-windows\VideoOS.Platform.Tests.dll" adapterTypeName="executor://mstestadapter/v2" className="VideoOS.Platform.Tests.Search.SearchDefinitionTest" name="OnSearchResultsReady_ShouldNotSetSearchDefinitionOnResults_WhenAlreadySet" />
    </UnitTest>
    <UnitTest name="GetMetadataObjectIdsAsync_SingleInvocation_DelegatedToInternalMethod" storage="d:\actions-runner\_work\xpco\xpco\allsolutions\..\mip\platformplugin\videoos.platform\unittest\bin\debug\net6.0-windows\videoos.platform.tests.dll" id="ecf74651-4fc2-6bc3-0181-d2278e0bfbfa">
      <TestCategory>
        <TestCategoryItem TestCategory="Search" />
      </TestCategory>
      <Execution id="663e7300-0bf8-48af-9197-a4ae4c8c792c" />
      <TestMethod codeBase="D:\actions-runner\_work\XPCO\XPCO\AllSolutions\..\MIP\PlatformPlugin\VideoOS.Platform\unittest\bin\Debug\net6.0-windows\VideoOS.Platform.Tests.dll" adapterTypeName="executor://mstestadapter/v2" className="VideoOS.Platform.Tests.Search.SearchResultDataTest" name="GetMetadataObjectIdsAsync_SingleInvocation_DelegatedToInternalMethod" />
    </UnitTest>
    <UnitTest name="Populate_SearchTextSet_SearchFilter_False" storage="d:\actions-runner\_work\xpco\xpco\allsolutions\..\mip\platformplugin\videoos.platform\unittest\bin\debug\net6.0-windows\videoos.platform.tests.dll" id="d2d1d21b-c98b-721d-a336-85243335bc1f">
      <Execution id="4801289c-b008-4b25-b398-28817e7c8d46" />
      <TestMethod codeBase="D:\actions-runner\_work\XPCO\XPCO\AllSolutions\..\MIP\PlatformPlugin\VideoOS.Platform\unittest\bin\Debug\net6.0-windows\VideoOS.Platform.Tests.dll" adapterTypeName="executor://mstestadapter/v2" className="VideoOS.Platform.Tests.UI.ItemPicker.PopulateThreadTest" name="Populate_SearchTextSet_SearchFilter_False" />
    </UnitTest>
    <UnitTest name="Move_ShouldInvokeCallback_WhenObservable" storage="d:\actions-runner\_work\xpco\xpco\allsolutions\..\mip\platformplugin\videoos.platform\unittest\bin\debug\net6.0-windows\videoos.platform.tests.dll" id="d1e36374-9329-5797-656e-7f2208258af5">
      <Execution id="f6e647c5-2176-4da6-98dc-982f6c41da4e" />
      <TestMethod codeBase="D:\actions-runner\_work\XPCO\XPCO\AllSolutions\..\MIP\PlatformPlugin\VideoOS.Platform\unittest\bin\Debug\net6.0-windows\VideoOS.Platform.Tests.dll" adapterTypeName="executor://mstestadapter/v2" className="VideoOS.Platform.Tests.UI.Controls.CollectionHelperTest" name="Move_ShouldInvokeCallback_WhenObservable" />
    </UnitTest>
    <UnitTest name="JsonObjectTest" storage="d:\actions-runner\_work\xpco\xpco\allsolutions\..\mip\platformplugin\videoos.platform\unittest\bin\debug\net6.0-windows\videoos.platform.tests.dll" id="24f4c2d7-2c1a-d96f-02e1-f48f7d97bc91">
      <Execution id="be47004c-2b3f-4146-a76e-f5909392f64d" />
      <TestMethod codeBase="D:\actions-runner\_work\XPCO\XPCO\AllSolutions\..\MIP\PlatformPlugin\VideoOS.Platform\unittest\bin\Debug\net6.0-windows\VideoOS.Platform.Tests.dll" adapterTypeName="executor://mstestadapter/v2" className="VideoOS.Platform.Tests.Proxy.RestApi.JsonObjectTests" name="JsonObjectTest" />
    </UnitTest>
    <UnitTest name="ReadXml_ShouldLogWarningTwiceWhenMoreThanOneMinuteBetweenWarnings_WhenCenterOfGravityIsIncomplete" storage="d:\actions-runner\_work\xpco\xpco\allsolutions\..\mip\platformplugin\videoos.platform\unittest\bin\debug\net6.0-windows\videoos.platform.tests.dll" id="ec6e182c-c60a-0650-a430-7ebc2fa1ec79">
      <Execution id="eafdf464-3a82-4c46-b2f3-d5175391d968" />
      <TestMethod codeBase="D:\actions-runner\_work\XPCO\XPCO\AllSolutions\..\MIP\PlatformPlugin\VideoOS.Platform\unittest\bin\Debug\net6.0-windows\VideoOS.Platform.Tests.dll" adapterTypeName="executor://mstestadapter/v2" className="VideoOS.Platform.Tests.Metadata.ShapeTests" name="ReadXml_ShouldLogWarningTwiceWhenMoreThanOneMinuteBetweenWarnings_WhenCenterOfGravityIsIncomplete" />
    </UnitTest>
    <UnitTest name="CountByItems_Activated_CountByCounter_TrialExpired" storage="d:\actions-runner\_work\xpco\xpco\allsolutions\..\mip\platformplugin\videoos.platform\unittest\bin\debug\net6.0-windows\videoos.platform.tests.dll" id="25a2ab59-4e6b-8585-ad34-1909dafc5c3e">
      <Execution id="2702d107-af84-4c78-b131-8dd1da509163" />
      <TestMethod codeBase="D:\actions-runner\_work\XPCO\XPCO\AllSolutions\..\MIP\PlatformPlugin\VideoOS.Platform\unittest\bin\Debug\net6.0-windows\VideoOS.Platform.Tests.dll" adapterTypeName="executor://mstestadapter/v2" className="VideoOS.Platform.Tests.License.ResolvedLicenseCountTest" name="CountByItems_Activated_CountByCounter_TrialExpired" />
    </UnitTest>
    <UnitTest name="AllowGroupSelectionFalse_MultiSelect_ElementsInGroupSelected" storage="d:\actions-runner\_work\xpco\xpco\allsolutions\..\mip\platformplugin\videoos.platform\unittest\bin\debug\net6.0-windows\videoos.platform.tests.dll" id="b09c7353-a02d-ff9f-8437-0ec01da8590a">
      <Execution id="355240e5-633c-4bc8-a43a-61a3d1abb611" />
      <TestMethod codeBase="D:\actions-runner\_work\XPCO\XPCO\AllSolutions\..\MIP\PlatformPlugin\VideoOS.Platform\unittest\bin\Debug\net6.0-windows\VideoOS.Platform.Tests.dll" adapterTypeName="executor://mstestadapter/v2" className="VideoOS.Platform.Tests.UI.ItemPicker.ItemPickerViewModelTest" name="AllowGroupSelectionFalse_MultiSelect_ElementsInGroupSelected" />
    </UnitTest>
    <UnitTest name="Serialize_TestCases (TestParentTypeMatchStructNotThisTypeMatchedProperty)" storage="d:\actions-runner\_work\xpco\xpco\allsolutions\..\mip\platformplugin\videoos.platform\unittest\bin\debug\net6.0-windows\videoos.platform.tests.dll" id="5bac1777-a319-8667-ff3f-004d4997fdfd">
      <Execution id="424e5b49-7fdf-47c3-bbd3-addc5cedc1b5" />
      <TestMethod codeBase="D:\actions-runner\_work\XPCO\XPCO\AllSolutions\..\MIP\PlatformPlugin\VideoOS.Platform\unittest\bin\Debug\net6.0-windows\VideoOS.Platform.Tests.dll" adapterTypeName="executor://mstestadapter/v2" className="VideoOS.Platform.Tests.UI.Controls.Automation.Serialization.AutomationObjectSerializerTest" name="Serialize_TestCases" />
    </UnitTest>
    <UnitTest name="Contains_Camera_ServerIDNull_Checked_Failed" storage="d:\actions-runner\_work\xpco\xpco\allsolutions\..\mip\platformplugin\videoos.platform\unittest\bin\debug\net6.0-windows\videoos.platform.tests.dll" id="1eda914f-da94-406c-7d55-9addceb31e52">
      <Execution id="d3e3fcb4-9922-42cb-b53e-a1ccde70d33c" />
      <TestMethod codeBase="D:\actions-runner\_work\XPCO\XPCO\AllSolutions\..\MIP\PlatformPlugin\VideoOS.Platform\unittest\bin\Debug\net6.0-windows\VideoOS.Platform.Tests.dll" adapterTypeName="executor://mstestadapter/v2" className="VideoOS.Platform.Tests.FQIDtests" name="Contains_Camera_ServerIDNull_Checked_Failed" />
    </UnitTest>
    <UnitTest name="TestConstructor_Success" storage="d:\actions-runner\_work\xpco\xpco\allsolutions\..\mip\platformplugin\videoos.platform\unittest\bin\debug\net6.0-windows\videoos.platform.tests.dll" id="e734e722-c897-0ccb-6f21-a044403c8cd2">
      <Execution id="3861dbb1-89f7-45ac-9ab5-adbd6479c17a" />
      <TestMethod codeBase="D:\actions-runner\_work\XPCO\XPCO\AllSolutions\..\MIP\PlatformPlugin\VideoOS.Platform\unittest\bin\Debug\net6.0-windows\VideoOS.Platform.Tests.dll" adapterTypeName="executor://mstestadapter/v2" className="VideoOS.Platform.Tests.Search.Error.UnknownSearchErrorTest" name="TestConstructor_Success" />
    </UnitTest>
    <UnitTest name="IsEmptyValue_DoubleRangeFilterValue_NonDefaultConfiguration_ReturnsFalse" storage="d:\actions-runner\_work\xpco\xpco\allsolutions\..\mip\platformplugin\videoos.platform\unittest\bin\debug\net6.0-windows\videoos.platform.tests.dll" id="f095befb-1220-164b-8d93-573101abd22c">
      <TestCategory>
        <TestCategoryItem TestCategory="Search" />
      </TestCategory>
      <Execution id="e10f09ea-8018-4232-90df-ad2128d09811" />
      <TestMethod codeBase="D:\actions-runner\_work\XPCO\XPCO\AllSolutions\..\MIP\PlatformPlugin\VideoOS.Platform\unittest\bin\Debug\net6.0-windows\VideoOS.Platform.Tests.dll" adapterTypeName="executor://mstestadapter/v2" className="VideoOS.Platform.Tests.Search.SearchFilterTest" name="IsEmptyValue_DoubleRangeFilterValue_NonDefaultConfiguration_ReturnsFalse" />
    </UnitTest>
    <UnitTest name="GenerateParameters_ShouldWriteModel_WhenAlways" storage="d:\actions-runner\_work\xpco\xpco\allsolutions\..\mip\platformplugin\videoos.platform\unittest\bin\debug\net6.0-windows\videoos.platform.tests.dll" id="31116a68-3b0f-f28f-7f53-0333062fc887">
      <Execution id="0992128d-671e-4b86-a975-b05546ddbb18" />
      <TestMethod codeBase="D:\actions-runner\_work\XPCO\XPCO\AllSolutions\..\MIP\PlatformPlugin\VideoOS.Platform\unittest\bin\Debug\net6.0-windows\VideoOS.Platform.Tests.dll" adapterTypeName="executor://mstestadapter/v2" className="VideoOS.Platform.Tests.Data.HardwareDefinitionTests" name="GenerateParameters_ShouldWriteModel_WhenAlways" />
    </UnitTest>
    <UnitTest name="ReadyToClose_OkCommand_MultiSelect_Thrown" storage="d:\actions-runner\_work\xpco\xpco\allsolutions\..\mip\platformplugin\videoos.platform\unittest\bin\debug\net6.0-windows\videoos.platform.tests.dll" id="e864a85a-61d6-71a9-12f2-7e66ec36a4d7">
      <Execution id="2a955d1f-01b7-40f0-b34e-8e6e5f79ff3a" />
      <TestMethod codeBase="D:\actions-runner\_work\XPCO\XPCO\AllSolutions\..\MIP\PlatformPlugin\VideoOS.Platform\unittest\bin\Debug\net6.0-windows\VideoOS.Platform.Tests.dll" adapterTypeName="executor://mstestadapter/v2" className="VideoOS.Platform.Tests.UI.ItemPicker.ItemPickerWindowViewModelTest" name="ReadyToClose_OkCommand_MultiSelect_Thrown" />
    </UnitTest>
    <UnitTest name="MatchId_Fail_MessageWithAsteriskAtEnd" storage="d:\actions-runner\_work\xpco\xpco\allsolutions\..\mip\platformplugin\videoos.platform\unittest\bin\debug\net6.0-windows\videoos.platform.tests.dll" id="d8aec2c2-feb6-0e42-e54d-284965f5dea7">
      <Execution id="6c54bb55-8552-40e8-b642-1e069dca63ee" />
      <TestMethod codeBase="D:\actions-runner\_work\XPCO\XPCO\AllSolutions\..\MIP\PlatformPlugin\VideoOS.Platform\unittest\bin\Debug\net6.0-windows\VideoOS.Platform.Tests.dll" adapterTypeName="executor://mstestadapter/v2" className="VideoOS.Platform.Tests.Messaging.CommunicationIdFilterTests" name="MatchId_Fail_MessageWithAsteriskAtEnd" />
    </UnitTest>
    <UnitTest name="CountByCounter_NotActivated_Empty" storage="d:\actions-runner\_work\xpco\xpco\allsolutions\..\mip\platformplugin\videoos.platform\unittest\bin\debug\net6.0-windows\videoos.platform.tests.dll" id="7c4b74fb-67e0-6834-21f2-2c0f78a66963">
      <Execution id="2fb6651b-56f1-437d-ac5c-067c1c24fbce" />
      <TestMethod codeBase="D:\actions-runner\_work\XPCO\XPCO\AllSolutions\..\MIP\PlatformPlugin\VideoOS.Platform\unittest\bin\Debug\net6.0-windows\VideoOS.Platform.Tests.dll" adapterTypeName="executor://mstestadapter/v2" className="VideoOS.Platform.Tests.License.ResolvedLicenseCountTest" name="CountByCounter_NotActivated_Empty" />
    </UnitTest>
    <UnitTest name="Ctor_TwoStandardFilters_Success" storage="d:\actions-runner\_work\xpco\xpco\allsolutions\..\mip\platformplugin\videoos.platform\unittest\bin\debug\net6.0-windows\videoos.platform.tests.dll" id="9cded436-df00-a929-7b4b-3c1f500b64fe">
      <TestCategory>
        <TestCategoryItem TestCategory="Search" />
      </TestCategory>
      <Execution id="6b22bd55-44b7-420d-b80a-6fe721e8ddc6" />
      <TestMethod codeBase="D:\actions-runner\_work\XPCO\XPCO\AllSolutions\..\MIP\PlatformPlugin\VideoOS.Platform\unittest\bin\Debug\net6.0-windows\VideoOS.Platform.Tests.dll" adapterTypeName="executor://mstestadapter/v2" className="VideoOS.Platform.Tests.Search.FilterCategories.VehicleSearchFilterCategoryTest" name="Ctor_TwoStandardFilters_Success" />
    </UnitTest>
    <UnitTest name="Serialize_TestCases (TestParentTypeMatchObjectNotThisTypeMatchedProperty)" storage="d:\actions-runner\_work\xpco\xpco\allsolutions\..\mip\platformplugin\videoos.platform\unittest\bin\debug\net6.0-windows\videoos.platform.tests.dll" id="e37104f1-0b9f-8085-a237-c134f8aaa64f">
      <Execution id="aebcf228-15b8-4cd4-a466-70cd752fa9bb" />
      <TestMethod codeBase="D:\actions-runner\_work\XPCO\XPCO\AllSolutions\..\MIP\PlatformPlugin\VideoOS.Platform\unittest\bin\Debug\net6.0-windows\VideoOS.Platform.Tests.dll" adapterTypeName="executor://mstestadapter/v2" className="VideoOS.Platform.Tests.UI.Controls.Automation.Serialization.AutomationObjectSerializerTest" name="Serialize_TestCases" />
    </UnitTest>
    <UnitTest name="Given_Exception_WhenSerializingAndDeserialing_Then_AllContentIsPreserved" storage="d:\actions-runner\_work\xpco\xpco\allsolutions\..\mip\platformplugin\videoos.platform\unittest\bin\debug\net6.0-windows\videoos.platform.tests.dll" id="3b7c8552-7a62-bee2-027f-19ba6bd6ceca">
      <Execution id="53808789-1306-4462-a605-8b866483fe41" />
      <TestMethod codeBase="D:\actions-runner\_work\XPCO\XPCO\AllSolutions\..\MIP\PlatformPlugin\VideoOS.Platform\unittest\bin\Debug\net6.0-windows\VideoOS.Platform.Tests.dll" adapterTypeName="executor://mstestadapter/v2" className="VideoOS.Platform.Tests.MIPExceptionsTest" name="Given_Exception_WhenSerializingAndDeserialing_Then_AllContentIsPreserved" />
    </UnitTest>
    <UnitTest name="GetParent_NoServerId_Check" storage="d:\actions-runner\_work\xpco\xpco\allsolutions\..\mip\platformplugin\videoos.platform\unittest\bin\debug\net6.0-windows\videoos.platform.tests.dll" id="871f6ec2-6973-6f3c-2bf4-5a51a50a4cf2">
      <Execution id="031f6d1d-2d82-43f3-ab12-88b79ff8df88" />
      <TestMethod codeBase="D:\actions-runner\_work\XPCO\XPCO\AllSolutions\..\MIP\PlatformPlugin\VideoOS.Platform\unittest\bin\Debug\net6.0-windows\VideoOS.Platform.Tests.dll" adapterTypeName="executor://mstestadapter/v2" className="VideoOS.Platform.Tests.ItemTests" name="GetParent_NoServerId_Check" />
    </UnitTest>
    <UnitTest name="GetAtOrBefore_ShouldReturnNull_WhenTimestampIsAfterLastElement" storage="d:\actions-runner\_work\xpco\xpco\allsolutions\..\mip\platformplugin\videoos.platform\unittest\bin\debug\net6.0-windows\videoos.platform.tests.dll" id="1e592ef1-e1bf-3981-b2eb-87e514325b77">
      <Execution id="048328ed-26b2-4327-9f6b-22571dbe0f77" />
      <TestMethod codeBase="D:\actions-runner\_work\XPCO\XPCO\AllSolutions\..\MIP\PlatformPlugin\VideoOS.Platform\unittest\bin\Debug\net6.0-windows\VideoOS.Platform.Tests.dll" adapterTypeName="executor://mstestadapter/v2" className="VideoOS.Platform.Tests.Data.MetadataCacheTests" name="GetAtOrBefore_ShouldReturnNull_WhenTimestampIsAfterLastElement" />
    </UnitTest>
    <UnitTest name="AllAttributesWerePresent_ShouldReturnFalse_WhenLeftAttributeIsMissing" storage="d:\actions-runner\_work\xpco\xpco\allsolutions\..\mip\platformplugin\videoos.platform\unittest\bin\debug\net6.0-windows\videoos.platform.tests.dll" id="040dd571-8bf0-b0e3-da88-082cc2b787fd">
      <Execution id="d7cae155-e527-42de-bbff-a73833834ed8" />
      <TestMethod codeBase="D:\actions-runner\_work\XPCO\XPCO\AllSolutions\..\MIP\PlatformPlugin\VideoOS.Platform\unittest\bin\Debug\net6.0-windows\VideoOS.Platform.Tests.dll" adapterTypeName="executor://mstestadapter/v2" className="VideoOS.Platform.Tests.Metadata.RectangleTests" name="AllAttributesWerePresent_ShouldReturnFalse_WhenLeftAttributeIsMissing" />
    </UnitTest>
    <UnitTest name="ToArgbString_ShouldReturnStringWithLeadingHashAndHexString_Always" storage="d:\actions-runner\_work\xpco\xpco\allsolutions\..\mip\platformplugin\videoos.platform\unittest\bin\debug\net6.0-windows\videoos.platform.tests.dll" id="bef51588-d886-f6e3-fdda-95da2278aacb">
      <Execution id="d9ab6641-8ef6-4347-bead-25cdc7dbe289" />
      <TestMethod codeBase="D:\actions-runner\_work\XPCO\XPCO\AllSolutions\..\MIP\PlatformPlugin\VideoOS.Platform\unittest\bin\Debug\net6.0-windows\VideoOS.Platform.Tests.dll" adapterTypeName="executor://mstestadapter/v2" className="VideoOS.Platform.Tests.Metadata.DisplayColorTests" name="ToArgbString_ShouldReturnStringWithLeadingHashAndHexString_Always" />
    </UnitTest>
    <UnitTest name="GetWithDateTime_ShouldReturnEntryAtOrBeforeFromToolkitResponse_WhenDataIsNotInCache" storage="d:\actions-runner\_work\xpco\xpco\allsolutions\..\mip\platformplugin\videoos.platform\unittest\bin\debug\net6.0-windows\videoos.platform.tests.dll" id="a1b04750-d1fe-a25a-b502-6c3d91504173">
      <Execution id="daeee709-ad83-4390-bd60-2cc303421bcd" />
      <TestMethod codeBase="D:\actions-runner\_work\XPCO\XPCO\AllSolutions\..\MIP\PlatformPlugin\VideoOS.Platform\unittest\bin\Debug\net6.0-windows\VideoOS.Platform.Tests.dll" adapterTypeName="executor://mstestadapter/v2" className="VideoOS.Platform.Tests.Data.MetadataPlaybackSourceTests" name="GetWithDateTime_ShouldReturnEntryAtOrBeforeFromToolkitResponse_WhenDataIsNotInCache" />
    </UnitTest>
    <UnitTest name="Encrypt_PropertyIsNotSet_EncryptIsFalse" storage="d:\actions-runner\_work\xpco\xpco\allsolutions\..\mip\platformplugin\videoos.platform\unittest\bin\debug\net6.0-windows\videoos.platform.tests.dll" id="720ee8ed-0afb-0470-9fbb-161042f20ddf">
      <Execution id="2602a936-bf1f-4fb9-ae61-759568e9df34" />
      <TestMethod codeBase="D:\actions-runner\_work\XPCO\XPCO\AllSolutions\..\MIP\PlatformPlugin\VideoOS.Platform\unittest\bin\Debug\net6.0-windows\VideoOS.Platform.Tests.dll" adapterTypeName="executor://mstestadapter/v2" className="VideoOS.Platform.Tests.ItemTests" name="Encrypt_PropertyIsNotSet_EncryptIsFalse" />
    </UnitTest>
    <UnitTest name="TestCancelSearch_Success" storage="d:\actions-runner\_work\xpco\xpco\allsolutions\..\mip\platformplugin\videoos.platform\unittest\bin\debug\net6.0-windows\videoos.platform.tests.dll" id="65d8beb9-d4b1-7128-2631-5520f6c0ed58">
      <TestCategory>
        <TestCategoryItem TestCategory="Search" />
      </TestCategory>
      <Execution id="db691ba1-5bfb-4e70-9893-52c08f596c95" />
      <TestMethod codeBase="D:\actions-runner\_work\XPCO\XPCO\AllSolutions\..\MIP\PlatformPlugin\VideoOS.Platform\unittest\bin\Debug\net6.0-windows\VideoOS.Platform.Tests.dll" adapterTypeName="executor://mstestadapter/v2" className="VideoOS.Platform.Tests.Search.SearchManagerTest" name="TestCancelSearch_Success" />
    </UnitTest>
    <UnitTest name="WriteXml_ShouldWriteCenterOfGravityContents_WhenCenterOfGravityIsNotNull" storage="d:\actions-runner\_work\xpco\xpco\allsolutions\..\mip\platformplugin\videoos.platform\unittest\bin\debug\net6.0-windows\videoos.platform.tests.dll" id="79bbf345-4c1f-d3ec-6206-5d160bd2b4aa">
      <Execution id="95715152-ff42-4b2e-8865-6fc45707042a" />
      <TestMethod codeBase="D:\actions-runner\_work\XPCO\XPCO\AllSolutions\..\MIP\PlatformPlugin\VideoOS.Platform\unittest\bin\Debug\net6.0-windows\VideoOS.Platform.Tests.dll" adapterTypeName="executor://mstestadapter/v2" className="VideoOS.Platform.Tests.Metadata.ShapeTests" name="WriteXml_ShouldWriteCenterOfGravityContents_WhenCenterOfGravityIsNotNull" />
    </UnitTest>
    <UnitTest name="Serialize_TestCases (TestParentTypeMatchGenericThisTypeMatchedProperty)" storage="d:\actions-runner\_work\xpco\xpco\allsolutions\..\mip\platformplugin\videoos.platform\unittest\bin\debug\net6.0-windows\videoos.platform.tests.dll" id="db8b110d-6977-3962-2ffa-71fc401aacf0">
      <Execution id="25c02fa9-cd0b-4e4b-a5e2-129dfa48e30f" />
      <TestMethod codeBase="D:\actions-runner\_work\XPCO\XPCO\AllSolutions\..\MIP\PlatformPlugin\VideoOS.Platform\unittest\bin\Debug\net6.0-windows\VideoOS.Platform.Tests.dll" adapterTypeName="executor://mstestadapter/v2" className="VideoOS.Platform.Tests.UI.Controls.Automation.Serialization.AutomationObjectSerializerTest" name="Serialize_TestCases" />
    </UnitTest>
    <UnitTest name="Serialize_TestCases (Verify root Struct property)" storage="d:\actions-runner\_work\xpco\xpco\allsolutions\..\mip\platformplugin\videoos.platform\unittest\bin\debug\net6.0-windows\videoos.platform.tests.dll" id="9cad257c-1706-051d-28c1-76f19f896117">
      <Execution id="cc927c44-942d-4faf-9019-1179245e67e6" />
      <TestMethod codeBase="D:\actions-runner\_work\XPCO\XPCO\AllSolutions\..\MIP\PlatformPlugin\VideoOS.Platform\unittest\bin\Debug\net6.0-windows\VideoOS.Platform.Tests.dll" adapterTypeName="executor://mstestadapter/v2" className="VideoOS.Platform.Tests.UI.Controls.Automation.Serialization.AutomationObjectSerializerTest" name="Serialize_TestCases" />
    </UnitTest>
    <UnitTest name="ResolveIconSource_ShouldResolveIcon_ForAllDefinedIcons" storage="d:\actions-runner\_work\xpco\xpco\allsolutions\..\mip\platformplugin\videoos.platform\unittest\bin\debug\net6.0-windows\videoos.platform.tests.dll" id="ad28a529-3946-ad0b-47a4-a29f47a70b12">
      <TestCategory>
        <TestCategoryItem TestCategory="Icons" />
      </TestCategory>
      <Execution id="b08f8735-5c2d-4f3e-a2f7-1ad27f0b3436" />
      <TestMethod codeBase="D:\actions-runner\_work\XPCO\XPCO\AllSolutions\..\MIP\PlatformPlugin\VideoOS.Platform\unittest\bin\Debug\net6.0-windows\VideoOS.Platform.Tests.dll" adapterTypeName="executor://mstestadapter/v2" className="VideoOS.Platform.Tests.UI.Controls.Icons.VideoOSIconBuiltInSourceTest" name="ResolveIconSource_ShouldResolveIcon_ForAllDefinedIcons" />
    </UnitTest>
    <UnitTest name="GetBegin_ShouldReturnNull_WhenToolkitReturnsNull" storage="d:\actions-runner\_work\xpco\xpco\allsolutions\..\mip\platformplugin\videoos.platform\unittest\bin\debug\net6.0-windows\videoos.platform.tests.dll" id="55b79441-e564-906e-4208-d72830fa4d2c">
      <Execution id="ef6d9516-e498-4c82-9ea8-58d8ad97fc6a" />
      <TestMethod codeBase="D:\actions-runner\_work\XPCO\XPCO\AllSolutions\..\MIP\PlatformPlugin\VideoOS.Platform\unittest\bin\Debug\net6.0-windows\VideoOS.Platform.Tests.dll" adapterTypeName="executor://mstestadapter/v2" className="VideoOS.Platform.Tests.Data.MetadataPlaybackSourceTests" name="GetBegin_ShouldReturnNull_WhenToolkitReturnsNull" />
    </UnitTest>
    <UnitTest name="Ctor_WhitespaceName_Throws" storage="d:\actions-runner\_work\xpco\xpco\allsolutions\..\mip\platformplugin\videoos.platform\unittest\bin\debug\net6.0-windows\videoos.platform.tests.dll" id="88e95bf1-e2f8-873d-5b44-49c57ad713ac">
      <TestCategory>
        <TestCategoryItem TestCategory="Search" />
      </TestCategory>
      <Execution id="6293a6b2-3bc6-429c-99c6-167c390f0495" />
      <TestMethod codeBase="D:\actions-runner\_work\XPCO\XPCO\AllSolutions\..\MIP\PlatformPlugin\VideoOS.Platform\unittest\bin\Debug\net6.0-windows\VideoOS.Platform.Tests.dll" adapterTypeName="executor://mstestadapter/v2" className="VideoOS.Platform.Tests.Search.FilterCategories.VehicleSearchFilterCategoryTest" name="Ctor_WhitespaceName_Throws" />
    </UnitTest>
    <UnitTest name="ReadXml_ShouldIgnoreUnknownTypeChildren_WhenUnknownTypeChildrenArePresent" storage="d:\actions-runner\_work\xpco\xpco\allsolutions\..\mip\platformplugin\videoos.platform\unittest\bin\debug\net6.0-windows\videoos.platform.tests.dll" id="a64f7a70-ec8c-8ab6-7e45-ca9fa7e2c2a4">
      <Execution id="3c4bdd27-7e6f-4bd1-8f60-f10f02628afe" />
      <TestMethod codeBase="D:\actions-runner\_work\XPCO\XPCO\AllSolutions\..\MIP\PlatformPlugin\VideoOS.Platform\unittest\bin\Debug\net6.0-windows\VideoOS.Platform.Tests.dll" adapterTypeName="executor://mstestadapter/v2" className="VideoOS.Platform.Tests.Metadata.ClassCandidateTests" name="ReadXml_ShouldIgnoreUnknownTypeChildren_WhenUnknownTypeChildrenArePresent" />
    </UnitTest>
    <UnitTest name="OnSearchResultsReady_NullArgument_SearchResultReadyEventNotFired" storage="d:\actions-runner\_work\xpco\xpco\allsolutions\..\mip\platformplugin\videoos.platform\unittest\bin\debug\net6.0-windows\videoos.platform.tests.dll" id="a6df64d2-0698-ce92-fd77-5adbbae94068">
      <TestCategory>
        <TestCategoryItem TestCategory="Search" />
      </TestCategory>
      <Execution id="66d2096a-d156-42c1-8210-c076ffa4780c" />
      <TestMethod codeBase="D:\actions-runner\_work\XPCO\XPCO\AllSolutions\..\MIP\PlatformPlugin\VideoOS.Platform\unittest\bin\Debug\net6.0-windows\VideoOS.Platform.Tests.dll" adapterTypeName="executor://mstestadapter/v2" className="VideoOS.Platform.Tests.Search.SearchDefinitionTest" name="OnSearchResultsReady_NullArgument_SearchResultReadyEventNotFired" />
    </UnitTest>
    <UnitTest name="WriteXml_ShouldWriteObjectIdAttribute_Always" storage="d:\actions-runner\_work\xpco\xpco\allsolutions\..\mip\platformplugin\videoos.platform\unittest\bin\debug\net6.0-windows\videoos.platform.tests.dll" id="0928c4fd-5774-fb06-0445-b9d9e3756a8d">
      <Execution id="ffb2d822-f41d-441c-bd1b-6278d35be28a" />
      <TestMethod codeBase="D:\actions-runner\_work\XPCO\XPCO\AllSolutions\..\MIP\PlatformPlugin\VideoOS.Platform\unittest\bin\Debug\net6.0-windows\VideoOS.Platform.Tests.dll" adapterTypeName="executor://mstestadapter/v2" className="VideoOS.Platform.Tests.Metadata.OnvifObjectTests" name="WriteXml_ShouldWriteObjectIdAttribute_Always" />
    </UnitTest>
    <UnitTest name="ReadAppearanceExtensionXml_ShouldReadBoundingBoxLineColor_WhenBoundingBoxLineColorIsPresent" storage="d:\actions-runner\_work\xpco\xpco\allsolutions\..\mip\platformplugin\videoos.platform\unittest\bin\debug\net6.0-windows\videoos.platform.tests.dll" id="ac145d13-4c02-a67c-cc07-a100e99d94e8">
      <Execution id="54b97033-2f2f-4bb4-ac98-a37bd71203ea" />
      <TestMethod codeBase="D:\actions-runner\_work\XPCO\XPCO\AllSolutions\..\MIP\PlatformPlugin\VideoOS.Platform\unittest\bin\Debug\net6.0-windows\VideoOS.Platform.Tests.dll" adapterTypeName="executor://mstestadapter/v2" className="VideoOS.Platform.Tests.Metadata.RectangleTests" name="ReadAppearanceExtensionXml_ShouldReadBoundingBoxLineColor_WhenBoundingBoxLineColorIsPresent" />
    </UnitTest>
    <UnitTest name="ParseMetadataXmlWithString_ShouldThrowXmExceptionWithInformationOnError_WhenNamespaceIsIncorrect" storage="d:\actions-runner\_work\xpco\xpco\allsolutions\..\mip\platformplugin\videoos.platform\unittest\bin\debug\net6.0-windows\videoos.platform.tests.dll" id="d1220843-958c-7092-38af-904c7c323e51">
      <Execution id="96d3cd00-8f8f-4a31-84db-67ac9c8b962b" />
      <TestMethod codeBase="D:\actions-runner\_work\XPCO\XPCO\AllSolutions\..\MIP\PlatformPlugin\VideoOS.Platform\unittest\bin\Debug\net6.0-windows\VideoOS.Platform.Tests.dll" adapterTypeName="executor://mstestadapter/v2" className="VideoOS.Platform.Tests.Metadata.MetadataDeserializerTests" name="ParseMetadataXmlWithString_ShouldThrowXmExceptionWithInformationOnError_WhenNamespaceIsIncorrect" />
    </UnitTest>
    <UnitTest name="AllAttributesWerePresent_ShouldReturnTrue_WhenBothXAndYAreFloats" storage="d:\actions-runner\_work\xpco\xpco\allsolutions\..\mip\platformplugin\videoos.platform\unittest\bin\debug\net6.0-windows\videoos.platform.tests.dll" id="6e083e3d-bf62-ee30-d2f0-b17d35c633ea">
      <Execution id="ee7eadba-5584-41dc-ae43-0647efce0b52" />
      <TestMethod codeBase="D:\actions-runner\_work\XPCO\XPCO\AllSolutions\..\MIP\PlatformPlugin\VideoOS.Platform\unittest\bin\Debug\net6.0-windows\VideoOS.Platform.Tests.dll" adapterTypeName="executor://mstestadapter/v2" className="VideoOS.Platform.Tests.Metadata.RectangleTests" name="AllAttributesWerePresent_ShouldReturnTrue_WhenBothXAndYAreFloats" />
    </UnitTest>
    <UnitTest name="GetWithDateTime_ShouldReturnEntryAtOrBefore_WhenDataIsInCache" storage="d:\actions-runner\_work\xpco\xpco\allsolutions\..\mip\platformplugin\videoos.platform\unittest\bin\debug\net6.0-windows\videoos.platform.tests.dll" id="ca034712-fc2a-7f2e-fe84-ae45e3bb76cf">
      <Execution id="c8867213-bde6-4f79-be59-7e0fbcc84444" />
      <TestMethod codeBase="D:\actions-runner\_work\XPCO\XPCO\AllSolutions\..\MIP\PlatformPlugin\VideoOS.Platform\unittest\bin\Debug\net6.0-windows\VideoOS.Platform.Tests.dll" adapterTypeName="executor://mstestadapter/v2" className="VideoOS.Platform.Tests.Data.MetadataPlaybackSourceTests" name="GetWithDateTime_ShouldReturnEntryAtOrBefore_WhenDataIsInCache" />
    </UnitTest>
    <UnitTest name="Serialize_TestCases (TestParentTypeMatchObjectNotThisTypeNotMatched)" storage="d:\actions-runner\_work\xpco\xpco\allsolutions\..\mip\platformplugin\videoos.platform\unittest\bin\debug\net6.0-windows\videoos.platform.tests.dll" id="10e89e15-b12c-9a1c-de4d-304fe06f5a55">
      <Execution id="10538623-eaaf-4d7f-ad87-cdc8afdbc0ab" />
      <TestMethod codeBase="D:\actions-runner\_work\XPCO\XPCO\AllSolutions\..\MIP\PlatformPlugin\VideoOS.Platform\unittest\bin\Debug\net6.0-windows\VideoOS.Platform.Tests.dll" adapterTypeName="executor://mstestadapter/v2" className="VideoOS.Platform.Tests.UI.Controls.Automation.Serialization.AutomationObjectSerializerTest" name="Serialize_TestCases" />
    </UnitTest>
    <UnitTest name="GetColorFilterValues_NullCriteria_Throws" storage="d:\actions-runner\_work\xpco\xpco\allsolutions\..\mip\platformplugin\videoos.platform\unittest\bin\debug\net6.0-windows\videoos.platform.tests.dll" id="64de42c5-cf32-f94a-2ab2-81439a18d091">
      <TestCategory>
        <TestCategoryItem TestCategory="Search" />
      </TestCategory>
      <Execution id="8730c4ec-0d91-4e72-a815-73d79b276661" />
      <TestMethod codeBase="D:\actions-runner\_work\XPCO\XPCO\AllSolutions\..\MIP\PlatformPlugin\VideoOS.Platform\unittest\bin\Debug\net6.0-windows\VideoOS.Platform.Tests.dll" adapterTypeName="executor://mstestadapter/v2" className="VideoOS.Platform.Tests.Search.FilterCategories.VehicleSearchFilterCategoryTest" name="GetColorFilterValues_NullCriteria_Throws" />
    </UnitTest>
    <UnitTest name="Serialize_ShouldHandleCollectionFilter_WhenMatchingCollectionTypeAndItMatches" storage="d:\actions-runner\_work\xpco\xpco\allsolutions\..\mip\platformplugin\videoos.platform\unittest\bin\debug\net6.0-windows\videoos.platform.tests.dll" id="8a93c35e-4228-1fba-033f-24c13305aa44">
      <Execution id="4a173642-a82e-4825-bf3c-b6e61e31dffd" />
      <TestMethod codeBase="D:\actions-runner\_work\XPCO\XPCO\AllSolutions\..\MIP\PlatformPlugin\VideoOS.Platform\unittest\bin\Debug\net6.0-windows\VideoOS.Platform.Tests.dll" adapterTypeName="executor://mstestadapter/v2" className="VideoOS.Platform.Tests.UI.Controls.Automation.Serialization.AutomationObjectSerializerTypeFilterTests" name="Serialize_ShouldHandleCollectionFilter_WhenMatchingCollectionTypeAndItMatches" />
    </UnitTest>
    <UnitTest name="GetPrevious_ShouldReturnNull_WhenFirstEntryWasCalled" storage="d:\actions-runner\_work\xpco\xpco\allsolutions\..\mip\platformplugin\videoos.platform\unittest\bin\debug\net6.0-windows\videoos.platform.tests.dll" id="7c55a314-e50c-cf7f-eb2f-1d2ce3940e80">
      <Execution id="72315513-8865-4f2e-9c4a-c44df0ef7d25" />
      <TestMethod codeBase="D:\actions-runner\_work\XPCO\XPCO\AllSolutions\..\MIP\PlatformPlugin\VideoOS.Platform\unittest\bin\Debug\net6.0-windows\VideoOS.Platform.Tests.dll" adapterTypeName="executor://mstestadapter/v2" className="VideoOS.Platform.Tests.Data.MetadataCacheTests" name="GetPrevious_ShouldReturnNull_WhenFirstEntryWasCalled" />
    </UnitTest>
    <UnitTest name="CreateSearchFilterEditControl_MultiplePlugins_Success" storage="d:\actions-runner\_work\xpco\xpco\allsolutions\..\mip\platformplugin\videoos.platform\unittest\bin\debug\net6.0-windows\videoos.platform.tests.dll" id="7e3c3908-f70c-8d41-e8fe-866ddfe5a4bc">
      <TestCategory>
        <TestCategoryItem TestCategory="Search" />
      </TestCategory>
      <Execution id="4c3bc829-0b91-400c-899c-17caacf52b14" />
      <TestMethod codeBase="D:\actions-runner\_work\XPCO\XPCO\AllSolutions\..\MIP\PlatformPlugin\VideoOS.Platform\unittest\bin\Debug\net6.0-windows\VideoOS.Platform.Tests.dll" adapterTypeName="executor://mstestadapter/v2" className="VideoOS.Platform.Tests.Search.SearchUserControlResolverTest" name="CreateSearchFilterEditControl_MultiplePlugins_Success" />
    </UnitTest>
    <UnitTest name="GenerateParameters_ShouldWriteFpsRange_WhenFpsRangeIsNotNull" storage="d:\actions-runner\_work\xpco\xpco\allsolutions\..\mip\platformplugin\videoos.platform\unittest\bin\debug\net6.0-windows\videoos.platform.tests.dll" id="dd6afc15-10c5-b303-c76e-273eabfa3bb0">
      <Execution id="0341e917-e962-4a22-832c-c4945fd5ba23" />
      <TestMethod codeBase="D:\actions-runner\_work\XPCO\XPCO\AllSolutions\..\MIP\PlatformPlugin\VideoOS.Platform\unittest\bin\Debug\net6.0-windows\VideoOS.Platform.Tests.dll" adapterTypeName="executor://mstestadapter/v2" className="VideoOS.Platform.Tests.Data.CameraDeviceDefinitionTests" name="GenerateParameters_ShouldWriteFpsRange_WhenFpsRangeIsNotNull" />
    </UnitTest>
    <UnitTest name="HostInitialized_ShouldNotInvokeCallback_WhenInitializedWithoutItems" storage="d:\actions-runner\_work\xpco\xpco\allsolutions\..\mip\platformplugin\videoos.platform\unittest\bin\debug\net6.0-windows\videoos.platform.tests.dll" id="add90257-7bfd-08af-414a-c1fd006f1b8f">
      <Execution id="e01599e3-06a4-4e2d-aa72-6edc9cfce05d" />
      <TestMethod codeBase="D:\actions-runner\_work\XPCO\XPCO\AllSolutions\..\MIP\PlatformPlugin\VideoOS.Platform\unittest\bin\Debug\net6.0-windows\VideoOS.Platform.Tests.dll" adapterTypeName="executor://mstestadapter/v2" className="VideoOS.Platform.Tests.UI.Controls.CollectionHelperGenericTest" name="HostInitialized_ShouldNotInvokeCallback_WhenInitializedWithoutItems" />
    </UnitTest>
    <UnitTest name="ReadXml_ShouldSetAllFieldsToNull_WhenElementIsEmpty" storage="d:\actions-runner\_work\xpco\xpco\allsolutions\..\mip\platformplugin\videoos.platform\unittest\bin\debug\net6.0-windows\videoos.platform.tests.dll" id="548fd08b-2d94-5257-d985-826bbe47bde9">
      <Execution id="ad905e6b-6df9-4a8c-9422-26df1ee5376b" />
      <TestMethod codeBase="D:\actions-runner\_work\XPCO\XPCO\AllSolutions\..\MIP\PlatformPlugin\VideoOS.Platform\unittest\bin\Debug\net6.0-windows\VideoOS.Platform.Tests.dll" adapterTypeName="executor://mstestadapter/v2" className="VideoOS.Platform.Tests.Metadata.AppearanceTests" name="ReadXml_ShouldSetAllFieldsToNull_WhenElementIsEmpty" />
    </UnitTest>
    <UnitTest name="Serialize_TestCases (Verify root Struct property get property value)" storage="d:\actions-runner\_work\xpco\xpco\allsolutions\..\mip\platformplugin\videoos.platform\unittest\bin\debug\net6.0-windows\videoos.platform.tests.dll" id="b017e7d9-0b01-2855-1b02-e7d76489a091">
      <Execution id="2b9c9e67-92f8-41a9-bd1a-a4f31c73a915" />
      <TestMethod codeBase="D:\actions-runner\_work\XPCO\XPCO\AllSolutions\..\MIP\PlatformPlugin\VideoOS.Platform\unittest\bin\Debug\net6.0-windows\VideoOS.Platform.Tests.dll" adapterTypeName="executor://mstestadapter/v2" className="VideoOS.Platform.Tests.UI.Controls.Automation.Serialization.AutomationObjectSerializerTest" name="Serialize_TestCases" />
    </UnitTest>
    <UnitTest name="Minimize_ShouldReturnOneInterval_WhenListContainsThreeOverlappingIntervalsContainingEachOtherReversed" storage="d:\actions-runner\_work\xpco\xpco\allsolutions\..\mip\platformplugin\videoos.platform\unittest\bin\debug\net6.0-windows\videoos.platform.tests.dll" id="0fbb0657-5fcb-c22d-ba1e-66fc2f5570e3">
      <Execution id="32f9436e-75ab-4976-953b-1d55bce58359" />
      <TestMethod codeBase="D:\actions-runner\_work\XPCO\XPCO\AllSolutions\..\MIP\PlatformPlugin\VideoOS.Platform\unittest\bin\Debug\net6.0-windows\VideoOS.Platform.Tests.dll" adapterTypeName="executor://mstestadapter/v2" className="VideoOS.Platform.Tests.Util.TimeIntervalTests" name="Minimize_ShouldReturnOneInterval_WhenListContainsThreeOverlappingIntervalsContainingEachOtherReversed" />
    </UnitTest>
    <UnitTest name="Match_Success_SystemTypeAnyMessage" storage="d:\actions-runner\_work\xpco\xpco\allsolutions\..\mip\platformplugin\videoos.platform\unittest\bin\debug\net6.0-windows\videoos.platform.tests.dll" id="43549381-b46a-2b58-13a9-b35484e42c71">
      <Execution id="f9f94482-2478-4dcb-b5b4-0a4976ae35a6" />
      <TestMethod codeBase="D:\actions-runner\_work\XPCO\XPCO\AllSolutions\..\MIP\PlatformPlugin\VideoOS.Platform\unittest\bin\Debug\net6.0-windows\VideoOS.Platform.Tests.dll" adapterTypeName="executor://mstestadapter/v2" className="VideoOS.Platform.Tests.Messaging.CommunicationIdFilterTests" name="Match_Success_SystemTypeAnyMessage" />
    </UnitTest>
    <UnitTest name="MatchId_Success_MessageWithAsteriskAtBegin_NoBegin" storage="d:\actions-runner\_work\xpco\xpco\allsolutions\..\mip\platformplugin\videoos.platform\unittest\bin\debug\net6.0-windows\videoos.platform.tests.dll" id="8601fe89-72a2-9ba5-8e62-8c183b00fe8c">
      <Execution id="ff742f03-3bc6-4397-9334-beef613db9da" />
      <TestMethod codeBase="D:\actions-runner\_work\XPCO\XPCO\AllSolutions\..\MIP\PlatformPlugin\VideoOS.Platform\unittest\bin\Debug\net6.0-windows\VideoOS.Platform.Tests.dll" adapterTypeName="executor://mstestadapter/v2" className="VideoOS.Platform.Tests.Messaging.CommunicationIdFilterTests" name="MatchId_Success_MessageWithAsteriskAtBegin_NoBegin" />
    </UnitTest>
    <UnitTest name="CountByItems_Activated_CountByCounter_Grace1" storage="d:\actions-runner\_work\xpco\xpco\allsolutions\..\mip\platformplugin\videoos.platform\unittest\bin\debug\net6.0-windows\videoos.platform.tests.dll" id="a3d1fe6d-f6a5-f28a-ba65-630894318089">
      <Execution id="2acd30e0-3085-4220-8430-89300ace6e04" />
      <TestMethod codeBase="D:\actions-runner\_work\XPCO\XPCO\AllSolutions\..\MIP\PlatformPlugin\VideoOS.Platform\unittest\bin\Debug\net6.0-windows\VideoOS.Platform.Tests.dll" adapterTypeName="executor://mstestadapter/v2" className="VideoOS.Platform.Tests.License.ResolvedLicenseCountTest" name="CountByItems_Activated_CountByCounter_Grace1" />
    </UnitTest>
    <UnitTest name="Serialize_ShouldHandleRecursiveProperty" storage="d:\actions-runner\_work\xpco\xpco\allsolutions\..\mip\platformplugin\videoos.platform\unittest\bin\debug\net6.0-windows\videoos.platform.tests.dll" id="16af9e4d-1460-4181-5a4a-fd51a2b844f5">
      <Execution id="81e5a3b9-9b12-4303-8333-a40973d43c89" />
      <TestMethod codeBase="D:\actions-runner\_work\XPCO\XPCO\AllSolutions\..\MIP\PlatformPlugin\VideoOS.Platform\unittest\bin\Debug\net6.0-windows\VideoOS.Platform.Tests.dll" adapterTypeName="executor://mstestadapter/v2" className="VideoOS.Platform.Tests.UI.Controls.Automation.Serialization.AutomationObjectSerializerRecursionTests" name="Serialize_ShouldHandleRecursiveProperty" />
    </UnitTest>
    <UnitTest name="ReadXml_ShouldLogWarning_WhenIncompleteWhenIncompleteScaleIsPresent" storage="d:\actions-runner\_work\xpco\xpco\allsolutions\..\mip\platformplugin\videoos.platform\unittest\bin\debug\net6.0-windows\videoos.platform.tests.dll" id="18ccdaf8-d982-0e82-d316-63446f746fd7">
      <Execution id="7e3c011c-7c10-42c4-87cc-5b9070ac6679" />
      <TestMethod codeBase="D:\actions-runner\_work\XPCO\XPCO\AllSolutions\..\MIP\PlatformPlugin\VideoOS.Platform\unittest\bin\Debug\net6.0-windows\VideoOS.Platform.Tests.dll" adapterTypeName="executor://mstestadapter/v2" className="VideoOS.Platform.Tests.Metadata.TransformationTests" name="ReadXml_ShouldLogWarning_WhenIncompleteWhenIncompleteScaleIsPresent" />
    </UnitTest>
    <UnitTest name="GenerateDeviceCapabilityParameters_ShouldWriteTypeDisplayId_WhenAlways" storage="d:\actions-runner\_work\xpco\xpco\allsolutions\..\mip\platformplugin\videoos.platform\unittest\bin\debug\net6.0-windows\videoos.platform.tests.dll" id="23408848-110d-2bfe-6354-e8de8927ac23">
      <Execution id="0e318fa1-4f9e-4e0e-a719-5b55736cc4c5" />
      <TestMethod codeBase="D:\actions-runner\_work\XPCO\XPCO\AllSolutions\..\MIP\PlatformPlugin\VideoOS.Platform\unittest\bin\Debug\net6.0-windows\VideoOS.Platform.Tests.dll" adapterTypeName="executor://mstestadapter/v2" className="VideoOS.Platform.Tests.Data.MetadataDeviceCapabilityTests" name="GenerateDeviceCapabilityParameters_ShouldWriteTypeDisplayId_WhenAlways" />
    </UnitTest>
    <UnitTest name="Hash_Check" storage="d:\actions-runner\_work\xpco\xpco\allsolutions\..\mip\platformplugin\videoos.platform\unittest\bin\debug\net6.0-windows\videoos.platform.tests.dll" id="5c99a102-e3d2-3ea7-d358-687ae3a56806">
      <Execution id="1d450517-3548-4d65-9ed5-dd09d6350583" />
      <TestMethod codeBase="D:\actions-runner\_work\XPCO\XPCO\AllSolutions\..\MIP\PlatformPlugin\VideoOS.Platform\unittest\bin\Debug\net6.0-windows\VideoOS.Platform.Tests.dll" adapterTypeName="executor://mstestadapter/v2" className="VideoOS.Platform.Tests.Messaging.CommunicationIdFilterTests" name="Hash_Check" />
    </UnitTest>
    <UnitTest name="GetBegin_ShouldReturnFirstMetadataContent_WhenThereIsData" storage="d:\actions-runner\_work\xpco\xpco\allsolutions\..\mip\platformplugin\videoos.platform\unittest\bin\debug\net6.0-windows\videoos.platform.tests.dll" id="f11fb068-5020-6fdd-64d4-9eae97e7b7c3">
      <Execution id="b63d8e93-42af-4526-b898-b931705bc4ec" />
      <TestMethod codeBase="D:\actions-runner\_work\XPCO\XPCO\AllSolutions\..\MIP\PlatformPlugin\VideoOS.Platform\unittest\bin\Debug\net6.0-windows\VideoOS.Platform.Tests.dll" adapterTypeName="executor://mstestadapter/v2" className="VideoOS.Platform.Tests.Data.MetadataPlaybackSourceTests" name="GetBegin_ShouldReturnFirstMetadataContent_WhenThereIsData" />
    </UnitTest>
    <UnitTest name="ReadXml_ShouldReadClassCandidate_WhenCorrectClassCandidateIsPresent" storage="d:\actions-runner\_work\xpco\xpco\allsolutions\..\mip\platformplugin\videoos.platform\unittest\bin\debug\net6.0-windows\videoos.platform.tests.dll" id="3fce05ef-b530-f8da-eaa9-a5674fdfcd79">
      <Execution id="0f0b94d2-81cb-47f3-a34e-253ec11d845b" />
      <TestMethod codeBase="D:\actions-runner\_work\XPCO\XPCO\AllSolutions\..\MIP\PlatformPlugin\VideoOS.Platform\unittest\bin\Debug\net6.0-windows\VideoOS.Platform.Tests.dll" adapterTypeName="executor://mstestadapter/v2" className="VideoOS.Platform.Tests.Metadata.OnvifClassTests" name="ReadXml_ShouldReadClassCandidate_WhenCorrectClassCandidateIsPresent" />
    </UnitTest>
    <UnitTest name="ReadXml_ShouldIgnoreUnknownChildren_WhenUnknownChildrenArePresent" storage="d:\actions-runner\_work\xpco\xpco\allsolutions\..\mip\platformplugin\videoos.platform\unittest\bin\debug\net6.0-windows\videoos.platform.tests.dll" id="dc042fe4-506a-6277-bf5c-9f1d13854fc7">
      <Execution id="1a0b4255-6d7d-4f83-907f-2e2d07b91dab" />
      <TestMethod codeBase="D:\actions-runner\_work\XPCO\XPCO\AllSolutions\..\MIP\PlatformPlugin\VideoOS.Platform\unittest\bin\Debug\net6.0-windows\VideoOS.Platform.Tests.dll" adapterTypeName="executor://mstestadapter/v2" className="VideoOS.Platform.Tests.Metadata.ClassCandidateTests" name="ReadXml_ShouldIgnoreUnknownChildren_WhenUnknownChildrenArePresent" />
    </UnitTest>
    <UnitTest name="Equals_ShouldHaveValueSemantics_Always" storage="d:\actions-runner\_work\xpco\xpco\allsolutions\..\mip\platformplugin\videoos.platform\unittest\bin\debug\net6.0-windows\videoos.platform.tests.dll" id="c3f2a1aa-ab89-7f2c-6103-bf1d2150d50b">
      <Execution id="1a3b8700-ae62-4e3d-825a-5c9b38874c05" />
      <TestMethod codeBase="D:\actions-runner\_work\XPCO\XPCO\AllSolutions\..\MIP\PlatformPlugin\VideoOS.Platform\unittest\bin\Debug\net6.0-windows\VideoOS.Platform.Tests.dll" adapterTypeName="executor://mstestadapter/v2" className="VideoOS.Platform.Tests.Metadata.MetadataStreamTests" name="Equals_ShouldHaveValueSemantics_Always" />
    </UnitTest>
    <UnitTest name="GetCompatibilityHandler_ShouldReturnFips_WhenCalledFromEventServer" storage="d:\actions-runner\_work\xpco\xpco\allsolutions\..\mip\platformplugin\videoos.platform\unittest\bin\debug\net6.0-windows\videoos.platform.tests.dll" id="eafa657a-e693-c387-5dc5-3b7f787deb74">
      <Execution id="2b0a97bc-d4bb-45a7-9e92-91bd4b68d5d1" />
      <TestMethod codeBase="D:\actions-runner\_work\XPCO\XPCO\AllSolutions\..\MIP\PlatformPlugin\VideoOS.Platform\unittest\bin\Debug\net6.0-windows\VideoOS.Platform.Tests.dll" adapterTypeName="executor://mstestadapter/v2" className="VideoOS.Platform.Tests.License.LicenseManagerTests" name="GetCompatibilityHandler_ShouldReturnFips_WhenCalledFromEventServer" />
    </UnitTest>
    <UnitTest name="ClearFilterValues_UnknownFilter_DoesNothing" storage="d:\actions-runner\_work\xpco\xpco\allsolutions\..\mip\platformplugin\videoos.platform\unittest\bin\debug\net6.0-windows\videoos.platform.tests.dll" id="f54c02f6-10d6-820a-6be3-9cf15ec86940">
      <TestCategory>
        <TestCategoryItem TestCategory="Search" />
      </TestCategory>
      <Execution id="c2cb9ed3-6788-4d07-a9af-75b038c8651b" />
      <TestMethod codeBase="D:\actions-runner\_work\XPCO\XPCO\AllSolutions\..\MIP\PlatformPlugin\VideoOS.Platform\unittest\bin\Debug\net6.0-windows\VideoOS.Platform.Tests.dll" adapterTypeName="executor://mstestadapter/v2" className="VideoOS.Platform.Tests.Search.SearchCriteriaTest" name="ClearFilterValues_UnknownFilter_DoesNothing" />
    </UnitTest>
    <UnitTest name="GenerateParameters_ShouldCallGenerateDeviceParametersWithCorrectPrefix_WhenThereAreMetadataDevices" storage="d:\actions-runner\_work\xpco\xpco\allsolutions\..\mip\platformplugin\videoos.platform\unittest\bin\debug\net6.0-windows\videoos.platform.tests.dll" id="773f1d7a-65a5-fa09-a454-1d73dbdebf1c">
      <Execution id="44cb0da4-4d05-407b-a2bc-335d17e663c0" />
      <TestMethod codeBase="D:\actions-runner\_work\XPCO\XPCO\AllSolutions\..\MIP\PlatformPlugin\VideoOS.Platform\unittest\bin\Debug\net6.0-windows\VideoOS.Platform.Tests.dll" adapterTypeName="executor://mstestadapter/v2" className="VideoOS.Platform.Tests.Data.HardwareDefinitionTests" name="GenerateParameters_ShouldCallGenerateDeviceParametersWithCorrectPrefix_WhenThereAreMetadataDevices" />
    </UnitTest>
    <UnitTest name="SelectionFilterValue_Deserialize_Success" storage="d:\actions-runner\_work\xpco\xpco\allsolutions\..\mip\platformplugin\videoos.platform\unittest\bin\debug\net6.0-windows\videoos.platform.tests.dll" id="22940ce1-f9a1-0a34-055d-4f72c4c54fbb">
      <TestCategory>
        <TestCategoryItem TestCategory="Search" />
      </TestCategory>
      <Execution id="8c978899-3a51-4516-bb6a-de5e4deb22bc" />
      <TestMethod codeBase="D:\actions-runner\_work\XPCO\XPCO\AllSolutions\..\MIP\PlatformPlugin\VideoOS.Platform\unittest\bin\Debug\net6.0-windows\VideoOS.Platform.Tests.dll" adapterTypeName="executor://mstestadapter/v2" className="VideoOS.Platform.Tests.Search.FilterValues.FilterValueTests" name="SelectionFilterValue_Deserialize_Success" />
    </UnitTest>
    <UnitTest name="WriteXml_ShouldWriteClassElement_WhenClassIsNotNull" storage="d:\actions-runner\_work\xpco\xpco\allsolutions\..\mip\platformplugin\videoos.platform\unittest\bin\debug\net6.0-windows\videoos.platform.tests.dll" id="f851da50-448f-2d4e-828e-d2ff64fc9049">
      <Execution id="625a170d-31d7-42df-8fdc-9a601ee54431" />
      <TestMethod codeBase="D:\actions-runner\_work\XPCO\XPCO\AllSolutions\..\MIP\PlatformPlugin\VideoOS.Platform\unittest\bin\Debug\net6.0-windows\VideoOS.Platform.Tests.dll" adapterTypeName="executor://mstestadapter/v2" className="VideoOS.Platform.Tests.Metadata.AppearanceTests" name="WriteXml_ShouldWriteClassElement_WhenClassIsNotNull" />
    </UnitTest>
    <UnitTest name="Serialize_TestCases (TestParentTypeMatchObjectThisTypeMatched)" storage="d:\actions-runner\_work\xpco\xpco\allsolutions\..\mip\platformplugin\videoos.platform\unittest\bin\debug\net6.0-windows\videoos.platform.tests.dll" id="c9bdf071-dd03-b2a0-4e56-4edadb6f7ef7">
      <Execution id="8018cbca-f3f6-4aca-a68a-2d1bdfdb96f2" />
      <TestMethod codeBase="D:\actions-runner\_work\XPCO\XPCO\AllSolutions\..\MIP\PlatformPlugin\VideoOS.Platform\unittest\bin\Debug\net6.0-windows\VideoOS.Platform.Tests.dll" adapterTypeName="executor://mstestadapter/v2" className="VideoOS.Platform.Tests.UI.Controls.Automation.Serialization.AutomationObjectSerializerTest" name="Serialize_TestCases" />
    </UnitTest>
    <UnitTest name="RegionSelectionFilterValue_DeserializeWithMissingItem_Fails" storage="d:\actions-runner\_work\xpco\xpco\allsolutions\..\mip\platformplugin\videoos.platform\unittest\bin\debug\net6.0-windows\videoos.platform.tests.dll" id="60e95dc2-1384-1da5-37c2-e879ef01c39a">
      <TestCategory>
        <TestCategoryItem TestCategory="Search" />
      </TestCategory>
      <Execution id="4d4e3689-e552-4c8c-aead-97fe7a528224" />
      <TestMethod codeBase="D:\actions-runner\_work\XPCO\XPCO\AllSolutions\..\MIP\PlatformPlugin\VideoOS.Platform\unittest\bin\Debug\net6.0-windows\VideoOS.Platform.Tests.dll" adapterTypeName="executor://mstestadapter/v2" className="VideoOS.Platform.Tests.Search.FilterValues.FilterValueTests" name="RegionSelectionFilterValue_DeserializeWithMissingItem_Fails" />
    </UnitTest>
    <UnitTest name="Version_ShouldHaveDefaultValueOf10_WhenNotSetExplicitly" storage="d:\actions-runner\_work\xpco\xpco\allsolutions\..\mip\platformplugin\videoos.platform\unittest\bin\debug\net6.0-windows\videoos.platform.tests.dll" id="12eef7c4-a391-5bc7-ef04-b727ebe57366">
      <Execution id="5a88e069-9133-4b1c-89f1-853e7d6c5f0d" />
      <TestMethod codeBase="D:\actions-runner\_work\XPCO\XPCO\AllSolutions\..\MIP\PlatformPlugin\VideoOS.Platform\unittest\bin\Debug\net6.0-windows\VideoOS.Platform.Tests.dll" adapterTypeName="executor://mstestadapter/v2" className="VideoOS.Platform.Tests.Metadata.NavigationalDataTests" name="Version_ShouldHaveDefaultValueOf10_WhenNotSetExplicitly" />
    </UnitTest>
    <UnitTest name="ProvideValue_ShouldUseNull_WhenMultipleItemsSelected" storage="d:\actions-runner\_work\xpco\xpco\allsolutions\..\mip\platformplugin\videoos.platform\unittest\bin\debug\net6.0-windows\videoos.platform.tests.dll" id="61262ea9-2fff-4876-558f-09adf2a65523">
      <TestCategory>
        <TestCategoryItem TestCategory="DropDowns" />
      </TestCategory>
      <Execution id="74848063-2d80-4381-849e-4a6fd588f934" />
      <TestMethod codeBase="D:\actions-runner\_work\XPCO\XPCO\AllSolutions\..\MIP\PlatformPlugin\VideoOS.Platform\unittest\bin\Debug\net6.0-windows\VideoOS.Platform.Tests.dll" adapterTypeName="executor://mstestadapter/v2" className="VideoOS.Platform.Tests.UI.Controls.DropDowns.Internal.SelectedItemContentTemplateExtensionTest" name="ProvideValue_ShouldUseNull_WhenMultipleItemsSelected" />
    </UnitTest>
    <UnitTest name="Serialize_TestCases (Verify root Enum property)" storage="d:\actions-runner\_work\xpco\xpco\allsolutions\..\mip\platformplugin\videoos.platform\unittest\bin\debug\net6.0-windows\videoos.platform.tests.dll" id="8a69bbb6-4d99-f1ab-2fdd-1eed357c20f0">
      <Execution id="d8398fba-bc19-4628-93ed-2eeb0f7aeae2" />
      <TestMethod codeBase="D:\actions-runner\_work\XPCO\XPCO\AllSolutions\..\MIP\PlatformPlugin\VideoOS.Platform\unittest\bin\Debug\net6.0-windows\VideoOS.Platform.Tests.dll" adapterTypeName="executor://mstestadapter/v2" className="VideoOS.Platform.Tests.UI.Controls.Automation.Serialization.AutomationObjectSerializerTest" name="Serialize_TestCases" />
    </UnitTest>
    <UnitTest name="Serialize_TestCases (TestParentCollectionEmptyArrayProperty)" storage="d:\actions-runner\_work\xpco\xpco\allsolutions\..\mip\platformplugin\videoos.platform\unittest\bin\debug\net6.0-windows\videoos.platform.tests.dll" id="c78e11d7-0167-713c-2051-cb0d25992222">
      <Execution id="486e595c-5068-4227-a6e8-c2bc6bf58f94" />
      <TestMethod codeBase="D:\actions-runner\_work\XPCO\XPCO\AllSolutions\..\MIP\PlatformPlugin\VideoOS.Platform\unittest\bin\Debug\net6.0-windows\VideoOS.Platform.Tests.dll" adapterTypeName="executor://mstestadapter/v2" className="VideoOS.Platform.Tests.UI.Controls.Automation.Serialization.AutomationObjectSerializerTest" name="Serialize_TestCases" />
    </UnitTest>
    <UnitTest name="Items_EmptyList_TreeviewEmpty" storage="d:\actions-runner\_work\xpco\xpco\allsolutions\..\mip\platformplugin\videoos.platform\unittest\bin\debug\net6.0-windows\videoos.platform.tests.dll" id="fc1fc2c4-ffdf-b544-ce27-92bf115fe30b">
      <Execution id="4c74f2ff-95ab-4938-80e5-31f6d119254e" />
      <TestMethod codeBase="D:\actions-runner\_work\XPCO\XPCO\AllSolutions\..\MIP\PlatformPlugin\VideoOS.Platform\unittest\bin\Debug\net6.0-windows\VideoOS.Platform.Tests.dll" adapterTypeName="executor://mstestadapter/v2" className="VideoOS.Platform.Tests.UI.ItemPicker.ItemPickerViewModelTest" name="Items_EmptyList_TreeviewEmpty" />
    </UnitTest>
    <UnitTest name="ReadXml_ShouldLogWarningTwiceWhenMoreThanOneMinuteBetweenWarnings_WhenElementErrorsAreDetected" storage="d:\actions-runner\_work\xpco\xpco\allsolutions\..\mip\platformplugin\videoos.platform\unittest\bin\debug\net6.0-windows\videoos.platform.tests.dll" id="acaeb9e2-224e-f43f-7505-888da6b80f9b">
      <Execution id="1d2da9de-c055-4b7e-bec6-b6336382a033" />
      <TestMethod codeBase="D:\actions-runner\_work\XPCO\XPCO\AllSolutions\..\MIP\PlatformPlugin\VideoOS.Platform\unittest\bin\Debug\net6.0-windows\VideoOS.Platform.Tests.dll" adapterTypeName="executor://mstestadapter/v2" className="VideoOS.Platform.Tests.Metadata.ClassCandidateTests" name="ReadXml_ShouldLogWarningTwiceWhenMoreThanOneMinuteBetweenWarnings_WhenElementErrorsAreDetected" />
    </UnitTest>
    <UnitTest name="ReadXml_ShouldReadDescription_WhenDescriptionIsPresent" storage="d:\actions-runner\_work\xpco\xpco\allsolutions\..\mip\platformplugin\videoos.platform\unittest\bin\debug\net6.0-windows\videoos.platform.tests.dll" id="f7a1083e-5a21-1e01-c13b-18623a6702d9">
      <Execution id="913028b4-5383-4150-b486-1e4c92376899" />
      <TestMethod codeBase="D:\actions-runner\_work\XPCO\XPCO\AllSolutions\..\MIP\PlatformPlugin\VideoOS.Platform\unittest\bin\Debug\net6.0-windows\VideoOS.Platform.Tests.dll" adapterTypeName="executor://mstestadapter/v2" className="VideoOS.Platform.Tests.Metadata.AppearanceTests" name="ReadXml_ShouldReadDescription_WhenDescriptionIsPresent" />
    </UnitTest>
    <UnitTest name="ParseMetadataXmlWithBytes_ShouldReturnCorrectObjects_WhenBinaryDataContainsCorrectXml" storage="d:\actions-runner\_work\xpco\xpco\allsolutions\..\mip\platformplugin\videoos.platform\unittest\bin\debug\net6.0-windows\videoos.platform.tests.dll" id="4331be32-8242-7bcf-516a-a7263d816796">
      <Execution id="a29203db-e302-466b-9710-69d4c2e18706" />
      <TestMethod codeBase="D:\actions-runner\_work\XPCO\XPCO\AllSolutions\..\MIP\PlatformPlugin\VideoOS.Platform\unittest\bin\Debug\net6.0-windows\VideoOS.Platform.Tests.dll" adapterTypeName="executor://mstestadapter/v2" className="VideoOS.Platform.Tests.Metadata.MetadataDeserializerTests" name="ParseMetadataXmlWithBytes_ShouldReturnCorrectObjects_WhenBinaryDataContainsCorrectXml" />
    </UnitTest>
    <UnitTest name="IsValid_ShouldBeSetToTrue_WhenCenterOfGravityIsMissing" storage="d:\actions-runner\_work\xpco\xpco\allsolutions\..\mip\platformplugin\videoos.platform\unittest\bin\debug\net6.0-windows\videoos.platform.tests.dll" id="a41a1003-2242-10b8-735d-2b3636a491be">
      <Execution id="40f4ba45-6574-4acd-89cf-9f15c66503bf" />
      <TestMethod codeBase="D:\actions-runner\_work\XPCO\XPCO\AllSolutions\..\MIP\PlatformPlugin\VideoOS.Platform\unittest\bin\Debug\net6.0-windows\VideoOS.Platform.Tests.dll" adapterTypeName="executor://mstestadapter/v2" className="VideoOS.Platform.Tests.Metadata.ShapeTests" name="IsValid_ShouldBeSetToTrue_WhenCenterOfGravityIsMissing" />
    </UnitTest>
    <UnitTest name="ProvideValue_ShouldChangeContent_WhenItemDataPropertyNameChangesFromOneValueToAnother" storage="d:\actions-runner\_work\xpco\xpco\allsolutions\..\mip\platformplugin\videoos.platform\unittest\bin\debug\net6.0-windows\videoos.platform.tests.dll" id="341aa1b2-3b64-c4e7-896b-2d80cfc15011">
      <TestCategory>
        <TestCategoryItem TestCategory="TabControls" />
      </TestCategory>
      <Execution id="3d43489f-fcda-4261-815e-3e57b24d2048" />
      <TestMethod codeBase="D:\actions-runner\_work\XPCO\XPCO\AllSolutions\..\MIP\PlatformPlugin\VideoOS.Platform\unittest\bin\Debug\net6.0-windows\VideoOS.Platform.Tests.dll" adapterTypeName="executor://mstestadapter/v2" className="VideoOS.Platform.Tests.UI.Controls.TabControls.Internal.Primary.ItemContentExtensionTest" name="ProvideValue_ShouldChangeContent_WhenItemDataPropertyNameChangesFromOneValueToAnother" />
    </UnitTest>
    <UnitTest name="Ctor_TwoCustomFilters_Success" storage="d:\actions-runner\_work\xpco\xpco\allsolutions\..\mip\platformplugin\videoos.platform\unittest\bin\debug\net6.0-windows\videoos.platform.tests.dll" id="673d5a8a-8f58-a8c0-2572-e1a8f9618e54">
      <TestCategory>
        <TestCategoryItem TestCategory="Search" />
      </TestCategory>
      <Execution id="578fd3a4-7ecd-477b-ab56-936cc8824da8" />
      <TestMethod codeBase="D:\actions-runner\_work\XPCO\XPCO\AllSolutions\..\MIP\PlatformPlugin\VideoOS.Platform\unittest\bin\Debug\net6.0-windows\VideoOS.Platform.Tests.dll" adapterTypeName="executor://mstestadapter/v2" className="VideoOS.Platform.Tests.Search.FilterCategories.VehicleSearchFilterCategoryTest" name="Ctor_TwoCustomFilters_Success" />
    </UnitTest>
    <UnitTest name="Serialize_TestCases (TestParentTypeMatchEnumNotThisTypeNotMatched)" storage="d:\actions-runner\_work\xpco\xpco\allsolutions\..\mip\platformplugin\videoos.platform\unittest\bin\debug\net6.0-windows\videoos.platform.tests.dll" id="878adaec-8c5a-d59b-9da3-9b3871dea119">
      <Execution id="3d841b6f-e146-4690-9580-d5556b9702a0" />
      <TestMethod codeBase="D:\actions-runner\_work\XPCO\XPCO\AllSolutions\..\MIP\PlatformPlugin\VideoOS.Platform\unittest\bin\Debug\net6.0-windows\VideoOS.Platform.Tests.dll" adapterTypeName="executor://mstestadapter/v2" className="VideoOS.Platform.Tests.UI.Controls.Automation.Serialization.AutomationObjectSerializerTest" name="Serialize_TestCases" />
    </UnitTest>
    <UnitTest name="IsCriteriaAccepted_WithKindsFilter_WhenItemKindIsNotValid_False" storage="d:\actions-runner\_work\xpco\xpco\allsolutions\..\mip\platformplugin\videoos.platform\unittest\bin\debug\net6.0-windows\videoos.platform.tests.dll" id="f03417c3-eb2e-18cd-8003-c8d213c40e6f">
      <Execution id="feffedf1-764d-4f7b-9235-997fb5939e02" />
      <TestMethod codeBase="D:\actions-runner\_work\XPCO\XPCO\AllSolutions\..\MIP\PlatformPlugin\VideoOS.Platform\unittest\bin\Debug\net6.0-windows\VideoOS.Platform.Tests.dll" adapterTypeName="executor://mstestadapter/v2" className="VideoOS.Platform.Tests.UI.ItemPicker.ItemPickerViewModelTest" name="IsCriteriaAccepted_WithKindsFilter_WhenItemKindIsNotValid_False" />
    </UnitTest>
    <UnitTest name="Get_KeyNotPresent_ReturnsNull" storage="d:\actions-runner\_work\xpco\xpco\allsolutions\..\mip\platformplugin\videoos.platform\unittest\bin\debug\net6.0-windows\videoos.platform.tests.dll" id="eb2478e2-607b-274e-dc5e-7e8aa422b888">
      <Execution id="746dcc10-fd9b-4ef9-8224-73a48222fb59" />
      <TestMethod codeBase="D:\actions-runner\_work\XPCO\XPCO\AllSolutions\..\MIP\PlatformPlugin\VideoOS.Platform\unittest\bin\Debug\net6.0-windows\VideoOS.Platform.Tests.dll" adapterTypeName="executor://mstestadapter/v2" className="VideoOS.Platform.Tests.Util.Queue.LRUCacheTests" name="Get_KeyNotPresent_ReturnsNull" />
    </UnitTest>
    <UnitTest name="GetBoundingShapesAsync_MultipleInvocationsPerTime_DelegatedToInternalMethodOnlyOncePerTime" storage="d:\actions-runner\_work\xpco\xpco\allsolutions\..\mip\platformplugin\videoos.platform\unittest\bin\debug\net6.0-windows\videoos.platform.tests.dll" id="9f7143c5-f21b-a4cb-b62f-d856a6e8e1f7">
      <TestCategory>
        <TestCategoryItem TestCategory="Search" />
      </TestCategory>
      <Execution id="6eedbbc8-17c8-43ce-b998-5bac4bc92cdf" />
      <TestMethod codeBase="D:\actions-runner\_work\XPCO\XPCO\AllSolutions\..\MIP\PlatformPlugin\VideoOS.Platform\unittest\bin\Debug\net6.0-windows\VideoOS.Platform.Tests.dll" adapterTypeName="executor://mstestadapter/v2" className="VideoOS.Platform.Tests.Search.SearchResultDataTest" name="GetBoundingShapesAsync_MultipleInvocationsPerTime_DelegatedToInternalMethodOnlyOncePerTime" />
    </UnitTest>
    <UnitTest name="Parse_StringArray" storage="d:\actions-runner\_work\xpco\xpco\allsolutions\..\mip\platformplugin\videoos.platform\unittest\bin\debug\net6.0-windows\videoos.platform.tests.dll" id="f0783c93-05f5-3c2a-1813-26adff12a929">
      <Execution id="aba04b08-8cdd-4845-96f4-8f1bf1f79c2f" />
      <TestMethod codeBase="D:\actions-runner\_work\XPCO\XPCO\AllSolutions\..\MIP\PlatformPlugin\VideoOS.Platform\unittest\bin\Debug\net6.0-windows\VideoOS.Platform.Tests.dll" adapterTypeName="executor://mstestadapter/v2" className="VideoOS.Platform.Tests.Proxy.RestApi.JsonReaderTests" name="Parse_StringArray" />
    </UnitTest>
    <UnitTest name="Match_Fail_SystemType_WrongType_Single" storage="d:\actions-runner\_work\xpco\xpco\allsolutions\..\mip\platformplugin\videoos.platform\unittest\bin\debug\net6.0-windows\videoos.platform.tests.dll" id="9c3bf906-36ef-3f5d-6689-5fb9e3aa8d47">
      <Execution id="9062d69e-0506-488d-b00c-f0ef660398cc" />
      <TestMethod codeBase="D:\actions-runner\_work\XPCO\XPCO\AllSolutions\..\MIP\PlatformPlugin\VideoOS.Platform\unittest\bin\Debug\net6.0-windows\VideoOS.Platform.Tests.dll" adapterTypeName="executor://mstestadapter/v2" className="VideoOS.Platform.Tests.Messaging.CommunicationIdFilterTests" name="Match_Fail_SystemType_WrongType_Single" />
    </UnitTest>
    <UnitTest name="Apply_ShouldApplyTranslateAndScale_WhenTranslateAndScaleIsNotNull" storage="d:\actions-runner\_work\xpco\xpco\allsolutions\..\mip\platformplugin\videoos.platform\unittest\bin\debug\net6.0-windows\videoos.platform.tests.dll" id="1d908a6b-ebcd-4952-2785-5d24733c709c">
      <Execution id="b3cb439e-ab1e-4c5a-a0a1-db5c9df3f233" />
      <TestMethod codeBase="D:\actions-runner\_work\XPCO\XPCO\AllSolutions\..\MIP\PlatformPlugin\VideoOS.Platform\unittest\bin\Debug\net6.0-windows\VideoOS.Platform.Tests.dll" adapterTypeName="executor://mstestadapter/v2" className="VideoOS.Platform.Tests.Metadata.RectangleTests" name="Apply_ShouldApplyTranslateAndScale_WhenTranslateAndScaleIsNotNull" />
    </UnitTest>
    <UnitTest name="Serialize_TestCases (TestParentTypeMatchDecimalNotThisTypeNotMatched)" storage="d:\actions-runner\_work\xpco\xpco\allsolutions\..\mip\platformplugin\videoos.platform\unittest\bin\debug\net6.0-windows\videoos.platform.tests.dll" id="c4a13715-7cee-fc42-2f4e-b27563ec4062">
      <Execution id="daec252c-189e-4ee5-bb58-e25ab1a2d29c" />
      <TestMethod codeBase="D:\actions-runner\_work\XPCO\XPCO\AllSolutions\..\MIP\PlatformPlugin\VideoOS.Platform\unittest\bin\Debug\net6.0-windows\VideoOS.Platform.Tests.dll" adapterTypeName="executor://mstestadapter/v2" className="VideoOS.Platform.Tests.UI.Controls.Automation.Serialization.AutomationObjectSerializerTest" name="Serialize_TestCases" />
    </UnitTest>
    <UnitTest name="Enabled_Clean_Properties_success" storage="d:\actions-runner\_work\xpco\xpco\allsolutions\..\mip\platformplugin\videoos.platform\unittest\bin\debug\net6.0-windows\videoos.platform.tests.dll" id="53422728-4202-db44-815d-fc4c107ae306">
      <Execution id="2c193c44-97bd-49c1-86a1-812f076b1367" />
      <TestMethod codeBase="D:\actions-runner\_work\XPCO\XPCO\AllSolutions\..\MIP\PlatformPlugin\VideoOS.Platform\unittest\bin\Debug\net6.0-windows\VideoOS.Platform.Tests.dll" adapterTypeName="executor://mstestadapter/v2" className="VideoOS.Platform.Tests.ItemTests" name="Enabled_Clean_Properties_success" />
    </UnitTest>
    <UnitTest name="ProvideValue_ShouldNotSetTargetProperty_WhenCustomDisplayValueIsSet" storage="d:\actions-runner\_work\xpco\xpco\allsolutions\..\mip\platformplugin\videoos.platform\unittest\bin\debug\net6.0-windows\videoos.platform.tests.dll" id="f5d12e44-e40c-727a-8c4d-b5134fb3b55a">
      <TestCategory>
        <TestCategoryItem TestCategory="DropDowns" />
      </TestCategory>
      <Execution id="80f39413-d6ee-4501-9f19-6808ab1ad229" />
      <TestMethod codeBase="D:\actions-runner\_work\XPCO\XPCO\AllSolutions\..\MIP\PlatformPlugin\VideoOS.Platform\unittest\bin\Debug\net6.0-windows\VideoOS.Platform.Tests.dll" adapterTypeName="executor://mstestadapter/v2" className="VideoOS.Platform.Tests.UI.Controls.DropDowns.Internal.SelectedItemIconSourceExtensionTest" name="ProvideValue_ShouldNotSetTargetProperty_WhenCustomDisplayValueIsSet" />
    </UnitTest>
    <UnitTest name="Serialize_TestCases (Verify root Object (not null) property get property value)" storage="d:\actions-runner\_work\xpco\xpco\allsolutions\..\mip\platformplugin\videoos.platform\unittest\bin\debug\net6.0-windows\videoos.platform.tests.dll" id="4488607e-daf9-d699-495a-d1b43687da23">
      <Execution id="1f2f02e6-3dce-4f91-b447-e1881c3dcf8c" />
      <TestMethod codeBase="D:\actions-runner\_work\XPCO\XPCO\AllSolutions\..\MIP\PlatformPlugin\VideoOS.Platform\unittest\bin\Debug\net6.0-windows\VideoOS.Platform.Tests.dll" adapterTypeName="executor://mstestadapter/v2" className="VideoOS.Platform.Tests.UI.Controls.Automation.Serialization.AutomationObjectSerializerTest" name="Serialize_TestCases" />
    </UnitTest>
    <UnitTest name="SearchResultData_SameTitle_Success" storage="d:\actions-runner\_work\xpco\xpco\allsolutions\..\mip\platformplugin\videoos.platform\unittest\bin\debug\net6.0-windows\videoos.platform.tests.dll" id="080800ed-e6da-eef9-42ef-0179d68c4004">
      <TestCategory>
        <TestCategoryItem TestCategory="Search" />
      </TestCategory>
      <Execution id="341de6a4-6cb1-4998-80d7-2d1a45074918" />
      <TestMethod codeBase="D:\actions-runner\_work\XPCO\XPCO\AllSolutions\..\MIP\PlatformPlugin\VideoOS.Platform\unittest\bin\Debug\net6.0-windows\VideoOS.Platform.Tests.dll" adapterTypeName="executor://mstestadapter/v2" className="VideoOS.Platform.Tests.Search.SearchResultDataTest" name="SearchResultData_SameTitle_Success" />
    </UnitTest>
    <UnitTest name="GenerateDeviceParameters_ShouldOmitGop_WhenGopIsZero" storage="d:\actions-runner\_work\xpco\xpco\allsolutions\..\mip\platformplugin\videoos.platform\unittest\bin\debug\net6.0-windows\videoos.platform.tests.dll" id="e9dfb445-64b1-c8bd-bc01-6330550b105e">
      <Execution id="1fa71a0c-2256-4462-8366-ed9427203fcc" />
      <TestMethod codeBase="D:\actions-runner\_work\XPCO\XPCO\AllSolutions\..\MIP\PlatformPlugin\VideoOS.Platform\unittest\bin\Debug\net6.0-windows\VideoOS.Platform.Tests.dll" adapterTypeName="executor://mstestadapter/v2" className="VideoOS.Platform.Tests.Data.CameraDeviceDefinitionTests" name="GenerateDeviceParameters_ShouldOmitGop_WhenGopIsZero" />
    </UnitTest>
    <UnitTest name="FindCacheEntryAfter_ShuldReturnNull_WhenTheCacheIsEmpty" storage="d:\actions-runner\_work\xpco\xpco\allsolutions\..\mip\platformplugin\videoos.platform\unittest\bin\debug\net6.0-windows\videoos.platform.tests.dll" id="a1e9cff9-0f40-6b4c-39ab-33d20cd8c823">
      <Execution id="571ea6c0-94d4-43ac-bce4-7b913efbd0c9" />
      <TestMethod codeBase="D:\actions-runner\_work\XPCO\XPCO\AllSolutions\..\MIP\PlatformPlugin\VideoOS.Platform\unittest\bin\Debug\net6.0-windows\VideoOS.Platform.Tests.dll" adapterTypeName="executor://mstestadapter/v2" className="VideoOS.Platform.Tests.Data.MetadataCacheTests" name="FindCacheEntryAfter_ShuldReturnNull_WhenTheCacheIsEmpty" />
    </UnitTest>
    <UnitTest name="GenerateEnumValueParameters_ShouldWriteDisplayName_WhenAlways" storage="d:\actions-runner\_work\xpco\xpco\allsolutions\..\mip\platformplugin\videoos.platform\unittest\bin\debug\net6.0-windows\videoos.platform.tests.dll" id="7e72f854-d326-decd-1986-82fb5fe24c7b">
      <Execution id="baf7fdea-7392-4bb2-9dfb-f667a6c68f4a" />
      <TestMethod codeBase="D:\actions-runner\_work\XPCO\XPCO\AllSolutions\..\MIP\PlatformPlugin\VideoOS.Platform\unittest\bin\Debug\net6.0-windows\VideoOS.Platform.Tests.dll" adapterTypeName="executor://mstestadapter/v2" className="VideoOS.Platform.Tests.Data.EnumCapabilityValueTests" name="GenerateEnumValueParameters_ShouldWriteDisplayName_WhenAlways" />
    </UnitTest>
    <UnitTest name="PatchItem_Camera_Fails" storage="d:\actions-runner\_work\xpco\xpco\allsolutions\..\mip\platformplugin\videoos.platform\unittest\bin\debug\net6.0-windows\videoos.platform.tests.dll" id="01158b98-2cd4-e826-aa9e-d2d4c60de322">
      <Execution id="d82bd178-1cba-44db-98c4-b23433d346ec" />
      <TestMethod codeBase="D:\actions-runner\_work\XPCO\XPCO\AllSolutions\..\MIP\PlatformPlugin\VideoOS.Platform\unittest\bin\Debug\net6.0-windows\VideoOS.Platform.Tests.dll" adapterTypeName="executor://mstestadapter/v2" className="VideoOS.Platform.Tests.Proxy.RestApi.RestApiClientDecoratorTests" name="PatchItem_Camera_Fails" />
    </UnitTest>
    <UnitTest name="GetPreviousSequence_ShouldReturnFirstEntryFromToolkitResult_WhenDataWasReturned" storage="d:\actions-runner\_work\xpco\xpco\allsolutions\..\mip\platformplugin\videoos.platform\unittest\bin\debug\net6.0-windows\videoos.platform.tests.dll" id="37465b96-5d9d-91f9-7bbc-1b2bd9de14df">
      <Execution id="bcb4abff-9188-4acf-b483-35a9f66cbfb0" />
      <TestMethod codeBase="D:\actions-runner\_work\XPCO\XPCO\AllSolutions\..\MIP\PlatformPlugin\VideoOS.Platform\unittest\bin\Debug\net6.0-windows\VideoOS.Platform.Tests.dll" adapterTypeName="executor://mstestadapter/v2" className="VideoOS.Platform.Tests.Data.MetadataPlaybackSourceTests" name="GetPreviousSequence_ShouldReturnFirstEntryFromToolkitResult_WhenDataWasReturned" />
    </UnitTest>
    <UnitTest name="Match_Success_SystemTypeAnyMessage_Single" storage="d:\actions-runner\_work\xpco\xpco\allsolutions\..\mip\platformplugin\videoos.platform\unittest\bin\debug\net6.0-windows\videoos.platform.tests.dll" id="1f241370-4898-8010-2b1d-0961333a2be9">
      <Execution id="fe70b937-1f57-429f-a9ca-03cc61bbb17e" />
      <TestMethod codeBase="D:\actions-runner\_work\XPCO\XPCO\AllSolutions\..\MIP\PlatformPlugin\VideoOS.Platform\unittest\bin\Debug\net6.0-windows\VideoOS.Platform.Tests.dll" adapterTypeName="executor://mstestadapter/v2" className="VideoOS.Platform.Tests.Messaging.CommunicationIdFilterTests" name="Match_Success_SystemTypeAnyMessage_Single" />
    </UnitTest>
    <UnitTest name="GetIdFromPath_ShouldReturnId_FromFullPath" storage="d:\actions-runner\_work\xpco\xpco\allsolutions\..\mip\platformplugin\videoos.platform\unittest\bin\debug\net6.0-windows\videoos.platform.tests.dll" id="23ab757f-fe97-afaf-d8cf-cc47b5d58278">
      <Execution id="e64c773a-5492-4aba-8ce1-e0045c149455" />
      <TestMethod codeBase="D:\actions-runner\_work\XPCO\XPCO\AllSolutions\..\MIP\PlatformPlugin\VideoOS.Platform\unittest\bin\Debug\net6.0-windows\VideoOS.Platform.Tests.dll" adapterTypeName="executor://mstestadapter/v2" className="VideoOS.Platform.Tests.ConfigurationItems.FactoryTests" name="GetIdFromPath_ShouldReturnId_FromFullPath" />
    </UnitTest>
    <UnitTest name="Parse_IntArray" storage="d:\actions-runner\_work\xpco\xpco\allsolutions\..\mip\platformplugin\videoos.platform\unittest\bin\debug\net6.0-windows\videoos.platform.tests.dll" id="85a3df1f-74e3-6aca-1e0c-cfef94af0047">
      <Execution id="7b059acd-d54e-4ab1-8990-2a310b233648" />
      <TestMethod codeBase="D:\actions-runner\_work\XPCO\XPCO\AllSolutions\..\MIP\PlatformPlugin\VideoOS.Platform\unittest\bin\Debug\net6.0-windows\VideoOS.Platform.Tests.dll" adapterTypeName="executor://mstestadapter/v2" className="VideoOS.Platform.Tests.Proxy.RestApi.JsonReaderTests" name="Parse_IntArray" />
    </UnitTest>
    <UnitTest name="AllAttributesWerePresent_ShouldReturnFalse_WhenTopAttributeIsMissing" storage="d:\actions-runner\_work\xpco\xpco\allsolutions\..\mip\platformplugin\videoos.platform\unittest\bin\debug\net6.0-windows\videoos.platform.tests.dll" id="6c5fbe1f-8152-a821-d533-330bed4f5a98">
      <Execution id="d23a6f0b-3f1d-41f1-89a0-967317ecc307" />
      <TestMethod codeBase="D:\actions-runner\_work\XPCO\XPCO\AllSolutions\..\MIP\PlatformPlugin\VideoOS.Platform\unittest\bin\Debug\net6.0-windows\VideoOS.Platform.Tests.dll" adapterTypeName="executor://mstestadapter/v2" className="VideoOS.Platform.Tests.Metadata.RectangleTests" name="AllAttributesWerePresent_ShouldReturnFalse_WhenTopAttributeIsMissing" />
    </UnitTest>
    <UnitTest name="GetColorFilterValues_FilterValueMissing_ReturnsEmptyCollection" storage="d:\actions-runner\_work\xpco\xpco\allsolutions\..\mip\platformplugin\videoos.platform\unittest\bin\debug\net6.0-windows\videoos.platform.tests.dll" id="cd1d2fd6-a556-1869-618e-8799c1c10a94">
      <TestCategory>
        <TestCategoryItem TestCategory="Search" />
      </TestCategory>
      <Execution id="41e1730a-e798-4be5-9870-6d6867080172" />
      <TestMethod codeBase="D:\actions-runner\_work\XPCO\XPCO\AllSolutions\..\MIP\PlatformPlugin\VideoOS.Platform\unittest\bin\Debug\net6.0-windows\VideoOS.Platform.Tests.dll" adapterTypeName="executor://mstestadapter/v2" className="VideoOS.Platform.Tests.Search.FilterCategories.VehicleSearchFilterCategoryTest" name="GetColorFilterValues_FilterValueMissing_ReturnsEmptyCollection" />
    </UnitTest>
    <UnitTest name="Serialize_ShouldThrowException_WhenPropertyIsSimpleTypeButPathContainsChildren (DoubleProperty)" storage="d:\actions-runner\_work\xpco\xpco\allsolutions\..\mip\platformplugin\videoos.platform\unittest\bin\debug\net6.0-windows\videoos.platform.tests.dll" id="e59e8f87-a17d-8e41-f45f-4db193e4b8dd">
      <Execution id="17bc4daa-95cb-4fca-b1a0-619d64725772" />
      <TestMethod codeBase="D:\actions-runner\_work\XPCO\XPCO\AllSolutions\..\MIP\PlatformPlugin\VideoOS.Platform\unittest\bin\Debug\net6.0-windows\VideoOS.Platform.Tests.dll" adapterTypeName="executor://mstestadapter/v2" className="VideoOS.Platform.Tests.UI.Controls.Automation.Serialization.AutomationObjectSerializerTest" name="Serialize_ShouldThrowException_WhenPropertyIsSimpleTypeButPathContainsChildren" />
    </UnitTest>
    <UnitTest name="Remove_String" storage="d:\actions-runner\_work\xpco\xpco\allsolutions\..\mip\platformplugin\videoos.platform\unittest\bin\debug\net6.0-windows\videoos.platform.tests.dll" id="de4de35b-27a7-9209-5227-b270da191793">
      <Execution id="364a264e-c11d-4099-a3ae-bc8ab8cd1d15" />
      <TestMethod codeBase="D:\actions-runner\_work\XPCO\XPCO\AllSolutions\..\MIP\PlatformPlugin\VideoOS.Platform\unittest\bin\Debug\net6.0-windows\VideoOS.Platform.Tests.dll" adapterTypeName="executor://mstestadapter/v2" className="VideoOS.Platform.Tests.Proxy.RestApi.JsonReaderTests" name="Remove_String" />
    </UnitTest>
    <UnitTest name="GetPreviousDateTime_ShouldReturnDataEntityFromCacheWithoutCallingToolkit_WhenDataIsPresentInCache" storage="d:\actions-runner\_work\xpco\xpco\allsolutions\..\mip\platformplugin\videoos.platform\unittest\bin\debug\net6.0-windows\videoos.platform.tests.dll" id="87215dbe-be98-eae0-f888-50bc76faae33">
      <Execution id="4095bcb5-9db2-4dbe-9ad7-f4f765f14d51" />
      <TestMethod codeBase="D:\actions-runner\_work\XPCO\XPCO\AllSolutions\..\MIP\PlatformPlugin\VideoOS.Platform\unittest\bin\Debug\net6.0-windows\VideoOS.Platform.Tests.dll" adapterTypeName="executor://mstestadapter/v2" className="VideoOS.Platform.Tests.Data.MetadataPlaybackSourceTests" name="GetPreviousDateTime_ShouldReturnDataEntityFromCacheWithoutCallingToolkit_WhenDataIsPresentInCache" />
    </UnitTest>
    <UnitTest name="LicensesObjectId_ShouldNotChange" storage="d:\actions-runner\_work\xpco\xpco\allsolutions\..\mip\platformplugin\videoos.platform\unittest\bin\debug\net6.0-windows\videoos.platform.tests.dll" id="67b41555-668e-a38b-443d-e1d215565a3e">
      <Execution id="599e5ee2-fa94-4cb7-96d9-f8f0be2b58f5" />
      <TestMethod codeBase="D:\actions-runner\_work\XPCO\XPCO\AllSolutions\..\MIP\PlatformPlugin\VideoOS.Platform\unittest\bin\Debug\net6.0-windows\VideoOS.Platform.Tests.dll" adapterTypeName="executor://mstestadapter/v2" className="VideoOS.Platform.Tests.License.LicenseCompatibilityHandlerTests" name="LicensesObjectId_ShouldNotChange" />
    </UnitTest>
    <UnitTest name="Equals_ShouldHaveValueSemantics_WhenAlways" storage="d:\actions-runner\_work\xpco\xpco\allsolutions\..\mip\platformplugin\videoos.platform\unittest\bin\debug\net6.0-windows\videoos.platform.tests.dll" id="87294391-1825-1ce5-7f19-56b62f49e8c1">
      <Execution id="e3ec63d9-3fd1-44b2-8778-5f37dfc64055" />
      <TestMethod codeBase="D:\actions-runner\_work\XPCO\XPCO\AllSolutions\..\MIP\PlatformPlugin\VideoOS.Platform\unittest\bin\Debug\net6.0-windows\VideoOS.Platform.Tests.dll" adapterTypeName="executor://mstestadapter/v2" className="VideoOS.Platform.Tests.Metadata.AppearanceTests" name="Equals_ShouldHaveValueSemantics_WhenAlways" />
    </UnitTest>
    <UnitTest name="Serialize_TestCases (TestParentTypeMatchIntThisTypeNotMatched)" storage="d:\actions-runner\_work\xpco\xpco\allsolutions\..\mip\platformplugin\videoos.platform\unittest\bin\debug\net6.0-windows\videoos.platform.tests.dll" id="baa0e531-65cd-6df8-b464-315d19c68df0">
      <Execution id="7810cf89-3f49-4deb-a318-fdd4205a0385" />
      <TestMethod codeBase="D:\actions-runner\_work\XPCO\XPCO\AllSolutions\..\MIP\PlatformPlugin\VideoOS.Platform\unittest\bin\Debug\net6.0-windows\VideoOS.Platform.Tests.dll" adapterTypeName="executor://mstestadapter/v2" className="VideoOS.Platform.Tests.UI.Controls.Automation.Serialization.AutomationObjectSerializerTest" name="Serialize_TestCases" />
    </UnitTest>
    <UnitTest name="Ctor_NullScope_Throws" storage="d:\actions-runner\_work\xpco\xpco\allsolutions\..\mip\platformplugin\videoos.platform\unittest\bin\debug\net6.0-windows\videoos.platform.tests.dll" id="4f7bde70-3b99-d47c-8245-4d79a123baa7">
      <TestCategory>
        <TestCategoryItem TestCategory="Search" />
      </TestCategory>
      <Execution id="afae8e84-0138-4373-be9a-c16c08d02436" />
      <TestMethod codeBase="D:\actions-runner\_work\XPCO\XPCO\AllSolutions\..\MIP\PlatformPlugin\VideoOS.Platform\unittest\bin\Debug\net6.0-windows\VideoOS.Platform.Tests.dll" adapterTypeName="executor://mstestadapter/v2" className="VideoOS.Platform.Tests.Search.SearchCriteriaTest" name="Ctor_NullScope_Throws" />
    </UnitTest>
    <UnitTest name="Serialize_TestCases (TestParentTypeMatchObjectNotThisTypeNotMatchedProperty)" storage="d:\actions-runner\_work\xpco\xpco\allsolutions\..\mip\platformplugin\videoos.platform\unittest\bin\debug\net6.0-windows\videoos.platform.tests.dll" id="3e3f253d-53ac-8cf4-0542-5e51ee7168ea">
      <Execution id="0207f71f-e395-46ef-a64f-416032bdd709" />
      <TestMethod codeBase="D:\actions-runner\_work\XPCO\XPCO\AllSolutions\..\MIP\PlatformPlugin\VideoOS.Platform\unittest\bin\Debug\net6.0-windows\VideoOS.Platform.Tests.dll" adapterTypeName="executor://mstestadapter/v2" className="VideoOS.Platform.Tests.UI.Controls.Automation.Serialization.AutomationObjectSerializerTest" name="Serialize_TestCases" />
    </UnitTest>
    <UnitTest name="Replace_ShouldInvokeCallback_WhenObservable" storage="d:\actions-runner\_work\xpco\xpco\allsolutions\..\mip\platformplugin\videoos.platform\unittest\bin\debug\net6.0-windows\videoos.platform.tests.dll" id="5299c3b1-b147-2926-54b8-048e2c168fc2">
      <Execution id="ed047962-dd82-4b6e-8a40-a4e0c2daa45c" />
      <TestMethod codeBase="D:\actions-runner\_work\XPCO\XPCO\AllSolutions\..\MIP\PlatformPlugin\VideoOS.Platform\unittest\bin\Debug\net6.0-windows\VideoOS.Platform.Tests.dll" adapterTypeName="executor://mstestadapter/v2" className="VideoOS.Platform.Tests.UI.Controls.CollectionHelperGenericTest" name="Replace_ShouldInvokeCallback_WhenObservable" />
    </UnitTest>
    <UnitTest name="MatchId_Fail_MessageWithAsteriskAtBegin" storage="d:\actions-runner\_work\xpco\xpco\allsolutions\..\mip\platformplugin\videoos.platform\unittest\bin\debug\net6.0-windows\videoos.platform.tests.dll" id="f9dae8a6-1410-fa92-4089-639221dba286">
      <Execution id="c9ce1be6-93ca-4c45-8eb9-0494870a0b6f" />
      <TestMethod codeBase="D:\actions-runner\_work\XPCO\XPCO\AllSolutions\..\MIP\PlatformPlugin\VideoOS.Platform\unittest\bin\Debug\net6.0-windows\VideoOS.Platform.Tests.dll" adapterTypeName="executor://mstestadapter/v2" className="VideoOS.Platform.Tests.Messaging.CommunicationIdFilterTests" name="MatchId_Fail_MessageWithAsteriskAtBegin" />
    </UnitTest>
    <UnitTest name="Serialize_ShouldHandleCollectionFilter_WhenMatchingCollectionTypeAndItDoesNotMatch" storage="d:\actions-runner\_work\xpco\xpco\allsolutions\..\mip\platformplugin\videoos.platform\unittest\bin\debug\net6.0-windows\videoos.platform.tests.dll" id="0378ed59-f976-b4fc-9f2f-d68f313306f2">
      <Execution id="778a6b2c-0e9e-4ebb-b5e4-ec66624fc466" />
      <TestMethod codeBase="D:\actions-runner\_work\XPCO\XPCO\AllSolutions\..\MIP\PlatformPlugin\VideoOS.Platform\unittest\bin\Debug\net6.0-windows\VideoOS.Platform.Tests.dll" adapterTypeName="executor://mstestadapter/v2" className="VideoOS.Platform.Tests.UI.Controls.Automation.Serialization.AutomationObjectSerializerTypeFilterTests" name="Serialize_ShouldHandleCollectionFilter_WhenMatchingCollectionTypeAndItDoesNotMatch" />
    </UnitTest>
    <UnitTest name="Equals_ShouldHaveValueSemantics_WhenAlways" storage="d:\actions-runner\_work\xpco\xpco\allsolutions\..\mip\platformplugin\videoos.platform\unittest\bin\debug\net6.0-windows\videoos.platform.tests.dll" id="2b2cdfa0-61df-f232-7682-12c2c86c587b">
      <Execution id="f99cca47-7594-4217-8a35-3698e26b7b40" />
      <TestMethod codeBase="D:\actions-runner\_work\XPCO\XPCO\AllSolutions\..\MIP\PlatformPlugin\VideoOS.Platform\unittest\bin\Debug\net6.0-windows\VideoOS.Platform.Tests.dll" adapterTypeName="executor://mstestadapter/v2" className="VideoOS.Platform.Tests.Metadata.VectorTests" name="Equals_ShouldHaveValueSemantics_WhenAlways" />
    </UnitTest>
    <UnitTest name="TestStartSearch_SearchFireErrorOccured_Success" storage="d:\actions-runner\_work\xpco\xpco\allsolutions\..\mip\platformplugin\videoos.platform\unittest\bin\debug\net6.0-windows\videoos.platform.tests.dll" id="2b383535-8d75-6079-a3dc-080857154651">
      <TestCategory>
        <TestCategoryItem TestCategory="Search" />
      </TestCategory>
      <Execution id="1ec0bb72-efc9-420b-90a6-6213e58e6021" />
      <TestMethod codeBase="D:\actions-runner\_work\XPCO\XPCO\AllSolutions\..\MIP\PlatformPlugin\VideoOS.Platform\unittest\bin\Debug\net6.0-windows\VideoOS.Platform.Tests.dll" adapterTypeName="executor://mstestadapter/v2" className="VideoOS.Platform.Tests.Search.SearchManagerTest" name="TestStartSearch_SearchFireErrorOccured_Success" />
    </UnitTest>
    <UnitTest name="GetFilterValues_NullFilter_Throws" storage="d:\actions-runner\_work\xpco\xpco\allsolutions\..\mip\platformplugin\videoos.platform\unittest\bin\debug\net6.0-windows\videoos.platform.tests.dll" id="2c838da2-a06b-ca63-745f-8e2c255d876f">
      <TestCategory>
        <TestCategoryItem TestCategory="Search" />
      </TestCategory>
      <Execution id="c27450d6-6da4-44cd-81ce-265ef2b6ddfd" />
      <TestMethod codeBase="D:\actions-runner\_work\XPCO\XPCO\AllSolutions\..\MIP\PlatformPlugin\VideoOS.Platform\unittest\bin\Debug\net6.0-windows\VideoOS.Platform.Tests.dll" adapterTypeName="executor://mstestadapter/v2" className="VideoOS.Platform.Tests.Search.SearchCriteriaTest" name="GetFilterValues_NullFilter_Throws" />
    </UnitTest>
    <UnitTest name="Minimize_ShouldReturnOneInterval_WhenListContainsTwoOverlappingIntervalsAndOneIncludesTheOther" storage="d:\actions-runner\_work\xpco\xpco\allsolutions\..\mip\platformplugin\videoos.platform\unittest\bin\debug\net6.0-windows\videoos.platform.tests.dll" id="1cfe0934-bee5-966a-0fdd-441157183564">
      <Execution id="80a06dca-9b65-41a3-9dd3-b653e558fd5b" />
      <TestMethod codeBase="D:\actions-runner\_work\XPCO\XPCO\AllSolutions\..\MIP\PlatformPlugin\VideoOS.Platform\unittest\bin\Debug\net6.0-windows\VideoOS.Platform.Tests.dll" adapterTypeName="executor://mstestadapter/v2" className="VideoOS.Platform.Tests.Util.TimeIntervalTests" name="Minimize_ShouldReturnOneInterval_WhenListContainsTwoOverlappingIntervalsAndOneIncludesTheOther" />
    </UnitTest>
    <UnitTest name="AllAttributesWerePresent_ShouldReturnFalse_WhenRightAttributeIsMissing" storage="d:\actions-runner\_work\xpco\xpco\allsolutions\..\mip\platformplugin\videoos.platform\unittest\bin\debug\net6.0-windows\videoos.platform.tests.dll" id="97e7d06a-68e4-1586-9e4c-e6b41260549f">
      <Execution id="e9b0ea28-7eb6-4bd7-a870-62c46e9f69d3" />
      <TestMethod codeBase="D:\actions-runner\_work\XPCO\XPCO\AllSolutions\..\MIP\PlatformPlugin\VideoOS.Platform\unittest\bin\Debug\net6.0-windows\VideoOS.Platform.Tests.dll" adapterTypeName="executor://mstestadapter/v2" className="VideoOS.Platform.Tests.Metadata.RectangleTests" name="AllAttributesWerePresent_ShouldReturnFalse_WhenRightAttributeIsMissing" />
    </UnitTest>
    <UnitTest name="GetNextDateTime_ShouldReturnFirstDataEntityFromToolkit_WhenDataIsNotCached" storage="d:\actions-runner\_work\xpco\xpco\allsolutions\..\mip\platformplugin\videoos.platform\unittest\bin\debug\net6.0-windows\videoos.platform.tests.dll" id="6063544f-f430-cb16-6dfb-368d6711c379">
      <Execution id="8397b2e9-21bf-4b61-b881-1e2f5077daba" />
      <TestMethod codeBase="D:\actions-runner\_work\XPCO\XPCO\AllSolutions\..\MIP\PlatformPlugin\VideoOS.Platform\unittest\bin\Debug\net6.0-windows\VideoOS.Platform.Tests.dll" adapterTypeName="executor://mstestadapter/v2" className="VideoOS.Platform.Tests.Data.MetadataPlaybackSourceTests" name="GetNextDateTime_ShouldReturnFirstDataEntityFromToolkit_WhenDataIsNotCached" />
    </UnitTest>
    <UnitTest name="GetClientAsync_NotStartsClient_AfterFirstCall" storage="d:\actions-runner\_work\xpco\xpco\allsolutions\..\mip\platformplugin\videoos.platform\unittest\bin\debug\net6.0-windows\videoos.platform.tests.dll" id="0a92ab9e-a0ef-5666-6bfc-bca43af1a11e">
      <Execution id="75c70419-57b8-4b65-b5cf-27976c06de63" />
      <TestMethod codeBase="D:\actions-runner\_work\XPCO\XPCO\AllSolutions\..\MIP\PlatformPlugin\VideoOS.Platform\unittest\bin\Debug\net6.0-windows\VideoOS.Platform.Tests.dll" adapterTypeName="executor://mstestadapter/v2" className="VideoOS.Platform.Tests.Messaging.MessageClientManagerTests" name="GetClientAsync_NotStartsClient_AfterFirstCall" />
    </UnitTest>
    <UnitTest name="WriteXml_ShouldWriteTransformationContents_WhenTransformationIsNotNull" storage="d:\actions-runner\_work\xpco\xpco\allsolutions\..\mip\platformplugin\videoos.platform\unittest\bin\debug\net6.0-windows\videoos.platform.tests.dll" id="1eb1dc9e-0313-f642-c091-1fcc25a2d80c">
      <Execution id="e43245e3-2989-4c2e-b316-3993c4bfcfd8" />
      <TestMethod codeBase="D:\actions-runner\_work\XPCO\XPCO\AllSolutions\..\MIP\PlatformPlugin\VideoOS.Platform\unittest\bin\Debug\net6.0-windows\VideoOS.Platform.Tests.dll" adapterTypeName="executor://mstestadapter/v2" className="VideoOS.Platform.Tests.Metadata.AppearanceTests" name="WriteXml_ShouldWriteTransformationContents_WhenTransformationIsNotNull" />
    </UnitTest>
    <UnitTest name="WriteXml_ShouldWriteShapeElement_WhenShapeIsNotNull" storage="d:\actions-runner\_work\xpco\xpco\allsolutions\..\mip\platformplugin\videoos.platform\unittest\bin\debug\net6.0-windows\videoos.platform.tests.dll" id="26609db5-8fe4-7221-64d2-19aa74512834">
      <Execution id="2eed8d3b-1fa3-4960-a005-72327af3bc8f" />
      <TestMethod codeBase="D:\actions-runner\_work\XPCO\XPCO\AllSolutions\..\MIP\PlatformPlugin\VideoOS.Platform\unittest\bin\Debug\net6.0-windows\VideoOS.Platform.Tests.dll" adapterTypeName="executor://mstestadapter/v2" className="VideoOS.Platform.Tests.Metadata.AppearanceTests" name="WriteXml_ShouldWriteShapeElement_WhenShapeIsNotNull" />
    </UnitTest>
    <UnitTest name="Serialize_TestCases (TestParentTypeMatchDoubleThisTypeNotMatched)" storage="d:\actions-runner\_work\xpco\xpco\allsolutions\..\mip\platformplugin\videoos.platform\unittest\bin\debug\net6.0-windows\videoos.platform.tests.dll" id="53dd47fd-4d1a-33e1-81d6-8e71ee72d54a">
      <Execution id="09c37035-f8b4-4094-93c9-541f314ded17" />
      <TestMethod codeBase="D:\actions-runner\_work\XPCO\XPCO\AllSolutions\..\MIP\PlatformPlugin\VideoOS.Platform\unittest\bin\Debug\net6.0-windows\VideoOS.Platform.Tests.dll" adapterTypeName="executor://mstestadapter/v2" className="VideoOS.Platform.Tests.UI.Controls.Automation.Serialization.AutomationObjectSerializerTest" name="Serialize_TestCases" />
    </UnitTest>
    <UnitTest name="ReadXml_ShouldLogWarningTwiceWhenMoreThanOneMinuteBetweenWarnings_WhenIncompleteScaleIsPresent" storage="d:\actions-runner\_work\xpco\xpco\allsolutions\..\mip\platformplugin\videoos.platform\unittest\bin\debug\net6.0-windows\videoos.platform.tests.dll" id="4f82d922-22f6-d968-086c-9b41bf965fdc">
      <Execution id="620a9a09-72d0-4dd9-9a14-b80a1ab5ad81" />
      <TestMethod codeBase="D:\actions-runner\_work\XPCO\XPCO\AllSolutions\..\MIP\PlatformPlugin\VideoOS.Platform\unittest\bin\Debug\net6.0-windows\VideoOS.Platform.Tests.dll" adapterTypeName="executor://mstestadapter/v2" className="VideoOS.Platform.Tests.Metadata.TransformationTests" name="ReadXml_ShouldLogWarningTwiceWhenMoreThanOneMinuteBetweenWarnings_WhenIncompleteScaleIsPresent" />
    </UnitTest>
    <UnitTest name="CreateSearchFilterEditControl_MissingPlugin_ReturnsNull" storage="d:\actions-runner\_work\xpco\xpco\allsolutions\..\mip\platformplugin\videoos.platform\unittest\bin\debug\net6.0-windows\videoos.platform.tests.dll" id="61e3c009-6d40-f26a-bfa1-a7b30d7f5bbd">
      <TestCategory>
        <TestCategoryItem TestCategory="Search" />
      </TestCategory>
      <Execution id="dedd2acc-2165-4e2e-bd22-54e60ac57187" />
      <TestMethod codeBase="D:\actions-runner\_work\XPCO\XPCO\AllSolutions\..\MIP\PlatformPlugin\VideoOS.Platform\unittest\bin\Debug\net6.0-windows\VideoOS.Platform.Tests.dll" adapterTypeName="executor://mstestadapter/v2" className="VideoOS.Platform.Tests.Search.SearchUserControlResolverTest" name="CreateSearchFilterEditControl_MissingPlugin_ReturnsNull" />
    </UnitTest>
    <UnitTest name="Longitude_ShouldThrowArgumentOfRange_WhenValueIsOutsideAcceptedRange" storage="d:\actions-runner\_work\xpco\xpco\allsolutions\..\mip\platformplugin\videoos.platform\unittest\bin\debug\net6.0-windows\videoos.platform.tests.dll" id="be126d46-0548-695a-7287-bae8146e110d">
      <Execution id="c5ad404e-7212-4a34-bba0-c4f9966cae8f" />
      <TestMethod codeBase="D:\actions-runner\_work\XPCO\XPCO\AllSolutions\..\MIP\PlatformPlugin\VideoOS.Platform\unittest\bin\Debug\net6.0-windows\VideoOS.Platform.Tests.dll" adapterTypeName="executor://mstestadapter/v2" className="VideoOS.Platform.Tests.Metadata.NavigationalDataTests" name="Longitude_ShouldThrowArgumentOfRange_WhenValueIsOutsideAcceptedRange" />
    </UnitTest>
    <UnitTest name="GetAtOrBefore_ShouldReturnNull_WhenTimestampIsBeforeFirstElement" storage="d:\actions-runner\_work\xpco\xpco\allsolutions\..\mip\platformplugin\videoos.platform\unittest\bin\debug\net6.0-windows\videoos.platform.tests.dll" id="31c80297-0b11-c824-d2b2-d7f2c10e7839">
      <Execution id="47f1f347-e64c-4614-a721-99fa8ba99571" />
      <TestMethod codeBase="D:\actions-runner\_work\XPCO\XPCO\AllSolutions\..\MIP\PlatformPlugin\VideoOS.Platform\unittest\bin\Debug\net6.0-windows\VideoOS.Platform.Tests.dll" adapterTypeName="executor://mstestadapter/v2" className="VideoOS.Platform.Tests.Data.MetadataCacheTests" name="GetAtOrBefore_ShouldReturnNull_WhenTimestampIsBeforeFirstElement" />
    </UnitTest>
    <UnitTest name="MipItem_IconSource_Has_Value" storage="d:\actions-runner\_work\xpco\xpco\allsolutions\..\mip\platformplugin\videoos.platform\unittest\bin\debug\net6.0-windows\videoos.platform.tests.dll" id="2d11d0f1-64a8-482c-f6c9-1576aff1fea5">
      <Execution id="f65de6b1-5766-4e7b-8812-aa395c71dd52" />
      <TestMethod codeBase="D:\actions-runner\_work\XPCO\XPCO\AllSolutions\..\MIP\PlatformPlugin\VideoOS.Platform\unittest\bin\Debug\net6.0-windows\VideoOS.Platform.Tests.dll" adapterTypeName="executor://mstestadapter/v2" className="VideoOS.Platform.Tests.UI.ItemPicker.ItemViewModelTest" name="MipItem_IconSource_Has_Value" />
    </UnitTest>
    <UnitTest name="ReadXml_ShouldReadLongitude_WhenLongitudeIsPresent" storage="d:\actions-runner\_work\xpco\xpco\allsolutions\..\mip\platformplugin\videoos.platform\unittest\bin\debug\net6.0-windows\videoos.platform.tests.dll" id="42fa9d5a-68c0-df47-5ee1-d61bde48031d">
      <Execution id="0407c8d1-698b-4dc1-88ac-c6a507c803b1" />
      <TestMethod codeBase="D:\actions-runner\_work\XPCO\XPCO\AllSolutions\..\MIP\PlatformPlugin\VideoOS.Platform\unittest\bin\Debug\net6.0-windows\VideoOS.Platform.Tests.dll" adapterTypeName="executor://mstestadapter/v2" className="VideoOS.Platform.Tests.Metadata.NavigationalDataTests" name="ReadXml_ShouldReadLongitude_WhenLongitudeIsPresent" />
    </UnitTest>
    <UnitTest name="GetPreviousDateTime_ShouldReturnLastDataEntityFromSecondToolkitCall_WhenDateIsAfterFirstCachedValue" storage="d:\actions-runner\_work\xpco\xpco\allsolutions\..\mip\platformplugin\videoos.platform\unittest\bin\debug\net6.0-windows\videoos.platform.tests.dll" id="d15cb015-1a80-6a1c-c85a-3f61077a2db7">
      <Execution id="6299ee77-57d8-4698-b3f9-cb4102e935ed" />
      <TestMethod codeBase="D:\actions-runner\_work\XPCO\XPCO\AllSolutions\..\MIP\PlatformPlugin\VideoOS.Platform\unittest\bin\Debug\net6.0-windows\VideoOS.Platform.Tests.dll" adapterTypeName="executor://mstestadapter/v2" className="VideoOS.Platform.Tests.Data.MetadataPlaybackSourceTests" name="GetPreviousDateTime_ShouldReturnLastDataEntityFromSecondToolkitCall_WhenDateIsAfterFirstCachedValue" />
    </UnitTest>
    <UnitTest name="CreateSearchFilterEditControl_MultiplePluginsSameResultType_LastPluginWins" storage="d:\actions-runner\_work\xpco\xpco\allsolutions\..\mip\platformplugin\videoos.platform\unittest\bin\debug\net6.0-windows\videoos.platform.tests.dll" id="6892fbdf-0dab-889b-326a-7904d2b9e728">
      <TestCategory>
        <TestCategoryItem TestCategory="Search" />
      </TestCategory>
      <Execution id="058864b5-f8aa-47ef-91f8-f5c4c28fdb37" />
      <TestMethod codeBase="D:\actions-runner\_work\XPCO\XPCO\AllSolutions\..\MIP\PlatformPlugin\VideoOS.Platform\unittest\bin\Debug\net6.0-windows\VideoOS.Platform.Tests.dll" adapterTypeName="executor://mstestadapter/v2" className="VideoOS.Platform.Tests.Search.SearchUserControlResolverTest" name="CreateSearchFilterEditControl_MultiplePluginsSameResultType_LastPluginWins" />
    </UnitTest>
    <UnitTest name="ReadXml_ShouldDiscardBoundingBox_WhenIncompleteBoundingBoxIsPresent" storage="d:\actions-runner\_work\xpco\xpco\allsolutions\..\mip\platformplugin\videoos.platform\unittest\bin\debug\net6.0-windows\videoos.platform.tests.dll" id="07d6b577-3d60-1f8f-d4b8-5715e136ec3a">
      <Execution id="b05c9ed2-b232-4857-a569-0711fb902b65" />
      <TestMethod codeBase="D:\actions-runner\_work\XPCO\XPCO\AllSolutions\..\MIP\PlatformPlugin\VideoOS.Platform\unittest\bin\Debug\net6.0-windows\VideoOS.Platform.Tests.dll" adapterTypeName="executor://mstestadapter/v2" className="VideoOS.Platform.Tests.Metadata.ShapeTests" name="ReadXml_ShouldDiscardBoundingBox_WhenIncompleteBoundingBoxIsPresent" />
    </UnitTest>
    <UnitTest name="GetGenderFilterValues_MultiSelection_Success" storage="d:\actions-runner\_work\xpco\xpco\allsolutions\..\mip\platformplugin\videoos.platform\unittest\bin\debug\net6.0-windows\videoos.platform.tests.dll" id="9201c682-a830-2984-3517-d5fbfb383f4a">
      <TestCategory>
        <TestCategoryItem TestCategory="Search" />
      </TestCategory>
      <Execution id="dae94471-89df-4a50-816b-0625634e87cc" />
      <TestMethod codeBase="D:\actions-runner\_work\XPCO\XPCO\AllSolutions\..\MIP\PlatformPlugin\VideoOS.Platform\unittest\bin\Debug\net6.0-windows\VideoOS.Platform.Tests.dll" adapterTypeName="executor://mstestadapter/v2" className="VideoOS.Platform.Tests.Search.FilterCategories.PersonSearchFilterCategoryTest" name="GetGenderFilterValues_MultiSelection_Success" />
    </UnitTest>
    <UnitTest name="Properties_DefaultValues" storage="d:\actions-runner\_work\xpco\xpco\allsolutions\..\mip\platformplugin\videoos.platform\unittest\bin\debug\net6.0-windows\videoos.platform.tests.dll" id="caf15171-15c0-e44f-4ded-3471eafc2c21">
      <Execution id="47efc0a4-d840-4276-a177-1648baeba9f7" />
      <TestMethod codeBase="D:\actions-runner\_work\XPCO\XPCO\AllSolutions\..\MIP\PlatformPlugin\VideoOS.Platform\unittest\bin\Debug\net6.0-windows\VideoOS.Platform.Tests.dll" adapterTypeName="executor://mstestadapter/v2" className="VideoOS.Platform.Tests.UI.ItemPicker.ItemPickerViewModelTest" name="Properties_DefaultValues" />
    </UnitTest>
    <UnitTest name="GetFilterValues_UnknownFilter_ReturnsEmptyList" storage="d:\actions-runner\_work\xpco\xpco\allsolutions\..\mip\platformplugin\videoos.platform\unittest\bin\debug\net6.0-windows\videoos.platform.tests.dll" id="441213bb-d837-6a17-d5bf-0e8158ed876c">
      <TestCategory>
        <TestCategoryItem TestCategory="Search" />
      </TestCategory>
      <Execution id="0d579113-67b6-4e0b-a981-4ace375fccbf" />
      <TestMethod codeBase="D:\actions-runner\_work\XPCO\XPCO\AllSolutions\..\MIP\PlatformPlugin\VideoOS.Platform\unittest\bin\Debug\net6.0-windows\VideoOS.Platform.Tests.dll" adapterTypeName="executor://mstestadapter/v2" className="VideoOS.Platform.Tests.Search.SearchCriteriaTest" name="GetFilterValues_UnknownFilter_ReturnsEmptyList" />
    </UnitTest>
    <UnitTest name="CountByCounter_Activated_Trial_OK" storage="d:\actions-runner\_work\xpco\xpco\allsolutions\..\mip\platformplugin\videoos.platform\unittest\bin\debug\net6.0-windows\videoos.platform.tests.dll" id="af0f43ee-ce4a-d402-680c-1c0e37479db8">
      <Execution id="263c18ad-1bf9-418e-af94-e1d47d757249" />
      <TestMethod codeBase="D:\actions-runner\_work\XPCO\XPCO\AllSolutions\..\MIP\PlatformPlugin\VideoOS.Platform\unittest\bin\Debug\net6.0-windows\VideoOS.Platform.Tests.dll" adapterTypeName="executor://mstestadapter/v2" className="VideoOS.Platform.Tests.License.ResolvedLicenseCountTest" name="CountByCounter_Activated_Trial_OK" />
    </UnitTest>
    <UnitTest name="Construct_Server_ServerIdOnly_checked" storage="d:\actions-runner\_work\xpco\xpco\allsolutions\..\mip\platformplugin\videoos.platform\unittest\bin\debug\net6.0-windows\videoos.platform.tests.dll" id="66e61549-2664-849a-b0d5-68906d176e33">
      <Execution id="1d40b83b-9ac9-496d-a13b-a3ea7f35e734" />
      <TestMethod codeBase="D:\actions-runner\_work\XPCO\XPCO\AllSolutions\..\MIP\PlatformPlugin\VideoOS.Platform\unittest\bin\Debug\net6.0-windows\VideoOS.Platform.Tests.dll" adapterTypeName="executor://mstestadapter/v2" className="VideoOS.Platform.Tests.FQIDtests" name="Construct_Server_ServerIdOnly_checked" />
    </UnitTest>
    <UnitTest name="ContentShouldReturnConstructorParameter" storage="d:\actions-runner\_work\xpco\xpco\allsolutions\..\mip\platformplugin\videoos.platform\unittest\bin\debug\net6.0-windows\videoos.platform.tests.dll" id="952d04da-369e-0e5d-fb29-9bfdf4da3a0e">
      <Execution id="ead47ceb-4b65-40a9-b696-ac51171edd3d" />
      <TestMethod codeBase="D:\actions-runner\_work\XPCO\XPCO\AllSolutions\..\MIP\PlatformPlugin\VideoOS.Platform\unittest\bin\Debug\net6.0-windows\VideoOS.Platform.Tests.dll" adapterTypeName="executor://mstestadapter/v2" className="VideoOS.Platform.Tests.Live.MetadataLiveContentTests" name="ContentShouldReturnConstructorParameter" />
    </UnitTest>
    <UnitTest name="Append_Property_Array" storage="d:\actions-runner\_work\xpco\xpco\allsolutions\..\mip\platformplugin\videoos.platform\unittest\bin\debug\net6.0-windows\videoos.platform.tests.dll" id="69b55b39-a9d9-76d0-7e5a-7249ce9b54b6">
      <Execution id="b88c232b-b31d-4df9-a255-403e99fcd9ce" />
      <TestMethod codeBase="D:\actions-runner\_work\XPCO\XPCO\AllSolutions\..\MIP\PlatformPlugin\VideoOS.Platform\unittest\bin\Debug\net6.0-windows\VideoOS.Platform.Tests.dll" adapterTypeName="executor://mstestadapter/v2" className="VideoOS.Platform.Tests.Proxy.RestApi.JsonBuilderTests" name="Append_Property_Array" />
    </UnitTest>
    <UnitTest name="Dequeue_NoItems_FailsAfterTimeout" storage="d:\actions-runner\_work\xpco\xpco\allsolutions\..\mip\platformplugin\videoos.platform\unittest\bin\debug\net6.0-windows\videoos.platform.tests.dll" id="5779081c-72b8-3e22-5954-bdf5dfba82f5">
      <Execution id="a91f2f82-2216-4d6e-8a8a-5f6c1dd3e17b" />
      <TestMethod codeBase="D:\actions-runner\_work\XPCO\XPCO\AllSolutions\..\MIP\PlatformPlugin\VideoOS.Platform\unittest\bin\Debug\net6.0-windows\VideoOS.Platform.Tests.dll" adapterTypeName="executor://mstestadapter/v2" className="VideoOS.Platform.Tests.Util.Queue.ConcurrentQueueSlimTests" name="Dequeue_NoItems_FailsAfterTimeout" />
    </UnitTest>
    <UnitTest name="GetEnd_ShouldReturnNull_WhenThereIsNoData" storage="d:\actions-runner\_work\xpco\xpco\allsolutions\..\mip\platformplugin\videoos.platform\unittest\bin\debug\net6.0-windows\videoos.platform.tests.dll" id="a8ce85fe-814a-271d-72cd-32e52ea1acce">
      <Execution id="a1f85400-57d8-4e1e-8bca-c343e7196e52" />
      <TestMethod codeBase="D:\actions-runner\_work\XPCO\XPCO\AllSolutions\..\MIP\PlatformPlugin\VideoOS.Platform\unittest\bin\Debug\net6.0-windows\VideoOS.Platform.Tests.dll" adapterTypeName="executor://mstestadapter/v2" className="VideoOS.Platform.Tests.Data.MetadataPlaybackSourceTests" name="GetEnd_ShouldReturnNull_WhenThereIsNoData" />
    </UnitTest>
    <UnitTest name="Serialize_TestCases (Verify root Generic (not null) property)" storage="d:\actions-runner\_work\xpco\xpco\allsolutions\..\mip\platformplugin\videoos.platform\unittest\bin\debug\net6.0-windows\videoos.platform.tests.dll" id="f0a224b1-cb9d-a091-6819-7ca2cd4d3f6d">
      <Execution id="ba1e1256-cee1-40ab-91e8-f873c29c5edc" />
      <TestMethod codeBase="D:\actions-runner\_work\XPCO\XPCO\AllSolutions\..\MIP\PlatformPlugin\VideoOS.Platform\unittest\bin\Debug\net6.0-windows\VideoOS.Platform.Tests.dll" adapterTypeName="executor://mstestadapter/v2" className="VideoOS.Platform.Tests.UI.Controls.Automation.Serialization.AutomationObjectSerializerTest" name="Serialize_TestCases" />
    </UnitTest>
    <UnitTest name="AddItem_AnalyticsEvent_Success" storage="d:\actions-runner\_work\xpco\xpco\allsolutions\..\mip\platformplugin\videoos.platform\unittest\bin\debug\net6.0-windows\videoos.platform.tests.dll" id="b00ecc30-ada6-8010-f3a3-4abf75838207">
      <Execution id="48c11c1c-3970-4fe4-bc47-77b9aa78f6de" />
      <TestMethod codeBase="D:\actions-runner\_work\XPCO\XPCO\AllSolutions\..\MIP\PlatformPlugin\VideoOS.Platform\unittest\bin\Debug\net6.0-windows\VideoOS.Platform.Tests.dll" adapterTypeName="executor://mstestadapter/v2" className="VideoOS.Platform.Tests.Proxy.RestApi.RestApiClientDecoratorTests" name="AddItem_AnalyticsEvent_Success" />
    </UnitTest>
    <UnitTest name="IconOverlay_BuiltIn_VaryingOverlays_Success" storage="d:\actions-runner\_work\xpco\xpco\allsolutions\..\mip\platformplugin\videoos.platform\unittest\bin\debug\net6.0-windows\videoos.platform.tests.dll" id="1a23ceed-6bf2-7030-b18a-91b782df52d2">
      <Execution id="4a58f984-cbd1-4f5b-8a8b-ae5689222b4c" />
      <TestMethod codeBase="D:\actions-runner\_work\XPCO\XPCO\AllSolutions\..\MIP\PlatformPlugin\VideoOS.Platform\unittest\bin\Debug\net6.0-windows\VideoOS.Platform.Tests.dll" adapterTypeName="executor://mstestadapter/v2" className="VideoOS.Platform.Tests.ItemTests" name="IconOverlay_BuiltIn_VaryingOverlays_Success" />
    </UnitTest>
    <UnitTest name="GetWithDateTimeTimeSpanAndInt_ShouldClearCache_WhenAlways" storage="d:\actions-runner\_work\xpco\xpco\allsolutions\..\mip\platformplugin\videoos.platform\unittest\bin\debug\net6.0-windows\videoos.platform.tests.dll" id="79db46c4-1a13-12a0-1950-586398a93668">
      <Execution id="5bd1e603-0c07-47cd-99a9-99da1fdb4c67" />
      <TestMethod codeBase="D:\actions-runner\_work\XPCO\XPCO\AllSolutions\..\MIP\PlatformPlugin\VideoOS.Platform\unittest\bin\Debug\net6.0-windows\VideoOS.Platform.Tests.dll" adapterTypeName="executor://mstestadapter/v2" className="VideoOS.Platform.Tests.Data.MetadataPlaybackSourceTests" name="GetWithDateTimeTimeSpanAndInt_ShouldClearCache_WhenAlways" />
    </UnitTest>
    <UnitTest name="GetCompatibilityHandler_ShouldReturnFips_WhenCalledFromManagementClient" storage="d:\actions-runner\_work\xpco\xpco\allsolutions\..\mip\platformplugin\videoos.platform\unittest\bin\debug\net6.0-windows\videoos.platform.tests.dll" id="27c1e810-7452-20e9-bd4a-23699743a6c7">
      <Execution id="e6f88106-8d30-48b8-8054-c756a7a54d14" />
      <TestMethod codeBase="D:\actions-runner\_work\XPCO\XPCO\AllSolutions\..\MIP\PlatformPlugin\VideoOS.Platform\unittest\bin\Debug\net6.0-windows\VideoOS.Platform.Tests.dll" adapterTypeName="executor://mstestadapter/v2" className="VideoOS.Platform.Tests.License.LicenseManagerTests" name="GetCompatibilityHandler_ShouldReturnFips_WhenCalledFromManagementClient" />
    </UnitTest>
    <UnitTest name="ReadXml_ShouldIgnoreCenterOfGravity_WhenCenterOfGravityIsPresenWithWrongNamespace" storage="d:\actions-runner\_work\xpco\xpco\allsolutions\..\mip\platformplugin\videoos.platform\unittest\bin\debug\net6.0-windows\videoos.platform.tests.dll" id="3b221ad2-25e8-a21d-c511-ab3b1a01fb56">
      <Execution id="0cb1b259-868b-4dad-b1ac-af744fb8c786" />
      <TestMethod codeBase="D:\actions-runner\_work\XPCO\XPCO\AllSolutions\..\MIP\PlatformPlugin\VideoOS.Platform\unittest\bin\Debug\net6.0-windows\VideoOS.Platform.Tests.dll" adapterTypeName="executor://mstestadapter/v2" className="VideoOS.Platform.Tests.Metadata.ShapeTests" name="ReadXml_ShouldIgnoreCenterOfGravity_WhenCenterOfGravityIsPresenWithWrongNamespace" />
    </UnitTest>
    <UnitTest name="WriteXml_ShouldWriteAllObjects_WhenThereAreMultipleObjectsPresent" storage="d:\actions-runner\_work\xpco\xpco\allsolutions\..\mip\platformplugin\videoos.platform\unittest\bin\debug\net6.0-windows\videoos.platform.tests.dll" id="6b8d7eb7-6306-1854-531e-9df54451cb92">
      <Execution id="92afd17f-af71-458d-b87f-a6d855b60031" />
      <TestMethod codeBase="D:\actions-runner\_work\XPCO\XPCO\AllSolutions\..\MIP\PlatformPlugin\VideoOS.Platform\unittest\bin\Debug\net6.0-windows\VideoOS.Platform.Tests.dll" adapterTypeName="executor://mstestadapter/v2" className="VideoOS.Platform.Tests.Metadata.FrameTests" name="WriteXml_ShouldWriteAllObjects_WhenThereAreMultipleObjectsPresent" />
    </UnitTest>
    <UnitTest name="GenerateDeviceParameters_ShouldWriteCorrectResolution_WhenResolutionIsNotNull" storage="d:\actions-runner\_work\xpco\xpco\allsolutions\..\mip\platformplugin\videoos.platform\unittest\bin\debug\net6.0-windows\videoos.platform.tests.dll" id="7ae2592b-1209-056c-b02b-a7b7c4496165">
      <Execution id="25a95809-320c-4c4a-b163-0b558e5ddf56" />
      <TestMethod codeBase="D:\actions-runner\_work\XPCO\XPCO\AllSolutions\..\MIP\PlatformPlugin\VideoOS.Platform\unittest\bin\Debug\net6.0-windows\VideoOS.Platform.Tests.dll" adapterTypeName="executor://mstestadapter/v2" className="VideoOS.Platform.Tests.Data.CameraDeviceDefinitionTests" name="GenerateDeviceParameters_ShouldWriteCorrectResolution_WhenResolutionIsNotNull" />
    </UnitTest>
    <UnitTest name="GenerateParameters_ShouldOmitQualityRange_WhenQualityRangeIsNull" storage="d:\actions-runner\_work\xpco\xpco\allsolutions\..\mip\platformplugin\videoos.platform\unittest\bin\debug\net6.0-windows\videoos.platform.tests.dll" id="a3089784-5b87-5aa6-6c29-ce468fd5b9ef">
      <Execution id="fc808658-0b2d-4aa8-9508-0886b8e6b857" />
      <TestMethod codeBase="D:\actions-runner\_work\XPCO\XPCO\AllSolutions\..\MIP\PlatformPlugin\VideoOS.Platform\unittest\bin\Debug\net6.0-windows\VideoOS.Platform.Tests.dll" adapterTypeName="executor://mstestadapter/v2" className="VideoOS.Platform.Tests.Data.CameraDeviceDefinitionTests" name="GenerateParameters_ShouldOmitQualityRange_WhenQualityRangeIsNull" />
    </UnitTest>
    <UnitTest name="Clear_NonEmptyQueue_QueueCleared" storage="d:\actions-runner\_work\xpco\xpco\allsolutions\..\mip\platformplugin\videoos.platform\unittest\bin\debug\net6.0-windows\videoos.platform.tests.dll" id="ce34eb52-9bf0-0190-75b5-426ffc55227b">
      <Execution id="abd9be9f-c093-4200-b2de-faff377e684a" />
      <TestMethod codeBase="D:\actions-runner\_work\XPCO\XPCO\AllSolutions\..\MIP\PlatformPlugin\VideoOS.Platform\unittest\bin\Debug\net6.0-windows\VideoOS.Platform.Tests.dll" adapterTypeName="executor://mstestadapter/v2" className="VideoOS.Platform.Tests.Util.Queue.ConcurrentQueueSlimTests" name="Clear_NonEmptyQueue_QueueCleared" />
    </UnitTest>
    <UnitTest name="ConstructorRgb_ShouldReturnAlphaValueFullyOpaque_Always" storage="d:\actions-runner\_work\xpco\xpco\allsolutions\..\mip\platformplugin\videoos.platform\unittest\bin\debug\net6.0-windows\videoos.platform.tests.dll" id="97fbdc51-18ba-7aa5-3b45-4fad3a6c36f9">
      <Execution id="5d61eb0f-7655-4e49-9d95-dcd376489cfc" />
      <TestMethod codeBase="D:\actions-runner\_work\XPCO\XPCO\AllSolutions\..\MIP\PlatformPlugin\VideoOS.Platform\unittest\bin\Debug\net6.0-windows\VideoOS.Platform.Tests.dll" adapterTypeName="executor://mstestadapter/v2" className="VideoOS.Platform.Tests.Metadata.DisplayColorTests" name="ConstructorRgb_ShouldReturnAlphaValueFullyOpaque_Always" />
    </UnitTest>
    <UnitTest name="ReadXml_ShouldIgnoreObject_WhenObjectIsPresenWithWrongNamespace" storage="d:\actions-runner\_work\xpco\xpco\allsolutions\..\mip\platformplugin\videoos.platform\unittest\bin\debug\net6.0-windows\videoos.platform.tests.dll" id="29ac2707-c2cb-35e2-eedb-a90688f5df17">
      <Execution id="b698ae44-6d2f-40bb-b197-a70c047d873e" />
      <TestMethod codeBase="D:\actions-runner\_work\XPCO\XPCO\AllSolutions\..\MIP\PlatformPlugin\VideoOS.Platform\unittest\bin\Debug\net6.0-windows\VideoOS.Platform.Tests.dll" adapterTypeName="executor://mstestadapter/v2" className="VideoOS.Platform.Tests.Metadata.FrameTests" name="ReadXml_ShouldIgnoreObject_WhenObjectIsPresenWithWrongNamespace" />
    </UnitTest>
    <UnitTest name="GetColorFilterValues_MultiSelection_Success" storage="d:\actions-runner\_work\xpco\xpco\allsolutions\..\mip\platformplugin\videoos.platform\unittest\bin\debug\net6.0-windows\videoos.platform.tests.dll" id="3a583449-4deb-358f-f880-2478ec9ff18a">
      <TestCategory>
        <TestCategoryItem TestCategory="Search" />
      </TestCategory>
      <Execution id="00dd72e3-fdf9-4f1a-b9b3-be7c040557cc" />
      <TestMethod codeBase="D:\actions-runner\_work\XPCO\XPCO\AllSolutions\..\MIP\PlatformPlugin\VideoOS.Platform\unittest\bin\Debug\net6.0-windows\VideoOS.Platform.Tests.dll" adapterTypeName="executor://mstestadapter/v2" className="VideoOS.Platform.Tests.Search.FilterCategories.VehicleSearchFilterCategoryTest" name="GetColorFilterValues_MultiSelection_Success" />
    </UnitTest>
    <UnitTest name="Encrypt_PropertyIsSetToTrue_EncryptIsTrue" storage="d:\actions-runner\_work\xpco\xpco\allsolutions\..\mip\platformplugin\videoos.platform\unittest\bin\debug\net6.0-windows\videoos.platform.tests.dll" id="c484feb4-af2e-2886-69bb-e210e70b626b">
      <Execution id="f7be7369-a6dc-465c-8d87-bbf0dffc658f" />
      <TestMethod codeBase="D:\actions-runner\_work\XPCO\XPCO\AllSolutions\..\MIP\PlatformPlugin\VideoOS.Platform\unittest\bin\Debug\net6.0-windows\VideoOS.Platform.Tests.dll" adapterTypeName="executor://mstestadapter/v2" className="VideoOS.Platform.Tests.ItemTests" name="Encrypt_PropertyIsSetToTrue_EncryptIsTrue" />
    </UnitTest>
    <UnitTest name="HostInitialized_ShouldNotInvokeCallback_WhenInitializedWithoutItems" storage="d:\actions-runner\_work\xpco\xpco\allsolutions\..\mip\platformplugin\videoos.platform\unittest\bin\debug\net6.0-windows\videoos.platform.tests.dll" id="c4e34f90-d96f-cb6b-4d8d-827e8345bbf0">
      <Execution id="7f1a702e-9a62-436c-93d6-49d248ae8c35" />
      <TestMethod codeBase="D:\actions-runner\_work\XPCO\XPCO\AllSolutions\..\MIP\PlatformPlugin\VideoOS.Platform\unittest\bin\Debug\net6.0-windows\VideoOS.Platform.Tests.dll" adapterTypeName="executor://mstestadapter/v2" className="VideoOS.Platform.Tests.UI.Controls.CollectionHelperTest" name="HostInitialized_ShouldNotInvokeCallback_WhenInitializedWithoutItems" />
    </UnitTest>
    <UnitTest name="Remove_NullKey_Throws" storage="d:\actions-runner\_work\xpco\xpco\allsolutions\..\mip\platformplugin\videoos.platform\unittest\bin\debug\net6.0-windows\videoos.platform.tests.dll" id="d289ff8a-f589-cd43-96ee-801082b894b3">
      <Execution id="03d6f505-2ac1-433a-97c1-961456c570b8" />
      <TestMethod codeBase="D:\actions-runner\_work\XPCO\XPCO\AllSolutions\..\MIP\PlatformPlugin\VideoOS.Platform\unittest\bin\Debug\net6.0-windows\VideoOS.Platform.Tests.dll" adapterTypeName="executor://mstestadapter/v2" className="VideoOS.Platform.Tests.Util.Queue.LRUCacheTests" name="Remove_NullKey_Throws" />
    </UnitTest>
    <UnitTest name="Parse_Double_Complex" storage="d:\actions-runner\_work\xpco\xpco\allsolutions\..\mip\platformplugin\videoos.platform\unittest\bin\debug\net6.0-windows\videoos.platform.tests.dll" id="9a98835c-961c-47c7-7156-330b8e2ed1fa">
      <Execution id="1b44e682-99af-40f7-9989-d423f724de54" />
      <TestMethod codeBase="D:\actions-runner\_work\XPCO\XPCO\AllSolutions\..\MIP\PlatformPlugin\VideoOS.Platform\unittest\bin\Debug\net6.0-windows\VideoOS.Platform.Tests.dll" adapterTypeName="executor://mstestadapter/v2" className="VideoOS.Platform.Tests.Proxy.RestApi.JsonReaderTests" name="Parse_Double_Complex" />
    </UnitTest>
    <UnitTest name="ParameterConstruct1_FieldValues_Checked" storage="d:\actions-runner\_work\xpco\xpco\allsolutions\..\mip\platformplugin\videoos.platform\unittest\bin\debug\net6.0-windows\videoos.platform.tests.dll" id="4bd213a5-298f-25c6-c1c0-a6bf89fe9c65">
      <Execution id="80006b65-ca37-4d84-ae1a-21233aa0fa69" />
      <TestMethod codeBase="D:\actions-runner\_work\XPCO\XPCO\AllSolutions\..\MIP\PlatformPlugin\VideoOS.Platform\unittest\bin\Debug\net6.0-windows\VideoOS.Platform.Tests.dll" adapterTypeName="executor://mstestadapter/v2" className="VideoOS.Platform.Tests.FQIDtests" name="ParameterConstruct1_FieldValues_Checked" />
    </UnitTest>
    <UnitTest name="ReadXml_ShouldLogWarningTwiceWhenMoreThanOneMinuteBetweenWarnings_WhenFrameDidNotReadUtcTime" storage="d:\actions-runner\_work\xpco\xpco\allsolutions\..\mip\platformplugin\videoos.platform\unittest\bin\debug\net6.0-windows\videoos.platform.tests.dll" id="a5abba6c-a7f2-f6e8-f007-920746cf3d43">
      <Execution id="e9be3d5d-8e47-40ed-8e74-abb2574830a3" />
      <TestMethod codeBase="D:\actions-runner\_work\XPCO\XPCO\AllSolutions\..\MIP\PlatformPlugin\VideoOS.Platform\unittest\bin\Debug\net6.0-windows\VideoOS.Platform.Tests.dll" adapterTypeName="executor://mstestadapter/v2" className="VideoOS.Platform.Tests.Metadata.VideoAnalyticsTests" name="ReadXml_ShouldLogWarningTwiceWhenMoreThanOneMinuteBetweenWarnings_WhenFrameDidNotReadUtcTime" />
    </UnitTest>
    <UnitTest name="ReadXml_ShouldLogWarningTwiceWhenMoreThanOneMinuteBetweenWarnings_WhenIncompleteTranslateIsPresent" storage="d:\actions-runner\_work\xpco\xpco\allsolutions\..\mip\platformplugin\videoos.platform\unittest\bin\debug\net6.0-windows\videoos.platform.tests.dll" id="84f70a73-53d8-9f06-6236-95fde40b65ac">
      <Execution id="1f0d1492-fbf8-4d0c-a61c-743531c6c0b2" />
      <TestMethod codeBase="D:\actions-runner\_work\XPCO\XPCO\AllSolutions\..\MIP\PlatformPlugin\VideoOS.Platform\unittest\bin\Debug\net6.0-windows\VideoOS.Platform.Tests.dll" adapterTypeName="executor://mstestadapter/v2" className="VideoOS.Platform.Tests.Metadata.TransformationTests" name="ReadXml_ShouldLogWarningTwiceWhenMoreThanOneMinuteBetweenWarnings_WhenIncompleteTranslateIsPresent" />
    </UnitTest>
    <UnitTest name="WriteXml_ShouldOmitIsIdleElement_WhenIsIdleIsFalse" storage="d:\actions-runner\_work\xpco\xpco\allsolutions\..\mip\platformplugin\videoos.platform\unittest\bin\debug\net6.0-windows\videoos.platform.tests.dll" id="7ebb6f6a-7f5e-646a-c7ce-f4daa5d5c8da">
      <Execution id="6cf74add-9b52-47d4-a7d4-2e3f1a0f2d41" />
      <TestMethod codeBase="D:\actions-runner\_work\XPCO\XPCO\AllSolutions\..\MIP\PlatformPlugin\VideoOS.Platform\unittest\bin\Debug\net6.0-windows\VideoOS.Platform.Tests.dll" adapterTypeName="executor://mstestadapter/v2" className="VideoOS.Platform.Tests.Metadata.BehaviourTests" name="WriteXml_ShouldOmitIsIdleElement_WhenIsIdleIsFalse" />
    </UnitTest>
    <UnitTest name="MarkupExtension_ShouldClearContentTemplate_WhenContentTemplateOnSelectedItemChangesToNull" storage="d:\actions-runner\_work\xpco\xpco\allsolutions\..\mip\platformplugin\videoos.platform\unittest\bin\debug\net6.0-windows\videoos.platform.tests.dll" id="dbc25ad9-20cc-4d18-73ef-8500a4d4137f">
      <TestCategory>
        <TestCategoryItem TestCategory="DropDowns" />
      </TestCategory>
      <Execution id="946fe479-89b1-41d8-8059-6b5dd3ab508e" />
      <TestMethod codeBase="D:\actions-runner\_work\XPCO\XPCO\AllSolutions\..\MIP\PlatformPlugin\VideoOS.Platform\unittest\bin\Debug\net6.0-windows\VideoOS.Platform.Tests.dll" adapterTypeName="executor://mstestadapter/v2" className="VideoOS.Platform.Tests.UI.Controls.DropDowns.Internal.SelectedItemContentTemplateExtensionTest" name="MarkupExtension_ShouldClearContentTemplate_WhenContentTemplateOnSelectedItemChangesToNull" />
    </UnitTest>
    <UnitTest name="ReadXml_ShouldSetIsIdle_WhenIdleElementIsPresentWithCorrectNamespace" storage="d:\actions-runner\_work\xpco\xpco\allsolutions\..\mip\platformplugin\videoos.platform\unittest\bin\debug\net6.0-windows\videoos.platform.tests.dll" id="f66cd845-32f8-8293-9ecc-cb3301f62262">
      <Execution id="3a99754c-eecc-421b-a314-41e68d65deea" />
      <TestMethod codeBase="D:\actions-runner\_work\XPCO\XPCO\AllSolutions\..\MIP\PlatformPlugin\VideoOS.Platform\unittest\bin\Debug\net6.0-windows\VideoOS.Platform.Tests.dll" adapterTypeName="executor://mstestadapter/v2" className="VideoOS.Platform.Tests.Metadata.BehaviourTests" name="ReadXml_ShouldSetIsIdle_WhenIdleElementIsPresentWithCorrectNamespace" />
    </UnitTest>
    <UnitTest name="CacheFlushMechanism_ShouldRemoveItems_WhenNotUsed" storage="d:\actions-runner\_work\xpco\xpco\allsolutions\..\mip\platformplugin\videoos.platform\unittest\bin\debug\net6.0-windows\videoos.platform.tests.dll" id="aea21075-21e1-c265-1a63-420c5c66b0a8">
      <Execution id="e016f84a-5f03-4858-85a9-e5ca3b322ce4" />
      <TestMethod codeBase="D:\actions-runner\_work\XPCO\XPCO\AllSolutions\..\MIP\PlatformPlugin\VideoOS.Platform\unittest\bin\Debug\net6.0-windows\VideoOS.Platform.Tests.dll" adapterTypeName="executor://mstestadapter/v2" className="VideoOS.Platform.Tests.Util.ConfigurationCacheTests" name="CacheFlushMechanism_ShouldRemoveItems_WhenNotUsed" />
    </UnitTest>
    <UnitTest name="Append_2Element_String" storage="d:\actions-runner\_work\xpco\xpco\allsolutions\..\mip\platformplugin\videoos.platform\unittest\bin\debug\net6.0-windows\videoos.platform.tests.dll" id="6a90276b-bdbd-5195-546b-d62b355d6d1e">
      <Execution id="24aa303b-42f2-4b2e-8a41-21a12dbd2b3f" />
      <TestMethod codeBase="D:\actions-runner\_work\XPCO\XPCO\AllSolutions\..\MIP\PlatformPlugin\VideoOS.Platform\unittest\bin\Debug\net6.0-windows\VideoOS.Platform.Tests.dll" adapterTypeName="executor://mstestadapter/v2" className="VideoOS.Platform.Tests.Proxy.RestApi.JsonBuilderTests" name="Append_2Element_String" />
    </UnitTest>
    <UnitTest name="ReadXml_ShouldReadNavigationalData_WhenNavigationalDataIsPresent" storage="d:\actions-runner\_work\xpco\xpco\allsolutions\..\mip\platformplugin\videoos.platform\unittest\bin\debug\net6.0-windows\videoos.platform.tests.dll" id="f5086738-fff1-9285-cf60-e3b17196cf32">
      <Execution id="d95c2be1-7c3f-472f-bc50-4e30a8b10184" />
      <TestMethod codeBase="D:\actions-runner\_work\XPCO\XPCO\AllSolutions\..\MIP\PlatformPlugin\VideoOS.Platform\unittest\bin\Debug\net6.0-windows\VideoOS.Platform.Tests.dll" adapterTypeName="executor://mstestadapter/v2" className="VideoOS.Platform.Tests.Metadata.MetadataStreamTests" name="ReadXml_ShouldReadNavigationalData_WhenNavigationalDataIsPresent" />
    </UnitTest>
    <UnitTest name="Serialize_TestCases (TestParentTypeMatchStructThisTypeNotMatchedProperty)" storage="d:\actions-runner\_work\xpco\xpco\allsolutions\..\mip\platformplugin\videoos.platform\unittest\bin\debug\net6.0-windows\videoos.platform.tests.dll" id="f24b56c9-993c-959d-f90c-97f221d04ce7">
      <Execution id="a417823d-2947-4a35-8df7-92cbea095a51" />
      <TestMethod codeBase="D:\actions-runner\_work\XPCO\XPCO\AllSolutions\..\MIP\PlatformPlugin\VideoOS.Platform\unittest\bin\Debug\net6.0-windows\VideoOS.Platform.Tests.dll" adapterTypeName="executor://mstestadapter/v2" className="VideoOS.Platform.Tests.UI.Controls.Automation.Serialization.AutomationObjectSerializerTest" name="Serialize_TestCases" />
    </UnitTest>
    <UnitTest name="GetLicensePlateFilterValue_FilterValueMissing_ReturnsEmptyCollection" storage="d:\actions-runner\_work\xpco\xpco\allsolutions\..\mip\platformplugin\videoos.platform\unittest\bin\debug\net6.0-windows\videoos.platform.tests.dll" id="c3df773c-1590-2c82-5cd8-cf0a4f3a6afc">
      <TestCategory>
        <TestCategoryItem TestCategory="Search" />
      </TestCategory>
      <Execution id="543287f9-b2ef-4231-a81b-8afcd6ff641a" />
      <TestMethod codeBase="D:\actions-runner\_work\XPCO\XPCO\AllSolutions\..\MIP\PlatformPlugin\VideoOS.Platform\unittest\bin\Debug\net6.0-windows\VideoOS.Platform.Tests.dll" adapterTypeName="executor://mstestadapter/v2" className="VideoOS.Platform.Tests.Search.FilterCategories.VehicleSearchFilterCategoryTest" name="GetLicensePlateFilterValue_FilterValueMissing_ReturnsEmptyCollection" />
    </UnitTest>
    <UnitTest name="Minimize_ShouldReturnOneInterval_WhenListContainsOneInterval" storage="d:\actions-runner\_work\xpco\xpco\allsolutions\..\mip\platformplugin\videoos.platform\unittest\bin\debug\net6.0-windows\videoos.platform.tests.dll" id="10efcc98-720a-6a51-bddb-12631de34c03">
      <Execution id="8856f01a-e810-4d20-955c-9c3d215ffb8e" />
      <TestMethod codeBase="D:\actions-runner\_work\XPCO\XPCO\AllSolutions\..\MIP\PlatformPlugin\VideoOS.Platform\unittest\bin\Debug\net6.0-windows\VideoOS.Platform.Tests.dll" adapterTypeName="executor://mstestadapter/v2" className="VideoOS.Platform.Tests.Util.TimeIntervalTests" name="Minimize_ShouldReturnOneInterval_WhenListContainsOneInterval" />
    </UnitTest>
    <UnitTest name="SetChildren_Set_And_Check" storage="d:\actions-runner\_work\xpco\xpco\allsolutions\..\mip\platformplugin\videoos.platform\unittest\bin\debug\net6.0-windows\videoos.platform.tests.dll" id="c0bd25d5-74fa-a92b-42e1-7e499486e888">
      <Execution id="73bc42d2-efd8-44c7-a135-cb41fc54ed70" />
      <TestMethod codeBase="D:\actions-runner\_work\XPCO\XPCO\AllSolutions\..\MIP\PlatformPlugin\VideoOS.Platform\unittest\bin\Debug\net6.0-windows\VideoOS.Platform.Tests.dll" adapterTypeName="executor://mstestadapter/v2" className="VideoOS.Platform.Tests.ItemTests" name="SetChildren_Set_And_Check" />
    </UnitTest>
    <UnitTest name="WriteXml_ShouldWriteDescriptionElement_WhenDescriptionIsNotNull" storage="d:\actions-runner\_work\xpco\xpco\allsolutions\..\mip\platformplugin\videoos.platform\unittest\bin\debug\net6.0-windows\videoos.platform.tests.dll" id="90272f82-6dbb-9ffb-b9a3-664aee5c00a3">
      <Execution id="c1c92a86-e895-40a2-94c9-9bfd92ea1cf9" />
      <TestMethod codeBase="D:\actions-runner\_work\XPCO\XPCO\AllSolutions\..\MIP\PlatformPlugin\VideoOS.Platform\unittest\bin\Debug\net6.0-windows\VideoOS.Platform.Tests.dll" adapterTypeName="executor://mstestadapter/v2" className="VideoOS.Platform.Tests.Metadata.AppearanceTests" name="WriteXml_ShouldWriteDescriptionElement_WhenDescriptionIsNotNull" />
    </UnitTest>
    <UnitTest name="ReadXml_ShouldReadMultipleFrames_WhenMultipleCorrectFramesArePresent" storage="d:\actions-runner\_work\xpco\xpco\allsolutions\..\mip\platformplugin\videoos.platform\unittest\bin\debug\net6.0-windows\videoos.platform.tests.dll" id="1b4a32c3-9eb5-2168-e50a-80b2df0aa2f3">
      <Execution id="52e2719b-1fa1-41ae-be5c-c9ffb392532e" />
      <TestMethod codeBase="D:\actions-runner\_work\XPCO\XPCO\AllSolutions\..\MIP\PlatformPlugin\VideoOS.Platform\unittest\bin\Debug\net6.0-windows\VideoOS.Platform.Tests.dll" adapterTypeName="executor://mstestadapter/v2" className="VideoOS.Platform.Tests.Metadata.VideoAnalyticsTests" name="ReadXml_ShouldReadMultipleFrames_WhenMultipleCorrectFramesArePresent" />
    </UnitTest>
    <UnitTest name="WriteXml_ShouldWriteObject_WhenThereIsOneObjectPresent" storage="d:\actions-runner\_work\xpco\xpco\allsolutions\..\mip\platformplugin\videoos.platform\unittest\bin\debug\net6.0-windows\videoos.platform.tests.dll" id="4d02d00b-2996-2f9f-95bd-26fe5f7ed1e8">
      <Execution id="25fa7310-3931-4b9f-bf59-182ecf560657" />
      <TestMethod codeBase="D:\actions-runner\_work\XPCO\XPCO\AllSolutions\..\MIP\PlatformPlugin\VideoOS.Platform\unittest\bin\Debug\net6.0-windows\VideoOS.Platform.Tests.dll" adapterTypeName="executor://mstestadapter/v2" className="VideoOS.Platform.Tests.Metadata.FrameTests" name="WriteXml_ShouldWriteObject_WhenThereIsOneObjectPresent" />
    </UnitTest>
    <UnitTest name="Serialize_TestCases (Verify root Object (null) property)" storage="d:\actions-runner\_work\xpco\xpco\allsolutions\..\mip\platformplugin\videoos.platform\unittest\bin\debug\net6.0-windows\videoos.platform.tests.dll" id="0154a190-bfe2-3ee0-16ea-a097656a45bf">
      <Execution id="e149e60b-5167-4512-9609-637f49fd0bf8" />
      <TestMethod codeBase="D:\actions-runner\_work\XPCO\XPCO\AllSolutions\..\MIP\PlatformPlugin\VideoOS.Platform\unittest\bin\Debug\net6.0-windows\VideoOS.Platform.Tests.dll" adapterTypeName="executor://mstestadapter/v2" className="VideoOS.Platform.Tests.UI.Controls.Automation.Serialization.AutomationObjectSerializerTest" name="Serialize_TestCases" />
    </UnitTest>
    <UnitTest name="Equals_ShouldHaveValueSemantics_WhenAlways" storage="d:\actions-runner\_work\xpco\xpco\allsolutions\..\mip\platformplugin\videoos.platform\unittest\bin\debug\net6.0-windows\videoos.platform.tests.dll" id="00d2b6ae-d05f-2d34-4eb2-fb5187257361">
      <Execution id="c2efcd03-6882-4054-a9ce-c7fc2ead6602" />
      <TestMethod codeBase="D:\actions-runner\_work\XPCO\XPCO\AllSolutions\..\MIP\PlatformPlugin\VideoOS.Platform\unittest\bin\Debug\net6.0-windows\VideoOS.Platform.Tests.dll" adapterTypeName="executor://mstestadapter/v2" className="VideoOS.Platform.Tests.Metadata.BehaviourTests" name="Equals_ShouldHaveValueSemantics_WhenAlways" />
    </UnitTest>
    <UnitTest name="Ctor_TwoStandardFiltersAndTwoCustomFilters_Success" storage="d:\actions-runner\_work\xpco\xpco\allsolutions\..\mip\platformplugin\videoos.platform\unittest\bin\debug\net6.0-windows\videoos.platform.tests.dll" id="bdfc35c1-636f-aaf9-5506-e97d44bad92c">
      <TestCategory>
        <TestCategoryItem TestCategory="Search" />
      </TestCategory>
      <Execution id="e4113136-3b2f-47bf-b9df-803dfe75f63f" />
      <TestMethod codeBase="D:\actions-runner\_work\XPCO\XPCO\AllSolutions\..\MIP\PlatformPlugin\VideoOS.Platform\unittest\bin\Debug\net6.0-windows\VideoOS.Platform.Tests.dll" adapterTypeName="executor://mstestadapter/v2" className="VideoOS.Platform.Tests.Search.FilterCategories.PersonSearchFilterCategoryTest" name="Ctor_TwoStandardFiltersAndTwoCustomFilters_Success" />
    </UnitTest>
    <UnitTest name="Serialize_TestCases (Verify root Interface (null) property get property value)" storage="d:\actions-runner\_work\xpco\xpco\allsolutions\..\mip\platformplugin\videoos.platform\unittest\bin\debug\net6.0-windows\videoos.platform.tests.dll" id="3ff8a29f-4ec9-3263-91de-91e09cf1f36e">
      <Execution id="4f91f063-b744-41e2-b040-83254a65f252" />
      <TestMethod codeBase="D:\actions-runner\_work\XPCO\XPCO\AllSolutions\..\MIP\PlatformPlugin\VideoOS.Platform\unittest\bin\Debug\net6.0-windows\VideoOS.Platform.Tests.dll" adapterTypeName="executor://mstestadapter/v2" className="VideoOS.Platform.Tests.UI.Controls.Automation.Serialization.AutomationObjectSerializerTest" name="Serialize_TestCases" />
    </UnitTest>
    <UnitTest name="MipItems_Property_Collection_Empty" storage="d:\actions-runner\_work\xpco\xpco\allsolutions\..\mip\platformplugin\videoos.platform\unittest\bin\debug\net6.0-windows\videoos.platform.tests.dll" id="3434e15a-2768-efbc-7e19-fea38f3ae373">
      <Execution id="3163200c-20f9-4cc7-a3e1-50c7b9e66b59" />
      <TestMethod codeBase="D:\actions-runner\_work\XPCO\XPCO\AllSolutions\..\MIP\PlatformPlugin\VideoOS.Platform\unittest\bin\Debug\net6.0-windows\VideoOS.Platform.Tests.dll" adapterTypeName="executor://mstestadapter/v2" className="VideoOS.Platform.Tests.UI.ItemPicker.ItemViewModelTest" name="MipItems_Property_Collection_Empty" />
    </UnitTest>
    <UnitTest name="GetNextDateTime_ShouldReturnFirstDataEntityFromSecondToolkitCall_WhenDateIsBeforeFirstCachedValue" storage="d:\actions-runner\_work\xpco\xpco\allsolutions\..\mip\platformplugin\videoos.platform\unittest\bin\debug\net6.0-windows\videoos.platform.tests.dll" id="dd9bb228-d729-118d-1416-75302d26e796">
      <Execution id="86195a4d-1ac0-40fb-a8af-8022022c5315" />
      <TestMethod codeBase="D:\actions-runner\_work\XPCO\XPCO\AllSolutions\..\MIP\PlatformPlugin\VideoOS.Platform\unittest\bin\Debug\net6.0-windows\VideoOS.Platform.Tests.dll" adapterTypeName="executor://mstestadapter/v2" className="VideoOS.Platform.Tests.Data.MetadataPlaybackSourceTests" name="GetNextDateTime_ShouldReturnFirstDataEntityFromSecondToolkitCall_WhenDateIsBeforeFirstCachedValue" />
    </UnitTest>
    <UnitTest name="Serialize_ShouldHandleCollectionFilter_WhenMatchingCollectionItemsTypeAndItMatchesAll" storage="d:\actions-runner\_work\xpco\xpco\allsolutions\..\mip\platformplugin\videoos.platform\unittest\bin\debug\net6.0-windows\videoos.platform.tests.dll" id="d1645eb5-871e-4ef4-8f57-61d470c8d63a">
      <Execution id="77e66706-3580-4904-b3d5-e1a87bf740e7" />
      <TestMethod codeBase="D:\actions-runner\_work\XPCO\XPCO\AllSolutions\..\MIP\PlatformPlugin\VideoOS.Platform\unittest\bin\Debug\net6.0-windows\VideoOS.Platform.Tests.dll" adapterTypeName="executor://mstestadapter/v2" className="VideoOS.Platform.Tests.UI.Controls.Automation.Serialization.AutomationObjectSerializerTypeFilterTests" name="Serialize_ShouldHandleCollectionFilter_WhenMatchingCollectionItemsTypeAndItMatchesAll" />
    </UnitTest>
    <UnitTest name="Equals_IgnoreFolderType_Fail_OnParentId" storage="d:\actions-runner\_work\xpco\xpco\allsolutions\..\mip\platformplugin\videoos.platform\unittest\bin\debug\net6.0-windows\videoos.platform.tests.dll" id="a7dc6179-c1b7-aef9-5686-edbcfe9b120d">
      <Execution id="6085522d-63ae-486a-9b41-769ad1f45823" />
      <TestMethod codeBase="D:\actions-runner\_work\XPCO\XPCO\AllSolutions\..\MIP\PlatformPlugin\VideoOS.Platform\unittest\bin\Debug\net6.0-windows\VideoOS.Platform.Tests.dll" adapterTypeName="executor://mstestadapter/v2" className="VideoOS.Platform.Tests.FQIDtests" name="Equals_IgnoreFolderType_Fail_OnParentId" />
    </UnitTest>
    <UnitTest name="ReadXml_ShouldIgnoreClassCandidate_WhenClassCandidateIsNotValid" storage="d:\actions-runner\_work\xpco\xpco\allsolutions\..\mip\platformplugin\videoos.platform\unittest\bin\debug\net6.0-windows\videoos.platform.tests.dll" id="fa6e843e-faa4-966b-f711-d61b61e7366c">
      <Execution id="a767ed7d-4bde-4a98-afc8-b4e8aef2dbe9" />
      <TestMethod codeBase="D:\actions-runner\_work\XPCO\XPCO\AllSolutions\..\MIP\PlatformPlugin\VideoOS.Platform\unittest\bin\Debug\net6.0-windows\VideoOS.Platform.Tests.dll" adapterTypeName="executor://mstestadapter/v2" className="VideoOS.Platform.Tests.Metadata.OnvifClassTests" name="ReadXml_ShouldIgnoreClassCandidate_WhenClassCandidateIsNotValid" />
    </UnitTest>
    <UnitTest name="AddFilterValue_NonExistingValue_FirstValue_Success" storage="d:\actions-runner\_work\xpco\xpco\allsolutions\..\mip\platformplugin\videoos.platform\unittest\bin\debug\net6.0-windows\videoos.platform.tests.dll" id="187a3c1b-b8b9-e08a-2f65-c787e6bb630a">
      <TestCategory>
        <TestCategoryItem TestCategory="Search" />
      </TestCategory>
      <Execution id="6ca99e93-108f-4cf3-afcc-30cfaa622cf0" />
      <TestMethod codeBase="D:\actions-runner\_work\XPCO\XPCO\AllSolutions\..\MIP\PlatformPlugin\VideoOS.Platform\unittest\bin\Debug\net6.0-windows\VideoOS.Platform.Tests.dll" adapterTypeName="executor://mstestadapter/v2" className="VideoOS.Platform.Tests.Search.SearchCriteriaTest" name="AddFilterValue_NonExistingValue_FirstValue_Success" />
    </UnitTest>
    <UnitTest name="UtcTimeAttributeWasPresent_ShouldReturnFalse_WhenUtcTimeAttributeIsMissing" storage="d:\actions-runner\_work\xpco\xpco\allsolutions\..\mip\platformplugin\videoos.platform\unittest\bin\debug\net6.0-windows\videoos.platform.tests.dll" id="cb973932-552d-edc5-fa30-c27e003b5121">
      <Execution id="d2c30828-b151-4648-834a-724bf35a0391" />
      <TestMethod codeBase="D:\actions-runner\_work\XPCO\XPCO\AllSolutions\..\MIP\PlatformPlugin\VideoOS.Platform\unittest\bin\Debug\net6.0-windows\VideoOS.Platform.Tests.dll" adapterTypeName="executor://mstestadapter/v2" className="VideoOS.Platform.Tests.Metadata.FrameTests" name="UtcTimeAttributeWasPresent_ShouldReturnFalse_WhenUtcTimeAttributeIsMissing" />
    </UnitTest>
    <UnitTest name="Serialize_TestCases (TestParentTypeMatchStructThisTypeMatched)" storage="d:\actions-runner\_work\xpco\xpco\allsolutions\..\mip\platformplugin\videoos.platform\unittest\bin\debug\net6.0-windows\videoos.platform.tests.dll" id="7b6146d5-494f-1a0e-d576-98303b0c58b5">
      <Execution id="17028b09-c817-4a70-967b-af52bc8af19c" />
      <TestMethod codeBase="D:\actions-runner\_work\XPCO\XPCO\AllSolutions\..\MIP\PlatformPlugin\VideoOS.Platform\unittest\bin\Debug\net6.0-windows\VideoOS.Platform.Tests.dll" adapterTypeName="executor://mstestadapter/v2" className="VideoOS.Platform.Tests.UI.Controls.Automation.Serialization.AutomationObjectSerializerTest" name="Serialize_TestCases" />
    </UnitTest>
    <UnitTest name="ClearFilterValues_NullFilter_Throws" storage="d:\actions-runner\_work\xpco\xpco\allsolutions\..\mip\platformplugin\videoos.platform\unittest\bin\debug\net6.0-windows\videoos.platform.tests.dll" id="2d7b55ce-f568-7dde-659b-5f6dd5c4e10b">
      <TestCategory>
        <TestCategoryItem TestCategory="Search" />
      </TestCategory>
      <Execution id="2977ddca-dbda-4173-beb7-99ce152b55fd" />
      <TestMethod codeBase="D:\actions-runner\_work\XPCO\XPCO\AllSolutions\..\MIP\PlatformPlugin\VideoOS.Platform\unittest\bin\Debug\net6.0-windows\VideoOS.Platform.Tests.dll" adapterTypeName="executor://mstestadapter/v2" className="VideoOS.Platform.Tests.Search.SearchCriteriaTest" name="ClearFilterValues_NullFilter_Throws" />
    </UnitTest>
    <UnitTest name="Decrypt_ShouldDecryptEncryptedInput" storage="d:\actions-runner\_work\xpco\xpco\allsolutions\..\mip\platformplugin\videoos.platform\unittest\bin\debug\net6.0-windows\videoos.platform.tests.dll" id="01799474-13c9-ef07-91a0-a707eadf879a">
      <Execution id="e0eaab23-a64c-4a23-bb49-bfd5c5c96ef5" />
      <TestMethod codeBase="D:\actions-runner\_work\XPCO\XPCO\AllSolutions\..\MIP\PlatformPlugin\VideoOS.Platform\unittest\bin\Debug\net6.0-windows\VideoOS.Platform.Tests.dll" adapterTypeName="executor://mstestadapter/v2" className="VideoOS.Platform.Tests.License.NonFipsLicenseCompatibilityHandlerTests" name="Decrypt_ShouldDecryptEncryptedInput" />
    </UnitTest>
    <UnitTest name="CreateSearchResultUserControl_MissingPlugin_ReturnsNull" storage="d:\actions-runner\_work\xpco\xpco\allsolutions\..\mip\platformplugin\videoos.platform\unittest\bin\debug\net6.0-windows\videoos.platform.tests.dll" id="ed1af3f1-e228-caa9-58c0-803083486581">
      <TestCategory>
        <TestCategoryItem TestCategory="Search" />
      </TestCategory>
      <Execution id="dfdf03b4-e66f-4abd-a668-114b10f28f01" />
      <TestMethod codeBase="D:\actions-runner\_work\XPCO\XPCO\AllSolutions\..\MIP\PlatformPlugin\VideoOS.Platform\unittest\bin\Debug\net6.0-windows\VideoOS.Platform.Tests.dll" adapterTypeName="executor://mstestadapter/v2" className="VideoOS.Platform.Tests.Search.SearchUserControlResolverTest" name="CreateSearchResultUserControl_MissingPlugin_ReturnsNull" />
    </UnitTest>
    <UnitTest name="GetPrevious_ShouldReturnNull_WhenCallToFindCacheEntryAfterReturnedNull" storage="d:\actions-runner\_work\xpco\xpco\allsolutions\..\mip\platformplugin\videoos.platform\unittest\bin\debug\net6.0-windows\videoos.platform.tests.dll" id="3b72e631-6670-fe62-856b-ccd543a59971">
      <Execution id="467574c8-67e6-4850-84b8-ca2d293c77c6" />
      <TestMethod codeBase="D:\actions-runner\_work\XPCO\XPCO\AllSolutions\..\MIP\PlatformPlugin\VideoOS.Platform\unittest\bin\Debug\net6.0-windows\VideoOS.Platform.Tests.dll" adapterTypeName="executor://mstestadapter/v2" className="VideoOS.Platform.Tests.Data.MetadataCacheTests" name="GetPrevious_ShouldReturnNull_WhenCallToFindCacheEntryAfterReturnedNull" />
    </UnitTest>
    <UnitTest name="GetNext_ShouldReturnNull_WhenLastEntryWasCalled" storage="d:\actions-runner\_work\xpco\xpco\allsolutions\..\mip\platformplugin\videoos.platform\unittest\bin\debug\net6.0-windows\videoos.platform.tests.dll" id="a7839cf0-508a-0ad4-6fc1-0553406f8071">
      <Execution id="6b06960e-39be-4ab1-962d-89542d587d86" />
      <TestMethod codeBase="D:\actions-runner\_work\XPCO\XPCO\AllSolutions\..\MIP\PlatformPlugin\VideoOS.Platform\unittest\bin\Debug\net6.0-windows\VideoOS.Platform.Tests.dll" adapterTypeName="executor://mstestadapter/v2" className="VideoOS.Platform.Tests.Data.MetadataCacheTests" name="GetNext_ShouldReturnNull_WhenLastEntryWasCalled" />
    </UnitTest>
    <UnitTest name="Serialize_TestCases (TestParentTypeMatchCollectionThisTypeNotMatched)" storage="d:\actions-runner\_work\xpco\xpco\allsolutions\..\mip\platformplugin\videoos.platform\unittest\bin\debug\net6.0-windows\videoos.platform.tests.dll" id="b6b829e1-8625-e08b-65bd-cadec1f50563">
      <Execution id="daf86a3d-89bd-4d35-97ea-b41214ca6574" />
      <TestMethod codeBase="D:\actions-runner\_work\XPCO\XPCO\AllSolutions\..\MIP\PlatformPlugin\VideoOS.Platform\unittest\bin\Debug\net6.0-windows\VideoOS.Platform.Tests.dll" adapterTypeName="executor://mstestadapter/v2" className="VideoOS.Platform.Tests.UI.Controls.Automation.Serialization.AutomationObjectSerializerTest" name="Serialize_TestCases" />
    </UnitTest>
    <UnitTest name="GetFilterValues_EmptyValueAdded_ReturnsEmptyCollection" storage="d:\actions-runner\_work\xpco\xpco\allsolutions\..\mip\platformplugin\videoos.platform\unittest\bin\debug\net6.0-windows\videoos.platform.tests.dll" id="0b5213c6-1e29-5592-48df-383ab2a80365">
      <TestCategory>
        <TestCategoryItem TestCategory="Search" />
      </TestCategory>
      <Execution id="caf49fbd-501d-463f-a79c-ab67d6d9f33d" />
      <TestMethod codeBase="D:\actions-runner\_work\XPCO\XPCO\AllSolutions\..\MIP\PlatformPlugin\VideoOS.Platform\unittest\bin\Debug\net6.0-windows\VideoOS.Platform.Tests.dll" adapterTypeName="executor://mstestadapter/v2" className="VideoOS.Platform.Tests.Search.SearchCriteriaTest" name="GetFilterValues_EmptyValueAdded_ReturnsEmptyCollection" />
    </UnitTest>
    <UnitTest name="OnSearchResultsReady_EventHandler_NotifiedWithCorrectParameters" storage="d:\actions-runner\_work\xpco\xpco\allsolutions\..\mip\platformplugin\videoos.platform\unittest\bin\debug\net6.0-windows\videoos.platform.tests.dll" id="a029b495-55fb-1eb3-c134-9a8d61753adb">
      <TestCategory>
        <TestCategoryItem TestCategory="Search" />
      </TestCategory>
      <Execution id="dc5abb23-b0cb-472c-8970-f5d214f5f259" />
      <TestMethod codeBase="D:\actions-runner\_work\XPCO\XPCO\AllSolutions\..\MIP\PlatformPlugin\VideoOS.Platform\unittest\bin\Debug\net6.0-windows\VideoOS.Platform.Tests.dll" adapterTypeName="executor://mstestadapter/v2" className="VideoOS.Platform.Tests.Search.SearchDefinitionTest" name="OnSearchResultsReady_EventHandler_NotifiedWithCorrectParameters" />
    </UnitTest>
    <UnitTest name="Contains_CameraFail_Checked" storage="d:\actions-runner\_work\xpco\xpco\allsolutions\..\mip\platformplugin\videoos.platform\unittest\bin\debug\net6.0-windows\videoos.platform.tests.dll" id="bd10e1d0-a002-0856-831f-b5cf43dbc863">
      <Execution id="99a056ca-43b5-4fe9-b981-1e892537f7d9" />
      <TestMethod codeBase="D:\actions-runner\_work\XPCO\XPCO\AllSolutions\..\MIP\PlatformPlugin\VideoOS.Platform\unittest\bin\Debug\net6.0-windows\VideoOS.Platform.Tests.dll" adapterTypeName="executor://mstestadapter/v2" className="VideoOS.Platform.Tests.FQIDtests" name="Contains_CameraFail_Checked" />
    </UnitTest>
    <UnitTest name="GenerateParameters_ShouldOmitResolutionList_WhenResolutionSetIsEmpty" storage="d:\actions-runner\_work\xpco\xpco\allsolutions\..\mip\platformplugin\videoos.platform\unittest\bin\debug\net6.0-windows\videoos.platform.tests.dll" id="4eb0c9c9-741e-7fa6-9c80-5eed459fb9fe">
      <Execution id="0fb5ab8d-3387-44f9-b2c1-1c221686c5ab" />
      <TestMethod codeBase="D:\actions-runner\_work\XPCO\XPCO\AllSolutions\..\MIP\PlatformPlugin\VideoOS.Platform\unittest\bin\Debug\net6.0-windows\VideoOS.Platform.Tests.dll" adapterTypeName="executor://mstestadapter/v2" className="VideoOS.Platform.Tests.Data.CameraDeviceDefinitionTests" name="GenerateParameters_ShouldOmitResolutionList_WhenResolutionSetIsEmpty" />
    </UnitTest>
    <UnitTest name="WriteXml_ShouldOmitElements_WhenTheyAreNull" storage="d:\actions-runner\_work\xpco\xpco\allsolutions\..\mip\platformplugin\videoos.platform\unittest\bin\debug\net6.0-windows\videoos.platform.tests.dll" id="5f559e43-4e08-7018-bc21-dc71856c4701">
      <Execution id="9035ada2-b6c1-4880-8361-49f4b55856c8" />
      <TestMethod codeBase="D:\actions-runner\_work\XPCO\XPCO\AllSolutions\..\MIP\PlatformPlugin\VideoOS.Platform\unittest\bin\Debug\net6.0-windows\VideoOS.Platform.Tests.dll" adapterTypeName="executor://mstestadapter/v2" className="VideoOS.Platform.Tests.Metadata.AppearanceTests" name="WriteXml_ShouldOmitElements_WhenTheyAreNull" />
    </UnitTest>
    <UnitTest name="GetAtOrBefore_ShouldReturnEntryFromCache_WhenDataIsInCacheWithExactSameTime" storage="d:\actions-runner\_work\xpco\xpco\allsolutions\..\mip\platformplugin\videoos.platform\unittest\bin\debug\net6.0-windows\videoos.platform.tests.dll" id="868fab3c-659e-4c15-a10e-0b6912bfed13">
      <Execution id="43fef79a-1da1-47e8-8d16-593eab9d68c2" />
      <TestMethod codeBase="D:\actions-runner\_work\XPCO\XPCO\AllSolutions\..\MIP\PlatformPlugin\VideoOS.Platform\unittest\bin\Debug\net6.0-windows\VideoOS.Platform.Tests.dll" adapterTypeName="executor://mstestadapter/v2" className="VideoOS.Platform.Tests.Data.MetadataPlaybackSourceTests" name="GetAtOrBefore_ShouldReturnEntryFromCache_WhenDataIsInCacheWithExactSameTime" />
    </UnitTest>
    <UnitTest name="Serialize_TestCases (TestParentTypeMatchDecimalThisTypeNotMatched)" storage="d:\actions-runner\_work\xpco\xpco\allsolutions\..\mip\platformplugin\videoos.platform\unittest\bin\debug\net6.0-windows\videoos.platform.tests.dll" id="9ce5ec79-7982-a66c-2246-3a2379522763">
      <Execution id="27ecaa4e-3f31-4d49-8290-98bd55257949" />
      <TestMethod codeBase="D:\actions-runner\_work\XPCO\XPCO\AllSolutions\..\MIP\PlatformPlugin\VideoOS.Platform\unittest\bin\Debug\net6.0-windows\VideoOS.Platform.Tests.dll" adapterTypeName="executor://mstestadapter/v2" className="VideoOS.Platform.Tests.UI.Controls.Automation.Serialization.AutomationObjectSerializerTest" name="Serialize_TestCases" />
    </UnitTest>
    <UnitTest name="ParseMetadataXmlWithString_ShouldThrowXmlException_WhenXmlIsUnregonized" storage="d:\actions-runner\_work\xpco\xpco\allsolutions\..\mip\platformplugin\videoos.platform\unittest\bin\debug\net6.0-windows\videoos.platform.tests.dll" id="f433ef44-22f0-31c9-303b-7dece7f9527e">
      <Execution id="0bbf2787-be1d-464e-b179-d784c96533d3" />
      <TestMethod codeBase="D:\actions-runner\_work\XPCO\XPCO\AllSolutions\..\MIP\PlatformPlugin\VideoOS.Platform\unittest\bin\Debug\net6.0-windows\VideoOS.Platform.Tests.dll" adapterTypeName="executor://mstestadapter/v2" className="VideoOS.Platform.Tests.Metadata.MetadataDeserializerTests" name="ParseMetadataXmlWithString_ShouldThrowXmlException_WhenXmlIsUnregonized" />
    </UnitTest>
    <UnitTest name="SelectionMode_ChangesIsMultiSelection" storage="d:\actions-runner\_work\xpco\xpco\allsolutions\..\mip\platformplugin\videoos.platform\unittest\bin\debug\net6.0-windows\videoos.platform.tests.dll" id="0881e79b-b33f-db23-4717-e6bc85ee2141">
      <Execution id="91720d42-302c-4896-b37e-e14606f004db" />
      <TestMethod codeBase="D:\actions-runner\_work\XPCO\XPCO\AllSolutions\..\MIP\PlatformPlugin\VideoOS.Platform\unittest\bin\Debug\net6.0-windows\VideoOS.Platform.Tests.dll" adapterTypeName="executor://mstestadapter/v2" className="VideoOS.Platform.Tests.UI.ItemPicker.ItemPickerViewModelTest" name="SelectionMode_ChangesIsMultiSelection" />
    </UnitTest>
    <UnitTest name="MatchId_Success_SingleMessage" storage="d:\actions-runner\_work\xpco\xpco\allsolutions\..\mip\platformplugin\videoos.platform\unittest\bin\debug\net6.0-windows\videoos.platform.tests.dll" id="a4399397-799d-6dfc-9b5f-ebad40d25858">
      <Execution id="33998b88-e375-4418-a972-b4feba52573a" />
      <TestMethod codeBase="D:\actions-runner\_work\XPCO\XPCO\AllSolutions\..\MIP\PlatformPlugin\VideoOS.Platform\unittest\bin\Debug\net6.0-windows\VideoOS.Platform.Tests.dll" adapterTypeName="executor://mstestadapter/v2" className="VideoOS.Platform.Tests.Messaging.CommunicationIdFilterTests" name="MatchId_Success_SingleMessage" />
    </UnitTest>
    <UnitTest name="Add_ShouldInvokeCallback_WhenObservable" storage="d:\actions-runner\_work\xpco\xpco\allsolutions\..\mip\platformplugin\videoos.platform\unittest\bin\debug\net6.0-windows\videoos.platform.tests.dll" id="d2e27528-7e9c-f741-028a-9dd7eea4c92c">
      <Execution id="3123c08d-c6b5-4124-a5a3-4787432919ae" />
      <TestMethod codeBase="D:\actions-runner\_work\XPCO\XPCO\AllSolutions\..\MIP\PlatformPlugin\VideoOS.Platform\unittest\bin\Debug\net6.0-windows\VideoOS.Platform.Tests.dll" adapterTypeName="executor://mstestadapter/v2" className="VideoOS.Platform.Tests.UI.Controls.CollectionHelperGenericTest" name="Add_ShouldInvokeCallback_WhenObservable" />
    </UnitTest>
    <UnitTest name="CreateSearchResultUserControl_MultiplePlugins_Success" storage="d:\actions-runner\_work\xpco\xpco\allsolutions\..\mip\platformplugin\videoos.platform\unittest\bin\debug\net6.0-windows\videoos.platform.tests.dll" id="0bb9d93a-5004-9ba8-d379-d792df82598b">
      <TestCategory>
        <TestCategoryItem TestCategory="Search" />
      </TestCategory>
      <Execution id="456aa795-9531-4276-9ecc-4e11040340b8" />
      <TestMethod codeBase="D:\actions-runner\_work\XPCO\XPCO\AllSolutions\..\MIP\PlatformPlugin\VideoOS.Platform\unittest\bin\Debug\net6.0-windows\VideoOS.Platform.Tests.dll" adapterTypeName="executor://mstestadapter/v2" className="VideoOS.Platform.Tests.Search.SearchUserControlResolverTest" name="CreateSearchResultUserControl_MultiplePlugins_Success" />
    </UnitTest>
    <UnitTest name="CountByItems_Activated_Missing1" storage="d:\actions-runner\_work\xpco\xpco\allsolutions\..\mip\platformplugin\videoos.platform\unittest\bin\debug\net6.0-windows\videoos.platform.tests.dll" id="ad39a2a8-a877-88dd-b965-d88ff03cb3d9">
      <Execution id="18957656-f75f-459d-9c23-4073ff78f8bf" />
      <TestMethod codeBase="D:\actions-runner\_work\XPCO\XPCO\AllSolutions\..\MIP\PlatformPlugin\VideoOS.Platform\unittest\bin\Debug\net6.0-windows\VideoOS.Platform.Tests.dll" adapterTypeName="executor://mstestadapter/v2" className="VideoOS.Platform.Tests.License.ResolvedLicenseCountTest" name="CountByItems_Activated_Missing1" />
    </UnitTest>
    <UnitTest name="RegionSelectionFilterValue_Serialize_Success" storage="d:\actions-runner\_work\xpco\xpco\allsolutions\..\mip\platformplugin\videoos.platform\unittest\bin\debug\net6.0-windows\videoos.platform.tests.dll" id="09b10f58-104f-c055-d17e-ad9f69c01172">
      <TestCategory>
        <TestCategoryItem TestCategory="Search" />
      </TestCategory>
      <Execution id="468fe16b-4396-4cbf-af64-47d569ceeb3b" />
      <TestMethod codeBase="D:\actions-runner\_work\XPCO\XPCO\AllSolutions\..\MIP\PlatformPlugin\VideoOS.Platform\unittest\bin\Debug\net6.0-windows\VideoOS.Platform.Tests.dll" adapterTypeName="executor://mstestadapter/v2" className="VideoOS.Platform.Tests.Search.FilterValues.FilterValueTests" name="RegionSelectionFilterValue_Serialize_Success" />
    </UnitTest>
    <UnitTest name="GetCompatibilityHandler_ShouldReturnNonFips_WhenCallingPreFipsSystem" storage="d:\actions-runner\_work\xpco\xpco\allsolutions\..\mip\platformplugin\videoos.platform\unittest\bin\debug\net6.0-windows\videoos.platform.tests.dll" id="a13f15c8-7c1b-75e6-115a-2f9c84e9fa5f">
      <Execution id="c7ba0d0f-172c-44de-b1cf-7b817ef3260e" />
      <TestMethod codeBase="D:\actions-runner\_work\XPCO\XPCO\AllSolutions\..\MIP\PlatformPlugin\VideoOS.Platform\unittest\bin\Debug\net6.0-windows\VideoOS.Platform.Tests.dll" adapterTypeName="executor://mstestadapter/v2" className="VideoOS.Platform.Tests.License.LicenseManagerTests" name="GetCompatibilityHandler_ShouldReturnNonFips_WhenCallingPreFipsSystem" />
    </UnitTest>
    <UnitTest name="Close_ScopeChangedEventHandlerSet_EventHandlerRemoved" storage="d:\actions-runner\_work\xpco\xpco\allsolutions\..\mip\platformplugin\videoos.platform\unittest\bin\debug\net6.0-windows\videoos.platform.tests.dll" id="34c289c0-6cda-cf85-24b7-8d07bcc44948">
      <TestCategory>
        <TestCategoryItem TestCategory="Search" />
      </TestCategory>
      <Execution id="a4d27f9b-897d-4589-9cf8-1ea33d6652e4" />
      <TestMethod codeBase="D:\actions-runner\_work\XPCO\XPCO\AllSolutions\..\MIP\PlatformPlugin\VideoOS.Platform\unittest\bin\Debug\net6.0-windows\VideoOS.Platform.Tests.dll" adapterTypeName="executor://mstestadapter/v2" className="VideoOS.Platform.Tests.Search.SearchCriteriaTest" name="Close_ScopeChangedEventHandlerSet_EventHandlerRemoved" />
    </UnitTest>
    <UnitTest name="GetPropertiesAsync_ClearCachedData_DelegatedToInternalMethodTwice" storage="d:\actions-runner\_work\xpco\xpco\allsolutions\..\mip\platformplugin\videoos.platform\unittest\bin\debug\net6.0-windows\videoos.platform.tests.dll" id="d03b0ad6-ed13-8489-09d1-2543f3053eff">
      <TestCategory>
        <TestCategoryItem TestCategory="Search" />
      </TestCategory>
      <Execution id="6be4a260-be62-496a-a731-2d317be991de" />
      <TestMethod codeBase="D:\actions-runner\_work\XPCO\XPCO\AllSolutions\..\MIP\PlatformPlugin\VideoOS.Platform\unittest\bin\Debug\net6.0-windows\VideoOS.Platform.Tests.dll" adapterTypeName="executor://mstestadapter/v2" className="VideoOS.Platform.Tests.Search.SearchResultDataTest" name="GetPropertiesAsync_ClearCachedData_DelegatedToInternalMethodTwice" />
    </UnitTest>
    <UnitTest name="WriteXml_ShouldWriteTransformationElement_WhenTransformationIsNotNull" storage="d:\actions-runner\_work\xpco\xpco\allsolutions\..\mip\platformplugin\videoos.platform\unittest\bin\debug\net6.0-windows\videoos.platform.tests.dll" id="d2780117-34b2-66e8-9cc3-23cf0c600a02">
      <Execution id="4b7074e8-e9ac-450e-b0b9-af5853456677" />
      <TestMethod codeBase="D:\actions-runner\_work\XPCO\XPCO\AllSolutions\..\MIP\PlatformPlugin\VideoOS.Platform\unittest\bin\Debug\net6.0-windows\VideoOS.Platform.Tests.dll" adapterTypeName="executor://mstestadapter/v2" className="VideoOS.Platform.Tests.Metadata.AppearanceTests" name="WriteXml_ShouldWriteTransformationElement_WhenTransformationIsNotNull" />
    </UnitTest>
    <UnitTest name="WriteXml_ShouldWriteBoundingBoxContents_WhenBoundingBoxIsNotNull" storage="d:\actions-runner\_work\xpco\xpco\allsolutions\..\mip\platformplugin\videoos.platform\unittest\bin\debug\net6.0-windows\videoos.platform.tests.dll" id="a7d99e35-c064-6ecd-9e86-ff4a258d4620">
      <Execution id="e9eede5f-d445-48c3-8fc6-0b9ae3baa951" />
      <TestMethod codeBase="D:\actions-runner\_work\XPCO\XPCO\AllSolutions\..\MIP\PlatformPlugin\VideoOS.Platform\unittest\bin\Debug\net6.0-windows\VideoOS.Platform.Tests.dll" adapterTypeName="executor://mstestadapter/v2" className="VideoOS.Platform.Tests.Metadata.ShapeTests" name="WriteXml_ShouldWriteBoundingBoxContents_WhenBoundingBoxIsNotNull" />
    </UnitTest>
    <UnitTest name="GetAgeFilterValue_NullCriteria_Throws" storage="d:\actions-runner\_work\xpco\xpco\allsolutions\..\mip\platformplugin\videoos.platform\unittest\bin\debug\net6.0-windows\videoos.platform.tests.dll" id="dfc15ed8-7724-9a59-ed0c-37d1b022994b">
      <TestCategory>
        <TestCategoryItem TestCategory="Search" />
      </TestCategory>
      <Execution id="64f22c5d-9fb4-44e5-a8d2-80737eb7fa4d" />
      <TestMethod codeBase="D:\actions-runner\_work\XPCO\XPCO\AllSolutions\..\MIP\PlatformPlugin\VideoOS.Platform\unittest\bin\Debug\net6.0-windows\VideoOS.Platform.Tests.dll" adapterTypeName="executor://mstestadapter/v2" className="VideoOS.Platform.Tests.Search.FilterCategories.PersonSearchFilterCategoryTest" name="GetAgeFilterValue_NullCriteria_Throws" />
    </UnitTest>
    <UnitTest name="Serialize_TestCases (TestParentTypeMatchIntNotThisTypeMatched)" storage="d:\actions-runner\_work\xpco\xpco\allsolutions\..\mip\platformplugin\videoos.platform\unittest\bin\debug\net6.0-windows\videoos.platform.tests.dll" id="c3ec86b5-5bf1-4537-a0ad-cbb701960818">
      <Execution id="7e13a044-ec0f-4acb-a8be-bacac93ee508" />
      <TestMethod codeBase="D:\actions-runner\_work\XPCO\XPCO\AllSolutions\..\MIP\PlatformPlugin\VideoOS.Platform\unittest\bin\Debug\net6.0-windows\VideoOS.Platform.Tests.dll" adapterTypeName="executor://mstestadapter/v2" className="VideoOS.Platform.Tests.UI.Controls.Automation.Serialization.AutomationObjectSerializerTest" name="Serialize_TestCases" />
    </UnitTest>
    <UnitTest name="Equals_ShouldHaveValueSemantics_Always" storage="d:\actions-runner\_work\xpco\xpco\allsolutions\..\mip\platformplugin\videoos.platform\unittest\bin\debug\net6.0-windows\videoos.platform.tests.dll" id="8a8663da-3c48-e3de-3195-bc33f43c17d1">
      <Execution id="f6ce3607-d33a-4435-84f7-42dcbd63e22c" />
      <TestMethod codeBase="D:\actions-runner\_work\XPCO\XPCO\AllSolutions\..\MIP\PlatformPlugin\VideoOS.Platform\unittest\bin\Debug\net6.0-windows\VideoOS.Platform.Tests.dll" adapterTypeName="executor://mstestadapter/v2" className="VideoOS.Platform.Tests.Metadata.NavigationalDataTests" name="Equals_ShouldHaveValueSemantics_Always" />
    </UnitTest>
    <UnitTest name="GetAllFrames_ShouldReturnFramesFromAllVideoAnalytcs_WhenThereAreSeveralVideoAnalytics" storage="d:\actions-runner\_work\xpco\xpco\allsolutions\..\mip\platformplugin\videoos.platform\unittest\bin\debug\net6.0-windows\videoos.platform.tests.dll" id="22017572-0e55-4eb6-a8f5-ed8333ee82e7">
      <Execution id="c446ab0d-910f-4a51-b8cf-cd1234b00aba" />
      <TestMethod codeBase="D:\actions-runner\_work\XPCO\XPCO\AllSolutions\..\MIP\PlatformPlugin\VideoOS.Platform\unittest\bin\Debug\net6.0-windows\VideoOS.Platform.Tests.dll" adapterTypeName="executor://mstestadapter/v2" className="VideoOS.Platform.Tests.Metadata.MetadataStreamTests" name="GetAllFrames_ShouldReturnFramesFromAllVideoAnalytcs_WhenThereAreSeveralVideoAnalytics" />
    </UnitTest>
    <UnitTest name="CountByItems_Activated_CountByCounter_Trial1" storage="d:\actions-runner\_work\xpco\xpco\allsolutions\..\mip\platformplugin\videoos.platform\unittest\bin\debug\net6.0-windows\videoos.platform.tests.dll" id="62771907-5daf-58e6-a184-e6742aca31e8">
      <Execution id="acde49c7-8ebf-4f73-bed8-62e4c453b551" />
      <TestMethod codeBase="D:\actions-runner\_work\XPCO\XPCO\AllSolutions\..\MIP\PlatformPlugin\VideoOS.Platform\unittest\bin\Debug\net6.0-windows\VideoOS.Platform.Tests.dll" adapterTypeName="executor://mstestadapter/v2" className="VideoOS.Platform.Tests.License.ResolvedLicenseCountTest" name="CountByItems_Activated_CountByCounter_Trial1" />
    </UnitTest>
    <UnitTest name="ReadXml_ShouldReadTranslateContents_WhenTranslateIsPresent" storage="d:\actions-runner\_work\xpco\xpco\allsolutions\..\mip\platformplugin\videoos.platform\unittest\bin\debug\net6.0-windows\videoos.platform.tests.dll" id="c0fdb5a9-d6d3-7bbe-3d81-a946d84b5551">
      <Execution id="91f586a7-0aa7-4be3-b9bb-ca3c31449832" />
      <TestMethod codeBase="D:\actions-runner\_work\XPCO\XPCO\AllSolutions\..\MIP\PlatformPlugin\VideoOS.Platform\unittest\bin\Debug\net6.0-windows\VideoOS.Platform.Tests.dll" adapterTypeName="executor://mstestadapter/v2" className="VideoOS.Platform.Tests.Metadata.TransformationTests" name="ReadXml_ShouldReadTranslateContents_WhenTranslateIsPresent" />
    </UnitTest>
    <UnitTest name="Serialize_TestCases (TestParentTypeMatchGenericNotThisTypeMatchedProperty)" storage="d:\actions-runner\_work\xpco\xpco\allsolutions\..\mip\platformplugin\videoos.platform\unittest\bin\debug\net6.0-windows\videoos.platform.tests.dll" id="80192076-5250-4f88-b991-e73794c3f07f">
      <Execution id="1bc1b731-ff5e-43db-be65-e5a9fe34f6d7" />
      <TestMethod codeBase="D:\actions-runner\_work\XPCO\XPCO\AllSolutions\..\MIP\PlatformPlugin\VideoOS.Platform\unittest\bin\Debug\net6.0-windows\VideoOS.Platform.Tests.dll" adapterTypeName="executor://mstestadapter/v2" className="VideoOS.Platform.Tests.UI.Controls.Automation.Serialization.AutomationObjectSerializerTest" name="Serialize_TestCases" />
    </UnitTest>
    <UnitTest name="ProvideValue_ShouldSetTargetProperty_WhenItemIconSourcePropertyNameIsSet" storage="d:\actions-runner\_work\xpco\xpco\allsolutions\..\mip\platformplugin\videoos.platform\unittest\bin\debug\net6.0-windows\videoos.platform.tests.dll" id="405a6411-84b6-3693-5b46-0b5983feca5e">
      <TestCategory>
        <TestCategoryItem TestCategory="DropDowns" />
      </TestCategory>
      <Execution id="b8b49b9b-71fa-4ab0-b171-240e89ac46e6" />
      <TestMethod codeBase="D:\actions-runner\_work\XPCO\XPCO\AllSolutions\..\MIP\PlatformPlugin\VideoOS.Platform\unittest\bin\Debug\net6.0-windows\VideoOS.Platform.Tests.dll" adapterTypeName="executor://mstestadapter/v2" className="VideoOS.Platform.Tests.UI.Controls.DropDowns.Internal.SelectedItemIconSourceExtensionTest" name="ProvideValue_ShouldSetTargetProperty_WhenItemIconSourcePropertyNameIsSet" />
    </UnitTest>
    <UnitTest name="SearchResultData_EndTimeWithPaddingMinValue_ShouldReturnEndTime" storage="d:\actions-runner\_work\xpco\xpco\allsolutions\..\mip\platformplugin\videoos.platform\unittest\bin\debug\net6.0-windows\videoos.platform.tests.dll" id="11b5912e-600c-2c04-2bfe-19c262546aae">
      <TestCategory>
        <TestCategoryItem TestCategory="Search" />
      </TestCategory>
      <Execution id="8d399d46-4fa9-41e5-bca1-0b6a3fb111bb" />
      <TestMethod codeBase="D:\actions-runner\_work\XPCO\XPCO\AllSolutions\..\MIP\PlatformPlugin\VideoOS.Platform\unittest\bin\Debug\net6.0-windows\VideoOS.Platform.Tests.dll" adapterTypeName="executor://mstestadapter/v2" className="VideoOS.Platform.Tests.Search.SearchResultDataTest" name="SearchResultData_EndTimeWithPaddingMinValue_ShouldReturnEndTime" />
    </UnitTest>
    <UnitTest name="ProvideValue_ShouldUseItemContentTemplate_WhenContentTemplateIsSetOnDropDownAndOnItem" storage="d:\actions-runner\_work\xpco\xpco\allsolutions\..\mip\platformplugin\videoos.platform\unittest\bin\debug\net6.0-windows\videoos.platform.tests.dll" id="14a48fdf-998f-a4a7-ad0a-dfa3e87104de">
      <TestCategory>
        <TestCategoryItem TestCategory="DropDowns" />
      </TestCategory>
      <Execution id="10cdaf39-f27b-4bc7-9b0e-3e1af229d18c" />
      <TestMethod codeBase="D:\actions-runner\_work\XPCO\XPCO\AllSolutions\..\MIP\PlatformPlugin\VideoOS.Platform\unittest\bin\Debug\net6.0-windows\VideoOS.Platform.Tests.dll" adapterTypeName="executor://mstestadapter/v2" className="VideoOS.Platform.Tests.UI.Controls.DropDowns.Internal.SelectedItemContentTemplateExtensionTest" name="ProvideValue_ShouldUseItemContentTemplate_WhenContentTemplateIsSetOnDropDownAndOnItem" />
    </UnitTest>
    <UnitTest name="OverlapsWith_ShouldReturnFalse_WhenArgumentEndTimeIsBeforeStartTime" storage="d:\actions-runner\_work\xpco\xpco\allsolutions\..\mip\platformplugin\videoos.platform\unittest\bin\debug\net6.0-windows\videoos.platform.tests.dll" id="397c15b6-197a-94bc-9677-ba909165fd0f">
      <Execution id="2875a278-85a7-441d-985d-45c7dc1fc4ee" />
      <TestMethod codeBase="D:\actions-runner\_work\XPCO\XPCO\AllSolutions\..\MIP\PlatformPlugin\VideoOS.Platform\unittest\bin\Debug\net6.0-windows\VideoOS.Platform.Tests.dll" adapterTypeName="executor://mstestadapter/v2" className="VideoOS.Platform.Tests.Util.TimeIntervalTests" name="OverlapsWith_ShouldReturnFalse_WhenArgumentEndTimeIsBeforeStartTime" />
    </UnitTest>
    <UnitTest name="Remove_KeyPresent_ReturnsTrueAndGetReturnsNull" storage="d:\actions-runner\_work\xpco\xpco\allsolutions\..\mip\platformplugin\videoos.platform\unittest\bin\debug\net6.0-windows\videoos.platform.tests.dll" id="ad2e8dc8-017a-fd28-8587-9788ac26c9e0">
      <Execution id="8a61f0a0-1d24-48a0-b3f7-024b22c5d3f2" />
      <TestMethod codeBase="D:\actions-runner\_work\XPCO\XPCO\AllSolutions\..\MIP\PlatformPlugin\VideoOS.Platform\unittest\bin\Debug\net6.0-windows\VideoOS.Platform.Tests.dll" adapterTypeName="executor://mstestadapter/v2" className="VideoOS.Platform.Tests.Util.Queue.LRUCacheTests" name="Remove_KeyPresent_ReturnsTrueAndGetReturnsNull" />
    </UnitTest>
    <UnitTest name="Append_OptionKeyString_Escaped" storage="d:\actions-runner\_work\xpco\xpco\allsolutions\..\mip\platformplugin\videoos.platform\unittest\bin\debug\net6.0-windows\videoos.platform.tests.dll" id="36835451-4db1-a03e-109f-0d92dfb22aba">
      <Execution id="30d63b54-00a8-45ce-a607-76f3b4ac0258" />
      <TestMethod codeBase="D:\actions-runner\_work\XPCO\XPCO\AllSolutions\..\MIP\PlatformPlugin\VideoOS.Platform\unittest\bin\Debug\net6.0-windows\VideoOS.Platform.Tests.dll" adapterTypeName="executor://mstestadapter/v2" className="VideoOS.Platform.Tests.Proxy.RestApi.JsonBuilderTests" name="Append_OptionKeyString_Escaped" />
    </UnitTest>
    <UnitTest name="Clear_ShouldInvokeCallback_WhenObservable" storage="d:\actions-runner\_work\xpco\xpco\allsolutions\..\mip\platformplugin\videoos.platform\unittest\bin\debug\net6.0-windows\videoos.platform.tests.dll" id="a83a69b8-4523-62af-550e-9c72857a22cc">
      <Execution id="1bcfb454-5f46-4ceb-9fbf-8da64edf38d7" />
      <TestMethod codeBase="D:\actions-runner\_work\XPCO\XPCO\AllSolutions\..\MIP\PlatformPlugin\VideoOS.Platform\unittest\bin\Debug\net6.0-windows\VideoOS.Platform.Tests.dll" adapterTypeName="executor://mstestadapter/v2" className="VideoOS.Platform.Tests.UI.Controls.CollectionHelperTest" name="Clear_ShouldInvokeCallback_WhenObservable" />
    </UnitTest>
    <UnitTest name="CreateSearchResultUserControl_NullConfiguration_ReturnsNull" storage="d:\actions-runner\_work\xpco\xpco\allsolutions\..\mip\platformplugin\videoos.platform\unittest\bin\debug\net6.0-windows\videoos.platform.tests.dll" id="bef9c954-3a2d-3d83-b50d-cb24e577f8c7">
      <TestCategory>
        <TestCategoryItem TestCategory="Search" />
      </TestCategory>
      <Execution id="a26cd270-8ca1-4471-8560-7e57436e5f90" />
      <TestMethod codeBase="D:\actions-runner\_work\XPCO\XPCO\AllSolutions\..\MIP\PlatformPlugin\VideoOS.Platform\unittest\bin\Debug\net6.0-windows\VideoOS.Platform.Tests.dll" adapterTypeName="executor://mstestadapter/v2" className="VideoOS.Platform.Tests.Search.SearchUserControlResolverTest" name="CreateSearchResultUserControl_NullConfiguration_ReturnsNull" />
    </UnitTest>
    <UnitTest name="ReadXml_ShouldIgnoreUnknownExtensionChildren_WhenUnknownExtensionChildrenArePresent" storage="d:\actions-runner\_work\xpco\xpco\allsolutions\..\mip\platformplugin\videoos.platform\unittest\bin\debug\net6.0-windows\videoos.platform.tests.dll" id="f5abc6e6-30fb-64d6-b653-e8776326ca87">
      <Execution id="ef8411f5-3bd0-4755-979a-6080faab540b" />
      <TestMethod codeBase="D:\actions-runner\_work\XPCO\XPCO\AllSolutions\..\MIP\PlatformPlugin\VideoOS.Platform\unittest\bin\Debug\net6.0-windows\VideoOS.Platform.Tests.dll" adapterTypeName="executor://mstestadapter/v2" className="VideoOS.Platform.Tests.Metadata.MetadataStreamTests" name="ReadXml_ShouldIgnoreUnknownExtensionChildren_WhenUnknownExtensionChildrenArePresent" />
    </UnitTest>
    <UnitTest name="TestMultiLevelQueue_DisposeQueueRightAfterProcessingItem_QueueDoesNotHang" storage="d:\actions-runner\_work\xpco\xpco\allsolutions\..\mip\platformplugin\videoos.platform\unittest\bin\debug\net6.0-windows\videoos.platform.tests.dll" id="2850ab82-187d-c41c-6c55-5faf4323eb97">
      <Execution id="0627033c-eb2e-4af3-9dd1-67833c4fb8a2" />
      <TestMethod codeBase="D:\actions-runner\_work\XPCO\XPCO\AllSolutions\..\MIP\PlatformPlugin\VideoOS.Platform\unittest\bin\Debug\net6.0-windows\VideoOS.Platform.Tests.dll" adapterTypeName="executor://mstestadapter/v2" className="VideoOS.Platform.Tests.Util.Queue.MultiLevelResourceQueueTests" name="TestMultiLevelQueue_DisposeQueueRightAfterProcessingItem_QueueDoesNotHang" />
    </UnitTest>
    <UnitTest name="ReadXml_ShouldSetIsIdleAndIsRemovedToFalse_WhenElementIsEmpty" storage="d:\actions-runner\_work\xpco\xpco\allsolutions\..\mip\platformplugin\videoos.platform\unittest\bin\debug\net6.0-windows\videoos.platform.tests.dll" id="97f2dd08-7fc8-05d2-39e7-d6eb768666a9">
      <Execution id="30dccca2-6aed-4bae-a356-7f86fe208674" />
      <TestMethod codeBase="D:\actions-runner\_work\XPCO\XPCO\AllSolutions\..\MIP\PlatformPlugin\VideoOS.Platform\unittest\bin\Debug\net6.0-windows\VideoOS.Platform.Tests.dll" adapterTypeName="executor://mstestadapter/v2" className="VideoOS.Platform.Tests.Metadata.BehaviourTests" name="ReadXml_ShouldSetIsIdleAndIsRemovedToFalse_WhenElementIsEmpty" />
    </UnitTest>
    <UnitTest name="Clear_ShouldInvokeCallback_WhenObservable" storage="d:\actions-runner\_work\xpco\xpco\allsolutions\..\mip\platformplugin\videoos.platform\unittest\bin\debug\net6.0-windows\videoos.platform.tests.dll" id="023f7f43-765e-9b8d-a4fb-66ae949e5c24">
      <Execution id="d6a25ded-b414-438d-bdca-3c73366da461" />
      <TestMethod codeBase="D:\actions-runner\_work\XPCO\XPCO\AllSolutions\..\MIP\PlatformPlugin\VideoOS.Platform\unittest\bin\Debug\net6.0-windows\VideoOS.Platform.Tests.dll" adapterTypeName="executor://mstestadapter/v2" className="VideoOS.Platform.Tests.UI.Controls.CollectionHelperGenericTest" name="Clear_ShouldInvokeCallback_WhenObservable" />
    </UnitTest>
    <UnitTest name="LoadedEvent_ShouldAddProxyManager_WhenFrameworkContentElementIsLoadedAtLaterStage" storage="d:\actions-runner\_work\xpco\xpco\allsolutions\..\mip\platformplugin\videoos.platform\unittest\bin\debug\net6.0-windows\videoos.platform.tests.dll" id="98ff53fb-3b47-c43e-4b86-adf2da2fb797">
      <TestCategory>
        <TestCategoryItem TestCategory="EventsToCommandMappings" />
      </TestCategory>
      <Execution id="2a433c50-1345-4782-a40e-be5fa4ad9ccf" />
      <TestMethod codeBase="D:\actions-runner\_work\XPCO\XPCO\AllSolutions\..\MIP\PlatformPlugin\VideoOS.Platform\unittest\bin\Debug\net6.0-windows\VideoOS.Platform.Tests.dll" adapterTypeName="executor://mstestadapter/v2" className="VideoOS.Platform.Tests.UI.Commands.EventsToCommandMappingTest" name="LoadedEvent_ShouldAddProxyManager_WhenFrameworkContentElementIsLoadedAtLaterStage" />
    </UnitTest>
    <UnitTest name="ReadXml_ShouldLogWarningOnlyOnceWithinOneMinute_WhenFrameDidNotReadUtcTime" storage="d:\actions-runner\_work\xpco\xpco\allsolutions\..\mip\platformplugin\videoos.platform\unittest\bin\debug\net6.0-windows\videoos.platform.tests.dll" id="0272379c-7daf-7bd0-3571-0deb6243dd64">
      <Execution id="d7f2effe-b40f-483d-86f9-60918233cc15" />
      <TestMethod codeBase="D:\actions-runner\_work\XPCO\XPCO\AllSolutions\..\MIP\PlatformPlugin\VideoOS.Platform\unittest\bin\Debug\net6.0-windows\VideoOS.Platform.Tests.dll" adapterTypeName="executor://mstestadapter/v2" className="VideoOS.Platform.Tests.Metadata.VideoAnalyticsTests" name="ReadXml_ShouldLogWarningOnlyOnceWithinOneMinute_WhenFrameDidNotReadUtcTime" />
    </UnitTest>
    <UnitTest name="TestStartSearch_NullSearchDefinitions_Failure" storage="d:\actions-runner\_work\xpco\xpco\allsolutions\..\mip\platformplugin\videoos.platform\unittest\bin\debug\net6.0-windows\videoos.platform.tests.dll" id="be18d4c4-d343-ec1d-bb22-8e6779b47149">
      <TestCategory>
        <TestCategoryItem TestCategory="Search" />
      </TestCategory>
      <Execution id="bceeda8c-2473-40b3-8a47-0445d1a3be1f" />
      <TestMethod codeBase="D:\actions-runner\_work\XPCO\XPCO\AllSolutions\..\MIP\PlatformPlugin\VideoOS.Platform\unittest\bin\Debug\net6.0-windows\VideoOS.Platform.Tests.dll" adapterTypeName="executor://mstestadapter/v2" className="VideoOS.Platform.Tests.Search.SearchManagerTest" name="TestStartSearch_NullSearchDefinitions_Failure" />
    </UnitTest>
    <UnitTest name="CountByItems_NotActivated_Empty" storage="d:\actions-runner\_work\xpco\xpco\allsolutions\..\mip\platformplugin\videoos.platform\unittest\bin\debug\net6.0-windows\videoos.platform.tests.dll" id="e20a2443-63de-0ab9-fc1f-4a1cb2289ef1">
      <Execution id="a8f6305e-8781-452b-b883-81b37f677f15" />
      <TestMethod codeBase="D:\actions-runner\_work\XPCO\XPCO\AllSolutions\..\MIP\PlatformPlugin\VideoOS.Platform\unittest\bin\Debug\net6.0-windows\VideoOS.Platform.Tests.dll" adapterTypeName="executor://mstestadapter/v2" className="VideoOS.Platform.Tests.License.ResolvedLicenseCountTest" name="CountByItems_NotActivated_Empty" />
    </UnitTest>
    <UnitTest name="GetGenderFilterValues_NullCriteria_Throws" storage="d:\actions-runner\_work\xpco\xpco\allsolutions\..\mip\platformplugin\videoos.platform\unittest\bin\debug\net6.0-windows\videoos.platform.tests.dll" id="060935d9-41c9-9631-b038-7843722743ca">
      <TestCategory>
        <TestCategoryItem TestCategory="Search" />
      </TestCategory>
      <Execution id="98d315df-359c-4440-bbf6-76471b1dfb44" />
      <TestMethod codeBase="D:\actions-runner\_work\XPCO\XPCO\AllSolutions\..\MIP\PlatformPlugin\VideoOS.Platform\unittest\bin\Debug\net6.0-windows\VideoOS.Platform.Tests.dll" adapterTypeName="executor://mstestadapter/v2" className="VideoOS.Platform.Tests.Search.FilterCategories.PersonSearchFilterCategoryTest" name="GetGenderFilterValues_NullCriteria_Throws" />
    </UnitTest>
    <UnitTest name="GenerateDeviceParameters_ShouldWriteCorrectGop_WhenGopIsInRange" storage="d:\actions-runner\_work\xpco\xpco\allsolutions\..\mip\platformplugin\videoos.platform\unittest\bin\debug\net6.0-windows\videoos.platform.tests.dll" id="0f85e31c-250d-2fd6-59ef-88556968bdb6">
      <Execution id="4555c027-fa3d-4641-bd08-72bdbee66129" />
      <TestMethod codeBase="D:\actions-runner\_work\XPCO\XPCO\AllSolutions\..\MIP\PlatformPlugin\VideoOS.Platform\unittest\bin\Debug\net6.0-windows\VideoOS.Platform.Tests.dll" adapterTypeName="executor://mstestadapter/v2" className="VideoOS.Platform.Tests.Data.CameraDeviceDefinitionTests" name="GenerateDeviceParameters_ShouldWriteCorrectGop_WhenGopIsInRange" />
    </UnitTest>
    <UnitTest name="ReadAppearanceExtensionXml_ShouldNotSetBoundingBoxLineThickness_WhenBoundingBoxLineThicknessIsNotPresent" storage="d:\actions-runner\_work\xpco\xpco\allsolutions\..\mip\platformplugin\videoos.platform\unittest\bin\debug\net6.0-windows\videoos.platform.tests.dll" id="049489f2-1a42-cae5-971b-5636d7488caa">
      <Execution id="27390999-1e17-4e8a-8f9f-f09c74639d03" />
      <TestMethod codeBase="D:\actions-runner\_work\XPCO\XPCO\AllSolutions\..\MIP\PlatformPlugin\VideoOS.Platform\unittest\bin\Debug\net6.0-windows\VideoOS.Platform.Tests.dll" adapterTypeName="executor://mstestadapter/v2" className="VideoOS.Platform.Tests.Metadata.RectangleTests" name="ReadAppearanceExtensionXml_ShouldNotSetBoundingBoxLineThickness_WhenBoundingBoxLineThicknessIsNotPresent" />
    </UnitTest>
    <UnitTest name="GetChildItems_ShouldReturnItems_WhenAllForParentAreAdded" storage="d:\actions-runner\_work\xpco\xpco\allsolutions\..\mip\platformplugin\videoos.platform\unittest\bin\debug\net6.0-windows\videoos.platform.tests.dll" id="0ef6c2b0-c03c-b1c8-fd6f-4840c4db7605">
      <Execution id="f6a42175-6ce1-487b-bbbd-0fdd8b76b1e6" />
      <TestMethod codeBase="D:\actions-runner\_work\XPCO\XPCO\AllSolutions\..\MIP\PlatformPlugin\VideoOS.Platform\unittest\bin\Debug\net6.0-windows\VideoOS.Platform.Tests.dll" adapterTypeName="executor://mstestadapter/v2" className="VideoOS.Platform.Tests.Util.ConfigurationCacheTests" name="GetChildItems_ShouldReturnItems_WhenAllForParentAreAdded" />
    </UnitTest>
    <UnitTest name="TestMultiLevelQueue_ShuttingDownResourceProcessorEdgeCase_Success" storage="d:\actions-runner\_work\xpco\xpco\allsolutions\..\mip\platformplugin\videoos.platform\unittest\bin\debug\net6.0-windows\videoos.platform.tests.dll" id="88c7ce2e-851c-95ac-24f9-c8ee7cf94eac">
      <Execution id="f72a6a7b-9f36-47d9-bbe0-d9a1f5238a2c" />
      <TestMethod codeBase="D:\actions-runner\_work\XPCO\XPCO\AllSolutions\..\MIP\PlatformPlugin\VideoOS.Platform\unittest\bin\Debug\net6.0-windows\VideoOS.Platform.Tests.dll" adapterTypeName="executor://mstestadapter/v2" className="VideoOS.Platform.Tests.Util.Queue.MultiLevelResourceQueueTests" name="TestMultiLevelQueue_ShuttingDownResourceProcessorEdgeCase_Success" />
    </UnitTest>
    <UnitTest name="IsEmptyValue_SelectionFilterValue_OneSelection_ReturnsFalse" storage="d:\actions-runner\_work\xpco\xpco\allsolutions\..\mip\platformplugin\videoos.platform\unittest\bin\debug\net6.0-windows\videoos.platform.tests.dll" id="d63150eb-a494-247f-04af-e8e69519f739">
      <TestCategory>
        <TestCategoryItem TestCategory="Search" />
      </TestCategory>
      <Execution id="47f46976-57f3-4943-bb7e-3281c75a7b48" />
      <TestMethod codeBase="D:\actions-runner\_work\XPCO\XPCO\AllSolutions\..\MIP\PlatformPlugin\VideoOS.Platform\unittest\bin\Debug\net6.0-windows\VideoOS.Platform.Tests.dll" adapterTypeName="executor://mstestadapter/v2" className="VideoOS.Platform.Tests.Search.SearchFilterTest" name="IsEmptyValue_SelectionFilterValue_OneSelection_ReturnsFalse" />
    </UnitTest>
    <UnitTest name="ReadXml_ShouldReadOnvifClass_WhenClassIsPresent" storage="d:\actions-runner\_work\xpco\xpco\allsolutions\..\mip\platformplugin\videoos.platform\unittest\bin\debug\net6.0-windows\videoos.platform.tests.dll" id="9d5ada2d-839e-c544-1fa6-276837fd72f2">
      <Execution id="d21ac2af-d3b9-4f69-8279-cf6f085fde77" />
      <TestMethod codeBase="D:\actions-runner\_work\XPCO\XPCO\AllSolutions\..\MIP\PlatformPlugin\VideoOS.Platform\unittest\bin\Debug\net6.0-windows\VideoOS.Platform.Tests.dll" adapterTypeName="executor://mstestadapter/v2" className="VideoOS.Platform.Tests.Metadata.AppearanceTests" name="ReadXml_ShouldReadOnvifClass_WhenClassIsPresent" />
    </UnitTest>
    <UnitTest name="Add_ShouldNotUpdateEndCache_WhenOldEndTimeIsLaterThanAdded" storage="d:\actions-runner\_work\xpco\xpco\allsolutions\..\mip\platformplugin\videoos.platform\unittest\bin\debug\net6.0-windows\videoos.platform.tests.dll" id="da270ab7-6882-db63-f3a0-844c8b4562db">
      <Execution id="82208fe0-bbeb-42e8-ac72-b890c722b60c" />
      <TestMethod codeBase="D:\actions-runner\_work\XPCO\XPCO\AllSolutions\..\MIP\PlatformPlugin\VideoOS.Platform\unittest\bin\Debug\net6.0-windows\VideoOS.Platform.Tests.dll" adapterTypeName="executor://mstestadapter/v2" className="VideoOS.Platform.Tests.Client.SequenceCacheTests" name="Add_ShouldNotUpdateEndCache_WhenOldEndTimeIsLaterThanAdded" />
    </UnitTest>
    <UnitTest name="ReadXml_ShouldReadTranslate_WhenTranslateIsPresent" storage="d:\actions-runner\_work\xpco\xpco\allsolutions\..\mip\platformplugin\videoos.platform\unittest\bin\debug\net6.0-windows\videoos.platform.tests.dll" id="144c69ed-fb6c-34fd-956a-d442174acbf9">
      <Execution id="8684cb00-2d10-4da6-883e-2209fe07159c" />
      <TestMethod codeBase="D:\actions-runner\_work\XPCO\XPCO\AllSolutions\..\MIP\PlatformPlugin\VideoOS.Platform\unittest\bin\Debug\net6.0-windows\VideoOS.Platform.Tests.dll" adapterTypeName="executor://mstestadapter/v2" className="VideoOS.Platform.Tests.Metadata.TransformationTests" name="ReadXml_ShouldReadTranslate_WhenTranslateIsPresent" />
    </UnitTest>
    <UnitTest name="ReadXml_ShouldReadYAttribute_WhenPresent" storage="d:\actions-runner\_work\xpco\xpco\allsolutions\..\mip\platformplugin\videoos.platform\unittest\bin\debug\net6.0-windows\videoos.platform.tests.dll" id="63299308-d7dd-b56e-acf5-b1b102f32d4f">
      <Execution id="c991deda-a6ec-4382-89e6-95d67bc6df83" />
      <TestMethod codeBase="D:\actions-runner\_work\XPCO\XPCO\AllSolutions\..\MIP\PlatformPlugin\VideoOS.Platform\unittest\bin\Debug\net6.0-windows\VideoOS.Platform.Tests.dll" adapterTypeName="executor://mstestadapter/v2" className="VideoOS.Platform.Tests.Metadata.VectorTests" name="ReadXml_ShouldReadYAttribute_WhenPresent" />
    </UnitTest>
    <UnitTest name="Append_Element_String" storage="d:\actions-runner\_work\xpco\xpco\allsolutions\..\mip\platformplugin\videoos.platform\unittest\bin\debug\net6.0-windows\videoos.platform.tests.dll" id="61995c8a-35dd-f2df-f559-b60cb8f54a82">
      <Execution id="80a0529c-b93c-47f8-9337-2e80dca6c9b5" />
      <TestMethod codeBase="D:\actions-runner\_work\XPCO\XPCO\AllSolutions\..\MIP\PlatformPlugin\VideoOS.Platform\unittest\bin\Debug\net6.0-windows\VideoOS.Platform.Tests.dll" adapterTypeName="executor://mstestadapter/v2" className="VideoOS.Platform.Tests.Proxy.RestApi.JsonBuilderTests" name="Append_Element_String" />
    </UnitTest>
    <UnitTest name="Serialize_TestCases (TestParentTypeMatchStructNotThisTypeNotMatched)" storage="d:\actions-runner\_work\xpco\xpco\allsolutions\..\mip\platformplugin\videoos.platform\unittest\bin\debug\net6.0-windows\videoos.platform.tests.dll" id="6936f6b7-d541-8d1e-5703-e65b31721380">
      <Execution id="a39682e5-a8e5-4105-bf48-ed3fd7eef8c9" />
      <TestMethod codeBase="D:\actions-runner\_work\XPCO\XPCO\AllSolutions\..\MIP\PlatformPlugin\VideoOS.Platform\unittest\bin\Debug\net6.0-windows\VideoOS.Platform.Tests.dll" adapterTypeName="executor://mstestadapter/v2" className="VideoOS.Platform.Tests.UI.Controls.Automation.Serialization.AutomationObjectSerializerTest" name="Serialize_TestCases" />
    </UnitTest>
    <UnitTest name="ReadXml_ShouldDiscardTranslate_WhenIncompleteTranslateIsPresent" storage="d:\actions-runner\_work\xpco\xpco\allsolutions\..\mip\platformplugin\videoos.platform\unittest\bin\debug\net6.0-windows\videoos.platform.tests.dll" id="a42de255-353b-3499-e7ec-b18bd5c29a5c">
      <Execution id="47700d1b-69b1-4394-a86d-780fdb20dd64" />
      <TestMethod codeBase="D:\actions-runner\_work\XPCO\XPCO\AllSolutions\..\MIP\PlatformPlugin\VideoOS.Platform\unittest\bin\Debug\net6.0-windows\VideoOS.Platform.Tests.dll" adapterTypeName="executor://mstestadapter/v2" className="VideoOS.Platform.Tests.Metadata.TransformationTests" name="ReadXml_ShouldDiscardTranslate_WhenIncompleteTranslateIsPresent" />
    </UnitTest>
    <UnitTest name="Serialize_ShouldThrowException_WhenPropertyIsSimpleTypeButPathContainsChildren (DecimalProperty)" storage="d:\actions-runner\_work\xpco\xpco\allsolutions\..\mip\platformplugin\videoos.platform\unittest\bin\debug\net6.0-windows\videoos.platform.tests.dll" id="c3649c2b-316d-d26a-c549-526c58a35cfe">
      <Execution id="1c4565bb-e017-4d7c-af91-5c547e19dfd7" />
      <TestMethod codeBase="D:\actions-runner\_work\XPCO\XPCO\AllSolutions\..\MIP\PlatformPlugin\VideoOS.Platform\unittest\bin\Debug\net6.0-windows\VideoOS.Platform.Tests.dll" adapterTypeName="executor://mstestadapter/v2" className="VideoOS.Platform.Tests.UI.Controls.Automation.Serialization.AutomationObjectSerializerTest" name="Serialize_ShouldThrowException_WhenPropertyIsSimpleTypeButPathContainsChildren" />
    </UnitTest>
    <UnitTest name="CountByItems_Activated_CountByCounter_Missing" storage="d:\actions-runner\_work\xpco\xpco\allsolutions\..\mip\platformplugin\videoos.platform\unittest\bin\debug\net6.0-windows\videoos.platform.tests.dll" id="125f47fd-bfa6-8077-4564-e798b6c885b3">
      <Execution id="e6d13f35-e014-48b6-af6c-05aea2a27d41" />
      <TestMethod codeBase="D:\actions-runner\_work\XPCO\XPCO\AllSolutions\..\MIP\PlatformPlugin\VideoOS.Platform\unittest\bin\Debug\net6.0-windows\VideoOS.Platform.Tests.dll" adapterTypeName="executor://mstestadapter/v2" className="VideoOS.Platform.Tests.License.ResolvedLicenseCountTest" name="CountByItems_Activated_CountByCounter_Missing" />
    </UnitTest>
    <UnitTest name="MD5Hex32_ShouldReturnMD5Hash_WhenInputIsNotNull" storage="d:\actions-runner\_work\xpco\xpco\allsolutions\..\mip\platformplugin\videoos.platform\unittest\bin\debug\net6.0-windows\videoos.platform.tests.dll" id="257c0922-44f0-686e-e1ab-2ecaa57524ac">
      <Execution id="9eb89c7c-1aaa-4bf6-bc63-14d9b42f3daf" />
      <TestMethod codeBase="D:\actions-runner\_work\XPCO\XPCO\AllSolutions\..\MIP\PlatformPlugin\VideoOS.Platform\unittest\bin\Debug\net6.0-windows\VideoOS.Platform.Tests.dll" adapterTypeName="executor://mstestadapter/v2" className="VideoOS.Platform.Tests.Data.MediaProviderInternal.UtilityTests" name="MD5Hex32_ShouldReturnMD5Hash_WhenInputIsNotNull" />
    </UnitTest>
    <UnitTest name="TestStartSearch_WithoutSortOrder_Success" storage="d:\actions-runner\_work\xpco\xpco\allsolutions\..\mip\platformplugin\videoos.platform\unittest\bin\debug\net6.0-windows\videoos.platform.tests.dll" id="1efc39b0-1d4c-64ee-c593-37f0c14e8022">
      <TestCategory>
        <TestCategoryItem TestCategory="Search" />
      </TestCategory>
      <Execution id="89ea9d26-aca7-4d27-9664-5524f124ce16" />
      <TestMethod codeBase="D:\actions-runner\_work\XPCO\XPCO\AllSolutions\..\MIP\PlatformPlugin\VideoOS.Platform\unittest\bin\Debug\net6.0-windows\VideoOS.Platform.Tests.dll" adapterTypeName="executor://mstestadapter/v2" className="VideoOS.Platform.Tests.Search.SearchManagerTest" name="TestStartSearch_WithoutSortOrder_Success" />
    </UnitTest>
    <UnitTest name="CountByItems_Activated_WithTrialsInActivation" storage="d:\actions-runner\_work\xpco\xpco\allsolutions\..\mip\platformplugin\videoos.platform\unittest\bin\debug\net6.0-windows\videoos.platform.tests.dll" id="1f1cc29a-ffbb-09ec-fd2b-edba3215943f">
      <Execution id="6b8c4d8e-78df-42c7-9e5e-62e317136cb0" />
      <TestMethod codeBase="D:\actions-runner\_work\XPCO\XPCO\AllSolutions\..\MIP\PlatformPlugin\VideoOS.Platform\unittest\bin\Debug\net6.0-windows\VideoOS.Platform.Tests.dll" adapterTypeName="executor://mstestadapter/v2" className="VideoOS.Platform.Tests.License.ResolvedLicenseCountTest" name="CountByItems_Activated_WithTrialsInActivation" />
    </UnitTest>
    <UnitTest name="Serialize_TestCases (TestParentTypeMatchInterfaceNotThisTypeNotMatchedProperty)" storage="d:\actions-runner\_work\xpco\xpco\allsolutions\..\mip\platformplugin\videoos.platform\unittest\bin\debug\net6.0-windows\videoos.platform.tests.dll" id="fc5a0192-1741-4be7-8945-f2b66fb65285">
      <Execution id="c53c4a0d-a200-44f8-bfb1-e988811c03bd" />
      <TestMethod codeBase="D:\actions-runner\_work\XPCO\XPCO\AllSolutions\..\MIP\PlatformPlugin\VideoOS.Platform\unittest\bin\Debug\net6.0-windows\VideoOS.Platform.Tests.dll" adapterTypeName="executor://mstestadapter/v2" className="VideoOS.Platform.Tests.UI.Controls.Automation.Serialization.AutomationObjectSerializerTest" name="Serialize_TestCases" />
    </UnitTest>
    <UnitTest name="WriteXml_ShouldWriteRemovedElementBeforeIdleElement_WhenBothAreSet" storage="d:\actions-runner\_work\xpco\xpco\allsolutions\..\mip\platformplugin\videoos.platform\unittest\bin\debug\net6.0-windows\videoos.platform.tests.dll" id="ab352261-f7fb-4de5-d0ab-b3696dc3f865">
      <Execution id="94a389f5-dc6e-4635-979d-1a37a5a5533e" />
      <TestMethod codeBase="D:\actions-runner\_work\XPCO\XPCO\AllSolutions\..\MIP\PlatformPlugin\VideoOS.Platform\unittest\bin\Debug\net6.0-windows\VideoOS.Platform.Tests.dll" adapterTypeName="executor://mstestadapter/v2" className="VideoOS.Platform.Tests.Metadata.BehaviourTests" name="WriteXml_ShouldWriteRemovedElementBeforeIdleElement_WhenBothAreSet" />
    </UnitTest>
    <UnitTest name="ToJson_ListElement" storage="d:\actions-runner\_work\xpco\xpco\allsolutions\..\mip\platformplugin\videoos.platform\unittest\bin\debug\net6.0-windows\videoos.platform.tests.dll" id="fcfc02eb-9475-084e-96ae-652cb742a35f">
      <Execution id="093bd58b-8e56-40bb-ade9-cc2b38ebc709" />
      <TestMethod codeBase="D:\actions-runner\_work\XPCO\XPCO\AllSolutions\..\MIP\PlatformPlugin\VideoOS.Platform\unittest\bin\Debug\net6.0-windows\VideoOS.Platform.Tests.dll" adapterTypeName="executor://mstestadapter/v2" className="VideoOS.Platform.Tests.Proxy.RestApi.JsonReaderTests" name="ToJson_ListElement" />
    </UnitTest>
    <UnitTest name="ReadXml_ShouldIgnoreChildren_WhenAlways" storage="d:\actions-runner\_work\xpco\xpco\allsolutions\..\mip\platformplugin\videoos.platform\unittest\bin\debug\net6.0-windows\videoos.platform.tests.dll" id="e5f2cf6d-a0ae-d38c-0dc9-b08cf977bee2">
      <Execution id="2e53f581-9b86-4417-abd8-379530f4b568" />
      <TestMethod codeBase="D:\actions-runner\_work\XPCO\XPCO\AllSolutions\..\MIP\PlatformPlugin\VideoOS.Platform\unittest\bin\Debug\net6.0-windows\VideoOS.Platform.Tests.dll" adapterTypeName="executor://mstestadapter/v2" className="VideoOS.Platform.Tests.Metadata.VectorTests" name="ReadXml_ShouldIgnoreChildren_WhenAlways" />
    </UnitTest>
    <UnitTest name="ProvideValue_ShouldNotSetTargetProperty_WhenItemIconSourcePropertyNameIsNotSet" storage="d:\actions-runner\_work\xpco\xpco\allsolutions\..\mip\platformplugin\videoos.platform\unittest\bin\debug\net6.0-windows\videoos.platform.tests.dll" id="9e28d5ce-7362-2b06-9e34-6ce871313f70">
      <TestCategory>
        <TestCategoryItem TestCategory="DropDowns" />
      </TestCategory>
      <Execution id="82872a59-d8b1-4efa-9763-1560091760c1" />
      <TestMethod codeBase="D:\actions-runner\_work\XPCO\XPCO\AllSolutions\..\MIP\PlatformPlugin\VideoOS.Platform\unittest\bin\Debug\net6.0-windows\VideoOS.Platform.Tests.dll" adapterTypeName="executor://mstestadapter/v2" className="VideoOS.Platform.Tests.UI.Controls.DropDowns.Internal.SelectedItemIconSourceExtensionTest" name="ProvideValue_ShouldNotSetTargetProperty_WhenItemIconSourcePropertyNameIsNotSet" />
    </UnitTest>
    <UnitTest name="ReadXml_ShouldLogMessage_WhenObjectIdAttributeIsPresentButNotAnInteger" storage="d:\actions-runner\_work\xpco\xpco\allsolutions\..\mip\platformplugin\videoos.platform\unittest\bin\debug\net6.0-windows\videoos.platform.tests.dll" id="fdd1c789-d9b7-74e5-3e60-0cdd8a844a3b">
      <Execution id="81945eee-9e77-4d00-80f8-712dd01804fe" />
      <TestMethod codeBase="D:\actions-runner\_work\XPCO\XPCO\AllSolutions\..\MIP\PlatformPlugin\VideoOS.Platform\unittest\bin\Debug\net6.0-windows\VideoOS.Platform.Tests.dll" adapterTypeName="executor://mstestadapter/v2" className="VideoOS.Platform.Tests.Metadata.OnvifObjectTests" name="ReadXml_ShouldLogMessage_WhenObjectIdAttributeIsPresentButNotAnInteger" />
    </UnitTest>
    <UnitTest name="ReadAppearanceExtensionXml_ShouldReadBoundingBoxLineThickness_WhenBoundingBoxLineThicknessIsPresent" storage="d:\actions-runner\_work\xpco\xpco\allsolutions\..\mip\platformplugin\videoos.platform\unittest\bin\debug\net6.0-windows\videoos.platform.tests.dll" id="15cecd1c-3b58-a036-2736-cf341db03f0a">
      <Execution id="4d3e2dc4-51be-4171-875e-a0e0102dd060" />
      <TestMethod codeBase="D:\actions-runner\_work\XPCO\XPCO\AllSolutions\..\MIP\PlatformPlugin\VideoOS.Platform\unittest\bin\Debug\net6.0-windows\VideoOS.Platform.Tests.dll" adapterTypeName="executor://mstestadapter/v2" className="VideoOS.Platform.Tests.Metadata.RectangleTests" name="ReadAppearanceExtensionXml_ShouldReadBoundingBoxLineThickness_WhenBoundingBoxLineThicknessIsPresent" />
    </UnitTest>
    <UnitTest name="MD5Hex32_ShouldThrowArgumentNullException_WhenInputIsNull" storage="d:\actions-runner\_work\xpco\xpco\allsolutions\..\mip\platformplugin\videoos.platform\unittest\bin\debug\net6.0-windows\videoos.platform.tests.dll" id="1482937b-f549-7dda-39ff-c1d0353b5bf2">
      <Execution id="6a6a04d1-61b6-441e-86d6-96f647de7193" />
      <TestMethod codeBase="D:\actions-runner\_work\XPCO\XPCO\AllSolutions\..\MIP\PlatformPlugin\VideoOS.Platform\unittest\bin\Debug\net6.0-windows\VideoOS.Platform.Tests.dll" adapterTypeName="executor://mstestadapter/v2" className="VideoOS.Platform.Tests.Data.MediaProviderInternal.UtilityTests" name="MD5Hex32_ShouldThrowArgumentNullException_WhenInputIsNull" />
    </UnitTest>
    <UnitTest name="ReadyToCloseEvent_AutoSelect_Thrown" storage="d:\actions-runner\_work\xpco\xpco\allsolutions\..\mip\platformplugin\videoos.platform\unittest\bin\debug\net6.0-windows\videoos.platform.tests.dll" id="943fddae-0057-44db-535a-5540de1410f4">
      <Execution id="765e5ffa-0310-47fd-837f-d9f5a72315c8" />
      <TestMethod codeBase="D:\actions-runner\_work\XPCO\XPCO\AllSolutions\..\MIP\PlatformPlugin\VideoOS.Platform\unittest\bin\Debug\net6.0-windows\VideoOS.Platform.Tests.dll" adapterTypeName="executor://mstestadapter/v2" className="VideoOS.Platform.Tests.UI.ItemPicker.ItemPickerWindowViewModelTest" name="ReadyToCloseEvent_AutoSelect_Thrown" />
    </UnitTest>
    <UnitTest name="WriteAppearanceExtenstionXml_ShouldWriteAllExtensions_WhenAllArePresent" storage="d:\actions-runner\_work\xpco\xpco\allsolutions\..\mip\platformplugin\videoos.platform\unittest\bin\debug\net6.0-windows\videoos.platform.tests.dll" id="fcaf83e0-32f7-634e-130d-abc796d2af06">
      <Execution id="257bf2bd-7cae-4fce-8db4-657294a20b83" />
      <TestMethod codeBase="D:\actions-runner\_work\XPCO\XPCO\AllSolutions\..\MIP\PlatformPlugin\VideoOS.Platform\unittest\bin\Debug\net6.0-windows\VideoOS.Platform.Tests.dll" adapterTypeName="executor://mstestadapter/v2" className="VideoOS.Platform.Tests.Metadata.RectangleTests" name="WriteAppearanceExtenstionXml_ShouldWriteAllExtensions_WhenAllArePresent" />
    </UnitTest>
    <UnitTest name="ToString_Check" storage="d:\actions-runner\_work\xpco\xpco\allsolutions\..\mip\platformplugin\videoos.platform\unittest\bin\debug\net6.0-windows\videoos.platform.tests.dll" id="1612f291-790a-313d-a0d3-c41060967beb">
      <Execution id="1d8dd9ef-52c1-47f4-ad51-fc019180af5a" />
      <TestMethod codeBase="D:\actions-runner\_work\XPCO\XPCO\AllSolutions\..\MIP\PlatformPlugin\VideoOS.Platform\unittest\bin\Debug\net6.0-windows\VideoOS.Platform.Tests.dll" adapterTypeName="executor://mstestadapter/v2" className="VideoOS.Platform.Tests.FQIDtests" name="ToString_Check" />
    </UnitTest>
    <UnitTest name="Serialize_TestCases (TestParentTypeMatchInterfaceNotThisTypeMatchedProperty)" storage="d:\actions-runner\_work\xpco\xpco\allsolutions\..\mip\platformplugin\videoos.platform\unittest\bin\debug\net6.0-windows\videoos.platform.tests.dll" id="fa8bb00a-1c98-6705-265a-18f2594a72d7">
      <Execution id="837cb05d-1903-4e96-a25f-b19129bc84c3" />
      <TestMethod codeBase="D:\actions-runner\_work\XPCO\XPCO\AllSolutions\..\MIP\PlatformPlugin\VideoOS.Platform\unittest\bin\Debug\net6.0-windows\VideoOS.Platform.Tests.dll" adapterTypeName="executor://mstestadapter/v2" className="VideoOS.Platform.Tests.UI.Controls.Automation.Serialization.AutomationObjectSerializerTest" name="Serialize_TestCases" />
    </UnitTest>
    <UnitTest name="CountByItems_NotActivated_Missing" storage="d:\actions-runner\_work\xpco\xpco\allsolutions\..\mip\platformplugin\videoos.platform\unittest\bin\debug\net6.0-windows\videoos.platform.tests.dll" id="81f1f710-d694-68bf-2cd3-35ddc8a4ca3e">
      <Execution id="9be90b9c-195b-49d4-9fa8-49c14164965a" />
      <TestMethod codeBase="D:\actions-runner\_work\XPCO\XPCO\AllSolutions\..\MIP\PlatformPlugin\VideoOS.Platform\unittest\bin\Debug\net6.0-windows\VideoOS.Platform.Tests.dll" adapterTypeName="executor://mstestadapter/v2" className="VideoOS.Platform.Tests.License.ResolvedLicenseCountTest" name="CountByItems_NotActivated_Missing" />
    </UnitTest>
    <UnitTest name="IsValid_ShouldBeSetToFalse_WhenBoundingBoxIsMissing" storage="d:\actions-runner\_work\xpco\xpco\allsolutions\..\mip\platformplugin\videoos.platform\unittest\bin\debug\net6.0-windows\videoos.platform.tests.dll" id="c64e7bd8-cb07-f721-64bb-ea14df3c64c6">
      <Execution id="38349bdb-f56d-4008-93e5-e2e773c26b23" />
      <TestMethod codeBase="D:\actions-runner\_work\XPCO\XPCO\AllSolutions\..\MIP\PlatformPlugin\VideoOS.Platform\unittest\bin\Debug\net6.0-windows\VideoOS.Platform.Tests.dll" adapterTypeName="executor://mstestadapter/v2" className="VideoOS.Platform.Tests.Metadata.ShapeTests" name="IsValid_ShouldBeSetToFalse_WhenBoundingBoxIsMissing" />
    </UnitTest>
    <UnitTest name="GetPrevious_ShouldReturnNull_WhenCacheIsEmpty" storage="d:\actions-runner\_work\xpco\xpco\allsolutions\..\mip\platformplugin\videoos.platform\unittest\bin\debug\net6.0-windows\videoos.platform.tests.dll" id="c5df7b24-5576-61ff-2c2f-8ef0272c7cb0">
      <Execution id="fa994329-4b16-41d6-8ff7-dbd66a79b17e" />
      <TestMethod codeBase="D:\actions-runner\_work\XPCO\XPCO\AllSolutions\..\MIP\PlatformPlugin\VideoOS.Platform\unittest\bin\Debug\net6.0-windows\VideoOS.Platform.Tests.dll" adapterTypeName="executor://mstestadapter/v2" className="VideoOS.Platform.Tests.Data.MetadataCacheTests" name="GetPrevious_ShouldReturnNull_WhenCacheIsEmpty" />
    </UnitTest>
    <UnitTest name="Serialize_TestCases (TestParentTypeMatchStructThisTypeMatchedProperty)" storage="d:\actions-runner\_work\xpco\xpco\allsolutions\..\mip\platformplugin\videoos.platform\unittest\bin\debug\net6.0-windows\videoos.platform.tests.dll" id="c2905a1d-1252-686a-78d7-5b30c85db72f">
      <Execution id="2a4b12b6-7e87-4506-87e1-00a6f7b72fe9" />
      <TestMethod codeBase="D:\actions-runner\_work\XPCO\XPCO\AllSolutions\..\MIP\PlatformPlugin\VideoOS.Platform\unittest\bin\Debug\net6.0-windows\VideoOS.Platform.Tests.dll" adapterTypeName="executor://mstestadapter/v2" className="VideoOS.Platform.Tests.UI.Controls.Automation.Serialization.AutomationObjectSerializerTest" name="Serialize_TestCases" />
    </UnitTest>
    <UnitTest name="LastModified_ShouldReturnMinValue_WhenUnknownKind" storage="d:\actions-runner\_work\xpco\xpco\allsolutions\..\mip\platformplugin\videoos.platform\unittest\bin\debug\net6.0-windows\videoos.platform.tests.dll" id="c1d75516-b54b-45bf-488a-9e0ebd61f8c4">
      <Execution id="4050e5a7-093e-4d85-bbb1-5a9f3c6f5b8a" />
      <TestMethod codeBase="D:\actions-runner\_work\XPCO\XPCO\AllSolutions\..\MIP\PlatformPlugin\VideoOS.Platform\unittest\bin\Debug\net6.0-windows\VideoOS.Platform.Tests.dll" adapterTypeName="executor://mstestadapter/v2" className="VideoOS.Platform.Tests.Util.ConfigurationCacheTests" name="LastModified_ShouldReturnMinValue_WhenUnknownKind" />
    </UnitTest>
    <UnitTest name="WriteMetadataXml_ShouldThrowArgumentNullException_WhenStreamOutputIsNull" storage="d:\actions-runner\_work\xpco\xpco\allsolutions\..\mip\platformplugin\videoos.platform\unittest\bin\debug\net6.0-windows\videoos.platform.tests.dll" id="b39f81fe-858b-c57c-9083-cb47ce15de87">
      <Execution id="79762d98-da32-46dc-8d12-6532d93e1b1a" />
      <TestMethod codeBase="D:\actions-runner\_work\XPCO\XPCO\AllSolutions\..\MIP\PlatformPlugin\VideoOS.Platform\unittest\bin\Debug\net6.0-windows\VideoOS.Platform.Tests.dll" adapterTypeName="executor://mstestadapter/v2" className="VideoOS.Platform.Tests.Metadata.MetadataSerializerTests" name="WriteMetadataXml_ShouldThrowArgumentNullException_WhenStreamOutputIsNull" />
    </UnitTest>
    <UnitTest name="Contains_Not_Found" storage="d:\actions-runner\_work\xpco\xpco\allsolutions\..\mip\platformplugin\videoos.platform\unittest\bin\debug\net6.0-windows\videoos.platform.tests.dll" id="fa078946-dda0-6ffb-816c-44fe3d4e229d">
      <Execution id="acf47c29-07e8-45d6-bc86-127960bbeb02" />
      <TestMethod codeBase="D:\actions-runner\_work\XPCO\XPCO\AllSolutions\..\MIP\PlatformPlugin\VideoOS.Platform\unittest\bin\Debug\net6.0-windows\VideoOS.Platform.Tests.dll" adapterTypeName="executor://mstestadapter/v2" className="VideoOS.Platform.Tests.ItemTests" name="Contains_Not_Found" />
    </UnitTest>
    <UnitTest name="Peek_EmptyQueue_ReturnsNull" storage="d:\actions-runner\_work\xpco\xpco\allsolutions\..\mip\platformplugin\videoos.platform\unittest\bin\debug\net6.0-windows\videoos.platform.tests.dll" id="7e481df7-029e-9d77-33ba-d4462cdb83bc">
      <Execution id="10efe509-0edc-4b9a-b78c-1e0958e588c0" />
      <TestMethod codeBase="D:\actions-runner\_work\XPCO\XPCO\AllSolutions\..\MIP\PlatformPlugin\VideoOS.Platform\unittest\bin\Debug\net6.0-windows\VideoOS.Platform.Tests.dll" adapterTypeName="executor://mstestadapter/v2" className="VideoOS.Platform.Tests.Util.Queue.ConcurrentQueueSlimTests" name="Peek_EmptyQueue_ReturnsNull" />
    </UnitTest>
    <UnitTest name="Serialize_TestCases (TestParentTypeMatchEnumThisTypeNotMatched)" storage="d:\actions-runner\_work\xpco\xpco\allsolutions\..\mip\platformplugin\videoos.platform\unittest\bin\debug\net6.0-windows\videoos.platform.tests.dll" id="06fb238e-15e5-388c-77b1-ee96bcd9fd48">
      <Execution id="dbab5dfa-fb06-4487-bf4d-9bb85b03d292" />
      <TestMethod codeBase="D:\actions-runner\_work\XPCO\XPCO\AllSolutions\..\MIP\PlatformPlugin\VideoOS.Platform\unittest\bin\Debug\net6.0-windows\VideoOS.Platform.Tests.dll" adapterTypeName="executor://mstestadapter/v2" className="VideoOS.Platform.Tests.UI.Controls.Automation.Serialization.AutomationObjectSerializerTest" name="Serialize_TestCases" />
    </UnitTest>
    <UnitTest name="Serialize_TestCases (TestParentRecursiveTwoRecursiveElements)" storage="d:\actions-runner\_work\xpco\xpco\allsolutions\..\mip\platformplugin\videoos.platform\unittest\bin\debug\net6.0-windows\videoos.platform.tests.dll" id="f54a29ea-af6b-e415-7699-17daf9b39664">
      <Execution id="ef41bb5b-4277-4b7c-9e58-1d16d5158907" />
      <TestMethod codeBase="D:\actions-runner\_work\XPCO\XPCO\AllSolutions\..\MIP\PlatformPlugin\VideoOS.Platform\unittest\bin\Debug\net6.0-windows\VideoOS.Platform.Tests.dll" adapterTypeName="executor://mstestadapter/v2" className="VideoOS.Platform.Tests.UI.Controls.Automation.Serialization.AutomationObjectSerializerTest" name="Serialize_TestCases" />
    </UnitTest>
    <UnitTest name="ParseArgbString_ShouldThrowFormatException_WhenFormatIsIncorrect" storage="d:\actions-runner\_work\xpco\xpco\allsolutions\..\mip\platformplugin\videoos.platform\unittest\bin\debug\net6.0-windows\videoos.platform.tests.dll" id="9a98e390-44f3-131c-5fc0-966dedface8e">
      <Execution id="11c68f5a-74d3-47bc-a5ba-91a9fc34fd1d" />
      <TestMethod codeBase="D:\actions-runner\_work\XPCO\XPCO\AllSolutions\..\MIP\PlatformPlugin\VideoOS.Platform\unittest\bin\Debug\net6.0-windows\VideoOS.Platform.Tests.dll" adapterTypeName="executor://mstestadapter/v2" className="VideoOS.Platform.Tests.Metadata.DisplayColorTests" name="ParseArgbString_ShouldThrowFormatException_WhenFormatIsIncorrect" />
    </UnitTest>
    <UnitTest name="TestStartSearch_SortOrderSpecified_Success" storage="d:\actions-runner\_work\xpco\xpco\allsolutions\..\mip\platformplugin\videoos.platform\unittest\bin\debug\net6.0-windows\videoos.platform.tests.dll" id="13638f31-b7e4-af7e-235e-95a40f773cc3">
      <TestCategory>
        <TestCategoryItem TestCategory="Search" />
      </TestCategory>
      <Execution id="da5667fe-a3f9-44fc-b17b-569a790cabe1" />
      <TestMethod codeBase="D:\actions-runner\_work\XPCO\XPCO\AllSolutions\..\MIP\PlatformPlugin\VideoOS.Platform\unittest\bin\Debug\net6.0-windows\VideoOS.Platform.Tests.dll" adapterTypeName="executor://mstestadapter/v2" className="VideoOS.Platform.Tests.Search.SearchManagerTest" name="TestStartSearch_SortOrderSpecified_Success" />
    </UnitTest>
    <UnitTest name="GenerateTypeDefinintionParameters_ShouldWriteId_WhenAlways" storage="d:\actions-runner\_work\xpco\xpco\allsolutions\..\mip\platformplugin\videoos.platform\unittest\bin\debug\net6.0-windows\videoos.platform.tests.dll" id="ad10243a-5005-2c62-ef03-970547f7bc68">
      <Execution id="9ce89a7c-60f8-4fe8-b9f4-26d5d7baee35" />
      <TestMethod codeBase="D:\actions-runner\_work\XPCO\XPCO\AllSolutions\..\MIP\PlatformPlugin\VideoOS.Platform\unittest\bin\Debug\net6.0-windows\VideoOS.Platform.Tests.dll" adapterTypeName="executor://mstestadapter/v2" className="VideoOS.Platform.Tests.Data.MetadataTypeDefinitionTests" name="GenerateTypeDefinintionParameters_ShouldWriteId_WhenAlways" />
    </UnitTest>
    <UnitTest name="ReadXml_ShouldLogWarningTwiceWhenMoreThanOneMinuteBetweenWarnings_WhenBoundingBoxIsIncomplete" storage="d:\actions-runner\_work\xpco\xpco\allsolutions\..\mip\platformplugin\videoos.platform\unittest\bin\debug\net6.0-windows\videoos.platform.tests.dll" id="2813fb62-7764-a6ad-5950-42865213a523">
      <Execution id="1c336653-8363-411a-a059-b93e27af0ea8" />
      <TestMethod codeBase="D:\actions-runner\_work\XPCO\XPCO\AllSolutions\..\MIP\PlatformPlugin\VideoOS.Platform\unittest\bin\Debug\net6.0-windows\VideoOS.Platform.Tests.dll" adapterTypeName="executor://mstestadapter/v2" className="VideoOS.Platform.Tests.Metadata.ShapeTests" name="ReadXml_ShouldLogWarningTwiceWhenMoreThanOneMinuteBetweenWarnings_WhenBoundingBoxIsIncomplete" />
    </UnitTest>
    <UnitTest name="ReadXml_ShouldReadItalicAttribute_WhenPresent" storage="d:\actions-runner\_work\xpco\xpco\allsolutions\..\mip\platformplugin\videoos.platform\unittest\bin\debug\net6.0-windows\videoos.platform.tests.dll" id="805392f0-f3e7-2021-caac-8cfa4d85f84a">
      <Execution id="1f03ed82-0100-432a-aa4a-ed1925029163" />
      <TestMethod codeBase="D:\actions-runner\_work\XPCO\XPCO\AllSolutions\..\MIP\PlatformPlugin\VideoOS.Platform\unittest\bin\Debug\net6.0-windows\VideoOS.Platform.Tests.dll" adapterTypeName="executor://mstestadapter/v2" className="VideoOS.Platform.Tests.Metadata.DisplayTextTests" name="ReadXml_ShouldReadItalicAttribute_WhenPresent" />
    </UnitTest>
    <UnitTest name="GenerateDeviceParameters_ShouldOmitFps_WhenFpsIsZero" storage="d:\actions-runner\_work\xpco\xpco\allsolutions\..\mip\platformplugin\videoos.platform\unittest\bin\debug\net6.0-windows\videoos.platform.tests.dll" id="ae4a8750-d669-3823-272f-96fc0e4fc346">
      <Execution id="c9db9aaf-0745-4d78-9b41-1a673c9e238f" />
      <TestMethod codeBase="D:\actions-runner\_work\XPCO\XPCO\AllSolutions\..\MIP\PlatformPlugin\VideoOS.Platform\unittest\bin\Debug\net6.0-windows\VideoOS.Platform.Tests.dll" adapterTypeName="executor://mstestadapter/v2" className="VideoOS.Platform.Tests.Data.CameraDeviceDefinitionTests" name="GenerateDeviceParameters_ShouldOmitFps_WhenFpsIsZero" />
    </UnitTest>
    <UnitTest name="Serialize_TestCases (Verify root Bool property)" storage="d:\actions-runner\_work\xpco\xpco\allsolutions\..\mip\platformplugin\videoos.platform\unittest\bin\debug\net6.0-windows\videoos.platform.tests.dll" id="7d1d1f41-0e54-d040-359b-6620ce0f7c85">
      <Execution id="c8d7786b-143f-4b2c-a3f2-1be50e273e81" />
      <TestMethod codeBase="D:\actions-runner\_work\XPCO\XPCO\AllSolutions\..\MIP\PlatformPlugin\VideoOS.Platform\unittest\bin\Debug\net6.0-windows\VideoOS.Platform.Tests.dll" adapterTypeName="executor://mstestadapter/v2" className="VideoOS.Platform.Tests.UI.Controls.Automation.Serialization.AutomationObjectSerializerTest" name="Serialize_TestCases" />
    </UnitTest>
    <UnitTest name="Convert_SingleArgumentConverter_ShouldAllowNullValue_WhenArgumentIsReferenceType" storage="d:\actions-runner\_work\xpco\xpco\allsolutions\..\mip\platformplugin\videoos.platform\unittest\bin\debug\net6.0-windows\videoos.platform.tests.dll" id="43f214ef-30cf-ba92-5a64-f56ecf6591a8">
      <Execution id="592ef2fe-4819-4d41-9ed7-8f348a7c41f3" />
      <TestMethod codeBase="D:\actions-runner\_work\XPCO\XPCO\AllSolutions\..\MIP\PlatformPlugin\VideoOS.Platform\unittest\bin\Debug\net6.0-windows\VideoOS.Platform.Tests.dll" adapterTypeName="executor://mstestadapter/v2" className="VideoOS.Platform.Tests.UI.Converters.LambdaConverterTest" name="Convert_SingleArgumentConverter_ShouldAllowNullValue_WhenArgumentIsReferenceType" />
    </UnitTest>
    <UnitTest name="GenerateDeviceParameters_ShouldOmitQuality_WhenQualityIsZero" storage="d:\actions-runner\_work\xpco\xpco\allsolutions\..\mip\platformplugin\videoos.platform\unittest\bin\debug\net6.0-windows\videoos.platform.tests.dll" id="6494ab94-5c0c-369b-99ff-59bfdd03b59b">
      <Execution id="5e07def6-1158-49a7-8795-538b6c7611b7" />
      <TestMethod codeBase="D:\actions-runner\_work\XPCO\XPCO\AllSolutions\..\MIP\PlatformPlugin\VideoOS.Platform\unittest\bin\Debug\net6.0-windows\VideoOS.Platform.Tests.dll" adapterTypeName="executor://mstestadapter/v2" className="VideoOS.Platform.Tests.Data.CameraDeviceDefinitionTests" name="GenerateDeviceParameters_ShouldOmitQuality_WhenQualityIsZero" />
    </UnitTest>
    <UnitTest name="Equals_ShouldReturnTrue_WhenHostIsTextualLocalhostAndOtherHostIsDottedDecimalLocalHost" storage="d:\actions-runner\_work\xpco\xpco\allsolutions\..\mip\platformplugin\videoos.platform\unittest\bin\debug\net6.0-windows\videoos.platform.tests.dll" id="3f6286d5-3f69-a507-072d-04f3b3c184c5">
      <Execution id="b0cba0b5-ca0a-41b4-9d15-5636bb36eccd" />
      <TestMethod codeBase="D:\actions-runner\_work\XPCO\XPCO\AllSolutions\..\MIP\PlatformPlugin\VideoOS.Platform\unittest\bin\Debug\net6.0-windows\VideoOS.Platform.Tests.dll" adapterTypeName="executor://mstestadapter/v2" className="VideoOS.Platform.Tests.ServerIdTests" name="Equals_ShouldReturnTrue_WhenHostIsTextualLocalhostAndOtherHostIsDottedDecimalLocalHost" />
    </UnitTest>
    <UnitTest name="ReadXml_ShouldSetAllFieldsToNull_WhenElementIsEmpty" storage="d:\actions-runner\_work\xpco\xpco\allsolutions\..\mip\platformplugin\videoos.platform\unittest\bin\debug\net6.0-windows\videoos.platform.tests.dll" id="d3168116-f2b4-8d85-d69a-f47dbb1df0a3">
      <Execution id="389f5d1b-7242-4b7d-beca-8cd83a68c4b3" />
      <TestMethod codeBase="D:\actions-runner\_work\XPCO\XPCO\AllSolutions\..\MIP\PlatformPlugin\VideoOS.Platform\unittest\bin\Debug\net6.0-windows\VideoOS.Platform.Tests.dll" adapterTypeName="executor://mstestadapter/v2" className="VideoOS.Platform.Tests.Metadata.ShapeTests" name="ReadXml_ShouldSetAllFieldsToNull_WhenElementIsEmpty" />
    </UnitTest>
    <UnitTest name="Equals_IgnoreFolderType_Fail_OnServerIdNull" storage="d:\actions-runner\_work\xpco\xpco\allsolutions\..\mip\platformplugin\videoos.platform\unittest\bin\debug\net6.0-windows\videoos.platform.tests.dll" id="5ce9e10d-7d63-e829-dad3-2b21af48d9a3">
      <Execution id="30c7ea9a-bae7-49d7-82c2-d92dc815d220" />
      <TestMethod codeBase="D:\actions-runner\_work\XPCO\XPCO\AllSolutions\..\MIP\PlatformPlugin\VideoOS.Platform\unittest\bin\Debug\net6.0-windows\VideoOS.Platform.Tests.dll" adapterTypeName="executor://mstestadapter/v2" className="VideoOS.Platform.Tests.FQIDtests" name="Equals_IgnoreFolderType_Fail_OnServerIdNull" />
    </UnitTest>
    <UnitTest name="TestStartSearch_ReturningResults_Success" storage="d:\actions-runner\_work\xpco\xpco\allsolutions\..\mip\platformplugin\videoos.platform\unittest\bin\debug\net6.0-windows\videoos.platform.tests.dll" id="c1f74549-0e3d-e32b-3c71-cedfb9c5eef0">
      <TestCategory>
        <TestCategoryItem TestCategory="Search" />
      </TestCategory>
      <Execution id="deac3683-aa9f-48f0-828b-c3d528a83a2a" />
      <TestMethod codeBase="D:\actions-runner\_work\XPCO\XPCO\AllSolutions\..\MIP\PlatformPlugin\VideoOS.Platform\unittest\bin\Debug\net6.0-windows\VideoOS.Platform.Tests.dll" adapterTypeName="executor://mstestadapter/v2" className="VideoOS.Platform.Tests.Search.SearchManagerTest" name="TestStartSearch_ReturningResults_Success" />
    </UnitTest>
    <UnitTest name="ReadXml_ShouldLogWarning_WhenLikelihoodIsNotANumber" storage="d:\actions-runner\_work\xpco\xpco\allsolutions\..\mip\platformplugin\videoos.platform\unittest\bin\debug\net6.0-windows\videoos.platform.tests.dll" id="dccf2726-dfd0-7d43-4aa6-126f8354b46b">
      <Execution id="dc469c95-79e4-4af1-9256-4e45d02ac938" />
      <TestMethod codeBase="D:\actions-runner\_work\XPCO\XPCO\AllSolutions\..\MIP\PlatformPlugin\VideoOS.Platform\unittest\bin\Debug\net6.0-windows\VideoOS.Platform.Tests.dll" adapterTypeName="executor://mstestadapter/v2" className="VideoOS.Platform.Tests.Metadata.ClassCandidateTests" name="ReadXml_ShouldLogWarning_WhenLikelihoodIsNotANumber" />
    </UnitTest>
    <UnitTest name="ReadXml_ShouldIgnoreTransformation_WhenTransformationIsPresenWithWrongNamespace" storage="d:\actions-runner\_work\xpco\xpco\allsolutions\..\mip\platformplugin\videoos.platform\unittest\bin\debug\net6.0-windows\videoos.platform.tests.dll" id="f7581027-c1a4-443d-888a-b124436b90b1">
      <Execution id="fad8fdd3-c7f8-40b7-982c-e4a9448acb07" />
      <TestMethod codeBase="D:\actions-runner\_work\XPCO\XPCO\AllSolutions\..\MIP\PlatformPlugin\VideoOS.Platform\unittest\bin\Debug\net6.0-windows\VideoOS.Platform.Tests.dll" adapterTypeName="executor://mstestadapter/v2" className="VideoOS.Platform.Tests.Metadata.FrameTests" name="ReadXml_ShouldIgnoreTransformation_WhenTransformationIsPresenWithWrongNamespace" />
    </UnitTest>
    <UnitTest name="Peek_NonEmptyQueue_ReturnsItemButKeepsItInQueue" storage="d:\actions-runner\_work\xpco\xpco\allsolutions\..\mip\platformplugin\videoos.platform\unittest\bin\debug\net6.0-windows\videoos.platform.tests.dll" id="d7839ae1-9662-254a-edc4-21e217d972c9">
      <Execution id="417f7f42-b85c-484d-9953-da2718b4c7e8" />
      <TestMethod codeBase="D:\actions-runner\_work\XPCO\XPCO\AllSolutions\..\MIP\PlatformPlugin\VideoOS.Platform\unittest\bin\Debug\net6.0-windows\VideoOS.Platform.Tests.dll" adapterTypeName="executor://mstestadapter/v2" className="VideoOS.Platform.Tests.Util.Queue.ConcurrentQueueSlimTests" name="Peek_NonEmptyQueue_ReturnsItemButKeepsItInQueue" />
    </UnitTest>
    <UnitTest name="ReadXml_ShouldReadAllKnownElements_WhenMultipleElementsArePresent" storage="d:\actions-runner\_work\xpco\xpco\allsolutions\..\mip\platformplugin\videoos.platform\unittest\bin\debug\net6.0-windows\videoos.platform.tests.dll" id="6a35aa0d-9441-e9e5-f921-b7f637c9a652">
      <Execution id="4654d41e-b538-4715-a747-dbca64a5137e" />
      <TestMethod codeBase="D:\actions-runner\_work\XPCO\XPCO\AllSolutions\..\MIP\PlatformPlugin\VideoOS.Platform\unittest\bin\Debug\net6.0-windows\VideoOS.Platform.Tests.dll" adapterTypeName="executor://mstestadapter/v2" className="VideoOS.Platform.Tests.Metadata.NavigationalDataTests" name="ReadXml_ShouldReadAllKnownElements_WhenMultipleElementsArePresent" />
    </UnitTest>
    <UnitTest name="ReadXml_ShouldIgnoreUnknownChildren_WhenUnknownChildrenArePresent" storage="d:\actions-runner\_work\xpco\xpco\allsolutions\..\mip\platformplugin\videoos.platform\unittest\bin\debug\net6.0-windows\videoos.platform.tests.dll" id="67088a0d-c95d-ee41-8d3c-5924cd7e11e1">
      <Execution id="8227ae6d-1ce9-46d0-8a82-c33c63f1d9d1" />
      <TestMethod codeBase="D:\actions-runner\_work\XPCO\XPCO\AllSolutions\..\MIP\PlatformPlugin\VideoOS.Platform\unittest\bin\Debug\net6.0-windows\VideoOS.Platform.Tests.dll" adapterTypeName="executor://mstestadapter/v2" className="VideoOS.Platform.Tests.Metadata.TransformationTests" name="ReadXml_ShouldIgnoreUnknownChildren_WhenUnknownChildrenArePresent" />
    </UnitTest>
    <UnitTest name="Encrypt_ShouldReturnValueDifferentThanInput" storage="d:\actions-runner\_work\xpco\xpco\allsolutions\..\mip\platformplugin\videoos.platform\unittest\bin\debug\net6.0-windows\videoos.platform.tests.dll" id="737a55e3-02b4-11ec-a502-8f24217ffca3">
      <Execution id="22022710-d4a5-472b-b71f-eb543c150e10" />
      <TestMethod codeBase="D:\actions-runner\_work\XPCO\XPCO\AllSolutions\..\MIP\PlatformPlugin\VideoOS.Platform\unittest\bin\Debug\net6.0-windows\VideoOS.Platform.Tests.dll" adapterTypeName="executor://mstestadapter/v2" className="VideoOS.Platform.Tests.License.NonFipsLicenseCompatibilityHandlerTests" name="Encrypt_ShouldReturnValueDifferentThanInput" />
    </UnitTest>
    <UnitTest name="Serialize_TestCases (TestParentTypeMatchInterfaceNotThisTypeNotMatched)" storage="d:\actions-runner\_work\xpco\xpco\allsolutions\..\mip\platformplugin\videoos.platform\unittest\bin\debug\net6.0-windows\videoos.platform.tests.dll" id="7c94d89e-414e-9b49-035f-2b0ee891b6a0">
      <Execution id="44690ba9-2a8e-483e-a155-e6357671561a" />
      <TestMethod codeBase="D:\actions-runner\_work\XPCO\XPCO\AllSolutions\..\MIP\PlatformPlugin\VideoOS.Platform\unittest\bin\Debug\net6.0-windows\VideoOS.Platform.Tests.dll" adapterTypeName="executor://mstestadapter/v2" className="VideoOS.Platform.Tests.UI.Controls.Automation.Serialization.AutomationObjectSerializerTest" name="Serialize_TestCases" />
    </UnitTest>
    <UnitTest name="CountByItems_NotActivated_Trial" storage="d:\actions-runner\_work\xpco\xpco\allsolutions\..\mip\platformplugin\videoos.platform\unittest\bin\debug\net6.0-windows\videoos.platform.tests.dll" id="19b10478-a96f-f7e7-c2b8-f210ce21c3d4">
      <Execution id="aa9424a9-fc60-447d-a8b1-7370577d1ffe" />
      <TestMethod codeBase="D:\actions-runner\_work\XPCO\XPCO\AllSolutions\..\MIP\PlatformPlugin\VideoOS.Platform\unittest\bin\Debug\net6.0-windows\VideoOS.Platform.Tests.dll" adapterTypeName="executor://mstestadapter/v2" className="VideoOS.Platform.Tests.License.ResolvedLicenseCountTest" name="CountByItems_NotActivated_Trial" />
    </UnitTest>
    <UnitTest name="TestStartSearch_MultipleSearchDifferentDefinitions_Success" storage="d:\actions-runner\_work\xpco\xpco\allsolutions\..\mip\platformplugin\videoos.platform\unittest\bin\debug\net6.0-windows\videoos.platform.tests.dll" id="79018515-d745-dd30-fc15-5ab9418fb22e">
      <TestCategory>
        <TestCategoryItem TestCategory="Search" />
      </TestCategory>
      <Execution id="e0ec448a-c6ff-4c5b-82c9-c8cf399cef31" />
      <TestMethod codeBase="D:\actions-runner\_work\XPCO\XPCO\AllSolutions\..\MIP\PlatformPlugin\VideoOS.Platform\unittest\bin\Debug\net6.0-windows\VideoOS.Platform.Tests.dll" adapterTypeName="executor://mstestadapter/v2" className="VideoOS.Platform.Tests.Search.SearchManagerTest" name="TestStartSearch_MultipleSearchDifferentDefinitions_Success" />
    </UnitTest>
    <UnitTest name="Serialize_TestCases (Verify root String (null) property get property value)" storage="d:\actions-runner\_work\xpco\xpco\allsolutions\..\mip\platformplugin\videoos.platform\unittest\bin\debug\net6.0-windows\videoos.platform.tests.dll" id="c3507766-2bd3-10ca-b445-c0f89ddb4b4f">
      <Execution id="48a4fad0-0639-4efd-8ba1-26f50395ed0c" />
      <TestMethod codeBase="D:\actions-runner\_work\XPCO\XPCO\AllSolutions\..\MIP\PlatformPlugin\VideoOS.Platform\unittest\bin\Debug\net6.0-windows\VideoOS.Platform.Tests.dll" adapterTypeName="executor://mstestadapter/v2" className="VideoOS.Platform.Tests.UI.Controls.Automation.Serialization.AutomationObjectSerializerTest" name="Serialize_TestCases" />
    </UnitTest>
    <UnitTest name="Dequeue_QueueStopping_Success" storage="d:\actions-runner\_work\xpco\xpco\allsolutions\..\mip\platformplugin\videoos.platform\unittest\bin\debug\net6.0-windows\videoos.platform.tests.dll" id="b2a7a04f-f1f1-7276-152d-8d2269ca96a4">
      <Execution id="d1e41424-e58d-481f-92a1-f79878d1de24" />
      <TestMethod codeBase="D:\actions-runner\_work\XPCO\XPCO\AllSolutions\..\MIP\PlatformPlugin\VideoOS.Platform\unittest\bin\Debug\net6.0-windows\VideoOS.Platform.Tests.dll" adapterTypeName="executor://mstestadapter/v2" className="VideoOS.Platform.Tests.Util.Queue.ConcurrentQueueSlimTests" name="Dequeue_QueueStopping_Success" />
    </UnitTest>
    <UnitTest name="ReadXml_ShouldLogWarning_WhenIncompleteTranslateIsPresent" storage="d:\actions-runner\_work\xpco\xpco\allsolutions\..\mip\platformplugin\videoos.platform\unittest\bin\debug\net6.0-windows\videoos.platform.tests.dll" id="5c70b94c-c2ae-ec2f-8c4d-56b452bbdede">
      <Execution id="a5523bf9-cf7c-4ebd-b574-a53b22dd0f62" />
      <TestMethod codeBase="D:\actions-runner\_work\XPCO\XPCO\AllSolutions\..\MIP\PlatformPlugin\VideoOS.Platform\unittest\bin\Debug\net6.0-windows\VideoOS.Platform.Tests.dll" adapterTypeName="executor://mstestadapter/v2" className="VideoOS.Platform.Tests.Metadata.TransformationTests" name="ReadXml_ShouldLogWarning_WhenIncompleteTranslateIsPresent" />
    </UnitTest>
    <UnitTest name="CountByCounter_Activated_Trial_Missing" storage="d:\actions-runner\_work\xpco\xpco\allsolutions\..\mip\platformplugin\videoos.platform\unittest\bin\debug\net6.0-windows\videoos.platform.tests.dll" id="c05a4d86-1b95-1726-01bd-7b1791261baa">
      <Execution id="2161dc6e-7a17-4498-ad11-33fae3b9aadb" />
      <TestMethod codeBase="D:\actions-runner\_work\XPCO\XPCO\AllSolutions\..\MIP\PlatformPlugin\VideoOS.Platform\unittest\bin\Debug\net6.0-windows\VideoOS.Platform.Tests.dll" adapterTypeName="executor://mstestadapter/v2" className="VideoOS.Platform.Tests.License.ResolvedLicenseCountTest" name="CountByCounter_Activated_Trial_Missing" />
    </UnitTest>
    <UnitTest name="Encrypt_ShouldThrowMIPException_WhenCalledOnFIPSEnabledMachine" storage="d:\actions-runner\_work\xpco\xpco\allsolutions\..\mip\platformplugin\videoos.platform\unittest\bin\debug\net6.0-windows\videoos.platform.tests.dll" id="ba355757-a36a-54bb-5c59-d6e115aeace8">
      <Execution id="8a44e8d3-99ef-45b4-b432-c5d26112bc80" />
      <TestMethod codeBase="D:\actions-runner\_work\XPCO\XPCO\AllSolutions\..\MIP\PlatformPlugin\VideoOS.Platform\unittest\bin\Debug\net6.0-windows\VideoOS.Platform.Tests.dll" adapterTypeName="executor://mstestadapter/v2" className="VideoOS.Platform.Tests.License.NonFipsLicenseCompatibilityHandlerTests" name="Encrypt_ShouldThrowMIPException_WhenCalledOnFIPSEnabledMachine" />
    </UnitTest>
    <UnitTest name="CreateSearchFilterEditControl_SinglePluginMultipleUserControlsPlugins_Success" storage="d:\actions-runner\_work\xpco\xpco\allsolutions\..\mip\platformplugin\videoos.platform\unittest\bin\debug\net6.0-windows\videoos.platform.tests.dll" id="64385f08-1561-0f65-f649-9eea3016a34f">
      <TestCategory>
        <TestCategoryItem TestCategory="Search" />
      </TestCategory>
      <Execution id="77ac0ab7-761f-4716-a4ed-9cbc969f6ecf" />
      <TestMethod codeBase="D:\actions-runner\_work\XPCO\XPCO\AllSolutions\..\MIP\PlatformPlugin\VideoOS.Platform\unittest\bin\Debug\net6.0-windows\VideoOS.Platform.Tests.dll" adapterTypeName="executor://mstestadapter/v2" className="VideoOS.Platform.Tests.Search.SearchUserControlResolverTest" name="CreateSearchFilterEditControl_SinglePluginMultipleUserControlsPlugins_Success" />
    </UnitTest>
    <UnitTest name="ParseMetadataXmlWithString_ShouldReturnRootElement_WhenXmlContainsCorrectRootElement" storage="d:\actions-runner\_work\xpco\xpco\allsolutions\..\mip\platformplugin\videoos.platform\unittest\bin\debug\net6.0-windows\videoos.platform.tests.dll" id="58acdb8f-084b-2e15-dc3a-9f779a1645ce">
      <Execution id="0e69ec68-5327-49d9-8c98-82e3b582fc6e" />
      <TestMethod codeBase="D:\actions-runner\_work\XPCO\XPCO\AllSolutions\..\MIP\PlatformPlugin\VideoOS.Platform\unittest\bin\Debug\net6.0-windows\VideoOS.Platform.Tests.dll" adapterTypeName="executor://mstestadapter/v2" className="VideoOS.Platform.Tests.Metadata.MetadataDeserializerTests" name="ParseMetadataXmlWithString_ShouldReturnRootElement_WhenXmlContainsCorrectRootElement" />
    </UnitTest>
    <UnitTest name="OverlapsWith_ShouldReturnTrue_WhenArgumenStartTimeIsAfterStartTimeAndBeforeEndTime" storage="d:\actions-runner\_work\xpco\xpco\allsolutions\..\mip\platformplugin\videoos.platform\unittest\bin\debug\net6.0-windows\videoos.platform.tests.dll" id="aa00ee56-82a4-f12d-65e7-778cc997807f">
      <Execution id="7890414a-a1cf-46ad-818c-5fbf7c82448c" />
      <TestMethod codeBase="D:\actions-runner\_work\XPCO\XPCO\AllSolutions\..\MIP\PlatformPlugin\VideoOS.Platform\unittest\bin\Debug\net6.0-windows\VideoOS.Platform.Tests.dll" adapterTypeName="executor://mstestadapter/v2" className="VideoOS.Platform.Tests.Util.TimeIntervalTests" name="OverlapsWith_ShouldReturnTrue_WhenArgumenStartTimeIsAfterStartTimeAndBeforeEndTime" />
    </UnitTest>
    <UnitTest name="WriteXml_ShouldWriteAllFrames_WhenThereAreMultipleFramesPresent" storage="d:\actions-runner\_work\xpco\xpco\allsolutions\..\mip\platformplugin\videoos.platform\unittest\bin\debug\net6.0-windows\videoos.platform.tests.dll" id="25843545-ef80-11aa-4565-6026ffae4df6">
      <Execution id="0d00679e-1f45-484e-ab62-0e3a606d94ea" />
      <TestMethod codeBase="D:\actions-runner\_work\XPCO\XPCO\AllSolutions\..\MIP\PlatformPlugin\VideoOS.Platform\unittest\bin\Debug\net6.0-windows\VideoOS.Platform.Tests.dll" adapterTypeName="executor://mstestadapter/v2" className="VideoOS.Platform.Tests.Metadata.VideoAnalyticsTests" name="WriteXml_ShouldWriteAllFrames_WhenThereAreMultipleFramesPresent" />
    </UnitTest>
    <UnitTest name="ReadXml_ShouldLogWarning_WhenFrameDidNotReadUtcTime" storage="d:\actions-runner\_work\xpco\xpco\allsolutions\..\mip\platformplugin\videoos.platform\unittest\bin\debug\net6.0-windows\videoos.platform.tests.dll" id="702f283c-acf3-b66b-da58-6b428c67206f">
      <Execution id="b0a5967b-6d89-4c47-ae4b-a5eb8c76e8cb" />
      <TestMethod codeBase="D:\actions-runner\_work\XPCO\XPCO\AllSolutions\..\MIP\PlatformPlugin\VideoOS.Platform\unittest\bin\Debug\net6.0-windows\VideoOS.Platform.Tests.dll" adapterTypeName="executor://mstestadapter/v2" className="VideoOS.Platform.Tests.Metadata.VideoAnalyticsTests" name="ReadXml_ShouldLogWarning_WhenFrameDidNotReadUtcTime" />
    </UnitTest>
    <UnitTest name="HasExtensionDataPresent_ShouldReturnTrue_WhenFillColorIsSet" storage="d:\actions-runner\_work\xpco\xpco\allsolutions\..\mip\platformplugin\videoos.platform\unittest\bin\debug\net6.0-windows\videoos.platform.tests.dll" id="8ff1a4be-4c7a-03eb-1e8d-280cdf27a49d">
      <Execution id="469cb1fc-7cd4-45f6-896b-ef24d025a24b" />
      <TestMethod codeBase="D:\actions-runner\_work\XPCO\XPCO\AllSolutions\..\MIP\PlatformPlugin\VideoOS.Platform\unittest\bin\Debug\net6.0-windows\VideoOS.Platform.Tests.dll" adapterTypeName="executor://mstestadapter/v2" className="VideoOS.Platform.Tests.Metadata.RectangleTests" name="HasExtensionDataPresent_ShouldReturnTrue_WhenFillColorIsSet" />
    </UnitTest>
    <UnitTest name="Serialize_TestCases (TestParentTypeMatchCollectionThisTypeMatchedProperty)" storage="d:\actions-runner\_work\xpco\xpco\allsolutions\..\mip\platformplugin\videoos.platform\unittest\bin\debug\net6.0-windows\videoos.platform.tests.dll" id="757dcbcf-6cb2-e01d-02fc-019e4a1d9936">
      <Execution id="6616dc05-50d5-41e0-b804-bf6a344894f9" />
      <TestMethod codeBase="D:\actions-runner\_work\XPCO\XPCO\AllSolutions\..\MIP\PlatformPlugin\VideoOS.Platform\unittest\bin\Debug\net6.0-windows\VideoOS.Platform.Tests.dll" adapterTypeName="executor://mstestadapter/v2" className="VideoOS.Platform.Tests.UI.Controls.Automation.Serialization.AutomationObjectSerializerTest" name="Serialize_TestCases" />
    </UnitTest>
    <UnitTest name="ReadXml_ShouldReadBoldAttribute_WhenPresent" storage="d:\actions-runner\_work\xpco\xpco\allsolutions\..\mip\platformplugin\videoos.platform\unittest\bin\debug\net6.0-windows\videoos.platform.tests.dll" id="d09566d1-6438-9687-6d98-ba12ffff4915">
      <Execution id="25890620-636c-4095-9eeb-b42a0bc17411" />
      <TestMethod codeBase="D:\actions-runner\_work\XPCO\XPCO\AllSolutions\..\MIP\PlatformPlugin\VideoOS.Platform\unittest\bin\Debug\net6.0-windows\VideoOS.Platform.Tests.dll" adapterTypeName="executor://mstestadapter/v2" className="VideoOS.Platform.Tests.Metadata.DisplayTextTests" name="ReadXml_ShouldReadBoldAttribute_WhenPresent" />
    </UnitTest>
    <UnitTest name="ServerIdWithHttps_Construct_Success" storage="d:\actions-runner\_work\xpco\xpco\allsolutions\..\mip\platformplugin\videoos.platform\unittest\bin\debug\net6.0-windows\videoos.platform.tests.dll" id="1f0a0407-7982-ddd0-173d-1b88aac6222d">
      <Execution id="c1b78b1a-1e31-4ebe-bc18-5238befb6bf1" />
      <TestMethod codeBase="D:\actions-runner\_work\XPCO\XPCO\AllSolutions\..\MIP\PlatformPlugin\VideoOS.Platform\unittest\bin\Debug\net6.0-windows\VideoOS.Platform.Tests.dll" adapterTypeName="executor://mstestadapter/v2" className="VideoOS.Platform.Tests.FQIDtests" name="ServerIdWithHttps_Construct_Success" />
    </UnitTest>
    <UnitTest name="CreateSearchFilterEditControl_SinglePlugin_Success" storage="d:\actions-runner\_work\xpco\xpco\allsolutions\..\mip\platformplugin\videoos.platform\unittest\bin\debug\net6.0-windows\videoos.platform.tests.dll" id="b44cc6a8-6a9a-fd12-3fec-c22280c5d52b">
      <TestCategory>
        <TestCategoryItem TestCategory="Search" />
      </TestCategory>
      <Execution id="89db991b-1236-42c1-b7f1-268e59e845a4" />
      <TestMethod codeBase="D:\actions-runner\_work\XPCO\XPCO\AllSolutions\..\MIP\PlatformPlugin\VideoOS.Platform\unittest\bin\Debug\net6.0-windows\VideoOS.Platform.Tests.dll" adapterTypeName="executor://mstestadapter/v2" className="VideoOS.Platform.Tests.Search.SearchUserControlResolverTest" name="CreateSearchFilterEditControl_SinglePlugin_Success" />
    </UnitTest>
    <UnitTest name="WriteXml_ShouldWriteframe_WhenThereIsOneFramePresent" storage="d:\actions-runner\_work\xpco\xpco\allsolutions\..\mip\platformplugin\videoos.platform\unittest\bin\debug\net6.0-windows\videoos.platform.tests.dll" id="d8308a27-6fbc-21d5-664d-c54e34f438da">
      <Execution id="449ab309-fc0e-4521-b31a-0ebb7d3aaca0" />
      <TestMethod codeBase="D:\actions-runner\_work\XPCO\XPCO\AllSolutions\..\MIP\PlatformPlugin\VideoOS.Platform\unittest\bin\Debug\net6.0-windows\VideoOS.Platform.Tests.dll" adapterTypeName="executor://mstestadapter/v2" className="VideoOS.Platform.Tests.Metadata.VideoAnalyticsTests" name="WriteXml_ShouldWriteframe_WhenThereIsOneFramePresent" />
    </UnitTest>
    <UnitTest name="WriteXml_ShouldWriteBoundingBoxElement_WhenBoundingBoxIsNotNull" storage="d:\actions-runner\_work\xpco\xpco\allsolutions\..\mip\platformplugin\videoos.platform\unittest\bin\debug\net6.0-windows\videoos.platform.tests.dll" id="935f282f-5819-0cbb-3d88-60d0430c3f25">
      <Execution id="50e1bcbf-7100-456d-9ebf-d05fe9e1c7c9" />
      <TestMethod codeBase="D:\actions-runner\_work\XPCO\XPCO\AllSolutions\..\MIP\PlatformPlugin\VideoOS.Platform\unittest\bin\Debug\net6.0-windows\VideoOS.Platform.Tests.dll" adapterTypeName="executor://mstestadapter/v2" className="VideoOS.Platform.Tests.Metadata.ShapeTests" name="WriteXml_ShouldWriteBoundingBoxElement_WhenBoundingBoxIsNotNull" />
    </UnitTest>
    <UnitTest name="GetMetadataStream_ShouldThrowXmlException_WhenByteArrayContainsInvalidXml" storage="d:\actions-runner\_work\xpco\xpco\allsolutions\..\mip\platformplugin\videoos.platform\unittest\bin\debug\net6.0-windows\videoos.platform.tests.dll" id="687e7059-e7b1-dddd-6cf1-c4b5cd5cad05">
      <Execution id="56b30dbd-07d1-4aeb-80e9-32e366b0cb1e" />
      <TestMethod codeBase="D:\actions-runner\_work\XPCO\XPCO\AllSolutions\..\MIP\PlatformPlugin\VideoOS.Platform\unittest\bin\Debug\net6.0-windows\VideoOS.Platform.Tests.dll" adapterTypeName="executor://mstestadapter/v2" className="VideoOS.Platform.Tests.Metadata.MetadataContentTests" name="GetMetadataStream_ShouldThrowXmlException_WhenByteArrayContainsInvalidXml" />
    </UnitTest>
    <UnitTest name="ReadyToCloseEvent_OkCommand_MultiSelect_Not_Thrown" storage="d:\actions-runner\_work\xpco\xpco\allsolutions\..\mip\platformplugin\videoos.platform\unittest\bin\debug\net6.0-windows\videoos.platform.tests.dll" id="94e89fbd-ee0e-4e65-a79e-fa57a63dcb34">
      <Execution id="723a3c70-8a59-4353-a20e-47302592999d" />
      <TestMethod codeBase="D:\actions-runner\_work\XPCO\XPCO\AllSolutions\..\MIP\PlatformPlugin\VideoOS.Platform\unittest\bin\Debug\net6.0-windows\VideoOS.Platform.Tests.dll" adapterTypeName="executor://mstestadapter/v2" className="VideoOS.Platform.Tests.UI.ItemPicker.ItemPickerWindowViewModelTest" name="ReadyToCloseEvent_OkCommand_MultiSelect_Not_Thrown" />
    </UnitTest>
    <UnitTest name="WriteXml_ShouldWriteIsIdleElement_WhenIsIdleIsTrue" storage="d:\actions-runner\_work\xpco\xpco\allsolutions\..\mip\platformplugin\videoos.platform\unittest\bin\debug\net6.0-windows\videoos.platform.tests.dll" id="3c09d4cb-f13e-d121-455f-42d4e3bd3224">
      <Execution id="201a039e-4eca-443c-b357-b5110f0818b1" />
      <TestMethod codeBase="D:\actions-runner\_work\XPCO\XPCO\AllSolutions\..\MIP\PlatformPlugin\VideoOS.Platform\unittest\bin\Debug\net6.0-windows\VideoOS.Platform.Tests.dll" adapterTypeName="executor://mstestadapter/v2" className="VideoOS.Platform.Tests.Metadata.BehaviourTests" name="WriteXml_ShouldWriteIsIdleElement_WhenIsIdleIsTrue" />
    </UnitTest>
    <UnitTest name="ReadXml_ShouldSetAllFieldsToDefaultValues_WhenElementIsEmpty" storage="d:\actions-runner\_work\xpco\xpco\allsolutions\..\mip\platformplugin\videoos.platform\unittest\bin\debug\net6.0-windows\videoos.platform.tests.dll" id="1bf83f76-33b3-45e4-acc8-af80bf4d763b">
      <Execution id="e46aaa7e-950a-4d3a-a85b-ac0c252a6f1d" />
      <TestMethod codeBase="D:\actions-runner\_work\XPCO\XPCO\AllSolutions\..\MIP\PlatformPlugin\VideoOS.Platform\unittest\bin\Debug\net6.0-windows\VideoOS.Platform.Tests.dll" adapterTypeName="executor://mstestadapter/v2" className="VideoOS.Platform.Tests.Metadata.FrameTests" name="ReadXml_ShouldSetAllFieldsToDefaultValues_WhenElementIsEmpty" />
    </UnitTest>
    <UnitTest name="GetPrevious_ShouldReturnSecondLastElement_WhenLastEntryCalledAndThereIsAPreviousEntry" storage="d:\actions-runner\_work\xpco\xpco\allsolutions\..\mip\platformplugin\videoos.platform\unittest\bin\debug\net6.0-windows\videoos.platform.tests.dll" id="41e8bbd6-3770-3db6-c9ec-9f2dfc487593">
      <Execution id="3b2d13ab-9f8c-4aea-852d-8640973c55d1" />
      <TestMethod codeBase="D:\actions-runner\_work\XPCO\XPCO\AllSolutions\..\MIP\PlatformPlugin\VideoOS.Platform\unittest\bin\Debug\net6.0-windows\VideoOS.Platform.Tests.dll" adapterTypeName="executor://mstestadapter/v2" className="VideoOS.Platform.Tests.Data.MetadataCacheTests" name="GetPrevious_ShouldReturnSecondLastElement_WhenLastEntryCalledAndThereIsAPreviousEntry" />
    </UnitTest>
    <UnitTest name="TryParseArgbString_ShouldReturnFalse_WhenStringIsContainsNotHexChars" storage="d:\actions-runner\_work\xpco\xpco\allsolutions\..\mip\platformplugin\videoos.platform\unittest\bin\debug\net6.0-windows\videoos.platform.tests.dll" id="5a6033d0-8674-1383-5d73-0621497569cb">
      <Execution id="cb97ae7d-e2fd-4a6a-ad69-751f3e900243" />
      <TestMethod codeBase="D:\actions-runner\_work\XPCO\XPCO\AllSolutions\..\MIP\PlatformPlugin\VideoOS.Platform\unittest\bin\Debug\net6.0-windows\VideoOS.Platform.Tests.dll" adapterTypeName="executor://mstestadapter/v2" className="VideoOS.Platform.Tests.Metadata.DisplayColorTests" name="TryParseArgbString_ShouldReturnFalse_WhenStringIsContainsNotHexChars" />
    </UnitTest>
    <UnitTest name="ReadyToCloseEvent_CancelCommand_MultiSelect_Thrown" storage="d:\actions-runner\_work\xpco\xpco\allsolutions\..\mip\platformplugin\videoos.platform\unittest\bin\debug\net6.0-windows\videoos.platform.tests.dll" id="159cae7e-f986-2bd9-0bdf-d56bffd649d4">
      <Execution id="ef1ea38b-e786-4460-9569-5d2ef9c0d900" />
      <TestMethod codeBase="D:\actions-runner\_work\XPCO\XPCO\AllSolutions\..\MIP\PlatformPlugin\VideoOS.Platform\unittest\bin\Debug\net6.0-windows\VideoOS.Platform.Tests.dll" adapterTypeName="executor://mstestadapter/v2" className="VideoOS.Platform.Tests.UI.ItemPicker.ItemPickerWindowViewModelTest" name="ReadyToCloseEvent_CancelCommand_MultiSelect_Thrown" />
    </UnitTest>
    <UnitTest name="ReadAppearanceExtensionXml_ShouldReadBoundingBoxFillColor_WhenBoundingBoxFillColorIsPresent" storage="d:\actions-runner\_work\xpco\xpco\allsolutions\..\mip\platformplugin\videoos.platform\unittest\bin\debug\net6.0-windows\videoos.platform.tests.dll" id="545d08a7-8d4d-0e52-621a-4acb7e985873">
      <Execution id="3122f059-f46b-473e-888b-43da3f78b977" />
      <TestMethod codeBase="D:\actions-runner\_work\XPCO\XPCO\AllSolutions\..\MIP\PlatformPlugin\VideoOS.Platform\unittest\bin\Debug\net6.0-windows\VideoOS.Platform.Tests.dll" adapterTypeName="executor://mstestadapter/v2" className="VideoOS.Platform.Tests.Metadata.RectangleTests" name="ReadAppearanceExtensionXml_ShouldReadBoundingBoxFillColor_WhenBoundingBoxFillColorIsPresent" />
    </UnitTest>
    <UnitTest name="GetIdFromPath_ShouldReturnEmptyString_WhenPathContainsEmptyId" storage="d:\actions-runner\_work\xpco\xpco\allsolutions\..\mip\platformplugin\videoos.platform\unittest\bin\debug\net6.0-windows\videoos.platform.tests.dll" id="f6984f1a-4523-b1ef-118a-5c1d7f7ca1aa">
      <Execution id="cdfc625c-4bbc-44da-9b50-488f499c33c6" />
      <TestMethod codeBase="D:\actions-runner\_work\XPCO\XPCO\AllSolutions\..\MIP\PlatformPlugin\VideoOS.Platform\unittest\bin\Debug\net6.0-windows\VideoOS.Platform.Tests.dll" adapterTypeName="executor://mstestadapter/v2" className="VideoOS.Platform.Tests.ConfigurationItems.FactoryTests" name="GetIdFromPath_ShouldReturnEmptyString_WhenPathContainsEmptyId" />
    </UnitTest>
    <UnitTest name="Ctor_TwoStandardFiltersAndTwoCustomFilters_Success" storage="d:\actions-runner\_work\xpco\xpco\allsolutions\..\mip\platformplugin\videoos.platform\unittest\bin\debug\net6.0-windows\videoos.platform.tests.dll" id="7a0dc36a-c1cd-21c8-9ba3-75ff2dea0cf7">
      <TestCategory>
        <TestCategoryItem TestCategory="Search" />
      </TestCategory>
      <Execution id="dbc2f397-7ff2-496f-8b76-2e1613647929" />
      <TestMethod codeBase="D:\actions-runner\_work\XPCO\XPCO\AllSolutions\..\MIP\PlatformPlugin\VideoOS.Platform\unittest\bin\Debug\net6.0-windows\VideoOS.Platform.Tests.dll" adapterTypeName="executor://mstestadapter/v2" className="VideoOS.Platform.Tests.Search.FilterCategories.VehicleSearchFilterCategoryTest" name="Ctor_TwoStandardFiltersAndTwoCustomFilters_Success" />
    </UnitTest>
    <UnitTest name="UnloadedEvent_ShouldRemoveProxyManager_WhenRaisedOnFrameworkElement" storage="d:\actions-runner\_work\xpco\xpco\allsolutions\..\mip\platformplugin\videoos.platform\unittest\bin\debug\net6.0-windows\videoos.platform.tests.dll" id="16f60887-7ce9-1170-b4ee-a149304874ee">
      <TestCategory>
        <TestCategoryItem TestCategory="EventsToCommandMappings" />
      </TestCategory>
      <Execution id="eaf46e7a-8b9a-4995-bd88-e457a04f7653" />
      <TestMethod codeBase="D:\actions-runner\_work\XPCO\XPCO\AllSolutions\..\MIP\PlatformPlugin\VideoOS.Platform\unittest\bin\Debug\net6.0-windows\VideoOS.Platform.Tests.dll" adapterTypeName="executor://mstestadapter/v2" className="VideoOS.Platform.Tests.UI.Commands.EventsToCommandMappingTest" name="UnloadedEvent_ShouldRemoveProxyManager_WhenRaisedOnFrameworkElement" />
    </UnitTest>
    <UnitTest name="EndTimeShouldReturnConstructorParameter" storage="d:\actions-runner\_work\xpco\xpco\allsolutions\..\mip\platformplugin\videoos.platform\unittest\bin\debug\net6.0-windows\videoos.platform.tests.dll" id="0138d714-b11a-1112-3975-544e9807700f">
      <Execution id="9c39867f-7a81-488a-ab5e-1f175ad53fc0" />
      <TestMethod codeBase="D:\actions-runner\_work\XPCO\XPCO\AllSolutions\..\MIP\PlatformPlugin\VideoOS.Platform\unittest\bin\Debug\net6.0-windows\VideoOS.Platform.Tests.dll" adapterTypeName="executor://mstestadapter/v2" className="VideoOS.Platform.Tests.Live.MetadataLiveContentTests" name="EndTimeShouldReturnConstructorParameter" />
    </UnitTest>
    <UnitTest name="OverlapsWith_ShouldReturnTrue_WhenArgumenEndTimeIsBeforeEndTimeAndAfterStartTime" storage="d:\actions-runner\_work\xpco\xpco\allsolutions\..\mip\platformplugin\videoos.platform\unittest\bin\debug\net6.0-windows\videoos.platform.tests.dll" id="115cf00c-004b-6d3a-9de0-103eb4fece2f">
      <Execution id="2a07978c-95fe-4e34-86a2-bcca4e4da782" />
      <TestMethod codeBase="D:\actions-runner\_work\XPCO\XPCO\AllSolutions\..\MIP\PlatformPlugin\VideoOS.Platform\unittest\bin\Debug\net6.0-windows\VideoOS.Platform.Tests.dll" adapterTypeName="executor://mstestadapter/v2" className="VideoOS.Platform.Tests.Util.TimeIntervalTests" name="OverlapsWith_ShouldReturnTrue_WhenArgumenEndTimeIsBeforeEndTimeAndAfterStartTime" />
    </UnitTest>
    <UnitTest name="ParameterConstruct3_FieldValues_Checked" storage="d:\actions-runner\_work\xpco\xpco\allsolutions\..\mip\platformplugin\videoos.platform\unittest\bin\debug\net6.0-windows\videoos.platform.tests.dll" id="15aede0d-e3f2-2cb3-b9cb-5b079f95b7e7">
      <Execution id="3468fbc5-f1fa-4596-8718-9bd876503672" />
      <TestMethod codeBase="D:\actions-runner\_work\XPCO\XPCO\AllSolutions\..\MIP\PlatformPlugin\VideoOS.Platform\unittest\bin\Debug\net6.0-windows\VideoOS.Platform.Tests.dll" adapterTypeName="executor://mstestadapter/v2" className="VideoOS.Platform.Tests.FQIDtests" name="ParameterConstruct3_FieldValues_Checked" />
    </UnitTest>
    <UnitTest name="SetEvents_ShouldNotAddProxyManager_WhenFrameworkElementIsNotLoaded" storage="d:\actions-runner\_work\xpco\xpco\allsolutions\..\mip\platformplugin\videoos.platform\unittest\bin\debug\net6.0-windows\videoos.platform.tests.dll" id="231eb201-5943-be12-8406-5e91b55ea0f9">
      <TestCategory>
        <TestCategoryItem TestCategory="EventsToCommandMappings" />
      </TestCategory>
      <Execution id="0c3b094b-88df-47d5-8419-e4032a26f96a" />
      <TestMethod codeBase="D:\actions-runner\_work\XPCO\XPCO\AllSolutions\..\MIP\PlatformPlugin\VideoOS.Platform\unittest\bin\Debug\net6.0-windows\VideoOS.Platform.Tests.dll" adapterTypeName="executor://mstestadapter/v2" className="VideoOS.Platform.Tests.UI.Commands.EventsToCommandMappingTest" name="SetEvents_ShouldNotAddProxyManager_WhenFrameworkElementIsNotLoaded" />
    </UnitTest>
    <UnitTest name="BuildShapeOverlayWidthHeightAlarm_ShouldReturnCorrectNumberOfShapes_WhenArgumentContainsObjectAndRule" storage="d:\actions-runner\_work\xpco\xpco\allsolutions\..\mip\platformplugin\videoos.platform\unittest\bin\debug\net6.0-windows\videoos.platform.tests.dll" id="1ce6e954-84ed-5a50-7c66-ce4fb6384d66">
      <Execution id="37e5aa7e-f37f-4b1d-8cb4-b0e7d1df14d6" />
      <TestMethod codeBase="D:\actions-runner\_work\XPCO\XPCO\AllSolutions\..\MIP\PlatformPlugin\VideoOS.Platform\unittest\bin\Debug\net6.0-windows\VideoOS.Platform.Tests.dll" adapterTypeName="executor://mstestadapter/v2" className="VideoOS.Platform.Tests.Util.AnalyticsOverlayBuilderTests" name="BuildShapeOverlayWidthHeightAlarm_ShouldReturnCorrectNumberOfShapes_WhenArgumentContainsObjectAndRule" />
    </UnitTest>
    <UnitTest name="Equals_ShouldHaveValueSemantics_WhenAlways" storage="d:\actions-runner\_work\xpco\xpco\allsolutions\..\mip\platformplugin\videoos.platform\unittest\bin\debug\net6.0-windows\videoos.platform.tests.dll" id="9cbeee60-77f5-68fc-bc08-e8da5217124f">
      <Execution id="b5f3c43b-a636-4036-8f8e-56f0a1622b1a" />
      <TestMethod codeBase="D:\actions-runner\_work\XPCO\XPCO\AllSolutions\..\MIP\PlatformPlugin\VideoOS.Platform\unittest\bin\Debug\net6.0-windows\VideoOS.Platform.Tests.dll" adapterTypeName="executor://mstestadapter/v2" className="VideoOS.Platform.Tests.Metadata.TransformationTests" name="Equals_ShouldHaveValueSemantics_WhenAlways" />
    </UnitTest>
    <UnitTest name="ReadXml_ShouldIgnoreChildren_WhenAlways" storage="d:\actions-runner\_work\xpco\xpco\allsolutions\..\mip\platformplugin\videoos.platform\unittest\bin\debug\net6.0-windows\videoos.platform.tests.dll" id="f500837b-0f36-671a-c44b-b00267ce6d42">
      <Execution id="039972ab-df55-454b-9920-309bffecdd5d" />
      <TestMethod codeBase="D:\actions-runner\_work\XPCO\XPCO\AllSolutions\..\MIP\PlatformPlugin\VideoOS.Platform\unittest\bin\Debug\net6.0-windows\VideoOS.Platform.Tests.dll" adapterTypeName="executor://mstestadapter/v2" className="VideoOS.Platform.Tests.Metadata.DisplayTextTests" name="ReadXml_ShouldIgnoreChildren_WhenAlways" />
    </UnitTest>
    <UnitTest name="ReadXml_ShouldReadBehaviourContents_WhenBehaviourIsPresent" storage="d:\actions-runner\_work\xpco\xpco\allsolutions\..\mip\platformplugin\videoos.platform\unittest\bin\debug\net6.0-windows\videoos.platform.tests.dll" id="e22757cf-80d8-f279-1c8a-feb5a05eb919">
      <Execution id="d92a404d-23fe-4973-8f50-55332ce22cd5" />
      <TestMethod codeBase="D:\actions-runner\_work\XPCO\XPCO\AllSolutions\..\MIP\PlatformPlugin\VideoOS.Platform\unittest\bin\Debug\net6.0-windows\VideoOS.Platform.Tests.dll" adapterTypeName="executor://mstestadapter/v2" className="VideoOS.Platform.Tests.Metadata.OnvifObjectTests" name="ReadXml_ShouldReadBehaviourContents_WhenBehaviourIsPresent" />
    </UnitTest>
    <UnitTest name="GetNearest_ShouldReturnNull_WhenTimestampIsBeforeFirstElement" storage="d:\actions-runner\_work\xpco\xpco\allsolutions\..\mip\platformplugin\videoos.platform\unittest\bin\debug\net6.0-windows\videoos.platform.tests.dll" id="c199ff76-2997-edbd-0462-ba7539f412d3">
      <Execution id="266f6d19-422b-4fb4-94f2-52d3f3fe9ddb" />
      <TestMethod codeBase="D:\actions-runner\_work\XPCO\XPCO\AllSolutions\..\MIP\PlatformPlugin\VideoOS.Platform\unittest\bin\Debug\net6.0-windows\VideoOS.Platform.Tests.dll" adapterTypeName="executor://mstestadapter/v2" className="VideoOS.Platform.Tests.Data.MetadataCacheTests" name="GetNearest_ShouldReturnNull_WhenTimestampIsBeforeFirstElement" />
    </UnitTest>
    <UnitTest name="BuildOverlayWidthHeightAnalyticsObjectListRuleList_ShouldReturnCorrectSizedBitmap" storage="d:\actions-runner\_work\xpco\xpco\allsolutions\..\mip\platformplugin\videoos.platform\unittest\bin\debug\net6.0-windows\videoos.platform.tests.dll" id="1d1959e4-073b-7c9d-77de-ed348a6f7141">
      <Execution id="bb6ac0fa-16e9-4425-b087-8a806512714a" />
      <TestMethod codeBase="D:\actions-runner\_work\XPCO\XPCO\AllSolutions\..\MIP\PlatformPlugin\VideoOS.Platform\unittest\bin\Debug\net6.0-windows\VideoOS.Platform.Tests.dll" adapterTypeName="executor://mstestadapter/v2" className="VideoOS.Platform.Tests.Util.AnalyticsOverlayBuilderTests" name="BuildOverlayWidthHeightAnalyticsObjectListRuleList_ShouldReturnCorrectSizedBitmap" />
    </UnitTest>
    <UnitTest name="Parse_blank" storage="d:\actions-runner\_work\xpco\xpco\allsolutions\..\mip\platformplugin\videoos.platform\unittest\bin\debug\net6.0-windows\videoos.platform.tests.dll" id="59316a3f-9716-d88f-df45-82d266fba22e">
      <Execution id="da4e8d77-b29c-4b69-aeb6-4a3f40282f32" />
      <TestMethod codeBase="D:\actions-runner\_work\XPCO\XPCO\AllSolutions\..\MIP\PlatformPlugin\VideoOS.Platform\unittest\bin\Debug\net6.0-windows\VideoOS.Platform.Tests.dll" adapterTypeName="executor://mstestadapter/v2" className="VideoOS.Platform.Tests.Proxy.RestApi.JsonReaderTests" name="Parse_blank" />
    </UnitTest>
    <UnitTest name="GenerateDeviceCapabilityParameters_ShouldWriteTypeAsData_WhenAlways" storage="d:\actions-runner\_work\xpco\xpco\allsolutions\..\mip\platformplugin\videoos.platform\unittest\bin\debug\net6.0-windows\videoos.platform.tests.dll" id="2da09afd-447a-1927-2e16-59b373bc893e">
      <Execution id="46f78455-fd6e-4dc4-af10-302af0d0cfa8" />
      <TestMethod codeBase="D:\actions-runner\_work\XPCO\XPCO\AllSolutions\..\MIP\PlatformPlugin\VideoOS.Platform\unittest\bin\Debug\net6.0-windows\VideoOS.Platform.Tests.dll" adapterTypeName="executor://mstestadapter/v2" className="VideoOS.Platform.Tests.Data.DataCapabilityTests" name="GenerateDeviceCapabilityParameters_ShouldWriteTypeAsData_WhenAlways" />
    </UnitTest>
    <UnitTest name="ServerIdWithHttpAsDefault_Construct_Success" storage="d:\actions-runner\_work\xpco\xpco\allsolutions\..\mip\platformplugin\videoos.platform\unittest\bin\debug\net6.0-windows\videoos.platform.tests.dll" id="1b922494-8fe6-7989-fdba-e8485055ed6f">
      <Execution id="8d52569a-d932-4da5-908c-9d96a53e4c8e" />
      <TestMethod codeBase="D:\actions-runner\_work\XPCO\XPCO\AllSolutions\..\MIP\PlatformPlugin\VideoOS.Platform\unittest\bin\Debug\net6.0-windows\VideoOS.Platform.Tests.dll" adapterTypeName="executor://mstestadapter/v2" className="VideoOS.Platform.Tests.FQIDtests" name="ServerIdWithHttpAsDefault_Construct_Success" />
    </UnitTest>
    <UnitTest name="Apply_ShouldDoNothing_WhenArgumentIsNull" storage="d:\actions-runner\_work\xpco\xpco\allsolutions\..\mip\platformplugin\videoos.platform\unittest\bin\debug\net6.0-windows\videoos.platform.tests.dll" id="9e5ec3f3-397a-9268-e64a-1a2655cbcab4">
      <Execution id="4b071f1a-3c05-4ab3-b3da-7d493f9c6669" />
      <TestMethod codeBase="D:\actions-runner\_work\XPCO\XPCO\AllSolutions\..\MIP\PlatformPlugin\VideoOS.Platform\unittest\bin\Debug\net6.0-windows\VideoOS.Platform.Tests.dll" adapterTypeName="executor://mstestadapter/v2" className="VideoOS.Platform.Tests.Metadata.DisplayTextTests" name="Apply_ShouldDoNothing_WhenArgumentIsNull" />
    </UnitTest>
    <UnitTest name="ReadXml_ShouldIgnoreScale_WhenScaleIsPresentWithWrongNamespace" storage="d:\actions-runner\_work\xpco\xpco\allsolutions\..\mip\platformplugin\videoos.platform\unittest\bin\debug\net6.0-windows\videoos.platform.tests.dll" id="db7e14ac-31b0-63ea-57a6-f0098c612aa0">
      <Execution id="a8cb1584-b311-4ddf-90cc-e62978eae0f0" />
      <TestMethod codeBase="D:\actions-runner\_work\XPCO\XPCO\AllSolutions\..\MIP\PlatformPlugin\VideoOS.Platform\unittest\bin\Debug\net6.0-windows\VideoOS.Platform.Tests.dll" adapterTypeName="executor://mstestadapter/v2" className="VideoOS.Platform.Tests.Metadata.TransformationTests" name="ReadXml_ShouldIgnoreScale_WhenScaleIsPresentWithWrongNamespace" />
    </UnitTest>
    <UnitTest name="Apply_ShouldMultiplScaleYCoordinatesToTopAndBottomAndScaleXCoordinatesToLeftAndRight_WhenScaleIsNotNull" storage="d:\actions-runner\_work\xpco\xpco\allsolutions\..\mip\platformplugin\videoos.platform\unittest\bin\debug\net6.0-windows\videoos.platform.tests.dll" id="4bb55630-8b3a-5b1a-80b5-da8fceb36d41">
      <Execution id="174e7b73-37b5-48fe-885d-7a20a3197935" />
      <TestMethod codeBase="D:\actions-runner\_work\XPCO\XPCO\AllSolutions\..\MIP\PlatformPlugin\VideoOS.Platform\unittest\bin\Debug\net6.0-windows\VideoOS.Platform.Tests.dll" adapterTypeName="executor://mstestadapter/v2" className="VideoOS.Platform.Tests.Metadata.RectangleTests" name="Apply_ShouldMultiplScaleYCoordinatesToTopAndBottomAndScaleXCoordinatesToLeftAndRight_WhenScaleIsNotNull" />
    </UnitTest>
    <UnitTest name="Serialize_TestCases (TestParentTypeMatchBoolNotThisTypeNotMatched)" storage="d:\actions-runner\_work\xpco\xpco\allsolutions\..\mip\platformplugin\videoos.platform\unittest\bin\debug\net6.0-windows\videoos.platform.tests.dll" id="5c39cc43-bcee-6b6c-03f0-db3e0a8029f7">
      <Execution id="0e680ed2-0f28-4cd6-b010-727741a14f44" />
      <TestMethod codeBase="D:\actions-runner\_work\XPCO\XPCO\AllSolutions\..\MIP\PlatformPlugin\VideoOS.Platform\unittest\bin\Debug\net6.0-windows\VideoOS.Platform.Tests.dll" adapterTypeName="executor://mstestadapter/v2" className="VideoOS.Platform.Tests.UI.Controls.Automation.Serialization.AutomationObjectSerializerTest" name="Serialize_TestCases" />
    </UnitTest>
    <UnitTest name="GetItem_Camera_Success" storage="d:\actions-runner\_work\xpco\xpco\allsolutions\..\mip\platformplugin\videoos.platform\unittest\bin\debug\net6.0-windows\videoos.platform.tests.dll" id="ad47bd46-9837-73d0-5609-780aff02d505">
      <Execution id="eebe8206-5403-4fac-a06d-a74e787e2e83" />
      <TestMethod codeBase="D:\actions-runner\_work\XPCO\XPCO\AllSolutions\..\MIP\PlatformPlugin\VideoOS.Platform\unittest\bin\Debug\net6.0-windows\VideoOS.Platform.Tests.dll" adapterTypeName="executor://mstestadapter/v2" className="VideoOS.Platform.Tests.Proxy.RestApi.RestApiClientDecoratorTests" name="GetItem_Camera_Success" />
    </UnitTest>
    <UnitTest name="Serialize_TestCases (Verify root Collection (null) property get property value)" storage="d:\actions-runner\_work\xpco\xpco\allsolutions\..\mip\platformplugin\videoos.platform\unittest\bin\debug\net6.0-windows\videoos.platform.tests.dll" id="cd7a6560-e302-692e-ccee-28a759be3533">
      <Execution id="84463a6b-7f44-4e19-bb1f-1457355f18ef" />
      <TestMethod codeBase="D:\actions-runner\_work\XPCO\XPCO\AllSolutions\..\MIP\PlatformPlugin\VideoOS.Platform\unittest\bin\Debug\net6.0-windows\VideoOS.Platform.Tests.dll" adapterTypeName="executor://mstestadapter/v2" className="VideoOS.Platform.Tests.UI.Controls.Automation.Serialization.AutomationObjectSerializerTest" name="Serialize_TestCases" />
    </UnitTest>
    <UnitTest name="GetHashType_ShouldReturnSHA256_WhenInputIsSHA256" storage="d:\actions-runner\_work\xpco\xpco\allsolutions\..\mip\platformplugin\videoos.platform\unittest\bin\debug\net6.0-windows\videoos.platform.tests.dll" id="2983b511-4ca5-aad7-7122-726ddf02d399">
      <Execution id="d9644922-66ac-4ca9-9582-c667c8e050bb" />
      <TestMethod codeBase="D:\actions-runner\_work\XPCO\XPCO\AllSolutions\..\MIP\PlatformPlugin\VideoOS.Platform\unittest\bin\Debug\net6.0-windows\VideoOS.Platform.Tests.dll" adapterTypeName="executor://mstestadapter/v2" className="VideoOS.Platform.Tests.Data.MediaProviderInternal.UtilityTests" name="GetHashType_ShouldReturnSHA256_WhenInputIsSHA256" />
    </UnitTest>
    <UnitTest name="RemoveItem_AnalyticsEvent_Fail_Blank" storage="d:\actions-runner\_work\xpco\xpco\allsolutions\..\mip\platformplugin\videoos.platform\unittest\bin\debug\net6.0-windows\videoos.platform.tests.dll" id="fa0ba56c-3e83-3f1e-d41c-70bf0d206613">
      <Execution id="301e5e6c-03aa-4bd1-920e-e721f8fa26b6" />
      <TestMethod codeBase="D:\actions-runner\_work\XPCO\XPCO\AllSolutions\..\MIP\PlatformPlugin\VideoOS.Platform\unittest\bin\Debug\net6.0-windows\VideoOS.Platform.Tests.dll" adapterTypeName="executor://mstestadapter/v2" className="VideoOS.Platform.Tests.Proxy.RestApi.RestApiClientDecoratorTests" name="RemoveItem_AnalyticsEvent_Fail_Blank" />
    </UnitTest>
    <UnitTest name="CountByItems_Activated_Trial_Grace_Missing" storage="d:\actions-runner\_work\xpco\xpco\allsolutions\..\mip\platformplugin\videoos.platform\unittest\bin\debug\net6.0-windows\videoos.platform.tests.dll" id="5e058ca8-2071-8aca-94cf-089b17b5ab0d">
      <Execution id="6eacc927-c14d-4ea5-acaf-237aabdb5abb" />
      <TestMethod codeBase="D:\actions-runner\_work\XPCO\XPCO\AllSolutions\..\MIP\PlatformPlugin\VideoOS.Platform\unittest\bin\Debug\net6.0-windows\VideoOS.Platform.Tests.dll" adapterTypeName="executor://mstestadapter/v2" className="VideoOS.Platform.Tests.License.ResolvedLicenseCountTest" name="CountByItems_Activated_Trial_Grace_Missing" />
    </UnitTest>
    <UnitTest name="MD5Hex32_ShouldReturnMD5Hash_WhenInputIsEmpty" storage="d:\actions-runner\_work\xpco\xpco\allsolutions\..\mip\platformplugin\videoos.platform\unittest\bin\debug\net6.0-windows\videoos.platform.tests.dll" id="3c77e52b-5dd8-dbae-4bf5-a2756b09e775">
      <Execution id="aa1b093e-4d14-4cbc-ad94-760f20d9f307" />
      <TestMethod codeBase="D:\actions-runner\_work\XPCO\XPCO\AllSolutions\..\MIP\PlatformPlugin\VideoOS.Platform\unittest\bin\Debug\net6.0-windows\VideoOS.Platform.Tests.dll" adapterTypeName="executor://mstestadapter/v2" className="VideoOS.Platform.Tests.Data.MediaProviderInternal.UtilityTests" name="MD5Hex32_ShouldReturnMD5Hash_WhenInputIsEmpty" />
    </UnitTest>
    <UnitTest name="CountByItems_NotActivatedButWithCounter_Missing" storage="d:\actions-runner\_work\xpco\xpco\allsolutions\..\mip\platformplugin\videoos.platform\unittest\bin\debug\net6.0-windows\videoos.platform.tests.dll" id="dadc7e5e-3e0c-da11-a65f-57361b774307">
      <Execution id="d8475d95-0a60-4c71-a4b1-a73fa44c32b4" />
      <TestMethod codeBase="D:\actions-runner\_work\XPCO\XPCO\AllSolutions\..\MIP\PlatformPlugin\VideoOS.Platform\unittest\bin\Debug\net6.0-windows\VideoOS.Platform.Tests.dll" adapterTypeName="executor://mstestadapter/v2" className="VideoOS.Platform.Tests.License.ResolvedLicenseCountTest" name="CountByItems_NotActivatedButWithCounter_Missing" />
    </UnitTest>
    <UnitTest name="ProvideValue_ShouldUseSharedContentTemplate_WhenContentTemplateIsSetOnDropDown" storage="d:\actions-runner\_work\xpco\xpco\allsolutions\..\mip\platformplugin\videoos.platform\unittest\bin\debug\net6.0-windows\videoos.platform.tests.dll" id="86d87531-58b0-c805-e0a3-bb2bb5312580">
      <TestCategory>
        <TestCategoryItem TestCategory="DropDowns" />
      </TestCategory>
      <Execution id="4bd72537-08af-477c-9f9a-d7b5430197bf" />
      <TestMethod codeBase="D:\actions-runner\_work\XPCO\XPCO\AllSolutions\..\MIP\PlatformPlugin\VideoOS.Platform\unittest\bin\Debug\net6.0-windows\VideoOS.Platform.Tests.dll" adapterTypeName="executor://mstestadapter/v2" className="VideoOS.Platform.Tests.UI.Controls.DropDowns.Internal.SelectedItemContentTemplateExtensionTest" name="ProvideValue_ShouldUseSharedContentTemplate_WhenContentTemplateIsSetOnDropDown" />
    </UnitTest>
    <UnitTest name="BuildShapeOverlayWidthHeightAlarm_ShouldReturnCorrectNumberOfShapes_WhenArgumentContainsNoObjectAndRule" storage="d:\actions-runner\_work\xpco\xpco\allsolutions\..\mip\platformplugin\videoos.platform\unittest\bin\debug\net6.0-windows\videoos.platform.tests.dll" id="275ba7bf-a42d-bd91-1c80-5f751e891033">
      <Execution id="ceb09e8b-9618-4620-9c02-61d0dce07cd9" />
      <TestMethod codeBase="D:\actions-runner\_work\XPCO\XPCO\AllSolutions\..\MIP\PlatformPlugin\VideoOS.Platform\unittest\bin\Debug\net6.0-windows\VideoOS.Platform.Tests.dll" adapterTypeName="executor://mstestadapter/v2" className="VideoOS.Platform.Tests.Util.AnalyticsOverlayBuilderTests" name="BuildShapeOverlayWidthHeightAlarm_ShouldReturnCorrectNumberOfShapes_WhenArgumentContainsNoObjectAndRule" />
    </UnitTest>
    <UnitTest name="MarkupExtension_ShouldChangeContentTemplate_WhenContentTemplateOnSelectedItemChanges" storage="d:\actions-runner\_work\xpco\xpco\allsolutions\..\mip\platformplugin\videoos.platform\unittest\bin\debug\net6.0-windows\videoos.platform.tests.dll" id="72564ee7-6904-9d2d-9a11-6e408d6771a9">
      <TestCategory>
        <TestCategoryItem TestCategory="DropDowns" />
      </TestCategory>
      <Execution id="c3b7882a-6dbf-4382-9fc0-3ae115f52e53" />
      <TestMethod codeBase="D:\actions-runner\_work\XPCO\XPCO\AllSolutions\..\MIP\PlatformPlugin\VideoOS.Platform\unittest\bin\Debug\net6.0-windows\VideoOS.Platform.Tests.dll" adapterTypeName="executor://mstestadapter/v2" className="VideoOS.Platform.Tests.UI.Controls.DropDowns.Internal.SelectedItemContentTemplateExtensionTest" name="MarkupExtension_ShouldChangeContentTemplate_WhenContentTemplateOnSelectedItemChanges" />
    </UnitTest>
    <UnitTest name="Append_Element_KeyValueInt" storage="d:\actions-runner\_work\xpco\xpco\allsolutions\..\mip\platformplugin\videoos.platform\unittest\bin\debug\net6.0-windows\videoos.platform.tests.dll" id="62e0da8f-3c56-f977-affd-e0b646a454d7">
      <Execution id="871d19a4-fd9e-4a9c-b70d-44e97165cccc" />
      <TestMethod codeBase="D:\actions-runner\_work\XPCO\XPCO\AllSolutions\..\MIP\PlatformPlugin\VideoOS.Platform\unittest\bin\Debug\net6.0-windows\VideoOS.Platform.Tests.dll" adapterTypeName="executor://mstestadapter/v2" className="VideoOS.Platform.Tests.Proxy.RestApi.JsonBuilderTests" name="Append_Element_KeyValueInt" />
    </UnitTest>
    <UnitTest name="Minimize_ShouldReturnThreeIntervals_WhenListContainsFiveOverLappingAndNonOverlappingIntervals" storage="d:\actions-runner\_work\xpco\xpco\allsolutions\..\mip\platformplugin\videoos.platform\unittest\bin\debug\net6.0-windows\videoos.platform.tests.dll" id="f10e91e5-2148-35b8-c1cd-83b0c57e538b">
      <Execution id="f39ec73b-0c39-4dc5-918d-0fd0431e8e29" />
      <TestMethod codeBase="D:\actions-runner\_work\XPCO\XPCO\AllSolutions\..\MIP\PlatformPlugin\VideoOS.Platform\unittest\bin\Debug\net6.0-windows\VideoOS.Platform.Tests.dll" adapterTypeName="executor://mstestadapter/v2" className="VideoOS.Platform.Tests.Util.TimeIntervalTests" name="Minimize_ShouldReturnThreeIntervals_WhenListContainsFiveOverLappingAndNonOverlappingIntervals" />
    </UnitTest>
    <UnitTest name="WriteXml_ShouldWriteYAttribute_WhenAlays" storage="d:\actions-runner\_work\xpco\xpco\allsolutions\..\mip\platformplugin\videoos.platform\unittest\bin\debug\net6.0-windows\videoos.platform.tests.dll" id="79d8cb70-402c-e7be-4d53-f2c05fb52d5e">
      <Execution id="a21b3196-0bb9-400f-b76c-6ead5dc94c9a" />
      <TestMethod codeBase="D:\actions-runner\_work\XPCO\XPCO\AllSolutions\..\MIP\PlatformPlugin\VideoOS.Platform\unittest\bin\Debug\net6.0-windows\VideoOS.Platform.Tests.dll" adapterTypeName="executor://mstestadapter/v2" className="VideoOS.Platform.Tests.Metadata.VectorTests" name="WriteXml_ShouldWriteYAttribute_WhenAlays" />
    </UnitTest>
    <UnitTest name="VideoAnalytics_ShouldReturnEmptyList_WhenVideoAnalyticsHasNotBeenSet" storage="d:\actions-runner\_work\xpco\xpco\allsolutions\..\mip\platformplugin\videoos.platform\unittest\bin\debug\net6.0-windows\videoos.platform.tests.dll" id="f9a09191-b933-2d00-0d6e-2a80901374f0">
      <Execution id="cbc9fc2e-f8e5-4947-b7ab-b336f80b109d" />
      <TestMethod codeBase="D:\actions-runner\_work\XPCO\XPCO\AllSolutions\..\MIP\PlatformPlugin\VideoOS.Platform\unittest\bin\Debug\net6.0-windows\VideoOS.Platform.Tests.dll" adapterTypeName="executor://mstestadapter/v2" className="VideoOS.Platform.Tests.Metadata.MetadataStreamTests" name="VideoAnalytics_ShouldReturnEmptyList_WhenVideoAnalyticsHasNotBeenSet" />
    </UnitTest>
    <UnitTest name="TestStartSearch_MultipleSearchesOnSameDefinition_Success" storage="d:\actions-runner\_work\xpco\xpco\allsolutions\..\mip\platformplugin\videoos.platform\unittest\bin\debug\net6.0-windows\videoos.platform.tests.dll" id="01189ec3-4c33-3643-ad1a-50e739d11dfb">
      <TestCategory>
        <TestCategoryItem TestCategory="Search" />
      </TestCategory>
      <Execution id="95d76b15-c0f3-4380-90f2-e0c0615fae8b" />
      <TestMethod codeBase="D:\actions-runner\_work\XPCO\XPCO\AllSolutions\..\MIP\PlatformPlugin\VideoOS.Platform\unittest\bin\Debug\net6.0-windows\VideoOS.Platform.Tests.dll" adapterTypeName="executor://mstestadapter/v2" className="VideoOS.Platform.Tests.Search.SearchManagerTest" name="TestStartSearch_MultipleSearchesOnSameDefinition_Success" />
    </UnitTest>
    <UnitTest name="ReadXml_ShouldReadType_WhenCorrectTypeIsPresent" storage="d:\actions-runner\_work\xpco\xpco\allsolutions\..\mip\platformplugin\videoos.platform\unittest\bin\debug\net6.0-windows\videoos.platform.tests.dll" id="11a66fc8-e44f-e614-4b59-2054ed6010ca">
      <Execution id="c59649bf-fb42-4b1f-8bae-925905f2bb7d" />
      <TestMethod codeBase="D:\actions-runner\_work\XPCO\XPCO\AllSolutions\..\MIP\PlatformPlugin\VideoOS.Platform\unittest\bin\Debug\net6.0-windows\VideoOS.Platform.Tests.dll" adapterTypeName="executor://mstestadapter/v2" className="VideoOS.Platform.Tests.Metadata.ClassCandidateTests" name="ReadXml_ShouldReadType_WhenCorrectTypeIsPresent" />
    </UnitTest>
    <UnitTest name="ReadXml_ShouldLogWarningOnlyOnceWithinOneMinute_WhenElementErrorsAreDetected" storage="d:\actions-runner\_work\xpco\xpco\allsolutions\..\mip\platformplugin\videoos.platform\unittest\bin\debug\net6.0-windows\videoos.platform.tests.dll" id="e2323074-11c2-8296-7476-af3cef44bb34">
      <Execution id="49ed8ed1-ac49-49e3-bbd5-182bac89962d" />
      <TestMethod codeBase="D:\actions-runner\_work\XPCO\XPCO\AllSolutions\..\MIP\PlatformPlugin\VideoOS.Platform\unittest\bin\Debug\net6.0-windows\VideoOS.Platform.Tests.dll" adapterTypeName="executor://mstestadapter/v2" className="VideoOS.Platform.Tests.Metadata.ClassCandidateTests" name="ReadXml_ShouldLogWarningOnlyOnceWithinOneMinute_WhenElementErrorsAreDetected" />
    </UnitTest>
    <UnitTest name="BuildOverlayWidthHeightBaseEvent_ShouldReturnCorrectSizedBitmap_WhenArgumentIsEventData" storage="d:\actions-runner\_work\xpco\xpco\allsolutions\..\mip\platformplugin\videoos.platform\unittest\bin\debug\net6.0-windows\videoos.platform.tests.dll" id="8f38f84f-ef7b-c71d-fc5d-8932529a4a0f">
      <Execution id="92edb4d4-610f-4583-b896-bfaefae772b5" />
      <TestMethod codeBase="D:\actions-runner\_work\XPCO\XPCO\AllSolutions\..\MIP\PlatformPlugin\VideoOS.Platform\unittest\bin\Debug\net6.0-windows\VideoOS.Platform.Tests.dll" adapterTypeName="executor://mstestadapter/v2" className="VideoOS.Platform.Tests.Util.AnalyticsOverlayBuilderTests" name="BuildOverlayWidthHeightBaseEvent_ShouldReturnCorrectSizedBitmap_WhenArgumentIsEventData" />
    </UnitTest>
    <UnitTest name="Items_NullChildItem_ItemNotShown" storage="d:\actions-runner\_work\xpco\xpco\allsolutions\..\mip\platformplugin\videoos.platform\unittest\bin\debug\net6.0-windows\videoos.platform.tests.dll" id="1527d9bd-270b-3515-ebaa-bce4928c6e69">
      <Execution id="ebaa1a1c-9ef1-4fdc-af3c-d5df4d3fedea" />
      <TestMethod codeBase="D:\actions-runner\_work\XPCO\XPCO\AllSolutions\..\MIP\PlatformPlugin\VideoOS.Platform\unittest\bin\Debug\net6.0-windows\VideoOS.Platform.Tests.dll" adapterTypeName="executor://mstestadapter/v2" className="VideoOS.Platform.Tests.UI.ItemPicker.PopulateThreadTest" name="Items_NullChildItem_ItemNotShown" />
    </UnitTest>
    <UnitTest name="ReadXml_ShouldReadObjectIdAttribute_WhenPresent" storage="d:\actions-runner\_work\xpco\xpco\allsolutions\..\mip\platformplugin\videoos.platform\unittest\bin\debug\net6.0-windows\videoos.platform.tests.dll" id="13d7aebd-6cec-2e73-3e91-8e5121f9f1bc">
      <Execution id="1ff7b4ea-b34a-491f-9c0b-b80bf4df1dd3" />
      <TestMethod codeBase="D:\actions-runner\_work\XPCO\XPCO\AllSolutions\..\MIP\PlatformPlugin\VideoOS.Platform\unittest\bin\Debug\net6.0-windows\VideoOS.Platform.Tests.dll" adapterTypeName="executor://mstestadapter/v2" className="VideoOS.Platform.Tests.Metadata.OnvifObjectTests" name="ReadXml_ShouldReadObjectIdAttribute_WhenPresent" />
    </UnitTest>
    <UnitTest name="MatchId_Success_MessageWithAsteriskATEnd" storage="d:\actions-runner\_work\xpco\xpco\allsolutions\..\mip\platformplugin\videoos.platform\unittest\bin\debug\net6.0-windows\videoos.platform.tests.dll" id="0209b421-7614-162d-e45d-48fbd126c964">
      <Execution id="dbe1c848-acc6-4f14-9e6b-80c50f20a987" />
      <TestMethod codeBase="D:\actions-runner\_work\XPCO\XPCO\AllSolutions\..\MIP\PlatformPlugin\VideoOS.Platform\unittest\bin\Debug\net6.0-windows\VideoOS.Platform.Tests.dll" adapterTypeName="executor://mstestadapter/v2" className="VideoOS.Platform.Tests.Messaging.CommunicationIdFilterTests" name="MatchId_Success_MessageWithAsteriskATEnd" />
    </UnitTest>
    <UnitTest name="AllAttributesWerePresent_ShouldReturnFalse_WhenLeftAttributeIsNotAFloat" storage="d:\actions-runner\_work\xpco\xpco\allsolutions\..\mip\platformplugin\videoos.platform\unittest\bin\debug\net6.0-windows\videoos.platform.tests.dll" id="f08cfdea-d0f9-0ea6-0706-b620f15a9fb4">
      <Execution id="6870333d-84f1-432e-b747-ec6ef6f83283" />
      <TestMethod codeBase="D:\actions-runner\_work\XPCO\XPCO\AllSolutions\..\MIP\PlatformPlugin\VideoOS.Platform\unittest\bin\Debug\net6.0-windows\VideoOS.Platform.Tests.dll" adapterTypeName="executor://mstestadapter/v2" className="VideoOS.Platform.Tests.Metadata.RectangleTests" name="AllAttributesWerePresent_ShouldReturnFalse_WhenLeftAttributeIsNotAFloat" />
    </UnitTest>
    <UnitTest name="ReadXml_ShouldSetAllPropertiesToZero_WhenElementIsEmpty" storage="d:\actions-runner\_work\xpco\xpco\allsolutions\..\mip\platformplugin\videoos.platform\unittest\bin\debug\net6.0-windows\videoos.platform.tests.dll" id="d398ef55-2762-6fec-9ad2-1f14cb2a9d60">
      <Execution id="e1472d6d-ee5e-4cf9-b21c-d32fc5cdfcb6" />
      <TestMethod codeBase="D:\actions-runner\_work\XPCO\XPCO\AllSolutions\..\MIP\PlatformPlugin\VideoOS.Platform\unittest\bin\Debug\net6.0-windows\VideoOS.Platform.Tests.dll" adapterTypeName="executor://mstestadapter/v2" className="VideoOS.Platform.Tests.Metadata.DisplayTextTests" name="ReadXml_ShouldSetAllPropertiesToZero_WhenElementIsEmpty" />
    </UnitTest>
    <UnitTest name="GetItem_ShouldNotReturnItem_WhenOtherAddedFound" storage="d:\actions-runner\_work\xpco\xpco\allsolutions\..\mip\platformplugin\videoos.platform\unittest\bin\debug\net6.0-windows\videoos.platform.tests.dll" id="c2b3a374-d9ca-fe1a-d2bb-dddc9de79775">
      <Execution id="e6ff773c-7ec6-40ae-94cf-12211a7b9b1e" />
      <TestMethod codeBase="D:\actions-runner\_work\XPCO\XPCO\AllSolutions\..\MIP\PlatformPlugin\VideoOS.Platform\unittest\bin\Debug\net6.0-windows\VideoOS.Platform.Tests.dll" adapterTypeName="executor://mstestadapter/v2" className="VideoOS.Platform.Tests.Util.ConfigurationCacheTests" name="GetItem_ShouldNotReturnItem_WhenOtherAddedFound" />
    </UnitTest>
    <UnitTest name="GetNext_ShouldReturnEntryAfterLastReturnedEntry_WhenFindCacheEntryAfterWasCalledAndThereIsANextEntry" storage="d:\actions-runner\_work\xpco\xpco\allsolutions\..\mip\platformplugin\videoos.platform\unittest\bin\debug\net6.0-windows\videoos.platform.tests.dll" id="67a0e7c3-fd99-228f-3717-941a8f61eb9d">
      <Execution id="3b662253-a508-41ac-8280-e9411ca466f7" />
      <TestMethod codeBase="D:\actions-runner\_work\XPCO\XPCO\AllSolutions\..\MIP\PlatformPlugin\VideoOS.Platform\unittest\bin\Debug\net6.0-windows\VideoOS.Platform.Tests.dll" adapterTypeName="executor://mstestadapter/v2" className="VideoOS.Platform.Tests.Data.MetadataCacheTests" name="GetNext_ShouldReturnEntryAfterLastReturnedEntry_WhenFindCacheEntryAfterWasCalledAndThereIsANextEntry" />
    </UnitTest>
    <UnitTest name="GetNext_ShouldReturnNull_WhenCacheHasJustBenLoadedWithNewData" storage="d:\actions-runner\_work\xpco\xpco\allsolutions\..\mip\platformplugin\videoos.platform\unittest\bin\debug\net6.0-windows\videoos.platform.tests.dll" id="c4d26256-1744-c2d0-2a14-fe21640d4fe1">
      <Execution id="254656fc-c599-4951-930c-f6fd83d52452" />
      <TestMethod codeBase="D:\actions-runner\_work\XPCO\XPCO\AllSolutions\..\MIP\PlatformPlugin\VideoOS.Platform\unittest\bin\Debug\net6.0-windows\VideoOS.Platform.Tests.dll" adapterTypeName="executor://mstestadapter/v2" className="VideoOS.Platform.Tests.Data.MetadataCacheTests" name="GetNext_ShouldReturnNull_WhenCacheHasJustBenLoadedWithNewData" />
    </UnitTest>
    <UnitTest name="GetNext_ShouldReturnNull_WhenThereIsNoNextEntryAfterCallToFindCacheEntryAfter" storage="d:\actions-runner\_work\xpco\xpco\allsolutions\..\mip\platformplugin\videoos.platform\unittest\bin\debug\net6.0-windows\videoos.platform.tests.dll" id="40c0286b-652b-f4d2-04b7-183bee4a715e">
      <Execution id="27dfcbff-3ee3-4553-b10f-212de29e36cc" />
      <TestMethod codeBase="D:\actions-runner\_work\XPCO\XPCO\AllSolutions\..\MIP\PlatformPlugin\VideoOS.Platform\unittest\bin\Debug\net6.0-windows\VideoOS.Platform.Tests.dll" adapterTypeName="executor://mstestadapter/v2" className="VideoOS.Platform.Tests.Data.MetadataCacheTests" name="GetNext_ShouldReturnNull_WhenThereIsNoNextEntryAfterCallToFindCacheEntryAfter" />
    </UnitTest>
    <UnitTest name="WriteXml_ShouldOmitElements_WhenTheyAreNull" storage="d:\actions-runner\_work\xpco\xpco\allsolutions\..\mip\platformplugin\videoos.platform\unittest\bin\debug\net6.0-windows\videoos.platform.tests.dll" id="6b9e5408-4e04-a559-173d-978d8c871a1a">
      <Execution id="3106a72a-0854-4140-8280-26b313e0c6aa" />
      <TestMethod codeBase="D:\actions-runner\_work\XPCO\XPCO\AllSolutions\..\MIP\PlatformPlugin\VideoOS.Platform\unittest\bin\Debug\net6.0-windows\VideoOS.Platform.Tests.dll" adapterTypeName="executor://mstestadapter/v2" className="VideoOS.Platform.Tests.Metadata.ShapeTests" name="WriteXml_ShouldOmitElements_WhenTheyAreNull" />
    </UnitTest>
    <UnitTest name="IsEmptyValue_DoubleRangeFilterValue_MinValueAboveMinimum_ReturnsFalse" storage="d:\actions-runner\_work\xpco\xpco\allsolutions\..\mip\platformplugin\videoos.platform\unittest\bin\debug\net6.0-windows\videoos.platform.tests.dll" id="eff4462f-0b3b-bad0-f3bc-88c9334e4c4b">
      <TestCategory>
        <TestCategoryItem TestCategory="Search" />
      </TestCategory>
      <Execution id="e546e10b-40a7-47af-bce4-10742f7cde72" />
      <TestMethod codeBase="D:\actions-runner\_work\XPCO\XPCO\AllSolutions\..\MIP\PlatformPlugin\VideoOS.Platform\unittest\bin\Debug\net6.0-windows\VideoOS.Platform.Tests.dll" adapterTypeName="executor://mstestadapter/v2" className="VideoOS.Platform.Tests.Search.SearchFilterTest" name="IsEmptyValue_DoubleRangeFilterValue_MinValueAboveMinimum_ReturnsFalse" />
    </UnitTest>
    <UnitTest name="GetFilterValues_EmptyValueAdded_IncludeEmptyValues_ReturnsValue" storage="d:\actions-runner\_work\xpco\xpco\allsolutions\..\mip\platformplugin\videoos.platform\unittest\bin\debug\net6.0-windows\videoos.platform.tests.dll" id="e5e5bf4a-3b6a-9b6c-ebe0-9c044c226109">
      <TestCategory>
        <TestCategoryItem TestCategory="Search" />
      </TestCategory>
      <Execution id="4fd69f51-36b0-4759-b5d6-1922ea9b25a7" />
      <TestMethod codeBase="D:\actions-runner\_work\XPCO\XPCO\AllSolutions\..\MIP\PlatformPlugin\VideoOS.Platform\unittest\bin\Debug\net6.0-windows\VideoOS.Platform.Tests.dll" adapterTypeName="executor://mstestadapter/v2" className="VideoOS.Platform.Tests.Search.SearchCriteriaTest" name="GetFilterValues_EmptyValueAdded_IncludeEmptyValues_ReturnsValue" />
    </UnitTest>
    <UnitTest name="Parse_Int_Invalid_end" storage="d:\actions-runner\_work\xpco\xpco\allsolutions\..\mip\platformplugin\videoos.platform\unittest\bin\debug\net6.0-windows\videoos.platform.tests.dll" id="3d785457-9ab7-7088-1cc3-dd4fad28665b">
      <Execution id="f020509f-b419-4e2f-a2cf-087a693465ca" />
      <TestMethod codeBase="D:\actions-runner\_work\XPCO\XPCO\AllSolutions\..\MIP\PlatformPlugin\VideoOS.Platform\unittest\bin\Debug\net6.0-windows\VideoOS.Platform.Tests.dll" adapterTypeName="executor://mstestadapter/v2" className="VideoOS.Platform.Tests.Proxy.RestApi.JsonReaderTests" name="Parse_Int_Invalid_end" />
    </UnitTest>
    <UnitTest name="GenerateDeviceParameters_ShouldOmitResolution_WhenResolutionIsNull" storage="d:\actions-runner\_work\xpco\xpco\allsolutions\..\mip\platformplugin\videoos.platform\unittest\bin\debug\net6.0-windows\videoos.platform.tests.dll" id="6ff15af4-6fd8-2401-35d9-7aaad2262d48">
      <Execution id="8b772e25-b8b6-41a2-afa5-c9114535bb50" />
      <TestMethod codeBase="D:\actions-runner\_work\XPCO\XPCO\AllSolutions\..\MIP\PlatformPlugin\VideoOS.Platform\unittest\bin\Debug\net6.0-windows\VideoOS.Platform.Tests.dll" adapterTypeName="executor://mstestadapter/v2" className="VideoOS.Platform.Tests.Data.CameraDeviceDefinitionTests" name="GenerateDeviceParameters_ShouldOmitResolution_WhenResolutionIsNull" />
    </UnitTest>
    <UnitTest name="ToJson_ListElement_Array" storage="d:\actions-runner\_work\xpco\xpco\allsolutions\..\mip\platformplugin\videoos.platform\unittest\bin\debug\net6.0-windows\videoos.platform.tests.dll" id="c47b0ccb-123e-8cec-2750-cacbc255e2ef">
      <Execution id="54fef403-3f19-4ad5-b780-33c0a891ca91" />
      <TestMethod codeBase="D:\actions-runner\_work\XPCO\XPCO\AllSolutions\..\MIP\PlatformPlugin\VideoOS.Platform\unittest\bin\Debug\net6.0-windows\VideoOS.Platform.Tests.dll" adapterTypeName="executor://mstestadapter/v2" className="VideoOS.Platform.Tests.Proxy.RestApi.JsonReaderTests" name="ToJson_ListElement_Array" />
    </UnitTest>
    <UnitTest name="Initialize_Default_Values" storage="d:\actions-runner\_work\xpco\xpco\allsolutions\..\mip\platformplugin\videoos.platform\unittest\bin\debug\net6.0-windows\videoos.platform.tests.dll" id="6a6ed04d-7bec-096f-c4cc-c8e9813f02b3">
      <Execution id="577bba3e-4988-416a-a8a8-1c5217dc3db6" />
      <TestMethod codeBase="D:\actions-runner\_work\XPCO\XPCO\AllSolutions\..\MIP\PlatformPlugin\VideoOS.Platform\unittest\bin\Debug\net6.0-windows\VideoOS.Platform.Tests.dll" adapterTypeName="executor://mstestadapter/v2" className="VideoOS.Platform.Tests.UI.ItemPicker.ItemPickerWindowViewModelTest" name="Initialize_Default_Values" />
    </UnitTest>
    <UnitTest name="Constructor_ShouldThrowArgumentNullException_WhenMacAddressIsNull" storage="d:\actions-runner\_work\xpco\xpco\allsolutions\..\mip\platformplugin\videoos.platform\unittest\bin\debug\net6.0-windows\videoos.platform.tests.dll" id="d39f235d-2e7d-3e96-21e3-c8d6d50c5857">
      <Execution id="3c7cd42a-d2ee-4efe-923b-45fbf187e6a7" />
      <TestMethod codeBase="D:\actions-runner\_work\XPCO\XPCO\AllSolutions\..\MIP\PlatformPlugin\VideoOS.Platform\unittest\bin\Debug\net6.0-windows\VideoOS.Platform.Tests.dll" adapterTypeName="executor://mstestadapter/v2" className="VideoOS.Platform.Tests.Data.HardwareDefinitionTests" name="Constructor_ShouldThrowArgumentNullException_WhenMacAddressIsNull" />
    </UnitTest>
    <UnitTest name="Equals_ShouldReturnTrue_WhenHostIsDottedDecimalLocalhostAndOtherHostIsDottedDecimalThisNetwork" storage="d:\actions-runner\_work\xpco\xpco\allsolutions\..\mip\platformplugin\videoos.platform\unittest\bin\debug\net6.0-windows\videoos.platform.tests.dll" id="308f63bb-ffab-d024-ffbf-d3fa54a43504">
      <Execution id="c328eb98-ee99-4676-8ad6-e93ec969f0ae" />
      <TestMethod codeBase="D:\actions-runner\_work\XPCO\XPCO\AllSolutions\..\MIP\PlatformPlugin\VideoOS.Platform\unittest\bin\Debug\net6.0-windows\VideoOS.Platform.Tests.dll" adapterTypeName="executor://mstestadapter/v2" className="VideoOS.Platform.Tests.ServerIdTests" name="Equals_ShouldReturnTrue_WhenHostIsDottedDecimalLocalhostAndOtherHostIsDottedDecimalThisNetwork" />
    </UnitTest>
    <UnitTest name="WriteXml_ShouldWriteUtcTimeAttribute_WhenAlways" storage="d:\actions-runner\_work\xpco\xpco\allsolutions\..\mip\platformplugin\videoos.platform\unittest\bin\debug\net6.0-windows\videoos.platform.tests.dll" id="32e1fb9e-8eb8-101c-f28a-073547e7fa1e">
      <Execution id="65276e2f-098b-4136-80f7-8549df0e0a5d" />
      <TestMethod codeBase="D:\actions-runner\_work\XPCO\XPCO\AllSolutions\..\MIP\PlatformPlugin\VideoOS.Platform\unittest\bin\Debug\net6.0-windows\VideoOS.Platform.Tests.dll" adapterTypeName="executor://mstestadapter/v2" className="VideoOS.Platform.Tests.Metadata.FrameTests" name="WriteXml_ShouldWriteUtcTimeAttribute_WhenAlways" />
    </UnitTest>
    <UnitTest name="GetParent_NoParent_Check" storage="d:\actions-runner\_work\xpco\xpco\allsolutions\..\mip\platformplugin\videoos.platform\unittest\bin\debug\net6.0-windows\videoos.platform.tests.dll" id="ddb5c0d8-d96d-641b-981f-700b89499855">
      <Execution id="4ce35c25-184d-4cd1-8528-a3bc73788ed8" />
      <TestMethod codeBase="D:\actions-runner\_work\XPCO\XPCO\AllSolutions\..\MIP\PlatformPlugin\VideoOS.Platform\unittest\bin\Debug\net6.0-windows\VideoOS.Platform.Tests.dll" adapterTypeName="executor://mstestadapter/v2" className="VideoOS.Platform.Tests.ItemTests" name="GetParent_NoParent_Check" />
    </UnitTest>
    <UnitTest name="CountByItems_Activated_CountByCounter_Grace2" storage="d:\actions-runner\_work\xpco\xpco\allsolutions\..\mip\platformplugin\videoos.platform\unittest\bin\debug\net6.0-windows\videoos.platform.tests.dll" id="4d5586b3-8531-2268-4fb4-39aa8e9235b0">
      <Execution id="9c68f9d9-2978-417f-aa12-e3aa60fc8128" />
      <TestMethod codeBase="D:\actions-runner\_work\XPCO\XPCO\AllSolutions\..\MIP\PlatformPlugin\VideoOS.Platform\unittest\bin\Debug\net6.0-windows\VideoOS.Platform.Tests.dll" adapterTypeName="executor://mstestadapter/v2" className="VideoOS.Platform.Tests.License.ResolvedLicenseCountTest" name="CountByItems_Activated_CountByCounter_Grace2" />
    </UnitTest>
    <UnitTest name="Parse_String_Simple" storage="d:\actions-runner\_work\xpco\xpco\allsolutions\..\mip\platformplugin\videoos.platform\unittest\bin\debug\net6.0-windows\videoos.platform.tests.dll" id="3d8a3078-3353-0dd0-9ba2-c2de88eb7008">
      <Execution id="7194d2d1-1c21-4404-a370-8057c39e3893" />
      <TestMethod codeBase="D:\actions-runner\_work\XPCO\XPCO\AllSolutions\..\MIP\PlatformPlugin\VideoOS.Platform\unittest\bin\Debug\net6.0-windows\VideoOS.Platform.Tests.dll" adapterTypeName="executor://mstestadapter/v2" className="VideoOS.Platform.Tests.Proxy.RestApi.JsonReaderTests" name="Parse_String_Simple" />
    </UnitTest>
    <UnitTest name="Azimuth_ShouldThrowArgumentOfRange_WhenValueIsOutsideAcceptedRange" storage="d:\actions-runner\_work\xpco\xpco\allsolutions\..\mip\platformplugin\videoos.platform\unittest\bin\debug\net6.0-windows\videoos.platform.tests.dll" id="78d59ed4-95ad-480d-6b34-b1db04166f61">
      <Execution id="eac3c15b-24f9-4a17-a0ea-cba6416ece61" />
      <TestMethod codeBase="D:\actions-runner\_work\XPCO\XPCO\AllSolutions\..\MIP\PlatformPlugin\VideoOS.Platform\unittest\bin\Debug\net6.0-windows\VideoOS.Platform.Tests.dll" adapterTypeName="executor://mstestadapter/v2" className="VideoOS.Platform.Tests.Metadata.NavigationalDataTests" name="Azimuth_ShouldThrowArgumentOfRange_WhenValueIsOutsideAcceptedRange" />
    </UnitTest>
    <UnitTest name="Serialize_Deserialize_WithSpecialChars2" storage="d:\actions-runner\_work\xpco\xpco\allsolutions\..\mip\platformplugin\videoos.platform\unittest\bin\debug\net6.0-windows\videoos.platform.tests.dll" id="e93f2b21-5e31-59e0-249b-2d22eb67c653">
      <Execution id="b15322ea-08b8-4915-ae86-f975edc6c36d" />
      <TestMethod codeBase="D:\actions-runner\_work\XPCO\XPCO\AllSolutions\..\MIP\PlatformPlugin\VideoOS.Platform\unittest\bin\Debug\net6.0-windows\VideoOS.Platform.Tests.dll" adapterTypeName="executor://mstestadapter/v2" className="VideoOS.Platform.Tests.ItemTests" name="Serialize_Deserialize_WithSpecialChars2" />
    </UnitTest>
    <UnitTest name="Construct3_And_Field_Check" storage="d:\actions-runner\_work\xpco\xpco\allsolutions\..\mip\platformplugin\videoos.platform\unittest\bin\debug\net6.0-windows\videoos.platform.tests.dll" id="6e4090e6-94bd-7c50-aeb3-2559b9307fcd">
      <Execution id="55f3c2bc-127b-4b99-b907-a2de0c826baa" />
      <TestMethod codeBase="D:\actions-runner\_work\XPCO\XPCO\AllSolutions\..\MIP\PlatformPlugin\VideoOS.Platform\unittest\bin\Debug\net6.0-windows\VideoOS.Platform.Tests.dll" adapterTypeName="executor://mstestadapter/v2" className="VideoOS.Platform.Tests.ItemTests" name="Construct3_And_Field_Check" />
    </UnitTest>
    <UnitTest name="Append_Ignored_For_Empty_Values" storage="d:\actions-runner\_work\xpco\xpco\allsolutions\..\mip\platformplugin\videoos.platform\unittest\bin\debug\net6.0-windows\videoos.platform.tests.dll" id="7e0a73d2-6a35-69c0-258f-1a39ba55eac2">
      <Execution id="c6eb8e42-167c-4292-8c36-e9088549f317" />
      <TestMethod codeBase="D:\actions-runner\_work\XPCO\XPCO\AllSolutions\..\MIP\PlatformPlugin\VideoOS.Platform\unittest\bin\Debug\net6.0-windows\VideoOS.Platform.Tests.dll" adapterTypeName="executor://mstestadapter/v2" className="VideoOS.Platform.Tests.Proxy.RestApi.JsonBuilderTests" name="Append_Ignored_For_Empty_Values" />
    </UnitTest>
    <UnitTest name="ReadXml_ShouldIgnoreTransformation_WhenTransformationIsPresenWithWrongNamespace" storage="d:\actions-runner\_work\xpco\xpco\allsolutions\..\mip\platformplugin\videoos.platform\unittest\bin\debug\net6.0-windows\videoos.platform.tests.dll" id="4b5c9b24-d906-a00f-3905-ed5f0c9f240a">
      <Execution id="c3bb4d17-5530-497f-99f3-41c739c1a4cd" />
      <TestMethod codeBase="D:\actions-runner\_work\XPCO\XPCO\AllSolutions\..\MIP\PlatformPlugin\VideoOS.Platform\unittest\bin\Debug\net6.0-windows\VideoOS.Platform.Tests.dll" adapterTypeName="executor://mstestadapter/v2" className="VideoOS.Platform.Tests.Metadata.AppearanceTests" name="ReadXml_ShouldIgnoreTransformation_WhenTransformationIsPresenWithWrongNamespace" />
    </UnitTest>
    <UnitTest name="WriteXml_ShouldWriteBoldAttribute_WhenSet" storage="d:\actions-runner\_work\xpco\xpco\allsolutions\..\mip\platformplugin\videoos.platform\unittest\bin\debug\net6.0-windows\videoos.platform.tests.dll" id="a8162811-15bd-d3de-ec39-97d82066ae3d">
      <Execution id="b9c7d8ed-723c-4db2-9713-d803ce16963c" />
      <TestMethod codeBase="D:\actions-runner\_work\XPCO\XPCO\AllSolutions\..\MIP\PlatformPlugin\VideoOS.Platform\unittest\bin\Debug\net6.0-windows\VideoOS.Platform.Tests.dll" adapterTypeName="executor://mstestadapter/v2" className="VideoOS.Platform.Tests.Metadata.DisplayTextTests" name="WriteXml_ShouldWriteBoldAttribute_WhenSet" />
    </UnitTest>
    <UnitTest name="Serialize_ShouldHandleSelfReferencingWithCollection" storage="d:\actions-runner\_work\xpco\xpco\allsolutions\..\mip\platformplugin\videoos.platform\unittest\bin\debug\net6.0-windows\videoos.platform.tests.dll" id="f3d705dd-7bc5-3c67-615c-4a5792f645ee">
      <Execution id="25af56b9-10b8-4e5c-a568-46a2e861dab5" />
      <TestMethod codeBase="D:\actions-runner\_work\XPCO\XPCO\AllSolutions\..\MIP\PlatformPlugin\VideoOS.Platform\unittest\bin\Debug\net6.0-windows\VideoOS.Platform.Tests.dll" adapterTypeName="executor://mstestadapter/v2" className="VideoOS.Platform.Tests.UI.Controls.Automation.Serialization.AutomationObjectSerializerSelfReferencingTests" name="Serialize_ShouldHandleSelfReferencingWithCollection" />
    </UnitTest>
    <UnitTest name="ProvideValue_ShouldUseContentTemplateFromTabControl_WhenItemContentTemplateIsCleared" storage="d:\actions-runner\_work\xpco\xpco\allsolutions\..\mip\platformplugin\videoos.platform\unittest\bin\debug\net6.0-windows\videoos.platform.tests.dll" id="6ce95987-243b-a23d-9b97-d2e2f2ba466c">
      <TestCategory>
        <TestCategoryItem TestCategory="TabControls" />
      </TestCategory>
      <Execution id="399c332a-f43e-4ba9-b34e-aed476522d6f" />
      <TestMethod codeBase="D:\actions-runner\_work\XPCO\XPCO\AllSolutions\..\MIP\PlatformPlugin\VideoOS.Platform\unittest\bin\Debug\net6.0-windows\VideoOS.Platform.Tests.dll" adapterTypeName="executor://mstestadapter/v2" className="VideoOS.Platform.Tests.UI.Controls.TabControls.Internal.Primary.ItemContentTemplateExtensionTest" name="ProvideValue_ShouldUseContentTemplateFromTabControl_WhenItemContentTemplateIsCleared" />
    </UnitTest>
    <UnitTest name="GetPrevious_ShouldReturnPreviousDataInCache_WhenDataIsCached" storage="d:\actions-runner\_work\xpco\xpco\allsolutions\..\mip\platformplugin\videoos.platform\unittest\bin\debug\net6.0-windows\videoos.platform.tests.dll" id="edfa9ac1-af92-8fad-09f0-213c59a511c9">
      <Execution id="a30001ae-29a4-48c6-b3f2-c57493e5dfde" />
      <TestMethod codeBase="D:\actions-runner\_work\XPCO\XPCO\AllSolutions\..\MIP\PlatformPlugin\VideoOS.Platform\unittest\bin\Debug\net6.0-windows\VideoOS.Platform.Tests.dll" adapterTypeName="executor://mstestadapter/v2" className="VideoOS.Platform.Tests.Data.MetadataPlaybackSourceTests" name="GetPrevious_ShouldReturnPreviousDataInCache_WhenDataIsCached" />
    </UnitTest>
    <UnitTest name="ReadXml_ShouldReadFrameContents_WhenFrameIsPresent" storage="d:\actions-runner\_work\xpco\xpco\allsolutions\..\mip\platformplugin\videoos.platform\unittest\bin\debug\net6.0-windows\videoos.platform.tests.dll" id="da6b7e5c-6d35-dc61-721a-7a973091e15b">
      <Execution id="b4fea1f2-8e1a-4308-a842-e371d93079e6" />
      <TestMethod codeBase="D:\actions-runner\_work\XPCO\XPCO\AllSolutions\..\MIP\PlatformPlugin\VideoOS.Platform\unittest\bin\Debug\net6.0-windows\VideoOS.Platform.Tests.dll" adapterTypeName="executor://mstestadapter/v2" className="VideoOS.Platform.Tests.Metadata.VideoAnalyticsTests" name="ReadXml_ShouldReadFrameContents_WhenFrameIsPresent" />
    </UnitTest>
    <UnitTest name="IsEmptyValue_DoubleRangeFilterValue_HighValueBelowMaximum_ReturnsFalse" storage="d:\actions-runner\_work\xpco\xpco\allsolutions\..\mip\platformplugin\videoos.platform\unittest\bin\debug\net6.0-windows\videoos.platform.tests.dll" id="47ea98ad-fc0c-d34c-cfce-7d3c08a15e8d">
      <TestCategory>
        <TestCategoryItem TestCategory="Search" />
      </TestCategory>
      <Execution id="efdbb43c-a715-4d56-b033-8f748234c99f" />
      <TestMethod codeBase="D:\actions-runner\_work\XPCO\XPCO\AllSolutions\..\MIP\PlatformPlugin\VideoOS.Platform\unittest\bin\Debug\net6.0-windows\VideoOS.Platform.Tests.dll" adapterTypeName="executor://mstestadapter/v2" className="VideoOS.Platform.Tests.Search.SearchFilterTest" name="IsEmptyValue_DoubleRangeFilterValue_HighValueBelowMaximum_ReturnsFalse" />
    </UnitTest>
    <UnitTest name="WriteMetadataXmlWithStream_ShouldNotIncludeByteOrderMarker_WhenAlways" storage="d:\actions-runner\_work\xpco\xpco\allsolutions\..\mip\platformplugin\videoos.platform\unittest\bin\debug\net6.0-windows\videoos.platform.tests.dll" id="372ab51f-8789-4af1-a4f9-77f4920b1bde">
      <Execution id="e4a45387-6b91-4a22-b01a-3c033da79161" />
      <TestMethod codeBase="D:\actions-runner\_work\XPCO\XPCO\AllSolutions\..\MIP\PlatformPlugin\VideoOS.Platform\unittest\bin\Debug\net6.0-windows\VideoOS.Platform.Tests.dll" adapterTypeName="executor://mstestadapter/v2" className="VideoOS.Platform.Tests.Metadata.MetadataSerializerTests" name="WriteMetadataXmlWithStream_ShouldNotIncludeByteOrderMarker_WhenAlways" />
    </UnitTest>
    <UnitTest name="GetPopulatedItems_HasChildren_ChildrenAdded" storage="d:\actions-runner\_work\xpco\xpco\allsolutions\..\mip\platformplugin\videoos.platform\unittest\bin\debug\net6.0-windows\videoos.platform.tests.dll" id="ce7e30df-0543-6938-fae8-53fc40762640">
      <Execution id="c1e7ee5e-44be-4fb7-ac38-7cf94f517e28" />
      <TestMethod codeBase="D:\actions-runner\_work\XPCO\XPCO\AllSolutions\..\MIP\PlatformPlugin\VideoOS.Platform\unittest\bin\Debug\net6.0-windows\VideoOS.Platform.Tests.dll" adapterTypeName="executor://mstestadapter/v2" className="VideoOS.Platform.Tests.UI.ItemPicker.PopulateThreadTest" name="GetPopulatedItems_HasChildren_ChildrenAdded" />
    </UnitTest>
    <UnitTest name="GetMetadataStream_ShouldReturnMetadataStream_WhenByteArrayContainsValidXml" storage="d:\actions-runner\_work\xpco\xpco\allsolutions\..\mip\platformplugin\videoos.platform\unittest\bin\debug\net6.0-windows\videoos.platform.tests.dll" id="eefc51b9-5382-2aee-c4ce-08acd9cc49de">
      <Execution id="b435d88a-0832-45ad-bfec-c91aae6ec2df" />
      <TestMethod codeBase="D:\actions-runner\_work\XPCO\XPCO\AllSolutions\..\MIP\PlatformPlugin\VideoOS.Platform\unittest\bin\Debug\net6.0-windows\VideoOS.Platform.Tests.dll" adapterTypeName="executor://mstestadapter/v2" className="VideoOS.Platform.Tests.Metadata.MetadataContentTests" name="GetMetadataStream_ShouldReturnMetadataStream_WhenByteArrayContainsValidXml" />
    </UnitTest>
    <UnitTest name="UtcTime_ShouldReturnMinimumDateTime_WhenNotSet" storage="d:\actions-runner\_work\xpco\xpco\allsolutions\..\mip\platformplugin\videoos.platform\unittest\bin\debug\net6.0-windows\videoos.platform.tests.dll" id="f42b2340-e96d-0e55-ec7c-6d27b290f74e">
      <Execution id="eae31814-b602-4789-b4f3-2f79b0c13230" />
      <TestMethod codeBase="D:\actions-runner\_work\XPCO\XPCO\AllSolutions\..\MIP\PlatformPlugin\VideoOS.Platform\unittest\bin\Debug\net6.0-windows\VideoOS.Platform.Tests.dll" adapterTypeName="executor://mstestadapter/v2" className="VideoOS.Platform.Tests.Metadata.FrameTests" name="UtcTime_ShouldReturnMinimumDateTime_WhenNotSet" />
    </UnitTest>
    <UnitTest name="GetPreviousDateTime_ShouldReturnLastDataEntityFromToolkit_WhenDataIsNotCached" storage="d:\actions-runner\_work\xpco\xpco\allsolutions\..\mip\platformplugin\videoos.platform\unittest\bin\debug\net6.0-windows\videoos.platform.tests.dll" id="e8ac92b2-fcd9-2dc0-f713-3c2cf3bb77c1">
      <Execution id="1c530545-9554-4f05-82e0-785d74638cf8" />
      <TestMethod codeBase="D:\actions-runner\_work\XPCO\XPCO\AllSolutions\..\MIP\PlatformPlugin\VideoOS.Platform\unittest\bin\Debug\net6.0-windows\VideoOS.Platform.Tests.dll" adapterTypeName="executor://mstestadapter/v2" className="VideoOS.Platform.Tests.Data.MetadataPlaybackSourceTests" name="GetPreviousDateTime_ShouldReturnLastDataEntityFromToolkit_WhenDataIsNotCached" />
    </UnitTest>
    <UnitTest name="GenerateParameters_ShouldThrowInvalidOperationException_WhenThereAreMoreThanOneCameraDevice" storage="d:\actions-runner\_work\xpco\xpco\allsolutions\..\mip\platformplugin\videoos.platform\unittest\bin\debug\net6.0-windows\videoos.platform.tests.dll" id="e7a315f9-584b-e4f3-8469-ce4f80c3387c">
      <Execution id="f0defe56-2fa7-4527-866a-a68ff8fadf99" />
      <TestMethod codeBase="D:\actions-runner\_work\XPCO\XPCO\AllSolutions\..\MIP\PlatformPlugin\VideoOS.Platform\unittest\bin\Debug\net6.0-windows\VideoOS.Platform.Tests.dll" adapterTypeName="executor://mstestadapter/v2" className="VideoOS.Platform.Tests.Data.HardwareDefinitionTests" name="GenerateParameters_ShouldThrowInvalidOperationException_WhenThereAreMoreThanOneCameraDevice" />
    </UnitTest>
    <UnitTest name="Match_Fail_NullType_WrongType_Single" storage="d:\actions-runner\_work\xpco\xpco\allsolutions\..\mip\platformplugin\videoos.platform\unittest\bin\debug\net6.0-windows\videoos.platform.tests.dll" id="d024cbbc-cd6e-1273-02ea-1e58d1fbe142">
      <Execution id="8b36f6e5-60fc-4b74-a8cd-6056cada6ec0" />
      <TestMethod codeBase="D:\actions-runner\_work\XPCO\XPCO\AllSolutions\..\MIP\PlatformPlugin\VideoOS.Platform\unittest\bin\Debug\net6.0-windows\VideoOS.Platform.Tests.dll" adapterTypeName="executor://mstestadapter/v2" className="VideoOS.Platform.Tests.Messaging.CommunicationIdFilterTests" name="Match_Fail_NullType_WrongType_Single" />
    </UnitTest>
    <UnitTest name="GenerateParameters_ShouldWriteFirmware_WhenFirmwareIsNotNull" storage="d:\actions-runner\_work\xpco\xpco\allsolutions\..\mip\platformplugin\videoos.platform\unittest\bin\debug\net6.0-windows\videoos.platform.tests.dll" id="4e41d746-7d06-c195-c083-479d6448ab5b">
      <Execution id="13e67ec1-6e95-4018-ba8c-610e89713f69" />
      <TestMethod codeBase="D:\actions-runner\_work\XPCO\XPCO\AllSolutions\..\MIP\PlatformPlugin\VideoOS.Platform\unittest\bin\Debug\net6.0-windows\VideoOS.Platform.Tests.dll" adapterTypeName="executor://mstestadapter/v2" className="VideoOS.Platform.Tests.Data.HardwareDefinitionTests" name="GenerateParameters_ShouldWriteFirmware_WhenFirmwareIsNotNull" />
    </UnitTest>
    <UnitTest name="GenerateParameters_ShouldWriteNumberOfCameraDevicesAsNumVideoCh_WhenAlways" storage="d:\actions-runner\_work\xpco\xpco\allsolutions\..\mip\platformplugin\videoos.platform\unittest\bin\debug\net6.0-windows\videoos.platform.tests.dll" id="cc8e9b7e-62a1-d82e-3e31-af5cf935c88a">
      <Execution id="5338aa8e-cd1f-4d48-915a-a63952b49100" />
      <TestMethod codeBase="D:\actions-runner\_work\XPCO\XPCO\AllSolutions\..\MIP\PlatformPlugin\VideoOS.Platform\unittest\bin\Debug\net6.0-windows\VideoOS.Platform.Tests.dll" adapterTypeName="executor://mstestadapter/v2" className="VideoOS.Platform.Tests.Data.HardwareDefinitionTests" name="GenerateParameters_ShouldWriteNumberOfCameraDevicesAsNumVideoCh_WhenAlways" />
    </UnitTest>
    <UnitTest name="HasExtensionDataPresent_ShouldReturnFalse_WhenExtensionDataIsNotPresent" storage="d:\actions-runner\_work\xpco\xpco\allsolutions\..\mip\platformplugin\videoos.platform\unittest\bin\debug\net6.0-windows\videoos.platform.tests.dll" id="93f61c3c-6b1e-d1b6-89d6-3a1bfa5e90ba">
      <Execution id="d211463c-14c3-4576-af65-f631583390bd" />
      <TestMethod codeBase="D:\actions-runner\_work\XPCO\XPCO\AllSolutions\..\MIP\PlatformPlugin\VideoOS.Platform\unittest\bin\Debug\net6.0-windows\VideoOS.Platform.Tests.dll" adapterTypeName="executor://mstestadapter/v2" className="VideoOS.Platform.Tests.Metadata.RectangleTests" name="HasExtensionDataPresent_ShouldReturnFalse_WhenExtensionDataIsNotPresent" />
    </UnitTest>
    <UnitTest name="TestSearchFilterCategories_WithOneAgentReturnsNull_Success" storage="d:\actions-runner\_work\xpco\xpco\allsolutions\..\mip\platformplugin\videoos.platform\unittest\bin\debug\net6.0-windows\videoos.platform.tests.dll" id="39259e78-217a-ffb2-6d1b-008e44172920">
      <TestCategory>
        <TestCategoryItem TestCategory="Search" />
      </TestCategory>
      <Execution id="39caa9d2-60f2-405c-9db0-9f9df4b2d737" />
      <TestMethod codeBase="D:\actions-runner\_work\XPCO\XPCO\AllSolutions\..\MIP\PlatformPlugin\VideoOS.Platform\unittest\bin\Debug\net6.0-windows\VideoOS.Platform.Tests.dll" adapterTypeName="executor://mstestadapter/v2" className="VideoOS.Platform.Tests.Search.SearchManagerTest" name="TestSearchFilterCategories_WithOneAgentReturnsNull_Success" />
    </UnitTest>
    <UnitTest name="WriteXml_ShouldWriteColorAttribute_WhenPresent" storage="d:\actions-runner\_work\xpco\xpco\allsolutions\..\mip\platformplugin\videoos.platform\unittest\bin\debug\net6.0-windows\videoos.platform.tests.dll" id="a68e6a6e-4209-2d96-e42e-fdfc6deeba69">
      <Execution id="458e625a-5511-4948-be3c-0c45ecd5d5c3" />
      <TestMethod codeBase="D:\actions-runner\_work\XPCO\XPCO\AllSolutions\..\MIP\PlatformPlugin\VideoOS.Platform\unittest\bin\Debug\net6.0-windows\VideoOS.Platform.Tests.dll" adapterTypeName="executor://mstestadapter/v2" className="VideoOS.Platform.Tests.Metadata.DisplayTextTests" name="WriteXml_ShouldWriteColorAttribute_WhenPresent" />
    </UnitTest>
    <UnitTest name="WriteXml_ShouldOmitElements_WhenDataIsNotPresent" storage="d:\actions-runner\_work\xpco\xpco\allsolutions\..\mip\platformplugin\videoos.platform\unittest\bin\debug\net6.0-windows\videoos.platform.tests.dll" id="b88c7a93-5167-689b-3a6b-7ed6795729e1">
      <Execution id="27060160-fdbd-4175-a5cf-6b3f57ffa4d9" />
      <TestMethod codeBase="D:\actions-runner\_work\XPCO\XPCO\AllSolutions\..\MIP\PlatformPlugin\VideoOS.Platform\unittest\bin\Debug\net6.0-windows\VideoOS.Platform.Tests.dll" adapterTypeName="executor://mstestadapter/v2" className="VideoOS.Platform.Tests.Metadata.MetadataStreamTests" name="WriteXml_ShouldOmitElements_WhenDataIsNotPresent" />
    </UnitTest>
    <UnitTest name="TestStartSearch_NullDefinitions_Failure" storage="d:\actions-runner\_work\xpco\xpco\allsolutions\..\mip\platformplugin\videoos.platform\unittest\bin\debug\net6.0-windows\videoos.platform.tests.dll" id="03a83ade-8d54-5619-5fb4-492194211717">
      <TestCategory>
        <TestCategoryItem TestCategory="Search" />
      </TestCategory>
      <Execution id="1f80cfd6-6634-4127-8e00-affb653951af" />
      <TestMethod codeBase="D:\actions-runner\_work\XPCO\XPCO\AllSolutions\..\MIP\PlatformPlugin\VideoOS.Platform\unittest\bin\Debug\net6.0-windows\VideoOS.Platform.Tests.dll" adapterTypeName="executor://mstestadapter/v2" className="VideoOS.Platform.Tests.Search.SearchManagerTest" name="TestStartSearch_NullDefinitions_Failure" />
    </UnitTest>
    <UnitTest name="Serialize_TestCases (Verify root String (not null) property)" storage="d:\actions-runner\_work\xpco\xpco\allsolutions\..\mip\platformplugin\videoos.platform\unittest\bin\debug\net6.0-windows\videoos.platform.tests.dll" id="a9799ecd-0497-10f5-66d2-b0667b4dc9d2">
      <Execution id="86357217-394f-4269-8a3b-0a555e3465d9" />
      <TestMethod codeBase="D:\actions-runner\_work\XPCO\XPCO\AllSolutions\..\MIP\PlatformPlugin\VideoOS.Platform\unittest\bin\Debug\net6.0-windows\VideoOS.Platform.Tests.dll" adapterTypeName="executor://mstestadapter/v2" className="VideoOS.Platform.Tests.UI.Controls.Automation.Serialization.AutomationObjectSerializerTest" name="Serialize_TestCases" />
    </UnitTest>
    <UnitTest name="Constructor_ShouldThrowArgumentxception_WhenItemIsNotAMetadataDevice" storage="d:\actions-runner\_work\xpco\xpco\allsolutions\..\mip\platformplugin\videoos.platform\unittest\bin\debug\net6.0-windows\videoos.platform.tests.dll" id="d6cb1369-2679-afac-cddc-39c82a30eafa">
      <Execution id="bc7cc39c-f584-4af3-a37c-fef0791683ee" />
      <TestMethod codeBase="D:\actions-runner\_work\XPCO\XPCO\AllSolutions\..\MIP\PlatformPlugin\VideoOS.Platform\unittest\bin\Debug\net6.0-windows\VideoOS.Platform.Tests.dll" adapterTypeName="executor://mstestadapter/v2" className="VideoOS.Platform.Tests.Data.MetadataPlaybackSourceTests" name="Constructor_ShouldThrowArgumentxception_WhenItemIsNotAMetadataDevice" />
    </UnitTest>
    <UnitTest name="Add_ShouldNotUpdateStartCache_WhenOldStartTimeIsEarlierThanAdded" storage="d:\actions-runner\_work\xpco\xpco\allsolutions\..\mip\platformplugin\videoos.platform\unittest\bin\debug\net6.0-windows\videoos.platform.tests.dll" id="e251df90-29be-3bce-586f-107c221e43b7">
      <Execution id="5ed63a03-d808-48a5-9184-49565f2c9b0f" />
      <TestMethod codeBase="D:\actions-runner\_work\XPCO\XPCO\AllSolutions\..\MIP\PlatformPlugin\VideoOS.Platform\unittest\bin\Debug\net6.0-windows\VideoOS.Platform.Tests.dll" adapterTypeName="executor://mstestadapter/v2" className="VideoOS.Platform.Tests.Client.SequenceCacheTests" name="Add_ShouldNotUpdateStartCache_WhenOldStartTimeIsEarlierThanAdded" />
    </UnitTest>
    <UnitTest name="Serialize_ShouldHandleCollectionFilter_WhenMatchingCollectionItemsTypeAndItMatchesNone" storage="d:\actions-runner\_work\xpco\xpco\allsolutions\..\mip\platformplugin\videoos.platform\unittest\bin\debug\net6.0-windows\videoos.platform.tests.dll" id="8938eaaa-10f4-1d84-a810-d332ab0c7421">
      <Execution id="3b039a1a-c032-44b9-99bc-8397e627bc30" />
      <TestMethod codeBase="D:\actions-runner\_work\XPCO\XPCO\AllSolutions\..\MIP\PlatformPlugin\VideoOS.Platform\unittest\bin\Debug\net6.0-windows\VideoOS.Platform.Tests.dll" adapterTypeName="executor://mstestadapter/v2" className="VideoOS.Platform.Tests.UI.Controls.Automation.Serialization.AutomationObjectSerializerTypeFilterTests" name="Serialize_ShouldHandleCollectionFilter_WhenMatchingCollectionItemsTypeAndItMatchesNone" />
    </UnitTest>
    <UnitTest name="ReadXml_ShouldIgnoreUnknownChildren_WhenUnknownChildrenArePresent" storage="d:\actions-runner\_work\xpco\xpco\allsolutions\..\mip\platformplugin\videoos.platform\unittest\bin\debug\net6.0-windows\videoos.platform.tests.dll" id="ee341f6d-4feb-cbd8-824e-87dfe9d62513">
      <Execution id="39178563-021d-4819-8b71-80b38a5b8110" />
      <TestMethod codeBase="D:\actions-runner\_work\XPCO\XPCO\AllSolutions\..\MIP\PlatformPlugin\VideoOS.Platform\unittest\bin\Debug\net6.0-windows\VideoOS.Platform.Tests.dll" adapterTypeName="executor://mstestadapter/v2" className="VideoOS.Platform.Tests.Metadata.MetadataStreamTests" name="ReadXml_ShouldIgnoreUnknownChildren_WhenUnknownChildrenArePresent" />
    </UnitTest>
    <UnitTest name="Serialize_TestCases (TestParentTypeMatchDoubleNotThisTypeMatched)" storage="d:\actions-runner\_work\xpco\xpco\allsolutions\..\mip\platformplugin\videoos.platform\unittest\bin\debug\net6.0-windows\videoos.platform.tests.dll" id="b2084567-8ae7-460a-7a14-d46cd175ecb8">
      <Execution id="4b35e35d-21b8-4c3f-b597-1763e95a76e3" />
      <TestMethod codeBase="D:\actions-runner\_work\XPCO\XPCO\AllSolutions\..\MIP\PlatformPlugin\VideoOS.Platform\unittest\bin\Debug\net6.0-windows\VideoOS.Platform.Tests.dll" adapterTypeName="executor://mstestadapter/v2" className="VideoOS.Platform.Tests.UI.Controls.Automation.Serialization.AutomationObjectSerializerTest" name="Serialize_TestCases" />
    </UnitTest>
    <UnitTest name="ReadXml_ShouldIgnoreTranslate_WhenTranslateIsPresentWithWrongNamespace" storage="d:\actions-runner\_work\xpco\xpco\allsolutions\..\mip\platformplugin\videoos.platform\unittest\bin\debug\net6.0-windows\videoos.platform.tests.dll" id="f278ce31-b96d-473d-9186-28e37d813604">
      <Execution id="2dd5e1fd-cba7-471c-a91a-044c66a71cc1" />
      <TestMethod codeBase="D:\actions-runner\_work\XPCO\XPCO\AllSolutions\..\MIP\PlatformPlugin\VideoOS.Platform\unittest\bin\Debug\net6.0-windows\VideoOS.Platform.Tests.dll" adapterTypeName="executor://mstestadapter/v2" className="VideoOS.Platform.Tests.Metadata.TransformationTests" name="ReadXml_ShouldIgnoreTranslate_WhenTranslateIsPresentWithWrongNamespace" />
    </UnitTest>
    <UnitTest name="Serialize_TestCases (Verify root Object (null) property get property value)" storage="d:\actions-runner\_work\xpco\xpco\allsolutions\..\mip\platformplugin\videoos.platform\unittest\bin\debug\net6.0-windows\videoos.platform.tests.dll" id="976b8c92-7e7b-e3a1-3453-2a2b85e725d2">
      <Execution id="cf7f7660-76ab-4e1d-94e0-e9847be0de9a" />
      <TestMethod codeBase="D:\actions-runner\_work\XPCO\XPCO\AllSolutions\..\MIP\PlatformPlugin\VideoOS.Platform\unittest\bin\Debug\net6.0-windows\VideoOS.Platform.Tests.dll" adapterTypeName="executor://mstestadapter/v2" className="VideoOS.Platform.Tests.UI.Controls.Automation.Serialization.AutomationObjectSerializerTest" name="Serialize_TestCases" />
    </UnitTest>
    <UnitTest name="WriteXml_ShouldWriteElementsInCorrectOrder_WhenThereAreElements" storage="d:\actions-runner\_work\xpco\xpco\allsolutions\..\mip\platformplugin\videoos.platform\unittest\bin\debug\net6.0-windows\videoos.platform.tests.dll" id="ba5d0a4c-06cb-f46b-47c1-8da0bac9ec51">
      <Execution id="e1cc20ef-5fbe-41da-b546-2cd31807df3f" />
      <TestMethod codeBase="D:\actions-runner\_work\XPCO\XPCO\AllSolutions\..\MIP\PlatformPlugin\VideoOS.Platform\unittest\bin\Debug\net6.0-windows\VideoOS.Platform.Tests.dll" adapterTypeName="executor://mstestadapter/v2" className="VideoOS.Platform.Tests.Metadata.AppearanceTests" name="WriteXml_ShouldWriteElementsInCorrectOrder_WhenThereAreElements" />
    </UnitTest>
    <UnitTest name="Construct5_And_Field_Check" storage="d:\actions-runner\_work\xpco\xpco\allsolutions\..\mip\platformplugin\videoos.platform\unittest\bin\debug\net6.0-windows\videoos.platform.tests.dll" id="3d26d7d8-7d79-9931-2127-8e5f6d15122c">
      <Execution id="87119dc6-3d70-4ee4-aeef-153053c09f1c" />
      <TestMethod codeBase="D:\actions-runner\_work\XPCO\XPCO\AllSolutions\..\MIP\PlatformPlugin\VideoOS.Platform\unittest\bin\Debug\net6.0-windows\VideoOS.Platform.Tests.dll" adapterTypeName="executor://mstestadapter/v2" className="VideoOS.Platform.Tests.ItemTests" name="Construct5_And_Field_Check" />
    </UnitTest>
    <UnitTest name="Serialize_TestCases (Verify root Double property)" storage="d:\actions-runner\_work\xpco\xpco\allsolutions\..\mip\platformplugin\videoos.platform\unittest\bin\debug\net6.0-windows\videoos.platform.tests.dll" id="ff808f59-9b62-0858-3fa7-188c69f886d5">
      <Execution id="752cd40a-3a85-4e70-83ce-7b3889eaaa0f" />
      <TestMethod codeBase="D:\actions-runner\_work\XPCO\XPCO\AllSolutions\..\MIP\PlatformPlugin\VideoOS.Platform\unittest\bin\Debug\net6.0-windows\VideoOS.Platform.Tests.dll" adapterTypeName="executor://mstestadapter/v2" className="VideoOS.Platform.Tests.UI.Controls.Automation.Serialization.AutomationObjectSerializerTest" name="Serialize_TestCases" />
    </UnitTest>
    <UnitTest name="TestConstructor_Success" storage="d:\actions-runner\_work\xpco\xpco\allsolutions\..\mip\platformplugin\videoos.platform\unittest\bin\debug\net6.0-windows\videoos.platform.tests.dll" id="bf1206bb-c315-791a-6716-b4026aff80ac">
      <Execution id="73c595b2-d491-4b2f-9f6c-9c6628758cda" />
      <TestMethod codeBase="D:\actions-runner\_work\XPCO\XPCO\AllSolutions\..\MIP\PlatformPlugin\VideoOS.Platform\unittest\bin\Debug\net6.0-windows\VideoOS.Platform.Tests.dll" adapterTypeName="executor://mstestadapter/v2" className="VideoOS.Platform.Tests.Search.Error.UnauthorizedDeviceAccessSearchErrorTest" name="TestConstructor_Success" />
    </UnitTest>
    <UnitTest name="Append_Element_KeyValueString" storage="d:\actions-runner\_work\xpco\xpco\allsolutions\..\mip\platformplugin\videoos.platform\unittest\bin\debug\net6.0-windows\videoos.platform.tests.dll" id="06174076-ef01-8d0d-830c-682ae858b24d">
      <Execution id="424edd98-ea20-4e38-890c-10730db79cdf" />
      <TestMethod codeBase="D:\actions-runner\_work\XPCO\XPCO\AllSolutions\..\MIP\PlatformPlugin\VideoOS.Platform\unittest\bin\Debug\net6.0-windows\VideoOS.Platform.Tests.dll" adapterTypeName="executor://mstestadapter/v2" className="VideoOS.Platform.Tests.Proxy.RestApi.JsonBuilderTests" name="Append_Element_KeyValueString" />
    </UnitTest>
    <UnitTest name="Get_NullKey_Throws" storage="d:\actions-runner\_work\xpco\xpco\allsolutions\..\mip\platformplugin\videoos.platform\unittest\bin\debug\net6.0-windows\videoos.platform.tests.dll" id="0f6413c0-cc42-e14e-f2e9-6c1a7fb644a7">
      <Execution id="84b78c7f-758f-49a8-8a1b-b9f0f62098d0" />
      <TestMethod codeBase="D:\actions-runner\_work\XPCO\XPCO\AllSolutions\..\MIP\PlatformPlugin\VideoOS.Platform\unittest\bin\Debug\net6.0-windows\VideoOS.Platform.Tests.dll" adapterTypeName="executor://mstestadapter/v2" className="VideoOS.Platform.Tests.Util.Queue.LRUCacheTests" name="Get_NullKey_Throws" />
    </UnitTest>
    <UnitTest name="Serialize_TestCases (TestParentTypeMatchCollectionThisTypeMatched)" storage="d:\actions-runner\_work\xpco\xpco\allsolutions\..\mip\platformplugin\videoos.platform\unittest\bin\debug\net6.0-windows\videoos.platform.tests.dll" id="5fd9efe6-8b77-fde9-0593-ba4d5ea832ca">
      <Execution id="0556e42f-6197-4b24-b8e2-fec54832a4c2" />
      <TestMethod codeBase="D:\actions-runner\_work\XPCO\XPCO\AllSolutions\..\MIP\PlatformPlugin\VideoOS.Platform\unittest\bin\Debug\net6.0-windows\VideoOS.Platform.Tests.dll" adapterTypeName="executor://mstestadapter/v2" className="VideoOS.Platform.Tests.UI.Controls.Automation.Serialization.AutomationObjectSerializerTest" name="Serialize_TestCases" />
    </UnitTest>
    <UnitTest name="ReadXml_ShouldReadLatitude_WhenLatitudeIsPresent" storage="d:\actions-runner\_work\xpco\xpco\allsolutions\..\mip\platformplugin\videoos.platform\unittest\bin\debug\net6.0-windows\videoos.platform.tests.dll" id="b11280c6-b927-424b-97d9-4a8daa017667">
      <Execution id="54b50136-e875-4e06-a0d5-0b579def3d5d" />
      <TestMethod codeBase="D:\actions-runner\_work\XPCO\XPCO\AllSolutions\..\MIP\PlatformPlugin\VideoOS.Platform\unittest\bin\Debug\net6.0-windows\VideoOS.Platform.Tests.dll" adapterTypeName="executor://mstestadapter/v2" className="VideoOS.Platform.Tests.Metadata.NavigationalDataTests" name="ReadXml_ShouldReadLatitude_WhenLatitudeIsPresent" />
    </UnitTest>
    <UnitTest name="IsMultiSelection_ChangesSelectionMode" storage="d:\actions-runner\_work\xpco\xpco\allsolutions\..\mip\platformplugin\videoos.platform\unittest\bin\debug\net6.0-windows\videoos.platform.tests.dll" id="1102b248-ebc3-17f0-ceef-32b216ce1ff2">
      <Execution id="5b566e28-61f9-4b0b-a0e7-20f6eedccd5a" />
      <TestMethod codeBase="D:\actions-runner\_work\XPCO\XPCO\AllSolutions\..\MIP\PlatformPlugin\VideoOS.Platform\unittest\bin\Debug\net6.0-windows\VideoOS.Platform.Tests.dll" adapterTypeName="executor://mstestadapter/v2" className="VideoOS.Platform.Tests.UI.ItemPicker.ItemPickerViewModelTest" name="IsMultiSelection_ChangesSelectionMode" />
    </UnitTest>
    <UnitTest name="GetPropertiesAsync_MultipleInvocations_DelegatedToInternalMethodOnlyOnce" storage="d:\actions-runner\_work\xpco\xpco\allsolutions\..\mip\platformplugin\videoos.platform\unittest\bin\debug\net6.0-windows\videoos.platform.tests.dll" id="46ae3a22-8d3d-7e4f-8a5b-87f63b36d2e9">
      <TestCategory>
        <TestCategoryItem TestCategory="Search" />
      </TestCategory>
      <Execution id="f6280e01-5f28-4ef3-9e04-882b1fe7b5bd" />
      <TestMethod codeBase="D:\actions-runner\_work\XPCO\XPCO\AllSolutions\..\MIP\PlatformPlugin\VideoOS.Platform\unittest\bin\Debug\net6.0-windows\VideoOS.Platform.Tests.dll" adapterTypeName="executor://mstestadapter/v2" className="VideoOS.Platform.Tests.Search.SearchResultDataTest" name="GetPropertiesAsync_MultipleInvocations_DelegatedToInternalMethodOnlyOnce" />
    </UnitTest>
    <UnitTest name="ReadXml_ShouldDiscardShape_WhenInvalidShapeIsPresent" storage="d:\actions-runner\_work\xpco\xpco\allsolutions\..\mip\platformplugin\videoos.platform\unittest\bin\debug\net6.0-windows\videoos.platform.tests.dll" id="7b925fbb-7ac1-1fe4-4372-38c14ecc5242">
      <Execution id="1ff45fc7-67f1-48ba-bbb4-f260ccc3a53c" />
      <TestMethod codeBase="D:\actions-runner\_work\XPCO\XPCO\AllSolutions\..\MIP\PlatformPlugin\VideoOS.Platform\unittest\bin\Debug\net6.0-windows\VideoOS.Platform.Tests.dll" adapterTypeName="executor://mstestadapter/v2" className="VideoOS.Platform.Tests.Metadata.AppearanceTests" name="ReadXml_ShouldDiscardShape_WhenInvalidShapeIsPresent" />
    </UnitTest>
    <UnitTest name="Ctor_OneCustomFilter_Success" storage="d:\actions-runner\_work\xpco\xpco\allsolutions\..\mip\platformplugin\videoos.platform\unittest\bin\debug\net6.0-windows\videoos.platform.tests.dll" id="d430b74b-fb63-d6ac-57a1-5a6c439392cf">
      <TestCategory>
        <TestCategoryItem TestCategory="Search" />
      </TestCategory>
      <Execution id="e7c3933a-b3f9-45fb-91c4-644088db3d37" />
      <TestMethod codeBase="D:\actions-runner\_work\XPCO\XPCO\AllSolutions\..\MIP\PlatformPlugin\VideoOS.Platform\unittest\bin\Debug\net6.0-windows\VideoOS.Platform.Tests.dll" adapterTypeName="executor://mstestadapter/v2" className="VideoOS.Platform.Tests.Search.FilterCategories.VehicleSearchFilterCategoryTest" name="Ctor_OneCustomFilter_Success" />
    </UnitTest>
    <UnitTest name="Parse_DoubleArray" storage="d:\actions-runner\_work\xpco\xpco\allsolutions\..\mip\platformplugin\videoos.platform\unittest\bin\debug\net6.0-windows\videoos.platform.tests.dll" id="85b75f82-e414-01aa-d88b-66e9836d44fd">
      <Execution id="fdc26efb-98e0-465f-aed2-8dc5dd42d17a" />
      <TestMethod codeBase="D:\actions-runner\_work\XPCO\XPCO\AllSolutions\..\MIP\PlatformPlugin\VideoOS.Platform\unittest\bin\Debug\net6.0-windows\VideoOS.Platform.Tests.dll" adapterTypeName="executor://mstestadapter/v2" className="VideoOS.Platform.Tests.Proxy.RestApi.JsonReaderTests" name="Parse_DoubleArray" />
    </UnitTest>
    <UnitTest name="CountByItems_Activated_Grace" storage="d:\actions-runner\_work\xpco\xpco\allsolutions\..\mip\platformplugin\videoos.platform\unittest\bin\debug\net6.0-windows\videoos.platform.tests.dll" id="31d165a4-0514-1831-5c27-9754c33030c7">
      <Execution id="789eb26f-05f2-4c23-b63a-f8e8f1729291" />
      <TestMethod codeBase="D:\actions-runner\_work\XPCO\XPCO\AllSolutions\..\MIP\PlatformPlugin\VideoOS.Platform\unittest\bin\Debug\net6.0-windows\VideoOS.Platform.Tests.dll" adapterTypeName="executor://mstestadapter/v2" className="VideoOS.Platform.Tests.License.ResolvedLicenseCountTest" name="CountByItems_Activated_Grace" />
    </UnitTest>
    <UnitTest name="ReadXml_ShouldIgnoreIdleChildren_WhenAlways" storage="d:\actions-runner\_work\xpco\xpco\allsolutions\..\mip\platformplugin\videoos.platform\unittest\bin\debug\net6.0-windows\videoos.platform.tests.dll" id="5367f539-e3b0-cebf-09dd-956f309e7c6e">
      <Execution id="fa5cb357-5974-4ec4-a4f2-0cc8444c6a63" />
      <TestMethod codeBase="D:\actions-runner\_work\XPCO\XPCO\AllSolutions\..\MIP\PlatformPlugin\VideoOS.Platform\unittest\bin\Debug\net6.0-windows\VideoOS.Platform.Tests.dll" adapterTypeName="executor://mstestadapter/v2" className="VideoOS.Platform.Tests.Metadata.BehaviourTests" name="ReadXml_ShouldIgnoreIdleChildren_WhenAlways" />
    </UnitTest>
    <UnitTest name="InitializeThemingSystem_ShouldNotThrowException" storage="d:\actions-runner\_work\xpco\xpco\allsolutions\..\mip\platformplugin\videoos.platform\unittest\bin\debug\net6.0-windows\videoos.platform.tests.dll" id="a7d84506-07b5-7ff8-9127-f0b1cfa053da">
      <TestCategory>
        <TestCategoryItem TestCategory="ThemeManager" />
      </TestCategory>
      <Execution id="2fa2dabe-7386-4da9-b7f6-46c7fb1e5e4f" />
      <TestMethod codeBase="D:\actions-runner\_work\XPCO\XPCO\AllSolutions\..\MIP\PlatformPlugin\VideoOS.Platform\unittest\bin\Debug\net6.0-windows\VideoOS.Platform.Tests.dll" adapterTypeName="executor://mstestadapter/v2" className="VideoOS.Platform.Tests.UI.ThemeManagerTest" name="InitializeThemingSystem_ShouldNotThrowException" />
    </UnitTest>
    <UnitTest name="StartAndCloseAll_StartsAllClientsStarted_WhenLoggedOutAndClosesThem" storage="d:\actions-runner\_work\xpco\xpco\allsolutions\..\mip\platformplugin\videoos.platform\unittest\bin\debug\net6.0-windows\videoos.platform.tests.dll" id="64b0134b-ebd0-fae9-7bd6-e6237d9640de">
      <Execution id="3e769484-b374-4a57-aadd-0065c20cf86b" />
      <TestMethod codeBase="D:\actions-runner\_work\XPCO\XPCO\AllSolutions\..\MIP\PlatformPlugin\VideoOS.Platform\unittest\bin\Debug\net6.0-windows\VideoOS.Platform.Tests.dll" adapterTypeName="executor://mstestadapter/v2" className="VideoOS.Platform.Tests.Messaging.MessageClientManagerTests" name="StartAndCloseAll_StartsAllClientsStarted_WhenLoggedOutAndClosesThem" />
    </UnitTest>
    <UnitTest name="FallbackDisplayValue_NotSet_ReturnsNull" storage="d:\actions-runner\_work\xpco\xpco\allsolutions\..\mip\platformplugin\videoos.platform\unittest\bin\debug\net6.0-windows\videoos.platform.tests.dll" id="c17413ea-faf7-b84c-6a91-46a90eb83f24">
      <TestCategory>
        <TestCategoryItem TestCategory="Search" />
      </TestCategory>
      <Execution id="f1195294-0e76-422b-bedd-aa9fbd67f7db" />
      <TestMethod codeBase="D:\actions-runner\_work\XPCO\XPCO\AllSolutions\..\MIP\PlatformPlugin\VideoOS.Platform\unittest\bin\Debug\net6.0-windows\VideoOS.Platform.Tests.dll" adapterTypeName="executor://mstestadapter/v2" className="VideoOS.Platform.Tests.Search.MultipleSelectionFilterValueTest" name="FallbackDisplayValue_NotSet_ReturnsNull" />
    </UnitTest>
    <UnitTest name="LoadedEvent_ShouldAddProxyManager_WhenFrameworkElementIsLoadedAtLaterStage" storage="d:\actions-runner\_work\xpco\xpco\allsolutions\..\mip\platformplugin\videoos.platform\unittest\bin\debug\net6.0-windows\videoos.platform.tests.dll" id="2290dc93-26ef-2adf-bfc4-c74fcd6396b2">
      <TestCategory>
        <TestCategoryItem TestCategory="EventsToCommandMappings" />
      </TestCategory>
      <Execution id="3534c515-82e3-47a0-be72-8bc3aebf7ddf" />
      <TestMethod codeBase="D:\actions-runner\_work\XPCO\XPCO\AllSolutions\..\MIP\PlatformPlugin\VideoOS.Platform\unittest\bin\Debug\net6.0-windows\VideoOS.Platform.Tests.dll" adapterTypeName="executor://mstestadapter/v2" className="VideoOS.Platform.Tests.UI.Commands.EventsToCommandMappingTest" name="LoadedEvent_ShouldAddProxyManager_WhenFrameworkElementIsLoadedAtLaterStage" />
    </UnitTest>
    <UnitTest name="GetParent_Fail" storage="d:\actions-runner\_work\xpco\xpco\allsolutions\..\mip\platformplugin\videoos.platform\unittest\bin\debug\net6.0-windows\videoos.platform.tests.dll" id="3881d3ff-e33d-04a6-6ad4-69b98dedc6b4">
      <Execution id="07c82688-d031-448e-ae80-05d9b36b1802" />
      <TestMethod codeBase="D:\actions-runner\_work\XPCO\XPCO\AllSolutions\..\MIP\PlatformPlugin\VideoOS.Platform\unittest\bin\Debug\net6.0-windows\VideoOS.Platform.Tests.dll" adapterTypeName="executor://mstestadapter/v2" className="VideoOS.Platform.Tests.FQIDtests" name="GetParent_Fail" />
    </UnitTest>
    <UnitTest name="AllowGroupSelection_SingleSelect_GroupSelected" storage="d:\actions-runner\_work\xpco\xpco\allsolutions\..\mip\platformplugin\videoos.platform\unittest\bin\debug\net6.0-windows\videoos.platform.tests.dll" id="1d3f650d-9d95-7992-7547-1b0a5cf1f2ec">
      <Execution id="ca17d930-c2bf-4703-951d-00907df7f59f" />
      <TestMethod codeBase="D:\actions-runner\_work\XPCO\XPCO\AllSolutions\..\MIP\PlatformPlugin\VideoOS.Platform\unittest\bin\Debug\net6.0-windows\VideoOS.Platform.Tests.dll" adapterTypeName="executor://mstestadapter/v2" className="VideoOS.Platform.Tests.UI.ItemPicker.ItemPickerViewModelTest" name="AllowGroupSelection_SingleSelect_GroupSelected" />
    </UnitTest>
    <UnitTest name="Ctor_OneCustomFilter_Success" storage="d:\actions-runner\_work\xpco\xpco\allsolutions\..\mip\platformplugin\videoos.platform\unittest\bin\debug\net6.0-windows\videoos.platform.tests.dll" id="a2a93cec-e7b9-3a98-e5c4-9eb836279da9">
      <TestCategory>
        <TestCategoryItem TestCategory="Search" />
      </TestCategory>
      <Execution id="c514a3aa-77fc-4d77-9707-576e6de13234" />
      <TestMethod codeBase="D:\actions-runner\_work\XPCO\XPCO\AllSolutions\..\MIP\PlatformPlugin\VideoOS.Platform\unittest\bin\Debug\net6.0-windows\VideoOS.Platform.Tests.dll" adapterTypeName="executor://mstestadapter/v2" className="VideoOS.Platform.Tests.Search.FilterCategories.PersonSearchFilterCategoryTest" name="Ctor_OneCustomFilter_Success" />
    </UnitTest>
    <UnitTest name="ReadXml_ShouldSetIsRemoved_WhenRemovedElementIsPresentWithCorrectNamespace" storage="d:\actions-runner\_work\xpco\xpco\allsolutions\..\mip\platformplugin\videoos.platform\unittest\bin\debug\net6.0-windows\videoos.platform.tests.dll" id="140c6661-e4ad-8b7b-ad2a-b9df65337e63">
      <Execution id="817295a2-da2c-40f7-8f4d-e323f49fe718" />
      <TestMethod codeBase="D:\actions-runner\_work\XPCO\XPCO\AllSolutions\..\MIP\PlatformPlugin\VideoOS.Platform\unittest\bin\Debug\net6.0-windows\VideoOS.Platform.Tests.dll" adapterTypeName="executor://mstestadapter/v2" className="VideoOS.Platform.Tests.Metadata.BehaviourTests" name="ReadXml_ShouldSetIsRemoved_WhenRemovedElementIsPresentWithCorrectNamespace" />
    </UnitTest>
    <UnitTest name="Enabled_Properties_With_Enable_False_success" storage="d:\actions-runner\_work\xpco\xpco\allsolutions\..\mip\platformplugin\videoos.platform\unittest\bin\debug\net6.0-windows\videoos.platform.tests.dll" id="f85011e7-aedc-f16d-4ec9-583569d1a8dd">
      <Execution id="1a72e59a-4abb-4669-b662-f8b057b80596" />
      <TestMethod codeBase="D:\actions-runner\_work\XPCO\XPCO\AllSolutions\..\MIP\PlatformPlugin\VideoOS.Platform\unittest\bin\Debug\net6.0-windows\VideoOS.Platform.Tests.dll" adapterTypeName="executor://mstestadapter/v2" className="VideoOS.Platform.Tests.ItemTests" name="Enabled_Properties_With_Enable_False_success" />
    </UnitTest>
    <UnitTest name="Dequeue_Success" storage="d:\actions-runner\_work\xpco\xpco\allsolutions\..\mip\platformplugin\videoos.platform\unittest\bin\debug\net6.0-windows\videoos.platform.tests.dll" id="01387d97-f9fc-82cf-fc0c-bafa84835078">
      <Execution id="5aff9148-f819-4cb0-8f9d-c12799f31827" />
      <TestMethod codeBase="D:\actions-runner\_work\XPCO\XPCO\AllSolutions\..\MIP\PlatformPlugin\VideoOS.Platform\unittest\bin\Debug\net6.0-windows\VideoOS.Platform.Tests.dll" adapterTypeName="executor://mstestadapter/v2" className="VideoOS.Platform.Tests.Util.Queue.ConcurrentQueueSlimTests" name="Dequeue_Success" />
    </UnitTest>
    <UnitTest name="Append_Property_MIPItem_LowerCase" storage="d:\actions-runner\_work\xpco\xpco\allsolutions\..\mip\platformplugin\videoos.platform\unittest\bin\debug\net6.0-windows\videoos.platform.tests.dll" id="d14f3865-eb3a-a806-eb3f-e6d1d870885d">
      <Execution id="5b79eb04-4315-4246-a211-4372f96aa39c" />
      <TestMethod codeBase="D:\actions-runner\_work\XPCO\XPCO\AllSolutions\..\MIP\PlatformPlugin\VideoOS.Platform\unittest\bin\Debug\net6.0-windows\VideoOS.Platform.Tests.dll" adapterTypeName="executor://mstestadapter/v2" className="VideoOS.Platform.Tests.Proxy.RestApi.JsonBuilderTests" name="Append_Property_MIPItem_LowerCase" />
    </UnitTest>
    <UnitTest name="GetAtOrBefore_ShouldReturnNull_WhenCacheIsEmpty" storage="d:\actions-runner\_work\xpco\xpco\allsolutions\..\mip\platformplugin\videoos.platform\unittest\bin\debug\net6.0-windows\videoos.platform.tests.dll" id="d716207e-88e3-d258-c9c3-93a6eb313656">
      <Execution id="3737b8a7-6be4-44bf-b0fe-4841a863d946" />
      <TestMethod codeBase="D:\actions-runner\_work\XPCO\XPCO\AllSolutions\..\MIP\PlatformPlugin\VideoOS.Platform\unittest\bin\Debug\net6.0-windows\VideoOS.Platform.Tests.dll" adapterTypeName="executor://mstestadapter/v2" className="VideoOS.Platform.Tests.Data.MetadataCacheTests" name="GetAtOrBefore_ShouldReturnNull_WhenCacheIsEmpty" />
    </UnitTest>
    <UnitTest name="WriteXml_ShouldWriteElements_WhenTheyHaveValues" storage="d:\actions-runner\_work\xpco\xpco\allsolutions\..\mip\platformplugin\videoos.platform\unittest\bin\debug\net6.0-windows\videoos.platform.tests.dll" id="52804f86-16d4-c4e7-0a3e-5434b8ef0f30">
      <Execution id="0e81c79f-9d11-494b-a8a8-02e4d0ebcadd" />
      <TestMethod codeBase="D:\actions-runner\_work\XPCO\XPCO\AllSolutions\..\MIP\PlatformPlugin\VideoOS.Platform\unittest\bin\Debug\net6.0-windows\VideoOS.Platform.Tests.dll" adapterTypeName="executor://mstestadapter/v2" className="VideoOS.Platform.Tests.Metadata.NavigationalDataTests" name="WriteXml_ShouldWriteElements_WhenTheyHaveValues" />
    </UnitTest>
    <UnitTest name="RegistrationsObjectId_ShouldNotChange" storage="d:\actions-runner\_work\xpco\xpco\allsolutions\..\mip\platformplugin\videoos.platform\unittest\bin\debug\net6.0-windows\videoos.platform.tests.dll" id="30519e59-52c0-4abe-69e5-75fce80dd98b">
      <Execution id="e7a2e6fb-ece9-414a-a3d3-09a48489d567" />
      <TestMethod codeBase="D:\actions-runner\_work\XPCO\XPCO\AllSolutions\..\MIP\PlatformPlugin\VideoOS.Platform\unittest\bin\Debug\net6.0-windows\VideoOS.Platform.Tests.dll" adapterTypeName="executor://mstestadapter/v2" className="VideoOS.Platform.Tests.License.LicenseCompatibilityHandlerTests" name="RegistrationsObjectId_ShouldNotChange" />
    </UnitTest>
    <UnitTest name="Minimize_ShouldReturnOneInterval_WhenListContainsTwoOverlappingIntervalsAndOneIncludesTheOtherReversed" storage="d:\actions-runner\_work\xpco\xpco\allsolutions\..\mip\platformplugin\videoos.platform\unittest\bin\debug\net6.0-windows\videoos.platform.tests.dll" id="b5bea1ce-3302-3d5c-c970-5439c8ce2d20">
      <Execution id="711b3d10-1a5b-4b0d-a1d7-a888bc3d4559" />
      <TestMethod codeBase="D:\actions-runner\_work\XPCO\XPCO\AllSolutions\..\MIP\PlatformPlugin\VideoOS.Platform\unittest\bin\Debug\net6.0-windows\VideoOS.Platform.Tests.dll" adapterTypeName="executor://mstestadapter/v2" className="VideoOS.Platform.Tests.Util.TimeIntervalTests" name="Minimize_ShouldReturnOneInterval_WhenListContainsTwoOverlappingIntervalsAndOneIncludesTheOtherReversed" />
    </UnitTest>
    <UnitTest name="Serialize_Deserialize_WithSpecialChars" storage="d:\actions-runner\_work\xpco\xpco\allsolutions\..\mip\platformplugin\videoos.platform\unittest\bin\debug\net6.0-windows\videoos.platform.tests.dll" id="88aa33f2-80ef-ffeb-281e-b6e341b95ce9">
      <Execution id="7767c166-f479-405c-ac8b-d71dc22992ad" />
      <TestMethod codeBase="D:\actions-runner\_work\XPCO\XPCO\AllSolutions\..\MIP\PlatformPlugin\VideoOS.Platform\unittest\bin\Debug\net6.0-windows\VideoOS.Platform.Tests.dll" adapterTypeName="executor://mstestadapter/v2" className="VideoOS.Platform.Tests.ItemTests" name="Serialize_Deserialize_WithSpecialChars" />
    </UnitTest>
    <UnitTest name="GenerateParameters_ShouldWriteNumberOfMetadataDevicesAsMDStream_WhenAlways" storage="d:\actions-runner\_work\xpco\xpco\allsolutions\..\mip\platformplugin\videoos.platform\unittest\bin\debug\net6.0-windows\videoos.platform.tests.dll" id="03f9a419-da0b-13cb-434c-e5eb4d3017d6">
      <Execution id="b93f203a-378c-47f5-98bb-e37dee025295" />
      <TestMethod codeBase="D:\actions-runner\_work\XPCO\XPCO\AllSolutions\..\MIP\PlatformPlugin\VideoOS.Platform\unittest\bin\Debug\net6.0-windows\VideoOS.Platform.Tests.dll" adapterTypeName="executor://mstestadapter/v2" className="VideoOS.Platform.Tests.Data.HardwareDefinitionTests" name="GenerateParameters_ShouldWriteNumberOfMetadataDevicesAsMDStream_WhenAlways" />
    </UnitTest>
    <UnitTest name="TestSearchFilterCategories_Success" storage="d:\actions-runner\_work\xpco\xpco\allsolutions\..\mip\platformplugin\videoos.platform\unittest\bin\debug\net6.0-windows\videoos.platform.tests.dll" id="1785bf0a-686c-ffbf-697b-cc5c423923de">
      <TestCategory>
        <TestCategoryItem TestCategory="Search" />
      </TestCategory>
      <Execution id="d21c39b0-ab46-4549-9367-bb409f65efe1" />
      <TestMethod codeBase="D:\actions-runner\_work\XPCO\XPCO\AllSolutions\..\MIP\PlatformPlugin\VideoOS.Platform\unittest\bin\Debug\net6.0-windows\VideoOS.Platform.Tests.dll" adapterTypeName="executor://mstestadapter/v2" className="VideoOS.Platform.Tests.Search.SearchManagerTest" name="TestSearchFilterCategories_Success" />
    </UnitTest>
    <UnitTest name="Remove_KeyNotPresent_ReturnsFalse" storage="d:\actions-runner\_work\xpco\xpco\allsolutions\..\mip\platformplugin\videoos.platform\unittest\bin\debug\net6.0-windows\videoos.platform.tests.dll" id="2dbbefa2-cb1d-4d1e-312c-2268ae3ae8a4">
      <Execution id="38d2ffc2-f103-40dc-adca-2eb6cc18d240" />
      <TestMethod codeBase="D:\actions-runner\_work\XPCO\XPCO\AllSolutions\..\MIP\PlatformPlugin\VideoOS.Platform\unittest\bin\Debug\net6.0-windows\VideoOS.Platform.Tests.dll" adapterTypeName="executor://mstestadapter/v2" className="VideoOS.Platform.Tests.Util.Queue.LRUCacheTests" name="Remove_KeyNotPresent_ReturnsFalse" />
    </UnitTest>
    <UnitTest name="SplitString_When2Levels_Trims" storage="d:\actions-runner\_work\xpco\xpco\allsolutions\..\mip\platformplugin\videoos.platform\unittest\bin\debug\net6.0-windows\videoos.platform.tests.dll" id="c64fce4a-0ee6-9d1f-f96c-3f0744a2a23b">
      <Execution id="1f52e071-e477-4d93-a2b3-0cd02b6b08ec" />
      <TestMethod codeBase="D:\actions-runner\_work\XPCO\XPCO\AllSolutions\..\MIP\PlatformPlugin\VideoOS.Platform\unittest\bin\Debug\net6.0-windows\VideoOS.Platform.Tests.dll" adapterTypeName="executor://mstestadapter/v2" className="VideoOS.Platform.Tests.Util.StringSplitterTests" name="SplitString_When2Levels_Trims" />
    </UnitTest>
    <UnitTest name="WriteXml_ShouldWriteBehaviourContents_WhenBehaviourIsNotNullAndHasBehaviour" storage="d:\actions-runner\_work\xpco\xpco\allsolutions\..\mip\platformplugin\videoos.platform\unittest\bin\debug\net6.0-windows\videoos.platform.tests.dll" id="ba884d95-61a4-037b-ab6f-8704dd43240a">
      <Execution id="afc471e0-df99-4dd8-8790-706b75fd3d74" />
      <TestMethod codeBase="D:\actions-runner\_work\XPCO\XPCO\AllSolutions\..\MIP\PlatformPlugin\VideoOS.Platform\unittest\bin\Debug\net6.0-windows\VideoOS.Platform.Tests.dll" adapterTypeName="executor://mstestadapter/v2" className="VideoOS.Platform.Tests.Metadata.OnvifObjectTests" name="WriteXml_ShouldWriteBehaviourContents_WhenBehaviourIsNotNullAndHasBehaviour" />
    </UnitTest>
    <UnitTest name="Remove_QueueStopping_Success" storage="d:\actions-runner\_work\xpco\xpco\allsolutions\..\mip\platformplugin\videoos.platform\unittest\bin\debug\net6.0-windows\videoos.platform.tests.dll" id="ddb2b30a-7c8f-3eac-d6a3-efc6f41e2e1f">
      <Execution id="34aeb81e-e2e8-423e-abac-4bb611f8ce75" />
      <TestMethod codeBase="D:\actions-runner\_work\XPCO\XPCO\AllSolutions\..\MIP\PlatformPlugin\VideoOS.Platform\unittest\bin\Debug\net6.0-windows\VideoOS.Platform.Tests.dll" adapterTypeName="executor://mstestadapter/v2" className="VideoOS.Platform.Tests.Util.Queue.ConcurrentQueueSlimTests" name="Remove_QueueStopping_Success" />
    </UnitTest>
    <UnitTest name="IsEmptyValue_SelectionFilterValue_DefaultValue_ReturnsTrue" storage="d:\actions-runner\_work\xpco\xpco\allsolutions\..\mip\platformplugin\videoos.platform\unittest\bin\debug\net6.0-windows\videoos.platform.tests.dll" id="57774d4f-0e88-d290-a792-720e504514ba">
      <TestCategory>
        <TestCategoryItem TestCategory="Search" />
      </TestCategory>
      <Execution id="baa07c98-5488-4698-bed0-f1b4e5fc03cd" />
      <TestMethod codeBase="D:\actions-runner\_work\XPCO\XPCO\AllSolutions\..\MIP\PlatformPlugin\VideoOS.Platform\unittest\bin\Debug\net6.0-windows\VideoOS.Platform.Tests.dll" adapterTypeName="executor://mstestadapter/v2" className="VideoOS.Platform.Tests.Search.SearchFilterTest" name="IsEmptyValue_SelectionFilterValue_DefaultValue_ReturnsTrue" />
    </UnitTest>
    <UnitTest name="ReadXml_ShouldLogWarning_WhenTypeIsNotPresent" storage="d:\actions-runner\_work\xpco\xpco\allsolutions\..\mip\platformplugin\videoos.platform\unittest\bin\debug\net6.0-windows\videoos.platform.tests.dll" id="d0ba50f6-c050-7856-3856-4bb2c3dada0c">
      <Execution id="1982f8bd-99f7-42fc-b93a-b32005091908" />
      <TestMethod codeBase="D:\actions-runner\_work\XPCO\XPCO\AllSolutions\..\MIP\PlatformPlugin\VideoOS.Platform\unittest\bin\Debug\net6.0-windows\VideoOS.Platform.Tests.dll" adapterTypeName="executor://mstestadapter/v2" className="VideoOS.Platform.Tests.Metadata.ClassCandidateTests" name="ReadXml_ShouldLogWarning_WhenTypeIsNotPresent" />
    </UnitTest>
    <UnitTest name="ReadXml_ShouldReadShapeContents_WhenShapeIsPresent" storage="d:\actions-runner\_work\xpco\xpco\allsolutions\..\mip\platformplugin\videoos.platform\unittest\bin\debug\net6.0-windows\videoos.platform.tests.dll" id="e5b93c93-857a-cdf9-0341-1a0dd042c5e9">
      <Execution id="3a2cd638-844e-437f-aa6a-87691ba8a28d" />
      <TestMethod codeBase="D:\actions-runner\_work\XPCO\XPCO\AllSolutions\..\MIP\PlatformPlugin\VideoOS.Platform\unittest\bin\Debug\net6.0-windows\VideoOS.Platform.Tests.dll" adapterTypeName="executor://mstestadapter/v2" className="VideoOS.Platform.Tests.Metadata.AppearanceTests" name="ReadXml_ShouldReadShapeContents_WhenShapeIsPresent" />
    </UnitTest>
    <UnitTest name="WriteXml_ShouldOmitBoundingBoxAppearanceElements_WhenTheyAreNotPresent" storage="d:\actions-runner\_work\xpco\xpco\allsolutions\..\mip\platformplugin\videoos.platform\unittest\bin\debug\net6.0-windows\videoos.platform.tests.dll" id="4fc7265c-8aa9-4dcf-df19-f51dedafe8a7">
      <Execution id="18a88c56-cb54-48c0-8011-bc40828e6f57" />
      <TestMethod codeBase="D:\actions-runner\_work\XPCO\XPCO\AllSolutions\..\MIP\PlatformPlugin\VideoOS.Platform\unittest\bin\Debug\net6.0-windows\VideoOS.Platform.Tests.dll" adapterTypeName="executor://mstestadapter/v2" className="VideoOS.Platform.Tests.Metadata.ShapeTests" name="WriteXml_ShouldOmitBoundingBoxAppearanceElements_WhenTheyAreNotPresent" />
    </UnitTest>
    <UnitTest name="GenerateDeviceParameters_ShouldWriteCorrectFps_WhenFpsIsInRange" storage="d:\actions-runner\_work\xpco\xpco\allsolutions\..\mip\platformplugin\videoos.platform\unittest\bin\debug\net6.0-windows\videoos.platform.tests.dll" id="5737235c-4c26-da22-d231-8a538d9299e8">
      <Execution id="d19fbf80-c44f-4a4f-96c7-e61755ae9037" />
      <TestMethod codeBase="D:\actions-runner\_work\XPCO\XPCO\AllSolutions\..\MIP\PlatformPlugin\VideoOS.Platform\unittest\bin\Debug\net6.0-windows\VideoOS.Platform.Tests.dll" adapterTypeName="executor://mstestadapter/v2" className="VideoOS.Platform.Tests.Data.CameraDeviceDefinitionTests" name="GenerateDeviceParameters_ShouldWriteCorrectFps_WhenFpsIsInRange" />
    </UnitTest>
    <UnitTest name="FindCacheEntryBefore_ShuldReturnNull_WhenTheCacheIsEmpty" storage="d:\actions-runner\_work\xpco\xpco\allsolutions\..\mip\platformplugin\videoos.platform\unittest\bin\debug\net6.0-windows\videoos.platform.tests.dll" id="4fd7ef13-73a5-f651-dedc-2514dfae7f93">
      <Execution id="fd0379ec-28e9-4af6-b13c-513fd7fdd1e8" />
      <TestMethod codeBase="D:\actions-runner\_work\XPCO\XPCO\AllSolutions\..\MIP\PlatformPlugin\VideoOS.Platform\unittest\bin\Debug\net6.0-windows\VideoOS.Platform.Tests.dll" adapterTypeName="executor://mstestadapter/v2" className="VideoOS.Platform.Tests.Data.MetadataCacheTests" name="FindCacheEntryBefore_ShuldReturnNull_WhenTheCacheIsEmpty" />
    </UnitTest>
    <UnitTest name="Serialize_TestCases (TestParentTypeMatchGenericNotThisTypeNotMatched)" storage="d:\actions-runner\_work\xpco\xpco\allsolutions\..\mip\platformplugin\videoos.platform\unittest\bin\debug\net6.0-windows\videoos.platform.tests.dll" id="7697c577-4d5f-2be5-faec-cf049908ed7a">
      <Execution id="50a934e8-87f2-4097-b8de-eb5420704d9d" />
      <TestMethod codeBase="D:\actions-runner\_work\XPCO\XPCO\AllSolutions\..\MIP\PlatformPlugin\VideoOS.Platform\unittest\bin\Debug\net6.0-windows\VideoOS.Platform.Tests.dll" adapterTypeName="executor://mstestadapter/v2" className="VideoOS.Platform.Tests.UI.Controls.Automation.Serialization.AutomationObjectSerializerTest" name="Serialize_TestCases" />
    </UnitTest>
    <UnitTest name="Serialize_TestCases (Verify root Interface (not null) property get property value)" storage="d:\actions-runner\_work\xpco\xpco\allsolutions\..\mip\platformplugin\videoos.platform\unittest\bin\debug\net6.0-windows\videoos.platform.tests.dll" id="f2ff9b13-7b8e-c847-8a5c-fd82e1ab203f">
      <Execution id="a3b55200-443d-43fd-9a1e-82644527663e" />
      <TestMethod codeBase="D:\actions-runner\_work\XPCO\XPCO\AllSolutions\..\MIP\PlatformPlugin\VideoOS.Platform\unittest\bin\Debug\net6.0-windows\VideoOS.Platform.Tests.dll" adapterTypeName="executor://mstestadapter/v2" className="VideoOS.Platform.Tests.UI.Controls.Automation.Serialization.AutomationObjectSerializerTest" name="Serialize_TestCases" />
    </UnitTest>
    <UnitTest name="CreateSearchResultUserControl_MultiplePluginsSameResultType_LastPluginWins" storage="d:\actions-runner\_work\xpco\xpco\allsolutions\..\mip\platformplugin\videoos.platform\unittest\bin\debug\net6.0-windows\videoos.platform.tests.dll" id="6133b6d9-a9f1-1617-1674-43e83f8cc1f4">
      <TestCategory>
        <TestCategoryItem TestCategory="Search" />
      </TestCategory>
      <Execution id="6145809d-7151-4ca3-8cdd-54668a3fb475" />
      <TestMethod codeBase="D:\actions-runner\_work\XPCO\XPCO\AllSolutions\..\MIP\PlatformPlugin\VideoOS.Platform\unittest\bin\Debug\net6.0-windows\VideoOS.Platform.Tests.dll" adapterTypeName="executor://mstestadapter/v2" className="VideoOS.Platform.Tests.Search.SearchUserControlResolverTest" name="CreateSearchResultUserControl_MultiplePluginsSameResultType_LastPluginWins" />
    </UnitTest>
    <UnitTest name="ReadXml_ShouldSetAllFieldsToNull_WhenElementIsEmpty" storage="d:\actions-runner\_work\xpco\xpco\allsolutions\..\mip\platformplugin\videoos.platform\unittest\bin\debug\net6.0-windows\videoos.platform.tests.dll" id="a78e107f-188e-49af-b7fb-8b9962cefe26">
      <Execution id="2514ba1c-f004-4550-8632-62521eed737c" />
      <TestMethod codeBase="D:\actions-runner\_work\XPCO\XPCO\AllSolutions\..\MIP\PlatformPlugin\VideoOS.Platform\unittest\bin\Debug\net6.0-windows\VideoOS.Platform.Tests.dll" adapterTypeName="executor://mstestadapter/v2" className="VideoOS.Platform.Tests.Metadata.TransformationTests" name="ReadXml_ShouldSetAllFieldsToNull_WhenElementIsEmpty" />
    </UnitTest>
    <UnitTest name="Serialize_ShouldIncludeOptionDecorations_WhenPropertyIsObjectAndNoPropertiesRequestedInPath" storage="d:\actions-runner\_work\xpco\xpco\allsolutions\..\mip\platformplugin\videoos.platform\unittest\bin\debug\net6.0-windows\videoos.platform.tests.dll" id="e9e566d8-8c2f-a5c9-6e03-2549ae458328">
      <Execution id="b94186ba-8699-44fd-aac0-f7ed28d70419" />
      <TestMethod codeBase="D:\actions-runner\_work\XPCO\XPCO\AllSolutions\..\MIP\PlatformPlugin\VideoOS.Platform\unittest\bin\Debug\net6.0-windows\VideoOS.Platform.Tests.dll" adapterTypeName="executor://mstestadapter/v2" className="VideoOS.Platform.Tests.UI.Controls.Automation.Serialization.AutomationObjectSerializerTest" name="Serialize_ShouldIncludeOptionDecorations_WhenPropertyIsObjectAndNoPropertiesRequestedInPath" />
    </UnitTest>
    <UnitTest name="ReadAppearanceExtensionXml_ShouldReadAllExtensions_WhenAllArePresent" storage="d:\actions-runner\_work\xpco\xpco\allsolutions\..\mip\platformplugin\videoos.platform\unittest\bin\debug\net6.0-windows\videoos.platform.tests.dll" id="8b195963-a10c-3838-31ba-4f1e91ab5dfb">
      <Execution id="31b410fd-f551-4d7c-9af8-b74518e7e05e" />
      <TestMethod codeBase="D:\actions-runner\_work\XPCO\XPCO\AllSolutions\..\MIP\PlatformPlugin\VideoOS.Platform\unittest\bin\Debug\net6.0-windows\VideoOS.Platform.Tests.dll" adapterTypeName="executor://mstestadapter/v2" className="VideoOS.Platform.Tests.Metadata.RectangleTests" name="ReadAppearanceExtensionXml_ShouldReadAllExtensions_WhenAllArePresent" />
    </UnitTest>
    <UnitTest name="Set_Int_On_String" storage="d:\actions-runner\_work\xpco\xpco\allsolutions\..\mip\platformplugin\videoos.platform\unittest\bin\debug\net6.0-windows\videoos.platform.tests.dll" id="44388fe8-f4d9-9727-56d6-63d8a6beeb9b">
      <Execution id="844f7dfd-49b5-4850-aa86-6c5468b6214f" />
      <TestMethod codeBase="D:\actions-runner\_work\XPCO\XPCO\AllSolutions\..\MIP\PlatformPlugin\VideoOS.Platform\unittest\bin\Debug\net6.0-windows\VideoOS.Platform.Tests.dll" adapterTypeName="executor://mstestadapter/v2" className="VideoOS.Platform.Tests.Proxy.RestApi.JsonReaderTests" name="Set_Int_On_String" />
    </UnitTest>
    <UnitTest name="Parse_String_WithSpecialChars" storage="d:\actions-runner\_work\xpco\xpco\allsolutions\..\mip\platformplugin\videoos.platform\unittest\bin\debug\net6.0-windows\videoos.platform.tests.dll" id="7e9864c3-ffac-3e60-e067-d303ea811382">
      <Execution id="52a206df-fb3d-4ff0-b80e-b197d73bc21c" />
      <TestMethod codeBase="D:\actions-runner\_work\XPCO\XPCO\AllSolutions\..\MIP\PlatformPlugin\VideoOS.Platform\unittest\bin\Debug\net6.0-windows\VideoOS.Platform.Tests.dll" adapterTypeName="executor://mstestadapter/v2" className="VideoOS.Platform.Tests.Proxy.RestApi.JsonReaderTests" name="Parse_String_WithSpecialChars" />
    </UnitTest>
    <UnitTest name="WriteMetadataXmlWithStream_ShouldWriteRootElement_WhenDataIsPresent" storage="d:\actions-runner\_work\xpco\xpco\allsolutions\..\mip\platformplugin\videoos.platform\unittest\bin\debug\net6.0-windows\videoos.platform.tests.dll" id="c4adad9d-ea20-a13f-97f1-44293498d06e">
      <Execution id="6fc4e129-102e-4c0a-b5ef-eac8ad4de0b9" />
      <TestMethod codeBase="D:\actions-runner\_work\XPCO\XPCO\AllSolutions\..\MIP\PlatformPlugin\VideoOS.Platform\unittest\bin\Debug\net6.0-windows\VideoOS.Platform.Tests.dll" adapterTypeName="executor://mstestadapter/v2" className="VideoOS.Platform.Tests.Metadata.MetadataSerializerTests" name="WriteMetadataXmlWithStream_ShouldWriteRootElement_WhenDataIsPresent" />
    </UnitTest>
    <UnitTest name="OverlapsWith_ShouldReturnFalse_WhenArgumenEndIsEqualToStart" storage="d:\actions-runner\_work\xpco\xpco\allsolutions\..\mip\platformplugin\videoos.platform\unittest\bin\debug\net6.0-windows\videoos.platform.tests.dll" id="78226ef2-fcbe-8c02-29f4-cc48e0495b30">
      <Execution id="68292e67-de66-48a6-a069-cf6256575452" />
      <TestMethod codeBase="D:\actions-runner\_work\XPCO\XPCO\AllSolutions\..\MIP\PlatformPlugin\VideoOS.Platform\unittest\bin\Debug\net6.0-windows\VideoOS.Platform.Tests.dll" adapterTypeName="executor://mstestadapter/v2" className="VideoOS.Platform.Tests.Util.TimeIntervalTests" name="OverlapsWith_ShouldReturnFalse_WhenArgumenEndIsEqualToStart" />
    </UnitTest>
    <UnitTest name="Unescape_Success" storage="d:\actions-runner\_work\xpco\xpco\allsolutions\..\mip\platformplugin\videoos.platform\unittest\bin\debug\net6.0-windows\videoos.platform.tests.dll" id="a26aca48-0992-fb7f-2394-abc4cff3b453">
      <Execution id="6d8386fb-cce9-441c-8269-106ef6c7d6ac" />
      <TestMethod codeBase="D:\actions-runner\_work\XPCO\XPCO\AllSolutions\..\MIP\PlatformPlugin\VideoOS.Platform\unittest\bin\Debug\net6.0-windows\VideoOS.Platform.Tests.dll" adapterTypeName="executor://mstestadapter/v2" className="VideoOS.Platform.Tests.Util.StringSplitterTests" name="Unescape_Success" />
    </UnitTest>
    <UnitTest name="Equals_Success" storage="d:\actions-runner\_work\xpco\xpco\allsolutions\..\mip\platformplugin\videoos.platform\unittest\bin\debug\net6.0-windows\videoos.platform.tests.dll" id="35a57cb6-17e3-2864-373a-0a8f0a5d8876">
      <Execution id="5e3fa9c7-c656-4bf1-b83c-e1e453a371b7" />
      <TestMethod codeBase="D:\actions-runner\_work\XPCO\XPCO\AllSolutions\..\MIP\PlatformPlugin\VideoOS.Platform\unittest\bin\Debug\net6.0-windows\VideoOS.Platform.Tests.dll" adapterTypeName="executor://mstestadapter/v2" className="VideoOS.Platform.Tests.Messaging.CommunicationIdFilterTests" name="Equals_Success" />
    </UnitTest>
    <UnitTest name="Stop_EmptyQueue_IsStoppingSetButIsStoppedNotSet" storage="d:\actions-runner\_work\xpco\xpco\allsolutions\..\mip\platformplugin\videoos.platform\unittest\bin\debug\net6.0-windows\videoos.platform.tests.dll" id="cfc09053-dd65-09af-3398-2d1e903d515a">
      <Execution id="d95b7d4b-69e4-4d7d-870a-b6fa636dee4b" />
      <TestMethod codeBase="D:\actions-runner\_work\XPCO\XPCO\AllSolutions\..\MIP\PlatformPlugin\VideoOS.Platform\unittest\bin\Debug\net6.0-windows\VideoOS.Platform.Tests.dll" adapterTypeName="executor://mstestadapter/v2" className="VideoOS.Platform.Tests.Util.Queue.ConcurrentQueueSlimTests" name="Stop_EmptyQueue_IsStoppingSetButIsStoppedNotSet" />
    </UnitTest>
    <UnitTest name="TestMultiLevelQueue_TwoLevels_ParallelResourceProcessors_Success" storage="d:\actions-runner\_work\xpco\xpco\allsolutions\..\mip\platformplugin\videoos.platform\unittest\bin\debug\net6.0-windows\videoos.platform.tests.dll" id="d322c036-f127-a7c3-54cb-2755a84ecb70">
      <Execution id="2e84bd94-2e37-4636-be4e-888e76ed3585" />
      <TestMethod codeBase="D:\actions-runner\_work\XPCO\XPCO\AllSolutions\..\MIP\PlatformPlugin\VideoOS.Platform\unittest\bin\Debug\net6.0-windows\VideoOS.Platform.Tests.dll" adapterTypeName="executor://mstestadapter/v2" className="VideoOS.Platform.Tests.Util.Queue.MultiLevelResourceQueueTests" name="TestMultiLevelQueue_TwoLevels_ParallelResourceProcessors_Success" />
    </UnitTest>
    <UnitTest name="GenerateDeviceCapabilityParameters_ShouldAddSubclassParameters_WhenAlways" storage="d:\actions-runner\_work\xpco\xpco\allsolutions\..\mip\platformplugin\videoos.platform\unittest\bin\debug\net6.0-windows\videoos.platform.tests.dll" id="bc0974a0-deaf-8644-39a5-1ed48142447f">
      <Execution id="4be07e04-5cea-42b8-abca-6f879bdaf9d0" />
      <TestMethod codeBase="D:\actions-runner\_work\XPCO\XPCO\AllSolutions\..\MIP\PlatformPlugin\VideoOS.Platform\unittest\bin\Debug\net6.0-windows\VideoOS.Platform.Tests.dll" adapterTypeName="executor://mstestadapter/v2" className="VideoOS.Platform.Tests.Data.MetadataDeviceCapabilityTests" name="GenerateDeviceCapabilityParameters_ShouldAddSubclassParameters_WhenAlways" />
    </UnitTest>
    <UnitTest name="IsVisibleCallback_OnlyAllowedItemsVisible" storage="d:\actions-runner\_work\xpco\xpco\allsolutions\..\mip\platformplugin\videoos.platform\unittest\bin\debug\net6.0-windows\videoos.platform.tests.dll" id="0fbf3694-a7c3-3fef-5348-e45949735e92">
      <Execution id="94749559-3e2f-41a9-93e2-cd6733088442" />
      <TestMethod codeBase="D:\actions-runner\_work\XPCO\XPCO\AllSolutions\..\MIP\PlatformPlugin\VideoOS.Platform\unittest\bin\Debug\net6.0-windows\VideoOS.Platform.Tests.dll" adapterTypeName="executor://mstestadapter/v2" className="VideoOS.Platform.Tests.UI.ItemPicker.PopulateThreadTest" name="IsVisibleCallback_OnlyAllowedItemsVisible" />
    </UnitTest>
    <UnitTest name="GetNearest_ShouldReturnDataFromCacheWithoutCallingToolkit_WhenDataIsPresentInCache" storage="d:\actions-runner\_work\xpco\xpco\allsolutions\..\mip\platformplugin\videoos.platform\unittest\bin\debug\net6.0-windows\videoos.platform.tests.dll" id="d7001884-5531-566e-871c-306c552a41f9">
      <Execution id="cfaa6357-3491-4d45-95ed-b0e0a1fd0b57" />
      <TestMethod codeBase="D:\actions-runner\_work\XPCO\XPCO\AllSolutions\..\MIP\PlatformPlugin\VideoOS.Platform\unittest\bin\Debug\net6.0-windows\VideoOS.Platform.Tests.dll" adapterTypeName="executor://mstestadapter/v2" className="VideoOS.Platform.Tests.Data.MetadataPlaybackSourceTests" name="GetNearest_ShouldReturnDataFromCacheWithoutCallingToolkit_WhenDataIsPresentInCache" />
    </UnitTest>
    <UnitTest name="Serialize_TestCases (TestParentTypeMatchObjectThisTypeNotMatched)" storage="d:\actions-runner\_work\xpco\xpco\allsolutions\..\mip\platformplugin\videoos.platform\unittest\bin\debug\net6.0-windows\videoos.platform.tests.dll" id="3372ebee-2694-cd8c-3837-7e4b7c8e7b0c">
      <Execution id="b5fab5ac-09ff-4ede-9869-e51b1a78c150" />
      <TestMethod codeBase="D:\actions-runner\_work\XPCO\XPCO\AllSolutions\..\MIP\PlatformPlugin\VideoOS.Platform\unittest\bin\Debug\net6.0-windows\VideoOS.Platform.Tests.dll" adapterTypeName="executor://mstestadapter/v2" className="VideoOS.Platform.Tests.UI.Controls.Automation.Serialization.AutomationObjectSerializerTest" name="Serialize_TestCases" />
    </UnitTest>
    <UnitTest name="ReadXml_ShouldReadXAttribute_WhenPresent" storage="d:\actions-runner\_work\xpco\xpco\allsolutions\..\mip\platformplugin\videoos.platform\unittest\bin\debug\net6.0-windows\videoos.platform.tests.dll" id="038e82e7-0736-b906-6069-bf165dcdf81d">
      <Execution id="3350a6ee-de74-4451-b99b-c50350b0da4e" />
      <TestMethod codeBase="D:\actions-runner\_work\XPCO\XPCO\AllSolutions\..\MIP\PlatformPlugin\VideoOS.Platform\unittest\bin\Debug\net6.0-windows\VideoOS.Platform.Tests.dll" adapterTypeName="executor://mstestadapter/v2" className="VideoOS.Platform.Tests.Metadata.VectorTests" name="ReadXml_ShouldReadXAttribute_WhenPresent" />
    </UnitTest>
    <UnitTest name="TestMultiLevelQueue_TwoLevels_DifferentLevelIdentifiers_Success" storage="d:\actions-runner\_work\xpco\xpco\allsolutions\..\mip\platformplugin\videoos.platform\unittest\bin\debug\net6.0-windows\videoos.platform.tests.dll" id="5d87446d-b17e-e82f-a4a3-ee27c1dfacd1">
      <Execution id="dbc14143-b836-4994-8c3e-f62b9230fa2a" />
      <TestMethod codeBase="D:\actions-runner\_work\XPCO\XPCO\AllSolutions\..\MIP\PlatformPlugin\VideoOS.Platform\unittest\bin\Debug\net6.0-windows\VideoOS.Platform.Tests.dll" adapterTypeName="executor://mstestadapter/v2" className="VideoOS.Platform.Tests.Util.Queue.MultiLevelResourceQueueTests" name="TestMultiLevelQueue_TwoLevels_DifferentLevelIdentifiers_Success" />
    </UnitTest>
    <UnitTest name="AllAttributesWerePresent_ShouldReturnFalse_WhenBottomAttributeIsNotAFloat" storage="d:\actions-runner\_work\xpco\xpco\allsolutions\..\mip\platformplugin\videoos.platform\unittest\bin\debug\net6.0-windows\videoos.platform.tests.dll" id="e8ad2706-3327-0bd0-6928-db3b3e6344dc">
      <Execution id="2ef73680-6772-4a2c-8bdf-3bcb2db4e674" />
      <TestMethod codeBase="D:\actions-runner\_work\XPCO\XPCO\AllSolutions\..\MIP\PlatformPlugin\VideoOS.Platform\unittest\bin\Debug\net6.0-windows\VideoOS.Platform.Tests.dll" adapterTypeName="executor://mstestadapter/v2" className="VideoOS.Platform.Tests.Metadata.RectangleTests" name="AllAttributesWerePresent_ShouldReturnFalse_WhenBottomAttributeIsNotAFloat" />
    </UnitTest>
    <UnitTest name="Serialize_TestCases (TestParentTypeMatchBoolNotThisTypeMatched)" storage="d:\actions-runner\_work\xpco\xpco\allsolutions\..\mip\platformplugin\videoos.platform\unittest\bin\debug\net6.0-windows\videoos.platform.tests.dll" id="80eb5992-c82a-ed44-e16c-bbd14f90a9d1">
      <Execution id="b994d6d3-5e60-4fd7-ba39-142b406be709" />
      <TestMethod codeBase="D:\actions-runner\_work\XPCO\XPCO\AllSolutions\..\MIP\PlatformPlugin\VideoOS.Platform\unittest\bin\Debug\net6.0-windows\VideoOS.Platform.Tests.dll" adapterTypeName="executor://mstestadapter/v2" className="VideoOS.Platform.Tests.UI.Controls.Automation.Serialization.AutomationObjectSerializerTest" name="Serialize_TestCases" />
    </UnitTest>
    <UnitTest name="GetBegin_ShouldReturnNull_WhenThereIsNoData" storage="d:\actions-runner\_work\xpco\xpco\allsolutions\..\mip\platformplugin\videoos.platform\unittest\bin\debug\net6.0-windows\videoos.platform.tests.dll" id="47b928b9-6c48-7599-b49a-10b524a65d0b">
      <Execution id="dd6af944-8f95-4331-a344-98c0390b6833" />
      <TestMethod codeBase="D:\actions-runner\_work\XPCO\XPCO\AllSolutions\..\MIP\PlatformPlugin\VideoOS.Platform\unittest\bin\Debug\net6.0-windows\VideoOS.Platform.Tests.dll" adapterTypeName="executor://mstestadapter/v2" className="VideoOS.Platform.Tests.Data.MetadataPlaybackSourceTests" name="GetBegin_ShouldReturnNull_WhenThereIsNoData" />
    </UnitTest>
    <UnitTest name="JsonReader_ErrorResponse_Success" storage="d:\actions-runner\_work\xpco\xpco\allsolutions\..\mip\platformplugin\videoos.platform\unittest\bin\debug\net6.0-windows\videoos.platform.tests.dll" id="e683acf1-8f1f-37ca-c494-91edf8586d46">
      <Execution id="30373424-50fe-4907-9aa8-a2bad2e88b55" />
      <TestMethod codeBase="D:\actions-runner\_work\XPCO\XPCO\AllSolutions\..\MIP\PlatformPlugin\VideoOS.Platform\unittest\bin\Debug\net6.0-windows\VideoOS.Platform.Tests.dll" adapterTypeName="executor://mstestadapter/v2" className="VideoOS.Platform.Tests.Proxy.RestApi.JsonReaderTests" name="JsonReader_ErrorResponse_Success" />
    </UnitTest>
    <UnitTest name="Serialize_ShouldThrowException_WhenPropertyCollectionTypeButPathDoesNotIndicateCollection (CollectionNotEmptyListProperty)" storage="d:\actions-runner\_work\xpco\xpco\allsolutions\..\mip\platformplugin\videoos.platform\unittest\bin\debug\net6.0-windows\videoos.platform.tests.dll" id="4c86b04f-d23f-a2c9-e114-14c57820d810">
      <Execution id="ab210a0e-aa48-4f07-b8df-b1397cd39e37" />
      <TestMethod codeBase="D:\actions-runner\_work\XPCO\XPCO\AllSolutions\..\MIP\PlatformPlugin\VideoOS.Platform\unittest\bin\Debug\net6.0-windows\VideoOS.Platform.Tests.dll" adapterTypeName="executor://mstestadapter/v2" className="VideoOS.Platform.Tests.UI.Controls.Automation.Serialization.AutomationObjectSerializerTest" name="Serialize_ShouldThrowException_WhenPropertyCollectionTypeButPathDoesNotIndicateCollection" />
    </UnitTest>
    <UnitTest name="Serialize_ShouldIncludeOptionDecorations_WhenPropertyIsCollectionOfObjectsAndNoPropertiesRequestedInPath" storage="d:\actions-runner\_work\xpco\xpco\allsolutions\..\mip\platformplugin\videoos.platform\unittest\bin\debug\net6.0-windows\videoos.platform.tests.dll" id="8d35e87b-236d-d2d1-5276-ca6f3e50fdcb">
      <Execution id="af8dfce1-dad0-4bbb-be79-6be38e425072" />
      <TestMethod codeBase="D:\actions-runner\_work\XPCO\XPCO\AllSolutions\..\MIP\PlatformPlugin\VideoOS.Platform\unittest\bin\Debug\net6.0-windows\VideoOS.Platform.Tests.dll" adapterTypeName="executor://mstestadapter/v2" className="VideoOS.Platform.Tests.UI.Controls.Automation.Serialization.AutomationObjectSerializerTest" name="Serialize_ShouldIncludeOptionDecorations_WhenPropertyIsCollectionOfObjectsAndNoPropertiesRequestedInPath" />
    </UnitTest>
    <UnitTest name="GetCompatibilityHandler_ShouldReturnFips_WhenCallingFipsCompliantSystem_20_3" storage="d:\actions-runner\_work\xpco\xpco\allsolutions\..\mip\platformplugin\videoos.platform\unittest\bin\debug\net6.0-windows\videoos.platform.tests.dll" id="529dab04-2278-118b-6ef7-08fc1ab4d8b0">
      <Execution id="4e4f065e-7a00-4a20-83dd-fc8ef8961061" />
      <TestMethod codeBase="D:\actions-runner\_work\XPCO\XPCO\AllSolutions\..\MIP\PlatformPlugin\VideoOS.Platform\unittest\bin\Debug\net6.0-windows\VideoOS.Platform.Tests.dll" adapterTypeName="executor://mstestadapter/v2" className="VideoOS.Platform.Tests.License.LicenseManagerTests" name="GetCompatibilityHandler_ShouldReturnFips_WhenCallingFipsCompliantSystem_20_3" />
    </UnitTest>
    <UnitTest name="CreateSearchFilterEditControl_PluginReturnsNull_ReturnsNull" storage="d:\actions-runner\_work\xpco\xpco\allsolutions\..\mip\platformplugin\videoos.platform\unittest\bin\debug\net6.0-windows\videoos.platform.tests.dll" id="e4e07f2b-adba-7b75-6902-9e3a9d332cfe">
      <TestCategory>
        <TestCategoryItem TestCategory="Search" />
      </TestCategory>
      <Execution id="5b853e22-607e-4a65-8161-b2f209c77e30" />
      <TestMethod codeBase="D:\actions-runner\_work\XPCO\XPCO\AllSolutions\..\MIP\PlatformPlugin\VideoOS.Platform\unittest\bin\Debug\net6.0-windows\VideoOS.Platform.Tests.dll" adapterTypeName="executor://mstestadapter/v2" className="VideoOS.Platform.Tests.Search.SearchUserControlResolverTest" name="CreateSearchFilterEditControl_PluginReturnsNull_ReturnsNull" />
    </UnitTest>
    <UnitTest name="WriteXml_ShouldWriteTopAttribute_WhenAlays" storage="d:\actions-runner\_work\xpco\xpco\allsolutions\..\mip\platformplugin\videoos.platform\unittest\bin\debug\net6.0-windows\videoos.platform.tests.dll" id="7fa99fc8-4dae-9088-0c08-813290a88ab6">
      <Execution id="499f22f0-d3d2-4b20-a8d6-fcff4bde2fc3" />
      <TestMethod codeBase="D:\actions-runner\_work\XPCO\XPCO\AllSolutions\..\MIP\PlatformPlugin\VideoOS.Platform\unittest\bin\Debug\net6.0-windows\VideoOS.Platform.Tests.dll" adapterTypeName="executor://mstestadapter/v2" className="VideoOS.Platform.Tests.Metadata.RectangleTests" name="WriteXml_ShouldWriteTopAttribute_WhenAlays" />
    </UnitTest>
    <UnitTest name="ReadXml_ShouldReadAzimuth_WhenAzimuthIsPresent" storage="d:\actions-runner\_work\xpco\xpco\allsolutions\..\mip\platformplugin\videoos.platform\unittest\bin\debug\net6.0-windows\videoos.platform.tests.dll" id="29b14ef8-e43d-41e1-d5fc-d7d493be4940">
      <Execution id="0e44cb6e-e708-4b8b-8d9d-7274ad56a1f9" />
      <TestMethod codeBase="D:\actions-runner\_work\XPCO\XPCO\AllSolutions\..\MIP\PlatformPlugin\VideoOS.Platform\unittest\bin\Debug\net6.0-windows\VideoOS.Platform.Tests.dll" adapterTypeName="executor://mstestadapter/v2" className="VideoOS.Platform.Tests.Metadata.NavigationalDataTests" name="ReadXml_ShouldReadAzimuth_WhenAzimuthIsPresent" />
    </UnitTest>
    <UnitTest name="Set_String" storage="d:\actions-runner\_work\xpco\xpco\allsolutions\..\mip\platformplugin\videoos.platform\unittest\bin\debug\net6.0-windows\videoos.platform.tests.dll" id="48eac079-0542-ec87-ddd8-945c77d287cd">
      <Execution id="5a2fd61d-8197-4ae9-b44f-4e7f8d523494" />
      <TestMethod codeBase="D:\actions-runner\_work\XPCO\XPCO\AllSolutions\..\MIP\PlatformPlugin\VideoOS.Platform\unittest\bin\Debug\net6.0-windows\VideoOS.Platform.Tests.dll" adapterTypeName="executor://mstestadapter/v2" className="VideoOS.Platform.Tests.Proxy.RestApi.JsonReaderTests" name="Set_String" />
    </UnitTest>
    <UnitTest name="ReadXml_ShouldSetAllFieldsToDefaultValues_WhenElementIsEmpty" storage="d:\actions-runner\_work\xpco\xpco\allsolutions\..\mip\platformplugin\videoos.platform\unittest\bin\debug\net6.0-windows\videoos.platform.tests.dll" id="66b56aea-40c3-2481-4b5e-49255676d9f1">
      <Execution id="5ea13ac8-e14a-4b6a-936c-f78ff55ea606" />
      <TestMethod codeBase="D:\actions-runner\_work\XPCO\XPCO\AllSolutions\..\MIP\PlatformPlugin\VideoOS.Platform\unittest\bin\Debug\net6.0-windows\VideoOS.Platform.Tests.dll" adapterTypeName="executor://mstestadapter/v2" className="VideoOS.Platform.Tests.Metadata.OnvifObjectTests" name="ReadXml_ShouldSetAllFieldsToDefaultValues_WhenElementIsEmpty" />
    </UnitTest>
    <UnitTest name="CollectionReplaced_ShouldInvokeCallback_WhenNotObservable" storage="d:\actions-runner\_work\xpco\xpco\allsolutions\..\mip\platformplugin\videoos.platform\unittest\bin\debug\net6.0-windows\videoos.platform.tests.dll" id="03519c29-5d68-745a-351e-45c267ad13e8">
      <Execution id="858f73b9-78ae-4746-b4ef-8dbf29b71dbc" />
      <TestMethod codeBase="D:\actions-runner\_work\XPCO\XPCO\AllSolutions\..\MIP\PlatformPlugin\VideoOS.Platform\unittest\bin\Debug\net6.0-windows\VideoOS.Platform.Tests.dll" adapterTypeName="executor://mstestadapter/v2" className="VideoOS.Platform.Tests.UI.Controls.CollectionHelperTest" name="CollectionReplaced_ShouldInvokeCallback_WhenNotObservable" />
    </UnitTest>
    <UnitTest name="GenerateDeviceCapabilityParameters_ShouldWriteTypeAsEnum_WhenAlways" storage="d:\actions-runner\_work\xpco\xpco\allsolutions\..\mip\platformplugin\videoos.platform\unittest\bin\debug\net6.0-windows\videoos.platform.tests.dll" id="c23f9653-e5cb-0826-ce5a-723493994ef0">
      <Execution id="d2f09d2c-a03b-4ba8-bb30-140c95699a0f" />
      <TestMethod codeBase="D:\actions-runner\_work\XPCO\XPCO\AllSolutions\..\MIP\PlatformPlugin\VideoOS.Platform\unittest\bin\Debug\net6.0-windows\VideoOS.Platform.Tests.dll" adapterTypeName="executor://mstestadapter/v2" className="VideoOS.Platform.Tests.Data.EnumCapabilityTests" name="GenerateDeviceCapabilityParameters_ShouldWriteTypeAsEnum_WhenAlways" />
    </UnitTest>
    <UnitTest name="ProvideValue_ShouldUpdateTargetProperty_WhenDataContextDPValueChanges" storage="d:\actions-runner\_work\xpco\xpco\allsolutions\..\mip\platformplugin\videoos.platform\unittest\bin\debug\net6.0-windows\videoos.platform.tests.dll" id="668a7b7c-485c-e1be-eac6-0f37f9c5a345">
      <TestCategory>
        <TestCategoryItem TestCategory="TabControls" />
      </TestCategory>
      <Execution id="22866057-36f2-415b-a12b-6f36ea1a8d35" />
      <TestMethod codeBase="D:\actions-runner\_work\XPCO\XPCO\AllSolutions\..\MIP\PlatformPlugin\VideoOS.Platform\unittest\bin\Debug\net6.0-windows\VideoOS.Platform.Tests.dll" adapterTypeName="executor://mstestadapter/v2" className="VideoOS.Platform.Tests.UI.Controls.TabControls.Internal.Primary.ItemHeaderExtensionTest" name="ProvideValue_ShouldUpdateTargetProperty_WhenDataContextDPValueChanges" />
    </UnitTest>
    <UnitTest name="Serialize_TestCases (TestParentTypeMatchGenericThisTypeNotMatchedProperty)" storage="d:\actions-runner\_work\xpco\xpco\allsolutions\..\mip\platformplugin\videoos.platform\unittest\bin\debug\net6.0-windows\videoos.platform.tests.dll" id="84ea0ecf-7538-7ba3-3591-e86fa59176ef">
      <Execution id="58837b24-268d-4d1e-accf-fffabae56e0f" />
      <TestMethod codeBase="D:\actions-runner\_work\XPCO\XPCO\AllSolutions\..\MIP\PlatformPlugin\VideoOS.Platform\unittest\bin\Debug\net6.0-windows\VideoOS.Platform.Tests.dll" adapterTypeName="executor://mstestadapter/v2" className="VideoOS.Platform.Tests.UI.Controls.Automation.Serialization.AutomationObjectSerializerTest" name="Serialize_TestCases" />
    </UnitTest>
    <UnitTest name="Encrypt_ShouldThrowMIPException_WhenCryptographicServiceProviderIsNotAvailable" storage="d:\actions-runner\_work\xpco\xpco\allsolutions\..\mip\platformplugin\videoos.platform\unittest\bin\debug\net6.0-windows\videoos.platform.tests.dll" id="893df90f-4ad3-2688-f803-e533f67faf3b">
      <Execution id="b4c00db8-1c59-48cc-bc8a-f3b29975e678" />
      <TestMethod codeBase="D:\actions-runner\_work\XPCO\XPCO\AllSolutions\..\MIP\PlatformPlugin\VideoOS.Platform\unittest\bin\Debug\net6.0-windows\VideoOS.Platform.Tests.dll" adapterTypeName="executor://mstestadapter/v2" className="VideoOS.Platform.Tests.License.NonFipsLicenseCompatibilityHandlerTests" name="Encrypt_ShouldThrowMIPException_WhenCryptographicServiceProviderIsNotAvailable" />
    </UnitTest>
    <UnitTest name="BeginTimeShouldReturnConstructorParameter" storage="d:\actions-runner\_work\xpco\xpco\allsolutions\..\mip\platformplugin\videoos.platform\unittest\bin\debug\net6.0-windows\videoos.platform.tests.dll" id="d131d3ee-68f2-b781-805c-3d38a16bf8a5">
      <Execution id="293928e9-5e16-4e98-ad39-3c16cd72842f" />
      <TestMethod codeBase="D:\actions-runner\_work\XPCO\XPCO\AllSolutions\..\MIP\PlatformPlugin\VideoOS.Platform\unittest\bin\Debug\net6.0-windows\VideoOS.Platform.Tests.dll" adapterTypeName="executor://mstestadapter/v2" className="VideoOS.Platform.Tests.Live.MetadataLiveContentTests" name="BeginTimeShouldReturnConstructorParameter" />
    </UnitTest>
    <UnitTest name="GetEnd_ShouldReturnNull_WhenToolkitReturnsResponseWithNullDataList" storage="d:\actions-runner\_work\xpco\xpco\allsolutions\..\mip\platformplugin\videoos.platform\unittest\bin\debug\net6.0-windows\videoos.platform.tests.dll" id="65a78e97-54ce-8026-0240-7af1b5e1a5a5">
      <Execution id="736a0057-87ad-4d81-8e2c-d799ae889ca2" />
      <TestMethod codeBase="D:\actions-runner\_work\XPCO\XPCO\AllSolutions\..\MIP\PlatformPlugin\VideoOS.Platform\unittest\bin\Debug\net6.0-windows\VideoOS.Platform.Tests.dll" adapterTypeName="executor://mstestadapter/v2" className="VideoOS.Platform.Tests.Data.MetadataPlaybackSourceTests" name="GetEnd_ShouldReturnNull_WhenToolkitReturnsResponseWithNullDataList" />
    </UnitTest>
    <UnitTest name="Enqueue_QueueStopped_Fails" storage="d:\actions-runner\_work\xpco\xpco\allsolutions\..\mip\platformplugin\videoos.platform\unittest\bin\debug\net6.0-windows\videoos.platform.tests.dll" id="bf5918ba-1ac5-ba5f-cde7-7b7063949a78">
      <Execution id="81a02e2e-173c-49c0-a98b-a94defd1914a" />
      <TestMethod codeBase="D:\actions-runner\_work\XPCO\XPCO\AllSolutions\..\MIP\PlatformPlugin\VideoOS.Platform\unittest\bin\Debug\net6.0-windows\VideoOS.Platform.Tests.dll" adapterTypeName="executor://mstestadapter/v2" className="VideoOS.Platform.Tests.Util.Queue.ConcurrentQueueSlimTests" name="Enqueue_QueueStopped_Fails" />
    </UnitTest>
    <UnitTest name="WriteXml_ShouldWriteIsRemovedElement_WhenIsRemovedIsTrue" storage="d:\actions-runner\_work\xpco\xpco\allsolutions\..\mip\platformplugin\videoos.platform\unittest\bin\debug\net6.0-windows\videoos.platform.tests.dll" id="dcc9cf01-7d0d-4dc6-9027-2fa692f04ff1">
      <Execution id="9716621b-49d4-4faa-9ae5-528515034a76" />
      <TestMethod codeBase="D:\actions-runner\_work\XPCO\XPCO\AllSolutions\..\MIP\PlatformPlugin\VideoOS.Platform\unittest\bin\Debug\net6.0-windows\VideoOS.Platform.Tests.dll" adapterTypeName="executor://mstestadapter/v2" className="VideoOS.Platform.Tests.Metadata.BehaviourTests" name="WriteXml_ShouldWriteIsRemovedElement_WhenIsRemovedIsTrue" />
    </UnitTest>
    <UnitTest name="HasBehaviours_ShouldReturnTrue_WhenEitherIdleOrRemovedIsTrue" storage="d:\actions-runner\_work\xpco\xpco\allsolutions\..\mip\platformplugin\videoos.platform\unittest\bin\debug\net6.0-windows\videoos.platform.tests.dll" id="251b347e-5118-6923-54c2-687fcb9f9027">
      <Execution id="a4a92dfd-4900-4c67-b455-15dd00141196" />
      <TestMethod codeBase="D:\actions-runner\_work\XPCO\XPCO\AllSolutions\..\MIP\PlatformPlugin\VideoOS.Platform\unittest\bin\Debug\net6.0-windows\VideoOS.Platform.Tests.dll" adapterTypeName="executor://mstestadapter/v2" className="VideoOS.Platform.Tests.Metadata.BehaviourTests" name="HasBehaviours_ShouldReturnTrue_WhenEitherIdleOrRemovedIsTrue" />
    </UnitTest>
    <UnitTest name="WriteXml_ShouldWriteValueOnly_WhenAllePropertiesAreNotSet" storage="d:\actions-runner\_work\xpco\xpco\allsolutions\..\mip\platformplugin\videoos.platform\unittest\bin\debug\net6.0-windows\videoos.platform.tests.dll" id="96f1c2c4-5dc5-dea5-6196-eb11056b2deb">
      <Execution id="4d66b8cd-d709-4e65-9bb6-69241f616024" />
      <TestMethod codeBase="D:\actions-runner\_work\XPCO\XPCO\AllSolutions\..\MIP\PlatformPlugin\VideoOS.Platform\unittest\bin\Debug\net6.0-windows\VideoOS.Platform.Tests.dll" adapterTypeName="executor://mstestadapter/v2" className="VideoOS.Platform.Tests.Metadata.DisplayTextTests" name="WriteXml_ShouldWriteValueOnly_WhenAllePropertiesAreNotSet" />
    </UnitTest>
    <UnitTest name="SHA256Hex64_ShouldReturnSHAHash_WhenInputIsEmpty" storage="d:\actions-runner\_work\xpco\xpco\allsolutions\..\mip\platformplugin\videoos.platform\unittest\bin\debug\net6.0-windows\videoos.platform.tests.dll" id="8323b4f2-e9f8-2e2a-6f22-cc6a18906d5b">
      <Execution id="b6f7b6b1-67a9-44fb-99bd-14667615b9da" />
      <TestMethod codeBase="D:\actions-runner\_work\XPCO\XPCO\AllSolutions\..\MIP\PlatformPlugin\VideoOS.Platform\unittest\bin\Debug\net6.0-windows\VideoOS.Platform.Tests.dll" adapterTypeName="executor://mstestadapter/v2" className="VideoOS.Platform.Tests.Data.MediaProviderInternal.UtilityTests" name="SHA256Hex64_ShouldReturnSHAHash_WhenInputIsEmpty" />
    </UnitTest>
    <UnitTest name="GetIdFromPath_ShouldReturnNull_FromIncorrectPath" storage="d:\actions-runner\_work\xpco\xpco\allsolutions\..\mip\platformplugin\videoos.platform\unittest\bin\debug\net6.0-windows\videoos.platform.tests.dll" id="09fa2387-002a-88c8-0b1c-134e9e315493">
      <Execution id="b4980556-de4c-47a1-b2d0-6a3963f3c574" />
      <TestMethod codeBase="D:\actions-runner\_work\XPCO\XPCO\AllSolutions\..\MIP\PlatformPlugin\VideoOS.Platform\unittest\bin\Debug\net6.0-windows\VideoOS.Platform.Tests.dll" adapterTypeName="executor://mstestadapter/v2" className="VideoOS.Platform.Tests.ConfigurationItems.FactoryTests" name="GetIdFromPath_ShouldReturnNull_FromIncorrectPath" />
    </UnitTest>
    <UnitTest name="ReadXml_ShouldReadScaleContents_WhenScaleIsPresent" storage="d:\actions-runner\_work\xpco\xpco\allsolutions\..\mip\platformplugin\videoos.platform\unittest\bin\debug\net6.0-windows\videoos.platform.tests.dll" id="d298d9c7-7d7d-ad15-03cc-8ab9e391d377">
      <Execution id="2683ca63-8a4e-4d1b-a8a1-d457f724e270" />
      <TestMethod codeBase="D:\actions-runner\_work\XPCO\XPCO\AllSolutions\..\MIP\PlatformPlugin\VideoOS.Platform\unittest\bin\Debug\net6.0-windows\VideoOS.Platform.Tests.dll" adapterTypeName="executor://mstestadapter/v2" className="VideoOS.Platform.Tests.Metadata.TransformationTests" name="ReadXml_ShouldReadScaleContents_WhenScaleIsPresent" />
    </UnitTest>
    <UnitTest name="GetMetadataObjectIdsAsync_MultipleInvocations_DelegatedToInternalMethodOnlyOnce" storage="d:\actions-runner\_work\xpco\xpco\allsolutions\..\mip\platformplugin\videoos.platform\unittest\bin\debug\net6.0-windows\videoos.platform.tests.dll" id="40cc8bf3-9b9a-c620-7f65-c9598a6e4a28">
      <TestCategory>
        <TestCategoryItem TestCategory="Search" />
      </TestCategory>
      <Execution id="7267728f-feb4-449d-bd1b-c3492815d33c" />
      <TestMethod codeBase="D:\actions-runner\_work\XPCO\XPCO\AllSolutions\..\MIP\PlatformPlugin\VideoOS.Platform\unittest\bin\Debug\net6.0-windows\VideoOS.Platform.Tests.dll" adapterTypeName="executor://mstestadapter/v2" className="VideoOS.Platform.Tests.Search.SearchResultDataTest" name="GetMetadataObjectIdsAsync_MultipleInvocations_DelegatedToInternalMethodOnlyOnce" />
    </UnitTest>
    <UnitTest name="ReadXml_ShouldIgnoreUnknownChildren_WhenUnknownChildrenArePresent" storage="d:\actions-runner\_work\xpco\xpco\allsolutions\..\mip\platformplugin\videoos.platform\unittest\bin\debug\net6.0-windows\videoos.platform.tests.dll" id="222dc4eb-8a5f-bb70-a6c0-96da1bd8a35a">
      <Execution id="1202957e-fb8c-49b9-a68a-7dd6f6b75e74" />
      <TestMethod codeBase="D:\actions-runner\_work\XPCO\XPCO\AllSolutions\..\MIP\PlatformPlugin\VideoOS.Platform\unittest\bin\Debug\net6.0-windows\VideoOS.Platform.Tests.dll" adapterTypeName="executor://mstestadapter/v2" className="VideoOS.Platform.Tests.Metadata.OnvifClassTests" name="ReadXml_ShouldIgnoreUnknownChildren_WhenUnknownChildrenArePresent" />
    </UnitTest>
    <UnitTest name="ReadXml_ShouldLogWarningTwiceWhenMoreThanOneMinuteBetweenWarnings_WhenRequiredAttributeIsMissing" storage="d:\actions-runner\_work\xpco\xpco\allsolutions\..\mip\platformplugin\videoos.platform\unittest\bin\debug\net6.0-windows\videoos.platform.tests.dll" id="301bb053-2669-b626-aada-e5ec26552701">
      <Execution id="2b41bec7-aa75-43b1-8e30-4bfd9ddff406" />
      <TestMethod codeBase="D:\actions-runner\_work\XPCO\XPCO\AllSolutions\..\MIP\PlatformPlugin\VideoOS.Platform\unittest\bin\Debug\net6.0-windows\VideoOS.Platform.Tests.dll" adapterTypeName="executor://mstestadapter/v2" className="VideoOS.Platform.Tests.Metadata.RectangleTests" name="ReadXml_ShouldLogWarningTwiceWhenMoreThanOneMinuteBetweenWarnings_WhenRequiredAttributeIsMissing" />
    </UnitTest>
    <UnitTest name="Dequeue_QueueStopped_Success" storage="d:\actions-runner\_work\xpco\xpco\allsolutions\..\mip\platformplugin\videoos.platform\unittest\bin\debug\net6.0-windows\videoos.platform.tests.dll" id="55879e88-00c8-60e5-e0db-26c24e4c9b0f">
      <Execution id="bca83a41-7f39-4711-9858-fd82b8da631f" />
      <TestMethod codeBase="D:\actions-runner\_work\XPCO\XPCO\AllSolutions\..\MIP\PlatformPlugin\VideoOS.Platform\unittest\bin\Debug\net6.0-windows\VideoOS.Platform.Tests.dll" adapterTypeName="executor://mstestadapter/v2" className="VideoOS.Platform.Tests.Util.Queue.ConcurrentQueueSlimTests" name="Dequeue_QueueStopped_Success" />
    </UnitTest>
    <UnitTest name="Equals_IgnoreFolderType_Fail_OnObjectId" storage="d:\actions-runner\_work\xpco\xpco\allsolutions\..\mip\platformplugin\videoos.platform\unittest\bin\debug\net6.0-windows\videoos.platform.tests.dll" id="f9efcab8-a490-8c63-2e77-81876b9a47ee">
      <Execution id="04700ada-3f90-4937-90ba-e293af2d13e8" />
      <TestMethod codeBase="D:\actions-runner\_work\XPCO\XPCO\AllSolutions\..\MIP\PlatformPlugin\VideoOS.Platform\unittest\bin\Debug\net6.0-windows\VideoOS.Platform.Tests.dll" adapterTypeName="executor://mstestadapter/v2" className="VideoOS.Platform.Tests.FQIDtests" name="Equals_IgnoreFolderType_Fail_OnObjectId" />
    </UnitTest>
    <UnitTest name="Add_ShouldUpdateEndCache_WhenOldEndTimeIsEarlierThanAdded" storage="d:\actions-runner\_work\xpco\xpco\allsolutions\..\mip\platformplugin\videoos.platform\unittest\bin\debug\net6.0-windows\videoos.platform.tests.dll" id="cc29216e-1cfd-6792-7ea1-15bf1c735835">
      <Execution id="7da29fd2-cda0-4647-a9ca-ce65dc8d6556" />
      <TestMethod codeBase="D:\actions-runner\_work\XPCO\XPCO\AllSolutions\..\MIP\PlatformPlugin\VideoOS.Platform\unittest\bin\Debug\net6.0-windows\VideoOS.Platform.Tests.dll" adapterTypeName="executor://mstestadapter/v2" className="VideoOS.Platform.Tests.Client.SequenceCacheTests" name="Add_ShouldUpdateEndCache_WhenOldEndTimeIsEarlierThanAdded" />
    </UnitTest>
    <UnitTest name="ReadXml_ShouldReadFrame_WhenCorrectFrameIsPresent" storage="d:\actions-runner\_work\xpco\xpco\allsolutions\..\mip\platformplugin\videoos.platform\unittest\bin\debug\net6.0-windows\videoos.platform.tests.dll" id="9b0e5cb1-f4f9-6c49-68ba-942303d83183">
      <Execution id="f5bbd19b-b441-4d89-bbbf-97f96e2bc785" />
      <TestMethod codeBase="D:\actions-runner\_work\XPCO\XPCO\AllSolutions\..\MIP\PlatformPlugin\VideoOS.Platform\unittest\bin\Debug\net6.0-windows\VideoOS.Platform.Tests.dll" adapterTypeName="executor://mstestadapter/v2" className="VideoOS.Platform.Tests.Metadata.VideoAnalyticsTests" name="ReadXml_ShouldReadFrame_WhenCorrectFrameIsPresent" />
    </UnitTest>
    <UnitTest name="Serialize_TestCases (TestParentCollectionNotEmptyArrayProperty)" storage="d:\actions-runner\_work\xpco\xpco\allsolutions\..\mip\platformplugin\videoos.platform\unittest\bin\debug\net6.0-windows\videoos.platform.tests.dll" id="5a2f32ed-e56e-8f83-632e-04bbc55d82b2">
      <Execution id="c46de5df-6558-4952-8e4a-02dd6fe0c607" />
      <TestMethod codeBase="D:\actions-runner\_work\XPCO\XPCO\AllSolutions\..\MIP\PlatformPlugin\VideoOS.Platform\unittest\bin\Debug\net6.0-windows\VideoOS.Platform.Tests.dll" adapterTypeName="executor://mstestadapter/v2" className="VideoOS.Platform.Tests.UI.Controls.Automation.Serialization.AutomationObjectSerializerTest" name="Serialize_TestCases" />
    </UnitTest>
    <UnitTest name="GetNext_ShouldReturnNull_WhenCallToFindCacheEntryBeforeReturnedNull" storage="d:\actions-runner\_work\xpco\xpco\allsolutions\..\mip\platformplugin\videoos.platform\unittest\bin\debug\net6.0-windows\videoos.platform.tests.dll" id="134110e6-fb08-89b6-f21b-257fe054fa49">
      <Execution id="6495f590-b83e-4e58-a427-3e3620e67585" />
      <TestMethod codeBase="D:\actions-runner\_work\XPCO\XPCO\AllSolutions\..\MIP\PlatformPlugin\VideoOS.Platform\unittest\bin\Debug\net6.0-windows\VideoOS.Platform.Tests.dll" adapterTypeName="executor://mstestadapter/v2" className="VideoOS.Platform.Tests.Data.MetadataCacheTests" name="GetNext_ShouldReturnNull_WhenCallToFindCacheEntryBeforeReturnedNull" />
    </UnitTest>
    <UnitTest name="WriteXml_ShouldOmitElements_WhenDataIsNotPresent" storage="d:\actions-runner\_work\xpco\xpco\allsolutions\..\mip\platformplugin\videoos.platform\unittest\bin\debug\net6.0-windows\videoos.platform.tests.dll" id="3bd4e091-3cac-addc-1c5e-6f943e11b33f">
      <Execution id="fca23146-68a7-4aab-8a80-bacc15379da6" />
      <TestMethod codeBase="D:\actions-runner\_work\XPCO\XPCO\AllSolutions\..\MIP\PlatformPlugin\VideoOS.Platform\unittest\bin\Debug\net6.0-windows\VideoOS.Platform.Tests.dll" adapterTypeName="executor://mstestadapter/v2" className="VideoOS.Platform.Tests.Metadata.FrameTests" name="WriteXml_ShouldOmitElements_WhenDataIsNotPresent" />
    </UnitTest>
    <UnitTest name="ReadXml_ShouldIgnoreAppearance_WhenAppearanceIsPresenWithWrongNamespace" storage="d:\actions-runner\_work\xpco\xpco\allsolutions\..\mip\platformplugin\videoos.platform\unittest\bin\debug\net6.0-windows\videoos.platform.tests.dll" id="1231dbfb-8caf-95d4-fa10-3201d28cc912">
      <Execution id="69a7be43-444c-4c9a-aae8-ca2109d405cb" />
      <TestMethod codeBase="D:\actions-runner\_work\XPCO\XPCO\AllSolutions\..\MIP\PlatformPlugin\VideoOS.Platform\unittest\bin\Debug\net6.0-windows\VideoOS.Platform.Tests.dll" adapterTypeName="executor://mstestadapter/v2" className="VideoOS.Platform.Tests.Metadata.OnvifObjectTests" name="ReadXml_ShouldIgnoreAppearance_WhenAppearanceIsPresenWithWrongNamespace" />
    </UnitTest>
    <UnitTest name="SearchResultData_EndTimeWithPadding_Success" storage="d:\actions-runner\_work\xpco\xpco\allsolutions\..\mip\platformplugin\videoos.platform\unittest\bin\debug\net6.0-windows\videoos.platform.tests.dll" id="b43543d5-d01e-b4aa-3f27-43446c7c519e">
      <TestCategory>
        <TestCategoryItem TestCategory="Search" />
      </TestCategory>
      <Execution id="7add4bf6-9058-46e4-869f-60c6f00afb30" />
      <TestMethod codeBase="D:\actions-runner\_work\XPCO\XPCO\AllSolutions\..\MIP\PlatformPlugin\VideoOS.Platform\unittest\bin\Debug\net6.0-windows\VideoOS.Platform.Tests.dll" adapterTypeName="executor://mstestadapter/v2" className="VideoOS.Platform.Tests.Search.SearchResultDataTest" name="SearchResultData_EndTimeWithPadding_Success" />
    </UnitTest>
    <UnitTest name="Construct1_And_Field_Check" storage="d:\actions-runner\_work\xpco\xpco\allsolutions\..\mip\platformplugin\videoos.platform\unittest\bin\debug\net6.0-windows\videoos.platform.tests.dll" id="dacce14d-9756-2798-fd98-fb15b8b3c6f4">
      <Execution id="da4b02e4-fbdc-4ddd-aec6-a5961a5a896c" />
      <TestMethod codeBase="D:\actions-runner\_work\XPCO\XPCO\AllSolutions\..\MIP\PlatformPlugin\VideoOS.Platform\unittest\bin\Debug\net6.0-windows\VideoOS.Platform.Tests.dll" adapterTypeName="executor://mstestadapter/v2" className="VideoOS.Platform.Tests.ItemTests" name="Construct1_And_Field_Check" />
    </UnitTest>
    <UnitTest name="ReadyToClose_OkCommand_SingleSelect_Thrown" storage="d:\actions-runner\_work\xpco\xpco\allsolutions\..\mip\platformplugin\videoos.platform\unittest\bin\debug\net6.0-windows\videoos.platform.tests.dll" id="be7d7f3c-32c0-1ba5-667f-eebdbcb535c4">
      <Execution id="77b2f189-0610-4fd5-b80f-2972ec0638e0" />
      <TestMethod codeBase="D:\actions-runner\_work\XPCO\XPCO\AllSolutions\..\MIP\PlatformPlugin\VideoOS.Platform\unittest\bin\Debug\net6.0-windows\VideoOS.Platform.Tests.dll" adapterTypeName="executor://mstestadapter/v2" className="VideoOS.Platform.Tests.UI.ItemPicker.ItemPickerWindowViewModelTest" name="ReadyToClose_OkCommand_SingleSelect_Thrown" />
    </UnitTest>
    <UnitTest name="Read_and_build_Success" storage="d:\actions-runner\_work\xpco\xpco\allsolutions\..\mip\platformplugin\videoos.platform\unittest\bin\debug\net6.0-windows\videoos.platform.tests.dll" id="1236ba87-a4f6-ba2a-15ac-ff768f66c54a">
      <Execution id="f7d21e7c-5556-46a8-bdc8-423c99d9bd45" />
      <TestMethod codeBase="D:\actions-runner\_work\XPCO\XPCO\AllSolutions\..\MIP\PlatformPlugin\VideoOS.Platform\unittest\bin\Debug\net6.0-windows\VideoOS.Platform.Tests.dll" adapterTypeName="executor://mstestadapter/v2" className="VideoOS.Platform.Tests.Proxy.RestApi.JsonBuilderTests" name="Read_and_build_Success" />
    </UnitTest>
    <UnitTest name="GetFrame_ShouldReturnFrame_WhenThereIsOneFrame" storage="d:\actions-runner\_work\xpco\xpco\allsolutions\..\mip\platformplugin\videoos.platform\unittest\bin\debug\net6.0-windows\videoos.platform.tests.dll" id="62294b79-fd57-1a57-9fa1-16dc542d0a4d">
      <Execution id="28ef9c93-7dd7-4dc6-b03d-71c603540bd2" />
      <TestMethod codeBase="D:\actions-runner\_work\XPCO\XPCO\AllSolutions\..\MIP\PlatformPlugin\VideoOS.Platform\unittest\bin\Debug\net6.0-windows\VideoOS.Platform.Tests.dll" adapterTypeName="executor://mstestadapter/v2" className="VideoOS.Platform.Tests.Metadata.MetadataStreamTests" name="GetFrame_ShouldReturnFrame_WhenThereIsOneFrame" />
    </UnitTest>
    <UnitTest name="GenerateTypeDefinintionParameters_ShouldCallGenerateDeviceCapabilityParametersWithCorrectPrefix_WhenThereAreCapabilities" storage="d:\actions-runner\_work\xpco\xpco\allsolutions\..\mip\platformplugin\videoos.platform\unittest\bin\debug\net6.0-windows\videoos.platform.tests.dll" id="3d82fc6e-5f69-e808-ca5d-cd01f3ee4891">
      <Execution id="138f9498-258b-45ed-8610-cd70ef494ace" />
      <TestMethod codeBase="D:\actions-runner\_work\XPCO\XPCO\AllSolutions\..\MIP\PlatformPlugin\VideoOS.Platform\unittest\bin\Debug\net6.0-windows\VideoOS.Platform.Tests.dll" adapterTypeName="executor://mstestadapter/v2" className="VideoOS.Platform.Tests.Data.MetadataTypeDefinitionTests" name="GenerateTypeDefinintionParameters_ShouldCallGenerateDeviceCapabilityParametersWithCorrectPrefix_WhenThereAreCapabilities" />
    </UnitTest>
    <UnitTest name="Add_ShouldInvokeCallback_WhenObservable" storage="d:\actions-runner\_work\xpco\xpco\allsolutions\..\mip\platformplugin\videoos.platform\unittest\bin\debug\net6.0-windows\videoos.platform.tests.dll" id="d6559df8-87d0-bb20-8032-f0a4e10719d7">
      <Execution id="c0097224-ac78-40f1-8de6-09ed405e8397" />
      <TestMethod codeBase="D:\actions-runner\_work\XPCO\XPCO\AllSolutions\..\MIP\PlatformPlugin\VideoOS.Platform\unittest\bin\Debug\net6.0-windows\VideoOS.Platform.Tests.dll" adapterTypeName="executor://mstestadapter/v2" className="VideoOS.Platform.Tests.UI.Controls.CollectionHelperTest" name="Add_ShouldInvokeCallback_WhenObservable" />
    </UnitTest>
    <UnitTest name="GetPropertiesAsync_SingleInvocation_DelegatedToInternalMethod" storage="d:\actions-runner\_work\xpco\xpco\allsolutions\..\mip\platformplugin\videoos.platform\unittest\bin\debug\net6.0-windows\videoos.platform.tests.dll" id="7c25e9d9-71c3-90cd-d0cc-85e1e58efd6b">
      <TestCategory>
        <TestCategoryItem TestCategory="Search" />
      </TestCategory>
      <Execution id="179ead06-07f7-403d-9f33-6a0b9e2466d6" />
      <TestMethod codeBase="D:\actions-runner\_work\XPCO\XPCO\AllSolutions\..\MIP\PlatformPlugin\VideoOS.Platform\unittest\bin\Debug\net6.0-windows\VideoOS.Platform.Tests.dll" adapterTypeName="executor://mstestadapter/v2" className="VideoOS.Platform.Tests.Search.SearchResultDataTest" name="GetPropertiesAsync_SingleInvocation_DelegatedToInternalMethod" />
    </UnitTest>
    <UnitTest name="GetLicensePlateFilterValue_NullCriteria_Throws" storage="d:\actions-runner\_work\xpco\xpco\allsolutions\..\mip\platformplugin\videoos.platform\unittest\bin\debug\net6.0-windows\videoos.platform.tests.dll" id="7b38c175-8f37-0ff7-77b0-702939d7a735">
      <TestCategory>
        <TestCategoryItem TestCategory="Search" />
      </TestCategory>
      <Execution id="54afc7b6-28b3-4e19-8d13-396703db8f94" />
      <TestMethod codeBase="D:\actions-runner\_work\XPCO\XPCO\AllSolutions\..\MIP\PlatformPlugin\VideoOS.Platform\unittest\bin\Debug\net6.0-windows\VideoOS.Platform.Tests.dll" adapterTypeName="executor://mstestadapter/v2" className="VideoOS.Platform.Tests.Search.FilterCategories.VehicleSearchFilterCategoryTest" name="GetLicensePlateFilterValue_NullCriteria_Throws" />
    </UnitTest>
    <UnitTest name="ProvideValue_ShouldNotApplyText_WhenItemTextPropertyNameIsNotSet" storage="d:\actions-runner\_work\xpco\xpco\allsolutions\..\mip\platformplugin\videoos.platform\unittest\bin\debug\net6.0-windows\videoos.platform.tests.dll" id="61ac148b-77c6-a946-fca0-45c9e49f9516">
      <TestCategory>
        <TestCategoryItem TestCategory="TabControls" />
      </TestCategory>
      <Execution id="69bd8e0b-856b-46c2-87f1-1f48a32cc9b9" />
      <TestMethod codeBase="D:\actions-runner\_work\XPCO\XPCO\AllSolutions\..\MIP\PlatformPlugin\VideoOS.Platform\unittest\bin\Debug\net6.0-windows\VideoOS.Platform.Tests.dll" adapterTypeName="executor://mstestadapter/v2" className="VideoOS.Platform.Tests.UI.Controls.TabControls.Internal.Primary.ItemHeaderExtensionTest" name="ProvideValue_ShouldNotApplyText_WhenItemTextPropertyNameIsNotSet" />
    </UnitTest>
    <UnitTest name="ReadXml_ShouldIgnoreChildren_WhenAlways" storage="d:\actions-runner\_work\xpco\xpco\allsolutions\..\mip\platformplugin\videoos.platform\unittest\bin\debug\net6.0-windows\videoos.platform.tests.dll" id="054d841b-8cd4-42a2-f59c-fc413fd8883f">
      <Execution id="2c21013f-c091-410f-aad6-c53052595170" />
      <TestMethod codeBase="D:\actions-runner\_work\XPCO\XPCO\AllSolutions\..\MIP\PlatformPlugin\VideoOS.Platform\unittest\bin\Debug\net6.0-windows\VideoOS.Platform.Tests.dll" adapterTypeName="executor://mstestadapter/v2" className="VideoOS.Platform.Tests.Metadata.RectangleTests" name="ReadXml_ShouldIgnoreChildren_WhenAlways" />
    </UnitTest>
    <UnitTest name="WriteXml_ShouldWriteBase64EncodedOriginalData_WhenOriginalDataIsPresent" storage="d:\actions-runner\_work\xpco\xpco\allsolutions\..\mip\platformplugin\videoos.platform\unittest\bin\debug\net6.0-windows\videoos.platform.tests.dll" id="07de42b9-1d07-0430-7138-cc678292c007">
      <Execution id="4bb10c8e-e1ad-4456-ac0c-60eab0165386" />
      <TestMethod codeBase="D:\actions-runner\_work\XPCO\XPCO\AllSolutions\..\MIP\PlatformPlugin\VideoOS.Platform\unittest\bin\Debug\net6.0-windows\VideoOS.Platform.Tests.dll" adapterTypeName="executor://mstestadapter/v2" className="VideoOS.Platform.Tests.Metadata.MetadataStreamTests" name="WriteXml_ShouldWriteBase64EncodedOriginalData_WhenOriginalDataIsPresent" />
    </UnitTest>
    <UnitTest name="ReadXml_ShouldNotSetIsRemoved_WhenRemovedElementIsPresentWithWrongNamespace" storage="d:\actions-runner\_work\xpco\xpco\allsolutions\..\mip\platformplugin\videoos.platform\unittest\bin\debug\net6.0-windows\videoos.platform.tests.dll" id="eefcc86b-2e92-5256-d34c-9049a6da9154">
      <Execution id="5fb54f21-d8e9-4bf2-8850-51e0f19f1d85" />
      <TestMethod codeBase="D:\actions-runner\_work\XPCO\XPCO\AllSolutions\..\MIP\PlatformPlugin\VideoOS.Platform\unittest\bin\Debug\net6.0-windows\VideoOS.Platform.Tests.dll" adapterTypeName="executor://mstestadapter/v2" className="VideoOS.Platform.Tests.Metadata.BehaviourTests" name="ReadXml_ShouldNotSetIsRemoved_WhenRemovedElementIsPresentWithWrongNamespace" />
    </UnitTest>
    <UnitTest name="Serialize_TestCases (TestParentTypeMatchStringNotThisTypeMatched)" storage="d:\actions-runner\_work\xpco\xpco\allsolutions\..\mip\platformplugin\videoos.platform\unittest\bin\debug\net6.0-windows\videoos.platform.tests.dll" id="df8b49a4-30ab-6656-067f-36c17b41346a">
      <Execution id="ef9a2231-e9d0-45de-ad6e-6a059535ef32" />
      <TestMethod codeBase="D:\actions-runner\_work\XPCO\XPCO\AllSolutions\..\MIP\PlatformPlugin\VideoOS.Platform\unittest\bin\Debug\net6.0-windows\VideoOS.Platform.Tests.dll" adapterTypeName="executor://mstestadapter/v2" className="VideoOS.Platform.Tests.UI.Controls.Automation.Serialization.AutomationObjectSerializerTest" name="Serialize_TestCases" />
    </UnitTest>
    <UnitTest name="ReadXml_ShouldSetAllFieldsToNull_ThatAreNotPresentInXml" storage="d:\actions-runner\_work\xpco\xpco\allsolutions\..\mip\platformplugin\videoos.platform\unittest\bin\debug\net6.0-windows\videoos.platform.tests.dll" id="d67f39a6-38da-54cf-bd51-1084e48c6e60">
      <Execution id="cf229c08-fb69-4b94-94ce-5b970ce78729" />
      <TestMethod codeBase="D:\actions-runner\_work\XPCO\XPCO\AllSolutions\..\MIP\PlatformPlugin\VideoOS.Platform\unittest\bin\Debug\net6.0-windows\VideoOS.Platform.Tests.dll" adapterTypeName="executor://mstestadapter/v2" className="VideoOS.Platform.Tests.Metadata.NavigationalDataTests" name="ReadXml_ShouldSetAllFieldsToNull_ThatAreNotPresentInXml" />
    </UnitTest>
    <UnitTest name="TestStartSearch_NoResultsOrErrorOccurredFromCanceledSearchDefinitions_Success" storage="d:\actions-runner\_work\xpco\xpco\allsolutions\..\mip\platformplugin\videoos.platform\unittest\bin\debug\net6.0-windows\videoos.platform.tests.dll" id="b92c2d23-e9a0-a785-771e-708c304e0f26">
      <TestCategory>
        <TestCategoryItem TestCategory="Search" />
      </TestCategory>
      <Execution id="07dcd6ab-cdd3-438e-a7d8-bef2bf4338cf" />
      <TestMethod codeBase="D:\actions-runner\_work\XPCO\XPCO\AllSolutions\..\MIP\PlatformPlugin\VideoOS.Platform\unittest\bin\Debug\net6.0-windows\VideoOS.Platform.Tests.dll" adapterTypeName="executor://mstestadapter/v2" className="VideoOS.Platform.Tests.Search.SearchManagerTest" name="TestStartSearch_NoResultsOrErrorOccurredFromCanceledSearchDefinitions_Success" />
    </UnitTest>
    <UnitTest name="WriteXml_ShouldWriteRightAttribute_WhenAlays" storage="d:\actions-runner\_work\xpco\xpco\allsolutions\..\mip\platformplugin\videoos.platform\unittest\bin\debug\net6.0-windows\videoos.platform.tests.dll" id="73ec9274-5d95-cb62-60ca-c2f3ce2346e6">
      <Execution id="24588767-8c1c-4bda-9b2e-a2ffed8b4105" />
      <TestMethod codeBase="D:\actions-runner\_work\XPCO\XPCO\AllSolutions\..\MIP\PlatformPlugin\VideoOS.Platform\unittest\bin\Debug\net6.0-windows\VideoOS.Platform.Tests.dll" adapterTypeName="executor://mstestadapter/v2" className="VideoOS.Platform.Tests.Metadata.RectangleTests" name="WriteXml_ShouldWriteRightAttribute_WhenAlays" />
    </UnitTest>
  </TestDefinitions>
  <TestEntries>
    <TestEntry testId="11006eff-dccd-aa32-9666-4dd55bbdd6ef" executionId="e1cd2b2a-ca55-48d1-b509-d21f5b01665a" testListId="8c84fa94-04c1-424b-9868-57a2d4851a1d" />
    <TestEntry testId="55879e88-00c8-60e5-e0db-26c24e4c9b0f" executionId="bca83a41-7f39-4711-9858-fd82b8da631f" testListId="8c84fa94-04c1-424b-9868-57a2d4851a1d" />
    <TestEntry testId="a0d63d6f-5ec2-61b7-886c-e03436ed1131" executionId="72841432-f10f-4a16-81e9-bedbfbcf7ae2" testListId="8c84fa94-04c1-424b-9868-57a2d4851a1d" />
    <TestEntry testId="bd4bf395-8f98-04c2-c5f8-cab1c6647ef1" executionId="8a3cb773-99d8-4414-88d2-71ed1aee37ea" testListId="8c84fa94-04c1-424b-9868-57a2d4851a1d" />
    <TestEntry testId="a17fc58f-03d2-d783-1f61-cc54e1b01c86" executionId="97c0d402-c0fa-481e-8e7d-025fb56437b1" testListId="8c84fa94-04c1-424b-9868-57a2d4851a1d" />
    <TestEntry testId="0ef6c2b0-c03c-b1c8-fd6f-4840c4db7605" executionId="f6a42175-6ce1-487b-bbbd-0fdd8b76b1e6" testListId="8c84fa94-04c1-424b-9868-57a2d4851a1d" />
    <TestEntry testId="87dedebf-9e1e-bd2e-7ee4-397e89dac510" executionId="0b5fd6a3-af10-47e4-9370-9a2fae9c3d6c" testListId="8c84fa94-04c1-424b-9868-57a2d4851a1d" />
    <TestEntry testId="f10e91e5-2148-35b8-c1cd-83b0c57e538b" executionId="f39ec73b-0c39-4dc5-918d-0fd0431e8e29" testListId="8c84fa94-04c1-424b-9868-57a2d4851a1d" />
    <TestEntry testId="6c89edff-e640-ffef-eff3-e38e5c9bbb28" executionId="87ae28a0-0c5c-4458-8ae8-e019d16eeced" testListId="8c84fa94-04c1-424b-9868-57a2d4851a1d" />
    <TestEntry testId="60908717-d1cb-9971-94f7-facca727b89c" executionId="2062084b-d196-4fd5-8702-2baa4d918b48" testListId="8c84fa94-04c1-424b-9868-57a2d4851a1d" />
    <TestEntry testId="2dbbefa2-cb1d-4d1e-312c-2268ae3ae8a4" executionId="38d2ffc2-f103-40dc-adca-2eb6cc18d240" testListId="8c84fa94-04c1-424b-9868-57a2d4851a1d" />
    <TestEntry testId="77b4115c-9698-8872-1259-5ceebb1db073" executionId="b9dfb521-f3d1-4d14-b54a-3280ccb40c89" testListId="8c84fa94-04c1-424b-9868-57a2d4851a1d" />
    <TestEntry testId="1236ba87-a4f6-ba2a-15ac-ff768f66c54a" executionId="f7d21e7c-5556-46a8-bdc8-423c99d9bd45" testListId="8c84fa94-04c1-424b-9868-57a2d4851a1d" />
    <TestEntry testId="67b41555-668e-a38b-443d-e1d215565a3e" executionId="599e5ee2-fa94-4cb7-96d9-f8f0be2b58f5" testListId="8c84fa94-04c1-424b-9868-57a2d4851a1d" />
    <TestEntry testId="ea812c4e-499f-c48f-48ec-0c8b2f821c14" executionId="e1c2a512-f275-43f9-b0e5-4fa45468840e" testListId="8c84fa94-04c1-424b-9868-57a2d4851a1d" />
    <TestEntry testId="b5bea1ce-3302-3d5c-c970-5439c8ce2d20" executionId="711b3d10-1a5b-4b0d-a1d7-a888bc3d4559" testListId="8c84fa94-04c1-424b-9868-57a2d4851a1d" />
    <TestEntry testId="53422728-4202-db44-815d-fc4c107ae306" executionId="2c193c44-97bd-49c1-86a1-812f076b1367" testListId="8c84fa94-04c1-424b-9868-57a2d4851a1d" />
    <TestEntry testId="bbdf2549-aad3-7a58-579e-b0fce02debdf" executionId="35cf3bec-db3c-4082-a6b0-b08df2bb370a" testListId="8c84fa94-04c1-424b-9868-57a2d4851a1d" />
    <TestEntry testId="b2084567-8ae7-460a-7a14-d46cd175ecb8" executionId="4b35e35d-21b8-4c3f-b597-1763e95a76e3" testListId="8c84fa94-04c1-424b-9868-57a2d4851a1d" />
    <TestEntry testId="dccf2726-dfd0-7d43-4aa6-126f8354b46b" executionId="dc469c95-79e4-4af1-9256-4e45d02ac938" testListId="8c84fa94-04c1-424b-9868-57a2d4851a1d" />
    <TestEntry testId="1ac2e93a-b365-1e96-2efb-b968ca2d75c7" executionId="295181db-c5b4-4ee1-9ef8-2e7d6811a05f" testListId="8c84fa94-04c1-424b-9868-57a2d4851a1d" />
    <TestEntry testId="88c1b25e-ba16-57cd-c6d8-d1d74e524e76" executionId="c4a21a68-99ce-423a-8fda-e9ca3d50015f" testListId="8c84fa94-04c1-424b-9868-57a2d4851a1d" />
    <TestEntry testId="3a3b003d-e9ff-947e-0664-bd777109fe74" executionId="09e9f681-3d68-4796-9f60-5de2846392f2" testListId="8c84fa94-04c1-424b-9868-57a2d4851a1d" />
    <TestEntry testId="b8c61cc7-6c99-86e0-a646-53691f4fc54c" executionId="c1ed595b-b706-4ebc-abea-b040366e85bf" testListId="8c84fa94-04c1-424b-9868-57a2d4851a1d" />
    <TestEntry testId="bbda7a11-e3ea-a6b5-3718-87f84d327031" executionId="b22c0511-94b4-41ee-89b6-e14b9494c3db" testListId="8c84fa94-04c1-424b-9868-57a2d4851a1d" />
    <TestEntry testId="48b02059-b634-8f5d-f4de-84436d54e786" executionId="d718b7ca-e29a-48ef-9064-63dc2d458e37" testListId="8c84fa94-04c1-424b-9868-57a2d4851a1d" />
    <TestEntry testId="a6df64d2-0698-ce92-fd77-5adbbae94068" executionId="66d2096a-d156-42c1-8210-c076ffa4780c" testListId="8c84fa94-04c1-424b-9868-57a2d4851a1d" />
    <TestEntry testId="90432d5a-5fa4-a037-9446-73f5d0f5dd30" executionId="c7d49a09-32d6-4e3b-8da6-eca3302b7457" testListId="8c84fa94-04c1-424b-9868-57a2d4851a1d" />
    <TestEntry testId="24f4c2d7-2c1a-d96f-02e1-f48f7d97bc91" executionId="be47004c-2b3f-4146-a76e-f5909392f64d" testListId="8c84fa94-04c1-424b-9868-57a2d4851a1d" />
    <TestEntry testId="29ac2707-c2cb-35e2-eedb-a90688f5df17" executionId="b698ae44-6d2f-40bb-b197-a70c047d873e" testListId="8c84fa94-04c1-424b-9868-57a2d4851a1d" />
    <TestEntry testId="a7bf999b-c611-25a7-2ff7-438675e1866f" executionId="6bf25fe9-f961-4966-885a-3d86426d1a9b" testListId="8c84fa94-04c1-424b-9868-57a2d4851a1d" />
    <TestEntry testId="a75415d5-8f48-5b6a-949c-d1ac83acad3d" executionId="89669a1a-ea86-4c02-b78c-317ef050eba4" testListId="8c84fa94-04c1-424b-9868-57a2d4851a1d" />
    <TestEntry testId="d322c036-f127-a7c3-54cb-2755a84ecb70" executionId="2e84bd94-2e37-4636-be4e-888e76ed3585" testListId="8c84fa94-04c1-424b-9868-57a2d4851a1d" />
    <TestEntry testId="179839b6-b471-f653-0f2c-79b9d0414c3f" executionId="55fa22c7-a424-42c5-8d89-bafb43d77696" testListId="8c84fa94-04c1-424b-9868-57a2d4851a1d" />
    <TestEntry testId="434b37e3-6652-e454-29de-d80f3b84f997" executionId="e037c201-3d3e-407e-8c86-1955c847ecf8" testListId="8c84fa94-04c1-424b-9868-57a2d4851a1d" />
    <TestEntry testId="a41a1003-2242-10b8-735d-2b3636a491be" executionId="40f4ba45-6574-4acd-89cf-9f15c66503bf" testListId="8c84fa94-04c1-424b-9868-57a2d4851a1d" />
    <TestEntry testId="66b56aea-40c3-2481-4b5e-49255676d9f1" executionId="5ea13ac8-e14a-4b6a-936c-f78ff55ea606" testListId="8c84fa94-04c1-424b-9868-57a2d4851a1d" />
    <TestEntry testId="b543895e-b652-81f1-d5a2-ebd384954ea0" executionId="f2d7b3f1-1d19-460a-bd15-da42b9021010" testListId="8c84fa94-04c1-424b-9868-57a2d4851a1d" />
    <TestEntry testId="90272f82-6dbb-9ffb-b9a3-664aee5c00a3" executionId="c1c92a86-e895-40a2-94c9-9bfd92ea1cf9" testListId="8c84fa94-04c1-424b-9868-57a2d4851a1d" />
    <TestEntry testId="bbf27319-0f4b-5f15-78c4-45a2e840ee02" executionId="0550f116-8b05-4bfa-aced-02ebb1890f20" testListId="8c84fa94-04c1-424b-9868-57a2d4851a1d" />
    <TestEntry testId="c2b0fa30-6a46-612d-08bf-8da951ad3d1e" executionId="2e2b52e8-4edf-433f-8dac-3817300934c0" testListId="8c84fa94-04c1-424b-9868-57a2d4851a1d" />
    <TestEntry testId="305837e1-d44c-5663-004e-044ac561be36" executionId="f242ac87-9355-4025-8522-19e8889e64b7" testListId="8c84fa94-04c1-424b-9868-57a2d4851a1d" />
    <TestEntry testId="330836c9-cc9b-a4b7-a20d-ba9093f6b879" executionId="3d087d19-5292-4e7a-8777-a48de1e23a0e" testListId="8c84fa94-04c1-424b-9868-57a2d4851a1d" />
    <TestEntry testId="0f32b524-4844-b3fb-566a-4f1c520479bb" executionId="3c88bff4-9afa-4b28-ab81-bb4853f9d39f" testListId="8c84fa94-04c1-424b-9868-57a2d4851a1d" />
    <TestEntry testId="57774d4f-0e88-d290-a792-720e504514ba" executionId="baa07c98-5488-4698-bed0-f1b4e5fc03cd" testListId="8c84fa94-04c1-424b-9868-57a2d4851a1d" />
    <TestEntry testId="e59e8f87-a17d-8e41-f45f-4db193e4b8dd" executionId="17bc4daa-95cb-4fca-b1a0-619d64725772" testListId="8c84fa94-04c1-424b-9868-57a2d4851a1d" />
    <TestEntry testId="b033676b-8032-936f-8e94-1ff7304e27d8" executionId="749a2a4a-d907-4c91-8073-4e2451b10059" testListId="8c84fa94-04c1-424b-9868-57a2d4851a1d" />
    <TestEntry testId="55b79441-e564-906e-4208-d72830fa4d2c" executionId="ef6d9516-e498-4c82-9ea8-58d8ad97fc6a" testListId="8c84fa94-04c1-424b-9868-57a2d4851a1d" />
    <TestEntry testId="b5ae8819-8b54-7370-da1b-0cdd20d995d0" executionId="0f1f979a-8521-461a-8e0d-63a0bbd13ec6" testListId="8c84fa94-04c1-424b-9868-57a2d4851a1d" />
    <TestEntry testId="fbabebe5-f475-8769-2079-7693b5c62d8c" executionId="e6112d8d-65ff-4517-9975-f8f8bdf51829" testListId="8c84fa94-04c1-424b-9868-57a2d4851a1d" />
    <TestEntry testId="8ecfeea7-0c3c-71f4-0099-cc3f5ecbeb8d" executionId="f572d737-511c-4951-ad60-576262e01f95" testListId="8c84fa94-04c1-424b-9868-57a2d4851a1d" />
    <TestEntry testId="3893bc09-628b-2605-fa37-7cfb280ed351" executionId="238de67f-907e-4a31-9ed9-9e7d1e061c7d" testListId="8c84fa94-04c1-424b-9868-57a2d4851a1d" />
    <TestEntry testId="301bb053-2669-b626-aada-e5ec26552701" executionId="2b41bec7-aa75-43b1-8e30-4bfd9ddff406" testListId="8c84fa94-04c1-424b-9868-57a2d4851a1d" />
    <TestEntry testId="0a40eef3-f831-ffd2-4845-4121490071ff" executionId="e3c78d5b-7048-4481-b04b-991fe06e54ab" testListId="8c84fa94-04c1-424b-9868-57a2d4851a1d" />
    <TestEntry testId="e2323074-11c2-8296-7476-af3cef44bb34" executionId="49ed8ed1-ac49-49e3-bbd5-182bac89962d" testListId="8c84fa94-04c1-424b-9868-57a2d4851a1d" />
    <TestEntry testId="4fd7ef13-73a5-f651-dedc-2514dfae7f93" executionId="fd0379ec-28e9-4af6-b13c-513fd7fdd1e8" testListId="8c84fa94-04c1-424b-9868-57a2d4851a1d" />
    <TestEntry testId="d4b18369-f511-b320-afac-a383c554d179" executionId="949650b6-6c6f-4e9c-940e-ee8f15dd3cc1" testListId="8c84fa94-04c1-424b-9868-57a2d4851a1d" />
    <TestEntry testId="5c99a102-e3d2-3ea7-d358-687ae3a56806" executionId="1d450517-3548-4d65-9ed5-dd09d6350583" testListId="8c84fa94-04c1-424b-9868-57a2d4851a1d" />
    <TestEntry testId="d3168116-f2b4-8d85-d69a-f47dbb1df0a3" executionId="389f5d1b-7242-4b7d-beca-8cd83a68c4b3" testListId="8c84fa94-04c1-424b-9868-57a2d4851a1d" />
    <TestEntry testId="0f40bc61-c58f-06fd-9a7b-e081d001f46f" executionId="36003c29-e414-4db0-b149-7864586881f9" testListId="8c84fa94-04c1-424b-9868-57a2d4851a1d" />
    <TestEntry testId="e843bfee-0457-6dab-bf5f-4166d9265b34" executionId="f833a7b0-1df5-48cc-9472-9837e4fb7332" testListId="8c84fa94-04c1-424b-9868-57a2d4851a1d" />
    <TestEntry testId="1eb1dc9e-0313-f642-c091-1fcc25a2d80c" executionId="e43245e3-2989-4c2e-b316-3993c4bfcfd8" testListId="8c84fa94-04c1-424b-9868-57a2d4851a1d" />
    <TestEntry testId="43af5117-1f9c-6ca5-e2b0-3bd57b512c6f" executionId="22f8d624-b5c0-4fa3-afbf-dff44a5a103d" testListId="8c84fa94-04c1-424b-9868-57a2d4851a1d" />
    <TestEntry testId="4599a740-2169-7e32-9656-668b8e9b7b20" executionId="8baa8d36-95f8-4243-ac37-660d11290e25" testListId="8c84fa94-04c1-424b-9868-57a2d4851a1d" />
    <TestEntry testId="d3aac1dd-0f5d-4d1a-ac7a-ab3b6af2bff9" executionId="df6d8f0a-ce45-470e-98d5-a5eb76c22fc6" testListId="8c84fa94-04c1-424b-9868-57a2d4851a1d" />
    <TestEntry testId="9a98e390-44f3-131c-5fc0-966dedface8e" executionId="11c68f5a-74d3-47bc-a5ba-91a9fc34fd1d" testListId="8c84fa94-04c1-424b-9868-57a2d4851a1d" />
    <TestEntry testId="cc93f70b-f9b0-21f7-faba-e1868435194b" executionId="bd6de7e8-c2fc-445d-a7ca-a52127a7933d" testListId="8c84fa94-04c1-424b-9868-57a2d4851a1d" />
    <TestEntry testId="fc5a0192-1741-4be7-8945-f2b66fb65285" executionId="c53c4a0d-a200-44f8-bfb1-e988811c03bd" testListId="8c84fa94-04c1-424b-9868-57a2d4851a1d" />
    <TestEntry testId="420e5a34-3d7f-4641-51ff-8be4f28538e4" executionId="42fe1cce-af5a-4543-a0ac-28384b326b1e" testListId="8c84fa94-04c1-424b-9868-57a2d4851a1d" />
    <TestEntry testId="a161a748-55e5-1a5b-e899-d06d498d802c" executionId="a42e2ab6-1749-4035-ae6c-a24e28304c1c" testListId="8c84fa94-04c1-424b-9868-57a2d4851a1d" />
    <TestEntry testId="2b383535-8d75-6079-a3dc-080857154651" executionId="1ec0bb72-efc9-420b-90a6-6213e58e6021" testListId="8c84fa94-04c1-424b-9868-57a2d4851a1d" />
    <TestEntry testId="ee6b4773-1394-989c-cdb7-f8b064821acb" executionId="e58cf3c4-8662-419b-b650-ed72da758f6e" testListId="8c84fa94-04c1-424b-9868-57a2d4851a1d" />
    <TestEntry testId="3dddadb3-73e5-0530-cc2f-efb35c37fd4b" executionId="1953ae22-cec1-4b72-8c8a-85942efd9d1e" testListId="8c84fa94-04c1-424b-9868-57a2d4851a1d" />
    <TestEntry testId="3434e15a-2768-efbc-7e19-fea38f3ae373" executionId="3163200c-20f9-4cc7-a3e1-50c7b9e66b59" testListId="8c84fa94-04c1-424b-9868-57a2d4851a1d" />
    <TestEntry testId="ebfe7877-f55a-fab7-3a7d-8cf9c4a15098" executionId="dbd1ca79-4816-4024-9453-d46e18c69b81" testListId="8c84fa94-04c1-424b-9868-57a2d4851a1d" />
    <TestEntry testId="39224d7b-adf2-c3bb-b064-ed7483309b12" executionId="438244a9-9e5b-44e6-90fb-3fe5bd244e60" testListId="8c84fa94-04c1-424b-9868-57a2d4851a1d" />
    <TestEntry testId="16b9cd71-246d-5b51-e461-fdc7db24fde9" executionId="210b93dd-9df9-4af8-966f-470bed6846c0" testListId="8c84fa94-04c1-424b-9868-57a2d4851a1d" />
    <TestEntry testId="7788e309-ff81-f500-79ac-b11223af1ac3" executionId="2de90c4e-3eac-4fe3-942e-0cd4f979d14e" testListId="8c84fa94-04c1-424b-9868-57a2d4851a1d" />
    <TestEntry testId="212d269e-e227-2ffb-7701-8181bcaf4ecf" executionId="db8c5e22-95c7-49c8-a986-f3e6070cb585" testListId="8c84fa94-04c1-424b-9868-57a2d4851a1d" />
    <TestEntry testId="31f28e4c-6fb6-b0cc-cd29-bcccd2779f6e" executionId="91af7c55-1a22-446d-a561-893cd1211a22" testListId="8c84fa94-04c1-424b-9868-57a2d4851a1d" />
    <TestEntry testId="c0bd25d5-74fa-a92b-42e1-7e499486e888" executionId="73bc42d2-efd8-44c7-a135-cb41fc54ed70" testListId="8c84fa94-04c1-424b-9868-57a2d4851a1d" />
    <TestEntry testId="0fbb0657-5fcb-c22d-ba1e-66fc2f5570e3" executionId="32f9436e-75ab-4976-953b-1d55bce58359" testListId="8c84fa94-04c1-424b-9868-57a2d4851a1d" />
    <TestEntry testId="668a7b7c-485c-e1be-eac6-0f37f9c5a345" executionId="22866057-36f2-415b-a12b-6f36ea1a8d35" testListId="8c84fa94-04c1-424b-9868-57a2d4851a1d" />
    <TestEntry testId="87215dbe-be98-eae0-f888-50bc76faae33" executionId="4095bcb5-9db2-4dbe-9ad7-f4f765f14d51" testListId="8c84fa94-04c1-424b-9868-57a2d4851a1d" />
    <TestEntry testId="aa7cd316-bd03-8913-f5ff-bd80befd5e8b" executionId="4b1c7a83-a290-438b-a365-2a6790db1fd7" testListId="8c84fa94-04c1-424b-9868-57a2d4851a1d" />
    <TestEntry testId="b3df3f39-3ac5-afed-24ec-7a145316d997" executionId="e35375c8-380a-4ed8-8158-aa4ec70ca519" testListId="8c84fa94-04c1-424b-9868-57a2d4851a1d" />
    <TestEntry testId="b6767da0-b71f-abbd-7405-75d592f9abf3" executionId="0549fa6f-1fbe-4ccb-914b-790dc0f26a15" testListId="8c84fa94-04c1-424b-9868-57a2d4851a1d" />
    <TestEntry testId="0e3b0f34-8ab7-ccb2-ed1a-7de6e3e165c5" executionId="396a9198-d9f4-4233-826f-ba1bbfe30284" testListId="8c84fa94-04c1-424b-9868-57a2d4851a1d" />
    <TestEntry testId="cc99ff3e-c755-1963-ff3d-70c3c6994b03" executionId="5d01d444-43a8-46fd-bcd0-6137b157e8c5" testListId="8c84fa94-04c1-424b-9868-57a2d4851a1d" />
    <TestEntry testId="0881e79b-b33f-db23-4717-e6bc85ee2141" executionId="91720d42-302c-4896-b37e-e14606f004db" testListId="8c84fa94-04c1-424b-9868-57a2d4851a1d" />
    <TestEntry testId="10efcc98-720a-6a51-bddb-12631de34c03" executionId="8856f01a-e810-4d20-955c-9c3d215ffb8e" testListId="8c84fa94-04c1-424b-9868-57a2d4851a1d" />
    <TestEntry testId="86824227-709e-d695-09b7-8d9000453067" executionId="199e4b1e-9619-4638-8b05-36e395053d27" testListId="8c84fa94-04c1-424b-9868-57a2d4851a1d" />
    <TestEntry testId="eefc51b9-5382-2aee-c4ce-08acd9cc49de" executionId="b435d88a-0832-45ad-bfec-c91aae6ec2df" testListId="8c84fa94-04c1-424b-9868-57a2d4851a1d" />
    <TestEntry testId="c23f9653-e5cb-0826-ce5a-723493994ef0" executionId="d2f09d2c-a03b-4ba8-bb30-140c95699a0f" testListId="8c84fa94-04c1-424b-9868-57a2d4851a1d" />
    <TestEntry testId="bc934390-fccd-2d5c-15be-99650a75c9f5" executionId="dba865fd-3e09-4b58-bb91-771422e88219" testListId="8c84fa94-04c1-424b-9868-57a2d4851a1d" />
    <TestEntry testId="cc815387-ccd0-3c89-25da-05420b40ed9e" executionId="1ed29d5c-c485-4fbf-a723-579ad9fc1386" testListId="8c84fa94-04c1-424b-9868-57a2d4851a1d" />
    <TestEntry testId="954dcc09-ffa8-ee72-ce2c-24675b9f100a" executionId="b548b20a-7587-425b-8169-93f6ff33f592" testListId="8c84fa94-04c1-424b-9868-57a2d4851a1d" />
    <TestEntry testId="dc972d0b-90fa-0c97-701a-24ab8f8aec17" executionId="d3083a34-9d14-4f15-bade-01316a8eb79e" testListId="8c84fa94-04c1-424b-9868-57a2d4851a1d" />
    <TestEntry testId="c475df53-8f1e-79fe-20e9-fd298525b9b9" executionId="ba1ae68d-cfb1-4f5f-a2a4-1364d97a6471" testListId="8c84fa94-04c1-424b-9868-57a2d4851a1d" />
    <TestEntry testId="1ed595f1-e0b3-cd61-13ef-3cbf3778f159" executionId="1c16b95a-f939-47e7-95ae-c2dd18e8b334" testListId="8c84fa94-04c1-424b-9868-57a2d4851a1d" />
    <TestEntry testId="6efe46f6-24e8-324a-c841-828d4ce3c2fb" executionId="d7c6e85e-b958-44f1-b922-ded350c36276" testListId="8c84fa94-04c1-424b-9868-57a2d4851a1d" />
    <TestEntry testId="c1f74549-0e3d-e32b-3c71-cedfb9c5eef0" executionId="deac3683-aa9f-48f0-828b-c3d528a83a2a" testListId="8c84fa94-04c1-424b-9868-57a2d4851a1d" />
    <TestEntry testId="0a158be2-3d0e-91be-dc79-b834318d6106" executionId="dc331c2d-54fd-4f5c-a6a0-015f59c37b13" testListId="8c84fa94-04c1-424b-9868-57a2d4851a1d" />
    <TestEntry testId="0209b421-7614-162d-e45d-48fbd126c964" executionId="dbe1c848-acc6-4f14-9e6b-80c50f20a987" testListId="8c84fa94-04c1-424b-9868-57a2d4851a1d" />
    <TestEntry testId="e864a85a-61d6-71a9-12f2-7e66ec36a4d7" executionId="2a955d1f-01b7-40f0-b34e-8e6e5f79ff3a" testListId="8c84fa94-04c1-424b-9868-57a2d4851a1d" />
    <TestEntry testId="d7001884-5531-566e-871c-306c552a41f9" executionId="cfaa6357-3491-4d45-95ed-b0e0a1fd0b57" testListId="8c84fa94-04c1-424b-9868-57a2d4851a1d" />
    <TestEntry testId="5d87446d-b17e-e82f-a4a3-ee27c1dfacd1" executionId="dbc14143-b836-4994-8c3e-f62b9230fa2a" testListId="8c84fa94-04c1-424b-9868-57a2d4851a1d" />
    <TestEntry testId="dbac47b9-416a-24f2-90d7-b5b09b9dc93c" executionId="969390cf-a3fc-4dfe-94f2-e1810414773f" testListId="8c84fa94-04c1-424b-9868-57a2d4851a1d" />
    <TestEntry testId="f6984f1a-4523-b1ef-118a-5c1d7f7ca1aa" executionId="cdfc625c-4bbc-44da-9b50-488f499c33c6" testListId="8c84fa94-04c1-424b-9868-57a2d4851a1d" />
    <TestEntry testId="e0e73f94-8b60-e9f7-5ce6-3100aae7c303" executionId="f7c96d12-5568-467d-9f5a-5a04b0c7da42" testListId="8c84fa94-04c1-424b-9868-57a2d4851a1d" />
    <TestEntry testId="97fbdc51-18ba-7aa5-3b45-4fad3a6c36f9" executionId="5d61eb0f-7655-4e49-9d95-dcd376489cfc" testListId="8c84fa94-04c1-424b-9868-57a2d4851a1d" />
    <TestEntry testId="33580008-2ed0-6825-609a-d1d90403b659" executionId="0290ed9d-dd68-466d-94ce-83a8ee386aa2" testListId="8c84fa94-04c1-424b-9868-57a2d4851a1d" />
    <TestEntry testId="341aa1b2-3b64-c4e7-896b-2d80cfc15011" executionId="3d43489f-fcda-4261-815e-3e57b24d2048" testListId="8c84fa94-04c1-424b-9868-57a2d4851a1d" />
    <TestEntry testId="b6c8d5b4-b132-7bf9-41ce-a46ff913fc34" executionId="62440e64-b633-4e57-ada4-827c3a062bbb" testListId="8c84fa94-04c1-424b-9868-57a2d4851a1d" />
    <TestEntry testId="c05a4d86-1b95-1726-01bd-7b1791261baa" executionId="2161dc6e-7a17-4498-ad11-33fae3b9aadb" testListId="8c84fa94-04c1-424b-9868-57a2d4851a1d" />
    <TestEntry testId="bb812b16-0590-e601-98e0-332d7569575a" executionId="1f73eb38-bca2-452d-b16f-8661a62ce8c8" testListId="8c84fa94-04c1-424b-9868-57a2d4851a1d" />
    <TestEntry testId="01158b98-2cd4-e826-aa9e-d2d4c60de322" executionId="d82bd178-1cba-44db-98c4-b23433d346ec" testListId="8c84fa94-04c1-424b-9868-57a2d4851a1d" />
    <TestEntry testId="72c3e934-5f4f-f3fc-d049-02010e141373" executionId="365d85dd-fc51-4eed-a6d4-5aa80e9a2dc3" testListId="8c84fa94-04c1-424b-9868-57a2d4851a1d" />
    <TestEntry testId="78d59ed4-95ad-480d-6b34-b1db04166f61" executionId="eac3c15b-24f9-4a17-a0ea-cba6416ece61" testListId="8c84fa94-04c1-424b-9868-57a2d4851a1d" />
    <TestEntry testId="e52da296-c08b-e9c0-0216-381a1c8bbd9e" executionId="676a5a1e-c719-4049-b8f2-b85fcf5352cf" testListId="8c84fa94-04c1-424b-9868-57a2d4851a1d" />
    <TestEntry testId="d78ddc2b-307f-bc26-2b15-e79e8f94ce76" executionId="8b333c9e-b568-41d3-8cf2-3c1d0ac88201" testListId="8c84fa94-04c1-424b-9868-57a2d4851a1d" />
    <TestEntry testId="461331e3-222f-9745-91e1-804c09883ed3" executionId="d9eca897-dfef-4f04-a009-fb422e79a9d4" testListId="8c84fa94-04c1-424b-9868-57a2d4851a1d" />
    <TestEntry testId="c2f6ebcb-6563-8bdd-b77e-91b902f7eb14" executionId="3540cc8a-5492-4f94-9e8b-463ed07a3e89" testListId="8c84fa94-04c1-424b-9868-57a2d4851a1d" />
    <TestEntry testId="67c0ea39-eacf-68a7-bc2c-66d2ee840cfb" executionId="d5097640-f85f-4e80-87bc-ad04d3d9aedc" testListId="8c84fa94-04c1-424b-9868-57a2d4851a1d" />
    <TestEntry testId="85b75f82-e414-01aa-d88b-66e9836d44fd" executionId="fdc26efb-98e0-465f-aed2-8dc5dd42d17a" testListId="8c84fa94-04c1-424b-9868-57a2d4851a1d" />
    <TestEntry testId="225e2319-c278-70af-0c9e-1f0e59bd70af" executionId="89aa38ce-a7f2-4352-8fac-bb9293d99c9a" testListId="8c84fa94-04c1-424b-9868-57a2d4851a1d" />
    <TestEntry testId="ab8bb7fc-41b6-aa97-b7c5-389099b08870" executionId="63fed5a9-410b-47d5-83b7-adf65fb2976f" testListId="8c84fa94-04c1-424b-9868-57a2d4851a1d" />
    <TestEntry testId="a78e107f-188e-49af-b7fb-8b9962cefe26" executionId="2514ba1c-f004-4550-8632-62521eed737c" testListId="8c84fa94-04c1-424b-9868-57a2d4851a1d" />
    <TestEntry testId="0bd5a705-f6f8-0f3a-8c3d-f1c97380c236" executionId="e210123b-377b-4301-9485-8639e50d852d" testListId="8c84fa94-04c1-424b-9868-57a2d4851a1d" />
    <TestEntry testId="7290edfd-63e4-ce1e-5e90-49404c4483db" executionId="739f1ac5-e4f5-4623-b79d-2eacc683616a" testListId="8c84fa94-04c1-424b-9868-57a2d4851a1d" />
    <TestEntry testId="7a7fdf06-c490-deb2-82e6-65e1294c3173" executionId="d818219b-ab08-496f-b162-dc4a1691a450" testListId="8c84fa94-04c1-424b-9868-57a2d4851a1d" />
    <TestEntry testId="70b9353b-f69e-de3b-fa95-c1f1c59d67f8" executionId="8fbbc5b3-ffa6-46c3-b165-ddc9f5d4a1ca" testListId="8c84fa94-04c1-424b-9868-57a2d4851a1d" />
    <TestEntry testId="ed293078-f25c-eb2e-8912-33515871c1a2" executionId="a506ebe1-3403-4b2a-a979-7d593798dce7" testListId="8c84fa94-04c1-424b-9868-57a2d4851a1d" />
    <TestEntry testId="20ff39df-6b6f-8d20-2277-72d3fc9ee983" executionId="b2d485d9-7ab8-4e81-9bac-1389678c5151" testListId="8c84fa94-04c1-424b-9868-57a2d4851a1d" />
    <TestEntry testId="8323b4f2-e9f8-2e2a-6f22-cc6a18906d5b" executionId="b6f7b6b1-67a9-44fb-99bd-14667615b9da" testListId="8c84fa94-04c1-424b-9868-57a2d4851a1d" />
    <TestEntry testId="679fa446-5363-b4de-5431-4cdafa751f6b" executionId="60872f20-9905-4ef3-928c-2250bb8a278f" testListId="8c84fa94-04c1-424b-9868-57a2d4851a1d" />
    <TestEntry testId="135d62c0-fe81-f46a-ce86-2cfe36dd8cc8" executionId="b6aa2b8d-0f78-4761-8550-eec637d801a0" testListId="8c84fa94-04c1-424b-9868-57a2d4851a1d" />
    <TestEntry testId="9551a8f2-f5be-a617-500a-980790ba8737" executionId="4ce58f2d-c1a8-407b-bb10-ab3cc52eb03e" testListId="8c84fa94-04c1-424b-9868-57a2d4851a1d" />
    <TestEntry testId="8bd9e66b-afe5-6a6c-4e29-a0b4f0e39174" executionId="d854cb6a-97a4-4633-b1eb-91108090d118" testListId="8c84fa94-04c1-424b-9868-57a2d4851a1d" />
    <TestEntry testId="d4fbe30b-c3a5-9110-1c8a-b21accc6c6ad" executionId="c0c5e796-9ae6-4211-8f46-282106eb2e1d" testListId="8c84fa94-04c1-424b-9868-57a2d4851a1d" />
    <TestEntry testId="bfd791d4-3818-9f2c-b28d-53bbc42d1573" executionId="745c591a-f418-457b-9b4a-681a8e65f6d0" testListId="8c84fa94-04c1-424b-9868-57a2d4851a1d" />
    <TestEntry testId="cc29216e-1cfd-6792-7ea1-15bf1c735835" executionId="7da29fd2-cda0-4647-a9ca-ce65dc8d6556" testListId="8c84fa94-04c1-424b-9868-57a2d4851a1d" />
    <TestEntry testId="6b9c0e82-f9ec-9ff8-f609-e65978a74cf5" executionId="67ebf8d7-055a-4ba2-b07c-b5c51a5f3600" testListId="8c84fa94-04c1-424b-9868-57a2d4851a1d" />
    <TestEntry testId="6892fbdf-0dab-889b-326a-7904d2b9e728" executionId="058864b5-f8aa-47ef-91f8-f5c4c28fdb37" testListId="8c84fa94-04c1-424b-9868-57a2d4851a1d" />
    <TestEntry testId="a9799ecd-0497-10f5-66d2-b0667b4dc9d2" executionId="86357217-394f-4269-8a3b-0a555e3465d9" testListId="8c84fa94-04c1-424b-9868-57a2d4851a1d" />
    <TestEntry testId="47a53b29-7b9e-c9bf-9646-9c0d3127b256" executionId="19da9c47-77dc-4d20-9b14-59b8423476f9" testListId="8c84fa94-04c1-424b-9868-57a2d4851a1d" />
    <TestEntry testId="e7a87b1a-469f-3c38-ddd6-29b9b9cbec00" executionId="cf6f3c4a-50ab-4ea9-bf18-0b25424076c2" testListId="8c84fa94-04c1-424b-9868-57a2d4851a1d" />
    <TestEntry testId="fb06ac1d-f4a6-d9b4-8722-be97dde4c78f" executionId="ecb6c45d-6868-45a6-b1ad-846541b99683" testListId="8c84fa94-04c1-424b-9868-57a2d4851a1d" />
    <TestEntry testId="bc12b5e8-0d7d-7dd1-0756-b375b65700f8" executionId="e0d46507-c63c-43ed-b3eb-6295cab0af70" testListId="8c84fa94-04c1-424b-9868-57a2d4851a1d" />
    <TestEntry testId="b05d6f18-6593-4fdf-8277-2d819867e350" executionId="abbd740e-2f78-45f0-954f-02b9ffbe15a9" testListId="8c84fa94-04c1-424b-9868-57a2d4851a1d" />
    <TestEntry testId="92fdd030-3856-bf25-d99c-4aebc9a73c44" executionId="5179ada5-390c-47ca-9e65-72d953ac65c7" testListId="8c84fa94-04c1-424b-9868-57a2d4851a1d" />
    <TestEntry testId="6fccae5a-7804-fab5-2f9c-d8ea289560be" executionId="7fa54bce-677a-45e0-9425-f22e1e3f4bc2" testListId="8c84fa94-04c1-424b-9868-57a2d4851a1d" />
    <TestEntry testId="12501656-668f-6d63-7f1a-8f8eefa16abe" executionId="37283d86-dbb5-409c-ba0d-3531a8b925a5" testListId="8c84fa94-04c1-424b-9868-57a2d4851a1d" />
    <TestEntry testId="ef9bc618-0b6a-337d-f408-8cefa3f67ba7" executionId="f2be5158-e036-4c29-9d23-a135a41c72c3" testListId="8c84fa94-04c1-424b-9868-57a2d4851a1d" />
    <TestEntry testId="f03417c3-eb2e-18cd-8003-c8d213c40e6f" executionId="feffedf1-764d-4f7b-9235-997fb5939e02" testListId="8c84fa94-04c1-424b-9868-57a2d4851a1d" />
    <TestEntry testId="b48b0061-7548-695a-aa72-eca672007f65" executionId="90cecb17-8a6c-46aa-881e-4ee02fa1c142" testListId="8c84fa94-04c1-424b-9868-57a2d4851a1d" />
    <TestEntry testId="ee341f6d-4feb-cbd8-824e-87dfe9d62513" executionId="39178563-021d-4819-8b71-80b38a5b8110" testListId="8c84fa94-04c1-424b-9868-57a2d4851a1d" />
    <TestEntry testId="6a5b7ab3-aa94-4efe-2c3f-1fc918bed002" executionId="12e42cd4-ab0d-48c2-8555-fffc3a14e538" testListId="8c84fa94-04c1-424b-9868-57a2d4851a1d" />
    <TestEntry testId="2290dc93-26ef-2adf-bfc4-c74fcd6396b2" executionId="3534c515-82e3-47a0-be72-8bc3aebf7ddf" testListId="8c84fa94-04c1-424b-9868-57a2d4851a1d" />
    <TestEntry testId="2516f5ca-d06b-43f0-8619-b53bdf03ad3b" executionId="581ad73b-1b66-4bb7-b997-16afe61a2b2b" testListId="8c84fa94-04c1-424b-9868-57a2d4851a1d" />
    <TestEntry testId="f4009c20-ddf4-5439-9b3f-52d8d564e525" executionId="b43e9f54-d82a-422d-af8c-b5ab838a462c" testListId="8c84fa94-04c1-424b-9868-57a2d4851a1d" />
    <TestEntry testId="3c6ad7f5-47ac-d2a1-3c86-5077b25134ea" executionId="07c4d4c9-d6c0-4bed-a8bc-ca6a673652ff" testListId="8c84fa94-04c1-424b-9868-57a2d4851a1d" />
    <TestEntry testId="520094b8-4b75-11e8-c310-4fbb0ad15d04" executionId="40427d75-b6dc-46ea-b9c6-0e0b8dfdd177" testListId="8c84fa94-04c1-424b-9868-57a2d4851a1d" />
    <TestEntry testId="cd7f7ed7-88a6-0fa2-919b-8f85deed3b1c" executionId="7f5a4bce-491b-4014-b09a-970882636856" testListId="8c84fa94-04c1-424b-9868-57a2d4851a1d" />
    <TestEntry testId="09fa2387-002a-88c8-0b1c-134e9e315493" executionId="b4980556-de4c-47a1-b2d0-6a3963f3c574" testListId="8c84fa94-04c1-424b-9868-57a2d4851a1d" />
    <TestEntry testId="dac52339-d9a8-d082-49c1-4cb11ce915ee" executionId="3e7f8ab6-c563-430c-af2f-43802c62647d" testListId="8c84fa94-04c1-424b-9868-57a2d4851a1d" />
    <TestEntry testId="4f197c17-4790-58f8-b53d-dcb8083dcd6a" executionId="8a17f36f-3db7-435a-8a25-5dd7c2f9c852" testListId="8c84fa94-04c1-424b-9868-57a2d4851a1d" />
    <TestEntry testId="0daed256-eb5b-ff97-e9ff-02ba280c96b0" executionId="61846f47-727c-48df-9d36-15542cc56676" testListId="8c84fa94-04c1-424b-9868-57a2d4851a1d" />
    <TestEntry testId="ae12437f-7020-f7d7-46c0-7bcbf7d4412c" executionId="9d5e114b-58c8-4e13-aa78-ea0839454ff7" testListId="8c84fa94-04c1-424b-9868-57a2d4851a1d" />
    <TestEntry testId="9f4b8baa-3d93-c3b8-cb10-c40ec85c9336" executionId="9ad529d9-c287-40d5-9c7d-b49fa9004a89" testListId="8c84fa94-04c1-424b-9868-57a2d4851a1d" />
    <TestEntry testId="e997866d-eebf-79e1-ae85-52bd5aa489c9" executionId="a74a18db-c5e8-4943-b695-8af2840225e2" testListId="8c84fa94-04c1-424b-9868-57a2d4851a1d" />
    <TestEntry testId="11a66fc8-e44f-e614-4b59-2054ed6010ca" executionId="c59649bf-fb42-4b1f-8bae-925905f2bb7d" testListId="8c84fa94-04c1-424b-9868-57a2d4851a1d" />
    <TestEntry testId="a6c85b3a-5f84-4859-aef3-09060d5afd98" executionId="c97dbadf-bc78-44ca-b058-8b20775b13af" testListId="8c84fa94-04c1-424b-9868-57a2d4851a1d" />
    <TestEntry testId="3e139534-4575-a050-7dfe-191f8507593f" executionId="6978e90a-b491-4929-a97a-cce0aa7a97ce" testListId="8c84fa94-04c1-424b-9868-57a2d4851a1d" />
    <TestEntry testId="7d1d1f41-0e54-d040-359b-6620ce0f7c85" executionId="c8d7786b-143f-4b2c-a3f2-1be50e273e81" testListId="8c84fa94-04c1-424b-9868-57a2d4851a1d" />
    <TestEntry testId="88133fd3-9167-6134-2a3f-9488dba78659" executionId="984db7fc-d5dc-4c73-8f43-7f71f46ce947" testListId="8c84fa94-04c1-424b-9868-57a2d4851a1d" />
    <TestEntry testId="fc1fc2c4-ffdf-b544-ce27-92bf115fe30b" executionId="4c74f2ff-95ab-4938-80e5-31f6d119254e" testListId="8c84fa94-04c1-424b-9868-57a2d4851a1d" />
    <TestEntry testId="a9f5292d-e31f-a581-3eed-5680d989d123" executionId="3955a832-f70d-4037-a4fe-88595d0a98c9" testListId="8c84fa94-04c1-424b-9868-57a2d4851a1d" />
    <TestEntry testId="16dd1f98-130f-f1f5-491b-90125b059034" executionId="09f9a1a5-02cb-4e68-9d9f-508ba073b3d7" testListId="8c84fa94-04c1-424b-9868-57a2d4851a1d" />
    <TestEntry testId="0604c1ff-5540-6793-d2f8-19a426df7742" executionId="f998d9c0-c72d-4db8-ac76-f9f739c92787" testListId="8c84fa94-04c1-424b-9868-57a2d4851a1d" />
    <TestEntry testId="2278707c-4cb1-7a76-66a2-6338bd3a574d" executionId="dcd89818-afe6-41ae-974d-0847a4de7b7e" testListId="8c84fa94-04c1-424b-9868-57a2d4851a1d" />
    <TestEntry testId="66298706-cc94-6c9f-0a35-7ab07950020d" executionId="f4d69de3-b185-4d2f-bdbd-cf4760a70956" testListId="8c84fa94-04c1-424b-9868-57a2d4851a1d" />
    <TestEntry testId="2a445259-81b4-7d21-8522-cb29686e8b5b" executionId="2c2b4882-c853-424c-8971-079c17213bb7" testListId="8c84fa94-04c1-424b-9868-57a2d4851a1d" />
    <TestEntry testId="a67dddae-fbaa-38ff-493a-4fb494200940" executionId="36d11754-0a33-4fa1-876f-9f093aba75ba" testListId="8c84fa94-04c1-424b-9868-57a2d4851a1d" />
    <TestEntry testId="4fc7265c-8aa9-4dcf-df19-f51dedafe8a7" executionId="18a88c56-cb54-48c0-8011-bc40828e6f57" testListId="8c84fa94-04c1-424b-9868-57a2d4851a1d" />
    <TestEntry testId="88aa33f2-80ef-ffeb-281e-b6e341b95ce9" executionId="7767c166-f479-405c-ac8b-d71dc22992ad" testListId="8c84fa94-04c1-424b-9868-57a2d4851a1d" />
    <TestEntry testId="c3df773c-1590-2c82-5cd8-cf0a4f3a6afc" executionId="543287f9-b2ef-4231-a81b-8afcd6ff641a" testListId="8c84fa94-04c1-424b-9868-57a2d4851a1d" />
    <TestEntry testId="cb3227bb-d1a5-0c0d-9089-9f393e7c3688" executionId="a22dcc74-8780-44e6-9957-cfd945aff5e1" testListId="8c84fa94-04c1-424b-9868-57a2d4851a1d" />
    <TestEntry testId="8f3b8a17-8863-f4c3-5425-91ed08db45b8" executionId="2bc80551-f862-4906-9c2a-599a9cdb658a" testListId="8c84fa94-04c1-424b-9868-57a2d4851a1d" />
    <TestEntry testId="25d2ce81-b800-30ed-a9ff-8db2b7fca025" executionId="e219582f-6e70-4959-b6e5-770d4057d2de" testListId="8c84fa94-04c1-424b-9868-57a2d4851a1d" />
    <TestEntry testId="8f3e0927-dc62-09dc-c947-424695b8bc40" executionId="704d0e45-5a1b-497c-b0d7-326bbc65ca43" testListId="8c84fa94-04c1-424b-9868-57a2d4851a1d" />
    <TestEntry testId="e9dfb445-64b1-c8bd-bc01-6330550b105e" executionId="1fa71a0c-2256-4462-8366-ed9427203fcc" testListId="8c84fa94-04c1-424b-9868-57a2d4851a1d" />
    <TestEntry testId="a42de255-353b-3499-e7ec-b18bd5c29a5c" executionId="47700d1b-69b1-4394-a86d-780fdb20dd64" testListId="8c84fa94-04c1-424b-9868-57a2d4851a1d" />
    <TestEntry testId="dd6afc15-10c5-b303-c76e-273eabfa3bb0" executionId="0341e917-e962-4a22-832c-c4945fd5ba23" testListId="8c84fa94-04c1-424b-9868-57a2d4851a1d" />
    <TestEntry testId="500146c2-0fce-a8b0-1f53-7fbec0f9bacd" executionId="af637517-54b7-44be-b96b-8d2cec7082c2" testListId="8c84fa94-04c1-424b-9868-57a2d4851a1d" />
    <TestEntry testId="fc700c0a-f7f2-a9aa-c628-23e607736cb2" executionId="c0fc66de-f84d-468f-8ac2-ae1e628de718" testListId="8c84fa94-04c1-424b-9868-57a2d4851a1d" />
    <TestEntry testId="b0ea56fc-56fe-34ff-f18f-05cf3640650e" executionId="bd13a890-51d5-4219-96bb-a609f8ef09fe" testListId="8c84fa94-04c1-424b-9868-57a2d4851a1d" />
    <TestEntry testId="01799474-13c9-ef07-91a0-a707eadf879a" executionId="e0eaab23-a64c-4a23-bb49-bfd5c5c96ef5" testListId="8c84fa94-04c1-424b-9868-57a2d4851a1d" />
    <TestEntry testId="dbc25ad9-20cc-4d18-73ef-8500a4d4137f" executionId="946fe479-89b1-41d8-8059-6b5dd3ab508e" testListId="8c84fa94-04c1-424b-9868-57a2d4851a1d" />
    <TestEntry testId="d2eb1662-6b70-63d0-d71c-7f9ecf6fdd7d" executionId="0bf2ddd2-4258-4048-ac04-271dc373c66f" testListId="8c84fa94-04c1-424b-9868-57a2d4851a1d" />
    <TestEntry testId="a7db9ed1-0e9f-4bd0-ac0b-3b36ddafd16e" executionId="952fc0a9-4cc6-4e2b-8208-44eb576129cc" testListId="8c84fa94-04c1-424b-9868-57a2d4851a1d" />
    <TestEntry testId="27f0a424-dd24-08ba-788b-f15f39b1c327" executionId="baee8c75-55b9-44f2-a072-b53d4022a179" testListId="8c84fa94-04c1-424b-9868-57a2d4851a1d" />
    <TestEntry testId="0928c4fd-5774-fb06-0445-b9d9e3756a8d" executionId="ffb2d822-f41d-441c-bd1b-6278d35be28a" testListId="8c84fa94-04c1-424b-9868-57a2d4851a1d" />
    <TestEntry testId="44454256-30a7-bf45-41dd-badf653c0c55" executionId="ac0c22da-f596-4b58-b248-7a6942b583e5" testListId="8c84fa94-04c1-424b-9868-57a2d4851a1d" />
    <TestEntry testId="b09c7353-a02d-ff9f-8437-0ec01da8590a" executionId="355240e5-633c-4bc8-a43a-61a3d1abb611" testListId="8c84fa94-04c1-424b-9868-57a2d4851a1d" />
    <TestEntry testId="e20a2443-63de-0ab9-fc1f-4a1cb2289ef1" executionId="a8f6305e-8781-452b-b883-81b37f677f15" testListId="8c84fa94-04c1-424b-9868-57a2d4851a1d" />
    <TestEntry testId="d218b1ec-f943-b4b5-4c70-d50ae6005d5d" executionId="ecde9bd2-ccd5-4c04-a87f-581a2c0131c8" testListId="8c84fa94-04c1-424b-9868-57a2d4851a1d" />
    <TestEntry testId="a64f7a70-ec8c-8ab6-7e45-ca9fa7e2c2a4" executionId="3c4bdd27-7e6f-4bd1-8f60-f10f02628afe" testListId="8c84fa94-04c1-424b-9868-57a2d4851a1d" />
    <TestEntry testId="479ac9a4-db24-66b5-ae47-500a4c5f414e" executionId="75a5e7ea-4438-474a-804a-80ca81955e3a" testListId="8c84fa94-04c1-424b-9868-57a2d4851a1d" />
    <TestEntry testId="40c0286b-652b-f4d2-04b7-183bee4a715e" executionId="27dfcbff-3ee3-4553-b10f-212de29e36cc" testListId="8c84fa94-04c1-424b-9868-57a2d4851a1d" />
    <TestEntry testId="0fd657fb-3854-1b2f-0c0f-8cf8e1efee07" executionId="dd44bdc7-2916-4c45-8f31-822260bb5050" testListId="8c84fa94-04c1-424b-9868-57a2d4851a1d" />
    <TestEntry testId="21aacc52-5297-f44e-aad6-4de7a3bc1c17" executionId="140cf0b3-b951-4012-bd17-154ffe085699" testListId="8c84fa94-04c1-424b-9868-57a2d4851a1d" />
    <TestEntry testId="5be5e628-43fb-71a1-e880-34735fe5e2ed" executionId="f4a9fd71-ca08-4f08-8d17-725493c1a138" testListId="8c84fa94-04c1-424b-9868-57a2d4851a1d" />
    <TestEntry testId="ea293987-3f38-3bb5-dd17-e36fb9072559" executionId="d2b2a189-a3e8-447e-b74c-428541dedbbd" testListId="8c84fa94-04c1-424b-9868-57a2d4851a1d" />
    <TestEntry testId="0f05d604-6e61-b82e-404f-e9831974b180" executionId="e26daa1a-f18b-422f-8a31-5d2f8cc1fca6" testListId="8c84fa94-04c1-424b-9868-57a2d4851a1d" />
    <TestEntry testId="1612f291-790a-313d-a0d3-c41060967beb" executionId="1d8dd9ef-52c1-47f4-ad51-fc019180af5a" testListId="8c84fa94-04c1-424b-9868-57a2d4851a1d" />
    <TestEntry testId="f8ca46c0-8edb-350c-aedc-71898e183163" executionId="ab7b051c-99bb-40f1-87f5-d5c0490487b4" testListId="8c84fa94-04c1-424b-9868-57a2d4851a1d" />
    <TestEntry testId="3b964bff-d25f-d812-9955-0682bf213291" executionId="1a51b025-cd93-4a76-aeb0-7629ac997aa0" testListId="8c84fa94-04c1-424b-9868-57a2d4851a1d" />
    <TestEntry testId="f500837b-0f36-671a-c44b-b00267ce6d42" executionId="039972ab-df55-454b-9920-309bffecdd5d" testListId="8c84fa94-04c1-424b-9868-57a2d4851a1d" />
    <TestEntry testId="893df90f-4ad3-2688-f803-e533f67faf3b" executionId="b4c00db8-1c59-48cc-bc8a-f3b29975e678" testListId="8c84fa94-04c1-424b-9868-57a2d4851a1d" />
    <TestEntry testId="293f208d-a107-c0fc-0068-8de4f4577501" executionId="b986a7e3-d75a-4257-8d63-77d9366d9e6e" testListId="8c84fa94-04c1-424b-9868-57a2d4851a1d" />
    <TestEntry testId="052237df-54d9-31a7-0ab1-08aaf1d51da7" executionId="7426bc7a-8b7c-41fa-92f8-b361eaf85e7b" testListId="8c84fa94-04c1-424b-9868-57a2d4851a1d" />
    <TestEntry testId="22aaf792-b28c-0483-2284-13d7b20de4b8" executionId="3e55e51e-be69-4616-91bf-8de69a75fcd4" testListId="8c84fa94-04c1-424b-9868-57a2d4851a1d" />
    <TestEntry testId="2850ab82-187d-c41c-6c55-5faf4323eb97" executionId="0627033c-eb2e-4af3-9dd1-67833c4fb8a2" testListId="8c84fa94-04c1-424b-9868-57a2d4851a1d" />
    <TestEntry testId="79bbf345-4c1f-d3ec-6206-5d160bd2b4aa" executionId="95715152-ff42-4b2e-8865-6fc45707042a" testListId="8c84fa94-04c1-424b-9868-57a2d4851a1d" />
    <TestEntry testId="e5e5bf4a-3b6a-9b6c-ebe0-9c044c226109" executionId="4fd69f51-36b0-4759-b5d6-1922ea9b25a7" testListId="8c84fa94-04c1-424b-9868-57a2d4851a1d" />
    <TestEntry testId="7703e29a-ecc3-f42a-a3d8-2092764eb3f2" executionId="686b2c74-687a-4bcc-8e71-ddf93fbeb520" testListId="8c84fa94-04c1-424b-9868-57a2d4851a1d" />
    <TestEntry testId="bc7fb037-bc9e-3315-d38f-1aeba783be34" executionId="d9e9b698-ee2f-48bc-9308-1339d0c7bc01" testListId="8c84fa94-04c1-424b-9868-57a2d4851a1d" />
    <TestEntry testId="4a238ba0-fcc0-32ec-05c8-4cb7401b273a" executionId="a7a36827-5e18-49b3-a644-13e95d7d1db5" testListId="8c84fa94-04c1-424b-9868-57a2d4851a1d" />
    <TestEntry testId="8f92c43f-5727-bf2b-415e-cb82964ac302" executionId="1a4796c2-952c-4a52-a70b-d78dfe72eda8" testListId="8c84fa94-04c1-424b-9868-57a2d4851a1d" />
    <TestEntry testId="81f1f710-d694-68bf-2cd3-35ddc8a4ca3e" executionId="9be90b9c-195b-49d4-9fa8-49c14164965a" testListId="8c84fa94-04c1-424b-9868-57a2d4851a1d" />
    <TestEntry testId="793b121d-bd99-21ec-f905-c7a3bfbc43cf" executionId="3474cd35-75ff-48b3-a4ab-39367d7e408d" testListId="8c84fa94-04c1-424b-9868-57a2d4851a1d" />
    <TestEntry testId="211e44a5-7069-3390-6f71-9a0cc710f40e" executionId="7ccb895d-2219-4f38-bb30-15a34902c4e4" testListId="8c84fa94-04c1-424b-9868-57a2d4851a1d" />
    <TestEntry testId="da6b7e5c-6d35-dc61-721a-7a973091e15b" executionId="b4fea1f2-8e1a-4308-a842-e371d93079e6" testListId="8c84fa94-04c1-424b-9868-57a2d4851a1d" />
    <TestEntry testId="e6e395b4-3b84-d36a-a38c-e5e638fee7fb" executionId="b8b56a6d-d78c-40ee-a475-a57d5328414e" testListId="8c84fa94-04c1-424b-9868-57a2d4851a1d" />
    <TestEntry testId="0fd399d2-70b7-1bf0-1292-5d37ff538834" executionId="42e3de19-3040-4d2d-b46c-abfdc5f56767" testListId="8c84fa94-04c1-424b-9868-57a2d4851a1d" />
    <TestEntry testId="6683524a-bfa3-259f-b1e9-51fd36596515" executionId="4dd20a6a-49c4-4765-8f43-3c73e374ee4a" testListId="8c84fa94-04c1-424b-9868-57a2d4851a1d" />
    <TestEntry testId="32528e28-da07-7f33-5050-a43afc1898ef" executionId="be35f68c-32e6-4ad0-bbad-7f95258ccd15" testListId="8c84fa94-04c1-424b-9868-57a2d4851a1d" />
    <TestEntry testId="c4e34f90-d96f-cb6b-4d8d-827e8345bbf0" executionId="7f1a702e-9a62-436c-93d6-49d248ae8c35" testListId="8c84fa94-04c1-424b-9868-57a2d4851a1d" />
    <TestEntry testId="a85a1362-1754-70cf-33fa-4ae7e0463bc7" executionId="c128af36-18dc-433b-87c2-3308e7094357" testListId="8c84fa94-04c1-424b-9868-57a2d4851a1d" />
    <TestEntry testId="c9bdf071-dd03-b2a0-4e56-4edadb6f7ef7" executionId="8018cbca-f3f6-4aca-a68a-2d1bdfdb96f2" testListId="8c84fa94-04c1-424b-9868-57a2d4851a1d" />
    <TestEntry testId="de4de35b-27a7-9209-5227-b270da191793" executionId="364a264e-c11d-4099-a3ae-bc8ab8cd1d15" testListId="8c84fa94-04c1-424b-9868-57a2d4851a1d" />
    <TestEntry testId="c3c83a0c-a46d-bf4c-a733-65c34582027c" executionId="5d922f30-1005-4bbb-961d-2596b769cdb4" testListId="8c84fa94-04c1-424b-9868-57a2d4851a1d" />
    <TestEntry testId="4eb0c9c9-741e-7fa6-9c80-5eed459fb9fe" executionId="0fb5ab8d-3387-44f9-b2c1-1c221686c5ab" testListId="8c84fa94-04c1-424b-9868-57a2d4851a1d" />
    <TestEntry testId="bd62b9df-9183-e39d-353c-d0a2ca44c2da" executionId="0425e7cc-90f6-47a7-a48b-45383abf1113" testListId="8c84fa94-04c1-424b-9868-57a2d4851a1d" />
    <TestEntry testId="6494ab94-5c0c-369b-99ff-59bfdd03b59b" executionId="5e07def6-1158-49a7-8795-538b6c7611b7" testListId="8c84fa94-04c1-424b-9868-57a2d4851a1d" />
    <TestEntry testId="c3649c2b-316d-d26a-c549-526c58a35cfe" executionId="1c4565bb-e017-4d7c-af91-5c547e19dfd7" testListId="8c84fa94-04c1-424b-9868-57a2d4851a1d" />
    <TestEntry testId="0c1e1d3a-ed1f-c93a-037d-77d586b8b565" executionId="86bac37f-4578-4f07-9a87-92f16c036409" testListId="8c84fa94-04c1-424b-9868-57a2d4851a1d" />
    <TestEntry testId="426fd024-0e4c-9e4a-2e43-44c5266f80d0" executionId="6e738d43-6a00-4313-b267-f254ce492748" testListId="8c84fa94-04c1-424b-9868-57a2d4851a1d" />
    <TestEntry testId="94e89fbd-ee0e-4e65-a79e-fa57a63dcb34" executionId="723a3c70-8a59-4353-a20e-47302592999d" testListId="8c84fa94-04c1-424b-9868-57a2d4851a1d" />
    <TestEntry testId="673d5a8a-8f58-a8c0-2572-e1a8f9618e54" executionId="578fd3a4-7ecd-477b-ab56-936cc8824da8" testListId="8c84fa94-04c1-424b-9868-57a2d4851a1d" />
    <TestEntry testId="22940ce1-f9a1-0a34-055d-4f72c4c54fbb" executionId="8c978899-3a51-4516-bb6a-de5e4deb22bc" testListId="8c84fa94-04c1-424b-9868-57a2d4851a1d" />
    <TestEntry testId="7697c577-4d5f-2be5-faec-cf049908ed7a" executionId="50a934e8-87f2-4097-b8de-eb5420704d9d" testListId="8c84fa94-04c1-424b-9868-57a2d4851a1d" />
    <TestEntry testId="a13f15c8-7c1b-75e6-115a-2f9c84e9fa5f" executionId="c7ba0d0f-172c-44de-b1cf-7b817ef3260e" testListId="8c84fa94-04c1-424b-9868-57a2d4851a1d" />
    <TestEntry testId="10c9843d-cde7-1676-7217-072b639d2cdf" executionId="73b3fb70-384f-4d41-b144-3a390fde428f" testListId="8c84fa94-04c1-424b-9868-57a2d4851a1d" />
    <TestEntry testId="db7e14ac-31b0-63ea-57a6-f0098c612aa0" executionId="a8cb1584-b311-4ddf-90cc-e62978eae0f0" testListId="8c84fa94-04c1-424b-9868-57a2d4851a1d" />
    <TestEntry testId="7bd350cb-3547-f84c-acf6-0205c1ac84ac" executionId="31ee4cc1-70f3-4090-93f6-c62fdf0e57f1" testListId="8c84fa94-04c1-424b-9868-57a2d4851a1d" />
    <TestEntry testId="fd660d88-e617-79d3-f7ee-c5b3a97b4585" executionId="80883528-d7ad-4aba-813b-caa5007bfd1e" testListId="8c84fa94-04c1-424b-9868-57a2d4851a1d" />
    <TestEntry testId="67088a0d-c95d-ee41-8d3c-5924cd7e11e1" executionId="8227ae6d-1ce9-46d0-8a82-c33c63f1d9d1" testListId="8c84fa94-04c1-424b-9868-57a2d4851a1d" />
    <TestEntry testId="97bf175b-3437-3a0c-6b6e-4f876d982b3c" executionId="b29bcc21-0f67-434e-a005-e789ce332f39" testListId="8c84fa94-04c1-424b-9868-57a2d4851a1d" />
    <TestEntry testId="e081911d-8f68-16dc-95b9-ce6ca0099b36" executionId="d6f7ea92-5523-45d4-beb9-c799d207d189" testListId="8c84fa94-04c1-424b-9868-57a2d4851a1d" />
    <TestEntry testId="549a1786-aafc-b11d-904d-59c7dd4fc0a3" executionId="e66b21df-1553-47d3-9be2-1d3a65bcc03b" testListId="8c84fa94-04c1-424b-9868-57a2d4851a1d" />
    <TestEntry testId="e56c4b03-9d5d-a70b-1573-44a88bf4c200" executionId="01affb58-26fb-44ad-bf09-0b229aa282b6" testListId="8c84fa94-04c1-424b-9868-57a2d4851a1d" />
    <TestEntry testId="c4adad9d-ea20-a13f-97f1-44293498d06e" executionId="6fc4e129-102e-4c0a-b5ef-eac8ad4de0b9" testListId="8c84fa94-04c1-424b-9868-57a2d4851a1d" />
    <TestEntry testId="4bcbb7d4-08c1-9252-8fa2-fa28745614be" executionId="a4add47d-8fc6-4cca-83ee-ba3f755e7fae" testListId="8c84fa94-04c1-424b-9868-57a2d4851a1d" />
    <TestEntry testId="c975fa8d-6f04-08d0-8773-8610e8c13dbc" executionId="9a69f58e-3a24-4881-a2a3-2adb104e462f" testListId="8c84fa94-04c1-424b-9868-57a2d4851a1d" />
    <TestEntry testId="eb2478e2-607b-274e-dc5e-7e8aa422b888" executionId="746dcc10-fd9b-4ef9-8224-73a48222fb59" testListId="8c84fa94-04c1-424b-9868-57a2d4851a1d" />
    <TestEntry testId="4d5586b3-8531-2268-4fb4-39aa8e9235b0" executionId="9c68f9d9-2978-417f-aa12-e3aa60fc8128" testListId="8c84fa94-04c1-424b-9868-57a2d4851a1d" />
    <TestEntry testId="bf5918ba-1ac5-ba5f-cde7-7b7063949a78" executionId="81a02e2e-173c-49c0-a98b-a94defd1914a" testListId="8c84fa94-04c1-424b-9868-57a2d4851a1d" />
    <TestEntry testId="9d5ada2d-839e-c544-1fa6-276837fd72f2" executionId="d21ac2af-d3b9-4f69-8279-cf6f085fde77" testListId="8c84fa94-04c1-424b-9868-57a2d4851a1d" />
    <TestEntry testId="6063544f-f430-cb16-6dfb-368d6711c379" executionId="8397b2e9-21bf-4b61-b881-1e2f5077daba" testListId="8c84fa94-04c1-424b-9868-57a2d4851a1d" />
    <TestEntry testId="7e3c3908-f70c-8d41-e8fe-866ddfe5a4bc" executionId="4c3bc829-0b91-400c-899c-17caacf52b14" testListId="8c84fa94-04c1-424b-9868-57a2d4851a1d" />
    <TestEntry testId="b39f81fe-858b-c57c-9083-cb47ce15de87" executionId="79762d98-da32-46dc-8d12-6532d93e1b1a" testListId="8c84fa94-04c1-424b-9868-57a2d4851a1d" />
    <TestEntry testId="6c9b14c3-fb11-6b6c-874f-cb384de0275b" executionId="14036b09-9f0c-4c8b-abdf-c8f5f7851fc1" testListId="8c84fa94-04c1-424b-9868-57a2d4851a1d" />
    <TestEntry testId="a9cc89a4-8213-a4b1-7484-4879815a89dd" executionId="068727c5-1ca7-480c-ad22-c7fe5628e54d" testListId="8c84fa94-04c1-424b-9868-57a2d4851a1d" />
    <TestEntry testId="11d54d6f-5da0-f133-d7de-6f5044962e90" executionId="eb56aa7c-0fc7-4626-9a1c-5d1dcc9e7f5f" testListId="8c84fa94-04c1-424b-9868-57a2d4851a1d" />
    <TestEntry testId="e0743512-14b2-153f-50d2-6849d822eb82" executionId="82ad98d2-2d7f-470f-8808-4b726ad47155" testListId="8c84fa94-04c1-424b-9868-57a2d4851a1d" />
    <TestEntry testId="e37104f1-0b9f-8085-a237-c134f8aaa64f" executionId="aebcf228-15b8-4cd4-a466-70cd752fa9bb" testListId="8c84fa94-04c1-424b-9868-57a2d4851a1d" />
    <TestEntry testId="924f17cc-bb86-5a75-ef59-5704a9efc7cf" executionId="0dcf0cbc-63e9-4d9f-9e47-224d12ad93be" testListId="8c84fa94-04c1-424b-9868-57a2d4851a1d" />
    <TestEntry testId="897d70f0-e357-0848-3b55-d93cbcae3720" executionId="22f75cec-728c-4b68-959a-79299ec7409c" testListId="8c84fa94-04c1-424b-9868-57a2d4851a1d" />
    <TestEntry testId="96ff7aa1-841c-ccfd-6ea5-bb02ee21f492" executionId="3353171f-0078-47fc-94a5-dea25e040efb" testListId="8c84fa94-04c1-424b-9868-57a2d4851a1d" />
    <TestEntry testId="b95a0169-81da-1ad7-baaf-9682207c1cd6" executionId="2a368a6a-3fe9-4b16-82af-51031945bb57" testListId="8c84fa94-04c1-424b-9868-57a2d4851a1d" />
    <TestEntry testId="d14f3865-eb3a-a806-eb3f-e6d1d870885d" executionId="5b79eb04-4315-4246-a211-4372f96aa39c" testListId="8c84fa94-04c1-424b-9868-57a2d4851a1d" />
    <TestEntry testId="1b4a32c3-9eb5-2168-e50a-80b2df0aa2f3" executionId="52e2719b-1fa1-41ae-be5c-c9ffb392532e" testListId="8c84fa94-04c1-424b-9868-57a2d4851a1d" />
    <TestEntry testId="f095befb-1220-164b-8d93-573101abd22c" executionId="e10f09ea-8018-4232-90df-ad2128d09811" testListId="8c84fa94-04c1-424b-9868-57a2d4851a1d" />
    <TestEntry testId="8a93c35e-4228-1fba-033f-24c13305aa44" executionId="4a173642-a82e-4825-bf3c-b6e61e31dffd" testListId="8c84fa94-04c1-424b-9868-57a2d4851a1d" />
    <TestEntry testId="5af855bd-1073-0abf-ad45-fc121c142707" executionId="46acb5b3-93d8-4c97-b65f-3fe06d8ff072" testListId="8c84fa94-04c1-424b-9868-57a2d4851a1d" />
    <TestEntry testId="af16c081-1118-4157-5e5a-823452565ccb" executionId="7f76478f-93f6-4462-9cf4-5c0707793de4" testListId="8c84fa94-04c1-424b-9868-57a2d4851a1d" />
    <TestEntry testId="2575271e-e34f-00c6-8d80-4ebf0bf67d06" executionId="531dbfa6-9add-468b-befb-b7f90549cda9" testListId="8c84fa94-04c1-424b-9868-57a2d4851a1d" />
    <TestEntry testId="e5428f59-f644-25e4-cf44-58ef5b64f2ad" executionId="3a0635fc-430c-41de-9292-e10751c75f9a" testListId="8c84fa94-04c1-424b-9868-57a2d4851a1d" />
    <TestEntry testId="007025e6-ced6-33f5-d735-a3864e2b7add" executionId="5cbe4121-0f43-4585-9fc2-6642f658e530" testListId="8c84fa94-04c1-424b-9868-57a2d4851a1d" />
    <TestEntry testId="14a48fdf-998f-a4a7-ad0a-dfa3e87104de" executionId="10cdaf39-f27b-4bc7-9b0e-3e1af229d18c" testListId="8c84fa94-04c1-424b-9868-57a2d4851a1d" />
    <TestEntry testId="12eef7c4-a391-5bc7-ef04-b727ebe57366" executionId="5a88e069-9133-4b1c-89f1-853e7d6c5f0d" testListId="8c84fa94-04c1-424b-9868-57a2d4851a1d" />
    <TestEntry testId="42fa9d5a-68c0-df47-5ee1-d61bde48031d" executionId="0407c8d1-698b-4dc1-88ac-c6a507c803b1" testListId="8c84fa94-04c1-424b-9868-57a2d4851a1d" />
    <TestEntry testId="c3ec86b5-5bf1-4537-a0ad-cbb701960818" executionId="7e13a044-ec0f-4acb-a8be-bacac93ee508" testListId="8c84fa94-04c1-424b-9868-57a2d4851a1d" />
    <TestEntry testId="42e8385e-9428-8ed0-dceb-a1eac93d91de" executionId="17171098-921f-42fc-98fa-27854cfe9bf4" testListId="8c84fa94-04c1-424b-9868-57a2d4851a1d" />
    <TestEntry testId="7f0dc770-de51-01fc-0418-ecabb4649b1e" executionId="8cc83d11-3102-4d1a-8ee9-e3a50765e0d5" testListId="8c84fa94-04c1-424b-9868-57a2d4851a1d" />
    <TestEntry testId="f2325bdc-388f-3bfc-d37a-f2048ec03dc5" executionId="eaad1c67-e747-44f3-82f0-2768b782a911" testListId="8c84fa94-04c1-424b-9868-57a2d4851a1d" />
    <TestEntry testId="cf5973cd-80eb-589d-6a2e-dee3a1384b97" executionId="9bf3d5e5-0ff5-4d68-bcec-8a1854f44c99" testListId="8c84fa94-04c1-424b-9868-57a2d4851a1d" />
    <TestEntry testId="88b3639f-ec99-90c4-a195-d859d4e9c60c" executionId="03075fd6-ed11-483f-ad7d-b981a27925a2" testListId="8c84fa94-04c1-424b-9868-57a2d4851a1d" />
    <TestEntry testId="68839c3f-a774-538d-b591-9a44c343225f" executionId="be874fdb-8536-442d-9aae-4e4b021c2b31" testListId="8c84fa94-04c1-424b-9868-57a2d4851a1d" />
    <TestEntry testId="2983b511-4ca5-aad7-7122-726ddf02d399" executionId="d9644922-66ac-4ca9-9582-c667c8e050bb" testListId="8c84fa94-04c1-424b-9868-57a2d4851a1d" />
    <TestEntry testId="d70deda9-d414-d7bd-403c-5fb9de797fb3" executionId="f77af49f-42a2-4e55-84dc-4ff119c845a2" testListId="8c84fa94-04c1-424b-9868-57a2d4851a1d" />
    <TestEntry testId="88c7ce2e-851c-95ac-24f9-c8ee7cf94eac" executionId="f72a6a7b-9f36-47d9-bbe0-d9a1f5238a2c" testListId="8c84fa94-04c1-424b-9868-57a2d4851a1d" />
    <TestEntry testId="fd9e0efb-edb7-82bd-15c3-0c32bed5a7f0" executionId="beeaeb53-8ba5-475b-a057-f7f119697025" testListId="8c84fa94-04c1-424b-9868-57a2d4851a1d" />
    <TestEntry testId="3c9f7f25-03ba-a9ac-886d-ab6e7acb2b5d" executionId="f1e730e4-d32b-4856-a6d8-27da71af872a" testListId="8c84fa94-04c1-424b-9868-57a2d4851a1d" />
    <TestEntry testId="ea4cc4d0-6ac5-366c-ac2d-a5c2c9cb07e6" executionId="44b92566-f983-4d70-8cad-f8f239bfb980" testListId="8c84fa94-04c1-424b-9868-57a2d4851a1d" />
    <TestEntry testId="80eb5992-c82a-ed44-e16c-bbd14f90a9d1" executionId="b994d6d3-5e60-4fd7-ba39-142b406be709" testListId="8c84fa94-04c1-424b-9868-57a2d4851a1d" />
    <TestEntry testId="b79783b6-52a2-ffc5-2a1d-6b3307f25451" executionId="06bfb8a0-21e0-4e51-ad65-6f10b0f52d9c" testListId="8c84fa94-04c1-424b-9868-57a2d4851a1d" />
    <TestEntry testId="cfc09053-dd65-09af-3398-2d1e903d515a" executionId="d95b7d4b-69e4-4d7d-870a-b6fa636dee4b" testListId="8c84fa94-04c1-424b-9868-57a2d4851a1d" />
    <TestEntry testId="72564ee7-6904-9d2d-9a11-6e408d6771a9" executionId="c3b7882a-6dbf-4382-9fc0-3ae115f52e53" testListId="8c84fa94-04c1-424b-9868-57a2d4851a1d" />
    <TestEntry testId="d67f39a6-38da-54cf-bd51-1084e48c6e60" executionId="cf229c08-fb69-4b94-94ce-5b970ce78729" testListId="8c84fa94-04c1-424b-9868-57a2d4851a1d" />
    <TestEntry testId="79018515-d745-dd30-fc15-5ab9418fb22e" executionId="e0ec448a-c6ff-4c5b-82c9-c8cf399cef31" testListId="8c84fa94-04c1-424b-9868-57a2d4851a1d" />
    <TestEntry testId="5d3ae8cd-0741-cea7-50c0-7e2ff7ad47a7" executionId="534b3c46-6aa3-45a1-80f7-213925a2001e" testListId="8c84fa94-04c1-424b-9868-57a2d4851a1d" />
    <TestEntry testId="acd28437-0e13-f5d1-fe2d-ceccbcc0b0d8" executionId="89b2745a-b31f-4e94-a290-f54ab24aee81" testListId="8c84fa94-04c1-424b-9868-57a2d4851a1d" />
    <TestEntry testId="e4430911-be68-d9a0-a78d-87695990dd2b" executionId="bd5f2520-76c5-4e74-b0fc-61cf8cd4083e" testListId="8c84fa94-04c1-424b-9868-57a2d4851a1d" />
    <TestEntry testId="3350d2b0-3312-d687-fc6c-5745c7811365" executionId="e3f475be-5393-4d38-81b9-332ba35a02ef" testListId="8c84fa94-04c1-424b-9868-57a2d4851a1d" />
    <TestEntry testId="f1273a57-f352-81b3-3c22-3b2f4debaba3" executionId="019d0562-a2da-44db-a862-ce15e3c270dc" testListId="8c84fa94-04c1-424b-9868-57a2d4851a1d" />
    <TestEntry testId="f408475e-6fb9-6a1c-14aa-10ca58ac105c" executionId="4b3fe3e9-ec09-4f5f-bc3f-cddd794eb436" testListId="8c84fa94-04c1-424b-9868-57a2d4851a1d" />
    <TestEntry testId="52804f86-16d4-c4e7-0a3e-5434b8ef0f30" executionId="0e81c79f-9d11-494b-a8a8-02e4d0ebcadd" testListId="8c84fa94-04c1-424b-9868-57a2d4851a1d" />
    <TestEntry testId="35a57cb6-17e3-2864-373a-0a8f0a5d8876" executionId="5e3fa9c7-c656-4bf1-b83c-e1e453a371b7" testListId="8c84fa94-04c1-424b-9868-57a2d4851a1d" />
    <TestEntry testId="6faa7eef-7d9f-75d0-2df6-09e7531ab536" executionId="21d38d53-bf6d-49f0-8ced-6dcc88be77d2" testListId="8c84fa94-04c1-424b-9868-57a2d4851a1d" />
    <TestEntry testId="682b3a18-5ce2-e09c-06c2-b3ebd5eb55df" executionId="dfa7ae40-ee1c-482e-8de3-af9a7335df55" testListId="8c84fa94-04c1-424b-9868-57a2d4851a1d" />
    <TestEntry testId="d39f235d-2e7d-3e96-21e3-c8d6d50c5857" executionId="3c7cd42a-d2ee-4efe-923b-45fbf187e6a7" testListId="8c84fa94-04c1-424b-9868-57a2d4851a1d" />
    <TestEntry testId="cd0e928a-8fb2-a8c8-3e57-58d7e6ebe361" executionId="7a83b0cc-ba08-47a8-95d7-c88d8e927147" testListId="8c84fa94-04c1-424b-9868-57a2d4851a1d" />
    <TestEntry testId="9f7143c5-f21b-a4cb-b62f-d856a6e8e1f7" executionId="6eedbbc8-17c8-43ce-b998-5bac4bc92cdf" testListId="8c84fa94-04c1-424b-9868-57a2d4851a1d" />
    <TestEntry testId="7e0a73d2-6a35-69c0-258f-1a39ba55eac2" executionId="c6eb8e42-167c-4292-8c36-e9088549f317" testListId="8c84fa94-04c1-424b-9868-57a2d4851a1d" />
    <TestEntry testId="78b38ad0-3cef-09ee-1bf9-763896c87118" executionId="82fd0038-9150-4635-ae51-396040464357" testListId="8c84fa94-04c1-424b-9868-57a2d4851a1d" />
    <TestEntry testId="fcaf83e0-32f7-634e-130d-abc796d2af06" executionId="257bf2bd-7cae-4fce-8db4-657294a20b83" testListId="8c84fa94-04c1-424b-9868-57a2d4851a1d" />
    <TestEntry testId="e7a315f9-584b-e4f3-8469-ce4f80c3387c" executionId="f0defe56-2fa7-4527-866a-a68ff8fadf99" testListId="8c84fa94-04c1-424b-9868-57a2d4851a1d" />
    <TestEntry testId="629a124b-d106-9b5f-4810-e231979dd6e9" executionId="6c178e5c-4e80-41d6-9fd6-77c3b2de47be" testListId="8c84fa94-04c1-424b-9868-57a2d4851a1d" />
    <TestEntry testId="3ff8a29f-4ec9-3263-91de-91e09cf1f36e" executionId="4f91f063-b744-41e2-b040-83254a65f252" testListId="8c84fa94-04c1-424b-9868-57a2d4851a1d" />
    <TestEntry testId="cd1d2fd6-a556-1869-618e-8799c1c10a94" executionId="41e1730a-e798-4be5-9870-6d6867080172" testListId="8c84fa94-04c1-424b-9868-57a2d4851a1d" />
    <TestEntry testId="33719bf3-5409-92ab-16c7-8a271f81b2e6" executionId="26a53712-cbd0-4d14-90ba-ac35ccfd6bec" testListId="8c84fa94-04c1-424b-9868-57a2d4851a1d" />
    <TestEntry testId="c199ff76-2997-edbd-0462-ba7539f412d3" executionId="266f6d19-422b-4fb4-94f2-52d3f3fe9ddb" testListId="8c84fa94-04c1-424b-9868-57a2d4851a1d" />
    <TestEntry testId="6133b6d9-a9f1-1617-1674-43e83f8cc1f4" executionId="6145809d-7151-4ca3-8cdd-54668a3fb475" testListId="8c84fa94-04c1-424b-9868-57a2d4851a1d" />
    <TestEntry testId="cc8be762-b7fa-6acb-868c-b6f8dd397e9b" executionId="e5133cdb-2026-4274-8025-968ebad09d58" testListId="8c84fa94-04c1-424b-9868-57a2d4851a1d" />
    <TestEntry testId="3372ebee-2694-cd8c-3837-7e4b7c8e7b0c" executionId="b5fab5ac-09ff-4ede-9869-e51b1a78c150" testListId="8c84fa94-04c1-424b-9868-57a2d4851a1d" />
    <TestEntry testId="9bb96261-1701-74be-ae73-ef01ff852954" executionId="238ac3c9-80e5-4da8-94ec-e6da42cbfcbf" testListId="8c84fa94-04c1-424b-9868-57a2d4851a1d" />
    <TestEntry testId="38fcbf38-2337-9abb-35d5-4b506f10ef38" executionId="004edd03-b71e-4b00-9544-d977ebee882a" testListId="8c84fa94-04c1-424b-9868-57a2d4851a1d" />
    <TestEntry testId="06f72c6d-178e-1776-b54f-f3db73a3e144" executionId="27fd608f-2c1a-42b8-9d91-b603312fa307" testListId="8c84fa94-04c1-424b-9868-57a2d4851a1d" />
    <TestEntry testId="1d781042-4a4b-edb4-7dfd-5edbb643ac7b" executionId="21f15b0b-6ccf-4209-8547-5c64a84b3ff5" testListId="8c84fa94-04c1-424b-9868-57a2d4851a1d" />
    <TestEntry testId="47c1b6ab-8c0a-fc63-f12d-64e40883c80a" executionId="0faef300-3afe-4092-b2e1-5618f0298baf" testListId="8c84fa94-04c1-424b-9868-57a2d4851a1d" />
    <TestEntry testId="090bb946-dfcb-8466-9f8e-938126697e92" executionId="26e8a73f-7774-4f82-b5f8-78c50086077c" testListId="8c84fa94-04c1-424b-9868-57a2d4851a1d" />
    <TestEntry testId="40cc8bf3-9b9a-c620-7f65-c9598a6e4a28" executionId="7267728f-feb4-449d-bd1b-c3492815d33c" testListId="8c84fa94-04c1-424b-9868-57a2d4851a1d" />
    <TestEntry testId="0cd51abe-1287-52a5-9d2e-d556a1306fcb" executionId="25b0df73-62db-433a-91be-12b35aa97e30" testListId="8c84fa94-04c1-424b-9868-57a2d4851a1d" />
    <TestEntry testId="8f17e532-4f0a-9dfe-05e8-c96d494622ac" executionId="b6cb391b-50b2-4a34-b6d6-da4a43af5051" testListId="8c84fa94-04c1-424b-9868-57a2d4851a1d" />
    <TestEntry testId="cf73c26e-47e0-f1da-1e09-63167f3a5e47" executionId="9433cef9-924e-4013-ab50-90a817a68c7c" testListId="8c84fa94-04c1-424b-9868-57a2d4851a1d" />
    <TestEntry testId="a0b09ab1-22b3-e8a0-7021-5f5ed2380424" executionId="1130bf88-f130-440d-9040-751a090fa0e5" testListId="8c84fa94-04c1-424b-9868-57a2d4851a1d" />
    <TestEntry testId="527481b0-1273-3dea-68f1-756a76377e7f" executionId="db5adc42-dd21-4573-ba1c-daa260d3796e" testListId="8c84fa94-04c1-424b-9868-57a2d4851a1d" />
    <TestEntry testId="583ac39a-cd2a-cc9b-7143-e3a644d6c3bd" executionId="a4be894e-0282-4089-a3f5-3dec3ba83c6c" testListId="8c84fa94-04c1-424b-9868-57a2d4851a1d" />
    <TestEntry testId="b393858d-872b-e354-eb53-3b8e5bbfc7bb" executionId="dd8b51ea-9f11-4eae-811d-7bff17458cf0" testListId="8c84fa94-04c1-424b-9868-57a2d4851a1d" />
    <TestEntry testId="5fd9efe6-8b77-fde9-0593-ba4d5ea832ca" executionId="0556e42f-6197-4b24-b8e2-fec54832a4c2" testListId="8c84fa94-04c1-424b-9868-57a2d4851a1d" />
    <TestEntry testId="0e72e474-7df2-3dd5-7160-b0a32b2afdd9" executionId="235012ec-b316-436b-988a-7a4670a74139" testListId="8c84fa94-04c1-424b-9868-57a2d4851a1d" />
    <TestEntry testId="1d908a6b-ebcd-4952-2785-5d24733c709c" executionId="b3cb439e-ab1e-4c5a-a0a1-db5c9df3f233" testListId="8c84fa94-04c1-424b-9868-57a2d4851a1d" />
    <TestEntry testId="e5b93c93-857a-cdf9-0341-1a0dd042c5e9" executionId="3a2cd638-844e-437f-aa6a-87691ba8a28d" testListId="8c84fa94-04c1-424b-9868-57a2d4851a1d" />
    <TestEntry testId="32d6ffa9-650f-d191-f967-674b238db8fa" executionId="7171a107-c9af-47c5-87df-726c65d3942b" testListId="8c84fa94-04c1-424b-9868-57a2d4851a1d" />
    <TestEntry testId="3b434787-ec68-61e4-18d4-15e26b84b874" executionId="11828870-537a-4fbe-bdf6-03422dba5d7b" testListId="8c84fa94-04c1-424b-9868-57a2d4851a1d" />
    <TestEntry testId="3ccfced6-2d87-0092-817f-624478d6bd44" executionId="d4c33a85-984b-4118-bd1e-a82e79b46f6f" testListId="8c84fa94-04c1-424b-9868-57a2d4851a1d" />
    <TestEntry testId="6ce95987-243b-a23d-9b97-d2e2f2ba466c" executionId="399c332a-f43e-4ba9-b34e-aed476522d6f" testListId="8c84fa94-04c1-424b-9868-57a2d4851a1d" />
    <TestEntry testId="84f70a73-53d8-9f06-6236-95fde40b65ac" executionId="1f0d1492-fbf8-4d0c-a61c-743531c6c0b2" testListId="8c84fa94-04c1-424b-9868-57a2d4851a1d" />
    <TestEntry testId="757dcbcf-6cb2-e01d-02fc-019e4a1d9936" executionId="6616dc05-50d5-41e0-b804-bf6a344894f9" testListId="8c84fa94-04c1-424b-9868-57a2d4851a1d" />
    <TestEntry testId="251b347e-5118-6923-54c2-687fcb9f9027" executionId="a4a92dfd-4900-4c67-b455-15dd00141196" testListId="8c84fa94-04c1-424b-9868-57a2d4851a1d" />
    <TestEntry testId="ab22d2fd-ea64-f65a-96ca-e707567c9b67" executionId="a6ac4429-5ee0-47be-a3dc-8d9d27f0e9d8" testListId="8c84fa94-04c1-424b-9868-57a2d4851a1d" />
    <TestEntry testId="712e2140-9dcc-9696-ddc4-73aad2a14137" executionId="979a38e9-71cb-47f4-a1b7-fbabc5f29674" testListId="8c84fa94-04c1-424b-9868-57a2d4851a1d" />
    <TestEntry testId="29b14ef8-e43d-41e1-d5fc-d7d493be4940" executionId="0e44cb6e-e708-4b8b-8d9d-7274ad56a1f9" testListId="8c84fa94-04c1-424b-9868-57a2d4851a1d" />
    <TestEntry testId="d63fece0-6979-6a7f-ca42-f76bdbd7d24d" executionId="9b615666-0521-4c1a-b84f-57fec2cf1a58" testListId="8c84fa94-04c1-424b-9868-57a2d4851a1d" />
    <TestEntry testId="8b195963-a10c-3838-31ba-4f1e91ab5dfb" executionId="31b410fd-f551-4d7c-9af8-b74518e7e05e" testListId="8c84fa94-04c1-424b-9868-57a2d4851a1d" />
    <TestEntry testId="f7a1083e-5a21-1e01-c13b-18623a6702d9" executionId="913028b4-5383-4150-b486-1e4c92376899" testListId="8c84fa94-04c1-424b-9868-57a2d4851a1d" />
    <TestEntry testId="be126d46-0548-695a-7287-bae8146e110d" executionId="c5ad404e-7212-4a34-bba0-c4f9966cae8f" testListId="8c84fa94-04c1-424b-9868-57a2d4851a1d" />
    <TestEntry testId="6fe02979-6afc-53d3-587b-e4a584169c47" executionId="89b575ec-a33a-4275-ba7a-5530c20bb937" testListId="8c84fa94-04c1-424b-9868-57a2d4851a1d" />
    <TestEntry testId="68a34a15-d421-8568-e2a0-5ca548802bb9" executionId="ca2f13c9-deca-4416-9e53-7cc035c32428" testListId="8c84fa94-04c1-424b-9868-57a2d4851a1d" />
    <TestEntry testId="4cab5b13-e57d-d862-8721-f8c86a15bdbf" executionId="464923ab-0409-45a1-8391-f85e53519d6a" testListId="8c84fa94-04c1-424b-9868-57a2d4851a1d" />
    <TestEntry testId="e93f2b21-5e31-59e0-249b-2d22eb67c653" executionId="b15322ea-08b8-4915-ae86-f975edc6c36d" testListId="8c84fa94-04c1-424b-9868-57a2d4851a1d" />
    <TestEntry testId="1567771f-c566-3ead-d24b-280817524d69" executionId="93cd05fb-26af-4d09-8314-15d4c3d05316" testListId="8c84fa94-04c1-424b-9868-57a2d4851a1d" />
    <TestEntry testId="ddb2b30a-7c8f-3eac-d6a3-efc6f41e2e1f" executionId="34aeb81e-e2e8-423e-abac-4bb611f8ce75" testListId="8c84fa94-04c1-424b-9868-57a2d4851a1d" />
    <TestEntry testId="c080456c-72d0-3eb2-77e1-542abd80b216" executionId="d9689423-d47e-4078-a1e1-a05d68e561af" testListId="8c84fa94-04c1-424b-9868-57a2d4851a1d" />
    <TestEntry testId="22286b2d-2c9e-a580-fd4a-2436919b8555" executionId="e3dcefd7-a791-465b-b0d2-f11bb960d3b6" testListId="8c84fa94-04c1-424b-9868-57a2d4851a1d" />
    <TestEntry testId="b00ecc30-ada6-8010-f3a3-4abf75838207" executionId="48c11c1c-3970-4fe4-bc47-77b9aa78f6de" testListId="8c84fa94-04c1-424b-9868-57a2d4851a1d" />
    <TestEntry testId="0051d3fc-603f-a4f9-2245-785a8218fbf1" executionId="b128727d-2c9d-4801-8640-3f7bfdc6811d" testListId="8c84fa94-04c1-424b-9868-57a2d4851a1d" />
    <TestEntry testId="582a166b-52fa-3ee8-5316-b4af9ef88ed9" executionId="ae01174b-8406-480f-8262-1a4f42cf07a2" testListId="8c84fa94-04c1-424b-9868-57a2d4851a1d" />
    <TestEntry testId="529dab04-2278-118b-6ef7-08fc1ab4d8b0" executionId="4e4f065e-7a00-4a20-83dd-fc8ef8961061" testListId="8c84fa94-04c1-424b-9868-57a2d4851a1d" />
    <TestEntry testId="6ff15af4-6fd8-2401-35d9-7aaad2262d48" executionId="8b772e25-b8b6-41a2-afa5-c9114535bb50" testListId="8c84fa94-04c1-424b-9868-57a2d4851a1d" />
    <TestEntry testId="65a78e97-54ce-8026-0240-7af1b5e1a5a5" executionId="736a0057-87ad-4d81-8e2c-d799ae889ca2" testListId="8c84fa94-04c1-424b-9868-57a2d4851a1d" />
    <TestEntry testId="31116a68-3b0f-f28f-7f53-0333062fc887" executionId="0992128d-671e-4b86-a975-b05546ddbb18" testListId="8c84fa94-04c1-424b-9868-57a2d4851a1d" />
    <TestEntry testId="b92c2d23-e9a0-a785-771e-708c304e0f26" executionId="07dcd6ab-cdd3-438e-a7d8-bef2bf4338cf" testListId="8c84fa94-04c1-424b-9868-57a2d4851a1d" />
    <TestEntry testId="48eac079-0542-ec87-ddd8-945c77d287cd" executionId="5a2fd61d-8197-4ae9-b44f-4e7f8d523494" testListId="8c84fa94-04c1-424b-9868-57a2d4851a1d" />
    <TestEntry testId="8a69bbb6-4d99-f1ab-2fdd-1eed357c20f0" executionId="d8398fba-bc19-4628-93ed-2eeb0f7aeae2" testListId="8c84fa94-04c1-424b-9868-57a2d4851a1d" />
    <TestEntry testId="6a90276b-bdbd-5195-546b-d62b355d6d1e" executionId="24aa303b-42f2-4b2e-8a41-21a12dbd2b3f" testListId="8c84fa94-04c1-424b-9868-57a2d4851a1d" />
    <TestEntry testId="3881d3ff-e33d-04a6-6ad4-69b98dedc6b4" executionId="07c82688-d031-448e-ae80-05d9b36b1802" testListId="8c84fa94-04c1-424b-9868-57a2d4851a1d" />
    <TestEntry testId="5c8be7a3-8036-a747-4753-97244e6fc863" executionId="d803fdc5-6fd3-4764-80f4-01fa4acc7fbc" testListId="8c84fa94-04c1-424b-9868-57a2d4851a1d" />
    <TestEntry testId="eccd7b47-7a8f-ac65-26ef-40b4723d9415" executionId="ec5f9d1c-0b1d-4af3-a541-c4b10c647335" testListId="8c84fa94-04c1-424b-9868-57a2d4851a1d" />
    <TestEntry testId="41e8bbd6-3770-3db6-c9ec-9f2dfc487593" executionId="3b2d13ab-9f8c-4aea-852d-8640973c55d1" testListId="8c84fa94-04c1-424b-9868-57a2d4851a1d" />
    <TestEntry testId="c64e7bd8-cb07-f721-64bb-ea14df3c64c6" executionId="38349bdb-f56d-4008-93e5-e2e773c26b23" testListId="8c84fa94-04c1-424b-9868-57a2d4851a1d" />
    <TestEntry testId="8f38f84f-ef7b-c71d-fc5d-8932529a4a0f" executionId="92edb4d4-610f-4583-b896-bfaefae772b5" testListId="8c84fa94-04c1-424b-9868-57a2d4851a1d" />
    <TestEntry testId="67a0e7c3-fd99-228f-3717-941a8f61eb9d" executionId="3b662253-a508-41ac-8280-e9411ca466f7" testListId="8c84fa94-04c1-424b-9868-57a2d4851a1d" />
    <TestEntry testId="9ce5ec79-7982-a66c-2246-3a2379522763" executionId="27ecaa4e-3f31-4d49-8290-98bd55257949" testListId="8c84fa94-04c1-424b-9868-57a2d4851a1d" />
    <TestEntry testId="2e6d5115-26cc-6226-264b-6222e4689761" executionId="b94d857b-7322-4474-b7bd-2ead4750b1bb" testListId="8c84fa94-04c1-424b-9868-57a2d4851a1d" />
    <TestEntry testId="b837ebc0-f7ad-c47b-17b8-8695813cd0ae" executionId="2750046c-fad2-4d7f-a1b8-bc7a57ca9fd4" testListId="8c84fa94-04c1-424b-9868-57a2d4851a1d" />
    <TestEntry testId="397c15b6-197a-94bc-9677-ba909165fd0f" executionId="2875a278-85a7-441d-985d-45c7dc1fc4ee" testListId="8c84fa94-04c1-424b-9868-57a2d4851a1d" />
    <TestEntry testId="a5abba6c-a7f2-f6e8-f007-920746cf3d43" executionId="e9be3d5d-8e47-40ed-8e74-abb2574830a3" testListId="8c84fa94-04c1-424b-9868-57a2d4851a1d" />
    <TestEntry testId="1461c781-13a0-05a7-16f7-5b6b1341577b" executionId="c3690cae-9373-44fa-b2fd-91b215fac6ba" testListId="8c84fa94-04c1-424b-9868-57a2d4851a1d" />
    <TestEntry testId="3b221ad2-25e8-a21d-c511-ab3b1a01fb56" executionId="0cb1b259-868b-4dad-b1ac-af744fb8c786" testListId="8c84fa94-04c1-424b-9868-57a2d4851a1d" />
    <TestEntry testId="159cae7e-f986-2bd9-0bdf-d56bffd649d4" executionId="ef1ea38b-e786-4460-9569-5d2ef9c0d900" testListId="8c84fa94-04c1-424b-9868-57a2d4851a1d" />
    <TestEntry testId="394ee23f-1fe5-59c6-6460-7cc48bf68705" executionId="947d9879-2f82-428c-a8a9-a8a4610025da" testListId="8c84fa94-04c1-424b-9868-57a2d4851a1d" />
    <TestEntry testId="c26d542a-727f-65ee-bb48-832c01f872f6" executionId="836f6604-658a-45bf-8bcd-87b888e013d8" testListId="8c84fa94-04c1-424b-9868-57a2d4851a1d" />
    <TestEntry testId="d16b66ae-362f-7903-ceb9-287ac5bef50c" executionId="7df739c2-ab06-404b-9097-50246c9cd299" testListId="8c84fa94-04c1-424b-9868-57a2d4851a1d" />
    <TestEntry testId="ef0bef56-bcca-a24d-f399-eed9eabea4db" executionId="d638002b-b9f4-4434-8817-bc703fc23763" testListId="8c84fa94-04c1-424b-9868-57a2d4851a1d" />
    <TestEntry testId="07fa49d4-c8b1-adf8-33e0-cc2b0fe4e432" executionId="21a027fe-1e84-4c46-b7ce-8dbe9483f438" testListId="8c84fa94-04c1-424b-9868-57a2d4851a1d" />
    <TestEntry testId="dae5127c-eff7-8376-4da7-ec9462c457e1" executionId="74f4a158-ef72-46ef-85f8-5a92b0c46ad4" testListId="8c84fa94-04c1-424b-9868-57a2d4851a1d" />
    <TestEntry testId="8cb20cd0-1e7e-f4a1-66cd-e7e59b7d8aab" executionId="58c5629f-1366-4628-aeb6-f9244e73c3f0" testListId="8c84fa94-04c1-424b-9868-57a2d4851a1d" />
    <TestEntry testId="60143918-8d3e-3cea-ec1f-f42a487ede4c" executionId="0ea8fff1-e7b6-4e13-9be2-1fe55c8acd31" testListId="8c84fa94-04c1-424b-9868-57a2d4851a1d" />
    <TestEntry testId="58117c79-f111-10a9-cd35-e84774ffbcda" executionId="06b42a72-1c09-4d95-b76a-0d2b93a61f74" testListId="8c84fa94-04c1-424b-9868-57a2d4851a1d" />
    <TestEntry testId="ad0265a0-96ba-5103-cd9d-a51d12bc6389" executionId="da98c181-ff87-4ab1-a899-50c71d249112" testListId="8c84fa94-04c1-424b-9868-57a2d4851a1d" />
    <TestEntry testId="30519e59-52c0-4abe-69e5-75fce80dd98b" executionId="e7a2e6fb-ece9-414a-a3d3-09a48489d567" testListId="8c84fa94-04c1-424b-9868-57a2d4851a1d" />
    <TestEntry testId="5d8dd47c-bb32-a5ba-6e88-b185a7bd9c07" executionId="783083c4-a44e-4290-8a1d-7fa2e9b84131" testListId="8c84fa94-04c1-424b-9868-57a2d4851a1d" />
    <TestEntry testId="654a7cf9-90b9-03f9-bc66-64198ac9caf1" executionId="6145c7e0-fd2a-4821-9280-9674b8e99220" testListId="8c84fa94-04c1-424b-9868-57a2d4851a1d" />
    <TestEntry testId="4bb55630-8b3a-5b1a-80b5-da8fceb36d41" executionId="174e7b73-37b5-48fe-885d-7a20a3197935" testListId="8c84fa94-04c1-424b-9868-57a2d4851a1d" />
    <TestEntry testId="3d8a3078-3353-0dd0-9ba2-c2de88eb7008" executionId="7194d2d1-1c21-4404-a370-8057c39e3893" testListId="8c84fa94-04c1-424b-9868-57a2d4851a1d" />
    <TestEntry testId="75ddd398-1cad-151d-e563-84e2015359ae" executionId="453e1e93-007b-4ea5-a672-a5f470a74447" testListId="8c84fa94-04c1-424b-9868-57a2d4851a1d" />
    <TestEntry testId="6a35aa0d-9441-e9e5-f921-b7f637c9a652" executionId="4654d41e-b538-4715-a747-dbca64a5137e" testListId="8c84fa94-04c1-424b-9868-57a2d4851a1d" />
    <TestEntry testId="4c86b04f-d23f-a2c9-e114-14c57820d810" executionId="ab210a0e-aa48-4f07-b8df-b1397cd39e37" testListId="8c84fa94-04c1-424b-9868-57a2d4851a1d" />
    <TestEntry testId="c2a92498-f703-1b39-7778-71f05b13e27d" executionId="5a55e1f1-0043-4c16-b099-104805138845" testListId="8c84fa94-04c1-424b-9868-57a2d4851a1d" />
    <TestEntry testId="7c25e9d9-71c3-90cd-d0cc-85e1e58efd6b" executionId="179ead06-07f7-403d-9f33-6a0b9e2466d6" testListId="8c84fa94-04c1-424b-9868-57a2d4851a1d" />
    <TestEntry testId="b391819c-9b61-5619-1c97-a7d68c4b7e89" executionId="ca42abe2-24b0-427d-928f-e343aa164cae" testListId="8c84fa94-04c1-424b-9868-57a2d4851a1d" />
    <TestEntry testId="da9bdaf7-bb7b-c4ed-24c1-5ff24e912e57" executionId="7af9f1f2-cbc5-49f6-b720-d8339c64dc4d" testListId="8c84fa94-04c1-424b-9868-57a2d4851a1d" />
    <TestEntry testId="3d785457-9ab7-7088-1cc3-dd4fad28665b" executionId="f020509f-b419-4e2f-a2cf-087a693465ca" testListId="8c84fa94-04c1-424b-9868-57a2d4851a1d" />
    <TestEntry testId="bf1206bb-c315-791a-6716-b4026aff80ac" executionId="73c595b2-d491-4b2f-9f6c-9c6628758cda" testListId="8c84fa94-04c1-424b-9868-57a2d4851a1d" />
    <TestEntry testId="1f0a0407-7982-ddd0-173d-1b88aac6222d" executionId="c1b78b1a-1e31-4ebe-bc18-5238befb6bf1" testListId="8c84fa94-04c1-424b-9868-57a2d4851a1d" />
    <TestEntry testId="ce7e30df-0543-6938-fae8-53fc40762640" executionId="c1e7ee5e-44be-4fb7-ac38-7cf94f517e28" testListId="8c84fa94-04c1-424b-9868-57a2d4851a1d" />
    <TestEntry testId="aeeaebaf-8448-f122-1094-fc83a31ad89a" executionId="f8b0b27d-1b85-4c7a-ad08-8086aff1e285" testListId="8c84fa94-04c1-424b-9868-57a2d4851a1d" />
    <TestEntry testId="c0b96a1c-b0d5-ece3-3b78-6c5f48ca51fc" executionId="dab1d81f-8d97-4f95-8dc2-94c9fd434265" testListId="8c84fa94-04c1-424b-9868-57a2d4851a1d" />
    <TestEntry testId="3f36873b-eeee-f47e-801c-1028988ff18d" executionId="2dcebccc-fcd7-40d2-ae94-988bc7523885" testListId="8c84fa94-04c1-424b-9868-57a2d4851a1d" />
    <TestEntry testId="f1b429c9-236c-37a4-5790-ad48b8bcac95" executionId="38a56964-55f2-4b20-82d4-502c03f3cc62" testListId="8c84fa94-04c1-424b-9868-57a2d4851a1d" />
    <TestEntry testId="01be5dc2-8974-a781-e346-9997ff0168c6" executionId="92723297-ce24-41ec-b251-98355bc7fa9e" testListId="8c84fa94-04c1-424b-9868-57a2d4851a1d" />
    <TestEntry testId="f7df628a-2d6d-0169-1e36-e1aabcaaa3c0" executionId="abe70b00-5ca0-4e74-bebd-c3e2f1f4c6d1" testListId="8c84fa94-04c1-424b-9868-57a2d4851a1d" />
    <TestEntry testId="cf0c75b1-044e-c5b0-ba75-3be411bef17a" executionId="21098409-bac2-44d6-93c3-236f37e5c819" testListId="8c84fa94-04c1-424b-9868-57a2d4851a1d" />
    <TestEntry testId="c2275de9-9fb7-2d15-4e82-ae68930b46f3" executionId="697a792c-2afa-4a89-b49b-b967bd4212fd" testListId="8c84fa94-04c1-424b-9868-57a2d4851a1d" />
    <TestEntry testId="6dff7af6-6d16-8dba-ea01-3eb9769c2e7a" executionId="27ae31e0-8d42-4485-b955-2db3aade76e1" testListId="8c84fa94-04c1-424b-9868-57a2d4851a1d" />
    <TestEntry testId="9201c682-a830-2984-3517-d5fbfb383f4a" executionId="dae94471-89df-4a50-816b-0625634e87cc" testListId="8c84fa94-04c1-424b-9868-57a2d4851a1d" />
    <TestEntry testId="fa078946-dda0-6ffb-816c-44fe3d4e229d" executionId="acf47c29-07e8-45d6-bc86-127960bbeb02" testListId="8c84fa94-04c1-424b-9868-57a2d4851a1d" />
    <TestEntry testId="9b0d69da-f0df-c6b0-7696-299b1ca48f22" executionId="c3607d89-a602-45d1-b487-457e7563f006" testListId="8c84fa94-04c1-424b-9868-57a2d4851a1d" />
    <TestEntry testId="9fe60fa0-7d32-eb9d-1e44-3be02241d2db" executionId="e100b093-2700-49fd-8550-d565babe279a" testListId="8c84fa94-04c1-424b-9868-57a2d4851a1d" />
    <TestEntry testId="36835451-4db1-a03e-109f-0d92dfb22aba" executionId="30d63b54-00a8-45ce-a607-76f3b4ac0258" testListId="8c84fa94-04c1-424b-9868-57a2d4851a1d" />
    <TestEntry testId="12cac62c-5b3e-c0ef-167d-41a5a640f7f1" executionId="eae4a31c-6770-4fc9-a595-e6414bad955b" testListId="8c84fa94-04c1-424b-9868-57a2d4851a1d" />
    <TestEntry testId="7ae2592b-1209-056c-b02b-a7b7c4496165" executionId="25a95809-320c-4c4a-b163-0b558e5ddf56" testListId="8c84fa94-04c1-424b-9868-57a2d4851a1d" />
    <TestEntry testId="68414986-0a7e-03e0-b752-7222fdf120b2" executionId="1c3b043f-8cb2-473e-8634-105eaf3ef1fb" testListId="8c84fa94-04c1-424b-9868-57a2d4851a1d" />
    <TestEntry testId="d68b3075-4627-ba2b-18db-33c4279233ca" executionId="89f1e4e4-7e63-4520-9866-9dada89a33a5" testListId="8c84fa94-04c1-424b-9868-57a2d4851a1d" />
    <TestEntry testId="c1d45865-15fa-0d84-a5d0-67059817b5ff" executionId="f22eac90-ef62-4cd9-960d-5f64b86c96ba" testListId="8c84fa94-04c1-424b-9868-57a2d4851a1d" />
    <TestEntry testId="32fbd952-cf12-ae2b-c5d4-e7f80c991d18" executionId="f7aaa508-5139-46a2-8822-321f23d3c677" testListId="8c84fa94-04c1-424b-9868-57a2d4851a1d" />
    <TestEntry testId="c5df7b24-5576-61ff-2c2f-8ef0272c7cb0" executionId="fa994329-4b16-41d6-8ff7-dbd66a79b17e" testListId="8c84fa94-04c1-424b-9868-57a2d4851a1d" />
    <TestEntry testId="d6caf9a4-3f9a-074e-1dad-d39d3f06a0e6" executionId="ac315393-8af7-4624-9ce2-dc0b53177959" testListId="8c84fa94-04c1-424b-9868-57a2d4851a1d" />
    <TestEntry testId="6e2943e4-1567-7531-b5b0-13aaeb4e80e3" executionId="8ef94eda-f647-48ef-a09d-18e90c1e67a9" testListId="8c84fa94-04c1-424b-9868-57a2d4851a1d" />
    <TestEntry testId="e8ad2706-3327-0bd0-6928-db3b3e6344dc" executionId="2ef73680-6772-4a2c-8bdf-3bcb2db4e674" testListId="8c84fa94-04c1-424b-9868-57a2d4851a1d" />
    <TestEntry testId="f66cd845-32f8-8293-9ecc-cb3301f62262" executionId="3a99754c-eecc-421b-a314-41e68d65deea" testListId="8c84fa94-04c1-424b-9868-57a2d4851a1d" />
    <TestEntry testId="7c4b74fb-67e0-6834-21f2-2c0f78a66963" executionId="2fb6651b-56f1-437d-ac5c-067c1c24fbce" testListId="8c84fa94-04c1-424b-9868-57a2d4851a1d" />
    <TestEntry testId="9229072f-c39c-5db3-f28b-10c8f4ae4c45" executionId="ae5224b9-9056-41bd-8715-b9745aa60eea" testListId="8c84fa94-04c1-424b-9868-57a2d4851a1d" />
    <TestEntry testId="ac1eb344-84dd-8e2f-e7fa-8afd6aaf6222" executionId="05b5681a-1873-4df0-9c61-14e97783178a" testListId="8c84fa94-04c1-424b-9868-57a2d4851a1d" />
    <TestEntry testId="bc878ccd-98a1-51a4-2cfc-16b619dea6f0" executionId="ea09a57c-1195-4f6e-afb2-4ba7bd295bd0" testListId="8c84fa94-04c1-424b-9868-57a2d4851a1d" />
    <TestEntry testId="4ebf288a-b726-10f1-5f92-94533ac346f1" executionId="665c5e3e-d82c-48c9-bff4-274be7ab11f3" testListId="8c84fa94-04c1-424b-9868-57a2d4851a1d" />
    <TestEntry testId="5efa66e3-2c27-3f3b-d94f-51396a42e8dd" executionId="2f191cf2-34f7-4557-b1ec-43bea42daa11" testListId="8c84fa94-04c1-424b-9868-57a2d4851a1d" />
    <TestEntry testId="73ec9274-5d95-cb62-60ca-c2f3ce2346e6" executionId="24588767-8c1c-4bda-9b2e-a2ffed8b4105" testListId="8c84fa94-04c1-424b-9868-57a2d4851a1d" />
    <TestEntry testId="be949d2a-ee6c-7b88-443c-f49c565f328f" executionId="d630f3e4-6838-4b26-8742-e71f78edaefd" testListId="8c84fa94-04c1-424b-9868-57a2d4851a1d" />
    <TestEntry testId="1cfe0934-bee5-966a-0fdd-441157183564" executionId="80a06dca-9b65-41a3-9dd3-b653e558fd5b" testListId="8c84fa94-04c1-424b-9868-57a2d4851a1d" />
    <TestEntry testId="b9c508f0-a796-6104-1910-9ed8e83d2d6a" executionId="23622a1b-df11-40e4-bd93-60e2c80912b4" testListId="8c84fa94-04c1-424b-9868-57a2d4851a1d" />
    <TestEntry testId="15cecd1c-3b58-a036-2736-cf341db03f0a" executionId="4d3e2dc4-51be-4171-875e-a0e0102dd060" testListId="8c84fa94-04c1-424b-9868-57a2d4851a1d" />
    <TestEntry testId="049489f2-1a42-cae5-971b-5636d7488caa" executionId="27390999-1e17-4e8a-8f9f-f09c74639d03" testListId="8c84fa94-04c1-424b-9868-57a2d4851a1d" />
    <TestEntry testId="6782d7fb-c6f1-9d5e-e21b-8e8665ae821d" executionId="7092c9e3-e1fe-4ed7-ac33-ebe1af969239" testListId="8c84fa94-04c1-424b-9868-57a2d4851a1d" />
    <TestEntry testId="d2d1d21b-c98b-721d-a336-85243335bc1f" executionId="4801289c-b008-4b25-b398-28817e7c8d46" testListId="8c84fa94-04c1-424b-9868-57a2d4851a1d" />
    <TestEntry testId="665a66ed-febf-dcb1-d6f6-9e5410f5d49d" executionId="46bf4114-7ac4-4413-bf19-9bcc90aca280" testListId="8c84fa94-04c1-424b-9868-57a2d4851a1d" />
    <TestEntry testId="03f9a419-da0b-13cb-434c-e5eb4d3017d6" executionId="b93f203a-378c-47f5-98bb-e37dee025295" testListId="8c84fa94-04c1-424b-9868-57a2d4851a1d" />
    <TestEntry testId="1287d8b9-a242-3700-9223-1e45506d7926" executionId="727f06ce-5f4c-4bf2-a954-e708bee57ee1" testListId="8c84fa94-04c1-424b-9868-57a2d4851a1d" />
    <TestEntry testId="621f06a6-b00f-95ed-fccd-336bd41780d8" executionId="dfbe67a2-c43b-4181-88c7-115c976899c7" testListId="8c84fa94-04c1-424b-9868-57a2d4851a1d" />
    <TestEntry testId="37465b96-5d9d-91f9-7bbc-1b2bd9de14df" executionId="bcb4abff-9188-4acf-b483-35a9f66cbfb0" testListId="8c84fa94-04c1-424b-9868-57a2d4851a1d" />
    <TestEntry testId="3fc54712-5186-4bec-f033-21016fea98fa" executionId="ff58e1ef-2609-4c9e-b396-ce3a7f536a2a" testListId="8c84fa94-04c1-424b-9868-57a2d4851a1d" />
    <TestEntry testId="1ce6e954-84ed-5a50-7c66-ce4fb6384d66" executionId="37e5aa7e-f37f-4b1d-8cb4-b0e7d1df14d6" testListId="8c84fa94-04c1-424b-9868-57a2d4851a1d" />
    <TestEntry testId="07de42b9-1d07-0430-7138-cc678292c007" executionId="4bb10c8e-e1ad-4456-ac0c-60eab0165386" testListId="8c84fa94-04c1-424b-9868-57a2d4851a1d" />
    <TestEntry testId="09fedadb-5b36-4c66-a01b-eb732d278266" executionId="2c029d61-fa15-478c-ae34-fd296a7f6aea" testListId="8c84fa94-04c1-424b-9868-57a2d4851a1d" />
    <TestEntry testId="d7839ae1-9662-254a-edc4-21e217d972c9" executionId="417f7f42-b85c-484d-9953-da2718b4c7e8" testListId="8c84fa94-04c1-424b-9868-57a2d4851a1d" />
    <TestEntry testId="c2c45a93-efa1-bb0e-351a-c58499dc22c7" executionId="032e7d41-5b3e-4ad3-b05a-6312d29b4eab" testListId="8c84fa94-04c1-424b-9868-57a2d4851a1d" />
    <TestEntry testId="1b0c1c74-735e-804d-2d38-1a48ef66c47a" executionId="dae458ce-b2c3-4df4-8110-0ecbcb4a9acf" testListId="8c84fa94-04c1-424b-9868-57a2d4851a1d" />
    <TestEntry testId="5c39cc43-bcee-6b6c-03f0-db3e0a8029f7" executionId="0e680ed2-0f28-4cd6-b010-727741a14f44" testListId="8c84fa94-04c1-424b-9868-57a2d4851a1d" />
    <TestEntry testId="d2434559-e3a7-5692-c403-1d47d873a133" executionId="0055b797-18a7-4fe4-9640-93f9c1461eb7" testListId="8c84fa94-04c1-424b-9868-57a2d4851a1d" />
    <TestEntry testId="bef9c954-3a2d-3d83-b50d-cb24e577f8c7" executionId="a26cd270-8ca1-4471-8560-7e57436e5f90" testListId="8c84fa94-04c1-424b-9868-57a2d4851a1d" />
    <TestEntry testId="6a6ed04d-7bec-096f-c4cc-c8e9813f02b3" executionId="577bba3e-4988-416a-a8a8-1c5217dc3db6" testListId="8c84fa94-04c1-424b-9868-57a2d4851a1d" />
    <TestEntry testId="4b43a64c-589e-4267-f17d-15d04a909013" executionId="df2b62ae-e827-482d-a8ee-09d343a4343c" testListId="8c84fa94-04c1-424b-9868-57a2d4851a1d" />
    <TestEntry testId="0272379c-7daf-7bd0-3571-0deb6243dd64" executionId="d7f2effe-b40f-483d-86f9-60918233cc15" testListId="8c84fa94-04c1-424b-9868-57a2d4851a1d" />
    <TestEntry testId="2de77298-4b39-f702-f7c5-8b8c0ceb02ec" executionId="d946cc9d-bd0b-4cfe-9ea7-b3d9950bc9cc" testListId="8c84fa94-04c1-424b-9868-57a2d4851a1d" />
    <TestEntry testId="9be33bba-634e-2cc5-910a-418012d1f19f" executionId="9cdfb5d6-9815-477e-b43f-df7941812029" testListId="8c84fa94-04c1-424b-9868-57a2d4851a1d" />
    <TestEntry testId="e060b440-f3f0-8ff1-976f-fddc5cc26f62" executionId="ca011cc8-e918-4b86-9a89-3884a1642e45" testListId="8c84fa94-04c1-424b-9868-57a2d4851a1d" />
    <TestEntry testId="1ebf1719-320f-c38b-2f84-2a795fe44eb1" executionId="977ad1cc-825e-40be-a863-527b0d3f9b28" testListId="8c84fa94-04c1-424b-9868-57a2d4851a1d" />
    <TestEntry testId="edfa9ac1-af92-8fad-09f0-213c59a511c9" executionId="a30001ae-29a4-48c6-b3f2-c57493e5dfde" testListId="8c84fa94-04c1-424b-9868-57a2d4851a1d" />
    <TestEntry testId="7fa99fc8-4dae-9088-0c08-813290a88ab6" executionId="499f22f0-d3d2-4b20-a8d6-fcff4bde2fc3" testListId="8c84fa94-04c1-424b-9868-57a2d4851a1d" />
    <TestEntry testId="98f0d9fe-377f-6918-fb53-39e46ecb4f9d" executionId="59c57864-d56e-4034-83e9-3731d2211806" testListId="8c84fa94-04c1-424b-9868-57a2d4851a1d" />
    <TestEntry testId="04ee5816-5ebb-9be1-9e51-4c60c7a88570" executionId="2fae25a5-86bc-4aab-a1dc-87979f6c2cfc" testListId="8c84fa94-04c1-424b-9868-57a2d4851a1d" />
    <TestEntry testId="3a4d61c6-1dc3-0bdf-c7d5-0384c8954cbd" executionId="012bf56b-7f4b-45f2-bc96-df55fb557074" testListId="8c84fa94-04c1-424b-9868-57a2d4851a1d" />
    <TestEntry testId="06174076-ef01-8d0d-830c-682ae858b24d" executionId="424edd98-ea20-4e38-890c-10730db79cdf" testListId="8c84fa94-04c1-424b-9868-57a2d4851a1d" />
    <TestEntry testId="7c55a314-e50c-cf7f-eb2f-1d2ce3940e80" executionId="72315513-8865-4f2e-9c4a-c44df0ef7d25" testListId="8c84fa94-04c1-424b-9868-57a2d4851a1d" />
    <TestEntry testId="8b5da03f-9577-2062-8111-d2b15e5a740d" executionId="e0e8ba66-cdb4-477e-b3db-9f342665b317" testListId="8c84fa94-04c1-424b-9868-57a2d4851a1d" />
    <TestEntry testId="c3f2a1aa-ab89-7f2c-6103-bf1d2150d50b" executionId="1a3b8700-ae62-4e3d-825a-5c9b38874c05" testListId="8c84fa94-04c1-424b-9868-57a2d4851a1d" />
    <TestEntry testId="a8ce85fe-814a-271d-72cd-32e52ea1acce" executionId="a1f85400-57d8-4e1e-8bca-c343e7196e52" testListId="8c84fa94-04c1-424b-9868-57a2d4851a1d" />
    <TestEntry testId="4659fd71-0ee0-a506-0553-a81ccc9c9c0b" executionId="cbc04eda-fd78-497b-98c5-f9aae95fd853" testListId="8c84fa94-04c1-424b-9868-57a2d4851a1d" />
    <TestEntry testId="31a03b18-193d-f844-e92f-19d317699a01" executionId="bfa46572-c85e-48f6-bf7f-9a25895c1e2d" testListId="8c84fa94-04c1-424b-9868-57a2d4851a1d" />
    <TestEntry testId="18b9af22-bb6c-f1cc-eab9-198fe04c78c2" executionId="b16314b4-ab91-48dc-b1f8-57d2887c2021" testListId="8c84fa94-04c1-424b-9868-57a2d4851a1d" />
    <TestEntry testId="b41e6145-298a-b0e7-b1a2-57aee45877f3" executionId="13b861c0-0f8c-44f8-9cf6-73885ab8b4f7" testListId="8c84fa94-04c1-424b-9868-57a2d4851a1d" />
    <TestEntry testId="080800ed-e6da-eef9-42ef-0179d68c4004" executionId="341de6a4-6cb1-4998-80d7-2d1a45074918" testListId="8c84fa94-04c1-424b-9868-57a2d4851a1d" />
    <TestEntry testId="a53b6d0c-a89a-620c-77ca-f9530854f6a0" executionId="755a2cfe-e499-4b70-bbca-44656183fc83" testListId="8c84fa94-04c1-424b-9868-57a2d4851a1d" />
    <TestEntry testId="24a8c25f-b1c2-eba6-82b4-72c1adc9ee27" executionId="0fbe28c0-01d8-42c3-a8e2-bc6f06ad828b" testListId="8c84fa94-04c1-424b-9868-57a2d4851a1d" />
    <TestEntry testId="82a5b9a3-0552-89d0-c528-c8a8c76f5d9f" executionId="65de1d18-37fd-4836-9eab-ca1b60dbc374" testListId="8c84fa94-04c1-424b-9868-57a2d4851a1d" />
    <TestEntry testId="8f08ea31-2511-c2ee-1c5b-8c8ed224c8f7" executionId="41631a73-78c3-4410-97d7-e7dbee0356bd" testListId="8c84fa94-04c1-424b-9868-57a2d4851a1d" />
    <TestEntry testId="d662e348-a1af-bb08-7043-ef8f0887058c" executionId="996cce0a-049c-4c44-b957-443f441983fb" testListId="8c84fa94-04c1-424b-9868-57a2d4851a1d" />
    <TestEntry testId="737a55e3-02b4-11ec-a502-8f24217ffca3" executionId="22022710-d4a5-472b-b71f-eb543c150e10" testListId="8c84fa94-04c1-424b-9868-57a2d4851a1d" />
    <TestEntry testId="0bfd2093-cd64-a47e-137d-af6fe3953323" executionId="b53e810b-4e44-4bd9-a586-d4b9f0273a0a" testListId="8c84fa94-04c1-424b-9868-57a2d4851a1d" />
    <TestEntry testId="ee790526-59c0-ec03-5ce2-11fd14081a1a" executionId="e461027b-0f0b-4ee5-9baf-0fc64d06d8b3" testListId="8c84fa94-04c1-424b-9868-57a2d4851a1d" />
    <TestEntry testId="134110e6-fb08-89b6-f21b-257fe054fa49" executionId="6495f590-b83e-4e58-a427-3e3620e67585" testListId="8c84fa94-04c1-424b-9868-57a2d4851a1d" />
    <TestEntry testId="9fe19c9a-7103-2abd-228a-09e45881c4bc" executionId="22a5b4c6-ac5f-43de-93dc-c8cd30a34341" testListId="8c84fa94-04c1-424b-9868-57a2d4851a1d" />
    <TestEntry testId="1fc86256-4383-79f5-2623-3a4a27ec4fd7" executionId="f7e85d82-0b8e-4a50-aeef-72225bcb4077" testListId="8c84fa94-04c1-424b-9868-57a2d4851a1d" />
    <TestEntry testId="054d841b-8cd4-42a2-f59c-fc413fd8883f" executionId="2c21013f-c091-410f-aad6-c53052595170" testListId="8c84fa94-04c1-424b-9868-57a2d4851a1d" />
    <TestEntry testId="b3801728-52f7-7053-510c-0b3ffd814256" executionId="eb4fb1bb-2621-4b72-818d-4f4c2e15bc78" testListId="8c84fa94-04c1-424b-9868-57a2d4851a1d" />
    <TestEntry testId="f9dae8a6-1410-fa92-4089-639221dba286" executionId="c9ce1be6-93ca-4c45-8eb9-0494870a0b6f" testListId="8c84fa94-04c1-424b-9868-57a2d4851a1d" />
    <TestEntry testId="3c09d4cb-f13e-d121-455f-42d4e3bd3224" executionId="201a039e-4eca-443c-b357-b5110f0818b1" testListId="8c84fa94-04c1-424b-9868-57a2d4851a1d" />
    <TestEntry testId="94e5854b-a7a8-bf50-1837-dc2fec1a5970" executionId="f8f5a440-1402-47bf-8519-1f2f0813f29b" testListId="8c84fa94-04c1-424b-9868-57a2d4851a1d" />
    <TestEntry testId="1482937b-f549-7dda-39ff-c1d0353b5bf2" executionId="6a6a04d1-61b6-441e-86d6-96f647de7193" testListId="8c84fa94-04c1-424b-9868-57a2d4851a1d" />
    <TestEntry testId="eb183710-44b3-ddea-c66c-e6cc35890656" executionId="ed6c105c-e6e6-42e0-877a-998fc695f2b7" testListId="8c84fa94-04c1-424b-9868-57a2d4851a1d" />
    <TestEntry testId="b11280c6-b927-424b-97d9-4a8daa017667" executionId="54b50136-e875-4e06-a0d5-0b579def3d5d" testListId="8c84fa94-04c1-424b-9868-57a2d4851a1d" />
    <TestEntry testId="372ecc8a-19e9-247e-0d4c-31a691ba7b09" executionId="f96bf201-27f4-447e-9ea9-118d985c4cef" testListId="8c84fa94-04c1-424b-9868-57a2d4851a1d" />
    <TestEntry testId="c0fdb5a9-d6d3-7bbe-3d81-a946d84b5551" executionId="91f586a7-0aa7-4be3-b9bb-ca3c31449832" testListId="8c84fa94-04c1-424b-9868-57a2d4851a1d" />
    <TestEntry testId="7b2725af-6cca-aaf7-125b-307ed988b6a3" executionId="7a08ea07-2c70-43a9-882d-2d0433a81124" testListId="8c84fa94-04c1-424b-9868-57a2d4851a1d" />
    <TestEntry testId="9e5ec3f3-397a-9268-e64a-1a2655cbcab4" executionId="4b071f1a-3c05-4ab3-b3da-7d493f9c6669" testListId="8c84fa94-04c1-424b-9868-57a2d4851a1d" />
    <TestEntry testId="eefcc86b-2e92-5256-d34c-9049a6da9154" executionId="5fb54f21-d8e9-4bf2-8850-51e0f19f1d85" testListId="8c84fa94-04c1-424b-9868-57a2d4851a1d" />
    <TestEntry testId="e5961fd2-e26a-dc01-53b6-9e6df31d3e56" executionId="7c10aefb-b94d-4c31-b240-637b66e794bc" testListId="8c84fa94-04c1-424b-9868-57a2d4851a1d" />
    <TestEntry testId="e99720dc-b5ca-82eb-619d-d041c4804cad" executionId="ebf659b3-34bb-4050-bacc-f54c63c6c251" testListId="8c84fa94-04c1-424b-9868-57a2d4851a1d" />
    <TestEntry testId="fcd4df18-362b-5413-023a-c55cb23032da" executionId="09435baa-9c4b-4171-ac41-eaa8cb814799" testListId="8c84fa94-04c1-424b-9868-57a2d4851a1d" />
    <TestEntry testId="61e3c009-6d40-f26a-bfa1-a7b30d7f5bbd" executionId="dedd2acc-2165-4e2e-bd22-54e60ac57187" testListId="8c84fa94-04c1-424b-9868-57a2d4851a1d" />
    <TestEntry testId="13808eac-f72b-2563-39d5-58056dcce54a" executionId="fcf8b5ab-b89a-407a-a623-3c1c7b76dec8" testListId="8c84fa94-04c1-424b-9868-57a2d4851a1d" />
    <TestEntry testId="465a4fec-092f-f97b-aa21-b583e1fb2d95" executionId="f3b43f6c-fca3-4edc-9f8e-8c3ee1d88293" testListId="8c84fa94-04c1-424b-9868-57a2d4851a1d" />
    <TestEntry testId="b10c5cfd-13d5-732d-40b9-1c8a8f0d6512" executionId="4d83003c-ed3f-439d-9f81-d57cd84e61aa" testListId="8c84fa94-04c1-424b-9868-57a2d4851a1d" />
    <TestEntry testId="0698a694-c3e3-daa4-3795-9bea8316565b" executionId="b945fa68-b50c-4743-accc-8c4e15c9236f" testListId="8c84fa94-04c1-424b-9868-57a2d4851a1d" />
    <TestEntry testId="06c90135-67c9-51a3-9a46-9517155efc3a" executionId="bd78fc50-d21b-4952-8455-4cc808a21bca" testListId="8c84fa94-04c1-424b-9868-57a2d4851a1d" />
    <TestEntry testId="548fd08b-2d94-5257-d985-826bbe47bde9" executionId="ad905e6b-6df9-4a8c-9422-26df1ee5376b" testListId="8c84fa94-04c1-424b-9868-57a2d4851a1d" />
    <TestEntry testId="1eda914f-da94-406c-7d55-9addceb31e52" executionId="d3e3fcb4-9922-42cb-b53e-a1ccde70d33c" testListId="8c84fa94-04c1-424b-9868-57a2d4851a1d" />
    <TestEntry testId="ddb5c0d8-d96d-641b-981f-700b89499855" executionId="4ce35c25-184d-4cd1-8528-a3bc73788ed8" testListId="8c84fa94-04c1-424b-9868-57a2d4851a1d" />
    <TestEntry testId="7362e8b4-4f55-1d2e-3400-f910faa86461" executionId="63f39c31-a26f-4237-a07c-ba1ddb995a7a" testListId="8c84fa94-04c1-424b-9868-57a2d4851a1d" />
    <TestEntry testId="4f82d922-22f6-d968-086c-9b41bf965fdc" executionId="620a9a09-72d0-4dd9-9a14-b80a1ab5ad81" testListId="8c84fa94-04c1-424b-9868-57a2d4851a1d" />
    <TestEntry testId="d09f13a4-f856-1992-47ba-5179fa45274e" executionId="d700b6d4-0cf5-4c84-ab84-63108f30955e" testListId="8c84fa94-04c1-424b-9868-57a2d4851a1d" />
    <TestEntry testId="19d3a582-cf55-1f18-55fd-1cbf218e3c1b" executionId="5c1f6957-8731-4057-a6bc-3be4ee9bb5bf" testListId="8c84fa94-04c1-424b-9868-57a2d4851a1d" />
    <TestEntry testId="53dd47fd-4d1a-33e1-81d6-8e71ee72d54a" executionId="09c37035-f8b4-4094-93c9-541f314ded17" testListId="8c84fa94-04c1-424b-9868-57a2d4851a1d" />
    <TestEntry testId="e4b13263-b1bd-68bb-3baa-222b8414af3b" executionId="25370f2b-cdea-4e44-82b8-a59f2a47d975" testListId="8c84fa94-04c1-424b-9868-57a2d4851a1d" />
    <TestEntry testId="a8ff7a29-8845-1919-c693-2698cf30e949" executionId="dbca70af-9577-4e37-a505-5f1b77344c1c" testListId="8c84fa94-04c1-424b-9868-57a2d4851a1d" />
    <TestEntry testId="9f48d199-bab5-a916-f5d8-2312d1097b95" executionId="351f4dc1-817f-4396-87aa-e54aa3487b21" testListId="8c84fa94-04c1-424b-9868-57a2d4851a1d" />
    <TestEntry testId="1c326e5c-4c62-8c00-ee40-aad1ae557760" executionId="6332400f-3917-432a-bb8f-694717e964b7" testListId="8c84fa94-04c1-424b-9868-57a2d4851a1d" />
    <TestEntry testId="d298d9c7-7d7d-ad15-03cc-8ab9e391d377" executionId="2683ca63-8a4e-4d1b-a8a1-d457f724e270" testListId="8c84fa94-04c1-424b-9868-57a2d4851a1d" />
    <TestEntry testId="e4e5e009-82b4-9816-23f6-1a07109fff0d" executionId="29ae25aa-30cd-4818-963a-e404f3ec941a" testListId="8c84fa94-04c1-424b-9868-57a2d4851a1d" />
    <TestEntry testId="62771907-5daf-58e6-a184-e6742aca31e8" executionId="acde49c7-8ebf-4f73-bed8-62e4c453b551" testListId="8c84fa94-04c1-424b-9868-57a2d4851a1d" />
    <TestEntry testId="2c659c9c-4cb8-0017-5374-282461cba931" executionId="b79ed945-2e4d-44fe-a031-6abc49eb1f29" testListId="8c84fa94-04c1-424b-9868-57a2d4851a1d" />
    <TestEntry testId="7d577a3c-0602-a0a6-e9b5-1f43ff437a96" executionId="14c82296-0802-4af4-b60c-b2647330e4ac" testListId="8c84fa94-04c1-424b-9868-57a2d4851a1d" />
    <TestEntry testId="26609db5-8fe4-7221-64d2-19aa74512834" executionId="2eed8d3b-1fa3-4960-a005-72327af3bc8f" testListId="8c84fa94-04c1-424b-9868-57a2d4851a1d" />
    <TestEntry testId="d024cbbc-cd6e-1273-02ea-1e58d1fbe142" executionId="8b36f6e5-60fc-4b74-a8cd-6056cada6ec0" testListId="8c84fa94-04c1-424b-9868-57a2d4851a1d" />
    <TestEntry testId="7b3048fa-a67c-dc66-afa0-4a605a32dbf4" executionId="fbd74cde-a76b-4c0b-9f74-81246cf7b586" testListId="8c84fa94-04c1-424b-9868-57a2d4851a1d" />
    <TestEntry testId="1e592ef1-e1bf-3981-b2eb-87e514325b77" executionId="048328ed-26b2-4327-9f6b-22571dbe0f77" testListId="8c84fa94-04c1-424b-9868-57a2d4851a1d" />
    <TestEntry testId="ac145d13-4c02-a67c-cc07-a100e99d94e8" executionId="54b97033-2f2f-4bb4-ac98-a37bd71203ea" testListId="8c84fa94-04c1-424b-9868-57a2d4851a1d" />
    <TestEntry testId="256352cb-a01d-67ee-0151-ab9132f46725" executionId="936ed654-70c0-462d-86f4-ef9e3c234bb4" testListId="8c84fa94-04c1-424b-9868-57a2d4851a1d" />
    <TestEntry testId="78982d6b-5a61-907d-6e51-74d4614c2331" executionId="d1ef0cab-b7d0-45ea-846b-8926b538ce0d" testListId="8c84fa94-04c1-424b-9868-57a2d4851a1d" />
    <TestEntry testId="6e5da37d-17c2-c99b-bec0-ba093cc6461d" executionId="442bba04-8d4b-446d-af46-a72851b8e41b" testListId="8c84fa94-04c1-424b-9868-57a2d4851a1d" />
    <TestEntry testId="11b5912e-600c-2c04-2bfe-19c262546aae" executionId="8d399d46-4fa9-41e5-bca1-0b6a3fb111bb" testListId="8c84fa94-04c1-424b-9868-57a2d4851a1d" />
    <TestEntry testId="ca034712-fc2a-7f2e-fe84-ae45e3bb76cf" executionId="c8867213-bde6-4f79-be59-7e0fbcc84444" testListId="8c84fa94-04c1-424b-9868-57a2d4851a1d" />
    <TestEntry testId="90a2670f-70e3-342d-ffb1-12b2148b7041" executionId="76698913-08c8-4833-aa88-330bb6a61a2c" testListId="8c84fa94-04c1-424b-9868-57a2d4851a1d" />
    <TestEntry testId="91cfec7e-ef42-5972-8313-05af41252d8d" executionId="266306a1-abcb-4e51-b921-e59098e501ca" testListId="8c84fa94-04c1-424b-9868-57a2d4851a1d" />
    <TestEntry testId="a17307f7-bfca-392d-97bb-4da7ab99cc40" executionId="fc84e4a6-3a17-4bf4-bdf3-5f36f9da1540" testListId="8c84fa94-04c1-424b-9868-57a2d4851a1d" />
    <TestEntry testId="310968d1-fc55-32d1-9bf4-640cd6ac6c2c" executionId="e79868ca-c97f-4057-9c5b-c9cafc61066f" testListId="8c84fa94-04c1-424b-9868-57a2d4851a1d" />
    <TestEntry testId="20458d0b-b85c-491e-b4ab-b9b8494bb490" executionId="b5f9eed1-de95-472e-94fc-b5db623294c8" testListId="8c84fa94-04c1-424b-9868-57a2d4851a1d" />
    <TestEntry testId="5e058ca8-2071-8aca-94cf-089b17b5ab0d" executionId="6eacc927-c14d-4ea5-acaf-237aabdb5abb" testListId="8c84fa94-04c1-424b-9868-57a2d4851a1d" />
    <TestEntry testId="2813fb62-7764-a6ad-5950-42865213a523" executionId="1c336653-8363-411a-a059-b93e27af0ea8" testListId="8c84fa94-04c1-424b-9868-57a2d4851a1d" />
    <TestEntry testId="e036dcac-c98f-c247-938a-14a54b7a60ea" executionId="f95cae92-c8a2-4f36-9764-b01aa165a9e0" testListId="8c84fa94-04c1-424b-9868-57a2d4851a1d" />
    <TestEntry testId="e683acf1-8f1f-37ca-c494-91edf8586d46" executionId="30373424-50fe-4907-9aa8-a2bad2e88b55" testListId="8c84fa94-04c1-424b-9868-57a2d4851a1d" />
    <TestEntry testId="52df54ef-d786-de4c-66ba-453529b99c4f" executionId="a9c777dc-52e6-4f2f-b60e-28c168cb53b5" testListId="8c84fa94-04c1-424b-9868-57a2d4851a1d" />
    <TestEntry testId="14b61d2f-5443-8ef0-349e-b30883ba9c22" executionId="0e9aa858-9435-4a9c-ac1b-7600c8424e2b" testListId="8c84fa94-04c1-424b-9868-57a2d4851a1d" />
    <TestEntry testId="fde698c6-a194-d6bc-8c31-bc5b72af8298" executionId="f79a38c8-7882-4560-a21c-f2144c5d9df3" testListId="8c84fa94-04c1-424b-9868-57a2d4851a1d" />
    <TestEntry testId="702f283c-acf3-b66b-da58-6b428c67206f" executionId="b0a5967b-6d89-4c47-ae4b-a5eb8c76e8cb" testListId="8c84fa94-04c1-424b-9868-57a2d4851a1d" />
    <TestEntry testId="cb7e38b0-12f4-dfad-65ae-f93a1147794e" executionId="9f7cc19d-e2b3-4a18-ac13-16de70b3b3f1" testListId="8c84fa94-04c1-424b-9868-57a2d4851a1d" />
    <TestEntry testId="87294391-1825-1ce5-7f19-56b62f49e8c1" executionId="e3ec63d9-3fd1-44b2-8778-5f37dfc64055" testListId="8c84fa94-04c1-424b-9868-57a2d4851a1d" />
    <TestEntry testId="f11fb068-5020-6fdd-64d4-9eae97e7b7c3" executionId="b63d8e93-42af-4526-b898-b931705bc4ec" testListId="8c84fa94-04c1-424b-9868-57a2d4851a1d" />
    <TestEntry testId="8685a0cc-8f6c-e530-6b25-43918c6d87aa" executionId="2d20c9c4-dbc6-4646-9008-ab5ec9aa2c54" testListId="8c84fa94-04c1-424b-9868-57a2d4851a1d" />
    <TestEntry testId="d8308a27-6fbc-21d5-664d-c54e34f438da" executionId="449ab309-fc0e-4521-b31a-0ebb7d3aaca0" testListId="8c84fa94-04c1-424b-9868-57a2d4851a1d" />
    <TestEntry testId="b7df116d-9320-09bb-de54-2fccf2279e48" executionId="e8966e45-310d-42cb-9a55-f8d31d787ab7" testListId="8c84fa94-04c1-424b-9868-57a2d4851a1d" />
    <TestEntry testId="84ea0ecf-7538-7ba3-3591-e86fa59176ef" executionId="58837b24-268d-4d1e-accf-fffabae56e0f" testListId="8c84fa94-04c1-424b-9868-57a2d4851a1d" />
    <TestEntry testId="01387d97-f9fc-82cf-fc0c-bafa84835078" executionId="5aff9148-f819-4cb0-8f9d-c12799f31827" testListId="8c84fa94-04c1-424b-9868-57a2d4851a1d" />
    <TestEntry testId="6bf15edc-a1d0-adf1-a3aa-fde4bdad9f83" executionId="8cabb861-516f-428d-918d-472795b4f693" testListId="8c84fa94-04c1-424b-9868-57a2d4851a1d" />
    <TestEntry testId="dadc7e5e-3e0c-da11-a65f-57361b774307" executionId="d8475d95-0a60-4c71-a4b1-a73fa44c32b4" testListId="8c84fa94-04c1-424b-9868-57a2d4851a1d" />
    <TestEntry testId="2b2cdfa0-61df-f232-7682-12c2c86c587b" executionId="f99cca47-7594-4217-8a35-3698e26b7b40" testListId="8c84fa94-04c1-424b-9868-57a2d4851a1d" />
    <TestEntry testId="c3a53dbd-9899-8fac-d500-c2b7239c74d4" executionId="f0b118c8-875b-4678-b2f4-731d45d30ff2" testListId="8c84fa94-04c1-424b-9868-57a2d4851a1d" />
    <TestEntry testId="f02151f2-7537-c913-0353-0c1cefe4a11e" executionId="9f3c5156-1dcc-4013-9e24-bcda47c8ab71" testListId="8c84fa94-04c1-424b-9868-57a2d4851a1d" />
    <TestEntry testId="64d46e5a-18bf-c3a7-d947-63730f82a01e" executionId="622431a5-7644-4687-b5af-bd92d4416d30" testListId="8c84fa94-04c1-424b-9868-57a2d4851a1d" />
    <TestEntry testId="6f2af74d-bdba-e05e-77aa-b08f726c1ddf" executionId="ade93c46-f988-4ca7-bb8a-5832a2c12712" testListId="8c84fa94-04c1-424b-9868-57a2d4851a1d" />
    <TestEntry testId="a28156aa-3bb5-7287-717c-afe6ec74f152" executionId="c2b2c1f5-f6a2-4c39-9bba-06b800afdfdd" testListId="8c84fa94-04c1-424b-9868-57a2d4851a1d" />
    <TestEntry testId="57bee112-0556-7c83-93f2-7bbc9c5cba59" executionId="3a4d1a02-90bf-470d-99e4-a17458f9f809" testListId="8c84fa94-04c1-424b-9868-57a2d4851a1d" />
    <TestEntry testId="760478cf-2b2b-5f64-b097-3de30749bcb1" executionId="cef0fb30-1ce1-4a7e-a0b1-04e2f3ed1eba" testListId="8c84fa94-04c1-424b-9868-57a2d4851a1d" />
    <TestEntry testId="720ee8ed-0afb-0470-9fbb-161042f20ddf" executionId="2602a936-bf1f-4fb9-ae61-759568e9df34" testListId="8c84fa94-04c1-424b-9868-57a2d4851a1d" />
    <TestEntry testId="af66790e-7a17-2a52-f594-1232b3cd885e" executionId="ed62c259-26d4-41ef-b33b-19e59173b86d" testListId="8c84fa94-04c1-424b-9868-57a2d4851a1d" />
    <TestEntry testId="3827ef79-3081-082a-a862-859949cd62b9" executionId="2a2691f1-ce69-4073-9ee5-775186ef1924" testListId="8c84fa94-04c1-424b-9868-57a2d4851a1d" />
    <TestEntry testId="c4a13715-7cee-fc42-2f4e-b27563ec4062" executionId="daec252c-189e-4ee5-bb58-e25ab1a2d29c" testListId="8c84fa94-04c1-424b-9868-57a2d4851a1d" />
    <TestEntry testId="7ff37c2f-1947-5bfd-5301-306c5eae35b9" executionId="2c57e3be-97fa-433c-a1e1-1833f173d573" testListId="8c84fa94-04c1-424b-9868-57a2d4851a1d" />
    <TestEntry testId="d2e27528-7e9c-f741-028a-9dd7eea4c92c" executionId="3123c08d-c6b5-4124-a5a3-4787432919ae" testListId="8c84fa94-04c1-424b-9868-57a2d4851a1d" />
    <TestEntry testId="c59043ee-e462-ae6f-68e0-aa6381ac3c86" executionId="e8ca6ae9-0694-49b3-8eea-5234230f2b9e" testListId="8c84fa94-04c1-424b-9868-57a2d4851a1d" />
    <TestEntry testId="6ca73ebd-56b4-1756-58f8-e75d82906bc5" executionId="108c525a-5ec8-4bc6-b36a-0375c45a94ae" testListId="8c84fa94-04c1-424b-9868-57a2d4851a1d" />
    <TestEntry testId="85a3df1f-74e3-6aca-1e0c-cfef94af0047" executionId="7b059acd-d54e-4ab1-8990-2a310b233648" testListId="8c84fa94-04c1-424b-9868-57a2d4851a1d" />
    <TestEntry testId="d1627721-b0c9-88e8-e34c-f6f72d59002d" executionId="e1f497ff-11a4-4fe7-a157-636446f1aa05" testListId="8c84fa94-04c1-424b-9868-57a2d4851a1d" />
    <TestEntry testId="ed1af3f1-e228-caa9-58c0-803083486581" executionId="dfdf03b4-e66f-4abd-a668-114b10f28f01" testListId="8c84fa94-04c1-424b-9868-57a2d4851a1d" />
    <TestEntry testId="3d1a6672-4657-c0b5-09b7-40d121d78ad6" executionId="bb19bca5-c7e5-421c-b10a-3b2f3e0834bb" testListId="8c84fa94-04c1-424b-9868-57a2d4851a1d" />
    <TestEntry testId="4a3d3b31-f5bb-f6f0-8775-76cae220f01b" executionId="22117ee6-801b-4afe-9adf-848e495f3444" testListId="8c84fa94-04c1-424b-9868-57a2d4851a1d" />
    <TestEntry testId="3d56290e-3e3f-353b-dfc8-249444061e6c" executionId="61d4fe8e-015d-47ba-beb8-fb36b8466625" testListId="8c84fa94-04c1-424b-9868-57a2d4851a1d" />
    <TestEntry testId="6e4090e6-94bd-7c50-aeb3-2559b9307fcd" executionId="55f3c2bc-127b-4b99-b907-a2de0c826baa" testListId="8c84fa94-04c1-424b-9868-57a2d4851a1d" />
    <TestEntry testId="9aaf4622-5926-683b-8683-a0f59ca6a06c" executionId="201437d8-d0c8-4af7-b1a2-6c5b32984b56" testListId="8c84fa94-04c1-424b-9868-57a2d4851a1d" />
    <TestEntry testId="5a81ef7d-e348-ad91-56ea-2f873a9d2e52" executionId="89d82fdd-ba3d-4337-b723-36fd47c13fea" testListId="8c84fa94-04c1-424b-9868-57a2d4851a1d" />
    <TestEntry testId="4488607e-daf9-d699-495a-d1b43687da23" executionId="1f2f02e6-3dce-4f91-b447-e1881c3dcf8c" testListId="8c84fa94-04c1-424b-9868-57a2d4851a1d" />
    <TestEntry testId="7727673d-f909-602e-c023-298e3154bee0" executionId="c9d94834-a55b-4bc7-a58e-5b50ab5b9aa7" testListId="8c84fa94-04c1-424b-9868-57a2d4851a1d" />
    <TestEntry testId="d6cb1369-2679-afac-cddc-39c82a30eafa" executionId="bc7cc39c-f584-4af3-a37c-fef0791683ee" testListId="8c84fa94-04c1-424b-9868-57a2d4851a1d" />
    <TestEntry testId="5d644acb-4f60-31db-754d-a101236e8d7f" executionId="702d2938-402c-49cb-8cf1-e103c5c9b66f" testListId="8c84fa94-04c1-424b-9868-57a2d4851a1d" />
    <TestEntry testId="42e108f3-1735-015e-fab8-d9a77a62ea31" executionId="67ec4453-a798-48b0-913f-b3830f56bfb8" testListId="8c84fa94-04c1-424b-9868-57a2d4851a1d" />
    <TestEntry testId="976b8c92-7e7b-e3a1-3453-2a2b85e725d2" executionId="cf7f7660-76ab-4e1d-94e0-e9847be0de9a" testListId="8c84fa94-04c1-424b-9868-57a2d4851a1d" />
    <TestEntry testId="b9540196-20ef-0b94-a46f-e6138983b660" executionId="c01e1d75-e92d-48cd-8da0-840dd7e3d1b2" testListId="8c84fa94-04c1-424b-9868-57a2d4851a1d" />
    <TestEntry testId="03a83ade-8d54-5619-5fb4-492194211717" executionId="1f80cfd6-6634-4127-8e00-affb653951af" testListId="8c84fa94-04c1-424b-9868-57a2d4851a1d" />
    <TestEntry testId="322a76e2-9465-203a-fa3f-db73d4f489c4" executionId="4d6c2a7e-9e2c-4e8d-b07c-fc3fc93a14f7" testListId="8c84fa94-04c1-424b-9868-57a2d4851a1d" />
    <TestEntry testId="d15cb015-1a80-6a1c-c85a-3f61077a2db7" executionId="6299ee77-57d8-4698-b3f9-cb4102e935ed" testListId="8c84fa94-04c1-424b-9868-57a2d4851a1d" />
    <TestEntry testId="b6cf4406-22c8-107a-cae8-fc1d204c4130" executionId="65e9567a-3a19-4cbc-adec-3328bd20ce56" testListId="8c84fa94-04c1-424b-9868-57a2d4851a1d" />
    <TestEntry testId="773f1d7a-65a5-fa09-a454-1d73dbdebf1c" executionId="44cb0da4-4d05-407b-a2bc-335d17e663c0" testListId="8c84fa94-04c1-424b-9868-57a2d4851a1d" />
    <TestEntry testId="7cd2c95d-3a22-0d5c-c07f-69fa30ef94a1" executionId="f3eec0e1-fff8-4399-9630-66ccc16283c1" testListId="8c84fa94-04c1-424b-9868-57a2d4851a1d" />
    <TestEntry testId="fbbc45ef-78b8-acb6-dc04-1e7a7f11e95a" executionId="66f7deae-bdb5-4ae7-8b05-d981c3357593" testListId="8c84fa94-04c1-424b-9868-57a2d4851a1d" />
    <TestEntry testId="f9a09191-b933-2d00-0d6e-2a80901374f0" executionId="cbc9fc2e-f8e5-4947-b7ab-b336f80b109d" testListId="8c84fa94-04c1-424b-9868-57a2d4851a1d" />
    <TestEntry testId="26e0371b-a9ac-efb2-5c04-9498517c8a6b" executionId="c156b055-8628-423d-bcdf-df60822e748c" testListId="8c84fa94-04c1-424b-9868-57a2d4851a1d" />
    <TestEntry testId="f433ef44-22f0-31c9-303b-7dece7f9527e" executionId="0bbf2787-be1d-464e-b179-d784c96533d3" testListId="8c84fa94-04c1-424b-9868-57a2d4851a1d" />
    <TestEntry testId="bc614819-04cb-60f8-8b25-b74350480ed8" executionId="78906a06-6e16-4557-a552-c9e15f6d1365" testListId="8c84fa94-04c1-424b-9868-57a2d4851a1d" />
    <TestEntry testId="d4c22c7c-b6a3-cfbe-dc7f-cc4ae42c5d11" executionId="921ca4d2-6127-43e4-b1a3-c0fdec46c501" testListId="8c84fa94-04c1-424b-9868-57a2d4851a1d" />
    <TestEntry testId="d398ef55-2762-6fec-9ad2-1f14cb2a9d60" executionId="e1472d6d-ee5e-4cf9-b21c-d32fc5cdfcb6" testListId="8c84fa94-04c1-424b-9868-57a2d4851a1d" />
    <TestEntry testId="cad83f52-1e7f-4b34-02e2-b7d439893234" executionId="768f3af0-2f7d-44bd-bc36-e8b680df6184" testListId="8c84fa94-04c1-424b-9868-57a2d4851a1d" />
    <TestEntry testId="ba7694f7-ee6f-6343-b447-699651d9d6f9" executionId="85304cfb-a946-4aee-8fa9-bc728660a3f4" testListId="8c84fa94-04c1-424b-9868-57a2d4851a1d" />
    <TestEntry testId="187a3c1b-b8b9-e08a-2f65-c787e6bb630a" executionId="6ca99e93-108f-4cf3-afcc-30cfaa622cf0" testListId="8c84fa94-04c1-424b-9868-57a2d4851a1d" />
    <TestEntry testId="f33839d1-0a95-c027-0a9d-468e94c3e8f8" executionId="81347db6-dffe-408e-8e8d-313f28b97dbc" testListId="8c84fa94-04c1-424b-9868-57a2d4851a1d" />
    <TestEntry testId="1231dbfb-8caf-95d4-fa10-3201d28cc912" executionId="69a7be43-444c-4c9a-aae8-ca2109d405cb" testListId="8c84fa94-04c1-424b-9868-57a2d4851a1d" />
    <TestEntry testId="778619f0-485d-357c-9339-4267244fb799" executionId="eefb303c-677d-4889-998c-ce7d436ab1fd" testListId="8c84fa94-04c1-424b-9868-57a2d4851a1d" />
    <TestEntry testId="9c47fe03-c56a-043e-ff88-e2633670fc9e" executionId="b5395fcc-173e-41ff-a7db-217b584030ed" testListId="8c84fa94-04c1-424b-9868-57a2d4851a1d" />
    <TestEntry testId="ab352261-f7fb-4de5-d0ab-b3696dc3f865" executionId="94a389f5-dc6e-4635-979d-1a37a5a5533e" testListId="8c84fa94-04c1-424b-9868-57a2d4851a1d" />
    <TestEntry testId="01bc0fde-c67c-6987-54c2-b9ed8c5df445" executionId="daa62e24-e6ac-4763-87ac-39e75e86f247" testListId="8c84fa94-04c1-424b-9868-57a2d4851a1d" />
    <TestEntry testId="6df640a9-0a50-74d8-fe7f-d3add40b9424" executionId="2c90414d-d980-46f0-a5d8-481efc96d873" testListId="8c84fa94-04c1-424b-9868-57a2d4851a1d" />
    <TestEntry testId="77c15838-368f-705c-d0c8-46e47de3c659" executionId="5124a238-d7a5-49c2-9e50-dfee2df722d2" testListId="8c84fa94-04c1-424b-9868-57a2d4851a1d" />
    <TestEntry testId="20233fe2-b748-308d-725e-1b3b65fd4fc4" executionId="c9bdf90b-e020-42fe-b200-e865d3859a2c" testListId="8c84fa94-04c1-424b-9868-57a2d4851a1d" />
    <TestEntry testId="c4d26256-1744-c2d0-2a14-fe21640d4fe1" executionId="254656fc-c599-4951-930c-f6fd83d52452" testListId="8c84fa94-04c1-424b-9868-57a2d4851a1d" />
    <TestEntry testId="8e518cf6-5cc7-9578-86bd-3ad3afaceaf7" executionId="018948b6-e027-4112-941a-f48a38e843f1" testListId="8c84fa94-04c1-424b-9868-57a2d4851a1d" />
    <TestEntry testId="3b7c8552-7a62-bee2-027f-19ba6bd6ceca" executionId="53808789-1306-4462-a605-8b866483fe41" testListId="8c84fa94-04c1-424b-9868-57a2d4851a1d" />
    <TestEntry testId="1efc39b0-1d4c-64ee-c593-37f0c14e8022" executionId="89ea9d26-aca7-4d27-9664-5524f124ce16" testListId="8c84fa94-04c1-424b-9868-57a2d4851a1d" />
    <TestEntry testId="e9e566d8-8c2f-a5c9-6e03-2549ae458328" executionId="b94186ba-8699-44fd-aac0-f7ed28d70419" testListId="8c84fa94-04c1-424b-9868-57a2d4851a1d" />
    <TestEntry testId="03519c29-5d68-745a-351e-45c267ad13e8" executionId="858f73b9-78ae-4746-b4ef-8dbf29b71dbc" testListId="8c84fa94-04c1-424b-9868-57a2d4851a1d" />
    <TestEntry testId="0bab0433-8652-888f-3edd-7e1d722c4c52" executionId="23b730bd-6322-4b37-a43c-77f953c55b77" testListId="8c84fa94-04c1-424b-9868-57a2d4851a1d" />
    <TestEntry testId="66e61549-2664-849a-b0d5-68906d176e33" executionId="1d40b83b-9ac9-496d-a13b-a3ea7f35e734" testListId="8c84fa94-04c1-424b-9868-57a2d4851a1d" />
    <TestEntry testId="1785bf0a-686c-ffbf-697b-cc5c423923de" executionId="d21c39b0-ab46-4549-9367-bb409f65efe1" testListId="8c84fa94-04c1-424b-9868-57a2d4851a1d" />
    <TestEntry testId="63299308-d7dd-b56e-acf5-b1b102f32d4f" executionId="c991deda-a6ec-4382-89e6-95d67bc6df83" testListId="8c84fa94-04c1-424b-9868-57a2d4851a1d" />
    <TestEntry testId="0f5489b1-8ac4-9204-17f4-b55749ac6490" executionId="09c46ae9-3f9f-4737-adc7-15f9e39ae5bf" testListId="8c84fa94-04c1-424b-9868-57a2d4851a1d" />
    <TestEntry testId="781c6c8a-3177-25ba-5828-fb732829d7b1" executionId="d169dffa-bb1b-4da9-b7f8-a03eb78fe6fd" testListId="8c84fa94-04c1-424b-9868-57a2d4851a1d" />
    <TestEntry testId="8601fe89-72a2-9ba5-8e62-8c183b00fe8c" executionId="ff742f03-3bc6-4397-9334-beef613db9da" testListId="8c84fa94-04c1-424b-9868-57a2d4851a1d" />
    <TestEntry testId="b9119b3f-c5c3-480d-71eb-f7bd5475dbde" executionId="35f14f0b-ddbd-4157-b9bf-f06261b118d0" testListId="8c84fa94-04c1-424b-9868-57a2d4851a1d" />
    <TestEntry testId="ee569e33-e92a-4e12-13b7-cfb199db4a03" executionId="0ce981e3-b609-4395-83a1-e7d8f6949a11" testListId="8c84fa94-04c1-424b-9868-57a2d4851a1d" />
    <TestEntry testId="58e16725-e739-c95e-f63b-6da9cd475080" executionId="c3457301-c52f-4a9a-b49f-fa15a3c3607d" testListId="8c84fa94-04c1-424b-9868-57a2d4851a1d" />
    <TestEntry testId="5cdbd0d9-c8bd-a61c-82a8-354b3f579fbb" executionId="476a615f-c761-44e4-9435-e4869e7d9f95" testListId="8c84fa94-04c1-424b-9868-57a2d4851a1d" />
    <TestEntry testId="64b0134b-ebd0-fae9-7bd6-e6237d9640de" executionId="3e769484-b374-4a57-aadd-0065c20cf86b" testListId="8c84fa94-04c1-424b-9868-57a2d4851a1d" />
    <TestEntry testId="1527d9bd-270b-3515-ebaa-bce4928c6e69" executionId="ebaa1a1c-9ef1-4fdc-af3c-d5df4d3fedea" testListId="8c84fa94-04c1-424b-9868-57a2d4851a1d" />
    <TestEntry testId="ad2e8dc8-017a-fd28-8587-9788ac26c9e0" executionId="8a61f0a0-1d24-48a0-b3f7-024b22c5d3f2" testListId="8c84fa94-04c1-424b-9868-57a2d4851a1d" />
    <TestEntry testId="0d6a360b-80b2-0c9f-819e-6ddc1b403d2d" executionId="b2dfaf11-db2d-44ec-9480-32f4eff12e50" testListId="8c84fa94-04c1-424b-9868-57a2d4851a1d" />
    <TestEntry testId="8a0529d6-a867-bdfa-4c0f-fc7fea5b6129" executionId="c4c40193-3de6-4fb8-9b30-33f991553323" testListId="8c84fa94-04c1-424b-9868-57a2d4851a1d" />
    <TestEntry testId="0138d714-b11a-1112-3975-544e9807700f" executionId="9c39867f-7a81-488a-ab5e-1f175ad53fc0" testListId="8c84fa94-04c1-424b-9868-57a2d4851a1d" />
    <TestEntry testId="0f6413c0-cc42-e14e-f2e9-6c1a7fb644a7" executionId="84b78c7f-758f-49a8-8a1b-b9f0f62098d0" testListId="8c84fa94-04c1-424b-9868-57a2d4851a1d" />
    <TestEntry testId="984bc27d-a5c7-32fa-f1e8-153a12469bdb" executionId="d67965f2-d29b-41a4-b100-3dc53a529be2" testListId="8c84fa94-04c1-424b-9868-57a2d4851a1d" />
    <TestEntry testId="4937d7ac-b3aa-c23d-f312-18cd0c6ed990" executionId="a2f4b4ac-02ed-4907-b0f0-0de5ce4a872c" testListId="8c84fa94-04c1-424b-9868-57a2d4851a1d" />
    <TestEntry testId="0668f627-8706-4ec9-03ec-e3e79b2c140f" executionId="c67caf07-6471-4a1e-a151-59d9ccec5322" testListId="8c84fa94-04c1-424b-9868-57a2d4851a1d" />
    <TestEntry testId="a986cdd1-f3b8-291d-b1aa-90291a659d05" executionId="2bb7f9c6-a987-4450-a380-4c6879f173e4" testListId="8c84fa94-04c1-424b-9868-57a2d4851a1d" />
    <TestEntry testId="7e481df7-029e-9d77-33ba-d4462cdb83bc" executionId="10efe509-0edc-4b9a-b78c-1e0958e588c0" testListId="8c84fa94-04c1-424b-9868-57a2d4851a1d" />
    <TestEntry testId="5a2f32ed-e56e-8f83-632e-04bbc55d82b2" executionId="c46de5df-6558-4952-8e4a-02dd6fe0c607" testListId="8c84fa94-04c1-424b-9868-57a2d4851a1d" />
    <TestEntry testId="d09566d1-6438-9687-6d98-ba12ffff4915" executionId="25890620-636c-4095-9eeb-b42a0bc17411" testListId="8c84fa94-04c1-424b-9868-57a2d4851a1d" />
    <TestEntry testId="58acdb8f-084b-2e15-dc3a-9f779a1645ce" executionId="0e69ec68-5327-49d9-8c98-82e3b582fc6e" testListId="8c84fa94-04c1-424b-9868-57a2d4851a1d" />
    <TestEntry testId="ad88d97c-caee-1d9c-2151-7b83477290c3" executionId="ba807722-c5bb-4023-8c97-1f652348f5cd" testListId="8c84fa94-04c1-424b-9868-57a2d4851a1d" />
    <TestEntry testId="040dd571-8bf0-b0e3-da88-082cc2b787fd" executionId="d7cae155-e527-42de-bbff-a73833834ed8" testListId="8c84fa94-04c1-424b-9868-57a2d4851a1d" />
    <TestEntry testId="8c4ac38a-c3bf-bb60-df07-e7bd10fd1112" executionId="9091e909-5bbf-47a6-89b4-188b1e2c4c74" testListId="8c84fa94-04c1-424b-9868-57a2d4851a1d" />
    <TestEntry testId="9ef77c95-5283-32cc-e077-a32bcc727b45" executionId="78fea614-e7d0-47c3-8189-c73ce62c9b97" testListId="8c84fa94-04c1-424b-9868-57a2d4851a1d" />
    <TestEntry testId="a7dc6179-c1b7-aef9-5686-edbcfe9b120d" executionId="6085522d-63ae-486a-9b41-769ad1f45823" testListId="8c84fa94-04c1-424b-9868-57a2d4851a1d" />
    <TestEntry testId="4d02d00b-2996-2f9f-95bd-26fe5f7ed1e8" executionId="25fa7310-3931-4b9f-bf59-182ecf560657" testListId="8c84fa94-04c1-424b-9868-57a2d4851a1d" />
    <TestEntry testId="a0064dcf-0da1-ba4b-2406-1e7e76d7ad3a" executionId="4cfd5eb9-21c7-4a71-ae27-27d304f752fe" testListId="8c84fa94-04c1-424b-9868-57a2d4851a1d" />
    <TestEntry testId="a1b04750-d1fe-a25a-b502-6c3d91504173" executionId="daeee709-ad83-4390-bd60-2cc303421bcd" testListId="8c84fa94-04c1-424b-9868-57a2d4851a1d" />
    <TestEntry testId="5c70b94c-c2ae-ec2f-8c4d-56b452bbdede" executionId="a5523bf9-cf7c-4ebd-b574-a53b22dd0f62" testListId="8c84fa94-04c1-424b-9868-57a2d4851a1d" />
    <TestEntry testId="f9efcab8-a490-8c63-2e77-81876b9a47ee" executionId="04700ada-3f90-4937-90ba-e293af2d13e8" testListId="8c84fa94-04c1-424b-9868-57a2d4851a1d" />
    <TestEntry testId="ee0b5b54-d791-b6a4-b0fb-2c250f632e6e" executionId="6f7d5f6b-d12a-4cb3-bbcc-69f528086c3d" testListId="8c84fa94-04c1-424b-9868-57a2d4851a1d" />
    <TestEntry testId="a26aca48-0992-fb7f-2394-abc4cff3b453" executionId="6d8386fb-cce9-441c-8269-106ef6c7d6ac" testListId="8c84fa94-04c1-424b-9868-57a2d4851a1d" />
    <TestEntry testId="f54a29ea-af6b-e415-7699-17daf9b39664" executionId="ef41bb5b-4277-4b7c-9e58-1d16d5158907" testListId="8c84fa94-04c1-424b-9868-57a2d4851a1d" />
    <TestEntry testId="a3ca636d-2e93-d6ba-5db9-ec0b0b5cb970" executionId="3eb8073e-a1ed-4a73-bdd8-1d7aa5c6d3c7" testListId="8c84fa94-04c1-424b-9868-57a2d4851a1d" />
    <TestEntry testId="c89277b5-bdbb-4718-3fdc-952f1cd089bd" executionId="16d088da-4d90-4553-bf48-92926afda21f" testListId="8c84fa94-04c1-424b-9868-57a2d4851a1d" />
    <TestEntry testId="16f93673-833f-5604-541b-fd1cb5d08ba8" executionId="fbdf14e7-66a4-4831-b526-8a2c9dda4980" testListId="8c84fa94-04c1-424b-9868-57a2d4851a1d" />
    <TestEntry testId="f078252f-e622-661e-c5dc-189c04c6d312" executionId="a9963b30-af77-49cc-a06e-0e3edc66cbf3" testListId="8c84fa94-04c1-424b-9868-57a2d4851a1d" />
    <TestEntry testId="ba355757-a36a-54bb-5c59-d6e115aeace8" executionId="8a44e8d3-99ef-45b4-b432-c5d26112bc80" testListId="8c84fa94-04c1-424b-9868-57a2d4851a1d" />
    <TestEntry testId="8afaf187-3d3c-e78b-824e-e769deeec2c9" executionId="2c259646-c0a0-4b70-9164-57ff42d4232f" testListId="8c84fa94-04c1-424b-9868-57a2d4851a1d" />
    <TestEntry testId="dcc9cf01-7d0d-4dc6-9027-2fa692f04ff1" executionId="9716621b-49d4-4faa-9ae5-528515034a76" testListId="8c84fa94-04c1-424b-9868-57a2d4851a1d" />
    <TestEntry testId="1ad3591a-ac8c-9e26-3467-6ee13c8cfd41" executionId="f28156ec-7953-4340-9682-88122cea3ae6" testListId="8c84fa94-04c1-424b-9868-57a2d4851a1d" />
    <TestEntry testId="55e8e49d-3677-ba1c-fee3-b06a721808bd" executionId="d94c6cc5-be09-405c-8e8a-ae1403aa7471" testListId="8c84fa94-04c1-424b-9868-57a2d4851a1d" />
    <TestEntry testId="c484feb4-af2e-2886-69bb-e210e70b626b" executionId="f7be7369-a6dc-465c-8d87-bbf0dffc658f" testListId="8c84fa94-04c1-424b-9868-57a2d4851a1d" />
    <TestEntry testId="555e4b79-92bf-9342-267d-e971e8e557fa" executionId="89a2b91f-a857-41e9-845e-aff369cc7464" testListId="8c84fa94-04c1-424b-9868-57a2d4851a1d" />
    <TestEntry testId="79ed88f2-f433-a4e4-a0f7-7ec8b906db54" executionId="5f9859f5-e7e5-4f0f-993b-c82429bae95b" testListId="8c84fa94-04c1-424b-9868-57a2d4851a1d" />
    <TestEntry testId="8cae6a56-454e-1e61-1b8f-eb89b356be64" executionId="16acc433-23c6-4eb7-b1b5-f7b1a8f4d5ed" testListId="8c84fa94-04c1-424b-9868-57a2d4851a1d" />
    <TestEntry testId="9cbeee60-77f5-68fc-bc08-e8da5217124f" executionId="b5f3c43b-a636-4036-8f8e-56f0a1622b1a" testListId="8c84fa94-04c1-424b-9868-57a2d4851a1d" />
    <TestEntry testId="477f61b0-5c9c-b3c6-17b8-c096885b5954" executionId="139866db-a0b4-4ef8-955b-605751930e35" testListId="8c84fa94-04c1-424b-9868-57a2d4851a1d" />
    <TestEntry testId="0a9c2a64-10d3-ab1b-bf1d-557005ecb79f" executionId="d923449a-1e8e-4120-b471-226c5504a33e" testListId="8c84fa94-04c1-424b-9868-57a2d4851a1d" />
    <TestEntry testId="e36409e3-019e-24ac-3359-9d7af3a2aada" executionId="98e66476-ed1d-4ba5-8370-4ff5d3d3bf25" testListId="8c84fa94-04c1-424b-9868-57a2d4851a1d" />
    <TestEntry testId="e350673f-85c2-2b80-5566-6b75cc1a2d4b" executionId="4ab06674-5e13-4d70-9fd7-48c1a6b5cbfd" testListId="8c84fa94-04c1-424b-9868-57a2d4851a1d" />
    <TestEntry testId="60e95dc2-1384-1da5-37c2-e879ef01c39a" executionId="4d4e3689-e552-4c8c-aead-97fe7a528224" testListId="8c84fa94-04c1-424b-9868-57a2d4851a1d" />
    <TestEntry testId="8d35e87b-236d-d2d1-5276-ca6f3e50fdcb" executionId="af8dfce1-dad0-4bbb-be79-6be38e425072" testListId="8c84fa94-04c1-424b-9868-57a2d4851a1d" />
    <TestEntry testId="4f7bde70-3b99-d47c-8245-4d79a123baa7" executionId="afae8e84-0138-4373-be9a-c16c08d02436" testListId="8c84fa94-04c1-424b-9868-57a2d4851a1d" />
    <TestEntry testId="30e80c89-c117-83fc-53e9-5be5181f841c" executionId="6db142b5-7167-4724-841d-51d9c0ca141a" testListId="8c84fa94-04c1-424b-9868-57a2d4851a1d" />
    <TestEntry testId="f16d6dc4-d4f4-8a18-c5c4-395abb886b21" executionId="a57d124e-2917-4f78-a827-2cfbfc8e1503" testListId="8c84fa94-04c1-424b-9868-57a2d4851a1d" />
    <TestEntry testId="9fd29388-e6f2-2ce9-7173-3d8e1efacf79" executionId="dc052c64-c4b6-422f-b018-e5e74bc88fde" testListId="8c84fa94-04c1-424b-9868-57a2d4851a1d" />
    <TestEntry testId="af06fbb9-e295-bbc5-951e-25addabec280" executionId="392e2a83-d58b-4b3f-a7c9-0c8d9af391b5" testListId="8c84fa94-04c1-424b-9868-57a2d4851a1d" />
    <TestEntry testId="38b98b35-19bc-eb4b-75ab-937f6e63a097" executionId="03b5ee12-bf22-4465-8571-4200cda81580" testListId="8c84fa94-04c1-424b-9868-57a2d4851a1d" />
    <TestEntry testId="63370cbe-9101-bc97-61d6-4291bf11faab" executionId="5194a37c-a2b6-4033-a16a-a41dd3b8447f" testListId="8c84fa94-04c1-424b-9868-57a2d4851a1d" />
    <TestEntry testId="a2a93cec-e7b9-3a98-e5c4-9eb836279da9" executionId="c514a3aa-77fc-4d77-9707-576e6de13234" testListId="8c84fa94-04c1-424b-9868-57a2d4851a1d" />
    <TestEntry testId="6d35c2c3-73b0-8587-396e-ba4ccb5d6691" executionId="7ed2732c-517d-41f1-86f4-523cf48f5582" testListId="8c84fa94-04c1-424b-9868-57a2d4851a1d" />
    <TestEntry testId="7a0dc36a-c1cd-21c8-9ba3-75ff2dea0cf7" executionId="dbc2f397-7ff2-496f-8b76-2e1613647929" testListId="8c84fa94-04c1-424b-9868-57a2d4851a1d" />
    <TestEntry testId="c78e11d7-0167-713c-2051-cb0d25992222" executionId="486e595c-5068-4227-a6e8-c2bc6bf58f94" testListId="8c84fa94-04c1-424b-9868-57a2d4851a1d" />
    <TestEntry testId="e5af325c-5bae-fda3-b423-271b64739afe" executionId="cb8c1d7d-6bec-4928-9c45-a1e0f69714bd" testListId="8c84fa94-04c1-424b-9868-57a2d4851a1d" />
    <TestEntry testId="ad10243a-5005-2c62-ef03-970547f7bc68" executionId="9ce89a7c-60f8-4fe8-b9f4-26d5d7baee35" testListId="8c84fa94-04c1-424b-9868-57a2d4851a1d" />
    <TestEntry testId="3c6ec36d-3aca-cc8c-f540-f0674fae16f9" executionId="f1fac41e-68fd-4e0e-9821-f40e5c7ae249" testListId="8c84fa94-04c1-424b-9868-57a2d4851a1d" />
    <TestEntry testId="7f766a97-6ab7-7b7f-222d-e4bba52b6030" executionId="474598ba-c966-4dd9-b18b-ba3ed2a49948" testListId="8c84fa94-04c1-424b-9868-57a2d4851a1d" />
    <TestEntry testId="f0a224b1-cb9d-a091-6819-7ca2cd4d3f6d" executionId="ba1e1256-cee1-40ab-91e8-f873c29c5edc" testListId="8c84fa94-04c1-424b-9868-57a2d4851a1d" />
    <TestEntry testId="78226ef2-fcbe-8c02-29f4-cc48e0495b30" executionId="68292e67-de66-48a6-a069-cf6256575452" testListId="8c84fa94-04c1-424b-9868-57a2d4851a1d" />
    <TestEntry testId="8f3ff765-82e8-66d7-0b26-5b7e252a53b8" executionId="0593faf8-c10c-490e-8db0-0f432f0fb710" testListId="8c84fa94-04c1-424b-9868-57a2d4851a1d" />
    <TestEntry testId="cbd53ab9-3037-bcc9-1b3c-c2cf3018f4d2" executionId="79ca970e-30e3-4f62-a391-2658ee92e65e" testListId="8c84fa94-04c1-424b-9868-57a2d4851a1d" />
    <TestEntry testId="d4c38e91-653a-61a8-9381-1f7444c31b36" executionId="afeb6de9-ac8f-4637-9760-277c7cf67289" testListId="8c84fa94-04c1-424b-9868-57a2d4851a1d" />
    <TestEntry testId="7487e89c-78f3-9567-7976-60fdef3ca987" executionId="a6e2dceb-2d20-415b-9a1f-34f8c99c6041" testListId="8c84fa94-04c1-424b-9868-57a2d4851a1d" />
    <TestEntry testId="f761c35c-23da-0635-088d-82edc227a6c9" executionId="2e7fa698-0054-4ae1-91dc-37843f9a39ef" testListId="8c84fa94-04c1-424b-9868-57a2d4851a1d" />
    <TestEntry testId="c05fec08-28d3-c263-f7df-c8727f4f0b97" executionId="d293d8c4-5f52-463f-98c8-dc241dd7fed2" testListId="8c84fa94-04c1-424b-9868-57a2d4851a1d" />
    <TestEntry testId="e3e33591-e2f2-c832-fee1-8688ba9ec456" executionId="2c185115-771b-48fb-8b0a-70f02ab9f8f1" testListId="8c84fa94-04c1-424b-9868-57a2d4851a1d" />
    <TestEntry testId="257c0922-44f0-686e-e1ab-2ecaa57524ac" executionId="9eb89c7c-1aaa-4bf6-bc63-14d9b42f3daf" testListId="8c84fa94-04c1-424b-9868-57a2d4851a1d" />
    <TestEntry testId="5737235c-4c26-da22-d231-8a538d9299e8" executionId="d19fbf80-c44f-4a4f-96c7-e61755ae9037" testListId="8c84fa94-04c1-424b-9868-57a2d4851a1d" />
    <TestEntry testId="bbfc981b-974c-44e2-e510-b6ce7e78458f" executionId="b5598779-e2c6-44be-b9df-f87b5fe665e3" testListId="8c84fa94-04c1-424b-9868-57a2d4851a1d" />
    <TestEntry testId="a3d1fe6d-f6a5-f28a-ba65-630894318089" executionId="2acd30e0-3085-4220-8430-89300ace6e04" testListId="8c84fa94-04c1-424b-9868-57a2d4851a1d" />
    <TestEntry testId="e3aed149-0356-8224-e951-0cb2d3727ba3" executionId="6ac6ca2f-f62f-41a5-ac5a-80ee8e7355ec" testListId="8c84fa94-04c1-424b-9868-57a2d4851a1d" />
    <TestEntry testId="9a2c2caa-e4e4-6aa8-3062-315f42f6a4ed" executionId="7348aef4-f5f5-4088-9784-85e4776af8bb" testListId="8c84fa94-04c1-424b-9868-57a2d4851a1d" />
    <TestEntry testId="b7c2c022-5605-11c2-db09-3429d396f98d" executionId="d56fcab8-dab9-462a-bb0a-01d5956ef4ec" testListId="8c84fa94-04c1-424b-9868-57a2d4851a1d" />
    <TestEntry testId="0465a107-5afa-65eb-a10c-77e89846ff26" executionId="c65e987f-8019-4e7d-954b-c16a71592ee0" testListId="8c84fa94-04c1-424b-9868-57a2d4851a1d" />
    <TestEntry testId="61995c8a-35dd-f2df-f559-b60cb8f54a82" executionId="80a0529c-b93c-47f8-9337-2e80dca6c9b5" testListId="8c84fa94-04c1-424b-9868-57a2d4851a1d" />
    <TestEntry testId="7e72f854-d326-decd-1986-82fb5fe24c7b" executionId="baf7fdea-7392-4bb2-9dfb-f667a6c68f4a" testListId="8c84fa94-04c1-424b-9868-57a2d4851a1d" />
    <TestEntry testId="9e63be9d-2216-71c5-83e2-51bd84dc8a93" executionId="d34461d7-e764-4a8f-9d32-98dcd0f382bd" testListId="8c84fa94-04c1-424b-9868-57a2d4851a1d" />
    <TestEntry testId="687e7059-e7b1-dddd-6cf1-c4b5cd5cad05" executionId="56b30dbd-07d1-4aeb-80e9-32e366b0cb1e" testListId="8c84fa94-04c1-424b-9868-57a2d4851a1d" />
    <TestEntry testId="aa5a6ee6-251d-45e9-7756-92ac3de9f3a4" executionId="95336643-d97b-41bf-80bc-27573d99b60e" testListId="8c84fa94-04c1-424b-9868-57a2d4851a1d" />
    <TestEntry testId="f429442b-db90-b095-7991-b9ca4c955f13" executionId="97dc3721-42cf-42c6-85b5-c2d012639db8" testListId="8c84fa94-04c1-424b-9868-57a2d4851a1d" />
    <TestEntry testId="a029b495-55fb-1eb3-c134-9a8d61753adb" executionId="dc5abb23-b0cb-472c-8970-f5d214f5f259" testListId="8c84fa94-04c1-424b-9868-57a2d4851a1d" />
    <TestEntry testId="804c2963-7737-e632-84f9-347e567fabca" executionId="16d9c2d4-54dd-41d5-810a-440773271102" testListId="8c84fa94-04c1-424b-9868-57a2d4851a1d" />
    <TestEntry testId="0c0836ab-4cd8-bcb2-8664-28d80763d09f" executionId="0ad0f9a1-5cc8-490e-960e-1acabcbdcaaa" testListId="8c84fa94-04c1-424b-9868-57a2d4851a1d" />
    <TestEntry testId="0479c184-1f1e-07e0-e9bf-b787331a6833" executionId="f9a1d8f2-36a5-4b72-b530-7c09d00a55da" testListId="8c84fa94-04c1-424b-9868-57a2d4851a1d" />
    <TestEntry testId="04b4598a-a90c-25b4-3fbf-2283122ff323" executionId="b37bc502-470d-4c2a-8054-75a084a97839" testListId="8c84fa94-04c1-424b-9868-57a2d4851a1d" />
    <TestEntry testId="c3507766-2bd3-10ca-b445-c0f89ddb4b4f" executionId="48a4fad0-0639-4efd-8ba1-26f50395ed0c" testListId="8c84fa94-04c1-424b-9868-57a2d4851a1d" />
    <TestEntry testId="a83a69b8-4523-62af-550e-9c72857a22cc" executionId="1bcfb454-5f46-4ceb-9fbf-8da64edf38d7" testListId="8c84fa94-04c1-424b-9868-57a2d4851a1d" />
    <TestEntry testId="ef239907-8146-d171-397a-2e18ca0a7d07" executionId="85b7a341-98d2-4473-8dab-ec18c1bf1d4c" testListId="8c84fa94-04c1-424b-9868-57a2d4851a1d" />
    <TestEntry testId="8e460e03-2bfd-8239-d4ce-aaba6f07f2d0" executionId="9d6a76f6-9873-4f75-b87a-eeec66890626" testListId="8c84fa94-04c1-424b-9868-57a2d4851a1d" />
    <TestEntry testId="6d92f3d7-a73a-0631-d650-f99bb5acd16d" executionId="9e4dfff6-0558-4456-b4fe-35bb57adebb2" testListId="8c84fa94-04c1-424b-9868-57a2d4851a1d" />
    <TestEntry testId="e5d77a31-6b9f-c926-244b-f6a80ab8552d" executionId="48dc6610-b44c-4f4f-b828-ad7896b6ad50" testListId="8c84fa94-04c1-424b-9868-57a2d4851a1d" />
    <TestEntry testId="e58ef73c-b84c-961f-61e3-72952cd8cb8c" executionId="72863e89-4cac-4e10-bc16-97edc895ccba" testListId="8c84fa94-04c1-424b-9868-57a2d4851a1d" />
    <TestEntry testId="dc1fd292-e174-668d-7833-c1854255d61a" executionId="11b9763f-e7d6-408f-90de-9843c1ec7c71" testListId="8c84fa94-04c1-424b-9868-57a2d4851a1d" />
    <TestEntry testId="ae1fcdcb-f991-e67c-d221-5879496f84bd" executionId="839516c1-e0b2-491b-a9ad-052cf4eeb932" testListId="8c84fa94-04c1-424b-9868-57a2d4851a1d" />
    <TestEntry testId="5a6e28a5-0456-0238-773c-6170fb1e4f85" executionId="74af4e14-1413-4539-b306-29448716b75a" testListId="8c84fa94-04c1-424b-9868-57a2d4851a1d" />
    <TestEntry testId="d716207e-88e3-d258-c9c3-93a6eb313656" executionId="3737b8a7-6be4-44bf-b0fe-4841a863d946" testListId="8c84fa94-04c1-424b-9868-57a2d4851a1d" />
    <TestEntry testId="13d7aebd-6cec-2e73-3e91-8e5121f9f1bc" executionId="1ff7b4ea-b34a-491f-9c0b-b80bf4df1dd3" testListId="8c84fa94-04c1-424b-9868-57a2d4851a1d" />
    <TestEntry testId="461181b2-b5d1-1d54-a990-5025bc85a37b" executionId="691af42c-82b0-45b0-ab5f-c42ed4ab2a5c" testListId="8c84fa94-04c1-424b-9868-57a2d4851a1d" />
    <TestEntry testId="5f1d3042-4664-b398-297d-153c346ec0d1" executionId="ba1a4cf1-9563-479d-935f-ab48c39988cc" testListId="8c84fa94-04c1-424b-9868-57a2d4851a1d" />
    <TestEntry testId="a32877bc-9b7f-e906-c5f0-bd91b67c99a7" executionId="bcafdaa4-b996-41dc-ab3e-93d77b82b6f2" testListId="8c84fa94-04c1-424b-9868-57a2d4851a1d" />
    <TestEntry testId="f85011e7-aedc-f16d-4ec9-583569d1a8dd" executionId="1a72e59a-4abb-4669-b662-f8b057b80596" testListId="8c84fa94-04c1-424b-9868-57a2d4851a1d" />
    <TestEntry testId="a30a662f-2ee5-0db0-93be-e23b78960c82" executionId="0110de0a-8972-4bca-b3ed-ea6e6e955ac1" testListId="8c84fa94-04c1-424b-9868-57a2d4851a1d" />
    <TestEntry testId="44f3c5c5-ae4b-6e15-d7ce-1234ea127a5e" executionId="f38b5289-a034-4ac9-bb97-aa4186c1b5d6" testListId="8c84fa94-04c1-424b-9868-57a2d4851a1d" />
    <TestEntry testId="08cc126a-cc1a-5bd0-28c8-0e116736d384" executionId="02ff668b-276f-41cb-8d75-19c2987e3ec1" testListId="8c84fa94-04c1-424b-9868-57a2d4851a1d" />
    <TestEntry testId="844dbd09-3e1b-ba6e-1295-725984dabbdb" executionId="0cb65ee5-37a2-44a1-b3fb-d018c9ba0f02" testListId="8c84fa94-04c1-424b-9868-57a2d4851a1d" />
    <TestEntry testId="fdd1c789-d9b7-74e5-3e60-0cdd8a844a3b" executionId="81945eee-9e77-4d00-80f8-712dd01804fe" testListId="8c84fa94-04c1-424b-9868-57a2d4851a1d" />
    <TestEntry testId="be7d7f3c-32c0-1ba5-667f-eebdbcb535c4" executionId="77b2f189-0610-4fd5-b80f-2972ec0638e0" testListId="8c84fa94-04c1-424b-9868-57a2d4851a1d" />
    <TestEntry testId="545d08a7-8d4d-0e52-621a-4acb7e985873" executionId="3122f059-f46b-473e-888b-43da3f78b977" testListId="8c84fa94-04c1-424b-9868-57a2d4851a1d" />
    <TestEntry testId="7f634cbe-20c0-73ce-7a57-e27b44400638" executionId="7abe6879-41a8-458d-a030-1ad0a7ed17c7" testListId="8c84fa94-04c1-424b-9868-57a2d4851a1d" />
    <TestEntry testId="16f60887-7ce9-1170-b4ee-a149304874ee" executionId="eaf46e7a-8b9a-4995-bd88-e457a04f7653" testListId="8c84fa94-04c1-424b-9868-57a2d4851a1d" />
    <TestEntry testId="a7839cf0-508a-0ad4-6fc1-0553406f8071" executionId="6b06960e-39be-4ab1-962d-89542d587d86" testListId="8c84fa94-04c1-424b-9868-57a2d4851a1d" />
    <TestEntry testId="aa00ee56-82a4-f12d-65e7-778cc997807f" executionId="7890414a-a1cf-46ad-818c-5fbf7c82448c" testListId="8c84fa94-04c1-424b-9868-57a2d4851a1d" />
    <TestEntry testId="25843545-ef80-11aa-4565-6026ffae4df6" executionId="0d00679e-1f45-484e-ab62-0e3a606d94ea" testListId="8c84fa94-04c1-424b-9868-57a2d4851a1d" />
    <TestEntry testId="f5abc6e6-30fb-64d6-b653-e8776326ca87" executionId="ef8411f5-3bd0-4755-979a-6080faab540b" testListId="8c84fa94-04c1-424b-9868-57a2d4851a1d" />
    <TestEntry testId="57917bfd-ab9b-4422-cadc-1c44ad6d5244" executionId="7dd3f13f-9ba9-4aa9-be80-525ea6abcb8a" testListId="8c84fa94-04c1-424b-9868-57a2d4851a1d" />
    <TestEntry testId="12453e35-9e6c-1895-86bb-d53b925cb8c9" executionId="bd8c78f8-a877-4a91-9552-7c661e360ffd" testListId="8c84fa94-04c1-424b-9868-57a2d4851a1d" />
    <TestEntry testId="44436d34-8c47-a19f-150a-24d114c511ac" executionId="8aa96504-1dd7-4d1a-b63f-aa98f9defed2" testListId="8c84fa94-04c1-424b-9868-57a2d4851a1d" />
    <TestEntry testId="5c447ad0-5dd2-2fa2-d091-548bf019cae3" executionId="efc83ffd-71a2-4921-a7c6-f3465577d295" testListId="8c84fa94-04c1-424b-9868-57a2d4851a1d" />
    <TestEntry testId="bfe0ceb7-58a0-23f3-be81-2bfb090a4c1b" executionId="df286e5a-e774-4d4a-9193-badf6b1119a1" testListId="8c84fa94-04c1-424b-9868-57a2d4851a1d" />
    <TestEntry testId="bdfc35c1-636f-aaf9-5506-e97d44bad92c" executionId="e4113136-3b2f-47bf-b9df-803dfe75f63f" testListId="8c84fa94-04c1-424b-9868-57a2d4851a1d" />
    <TestEntry testId="788d8b0c-681e-eeab-fb16-541a413b2444" executionId="3153467b-ce4c-4633-ae20-bb71fffa7f1c" testListId="8c84fa94-04c1-424b-9868-57a2d4851a1d" />
    <TestEntry testId="e8ac92b2-fcd9-2dc0-f713-3c2cf3bb77c1" executionId="1c530545-9554-4f05-82e0-785d74638cf8" testListId="8c84fa94-04c1-424b-9868-57a2d4851a1d" />
    <TestEntry testId="97e7d06a-68e4-1586-9e4c-e6b41260549f" executionId="e9b0ea28-7eb6-4bd7-a870-62c46e9f69d3" testListId="8c84fa94-04c1-424b-9868-57a2d4851a1d" />
    <TestEntry testId="e6ba39e7-b277-ade5-953f-680493847818" executionId="3da683b5-8fac-4526-9b3d-6214e4770ac6" testListId="8c84fa94-04c1-424b-9868-57a2d4851a1d" />
    <TestEntry testId="570963dc-5e77-73b9-225e-688120d0deeb" executionId="9ad77445-7c16-435a-9094-588f369da219" testListId="8c84fa94-04c1-424b-9868-57a2d4851a1d" />
    <TestEntry testId="93f61c3c-6b1e-d1b6-89d6-3a1bfa5e90ba" executionId="d211463c-14c3-4576-af65-f631583390bd" testListId="8c84fa94-04c1-424b-9868-57a2d4851a1d" />
    <TestEntry testId="d8aec2c2-feb6-0e42-e54d-284965f5dea7" executionId="6c54bb55-8552-40e8-b642-1e069dca63ee" testListId="8c84fa94-04c1-424b-9868-57a2d4851a1d" />
    <TestEntry testId="dacce14d-9756-2798-fd98-fb15b8b3c6f4" executionId="da4b02e4-fbdc-4ddd-aec6-a5961a5a896c" testListId="8c84fa94-04c1-424b-9868-57a2d4851a1d" />
    <TestEntry testId="d1645eb5-871e-4ef4-8f57-61d470c8d63a" executionId="77e66706-3580-4904-b3d5-e1a87bf740e7" testListId="8c84fa94-04c1-424b-9868-57a2d4851a1d" />
    <TestEntry testId="07d6b577-3d60-1f8f-d4b8-5715e136ec3a" executionId="b05c9ed2-b232-4857-a569-0711fb902b65" testListId="8c84fa94-04c1-424b-9868-57a2d4851a1d" />
    <TestEntry testId="dbc5d189-251d-e27f-7817-a46019f321c1" executionId="c3320f35-f6a5-493c-9ff8-d8a1bb3eb4c4" testListId="8c84fa94-04c1-424b-9868-57a2d4851a1d" />
    <TestEntry testId="666142b8-78c0-45b9-dbb6-d91affaa8f8f" executionId="bd8fb7f2-ec18-4c9b-87b0-0f7f3db0da87" testListId="8c84fa94-04c1-424b-9868-57a2d4851a1d" />
    <TestEntry testId="f2ff9b13-7b8e-c847-8a5c-fd82e1ab203f" executionId="a3b55200-443d-43fd-9a1e-82644527663e" testListId="8c84fa94-04c1-424b-9868-57a2d4851a1d" />
    <TestEntry testId="137cce7b-4534-866e-a202-717289695719" executionId="55b330f6-184a-4236-878b-36e699f4e86f" testListId="8c84fa94-04c1-424b-9868-57a2d4851a1d" />
    <TestEntry testId="3b72e631-6670-fe62-856b-ccd543a59971" executionId="467574c8-67e6-4850-84b8-ca2d293c77c6" testListId="8c84fa94-04c1-424b-9868-57a2d4851a1d" />
    <TestEntry testId="eff4462f-0b3b-bad0-f3bc-88c9334e4c4b" executionId="e546e10b-40a7-47af-bce4-10742f7cde72" testListId="8c84fa94-04c1-424b-9868-57a2d4851a1d" />
    <TestEntry testId="c47b0ccb-123e-8cec-2750-cacbc255e2ef" executionId="54fef403-3f19-4ad5-b780-33c0a891ca91" testListId="8c84fa94-04c1-424b-9868-57a2d4851a1d" />
    <TestEntry testId="f880bae4-ac7b-09b5-228d-aaaa54c0b1c6" executionId="8555ffed-b8da-4bc3-bca6-d2e435c36c73" testListId="8c84fa94-04c1-424b-9868-57a2d4851a1d" />
    <TestEntry testId="b9255dfa-9628-1fda-ee6f-f5fa66f81e57" executionId="de95389b-b110-4534-93d0-ae9ea7dc7a12" testListId="8c84fa94-04c1-424b-9868-57a2d4851a1d" />
    <TestEntry testId="541af543-8f89-e2a2-51fc-7ea5fad4d84e" executionId="d9ebcf7d-3617-490c-9ba4-fcae82a08d9b" testListId="8c84fa94-04c1-424b-9868-57a2d4851a1d" />
    <TestEntry testId="80c46a70-b8c2-5ddc-7925-b3f4ce3a7330" executionId="b1b8ba66-2f19-4e1d-9fa4-c918f4ed2fc2" testListId="8c84fa94-04c1-424b-9868-57a2d4851a1d" />
    <TestEntry testId="044b544f-c581-0c62-7f52-eaa9bd1b769a" executionId="3318c12f-289f-4c2e-9e8d-f0b509316bf4" testListId="8c84fa94-04c1-424b-9868-57a2d4851a1d" />
    <TestEntry testId="447829a4-f86b-01dd-760a-c4052e1b005d" executionId="7550a533-4857-4d57-b343-c5302fa6ef91" testListId="8c84fa94-04c1-424b-9868-57a2d4851a1d" />
    <TestEntry testId="d131d3ee-68f2-b781-805c-3d38a16bf8a5" executionId="293928e9-5e16-4e98-ad39-3c16cd72842f" testListId="8c84fa94-04c1-424b-9868-57a2d4851a1d" />
    <TestEntry testId="31d165a4-0514-1831-5c27-9754c33030c7" executionId="789eb26f-05f2-4c23-b63a-f8e8f1729291" testListId="8c84fa94-04c1-424b-9868-57a2d4851a1d" />
    <TestEntry testId="474f4123-c4f0-ed71-e9ae-2089a5b45084" executionId="2b949bf4-9e24-441d-9492-9bc78005825f" testListId="8c84fa94-04c1-424b-9868-57a2d4851a1d" />
    <TestEntry testId="805392f0-f3e7-2021-caac-8cfa4d85f84a" executionId="1f03ed82-0100-432a-aa4a-ed1925029163" testListId="8c84fa94-04c1-424b-9868-57a2d4851a1d" />
    <TestEntry testId="ecc8a678-a940-3ae6-944a-34c722824547" executionId="0488335d-af43-4832-b13d-dd79eb01c827" testListId="8c84fa94-04c1-424b-9868-57a2d4851a1d" />
    <TestEntry testId="af830802-23e2-0c4d-f3f5-18aa300eb661" executionId="e0a37243-0335-42d2-82c7-98cf91eb09cb" testListId="8c84fa94-04c1-424b-9868-57a2d4851a1d" />
    <TestEntry testId="7b7abe39-6582-946d-a290-7c10dfc90b2f" executionId="21f4645a-e588-483b-a904-0d4930fff4f3" testListId="8c84fa94-04c1-424b-9868-57a2d4851a1d" />
    <TestEntry testId="68f5557d-4bd5-ebae-3a22-537c1702d781" executionId="a9c703de-d809-4d77-9418-fa79e56ad592" testListId="8c84fa94-04c1-424b-9868-57a2d4851a1d" />
    <TestEntry testId="69b55b39-a9d9-76d0-7e5a-7249ce9b54b6" executionId="b88c232b-b31d-4df9-a255-403e99fcd9ce" testListId="8c84fa94-04c1-424b-9868-57a2d4851a1d" />
    <TestEntry testId="618c093b-a0b6-05a6-fc06-deebeffd4e3d" executionId="44165892-01d6-4960-894a-e825c167256a" testListId="8c84fa94-04c1-424b-9868-57a2d4851a1d" />
    <TestEntry testId="8875b738-a9e1-7286-389a-f8981f6da4cd" executionId="f46e3396-d8c9-433b-8b73-9fec97e8fdf5" testListId="8c84fa94-04c1-424b-9868-57a2d4851a1d" />
    <TestEntry testId="6213102e-95e6-1487-5c12-13f6c21c6497" executionId="6144bc40-b13a-4ebf-aa7e-010198b52e29" testListId="8c84fa94-04c1-424b-9868-57a2d4851a1d" />
    <TestEntry testId="5d3b9f28-5b7f-774a-d114-babb2f2f6cd2" executionId="c61e8319-cdf7-44db-9450-44a190cc881d" testListId="8c84fa94-04c1-424b-9868-57a2d4851a1d" />
    <TestEntry testId="25a2ab59-4e6b-8585-ad34-1909dafc5c3e" executionId="2702d107-af84-4c78-b131-8dd1da509163" testListId="8c84fa94-04c1-424b-9868-57a2d4851a1d" />
    <TestEntry testId="e752e0ff-bfc6-c186-6be7-f4690c294e87" executionId="4c1f2365-af66-42b2-b813-6a64f6b36413" testListId="8c84fa94-04c1-424b-9868-57a2d4851a1d" />
    <TestEntry testId="115cf00c-004b-6d3a-9de0-103eb4fece2f" executionId="2a07978c-95fe-4e34-86a2-bcca4e4da782" testListId="8c84fa94-04c1-424b-9868-57a2d4851a1d" />
    <TestEntry testId="4bd213a5-298f-25c6-c1c0-a6bf89fe9c65" executionId="80006b65-ca37-4d84-ae1a-21233aa0fa69" testListId="8c84fa94-04c1-424b-9868-57a2d4851a1d" />
    <TestEntry testId="a7d84506-07b5-7ff8-9127-f0b1cfa053da" executionId="2fa2dabe-7386-4da9-b7f6-46c7fb1e5e4f" testListId="8c84fa94-04c1-424b-9868-57a2d4851a1d" />
    <TestEntry testId="21dd4ab4-8f48-2c5a-854c-4eb0b036ad99" executionId="984949e2-b2ae-448e-b98c-dd73d3c0520f" testListId="8c84fa94-04c1-424b-9868-57a2d4851a1d" />
    <TestEntry testId="f23e3e92-54c2-2411-b215-631166fbf856" executionId="bd183241-885f-48e0-8960-23773eff5c29" testListId="8c84fa94-04c1-424b-9868-57a2d4851a1d" />
    <TestEntry testId="40f611b9-74bd-86c9-77cc-098126b9a943" executionId="279f274e-9d40-4a31-962a-a9b821067643" testListId="8c84fa94-04c1-424b-9868-57a2d4851a1d" />
    <TestEntry testId="efff1d09-1e9a-daae-f4fe-c57e4a154964" executionId="57e0484a-3627-457b-b387-5c4cb0c3e64c" testListId="8c84fa94-04c1-424b-9868-57a2d4851a1d" />
    <TestEntry testId="eafa657a-e693-c387-5dc5-3b7f787deb74" executionId="2b0a97bc-d4bb-45a7-9e92-91bd4b68d5d1" testListId="8c84fa94-04c1-424b-9868-57a2d4851a1d" />
    <TestEntry testId="f2c9789b-ec5f-6518-f2c0-b2ab50a92288" executionId="65e7ee52-09f1-456d-8674-4feeb8f15c35" testListId="8c84fa94-04c1-424b-9868-57a2d4851a1d" />
    <TestEntry testId="d430b74b-fb63-d6ac-57a1-5a6c439392cf" executionId="e7c3933a-b3f9-45fb-91c4-644088db3d37" testListId="8c84fa94-04c1-424b-9868-57a2d4851a1d" />
    <TestEntry testId="66035837-2c9f-2396-ee34-7f395303e812" executionId="ea61226c-9544-4b55-ac73-655024ff2471" testListId="8c84fa94-04c1-424b-9868-57a2d4851a1d" />
    <TestEntry testId="9f8782f5-d91c-4490-2d75-75cddc0ef1b1" executionId="161a0bb4-4c3b-4aab-9bd1-d8766dcf7e69" testListId="8c84fa94-04c1-424b-9868-57a2d4851a1d" />
    <TestEntry testId="44388fe8-f4d9-9727-56d6-63d8a6beeb9b" executionId="844f7dfd-49b5-4850-aa86-6c5468b6214f" testListId="8c84fa94-04c1-424b-9868-57a2d4851a1d" />
    <TestEntry testId="52280e61-dcba-6f9b-6016-eff366e7d098" executionId="43143844-f280-41e4-a471-7438d680c2cc" testListId="8c84fa94-04c1-424b-9868-57a2d4851a1d" />
    <TestEntry testId="aea21075-21e1-c265-1a63-420c5c66b0a8" executionId="e016f84a-5f03-4858-85a9-e5ca3b322ce4" testListId="8c84fa94-04c1-424b-9868-57a2d4851a1d" />
    <TestEntry testId="46ae3a22-8d3d-7e4f-8a5b-87f63b36d2e9" executionId="f6280e01-5f28-4ef3-9e04-882b1fe7b5bd" testListId="8c84fa94-04c1-424b-9868-57a2d4851a1d" />
    <TestEntry testId="1e86b1ae-4010-c39e-71f3-3cc7adcf6881" executionId="099198e5-e81b-4db6-a041-6e8393b866d4" testListId="8c84fa94-04c1-424b-9868-57a2d4851a1d" />
    <TestEntry testId="b2b2d43b-9d87-4971-7001-e6990369b6c8" executionId="4b7da699-89d4-46b1-9785-8b4a3de6b888" testListId="8c84fa94-04c1-424b-9868-57a2d4851a1d" />
    <TestEntry testId="f24b56c9-993c-959d-f90c-97f221d04ce7" executionId="a417823d-2947-4a35-8df7-92cbea095a51" testListId="8c84fa94-04c1-424b-9868-57a2d4851a1d" />
    <TestEntry testId="6abc30a4-9771-c1aa-9f1c-ff3c0e9f8896" executionId="cdf42952-042d-458b-aad0-e63691b2421f" testListId="8c84fa94-04c1-424b-9868-57a2d4851a1d" />
    <TestEntry testId="fcb2e7e1-0793-e6c2-facd-27bc28ca1cfb" executionId="c6185f56-caa0-4907-a91f-457b77357d69" testListId="8c84fa94-04c1-424b-9868-57a2d4851a1d" />
    <TestEntry testId="08483f1f-4568-e039-2698-7a75165ec4e4" executionId="d829d430-7a14-4f9d-8bd9-5a313290e397" testListId="8c84fa94-04c1-424b-9868-57a2d4851a1d" />
    <TestEntry testId="3b98c405-59b2-7eb5-3579-4fa697a97bb2" executionId="0b53ec38-9e97-4365-b379-bbb6cf92df9a" testListId="8c84fa94-04c1-424b-9868-57a2d4851a1d" />
    <TestEntry testId="3d82fc6e-5f69-e808-ca5d-cd01f3ee4891" executionId="138f9498-258b-45ed-8610-cd70ef494ace" testListId="8c84fa94-04c1-424b-9868-57a2d4851a1d" />
    <TestEntry testId="c47cbfb5-8a50-ef76-dc8b-bbbbe83c35f6" executionId="76848adb-147d-4a82-adef-82ebdf3517a9" testListId="8c84fa94-04c1-424b-9868-57a2d4851a1d" />
    <TestEntry testId="21519acc-d56e-4959-c4c3-f48c7006fe27" executionId="63b1ea57-139d-4097-8327-ae98d92931b6" testListId="8c84fa94-04c1-424b-9868-57a2d4851a1d" />
    <TestEntry testId="a7d99e35-c064-6ecd-9e86-ff4a258d4620" executionId="e9eede5f-d445-48c3-8fc6-0b9ae3baa951" testListId="8c84fa94-04c1-424b-9868-57a2d4851a1d" />
    <TestEntry testId="6b8d7eb7-6306-1854-531e-9df54451cb92" executionId="92afd17f-af71-458d-b87f-a6d855b60031" testListId="8c84fa94-04c1-424b-9868-57a2d4851a1d" />
    <TestEntry testId="18ccdaf8-d982-0e82-d316-63446f746fd7" executionId="7e3c011c-7c10-42c4-87cc-5b9070ac6679" testListId="8c84fa94-04c1-424b-9868-57a2d4851a1d" />
    <TestEntry testId="6693e462-e8ba-ed25-48bc-eff1d5392eaa" executionId="6672f892-0fb5-41d9-8087-bc2501d7baee" testListId="8c84fa94-04c1-424b-9868-57a2d4851a1d" />
    <TestEntry testId="8a8c7432-7378-2ff6-b3a1-a3b7254f4458" executionId="94ce567e-c9ea-421b-89e9-dbdecec8ba66" testListId="8c84fa94-04c1-424b-9868-57a2d4851a1d" />
    <TestEntry testId="3164fb82-de29-8026-529f-6acf36741c8b" executionId="30d9627c-13bc-4fb4-9982-4d03313613fb" testListId="8c84fa94-04c1-424b-9868-57a2d4851a1d" />
    <TestEntry testId="c9591e10-6b0d-3789-a42b-e1f4d40f2de0" executionId="5ef69204-97d8-44b9-8628-0741026e55ed" testListId="8c84fa94-04c1-424b-9868-57a2d4851a1d" />
    <TestEntry testId="3db6f0d8-c771-c240-10ba-4a04ab54fde2" executionId="3a0bfc16-4263-44ce-829b-c0effa4df65d" testListId="8c84fa94-04c1-424b-9868-57a2d4851a1d" />
    <TestEntry testId="060935d9-41c9-9631-b038-7843722743ca" executionId="98d315df-359c-4440-bbf6-76471b1dfb44" testListId="8c84fa94-04c1-424b-9868-57a2d4851a1d" />
    <TestEntry testId="dfccf221-5403-2188-5503-aa835e99c003" executionId="4ca14789-bb42-4c64-b6bb-d144ad5a1a6b" testListId="8c84fa94-04c1-424b-9868-57a2d4851a1d" />
    <TestEntry testId="ad47bd46-9837-73d0-5609-780aff02d505" executionId="eebe8206-5403-4fac-a06d-a74e787e2e83" testListId="8c84fa94-04c1-424b-9868-57a2d4851a1d" />
    <TestEntry testId="bf3be38d-fccb-d51d-c680-813aa0d77baa" executionId="897f1daf-8f63-432b-acbf-24396784b9c9" testListId="8c84fa94-04c1-424b-9868-57a2d4851a1d" />
    <TestEntry testId="c812ed1c-00bd-8faa-1362-480338c7edf0" executionId="00645de2-40e2-4793-80cc-ae67df4944d6" testListId="8c84fa94-04c1-424b-9868-57a2d4851a1d" />
    <TestEntry testId="6b9e5408-4e04-a559-173d-978d8c871a1a" executionId="3106a72a-0854-4140-8280-26b313e0c6aa" testListId="8c84fa94-04c1-424b-9868-57a2d4851a1d" />
    <TestEntry testId="e734e722-c897-0ccb-6f21-a044403c8cd2" executionId="3861dbb1-89f7-45ac-9ab5-adbd6479c17a" testListId="8c84fa94-04c1-424b-9868-57a2d4851a1d" />
    <TestEntry testId="9fc73790-9fce-7434-a93e-864e387eae18" executionId="c248ffdb-1393-44a1-8b06-c96bdbad584c" testListId="8c84fa94-04c1-424b-9868-57a2d4851a1d" />
    <TestEntry testId="33464c95-c39e-2270-caf4-672c551a54f2" executionId="124020c5-7342-45d5-9516-f8fe1de1fc8a" testListId="8c84fa94-04c1-424b-9868-57a2d4851a1d" />
    <TestEntry testId="9220b9d9-3c12-4648-b920-916dd862394f" executionId="104f1a4f-7aab-4bc4-89b5-c409dec858a8" testListId="8c84fa94-04c1-424b-9868-57a2d4851a1d" />
    <TestEntry testId="96d51fc2-2cbe-e312-cc7e-6899f3431cc7" executionId="794019e8-360d-4000-b65c-47be8e58fd3b" testListId="8c84fa94-04c1-424b-9868-57a2d4851a1d" />
    <TestEntry testId="6ec6fd22-7feb-d279-20aa-2b6bde4591a6" executionId="b0e1b18b-8147-42c9-90f5-1b39774d931c" testListId="8c84fa94-04c1-424b-9868-57a2d4851a1d" />
    <TestEntry testId="13638f31-b7e4-af7e-235e-95a40f773cc3" executionId="da5667fe-a3f9-44fc-b17b-569a790cabe1" testListId="8c84fa94-04c1-424b-9868-57a2d4851a1d" />
    <TestEntry testId="00715417-bfa4-4e4b-edec-0ca28f2d4417" executionId="685303b3-a7b1-474a-8445-07adb45db2ba" testListId="8c84fa94-04c1-424b-9868-57a2d4851a1d" />
    <TestEntry testId="b50b60f1-2826-2d78-41c6-658eac6ae9ac" executionId="c7415b9c-39b9-46bb-be15-9eba89c012a8" testListId="8c84fa94-04c1-424b-9868-57a2d4851a1d" />
    <TestEntry testId="9c4c3d7f-1c8d-9061-b840-609563af8ef3" executionId="10006378-5447-4513-b9a9-30425276d3cb" testListId="8c84fa94-04c1-424b-9868-57a2d4851a1d" />
    <TestEntry testId="bc0974a0-deaf-8644-39a5-1ed48142447f" executionId="4be07e04-5cea-42b8-abca-6f879bdaf9d0" testListId="8c84fa94-04c1-424b-9868-57a2d4851a1d" />
    <TestEntry testId="96f1c2c4-5dc5-dea5-6196-eb11056b2deb" executionId="4d66b8cd-d709-4e65-9bb6-69241f616024" testListId="8c84fa94-04c1-424b-9868-57a2d4851a1d" />
    <TestEntry testId="c3bd77bb-39a3-4c51-ccee-0dc4af1425a6" executionId="95f6012b-900a-4d5f-8791-f20d03cbb0a6" testListId="8c84fa94-04c1-424b-9868-57a2d4851a1d" />
    <TestEntry testId="fb0f855b-006e-c67f-b9b6-ef310c289ea8" executionId="f653f2b4-c2b4-40e1-8cb5-8f37a3b61b91" testListId="8c84fa94-04c1-424b-9868-57a2d4851a1d" />
    <TestEntry testId="9e28d5ce-7362-2b06-9e34-6ce871313f70" executionId="82872a59-d8b1-4efa-9763-1560091760c1" testListId="8c84fa94-04c1-424b-9868-57a2d4851a1d" />
    <TestEntry testId="b2a7a04f-f1f1-7276-152d-8d2269ca96a4" executionId="d1e41424-e58d-481f-92a1-f79878d1de24" testListId="8c84fa94-04c1-424b-9868-57a2d4851a1d" />
    <TestEntry testId="22017572-0e55-4eb6-a8f5-ed8333ee82e7" executionId="c446ab0d-910f-4a51-b8cf-cd1234b00aba" testListId="8c84fa94-04c1-424b-9868-57a2d4851a1d" />
    <TestEntry testId="21a0d29c-e94f-b292-af3e-a395eaa62ce5" executionId="5a77be6a-1da1-4a00-9f4c-e194b399130e" testListId="8c84fa94-04c1-424b-9868-57a2d4851a1d" />
    <TestEntry testId="0b0ff5aa-c291-79fb-1d8b-d1660f2ebad3" executionId="ca9fde53-280a-47bf-be5d-298b6733a32a" testListId="8c84fa94-04c1-424b-9868-57a2d4851a1d" />
    <TestEntry testId="b44cc6a8-6a9a-fd12-3fec-c22280c5d52b" executionId="89db991b-1236-42c1-b7f1-268e59e845a4" testListId="8c84fa94-04c1-424b-9868-57a2d4851a1d" />
    <TestEntry testId="3971c5d8-7ad8-4707-9b53-e6a041a0b2f8" executionId="b9c5c0f4-0a25-435f-a456-a2700868ffbf" testListId="8c84fa94-04c1-424b-9868-57a2d4851a1d" />
    <TestEntry testId="34c289c0-6cda-cf85-24b7-8d07bcc44948" executionId="a4d27f9b-897d-4589-9cf8-1ea33d6652e4" testListId="8c84fa94-04c1-424b-9868-57a2d4851a1d" />
    <TestEntry testId="1cd3273e-4fe1-8213-74a3-0afca1364b2a" executionId="93bace7a-e423-490d-ab40-c96a4f0161d7" testListId="8c84fa94-04c1-424b-9868-57a2d4851a1d" />
    <TestEntry testId="139930e6-1293-1333-f3aa-a935221ee7d5" executionId="231346b8-f711-4447-b2c3-eafbe5329161" testListId="8c84fa94-04c1-424b-9868-57a2d4851a1d" />
    <TestEntry testId="0f85e31c-250d-2fd6-59ef-88556968bdb6" executionId="4555c027-fa3d-4641-bd08-72bdbee66129" testListId="8c84fa94-04c1-424b-9868-57a2d4851a1d" />
    <TestEntry testId="c4ce90f1-597d-a003-4d5c-b418943cb443" executionId="43620c43-3997-4cb5-9fe7-3766468296dd" testListId="8c84fa94-04c1-424b-9868-57a2d4851a1d" />
    <TestEntry testId="62e0da8f-3c56-f977-affd-e0b646a454d7" executionId="871d19a4-fd9e-4a9c-b70d-44e97165cccc" testListId="8c84fa94-04c1-424b-9868-57a2d4851a1d" />
    <TestEntry testId="e07ed0b5-2e0a-976d-3f75-19c16e3edd02" executionId="d439a0d9-37a9-41dd-976a-340560636dc7" testListId="8c84fa94-04c1-424b-9868-57a2d4851a1d" />
    <TestEntry testId="6c5fbe1f-8152-a821-d533-330bed4f5a98" executionId="d23a6f0b-3f1d-41f1-89a0-967317ecc307" testListId="8c84fa94-04c1-424b-9868-57a2d4851a1d" />
    <TestEntry testId="503e5a86-709d-4f75-061c-3b116d3ee8e7" executionId="ca55c3c0-f726-487f-9e42-4fde51fb931c" testListId="8c84fa94-04c1-424b-9868-57a2d4851a1d" />
    <TestEntry testId="fa0ba56c-3e83-3f1e-d41c-70bf0d206613" executionId="301e5e6c-03aa-4bd1-920e-e721f8fa26b6" testListId="8c84fa94-04c1-424b-9868-57a2d4851a1d" />
    <TestEntry testId="dc8473a2-1a56-3e30-355f-f99d732efb88" executionId="681d0dea-8f71-4030-9388-d0d72917ae33" testListId="8c84fa94-04c1-424b-9868-57a2d4851a1d" />
    <TestEntry testId="97f2dd08-7fc8-05d2-39e7-d6eb768666a9" executionId="30dccca2-6aed-4bae-a356-7f86fe208674" testListId="8c84fa94-04c1-424b-9868-57a2d4851a1d" />
    <TestEntry testId="bd10e1d0-a002-0856-831f-b5cf43dbc863" executionId="99a056ca-43b5-4fe9-b981-1e892537f7d9" testListId="8c84fa94-04c1-424b-9868-57a2d4851a1d" />
    <TestEntry testId="5f47c21d-eb6b-8972-42b3-349701e80bfd" executionId="0977942b-0aef-466a-af73-af4f957b0f19" testListId="8c84fa94-04c1-424b-9868-57a2d4851a1d" />
    <TestEntry testId="7f8bbaf1-206b-a0aa-eea7-dbbbfa082a2a" executionId="6a99a40b-71bb-46c5-914a-2feb5a9b600f" testListId="8c84fa94-04c1-424b-9868-57a2d4851a1d" />
    <TestEntry testId="e4e07f2b-adba-7b75-6902-9e3a9d332cfe" executionId="5b853e22-607e-4a65-8161-b2f209c77e30" testListId="8c84fa94-04c1-424b-9868-57a2d4851a1d" />
    <TestEntry testId="5a6033d0-8674-1383-5d73-0621497569cb" executionId="cb97ae7d-e2fd-4a6a-ad69-751f3e900243" testListId="8c84fa94-04c1-424b-9868-57a2d4851a1d" />
    <TestEntry testId="392352ae-d647-e68a-124a-33d5232e7f11" executionId="b9c0bee0-7253-47bd-8fb8-52c03101d3c1" testListId="8c84fa94-04c1-424b-9868-57a2d4851a1d" />
    <TestEntry testId="add90257-7bfd-08af-414a-c1fd006f1b8f" executionId="e01599e3-06a4-4e2d-aa72-6edc9cfce05d" testListId="8c84fa94-04c1-424b-9868-57a2d4851a1d" />
    <TestEntry testId="1d3f650d-9d95-7992-7547-1b0a5cf1f2ec" executionId="ca17d930-c2bf-4703-951d-00907df7f59f" testListId="8c84fa94-04c1-424b-9868-57a2d4851a1d" />
    <TestEntry testId="146594a1-db48-d7ad-577b-cf76cd9c279b" executionId="1255b8f3-b94d-4303-8a25-1fa6152488fe" testListId="8c84fa94-04c1-424b-9868-57a2d4851a1d" />
    <TestEntry testId="1ffa1bf6-fb8e-b8ef-fe84-530e8f551d9d" executionId="30136f00-8161-4cde-ade1-9eef2f181085" testListId="8c84fa94-04c1-424b-9868-57a2d4851a1d" />
    <TestEntry testId="b739f5d0-5237-1a79-e681-644aeb76938a" executionId="54d60f99-c8e9-484b-8573-1de7a1813bfc" testListId="8c84fa94-04c1-424b-9868-57a2d4851a1d" />
    <TestEntry testId="76e6ff63-d7eb-f665-d9fe-8f8739285ff9" executionId="a42630e2-522e-443c-a9d9-595383202a21" testListId="8c84fa94-04c1-424b-9868-57a2d4851a1d" />
    <TestEntry testId="308f63bb-ffab-d024-ffbf-d3fa54a43504" executionId="c328eb98-ee99-4676-8ad6-e93ec969f0ae" testListId="8c84fa94-04c1-424b-9868-57a2d4851a1d" />
    <TestEntry testId="2d7b55ce-f568-7dde-659b-5f6dd5c4e10b" executionId="2977ddca-dbda-4173-beb7-99ce152b55fd" testListId="8c84fa94-04c1-424b-9868-57a2d4851a1d" />
    <TestEntry testId="4686721b-2da0-2073-d103-e6130d171947" executionId="8737c62d-5f16-4085-8658-8483d9bd85a3" testListId="8c84fa94-04c1-424b-9868-57a2d4851a1d" />
    <TestEntry testId="bc715522-4e2d-31ab-3b59-559f11d2404a" executionId="54382daa-dbd6-4b13-b180-01e69df278f2" testListId="8c84fa94-04c1-424b-9868-57a2d4851a1d" />
    <TestEntry testId="868fab3c-659e-4c15-a10e-0b6912bfed13" executionId="43fef79a-1da1-47e8-8d16-593eab9d68c2" testListId="8c84fa94-04c1-424b-9868-57a2d4851a1d" />
    <TestEntry testId="5676d068-f210-9f05-bcb4-4154c077d90e" executionId="371d4abe-743e-4b9d-80cb-b1429a56b310" testListId="8c84fa94-04c1-424b-9868-57a2d4851a1d" />
    <TestEntry testId="0a92ab9e-a0ef-5666-6bfc-bca43af1a11e" executionId="75c70419-57b8-4b65-b5cf-27976c06de63" testListId="8c84fa94-04c1-424b-9868-57a2d4851a1d" />
    <TestEntry testId="7c94d89e-414e-9b49-035f-2b0ee891b6a0" executionId="44690ba9-2a8e-483e-a155-e6357671561a" testListId="8c84fa94-04c1-424b-9868-57a2d4851a1d" />
    <TestEntry testId="9c3bf906-36ef-3f5d-6689-5fb9e3aa8d47" executionId="9062d69e-0506-488d-b00c-f0ef660398cc" testListId="8c84fa94-04c1-424b-9868-57a2d4851a1d" />
    <TestEntry testId="4d8c83aa-a156-12a2-4c8a-ba95a8a26318" executionId="e288b5fd-4500-4b07-b2e4-c345a7dcfdeb" testListId="8c84fa94-04c1-424b-9868-57a2d4851a1d" />
    <TestEntry testId="d1c5438f-f6a6-ca91-e27b-7a97a7b2a283" executionId="f24e5e8c-0b9b-4e62-a301-d3ef274f7677" testListId="8c84fa94-04c1-424b-9868-57a2d4851a1d" />
    <TestEntry testId="b147c839-1adf-f8ae-0b25-dc9dcffe119b" executionId="15be5991-5132-41bc-805c-8d832127d2e3" testListId="8c84fa94-04c1-424b-9868-57a2d4851a1d" />
    <TestEntry testId="0a3a807f-9f6a-c6f8-8c9e-dc79768e8cd7" executionId="eaa0de9c-e12c-45ac-b093-9f099aea3b0c" testListId="8c84fa94-04c1-424b-9868-57a2d4851a1d" />
    <TestEntry testId="005c4048-bbfa-5fd2-6e76-51731c50383b" executionId="2208a2bb-4f3c-4ff7-b318-8e13041b5ecd" testListId="8c84fa94-04c1-424b-9868-57a2d4851a1d" />
    <TestEntry testId="d2a69b62-2638-ec8f-cc97-92c357c5901e" executionId="0187b5ce-8008-4290-b1f1-7812be25ff9d" testListId="8c84fa94-04c1-424b-9868-57a2d4851a1d" />
    <TestEntry testId="0b0cafcd-36ec-b9e7-a6b1-cc34c82fd875" executionId="dd0b0303-eefe-450d-be6e-4a33d9e7cfeb" testListId="8c84fa94-04c1-424b-9868-57a2d4851a1d" />
    <TestEntry testId="fe6933ba-92e5-ddd8-81b2-ddec0ef429cb" executionId="229b797c-1d06-4598-9082-576285af72ea" testListId="8c84fa94-04c1-424b-9868-57a2d4851a1d" />
    <TestEntry testId="f5086738-fff1-9285-cf60-e3b17196cf32" executionId="d95c2be1-7c3f-472f-bc50-4e30a8b10184" testListId="8c84fa94-04c1-424b-9868-57a2d4851a1d" />
    <TestEntry testId="023f7f43-765e-9b8d-a4fb-66ae949e5c24" executionId="d6a25ded-b414-438d-bdca-3c73366da461" testListId="8c84fa94-04c1-424b-9868-57a2d4851a1d" />
    <TestEntry testId="ec6e182c-c60a-0650-a430-7ebc2fa1ec79" executionId="eafdf464-3a82-4c46-b2f3-d5175391d968" testListId="8c84fa94-04c1-424b-9868-57a2d4851a1d" />
    <TestEntry testId="687e8953-7e5d-f508-b1c0-23de14611310" executionId="9d111088-995d-47b4-8730-15d1d8f0f0a3" testListId="8c84fa94-04c1-424b-9868-57a2d4851a1d" />
    <TestEntry testId="1740de10-354e-b6a5-4be9-5a10b5a730b3" executionId="bf767f4c-0ef9-4c19-931a-79515d721601" testListId="8c84fa94-04c1-424b-9868-57a2d4851a1d" />
    <TestEntry testId="01189ec3-4c33-3643-ad1a-50e739d11dfb" executionId="95d76b15-c0f3-4380-90f2-e0c0615fae8b" testListId="8c84fa94-04c1-424b-9868-57a2d4851a1d" />
    <TestEntry testId="ecf74651-4fc2-6bc3-0181-d2278e0bfbfa" executionId="663e7300-0bf8-48af-9197-a4ae4c8c792c" testListId="8c84fa94-04c1-424b-9868-57a2d4851a1d" />
    <TestEntry testId="1e4e191e-63c7-1f37-201c-8fde2757768d" executionId="e7ab7375-c3a9-41db-8ecc-e5baa3ff8a58" testListId="8c84fa94-04c1-424b-9868-57a2d4851a1d" />
    <TestEntry testId="58908065-853e-c4d9-3613-bc3198b1cc08" executionId="0a955575-24c1-4307-8494-139d81737b66" testListId="8c84fa94-04c1-424b-9868-57a2d4851a1d" />
    <TestEntry testId="d63150eb-a494-247f-04af-e8e69519f739" executionId="47f46976-57f3-4943-bb7e-3281c75a7b48" testListId="8c84fa94-04c1-424b-9868-57a2d4851a1d" />
    <TestEntry testId="3bd4e091-3cac-addc-1c5e-6f943e11b33f" executionId="fca23146-68a7-4aab-8a80-bacc15379da6" testListId="8c84fa94-04c1-424b-9868-57a2d4851a1d" />
    <TestEntry testId="9cb1dd9b-9567-7d27-369e-add42bb14fb4" executionId="7153fd8e-f38e-4ef1-b16c-df5655311a4e" testListId="8c84fa94-04c1-424b-9868-57a2d4851a1d" />
    <TestEntry testId="1d1959e4-073b-7c9d-77de-ed348a6f7141" executionId="bb6ac0fa-16e9-4425-b087-8a806512714a" testListId="8c84fa94-04c1-424b-9868-57a2d4851a1d" />
    <TestEntry testId="4eb529fd-da3e-df70-1180-0619ee67e3c6" executionId="3ef33e5d-ed89-48e7-95bf-149b486017e1" testListId="8c84fa94-04c1-424b-9868-57a2d4851a1d" />
    <TestEntry testId="5eeda859-d31c-69f8-fe90-55abee0d8512" executionId="bbaf495b-6237-47a9-abf8-214bd03caf04" testListId="8c84fa94-04c1-424b-9868-57a2d4851a1d" />
    <TestEntry testId="da270ab7-6882-db63-f3a0-844c8b4562db" executionId="82208fe0-bbeb-42e8-ac72-b890c722b60c" testListId="8c84fa94-04c1-424b-9868-57a2d4851a1d" />
    <TestEntry testId="0b769e09-4f15-c038-2979-f712635df491" executionId="b56786bd-4a14-426f-b280-f301da6b9d43" testListId="8c84fa94-04c1-424b-9868-57a2d4851a1d" />
    <TestEntry testId="86d87531-58b0-c805-e0a3-bb2bb5312580" executionId="4bd72537-08af-477c-9f9a-d7b5430197bf" testListId="8c84fa94-04c1-424b-9868-57a2d4851a1d" />
    <TestEntry testId="31c80297-0b11-c824-d2b2-d7f2c10e7839" executionId="47f1f347-e64c-4614-a721-99fa8ba99571" testListId="8c84fa94-04c1-424b-9868-57a2d4851a1d" />
    <TestEntry testId="45a1237f-8398-1e96-4a23-b6a235238101" executionId="57856fff-376a-4243-a500-b4dde69119b1" testListId="8c84fa94-04c1-424b-9868-57a2d4851a1d" />
    <TestEntry testId="42175a1a-5ae8-6563-c4c4-676e585caed0" executionId="892541e8-485a-4c7b-aa46-541c45c023e2" testListId="8c84fa94-04c1-424b-9868-57a2d4851a1d" />
    <TestEntry testId="231eb201-5943-be12-8406-5e91b55ea0f9" executionId="0c3b094b-88df-47d5-8419-e4032a26f96a" testListId="8c84fa94-04c1-424b-9868-57a2d4851a1d" />
    <TestEntry testId="33ade990-1ccf-b0cf-8ab5-e10e49ad4630" executionId="a6edccf4-c782-4bc0-b289-58a997d7821a" testListId="8c84fa94-04c1-424b-9868-57a2d4851a1d" />
    <TestEntry testId="87ac7461-0d28-cf5d-7698-d8b535ebe6b4" executionId="5c447f2f-cd2b-402a-a802-687b71cf2c2e" testListId="8c84fa94-04c1-424b-9868-57a2d4851a1d" />
    <TestEntry testId="b6380494-d08e-3475-91a8-7a07dd918969" executionId="96992fde-be6d-4b71-90a8-6d5e21a65cc1" testListId="8c84fa94-04c1-424b-9868-57a2d4851a1d" />
    <TestEntry testId="f06647ee-695a-1441-d113-3b9b8eb3748f" executionId="c31311a4-df02-4f33-88bd-32522e673bfb" testListId="8c84fa94-04c1-424b-9868-57a2d4851a1d" />
    <TestEntry testId="222dc4eb-8a5f-bb70-a6c0-96da1bd8a35a" executionId="1202957e-fb8c-49b9-a68a-7dd6f6b75e74" testListId="8c84fa94-04c1-424b-9868-57a2d4851a1d" />
    <TestEntry testId="e56c92d2-c559-22db-a2e2-d0987b0def17" executionId="4b5df2c4-819f-4ba4-8895-92642f4ae7f5" testListId="8c84fa94-04c1-424b-9868-57a2d4851a1d" />
    <TestEntry testId="2bfbf382-2acb-7849-d6f4-575f5e2be481" executionId="694bd223-75ee-492a-8a86-e098976d5f22" testListId="8c84fa94-04c1-424b-9868-57a2d4851a1d" />
    <TestEntry testId="f5d12e44-e40c-727a-8c4d-b5134fb3b55a" executionId="80f39413-d6ee-4501-9f19-6808ab1ad229" testListId="8c84fa94-04c1-424b-9868-57a2d4851a1d" />
    <TestEntry testId="e251df90-29be-3bce-586f-107c221e43b7" executionId="5ed63a03-d808-48a5-9184-49565f2c9b0f" testListId="8c84fa94-04c1-424b-9868-57a2d4851a1d" />
    <TestEntry testId="2308f95d-e716-8457-e2f9-557865d40f5f" executionId="08f1d1ec-3f2b-40c9-99ff-aaab618bff33" testListId="8c84fa94-04c1-424b-9868-57a2d4851a1d" />
    <TestEntry testId="ff808f59-9b62-0858-3fa7-188c69f886d5" executionId="752cd40a-3a85-4e70-83ce-7b3889eaaa0f" testListId="8c84fa94-04c1-424b-9868-57a2d4851a1d" />
    <TestEntry testId="262c3c73-7b65-0063-be55-7b0feb97027d" executionId="df63411d-9ea3-49a3-b9d5-98d3a426c5ff" testListId="8c84fa94-04c1-424b-9868-57a2d4851a1d" />
    <TestEntry testId="15a5142a-4ca9-8496-a1cc-4a1caca4c970" executionId="27908c10-d633-4dbc-bd30-dd7adbaef1e6" testListId="8c84fa94-04c1-424b-9868-57a2d4851a1d" />
    <TestEntry testId="1677c45e-088d-ae58-08dc-ccdb32d9ca65" executionId="17108ffb-e8c2-42b3-8fa7-1c7c2239f22d" testListId="8c84fa94-04c1-424b-9868-57a2d4851a1d" />
    <TestEntry testId="3c77e52b-5dd8-dbae-4bf5-a2756b09e775" executionId="aa1b093e-4d14-4cbc-ad94-760f20d9f307" testListId="8c84fa94-04c1-424b-9868-57a2d4851a1d" />
    <TestEntry testId="c8844d95-6b3e-d2a5-0238-e17eb53985e3" executionId="d5329498-b1fe-426d-94c9-21d30278cd1e" testListId="8c84fa94-04c1-424b-9868-57a2d4851a1d" />
    <TestEntry testId="fd290f76-7b88-41f1-16eb-aef97d9a9bcf" executionId="73d1dacb-558a-40f7-925d-dee579bb7910" testListId="8c84fa94-04c1-424b-9868-57a2d4851a1d" />
    <TestEntry testId="333f18ad-13f9-9950-7477-8cd437bf4957" executionId="f1b6de30-80d7-44dd-b54e-2d1cf6360c28" testListId="8c84fa94-04c1-424b-9868-57a2d4851a1d" />
    <TestEntry testId="ad962b0e-987d-63ea-d90a-c4db7582df00" executionId="496534e6-361b-4c40-a7fb-5de787b5c340" testListId="8c84fa94-04c1-424b-9868-57a2d4851a1d" />
    <TestEntry testId="c201cfe9-d7ef-1767-28d0-57fcb8de2460" executionId="1e9bffd1-b1b7-42be-8160-26fd322961b2" testListId="8c84fa94-04c1-424b-9868-57a2d4851a1d" />
    <TestEntry testId="935f282f-5819-0cbb-3d88-60d0430c3f25" executionId="50e1bcbf-7100-456d-9ebf-d05fe9e1c7c9" testListId="8c84fa94-04c1-424b-9868-57a2d4851a1d" />
    <TestEntry testId="7b925fbb-7ac1-1fe4-4372-38c14ecc5242" executionId="1ff45fc7-67f1-48ba-bbb4-f260ccc3a53c" testListId="8c84fa94-04c1-424b-9868-57a2d4851a1d" />
    <TestEntry testId="3d5f10ab-1224-9509-ef72-ffed425cc301" executionId="94c9fd37-5a1f-4580-9c54-f40cb749d254" testListId="8c84fa94-04c1-424b-9868-57a2d4851a1d" />
    <TestEntry testId="cc181f70-75e6-81da-b99e-3e2374e3ba03" executionId="ed79c895-7c95-4052-a971-2ff7d430e039" testListId="8c84fa94-04c1-424b-9868-57a2d4851a1d" />
    <TestEntry testId="39e900e7-994b-131a-bce2-a45a9207a809" executionId="69bfda46-1bf6-466c-b1d5-3eb20e39d48b" testListId="8c84fa94-04c1-424b-9868-57a2d4851a1d" />
    <TestEntry testId="43f214ef-30cf-ba92-5a64-f56ecf6591a8" executionId="592ef2fe-4819-4d41-9ed7-8f348a7c41f3" testListId="8c84fa94-04c1-424b-9868-57a2d4851a1d" />
    <TestEntry testId="9603f266-e6e4-b592-6c00-2621c8820864" executionId="5066d409-77ae-4460-abf6-58469c753ad8" testListId="8c84fa94-04c1-424b-9868-57a2d4851a1d" />
    <TestEntry testId="3f6286d5-3f69-a507-072d-04f3b3c184c5" executionId="b0cba0b5-ca0a-41b4-9d15-5636bb36eccd" testListId="8c84fa94-04c1-424b-9868-57a2d4851a1d" />
    <TestEntry testId="4f7d823c-5866-aa3b-4a40-ca5bc159ad3e" executionId="4dd62b0e-e3e3-4177-91b6-93c1061ba019" testListId="8c84fa94-04c1-424b-9868-57a2d4851a1d" />
    <TestEntry testId="65da1668-3a91-f115-848c-a9bc5ab5e95f" executionId="89f31b62-7cee-44f9-8b23-dff70cce9ff7" testListId="8c84fa94-04c1-424b-9868-57a2d4851a1d" />
    <TestEntry testId="1bdc0970-713b-d043-8222-8dccac91ab64" executionId="a430d23e-1243-4b54-8fe3-16d7caf939ba" testListId="8c84fa94-04c1-424b-9868-57a2d4851a1d" />
    <TestEntry testId="c1dba330-ca0d-dce5-8eda-7974894f22ca" executionId="8bae5978-458a-4c69-a285-6e6d853f1567" testListId="8c84fa94-04c1-424b-9868-57a2d4851a1d" />
    <TestEntry testId="16af9e4d-1460-4181-5a4a-fd51a2b844f5" executionId="81e5a3b9-9b12-4303-8333-a40973d43c89" testListId="8c84fa94-04c1-424b-9868-57a2d4851a1d" />
    <TestEntry testId="ae4a8750-d669-3823-272f-96fc0e4fc346" executionId="c9db9aaf-0745-4d78-9b41-1a673c9e238f" testListId="8c84fa94-04c1-424b-9868-57a2d4851a1d" />
    <TestEntry testId="774975d0-338f-cf44-fe77-bf25f6734c5b" executionId="56fae186-0fa0-449a-a78c-a86ecef6ac14" testListId="8c84fa94-04c1-424b-9868-57a2d4851a1d" />
    <TestEntry testId="ea0e0dc8-9c54-bf6a-2be9-fcc231898886" executionId="af2d3e8c-ea4c-4455-92c7-4758ce298eae" testListId="8c84fa94-04c1-424b-9868-57a2d4851a1d" />
    <TestEntry testId="cb13d9c3-56f2-276b-f315-14e9213934da" executionId="8b4b94eb-5919-45a7-a246-d33d7a2e31a7" testListId="8c84fa94-04c1-424b-9868-57a2d4851a1d" />
    <TestEntry testId="b2a17b73-a63e-3be2-eee7-c00c2b4d0e01" executionId="1df62642-6766-4240-892a-5c0ad1a5c37d" testListId="8c84fa94-04c1-424b-9868-57a2d4851a1d" />
    <TestEntry testId="39259e78-217a-ffb2-6d1b-008e44172920" executionId="39caa9d2-60f2-405c-9db0-9f9df4b2d737" testListId="8c84fa94-04c1-424b-9868-57a2d4851a1d" />
    <TestEntry testId="275ba7bf-a42d-bd91-1c80-5f751e891033" executionId="ceb09e8b-9618-4620-9c02-61d0dce07cd9" testListId="8c84fa94-04c1-424b-9868-57a2d4851a1d" />
    <TestEntry testId="585441ab-f7bf-ef9a-ea65-e7624bf9208f" executionId="60881fdf-f01b-4e3b-ab10-4f5e27271d04" testListId="8c84fa94-04c1-424b-9868-57a2d4851a1d" />
    <TestEntry testId="a9e125d3-70c7-168e-1c81-0d36cf4ad5a1" executionId="181f1352-64f7-422a-9ca1-8afe2c674ab9" testListId="8c84fa94-04c1-424b-9868-57a2d4851a1d" />
    <TestEntry testId="107e0daf-d21c-596c-9a4b-7e99c0ba5816" executionId="6d7efa63-8560-41a7-9b3d-02f5137c9096" testListId="8c84fa94-04c1-424b-9868-57a2d4851a1d" />
    <TestEntry testId="3a8ca70f-603d-9529-0058-2e57757ce284" executionId="992c7e44-4f3f-4c70-b34b-c65d8e41171f" testListId="8c84fa94-04c1-424b-9868-57a2d4851a1d" />
    <TestEntry testId="2339c643-1a37-d25a-2a23-49039f375c2c" executionId="e116efa4-4079-4d06-a37e-125576e1716b" testListId="8c84fa94-04c1-424b-9868-57a2d4851a1d" />
    <TestEntry testId="1f1cc29a-ffbb-09ec-fd2b-edba3215943f" executionId="6b8c4d8e-78df-42c7-9e5e-62e317136cb0" testListId="8c84fa94-04c1-424b-9868-57a2d4851a1d" />
    <TestEntry testId="f54c02f6-10d6-820a-6be3-9cf15ec86940" executionId="c2cb9ed3-6788-4d07-a9af-75b038c8651b" testListId="8c84fa94-04c1-424b-9868-57a2d4851a1d" />
    <TestEntry testId="9cad257c-1706-051d-28c1-76f19f896117" executionId="cc927c44-942d-4faf-9019-1179245e67e6" testListId="8c84fa94-04c1-424b-9868-57a2d4851a1d" />
    <TestEntry testId="cc3f336d-6569-1e3c-5ccf-be760a4417ce" executionId="bb61ced5-fe45-4513-ac27-205759d6543f" testListId="8c84fa94-04c1-424b-9868-57a2d4851a1d" />
    <TestEntry testId="61459c18-d69a-002e-99fd-4c0194ecc49d" executionId="cb57675c-dde6-40b4-a25c-de1a9101370e" testListId="8c84fa94-04c1-424b-9868-57a2d4851a1d" />
    <TestEntry testId="43549381-b46a-2b58-13a9-b35484e42c71" executionId="f9f94482-2478-4dcb-b5b4-0a4976ae35a6" testListId="8c84fa94-04c1-424b-9868-57a2d4851a1d" />
    <TestEntry testId="014a068d-cf03-ed2b-0a73-be788526e910" executionId="49b1e879-6d01-40f0-94f8-60dbf21ea2a0" testListId="8c84fa94-04c1-424b-9868-57a2d4851a1d" />
    <TestEntry testId="e69a267a-e07a-22bf-4915-eae5a252f8b8" executionId="e88deb5d-4639-4b54-8eb1-7708b416e34c" testListId="8c84fa94-04c1-424b-9868-57a2d4851a1d" />
    <TestEntry testId="d30c0506-60c3-3624-baf0-3cabb1483786" executionId="5755fa2e-33df-436d-8245-a38c2ddd4930" testListId="8c84fa94-04c1-424b-9868-57a2d4851a1d" />
    <TestEntry testId="d2780117-34b2-66e8-9cc3-23cf0c600a02" executionId="4b7074e8-e9ac-450e-b0b9-af5853456677" testListId="8c84fa94-04c1-424b-9868-57a2d4851a1d" />
    <TestEntry testId="868cf503-fe08-eed0-d324-72014e5624ab" executionId="2366b939-634c-44bf-a457-b02f23100c59" testListId="8c84fa94-04c1-424b-9868-57a2d4851a1d" />
    <TestEntry testId="9504291e-b74b-48e8-7789-94b6a1151b40" executionId="98b0c8bd-b049-4f81-9398-c0168ce2adff" testListId="8c84fa94-04c1-424b-9868-57a2d4851a1d" />
    <TestEntry testId="e10db072-c885-f638-cbd6-f0cb1d9146d0" executionId="ac58e941-1a24-42db-8e76-15dddd3423cd" testListId="8c84fa94-04c1-424b-9868-57a2d4851a1d" />
    <TestEntry testId="f08cfdea-d0f9-0ea6-0706-b620f15a9fb4" executionId="6870333d-84f1-432e-b747-ec6ef6f83283" testListId="8c84fa94-04c1-424b-9868-57a2d4851a1d" />
    <TestEntry testId="f3ca05e5-dc9b-e250-df0d-7261ad9afb62" executionId="bcee3e75-cbd1-4253-a75e-76d1d66b99db" testListId="8c84fa94-04c1-424b-9868-57a2d4851a1d" />
    <TestEntry testId="4c802ea5-aa1d-d28e-7473-4c1c59889246" executionId="dd815468-e731-4e47-be8f-d04d91b822b3" testListId="8c84fa94-04c1-424b-9868-57a2d4851a1d" />
    <TestEntry testId="2c838da2-a06b-ca63-745f-8e2c255d876f" executionId="c27450d6-6da4-44cd-81ce-265ef2b6ddfd" testListId="8c84fa94-04c1-424b-9868-57a2d4851a1d" />
    <TestEntry testId="23408848-110d-2bfe-6354-e8de8927ac23" executionId="0e318fa1-4f9e-4e0e-a719-5b55736cc4c5" testListId="8c84fa94-04c1-424b-9868-57a2d4851a1d" />
    <TestEntry testId="47b928b9-6c48-7599-b49a-10b524a65d0b" executionId="dd6af944-8f95-4331-a344-98c0390b6833" testListId="8c84fa94-04c1-424b-9868-57a2d4851a1d" />
    <TestEntry testId="6936f6b7-d541-8d1e-5703-e65b31721380" executionId="a39682e5-a8e5-4105-bf48-ed3fd7eef8c9" testListId="8c84fa94-04c1-424b-9868-57a2d4851a1d" />
    <TestEntry testId="1ebb5fbd-ca68-d89b-7ac9-6244b9608733" executionId="be7a4680-c008-45af-84fa-81b157a93bb2" testListId="8c84fa94-04c1-424b-9868-57a2d4851a1d" />
    <TestEntry testId="11c28579-30cf-d22c-ee3d-3776ee719321" executionId="a2aa19a8-d417-42bc-9102-a6ba17b617a3" testListId="8c84fa94-04c1-424b-9868-57a2d4851a1d" />
    <TestEntry testId="ebd03c2f-6c76-bcbc-d996-078d887dfa19" executionId="f6970a95-81c6-455c-813a-0b02ac069ab6" testListId="8c84fa94-04c1-424b-9868-57a2d4851a1d" />
    <TestEntry testId="060819f6-d016-be0e-b7e9-55d7faa9ba45" executionId="1e3ed1c7-6376-40ed-b7fe-01c7c90d3728" testListId="8c84fa94-04c1-424b-9868-57a2d4851a1d" />
    <TestEntry testId="59316a3f-9716-d88f-df45-82d266fba22e" executionId="da4e8d77-b29c-4b69-aeb6-4a3f40282f32" testListId="8c84fa94-04c1-424b-9868-57a2d4851a1d" />
    <TestEntry testId="82f28324-964a-7ebe-3fa1-b6d48ed97144" executionId="d8838c31-4dc6-4435-9ca7-ecd2dbd678c5" testListId="8c84fa94-04c1-424b-9868-57a2d4851a1d" />
    <TestEntry testId="f278ce31-b96d-473d-9186-28e37d813604" executionId="2dd5e1fd-cba7-471c-a91a-044c66a71cc1" testListId="8c84fa94-04c1-424b-9868-57a2d4851a1d" />
    <TestEntry testId="1b922494-8fe6-7989-fdba-e8485055ed6f" executionId="8d52569a-d932-4da5-908c-9d96a53e4c8e" testListId="8c84fa94-04c1-424b-9868-57a2d4851a1d" />
    <TestEntry testId="ad2a533e-345f-feb2-e7cb-50434e04ad99" executionId="73dbf26f-317e-4ea3-8030-5c89af6e39d1" testListId="8c84fa94-04c1-424b-9868-57a2d4851a1d" />
    <TestEntry testId="786f976f-79dc-fb5a-d9d5-d8983ae14820" executionId="5f9f4dd0-557d-4ca0-94db-dcca27edccf8" testListId="8c84fa94-04c1-424b-9868-57a2d4851a1d" />
    <TestEntry testId="f3d705dd-7bc5-3c67-615c-4a5792f645ee" executionId="25af56b9-10b8-4e5c-a568-46a2e861dab5" testListId="8c84fa94-04c1-424b-9868-57a2d4851a1d" />
    <TestEntry testId="c2b3a374-d9ca-fe1a-d2bb-dddc9de79775" executionId="e6ff773c-7ec6-40ae-94cf-12211a7b9b1e" testListId="8c84fa94-04c1-424b-9868-57a2d4851a1d" />
    <TestEntry testId="61ac148b-77c6-a946-fca0-45c9e49f9516" executionId="69bd8e0b-856b-46c2-87f1-1f48a32cc9b9" testListId="8c84fa94-04c1-424b-9868-57a2d4851a1d" />
    <TestEntry testId="e8468c0c-a545-5d16-c11f-86ec8e232404" executionId="481c22c6-1986-4284-9707-93f026de73e5" testListId="8c84fa94-04c1-424b-9868-57a2d4851a1d" />
    <TestEntry testId="bffd3eb0-f441-4434-c761-838539b2758c" executionId="e6582841-7018-4ac2-9a4e-0b99daf17270" testListId="8c84fa94-04c1-424b-9868-57a2d4851a1d" />
    <TestEntry testId="7c3f6d8f-7cfa-87ef-b069-2f2a330ed08a" executionId="f106acb3-f660-4468-a9ac-a5c06a77729e" testListId="8c84fa94-04c1-424b-9868-57a2d4851a1d" />
    <TestEntry testId="7ebb6f6a-7f5e-646a-c7ce-f4daa5d5c8da" executionId="6cf74add-9b52-47d4-a7d4-2e3f1a0f2d41" testListId="8c84fa94-04c1-424b-9868-57a2d4851a1d" />
    <TestEntry testId="61262ea9-2fff-4876-558f-09adf2a65523" executionId="74848063-2d80-4381-849e-4a6fd588f934" testListId="8c84fa94-04c1-424b-9868-57a2d4851a1d" />
    <TestEntry testId="54ffe172-8cbc-abe9-397c-f61d23185047" executionId="14807696-17ea-4fcc-8e1b-3e9266cd59d8" testListId="8c84fa94-04c1-424b-9868-57a2d4851a1d" />
    <TestEntry testId="54151fed-fc55-77df-b7af-e1e01590fd93" executionId="70d1841a-cf58-461d-9aab-d950bf96059a" testListId="8c84fa94-04c1-424b-9868-57a2d4851a1d" />
    <TestEntry testId="04126902-9508-0ab4-a88b-c6cc8b546986" executionId="a1374d1e-425c-4fe8-a3dd-4a76b0227dc1" testListId="8c84fa94-04c1-424b-9868-57a2d4851a1d" />
    <TestEntry testId="dfc15ed8-7724-9a59-ed0c-37d1b022994b" executionId="64f22c5d-9fb4-44e5-a8d2-80737eb7fa4d" testListId="8c84fa94-04c1-424b-9868-57a2d4851a1d" />
    <TestEntry testId="d6559df8-87d0-bb20-8032-f0a4e10719d7" executionId="c0097224-ac78-40f1-8de6-09ed405e8397" testListId="8c84fa94-04c1-424b-9868-57a2d4851a1d" />
    <TestEntry testId="a298570a-a341-d8e8-abe3-7f25184c2524" executionId="dc8aa1cc-6796-4123-9580-16c297502615" testListId="8c84fa94-04c1-424b-9868-57a2d4851a1d" />
    <TestEntry testId="65d04660-c78c-f9e9-ce4c-0226775bf0c4" executionId="9084888a-e380-4156-b143-e4b571dd88e2" testListId="8c84fa94-04c1-424b-9868-57a2d4851a1d" />
    <TestEntry testId="81e8c1a0-4900-8a66-1f87-0c131327f5b5" executionId="ad88e60d-f385-4de2-9f35-be9db5f32c00" testListId="8c84fa94-04c1-424b-9868-57a2d4851a1d" />
    <TestEntry testId="fb65aff9-84a8-5b2a-92bd-f76bc29d120f" executionId="5ea0b58e-b383-4344-8438-62f880a9b674" testListId="8c84fa94-04c1-424b-9868-57a2d4851a1d" />
    <TestEntry testId="ad39a2a8-a877-88dd-b965-d88ff03cb3d9" executionId="18957656-f75f-459d-9c23-4073ff78f8bf" testListId="8c84fa94-04c1-424b-9868-57a2d4851a1d" />
    <TestEntry testId="37b49210-15f4-b4b5-dcb1-b6b4bc4cb5a0" executionId="e2c29a99-bdf0-4df9-af75-c61cee7c6474" testListId="8c84fa94-04c1-424b-9868-57a2d4851a1d" />
    <TestEntry testId="dc042fe4-506a-6277-bf5c-9f1d13854fc7" executionId="1a0b4255-6d7d-4f83-907f-2e2d07b91dab" testListId="8c84fa94-04c1-424b-9868-57a2d4851a1d" />
    <TestEntry testId="a1e9cff9-0f40-6b4c-39ab-33d20cd8c823" executionId="571ea6c0-94d4-43ac-bce4-7b913efbd0c9" testListId="8c84fa94-04c1-424b-9868-57a2d4851a1d" />
    <TestEntry testId="1a23ceed-6bf2-7030-b18a-91b782df52d2" executionId="4a58f984-cbd1-4f5b-8a8b-ae5689222b4c" testListId="8c84fa94-04c1-424b-9868-57a2d4851a1d" />
    <TestEntry testId="a9cb9252-3d98-79fe-629f-64e8ef1da14d" executionId="4de68055-9d38-4a17-8c09-f73431c9360c" testListId="8c84fa94-04c1-424b-9868-57a2d4851a1d" />
    <TestEntry testId="0e7ca7c3-2900-8d7a-24b0-844e128831dd" executionId="2980f4ac-c38f-43d3-9659-064b15ae3650" testListId="8c84fa94-04c1-424b-9868-57a2d4851a1d" />
    <TestEntry testId="c17413ea-faf7-b84c-6a91-46a90eb83f24" executionId="f1195294-0e76-422b-bedd-aa9fbd67f7db" testListId="8c84fa94-04c1-424b-9868-57a2d4851a1d" />
    <TestEntry testId="ba44ddc9-34e5-6996-f0e1-93c6786eed78" executionId="d1c50188-13e4-4b27-aa5c-2b2f2f22a0de" testListId="8c84fa94-04c1-424b-9868-57a2d4851a1d" />
    <TestEntry testId="d289ff8a-f589-cd43-96ee-801082b894b3" executionId="03d6f505-2ac1-433a-97c1-961456c570b8" testListId="8c84fa94-04c1-424b-9868-57a2d4851a1d" />
    <TestEntry testId="88e95bf1-e2f8-873d-5b44-49c57ad713ac" executionId="6293a6b2-3bc6-429c-99c6-167c390f0495" testListId="8c84fa94-04c1-424b-9868-57a2d4851a1d" />
    <TestEntry testId="c2905a1d-1252-686a-78d7-5b30c85db72f" executionId="2a4b12b6-7e87-4506-87e1-00a6f7b72fe9" testListId="8c84fa94-04c1-424b-9868-57a2d4851a1d" />
    <TestEntry testId="f020995b-abe3-d649-6f42-54b2532be4d9" executionId="5deb7672-9667-4440-b250-3e7599431a19" testListId="8c84fa94-04c1-424b-9868-57a2d4851a1d" />
    <TestEntry testId="ba884d95-61a4-037b-ab6f-8704dd43240a" executionId="afc471e0-df99-4dd8-8790-706b75fd3d74" testListId="8c84fa94-04c1-424b-9868-57a2d4851a1d" />
    <TestEntry testId="2106ce31-ab6d-dc05-4702-f8a1d8cb40da" executionId="33bdeea8-2938-46f9-b412-c2b85cdda206" testListId="8c84fa94-04c1-424b-9868-57a2d4851a1d" />
    <TestEntry testId="e22757cf-80d8-f279-1c8a-feb5a05eb919" executionId="d92a404d-23fe-4973-8f50-55332ce22cd5" testListId="8c84fa94-04c1-424b-9868-57a2d4851a1d" />
    <TestEntry testId="a44eceec-75ff-6298-f73e-523db73cd6d3" executionId="cdd0c3a8-850f-43ef-bac3-cdecad2bf52d" testListId="8c84fa94-04c1-424b-9868-57a2d4851a1d" />
    <TestEntry testId="fa8bb00a-1c98-6705-265a-18f2594a72d7" executionId="837cb05d-1903-4e96-a25f-b19129bc84c3" testListId="8c84fa94-04c1-424b-9868-57a2d4851a1d" />
    <TestEntry testId="bef51588-d886-f6e3-fdda-95da2278aacb" executionId="d9ab6641-8ef6-4347-bead-25cdc7dbe289" testListId="8c84fa94-04c1-424b-9868-57a2d4851a1d" />
    <TestEntry testId="1f241370-4898-8010-2b1d-0961333a2be9" executionId="fe70b937-1f57-429f-a9ca-03cc61bbb17e" testListId="8c84fa94-04c1-424b-9868-57a2d4851a1d" />
    <TestEntry testId="65d8beb9-d4b1-7128-2631-5520f6c0ed58" executionId="db691ba1-5bfb-4e70-9893-52c08f596c95" testListId="8c84fa94-04c1-424b-9868-57a2d4851a1d" />
    <TestEntry testId="440fa337-372a-ba98-a915-98a687b17d8a" executionId="90d11e6d-1a70-4803-96f9-ac529d1b9f18" testListId="8c84fa94-04c1-424b-9868-57a2d4851a1d" />
    <TestEntry testId="aa967bfa-3977-123e-a321-b0953779e966" executionId="8d6be487-9afc-464c-8cf1-920163ac3418" testListId="8c84fa94-04c1-424b-9868-57a2d4851a1d" />
    <TestEntry testId="20d9288d-2ec6-4b24-6a84-22a61e3296f1" executionId="6dfd0cb0-a2e8-45fd-adbe-29e8b4674d21" testListId="8c84fa94-04c1-424b-9868-57a2d4851a1d" />
    <TestEntry testId="c639d279-f201-87fa-87e4-d4046a905790" executionId="41fade12-99cd-4f10-a337-fa9fa8200944" testListId="8c84fa94-04c1-424b-9868-57a2d4851a1d" />
    <TestEntry testId="c1ccc07e-0232-8793-44eb-68dba00ee95d" executionId="d5aadb95-3dff-4be3-abcf-7543b30c60c3" testListId="8c84fa94-04c1-424b-9868-57a2d4851a1d" />
    <TestEntry testId="767615e3-cdb1-aa5f-9362-efecd9d93490" executionId="43803b90-9557-4394-97d8-b6cece25fc98" testListId="8c84fa94-04c1-424b-9868-57a2d4851a1d" />
    <TestEntry testId="d05873bf-41ef-0bcf-a99f-bd7e3fdc9082" executionId="334f8267-34fb-43fb-8294-b1119043759d" testListId="8c84fa94-04c1-424b-9868-57a2d4851a1d" />
    <TestEntry testId="a8162811-15bd-d3de-ec39-97d82066ae3d" executionId="b9c7d8ed-723c-4db2-9713-d803ce16963c" testListId="8c84fa94-04c1-424b-9868-57a2d4851a1d" />
    <TestEntry testId="480bc1d4-3034-9948-bf19-a924b6ce5c64" executionId="076c218e-5c4a-4387-91a7-3166bf4f70d7" testListId="8c84fa94-04c1-424b-9868-57a2d4851a1d" />
    <TestEntry testId="62bbe3ee-7e4f-b582-4e14-d8ceb77d972c" executionId="06049b0a-6b93-42bd-a91c-31c8a2469772" testListId="8c84fa94-04c1-424b-9868-57a2d4851a1d" />
    <TestEntry testId="879090c1-add8-48b2-d609-da3bc5d3a246" executionId="1c8c54e9-7026-4e8f-b947-a8d9b55f0c79" testListId="8c84fa94-04c1-424b-9868-57a2d4851a1d" />
    <TestEntry testId="f42b2340-e96d-0e55-ec7c-6d27b290f74e" executionId="eae31814-b602-4789-b4f3-2f79b0c13230" testListId="8c84fa94-04c1-424b-9868-57a2d4851a1d" />
    <TestEntry testId="a153c326-c8c2-ed0c-505b-c62f56af9d14" executionId="868f6da1-2c0a-4005-aabf-9a168e1c16f1" testListId="8c84fa94-04c1-424b-9868-57a2d4851a1d" />
    <TestEntry testId="49d3e4e4-be09-c24f-6884-4d663f775ecc" executionId="aa56700b-1401-495f-bb25-c896ffd4a2fd" testListId="8c84fa94-04c1-424b-9868-57a2d4851a1d" />
    <TestEntry testId="03478619-c09b-a567-26eb-276c25d533f6" executionId="b4cdcda2-987b-4cf7-aefa-7372bf8c310a" testListId="8c84fa94-04c1-424b-9868-57a2d4851a1d" />
    <TestEntry testId="0378ed59-f976-b4fc-9f2f-d68f313306f2" executionId="778a6b2c-0e9e-4ebb-b5e4-ec66624fc466" testListId="8c84fa94-04c1-424b-9868-57a2d4851a1d" />
    <TestEntry testId="98ff53fb-3b47-c43e-4b86-adf2da2fb797" executionId="2a433c50-1345-4782-a40e-be5fa4ad9ccf" testListId="8c84fa94-04c1-424b-9868-57a2d4851a1d" />
    <TestEntry testId="10e89e15-b12c-9a1c-de4d-304fe06f5a55" executionId="10538623-eaaf-4d7f-ad87-cdc8afdbc0ab" testListId="8c84fa94-04c1-424b-9868-57a2d4851a1d" />
    <TestEntry testId="2da09afd-447a-1927-2e16-59b373bc893e" executionId="46f78455-fd6e-4dc4-af10-302af0d0cfa8" testListId="8c84fa94-04c1-424b-9868-57a2d4851a1d" />
    <TestEntry testId="9292478f-daf1-afe9-9c29-f4faf9350c76" executionId="8227b2a3-54bf-4db2-a013-3b5cdc835abc" testListId="8c84fa94-04c1-424b-9868-57a2d4851a1d" />
    <TestEntry testId="6fd6583b-6e84-0268-1f57-5ed2e7f07344" executionId="86291e49-de3f-484c-8fcd-e5470812d48e" testListId="8c84fa94-04c1-424b-9868-57a2d4851a1d" />
    <TestEntry testId="f7f40623-1634-9a2a-bf1c-6e414931a9e6" executionId="6d13ba7d-caa5-4021-9086-173cf939f03b" testListId="8c84fa94-04c1-424b-9868-57a2d4851a1d" />
    <TestEntry testId="1c54ef9e-0fd3-3065-2074-36e139afc976" executionId="18920fc5-da6e-4262-945f-a028436bf565" testListId="8c84fa94-04c1-424b-9868-57a2d4851a1d" />
    <TestEntry testId="50a956ce-9348-bb74-74bb-95ec2b1592c0" executionId="eaa93222-0419-47aa-a5d6-0229d1991717" testListId="8c84fa94-04c1-424b-9868-57a2d4851a1d" />
    <TestEntry testId="803ac96c-ceaf-813a-623a-bb8007ba13fb" executionId="f26b58cb-c715-4e3b-9ab3-3044a4b8e977" testListId="8c84fa94-04c1-424b-9868-57a2d4851a1d" />
    <TestEntry testId="7b6494d9-14d1-e703-8dce-eacd52852ebc" executionId="a29f18e9-8f7b-42b8-9553-b25372f6d960" testListId="8c84fa94-04c1-424b-9868-57a2d4851a1d" />
    <TestEntry testId="b88c7a93-5167-689b-3a6b-7ed6795729e1" executionId="27060160-fdbd-4175-a5cf-6b3f57ffa4d9" testListId="8c84fa94-04c1-424b-9868-57a2d4851a1d" />
    <TestEntry testId="d1220843-958c-7092-38af-904c7c323e51" executionId="96d3cd00-8f8f-4a31-84db-67ac9c8b962b" testListId="8c84fa94-04c1-424b-9868-57a2d4851a1d" />
    <TestEntry testId="04c35346-28ec-f782-fc3a-52a05938a62a" executionId="582b315a-dc3d-4eb2-9316-a3d42c8ad1d3" testListId="8c84fa94-04c1-424b-9868-57a2d4851a1d" />
    <TestEntry testId="bfea60ac-0b86-e379-4adc-c41a2063908a" executionId="c10960d3-26a0-44fb-80ec-daec21721adc" testListId="8c84fa94-04c1-424b-9868-57a2d4851a1d" />
    <TestEntry testId="27c1e810-7452-20e9-bd4a-23699743a6c7" executionId="e6f88106-8d30-48b8-8054-c756a7a54d14" testListId="8c84fa94-04c1-424b-9868-57a2d4851a1d" />
    <TestEntry testId="00d2b6ae-d05f-2d34-4eb2-fb5187257361" executionId="c2efcd03-6882-4054-a9ce-c7fc2ead6602" testListId="8c84fa94-04c1-424b-9868-57a2d4851a1d" />
    <TestEntry testId="d44d55cb-b29b-7590-3980-4d0ce2902600" executionId="8eae7f89-3c52-4148-bf2d-33b794cbc3f0" testListId="8c84fa94-04c1-424b-9868-57a2d4851a1d" />
    <TestEntry testId="66008b6f-5831-0af0-c7ea-7bf08df5fe34" executionId="1f8b4d67-b9f5-4b56-99b8-12adba101185" testListId="8c84fa94-04c1-424b-9868-57a2d4851a1d" />
    <TestEntry testId="9cded436-df00-a929-7b4b-3c1f500b64fe" executionId="6b22bd55-44b7-420d-b80a-6fe721e8ddc6" testListId="8c84fa94-04c1-424b-9868-57a2d4851a1d" />
    <TestEntry testId="de470450-f311-009d-203e-62ec8452adf9" executionId="2f88d9f8-6996-40b5-9107-4883d4abf42d" testListId="8c84fa94-04c1-424b-9868-57a2d4851a1d" />
    <TestEntry testId="f851da50-448f-2d4e-828e-d2ff64fc9049" executionId="625a170d-31d7-42df-8fdc-9a601ee54431" testListId="8c84fa94-04c1-424b-9868-57a2d4851a1d" />
    <TestEntry testId="8938eaaa-10f4-1d84-a810-d332ab0c7421" executionId="3b039a1a-c032-44b9-99bc-8397e627bc30" testListId="8c84fa94-04c1-424b-9868-57a2d4851a1d" />
    <TestEntry testId="af0f43ee-ce4a-d402-680c-1c0e37479db8" executionId="263c18ad-1bf9-418e-af94-e1d47d757249" testListId="8c84fa94-04c1-424b-9868-57a2d4851a1d" />
    <TestEntry testId="943fddae-0057-44db-535a-5540de1410f4" executionId="765e5ffa-0310-47fd-837f-d9f5a72315c8" testListId="8c84fa94-04c1-424b-9868-57a2d4851a1d" />
    <TestEntry testId="6c0d7995-8533-0e6b-e22a-6af26babe546" executionId="3db26679-b41f-412c-92ae-e4ba692d475c" testListId="8c84fa94-04c1-424b-9868-57a2d4851a1d" />
    <TestEntry testId="7e9864c3-ffac-3e60-e067-d303ea811382" executionId="52a206df-fb3d-4ff0-b80e-b197d73bc21c" testListId="8c84fa94-04c1-424b-9868-57a2d4851a1d" />
    <TestEntry testId="463ed80f-116f-24dc-3550-f13e45fe4889" executionId="cdf789de-66b9-47a1-a49e-d25ffade5542" testListId="8c84fa94-04c1-424b-9868-57a2d4851a1d" />
    <TestEntry testId="eede4713-56bb-3d3c-3e2e-6a26dd039e2e" executionId="09b2850b-55b4-4a63-9037-655410a473c1" testListId="8c84fa94-04c1-424b-9868-57a2d4851a1d" />
    <TestEntry testId="68a6ea98-ca7c-4d82-e5af-14d114a1f9a4" executionId="bc4775ea-3a60-4879-b8af-07e367927474" testListId="8c84fa94-04c1-424b-9868-57a2d4851a1d" />
    <TestEntry testId="8deb741b-167d-6a1a-855a-646fe46075da" executionId="d682e1ff-6f5e-42e9-8cff-2a4f090a95c5" testListId="8c84fa94-04c1-424b-9868-57a2d4851a1d" />
    <TestEntry testId="d9b69abf-addf-dcc7-c2fd-b2ff5d4f6705" executionId="ca555972-f8e0-4ea1-9e73-9376020fd59f" testListId="8c84fa94-04c1-424b-9868-57a2d4851a1d" />
    <TestEntry testId="4331be32-8242-7bcf-516a-a7263d816796" executionId="a29203db-e302-466b-9710-69d4c2e18706" testListId="8c84fa94-04c1-424b-9868-57a2d4851a1d" />
    <TestEntry testId="4e41d746-7d06-c195-c083-479d6448ab5b" executionId="13e67ec1-6e95-4018-ba8c-610e89713f69" testListId="8c84fa94-04c1-424b-9868-57a2d4851a1d" />
    <TestEntry testId="5b5b0b17-b74c-6ecb-201e-61f7e7362b6f" executionId="0602e2b8-1339-4962-a9d3-4887f22e8ee7" testListId="8c84fa94-04c1-424b-9868-57a2d4851a1d" />
    <TestEntry testId="fd3d93a9-265d-ee70-503b-7e4448400893" executionId="fd32e7cb-0a05-412a-93bb-3bada9ab551d" testListId="8c84fa94-04c1-424b-9868-57a2d4851a1d" />
    <TestEntry testId="4b5c9b24-d906-a00f-3905-ed5f0c9f240a" executionId="c3bb4d17-5530-497f-99f3-41c739c1a4cd" testListId="8c84fa94-04c1-424b-9868-57a2d4851a1d" />
    <TestEntry testId="fcc01d6e-2b82-f145-070c-31467e83d08e" executionId="06447125-7f43-4b57-b39f-913b94d7824a" testListId="8c84fa94-04c1-424b-9868-57a2d4851a1d" />
    <TestEntry testId="ad28a529-3946-ad0b-47a4-a29f47a70b12" executionId="b08f8735-5c2d-4f3e-a2f7-1ad27f0b3436" testListId="8c84fa94-04c1-424b-9868-57a2d4851a1d" />
    <TestEntry testId="48e1001e-d788-4f1f-114b-b2f616ae9b17" executionId="916e633f-6b98-42ee-ba14-b330137362f1" testListId="8c84fa94-04c1-424b-9868-57a2d4851a1d" />
    <TestEntry testId="76c66eeb-a2f8-48cc-26cc-ff5958f96fde" executionId="571687f5-62b6-4f62-aa7b-bf2e8e71cb67" testListId="8c84fa94-04c1-424b-9868-57a2d4851a1d" />
    <TestEntry testId="42d4745e-d9b8-f2e9-3bf0-8b9851599c44" executionId="a91c8471-f062-4eee-81fa-fa23ebd56270" testListId="8c84fa94-04c1-424b-9868-57a2d4851a1d" />
    <TestEntry testId="09b10f58-104f-c055-d17e-ad9f69c01172" executionId="468fe16b-4396-4cbf-af64-47d569ceeb3b" testListId="8c84fa94-04c1-424b-9868-57a2d4851a1d" />
    <TestEntry testId="3a583449-4deb-358f-f880-2478ec9ff18a" executionId="00dd72e3-fdf9-4f1a-b9b3-be7c040557cc" testListId="8c84fa94-04c1-424b-9868-57a2d4851a1d" />
    <TestEntry testId="a68e6a6e-4209-2d96-e42e-fdfc6deeba69" executionId="458e625a-5511-4948-be3c-0c45ecd5d5c3" testListId="8c84fa94-04c1-424b-9868-57a2d4851a1d" />
    <TestEntry testId="2e209cdd-d799-eebb-86ee-eb1ff73e496f" executionId="9b6d5a30-9810-4385-9e23-b021fd558316" testListId="8c84fa94-04c1-424b-9868-57a2d4851a1d" />
    <TestEntry testId="fcbb076d-21c9-d2c8-8141-56d340d67c02" executionId="d0472a49-f5d7-4b21-ad54-ef206a49ffa3" testListId="8c84fa94-04c1-424b-9868-57a2d4851a1d" />
    <TestEntry testId="d03b0ad6-ed13-8489-09d1-2543f3053eff" executionId="6be4a260-be62-496a-a731-2d317be991de" testListId="8c84fa94-04c1-424b-9868-57a2d4851a1d" />
    <TestEntry testId="1102b248-ebc3-17f0-ceef-32b216ce1ff2" executionId="5b566e28-61f9-4b0b-a0e7-20f6eedccd5a" testListId="8c84fa94-04c1-424b-9868-57a2d4851a1d" />
    <TestEntry testId="736d2983-eeff-1045-0cd2-2e53a996df06" executionId="00de9494-b89e-4f85-b7b2-c82c1042e4a7" testListId="8c84fa94-04c1-424b-9868-57a2d4851a1d" />
    <TestEntry testId="baa0e531-65cd-6df8-b464-315d19c68df0" executionId="7810cf89-3f49-4deb-a318-fdd4205a0385" testListId="8c84fa94-04c1-424b-9868-57a2d4851a1d" />
    <TestEntry testId="7f1f1baf-8bbb-c3d7-9705-27c7162bbf25" executionId="b7f47cfa-1d97-4c44-8438-05dc773528ee" testListId="8c84fa94-04c1-424b-9868-57a2d4851a1d" />
    <TestEntry testId="cc8e9b7e-62a1-d82e-3e31-af5cf935c88a" executionId="5338aa8e-cd1f-4d48-915a-a63952b49100" testListId="8c84fa94-04c1-424b-9868-57a2d4851a1d" />
    <TestEntry testId="125f47fd-bfa6-8077-4564-e798b6c885b3" executionId="e6d13f35-e014-48b6-af6c-05aea2a27d41" testListId="8c84fa94-04c1-424b-9868-57a2d4851a1d" />
    <TestEntry testId="890cd7d3-d5de-1eb5-735a-80921ce3d8c1" executionId="78db0980-13a5-413d-83b4-fd1bfabed8ab" testListId="8c84fa94-04c1-424b-9868-57a2d4851a1d" />
    <TestEntry testId="a64907b4-47a9-4e3a-b6b0-be37e2d164ea" executionId="d4c3886e-a7a4-422f-8c78-3291e88f27d9" testListId="8c84fa94-04c1-424b-9868-57a2d4851a1d" />
    <TestEntry testId="daf5f08d-c32f-df8c-b33e-1ba8ee1cff44" executionId="93829121-8711-45c8-a2fc-88bad9a9af03" testListId="8c84fa94-04c1-424b-9868-57a2d4851a1d" />
    <TestEntry testId="6ca72b6b-0033-ee05-80aa-21dc1f0119ea" executionId="4193905b-3001-4fb9-968f-647464ef829f" testListId="8c84fa94-04c1-424b-9868-57a2d4851a1d" />
    <TestEntry testId="feff974b-15e7-7bde-2e9a-7282257d799e" executionId="5360b911-c585-43c0-b651-5ca50cc1a36d" testListId="8c84fa94-04c1-424b-9868-57a2d4851a1d" />
    <TestEntry testId="3fce05ef-b530-f8da-eaa9-a5674fdfcd79" executionId="0f0b94d2-81cb-47f3-a34e-253ec11d845b" testListId="8c84fa94-04c1-424b-9868-57a2d4851a1d" />
    <TestEntry testId="1f3c2444-ad4b-db37-5d0a-de7606033ccd" executionId="a6070e3f-b8aa-403d-8fc0-e3f391443f49" testListId="8c84fa94-04c1-424b-9868-57a2d4851a1d" />
    <TestEntry testId="47ea98ad-fc0c-d34c-cfce-7d3c08a15e8d" executionId="efdbb43c-a715-4d56-b033-8f748234c99f" testListId="8c84fa94-04c1-424b-9868-57a2d4851a1d" />
    <TestEntry testId="1b66a21c-10a6-0908-6fbd-7ece73d7fb3e" executionId="91a0ef6f-df3d-4cb0-ab91-53ef9190ca01" testListId="8c84fa94-04c1-424b-9868-57a2d4851a1d" />
    <TestEntry testId="be3b82dd-8df9-5360-ff99-6eca540698eb" executionId="ecc0b815-d3c3-430e-8588-4a156e8bfea9" testListId="8c84fa94-04c1-424b-9868-57a2d4851a1d" />
    <TestEntry testId="db8b110d-6977-3962-2ffa-71fc401aacf0" executionId="25c02fa9-cd0b-4e4b-a5e2-129dfa48e30f" testListId="8c84fa94-04c1-424b-9868-57a2d4851a1d" />
    <TestEntry testId="bb7fb76c-e069-4fd0-bdf8-cc43e62b4ee4" executionId="98a4862b-6e34-4ca4-9332-9233f1c53c11" testListId="8c84fa94-04c1-424b-9868-57a2d4851a1d" />
    <TestEntry testId="1670e18f-0ede-c50f-6f9a-2ae6207f30db" executionId="3a07f3f4-d729-4392-b74c-3b15d3735e21" testListId="8c84fa94-04c1-424b-9868-57a2d4851a1d" />
    <TestEntry testId="9a7acb70-fa7b-f3be-6201-91fb0aecd07b" executionId="33e42595-ffe3-4a3f-9cee-a3fe30718d09" testListId="8c84fa94-04c1-424b-9868-57a2d4851a1d" />
    <TestEntry testId="e4c24bc9-2414-541c-9971-01e696ad9e3b" executionId="98793d09-1fb0-40bf-b58e-06e0ac5cf2a7" testListId="8c84fa94-04c1-424b-9868-57a2d4851a1d" />
    <TestEntry testId="a68618ea-e0dc-05b4-e76f-a11a2f3f297e" executionId="a1d3fa4b-8929-48c0-988c-6f1b60c4ef19" testListId="8c84fa94-04c1-424b-9868-57a2d4851a1d" />
    <TestEntry testId="b8276ba3-7850-cbef-143f-fbd86d2ed190" executionId="a85cfedb-6ed8-4690-a2ce-010e46b14619" testListId="8c84fa94-04c1-424b-9868-57a2d4851a1d" />
    <TestEntry testId="9bf19834-4f90-5f56-a3eb-6c1d93ea3aa5" executionId="0fc9f1c6-ef5d-4ef6-9634-af291ddd9170" testListId="8c84fa94-04c1-424b-9868-57a2d4851a1d" />
    <TestEntry testId="ff21f539-b1c4-45b1-9430-6096e4a5a3fd" executionId="0f3fbfb7-3c52-4a45-b5cb-ec6a4b032f34" testListId="8c84fa94-04c1-424b-9868-57a2d4851a1d" />
    <TestEntry testId="6633116a-6784-0109-c694-61b2317583e7" executionId="66887834-3d80-403c-90ec-27fa3413a6bd" testListId="8c84fa94-04c1-424b-9868-57a2d4851a1d" />
    <TestEntry testId="80192076-5250-4f88-b991-e73794c3f07f" executionId="1bc1b731-ff5e-43db-be65-e5a9fe34f6d7" testListId="8c84fa94-04c1-424b-9868-57a2d4851a1d" />
    <TestEntry testId="a357cf6c-ef79-7a61-f86c-3c3cf29677ef" executionId="8fd3251c-b623-4889-ae76-6f40bc460db3" testListId="8c84fa94-04c1-424b-9868-57a2d4851a1d" />
    <TestEntry testId="5e776647-f32b-7555-92cc-51ddf06fbbb5" executionId="d88d514b-862a-40ba-b6e0-06e575d74a98" testListId="8c84fa94-04c1-424b-9868-57a2d4851a1d" />
    <TestEntry testId="b43543d5-d01e-b4aa-3f27-43446c7c519e" executionId="7add4bf6-9058-46e4-869f-60c6f00afb30" testListId="8c84fa94-04c1-424b-9868-57a2d4851a1d" />
    <TestEntry testId="5299c3b1-b147-2926-54b8-048e2c168fc2" executionId="ed047962-dd82-4b6e-8a40-a4e0c2daa45c" testListId="8c84fa94-04c1-424b-9868-57a2d4851a1d" />
    <TestEntry testId="fcfc02eb-9475-084e-96ae-652cb742a35f" executionId="093bd58b-8e56-40bb-ade9-cc2b38ebc709" testListId="8c84fa94-04c1-424b-9868-57a2d4851a1d" />
    <TestEntry testId="ab1a8e45-8e17-ad94-af47-713e91eff11b" executionId="a6ecb883-f33f-4a3c-be72-6558ffc85fde" testListId="8c84fa94-04c1-424b-9868-57a2d4851a1d" />
    <TestEntry testId="b28c88a2-048a-f43d-3028-a27e0105d7d5" executionId="4952bbca-f0da-4717-bc48-ff57098137fc" testListId="8c84fa94-04c1-424b-9868-57a2d4851a1d" />
    <TestEntry testId="b357ddf5-0643-7e7d-12aa-101fa59704c1" executionId="8124a720-1eae-4e9e-9e9a-1e8b5b98e548" testListId="8c84fa94-04c1-424b-9868-57a2d4851a1d" />
    <TestEntry testId="0fbf3694-a7c3-3fef-5348-e45949735e92" executionId="94749559-3e2f-41a9-93e2-cd6733088442" testListId="8c84fa94-04c1-424b-9868-57a2d4851a1d" />
    <TestEntry testId="acaeb9e2-224e-f43f-7505-888da6b80f9b" executionId="1d2da9de-c055-4b7e-bec6-b6336382a033" testListId="8c84fa94-04c1-424b-9868-57a2d4851a1d" />
    <TestEntry testId="ce34eb52-9bf0-0190-75b5-426ffc55227b" executionId="abd9be9f-c093-4200-b2de-faff377e684a" testListId="8c84fa94-04c1-424b-9868-57a2d4851a1d" />
    <TestEntry testId="af9f1e16-b2b8-175e-5d3f-4c08d3fec0d2" executionId="a022c2a6-7ef4-46ab-9a64-e194d961e5d9" testListId="8c84fa94-04c1-424b-9868-57a2d4851a1d" />
    <TestEntry testId="be18d4c4-d343-ec1d-bb22-8e6779b47149" executionId="bceeda8c-2473-40b3-8a47-0445d1a3be1f" testListId="8c84fa94-04c1-424b-9868-57a2d4851a1d" />
    <TestEntry testId="a4399397-799d-6dfc-9b5f-ebad40d25858" executionId="33998b88-e375-4418-a972-b4feba52573a" testListId="8c84fa94-04c1-424b-9868-57a2d4851a1d" />
    <TestEntry testId="7ce3bd1f-17a2-67ea-14e3-54128c33634a" executionId="cb8d8ada-0a7b-41b6-965c-d01e3b90ab82" testListId="8c84fa94-04c1-424b-9868-57a2d4851a1d" />
    <TestEntry testId="a344a1b7-3c88-1dd6-4640-84dd30900694" executionId="2c72701e-a58e-4252-a44a-0cfde11672b0" testListId="8c84fa94-04c1-424b-9868-57a2d4851a1d" />
    <TestEntry testId="45b7952c-6a01-5b93-8359-f60ab9325440" executionId="3d4a6fbf-85d7-4a64-baf4-da763b97ab74" testListId="8c84fa94-04c1-424b-9868-57a2d4851a1d" />
    <TestEntry testId="15aede0d-e3f2-2cb3-b9cb-5b079f95b7e7" executionId="3468fbc5-f1fa-4596-8718-9bd876503672" testListId="8c84fa94-04c1-424b-9868-57a2d4851a1d" />
    <TestEntry testId="0154a190-bfe2-3ee0-16ea-a097656a45bf" executionId="e149e60b-5167-4512-9609-637f49fd0bf8" testListId="8c84fa94-04c1-424b-9868-57a2d4851a1d" />
    <TestEntry testId="cacda86d-f0f9-0934-0ba5-b96987330f36" executionId="0e20e2c1-4dac-4939-9f14-305395704280" testListId="8c84fa94-04c1-424b-9868-57a2d4851a1d" />
    <TestEntry testId="7e3dbd79-3540-0180-3ab0-0107f747a8a4" executionId="b1b5ade6-73cb-44e5-baa3-a3e6d9dddfce" testListId="8c84fa94-04c1-424b-9868-57a2d4851a1d" />
    <TestEntry testId="6afb1227-217c-b2e9-db11-52fb1d5fc56a" executionId="f384d7e2-b78a-4155-80e9-87d383ac58be" testListId="8c84fa94-04c1-424b-9868-57a2d4851a1d" />
    <TestEntry testId="b789a227-1d2f-c14a-41cf-d52a7a553222" executionId="2a2a69b8-fcaf-4456-ba22-7f7736be9713" testListId="8c84fa94-04c1-424b-9868-57a2d4851a1d" />
    <TestEntry testId="79db46c4-1a13-12a0-1950-586398a93668" executionId="5bd1e603-0c07-47cd-99a9-99da1fdb4c67" testListId="8c84fa94-04c1-424b-9868-57a2d4851a1d" />
    <TestEntry testId="399501bc-ecba-b1ca-b26c-0035e5a7aa53" executionId="c6cb8daa-aa7f-479f-a4ed-d04b5a45ee44" testListId="8c84fa94-04c1-424b-9868-57a2d4851a1d" />
    <TestEntry testId="038e82e7-0736-b906-6069-bf165dcdf81d" executionId="3350a6ee-de74-4451-b99b-c50350b0da4e" testListId="8c84fa94-04c1-424b-9868-57a2d4851a1d" />
    <TestEntry testId="8084e41d-d0c2-8e1f-49b3-a67abb097eef" executionId="9f158110-a74c-48f8-814a-f9b31ab3b015" testListId="8c84fa94-04c1-424b-9868-57a2d4851a1d" />
    <TestEntry testId="146d8b26-0f20-3176-153a-32e5f137191a" executionId="8d71934c-9493-481a-96b8-3f24c7f0d267" testListId="8c84fa94-04c1-424b-9868-57a2d4851a1d" />
    <TestEntry testId="21fa9385-bfaf-d1fb-f620-6ac18f449c60" executionId="b68c8b4d-9b0c-4d41-a01d-8e05de99c8c6" testListId="8c84fa94-04c1-424b-9868-57a2d4851a1d" />
    <TestEntry testId="1e01348f-4956-9c30-5322-aed75f85144b" executionId="df37b2ea-74a8-4e56-bce3-561bb87f3a28" testListId="8c84fa94-04c1-424b-9868-57a2d4851a1d" />
    <TestEntry testId="30eb4594-0190-4b3a-1578-17048e926b12" executionId="cd53027e-9825-4eb4-aa42-99ba04f4b350" testListId="8c84fa94-04c1-424b-9868-57a2d4851a1d" />
    <TestEntry testId="ec920726-a9ee-dd71-1f12-1fd1c5e256bd" executionId="cfe8425c-1d24-4afa-a33b-e0c9e1e3511c" testListId="8c84fa94-04c1-424b-9868-57a2d4851a1d" />
    <TestEntry testId="5aae0d5c-c153-7620-5b85-675beef30370" executionId="37a107c3-41dd-4341-a908-d5054fdfa526" testListId="8c84fa94-04c1-424b-9868-57a2d4851a1d" />
    <TestEntry testId="dd9bb228-d729-118d-1416-75302d26e796" executionId="86195a4d-1ac0-40fb-a8af-8022022c5315" testListId="8c84fa94-04c1-424b-9868-57a2d4851a1d" />
    <TestEntry testId="c1d75516-b54b-45bf-488a-9e0ebd61f8c4" executionId="4050e5a7-093e-4d85-bbb1-5a9f3c6f5b8a" testListId="8c84fa94-04c1-424b-9868-57a2d4851a1d" />
    <TestEntry testId="125978d4-3525-643c-7140-287b2e679bf8" executionId="05e5b7d8-6ab9-40b4-b1c7-fc6accfe9e5e" testListId="8c84fa94-04c1-424b-9868-57a2d4851a1d" />
    <TestEntry testId="3d26d7d8-7d79-9931-2127-8e5f6d15122c" executionId="87119dc6-3d70-4ee4-aeef-153053c09f1c" testListId="8c84fa94-04c1-424b-9868-57a2d4851a1d" />
    <TestEntry testId="372ab51f-8789-4af1-a4f9-77f4920b1bde" executionId="e4a45387-6b91-4a22-b01a-3c033da79161" testListId="8c84fa94-04c1-424b-9868-57a2d4851a1d" />
    <TestEntry testId="0bb9d93a-5004-9ba8-d379-d792df82598b" executionId="456aa795-9531-4276-9ecc-4e11040340b8" testListId="8c84fa94-04c1-424b-9868-57a2d4851a1d" />
    <TestEntry testId="1bf83f76-33b3-45e4-acc8-af80bf4d763b" executionId="e46aaa7e-950a-4d3a-a85b-ac0c252a6f1d" testListId="8c84fa94-04c1-424b-9868-57a2d4851a1d" />
    <TestEntry testId="cb973932-552d-edc5-fa30-c27e003b5121" executionId="d2c30828-b151-4648-834a-724bf35a0391" testListId="8c84fa94-04c1-424b-9868-57a2d4851a1d" />
    <TestEntry testId="3319ab63-2def-0c9c-879d-16907c7c07ea" executionId="40370ce3-fb3c-4820-9cde-e74a89c924ba" testListId="8c84fa94-04c1-424b-9868-57a2d4851a1d" />
    <TestEntry testId="06fb238e-15e5-388c-77b1-ee96bcd9fd48" executionId="dbab5dfa-fb06-4487-bf4d-9bb85b03d292" testListId="8c84fa94-04c1-424b-9868-57a2d4851a1d" />
    <TestEntry testId="5a26cd62-bdfd-afb4-b17e-eb94ffbff81b" executionId="cddc2df8-9468-4365-85f3-dd91a69d0519" testListId="8c84fa94-04c1-424b-9868-57a2d4851a1d" />
    <TestEntry testId="af3c7f95-5484-075f-8f9e-acca11c99bc5" executionId="ed0abdf7-f12a-4c94-83f1-8244e75f7564" testListId="8c84fa94-04c1-424b-9868-57a2d4851a1d" />
    <TestEntry testId="beb002c5-eb95-8910-8bc5-4aa180fe028d" executionId="8cdb618b-99e7-4f41-82b4-5744f685a9a1" testListId="8c84fa94-04c1-424b-9868-57a2d4851a1d" />
    <TestEntry testId="87624c9b-97b8-ed79-9d92-4a653ba64699" executionId="623201f4-e785-4795-8f71-9652fa6991b5" testListId="8c84fa94-04c1-424b-9868-57a2d4851a1d" />
    <TestEntry testId="1bb65b8b-a8a2-1654-89b4-e0a9b34ce5a7" executionId="cdf735be-b149-4053-acab-9684c2f49693" testListId="8c84fa94-04c1-424b-9868-57a2d4851a1d" />
    <TestEntry testId="cb701829-9c23-dcf0-e438-8208a51f3dd4" executionId="e46222be-4199-4210-805b-695f9243cbae" testListId="8c84fa94-04c1-424b-9868-57a2d4851a1d" />
    <TestEntry testId="6b68b022-949d-c4fe-8f3f-d5c254031f0f" executionId="871385e1-0685-44e7-b214-608cc1a63989" testListId="8c84fa94-04c1-424b-9868-57a2d4851a1d" />
    <TestEntry testId="d1e0da8d-6305-778c-2487-62302266275e" executionId="08f04499-904e-40fb-a378-e6e37763b329" testListId="8c84fa94-04c1-424b-9868-57a2d4851a1d" />
    <TestEntry testId="31917703-2acf-fc86-64fa-04fcf338cdb6" executionId="03a66394-0de3-4903-8fd6-f95ef7294579" testListId="8c84fa94-04c1-424b-9868-57a2d4851a1d" />
    <TestEntry testId="b017e7d9-0b01-2855-1b02-e7d76489a091" executionId="2b9c9e67-92f8-41a9-bd1a-a4f31c73a915" testListId="8c84fa94-04c1-424b-9868-57a2d4851a1d" />
    <TestEntry testId="b8b5d1da-4dc1-76f1-a2bd-31503c4d0668" executionId="5a1b1721-f508-4863-abe5-449202e72335" testListId="8c84fa94-04c1-424b-9868-57a2d4851a1d" />
    <TestEntry testId="a831aa49-5e6b-6ed4-4885-992999205a90" executionId="26ff8499-2bee-4b65-a153-1cfbd0aaa262" testListId="8c84fa94-04c1-424b-9868-57a2d4851a1d" />
    <TestEntry testId="c82ad357-66af-6f7d-49fa-5184f10411f5" executionId="ed3647ce-05e2-4ddc-bfc7-9ef914d7d971" testListId="8c84fa94-04c1-424b-9868-57a2d4851a1d" />
    <TestEntry testId="c15be519-b8fe-48e7-7703-7b1ac1a61e7f" executionId="20860948-ff34-4a69-9f7d-e3883cbcf1e4" testListId="8c84fa94-04c1-424b-9868-57a2d4851a1d" />
    <TestEntry testId="3487929c-15fb-a7da-5bec-346afcbec7da" executionId="6c879a1d-6901-466a-aa3d-b4a91262adba" testListId="8c84fa94-04c1-424b-9868-57a2d4851a1d" />
    <TestEntry testId="9fd340a4-bdf1-80dc-4aa5-677b8c727a2b" executionId="01ff979c-c845-4207-850f-bf149c3812db" testListId="8c84fa94-04c1-424b-9868-57a2d4851a1d" />
    <TestEntry testId="93692a07-3a10-4489-765e-ef79d18cf4d4" executionId="5164966b-fd5e-45e3-8a2c-f22eb2b177a5" testListId="8c84fa94-04c1-424b-9868-57a2d4851a1d" />
    <TestEntry testId="8a8663da-3c48-e3de-3195-bc33f43c17d1" executionId="f6ce3607-d33a-4435-84f7-42dcbd63e22c" testListId="8c84fa94-04c1-424b-9868-57a2d4851a1d" />
    <TestEntry testId="140c6661-e4ad-8b7b-ad2a-b9df65337e63" executionId="817295a2-da2c-40f7-8f4d-e323f49fe718" testListId="8c84fa94-04c1-424b-9868-57a2d4851a1d" />
    <TestEntry testId="3f059c6a-7cda-fa81-0b37-29c0a5c4596b" executionId="6e421712-17a5-4d14-9352-cea413c6af55" testListId="8c84fa94-04c1-424b-9868-57a2d4851a1d" />
    <TestEntry testId="36329e9d-989b-9474-5a40-51eec07faa7c" executionId="d065ad86-e53c-4583-b352-08354a907318" testListId="8c84fa94-04c1-424b-9868-57a2d4851a1d" />
    <TestEntry testId="b82f6040-62f7-3594-e125-274383902f8c" executionId="6d8679e0-82a7-4d75-87b7-38f980bdc303" testListId="8c84fa94-04c1-424b-9868-57a2d4851a1d" />
    <TestEntry testId="619f6d51-fe63-6aad-4d71-b62b6294bc5d" executionId="56c2e90e-ec7c-4e85-8ba7-2952453fcf44" testListId="8c84fa94-04c1-424b-9868-57a2d4851a1d" />
    <TestEntry testId="b1896dd7-6634-6c9f-92ab-cd4904bba1dc" executionId="3c76f0ca-ee2c-4461-bf78-ca3c00795ec9" testListId="8c84fa94-04c1-424b-9868-57a2d4851a1d" />
    <TestEntry testId="c64fce4a-0ee6-9d1f-f96c-3f0744a2a23b" executionId="1f52e071-e477-4d93-a2b3-0cd02b6b08ec" testListId="8c84fa94-04c1-424b-9868-57a2d4851a1d" />
    <TestEntry testId="3e3f253d-53ac-8cf4-0542-5e51ee7168ea" executionId="0207f71f-e395-46ef-a64f-416032bdd709" testListId="8c84fa94-04c1-424b-9868-57a2d4851a1d" />
    <TestEntry testId="ebbe7258-4b65-15e9-219f-9eb6e860514c" executionId="c649b958-63b9-47a4-a818-4811405b36a9" testListId="8c84fa94-04c1-424b-9868-57a2d4851a1d" />
    <TestEntry testId="fa6e843e-faa4-966b-f711-d61b61e7366c" executionId="a767ed7d-4bde-4a98-afc8-b4e8aef2dbe9" testListId="8c84fa94-04c1-424b-9868-57a2d4851a1d" />
    <TestEntry testId="4ea99d78-cb91-34d0-2b2f-1a553700bba9" executionId="6004f6d8-d118-421b-85a9-630cdc9cecb4" testListId="8c84fa94-04c1-424b-9868-57a2d4851a1d" />
    <TestEntry testId="f0783c93-05f5-3c2a-1813-26adff12a929" executionId="aba04b08-8cdd-4845-96f4-8f1bf1f79c2f" testListId="8c84fa94-04c1-424b-9868-57a2d4851a1d" />
    <TestEntry testId="19b10478-a96f-f7e7-c2b8-f210ce21c3d4" executionId="aa9424a9-fc60-447d-a8b1-7370577d1ffe" testListId="8c84fa94-04c1-424b-9868-57a2d4851a1d" />
    <TestEntry testId="df8b49a4-30ab-6656-067f-36c17b41346a" executionId="ef9a2231-e9d0-45de-ad6e-6a059535ef32" testListId="8c84fa94-04c1-424b-9868-57a2d4851a1d" />
    <TestEntry testId="5ce9e10d-7d63-e829-dad3-2b21af48d9a3" executionId="30c7ea9a-bae7-49d7-82c2-d92dc815d220" testListId="8c84fa94-04c1-424b-9868-57a2d4851a1d" />
    <TestEntry testId="5f559e43-4e08-7018-bc21-dc71856c4701" executionId="9035ada2-b6c1-4880-8361-49f4b55856c8" testListId="8c84fa94-04c1-424b-9868-57a2d4851a1d" />
    <TestEntry testId="0be364f3-65a8-13b6-624b-a54197fbf75c" executionId="199919d4-5b87-43fe-a14f-acbcc6efa98e" testListId="8c84fa94-04c1-424b-9868-57a2d4851a1d" />
    <TestEntry testId="31051539-7cfa-1db5-4cea-df2287622770" executionId="ec899257-8f36-4fe8-a2e8-5369138e6911" testListId="8c84fa94-04c1-424b-9868-57a2d4851a1d" />
    <TestEntry testId="59e10b82-f701-4ec1-bb24-9886531bdbb4" executionId="b81162ec-697b-4338-8c15-3592c75d309a" testListId="8c84fa94-04c1-424b-9868-57a2d4851a1d" />
    <TestEntry testId="4d993a4f-76c0-7cf9-2048-40644000ecc0" executionId="ab6fefb6-2359-470b-ad5a-abedc993a622" testListId="8c84fa94-04c1-424b-9868-57a2d4851a1d" />
    <TestEntry testId="7fb5739f-7a0e-9d63-4cc0-4564c77d7249" executionId="4ec79ad2-14f1-42cf-9ca7-bbd4c7d68641" testListId="8c84fa94-04c1-424b-9868-57a2d4851a1d" />
    <TestEntry testId="8ff1a4be-4c7a-03eb-1e8d-280cdf27a49d" executionId="469cb1fc-7cd4-45f6-896b-ef24d025a24b" testListId="8c84fa94-04c1-424b-9868-57a2d4851a1d" />
    <TestEntry testId="cd5d5b03-5245-1a1a-d06b-cf567b1e8b7a" executionId="e10d7779-7eae-4c61-b085-5089b3e86eda" testListId="8c84fa94-04c1-424b-9868-57a2d4851a1d" />
    <TestEntry testId="b2538acc-438d-df18-2761-19b1ee3522d9" executionId="97b7dd2c-db22-4dc8-bc49-170e91f62f47" testListId="8c84fa94-04c1-424b-9868-57a2d4851a1d" />
    <TestEntry testId="6e083e3d-bf62-ee30-d2f0-b17d35c633ea" executionId="ee7eadba-5584-41dc-ae43-0647efce0b52" testListId="8c84fa94-04c1-424b-9868-57a2d4851a1d" />
    <TestEntry testId="468a7b03-b2a7-446e-1f1f-8f32f73da7b5" executionId="52d11c2f-6945-4ac0-92b5-bd9999b8accd" testListId="8c84fa94-04c1-424b-9868-57a2d4851a1d" />
    <TestEntry testId="b6b829e1-8625-e08b-65bd-cadec1f50563" executionId="daf86a3d-89bd-4d35-97ea-b41214ca6574" testListId="8c84fa94-04c1-424b-9868-57a2d4851a1d" />
    <TestEntry testId="7b6146d5-494f-1a0e-d576-98303b0c58b5" executionId="17028b09-c817-4a70-967b-af52bc8af19c" testListId="8c84fa94-04c1-424b-9868-57a2d4851a1d" />
    <TestEntry testId="a67e2ec6-c284-283e-f6bb-5df24e13d453" executionId="c372cc78-19bd-465e-92e6-ecf64098d4bd" testListId="8c84fa94-04c1-424b-9868-57a2d4851a1d" />
    <TestEntry testId="ba5d0a4c-06cb-f46b-47c1-8da0bac9ec51" executionId="e1cc20ef-5fbe-41da-b546-2cd31807df3f" testListId="8c84fa94-04c1-424b-9868-57a2d4851a1d" />
    <TestEntry testId="49bc91b3-0e58-95cf-9899-940758bf9038" executionId="1f0dbb62-f19e-4668-862f-f7ae16f81ed5" testListId="8c84fa94-04c1-424b-9868-57a2d4851a1d" />
    <TestEntry testId="d0ba50f6-c050-7856-3856-4bb2c3dada0c" executionId="1982f8bd-99f7-42fc-b93a-b32005091908" testListId="8c84fa94-04c1-424b-9868-57a2d4851a1d" />
    <TestEntry testId="27817c8c-6c0d-bb4b-da4e-d6836f9c5d12" executionId="56f9bd30-b0b8-417c-ae68-5243e9a37973" testListId="8c84fa94-04c1-424b-9868-57a2d4851a1d" />
    <TestEntry testId="708c93d9-3b87-f482-2b59-76adaefd6f67" executionId="b2a3e524-aa7d-48f2-92de-4048cd5e0d39" testListId="8c84fa94-04c1-424b-9868-57a2d4851a1d" />
    <TestEntry testId="834e87af-89d1-a13c-6891-c9c741194fd8" executionId="d98df410-ea43-4875-aa5b-f57aefd3eec0" testListId="8c84fa94-04c1-424b-9868-57a2d4851a1d" />
    <TestEntry testId="43fa12a9-d1b1-aa83-498c-58e3064824e3" executionId="27f1320a-09cd-48be-9d81-49504b1fe43e" testListId="8c84fa94-04c1-424b-9868-57a2d4851a1d" />
    <TestEntry testId="7686eb08-d24a-c580-7754-5f201e5cc693" executionId="600797bd-cf38-4592-b532-cffc064f87cf" testListId="8c84fa94-04c1-424b-9868-57a2d4851a1d" />
    <TestEntry testId="4f18dfe5-cbdb-3f59-ec1a-7c24c2cc1db1" executionId="1aa9f04f-24b9-4d4d-af23-8824e200a9e7" testListId="8c84fa94-04c1-424b-9868-57a2d4851a1d" />
    <TestEntry testId="a3089784-5b87-5aa6-6c29-ce468fd5b9ef" executionId="fc808658-0b2d-4aa8-9508-0886b8e6b857" testListId="8c84fa94-04c1-424b-9868-57a2d4851a1d" />
    <TestEntry testId="0b5213c6-1e29-5592-48df-383ab2a80365" executionId="caf49fbd-501d-463f-a79c-ab67d6d9f33d" testListId="8c84fa94-04c1-424b-9868-57a2d4851a1d" />
    <TestEntry testId="be95620e-7d9c-a81d-b372-a97d28330950" executionId="8eb41b0e-654a-4d4d-bbbf-9a74d5a3f672" testListId="8c84fa94-04c1-424b-9868-57a2d4851a1d" />
    <TestEntry testId="b0d0079b-65d6-c082-7bc9-a129a13a3c18" executionId="686a94f6-c5a1-435d-9d3c-3e2eb67e1bce" testListId="8c84fa94-04c1-424b-9868-57a2d4851a1d" />
    <TestEntry testId="9a98835c-961c-47c7-7156-330b8e2ed1fa" executionId="1b44e682-99af-40f7-9989-d423f724de54" testListId="8c84fa94-04c1-424b-9868-57a2d4851a1d" />
    <TestEntry testId="7b38c175-8f37-0ff7-77b0-702939d7a735" executionId="54afc7b6-28b3-4e19-8d13-396703db8f94" testListId="8c84fa94-04c1-424b-9868-57a2d4851a1d" />
    <TestEntry testId="cd80718c-caec-d1ab-47af-f5822f5e7c58" executionId="e5094ca4-2770-4acb-84dd-a93fdf1c7af6" testListId="8c84fa94-04c1-424b-9868-57a2d4851a1d" />
    <TestEntry testId="5bac1777-a319-8667-ff3f-004d4997fdfd" executionId="424e5b49-7fdf-47c3-bbd3-addc5cedc1b5" testListId="8c84fa94-04c1-424b-9868-57a2d4851a1d" />
    <TestEntry testId="952d04da-369e-0e5d-fb29-9bfdf4da3a0e" executionId="ead47ceb-4b65-40a9-b696-ac51171edd3d" testListId="8c84fa94-04c1-424b-9868-57a2d4851a1d" />
    <TestEntry testId="07804473-e40a-283c-1bf0-1e8f6fcff5c4" executionId="2bdb9d70-d279-4356-bc5d-706bd78933b9" testListId="8c84fa94-04c1-424b-9868-57a2d4851a1d" />
    <TestEntry testId="8b839df5-395a-2e9c-1956-4200a4a4d5cd" executionId="39123c13-df6a-45e9-9658-c4840d91af71" testListId="8c84fa94-04c1-424b-9868-57a2d4851a1d" />
    <TestEntry testId="7aa7a744-f3f3-dbab-b444-2d9793ae0544" executionId="fd9383cd-7b17-4450-a4a1-31322712b8a5" testListId="8c84fa94-04c1-424b-9868-57a2d4851a1d" />
    <TestEntry testId="21e526f6-3a3a-f300-e830-472a0f6e7a82" executionId="6e417c2d-d1ab-4f45-adef-b4fe5249f773" testListId="8c84fa94-04c1-424b-9868-57a2d4851a1d" />
    <TestEntry testId="79d8cb70-402c-e7be-4d53-f2c05fb52d5e" executionId="a21b3196-0bb9-400f-b76c-6ead5dc94c9a" testListId="8c84fa94-04c1-424b-9868-57a2d4851a1d" />
    <TestEntry testId="f556377a-234c-b3cb-a4d6-e29f7a9225e4" executionId="66a2c5f1-e1c0-4473-9c59-07cbaeb95df4" testListId="8c84fa94-04c1-424b-9868-57a2d4851a1d" />
    <TestEntry testId="f8feb370-a546-7995-c8e5-2c5a9509dee9" executionId="76db33ce-9963-4fb5-aa63-a5a1b0032e84" testListId="8c84fa94-04c1-424b-9868-57a2d4851a1d" />
    <TestEntry testId="1f165af9-b6e7-bd17-1c06-1628746543b3" executionId="f261b52f-b0de-433f-b700-45738127f719" testListId="8c84fa94-04c1-424b-9868-57a2d4851a1d" />
    <TestEntry testId="2d11d0f1-64a8-482c-f6c9-1576aff1fea5" executionId="f65de6b1-5766-4e7b-8812-aa395c71dd52" testListId="8c84fa94-04c1-424b-9868-57a2d4851a1d" />
    <TestEntry testId="9e0f7694-4c12-cabb-5030-0f3a25dfbb2b" executionId="a744be85-22e7-40b1-9622-0a556ffcaeb9" testListId="8c84fa94-04c1-424b-9868-57a2d4851a1d" />
    <TestEntry testId="d53b731a-f1cc-f58f-ac8f-3fdcdc3a367b" executionId="666ec900-5dc6-4d9e-8fa7-23d76806b293" testListId="8c84fa94-04c1-424b-9868-57a2d4851a1d" />
    <TestEntry testId="cefaab9b-deca-50a1-cf53-bfd0f84b70d8" executionId="0b72c5cd-efd4-429b-9c3f-3bfeef0f5639" testListId="8c84fa94-04c1-424b-9868-57a2d4851a1d" />
    <TestEntry testId="144c69ed-fb6c-34fd-956a-d442174acbf9" executionId="8684cb00-2d10-4da6-883e-2209fe07159c" testListId="8c84fa94-04c1-424b-9868-57a2d4851a1d" />
    <TestEntry testId="f7581027-c1a4-443d-888a-b124436b90b1" executionId="fad8fdd3-c7f8-40b7-982c-e4a9448acb07" testListId="8c84fa94-04c1-424b-9868-57a2d4851a1d" />
    <TestEntry testId="1eb53537-afef-d5dd-debc-6b9152b2f955" executionId="4adcc806-af56-48fe-b34c-42fecbe5567a" testListId="8c84fa94-04c1-424b-9868-57a2d4851a1d" />
    <TestEntry testId="4869fcc0-9c89-53f1-f0e6-6ac4c4ca00cc" executionId="31fca9dc-c40f-4efa-aaf9-a1365e5297e5" testListId="8c84fa94-04c1-424b-9868-57a2d4851a1d" />
    <TestEntry testId="5367f539-e3b0-cebf-09dd-956f309e7c6e" executionId="fa5cb357-5974-4ec4-a4f2-0cc8444c6a63" testListId="8c84fa94-04c1-424b-9868-57a2d4851a1d" />
    <TestEntry testId="caf15171-15c0-e44f-4ded-3471eafc2c21" executionId="47efc0a4-d840-4276-a177-1648baeba9f7" testListId="8c84fa94-04c1-424b-9868-57a2d4851a1d" />
    <TestEntry testId="659d4a24-265a-327f-9e9b-0c30ee6ed7bd" executionId="78239a27-ada0-4af4-9a07-e901b5892eab" testListId="8c84fa94-04c1-424b-9868-57a2d4851a1d" />
    <TestEntry testId="64bf4ca0-c568-7784-9fd7-9241aca3c483" executionId="f3f8cd59-f0c0-47a0-bbf3-7157b8f9457e" testListId="8c84fa94-04c1-424b-9868-57a2d4851a1d" />
    <TestEntry testId="276c0e6d-3f7a-82fd-4800-9c53564baba3" executionId="0cd134ba-53bf-4f54-adf1-bf745da15d2f" testListId="8c84fa94-04c1-424b-9868-57a2d4851a1d" />
    <TestEntry testId="405a6411-84b6-3693-5b46-0b5983feca5e" executionId="b8b49b9b-71fa-4ab0-b171-240e89ac46e6" testListId="8c84fa94-04c1-424b-9868-57a2d4851a1d" />
    <TestEntry testId="5779081c-72b8-3e22-5954-bdf5dfba82f5" executionId="a91f2f82-2216-4d6e-8a8a-5f6c1dd3e17b" testListId="8c84fa94-04c1-424b-9868-57a2d4851a1d" />
    <TestEntry testId="53b81941-356a-16a1-a951-ad2b635230e2" executionId="e3ff7785-520b-40e3-bdf7-7f67b0529834" testListId="8c84fa94-04c1-424b-9868-57a2d4851a1d" />
    <TestEntry testId="cd7a6560-e302-692e-ccee-28a759be3533" executionId="84463a6b-7f44-4e19-bb1f-1457355f18ef" testListId="8c84fa94-04c1-424b-9868-57a2d4851a1d" />
    <TestEntry testId="e752bd23-b6f4-f8a1-41d2-4686827d5d3c" executionId="cb2fde78-127f-438f-9fcc-4cba3da77163" testListId="8c84fa94-04c1-424b-9868-57a2d4851a1d" />
    <TestEntry testId="871f6ec2-6973-6f3c-2bf4-5a51a50a4cf2" executionId="031f6d1d-2d82-43f3-ab12-88b79ff8df88" testListId="8c84fa94-04c1-424b-9868-57a2d4851a1d" />
    <TestEntry testId="cc5dfcab-4777-b980-4145-e6c140db897c" executionId="207ef37b-33c6-4aa0-bbba-1df6f3a735f1" testListId="8c84fa94-04c1-424b-9868-57a2d4851a1d" />
    <TestEntry testId="d1e36374-9329-5797-656e-7f2208258af5" executionId="f6e647c5-2176-4da6-98dc-982f6c41da4e" testListId="8c84fa94-04c1-424b-9868-57a2d4851a1d" />
    <TestEntry testId="441213bb-d837-6a17-d5bf-0e8158ed876c" executionId="0d579113-67b6-4e0b-a981-4ace375fccbf" testListId="8c84fa94-04c1-424b-9868-57a2d4851a1d" />
    <TestEntry testId="c412921c-a830-d00a-e2a6-2eda860b9055" executionId="843f3eeb-4d2f-48b9-acb0-d3d821ac7a46" testListId="8c84fa94-04c1-424b-9868-57a2d4851a1d" />
    <TestEntry testId="af1b57b7-d4d3-cc7c-77e2-0a953337a6f4" executionId="8b344623-baaa-406f-b095-a64a181a9ac7" testListId="8c84fa94-04c1-424b-9868-57a2d4851a1d" />
    <TestEntry testId="62294b79-fd57-1a57-9fa1-16dc542d0a4d" executionId="28ef9c93-7dd7-4dc6-b03d-71c603540bd2" testListId="8c84fa94-04c1-424b-9868-57a2d4851a1d" />
    <TestEntry testId="64385f08-1561-0f65-f649-9eea3016a34f" executionId="77ac0ab7-761f-4716-a4ed-9cbc969f6ecf" testListId="8c84fa94-04c1-424b-9868-57a2d4851a1d" />
    <TestEntry testId="a513f6d4-cac8-7139-d5eb-18e28868b5e3" executionId="05ebef20-bc8b-4fd7-bdc0-45965dd4efc7" testListId="8c84fa94-04c1-424b-9868-57a2d4851a1d" />
    <TestEntry testId="9b0e5cb1-f4f9-6c49-68ba-942303d83183" executionId="f5bbd19b-b441-4d89-bbbf-97f96e2bc785" testListId="8c84fa94-04c1-424b-9868-57a2d4851a1d" />
    <TestEntry testId="273b976a-4136-12a0-93d4-d31e724b1d9b" executionId="4c4014eb-74a9-4cfa-a4d4-a0fe9bcc59da" testListId="8c84fa94-04c1-424b-9868-57a2d4851a1d" />
    <TestEntry testId="48aed434-d191-a79c-5c15-17d6032c9edd" executionId="5fbfa218-b2e2-46e4-b976-11a77414dd49" testListId="8c84fa94-04c1-424b-9868-57a2d4851a1d" />
    <TestEntry testId="e0974674-ac77-e53b-c938-66c6d56fd05c" executionId="7ddd5925-a5dc-4955-9c39-852040eff9e5" testListId="8c84fa94-04c1-424b-9868-57a2d4851a1d" />
    <TestEntry testId="b0739811-0769-0d6d-10df-bbc2b4389739" executionId="fb2a0f4d-ec56-4183-974f-3ee21bd8a8c6" testListId="8c84fa94-04c1-424b-9868-57a2d4851a1d" />
    <TestEntry testId="5ce0e781-04f1-5244-6eeb-240f14509129" executionId="08869be1-ff8f-4bfc-9909-05dc08113afd" testListId="8c84fa94-04c1-424b-9868-57a2d4851a1d" />
    <TestEntry testId="a768137e-5549-c79d-d4cb-ddd67ba25589" executionId="88edad30-e8ac-4de4-9ac4-0757ffbad907" testListId="8c84fa94-04c1-424b-9868-57a2d4851a1d" />
    <TestEntry testId="32e1fb9e-8eb8-101c-f28a-073547e7fa1e" executionId="65276e2f-098b-4136-80f7-8549df0e0a5d" testListId="8c84fa94-04c1-424b-9868-57a2d4851a1d" />
    <TestEntry testId="94b07cae-507e-90e4-fe2c-918d2724a7bc" executionId="cb23f4df-5e87-4630-9fb0-ee84673181f4" testListId="8c84fa94-04c1-424b-9868-57a2d4851a1d" />
    <TestEntry testId="d7212be9-a773-7051-2296-d1e014528157" executionId="d01166b6-a7e2-4a73-89d7-1c8829c35d8e" testListId="8c84fa94-04c1-424b-9868-57a2d4851a1d" />
    <TestEntry testId="40d07a9e-35f0-7d7b-e40e-ceb656623def" executionId="7ffbe203-2689-4099-bad6-badac2ca29b7" testListId="8c84fa94-04c1-424b-9868-57a2d4851a1d" />
    <TestEntry testId="64de42c5-cf32-f94a-2ab2-81439a18d091" executionId="8730c4ec-0d91-4e72-a815-73d79b276661" testListId="8c84fa94-04c1-424b-9868-57a2d4851a1d" />
    <TestEntry testId="878adaec-8c5a-d59b-9da3-9b3871dea119" executionId="3d841b6f-e146-4690-9580-d5556b9702a0" testListId="8c84fa94-04c1-424b-9868-57a2d4851a1d" />
    <TestEntry testId="e5f2cf6d-a0ae-d38c-0dc9-b08cf977bee2" executionId="2e53f581-9b86-4417-abd8-379530f4b568" testListId="8c84fa94-04c1-424b-9868-57a2d4851a1d" />
    <TestEntry testId="1bbd120c-214c-3ef2-991f-c7ebd3d57ae2" executionId="e60904e7-5e25-43f7-97a9-47454de0b1bc" testListId="8c84fa94-04c1-424b-9868-57a2d4851a1d" />
    <TestEntry testId="3a86bace-7c8b-cb31-de17-695019225dec" executionId="6426e8e7-6498-48f2-bb88-fca9a8efad44" testListId="8c84fa94-04c1-424b-9868-57a2d4851a1d" />
    <TestEntry testId="23ab757f-fe97-afaf-d8cf-cc47b5d58278" executionId="e64c773a-5492-4aba-8ce1-e0045c149455" testListId="8c84fa94-04c1-424b-9868-57a2d4851a1d" />
  </TestEntries>
  <TestLists>
    <TestList name="Results Not in a List" id="8c84fa94-04c1-424b-9868-57a2d4851a1d" />
    <TestList name="All Loaded Results" id="19431567-8539-422a-85d7-44ee4e166bda" />
  </TestLists>
  <ResultSummary outcome="Completed">
    <Counters total="1314" executed="1314" passed="1314" failed="0" error="0" timeout="0" aborted="0" inconclusive="0" passedButRunAborted="0" notRunnable="0" notExecuted="0" disconnected="0" warning="0" completed="0" inProgress="0" pending="0" />
  </ResultSummary>
</TestRun>