<?xml version="1.0" encoding="utf-8"?>
<TestRun id="75107658-87c2-4217-8da8-eaaa169c7ce0" name="DKSR-EFI-04$@DKSR-EFI-04 2023-12-22 09:32:38" runUser="NT AUTHORITY\NETWORK SERVICE" xmlns="http://microsoft.com/schemas/VisualStudio/TeamTest/2010">
  <Times creation="2023-12-22T09:32:38.8653695+01:00" queuing="2023-12-22T09:32:38.8653695+01:00" start="2023-12-22T09:32:37.3653631+01:00" finish="2023-12-22T09:32:39.2403691+01:00" />
  <TestSettings name="default" id="cafd42cc-d969-422e-a5e9-13cbbb939cf5">
    <Deployment runDeploymentRoot="DKSR-EFI-04$_DKSR-EFI-04_2023-12-22_09_32_38" />
  </TestSettings>
  <Results>
    <UnitTestResult executionId="70903a49-ca3d-497b-8f7d-d9c9918b6b88" testId="fa448ea3-cacd-9702-7568-8c7fc4d11ff5" testName="MapToErrorData_ShouldMapToExpectedErrorData_ForAllKnownExceptionMessages (Unknown session used for Multicast Continue: AACBA580-2202-4D25-9E27-2B193F56DEE9,40000,0)" computerName="DKSR-EFI-04" duration="00:00:00.0000184" startTime="2023-12-22T09:32:38.8477889+01:00" endTime="2023-12-22T09:32:38.8479478+01:00" testType="13cdc9d9-ddb5-4fa4-a97d-d965ccfc6d4b" outcome="Passed" testListId="8c84fa94-04c1-424b-9868-57a2d4851a1d" relativeResultsDirectory="70903a49-ca3d-497b-8f7d-d9c9918b6b88" />
    <UnitTestResult executionId="0f3de278-e574-4e76-9390-52d168b93a10" testId="c924bc3e-90cd-8153-1719-5cc6f0ffa6e2" testName="MapToErrorData_ShouldMapToExpectedErrorData_ForAllKnownExceptionMessages (Parameter 'timeLineInformationCount' &lt;= 0.,40000,0)" computerName="DKSR-EFI-04" duration="00:00:00.0000147" startTime="2023-12-22T09:32:38.8318086+01:00" endTime="2023-12-22T09:32:38.8319724+01:00" testType="13cdc9d9-ddb5-4fa4-a97d-d965ccfc6d4b" outcome="Passed" testListId="8c84fa94-04c1-424b-9868-57a2d4851a1d" relativeResultsDirectory="0f3de278-e574-4e76-9390-52d168b93a10" />
    <UnitTestResult executionId="e794e694-9c95-4813-bc98-36ef20e91c67" testId="bea61d3a-b596-676c-8420-e52dc4bdb5ee" testName="MapToErrorData_ShouldMapToExpectedErrorData_ForAllKnownExceptionMessages (Parameter 'searchInterval' not specified.,40000,0)" computerName="DKSR-EFI-04" duration="00:00:00.0000161" startTime="2023-12-22T09:32:38.8268210+01:00" endTime="2023-12-22T09:32:38.8270125+01:00" testType="13cdc9d9-ddb5-4fa4-a97d-d965ccfc6d4b" outcome="Passed" testListId="8c84fa94-04c1-424b-9868-57a2d4851a1d" relativeResultsDirectory="e794e694-9c95-4813-bc98-36ef20e91c67" />
    <UnitTestResult executionId="030143bb-5e54-4307-aa52-a1cfdd34e914" testId="33544677-77f3-7f4d-de85-e0e9e8845253" testName="MapToErrorData_ShouldMapToExpectedErrorData_ForAllKnownExceptionMessages (Token could not be validated at this time,20001,4)" computerName="DKSR-EFI-04" duration="00:00:00.0000093" startTime="2023-12-22T09:32:38.7161848+01:00" endTime="2023-12-22T09:32:38.7163792+01:00" testType="13cdc9d9-ddb5-4fa4-a97d-d965ccfc6d4b" outcome="Passed" testListId="8c84fa94-04c1-424b-9868-57a2d4851a1d" relativeResultsDirectory="030143bb-5e54-4307-aa52-a1cfdd34e914" />
    <UnitTestResult executionId="1d2a40a7-a023-452c-a782-399c9423bbb8" testId="e4710acc-05af-3f3e-4428-0a2252dcf1ea" testName="MapToErrorData_ShouldMapToExpectedErrorData_ForAllKnownExceptionMessages (Parameter 'searchMask/Size/Width' not specified.,40000,0)" computerName="DKSR-EFI-04" duration="00:00:00.0000140" startTime="2023-12-22T09:32:38.8277614+01:00" endTime="2023-12-22T09:32:38.8279264+01:00" testType="13cdc9d9-ddb5-4fa4-a97d-d965ccfc6d4b" outcome="Passed" testListId="8c84fa94-04c1-424b-9868-57a2d4851a1d" relativeResultsDirectory="1d2a40a7-a023-452c-a782-399c9423bbb8" />
    <UnitTestResult executionId="6b8875b1-90f5-424b-925c-dc1be023f1e5" testId="02eb1136-154c-feaf-762b-a5a207d56ffe" testName="MapToErrorData_ShouldReturnNull_WhenExceptionMessageIsUnmapped" computerName="DKSR-EFI-04" duration="00:00:00.0001752" startTime="2023-12-22T09:32:38.8514223+01:00" endTime="2023-12-22T09:32:38.8562111+01:00" testType="13cdc9d9-ddb5-4fa4-a97d-d965ccfc6d4b" outcome="Passed" testListId="8c84fa94-04c1-424b-9868-57a2d4851a1d" relativeResultsDirectory="6b8875b1-90f5-424b-925c-dc1be023f1e5" />
    <UnitTestResult executionId="1870eb75-cbe2-4e3e-91fc-5946080ccacc" testId="a2af4ca4-418d-1bfc-06a1-ddf6020a858c" testName="MapToErrorData_ShouldMapToExpectedErrorData_ForAllKnownExceptionMessages (Sequences Get not allowed,40000,0)" computerName="DKSR-EFI-04" duration="00:00:00.0000153" startTime="2023-12-22T09:32:38.8414795+01:00" endTime="2023-12-22T09:32:38.8416809+01:00" testType="13cdc9d9-ddb5-4fa4-a97d-d965ccfc6d4b" outcome="Passed" testListId="8c84fa94-04c1-424b-9868-57a2d4851a1d" relativeResultsDirectory="1870eb75-cbe2-4e3e-91fc-5946080ccacc" />
    <UnitTestResult executionId="39a20a6d-09c8-4268-ade2-a99b118d8b7d" testId="5ca73389-7db4-3e7a-4464-cebcf0dce7ba" testName="MapToErrorData_ShouldMapToExpectedErrorData_ForAllKnownExceptionMessages (Parameter 'bottom' not specified.,40000,0)" computerName="DKSR-EFI-04" duration="00:00:00.0000178" startTime="2023-12-22T09:32:38.8150369+01:00" endTime="2023-12-22T09:32:38.8152319+01:00" testType="13cdc9d9-ddb5-4fa4-a97d-d965ccfc6d4b" outcome="Passed" testListId="8c84fa94-04c1-424b-9868-57a2d4851a1d" relativeResultsDirectory="39a20a6d-09c8-4268-ade2-a99b118d8b7d" />
    <UnitTestResult executionId="7e034933-2357-459c-a96d-72152e0b9e54" testId="93cc4774-f1d8-9eb9-c679-e3e90ed5c495" testName="MapToErrorData_ShouldMapToExpectedErrorData_ForAllKnownExceptionMessages (Parameter 'multicastSessionIds' not specified.,40000,0)" computerName="DKSR-EFI-04" duration="00:00:00.0000160" startTime="2023-12-22T09:32:38.8323539+01:00" endTime="2023-12-22T09:32:38.8325097+01:00" testType="13cdc9d9-ddb5-4fa4-a97d-d965ccfc6d4b" outcome="Passed" testListId="8c84fa94-04c1-424b-9868-57a2d4851a1d" relativeResultsDirectory="7e034933-2357-459c-a96d-72152e0b9e54" />
    <UnitTestResult executionId="c62f5225-c1cc-4193-8f8a-0040469303bc" testId="0db8f075-8619-9924-cc7c-4e59947c272a" testName="MapToErrorData_ShouldMapToExpectedErrorData_ForAllKnownExceptionMessages (Unknown soap version,10003,0)" computerName="DKSR-EFI-04" duration="00:00:00.0000116" startTime="2023-12-22T09:32:38.8506740+01:00" endTime="2023-12-22T09:32:38.8508315+01:00" testType="13cdc9d9-ddb5-4fa4-a97d-d965ccfc6d4b" outcome="Passed" testListId="8c84fa94-04c1-424b-9868-57a2d4851a1d" relativeResultsDirectory="c62f5225-c1cc-4193-8f8a-0040469303bc" />
    <UnitTestResult executionId="ced08a8a-0c40-468c-8abd-dac2643a6075" testId="515d24aa-9e7f-58b7-f6d8-5a472a32c10a" testName="MapToErrorData_ShouldMapToExpectedErrorData_ForAllKnownExceptionMessages (Device is not started,40295,2)" computerName="DKSR-EFI-04" duration="00:00:00.0000084" startTime="2023-12-22T09:32:38.7175359+01:00" endTime="2023-12-22T09:32:38.7177311+01:00" testType="13cdc9d9-ddb5-4fa4-a97d-d965ccfc6d4b" outcome="Passed" testListId="8c84fa94-04c1-424b-9868-57a2d4851a1d" relativeResultsDirectory="ced08a8a-0c40-468c-8abd-dac2643a6075" />
    <UnitTestResult executionId="1a983073-d76e-4667-9d88-3d1f4382b250" testId="2e0a531a-9fca-50ea-f742-d0c411ede313" testName="MapToErrorData_ShouldMapToExpectedErrorData_ForAllKnownExceptionMessages (Cannot release patrolling session.,40295,42)" computerName="DKSR-EFI-04" duration="00:00:00.0000097" startTime="2023-12-22T09:32:38.8026065+01:00" endTime="2023-12-22T09:32:38.8029453+01:00" testType="13cdc9d9-ddb5-4fa4-a97d-d965ccfc6d4b" outcome="Passed" testListId="8c84fa94-04c1-424b-9868-57a2d4851a1d" relativeResultsDirectory="1a983073-d76e-4667-9d88-3d1f4382b250" />
    <UnitTestResult executionId="55c8e03e-3cb5-46fc-9fcf-4ed5f2334ae5" testId="844788f2-1eac-7aea-bacc-e338c6fa2a5b" testName="MapToErrorData_ShouldMapToExpectedErrorData_ForAllKnownExceptionMessages (Unable to get status for session. Session id: 'AACBA580-2202-4D25-9E27-2B193F56DEE9',40000,0)" computerName="DKSR-EFI-04" duration="00:00:00.0000195" startTime="2023-12-22T09:32:38.8497028+01:00" endTime="2023-12-22T09:32:38.8499209+01:00" testType="13cdc9d9-ddb5-4fa4-a97d-d965ccfc6d4b" outcome="Passed" testListId="8c84fa94-04c1-424b-9868-57a2d4851a1d" relativeResultsDirectory="55c8e03e-3cb5-46fc-9fcf-4ed5f2334ae5" />
    <UnitTestResult executionId="0186be8c-7d1a-47d2-bd06-29a31e3cefa5" testId="8f765b14-bd69-1133-f585-3d3b4c296915" testName="MapToErrorData_ShouldMapToExpectedErrorData_ForAllKnownExceptionMessages (Cannot perform session request on non-active session.,40295,31)" computerName="DKSR-EFI-04" duration="00:00:00.0000081" startTime="2023-12-22T09:32:38.7986002+01:00" endTime="2023-12-22T09:32:38.7987834+01:00" testType="13cdc9d9-ddb5-4fa4-a97d-d965ccfc6d4b" outcome="Passed" testListId="8c84fa94-04c1-424b-9868-57a2d4851a1d" relativeResultsDirectory="0186be8c-7d1a-47d2-bd06-29a31e3cefa5" />
    <UnitTestResult executionId="04192f76-0969-4217-9e5d-915b75cdaaf6" testId="93a3d2d5-1ead-5b8c-97e3-004455941625" testName="MapToErrorData_ShouldMapToExpectedErrorData_ForAllKnownExceptionMessages (Parameter 'searchEndTime' not specified.,40000,0)" computerName="DKSR-EFI-04" duration="00:00:00.0000096" startTime="2023-12-22T09:32:38.8255402+01:00" endTime="2023-12-22T09:32:38.8256769+01:00" testType="13cdc9d9-ddb5-4fa4-a97d-d965ccfc6d4b" outcome="Passed" testListId="8c84fa94-04c1-424b-9868-57a2d4851a1d" relativeResultsDirectory="04192f76-0969-4217-9e5d-915b75cdaaf6" />
    <UnitTestResult executionId="3f722a85-8d16-4829-a99f-409107df41c6" testId="8068d011-df3c-233c-b34c-11f411245362" testName="MapToErrorData_ShouldMapToExpectedErrorData_ForAllKnownExceptionMessages (Parameter 'maxCount' not specified.,40000,0)" computerName="DKSR-EFI-04" duration="00:00:00.0000159" startTime="2023-12-22T09:32:38.8237685+01:00" endTime="2023-12-22T09:32:38.8239643+01:00" testType="13cdc9d9-ddb5-4fa4-a97d-d965ccfc6d4b" outcome="Passed" testListId="8c84fa94-04c1-424b-9868-57a2d4851a1d" relativeResultsDirectory="3f722a85-8d16-4829-a99f-409107df41c6" />
    <UnitTestResult executionId="0c0de3ae-2d8b-4bdd-afee-12ec4b23c82b" testId="3764e6d9-e325-3b1f-bcc6-b9654fde8c25" testName="MapToErrorData_ShouldMapToExpectedErrorData_ForAllKnownExceptionMessages (Parameter 'ptzArgs' not specified.,40000,0)" computerName="DKSR-EFI-04" duration="00:00:00.0000182" startTime="2023-12-22T09:32:38.8122583+01:00" endTime="2023-12-22T09:32:38.8124798+01:00" testType="13cdc9d9-ddb5-4fa4-a97d-d965ccfc6d4b" outcome="Passed" testListId="8c84fa94-04c1-424b-9868-57a2d4851a1d" relativeResultsDirectory="0c0de3ae-2d8b-4bdd-afee-12ec4b23c82b" />
    <UnitTestResult executionId="28965dbe-be49-4e83-bc58-62344009cc79" testId="3dcfce6c-f0bc-2783-2af2-6450bc06a5dd" testName="MapToErrorData_ShouldMapToExpectedErrorData_ForAllKnownExceptionMessages (Parameter 'timeLineInformationBeginTime' not specified.,40000,0)" computerName="DKSR-EFI-04" duration="00:00:00.0000188" startTime="2023-12-22T09:32:38.8310099+01:00" endTime="2023-12-22T09:32:38.8312106+01:00" testType="13cdc9d9-ddb5-4fa4-a97d-d965ccfc6d4b" outcome="Passed" testListId="8c84fa94-04c1-424b-9868-57a2d4851a1d" relativeResultsDirectory="28965dbe-be49-4e83-bc58-62344009cc79" />
    <UnitTestResult executionId="5460f592-4ac2-4d89-af79-2bed941a4f1c" testId="a43eefff-7bca-2eb3-624c-11d26449da3c" testName="MapToErrorData_ShouldMapToExpectedErrorData_ForAllKnownExceptionMessages (Device AACBA580-2202-4D25-9E27-2B193F56DEE9 does not exist,40295,1)" computerName="DKSR-EFI-04" duration="00:00:00.0000336" startTime="2023-12-22T09:32:38.7170363+01:00" endTime="2023-12-22T09:32:38.7172702+01:00" testType="13cdc9d9-ddb5-4fa4-a97d-d965ccfc6d4b" outcome="Passed" testListId="8c84fa94-04c1-424b-9868-57a2d4851a1d" relativeResultsDirectory="5460f592-4ac2-4d89-af79-2bed941a4f1c" />
    <UnitTestResult executionId="d40b5d93-0a6d-48f1-acd0-8d4c47373e1d" testId="0172c263-c69e-dcf3-9dbe-1f828258c794" testName="MapToErrorData_ShouldMapToExpectedErrorData_ForAllKnownExceptionMessages (Cannot start a session which is already running.,40295,32)" computerName="DKSR-EFI-04" duration="00:00:00.0000141" startTime="2023-12-22T09:32:38.8011364+01:00" endTime="2023-12-22T09:32:38.8013747+01:00" testType="13cdc9d9-ddb5-4fa4-a97d-d965ccfc6d4b" outcome="Passed" testListId="8c84fa94-04c1-424b-9868-57a2d4851a1d" relativeResultsDirectory="d40b5d93-0a6d-48f1-acd0-8d4c47373e1d" />
    <UnitTestResult executionId="8d6d6b2e-a406-4f01-94af-8c8b2a501113" testId="03288840-2dc2-19f0-e304-8d21e0b02fa5" testName="MapToErrorData_ShouldMapToExpectedErrorData_ForAllKnownExceptionMessages (Patrolling session has not been started.,40295,40)" computerName="DKSR-EFI-04" duration="00:00:00.0000185" startTime="2023-12-22T09:32:38.8019476+01:00" endTime="2023-12-22T09:32:38.8021391+01:00" testType="13cdc9d9-ddb5-4fa4-a97d-d965ccfc6d4b" outcome="Passed" testListId="8c84fa94-04c1-424b-9868-57a2d4851a1d" relativeResultsDirectory="8d6d6b2e-a406-4f01-94af-8c8b2a501113" />
    <UnitTestResult executionId="92589627-5773-4e0d-91e2-4d1817ca4b67" testId="2647096c-aba4-e33a-a25e-5ea08cf9df11" testName="MapToErrorData_ShouldMapToExpectedErrorData_ForAllKnownExceptionMessages (Request rejected, request priority (1) lower than current patrolling priority (2).,40295,43)" computerName="DKSR-EFI-04" duration="00:00:00.0000123" startTime="2023-12-22T09:32:38.8032527+01:00" endTime="2023-12-22T09:32:38.8034642+01:00" testType="13cdc9d9-ddb5-4fa4-a97d-d965ccfc6d4b" outcome="Passed" testListId="8c84fa94-04c1-424b-9868-57a2d4851a1d" relativeResultsDirectory="92589627-5773-4e0d-91e2-4d1817ca4b67" />
    <UnitTestResult executionId="0e4ecba2-23f0-48d5-b165-f9b94607c26a" testId="6c8cfcbe-26cc-3116-a1fe-812bcf45951d" testName="MapToErrorData_ShouldMapToExpectedErrorData_ForAllKnownExceptionMessages (Device is not IPreset,40295,11)" computerName="DKSR-EFI-04" duration="00:00:00.0000098" startTime="2023-12-22T09:32:38.7972495+01:00" endTime="2023-12-22T09:32:38.7974491+01:00" testType="13cdc9d9-ddb5-4fa4-a97d-d965ccfc6d4b" outcome="Passed" testListId="8c84fa94-04c1-424b-9868-57a2d4851a1d" relativeResultsDirectory="0e4ecba2-23f0-48d5-b165-f9b94607c26a" />
    <UnitTestResult executionId="f7d07f91-1de3-4ab3-bf47-5ead55edbc17" testId="e78489c1-65df-995e-ceb9-0b1adee1e4b3" testName="MapToErrorData_ShouldMapToExpectedErrorData_ForAllKnownExceptionMessages (Parameter 'deviceId' not specified.,40000,0)" computerName="DKSR-EFI-04" duration="00:00:00.0000125" startTime="2023-12-22T09:32:38.8086465+01:00" endTime="2023-12-22T09:32:38.8088614+01:00" testType="13cdc9d9-ddb5-4fa4-a97d-d965ccfc6d4b" outcome="Passed" testListId="8c84fa94-04c1-424b-9868-57a2d4851a1d" relativeResultsDirectory="f7d07f91-1de3-4ab3-bf47-5ead55edbc17" />
    <UnitTestResult executionId="18661012-294b-415d-8001-cfad976a03cd" testId="54420a81-3202-6712-9838-6c860d2f1fbf" testName="MapToErrorData_ShouldMapToExpectedErrorData_ForAllKnownExceptionMessages (Send driver command not allowed,40000,0)" computerName="DKSR-EFI-04" duration="00:00:00.0000097" startTime="2023-12-22T09:32:38.8375443+01:00" endTime="2023-12-22T09:32:38.8376876+01:00" testType="13cdc9d9-ddb5-4fa4-a97d-d965ccfc6d4b" outcome="Passed" testListId="8c84fa94-04c1-424b-9868-57a2d4851a1d" relativeResultsDirectory="18661012-294b-415d-8001-cfad976a03cd" />
    <UnitTestResult executionId="b57299e0-5b28-4974-ab1d-900e9577baeb" testId="e0c4eaf9-0e39-3b3a-916a-b855f447e07f" testName="MapToErrorData_ShouldMapToExpectedErrorData_ForAllKnownExceptionMessages (Device not ready, device Id =AACBA580-2202-4D25-9E27-2B193F56DEE9,40295,2)" computerName="DKSR-EFI-04" duration="00:00:00.0000097" startTime="2023-12-22T09:32:38.7172998+01:00" endTime="2023-12-22T09:32:38.7175008+01:00" testType="13cdc9d9-ddb5-4fa4-a97d-d965ccfc6d4b" outcome="Passed" testListId="8c84fa94-04c1-424b-9868-57a2d4851a1d" relativeResultsDirectory="b57299e0-5b28-4974-ab1d-900e9577baeb" />
    <UnitTestResult executionId="673b70a4-54cb-4351-898c-8ff3c1b33ac9" testId="1b058b97-bb74-15a8-7317-ac184b91873a" testName="MapToErrorData_ShouldMapToExpectedErrorData_ForAllKnownExceptionMessages (Manual patrolling cannot be released,40295,42)" computerName="DKSR-EFI-04" duration="00:00:00.0000102" startTime="2023-12-22T09:32:38.8023852+01:00" endTime="2023-12-22T09:32:38.8025774+01:00" testType="13cdc9d9-ddb5-4fa4-a97d-d965ccfc6d4b" outcome="Passed" testListId="8c84fa94-04c1-424b-9868-57a2d4851a1d" relativeResultsDirectory="673b70a4-54cb-4351-898c-8ff3c1b33ac9" />
    <UnitTestResult executionId="563f35aa-62bd-4f21-b8b0-2c62fb4c761b" testId="da4a5a12-d730-2d9f-9d0f-8fe4d275e6a4" testName="MapToErrorData_ShouldMapToExpectedErrorData_ForAllKnownExceptionMessages (Parameter 'maxTime' not specified.,40000,0)" computerName="DKSR-EFI-04" duration="00:00:00.0000090" startTime="2023-12-22T09:32:38.8225880+01:00" endTime="2023-12-22T09:32:38.8227392+01:00" testType="13cdc9d9-ddb5-4fa4-a97d-d965ccfc6d4b" outcome="Passed" testListId="8c84fa94-04c1-424b-9868-57a2d4851a1d" relativeResultsDirectory="563f35aa-62bd-4f21-b8b0-2c62fb4c761b" />
    <UnitTestResult executionId="c90831ae-4870-4c59-9e07-e0cd223c9784" testId="1d29cc7a-a6eb-2b93-bb06-e7446d8ebc19" testName="MapToErrorData_ShouldMapToExpectedErrorData_ForAllKnownExceptionMessages (Cannot pause a session which is not running.,40295,33)" computerName="DKSR-EFI-04" duration="00:00:00.0000110" startTime="2023-12-22T09:32:38.8017261+01:00" endTime="2023-12-22T09:32:38.8019191+01:00" testType="13cdc9d9-ddb5-4fa4-a97d-d965ccfc6d4b" outcome="Passed" testListId="8c84fa94-04c1-424b-9868-57a2d4851a1d" relativeResultsDirectory="c90831ae-4870-4c59-9e07-e0cd223c9784" />
    <UnitTestResult executionId="e266555d-8a34-4619-b7dd-108de0275cb1" testId="f635cd27-80eb-0aa5-e577-37d722671965" testName="MapToErrorData_ShouldMapToExpectedErrorData_ForAllKnownExceptionMessages (Parameter 'left' not a double.,40000,0)" computerName="DKSR-EFI-04" duration="00:00:00.0000113" startTime="2023-12-22T09:32:38.8127365+01:00" endTime="2023-12-22T09:32:38.8129300+01:00" testType="13cdc9d9-ddb5-4fa4-a97d-d965ccfc6d4b" outcome="Passed" testListId="8c84fa94-04c1-424b-9868-57a2d4851a1d" relativeResultsDirectory="e266555d-8a34-4619-b7dd-108de0275cb1" />
    <UnitTestResult executionId="c0851f21-626e-4af1-ada2-abc1f3c67157" testId="7ddc7671-5ae7-bc55-7f8e-6733a585870b" testName="MapToErrorData_ShouldMapToExpectedErrorData_ForAllKnownExceptionMessages (Output Deactivate not allowed,40000,0)" computerName="DKSR-EFI-04" duration="00:00:00.0000098" startTime="2023-12-22T09:32:38.8368884+01:00" endTime="2023-12-22T09:32:38.8370337+01:00" testType="13cdc9d9-ddb5-4fa4-a97d-d965ccfc6d4b" outcome="Passed" testListId="8c84fa94-04c1-424b-9868-57a2d4851a1d" relativeResultsDirectory="c0851f21-626e-4af1-ada2-abc1f3c67157" />
    <UnitTestResult executionId="5aa99f36-78fb-46a8-bc78-7959bc87698a" testId="2e4dab93-7254-9a59-2cd6-e0afcb3c4c87" testName="MapToErrorData_ShouldMapToExpectedErrorData_ForAllKnownExceptionMessages (Output Activate not allowed,40000,0)" computerName="DKSR-EFI-04" duration="00:00:00.0000122" startTime="2023-12-22T09:32:38.8366761+01:00" endTime="2023-12-22T09:32:38.8368592+01:00" testType="13cdc9d9-ddb5-4fa4-a97d-d965ccfc6d4b" outcome="Passed" testListId="8c84fa94-04c1-424b-9868-57a2d4851a1d" relativeResultsDirectory="5aa99f36-78fb-46a8-bc78-7959bc87698a" />
    <UnitTestResult executionId="565d9121-23a4-411c-9391-49c89276e118" testId="8d2e1712-dfb6-c94c-5234-073e0a7777da" testName="MapToErrorData_ShouldMapToExpectedErrorData_ForAllKnownExceptionMessages (Token invalid,20001,2)" computerName="DKSR-EFI-04" duration="00:00:00.0000304" startTime="2023-12-22T09:32:38.7154849+01:00" endTime="2023-12-22T09:32:38.7158691+01:00" testType="13cdc9d9-ddb5-4fa4-a97d-d965ccfc6d4b" outcome="Passed" testListId="8c84fa94-04c1-424b-9868-57a2d4851a1d" relativeResultsDirectory="565d9121-23a4-411c-9391-49c89276e118" />
    <UnitTestResult executionId="71c04608-eaa5-4b60-93bb-0cd9c136330f" testId="bf4683fe-e278-b0bb-2085-5598b3ec6125" testName="MapToErrorData_ShouldMapToExpectedErrorData_ForAllKnownExceptionMessages (Cannot resume patrolling when not paused, deviceId=AACBA580-2202-4D25-9E27-2B193F56DEE9,40295,41)" computerName="DKSR-EFI-04" duration="00:00:00.0000106" startTime="2023-12-22T09:32:38.8021645+01:00" endTime="2023-12-22T09:32:38.8023524+01:00" testType="13cdc9d9-ddb5-4fa4-a97d-d965ccfc6d4b" outcome="Passed" testListId="8c84fa94-04c1-424b-9868-57a2d4851a1d" relativeResultsDirectory="71c04608-eaa5-4b60-93bb-0cd9c136330f" />
    <UnitTestResult executionId="46a147c3-3175-447c-ba95-3d23f85e2b3b" testId="206f3a64-6a93-c3b3-fdc1-fa2dbccfeeb8" testName="MapToErrorData_ShouldMapToExpectedErrorData_ForAllKnownExceptionMessages (Feature not licensed.,40295,100)" computerName="DKSR-EFI-04" duration="00:00:00.0000116" startTime="2023-12-22T09:32:38.8078247+01:00" endTime="2023-12-22T09:32:38.8080559+01:00" testType="13cdc9d9-ddb5-4fa4-a97d-d965ccfc6d4b" outcome="Passed" testListId="8c84fa94-04c1-424b-9868-57a2d4851a1d" relativeResultsDirectory="46a147c3-3175-447c-ba95-3d23f85e2b3b" />
    <UnitTestResult executionId="41d46ad6-fec8-412f-be14-0a75162cab6d" testId="108af05d-0ace-b0f1-f05e-289eb9e90a11" testName="MapToErrorData_ShouldMapToExpectedErrorData_ForAllKnownExceptionMessages (Cannot release non existing session.,40295,33)" computerName="DKSR-EFI-04" duration="00:00:00.0000111" startTime="2023-12-22T09:32:38.8014742+01:00" endTime="2023-12-22T09:32:38.8016893+01:00" testType="13cdc9d9-ddb5-4fa4-a97d-d965ccfc6d4b" outcome="Passed" testListId="8c84fa94-04c1-424b-9868-57a2d4851a1d" relativeResultsDirectory="41d46ad6-fec8-412f-be14-0a75162cab6d" />
    <UnitTestResult executionId="1c1ef45d-2d0f-4bae-8334-37ddef9b9f8c" testId="01ddccd1-9039-984e-193d-ad028964b920" testName="MapToErrorData_ShouldMapToExpectedErrorData_ForAllKnownExceptionMessages (Sequences Get Around With Span not allowed,40000,0)" computerName="DKSR-EFI-04" duration="00:00:00.0000113" startTime="2023-12-22T09:32:38.8418915+01:00" endTime="2023-12-22T09:32:38.8469716+01:00" testType="13cdc9d9-ddb5-4fa4-a97d-d965ccfc6d4b" outcome="Passed" testListId="8c84fa94-04c1-424b-9868-57a2d4851a1d" relativeResultsDirectory="1c1ef45d-2d0f-4bae-8334-37ddef9b9f8c" />
    <UnitTestResult executionId="0329404e-483d-4e27-a89a-7b3a32883ffb" testId="d046baf2-39e8-c10b-cdc6-2596bb06915f" testName="MapToErrorData_ShouldMapToExpectedErrorData_ForAllKnownExceptionMessages (Ptz device request failed,40295,0)" computerName="DKSR-EFI-04" duration="00:00:00.0003824" startTime="2023-12-22T09:32:38.7164131+01:00" endTime="2023-12-22T09:32:38.7170005+01:00" testType="13cdc9d9-ddb5-4fa4-a97d-d965ccfc6d4b" outcome="Passed" testListId="8c84fa94-04c1-424b-9868-57a2d4851a1d" relativeResultsDirectory="0329404e-483d-4e27-a89a-7b3a32883ffb" />
    <UnitTestResult executionId="b2d5effb-92ad-4672-a5e9-b108cc3d38ad" testId="b728ccec-68da-e762-c01d-1e8efd419495" testName="MapToErrorData_ShouldMapToExpectedErrorData_ForAllKnownExceptionMessages (Parameter 'top' not specified.,40000,0)" computerName="DKSR-EFI-04" duration="00:00:00.0000165" startTime="2023-12-22T09:32:38.8129567+01:00" endTime="2023-12-22T09:32:38.8131390+01:00" testType="13cdc9d9-ddb5-4fa4-a97d-d965ccfc6d4b" outcome="Passed" testListId="8c84fa94-04c1-424b-9868-57a2d4851a1d" relativeResultsDirectory="b2d5effb-92ad-4672-a5e9-b108cc3d38ad" />
    <UnitTestResult executionId="8f7c8c05-8514-4597-a155-f44bab8f5b26" testId="e59b8beb-b7f4-ead9-5274-849c5d85263f" testName="MapToErrorData_ShouldMapToExpectedErrorData_ForAllKnownExceptionMessages (Device AACBA580-2202-4D25-9E27-2B193F56DEE9 not found.,40000,0)" computerName="DKSR-EFI-04" duration="00:00:00.0000129" startTime="2023-12-22T09:32:38.8355358+01:00" endTime="2023-12-22T09:32:38.8356849+01:00" testType="13cdc9d9-ddb5-4fa4-a97d-d965ccfc6d4b" outcome="Passed" testListId="8c84fa94-04c1-424b-9868-57a2d4851a1d" relativeResultsDirectory="8f7c8c05-8514-4597-a155-f44bab8f5b26" />
    <UnitTestResult executionId="a1fbc2db-93b5-44b7-bf03-3e84f9f6261b" testId="65967649-297f-d191-e743-54e4eed8afed" testName="MapToErrorData_ShouldMapToExpectedErrorData_ForAllKnownExceptionMessages (Request rejected, cannot pause a reserved session,40295,71)" computerName="DKSR-EFI-04" duration="00:00:00.0000116" startTime="2023-12-22T09:32:38.8060541+01:00" endTime="2023-12-22T09:32:38.8062491+01:00" testType="13cdc9d9-ddb5-4fa4-a97d-d965ccfc6d4b" outcome="Passed" testListId="8c84fa94-04c1-424b-9868-57a2d4851a1d" relativeResultsDirectory="a1fbc2db-93b5-44b7-bf03-3e84f9f6261b" />
    <UnitTestResult executionId="e8ae62c3-0613-410a-a196-9dfd006254ea" testId="fa3791c7-e8ce-0409-854d-b45e4d8d32d4" testName="MapToErrorData_ShouldMapToExpectedErrorData_ForAllKnownExceptionMessages (Parameter 'duration' not specified.,40000,0)" computerName="DKSR-EFI-04" duration="00:00:00.0000118" startTime="2023-12-22T09:32:38.8097842+01:00" endTime="2023-12-22T09:32:38.8099747+01:00" testType="13cdc9d9-ddb5-4fa4-a97d-d965ccfc6d4b" outcome="Passed" testListId="8c84fa94-04c1-424b-9868-57a2d4851a1d" relativeResultsDirectory="e8ae62c3-0613-410a-a196-9dfd006254ea" />
    <UnitTestResult executionId="6a60223a-506c-4ca3-9724-6ea99ac340c8" testId="236f6ea0-c341-2b6d-0426-2ce658d7fd1f" testName="MapToErrorData_ShouldMapToExpectedErrorData_ForAllKnownExceptionMessages (Invalid format. Value 'MicroSeconds' not specified for 'duration' parameter.,40000,0)" computerName="DKSR-EFI-04" duration="00:00:00.0000118" startTime="2023-12-22T09:32:38.8370563+01:00" endTime="2023-12-22T09:32:38.8372013+01:00" testType="13cdc9d9-ddb5-4fa4-a97d-d965ccfc6d4b" outcome="Passed" testListId="8c84fa94-04c1-424b-9868-57a2d4851a1d" relativeResultsDirectory="6a60223a-506c-4ca3-9724-6ea99ac340c8" />
    <UnitTestResult executionId="2e375446-c079-4f06-a547-f0f66870d3d0" testId="fe597369-cabd-61b0-f134-60cdb315f2cf" testName="MapToErrorData_ShouldMapToExpectedErrorData_ForAllKnownExceptionMessages (Export of JPEG not allowed(restricted media or dataSecurityExtension),40000,0)" computerName="DKSR-EFI-04" duration="00:00:00.0000119" startTime="2023-12-22T09:32:38.8351848+01:00" endTime="2023-12-22T09:32:38.8353375+01:00" testType="13cdc9d9-ddb5-4fa4-a97d-d965ccfc6d4b" outcome="Passed" testListId="8c84fa94-04c1-424b-9868-57a2d4851a1d" relativeResultsDirectory="2e375446-c079-4f06-a547-f0f66870d3d0" />
    <UnitTestResult executionId="ea304eb7-1b95-4e09-86ba-ba1375e151bf" testId="48326302-fe25-5f4b-9321-53b6e1ad9c57" testName="MapToErrorData_ShouldMapToExpectedErrorData_ForAllKnownExceptionMessages (Parameter 'sequenceType' not specified.,40000,0)" computerName="DKSR-EFI-04" duration="00:00:00.0000120" startTime="2023-12-22T09:32:38.8222474+01:00" endTime="2023-12-22T09:32:38.8223965+01:00" testType="13cdc9d9-ddb5-4fa4-a97d-d965ccfc6d4b" outcome="Passed" testListId="8c84fa94-04c1-424b-9868-57a2d4851a1d" relativeResultsDirectory="ea304eb7-1b95-4e09-86ba-ba1375e151bf" />
    <UnitTestResult executionId="58ba0175-effe-412a-9617-cb2bd25fdfb3" testId="61bfd5f1-b5bc-0f4f-5f35-33e2cf4d2d0d" testName="MapToErrorData_ShouldMapToExpectedErrorData_ForAllKnownExceptionMessages (PresetGetList not allowed,40000,0)" computerName="DKSR-EFI-04" duration="00:00:00.0000096" startTime="2023-12-22T09:32:38.8378768+01:00" endTime="2023-12-22T09:32:38.8380179+01:00" testType="13cdc9d9-ddb5-4fa4-a97d-d965ccfc6d4b" outcome="Passed" testListId="8c84fa94-04c1-424b-9868-57a2d4851a1d" relativeResultsDirectory="58ba0175-effe-412a-9617-cb2bd25fdfb3" />
    <UnitTestResult executionId="0fa19a9d-9412-4d30-adb8-3c17bf6ce839" testId="31788cdd-ef93-4305-a120-cd0372756780" testName="MapToErrorData_ShouldMapToExpectedErrorData_ForAllKnownExceptionMessages (Parameter 'subscribe' not specified.,40000,0)" computerName="DKSR-EFI-04" duration="00:00:00.0000162" startTime="2023-12-22T09:32:38.8337937+01:00" endTime="2023-12-22T09:32:38.8339832+01:00" testType="13cdc9d9-ddb5-4fa4-a97d-d965ccfc6d4b" outcome="Passed" testListId="8c84fa94-04c1-424b-9868-57a2d4851a1d" relativeResultsDirectory="0fa19a9d-9412-4d30-adb8-3c17bf6ce839" />
    <UnitTestResult executionId="a745f6f2-62f1-49a8-9b6b-0232611b8942" testId="6629b8ce-27d6-55a9-c243-f84a8de15019" testName="MapToErrorData_ShouldMapToExpectedErrorData_ForAllKnownExceptionMessages (Smart Search Start not allowed,40000,0)" computerName="DKSR-EFI-04" duration="00:00:00.0000105" startTime="2023-12-22T09:32:38.8474527+01:00" endTime="2023-12-22T09:32:38.8476025+01:00" testType="13cdc9d9-ddb5-4fa4-a97d-d965ccfc6d4b" outcome="Passed" testListId="8c84fa94-04c1-424b-9868-57a2d4851a1d" relativeResultsDirectory="a745f6f2-62f1-49a8-9b6b-0232611b8942" />
    <UnitTestResult executionId="04c7d9e9-b183-4e51-8286-e3394f6ef183" testId="3a90c1f9-511f-7afe-67be-633a05042396" testName="MapToErrorData_ShouldMapToExpectedErrorData_ForAllKnownExceptionMessages (Cannot release session without proper permission.,40295,60)" computerName="DKSR-EFI-04" duration="00:00:00.0000112" startTime="2023-12-22T09:32:38.8051386+01:00" endTime="2023-12-22T09:32:38.8053402+01:00" testType="13cdc9d9-ddb5-4fa4-a97d-d965ccfc6d4b" outcome="Passed" testListId="8c84fa94-04c1-424b-9868-57a2d4851a1d" relativeResultsDirectory="04c7d9e9-b183-4e51-8286-e3394f6ef183" />
    <UnitTestResult executionId="00221f43-2bd0-4111-90ef-9bfc963a3cfd" testId="3d3e0d26-4670-fc08-72af-6dfc81c27261" testName="MapToErrorData_ShouldMapToExpectedErrorData_ForAllKnownExceptionMessages (Request skipped - too many requests in queue,40295,21)" computerName="DKSR-EFI-04" duration="00:00:00.0000101" startTime="2023-12-22T09:32:38.7979468+01:00" endTime="2023-12-22T09:32:38.7981471+01:00" testType="13cdc9d9-ddb5-4fa4-a97d-d965ccfc6d4b" outcome="Passed" testListId="8c84fa94-04c1-424b-9868-57a2d4851a1d" relativeResultsDirectory="00221f43-2bd0-4111-90ef-9bfc963a3cfd" />
    <UnitTestResult executionId="d190dec2-b8e8-4b0a-a839-e42f1f8445d4" testId="a9618e4b-8e89-0247-245e-8f9e815d108a" testName="MapToErrorData_ShouldMapToExpectedErrorData_ForAllKnownExceptionMessages (PresetSet is not supported,40000,0)" computerName="DKSR-EFI-04" duration="00:00:00.0002889" startTime="2023-12-22T09:32:38.8080884+01:00" endTime="2023-12-22T09:32:38.8086109+01:00" testType="13cdc9d9-ddb5-4fa4-a97d-d965ccfc6d4b" outcome="Passed" testListId="8c84fa94-04c1-424b-9868-57a2d4851a1d" relativeResultsDirectory="d190dec2-b8e8-4b0a-a839-e42f1f8445d4" />
    <UnitTestResult executionId="0ff23b1f-76e6-4bbe-9ec4-fca97ef35b60" testId="1aabf4d3-6a3b-e7e3-a00c-4631be2dce11" testName="MapToErrorData_ShouldMapToExpectedErrorData_ForAllKnownExceptionMessages (Parameter 'searchMask/Size' not specified.,40000,0)" computerName="DKSR-EFI-04" duration="00:00:00.0000150" startTime="2023-12-22T09:32:38.8275742+01:00" endTime="2023-12-22T09:32:38.8277359+01:00" testType="13cdc9d9-ddb5-4fa4-a97d-d965ccfc6d4b" outcome="Passed" testListId="8c84fa94-04c1-424b-9868-57a2d4851a1d" relativeResultsDirectory="0ff23b1f-76e6-4bbe-9ec4-fca97ef35b60" />
    <UnitTestResult executionId="e9657de8-5361-4987-a1c2-9a25b5203dea" testId="d3f8ffb4-3c74-a520-b24a-af65a869827e" testName="MapToErrorData_ShouldMapToExpectedErrorData_ForAllKnownExceptionMessages (Parameter 'sensitivity' not specified.,40000,0)" computerName="DKSR-EFI-04" duration="00:00:00.0000135" startTime="2023-12-22T09:32:38.8256946+01:00" endTime="2023-12-22T09:32:38.8258379+01:00" testType="13cdc9d9-ddb5-4fa4-a97d-d965ccfc6d4b" outcome="Passed" testListId="8c84fa94-04c1-424b-9868-57a2d4851a1d" relativeResultsDirectory="e9657de8-5361-4987-a1c2-9a25b5203dea" />
    <UnitTestResult executionId="dd8e285e-11d5-45f9-92ba-4a9a75948707" testId="46a07f50-6978-3234-bae5-ff64b7e68828" testName="MapToErrorData_ShouldMapToExpectedErrorData_ForAllKnownExceptionMessages (Viewing of live JPEG not allowed,40000,0)" computerName="DKSR-EFI-04" duration="00:00:00.0000094" startTime="2023-12-22T09:32:38.8353642+01:00" endTime="2023-12-22T09:32:38.8355140+01:00" testType="13cdc9d9-ddb5-4fa4-a97d-d965ccfc6d4b" outcome="Passed" testListId="8c84fa94-04c1-424b-9868-57a2d4851a1d" relativeResultsDirectory="dd8e285e-11d5-45f9-92ba-4a9a75948707" />
    <UnitTestResult executionId="5fbf9267-ae82-4401-9f15-ac14ded1884c" testId="84976c4c-c9c5-ba05-2748-38cc221e4942" testName="MapToErrorData_ShouldMapToExpectedErrorData_ForAllKnownExceptionMessages (Parameter 'left' not specified.,40000,0)" computerName="DKSR-EFI-04" duration="00:00:00.0000107" startTime="2023-12-22T09:32:38.8125166+01:00" endTime="2023-12-22T09:32:38.8127042+01:00" testType="13cdc9d9-ddb5-4fa4-a97d-d965ccfc6d4b" outcome="Passed" testListId="8c84fa94-04c1-424b-9868-57a2d4851a1d" relativeResultsDirectory="5fbf9267-ae82-4401-9f15-ac14ded1884c" />
    <UnitTestResult executionId="6e11dd00-f557-4796-81fd-9796a75d1375" testId="e941f48d-972c-943c-bdc7-064f7abdfd74" testName="MapToErrorData_ShouldMapToExpectedErrorData_ForAllKnownExceptionMessages (Parameter 'resultMotionMaskSize' not specified.,40000,0)" computerName="DKSR-EFI-04" duration="00:00:00.0000135" startTime="2023-12-22T09:32:38.8281280+01:00" endTime="2023-12-22T09:32:38.8282831+01:00" testType="13cdc9d9-ddb5-4fa4-a97d-d965ccfc6d4b" outcome="Passed" testListId="8c84fa94-04c1-424b-9868-57a2d4851a1d" relativeResultsDirectory="6e11dd00-f557-4796-81fd-9796a75d1375" />
    <UnitTestResult executionId="7ce07973-06d0-4c94-b696-877d6da6fcff" testId="6477e2fd-ede0-3fab-b4ce-ab42ee4d0d8c" testName="MapToErrorData_ShouldMapToExpectedErrorData_ForAllKnownExceptionMessages (Parameter 'resultMotionMaskSize/Width' not specified.,40000,0)" computerName="DKSR-EFI-04" duration="00:00:00.0000148" startTime="2023-12-22T09:32:38.8283040+01:00" endTime="2023-12-22T09:32:38.8284615+01:00" testType="13cdc9d9-ddb5-4fa4-a97d-d965ccfc6d4b" outcome="Passed" testListId="8c84fa94-04c1-424b-9868-57a2d4851a1d" relativeResultsDirectory="7ce07973-06d0-4c94-b696-877d6da6fcff" />
    <UnitTestResult executionId="5734daf4-4213-49c8-b18c-2407704d3116" testId="c132f42e-804b-aa0b-ad93-c5e62780ffdc" testName="MapToErrorData_ShouldMapToExpectedErrorData_ForAllKnownExceptionMessages (Parameter 'zoom' not specified.,40000,0)" computerName="DKSR-EFI-04" duration="00:00:00.0000132" startTime="2023-12-22T09:32:38.8120390+01:00" endTime="2023-12-22T09:32:38.8122322+01:00" testType="13cdc9d9-ddb5-4fa4-a97d-d965ccfc6d4b" outcome="Passed" testListId="8c84fa94-04c1-424b-9868-57a2d4851a1d" relativeResultsDirectory="5734daf4-4213-49c8-b18c-2407704d3116" />
    <UnitTestResult executionId="7abd1086-cbdc-47de-a77b-b4f027a95816" testId="588d7209-0e5e-1dba-9d60-1c62f9ee9525" testName="MapToErrorData_ShouldMapToExpectedErrorData_ForAllKnownExceptionMessages (Parameter 'searchInterval/MicroSeconds' not specified.,40000,0)" computerName="DKSR-EFI-04" duration="00:00:00.0000167" startTime="2023-12-22T09:32:38.8270425+01:00" endTime="2023-12-22T09:32:38.8273610+01:00" testType="13cdc9d9-ddb5-4fa4-a97d-d965ccfc6d4b" outcome="Passed" testListId="8c84fa94-04c1-424b-9868-57a2d4851a1d" relativeResultsDirectory="7abd1086-cbdc-47de-a77b-b4f027a95816" />
    <UnitTestResult executionId="3181ec59-aaf0-470a-9c1a-54130542044b" testId="be792d97-2379-5475-8e91-0ba95f1d9d93" testName="MapToErrorData_ShouldMapToExpectedErrorData_ForAllKnownExceptionMessages (Parameter 'patrollingSchemaId' not specified.,40000,0)" computerName="DKSR-EFI-04" duration="00:00:00.0000120" startTime="2023-12-22T09:32:38.8088960+01:00" endTime="2023-12-22T09:32:38.8090823+01:00" testType="13cdc9d9-ddb5-4fa4-a97d-d965ccfc6d4b" outcome="Passed" testListId="8c84fa94-04c1-424b-9868-57a2d4851a1d" relativeResultsDirectory="3181ec59-aaf0-470a-9c1a-54130542044b" />
    <UnitTestResult executionId="0a340123-174e-4bc2-828e-3d8df0ee5313" testId="28c6eb94-3faf-a326-37d7-9fdaf583905e" testName="MapToErrorData_ShouldMapToExpectedErrorData_ForAllKnownExceptionMessages (Device is not IPtz,40295,10)" computerName="DKSR-EFI-04" duration="00:00:00.0000193" startTime="2023-12-22T09:32:38.7968365+01:00" endTime="2023-12-22T09:32:38.7971865+01:00" testType="13cdc9d9-ddb5-4fa4-a97d-d965ccfc6d4b" outcome="Passed" testListId="8c84fa94-04c1-424b-9868-57a2d4851a1d" relativeResultsDirectory="0a340123-174e-4bc2-828e-3d8df0ee5313" />
    <UnitTestResult executionId="aae6d8f9-027f-475b-815f-d9e9401cc335" testId="61a8392d-de8e-67f3-272a-ba4167e365e2" testName="MapToErrorData_ShouldMapToExpectedErrorData_ForAllKnownExceptionMessages (Version mismatch,10001,0)" computerName="DKSR-EFI-04" duration="00:00:00.0003266" startTime="2023-12-22T09:32:38.8499490+01:00" endTime="2023-12-22T09:32:38.8504385+01:00" testType="13cdc9d9-ddb5-4fa4-a97d-d965ccfc6d4b" outcome="Passed" testListId="8c84fa94-04c1-424b-9868-57a2d4851a1d" relativeResultsDirectory="aae6d8f9-027f-475b-815f-d9e9401cc335" />
    <UnitTestResult executionId="b6b4f0fe-069e-4991-909d-13741a929a2f" testId="318abee3-0f05-4b07-dbed-658afa72fc15" testName="MapToErrorData_ShouldMapToExpectedErrorData_ForAllKnownExceptionMessages (Parameter 'command' not specified.,40000,0)" computerName="DKSR-EFI-04" duration="00:00:00.0000140" startTime="2023-12-22T09:32:38.8218644+01:00" endTime="2023-12-22T09:32:38.8220428+01:00" testType="13cdc9d9-ddb5-4fa4-a97d-d965ccfc6d4b" outcome="Passed" testListId="8c84fa94-04c1-424b-9868-57a2d4851a1d" relativeResultsDirectory="b6b4f0fe-069e-4991-909d-13741a929a2f" />
    <UnitTestResult executionId="9653ecd1-f7d9-4a90-8faa-0204e30b019e" testId="e3d09884-7a26-19ec-fe45-6074947eec14" testName="MapToErrorData_ShouldMapToExpectedErrorData_ForAllKnownExceptionMessages (Request rejected, request priority (2) equal to current priority (2).,40295,20)" computerName="DKSR-EFI-04" duration="00:00:00.0000105" startTime="2023-12-22T09:32:38.7977178+01:00" endTime="2023-12-22T09:32:38.7979130+01:00" testType="13cdc9d9-ddb5-4fa4-a97d-d965ccfc6d4b" outcome="Passed" testListId="8c84fa94-04c1-424b-9868-57a2d4851a1d" relativeResultsDirectory="9653ecd1-f7d9-4a90-8faa-0204e30b019e" />
    <UnitTestResult executionId="ff40617e-4f30-4fbf-a551-03c44decbc87" testId="b83cb5d3-0d47-5ad5-c091-4d6023c2db3e" testName="MapToErrorData_ShouldMapToExpectedErrorData_ForAllKnownExceptionMessages (Execute request on non-active session is not allowed,40295,31)" computerName="DKSR-EFI-04" duration="00:00:00.0000084" startTime="2023-12-22T09:32:38.7988122+01:00" endTime="2023-12-22T09:32:38.7989918+01:00" testType="13cdc9d9-ddb5-4fa4-a97d-d965ccfc6d4b" outcome="Passed" testListId="8c84fa94-04c1-424b-9868-57a2d4851a1d" relativeResultsDirectory="ff40617e-4f30-4fbf-a551-03c44decbc87" />
    <UnitTestResult executionId="af929cbf-a0f7-49c5-afcd-fafc16b1985c" testId="a2bb4e4d-3cee-b9a3-f2ed-7da929a12755" testName="MapToErrorData_ShouldMapToExpectedErrorData_ForAllKnownExceptionMessages (Parameter 'timeLineInformationInterval' not specified.,40000,0)" computerName="DKSR-EFI-04" duration="00:00:00.0000164" startTime="2023-12-22T09:32:38.8312431+01:00" endTime="2023-12-22T09:32:38.8314095+01:00" testType="13cdc9d9-ddb5-4fa4-a97d-d965ccfc6d4b" outcome="Passed" testListId="8c84fa94-04c1-424b-9868-57a2d4851a1d" relativeResultsDirectory="af929cbf-a0f7-49c5-afcd-fafc16b1985c" />
    <UnitTestResult executionId="81f6e6c9-9502-4938-9b3f-ffa664e1cbd7" testId="5cf3b2ae-2d74-b3e5-ee80-ac4a8824c3e9" testName="MapToErrorData_ShouldMapToExpectedErrorData_ForAllKnownExceptionMessages (Token expired,20001,3)" computerName="DKSR-EFI-04" duration="00:00:00.0000085" startTime="2023-12-22T09:32:38.7159421+01:00" endTime="2023-12-22T09:32:38.7161507+01:00" testType="13cdc9d9-ddb5-4fa4-a97d-d965ccfc6d4b" outcome="Passed" testListId="8c84fa94-04c1-424b-9868-57a2d4851a1d" relativeResultsDirectory="81f6e6c9-9502-4938-9b3f-ffa664e1cbd7" />
    <UnitTestResult executionId="82f5b227-2bf8-41e4-b561-79341c2ed652" testId="b8a83e5a-3d24-dc69-17eb-8c6d482572a9" testName="MapToErrorData_ShouldMapToExpectedErrorData_ForAllKnownExceptionMessages (Output Trigger not allowed,40000,0)" computerName="DKSR-EFI-04" duration="00:00:00.0000083" startTime="2023-12-22T09:32:38.8373861+01:00" endTime="2023-12-22T09:32:38.8375246+01:00" testType="13cdc9d9-ddb5-4fa4-a97d-d965ccfc6d4b" outcome="Passed" testListId="8c84fa94-04c1-424b-9868-57a2d4851a1d" relativeResultsDirectory="82f5b227-2bf8-41e4-b561-79341c2ed652" />
    <UnitTestResult executionId="61e68f82-ef47-4ac2-b086-f28d6ff6cc29" testId="400d8571-f743-9b7d-648b-c708fbcdc834" testName="MapToErrorData_ShouldMapToExpectedErrorData_ForAllKnownExceptionMessages (Parameter 'minTime' not specified.,40000,0)" computerName="DKSR-EFI-04" duration="00:00:00.0000125" startTime="2023-12-22T09:32:38.8224189+01:00" endTime="2023-12-22T09:32:38.8225661+01:00" testType="13cdc9d9-ddb5-4fa4-a97d-d965ccfc6d4b" outcome="Passed" testListId="8c84fa94-04c1-424b-9868-57a2d4851a1d" relativeResultsDirectory="61e68f82-ef47-4ac2-b086-f28d6ff6cc29" />
    <UnitTestResult executionId="e2220e51-3e9c-4429-90e3-5f9aa73088d5" testId="7f153cf2-7d5e-fc7a-430e-3b6e8a0a8239" testName="MapToErrorData_ShouldMapToExpectedErrorData_ForAllKnownExceptionMessages (Parameter 'right' not a double.,40000,0)" computerName="DKSR-EFI-04" duration="00:00:00.0000124" startTime="2023-12-22T09:32:38.8148093+01:00" endTime="2023-12-22T09:32:38.8150072+01:00" testType="13cdc9d9-ddb5-4fa4-a97d-d965ccfc6d4b" outcome="Passed" testListId="8c84fa94-04c1-424b-9868-57a2d4851a1d" relativeResultsDirectory="e2220e51-3e9c-4429-90e3-5f9aa73088d5" />
    <UnitTestResult executionId="4a394d7d-c67f-4e8e-a894-131aaec1b0cf" testId="7a62f1b3-eb91-9bc3-1b8c-d061f654ac74" testName="MapToErrorData_ShouldMapToExpectedErrorData_ForAllKnownExceptionMessages (Parameter 'ignoreInitialMotion' not specified.,40000,0)" computerName="DKSR-EFI-04" duration="00:00:00.0000136" startTime="2023-12-22T09:32:38.8279497+01:00" endTime="2023-12-22T09:32:38.8281053+01:00" testType="13cdc9d9-ddb5-4fa4-a97d-d965ccfc6d4b" outcome="Passed" testListId="8c84fa94-04c1-424b-9868-57a2d4851a1d" relativeResultsDirectory="4a394d7d-c67f-4e8e-a894-131aaec1b0cf" />
    <UnitTestResult executionId="4a6c80b8-729a-4a00-bb1e-6ddbbea2a73c" testId="63d42fa5-765e-4aec-9526-955d51ebd827" testName="MapToErrorData_ShouldMapToExpectedErrorData_ForAllKnownExceptionMessages (Parameter 'top' not a double.,40000,0)" computerName="DKSR-EFI-04" duration="00:00:00.0000104" startTime="2023-12-22T09:32:38.8131632+01:00" endTime="2023-12-22T09:32:38.8133496+01:00" testType="13cdc9d9-ddb5-4fa4-a97d-d965ccfc6d4b" outcome="Passed" testListId="8c84fa94-04c1-424b-9868-57a2d4851a1d" relativeResultsDirectory="4a6c80b8-729a-4a00-bb1e-6ddbbea2a73c" />
    <UnitTestResult executionId="4c6fbe9c-3308-4221-a8e3-6952bc680fb5" testId="d10eb253-65b4-67f8-cc29-cc67c0a2a3a5" testName="MapToErrorData_ShouldMapToExpectedErrorData_ForAllKnownExceptionMessages (Parameter 'millisecondsTimeout' not specified.,40000,0)" computerName="DKSR-EFI-04" duration="00:00:00.0000198" startTime="2023-12-22T09:32:38.8340126+01:00" endTime="2023-12-22T09:32:38.8344040+01:00" testType="13cdc9d9-ddb5-4fa4-a97d-d965ccfc6d4b" outcome="Passed" testListId="8c84fa94-04c1-424b-9868-57a2d4851a1d" relativeResultsDirectory="4c6fbe9c-3308-4221-a8e3-6952bc680fb5" />
    <UnitTestResult executionId="9a21e21d-6d5d-4c22-bd61-b543b1acab8a" testId="487f3f64-c726-1b66-e678-37b0d8110466" testName="MapToErrorData_ShouldMapToExpectedErrorData_ForAllKnownExceptionMessages (Parameter 'centerY' not specified.,40000,0)" computerName="DKSR-EFI-04" duration="00:00:00.0000116" startTime="2023-12-22T09:32:38.8118251+01:00" endTime="2023-12-22T09:32:38.8120120+01:00" testType="13cdc9d9-ddb5-4fa4-a97d-d965ccfc6d4b" outcome="Passed" testListId="8c84fa94-04c1-424b-9868-57a2d4851a1d" relativeResultsDirectory="9a21e21d-6d5d-4c22-bd61-b543b1acab8a" />
    <UnitTestResult executionId="1668e370-ca71-48b8-9a76-d51da599b02f" testId="9d28c087-ffe2-844f-634e-b82cc1ac0f16" testName="MapToErrorData_ShouldMapToExpectedErrorData_ForAllKnownExceptionMessages (Insufficient permission,40295,60)" computerName="DKSR-EFI-04" duration="00:00:00.0000094" startTime="2023-12-22T09:32:38.8053682+01:00" endTime="2023-12-22T09:32:38.8055610+01:00" testType="13cdc9d9-ddb5-4fa4-a97d-d965ccfc6d4b" outcome="Passed" testListId="8c84fa94-04c1-424b-9868-57a2d4851a1d" relativeResultsDirectory="1668e370-ca71-48b8-9a76-d51da599b02f" />
    <UnitTestResult executionId="b834c070-384e-4310-a297-c2e8fc60d686" testId="afbc2e20-6580-8ac8-d57a-ae0945472a4b" testName="MapToErrorData_ShouldMapToExpectedErrorData_ForAllKnownExceptionMessages (Parameter 'maxCountAfter' not specified.,40000,0)" computerName="DKSR-EFI-04" duration="00:00:00.0000125" startTime="2023-12-22T09:32:38.8243724+01:00" endTime="2023-12-22T09:32:38.8245203+01:00" testType="13cdc9d9-ddb5-4fa4-a97d-d965ccfc6d4b" outcome="Passed" testListId="8c84fa94-04c1-424b-9868-57a2d4851a1d" relativeResultsDirectory="b834c070-384e-4310-a297-c2e8fc60d686" />
    <UnitTestResult executionId="78780440-da46-4e0c-8ed9-c303b70d9137" testId="a20b4e16-e517-2d86-aaba-2af350130b01" testName="MapToErrorData_ShouldMapToExpectedErrorData_ForAllKnownExceptionMessages (Cannot release other users manual patrolling session,40295,90)" computerName="DKSR-EFI-04" duration="00:00:00.0000112" startTime="2023-12-22T09:32:38.8065018+01:00" endTime="2023-12-22T09:32:38.8066981+01:00" testType="13cdc9d9-ddb5-4fa4-a97d-d965ccfc6d4b" outcome="Passed" testListId="8c84fa94-04c1-424b-9868-57a2d4851a1d" relativeResultsDirectory="78780440-da46-4e0c-8ed9-c303b70d9137" />
    <UnitTestResult executionId="0712467a-bdab-4803-bea3-633dc071d42e" testId="4c6af3c0-d426-84fb-ecff-c92a0807b57d" testName="MapToErrorData_ShouldMapToExpectedErrorData_ForAllKnownExceptionMessages (Parameter 'continueSearch' not specified.,40000,0)" computerName="DKSR-EFI-04" duration="00:00:00.0000164" startTime="2023-12-22T09:32:38.8250932+01:00" endTime="2023-12-22T09:32:38.8253476+01:00" testType="13cdc9d9-ddb5-4fa4-a97d-d965ccfc6d4b" outcome="Passed" testListId="8c84fa94-04c1-424b-9868-57a2d4851a1d" relativeResultsDirectory="0712467a-bdab-4803-bea3-633dc071d42e" />
    <UnitTestResult executionId="40c2203e-fb82-4611-8d4b-168ef460f961" testId="1beb8332-0583-82ba-7cae-dc534d3baa46" testName="MapToErrorData_ShouldMapToExpectedErrorData_ForAllKnownExceptionMessages (Request rejected, request priority (2) equal to current patrolling priority (2).,40295,43)" computerName="DKSR-EFI-04" duration="00:00:00.0000146" startTime="2023-12-22T09:32:38.8046320+01:00" endTime="2023-12-22T09:32:38.8048652+01:00" testType="13cdc9d9-ddb5-4fa4-a97d-d965ccfc6d4b" outcome="Passed" testListId="8c84fa94-04c1-424b-9868-57a2d4851a1d" relativeResultsDirectory="40c2203e-fb82-4611-8d4b-168ef460f961" />
    <UnitTestResult executionId="94123e56-14c6-46c4-81b4-73a75433e9da" testId="95abe8be-4dd1-1e7f-6580-bed2dbfaad65" testName="MapToErrorData_ShouldMapToExpectedErrorData_ForAllKnownExceptionMessages (Parameter 'refHeight' not specified.,40000,0)" computerName="DKSR-EFI-04" duration="00:00:00.0000159" startTime="2023-12-22T09:32:38.8113207+01:00" endTime="2023-12-22T09:32:38.8115516+01:00" testType="13cdc9d9-ddb5-4fa4-a97d-d965ccfc6d4b" outcome="Passed" testListId="8c84fa94-04c1-424b-9868-57a2d4851a1d" relativeResultsDirectory="94123e56-14c6-46c4-81b4-73a75433e9da" />
    <UnitTestResult executionId="00025242-4ac5-4202-8a7a-68763844b120" testId="d67cfc28-21b3-7273-e089-4f7e7d73d987" testName="MapToErrorData_ShouldMapToExpectedErrorData_ForAllKnownExceptionMessages (No token supplied,20001,1)" computerName="DKSR-EFI-04" duration="00:00:00.0703279" startTime="2023-12-22T09:32:38.5335006+01:00" endTime="2023-12-22T09:32:38.7059473+01:00" testType="13cdc9d9-ddb5-4fa4-a97d-d965ccfc6d4b" outcome="Passed" testListId="8c84fa94-04c1-424b-9868-57a2d4851a1d" relativeResultsDirectory="00025242-4ac5-4202-8a7a-68763844b120" />
    <UnitTestResult executionId="b1b959a5-b3d4-4ba9-869b-a6f31172a27a" testId="93698d26-1cb1-0d70-a79a-9e202541888d" testName="MapToErrorData_ShouldMapToExpectedErrorData_ForAllKnownExceptionMessages (Invalid soap message,10002,0)" computerName="DKSR-EFI-04" duration="00:00:00.0000131" startTime="2023-12-22T09:32:38.8504729+01:00" endTime="2023-12-22T09:32:38.8506477+01:00" testType="13cdc9d9-ddb5-4fa4-a97d-d965ccfc6d4b" outcome="Passed" testListId="8c84fa94-04c1-424b-9868-57a2d4851a1d" relativeResultsDirectory="b1b959a5-b3d4-4ba9-869b-a6f31172a27a" />
    <UnitTestResult executionId="b1ae7ad7-33b6-400a-910a-7d70673dfb38" testId="1f6a76d9-e101-5abe-be6a-13a6863984ac" testName="MapToErrorData_ShouldMapToExpectedErrorData_ForAllKnownExceptionMessages (Parameter 'timeLineInformationTypes' not specified.,40000,0)" computerName="DKSR-EFI-04" duration="00:00:00.0000159" startTime="2023-12-22T09:32:38.8319967+01:00" endTime="2023-12-22T09:32:38.8321519+01:00" testType="13cdc9d9-ddb5-4fa4-a97d-d965ccfc6d4b" outcome="Passed" testListId="8c84fa94-04c1-424b-9868-57a2d4851a1d" relativeResultsDirectory="b1ae7ad7-33b6-400a-910a-7d70673dfb38" />
    <UnitTestResult executionId="9b63b1cf-fed3-44b8-ad1d-43315e4821a9" testId="72db4e34-b92e-92c6-4d35-448ba47eaa04" testName="MapToErrorData_ShouldMapToExpectedErrorData_ForAllKnownExceptionMessages (Device AACBA580-2202-4D25-9E27-2B193F56DEE9 is not a Ptz device,40295,10)" computerName="DKSR-EFI-04" duration="00:00:00.0000087" startTime="2023-12-22T09:32:38.7177580+01:00" endTime="2023-12-22T09:32:38.7179525+01:00" testType="13cdc9d9-ddb5-4fa4-a97d-d965ccfc6d4b" outcome="Passed" testListId="8c84fa94-04c1-424b-9868-57a2d4851a1d" relativeResultsDirectory="9b63b1cf-fed3-44b8-ad1d-43315e4821a9" />
    <UnitTestResult executionId="b2d8a976-c773-44a4-bf32-8eeb182782d1" testId="07dcff8b-3ed9-cd06-a5f2-3ccd387e7839" testName="MapToErrorData_ShouldMapToExpectedErrorData_ForAllKnownExceptionMessages (Export of JPEG not allowed,40000,0)" computerName="DKSR-EFI-04" duration="00:00:00.0000102" startTime="2023-12-22T09:32:38.8350114+01:00" endTime="2023-12-22T09:32:38.8351600+01:00" testType="13cdc9d9-ddb5-4fa4-a97d-d965ccfc6d4b" outcome="Passed" testListId="8c84fa94-04c1-424b-9868-57a2d4851a1d" relativeResultsDirectory="b2d8a976-c773-44a4-bf32-8eeb182782d1" />
    <UnitTestResult executionId="eb6d40b3-0302-4c66-ada1-84293732ffe3" testId="188102fc-408f-6135-5f5e-6a3ccde77ae6" testName="MapToErrorData_ShouldMapToExpectedErrorData_ForAllKnownExceptionMessages (Parameter 'bottom' not a double.,40000,0)" computerName="DKSR-EFI-04" duration="00:00:00.0000223" startTime="2023-12-22T09:32:38.8215444+01:00" endTime="2023-12-22T09:32:38.8218264+01:00" testType="13cdc9d9-ddb5-4fa4-a97d-d965ccfc6d4b" outcome="Passed" testListId="8c84fa94-04c1-424b-9868-57a2d4851a1d" relativeResultsDirectory="eb6d40b3-0302-4c66-ada1-84293732ffe3" />
    <UnitTestResult executionId="d8cb4da1-bef4-401f-985a-27facee5cf1d" testId="409e1e3c-c230-1fdd-2348-0e5d7f2fb262" testName="MapToErrorData_ShouldMapToExpectedErrorData_ForAllKnownExceptionMessages (Parameter 'searchMask' not specified.,40000,0)" computerName="DKSR-EFI-04" duration="00:00:00.0000138" startTime="2023-12-22T09:32:38.8273908+01:00" endTime="2023-12-22T09:32:38.8275490+01:00" testType="13cdc9d9-ddb5-4fa4-a97d-d965ccfc6d4b" outcome="Passed" testListId="8c84fa94-04c1-424b-9868-57a2d4851a1d" relativeResultsDirectory="d8cb4da1-bef4-401f-985a-27facee5cf1d" />
    <UnitTestResult executionId="936594bc-9179-4703-be70-c8dd52827621" testId="188b3af4-6927-b785-000e-964472ccc180" testName="MapToErrorData_ShouldMapToExpectedErrorData_ForAllKnownExceptionMessages (Request rejected, request priority (1) lower than current priority (2).,40295,20)" computerName="DKSR-EFI-04" duration="00:00:00.0000168" startTime="2023-12-22T09:32:38.7974812+01:00" endTime="2023-12-22T09:32:38.7976902+01:00" testType="13cdc9d9-ddb5-4fa4-a97d-d965ccfc6d4b" outcome="Passed" testListId="8c84fa94-04c1-424b-9868-57a2d4851a1d" relativeResultsDirectory="936594bc-9179-4703-be70-c8dd52827621" />
    <UnitTestResult executionId="7f3f857a-5159-40bb-9442-b457c6d0420a" testId="426a4511-596c-578b-a773-b011c2a41a44" testName="MapToErrorData_ShouldMapToExpectedErrorData_ForAllKnownExceptionMessages (Get timeline information not allowed,40000,0)" computerName="DKSR-EFI-04" duration="00:00:00.0000105" startTime="2023-12-22T09:32:38.8476236+01:00" endTime="2023-12-22T09:32:38.8477671+01:00" testType="13cdc9d9-ddb5-4fa4-a97d-d965ccfc6d4b" outcome="Passed" testListId="8c84fa94-04c1-424b-9868-57a2d4851a1d" relativeResultsDirectory="7f3f857a-5159-40bb-9442-b457c6d0420a" />
    <UnitTestResult executionId="f083ba68-b0fc-473d-9374-9ed4ac593dd8" testId="7da8db57-0f5f-ee68-6304-3422a0dc193e" testName="MapToErrorData_ShouldMapToExpectedErrorData_ForAllKnownExceptionMessages (Parameter 'maxWidth' not specified.,40000,0)" computerName="DKSR-EFI-04" duration="00:00:00.0000164" startTime="2023-12-22T09:32:38.8093468+01:00" endTime="2023-12-22T09:32:38.8095411+01:00" testType="13cdc9d9-ddb5-4fa4-a97d-d965ccfc6d4b" outcome="Passed" testListId="8c84fa94-04c1-424b-9868-57a2d4851a1d" relativeResultsDirectory="f083ba68-b0fc-473d-9374-9ed4ac593dd8" />
    <UnitTestResult executionId="83b49e10-e579-4d5d-a5e2-20666bdf519c" testId="537dc211-4666-e283-65c6-8c68a0413599" testName="MapToErrorData_ShouldMapToExpectedErrorData_ForAllKnownExceptionMessages (Parameter 'statusSessionId' not specified.,40000,0)" computerName="DKSR-EFI-04" duration="00:00:00.0001116" startTime="2023-12-22T09:32:38.8325357+01:00" endTime="2023-12-22T09:32:38.8327938+01:00" testType="13cdc9d9-ddb5-4fa4-a97d-d965ccfc6d4b" outcome="Passed" testListId="8c84fa94-04c1-424b-9868-57a2d4851a1d" relativeResultsDirectory="83b49e10-e579-4d5d-a5e2-20666bdf519c" />
    <UnitTestResult executionId="f8e9ee32-f75f-4a2f-8012-ade6254393ee" testId="5a68d1b1-3764-a97e-103c-43aac4391a48" testName="MapToErrorData_ShouldMapToExpectedErrorData_ForAllKnownExceptionMessages (Parameter 'searchBeginTime' not specified.,40000,0)" computerName="DKSR-EFI-04" duration="00:00:00.0000107" startTime="2023-12-22T09:32:38.8253723+01:00" endTime="2023-12-22T09:32:38.8255207+01:00" testType="13cdc9d9-ddb5-4fa4-a97d-d965ccfc6d4b" outcome="Passed" testListId="8c84fa94-04c1-424b-9868-57a2d4851a1d" relativeResultsDirectory="f8e9ee32-f75f-4a2f-8012-ade6254393ee" />
    <UnitTestResult executionId="a478f83c-2537-4a1d-9887-8f2afca37df0" testId="8165c1f2-495b-6070-8ce9-c61046fb6cfb" testName="MapToErrorData_ShouldMapToExpectedErrorData_ForAllKnownExceptionMessages (Parameter 'right' not specified.,40000,0)" computerName="DKSR-EFI-04" duration="00:00:00.0000152" startTime="2023-12-22T09:32:38.8145429+01:00" endTime="2023-12-22T09:32:38.8147770+01:00" testType="13cdc9d9-ddb5-4fa4-a97d-d965ccfc6d4b" outcome="Passed" testListId="8c84fa94-04c1-424b-9868-57a2d4851a1d" relativeResultsDirectory="a478f83c-2537-4a1d-9887-8f2afca37df0" />
    <UnitTestResult executionId="c493ebb4-1761-4161-9636-6842111e294e" testId="74e3ce0f-b9a2-fd45-f3ac-8d3c6e28e8a3" testName="MapToErrorData_ShouldMapToExpectedErrorData_ForAllKnownExceptionMessages (Error processing message,10000,0)" computerName="DKSR-EFI-04" duration="00:00:00.0001838" startTime="2023-12-22T09:32:38.8508553+01:00" endTime="2023-12-22T09:32:38.8511892+01:00" testType="13cdc9d9-ddb5-4fa4-a97d-d965ccfc6d4b" outcome="Passed" testListId="8c84fa94-04c1-424b-9868-57a2d4851a1d" relativeResultsDirectory="c493ebb4-1761-4161-9636-6842111e294e" />
    <UnitTestResult executionId="9015442b-3b1f-42cd-8dda-226957aa0970" testId="76c702ae-9d89-ae34-b428-263e172f3991" testName="MapToErrorData_ShouldMapToExpectedErrorData_ForAllKnownExceptionMessages (Request rejected, current active ptz session is exclusive,40295,80)" computerName="DKSR-EFI-04" duration="00:00:00.0000121" startTime="2023-12-22T09:32:38.8062787+01:00" endTime="2023-12-22T09:32:38.8064736+01:00" testType="13cdc9d9-ddb5-4fa4-a97d-d965ccfc6d4b" outcome="Passed" testListId="8c84fa94-04c1-424b-9868-57a2d4851a1d" relativeResultsDirectory="9015442b-3b1f-42cd-8dda-226957aa0970" />
    <UnitTestResult executionId="51cbdf75-aef1-4c57-93fb-1b015c73afc5" testId="04b8bb7e-04c6-569d-25ae-bc0c65c87fc3" testName="MapToErrorData_ShouldMapToExpectedErrorData_ForAllKnownExceptionMessages (Reading input is not allowed,40000,0)" computerName="DKSR-EFI-04" duration="00:00:00.0000118" startTime="2023-12-22T09:32:38.8346331+01:00" endTime="2023-12-22T09:32:38.8348025+01:00" testType="13cdc9d9-ddb5-4fa4-a97d-d965ccfc6d4b" outcome="Passed" testListId="8c84fa94-04c1-424b-9868-57a2d4851a1d" relativeResultsDirectory="51cbdf75-aef1-4c57-93fb-1b015c73afc5" />
    <UnitTestResult executionId="d84918ba-6431-4f11-b5f6-11c4c6b3ea35" testId="3619a490-bc5c-47cd-b8da-2a1456ab51df" testName="MapToErrorData_ShouldMapToExpectedErrorData_ForAllKnownExceptionMessages (Parameter 'resultMotionMaskSize/Height' not specified.,40000,0)" computerName="DKSR-EFI-04" duration="00:00:00.0000150" startTime="2023-12-22T09:32:38.8284834+01:00" endTime="2023-12-22T09:32:38.8286412+01:00" testType="13cdc9d9-ddb5-4fa4-a97d-d965ccfc6d4b" outcome="Passed" testListId="8c84fa94-04c1-424b-9868-57a2d4851a1d" relativeResultsDirectory="d84918ba-6431-4f11-b5f6-11c4c6b3ea35" />
    <UnitTestResult executionId="c699288b-ba2d-4d85-9511-27f84265069b" testId="e9813bac-cb0e-d3de-07ea-36047224c476" testName="MapToErrorData_ShouldMapToExpectedErrorData_ForAllKnownExceptionMessages ('searchMask' parameters does not match: Expected length = 50,40000,0)" computerName="DKSR-EFI-04" duration="00:00:00.0000222" startTime="2023-12-22T09:32:38.8470230+01:00" endTime="2023-12-22T09:32:38.8472376+01:00" testType="13cdc9d9-ddb5-4fa4-a97d-d965ccfc6d4b" outcome="Passed" testListId="8c84fa94-04c1-424b-9868-57a2d4851a1d" relativeResultsDirectory="c699288b-ba2d-4d85-9511-27f84265069b" />
    <UnitTestResult executionId="aec9fe2f-951b-44b3-8cd3-abbd1ad09db9" testId="a2281630-c4d9-efd6-98b7-aaac7b7f16b5" testName="MapToErrorData_ShouldMapToExpectedErrorData_ForAllKnownExceptionMessages (SearchCriteria 'xyz' not supported,40000,0)" computerName="DKSR-EFI-04" duration="00:00:00.0000117" startTime="2023-12-22T09:32:38.8479707+01:00" endTime="2023-12-22T09:32:38.8481335+01:00" testType="13cdc9d9-ddb5-4fa4-a97d-d965ccfc6d4b" outcome="Passed" testListId="8c84fa94-04c1-424b-9868-57a2d4851a1d" relativeResultsDirectory="aec9fe2f-951b-44b3-8cd3-abbd1ad09db9" />
    <UnitTestResult executionId="9daa1b95-2431-4498-a4b7-e4f32e09e15a" testId="81e85450-30f9-5c57-97ba-db638300426f" testName="MapToErrorData_ShouldMapToExpectedErrorData_ForAllKnownExceptionMessages (Unknown patrolling schema, id=AACBA580-2202-4D25-9E27-2B193F56DEE9,40295,50)" computerName="DKSR-EFI-04" duration="00:00:00.0000118" startTime="2023-12-22T09:32:38.8048987+01:00" endTime="2023-12-22T09:32:38.8051024+01:00" testType="13cdc9d9-ddb5-4fa4-a97d-d965ccfc6d4b" outcome="Passed" testListId="8c84fa94-04c1-424b-9868-57a2d4851a1d" relativeResultsDirectory="9daa1b95-2431-4498-a4b7-e4f32e09e15a" />
    <UnitTestResult executionId="c3ca6686-ab25-48a0-9331-bfbf64a97df2" testId="3891c50c-b169-753c-b248-449349b5dcdf" testName="MapToErrorData_ShouldMapToExpectedErrorData_ForAllKnownExceptionMessages (Parameter 'maxHeight' not specified.,40000,0)" computerName="DKSR-EFI-04" duration="00:00:00.0000102" startTime="2023-12-22T09:32:38.8095659+01:00" endTime="2023-12-22T09:32:38.8097532+01:00" testType="13cdc9d9-ddb5-4fa4-a97d-d965ccfc6d4b" outcome="Passed" testListId="8c84fa94-04c1-424b-9868-57a2d4851a1d" relativeResultsDirectory="c3ca6686-ab25-48a0-9331-bfbf64a97df2" />
    <UnitTestResult executionId="b77b1191-e9af-4277-9fac-4d285ce73ccf" testId="6d6b476d-2813-a23d-0160-b86c2c063255" testName="MapToErrorData_ShouldMapToExpectedErrorData_ForAllKnownExceptionMessages (Request rejected, Current session is already reserved,40295,70)" computerName="DKSR-EFI-04" duration="00:00:00.0000117" startTime="2023-12-22T09:32:38.8058166+01:00" endTime="2023-12-22T09:32:38.8060193+01:00" testType="13cdc9d9-ddb5-4fa4-a97d-d965ccfc6d4b" outcome="Passed" testListId="8c84fa94-04c1-424b-9868-57a2d4851a1d" relativeResultsDirectory="b77b1191-e9af-4277-9fac-4d285ce73ccf" />
    <UnitTestResult executionId="6e9388a8-9adf-476b-9407-95b48f8f8dd4" testId="89b3b998-ca65-cc5b-c4f2-e398a8d0156e" testName="MapToErrorData_ShouldMapToExpectedErrorData_ForAllKnownExceptionMessages (Invalid search criteria: xyz,40000,0)" computerName="DKSR-EFI-04" duration="00:00:00.0000092" startTime="2023-12-22T09:32:38.8348308+01:00" endTime="2023-12-22T09:32:38.8349877+01:00" testType="13cdc9d9-ddb5-4fa4-a97d-d965ccfc6d4b" outcome="Passed" testListId="8c84fa94-04c1-424b-9868-57a2d4851a1d" relativeResultsDirectory="6e9388a8-9adf-476b-9407-95b48f8f8dd4" />
    <UnitTestResult executionId="a121f926-8832-4fda-ade4-933e8a77471b" testId="09eefae4-2e21-9a9a-fc2e-946957ab7499" testName="MapToErrorData_ShouldMapToExpectedErrorData_ForAllKnownExceptionMessages (Parameter 'presetName' not specified.,40000,0)" computerName="DKSR-EFI-04" duration="00:00:00.0000122" startTime="2023-12-22T09:32:38.8220713+01:00" endTime="2023-12-22T09:32:38.8222221+01:00" testType="13cdc9d9-ddb5-4fa4-a97d-d965ccfc6d4b" outcome="Passed" testListId="8c84fa94-04c1-424b-9868-57a2d4851a1d" relativeResultsDirectory="a121f926-8832-4fda-ade4-933e8a77471b" />
    <UnitTestResult executionId="a7ab9624-0a70-4ab8-bd12-c478288e8a67" testId="36de645f-765a-5414-1dcc-495e04385e02" testName="MapToErrorData_ShouldMapToExpectedErrorData_ForAllKnownExceptionMessages ('searchMask' parameters does not match 64x64 grid: 4, 4,40000,0)" computerName="DKSR-EFI-04" duration="00:00:00.0000152" startTime="2023-12-22T09:32:38.8472660+01:00" endTime="2023-12-22T09:32:38.8474280+01:00" testType="13cdc9d9-ddb5-4fa4-a97d-d965ccfc6d4b" outcome="Passed" testListId="8c84fa94-04c1-424b-9868-57a2d4851a1d" relativeResultsDirectory="a7ab9624-0a70-4ab8-bd12-c478288e8a67" />
    <UnitTestResult executionId="27def6bd-72ef-4ecb-b7e2-3fa3d74916c9" testId="f37db6b3-18a1-6cb0-cb4d-13e7566b7656" testName="MapToErrorData_ShouldMapToExpectedErrorData_ForAllKnownExceptionMessages (Parameter 'time' not specified.,40000,0)" computerName="DKSR-EFI-04" duration="00:00:00.0000113" startTime="2023-12-22T09:32:38.8091211+01:00" endTime="2023-12-22T09:32:38.8093185+01:00" testType="13cdc9d9-ddb5-4fa4-a97d-d965ccfc6d4b" outcome="Passed" testListId="8c84fa94-04c1-424b-9868-57a2d4851a1d" relativeResultsDirectory="27def6bd-72ef-4ecb-b7e2-3fa3d74916c9" />
    <UnitTestResult executionId="b2121b86-ab34-4916-bcb9-2b4bd3e6b336" testId="093e0c4f-0682-d7b7-cac6-0e8fca74ab58" testName="MapToErrorData_ShouldMapToExpectedErrorData_ForAllKnownExceptionMessages (Sequences Get Around not allowed,40000,0)" computerName="DKSR-EFI-04" duration="00:00:00.0000123" startTime="2023-12-22T09:32:38.8417137+01:00" endTime="2023-12-22T09:32:38.8418694+01:00" testType="13cdc9d9-ddb5-4fa4-a97d-d965ccfc6d4b" outcome="Passed" testListId="8c84fa94-04c1-424b-9868-57a2d4851a1d" relativeResultsDirectory="b2121b86-ab34-4916-bcb9-2b4bd3e6b336" />
    <UnitTestResult executionId="fedf6033-ac9f-484f-99b3-79021113f113" testId="4b09409c-fa19-3280-23bf-c4300e58fb5d" testName="MapToErrorData_ShouldMapToExpectedErrorData_ForAllKnownExceptionMessages (Parameter 'timeLineInformationCount' not specified.,40000,0)" computerName="DKSR-EFI-04" duration="00:00:00.0000156" startTime="2023-12-22T09:32:38.8316239+01:00" endTime="2023-12-22T09:32:38.8317826+01:00" testType="13cdc9d9-ddb5-4fa4-a97d-d965ccfc6d4b" outcome="Passed" testListId="8c84fa94-04c1-424b-9868-57a2d4851a1d" relativeResultsDirectory="fedf6033-ac9f-484f-99b3-79021113f113" />
    <UnitTestResult executionId="e8bcf533-b6cf-4437-8583-b9df36744f56" testId="61ea6a77-9667-d353-7a5b-60d539ec3955" testName="MapToErrorData_ShouldMapToExpectedErrorData_ForAllKnownExceptionMessages (Unable to get Ptz priority,40000,0)" computerName="DKSR-EFI-04" duration="00:00:00.0000105" startTime="2023-12-22T09:32:38.8344377+01:00" endTime="2023-12-22T09:32:38.8346050+01:00" testType="13cdc9d9-ddb5-4fa4-a97d-d965ccfc6d4b" outcome="Passed" testListId="8c84fa94-04c1-424b-9868-57a2d4851a1d" relativeResultsDirectory="e8bcf533-b6cf-4437-8583-b9df36744f56" />
    <UnitTestResult executionId="8730887d-2eb7-444f-b4cd-674bd1cc54c8" testId="775c2266-178b-9fef-da49-3831e75c9048" testName="MapToErrorData_ShouldMapToExpectedErrorData_ForAllKnownExceptionMessages (Parameter 'maxCountBefore' not specified.,40000,0)" computerName="DKSR-EFI-04" duration="00:00:00.0000135" startTime="2023-12-22T09:32:38.8241802+01:00" endTime="2023-12-22T09:32:38.8243455+01:00" testType="13cdc9d9-ddb5-4fa4-a97d-d965ccfc6d4b" outcome="Passed" testListId="8c84fa94-04c1-424b-9868-57a2d4851a1d" relativeResultsDirectory="8730887d-2eb7-444f-b4cd-674bd1cc54c8" />
    <UnitTestResult executionId="0a1ede8d-0884-4791-9548-4a07ff1d35f2" testId="384ead11-9530-b5ea-1e17-ca8172d8c83f" testName="MapToErrorData_ShouldMapToExpectedErrorData_ForAllKnownExceptionMessages (Insufficient user rights to access Status API,40000,0)" computerName="DKSR-EFI-04" duration="00:00:00.0000192" startTime="2023-12-22T09:32:38.8494207+01:00" endTime="2023-12-22T09:32:38.8496694+01:00" testType="13cdc9d9-ddb5-4fa4-a97d-d965ccfc6d4b" outcome="Passed" testListId="8c84fa94-04c1-424b-9868-57a2d4851a1d" relativeResultsDirectory="0a1ede8d-0884-4791-9548-4a07ff1d35f2" />
    <UnitTestResult executionId="3f7e328b-428c-4c98-b9bd-95e3b9a54d83" testId="0bf3b0f7-e0cd-6212-e6b0-a59c4973159e" testName="MapToErrorData_ShouldMapToExpectedErrorData_ForAllKnownExceptionMessages (Content-Length is not valid,10000,0)" computerName="DKSR-EFI-04" duration="00:00:00.0000212" startTime="2023-12-22T09:32:38.8512195+01:00" endTime="2023-12-22T09:32:38.8513972+01:00" testType="13cdc9d9-ddb5-4fa4-a97d-d965ccfc6d4b" outcome="Passed" testListId="8c84fa94-04c1-424b-9868-57a2d4851a1d" relativeResultsDirectory="3f7e328b-428c-4c98-b9bd-95e3b9a54d83" />
    <UnitTestResult executionId="f799a872-8f90-41e1-97a3-2a4600ff4a6f" testId="005b709b-e005-a42e-b032-10c404536796" testName="MapToErrorData_ShouldMapToExpectedErrorData_ForAllKnownExceptionMessages (Parameter 'deviceIds' not specified.,40000,0)" computerName="DKSR-EFI-04" duration="00:00:00.0000138" startTime="2023-12-22T09:32:38.8321760+01:00" endTime="2023-12-22T09:32:38.8323298+01:00" testType="13cdc9d9-ddb5-4fa4-a97d-d965ccfc6d4b" outcome="Passed" testListId="8c84fa94-04c1-424b-9868-57a2d4851a1d" relativeResultsDirectory="f799a872-8f90-41e1-97a3-2a4600ff4a6f" />
    <UnitTestResult executionId="a44d30f7-6c8e-4731-afd6-5fc4b978c19e" testId="c83f10a6-255e-e28d-e955-642a81959698" testName="MapToErrorData_ShouldMapToExpectedErrorData_ForAllKnownExceptionMessages (Manual Ptz control not allowed,40295,60)" computerName="DKSR-EFI-04" duration="00:00:00.0000111" startTime="2023-12-22T09:32:38.8055889+01:00" endTime="2023-12-22T09:32:38.8057869+01:00" testType="13cdc9d9-ddb5-4fa4-a97d-d965ccfc6d4b" outcome="Passed" testListId="8c84fa94-04c1-424b-9868-57a2d4851a1d" relativeResultsDirectory="a44d30f7-6c8e-4731-afd6-5fc4b978c19e" />
    <UnitTestResult executionId="392aca67-a63a-4512-839b-747da4f849b9" testId="2526b742-84f0-d7f0-6374-3e3420994daf" testName="MapToErrorData_ShouldMapToExpectedErrorData_ForAllKnownExceptionMessages (Parameter 'refWidth' not specified.,40000,0)" computerName="DKSR-EFI-04" duration="00:00:00.0000123" startTime="2023-12-22T09:32:38.8100043+01:00" endTime="2023-12-22T09:32:38.8101977+01:00" testType="13cdc9d9-ddb5-4fa4-a97d-d965ccfc6d4b" outcome="Passed" testListId="8c84fa94-04c1-424b-9868-57a2d4851a1d" relativeResultsDirectory="392aca67-a63a-4512-839b-747da4f849b9" />
    <UnitTestResult executionId="287c7eb9-af1c-4a7b-8ac3-fe7e84e318d3" testId="faa7f702-2a50-8393-bfa4-c89abc9cf201" testName="MapToErrorData_ShouldMapToExpectedErrorData_ForAllKnownExceptionMessages (No response,40000,0)" computerName="DKSR-EFI-04" duration="00:00:00.0000092" startTime="2023-12-22T09:32:38.8377111+01:00" endTime="2023-12-22T09:32:38.8378527+01:00" testType="13cdc9d9-ddb5-4fa4-a97d-d965ccfc6d4b" outcome="Passed" testListId="8c84fa94-04c1-424b-9868-57a2d4851a1d" relativeResultsDirectory="287c7eb9-af1c-4a7b-8ac3-fe7e84e318d3" />
    <UnitTestResult executionId="bb159bb0-3926-4716-8bbc-ed218ac87437" testId="35bb0a75-ea12-7e32-2f76-7bbe73a33fa3" testName="MapToErrorData_ShouldMapToExpectedErrorData_ForAllKnownExceptionMessages (Invalid format. Value 'MicroSeconds' not as a integer for 'duration' parameter.,40000,0)" computerName="DKSR-EFI-04" duration="00:00:00.0000111" startTime="2023-12-22T09:32:38.8372231+01:00" endTime="2023-12-22T09:32:38.8373661+01:00" testType="13cdc9d9-ddb5-4fa4-a97d-d965ccfc6d4b" outcome="Passed" testListId="8c84fa94-04c1-424b-9868-57a2d4851a1d" relativeResultsDirectory="bb159bb0-3926-4716-8bbc-ed218ac87437" />
    <UnitTestResult executionId="bb418232-95c1-47bd-9305-7e03c783eb93" testId="47746e27-9b5e-7a6a-7cd3-180498584776" testName="MapToErrorData_ShouldMapToExpectedErrorData_ForAllKnownExceptionMessages (Preset Move To not allowed,40000,0)" computerName="DKSR-EFI-04" duration="00:00:00.0000104" startTime="2023-12-22T09:32:38.8380399+01:00" endTime="2023-12-22T09:32:38.8381844+01:00" testType="13cdc9d9-ddb5-4fa4-a97d-d965ccfc6d4b" outcome="Passed" testListId="8c84fa94-04c1-424b-9868-57a2d4851a1d" relativeResultsDirectory="bb418232-95c1-47bd-9305-7e03c783eb93" />
    <UnitTestResult executionId="1dff5779-eb59-4ad6-906a-69bf5f224404" testId="dfe1a7e8-4b3f-2888-20f3-0b6975258c68" testName="MapToErrorData_ShouldMapToExpectedErrorData_ForAllKnownExceptionMessages (Parameter 'timeLineInformationInterval/MicroSeconds' not specified.,40000,0)" computerName="DKSR-EFI-04" duration="00:00:00.0000161" startTime="2023-12-22T09:32:38.8314362+01:00" endTime="2023-12-22T09:32:38.8315989+01:00" testType="13cdc9d9-ddb5-4fa4-a97d-d965ccfc6d4b" outcome="Passed" testListId="8c84fa94-04c1-424b-9868-57a2d4851a1d" relativeResultsDirectory="1dff5779-eb59-4ad6-906a-69bf5f224404" />
    <UnitTestResult executionId="4aa8f821-0bf1-4a0d-89c1-e56a29c88245" testId="48bd61b1-7485-014a-656b-6fcc1d93a6dc" testName="MapToErrorData_ShouldMapToExpectedErrorData_ForAllKnownExceptionMessages (Parameter 'centerX' not specified.,40000,0)" computerName="DKSR-EFI-04" duration="00:00:00.0000121" startTime="2023-12-22T09:32:38.8115848+01:00" endTime="2023-12-22T09:32:38.8117908+01:00" testType="13cdc9d9-ddb5-4fa4-a97d-d965ccfc6d4b" outcome="Passed" testListId="8c84fa94-04c1-424b-9868-57a2d4851a1d" relativeResultsDirectory="4aa8f821-0bf1-4a0d-89c1-e56a29c88245" />
    <UnitTestResult executionId="1675978c-731f-4990-9ea3-bf32e1d347ac" testId="f9a6f506-b66a-c128-3b7e-3c3a5651ca82" testName="MapToErrorData_ShouldMapToExpectedErrorData_ForAllKnownExceptionMessages (Request rejected, no active session.,40295,30)" computerName="DKSR-EFI-04" duration="00:00:00.0000081" startTime="2023-12-22T09:32:38.7983975+01:00" endTime="2023-12-22T09:32:38.7985772+01:00" testType="13cdc9d9-ddb5-4fa4-a97d-d965ccfc6d4b" outcome="Passed" testListId="8c84fa94-04c1-424b-9868-57a2d4851a1d" relativeResultsDirectory="1675978c-731f-4990-9ea3-bf32e1d347ac" />
    <UnitTestResult executionId="1eaab92c-49fc-4489-9b9a-1a6b35bec7ab" testId="825457ae-18a4-cfa6-3aba-a97828dc81f8" testName="MapToErrorData_ShouldMapToExpectedErrorData_ForAllKnownExceptionMessages (Parameter 'smartSearchId' not specified.,40000,0)" computerName="DKSR-EFI-04" duration="00:00:00.0000137" startTime="2023-12-22T09:32:38.8245426+01:00" endTime="2023-12-22T09:32:38.8250566+01:00" testType="13cdc9d9-ddb5-4fa4-a97d-d965ccfc6d4b" outcome="Passed" testListId="8c84fa94-04c1-424b-9868-57a2d4851a1d" relativeResultsDirectory="1eaab92c-49fc-4489-9b9a-1a6b35bec7ab" />
    <UnitTestResult executionId="0d918a2a-4e99-4483-88e0-b3b066f2ae75" testId="d99987be-0832-3335-e237-6feaa4d6fa98" testName="MapToErrorData_ShouldMapToExpectedErrorData_ForAllKnownExceptionMessages (Parameter 'centerTime' not specified.,40000,0)" computerName="DKSR-EFI-04" duration="00:00:00.0000145" startTime="2023-12-22T09:32:38.8239958+01:00" endTime="2023-12-22T09:32:38.8241556+01:00" testType="13cdc9d9-ddb5-4fa4-a97d-d965ccfc6d4b" outcome="Passed" testListId="8c84fa94-04c1-424b-9868-57a2d4851a1d" relativeResultsDirectory="0d918a2a-4e99-4483-88e0-b3b066f2ae75" />
    <UnitTestResult executionId="99173fc0-7b87-4f2c-9aa7-f91f113e4338" testId="041837e6-bf12-a9d6-af7c-ea1d177979b1" testName="MapToErrorData_ShouldMapToExpectedErrorData_ForAllKnownExceptionMessages (Cannot perform session request without an active session.,40295,30)" computerName="DKSR-EFI-04" duration="00:00:00.0000094" startTime="2023-12-22T09:32:38.7981751+01:00" endTime="2023-12-22T09:32:38.7983734+01:00" testType="13cdc9d9-ddb5-4fa4-a97d-d965ccfc6d4b" outcome="Passed" testListId="8c84fa94-04c1-424b-9868-57a2d4851a1d" relativeResultsDirectory="99173fc0-7b87-4f2c-9aa7-f91f113e4338" />
    <UnitTestResult executionId="c3b57a21-8e46-413a-be86-3e3bf7abc058" testId="2e0a531a-9fca-50ea-f742-d0c411ede313" testName="MapToErrorData_ShouldMapToExpectedErrorData_ForAllKnownExceptionMessages (Cannot release patrolling session.,40295,42)" computerName="DKSR-EFI-04" duration="00:00:00.0000147" startTime="2023-12-22T09:32:38.8029908+01:00" endTime="2023-12-22T09:32:38.8032216+01:00" testType="13cdc9d9-ddb5-4fa4-a97d-d965ccfc6d4b" outcome="Passed" testListId="8c84fa94-04c1-424b-9868-57a2d4851a1d" relativeResultsDirectory="c3b57a21-8e46-413a-be86-3e3bf7abc058" />
  </Results>
  <TestDefinitions>
    <UnitTest name="MapToErrorData_ShouldMapToExpectedErrorData_ForAllKnownExceptionMessages (Output Deactivate not allowed,40000,0)" storage="d:\actions-runner\_work\xpco\xpco\allsolutions\..\common\videoos.universal\videoos.universal.recorder.client.unittests\bin\debug\net6.0\videoos.universal.recorder.client.unittests.dll" id="7ddc7671-5ae7-bc55-7f8e-6733a585870b">
      <Execution id="c0851f21-626e-4af1-ada2-abc1f3c67157" />
      <TestMethod codeBase="D:\actions-runner\_work\XPCO\XPCO\AllSolutions\..\Common\VideoOS.Universal\VideoOS.Universal.Recorder.Client.UnitTests\bin\Debug\net6.0\VideoOS.Universal.Recorder.Client.UnitTests.dll" adapterTypeName="executor://mstestadapter/v2" className="VideoOS.Universal.Recorder.Client.UnitTests.ErrorMappingTests" name="MapToErrorData_ShouldMapToExpectedErrorData_ForAllKnownExceptionMessages" />
    </UnitTest>
    <UnitTest name="MapToErrorData_ShouldMapToExpectedErrorData_ForAllKnownExceptionMessages (Invalid soap message,10002,0)" storage="d:\actions-runner\_work\xpco\xpco\allsolutions\..\common\videoos.universal\videoos.universal.recorder.client.unittests\bin\debug\net6.0\videoos.universal.recorder.client.unittests.dll" id="93698d26-1cb1-0d70-a79a-9e202541888d">
      <Execution id="b1b959a5-b3d4-4ba9-869b-a6f31172a27a" />
      <TestMethod codeBase="D:\actions-runner\_work\XPCO\XPCO\AllSolutions\..\Common\VideoOS.Universal\VideoOS.Universal.Recorder.Client.UnitTests\bin\Debug\net6.0\VideoOS.Universal.Recorder.Client.UnitTests.dll" adapterTypeName="executor://mstestadapter/v2" className="VideoOS.Universal.Recorder.Client.UnitTests.ErrorMappingTests" name="MapToErrorData_ShouldMapToExpectedErrorData_ForAllKnownExceptionMessages" />
    </UnitTest>
    <UnitTest name="MapToErrorData_ShouldMapToExpectedErrorData_ForAllKnownExceptionMessages (PresetGetList not allowed,40000,0)" storage="d:\actions-runner\_work\xpco\xpco\allsolutions\..\common\videoos.universal\videoos.universal.recorder.client.unittests\bin\debug\net6.0\videoos.universal.recorder.client.unittests.dll" id="61bfd5f1-b5bc-0f4f-5f35-33e2cf4d2d0d">
      <Execution id="58ba0175-effe-412a-9617-cb2bd25fdfb3" />
      <TestMethod codeBase="D:\actions-runner\_work\XPCO\XPCO\AllSolutions\..\Common\VideoOS.Universal\VideoOS.Universal.Recorder.Client.UnitTests\bin\Debug\net6.0\VideoOS.Universal.Recorder.Client.UnitTests.dll" adapterTypeName="executor://mstestadapter/v2" className="VideoOS.Universal.Recorder.Client.UnitTests.ErrorMappingTests" name="MapToErrorData_ShouldMapToExpectedErrorData_ForAllKnownExceptionMessages" />
    </UnitTest>
    <UnitTest name="MapToErrorData_ShouldMapToExpectedErrorData_ForAllKnownExceptionMessages (Parameter 'left' not a double.,40000,0)" storage="d:\actions-runner\_work\xpco\xpco\allsolutions\..\common\videoos.universal\videoos.universal.recorder.client.unittests\bin\debug\net6.0\videoos.universal.recorder.client.unittests.dll" id="f635cd27-80eb-0aa5-e577-37d722671965">
      <Execution id="e266555d-8a34-4619-b7dd-108de0275cb1" />
      <TestMethod codeBase="D:\actions-runner\_work\XPCO\XPCO\AllSolutions\..\Common\VideoOS.Universal\VideoOS.Universal.Recorder.Client.UnitTests\bin\Debug\net6.0\VideoOS.Universal.Recorder.Client.UnitTests.dll" adapterTypeName="executor://mstestadapter/v2" className="VideoOS.Universal.Recorder.Client.UnitTests.ErrorMappingTests" name="MapToErrorData_ShouldMapToExpectedErrorData_ForAllKnownExceptionMessages" />
    </UnitTest>
    <UnitTest name="MapToErrorData_ShouldMapToExpectedErrorData_ForAllKnownExceptionMessages (Parameter 'timeLineInformationCount' not specified.,40000,0)" storage="d:\actions-runner\_work\xpco\xpco\allsolutions\..\common\videoos.universal\videoos.universal.recorder.client.unittests\bin\debug\net6.0\videoos.universal.recorder.client.unittests.dll" id="4b09409c-fa19-3280-23bf-c4300e58fb5d">
      <Execution id="fedf6033-ac9f-484f-99b3-79021113f113" />
      <TestMethod codeBase="D:\actions-runner\_work\XPCO\XPCO\AllSolutions\..\Common\VideoOS.Universal\VideoOS.Universal.Recorder.Client.UnitTests\bin\Debug\net6.0\VideoOS.Universal.Recorder.Client.UnitTests.dll" adapterTypeName="executor://mstestadapter/v2" className="VideoOS.Universal.Recorder.Client.UnitTests.ErrorMappingTests" name="MapToErrorData_ShouldMapToExpectedErrorData_ForAllKnownExceptionMessages" />
    </UnitTest>
    <UnitTest name="MapToErrorData_ShouldMapToExpectedErrorData_ForAllKnownExceptionMessages (Parameter 'deviceIds' not specified.,40000,0)" storage="d:\actions-runner\_work\xpco\xpco\allsolutions\..\common\videoos.universal\videoos.universal.recorder.client.unittests\bin\debug\net6.0\videoos.universal.recorder.client.unittests.dll" id="005b709b-e005-a42e-b032-10c404536796">
      <Execution id="f799a872-8f90-41e1-97a3-2a4600ff4a6f" />
      <TestMethod codeBase="D:\actions-runner\_work\XPCO\XPCO\AllSolutions\..\Common\VideoOS.Universal\VideoOS.Universal.Recorder.Client.UnitTests\bin\Debug\net6.0\VideoOS.Universal.Recorder.Client.UnitTests.dll" adapterTypeName="executor://mstestadapter/v2" className="VideoOS.Universal.Recorder.Client.UnitTests.ErrorMappingTests" name="MapToErrorData_ShouldMapToExpectedErrorData_ForAllKnownExceptionMessages" />
    </UnitTest>
    <UnitTest name="MapToErrorData_ShouldMapToExpectedErrorData_ForAllKnownExceptionMessages (Parameter 'zoom' not specified.,40000,0)" storage="d:\actions-runner\_work\xpco\xpco\allsolutions\..\common\videoos.universal\videoos.universal.recorder.client.unittests\bin\debug\net6.0\videoos.universal.recorder.client.unittests.dll" id="c132f42e-804b-aa0b-ad93-c5e62780ffdc">
      <Execution id="5734daf4-4213-49c8-b18c-2407704d3116" />
      <TestMethod codeBase="D:\actions-runner\_work\XPCO\XPCO\AllSolutions\..\Common\VideoOS.Universal\VideoOS.Universal.Recorder.Client.UnitTests\bin\Debug\net6.0\VideoOS.Universal.Recorder.Client.UnitTests.dll" adapterTypeName="executor://mstestadapter/v2" className="VideoOS.Universal.Recorder.Client.UnitTests.ErrorMappingTests" name="MapToErrorData_ShouldMapToExpectedErrorData_ForAllKnownExceptionMessages" />
    </UnitTest>
    <UnitTest name="MapToErrorData_ShouldMapToExpectedErrorData_ForAllKnownExceptionMessages (Feature not licensed.,40295,100)" storage="d:\actions-runner\_work\xpco\xpco\allsolutions\..\common\videoos.universal\videoos.universal.recorder.client.unittests\bin\debug\net6.0\videoos.universal.recorder.client.unittests.dll" id="206f3a64-6a93-c3b3-fdc1-fa2dbccfeeb8">
      <Execution id="46a147c3-3175-447c-ba95-3d23f85e2b3b" />
      <TestMethod codeBase="D:\actions-runner\_work\XPCO\XPCO\AllSolutions\..\Common\VideoOS.Universal\VideoOS.Universal.Recorder.Client.UnitTests\bin\Debug\net6.0\VideoOS.Universal.Recorder.Client.UnitTests.dll" adapterTypeName="executor://mstestadapter/v2" className="VideoOS.Universal.Recorder.Client.UnitTests.ErrorMappingTests" name="MapToErrorData_ShouldMapToExpectedErrorData_ForAllKnownExceptionMessages" />
    </UnitTest>
    <UnitTest name="MapToErrorData_ShouldMapToExpectedErrorData_ForAllKnownExceptionMessages (Send driver command not allowed,40000,0)" storage="d:\actions-runner\_work\xpco\xpco\allsolutions\..\common\videoos.universal\videoos.universal.recorder.client.unittests\bin\debug\net6.0\videoos.universal.recorder.client.unittests.dll" id="54420a81-3202-6712-9838-6c860d2f1fbf">
      <Execution id="18661012-294b-415d-8001-cfad976a03cd" />
      <TestMethod codeBase="D:\actions-runner\_work\XPCO\XPCO\AllSolutions\..\Common\VideoOS.Universal\VideoOS.Universal.Recorder.Client.UnitTests\bin\Debug\net6.0\VideoOS.Universal.Recorder.Client.UnitTests.dll" adapterTypeName="executor://mstestadapter/v2" className="VideoOS.Universal.Recorder.Client.UnitTests.ErrorMappingTests" name="MapToErrorData_ShouldMapToExpectedErrorData_ForAllKnownExceptionMessages" />
    </UnitTest>
    <UnitTest name="MapToErrorData_ShouldMapToExpectedErrorData_ForAllKnownExceptionMessages (Request rejected, request priority (1) lower than current priority (2).,40295,20)" storage="d:\actions-runner\_work\xpco\xpco\allsolutions\..\common\videoos.universal\videoos.universal.recorder.client.unittests\bin\debug\net6.0\videoos.universal.recorder.client.unittests.dll" id="188b3af4-6927-b785-000e-964472ccc180">
      <Execution id="936594bc-9179-4703-be70-c8dd52827621" />
      <TestMethod codeBase="D:\actions-runner\_work\XPCO\XPCO\AllSolutions\..\Common\VideoOS.Universal\VideoOS.Universal.Recorder.Client.UnitTests\bin\Debug\net6.0\VideoOS.Universal.Recorder.Client.UnitTests.dll" adapterTypeName="executor://mstestadapter/v2" className="VideoOS.Universal.Recorder.Client.UnitTests.ErrorMappingTests" name="MapToErrorData_ShouldMapToExpectedErrorData_ForAllKnownExceptionMessages" />
    </UnitTest>
    <UnitTest name="MapToErrorData_ShouldMapToExpectedErrorData_ForAllKnownExceptionMessages (Device is not IPtz,40295,10)" storage="d:\actions-runner\_work\xpco\xpco\allsolutions\..\common\videoos.universal\videoos.universal.recorder.client.unittests\bin\debug\net6.0\videoos.universal.recorder.client.unittests.dll" id="28c6eb94-3faf-a326-37d7-9fdaf583905e">
      <Execution id="0a340123-174e-4bc2-828e-3d8df0ee5313" />
      <TestMethod codeBase="D:\actions-runner\_work\XPCO\XPCO\AllSolutions\..\Common\VideoOS.Universal\VideoOS.Universal.Recorder.Client.UnitTests\bin\Debug\net6.0\VideoOS.Universal.Recorder.Client.UnitTests.dll" adapterTypeName="executor://mstestadapter/v2" className="VideoOS.Universal.Recorder.Client.UnitTests.ErrorMappingTests" name="MapToErrorData_ShouldMapToExpectedErrorData_ForAllKnownExceptionMessages" />
    </UnitTest>
    <UnitTest name="MapToErrorData_ShouldMapToExpectedErrorData_ForAllKnownExceptionMessages (Parameter 'refWidth' not specified.,40000,0)" storage="d:\actions-runner\_work\xpco\xpco\allsolutions\..\common\videoos.universal\videoos.universal.recorder.client.unittests\bin\debug\net6.0\videoos.universal.recorder.client.unittests.dll" id="2526b742-84f0-d7f0-6374-3e3420994daf">
      <Execution id="392aca67-a63a-4512-839b-747da4f849b9" />
      <TestMethod codeBase="D:\actions-runner\_work\XPCO\XPCO\AllSolutions\..\Common\VideoOS.Universal\VideoOS.Universal.Recorder.Client.UnitTests\bin\Debug\net6.0\VideoOS.Universal.Recorder.Client.UnitTests.dll" adapterTypeName="executor://mstestadapter/v2" className="VideoOS.Universal.Recorder.Client.UnitTests.ErrorMappingTests" name="MapToErrorData_ShouldMapToExpectedErrorData_ForAllKnownExceptionMessages" />
    </UnitTest>
    <UnitTest name="MapToErrorData_ShouldMapToExpectedErrorData_ForAllKnownExceptionMessages (Device AACBA580-2202-4D25-9E27-2B193F56DEE9 is not a Ptz device,40295,10)" storage="d:\actions-runner\_work\xpco\xpco\allsolutions\..\common\videoos.universal\videoos.universal.recorder.client.unittests\bin\debug\net6.0\videoos.universal.recorder.client.unittests.dll" id="72db4e34-b92e-92c6-4d35-448ba47eaa04">
      <Execution id="9b63b1cf-fed3-44b8-ad1d-43315e4821a9" />
      <TestMethod codeBase="D:\actions-runner\_work\XPCO\XPCO\AllSolutions\..\Common\VideoOS.Universal\VideoOS.Universal.Recorder.Client.UnitTests\bin\Debug\net6.0\VideoOS.Universal.Recorder.Client.UnitTests.dll" adapterTypeName="executor://mstestadapter/v2" className="VideoOS.Universal.Recorder.Client.UnitTests.ErrorMappingTests" name="MapToErrorData_ShouldMapToExpectedErrorData_ForAllKnownExceptionMessages" />
    </UnitTest>
    <UnitTest name="MapToErrorData_ShouldMapToExpectedErrorData_ForAllKnownExceptionMessages (Cannot perform session request without an active session.,40295,30)" storage="d:\actions-runner\_work\xpco\xpco\allsolutions\..\common\videoos.universal\videoos.universal.recorder.client.unittests\bin\debug\net6.0\videoos.universal.recorder.client.unittests.dll" id="041837e6-bf12-a9d6-af7c-ea1d177979b1">
      <Execution id="99173fc0-7b87-4f2c-9aa7-f91f113e4338" />
      <TestMethod codeBase="D:\actions-runner\_work\XPCO\XPCO\AllSolutions\..\Common\VideoOS.Universal\VideoOS.Universal.Recorder.Client.UnitTests\bin\Debug\net6.0\VideoOS.Universal.Recorder.Client.UnitTests.dll" adapterTypeName="executor://mstestadapter/v2" className="VideoOS.Universal.Recorder.Client.UnitTests.ErrorMappingTests" name="MapToErrorData_ShouldMapToExpectedErrorData_ForAllKnownExceptionMessages" />
    </UnitTest>
    <UnitTest name="MapToErrorData_ShouldMapToExpectedErrorData_ForAllKnownExceptionMessages (Parameter 'centerX' not specified.,40000,0)" storage="d:\actions-runner\_work\xpco\xpco\allsolutions\..\common\videoos.universal\videoos.universal.recorder.client.unittests\bin\debug\net6.0\videoos.universal.recorder.client.unittests.dll" id="48bd61b1-7485-014a-656b-6fcc1d93a6dc">
      <Execution id="4aa8f821-0bf1-4a0d-89c1-e56a29c88245" />
      <TestMethod codeBase="D:\actions-runner\_work\XPCO\XPCO\AllSolutions\..\Common\VideoOS.Universal\VideoOS.Universal.Recorder.Client.UnitTests\bin\Debug\net6.0\VideoOS.Universal.Recorder.Client.UnitTests.dll" adapterTypeName="executor://mstestadapter/v2" className="VideoOS.Universal.Recorder.Client.UnitTests.ErrorMappingTests" name="MapToErrorData_ShouldMapToExpectedErrorData_ForAllKnownExceptionMessages" />
    </UnitTest>
    <UnitTest name="MapToErrorData_ShouldMapToExpectedErrorData_ForAllKnownExceptionMessages (Parameter 'searchMask/Size' not specified.,40000,0)" storage="d:\actions-runner\_work\xpco\xpco\allsolutions\..\common\videoos.universal\videoos.universal.recorder.client.unittests\bin\debug\net6.0\videoos.universal.recorder.client.unittests.dll" id="1aabf4d3-6a3b-e7e3-a00c-4631be2dce11">
      <Execution id="0ff23b1f-76e6-4bbe-9ec4-fca97ef35b60" />
      <TestMethod codeBase="D:\actions-runner\_work\XPCO\XPCO\AllSolutions\..\Common\VideoOS.Universal\VideoOS.Universal.Recorder.Client.UnitTests\bin\Debug\net6.0\VideoOS.Universal.Recorder.Client.UnitTests.dll" adapterTypeName="executor://mstestadapter/v2" className="VideoOS.Universal.Recorder.Client.UnitTests.ErrorMappingTests" name="MapToErrorData_ShouldMapToExpectedErrorData_ForAllKnownExceptionMessages" />
    </UnitTest>
    <UnitTest name="MapToErrorData_ShouldMapToExpectedErrorData_ForAllKnownExceptionMessages (Unknown soap version,10003,0)" storage="d:\actions-runner\_work\xpco\xpco\allsolutions\..\common\videoos.universal\videoos.universal.recorder.client.unittests\bin\debug\net6.0\videoos.universal.recorder.client.unittests.dll" id="0db8f075-8619-9924-cc7c-4e59947c272a">
      <Execution id="c62f5225-c1cc-4193-8f8a-0040469303bc" />
      <TestMethod codeBase="D:\actions-runner\_work\XPCO\XPCO\AllSolutions\..\Common\VideoOS.Universal\VideoOS.Universal.Recorder.Client.UnitTests\bin\Debug\net6.0\VideoOS.Universal.Recorder.Client.UnitTests.dll" adapterTypeName="executor://mstestadapter/v2" className="VideoOS.Universal.Recorder.Client.UnitTests.ErrorMappingTests" name="MapToErrorData_ShouldMapToExpectedErrorData_ForAllKnownExceptionMessages" />
    </UnitTest>
    <UnitTest name="MapToErrorData_ShouldMapToExpectedErrorData_ForAllKnownExceptionMessages (Parameter 'top' not specified.,40000,0)" storage="d:\actions-runner\_work\xpco\xpco\allsolutions\..\common\videoos.universal\videoos.universal.recorder.client.unittests\bin\debug\net6.0\videoos.universal.recorder.client.unittests.dll" id="b728ccec-68da-e762-c01d-1e8efd419495">
      <Execution id="b2d5effb-92ad-4672-a5e9-b108cc3d38ad" />
      <TestMethod codeBase="D:\actions-runner\_work\XPCO\XPCO\AllSolutions\..\Common\VideoOS.Universal\VideoOS.Universal.Recorder.Client.UnitTests\bin\Debug\net6.0\VideoOS.Universal.Recorder.Client.UnitTests.dll" adapterTypeName="executor://mstestadapter/v2" className="VideoOS.Universal.Recorder.Client.UnitTests.ErrorMappingTests" name="MapToErrorData_ShouldMapToExpectedErrorData_ForAllKnownExceptionMessages" />
    </UnitTest>
    <UnitTest name="MapToErrorData_ShouldMapToExpectedErrorData_ForAllKnownExceptionMessages (Device not ready, device Id =AACBA580-2202-4D25-9E27-2B193F56DEE9,40295,2)" storage="d:\actions-runner\_work\xpco\xpco\allsolutions\..\common\videoos.universal\videoos.universal.recorder.client.unittests\bin\debug\net6.0\videoos.universal.recorder.client.unittests.dll" id="e0c4eaf9-0e39-3b3a-916a-b855f447e07f">
      <Execution id="b57299e0-5b28-4974-ab1d-900e9577baeb" />
      <TestMethod codeBase="D:\actions-runner\_work\XPCO\XPCO\AllSolutions\..\Common\VideoOS.Universal\VideoOS.Universal.Recorder.Client.UnitTests\bin\Debug\net6.0\VideoOS.Universal.Recorder.Client.UnitTests.dll" adapterTypeName="executor://mstestadapter/v2" className="VideoOS.Universal.Recorder.Client.UnitTests.ErrorMappingTests" name="MapToErrorData_ShouldMapToExpectedErrorData_ForAllKnownExceptionMessages" />
    </UnitTest>
    <UnitTest name="MapToErrorData_ShouldMapToExpectedErrorData_ForAllKnownExceptionMessages (Request skipped - too many requests in queue,40295,21)" storage="d:\actions-runner\_work\xpco\xpco\allsolutions\..\common\videoos.universal\videoos.universal.recorder.client.unittests\bin\debug\net6.0\videoos.universal.recorder.client.unittests.dll" id="3d3e0d26-4670-fc08-72af-6dfc81c27261">
      <Execution id="00221f43-2bd0-4111-90ef-9bfc963a3cfd" />
      <TestMethod codeBase="D:\actions-runner\_work\XPCO\XPCO\AllSolutions\..\Common\VideoOS.Universal\VideoOS.Universal.Recorder.Client.UnitTests\bin\Debug\net6.0\VideoOS.Universal.Recorder.Client.UnitTests.dll" adapterTypeName="executor://mstestadapter/v2" className="VideoOS.Universal.Recorder.Client.UnitTests.ErrorMappingTests" name="MapToErrorData_ShouldMapToExpectedErrorData_ForAllKnownExceptionMessages" />
    </UnitTest>
    <UnitTest name="MapToErrorData_ShouldMapToExpectedErrorData_ForAllKnownExceptionMessages (Parameter 'centerY' not specified.,40000,0)" storage="d:\actions-runner\_work\xpco\xpco\allsolutions\..\common\videoos.universal\videoos.universal.recorder.client.unittests\bin\debug\net6.0\videoos.universal.recorder.client.unittests.dll" id="487f3f64-c726-1b66-e678-37b0d8110466">
      <Execution id="9a21e21d-6d5d-4c22-bd61-b543b1acab8a" />
      <TestMethod codeBase="D:\actions-runner\_work\XPCO\XPCO\AllSolutions\..\Common\VideoOS.Universal\VideoOS.Universal.Recorder.Client.UnitTests\bin\Debug\net6.0\VideoOS.Universal.Recorder.Client.UnitTests.dll" adapterTypeName="executor://mstestadapter/v2" className="VideoOS.Universal.Recorder.Client.UnitTests.ErrorMappingTests" name="MapToErrorData_ShouldMapToExpectedErrorData_ForAllKnownExceptionMessages" />
    </UnitTest>
    <UnitTest name="MapToErrorData_ShouldMapToExpectedErrorData_ForAllKnownExceptionMessages (Manual patrolling cannot be released,40295,42)" storage="d:\actions-runner\_work\xpco\xpco\allsolutions\..\common\videoos.universal\videoos.universal.recorder.client.unittests\bin\debug\net6.0\videoos.universal.recorder.client.unittests.dll" id="1b058b97-bb74-15a8-7317-ac184b91873a">
      <Execution id="673b70a4-54cb-4351-898c-8ff3c1b33ac9" />
      <TestMethod codeBase="D:\actions-runner\_work\XPCO\XPCO\AllSolutions\..\Common\VideoOS.Universal\VideoOS.Universal.Recorder.Client.UnitTests\bin\Debug\net6.0\VideoOS.Universal.Recorder.Client.UnitTests.dll" adapterTypeName="executor://mstestadapter/v2" className="VideoOS.Universal.Recorder.Client.UnitTests.ErrorMappingTests" name="MapToErrorData_ShouldMapToExpectedErrorData_ForAllKnownExceptionMessages" />
    </UnitTest>
    <UnitTest name="MapToErrorData_ShouldMapToExpectedErrorData_ForAllKnownExceptionMessages (Parameter 'searchEndTime' not specified.,40000,0)" storage="d:\actions-runner\_work\xpco\xpco\allsolutions\..\common\videoos.universal\videoos.universal.recorder.client.unittests\bin\debug\net6.0\videoos.universal.recorder.client.unittests.dll" id="93a3d2d5-1ead-5b8c-97e3-004455941625">
      <Execution id="04192f76-0969-4217-9e5d-915b75cdaaf6" />
      <TestMethod codeBase="D:\actions-runner\_work\XPCO\XPCO\AllSolutions\..\Common\VideoOS.Universal\VideoOS.Universal.Recorder.Client.UnitTests\bin\Debug\net6.0\VideoOS.Universal.Recorder.Client.UnitTests.dll" adapterTypeName="executor://mstestadapter/v2" className="VideoOS.Universal.Recorder.Client.UnitTests.ErrorMappingTests" name="MapToErrorData_ShouldMapToExpectedErrorData_ForAllKnownExceptionMessages" />
    </UnitTest>
    <UnitTest name="MapToErrorData_ShouldMapToExpectedErrorData_ForAllKnownExceptionMessages (Parameter 'timeLineInformationCount' &lt;= 0.,40000,0)" storage="d:\actions-runner\_work\xpco\xpco\allsolutions\..\common\videoos.universal\videoos.universal.recorder.client.unittests\bin\debug\net6.0\videoos.universal.recorder.client.unittests.dll" id="c924bc3e-90cd-8153-1719-5cc6f0ffa6e2">
      <Execution id="0f3de278-e574-4e76-9390-52d168b93a10" />
      <TestMethod codeBase="D:\actions-runner\_work\XPCO\XPCO\AllSolutions\..\Common\VideoOS.Universal\VideoOS.Universal.Recorder.Client.UnitTests\bin\Debug\net6.0\VideoOS.Universal.Recorder.Client.UnitTests.dll" adapterTypeName="executor://mstestadapter/v2" className="VideoOS.Universal.Recorder.Client.UnitTests.ErrorMappingTests" name="MapToErrorData_ShouldMapToExpectedErrorData_ForAllKnownExceptionMessages" />
    </UnitTest>
    <UnitTest name="MapToErrorData_ShouldMapToExpectedErrorData_ForAllKnownExceptionMessages (Parameter 'sensitivity' not specified.,40000,0)" storage="d:\actions-runner\_work\xpco\xpco\allsolutions\..\common\videoos.universal\videoos.universal.recorder.client.unittests\bin\debug\net6.0\videoos.universal.recorder.client.unittests.dll" id="d3f8ffb4-3c74-a520-b24a-af65a869827e">
      <Execution id="e9657de8-5361-4987-a1c2-9a25b5203dea" />
      <TestMethod codeBase="D:\actions-runner\_work\XPCO\XPCO\AllSolutions\..\Common\VideoOS.Universal\VideoOS.Universal.Recorder.Client.UnitTests\bin\Debug\net6.0\VideoOS.Universal.Recorder.Client.UnitTests.dll" adapterTypeName="executor://mstestadapter/v2" className="VideoOS.Universal.Recorder.Client.UnitTests.ErrorMappingTests" name="MapToErrorData_ShouldMapToExpectedErrorData_ForAllKnownExceptionMessages" />
    </UnitTest>
    <UnitTest name="MapToErrorData_ShouldMapToExpectedErrorData_ForAllKnownExceptionMessages ('searchMask' parameters does not match 64x64 grid: 4, 4,40000,0)" storage="d:\actions-runner\_work\xpco\xpco\allsolutions\..\common\videoos.universal\videoos.universal.recorder.client.unittests\bin\debug\net6.0\videoos.universal.recorder.client.unittests.dll" id="36de645f-765a-5414-1dcc-495e04385e02">
      <Execution id="a7ab9624-0a70-4ab8-bd12-c478288e8a67" />
      <TestMethod codeBase="D:\actions-runner\_work\XPCO\XPCO\AllSolutions\..\Common\VideoOS.Universal\VideoOS.Universal.Recorder.Client.UnitTests\bin\Debug\net6.0\VideoOS.Universal.Recorder.Client.UnitTests.dll" adapterTypeName="executor://mstestadapter/v2" className="VideoOS.Universal.Recorder.Client.UnitTests.ErrorMappingTests" name="MapToErrorData_ShouldMapToExpectedErrorData_ForAllKnownExceptionMessages" />
    </UnitTest>
    <UnitTest name="MapToErrorData_ShouldMapToExpectedErrorData_ForAllKnownExceptionMessages (Content-Length is not valid,10000,0)" storage="d:\actions-runner\_work\xpco\xpco\allsolutions\..\common\videoos.universal\videoos.universal.recorder.client.unittests\bin\debug\net6.0\videoos.universal.recorder.client.unittests.dll" id="0bf3b0f7-e0cd-6212-e6b0-a59c4973159e">
      <Execution id="3f7e328b-428c-4c98-b9bd-95e3b9a54d83" />
      <TestMethod codeBase="D:\actions-runner\_work\XPCO\XPCO\AllSolutions\..\Common\VideoOS.Universal\VideoOS.Universal.Recorder.Client.UnitTests\bin\Debug\net6.0\VideoOS.Universal.Recorder.Client.UnitTests.dll" adapterTypeName="executor://mstestadapter/v2" className="VideoOS.Universal.Recorder.Client.UnitTests.ErrorMappingTests" name="MapToErrorData_ShouldMapToExpectedErrorData_ForAllKnownExceptionMessages" />
    </UnitTest>
    <UnitTest name="MapToErrorData_ShouldMapToExpectedErrorData_ForAllKnownExceptionMessages (Parameter 'duration' not specified.,40000,0)" storage="d:\actions-runner\_work\xpco\xpco\allsolutions\..\common\videoos.universal\videoos.universal.recorder.client.unittests\bin\debug\net6.0\videoos.universal.recorder.client.unittests.dll" id="fa3791c7-e8ce-0409-854d-b45e4d8d32d4">
      <Execution id="e8ae62c3-0613-410a-a196-9dfd006254ea" />
      <TestMethod codeBase="D:\actions-runner\_work\XPCO\XPCO\AllSolutions\..\Common\VideoOS.Universal\VideoOS.Universal.Recorder.Client.UnitTests\bin\Debug\net6.0\VideoOS.Universal.Recorder.Client.UnitTests.dll" adapterTypeName="executor://mstestadapter/v2" className="VideoOS.Universal.Recorder.Client.UnitTests.ErrorMappingTests" name="MapToErrorData_ShouldMapToExpectedErrorData_ForAllKnownExceptionMessages" />
    </UnitTest>
    <UnitTest name="MapToErrorData_ShouldMapToExpectedErrorData_ForAllKnownExceptionMessages (Export of JPEG not allowed(restricted media or dataSecurityExtension),40000,0)" storage="d:\actions-runner\_work\xpco\xpco\allsolutions\..\common\videoos.universal\videoos.universal.recorder.client.unittests\bin\debug\net6.0\videoos.universal.recorder.client.unittests.dll" id="fe597369-cabd-61b0-f134-60cdb315f2cf">
      <Execution id="2e375446-c079-4f06-a547-f0f66870d3d0" />
      <TestMethod codeBase="D:\actions-runner\_work\XPCO\XPCO\AllSolutions\..\Common\VideoOS.Universal\VideoOS.Universal.Recorder.Client.UnitTests\bin\Debug\net6.0\VideoOS.Universal.Recorder.Client.UnitTests.dll" adapterTypeName="executor://mstestadapter/v2" className="VideoOS.Universal.Recorder.Client.UnitTests.ErrorMappingTests" name="MapToErrorData_ShouldMapToExpectedErrorData_ForAllKnownExceptionMessages" />
    </UnitTest>
    <UnitTest name="MapToErrorData_ShouldMapToExpectedErrorData_ForAllKnownExceptionMessages (Request rejected, no active session.,40295,30)" storage="d:\actions-runner\_work\xpco\xpco\allsolutions\..\common\videoos.universal\videoos.universal.recorder.client.unittests\bin\debug\net6.0\videoos.universal.recorder.client.unittests.dll" id="f9a6f506-b66a-c128-3b7e-3c3a5651ca82">
      <Execution id="1675978c-731f-4990-9ea3-bf32e1d347ac" />
      <TestMethod codeBase="D:\actions-runner\_work\XPCO\XPCO\AllSolutions\..\Common\VideoOS.Universal\VideoOS.Universal.Recorder.Client.UnitTests\bin\Debug\net6.0\VideoOS.Universal.Recorder.Client.UnitTests.dll" adapterTypeName="executor://mstestadapter/v2" className="VideoOS.Universal.Recorder.Client.UnitTests.ErrorMappingTests" name="MapToErrorData_ShouldMapToExpectedErrorData_ForAllKnownExceptionMessages" />
    </UnitTest>
    <UnitTest name="MapToErrorData_ShouldMapToExpectedErrorData_ForAllKnownExceptionMessages (Parameter 'searchInterval/MicroSeconds' not specified.,40000,0)" storage="d:\actions-runner\_work\xpco\xpco\allsolutions\..\common\videoos.universal\videoos.universal.recorder.client.unittests\bin\debug\net6.0\videoos.universal.recorder.client.unittests.dll" id="588d7209-0e5e-1dba-9d60-1c62f9ee9525">
      <Execution id="7abd1086-cbdc-47de-a77b-b4f027a95816" />
      <TestMethod codeBase="D:\actions-runner\_work\XPCO\XPCO\AllSolutions\..\Common\VideoOS.Universal\VideoOS.Universal.Recorder.Client.UnitTests\bin\Debug\net6.0\VideoOS.Universal.Recorder.Client.UnitTests.dll" adapterTypeName="executor://mstestadapter/v2" className="VideoOS.Universal.Recorder.Client.UnitTests.ErrorMappingTests" name="MapToErrorData_ShouldMapToExpectedErrorData_ForAllKnownExceptionMessages" />
    </UnitTest>
    <UnitTest name="MapToErrorData_ShouldMapToExpectedErrorData_ForAllKnownExceptionMessages (Request rejected, request priority (1) lower than current patrolling priority (2).,40295,43)" storage="d:\actions-runner\_work\xpco\xpco\allsolutions\..\common\videoos.universal\videoos.universal.recorder.client.unittests\bin\debug\net6.0\videoos.universal.recorder.client.unittests.dll" id="2647096c-aba4-e33a-a25e-5ea08cf9df11">
      <Execution id="92589627-5773-4e0d-91e2-4d1817ca4b67" />
      <TestMethod codeBase="D:\actions-runner\_work\XPCO\XPCO\AllSolutions\..\Common\VideoOS.Universal\VideoOS.Universal.Recorder.Client.UnitTests\bin\Debug\net6.0\VideoOS.Universal.Recorder.Client.UnitTests.dll" adapterTypeName="executor://mstestadapter/v2" className="VideoOS.Universal.Recorder.Client.UnitTests.ErrorMappingTests" name="MapToErrorData_ShouldMapToExpectedErrorData_ForAllKnownExceptionMessages" />
    </UnitTest>
    <UnitTest name="MapToErrorData_ShouldMapToExpectedErrorData_ForAllKnownExceptionMessages (Parameter 'maxCountBefore' not specified.,40000,0)" storage="d:\actions-runner\_work\xpco\xpco\allsolutions\..\common\videoos.universal\videoos.universal.recorder.client.unittests\bin\debug\net6.0\videoos.universal.recorder.client.unittests.dll" id="775c2266-178b-9fef-da49-3831e75c9048">
      <Execution id="8730887d-2eb7-444f-b4cd-674bd1cc54c8" />
      <TestMethod codeBase="D:\actions-runner\_work\XPCO\XPCO\AllSolutions\..\Common\VideoOS.Universal\VideoOS.Universal.Recorder.Client.UnitTests\bin\Debug\net6.0\VideoOS.Universal.Recorder.Client.UnitTests.dll" adapterTypeName="executor://mstestadapter/v2" className="VideoOS.Universal.Recorder.Client.UnitTests.ErrorMappingTests" name="MapToErrorData_ShouldMapToExpectedErrorData_ForAllKnownExceptionMessages" />
    </UnitTest>
    <UnitTest name="MapToErrorData_ShouldMapToExpectedErrorData_ForAllKnownExceptionMessages (Request rejected, request priority (2) equal to current priority (2).,40295,20)" storage="d:\actions-runner\_work\xpco\xpco\allsolutions\..\common\videoos.universal\videoos.universal.recorder.client.unittests\bin\debug\net6.0\videoos.universal.recorder.client.unittests.dll" id="e3d09884-7a26-19ec-fe45-6074947eec14">
      <Execution id="9653ecd1-f7d9-4a90-8faa-0204e30b019e" />
      <TestMethod codeBase="D:\actions-runner\_work\XPCO\XPCO\AllSolutions\..\Common\VideoOS.Universal\VideoOS.Universal.Recorder.Client.UnitTests\bin\Debug\net6.0\VideoOS.Universal.Recorder.Client.UnitTests.dll" adapterTypeName="executor://mstestadapter/v2" className="VideoOS.Universal.Recorder.Client.UnitTests.ErrorMappingTests" name="MapToErrorData_ShouldMapToExpectedErrorData_ForAllKnownExceptionMessages" />
    </UnitTest>
    <UnitTest name="MapToErrorData_ShouldMapToExpectedErrorData_ForAllKnownExceptionMessages (Parameter 'searchInterval' not specified.,40000,0)" storage="d:\actions-runner\_work\xpco\xpco\allsolutions\..\common\videoos.universal\videoos.universal.recorder.client.unittests\bin\debug\net6.0\videoos.universal.recorder.client.unittests.dll" id="bea61d3a-b596-676c-8420-e52dc4bdb5ee">
      <Execution id="e794e694-9c95-4813-bc98-36ef20e91c67" />
      <TestMethod codeBase="D:\actions-runner\_work\XPCO\XPCO\AllSolutions\..\Common\VideoOS.Universal\VideoOS.Universal.Recorder.Client.UnitTests\bin\Debug\net6.0\VideoOS.Universal.Recorder.Client.UnitTests.dll" adapterTypeName="executor://mstestadapter/v2" className="VideoOS.Universal.Recorder.Client.UnitTests.ErrorMappingTests" name="MapToErrorData_ShouldMapToExpectedErrorData_ForAllKnownExceptionMessages" />
    </UnitTest>
    <UnitTest name="MapToErrorData_ShouldMapToExpectedErrorData_ForAllKnownExceptionMessages (Parameter 'centerTime' not specified.,40000,0)" storage="d:\actions-runner\_work\xpco\xpco\allsolutions\..\common\videoos.universal\videoos.universal.recorder.client.unittests\bin\debug\net6.0\videoos.universal.recorder.client.unittests.dll" id="d99987be-0832-3335-e237-6feaa4d6fa98">
      <Execution id="0d918a2a-4e99-4483-88e0-b3b066f2ae75" />
      <TestMethod codeBase="D:\actions-runner\_work\XPCO\XPCO\AllSolutions\..\Common\VideoOS.Universal\VideoOS.Universal.Recorder.Client.UnitTests\bin\Debug\net6.0\VideoOS.Universal.Recorder.Client.UnitTests.dll" adapterTypeName="executor://mstestadapter/v2" className="VideoOS.Universal.Recorder.Client.UnitTests.ErrorMappingTests" name="MapToErrorData_ShouldMapToExpectedErrorData_ForAllKnownExceptionMessages" />
    </UnitTest>
    <UnitTest name="MapToErrorData_ShouldMapToExpectedErrorData_ForAllKnownExceptionMessages (Parameter 'resultMotionMaskSize' not specified.,40000,0)" storage="d:\actions-runner\_work\xpco\xpco\allsolutions\..\common\videoos.universal\videoos.universal.recorder.client.unittests\bin\debug\net6.0\videoos.universal.recorder.client.unittests.dll" id="e941f48d-972c-943c-bdc7-064f7abdfd74">
      <Execution id="6e11dd00-f557-4796-81fd-9796a75d1375" />
      <TestMethod codeBase="D:\actions-runner\_work\XPCO\XPCO\AllSolutions\..\Common\VideoOS.Universal\VideoOS.Universal.Recorder.Client.UnitTests\bin\Debug\net6.0\VideoOS.Universal.Recorder.Client.UnitTests.dll" adapterTypeName="executor://mstestadapter/v2" className="VideoOS.Universal.Recorder.Client.UnitTests.ErrorMappingTests" name="MapToErrorData_ShouldMapToExpectedErrorData_ForAllKnownExceptionMessages" />
    </UnitTest>
    <UnitTest name="MapToErrorData_ShouldMapToExpectedErrorData_ForAllKnownExceptionMessages (Parameter 'time' not specified.,40000,0)" storage="d:\actions-runner\_work\xpco\xpco\allsolutions\..\common\videoos.universal\videoos.universal.recorder.client.unittests\bin\debug\net6.0\videoos.universal.recorder.client.unittests.dll" id="f37db6b3-18a1-6cb0-cb4d-13e7566b7656">
      <Execution id="27def6bd-72ef-4ecb-b7e2-3fa3d74916c9" />
      <TestMethod codeBase="D:\actions-runner\_work\XPCO\XPCO\AllSolutions\..\Common\VideoOS.Universal\VideoOS.Universal.Recorder.Client.UnitTests\bin\Debug\net6.0\VideoOS.Universal.Recorder.Client.UnitTests.dll" adapterTypeName="executor://mstestadapter/v2" className="VideoOS.Universal.Recorder.Client.UnitTests.ErrorMappingTests" name="MapToErrorData_ShouldMapToExpectedErrorData_ForAllKnownExceptionMessages" />
    </UnitTest>
    <UnitTest name="MapToErrorData_ShouldMapToExpectedErrorData_ForAllKnownExceptionMessages (Cannot release non existing session.,40295,33)" storage="d:\actions-runner\_work\xpco\xpco\allsolutions\..\common\videoos.universal\videoos.universal.recorder.client.unittests\bin\debug\net6.0\videoos.universal.recorder.client.unittests.dll" id="108af05d-0ace-b0f1-f05e-289eb9e90a11">
      <Execution id="41d46ad6-fec8-412f-be14-0a75162cab6d" />
      <TestMethod codeBase="D:\actions-runner\_work\XPCO\XPCO\AllSolutions\..\Common\VideoOS.Universal\VideoOS.Universal.Recorder.Client.UnitTests\bin\Debug\net6.0\VideoOS.Universal.Recorder.Client.UnitTests.dll" adapterTypeName="executor://mstestadapter/v2" className="VideoOS.Universal.Recorder.Client.UnitTests.ErrorMappingTests" name="MapToErrorData_ShouldMapToExpectedErrorData_ForAllKnownExceptionMessages" />
    </UnitTest>
    <UnitTest name="MapToErrorData_ShouldMapToExpectedErrorData_ForAllKnownExceptionMessages (Device AACBA580-2202-4D25-9E27-2B193F56DEE9 does not exist,40295,1)" storage="d:\actions-runner\_work\xpco\xpco\allsolutions\..\common\videoos.universal\videoos.universal.recorder.client.unittests\bin\debug\net6.0\videoos.universal.recorder.client.unittests.dll" id="a43eefff-7bca-2eb3-624c-11d26449da3c">
      <Execution id="5460f592-4ac2-4d89-af79-2bed941a4f1c" />
      <TestMethod codeBase="D:\actions-runner\_work\XPCO\XPCO\AllSolutions\..\Common\VideoOS.Universal\VideoOS.Universal.Recorder.Client.UnitTests\bin\Debug\net6.0\VideoOS.Universal.Recorder.Client.UnitTests.dll" adapterTypeName="executor://mstestadapter/v2" className="VideoOS.Universal.Recorder.Client.UnitTests.ErrorMappingTests" name="MapToErrorData_ShouldMapToExpectedErrorData_ForAllKnownExceptionMessages" />
    </UnitTest>
    <UnitTest name="MapToErrorData_ShouldMapToExpectedErrorData_ForAllKnownExceptionMessages (Device is not IPreset,40295,11)" storage="d:\actions-runner\_work\xpco\xpco\allsolutions\..\common\videoos.universal\videoos.universal.recorder.client.unittests\bin\debug\net6.0\videoos.universal.recorder.client.unittests.dll" id="6c8cfcbe-26cc-3116-a1fe-812bcf45951d">
      <Execution id="0e4ecba2-23f0-48d5-b165-f9b94607c26a" />
      <TestMethod codeBase="D:\actions-runner\_work\XPCO\XPCO\AllSolutions\..\Common\VideoOS.Universal\VideoOS.Universal.Recorder.Client.UnitTests\bin\Debug\net6.0\VideoOS.Universal.Recorder.Client.UnitTests.dll" adapterTypeName="executor://mstestadapter/v2" className="VideoOS.Universal.Recorder.Client.UnitTests.ErrorMappingTests" name="MapToErrorData_ShouldMapToExpectedErrorData_ForAllKnownExceptionMessages" />
    </UnitTest>
    <UnitTest name="MapToErrorData_ShouldMapToExpectedErrorData_ForAllKnownExceptionMessages (Parameter 'searchBeginTime' not specified.,40000,0)" storage="d:\actions-runner\_work\xpco\xpco\allsolutions\..\common\videoos.universal\videoos.universal.recorder.client.unittests\bin\debug\net6.0\videoos.universal.recorder.client.unittests.dll" id="5a68d1b1-3764-a97e-103c-43aac4391a48">
      <Execution id="f8e9ee32-f75f-4a2f-8012-ade6254393ee" />
      <TestMethod codeBase="D:\actions-runner\_work\XPCO\XPCO\AllSolutions\..\Common\VideoOS.Universal\VideoOS.Universal.Recorder.Client.UnitTests\bin\Debug\net6.0\VideoOS.Universal.Recorder.Client.UnitTests.dll" adapterTypeName="executor://mstestadapter/v2" className="VideoOS.Universal.Recorder.Client.UnitTests.ErrorMappingTests" name="MapToErrorData_ShouldMapToExpectedErrorData_ForAllKnownExceptionMessages" />
    </UnitTest>
    <UnitTest name="MapToErrorData_ShouldMapToExpectedErrorData_ForAllKnownExceptionMessages (Parameter 'presetName' not specified.,40000,0)" storage="d:\actions-runner\_work\xpco\xpco\allsolutions\..\common\videoos.universal\videoos.universal.recorder.client.unittests\bin\debug\net6.0\videoos.universal.recorder.client.unittests.dll" id="09eefae4-2e21-9a9a-fc2e-946957ab7499">
      <Execution id="a121f926-8832-4fda-ade4-933e8a77471b" />
      <TestMethod codeBase="D:\actions-runner\_work\XPCO\XPCO\AllSolutions\..\Common\VideoOS.Universal\VideoOS.Universal.Recorder.Client.UnitTests\bin\Debug\net6.0\VideoOS.Universal.Recorder.Client.UnitTests.dll" adapterTypeName="executor://mstestadapter/v2" className="VideoOS.Universal.Recorder.Client.UnitTests.ErrorMappingTests" name="MapToErrorData_ShouldMapToExpectedErrorData_ForAllKnownExceptionMessages" />
    </UnitTest>
    <UnitTest name="MapToErrorData_ShouldMapToExpectedErrorData_ForAllKnownExceptionMessages ('searchMask' parameters does not match: Expected length = 50,40000,0)" storage="d:\actions-runner\_work\xpco\xpco\allsolutions\..\common\videoos.universal\videoos.universal.recorder.client.unittests\bin\debug\net6.0\videoos.universal.recorder.client.unittests.dll" id="e9813bac-cb0e-d3de-07ea-36047224c476">
      <Execution id="c699288b-ba2d-4d85-9511-27f84265069b" />
      <TestMethod codeBase="D:\actions-runner\_work\XPCO\XPCO\AllSolutions\..\Common\VideoOS.Universal\VideoOS.Universal.Recorder.Client.UnitTests\bin\Debug\net6.0\VideoOS.Universal.Recorder.Client.UnitTests.dll" adapterTypeName="executor://mstestadapter/v2" className="VideoOS.Universal.Recorder.Client.UnitTests.ErrorMappingTests" name="MapToErrorData_ShouldMapToExpectedErrorData_ForAllKnownExceptionMessages" />
    </UnitTest>
    <UnitTest name="MapToErrorData_ShouldMapToExpectedErrorData_ForAllKnownExceptionMessages (Parameter 'maxWidth' not specified.,40000,0)" storage="d:\actions-runner\_work\xpco\xpco\allsolutions\..\common\videoos.universal\videoos.universal.recorder.client.unittests\bin\debug\net6.0\videoos.universal.recorder.client.unittests.dll" id="7da8db57-0f5f-ee68-6304-3422a0dc193e">
      <Execution id="f083ba68-b0fc-473d-9374-9ed4ac593dd8" />
      <TestMethod codeBase="D:\actions-runner\_work\XPCO\XPCO\AllSolutions\..\Common\VideoOS.Universal\VideoOS.Universal.Recorder.Client.UnitTests\bin\Debug\net6.0\VideoOS.Universal.Recorder.Client.UnitTests.dll" adapterTypeName="executor://mstestadapter/v2" className="VideoOS.Universal.Recorder.Client.UnitTests.ErrorMappingTests" name="MapToErrorData_ShouldMapToExpectedErrorData_ForAllKnownExceptionMessages" />
    </UnitTest>
    <UnitTest name="MapToErrorData_ShouldMapToExpectedErrorData_ForAllKnownExceptionMessages (Invalid format. Value 'MicroSeconds' not as a integer for 'duration' parameter.,40000,0)" storage="d:\actions-runner\_work\xpco\xpco\allsolutions\..\common\videoos.universal\videoos.universal.recorder.client.unittests\bin\debug\net6.0\videoos.universal.recorder.client.unittests.dll" id="35bb0a75-ea12-7e32-2f76-7bbe73a33fa3">
      <Execution id="bb159bb0-3926-4716-8bbc-ed218ac87437" />
      <TestMethod codeBase="D:\actions-runner\_work\XPCO\XPCO\AllSolutions\..\Common\VideoOS.Universal\VideoOS.Universal.Recorder.Client.UnitTests\bin\Debug\net6.0\VideoOS.Universal.Recorder.Client.UnitTests.dll" adapterTypeName="executor://mstestadapter/v2" className="VideoOS.Universal.Recorder.Client.UnitTests.ErrorMappingTests" name="MapToErrorData_ShouldMapToExpectedErrorData_ForAllKnownExceptionMessages" />
    </UnitTest>
    <UnitTest name="MapToErrorData_ShouldMapToExpectedErrorData_ForAllKnownExceptionMessages (Parameter 'left' not specified.,40000,0)" storage="d:\actions-runner\_work\xpco\xpco\allsolutions\..\common\videoos.universal\videoos.universal.recorder.client.unittests\bin\debug\net6.0\videoos.universal.recorder.client.unittests.dll" id="84976c4c-c9c5-ba05-2748-38cc221e4942">
      <Execution id="5fbf9267-ae82-4401-9f15-ac14ded1884c" />
      <TestMethod codeBase="D:\actions-runner\_work\XPCO\XPCO\AllSolutions\..\Common\VideoOS.Universal\VideoOS.Universal.Recorder.Client.UnitTests\bin\Debug\net6.0\VideoOS.Universal.Recorder.Client.UnitTests.dll" adapterTypeName="executor://mstestadapter/v2" className="VideoOS.Universal.Recorder.Client.UnitTests.ErrorMappingTests" name="MapToErrorData_ShouldMapToExpectedErrorData_ForAllKnownExceptionMessages" />
    </UnitTest>
    <UnitTest name="MapToErrorData_ShouldMapToExpectedErrorData_ForAllKnownExceptionMessages (Parameter 'ptzArgs' not specified.,40000,0)" storage="d:\actions-runner\_work\xpco\xpco\allsolutions\..\common\videoos.universal\videoos.universal.recorder.client.unittests\bin\debug\net6.0\videoos.universal.recorder.client.unittests.dll" id="3764e6d9-e325-3b1f-bcc6-b9654fde8c25">
      <Execution id="0c0de3ae-2d8b-4bdd-afee-12ec4b23c82b" />
      <TestMethod codeBase="D:\actions-runner\_work\XPCO\XPCO\AllSolutions\..\Common\VideoOS.Universal\VideoOS.Universal.Recorder.Client.UnitTests\bin\Debug\net6.0\VideoOS.Universal.Recorder.Client.UnitTests.dll" adapterTypeName="executor://mstestadapter/v2" className="VideoOS.Universal.Recorder.Client.UnitTests.ErrorMappingTests" name="MapToErrorData_ShouldMapToExpectedErrorData_ForAllKnownExceptionMessages" />
    </UnitTest>
    <UnitTest name="MapToErrorData_ShouldMapToExpectedErrorData_ForAllKnownExceptionMessages (Parameter 'statusSessionId' not specified.,40000,0)" storage="d:\actions-runner\_work\xpco\xpco\allsolutions\..\common\videoos.universal\videoos.universal.recorder.client.unittests\bin\debug\net6.0\videoos.universal.recorder.client.unittests.dll" id="537dc211-4666-e283-65c6-8c68a0413599">
      <Execution id="83b49e10-e579-4d5d-a5e2-20666bdf519c" />
      <TestMethod codeBase="D:\actions-runner\_work\XPCO\XPCO\AllSolutions\..\Common\VideoOS.Universal\VideoOS.Universal.Recorder.Client.UnitTests\bin\Debug\net6.0\VideoOS.Universal.Recorder.Client.UnitTests.dll" adapterTypeName="executor://mstestadapter/v2" className="VideoOS.Universal.Recorder.Client.UnitTests.ErrorMappingTests" name="MapToErrorData_ShouldMapToExpectedErrorData_ForAllKnownExceptionMessages" />
    </UnitTest>
    <UnitTest name="MapToErrorData_ShouldMapToExpectedErrorData_ForAllKnownExceptionMessages (Parameter 'resultMotionMaskSize/Width' not specified.,40000,0)" storage="d:\actions-runner\_work\xpco\xpco\allsolutions\..\common\videoos.universal\videoos.universal.recorder.client.unittests\bin\debug\net6.0\videoos.universal.recorder.client.unittests.dll" id="6477e2fd-ede0-3fab-b4ce-ab42ee4d0d8c">
      <Execution id="7ce07973-06d0-4c94-b696-877d6da6fcff" />
      <TestMethod codeBase="D:\actions-runner\_work\XPCO\XPCO\AllSolutions\..\Common\VideoOS.Universal\VideoOS.Universal.Recorder.Client.UnitTests\bin\Debug\net6.0\VideoOS.Universal.Recorder.Client.UnitTests.dll" adapterTypeName="executor://mstestadapter/v2" className="VideoOS.Universal.Recorder.Client.UnitTests.ErrorMappingTests" name="MapToErrorData_ShouldMapToExpectedErrorData_ForAllKnownExceptionMessages" />
    </UnitTest>
    <UnitTest name="MapToErrorData_ShouldMapToExpectedErrorData_ForAllKnownExceptionMessages (Unknown session used for Multicast Continue: AACBA580-2202-4D25-9E27-2B193F56DEE9,40000,0)" storage="d:\actions-runner\_work\xpco\xpco\allsolutions\..\common\videoos.universal\videoos.universal.recorder.client.unittests\bin\debug\net6.0\videoos.universal.recorder.client.unittests.dll" id="fa448ea3-cacd-9702-7568-8c7fc4d11ff5">
      <Execution id="70903a49-ca3d-497b-8f7d-d9c9918b6b88" />
      <TestMethod codeBase="D:\actions-runner\_work\XPCO\XPCO\AllSolutions\..\Common\VideoOS.Universal\VideoOS.Universal.Recorder.Client.UnitTests\bin\Debug\net6.0\VideoOS.Universal.Recorder.Client.UnitTests.dll" adapterTypeName="executor://mstestadapter/v2" className="VideoOS.Universal.Recorder.Client.UnitTests.ErrorMappingTests" name="MapToErrorData_ShouldMapToExpectedErrorData_ForAllKnownExceptionMessages" />
    </UnitTest>
    <UnitTest name="MapToErrorData_ShouldMapToExpectedErrorData_ForAllKnownExceptionMessages (Parameter 'searchMask' not specified.,40000,0)" storage="d:\actions-runner\_work\xpco\xpco\allsolutions\..\common\videoos.universal\videoos.universal.recorder.client.unittests\bin\debug\net6.0\videoos.universal.recorder.client.unittests.dll" id="409e1e3c-c230-1fdd-2348-0e5d7f2fb262">
      <Execution id="d8cb4da1-bef4-401f-985a-27facee5cf1d" />
      <TestMethod codeBase="D:\actions-runner\_work\XPCO\XPCO\AllSolutions\..\Common\VideoOS.Universal\VideoOS.Universal.Recorder.Client.UnitTests\bin\Debug\net6.0\VideoOS.Universal.Recorder.Client.UnitTests.dll" adapterTypeName="executor://mstestadapter/v2" className="VideoOS.Universal.Recorder.Client.UnitTests.ErrorMappingTests" name="MapToErrorData_ShouldMapToExpectedErrorData_ForAllKnownExceptionMessages" />
    </UnitTest>
    <UnitTest name="MapToErrorData_ShouldMapToExpectedErrorData_ForAllKnownExceptionMessages (Request rejected, current active ptz session is exclusive,40295,80)" storage="d:\actions-runner\_work\xpco\xpco\allsolutions\..\common\videoos.universal\videoos.universal.recorder.client.unittests\bin\debug\net6.0\videoos.universal.recorder.client.unittests.dll" id="76c702ae-9d89-ae34-b428-263e172f3991">
      <Execution id="9015442b-3b1f-42cd-8dda-226957aa0970" />
      <TestMethod codeBase="D:\actions-runner\_work\XPCO\XPCO\AllSolutions\..\Common\VideoOS.Universal\VideoOS.Universal.Recorder.Client.UnitTests\bin\Debug\net6.0\VideoOS.Universal.Recorder.Client.UnitTests.dll" adapterTypeName="executor://mstestadapter/v2" className="VideoOS.Universal.Recorder.Client.UnitTests.ErrorMappingTests" name="MapToErrorData_ShouldMapToExpectedErrorData_ForAllKnownExceptionMessages" />
    </UnitTest>
    <UnitTest name="MapToErrorData_ShouldMapToExpectedErrorData_ForAllKnownExceptionMessages (PresetSet is not supported,40000,0)" storage="d:\actions-runner\_work\xpco\xpco\allsolutions\..\common\videoos.universal\videoos.universal.recorder.client.unittests\bin\debug\net6.0\videoos.universal.recorder.client.unittests.dll" id="a9618e4b-8e89-0247-245e-8f9e815d108a">
      <Execution id="d190dec2-b8e8-4b0a-a839-e42f1f8445d4" />
      <TestMethod codeBase="D:\actions-runner\_work\XPCO\XPCO\AllSolutions\..\Common\VideoOS.Universal\VideoOS.Universal.Recorder.Client.UnitTests\bin\Debug\net6.0\VideoOS.Universal.Recorder.Client.UnitTests.dll" adapterTypeName="executor://mstestadapter/v2" className="VideoOS.Universal.Recorder.Client.UnitTests.ErrorMappingTests" name="MapToErrorData_ShouldMapToExpectedErrorData_ForAllKnownExceptionMessages" />
    </UnitTest>
    <UnitTest name="MapToErrorData_ShouldMapToExpectedErrorData_ForAllKnownExceptionMessages (Parameter 'right' not a double.,40000,0)" storage="d:\actions-runner\_work\xpco\xpco\allsolutions\..\common\videoos.universal\videoos.universal.recorder.client.unittests\bin\debug\net6.0\videoos.universal.recorder.client.unittests.dll" id="7f153cf2-7d5e-fc7a-430e-3b6e8a0a8239">
      <Execution id="e2220e51-3e9c-4429-90e3-5f9aa73088d5" />
      <TestMethod codeBase="D:\actions-runner\_work\XPCO\XPCO\AllSolutions\..\Common\VideoOS.Universal\VideoOS.Universal.Recorder.Client.UnitTests\bin\Debug\net6.0\VideoOS.Universal.Recorder.Client.UnitTests.dll" adapterTypeName="executor://mstestadapter/v2" className="VideoOS.Universal.Recorder.Client.UnitTests.ErrorMappingTests" name="MapToErrorData_ShouldMapToExpectedErrorData_ForAllKnownExceptionMessages" />
    </UnitTest>
    <UnitTest name="MapToErrorData_ShouldMapToExpectedErrorData_ForAllKnownExceptionMessages (Output Trigger not allowed,40000,0)" storage="d:\actions-runner\_work\xpco\xpco\allsolutions\..\common\videoos.universal\videoos.universal.recorder.client.unittests\bin\debug\net6.0\videoos.universal.recorder.client.unittests.dll" id="b8a83e5a-3d24-dc69-17eb-8c6d482572a9">
      <Execution id="82f5b227-2bf8-41e4-b561-79341c2ed652" />
      <TestMethod codeBase="D:\actions-runner\_work\XPCO\XPCO\AllSolutions\..\Common\VideoOS.Universal\VideoOS.Universal.Recorder.Client.UnitTests\bin\Debug\net6.0\VideoOS.Universal.Recorder.Client.UnitTests.dll" adapterTypeName="executor://mstestadapter/v2" className="VideoOS.Universal.Recorder.Client.UnitTests.ErrorMappingTests" name="MapToErrorData_ShouldMapToExpectedErrorData_ForAllKnownExceptionMessages" />
    </UnitTest>
    <UnitTest name="MapToErrorData_ShouldMapToExpectedErrorData_ForAllKnownExceptionMessages (Parameter 'deviceId' not specified.,40000,0)" storage="d:\actions-runner\_work\xpco\xpco\allsolutions\..\common\videoos.universal\videoos.universal.recorder.client.unittests\bin\debug\net6.0\videoos.universal.recorder.client.unittests.dll" id="e78489c1-65df-995e-ceb9-0b1adee1e4b3">
      <Execution id="f7d07f91-1de3-4ab3-bf47-5ead55edbc17" />
      <TestMethod codeBase="D:\actions-runner\_work\XPCO\XPCO\AllSolutions\..\Common\VideoOS.Universal\VideoOS.Universal.Recorder.Client.UnitTests\bin\Debug\net6.0\VideoOS.Universal.Recorder.Client.UnitTests.dll" adapterTypeName="executor://mstestadapter/v2" className="VideoOS.Universal.Recorder.Client.UnitTests.ErrorMappingTests" name="MapToErrorData_ShouldMapToExpectedErrorData_ForAllKnownExceptionMessages" />
    </UnitTest>
    <UnitTest name="MapToErrorData_ShouldMapToExpectedErrorData_ForAllKnownExceptionMessages (Token expired,20001,3)" storage="d:\actions-runner\_work\xpco\xpco\allsolutions\..\common\videoos.universal\videoos.universal.recorder.client.unittests\bin\debug\net6.0\videoos.universal.recorder.client.unittests.dll" id="5cf3b2ae-2d74-b3e5-ee80-ac4a8824c3e9">
      <Execution id="81f6e6c9-9502-4938-9b3f-ffa664e1cbd7" />
      <TestMethod codeBase="D:\actions-runner\_work\XPCO\XPCO\AllSolutions\..\Common\VideoOS.Universal\VideoOS.Universal.Recorder.Client.UnitTests\bin\Debug\net6.0\VideoOS.Universal.Recorder.Client.UnitTests.dll" adapterTypeName="executor://mstestadapter/v2" className="VideoOS.Universal.Recorder.Client.UnitTests.ErrorMappingTests" name="MapToErrorData_ShouldMapToExpectedErrorData_ForAllKnownExceptionMessages" />
    </UnitTest>
    <UnitTest name="MapToErrorData_ShouldMapToExpectedErrorData_ForAllKnownExceptionMessages (Parameter 'millisecondsTimeout' not specified.,40000,0)" storage="d:\actions-runner\_work\xpco\xpco\allsolutions\..\common\videoos.universal\videoos.universal.recorder.client.unittests\bin\debug\net6.0\videoos.universal.recorder.client.unittests.dll" id="d10eb253-65b4-67f8-cc29-cc67c0a2a3a5">
      <Execution id="4c6fbe9c-3308-4221-a8e3-6952bc680fb5" />
      <TestMethod codeBase="D:\actions-runner\_work\XPCO\XPCO\AllSolutions\..\Common\VideoOS.Universal\VideoOS.Universal.Recorder.Client.UnitTests\bin\Debug\net6.0\VideoOS.Universal.Recorder.Client.UnitTests.dll" adapterTypeName="executor://mstestadapter/v2" className="VideoOS.Universal.Recorder.Client.UnitTests.ErrorMappingTests" name="MapToErrorData_ShouldMapToExpectedErrorData_ForAllKnownExceptionMessages" />
    </UnitTest>
    <UnitTest name="MapToErrorData_ShouldMapToExpectedErrorData_ForAllKnownExceptionMessages (Sequences Get Around not allowed,40000,0)" storage="d:\actions-runner\_work\xpco\xpco\allsolutions\..\common\videoos.universal\videoos.universal.recorder.client.unittests\bin\debug\net6.0\videoos.universal.recorder.client.unittests.dll" id="093e0c4f-0682-d7b7-cac6-0e8fca74ab58">
      <Execution id="b2121b86-ab34-4916-bcb9-2b4bd3e6b336" />
      <TestMethod codeBase="D:\actions-runner\_work\XPCO\XPCO\AllSolutions\..\Common\VideoOS.Universal\VideoOS.Universal.Recorder.Client.UnitTests\bin\Debug\net6.0\VideoOS.Universal.Recorder.Client.UnitTests.dll" adapterTypeName="executor://mstestadapter/v2" className="VideoOS.Universal.Recorder.Client.UnitTests.ErrorMappingTests" name="MapToErrorData_ShouldMapToExpectedErrorData_ForAllKnownExceptionMessages" />
    </UnitTest>
    <UnitTest name="MapToErrorData_ShouldMapToExpectedErrorData_ForAllKnownExceptionMessages (Patrolling session has not been started.,40295,40)" storage="d:\actions-runner\_work\xpco\xpco\allsolutions\..\common\videoos.universal\videoos.universal.recorder.client.unittests\bin\debug\net6.0\videoos.universal.recorder.client.unittests.dll" id="03288840-2dc2-19f0-e304-8d21e0b02fa5">
      <Execution id="8d6d6b2e-a406-4f01-94af-8c8b2a501113" />
      <TestMethod codeBase="D:\actions-runner\_work\XPCO\XPCO\AllSolutions\..\Common\VideoOS.Universal\VideoOS.Universal.Recorder.Client.UnitTests\bin\Debug\net6.0\VideoOS.Universal.Recorder.Client.UnitTests.dll" adapterTypeName="executor://mstestadapter/v2" className="VideoOS.Universal.Recorder.Client.UnitTests.ErrorMappingTests" name="MapToErrorData_ShouldMapToExpectedErrorData_ForAllKnownExceptionMessages" />
    </UnitTest>
    <UnitTest name="MapToErrorData_ShouldMapToExpectedErrorData_ForAllKnownExceptionMessages (Parameter 'maxTime' not specified.,40000,0)" storage="d:\actions-runner\_work\xpco\xpco\allsolutions\..\common\videoos.universal\videoos.universal.recorder.client.unittests\bin\debug\net6.0\videoos.universal.recorder.client.unittests.dll" id="da4a5a12-d730-2d9f-9d0f-8fe4d275e6a4">
      <Execution id="563f35aa-62bd-4f21-b8b0-2c62fb4c761b" />
      <TestMethod codeBase="D:\actions-runner\_work\XPCO\XPCO\AllSolutions\..\Common\VideoOS.Universal\VideoOS.Universal.Recorder.Client.UnitTests\bin\Debug\net6.0\VideoOS.Universal.Recorder.Client.UnitTests.dll" adapterTypeName="executor://mstestadapter/v2" className="VideoOS.Universal.Recorder.Client.UnitTests.ErrorMappingTests" name="MapToErrorData_ShouldMapToExpectedErrorData_ForAllKnownExceptionMessages" />
    </UnitTest>
    <UnitTest name="MapToErrorData_ShouldMapToExpectedErrorData_ForAllKnownExceptionMessages (Insufficient permission,40295,60)" storage="d:\actions-runner\_work\xpco\xpco\allsolutions\..\common\videoos.universal\videoos.universal.recorder.client.unittests\bin\debug\net6.0\videoos.universal.recorder.client.unittests.dll" id="9d28c087-ffe2-844f-634e-b82cc1ac0f16">
      <Execution id="1668e370-ca71-48b8-9a76-d51da599b02f" />
      <TestMethod codeBase="D:\actions-runner\_work\XPCO\XPCO\AllSolutions\..\Common\VideoOS.Universal\VideoOS.Universal.Recorder.Client.UnitTests\bin\Debug\net6.0\VideoOS.Universal.Recorder.Client.UnitTests.dll" adapterTypeName="executor://mstestadapter/v2" className="VideoOS.Universal.Recorder.Client.UnitTests.ErrorMappingTests" name="MapToErrorData_ShouldMapToExpectedErrorData_ForAllKnownExceptionMessages" />
    </UnitTest>
    <UnitTest name="MapToErrorData_ShouldMapToExpectedErrorData_ForAllKnownExceptionMessages (Reading input is not allowed,40000,0)" storage="d:\actions-runner\_work\xpco\xpco\allsolutions\..\common\videoos.universal\videoos.universal.recorder.client.unittests\bin\debug\net6.0\videoos.universal.recorder.client.unittests.dll" id="04b8bb7e-04c6-569d-25ae-bc0c65c87fc3">
      <Execution id="51cbdf75-aef1-4c57-93fb-1b015c73afc5" />
      <TestMethod codeBase="D:\actions-runner\_work\XPCO\XPCO\AllSolutions\..\Common\VideoOS.Universal\VideoOS.Universal.Recorder.Client.UnitTests\bin\Debug\net6.0\VideoOS.Universal.Recorder.Client.UnitTests.dll" adapterTypeName="executor://mstestadapter/v2" className="VideoOS.Universal.Recorder.Client.UnitTests.ErrorMappingTests" name="MapToErrorData_ShouldMapToExpectedErrorData_ForAllKnownExceptionMessages" />
    </UnitTest>
    <UnitTest name="MapToErrorData_ShouldMapToExpectedErrorData_ForAllKnownExceptionMessages (Parameter 'right' not specified.,40000,0)" storage="d:\actions-runner\_work\xpco\xpco\allsolutions\..\common\videoos.universal\videoos.universal.recorder.client.unittests\bin\debug\net6.0\videoos.universal.recorder.client.unittests.dll" id="8165c1f2-495b-6070-8ce9-c61046fb6cfb">
      <Execution id="a478f83c-2537-4a1d-9887-8f2afca37df0" />
      <TestMethod codeBase="D:\actions-runner\_work\XPCO\XPCO\AllSolutions\..\Common\VideoOS.Universal\VideoOS.Universal.Recorder.Client.UnitTests\bin\Debug\net6.0\VideoOS.Universal.Recorder.Client.UnitTests.dll" adapterTypeName="executor://mstestadapter/v2" className="VideoOS.Universal.Recorder.Client.UnitTests.ErrorMappingTests" name="MapToErrorData_ShouldMapToExpectedErrorData_ForAllKnownExceptionMessages" />
    </UnitTest>
    <UnitTest name="MapToErrorData_ShouldMapToExpectedErrorData_ForAllKnownExceptionMessages (No response,40000,0)" storage="d:\actions-runner\_work\xpco\xpco\allsolutions\..\common\videoos.universal\videoos.universal.recorder.client.unittests\bin\debug\net6.0\videoos.universal.recorder.client.unittests.dll" id="faa7f702-2a50-8393-bfa4-c89abc9cf201">
      <Execution id="287c7eb9-af1c-4a7b-8ac3-fe7e84e318d3" />
      <TestMethod codeBase="D:\actions-runner\_work\XPCO\XPCO\AllSolutions\..\Common\VideoOS.Universal\VideoOS.Universal.Recorder.Client.UnitTests\bin\Debug\net6.0\VideoOS.Universal.Recorder.Client.UnitTests.dll" adapterTypeName="executor://mstestadapter/v2" className="VideoOS.Universal.Recorder.Client.UnitTests.ErrorMappingTests" name="MapToErrorData_ShouldMapToExpectedErrorData_ForAllKnownExceptionMessages" />
    </UnitTest>
    <UnitTest name="MapToErrorData_ShouldMapToExpectedErrorData_ForAllKnownExceptionMessages (Cannot pause a session which is not running.,40295,33)" storage="d:\actions-runner\_work\xpco\xpco\allsolutions\..\common\videoos.universal\videoos.universal.recorder.client.unittests\bin\debug\net6.0\videoos.universal.recorder.client.unittests.dll" id="1d29cc7a-a6eb-2b93-bb06-e7446d8ebc19">
      <Execution id="c90831ae-4870-4c59-9e07-e0cd223c9784" />
      <TestMethod codeBase="D:\actions-runner\_work\XPCO\XPCO\AllSolutions\..\Common\VideoOS.Universal\VideoOS.Universal.Recorder.Client.UnitTests\bin\Debug\net6.0\VideoOS.Universal.Recorder.Client.UnitTests.dll" adapterTypeName="executor://mstestadapter/v2" className="VideoOS.Universal.Recorder.Client.UnitTests.ErrorMappingTests" name="MapToErrorData_ShouldMapToExpectedErrorData_ForAllKnownExceptionMessages" />
    </UnitTest>
    <UnitTest name="MapToErrorData_ShouldMapToExpectedErrorData_ForAllKnownExceptionMessages (Manual Ptz control not allowed,40295,60)" storage="d:\actions-runner\_work\xpco\xpco\allsolutions\..\common\videoos.universal\videoos.universal.recorder.client.unittests\bin\debug\net6.0\videoos.universal.recorder.client.unittests.dll" id="c83f10a6-255e-e28d-e955-642a81959698">
      <Execution id="a44d30f7-6c8e-4731-afd6-5fc4b978c19e" />
      <TestMethod codeBase="D:\actions-runner\_work\XPCO\XPCO\AllSolutions\..\Common\VideoOS.Universal\VideoOS.Universal.Recorder.Client.UnitTests\bin\Debug\net6.0\VideoOS.Universal.Recorder.Client.UnitTests.dll" adapterTypeName="executor://mstestadapter/v2" className="VideoOS.Universal.Recorder.Client.UnitTests.ErrorMappingTests" name="MapToErrorData_ShouldMapToExpectedErrorData_ForAllKnownExceptionMessages" />
    </UnitTest>
    <UnitTest name="MapToErrorData_ShouldMapToExpectedErrorData_ForAllKnownExceptionMessages (Parameter 'top' not a double.,40000,0)" storage="d:\actions-runner\_work\xpco\xpco\allsolutions\..\common\videoos.universal\videoos.universal.recorder.client.unittests\bin\debug\net6.0\videoos.universal.recorder.client.unittests.dll" id="63d42fa5-765e-4aec-9526-955d51ebd827">
      <Execution id="4a6c80b8-729a-4a00-bb1e-6ddbbea2a73c" />
      <TestMethod codeBase="D:\actions-runner\_work\XPCO\XPCO\AllSolutions\..\Common\VideoOS.Universal\VideoOS.Universal.Recorder.Client.UnitTests\bin\Debug\net6.0\VideoOS.Universal.Recorder.Client.UnitTests.dll" adapterTypeName="executor://mstestadapter/v2" className="VideoOS.Universal.Recorder.Client.UnitTests.ErrorMappingTests" name="MapToErrorData_ShouldMapToExpectedErrorData_ForAllKnownExceptionMessages" />
    </UnitTest>
    <UnitTest name="MapToErrorData_ShouldMapToExpectedErrorData_ForAllKnownExceptionMessages (Parameter 'bottom' not specified.,40000,0)" storage="d:\actions-runner\_work\xpco\xpco\allsolutions\..\common\videoos.universal\videoos.universal.recorder.client.unittests\bin\debug\net6.0\videoos.universal.recorder.client.unittests.dll" id="5ca73389-7db4-3e7a-4464-cebcf0dce7ba">
      <Execution id="39a20a6d-09c8-4268-ade2-a99b118d8b7d" />
      <TestMethod codeBase="D:\actions-runner\_work\XPCO\XPCO\AllSolutions\..\Common\VideoOS.Universal\VideoOS.Universal.Recorder.Client.UnitTests\bin\Debug\net6.0\VideoOS.Universal.Recorder.Client.UnitTests.dll" adapterTypeName="executor://mstestadapter/v2" className="VideoOS.Universal.Recorder.Client.UnitTests.ErrorMappingTests" name="MapToErrorData_ShouldMapToExpectedErrorData_ForAllKnownExceptionMessages" />
    </UnitTest>
    <UnitTest name="MapToErrorData_ShouldMapToExpectedErrorData_ForAllKnownExceptionMessages (Parameter 'bottom' not a double.,40000,0)" storage="d:\actions-runner\_work\xpco\xpco\allsolutions\..\common\videoos.universal\videoos.universal.recorder.client.unittests\bin\debug\net6.0\videoos.universal.recorder.client.unittests.dll" id="188102fc-408f-6135-5f5e-6a3ccde77ae6">
      <Execution id="eb6d40b3-0302-4c66-ada1-84293732ffe3" />
      <TestMethod codeBase="D:\actions-runner\_work\XPCO\XPCO\AllSolutions\..\Common\VideoOS.Universal\VideoOS.Universal.Recorder.Client.UnitTests\bin\Debug\net6.0\VideoOS.Universal.Recorder.Client.UnitTests.dll" adapterTypeName="executor://mstestadapter/v2" className="VideoOS.Universal.Recorder.Client.UnitTests.ErrorMappingTests" name="MapToErrorData_ShouldMapToExpectedErrorData_ForAllKnownExceptionMessages" />
    </UnitTest>
    <UnitTest name="MapToErrorData_ShouldMapToExpectedErrorData_ForAllKnownExceptionMessages (Request rejected, cannot pause a reserved session,40295,71)" storage="d:\actions-runner\_work\xpco\xpco\allsolutions\..\common\videoos.universal\videoos.universal.recorder.client.unittests\bin\debug\net6.0\videoos.universal.recorder.client.unittests.dll" id="65967649-297f-d191-e743-54e4eed8afed">
      <Execution id="a1fbc2db-93b5-44b7-bf03-3e84f9f6261b" />
      <TestMethod codeBase="D:\actions-runner\_work\XPCO\XPCO\AllSolutions\..\Common\VideoOS.Universal\VideoOS.Universal.Recorder.Client.UnitTests\bin\Debug\net6.0\VideoOS.Universal.Recorder.Client.UnitTests.dll" adapterTypeName="executor://mstestadapter/v2" className="VideoOS.Universal.Recorder.Client.UnitTests.ErrorMappingTests" name="MapToErrorData_ShouldMapToExpectedErrorData_ForAllKnownExceptionMessages" />
    </UnitTest>
    <UnitTest name="MapToErrorData_ShouldMapToExpectedErrorData_ForAllKnownExceptionMessages (Parameter 'continueSearch' not specified.,40000,0)" storage="d:\actions-runner\_work\xpco\xpco\allsolutions\..\common\videoos.universal\videoos.universal.recorder.client.unittests\bin\debug\net6.0\videoos.universal.recorder.client.unittests.dll" id="4c6af3c0-d426-84fb-ecff-c92a0807b57d">
      <Execution id="0712467a-bdab-4803-bea3-633dc071d42e" />
      <TestMethod codeBase="D:\actions-runner\_work\XPCO\XPCO\AllSolutions\..\Common\VideoOS.Universal\VideoOS.Universal.Recorder.Client.UnitTests\bin\Debug\net6.0\VideoOS.Universal.Recorder.Client.UnitTests.dll" adapterTypeName="executor://mstestadapter/v2" className="VideoOS.Universal.Recorder.Client.UnitTests.ErrorMappingTests" name="MapToErrorData_ShouldMapToExpectedErrorData_ForAllKnownExceptionMessages" />
    </UnitTest>
    <UnitTest name="MapToErrorData_ShouldMapToExpectedErrorData_ForAllKnownExceptionMessages (Parameter 'refHeight' not specified.,40000,0)" storage="d:\actions-runner\_work\xpco\xpco\allsolutions\..\common\videoos.universal\videoos.universal.recorder.client.unittests\bin\debug\net6.0\videoos.universal.recorder.client.unittests.dll" id="95abe8be-4dd1-1e7f-6580-bed2dbfaad65">
      <Execution id="94123e56-14c6-46c4-81b4-73a75433e9da" />
      <TestMethod codeBase="D:\actions-runner\_work\XPCO\XPCO\AllSolutions\..\Common\VideoOS.Universal\VideoOS.Universal.Recorder.Client.UnitTests\bin\Debug\net6.0\VideoOS.Universal.Recorder.Client.UnitTests.dll" adapterTypeName="executor://mstestadapter/v2" className="VideoOS.Universal.Recorder.Client.UnitTests.ErrorMappingTests" name="MapToErrorData_ShouldMapToExpectedErrorData_ForAllKnownExceptionMessages" />
    </UnitTest>
    <UnitTest name="MapToErrorData_ShouldMapToExpectedErrorData_ForAllKnownExceptionMessages (Device is not started,40295,2)" storage="d:\actions-runner\_work\xpco\xpco\allsolutions\..\common\videoos.universal\videoos.universal.recorder.client.unittests\bin\debug\net6.0\videoos.universal.recorder.client.unittests.dll" id="515d24aa-9e7f-58b7-f6d8-5a472a32c10a">
      <Execution id="ced08a8a-0c40-468c-8abd-dac2643a6075" />
      <TestMethod codeBase="D:\actions-runner\_work\XPCO\XPCO\AllSolutions\..\Common\VideoOS.Universal\VideoOS.Universal.Recorder.Client.UnitTests\bin\Debug\net6.0\VideoOS.Universal.Recorder.Client.UnitTests.dll" adapterTypeName="executor://mstestadapter/v2" className="VideoOS.Universal.Recorder.Client.UnitTests.ErrorMappingTests" name="MapToErrorData_ShouldMapToExpectedErrorData_ForAllKnownExceptionMessages" />
    </UnitTest>
    <UnitTest name="MapToErrorData_ShouldMapToExpectedErrorData_ForAllKnownExceptionMessages (Unknown patrolling schema, id=AACBA580-2202-4D25-9E27-2B193F56DEE9,40295,50)" storage="d:\actions-runner\_work\xpco\xpco\allsolutions\..\common\videoos.universal\videoos.universal.recorder.client.unittests\bin\debug\net6.0\videoos.universal.recorder.client.unittests.dll" id="81e85450-30f9-5c57-97ba-db638300426f">
      <Execution id="9daa1b95-2431-4498-a4b7-e4f32e09e15a" />
      <TestMethod codeBase="D:\actions-runner\_work\XPCO\XPCO\AllSolutions\..\Common\VideoOS.Universal\VideoOS.Universal.Recorder.Client.UnitTests\bin\Debug\net6.0\VideoOS.Universal.Recorder.Client.UnitTests.dll" adapterTypeName="executor://mstestadapter/v2" className="VideoOS.Universal.Recorder.Client.UnitTests.ErrorMappingTests" name="MapToErrorData_ShouldMapToExpectedErrorData_ForAllKnownExceptionMessages" />
    </UnitTest>
    <UnitTest name="MapToErrorData_ShouldMapToExpectedErrorData_ForAllKnownExceptionMessages (Sequences Get not allowed,40000,0)" storage="d:\actions-runner\_work\xpco\xpco\allsolutions\..\common\videoos.universal\videoos.universal.recorder.client.unittests\bin\debug\net6.0\videoos.universal.recorder.client.unittests.dll" id="a2af4ca4-418d-1bfc-06a1-ddf6020a858c">
      <Execution id="1870eb75-cbe2-4e3e-91fc-5946080ccacc" />
      <TestMethod codeBase="D:\actions-runner\_work\XPCO\XPCO\AllSolutions\..\Common\VideoOS.Universal\VideoOS.Universal.Recorder.Client.UnitTests\bin\Debug\net6.0\VideoOS.Universal.Recorder.Client.UnitTests.dll" adapterTypeName="executor://mstestadapter/v2" className="VideoOS.Universal.Recorder.Client.UnitTests.ErrorMappingTests" name="MapToErrorData_ShouldMapToExpectedErrorData_ForAllKnownExceptionMessages" />
    </UnitTest>
    <UnitTest name="MapToErrorData_ShouldMapToExpectedErrorData_ForAllKnownExceptionMessages (Parameter 'timeLineInformationBeginTime' not specified.,40000,0)" storage="d:\actions-runner\_work\xpco\xpco\allsolutions\..\common\videoos.universal\videoos.universal.recorder.client.unittests\bin\debug\net6.0\videoos.universal.recorder.client.unittests.dll" id="3dcfce6c-f0bc-2783-2af2-6450bc06a5dd">
      <Execution id="28965dbe-be49-4e83-bc58-62344009cc79" />
      <TestMethod codeBase="D:\actions-runner\_work\XPCO\XPCO\AllSolutions\..\Common\VideoOS.Universal\VideoOS.Universal.Recorder.Client.UnitTests\bin\Debug\net6.0\VideoOS.Universal.Recorder.Client.UnitTests.dll" adapterTypeName="executor://mstestadapter/v2" className="VideoOS.Universal.Recorder.Client.UnitTests.ErrorMappingTests" name="MapToErrorData_ShouldMapToExpectedErrorData_ForAllKnownExceptionMessages" />
    </UnitTest>
    <UnitTest name="MapToErrorData_ShouldMapToExpectedErrorData_ForAllKnownExceptionMessages (Parameter 'resultMotionMaskSize/Height' not specified.,40000,0)" storage="d:\actions-runner\_work\xpco\xpco\allsolutions\..\common\videoos.universal\videoos.universal.recorder.client.unittests\bin\debug\net6.0\videoos.universal.recorder.client.unittests.dll" id="3619a490-bc5c-47cd-b8da-2a1456ab51df">
      <Execution id="d84918ba-6431-4f11-b5f6-11c4c6b3ea35" />
      <TestMethod codeBase="D:\actions-runner\_work\XPCO\XPCO\AllSolutions\..\Common\VideoOS.Universal\VideoOS.Universal.Recorder.Client.UnitTests\bin\Debug\net6.0\VideoOS.Universal.Recorder.Client.UnitTests.dll" adapterTypeName="executor://mstestadapter/v2" className="VideoOS.Universal.Recorder.Client.UnitTests.ErrorMappingTests" name="MapToErrorData_ShouldMapToExpectedErrorData_ForAllKnownExceptionMessages" />
    </UnitTest>
    <UnitTest name="MapToErrorData_ShouldMapToExpectedErrorData_ForAllKnownExceptionMessages (Output Activate not allowed,40000,0)" storage="d:\actions-runner\_work\xpco\xpco\allsolutions\..\common\videoos.universal\videoos.universal.recorder.client.unittests\bin\debug\net6.0\videoos.universal.recorder.client.unittests.dll" id="2e4dab93-7254-9a59-2cd6-e0afcb3c4c87">
      <Execution id="5aa99f36-78fb-46a8-bc78-7959bc87698a" />
      <TestMethod codeBase="D:\actions-runner\_work\XPCO\XPCO\AllSolutions\..\Common\VideoOS.Universal\VideoOS.Universal.Recorder.Client.UnitTests\bin\Debug\net6.0\VideoOS.Universal.Recorder.Client.UnitTests.dll" adapterTypeName="executor://mstestadapter/v2" className="VideoOS.Universal.Recorder.Client.UnitTests.ErrorMappingTests" name="MapToErrorData_ShouldMapToExpectedErrorData_ForAllKnownExceptionMessages" />
    </UnitTest>
    <UnitTest name="MapToErrorData_ShouldMapToExpectedErrorData_ForAllKnownExceptionMessages (Smart Search Start not allowed,40000,0)" storage="d:\actions-runner\_work\xpco\xpco\allsolutions\..\common\videoos.universal\videoos.universal.recorder.client.unittests\bin\debug\net6.0\videoos.universal.recorder.client.unittests.dll" id="6629b8ce-27d6-55a9-c243-f84a8de15019">
      <Execution id="a745f6f2-62f1-49a8-9b6b-0232611b8942" />
      <TestMethod codeBase="D:\actions-runner\_work\XPCO\XPCO\AllSolutions\..\Common\VideoOS.Universal\VideoOS.Universal.Recorder.Client.UnitTests\bin\Debug\net6.0\VideoOS.Universal.Recorder.Client.UnitTests.dll" adapterTypeName="executor://mstestadapter/v2" className="VideoOS.Universal.Recorder.Client.UnitTests.ErrorMappingTests" name="MapToErrorData_ShouldMapToExpectedErrorData_ForAllKnownExceptionMessages" />
    </UnitTest>
    <UnitTest name="MapToErrorData_ShouldMapToExpectedErrorData_ForAllKnownExceptionMessages (Get timeline information not allowed,40000,0)" storage="d:\actions-runner\_work\xpco\xpco\allsolutions\..\common\videoos.universal\videoos.universal.recorder.client.unittests\bin\debug\net6.0\videoos.universal.recorder.client.unittests.dll" id="426a4511-596c-578b-a773-b011c2a41a44">
      <Execution id="7f3f857a-5159-40bb-9442-b457c6d0420a" />
      <TestMethod codeBase="D:\actions-runner\_work\XPCO\XPCO\AllSolutions\..\Common\VideoOS.Universal\VideoOS.Universal.Recorder.Client.UnitTests\bin\Debug\net6.0\VideoOS.Universal.Recorder.Client.UnitTests.dll" adapterTypeName="executor://mstestadapter/v2" className="VideoOS.Universal.Recorder.Client.UnitTests.ErrorMappingTests" name="MapToErrorData_ShouldMapToExpectedErrorData_ForAllKnownExceptionMessages" />
    </UnitTest>
    <UnitTest name="MapToErrorData_ShouldMapToExpectedErrorData_ForAllKnownExceptionMessages (Cannot perform session request on non-active session.,40295,31)" storage="d:\actions-runner\_work\xpco\xpco\allsolutions\..\common\videoos.universal\videoos.universal.recorder.client.unittests\bin\debug\net6.0\videoos.universal.recorder.client.unittests.dll" id="8f765b14-bd69-1133-f585-3d3b4c296915">
      <Execution id="0186be8c-7d1a-47d2-bd06-29a31e3cefa5" />
      <TestMethod codeBase="D:\actions-runner\_work\XPCO\XPCO\AllSolutions\..\Common\VideoOS.Universal\VideoOS.Universal.Recorder.Client.UnitTests\bin\Debug\net6.0\VideoOS.Universal.Recorder.Client.UnitTests.dll" adapterTypeName="executor://mstestadapter/v2" className="VideoOS.Universal.Recorder.Client.UnitTests.ErrorMappingTests" name="MapToErrorData_ShouldMapToExpectedErrorData_ForAllKnownExceptionMessages" />
    </UnitTest>
    <UnitTest name="MapToErrorData_ShouldMapToExpectedErrorData_ForAllKnownExceptionMessages (Unable to get Ptz priority,40000,0)" storage="d:\actions-runner\_work\xpco\xpco\allsolutions\..\common\videoos.universal\videoos.universal.recorder.client.unittests\bin\debug\net6.0\videoos.universal.recorder.client.unittests.dll" id="61ea6a77-9667-d353-7a5b-60d539ec3955">
      <Execution id="e8bcf533-b6cf-4437-8583-b9df36744f56" />
      <TestMethod codeBase="D:\actions-runner\_work\XPCO\XPCO\AllSolutions\..\Common\VideoOS.Universal\VideoOS.Universal.Recorder.Client.UnitTests\bin\Debug\net6.0\VideoOS.Universal.Recorder.Client.UnitTests.dll" adapterTypeName="executor://mstestadapter/v2" className="VideoOS.Universal.Recorder.Client.UnitTests.ErrorMappingTests" name="MapToErrorData_ShouldMapToExpectedErrorData_ForAllKnownExceptionMessages" />
    </UnitTest>
    <UnitTest name="MapToErrorData_ShouldMapToExpectedErrorData_ForAllKnownExceptionMessages (Parameter 'patrollingSchemaId' not specified.,40000,0)" storage="d:\actions-runner\_work\xpco\xpco\allsolutions\..\common\videoos.universal\videoos.universal.recorder.client.unittests\bin\debug\net6.0\videoos.universal.recorder.client.unittests.dll" id="be792d97-2379-5475-8e91-0ba95f1d9d93">
      <Execution id="3181ec59-aaf0-470a-9c1a-54130542044b" />
      <TestMethod codeBase="D:\actions-runner\_work\XPCO\XPCO\AllSolutions\..\Common\VideoOS.Universal\VideoOS.Universal.Recorder.Client.UnitTests\bin\Debug\net6.0\VideoOS.Universal.Recorder.Client.UnitTests.dll" adapterTypeName="executor://mstestadapter/v2" className="VideoOS.Universal.Recorder.Client.UnitTests.ErrorMappingTests" name="MapToErrorData_ShouldMapToExpectedErrorData_ForAllKnownExceptionMessages" />
    </UnitTest>
    <UnitTest name="MapToErrorData_ShouldMapToExpectedErrorData_ForAllKnownExceptionMessages (Parameter 'timeLineInformationTypes' not specified.,40000,0)" storage="d:\actions-runner\_work\xpco\xpco\allsolutions\..\common\videoos.universal\videoos.universal.recorder.client.unittests\bin\debug\net6.0\videoos.universal.recorder.client.unittests.dll" id="1f6a76d9-e101-5abe-be6a-13a6863984ac">
      <Execution id="b1ae7ad7-33b6-400a-910a-7d70673dfb38" />
      <TestMethod codeBase="D:\actions-runner\_work\XPCO\XPCO\AllSolutions\..\Common\VideoOS.Universal\VideoOS.Universal.Recorder.Client.UnitTests\bin\Debug\net6.0\VideoOS.Universal.Recorder.Client.UnitTests.dll" adapterTypeName="executor://mstestadapter/v2" className="VideoOS.Universal.Recorder.Client.UnitTests.ErrorMappingTests" name="MapToErrorData_ShouldMapToExpectedErrorData_ForAllKnownExceptionMessages" />
    </UnitTest>
    <UnitTest name="MapToErrorData_ShouldMapToExpectedErrorData_ForAllKnownExceptionMessages (Sequences Get Around With Span not allowed,40000,0)" storage="d:\actions-runner\_work\xpco\xpco\allsolutions\..\common\videoos.universal\videoos.universal.recorder.client.unittests\bin\debug\net6.0\videoos.universal.recorder.client.unittests.dll" id="01ddccd1-9039-984e-193d-ad028964b920">
      <Execution id="1c1ef45d-2d0f-4bae-8334-37ddef9b9f8c" />
      <TestMethod codeBase="D:\actions-runner\_work\XPCO\XPCO\AllSolutions\..\Common\VideoOS.Universal\VideoOS.Universal.Recorder.Client.UnitTests\bin\Debug\net6.0\VideoOS.Universal.Recorder.Client.UnitTests.dll" adapterTypeName="executor://mstestadapter/v2" className="VideoOS.Universal.Recorder.Client.UnitTests.ErrorMappingTests" name="MapToErrorData_ShouldMapToExpectedErrorData_ForAllKnownExceptionMessages" />
    </UnitTest>
    <UnitTest name="MapToErrorData_ShouldMapToExpectedErrorData_ForAllKnownExceptionMessages (SearchCriteria 'xyz' not supported,40000,0)" storage="d:\actions-runner\_work\xpco\xpco\allsolutions\..\common\videoos.universal\videoos.universal.recorder.client.unittests\bin\debug\net6.0\videoos.universal.recorder.client.unittests.dll" id="a2281630-c4d9-efd6-98b7-aaac7b7f16b5">
      <Execution id="aec9fe2f-951b-44b3-8cd3-abbd1ad09db9" />
      <TestMethod codeBase="D:\actions-runner\_work\XPCO\XPCO\AllSolutions\..\Common\VideoOS.Universal\VideoOS.Universal.Recorder.Client.UnitTests\bin\Debug\net6.0\VideoOS.Universal.Recorder.Client.UnitTests.dll" adapterTypeName="executor://mstestadapter/v2" className="VideoOS.Universal.Recorder.Client.UnitTests.ErrorMappingTests" name="MapToErrorData_ShouldMapToExpectedErrorData_ForAllKnownExceptionMessages" />
    </UnitTest>
    <UnitTest name="MapToErrorData_ShouldMapToExpectedErrorData_ForAllKnownExceptionMessages (Parameter 'command' not specified.,40000,0)" storage="d:\actions-runner\_work\xpco\xpco\allsolutions\..\common\videoos.universal\videoos.universal.recorder.client.unittests\bin\debug\net6.0\videoos.universal.recorder.client.unittests.dll" id="318abee3-0f05-4b07-dbed-658afa72fc15">
      <Execution id="b6b4f0fe-069e-4991-909d-13741a929a2f" />
      <TestMethod codeBase="D:\actions-runner\_work\XPCO\XPCO\AllSolutions\..\Common\VideoOS.Universal\VideoOS.Universal.Recorder.Client.UnitTests\bin\Debug\net6.0\VideoOS.Universal.Recorder.Client.UnitTests.dll" adapterTypeName="executor://mstestadapter/v2" className="VideoOS.Universal.Recorder.Client.UnitTests.ErrorMappingTests" name="MapToErrorData_ShouldMapToExpectedErrorData_ForAllKnownExceptionMessages" />
    </UnitTest>
    <UnitTest name="MapToErrorData_ShouldMapToExpectedErrorData_ForAllKnownExceptionMessages (Invalid search criteria: xyz,40000,0)" storage="d:\actions-runner\_work\xpco\xpco\allsolutions\..\common\videoos.universal\videoos.universal.recorder.client.unittests\bin\debug\net6.0\videoos.universal.recorder.client.unittests.dll" id="89b3b998-ca65-cc5b-c4f2-e398a8d0156e">
      <Execution id="6e9388a8-9adf-476b-9407-95b48f8f8dd4" />
      <TestMethod codeBase="D:\actions-runner\_work\XPCO\XPCO\AllSolutions\..\Common\VideoOS.Universal\VideoOS.Universal.Recorder.Client.UnitTests\bin\Debug\net6.0\VideoOS.Universal.Recorder.Client.UnitTests.dll" adapterTypeName="executor://mstestadapter/v2" className="VideoOS.Universal.Recorder.Client.UnitTests.ErrorMappingTests" name="MapToErrorData_ShouldMapToExpectedErrorData_ForAllKnownExceptionMessages" />
    </UnitTest>
    <UnitTest name="MapToErrorData_ShouldMapToExpectedErrorData_ForAllKnownExceptionMessages (Parameter 'timeLineInformationInterval' not specified.,40000,0)" storage="d:\actions-runner\_work\xpco\xpco\allsolutions\..\common\videoos.universal\videoos.universal.recorder.client.unittests\bin\debug\net6.0\videoos.universal.recorder.client.unittests.dll" id="a2bb4e4d-3cee-b9a3-f2ed-7da929a12755">
      <Execution id="af929cbf-a0f7-49c5-afcd-fafc16b1985c" />
      <TestMethod codeBase="D:\actions-runner\_work\XPCO\XPCO\AllSolutions\..\Common\VideoOS.Universal\VideoOS.Universal.Recorder.Client.UnitTests\bin\Debug\net6.0\VideoOS.Universal.Recorder.Client.UnitTests.dll" adapterTypeName="executor://mstestadapter/v2" className="VideoOS.Universal.Recorder.Client.UnitTests.ErrorMappingTests" name="MapToErrorData_ShouldMapToExpectedErrorData_ForAllKnownExceptionMessages" />
    </UnitTest>
    <UnitTest name="MapToErrorData_ShouldMapToExpectedErrorData_ForAllKnownExceptionMessages (Cannot start a session which is already running.,40295,32)" storage="d:\actions-runner\_work\xpco\xpco\allsolutions\..\common\videoos.universal\videoos.universal.recorder.client.unittests\bin\debug\net6.0\videoos.universal.recorder.client.unittests.dll" id="0172c263-c69e-dcf3-9dbe-1f828258c794">
      <Execution id="d40b5d93-0a6d-48f1-acd0-8d4c47373e1d" />
      <TestMethod codeBase="D:\actions-runner\_work\XPCO\XPCO\AllSolutions\..\Common\VideoOS.Universal\VideoOS.Universal.Recorder.Client.UnitTests\bin\Debug\net6.0\VideoOS.Universal.Recorder.Client.UnitTests.dll" adapterTypeName="executor://mstestadapter/v2" className="VideoOS.Universal.Recorder.Client.UnitTests.ErrorMappingTests" name="MapToErrorData_ShouldMapToExpectedErrorData_ForAllKnownExceptionMessages" />
    </UnitTest>
    <UnitTest name="MapToErrorData_ShouldMapToExpectedErrorData_ForAllKnownExceptionMessages (Invalid format. Value 'MicroSeconds' not specified for 'duration' parameter.,40000,0)" storage="d:\actions-runner\_work\xpco\xpco\allsolutions\..\common\videoos.universal\videoos.universal.recorder.client.unittests\bin\debug\net6.0\videoos.universal.recorder.client.unittests.dll" id="236f6ea0-c341-2b6d-0426-2ce658d7fd1f">
      <Execution id="6a60223a-506c-4ca3-9724-6ea99ac340c8" />
      <TestMethod codeBase="D:\actions-runner\_work\XPCO\XPCO\AllSolutions\..\Common\VideoOS.Universal\VideoOS.Universal.Recorder.Client.UnitTests\bin\Debug\net6.0\VideoOS.Universal.Recorder.Client.UnitTests.dll" adapterTypeName="executor://mstestadapter/v2" className="VideoOS.Universal.Recorder.Client.UnitTests.ErrorMappingTests" name="MapToErrorData_ShouldMapToExpectedErrorData_ForAllKnownExceptionMessages" />
    </UnitTest>
    <UnitTest name="MapToErrorData_ShouldMapToExpectedErrorData_ForAllKnownExceptionMessages (Parameter 'maxHeight' not specified.,40000,0)" storage="d:\actions-runner\_work\xpco\xpco\allsolutions\..\common\videoos.universal\videoos.universal.recorder.client.unittests\bin\debug\net6.0\videoos.universal.recorder.client.unittests.dll" id="3891c50c-b169-753c-b248-449349b5dcdf">
      <Execution id="c3ca6686-ab25-48a0-9331-bfbf64a97df2" />
      <TestMethod codeBase="D:\actions-runner\_work\XPCO\XPCO\AllSolutions\..\Common\VideoOS.Universal\VideoOS.Universal.Recorder.Client.UnitTests\bin\Debug\net6.0\VideoOS.Universal.Recorder.Client.UnitTests.dll" adapterTypeName="executor://mstestadapter/v2" className="VideoOS.Universal.Recorder.Client.UnitTests.ErrorMappingTests" name="MapToErrorData_ShouldMapToExpectedErrorData_ForAllKnownExceptionMessages" />
    </UnitTest>
    <UnitTest name="MapToErrorData_ShouldMapToExpectedErrorData_ForAllKnownExceptionMessages (Request rejected, Current session is already reserved,40295,70)" storage="d:\actions-runner\_work\xpco\xpco\allsolutions\..\common\videoos.universal\videoos.universal.recorder.client.unittests\bin\debug\net6.0\videoos.universal.recorder.client.unittests.dll" id="6d6b476d-2813-a23d-0160-b86c2c063255">
      <Execution id="b77b1191-e9af-4277-9fac-4d285ce73ccf" />
      <TestMethod codeBase="D:\actions-runner\_work\XPCO\XPCO\AllSolutions\..\Common\VideoOS.Universal\VideoOS.Universal.Recorder.Client.UnitTests\bin\Debug\net6.0\VideoOS.Universal.Recorder.Client.UnitTests.dll" adapterTypeName="executor://mstestadapter/v2" className="VideoOS.Universal.Recorder.Client.UnitTests.ErrorMappingTests" name="MapToErrorData_ShouldMapToExpectedErrorData_ForAllKnownExceptionMessages" />
    </UnitTest>
    <UnitTest name="MapToErrorData_ShouldMapToExpectedErrorData_ForAllKnownExceptionMessages (Parameter 'maxCountAfter' not specified.,40000,0)" storage="d:\actions-runner\_work\xpco\xpco\allsolutions\..\common\videoos.universal\videoos.universal.recorder.client.unittests\bin\debug\net6.0\videoos.universal.recorder.client.unittests.dll" id="afbc2e20-6580-8ac8-d57a-ae0945472a4b">
      <Execution id="b834c070-384e-4310-a297-c2e8fc60d686" />
      <TestMethod codeBase="D:\actions-runner\_work\XPCO\XPCO\AllSolutions\..\Common\VideoOS.Universal\VideoOS.Universal.Recorder.Client.UnitTests\bin\Debug\net6.0\VideoOS.Universal.Recorder.Client.UnitTests.dll" adapterTypeName="executor://mstestadapter/v2" className="VideoOS.Universal.Recorder.Client.UnitTests.ErrorMappingTests" name="MapToErrorData_ShouldMapToExpectedErrorData_ForAllKnownExceptionMessages" />
    </UnitTest>
    <UnitTest name="MapToErrorData_ShouldMapToExpectedErrorData_ForAllKnownExceptionMessages (Parameter 'ignoreInitialMotion' not specified.,40000,0)" storage="d:\actions-runner\_work\xpco\xpco\allsolutions\..\common\videoos.universal\videoos.universal.recorder.client.unittests\bin\debug\net6.0\videoos.universal.recorder.client.unittests.dll" id="7a62f1b3-eb91-9bc3-1b8c-d061f654ac74">
      <Execution id="4a394d7d-c67f-4e8e-a894-131aaec1b0cf" />
      <TestMethod codeBase="D:\actions-runner\_work\XPCO\XPCO\AllSolutions\..\Common\VideoOS.Universal\VideoOS.Universal.Recorder.Client.UnitTests\bin\Debug\net6.0\VideoOS.Universal.Recorder.Client.UnitTests.dll" adapterTypeName="executor://mstestadapter/v2" className="VideoOS.Universal.Recorder.Client.UnitTests.ErrorMappingTests" name="MapToErrorData_ShouldMapToExpectedErrorData_ForAllKnownExceptionMessages" />
    </UnitTest>
    <UnitTest name="MapToErrorData_ShouldMapToExpectedErrorData_ForAllKnownExceptionMessages (Token could not be validated at this time,20001,4)" storage="d:\actions-runner\_work\xpco\xpco\allsolutions\..\common\videoos.universal\videoos.universal.recorder.client.unittests\bin\debug\net6.0\videoos.universal.recorder.client.unittests.dll" id="33544677-77f3-7f4d-de85-e0e9e8845253">
      <Execution id="030143bb-5e54-4307-aa52-a1cfdd34e914" />
      <TestMethod codeBase="D:\actions-runner\_work\XPCO\XPCO\AllSolutions\..\Common\VideoOS.Universal\VideoOS.Universal.Recorder.Client.UnitTests\bin\Debug\net6.0\VideoOS.Universal.Recorder.Client.UnitTests.dll" adapterTypeName="executor://mstestadapter/v2" className="VideoOS.Universal.Recorder.Client.UnitTests.ErrorMappingTests" name="MapToErrorData_ShouldMapToExpectedErrorData_ForAllKnownExceptionMessages" />
    </UnitTest>
    <UnitTest name="MapToErrorData_ShouldMapToExpectedErrorData_ForAllKnownExceptionMessages (Version mismatch,10001,0)" storage="d:\actions-runner\_work\xpco\xpco\allsolutions\..\common\videoos.universal\videoos.universal.recorder.client.unittests\bin\debug\net6.0\videoos.universal.recorder.client.unittests.dll" id="61a8392d-de8e-67f3-272a-ba4167e365e2">
      <Execution id="aae6d8f9-027f-475b-815f-d9e9401cc335" />
      <TestMethod codeBase="D:\actions-runner\_work\XPCO\XPCO\AllSolutions\..\Common\VideoOS.Universal\VideoOS.Universal.Recorder.Client.UnitTests\bin\Debug\net6.0\VideoOS.Universal.Recorder.Client.UnitTests.dll" adapterTypeName="executor://mstestadapter/v2" className="VideoOS.Universal.Recorder.Client.UnitTests.ErrorMappingTests" name="MapToErrorData_ShouldMapToExpectedErrorData_ForAllKnownExceptionMessages" />
    </UnitTest>
    <UnitTest name="MapToErrorData_ShouldMapToExpectedErrorData_ForAllKnownExceptionMessages (Parameter 'multicastSessionIds' not specified.,40000,0)" storage="d:\actions-runner\_work\xpco\xpco\allsolutions\..\common\videoos.universal\videoos.universal.recorder.client.unittests\bin\debug\net6.0\videoos.universal.recorder.client.unittests.dll" id="93cc4774-f1d8-9eb9-c679-e3e90ed5c495">
      <Execution id="7e034933-2357-459c-a96d-72152e0b9e54" />
      <TestMethod codeBase="D:\actions-runner\_work\XPCO\XPCO\AllSolutions\..\Common\VideoOS.Universal\VideoOS.Universal.Recorder.Client.UnitTests\bin\Debug\net6.0\VideoOS.Universal.Recorder.Client.UnitTests.dll" adapterTypeName="executor://mstestadapter/v2" className="VideoOS.Universal.Recorder.Client.UnitTests.ErrorMappingTests" name="MapToErrorData_ShouldMapToExpectedErrorData_ForAllKnownExceptionMessages" />
    </UnitTest>
    <UnitTest name="MapToErrorData_ShouldMapToExpectedErrorData_ForAllKnownExceptionMessages (Cannot release patrolling session.,40295,42)" storage="d:\actions-runner\_work\xpco\xpco\allsolutions\..\common\videoos.universal\videoos.universal.recorder.client.unittests\bin\debug\net6.0\videoos.universal.recorder.client.unittests.dll" id="2e0a531a-9fca-50ea-f742-d0c411ede313">
      <Execution id="1a983073-d76e-4667-9d88-3d1f4382b250" />
      <TestMethod codeBase="D:\actions-runner\_work\XPCO\XPCO\AllSolutions\..\Common\VideoOS.Universal\VideoOS.Universal.Recorder.Client.UnitTests\bin\Debug\net6.0\VideoOS.Universal.Recorder.Client.UnitTests.dll" adapterTypeName="executor://mstestadapter/v2" className="VideoOS.Universal.Recorder.Client.UnitTests.ErrorMappingTests" name="MapToErrorData_ShouldMapToExpectedErrorData_ForAllKnownExceptionMessages" />
    </UnitTest>
    <UnitTest name="MapToErrorData_ShouldMapToExpectedErrorData_ForAllKnownExceptionMessages (Ptz device request failed,40295,0)" storage="d:\actions-runner\_work\xpco\xpco\allsolutions\..\common\videoos.universal\videoos.universal.recorder.client.unittests\bin\debug\net6.0\videoos.universal.recorder.client.unittests.dll" id="d046baf2-39e8-c10b-cdc6-2596bb06915f">
      <Execution id="0329404e-483d-4e27-a89a-7b3a32883ffb" />
      <TestMethod codeBase="D:\actions-runner\_work\XPCO\XPCO\AllSolutions\..\Common\VideoOS.Universal\VideoOS.Universal.Recorder.Client.UnitTests\bin\Debug\net6.0\VideoOS.Universal.Recorder.Client.UnitTests.dll" adapterTypeName="executor://mstestadapter/v2" className="VideoOS.Universal.Recorder.Client.UnitTests.ErrorMappingTests" name="MapToErrorData_ShouldMapToExpectedErrorData_ForAllKnownExceptionMessages" />
    </UnitTest>
    <UnitTest name="MapToErrorData_ShouldMapToExpectedErrorData_ForAllKnownExceptionMessages (Cannot release other users manual patrolling session,40295,90)" storage="d:\actions-runner\_work\xpco\xpco\allsolutions\..\common\videoos.universal\videoos.universal.recorder.client.unittests\bin\debug\net6.0\videoos.universal.recorder.client.unittests.dll" id="a20b4e16-e517-2d86-aaba-2af350130b01">
      <Execution id="78780440-da46-4e0c-8ed9-c303b70d9137" />
      <TestMethod codeBase="D:\actions-runner\_work\XPCO\XPCO\AllSolutions\..\Common\VideoOS.Universal\VideoOS.Universal.Recorder.Client.UnitTests\bin\Debug\net6.0\VideoOS.Universal.Recorder.Client.UnitTests.dll" adapterTypeName="executor://mstestadapter/v2" className="VideoOS.Universal.Recorder.Client.UnitTests.ErrorMappingTests" name="MapToErrorData_ShouldMapToExpectedErrorData_ForAllKnownExceptionMessages" />
    </UnitTest>
    <UnitTest name="MapToErrorData_ShouldMapToExpectedErrorData_ForAllKnownExceptionMessages (Device AACBA580-2202-4D25-9E27-2B193F56DEE9 not found.,40000,0)" storage="d:\actions-runner\_work\xpco\xpco\allsolutions\..\common\videoos.universal\videoos.universal.recorder.client.unittests\bin\debug\net6.0\videoos.universal.recorder.client.unittests.dll" id="e59b8beb-b7f4-ead9-5274-849c5d85263f">
      <Execution id="8f7c8c05-8514-4597-a155-f44bab8f5b26" />
      <TestMethod codeBase="D:\actions-runner\_work\XPCO\XPCO\AllSolutions\..\Common\VideoOS.Universal\VideoOS.Universal.Recorder.Client.UnitTests\bin\Debug\net6.0\VideoOS.Universal.Recorder.Client.UnitTests.dll" adapterTypeName="executor://mstestadapter/v2" className="VideoOS.Universal.Recorder.Client.UnitTests.ErrorMappingTests" name="MapToErrorData_ShouldMapToExpectedErrorData_ForAllKnownExceptionMessages" />
    </UnitTest>
    <UnitTest name="MapToErrorData_ShouldMapToExpectedErrorData_ForAllKnownExceptionMessages (Token invalid,20001,2)" storage="d:\actions-runner\_work\xpco\xpco\allsolutions\..\common\videoos.universal\videoos.universal.recorder.client.unittests\bin\debug\net6.0\videoos.universal.recorder.client.unittests.dll" id="8d2e1712-dfb6-c94c-5234-073e0a7777da">
      <Execution id="565d9121-23a4-411c-9391-49c89276e118" />
      <TestMethod codeBase="D:\actions-runner\_work\XPCO\XPCO\AllSolutions\..\Common\VideoOS.Universal\VideoOS.Universal.Recorder.Client.UnitTests\bin\Debug\net6.0\VideoOS.Universal.Recorder.Client.UnitTests.dll" adapterTypeName="executor://mstestadapter/v2" className="VideoOS.Universal.Recorder.Client.UnitTests.ErrorMappingTests" name="MapToErrorData_ShouldMapToExpectedErrorData_ForAllKnownExceptionMessages" />
    </UnitTest>
    <UnitTest name="MapToErrorData_ShouldReturnNull_WhenExceptionMessageIsUnmapped" storage="d:\actions-runner\_work\xpco\xpco\allsolutions\..\common\videoos.universal\videoos.universal.recorder.client.unittests\bin\debug\net6.0\videoos.universal.recorder.client.unittests.dll" id="02eb1136-154c-feaf-762b-a5a207d56ffe">
      <Execution id="6b8875b1-90f5-424b-925c-dc1be023f1e5" />
      <TestMethod codeBase="D:\actions-runner\_work\XPCO\XPCO\AllSolutions\..\Common\VideoOS.Universal\VideoOS.Universal.Recorder.Client.UnitTests\bin\Debug\net6.0\VideoOS.Universal.Recorder.Client.UnitTests.dll" adapterTypeName="executor://mstestadapter/v2" className="VideoOS.Universal.Recorder.Client.UnitTests.ErrorMappingTests" name="MapToErrorData_ShouldReturnNull_WhenExceptionMessageIsUnmapped" />
    </UnitTest>
    <UnitTest name="MapToErrorData_ShouldMapToExpectedErrorData_ForAllKnownExceptionMessages (Parameter 'maxCount' not specified.,40000,0)" storage="d:\actions-runner\_work\xpco\xpco\allsolutions\..\common\videoos.universal\videoos.universal.recorder.client.unittests\bin\debug\net6.0\videoos.universal.recorder.client.unittests.dll" id="8068d011-df3c-233c-b34c-11f411245362">
      <Execution id="3f722a85-8d16-4829-a99f-409107df41c6" />
      <TestMethod codeBase="D:\actions-runner\_work\XPCO\XPCO\AllSolutions\..\Common\VideoOS.Universal\VideoOS.Universal.Recorder.Client.UnitTests\bin\Debug\net6.0\VideoOS.Universal.Recorder.Client.UnitTests.dll" adapterTypeName="executor://mstestadapter/v2" className="VideoOS.Universal.Recorder.Client.UnitTests.ErrorMappingTests" name="MapToErrorData_ShouldMapToExpectedErrorData_ForAllKnownExceptionMessages" />
    </UnitTest>
    <UnitTest name="MapToErrorData_ShouldMapToExpectedErrorData_ForAllKnownExceptionMessages (Cannot release session without proper permission.,40295,60)" storage="d:\actions-runner\_work\xpco\xpco\allsolutions\..\common\videoos.universal\videoos.universal.recorder.client.unittests\bin\debug\net6.0\videoos.universal.recorder.client.unittests.dll" id="3a90c1f9-511f-7afe-67be-633a05042396">
      <Execution id="04c7d9e9-b183-4e51-8286-e3394f6ef183" />
      <TestMethod codeBase="D:\actions-runner\_work\XPCO\XPCO\AllSolutions\..\Common\VideoOS.Universal\VideoOS.Universal.Recorder.Client.UnitTests\bin\Debug\net6.0\VideoOS.Universal.Recorder.Client.UnitTests.dll" adapterTypeName="executor://mstestadapter/v2" className="VideoOS.Universal.Recorder.Client.UnitTests.ErrorMappingTests" name="MapToErrorData_ShouldMapToExpectedErrorData_ForAllKnownExceptionMessages" />
    </UnitTest>
    <UnitTest name="MapToErrorData_ShouldMapToExpectedErrorData_ForAllKnownExceptionMessages (Viewing of live JPEG not allowed,40000,0)" storage="d:\actions-runner\_work\xpco\xpco\allsolutions\..\common\videoos.universal\videoos.universal.recorder.client.unittests\bin\debug\net6.0\videoos.universal.recorder.client.unittests.dll" id="46a07f50-6978-3234-bae5-ff64b7e68828">
      <Execution id="dd8e285e-11d5-45f9-92ba-4a9a75948707" />
      <TestMethod codeBase="D:\actions-runner\_work\XPCO\XPCO\AllSolutions\..\Common\VideoOS.Universal\VideoOS.Universal.Recorder.Client.UnitTests\bin\Debug\net6.0\VideoOS.Universal.Recorder.Client.UnitTests.dll" adapterTypeName="executor://mstestadapter/v2" className="VideoOS.Universal.Recorder.Client.UnitTests.ErrorMappingTests" name="MapToErrorData_ShouldMapToExpectedErrorData_ForAllKnownExceptionMessages" />
    </UnitTest>
    <UnitTest name="MapToErrorData_ShouldMapToExpectedErrorData_ForAllKnownExceptionMessages (Parameter 'smartSearchId' not specified.,40000,0)" storage="d:\actions-runner\_work\xpco\xpco\allsolutions\..\common\videoos.universal\videoos.universal.recorder.client.unittests\bin\debug\net6.0\videoos.universal.recorder.client.unittests.dll" id="825457ae-18a4-cfa6-3aba-a97828dc81f8">
      <Execution id="1eaab92c-49fc-4489-9b9a-1a6b35bec7ab" />
      <TestMethod codeBase="D:\actions-runner\_work\XPCO\XPCO\AllSolutions\..\Common\VideoOS.Universal\VideoOS.Universal.Recorder.Client.UnitTests\bin\Debug\net6.0\VideoOS.Universal.Recorder.Client.UnitTests.dll" adapterTypeName="executor://mstestadapter/v2" className="VideoOS.Universal.Recorder.Client.UnitTests.ErrorMappingTests" name="MapToErrorData_ShouldMapToExpectedErrorData_ForAllKnownExceptionMessages" />
    </UnitTest>
    <UnitTest name="MapToErrorData_ShouldMapToExpectedErrorData_ForAllKnownExceptionMessages (No token supplied,20001,1)" storage="d:\actions-runner\_work\xpco\xpco\allsolutions\..\common\videoos.universal\videoos.universal.recorder.client.unittests\bin\debug\net6.0\videoos.universal.recorder.client.unittests.dll" id="d67cfc28-21b3-7273-e089-4f7e7d73d987">
      <Execution id="00025242-4ac5-4202-8a7a-68763844b120" />
      <TestMethod codeBase="D:\actions-runner\_work\XPCO\XPCO\AllSolutions\..\Common\VideoOS.Universal\VideoOS.Universal.Recorder.Client.UnitTests\bin\Debug\net6.0\VideoOS.Universal.Recorder.Client.UnitTests.dll" adapterTypeName="executor://mstestadapter/v2" className="VideoOS.Universal.Recorder.Client.UnitTests.ErrorMappingTests" name="MapToErrorData_ShouldMapToExpectedErrorData_ForAllKnownExceptionMessages" />
    </UnitTest>
    <UnitTest name="MapToErrorData_ShouldMapToExpectedErrorData_ForAllKnownExceptionMessages (Unable to get status for session. Session id: 'AACBA580-2202-4D25-9E27-2B193F56DEE9',40000,0)" storage="d:\actions-runner\_work\xpco\xpco\allsolutions\..\common\videoos.universal\videoos.universal.recorder.client.unittests\bin\debug\net6.0\videoos.universal.recorder.client.unittests.dll" id="844788f2-1eac-7aea-bacc-e338c6fa2a5b">
      <Execution id="55c8e03e-3cb5-46fc-9fcf-4ed5f2334ae5" />
      <TestMethod codeBase="D:\actions-runner\_work\XPCO\XPCO\AllSolutions\..\Common\VideoOS.Universal\VideoOS.Universal.Recorder.Client.UnitTests\bin\Debug\net6.0\VideoOS.Universal.Recorder.Client.UnitTests.dll" adapterTypeName="executor://mstestadapter/v2" className="VideoOS.Universal.Recorder.Client.UnitTests.ErrorMappingTests" name="MapToErrorData_ShouldMapToExpectedErrorData_ForAllKnownExceptionMessages" />
    </UnitTest>
    <UnitTest name="MapToErrorData_ShouldMapToExpectedErrorData_ForAllKnownExceptionMessages (Cannot resume patrolling when not paused, deviceId=AACBA580-2202-4D25-9E27-2B193F56DEE9,40295,41)" storage="d:\actions-runner\_work\xpco\xpco\allsolutions\..\common\videoos.universal\videoos.universal.recorder.client.unittests\bin\debug\net6.0\videoos.universal.recorder.client.unittests.dll" id="bf4683fe-e278-b0bb-2085-5598b3ec6125">
      <Execution id="71c04608-eaa5-4b60-93bb-0cd9c136330f" />
      <TestMethod codeBase="D:\actions-runner\_work\XPCO\XPCO\AllSolutions\..\Common\VideoOS.Universal\VideoOS.Universal.Recorder.Client.UnitTests\bin\Debug\net6.0\VideoOS.Universal.Recorder.Client.UnitTests.dll" adapterTypeName="executor://mstestadapter/v2" className="VideoOS.Universal.Recorder.Client.UnitTests.ErrorMappingTests" name="MapToErrorData_ShouldMapToExpectedErrorData_ForAllKnownExceptionMessages" />
    </UnitTest>
    <UnitTest name="MapToErrorData_ShouldMapToExpectedErrorData_ForAllKnownExceptionMessages (Preset Move To not allowed,40000,0)" storage="d:\actions-runner\_work\xpco\xpco\allsolutions\..\common\videoos.universal\videoos.universal.recorder.client.unittests\bin\debug\net6.0\videoos.universal.recorder.client.unittests.dll" id="47746e27-9b5e-7a6a-7cd3-180498584776">
      <Execution id="bb418232-95c1-47bd-9305-7e03c783eb93" />
      <TestMethod codeBase="D:\actions-runner\_work\XPCO\XPCO\AllSolutions\..\Common\VideoOS.Universal\VideoOS.Universal.Recorder.Client.UnitTests\bin\Debug\net6.0\VideoOS.Universal.Recorder.Client.UnitTests.dll" adapterTypeName="executor://mstestadapter/v2" className="VideoOS.Universal.Recorder.Client.UnitTests.ErrorMappingTests" name="MapToErrorData_ShouldMapToExpectedErrorData_ForAllKnownExceptionMessages" />
    </UnitTest>
    <UnitTest name="MapToErrorData_ShouldMapToExpectedErrorData_ForAllKnownExceptionMessages (Parameter 'minTime' not specified.,40000,0)" storage="d:\actions-runner\_work\xpco\xpco\allsolutions\..\common\videoos.universal\videoos.universal.recorder.client.unittests\bin\debug\net6.0\videoos.universal.recorder.client.unittests.dll" id="400d8571-f743-9b7d-648b-c708fbcdc834">
      <Execution id="61e68f82-ef47-4ac2-b086-f28d6ff6cc29" />
      <TestMethod codeBase="D:\actions-runner\_work\XPCO\XPCO\AllSolutions\..\Common\VideoOS.Universal\VideoOS.Universal.Recorder.Client.UnitTests\bin\Debug\net6.0\VideoOS.Universal.Recorder.Client.UnitTests.dll" adapterTypeName="executor://mstestadapter/v2" className="VideoOS.Universal.Recorder.Client.UnitTests.ErrorMappingTests" name="MapToErrorData_ShouldMapToExpectedErrorData_ForAllKnownExceptionMessages" />
    </UnitTest>
    <UnitTest name="MapToErrorData_ShouldMapToExpectedErrorData_ForAllKnownExceptionMessages (Error processing message,10000,0)" storage="d:\actions-runner\_work\xpco\xpco\allsolutions\..\common\videoos.universal\videoos.universal.recorder.client.unittests\bin\debug\net6.0\videoos.universal.recorder.client.unittests.dll" id="74e3ce0f-b9a2-fd45-f3ac-8d3c6e28e8a3">
      <Execution id="c493ebb4-1761-4161-9636-6842111e294e" />
      <TestMethod codeBase="D:\actions-runner\_work\XPCO\XPCO\AllSolutions\..\Common\VideoOS.Universal\VideoOS.Universal.Recorder.Client.UnitTests\bin\Debug\net6.0\VideoOS.Universal.Recorder.Client.UnitTests.dll" adapterTypeName="executor://mstestadapter/v2" className="VideoOS.Universal.Recorder.Client.UnitTests.ErrorMappingTests" name="MapToErrorData_ShouldMapToExpectedErrorData_ForAllKnownExceptionMessages" />
    </UnitTest>
    <UnitTest name="MapToErrorData_ShouldMapToExpectedErrorData_ForAllKnownExceptionMessages (Parameter 'searchMask/Size/Width' not specified.,40000,0)" storage="d:\actions-runner\_work\xpco\xpco\allsolutions\..\common\videoos.universal\videoos.universal.recorder.client.unittests\bin\debug\net6.0\videoos.universal.recorder.client.unittests.dll" id="e4710acc-05af-3f3e-4428-0a2252dcf1ea">
      <Execution id="1d2a40a7-a023-452c-a782-399c9423bbb8" />
      <TestMethod codeBase="D:\actions-runner\_work\XPCO\XPCO\AllSolutions\..\Common\VideoOS.Universal\VideoOS.Universal.Recorder.Client.UnitTests\bin\Debug\net6.0\VideoOS.Universal.Recorder.Client.UnitTests.dll" adapterTypeName="executor://mstestadapter/v2" className="VideoOS.Universal.Recorder.Client.UnitTests.ErrorMappingTests" name="MapToErrorData_ShouldMapToExpectedErrorData_ForAllKnownExceptionMessages" />
    </UnitTest>
    <UnitTest name="MapToErrorData_ShouldMapToExpectedErrorData_ForAllKnownExceptionMessages (Request rejected, request priority (2) equal to current patrolling priority (2).,40295,43)" storage="d:\actions-runner\_work\xpco\xpco\allsolutions\..\common\videoos.universal\videoos.universal.recorder.client.unittests\bin\debug\net6.0\videoos.universal.recorder.client.unittests.dll" id="1beb8332-0583-82ba-7cae-dc534d3baa46">
      <Execution id="40c2203e-fb82-4611-8d4b-168ef460f961" />
      <TestMethod codeBase="D:\actions-runner\_work\XPCO\XPCO\AllSolutions\..\Common\VideoOS.Universal\VideoOS.Universal.Recorder.Client.UnitTests\bin\Debug\net6.0\VideoOS.Universal.Recorder.Client.UnitTests.dll" adapterTypeName="executor://mstestadapter/v2" className="VideoOS.Universal.Recorder.Client.UnitTests.ErrorMappingTests" name="MapToErrorData_ShouldMapToExpectedErrorData_ForAllKnownExceptionMessages" />
    </UnitTest>
    <UnitTest name="MapToErrorData_ShouldMapToExpectedErrorData_ForAllKnownExceptionMessages (Insufficient user rights to access Status API,40000,0)" storage="d:\actions-runner\_work\xpco\xpco\allsolutions\..\common\videoos.universal\videoos.universal.recorder.client.unittests\bin\debug\net6.0\videoos.universal.recorder.client.unittests.dll" id="384ead11-9530-b5ea-1e17-ca8172d8c83f">
      <Execution id="0a1ede8d-0884-4791-9548-4a07ff1d35f2" />
      <TestMethod codeBase="D:\actions-runner\_work\XPCO\XPCO\AllSolutions\..\Common\VideoOS.Universal\VideoOS.Universal.Recorder.Client.UnitTests\bin\Debug\net6.0\VideoOS.Universal.Recorder.Client.UnitTests.dll" adapterTypeName="executor://mstestadapter/v2" className="VideoOS.Universal.Recorder.Client.UnitTests.ErrorMappingTests" name="MapToErrorData_ShouldMapToExpectedErrorData_ForAllKnownExceptionMessages" />
    </UnitTest>
    <UnitTest name="MapToErrorData_ShouldMapToExpectedErrorData_ForAllKnownExceptionMessages (Parameter 'timeLineInformationInterval/MicroSeconds' not specified.,40000,0)" storage="d:\actions-runner\_work\xpco\xpco\allsolutions\..\common\videoos.universal\videoos.universal.recorder.client.unittests\bin\debug\net6.0\videoos.universal.recorder.client.unittests.dll" id="dfe1a7e8-4b3f-2888-20f3-0b6975258c68">
      <Execution id="1dff5779-eb59-4ad6-906a-69bf5f224404" />
      <TestMethod codeBase="D:\actions-runner\_work\XPCO\XPCO\AllSolutions\..\Common\VideoOS.Universal\VideoOS.Universal.Recorder.Client.UnitTests\bin\Debug\net6.0\VideoOS.Universal.Recorder.Client.UnitTests.dll" adapterTypeName="executor://mstestadapter/v2" className="VideoOS.Universal.Recorder.Client.UnitTests.ErrorMappingTests" name="MapToErrorData_ShouldMapToExpectedErrorData_ForAllKnownExceptionMessages" />
    </UnitTest>
    <UnitTest name="MapToErrorData_ShouldMapToExpectedErrorData_ForAllKnownExceptionMessages (Parameter 'subscribe' not specified.,40000,0)" storage="d:\actions-runner\_work\xpco\xpco\allsolutions\..\common\videoos.universal\videoos.universal.recorder.client.unittests\bin\debug\net6.0\videoos.universal.recorder.client.unittests.dll" id="31788cdd-ef93-4305-a120-cd0372756780">
      <Execution id="0fa19a9d-9412-4d30-adb8-3c17bf6ce839" />
      <TestMethod codeBase="D:\actions-runner\_work\XPCO\XPCO\AllSolutions\..\Common\VideoOS.Universal\VideoOS.Universal.Recorder.Client.UnitTests\bin\Debug\net6.0\VideoOS.Universal.Recorder.Client.UnitTests.dll" adapterTypeName="executor://mstestadapter/v2" className="VideoOS.Universal.Recorder.Client.UnitTests.ErrorMappingTests" name="MapToErrorData_ShouldMapToExpectedErrorData_ForAllKnownExceptionMessages" />
    </UnitTest>
    <UnitTest name="MapToErrorData_ShouldMapToExpectedErrorData_ForAllKnownExceptionMessages (Parameter 'sequenceType' not specified.,40000,0)" storage="d:\actions-runner\_work\xpco\xpco\allsolutions\..\common\videoos.universal\videoos.universal.recorder.client.unittests\bin\debug\net6.0\videoos.universal.recorder.client.unittests.dll" id="48326302-fe25-5f4b-9321-53b6e1ad9c57">
      <Execution id="ea304eb7-1b95-4e09-86ba-ba1375e151bf" />
      <TestMethod codeBase="D:\actions-runner\_work\XPCO\XPCO\AllSolutions\..\Common\VideoOS.Universal\VideoOS.Universal.Recorder.Client.UnitTests\bin\Debug\net6.0\VideoOS.Universal.Recorder.Client.UnitTests.dll" adapterTypeName="executor://mstestadapter/v2" className="VideoOS.Universal.Recorder.Client.UnitTests.ErrorMappingTests" name="MapToErrorData_ShouldMapToExpectedErrorData_ForAllKnownExceptionMessages" />
    </UnitTest>
    <UnitTest name="MapToErrorData_ShouldMapToExpectedErrorData_ForAllKnownExceptionMessages (Export of JPEG not allowed,40000,0)" storage="d:\actions-runner\_work\xpco\xpco\allsolutions\..\common\videoos.universal\videoos.universal.recorder.client.unittests\bin\debug\net6.0\videoos.universal.recorder.client.unittests.dll" id="07dcff8b-3ed9-cd06-a5f2-3ccd387e7839">
      <Execution id="b2d8a976-c773-44a4-bf32-8eeb182782d1" />
      <TestMethod codeBase="D:\actions-runner\_work\XPCO\XPCO\AllSolutions\..\Common\VideoOS.Universal\VideoOS.Universal.Recorder.Client.UnitTests\bin\Debug\net6.0\VideoOS.Universal.Recorder.Client.UnitTests.dll" adapterTypeName="executor://mstestadapter/v2" className="VideoOS.Universal.Recorder.Client.UnitTests.ErrorMappingTests" name="MapToErrorData_ShouldMapToExpectedErrorData_ForAllKnownExceptionMessages" />
    </UnitTest>
    <UnitTest name="MapToErrorData_ShouldMapToExpectedErrorData_ForAllKnownExceptionMessages (Execute request on non-active session is not allowed,40295,31)" storage="d:\actions-runner\_work\xpco\xpco\allsolutions\..\common\videoos.universal\videoos.universal.recorder.client.unittests\bin\debug\net6.0\videoos.universal.recorder.client.unittests.dll" id="b83cb5d3-0d47-5ad5-c091-4d6023c2db3e">
      <Execution id="ff40617e-4f30-4fbf-a551-03c44decbc87" />
      <TestMethod codeBase="D:\actions-runner\_work\XPCO\XPCO\AllSolutions\..\Common\VideoOS.Universal\VideoOS.Universal.Recorder.Client.UnitTests\bin\Debug\net6.0\VideoOS.Universal.Recorder.Client.UnitTests.dll" adapterTypeName="executor://mstestadapter/v2" className="VideoOS.Universal.Recorder.Client.UnitTests.ErrorMappingTests" name="MapToErrorData_ShouldMapToExpectedErrorData_ForAllKnownExceptionMessages" />
    </UnitTest>
  </TestDefinitions>
  <TestEntries>
    <TestEntry testId="fa448ea3-cacd-9702-7568-8c7fc4d11ff5" executionId="70903a49-ca3d-497b-8f7d-d9c9918b6b88" testListId="8c84fa94-04c1-424b-9868-57a2d4851a1d" />
    <TestEntry testId="c924bc3e-90cd-8153-1719-5cc6f0ffa6e2" executionId="0f3de278-e574-4e76-9390-52d168b93a10" testListId="8c84fa94-04c1-424b-9868-57a2d4851a1d" />
    <TestEntry testId="bea61d3a-b596-676c-8420-e52dc4bdb5ee" executionId="e794e694-9c95-4813-bc98-36ef20e91c67" testListId="8c84fa94-04c1-424b-9868-57a2d4851a1d" />
    <TestEntry testId="33544677-77f3-7f4d-de85-e0e9e8845253" executionId="030143bb-5e54-4307-aa52-a1cfdd34e914" testListId="8c84fa94-04c1-424b-9868-57a2d4851a1d" />
    <TestEntry testId="e4710acc-05af-3f3e-4428-0a2252dcf1ea" executionId="1d2a40a7-a023-452c-a782-399c9423bbb8" testListId="8c84fa94-04c1-424b-9868-57a2d4851a1d" />
    <TestEntry testId="02eb1136-154c-feaf-762b-a5a207d56ffe" executionId="6b8875b1-90f5-424b-925c-dc1be023f1e5" testListId="8c84fa94-04c1-424b-9868-57a2d4851a1d" />
    <TestEntry testId="a2af4ca4-418d-1bfc-06a1-ddf6020a858c" executionId="1870eb75-cbe2-4e3e-91fc-5946080ccacc" testListId="8c84fa94-04c1-424b-9868-57a2d4851a1d" />
    <TestEntry testId="5ca73389-7db4-3e7a-4464-cebcf0dce7ba" executionId="39a20a6d-09c8-4268-ade2-a99b118d8b7d" testListId="8c84fa94-04c1-424b-9868-57a2d4851a1d" />
    <TestEntry testId="93cc4774-f1d8-9eb9-c679-e3e90ed5c495" executionId="7e034933-2357-459c-a96d-72152e0b9e54" testListId="8c84fa94-04c1-424b-9868-57a2d4851a1d" />
    <TestEntry testId="0db8f075-8619-9924-cc7c-4e59947c272a" executionId="c62f5225-c1cc-4193-8f8a-0040469303bc" testListId="8c84fa94-04c1-424b-9868-57a2d4851a1d" />
    <TestEntry testId="515d24aa-9e7f-58b7-f6d8-5a472a32c10a" executionId="ced08a8a-0c40-468c-8abd-dac2643a6075" testListId="8c84fa94-04c1-424b-9868-57a2d4851a1d" />
    <TestEntry testId="2e0a531a-9fca-50ea-f742-d0c411ede313" executionId="1a983073-d76e-4667-9d88-3d1f4382b250" testListId="8c84fa94-04c1-424b-9868-57a2d4851a1d" />
    <TestEntry testId="844788f2-1eac-7aea-bacc-e338c6fa2a5b" executionId="55c8e03e-3cb5-46fc-9fcf-4ed5f2334ae5" testListId="8c84fa94-04c1-424b-9868-57a2d4851a1d" />
    <TestEntry testId="8f765b14-bd69-1133-f585-3d3b4c296915" executionId="0186be8c-7d1a-47d2-bd06-29a31e3cefa5" testListId="8c84fa94-04c1-424b-9868-57a2d4851a1d" />
    <TestEntry testId="93a3d2d5-1ead-5b8c-97e3-004455941625" executionId="04192f76-0969-4217-9e5d-915b75cdaaf6" testListId="8c84fa94-04c1-424b-9868-57a2d4851a1d" />
    <TestEntry testId="8068d011-df3c-233c-b34c-11f411245362" executionId="3f722a85-8d16-4829-a99f-409107df41c6" testListId="8c84fa94-04c1-424b-9868-57a2d4851a1d" />
    <TestEntry testId="3764e6d9-e325-3b1f-bcc6-b9654fde8c25" executionId="0c0de3ae-2d8b-4bdd-afee-12ec4b23c82b" testListId="8c84fa94-04c1-424b-9868-57a2d4851a1d" />
    <TestEntry testId="3dcfce6c-f0bc-2783-2af2-6450bc06a5dd" executionId="28965dbe-be49-4e83-bc58-62344009cc79" testListId="8c84fa94-04c1-424b-9868-57a2d4851a1d" />
    <TestEntry testId="a43eefff-7bca-2eb3-624c-11d26449da3c" executionId="5460f592-4ac2-4d89-af79-2bed941a4f1c" testListId="8c84fa94-04c1-424b-9868-57a2d4851a1d" />
    <TestEntry testId="0172c263-c69e-dcf3-9dbe-1f828258c794" executionId="d40b5d93-0a6d-48f1-acd0-8d4c47373e1d" testListId="8c84fa94-04c1-424b-9868-57a2d4851a1d" />
    <TestEntry testId="03288840-2dc2-19f0-e304-8d21e0b02fa5" executionId="8d6d6b2e-a406-4f01-94af-8c8b2a501113" testListId="8c84fa94-04c1-424b-9868-57a2d4851a1d" />
    <TestEntry testId="2647096c-aba4-e33a-a25e-5ea08cf9df11" executionId="92589627-5773-4e0d-91e2-4d1817ca4b67" testListId="8c84fa94-04c1-424b-9868-57a2d4851a1d" />
    <TestEntry testId="6c8cfcbe-26cc-3116-a1fe-812bcf45951d" executionId="0e4ecba2-23f0-48d5-b165-f9b94607c26a" testListId="8c84fa94-04c1-424b-9868-57a2d4851a1d" />
    <TestEntry testId="e78489c1-65df-995e-ceb9-0b1adee1e4b3" executionId="f7d07f91-1de3-4ab3-bf47-5ead55edbc17" testListId="8c84fa94-04c1-424b-9868-57a2d4851a1d" />
    <TestEntry testId="54420a81-3202-6712-9838-6c860d2f1fbf" executionId="18661012-294b-415d-8001-cfad976a03cd" testListId="8c84fa94-04c1-424b-9868-57a2d4851a1d" />
    <TestEntry testId="e0c4eaf9-0e39-3b3a-916a-b855f447e07f" executionId="b57299e0-5b28-4974-ab1d-900e9577baeb" testListId="8c84fa94-04c1-424b-9868-57a2d4851a1d" />
    <TestEntry testId="1b058b97-bb74-15a8-7317-ac184b91873a" executionId="673b70a4-54cb-4351-898c-8ff3c1b33ac9" testListId="8c84fa94-04c1-424b-9868-57a2d4851a1d" />
    <TestEntry testId="da4a5a12-d730-2d9f-9d0f-8fe4d275e6a4" executionId="563f35aa-62bd-4f21-b8b0-2c62fb4c761b" testListId="8c84fa94-04c1-424b-9868-57a2d4851a1d" />
    <TestEntry testId="1d29cc7a-a6eb-2b93-bb06-e7446d8ebc19" executionId="c90831ae-4870-4c59-9e07-e0cd223c9784" testListId="8c84fa94-04c1-424b-9868-57a2d4851a1d" />
    <TestEntry testId="f635cd27-80eb-0aa5-e577-37d722671965" executionId="e266555d-8a34-4619-b7dd-108de0275cb1" testListId="8c84fa94-04c1-424b-9868-57a2d4851a1d" />
    <TestEntry testId="7ddc7671-5ae7-bc55-7f8e-6733a585870b" executionId="c0851f21-626e-4af1-ada2-abc1f3c67157" testListId="8c84fa94-04c1-424b-9868-57a2d4851a1d" />
    <TestEntry testId="2e4dab93-7254-9a59-2cd6-e0afcb3c4c87" executionId="5aa99f36-78fb-46a8-bc78-7959bc87698a" testListId="8c84fa94-04c1-424b-9868-57a2d4851a1d" />
    <TestEntry testId="8d2e1712-dfb6-c94c-5234-073e0a7777da" executionId="565d9121-23a4-411c-9391-49c89276e118" testListId="8c84fa94-04c1-424b-9868-57a2d4851a1d" />
    <TestEntry testId="bf4683fe-e278-b0bb-2085-5598b3ec6125" executionId="71c04608-eaa5-4b60-93bb-0cd9c136330f" testListId="8c84fa94-04c1-424b-9868-57a2d4851a1d" />
    <TestEntry testId="206f3a64-6a93-c3b3-fdc1-fa2dbccfeeb8" executionId="46a147c3-3175-447c-ba95-3d23f85e2b3b" testListId="8c84fa94-04c1-424b-9868-57a2d4851a1d" />
    <TestEntry testId="108af05d-0ace-b0f1-f05e-289eb9e90a11" executionId="41d46ad6-fec8-412f-be14-0a75162cab6d" testListId="8c84fa94-04c1-424b-9868-57a2d4851a1d" />
    <TestEntry testId="01ddccd1-9039-984e-193d-ad028964b920" executionId="1c1ef45d-2d0f-4bae-8334-37ddef9b9f8c" testListId="8c84fa94-04c1-424b-9868-57a2d4851a1d" />
    <TestEntry testId="d046baf2-39e8-c10b-cdc6-2596bb06915f" executionId="0329404e-483d-4e27-a89a-7b3a32883ffb" testListId="8c84fa94-04c1-424b-9868-57a2d4851a1d" />
    <TestEntry testId="b728ccec-68da-e762-c01d-1e8efd419495" executionId="b2d5effb-92ad-4672-a5e9-b108cc3d38ad" testListId="8c84fa94-04c1-424b-9868-57a2d4851a1d" />
    <TestEntry testId="e59b8beb-b7f4-ead9-5274-849c5d85263f" executionId="8f7c8c05-8514-4597-a155-f44bab8f5b26" testListId="8c84fa94-04c1-424b-9868-57a2d4851a1d" />
    <TestEntry testId="65967649-297f-d191-e743-54e4eed8afed" executionId="a1fbc2db-93b5-44b7-bf03-3e84f9f6261b" testListId="8c84fa94-04c1-424b-9868-57a2d4851a1d" />
    <TestEntry testId="fa3791c7-e8ce-0409-854d-b45e4d8d32d4" executionId="e8ae62c3-0613-410a-a196-9dfd006254ea" testListId="8c84fa94-04c1-424b-9868-57a2d4851a1d" />
    <TestEntry testId="236f6ea0-c341-2b6d-0426-2ce658d7fd1f" executionId="6a60223a-506c-4ca3-9724-6ea99ac340c8" testListId="8c84fa94-04c1-424b-9868-57a2d4851a1d" />
    <TestEntry testId="fe597369-cabd-61b0-f134-60cdb315f2cf" executionId="2e375446-c079-4f06-a547-f0f66870d3d0" testListId="8c84fa94-04c1-424b-9868-57a2d4851a1d" />
    <TestEntry testId="48326302-fe25-5f4b-9321-53b6e1ad9c57" executionId="ea304eb7-1b95-4e09-86ba-ba1375e151bf" testListId="8c84fa94-04c1-424b-9868-57a2d4851a1d" />
    <TestEntry testId="61bfd5f1-b5bc-0f4f-5f35-33e2cf4d2d0d" executionId="58ba0175-effe-412a-9617-cb2bd25fdfb3" testListId="8c84fa94-04c1-424b-9868-57a2d4851a1d" />
    <TestEntry testId="31788cdd-ef93-4305-a120-cd0372756780" executionId="0fa19a9d-9412-4d30-adb8-3c17bf6ce839" testListId="8c84fa94-04c1-424b-9868-57a2d4851a1d" />
    <TestEntry testId="6629b8ce-27d6-55a9-c243-f84a8de15019" executionId="a745f6f2-62f1-49a8-9b6b-0232611b8942" testListId="8c84fa94-04c1-424b-9868-57a2d4851a1d" />
    <TestEntry testId="3a90c1f9-511f-7afe-67be-633a05042396" executionId="04c7d9e9-b183-4e51-8286-e3394f6ef183" testListId="8c84fa94-04c1-424b-9868-57a2d4851a1d" />
    <TestEntry testId="3d3e0d26-4670-fc08-72af-6dfc81c27261" executionId="00221f43-2bd0-4111-90ef-9bfc963a3cfd" testListId="8c84fa94-04c1-424b-9868-57a2d4851a1d" />
    <TestEntry testId="a9618e4b-8e89-0247-245e-8f9e815d108a" executionId="d190dec2-b8e8-4b0a-a839-e42f1f8445d4" testListId="8c84fa94-04c1-424b-9868-57a2d4851a1d" />
    <TestEntry testId="1aabf4d3-6a3b-e7e3-a00c-4631be2dce11" executionId="0ff23b1f-76e6-4bbe-9ec4-fca97ef35b60" testListId="8c84fa94-04c1-424b-9868-57a2d4851a1d" />
    <TestEntry testId="d3f8ffb4-3c74-a520-b24a-af65a869827e" executionId="e9657de8-5361-4987-a1c2-9a25b5203dea" testListId="8c84fa94-04c1-424b-9868-57a2d4851a1d" />
    <TestEntry testId="46a07f50-6978-3234-bae5-ff64b7e68828" executionId="dd8e285e-11d5-45f9-92ba-4a9a75948707" testListId="8c84fa94-04c1-424b-9868-57a2d4851a1d" />
    <TestEntry testId="84976c4c-c9c5-ba05-2748-38cc221e4942" executionId="5fbf9267-ae82-4401-9f15-ac14ded1884c" testListId="8c84fa94-04c1-424b-9868-57a2d4851a1d" />
    <TestEntry testId="e941f48d-972c-943c-bdc7-064f7abdfd74" executionId="6e11dd00-f557-4796-81fd-9796a75d1375" testListId="8c84fa94-04c1-424b-9868-57a2d4851a1d" />
    <TestEntry testId="6477e2fd-ede0-3fab-b4ce-ab42ee4d0d8c" executionId="7ce07973-06d0-4c94-b696-877d6da6fcff" testListId="8c84fa94-04c1-424b-9868-57a2d4851a1d" />
    <TestEntry testId="c132f42e-804b-aa0b-ad93-c5e62780ffdc" executionId="5734daf4-4213-49c8-b18c-2407704d3116" testListId="8c84fa94-04c1-424b-9868-57a2d4851a1d" />
    <TestEntry testId="588d7209-0e5e-1dba-9d60-1c62f9ee9525" executionId="7abd1086-cbdc-47de-a77b-b4f027a95816" testListId="8c84fa94-04c1-424b-9868-57a2d4851a1d" />
    <TestEntry testId="be792d97-2379-5475-8e91-0ba95f1d9d93" executionId="3181ec59-aaf0-470a-9c1a-54130542044b" testListId="8c84fa94-04c1-424b-9868-57a2d4851a1d" />
    <TestEntry testId="28c6eb94-3faf-a326-37d7-9fdaf583905e" executionId="0a340123-174e-4bc2-828e-3d8df0ee5313" testListId="8c84fa94-04c1-424b-9868-57a2d4851a1d" />
    <TestEntry testId="61a8392d-de8e-67f3-272a-ba4167e365e2" executionId="aae6d8f9-027f-475b-815f-d9e9401cc335" testListId="8c84fa94-04c1-424b-9868-57a2d4851a1d" />
    <TestEntry testId="318abee3-0f05-4b07-dbed-658afa72fc15" executionId="b6b4f0fe-069e-4991-909d-13741a929a2f" testListId="8c84fa94-04c1-424b-9868-57a2d4851a1d" />
    <TestEntry testId="e3d09884-7a26-19ec-fe45-6074947eec14" executionId="9653ecd1-f7d9-4a90-8faa-0204e30b019e" testListId="8c84fa94-04c1-424b-9868-57a2d4851a1d" />
    <TestEntry testId="b83cb5d3-0d47-5ad5-c091-4d6023c2db3e" executionId="ff40617e-4f30-4fbf-a551-03c44decbc87" testListId="8c84fa94-04c1-424b-9868-57a2d4851a1d" />
    <TestEntry testId="a2bb4e4d-3cee-b9a3-f2ed-7da929a12755" executionId="af929cbf-a0f7-49c5-afcd-fafc16b1985c" testListId="8c84fa94-04c1-424b-9868-57a2d4851a1d" />
    <TestEntry testId="5cf3b2ae-2d74-b3e5-ee80-ac4a8824c3e9" executionId="81f6e6c9-9502-4938-9b3f-ffa664e1cbd7" testListId="8c84fa94-04c1-424b-9868-57a2d4851a1d" />
    <TestEntry testId="b8a83e5a-3d24-dc69-17eb-8c6d482572a9" executionId="82f5b227-2bf8-41e4-b561-79341c2ed652" testListId="8c84fa94-04c1-424b-9868-57a2d4851a1d" />
    <TestEntry testId="400d8571-f743-9b7d-648b-c708fbcdc834" executionId="61e68f82-ef47-4ac2-b086-f28d6ff6cc29" testListId="8c84fa94-04c1-424b-9868-57a2d4851a1d" />
    <TestEntry testId="7f153cf2-7d5e-fc7a-430e-3b6e8a0a8239" executionId="e2220e51-3e9c-4429-90e3-5f9aa73088d5" testListId="8c84fa94-04c1-424b-9868-57a2d4851a1d" />
    <TestEntry testId="7a62f1b3-eb91-9bc3-1b8c-d061f654ac74" executionId="4a394d7d-c67f-4e8e-a894-131aaec1b0cf" testListId="8c84fa94-04c1-424b-9868-57a2d4851a1d" />
    <TestEntry testId="63d42fa5-765e-4aec-9526-955d51ebd827" executionId="4a6c80b8-729a-4a00-bb1e-6ddbbea2a73c" testListId="8c84fa94-04c1-424b-9868-57a2d4851a1d" />
    <TestEntry testId="d10eb253-65b4-67f8-cc29-cc67c0a2a3a5" executionId="4c6fbe9c-3308-4221-a8e3-6952bc680fb5" testListId="8c84fa94-04c1-424b-9868-57a2d4851a1d" />
    <TestEntry testId="487f3f64-c726-1b66-e678-37b0d8110466" executionId="9a21e21d-6d5d-4c22-bd61-b543b1acab8a" testListId="8c84fa94-04c1-424b-9868-57a2d4851a1d" />
    <TestEntry testId="9d28c087-ffe2-844f-634e-b82cc1ac0f16" executionId="1668e370-ca71-48b8-9a76-d51da599b02f" testListId="8c84fa94-04c1-424b-9868-57a2d4851a1d" />
    <TestEntry testId="afbc2e20-6580-8ac8-d57a-ae0945472a4b" executionId="b834c070-384e-4310-a297-c2e8fc60d686" testListId="8c84fa94-04c1-424b-9868-57a2d4851a1d" />
    <TestEntry testId="a20b4e16-e517-2d86-aaba-2af350130b01" executionId="78780440-da46-4e0c-8ed9-c303b70d9137" testListId="8c84fa94-04c1-424b-9868-57a2d4851a1d" />
    <TestEntry testId="4c6af3c0-d426-84fb-ecff-c92a0807b57d" executionId="0712467a-bdab-4803-bea3-633dc071d42e" testListId="8c84fa94-04c1-424b-9868-57a2d4851a1d" />
    <TestEntry testId="1beb8332-0583-82ba-7cae-dc534d3baa46" executionId="40c2203e-fb82-4611-8d4b-168ef460f961" testListId="8c84fa94-04c1-424b-9868-57a2d4851a1d" />
    <TestEntry testId="95abe8be-4dd1-1e7f-6580-bed2dbfaad65" executionId="94123e56-14c6-46c4-81b4-73a75433e9da" testListId="8c84fa94-04c1-424b-9868-57a2d4851a1d" />
    <TestEntry testId="d67cfc28-21b3-7273-e089-4f7e7d73d987" executionId="00025242-4ac5-4202-8a7a-68763844b120" testListId="8c84fa94-04c1-424b-9868-57a2d4851a1d" />
    <TestEntry testId="93698d26-1cb1-0d70-a79a-9e202541888d" executionId="b1b959a5-b3d4-4ba9-869b-a6f31172a27a" testListId="8c84fa94-04c1-424b-9868-57a2d4851a1d" />
    <TestEntry testId="1f6a76d9-e101-5abe-be6a-13a6863984ac" executionId="b1ae7ad7-33b6-400a-910a-7d70673dfb38" testListId="8c84fa94-04c1-424b-9868-57a2d4851a1d" />
    <TestEntry testId="72db4e34-b92e-92c6-4d35-448ba47eaa04" executionId="9b63b1cf-fed3-44b8-ad1d-43315e4821a9" testListId="8c84fa94-04c1-424b-9868-57a2d4851a1d" />
    <TestEntry testId="07dcff8b-3ed9-cd06-a5f2-3ccd387e7839" executionId="b2d8a976-c773-44a4-bf32-8eeb182782d1" testListId="8c84fa94-04c1-424b-9868-57a2d4851a1d" />
    <TestEntry testId="188102fc-408f-6135-5f5e-6a3ccde77ae6" executionId="eb6d40b3-0302-4c66-ada1-84293732ffe3" testListId="8c84fa94-04c1-424b-9868-57a2d4851a1d" />
    <TestEntry testId="409e1e3c-c230-1fdd-2348-0e5d7f2fb262" executionId="d8cb4da1-bef4-401f-985a-27facee5cf1d" testListId="8c84fa94-04c1-424b-9868-57a2d4851a1d" />
    <TestEntry testId="188b3af4-6927-b785-000e-964472ccc180" executionId="936594bc-9179-4703-be70-c8dd52827621" testListId="8c84fa94-04c1-424b-9868-57a2d4851a1d" />
    <TestEntry testId="426a4511-596c-578b-a773-b011c2a41a44" executionId="7f3f857a-5159-40bb-9442-b457c6d0420a" testListId="8c84fa94-04c1-424b-9868-57a2d4851a1d" />
    <TestEntry testId="7da8db57-0f5f-ee68-6304-3422a0dc193e" executionId="f083ba68-b0fc-473d-9374-9ed4ac593dd8" testListId="8c84fa94-04c1-424b-9868-57a2d4851a1d" />
    <TestEntry testId="537dc211-4666-e283-65c6-8c68a0413599" executionId="83b49e10-e579-4d5d-a5e2-20666bdf519c" testListId="8c84fa94-04c1-424b-9868-57a2d4851a1d" />
    <TestEntry testId="5a68d1b1-3764-a97e-103c-43aac4391a48" executionId="f8e9ee32-f75f-4a2f-8012-ade6254393ee" testListId="8c84fa94-04c1-424b-9868-57a2d4851a1d" />
    <TestEntry testId="8165c1f2-495b-6070-8ce9-c61046fb6cfb" executionId="a478f83c-2537-4a1d-9887-8f2afca37df0" testListId="8c84fa94-04c1-424b-9868-57a2d4851a1d" />
    <TestEntry testId="74e3ce0f-b9a2-fd45-f3ac-8d3c6e28e8a3" executionId="c493ebb4-1761-4161-9636-6842111e294e" testListId="8c84fa94-04c1-424b-9868-57a2d4851a1d" />
    <TestEntry testId="76c702ae-9d89-ae34-b428-263e172f3991" executionId="9015442b-3b1f-42cd-8dda-226957aa0970" testListId="8c84fa94-04c1-424b-9868-57a2d4851a1d" />
    <TestEntry testId="04b8bb7e-04c6-569d-25ae-bc0c65c87fc3" executionId="51cbdf75-aef1-4c57-93fb-1b015c73afc5" testListId="8c84fa94-04c1-424b-9868-57a2d4851a1d" />
    <TestEntry testId="3619a490-bc5c-47cd-b8da-2a1456ab51df" executionId="d84918ba-6431-4f11-b5f6-11c4c6b3ea35" testListId="8c84fa94-04c1-424b-9868-57a2d4851a1d" />
    <TestEntry testId="e9813bac-cb0e-d3de-07ea-36047224c476" executionId="c699288b-ba2d-4d85-9511-27f84265069b" testListId="8c84fa94-04c1-424b-9868-57a2d4851a1d" />
    <TestEntry testId="a2281630-c4d9-efd6-98b7-aaac7b7f16b5" executionId="aec9fe2f-951b-44b3-8cd3-abbd1ad09db9" testListId="8c84fa94-04c1-424b-9868-57a2d4851a1d" />
    <TestEntry testId="81e85450-30f9-5c57-97ba-db638300426f" executionId="9daa1b95-2431-4498-a4b7-e4f32e09e15a" testListId="8c84fa94-04c1-424b-9868-57a2d4851a1d" />
    <TestEntry testId="3891c50c-b169-753c-b248-449349b5dcdf" executionId="c3ca6686-ab25-48a0-9331-bfbf64a97df2" testListId="8c84fa94-04c1-424b-9868-57a2d4851a1d" />
    <TestEntry testId="6d6b476d-2813-a23d-0160-b86c2c063255" executionId="b77b1191-e9af-4277-9fac-4d285ce73ccf" testListId="8c84fa94-04c1-424b-9868-57a2d4851a1d" />
    <TestEntry testId="89b3b998-ca65-cc5b-c4f2-e398a8d0156e" executionId="6e9388a8-9adf-476b-9407-95b48f8f8dd4" testListId="8c84fa94-04c1-424b-9868-57a2d4851a1d" />
    <TestEntry testId="09eefae4-2e21-9a9a-fc2e-946957ab7499" executionId="a121f926-8832-4fda-ade4-933e8a77471b" testListId="8c84fa94-04c1-424b-9868-57a2d4851a1d" />
    <TestEntry testId="36de645f-765a-5414-1dcc-495e04385e02" executionId="a7ab9624-0a70-4ab8-bd12-c478288e8a67" testListId="8c84fa94-04c1-424b-9868-57a2d4851a1d" />
    <TestEntry testId="f37db6b3-18a1-6cb0-cb4d-13e7566b7656" executionId="27def6bd-72ef-4ecb-b7e2-3fa3d74916c9" testListId="8c84fa94-04c1-424b-9868-57a2d4851a1d" />
    <TestEntry testId="093e0c4f-0682-d7b7-cac6-0e8fca74ab58" executionId="b2121b86-ab34-4916-bcb9-2b4bd3e6b336" testListId="8c84fa94-04c1-424b-9868-57a2d4851a1d" />
    <TestEntry testId="4b09409c-fa19-3280-23bf-c4300e58fb5d" executionId="fedf6033-ac9f-484f-99b3-79021113f113" testListId="8c84fa94-04c1-424b-9868-57a2d4851a1d" />
    <TestEntry testId="61ea6a77-9667-d353-7a5b-60d539ec3955" executionId="e8bcf533-b6cf-4437-8583-b9df36744f56" testListId="8c84fa94-04c1-424b-9868-57a2d4851a1d" />
    <TestEntry testId="775c2266-178b-9fef-da49-3831e75c9048" executionId="8730887d-2eb7-444f-b4cd-674bd1cc54c8" testListId="8c84fa94-04c1-424b-9868-57a2d4851a1d" />
    <TestEntry testId="384ead11-9530-b5ea-1e17-ca8172d8c83f" executionId="0a1ede8d-0884-4791-9548-4a07ff1d35f2" testListId="8c84fa94-04c1-424b-9868-57a2d4851a1d" />
    <TestEntry testId="0bf3b0f7-e0cd-6212-e6b0-a59c4973159e" executionId="3f7e328b-428c-4c98-b9bd-95e3b9a54d83" testListId="8c84fa94-04c1-424b-9868-57a2d4851a1d" />
    <TestEntry testId="005b709b-e005-a42e-b032-10c404536796" executionId="f799a872-8f90-41e1-97a3-2a4600ff4a6f" testListId="8c84fa94-04c1-424b-9868-57a2d4851a1d" />
    <TestEntry testId="c83f10a6-255e-e28d-e955-642a81959698" executionId="a44d30f7-6c8e-4731-afd6-5fc4b978c19e" testListId="8c84fa94-04c1-424b-9868-57a2d4851a1d" />
    <TestEntry testId="2526b742-84f0-d7f0-6374-3e3420994daf" executionId="392aca67-a63a-4512-839b-747da4f849b9" testListId="8c84fa94-04c1-424b-9868-57a2d4851a1d" />
    <TestEntry testId="faa7f702-2a50-8393-bfa4-c89abc9cf201" executionId="287c7eb9-af1c-4a7b-8ac3-fe7e84e318d3" testListId="8c84fa94-04c1-424b-9868-57a2d4851a1d" />
    <TestEntry testId="35bb0a75-ea12-7e32-2f76-7bbe73a33fa3" executionId="bb159bb0-3926-4716-8bbc-ed218ac87437" testListId="8c84fa94-04c1-424b-9868-57a2d4851a1d" />
    <TestEntry testId="47746e27-9b5e-7a6a-7cd3-180498584776" executionId="bb418232-95c1-47bd-9305-7e03c783eb93" testListId="8c84fa94-04c1-424b-9868-57a2d4851a1d" />
    <TestEntry testId="dfe1a7e8-4b3f-2888-20f3-0b6975258c68" executionId="1dff5779-eb59-4ad6-906a-69bf5f224404" testListId="8c84fa94-04c1-424b-9868-57a2d4851a1d" />
    <TestEntry testId="48bd61b1-7485-014a-656b-6fcc1d93a6dc" executionId="4aa8f821-0bf1-4a0d-89c1-e56a29c88245" testListId="8c84fa94-04c1-424b-9868-57a2d4851a1d" />
    <TestEntry testId="f9a6f506-b66a-c128-3b7e-3c3a5651ca82" executionId="1675978c-731f-4990-9ea3-bf32e1d347ac" testListId="8c84fa94-04c1-424b-9868-57a2d4851a1d" />
    <TestEntry testId="825457ae-18a4-cfa6-3aba-a97828dc81f8" executionId="1eaab92c-49fc-4489-9b9a-1a6b35bec7ab" testListId="8c84fa94-04c1-424b-9868-57a2d4851a1d" />
    <TestEntry testId="d99987be-0832-3335-e237-6feaa4d6fa98" executionId="0d918a2a-4e99-4483-88e0-b3b066f2ae75" testListId="8c84fa94-04c1-424b-9868-57a2d4851a1d" />
    <TestEntry testId="041837e6-bf12-a9d6-af7c-ea1d177979b1" executionId="99173fc0-7b87-4f2c-9aa7-f91f113e4338" testListId="8c84fa94-04c1-424b-9868-57a2d4851a1d" />
    <TestEntry testId="2e0a531a-9fca-50ea-f742-d0c411ede313" executionId="c3b57a21-8e46-413a-be86-3e3bf7abc058" testListId="8c84fa94-04c1-424b-9868-57a2d4851a1d" />
  </TestEntries>
  <TestLists>
    <TestList name="Results Not in a List" id="8c84fa94-04c1-424b-9868-57a2d4851a1d" />
    <TestList name="All Loaded Results" id="19431567-8539-422a-85d7-44ee4e166bda" />
  </TestLists>
  <ResultSummary outcome="Completed">
    <Counters total="125" executed="125" passed="125" failed="0" error="0" timeout="0" aborted="0" inconclusive="0" passedButRunAborted="0" notRunnable="0" notExecuted="0" disconnected="0" warning="0" completed="0" inProgress="0" pending="0" />
  </ResultSummary>
</TestRun>