<?xml version="1.0" encoding="utf-8"?>
<TestRun id="fc403d28-98f5-4eee-a18d-8229e5b4c4ed" name="DKSR-EFI-04$@DKSR-EFI-04 2023-12-22 09:34:34" runUser="NT AUTHORITY\NETWORK SERVICE" xmlns="http://microsoft.com/schemas/VisualStudio/TeamTest/2010">
  <Times creation="2023-12-22T09:34:34.8503094+01:00" queuing="2023-12-22T09:34:34.8503094+01:00" start="2023-12-22T09:34:25.3971366+01:00" finish="2023-12-22T09:34:37.8347001+01:00" />
  <TestSettings name="default" id="7a632d2a-9d53-4b29-8329-06d978609522">
    <Deployment runDeploymentRoot="DKSR-EFI-04$_DKSR-EFI-04_2023-12-22_09_34_34" />
  </TestSettings>
  <Results>
    <UnitTestResult executionId="bea51237-6cf7-402a-a4fc-29b735a6db7f" testId="b6bfeaef-1f7f-483c-fcd7-1388ea90df11" testName="DeletePerformanceCounters_ShouldDeleteCounters_IfCategoryExists" computerName="DKSR-EFI-04" duration="00:00:00.0028080" startTime="2023-12-22T09:34:36.2253168+01:00" endTime="2023-12-22T09:34:36.2253168+01:00" testType="13cdc9d9-ddb5-4fa4-a97d-d965ccfc6d4b" outcome="Passed" testListId="8c84fa94-04c1-424b-9868-57a2d4851a1d" relativeResultsDirectory="bea51237-6cf7-402a-a4fc-29b735a6db7f" />
    <UnitTestResult executionId="425452f6-b9b9-4daa-8c4d-a79bd9c551f7" testId="dc1a8b41-d5f9-dc72-bf0a-5906418af4e6" testName="SetupPerformanceCounters_ShouldThrowArgumentNullException_IfSessionIsNull" computerName="DKSR-EFI-04" duration="00:00:00.1088985" startTime="2023-12-22T09:34:33.3503018+01:00" endTime="2023-12-22T09:34:33.9596792+01:00" testType="13cdc9d9-ddb5-4fa4-a97d-d965ccfc6d4b" outcome="Passed" testListId="8c84fa94-04c1-424b-9868-57a2d4851a1d" relativeResultsDirectory="425452f6-b9b9-4daa-8c4d-a79bd9c551f7" />
    <UnitTestResult executionId="4a1fb4af-ab35-48f5-8d2a-44139c283974" testId="1ad9beab-64b4-03d2-5e5b-e1823db2515c" testName="DeletePerformanceCounters_ShouldReturnSuccess_IfCategoryDoesNotExist" computerName="DKSR-EFI-04" duration="00:00:00.0017321" startTime="2023-12-22T09:34:36.2253168+01:00" endTime="2023-12-22T09:34:36.2253168+01:00" testType="13cdc9d9-ddb5-4fa4-a97d-d965ccfc6d4b" outcome="Passed" testListId="8c84fa94-04c1-424b-9868-57a2d4851a1d" relativeResultsDirectory="4a1fb4af-ab35-48f5-8d2a-44139c283974" />
    <UnitTestResult executionId="cf314c69-33a4-477e-8832-a4ddbe89a84e" testId="bfac2b17-ae98-9506-641a-d1714f5c16dc" testName="DeletePerformanceCounters_ShouldReturnFailure_IfDeletionFails" computerName="DKSR-EFI-04" duration="00:00:00.8061445" startTime="2023-12-22T09:34:36.2409418+01:00" endTime="2023-12-22T09:34:37.0534466+01:00" testType="13cdc9d9-ddb5-4fa4-a97d-d965ccfc6d4b" outcome="Passed" testListId="8c84fa94-04c1-424b-9868-57a2d4851a1d" relativeResultsDirectory="cf314c69-33a4-477e-8832-a4ddbe89a84e" />
    <UnitTestResult executionId="4d38c5e6-dd54-4908-ba41-ec0d90f5e71c" testId="9444a3d0-2bca-958e-8350-6b0b6b57ca5f" testName="SetupPerformanceCounters_ShouldReturnFailure_IfCategoryAlreadyExists" computerName="DKSR-EFI-04" duration="00:00:00.2077055" startTime="2023-12-22T09:34:36.0065642+01:00" endTime="2023-12-22T09:34:36.2253168+01:00" testType="13cdc9d9-ddb5-4fa4-a97d-d965ccfc6d4b" outcome="Passed" testListId="8c84fa94-04c1-424b-9868-57a2d4851a1d" relativeResultsDirectory="4d38c5e6-dd54-4908-ba41-ec0d90f5e71c" />
    <UnitTestResult executionId="e759670a-e6cb-4d2c-8463-6d7dad26eebe" testId="43a8f5c3-988b-1020-639b-670734ef49f6" testName="SetupPerformanceCounters_ShouldCreateCounters" computerName="DKSR-EFI-04" duration="00:00:01.9846303" startTime="2023-12-22T09:34:34.0221782+01:00" endTime="2023-12-22T09:34:36.0065642+01:00" testType="13cdc9d9-ddb5-4fa4-a97d-d965ccfc6d4b" outcome="Passed" testListId="8c84fa94-04c1-424b-9868-57a2d4851a1d" relativeResultsDirectory="e759670a-e6cb-4d2c-8463-6d7dad26eebe" />
  </Results>
  <TestDefinitions>
    <UnitTest name="DeletePerformanceCounters_ShouldReturnSuccess_IfCategoryDoesNotExist" storage="d:\actions-runner\_work\xpco\xpco\eventserver\server\installer\videoos.eventserver.customactions.tests\bin\x64\debug\videoos.eventserver.customactions.tests.dll" id="1ad9beab-64b4-03d2-5e5b-e1823db2515c">
      <Execution id="4a1fb4af-ab35-48f5-8d2a-44139c283974" />
      <TestMethod codeBase="D:\actions-runner\_work\XPCO\XPCO\EventServer\Server\Installer\VideoOS.EventServer.CustomActions.Tests\bin\x64\Debug\VideoOS.EventServer.CustomActions.Tests.dll" adapterTypeName="executor://mstestadapter/v2" className="VideoOS.EventServer.CustomActions.Tests.PerformanceCountersCustomActionsTests" name="DeletePerformanceCounters_ShouldReturnSuccess_IfCategoryDoesNotExist" />
    </UnitTest>
    <UnitTest name="SetupPerformanceCounters_ShouldCreateCounters" storage="d:\actions-runner\_work\xpco\xpco\eventserver\server\installer\videoos.eventserver.customactions.tests\bin\x64\debug\videoos.eventserver.customactions.tests.dll" id="43a8f5c3-988b-1020-639b-670734ef49f6">
      <Execution id="e759670a-e6cb-4d2c-8463-6d7dad26eebe" />
      <TestMethod codeBase="D:\actions-runner\_work\XPCO\XPCO\EventServer\Server\Installer\VideoOS.EventServer.CustomActions.Tests\bin\x64\Debug\VideoOS.EventServer.CustomActions.Tests.dll" adapterTypeName="executor://mstestadapter/v2" className="VideoOS.EventServer.CustomActions.Tests.PerformanceCountersCustomActionsTests" name="SetupPerformanceCounters_ShouldCreateCounters" />
    </UnitTest>
    <UnitTest name="DeletePerformanceCounters_ShouldReturnFailure_IfDeletionFails" storage="d:\actions-runner\_work\xpco\xpco\eventserver\server\installer\videoos.eventserver.customactions.tests\bin\x64\debug\videoos.eventserver.customactions.tests.dll" id="bfac2b17-ae98-9506-641a-d1714f5c16dc">
      <Execution id="cf314c69-33a4-477e-8832-a4ddbe89a84e" />
      <TestMethod codeBase="D:\actions-runner\_work\XPCO\XPCO\EventServer\Server\Installer\VideoOS.EventServer.CustomActions.Tests\bin\x64\Debug\VideoOS.EventServer.CustomActions.Tests.dll" adapterTypeName="executor://mstestadapter/v2" className="VideoOS.EventServer.CustomActions.Tests.PerformanceCountersCustomActionsTests" name="DeletePerformanceCounters_ShouldReturnFailure_IfDeletionFails" />
    </UnitTest>
    <UnitTest name="SetupPerformanceCounters_ShouldThrowArgumentNullException_IfSessionIsNull" storage="d:\actions-runner\_work\xpco\xpco\eventserver\server\installer\videoos.eventserver.customactions.tests\bin\x64\debug\videoos.eventserver.customactions.tests.dll" id="dc1a8b41-d5f9-dc72-bf0a-5906418af4e6">
      <Execution id="425452f6-b9b9-4daa-8c4d-a79bd9c551f7" />
      <TestMethod codeBase="D:\actions-runner\_work\XPCO\XPCO\EventServer\Server\Installer\VideoOS.EventServer.CustomActions.Tests\bin\x64\Debug\VideoOS.EventServer.CustomActions.Tests.dll" adapterTypeName="executor://mstestadapter/v2" className="VideoOS.EventServer.CustomActions.Tests.PerformanceCountersCustomActionsTests" name="SetupPerformanceCounters_ShouldThrowArgumentNullException_IfSessionIsNull" />
    </UnitTest>
    <UnitTest name="DeletePerformanceCounters_ShouldDeleteCounters_IfCategoryExists" storage="d:\actions-runner\_work\xpco\xpco\eventserver\server\installer\videoos.eventserver.customactions.tests\bin\x64\debug\videoos.eventserver.customactions.tests.dll" id="b6bfeaef-1f7f-483c-fcd7-1388ea90df11">
      <Execution id="bea51237-6cf7-402a-a4fc-29b735a6db7f" />
      <TestMethod codeBase="D:\actions-runner\_work\XPCO\XPCO\EventServer\Server\Installer\VideoOS.EventServer.CustomActions.Tests\bin\x64\Debug\VideoOS.EventServer.CustomActions.Tests.dll" adapterTypeName="executor://mstestadapter/v2" className="VideoOS.EventServer.CustomActions.Tests.PerformanceCountersCustomActionsTests" name="DeletePerformanceCounters_ShouldDeleteCounters_IfCategoryExists" />
    </UnitTest>
    <UnitTest name="SetupPerformanceCounters_ShouldReturnFailure_IfCategoryAlreadyExists" storage="d:\actions-runner\_work\xpco\xpco\eventserver\server\installer\videoos.eventserver.customactions.tests\bin\x64\debug\videoos.eventserver.customactions.tests.dll" id="9444a3d0-2bca-958e-8350-6b0b6b57ca5f">
      <Execution id="4d38c5e6-dd54-4908-ba41-ec0d90f5e71c" />
      <TestMethod codeBase="D:\actions-runner\_work\XPCO\XPCO\EventServer\Server\Installer\VideoOS.EventServer.CustomActions.Tests\bin\x64\Debug\VideoOS.EventServer.CustomActions.Tests.dll" adapterTypeName="executor://mstestadapter/v2" className="VideoOS.EventServer.CustomActions.Tests.PerformanceCountersCustomActionsTests" name="SetupPerformanceCounters_ShouldReturnFailure_IfCategoryAlreadyExists" />
    </UnitTest>
  </TestDefinitions>
  <TestEntries>
    <TestEntry testId="b6bfeaef-1f7f-483c-fcd7-1388ea90df11" executionId="bea51237-6cf7-402a-a4fc-29b735a6db7f" testListId="8c84fa94-04c1-424b-9868-57a2d4851a1d" />
    <TestEntry testId="dc1a8b41-d5f9-dc72-bf0a-5906418af4e6" executionId="425452f6-b9b9-4daa-8c4d-a79bd9c551f7" testListId="8c84fa94-04c1-424b-9868-57a2d4851a1d" />
    <TestEntry testId="1ad9beab-64b4-03d2-5e5b-e1823db2515c" executionId="4a1fb4af-ab35-48f5-8d2a-44139c283974" testListId="8c84fa94-04c1-424b-9868-57a2d4851a1d" />
    <TestEntry testId="bfac2b17-ae98-9506-641a-d1714f5c16dc" executionId="cf314c69-33a4-477e-8832-a4ddbe89a84e" testListId="8c84fa94-04c1-424b-9868-57a2d4851a1d" />
    <TestEntry testId="9444a3d0-2bca-958e-8350-6b0b6b57ca5f" executionId="4d38c5e6-dd54-4908-ba41-ec0d90f5e71c" testListId="8c84fa94-04c1-424b-9868-57a2d4851a1d" />
    <TestEntry testId="43a8f5c3-988b-1020-639b-670734ef49f6" executionId="e759670a-e6cb-4d2c-8463-6d7dad26eebe" testListId="8c84fa94-04c1-424b-9868-57a2d4851a1d" />
  </TestEntries>
  <TestLists>
    <TestList name="Results Not in a List" id="8c84fa94-04c1-424b-9868-57a2d4851a1d" />
    <TestList name="All Loaded Results" id="19431567-8539-422a-85d7-44ee4e166bda" />
  </TestLists>
  <ResultSummary outcome="Completed">
    <Counters total="6" executed="6" passed="6" failed="0" error="0" timeout="0" aborted="0" inconclusive="0" passedButRunAborted="0" notRunnable="0" notExecuted="0" disconnected="0" warning="0" completed="0" inProgress="0" pending="0" />
  </ResultSummary>
</TestRun>