<?xml version="1.0" encoding="utf-8"?>
<TestRun id="6f6ca0fc-54bf-4dbb-b458-442059f6496f" name="DKSR-EFI-04$@DKSR-EFI-04 2023-12-22 09:32:07" runUser="NT AUTHORITY\NETWORK SERVICE" xmlns="http://microsoft.com/schemas/VisualStudio/TeamTest/2010">
  <Times creation="2023-12-22T09:32:07.5839769+01:00" queuing="2023-12-22T09:32:07.5839769+01:00" start="2023-12-22T09:32:04.0214625+01:00" finish="2023-12-22T09:32:10.8808669+01:00" />
  <TestSettings name="default" id="92b5751f-b6ec-43e1-82b8-0d075f16e9af">
    <Deployment runDeploymentRoot="DKSR-EFI-04$_DKSR-EFI-04_2023-12-22_09_32_07" />
  </TestSettings>
  <Results>
    <UnitTestResult executionId="a8cc5f39-e8b4-42a5-9197-486d751b99b6" testId="e36d9440-fca2-d961-3647-dc2b29acc53c" testName="WhenTimerExpiresItShouldRemoveAllExpiredBlurEffects" computerName="DKSR-EFI-04" duration="00:00:00.0247353" startTime="2023-12-22T09:32:09.7871121+01:00" endTime="2023-12-22T09:32:09.8183618+01:00" testType="13cdc9d9-ddb5-4fa4-a97d-d965ccfc6d4b" outcome="Passed" testListId="8c84fa94-04c1-424b-9868-57a2d4851a1d" relativeResultsDirectory="a8cc5f39-e8b4-42a5-9197-486d751b99b6" />
    <UnitTestResult executionId="3e493aa6-bc6f-4fb8-b464-6b0cfbc90eff" testId="cc912447-b797-cb55-b4f1-7ce0f3ff20ac" testName="WhenClosedItShouldNotTrackWithTelemetryWhenSliderValueNotWasChanged" computerName="DKSR-EFI-04" duration="00:00:00.0021032" startTime="2023-12-22T09:32:09.7558604+01:00" endTime="2023-12-22T09:32:09.7558604+01:00" testType="13cdc9d9-ddb5-4fa4-a97d-d965ccfc6d4b" outcome="Passed" testListId="8c84fa94-04c1-424b-9868-57a2d4851a1d" relativeResultsDirectory="3e493aa6-bc6f-4fb8-b464-6b0cfbc90eff" />
    <UnitTestResult executionId="5d4a90a6-6d61-4e83-a24a-1807bc1bbdad" testId="830a50e4-ae24-8d08-f6a3-37fabb20d114" testName="WhenClosedItShouldTrackWithTelemetryWhenBlurWasDisabledWithSlider" computerName="DKSR-EFI-04" duration="00:00:00.0031562" startTime="2023-12-22T09:32:09.7402358+01:00" endTime="2023-12-22T09:32:09.7558604+01:00" testType="13cdc9d9-ddb5-4fa4-a97d-d965ccfc6d4b" outcome="Passed" testListId="8c84fa94-04c1-424b-9868-57a2d4851a1d" relativeResultsDirectory="5d4a90a6-6d61-4e83-a24a-1807bc1bbdad" />
    <UnitTestResult executionId="124202f6-5f51-4494-b227-b9e2081b5e40" testId="68bb5735-5a6c-b489-6f57-c9c92edd9fae" testName="WhenCreatedItShouldNotApplyBlurWhenItsActive" computerName="DKSR-EFI-04" duration="00:00:00.0010045" startTime="2023-12-22T09:32:09.7402358+01:00" endTime="2023-12-22T09:32:09.7402358+01:00" testType="13cdc9d9-ddb5-4fa4-a97d-d965ccfc6d4b" outcome="Passed" testListId="8c84fa94-04c1-424b-9868-57a2d4851a1d" relativeResultsDirectory="124202f6-5f51-4494-b227-b9e2081b5e40" />
    <UnitTestResult executionId="93fcf505-56d0-433c-8fe9-4fc753a683f1" testId="28ff9af0-0a93-44b6-1f55-0fce40536920" testName="WhenBlurEffectIsRemovedItShouldBeRemovedFromTheView" computerName="DKSR-EFI-04" duration="00:00:00.0072840" startTime="2023-12-22T09:32:09.6621102+01:00" endTime="2023-12-22T09:32:09.6621102+01:00" testType="13cdc9d9-ddb5-4fa4-a97d-d965ccfc6d4b" outcome="Passed" testListId="8c84fa94-04c1-424b-9868-57a2d4851a1d" relativeResultsDirectory="93fcf505-56d0-433c-8fe9-4fc753a683f1" />
    <UnitTestResult executionId="d06d38e1-e237-4d08-ba2c-41a2eaa51518" testId="2a673ba4-c35e-b9e2-666b-1aa6a2a9dd82" testName="WhenASecondEffectWithACloserExpireTimeIsCreatedTimerShouldBeUpdated" computerName="DKSR-EFI-04" duration="00:00:00.0082472" startTime="2023-12-22T09:32:09.7714854+01:00" endTime="2023-12-22T09:32:09.7871121+01:00" testType="13cdc9d9-ddb5-4fa4-a97d-d965ccfc6d4b" outcome="Passed" testListId="8c84fa94-04c1-424b-9868-57a2d4851a1d" relativeResultsDirectory="d06d38e1-e237-4d08-ba2c-41a2eaa51518" />
    <UnitTestResult executionId="f2119cb0-b4b2-4019-90ed-2e57b6214cb7" testId="8a4ebd19-de99-7a20-a8f0-055eace17471" testName="WhenBlurEffectIsUpdatedItShouldBeUpdatedInView" computerName="DKSR-EFI-04" duration="00:00:00.0027178" startTime="2023-12-22T09:32:09.6621102+01:00" endTime="2023-12-22T09:32:09.6777356+01:00" testType="13cdc9d9-ddb5-4fa4-a97d-d965ccfc6d4b" outcome="Passed" testListId="8c84fa94-04c1-424b-9868-57a2d4851a1d" relativeResultsDirectory="f2119cb0-b4b2-4019-90ed-2e57b6214cb7" />
    <UnitTestResult executionId="2e28069f-f8f2-4c1d-93e8-81d6423d1aac" testId="ae8e578b-6759-0cf8-ca87-32a327ee39c1" testName="WhenBlurLevelIsUpdatedItShouldOnlyAffectViewsWithSameDevice" computerName="DKSR-EFI-04" duration="00:00:00.0070694" startTime="2023-12-22T09:32:10.6621160+01:00" endTime="2023-12-22T09:32:10.6777410+01:00" testType="13cdc9d9-ddb5-4fa4-a97d-d965ccfc6d4b" outcome="Passed" testListId="8c84fa94-04c1-424b-9868-57a2d4851a1d" relativeResultsDirectory="2e28069f-f8f2-4c1d-93e8-81d6423d1aac" />
    <UnitTestResult executionId="90fb4adb-1442-4b44-9822-83ef88760542" testId="d0bb76c3-3045-5eb4-a62e-f6ff25c26c9c" testName="WhenCreatedTheInitialBlurLevelItShouldNotTrackWithTelemetryWhenBlurWasActive" computerName="DKSR-EFI-04" duration="00:00:00.0017070" startTime="2023-12-22T09:32:09.7402358+01:00" endTime="2023-12-22T09:32:09.7402358+01:00" testType="13cdc9d9-ddb5-4fa4-a97d-d965ccfc6d4b" outcome="Passed" testListId="8c84fa94-04c1-424b-9868-57a2d4851a1d" relativeResultsDirectory="90fb4adb-1442-4b44-9822-83ef88760542" />
    <UnitTestResult executionId="dc4e8d34-cf44-4838-9f8d-cb29f7db81fe" testId="35e707b5-6d1e-08ff-f674-c511cc243b44" testName="WhenGetTimeoutCalledItShouldGetBlurringConfigurationTimeout" computerName="DKSR-EFI-04" duration="00:00:00.0438465" startTime="2023-12-22T09:32:10.4746148+01:00" endTime="2023-12-22T09:32:10.5214915+01:00" testType="13cdc9d9-ddb5-4fa4-a97d-d965ccfc6d4b" outcome="Passed" testListId="8c84fa94-04c1-424b-9868-57a2d4851a1d" relativeResultsDirectory="dc4e8d34-cf44-4838-9f8d-cb29f7db81fe" />
    <UnitTestResult executionId="dc4a7217-338d-4c7e-aff9-aee6c38a5ce3" testId="52fa5057-5385-8b0d-5337-fdf5867786f3" testName="WhenTheLicenseIsNotAllowedItShouldBeDisabled (True,False)" computerName="DKSR-EFI-04" duration="00:00:00.0180831" startTime="2023-12-22T09:32:10.4589929+01:00" endTime="2023-12-22T09:32:10.4746148+01:00" testType="13cdc9d9-ddb5-4fa4-a97d-d965ccfc6d4b" outcome="Passed" testListId="8c84fa94-04c1-424b-9868-57a2d4851a1d" relativeResultsDirectory="dc4a7217-338d-4c7e-aff9-aee6c38a5ce3" />
    <UnitTestResult executionId="162cbd99-1a37-4105-a346-6f6cf6da022e" testId="287140c5-63c0-9902-5fcd-798e2d72c927" testName="WhenADeviceIsNotBlurredItShouldNotBlurTheViewOnStart" computerName="DKSR-EFI-04" duration="00:00:00.8977237" startTime="2023-12-22T09:32:06.7089726+01:00" endTime="2023-12-22T09:32:07.6152265+01:00" testType="13cdc9d9-ddb5-4fa4-a97d-d965ccfc6d4b" outcome="Passed" testListId="8c84fa94-04c1-424b-9868-57a2d4851a1d" relativeResultsDirectory="162cbd99-1a37-4105-a346-6f6cf6da022e" />
    <UnitTestResult executionId="4410e8f3-6d84-4a91-9c2c-69f52f76c49d" testId="08b5b2a7-5441-2591-542f-b6dffadf7f88" testName="WhenImageViewerHasAnEffectIsBlurredShouldReturnTrue" computerName="DKSR-EFI-04" duration="00:00:00.0007076" startTime="2023-12-22T09:32:09.6777356+01:00" endTime="2023-12-22T09:32:09.6777356+01:00" testType="13cdc9d9-ddb5-4fa4-a97d-d965ccfc6d4b" outcome="Passed" testListId="8c84fa94-04c1-424b-9868-57a2d4851a1d" relativeResultsDirectory="4410e8f3-6d84-4a91-9c2c-69f52f76c49d" />
    <UnitTestResult executionId="35935671-aac5-4bf1-bc7e-00b4291e9f56" testId="ea9f94bb-169b-73d4-99b1-7e51b1491e36" testName="WhenPluginIsInitializedItShouldOnlyAcceptLiveWorkspace" computerName="DKSR-EFI-04" duration="00:00:00.5000583" startTime="2023-12-22T09:32:09.8183618+01:00" endTime="2023-12-22T09:32:10.3183647+01:00" testType="13cdc9d9-ddb5-4fa4-a97d-d965ccfc6d4b" outcome="Passed" testListId="8c84fa94-04c1-424b-9868-57a2d4851a1d" relativeResultsDirectory="35935671-aac5-4bf1-bc7e-00b4291e9f56" />
    <UnitTestResult executionId="2305a841-637c-4b1f-967c-67d2a422d9e7" testId="fb80f4c4-3bb9-8ac5-cd67-57b676085fd0" testName="WhenASecondEffectWithALongerExpireTimeIsCreatedTimerShouldNotBeUpdated" computerName="DKSR-EFI-04" duration="00:00:00.0036924" startTime="2023-12-22T09:32:09.7871121+01:00" endTime="2023-12-22T09:32:09.7871121+01:00" testType="13cdc9d9-ddb5-4fa4-a97d-d965ccfc6d4b" outcome="Passed" testListId="8c84fa94-04c1-424b-9868-57a2d4851a1d" relativeResultsDirectory="2305a841-637c-4b1f-967c-67d2a422d9e7" />
    <UnitTestResult executionId="0bc166f2-ba02-452f-a02c-1da2d1976e44" testId="bb0b79c2-9ca2-2150-2087-1584e54447bf" testName="WhenApplyFullBlurringCommandIsCalledItShouldTrackWithTelemetry" computerName="DKSR-EFI-04" duration="00:00:00.0022127" startTime="2023-12-22T09:32:09.7558604+01:00" endTime="2023-12-22T09:32:09.7558604+01:00" testType="13cdc9d9-ddb5-4fa4-a97d-d965ccfc6d4b" outcome="Passed" testListId="8c84fa94-04c1-424b-9868-57a2d4851a1d" relativeResultsDirectory="0bc166f2-ba02-452f-a02c-1da2d1976e44" />
    <UnitTestResult executionId="14e6ec66-a05b-49c6-bd92-c8734a6eeb95" testId="974d3faa-f406-e310-4c73-6011fe20c351" testName="WhenImageViewerIsClosedItShouldCallViewsHandlerRemove" computerName="DKSR-EFI-04" duration="00:00:00.0038783" startTime="2023-12-22T09:32:09.6777356+01:00" endTime="2023-12-22T09:32:09.6777356+01:00" testType="13cdc9d9-ddb5-4fa4-a97d-d965ccfc6d4b" outcome="Passed" testListId="8c84fa94-04c1-424b-9868-57a2d4851a1d" relativeResultsDirectory="14e6ec66-a05b-49c6-bd92-c8734a6eeb95" />
    <UnitTestResult executionId="336e138c-07a8-40e9-a5b9-99b70ea87730" testId="950a7f38-3e29-3fc1-db44-65f1b82ba0f1" testName="WhenAnEffectIsUpdatedItShouldNotify" computerName="DKSR-EFI-04" duration="00:00:00.0011668" startTime="2023-12-22T09:32:06.6837721+01:00" endTime="2023-12-22T09:32:06.6837721+01:00" testType="13cdc9d9-ddb5-4fa4-a97d-d965ccfc6d4b" outcome="Passed" testListId="8c84fa94-04c1-424b-9868-57a2d4851a1d" relativeResultsDirectory="336e138c-07a8-40e9-a5b9-99b70ea87730" />
    <UnitTestResult executionId="d19e3e93-208f-43c2-8291-e6774d234b4c" testId="1b8d4c35-70cf-c5cf-e867-dee2e3d28af8" testName="WhenTheLicenseIsNotAllowedItShouldBeDisabled (True,True)" computerName="DKSR-EFI-04" duration="00:00:00.0019710" startTime="2023-12-22T09:32:10.4746148+01:00" endTime="2023-12-22T09:32:10.4746148+01:00" testType="13cdc9d9-ddb5-4fa4-a97d-d965ccfc6d4b" outcome="Passed" testListId="8c84fa94-04c1-424b-9868-57a2d4851a1d" relativeResultsDirectory="d19e3e93-208f-43c2-8291-e6774d234b4c" />
    <UnitTestResult executionId="4019c36b-eeec-4570-b8da-5ce4ff2c501b" testId="9076b149-a280-3e23-ebd1-51a00e6bbcd2" testName="WhenDisableBlurringCommandIsCalledItShouldTrackWithTelemetry" computerName="DKSR-EFI-04" duration="00:00:00.0021426" startTime="2023-12-22T09:32:09.7558604+01:00" endTime="2023-12-22T09:32:09.7558604+01:00" testType="13cdc9d9-ddb5-4fa4-a97d-d965ccfc6d4b" outcome="Passed" testListId="8c84fa94-04c1-424b-9868-57a2d4851a1d" relativeResultsDirectory="4019c36b-eeec-4570-b8da-5ce4ff2c501b" />
    <UnitTestResult executionId="6abc296d-51a1-49e7-92e0-3c1fd6352f36" testId="5147826e-46c3-9e6b-5c62-0e0a342a2ae5" testName="WhenADeviceIsNotBlurredItShouldRemoveTheBlurIfItsAppliedWhenLiveIsStarted" computerName="DKSR-EFI-04" duration="00:00:00.1488034" startTime="2023-12-22T09:32:07.6152265+01:00" endTime="2023-12-22T09:32:07.7714767+01:00" testType="13cdc9d9-ddb5-4fa4-a97d-d965ccfc6d4b" outcome="Passed" testListId="8c84fa94-04c1-424b-9868-57a2d4851a1d" relativeResultsDirectory="6abc296d-51a1-49e7-92e0-3c1fd6352f36" />
    <UnitTestResult executionId="f631683d-d2ae-42d4-af71-01a7bbc1458a" testId="b95147e1-eaea-8d96-47ec-88105c934831" testName="WhenDisableBlurringIsCalledItShouldDisableBlur" computerName="DKSR-EFI-04" duration="00:00:00.0015728" startTime="2023-12-22T09:32:09.7402358+01:00" endTime="2023-12-22T09:32:09.7402358+01:00" testType="13cdc9d9-ddb5-4fa4-a97d-d965ccfc6d4b" outcome="Passed" testListId="8c84fa94-04c1-424b-9868-57a2d4851a1d" relativeResultsDirectory="f631683d-d2ae-42d4-af71-01a7bbc1458a" />
    <UnitTestResult executionId="c8792506-f1ea-4120-a23b-51274f347356" testId="3533e88a-6895-c974-edb9-506cfcb0d75e" testName="WhenAnEffectIsCreatedItShouldNotify" computerName="DKSR-EFI-04" duration="00:00:00.0025068" startTime="2023-12-22T09:32:06.6620962+01:00" endTime="2023-12-22T09:32:06.6620962+01:00" testType="13cdc9d9-ddb5-4fa4-a97d-d965ccfc6d4b" outcome="Passed" testListId="8c84fa94-04c1-424b-9868-57a2d4851a1d" relativeResultsDirectory="c8792506-f1ea-4120-a23b-51274f347356" />
    <UnitTestResult executionId="a662c2ba-e6aa-4c0a-83a8-d58536b1f444" testId="6dc38cba-69d2-3cc3-86d8-d8d1f53c5600" testName="WhenAnEffectIsCreatedItShouldCallTimerStart" computerName="DKSR-EFI-04" duration="00:00:00.0198815" startTime="2023-12-22T09:32:09.7558604+01:00" endTime="2023-12-22T09:32:09.7714854+01:00" testType="13cdc9d9-ddb5-4fa4-a97d-d965ccfc6d4b" outcome="Passed" testListId="8c84fa94-04c1-424b-9868-57a2d4851a1d" relativeResultsDirectory="a662c2ba-e6aa-4c0a-83a8-d58536b1f444" />
    <UnitTestResult executionId="a29dc46f-591b-419e-a204-b711d0739690" testId="9d4dd40a-c83e-8e20-643e-1bbe47d682c6" testName="WhenCreatedTheInitialBlurLevelItShouldTrackWithTelemetryWhenBlurWasNotActive" computerName="DKSR-EFI-04" duration="00:00:00.0025255" startTime="2023-12-22T09:32:09.7402358+01:00" endTime="2023-12-22T09:32:09.7402358+01:00" testType="13cdc9d9-ddb5-4fa4-a97d-d965ccfc6d4b" outcome="Passed" testListId="8c84fa94-04c1-424b-9868-57a2d4851a1d" relativeResultsDirectory="a29dc46f-591b-419e-a204-b711d0739690" />
    <UnitTestResult executionId="e5e73f39-b8d5-4111-8fb8-c273765df9a7" testId="848e6a7a-c5d6-327f-cc03-bb664a17e135" testName="WhenAnEffectIsRemovedItShouldNotify" computerName="DKSR-EFI-04" duration="00:00:00.0013963" startTime="2023-12-22T09:32:06.6837721+01:00" endTime="2023-12-22T09:32:06.6837721+01:00" testType="13cdc9d9-ddb5-4fa4-a97d-d965ccfc6d4b" outcome="Passed" testListId="8c84fa94-04c1-424b-9868-57a2d4851a1d" relativeResultsDirectory="e5e73f39-b8d5-4111-8fb8-c273765df9a7" />
    <UnitTestResult executionId="889ad1e3-4888-45ef-9dc3-09cfeaf91d45" testId="90d97778-5141-8a25-e707-c8afb239ea89" testName="WhenApplyFullBlurringCommandIsCalledItShouldSetFullBlur" computerName="DKSR-EFI-04" duration="00:00:00.0496291" startTime="2023-12-22T09:32:09.6777356+01:00" endTime="2023-12-22T09:32:09.7402358+01:00" testType="13cdc9d9-ddb5-4fa4-a97d-d965ccfc6d4b" outcome="Passed" testListId="8c84fa94-04c1-424b-9868-57a2d4851a1d" relativeResultsDirectory="889ad1e3-4888-45ef-9dc3-09cfeaf91d45" />
    <UnitTestResult executionId="b0058045-9cf5-40bc-bc57-2e88a48d9588" testId="c3b5e344-c22c-b448-fd67-18bf950315aa" testName="WhenImageViewerIsAddedItShouldApplyBlurOnlyForSupportedTypes" computerName="DKSR-EFI-04" duration="00:00:00.1374486" startTime="2023-12-22T09:32:10.5371153+01:00" endTime="2023-12-22T09:32:10.6621160+01:00" testType="13cdc9d9-ddb5-4fa4-a97d-d965ccfc6d4b" outcome="Passed" testListId="8c84fa94-04c1-424b-9868-57a2d4851a1d" relativeResultsDirectory="b0058045-9cf5-40bc-bc57-2e88a48d9588" />
    <UnitTestResult executionId="f1b836a0-32f7-40e0-a7f2-c3d649ef377d" testId="7659d00f-ff35-b2cf-bf40-b4729809d7da" testName="WhenAnEffectIsUpdatedItShouldUpdateTheStoredObject" computerName="DKSR-EFI-04" duration="00:00:00.0012134" startTime="2023-12-22T09:32:06.6837721+01:00" endTime="2023-12-22T09:32:06.6837721+01:00" testType="13cdc9d9-ddb5-4fa4-a97d-d965ccfc6d4b" outcome="Passed" testListId="8c84fa94-04c1-424b-9868-57a2d4851a1d" relativeResultsDirectory="f1b836a0-32f7-40e0-a7f2-c3d649ef377d" />
    <UnitTestResult executionId="cbe35bed-e857-4b8a-a715-70e1e69cfa35" testId="2439f9da-aeb7-ff76-bbc4-ef2f40245e21" testName="WhenAnEffectIsCreatedItShouldCallSendBlurringCreatedEvent" computerName="DKSR-EFI-04" duration="00:00:00.0242361" startTime="2023-12-22T09:32:06.6837721+01:00" endTime="2023-12-22T09:32:06.7089726+01:00" testType="13cdc9d9-ddb5-4fa4-a97d-d965ccfc6d4b" outcome="Passed" testListId="8c84fa94-04c1-424b-9868-57a2d4851a1d" relativeResultsDirectory="cbe35bed-e857-4b8a-a715-70e1e69cfa35" />
    <UnitTestResult executionId="73fe48ed-a2eb-4b51-8f3f-e517cbbb8d6a" testId="e025f1f9-30bd-9108-e4fc-b392ec191c92" testName="WhenAnEffectIsRemovedItShouldBeRemovedFromList" computerName="DKSR-EFI-04" duration="00:00:00.0015779" startTime="2023-12-22T09:32:06.6620962+01:00" endTime="2023-12-22T09:32:06.6837721+01:00" testType="13cdc9d9-ddb5-4fa4-a97d-d965ccfc6d4b" outcome="Passed" testListId="8c84fa94-04c1-424b-9868-57a2d4851a1d" relativeResultsDirectory="73fe48ed-a2eb-4b51-8f3f-e517cbbb8d6a" />
    <UnitTestResult executionId="2d7df164-b0e6-48b8-9204-29a7db5ec6e5" testId="5b3e34f2-b3e5-42b7-0ac5-3a66955e2864" testName="WhenCreatedItShouldApplyBlurWhenItsNotActive" computerName="DKSR-EFI-04" duration="00:00:00.0009710" startTime="2023-12-22T09:32:09.7402358+01:00" endTime="2023-12-22T09:32:09.7402358+01:00" testType="13cdc9d9-ddb5-4fa4-a97d-d965ccfc6d4b" outcome="Passed" testListId="8c84fa94-04c1-424b-9868-57a2d4851a1d" relativeResultsDirectory="2d7df164-b0e6-48b8-9204-29a7db5ec6e5" />
    <UnitTestResult executionId="6816d758-804f-4546-bdff-eb2bae5284d6" testId="f4ce8719-7b66-95d8-0c05-c4435db06c3f" testName="WhenLiveIsResumedItShouldApplyTheEffect" computerName="DKSR-EFI-04" duration="00:00:00.0048034" startTime="2023-12-22T09:32:09.6777356+01:00" endTime="2023-12-22T09:32:09.6777356+01:00" testType="13cdc9d9-ddb5-4fa4-a97d-d965ccfc6d4b" outcome="Passed" testListId="8c84fa94-04c1-424b-9868-57a2d4851a1d" relativeResultsDirectory="6816d758-804f-4546-bdff-eb2bae5284d6" />
    <UnitTestResult executionId="644c7a71-cf99-4e00-aaf9-91af6dfd50e3" testId="15060ffd-2550-e7b5-159b-11127974200a" testName="WhenADeviceIsBlurredItShouldNotBlurTheViewOnStartIfItsNotInLive" computerName="DKSR-EFI-04" duration="00:00:00.0118695" startTime="2023-12-22T09:32:07.6152265+01:00" endTime="2023-12-22T09:32:07.6152265+01:00" testType="13cdc9d9-ddb5-4fa4-a97d-d965ccfc6d4b" outcome="Passed" testListId="8c84fa94-04c1-424b-9868-57a2d4851a1d" relativeResultsDirectory="644c7a71-cf99-4e00-aaf9-91af6dfd50e3" />
    <UnitTestResult executionId="4197d674-ca5f-4193-b5e9-adbc675e8f6e" testId="e24eaf52-5046-b7d6-f19c-7187b37cf5c7" testName="WhenAnEffectIsRemovedItShouldCallSendBlurringRemovedEvent" computerName="DKSR-EFI-04" duration="00:00:00.0034943" startTime="2023-12-22T09:32:06.7089726+01:00" endTime="2023-12-22T09:32:06.7089726+01:00" testType="13cdc9d9-ddb5-4fa4-a97d-d965ccfc6d4b" outcome="Passed" testListId="8c84fa94-04c1-424b-9868-57a2d4851a1d" relativeResultsDirectory="4197d674-ca5f-4193-b5e9-adbc675e8f6e" />
    <UnitTestResult executionId="c05060dd-f8f8-45d2-a824-0759c203e0d9" testId="da0e6e05-504c-323d-8dd6-5f699d1b792a" testName="WhenGetTimeoutCalledWithNullConfigurationItShouldReturnDefaultTimeout" computerName="DKSR-EFI-04" duration="00:00:00.0089568" startTime="2023-12-22T09:32:10.5214915+01:00" endTime="2023-12-22T09:32:10.5371153+01:00" testType="13cdc9d9-ddb5-4fa4-a97d-d965ccfc6d4b" outcome="Passed" testListId="8c84fa94-04c1-424b-9868-57a2d4851a1d" relativeResultsDirectory="c05060dd-f8f8-45d2-a824-0759c203e0d9" />
    <UnitTestResult executionId="35ea3c8d-6897-478d-9b04-78743ddedee8" testId="05284f51-2d64-307d-5c54-e2b2676bfde1" testName="WhenTheLicenseIsNotAllowedItShouldBeDisabled (False,True)" computerName="DKSR-EFI-04" duration="00:00:00.0016751" startTime="2023-12-22T09:32:10.4589929+01:00" endTime="2023-12-22T09:32:10.4589929+01:00" testType="13cdc9d9-ddb5-4fa4-a97d-d965ccfc6d4b" outcome="Passed" testListId="8c84fa94-04c1-424b-9868-57a2d4851a1d" relativeResultsDirectory="35ea3c8d-6897-478d-9b04-78743ddedee8" />
    <UnitTestResult executionId="21c7767d-9e17-4e7e-a297-f97e5ace5190" testId="1f008342-1288-fc74-ba21-7305c634648c" testName="WhenPluginIsClosedWithoutInitializationItShouldNotCrash" computerName="DKSR-EFI-04" duration="00:00:00.0152749" startTime="2023-12-22T09:32:10.6777410+01:00" endTime="2023-12-22T09:32:10.6933665+01:00" testType="13cdc9d9-ddb5-4fa4-a97d-d965ccfc6d4b" outcome="Passed" testListId="8c84fa94-04c1-424b-9868-57a2d4851a1d" relativeResultsDirectory="21c7767d-9e17-4e7e-a297-f97e5ace5190" />
    <UnitTestResult executionId="232a4534-4362-4af2-a0a8-0cee25512dc9" testId="9879617b-b69f-2646-89ff-ec6950c7eaf7" testName="WhenTheLicenseIsNotAllowedItShouldBeDisabled (False,False)" computerName="DKSR-EFI-04" duration="00:00:00.0761933" startTime="2023-12-22T09:32:10.3183647+01:00" endTime="2023-12-22T09:32:10.4589929+01:00" testType="13cdc9d9-ddb5-4fa4-a97d-d965ccfc6d4b" outcome="Passed" testListId="8c84fa94-04c1-424b-9868-57a2d4851a1d" relativeResultsDirectory="232a4534-4362-4af2-a0a8-0cee25512dc9" />
    <UnitTestResult executionId="243cba01-ca5d-4bf0-8f6e-876ec5018103" testId="230d486f-8396-a421-5191-be64ef1ba247" testName="WhenBlurEffectIsAppliedItShouldBeAppliedToTheView" computerName="DKSR-EFI-04" duration="00:00:01.8908851" startTime="2023-12-22T09:32:07.7714767+01:00" endTime="2023-12-22T09:32:09.6621102+01:00" testType="13cdc9d9-ddb5-4fa4-a97d-d965ccfc6d4b" outcome="Passed" testListId="8c84fa94-04c1-424b-9868-57a2d4851a1d" relativeResultsDirectory="243cba01-ca5d-4bf0-8f6e-876ec5018103" />
    <UnitTestResult executionId="0b6666fd-1d70-43af-bf79-80b4f0a106a6" testId="07b8a5bc-2d64-f515-3ac4-abd71daed6d3" testName="WhenPluginIsInitializedItShouldOnlyAcceptCameras" computerName="DKSR-EFI-04" duration="00:00:00.0008132" startTime="2023-12-22T09:32:10.3183647+01:00" endTime="2023-12-22T09:32:10.3183647+01:00" testType="13cdc9d9-ddb5-4fa4-a97d-d965ccfc6d4b" outcome="Passed" testListId="8c84fa94-04c1-424b-9868-57a2d4851a1d" relativeResultsDirectory="0b6666fd-1d70-43af-bf79-80b4f0a106a6" />
    <UnitTestResult executionId="10feecc3-80a4-468b-b9ea-23ff101a845c" testId="fe6ec20e-e40b-dc74-8bde-d49e2c7c2a05" testName="WhenLiveIsStoppedItShouldPauseTheEffect" computerName="DKSR-EFI-04" duration="00:00:00.0032388" startTime="2023-12-22T09:32:09.6777356+01:00" endTime="2023-12-22T09:32:09.6777356+01:00" testType="13cdc9d9-ddb5-4fa4-a97d-d965ccfc6d4b" outcome="Passed" testListId="8c84fa94-04c1-424b-9868-57a2d4851a1d" relativeResultsDirectory="10feecc3-80a4-468b-b9ea-23ff101a845c" />
    <UnitTestResult executionId="1a7c6347-f524-49bf-b2ca-3dc220bbf7a9" testId="e2520e6e-e79f-59e7-d218-8b27cdc452c8" testName="WhenClosedItShouldTrackWithTelemetryWhenSliderValueWasChanged" computerName="DKSR-EFI-04" duration="00:00:00.0040865" startTime="2023-12-22T09:32:09.7402358+01:00" endTime="2023-12-22T09:32:09.7402358+01:00" testType="13cdc9d9-ddb5-4fa4-a97d-d965ccfc6d4b" outcome="Passed" testListId="8c84fa94-04c1-424b-9868-57a2d4851a1d" relativeResultsDirectory="1a7c6347-f524-49bf-b2ca-3dc220bbf7a9" />
    <UnitTestResult executionId="9c89e124-7ac1-4f27-835f-642dbf62da87" testId="84b4f8a2-0602-5c69-df61-3accbf092f08" testName="WhenPluginIsInitializedItShouldOnlyAcceptNormalWorkspace" computerName="DKSR-EFI-04" duration="00:00:00.0045171" startTime="2023-12-22T09:32:10.3183647+01:00" endTime="2023-12-22T09:32:10.3183647+01:00" testType="13cdc9d9-ddb5-4fa4-a97d-d965ccfc6d4b" outcome="Passed" testListId="8c84fa94-04c1-424b-9868-57a2d4851a1d" relativeResultsDirectory="9c89e124-7ac1-4f27-835f-642dbf62da87" />
    <UnitTestResult executionId="1ffa9fe0-0dae-4991-b9ae-c59d71ad9b80" testId="330e507d-df16-ffce-d4bb-435c4c1424a2" testName="WhenAnEffectIsCreatedItShouldBeStored" computerName="DKSR-EFI-04" duration="00:00:00.4350589" startTime="2023-12-22T09:32:06.0683440+01:00" endTime="2023-12-22T09:32:06.6464718+01:00" testType="13cdc9d9-ddb5-4fa4-a97d-d965ccfc6d4b" outcome="Passed" testListId="8c84fa94-04c1-424b-9868-57a2d4851a1d" relativeResultsDirectory="1ffa9fe0-0dae-4991-b9ae-c59d71ad9b80" />
  </Results>
  <TestDefinitions>
    <UnitTest name="WhenAnEffectIsUpdatedItShouldUpdateTheStoredObject" storage="d:\actions-runner\_work\xpco\xpco\addons\plugins\blurring\tst\videoos.plugins.blurring.sc.unittests\bin\x64\debug\net472\videoos.plugins.blurring.sc.unittests.dll" id="7659d00f-ff35-b2cf-bf40-b4729809d7da">
      <Execution id="f1b836a0-32f7-40e0-a7f2-c3d649ef377d" />
      <TestMethod codeBase="D:\actions-runner\_work\XPCO\XPCO\AddOns\Plugins\Blurring\tst\VideoOS.Plugins.Blurring.SC.UnitTests\bin\x64\Debug\net472\VideoOS.Plugins.Blurring.SC.UnitTests.dll" adapterTypeName="executor://mstestadapter/v2" className="VideoOS.Plugins.Blurring.SC.Test.BlurEffectRepositoryTests" name="WhenAnEffectIsUpdatedItShouldUpdateTheStoredObject" />
    </UnitTest>
    <UnitTest name="WhenAnEffectIsCreatedItShouldNotify" storage="d:\actions-runner\_work\xpco\xpco\addons\plugins\blurring\tst\videoos.plugins.blurring.sc.unittests\bin\x64\debug\net472\videoos.plugins.blurring.sc.unittests.dll" id="3533e88a-6895-c974-edb9-506cfcb0d75e">
      <Execution id="c8792506-f1ea-4120-a23b-51274f347356" />
      <TestMethod codeBase="D:\actions-runner\_work\XPCO\XPCO\AddOns\Plugins\Blurring\tst\VideoOS.Plugins.Blurring.SC.UnitTests\bin\x64\Debug\net472\VideoOS.Plugins.Blurring.SC.UnitTests.dll" adapterTypeName="executor://mstestadapter/v2" className="VideoOS.Plugins.Blurring.SC.Test.BlurEffectRepositoryTests" name="WhenAnEffectIsCreatedItShouldNotify" />
    </UnitTest>
    <UnitTest name="WhenAnEffectIsUpdatedItShouldNotify" storage="d:\actions-runner\_work\xpco\xpco\addons\plugins\blurring\tst\videoos.plugins.blurring.sc.unittests\bin\x64\debug\net472\videoos.plugins.blurring.sc.unittests.dll" id="950a7f38-3e29-3fc1-db44-65f1b82ba0f1">
      <Execution id="336e138c-07a8-40e9-a5b9-99b70ea87730" />
      <TestMethod codeBase="D:\actions-runner\_work\XPCO\XPCO\AddOns\Plugins\Blurring\tst\VideoOS.Plugins.Blurring.SC.UnitTests\bin\x64\Debug\net472\VideoOS.Plugins.Blurring.SC.UnitTests.dll" adapterTypeName="executor://mstestadapter/v2" className="VideoOS.Plugins.Blurring.SC.Test.BlurEffectRepositoryTests" name="WhenAnEffectIsUpdatedItShouldNotify" />
    </UnitTest>
    <UnitTest name="WhenPluginIsInitializedItShouldOnlyAcceptCameras" storage="d:\actions-runner\_work\xpco\xpco\addons\plugins\blurring\tst\videoos.plugins.blurring.sc.unittests\bin\x64\debug\net472\videoos.plugins.blurring.sc.unittests.dll" id="07b8a5bc-2d64-f515-3ac4-abd71daed6d3">
      <Execution id="0b6666fd-1d70-43af-bf79-80b4f0a106a6" />
      <TestMethod codeBase="D:\actions-runner\_work\XPCO\XPCO\AddOns\Plugins\Blurring\tst\VideoOS.Plugins.Blurring.SC.UnitTests\bin\x64\Debug\net472\VideoOS.Plugins.Blurring.SC.UnitTests.dll" adapterTypeName="executor://mstestadapter/v2" className="VideoOS.Plugins.Blurring.SC.Test.ToolBarBlurringPluginTest" name="WhenPluginIsInitializedItShouldOnlyAcceptCameras" />
    </UnitTest>
    <UnitTest name="WhenLiveIsResumedItShouldApplyTheEffect" storage="d:\actions-runner\_work\xpco\xpco\addons\plugins\blurring\tst\videoos.plugins.blurring.sc.unittests\bin\x64\debug\net472\videoos.plugins.blurring.sc.unittests.dll" id="f4ce8719-7b66-95d8-0c05-c4435db06c3f">
      <Execution id="6816d758-804f-4546-bdff-eb2bae5284d6" />
      <TestMethod codeBase="D:\actions-runner\_work\XPCO\XPCO\AddOns\Plugins\Blurring\tst\VideoOS.Plugins.Blurring.SC.UnitTests\bin\x64\Debug\net472\VideoOS.Plugins.Blurring.SC.UnitTests.dll" adapterTypeName="executor://mstestadapter/v2" className="VideoOS.Plugins.Blurring.SC.Test.BlurreableViewTests" name="WhenLiveIsResumedItShouldApplyTheEffect" />
    </UnitTest>
    <UnitTest name="WhenAnEffectIsRemovedItShouldCallSendBlurringRemovedEvent" storage="d:\actions-runner\_work\xpco\xpco\addons\plugins\blurring\tst\videoos.plugins.blurring.sc.unittests\bin\x64\debug\net472\videoos.plugins.blurring.sc.unittests.dll" id="e24eaf52-5046-b7d6-f19c-7187b37cf5c7">
      <Execution id="4197d674-ca5f-4193-b5e9-adbc675e8f6e" />
      <TestMethod codeBase="D:\actions-runner\_work\XPCO\XPCO\AddOns\Plugins\Blurring\tst\VideoOS.Plugins.Blurring.SC.UnitTests\bin\x64\Debug\net472\VideoOS.Plugins.Blurring.SC.UnitTests.dll" adapterTypeName="executor://mstestadapter/v2" className="VideoOS.Plugins.Blurring.SC.Test.BlurEffectRepositoryTests" name="WhenAnEffectIsRemovedItShouldCallSendBlurringRemovedEvent" />
    </UnitTest>
    <UnitTest name="WhenAnEffectIsCreatedItShouldBeStored" storage="d:\actions-runner\_work\xpco\xpco\addons\plugins\blurring\tst\videoos.plugins.blurring.sc.unittests\bin\x64\debug\net472\videoos.plugins.blurring.sc.unittests.dll" id="330e507d-df16-ffce-d4bb-435c4c1424a2">
      <Execution id="1ffa9fe0-0dae-4991-b9ae-c59d71ad9b80" />
      <TestMethod codeBase="D:\actions-runner\_work\XPCO\XPCO\AddOns\Plugins\Blurring\tst\VideoOS.Plugins.Blurring.SC.UnitTests\bin\x64\Debug\net472\VideoOS.Plugins.Blurring.SC.UnitTests.dll" adapterTypeName="executor://mstestadapter/v2" className="VideoOS.Plugins.Blurring.SC.Test.BlurEffectRepositoryTests" name="WhenAnEffectIsCreatedItShouldBeStored" />
    </UnitTest>
    <UnitTest name="WhenClosedItShouldNotTrackWithTelemetryWhenSliderValueNotWasChanged" storage="d:\actions-runner\_work\xpco\xpco\addons\plugins\blurring\tst\videoos.plugins.blurring.sc.unittests\bin\x64\debug\net472\videoos.plugins.blurring.sc.unittests.dll" id="cc912447-b797-cb55-b4f1-7ce0f3ff20ac">
      <Execution id="3e493aa6-bc6f-4fb8-b464-6b0cfbc90eff" />
      <TestMethod codeBase="D:\actions-runner\_work\XPCO\XPCO\AddOns\Plugins\Blurring\tst\VideoOS.Plugins.Blurring.SC.UnitTests\bin\x64\Debug\net472\VideoOS.Plugins.Blurring.SC.UnitTests.dll" adapterTypeName="executor://mstestadapter/v2" className="VideoOS.Plugins.Blurring.SC.Test.BlurringViewModelTests" name="WhenClosedItShouldNotTrackWithTelemetryWhenSliderValueNotWasChanged" />
    </UnitTest>
    <UnitTest name="WhenTheLicenseIsNotAllowedItShouldBeDisabled (True,False)" storage="d:\actions-runner\_work\xpco\xpco\addons\plugins\blurring\tst\videoos.plugins.blurring.sc.unittests\bin\x64\debug\net472\videoos.plugins.blurring.sc.unittests.dll" id="52fa5057-5385-8b0d-5337-fdf5867786f3">
      <Execution id="dc4a7217-338d-4c7e-aff9-aee6c38a5ce3" />
      <TestMethod codeBase="D:\actions-runner\_work\XPCO\XPCO\AddOns\Plugins\Blurring\tst\VideoOS.Plugins.Blurring.SC.UnitTests\bin\x64\Debug\net472\VideoOS.Plugins.Blurring.SC.UnitTests.dll" adapterTypeName="executor://mstestadapter/v2" className="VideoOS.Plugins.Blurring.SC.Test.ToolBarBlurringPluginTest" name="WhenTheLicenseIsNotAllowedItShouldBeDisabled" />
    </UnitTest>
    <UnitTest name="WhenAnEffectIsRemovedItShouldBeRemovedFromList" storage="d:\actions-runner\_work\xpco\xpco\addons\plugins\blurring\tst\videoos.plugins.blurring.sc.unittests\bin\x64\debug\net472\videoos.plugins.blurring.sc.unittests.dll" id="e025f1f9-30bd-9108-e4fc-b392ec191c92">
      <Execution id="73fe48ed-a2eb-4b51-8f3f-e517cbbb8d6a" />
      <TestMethod codeBase="D:\actions-runner\_work\XPCO\XPCO\AddOns\Plugins\Blurring\tst\VideoOS.Plugins.Blurring.SC.UnitTests\bin\x64\Debug\net472\VideoOS.Plugins.Blurring.SC.UnitTests.dll" adapterTypeName="executor://mstestadapter/v2" className="VideoOS.Plugins.Blurring.SC.Test.BlurEffectRepositoryTests" name="WhenAnEffectIsRemovedItShouldBeRemovedFromList" />
    </UnitTest>
    <UnitTest name="WhenImageViewerHasAnEffectIsBlurredShouldReturnTrue" storage="d:\actions-runner\_work\xpco\xpco\addons\plugins\blurring\tst\videoos.plugins.blurring.sc.unittests\bin\x64\debug\net472\videoos.plugins.blurring.sc.unittests.dll" id="08b5b2a7-5441-2591-542f-b6dffadf7f88">
      <Execution id="4410e8f3-6d84-4a91-9c2c-69f52f76c49d" />
      <TestMethod codeBase="D:\actions-runner\_work\XPCO\XPCO\AddOns\Plugins\Blurring\tst\VideoOS.Plugins.Blurring.SC.UnitTests\bin\x64\Debug\net472\VideoOS.Plugins.Blurring.SC.UnitTests.dll" adapterTypeName="executor://mstestadapter/v2" className="VideoOS.Plugins.Blurring.SC.Test.BlurreableViewTests" name="WhenImageViewerHasAnEffectIsBlurredShouldReturnTrue" />
    </UnitTest>
    <UnitTest name="WhenADeviceIsNotBlurredItShouldNotBlurTheViewOnStart" storage="d:\actions-runner\_work\xpco\xpco\addons\plugins\blurring\tst\videoos.plugins.blurring.sc.unittests\bin\x64\debug\net472\videoos.plugins.blurring.sc.unittests.dll" id="287140c5-63c0-9902-5fcd-798e2d72c927">
      <Execution id="162cbd99-1a37-4105-a346-6f6cf6da022e" />
      <TestMethod codeBase="D:\actions-runner\_work\XPCO\XPCO\AddOns\Plugins\Blurring\tst\VideoOS.Plugins.Blurring.SC.UnitTests\bin\x64\Debug\net472\VideoOS.Plugins.Blurring.SC.UnitTests.dll" adapterTypeName="executor://mstestadapter/v2" className="VideoOS.Plugins.Blurring.SC.Test.BlurreableViewTests" name="WhenADeviceIsNotBlurredItShouldNotBlurTheViewOnStart" />
    </UnitTest>
    <UnitTest name="WhenBlurEffectIsRemovedItShouldBeRemovedFromTheView" storage="d:\actions-runner\_work\xpco\xpco\addons\plugins\blurring\tst\videoos.plugins.blurring.sc.unittests\bin\x64\debug\net472\videoos.plugins.blurring.sc.unittests.dll" id="28ff9af0-0a93-44b6-1f55-0fce40536920">
      <Execution id="93fcf505-56d0-433c-8fe9-4fc753a683f1" />
      <TestMethod codeBase="D:\actions-runner\_work\XPCO\XPCO\AddOns\Plugins\Blurring\tst\VideoOS.Plugins.Blurring.SC.UnitTests\bin\x64\Debug\net472\VideoOS.Plugins.Blurring.SC.UnitTests.dll" adapterTypeName="executor://mstestadapter/v2" className="VideoOS.Plugins.Blurring.SC.Test.BlurreableViewTests" name="WhenBlurEffectIsRemovedItShouldBeRemovedFromTheView" />
    </UnitTest>
    <UnitTest name="WhenImageViewerIsAddedItShouldApplyBlurOnlyForSupportedTypes" storage="d:\actions-runner\_work\xpco\xpco\addons\plugins\blurring\tst\videoos.plugins.blurring.sc.unittests\bin\x64\debug\net472\videoos.plugins.blurring.sc.unittests.dll" id="c3b5e344-c22c-b448-fd67-18bf950315aa">
      <Execution id="b0058045-9cf5-40bc-bc57-2e88a48d9588" />
      <TestMethod codeBase="D:\actions-runner\_work\XPCO\XPCO\AddOns\Plugins\Blurring\tst\VideoOS.Plugins.Blurring.SC.UnitTests\bin\x64\Debug\net472\VideoOS.Plugins.Blurring.SC.UnitTests.dll" adapterTypeName="executor://mstestadapter/v2" className="VideoOS.Plugins.Blurring.SC.UnitTests.BlurreableViewsHandlerTests" name="WhenImageViewerIsAddedItShouldApplyBlurOnlyForSupportedTypes" />
    </UnitTest>
    <UnitTest name="WhenDisableBlurringIsCalledItShouldDisableBlur" storage="d:\actions-runner\_work\xpco\xpco\addons\plugins\blurring\tst\videoos.plugins.blurring.sc.unittests\bin\x64\debug\net472\videoos.plugins.blurring.sc.unittests.dll" id="b95147e1-eaea-8d96-47ec-88105c934831">
      <Execution id="f631683d-d2ae-42d4-af71-01a7bbc1458a" />
      <TestMethod codeBase="D:\actions-runner\_work\XPCO\XPCO\AddOns\Plugins\Blurring\tst\VideoOS.Plugins.Blurring.SC.UnitTests\bin\x64\Debug\net472\VideoOS.Plugins.Blurring.SC.UnitTests.dll" adapterTypeName="executor://mstestadapter/v2" className="VideoOS.Plugins.Blurring.SC.Test.BlurringViewModelTests" name="WhenDisableBlurringIsCalledItShouldDisableBlur" />
    </UnitTest>
    <UnitTest name="WhenTheLicenseIsNotAllowedItShouldBeDisabled (False,True)" storage="d:\actions-runner\_work\xpco\xpco\addons\plugins\blurring\tst\videoos.plugins.blurring.sc.unittests\bin\x64\debug\net472\videoos.plugins.blurring.sc.unittests.dll" id="05284f51-2d64-307d-5c54-e2b2676bfde1">
      <Execution id="35ea3c8d-6897-478d-9b04-78743ddedee8" />
      <TestMethod codeBase="D:\actions-runner\_work\XPCO\XPCO\AddOns\Plugins\Blurring\tst\VideoOS.Plugins.Blurring.SC.UnitTests\bin\x64\Debug\net472\VideoOS.Plugins.Blurring.SC.UnitTests.dll" adapterTypeName="executor://mstestadapter/v2" className="VideoOS.Plugins.Blurring.SC.Test.ToolBarBlurringPluginTest" name="WhenTheLicenseIsNotAllowedItShouldBeDisabled" />
    </UnitTest>
    <UnitTest name="WhenPluginIsInitializedItShouldOnlyAcceptNormalWorkspace" storage="d:\actions-runner\_work\xpco\xpco\addons\plugins\blurring\tst\videoos.plugins.blurring.sc.unittests\bin\x64\debug\net472\videoos.plugins.blurring.sc.unittests.dll" id="84b4f8a2-0602-5c69-df61-3accbf092f08">
      <Execution id="9c89e124-7ac1-4f27-835f-642dbf62da87" />
      <TestMethod codeBase="D:\actions-runner\_work\XPCO\XPCO\AddOns\Plugins\Blurring\tst\VideoOS.Plugins.Blurring.SC.UnitTests\bin\x64\Debug\net472\VideoOS.Plugins.Blurring.SC.UnitTests.dll" adapterTypeName="executor://mstestadapter/v2" className="VideoOS.Plugins.Blurring.SC.Test.ToolBarBlurringPluginTest" name="WhenPluginIsInitializedItShouldOnlyAcceptNormalWorkspace" />
    </UnitTest>
    <UnitTest name="WhenLiveIsStoppedItShouldPauseTheEffect" storage="d:\actions-runner\_work\xpco\xpco\addons\plugins\blurring\tst\videoos.plugins.blurring.sc.unittests\bin\x64\debug\net472\videoos.plugins.blurring.sc.unittests.dll" id="fe6ec20e-e40b-dc74-8bde-d49e2c7c2a05">
      <Execution id="10feecc3-80a4-468b-b9ea-23ff101a845c" />
      <TestMethod codeBase="D:\actions-runner\_work\XPCO\XPCO\AddOns\Plugins\Blurring\tst\VideoOS.Plugins.Blurring.SC.UnitTests\bin\x64\Debug\net472\VideoOS.Plugins.Blurring.SC.UnitTests.dll" adapterTypeName="executor://mstestadapter/v2" className="VideoOS.Plugins.Blurring.SC.Test.BlurreableViewTests" name="WhenLiveIsStoppedItShouldPauseTheEffect" />
    </UnitTest>
    <UnitTest name="WhenAnEffectIsRemovedItShouldNotify" storage="d:\actions-runner\_work\xpco\xpco\addons\plugins\blurring\tst\videoos.plugins.blurring.sc.unittests\bin\x64\debug\net472\videoos.plugins.blurring.sc.unittests.dll" id="848e6a7a-c5d6-327f-cc03-bb664a17e135">
      <Execution id="e5e73f39-b8d5-4111-8fb8-c273765df9a7" />
      <TestMethod codeBase="D:\actions-runner\_work\XPCO\XPCO\AddOns\Plugins\Blurring\tst\VideoOS.Plugins.Blurring.SC.UnitTests\bin\x64\Debug\net472\VideoOS.Plugins.Blurring.SC.UnitTests.dll" adapterTypeName="executor://mstestadapter/v2" className="VideoOS.Plugins.Blurring.SC.Test.BlurEffectRepositoryTests" name="WhenAnEffectIsRemovedItShouldNotify" />
    </UnitTest>
    <UnitTest name="WhenCreatedTheInitialBlurLevelItShouldTrackWithTelemetryWhenBlurWasNotActive" storage="d:\actions-runner\_work\xpco\xpco\addons\plugins\blurring\tst\videoos.plugins.blurring.sc.unittests\bin\x64\debug\net472\videoos.plugins.blurring.sc.unittests.dll" id="9d4dd40a-c83e-8e20-643e-1bbe47d682c6">
      <Execution id="a29dc46f-591b-419e-a204-b711d0739690" />
      <TestMethod codeBase="D:\actions-runner\_work\XPCO\XPCO\AddOns\Plugins\Blurring\tst\VideoOS.Plugins.Blurring.SC.UnitTests\bin\x64\Debug\net472\VideoOS.Plugins.Blurring.SC.UnitTests.dll" adapterTypeName="executor://mstestadapter/v2" className="VideoOS.Plugins.Blurring.SC.Test.BlurringViewModelTests" name="WhenCreatedTheInitialBlurLevelItShouldTrackWithTelemetryWhenBlurWasNotActive" />
    </UnitTest>
    <UnitTest name="WhenImageViewerIsClosedItShouldCallViewsHandlerRemove" storage="d:\actions-runner\_work\xpco\xpco\addons\plugins\blurring\tst\videoos.plugins.blurring.sc.unittests\bin\x64\debug\net472\videoos.plugins.blurring.sc.unittests.dll" id="974d3faa-f406-e310-4c73-6011fe20c351">
      <Execution id="14e6ec66-a05b-49c6-bd92-c8734a6eeb95" />
      <TestMethod codeBase="D:\actions-runner\_work\XPCO\XPCO\AddOns\Plugins\Blurring\tst\VideoOS.Plugins.Blurring.SC.UnitTests\bin\x64\Debug\net472\VideoOS.Plugins.Blurring.SC.UnitTests.dll" adapterTypeName="executor://mstestadapter/v2" className="VideoOS.Plugins.Blurring.SC.Test.BlurreableViewTests" name="WhenImageViewerIsClosedItShouldCallViewsHandlerRemove" />
    </UnitTest>
    <UnitTest name="WhenGetTimeoutCalledItShouldGetBlurringConfigurationTimeout" storage="d:\actions-runner\_work\xpco\xpco\addons\plugins\blurring\tst\videoos.plugins.blurring.sc.unittests\bin\x64\debug\net472\videoos.plugins.blurring.sc.unittests.dll" id="35e707b5-6d1e-08ff-f674-c511cc243b44">
      <Execution id="dc4e8d34-cf44-4838-9f8d-cb29f7db81fe" />
      <TestMethod codeBase="D:\actions-runner\_work\XPCO\XPCO\AddOns\Plugins\Blurring\tst\VideoOS.Plugins.Blurring.SC.UnitTests\bin\x64\Debug\net472\VideoOS.Plugins.Blurring.SC.UnitTests.dll" adapterTypeName="executor://mstestadapter/v2" className="VideoOS.Plugins.Blurring.SC.UnitTests.BlurDefaultTimeoutProviderTests" name="WhenGetTimeoutCalledItShouldGetBlurringConfigurationTimeout" />
    </UnitTest>
    <UnitTest name="WhenTimerExpiresItShouldRemoveAllExpiredBlurEffects" storage="d:\actions-runner\_work\xpco\xpco\addons\plugins\blurring\tst\videoos.plugins.blurring.sc.unittests\bin\x64\debug\net472\videoos.plugins.blurring.sc.unittests.dll" id="e36d9440-fca2-d961-3647-dc2b29acc53c">
      <Execution id="a8cc5f39-e8b4-42a5-9197-486d751b99b6" />
      <TestMethod codeBase="D:\actions-runner\_work\XPCO\XPCO\AddOns\Plugins\Blurring\tst\VideoOS.Plugins.Blurring.SC.UnitTests\bin\x64\Debug\net472\VideoOS.Plugins.Blurring.SC.UnitTests.dll" adapterTypeName="executor://mstestadapter/v2" className="VideoOS.Plugins.Blurring.SC.Test.BlurTimeoutHandlerTests" name="WhenTimerExpiresItShouldRemoveAllExpiredBlurEffects" />
    </UnitTest>
    <UnitTest name="WhenTheLicenseIsNotAllowedItShouldBeDisabled (False,False)" storage="d:\actions-runner\_work\xpco\xpco\addons\plugins\blurring\tst\videoos.plugins.blurring.sc.unittests\bin\x64\debug\net472\videoos.plugins.blurring.sc.unittests.dll" id="9879617b-b69f-2646-89ff-ec6950c7eaf7">
      <Execution id="232a4534-4362-4af2-a0a8-0cee25512dc9" />
      <TestMethod codeBase="D:\actions-runner\_work\XPCO\XPCO\AddOns\Plugins\Blurring\tst\VideoOS.Plugins.Blurring.SC.UnitTests\bin\x64\Debug\net472\VideoOS.Plugins.Blurring.SC.UnitTests.dll" adapterTypeName="executor://mstestadapter/v2" className="VideoOS.Plugins.Blurring.SC.Test.ToolBarBlurringPluginTest" name="WhenTheLicenseIsNotAllowedItShouldBeDisabled" />
    </UnitTest>
    <UnitTest name="WhenBlurEffectIsAppliedItShouldBeAppliedToTheView" storage="d:\actions-runner\_work\xpco\xpco\addons\plugins\blurring\tst\videoos.plugins.blurring.sc.unittests\bin\x64\debug\net472\videoos.plugins.blurring.sc.unittests.dll" id="230d486f-8396-a421-5191-be64ef1ba247">
      <Execution id="243cba01-ca5d-4bf0-8f6e-876ec5018103" />
      <TestMethod codeBase="D:\actions-runner\_work\XPCO\XPCO\AddOns\Plugins\Blurring\tst\VideoOS.Plugins.Blurring.SC.UnitTests\bin\x64\Debug\net472\VideoOS.Plugins.Blurring.SC.UnitTests.dll" adapterTypeName="executor://mstestadapter/v2" className="VideoOS.Plugins.Blurring.SC.Test.BlurreableViewTests" name="WhenBlurEffectIsAppliedItShouldBeAppliedToTheView" />
    </UnitTest>
    <UnitTest name="WhenAnEffectIsCreatedItShouldCallSendBlurringCreatedEvent" storage="d:\actions-runner\_work\xpco\xpco\addons\plugins\blurring\tst\videoos.plugins.blurring.sc.unittests\bin\x64\debug\net472\videoos.plugins.blurring.sc.unittests.dll" id="2439f9da-aeb7-ff76-bbc4-ef2f40245e21">
      <Execution id="cbe35bed-e857-4b8a-a715-70e1e69cfa35" />
      <TestMethod codeBase="D:\actions-runner\_work\XPCO\XPCO\AddOns\Plugins\Blurring\tst\VideoOS.Plugins.Blurring.SC.UnitTests\bin\x64\Debug\net472\VideoOS.Plugins.Blurring.SC.UnitTests.dll" adapterTypeName="executor://mstestadapter/v2" className="VideoOS.Plugins.Blurring.SC.Test.BlurEffectRepositoryTests" name="WhenAnEffectIsCreatedItShouldCallSendBlurringCreatedEvent" />
    </UnitTest>
    <UnitTest name="WhenPluginIsClosedWithoutInitializationItShouldNotCrash" storage="d:\actions-runner\_work\xpco\xpco\addons\plugins\blurring\tst\videoos.plugins.blurring.sc.unittests\bin\x64\debug\net472\videoos.plugins.blurring.sc.unittests.dll" id="1f008342-1288-fc74-ba21-7305c634648c">
      <Execution id="21c7767d-9e17-4e7e-a297-f97e5ace5190" />
      <TestMethod codeBase="D:\actions-runner\_work\XPCO\XPCO\AddOns\Plugins\Blurring\tst\VideoOS.Plugins.Blurring.SC.UnitTests\bin\x64\Debug\net472\VideoOS.Plugins.Blurring.SC.UnitTests.dll" adapterTypeName="executor://mstestadapter/v2" className="VideoOS.Plugins.Blurring.SC.UnitTests.BlurringPluginDefinitionTests" name="WhenPluginIsClosedWithoutInitializationItShouldNotCrash" />
    </UnitTest>
    <UnitTest name="WhenAnEffectIsCreatedItShouldCallTimerStart" storage="d:\actions-runner\_work\xpco\xpco\addons\plugins\blurring\tst\videoos.plugins.blurring.sc.unittests\bin\x64\debug\net472\videoos.plugins.blurring.sc.unittests.dll" id="6dc38cba-69d2-3cc3-86d8-d8d1f53c5600">
      <Execution id="a662c2ba-e6aa-4c0a-83a8-d58536b1f444" />
      <TestMethod codeBase="D:\actions-runner\_work\XPCO\XPCO\AddOns\Plugins\Blurring\tst\VideoOS.Plugins.Blurring.SC.UnitTests\bin\x64\Debug\net472\VideoOS.Plugins.Blurring.SC.UnitTests.dll" adapterTypeName="executor://mstestadapter/v2" className="VideoOS.Plugins.Blurring.SC.Test.BlurTimeoutHandlerTests" name="WhenAnEffectIsCreatedItShouldCallTimerStart" />
    </UnitTest>
    <UnitTest name="WhenADeviceIsBlurredItShouldNotBlurTheViewOnStartIfItsNotInLive" storage="d:\actions-runner\_work\xpco\xpco\addons\plugins\blurring\tst\videoos.plugins.blurring.sc.unittests\bin\x64\debug\net472\videoos.plugins.blurring.sc.unittests.dll" id="15060ffd-2550-e7b5-159b-11127974200a">
      <Execution id="644c7a71-cf99-4e00-aaf9-91af6dfd50e3" />
      <TestMethod codeBase="D:\actions-runner\_work\XPCO\XPCO\AddOns\Plugins\Blurring\tst\VideoOS.Plugins.Blurring.SC.UnitTests\bin\x64\Debug\net472\VideoOS.Plugins.Blurring.SC.UnitTests.dll" adapterTypeName="executor://mstestadapter/v2" className="VideoOS.Plugins.Blurring.SC.Test.BlurreableViewTests" name="WhenADeviceIsBlurredItShouldNotBlurTheViewOnStartIfItsNotInLive" />
    </UnitTest>
    <UnitTest name="WhenPluginIsInitializedItShouldOnlyAcceptLiveWorkspace" storage="d:\actions-runner\_work\xpco\xpco\addons\plugins\blurring\tst\videoos.plugins.blurring.sc.unittests\bin\x64\debug\net472\videoos.plugins.blurring.sc.unittests.dll" id="ea9f94bb-169b-73d4-99b1-7e51b1491e36">
      <Execution id="35935671-aac5-4bf1-bc7e-00b4291e9f56" />
      <TestMethod codeBase="D:\actions-runner\_work\XPCO\XPCO\AddOns\Plugins\Blurring\tst\VideoOS.Plugins.Blurring.SC.UnitTests\bin\x64\Debug\net472\VideoOS.Plugins.Blurring.SC.UnitTests.dll" adapterTypeName="executor://mstestadapter/v2" className="VideoOS.Plugins.Blurring.SC.Test.ToolBarBlurringPluginTest" name="WhenPluginIsInitializedItShouldOnlyAcceptLiveWorkspace" />
    </UnitTest>
    <UnitTest name="WhenCreatedTheInitialBlurLevelItShouldNotTrackWithTelemetryWhenBlurWasActive" storage="d:\actions-runner\_work\xpco\xpco\addons\plugins\blurring\tst\videoos.plugins.blurring.sc.unittests\bin\x64\debug\net472\videoos.plugins.blurring.sc.unittests.dll" id="d0bb76c3-3045-5eb4-a62e-f6ff25c26c9c">
      <Execution id="90fb4adb-1442-4b44-9822-83ef88760542" />
      <TestMethod codeBase="D:\actions-runner\_work\XPCO\XPCO\AddOns\Plugins\Blurring\tst\VideoOS.Plugins.Blurring.SC.UnitTests\bin\x64\Debug\net472\VideoOS.Plugins.Blurring.SC.UnitTests.dll" adapterTypeName="executor://mstestadapter/v2" className="VideoOS.Plugins.Blurring.SC.Test.BlurringViewModelTests" name="WhenCreatedTheInitialBlurLevelItShouldNotTrackWithTelemetryWhenBlurWasActive" />
    </UnitTest>
    <UnitTest name="WhenApplyFullBlurringCommandIsCalledItShouldSetFullBlur" storage="d:\actions-runner\_work\xpco\xpco\addons\plugins\blurring\tst\videoos.plugins.blurring.sc.unittests\bin\x64\debug\net472\videoos.plugins.blurring.sc.unittests.dll" id="90d97778-5141-8a25-e707-c8afb239ea89">
      <Execution id="889ad1e3-4888-45ef-9dc3-09cfeaf91d45" />
      <TestMethod codeBase="D:\actions-runner\_work\XPCO\XPCO\AddOns\Plugins\Blurring\tst\VideoOS.Plugins.Blurring.SC.UnitTests\bin\x64\Debug\net472\VideoOS.Plugins.Blurring.SC.UnitTests.dll" adapterTypeName="executor://mstestadapter/v2" className="VideoOS.Plugins.Blurring.SC.Test.BlurringViewModelTests" name="WhenApplyFullBlurringCommandIsCalledItShouldSetFullBlur" />
    </UnitTest>
    <UnitTest name="WhenASecondEffectWithALongerExpireTimeIsCreatedTimerShouldNotBeUpdated" storage="d:\actions-runner\_work\xpco\xpco\addons\plugins\blurring\tst\videoos.plugins.blurring.sc.unittests\bin\x64\debug\net472\videoos.plugins.blurring.sc.unittests.dll" id="fb80f4c4-3bb9-8ac5-cd67-57b676085fd0">
      <Execution id="2305a841-637c-4b1f-967c-67d2a422d9e7" />
      <TestMethod codeBase="D:\actions-runner\_work\XPCO\XPCO\AddOns\Plugins\Blurring\tst\VideoOS.Plugins.Blurring.SC.UnitTests\bin\x64\Debug\net472\VideoOS.Plugins.Blurring.SC.UnitTests.dll" adapterTypeName="executor://mstestadapter/v2" className="VideoOS.Plugins.Blurring.SC.Test.BlurTimeoutHandlerTests" name="WhenASecondEffectWithALongerExpireTimeIsCreatedTimerShouldNotBeUpdated" />
    </UnitTest>
    <UnitTest name="WhenASecondEffectWithACloserExpireTimeIsCreatedTimerShouldBeUpdated" storage="d:\actions-runner\_work\xpco\xpco\addons\plugins\blurring\tst\videoos.plugins.blurring.sc.unittests\bin\x64\debug\net472\videoos.plugins.blurring.sc.unittests.dll" id="2a673ba4-c35e-b9e2-666b-1aa6a2a9dd82">
      <Execution id="d06d38e1-e237-4d08-ba2c-41a2eaa51518" />
      <TestMethod codeBase="D:\actions-runner\_work\XPCO\XPCO\AddOns\Plugins\Blurring\tst\VideoOS.Plugins.Blurring.SC.UnitTests\bin\x64\Debug\net472\VideoOS.Plugins.Blurring.SC.UnitTests.dll" adapterTypeName="executor://mstestadapter/v2" className="VideoOS.Plugins.Blurring.SC.Test.BlurTimeoutHandlerTests" name="WhenASecondEffectWithACloserExpireTimeIsCreatedTimerShouldBeUpdated" />
    </UnitTest>
    <UnitTest name="WhenBlurEffectIsUpdatedItShouldBeUpdatedInView" storage="d:\actions-runner\_work\xpco\xpco\addons\plugins\blurring\tst\videoos.plugins.blurring.sc.unittests\bin\x64\debug\net472\videoos.plugins.blurring.sc.unittests.dll" id="8a4ebd19-de99-7a20-a8f0-055eace17471">
      <Execution id="f2119cb0-b4b2-4019-90ed-2e57b6214cb7" />
      <TestMethod codeBase="D:\actions-runner\_work\XPCO\XPCO\AddOns\Plugins\Blurring\tst\VideoOS.Plugins.Blurring.SC.UnitTests\bin\x64\Debug\net472\VideoOS.Plugins.Blurring.SC.UnitTests.dll" adapterTypeName="executor://mstestadapter/v2" className="VideoOS.Plugins.Blurring.SC.Test.BlurreableViewTests" name="WhenBlurEffectIsUpdatedItShouldBeUpdatedInView" />
    </UnitTest>
    <UnitTest name="WhenGetTimeoutCalledWithNullConfigurationItShouldReturnDefaultTimeout" storage="d:\actions-runner\_work\xpco\xpco\addons\plugins\blurring\tst\videoos.plugins.blurring.sc.unittests\bin\x64\debug\net472\videoos.plugins.blurring.sc.unittests.dll" id="da0e6e05-504c-323d-8dd6-5f699d1b792a">
      <Execution id="c05060dd-f8f8-45d2-a824-0759c203e0d9" />
      <TestMethod codeBase="D:\actions-runner\_work\XPCO\XPCO\AddOns\Plugins\Blurring\tst\VideoOS.Plugins.Blurring.SC.UnitTests\bin\x64\Debug\net472\VideoOS.Plugins.Blurring.SC.UnitTests.dll" adapterTypeName="executor://mstestadapter/v2" className="VideoOS.Plugins.Blurring.SC.UnitTests.BlurDefaultTimeoutProviderTests" name="WhenGetTimeoutCalledWithNullConfigurationItShouldReturnDefaultTimeout" />
    </UnitTest>
    <UnitTest name="WhenCreatedItShouldNotApplyBlurWhenItsActive" storage="d:\actions-runner\_work\xpco\xpco\addons\plugins\blurring\tst\videoos.plugins.blurring.sc.unittests\bin\x64\debug\net472\videoos.plugins.blurring.sc.unittests.dll" id="68bb5735-5a6c-b489-6f57-c9c92edd9fae">
      <Execution id="124202f6-5f51-4494-b227-b9e2081b5e40" />
      <TestMethod codeBase="D:\actions-runner\_work\XPCO\XPCO\AddOns\Plugins\Blurring\tst\VideoOS.Plugins.Blurring.SC.UnitTests\bin\x64\Debug\net472\VideoOS.Plugins.Blurring.SC.UnitTests.dll" adapterTypeName="executor://mstestadapter/v2" className="VideoOS.Plugins.Blurring.SC.Test.BlurringViewModelTests" name="WhenCreatedItShouldNotApplyBlurWhenItsActive" />
    </UnitTest>
    <UnitTest name="WhenClosedItShouldTrackWithTelemetryWhenBlurWasDisabledWithSlider" storage="d:\actions-runner\_work\xpco\xpco\addons\plugins\blurring\tst\videoos.plugins.blurring.sc.unittests\bin\x64\debug\net472\videoos.plugins.blurring.sc.unittests.dll" id="830a50e4-ae24-8d08-f6a3-37fabb20d114">
      <Execution id="5d4a90a6-6d61-4e83-a24a-1807bc1bbdad" />
      <TestMethod codeBase="D:\actions-runner\_work\XPCO\XPCO\AddOns\Plugins\Blurring\tst\VideoOS.Plugins.Blurring.SC.UnitTests\bin\x64\Debug\net472\VideoOS.Plugins.Blurring.SC.UnitTests.dll" adapterTypeName="executor://mstestadapter/v2" className="VideoOS.Plugins.Blurring.SC.Test.BlurringViewModelTests" name="WhenClosedItShouldTrackWithTelemetryWhenBlurWasDisabledWithSlider" />
    </UnitTest>
    <UnitTest name="WhenBlurLevelIsUpdatedItShouldOnlyAffectViewsWithSameDevice" storage="d:\actions-runner\_work\xpco\xpco\addons\plugins\blurring\tst\videoos.plugins.blurring.sc.unittests\bin\x64\debug\net472\videoos.plugins.blurring.sc.unittests.dll" id="ae8e578b-6759-0cf8-ca87-32a327ee39c1">
      <Execution id="2e28069f-f8f2-4c1d-93e8-81d6423d1aac" />
      <TestMethod codeBase="D:\actions-runner\_work\XPCO\XPCO\AddOns\Plugins\Blurring\tst\VideoOS.Plugins.Blurring.SC.UnitTests\bin\x64\Debug\net472\VideoOS.Plugins.Blurring.SC.UnitTests.dll" adapterTypeName="executor://mstestadapter/v2" className="VideoOS.Plugins.Blurring.SC.UnitTests.BlurreableViewsHandlerTests" name="WhenBlurLevelIsUpdatedItShouldOnlyAffectViewsWithSameDevice" />
    </UnitTest>
    <UnitTest name="WhenClosedItShouldTrackWithTelemetryWhenSliderValueWasChanged" storage="d:\actions-runner\_work\xpco\xpco\addons\plugins\blurring\tst\videoos.plugins.blurring.sc.unittests\bin\x64\debug\net472\videoos.plugins.blurring.sc.unittests.dll" id="e2520e6e-e79f-59e7-d218-8b27cdc452c8">
      <Execution id="1a7c6347-f524-49bf-b2ca-3dc220bbf7a9" />
      <TestMethod codeBase="D:\actions-runner\_work\XPCO\XPCO\AddOns\Plugins\Blurring\tst\VideoOS.Plugins.Blurring.SC.UnitTests\bin\x64\Debug\net472\VideoOS.Plugins.Blurring.SC.UnitTests.dll" adapterTypeName="executor://mstestadapter/v2" className="VideoOS.Plugins.Blurring.SC.Test.BlurringViewModelTests" name="WhenClosedItShouldTrackWithTelemetryWhenSliderValueWasChanged" />
    </UnitTest>
    <UnitTest name="WhenADeviceIsNotBlurredItShouldRemoveTheBlurIfItsAppliedWhenLiveIsStarted" storage="d:\actions-runner\_work\xpco\xpco\addons\plugins\blurring\tst\videoos.plugins.blurring.sc.unittests\bin\x64\debug\net472\videoos.plugins.blurring.sc.unittests.dll" id="5147826e-46c3-9e6b-5c62-0e0a342a2ae5">
      <Execution id="6abc296d-51a1-49e7-92e0-3c1fd6352f36" />
      <TestMethod codeBase="D:\actions-runner\_work\XPCO\XPCO\AddOns\Plugins\Blurring\tst\VideoOS.Plugins.Blurring.SC.UnitTests\bin\x64\Debug\net472\VideoOS.Plugins.Blurring.SC.UnitTests.dll" adapterTypeName="executor://mstestadapter/v2" className="VideoOS.Plugins.Blurring.SC.Test.BlurreableViewTests" name="WhenADeviceIsNotBlurredItShouldRemoveTheBlurIfItsAppliedWhenLiveIsStarted" />
    </UnitTest>
    <UnitTest name="WhenTheLicenseIsNotAllowedItShouldBeDisabled (True,True)" storage="d:\actions-runner\_work\xpco\xpco\addons\plugins\blurring\tst\videoos.plugins.blurring.sc.unittests\bin\x64\debug\net472\videoos.plugins.blurring.sc.unittests.dll" id="1b8d4c35-70cf-c5cf-e867-dee2e3d28af8">
      <Execution id="d19e3e93-208f-43c2-8291-e6774d234b4c" />
      <TestMethod codeBase="D:\actions-runner\_work\XPCO\XPCO\AddOns\Plugins\Blurring\tst\VideoOS.Plugins.Blurring.SC.UnitTests\bin\x64\Debug\net472\VideoOS.Plugins.Blurring.SC.UnitTests.dll" adapterTypeName="executor://mstestadapter/v2" className="VideoOS.Plugins.Blurring.SC.Test.ToolBarBlurringPluginTest" name="WhenTheLicenseIsNotAllowedItShouldBeDisabled" />
    </UnitTest>
    <UnitTest name="WhenDisableBlurringCommandIsCalledItShouldTrackWithTelemetry" storage="d:\actions-runner\_work\xpco\xpco\addons\plugins\blurring\tst\videoos.plugins.blurring.sc.unittests\bin\x64\debug\net472\videoos.plugins.blurring.sc.unittests.dll" id="9076b149-a280-3e23-ebd1-51a00e6bbcd2">
      <Execution id="4019c36b-eeec-4570-b8da-5ce4ff2c501b" />
      <TestMethod codeBase="D:\actions-runner\_work\XPCO\XPCO\AddOns\Plugins\Blurring\tst\VideoOS.Plugins.Blurring.SC.UnitTests\bin\x64\Debug\net472\VideoOS.Plugins.Blurring.SC.UnitTests.dll" adapterTypeName="executor://mstestadapter/v2" className="VideoOS.Plugins.Blurring.SC.Test.BlurringViewModelTests" name="WhenDisableBlurringCommandIsCalledItShouldTrackWithTelemetry" />
    </UnitTest>
    <UnitTest name="WhenApplyFullBlurringCommandIsCalledItShouldTrackWithTelemetry" storage="d:\actions-runner\_work\xpco\xpco\addons\plugins\blurring\tst\videoos.plugins.blurring.sc.unittests\bin\x64\debug\net472\videoos.plugins.blurring.sc.unittests.dll" id="bb0b79c2-9ca2-2150-2087-1584e54447bf">
      <Execution id="0bc166f2-ba02-452f-a02c-1da2d1976e44" />
      <TestMethod codeBase="D:\actions-runner\_work\XPCO\XPCO\AddOns\Plugins\Blurring\tst\VideoOS.Plugins.Blurring.SC.UnitTests\bin\x64\Debug\net472\VideoOS.Plugins.Blurring.SC.UnitTests.dll" adapterTypeName="executor://mstestadapter/v2" className="VideoOS.Plugins.Blurring.SC.Test.BlurringViewModelTests" name="WhenApplyFullBlurringCommandIsCalledItShouldTrackWithTelemetry" />
    </UnitTest>
    <UnitTest name="WhenCreatedItShouldApplyBlurWhenItsNotActive" storage="d:\actions-runner\_work\xpco\xpco\addons\plugins\blurring\tst\videoos.plugins.blurring.sc.unittests\bin\x64\debug\net472\videoos.plugins.blurring.sc.unittests.dll" id="5b3e34f2-b3e5-42b7-0ac5-3a66955e2864">
      <Execution id="2d7df164-b0e6-48b8-9204-29a7db5ec6e5" />
      <TestMethod codeBase="D:\actions-runner\_work\XPCO\XPCO\AddOns\Plugins\Blurring\tst\VideoOS.Plugins.Blurring.SC.UnitTests\bin\x64\Debug\net472\VideoOS.Plugins.Blurring.SC.UnitTests.dll" adapterTypeName="executor://mstestadapter/v2" className="VideoOS.Plugins.Blurring.SC.Test.BlurringViewModelTests" name="WhenCreatedItShouldApplyBlurWhenItsNotActive" />
    </UnitTest>
  </TestDefinitions>
  <TestEntries>
    <TestEntry testId="e36d9440-fca2-d961-3647-dc2b29acc53c" executionId="a8cc5f39-e8b4-42a5-9197-486d751b99b6" testListId="8c84fa94-04c1-424b-9868-57a2d4851a1d" />
    <TestEntry testId="cc912447-b797-cb55-b4f1-7ce0f3ff20ac" executionId="3e493aa6-bc6f-4fb8-b464-6b0cfbc90eff" testListId="8c84fa94-04c1-424b-9868-57a2d4851a1d" />
    <TestEntry testId="830a50e4-ae24-8d08-f6a3-37fabb20d114" executionId="5d4a90a6-6d61-4e83-a24a-1807bc1bbdad" testListId="8c84fa94-04c1-424b-9868-57a2d4851a1d" />
    <TestEntry testId="68bb5735-5a6c-b489-6f57-c9c92edd9fae" executionId="124202f6-5f51-4494-b227-b9e2081b5e40" testListId="8c84fa94-04c1-424b-9868-57a2d4851a1d" />
    <TestEntry testId="28ff9af0-0a93-44b6-1f55-0fce40536920" executionId="93fcf505-56d0-433c-8fe9-4fc753a683f1" testListId="8c84fa94-04c1-424b-9868-57a2d4851a1d" />
    <TestEntry testId="2a673ba4-c35e-b9e2-666b-1aa6a2a9dd82" executionId="d06d38e1-e237-4d08-ba2c-41a2eaa51518" testListId="8c84fa94-04c1-424b-9868-57a2d4851a1d" />
    <TestEntry testId="8a4ebd19-de99-7a20-a8f0-055eace17471" executionId="f2119cb0-b4b2-4019-90ed-2e57b6214cb7" testListId="8c84fa94-04c1-424b-9868-57a2d4851a1d" />
    <TestEntry testId="ae8e578b-6759-0cf8-ca87-32a327ee39c1" executionId="2e28069f-f8f2-4c1d-93e8-81d6423d1aac" testListId="8c84fa94-04c1-424b-9868-57a2d4851a1d" />
    <TestEntry testId="d0bb76c3-3045-5eb4-a62e-f6ff25c26c9c" executionId="90fb4adb-1442-4b44-9822-83ef88760542" testListId="8c84fa94-04c1-424b-9868-57a2d4851a1d" />
    <TestEntry testId="35e707b5-6d1e-08ff-f674-c511cc243b44" executionId="dc4e8d34-cf44-4838-9f8d-cb29f7db81fe" testListId="8c84fa94-04c1-424b-9868-57a2d4851a1d" />
    <TestEntry testId="52fa5057-5385-8b0d-5337-fdf5867786f3" executionId="dc4a7217-338d-4c7e-aff9-aee6c38a5ce3" testListId="8c84fa94-04c1-424b-9868-57a2d4851a1d" />
    <TestEntry testId="287140c5-63c0-9902-5fcd-798e2d72c927" executionId="162cbd99-1a37-4105-a346-6f6cf6da022e" testListId="8c84fa94-04c1-424b-9868-57a2d4851a1d" />
    <TestEntry testId="08b5b2a7-5441-2591-542f-b6dffadf7f88" executionId="4410e8f3-6d84-4a91-9c2c-69f52f76c49d" testListId="8c84fa94-04c1-424b-9868-57a2d4851a1d" />
    <TestEntry testId="ea9f94bb-169b-73d4-99b1-7e51b1491e36" executionId="35935671-aac5-4bf1-bc7e-00b4291e9f56" testListId="8c84fa94-04c1-424b-9868-57a2d4851a1d" />
    <TestEntry testId="fb80f4c4-3bb9-8ac5-cd67-57b676085fd0" executionId="2305a841-637c-4b1f-967c-67d2a422d9e7" testListId="8c84fa94-04c1-424b-9868-57a2d4851a1d" />
    <TestEntry testId="bb0b79c2-9ca2-2150-2087-1584e54447bf" executionId="0bc166f2-ba02-452f-a02c-1da2d1976e44" testListId="8c84fa94-04c1-424b-9868-57a2d4851a1d" />
    <TestEntry testId="974d3faa-f406-e310-4c73-6011fe20c351" executionId="14e6ec66-a05b-49c6-bd92-c8734a6eeb95" testListId="8c84fa94-04c1-424b-9868-57a2d4851a1d" />
    <TestEntry testId="950a7f38-3e29-3fc1-db44-65f1b82ba0f1" executionId="336e138c-07a8-40e9-a5b9-99b70ea87730" testListId="8c84fa94-04c1-424b-9868-57a2d4851a1d" />
    <TestEntry testId="1b8d4c35-70cf-c5cf-e867-dee2e3d28af8" executionId="d19e3e93-208f-43c2-8291-e6774d234b4c" testListId="8c84fa94-04c1-424b-9868-57a2d4851a1d" />
    <TestEntry testId="9076b149-a280-3e23-ebd1-51a00e6bbcd2" executionId="4019c36b-eeec-4570-b8da-5ce4ff2c501b" testListId="8c84fa94-04c1-424b-9868-57a2d4851a1d" />
    <TestEntry testId="5147826e-46c3-9e6b-5c62-0e0a342a2ae5" executionId="6abc296d-51a1-49e7-92e0-3c1fd6352f36" testListId="8c84fa94-04c1-424b-9868-57a2d4851a1d" />
    <TestEntry testId="b95147e1-eaea-8d96-47ec-88105c934831" executionId="f631683d-d2ae-42d4-af71-01a7bbc1458a" testListId="8c84fa94-04c1-424b-9868-57a2d4851a1d" />
    <TestEntry testId="3533e88a-6895-c974-edb9-506cfcb0d75e" executionId="c8792506-f1ea-4120-a23b-51274f347356" testListId="8c84fa94-04c1-424b-9868-57a2d4851a1d" />
    <TestEntry testId="6dc38cba-69d2-3cc3-86d8-d8d1f53c5600" executionId="a662c2ba-e6aa-4c0a-83a8-d58536b1f444" testListId="8c84fa94-04c1-424b-9868-57a2d4851a1d" />
    <TestEntry testId="9d4dd40a-c83e-8e20-643e-1bbe47d682c6" executionId="a29dc46f-591b-419e-a204-b711d0739690" testListId="8c84fa94-04c1-424b-9868-57a2d4851a1d" />
    <TestEntry testId="848e6a7a-c5d6-327f-cc03-bb664a17e135" executionId="e5e73f39-b8d5-4111-8fb8-c273765df9a7" testListId="8c84fa94-04c1-424b-9868-57a2d4851a1d" />
    <TestEntry testId="90d97778-5141-8a25-e707-c8afb239ea89" executionId="889ad1e3-4888-45ef-9dc3-09cfeaf91d45" testListId="8c84fa94-04c1-424b-9868-57a2d4851a1d" />
    <TestEntry testId="c3b5e344-c22c-b448-fd67-18bf950315aa" executionId="b0058045-9cf5-40bc-bc57-2e88a48d9588" testListId="8c84fa94-04c1-424b-9868-57a2d4851a1d" />
    <TestEntry testId="7659d00f-ff35-b2cf-bf40-b4729809d7da" executionId="f1b836a0-32f7-40e0-a7f2-c3d649ef377d" testListId="8c84fa94-04c1-424b-9868-57a2d4851a1d" />
    <TestEntry testId="2439f9da-aeb7-ff76-bbc4-ef2f40245e21" executionId="cbe35bed-e857-4b8a-a715-70e1e69cfa35" testListId="8c84fa94-04c1-424b-9868-57a2d4851a1d" />
    <TestEntry testId="e025f1f9-30bd-9108-e4fc-b392ec191c92" executionId="73fe48ed-a2eb-4b51-8f3f-e517cbbb8d6a" testListId="8c84fa94-04c1-424b-9868-57a2d4851a1d" />
    <TestEntry testId="5b3e34f2-b3e5-42b7-0ac5-3a66955e2864" executionId="2d7df164-b0e6-48b8-9204-29a7db5ec6e5" testListId="8c84fa94-04c1-424b-9868-57a2d4851a1d" />
    <TestEntry testId="f4ce8719-7b66-95d8-0c05-c4435db06c3f" executionId="6816d758-804f-4546-bdff-eb2bae5284d6" testListId="8c84fa94-04c1-424b-9868-57a2d4851a1d" />
    <TestEntry testId="15060ffd-2550-e7b5-159b-11127974200a" executionId="644c7a71-cf99-4e00-aaf9-91af6dfd50e3" testListId="8c84fa94-04c1-424b-9868-57a2d4851a1d" />
    <TestEntry testId="e24eaf52-5046-b7d6-f19c-7187b37cf5c7" executionId="4197d674-ca5f-4193-b5e9-adbc675e8f6e" testListId="8c84fa94-04c1-424b-9868-57a2d4851a1d" />
    <TestEntry testId="da0e6e05-504c-323d-8dd6-5f699d1b792a" executionId="c05060dd-f8f8-45d2-a824-0759c203e0d9" testListId="8c84fa94-04c1-424b-9868-57a2d4851a1d" />
    <TestEntry testId="05284f51-2d64-307d-5c54-e2b2676bfde1" executionId="35ea3c8d-6897-478d-9b04-78743ddedee8" testListId="8c84fa94-04c1-424b-9868-57a2d4851a1d" />
    <TestEntry testId="1f008342-1288-fc74-ba21-7305c634648c" executionId="21c7767d-9e17-4e7e-a297-f97e5ace5190" testListId="8c84fa94-04c1-424b-9868-57a2d4851a1d" />
    <TestEntry testId="9879617b-b69f-2646-89ff-ec6950c7eaf7" executionId="232a4534-4362-4af2-a0a8-0cee25512dc9" testListId="8c84fa94-04c1-424b-9868-57a2d4851a1d" />
    <TestEntry testId="230d486f-8396-a421-5191-be64ef1ba247" executionId="243cba01-ca5d-4bf0-8f6e-876ec5018103" testListId="8c84fa94-04c1-424b-9868-57a2d4851a1d" />
    <TestEntry testId="07b8a5bc-2d64-f515-3ac4-abd71daed6d3" executionId="0b6666fd-1d70-43af-bf79-80b4f0a106a6" testListId="8c84fa94-04c1-424b-9868-57a2d4851a1d" />
    <TestEntry testId="fe6ec20e-e40b-dc74-8bde-d49e2c7c2a05" executionId="10feecc3-80a4-468b-b9ea-23ff101a845c" testListId="8c84fa94-04c1-424b-9868-57a2d4851a1d" />
    <TestEntry testId="e2520e6e-e79f-59e7-d218-8b27cdc452c8" executionId="1a7c6347-f524-49bf-b2ca-3dc220bbf7a9" testListId="8c84fa94-04c1-424b-9868-57a2d4851a1d" />
    <TestEntry testId="84b4f8a2-0602-5c69-df61-3accbf092f08" executionId="9c89e124-7ac1-4f27-835f-642dbf62da87" testListId="8c84fa94-04c1-424b-9868-57a2d4851a1d" />
    <TestEntry testId="330e507d-df16-ffce-d4bb-435c4c1424a2" executionId="1ffa9fe0-0dae-4991-b9ae-c59d71ad9b80" testListId="8c84fa94-04c1-424b-9868-57a2d4851a1d" />
  </TestEntries>
  <TestLists>
    <TestList name="Results Not in a List" id="8c84fa94-04c1-424b-9868-57a2d4851a1d" />
    <TestList name="All Loaded Results" id="19431567-8539-422a-85d7-44ee4e166bda" />
  </TestLists>
  <ResultSummary outcome="Completed">
    <Counters total="45" executed="45" passed="45" failed="0" error="0" timeout="0" aborted="0" inconclusive="0" passedButRunAborted="0" notRunnable="0" notExecuted="0" disconnected="0" warning="0" completed="0" inProgress="0" pending="0" />
    <RunInfos>
      <RunInfo computerName="DKSR-EFI-04" outcome="Warning" timestamp="2023-12-22T09:32:05.8808426+01:00">
        <Text>[MSTest][Discovery][D:\actions-runner\_work\XPCO\XPCO\AllSolutions\..\AddOns\Plugins\Blurring\tst\VideoOS.Plugins.Blurring.SC.UnitTests\bin\x64\Debug\net472\VideoOS.Plugins.Blurring.SC.UnitTests.dll] UTA001: TestClass attribute defined on non-public class VideoOS.Plugins.Blurring.SC.UnitTests.ToolBarBlurringPluginInstanceTests</Text>
      </RunInfo>
    </RunInfos>
  </ResultSummary>
</TestRun>