<?xml version="1.0" encoding="utf-8"?>
<TestRun id="2beca9e2-fa8f-48a0-bb0a-973dc6af74ca" name="DKSR-EFI-04$@DKSR-EFI-04 2023-12-22 09:32:16" runUser="NT AUTHORITY\NETWORK SERVICE" xmlns="http://microsoft.com/schemas/VisualStudio/TeamTest/2010">
  <Times creation="2023-12-22T09:32:16.1777650+01:00" queuing="2023-12-22T09:32:16.1777650+01:00" start="2023-12-22T09:32:13.8965038+01:00" finish="2023-12-22T09:32:16.2090162+01:00" />
  <TestSettings name="default" id="79669f56-a3f6-4b71-8fcb-b985dc2ef9d8">
    <Deployment runDeploymentRoot="DKSR-EFI-04$_DKSR-EFI-04_2023-12-22_09_32_16" />
  </TestSettings>
  <Results>
    <UnitTestResult executionId="6b114486-efd2-4569-adbe-05e5084e9793" testId="43ad4177-ace8-d8bc-3a44-824b42653242" testName="Given_SetManagementServerRegistrar_When_DoingRegistrationSequence_Then_NewAddressIsPersisted" computerName="DKSR-EFI-04" duration="00:00:00.0642645" startTime="2023-12-22T09:32:15.8808879+01:00" endTime="2023-12-22T09:32:15.9433891+01:00" testType="13cdc9d9-ddb5-4fa4-a97d-d965ccfc6d4b" outcome="Passed" testListId="8c84fa94-04c1-424b-9868-57a2d4851a1d" relativeResultsDirectory="6b114486-efd2-4569-adbe-05e5084e9793" />
    <UnitTestResult executionId="3eed2f4c-44f8-4d0e-bc01-e99aa2f25980" testId="2279b841-5e37-ec7b-7449-915c90ad6413" testName="Given_CloudConnectorClientEndpointRegistrar_When_Doing_RegisterClient_SetClientRegistrationId_is_Called_with_Non_Default_Guid" computerName="DKSR-EFI-04" duration="00:00:01.1311924" startTime="2023-12-22T09:32:14.6621350+01:00" endTime="2023-12-22T09:32:15.8652630+01:00" testType="13cdc9d9-ddb5-4fa4-a97d-d965ccfc6d4b" outcome="Passed" testListId="8c84fa94-04c1-424b-9868-57a2d4851a1d" relativeResultsDirectory="3eed2f4c-44f8-4d0e-bc01-e99aa2f25980" />
  </Results>
  <TestDefinitions>
    <UnitTest name="Given_CloudConnectorClientEndpointRegistrar_When_Doing_RegisterClient_SetClientRegistrationId_is_Called_with_Non_Default_Guid" storage="d:\actions-runner\_work\xpco\xpco\cloudconnector\binaries\videoos.cloudconnector.registrars.unittest\bin\debug\net472\videoos.cloudconnector.registrars.unittest.dll" id="2279b841-5e37-ec7b-7449-915c90ad6413">
      <Execution id="3eed2f4c-44f8-4d0e-bc01-e99aa2f25980" />
      <TestMethod codeBase="D:\actions-runner\_work\XPCO\XPCO\CloudConnector\Binaries\VideoOS.CloudConnector.Registrars.UnitTest\bin\Debug\net472\VideoOS.CloudConnector.Registrars.UnitTest.dll" adapterTypeName="executor://mstestadapter/v2" className="VideoOS.CloudConnector.Registrars.UnitTest.ClientEndpointRegistrarTest" name="Given_CloudConnectorClientEndpointRegistrar_When_Doing_RegisterClient_SetClientRegistrationId_is_Called_with_Non_Default_Guid" />
    </UnitTest>
    <UnitTest name="Given_SetManagementServerRegistrar_When_DoingRegistrationSequence_Then_NewAddressIsPersisted" storage="d:\actions-runner\_work\xpco\xpco\cloudconnector\binaries\videoos.cloudconnector.registrars.unittest\bin\debug\net472\videoos.cloudconnector.registrars.unittest.dll" id="43ad4177-ace8-d8bc-3a44-824b42653242">
      <Execution id="6b114486-efd2-4569-adbe-05e5084e9793" />
      <TestMethod codeBase="D:\actions-runner\_work\XPCO\XPCO\CloudConnector\Binaries\VideoOS.CloudConnector.Registrars.UnitTest\bin\Debug\net472\VideoOS.CloudConnector.Registrars.UnitTest.dll" adapterTypeName="executor://mstestadapter/v2" className="VideoOS.CloudConnector.Registrars.UnitTest.SetManagementServerRegistrarTest" name="Given_SetManagementServerRegistrar_When_DoingRegistrationSequence_Then_NewAddressIsPersisted" />
    </UnitTest>
  </TestDefinitions>
  <TestEntries>
    <TestEntry testId="43ad4177-ace8-d8bc-3a44-824b42653242" executionId="6b114486-efd2-4569-adbe-05e5084e9793" testListId="8c84fa94-04c1-424b-9868-57a2d4851a1d" />
    <TestEntry testId="2279b841-5e37-ec7b-7449-915c90ad6413" executionId="3eed2f4c-44f8-4d0e-bc01-e99aa2f25980" testListId="8c84fa94-04c1-424b-9868-57a2d4851a1d" />
  </TestEntries>
  <TestLists>
    <TestList name="Results Not in a List" id="8c84fa94-04c1-424b-9868-57a2d4851a1d" />
    <TestList name="All Loaded Results" id="19431567-8539-422a-85d7-44ee4e166bda" />
  </TestLists>
  <ResultSummary outcome="Completed">
    <Counters total="2" executed="2" passed="2" failed="0" error="0" timeout="0" aborted="0" inconclusive="0" passedButRunAborted="0" notRunnable="0" notExecuted="0" disconnected="0" warning="0" completed="0" inProgress="0" pending="0" />
  </ResultSummary>
</TestRun>