<?xml version="1.0" encoding="utf-8"?>
<TestRun id="ecdc0bb8-a68a-4cd6-a604-10db57ac65a3" name="DKSR-EFI-04$@DKSR-EFI-04 2023-12-22 09:35:49" runUser="NT AUTHORITY\NETWORK SERVICE" xmlns="http://microsoft.com/schemas/VisualStudio/TeamTest/2010">
  <Times creation="2023-12-22T09:35:49.3663215+01:00" queuing="2023-12-22T09:35:49.3663215+01:00" start="2023-12-22T09:35:46.6944299+01:00" finish="2023-12-22T09:35:49.7256951+01:00" />
  <TestSettings name="default" id="2106d5fa-fbba-4f4e-bd2e-c227b2a83c45">
    <Deployment runDeploymentRoot="DKSR-EFI-04$_DKSR-EFI-04_2023-12-22_09_35_49" />
  </TestSettings>
  <Results>
    <UnitTestResult executionId="2b93dff9-5aad-4212-b0bd-ab2abd0a0e60" testId="e3c9219e-f493-cc29-ec46-25e8afdd60ec" testName="RegexPatternsTests_Base64Url_NotCorrect (%Test)" computerName="DKSR-EFI-04" duration="00:00:00.0002890" startTime="2023-12-22T09:35:49.3745398+01:00" endTime="2023-12-22T09:35:49.3749153+01:00" testType="13cdc9d9-ddb5-4fa4-a97d-d965ccfc6d4b" outcome="Passed" testListId="8c84fa94-04c1-424b-9868-57a2d4851a1d" relativeResultsDirectory="2b93dff9-5aad-4212-b0bd-ab2abd0a0e60" />
    <UnitTestResult executionId="64a6b138-b3a6-4a09-a336-1f8bdff3e1f5" testId="fa6c376d-1244-c5c6-94be-77920667760b" testName="PublicAddressService_Get_GenerateFromHostWithPrefixConfigNoSharedServiceConfiguration" computerName="DKSR-EFI-04" duration="00:00:00.0006028" startTime="2023-12-22T09:35:49.2241383+01:00" endTime="2023-12-22T09:35:49.2248136+01:00" testType="13cdc9d9-ddb5-4fa4-a97d-d965ccfc6d4b" outcome="Passed" testListId="8c84fa94-04c1-424b-9868-57a2d4851a1d" relativeResultsDirectory="64a6b138-b3a6-4a09-a336-1f8bdff3e1f5" />
    <UnitTestResult executionId="fd39a49c-31d4-429d-b211-3903ed06a6eb" testId="23af3ed5-7ee0-6fab-238a-19aace0b84d8" testName="RegexPatternsTests_Base64Url_Correct (_1Te_st2_)" computerName="DKSR-EFI-04" duration="00:00:00.0000051" startTime="2023-12-22T09:35:49.3744313+01:00" endTime="2023-12-22T09:35:49.3745194+01:00" testType="13cdc9d9-ddb5-4fa4-a97d-d965ccfc6d4b" outcome="Passed" testListId="8c84fa94-04c1-424b-9868-57a2d4851a1d" relativeResultsDirectory="fd39a49c-31d4-429d-b211-3903ed06a6eb" />
    <UnitTestResult executionId="0a466872-4586-42ff-a37e-49b7491d5d32" testId="0db2205c-7015-f123-866e-e1612bce4d64" testName="PublicAddressService_Get_ErrorInput" computerName="DKSR-EFI-04" duration="00:00:00.1996848" startTime="2023-12-22T09:35:48.9418046+01:00" endTime="2023-12-22T09:35:49.1698293+01:00" testType="13cdc9d9-ddb5-4fa4-a97d-d965ccfc6d4b" outcome="Passed" testListId="8c84fa94-04c1-424b-9868-57a2d4851a1d" relativeResultsDirectory="0a466872-4586-42ff-a37e-49b7491d5d32" />
    <UnitTestResult executionId="152d9e08-02bf-47d5-93e6-11eed056e7db" testId="1056c9d1-a327-b4f8-2275-fde90119a738" testName="RegexPatternsTests_Base64Url_Correct (-Tes-t2-)" computerName="DKSR-EFI-04" duration="00:00:00.0000066" startTime="2023-12-22T09:35:49.3743037+01:00" endTime="2023-12-22T09:35:49.3744083+01:00" testType="13cdc9d9-ddb5-4fa4-a97d-d965ccfc6d4b" outcome="Passed" testListId="8c84fa94-04c1-424b-9868-57a2d4851a1d" relativeResultsDirectory="152d9e08-02bf-47d5-93e6-11eed056e7db" />
    <UnitTestResult executionId="e856630f-57ed-44a5-8358-d866a681f368" testId="078df89a-3798-a47f-3c7c-b897f211add9" testName="SharedLinkController_GetAction_ValidPublicAddress" computerName="DKSR-EFI-04" duration="00:00:00.0034634" startTime="2023-12-22T09:35:49.4211824+01:00" endTime="2023-12-22T09:35:49.4247324+01:00" testType="13cdc9d9-ddb5-4fa4-a97d-d965ccfc6d4b" outcome="Passed" testListId="8c84fa94-04c1-424b-9868-57a2d4851a1d" relativeResultsDirectory="e856630f-57ed-44a5-8358-d866a681f368" />
    <UnitTestResult executionId="473d92a8-78a6-4312-8351-fce1ab2c7c4c" testId="318e348c-b1f4-c4fe-8d56-3f0e8f8b2add" testName="RegexPatternsTests_Base64Url_NotCorrect (&lt;TEST!@)" computerName="DKSR-EFI-04" duration="00:00:00.0000063" startTime="2023-12-22T09:35:49.3751326+01:00" endTime="2023-12-22T09:35:49.3752261+01:00" testType="13cdc9d9-ddb5-4fa4-a97d-d965ccfc6d4b" outcome="Passed" testListId="8c84fa94-04c1-424b-9868-57a2d4851a1d" relativeResultsDirectory="473d92a8-78a6-4312-8351-fce1ab2c7c4c" />
    <UnitTestResult executionId="4f7591f1-12b6-4017-9f9f-0b83c199921c" testId="48201be1-8cf4-4b7d-65b7-17fff126bb3d" testName="PublicAddressService_Get_GenerateFromHostWithPrefix" computerName="DKSR-EFI-04" duration="00:00:00.0007982" startTime="2023-12-22T09:35:49.2225370+01:00" endTime="2023-12-22T09:35:49.2234448+01:00" testType="13cdc9d9-ddb5-4fa4-a97d-d965ccfc6d4b" outcome="Passed" testListId="8c84fa94-04c1-424b-9868-57a2d4851a1d" relativeResultsDirectory="4f7591f1-12b6-4017-9f9f-0b83c199921c" />
    <UnitTestResult executionId="c96e8239-9c6c-4435-9140-cad69c772287" testId="63f1ddc6-30d9-aebb-39d5-a4213ea6faf7" testName="RegexPatternsTests_Base64Url_Correct (TEST)" computerName="DKSR-EFI-04" duration="00:00:00.0000097" startTime="2023-12-22T09:35:49.2429945+01:00" endTime="2023-12-22T09:35:49.2431277+01:00" testType="13cdc9d9-ddb5-4fa4-a97d-d965ccfc6d4b" outcome="Passed" testListId="8c84fa94-04c1-424b-9868-57a2d4851a1d" relativeResultsDirectory="c96e8239-9c6c-4435-9140-cad69c772287" />
    <UnitTestResult executionId="eab951d7-807a-4c5f-9ebc-608c441dd792" testId="557a6429-000f-8973-05a1-26dcfc8f0c7f" testName="PublicAddressService_Get_ConfigurationProvided" computerName="DKSR-EFI-04" duration="00:00:00.0403079" startTime="2023-12-22T09:35:49.1788337+01:00" endTime="2023-12-22T09:35:49.2193606+01:00" testType="13cdc9d9-ddb5-4fa4-a97d-d965ccfc6d4b" outcome="Passed" testListId="8c84fa94-04c1-424b-9868-57a2d4851a1d" relativeResultsDirectory="eab951d7-807a-4c5f-9ebc-608c441dd792" />
    <UnitTestResult executionId="d5ff8b21-4a26-4315-96f5-72bedff8853c" testId="e38ea793-ebb4-0c76-e0a8-8adac0d9e5ac" testName="Index_Get_NoLink" computerName="DKSR-EFI-04" duration="00:00:00.0004982" startTime="2023-12-22T09:35:49.3957227+01:00" endTime="2023-12-22T09:35:49.3963621+01:00" testType="13cdc9d9-ddb5-4fa4-a97d-d965ccfc6d4b" outcome="Passed" testListId="8c84fa94-04c1-424b-9868-57a2d4851a1d" relativeResultsDirectory="d5ff8b21-4a26-4315-96f5-72bedff8853c" />
    <UnitTestResult executionId="6145cb84-2fa6-4317-9310-6713d15b4d33" testId="5e77ea45-e8a9-6a4c-7503-38abbbda6fac" testName="RegexPatternsTests_Base64Url_Correct (test)" computerName="DKSR-EFI-04" duration="00:00:00.0000228" startTime="2023-12-22T09:35:49.2427048+01:00" endTime="2023-12-22T09:35:49.2429574+01:00" testType="13cdc9d9-ddb5-4fa4-a97d-d965ccfc6d4b" outcome="Passed" testListId="8c84fa94-04c1-424b-9868-57a2d4851a1d" relativeResultsDirectory="6145cb84-2fa6-4317-9310-6713d15b4d33" />
    <UnitTestResult executionId="873bfca9-04e1-4e51-91de-6863b83a2012" testId="2d657487-1ce7-ff92-1097-193634ac1c52" testName="PublicAddressService_Get_GenerateFromHostWithPrefixDefaultPort" computerName="DKSR-EFI-04" duration="00:00:00.0005437" startTime="2023-12-22T09:35:49.2234816+01:00" endTime="2023-12-22T09:35:49.2241075+01:00" testType="13cdc9d9-ddb5-4fa4-a97d-d965ccfc6d4b" outcome="Passed" testListId="8c84fa94-04c1-424b-9868-57a2d4851a1d" relativeResultsDirectory="873bfca9-04e1-4e51-91de-6863b83a2012" />
    <UnitTestResult executionId="66e13d65-f677-476a-bd53-deb2d33277f8" testId="3a2557cf-d11a-f2c5-6799-8e23abeadc44" testName="PublicAddressService_Get_GenerateFromHostNoPrefix" computerName="DKSR-EFI-04" duration="00:00:00.0028563" startTime="2023-12-22T09:35:49.2194782+01:00" endTime="2023-12-22T09:35:49.2224596+01:00" testType="13cdc9d9-ddb5-4fa4-a97d-d965ccfc6d4b" outcome="Passed" testListId="8c84fa94-04c1-424b-9868-57a2d4851a1d" relativeResultsDirectory="66e13d65-f677-476a-bd53-deb2d33277f8" />
    <UnitTestResult executionId="b7a8891e-de20-444d-a2e2-57c405f4ca1b" testId="69dc347a-93d0-ae7f-8cfb-dccedd8e5027" testName="SharedLinkController_GetAction_InvalidPayload_TooLong" computerName="DKSR-EFI-04" duration="00:00:00.0002916" startTime="2023-12-22T09:35:49.4207340+01:00" endTime="2023-12-22T09:35:49.4211455+01:00" testType="13cdc9d9-ddb5-4fa4-a97d-d965ccfc6d4b" outcome="Passed" testListId="8c84fa94-04c1-424b-9868-57a2d4851a1d" relativeResultsDirectory="b7a8891e-de20-444d-a2e2-57c405f4ca1b" />
    <UnitTestResult executionId="cb1d4ca3-7ac7-463d-92a2-c359e6446b17" testId="645fa645-7b34-dc13-f17f-d80d5b16688e" testName="RegexPatternsTests_Base64Url_NotCorrect (TEST&amp;lt)" computerName="DKSR-EFI-04" duration="00:00:00.0000068" startTime="2023-12-22T09:35:49.3752472+01:00" endTime="2023-12-22T09:35:49.3753371+01:00" testType="13cdc9d9-ddb5-4fa4-a97d-d965ccfc6d4b" outcome="Passed" testListId="8c84fa94-04c1-424b-9868-57a2d4851a1d" relativeResultsDirectory="cb1d4ca3-7ac7-463d-92a2-c359e6446b17" />
    <UnitTestResult executionId="7cf35be7-1148-4f2f-bbf8-8360f875fd90" testId="82f6b355-4684-e3a4-b599-ced2dff325df" testName="RegexPatternsTests_Base64Url_Correct (Test)" computerName="DKSR-EFI-04" duration="00:00:00.0114142" startTime="2023-12-22T09:35:49.2249128+01:00" endTime="2023-12-22T09:35:49.2426332+01:00" testType="13cdc9d9-ddb5-4fa4-a97d-d965ccfc6d4b" outcome="Passed" testListId="8c84fa94-04c1-424b-9868-57a2d4851a1d" relativeResultsDirectory="7cf35be7-1148-4f2f-bbf8-8360f875fd90" />
    <UnitTestResult executionId="20e95263-ed54-4c97-a813-17c6848b6fb7" testId="afe75758-b7cb-7542-fb00-98c242f886da" testName="SharedLinkController_GetAction_InvalidPayload_Missing" computerName="DKSR-EFI-04" duration="00:00:00.0035211" startTime="2023-12-22T09:35:49.4169080+01:00" endTime="2023-12-22T09:35:49.4206720+01:00" testType="13cdc9d9-ddb5-4fa4-a97d-d965ccfc6d4b" outcome="Passed" testListId="8c84fa94-04c1-424b-9868-57a2d4851a1d" relativeResultsDirectory="20e95263-ed54-4c97-a813-17c6848b6fb7" />
    <UnitTestResult executionId="42ab85b2-e642-4612-9efa-305f35b8d053" testId="01ca0618-2905-a3f1-1e58-5298a09e0cee" testName="Index_Get_OK" computerName="DKSR-EFI-04" duration="00:00:00.0167858" startTime="2023-12-22T09:35:49.3998915+01:00" endTime="2023-12-22T09:35:49.4168220+01:00" testType="13cdc9d9-ddb5-4fa4-a97d-d965ccfc6d4b" outcome="Passed" testListId="8c84fa94-04c1-424b-9868-57a2d4851a1d" relativeResultsDirectory="42ab85b2-e642-4612-9efa-305f35b8d053" />
    <UnitTestResult executionId="fdd37ff9-521d-4892-a05b-28d6935890b6" testId="80479513-612c-5471-b1ce-bed63c484a8e" testName="Index_Get_InvalidPayload" computerName="DKSR-EFI-04" duration="00:00:00.0200738" startTime="2023-12-22T09:35:49.3753588+01:00" endTime="2023-12-22T09:35:49.3956444+01:00" testType="13cdc9d9-ddb5-4fa4-a97d-d965ccfc6d4b" outcome="Passed" testListId="8c84fa94-04c1-424b-9868-57a2d4851a1d" relativeResultsDirectory="fdd37ff9-521d-4892-a05b-28d6935890b6" />
    <UnitTestResult executionId="70647654-cf9f-4ed6-9d03-9eee1e596765" testId="a63b9b32-9843-4578-7c16-e7912a841502" testName="RegexPatternsTests_Base64Url_Correct (1Te2st3)" computerName="DKSR-EFI-04" duration="00:00:00.0000220" startTime="2023-12-22T09:35:49.3739582+01:00" endTime="2023-12-22T09:35:49.3742506+01:00" testType="13cdc9d9-ddb5-4fa4-a97d-d965ccfc6d4b" outcome="Passed" testListId="8c84fa94-04c1-424b-9868-57a2d4851a1d" relativeResultsDirectory="70647654-cf9f-4ed6-9d03-9eee1e596765" />
    <UnitTestResult executionId="96ff1f8a-6b5f-49c8-9ab2-5e4e57d44206" testId="b8f401d8-9d2f-a3f6-8797-5e17eac2644f" testName="RegexPatternsTests_Base64Url_NotCorrect (t^&amp;est)" computerName="DKSR-EFI-04" duration="00:00:00.0000111" startTime="2023-12-22T09:35:49.3749552+01:00" endTime="2023-12-22T09:35:49.3750969+01:00" testType="13cdc9d9-ddb5-4fa4-a97d-d965ccfc6d4b" outcome="Passed" testListId="8c84fa94-04c1-424b-9868-57a2d4851a1d" relativeResultsDirectory="96ff1f8a-6b5f-49c8-9ab2-5e4e57d44206" />
  </Results>
  <TestDefinitions>
    <UnitTest name="RegexPatternsTests_Base64Url_NotCorrect (&lt;TEST!@)" storage="d:\actions-runner\_work\xpco\xpco\allsolutions\..\share\shareservice\prod\videoos.shareservice.unittests\bin\debug\net6.0\videoos.shareservice.unittests.dll" id="318e348c-b1f4-c4fe-8d56-3f0e8f8b2add">
      <Execution id="473d92a8-78a6-4312-8351-fce1ab2c7c4c" />
      <TestMethod codeBase="D:\actions-runner\_work\XPCO\XPCO\AllSolutions\..\Share\ShareService\prod\VideoOS.ShareService.UnitTests\bin\Debug\net6.0\VideoOS.ShareService.UnitTests.dll" adapterTypeName="executor://mstestadapter/v2" className="VideoOS.ShareService.UnitTests.Utils.RegexPatternsTests" name="RegexPatternsTests_Base64Url_NotCorrect" />
    </UnitTest>
    <UnitTest name="RegexPatternsTests_Base64Url_Correct (-Tes-t2-)" storage="d:\actions-runner\_work\xpco\xpco\allsolutions\..\share\shareservice\prod\videoos.shareservice.unittests\bin\debug\net6.0\videoos.shareservice.unittests.dll" id="1056c9d1-a327-b4f8-2275-fde90119a738">
      <Execution id="152d9e08-02bf-47d5-93e6-11eed056e7db" />
      <TestMethod codeBase="D:\actions-runner\_work\XPCO\XPCO\AllSolutions\..\Share\ShareService\prod\VideoOS.ShareService.UnitTests\bin\Debug\net6.0\VideoOS.ShareService.UnitTests.dll" adapterTypeName="executor://mstestadapter/v2" className="VideoOS.ShareService.UnitTests.Utils.RegexPatternsTests" name="RegexPatternsTests_Base64Url_Correct" />
    </UnitTest>
    <UnitTest name="PublicAddressService_Get_GenerateFromHostWithPrefix" storage="d:\actions-runner\_work\xpco\xpco\allsolutions\..\share\shareservice\prod\videoos.shareservice.unittests\bin\debug\net6.0\videoos.shareservice.unittests.dll" id="48201be1-8cf4-4b7d-65b7-17fff126bb3d">
      <Execution id="4f7591f1-12b6-4017-9f9f-0b83c199921c" />
      <TestMethod codeBase="D:\actions-runner\_work\XPCO\XPCO\AllSolutions\..\Share\ShareService\prod\VideoOS.ShareService.UnitTests\bin\Debug\net6.0\VideoOS.ShareService.UnitTests.dll" adapterTypeName="executor://mstestadapter/v2" className="VideoOS.ShareService.UnitTests.PublicAddressServiceTests" name="PublicAddressService_Get_GenerateFromHostWithPrefix" />
    </UnitTest>
    <UnitTest name="PublicAddressService_Get_GenerateFromHostNoPrefix" storage="d:\actions-runner\_work\xpco\xpco\allsolutions\..\share\shareservice\prod\videoos.shareservice.unittests\bin\debug\net6.0\videoos.shareservice.unittests.dll" id="3a2557cf-d11a-f2c5-6799-8e23abeadc44">
      <Execution id="66e13d65-f677-476a-bd53-deb2d33277f8" />
      <TestMethod codeBase="D:\actions-runner\_work\XPCO\XPCO\AllSolutions\..\Share\ShareService\prod\VideoOS.ShareService.UnitTests\bin\Debug\net6.0\VideoOS.ShareService.UnitTests.dll" adapterTypeName="executor://mstestadapter/v2" className="VideoOS.ShareService.UnitTests.PublicAddressServiceTests" name="PublicAddressService_Get_GenerateFromHostNoPrefix" />
    </UnitTest>
    <UnitTest name="RegexPatternsTests_Base64Url_NotCorrect (TEST&amp;lt)" storage="d:\actions-runner\_work\xpco\xpco\allsolutions\..\share\shareservice\prod\videoos.shareservice.unittests\bin\debug\net6.0\videoos.shareservice.unittests.dll" id="645fa645-7b34-dc13-f17f-d80d5b16688e">
      <Execution id="cb1d4ca3-7ac7-463d-92a2-c359e6446b17" />
      <TestMethod codeBase="D:\actions-runner\_work\XPCO\XPCO\AllSolutions\..\Share\ShareService\prod\VideoOS.ShareService.UnitTests\bin\Debug\net6.0\VideoOS.ShareService.UnitTests.dll" adapterTypeName="executor://mstestadapter/v2" className="VideoOS.ShareService.UnitTests.Utils.RegexPatternsTests" name="RegexPatternsTests_Base64Url_NotCorrect" />
    </UnitTest>
    <UnitTest name="SharedLinkController_GetAction_ValidPublicAddress" storage="d:\actions-runner\_work\xpco\xpco\allsolutions\..\share\shareservice\prod\videoos.shareservice.unittests\bin\debug\net6.0\videoos.shareservice.unittests.dll" id="078df89a-3798-a47f-3c7c-b897f211add9">
      <Execution id="e856630f-57ed-44a5-8358-d866a681f368" />
      <TestMethod codeBase="D:\actions-runner\_work\XPCO\XPCO\AllSolutions\..\Share\ShareService\prod\VideoOS.ShareService.UnitTests\bin\Debug\net6.0\VideoOS.ShareService.UnitTests.dll" adapterTypeName="executor://mstestadapter/v2" className="VideoOS.ShareService.UnitTests.Controllers.SharedLinksControllerTests" name="SharedLinkController_GetAction_ValidPublicAddress" />
    </UnitTest>
    <UnitTest name="RegexPatternsTests_Base64Url_Correct (TEST)" storage="d:\actions-runner\_work\xpco\xpco\allsolutions\..\share\shareservice\prod\videoos.shareservice.unittests\bin\debug\net6.0\videoos.shareservice.unittests.dll" id="63f1ddc6-30d9-aebb-39d5-a4213ea6faf7">
      <Execution id="c96e8239-9c6c-4435-9140-cad69c772287" />
      <TestMethod codeBase="D:\actions-runner\_work\XPCO\XPCO\AllSolutions\..\Share\ShareService\prod\VideoOS.ShareService.UnitTests\bin\Debug\net6.0\VideoOS.ShareService.UnitTests.dll" adapterTypeName="executor://mstestadapter/v2" className="VideoOS.ShareService.UnitTests.Utils.RegexPatternsTests" name="RegexPatternsTests_Base64Url_Correct" />
    </UnitTest>
    <UnitTest name="SharedLinkController_GetAction_InvalidPayload_Missing" storage="d:\actions-runner\_work\xpco\xpco\allsolutions\..\share\shareservice\prod\videoos.shareservice.unittests\bin\debug\net6.0\videoos.shareservice.unittests.dll" id="afe75758-b7cb-7542-fb00-98c242f886da">
      <Execution id="20e95263-ed54-4c97-a813-17c6848b6fb7" />
      <TestMethod codeBase="D:\actions-runner\_work\XPCO\XPCO\AllSolutions\..\Share\ShareService\prod\VideoOS.ShareService.UnitTests\bin\Debug\net6.0\VideoOS.ShareService.UnitTests.dll" adapterTypeName="executor://mstestadapter/v2" className="VideoOS.ShareService.UnitTests.Controllers.SharedLinksControllerTests" name="SharedLinkController_GetAction_InvalidPayload_Missing" />
    </UnitTest>
    <UnitTest name="RegexPatternsTests_Base64Url_Correct (Test)" storage="d:\actions-runner\_work\xpco\xpco\allsolutions\..\share\shareservice\prod\videoos.shareservice.unittests\bin\debug\net6.0\videoos.shareservice.unittests.dll" id="82f6b355-4684-e3a4-b599-ced2dff325df">
      <Execution id="7cf35be7-1148-4f2f-bbf8-8360f875fd90" />
      <TestMethod codeBase="D:\actions-runner\_work\XPCO\XPCO\AllSolutions\..\Share\ShareService\prod\VideoOS.ShareService.UnitTests\bin\Debug\net6.0\VideoOS.ShareService.UnitTests.dll" adapterTypeName="executor://mstestadapter/v2" className="VideoOS.ShareService.UnitTests.Utils.RegexPatternsTests" name="RegexPatternsTests_Base64Url_Correct" />
    </UnitTest>
    <UnitTest name="PublicAddressService_Get_GenerateFromHostWithPrefixConfigNoSharedServiceConfiguration" storage="d:\actions-runner\_work\xpco\xpco\allsolutions\..\share\shareservice\prod\videoos.shareservice.unittests\bin\debug\net6.0\videoos.shareservice.unittests.dll" id="fa6c376d-1244-c5c6-94be-77920667760b">
      <Execution id="64a6b138-b3a6-4a09-a336-1f8bdff3e1f5" />
      <TestMethod codeBase="D:\actions-runner\_work\XPCO\XPCO\AllSolutions\..\Share\ShareService\prod\VideoOS.ShareService.UnitTests\bin\Debug\net6.0\VideoOS.ShareService.UnitTests.dll" adapterTypeName="executor://mstestadapter/v2" className="VideoOS.ShareService.UnitTests.PublicAddressServiceTests" name="PublicAddressService_Get_GenerateFromHostWithPrefixConfigNoSharedServiceConfiguration" />
    </UnitTest>
    <UnitTest name="Index_Get_NoLink" storage="d:\actions-runner\_work\xpco\xpco\allsolutions\..\share\shareservice\prod\videoos.shareservice.unittests\bin\debug\net6.0\videoos.shareservice.unittests.dll" id="e38ea793-ebb4-0c76-e0a8-8adac0d9e5ac">
      <Execution id="d5ff8b21-4a26-4315-96f5-72bedff8853c" />
      <TestMethod codeBase="D:\actions-runner\_work\XPCO\XPCO\AllSolutions\..\Share\ShareService\prod\VideoOS.ShareService.UnitTests\bin\Debug\net6.0\VideoOS.ShareService.UnitTests.dll" adapterTypeName="executor://mstestadapter/v2" className="VideoOS.ShareService.UnitTests.Pages.IndexTests" name="Index_Get_NoLink" />
    </UnitTest>
    <UnitTest name="RegexPatternsTests_Base64Url_Correct (test)" storage="d:\actions-runner\_work\xpco\xpco\allsolutions\..\share\shareservice\prod\videoos.shareservice.unittests\bin\debug\net6.0\videoos.shareservice.unittests.dll" id="5e77ea45-e8a9-6a4c-7503-38abbbda6fac">
      <Execution id="6145cb84-2fa6-4317-9310-6713d15b4d33" />
      <TestMethod codeBase="D:\actions-runner\_work\XPCO\XPCO\AllSolutions\..\Share\ShareService\prod\VideoOS.ShareService.UnitTests\bin\Debug\net6.0\VideoOS.ShareService.UnitTests.dll" adapterTypeName="executor://mstestadapter/v2" className="VideoOS.ShareService.UnitTests.Utils.RegexPatternsTests" name="RegexPatternsTests_Base64Url_Correct" />
    </UnitTest>
    <UnitTest name="PublicAddressService_Get_ConfigurationProvided" storage="d:\actions-runner\_work\xpco\xpco\allsolutions\..\share\shareservice\prod\videoos.shareservice.unittests\bin\debug\net6.0\videoos.shareservice.unittests.dll" id="557a6429-000f-8973-05a1-26dcfc8f0c7f">
      <Execution id="eab951d7-807a-4c5f-9ebc-608c441dd792" />
      <TestMethod codeBase="D:\actions-runner\_work\XPCO\XPCO\AllSolutions\..\Share\ShareService\prod\VideoOS.ShareService.UnitTests\bin\Debug\net6.0\VideoOS.ShareService.UnitTests.dll" adapterTypeName="executor://mstestadapter/v2" className="VideoOS.ShareService.UnitTests.PublicAddressServiceTests" name="PublicAddressService_Get_ConfigurationProvided" />
    </UnitTest>
    <UnitTest name="SharedLinkController_GetAction_InvalidPayload_TooLong" storage="d:\actions-runner\_work\xpco\xpco\allsolutions\..\share\shareservice\prod\videoos.shareservice.unittests\bin\debug\net6.0\videoos.shareservice.unittests.dll" id="69dc347a-93d0-ae7f-8cfb-dccedd8e5027">
      <Execution id="b7a8891e-de20-444d-a2e2-57c405f4ca1b" />
      <TestMethod codeBase="D:\actions-runner\_work\XPCO\XPCO\AllSolutions\..\Share\ShareService\prod\VideoOS.ShareService.UnitTests\bin\Debug\net6.0\VideoOS.ShareService.UnitTests.dll" adapterTypeName="executor://mstestadapter/v2" className="VideoOS.ShareService.UnitTests.Controllers.SharedLinksControllerTests" name="SharedLinkController_GetAction_InvalidPayload_TooLong" />
    </UnitTest>
    <UnitTest name="PublicAddressService_Get_ErrorInput" storage="d:\actions-runner\_work\xpco\xpco\allsolutions\..\share\shareservice\prod\videoos.shareservice.unittests\bin\debug\net6.0\videoos.shareservice.unittests.dll" id="0db2205c-7015-f123-866e-e1612bce4d64">
      <Execution id="0a466872-4586-42ff-a37e-49b7491d5d32" />
      <TestMethod codeBase="D:\actions-runner\_work\XPCO\XPCO\AllSolutions\..\Share\ShareService\prod\VideoOS.ShareService.UnitTests\bin\Debug\net6.0\VideoOS.ShareService.UnitTests.dll" adapterTypeName="executor://mstestadapter/v2" className="VideoOS.ShareService.UnitTests.PublicAddressServiceTests" name="PublicAddressService_Get_ErrorInput" />
    </UnitTest>
    <UnitTest name="Index_Get_InvalidPayload" storage="d:\actions-runner\_work\xpco\xpco\allsolutions\..\share\shareservice\prod\videoos.shareservice.unittests\bin\debug\net6.0\videoos.shareservice.unittests.dll" id="80479513-612c-5471-b1ce-bed63c484a8e">
      <Execution id="fdd37ff9-521d-4892-a05b-28d6935890b6" />
      <TestMethod codeBase="D:\actions-runner\_work\XPCO\XPCO\AllSolutions\..\Share\ShareService\prod\VideoOS.ShareService.UnitTests\bin\Debug\net6.0\VideoOS.ShareService.UnitTests.dll" adapterTypeName="executor://mstestadapter/v2" className="VideoOS.ShareService.UnitTests.Pages.IndexTests" name="Index_Get_InvalidPayload" />
    </UnitTest>
    <UnitTest name="RegexPatternsTests_Base64Url_NotCorrect (%Test)" storage="d:\actions-runner\_work\xpco\xpco\allsolutions\..\share\shareservice\prod\videoos.shareservice.unittests\bin\debug\net6.0\videoos.shareservice.unittests.dll" id="e3c9219e-f493-cc29-ec46-25e8afdd60ec">
      <Execution id="2b93dff9-5aad-4212-b0bd-ab2abd0a0e60" />
      <TestMethod codeBase="D:\actions-runner\_work\XPCO\XPCO\AllSolutions\..\Share\ShareService\prod\VideoOS.ShareService.UnitTests\bin\Debug\net6.0\VideoOS.ShareService.UnitTests.dll" adapterTypeName="executor://mstestadapter/v2" className="VideoOS.ShareService.UnitTests.Utils.RegexPatternsTests" name="RegexPatternsTests_Base64Url_NotCorrect" />
    </UnitTest>
    <UnitTest name="RegexPatternsTests_Base64Url_NotCorrect (t^&amp;est)" storage="d:\actions-runner\_work\xpco\xpco\allsolutions\..\share\shareservice\prod\videoos.shareservice.unittests\bin\debug\net6.0\videoos.shareservice.unittests.dll" id="b8f401d8-9d2f-a3f6-8797-5e17eac2644f">
      <Execution id="96ff1f8a-6b5f-49c8-9ab2-5e4e57d44206" />
      <TestMethod codeBase="D:\actions-runner\_work\XPCO\XPCO\AllSolutions\..\Share\ShareService\prod\VideoOS.ShareService.UnitTests\bin\Debug\net6.0\VideoOS.ShareService.UnitTests.dll" adapterTypeName="executor://mstestadapter/v2" className="VideoOS.ShareService.UnitTests.Utils.RegexPatternsTests" name="RegexPatternsTests_Base64Url_NotCorrect" />
    </UnitTest>
    <UnitTest name="RegexPatternsTests_Base64Url_Correct (1Te2st3)" storage="d:\actions-runner\_work\xpco\xpco\allsolutions\..\share\shareservice\prod\videoos.shareservice.unittests\bin\debug\net6.0\videoos.shareservice.unittests.dll" id="a63b9b32-9843-4578-7c16-e7912a841502">
      <Execution id="70647654-cf9f-4ed6-9d03-9eee1e596765" />
      <TestMethod codeBase="D:\actions-runner\_work\XPCO\XPCO\AllSolutions\..\Share\ShareService\prod\VideoOS.ShareService.UnitTests\bin\Debug\net6.0\VideoOS.ShareService.UnitTests.dll" adapterTypeName="executor://mstestadapter/v2" className="VideoOS.ShareService.UnitTests.Utils.RegexPatternsTests" name="RegexPatternsTests_Base64Url_Correct" />
    </UnitTest>
    <UnitTest name="PublicAddressService_Get_GenerateFromHostWithPrefixDefaultPort" storage="d:\actions-runner\_work\xpco\xpco\allsolutions\..\share\shareservice\prod\videoos.shareservice.unittests\bin\debug\net6.0\videoos.shareservice.unittests.dll" id="2d657487-1ce7-ff92-1097-193634ac1c52">
      <Execution id="873bfca9-04e1-4e51-91de-6863b83a2012" />
      <TestMethod codeBase="D:\actions-runner\_work\XPCO\XPCO\AllSolutions\..\Share\ShareService\prod\VideoOS.ShareService.UnitTests\bin\Debug\net6.0\VideoOS.ShareService.UnitTests.dll" adapterTypeName="executor://mstestadapter/v2" className="VideoOS.ShareService.UnitTests.PublicAddressServiceTests" name="PublicAddressService_Get_GenerateFromHostWithPrefixDefaultPort" />
    </UnitTest>
    <UnitTest name="Index_Get_OK" storage="d:\actions-runner\_work\xpco\xpco\allsolutions\..\share\shareservice\prod\videoos.shareservice.unittests\bin\debug\net6.0\videoos.shareservice.unittests.dll" id="01ca0618-2905-a3f1-1e58-5298a09e0cee">
      <Execution id="42ab85b2-e642-4612-9efa-305f35b8d053" />
      <TestMethod codeBase="D:\actions-runner\_work\XPCO\XPCO\AllSolutions\..\Share\ShareService\prod\VideoOS.ShareService.UnitTests\bin\Debug\net6.0\VideoOS.ShareService.UnitTests.dll" adapterTypeName="executor://mstestadapter/v2" className="VideoOS.ShareService.UnitTests.Pages.IndexTests" name="Index_Get_OK" />
    </UnitTest>
    <UnitTest name="RegexPatternsTests_Base64Url_Correct (_1Te_st2_)" storage="d:\actions-runner\_work\xpco\xpco\allsolutions\..\share\shareservice\prod\videoos.shareservice.unittests\bin\debug\net6.0\videoos.shareservice.unittests.dll" id="23af3ed5-7ee0-6fab-238a-19aace0b84d8">
      <Execution id="fd39a49c-31d4-429d-b211-3903ed06a6eb" />
      <TestMethod codeBase="D:\actions-runner\_work\XPCO\XPCO\AllSolutions\..\Share\ShareService\prod\VideoOS.ShareService.UnitTests\bin\Debug\net6.0\VideoOS.ShareService.UnitTests.dll" adapterTypeName="executor://mstestadapter/v2" className="VideoOS.ShareService.UnitTests.Utils.RegexPatternsTests" name="RegexPatternsTests_Base64Url_Correct" />
    </UnitTest>
  </TestDefinitions>
  <TestEntries>
    <TestEntry testId="e3c9219e-f493-cc29-ec46-25e8afdd60ec" executionId="2b93dff9-5aad-4212-b0bd-ab2abd0a0e60" testListId="8c84fa94-04c1-424b-9868-57a2d4851a1d" />
    <TestEntry testId="fa6c376d-1244-c5c6-94be-77920667760b" executionId="64a6b138-b3a6-4a09-a336-1f8bdff3e1f5" testListId="8c84fa94-04c1-424b-9868-57a2d4851a1d" />
    <TestEntry testId="23af3ed5-7ee0-6fab-238a-19aace0b84d8" executionId="fd39a49c-31d4-429d-b211-3903ed06a6eb" testListId="8c84fa94-04c1-424b-9868-57a2d4851a1d" />
    <TestEntry testId="0db2205c-7015-f123-866e-e1612bce4d64" executionId="0a466872-4586-42ff-a37e-49b7491d5d32" testListId="8c84fa94-04c1-424b-9868-57a2d4851a1d" />
    <TestEntry testId="1056c9d1-a327-b4f8-2275-fde90119a738" executionId="152d9e08-02bf-47d5-93e6-11eed056e7db" testListId="8c84fa94-04c1-424b-9868-57a2d4851a1d" />
    <TestEntry testId="078df89a-3798-a47f-3c7c-b897f211add9" executionId="e856630f-57ed-44a5-8358-d866a681f368" testListId="8c84fa94-04c1-424b-9868-57a2d4851a1d" />
    <TestEntry testId="318e348c-b1f4-c4fe-8d56-3f0e8f8b2add" executionId="473d92a8-78a6-4312-8351-fce1ab2c7c4c" testListId="8c84fa94-04c1-424b-9868-57a2d4851a1d" />
    <TestEntry testId="48201be1-8cf4-4b7d-65b7-17fff126bb3d" executionId="4f7591f1-12b6-4017-9f9f-0b83c199921c" testListId="8c84fa94-04c1-424b-9868-57a2d4851a1d" />
    <TestEntry testId="63f1ddc6-30d9-aebb-39d5-a4213ea6faf7" executionId="c96e8239-9c6c-4435-9140-cad69c772287" testListId="8c84fa94-04c1-424b-9868-57a2d4851a1d" />
    <TestEntry testId="557a6429-000f-8973-05a1-26dcfc8f0c7f" executionId="eab951d7-807a-4c5f-9ebc-608c441dd792" testListId="8c84fa94-04c1-424b-9868-57a2d4851a1d" />
    <TestEntry testId="e38ea793-ebb4-0c76-e0a8-8adac0d9e5ac" executionId="d5ff8b21-4a26-4315-96f5-72bedff8853c" testListId="8c84fa94-04c1-424b-9868-57a2d4851a1d" />
    <TestEntry testId="5e77ea45-e8a9-6a4c-7503-38abbbda6fac" executionId="6145cb84-2fa6-4317-9310-6713d15b4d33" testListId="8c84fa94-04c1-424b-9868-57a2d4851a1d" />
    <TestEntry testId="2d657487-1ce7-ff92-1097-193634ac1c52" executionId="873bfca9-04e1-4e51-91de-6863b83a2012" testListId="8c84fa94-04c1-424b-9868-57a2d4851a1d" />
    <TestEntry testId="3a2557cf-d11a-f2c5-6799-8e23abeadc44" executionId="66e13d65-f677-476a-bd53-deb2d33277f8" testListId="8c84fa94-04c1-424b-9868-57a2d4851a1d" />
    <TestEntry testId="69dc347a-93d0-ae7f-8cfb-dccedd8e5027" executionId="b7a8891e-de20-444d-a2e2-57c405f4ca1b" testListId="8c84fa94-04c1-424b-9868-57a2d4851a1d" />
    <TestEntry testId="645fa645-7b34-dc13-f17f-d80d5b16688e" executionId="cb1d4ca3-7ac7-463d-92a2-c359e6446b17" testListId="8c84fa94-04c1-424b-9868-57a2d4851a1d" />
    <TestEntry testId="82f6b355-4684-e3a4-b599-ced2dff325df" executionId="7cf35be7-1148-4f2f-bbf8-8360f875fd90" testListId="8c84fa94-04c1-424b-9868-57a2d4851a1d" />
    <TestEntry testId="afe75758-b7cb-7542-fb00-98c242f886da" executionId="20e95263-ed54-4c97-a813-17c6848b6fb7" testListId="8c84fa94-04c1-424b-9868-57a2d4851a1d" />
    <TestEntry testId="01ca0618-2905-a3f1-1e58-5298a09e0cee" executionId="42ab85b2-e642-4612-9efa-305f35b8d053" testListId="8c84fa94-04c1-424b-9868-57a2d4851a1d" />
    <TestEntry testId="80479513-612c-5471-b1ce-bed63c484a8e" executionId="fdd37ff9-521d-4892-a05b-28d6935890b6" testListId="8c84fa94-04c1-424b-9868-57a2d4851a1d" />
    <TestEntry testId="a63b9b32-9843-4578-7c16-e7912a841502" executionId="70647654-cf9f-4ed6-9d03-9eee1e596765" testListId="8c84fa94-04c1-424b-9868-57a2d4851a1d" />
    <TestEntry testId="b8f401d8-9d2f-a3f6-8797-5e17eac2644f" executionId="96ff1f8a-6b5f-49c8-9ab2-5e4e57d44206" testListId="8c84fa94-04c1-424b-9868-57a2d4851a1d" />
  </TestEntries>
  <TestLists>
    <TestList name="Results Not in a List" id="8c84fa94-04c1-424b-9868-57a2d4851a1d" />
    <TestList name="All Loaded Results" id="19431567-8539-422a-85d7-44ee4e166bda" />
  </TestLists>
  <ResultSummary outcome="Completed">
    <Counters total="22" executed="22" passed="22" failed="0" error="0" timeout="0" aborted="0" inconclusive="0" passedButRunAborted="0" notRunnable="0" notExecuted="0" disconnected="0" warning="0" completed="0" inProgress="0" pending="0" />
  </ResultSummary>
</TestRun>