<?xml version="1.0" encoding="utf-8"?>
<TestRun id="92d8ae8e-2504-4c9c-9d96-c28f58ea046d" name="DKSR-EFI-04$@DKSR-EFI-04 2023-12-22 09:33:06" runUser="NT AUTHORITY\NETWORK SERVICE" xmlns="http://microsoft.com/schemas/VisualStudio/TeamTest/2010">
  <Times creation="2023-12-22T09:33:06.0373730+01:00" queuing="2023-12-22T09:33:06.0373730+01:00" start="2023-12-22T09:33:04.7873656+01:00" finish="2023-12-22T09:33:06.0842465+01:00" />
  <TestSettings name="default" id="75fa2ff5-ee50-47b8-910b-7e1603e04db2">
    <Deployment runDeploymentRoot="DKSR-EFI-04$_DKSR-EFI-04_2023-12-22_09_33_06" />
  </TestSettings>
  <Results>
    <UnitTestResult executionId="7aac784d-0846-4e59-a778-e09c7ebda29c" testId="4afd3d3c-358f-16c3-78cb-402700a5b5d3" testName="TestForAssemblyCoverage" computerName="DKSR-EFI-04" duration="00:00:00.0359645" startTime="2023-12-22T09:33:05.5061187+01:00" endTime="2023-12-22T09:33:05.6311201+01:00" testType="13cdc9d9-ddb5-4fa4-a97d-d965ccfc6d4b" outcome="Passed" testListId="8c84fa94-04c1-424b-9868-57a2d4851a1d" relativeResultsDirectory="7aac784d-0846-4e59-a778-e09c7ebda29c" />
  </Results>
  <TestDefinitions>
    <UnitTest name="TestForAssemblyCoverage" storage="d:\actions-runner\_work\xpco\xpco\corporate\recordingserver\recorderservice\tst\videoos.recorder.service.traycontroller.unittests\bin\x64\debug\net472\videoos.recorder.service.traycontroller.unittests.dll" id="4afd3d3c-358f-16c3-78cb-402700a5b5d3">
      <Execution id="7aac784d-0846-4e59-a778-e09c7ebda29c" />
      <TestMethod codeBase="D:\actions-runner\_work\XPCO\XPCO\Corporate\RecordingServer\RecorderService\tst\VideoOS.Recorder.Service.TrayController.UnitTests\bin\x64\Debug\net472\VideoOS.Recorder.Service.TrayController.UnitTests.dll" adapterTypeName="executor://mstestadapter/v2" className="VideoOS.Recorder.Service.TrayController.UnitTests.UnitTest1" name="TestForAssemblyCoverage" />
    </UnitTest>
  </TestDefinitions>
  <TestEntries>
    <TestEntry testId="4afd3d3c-358f-16c3-78cb-402700a5b5d3" executionId="7aac784d-0846-4e59-a778-e09c7ebda29c" testListId="8c84fa94-04c1-424b-9868-57a2d4851a1d" />
  </TestEntries>
  <TestLists>
    <TestList name="Results Not in a List" id="8c84fa94-04c1-424b-9868-57a2d4851a1d" />
    <TestList name="All Loaded Results" id="19431567-8539-422a-85d7-44ee4e166bda" />
  </TestLists>
  <ResultSummary outcome="Completed">
    <Counters total="1" executed="1" passed="1" failed="0" error="0" timeout="0" aborted="0" inconclusive="0" passedButRunAborted="0" notRunnable="0" notExecuted="0" disconnected="0" warning="0" completed="0" inProgress="0" pending="0" />
  </ResultSummary>
</TestRun>