<?xml version="1.0" encoding="utf-8"?>
<TestRun id="bcef36dc-ab3c-437b-841e-9bf594659fb1" name="DKSR-EFI-04$@DKSR-EFI-04 2023-12-22 09:34:29" runUser="NT AUTHORITY\NETWORK SERVICE" xmlns="http://microsoft.com/schemas/VisualStudio/TeamTest/2010">
  <Times creation="2023-12-22T09:34:29.9127833+01:00" queuing="2023-12-22T09:34:29.9127833+01:00" start="2023-12-22T09:34:20.6314877+01:00" finish="2023-12-22T09:34:31.6315427+01:00" />
  <TestSettings name="default" id="28c5be3b-d7e0-4777-adc9-16eb93f68787">
    <Deployment runDeploymentRoot="DKSR-EFI-04$_DKSR-EFI-04_2023-12-22_09_34_29" />
  </TestSettings>
  <Results>
    <UnitTestResult executionId="730d5e80-3488-4b6a-ad23-b1a463457c2c" testId="51fdc1ed-0ab0-6c98-1f01-3d8d98494f5c" testName="Constructor_ShouldThrowArgumentNullException_WhenConfigFilterManagerIsNull" computerName="DKSR-EFI-04" duration="00:00:00.0009821" startTime="2023-12-22T09:34:29.7721586+01:00" endTime="2023-12-22T09:34:29.7721586+01:00" testType="13cdc9d9-ddb5-4fa4-a97d-d965ccfc6d4b" outcome="Passed" testListId="8c84fa94-04c1-424b-9868-57a2d4851a1d" relativeResultsDirectory="730d5e80-3488-4b6a-ad23-b1a463457c2c" />
    <UnitTestResult executionId="8399d5bd-f9aa-4440-8dab-dfe656cbb1b1" testId="252da588-b738-e7f5-07d5-e14813f0aa72" testName="CanTriggerEvent_ReturnsFalse_WhenRestrictedEvent (Generic)" computerName="DKSR-EFI-04" duration="00:00:00.0038761" startTime="2023-12-22T09:34:31.0221623+01:00" endTime="2023-12-22T09:34:31.0221623+01:00" testType="13cdc9d9-ddb5-4fa4-a97d-d965ccfc6d4b" outcome="Passed" testListId="8c84fa94-04c1-424b-9868-57a2d4851a1d" relativeResultsDirectory="8399d5bd-f9aa-4440-8dab-dfe656cbb1b1" />
    <UnitTestResult executionId="ddaa6706-2f25-4419-b751-eadc23c81485" testId="b3f106ae-1437-e583-be78-8138d9d6840f" testName="CanTriggerBaseEvent_ReturnsTrue_WhenServiceToken (Generic)" computerName="DKSR-EFI-04" duration="00:00:00.0045509" startTime="2023-12-22T09:34:30.8971631+01:00" endTime="2023-12-22T09:34:30.9127873+01:00" testType="13cdc9d9-ddb5-4fa4-a97d-d965ccfc6d4b" outcome="Passed" testListId="8c84fa94-04c1-424b-9868-57a2d4851a1d" relativeResultsDirectory="ddaa6706-2f25-4419-b751-eadc23c81485" />
    <UnitTestResult executionId="06326a66-83c0-4c43-bafe-4a1c71f5e044" testId="05b487fe-bd82-ea2f-6977-8657d26083bc" testName="CanReadBaseEvent_ReturnsTrue_WhenEvent (UserDefined)" computerName="DKSR-EFI-04" duration="00:00:00.0027482" startTime="2023-12-22T09:34:30.9909140+01:00" endTime="2023-12-22T09:34:31.0065386+01:00" testType="13cdc9d9-ddb5-4fa4-a97d-d965ccfc6d4b" outcome="Passed" testListId="8c84fa94-04c1-424b-9868-57a2d4851a1d" relativeResultsDirectory="06326a66-83c0-4c43-bafe-4a1c71f5e044" />
    <UnitTestResult executionId="338f259d-e858-4656-9666-056144d8fc52" testId="feae33bc-d61e-ecec-94fa-d0e605001d3e" testName="GetExpirationDate_ShouldReturnTimestamp_WhenDefaultRetentionIsZero" computerName="DKSR-EFI-04" duration="00:00:00.0007797" startTime="2023-12-22T09:34:29.9284090+01:00" endTime="2023-12-22T09:34:29.9284090+01:00" testType="13cdc9d9-ddb5-4fa4-a97d-d965ccfc6d4b" outcome="Passed" testListId="8c84fa94-04c1-424b-9868-57a2d4851a1d" relativeResultsDirectory="338f259d-e858-4656-9666-056144d8fc52" />
    <UnitTestResult executionId="5c184d7b-483c-430c-840f-0fa8366116e9" testId="4703e4d0-e3c1-4daa-02f2-d72582880e4d" testName="Constructor_ShouldThrowArgumentNullException_WhenConfigFilterManagerIsNull" computerName="DKSR-EFI-04" duration="00:00:00.0440564" startTime="2023-12-22T09:34:29.4909063+01:00" endTime="2023-12-22T09:34:29.5377817+01:00" testType="13cdc9d9-ddb5-4fa4-a97d-d965ccfc6d4b" outcome="Passed" testListId="8c84fa94-04c1-424b-9868-57a2d4851a1d" relativeResultsDirectory="5c184d7b-483c-430c-840f-0fa8366116e9" />
    <UnitTestResult executionId="34fd2c67-5901-4d91-a824-ed67a0b0d881" testId="ed50f478-3dbe-e89a-bc68-d299a3059763" testName="CanReadBaseEvent_ReturnsFalse_WhenNoAccessToSource (Plugin)" computerName="DKSR-EFI-04" duration="00:00:00.0028104" startTime="2023-12-22T09:34:30.9440393+01:00" endTime="2023-12-22T09:34:30.9440393+01:00" testType="13cdc9d9-ddb5-4fa4-a97d-d965ccfc6d4b" outcome="Passed" testListId="8c84fa94-04c1-424b-9868-57a2d4851a1d" relativeResultsDirectory="34fd2c67-5901-4d91-a824-ed67a0b0d881" />
    <UnitTestResult executionId="d248727a-0652-4b11-99c7-4fad4497882d" testId="aac208fd-f16f-3072-dd81-469239986eea" testName="CanReadEvent_ReturnsTrue_WhenEvent (Generic)" computerName="DKSR-EFI-04" duration="00:00:00.0028218" startTime="2023-12-22T09:34:30.9752886+01:00" endTime="2023-12-22T09:34:30.9752886+01:00" testType="13cdc9d9-ddb5-4fa4-a97d-d965ccfc6d4b" outcome="Passed" testListId="8c84fa94-04c1-424b-9868-57a2d4851a1d" relativeResultsDirectory="d248727a-0652-4b11-99c7-4fad4497882d" />
    <UnitTestResult executionId="729fde2d-c78e-420b-9399-5637b3423cd1" testId="006cfdd4-f59e-5ae2-2ebd-9b6b515752e6" testName="Constructor_ShouldThrowArgumentNullException_WhenEventRetentionConfigIsNull" computerName="DKSR-EFI-04" duration="00:00:00.5987245" startTime="2023-12-22T09:34:28.4596503+01:00" endTime="2023-12-22T09:34:29.4284046+01:00" testType="13cdc9d9-ddb5-4fa4-a97d-d965ccfc6d4b" outcome="Passed" testListId="8c84fa94-04c1-424b-9868-57a2d4851a1d" relativeResultsDirectory="729fde2d-c78e-420b-9399-5637b3423cd1" />
    <UnitTestResult executionId="af8c5699-dbce-46e7-9104-85fc5f8ad83a" testId="ffb8d590-65d4-fef1-321d-956b32fe918a" testName="Constructor_ShouldThrowArgumentNullException_WhenEventRetentionConfigIsNull" computerName="DKSR-EFI-04" duration="00:00:00.0045420" startTime="2023-12-22T09:34:29.7565354+01:00" endTime="2023-12-22T09:34:29.7721586+01:00" testType="13cdc9d9-ddb5-4fa4-a97d-d965ccfc6d4b" outcome="Passed" testListId="8c84fa94-04c1-424b-9868-57a2d4851a1d" relativeResultsDirectory="af8c5699-dbce-46e7-9104-85fc5f8ad83a" />
    <UnitTestResult executionId="1397a375-1786-48ca-9385-4bd4c73f2c46" testId="277c9b63-7ac0-6155-8530-375fb52cb873" testName="CanTriggerBaseEvent_ReturnsTrue_WhenServiceToken (UserDefined)" computerName="DKSR-EFI-04" duration="00:00:00.0026119" startTime="2023-12-22T09:34:30.9127873+01:00" endTime="2023-12-22T09:34:30.9127873+01:00" testType="13cdc9d9-ddb5-4fa4-a97d-d965ccfc6d4b" outcome="Passed" testListId="8c84fa94-04c1-424b-9868-57a2d4851a1d" relativeResultsDirectory="1397a375-1786-48ca-9385-4bd4c73f2c46" />
    <UnitTestResult executionId="20aa2797-6c22-488d-9ac9-cdaa81f78ffd" testId="b139e58f-7567-02c2-e765-21af397e4452" testName="Dispose_ShouldDisposeTimer_OnShutDown" computerName="DKSR-EFI-04" duration="00:00:00.0028959" startTime="2023-12-22T09:34:29.7565354+01:00" endTime="2023-12-22T09:34:29.7565354+01:00" testType="13cdc9d9-ddb5-4fa4-a97d-d965ccfc6d4b" outcome="Passed" testListId="8c84fa94-04c1-424b-9868-57a2d4851a1d" relativeResultsDirectory="20aa2797-6c22-488d-9ac9-cdaa81f78ffd" />
    <UnitTestResult executionId="8f29b502-ab4d-465c-82a3-9d0914fc2ec8" testId="823d3ed2-5b68-7647-c186-b492fa760906" testName="EventsTypeCache_ReturnsCorrectEventType_OnKnownInitializedEventId" computerName="DKSR-EFI-04" duration="00:00:00.0035104" startTime="2023-12-22T09:34:30.3815348+01:00" endTime="2023-12-22T09:34:30.3815348+01:00" testType="13cdc9d9-ddb5-4fa4-a97d-d965ccfc6d4b" outcome="Passed" testListId="8c84fa94-04c1-424b-9868-57a2d4851a1d" relativeResultsDirectory="8f29b502-ab4d-465c-82a3-9d0914fc2ec8" />
    <UnitTestResult executionId="458bfa79-298d-4b8e-9839-8ed1061235fc" testId="53aabe53-3c03-a1a3-0917-7cbab483bb60" testName="CanReadEvent_ReturnsTrue_WhenEvent (Plugin)" computerName="DKSR-EFI-04" duration="00:00:00.0021189" startTime="2023-12-22T09:34:30.9752886+01:00" endTime="2023-12-22T09:34:30.9752886+01:00" testType="13cdc9d9-ddb5-4fa4-a97d-d965ccfc6d4b" outcome="Passed" testListId="8c84fa94-04c1-424b-9868-57a2d4851a1d" relativeResultsDirectory="458bfa79-298d-4b8e-9839-8ed1061235fc" />
    <UnitTestResult executionId="b2c6caed-a1d3-427c-add5-8991a1393cb0" testId="5e28c1d0-ddd1-a3e3-40aa-c884a0e91f3a" testName="CanTriggerEvent_ReturnsFalse_WhenRestrictedEvent (System)" computerName="DKSR-EFI-04" duration="00:00:00.0023311" startTime="2023-12-22T09:34:31.0221623+01:00" endTime="2023-12-22T09:34:31.0221623+01:00" testType="13cdc9d9-ddb5-4fa4-a97d-d965ccfc6d4b" outcome="Passed" testListId="8c84fa94-04c1-424b-9868-57a2d4851a1d" relativeResultsDirectory="b2c6caed-a1d3-427c-add5-8991a1393cb0" />
    <UnitTestResult executionId="7626667a-12b4-4a5a-84e4-1405d97849ed" testId="141f93e9-3fa2-3d7e-1849-c13c9de33146" testName="CanTriggerBaseEvent_ReturnsFalse_WhenNoAccessToSource (Plugin)" computerName="DKSR-EFI-04" duration="00:00:00.0028371" startTime="2023-12-22T09:34:30.9596621+01:00" endTime="2023-12-22T09:34:30.9752886+01:00" testType="13cdc9d9-ddb5-4fa4-a97d-d965ccfc6d4b" outcome="Passed" testListId="8c84fa94-04c1-424b-9868-57a2d4851a1d" relativeResultsDirectory="7626667a-12b4-4a5a-84e4-1405d97849ed" />
    <UnitTestResult executionId="79b2edc4-76a5-46a4-9670-7c17e04a940c" testId="15e2ad10-6be6-f4f0-8f1a-8a9d02d8fba1" testName="CanTriggerEvent_ReturnsTrue_WhenServiceToken (Generic)" computerName="DKSR-EFI-04" duration="00:00:00.0029094" startTime="2023-12-22T09:34:30.8815380+01:00" endTime="2023-12-22T09:34:30.8815380+01:00" testType="13cdc9d9-ddb5-4fa4-a97d-d965ccfc6d4b" outcome="Passed" testListId="8c84fa94-04c1-424b-9868-57a2d4851a1d" relativeResultsDirectory="79b2edc4-76a5-46a4-9670-7c17e04a940c" />
    <UnitTestResult executionId="f0042c71-e3f0-4b34-9739-953955bf005d" testId="a95d489b-f484-bac4-e59b-ef9f10b40d28" testName="CanReadBaseEvent_ReturnsTrue_WhenServiceToken (System)" computerName="DKSR-EFI-04" duration="00:00:00.0035818" startTime="2023-12-22T09:34:30.8659126+01:00" endTime="2023-12-22T09:34:30.8815380+01:00" testType="13cdc9d9-ddb5-4fa4-a97d-d965ccfc6d4b" outcome="Passed" testListId="8c84fa94-04c1-424b-9868-57a2d4851a1d" relativeResultsDirectory="f0042c71-e3f0-4b34-9739-953955bf005d" />
    <UnitTestResult executionId="e4d23ec0-3e4c-4fcf-a4e2-0781cefc3dce" testId="4ff5f407-b337-5136-2788-919d52df336b" testName="CanReadBaseEvent_ReturnsTrue_WhenServiceToken (Plugin)" computerName="DKSR-EFI-04" duration="00:00:00.0033008" startTime="2023-12-22T09:34:30.8659126+01:00" endTime="2023-12-22T09:34:30.8659126+01:00" testType="13cdc9d9-ddb5-4fa4-a97d-d965ccfc6d4b" outcome="Passed" testListId="8c84fa94-04c1-424b-9868-57a2d4851a1d" relativeResultsDirectory="e4d23ec0-3e4c-4fcf-a4e2-0781cefc3dce" />
    <UnitTestResult executionId="64ea6c96-210b-47f1-8127-fa9960463e04" testId="0d17111d-4bcc-7465-5d12-635a518a19e2" testName="EventsTypeCache_ReturnsCorrectGroupId_OnKnownInitializedEventId" computerName="DKSR-EFI-04" duration="00:00:00.4225187" startTime="2023-12-22T09:34:29.9596598+01:00" endTime="2023-12-22T09:34:30.3815348+01:00" testType="13cdc9d9-ddb5-4fa4-a97d-d965ccfc6d4b" outcome="Passed" testListId="8c84fa94-04c1-424b-9868-57a2d4851a1d" relativeResultsDirectory="64ea6c96-210b-47f1-8127-fa9960463e04" />
    <UnitTestResult executionId="6b2683d1-a900-46b7-aedc-ff24b9d4546d" testId="7e5c5e5c-6e2b-26bb-73b5-03fd4e7512ca" testName="CanReadBaseEvent_ReturnsTrue_WhenEvent (Generic)" computerName="DKSR-EFI-04" duration="00:00:00.0030675" startTime="2023-12-22T09:34:30.9909140+01:00" endTime="2023-12-22T09:34:30.9909140+01:00" testType="13cdc9d9-ddb5-4fa4-a97d-d965ccfc6d4b" outcome="Passed" testListId="8c84fa94-04c1-424b-9868-57a2d4851a1d" relativeResultsDirectory="6b2683d1-a900-46b7-aedc-ff24b9d4546d" />
    <UnitTestResult executionId="954581a0-5a1c-4db2-9be8-d4517f8b589c" testId="98d49c9e-e57a-593d-fab1-6a166fa2a252" testName="GetExpirationDate_ShouldReturn5DaysFromTimestamp_WhenGroupRetentionIs5" computerName="DKSR-EFI-04" duration="00:00:00.0028876" startTime="2023-12-22T09:34:29.9284090+01:00" endTime="2023-12-22T09:34:29.9440329+01:00" testType="13cdc9d9-ddb5-4fa4-a97d-d965ccfc6d4b" outcome="Passed" testListId="8c84fa94-04c1-424b-9868-57a2d4851a1d" relativeResultsDirectory="954581a0-5a1c-4db2-9be8-d4517f8b589c" />
    <UnitTestResult executionId="6053fb9d-723e-44da-8b8c-85a26969fbb1" testId="77a62780-3a87-c9a9-3658-02651b139284" testName="CanReadEvent_ReturnsTrue_WhenEvent (System)" computerName="DKSR-EFI-04" duration="00:00:00.0021518" startTime="2023-12-22T09:34:30.9909140+01:00" endTime="2023-12-22T09:34:30.9909140+01:00" testType="13cdc9d9-ddb5-4fa4-a97d-d965ccfc6d4b" outcome="Passed" testListId="8c84fa94-04c1-424b-9868-57a2d4851a1d" relativeResultsDirectory="6053fb9d-723e-44da-8b8c-85a26969fbb1" />
    <UnitTestResult executionId="8a504236-4cbd-454d-a3a6-25fc4ed7efda" testId="6f35b936-6444-18c8-0b81-2c2c6f9d78b5" testName="GetExpirationDate_ShouldReturnTimestamp_WhenEventRetentionIsZero" computerName="DKSR-EFI-04" duration="00:00:00.0063421" startTime="2023-12-22T09:34:29.9127833+01:00" endTime="2023-12-22T09:34:29.9127833+01:00" testType="13cdc9d9-ddb5-4fa4-a97d-d965ccfc6d4b" outcome="Passed" testListId="8c84fa94-04c1-424b-9868-57a2d4851a1d" relativeResultsDirectory="8a504236-4cbd-454d-a3a6-25fc4ed7efda" />
    <UnitTestResult executionId="e4c3a001-c0a7-449f-9d12-3e33fe19277a" testId="9fa57a39-4e10-014c-7081-775e21f575fd" testName="GetExpirationDate_ShouldReturn5DaysFromTimestamp_WhenDefaultRetentionIs5" computerName="DKSR-EFI-04" duration="00:00:00.0008428" startTime="2023-12-22T09:34:29.9440329+01:00" endTime="2023-12-22T09:34:29.9440329+01:00" testType="13cdc9d9-ddb5-4fa4-a97d-d965ccfc6d4b" outcome="Passed" testListId="8c84fa94-04c1-424b-9868-57a2d4851a1d" relativeResultsDirectory="e4c3a001-c0a7-449f-9d12-3e33fe19277a" />
    <UnitTestResult executionId="d22be56a-0b6c-4c27-91f5-f83081fd8e81" testId="0c68a89b-7b19-7347-721e-06476beb017a" testName="ShouldStoreEvent_ShouldReturnTrue_WhenGroupRetentionIsNonZero" computerName="DKSR-EFI-04" duration="00:00:00.0027090" startTime="2023-12-22T09:34:29.8971580+01:00" endTime="2023-12-22T09:34:29.9127833+01:00" testType="13cdc9d9-ddb5-4fa4-a97d-d965ccfc6d4b" outcome="Passed" testListId="8c84fa94-04c1-424b-9868-57a2d4851a1d" relativeResultsDirectory="d22be56a-0b6c-4c27-91f5-f83081fd8e81" />
    <UnitTestResult executionId="3d011e53-991b-4d94-869f-c115c0d01ae8" testId="c09a5ad1-be59-a208-a1a8-44924d9aa496" testName="CanReadBaseEvent_ReturnsFalse_WhenNoAccessToSource (UserDefined)" computerName="DKSR-EFI-04" duration="00:00:00.0030054" startTime="2023-12-22T09:34:30.9440393+01:00" endTime="2023-12-22T09:34:30.9440393+01:00" testType="13cdc9d9-ddb5-4fa4-a97d-d965ccfc6d4b" outcome="Passed" testListId="8c84fa94-04c1-424b-9868-57a2d4851a1d" relativeResultsDirectory="3d011e53-991b-4d94-869f-c115c0d01ae8" />
    <UnitTestResult executionId="e987e8d5-6036-432b-8c62-8d3682ce0a22" testId="45518f28-1410-acf8-7d30-abd035e4a78d" testName="CanTriggerEvent_ReturnsFalse_WhenNoAccessToSource (UserDefined)" computerName="DKSR-EFI-04" duration="00:00:00.0024201" startTime="2023-12-22T09:34:30.9440393+01:00" endTime="2023-12-22T09:34:30.9440393+01:00" testType="13cdc9d9-ddb5-4fa4-a97d-d965ccfc6d4b" outcome="Passed" testListId="8c84fa94-04c1-424b-9868-57a2d4851a1d" relativeResultsDirectory="e987e8d5-6036-432b-8c62-8d3682ce0a22" />
    <UnitTestResult executionId="57607350-7f62-4cbf-9f5a-b0af8f96f2b1" testId="2e92e005-fd8e-7d79-b7e9-600ed234cb44" testName="CanTriggerBaseEvent_ReturnsFalse_WhenRestrictedEvent (Generic)" computerName="DKSR-EFI-04" duration="00:00:00.0034049" startTime="2023-12-22T09:34:31.0377898+01:00" endTime="2023-12-22T09:34:31.0377898+01:00" testType="13cdc9d9-ddb5-4fa4-a97d-d965ccfc6d4b" outcome="Passed" testListId="8c84fa94-04c1-424b-9868-57a2d4851a1d" relativeResultsDirectory="57607350-7f62-4cbf-9f5a-b0af8f96f2b1" />
    <UnitTestResult executionId="0e56fa1b-0966-4b3a-89ab-aaa91d4bbf55" testId="f19c9b20-45be-dac6-2cac-4972ceff78bd" testName="CanReadEvent_ReturnsTrue_WhenEvent (UserDefined)" computerName="DKSR-EFI-04" duration="00:00:00.0020692" startTime="2023-12-22T09:34:30.9752886+01:00" endTime="2023-12-22T09:34:30.9752886+01:00" testType="13cdc9d9-ddb5-4fa4-a97d-d965ccfc6d4b" outcome="Passed" testListId="8c84fa94-04c1-424b-9868-57a2d4851a1d" relativeResultsDirectory="0e56fa1b-0966-4b3a-89ab-aaa91d4bbf55" />
    <UnitTestResult executionId="39b87776-e86f-4145-b8c3-d9f515b7edd4" testId="5f466e01-f321-7f45-472d-f8d5358848fc" testName="ShouldStoreEvent_ShouldReturnFalse_WhenGroupRetentionIsZero" computerName="DKSR-EFI-04" duration="00:00:00.0164853" startTime="2023-12-22T09:34:29.8502823+01:00" endTime="2023-12-22T09:34:29.8659064+01:00" testType="13cdc9d9-ddb5-4fa4-a97d-d965ccfc6d4b" outcome="Passed" testListId="8c84fa94-04c1-424b-9868-57a2d4851a1d" relativeResultsDirectory="39b87776-e86f-4145-b8c3-d9f515b7edd4" />
    <UnitTestResult executionId="3ae28098-3275-4375-b7e9-33c538d5f830" testId="03b1aad4-00a3-252a-bc69-07c1e68b7da4" testName="CanReadEvent_ReturnsTrue_WhenServiceToken (Plugin)" computerName="DKSR-EFI-04" duration="00:00:00.0020713" startTime="2023-12-22T09:34:30.8346633+01:00" endTime="2023-12-22T09:34:30.8346633+01:00" testType="13cdc9d9-ddb5-4fa4-a97d-d965ccfc6d4b" outcome="Passed" testListId="8c84fa94-04c1-424b-9868-57a2d4851a1d" relativeResultsDirectory="3ae28098-3275-4375-b7e9-33c538d5f830" />
    <UnitTestResult executionId="65209f07-aafc-432a-a1c0-350d56deab7f" testId="a3a03c03-08f0-56ef-314c-619079c812f6" testName="UpdateEventsExpiration_ShouldUpdateRetentionInBothActiveAndInactiveTables_WhenRetentionValuesChange" computerName="DKSR-EFI-04" duration="00:00:00.1723583" startTime="2023-12-22T09:34:29.5377817+01:00" endTime="2023-12-22T09:34:29.7096580+01:00" testType="13cdc9d9-ddb5-4fa4-a97d-d965ccfc6d4b" outcome="Passed" testListId="8c84fa94-04c1-424b-9868-57a2d4851a1d" relativeResultsDirectory="65209f07-aafc-432a-a1c0-350d56deab7f" />
    <UnitTestResult executionId="77b125f7-e97e-476a-bf92-ed3d65587c2a" testId="20453c2b-e390-bc06-99c4-fa1e3b32a8e6" testName="CanTriggerEvent_ReturnsFalse_WhenNoAccessToSource (Plugin)" computerName="DKSR-EFI-04" duration="00:00:00.0022872" startTime="2023-12-22T09:34:30.9596621+01:00" endTime="2023-12-22T09:34:30.9596621+01:00" testType="13cdc9d9-ddb5-4fa4-a97d-d965ccfc6d4b" outcome="Passed" testListId="8c84fa94-04c1-424b-9868-57a2d4851a1d" relativeResultsDirectory="77b125f7-e97e-476a-bf92-ed3d65587c2a" />
    <UnitTestResult executionId="3009e912-8db4-46d7-a7ac-9a608226fb35" testId="dab07678-03af-93fe-8c0b-59b5be6fdd1c" testName="GetExpirationDate_ShouldReturnTimestamp_WhenGroupRetentionIsZero" computerName="DKSR-EFI-04" duration="00:00:00.0026441" startTime="2023-12-22T09:34:29.9284090+01:00" endTime="2023-12-22T09:34:29.9284090+01:00" testType="13cdc9d9-ddb5-4fa4-a97d-d965ccfc6d4b" outcome="Passed" testListId="8c84fa94-04c1-424b-9868-57a2d4851a1d" relativeResultsDirectory="3009e912-8db4-46d7-a7ac-9a608226fb35" />
    <UnitTestResult executionId="7676f002-86db-474b-8bdb-1d478ac2979b" testId="21df9d0b-294b-18a3-e8c8-8618f36ceb5b" testName="Start_ShouldCreateTimer_WhichCallsDeleteExpireWithThresholdFromAppConfig" computerName="DKSR-EFI-04" duration="00:00:00.0379302" startTime="2023-12-22T09:34:29.7096580+01:00" endTime="2023-12-22T09:34:29.7565354+01:00" testType="13cdc9d9-ddb5-4fa4-a97d-d965ccfc6d4b" outcome="Passed" testListId="8c84fa94-04c1-424b-9868-57a2d4851a1d" relativeResultsDirectory="7676f002-86db-474b-8bdb-1d478ac2979b" />
    <UnitTestResult executionId="28cc945a-d378-4dd2-acfe-75631a437334" testId="51e95447-a3a4-00a0-1cfd-e0a41ee04691" testName="CanReadBaseEvent_ReturnsTrue_WhenEvent (Plugin)" computerName="DKSR-EFI-04" duration="00:00:00.0087863" startTime="2023-12-22T09:34:31.0065386+01:00" endTime="2023-12-22T09:34:31.0065386+01:00" testType="13cdc9d9-ddb5-4fa4-a97d-d965ccfc6d4b" outcome="Passed" testListId="8c84fa94-04c1-424b-9868-57a2d4851a1d" relativeResultsDirectory="28cc945a-d378-4dd2-acfe-75631a437334" />
    <UnitTestResult executionId="a4eb9f57-b45b-46f5-8b32-3f34a7b7ea43" testId="800fdd38-2857-5678-a5ad-880a86a63143" testName="MipMessageSubscriber_NotifiesSubscribers_OnMipMessage" computerName="DKSR-EFI-04" duration="00:00:00.1090037" startTime="2023-12-22T09:34:30.4909113+01:00" endTime="2023-12-22T09:34:30.6002882+01:00" testType="13cdc9d9-ddb5-4fa4-a97d-d965ccfc6d4b" outcome="Passed" testListId="8c84fa94-04c1-424b-9868-57a2d4851a1d" relativeResultsDirectory="a4eb9f57-b45b-46f5-8b32-3f34a7b7ea43" />
    <UnitTestResult executionId="17eb369c-4e07-4de1-bbd6-a193506f5dfe" testId="02430792-fdc0-9385-7315-1a449d5b5719" testName="ShouldStoreEvent_ShouldReturnFalse_WhenEventRetentionIsZero" computerName="DKSR-EFI-04" duration="00:00:00.0776983" startTime="2023-12-22T09:34:29.7721586+01:00" endTime="2023-12-22T09:34:29.8502823+01:00" testType="13cdc9d9-ddb5-4fa4-a97d-d965ccfc6d4b" outcome="Passed" testListId="8c84fa94-04c1-424b-9868-57a2d4851a1d" relativeResultsDirectory="17eb369c-4e07-4de1-bbd6-a193506f5dfe" />
    <UnitTestResult executionId="1e1339ff-569b-4b03-afe8-23e3d995b67f" testId="cee1e231-f0b5-8868-62e2-48babb0f8375" testName="CanReadEvent_ReturnsFalse_WhenNoAccessToSource (Plugin)" computerName="DKSR-EFI-04" duration="00:00:00.0023291" startTime="2023-12-22T09:34:30.9284132+01:00" endTime="2023-12-22T09:34:30.9284132+01:00" testType="13cdc9d9-ddb5-4fa4-a97d-d965ccfc6d4b" outcome="Passed" testListId="8c84fa94-04c1-424b-9868-57a2d4851a1d" relativeResultsDirectory="1e1339ff-569b-4b03-afe8-23e3d995b67f" />
    <UnitTestResult executionId="7fabea20-8321-4cbf-a8c1-ed31f03ba665" testId="5a717115-f254-ca1e-e5d1-09d34d118900" testName="CanTriggerBaseEvent_ReturnsFalse_WhenNoAccessToSource (UserDefined)" computerName="DKSR-EFI-04" duration="00:00:00.0029760" startTime="2023-12-22T09:34:30.9596621+01:00" endTime="2023-12-22T09:34:30.9596621+01:00" testType="13cdc9d9-ddb5-4fa4-a97d-d965ccfc6d4b" outcome="Passed" testListId="8c84fa94-04c1-424b-9868-57a2d4851a1d" relativeResultsDirectory="7fabea20-8321-4cbf-a8c1-ed31f03ba665" />
    <UnitTestResult executionId="6fcc2a39-6676-4c53-b0dd-68630ae0bcad" testId="f77d5569-ede8-999c-aaee-e9d8d59ce1fa" testName="CanReadBaseEvent_ReturnsTrue_WhenEvent (System)" computerName="DKSR-EFI-04" duration="00:00:00.0035261" startTime="2023-12-22T09:34:31.0065386+01:00" endTime="2023-12-22T09:34:31.0221623+01:00" testType="13cdc9d9-ddb5-4fa4-a97d-d965ccfc6d4b" outcome="Passed" testListId="8c84fa94-04c1-424b-9868-57a2d4851a1d" relativeResultsDirectory="6fcc2a39-6676-4c53-b0dd-68630ae0bcad" />
    <UnitTestResult executionId="b437c39f-bc8a-4e43-aa92-a396bade91b9" testId="3078611e-f13e-7a7f-32c7-7708471cfe19" testName="CanReadEvent_ReturnsTrue_WhenServiceToken (UserDefined)" computerName="DKSR-EFI-04" duration="00:00:00.0023027" startTime="2023-12-22T09:34:30.8346633+01:00" endTime="2023-12-22T09:34:30.8346633+01:00" testType="13cdc9d9-ddb5-4fa4-a97d-d965ccfc6d4b" outcome="Passed" testListId="8c84fa94-04c1-424b-9868-57a2d4851a1d" relativeResultsDirectory="b437c39f-bc8a-4e43-aa92-a396bade91b9" />
    <UnitTestResult executionId="d0272c60-ef72-45c8-a043-0eb9d4bd059e" testId="417fc1e9-f922-4e01-873a-08da76265abe" testName="UpdateEventsExpiration_ShouldUpdateEventExpirationDates_WhenUpdateIsEnforced" computerName="DKSR-EFI-04" duration="00:00:00.0094617" startTime="2023-12-22T09:34:29.9440329+01:00" endTime="2023-12-22T09:34:29.9596598+01:00" testType="13cdc9d9-ddb5-4fa4-a97d-d965ccfc6d4b" outcome="Passed" testListId="8c84fa94-04c1-424b-9868-57a2d4851a1d" relativeResultsDirectory="d0272c60-ef72-45c8-a043-0eb9d4bd059e" />
    <UnitTestResult executionId="28077437-40f3-464c-92a6-8c4e36317a60" testId="b4ece948-baf0-0800-46ee-b25b86be5b91" testName="CanReadEvent_ReturnsTrue_WhenServiceToken (System)" computerName="DKSR-EFI-04" duration="00:00:00.0021667" startTime="2023-12-22T09:34:30.8346633+01:00" endTime="2023-12-22T09:34:30.8502891+01:00" testType="13cdc9d9-ddb5-4fa4-a97d-d965ccfc6d4b" outcome="Passed" testListId="8c84fa94-04c1-424b-9868-57a2d4851a1d" relativeResultsDirectory="28077437-40f3-464c-92a6-8c4e36317a60" />
    <UnitTestResult executionId="63d9448c-6780-428d-b09e-68c4cbf618d2" testId="36fdb8b6-2e1a-149a-3e01-02a0fa777cb6" testName="ShouldStoreEvent_ShouldReturnTrue_WhenDefaultRetentionIsNonZero" computerName="DKSR-EFI-04" duration="00:00:00.0007591" startTime="2023-12-22T09:34:29.9127833+01:00" endTime="2023-12-22T09:34:29.9127833+01:00" testType="13cdc9d9-ddb5-4fa4-a97d-d965ccfc6d4b" outcome="Passed" testListId="8c84fa94-04c1-424b-9868-57a2d4851a1d" relativeResultsDirectory="63d9448c-6780-428d-b09e-68c4cbf618d2" />
    <UnitTestResult executionId="6374fbb8-fd8d-4b42-a6a8-2567bcc99020" testId="0b786515-8f01-01ca-7e12-d0f1c87311e8" testName="CanTriggerBaseEvent_ReturnsTrue_WhenServiceToken (System)" computerName="DKSR-EFI-04" duration="00:00:00.0025267" startTime="2023-12-22T09:34:30.9127873+01:00" endTime="2023-12-22T09:34:30.9284132+01:00" testType="13cdc9d9-ddb5-4fa4-a97d-d965ccfc6d4b" outcome="Passed" testListId="8c84fa94-04c1-424b-9868-57a2d4851a1d" relativeResultsDirectory="6374fbb8-fd8d-4b42-a6a8-2567bcc99020" />
    <UnitTestResult executionId="2a198f98-3e36-49fc-8626-49bdff727629" testId="69aebce5-34ac-f350-7998-9fae4db4fe82" testName="CanTriggerEvent_ReturnsTrue_WhenServiceToken (UserDefined)" computerName="DKSR-EFI-04" duration="00:00:00.0021126" startTime="2023-12-22T09:34:30.8815380+01:00" endTime="2023-12-22T09:34:30.8815380+01:00" testType="13cdc9d9-ddb5-4fa4-a97d-d965ccfc6d4b" outcome="Passed" testListId="8c84fa94-04c1-424b-9868-57a2d4851a1d" relativeResultsDirectory="2a198f98-3e36-49fc-8626-49bdff727629" />
    <UnitTestResult executionId="8f73f003-b1c7-41f0-9f65-ffee1e9a5046" testId="a446f1cc-d1be-895d-4ac0-7926728c0506" testName="ShouldStoreEvent_ShouldReturnFalse_WhenDefaultRetentionIsZero" computerName="DKSR-EFI-04" duration="00:00:00.0065649" startTime="2023-12-22T09:34:29.8815330+01:00" endTime="2023-12-22T09:34:29.8971580+01:00" testType="13cdc9d9-ddb5-4fa4-a97d-d965ccfc6d4b" outcome="Passed" testListId="8c84fa94-04c1-424b-9868-57a2d4851a1d" relativeResultsDirectory="8f73f003-b1c7-41f0-9f65-ffee1e9a5046" />
    <UnitTestResult executionId="2eca18bb-c7ec-4a31-91c3-519e182dc2c1" testId="f6cb65d0-3b5b-94da-6844-309a8cd4bde0" testName="CanTriggerBaseEvent_ReturnsFalse_WhenRestrictedEvent (System)" computerName="DKSR-EFI-04" duration="00:00:00.0034398" startTime="2023-12-22T09:34:31.0377898+01:00" endTime="2023-12-22T09:34:31.0377898+01:00" testType="13cdc9d9-ddb5-4fa4-a97d-d965ccfc6d4b" outcome="Passed" testListId="8c84fa94-04c1-424b-9868-57a2d4851a1d" relativeResultsDirectory="2eca18bb-c7ec-4a31-91c3-519e182dc2c1" />
    <UnitTestResult executionId="072667ab-22c2-4d91-ba0c-93cfe547e455" testId="7ed7b993-59ec-ebd0-0b51-0229ff85a8f5" testName="CanTriggerEvent_ReturnsTrue_WhenServiceToken (Plugin)" computerName="DKSR-EFI-04" duration="00:00:00.0025854" startTime="2023-12-22T09:34:30.8971631+01:00" endTime="2023-12-22T09:34:30.8971631+01:00" testType="13cdc9d9-ddb5-4fa4-a97d-d965ccfc6d4b" outcome="Passed" testListId="8c84fa94-04c1-424b-9868-57a2d4851a1d" relativeResultsDirectory="072667ab-22c2-4d91-ba0c-93cfe547e455" />
    <UnitTestResult executionId="24656a8b-5f0d-41c2-9638-47a56d22bba1" testId="febc4460-8402-c14c-784a-9780ed84848e" testName="CanReadBaseEvent_ReturnsTrue_WhenServiceToken (Generic)" computerName="DKSR-EFI-04" duration="00:00:00.0061497" startTime="2023-12-22T09:34:30.8502891+01:00" endTime="2023-12-22T09:34:30.8502891+01:00" testType="13cdc9d9-ddb5-4fa4-a97d-d965ccfc6d4b" outcome="Passed" testListId="8c84fa94-04c1-424b-9868-57a2d4851a1d" relativeResultsDirectory="24656a8b-5f0d-41c2-9638-47a56d22bba1" />
    <UnitTestResult executionId="b7f28be3-1882-4aab-8ddb-8c1f9715eae4" testId="325f4491-daf3-6de2-3920-16f97c0e407a" testName="CanTriggerBaseEvent_ReturnsTrue_WhenServiceToken (Plugin)" computerName="DKSR-EFI-04" duration="00:00:00.0026843" startTime="2023-12-22T09:34:30.9127873+01:00" endTime="2023-12-22T09:34:30.9127873+01:00" testType="13cdc9d9-ddb5-4fa4-a97d-d965ccfc6d4b" outcome="Passed" testListId="8c84fa94-04c1-424b-9868-57a2d4851a1d" relativeResultsDirectory="b7f28be3-1882-4aab-8ddb-8c1f9715eae4" />
    <UnitTestResult executionId="e6d8bf26-e55d-4192-9206-1bbbcdf8c09b" testId="067f5223-a1b1-52ca-b7f6-e1297fb096ce" testName="EventsTypeCache_ReturnsEmptyEventType_OnUnknownNonInitializedEventId" computerName="DKSR-EFI-04" duration="00:00:00.0002924" startTime="2023-12-22T09:34:30.3971614+01:00" endTime="2023-12-22T09:34:30.3971614+01:00" testType="13cdc9d9-ddb5-4fa4-a97d-d965ccfc6d4b" outcome="Passed" testListId="8c84fa94-04c1-424b-9868-57a2d4851a1d" relativeResultsDirectory="e6d8bf26-e55d-4192-9206-1bbbcdf8c09b" />
    <UnitTestResult executionId="99c0b7d8-2b27-4b05-936e-33373cd945fc" testId="cc3ee0e1-f671-56fb-43ca-914143ebdca1" testName="CanReadBaseEvent_ReturnsTrue_WhenServiceToken (UserDefined)" computerName="DKSR-EFI-04" duration="00:00:00.0028761" startTime="2023-12-22T09:34:30.8659126+01:00" endTime="2023-12-22T09:34:30.8659126+01:00" testType="13cdc9d9-ddb5-4fa4-a97d-d965ccfc6d4b" outcome="Passed" testListId="8c84fa94-04c1-424b-9868-57a2d4851a1d" relativeResultsDirectory="99c0b7d8-2b27-4b05-936e-33373cd945fc" />
    <UnitTestResult executionId="7a12bc7b-66fc-4db1-b32d-38b850ff3add" testId="08bb1519-9658-bb9e-007e-6b9e83d889c4" testName="CanReadEvent_ReturnsTrue_WhenServiceToken (Generic)" computerName="DKSR-EFI-04" duration="00:00:00.0327099" startTime="2023-12-22T09:34:30.6002882+01:00" endTime="2023-12-22T09:34:30.8346633+01:00" testType="13cdc9d9-ddb5-4fa4-a97d-d965ccfc6d4b" outcome="Passed" testListId="8c84fa94-04c1-424b-9868-57a2d4851a1d" relativeResultsDirectory="7a12bc7b-66fc-4db1-b32d-38b850ff3add" />
    <UnitTestResult executionId="9aa7ae01-503a-4006-a3a9-387b4e362f6c" testId="dd0ade5b-e66a-248e-bbf3-e37987eec061" testName="EventTypeProviderProxy_CallsInternalImplementer" computerName="DKSR-EFI-04" duration="00:00:00.0967727" startTime="2023-12-22T09:34:30.3971614+01:00" endTime="2023-12-22T09:34:30.4909113+01:00" testType="13cdc9d9-ddb5-4fa4-a97d-d965ccfc6d4b" outcome="Passed" testListId="8c84fa94-04c1-424b-9868-57a2d4851a1d" relativeResultsDirectory="9aa7ae01-503a-4006-a3a9-387b4e362f6c" />
    <UnitTestResult executionId="6e4974e5-0e59-4837-8480-2edc3c9da36f" testId="2447d78e-aef4-ba4e-8fae-e48817933aca" testName="CanTriggerEvent_ReturnsTrue_WhenServiceToken (System)" computerName="DKSR-EFI-04" duration="00:00:00.0021828" startTime="2023-12-22T09:34:30.8971631+01:00" endTime="2023-12-22T09:34:30.8971631+01:00" testType="13cdc9d9-ddb5-4fa4-a97d-d965ccfc6d4b" outcome="Passed" testListId="8c84fa94-04c1-424b-9868-57a2d4851a1d" relativeResultsDirectory="6e4974e5-0e59-4837-8480-2edc3c9da36f" />
    <UnitTestResult executionId="f9c534d8-77ac-46f1-af3a-bb88028af147" testId="c994e312-aae9-bc5e-4d57-c42d1bd9bbce" testName="EventsTypeCache_ReturnsEmptyGroupId_OnUnknownNonInitializedEventId" computerName="DKSR-EFI-04" duration="00:00:00.0003868" startTime="2023-12-22T09:34:30.3815348+01:00" endTime="2023-12-22T09:34:30.3815348+01:00" testType="13cdc9d9-ddb5-4fa4-a97d-d965ccfc6d4b" outcome="Passed" testListId="8c84fa94-04c1-424b-9868-57a2d4851a1d" relativeResultsDirectory="f9c534d8-77ac-46f1-af3a-bb88028af147" />
    <UnitTestResult executionId="59e571a0-626f-46d6-b290-c4c121b18463" testId="3280b4a7-5d4d-4411-55b7-1865a7ac1e54" testName="ShouldStoreEvent_ShouldReturnTrue_WhenEventRetentionIsNonZero" computerName="DKSR-EFI-04" duration="00:00:00.0019879" startTime="2023-12-22T09:34:29.8971580+01:00" endTime="2023-12-22T09:34:29.8971580+01:00" testType="13cdc9d9-ddb5-4fa4-a97d-d965ccfc6d4b" outcome="Passed" testListId="8c84fa94-04c1-424b-9868-57a2d4851a1d" relativeResultsDirectory="59e571a0-626f-46d6-b290-c4c121b18463" />
    <UnitTestResult executionId="23e6313c-ae64-4b20-8a58-28f4d3a5a644" testId="2f2bcb62-785c-1992-a887-ee23ecc213a7" testName="CanReadEvent_ReturnsFalse_WhenNoAccessToSource (UserDefined)" computerName="DKSR-EFI-04" duration="00:00:00.0038408" startTime="2023-12-22T09:34:30.9284132+01:00" endTime="2023-12-22T09:34:30.9284132+01:00" testType="13cdc9d9-ddb5-4fa4-a97d-d965ccfc6d4b" outcome="Passed" testListId="8c84fa94-04c1-424b-9868-57a2d4851a1d" relativeResultsDirectory="23e6313c-ae64-4b20-8a58-28f4d3a5a644" />
    <UnitTestResult executionId="c0566bc0-2a56-4cb7-9793-c01acfc33a73" testId="2888fd49-31e5-80e5-81d7-fab4fcadb96d" testName="GetExpirationDate_ShouldReturn5DaysFromTimestamp_WhenEventRetentionIs5" computerName="DKSR-EFI-04" duration="00:00:00.0018314" startTime="2023-12-22T09:34:29.9284090+01:00" endTime="2023-12-22T09:34:29.9284090+01:00" testType="13cdc9d9-ddb5-4fa4-a97d-d965ccfc6d4b" outcome="Passed" testListId="8c84fa94-04c1-424b-9868-57a2d4851a1d" relativeResultsDirectory="c0566bc0-2a56-4cb7-9793-c01acfc33a73" />
  </Results>
  <TestDefinitions>
    <UnitTest name="ShouldStoreEvent_ShouldReturnTrue_WhenDefaultRetentionIsNonZero" storage="d:\actions-runner\_work\xpco\xpco\eventserver\server\components\central\videoos.eventserver.events.domain.unittest\bin\debug\net472\videoos.eventserver.events.domain.unittest.dll" id="36fdb8b6-2e1a-149a-3e01-02a0fa777cb6">
      <Execution id="63d9448c-6780-428d-b09e-68c4cbf618d2" />
      <TestMethod codeBase="D:\actions-runner\_work\XPCO\XPCO\EventServer\Server\Components\Central\VideoOS.EventServer.Events.Domain.UnitTest\bin\Debug\net472\VideoOS.EventServer.Events.Domain.UnitTest.dll" adapterTypeName="executor://mstestadapter/v2" className="VideoOS.EventServer.Events.Domain.UnitTest.EventTypes.EventRetentionManagerTests" name="ShouldStoreEvent_ShouldReturnTrue_WhenDefaultRetentionIsNonZero" />
    </UnitTest>
    <UnitTest name="CanReadBaseEvent_ReturnsTrue_WhenServiceToken (UserDefined)" storage="d:\actions-runner\_work\xpco\xpco\eventserver\server\components\central\videoos.eventserver.events.domain.unittest\bin\debug\net472\videoos.eventserver.events.domain.unittest.dll" id="cc3ee0e1-f671-56fb-43ca-914143ebdca1">
      <Execution id="99c0b7d8-2b27-4b05-936e-33373cd945fc" />
      <TestMethod codeBase="D:\actions-runner\_work\XPCO\XPCO\EventServer\Server\Components\Central\VideoOS.EventServer.Events.Domain.UnitTest\bin\Debug\net472\VideoOS.EventServer.Events.Domain.UnitTest.dll" adapterTypeName="executor://mstestadapter/v2" className="VideoOS.EventServer.Events.Domain.UnitTest.Authorization.EventAuthorizationTests" name="CanReadBaseEvent_ReturnsTrue_WhenServiceToken" />
    </UnitTest>
    <UnitTest name="Constructor_ShouldThrowArgumentNullException_WhenEventRetentionConfigIsNull" storage="d:\actions-runner\_work\xpco\xpco\eventserver\server\components\central\videoos.eventserver.events.domain.unittest\bin\debug\net472\videoos.eventserver.events.domain.unittest.dll" id="ffb8d590-65d4-fef1-321d-956b32fe918a">
      <Execution id="af8c5699-dbce-46e7-9104-85fc5f8ad83a" />
      <TestMethod codeBase="D:\actions-runner\_work\XPCO\XPCO\EventServer\Server\Components\Central\VideoOS.EventServer.Events.Domain.UnitTest\bin\Debug\net472\VideoOS.EventServer.Events.Domain.UnitTest.dll" adapterTypeName="executor://mstestadapter/v2" className="VideoOS.EventServer.Events.Domain.UnitTest.EventTypes.EventRetentionManagerTests" name="Constructor_ShouldThrowArgumentNullException_WhenEventRetentionConfigIsNull" />
    </UnitTest>
    <UnitTest name="GetExpirationDate_ShouldReturnTimestamp_WhenEventRetentionIsZero" storage="d:\actions-runner\_work\xpco\xpco\eventserver\server\components\central\videoos.eventserver.events.domain.unittest\bin\debug\net472\videoos.eventserver.events.domain.unittest.dll" id="6f35b936-6444-18c8-0b81-2c2c6f9d78b5">
      <Execution id="8a504236-4cbd-454d-a3a6-25fc4ed7efda" />
      <TestMethod codeBase="D:\actions-runner\_work\XPCO\XPCO\EventServer\Server\Components\Central\VideoOS.EventServer.Events.Domain.UnitTest\bin\Debug\net472\VideoOS.EventServer.Events.Domain.UnitTest.dll" adapterTypeName="executor://mstestadapter/v2" className="VideoOS.EventServer.Events.Domain.UnitTest.EventTypes.EventRetentionManagerTests" name="GetExpirationDate_ShouldReturnTimestamp_WhenEventRetentionIsZero" />
    </UnitTest>
    <UnitTest name="ShouldStoreEvent_ShouldReturnFalse_WhenDefaultRetentionIsZero" storage="d:\actions-runner\_work\xpco\xpco\eventserver\server\components\central\videoos.eventserver.events.domain.unittest\bin\debug\net472\videoos.eventserver.events.domain.unittest.dll" id="a446f1cc-d1be-895d-4ac0-7926728c0506">
      <Execution id="8f73f003-b1c7-41f0-9f65-ffee1e9a5046" />
      <TestMethod codeBase="D:\actions-runner\_work\XPCO\XPCO\EventServer\Server\Components\Central\VideoOS.EventServer.Events.Domain.UnitTest\bin\Debug\net472\VideoOS.EventServer.Events.Domain.UnitTest.dll" adapterTypeName="executor://mstestadapter/v2" className="VideoOS.EventServer.Events.Domain.UnitTest.EventTypes.EventRetentionManagerTests" name="ShouldStoreEvent_ShouldReturnFalse_WhenDefaultRetentionIsZero" />
    </UnitTest>
    <UnitTest name="CanTriggerEvent_ReturnsTrue_WhenServiceToken (System)" storage="d:\actions-runner\_work\xpco\xpco\eventserver\server\components\central\videoos.eventserver.events.domain.unittest\bin\debug\net472\videoos.eventserver.events.domain.unittest.dll" id="2447d78e-aef4-ba4e-8fae-e48817933aca">
      <Execution id="6e4974e5-0e59-4837-8480-2edc3c9da36f" />
      <TestMethod codeBase="D:\actions-runner\_work\XPCO\XPCO\EventServer\Server\Components\Central\VideoOS.EventServer.Events.Domain.UnitTest\bin\Debug\net472\VideoOS.EventServer.Events.Domain.UnitTest.dll" adapterTypeName="executor://mstestadapter/v2" className="VideoOS.EventServer.Events.Domain.UnitTest.Authorization.EventAuthorizationTests" name="CanTriggerEvent_ReturnsTrue_WhenServiceToken" />
    </UnitTest>
    <UnitTest name="CanReadEvent_ReturnsFalse_WhenNoAccessToSource (UserDefined)" storage="d:\actions-runner\_work\xpco\xpco\eventserver\server\components\central\videoos.eventserver.events.domain.unittest\bin\debug\net472\videoos.eventserver.events.domain.unittest.dll" id="2f2bcb62-785c-1992-a887-ee23ecc213a7">
      <Execution id="23e6313c-ae64-4b20-8a58-28f4d3a5a644" />
      <TestMethod codeBase="D:\actions-runner\_work\XPCO\XPCO\EventServer\Server\Components\Central\VideoOS.EventServer.Events.Domain.UnitTest\bin\Debug\net472\VideoOS.EventServer.Events.Domain.UnitTest.dll" adapterTypeName="executor://mstestadapter/v2" className="VideoOS.EventServer.Events.Domain.UnitTest.Authorization.EventAuthorizationTests" name="CanReadEvent_ReturnsFalse_WhenNoAccessToSource" />
    </UnitTest>
    <UnitTest name="CanTriggerBaseEvent_ReturnsTrue_WhenServiceToken (Plugin)" storage="d:\actions-runner\_work\xpco\xpco\eventserver\server\components\central\videoos.eventserver.events.domain.unittest\bin\debug\net472\videoos.eventserver.events.domain.unittest.dll" id="325f4491-daf3-6de2-3920-16f97c0e407a">
      <Execution id="b7f28be3-1882-4aab-8ddb-8c1f9715eae4" />
      <TestMethod codeBase="D:\actions-runner\_work\XPCO\XPCO\EventServer\Server\Components\Central\VideoOS.EventServer.Events.Domain.UnitTest\bin\Debug\net472\VideoOS.EventServer.Events.Domain.UnitTest.dll" adapterTypeName="executor://mstestadapter/v2" className="VideoOS.EventServer.Events.Domain.UnitTest.Authorization.EventAuthorizationTests" name="CanTriggerBaseEvent_ReturnsTrue_WhenServiceToken" />
    </UnitTest>
    <UnitTest name="EventsTypeCache_ReturnsCorrectEventType_OnKnownInitializedEventId" storage="d:\actions-runner\_work\xpco\xpco\eventserver\server\components\central\videoos.eventserver.events.domain.unittest\bin\debug\net472\videoos.eventserver.events.domain.unittest.dll" id="823d3ed2-5b68-7647-c186-b492fa760906">
      <Execution id="8f29b502-ab4d-465c-82a3-9d0914fc2ec8" />
      <TestMethod codeBase="D:\actions-runner\_work\XPCO\XPCO\EventServer\Server\Components\Central\VideoOS.EventServer.Events.Domain.UnitTest\bin\Debug\net472\VideoOS.EventServer.Events.Domain.UnitTest.dll" adapterTypeName="executor://mstestadapter/v2" className="VideoOS.EventServer.Events.Domain.UnitTest.EventTypes.EventsTypeCacheTest" name="EventsTypeCache_ReturnsCorrectEventType_OnKnownInitializedEventId" />
    </UnitTest>
    <UnitTest name="CanReadBaseEvent_ReturnsTrue_WhenEvent (UserDefined)" storage="d:\actions-runner\_work\xpco\xpco\eventserver\server\components\central\videoos.eventserver.events.domain.unittest\bin\debug\net472\videoos.eventserver.events.domain.unittest.dll" id="05b487fe-bd82-ea2f-6977-8657d26083bc">
      <Execution id="06326a66-83c0-4c43-bafe-4a1c71f5e044" />
      <TestMethod codeBase="D:\actions-runner\_work\XPCO\XPCO\EventServer\Server\Components\Central\VideoOS.EventServer.Events.Domain.UnitTest\bin\Debug\net472\VideoOS.EventServer.Events.Domain.UnitTest.dll" adapterTypeName="executor://mstestadapter/v2" className="VideoOS.EventServer.Events.Domain.UnitTest.Authorization.EventAuthorizationTests" name="CanReadBaseEvent_ReturnsTrue_WhenEvent" />
    </UnitTest>
    <UnitTest name="CanReadBaseEvent_ReturnsTrue_WhenEvent (Generic)" storage="d:\actions-runner\_work\xpco\xpco\eventserver\server\components\central\videoos.eventserver.events.domain.unittest\bin\debug\net472\videoos.eventserver.events.domain.unittest.dll" id="7e5c5e5c-6e2b-26bb-73b5-03fd4e7512ca">
      <Execution id="6b2683d1-a900-46b7-aedc-ff24b9d4546d" />
      <TestMethod codeBase="D:\actions-runner\_work\XPCO\XPCO\EventServer\Server\Components\Central\VideoOS.EventServer.Events.Domain.UnitTest\bin\Debug\net472\VideoOS.EventServer.Events.Domain.UnitTest.dll" adapterTypeName="executor://mstestadapter/v2" className="VideoOS.EventServer.Events.Domain.UnitTest.Authorization.EventAuthorizationTests" name="CanReadBaseEvent_ReturnsTrue_WhenEvent" />
    </UnitTest>
    <UnitTest name="CanReadEvent_ReturnsTrue_WhenServiceToken (System)" storage="d:\actions-runner\_work\xpco\xpco\eventserver\server\components\central\videoos.eventserver.events.domain.unittest\bin\debug\net472\videoos.eventserver.events.domain.unittest.dll" id="b4ece948-baf0-0800-46ee-b25b86be5b91">
      <Execution id="28077437-40f3-464c-92a6-8c4e36317a60" />
      <TestMethod codeBase="D:\actions-runner\_work\XPCO\XPCO\EventServer\Server\Components\Central\VideoOS.EventServer.Events.Domain.UnitTest\bin\Debug\net472\VideoOS.EventServer.Events.Domain.UnitTest.dll" adapterTypeName="executor://mstestadapter/v2" className="VideoOS.EventServer.Events.Domain.UnitTest.Authorization.EventAuthorizationTests" name="CanReadEvent_ReturnsTrue_WhenServiceToken" />
    </UnitTest>
    <UnitTest name="CanTriggerEvent_ReturnsFalse_WhenNoAccessToSource (UserDefined)" storage="d:\actions-runner\_work\xpco\xpco\eventserver\server\components\central\videoos.eventserver.events.domain.unittest\bin\debug\net472\videoos.eventserver.events.domain.unittest.dll" id="45518f28-1410-acf8-7d30-abd035e4a78d">
      <Execution id="e987e8d5-6036-432b-8c62-8d3682ce0a22" />
      <TestMethod codeBase="D:\actions-runner\_work\XPCO\XPCO\EventServer\Server\Components\Central\VideoOS.EventServer.Events.Domain.UnitTest\bin\Debug\net472\VideoOS.EventServer.Events.Domain.UnitTest.dll" adapterTypeName="executor://mstestadapter/v2" className="VideoOS.EventServer.Events.Domain.UnitTest.Authorization.EventAuthorizationTests" name="CanTriggerEvent_ReturnsFalse_WhenNoAccessToSource" />
    </UnitTest>
    <UnitTest name="CanTriggerEvent_ReturnsTrue_WhenServiceToken (Plugin)" storage="d:\actions-runner\_work\xpco\xpco\eventserver\server\components\central\videoos.eventserver.events.domain.unittest\bin\debug\net472\videoos.eventserver.events.domain.unittest.dll" id="7ed7b993-59ec-ebd0-0b51-0229ff85a8f5">
      <Execution id="072667ab-22c2-4d91-ba0c-93cfe547e455" />
      <TestMethod codeBase="D:\actions-runner\_work\XPCO\XPCO\EventServer\Server\Components\Central\VideoOS.EventServer.Events.Domain.UnitTest\bin\Debug\net472\VideoOS.EventServer.Events.Domain.UnitTest.dll" adapterTypeName="executor://mstestadapter/v2" className="VideoOS.EventServer.Events.Domain.UnitTest.Authorization.EventAuthorizationTests" name="CanTriggerEvent_ReturnsTrue_WhenServiceToken" />
    </UnitTest>
    <UnitTest name="Start_ShouldCreateTimer_WhichCallsDeleteExpireWithThresholdFromAppConfig" storage="d:\actions-runner\_work\xpco\xpco\eventserver\server\components\central\videoos.eventserver.events.domain.unittest\bin\debug\net472\videoos.eventserver.events.domain.unittest.dll" id="21df9d0b-294b-18a3-e8c8-8618f36ceb5b">
      <Execution id="7676f002-86db-474b-8bdb-1d478ac2979b" />
      <TestMethod codeBase="D:\actions-runner\_work\XPCO\XPCO\EventServer\Server\Components\Central\VideoOS.EventServer.Events.Domain.UnitTest\bin\Debug\net472\VideoOS.EventServer.Events.Domain.UnitTest.dll" adapterTypeName="executor://mstestadapter/v2" className="VideoOS.EventServer.Events.Domain.UnitTest.EventRetentionCleanerTests" name="Start_ShouldCreateTimer_WhichCallsDeleteExpireWithThresholdFromAppConfig" />
    </UnitTest>
    <UnitTest name="UpdateEventsExpiration_ShouldUpdateRetentionInBothActiveAndInactiveTables_WhenRetentionValuesChange" storage="d:\actions-runner\_work\xpco\xpco\eventserver\server\components\central\videoos.eventserver.events.domain.unittest\bin\debug\net472\videoos.eventserver.events.domain.unittest.dll" id="a3a03c03-08f0-56ef-314c-619079c812f6">
      <Execution id="65209f07-aafc-432a-a1c0-350d56deab7f" />
      <TestMethod codeBase="D:\actions-runner\_work\XPCO\XPCO\EventServer\Server\Components\Central\VideoOS.EventServer.Events.Domain.UnitTest\bin\Debug\net472\VideoOS.EventServer.Events.Domain.UnitTest.dll" adapterTypeName="executor://mstestadapter/v2" className="VideoOS.EventServer.Events.Domain.UnitTest.EventRetentionCleanerTests" name="UpdateEventsExpiration_ShouldUpdateRetentionInBothActiveAndInactiveTables_WhenRetentionValuesChange" />
    </UnitTest>
    <UnitTest name="EventsTypeCache_ReturnsEmptyGroupId_OnUnknownNonInitializedEventId" storage="d:\actions-runner\_work\xpco\xpco\eventserver\server\components\central\videoos.eventserver.events.domain.unittest\bin\debug\net472\videoos.eventserver.events.domain.unittest.dll" id="c994e312-aae9-bc5e-4d57-c42d1bd9bbce">
      <Execution id="f9c534d8-77ac-46f1-af3a-bb88028af147" />
      <TestMethod codeBase="D:\actions-runner\_work\XPCO\XPCO\EventServer\Server\Components\Central\VideoOS.EventServer.Events.Domain.UnitTest\bin\Debug\net472\VideoOS.EventServer.Events.Domain.UnitTest.dll" adapterTypeName="executor://mstestadapter/v2" className="VideoOS.EventServer.Events.Domain.UnitTest.EventTypes.EventsTypeCacheTest" name="EventsTypeCache_ReturnsEmptyGroupId_OnUnknownNonInitializedEventId" />
    </UnitTest>
    <UnitTest name="CanReadEvent_ReturnsTrue_WhenEvent (UserDefined)" storage="d:\actions-runner\_work\xpco\xpco\eventserver\server\components\central\videoos.eventserver.events.domain.unittest\bin\debug\net472\videoos.eventserver.events.domain.unittest.dll" id="f19c9b20-45be-dac6-2cac-4972ceff78bd">
      <Execution id="0e56fa1b-0966-4b3a-89ab-aaa91d4bbf55" />
      <TestMethod codeBase="D:\actions-runner\_work\XPCO\XPCO\EventServer\Server\Components\Central\VideoOS.EventServer.Events.Domain.UnitTest\bin\Debug\net472\VideoOS.EventServer.Events.Domain.UnitTest.dll" adapterTypeName="executor://mstestadapter/v2" className="VideoOS.EventServer.Events.Domain.UnitTest.Authorization.EventAuthorizationTests" name="CanReadEvent_ReturnsTrue_WhenEvent" />
    </UnitTest>
    <UnitTest name="CanReadBaseEvent_ReturnsFalse_WhenNoAccessToSource (Plugin)" storage="d:\actions-runner\_work\xpco\xpco\eventserver\server\components\central\videoos.eventserver.events.domain.unittest\bin\debug\net472\videoos.eventserver.events.domain.unittest.dll" id="ed50f478-3dbe-e89a-bc68-d299a3059763">
      <Execution id="34fd2c67-5901-4d91-a824-ed67a0b0d881" />
      <TestMethod codeBase="D:\actions-runner\_work\XPCO\XPCO\EventServer\Server\Components\Central\VideoOS.EventServer.Events.Domain.UnitTest\bin\Debug\net472\VideoOS.EventServer.Events.Domain.UnitTest.dll" adapterTypeName="executor://mstestadapter/v2" className="VideoOS.EventServer.Events.Domain.UnitTest.Authorization.EventAuthorizationTests" name="CanReadBaseEvent_ReturnsFalse_WhenNoAccessToSource" />
    </UnitTest>
    <UnitTest name="CanReadEvent_ReturnsTrue_WhenServiceToken (Plugin)" storage="d:\actions-runner\_work\xpco\xpco\eventserver\server\components\central\videoos.eventserver.events.domain.unittest\bin\debug\net472\videoos.eventserver.events.domain.unittest.dll" id="03b1aad4-00a3-252a-bc69-07c1e68b7da4">
      <Execution id="3ae28098-3275-4375-b7e9-33c538d5f830" />
      <TestMethod codeBase="D:\actions-runner\_work\XPCO\XPCO\EventServer\Server\Components\Central\VideoOS.EventServer.Events.Domain.UnitTest\bin\Debug\net472\VideoOS.EventServer.Events.Domain.UnitTest.dll" adapterTypeName="executor://mstestadapter/v2" className="VideoOS.EventServer.Events.Domain.UnitTest.Authorization.EventAuthorizationTests" name="CanReadEvent_ReturnsTrue_WhenServiceToken" />
    </UnitTest>
    <UnitTest name="EventTypeProviderProxy_CallsInternalImplementer" storage="d:\actions-runner\_work\xpco\xpco\eventserver\server\components\central\videoos.eventserver.events.domain.unittest\bin\debug\net472\videoos.eventserver.events.domain.unittest.dll" id="dd0ade5b-e66a-248e-bbf3-e37987eec061">
      <Execution id="9aa7ae01-503a-4006-a3a9-387b4e362f6c" />
      <TestMethod codeBase="D:\actions-runner\_work\XPCO\XPCO\EventServer\Server\Components\Central\VideoOS.EventServer.Events.Domain.UnitTest\bin\Debug\net472\VideoOS.EventServer.Events.Domain.UnitTest.dll" adapterTypeName="executor://mstestadapter/v2" className="VideoOS.EventServer.Events.Domain.UnitTest.EventTypes.EventTypeProviderProxyTests" name="EventTypeProviderProxy_CallsInternalImplementer" />
    </UnitTest>
    <UnitTest name="Constructor_ShouldThrowArgumentNullException_WhenConfigFilterManagerIsNull" storage="d:\actions-runner\_work\xpco\xpco\eventserver\server\components\central\videoos.eventserver.events.domain.unittest\bin\debug\net472\videoos.eventserver.events.domain.unittest.dll" id="4703e4d0-e3c1-4daa-02f2-d72582880e4d">
      <Execution id="5c184d7b-483c-430c-840f-0fa8366116e9" />
      <TestMethod codeBase="D:\actions-runner\_work\XPCO\XPCO\EventServer\Server\Components\Central\VideoOS.EventServer.Events.Domain.UnitTest\bin\Debug\net472\VideoOS.EventServer.Events.Domain.UnitTest.dll" adapterTypeName="executor://mstestadapter/v2" className="VideoOS.EventServer.Events.Domain.UnitTest.EventRetentionCleanerTests" name="Constructor_ShouldThrowArgumentNullException_WhenConfigFilterManagerIsNull" />
    </UnitTest>
    <UnitTest name="Constructor_ShouldThrowArgumentNullException_WhenConfigFilterManagerIsNull" storage="d:\actions-runner\_work\xpco\xpco\eventserver\server\components\central\videoos.eventserver.events.domain.unittest\bin\debug\net472\videoos.eventserver.events.domain.unittest.dll" id="51fdc1ed-0ab0-6c98-1f01-3d8d98494f5c">
      <Execution id="730d5e80-3488-4b6a-ad23-b1a463457c2c" />
      <TestMethod codeBase="D:\actions-runner\_work\XPCO\XPCO\EventServer\Server\Components\Central\VideoOS.EventServer.Events.Domain.UnitTest\bin\Debug\net472\VideoOS.EventServer.Events.Domain.UnitTest.dll" adapterTypeName="executor://mstestadapter/v2" className="VideoOS.EventServer.Events.Domain.UnitTest.EventTypes.EventRetentionManagerTests" name="Constructor_ShouldThrowArgumentNullException_WhenConfigFilterManagerIsNull" />
    </UnitTest>
    <UnitTest name="CanReadEvent_ReturnsTrue_WhenServiceToken (UserDefined)" storage="d:\actions-runner\_work\xpco\xpco\eventserver\server\components\central\videoos.eventserver.events.domain.unittest\bin\debug\net472\videoos.eventserver.events.domain.unittest.dll" id="3078611e-f13e-7a7f-32c7-7708471cfe19">
      <Execution id="b437c39f-bc8a-4e43-aa92-a396bade91b9" />
      <TestMethod codeBase="D:\actions-runner\_work\XPCO\XPCO\EventServer\Server\Components\Central\VideoOS.EventServer.Events.Domain.UnitTest\bin\Debug\net472\VideoOS.EventServer.Events.Domain.UnitTest.dll" adapterTypeName="executor://mstestadapter/v2" className="VideoOS.EventServer.Events.Domain.UnitTest.Authorization.EventAuthorizationTests" name="CanReadEvent_ReturnsTrue_WhenServiceToken" />
    </UnitTest>
    <UnitTest name="ShouldStoreEvent_ShouldReturnTrue_WhenEventRetentionIsNonZero" storage="d:\actions-runner\_work\xpco\xpco\eventserver\server\components\central\videoos.eventserver.events.domain.unittest\bin\debug\net472\videoos.eventserver.events.domain.unittest.dll" id="3280b4a7-5d4d-4411-55b7-1865a7ac1e54">
      <Execution id="59e571a0-626f-46d6-b290-c4c121b18463" />
      <TestMethod codeBase="D:\actions-runner\_work\XPCO\XPCO\EventServer\Server\Components\Central\VideoOS.EventServer.Events.Domain.UnitTest\bin\Debug\net472\VideoOS.EventServer.Events.Domain.UnitTest.dll" adapterTypeName="executor://mstestadapter/v2" className="VideoOS.EventServer.Events.Domain.UnitTest.EventTypes.EventRetentionManagerTests" name="ShouldStoreEvent_ShouldReturnTrue_WhenEventRetentionIsNonZero" />
    </UnitTest>
    <UnitTest name="CanTriggerEvent_ReturnsFalse_WhenNoAccessToSource (Plugin)" storage="d:\actions-runner\_work\xpco\xpco\eventserver\server\components\central\videoos.eventserver.events.domain.unittest\bin\debug\net472\videoos.eventserver.events.domain.unittest.dll" id="20453c2b-e390-bc06-99c4-fa1e3b32a8e6">
      <Execution id="77b125f7-e97e-476a-bf92-ed3d65587c2a" />
      <TestMethod codeBase="D:\actions-runner\_work\XPCO\XPCO\EventServer\Server\Components\Central\VideoOS.EventServer.Events.Domain.UnitTest\bin\Debug\net472\VideoOS.EventServer.Events.Domain.UnitTest.dll" adapterTypeName="executor://mstestadapter/v2" className="VideoOS.EventServer.Events.Domain.UnitTest.Authorization.EventAuthorizationTests" name="CanTriggerEvent_ReturnsFalse_WhenNoAccessToSource" />
    </UnitTest>
    <UnitTest name="CanReadBaseEvent_ReturnsTrue_WhenServiceToken (Plugin)" storage="d:\actions-runner\_work\xpco\xpco\eventserver\server\components\central\videoos.eventserver.events.domain.unittest\bin\debug\net472\videoos.eventserver.events.domain.unittest.dll" id="4ff5f407-b337-5136-2788-919d52df336b">
      <Execution id="e4d23ec0-3e4c-4fcf-a4e2-0781cefc3dce" />
      <TestMethod codeBase="D:\actions-runner\_work\XPCO\XPCO\EventServer\Server\Components\Central\VideoOS.EventServer.Events.Domain.UnitTest\bin\Debug\net472\VideoOS.EventServer.Events.Domain.UnitTest.dll" adapterTypeName="executor://mstestadapter/v2" className="VideoOS.EventServer.Events.Domain.UnitTest.Authorization.EventAuthorizationTests" name="CanReadBaseEvent_ReturnsTrue_WhenServiceToken" />
    </UnitTest>
    <UnitTest name="CanTriggerBaseEvent_ReturnsFalse_WhenNoAccessToSource (UserDefined)" storage="d:\actions-runner\_work\xpco\xpco\eventserver\server\components\central\videoos.eventserver.events.domain.unittest\bin\debug\net472\videoos.eventserver.events.domain.unittest.dll" id="5a717115-f254-ca1e-e5d1-09d34d118900">
      <Execution id="7fabea20-8321-4cbf-a8c1-ed31f03ba665" />
      <TestMethod codeBase="D:\actions-runner\_work\XPCO\XPCO\EventServer\Server\Components\Central\VideoOS.EventServer.Events.Domain.UnitTest\bin\Debug\net472\VideoOS.EventServer.Events.Domain.UnitTest.dll" adapterTypeName="executor://mstestadapter/v2" className="VideoOS.EventServer.Events.Domain.UnitTest.Authorization.EventAuthorizationTests" name="CanTriggerBaseEvent_ReturnsFalse_WhenNoAccessToSource" />
    </UnitTest>
    <UnitTest name="Dispose_ShouldDisposeTimer_OnShutDown" storage="d:\actions-runner\_work\xpco\xpco\eventserver\server\components\central\videoos.eventserver.events.domain.unittest\bin\debug\net472\videoos.eventserver.events.domain.unittest.dll" id="b139e58f-7567-02c2-e765-21af397e4452">
      <Execution id="20aa2797-6c22-488d-9ac9-cdaa81f78ffd" />
      <TestMethod codeBase="D:\actions-runner\_work\XPCO\XPCO\EventServer\Server\Components\Central\VideoOS.EventServer.Events.Domain.UnitTest\bin\Debug\net472\VideoOS.EventServer.Events.Domain.UnitTest.dll" adapterTypeName="executor://mstestadapter/v2" className="VideoOS.EventServer.Events.Domain.UnitTest.EventRetentionCleanerTests" name="Dispose_ShouldDisposeTimer_OnShutDown" />
    </UnitTest>
    <UnitTest name="EventsTypeCache_ReturnsCorrectGroupId_OnKnownInitializedEventId" storage="d:\actions-runner\_work\xpco\xpco\eventserver\server\components\central\videoos.eventserver.events.domain.unittest\bin\debug\net472\videoos.eventserver.events.domain.unittest.dll" id="0d17111d-4bcc-7465-5d12-635a518a19e2">
      <Execution id="64ea6c96-210b-47f1-8127-fa9960463e04" />
      <TestMethod codeBase="D:\actions-runner\_work\XPCO\XPCO\EventServer\Server\Components\Central\VideoOS.EventServer.Events.Domain.UnitTest\bin\Debug\net472\VideoOS.EventServer.Events.Domain.UnitTest.dll" adapterTypeName="executor://mstestadapter/v2" className="VideoOS.EventServer.Events.Domain.UnitTest.EventTypes.EventsTypeCacheTest" name="EventsTypeCache_ReturnsCorrectGroupId_OnKnownInitializedEventId" />
    </UnitTest>
    <UnitTest name="CanTriggerEvent_ReturnsFalse_WhenRestrictedEvent (System)" storage="d:\actions-runner\_work\xpco\xpco\eventserver\server\components\central\videoos.eventserver.events.domain.unittest\bin\debug\net472\videoos.eventserver.events.domain.unittest.dll" id="5e28c1d0-ddd1-a3e3-40aa-c884a0e91f3a">
      <Execution id="b2c6caed-a1d3-427c-add5-8991a1393cb0" />
      <TestMethod codeBase="D:\actions-runner\_work\XPCO\XPCO\EventServer\Server\Components\Central\VideoOS.EventServer.Events.Domain.UnitTest\bin\Debug\net472\VideoOS.EventServer.Events.Domain.UnitTest.dll" adapterTypeName="executor://mstestadapter/v2" className="VideoOS.EventServer.Events.Domain.UnitTest.Authorization.EventAuthorizationTests" name="CanTriggerEvent_ReturnsFalse_WhenRestrictedEvent" />
    </UnitTest>
    <UnitTest name="CanTriggerBaseEvent_ReturnsFalse_WhenNoAccessToSource (Plugin)" storage="d:\actions-runner\_work\xpco\xpco\eventserver\server\components\central\videoos.eventserver.events.domain.unittest\bin\debug\net472\videoos.eventserver.events.domain.unittest.dll" id="141f93e9-3fa2-3d7e-1849-c13c9de33146">
      <Execution id="7626667a-12b4-4a5a-84e4-1405d97849ed" />
      <TestMethod codeBase="D:\actions-runner\_work\XPCO\XPCO\EventServer\Server\Components\Central\VideoOS.EventServer.Events.Domain.UnitTest\bin\Debug\net472\VideoOS.EventServer.Events.Domain.UnitTest.dll" adapterTypeName="executor://mstestadapter/v2" className="VideoOS.EventServer.Events.Domain.UnitTest.Authorization.EventAuthorizationTests" name="CanTriggerBaseEvent_ReturnsFalse_WhenNoAccessToSource" />
    </UnitTest>
    <UnitTest name="GetExpirationDate_ShouldReturnTimestamp_WhenGroupRetentionIsZero" storage="d:\actions-runner\_work\xpco\xpco\eventserver\server\components\central\videoos.eventserver.events.domain.unittest\bin\debug\net472\videoos.eventserver.events.domain.unittest.dll" id="dab07678-03af-93fe-8c0b-59b5be6fdd1c">
      <Execution id="3009e912-8db4-46d7-a7ac-9a608226fb35" />
      <TestMethod codeBase="D:\actions-runner\_work\XPCO\XPCO\EventServer\Server\Components\Central\VideoOS.EventServer.Events.Domain.UnitTest\bin\Debug\net472\VideoOS.EventServer.Events.Domain.UnitTest.dll" adapterTypeName="executor://mstestadapter/v2" className="VideoOS.EventServer.Events.Domain.UnitTest.EventTypes.EventRetentionManagerTests" name="GetExpirationDate_ShouldReturnTimestamp_WhenGroupRetentionIsZero" />
    </UnitTest>
    <UnitTest name="CanTriggerEvent_ReturnsTrue_WhenServiceToken (Generic)" storage="d:\actions-runner\_work\xpco\xpco\eventserver\server\components\central\videoos.eventserver.events.domain.unittest\bin\debug\net472\videoos.eventserver.events.domain.unittest.dll" id="15e2ad10-6be6-f4f0-8f1a-8a9d02d8fba1">
      <Execution id="79b2edc4-76a5-46a4-9670-7c17e04a940c" />
      <TestMethod codeBase="D:\actions-runner\_work\XPCO\XPCO\EventServer\Server\Components\Central\VideoOS.EventServer.Events.Domain.UnitTest\bin\Debug\net472\VideoOS.EventServer.Events.Domain.UnitTest.dll" adapterTypeName="executor://mstestadapter/v2" className="VideoOS.EventServer.Events.Domain.UnitTest.Authorization.EventAuthorizationTests" name="CanTriggerEvent_ReturnsTrue_WhenServiceToken" />
    </UnitTest>
    <UnitTest name="ShouldStoreEvent_ShouldReturnFalse_WhenEventRetentionIsZero" storage="d:\actions-runner\_work\xpco\xpco\eventserver\server\components\central\videoos.eventserver.events.domain.unittest\bin\debug\net472\videoos.eventserver.events.domain.unittest.dll" id="02430792-fdc0-9385-7315-1a449d5b5719">
      <Execution id="17eb369c-4e07-4de1-bbd6-a193506f5dfe" />
      <TestMethod codeBase="D:\actions-runner\_work\XPCO\XPCO\EventServer\Server\Components\Central\VideoOS.EventServer.Events.Domain.UnitTest\bin\Debug\net472\VideoOS.EventServer.Events.Domain.UnitTest.dll" adapterTypeName="executor://mstestadapter/v2" className="VideoOS.EventServer.Events.Domain.UnitTest.EventTypes.EventRetentionManagerTests" name="ShouldStoreEvent_ShouldReturnFalse_WhenEventRetentionIsZero" />
    </UnitTest>
    <UnitTest name="CanTriggerEvent_ReturnsFalse_WhenRestrictedEvent (Generic)" storage="d:\actions-runner\_work\xpco\xpco\eventserver\server\components\central\videoos.eventserver.events.domain.unittest\bin\debug\net472\videoos.eventserver.events.domain.unittest.dll" id="252da588-b738-e7f5-07d5-e14813f0aa72">
      <Execution id="8399d5bd-f9aa-4440-8dab-dfe656cbb1b1" />
      <TestMethod codeBase="D:\actions-runner\_work\XPCO\XPCO\EventServer\Server\Components\Central\VideoOS.EventServer.Events.Domain.UnitTest\bin\Debug\net472\VideoOS.EventServer.Events.Domain.UnitTest.dll" adapterTypeName="executor://mstestadapter/v2" className="VideoOS.EventServer.Events.Domain.UnitTest.Authorization.EventAuthorizationTests" name="CanTriggerEvent_ReturnsFalse_WhenRestrictedEvent" />
    </UnitTest>
    <UnitTest name="CanTriggerBaseEvent_ReturnsFalse_WhenRestrictedEvent (System)" storage="d:\actions-runner\_work\xpco\xpco\eventserver\server\components\central\videoos.eventserver.events.domain.unittest\bin\debug\net472\videoos.eventserver.events.domain.unittest.dll" id="f6cb65d0-3b5b-94da-6844-309a8cd4bde0">
      <Execution id="2eca18bb-c7ec-4a31-91c3-519e182dc2c1" />
      <TestMethod codeBase="D:\actions-runner\_work\XPCO\XPCO\EventServer\Server\Components\Central\VideoOS.EventServer.Events.Domain.UnitTest\bin\Debug\net472\VideoOS.EventServer.Events.Domain.UnitTest.dll" adapterTypeName="executor://mstestadapter/v2" className="VideoOS.EventServer.Events.Domain.UnitTest.Authorization.EventAuthorizationTests" name="CanTriggerBaseEvent_ReturnsFalse_WhenRestrictedEvent" />
    </UnitTest>
    <UnitTest name="CanTriggerBaseEvent_ReturnsTrue_WhenServiceToken (Generic)" storage="d:\actions-runner\_work\xpco\xpco\eventserver\server\components\central\videoos.eventserver.events.domain.unittest\bin\debug\net472\videoos.eventserver.events.domain.unittest.dll" id="b3f106ae-1437-e583-be78-8138d9d6840f">
      <Execution id="ddaa6706-2f25-4419-b751-eadc23c81485" />
      <TestMethod codeBase="D:\actions-runner\_work\XPCO\XPCO\EventServer\Server\Components\Central\VideoOS.EventServer.Events.Domain.UnitTest\bin\Debug\net472\VideoOS.EventServer.Events.Domain.UnitTest.dll" adapterTypeName="executor://mstestadapter/v2" className="VideoOS.EventServer.Events.Domain.UnitTest.Authorization.EventAuthorizationTests" name="CanTriggerBaseEvent_ReturnsTrue_WhenServiceToken" />
    </UnitTest>
    <UnitTest name="CanTriggerBaseEvent_ReturnsTrue_WhenServiceToken (UserDefined)" storage="d:\actions-runner\_work\xpco\xpco\eventserver\server\components\central\videoos.eventserver.events.domain.unittest\bin\debug\net472\videoos.eventserver.events.domain.unittest.dll" id="277c9b63-7ac0-6155-8530-375fb52cb873">
      <Execution id="1397a375-1786-48ca-9385-4bd4c73f2c46" />
      <TestMethod codeBase="D:\actions-runner\_work\XPCO\XPCO\EventServer\Server\Components\Central\VideoOS.EventServer.Events.Domain.UnitTest\bin\Debug\net472\VideoOS.EventServer.Events.Domain.UnitTest.dll" adapterTypeName="executor://mstestadapter/v2" className="VideoOS.EventServer.Events.Domain.UnitTest.Authorization.EventAuthorizationTests" name="CanTriggerBaseEvent_ReturnsTrue_WhenServiceToken" />
    </UnitTest>
    <UnitTest name="GetExpirationDate_ShouldReturnTimestamp_WhenDefaultRetentionIsZero" storage="d:\actions-runner\_work\xpco\xpco\eventserver\server\components\central\videoos.eventserver.events.domain.unittest\bin\debug\net472\videoos.eventserver.events.domain.unittest.dll" id="feae33bc-d61e-ecec-94fa-d0e605001d3e">
      <Execution id="338f259d-e858-4656-9666-056144d8fc52" />
      <TestMethod codeBase="D:\actions-runner\_work\XPCO\XPCO\EventServer\Server\Components\Central\VideoOS.EventServer.Events.Domain.UnitTest\bin\Debug\net472\VideoOS.EventServer.Events.Domain.UnitTest.dll" adapterTypeName="executor://mstestadapter/v2" className="VideoOS.EventServer.Events.Domain.UnitTest.EventTypes.EventRetentionManagerTests" name="GetExpirationDate_ShouldReturnTimestamp_WhenDefaultRetentionIsZero" />
    </UnitTest>
    <UnitTest name="MipMessageSubscriber_NotifiesSubscribers_OnMipMessage" storage="d:\actions-runner\_work\xpco\xpco\eventserver\server\components\central\videoos.eventserver.events.domain.unittest\bin\debug\net472\videoos.eventserver.events.domain.unittest.dll" id="800fdd38-2857-5678-a5ad-880a86a63143">
      <Execution id="a4eb9f57-b45b-46f5-8b32-3f34a7b7ea43" />
      <TestMethod codeBase="D:\actions-runner\_work\XPCO\XPCO\EventServer\Server\Components\Central\VideoOS.EventServer.Events.Domain.UnitTest\bin\Debug\net472\VideoOS.EventServer.Events.Domain.UnitTest.dll" adapterTypeName="executor://mstestadapter/v2" className="VideoOS.EventServer.Events.Domain.UnitTest.EventTypes.MipMessageSubscriberTests" name="MipMessageSubscriber_NotifiesSubscribers_OnMipMessage" />
    </UnitTest>
    <UnitTest name="Constructor_ShouldThrowArgumentNullException_WhenEventRetentionConfigIsNull" storage="d:\actions-runner\_work\xpco\xpco\eventserver\server\components\central\videoos.eventserver.events.domain.unittest\bin\debug\net472\videoos.eventserver.events.domain.unittest.dll" id="006cfdd4-f59e-5ae2-2ebd-9b6b515752e6">
      <Execution id="729fde2d-c78e-420b-9399-5637b3423cd1" />
      <TestMethod codeBase="D:\actions-runner\_work\XPCO\XPCO\EventServer\Server\Components\Central\VideoOS.EventServer.Events.Domain.UnitTest\bin\Debug\net472\VideoOS.EventServer.Events.Domain.UnitTest.dll" adapterTypeName="executor://mstestadapter/v2" className="VideoOS.EventServer.Events.Domain.UnitTest.EventRetentionCleanerTests" name="Constructor_ShouldThrowArgumentNullException_WhenEventRetentionConfigIsNull" />
    </UnitTest>
    <UnitTest name="CanReadEvent_ReturnsFalse_WhenNoAccessToSource (Plugin)" storage="d:\actions-runner\_work\xpco\xpco\eventserver\server\components\central\videoos.eventserver.events.domain.unittest\bin\debug\net472\videoos.eventserver.events.domain.unittest.dll" id="cee1e231-f0b5-8868-62e2-48babb0f8375">
      <Execution id="1e1339ff-569b-4b03-afe8-23e3d995b67f" />
      <TestMethod codeBase="D:\actions-runner\_work\XPCO\XPCO\EventServer\Server\Components\Central\VideoOS.EventServer.Events.Domain.UnitTest\bin\Debug\net472\VideoOS.EventServer.Events.Domain.UnitTest.dll" adapterTypeName="executor://mstestadapter/v2" className="VideoOS.EventServer.Events.Domain.UnitTest.Authorization.EventAuthorizationTests" name="CanReadEvent_ReturnsFalse_WhenNoAccessToSource" />
    </UnitTest>
    <UnitTest name="UpdateEventsExpiration_ShouldUpdateEventExpirationDates_WhenUpdateIsEnforced" storage="d:\actions-runner\_work\xpco\xpco\eventserver\server\components\central\videoos.eventserver.events.domain.unittest\bin\debug\net472\videoos.eventserver.events.domain.unittest.dll" id="417fc1e9-f922-4e01-873a-08da76265abe">
      <Execution id="d0272c60-ef72-45c8-a043-0eb9d4bd059e" />
      <TestMethod codeBase="D:\actions-runner\_work\XPCO\XPCO\EventServer\Server\Components\Central\VideoOS.EventServer.Events.Domain.UnitTest\bin\Debug\net472\VideoOS.EventServer.Events.Domain.UnitTest.dll" adapterTypeName="executor://mstestadapter/v2" className="VideoOS.EventServer.Events.Domain.UnitTest.EventTypes.EventRetentionManagerTests" name="UpdateEventsExpiration_ShouldUpdateEventExpirationDates_WhenUpdateIsEnforced" />
    </UnitTest>
    <UnitTest name="CanReadEvent_ReturnsTrue_WhenServiceToken (Generic)" storage="d:\actions-runner\_work\xpco\xpco\eventserver\server\components\central\videoos.eventserver.events.domain.unittest\bin\debug\net472\videoos.eventserver.events.domain.unittest.dll" id="08bb1519-9658-bb9e-007e-6b9e83d889c4">
      <Execution id="7a12bc7b-66fc-4db1-b32d-38b850ff3add" />
      <TestMethod codeBase="D:\actions-runner\_work\XPCO\XPCO\EventServer\Server\Components\Central\VideoOS.EventServer.Events.Domain.UnitTest\bin\Debug\net472\VideoOS.EventServer.Events.Domain.UnitTest.dll" adapterTypeName="executor://mstestadapter/v2" className="VideoOS.EventServer.Events.Domain.UnitTest.Authorization.EventAuthorizationTests" name="CanReadEvent_ReturnsTrue_WhenServiceToken" />
    </UnitTest>
    <UnitTest name="CanReadBaseEvent_ReturnsTrue_WhenServiceToken (Generic)" storage="d:\actions-runner\_work\xpco\xpco\eventserver\server\components\central\videoos.eventserver.events.domain.unittest\bin\debug\net472\videoos.eventserver.events.domain.unittest.dll" id="febc4460-8402-c14c-784a-9780ed84848e">
      <Execution id="24656a8b-5f0d-41c2-9638-47a56d22bba1" />
      <TestMethod codeBase="D:\actions-runner\_work\XPCO\XPCO\EventServer\Server\Components\Central\VideoOS.EventServer.Events.Domain.UnitTest\bin\Debug\net472\VideoOS.EventServer.Events.Domain.UnitTest.dll" adapterTypeName="executor://mstestadapter/v2" className="VideoOS.EventServer.Events.Domain.UnitTest.Authorization.EventAuthorizationTests" name="CanReadBaseEvent_ReturnsTrue_WhenServiceToken" />
    </UnitTest>
    <UnitTest name="EventsTypeCache_ReturnsEmptyEventType_OnUnknownNonInitializedEventId" storage="d:\actions-runner\_work\xpco\xpco\eventserver\server\components\central\videoos.eventserver.events.domain.unittest\bin\debug\net472\videoos.eventserver.events.domain.unittest.dll" id="067f5223-a1b1-52ca-b7f6-e1297fb096ce">
      <Execution id="e6d8bf26-e55d-4192-9206-1bbbcdf8c09b" />
      <TestMethod codeBase="D:\actions-runner\_work\XPCO\XPCO\EventServer\Server\Components\Central\VideoOS.EventServer.Events.Domain.UnitTest\bin\Debug\net472\VideoOS.EventServer.Events.Domain.UnitTest.dll" adapterTypeName="executor://mstestadapter/v2" className="VideoOS.EventServer.Events.Domain.UnitTest.EventTypes.EventsTypeCacheTest" name="EventsTypeCache_ReturnsEmptyEventType_OnUnknownNonInitializedEventId" />
    </UnitTest>
    <UnitTest name="CanTriggerBaseEvent_ReturnsFalse_WhenRestrictedEvent (Generic)" storage="d:\actions-runner\_work\xpco\xpco\eventserver\server\components\central\videoos.eventserver.events.domain.unittest\bin\debug\net472\videoos.eventserver.events.domain.unittest.dll" id="2e92e005-fd8e-7d79-b7e9-600ed234cb44">
      <Execution id="57607350-7f62-4cbf-9f5a-b0af8f96f2b1" />
      <TestMethod codeBase="D:\actions-runner\_work\XPCO\XPCO\EventServer\Server\Components\Central\VideoOS.EventServer.Events.Domain.UnitTest\bin\Debug\net472\VideoOS.EventServer.Events.Domain.UnitTest.dll" adapterTypeName="executor://mstestadapter/v2" className="VideoOS.EventServer.Events.Domain.UnitTest.Authorization.EventAuthorizationTests" name="CanTriggerBaseEvent_ReturnsFalse_WhenRestrictedEvent" />
    </UnitTest>
    <UnitTest name="CanTriggerEvent_ReturnsTrue_WhenServiceToken (UserDefined)" storage="d:\actions-runner\_work\xpco\xpco\eventserver\server\components\central\videoos.eventserver.events.domain.unittest\bin\debug\net472\videoos.eventserver.events.domain.unittest.dll" id="69aebce5-34ac-f350-7998-9fae4db4fe82">
      <Execution id="2a198f98-3e36-49fc-8626-49bdff727629" />
      <TestMethod codeBase="D:\actions-runner\_work\XPCO\XPCO\EventServer\Server\Components\Central\VideoOS.EventServer.Events.Domain.UnitTest\bin\Debug\net472\VideoOS.EventServer.Events.Domain.UnitTest.dll" adapterTypeName="executor://mstestadapter/v2" className="VideoOS.EventServer.Events.Domain.UnitTest.Authorization.EventAuthorizationTests" name="CanTriggerEvent_ReturnsTrue_WhenServiceToken" />
    </UnitTest>
    <UnitTest name="CanReadBaseEvent_ReturnsFalse_WhenNoAccessToSource (UserDefined)" storage="d:\actions-runner\_work\xpco\xpco\eventserver\server\components\central\videoos.eventserver.events.domain.unittest\bin\debug\net472\videoos.eventserver.events.domain.unittest.dll" id="c09a5ad1-be59-a208-a1a8-44924d9aa496">
      <Execution id="3d011e53-991b-4d94-869f-c115c0d01ae8" />
      <TestMethod codeBase="D:\actions-runner\_work\XPCO\XPCO\EventServer\Server\Components\Central\VideoOS.EventServer.Events.Domain.UnitTest\bin\Debug\net472\VideoOS.EventServer.Events.Domain.UnitTest.dll" adapterTypeName="executor://mstestadapter/v2" className="VideoOS.EventServer.Events.Domain.UnitTest.Authorization.EventAuthorizationTests" name="CanReadBaseEvent_ReturnsFalse_WhenNoAccessToSource" />
    </UnitTest>
    <UnitTest name="CanReadBaseEvent_ReturnsTrue_WhenEvent (Plugin)" storage="d:\actions-runner\_work\xpco\xpco\eventserver\server\components\central\videoos.eventserver.events.domain.unittest\bin\debug\net472\videoos.eventserver.events.domain.unittest.dll" id="51e95447-a3a4-00a0-1cfd-e0a41ee04691">
      <Execution id="28cc945a-d378-4dd2-acfe-75631a437334" />
      <TestMethod codeBase="D:\actions-runner\_work\XPCO\XPCO\EventServer\Server\Components\Central\VideoOS.EventServer.Events.Domain.UnitTest\bin\Debug\net472\VideoOS.EventServer.Events.Domain.UnitTest.dll" adapterTypeName="executor://mstestadapter/v2" className="VideoOS.EventServer.Events.Domain.UnitTest.Authorization.EventAuthorizationTests" name="CanReadBaseEvent_ReturnsTrue_WhenEvent" />
    </UnitTest>
    <UnitTest name="CanTriggerBaseEvent_ReturnsTrue_WhenServiceToken (System)" storage="d:\actions-runner\_work\xpco\xpco\eventserver\server\components\central\videoos.eventserver.events.domain.unittest\bin\debug\net472\videoos.eventserver.events.domain.unittest.dll" id="0b786515-8f01-01ca-7e12-d0f1c87311e8">
      <Execution id="6374fbb8-fd8d-4b42-a6a8-2567bcc99020" />
      <TestMethod codeBase="D:\actions-runner\_work\XPCO\XPCO\EventServer\Server\Components\Central\VideoOS.EventServer.Events.Domain.UnitTest\bin\Debug\net472\VideoOS.EventServer.Events.Domain.UnitTest.dll" adapterTypeName="executor://mstestadapter/v2" className="VideoOS.EventServer.Events.Domain.UnitTest.Authorization.EventAuthorizationTests" name="CanTriggerBaseEvent_ReturnsTrue_WhenServiceToken" />
    </UnitTest>
    <UnitTest name="GetExpirationDate_ShouldReturn5DaysFromTimestamp_WhenEventRetentionIs5" storage="d:\actions-runner\_work\xpco\xpco\eventserver\server\components\central\videoos.eventserver.events.domain.unittest\bin\debug\net472\videoos.eventserver.events.domain.unittest.dll" id="2888fd49-31e5-80e5-81d7-fab4fcadb96d">
      <Execution id="c0566bc0-2a56-4cb7-9793-c01acfc33a73" />
      <TestMethod codeBase="D:\actions-runner\_work\XPCO\XPCO\EventServer\Server\Components\Central\VideoOS.EventServer.Events.Domain.UnitTest\bin\Debug\net472\VideoOS.EventServer.Events.Domain.UnitTest.dll" adapterTypeName="executor://mstestadapter/v2" className="VideoOS.EventServer.Events.Domain.UnitTest.EventTypes.EventRetentionManagerTests" name="GetExpirationDate_ShouldReturn5DaysFromTimestamp_WhenEventRetentionIs5" />
    </UnitTest>
    <UnitTest name="GetExpirationDate_ShouldReturn5DaysFromTimestamp_WhenDefaultRetentionIs5" storage="d:\actions-runner\_work\xpco\xpco\eventserver\server\components\central\videoos.eventserver.events.domain.unittest\bin\debug\net472\videoos.eventserver.events.domain.unittest.dll" id="9fa57a39-4e10-014c-7081-775e21f575fd">
      <Execution id="e4c3a001-c0a7-449f-9d12-3e33fe19277a" />
      <TestMethod codeBase="D:\actions-runner\_work\XPCO\XPCO\EventServer\Server\Components\Central\VideoOS.EventServer.Events.Domain.UnitTest\bin\Debug\net472\VideoOS.EventServer.Events.Domain.UnitTest.dll" adapterTypeName="executor://mstestadapter/v2" className="VideoOS.EventServer.Events.Domain.UnitTest.EventTypes.EventRetentionManagerTests" name="GetExpirationDate_ShouldReturn5DaysFromTimestamp_WhenDefaultRetentionIs5" />
    </UnitTest>
    <UnitTest name="CanReadEvent_ReturnsTrue_WhenEvent (System)" storage="d:\actions-runner\_work\xpco\xpco\eventserver\server\components\central\videoos.eventserver.events.domain.unittest\bin\debug\net472\videoos.eventserver.events.domain.unittest.dll" id="77a62780-3a87-c9a9-3658-02651b139284">
      <Execution id="6053fb9d-723e-44da-8b8c-85a26969fbb1" />
      <TestMethod codeBase="D:\actions-runner\_work\XPCO\XPCO\EventServer\Server\Components\Central\VideoOS.EventServer.Events.Domain.UnitTest\bin\Debug\net472\VideoOS.EventServer.Events.Domain.UnitTest.dll" adapterTypeName="executor://mstestadapter/v2" className="VideoOS.EventServer.Events.Domain.UnitTest.Authorization.EventAuthorizationTests" name="CanReadEvent_ReturnsTrue_WhenEvent" />
    </UnitTest>
    <UnitTest name="CanReadBaseEvent_ReturnsTrue_WhenServiceToken (System)" storage="d:\actions-runner\_work\xpco\xpco\eventserver\server\components\central\videoos.eventserver.events.domain.unittest\bin\debug\net472\videoos.eventserver.events.domain.unittest.dll" id="a95d489b-f484-bac4-e59b-ef9f10b40d28">
      <Execution id="f0042c71-e3f0-4b34-9739-953955bf005d" />
      <TestMethod codeBase="D:\actions-runner\_work\XPCO\XPCO\EventServer\Server\Components\Central\VideoOS.EventServer.Events.Domain.UnitTest\bin\Debug\net472\VideoOS.EventServer.Events.Domain.UnitTest.dll" adapterTypeName="executor://mstestadapter/v2" className="VideoOS.EventServer.Events.Domain.UnitTest.Authorization.EventAuthorizationTests" name="CanReadBaseEvent_ReturnsTrue_WhenServiceToken" />
    </UnitTest>
    <UnitTest name="ShouldStoreEvent_ShouldReturnTrue_WhenGroupRetentionIsNonZero" storage="d:\actions-runner\_work\xpco\xpco\eventserver\server\components\central\videoos.eventserver.events.domain.unittest\bin\debug\net472\videoos.eventserver.events.domain.unittest.dll" id="0c68a89b-7b19-7347-721e-06476beb017a">
      <Execution id="d22be56a-0b6c-4c27-91f5-f83081fd8e81" />
      <TestMethod codeBase="D:\actions-runner\_work\XPCO\XPCO\EventServer\Server\Components\Central\VideoOS.EventServer.Events.Domain.UnitTest\bin\Debug\net472\VideoOS.EventServer.Events.Domain.UnitTest.dll" adapterTypeName="executor://mstestadapter/v2" className="VideoOS.EventServer.Events.Domain.UnitTest.EventTypes.EventRetentionManagerTests" name="ShouldStoreEvent_ShouldReturnTrue_WhenGroupRetentionIsNonZero" />
    </UnitTest>
    <UnitTest name="ShouldStoreEvent_ShouldReturnFalse_WhenGroupRetentionIsZero" storage="d:\actions-runner\_work\xpco\xpco\eventserver\server\components\central\videoos.eventserver.events.domain.unittest\bin\debug\net472\videoos.eventserver.events.domain.unittest.dll" id="5f466e01-f321-7f45-472d-f8d5358848fc">
      <Execution id="39b87776-e86f-4145-b8c3-d9f515b7edd4" />
      <TestMethod codeBase="D:\actions-runner\_work\XPCO\XPCO\EventServer\Server\Components\Central\VideoOS.EventServer.Events.Domain.UnitTest\bin\Debug\net472\VideoOS.EventServer.Events.Domain.UnitTest.dll" adapterTypeName="executor://mstestadapter/v2" className="VideoOS.EventServer.Events.Domain.UnitTest.EventTypes.EventRetentionManagerTests" name="ShouldStoreEvent_ShouldReturnFalse_WhenGroupRetentionIsZero" />
    </UnitTest>
    <UnitTest name="CanReadEvent_ReturnsTrue_WhenEvent (Generic)" storage="d:\actions-runner\_work\xpco\xpco\eventserver\server\components\central\videoos.eventserver.events.domain.unittest\bin\debug\net472\videoos.eventserver.events.domain.unittest.dll" id="aac208fd-f16f-3072-dd81-469239986eea">
      <Execution id="d248727a-0652-4b11-99c7-4fad4497882d" />
      <TestMethod codeBase="D:\actions-runner\_work\XPCO\XPCO\EventServer\Server\Components\Central\VideoOS.EventServer.Events.Domain.UnitTest\bin\Debug\net472\VideoOS.EventServer.Events.Domain.UnitTest.dll" adapterTypeName="executor://mstestadapter/v2" className="VideoOS.EventServer.Events.Domain.UnitTest.Authorization.EventAuthorizationTests" name="CanReadEvent_ReturnsTrue_WhenEvent" />
    </UnitTest>
    <UnitTest name="CanReadBaseEvent_ReturnsTrue_WhenEvent (System)" storage="d:\actions-runner\_work\xpco\xpco\eventserver\server\components\central\videoos.eventserver.events.domain.unittest\bin\debug\net472\videoos.eventserver.events.domain.unittest.dll" id="f77d5569-ede8-999c-aaee-e9d8d59ce1fa">
      <Execution id="6fcc2a39-6676-4c53-b0dd-68630ae0bcad" />
      <TestMethod codeBase="D:\actions-runner\_work\XPCO\XPCO\EventServer\Server\Components\Central\VideoOS.EventServer.Events.Domain.UnitTest\bin\Debug\net472\VideoOS.EventServer.Events.Domain.UnitTest.dll" adapterTypeName="executor://mstestadapter/v2" className="VideoOS.EventServer.Events.Domain.UnitTest.Authorization.EventAuthorizationTests" name="CanReadBaseEvent_ReturnsTrue_WhenEvent" />
    </UnitTest>
    <UnitTest name="GetExpirationDate_ShouldReturn5DaysFromTimestamp_WhenGroupRetentionIs5" storage="d:\actions-runner\_work\xpco\xpco\eventserver\server\components\central\videoos.eventserver.events.domain.unittest\bin\debug\net472\videoos.eventserver.events.domain.unittest.dll" id="98d49c9e-e57a-593d-fab1-6a166fa2a252">
      <Execution id="954581a0-5a1c-4db2-9be8-d4517f8b589c" />
      <TestMethod codeBase="D:\actions-runner\_work\XPCO\XPCO\EventServer\Server\Components\Central\VideoOS.EventServer.Events.Domain.UnitTest\bin\Debug\net472\VideoOS.EventServer.Events.Domain.UnitTest.dll" adapterTypeName="executor://mstestadapter/v2" className="VideoOS.EventServer.Events.Domain.UnitTest.EventTypes.EventRetentionManagerTests" name="GetExpirationDate_ShouldReturn5DaysFromTimestamp_WhenGroupRetentionIs5" />
    </UnitTest>
    <UnitTest name="CanReadEvent_ReturnsTrue_WhenEvent (Plugin)" storage="d:\actions-runner\_work\xpco\xpco\eventserver\server\components\central\videoos.eventserver.events.domain.unittest\bin\debug\net472\videoos.eventserver.events.domain.unittest.dll" id="53aabe53-3c03-a1a3-0917-7cbab483bb60">
      <Execution id="458bfa79-298d-4b8e-9839-8ed1061235fc" />
      <TestMethod codeBase="D:\actions-runner\_work\XPCO\XPCO\EventServer\Server\Components\Central\VideoOS.EventServer.Events.Domain.UnitTest\bin\Debug\net472\VideoOS.EventServer.Events.Domain.UnitTest.dll" adapterTypeName="executor://mstestadapter/v2" className="VideoOS.EventServer.Events.Domain.UnitTest.Authorization.EventAuthorizationTests" name="CanReadEvent_ReturnsTrue_WhenEvent" />
    </UnitTest>
  </TestDefinitions>
  <TestEntries>
    <TestEntry testId="51fdc1ed-0ab0-6c98-1f01-3d8d98494f5c" executionId="730d5e80-3488-4b6a-ad23-b1a463457c2c" testListId="8c84fa94-04c1-424b-9868-57a2d4851a1d" />
    <TestEntry testId="252da588-b738-e7f5-07d5-e14813f0aa72" executionId="8399d5bd-f9aa-4440-8dab-dfe656cbb1b1" testListId="8c84fa94-04c1-424b-9868-57a2d4851a1d" />
    <TestEntry testId="b3f106ae-1437-e583-be78-8138d9d6840f" executionId="ddaa6706-2f25-4419-b751-eadc23c81485" testListId="8c84fa94-04c1-424b-9868-57a2d4851a1d" />
    <TestEntry testId="05b487fe-bd82-ea2f-6977-8657d26083bc" executionId="06326a66-83c0-4c43-bafe-4a1c71f5e044" testListId="8c84fa94-04c1-424b-9868-57a2d4851a1d" />
    <TestEntry testId="feae33bc-d61e-ecec-94fa-d0e605001d3e" executionId="338f259d-e858-4656-9666-056144d8fc52" testListId="8c84fa94-04c1-424b-9868-57a2d4851a1d" />
    <TestEntry testId="4703e4d0-e3c1-4daa-02f2-d72582880e4d" executionId="5c184d7b-483c-430c-840f-0fa8366116e9" testListId="8c84fa94-04c1-424b-9868-57a2d4851a1d" />
    <TestEntry testId="ed50f478-3dbe-e89a-bc68-d299a3059763" executionId="34fd2c67-5901-4d91-a824-ed67a0b0d881" testListId="8c84fa94-04c1-424b-9868-57a2d4851a1d" />
    <TestEntry testId="aac208fd-f16f-3072-dd81-469239986eea" executionId="d248727a-0652-4b11-99c7-4fad4497882d" testListId="8c84fa94-04c1-424b-9868-57a2d4851a1d" />
    <TestEntry testId="006cfdd4-f59e-5ae2-2ebd-9b6b515752e6" executionId="729fde2d-c78e-420b-9399-5637b3423cd1" testListId="8c84fa94-04c1-424b-9868-57a2d4851a1d" />
    <TestEntry testId="ffb8d590-65d4-fef1-321d-956b32fe918a" executionId="af8c5699-dbce-46e7-9104-85fc5f8ad83a" testListId="8c84fa94-04c1-424b-9868-57a2d4851a1d" />
    <TestEntry testId="277c9b63-7ac0-6155-8530-375fb52cb873" executionId="1397a375-1786-48ca-9385-4bd4c73f2c46" testListId="8c84fa94-04c1-424b-9868-57a2d4851a1d" />
    <TestEntry testId="b139e58f-7567-02c2-e765-21af397e4452" executionId="20aa2797-6c22-488d-9ac9-cdaa81f78ffd" testListId="8c84fa94-04c1-424b-9868-57a2d4851a1d" />
    <TestEntry testId="823d3ed2-5b68-7647-c186-b492fa760906" executionId="8f29b502-ab4d-465c-82a3-9d0914fc2ec8" testListId="8c84fa94-04c1-424b-9868-57a2d4851a1d" />
    <TestEntry testId="53aabe53-3c03-a1a3-0917-7cbab483bb60" executionId="458bfa79-298d-4b8e-9839-8ed1061235fc" testListId="8c84fa94-04c1-424b-9868-57a2d4851a1d" />
    <TestEntry testId="5e28c1d0-ddd1-a3e3-40aa-c884a0e91f3a" executionId="b2c6caed-a1d3-427c-add5-8991a1393cb0" testListId="8c84fa94-04c1-424b-9868-57a2d4851a1d" />
    <TestEntry testId="141f93e9-3fa2-3d7e-1849-c13c9de33146" executionId="7626667a-12b4-4a5a-84e4-1405d97849ed" testListId="8c84fa94-04c1-424b-9868-57a2d4851a1d" />
    <TestEntry testId="15e2ad10-6be6-f4f0-8f1a-8a9d02d8fba1" executionId="79b2edc4-76a5-46a4-9670-7c17e04a940c" testListId="8c84fa94-04c1-424b-9868-57a2d4851a1d" />
    <TestEntry testId="a95d489b-f484-bac4-e59b-ef9f10b40d28" executionId="f0042c71-e3f0-4b34-9739-953955bf005d" testListId="8c84fa94-04c1-424b-9868-57a2d4851a1d" />
    <TestEntry testId="4ff5f407-b337-5136-2788-919d52df336b" executionId="e4d23ec0-3e4c-4fcf-a4e2-0781cefc3dce" testListId="8c84fa94-04c1-424b-9868-57a2d4851a1d" />
    <TestEntry testId="0d17111d-4bcc-7465-5d12-635a518a19e2" executionId="64ea6c96-210b-47f1-8127-fa9960463e04" testListId="8c84fa94-04c1-424b-9868-57a2d4851a1d" />
    <TestEntry testId="7e5c5e5c-6e2b-26bb-73b5-03fd4e7512ca" executionId="6b2683d1-a900-46b7-aedc-ff24b9d4546d" testListId="8c84fa94-04c1-424b-9868-57a2d4851a1d" />
    <TestEntry testId="98d49c9e-e57a-593d-fab1-6a166fa2a252" executionId="954581a0-5a1c-4db2-9be8-d4517f8b589c" testListId="8c84fa94-04c1-424b-9868-57a2d4851a1d" />
    <TestEntry testId="77a62780-3a87-c9a9-3658-02651b139284" executionId="6053fb9d-723e-44da-8b8c-85a26969fbb1" testListId="8c84fa94-04c1-424b-9868-57a2d4851a1d" />
    <TestEntry testId="6f35b936-6444-18c8-0b81-2c2c6f9d78b5" executionId="8a504236-4cbd-454d-a3a6-25fc4ed7efda" testListId="8c84fa94-04c1-424b-9868-57a2d4851a1d" />
    <TestEntry testId="9fa57a39-4e10-014c-7081-775e21f575fd" executionId="e4c3a001-c0a7-449f-9d12-3e33fe19277a" testListId="8c84fa94-04c1-424b-9868-57a2d4851a1d" />
    <TestEntry testId="0c68a89b-7b19-7347-721e-06476beb017a" executionId="d22be56a-0b6c-4c27-91f5-f83081fd8e81" testListId="8c84fa94-04c1-424b-9868-57a2d4851a1d" />
    <TestEntry testId="c09a5ad1-be59-a208-a1a8-44924d9aa496" executionId="3d011e53-991b-4d94-869f-c115c0d01ae8" testListId="8c84fa94-04c1-424b-9868-57a2d4851a1d" />
    <TestEntry testId="45518f28-1410-acf8-7d30-abd035e4a78d" executionId="e987e8d5-6036-432b-8c62-8d3682ce0a22" testListId="8c84fa94-04c1-424b-9868-57a2d4851a1d" />
    <TestEntry testId="2e92e005-fd8e-7d79-b7e9-600ed234cb44" executionId="57607350-7f62-4cbf-9f5a-b0af8f96f2b1" testListId="8c84fa94-04c1-424b-9868-57a2d4851a1d" />
    <TestEntry testId="f19c9b20-45be-dac6-2cac-4972ceff78bd" executionId="0e56fa1b-0966-4b3a-89ab-aaa91d4bbf55" testListId="8c84fa94-04c1-424b-9868-57a2d4851a1d" />
    <TestEntry testId="5f466e01-f321-7f45-472d-f8d5358848fc" executionId="39b87776-e86f-4145-b8c3-d9f515b7edd4" testListId="8c84fa94-04c1-424b-9868-57a2d4851a1d" />
    <TestEntry testId="03b1aad4-00a3-252a-bc69-07c1e68b7da4" executionId="3ae28098-3275-4375-b7e9-33c538d5f830" testListId="8c84fa94-04c1-424b-9868-57a2d4851a1d" />
    <TestEntry testId="a3a03c03-08f0-56ef-314c-619079c812f6" executionId="65209f07-aafc-432a-a1c0-350d56deab7f" testListId="8c84fa94-04c1-424b-9868-57a2d4851a1d" />
    <TestEntry testId="20453c2b-e390-bc06-99c4-fa1e3b32a8e6" executionId="77b125f7-e97e-476a-bf92-ed3d65587c2a" testListId="8c84fa94-04c1-424b-9868-57a2d4851a1d" />
    <TestEntry testId="dab07678-03af-93fe-8c0b-59b5be6fdd1c" executionId="3009e912-8db4-46d7-a7ac-9a608226fb35" testListId="8c84fa94-04c1-424b-9868-57a2d4851a1d" />
    <TestEntry testId="21df9d0b-294b-18a3-e8c8-8618f36ceb5b" executionId="7676f002-86db-474b-8bdb-1d478ac2979b" testListId="8c84fa94-04c1-424b-9868-57a2d4851a1d" />
    <TestEntry testId="51e95447-a3a4-00a0-1cfd-e0a41ee04691" executionId="28cc945a-d378-4dd2-acfe-75631a437334" testListId="8c84fa94-04c1-424b-9868-57a2d4851a1d" />
    <TestEntry testId="800fdd38-2857-5678-a5ad-880a86a63143" executionId="a4eb9f57-b45b-46f5-8b32-3f34a7b7ea43" testListId="8c84fa94-04c1-424b-9868-57a2d4851a1d" />
    <TestEntry testId="02430792-fdc0-9385-7315-1a449d5b5719" executionId="17eb369c-4e07-4de1-bbd6-a193506f5dfe" testListId="8c84fa94-04c1-424b-9868-57a2d4851a1d" />
    <TestEntry testId="cee1e231-f0b5-8868-62e2-48babb0f8375" executionId="1e1339ff-569b-4b03-afe8-23e3d995b67f" testListId="8c84fa94-04c1-424b-9868-57a2d4851a1d" />
    <TestEntry testId="5a717115-f254-ca1e-e5d1-09d34d118900" executionId="7fabea20-8321-4cbf-a8c1-ed31f03ba665" testListId="8c84fa94-04c1-424b-9868-57a2d4851a1d" />
    <TestEntry testId="f77d5569-ede8-999c-aaee-e9d8d59ce1fa" executionId="6fcc2a39-6676-4c53-b0dd-68630ae0bcad" testListId="8c84fa94-04c1-424b-9868-57a2d4851a1d" />
    <TestEntry testId="3078611e-f13e-7a7f-32c7-7708471cfe19" executionId="b437c39f-bc8a-4e43-aa92-a396bade91b9" testListId="8c84fa94-04c1-424b-9868-57a2d4851a1d" />
    <TestEntry testId="417fc1e9-f922-4e01-873a-08da76265abe" executionId="d0272c60-ef72-45c8-a043-0eb9d4bd059e" testListId="8c84fa94-04c1-424b-9868-57a2d4851a1d" />
    <TestEntry testId="b4ece948-baf0-0800-46ee-b25b86be5b91" executionId="28077437-40f3-464c-92a6-8c4e36317a60" testListId="8c84fa94-04c1-424b-9868-57a2d4851a1d" />
    <TestEntry testId="36fdb8b6-2e1a-149a-3e01-02a0fa777cb6" executionId="63d9448c-6780-428d-b09e-68c4cbf618d2" testListId="8c84fa94-04c1-424b-9868-57a2d4851a1d" />
    <TestEntry testId="0b786515-8f01-01ca-7e12-d0f1c87311e8" executionId="6374fbb8-fd8d-4b42-a6a8-2567bcc99020" testListId="8c84fa94-04c1-424b-9868-57a2d4851a1d" />
    <TestEntry testId="69aebce5-34ac-f350-7998-9fae4db4fe82" executionId="2a198f98-3e36-49fc-8626-49bdff727629" testListId="8c84fa94-04c1-424b-9868-57a2d4851a1d" />
    <TestEntry testId="a446f1cc-d1be-895d-4ac0-7926728c0506" executionId="8f73f003-b1c7-41f0-9f65-ffee1e9a5046" testListId="8c84fa94-04c1-424b-9868-57a2d4851a1d" />
    <TestEntry testId="f6cb65d0-3b5b-94da-6844-309a8cd4bde0" executionId="2eca18bb-c7ec-4a31-91c3-519e182dc2c1" testListId="8c84fa94-04c1-424b-9868-57a2d4851a1d" />
    <TestEntry testId="7ed7b993-59ec-ebd0-0b51-0229ff85a8f5" executionId="072667ab-22c2-4d91-ba0c-93cfe547e455" testListId="8c84fa94-04c1-424b-9868-57a2d4851a1d" />
    <TestEntry testId="febc4460-8402-c14c-784a-9780ed84848e" executionId="24656a8b-5f0d-41c2-9638-47a56d22bba1" testListId="8c84fa94-04c1-424b-9868-57a2d4851a1d" />
    <TestEntry testId="325f4491-daf3-6de2-3920-16f97c0e407a" executionId="b7f28be3-1882-4aab-8ddb-8c1f9715eae4" testListId="8c84fa94-04c1-424b-9868-57a2d4851a1d" />
    <TestEntry testId="067f5223-a1b1-52ca-b7f6-e1297fb096ce" executionId="e6d8bf26-e55d-4192-9206-1bbbcdf8c09b" testListId="8c84fa94-04c1-424b-9868-57a2d4851a1d" />
    <TestEntry testId="cc3ee0e1-f671-56fb-43ca-914143ebdca1" executionId="99c0b7d8-2b27-4b05-936e-33373cd945fc" testListId="8c84fa94-04c1-424b-9868-57a2d4851a1d" />
    <TestEntry testId="08bb1519-9658-bb9e-007e-6b9e83d889c4" executionId="7a12bc7b-66fc-4db1-b32d-38b850ff3add" testListId="8c84fa94-04c1-424b-9868-57a2d4851a1d" />
    <TestEntry testId="dd0ade5b-e66a-248e-bbf3-e37987eec061" executionId="9aa7ae01-503a-4006-a3a9-387b4e362f6c" testListId="8c84fa94-04c1-424b-9868-57a2d4851a1d" />
    <TestEntry testId="2447d78e-aef4-ba4e-8fae-e48817933aca" executionId="6e4974e5-0e59-4837-8480-2edc3c9da36f" testListId="8c84fa94-04c1-424b-9868-57a2d4851a1d" />
    <TestEntry testId="c994e312-aae9-bc5e-4d57-c42d1bd9bbce" executionId="f9c534d8-77ac-46f1-af3a-bb88028af147" testListId="8c84fa94-04c1-424b-9868-57a2d4851a1d" />
    <TestEntry testId="3280b4a7-5d4d-4411-55b7-1865a7ac1e54" executionId="59e571a0-626f-46d6-b290-c4c121b18463" testListId="8c84fa94-04c1-424b-9868-57a2d4851a1d" />
    <TestEntry testId="2f2bcb62-785c-1992-a887-ee23ecc213a7" executionId="23e6313c-ae64-4b20-8a58-28f4d3a5a644" testListId="8c84fa94-04c1-424b-9868-57a2d4851a1d" />
    <TestEntry testId="2888fd49-31e5-80e5-81d7-fab4fcadb96d" executionId="c0566bc0-2a56-4cb7-9793-c01acfc33a73" testListId="8c84fa94-04c1-424b-9868-57a2d4851a1d" />
  </TestEntries>
  <TestLists>
    <TestList name="Results Not in a List" id="8c84fa94-04c1-424b-9868-57a2d4851a1d" />
    <TestList name="All Loaded Results" id="19431567-8539-422a-85d7-44ee4e166bda" />
  </TestLists>
  <ResultSummary outcome="Completed">
    <Counters total="62" executed="62" passed="62" failed="0" error="0" timeout="0" aborted="0" inconclusive="0" passedButRunAborted="0" notRunnable="0" notExecuted="0" disconnected="0" warning="0" completed="0" inProgress="0" pending="0" />
  </ResultSummary>
</TestRun>