<?xml version="1.0" encoding="utf-8"?>
<TestRun id="9117651c-87bc-4fd4-83bf-45c587e4b1d3" name="DKSR-EFI-04$@DKSR-EFI-04 2023-12-22 09:34:23" runUser="NT AUTHORITY\NETWORK SERVICE" xmlns="http://microsoft.com/schemas/VisualStudio/TeamTest/2010">
  <Times creation="2023-12-22T09:34:23.1940018+01:00" queuing="2023-12-22T09:34:23.1940018+01:00" start="2023-12-22T09:34:21.5064923+01:00" finish="2023-12-22T09:36:29.8196579+01:00" />
  <TestSettings name="default" id="e092d9ef-a744-4d0f-80dd-dd78641f6aeb">
    <Deployment runDeploymentRoot="DKSR-EFI-04$_DKSR-EFI-04_2023-12-22_09_34_23" />
  </TestSettings>
  <Results>
    <UnitTestResult executionId="921f130c-c04d-42de-afee-7e54edc3e5ca" testId="d38f674b-d22c-6d1c-edec-08ea870fb93d" testName="Given_Nothing_When_GetOrCreate_Then_ASessionIsCreated (06323514-3b96-4dca-af8d-50441f6886c4)" computerName="DKSR-EFI-04" duration="00:00:00.0026460" startTime="2023-12-22T09:36:27.1790185+01:00" endTime="2023-12-22T09:36:27.1946435+01:00" testType="13cdc9d9-ddb5-4fa4-a97d-d965ccfc6d4b" outcome="Passed" testListId="8c84fa94-04c1-424b-9868-57a2d4851a1d" relativeResultsDirectory="921f130c-c04d-42de-afee-7e54edc3e5ca" />
    <UnitTestResult executionId="dc84c16c-63b5-4318-bd92-4c7c6b11efb5" testId="808f6769-4db7-45b6-b417-19ff0fba4947" testName="Given_Rules_IsSubscribedIsCalled_Then_IsSubscribedReturnsTheResult (4EF04DAE-3C18-4BAD-A730-42F6F293E700,Exclude,4EF04DAE-3C18-4BAD-A730-42F6F293E700,,,False)" computerName="DKSR-EFI-04" duration="00:00:00.0002621" startTime="2023-12-22T09:36:27.3977704+01:00" endTime="2023-12-22T09:36:27.3977704+01:00" testType="13cdc9d9-ddb5-4fa4-a97d-d965ccfc6d4b" outcome="Passed" testListId="8c84fa94-04c1-424b-9868-57a2d4851a1d" relativeResultsDirectory="dc84c16c-63b5-4318-bd92-4c7c6b11efb5" />
    <UnitTestResult executionId="685aa72b-60c1-4ad6-a893-b73dcda0ce05" testId="88e04dae-20a6-c7a1-b98d-f318be8516ad" testName="Given_EventsAreAdded_When_AddingAdditionalGetRecentEvents_Then_AllAddedEventsAreReturnedInCorrectOrder" computerName="DKSR-EFI-04" duration="00:00:00.0044689" startTime="2023-12-22T09:34:23.9440038+01:00" endTime="2023-12-22T09:34:23.9440038+01:00" testType="13cdc9d9-ddb5-4fa4-a97d-d965ccfc6d4b" outcome="Passed" testListId="8c84fa94-04c1-424b-9868-57a2d4851a1d" relativeResultsDirectory="685aa72b-60c1-4ad6-a893-b73dcda0ce05" />
    <UnitTestResult executionId="759f416d-f491-4638-9ca6-95a62e703764" testId="d33dd4f9-42d2-ba54-a613-8ae309125d7c" testName="Given_UserIsNull_When_GetPermittedEventsIsCalled_Than_AllEventsAreReturned" computerName="DKSR-EFI-04" duration="00:00:00.0020898" startTime="2023-12-22T09:36:27.1321427+01:00" endTime="2023-12-22T09:36:27.1321427+01:00" testType="13cdc9d9-ddb5-4fa4-a97d-d965ccfc6d4b" outcome="Passed" testListId="8c84fa94-04c1-424b-9868-57a2d4851a1d" relativeResultsDirectory="759f416d-f491-4638-9ca6-95a62e703764" />
    <UnitTestResult executionId="b520049c-f94a-413d-8131-4e63f8d949eb" testId="a9e52de8-4e3c-69e2-691d-0e023421a227" testName="Given_Null_When_AddSubscriptionRulesIsCalled_Then_ExceptionIsThrown" computerName="DKSR-EFI-04" duration="00:00:00.0007324" startTime="2023-12-22T09:36:27.3508947+01:00" endTime="2023-12-22T09:36:27.3508947+01:00" testType="13cdc9d9-ddb5-4fa4-a97d-d965ccfc6d4b" outcome="Passed" testListId="8c84fa94-04c1-424b-9868-57a2d4851a1d" relativeResultsDirectory="b520049c-f94a-413d-8131-4e63f8d949eb" />
    <UnitTestResult executionId="0313ad4c-ff72-4095-adef-4daabea8769f" testId="1a203833-3e67-798a-159d-af3605348683" testName="Given_SessionExists_When_GetOrCreateAnotherId_Then_AnAdditionalSessionIsCreated" computerName="DKSR-EFI-04" duration="00:00:00.0044118" startTime="2023-12-22T09:36:27.2415224+01:00" endTime="2023-12-22T09:36:27.2415224+01:00" testType="13cdc9d9-ddb5-4fa4-a97d-d965ccfc6d4b" outcome="Passed" testListId="8c84fa94-04c1-424b-9868-57a2d4851a1d" relativeResultsDirectory="0313ad4c-ff72-4095-adef-4daabea8769f" />
    <UnitTestResult executionId="01e56fae-4a48-45b0-8e6f-38e4c8bb7d56" testId="c22f1937-927d-4816-d5ab-1a0baaf000a8" testName="Given_ParamsAndValuesForEssConnectAuthorizationTimeoutSeconds_When_GetEssConnectAuthorizationTimeoutSeconds_Then_ExpectedIsReturned (EssConnectAuthorizationTimeout,-1,5)" computerName="DKSR-EFI-04" duration="00:00:00.0000161" startTime="2023-12-22T09:34:23.2721256+01:00" endTime="2023-12-22T09:34:23.2721256+01:00" testType="13cdc9d9-ddb5-4fa4-a97d-d965ccfc6d4b" outcome="Passed" testListId="8c84fa94-04c1-424b-9868-57a2d4851a1d" relativeResultsDirectory="01e56fae-4a48-45b0-8e6f-38e4c8bb7d56" />
    <UnitTestResult executionId="cc6c6f11-4f18-45ff-ad61-c0fc65beccd1" testId="1c442c16-ba3d-419e-9d9d-1c14a4999eae" testName="Given_Rules_IsSubscribedIsCalled_Then_IsSubscribedReturnsTheResult (D0D2FE84-1C92-44C5-9EE3-AFCEA6415F30,Include,,,4EF04DAE-3C18-4BAD-A730-42F6F293E700,False)" computerName="DKSR-EFI-04" duration="00:00:00.0002346" startTime="2023-12-22T09:36:27.3977704+01:00" endTime="2023-12-22T09:36:27.3977704+01:00" testType="13cdc9d9-ddb5-4fa4-a97d-d965ccfc6d4b" outcome="Passed" testListId="8c84fa94-04c1-424b-9868-57a2d4851a1d" relativeResultsDirectory="cc6c6f11-4f18-45ff-ad61-c0fc65beccd1" />
    <UnitTestResult executionId="cfba2abf-5622-49ae-8034-4cdd0aafb80e" testId="6a45f7a3-f5ba-e515-01de-9cc940547205" testName="Given_Rules_IsSubscribedIsCalled_Then_IsSubscribedReturnsTheResult (4EF04DAE-3C18-4BAD-A730-42F6F293E700,Include,4EF04DAE-3C18-4BAD-A730-42F6F293E700,,,True)" computerName="DKSR-EFI-04" duration="00:00:00.0003951" startTime="2023-12-22T09:36:27.3977704+01:00" endTime="2023-12-22T09:36:27.3977704+01:00" testType="13cdc9d9-ddb5-4fa4-a97d-d965ccfc6d4b" outcome="Passed" testListId="8c84fa94-04c1-424b-9868-57a2d4851a1d" relativeResultsDirectory="cfba2abf-5622-49ae-8034-4cdd0aafb80e" />
    <UnitTestResult executionId="fcc01f98-7727-4cc3-a78f-39d402a12e5b" testId="9dba7c0f-4e59-e2da-a35f-46a781b5af00" testName="Given_BadlyFormedJson_When_Parsing_Then_400BadRequestResponseFatalError" computerName="DKSR-EFI-04" duration="00:00:00.0026126" startTime="2023-12-22T09:36:27.5852723+01:00" endTime="2023-12-22T09:36:27.6008959+01:00" testType="13cdc9d9-ddb5-4fa4-a97d-d965ccfc6d4b" outcome="Passed" testListId="8c84fa94-04c1-424b-9868-57a2d4851a1d" relativeResultsDirectory="fcc01f98-7727-4cc3-a78f-39d402a12e5b" />
    <UnitTestResult executionId="bbec8884-aa01-400b-b8cb-b2a61f0a206f" testId="4d88f499-64c4-cc5c-d594-ad7b8c2afd74" testName="Given_NoCommandId_When_Parsing_Then_400BadRequestResponseFatalError" computerName="DKSR-EFI-04" duration="00:00:00.0002988" startTime="2023-12-22T09:36:27.6008959+01:00" endTime="2023-12-22T09:36:27.6008959+01:00" testType="13cdc9d9-ddb5-4fa4-a97d-d965ccfc6d4b" outcome="Passed" testListId="8c84fa94-04c1-424b-9868-57a2d4851a1d" relativeResultsDirectory="bbec8884-aa01-400b-b8cb-b2a61f0a206f" />
    <UnitTestResult executionId="7d54de52-6a77-4f51-bd42-5d45c3ba64f9" testId="1eee4f33-92b7-9018-6165-a17963f5aa42" testName="Given_SessionExistsAndIsInactive_When_GetOrCreate_Then_SessionIsReturned" computerName="DKSR-EFI-04" duration="00:00:00.0194615" startTime="2023-12-22T09:36:27.1946435+01:00" endTime="2023-12-22T09:36:27.2102703+01:00" testType="13cdc9d9-ddb5-4fa4-a97d-d965ccfc6d4b" outcome="Passed" testListId="8c84fa94-04c1-424b-9868-57a2d4851a1d" relativeResultsDirectory="7d54de52-6a77-4f51-bd42-5d45c3ba64f9" />
    <UnitTestResult executionId="bd609496-daef-4385-be9b-67afdad05839" testId="29e8a8c3-6cb3-9ed6-377b-a865e9932129" testName="Given_MessageHandlerIsCreated_When_ValidateIsCalledWithoutAuthorizationHeader_Then_StatusIsSuccessAndDisconnectRequestIsCalledAfterTimeout" computerName="DKSR-EFI-04" startTime="2023-12-22T09:36:26.1008913+01:00" endTime="2023-12-22T09:36:26.1008913+01:00" testType="13cdc9d9-ddb5-4fa4-a97d-d965ccfc6d4b" outcome="NotExecuted" testListId="8c84fa94-04c1-424b-9868-57a2d4851a1d" relativeResultsDirectory="bd609496-daef-4385-be9b-67afdad05839">
      <Output></Output>
    </UnitTestResult>
    <UnitTestResult executionId="869dcfee-5ed9-4533-9ba3-f70ba882ba85" testId="83550f0a-a118-bb08-1ed4-f3c798229aac" testName="Given_AddSubscriptionCommand_When_Mapping_Then_AProperSubscriptionUpdateIsCreated" computerName="DKSR-EFI-04" duration="00:00:00.0193955" startTime="2023-12-22T09:36:27.6008959+01:00" endTime="2023-12-22T09:36:27.6165212+01:00" testType="13cdc9d9-ddb5-4fa4-a97d-d965ccfc6d4b" outcome="Passed" testListId="8c84fa94-04c1-424b-9868-57a2d4851a1d" relativeResultsDirectory="869dcfee-5ed9-4533-9ba3-f70ba882ba85" />
    <UnitTestResult executionId="23039b97-d05b-4c53-8659-ff0f5d9f7cba" testId="f470f3be-cbb4-4884-ce73-3815b9db8202" testName="Given_Nothing_When_CallingCreateOnTheMessageHandlerFactory_Then_AMessagehandlerIsCreated" computerName="DKSR-EFI-04" duration="00:00:00.1073663" startTime="2023-12-22T09:36:25.6790103+01:00" endTime="2023-12-22T09:36:25.7883876+01:00" testType="13cdc9d9-ddb5-4fa4-a97d-d965ccfc6d4b" outcome="Passed" testListId="8c84fa94-04c1-424b-9868-57a2d4851a1d" relativeResultsDirectory="23039b97-d05b-4c53-8659-ff0f5d9f7cba" />
    <UnitTestResult executionId="87b6a899-3d22-49f1-9547-947688a0693a" testId="614e977e-8164-1974-f844-e7e9e5f18ba0" testName="Given_WildcardAlongWithOhterSpecifier_When_Parsing_Then_400BadRequestInvalidArgumentsReturned" computerName="DKSR-EFI-04" duration="00:00:00.0115450" startTime="2023-12-22T09:36:27.5696473+01:00" endTime="2023-12-22T09:36:27.5852723+01:00" testType="13cdc9d9-ddb5-4fa4-a97d-d965ccfc6d4b" outcome="Passed" testListId="8c84fa94-04c1-424b-9868-57a2d4851a1d" relativeResultsDirectory="87b6a899-3d22-49f1-9547-947688a0693a" />
    <UnitTestResult executionId="30a98b50-e759-42fc-a1c5-7050b2d6d71e" testId="581913c4-cfd7-5c26-9601-bebfe46e68ed" testName="Given_BadCommandFormat_When_Parsing_Then_400BadRequestResponse" computerName="DKSR-EFI-04" duration="00:00:00.0002643" startTime="2023-12-22T09:36:27.6008959+01:00" endTime="2023-12-22T09:36:27.6008959+01:00" testType="13cdc9d9-ddb5-4fa4-a97d-d965ccfc6d4b" outcome="Passed" testListId="8c84fa94-04c1-424b-9868-57a2d4851a1d" relativeResultsDirectory="30a98b50-e759-42fc-a1c5-7050b2d6d71e" />
    <UnitTestResult executionId="7d2e514d-e0e8-4499-bf31-e49211793e1a" testId="06a83446-ab5d-f9d1-38d7-8cbf57b3df82" testName="Given_Event_When_ToState_ThenStateIsCreatedCorrectly" computerName="DKSR-EFI-04" duration="00:00:00.0062613" startTime="2023-12-22T09:36:28.4602769+01:00" endTime="2023-12-22T09:36:28.4602769+01:00" testType="13cdc9d9-ddb5-4fa4-a97d-d965ccfc6d4b" outcome="Passed" testListId="8c84fa94-04c1-424b-9868-57a2d4851a1d" relativeResultsDirectory="7d2e514d-e0e8-4499-bf31-e49211793e1a" />
    <UnitTestResult executionId="ffa85aef-6b31-40c0-add4-eab85b29e8ed" testId="97f523e7-893b-0556-85a1-f54162e13433" testName="Given_ParamsAndValuesForEssConnectAuthorizationTimeoutSeconds_When_GetEssConnectAuthorizationTimeoutSeconds_Then_ExpectedIsReturned (EssConnectAuthorizationTimeout,60,60)" computerName="DKSR-EFI-04" duration="00:00:00.0000151" startTime="2023-12-22T09:34:23.2721256+01:00" endTime="2023-12-22T09:34:23.2721256+01:00" testType="13cdc9d9-ddb5-4fa4-a97d-d965ccfc6d4b" outcome="Passed" testListId="8c84fa94-04c1-424b-9868-57a2d4851a1d" relativeResultsDirectory="ffa85aef-6b31-40c0-add4-eab85b29e8ed" />
    <UnitTestResult executionId="33ac60bb-d8f7-4697-ad2a-eabdb08ff409" testId="6f664609-7f00-6a0e-a61d-edaf8aad34b5" testName="Given_Rules_IsSubscribedStateIsCalled_Then_IsSubscribedReturnsTheResult (ABBBB6C3-DFBD-4439-86F3-DC71C5BB39A1,Include,15C28E95-285D-47F7-95E2-976DEC10D2D4,False)" computerName="DKSR-EFI-04" duration="00:00:00.0003642" startTime="2023-12-22T09:36:27.4133947+01:00" endTime="2023-12-22T09:36:27.4133947+01:00" testType="13cdc9d9-ddb5-4fa4-a97d-d965ccfc6d4b" outcome="Passed" testListId="8c84fa94-04c1-424b-9868-57a2d4851a1d" relativeResultsDirectory="33ac60bb-d8f7-4697-ad2a-eabdb08ff409" />
    <UnitTestResult executionId="5de92496-ca87-4658-a1ea-8a3df83516e0" testId="cf0e0023-87b9-f504-68e5-027424cdabd7" testName="Given_AllProperWildcardsCommand_When_Parsing_Then_200OKAndAddSubscriptionObjectReturned" computerName="DKSR-EFI-04" duration="00:00:00.0011567" startTime="2023-12-22T09:36:27.5696473+01:00" endTime="2023-12-22T09:36:27.5696473+01:00" testType="13cdc9d9-ddb5-4fa4-a97d-d965ccfc6d4b" outcome="Passed" testListId="8c84fa94-04c1-424b-9868-57a2d4851a1d" relativeResultsDirectory="5de92496-ca87-4658-a1ea-8a3df83516e0" />
    <UnitTestResult executionId="4bffa411-e3b5-4bde-bee6-7098403eafae" testId="f799f189-be53-4091-5b25-657cc5d1b247" testName="Given_NoSession_When_StartSession_Then_SuccessCreated" computerName="DKSR-EFI-04" duration="00:00:00.0259940" startTime="2023-12-22T09:36:26.9915175+01:00" endTime="2023-12-22T09:36:27.0227677+01:00" testType="13cdc9d9-ddb5-4fa4-a97d-d965ccfc6d4b" outcome="Passed" testListId="8c84fa94-04c1-424b-9868-57a2d4851a1d" relativeResultsDirectory="4bffa411-e3b5-4bde-bee6-7098403eafae" />
    <UnitTestResult executionId="f21631c5-2d38-4784-be2e-018fb7f7a52a" testId="b5c0a1fd-aa2b-5442-fd8a-3074032b4f13" testName="Given_StartSessionWithSessionId_When_Parsing_Then_CommandIsReturned" computerName="DKSR-EFI-04" duration="00:00:00.0004822" startTime="2023-12-22T09:36:28.5227774+01:00" endTime="2023-12-22T09:36:28.5227774+01:00" testType="13cdc9d9-ddb5-4fa4-a97d-d965ccfc6d4b" outcome="Passed" testListId="8c84fa94-04c1-424b-9868-57a2d4851a1d" relativeResultsDirectory="f21631c5-2d38-4784-be2e-018fb7f7a52a" />
    <UnitTestResult executionId="7a4bd74f-c0f2-43a7-bac1-2f45d01c2edf" testId="408ecd82-af97-3e0a-f15b-76ffe0975d7b" testName="Given_MultipleEventSubPushersAreSubScribedTo_When_TheEventAndStatePusherIsDisposed_Then_ThenAllSubPushersAreUnsubscribed" computerName="DKSR-EFI-04" duration="00:00:00.0069542" startTime="2023-12-22T09:34:23.7408800+01:00" endTime="2023-12-22T09:34:23.7408800+01:00" testType="13cdc9d9-ddb5-4fa4-a97d-d965ccfc6d4b" outcome="Passed" testListId="8c84fa94-04c1-424b-9868-57a2d4851a1d" relativeResultsDirectory="7a4bd74f-c0f2-43a7-bac1-2f45d01c2edf" />
    <UnitTestResult executionId="890b8c81-a0aa-4daf-9fcc-aa78b4cb5cfa" testId="efe9817f-6752-68f6-bfc5-2b49ae629ec1" testName="Given_Nothing_When_IsSubscribedIsCalled_Then_NoEventsHaveBeenSubscribedFor" computerName="DKSR-EFI-04" duration="00:00:00.0005698" startTime="2023-12-22T09:36:27.3508947+01:00" endTime="2023-12-22T09:36:27.3508947+01:00" testType="13cdc9d9-ddb5-4fa4-a97d-d965ccfc6d4b" outcome="Passed" testListId="8c84fa94-04c1-424b-9868-57a2d4851a1d" relativeResultsDirectory="890b8c81-a0aa-4daf-9fcc-aa78b4cb5cfa" />
    <UnitTestResult executionId="d0d3cac9-6172-4b6b-8d7c-d51503256810" testId="329b8388-0c3e-b165-4696-a2bcdcd89b43" testName="Given_StartSessionWithoutSessionId_When_Parsing_Then_CommandIsReturned" computerName="DKSR-EFI-04" duration="00:00:00.0069843" startTime="2023-12-22T09:36:28.5071518+01:00" endTime="2023-12-22T09:36:28.5227774+01:00" testType="13cdc9d9-ddb5-4fa4-a97d-d965ccfc6d4b" outcome="Passed" testListId="8c84fa94-04c1-424b-9868-57a2d4851a1d" relativeResultsDirectory="d0d3cac9-6172-4b6b-8d7c-d51503256810" />
    <UnitTestResult executionId="040e9754-8180-4665-9833-c6404f7491f2" testId="b697e546-a056-254c-e398-3d48dc7aefd3" testName="Given_ProperRemoveSubscriptionCommand_When_Parsing_Then_200OKAndRemoveSubscriptionObjectReturned" computerName="DKSR-EFI-04" duration="00:00:00.0014751" startTime="2023-12-22T09:36:28.4759011+01:00" endTime="2023-12-22T09:36:28.4759011+01:00" testType="13cdc9d9-ddb5-4fa4-a97d-d965ccfc6d4b" outcome="Passed" testListId="8c84fa94-04c1-424b-9868-57a2d4851a1d" relativeResultsDirectory="040e9754-8180-4665-9833-c6404f7491f2" />
    <UnitTestResult executionId="aaac10e7-acd1-4790-a6e2-5baf5defb95c" testId="e2d72b73-0696-090f-8c01-3546d7e28db3" testName="Given_Nothing_When_UserSidIsGuid_Then_TypeIsBasicUser" computerName="DKSR-EFI-04" duration="00:00:00.0037210" startTime="2023-12-22T09:36:27.4133947+01:00" endTime="2023-12-22T09:36:27.4133947+01:00" testType="13cdc9d9-ddb5-4fa4-a97d-d965ccfc6d4b" outcome="Passed" testListId="8c84fa94-04c1-424b-9868-57a2d4851a1d" relativeResultsDirectory="aaac10e7-acd1-4790-a6e2-5baf5defb95c" />
    <UnitTestResult executionId="61bb711d-47e2-4a58-a3be-a339ec9f6d6f" testId="3f42f314-c12f-95ee-e81e-6cf2bd7cb27c" testName="Given_EventWithAnalyticsData_When_ToExposedEvent_Then_DataShouldbeOfType_AnalyticsDataWithoutSnapshots" computerName="DKSR-EFI-04" duration="00:00:00.1572171" startTime="2023-12-22T09:36:28.0227732+01:00" endTime="2023-12-22T09:36:28.1790271+01:00" testType="13cdc9d9-ddb5-4fa4-a97d-d965ccfc6d4b" outcome="Passed" testListId="8c84fa94-04c1-424b-9868-57a2d4851a1d" relativeResultsDirectory="61bb711d-47e2-4a58-a3be-a339ec9f6d6f" />
    <UnitTestResult executionId="caac5b19-4f84-4669-953b-4578f5eddbc4" testId="fbf64ec8-d5f5-94f2-fc46-be7866b30797" testName="Given_ExposedEventWithNoStateGroup_When_SerializeObject_Then_StateAndStateIdNotPartOfJson" computerName="DKSR-EFI-04" duration="00:00:00.0182683" startTime="2023-12-22T09:36:28.1946501+01:00" endTime="2023-12-22T09:36:28.2102747+01:00" testType="13cdc9d9-ddb5-4fa4-a97d-d965ccfc6d4b" outcome="Passed" testListId="8c84fa94-04c1-424b-9868-57a2d4851a1d" relativeResultsDirectory="caac5b19-4f84-4669-953b-4578f5eddbc4" />
    <UnitTestResult executionId="5d773210-24e8-4ceb-9f07-cffbfb928bcb" testId="4f2ad8a8-e34c-1bcc-8266-63f0740759e4" testName="Given_MessageHandlerIsCreatedAndClientValidated_When_AnAuthenticateCommandIsSent_Then_ItIsIgnoredAndAnErrorResponseIsReturned" computerName="DKSR-EFI-04" duration="00:00:00.5136501" startTime="2023-12-22T09:36:26.1321406+01:00" endTime="2023-12-22T09:36:26.6477672+01:00" testType="13cdc9d9-ddb5-4fa4-a97d-d965ccfc6d4b" outcome="Passed" testListId="8c84fa94-04c1-424b-9868-57a2d4851a1d" relativeResultsDirectory="5d773210-24e8-4ceb-9f07-cffbfb928bcb" />
    <UnitTestResult executionId="9a8e626b-f19b-453d-a2aa-ebe8115e0caa" testId="4239712f-b4b4-d3b1-31da-a93b3d20d4de" testName="Given_RetentionTime0_When_ResumingSpecificEvent_Then_NoSuccess" computerName="DKSR-EFI-04" duration="00:00:00.1047099" startTime="2023-12-22T09:34:24.2408801+01:00" endTime="2023-12-22T09:34:24.3503152+01:00" testType="13cdc9d9-ddb5-4fa4-a97d-d965ccfc6d4b" outcome="Passed" testListId="8c84fa94-04c1-424b-9868-57a2d4851a1d" relativeResultsDirectory="9a8e626b-f19b-453d-a2aa-ebe8115e0caa" />
    <UnitTestResult executionId="254b8df5-bc1e-4fe7-aad8-09d29ae1439e" testId="6d2dccb8-c17b-4d0c-535c-5073418f2efb" testName="Given_Nothing_When_StateCacheIsDisposed_Then_ItUnsubscribesFromPusher" computerName="DKSR-EFI-04" duration="00:00:00.0013445" startTime="2023-12-22T09:36:27.3196448+01:00" endTime="2023-12-22T09:36:27.3196448+01:00" testType="13cdc9d9-ddb5-4fa4-a97d-d965ccfc6d4b" outcome="Passed" testListId="8c84fa94-04c1-424b-9868-57a2d4851a1d" relativeResultsDirectory="254b8df5-bc1e-4fe7-aad8-09d29ae1439e" />
    <UnitTestResult executionId="b56ebd02-ba1e-4808-be27-3c5eeb639ed7" testId="5751e437-c242-6e1c-152f-d70afbf9a64a" testName="Given_ResumeSessionAndEvents_When_Mapping_Then_ASessionIdAndEventIdIsGuid" computerName="DKSR-EFI-04" duration="00:00:00.0004807" startTime="2023-12-22T09:36:27.6165212+01:00" endTime="2023-12-22T09:36:27.6321478+01:00" testType="13cdc9d9-ddb5-4fa4-a97d-d965ccfc6d4b" outcome="Passed" testListId="8c84fa94-04c1-424b-9868-57a2d4851a1d" relativeResultsDirectory="b56ebd02-ba1e-4808-be27-3c5eeb639ed7" />
    <UnitTestResult executionId="3b229e65-097e-49d0-a1dd-38fadc9ab9ad" testId="29b4380c-4fab-0ff2-5b8f-2065ade1c77f" testName="Given_CommandIdBoolean_When_Parsing_Then_400BadRequestInvalidArgumentsReturned" computerName="DKSR-EFI-04" duration="00:00:00.0022862" startTime="2023-12-22T09:36:27.5852723+01:00" endTime="2023-12-22T09:36:27.5852723+01:00" testType="13cdc9d9-ddb5-4fa4-a97d-d965ccfc6d4b" outcome="Passed" testListId="8c84fa94-04c1-424b-9868-57a2d4851a1d" relativeResultsDirectory="3b229e65-097e-49d0-a1dd-38fadc9ab9ad" />
    <UnitTestResult executionId="414ce24a-501c-4b8b-8edc-3ed90a168384" testId="bac320c3-b6a0-73c8-39a2-fe6fdd381331" testName="Given_Rules_IsSubscribedStateIsCalled_Then_IsSubscribedReturnsTheResult (ABBBB6C3-DFBD-4439-86F3-DC71C5BB39A1,Exclude,,False)" computerName="DKSR-EFI-04" duration="00:00:00.0004908" startTime="2023-12-22T09:36:27.4133947+01:00" endTime="2023-12-22T09:36:27.4133947+01:00" testType="13cdc9d9-ddb5-4fa4-a97d-d965ccfc6d4b" outcome="Passed" testListId="8c84fa94-04c1-424b-9868-57a2d4851a1d" relativeResultsDirectory="414ce24a-501c-4b8b-8edc-3ed90a168384" />
    <UnitTestResult executionId="4d3e878f-618a-4006-88ce-4ac59db1193a" testId="0c5b364a-f5de-58da-b753-1ac614082b83" testName="Given_ResumeSession_When_Mapping_Then_ASessionIdIsGuidEventIdIsDefault" computerName="DKSR-EFI-04" duration="00:00:00.0004821" startTime="2023-12-22T09:36:27.6165212+01:00" endTime="2023-12-22T09:36:27.6165212+01:00" testType="13cdc9d9-ddb5-4fa4-a97d-d965ccfc6d4b" outcome="Passed" testListId="8c84fa94-04c1-424b-9868-57a2d4851a1d" relativeResultsDirectory="4d3e878f-618a-4006-88ce-4ac59db1193a" />
    <UnitTestResult executionId="c1b23e4f-2c6f-46e0-ad4d-f6eeb6f89622" testId="c39af18d-e350-1d1b-8554-909c49b54e82" testName="Test" computerName="DKSR-EFI-04" duration="00:00:00.0003665" startTime="2023-12-22T09:34:23.7877518+01:00" endTime="2023-12-22T09:34:23.7877518+01:00" testType="13cdc9d9-ddb5-4fa4-a97d-d965ccfc6d4b" outcome="Passed" testListId="8c84fa94-04c1-424b-9868-57a2d4851a1d" relativeResultsDirectory="c1b23e4f-2c6f-46e0-ad4d-f6eeb6f89622" />
    <UnitTestResult executionId="32477ebe-2cf1-4a54-9270-6b0d971ec316" testId="62ddb9e3-be5f-b22a-127d-2f9489fd7a03" testName="Given_MessageHandler_When_PushAsyncWithEvent_Then_ProcessMessageAsyncIsCalled" computerName="DKSR-EFI-04" duration="00:00:00.0430728" startTime="2023-12-22T09:36:26.6477672+01:00" endTime="2023-12-22T09:36:26.6946416+01:00" testType="13cdc9d9-ddb5-4fa4-a97d-d965ccfc6d4b" outcome="Passed" testListId="8c84fa94-04c1-424b-9868-57a2d4851a1d" relativeResultsDirectory="32477ebe-2cf1-4a54-9270-6b0d971ec316" />
    <UnitTestResult executionId="1b4ec619-064f-453e-9efd-391a27d78d16" testId="57086f39-ab8e-09a6-827b-ca94b12bb7fc" testName="Given_Nothing_When_UserSidIsValidSid_Then_TypeIsWindowsUser" computerName="DKSR-EFI-04" duration="00:00:00.0002219" startTime="2023-12-22T09:36:27.4133947+01:00" endTime="2023-12-22T09:36:27.4133947+01:00" testType="13cdc9d9-ddb5-4fa4-a97d-d965ccfc6d4b" outcome="Passed" testListId="8c84fa94-04c1-424b-9868-57a2d4851a1d" relativeResultsDirectory="1b4ec619-064f-453e-9efd-391a27d78d16" />
    <UnitTestResult executionId="096e7984-b0dc-4025-8986-6ecb24ba7f81" testId="31486b7f-4750-5c30-dfac-940e85d9aba3" testName="Given_StartSession_When_Mapping_Then_ASessionIdAndEventIdIsDefault" computerName="DKSR-EFI-04" duration="00:00:00.0008703" startTime="2023-12-22T09:36:28.5071518+01:00" endTime="2023-12-22T09:36:28.5071518+01:00" testType="13cdc9d9-ddb5-4fa4-a97d-d965ccfc6d4b" outcome="Passed" testListId="8c84fa94-04c1-424b-9868-57a2d4851a1d" relativeResultsDirectory="096e7984-b0dc-4025-8986-6ecb24ba7f81" />
    <UnitTestResult executionId="139a2b79-282d-4acb-9089-fc51582b33d6" testId="5971eedf-4f4e-1851-ad1a-a1d18c644a21" testName="Given_Nothing_When_GetRecentEvent_Then_CallHangsUntillEventsAreAdded" computerName="DKSR-EFI-04" duration="00:00:00.0320559" startTime="2023-12-22T09:34:23.8502520+01:00" endTime="2023-12-22T09:34:23.8815031+01:00" testType="13cdc9d9-ddb5-4fa4-a97d-d965ccfc6d4b" outcome="Passed" testListId="8c84fa94-04c1-424b-9868-57a2d4851a1d" relativeResultsDirectory="139a2b79-282d-4acb-9089-fc51582b33d6" />
    <UnitTestResult executionId="5e11451a-aba3-4d96-bf9f-c1c3b745f4f8" testId="2fb60441-b8ca-a1cd-4ec5-1ef5fd42e809" testName="Given_ResumeSession_When_Mapping_Then_ASessionIdIsGuidEventIdIsDefault" computerName="DKSR-EFI-04" duration="00:00:00.0005023" startTime="2023-12-22T09:36:28.5071518+01:00" endTime="2023-12-22T09:36:28.5071518+01:00" testType="13cdc9d9-ddb5-4fa4-a97d-d965ccfc6d4b" outcome="Passed" testListId="8c84fa94-04c1-424b-9868-57a2d4851a1d" relativeResultsDirectory="5e11451a-aba3-4d96-bf9f-c1c3b745f4f8" />
    <UnitTestResult executionId="535b2616-e3ae-4e44-a95a-c25ff4663d66" testId="df99e538-fcef-3d36-1047-c53e9aa2bfe4" testName="Given_EventsAreAdded_When_GetRecentEventsTwice_Then_CallAreHangingAtSecondCall" computerName="DKSR-EFI-04" duration="00:00:00.0276750" startTime="2023-12-22T09:34:23.9127534+01:00" endTime="2023-12-22T09:34:23.9440038+01:00" testType="13cdc9d9-ddb5-4fa4-a97d-d965ccfc6d4b" outcome="Passed" testListId="8c84fa94-04c1-424b-9868-57a2d4851a1d" relativeResultsDirectory="535b2616-e3ae-4e44-a95a-c25ff4663d66" />
    <UnitTestResult executionId="d68a004b-70b6-4390-bb86-cfb18f70dafc" testId="d9bfac4b-ce86-a681-9c66-201e537a2310" testName="Given_Rules_IsSubscribedIsCalled_Then_IsSubscribedReturnsTheResult (4EF04DAE-3C18-4BAD-A730-42F6F293E700,Exclude,,4EF04DAE-3C18-4BAD-A730-42F6F293E700,,False)" computerName="DKSR-EFI-04" duration="00:00:00.0002318" startTime="2023-12-22T09:36:27.3977704+01:00" endTime="2023-12-22T09:36:27.3977704+01:00" testType="13cdc9d9-ddb5-4fa4-a97d-d965ccfc6d4b" outcome="Passed" testListId="8c84fa94-04c1-424b-9868-57a2d4851a1d" relativeResultsDirectory="d68a004b-70b6-4390-bb86-cfb18f70dafc" />
    <UnitTestResult executionId="7e5f9504-738b-4059-b9a6-83010c5527d1" testId="05666e4e-d0b6-ba13-848d-05794867fd17" testName="Given_ResourceTypes_Then_ParseShouldReturnTheId (recordingservers,088904A7-EE2D-4AB7-8FCC-25F1B462FD88)" computerName="DKSR-EFI-04" duration="00:00:00.0000170" startTime="2023-12-22T09:36:28.5071518+01:00" endTime="2023-12-22T09:36:28.5071518+01:00" testType="13cdc9d9-ddb5-4fa4-a97d-d965ccfc6d4b" outcome="Passed" testListId="8c84fa94-04c1-424b-9868-57a2d4851a1d" relativeResultsDirectory="7e5f9504-738b-4059-b9a6-83010c5527d1" />
    <UnitTestResult executionId="e168ca3b-aabc-4dfc-a783-bfeeddfe5c57" testId="6b5e001c-372d-3984-9439-6b6573e7f51e" testName="Given_SubscriptionDoesNotExist_When_AttemptToRemove_Then_AnErrorIsReturned" computerName="DKSR-EFI-04" duration="00:00:00.0026376" startTime="2023-12-22T09:36:27.3508947+01:00" endTime="2023-12-22T09:36:27.3508947+01:00" testType="13cdc9d9-ddb5-4fa4-a97d-d965ccfc6d4b" outcome="Passed" testListId="8c84fa94-04c1-424b-9868-57a2d4851a1d" relativeResultsDirectory="e168ca3b-aabc-4dfc-a783-bfeeddfe5c57" />
    <UnitTestResult executionId="bff5c573-986c-4379-b082-7ab24b2f4a49" testId="3d4b9a3d-89d4-b2fd-70dd-2497dc4dbb19" testName="Given_ParamsAndValuesForEssConnectAuthorizationTimeoutSeconds_When_GetEssConnectAuthorizationTimeoutSeconds_Then_ExpectedIsReturned (SomeOtherKey,10,5)" computerName="DKSR-EFI-04" duration="00:00:00.0000141" startTime="2023-12-22T09:34:23.2721256+01:00" endTime="2023-12-22T09:34:23.2721256+01:00" testType="13cdc9d9-ddb5-4fa4-a97d-d965ccfc6d4b" outcome="Passed" testListId="8c84fa94-04c1-424b-9868-57a2d4851a1d" relativeResultsDirectory="bff5c573-986c-4379-b082-7ab24b2f4a49" />
    <UnitTestResult executionId="4163fb21-2713-4387-bd17-5808681de288" testId="39426936-1308-2dfd-d59b-bffdf5f4c70e" testName="Given_InactiveSessionExistsWithDifferentUser_When_GetOrCreate_Then_NewSessionIsCreated" computerName="DKSR-EFI-04" duration="00:00:00.0060452" startTime="2023-12-22T09:36:27.2571435+01:00" endTime="2023-12-22T09:36:27.2571435+01:00" testType="13cdc9d9-ddb5-4fa4-a97d-d965ccfc6d4b" outcome="Passed" testListId="8c84fa94-04c1-424b-9868-57a2d4851a1d" relativeResultsDirectory="4163fb21-2713-4387-bd17-5808681de288" />
    <UnitTestResult executionId="c6360c36-29a7-439a-9286-e9d8b17be24e" testId="cfdad807-6976-92ae-7eac-bfd3102843cf" testName="Given_SessionExists_When_StartNewSession_Then_SuccessNewSessionCreatedOldSessionDiscarded" computerName="DKSR-EFI-04" duration="00:00:00.0175766" startTime="2023-12-22T09:36:27.0227677+01:00" endTime="2023-12-22T09:36:27.0383941+01:00" testType="13cdc9d9-ddb5-4fa4-a97d-d965ccfc6d4b" outcome="Passed" testListId="8c84fa94-04c1-424b-9868-57a2d4851a1d" relativeResultsDirectory="c6360c36-29a7-439a-9286-e9d8b17be24e" />
    <UnitTestResult executionId="ee3bde25-8dc0-4f79-ba2f-9160da31c1e7" testId="1a022045-6931-1daf-eef1-9605781f6de4" testName="Given_NoCommand_When_Parsing_Then_400BadRequestResponseWithProperCommandId" computerName="DKSR-EFI-04" duration="00:00:00.0003008" startTime="2023-12-22T09:36:27.6008959+01:00" endTime="2023-12-22T09:36:27.6008959+01:00" testType="13cdc9d9-ddb5-4fa4-a97d-d965ccfc6d4b" outcome="Passed" testListId="8c84fa94-04c1-424b-9868-57a2d4851a1d" relativeResultsDirectory="ee3bde25-8dc0-4f79-ba2f-9160da31c1e7" />
    <UnitTestResult executionId="630c94c2-69b0-48b3-9a3d-a2c29b5fc0c9" testId="668c287d-4ba0-05cf-67a7-432cda7deceb" testName="Given_UnknownCommand_When_Parsing_Then_404NotFoundResponseWithProperCommandId" computerName="DKSR-EFI-04" duration="00:00:00.0002669" startTime="2023-12-22T09:36:27.6008959+01:00" endTime="2023-12-22T09:36:27.6008959+01:00" testType="13cdc9d9-ddb5-4fa4-a97d-d965ccfc6d4b" outcome="Passed" testListId="8c84fa94-04c1-424b-9868-57a2d4851a1d" relativeResultsDirectory="630c94c2-69b0-48b3-9a3d-a2c29b5fc0c9" />
    <UnitTestResult executionId="6498d625-1dcf-4135-8560-e1eb8008a9cb" testId="deb905cf-a2a0-6941-04d3-858abc2fa886" testName="Given_Null_When_IsSubscribedIsCalled_Then_ExceptionIsThrown" computerName="DKSR-EFI-04" duration="00:00:00.0005595" startTime="2023-12-22T09:36:27.3508947+01:00" endTime="2023-12-22T09:36:27.3508947+01:00" testType="13cdc9d9-ddb5-4fa4-a97d-d965ccfc6d4b" outcome="Passed" testListId="8c84fa94-04c1-424b-9868-57a2d4851a1d" relativeResultsDirectory="6498d625-1dcf-4135-8560-e1eb8008a9cb" />
    <UnitTestResult executionId="5a912925-d2a0-4cf5-9869-38798f72d5a6" testId="30e60ca6-6a1b-6f7f-607e-c17564fc7e81" testName="Given_EssResumeSessionTimeoutSecondsKeyWithInvalidValue_When_GetEssResumeSessionTimeoutSeconds_Then_DefaultValueReturned" computerName="DKSR-EFI-04" duration="00:00:00.0003162" startTime="2023-12-22T09:34:23.2096256+01:00" endTime="2023-12-22T09:34:23.2096256+01:00" testType="13cdc9d9-ddb5-4fa4-a97d-d965ccfc6d4b" outcome="Passed" testListId="8c84fa94-04c1-424b-9868-57a2d4851a1d" relativeResultsDirectory="5a912925-d2a0-4cf5-9869-38798f72d5a6" />
    <UnitTestResult executionId="a04b8e15-a361-497a-9268-dcd4dbe16446" testId="443ba165-3495-bc93-572f-03526dd196b4" testName="Given_ExposedEventWithAnalyticsData_When_Serialize_Then_NullPropertiesAreNotSerializedPropertiesNamedIdIsAllLowerCase" computerName="DKSR-EFI-04" duration="00:00:00.0402929" startTime="2023-12-22T09:36:28.4133997+01:00" endTime="2023-12-22T09:36:28.4602769+01:00" testType="13cdc9d9-ddb5-4fa4-a97d-d965ccfc6d4b" outcome="Passed" testListId="8c84fa94-04c1-424b-9868-57a2d4851a1d" relativeResultsDirectory="a04b8e15-a361-497a-9268-dcd4dbe16446" />
    <UnitTestResult executionId="fb11f3f8-d76a-44ca-aad2-25bd1bdb5b0c" testId="52a5f325-961f-02a2-36af-76660603105d" testName="Given_Rules_IsSubscribedStateIsCalled_Then_IsSubscribedReturnsTheResult (ABBBB6C3-DFBD-4439-86F3-DC71C5BB39A1,Include,ABBBB6C3-DFBD-4439-86F3-DC71C5BB39A1,True)" computerName="DKSR-EFI-04" duration="00:00:00.0004277" startTime="2023-12-22T09:36:27.4133947+01:00" endTime="2023-12-22T09:36:27.4133947+01:00" testType="13cdc9d9-ddb5-4fa4-a97d-d965ccfc6d4b" outcome="Passed" testListId="8c84fa94-04c1-424b-9868-57a2d4851a1d" relativeResultsDirectory="fb11f3f8-d76a-44ca-aad2-25bd1bdb5b0c" />
    <UnitTestResult executionId="03c5f567-db8f-467a-ad77-d1589d506b98" testId="9936d8fc-36f2-1232-dd42-3fed3ed610cc" testName="Given_ResourceTypes_Then_ParseShouldReturnTheId (Cameras,5135BA21-F1DC-4321-806A-6CE2017343C0)" computerName="DKSR-EFI-04" duration="00:00:00.0000255" startTime="2023-12-22T09:36:28.5071518+01:00" endTime="2023-12-22T09:36:28.5071518+01:00" testType="13cdc9d9-ddb5-4fa4-a97d-d965ccfc6d4b" outcome="Passed" testListId="8c84fa94-04c1-424b-9868-57a2d4851a1d" relativeResultsDirectory="03c5f567-db8f-467a-ad77-d1589d506b98" />
    <UnitTestResult executionId="1f608eec-d972-4c25-98ed-b497dcea6f05" testId="bcbd1dc7-ecfd-5631-fa27-5293e392e3ca" testName="Given_MessageHandlerIsCreated_When_ValidateClientIsSuccessful_Then_StatusIsSuccess" computerName="DKSR-EFI-04" duration="00:00:00.3137035" startTime="2023-12-22T09:36:25.7883876+01:00" endTime="2023-12-22T09:36:26.1008913+01:00" testType="13cdc9d9-ddb5-4fa4-a97d-d965ccfc6d4b" outcome="Passed" testListId="8c84fa94-04c1-424b-9868-57a2d4851a1d" relativeResultsDirectory="1f608eec-d972-4c25-98ed-b497dcea6f05" />
    <UnitTestResult executionId="c8014345-fe67-4d91-9703-ca694e181fd1" testId="85e7b633-0898-9dcd-aa1d-0c44e567bb98" testName="Given_MessageHandlerIsCreated_When_ValidateIsCalledWithoutAuthorizationHeaderAndANonAuthorizationCommandIsSent_Then_DisconnectIsRequestedBeforeTimeout" computerName="DKSR-EFI-04" duration="00:00:00.0299562" startTime="2023-12-22T09:36:26.1008913+01:00" endTime="2023-12-22T09:36:26.1321406+01:00" testType="13cdc9d9-ddb5-4fa4-a97d-d965ccfc6d4b" outcome="Passed" testListId="8c84fa94-04c1-424b-9868-57a2d4851a1d" relativeResultsDirectory="c8014345-fe67-4d91-9703-ca694e181fd1" />
    <UnitTestResult executionId="862eea55-2854-4df8-9095-369f30ab2aa3" testId="a8a5aaea-1edb-fbdc-1ce8-d03ed5d4ef6a" testName="Given_EventTypeSpecifierCollectionEmpty_When_Parsing_Then_400BadRequestInvalidArgumentsReturned" computerName="DKSR-EFI-04" duration="00:00:00.0003170" startTime="2023-12-22T09:36:27.5852723+01:00" endTime="2023-12-22T09:36:27.5852723+01:00" testType="13cdc9d9-ddb5-4fa4-a97d-d965ccfc6d4b" outcome="Passed" testListId="8c84fa94-04c1-424b-9868-57a2d4851a1d" relativeResultsDirectory="862eea55-2854-4df8-9095-369f30ab2aa3" />
    <UnitTestResult executionId="2caad5f6-66ad-4459-a392-3f786decade6" testId="66c2e5a2-49b8-8da4-ae58-aa7e48aaa402" testName="Given_UserIsNullSessionExistsAndIsInactive_When_GetOrCreate_Then_SessionIsReturned" computerName="DKSR-EFI-04" duration="00:00:00.0034854" startTime="2023-12-22T09:36:27.2102703+01:00" endTime="2023-12-22T09:36:27.2102703+01:00" testType="13cdc9d9-ddb5-4fa4-a97d-d965ccfc6d4b" outcome="Passed" testListId="8c84fa94-04c1-424b-9868-57a2d4851a1d" relativeResultsDirectory="2caad5f6-66ad-4459-a392-3f786decade6" />
    <UnitTestResult executionId="9ceb1dd9-792d-4bb3-97c9-a354ff721020" testId="68f0ec07-d246-9cc5-1f3b-2ca2b959446a" testName="Given_EventsInCacheRecentEvents_When_ResumingFromExistingEvent_Then_GetRecentEventsReturnsResumedEventsAndRecentEvents" computerName="DKSR-EFI-04" duration="00:00:00.0023682" startTime="2023-12-22T09:34:23.9753088+01:00" endTime="2023-12-22T09:34:23.9753088+01:00" testType="13cdc9d9-ddb5-4fa4-a97d-d965ccfc6d4b" outcome="Passed" testListId="8c84fa94-04c1-424b-9868-57a2d4851a1d" relativeResultsDirectory="9ceb1dd9-792d-4bb3-97c9-a354ff721020" />
    <UnitTestResult executionId="ddc69283-42e5-4ce1-94ee-83639d0c9cb0" testId="60e0d5d7-a3e6-79c1-e9e1-84c57cc0d5ed" testName="Given_SessionExistsButIsNotInactive_When_GetOrCreate_Then_NewSessionIsReturned" computerName="DKSR-EFI-04" duration="00:00:00.0033133" startTime="2023-12-22T09:36:27.2415224+01:00" endTime="2023-12-22T09:36:27.2571435+01:00" testType="13cdc9d9-ddb5-4fa4-a97d-d965ccfc6d4b" outcome="Passed" testListId="8c84fa94-04c1-424b-9868-57a2d4851a1d" relativeResultsDirectory="ddc69283-42e5-4ce1-94ee-83639d0c9cb0" />
    <UnitTestResult executionId="67df86c1-ab55-4a3e-84d1-9e818e1f003d" testId="1dd525cf-618e-0666-32f8-2dda2373e5b3" testName="Given_ExposedEvent_When_Serialize_Then_TheEntireAllAttributeNamesAreLowercase_a_z_OrDigit_0_9" computerName="DKSR-EFI-04" duration="00:00:00.0147273" startTime="2023-12-22T09:36:28.3977790+01:00" endTime="2023-12-22T09:36:28.4133997+01:00" testType="13cdc9d9-ddb5-4fa4-a97d-d965ccfc6d4b" outcome="Passed" testListId="8c84fa94-04c1-424b-9868-57a2d4851a1d" relativeResultsDirectory="67df86c1-ab55-4a3e-84d1-9e818e1f003d" />
    <UnitTestResult executionId="97118b15-002d-4cac-8817-65c68f63ef4f" testId="82ef564a-d6af-624d-6881-42d7ff50cdbe" testName="Given_ParamsAndValuesForEssConnectAuthorizationTimeoutSeconds_When_GetEssConnectAuthorizationTimeoutSeconds_Then_ExpectedIsReturned (EssConnectAuthorizationTimeout,61,5)" computerName="DKSR-EFI-04" duration="00:00:00.0000120" startTime="2023-12-22T09:34:23.2721256+01:00" endTime="2023-12-22T09:34:23.2721256+01:00" testType="13cdc9d9-ddb5-4fa4-a97d-d965ccfc6d4b" outcome="Passed" testListId="8c84fa94-04c1-424b-9868-57a2d4851a1d" relativeResultsDirectory="97118b15-002d-4cac-8817-65c68f63ef4f" />
    <UnitTestResult executionId="1aa08899-5d87-4e94-bbdd-998e70ff368b" testId="4e5ef586-508b-3b2e-2a84-792eb7741207" testName="Given_EventsMessage_When_SerializeObject_Then_Succed" computerName="DKSR-EFI-04" duration="00:00:00.0097513" startTime="2023-12-22T09:36:28.1790271+01:00" endTime="2023-12-22T09:36:28.1946501+01:00" testType="13cdc9d9-ddb5-4fa4-a97d-d965ccfc6d4b" outcome="Passed" testListId="8c84fa94-04c1-424b-9868-57a2d4851a1d" relativeResultsDirectory="1aa08899-5d87-4e94-bbdd-998e70ff368b" />
    <UnitTestResult executionId="a0fe4716-9cc4-4534-bee5-a5cb50e06cf7" testId="6a85fda5-00d9-1c5a-0a7c-4a3863b0b71c" testName="Given_Nothing_When_AStateFullEventIsPushedMultipleTimes_Then_TheLastStateIsStoredInTheCache" computerName="DKSR-EFI-04" duration="00:00:00.0016894" startTime="2023-12-22T09:36:27.3040198+01:00" endTime="2023-12-22T09:36:27.3196448+01:00" testType="13cdc9d9-ddb5-4fa4-a97d-d965ccfc6d4b" outcome="Passed" testListId="8c84fa94-04c1-424b-9868-57a2d4851a1d" relativeResultsDirectory="a0fe4716-9cc4-4534-bee5-a5cb50e06cf7" />
    <UnitTestResult executionId="808cbe0a-3eaf-4e54-b5d6-c850749b408f" testId="1f4a2205-5f2b-3ebd-cf78-6856543ffcfc" testName="Given_Rules_IsSubscribedStateIsCalled_Then_IsSubscribedReturnsTheResult (ABBBB6C3-DFBD-4439-86F3-DC71C5BB39A1,Exclude,15C28E95-285D-47F7-95E2-976DEC10D2D4,True)" computerName="DKSR-EFI-04" duration="00:00:00.0037040" startTime="2023-12-22T09:36:27.4133947+01:00" endTime="2023-12-22T09:36:27.4133947+01:00" testType="13cdc9d9-ddb5-4fa4-a97d-d965ccfc6d4b" outcome="Passed" testListId="8c84fa94-04c1-424b-9868-57a2d4851a1d" relativeResultsDirectory="808cbe0a-3eaf-4e54-b5d6-c850749b408f" />
    <UnitTestResult executionId="ad00dcfc-8f2f-459b-88ff-282ba184bdad" testId="53616b31-d5c5-a73f-fad1-e49ff5408362" testName="Given_Rules_IsSubscribedIsCalled_Then_IsSubscribedReturnsTheResult (4EF04DAE-3C18-4BAD-A730-42F6F293E700,Exclude,,,4EF04DAE-3C18-4BAD-A730-42F6F293E700,False)" computerName="DKSR-EFI-04" duration="00:00:00.0002116" startTime="2023-12-22T09:36:27.3977704+01:00" endTime="2023-12-22T09:36:27.3977704+01:00" testType="13cdc9d9-ddb5-4fa4-a97d-d965ccfc6d4b" outcome="Passed" testListId="8c84fa94-04c1-424b-9868-57a2d4851a1d" relativeResultsDirectory="ad00dcfc-8f2f-459b-88ff-282ba184bdad" />
    <UnitTestResult executionId="b421b263-3bcb-4f8d-a48e-20dfe1348395" testId="0c217a13-ecb4-b231-f1b0-ed784058acf2" testName="Given_OnlyExcludeModifiers_When_Parsing_Then_400BadRequestInvalidArgumentsReturned" computerName="DKSR-EFI-04" duration="00:00:00.0005039" startTime="2023-12-22T09:36:27.5852723+01:00" endTime="2023-12-22T09:36:27.5852723+01:00" testType="13cdc9d9-ddb5-4fa4-a97d-d965ccfc6d4b" outcome="Passed" testListId="8c84fa94-04c1-424b-9868-57a2d4851a1d" relativeResultsDirectory="b421b263-3bcb-4f8d-a48e-20dfe1348395" />
    <UnitTestResult executionId="dabe1f79-641e-430d-9a1b-4dbf27de3a5e" testId="c4567314-3208-8c2e-d7e3-263b4b46b4ae" testName="Given_EssResumeSessionTimeoutSecondsKeyDoesNotExist_When_GetEssResumeSessionTimeoutSeconds_Then_DefaultValueReturned" computerName="DKSR-EFI-04" duration="00:00:00.0002130" startTime="2023-12-22T09:34:23.2096256+01:00" endTime="2023-12-22T09:34:23.2096256+01:00" testType="13cdc9d9-ddb5-4fa4-a97d-d965ccfc6d4b" outcome="Passed" testListId="8c84fa94-04c1-424b-9868-57a2d4851a1d" relativeResultsDirectory="dabe1f79-641e-430d-9a1b-4dbf27de3a5e" />
    <UnitTestResult executionId="e067d5e9-406a-46ce-9e44-359fa7fa221a" testId="72ea1e3a-e8ec-a352-2083-f5b0e29e730a" testName="Given_Nothing_When_PusherIsLocked_Then_EventsWillBeHeldBackUntilLockIsDisposed" computerName="DKSR-EFI-04" duration="00:00:00.0473809" startTime="2023-12-22T09:34:23.7408800+01:00" endTime="2023-12-22T09:34:23.7877518+01:00" testType="13cdc9d9-ddb5-4fa4-a97d-d965ccfc6d4b" outcome="Passed" testListId="8c84fa94-04c1-424b-9868-57a2d4851a1d" relativeResultsDirectory="e067d5e9-406a-46ce-9e44-359fa7fa221a" />
    <UnitTestResult executionId="3c00fa0d-0329-4f9c-843f-b929a766f9cc" testId="f28919ed-cfda-2f3f-40b0-4c8bc98e136b" testName="Given_Rules_IsSubscribedIsCalled_Then_IsSubscribedReturnsTheResult (D0D2FE84-1C92-44C5-9EE3-AFCEA6415F30,Exclude,,4EF04DAE-3C18-4BAD-A730-42F6F293E700,,True)" computerName="DKSR-EFI-04" duration="00:00:00.0002393" startTime="2023-12-22T09:36:27.3977704+01:00" endTime="2023-12-22T09:36:27.3977704+01:00" testType="13cdc9d9-ddb5-4fa4-a97d-d965ccfc6d4b" outcome="Passed" testListId="8c84fa94-04c1-424b-9868-57a2d4851a1d" relativeResultsDirectory="3c00fa0d-0329-4f9c-843f-b929a766f9cc" />
    <UnitTestResult executionId="e9fb5f3c-017b-4f57-991f-3ca5bbfbe27f" testId="8c5476c8-0889-2d5c-d152-5f350961e078" testName="Given_EventWithNoStateGroup_When_ToExposedEvent_Then_StateIdisNull" computerName="DKSR-EFI-04" duration="00:00:00.2035258" startTime="2023-12-22T09:36:27.8196471+01:00" endTime="2023-12-22T09:36:28.0227732+01:00" testType="13cdc9d9-ddb5-4fa4-a97d-d965ccfc6d4b" outcome="Passed" testListId="8c84fa94-04c1-424b-9868-57a2d4851a1d" relativeResultsDirectory="e9fb5f3c-017b-4f57-991f-3ca5bbfbe27f" />
    <UnitTestResult executionId="956bf0b1-0217-4cbd-89c2-0bc7d02828e2" testId="0dee0c57-2847-a3b6-19a4-a177a6eed981" testName="Given_IncludeRuleWithExtendedKinds_When_IsSubscribedIsCalledWhereKindIsValid_Then_IsReturnsTheResult (088904a7-ee2d-4ab7-8fcc-25f1b462fd88,XPCORS,True)" computerName="DKSR-EFI-04" duration="00:00:00.0141196" startTime="2023-12-22T09:36:27.3665198+01:00" endTime="2023-12-22T09:36:27.3821445+01:00" testType="13cdc9d9-ddb5-4fa4-a97d-d965ccfc6d4b" outcome="Passed" testListId="8c84fa94-04c1-424b-9868-57a2d4851a1d" relativeResultsDirectory="956bf0b1-0217-4cbd-89c2-0bc7d02828e2" />
    <UnitTestResult executionId="5665e86e-59f9-4315-8f56-02d01bf0f9db" testId="a4d04c57-a507-2cbe-786f-98ded8dc3ed2" testName="Given_MessageHandlerIsCreated_When_ValidateIsCalledWithoutAuthorizationHeaderAndAuthorizationCommandSentWithinTimeout_Then_NoDisconnectIsRequestedAfterTimeout" computerName="DKSR-EFI-04" startTime="2023-12-22T09:36:26.1008913+01:00" endTime="2023-12-22T09:36:26.1008913+01:00" testType="13cdc9d9-ddb5-4fa4-a97d-d965ccfc6d4b" outcome="NotExecuted" testListId="8c84fa94-04c1-424b-9868-57a2d4851a1d" relativeResultsDirectory="5665e86e-59f9-4315-8f56-02d01bf0f9db">
      <Output></Output>
    </UnitTestResult>
    <UnitTestResult executionId="15006a49-b6b9-4948-abbb-2fa7a9fe5ecc" testId="81f50e6f-4770-8131-f7a6-47556bddf81b" testName="Given_ExposedEventWithNoStateGroup_When_Deserilize_Then_StateAndStateIdAreNull" computerName="DKSR-EFI-04" duration="00:00:00.0059651" startTime="2023-12-22T09:36:28.3977790+01:00" endTime="2023-12-22T09:36:28.3977790+01:00" testType="13cdc9d9-ddb5-4fa4-a97d-d965ccfc6d4b" outcome="Passed" testListId="8c84fa94-04c1-424b-9868-57a2d4851a1d" relativeResultsDirectory="15006a49-b6b9-4948-abbb-2fa7a9fe5ecc" />
    <UnitTestResult executionId="a5dcce59-a2c1-450c-9d5c-d92149c3d051" testId="9e195642-ca02-ec07-52dd-52469c1263d2" testName="Given_Rules_IsSubscribedIsCalled_Then_IsSubscribedReturnsTheResult (D0D2FE84-1C92-44C5-9EE3-AFCEA6415F30,Exclude,4EF04DAE-3C18-4BAD-A730-42F6F293E700,,,True)" computerName="DKSR-EFI-04" duration="00:00:00.0004042" startTime="2023-12-22T09:36:27.3977704+01:00" endTime="2023-12-22T09:36:27.3977704+01:00" testType="13cdc9d9-ddb5-4fa4-a97d-d965ccfc6d4b" outcome="Passed" testListId="8c84fa94-04c1-424b-9868-57a2d4851a1d" relativeResultsDirectory="a5dcce59-a2c1-450c-9d5c-d92149c3d051" />
    <UnitTestResult executionId="24baeb1d-4c3c-4aa0-92e1-29cefde6a01e" testId="d9c383ec-2b9a-9077-f8dd-a7d50a9778d4" testName="Given_SubscriptionAdded_When_EventThatMatchesFilter_Then_IsSubscribedTrue" computerName="DKSR-EFI-04" duration="00:00:00.0070225" startTime="2023-12-22T09:36:27.3352711+01:00" endTime="2023-12-22T09:36:27.3508947+01:00" testType="13cdc9d9-ddb5-4fa4-a97d-d965ccfc6d4b" outcome="Passed" testListId="8c84fa94-04c1-424b-9868-57a2d4851a1d" relativeResultsDirectory="24baeb1d-4c3c-4aa0-92e1-29cefde6a01e" />
    <UnitTestResult executionId="7942a462-a12a-4221-aa62-876f9452d376" testId="0966b5db-2e06-8767-524f-3e7bcc7e7dd3" testName="Given_Rules_IsSubscribedIsCalled_Then_IsSubscribedReturnsTheResult (4EF04DAE-3C18-4BAD-A730-42F6F293E700,Include,,,,True)" computerName="DKSR-EFI-04" duration="00:00:00.0025033" startTime="2023-12-22T09:36:27.3821445+01:00" endTime="2023-12-22T09:36:27.3977704+01:00" testType="13cdc9d9-ddb5-4fa4-a97d-d965ccfc6d4b" outcome="Passed" testListId="8c84fa94-04c1-424b-9868-57a2d4851a1d" relativeResultsDirectory="7942a462-a12a-4221-aa62-876f9452d376" />
    <UnitTestResult executionId="c65e6b6a-14ea-44ac-9137-04b15071ecb3" testId="646b8f42-decd-5593-6e73-660cc3b2534d" testName="Given_MessageHandler_When_PushAsyncCalldTwice_Then_MessagSequenceIsCorrect" computerName="DKSR-EFI-04" duration="00:00:00.2748423" startTime="2023-12-22T09:36:26.6946416+01:00" endTime="2023-12-22T09:36:26.9602692+01:00" testType="13cdc9d9-ddb5-4fa4-a97d-d965ccfc6d4b" outcome="Passed" testListId="8c84fa94-04c1-424b-9868-57a2d4851a1d" relativeResultsDirectory="c65e6b6a-14ea-44ac-9137-04b15071ecb3" />
    <UnitTestResult executionId="061beeb9-1435-4f32-9f35-2a32c6304942" testId="c148984c-ba7d-fc63-e1bc-c30e90767785" testName="Given_UserDoesNotHavePermission_When_GetPermittedEventsIsCalled_Than_EmptyListIsReturned" computerName="DKSR-EFI-04" duration="00:00:00.0034157" startTime="2023-12-22T09:36:27.1321427+01:00" endTime="2023-12-22T09:36:27.1321427+01:00" testType="13cdc9d9-ddb5-4fa4-a97d-d965ccfc6d4b" outcome="Passed" testListId="8c84fa94-04c1-424b-9868-57a2d4851a1d" relativeResultsDirectory="061beeb9-1435-4f32-9f35-2a32c6304942" />
    <UnitTestResult executionId="e57192bb-ad4d-4d58-b472-ad40d980407a" testId="886acc91-59d5-7f60-5e03-1f12d5f64ef7" testName="Given_EssResumeSessionTimeoutSecondsKeyWithValueZero_When_GetEssResumeSessionTimeoutSeconds_Then_ZeroReturned" computerName="DKSR-EFI-04" duration="00:00:00.0002172" startTime="2023-12-22T09:34:23.2096256+01:00" endTime="2023-12-22T09:34:23.2096256+01:00" testType="13cdc9d9-ddb5-4fa4-a97d-d965ccfc6d4b" outcome="Passed" testListId="8c84fa94-04c1-424b-9868-57a2d4851a1d" relativeResultsDirectory="e57192bb-ad4d-4d58-b472-ad40d980407a" />
    <UnitTestResult executionId="4f3ce553-b905-4faa-8221-5f8e6c05aac6" testId="7a3188fe-d9d4-6d4d-0426-af1256cedb5c" testName="Given_SessionExistsAndStatfullEventPushed_When_GetCurrentState_Then_StateReturendOnce" computerName="DKSR-EFI-04" duration="00:00:00.0347738" startTime="2023-12-22T09:36:27.0852679+01:00" endTime="2023-12-22T09:36:27.1165190+01:00" testType="13cdc9d9-ddb5-4fa4-a97d-d965ccfc6d4b" outcome="Passed" testListId="8c84fa94-04c1-424b-9868-57a2d4851a1d" relativeResultsDirectory="4f3ce553-b905-4faa-8221-5f8e6c05aac6" />
    <UnitTestResult executionId="ab4c3233-05b7-423b-b5b3-2c33ffd56993" testId="a3675df0-d5b7-652d-f192-ad7ccce62d82" testName="Given_EventsInCache_When_RetentionTimeExpires_Then_EventsCanNoLongerBeResumed" computerName="DKSR-EFI-04" duration="00:00:00.1116676" startTime="2023-12-22T09:34:24.1315031+01:00" endTime="2023-12-22T09:34:24.2408801+01:00" testType="13cdc9d9-ddb5-4fa4-a97d-d965ccfc6d4b" outcome="Passed" testListId="8c84fa94-04c1-424b-9868-57a2d4851a1d" relativeResultsDirectory="ab4c3233-05b7-423b-b5b3-2c33ffd56993" />
    <UnitTestResult executionId="95c4efb7-3920-4eb2-90f6-ed6d45dc92dd" testId="d83db56b-87cc-9a16-cbc0-14f0f643f9e4" testName="Given_ResourceTypes_Then_ParseShouldReturnTheId (03782B66-8B2F-484F-ACD6-DAD83C011732,03782B66-8B2F-484F-ACD6-DAD83C011732)" computerName="DKSR-EFI-04" duration="00:00:00.0000340" startTime="2023-12-22T09:36:28.5071518+01:00" endTime="2023-12-22T09:36:28.5071518+01:00" testType="13cdc9d9-ddb5-4fa4-a97d-d965ccfc6d4b" outcome="Passed" testListId="8c84fa94-04c1-424b-9868-57a2d4851a1d" relativeResultsDirectory="95c4efb7-3920-4eb2-90f6-ed6d45dc92dd" />
    <UnitTestResult executionId="5493628b-774e-477f-b657-fd95dc160513" testId="38a7b6a3-6c9d-888d-93a0-c6e954f4929d" testName="Given_ResourceTypeSpecifierCollectionEmpty_When_Parsing_Then_400BadRequestInvalidArgumentsReturned" computerName="DKSR-EFI-04" duration="00:00:00.0003091" startTime="2023-12-22T09:36:27.5852723+01:00" endTime="2023-12-22T09:36:27.5852723+01:00" testType="13cdc9d9-ddb5-4fa4-a97d-d965ccfc6d4b" outcome="Passed" testListId="8c84fa94-04c1-424b-9868-57a2d4851a1d" relativeResultsDirectory="5493628b-774e-477f-b657-fd95dc160513" />
    <UnitTestResult executionId="9e2dce98-f380-4271-9993-e251f84e4dfb" testId="e12d47e8-52e8-1587-c267-c57ea84bfbac" testName="Given_MultipleEventSubPushersAreSubScribedTo_When_AnyOfThePuhsersPushesAnEvent_Then_TheEventIsforwarded" computerName="DKSR-EFI-04" duration="00:00:00.4580913" startTime="2023-12-22T09:34:23.2721256+01:00" endTime="2023-12-22T09:34:23.7408800+01:00" testType="13cdc9d9-ddb5-4fa4-a97d-d965ccfc6d4b" outcome="Passed" testListId="8c84fa94-04c1-424b-9868-57a2d4851a1d" relativeResultsDirectory="9e2dce98-f380-4271-9993-e251f84e4dfb" />
    <UnitTestResult executionId="cdf933e1-f924-40e1-9214-c62fec06e828" testId="3383aa31-fd9e-e756-c177-5fb014e0f40a" testName="Given_ResumeSessionAndEvents_When_Mapping_Then_ASessionIdAndEventIdIsGuid" computerName="DKSR-EFI-04" duration="00:00:00.0004995" startTime="2023-12-22T09:36:28.5071518+01:00" endTime="2023-12-22T09:36:28.5071518+01:00" testType="13cdc9d9-ddb5-4fa4-a97d-d965ccfc6d4b" outcome="Passed" testListId="8c84fa94-04c1-424b-9868-57a2d4851a1d" relativeResultsDirectory="cdf933e1-f924-40e1-9214-c62fec06e828" />
    <UnitTestResult executionId="26c7858e-1fab-436a-8711-5be7ab2a5881" testId="e56d644f-ad5a-07c3-07ab-689fae3f0416" testName="Given_EventsAreAdded_When_GetRecentEvents_Then_EventsAreHandedOut" computerName="DKSR-EFI-04" duration="00:00:00.0519468" startTime="2023-12-22T09:34:23.7877518+01:00" endTime="2023-12-22T09:34:23.8502520+01:00" testType="13cdc9d9-ddb5-4fa4-a97d-d965ccfc6d4b" outcome="Passed" testListId="8c84fa94-04c1-424b-9868-57a2d4851a1d" relativeResultsDirectory="26c7858e-1fab-436a-8711-5be7ab2a5881" />
    <UnitTestResult executionId="34c5ee16-a249-4c83-b202-4d77b5631741" testId="6507f808-c9e1-3403-0216-cd8d28b5f232" testName="Given_StartSession_When_Mapping_Then_ASessionIdAndEventIdIsDefault" computerName="DKSR-EFI-04" duration="00:00:00.0013199" startTime="2023-12-22T09:36:27.6165212+01:00" endTime="2023-12-22T09:36:27.6165212+01:00" testType="13cdc9d9-ddb5-4fa4-a97d-d965ccfc6d4b" outcome="Passed" testListId="8c84fa94-04c1-424b-9868-57a2d4851a1d" relativeResultsDirectory="34c5ee16-a249-4c83-b202-4d77b5631741" />
    <UnitTestResult executionId="57d31a8b-cff2-4016-b94b-6d3616728573" testId="f12c380b-252f-3d82-b5ce-40e9dc7dcd57" testName="Given_InactiveSessionExistsGoodEventDoesNotExists_When_GetOrCreate_Then_NewSessionReturned" computerName="DKSR-EFI-04" duration="00:00:00.0059535" startTime="2023-12-22T09:36:27.2883948+01:00" endTime="2023-12-22T09:36:27.2883948+01:00" testType="13cdc9d9-ddb5-4fa4-a97d-d965ccfc6d4b" outcome="Passed" testListId="8c84fa94-04c1-424b-9868-57a2d4851a1d" relativeResultsDirectory="57d31a8b-cff2-4016-b94b-6d3616728573" />
    <UnitTestResult executionId="0546588d-a82e-4eb7-a767-fa39d1e9d26c" testId="ab487fc1-7e95-1dc9-6f76-3ccd7de31b29" testName="Given_Nothing_When_StatefullEventsArePushed_Then_TheEventIsAddedToTheCache" computerName="DKSR-EFI-04" duration="00:00:00.0168338" startTime="2023-12-22T09:36:27.2883948+01:00" endTime="2023-12-22T09:36:27.3040198+01:00" testType="13cdc9d9-ddb5-4fa4-a97d-d965ccfc6d4b" outcome="Passed" testListId="8c84fa94-04c1-424b-9868-57a2d4851a1d" relativeResultsDirectory="0546588d-a82e-4eb7-a767-fa39d1e9d26c" />
    <UnitTestResult executionId="de2d59d5-2950-483b-81cd-532a83a909f5" testId="8fd20424-1827-93f4-e482-848d3e7f0278" testName="Given_Nothing_When_AStateFullEventIsPushedMultipleTimesInTheSamePush_Then_TheLastStateInTheCollectionIsStoredInTheCache" computerName="DKSR-EFI-04" duration="00:00:00.0015592" startTime="2023-12-22T09:36:27.3196448+01:00" endTime="2023-12-22T09:36:27.3196448+01:00" testType="13cdc9d9-ddb5-4fa4-a97d-d965ccfc6d4b" outcome="Passed" testListId="8c84fa94-04c1-424b-9868-57a2d4851a1d" relativeResultsDirectory="de2d59d5-2950-483b-81cd-532a83a909f5" />
    <UnitTestResult executionId="07db6e60-5531-4cd4-9e74-2ec1c4ec6ea7" testId="574b2f8f-cafd-7669-fb7d-d3336a80f13a" testName="Given_Rules_IsSubscribedIsCalled_Then_IsSubscribedReturnsTheResult (4EF04DAE-3C18-4BAD-A730-42F6F293E700,Include,,4EF04DAE-3C18-4BAD-A730-42F6F293E700,,True)" computerName="DKSR-EFI-04" duration="00:00:00.0002908" startTime="2023-12-22T09:36:27.3977704+01:00" endTime="2023-12-22T09:36:27.3977704+01:00" testType="13cdc9d9-ddb5-4fa4-a97d-d965ccfc6d4b" outcome="Passed" testListId="8c84fa94-04c1-424b-9868-57a2d4851a1d" relativeResultsDirectory="07db6e60-5531-4cd4-9e74-2ec1c4ec6ea7" />
    <UnitTestResult executionId="5134e7cf-dfec-4bb9-a047-628bb6ace8e1" testId="14d607be-ff13-1e7d-d02b-70da6282f27b" testName="Given_SubscriptionIdEmptyGuid_When_Parsing_Then_400BadRequestInvalidArgumentsReturned" computerName="DKSR-EFI-04" duration="00:00:00.0004584" startTime="2023-12-22T09:36:28.4915274+01:00" endTime="2023-12-22T09:36:28.4915274+01:00" testType="13cdc9d9-ddb5-4fa4-a97d-d965ccfc6d4b" outcome="Passed" testListId="8c84fa94-04c1-424b-9868-57a2d4851a1d" relativeResultsDirectory="5134e7cf-dfec-4bb9-a047-628bb6ace8e1" />
    <UnitTestResult executionId="b0e131e7-2c89-4a08-923a-724e30c76368" testId="89525102-93d9-a18e-34ec-ef1caa7ba7f0" testName="Given_IncludeRuleWithWildCard_When_IsSubscribedIsCalled_Then_IsSubscribedIsTrue" computerName="DKSR-EFI-04" duration="00:00:00.0030799" startTime="2023-12-22T09:36:27.3508947+01:00" endTime="2023-12-22T09:36:27.3665198+01:00" testType="13cdc9d9-ddb5-4fa4-a97d-d965ccfc6d4b" outcome="Passed" testListId="8c84fa94-04c1-424b-9868-57a2d4851a1d" relativeResultsDirectory="b0e131e7-2c89-4a08-923a-724e30c76368" />
    <UnitTestResult executionId="9595e275-a561-407a-b2be-87b29ca4a679" testId="1701e553-4b92-dc28-17a3-5f3b2e50e5ab" testName="Given_EssResumeSessionTimeoutSecondsKeyWithValue_When_GetEssResumeSessionTimeoutSeconds_Then_ValueReturned" computerName="DKSR-EFI-04" duration="00:00:00.0053917" startTime="2023-12-22T09:34:23.1940018+01:00" endTime="2023-12-22T09:34:23.2096256+01:00" testType="13cdc9d9-ddb5-4fa4-a97d-d965ccfc6d4b" outcome="Passed" testListId="8c84fa94-04c1-424b-9868-57a2d4851a1d" relativeResultsDirectory="9595e275-a561-407a-b2be-87b29ca4a679" />
    <UnitTestResult executionId="41d3df46-5ff2-49ed-ab0e-56023abecb30" testId="c71ae056-973d-f7c9-8269-7b94bc1575d1" testName="Given_Nothing_When_AStateFullAndAStatelessEventIsPushed_Then_OnlyTheStateFullEventAddedToTheCache" computerName="DKSR-EFI-04" duration="00:00:00.0019888" startTime="2023-12-22T09:36:27.3040198+01:00" endTime="2023-12-22T09:36:27.3040198+01:00" testType="13cdc9d9-ddb5-4fa4-a97d-d965ccfc6d4b" outcome="Passed" testListId="8c84fa94-04c1-424b-9868-57a2d4851a1d" relativeResultsDirectory="41d3df46-5ff2-49ed-ab0e-56023abecb30" />
    <UnitTestResult executionId="da314139-5e1c-440e-868a-c210176e60fb" testId="df0c0ff9-7f0e-2d2e-976b-55c6991fd6e9" testName="Given_EventsInCacheCancellingRecentEvents_When_ResumingFromExistingEvent_Then_GetRecentEventsReturnsCachedEvents" computerName="DKSR-EFI-04" duration="00:00:00.1348183" startTime="2023-12-22T09:34:23.9908797+01:00" endTime="2023-12-22T09:34:24.1315031+01:00" testType="13cdc9d9-ddb5-4fa4-a97d-d965ccfc6d4b" outcome="Passed" testListId="8c84fa94-04c1-424b-9868-57a2d4851a1d" relativeResultsDirectory="da314139-5e1c-440e-868a-c210176e60fb" />
    <UnitTestResult executionId="5425235e-b5c5-425f-a0d8-9a73c581bdcf" testId="e8528be5-b85a-9a64-e355-41b2eb647d3a" testName="Given_SessionHasTimedout_When_GetOrCreate_Then_ANewSessionIsReturned" computerName="DKSR-EFI-04" duration="00:00:00.0302185" startTime="2023-12-22T09:36:27.2102703+01:00" endTime="2023-12-22T09:36:27.2415224+01:00" testType="13cdc9d9-ddb5-4fa4-a97d-d965ccfc6d4b" outcome="Passed" testListId="8c84fa94-04c1-424b-9868-57a2d4851a1d" relativeResultsDirectory="5425235e-b5c5-425f-a0d8-9a73c581bdcf" />
    <UnitTestResult executionId="695b4463-0f47-42ff-afb1-a568ee588dd1" testId="4ce35d63-7ac6-fb24-a2a8-2dd14293980c" testName="Given_Nothing_When_GetOrCreate_Then_ASessionIsCreated (00000000-0000-0000-0000-000000000000)" computerName="DKSR-EFI-04" duration="00:00:00.0474771" startTime="2023-12-22T09:36:27.1321427+01:00" endTime="2023-12-22T09:36:27.1790185+01:00" testType="13cdc9d9-ddb5-4fa4-a97d-d965ccfc6d4b" outcome="Passed" testListId="8c84fa94-04c1-424b-9868-57a2d4851a1d" relativeResultsDirectory="695b4463-0f47-42ff-afb1-a568ee588dd1" />
    <UnitTestResult executionId="e3717c49-e4d5-4ede-9313-e6c2f7ddc4b7" testId="eaeece35-3172-5c51-c577-7144c5c03259" testName="Given_EventWithKnownKind_When_ToExposedEvent_Then_SourceIsCorrect" computerName="DKSR-EFI-04" duration="00:00:00.0046015" startTime="2023-12-22T09:36:28.0227732+01:00" endTime="2023-12-22T09:36:28.0227732+01:00" testType="13cdc9d9-ddb5-4fa4-a97d-d965ccfc6d4b" outcome="Passed" testListId="8c84fa94-04c1-424b-9868-57a2d4851a1d" relativeResultsDirectory="e3717c49-e4d5-4ede-9313-e6c2f7ddc4b7" />
    <UnitTestResult executionId="1b4f4283-11d2-4413-a3e0-24e30b09f924" testId="9a7b0de5-dbb0-3a2f-ee11-fc9ab5bbeded" testName="Given_StartSessionWithInvalidSessionId_When_Parsing_Then_ErrorIsReturned" computerName="DKSR-EFI-04" duration="00:00:00.0003334" startTime="2023-12-22T09:36:28.5227774+01:00" endTime="2023-12-22T09:36:28.5227774+01:00" testType="13cdc9d9-ddb5-4fa4-a97d-d965ccfc6d4b" outcome="Passed" testListId="8c84fa94-04c1-424b-9868-57a2d4851a1d" relativeResultsDirectory="1b4f4283-11d2-4413-a3e0-24e30b09f924" />
    <UnitTestResult executionId="6cc9ae97-5812-4a92-80d5-683ee35522df" testId="4bf816f4-8ff9-5f05-5469-95e36547d36e" testName="Given_NoSession_When_AddSubscription_Then_ProperErrorResponse" computerName="DKSR-EFI-04" duration="00:00:00.0315633" startTime="2023-12-22T09:36:26.9602692+01:00" endTime="2023-12-22T09:36:26.9915175+01:00" testType="13cdc9d9-ddb5-4fa4-a97d-d965ccfc6d4b" outcome="Passed" testListId="8c84fa94-04c1-424b-9868-57a2d4851a1d" relativeResultsDirectory="6cc9ae97-5812-4a92-80d5-683ee35522df" />
    <UnitTestResult executionId="3bea03b9-e6dc-473a-88cf-64d72f98f423" testId="481fd340-843a-082c-7388-67fb090ab51b" testName="Given_Nothing_When_GetPermittedeventsIsCalled_Then_ThePermittedEventsAreReturned" computerName="DKSR-EFI-04" duration="00:00:00.0057478" startTime="2023-12-22T09:36:27.1165190+01:00" endTime="2023-12-22T09:36:27.1321427+01:00" testType="13cdc9d9-ddb5-4fa4-a97d-d965ccfc6d4b" outcome="Passed" testListId="8c84fa94-04c1-424b-9868-57a2d4851a1d" relativeResultsDirectory="3bea03b9-e6dc-473a-88cf-64d72f98f423" />
    <UnitTestResult executionId="27cee676-50b8-4641-bcdd-46eb5e2394b2" testId="da78fd54-9ea2-6def-aa74-165cbef3b64c" testName="Given_UnknownResourceType_Then_ExceptionIsThrown" computerName="DKSR-EFI-04" duration="00:00:00.0006874" startTime="2023-12-22T09:36:28.5071518+01:00" endTime="2023-12-22T09:36:28.5071518+01:00" testType="13cdc9d9-ddb5-4fa4-a97d-d965ccfc6d4b" outcome="Passed" testListId="8c84fa94-04c1-424b-9868-57a2d4851a1d" relativeResultsDirectory="27cee676-50b8-4641-bcdd-46eb5e2394b2" />
    <UnitTestResult executionId="728d1b89-1a5b-4f21-96f4-ec65f7825004" testId="8902bc51-6268-0123-2576-c6cf515fbd3e" testName="Given_StartSessionWithSessionIdNoEventId_When_Parsing_Then_CommandIsReturned" computerName="DKSR-EFI-04" duration="00:00:00.0003707" startTime="2023-12-22T09:36:28.5227774+01:00" endTime="2023-12-22T09:36:28.5227774+01:00" testType="13cdc9d9-ddb5-4fa4-a97d-d965ccfc6d4b" outcome="Passed" testListId="8c84fa94-04c1-424b-9868-57a2d4851a1d" relativeResultsDirectory="728d1b89-1a5b-4f21-96f4-ec65f7825004" />
    <UnitTestResult executionId="43933a3c-1b17-4ced-875f-9822b85efaa5" testId="f759bd97-980f-b14d-c0d8-3d20ffae820c" testName="Given_EventsInCacheAfterWaitingForEvents_When_ResumingFromExistingEvent_Then_GetRecentEventsReturnsCachedEvents" computerName="DKSR-EFI-04" duration="00:00:00.0133568" startTime="2023-12-22T09:34:23.9753088+01:00" endTime="2023-12-22T09:34:23.9908797+01:00" testType="13cdc9d9-ddb5-4fa4-a97d-d965ccfc6d4b" outcome="Passed" testListId="8c84fa94-04c1-424b-9868-57a2d4851a1d" relativeResultsDirectory="43933a3c-1b17-4ced-875f-9822b85efaa5" />
    <UnitTestResult executionId="9ccce64f-7472-477a-be72-ae203a25e152" testId="fa8c76aa-9af9-704a-4fa8-d3eee8da1a14" testName="Given_EventsMessage_When_DeserilizeFromJson_Then_Succed" computerName="DKSR-EFI-04" duration="00:00:00.1896209" startTime="2023-12-22T09:36:28.2102747+01:00" endTime="2023-12-22T09:36:28.3977790+01:00" testType="13cdc9d9-ddb5-4fa4-a97d-d965ccfc6d4b" outcome="Passed" testListId="8c84fa94-04c1-424b-9868-57a2d4851a1d" relativeResultsDirectory="9ccce64f-7472-477a-be72-ae203a25e152" />
    <UnitTestResult executionId="a79b2b93-5014-4842-b55a-ee2dacbcb9c0" testId="ca6de712-cccd-e22a-7ab5-7d82b6d46442" testName="Given_StartSessionWithInvalidEventId_When_Parsing_Then_ErrorIsReturned" computerName="DKSR-EFI-04" duration="00:00:00.0003261" startTime="2023-12-22T09:36:28.5227774+01:00" endTime="2023-12-22T09:36:28.5384037+01:00" testType="13cdc9d9-ddb5-4fa4-a97d-d965ccfc6d4b" outcome="Passed" testListId="8c84fa94-04c1-424b-9868-57a2d4851a1d" relativeResultsDirectory="a79b2b93-5014-4842-b55a-ee2dacbcb9c0" />
    <UnitTestResult executionId="97e3b28b-b39e-42c2-872c-299e7d96cb22" testId="b47c2cfd-a74b-c954-bd88-3779258e52fd" testName="Given_Rules_IsSubscribedIsCalled_Then_IsSubscribedReturnsTheResult (D0D2FE84-1C92-44C5-9EE3-AFCEA6415F30,Exclude,,,4EF04DAE-3C18-4BAD-A730-42F6F293E700,True)" computerName="DKSR-EFI-04" duration="00:00:00.0002406" startTime="2023-12-22T09:36:27.3977704+01:00" endTime="2023-12-22T09:36:27.3977704+01:00" testType="13cdc9d9-ddb5-4fa4-a97d-d965ccfc6d4b" outcome="Passed" testListId="8c84fa94-04c1-424b-9868-57a2d4851a1d" relativeResultsDirectory="97e3b28b-b39e-42c2-872c-299e7d96cb22" />
    <UnitTestResult executionId="5f29a25c-4685-4780-8e8c-06c042c71a94" testId="029f8264-8dd8-7c55-ccbc-cf1a4f568059" testName="Given_Nothing_When_AnyEvent_Then_IsSubscribedFalse" computerName="DKSR-EFI-04" duration="00:00:00.0014643" startTime="2023-12-22T09:36:27.3196448+01:00" endTime="2023-12-22T09:36:27.3196448+01:00" testType="13cdc9d9-ddb5-4fa4-a97d-d965ccfc6d4b" outcome="Passed" testListId="8c84fa94-04c1-424b-9868-57a2d4851a1d" relativeResultsDirectory="5f29a25c-4685-4780-8e8c-06c042c71a94" />
    <UnitTestResult executionId="137060e6-11fd-4d08-95d8-55a9f26c705d" testId="a89d0695-f1ec-52c6-0f6e-39897d378c92" testName="Given_Rules_IsSubscribedStateIsCalled_Then_IsSubscribedReturnsTheResult (ABBBB6C3-DFBD-4439-86F3-DC71C5BB39A1,Include,,True)" computerName="DKSR-EFI-04" duration="00:00:00.0047921" startTime="2023-12-22T09:36:27.3977704+01:00" endTime="2023-12-22T09:36:27.4133947+01:00" testType="13cdc9d9-ddb5-4fa4-a97d-d965ccfc6d4b" outcome="Passed" testListId="8c84fa94-04c1-424b-9868-57a2d4851a1d" relativeResultsDirectory="137060e6-11fd-4d08-95d8-55a9f26c705d" />
    <UnitTestResult executionId="c9703887-aaf4-4852-a698-6c8b1478e3f6" testId="eeb5ac1e-1bb9-1820-7491-a59f060b4245" testName="Given_Nothing_When_UserSidIsInvalidSid_Then_UnknownIdentityType" computerName="DKSR-EFI-04" duration="00:00:00.0036195" startTime="2023-12-22T09:36:27.4133947+01:00" endTime="2023-12-22T09:36:27.4290202+01:00" testType="13cdc9d9-ddb5-4fa4-a97d-d965ccfc6d4b" outcome="Passed" testListId="8c84fa94-04c1-424b-9868-57a2d4851a1d" relativeResultsDirectory="c9703887-aaf4-4852-a698-6c8b1478e3f6" />
    <UnitTestResult executionId="79f462c6-4539-429f-9e7f-da39a5c25c5c" testId="9d380471-420e-7575-73fb-7175773c02f0" testName="Given_SessionExists_When_StartSameSession_Then_SuccessExistingSessionReturned" computerName="DKSR-EFI-04" duration="00:00:00.0397739" startTime="2023-12-22T09:36:27.0383941+01:00" endTime="2023-12-22T09:36:27.0852679+01:00" testType="13cdc9d9-ddb5-4fa4-a97d-d965ccfc6d4b" outcome="Passed" testListId="8c84fa94-04c1-424b-9868-57a2d4851a1d" relativeResultsDirectory="79f462c6-4539-429f-9e7f-da39a5c25c5c" />
    <UnitTestResult executionId="c443db7a-1acc-4c26-99fa-951e02e55581" testId="70eeb1ad-920b-36a3-73e7-e226adca4ba4" testName="Given_ParamsAndValuesForEssConnectAuthorizationTimeoutSeconds_When_GetEssConnectAuthorizationTimeoutSeconds_Then_ExpectedIsReturned (EssConnectAuthorizationTimeout,sadf,5)" computerName="DKSR-EFI-04" duration="00:00:00.0000176" startTime="2023-12-22T09:34:23.2721256+01:00" endTime="2023-12-22T09:34:23.2721256+01:00" testType="13cdc9d9-ddb5-4fa4-a97d-d965ccfc6d4b" outcome="Passed" testListId="8c84fa94-04c1-424b-9868-57a2d4851a1d" relativeResultsDirectory="c443db7a-1acc-4c26-99fa-951e02e55581" />
    <UnitTestResult executionId="cd0cc54f-7673-4387-b1cc-6d1461a9547f" testId="0bae87fb-b85d-97ff-1581-004ead8709b6" testName="Given_EssResumeSessionTimeoutSecondsKeyWithValueOverLimit_When_GetEssResumeSessionTimeoutSeconds_Then_MaxValueReturned" computerName="DKSR-EFI-04" duration="00:00:00.0002207" startTime="2023-12-22T09:34:23.2096256+01:00" endTime="2023-12-22T09:34:23.2096256+01:00" testType="13cdc9d9-ddb5-4fa4-a97d-d965ccfc6d4b" outcome="Passed" testListId="8c84fa94-04c1-424b-9868-57a2d4851a1d" relativeResultsDirectory="cd0cc54f-7673-4387-b1cc-6d1461a9547f" />
    <UnitTestResult executionId="29c8c7de-93bd-497c-a96d-fc53a6562b80" testId="c320cab3-a834-5d65-ec05-fa4802ad3ca0" testName="Given_InactiveSessionExistsSameUserDifferentObject_When_GetOrCreate_Then_ExistsingSessionReturned" computerName="DKSR-EFI-04" duration="00:00:00.0077582" startTime="2023-12-22T09:36:27.2727675+01:00" endTime="2023-12-22T09:36:27.2727675+01:00" testType="13cdc9d9-ddb5-4fa4-a97d-d965ccfc6d4b" outcome="Passed" testListId="8c84fa94-04c1-424b-9868-57a2d4851a1d" relativeResultsDirectory="29c8c7de-93bd-497c-a96d-fc53a6562b80" />
    <UnitTestResult executionId="8f861f2b-8a29-4fca-8060-0e3c02f6a081" testId="cbdaa892-b585-e537-2a1b-08ca32d0b7bd" testName="Given_ParamsAndValuesForEssConnectAuthorizationTimeoutSeconds_When_GetEssConnectAuthorizationTimeoutSeconds_Then_ExpectedIsReturned (EssConnectAuthorizationTimeout,13,13)" computerName="DKSR-EFI-04" duration="00:00:00.0006586" startTime="2023-12-22T09:34:23.2096256+01:00" endTime="2023-12-22T09:34:23.2721256+01:00" testType="13cdc9d9-ddb5-4fa4-a97d-d965ccfc6d4b" outcome="Passed" testListId="8c84fa94-04c1-424b-9868-57a2d4851a1d" relativeResultsDirectory="8f861f2b-8a29-4fca-8060-0e3c02f6a081" />
    <UnitTestResult executionId="56fbccc4-639f-4a12-b027-b80f4bcdf239" testId="ac5a3b6c-8792-acd8-e85e-8cc8e5d22d05" testName="Given_SubscriptionIdNotValidGuid_When_Parsing_Then_400BadRequestInvalidArgumentsReturned" computerName="DKSR-EFI-04" duration="00:00:00.0080597" startTime="2023-12-22T09:36:28.4759011+01:00" endTime="2023-12-22T09:36:28.4915274+01:00" testType="13cdc9d9-ddb5-4fa4-a97d-d965ccfc6d4b" outcome="Passed" testListId="8c84fa94-04c1-424b-9868-57a2d4851a1d" relativeResultsDirectory="56fbccc4-639f-4a12-b027-b80f4bcdf239" />
    <UnitTestResult executionId="295b12de-315c-40eb-9da7-6d2fc364a5ea" testId="23ec95fb-7089-54a6-3032-25dda5297720" testName="Given_Nothing_When_StatefullEventwithoutSorceIdIsPushed_Then_ItIsIgnoredInTheCache" computerName="DKSR-EFI-04" duration="00:00:00.0015777" startTime="2023-12-22T09:36:27.3040198+01:00" endTime="2023-12-22T09:36:27.3040198+01:00" testType="13cdc9d9-ddb5-4fa4-a97d-d965ccfc6d4b" outcome="Passed" testListId="8c84fa94-04c1-424b-9868-57a2d4851a1d" relativeResultsDirectory="295b12de-315c-40eb-9da7-6d2fc364a5ea" />
    <UnitTestResult executionId="931c27b9-3f8b-41fb-bcc5-448ea22c7c7c" testId="a664b755-27f4-da71-042a-b2043df80cd0" testName="Given_Rules_IsSubscribedStateIsCalled_Then_IsSubscribedReturnsTheResult (ABBBB6C3-DFBD-4439-86F3-DC71C5BB39A1,Exclude,C26708C1-6BD7-4B77-BE0D-FB30FDC2055D,True)" computerName="DKSR-EFI-04" duration="00:00:00.0003732" startTime="2023-12-22T09:36:27.4133947+01:00" endTime="2023-12-22T09:36:27.4133947+01:00" testType="13cdc9d9-ddb5-4fa4-a97d-d965ccfc6d4b" outcome="Passed" testListId="8c84fa94-04c1-424b-9868-57a2d4851a1d" relativeResultsDirectory="931c27b9-3f8b-41fb-bcc5-448ea22c7c7c" />
    <UnitTestResult executionId="1fc6b6b8-1462-49a1-8398-f1e5a035d72f" testId="a3c7ccc4-d266-198f-9b4f-0336f30b0d51" testName="Given_Nothing_When_UserSidIsRandomString_Then_UnknownIdentityType" computerName="DKSR-EFI-04" duration="00:00:00.0001506" startTime="2023-12-22T09:36:27.4290202+01:00" endTime="2023-12-22T09:36:27.4290202+01:00" testType="13cdc9d9-ddb5-4fa4-a97d-d965ccfc6d4b" outcome="Passed" testListId="8c84fa94-04c1-424b-9868-57a2d4851a1d" relativeResultsDirectory="1fc6b6b8-1462-49a1-8398-f1e5a035d72f" />
    <UnitTestResult executionId="3baf4f2d-cca3-4b8b-a09b-88e6162bd825" testId="5abc0175-c520-8fe1-a4de-af6d035c8b14" testName="Given_ParamsAndValuesForEssConnectAuthorizationTimeoutSeconds_When_GetEssConnectAuthorizationTimeoutSeconds_Then_ExpectedIsReturned (EssConnectAuthorizationTimeout,0,0)" computerName="DKSR-EFI-04" duration="00:00:00.0000126" startTime="2023-12-22T09:34:23.2721256+01:00" endTime="2023-12-22T09:34:23.2721256+01:00" testType="13cdc9d9-ddb5-4fa4-a97d-d965ccfc6d4b" outcome="Passed" testListId="8c84fa94-04c1-424b-9868-57a2d4851a1d" relativeResultsDirectory="3baf4f2d-cca3-4b8b-a09b-88e6162bd825" />
    <UnitTestResult executionId="d980087a-58ea-4e07-85ff-c4b8ea54a23e" testId="858b6940-6e6d-ff85-5ac6-612dad40475f" testName="Given_StatesHasBeenSet_When_GetCurrentState_Then_PermittedAndSubscribedStatesAreReturned" computerName="DKSR-EFI-04" duration="00:00:00.0046251" startTime="2023-12-22T09:34:24.4752573+01:00" endTime="2023-12-22T09:34:24.4908828+01:00" testType="13cdc9d9-ddb5-4fa4-a97d-d965ccfc6d4b" outcome="Passed" testListId="8c84fa94-04c1-424b-9868-57a2d4851a1d" relativeResultsDirectory="d980087a-58ea-4e07-85ff-c4b8ea54a23e" />
    <UnitTestResult executionId="d41cfd9c-3ea5-4d42-8235-3ecb59a61b5b" testId="005a0164-534c-e56f-7279-9e3fcaf62159" testName="Given_IncludeRuleWithExtendedKinds_When_IsSubscribedIsCalledWhereKindIsValid_Then_IsReturnsTheResult (1d48187a-b159-48fe-8025-e4dc5269b749,XPCO,True)" computerName="DKSR-EFI-04" duration="00:00:00.0000557" startTime="2023-12-22T09:36:27.3821445+01:00" endTime="2023-12-22T09:36:27.3821445+01:00" testType="13cdc9d9-ddb5-4fa4-a97d-d965ccfc6d4b" outcome="Passed" testListId="8c84fa94-04c1-424b-9868-57a2d4851a1d" relativeResultsDirectory="d41cfd9c-3ea5-4d42-8235-3ecb59a61b5b" />
    <UnitTestResult executionId="7f3e5def-16f4-4379-93d9-833ad0138e26" testId="ee9912fe-3dec-29df-42d4-ddd55644b5cf" testName="Given_Rules_IsSubscribedIsCalled_Then_IsSubscribedReturnsTheResult (4EF04DAE-3C18-4BAD-A730-42F6F293E700,Include,,,4EF04DAE-3C18-4BAD-A730-42F6F293E700,True)" computerName="DKSR-EFI-04" duration="00:00:00.0002315" startTime="2023-12-22T09:36:27.3977704+01:00" endTime="2023-12-22T09:36:27.3977704+01:00" testType="13cdc9d9-ddb5-4fa4-a97d-d965ccfc6d4b" outcome="Passed" testListId="8c84fa94-04c1-424b-9868-57a2d4851a1d" relativeResultsDirectory="7f3e5def-16f4-4379-93d9-833ad0138e26" />
    <UnitTestResult executionId="a4b6fae7-f5ef-4f0b-aba9-1fac6b988570" testId="6c10c340-c807-5df9-dc18-9315a1b42c3e" testName="Given_Nothing_When_GetRecentEvent_Then_CallHangsUntillCancelled" computerName="DKSR-EFI-04" duration="00:00:00.0334391" startTime="2023-12-22T09:34:23.8815031+01:00" endTime="2023-12-22T09:34:23.9127534+01:00" testType="13cdc9d9-ddb5-4fa4-a97d-d965ccfc6d4b" outcome="Passed" testListId="8c84fa94-04c1-424b-9868-57a2d4851a1d" relativeResultsDirectory="a4b6fae7-f5ef-4f0b-aba9-1fac6b988570" />
    <UnitTestResult executionId="9fdb3a0d-da56-4d75-ae86-37f8af196b0e" testId="8e6126a9-8a85-34a6-7edd-6aad8e81bb40" testName="Given_IncludeRuleWithSourceId_When_IsSubscribedIsCalledWhereTheEventSourceHasNoId_Then_IsSubscribedIsTrue" computerName="DKSR-EFI-04" duration="00:00:00.0006653" startTime="2023-12-22T09:36:27.3665198+01:00" endTime="2023-12-22T09:36:27.3665198+01:00" testType="13cdc9d9-ddb5-4fa4-a97d-d965ccfc6d4b" outcome="Passed" testListId="8c84fa94-04c1-424b-9868-57a2d4851a1d" relativeResultsDirectory="9fdb3a0d-da56-4d75-ae86-37f8af196b0e" />
    <UnitTestResult executionId="4882b7e1-1c8b-485f-a98e-5cf154c21a37" testId="585e800b-5018-9338-1c12-fccb1555134d" testName="Given_EventEngineSubscribesToPusher_When_EventEngineIsDisposed_Then_ItUnsubscribesFromPusher" computerName="DKSR-EFI-04" duration="00:00:00.0323083" startTime="2023-12-22T09:34:24.4440069+01:00" endTime="2023-12-22T09:34:24.4752573+01:00" testType="13cdc9d9-ddb5-4fa4-a97d-d965ccfc6d4b" outcome="Passed" testListId="8c84fa94-04c1-424b-9868-57a2d4851a1d" relativeResultsDirectory="4882b7e1-1c8b-485f-a98e-5cf154c21a37" />
    <UnitTestResult executionId="81b275cb-bebc-41f3-a706-1ba8f28b72fc" testId="64a35114-0f6b-de9f-7921-a8ad4a25f43c" testName="Given_Nothing_When_EventIsReceivedEventPusher_Then_ItIsPushedFurtherIfSubScriberHasRightsAndHasSubscribed" computerName="DKSR-EFI-04" duration="00:00:00.1020019" startTime="2023-12-22T09:34:24.3503152+01:00" endTime="2023-12-22T09:34:24.4440069+01:00" testType="13cdc9d9-ddb5-4fa4-a97d-d965ccfc6d4b" outcome="Passed" testListId="8c84fa94-04c1-424b-9868-57a2d4851a1d" relativeResultsDirectory="81b275cb-bebc-41f3-a706-1ba8f28b72fc" />
    <UnitTestResult executionId="a8027cfb-eddd-48e4-a4e8-006dfd477ac4" testId="123a39d1-1aad-86d2-5468-ddc7e7e8d908" testName="Given_ResourceTypes_Then_ParseShouldReturnTheId (RecordingServers,088904A7-EE2D-4AB7-8FCC-25F1B462FD88)" computerName="DKSR-EFI-04" duration="00:00:00.0000164" startTime="2023-12-22T09:36:28.5071518+01:00" endTime="2023-12-22T09:36:28.5071518+01:00" testType="13cdc9d9-ddb5-4fa4-a97d-d965ccfc6d4b" outcome="Passed" testListId="8c84fa94-04c1-424b-9868-57a2d4851a1d" relativeResultsDirectory="a8027cfb-eddd-48e4-a4e8-006dfd477ac4" />
    <UnitTestResult executionId="c13ddb9c-1919-4673-a088-b5cf76094829" testId="2aff5125-fb54-d17a-bf02-76651f9097aa" testName="Given_InactiveSessionUserNullExistsWithDifferentUser_When_GetOrCreate_Then_NewSessionIsCreated" computerName="DKSR-EFI-04" duration="00:00:00.0092319" startTime="2023-12-22T09:36:27.2571435+01:00" endTime="2023-12-22T09:36:27.2727675+01:00" testType="13cdc9d9-ddb5-4fa4-a97d-d965ccfc6d4b" outcome="Passed" testListId="8c84fa94-04c1-424b-9868-57a2d4851a1d" relativeResultsDirectory="c13ddb9c-1919-4673-a088-b5cf76094829" />
    <UnitTestResult executionId="efdb3ed9-3936-49e2-ade3-f5ae6f570284" testId="f0782b82-1d51-d793-bf43-0576cd5997bc" testName="Given_MissingSpecifier_When_Parsing_Then_400BadRequestInvalidArgumentsReturned" computerName="DKSR-EFI-04" duration="00:00:00.0025222" startTime="2023-12-22T09:36:27.5852723+01:00" endTime="2023-12-22T09:36:27.5852723+01:00" testType="13cdc9d9-ddb5-4fa4-a97d-d965ccfc6d4b" outcome="Passed" testListId="8c84fa94-04c1-424b-9868-57a2d4851a1d" relativeResultsDirectory="efdb3ed9-3936-49e2-ade3-f5ae6f570284" />
    <UnitTestResult executionId="9e6cd472-f9b9-4136-9f9c-d5485e0e5cca" testId="1fd5f302-597b-bfea-c23e-2f2cea94c1d3" testName="Given_AddSubscriptionCommand_When_Mapping_WithIllegalResourceType_StatusCodeIsNotOk" computerName="DKSR-EFI-04" duration="00:00:00.0035491" startTime="2023-12-22T09:36:27.6165212+01:00" endTime="2023-12-22T09:36:27.6165212+01:00" testType="13cdc9d9-ddb5-4fa4-a97d-d965ccfc6d4b" outcome="Passed" testListId="8c84fa94-04c1-424b-9868-57a2d4851a1d" relativeResultsDirectory="9e6cd472-f9b9-4136-9f9c-d5485e0e5cca" />
    <UnitTestResult executionId="8f0d5885-528a-4e2d-88a6-c9c9dbe42e30" testId="dd47d404-5f9c-f405-d736-d1b01ac196c2" testName="Given_Nothing_When_SettingAndRemovingEventReceiver_Then_EventSenderStartsAndStops" computerName="DKSR-EFI-04" startTime="2023-12-22T09:34:24.5221321+01:00" endTime="2023-12-22T09:34:24.5221321+01:00" testType="13cdc9d9-ddb5-4fa4-a97d-d965ccfc6d4b" outcome="NotExecuted" testListId="8c84fa94-04c1-424b-9868-57a2d4851a1d" relativeResultsDirectory="8f0d5885-528a-4e2d-88a6-c9c9dbe42e30">
      <Output></Output>
    </UnitTestResult>
    <UnitTestResult executionId="6628686a-0c9e-40dc-91bd-b2b846dc0aff" testId="ff6f4675-f029-a53b-69f2-96a2c4d77823" testName="Given_TwoEventsUserHasPermisson_When_GetPermittedEventsIsCalled_Than_TwoEventsAreReturned" computerName="DKSR-EFI-04" duration="00:00:00.0053052" startTime="2023-12-22T09:36:27.1321427+01:00" endTime="2023-12-22T09:36:27.1321427+01:00" testType="13cdc9d9-ddb5-4fa4-a97d-d965ccfc6d4b" outcome="Passed" testListId="8c84fa94-04c1-424b-9868-57a2d4851a1d" relativeResultsDirectory="6628686a-0c9e-40dc-91bd-b2b846dc0aff" />
    <UnitTestResult executionId="5b21f4cf-766f-4e48-ab74-1f58b6f815f5" testId="0bee18d7-6595-d19e-678d-f471e9c73f63" testName="Given_EventsInCacheNoRecentEvents_When_ResumingWithoutLastKnownGoodEvent_Then_GetRecentEventsReturnsNoEvents" computerName="DKSR-EFI-04" duration="00:00:00.0158351" startTime="2023-12-22T09:34:23.9596287+01:00" endTime="2023-12-22T09:34:23.9753088+01:00" testType="13cdc9d9-ddb5-4fa4-a97d-d965ccfc6d4b" outcome="Passed" testListId="8c84fa94-04c1-424b-9868-57a2d4851a1d" relativeResultsDirectory="5b21f4cf-766f-4e48-ab74-1f58b6f815f5" />
    <UnitTestResult executionId="2dc85741-753f-40cf-b511-a572389c89c1" testId="9db78887-519d-a7af-b6f8-964541821c04" testName="Given_IncludeRuleWithExtendedKinds_When_IsSubscribedIsCalledWhereKindIsValid_Then_IsReturnsTheResult (1d48187a-b159-48fe-8025-e4dc5269b749,XP,False)" computerName="DKSR-EFI-04" duration="00:00:00.0000447" startTime="2023-12-22T09:36:27.3821445+01:00" endTime="2023-12-22T09:36:27.3821445+01:00" testType="13cdc9d9-ddb5-4fa4-a97d-d965ccfc6d4b" outcome="Passed" testListId="8c84fa94-04c1-424b-9868-57a2d4851a1d" relativeResultsDirectory="2dc85741-753f-40cf-b511-a572389c89c1" />
    <UnitTestResult executionId="75d63d30-f62d-4fae-ad62-6a353fa1c5f6" testId="5d5faa4c-e456-921b-b239-ec54ee40f259" testName="Given_EventWithEventTypeNull_When_ToExposedEvent_Then_ReturnNull" computerName="DKSR-EFI-04" duration="00:00:00.0293951" startTime="2023-12-22T09:36:27.7883960+01:00" endTime="2023-12-22T09:36:27.8196471+01:00" testType="13cdc9d9-ddb5-4fa4-a97d-d965ccfc6d4b" outcome="Passed" testListId="8c84fa94-04c1-424b-9868-57a2d4851a1d" relativeResultsDirectory="75d63d30-f62d-4fae-ad62-6a353fa1c5f6" />
    <UnitTestResult executionId="32fa9b9e-a3b8-4662-8fbe-3cf48ffe1f18" testId="6643f0e1-b507-35c9-5a38-67492d5e5f01" testName="Given_ProperAddSubscriptionCommand_When_Parsing_Then_200OKAndAddSubscriptionObjectReturned" computerName="DKSR-EFI-04" duration="00:00:00.1443657" startTime="2023-12-22T09:36:27.4290202+01:00" endTime="2023-12-22T09:36:27.5696473+01:00" testType="13cdc9d9-ddb5-4fa4-a97d-d965ccfc6d4b" outcome="Passed" testListId="8c84fa94-04c1-424b-9868-57a2d4851a1d" relativeResultsDirectory="32fa9b9e-a3b8-4662-8fbe-3cf48ffe1f18" />
    <UnitTestResult executionId="ee36b038-881c-453a-b5e1-f7f5cf83973b" testId="da63023d-61f4-0bd0-40ba-5ee05c47391c" testName="Given_ErrorResponse_When_Serializing_TheOutputIsCorrect" computerName="DKSR-EFI-04" duration="00:00:00.0039613" startTime="2023-12-22T09:36:28.5071518+01:00" endTime="2023-12-22T09:36:28.5071518+01:00" testType="13cdc9d9-ddb5-4fa4-a97d-d965ccfc6d4b" outcome="Passed" testListId="8c84fa94-04c1-424b-9868-57a2d4851a1d" relativeResultsDirectory="ee36b038-881c-453a-b5e1-f7f5cf83973b" />
    <UnitTestResult executionId="6005356a-13f9-47f6-bc67-d643093ab265" testId="ebc2d938-a1ad-e738-d36d-328329ec97ff" testName="Given_Rules_IsSubscribedStateIsCalled_Then_IsSubscribedReturnsTheResult (ABBBB6C3-DFBD-4439-86F3-DC71C5BB39A1,Exclude,ABBBB6C3-DFBD-4439-86F3-DC71C5BB39A1,True)" computerName="DKSR-EFI-04" duration="00:00:00.0003437" startTime="2023-12-22T09:36:27.4133947+01:00" endTime="2023-12-22T09:36:27.4133947+01:00" testType="13cdc9d9-ddb5-4fa4-a97d-d965ccfc6d4b" outcome="Passed" testListId="8c84fa94-04c1-424b-9868-57a2d4851a1d" relativeResultsDirectory="6005356a-13f9-47f6-bc67-d643093ab265" />
    <UnitTestResult executionId="cb974e02-7b44-4eab-b117-6ea0de4bd67f" testId="2b203899-461a-2b69-e195-97649e521740" testName="Given_EssResumeSessionTimeoutSecondsKeyWithValueUnderLimit_When_GetEssResumeSessionTimeoutSeconds_Then_DefaultValueReturned" computerName="DKSR-EFI-04" duration="00:00:00.0002153" startTime="2023-12-22T09:34:23.2096256+01:00" endTime="2023-12-22T09:34:23.2096256+01:00" testType="13cdc9d9-ddb5-4fa4-a97d-d965ccfc6d4b" outcome="Passed" testListId="8c84fa94-04c1-424b-9868-57a2d4851a1d" relativeResultsDirectory="cb974e02-7b44-4eab-b117-6ea0de4bd67f" />
    <UnitTestResult executionId="0c03646b-8244-4341-8e1b-0d7a29593978" testId="b7353867-d878-1710-56a6-21b83884fb70" testName="Given_InactiveSessionExistsGoodEventExists_When_GetOrCreate_Then_ExistingSessionReturned" computerName="DKSR-EFI-04" duration="00:00:00.0054986" startTime="2023-12-22T09:36:27.2727675+01:00" endTime="2023-12-22T09:36:27.2883948+01:00" testType="13cdc9d9-ddb5-4fa4-a97d-d965ccfc6d4b" outcome="Passed" testListId="8c84fa94-04c1-424b-9868-57a2d4851a1d" relativeResultsDirectory="0c03646b-8244-4341-8e1b-0d7a29593978" />
    <UnitTestResult executionId="8e235ea6-7346-40e7-b9c1-59dda672bac9" testId="56804e2f-7b1e-7bf6-17ba-4d7f0f88e41f" testName="Given_StatefulEventsAreSent_WhenGetCurrentState_Then_EventsAndStateResponseIsSendInCorrectOrder" computerName="DKSR-EFI-04" duration="00:02:01.0277898" startTime="2023-12-22T09:34:24.6471368+01:00" endTime="2023-12-22T09:36:25.6790103+01:00" testType="13cdc9d9-ddb5-4fa4-a97d-d965ccfc6d4b" outcome="Passed" testListId="8c84fa94-04c1-424b-9868-57a2d4851a1d" relativeResultsDirectory="8e235ea6-7346-40e7-b9c1-59dda672bac9">
      <Output>
        <StdOut>No of iterations = 500, No of events = 4146301</StdOut>
      </Output>
    </UnitTestResult>
    <UnitTestResult executionId="182eab1d-cd93-44fd-80bb-c7c9dfe89f28" testId="1222d351-f369-13e6-8a63-654c6658a8f7" testName="Given_RemoveSubscriptionCommand_When_Mapping_Then_AProperSubscriptionUpdateIsCreated" computerName="DKSR-EFI-04" duration="00:00:00.0007903" startTime="2023-12-22T09:36:27.6165212+01:00" endTime="2023-12-22T09:36:27.6165212+01:00" testType="13cdc9d9-ddb5-4fa4-a97d-d965ccfc6d4b" outcome="Passed" testListId="8c84fa94-04c1-424b-9868-57a2d4851a1d" relativeResultsDirectory="182eab1d-cd93-44fd-80bb-c7c9dfe89f28" />
    <UnitTestResult executionId="901609ee-5afa-4a1e-ac7b-c87a310d657a" testId="17c064d0-17b6-35c6-0b29-ea391d9f353f" testName="Given_Rules_IsSubscribedStateIsCalled_Then_IsSubscribedReturnsTheResult (ABBBB6C3-DFBD-4439-86F3-DC71C5BB39A1,Include,C26708C1-6BD7-4B77-BE0D-FB30FDC2055D,True)" computerName="DKSR-EFI-04" duration="00:00:00.0003722" startTime="2023-12-22T09:36:27.4133947+01:00" endTime="2023-12-22T09:36:27.4133947+01:00" testType="13cdc9d9-ddb5-4fa4-a97d-d965ccfc6d4b" outcome="Passed" testListId="8c84fa94-04c1-424b-9868-57a2d4851a1d" relativeResultsDirectory="901609ee-5afa-4a1e-ac7b-c87a310d657a" />
    <UnitTestResult executionId="af1182d8-3566-4358-a82b-654c345c4a9e" testId="bf839169-2f4f-26db-25a1-60776c691c5e" testName="Given_Rules_IsSubscribedIsCalled_Then_IsSubscribedReturnsTheResult (D0D2FE84-1C92-44C5-9EE3-AFCEA6415F30,Include,4EF04DAE-3C18-4BAD-A730-42F6F293E700,,,False)" computerName="DKSR-EFI-04" duration="00:00:00.0002182" startTime="2023-12-22T09:36:27.3977704+01:00" endTime="2023-12-22T09:36:27.3977704+01:00" testType="13cdc9d9-ddb5-4fa4-a97d-d965ccfc6d4b" outcome="Passed" testListId="8c84fa94-04c1-424b-9868-57a2d4851a1d" relativeResultsDirectory="af1182d8-3566-4358-a82b-654c345c4a9e" />
    <UnitTestResult executionId="cf0c392e-15ca-4ef2-b5ae-88cddfdab000" testId="84c212d2-0ca6-f915-5c13-c2835aa4f740" testName="Given_EventWithEventTypeNull_When_ToExposedEvent_Then_ReturnNull" computerName="DKSR-EFI-04" duration="00:00:00.0021868" startTime="2023-12-22T09:36:28.4602769+01:00" endTime="2023-12-22T09:36:28.4759011+01:00" testType="13cdc9d9-ddb5-4fa4-a97d-d965ccfc6d4b" outcome="Passed" testListId="8c84fa94-04c1-424b-9868-57a2d4851a1d" relativeResultsDirectory="cf0c392e-15ca-4ef2-b5ae-88cddfdab000" />
    <UnitTestResult executionId="bbc9dd03-d2af-42fb-ac55-312c99618b80" testId="c259da4e-14ef-cda9-000a-f14f8ecc5688" testName="Given_Nothing_When_AppConfigNull_Then_ThrowsArgumentNullException" computerName="DKSR-EFI-04" duration="00:00:00.0101188" startTime="2023-12-22T09:34:22.9127492+01:00" endTime="2023-12-22T09:34:23.1783751+01:00" testType="13cdc9d9-ddb5-4fa4-a97d-d965ccfc6d4b" outcome="Passed" testListId="8c84fa94-04c1-424b-9868-57a2d4851a1d" relativeResultsDirectory="bbc9dd03-d2af-42fb-ac55-312c99618b80" />
    <UnitTestResult executionId="175a497c-36f8-415a-91ea-975a12febb31" testId="70b10f23-0f8f-6490-4522-62292554caa5" testName="Given_ResourceTypes_Then_ParseShouldReturnTheId (camera,5135BA21-F1DC-4321-806A-6CE2017343C0)" computerName="DKSR-EFI-04" duration="00:00:00.0048315" startTime="2023-12-22T09:36:28.4915274+01:00" endTime="2023-12-22T09:36:28.4915274+01:00" testType="13cdc9d9-ddb5-4fa4-a97d-d965ccfc6d4b" outcome="Passed" testListId="8c84fa94-04c1-424b-9868-57a2d4851a1d" relativeResultsDirectory="175a497c-36f8-415a-91ea-975a12febb31">
      <Output>
        <StdOut>Debug Trace:&#xD;
----- Resource only found by adding s: camera</StdOut>
      </Output>
    </UnitTestResult>
    <UnitTestResult executionId="0e8b6f2b-9968-4615-a5e6-c5fdcaebd064" testId="b7d1f7c2-1558-ee08-9510-8ffbd157ef39" testName="Given_InvalidCommandId_When_Parsing_Then_400BadRequestResponseFatalError" computerName="DKSR-EFI-04" duration="00:00:00.0003521" startTime="2023-12-22T09:36:27.6008959+01:00" endTime="2023-12-22T09:36:27.6008959+01:00" testType="13cdc9d9-ddb5-4fa4-a97d-d965ccfc6d4b" outcome="Passed" testListId="8c84fa94-04c1-424b-9868-57a2d4851a1d" relativeResultsDirectory="0e8b6f2b-9968-4615-a5e6-c5fdcaebd064" />
    <UnitTestResult executionId="49f4cb79-0e2b-4bc1-8870-ab145f70d729" testId="d17a0167-b318-3283-77b1-87a040e6cbda" testName="Given_EventsInCacheNoRecentEvents_When_ResumingFromExistingEvent_Then_GetRecentEventsReturnsResumedEvents" computerName="DKSR-EFI-04" duration="00:00:00.0142503" startTime="2023-12-22T09:34:23.9440038+01:00" endTime="2023-12-22T09:34:23.9596287+01:00" testType="13cdc9d9-ddb5-4fa4-a97d-d965ccfc6d4b" outcome="Passed" testListId="8c84fa94-04c1-424b-9868-57a2d4851a1d" relativeResultsDirectory="49f4cb79-0e2b-4bc1-8870-ab145f70d729" />
    <UnitTestResult executionId="f4335460-28c6-46ea-b7fe-8c87a763c209" testId="3cee16d3-b36c-ab9e-3ba3-183a6748dbfa" testName="Given_Nothing_When_NewEventInEventCache_Then_EventSenderDoesNotFetchFromEventCache" computerName="DKSR-EFI-04" duration="00:00:00.0024530" startTime="2023-12-22T09:34:24.5065073+01:00" endTime="2023-12-22T09:34:24.5221321+01:00" testType="13cdc9d9-ddb5-4fa4-a97d-d965ccfc6d4b" outcome="Passed" testListId="8c84fa94-04c1-424b-9868-57a2d4851a1d" relativeResultsDirectory="f4335460-28c6-46ea-b7fe-8c87a763c209" />
    <UnitTestResult executionId="5aece4b4-78df-4a56-aca3-16be90c97a7a" testId="7b06f581-1ccc-6701-d74a-400b5542513f" testName="Given_CommandIdDecimalNumber_When_Parsing_Then_400BadRequestInvalidArgumentsReturned" computerName="DKSR-EFI-04" duration="00:00:00.0006104" startTime="2023-12-22T09:36:27.5852723+01:00" endTime="2023-12-22T09:36:27.5852723+01:00" testType="13cdc9d9-ddb5-4fa4-a97d-d965ccfc6d4b" outcome="Passed" testListId="8c84fa94-04c1-424b-9868-57a2d4851a1d" relativeResultsDirectory="5aece4b4-78df-4a56-aca3-16be90c97a7a" />
    <UnitTestResult executionId="9e5bbf27-e505-459c-af10-0ef4bf0653f6" testId="768fb8b7-3990-5a33-7f27-4e6edef2b06b" testName="Given_Nothing_When_SettingAndRemovingEventReceiverFast_Then_NoExceptionThrown" computerName="DKSR-EFI-04" duration="00:00:00.1338411" startTime="2023-12-22T09:34:24.5221321+01:00" endTime="2023-12-22T09:34:24.6471368+01:00" testType="13cdc9d9-ddb5-4fa4-a97d-d965ccfc6d4b" outcome="Passed" testListId="8c84fa94-04c1-424b-9868-57a2d4851a1d" relativeResultsDirectory="9e5bbf27-e505-459c-af10-0ef4bf0653f6" />
    <UnitTestResult executionId="99ac9acc-e34c-46b6-8f10-d255a031cdf5" testId="69130c48-6b47-0224-8842-3c1652c8f273" testName="Given_Nothing_When_SubscriptionAdded_Then_ASubscriptionIdIsReturned" computerName="DKSR-EFI-04" duration="00:00:00.0247144" startTime="2023-12-22T09:36:27.3196448+01:00" endTime="2023-12-22T09:36:27.3352711+01:00" testType="13cdc9d9-ddb5-4fa4-a97d-d965ccfc6d4b" outcome="Passed" testListId="8c84fa94-04c1-424b-9868-57a2d4851a1d" relativeResultsDirectory="99ac9acc-e34c-46b6-8f10-d255a031cdf5" />
    <UnitTestResult executionId="591def6f-0ab2-4d41-9361-99f4c1880aa3" testId="c3639fcf-9e7c-c54f-2d7d-59155cbd5a63" testName="Given_Event_When_ToExposedEvent_Then_ExposedEventCreatedCorrectly" computerName="DKSR-EFI-04" duration="00:00:00.1569164" startTime="2023-12-22T09:36:27.6321478+01:00" endTime="2023-12-22T09:36:27.7883960+01:00" testType="13cdc9d9-ddb5-4fa4-a97d-d965ccfc6d4b" outcome="Passed" testListId="8c84fa94-04c1-424b-9868-57a2d4851a1d" relativeResultsDirectory="591def6f-0ab2-4d41-9361-99f4c1880aa3" />
    <UnitTestResult executionId="640456db-918b-4d9d-aeb9-3951a9ab9555" testId="2a6106eb-ba7e-b936-66dc-fc24c5b7718a" testName="Given_IncludeRuleWithExtendedKinds_When_IsSubscribedIsCalledWhereKindIsValid_Then_IsReturnsTheResult (088904a7-ee2d-4ab7-8fcc-25f1b462fd88,XP,False)" computerName="DKSR-EFI-04" duration="00:00:00.0001101" startTime="2023-12-22T09:36:27.3821445+01:00" endTime="2023-12-22T09:36:27.3821445+01:00" testType="13cdc9d9-ddb5-4fa4-a97d-d965ccfc6d4b" outcome="Passed" testListId="8c84fa94-04c1-424b-9868-57a2d4851a1d" relativeResultsDirectory="640456db-918b-4d9d-aeb9-3951a9ab9555" />
    <UnitTestResult executionId="84709a86-296b-44e0-b882-771b5ba389b9" testId="454503b4-50f6-421b-6dc9-2c38d4ed7964" testName="Given_ExcludeRuleThatExcludesAllEventTypes_IsSubscribedStateIsCalled_Then_IsSubscribedReturnsFalse" computerName="DKSR-EFI-04" duration="00:00:00.0006580" startTime="2023-12-22T09:36:27.4133947+01:00" endTime="2023-12-22T09:36:27.4133947+01:00" testType="13cdc9d9-ddb5-4fa4-a97d-d965ccfc6d4b" outcome="Passed" testListId="8c84fa94-04c1-424b-9868-57a2d4851a1d" relativeResultsDirectory="84709a86-296b-44e0-b882-771b5ba389b9" />
    <UnitTestResult executionId="6a39c0a1-f213-491a-a055-984b495cf504" testId="c742fc73-325e-9428-9ee7-73ee2741e439" testName="Given_EventReceiverIsSet_When_NewEventInEventCache_Then_EventIsSentToEventReceiver" computerName="DKSR-EFI-04" duration="00:00:00.0255868" startTime="2023-12-22T09:34:24.4908828+01:00" endTime="2023-12-22T09:34:24.5065073+01:00" testType="13cdc9d9-ddb5-4fa4-a97d-d965ccfc6d4b" outcome="Passed" testListId="8c84fa94-04c1-424b-9868-57a2d4851a1d" relativeResultsDirectory="6a39c0a1-f213-491a-a055-984b495cf504" />
    <UnitTestResult executionId="1e3f7878-6aea-4510-9342-ecdef886d480" testId="81aa6ddd-6b6e-20cb-fe97-9fe4af4ac5e9" testName="Given_Rules_IsSubscribedIsCalled_Then_IsSubscribedReturnsTheResult (D0D2FE84-1C92-44C5-9EE3-AFCEA6415F30,Include,,4EF04DAE-3C18-4BAD-A730-42F6F293E700,,False)" computerName="DKSR-EFI-04" duration="00:00:00.0003733" startTime="2023-12-22T09:36:27.3977704+01:00" endTime="2023-12-22T09:36:27.3977704+01:00" testType="13cdc9d9-ddb5-4fa4-a97d-d965ccfc6d4b" outcome="Passed" testListId="8c84fa94-04c1-424b-9868-57a2d4851a1d" relativeResultsDirectory="1e3f7878-6aea-4510-9342-ecdef886d480" />
    <UnitTestResult executionId="2e916c3e-1b91-4b4f-92a7-97def5ccf935" testId="c7334bd2-08fc-6f4e-61b6-5c29e6877bbe" testName="Given_StartSessionWithEventId_When_Parsing_Then_CommandIsReturned" computerName="DKSR-EFI-04" duration="00:00:00.0003583" startTime="2023-12-22T09:36:28.5227774+01:00" endTime="2023-12-22T09:36:28.5227774+01:00" testType="13cdc9d9-ddb5-4fa4-a97d-d965ccfc6d4b" outcome="Passed" testListId="8c84fa94-04c1-424b-9868-57a2d4851a1d" relativeResultsDirectory="2e916c3e-1b91-4b4f-92a7-97def5ccf935" />
  </Results>
  <TestDefinitions>
    <UnitTest name="Test" storage="d:\actions-runner\_work\xpco\xpco\eventserver\server\components\central\videoos.eventserver.events.eventstatussubscriptionwsapi.unittest\bin\debug\net472\videoos.eventserver.events.eventstatussubscriptionwsapi.unittest.dll" id="c39af18d-e350-1d1b-8554-909c49b54e82">
      <Execution id="c1b23e4f-2c6f-46e0-ad4d-f6eeb6f89622" />
      <TestMethod codeBase="D:\actions-runner\_work\XPCO\XPCO\EventServer\Server\Components\Central\VideoOS.EventServer.Events.EventStatusSubscriptionWsApi.UnitTest\bin\Debug\net472\VideoOS.EventServer.Events.EventStatusSubscriptionWsApi.UnitTest.dll" adapterTypeName="executor://mstestadapter/v2" className="VideoOS.EventServer.Events.EventStatusSubscriptionWsApi.UnitTest.EventAndStatusSubscriptionServerTests" name="Test" />
    </UnitTest>
    <UnitTest name="Given_InactiveSessionExistsGoodEventExists_When_GetOrCreate_Then_ExistingSessionReturned" storage="d:\actions-runner\_work\xpco\xpco\eventserver\server\components\central\videoos.eventserver.events.eventstatussubscriptionwsapi.unittest\bin\debug\net472\videoos.eventserver.events.eventstatussubscriptionwsapi.unittest.dll" id="b7353867-d878-1710-56a6-21b83884fb70">
      <Execution id="0c03646b-8244-4341-8e1b-0d7a29593978" />
      <TestMethod codeBase="D:\actions-runner\_work\XPCO\XPCO\EventServer\Server\Components\Central\VideoOS.EventServer.Events.EventStatusSubscriptionWsApi.UnitTest\bin\Debug\net472\VideoOS.EventServer.Events.EventStatusSubscriptionWsApi.UnitTest.dll" adapterTypeName="executor://mstestadapter/v2" className="VideoOS.EventServer.Events.EventStatusSubscriptionWsApi.UnitTest.SessionCacheTests" name="Given_InactiveSessionExistsGoodEventExists_When_GetOrCreate_Then_ExistingSessionReturned" />
    </UnitTest>
    <UnitTest name="Given_SessionExists_When_StartSameSession_Then_SuccessExistingSessionReturned" storage="d:\actions-runner\_work\xpco\xpco\eventserver\server\components\central\videoos.eventserver.events.eventstatussubscriptionwsapi.unittest\bin\debug\net472\videoos.eventserver.events.eventstatussubscriptionwsapi.unittest.dll" id="9d380471-420e-7575-73fb-7175773c02f0">
      <Execution id="79f462c6-4539-429f-9e7f-da39a5c25c5c" />
      <TestMethod codeBase="D:\actions-runner\_work\XPCO\XPCO\EventServer\Server\Components\Central\VideoOS.EventServer.Events.EventStatusSubscriptionWsApi.UnitTest\bin\Debug\net472\VideoOS.EventServer.Events.EventStatusSubscriptionWsApi.UnitTest.dll" adapterTypeName="executor://mstestadapter/v2" className="VideoOS.EventServer.Events.EventStatusSubscriptionWsApi.UnitTest.MessageHandlerTests" name="Given_SessionExists_When_StartSameSession_Then_SuccessExistingSessionReturned" />
    </UnitTest>
    <UnitTest name="Given_Nothing_When_AppConfigNull_Then_ThrowsArgumentNullException" storage="d:\actions-runner\_work\xpco\xpco\eventserver\server\components\central\videoos.eventserver.events.eventstatussubscriptionwsapi.unittest\bin\debug\net472\videoos.eventserver.events.eventstatussubscriptionwsapi.unittest.dll" id="c259da4e-14ef-cda9-000a-f14f8ecc5688">
      <Execution id="bbc9dd03-d2af-42fb-ac55-312c99618b80" />
      <TestMethod codeBase="D:\actions-runner\_work\XPCO\XPCO\EventServer\Server\Components\Central\VideoOS.EventServer.Events.EventStatusSubscriptionWsApi.UnitTest\bin\Debug\net472\VideoOS.EventServer.Events.EventStatusSubscriptionWsApi.UnitTest.dll" adapterTypeName="executor://mstestadapter/v2" className="VideoOS.EventServer.Events.EventStatusSubscriptionWsApi.UnitTest.AppConfigReaderTests" name="Given_Nothing_When_AppConfigNull_Then_ThrowsArgumentNullException" />
    </UnitTest>
    <UnitTest name="Given_Nothing_When_GetRecentEvent_Then_CallHangsUntillEventsAreAdded" storage="d:\actions-runner\_work\xpco\xpco\eventserver\server\components\central\videoos.eventserver.events.eventstatussubscriptionwsapi.unittest\bin\debug\net472\videoos.eventserver.events.eventstatussubscriptionwsapi.unittest.dll" id="5971eedf-4f4e-1851-ad1a-a1d18c644a21">
      <Execution id="139a2b79-282d-4acb-9089-fc51582b33d6" />
      <TestMethod codeBase="D:\actions-runner\_work\XPCO\XPCO\EventServer\Server\Components\Central\VideoOS.EventServer.Events.EventStatusSubscriptionWsApi.UnitTest\bin\Debug\net472\VideoOS.EventServer.Events.EventStatusSubscriptionWsApi.UnitTest.dll" adapterTypeName="executor://mstestadapter/v2" className="VideoOS.EventServer.Events.EventStatusSubscriptionWsApi.UnitTest.EventCacheTests" name="Given_Nothing_When_GetRecentEvent_Then_CallHangsUntillEventsAreAdded" />
    </UnitTest>
    <UnitTest name="Given_Nothing_When_GetOrCreate_Then_ASessionIsCreated (00000000-0000-0000-0000-000000000000)" storage="d:\actions-runner\_work\xpco\xpco\eventserver\server\components\central\videoos.eventserver.events.eventstatussubscriptionwsapi.unittest\bin\debug\net472\videoos.eventserver.events.eventstatussubscriptionwsapi.unittest.dll" id="4ce35d63-7ac6-fb24-a2a8-2dd14293980c">
      <Execution id="695b4463-0f47-42ff-afb1-a568ee588dd1" />
      <TestMethod codeBase="D:\actions-runner\_work\XPCO\XPCO\EventServer\Server\Components\Central\VideoOS.EventServer.Events.EventStatusSubscriptionWsApi.UnitTest\bin\Debug\net472\VideoOS.EventServer.Events.EventStatusSubscriptionWsApi.UnitTest.dll" adapterTypeName="executor://mstestadapter/v2" className="VideoOS.EventServer.Events.EventStatusSubscriptionWsApi.UnitTest.SessionCacheTests" name="Given_Nothing_When_GetOrCreate_Then_ASessionIsCreated" />
    </UnitTest>
    <UnitTest name="Given_EventsInCacheCancellingRecentEvents_When_ResumingFromExistingEvent_Then_GetRecentEventsReturnsCachedEvents" storage="d:\actions-runner\_work\xpco\xpco\eventserver\server\components\central\videoos.eventserver.events.eventstatussubscriptionwsapi.unittest\bin\debug\net472\videoos.eventserver.events.eventstatussubscriptionwsapi.unittest.dll" id="df0c0ff9-7f0e-2d2e-976b-55c6991fd6e9">
      <Execution id="da314139-5e1c-440e-868a-c210176e60fb" />
      <TestMethod codeBase="D:\actions-runner\_work\XPCO\XPCO\EventServer\Server\Components\Central\VideoOS.EventServer.Events.EventStatusSubscriptionWsApi.UnitTest\bin\Debug\net472\VideoOS.EventServer.Events.EventStatusSubscriptionWsApi.UnitTest.dll" adapterTypeName="executor://mstestadapter/v2" className="VideoOS.EventServer.Events.EventStatusSubscriptionWsApi.UnitTest.EventCacheTests" name="Given_EventsInCacheCancellingRecentEvents_When_ResumingFromExistingEvent_Then_GetRecentEventsReturnsCachedEvents" />
    </UnitTest>
    <UnitTest name="Given_Nothing_When_AStateFullEventIsPushedMultipleTimes_Then_TheLastStateIsStoredInTheCache" storage="d:\actions-runner\_work\xpco\xpco\eventserver\server\components\central\videoos.eventserver.events.eventstatussubscriptionwsapi.unittest\bin\debug\net472\videoos.eventserver.events.eventstatussubscriptionwsapi.unittest.dll" id="6a85fda5-00d9-1c5a-0a7c-4a3863b0b71c">
      <Execution id="a0fe4716-9cc4-4534-bee5-a5cb50e06cf7" />
      <TestMethod codeBase="D:\actions-runner\_work\XPCO\XPCO\EventServer\Server\Components\Central\VideoOS.EventServer.Events.EventStatusSubscriptionWsApi.UnitTest\bin\Debug\net472\VideoOS.EventServer.Events.EventStatusSubscriptionWsApi.UnitTest.dll" adapterTypeName="executor://mstestadapter/v2" className="VideoOS.EventServer.Events.EventStatusSubscriptionWsApi.UnitTest.StateCacheUnitTests" name="Given_Nothing_When_AStateFullEventIsPushedMultipleTimes_Then_TheLastStateIsStoredInTheCache" />
    </UnitTest>
    <UnitTest name="Given_Rules_IsSubscribedIsCalled_Then_IsSubscribedReturnsTheResult (D0D2FE84-1C92-44C5-9EE3-AFCEA6415F30,Include,,,4EF04DAE-3C18-4BAD-A730-42F6F293E700,False)" storage="d:\actions-runner\_work\xpco\xpco\eventserver\server\components\central\videoos.eventserver.events.eventstatussubscriptionwsapi.unittest\bin\debug\net472\videoos.eventserver.events.eventstatussubscriptionwsapi.unittest.dll" id="1c442c16-ba3d-419e-9d9d-1c14a4999eae">
      <Execution id="cc6c6f11-4f18-45ff-ad61-c0fc65beccd1" />
      <TestMethod codeBase="D:\actions-runner\_work\XPCO\XPCO\EventServer\Server\Components\Central\VideoOS.EventServer.Events.EventStatusSubscriptionWsApi.UnitTest\bin\Debug\net472\VideoOS.EventServer.Events.EventStatusSubscriptionWsApi.UnitTest.dll" adapterTypeName="executor://mstestadapter/v2" className="VideoOS.EventServer.Events.EventStatusSubscriptionWsApi.UnitTest.SubscriptionTests" name="Given_Rules_IsSubscribedIsCalled_Then_IsSubscribedReturnsTheResult" />
    </UnitTest>
    <UnitTest name="Given_EventsInCacheNoRecentEvents_When_ResumingWithoutLastKnownGoodEvent_Then_GetRecentEventsReturnsNoEvents" storage="d:\actions-runner\_work\xpco\xpco\eventserver\server\components\central\videoos.eventserver.events.eventstatussubscriptionwsapi.unittest\bin\debug\net472\videoos.eventserver.events.eventstatussubscriptionwsapi.unittest.dll" id="0bee18d7-6595-d19e-678d-f471e9c73f63">
      <Execution id="5b21f4cf-766f-4e48-ab74-1f58b6f815f5" />
      <TestMethod codeBase="D:\actions-runner\_work\XPCO\XPCO\EventServer\Server\Components\Central\VideoOS.EventServer.Events.EventStatusSubscriptionWsApi.UnitTest\bin\Debug\net472\VideoOS.EventServer.Events.EventStatusSubscriptionWsApi.UnitTest.dll" adapterTypeName="executor://mstestadapter/v2" className="VideoOS.EventServer.Events.EventStatusSubscriptionWsApi.UnitTest.EventCacheTests" name="Given_EventsInCacheNoRecentEvents_When_ResumingWithoutLastKnownGoodEvent_Then_GetRecentEventsReturnsNoEvents" />
    </UnitTest>
    <UnitTest name="Given_ResumeSession_When_Mapping_Then_ASessionIdIsGuidEventIdIsDefault" storage="d:\actions-runner\_work\xpco\xpco\eventserver\server\components\central\videoos.eventserver.events.eventstatussubscriptionwsapi.unittest\bin\debug\net472\videoos.eventserver.events.eventstatussubscriptionwsapi.unittest.dll" id="0c5b364a-f5de-58da-b753-1ac614082b83">
      <Execution id="4d3e878f-618a-4006-88ce-4ac59db1193a" />
      <TestMethod codeBase="D:\actions-runner\_work\XPCO\XPCO\EventServer\Server\Components\Central\VideoOS.EventServer.Events.EventStatusSubscriptionWsApi.UnitTest\bin\Debug\net472\VideoOS.EventServer.Events.EventStatusSubscriptionWsApi.UnitTest.dll" adapterTypeName="executor://mstestadapter/v2" className="VideoOS.EventServer.Events.EventStatusSubscriptionWsApi.UnitTest.Protocol.CommandMapperTests" name="Given_ResumeSession_When_Mapping_Then_ASessionIdIsGuidEventIdIsDefault" />
    </UnitTest>
    <UnitTest name="Given_Nothing_When_IsSubscribedIsCalled_Then_NoEventsHaveBeenSubscribedFor" storage="d:\actions-runner\_work\xpco\xpco\eventserver\server\components\central\videoos.eventserver.events.eventstatussubscriptionwsapi.unittest\bin\debug\net472\videoos.eventserver.events.eventstatussubscriptionwsapi.unittest.dll" id="efe9817f-6752-68f6-bfc5-2b49ae629ec1">
      <Execution id="890b8c81-a0aa-4daf-9fcc-aa78b4cb5cfa" />
      <TestMethod codeBase="D:\actions-runner\_work\XPCO\XPCO\EventServer\Server\Components\Central\VideoOS.EventServer.Events.EventStatusSubscriptionWsApi.UnitTest\bin\Debug\net472\VideoOS.EventServer.Events.EventStatusSubscriptionWsApi.UnitTest.dll" adapterTypeName="executor://mstestadapter/v2" className="VideoOS.EventServer.Events.EventStatusSubscriptionWsApi.UnitTest.SubscriptionTests" name="Given_Nothing_When_IsSubscribedIsCalled_Then_NoEventsHaveBeenSubscribedFor" />
    </UnitTest>
    <UnitTest name="Given_Nothing_When_EventIsReceivedEventPusher_Then_ItIsPushedFurtherIfSubScriberHasRightsAndHasSubscribed" storage="d:\actions-runner\_work\xpco\xpco\eventserver\server\components\central\videoos.eventserver.events.eventstatussubscriptionwsapi.unittest\bin\debug\net472\videoos.eventserver.events.eventstatussubscriptionwsapi.unittest.dll" id="64a35114-0f6b-de9f-7921-a8ad4a25f43c">
      <Execution id="81b275cb-bebc-41f3-a706-1ba8f28b72fc" />
      <TestMethod codeBase="D:\actions-runner\_work\XPCO\XPCO\EventServer\Server\Components\Central\VideoOS.EventServer.Events.EventStatusSubscriptionWsApi.UnitTest\bin\Debug\net472\VideoOS.EventServer.Events.EventStatusSubscriptionWsApi.UnitTest.dll" adapterTypeName="executor://mstestadapter/v2" className="VideoOS.EventServer.Events.EventStatusSubscriptionWsApi.UnitTest.EventEngineTests" name="Given_Nothing_When_EventIsReceivedEventPusher_Then_ItIsPushedFurtherIfSubScriberHasRightsAndHasSubscribed" />
    </UnitTest>
    <UnitTest name="Given_EventWithEventTypeNull_When_ToExposedEvent_Then_ReturnNull" storage="d:\actions-runner\_work\xpco\xpco\eventserver\server\components\central\videoos.eventserver.events.eventstatussubscriptionwsapi.unittest\bin\debug\net472\videoos.eventserver.events.eventstatussubscriptionwsapi.unittest.dll" id="5d5faa4c-e456-921b-b239-ec54ee40f259">
      <Execution id="75d63d30-f62d-4fae-ad62-6a353fa1c5f6" />
      <TestMethod codeBase="D:\actions-runner\_work\XPCO\XPCO\EventServer\Server\Components\Central\VideoOS.EventServer.Events.EventStatusSubscriptionWsApi.UnitTest\bin\Debug\net472\VideoOS.EventServer.Events.EventStatusSubscriptionWsApi.UnitTest.dll" adapterTypeName="executor://mstestadapter/v2" className="VideoOS.EventServer.Events.EventStatusSubscriptionWsApi.UnitTest.Protocol.EventMapperTests" name="Given_EventWithEventTypeNull_When_ToExposedEvent_Then_ReturnNull" />
    </UnitTest>
    <UnitTest name="Given_Rules_IsSubscribedIsCalled_Then_IsSubscribedReturnsTheResult (4EF04DAE-3C18-4BAD-A730-42F6F293E700,Include,,,4EF04DAE-3C18-4BAD-A730-42F6F293E700,True)" storage="d:\actions-runner\_work\xpco\xpco\eventserver\server\components\central\videoos.eventserver.events.eventstatussubscriptionwsapi.unittest\bin\debug\net472\videoos.eventserver.events.eventstatussubscriptionwsapi.unittest.dll" id="ee9912fe-3dec-29df-42d4-ddd55644b5cf">
      <Execution id="7f3e5def-16f4-4379-93d9-833ad0138e26" />
      <TestMethod codeBase="D:\actions-runner\_work\XPCO\XPCO\EventServer\Server\Components\Central\VideoOS.EventServer.Events.EventStatusSubscriptionWsApi.UnitTest\bin\Debug\net472\VideoOS.EventServer.Events.EventStatusSubscriptionWsApi.UnitTest.dll" adapterTypeName="executor://mstestadapter/v2" className="VideoOS.EventServer.Events.EventStatusSubscriptionWsApi.UnitTest.SubscriptionTests" name="Given_Rules_IsSubscribedIsCalled_Then_IsSubscribedReturnsTheResult" />
    </UnitTest>
    <UnitTest name="Given_UnknownCommand_When_Parsing_Then_404NotFoundResponseWithProperCommandId" storage="d:\actions-runner\_work\xpco\xpco\eventserver\server\components\central\videoos.eventserver.events.eventstatussubscriptionwsapi.unittest\bin\debug\net472\videoos.eventserver.events.eventstatussubscriptionwsapi.unittest.dll" id="668c287d-4ba0-05cf-67a7-432cda7deceb">
      <Execution id="630c94c2-69b0-48b3-9a3d-a2c29b5fc0c9" />
      <TestMethod codeBase="D:\actions-runner\_work\XPCO\XPCO\EventServer\Server\Components\Central\VideoOS.EventServer.Events.EventStatusSubscriptionWsApi.UnitTest\bin\Debug\net472\VideoOS.EventServer.Events.EventStatusSubscriptionWsApi.UnitTest.dll" adapterTypeName="executor://mstestadapter/v2" className="VideoOS.EventServer.Events.EventStatusSubscriptionWsApi.UnitTest.Protocol.BasicMessageParserUnitTests" name="Given_UnknownCommand_When_Parsing_Then_404NotFoundResponseWithProperCommandId" />
    </UnitTest>
    <UnitTest name="Given_EventWithAnalyticsData_When_ToExposedEvent_Then_DataShouldbeOfType_AnalyticsDataWithoutSnapshots" storage="d:\actions-runner\_work\xpco\xpco\eventserver\server\components\central\videoos.eventserver.events.eventstatussubscriptionwsapi.unittest\bin\debug\net472\videoos.eventserver.events.eventstatussubscriptionwsapi.unittest.dll" id="3f42f314-c12f-95ee-e81e-6cf2bd7cb27c">
      <Execution id="61bb711d-47e2-4a58-a3be-a339ec9f6d6f" />
      <TestMethod codeBase="D:\actions-runner\_work\XPCO\XPCO\EventServer\Server\Components\Central\VideoOS.EventServer.Events.EventStatusSubscriptionWsApi.UnitTest\bin\Debug\net472\VideoOS.EventServer.Events.EventStatusSubscriptionWsApi.UnitTest.dll" adapterTypeName="executor://mstestadapter/v2" className="VideoOS.EventServer.Events.EventStatusSubscriptionWsApi.UnitTest.Protocol.EventMapperTests" name="Given_EventWithAnalyticsData_When_ToExposedEvent_Then_DataShouldbeOfType_AnalyticsDataWithoutSnapshots" />
    </UnitTest>
    <UnitTest name="Given_EventWithEventTypeNull_When_ToExposedEvent_Then_ReturnNull" storage="d:\actions-runner\_work\xpco\xpco\eventserver\server\components\central\videoos.eventserver.events.eventstatussubscriptionwsapi.unittest\bin\debug\net472\videoos.eventserver.events.eventstatussubscriptionwsapi.unittest.dll" id="84c212d2-0ca6-f915-5c13-c2835aa4f740">
      <Execution id="cf0c392e-15ca-4ef2-b5ae-88cddfdab000" />
      <TestMethod codeBase="D:\actions-runner\_work\XPCO\XPCO\EventServer\Server\Components\Central\VideoOS.EventServer.Events.EventStatusSubscriptionWsApi.UnitTest\bin\Debug\net472\VideoOS.EventServer.Events.EventStatusSubscriptionWsApi.UnitTest.dll" adapterTypeName="executor://mstestadapter/v2" className="VideoOS.EventServer.Events.EventStatusSubscriptionWsApi.UnitTest.Protocol.EventStateMapperTests" name="Given_EventWithEventTypeNull_When_ToExposedEvent_Then_ReturnNull" />
    </UnitTest>
    <UnitTest name="Given_IncludeRuleWithWildCard_When_IsSubscribedIsCalled_Then_IsSubscribedIsTrue" storage="d:\actions-runner\_work\xpco\xpco\eventserver\server\components\central\videoos.eventserver.events.eventstatussubscriptionwsapi.unittest\bin\debug\net472\videoos.eventserver.events.eventstatussubscriptionwsapi.unittest.dll" id="89525102-93d9-a18e-34ec-ef1caa7ba7f0">
      <Execution id="b0e131e7-2c89-4a08-923a-724e30c76368" />
      <TestMethod codeBase="D:\actions-runner\_work\XPCO\XPCO\EventServer\Server\Components\Central\VideoOS.EventServer.Events.EventStatusSubscriptionWsApi.UnitTest\bin\Debug\net472\VideoOS.EventServer.Events.EventStatusSubscriptionWsApi.UnitTest.dll" adapterTypeName="executor://mstestadapter/v2" className="VideoOS.EventServer.Events.EventStatusSubscriptionWsApi.UnitTest.SubscriptionTests" name="Given_IncludeRuleWithWildCard_When_IsSubscribedIsCalled_Then_IsSubscribedIsTrue" />
    </UnitTest>
    <UnitTest name="Given_Rules_IsSubscribedStateIsCalled_Then_IsSubscribedReturnsTheResult (ABBBB6C3-DFBD-4439-86F3-DC71C5BB39A1,Exclude,ABBBB6C3-DFBD-4439-86F3-DC71C5BB39A1,True)" storage="d:\actions-runner\_work\xpco\xpco\eventserver\server\components\central\videoos.eventserver.events.eventstatussubscriptionwsapi.unittest\bin\debug\net472\videoos.eventserver.events.eventstatussubscriptionwsapi.unittest.dll" id="ebc2d938-a1ad-e738-d36d-328329ec97ff">
      <Execution id="6005356a-13f9-47f6-bc67-d643093ab265" />
      <TestMethod codeBase="D:\actions-runner\_work\XPCO\XPCO\EventServer\Server\Components\Central\VideoOS.EventServer.Events.EventStatusSubscriptionWsApi.UnitTest\bin\Debug\net472\VideoOS.EventServer.Events.EventStatusSubscriptionWsApi.UnitTest.dll" adapterTypeName="executor://mstestadapter/v2" className="VideoOS.EventServer.Events.EventStatusSubscriptionWsApi.UnitTest.SubscriptionTests" name="Given_Rules_IsSubscribedStateIsCalled_Then_IsSubscribedReturnsTheResult" />
    </UnitTest>
    <UnitTest name="Given_MessageHandlerIsCreated_When_ValidateClientIsSuccessful_Then_StatusIsSuccess" storage="d:\actions-runner\_work\xpco\xpco\eventserver\server\components\central\videoos.eventserver.events.eventstatussubscriptionwsapi.unittest\bin\debug\net472\videoos.eventserver.events.eventstatussubscriptionwsapi.unittest.dll" id="bcbd1dc7-ecfd-5631-fa27-5293e392e3ca">
      <Execution id="1f608eec-d972-4c25-98ed-b497dcea6f05" />
      <TestMethod codeBase="D:\actions-runner\_work\XPCO\XPCO\EventServer\Server\Components\Central\VideoOS.EventServer.Events.EventStatusSubscriptionWsApi.UnitTest\bin\Debug\net472\VideoOS.EventServer.Events.EventStatusSubscriptionWsApi.UnitTest.dll" adapterTypeName="executor://mstestadapter/v2" className="VideoOS.EventServer.Events.EventStatusSubscriptionWsApi.UnitTest.MessageHandlerTests" name="Given_MessageHandlerIsCreated_When_ValidateClientIsSuccessful_Then_StatusIsSuccess" />
    </UnitTest>
    <UnitTest name="Given_IncludeRuleWithExtendedKinds_When_IsSubscribedIsCalledWhereKindIsValid_Then_IsReturnsTheResult (1d48187a-b159-48fe-8025-e4dc5269b749,XP,False)" storage="d:\actions-runner\_work\xpco\xpco\eventserver\server\components\central\videoos.eventserver.events.eventstatussubscriptionwsapi.unittest\bin\debug\net472\videoos.eventserver.events.eventstatussubscriptionwsapi.unittest.dll" id="9db78887-519d-a7af-b6f8-964541821c04">
      <Execution id="2dc85741-753f-40cf-b511-a572389c89c1" />
      <TestMethod codeBase="D:\actions-runner\_work\XPCO\XPCO\EventServer\Server\Components\Central\VideoOS.EventServer.Events.EventStatusSubscriptionWsApi.UnitTest\bin\Debug\net472\VideoOS.EventServer.Events.EventStatusSubscriptionWsApi.UnitTest.dll" adapterTypeName="executor://mstestadapter/v2" className="VideoOS.EventServer.Events.EventStatusSubscriptionWsApi.UnitTest.SubscriptionTests" name="Given_IncludeRuleWithExtendedKinds_When_IsSubscribedIsCalledWhereKindIsValid_Then_IsReturnsTheResult" />
    </UnitTest>
    <UnitTest name="Given_Rules_IsSubscribedIsCalled_Then_IsSubscribedReturnsTheResult (D0D2FE84-1C92-44C5-9EE3-AFCEA6415F30,Exclude,,4EF04DAE-3C18-4BAD-A730-42F6F293E700,,True)" storage="d:\actions-runner\_work\xpco\xpco\eventserver\server\components\central\videoos.eventserver.events.eventstatussubscriptionwsapi.unittest\bin\debug\net472\videoos.eventserver.events.eventstatussubscriptionwsapi.unittest.dll" id="f28919ed-cfda-2f3f-40b0-4c8bc98e136b">
      <Execution id="3c00fa0d-0329-4f9c-843f-b929a766f9cc" />
      <TestMethod codeBase="D:\actions-runner\_work\XPCO\XPCO\EventServer\Server\Components\Central\VideoOS.EventServer.Events.EventStatusSubscriptionWsApi.UnitTest\bin\Debug\net472\VideoOS.EventServer.Events.EventStatusSubscriptionWsApi.UnitTest.dll" adapterTypeName="executor://mstestadapter/v2" className="VideoOS.EventServer.Events.EventStatusSubscriptionWsApi.UnitTest.SubscriptionTests" name="Given_Rules_IsSubscribedIsCalled_Then_IsSubscribedReturnsTheResult" />
    </UnitTest>
    <UnitTest name="Given_Rules_IsSubscribedStateIsCalled_Then_IsSubscribedReturnsTheResult (ABBBB6C3-DFBD-4439-86F3-DC71C5BB39A1,Include,15C28E95-285D-47F7-95E2-976DEC10D2D4,False)" storage="d:\actions-runner\_work\xpco\xpco\eventserver\server\components\central\videoos.eventserver.events.eventstatussubscriptionwsapi.unittest\bin\debug\net472\videoos.eventserver.events.eventstatussubscriptionwsapi.unittest.dll" id="6f664609-7f00-6a0e-a61d-edaf8aad34b5">
      <Execution id="33ac60bb-d8f7-4697-ad2a-eabdb08ff409" />
      <TestMethod codeBase="D:\actions-runner\_work\XPCO\XPCO\EventServer\Server\Components\Central\VideoOS.EventServer.Events.EventStatusSubscriptionWsApi.UnitTest\bin\Debug\net472\VideoOS.EventServer.Events.EventStatusSubscriptionWsApi.UnitTest.dll" adapterTypeName="executor://mstestadapter/v2" className="VideoOS.EventServer.Events.EventStatusSubscriptionWsApi.UnitTest.SubscriptionTests" name="Given_Rules_IsSubscribedStateIsCalled_Then_IsSubscribedReturnsTheResult" />
    </UnitTest>
    <UnitTest name="Given_Nothing_When_StatefullEventwithoutSorceIdIsPushed_Then_ItIsIgnoredInTheCache" storage="d:\actions-runner\_work\xpco\xpco\eventserver\server\components\central\videoos.eventserver.events.eventstatussubscriptionwsapi.unittest\bin\debug\net472\videoos.eventserver.events.eventstatussubscriptionwsapi.unittest.dll" id="23ec95fb-7089-54a6-3032-25dda5297720">
      <Execution id="295b12de-315c-40eb-9da7-6d2fc364a5ea" />
      <TestMethod codeBase="D:\actions-runner\_work\XPCO\XPCO\EventServer\Server\Components\Central\VideoOS.EventServer.Events.EventStatusSubscriptionWsApi.UnitTest\bin\Debug\net472\VideoOS.EventServer.Events.EventStatusSubscriptionWsApi.UnitTest.dll" adapterTypeName="executor://mstestadapter/v2" className="VideoOS.EventServer.Events.EventStatusSubscriptionWsApi.UnitTest.StateCacheUnitTests" name="Given_Nothing_When_StatefullEventwithoutSorceIdIsPushed_Then_ItIsIgnoredInTheCache" />
    </UnitTest>
    <UnitTest name="Given_Nothing_When_GetRecentEvent_Then_CallHangsUntillCancelled" storage="d:\actions-runner\_work\xpco\xpco\eventserver\server\components\central\videoos.eventserver.events.eventstatussubscriptionwsapi.unittest\bin\debug\net472\videoos.eventserver.events.eventstatussubscriptionwsapi.unittest.dll" id="6c10c340-c807-5df9-dc18-9315a1b42c3e">
      <Execution id="a4b6fae7-f5ef-4f0b-aba9-1fac6b988570" />
      <TestMethod codeBase="D:\actions-runner\_work\XPCO\XPCO\EventServer\Server\Components\Central\VideoOS.EventServer.Events.EventStatusSubscriptionWsApi.UnitTest\bin\Debug\net472\VideoOS.EventServer.Events.EventStatusSubscriptionWsApi.UnitTest.dll" adapterTypeName="executor://mstestadapter/v2" className="VideoOS.EventServer.Events.EventStatusSubscriptionWsApi.UnitTest.EventCacheTests" name="Given_Nothing_When_GetRecentEvent_Then_CallHangsUntillCancelled" />
    </UnitTest>
    <UnitTest name="Given_ExposedEventWithNoStateGroup_When_Deserilize_Then_StateAndStateIdAreNull" storage="d:\actions-runner\_work\xpco\xpco\eventserver\server\components\central\videoos.eventserver.events.eventstatussubscriptionwsapi.unittest\bin\debug\net472\videoos.eventserver.events.eventstatussubscriptionwsapi.unittest.dll" id="81f50e6f-4770-8131-f7a6-47556bddf81b">
      <Execution id="15006a49-b6b9-4948-abbb-2fa7a9fe5ecc" />
      <TestMethod codeBase="D:\actions-runner\_work\XPCO\XPCO\EventServer\Server\Components\Central\VideoOS.EventServer.Events.EventStatusSubscriptionWsApi.UnitTest\bin\Debug\net472\VideoOS.EventServer.Events.EventStatusSubscriptionWsApi.UnitTest.dll" adapterTypeName="executor://mstestadapter/v2" className="VideoOS.EventServer.Events.EventStatusSubscriptionWsApi.UnitTest.Protocol.EventsMessageTests" name="Given_ExposedEventWithNoStateGroup_When_Deserilize_Then_StateAndStateIdAreNull" />
    </UnitTest>
    <UnitTest name="Given_Rules_IsSubscribedIsCalled_Then_IsSubscribedReturnsTheResult (4EF04DAE-3C18-4BAD-A730-42F6F293E700,Exclude,,,4EF04DAE-3C18-4BAD-A730-42F6F293E700,False)" storage="d:\actions-runner\_work\xpco\xpco\eventserver\server\components\central\videoos.eventserver.events.eventstatussubscriptionwsapi.unittest\bin\debug\net472\videoos.eventserver.events.eventstatussubscriptionwsapi.unittest.dll" id="53616b31-d5c5-a73f-fad1-e49ff5408362">
      <Execution id="ad00dcfc-8f2f-459b-88ff-282ba184bdad" />
      <TestMethod codeBase="D:\actions-runner\_work\XPCO\XPCO\EventServer\Server\Components\Central\VideoOS.EventServer.Events.EventStatusSubscriptionWsApi.UnitTest\bin\Debug\net472\VideoOS.EventServer.Events.EventStatusSubscriptionWsApi.UnitTest.dll" adapterTypeName="executor://mstestadapter/v2" className="VideoOS.EventServer.Events.EventStatusSubscriptionWsApi.UnitTest.SubscriptionTests" name="Given_Rules_IsSubscribedIsCalled_Then_IsSubscribedReturnsTheResult" />
    </UnitTest>
    <UnitTest name="Given_ResumeSessionAndEvents_When_Mapping_Then_ASessionIdAndEventIdIsGuid" storage="d:\actions-runner\_work\xpco\xpco\eventserver\server\components\central\videoos.eventserver.events.eventstatussubscriptionwsapi.unittest\bin\debug\net472\videoos.eventserver.events.eventstatussubscriptionwsapi.unittest.dll" id="3383aa31-fd9e-e756-c177-5fb014e0f40a">
      <Execution id="cdf933e1-f924-40e1-9214-c62fec06e828" />
      <TestMethod codeBase="D:\actions-runner\_work\XPCO\XPCO\EventServer\Server\Components\Central\VideoOS.EventServer.Events.EventStatusSubscriptionWsApi.UnitTest\bin\Debug\net472\VideoOS.EventServer.Events.EventStatusSubscriptionWsApi.UnitTest.dll" adapterTypeName="executor://mstestadapter/v2" className="VideoOS.EventServer.Events.EventStatusSubscriptionWsApi.UnitTest.Protocol.SessionMapperTests" name="Given_ResumeSessionAndEvents_When_Mapping_Then_ASessionIdAndEventIdIsGuid" />
    </UnitTest>
    <UnitTest name="Given_NoSession_When_AddSubscription_Then_ProperErrorResponse" storage="d:\actions-runner\_work\xpco\xpco\eventserver\server\components\central\videoos.eventserver.events.eventstatussubscriptionwsapi.unittest\bin\debug\net472\videoos.eventserver.events.eventstatussubscriptionwsapi.unittest.dll" id="4bf816f4-8ff9-5f05-5469-95e36547d36e">
      <Execution id="6cc9ae97-5812-4a92-80d5-683ee35522df" />
      <TestMethod codeBase="D:\actions-runner\_work\XPCO\XPCO\EventServer\Server\Components\Central\VideoOS.EventServer.Events.EventStatusSubscriptionWsApi.UnitTest\bin\Debug\net472\VideoOS.EventServer.Events.EventStatusSubscriptionWsApi.UnitTest.dll" adapterTypeName="executor://mstestadapter/v2" className="VideoOS.EventServer.Events.EventStatusSubscriptionWsApi.UnitTest.MessageHandlerTests" name="Given_NoSession_When_AddSubscription_Then_ProperErrorResponse" />
    </UnitTest>
    <UnitTest name="Given_InactiveSessionExistsGoodEventDoesNotExists_When_GetOrCreate_Then_NewSessionReturned" storage="d:\actions-runner\_work\xpco\xpco\eventserver\server\components\central\videoos.eventserver.events.eventstatussubscriptionwsapi.unittest\bin\debug\net472\videoos.eventserver.events.eventstatussubscriptionwsapi.unittest.dll" id="f12c380b-252f-3d82-b5ce-40e9dc7dcd57">
      <Execution id="57d31a8b-cff2-4016-b94b-6d3616728573" />
      <TestMethod codeBase="D:\actions-runner\_work\XPCO\XPCO\EventServer\Server\Components\Central\VideoOS.EventServer.Events.EventStatusSubscriptionWsApi.UnitTest\bin\Debug\net472\VideoOS.EventServer.Events.EventStatusSubscriptionWsApi.UnitTest.dll" adapterTypeName="executor://mstestadapter/v2" className="VideoOS.EventServer.Events.EventStatusSubscriptionWsApi.UnitTest.SessionCacheTests" name="Given_InactiveSessionExistsGoodEventDoesNotExists_When_GetOrCreate_Then_NewSessionReturned" />
    </UnitTest>
    <UnitTest name="Given_ResourceTypeSpecifierCollectionEmpty_When_Parsing_Then_400BadRequestInvalidArgumentsReturned" storage="d:\actions-runner\_work\xpco\xpco\eventserver\server\components\central\videoos.eventserver.events.eventstatussubscriptionwsapi.unittest\bin\debug\net472\videoos.eventserver.events.eventstatussubscriptionwsapi.unittest.dll" id="38a7b6a3-6c9d-888d-93a0-c6e954f4929d">
      <Execution id="5493628b-774e-477f-b657-fd95dc160513" />
      <TestMethod codeBase="D:\actions-runner\_work\XPCO\XPCO\EventServer\Server\Components\Central\VideoOS.EventServer.Events.EventStatusSubscriptionWsApi.UnitTest\bin\Debug\net472\VideoOS.EventServer.Events.EventStatusSubscriptionWsApi.UnitTest.dll" adapterTypeName="executor://mstestadapter/v2" className="VideoOS.EventServer.Events.EventStatusSubscriptionWsApi.UnitTest.Protocol.AddSubscriptionMessageParserUnitTests" name="Given_ResourceTypeSpecifierCollectionEmpty_When_Parsing_Then_400BadRequestInvalidArgumentsReturned" />
    </UnitTest>
    <UnitTest name="Given_SessionExists_When_GetOrCreateAnotherId_Then_AnAdditionalSessionIsCreated" storage="d:\actions-runner\_work\xpco\xpco\eventserver\server\components\central\videoos.eventserver.events.eventstatussubscriptionwsapi.unittest\bin\debug\net472\videoos.eventserver.events.eventstatussubscriptionwsapi.unittest.dll" id="1a203833-3e67-798a-159d-af3605348683">
      <Execution id="0313ad4c-ff72-4095-adef-4daabea8769f" />
      <TestMethod codeBase="D:\actions-runner\_work\XPCO\XPCO\EventServer\Server\Components\Central\VideoOS.EventServer.Events.EventStatusSubscriptionWsApi.UnitTest\bin\Debug\net472\VideoOS.EventServer.Events.EventStatusSubscriptionWsApi.UnitTest.dll" adapterTypeName="executor://mstestadapter/v2" className="VideoOS.EventServer.Events.EventStatusSubscriptionWsApi.UnitTest.SessionCacheTests" name="Given_SessionExists_When_GetOrCreateAnotherId_Then_AnAdditionalSessionIsCreated" />
    </UnitTest>
    <UnitTest name="Given_CommandIdBoolean_When_Parsing_Then_400BadRequestInvalidArgumentsReturned" storage="d:\actions-runner\_work\xpco\xpco\eventserver\server\components\central\videoos.eventserver.events.eventstatussubscriptionwsapi.unittest\bin\debug\net472\videoos.eventserver.events.eventstatussubscriptionwsapi.unittest.dll" id="29b4380c-4fab-0ff2-5b8f-2065ade1c77f">
      <Execution id="3b229e65-097e-49d0-a1dd-38fadc9ab9ad" />
      <TestMethod codeBase="D:\actions-runner\_work\XPCO\XPCO\EventServer\Server\Components\Central\VideoOS.EventServer.Events.EventStatusSubscriptionWsApi.UnitTest\bin\Debug\net472\VideoOS.EventServer.Events.EventStatusSubscriptionWsApi.UnitTest.dll" adapterTypeName="executor://mstestadapter/v2" className="VideoOS.EventServer.Events.EventStatusSubscriptionWsApi.UnitTest.Protocol.AddSubscriptionMessageParserUnitTests" name="Given_CommandIdBoolean_When_Parsing_Then_400BadRequestInvalidArgumentsReturned" />
    </UnitTest>
    <UnitTest name="Given_Null_When_AddSubscriptionRulesIsCalled_Then_ExceptionIsThrown" storage="d:\actions-runner\_work\xpco\xpco\eventserver\server\components\central\videoos.eventserver.events.eventstatussubscriptionwsapi.unittest\bin\debug\net472\videoos.eventserver.events.eventstatussubscriptionwsapi.unittest.dll" id="a9e52de8-4e3c-69e2-691d-0e023421a227">
      <Execution id="b520049c-f94a-413d-8131-4e63f8d949eb" />
      <TestMethod codeBase="D:\actions-runner\_work\XPCO\XPCO\EventServer\Server\Components\Central\VideoOS.EventServer.Events.EventStatusSubscriptionWsApi.UnitTest\bin\Debug\net472\VideoOS.EventServer.Events.EventStatusSubscriptionWsApi.UnitTest.dll" adapterTypeName="executor://mstestadapter/v2" className="VideoOS.EventServer.Events.EventStatusSubscriptionWsApi.UnitTest.SubscriptionTests" name="Given_Null_When_AddSubscriptionRulesIsCalled_Then_ExceptionIsThrown" />
    </UnitTest>
    <UnitTest name="Given_EssResumeSessionTimeoutSecondsKeyWithValueOverLimit_When_GetEssResumeSessionTimeoutSeconds_Then_MaxValueReturned" storage="d:\actions-runner\_work\xpco\xpco\eventserver\server\components\central\videoos.eventserver.events.eventstatussubscriptionwsapi.unittest\bin\debug\net472\videoos.eventserver.events.eventstatussubscriptionwsapi.unittest.dll" id="0bae87fb-b85d-97ff-1581-004ead8709b6">
      <Execution id="cd0cc54f-7673-4387-b1cc-6d1461a9547f" />
      <TestMethod codeBase="D:\actions-runner\_work\XPCO\XPCO\EventServer\Server\Components\Central\VideoOS.EventServer.Events.EventStatusSubscriptionWsApi.UnitTest\bin\Debug\net472\VideoOS.EventServer.Events.EventStatusSubscriptionWsApi.UnitTest.dll" adapterTypeName="executor://mstestadapter/v2" className="VideoOS.EventServer.Events.EventStatusSubscriptionWsApi.UnitTest.AppConfigReaderTests" name="Given_EssResumeSessionTimeoutSecondsKeyWithValueOverLimit_When_GetEssResumeSessionTimeoutSeconds_Then_MaxValueReturned" />
    </UnitTest>
    <UnitTest name="Given_Rules_IsSubscribedStateIsCalled_Then_IsSubscribedReturnsTheResult (ABBBB6C3-DFBD-4439-86F3-DC71C5BB39A1,Include,,True)" storage="d:\actions-runner\_work\xpco\xpco\eventserver\server\components\central\videoos.eventserver.events.eventstatussubscriptionwsapi.unittest\bin\debug\net472\videoos.eventserver.events.eventstatussubscriptionwsapi.unittest.dll" id="a89d0695-f1ec-52c6-0f6e-39897d378c92">
      <Execution id="137060e6-11fd-4d08-95d8-55a9f26c705d" />
      <TestMethod codeBase="D:\actions-runner\_work\XPCO\XPCO\EventServer\Server\Components\Central\VideoOS.EventServer.Events.EventStatusSubscriptionWsApi.UnitTest\bin\Debug\net472\VideoOS.EventServer.Events.EventStatusSubscriptionWsApi.UnitTest.dll" adapterTypeName="executor://mstestadapter/v2" className="VideoOS.EventServer.Events.EventStatusSubscriptionWsApi.UnitTest.SubscriptionTests" name="Given_Rules_IsSubscribedStateIsCalled_Then_IsSubscribedReturnsTheResult" />
    </UnitTest>
    <UnitTest name="Given_StartSessionWithSessionIdNoEventId_When_Parsing_Then_CommandIsReturned" storage="d:\actions-runner\_work\xpco\xpco\eventserver\server\components\central\videoos.eventserver.events.eventstatussubscriptionwsapi.unittest\bin\debug\net472\videoos.eventserver.events.eventstatussubscriptionwsapi.unittest.dll" id="8902bc51-6268-0123-2576-c6cf515fbd3e">
      <Execution id="728d1b89-1a5b-4f21-96f4-ec65f7825004" />
      <TestMethod codeBase="D:\actions-runner\_work\XPCO\XPCO\EventServer\Server\Components\Central\VideoOS.EventServer.Events.EventStatusSubscriptionWsApi.UnitTest\bin\Debug\net472\VideoOS.EventServer.Events.EventStatusSubscriptionWsApi.UnitTest.dll" adapterTypeName="executor://mstestadapter/v2" className="VideoOS.EventServer.Events.EventStatusSubscriptionWsApi.UnitTest.Protocol.StartSessionMessageParserUnitTests" name="Given_StartSessionWithSessionIdNoEventId_When_Parsing_Then_CommandIsReturned" />
    </UnitTest>
    <UnitTest name="Given_ParamsAndValuesForEssConnectAuthorizationTimeoutSeconds_When_GetEssConnectAuthorizationTimeoutSeconds_Then_ExpectedIsReturned (EssConnectAuthorizationTimeout,sadf,5)" storage="d:\actions-runner\_work\xpco\xpco\eventserver\server\components\central\videoos.eventserver.events.eventstatussubscriptionwsapi.unittest\bin\debug\net472\videoos.eventserver.events.eventstatussubscriptionwsapi.unittest.dll" id="70eeb1ad-920b-36a3-73e7-e226adca4ba4">
      <Execution id="c443db7a-1acc-4c26-99fa-951e02e55581" />
      <TestMethod codeBase="D:\actions-runner\_work\XPCO\XPCO\EventServer\Server\Components\Central\VideoOS.EventServer.Events.EventStatusSubscriptionWsApi.UnitTest\bin\Debug\net472\VideoOS.EventServer.Events.EventStatusSubscriptionWsApi.UnitTest.dll" adapterTypeName="executor://mstestadapter/v2" className="VideoOS.EventServer.Events.EventStatusSubscriptionWsApi.UnitTest.AppConfigReaderTests" name="Given_ParamsAndValuesForEssConnectAuthorizationTimeoutSeconds_When_GetEssConnectAuthorizationTimeoutSeconds_Then_ExpectedIsReturned" />
    </UnitTest>
    <UnitTest name="Given_ErrorResponse_When_Serializing_TheOutputIsCorrect" storage="d:\actions-runner\_work\xpco\xpco\eventserver\server\components\central\videoos.eventserver.events.eventstatussubscriptionwsapi.unittest\bin\debug\net472\videoos.eventserver.events.eventstatussubscriptionwsapi.unittest.dll" id="da63023d-61f4-0bd0-40ba-5ee05c47391c">
      <Execution id="ee36b038-881c-453a-b5e1-f7f5cf83973b" />
      <TestMethod codeBase="D:\actions-runner\_work\XPCO\XPCO\EventServer\Server\Components\Central\VideoOS.EventServer.Events.EventStatusSubscriptionWsApi.UnitTest\bin\Debug\net472\VideoOS.EventServer.Events.EventStatusSubscriptionWsApi.UnitTest.dll" adapterTypeName="executor://mstestadapter/v2" className="VideoOS.EventServer.Events.EventStatusSubscriptionWsApi.UnitTest.Protocol.ResponseUnitTests" name="Given_ErrorResponse_When_Serializing_TheOutputIsCorrect" />
    </UnitTest>
    <UnitTest name="Given_OnlyExcludeModifiers_When_Parsing_Then_400BadRequestInvalidArgumentsReturned" storage="d:\actions-runner\_work\xpco\xpco\eventserver\server\components\central\videoos.eventserver.events.eventstatussubscriptionwsapi.unittest\bin\debug\net472\videoos.eventserver.events.eventstatussubscriptionwsapi.unittest.dll" id="0c217a13-ecb4-b231-f1b0-ed784058acf2">
      <Execution id="b421b263-3bcb-4f8d-a48e-20dfe1348395" />
      <TestMethod codeBase="D:\actions-runner\_work\XPCO\XPCO\EventServer\Server\Components\Central\VideoOS.EventServer.Events.EventStatusSubscriptionWsApi.UnitTest\bin\Debug\net472\VideoOS.EventServer.Events.EventStatusSubscriptionWsApi.UnitTest.dll" adapterTypeName="executor://mstestadapter/v2" className="VideoOS.EventServer.Events.EventStatusSubscriptionWsApi.UnitTest.Protocol.AddSubscriptionMessageParserUnitTests" name="Given_OnlyExcludeModifiers_When_Parsing_Then_400BadRequestInvalidArgumentsReturned" />
    </UnitTest>
    <UnitTest name="Given_ParamsAndValuesForEssConnectAuthorizationTimeoutSeconds_When_GetEssConnectAuthorizationTimeoutSeconds_Then_ExpectedIsReturned (EssConnectAuthorizationTimeout,61,5)" storage="d:\actions-runner\_work\xpco\xpco\eventserver\server\components\central\videoos.eventserver.events.eventstatussubscriptionwsapi.unittest\bin\debug\net472\videoos.eventserver.events.eventstatussubscriptionwsapi.unittest.dll" id="82ef564a-d6af-624d-6881-42d7ff50cdbe">
      <Execution id="97118b15-002d-4cac-8817-65c68f63ef4f" />
      <TestMethod codeBase="D:\actions-runner\_work\XPCO\XPCO\EventServer\Server\Components\Central\VideoOS.EventServer.Events.EventStatusSubscriptionWsApi.UnitTest\bin\Debug\net472\VideoOS.EventServer.Events.EventStatusSubscriptionWsApi.UnitTest.dll" adapterTypeName="executor://mstestadapter/v2" className="VideoOS.EventServer.Events.EventStatusSubscriptionWsApi.UnitTest.AppConfigReaderTests" name="Given_ParamsAndValuesForEssConnectAuthorizationTimeoutSeconds_When_GetEssConnectAuthorizationTimeoutSeconds_Then_ExpectedIsReturned" />
    </UnitTest>
    <UnitTest name="Given_Nothing_When_GetOrCreate_Then_ASessionIsCreated (06323514-3b96-4dca-af8d-50441f6886c4)" storage="d:\actions-runner\_work\xpco\xpco\eventserver\server\components\central\videoos.eventserver.events.eventstatussubscriptionwsapi.unittest\bin\debug\net472\videoos.eventserver.events.eventstatussubscriptionwsapi.unittest.dll" id="d38f674b-d22c-6d1c-edec-08ea870fb93d">
      <Execution id="921f130c-c04d-42de-afee-7e54edc3e5ca" />
      <TestMethod codeBase="D:\actions-runner\_work\XPCO\XPCO\EventServer\Server\Components\Central\VideoOS.EventServer.Events.EventStatusSubscriptionWsApi.UnitTest\bin\Debug\net472\VideoOS.EventServer.Events.EventStatusSubscriptionWsApi.UnitTest.dll" adapterTypeName="executor://mstestadapter/v2" className="VideoOS.EventServer.Events.EventStatusSubscriptionWsApi.UnitTest.SessionCacheTests" name="Given_Nothing_When_GetOrCreate_Then_ASessionIsCreated" />
    </UnitTest>
    <UnitTest name="Given_InactiveSessionUserNullExistsWithDifferentUser_When_GetOrCreate_Then_NewSessionIsCreated" storage="d:\actions-runner\_work\xpco\xpco\eventserver\server\components\central\videoos.eventserver.events.eventstatussubscriptionwsapi.unittest\bin\debug\net472\videoos.eventserver.events.eventstatussubscriptionwsapi.unittest.dll" id="2aff5125-fb54-d17a-bf02-76651f9097aa">
      <Execution id="c13ddb9c-1919-4673-a088-b5cf76094829" />
      <TestMethod codeBase="D:\actions-runner\_work\XPCO\XPCO\EventServer\Server\Components\Central\VideoOS.EventServer.Events.EventStatusSubscriptionWsApi.UnitTest\bin\Debug\net472\VideoOS.EventServer.Events.EventStatusSubscriptionWsApi.UnitTest.dll" adapterTypeName="executor://mstestadapter/v2" className="VideoOS.EventServer.Events.EventStatusSubscriptionWsApi.UnitTest.SessionCacheTests" name="Given_InactiveSessionUserNullExistsWithDifferentUser_When_GetOrCreate_Then_NewSessionIsCreated" />
    </UnitTest>
    <UnitTest name="Given_InactiveSessionExistsSameUserDifferentObject_When_GetOrCreate_Then_ExistsingSessionReturned" storage="d:\actions-runner\_work\xpco\xpco\eventserver\server\components\central\videoos.eventserver.events.eventstatussubscriptionwsapi.unittest\bin\debug\net472\videoos.eventserver.events.eventstatussubscriptionwsapi.unittest.dll" id="c320cab3-a834-5d65-ec05-fa4802ad3ca0">
      <Execution id="29c8c7de-93bd-497c-a96d-fc53a6562b80" />
      <TestMethod codeBase="D:\actions-runner\_work\XPCO\XPCO\EventServer\Server\Components\Central\VideoOS.EventServer.Events.EventStatusSubscriptionWsApi.UnitTest\bin\Debug\net472\VideoOS.EventServer.Events.EventStatusSubscriptionWsApi.UnitTest.dll" adapterTypeName="executor://mstestadapter/v2" className="VideoOS.EventServer.Events.EventStatusSubscriptionWsApi.UnitTest.SessionCacheTests" name="Given_InactiveSessionExistsSameUserDifferentObject_When_GetOrCreate_Then_ExistsingSessionReturned" />
    </UnitTest>
    <UnitTest name="Given_EventTypeSpecifierCollectionEmpty_When_Parsing_Then_400BadRequestInvalidArgumentsReturned" storage="d:\actions-runner\_work\xpco\xpco\eventserver\server\components\central\videoos.eventserver.events.eventstatussubscriptionwsapi.unittest\bin\debug\net472\videoos.eventserver.events.eventstatussubscriptionwsapi.unittest.dll" id="a8a5aaea-1edb-fbdc-1ce8-d03ed5d4ef6a">
      <Execution id="862eea55-2854-4df8-9095-369f30ab2aa3" />
      <TestMethod codeBase="D:\actions-runner\_work\XPCO\XPCO\EventServer\Server\Components\Central\VideoOS.EventServer.Events.EventStatusSubscriptionWsApi.UnitTest\bin\Debug\net472\VideoOS.EventServer.Events.EventStatusSubscriptionWsApi.UnitTest.dll" adapterTypeName="executor://mstestadapter/v2" className="VideoOS.EventServer.Events.EventStatusSubscriptionWsApi.UnitTest.Protocol.AddSubscriptionMessageParserUnitTests" name="Given_EventTypeSpecifierCollectionEmpty_When_Parsing_Then_400BadRequestInvalidArgumentsReturned" />
    </UnitTest>
    <UnitTest name="Given_EventsAreAdded_When_AddingAdditionalGetRecentEvents_Then_AllAddedEventsAreReturnedInCorrectOrder" storage="d:\actions-runner\_work\xpco\xpco\eventserver\server\components\central\videoos.eventserver.events.eventstatussubscriptionwsapi.unittest\bin\debug\net472\videoos.eventserver.events.eventstatussubscriptionwsapi.unittest.dll" id="88e04dae-20a6-c7a1-b98d-f318be8516ad">
      <Execution id="685aa72b-60c1-4ad6-a893-b73dcda0ce05" />
      <TestMethod codeBase="D:\actions-runner\_work\XPCO\XPCO\EventServer\Server\Components\Central\VideoOS.EventServer.Events.EventStatusSubscriptionWsApi.UnitTest\bin\Debug\net472\VideoOS.EventServer.Events.EventStatusSubscriptionWsApi.UnitTest.dll" adapterTypeName="executor://mstestadapter/v2" className="VideoOS.EventServer.Events.EventStatusSubscriptionWsApi.UnitTest.EventCacheTests" name="Given_EventsAreAdded_When_AddingAdditionalGetRecentEvents_Then_AllAddedEventsAreReturnedInCorrectOrder" />
    </UnitTest>
    <UnitTest name="Given_IncludeRuleWithExtendedKinds_When_IsSubscribedIsCalledWhereKindIsValid_Then_IsReturnsTheResult (088904a7-ee2d-4ab7-8fcc-25f1b462fd88,XP,False)" storage="d:\actions-runner\_work\xpco\xpco\eventserver\server\components\central\videoos.eventserver.events.eventstatussubscriptionwsapi.unittest\bin\debug\net472\videoos.eventserver.events.eventstatussubscriptionwsapi.unittest.dll" id="2a6106eb-ba7e-b936-66dc-fc24c5b7718a">
      <Execution id="640456db-918b-4d9d-aeb9-3951a9ab9555" />
      <TestMethod codeBase="D:\actions-runner\_work\XPCO\XPCO\EventServer\Server\Components\Central\VideoOS.EventServer.Events.EventStatusSubscriptionWsApi.UnitTest\bin\Debug\net472\VideoOS.EventServer.Events.EventStatusSubscriptionWsApi.UnitTest.dll" adapterTypeName="executor://mstestadapter/v2" className="VideoOS.EventServer.Events.EventStatusSubscriptionWsApi.UnitTest.SubscriptionTests" name="Given_IncludeRuleWithExtendedKinds_When_IsSubscribedIsCalledWhereKindIsValid_Then_IsReturnsTheResult" />
    </UnitTest>
    <UnitTest name="Given_Nothing_When_GetPermittedeventsIsCalled_Then_ThePermittedEventsAreReturned" storage="d:\actions-runner\_work\xpco\xpco\eventserver\server\components\central\videoos.eventserver.events.eventstatussubscriptionwsapi.unittest\bin\debug\net472\videoos.eventserver.events.eventstatussubscriptionwsapi.unittest.dll" id="481fd340-843a-082c-7388-67fb090ab51b">
      <Execution id="3bea03b9-e6dc-473a-88cf-64d72f98f423" />
      <TestMethod codeBase="D:\actions-runner\_work\XPCO\XPCO\EventServer\Server\Components\Central\VideoOS.EventServer.Events.EventStatusSubscriptionWsApi.UnitTest\bin\Debug\net472\VideoOS.EventServer.Events.EventStatusSubscriptionWsApi.UnitTest.dll" adapterTypeName="executor://mstestadapter/v2" className="VideoOS.EventServer.Events.EventStatusSubscriptionWsApi.UnitTest.RightsFilterTests" name="Given_Nothing_When_GetPermittedeventsIsCalled_Then_ThePermittedEventsAreReturned" />
    </UnitTest>
    <UnitTest name="Given_StartSessionWithInvalidSessionId_When_Parsing_Then_ErrorIsReturned" storage="d:\actions-runner\_work\xpco\xpco\eventserver\server\components\central\videoos.eventserver.events.eventstatussubscriptionwsapi.unittest\bin\debug\net472\videoos.eventserver.events.eventstatussubscriptionwsapi.unittest.dll" id="9a7b0de5-dbb0-3a2f-ee11-fc9ab5bbeded">
      <Execution id="1b4f4283-11d2-4413-a3e0-24e30b09f924" />
      <TestMethod codeBase="D:\actions-runner\_work\XPCO\XPCO\EventServer\Server\Components\Central\VideoOS.EventServer.Events.EventStatusSubscriptionWsApi.UnitTest\bin\Debug\net472\VideoOS.EventServer.Events.EventStatusSubscriptionWsApi.UnitTest.dll" adapterTypeName="executor://mstestadapter/v2" className="VideoOS.EventServer.Events.EventStatusSubscriptionWsApi.UnitTest.Protocol.StartSessionMessageParserUnitTests" name="Given_StartSessionWithInvalidSessionId_When_Parsing_Then_ErrorIsReturned" />
    </UnitTest>
    <UnitTest name="Given_ExposedEventWithNoStateGroup_When_SerializeObject_Then_StateAndStateIdNotPartOfJson" storage="d:\actions-runner\_work\xpco\xpco\eventserver\server\components\central\videoos.eventserver.events.eventstatussubscriptionwsapi.unittest\bin\debug\net472\videoos.eventserver.events.eventstatussubscriptionwsapi.unittest.dll" id="fbf64ec8-d5f5-94f2-fc46-be7866b30797">
      <Execution id="caac5b19-4f84-4669-953b-4578f5eddbc4" />
      <TestMethod codeBase="D:\actions-runner\_work\XPCO\XPCO\EventServer\Server\Components\Central\VideoOS.EventServer.Events.EventStatusSubscriptionWsApi.UnitTest\bin\Debug\net472\VideoOS.EventServer.Events.EventStatusSubscriptionWsApi.UnitTest.dll" adapterTypeName="executor://mstestadapter/v2" className="VideoOS.EventServer.Events.EventStatusSubscriptionWsApi.UnitTest.Protocol.EventsMessageTests" name="Given_ExposedEventWithNoStateGroup_When_SerializeObject_Then_StateAndStateIdNotPartOfJson" />
    </UnitTest>
    <UnitTest name="Given_EventWithNoStateGroup_When_ToExposedEvent_Then_StateIdisNull" storage="d:\actions-runner\_work\xpco\xpco\eventserver\server\components\central\videoos.eventserver.events.eventstatussubscriptionwsapi.unittest\bin\debug\net472\videoos.eventserver.events.eventstatussubscriptionwsapi.unittest.dll" id="8c5476c8-0889-2d5c-d152-5f350961e078">
      <Execution id="e9fb5f3c-017b-4f57-991f-3ca5bbfbe27f" />
      <TestMethod codeBase="D:\actions-runner\_work\XPCO\XPCO\EventServer\Server\Components\Central\VideoOS.EventServer.Events.EventStatusSubscriptionWsApi.UnitTest\bin\Debug\net472\VideoOS.EventServer.Events.EventStatusSubscriptionWsApi.UnitTest.dll" adapterTypeName="executor://mstestadapter/v2" className="VideoOS.EventServer.Events.EventStatusSubscriptionWsApi.UnitTest.Protocol.EventMapperTests" name="Given_EventWithNoStateGroup_When_ToExposedEvent_Then_StateIdisNull" />
    </UnitTest>
    <UnitTest name="Given_ResourceTypes_Then_ParseShouldReturnTheId (03782B66-8B2F-484F-ACD6-DAD83C011732,03782B66-8B2F-484F-ACD6-DAD83C011732)" storage="d:\actions-runner\_work\xpco\xpco\eventserver\server\components\central\videoos.eventserver.events.eventstatussubscriptionwsapi.unittest\bin\debug\net472\videoos.eventserver.events.eventstatussubscriptionwsapi.unittest.dll" id="d83db56b-87cc-9a16-cbc0-14f0f643f9e4">
      <Execution id="95c4efb7-3920-4eb2-90f6-ed6d45dc92dd" />
      <TestMethod codeBase="D:\actions-runner\_work\XPCO\XPCO\EventServer\Server\Components\Central\VideoOS.EventServer.Events.EventStatusSubscriptionWsApi.UnitTest\bin\Debug\net472\VideoOS.EventServer.Events.EventStatusSubscriptionWsApi.UnitTest.dll" adapterTypeName="executor://mstestadapter/v2" className="VideoOS.EventServer.Events.EventStatusSubscriptionWsApi.UnitTest.Protocol.ResourceTypeConverterUnitTests" name="Given_ResourceTypes_Then_ParseShouldReturnTheId" />
    </UnitTest>
    <UnitTest name="Given_EventsAreAdded_When_GetRecentEventsTwice_Then_CallAreHangingAtSecondCall" storage="d:\actions-runner\_work\xpco\xpco\eventserver\server\components\central\videoos.eventserver.events.eventstatussubscriptionwsapi.unittest\bin\debug\net472\videoos.eventserver.events.eventstatussubscriptionwsapi.unittest.dll" id="df99e538-fcef-3d36-1047-c53e9aa2bfe4">
      <Execution id="535b2616-e3ae-4e44-a95a-c25ff4663d66" />
      <TestMethod codeBase="D:\actions-runner\_work\XPCO\XPCO\EventServer\Server\Components\Central\VideoOS.EventServer.Events.EventStatusSubscriptionWsApi.UnitTest\bin\Debug\net472\VideoOS.EventServer.Events.EventStatusSubscriptionWsApi.UnitTest.dll" adapterTypeName="executor://mstestadapter/v2" className="VideoOS.EventServer.Events.EventStatusSubscriptionWsApi.UnitTest.EventCacheTests" name="Given_EventsAreAdded_When_GetRecentEventsTwice_Then_CallAreHangingAtSecondCall" />
    </UnitTest>
    <UnitTest name="Given_MessageHandlerIsCreated_When_ValidateIsCalledWithoutAuthorizationHeaderAndANonAuthorizationCommandIsSent_Then_DisconnectIsRequestedBeforeTimeout" storage="d:\actions-runner\_work\xpco\xpco\eventserver\server\components\central\videoos.eventserver.events.eventstatussubscriptionwsapi.unittest\bin\debug\net472\videoos.eventserver.events.eventstatussubscriptionwsapi.unittest.dll" id="85e7b633-0898-9dcd-aa1d-0c44e567bb98">
      <Execution id="c8014345-fe67-4d91-9703-ca694e181fd1" />
      <TestMethod codeBase="D:\actions-runner\_work\XPCO\XPCO\EventServer\Server\Components\Central\VideoOS.EventServer.Events.EventStatusSubscriptionWsApi.UnitTest\bin\Debug\net472\VideoOS.EventServer.Events.EventStatusSubscriptionWsApi.UnitTest.dll" adapterTypeName="executor://mstestadapter/v2" className="VideoOS.EventServer.Events.EventStatusSubscriptionWsApi.UnitTest.MessageHandlerTests" name="Given_MessageHandlerIsCreated_When_ValidateIsCalledWithoutAuthorizationHeaderAndANonAuthorizationCommandIsSent_Then_DisconnectIsRequestedBeforeTimeout" />
    </UnitTest>
    <UnitTest name="Given_EventsInCacheNoRecentEvents_When_ResumingFromExistingEvent_Then_GetRecentEventsReturnsResumedEvents" storage="d:\actions-runner\_work\xpco\xpco\eventserver\server\components\central\videoos.eventserver.events.eventstatussubscriptionwsapi.unittest\bin\debug\net472\videoos.eventserver.events.eventstatussubscriptionwsapi.unittest.dll" id="d17a0167-b318-3283-77b1-87a040e6cbda">
      <Execution id="49f4cb79-0e2b-4bc1-8870-ab145f70d729" />
      <TestMethod codeBase="D:\actions-runner\_work\XPCO\XPCO\EventServer\Server\Components\Central\VideoOS.EventServer.Events.EventStatusSubscriptionWsApi.UnitTest\bin\Debug\net472\VideoOS.EventServer.Events.EventStatusSubscriptionWsApi.UnitTest.dll" adapterTypeName="executor://mstestadapter/v2" className="VideoOS.EventServer.Events.EventStatusSubscriptionWsApi.UnitTest.EventCacheTests" name="Given_EventsInCacheNoRecentEvents_When_ResumingFromExistingEvent_Then_GetRecentEventsReturnsResumedEvents" />
    </UnitTest>
    <UnitTest name="Given_Rules_IsSubscribedIsCalled_Then_IsSubscribedReturnsTheResult (4EF04DAE-3C18-4BAD-A730-42F6F293E700,Include,,,,True)" storage="d:\actions-runner\_work\xpco\xpco\eventserver\server\components\central\videoos.eventserver.events.eventstatussubscriptionwsapi.unittest\bin\debug\net472\videoos.eventserver.events.eventstatussubscriptionwsapi.unittest.dll" id="0966b5db-2e06-8767-524f-3e7bcc7e7dd3">
      <Execution id="7942a462-a12a-4221-aa62-876f9452d376" />
      <TestMethod codeBase="D:\actions-runner\_work\XPCO\XPCO\EventServer\Server\Components\Central\VideoOS.EventServer.Events.EventStatusSubscriptionWsApi.UnitTest\bin\Debug\net472\VideoOS.EventServer.Events.EventStatusSubscriptionWsApi.UnitTest.dll" adapterTypeName="executor://mstestadapter/v2" className="VideoOS.EventServer.Events.EventStatusSubscriptionWsApi.UnitTest.SubscriptionTests" name="Given_Rules_IsSubscribedIsCalled_Then_IsSubscribedReturnsTheResult" />
    </UnitTest>
    <UnitTest name="Given_NoSession_When_StartSession_Then_SuccessCreated" storage="d:\actions-runner\_work\xpco\xpco\eventserver\server\components\central\videoos.eventserver.events.eventstatussubscriptionwsapi.unittest\bin\debug\net472\videoos.eventserver.events.eventstatussubscriptionwsapi.unittest.dll" id="f799f189-be53-4091-5b25-657cc5d1b247">
      <Execution id="4bffa411-e3b5-4bde-bee6-7098403eafae" />
      <TestMethod codeBase="D:\actions-runner\_work\XPCO\XPCO\EventServer\Server\Components\Central\VideoOS.EventServer.Events.EventStatusSubscriptionWsApi.UnitTest\bin\Debug\net472\VideoOS.EventServer.Events.EventStatusSubscriptionWsApi.UnitTest.dll" adapterTypeName="executor://mstestadapter/v2" className="VideoOS.EventServer.Events.EventStatusSubscriptionWsApi.UnitTest.MessageHandlerTests" name="Given_NoSession_When_StartSession_Then_SuccessCreated" />
    </UnitTest>
    <UnitTest name="Given_ParamsAndValuesForEssConnectAuthorizationTimeoutSeconds_When_GetEssConnectAuthorizationTimeoutSeconds_Then_ExpectedIsReturned (SomeOtherKey,10,5)" storage="d:\actions-runner\_work\xpco\xpco\eventserver\server\components\central\videoos.eventserver.events.eventstatussubscriptionwsapi.unittest\bin\debug\net472\videoos.eventserver.events.eventstatussubscriptionwsapi.unittest.dll" id="3d4b9a3d-89d4-b2fd-70dd-2497dc4dbb19">
      <Execution id="bff5c573-986c-4379-b082-7ab24b2f4a49" />
      <TestMethod codeBase="D:\actions-runner\_work\XPCO\XPCO\EventServer\Server\Components\Central\VideoOS.EventServer.Events.EventStatusSubscriptionWsApi.UnitTest\bin\Debug\net472\VideoOS.EventServer.Events.EventStatusSubscriptionWsApi.UnitTest.dll" adapterTypeName="executor://mstestadapter/v2" className="VideoOS.EventServer.Events.EventStatusSubscriptionWsApi.UnitTest.AppConfigReaderTests" name="Given_ParamsAndValuesForEssConnectAuthorizationTimeoutSeconds_When_GetEssConnectAuthorizationTimeoutSeconds_Then_ExpectedIsReturned" />
    </UnitTest>
    <UnitTest name="Given_SubscriptionDoesNotExist_When_AttemptToRemove_Then_AnErrorIsReturned" storage="d:\actions-runner\_work\xpco\xpco\eventserver\server\components\central\videoos.eventserver.events.eventstatussubscriptionwsapi.unittest\bin\debug\net472\videoos.eventserver.events.eventstatussubscriptionwsapi.unittest.dll" id="6b5e001c-372d-3984-9439-6b6573e7f51e">
      <Execution id="e168ca3b-aabc-4dfc-a783-bfeeddfe5c57" />
      <TestMethod codeBase="D:\actions-runner\_work\XPCO\XPCO\EventServer\Server\Components\Central\VideoOS.EventServer.Events.EventStatusSubscriptionWsApi.UnitTest\bin\Debug\net472\VideoOS.EventServer.Events.EventStatusSubscriptionWsApi.UnitTest.dll" adapterTypeName="executor://mstestadapter/v2" className="VideoOS.EventServer.Events.EventStatusSubscriptionWsApi.UnitTest.SubscriptionRuleEngineTests" name="Given_SubscriptionDoesNotExist_When_AttemptToRemove_Then_AnErrorIsReturned" />
    </UnitTest>
    <UnitTest name="Given_EventWithKnownKind_When_ToExposedEvent_Then_SourceIsCorrect" storage="d:\actions-runner\_work\xpco\xpco\eventserver\server\components\central\videoos.eventserver.events.eventstatussubscriptionwsapi.unittest\bin\debug\net472\videoos.eventserver.events.eventstatussubscriptionwsapi.unittest.dll" id="eaeece35-3172-5c51-c577-7144c5c03259">
      <Execution id="e3717c49-e4d5-4ede-9313-e6c2f7ddc4b7" />
      <TestMethod codeBase="D:\actions-runner\_work\XPCO\XPCO\EventServer\Server\Components\Central\VideoOS.EventServer.Events.EventStatusSubscriptionWsApi.UnitTest\bin\Debug\net472\VideoOS.EventServer.Events.EventStatusSubscriptionWsApi.UnitTest.dll" adapterTypeName="executor://mstestadapter/v2" className="VideoOS.EventServer.Events.EventStatusSubscriptionWsApi.UnitTest.Protocol.EventMapperTests" name="Given_EventWithKnownKind_When_ToExposedEvent_Then_SourceIsCorrect" />
    </UnitTest>
    <UnitTest name="Given_MissingSpecifier_When_Parsing_Then_400BadRequestInvalidArgumentsReturned" storage="d:\actions-runner\_work\xpco\xpco\eventserver\server\components\central\videoos.eventserver.events.eventstatussubscriptionwsapi.unittest\bin\debug\net472\videoos.eventserver.events.eventstatussubscriptionwsapi.unittest.dll" id="f0782b82-1d51-d793-bf43-0576cd5997bc">
      <Execution id="efdb3ed9-3936-49e2-ade3-f5ae6f570284" />
      <TestMethod codeBase="D:\actions-runner\_work\XPCO\XPCO\EventServer\Server\Components\Central\VideoOS.EventServer.Events.EventStatusSubscriptionWsApi.UnitTest\bin\Debug\net472\VideoOS.EventServer.Events.EventStatusSubscriptionWsApi.UnitTest.dll" adapterTypeName="executor://mstestadapter/v2" className="VideoOS.EventServer.Events.EventStatusSubscriptionWsApi.UnitTest.Protocol.AddSubscriptionMessageParserUnitTests" name="Given_MissingSpecifier_When_Parsing_Then_400BadRequestInvalidArgumentsReturned" />
    </UnitTest>
    <UnitTest name="Given_Nothing_When_NewEventInEventCache_Then_EventSenderDoesNotFetchFromEventCache" storage="d:\actions-runner\_work\xpco\xpco\eventserver\server\components\central\videoos.eventserver.events.eventstatussubscriptionwsapi.unittest\bin\debug\net472\videoos.eventserver.events.eventstatussubscriptionwsapi.unittest.dll" id="3cee16d3-b36c-ab9e-3ba3-183a6748dbfa">
      <Execution id="f4335460-28c6-46ea-b7fe-8c87a763c209" />
      <TestMethod codeBase="D:\actions-runner\_work\XPCO\XPCO\EventServer\Server\Components\Central\VideoOS.EventServer.Events.EventStatusSubscriptionWsApi.UnitTest\bin\Debug\net472\VideoOS.EventServer.Events.EventStatusSubscriptionWsApi.UnitTest.dll" adapterTypeName="executor://mstestadapter/v2" className="VideoOS.EventServer.Events.EventStatusSubscriptionWsApi.UnitTest.EventSenderUnitTests" name="Given_Nothing_When_NewEventInEventCache_Then_EventSenderDoesNotFetchFromEventCache" />
    </UnitTest>
    <UnitTest name="Given_Nothing_When_SettingAndRemovingEventReceiver_Then_EventSenderStartsAndStops" storage="d:\actions-runner\_work\xpco\xpco\eventserver\server\components\central\videoos.eventserver.events.eventstatussubscriptionwsapi.unittest\bin\debug\net472\videoos.eventserver.events.eventstatussubscriptionwsapi.unittest.dll" id="dd47d404-5f9c-f405-d736-d1b01ac196c2">
      <Execution id="8f0d5885-528a-4e2d-88a6-c9c9dbe42e30" />
      <TestMethod codeBase="D:\actions-runner\_work\XPCO\XPCO\EventServer\Server\Components\Central\VideoOS.EventServer.Events.EventStatusSubscriptionWsApi.UnitTest\bin\Debug\net472\VideoOS.EventServer.Events.EventStatusSubscriptionWsApi.UnitTest.dll" adapterTypeName="executor://mstestadapter/v2" className="VideoOS.EventServer.Events.EventStatusSubscriptionWsApi.UnitTest.EventSenderUnitTests" name="Given_Nothing_When_SettingAndRemovingEventReceiver_Then_EventSenderStartsAndStops" />
    </UnitTest>
    <UnitTest name="Given_SessionExistsButIsNotInactive_When_GetOrCreate_Then_NewSessionIsReturned" storage="d:\actions-runner\_work\xpco\xpco\eventserver\server\components\central\videoos.eventserver.events.eventstatussubscriptionwsapi.unittest\bin\debug\net472\videoos.eventserver.events.eventstatussubscriptionwsapi.unittest.dll" id="60e0d5d7-a3e6-79c1-e9e1-84c57cc0d5ed">
      <Execution id="ddc69283-42e5-4ce1-94ee-83639d0c9cb0" />
      <TestMethod codeBase="D:\actions-runner\_work\XPCO\XPCO\EventServer\Server\Components\Central\VideoOS.EventServer.Events.EventStatusSubscriptionWsApi.UnitTest\bin\Debug\net472\VideoOS.EventServer.Events.EventStatusSubscriptionWsApi.UnitTest.dll" adapterTypeName="executor://mstestadapter/v2" className="VideoOS.EventServer.Events.EventStatusSubscriptionWsApi.UnitTest.SessionCacheTests" name="Given_SessionExistsButIsNotInactive_When_GetOrCreate_Then_NewSessionIsReturned" />
    </UnitTest>
    <UnitTest name="Given_EventsInCache_When_RetentionTimeExpires_Then_EventsCanNoLongerBeResumed" storage="d:\actions-runner\_work\xpco\xpco\eventserver\server\components\central\videoos.eventserver.events.eventstatussubscriptionwsapi.unittest\bin\debug\net472\videoos.eventserver.events.eventstatussubscriptionwsapi.unittest.dll" id="a3675df0-d5b7-652d-f192-ad7ccce62d82">
      <Execution id="ab4c3233-05b7-423b-b5b3-2c33ffd56993" />
      <TestMethod codeBase="D:\actions-runner\_work\XPCO\XPCO\EventServer\Server\Components\Central\VideoOS.EventServer.Events.EventStatusSubscriptionWsApi.UnitTest\bin\Debug\net472\VideoOS.EventServer.Events.EventStatusSubscriptionWsApi.UnitTest.dll" adapterTypeName="executor://mstestadapter/v2" className="VideoOS.EventServer.Events.EventStatusSubscriptionWsApi.UnitTest.EventCacheTests" name="Given_EventsInCache_When_RetentionTimeExpires_Then_EventsCanNoLongerBeResumed" />
    </UnitTest>
    <UnitTest name="Given_EventEngineSubscribesToPusher_When_EventEngineIsDisposed_Then_ItUnsubscribesFromPusher" storage="d:\actions-runner\_work\xpco\xpco\eventserver\server\components\central\videoos.eventserver.events.eventstatussubscriptionwsapi.unittest\bin\debug\net472\videoos.eventserver.events.eventstatussubscriptionwsapi.unittest.dll" id="585e800b-5018-9338-1c12-fccb1555134d">
      <Execution id="4882b7e1-1c8b-485f-a98e-5cf154c21a37" />
      <TestMethod codeBase="D:\actions-runner\_work\XPCO\XPCO\EventServer\Server\Components\Central\VideoOS.EventServer.Events.EventStatusSubscriptionWsApi.UnitTest\bin\Debug\net472\VideoOS.EventServer.Events.EventStatusSubscriptionWsApi.UnitTest.dll" adapterTypeName="executor://mstestadapter/v2" className="VideoOS.EventServer.Events.EventStatusSubscriptionWsApi.UnitTest.EventEngineTests" name="Given_EventEngineSubscribesToPusher_When_EventEngineIsDisposed_Then_ItUnsubscribesFromPusher" />
    </UnitTest>
    <UnitTest name="Given_MessageHandlerIsCreatedAndClientValidated_When_AnAuthenticateCommandIsSent_Then_ItIsIgnoredAndAnErrorResponseIsReturned" storage="d:\actions-runner\_work\xpco\xpco\eventserver\server\components\central\videoos.eventserver.events.eventstatussubscriptionwsapi.unittest\bin\debug\net472\videoos.eventserver.events.eventstatussubscriptionwsapi.unittest.dll" id="4f2ad8a8-e34c-1bcc-8266-63f0740759e4">
      <Execution id="5d773210-24e8-4ceb-9f07-cffbfb928bcb" />
      <TestMethod codeBase="D:\actions-runner\_work\XPCO\XPCO\EventServer\Server\Components\Central\VideoOS.EventServer.Events.EventStatusSubscriptionWsApi.UnitTest\bin\Debug\net472\VideoOS.EventServer.Events.EventStatusSubscriptionWsApi.UnitTest.dll" adapterTypeName="executor://mstestadapter/v2" className="VideoOS.EventServer.Events.EventStatusSubscriptionWsApi.UnitTest.MessageHandlerTests" name="Given_MessageHandlerIsCreatedAndClientValidated_When_AnAuthenticateCommandIsSent_Then_ItIsIgnoredAndAnErrorResponseIsReturned" />
    </UnitTest>
    <UnitTest name="Given_SessionExists_When_StartNewSession_Then_SuccessNewSessionCreatedOldSessionDiscarded" storage="d:\actions-runner\_work\xpco\xpco\eventserver\server\components\central\videoos.eventserver.events.eventstatussubscriptionwsapi.unittest\bin\debug\net472\videoos.eventserver.events.eventstatussubscriptionwsapi.unittest.dll" id="cfdad807-6976-92ae-7eac-bfd3102843cf">
      <Execution id="c6360c36-29a7-439a-9286-e9d8b17be24e" />
      <TestMethod codeBase="D:\actions-runner\_work\XPCO\XPCO\EventServer\Server\Components\Central\VideoOS.EventServer.Events.EventStatusSubscriptionWsApi.UnitTest\bin\Debug\net472\VideoOS.EventServer.Events.EventStatusSubscriptionWsApi.UnitTest.dll" adapterTypeName="executor://mstestadapter/v2" className="VideoOS.EventServer.Events.EventStatusSubscriptionWsApi.UnitTest.MessageHandlerTests" name="Given_SessionExists_When_StartNewSession_Then_SuccessNewSessionCreatedOldSessionDiscarded" />
    </UnitTest>
    <UnitTest name="Given_Nothing_When_SettingAndRemovingEventReceiverFast_Then_NoExceptionThrown" storage="d:\actions-runner\_work\xpco\xpco\eventserver\server\components\central\videoos.eventserver.events.eventstatussubscriptionwsapi.unittest\bin\debug\net472\videoos.eventserver.events.eventstatussubscriptionwsapi.unittest.dll" id="768fb8b7-3990-5a33-7f27-4e6edef2b06b">
      <Execution id="9e5bbf27-e505-459c-af10-0ef4bf0653f6" />
      <TestMethod codeBase="D:\actions-runner\_work\XPCO\XPCO\EventServer\Server\Components\Central\VideoOS.EventServer.Events.EventStatusSubscriptionWsApi.UnitTest\bin\Debug\net472\VideoOS.EventServer.Events.EventStatusSubscriptionWsApi.UnitTest.dll" adapterTypeName="executor://mstestadapter/v2" className="VideoOS.EventServer.Events.EventStatusSubscriptionWsApi.UnitTest.EventSenderUnitTests" name="Given_Nothing_When_SettingAndRemovingEventReceiverFast_Then_NoExceptionThrown" />
    </UnitTest>
    <UnitTest name="Given_EssResumeSessionTimeoutSecondsKeyDoesNotExist_When_GetEssResumeSessionTimeoutSeconds_Then_DefaultValueReturned" storage="d:\actions-runner\_work\xpco\xpco\eventserver\server\components\central\videoos.eventserver.events.eventstatussubscriptionwsapi.unittest\bin\debug\net472\videoos.eventserver.events.eventstatussubscriptionwsapi.unittest.dll" id="c4567314-3208-8c2e-d7e3-263b4b46b4ae">
      <Execution id="dabe1f79-641e-430d-9a1b-4dbf27de3a5e" />
      <TestMethod codeBase="D:\actions-runner\_work\XPCO\XPCO\EventServer\Server\Components\Central\VideoOS.EventServer.Events.EventStatusSubscriptionWsApi.UnitTest\bin\Debug\net472\VideoOS.EventServer.Events.EventStatusSubscriptionWsApi.UnitTest.dll" adapterTypeName="executor://mstestadapter/v2" className="VideoOS.EventServer.Events.EventStatusSubscriptionWsApi.UnitTest.AppConfigReaderTests" name="Given_EssResumeSessionTimeoutSecondsKeyDoesNotExist_When_GetEssResumeSessionTimeoutSeconds_Then_DefaultValueReturned" />
    </UnitTest>
    <UnitTest name="Given_IncludeRuleWithExtendedKinds_When_IsSubscribedIsCalledWhereKindIsValid_Then_IsReturnsTheResult (1d48187a-b159-48fe-8025-e4dc5269b749,XPCO,True)" storage="d:\actions-runner\_work\xpco\xpco\eventserver\server\components\central\videoos.eventserver.events.eventstatussubscriptionwsapi.unittest\bin\debug\net472\videoos.eventserver.events.eventstatussubscriptionwsapi.unittest.dll" id="005a0164-534c-e56f-7279-9e3fcaf62159">
      <Execution id="d41cfd9c-3ea5-4d42-8235-3ecb59a61b5b" />
      <TestMethod codeBase="D:\actions-runner\_work\XPCO\XPCO\EventServer\Server\Components\Central\VideoOS.EventServer.Events.EventStatusSubscriptionWsApi.UnitTest\bin\Debug\net472\VideoOS.EventServer.Events.EventStatusSubscriptionWsApi.UnitTest.dll" adapterTypeName="executor://mstestadapter/v2" className="VideoOS.EventServer.Events.EventStatusSubscriptionWsApi.UnitTest.SubscriptionTests" name="Given_IncludeRuleWithExtendedKinds_When_IsSubscribedIsCalledWhereKindIsValid_Then_IsReturnsTheResult" />
    </UnitTest>
    <UnitTest name="Given_Nothing_When_AStateFullAndAStatelessEventIsPushed_Then_OnlyTheStateFullEventAddedToTheCache" storage="d:\actions-runner\_work\xpco\xpco\eventserver\server\components\central\videoos.eventserver.events.eventstatussubscriptionwsapi.unittest\bin\debug\net472\videoos.eventserver.events.eventstatussubscriptionwsapi.unittest.dll" id="c71ae056-973d-f7c9-8269-7b94bc1575d1">
      <Execution id="41d3df46-5ff2-49ed-ab0e-56023abecb30" />
      <TestMethod codeBase="D:\actions-runner\_work\XPCO\XPCO\EventServer\Server\Components\Central\VideoOS.EventServer.Events.EventStatusSubscriptionWsApi.UnitTest\bin\Debug\net472\VideoOS.EventServer.Events.EventStatusSubscriptionWsApi.UnitTest.dll" adapterTypeName="executor://mstestadapter/v2" className="VideoOS.EventServer.Events.EventStatusSubscriptionWsApi.UnitTest.StateCacheUnitTests" name="Given_Nothing_When_AStateFullAndAStatelessEventIsPushed_Then_OnlyTheStateFullEventAddedToTheCache" />
    </UnitTest>
    <UnitTest name="Given_Rules_IsSubscribedStateIsCalled_Then_IsSubscribedReturnsTheResult (ABBBB6C3-DFBD-4439-86F3-DC71C5BB39A1,Exclude,,False)" storage="d:\actions-runner\_work\xpco\xpco\eventserver\server\components\central\videoos.eventserver.events.eventstatussubscriptionwsapi.unittest\bin\debug\net472\videoos.eventserver.events.eventstatussubscriptionwsapi.unittest.dll" id="bac320c3-b6a0-73c8-39a2-fe6fdd381331">
      <Execution id="414ce24a-501c-4b8b-8edc-3ed90a168384" />
      <TestMethod codeBase="D:\actions-runner\_work\XPCO\XPCO\EventServer\Server\Components\Central\VideoOS.EventServer.Events.EventStatusSubscriptionWsApi.UnitTest\bin\Debug\net472\VideoOS.EventServer.Events.EventStatusSubscriptionWsApi.UnitTest.dll" adapterTypeName="executor://mstestadapter/v2" className="VideoOS.EventServer.Events.EventStatusSubscriptionWsApi.UnitTest.SubscriptionTests" name="Given_Rules_IsSubscribedStateIsCalled_Then_IsSubscribedReturnsTheResult" />
    </UnitTest>
    <UnitTest name="Given_EssResumeSessionTimeoutSecondsKeyWithValue_When_GetEssResumeSessionTimeoutSeconds_Then_ValueReturned" storage="d:\actions-runner\_work\xpco\xpco\eventserver\server\components\central\videoos.eventserver.events.eventstatussubscriptionwsapi.unittest\bin\debug\net472\videoos.eventserver.events.eventstatussubscriptionwsapi.unittest.dll" id="1701e553-4b92-dc28-17a3-5f3b2e50e5ab">
      <Execution id="9595e275-a561-407a-b2be-87b29ca4a679" />
      <TestMethod codeBase="D:\actions-runner\_work\XPCO\XPCO\EventServer\Server\Components\Central\VideoOS.EventServer.Events.EventStatusSubscriptionWsApi.UnitTest\bin\Debug\net472\VideoOS.EventServer.Events.EventStatusSubscriptionWsApi.UnitTest.dll" adapterTypeName="executor://mstestadapter/v2" className="VideoOS.EventServer.Events.EventStatusSubscriptionWsApi.UnitTest.AppConfigReaderTests" name="Given_EssResumeSessionTimeoutSecondsKeyWithValue_When_GetEssResumeSessionTimeoutSeconds_Then_ValueReturned" />
    </UnitTest>
    <UnitTest name="Given_AddSubscriptionCommand_When_Mapping_Then_AProperSubscriptionUpdateIsCreated" storage="d:\actions-runner\_work\xpco\xpco\eventserver\server\components\central\videoos.eventserver.events.eventstatussubscriptionwsapi.unittest\bin\debug\net472\videoos.eventserver.events.eventstatussubscriptionwsapi.unittest.dll" id="83550f0a-a118-bb08-1ed4-f3c798229aac">
      <Execution id="869dcfee-5ed9-4533-9ba3-f70ba882ba85" />
      <TestMethod codeBase="D:\actions-runner\_work\XPCO\XPCO\EventServer\Server\Components\Central\VideoOS.EventServer.Events.EventStatusSubscriptionWsApi.UnitTest\bin\Debug\net472\VideoOS.EventServer.Events.EventStatusSubscriptionWsApi.UnitTest.dll" adapterTypeName="executor://mstestadapter/v2" className="VideoOS.EventServer.Events.EventStatusSubscriptionWsApi.UnitTest.Protocol.CommandMapperTests" name="Given_AddSubscriptionCommand_When_Mapping_Then_AProperSubscriptionUpdateIsCreated" />
    </UnitTest>
    <UnitTest name="Given_ParamsAndValuesForEssConnectAuthorizationTimeoutSeconds_When_GetEssConnectAuthorizationTimeoutSeconds_Then_ExpectedIsReturned (EssConnectAuthorizationTimeout,-1,5)" storage="d:\actions-runner\_work\xpco\xpco\eventserver\server\components\central\videoos.eventserver.events.eventstatussubscriptionwsapi.unittest\bin\debug\net472\videoos.eventserver.events.eventstatussubscriptionwsapi.unittest.dll" id="c22f1937-927d-4816-d5ab-1a0baaf000a8">
      <Execution id="01e56fae-4a48-45b0-8e6f-38e4c8bb7d56" />
      <TestMethod codeBase="D:\actions-runner\_work\XPCO\XPCO\EventServer\Server\Components\Central\VideoOS.EventServer.Events.EventStatusSubscriptionWsApi.UnitTest\bin\Debug\net472\VideoOS.EventServer.Events.EventStatusSubscriptionWsApi.UnitTest.dll" adapterTypeName="executor://mstestadapter/v2" className="VideoOS.EventServer.Events.EventStatusSubscriptionWsApi.UnitTest.AppConfigReaderTests" name="Given_ParamsAndValuesForEssConnectAuthorizationTimeoutSeconds_When_GetEssConnectAuthorizationTimeoutSeconds_Then_ExpectedIsReturned" />
    </UnitTest>
    <UnitTest name="Given_Rules_IsSubscribedStateIsCalled_Then_IsSubscribedReturnsTheResult (ABBBB6C3-DFBD-4439-86F3-DC71C5BB39A1,Include,ABBBB6C3-DFBD-4439-86F3-DC71C5BB39A1,True)" storage="d:\actions-runner\_work\xpco\xpco\eventserver\server\components\central\videoos.eventserver.events.eventstatussubscriptionwsapi.unittest\bin\debug\net472\videoos.eventserver.events.eventstatussubscriptionwsapi.unittest.dll" id="52a5f325-961f-02a2-36af-76660603105d">
      <Execution id="fb11f3f8-d76a-44ca-aad2-25bd1bdb5b0c" />
      <TestMethod codeBase="D:\actions-runner\_work\XPCO\XPCO\EventServer\Server\Components\Central\VideoOS.EventServer.Events.EventStatusSubscriptionWsApi.UnitTest\bin\Debug\net472\VideoOS.EventServer.Events.EventStatusSubscriptionWsApi.UnitTest.dll" adapterTypeName="executor://mstestadapter/v2" className="VideoOS.EventServer.Events.EventStatusSubscriptionWsApi.UnitTest.SubscriptionTests" name="Given_Rules_IsSubscribedStateIsCalled_Then_IsSubscribedReturnsTheResult" />
    </UnitTest>
    <UnitTest name="Given_MessageHandlerIsCreated_When_ValidateIsCalledWithoutAuthorizationHeader_Then_StatusIsSuccessAndDisconnectRequestIsCalledAfterTimeout" storage="d:\actions-runner\_work\xpco\xpco\eventserver\server\components\central\videoos.eventserver.events.eventstatussubscriptionwsapi.unittest\bin\debug\net472\videoos.eventserver.events.eventstatussubscriptionwsapi.unittest.dll" id="29e8a8c3-6cb3-9ed6-377b-a865e9932129">
      <Execution id="bd609496-daef-4385-be9b-67afdad05839" />
      <TestMethod codeBase="D:\actions-runner\_work\XPCO\XPCO\EventServer\Server\Components\Central\VideoOS.EventServer.Events.EventStatusSubscriptionWsApi.UnitTest\bin\Debug\net472\VideoOS.EventServer.Events.EventStatusSubscriptionWsApi.UnitTest.dll" adapterTypeName="executor://mstestadapter/v2" className="VideoOS.EventServer.Events.EventStatusSubscriptionWsApi.UnitTest.MessageHandlerTests" name="Given_MessageHandlerIsCreated_When_ValidateIsCalledWithoutAuthorizationHeader_Then_StatusIsSuccessAndDisconnectRequestIsCalledAfterTimeout" />
    </UnitTest>
    <UnitTest name="Given_MultipleEventSubPushersAreSubScribedTo_When_TheEventAndStatePusherIsDisposed_Then_ThenAllSubPushersAreUnsubscribed" storage="d:\actions-runner\_work\xpco\xpco\eventserver\server\components\central\videoos.eventserver.events.eventstatussubscriptionwsapi.unittest\bin\debug\net472\videoos.eventserver.events.eventstatussubscriptionwsapi.unittest.dll" id="408ecd82-af97-3e0a-f15b-76ffe0975d7b">
      <Execution id="7a4bd74f-c0f2-43a7-bac1-2f45d01c2edf" />
      <TestMethod codeBase="D:\actions-runner\_work\XPCO\XPCO\EventServer\Server\Components\Central\VideoOS.EventServer.Events.EventStatusSubscriptionWsApi.UnitTest\bin\Debug\net472\VideoOS.EventServer.Events.EventStatusSubscriptionWsApi.UnitTest.dll" adapterTypeName="executor://mstestadapter/v2" className="VideoOS.EventServer.Events.EventStatusSubscriptionWsApi.UnitTest.EventAndStatePusherTests" name="Given_MultipleEventSubPushersAreSubScribedTo_When_TheEventAndStatePusherIsDisposed_Then_ThenAllSubPushersAreUnsubscribed" />
    </UnitTest>
    <UnitTest name="Given_EventReceiverIsSet_When_NewEventInEventCache_Then_EventIsSentToEventReceiver" storage="d:\actions-runner\_work\xpco\xpco\eventserver\server\components\central\videoos.eventserver.events.eventstatussubscriptionwsapi.unittest\bin\debug\net472\videoos.eventserver.events.eventstatussubscriptionwsapi.unittest.dll" id="c742fc73-325e-9428-9ee7-73ee2741e439">
      <Execution id="6a39c0a1-f213-491a-a055-984b495cf504" />
      <TestMethod codeBase="D:\actions-runner\_work\XPCO\XPCO\EventServer\Server\Components\Central\VideoOS.EventServer.Events.EventStatusSubscriptionWsApi.UnitTest\bin\Debug\net472\VideoOS.EventServer.Events.EventStatusSubscriptionWsApi.UnitTest.dll" adapterTypeName="executor://mstestadapter/v2" className="VideoOS.EventServer.Events.EventStatusSubscriptionWsApi.UnitTest.EventSenderUnitTests" name="Given_EventReceiverIsSet_When_NewEventInEventCache_Then_EventIsSentToEventReceiver" />
    </UnitTest>
    <UnitTest name="Given_RemoveSubscriptionCommand_When_Mapping_Then_AProperSubscriptionUpdateIsCreated" storage="d:\actions-runner\_work\xpco\xpco\eventserver\server\components\central\videoos.eventserver.events.eventstatussubscriptionwsapi.unittest\bin\debug\net472\videoos.eventserver.events.eventstatussubscriptionwsapi.unittest.dll" id="1222d351-f369-13e6-8a63-654c6658a8f7">
      <Execution id="182eab1d-cd93-44fd-80bb-c7c9dfe89f28" />
      <TestMethod codeBase="D:\actions-runner\_work\XPCO\XPCO\EventServer\Server\Components\Central\VideoOS.EventServer.Events.EventStatusSubscriptionWsApi.UnitTest\bin\Debug\net472\VideoOS.EventServer.Events.EventStatusSubscriptionWsApi.UnitTest.dll" adapterTypeName="executor://mstestadapter/v2" className="VideoOS.EventServer.Events.EventStatusSubscriptionWsApi.UnitTest.Protocol.CommandMapperTests" name="Given_RemoveSubscriptionCommand_When_Mapping_Then_AProperSubscriptionUpdateIsCreated" />
    </UnitTest>
    <UnitTest name="Given_StartSessionWithSessionId_When_Parsing_Then_CommandIsReturned" storage="d:\actions-runner\_work\xpco\xpco\eventserver\server\components\central\videoos.eventserver.events.eventstatussubscriptionwsapi.unittest\bin\debug\net472\videoos.eventserver.events.eventstatussubscriptionwsapi.unittest.dll" id="b5c0a1fd-aa2b-5442-fd8a-3074032b4f13">
      <Execution id="f21631c5-2d38-4784-be2e-018fb7f7a52a" />
      <TestMethod codeBase="D:\actions-runner\_work\XPCO\XPCO\EventServer\Server\Components\Central\VideoOS.EventServer.Events.EventStatusSubscriptionWsApi.UnitTest\bin\Debug\net472\VideoOS.EventServer.Events.EventStatusSubscriptionWsApi.UnitTest.dll" adapterTypeName="executor://mstestadapter/v2" className="VideoOS.EventServer.Events.EventStatusSubscriptionWsApi.UnitTest.Protocol.StartSessionMessageParserUnitTests" name="Given_StartSessionWithSessionId_When_Parsing_Then_CommandIsReturned" />
    </UnitTest>
    <UnitTest name="Given_MultipleEventSubPushersAreSubScribedTo_When_AnyOfThePuhsersPushesAnEvent_Then_TheEventIsforwarded" storage="d:\actions-runner\_work\xpco\xpco\eventserver\server\components\central\videoos.eventserver.events.eventstatussubscriptionwsapi.unittest\bin\debug\net472\videoos.eventserver.events.eventstatussubscriptionwsapi.unittest.dll" id="e12d47e8-52e8-1587-c267-c57ea84bfbac">
      <Execution id="9e2dce98-f380-4271-9993-e251f84e4dfb" />
      <TestMethod codeBase="D:\actions-runner\_work\XPCO\XPCO\EventServer\Server\Components\Central\VideoOS.EventServer.Events.EventStatusSubscriptionWsApi.UnitTest\bin\Debug\net472\VideoOS.EventServer.Events.EventStatusSubscriptionWsApi.UnitTest.dll" adapterTypeName="executor://mstestadapter/v2" className="VideoOS.EventServer.Events.EventStatusSubscriptionWsApi.UnitTest.EventAndStatePusherTests" name="Given_MultipleEventSubPushersAreSubScribedTo_When_AnyOfThePuhsersPushesAnEvent_Then_TheEventIsforwarded" />
    </UnitTest>
    <UnitTest name="Given_Rules_IsSubscribedIsCalled_Then_IsSubscribedReturnsTheResult (4EF04DAE-3C18-4BAD-A730-42F6F293E700,Exclude,4EF04DAE-3C18-4BAD-A730-42F6F293E700,,,False)" storage="d:\actions-runner\_work\xpco\xpco\eventserver\server\components\central\videoos.eventserver.events.eventstatussubscriptionwsapi.unittest\bin\debug\net472\videoos.eventserver.events.eventstatussubscriptionwsapi.unittest.dll" id="808f6769-4db7-45b6-b417-19ff0fba4947">
      <Execution id="dc84c16c-63b5-4318-bd92-4c7c6b11efb5" />
      <TestMethod codeBase="D:\actions-runner\_work\XPCO\XPCO\EventServer\Server\Components\Central\VideoOS.EventServer.Events.EventStatusSubscriptionWsApi.UnitTest\bin\Debug\net472\VideoOS.EventServer.Events.EventStatusSubscriptionWsApi.UnitTest.dll" adapterTypeName="executor://mstestadapter/v2" className="VideoOS.EventServer.Events.EventStatusSubscriptionWsApi.UnitTest.SubscriptionTests" name="Given_Rules_IsSubscribedIsCalled_Then_IsSubscribedReturnsTheResult" />
    </UnitTest>
    <UnitTest name="Given_Nothing_When_UserSidIsGuid_Then_TypeIsBasicUser" storage="d:\actions-runner\_work\xpco\xpco\eventserver\server\components\central\videoos.eventserver.events.eventstatussubscriptionwsapi.unittest\bin\debug\net472\videoos.eventserver.events.eventstatussubscriptionwsapi.unittest.dll" id="e2d72b73-0696-090f-8c01-3546d7e28db3">
      <Execution id="aaac10e7-acd1-4790-a6e2-5baf5defb95c" />
      <TestMethod codeBase="D:\actions-runner\_work\XPCO\XPCO\EventServer\Server\Components\Central\VideoOS.EventServer.Events.EventStatusSubscriptionWsApi.UnitTest\bin\Debug\net472\VideoOS.EventServer.Events.EventStatusSubscriptionWsApi.UnitTest.dll" adapterTypeName="executor://mstestadapter/v2" className="VideoOS.EventServer.Events.EventStatusSubscriptionWsApi.UnitTest.UserWrapperTests" name="Given_Nothing_When_UserSidIsGuid_Then_TypeIsBasicUser" />
    </UnitTest>
    <UnitTest name="Given_StatesHasBeenSet_When_GetCurrentState_Then_PermittedAndSubscribedStatesAreReturned" storage="d:\actions-runner\_work\xpco\xpco\eventserver\server\components\central\videoos.eventserver.events.eventstatussubscriptionwsapi.unittest\bin\debug\net472\videoos.eventserver.events.eventstatussubscriptionwsapi.unittest.dll" id="858b6940-6e6d-ff85-5ac6-612dad40475f">
      <Execution id="d980087a-58ea-4e07-85ff-c4b8ea54a23e" />
      <TestMethod codeBase="D:\actions-runner\_work\XPCO\XPCO\EventServer\Server\Components\Central\VideoOS.EventServer.Events.EventStatusSubscriptionWsApi.UnitTest\bin\Debug\net472\VideoOS.EventServer.Events.EventStatusSubscriptionWsApi.UnitTest.dll" adapterTypeName="executor://mstestadapter/v2" className="VideoOS.EventServer.Events.EventStatusSubscriptionWsApi.UnitTest.EventEngineTests" name="Given_StatesHasBeenSet_When_GetCurrentState_Then_PermittedAndSubscribedStatesAreReturned" />
    </UnitTest>
    <UnitTest name="Given_ProperAddSubscriptionCommand_When_Parsing_Then_200OKAndAddSubscriptionObjectReturned" storage="d:\actions-runner\_work\xpco\xpco\eventserver\server\components\central\videoos.eventserver.events.eventstatussubscriptionwsapi.unittest\bin\debug\net472\videoos.eventserver.events.eventstatussubscriptionwsapi.unittest.dll" id="6643f0e1-b507-35c9-5a38-67492d5e5f01">
      <Execution id="32fa9b9e-a3b8-4662-8fbe-3cf48ffe1f18" />
      <TestMethod codeBase="D:\actions-runner\_work\XPCO\XPCO\EventServer\Server\Components\Central\VideoOS.EventServer.Events.EventStatusSubscriptionWsApi.UnitTest\bin\Debug\net472\VideoOS.EventServer.Events.EventStatusSubscriptionWsApi.UnitTest.dll" adapterTypeName="executor://mstestadapter/v2" className="VideoOS.EventServer.Events.EventStatusSubscriptionWsApi.UnitTest.Protocol.AddSubscriptionMessageParserUnitTests" name="Given_ProperAddSubscriptionCommand_When_Parsing_Then_200OKAndAddSubscriptionObjectReturned" />
    </UnitTest>
    <UnitTest name="Given_TwoEventsUserHasPermisson_When_GetPermittedEventsIsCalled_Than_TwoEventsAreReturned" storage="d:\actions-runner\_work\xpco\xpco\eventserver\server\components\central\videoos.eventserver.events.eventstatussubscriptionwsapi.unittest\bin\debug\net472\videoos.eventserver.events.eventstatussubscriptionwsapi.unittest.dll" id="ff6f4675-f029-a53b-69f2-96a2c4d77823">
      <Execution id="6628686a-0c9e-40dc-91bd-b2b846dc0aff" />
      <TestMethod codeBase="D:\actions-runner\_work\XPCO\XPCO\EventServer\Server\Components\Central\VideoOS.EventServer.Events.EventStatusSubscriptionWsApi.UnitTest\bin\Debug\net472\VideoOS.EventServer.Events.EventStatusSubscriptionWsApi.UnitTest.dll" adapterTypeName="executor://mstestadapter/v2" className="VideoOS.EventServer.Events.EventStatusSubscriptionWsApi.UnitTest.RightsFilterTests" name="Given_TwoEventsUserHasPermisson_When_GetPermittedEventsIsCalled_Than_TwoEventsAreReturned" />
    </UnitTest>
    <UnitTest name="Given_InactiveSessionExistsWithDifferentUser_When_GetOrCreate_Then_NewSessionIsCreated" storage="d:\actions-runner\_work\xpco\xpco\eventserver\server\components\central\videoos.eventserver.events.eventstatussubscriptionwsapi.unittest\bin\debug\net472\videoos.eventserver.events.eventstatussubscriptionwsapi.unittest.dll" id="39426936-1308-2dfd-d59b-bffdf5f4c70e">
      <Execution id="4163fb21-2713-4387-bd17-5808681de288" />
      <TestMethod codeBase="D:\actions-runner\_work\XPCO\XPCO\EventServer\Server\Components\Central\VideoOS.EventServer.Events.EventStatusSubscriptionWsApi.UnitTest\bin\Debug\net472\VideoOS.EventServer.Events.EventStatusSubscriptionWsApi.UnitTest.dll" adapterTypeName="executor://mstestadapter/v2" className="VideoOS.EventServer.Events.EventStatusSubscriptionWsApi.UnitTest.SessionCacheTests" name="Given_InactiveSessionExistsWithDifferentUser_When_GetOrCreate_Then_NewSessionIsCreated" />
    </UnitTest>
    <UnitTest name="Given_EventsInCacheRecentEvents_When_ResumingFromExistingEvent_Then_GetRecentEventsReturnsResumedEventsAndRecentEvents" storage="d:\actions-runner\_work\xpco\xpco\eventserver\server\components\central\videoos.eventserver.events.eventstatussubscriptionwsapi.unittest\bin\debug\net472\videoos.eventserver.events.eventstatussubscriptionwsapi.unittest.dll" id="68f0ec07-d246-9cc5-1f3b-2ca2b959446a">
      <Execution id="9ceb1dd9-792d-4bb3-97c9-a354ff721020" />
      <TestMethod codeBase="D:\actions-runner\_work\XPCO\XPCO\EventServer\Server\Components\Central\VideoOS.EventServer.Events.EventStatusSubscriptionWsApi.UnitTest\bin\Debug\net472\VideoOS.EventServer.Events.EventStatusSubscriptionWsApi.UnitTest.dll" adapterTypeName="executor://mstestadapter/v2" className="VideoOS.EventServer.Events.EventStatusSubscriptionWsApi.UnitTest.EventCacheTests" name="Given_EventsInCacheRecentEvents_When_ResumingFromExistingEvent_Then_GetRecentEventsReturnsResumedEventsAndRecentEvents" />
    </UnitTest>
    <UnitTest name="Given_Rules_IsSubscribedIsCalled_Then_IsSubscribedReturnsTheResult (D0D2FE84-1C92-44C5-9EE3-AFCEA6415F30,Include,4EF04DAE-3C18-4BAD-A730-42F6F293E700,,,False)" storage="d:\actions-runner\_work\xpco\xpco\eventserver\server\components\central\videoos.eventserver.events.eventstatussubscriptionwsapi.unittest\bin\debug\net472\videoos.eventserver.events.eventstatussubscriptionwsapi.unittest.dll" id="bf839169-2f4f-26db-25a1-60776c691c5e">
      <Execution id="af1182d8-3566-4358-a82b-654c345c4a9e" />
      <TestMethod codeBase="D:\actions-runner\_work\XPCO\XPCO\EventServer\Server\Components\Central\VideoOS.EventServer.Events.EventStatusSubscriptionWsApi.UnitTest\bin\Debug\net472\VideoOS.EventServer.Events.EventStatusSubscriptionWsApi.UnitTest.dll" adapterTypeName="executor://mstestadapter/v2" className="VideoOS.EventServer.Events.EventStatusSubscriptionWsApi.UnitTest.SubscriptionTests" name="Given_Rules_IsSubscribedIsCalled_Then_IsSubscribedReturnsTheResult" />
    </UnitTest>
    <UnitTest name="Given_AddSubscriptionCommand_When_Mapping_WithIllegalResourceType_StatusCodeIsNotOk" storage="d:\actions-runner\_work\xpco\xpco\eventserver\server\components\central\videoos.eventserver.events.eventstatussubscriptionwsapi.unittest\bin\debug\net472\videoos.eventserver.events.eventstatussubscriptionwsapi.unittest.dll" id="1fd5f302-597b-bfea-c23e-2f2cea94c1d3">
      <Execution id="9e6cd472-f9b9-4136-9f9c-d5485e0e5cca" />
      <TestMethod codeBase="D:\actions-runner\_work\XPCO\XPCO\EventServer\Server\Components\Central\VideoOS.EventServer.Events.EventStatusSubscriptionWsApi.UnitTest\bin\Debug\net472\VideoOS.EventServer.Events.EventStatusSubscriptionWsApi.UnitTest.dll" adapterTypeName="executor://mstestadapter/v2" className="VideoOS.EventServer.Events.EventStatusSubscriptionWsApi.UnitTest.Protocol.CommandMapperTests" name="Given_AddSubscriptionCommand_When_Mapping_WithIllegalResourceType_StatusCodeIsNotOk" />
    </UnitTest>
    <UnitTest name="Given_AllProperWildcardsCommand_When_Parsing_Then_200OKAndAddSubscriptionObjectReturned" storage="d:\actions-runner\_work\xpco\xpco\eventserver\server\components\central\videoos.eventserver.events.eventstatussubscriptionwsapi.unittest\bin\debug\net472\videoos.eventserver.events.eventstatussubscriptionwsapi.unittest.dll" id="cf0e0023-87b9-f504-68e5-027424cdabd7">
      <Execution id="5de92496-ca87-4658-a1ea-8a3df83516e0" />
      <TestMethod codeBase="D:\actions-runner\_work\XPCO\XPCO\EventServer\Server\Components\Central\VideoOS.EventServer.Events.EventStatusSubscriptionWsApi.UnitTest\bin\Debug\net472\VideoOS.EventServer.Events.EventStatusSubscriptionWsApi.UnitTest.dll" adapterTypeName="executor://mstestadapter/v2" className="VideoOS.EventServer.Events.EventStatusSubscriptionWsApi.UnitTest.Protocol.AddSubscriptionMessageParserUnitTests" name="Given_AllProperWildcardsCommand_When_Parsing_Then_200OKAndAddSubscriptionObjectReturned" />
    </UnitTest>
    <UnitTest name="Given_UserIsNullSessionExistsAndIsInactive_When_GetOrCreate_Then_SessionIsReturned" storage="d:\actions-runner\_work\xpco\xpco\eventserver\server\components\central\videoos.eventserver.events.eventstatussubscriptionwsapi.unittest\bin\debug\net472\videoos.eventserver.events.eventstatussubscriptionwsapi.unittest.dll" id="66c2e5a2-49b8-8da4-ae58-aa7e48aaa402">
      <Execution id="2caad5f6-66ad-4459-a392-3f786decade6" />
      <TestMethod codeBase="D:\actions-runner\_work\XPCO\XPCO\EventServer\Server\Components\Central\VideoOS.EventServer.Events.EventStatusSubscriptionWsApi.UnitTest\bin\Debug\net472\VideoOS.EventServer.Events.EventStatusSubscriptionWsApi.UnitTest.dll" adapterTypeName="executor://mstestadapter/v2" className="VideoOS.EventServer.Events.EventStatusSubscriptionWsApi.UnitTest.SessionCacheTests" name="Given_UserIsNullSessionExistsAndIsInactive_When_GetOrCreate_Then_SessionIsReturned" />
    </UnitTest>
    <UnitTest name="Given_InvalidCommandId_When_Parsing_Then_400BadRequestResponseFatalError" storage="d:\actions-runner\_work\xpco\xpco\eventserver\server\components\central\videoos.eventserver.events.eventstatussubscriptionwsapi.unittest\bin\debug\net472\videoos.eventserver.events.eventstatussubscriptionwsapi.unittest.dll" id="b7d1f7c2-1558-ee08-9510-8ffbd157ef39">
      <Execution id="0e8b6f2b-9968-4615-a5e6-c5fdcaebd064" />
      <TestMethod codeBase="D:\actions-runner\_work\XPCO\XPCO\EventServer\Server\Components\Central\VideoOS.EventServer.Events.EventStatusSubscriptionWsApi.UnitTest\bin\Debug\net472\VideoOS.EventServer.Events.EventStatusSubscriptionWsApi.UnitTest.dll" adapterTypeName="executor://mstestadapter/v2" className="VideoOS.EventServer.Events.EventStatusSubscriptionWsApi.UnitTest.Protocol.BasicMessageParserUnitTests" name="Given_InvalidCommandId_When_Parsing_Then_400BadRequestResponseFatalError" />
    </UnitTest>
    <UnitTest name="Given_EssResumeSessionTimeoutSecondsKeyWithInvalidValue_When_GetEssResumeSessionTimeoutSeconds_Then_DefaultValueReturned" storage="d:\actions-runner\_work\xpco\xpco\eventserver\server\components\central\videoos.eventserver.events.eventstatussubscriptionwsapi.unittest\bin\debug\net472\videoos.eventserver.events.eventstatussubscriptionwsapi.unittest.dll" id="30e60ca6-6a1b-6f7f-607e-c17564fc7e81">
      <Execution id="5a912925-d2a0-4cf5-9869-38798f72d5a6" />
      <TestMethod codeBase="D:\actions-runner\_work\XPCO\XPCO\EventServer\Server\Components\Central\VideoOS.EventServer.Events.EventStatusSubscriptionWsApi.UnitTest\bin\Debug\net472\VideoOS.EventServer.Events.EventStatusSubscriptionWsApi.UnitTest.dll" adapterTypeName="executor://mstestadapter/v2" className="VideoOS.EventServer.Events.EventStatusSubscriptionWsApi.UnitTest.AppConfigReaderTests" name="Given_EssResumeSessionTimeoutSecondsKeyWithInvalidValue_When_GetEssResumeSessionTimeoutSeconds_Then_DefaultValueReturned" />
    </UnitTest>
    <UnitTest name="Given_Nothing_When_StatefullEventsArePushed_Then_TheEventIsAddedToTheCache" storage="d:\actions-runner\_work\xpco\xpco\eventserver\server\components\central\videoos.eventserver.events.eventstatussubscriptionwsapi.unittest\bin\debug\net472\videoos.eventserver.events.eventstatussubscriptionwsapi.unittest.dll" id="ab487fc1-7e95-1dc9-6f76-3ccd7de31b29">
      <Execution id="0546588d-a82e-4eb7-a767-fa39d1e9d26c" />
      <TestMethod codeBase="D:\actions-runner\_work\XPCO\XPCO\EventServer\Server\Components\Central\VideoOS.EventServer.Events.EventStatusSubscriptionWsApi.UnitTest\bin\Debug\net472\VideoOS.EventServer.Events.EventStatusSubscriptionWsApi.UnitTest.dll" adapterTypeName="executor://mstestadapter/v2" className="VideoOS.EventServer.Events.EventStatusSubscriptionWsApi.UnitTest.StateCacheUnitTests" name="Given_Nothing_When_StatefullEventsArePushed_Then_TheEventIsAddedToTheCache" />
    </UnitTest>
    <UnitTest name="Given_Rules_IsSubscribedIsCalled_Then_IsSubscribedReturnsTheResult (D0D2FE84-1C92-44C5-9EE3-AFCEA6415F30,Exclude,4EF04DAE-3C18-4BAD-A730-42F6F293E700,,,True)" storage="d:\actions-runner\_work\xpco\xpco\eventserver\server\components\central\videoos.eventserver.events.eventstatussubscriptionwsapi.unittest\bin\debug\net472\videoos.eventserver.events.eventstatussubscriptionwsapi.unittest.dll" id="9e195642-ca02-ec07-52dd-52469c1263d2">
      <Execution id="a5dcce59-a2c1-450c-9d5c-d92149c3d051" />
      <TestMethod codeBase="D:\actions-runner\_work\XPCO\XPCO\EventServer\Server\Components\Central\VideoOS.EventServer.Events.EventStatusSubscriptionWsApi.UnitTest\bin\Debug\net472\VideoOS.EventServer.Events.EventStatusSubscriptionWsApi.UnitTest.dll" adapterTypeName="executor://mstestadapter/v2" className="VideoOS.EventServer.Events.EventStatusSubscriptionWsApi.UnitTest.SubscriptionTests" name="Given_Rules_IsSubscribedIsCalled_Then_IsSubscribedReturnsTheResult" />
    </UnitTest>
    <UnitTest name="Given_RetentionTime0_When_ResumingSpecificEvent_Then_NoSuccess" storage="d:\actions-runner\_work\xpco\xpco\eventserver\server\components\central\videoos.eventserver.events.eventstatussubscriptionwsapi.unittest\bin\debug\net472\videoos.eventserver.events.eventstatussubscriptionwsapi.unittest.dll" id="4239712f-b4b4-d3b1-31da-a93b3d20d4de">
      <Execution id="9a8e626b-f19b-453d-a2aa-ebe8115e0caa" />
      <TestMethod codeBase="D:\actions-runner\_work\XPCO\XPCO\EventServer\Server\Components\Central\VideoOS.EventServer.Events.EventStatusSubscriptionWsApi.UnitTest\bin\Debug\net472\VideoOS.EventServer.Events.EventStatusSubscriptionWsApi.UnitTest.dll" adapterTypeName="executor://mstestadapter/v2" className="VideoOS.EventServer.Events.EventStatusSubscriptionWsApi.UnitTest.EventCacheTests" name="Given_RetentionTime0_When_ResumingSpecificEvent_Then_NoSuccess" />
    </UnitTest>
    <UnitTest name="Given_Rules_IsSubscribedStateIsCalled_Then_IsSubscribedReturnsTheResult (ABBBB6C3-DFBD-4439-86F3-DC71C5BB39A1,Include,C26708C1-6BD7-4B77-BE0D-FB30FDC2055D,True)" storage="d:\actions-runner\_work\xpco\xpco\eventserver\server\components\central\videoos.eventserver.events.eventstatussubscriptionwsapi.unittest\bin\debug\net472\videoos.eventserver.events.eventstatussubscriptionwsapi.unittest.dll" id="17c064d0-17b6-35c6-0b29-ea391d9f353f">
      <Execution id="901609ee-5afa-4a1e-ac7b-c87a310d657a" />
      <TestMethod codeBase="D:\actions-runner\_work\XPCO\XPCO\EventServer\Server\Components\Central\VideoOS.EventServer.Events.EventStatusSubscriptionWsApi.UnitTest\bin\Debug\net472\VideoOS.EventServer.Events.EventStatusSubscriptionWsApi.UnitTest.dll" adapterTypeName="executor://mstestadapter/v2" className="VideoOS.EventServer.Events.EventStatusSubscriptionWsApi.UnitTest.SubscriptionTests" name="Given_Rules_IsSubscribedStateIsCalled_Then_IsSubscribedReturnsTheResult" />
    </UnitTest>
    <UnitTest name="Given_UnknownResourceType_Then_ExceptionIsThrown" storage="d:\actions-runner\_work\xpco\xpco\eventserver\server\components\central\videoos.eventserver.events.eventstatussubscriptionwsapi.unittest\bin\debug\net472\videoos.eventserver.events.eventstatussubscriptionwsapi.unittest.dll" id="da78fd54-9ea2-6def-aa74-165cbef3b64c">
      <Execution id="27cee676-50b8-4641-bcdd-46eb5e2394b2" />
      <TestMethod codeBase="D:\actions-runner\_work\XPCO\XPCO\EventServer\Server\Components\Central\VideoOS.EventServer.Events.EventStatusSubscriptionWsApi.UnitTest\bin\Debug\net472\VideoOS.EventServer.Events.EventStatusSubscriptionWsApi.UnitTest.dll" adapterTypeName="executor://mstestadapter/v2" className="VideoOS.EventServer.Events.EventStatusSubscriptionWsApi.UnitTest.Protocol.ResourceTypeConverterUnitTests" name="Given_UnknownResourceType_Then_ExceptionIsThrown" />
    </UnitTest>
    <UnitTest name="Given_EventsAreAdded_When_GetRecentEvents_Then_EventsAreHandedOut" storage="d:\actions-runner\_work\xpco\xpco\eventserver\server\components\central\videoos.eventserver.events.eventstatussubscriptionwsapi.unittest\bin\debug\net472\videoos.eventserver.events.eventstatussubscriptionwsapi.unittest.dll" id="e56d644f-ad5a-07c3-07ab-689fae3f0416">
      <Execution id="26c7858e-1fab-436a-8711-5be7ab2a5881" />
      <TestMethod codeBase="D:\actions-runner\_work\XPCO\XPCO\EventServer\Server\Components\Central\VideoOS.EventServer.Events.EventStatusSubscriptionWsApi.UnitTest\bin\Debug\net472\VideoOS.EventServer.Events.EventStatusSubscriptionWsApi.UnitTest.dll" adapterTypeName="executor://mstestadapter/v2" className="VideoOS.EventServer.Events.EventStatusSubscriptionWsApi.UnitTest.EventCacheTests" name="Given_EventsAreAdded_When_GetRecentEvents_Then_EventsAreHandedOut" />
    </UnitTest>
    <UnitTest name="Given_EssResumeSessionTimeoutSecondsKeyWithValueUnderLimit_When_GetEssResumeSessionTimeoutSeconds_Then_DefaultValueReturned" storage="d:\actions-runner\_work\xpco\xpco\eventserver\server\components\central\videoos.eventserver.events.eventstatussubscriptionwsapi.unittest\bin\debug\net472\videoos.eventserver.events.eventstatussubscriptionwsapi.unittest.dll" id="2b203899-461a-2b69-e195-97649e521740">
      <Execution id="cb974e02-7b44-4eab-b117-6ea0de4bd67f" />
      <TestMethod codeBase="D:\actions-runner\_work\XPCO\XPCO\EventServer\Server\Components\Central\VideoOS.EventServer.Events.EventStatusSubscriptionWsApi.UnitTest\bin\Debug\net472\VideoOS.EventServer.Events.EventStatusSubscriptionWsApi.UnitTest.dll" adapterTypeName="executor://mstestadapter/v2" className="VideoOS.EventServer.Events.EventStatusSubscriptionWsApi.UnitTest.AppConfigReaderTests" name="Given_EssResumeSessionTimeoutSecondsKeyWithValueUnderLimit_When_GetEssResumeSessionTimeoutSeconds_Then_DefaultValueReturned" />
    </UnitTest>
    <UnitTest name="Given_ResourceTypes_Then_ParseShouldReturnTheId (recordingservers,088904A7-EE2D-4AB7-8FCC-25F1B462FD88)" storage="d:\actions-runner\_work\xpco\xpco\eventserver\server\components\central\videoos.eventserver.events.eventstatussubscriptionwsapi.unittest\bin\debug\net472\videoos.eventserver.events.eventstatussubscriptionwsapi.unittest.dll" id="05666e4e-d0b6-ba13-848d-05794867fd17">
      <Execution id="7e5f9504-738b-4059-b9a6-83010c5527d1" />
      <TestMethod codeBase="D:\actions-runner\_work\XPCO\XPCO\EventServer\Server\Components\Central\VideoOS.EventServer.Events.EventStatusSubscriptionWsApi.UnitTest\bin\Debug\net472\VideoOS.EventServer.Events.EventStatusSubscriptionWsApi.UnitTest.dll" adapterTypeName="executor://mstestadapter/v2" className="VideoOS.EventServer.Events.EventStatusSubscriptionWsApi.UnitTest.Protocol.ResourceTypeConverterUnitTests" name="Given_ResourceTypes_Then_ParseShouldReturnTheId" />
    </UnitTest>
    <UnitTest name="Given_StatefulEventsAreSent_WhenGetCurrentState_Then_EventsAndStateResponseIsSendInCorrectOrder" storage="d:\actions-runner\_work\xpco\xpco\eventserver\server\components\central\videoos.eventserver.events.eventstatussubscriptionwsapi.unittest\bin\debug\net472\videoos.eventserver.events.eventstatussubscriptionwsapi.unittest.dll" id="56804e2f-7b1e-7bf6-17ba-4d7f0f88e41f">
      <Execution id="8e235ea6-7346-40e7-b9c1-59dda672bac9" />
      <TestMethod codeBase="D:\actions-runner\_work\XPCO\XPCO\EventServer\Server\Components\Central\VideoOS.EventServer.Events.EventStatusSubscriptionWsApi.UnitTest\bin\Debug\net472\VideoOS.EventServer.Events.EventStatusSubscriptionWsApi.UnitTest.dll" adapterTypeName="executor://mstestadapter/v2" className="VideoOS.EventServer.Events.EventStatusSubscriptionWsApi.UnitTest.IntegrationTests" name="Given_StatefulEventsAreSent_WhenGetCurrentState_Then_EventsAndStateResponseIsSendInCorrectOrder" />
    </UnitTest>
    <UnitTest name="Given_UserIsNull_When_GetPermittedEventsIsCalled_Than_AllEventsAreReturned" storage="d:\actions-runner\_work\xpco\xpco\eventserver\server\components\central\videoos.eventserver.events.eventstatussubscriptionwsapi.unittest\bin\debug\net472\videoos.eventserver.events.eventstatussubscriptionwsapi.unittest.dll" id="d33dd4f9-42d2-ba54-a613-8ae309125d7c">
      <Execution id="759f416d-f491-4638-9ca6-95a62e703764" />
      <TestMethod codeBase="D:\actions-runner\_work\XPCO\XPCO\EventServer\Server\Components\Central\VideoOS.EventServer.Events.EventStatusSubscriptionWsApi.UnitTest\bin\Debug\net472\VideoOS.EventServer.Events.EventStatusSubscriptionWsApi.UnitTest.dll" adapterTypeName="executor://mstestadapter/v2" className="VideoOS.EventServer.Events.EventStatusSubscriptionWsApi.UnitTest.RightsFilterTests" name="Given_UserIsNull_When_GetPermittedEventsIsCalled_Than_AllEventsAreReturned" />
    </UnitTest>
    <UnitTest name="Given_Rules_IsSubscribedIsCalled_Then_IsSubscribedReturnsTheResult (4EF04DAE-3C18-4BAD-A730-42F6F293E700,Include,4EF04DAE-3C18-4BAD-A730-42F6F293E700,,,True)" storage="d:\actions-runner\_work\xpco\xpco\eventserver\server\components\central\videoos.eventserver.events.eventstatussubscriptionwsapi.unittest\bin\debug\net472\videoos.eventserver.events.eventstatussubscriptionwsapi.unittest.dll" id="6a45f7a3-f5ba-e515-01de-9cc940547205">
      <Execution id="cfba2abf-5622-49ae-8034-4cdd0aafb80e" />
      <TestMethod codeBase="D:\actions-runner\_work\XPCO\XPCO\EventServer\Server\Components\Central\VideoOS.EventServer.Events.EventStatusSubscriptionWsApi.UnitTest\bin\Debug\net472\VideoOS.EventServer.Events.EventStatusSubscriptionWsApi.UnitTest.dll" adapterTypeName="executor://mstestadapter/v2" className="VideoOS.EventServer.Events.EventStatusSubscriptionWsApi.UnitTest.SubscriptionTests" name="Given_Rules_IsSubscribedIsCalled_Then_IsSubscribedReturnsTheResult" />
    </UnitTest>
    <UnitTest name="Given_ResourceTypes_Then_ParseShouldReturnTheId (camera,5135BA21-F1DC-4321-806A-6CE2017343C0)" storage="d:\actions-runner\_work\xpco\xpco\eventserver\server\components\central\videoos.eventserver.events.eventstatussubscriptionwsapi.unittest\bin\debug\net472\videoos.eventserver.events.eventstatussubscriptionwsapi.unittest.dll" id="70b10f23-0f8f-6490-4522-62292554caa5">
      <Execution id="175a497c-36f8-415a-91ea-975a12febb31" />
      <TestMethod codeBase="D:\actions-runner\_work\XPCO\XPCO\EventServer\Server\Components\Central\VideoOS.EventServer.Events.EventStatusSubscriptionWsApi.UnitTest\bin\Debug\net472\VideoOS.EventServer.Events.EventStatusSubscriptionWsApi.UnitTest.dll" adapterTypeName="executor://mstestadapter/v2" className="VideoOS.EventServer.Events.EventStatusSubscriptionWsApi.UnitTest.Protocol.ResourceTypeConverterUnitTests" name="Given_ResourceTypes_Then_ParseShouldReturnTheId" />
    </UnitTest>
    <UnitTest name="Given_IncludeRuleWithExtendedKinds_When_IsSubscribedIsCalledWhereKindIsValid_Then_IsReturnsTheResult (088904a7-ee2d-4ab7-8fcc-25f1b462fd88,XPCORS,True)" storage="d:\actions-runner\_work\xpco\xpco\eventserver\server\components\central\videoos.eventserver.events.eventstatussubscriptionwsapi.unittest\bin\debug\net472\videoos.eventserver.events.eventstatussubscriptionwsapi.unittest.dll" id="0dee0c57-2847-a3b6-19a4-a177a6eed981">
      <Execution id="956bf0b1-0217-4cbd-89c2-0bc7d02828e2" />
      <TestMethod codeBase="D:\actions-runner\_work\XPCO\XPCO\EventServer\Server\Components\Central\VideoOS.EventServer.Events.EventStatusSubscriptionWsApi.UnitTest\bin\Debug\net472\VideoOS.EventServer.Events.EventStatusSubscriptionWsApi.UnitTest.dll" adapterTypeName="executor://mstestadapter/v2" className="VideoOS.EventServer.Events.EventStatusSubscriptionWsApi.UnitTest.SubscriptionTests" name="Given_IncludeRuleWithExtendedKinds_When_IsSubscribedIsCalledWhereKindIsValid_Then_IsReturnsTheResult" />
    </UnitTest>
    <UnitTest name="Given_ExcludeRuleThatExcludesAllEventTypes_IsSubscribedStateIsCalled_Then_IsSubscribedReturnsFalse" storage="d:\actions-runner\_work\xpco\xpco\eventserver\server\components\central\videoos.eventserver.events.eventstatussubscriptionwsapi.unittest\bin\debug\net472\videoos.eventserver.events.eventstatussubscriptionwsapi.unittest.dll" id="454503b4-50f6-421b-6dc9-2c38d4ed7964">
      <Execution id="84709a86-296b-44e0-b882-771b5ba389b9" />
      <TestMethod codeBase="D:\actions-runner\_work\XPCO\XPCO\EventServer\Server\Components\Central\VideoOS.EventServer.Events.EventStatusSubscriptionWsApi.UnitTest\bin\Debug\net472\VideoOS.EventServer.Events.EventStatusSubscriptionWsApi.UnitTest.dll" adapterTypeName="executor://mstestadapter/v2" className="VideoOS.EventServer.Events.EventStatusSubscriptionWsApi.UnitTest.SubscriptionTests" name="Given_ExcludeRuleThatExcludesAllEventTypes_IsSubscribedStateIsCalled_Then_IsSubscribedReturnsFalse" />
    </UnitTest>
    <UnitTest name="Given_ParamsAndValuesForEssConnectAuthorizationTimeoutSeconds_When_GetEssConnectAuthorizationTimeoutSeconds_Then_ExpectedIsReturned (EssConnectAuthorizationTimeout,60,60)" storage="d:\actions-runner\_work\xpco\xpco\eventserver\server\components\central\videoos.eventserver.events.eventstatussubscriptionwsapi.unittest\bin\debug\net472\videoos.eventserver.events.eventstatussubscriptionwsapi.unittest.dll" id="97f523e7-893b-0556-85a1-f54162e13433">
      <Execution id="ffa85aef-6b31-40c0-add4-eab85b29e8ed" />
      <TestMethod codeBase="D:\actions-runner\_work\XPCO\XPCO\EventServer\Server\Components\Central\VideoOS.EventServer.Events.EventStatusSubscriptionWsApi.UnitTest\bin\Debug\net472\VideoOS.EventServer.Events.EventStatusSubscriptionWsApi.UnitTest.dll" adapterTypeName="executor://mstestadapter/v2" className="VideoOS.EventServer.Events.EventStatusSubscriptionWsApi.UnitTest.AppConfigReaderTests" name="Given_ParamsAndValuesForEssConnectAuthorizationTimeoutSeconds_When_GetEssConnectAuthorizationTimeoutSeconds_Then_ExpectedIsReturned" />
    </UnitTest>
    <UnitTest name="Given_SessionExistsAndStatfullEventPushed_When_GetCurrentState_Then_StateReturendOnce" storage="d:\actions-runner\_work\xpco\xpco\eventserver\server\components\central\videoos.eventserver.events.eventstatussubscriptionwsapi.unittest\bin\debug\net472\videoos.eventserver.events.eventstatussubscriptionwsapi.unittest.dll" id="7a3188fe-d9d4-6d4d-0426-af1256cedb5c">
      <Execution id="4f3ce553-b905-4faa-8221-5f8e6c05aac6" />
      <TestMethod codeBase="D:\actions-runner\_work\XPCO\XPCO\EventServer\Server\Components\Central\VideoOS.EventServer.Events.EventStatusSubscriptionWsApi.UnitTest\bin\Debug\net472\VideoOS.EventServer.Events.EventStatusSubscriptionWsApi.UnitTest.dll" adapterTypeName="executor://mstestadapter/v2" className="VideoOS.EventServer.Events.EventStatusSubscriptionWsApi.UnitTest.MessageHandlerTests" name="Given_SessionExistsAndStatfullEventPushed_When_GetCurrentState_Then_StateReturendOnce" />
    </UnitTest>
    <UnitTest name="Given_StartSession_When_Mapping_Then_ASessionIdAndEventIdIsDefault" storage="d:\actions-runner\_work\xpco\xpco\eventserver\server\components\central\videoos.eventserver.events.eventstatussubscriptionwsapi.unittest\bin\debug\net472\videoos.eventserver.events.eventstatussubscriptionwsapi.unittest.dll" id="31486b7f-4750-5c30-dfac-940e85d9aba3">
      <Execution id="096e7984-b0dc-4025-8986-6ecb24ba7f81" />
      <TestMethod codeBase="D:\actions-runner\_work\XPCO\XPCO\EventServer\Server\Components\Central\VideoOS.EventServer.Events.EventStatusSubscriptionWsApi.UnitTest\bin\Debug\net472\VideoOS.EventServer.Events.EventStatusSubscriptionWsApi.UnitTest.dll" adapterTypeName="executor://mstestadapter/v2" className="VideoOS.EventServer.Events.EventStatusSubscriptionWsApi.UnitTest.Protocol.SessionMapperTests" name="Given_StartSession_When_Mapping_Then_ASessionIdAndEventIdIsDefault" />
    </UnitTest>
    <UnitTest name="Given_ResumeSessionAndEvents_When_Mapping_Then_ASessionIdAndEventIdIsGuid" storage="d:\actions-runner\_work\xpco\xpco\eventserver\server\components\central\videoos.eventserver.events.eventstatussubscriptionwsapi.unittest\bin\debug\net472\videoos.eventserver.events.eventstatussubscriptionwsapi.unittest.dll" id="5751e437-c242-6e1c-152f-d70afbf9a64a">
      <Execution id="b56ebd02-ba1e-4808-be27-3c5eeb639ed7" />
      <TestMethod codeBase="D:\actions-runner\_work\XPCO\XPCO\EventServer\Server\Components\Central\VideoOS.EventServer.Events.EventStatusSubscriptionWsApi.UnitTest\bin\Debug\net472\VideoOS.EventServer.Events.EventStatusSubscriptionWsApi.UnitTest.dll" adapterTypeName="executor://mstestadapter/v2" className="VideoOS.EventServer.Events.EventStatusSubscriptionWsApi.UnitTest.Protocol.CommandMapperTests" name="Given_ResumeSessionAndEvents_When_Mapping_Then_ASessionIdAndEventIdIsGuid" />
    </UnitTest>
    <UnitTest name="Given_Rules_IsSubscribedIsCalled_Then_IsSubscribedReturnsTheResult (4EF04DAE-3C18-4BAD-A730-42F6F293E700,Exclude,,4EF04DAE-3C18-4BAD-A730-42F6F293E700,,False)" storage="d:\actions-runner\_work\xpco\xpco\eventserver\server\components\central\videoos.eventserver.events.eventstatussubscriptionwsapi.unittest\bin\debug\net472\videoos.eventserver.events.eventstatussubscriptionwsapi.unittest.dll" id="d9bfac4b-ce86-a681-9c66-201e537a2310">
      <Execution id="d68a004b-70b6-4390-bb86-cfb18f70dafc" />
      <TestMethod codeBase="D:\actions-runner\_work\XPCO\XPCO\EventServer\Server\Components\Central\VideoOS.EventServer.Events.EventStatusSubscriptionWsApi.UnitTest\bin\Debug\net472\VideoOS.EventServer.Events.EventStatusSubscriptionWsApi.UnitTest.dll" adapterTypeName="executor://mstestadapter/v2" className="VideoOS.EventServer.Events.EventStatusSubscriptionWsApi.UnitTest.SubscriptionTests" name="Given_Rules_IsSubscribedIsCalled_Then_IsSubscribedReturnsTheResult" />
    </UnitTest>
    <UnitTest name="Given_ResourceTypes_Then_ParseShouldReturnTheId (RecordingServers,088904A7-EE2D-4AB7-8FCC-25F1B462FD88)" storage="d:\actions-runner\_work\xpco\xpco\eventserver\server\components\central\videoos.eventserver.events.eventstatussubscriptionwsapi.unittest\bin\debug\net472\videoos.eventserver.events.eventstatussubscriptionwsapi.unittest.dll" id="123a39d1-1aad-86d2-5468-ddc7e7e8d908">
      <Execution id="a8027cfb-eddd-48e4-a4e8-006dfd477ac4" />
      <TestMethod codeBase="D:\actions-runner\_work\XPCO\XPCO\EventServer\Server\Components\Central\VideoOS.EventServer.Events.EventStatusSubscriptionWsApi.UnitTest\bin\Debug\net472\VideoOS.EventServer.Events.EventStatusSubscriptionWsApi.UnitTest.dll" adapterTypeName="executor://mstestadapter/v2" className="VideoOS.EventServer.Events.EventStatusSubscriptionWsApi.UnitTest.Protocol.ResourceTypeConverterUnitTests" name="Given_ResourceTypes_Then_ParseShouldReturnTheId" />
    </UnitTest>
    <UnitTest name="Given_ParamsAndValuesForEssConnectAuthorizationTimeoutSeconds_When_GetEssConnectAuthorizationTimeoutSeconds_Then_ExpectedIsReturned (EssConnectAuthorizationTimeout,13,13)" storage="d:\actions-runner\_work\xpco\xpco\eventserver\server\components\central\videoos.eventserver.events.eventstatussubscriptionwsapi.unittest\bin\debug\net472\videoos.eventserver.events.eventstatussubscriptionwsapi.unittest.dll" id="cbdaa892-b585-e537-2a1b-08ca32d0b7bd">
      <Execution id="8f861f2b-8a29-4fca-8060-0e3c02f6a081" />
      <TestMethod codeBase="D:\actions-runner\_work\XPCO\XPCO\EventServer\Server\Components\Central\VideoOS.EventServer.Events.EventStatusSubscriptionWsApi.UnitTest\bin\Debug\net472\VideoOS.EventServer.Events.EventStatusSubscriptionWsApi.UnitTest.dll" adapterTypeName="executor://mstestadapter/v2" className="VideoOS.EventServer.Events.EventStatusSubscriptionWsApi.UnitTest.AppConfigReaderTests" name="Given_ParamsAndValuesForEssConnectAuthorizationTimeoutSeconds_When_GetEssConnectAuthorizationTimeoutSeconds_Then_ExpectedIsReturned" />
    </UnitTest>
    <UnitTest name="Given_ParamsAndValuesForEssConnectAuthorizationTimeoutSeconds_When_GetEssConnectAuthorizationTimeoutSeconds_Then_ExpectedIsReturned (EssConnectAuthorizationTimeout,0,0)" storage="d:\actions-runner\_work\xpco\xpco\eventserver\server\components\central\videoos.eventserver.events.eventstatussubscriptionwsapi.unittest\bin\debug\net472\videoos.eventserver.events.eventstatussubscriptionwsapi.unittest.dll" id="5abc0175-c520-8fe1-a4de-af6d035c8b14">
      <Execution id="3baf4f2d-cca3-4b8b-a09b-88e6162bd825" />
      <TestMethod codeBase="D:\actions-runner\_work\XPCO\XPCO\EventServer\Server\Components\Central\VideoOS.EventServer.Events.EventStatusSubscriptionWsApi.UnitTest\bin\Debug\net472\VideoOS.EventServer.Events.EventStatusSubscriptionWsApi.UnitTest.dll" adapterTypeName="executor://mstestadapter/v2" className="VideoOS.EventServer.Events.EventStatusSubscriptionWsApi.UnitTest.AppConfigReaderTests" name="Given_ParamsAndValuesForEssConnectAuthorizationTimeoutSeconds_When_GetEssConnectAuthorizationTimeoutSeconds_Then_ExpectedIsReturned" />
    </UnitTest>
    <UnitTest name="Given_Nothing_When_SubscriptionAdded_Then_ASubscriptionIdIsReturned" storage="d:\actions-runner\_work\xpco\xpco\eventserver\server\components\central\videoos.eventserver.events.eventstatussubscriptionwsapi.unittest\bin\debug\net472\videoos.eventserver.events.eventstatussubscriptionwsapi.unittest.dll" id="69130c48-6b47-0224-8842-3c1652c8f273">
      <Execution id="99ac9acc-e34c-46b6-8f10-d255a031cdf5" />
      <TestMethod codeBase="D:\actions-runner\_work\XPCO\XPCO\EventServer\Server\Components\Central\VideoOS.EventServer.Events.EventStatusSubscriptionWsApi.UnitTest\bin\Debug\net472\VideoOS.EventServer.Events.EventStatusSubscriptionWsApi.UnitTest.dll" adapterTypeName="executor://mstestadapter/v2" className="VideoOS.EventServer.Events.EventStatusSubscriptionWsApi.UnitTest.SubscriptionRuleEngineTests" name="Given_Nothing_When_SubscriptionAdded_Then_ASubscriptionIdIsReturned" />
    </UnitTest>
    <UnitTest name="Given_SessionExistsAndIsInactive_When_GetOrCreate_Then_SessionIsReturned" storage="d:\actions-runner\_work\xpco\xpco\eventserver\server\components\central\videoos.eventserver.events.eventstatussubscriptionwsapi.unittest\bin\debug\net472\videoos.eventserver.events.eventstatussubscriptionwsapi.unittest.dll" id="1eee4f33-92b7-9018-6165-a17963f5aa42">
      <Execution id="7d54de52-6a77-4f51-bd42-5d45c3ba64f9" />
      <TestMethod codeBase="D:\actions-runner\_work\XPCO\XPCO\EventServer\Server\Components\Central\VideoOS.EventServer.Events.EventStatusSubscriptionWsApi.UnitTest\bin\Debug\net472\VideoOS.EventServer.Events.EventStatusSubscriptionWsApi.UnitTest.dll" adapterTypeName="executor://mstestadapter/v2" className="VideoOS.EventServer.Events.EventStatusSubscriptionWsApi.UnitTest.SessionCacheTests" name="Given_SessionExistsAndIsInactive_When_GetOrCreate_Then_SessionIsReturned" />
    </UnitTest>
    <UnitTest name="Given_MessageHandler_When_PushAsyncWithEvent_Then_ProcessMessageAsyncIsCalled" storage="d:\actions-runner\_work\xpco\xpco\eventserver\server\components\central\videoos.eventserver.events.eventstatussubscriptionwsapi.unittest\bin\debug\net472\videoos.eventserver.events.eventstatussubscriptionwsapi.unittest.dll" id="62ddb9e3-be5f-b22a-127d-2f9489fd7a03">
      <Execution id="32477ebe-2cf1-4a54-9270-6b0d971ec316" />
      <TestMethod codeBase="D:\actions-runner\_work\XPCO\XPCO\EventServer\Server\Components\Central\VideoOS.EventServer.Events.EventStatusSubscriptionWsApi.UnitTest\bin\Debug\net472\VideoOS.EventServer.Events.EventStatusSubscriptionWsApi.UnitTest.dll" adapterTypeName="executor://mstestadapter/v2" className="VideoOS.EventServer.Events.EventStatusSubscriptionWsApi.UnitTest.MessageHandlerTests" name="Given_MessageHandler_When_PushAsyncWithEvent_Then_ProcessMessageAsyncIsCalled" />
    </UnitTest>
    <UnitTest name="Given_EventsMessage_When_DeserilizeFromJson_Then_Succed" storage="d:\actions-runner\_work\xpco\xpco\eventserver\server\components\central\videoos.eventserver.events.eventstatussubscriptionwsapi.unittest\bin\debug\net472\videoos.eventserver.events.eventstatussubscriptionwsapi.unittest.dll" id="fa8c76aa-9af9-704a-4fa8-d3eee8da1a14">
      <Execution id="9ccce64f-7472-477a-be72-ae203a25e152" />
      <TestMethod codeBase="D:\actions-runner\_work\XPCO\XPCO\EventServer\Server\Components\Central\VideoOS.EventServer.Events.EventStatusSubscriptionWsApi.UnitTest\bin\Debug\net472\VideoOS.EventServer.Events.EventStatusSubscriptionWsApi.UnitTest.dll" adapterTypeName="executor://mstestadapter/v2" className="VideoOS.EventServer.Events.EventStatusSubscriptionWsApi.UnitTest.Protocol.EventsMessageTests" name="Given_EventsMessage_When_DeserilizeFromJson_Then_Succed" />
    </UnitTest>
    <UnitTest name="Given_ExposedEventWithAnalyticsData_When_Serialize_Then_NullPropertiesAreNotSerializedPropertiesNamedIdIsAllLowerCase" storage="d:\actions-runner\_work\xpco\xpco\eventserver\server\components\central\videoos.eventserver.events.eventstatussubscriptionwsapi.unittest\bin\debug\net472\videoos.eventserver.events.eventstatussubscriptionwsapi.unittest.dll" id="443ba165-3495-bc93-572f-03526dd196b4">
      <Execution id="a04b8e15-a361-497a-9268-dcd4dbe16446" />
      <TestMethod codeBase="D:\actions-runner\_work\XPCO\XPCO\EventServer\Server\Components\Central\VideoOS.EventServer.Events.EventStatusSubscriptionWsApi.UnitTest\bin\Debug\net472\VideoOS.EventServer.Events.EventStatusSubscriptionWsApi.UnitTest.dll" adapterTypeName="executor://mstestadapter/v2" className="VideoOS.EventServer.Events.EventStatusSubscriptionWsApi.UnitTest.Protocol.EventsMessageTests" name="Given_ExposedEventWithAnalyticsData_When_Serialize_Then_NullPropertiesAreNotSerializedPropertiesNamedIdIsAllLowerCase" />
    </UnitTest>
    <UnitTest name="Given_BadCommandFormat_When_Parsing_Then_400BadRequestResponse" storage="d:\actions-runner\_work\xpco\xpco\eventserver\server\components\central\videoos.eventserver.events.eventstatussubscriptionwsapi.unittest\bin\debug\net472\videoos.eventserver.events.eventstatussubscriptionwsapi.unittest.dll" id="581913c4-cfd7-5c26-9601-bebfe46e68ed">
      <Execution id="30a98b50-e759-42fc-a1c5-7050b2d6d71e" />
      <TestMethod codeBase="D:\actions-runner\_work\XPCO\XPCO\EventServer\Server\Components\Central\VideoOS.EventServer.Events.EventStatusSubscriptionWsApi.UnitTest\bin\Debug\net472\VideoOS.EventServer.Events.EventStatusSubscriptionWsApi.UnitTest.dll" adapterTypeName="executor://mstestadapter/v2" className="VideoOS.EventServer.Events.EventStatusSubscriptionWsApi.UnitTest.Protocol.BasicMessageParserUnitTests" name="Given_BadCommandFormat_When_Parsing_Then_400BadRequestResponse" />
    </UnitTest>
    <UnitTest name="Given_BadlyFormedJson_When_Parsing_Then_400BadRequestResponseFatalError" storage="d:\actions-runner\_work\xpco\xpco\eventserver\server\components\central\videoos.eventserver.events.eventstatussubscriptionwsapi.unittest\bin\debug\net472\videoos.eventserver.events.eventstatussubscriptionwsapi.unittest.dll" id="9dba7c0f-4e59-e2da-a35f-46a781b5af00">
      <Execution id="fcc01f98-7727-4cc3-a78f-39d402a12e5b" />
      <TestMethod codeBase="D:\actions-runner\_work\XPCO\XPCO\EventServer\Server\Components\Central\VideoOS.EventServer.Events.EventStatusSubscriptionWsApi.UnitTest\bin\Debug\net472\VideoOS.EventServer.Events.EventStatusSubscriptionWsApi.UnitTest.dll" adapterTypeName="executor://mstestadapter/v2" className="VideoOS.EventServer.Events.EventStatusSubscriptionWsApi.UnitTest.Protocol.BasicMessageParserUnitTests" name="Given_BadlyFormedJson_When_Parsing_Then_400BadRequestResponseFatalError" />
    </UnitTest>
    <UnitTest name="Given_MessageHandlerIsCreated_When_ValidateIsCalledWithoutAuthorizationHeaderAndAuthorizationCommandSentWithinTimeout_Then_NoDisconnectIsRequestedAfterTimeout" storage="d:\actions-runner\_work\xpco\xpco\eventserver\server\components\central\videoos.eventserver.events.eventstatussubscriptionwsapi.unittest\bin\debug\net472\videoos.eventserver.events.eventstatussubscriptionwsapi.unittest.dll" id="a4d04c57-a507-2cbe-786f-98ded8dc3ed2">
      <Execution id="5665e86e-59f9-4315-8f56-02d01bf0f9db" />
      <TestMethod codeBase="D:\actions-runner\_work\XPCO\XPCO\EventServer\Server\Components\Central\VideoOS.EventServer.Events.EventStatusSubscriptionWsApi.UnitTest\bin\Debug\net472\VideoOS.EventServer.Events.EventStatusSubscriptionWsApi.UnitTest.dll" adapterTypeName="executor://mstestadapter/v2" className="VideoOS.EventServer.Events.EventStatusSubscriptionWsApi.UnitTest.MessageHandlerTests" name="Given_MessageHandlerIsCreated_When_ValidateIsCalledWithoutAuthorizationHeaderAndAuthorizationCommandSentWithinTimeout_Then_NoDisconnectIsRequestedAfterTimeout" />
    </UnitTest>
    <UnitTest name="Given_ExposedEvent_When_Serialize_Then_TheEntireAllAttributeNamesAreLowercase_a_z_OrDigit_0_9" storage="d:\actions-runner\_work\xpco\xpco\eventserver\server\components\central\videoos.eventserver.events.eventstatussubscriptionwsapi.unittest\bin\debug\net472\videoos.eventserver.events.eventstatussubscriptionwsapi.unittest.dll" id="1dd525cf-618e-0666-32f8-2dda2373e5b3">
      <Execution id="67df86c1-ab55-4a3e-84d1-9e818e1f003d" />
      <TestMethod codeBase="D:\actions-runner\_work\XPCO\XPCO\EventServer\Server\Components\Central\VideoOS.EventServer.Events.EventStatusSubscriptionWsApi.UnitTest\bin\Debug\net472\VideoOS.EventServer.Events.EventStatusSubscriptionWsApi.UnitTest.dll" adapterTypeName="executor://mstestadapter/v2" className="VideoOS.EventServer.Events.EventStatusSubscriptionWsApi.UnitTest.Protocol.EventsMessageTests" name="Given_ExposedEvent_When_Serialize_Then_TheEntireAllAttributeNamesAreLowercase_a_z_OrDigit_0_9" />
    </UnitTest>
    <UnitTest name="Given_EssResumeSessionTimeoutSecondsKeyWithValueZero_When_GetEssResumeSessionTimeoutSeconds_Then_ZeroReturned" storage="d:\actions-runner\_work\xpco\xpco\eventserver\server\components\central\videoos.eventserver.events.eventstatussubscriptionwsapi.unittest\bin\debug\net472\videoos.eventserver.events.eventstatussubscriptionwsapi.unittest.dll" id="886acc91-59d5-7f60-5e03-1f12d5f64ef7">
      <Execution id="e57192bb-ad4d-4d58-b472-ad40d980407a" />
      <TestMethod codeBase="D:\actions-runner\_work\XPCO\XPCO\EventServer\Server\Components\Central\VideoOS.EventServer.Events.EventStatusSubscriptionWsApi.UnitTest\bin\Debug\net472\VideoOS.EventServer.Events.EventStatusSubscriptionWsApi.UnitTest.dll" adapterTypeName="executor://mstestadapter/v2" className="VideoOS.EventServer.Events.EventStatusSubscriptionWsApi.UnitTest.AppConfigReaderTests" name="Given_EssResumeSessionTimeoutSecondsKeyWithValueZero_When_GetEssResumeSessionTimeoutSeconds_Then_ZeroReturned" />
    </UnitTest>
    <UnitTest name="Given_ResourceTypes_Then_ParseShouldReturnTheId (Cameras,5135BA21-F1DC-4321-806A-6CE2017343C0)" storage="d:\actions-runner\_work\xpco\xpco\eventserver\server\components\central\videoos.eventserver.events.eventstatussubscriptionwsapi.unittest\bin\debug\net472\videoos.eventserver.events.eventstatussubscriptionwsapi.unittest.dll" id="9936d8fc-36f2-1232-dd42-3fed3ed610cc">
      <Execution id="03c5f567-db8f-467a-ad77-d1589d506b98" />
      <TestMethod codeBase="D:\actions-runner\_work\XPCO\XPCO\EventServer\Server\Components\Central\VideoOS.EventServer.Events.EventStatusSubscriptionWsApi.UnitTest\bin\Debug\net472\VideoOS.EventServer.Events.EventStatusSubscriptionWsApi.UnitTest.dll" adapterTypeName="executor://mstestadapter/v2" className="VideoOS.EventServer.Events.EventStatusSubscriptionWsApi.UnitTest.Protocol.ResourceTypeConverterUnitTests" name="Given_ResourceTypes_Then_ParseShouldReturnTheId" />
    </UnitTest>
    <UnitTest name="Given_Nothing_When_UserSidIsValidSid_Then_TypeIsWindowsUser" storage="d:\actions-runner\_work\xpco\xpco\eventserver\server\components\central\videoos.eventserver.events.eventstatussubscriptionwsapi.unittest\bin\debug\net472\videoos.eventserver.events.eventstatussubscriptionwsapi.unittest.dll" id="57086f39-ab8e-09a6-827b-ca94b12bb7fc">
      <Execution id="1b4ec619-064f-453e-9efd-391a27d78d16" />
      <TestMethod codeBase="D:\actions-runner\_work\XPCO\XPCO\EventServer\Server\Components\Central\VideoOS.EventServer.Events.EventStatusSubscriptionWsApi.UnitTest\bin\Debug\net472\VideoOS.EventServer.Events.EventStatusSubscriptionWsApi.UnitTest.dll" adapterTypeName="executor://mstestadapter/v2" className="VideoOS.EventServer.Events.EventStatusSubscriptionWsApi.UnitTest.UserWrapperTests" name="Given_Nothing_When_UserSidIsValidSid_Then_TypeIsWindowsUser" />
    </UnitTest>
    <UnitTest name="Given_Nothing_When_StateCacheIsDisposed_Then_ItUnsubscribesFromPusher" storage="d:\actions-runner\_work\xpco\xpco\eventserver\server\components\central\videoos.eventserver.events.eventstatussubscriptionwsapi.unittest\bin\debug\net472\videoos.eventserver.events.eventstatussubscriptionwsapi.unittest.dll" id="6d2dccb8-c17b-4d0c-535c-5073418f2efb">
      <Execution id="254b8df5-bc1e-4fe7-aad8-09d29ae1439e" />
      <TestMethod codeBase="D:\actions-runner\_work\XPCO\XPCO\EventServer\Server\Components\Central\VideoOS.EventServer.Events.EventStatusSubscriptionWsApi.UnitTest\bin\Debug\net472\VideoOS.EventServer.Events.EventStatusSubscriptionWsApi.UnitTest.dll" adapterTypeName="executor://mstestadapter/v2" className="VideoOS.EventServer.Events.EventStatusSubscriptionWsApi.UnitTest.StateCacheUnitTests" name="Given_Nothing_When_StateCacheIsDisposed_Then_ItUnsubscribesFromPusher" />
    </UnitTest>
    <UnitTest name="Given_Null_When_IsSubscribedIsCalled_Then_ExceptionIsThrown" storage="d:\actions-runner\_work\xpco\xpco\eventserver\server\components\central\videoos.eventserver.events.eventstatussubscriptionwsapi.unittest\bin\debug\net472\videoos.eventserver.events.eventstatussubscriptionwsapi.unittest.dll" id="deb905cf-a2a0-6941-04d3-858abc2fa886">
      <Execution id="6498d625-1dcf-4135-8560-e1eb8008a9cb" />
      <TestMethod codeBase="D:\actions-runner\_work\XPCO\XPCO\EventServer\Server\Components\Central\VideoOS.EventServer.Events.EventStatusSubscriptionWsApi.UnitTest\bin\Debug\net472\VideoOS.EventServer.Events.EventStatusSubscriptionWsApi.UnitTest.dll" adapterTypeName="executor://mstestadapter/v2" className="VideoOS.EventServer.Events.EventStatusSubscriptionWsApi.UnitTest.SubscriptionTests" name="Given_Null_When_IsSubscribedIsCalled_Then_ExceptionIsThrown" />
    </UnitTest>
    <UnitTest name="Given_StartSessionWithEventId_When_Parsing_Then_CommandIsReturned" storage="d:\actions-runner\_work\xpco\xpco\eventserver\server\components\central\videoos.eventserver.events.eventstatussubscriptionwsapi.unittest\bin\debug\net472\videoos.eventserver.events.eventstatussubscriptionwsapi.unittest.dll" id="c7334bd2-08fc-6f4e-61b6-5c29e6877bbe">
      <Execution id="2e916c3e-1b91-4b4f-92a7-97def5ccf935" />
      <TestMethod codeBase="D:\actions-runner\_work\XPCO\XPCO\EventServer\Server\Components\Central\VideoOS.EventServer.Events.EventStatusSubscriptionWsApi.UnitTest\bin\Debug\net472\VideoOS.EventServer.Events.EventStatusSubscriptionWsApi.UnitTest.dll" adapterTypeName="executor://mstestadapter/v2" className="VideoOS.EventServer.Events.EventStatusSubscriptionWsApi.UnitTest.Protocol.StartSessionMessageParserUnitTests" name="Given_StartSessionWithEventId_When_Parsing_Then_CommandIsReturned" />
    </UnitTest>
    <UnitTest name="Given_SubscriptionIdNotValidGuid_When_Parsing_Then_400BadRequestInvalidArgumentsReturned" storage="d:\actions-runner\_work\xpco\xpco\eventserver\server\components\central\videoos.eventserver.events.eventstatussubscriptionwsapi.unittest\bin\debug\net472\videoos.eventserver.events.eventstatussubscriptionwsapi.unittest.dll" id="ac5a3b6c-8792-acd8-e85e-8cc8e5d22d05">
      <Execution id="56fbccc4-639f-4a12-b027-b80f4bcdf239" />
      <TestMethod codeBase="D:\actions-runner\_work\XPCO\XPCO\EventServer\Server\Components\Central\VideoOS.EventServer.Events.EventStatusSubscriptionWsApi.UnitTest\bin\Debug\net472\VideoOS.EventServer.Events.EventStatusSubscriptionWsApi.UnitTest.dll" adapterTypeName="executor://mstestadapter/v2" className="VideoOS.EventServer.Events.EventStatusSubscriptionWsApi.UnitTest.Protocol.RemoveSubscriptionMessageParserUnitTest" name="Given_SubscriptionIdNotValidGuid_When_Parsing_Then_400BadRequestInvalidArgumentsReturned" />
    </UnitTest>
    <UnitTest name="Given_ProperRemoveSubscriptionCommand_When_Parsing_Then_200OKAndRemoveSubscriptionObjectReturned" storage="d:\actions-runner\_work\xpco\xpco\eventserver\server\components\central\videoos.eventserver.events.eventstatussubscriptionwsapi.unittest\bin\debug\net472\videoos.eventserver.events.eventstatussubscriptionwsapi.unittest.dll" id="b697e546-a056-254c-e398-3d48dc7aefd3">
      <Execution id="040e9754-8180-4665-9833-c6404f7491f2" />
      <TestMethod codeBase="D:\actions-runner\_work\XPCO\XPCO\EventServer\Server\Components\Central\VideoOS.EventServer.Events.EventStatusSubscriptionWsApi.UnitTest\bin\Debug\net472\VideoOS.EventServer.Events.EventStatusSubscriptionWsApi.UnitTest.dll" adapterTypeName="executor://mstestadapter/v2" className="VideoOS.EventServer.Events.EventStatusSubscriptionWsApi.UnitTest.Protocol.RemoveSubscriptionMessageParserUnitTest" name="Given_ProperRemoveSubscriptionCommand_When_Parsing_Then_200OKAndRemoveSubscriptionObjectReturned" />
    </UnitTest>
    <UnitTest name="Given_NoCommandId_When_Parsing_Then_400BadRequestResponseFatalError" storage="d:\actions-runner\_work\xpco\xpco\eventserver\server\components\central\videoos.eventserver.events.eventstatussubscriptionwsapi.unittest\bin\debug\net472\videoos.eventserver.events.eventstatussubscriptionwsapi.unittest.dll" id="4d88f499-64c4-cc5c-d594-ad7b8c2afd74">
      <Execution id="bbec8884-aa01-400b-b8cb-b2a61f0a206f" />
      <TestMethod codeBase="D:\actions-runner\_work\XPCO\XPCO\EventServer\Server\Components\Central\VideoOS.EventServer.Events.EventStatusSubscriptionWsApi.UnitTest\bin\Debug\net472\VideoOS.EventServer.Events.EventStatusSubscriptionWsApi.UnitTest.dll" adapterTypeName="executor://mstestadapter/v2" className="VideoOS.EventServer.Events.EventStatusSubscriptionWsApi.UnitTest.Protocol.BasicMessageParserUnitTests" name="Given_NoCommandId_When_Parsing_Then_400BadRequestResponseFatalError" />
    </UnitTest>
    <UnitTest name="Given_Rules_IsSubscribedStateIsCalled_Then_IsSubscribedReturnsTheResult (ABBBB6C3-DFBD-4439-86F3-DC71C5BB39A1,Exclude,C26708C1-6BD7-4B77-BE0D-FB30FDC2055D,True)" storage="d:\actions-runner\_work\xpco\xpco\eventserver\server\components\central\videoos.eventserver.events.eventstatussubscriptionwsapi.unittest\bin\debug\net472\videoos.eventserver.events.eventstatussubscriptionwsapi.unittest.dll" id="a664b755-27f4-da71-042a-b2043df80cd0">
      <Execution id="931c27b9-3f8b-41fb-bcc5-448ea22c7c7c" />
      <TestMethod codeBase="D:\actions-runner\_work\XPCO\XPCO\EventServer\Server\Components\Central\VideoOS.EventServer.Events.EventStatusSubscriptionWsApi.UnitTest\bin\Debug\net472\VideoOS.EventServer.Events.EventStatusSubscriptionWsApi.UnitTest.dll" adapterTypeName="executor://mstestadapter/v2" className="VideoOS.EventServer.Events.EventStatusSubscriptionWsApi.UnitTest.SubscriptionTests" name="Given_Rules_IsSubscribedStateIsCalled_Then_IsSubscribedReturnsTheResult" />
    </UnitTest>
    <UnitTest name="Given_NoCommand_When_Parsing_Then_400BadRequestResponseWithProperCommandId" storage="d:\actions-runner\_work\xpco\xpco\eventserver\server\components\central\videoos.eventserver.events.eventstatussubscriptionwsapi.unittest\bin\debug\net472\videoos.eventserver.events.eventstatussubscriptionwsapi.unittest.dll" id="1a022045-6931-1daf-eef1-9605781f6de4">
      <Execution id="ee3bde25-8dc0-4f79-ba2f-9160da31c1e7" />
      <TestMethod codeBase="D:\actions-runner\_work\XPCO\XPCO\EventServer\Server\Components\Central\VideoOS.EventServer.Events.EventStatusSubscriptionWsApi.UnitTest\bin\Debug\net472\VideoOS.EventServer.Events.EventStatusSubscriptionWsApi.UnitTest.dll" adapterTypeName="executor://mstestadapter/v2" className="VideoOS.EventServer.Events.EventStatusSubscriptionWsApi.UnitTest.Protocol.BasicMessageParserUnitTests" name="Given_NoCommand_When_Parsing_Then_400BadRequestResponseWithProperCommandId" />
    </UnitTest>
    <UnitTest name="Given_SubscriptionIdEmptyGuid_When_Parsing_Then_400BadRequestInvalidArgumentsReturned" storage="d:\actions-runner\_work\xpco\xpco\eventserver\server\components\central\videoos.eventserver.events.eventstatussubscriptionwsapi.unittest\bin\debug\net472\videoos.eventserver.events.eventstatussubscriptionwsapi.unittest.dll" id="14d607be-ff13-1e7d-d02b-70da6282f27b">
      <Execution id="5134e7cf-dfec-4bb9-a047-628bb6ace8e1" />
      <TestMethod codeBase="D:\actions-runner\_work\XPCO\XPCO\EventServer\Server\Components\Central\VideoOS.EventServer.Events.EventStatusSubscriptionWsApi.UnitTest\bin\Debug\net472\VideoOS.EventServer.Events.EventStatusSubscriptionWsApi.UnitTest.dll" adapterTypeName="executor://mstestadapter/v2" className="VideoOS.EventServer.Events.EventStatusSubscriptionWsApi.UnitTest.Protocol.RemoveSubscriptionMessageParserUnitTest" name="Given_SubscriptionIdEmptyGuid_When_Parsing_Then_400BadRequestInvalidArgumentsReturned" />
    </UnitTest>
    <UnitTest name="Given_ResumeSession_When_Mapping_Then_ASessionIdIsGuidEventIdIsDefault" storage="d:\actions-runner\_work\xpco\xpco\eventserver\server\components\central\videoos.eventserver.events.eventstatussubscriptionwsapi.unittest\bin\debug\net472\videoos.eventserver.events.eventstatussubscriptionwsapi.unittest.dll" id="2fb60441-b8ca-a1cd-4ec5-1ef5fd42e809">
      <Execution id="5e11451a-aba3-4d96-bf9f-c1c3b745f4f8" />
      <TestMethod codeBase="D:\actions-runner\_work\XPCO\XPCO\EventServer\Server\Components\Central\VideoOS.EventServer.Events.EventStatusSubscriptionWsApi.UnitTest\bin\Debug\net472\VideoOS.EventServer.Events.EventStatusSubscriptionWsApi.UnitTest.dll" adapterTypeName="executor://mstestadapter/v2" className="VideoOS.EventServer.Events.EventStatusSubscriptionWsApi.UnitTest.Protocol.SessionMapperTests" name="Given_ResumeSession_When_Mapping_Then_ASessionIdIsGuidEventIdIsDefault" />
    </UnitTest>
    <UnitTest name="Given_Nothing_When_UserSidIsInvalidSid_Then_UnknownIdentityType" storage="d:\actions-runner\_work\xpco\xpco\eventserver\server\components\central\videoos.eventserver.events.eventstatussubscriptionwsapi.unittest\bin\debug\net472\videoos.eventserver.events.eventstatussubscriptionwsapi.unittest.dll" id="eeb5ac1e-1bb9-1820-7491-a59f060b4245">
      <Execution id="c9703887-aaf4-4852-a698-6c8b1478e3f6" />
      <TestMethod codeBase="D:\actions-runner\_work\XPCO\XPCO\EventServer\Server\Components\Central\VideoOS.EventServer.Events.EventStatusSubscriptionWsApi.UnitTest\bin\Debug\net472\VideoOS.EventServer.Events.EventStatusSubscriptionWsApi.UnitTest.dll" adapterTypeName="executor://mstestadapter/v2" className="VideoOS.EventServer.Events.EventStatusSubscriptionWsApi.UnitTest.UserWrapperTests" name="Given_Nothing_When_UserSidIsInvalidSid_Then_UnknownIdentityType" />
    </UnitTest>
    <UnitTest name="Given_EventsMessage_When_SerializeObject_Then_Succed" storage="d:\actions-runner\_work\xpco\xpco\eventserver\server\components\central\videoos.eventserver.events.eventstatussubscriptionwsapi.unittest\bin\debug\net472\videoos.eventserver.events.eventstatussubscriptionwsapi.unittest.dll" id="4e5ef586-508b-3b2e-2a84-792eb7741207">
      <Execution id="1aa08899-5d87-4e94-bbdd-998e70ff368b" />
      <TestMethod codeBase="D:\actions-runner\_work\XPCO\XPCO\EventServer\Server\Components\Central\VideoOS.EventServer.Events.EventStatusSubscriptionWsApi.UnitTest\bin\Debug\net472\VideoOS.EventServer.Events.EventStatusSubscriptionWsApi.UnitTest.dll" adapterTypeName="executor://mstestadapter/v2" className="VideoOS.EventServer.Events.EventStatusSubscriptionWsApi.UnitTest.Protocol.EventsMessageTests" name="Given_EventsMessage_When_SerializeObject_Then_Succed" />
    </UnitTest>
    <UnitTest name="Given_CommandIdDecimalNumber_When_Parsing_Then_400BadRequestInvalidArgumentsReturned" storage="d:\actions-runner\_work\xpco\xpco\eventserver\server\components\central\videoos.eventserver.events.eventstatussubscriptionwsapi.unittest\bin\debug\net472\videoos.eventserver.events.eventstatussubscriptionwsapi.unittest.dll" id="7b06f581-1ccc-6701-d74a-400b5542513f">
      <Execution id="5aece4b4-78df-4a56-aca3-16be90c97a7a" />
      <TestMethod codeBase="D:\actions-runner\_work\XPCO\XPCO\EventServer\Server\Components\Central\VideoOS.EventServer.Events.EventStatusSubscriptionWsApi.UnitTest\bin\Debug\net472\VideoOS.EventServer.Events.EventStatusSubscriptionWsApi.UnitTest.dll" adapterTypeName="executor://mstestadapter/v2" className="VideoOS.EventServer.Events.EventStatusSubscriptionWsApi.UnitTest.Protocol.AddSubscriptionMessageParserUnitTests" name="Given_CommandIdDecimalNumber_When_Parsing_Then_400BadRequestInvalidArgumentsReturned" />
    </UnitTest>
    <UnitTest name="Given_Rules_IsSubscribedIsCalled_Then_IsSubscribedReturnsTheResult (4EF04DAE-3C18-4BAD-A730-42F6F293E700,Include,,4EF04DAE-3C18-4BAD-A730-42F6F293E700,,True)" storage="d:\actions-runner\_work\xpco\xpco\eventserver\server\components\central\videoos.eventserver.events.eventstatussubscriptionwsapi.unittest\bin\debug\net472\videoos.eventserver.events.eventstatussubscriptionwsapi.unittest.dll" id="574b2f8f-cafd-7669-fb7d-d3336a80f13a">
      <Execution id="07db6e60-5531-4cd4-9e74-2ec1c4ec6ea7" />
      <TestMethod codeBase="D:\actions-runner\_work\XPCO\XPCO\EventServer\Server\Components\Central\VideoOS.EventServer.Events.EventStatusSubscriptionWsApi.UnitTest\bin\Debug\net472\VideoOS.EventServer.Events.EventStatusSubscriptionWsApi.UnitTest.dll" adapterTypeName="executor://mstestadapter/v2" className="VideoOS.EventServer.Events.EventStatusSubscriptionWsApi.UnitTest.SubscriptionTests" name="Given_Rules_IsSubscribedIsCalled_Then_IsSubscribedReturnsTheResult" />
    </UnitTest>
    <UnitTest name="Given_StartSession_When_Mapping_Then_ASessionIdAndEventIdIsDefault" storage="d:\actions-runner\_work\xpco\xpco\eventserver\server\components\central\videoos.eventserver.events.eventstatussubscriptionwsapi.unittest\bin\debug\net472\videoos.eventserver.events.eventstatussubscriptionwsapi.unittest.dll" id="6507f808-c9e1-3403-0216-cd8d28b5f232">
      <Execution id="34c5ee16-a249-4c83-b202-4d77b5631741" />
      <TestMethod codeBase="D:\actions-runner\_work\XPCO\XPCO\EventServer\Server\Components\Central\VideoOS.EventServer.Events.EventStatusSubscriptionWsApi.UnitTest\bin\Debug\net472\VideoOS.EventServer.Events.EventStatusSubscriptionWsApi.UnitTest.dll" adapterTypeName="executor://mstestadapter/v2" className="VideoOS.EventServer.Events.EventStatusSubscriptionWsApi.UnitTest.Protocol.CommandMapperTests" name="Given_StartSession_When_Mapping_Then_ASessionIdAndEventIdIsDefault" />
    </UnitTest>
    <UnitTest name="Given_SubscriptionAdded_When_EventThatMatchesFilter_Then_IsSubscribedTrue" storage="d:\actions-runner\_work\xpco\xpco\eventserver\server\components\central\videoos.eventserver.events.eventstatussubscriptionwsapi.unittest\bin\debug\net472\videoos.eventserver.events.eventstatussubscriptionwsapi.unittest.dll" id="d9c383ec-2b9a-9077-f8dd-a7d50a9778d4">
      <Execution id="24baeb1d-4c3c-4aa0-92e1-29cefde6a01e" />
      <TestMethod codeBase="D:\actions-runner\_work\XPCO\XPCO\EventServer\Server\Components\Central\VideoOS.EventServer.Events.EventStatusSubscriptionWsApi.UnitTest\bin\Debug\net472\VideoOS.EventServer.Events.EventStatusSubscriptionWsApi.UnitTest.dll" adapterTypeName="executor://mstestadapter/v2" className="VideoOS.EventServer.Events.EventStatusSubscriptionWsApi.UnitTest.SubscriptionRuleEngineTests" name="Given_SubscriptionAdded_When_EventThatMatchesFilter_Then_IsSubscribedTrue" />
    </UnitTest>
    <UnitTest name="Given_SessionHasTimedout_When_GetOrCreate_Then_ANewSessionIsReturned" storage="d:\actions-runner\_work\xpco\xpco\eventserver\server\components\central\videoos.eventserver.events.eventstatussubscriptionwsapi.unittest\bin\debug\net472\videoos.eventserver.events.eventstatussubscriptionwsapi.unittest.dll" id="e8528be5-b85a-9a64-e355-41b2eb647d3a">
      <Execution id="5425235e-b5c5-425f-a0d8-9a73c581bdcf" />
      <TestMethod codeBase="D:\actions-runner\_work\XPCO\XPCO\EventServer\Server\Components\Central\VideoOS.EventServer.Events.EventStatusSubscriptionWsApi.UnitTest\bin\Debug\net472\VideoOS.EventServer.Events.EventStatusSubscriptionWsApi.UnitTest.dll" adapterTypeName="executor://mstestadapter/v2" className="VideoOS.EventServer.Events.EventStatusSubscriptionWsApi.UnitTest.SessionCacheTests" name="Given_SessionHasTimedout_When_GetOrCreate_Then_ANewSessionIsReturned" />
    </UnitTest>
    <UnitTest name="Given_IncludeRuleWithSourceId_When_IsSubscribedIsCalledWhereTheEventSourceHasNoId_Then_IsSubscribedIsTrue" storage="d:\actions-runner\_work\xpco\xpco\eventserver\server\components\central\videoos.eventserver.events.eventstatussubscriptionwsapi.unittest\bin\debug\net472\videoos.eventserver.events.eventstatussubscriptionwsapi.unittest.dll" id="8e6126a9-8a85-34a6-7edd-6aad8e81bb40">
      <Execution id="9fdb3a0d-da56-4d75-ae86-37f8af196b0e" />
      <TestMethod codeBase="D:\actions-runner\_work\XPCO\XPCO\EventServer\Server\Components\Central\VideoOS.EventServer.Events.EventStatusSubscriptionWsApi.UnitTest\bin\Debug\net472\VideoOS.EventServer.Events.EventStatusSubscriptionWsApi.UnitTest.dll" adapterTypeName="executor://mstestadapter/v2" className="VideoOS.EventServer.Events.EventStatusSubscriptionWsApi.UnitTest.SubscriptionTests" name="Given_IncludeRuleWithSourceId_When_IsSubscribedIsCalledWhereTheEventSourceHasNoId_Then_IsSubscribedIsTrue" />
    </UnitTest>
    <UnitTest name="Given_Event_When_ToExposedEvent_Then_ExposedEventCreatedCorrectly" storage="d:\actions-runner\_work\xpco\xpco\eventserver\server\components\central\videoos.eventserver.events.eventstatussubscriptionwsapi.unittest\bin\debug\net472\videoos.eventserver.events.eventstatussubscriptionwsapi.unittest.dll" id="c3639fcf-9e7c-c54f-2d7d-59155cbd5a63">
      <Execution id="591def6f-0ab2-4d41-9361-99f4c1880aa3" />
      <TestMethod codeBase="D:\actions-runner\_work\XPCO\XPCO\EventServer\Server\Components\Central\VideoOS.EventServer.Events.EventStatusSubscriptionWsApi.UnitTest\bin\Debug\net472\VideoOS.EventServer.Events.EventStatusSubscriptionWsApi.UnitTest.dll" adapterTypeName="executor://mstestadapter/v2" className="VideoOS.EventServer.Events.EventStatusSubscriptionWsApi.UnitTest.Protocol.EventMapperTests" name="Given_Event_When_ToExposedEvent_Then_ExposedEventCreatedCorrectly" />
    </UnitTest>
    <UnitTest name="Given_Rules_IsSubscribedStateIsCalled_Then_IsSubscribedReturnsTheResult (ABBBB6C3-DFBD-4439-86F3-DC71C5BB39A1,Exclude,15C28E95-285D-47F7-95E2-976DEC10D2D4,True)" storage="d:\actions-runner\_work\xpco\xpco\eventserver\server\components\central\videoos.eventserver.events.eventstatussubscriptionwsapi.unittest\bin\debug\net472\videoos.eventserver.events.eventstatussubscriptionwsapi.unittest.dll" id="1f4a2205-5f2b-3ebd-cf78-6856543ffcfc">
      <Execution id="808cbe0a-3eaf-4e54-b5d6-c850749b408f" />
      <TestMethod codeBase="D:\actions-runner\_work\XPCO\XPCO\EventServer\Server\Components\Central\VideoOS.EventServer.Events.EventStatusSubscriptionWsApi.UnitTest\bin\Debug\net472\VideoOS.EventServer.Events.EventStatusSubscriptionWsApi.UnitTest.dll" adapterTypeName="executor://mstestadapter/v2" className="VideoOS.EventServer.Events.EventStatusSubscriptionWsApi.UnitTest.SubscriptionTests" name="Given_Rules_IsSubscribedStateIsCalled_Then_IsSubscribedReturnsTheResult" />
    </UnitTest>
    <UnitTest name="Given_StartSessionWithoutSessionId_When_Parsing_Then_CommandIsReturned" storage="d:\actions-runner\_work\xpco\xpco\eventserver\server\components\central\videoos.eventserver.events.eventstatussubscriptionwsapi.unittest\bin\debug\net472\videoos.eventserver.events.eventstatussubscriptionwsapi.unittest.dll" id="329b8388-0c3e-b165-4696-a2bcdcd89b43">
      <Execution id="d0d3cac9-6172-4b6b-8d7c-d51503256810" />
      <TestMethod codeBase="D:\actions-runner\_work\XPCO\XPCO\EventServer\Server\Components\Central\VideoOS.EventServer.Events.EventStatusSubscriptionWsApi.UnitTest\bin\Debug\net472\VideoOS.EventServer.Events.EventStatusSubscriptionWsApi.UnitTest.dll" adapterTypeName="executor://mstestadapter/v2" className="VideoOS.EventServer.Events.EventStatusSubscriptionWsApi.UnitTest.Protocol.StartSessionMessageParserUnitTests" name="Given_StartSessionWithoutSessionId_When_Parsing_Then_CommandIsReturned" />
    </UnitTest>
    <UnitTest name="Given_Nothing_When_AnyEvent_Then_IsSubscribedFalse" storage="d:\actions-runner\_work\xpco\xpco\eventserver\server\components\central\videoos.eventserver.events.eventstatussubscriptionwsapi.unittest\bin\debug\net472\videoos.eventserver.events.eventstatussubscriptionwsapi.unittest.dll" id="029f8264-8dd8-7c55-ccbc-cf1a4f568059">
      <Execution id="5f29a25c-4685-4780-8e8c-06c042c71a94" />
      <TestMethod codeBase="D:\actions-runner\_work\XPCO\XPCO\EventServer\Server\Components\Central\VideoOS.EventServer.Events.EventStatusSubscriptionWsApi.UnitTest\bin\Debug\net472\VideoOS.EventServer.Events.EventStatusSubscriptionWsApi.UnitTest.dll" adapterTypeName="executor://mstestadapter/v2" className="VideoOS.EventServer.Events.EventStatusSubscriptionWsApi.UnitTest.SubscriptionRuleEngineTests" name="Given_Nothing_When_AnyEvent_Then_IsSubscribedFalse" />
    </UnitTest>
    <UnitTest name="Given_Nothing_When_CallingCreateOnTheMessageHandlerFactory_Then_AMessagehandlerIsCreated" storage="d:\actions-runner\_work\xpco\xpco\eventserver\server\components\central\videoos.eventserver.events.eventstatussubscriptionwsapi.unittest\bin\debug\net472\videoos.eventserver.events.eventstatussubscriptionwsapi.unittest.dll" id="f470f3be-cbb4-4884-ce73-3815b9db8202">
      <Execution id="23039b97-d05b-4c53-8659-ff0f5d9f7cba" />
      <TestMethod codeBase="D:\actions-runner\_work\XPCO\XPCO\EventServer\Server\Components\Central\VideoOS.EventServer.Events.EventStatusSubscriptionWsApi.UnitTest\bin\Debug\net472\VideoOS.EventServer.Events.EventStatusSubscriptionWsApi.UnitTest.dll" adapterTypeName="executor://mstestadapter/v2" className="VideoOS.EventServer.Events.EventStatusSubscriptionWsApi.UnitTest.MessageHandlerTests" name="Given_Nothing_When_CallingCreateOnTheMessageHandlerFactory_Then_AMessagehandlerIsCreated" />
    </UnitTest>
    <UnitTest name="Given_EventsInCacheAfterWaitingForEvents_When_ResumingFromExistingEvent_Then_GetRecentEventsReturnsCachedEvents" storage="d:\actions-runner\_work\xpco\xpco\eventserver\server\components\central\videoos.eventserver.events.eventstatussubscriptionwsapi.unittest\bin\debug\net472\videoos.eventserver.events.eventstatussubscriptionwsapi.unittest.dll" id="f759bd97-980f-b14d-c0d8-3d20ffae820c">
      <Execution id="43933a3c-1b17-4ced-875f-9822b85efaa5" />
      <TestMethod codeBase="D:\actions-runner\_work\XPCO\XPCO\EventServer\Server\Components\Central\VideoOS.EventServer.Events.EventStatusSubscriptionWsApi.UnitTest\bin\Debug\net472\VideoOS.EventServer.Events.EventStatusSubscriptionWsApi.UnitTest.dll" adapterTypeName="executor://mstestadapter/v2" className="VideoOS.EventServer.Events.EventStatusSubscriptionWsApi.UnitTest.EventCacheTests" name="Given_EventsInCacheAfterWaitingForEvents_When_ResumingFromExistingEvent_Then_GetRecentEventsReturnsCachedEvents" />
    </UnitTest>
    <UnitTest name="Given_Nothing_When_PusherIsLocked_Then_EventsWillBeHeldBackUntilLockIsDisposed" storage="d:\actions-runner\_work\xpco\xpco\eventserver\server\components\central\videoos.eventserver.events.eventstatussubscriptionwsapi.unittest\bin\debug\net472\videoos.eventserver.events.eventstatussubscriptionwsapi.unittest.dll" id="72ea1e3a-e8ec-a352-2083-f5b0e29e730a">
      <Execution id="e067d5e9-406a-46ce-9e44-359fa7fa221a" />
      <TestMethod codeBase="D:\actions-runner\_work\XPCO\XPCO\EventServer\Server\Components\Central\VideoOS.EventServer.Events.EventStatusSubscriptionWsApi.UnitTest\bin\Debug\net472\VideoOS.EventServer.Events.EventStatusSubscriptionWsApi.UnitTest.dll" adapterTypeName="executor://mstestadapter/v2" className="VideoOS.EventServer.Events.EventStatusSubscriptionWsApi.UnitTest.EventAndStatePusherTests" name="Given_Nothing_When_PusherIsLocked_Then_EventsWillBeHeldBackUntilLockIsDisposed" />
    </UnitTest>
    <UnitTest name="Given_Rules_IsSubscribedIsCalled_Then_IsSubscribedReturnsTheResult (D0D2FE84-1C92-44C5-9EE3-AFCEA6415F30,Exclude,,,4EF04DAE-3C18-4BAD-A730-42F6F293E700,True)" storage="d:\actions-runner\_work\xpco\xpco\eventserver\server\components\central\videoos.eventserver.events.eventstatussubscriptionwsapi.unittest\bin\debug\net472\videoos.eventserver.events.eventstatussubscriptionwsapi.unittest.dll" id="b47c2cfd-a74b-c954-bd88-3779258e52fd">
      <Execution id="97e3b28b-b39e-42c2-872c-299e7d96cb22" />
      <TestMethod codeBase="D:\actions-runner\_work\XPCO\XPCO\EventServer\Server\Components\Central\VideoOS.EventServer.Events.EventStatusSubscriptionWsApi.UnitTest\bin\Debug\net472\VideoOS.EventServer.Events.EventStatusSubscriptionWsApi.UnitTest.dll" adapterTypeName="executor://mstestadapter/v2" className="VideoOS.EventServer.Events.EventStatusSubscriptionWsApi.UnitTest.SubscriptionTests" name="Given_Rules_IsSubscribedIsCalled_Then_IsSubscribedReturnsTheResult" />
    </UnitTest>
    <UnitTest name="Given_MessageHandler_When_PushAsyncCalldTwice_Then_MessagSequenceIsCorrect" storage="d:\actions-runner\_work\xpco\xpco\eventserver\server\components\central\videoos.eventserver.events.eventstatussubscriptionwsapi.unittest\bin\debug\net472\videoos.eventserver.events.eventstatussubscriptionwsapi.unittest.dll" id="646b8f42-decd-5593-6e73-660cc3b2534d">
      <Execution id="c65e6b6a-14ea-44ac-9137-04b15071ecb3" />
      <TestMethod codeBase="D:\actions-runner\_work\XPCO\XPCO\EventServer\Server\Components\Central\VideoOS.EventServer.Events.EventStatusSubscriptionWsApi.UnitTest\bin\Debug\net472\VideoOS.EventServer.Events.EventStatusSubscriptionWsApi.UnitTest.dll" adapterTypeName="executor://mstestadapter/v2" className="VideoOS.EventServer.Events.EventStatusSubscriptionWsApi.UnitTest.MessageHandlerTests" name="Given_MessageHandler_When_PushAsyncCalldTwice_Then_MessagSequenceIsCorrect" />
    </UnitTest>
    <UnitTest name="Given_Nothing_When_AStateFullEventIsPushedMultipleTimesInTheSamePush_Then_TheLastStateInTheCollectionIsStoredInTheCache" storage="d:\actions-runner\_work\xpco\xpco\eventserver\server\components\central\videoos.eventserver.events.eventstatussubscriptionwsapi.unittest\bin\debug\net472\videoos.eventserver.events.eventstatussubscriptionwsapi.unittest.dll" id="8fd20424-1827-93f4-e482-848d3e7f0278">
      <Execution id="de2d59d5-2950-483b-81cd-532a83a909f5" />
      <TestMethod codeBase="D:\actions-runner\_work\XPCO\XPCO\EventServer\Server\Components\Central\VideoOS.EventServer.Events.EventStatusSubscriptionWsApi.UnitTest\bin\Debug\net472\VideoOS.EventServer.Events.EventStatusSubscriptionWsApi.UnitTest.dll" adapterTypeName="executor://mstestadapter/v2" className="VideoOS.EventServer.Events.EventStatusSubscriptionWsApi.UnitTest.StateCacheUnitTests" name="Given_Nothing_When_AStateFullEventIsPushedMultipleTimesInTheSamePush_Then_TheLastStateInTheCollectionIsStoredInTheCache" />
    </UnitTest>
    <UnitTest name="Given_Event_When_ToState_ThenStateIsCreatedCorrectly" storage="d:\actions-runner\_work\xpco\xpco\eventserver\server\components\central\videoos.eventserver.events.eventstatussubscriptionwsapi.unittest\bin\debug\net472\videoos.eventserver.events.eventstatussubscriptionwsapi.unittest.dll" id="06a83446-ab5d-f9d1-38d7-8cbf57b3df82">
      <Execution id="7d2e514d-e0e8-4499-bf31-e49211793e1a" />
      <TestMethod codeBase="D:\actions-runner\_work\XPCO\XPCO\EventServer\Server\Components\Central\VideoOS.EventServer.Events.EventStatusSubscriptionWsApi.UnitTest\bin\Debug\net472\VideoOS.EventServer.Events.EventStatusSubscriptionWsApi.UnitTest.dll" adapterTypeName="executor://mstestadapter/v2" className="VideoOS.EventServer.Events.EventStatusSubscriptionWsApi.UnitTest.Protocol.EventStateMapperTests" name="Given_Event_When_ToState_ThenStateIsCreatedCorrectly" />
    </UnitTest>
    <UnitTest name="Given_WildcardAlongWithOhterSpecifier_When_Parsing_Then_400BadRequestInvalidArgumentsReturned" storage="d:\actions-runner\_work\xpco\xpco\eventserver\server\components\central\videoos.eventserver.events.eventstatussubscriptionwsapi.unittest\bin\debug\net472\videoos.eventserver.events.eventstatussubscriptionwsapi.unittest.dll" id="614e977e-8164-1974-f844-e7e9e5f18ba0">
      <Execution id="87b6a899-3d22-49f1-9547-947688a0693a" />
      <TestMethod codeBase="D:\actions-runner\_work\XPCO\XPCO\EventServer\Server\Components\Central\VideoOS.EventServer.Events.EventStatusSubscriptionWsApi.UnitTest\bin\Debug\net472\VideoOS.EventServer.Events.EventStatusSubscriptionWsApi.UnitTest.dll" adapterTypeName="executor://mstestadapter/v2" className="VideoOS.EventServer.Events.EventStatusSubscriptionWsApi.UnitTest.Protocol.AddSubscriptionMessageParserUnitTests" name="Given_WildcardAlongWithOhterSpecifier_When_Parsing_Then_400BadRequestInvalidArgumentsReturned" />
    </UnitTest>
    <UnitTest name="Given_StartSessionWithInvalidEventId_When_Parsing_Then_ErrorIsReturned" storage="d:\actions-runner\_work\xpco\xpco\eventserver\server\components\central\videoos.eventserver.events.eventstatussubscriptionwsapi.unittest\bin\debug\net472\videoos.eventserver.events.eventstatussubscriptionwsapi.unittest.dll" id="ca6de712-cccd-e22a-7ab5-7d82b6d46442">
      <Execution id="a79b2b93-5014-4842-b55a-ee2dacbcb9c0" />
      <TestMethod codeBase="D:\actions-runner\_work\XPCO\XPCO\EventServer\Server\Components\Central\VideoOS.EventServer.Events.EventStatusSubscriptionWsApi.UnitTest\bin\Debug\net472\VideoOS.EventServer.Events.EventStatusSubscriptionWsApi.UnitTest.dll" adapterTypeName="executor://mstestadapter/v2" className="VideoOS.EventServer.Events.EventStatusSubscriptionWsApi.UnitTest.Protocol.StartSessionMessageParserUnitTests" name="Given_StartSessionWithInvalidEventId_When_Parsing_Then_ErrorIsReturned" />
    </UnitTest>
    <UnitTest name="Given_Rules_IsSubscribedIsCalled_Then_IsSubscribedReturnsTheResult (D0D2FE84-1C92-44C5-9EE3-AFCEA6415F30,Include,,4EF04DAE-3C18-4BAD-A730-42F6F293E700,,False)" storage="d:\actions-runner\_work\xpco\xpco\eventserver\server\components\central\videoos.eventserver.events.eventstatussubscriptionwsapi.unittest\bin\debug\net472\videoos.eventserver.events.eventstatussubscriptionwsapi.unittest.dll" id="81aa6ddd-6b6e-20cb-fe97-9fe4af4ac5e9">
      <Execution id="1e3f7878-6aea-4510-9342-ecdef886d480" />
      <TestMethod codeBase="D:\actions-runner\_work\XPCO\XPCO\EventServer\Server\Components\Central\VideoOS.EventServer.Events.EventStatusSubscriptionWsApi.UnitTest\bin\Debug\net472\VideoOS.EventServer.Events.EventStatusSubscriptionWsApi.UnitTest.dll" adapterTypeName="executor://mstestadapter/v2" className="VideoOS.EventServer.Events.EventStatusSubscriptionWsApi.UnitTest.SubscriptionTests" name="Given_Rules_IsSubscribedIsCalled_Then_IsSubscribedReturnsTheResult" />
    </UnitTest>
    <UnitTest name="Given_Nothing_When_UserSidIsRandomString_Then_UnknownIdentityType" storage="d:\actions-runner\_work\xpco\xpco\eventserver\server\components\central\videoos.eventserver.events.eventstatussubscriptionwsapi.unittest\bin\debug\net472\videoos.eventserver.events.eventstatussubscriptionwsapi.unittest.dll" id="a3c7ccc4-d266-198f-9b4f-0336f30b0d51">
      <Execution id="1fc6b6b8-1462-49a1-8398-f1e5a035d72f" />
      <TestMethod codeBase="D:\actions-runner\_work\XPCO\XPCO\EventServer\Server\Components\Central\VideoOS.EventServer.Events.EventStatusSubscriptionWsApi.UnitTest\bin\Debug\net472\VideoOS.EventServer.Events.EventStatusSubscriptionWsApi.UnitTest.dll" adapterTypeName="executor://mstestadapter/v2" className="VideoOS.EventServer.Events.EventStatusSubscriptionWsApi.UnitTest.UserWrapperTests" name="Given_Nothing_When_UserSidIsRandomString_Then_UnknownIdentityType" />
    </UnitTest>
    <UnitTest name="Given_UserDoesNotHavePermission_When_GetPermittedEventsIsCalled_Than_EmptyListIsReturned" storage="d:\actions-runner\_work\xpco\xpco\eventserver\server\components\central\videoos.eventserver.events.eventstatussubscriptionwsapi.unittest\bin\debug\net472\videoos.eventserver.events.eventstatussubscriptionwsapi.unittest.dll" id="c148984c-ba7d-fc63-e1bc-c30e90767785">
      <Execution id="061beeb9-1435-4f32-9f35-2a32c6304942" />
      <TestMethod codeBase="D:\actions-runner\_work\XPCO\XPCO\EventServer\Server\Components\Central\VideoOS.EventServer.Events.EventStatusSubscriptionWsApi.UnitTest\bin\Debug\net472\VideoOS.EventServer.Events.EventStatusSubscriptionWsApi.UnitTest.dll" adapterTypeName="executor://mstestadapter/v2" className="VideoOS.EventServer.Events.EventStatusSubscriptionWsApi.UnitTest.RightsFilterTests" name="Given_UserDoesNotHavePermission_When_GetPermittedEventsIsCalled_Than_EmptyListIsReturned" />
    </UnitTest>
  </TestDefinitions>
  <TestEntries>
    <TestEntry testId="d38f674b-d22c-6d1c-edec-08ea870fb93d" executionId="921f130c-c04d-42de-afee-7e54edc3e5ca" testListId="8c84fa94-04c1-424b-9868-57a2d4851a1d" />
    <TestEntry testId="808f6769-4db7-45b6-b417-19ff0fba4947" executionId="dc84c16c-63b5-4318-bd92-4c7c6b11efb5" testListId="8c84fa94-04c1-424b-9868-57a2d4851a1d" />
    <TestEntry testId="88e04dae-20a6-c7a1-b98d-f318be8516ad" executionId="685aa72b-60c1-4ad6-a893-b73dcda0ce05" testListId="8c84fa94-04c1-424b-9868-57a2d4851a1d" />
    <TestEntry testId="d33dd4f9-42d2-ba54-a613-8ae309125d7c" executionId="759f416d-f491-4638-9ca6-95a62e703764" testListId="8c84fa94-04c1-424b-9868-57a2d4851a1d" />
    <TestEntry testId="a9e52de8-4e3c-69e2-691d-0e023421a227" executionId="b520049c-f94a-413d-8131-4e63f8d949eb" testListId="8c84fa94-04c1-424b-9868-57a2d4851a1d" />
    <TestEntry testId="1a203833-3e67-798a-159d-af3605348683" executionId="0313ad4c-ff72-4095-adef-4daabea8769f" testListId="8c84fa94-04c1-424b-9868-57a2d4851a1d" />
    <TestEntry testId="c22f1937-927d-4816-d5ab-1a0baaf000a8" executionId="01e56fae-4a48-45b0-8e6f-38e4c8bb7d56" testListId="8c84fa94-04c1-424b-9868-57a2d4851a1d" />
    <TestEntry testId="1c442c16-ba3d-419e-9d9d-1c14a4999eae" executionId="cc6c6f11-4f18-45ff-ad61-c0fc65beccd1" testListId="8c84fa94-04c1-424b-9868-57a2d4851a1d" />
    <TestEntry testId="6a45f7a3-f5ba-e515-01de-9cc940547205" executionId="cfba2abf-5622-49ae-8034-4cdd0aafb80e" testListId="8c84fa94-04c1-424b-9868-57a2d4851a1d" />
    <TestEntry testId="9dba7c0f-4e59-e2da-a35f-46a781b5af00" executionId="fcc01f98-7727-4cc3-a78f-39d402a12e5b" testListId="8c84fa94-04c1-424b-9868-57a2d4851a1d" />
    <TestEntry testId="4d88f499-64c4-cc5c-d594-ad7b8c2afd74" executionId="bbec8884-aa01-400b-b8cb-b2a61f0a206f" testListId="8c84fa94-04c1-424b-9868-57a2d4851a1d" />
    <TestEntry testId="1eee4f33-92b7-9018-6165-a17963f5aa42" executionId="7d54de52-6a77-4f51-bd42-5d45c3ba64f9" testListId="8c84fa94-04c1-424b-9868-57a2d4851a1d" />
    <TestEntry testId="29e8a8c3-6cb3-9ed6-377b-a865e9932129" executionId="bd609496-daef-4385-be9b-67afdad05839" testListId="8c84fa94-04c1-424b-9868-57a2d4851a1d" />
    <TestEntry testId="83550f0a-a118-bb08-1ed4-f3c798229aac" executionId="869dcfee-5ed9-4533-9ba3-f70ba882ba85" testListId="8c84fa94-04c1-424b-9868-57a2d4851a1d" />
    <TestEntry testId="f470f3be-cbb4-4884-ce73-3815b9db8202" executionId="23039b97-d05b-4c53-8659-ff0f5d9f7cba" testListId="8c84fa94-04c1-424b-9868-57a2d4851a1d" />
    <TestEntry testId="614e977e-8164-1974-f844-e7e9e5f18ba0" executionId="87b6a899-3d22-49f1-9547-947688a0693a" testListId="8c84fa94-04c1-424b-9868-57a2d4851a1d" />
    <TestEntry testId="581913c4-cfd7-5c26-9601-bebfe46e68ed" executionId="30a98b50-e759-42fc-a1c5-7050b2d6d71e" testListId="8c84fa94-04c1-424b-9868-57a2d4851a1d" />
    <TestEntry testId="06a83446-ab5d-f9d1-38d7-8cbf57b3df82" executionId="7d2e514d-e0e8-4499-bf31-e49211793e1a" testListId="8c84fa94-04c1-424b-9868-57a2d4851a1d" />
    <TestEntry testId="97f523e7-893b-0556-85a1-f54162e13433" executionId="ffa85aef-6b31-40c0-add4-eab85b29e8ed" testListId="8c84fa94-04c1-424b-9868-57a2d4851a1d" />
    <TestEntry testId="6f664609-7f00-6a0e-a61d-edaf8aad34b5" executionId="33ac60bb-d8f7-4697-ad2a-eabdb08ff409" testListId="8c84fa94-04c1-424b-9868-57a2d4851a1d" />
    <TestEntry testId="cf0e0023-87b9-f504-68e5-027424cdabd7" executionId="5de92496-ca87-4658-a1ea-8a3df83516e0" testListId="8c84fa94-04c1-424b-9868-57a2d4851a1d" />
    <TestEntry testId="f799f189-be53-4091-5b25-657cc5d1b247" executionId="4bffa411-e3b5-4bde-bee6-7098403eafae" testListId="8c84fa94-04c1-424b-9868-57a2d4851a1d" />
    <TestEntry testId="b5c0a1fd-aa2b-5442-fd8a-3074032b4f13" executionId="f21631c5-2d38-4784-be2e-018fb7f7a52a" testListId="8c84fa94-04c1-424b-9868-57a2d4851a1d" />
    <TestEntry testId="408ecd82-af97-3e0a-f15b-76ffe0975d7b" executionId="7a4bd74f-c0f2-43a7-bac1-2f45d01c2edf" testListId="8c84fa94-04c1-424b-9868-57a2d4851a1d" />
    <TestEntry testId="efe9817f-6752-68f6-bfc5-2b49ae629ec1" executionId="890b8c81-a0aa-4daf-9fcc-aa78b4cb5cfa" testListId="8c84fa94-04c1-424b-9868-57a2d4851a1d" />
    <TestEntry testId="329b8388-0c3e-b165-4696-a2bcdcd89b43" executionId="d0d3cac9-6172-4b6b-8d7c-d51503256810" testListId="8c84fa94-04c1-424b-9868-57a2d4851a1d" />
    <TestEntry testId="b697e546-a056-254c-e398-3d48dc7aefd3" executionId="040e9754-8180-4665-9833-c6404f7491f2" testListId="8c84fa94-04c1-424b-9868-57a2d4851a1d" />
    <TestEntry testId="e2d72b73-0696-090f-8c01-3546d7e28db3" executionId="aaac10e7-acd1-4790-a6e2-5baf5defb95c" testListId="8c84fa94-04c1-424b-9868-57a2d4851a1d" />
    <TestEntry testId="3f42f314-c12f-95ee-e81e-6cf2bd7cb27c" executionId="61bb711d-47e2-4a58-a3be-a339ec9f6d6f" testListId="8c84fa94-04c1-424b-9868-57a2d4851a1d" />
    <TestEntry testId="fbf64ec8-d5f5-94f2-fc46-be7866b30797" executionId="caac5b19-4f84-4669-953b-4578f5eddbc4" testListId="8c84fa94-04c1-424b-9868-57a2d4851a1d" />
    <TestEntry testId="4f2ad8a8-e34c-1bcc-8266-63f0740759e4" executionId="5d773210-24e8-4ceb-9f07-cffbfb928bcb" testListId="8c84fa94-04c1-424b-9868-57a2d4851a1d" />
    <TestEntry testId="4239712f-b4b4-d3b1-31da-a93b3d20d4de" executionId="9a8e626b-f19b-453d-a2aa-ebe8115e0caa" testListId="8c84fa94-04c1-424b-9868-57a2d4851a1d" />
    <TestEntry testId="6d2dccb8-c17b-4d0c-535c-5073418f2efb" executionId="254b8df5-bc1e-4fe7-aad8-09d29ae1439e" testListId="8c84fa94-04c1-424b-9868-57a2d4851a1d" />
    <TestEntry testId="5751e437-c242-6e1c-152f-d70afbf9a64a" executionId="b56ebd02-ba1e-4808-be27-3c5eeb639ed7" testListId="8c84fa94-04c1-424b-9868-57a2d4851a1d" />
    <TestEntry testId="29b4380c-4fab-0ff2-5b8f-2065ade1c77f" executionId="3b229e65-097e-49d0-a1dd-38fadc9ab9ad" testListId="8c84fa94-04c1-424b-9868-57a2d4851a1d" />
    <TestEntry testId="bac320c3-b6a0-73c8-39a2-fe6fdd381331" executionId="414ce24a-501c-4b8b-8edc-3ed90a168384" testListId="8c84fa94-04c1-424b-9868-57a2d4851a1d" />
    <TestEntry testId="0c5b364a-f5de-58da-b753-1ac614082b83" executionId="4d3e878f-618a-4006-88ce-4ac59db1193a" testListId="8c84fa94-04c1-424b-9868-57a2d4851a1d" />
    <TestEntry testId="c39af18d-e350-1d1b-8554-909c49b54e82" executionId="c1b23e4f-2c6f-46e0-ad4d-f6eeb6f89622" testListId="8c84fa94-04c1-424b-9868-57a2d4851a1d" />
    <TestEntry testId="62ddb9e3-be5f-b22a-127d-2f9489fd7a03" executionId="32477ebe-2cf1-4a54-9270-6b0d971ec316" testListId="8c84fa94-04c1-424b-9868-57a2d4851a1d" />
    <TestEntry testId="57086f39-ab8e-09a6-827b-ca94b12bb7fc" executionId="1b4ec619-064f-453e-9efd-391a27d78d16" testListId="8c84fa94-04c1-424b-9868-57a2d4851a1d" />
    <TestEntry testId="31486b7f-4750-5c30-dfac-940e85d9aba3" executionId="096e7984-b0dc-4025-8986-6ecb24ba7f81" testListId="8c84fa94-04c1-424b-9868-57a2d4851a1d" />
    <TestEntry testId="5971eedf-4f4e-1851-ad1a-a1d18c644a21" executionId="139a2b79-282d-4acb-9089-fc51582b33d6" testListId="8c84fa94-04c1-424b-9868-57a2d4851a1d" />
    <TestEntry testId="2fb60441-b8ca-a1cd-4ec5-1ef5fd42e809" executionId="5e11451a-aba3-4d96-bf9f-c1c3b745f4f8" testListId="8c84fa94-04c1-424b-9868-57a2d4851a1d" />
    <TestEntry testId="df99e538-fcef-3d36-1047-c53e9aa2bfe4" executionId="535b2616-e3ae-4e44-a95a-c25ff4663d66" testListId="8c84fa94-04c1-424b-9868-57a2d4851a1d" />
    <TestEntry testId="d9bfac4b-ce86-a681-9c66-201e537a2310" executionId="d68a004b-70b6-4390-bb86-cfb18f70dafc" testListId="8c84fa94-04c1-424b-9868-57a2d4851a1d" />
    <TestEntry testId="05666e4e-d0b6-ba13-848d-05794867fd17" executionId="7e5f9504-738b-4059-b9a6-83010c5527d1" testListId="8c84fa94-04c1-424b-9868-57a2d4851a1d" />
    <TestEntry testId="6b5e001c-372d-3984-9439-6b6573e7f51e" executionId="e168ca3b-aabc-4dfc-a783-bfeeddfe5c57" testListId="8c84fa94-04c1-424b-9868-57a2d4851a1d" />
    <TestEntry testId="3d4b9a3d-89d4-b2fd-70dd-2497dc4dbb19" executionId="bff5c573-986c-4379-b082-7ab24b2f4a49" testListId="8c84fa94-04c1-424b-9868-57a2d4851a1d" />
    <TestEntry testId="39426936-1308-2dfd-d59b-bffdf5f4c70e" executionId="4163fb21-2713-4387-bd17-5808681de288" testListId="8c84fa94-04c1-424b-9868-57a2d4851a1d" />
    <TestEntry testId="cfdad807-6976-92ae-7eac-bfd3102843cf" executionId="c6360c36-29a7-439a-9286-e9d8b17be24e" testListId="8c84fa94-04c1-424b-9868-57a2d4851a1d" />
    <TestEntry testId="1a022045-6931-1daf-eef1-9605781f6de4" executionId="ee3bde25-8dc0-4f79-ba2f-9160da31c1e7" testListId="8c84fa94-04c1-424b-9868-57a2d4851a1d" />
    <TestEntry testId="668c287d-4ba0-05cf-67a7-432cda7deceb" executionId="630c94c2-69b0-48b3-9a3d-a2c29b5fc0c9" testListId="8c84fa94-04c1-424b-9868-57a2d4851a1d" />
    <TestEntry testId="deb905cf-a2a0-6941-04d3-858abc2fa886" executionId="6498d625-1dcf-4135-8560-e1eb8008a9cb" testListId="8c84fa94-04c1-424b-9868-57a2d4851a1d" />
    <TestEntry testId="30e60ca6-6a1b-6f7f-607e-c17564fc7e81" executionId="5a912925-d2a0-4cf5-9869-38798f72d5a6" testListId="8c84fa94-04c1-424b-9868-57a2d4851a1d" />
    <TestEntry testId="443ba165-3495-bc93-572f-03526dd196b4" executionId="a04b8e15-a361-497a-9268-dcd4dbe16446" testListId="8c84fa94-04c1-424b-9868-57a2d4851a1d" />
    <TestEntry testId="52a5f325-961f-02a2-36af-76660603105d" executionId="fb11f3f8-d76a-44ca-aad2-25bd1bdb5b0c" testListId="8c84fa94-04c1-424b-9868-57a2d4851a1d" />
    <TestEntry testId="9936d8fc-36f2-1232-dd42-3fed3ed610cc" executionId="03c5f567-db8f-467a-ad77-d1589d506b98" testListId="8c84fa94-04c1-424b-9868-57a2d4851a1d" />
    <TestEntry testId="bcbd1dc7-ecfd-5631-fa27-5293e392e3ca" executionId="1f608eec-d972-4c25-98ed-b497dcea6f05" testListId="8c84fa94-04c1-424b-9868-57a2d4851a1d" />
    <TestEntry testId="85e7b633-0898-9dcd-aa1d-0c44e567bb98" executionId="c8014345-fe67-4d91-9703-ca694e181fd1" testListId="8c84fa94-04c1-424b-9868-57a2d4851a1d" />
    <TestEntry testId="a8a5aaea-1edb-fbdc-1ce8-d03ed5d4ef6a" executionId="862eea55-2854-4df8-9095-369f30ab2aa3" testListId="8c84fa94-04c1-424b-9868-57a2d4851a1d" />
    <TestEntry testId="66c2e5a2-49b8-8da4-ae58-aa7e48aaa402" executionId="2caad5f6-66ad-4459-a392-3f786decade6" testListId="8c84fa94-04c1-424b-9868-57a2d4851a1d" />
    <TestEntry testId="68f0ec07-d246-9cc5-1f3b-2ca2b959446a" executionId="9ceb1dd9-792d-4bb3-97c9-a354ff721020" testListId="8c84fa94-04c1-424b-9868-57a2d4851a1d" />
    <TestEntry testId="60e0d5d7-a3e6-79c1-e9e1-84c57cc0d5ed" executionId="ddc69283-42e5-4ce1-94ee-83639d0c9cb0" testListId="8c84fa94-04c1-424b-9868-57a2d4851a1d" />
    <TestEntry testId="1dd525cf-618e-0666-32f8-2dda2373e5b3" executionId="67df86c1-ab55-4a3e-84d1-9e818e1f003d" testListId="8c84fa94-04c1-424b-9868-57a2d4851a1d" />
    <TestEntry testId="82ef564a-d6af-624d-6881-42d7ff50cdbe" executionId="97118b15-002d-4cac-8817-65c68f63ef4f" testListId="8c84fa94-04c1-424b-9868-57a2d4851a1d" />
    <TestEntry testId="4e5ef586-508b-3b2e-2a84-792eb7741207" executionId="1aa08899-5d87-4e94-bbdd-998e70ff368b" testListId="8c84fa94-04c1-424b-9868-57a2d4851a1d" />
    <TestEntry testId="6a85fda5-00d9-1c5a-0a7c-4a3863b0b71c" executionId="a0fe4716-9cc4-4534-bee5-a5cb50e06cf7" testListId="8c84fa94-04c1-424b-9868-57a2d4851a1d" />
    <TestEntry testId="1f4a2205-5f2b-3ebd-cf78-6856543ffcfc" executionId="808cbe0a-3eaf-4e54-b5d6-c850749b408f" testListId="8c84fa94-04c1-424b-9868-57a2d4851a1d" />
    <TestEntry testId="53616b31-d5c5-a73f-fad1-e49ff5408362" executionId="ad00dcfc-8f2f-459b-88ff-282ba184bdad" testListId="8c84fa94-04c1-424b-9868-57a2d4851a1d" />
    <TestEntry testId="0c217a13-ecb4-b231-f1b0-ed784058acf2" executionId="b421b263-3bcb-4f8d-a48e-20dfe1348395" testListId="8c84fa94-04c1-424b-9868-57a2d4851a1d" />
    <TestEntry testId="c4567314-3208-8c2e-d7e3-263b4b46b4ae" executionId="dabe1f79-641e-430d-9a1b-4dbf27de3a5e" testListId="8c84fa94-04c1-424b-9868-57a2d4851a1d" />
    <TestEntry testId="72ea1e3a-e8ec-a352-2083-f5b0e29e730a" executionId="e067d5e9-406a-46ce-9e44-359fa7fa221a" testListId="8c84fa94-04c1-424b-9868-57a2d4851a1d" />
    <TestEntry testId="f28919ed-cfda-2f3f-40b0-4c8bc98e136b" executionId="3c00fa0d-0329-4f9c-843f-b929a766f9cc" testListId="8c84fa94-04c1-424b-9868-57a2d4851a1d" />
    <TestEntry testId="8c5476c8-0889-2d5c-d152-5f350961e078" executionId="e9fb5f3c-017b-4f57-991f-3ca5bbfbe27f" testListId="8c84fa94-04c1-424b-9868-57a2d4851a1d" />
    <TestEntry testId="0dee0c57-2847-a3b6-19a4-a177a6eed981" executionId="956bf0b1-0217-4cbd-89c2-0bc7d02828e2" testListId="8c84fa94-04c1-424b-9868-57a2d4851a1d" />
    <TestEntry testId="a4d04c57-a507-2cbe-786f-98ded8dc3ed2" executionId="5665e86e-59f9-4315-8f56-02d01bf0f9db" testListId="8c84fa94-04c1-424b-9868-57a2d4851a1d" />
    <TestEntry testId="81f50e6f-4770-8131-f7a6-47556bddf81b" executionId="15006a49-b6b9-4948-abbb-2fa7a9fe5ecc" testListId="8c84fa94-04c1-424b-9868-57a2d4851a1d" />
    <TestEntry testId="9e195642-ca02-ec07-52dd-52469c1263d2" executionId="a5dcce59-a2c1-450c-9d5c-d92149c3d051" testListId="8c84fa94-04c1-424b-9868-57a2d4851a1d" />
    <TestEntry testId="d9c383ec-2b9a-9077-f8dd-a7d50a9778d4" executionId="24baeb1d-4c3c-4aa0-92e1-29cefde6a01e" testListId="8c84fa94-04c1-424b-9868-57a2d4851a1d" />
    <TestEntry testId="0966b5db-2e06-8767-524f-3e7bcc7e7dd3" executionId="7942a462-a12a-4221-aa62-876f9452d376" testListId="8c84fa94-04c1-424b-9868-57a2d4851a1d" />
    <TestEntry testId="646b8f42-decd-5593-6e73-660cc3b2534d" executionId="c65e6b6a-14ea-44ac-9137-04b15071ecb3" testListId="8c84fa94-04c1-424b-9868-57a2d4851a1d" />
    <TestEntry testId="c148984c-ba7d-fc63-e1bc-c30e90767785" executionId="061beeb9-1435-4f32-9f35-2a32c6304942" testListId="8c84fa94-04c1-424b-9868-57a2d4851a1d" />
    <TestEntry testId="886acc91-59d5-7f60-5e03-1f12d5f64ef7" executionId="e57192bb-ad4d-4d58-b472-ad40d980407a" testListId="8c84fa94-04c1-424b-9868-57a2d4851a1d" />
    <TestEntry testId="7a3188fe-d9d4-6d4d-0426-af1256cedb5c" executionId="4f3ce553-b905-4faa-8221-5f8e6c05aac6" testListId="8c84fa94-04c1-424b-9868-57a2d4851a1d" />
    <TestEntry testId="a3675df0-d5b7-652d-f192-ad7ccce62d82" executionId="ab4c3233-05b7-423b-b5b3-2c33ffd56993" testListId="8c84fa94-04c1-424b-9868-57a2d4851a1d" />
    <TestEntry testId="d83db56b-87cc-9a16-cbc0-14f0f643f9e4" executionId="95c4efb7-3920-4eb2-90f6-ed6d45dc92dd" testListId="8c84fa94-04c1-424b-9868-57a2d4851a1d" />
    <TestEntry testId="38a7b6a3-6c9d-888d-93a0-c6e954f4929d" executionId="5493628b-774e-477f-b657-fd95dc160513" testListId="8c84fa94-04c1-424b-9868-57a2d4851a1d" />
    <TestEntry testId="e12d47e8-52e8-1587-c267-c57ea84bfbac" executionId="9e2dce98-f380-4271-9993-e251f84e4dfb" testListId="8c84fa94-04c1-424b-9868-57a2d4851a1d" />
    <TestEntry testId="3383aa31-fd9e-e756-c177-5fb014e0f40a" executionId="cdf933e1-f924-40e1-9214-c62fec06e828" testListId="8c84fa94-04c1-424b-9868-57a2d4851a1d" />
    <TestEntry testId="e56d644f-ad5a-07c3-07ab-689fae3f0416" executionId="26c7858e-1fab-436a-8711-5be7ab2a5881" testListId="8c84fa94-04c1-424b-9868-57a2d4851a1d" />
    <TestEntry testId="6507f808-c9e1-3403-0216-cd8d28b5f232" executionId="34c5ee16-a249-4c83-b202-4d77b5631741" testListId="8c84fa94-04c1-424b-9868-57a2d4851a1d" />
    <TestEntry testId="f12c380b-252f-3d82-b5ce-40e9dc7dcd57" executionId="57d31a8b-cff2-4016-b94b-6d3616728573" testListId="8c84fa94-04c1-424b-9868-57a2d4851a1d" />
    <TestEntry testId="ab487fc1-7e95-1dc9-6f76-3ccd7de31b29" executionId="0546588d-a82e-4eb7-a767-fa39d1e9d26c" testListId="8c84fa94-04c1-424b-9868-57a2d4851a1d" />
    <TestEntry testId="8fd20424-1827-93f4-e482-848d3e7f0278" executionId="de2d59d5-2950-483b-81cd-532a83a909f5" testListId="8c84fa94-04c1-424b-9868-57a2d4851a1d" />
    <TestEntry testId="574b2f8f-cafd-7669-fb7d-d3336a80f13a" executionId="07db6e60-5531-4cd4-9e74-2ec1c4ec6ea7" testListId="8c84fa94-04c1-424b-9868-57a2d4851a1d" />
    <TestEntry testId="14d607be-ff13-1e7d-d02b-70da6282f27b" executionId="5134e7cf-dfec-4bb9-a047-628bb6ace8e1" testListId="8c84fa94-04c1-424b-9868-57a2d4851a1d" />
    <TestEntry testId="89525102-93d9-a18e-34ec-ef1caa7ba7f0" executionId="b0e131e7-2c89-4a08-923a-724e30c76368" testListId="8c84fa94-04c1-424b-9868-57a2d4851a1d" />
    <TestEntry testId="1701e553-4b92-dc28-17a3-5f3b2e50e5ab" executionId="9595e275-a561-407a-b2be-87b29ca4a679" testListId="8c84fa94-04c1-424b-9868-57a2d4851a1d" />
    <TestEntry testId="c71ae056-973d-f7c9-8269-7b94bc1575d1" executionId="41d3df46-5ff2-49ed-ab0e-56023abecb30" testListId="8c84fa94-04c1-424b-9868-57a2d4851a1d" />
    <TestEntry testId="df0c0ff9-7f0e-2d2e-976b-55c6991fd6e9" executionId="da314139-5e1c-440e-868a-c210176e60fb" testListId="8c84fa94-04c1-424b-9868-57a2d4851a1d" />
    <TestEntry testId="e8528be5-b85a-9a64-e355-41b2eb647d3a" executionId="5425235e-b5c5-425f-a0d8-9a73c581bdcf" testListId="8c84fa94-04c1-424b-9868-57a2d4851a1d" />
    <TestEntry testId="4ce35d63-7ac6-fb24-a2a8-2dd14293980c" executionId="695b4463-0f47-42ff-afb1-a568ee588dd1" testListId="8c84fa94-04c1-424b-9868-57a2d4851a1d" />
    <TestEntry testId="eaeece35-3172-5c51-c577-7144c5c03259" executionId="e3717c49-e4d5-4ede-9313-e6c2f7ddc4b7" testListId="8c84fa94-04c1-424b-9868-57a2d4851a1d" />
    <TestEntry testId="9a7b0de5-dbb0-3a2f-ee11-fc9ab5bbeded" executionId="1b4f4283-11d2-4413-a3e0-24e30b09f924" testListId="8c84fa94-04c1-424b-9868-57a2d4851a1d" />
    <TestEntry testId="4bf816f4-8ff9-5f05-5469-95e36547d36e" executionId="6cc9ae97-5812-4a92-80d5-683ee35522df" testListId="8c84fa94-04c1-424b-9868-57a2d4851a1d" />
    <TestEntry testId="481fd340-843a-082c-7388-67fb090ab51b" executionId="3bea03b9-e6dc-473a-88cf-64d72f98f423" testListId="8c84fa94-04c1-424b-9868-57a2d4851a1d" />
    <TestEntry testId="da78fd54-9ea2-6def-aa74-165cbef3b64c" executionId="27cee676-50b8-4641-bcdd-46eb5e2394b2" testListId="8c84fa94-04c1-424b-9868-57a2d4851a1d" />
    <TestEntry testId="8902bc51-6268-0123-2576-c6cf515fbd3e" executionId="728d1b89-1a5b-4f21-96f4-ec65f7825004" testListId="8c84fa94-04c1-424b-9868-57a2d4851a1d" />
    <TestEntry testId="f759bd97-980f-b14d-c0d8-3d20ffae820c" executionId="43933a3c-1b17-4ced-875f-9822b85efaa5" testListId="8c84fa94-04c1-424b-9868-57a2d4851a1d" />
    <TestEntry testId="fa8c76aa-9af9-704a-4fa8-d3eee8da1a14" executionId="9ccce64f-7472-477a-be72-ae203a25e152" testListId="8c84fa94-04c1-424b-9868-57a2d4851a1d" />
    <TestEntry testId="ca6de712-cccd-e22a-7ab5-7d82b6d46442" executionId="a79b2b93-5014-4842-b55a-ee2dacbcb9c0" testListId="8c84fa94-04c1-424b-9868-57a2d4851a1d" />
    <TestEntry testId="b47c2cfd-a74b-c954-bd88-3779258e52fd" executionId="97e3b28b-b39e-42c2-872c-299e7d96cb22" testListId="8c84fa94-04c1-424b-9868-57a2d4851a1d" />
    <TestEntry testId="029f8264-8dd8-7c55-ccbc-cf1a4f568059" executionId="5f29a25c-4685-4780-8e8c-06c042c71a94" testListId="8c84fa94-04c1-424b-9868-57a2d4851a1d" />
    <TestEntry testId="a89d0695-f1ec-52c6-0f6e-39897d378c92" executionId="137060e6-11fd-4d08-95d8-55a9f26c705d" testListId="8c84fa94-04c1-424b-9868-57a2d4851a1d" />
    <TestEntry testId="eeb5ac1e-1bb9-1820-7491-a59f060b4245" executionId="c9703887-aaf4-4852-a698-6c8b1478e3f6" testListId="8c84fa94-04c1-424b-9868-57a2d4851a1d" />
    <TestEntry testId="9d380471-420e-7575-73fb-7175773c02f0" executionId="79f462c6-4539-429f-9e7f-da39a5c25c5c" testListId="8c84fa94-04c1-424b-9868-57a2d4851a1d" />
    <TestEntry testId="70eeb1ad-920b-36a3-73e7-e226adca4ba4" executionId="c443db7a-1acc-4c26-99fa-951e02e55581" testListId="8c84fa94-04c1-424b-9868-57a2d4851a1d" />
    <TestEntry testId="0bae87fb-b85d-97ff-1581-004ead8709b6" executionId="cd0cc54f-7673-4387-b1cc-6d1461a9547f" testListId="8c84fa94-04c1-424b-9868-57a2d4851a1d" />
    <TestEntry testId="c320cab3-a834-5d65-ec05-fa4802ad3ca0" executionId="29c8c7de-93bd-497c-a96d-fc53a6562b80" testListId="8c84fa94-04c1-424b-9868-57a2d4851a1d" />
    <TestEntry testId="cbdaa892-b585-e537-2a1b-08ca32d0b7bd" executionId="8f861f2b-8a29-4fca-8060-0e3c02f6a081" testListId="8c84fa94-04c1-424b-9868-57a2d4851a1d" />
    <TestEntry testId="ac5a3b6c-8792-acd8-e85e-8cc8e5d22d05" executionId="56fbccc4-639f-4a12-b027-b80f4bcdf239" testListId="8c84fa94-04c1-424b-9868-57a2d4851a1d" />
    <TestEntry testId="23ec95fb-7089-54a6-3032-25dda5297720" executionId="295b12de-315c-40eb-9da7-6d2fc364a5ea" testListId="8c84fa94-04c1-424b-9868-57a2d4851a1d" />
    <TestEntry testId="a664b755-27f4-da71-042a-b2043df80cd0" executionId="931c27b9-3f8b-41fb-bcc5-448ea22c7c7c" testListId="8c84fa94-04c1-424b-9868-57a2d4851a1d" />
    <TestEntry testId="a3c7ccc4-d266-198f-9b4f-0336f30b0d51" executionId="1fc6b6b8-1462-49a1-8398-f1e5a035d72f" testListId="8c84fa94-04c1-424b-9868-57a2d4851a1d" />
    <TestEntry testId="5abc0175-c520-8fe1-a4de-af6d035c8b14" executionId="3baf4f2d-cca3-4b8b-a09b-88e6162bd825" testListId="8c84fa94-04c1-424b-9868-57a2d4851a1d" />
    <TestEntry testId="858b6940-6e6d-ff85-5ac6-612dad40475f" executionId="d980087a-58ea-4e07-85ff-c4b8ea54a23e" testListId="8c84fa94-04c1-424b-9868-57a2d4851a1d" />
    <TestEntry testId="005a0164-534c-e56f-7279-9e3fcaf62159" executionId="d41cfd9c-3ea5-4d42-8235-3ecb59a61b5b" testListId="8c84fa94-04c1-424b-9868-57a2d4851a1d" />
    <TestEntry testId="ee9912fe-3dec-29df-42d4-ddd55644b5cf" executionId="7f3e5def-16f4-4379-93d9-833ad0138e26" testListId="8c84fa94-04c1-424b-9868-57a2d4851a1d" />
    <TestEntry testId="6c10c340-c807-5df9-dc18-9315a1b42c3e" executionId="a4b6fae7-f5ef-4f0b-aba9-1fac6b988570" testListId="8c84fa94-04c1-424b-9868-57a2d4851a1d" />
    <TestEntry testId="8e6126a9-8a85-34a6-7edd-6aad8e81bb40" executionId="9fdb3a0d-da56-4d75-ae86-37f8af196b0e" testListId="8c84fa94-04c1-424b-9868-57a2d4851a1d" />
    <TestEntry testId="585e800b-5018-9338-1c12-fccb1555134d" executionId="4882b7e1-1c8b-485f-a98e-5cf154c21a37" testListId="8c84fa94-04c1-424b-9868-57a2d4851a1d" />
    <TestEntry testId="64a35114-0f6b-de9f-7921-a8ad4a25f43c" executionId="81b275cb-bebc-41f3-a706-1ba8f28b72fc" testListId="8c84fa94-04c1-424b-9868-57a2d4851a1d" />
    <TestEntry testId="123a39d1-1aad-86d2-5468-ddc7e7e8d908" executionId="a8027cfb-eddd-48e4-a4e8-006dfd477ac4" testListId="8c84fa94-04c1-424b-9868-57a2d4851a1d" />
    <TestEntry testId="2aff5125-fb54-d17a-bf02-76651f9097aa" executionId="c13ddb9c-1919-4673-a088-b5cf76094829" testListId="8c84fa94-04c1-424b-9868-57a2d4851a1d" />
    <TestEntry testId="f0782b82-1d51-d793-bf43-0576cd5997bc" executionId="efdb3ed9-3936-49e2-ade3-f5ae6f570284" testListId="8c84fa94-04c1-424b-9868-57a2d4851a1d" />
    <TestEntry testId="1fd5f302-597b-bfea-c23e-2f2cea94c1d3" executionId="9e6cd472-f9b9-4136-9f9c-d5485e0e5cca" testListId="8c84fa94-04c1-424b-9868-57a2d4851a1d" />
    <TestEntry testId="dd47d404-5f9c-f405-d736-d1b01ac196c2" executionId="8f0d5885-528a-4e2d-88a6-c9c9dbe42e30" testListId="8c84fa94-04c1-424b-9868-57a2d4851a1d" />
    <TestEntry testId="ff6f4675-f029-a53b-69f2-96a2c4d77823" executionId="6628686a-0c9e-40dc-91bd-b2b846dc0aff" testListId="8c84fa94-04c1-424b-9868-57a2d4851a1d" />
    <TestEntry testId="0bee18d7-6595-d19e-678d-f471e9c73f63" executionId="5b21f4cf-766f-4e48-ab74-1f58b6f815f5" testListId="8c84fa94-04c1-424b-9868-57a2d4851a1d" />
    <TestEntry testId="9db78887-519d-a7af-b6f8-964541821c04" executionId="2dc85741-753f-40cf-b511-a572389c89c1" testListId="8c84fa94-04c1-424b-9868-57a2d4851a1d" />
    <TestEntry testId="5d5faa4c-e456-921b-b239-ec54ee40f259" executionId="75d63d30-f62d-4fae-ad62-6a353fa1c5f6" testListId="8c84fa94-04c1-424b-9868-57a2d4851a1d" />
    <TestEntry testId="6643f0e1-b507-35c9-5a38-67492d5e5f01" executionId="32fa9b9e-a3b8-4662-8fbe-3cf48ffe1f18" testListId="8c84fa94-04c1-424b-9868-57a2d4851a1d" />
    <TestEntry testId="da63023d-61f4-0bd0-40ba-5ee05c47391c" executionId="ee36b038-881c-453a-b5e1-f7f5cf83973b" testListId="8c84fa94-04c1-424b-9868-57a2d4851a1d" />
    <TestEntry testId="ebc2d938-a1ad-e738-d36d-328329ec97ff" executionId="6005356a-13f9-47f6-bc67-d643093ab265" testListId="8c84fa94-04c1-424b-9868-57a2d4851a1d" />
    <TestEntry testId="2b203899-461a-2b69-e195-97649e521740" executionId="cb974e02-7b44-4eab-b117-6ea0de4bd67f" testListId="8c84fa94-04c1-424b-9868-57a2d4851a1d" />
    <TestEntry testId="b7353867-d878-1710-56a6-21b83884fb70" executionId="0c03646b-8244-4341-8e1b-0d7a29593978" testListId="8c84fa94-04c1-424b-9868-57a2d4851a1d" />
    <TestEntry testId="56804e2f-7b1e-7bf6-17ba-4d7f0f88e41f" executionId="8e235ea6-7346-40e7-b9c1-59dda672bac9" testListId="8c84fa94-04c1-424b-9868-57a2d4851a1d" />
    <TestEntry testId="1222d351-f369-13e6-8a63-654c6658a8f7" executionId="182eab1d-cd93-44fd-80bb-c7c9dfe89f28" testListId="8c84fa94-04c1-424b-9868-57a2d4851a1d" />
    <TestEntry testId="17c064d0-17b6-35c6-0b29-ea391d9f353f" executionId="901609ee-5afa-4a1e-ac7b-c87a310d657a" testListId="8c84fa94-04c1-424b-9868-57a2d4851a1d" />
    <TestEntry testId="bf839169-2f4f-26db-25a1-60776c691c5e" executionId="af1182d8-3566-4358-a82b-654c345c4a9e" testListId="8c84fa94-04c1-424b-9868-57a2d4851a1d" />
    <TestEntry testId="84c212d2-0ca6-f915-5c13-c2835aa4f740" executionId="cf0c392e-15ca-4ef2-b5ae-88cddfdab000" testListId="8c84fa94-04c1-424b-9868-57a2d4851a1d" />
    <TestEntry testId="c259da4e-14ef-cda9-000a-f14f8ecc5688" executionId="bbc9dd03-d2af-42fb-ac55-312c99618b80" testListId="8c84fa94-04c1-424b-9868-57a2d4851a1d" />
    <TestEntry testId="70b10f23-0f8f-6490-4522-62292554caa5" executionId="175a497c-36f8-415a-91ea-975a12febb31" testListId="8c84fa94-04c1-424b-9868-57a2d4851a1d" />
    <TestEntry testId="b7d1f7c2-1558-ee08-9510-8ffbd157ef39" executionId="0e8b6f2b-9968-4615-a5e6-c5fdcaebd064" testListId="8c84fa94-04c1-424b-9868-57a2d4851a1d" />
    <TestEntry testId="d17a0167-b318-3283-77b1-87a040e6cbda" executionId="49f4cb79-0e2b-4bc1-8870-ab145f70d729" testListId="8c84fa94-04c1-424b-9868-57a2d4851a1d" />
    <TestEntry testId="3cee16d3-b36c-ab9e-3ba3-183a6748dbfa" executionId="f4335460-28c6-46ea-b7fe-8c87a763c209" testListId="8c84fa94-04c1-424b-9868-57a2d4851a1d" />
    <TestEntry testId="7b06f581-1ccc-6701-d74a-400b5542513f" executionId="5aece4b4-78df-4a56-aca3-16be90c97a7a" testListId="8c84fa94-04c1-424b-9868-57a2d4851a1d" />
    <TestEntry testId="768fb8b7-3990-5a33-7f27-4e6edef2b06b" executionId="9e5bbf27-e505-459c-af10-0ef4bf0653f6" testListId="8c84fa94-04c1-424b-9868-57a2d4851a1d" />
    <TestEntry testId="69130c48-6b47-0224-8842-3c1652c8f273" executionId="99ac9acc-e34c-46b6-8f10-d255a031cdf5" testListId="8c84fa94-04c1-424b-9868-57a2d4851a1d" />
    <TestEntry testId="c3639fcf-9e7c-c54f-2d7d-59155cbd5a63" executionId="591def6f-0ab2-4d41-9361-99f4c1880aa3" testListId="8c84fa94-04c1-424b-9868-57a2d4851a1d" />
    <TestEntry testId="2a6106eb-ba7e-b936-66dc-fc24c5b7718a" executionId="640456db-918b-4d9d-aeb9-3951a9ab9555" testListId="8c84fa94-04c1-424b-9868-57a2d4851a1d" />
    <TestEntry testId="454503b4-50f6-421b-6dc9-2c38d4ed7964" executionId="84709a86-296b-44e0-b882-771b5ba389b9" testListId="8c84fa94-04c1-424b-9868-57a2d4851a1d" />
    <TestEntry testId="c742fc73-325e-9428-9ee7-73ee2741e439" executionId="6a39c0a1-f213-491a-a055-984b495cf504" testListId="8c84fa94-04c1-424b-9868-57a2d4851a1d" />
    <TestEntry testId="81aa6ddd-6b6e-20cb-fe97-9fe4af4ac5e9" executionId="1e3f7878-6aea-4510-9342-ecdef886d480" testListId="8c84fa94-04c1-424b-9868-57a2d4851a1d" />
    <TestEntry testId="c7334bd2-08fc-6f4e-61b6-5c29e6877bbe" executionId="2e916c3e-1b91-4b4f-92a7-97def5ccf935" testListId="8c84fa94-04c1-424b-9868-57a2d4851a1d" />
  </TestEntries>
  <TestLists>
    <TestList name="Results Not in a List" id="8c84fa94-04c1-424b-9868-57a2d4851a1d" />
    <TestList name="All Loaded Results" id="19431567-8539-422a-85d7-44ee4e166bda" />
  </TestLists>
  <ResultSummary outcome="Completed">
    <Counters total="165" executed="162" passed="162" failed="0" error="0" timeout="0" aborted="0" inconclusive="0" passedButRunAborted="0" notRunnable="0" notExecuted="0" disconnected="0" warning="0" completed="0" inProgress="0" pending="0" />
    <Output>
      <StdOut>Test 'Given_Nothing_When_SettingAndRemovingEventReceiver_Then_EventSenderStartsAndStops' was skipped in the test run.&#xD;
Test 'Given_MessageHandlerIsCreated_When_ValidateIsCalledWithoutAuthorizationHeader_Then_StatusIsSuccessAndDisconnectRequestIsCalledAfterTimeout' was skipped in the test run.&#xD;
Test 'Given_MessageHandlerIsCreated_When_ValidateIsCalledWithoutAuthorizationHeaderAndAuthorizationCommandSentWithinTimeout_Then_NoDisconnectIsRequestedAfterTimeout' was skipped in the test run.&#xD;
</StdOut>
    </Output>
  </ResultSummary>
</TestRun>