<?xml version="1.0" encoding="utf-8"?>
<TestRun id="20724636-5d5c-414c-9abf-64ad17cb4223" name="DKSR-EFI-04$@DKSR-EFI-04 2023-12-22 09:34:07" runUser="NT AUTHORITY\NETWORK SERVICE" xmlns="http://microsoft.com/schemas/VisualStudio/TeamTest/2010">
  <Times creation="2023-12-22T09:34:07.5376715+01:00" queuing="2023-12-22T09:34:07.5376715+01:00" start="2023-12-22T09:33:58.4751261+01:00" finish="2023-12-22T09:34:09.8345578+01:00" />
  <TestSettings name="default" id="6a5c6626-c483-4cab-8773-529f713b8cef">
    <Deployment runDeploymentRoot="DKSR-EFI-04$_DKSR-EFI-04_2023-12-22_09_34_07" />
  </TestSettings>
  <Results>
    <UnitTestResult executionId="f085307e-3b75-43b7-9979-854b5539becc" testId="625e5564-df02-e3dd-31dc-0fc18a4a4b2e" testName="GetSomeMessages" computerName="DKSR-EFI-04" duration="00:00:00.0790199" startTime="2023-12-22T09:34:09.1626785+01:00" endTime="2023-12-22T09:34:09.2408051+01:00" testType="13cdc9d9-ddb5-4fa4-a97d-d965ccfc6d4b" outcome="Passed" testListId="8c84fa94-04c1-424b-9868-57a2d4851a1d" relativeResultsDirectory="f085307e-3b75-43b7-9979-854b5539becc" />
    <UnitTestResult executionId="50f618a5-356b-4104-9f67-84ca24df2dc6" testId="5b784325-14c0-6069-19fb-cb22d997335e" testName="ServerResponseWithNextCommunicationTimeMustBeWellFormed" computerName="DKSR-EFI-04" duration="00:00:00.0913074" startTime="2023-12-22T09:34:07.2407953+01:00" endTime="2023-12-22T09:34:07.3345439+01:00" testType="13cdc9d9-ddb5-4fa4-a97d-d965ccfc6d4b" outcome="Passed" testListId="8c84fa94-04c1-424b-9868-57a2d4851a1d" relativeResultsDirectory="50f618a5-356b-4104-9f67-84ca24df2dc6" />
    <UnitTestResult executionId="1303639d-7622-4479-9b8e-9981673a0f1d" testId="208c133a-d402-3349-db6d-0d73533242ac" testName="DeleteAllMessagesCallsTheCorrectProcedure" computerName="DKSR-EFI-04" duration="00:00:00.0064113" startTime="2023-12-22T09:34:09.3033043+01:00" endTime="2023-12-22T09:34:09.3033043+01:00" testType="13cdc9d9-ddb5-4fa4-a97d-d965ccfc6d4b" outcome="Passed" testListId="8c84fa94-04c1-424b-9868-57a2d4851a1d" relativeResultsDirectory="1303639d-7622-4479-9b8e-9981673a0f1d" />
    <UnitTestResult executionId="8950565e-3654-475d-8d6b-527071080300" testId="13e32e13-1ca3-cea2-6224-ee40dee5a01f" testName="NoCudaKeyGetsLoggedWithRelevantOutput" computerName="DKSR-EFI-04" duration="00:00:00.0188347" startTime="2023-12-22T09:34:07.4751708+01:00" endTime="2023-12-22T09:34:07.4907964+01:00" testType="13cdc9d9-ddb5-4fa4-a97d-d965ccfc6d4b" outcome="Passed" testListId="8c84fa94-04c1-424b-9868-57a2d4851a1d" relativeResultsDirectory="8950565e-3654-475d-8d6b-527071080300" />
    <UnitTestResult executionId="3f965a0c-970e-4fa4-9602-3d180b00876d" testId="ed74652d-89b1-2bc7-92f1-896e8084456e" testName="CUDAData_UpdateEvents_SendingTwoDifferentEvent_TwoStored" computerName="DKSR-EFI-04" duration="00:00:00.0076098" startTime="2023-12-22T09:34:07.9282958+01:00" endTime="2023-12-22T09:34:07.9439241+01:00" testType="13cdc9d9-ddb5-4fa4-a97d-d965ccfc6d4b" outcome="Passed" testListId="8c84fa94-04c1-424b-9868-57a2d4851a1d" relativeResultsDirectory="3f965a0c-970e-4fa4-9602-3d180b00876d" />
    <UnitTestResult executionId="9bc782d6-187e-4882-9964-a8d0130c1fb9" testId="ae8ddbe3-e055-b119-aec9-fd3a650e4303" testName="CUDAData_SetTimeInterval" computerName="DKSR-EFI-04" duration="00:00:00.0464780" startTime="2023-12-22T09:34:08.1626756+01:00" endTime="2023-12-22T09:34:08.2095508+01:00" testType="13cdc9d9-ddb5-4fa4-a97d-d965ccfc6d4b" outcome="Passed" testListId="8c84fa94-04c1-424b-9868-57a2d4851a1d" relativeResultsDirectory="9bc782d6-187e-4882-9964-a8d0130c1fb9" />
    <UnitTestResult executionId="a3d06696-402a-4c4a-a276-3188994ec47f" testId="55449b9e-5390-4da2-fa28-237156970a32" testName="NonStandardErrorCodeResultsInFalseReturnCodeFromCudaClient" computerName="DKSR-EFI-04" duration="00:00:00.0150480" startTime="2023-12-22T09:34:07.6001711+01:00" endTime="2023-12-22T09:34:07.6157962+01:00" testType="13cdc9d9-ddb5-4fa4-a97d-d965ccfc6d4b" outcome="Passed" testListId="8c84fa94-04c1-424b-9868-57a2d4851a1d" relativeResultsDirectory="a3d06696-402a-4c4a-a276-3188994ec47f" />
    <UnitTestResult executionId="d3f5880c-1d8a-4c68-9b66-5e7e8fad8d09" testId="a1b3200c-637e-9573-676c-dae9a3629bd0" testName="CUDASender_Stop_Success" computerName="DKSR-EFI-04" duration="00:00:00.0027628" startTime="2023-12-22T09:34:07.7251725+01:00" endTime="2023-12-22T09:34:07.7251725+01:00" testType="13cdc9d9-ddb5-4fa4-a97d-d965ccfc6d4b" outcome="Passed" testListId="8c84fa94-04c1-424b-9868-57a2d4851a1d" relativeResultsDirectory="d3f5880c-1d8a-4c68-9b66-5e7e8fad8d09" />
    <UnitTestResult executionId="0e138c7b-0dc7-4606-a714-c691f3d92b8d" testId="a35e92b3-dd88-c764-cf49-7cfc5a033053" testName="CUDAData_GetMessagesToSend_GetOneMessage" computerName="DKSR-EFI-04" duration="00:00:00.0391278" startTime="2023-12-22T09:34:08.2251736+01:00" endTime="2023-12-22T09:34:08.2564260+01:00" testType="13cdc9d9-ddb5-4fa4-a97d-d965ccfc6d4b" outcome="Passed" testListId="8c84fa94-04c1-424b-9868-57a2d4851a1d" relativeResultsDirectory="0e138c7b-0dc7-4606-a714-c691f3d92b8d" />
    <UnitTestResult executionId="8b4c4318-e6ed-45da-b736-215088df3a21" testId="36df8a83-4992-f2f1-67cf-10dbf71debeb" testName="AddMessagesCreatesOutputTableWithProperDimensionsAndContentsAndCallRelevantProcedure" computerName="DKSR-EFI-04" duration="00:00:00.0168720" startTime="2023-12-22T09:34:09.2564303+01:00" endTime="2023-12-22T09:34:09.2720546+01:00" testType="13cdc9d9-ddb5-4fa4-a97d-d965ccfc6d4b" outcome="Passed" testListId="8c84fa94-04c1-424b-9868-57a2d4851a1d" relativeResultsDirectory="8b4c4318-e6ed-45da-b736-215088df3a21" />
    <UnitTestResult executionId="0257863b-cc88-4704-9c7c-45034c2dab6a" testId="bb27ab66-ecae-308c-08e8-afb54129aef1" testName="DeleteSomeMessages" computerName="DKSR-EFI-04" duration="00:00:00.0091048" startTime="2023-12-22T09:34:09.1470541+01:00" endTime="2023-12-22T09:34:09.1626785+01:00" testType="13cdc9d9-ddb5-4fa4-a97d-d965ccfc6d4b" outcome="Passed" testListId="8c84fa94-04c1-424b-9868-57a2d4851a1d" relativeResultsDirectory="0257863b-cc88-4704-9c7c-45034c2dab6a" />
    <UnitTestResult executionId="7fa52545-d41e-4c5d-ad48-f7af58f2d336" testId="b2bfd0bb-6b9f-ecee-cfe2-c26a153e5d71" testName="UpdateIntervalCallsTheRightProcedureWithAnAppropriateParameter" computerName="DKSR-EFI-04" duration="00:00:00.0064267" startTime="2023-12-22T09:34:09.2876797+01:00" endTime="2023-12-22T09:34:09.3033043+01:00" testType="13cdc9d9-ddb5-4fa4-a97d-d965ccfc6d4b" outcome="Passed" testListId="8c84fa94-04c1-424b-9868-57a2d4851a1d" relativeResultsDirectory="7fa52545-d41e-4c5d-ad48-f7af58f2d336" />
    <UnitTestResult executionId="f4fbac01-9fd7-4ae5-9f4d-8bbf2a3c6d4f" testId="aaf61f24-7d9c-cce8-7acf-aa09da1dcbc3" testName="CUDASender_ResetTimer_Success" computerName="DKSR-EFI-04" duration="00:00:00.0087806" startTime="2023-12-22T09:34:07.8501738+01:00" endTime="2023-12-22T09:34:07.8657979+01:00" testType="13cdc9d9-ddb5-4fa4-a97d-d965ccfc6d4b" outcome="Passed" testListId="8c84fa94-04c1-424b-9868-57a2d4851a1d" relativeResultsDirectory="f4fbac01-9fd7-4ae5-9f4d-8bbf2a3c6d4f" />
    <UnitTestResult executionId="bd350c26-b264-40af-b7cb-d8580af77436" testId="f3f3f42f-d09b-b19c-f492-ff59d85a105f" testName="KeysMustBeCorrectlyXORed" computerName="DKSR-EFI-04" duration="00:00:00.0601643" startTime="2023-12-22T09:34:07.1626702+01:00" endTime="2023-12-22T09:34:07.2251698+01:00" testType="13cdc9d9-ddb5-4fa4-a97d-d965ccfc6d4b" outcome="Passed" testListId="8c84fa94-04c1-424b-9868-57a2d4851a1d" relativeResultsDirectory="bd350c26-b264-40af-b7cb-d8580af77436" />
    <UnitTestResult executionId="86b948f3-be08-427e-af07-2ff3d0968323" testId="5ed7f5ec-cb7f-37b9-b0ad-3adbe623f45b" testName="GetMessagesCallsTheRightProcedureAndReturnsAnAppropriateResultSet" computerName="DKSR-EFI-04" duration="00:00:00.0081343" startTime="2023-12-22T09:34:09.2720546+01:00" endTime="2023-12-22T09:34:09.2876797+01:00" testType="13cdc9d9-ddb5-4fa4-a97d-d965ccfc6d4b" outcome="Passed" testListId="8c84fa94-04c1-424b-9868-57a2d4851a1d" relativeResultsDirectory="86b948f3-be08-427e-af07-2ff3d0968323" />
    <UnitTestResult executionId="99c43e79-2c60-40bf-8d43-2a00a6be223f" testId="5dfac2a4-4c04-7c21-417c-03bb93faee47" testName="UpdateInterval" computerName="DKSR-EFI-04" duration="00:00:00.0079831" startTime="2023-12-22T09:34:09.2408051+01:00" endTime="2023-12-22T09:34:09.2564303+01:00" testType="13cdc9d9-ddb5-4fa4-a97d-d965ccfc6d4b" outcome="Passed" testListId="8c84fa94-04c1-424b-9868-57a2d4851a1d" relativeResultsDirectory="99c43e79-2c60-40bf-8d43-2a00a6be223f" />
    <UnitTestResult executionId="298fb77a-9df1-48a4-8502-c17d46049d02" testId="94df5767-a22f-369f-c9d4-f5ceb82629f2" testName="NoExceptionAndResponseIsDefaultTimeSpanWhenCudaPublicKeyIsUnavailableAsNull" computerName="DKSR-EFI-04" duration="00:00:00.1065254" startTime="2023-12-22T09:34:07.3345439+01:00" endTime="2023-12-22T09:34:07.4439213+01:00" testType="13cdc9d9-ddb5-4fa4-a97d-d965ccfc6d4b" outcome="Passed" testListId="8c84fa94-04c1-424b-9868-57a2d4851a1d" relativeResultsDirectory="298fb77a-9df1-48a4-8502-c17d46049d02" />
    <UnitTestResult executionId="c5f857f6-5d36-4320-a757-afb650bbef7f" testId="3089620c-ded1-5bf7-99bf-220a603a9c97" testName="CUDAData_UpdateEvents_SendingTwoIdenticalinOneBatchEvent_OnlyOneStored" computerName="DKSR-EFI-04" duration="00:00:00.0035756" startTime="2023-12-22T09:34:07.9282958+01:00" endTime="2023-12-22T09:34:07.9282958+01:00" testType="13cdc9d9-ddb5-4fa4-a97d-d965ccfc6d4b" outcome="Passed" testListId="8c84fa94-04c1-424b-9868-57a2d4851a1d" relativeResultsDirectory="c5f857f6-5d36-4320-a757-afb650bbef7f" />
    <UnitTestResult executionId="ac4940b8-86fa-4b7c-8532-d19d88f2fb9d" testId="3e0c0757-c9fd-ab91-a951-75a5d5f2c8db" testName="CUDATimer_TestDefaultTimePerid" computerName="DKSR-EFI-04" duration="00:00:00.0030737" startTime="2023-12-22T09:34:08.2720516+01:00" endTime="2023-12-22T09:34:08.2720516+01:00" testType="13cdc9d9-ddb5-4fa4-a97d-d965ccfc6d4b" outcome="Passed" testListId="8c84fa94-04c1-424b-9868-57a2d4851a1d" relativeResultsDirectory="ac4940b8-86fa-4b7c-8532-d19d88f2fb9d" />
    <UnitTestResult executionId="52ca57d0-c1cd-4d98-ba81-0634caf90978" testId="ca2941c6-45b8-6051-a6e9-2537ae2efb56" testName="NoExceptionAndResponseIsDefaultTimeSpanWhenCudaPublicKeyIsUnavailableAsEmpty" computerName="DKSR-EFI-04" duration="00:00:00.0131013" startTime="2023-12-22T09:34:07.4439213+01:00" endTime="2023-12-22T09:34:07.4595459+01:00" testType="13cdc9d9-ddb5-4fa4-a97d-d965ccfc6d4b" outcome="Passed" testListId="8c84fa94-04c1-424b-9868-57a2d4851a1d" relativeResultsDirectory="52ca57d0-c1cd-4d98-ba81-0634caf90978" />
    <UnitTestResult executionId="7c5c63d9-924c-47c4-a1b3-12dffb61ea90" testId="ae47bcfe-b3b1-3120-ad7b-a871d4756a01" testName="CUDAData_GetMessagesToSend_GetGroupedMessage" computerName="DKSR-EFI-04" duration="00:00:00.0091305" startTime="2023-12-22T09:34:08.2564260+01:00" endTime="2023-12-22T09:34:08.2720516+01:00" testType="13cdc9d9-ddb5-4fa4-a97d-d965ccfc6d4b" outcome="Passed" testListId="8c84fa94-04c1-424b-9868-57a2d4851a1d" relativeResultsDirectory="7c5c63d9-924c-47c4-a1b3-12dffb61ea90" />
    <UnitTestResult executionId="e35415ec-8026-400f-aa3f-2fd93a9f8c23" testId="ed192cef-2f88-9629-5574-b669985d2693" testName="HttpResponseContentGetsFetchedOnlyWhenErrorHandlerReturnsTrue" computerName="DKSR-EFI-04" duration="00:00:00.0501562" startTime="2023-12-22T09:34:07.5532966+01:00" endTime="2023-12-22T09:34:07.6001711+01:00" testType="13cdc9d9-ddb5-4fa4-a97d-d965ccfc6d4b" outcome="Passed" testListId="8c84fa94-04c1-424b-9868-57a2d4851a1d" relativeResultsDirectory="e35415ec-8026-400f-aa3f-2fd93a9f8c23" />
    <UnitTestResult executionId="1236dd95-af0a-478b-b3c7-119fc07f9c99" testId="bad4c2e2-f228-a85f-e56d-f22c4aa15f82" testName="CUDAData_UpdateEventsAsync_SendingOnValidEvent" computerName="DKSR-EFI-04" duration="00:00:00.0364816" startTime="2023-12-22T09:34:07.8657979+01:00" endTime="2023-12-22T09:34:07.8970493+01:00" testType="13cdc9d9-ddb5-4fa4-a97d-d965ccfc6d4b" outcome="Passed" testListId="8c84fa94-04c1-424b-9868-57a2d4851a1d" relativeResultsDirectory="1236dd95-af0a-478b-b3c7-119fc07f9c99" />
    <UnitTestResult executionId="96e972a0-4fe9-46f0-b925-3e10a97c25c4" testId="7db5da64-a214-7d9e-5cdf-6e7e81411ff9" testName="StandardErrorCodeResultsInTrueReturnCodeFromCudaClient" computerName="DKSR-EFI-04" duration="00:00:00.0544144" startTime="2023-12-22T09:34:07.6157962+01:00" endTime="2023-12-22T09:34:07.6782961+01:00" testType="13cdc9d9-ddb5-4fa4-a97d-d965ccfc6d4b" outcome="Passed" testListId="8c84fa94-04c1-424b-9868-57a2d4851a1d" relativeResultsDirectory="96e972a0-4fe9-46f0-b925-3e10a97c25c4" />
    <UnitTestResult executionId="c4efddca-f47e-4feb-9c04-c3b59a433e98" testId="8e8a51b7-9203-1765-7db7-36998dfd2ecd" testName="AddSomeMessages" computerName="DKSR-EFI-04" duration="00:00:00.8557140" startTime="2023-12-22T09:34:08.2876750+01:00" endTime="2023-12-22T09:34:09.1470541+01:00" testType="13cdc9d9-ddb5-4fa4-a97d-d965ccfc6d4b" outcome="Passed" testListId="8c84fa94-04c1-424b-9868-57a2d4851a1d" relativeResultsDirectory="c4efddca-f47e-4feb-9c04-c3b59a433e98" />
    <UnitTestResult executionId="05bcea39-a3e9-49b1-bb27-07ba5edf3af8" testId="e0fe29fc-6604-13b7-b9b8-2eb68941df4c" testName="NotificationCheckSumIsReturnedInBase64AndIsAValidHash" computerName="DKSR-EFI-04" duration="00:00:00.0098090" startTime="2023-12-22T09:34:07.2251698+01:00" endTime="2023-12-22T09:34:07.2407953+01:00" testType="13cdc9d9-ddb5-4fa4-a97d-d965ccfc6d4b" outcome="Passed" testListId="8c84fa94-04c1-424b-9868-57a2d4851a1d" relativeResultsDirectory="05bcea39-a3e9-49b1-bb27-07ba5edf3af8" />
    <UnitTestResult executionId="575ecbdd-1a90-4b8e-bdc7-7ed9397c397f" testId="927ac355-341c-ec16-ca0d-0737b27d6ace" testName="URICanBeControlledByFileInAppDir" computerName="DKSR-EFI-04" duration="00:00:00.5927608" startTime="2023-12-22T09:34:06.5376681+01:00" endTime="2023-12-22T09:34:07.1626702+01:00" testType="13cdc9d9-ddb5-4fa4-a97d-d965ccfc6d4b" outcome="Passed" testListId="8c84fa94-04c1-424b-9868-57a2d4851a1d" relativeResultsDirectory="575ecbdd-1a90-4b8e-bdc7-7ed9397c397f" />
    <UnitTestResult executionId="5da72040-47bf-4219-9f02-79b50568194c" testId="67611e97-9131-fbb9-bbae-61d165d24e8f" testName="CUDASender_Start_Success" computerName="DKSR-EFI-04" duration="00:00:00.0127124" startTime="2023-12-22T09:34:07.7095467+01:00" endTime="2023-12-22T09:34:07.7251725+01:00" testType="13cdc9d9-ddb5-4fa4-a97d-d965ccfc6d4b" outcome="Passed" testListId="8c84fa94-04c1-424b-9868-57a2d4851a1d" relativeResultsDirectory="5da72040-47bf-4219-9f02-79b50568194c" />
    <UnitTestResult executionId="3d573468-1b88-4c0c-8a7c-780a2f15d1bb" testId="a35d1e65-aa77-8137-8053-b8f63de98eb5" testName="CUDATimer_TestDefaultTimePerid_FromTestFile" computerName="DKSR-EFI-04" duration="00:00:00.0070058" startTime="2023-12-22T09:34:08.2720516+01:00" endTime="2023-12-22T09:34:08.2876750+01:00" testType="13cdc9d9-ddb5-4fa4-a97d-d965ccfc6d4b" outcome="Passed" testListId="8c84fa94-04c1-424b-9868-57a2d4851a1d" relativeResultsDirectory="3d573468-1b88-4c0c-8a7c-780a2f15d1bb" />
    <UnitTestResult executionId="1b3e729e-3596-4d7c-8223-b50ccb0c74e8" testId="f19b7580-fd85-9149-1647-f14f0fdba63e" testName="CUDASender_SendCudaAlarms_FailedTestReAddingEvents" computerName="DKSR-EFI-04" duration="00:00:00.0516142" startTime="2023-12-22T09:34:07.7876731+01:00" endTime="2023-12-22T09:34:07.8501738+01:00" testType="13cdc9d9-ddb5-4fa4-a97d-d965ccfc6d4b" outcome="Passed" testListId="8c84fa94-04c1-424b-9868-57a2d4851a1d" relativeResultsDirectory="1b3e729e-3596-4d7c-8223-b50ccb0c74e8" />
    <UnitTestResult executionId="99b62a1d-78a8-4cbd-9d17-878b1976c98c" testId="e626ecaf-fd58-ad8b-fcac-1e2001a4c599" testName="CUDAData_UpdateEvents_SendingOnValidEvent" computerName="DKSR-EFI-04" duration="00:00:00.0030033" startTime="2023-12-22T09:34:07.8970493+01:00" endTime="2023-12-22T09:34:07.8970493+01:00" testType="13cdc9d9-ddb5-4fa4-a97d-d965ccfc6d4b" outcome="Passed" testListId="8c84fa94-04c1-424b-9868-57a2d4851a1d" relativeResultsDirectory="99b62a1d-78a8-4cbd-9d17-878b1976c98c" />
    <UnitTestResult executionId="66885e1c-08df-4747-b222-890a368344de" testId="4d2d0e3d-6d29-bb7e-4fb7-309331bebb87" testName="GetRandomKeyReturnsBase64EncodedString" computerName="DKSR-EFI-04" duration="00:00:00.0236391" startTime="2023-12-22T09:34:07.5220464+01:00" endTime="2023-12-22T09:34:07.5532966+01:00" testType="13cdc9d9-ddb5-4fa4-a97d-d965ccfc6d4b" outcome="Passed" testListId="8c84fa94-04c1-424b-9868-57a2d4851a1d" relativeResultsDirectory="66885e1c-08df-4747-b222-890a368344de" />
    <UnitTestResult executionId="5b1469d3-2048-4a47-a28c-07060b6ebba8" testId="c16e85c6-b409-f33c-2ac7-ad5958f17ffa" testName="ExcludeFromAboutBox_ShouldReturnTrue_WhenCalled" computerName="DKSR-EFI-04" duration="00:00:00.0699755" startTime="2023-12-22T09:34:06.2407894+01:00" endTime="2023-12-22T09:34:06.4126675+01:00" testType="13cdc9d9-ddb5-4fa4-a97d-d965ccfc6d4b" outcome="Passed" testListId="8c84fa94-04c1-424b-9868-57a2d4851a1d" relativeResultsDirectory="5b1469d3-2048-4a47-a28c-07060b6ebba8" />
    <UnitTestResult executionId="63dda90b-8ff4-4222-b468-f257b00794d1" testId="4d2e71d8-7592-715f-1b60-2c455b84ffad" testName="GetRandomKeyReturnsResponseViaHttpCall" computerName="DKSR-EFI-04" duration="00:00:00.0111962" startTime="2023-12-22T09:34:07.4907964+01:00" endTime="2023-12-22T09:34:07.5064212+01:00" testType="13cdc9d9-ddb5-4fa4-a97d-d965ccfc6d4b" outcome="Passed" testListId="8c84fa94-04c1-424b-9868-57a2d4851a1d" relativeResultsDirectory="63dda90b-8ff4-4222-b468-f257b00794d1" />
    <UnitTestResult executionId="edaddd04-3dc0-4df3-8869-9ee9f52d2b4a" testId="22fd8957-8a08-31ac-b430-eb9894c7ccaf" testName="CUDASender_SendCudaAlarms_Success" computerName="DKSR-EFI-04" duration="00:00:00.0621060" startTime="2023-12-22T09:34:07.7251725+01:00" endTime="2023-12-22T09:34:07.7876731+01:00" testType="13cdc9d9-ddb5-4fa4-a97d-d965ccfc6d4b" outcome="Passed" testListId="8c84fa94-04c1-424b-9868-57a2d4851a1d" relativeResultsDirectory="edaddd04-3dc0-4df3-8869-9ee9f52d2b4a" />
    <UnitTestResult executionId="61e98b78-50e3-4f82-81f4-dccf1c13b4fa" testId="f6c8e225-599d-c80d-be9f-6480083b5df8" testName="CUDAData_UpdateEvents_SendingTwoIdenticalEvent_OnlyOneStored" computerName="DKSR-EFI-04" duration="00:00:00.0227314" startTime="2023-12-22T09:34:07.9126722+01:00" endTime="2023-12-22T09:34:07.9282958+01:00" testType="13cdc9d9-ddb5-4fa4-a97d-d965ccfc6d4b" outcome="Passed" testListId="8c84fa94-04c1-424b-9868-57a2d4851a1d" relativeResultsDirectory="61e98b78-50e3-4f82-81f4-dccf1c13b4fa" />
    <UnitTestResult executionId="0acafeb8-ebe0-4e4b-bcbf-538c3607d76c" testId="b407f470-0baf-2212-c3d9-50a97fc1261a" testName="CUDAData_UpdateStates_SendingStateError" computerName="DKSR-EFI-04" duration="00:00:00.2144810" startTime="2023-12-22T09:34:07.9439241+01:00" endTime="2023-12-22T09:34:08.1626756+01:00" testType="13cdc9d9-ddb5-4fa4-a97d-d965ccfc6d4b" outcome="Passed" testListId="8c84fa94-04c1-424b-9868-57a2d4851a1d" relativeResultsDirectory="0acafeb8-ebe0-4e4b-bcbf-538c3607d76c" />
    <UnitTestResult executionId="85a5d11a-8cd5-4cc8-9451-0519fcc2541f" testId="bc2737a7-ec7f-3d2f-d9a1-2163ad99c017" testName="CUDASender_Constructor_Success" computerName="DKSR-EFI-04" duration="00:00:00.0280760" startTime="2023-12-22T09:34:07.6782961+01:00" endTime="2023-12-22T09:34:07.7095467+01:00" testType="13cdc9d9-ddb5-4fa4-a97d-d965ccfc6d4b" outcome="Passed" testListId="8c84fa94-04c1-424b-9868-57a2d4851a1d" relativeResultsDirectory="85a5d11a-8cd5-4cc8-9451-0519fcc2541f" />
    <UnitTestResult executionId="969e3cfb-072f-4068-926f-57cbbc64dfd3" testId="adcde897-795d-46b1-35b3-e42dfd041134" testName="CUDAData_UpdateStates_SendingStateNormal" computerName="DKSR-EFI-04" duration="00:00:00.0050881" startTime="2023-12-22T09:34:08.1626756+01:00" endTime="2023-12-22T09:34:08.1626756+01:00" testType="13cdc9d9-ddb5-4fa4-a97d-d965ccfc6d4b" outcome="Passed" testListId="8c84fa94-04c1-424b-9868-57a2d4851a1d" relativeResultsDirectory="969e3cfb-072f-4068-926f-57cbbc64dfd3" />
  </Results>
  <TestDefinitions>
    <UnitTest name="GetRandomKeyReturnsBase64EncodedString" storage="d:\actions-runner\_work\xpco\xpco\eventserver\cudaplugin\cudaplugin\videoos.cudaplugin.unittests\bin\debug\videoos.cudaplugin.unittests.dll" id="4d2d0e3d-6d29-bb7e-4fb7-309331bebb87">
      <Execution id="66885e1c-08df-4747-b222-890a368344de" />
      <TestMethod codeBase="D:\actions-runner\_work\XPCO\XPCO\EventServer\CUDAPlugin\CUDAPlugin\VideoOS.CUDAPlugin.UnitTests\bin\Debug\VideoOS.CUDAPlugin.UnitTests.dll" adapterTypeName="executor://mstestadapter/v1" className="VideoOS.CUDAPlugin.UnitTests.CUDAClientTests" name="GetRandomKeyReturnsBase64EncodedString" />
    </UnitTest>
    <UnitTest name="HttpResponseContentGetsFetchedOnlyWhenErrorHandlerReturnsTrue" storage="d:\actions-runner\_work\xpco\xpco\eventserver\cudaplugin\cudaplugin\videoos.cudaplugin.unittests\bin\debug\videoos.cudaplugin.unittests.dll" id="ed192cef-2f88-9629-5574-b669985d2693">
      <Execution id="e35415ec-8026-400f-aa3f-2fd93a9f8c23" />
      <TestMethod codeBase="D:\actions-runner\_work\XPCO\XPCO\EventServer\CUDAPlugin\CUDAPlugin\VideoOS.CUDAPlugin.UnitTests\bin\Debug\VideoOS.CUDAPlugin.UnitTests.dll" adapterTypeName="executor://mstestadapter/v1" className="VideoOS.CUDAPlugin.UnitTests.CUDAClientTests" name="HttpResponseContentGetsFetchedOnlyWhenErrorHandlerReturnsTrue" />
    </UnitTest>
    <UnitTest name="NoExceptionAndResponseIsDefaultTimeSpanWhenCudaPublicKeyIsUnavailableAsEmpty" storage="d:\actions-runner\_work\xpco\xpco\eventserver\cudaplugin\cudaplugin\videoos.cudaplugin.unittests\bin\debug\videoos.cudaplugin.unittests.dll" id="ca2941c6-45b8-6051-a6e9-2537ae2efb56">
      <Execution id="52ca57d0-c1cd-4d98-ba81-0634caf90978" />
      <TestMethod codeBase="D:\actions-runner\_work\XPCO\XPCO\EventServer\CUDAPlugin\CUDAPlugin\VideoOS.CUDAPlugin.UnitTests\bin\Debug\VideoOS.CUDAPlugin.UnitTests.dll" adapterTypeName="executor://mstestadapter/v1" className="VideoOS.CUDAPlugin.UnitTests.CUDAClientTests" name="NoExceptionAndResponseIsDefaultTimeSpanWhenCudaPublicKeyIsUnavailableAsEmpty" />
    </UnitTest>
    <UnitTest name="AddSomeMessages" storage="d:\actions-runner\_work\xpco\xpco\eventserver\cudaplugin\cudaplugin\videoos.cudaplugin.unittests\bin\debug\videoos.cudaplugin.unittests.dll" id="8e8a51b7-9203-1765-7db7-36998dfd2ecd">
      <Execution id="c4efddca-f47e-4feb-9c04-c3b59a433e98" />
      <TestMethod codeBase="D:\actions-runner\_work\XPCO\XPCO\EventServer\CUDAPlugin\CUDAPlugin\VideoOS.CUDAPlugin.UnitTests\bin\Debug\VideoOS.CUDAPlugin.UnitTests.dll" adapterTypeName="executor://mstestadapter/v1" className="VideoOS.CUDAPlugin.UnitTests.Database.CudaDataBaseManagerTests" name="AddSomeMessages" />
    </UnitTest>
    <UnitTest name="CUDAData_UpdateEvents_SendingTwoIdenticalinOneBatchEvent_OnlyOneStored" storage="d:\actions-runner\_work\xpco\xpco\eventserver\cudaplugin\cudaplugin\videoos.cudaplugin.unittests\bin\debug\videoos.cudaplugin.unittests.dll" id="3089620c-ded1-5bf7-99bf-220a603a9c97">
      <Execution id="c5f857f6-5d36-4320-a757-afb650bbef7f" />
      <TestMethod codeBase="D:\actions-runner\_work\XPCO\XPCO\EventServer\CUDAPlugin\CUDAPlugin\VideoOS.CUDAPlugin.UnitTests\bin\Debug\VideoOS.CUDAPlugin.UnitTests.dll" adapterTypeName="executor://mstestadapter/v1" className="VideoOS.CUDAPlugin.UnitTests.MessageHandlers.CUDADataTests" name="CUDAData_UpdateEvents_SendingTwoIdenticalinOneBatchEvent_OnlyOneStored" />
    </UnitTest>
    <UnitTest name="GetMessagesCallsTheRightProcedureAndReturnsAnAppropriateResultSet" storage="d:\actions-runner\_work\xpco\xpco\eventserver\cudaplugin\cudaplugin\videoos.cudaplugin.unittests\bin\debug\videoos.cudaplugin.unittests.dll" id="5ed7f5ec-cb7f-37b9-b0ad-3adbe623f45b">
      <Execution id="86b948f3-be08-427e-af07-2ff3d0968323" />
      <TestMethod codeBase="D:\actions-runner\_work\XPCO\XPCO\EventServer\CUDAPlugin\CUDAPlugin\VideoOS.CUDAPlugin.UnitTests\bin\Debug\VideoOS.CUDAPlugin.UnitTests.dll" adapterTypeName="executor://mstestadapter/v1" className="VideoOS.CUDAPlugin.UnitTests.Database.CudaDataBaseManagerTests" name="GetMessagesCallsTheRightProcedureAndReturnsAnAppropriateResultSet" />
    </UnitTest>
    <UnitTest name="CUDASender_Start_Success" storage="d:\actions-runner\_work\xpco\xpco\eventserver\cudaplugin\cudaplugin\videoos.cudaplugin.unittests\bin\debug\videoos.cudaplugin.unittests.dll" id="67611e97-9131-fbb9-bbae-61d165d24e8f">
      <Execution id="5da72040-47bf-4219-9f02-79b50568194c" />
      <TestMethod codeBase="D:\actions-runner\_work\XPCO\XPCO\EventServer\CUDAPlugin\CUDAPlugin\VideoOS.CUDAPlugin.UnitTests\bin\Debug\VideoOS.CUDAPlugin.UnitTests.dll" adapterTypeName="executor://mstestadapter/v1" className="VideoOS.CUDAPlugin.UnitTests.MessageHandlers.CUDASenderTests" name="CUDASender_Start_Success" />
    </UnitTest>
    <UnitTest name="CUDATimer_TestDefaultTimePerid_FromTestFile" storage="d:\actions-runner\_work\xpco\xpco\eventserver\cudaplugin\cudaplugin\videoos.cudaplugin.unittests\bin\debug\videoos.cudaplugin.unittests.dll" id="a35d1e65-aa77-8137-8053-b8f63de98eb5">
      <Execution id="3d573468-1b88-4c0c-8a7c-780a2f15d1bb" />
      <TestMethod codeBase="D:\actions-runner\_work\XPCO\XPCO\EventServer\CUDAPlugin\CUDAPlugin\VideoOS.CUDAPlugin.UnitTests\bin\Debug\VideoOS.CUDAPlugin.UnitTests.dll" adapterTypeName="executor://mstestadapter/v1" className="VideoOS.CUDAPlugin.UnitTests.MessageHandlers.CUDATimerTest" name="CUDATimer_TestDefaultTimePerid_FromTestFile" />
    </UnitTest>
    <UnitTest name="KeysMustBeCorrectlyXORed" storage="d:\actions-runner\_work\xpco\xpco\eventserver\cudaplugin\cudaplugin\videoos.cudaplugin.unittests\bin\debug\videoos.cudaplugin.unittests.dll" id="f3f3f42f-d09b-b19c-f492-ff59d85a105f">
      <Execution id="bd350c26-b264-40af-b7cb-d8580af77436" />
      <TestMethod codeBase="D:\actions-runner\_work\XPCO\XPCO\EventServer\CUDAPlugin\CUDAPlugin\VideoOS.CUDAPlugin.UnitTests\bin\Debug\VideoOS.CUDAPlugin.UnitTests.dll" adapterTypeName="executor://mstestadapter/v1" className="VideoOS.CUDAPlugin.UnitTests.CUDAClientTests" name="KeysMustBeCorrectlyXORed" />
    </UnitTest>
    <UnitTest name="AddMessagesCreatesOutputTableWithProperDimensionsAndContentsAndCallRelevantProcedure" storage="d:\actions-runner\_work\xpco\xpco\eventserver\cudaplugin\cudaplugin\videoos.cudaplugin.unittests\bin\debug\videoos.cudaplugin.unittests.dll" id="36df8a83-4992-f2f1-67cf-10dbf71debeb">
      <Execution id="8b4c4318-e6ed-45da-b736-215088df3a21" />
      <TestMethod codeBase="D:\actions-runner\_work\XPCO\XPCO\EventServer\CUDAPlugin\CUDAPlugin\VideoOS.CUDAPlugin.UnitTests\bin\Debug\VideoOS.CUDAPlugin.UnitTests.dll" adapterTypeName="executor://mstestadapter/v1" className="VideoOS.CUDAPlugin.UnitTests.Database.CudaDataBaseManagerTests" name="AddMessagesCreatesOutputTableWithProperDimensionsAndContentsAndCallRelevantProcedure" />
    </UnitTest>
    <UnitTest name="URICanBeControlledByFileInAppDir" storage="d:\actions-runner\_work\xpco\xpco\eventserver\cudaplugin\cudaplugin\videoos.cudaplugin.unittests\bin\debug\videoos.cudaplugin.unittests.dll" id="927ac355-341c-ec16-ca0d-0737b27d6ace">
      <Execution id="575ecbdd-1a90-4b8e-bdc7-7ed9397c397f" />
      <TestMethod codeBase="D:\actions-runner\_work\XPCO\XPCO\EventServer\CUDAPlugin\CUDAPlugin\VideoOS.CUDAPlugin.UnitTests\bin\Debug\VideoOS.CUDAPlugin.UnitTests.dll" adapterTypeName="executor://mstestadapter/v1" className="VideoOS.CUDAPlugin.UnitTests.CUDAClientTests" name="URICanBeControlledByFileInAppDir" />
    </UnitTest>
    <UnitTest name="NonStandardErrorCodeResultsInFalseReturnCodeFromCudaClient" storage="d:\actions-runner\_work\xpco\xpco\eventserver\cudaplugin\cudaplugin\videoos.cudaplugin.unittests\bin\debug\videoos.cudaplugin.unittests.dll" id="55449b9e-5390-4da2-fa28-237156970a32">
      <Execution id="a3d06696-402a-4c4a-a276-3188994ec47f" />
      <TestMethod codeBase="D:\actions-runner\_work\XPCO\XPCO\EventServer\CUDAPlugin\CUDAPlugin\VideoOS.CUDAPlugin.UnitTests\bin\Debug\VideoOS.CUDAPlugin.UnitTests.dll" adapterTypeName="executor://mstestadapter/v1" className="VideoOS.CUDAPlugin.UnitTests.CUDAClientTests" name="NonStandardErrorCodeResultsInFalseReturnCodeFromCudaClient" />
    </UnitTest>
    <UnitTest name="GetSomeMessages" storage="d:\actions-runner\_work\xpco\xpco\eventserver\cudaplugin\cudaplugin\videoos.cudaplugin.unittests\bin\debug\videoos.cudaplugin.unittests.dll" id="625e5564-df02-e3dd-31dc-0fc18a4a4b2e">
      <Execution id="f085307e-3b75-43b7-9979-854b5539becc" />
      <TestMethod codeBase="D:\actions-runner\_work\XPCO\XPCO\EventServer\CUDAPlugin\CUDAPlugin\VideoOS.CUDAPlugin.UnitTests\bin\Debug\VideoOS.CUDAPlugin.UnitTests.dll" adapterTypeName="executor://mstestadapter/v1" className="VideoOS.CUDAPlugin.UnitTests.Database.CudaDataBaseManagerTests" name="GetSomeMessages" />
    </UnitTest>
    <UnitTest name="CUDAData_UpdateEvents_SendingTwoIdenticalEvent_OnlyOneStored" storage="d:\actions-runner\_work\xpco\xpco\eventserver\cudaplugin\cudaplugin\videoos.cudaplugin.unittests\bin\debug\videoos.cudaplugin.unittests.dll" id="f6c8e225-599d-c80d-be9f-6480083b5df8">
      <Execution id="61e98b78-50e3-4f82-81f4-dccf1c13b4fa" />
      <TestMethod codeBase="D:\actions-runner\_work\XPCO\XPCO\EventServer\CUDAPlugin\CUDAPlugin\VideoOS.CUDAPlugin.UnitTests\bin\Debug\VideoOS.CUDAPlugin.UnitTests.dll" adapterTypeName="executor://mstestadapter/v1" className="VideoOS.CUDAPlugin.UnitTests.MessageHandlers.CUDADataTests" name="CUDAData_UpdateEvents_SendingTwoIdenticalEvent_OnlyOneStored" />
    </UnitTest>
    <UnitTest name="DeleteAllMessagesCallsTheCorrectProcedure" storage="d:\actions-runner\_work\xpco\xpco\eventserver\cudaplugin\cudaplugin\videoos.cudaplugin.unittests\bin\debug\videoos.cudaplugin.unittests.dll" id="208c133a-d402-3349-db6d-0d73533242ac">
      <Execution id="1303639d-7622-4479-9b8e-9981673a0f1d" />
      <TestMethod codeBase="D:\actions-runner\_work\XPCO\XPCO\EventServer\CUDAPlugin\CUDAPlugin\VideoOS.CUDAPlugin.UnitTests\bin\Debug\VideoOS.CUDAPlugin.UnitTests.dll" adapterTypeName="executor://mstestadapter/v1" className="VideoOS.CUDAPlugin.UnitTests.Database.CudaDataBaseManagerTests" name="DeleteAllMessagesCallsTheCorrectProcedure" />
    </UnitTest>
    <UnitTest name="ServerResponseWithNextCommunicationTimeMustBeWellFormed" storage="d:\actions-runner\_work\xpco\xpco\eventserver\cudaplugin\cudaplugin\videoos.cudaplugin.unittests\bin\debug\videoos.cudaplugin.unittests.dll" id="5b784325-14c0-6069-19fb-cb22d997335e">
      <Execution id="50f618a5-356b-4104-9f67-84ca24df2dc6" />
      <TestMethod codeBase="D:\actions-runner\_work\XPCO\XPCO\EventServer\CUDAPlugin\CUDAPlugin\VideoOS.CUDAPlugin.UnitTests\bin\Debug\VideoOS.CUDAPlugin.UnitTests.dll" adapterTypeName="executor://mstestadapter/v1" className="VideoOS.CUDAPlugin.UnitTests.CUDAClientTests" name="ServerResponseWithNextCommunicationTimeMustBeWellFormed" />
    </UnitTest>
    <UnitTest name="CUDATimer_TestDefaultTimePerid" storage="d:\actions-runner\_work\xpco\xpco\eventserver\cudaplugin\cudaplugin\videoos.cudaplugin.unittests\bin\debug\videoos.cudaplugin.unittests.dll" id="3e0c0757-c9fd-ab91-a951-75a5d5f2c8db">
      <Execution id="ac4940b8-86fa-4b7c-8532-d19d88f2fb9d" />
      <TestMethod codeBase="D:\actions-runner\_work\XPCO\XPCO\EventServer\CUDAPlugin\CUDAPlugin\VideoOS.CUDAPlugin.UnitTests\bin\Debug\VideoOS.CUDAPlugin.UnitTests.dll" adapterTypeName="executor://mstestadapter/v1" className="VideoOS.CUDAPlugin.UnitTests.MessageHandlers.CUDATimerTest" name="CUDATimer_TestDefaultTimePerid" />
    </UnitTest>
    <UnitTest name="CUDAData_UpdateEventsAsync_SendingOnValidEvent" storage="d:\actions-runner\_work\xpco\xpco\eventserver\cudaplugin\cudaplugin\videoos.cudaplugin.unittests\bin\debug\videoos.cudaplugin.unittests.dll" id="bad4c2e2-f228-a85f-e56d-f22c4aa15f82">
      <Execution id="1236dd95-af0a-478b-b3c7-119fc07f9c99" />
      <TestMethod codeBase="D:\actions-runner\_work\XPCO\XPCO\EventServer\CUDAPlugin\CUDAPlugin\VideoOS.CUDAPlugin.UnitTests\bin\Debug\VideoOS.CUDAPlugin.UnitTests.dll" adapterTypeName="executor://mstestadapter/v1" className="VideoOS.CUDAPlugin.UnitTests.MessageHandlers.CUDADataTests" name="CUDAData_UpdateEventsAsync_SendingOnValidEvent" />
    </UnitTest>
    <UnitTest name="CUDAData_UpdateStates_SendingStateNormal" storage="d:\actions-runner\_work\xpco\xpco\eventserver\cudaplugin\cudaplugin\videoos.cudaplugin.unittests\bin\debug\videoos.cudaplugin.unittests.dll" id="adcde897-795d-46b1-35b3-e42dfd041134">
      <Execution id="969e3cfb-072f-4068-926f-57cbbc64dfd3" />
      <TestMethod codeBase="D:\actions-runner\_work\XPCO\XPCO\EventServer\CUDAPlugin\CUDAPlugin\VideoOS.CUDAPlugin.UnitTests\bin\Debug\VideoOS.CUDAPlugin.UnitTests.dll" adapterTypeName="executor://mstestadapter/v1" className="VideoOS.CUDAPlugin.UnitTests.MessageHandlers.CUDADataTests" name="CUDAData_UpdateStates_SendingStateNormal" />
    </UnitTest>
    <UnitTest name="DeleteSomeMessages" storage="d:\actions-runner\_work\xpco\xpco\eventserver\cudaplugin\cudaplugin\videoos.cudaplugin.unittests\bin\debug\videoos.cudaplugin.unittests.dll" id="bb27ab66-ecae-308c-08e8-afb54129aef1">
      <Execution id="0257863b-cc88-4704-9c7c-45034c2dab6a" />
      <TestMethod codeBase="D:\actions-runner\_work\XPCO\XPCO\EventServer\CUDAPlugin\CUDAPlugin\VideoOS.CUDAPlugin.UnitTests\bin\Debug\VideoOS.CUDAPlugin.UnitTests.dll" adapterTypeName="executor://mstestadapter/v1" className="VideoOS.CUDAPlugin.UnitTests.Database.CudaDataBaseManagerTests" name="DeleteSomeMessages" />
    </UnitTest>
    <UnitTest name="GetRandomKeyReturnsResponseViaHttpCall" storage="d:\actions-runner\_work\xpco\xpco\eventserver\cudaplugin\cudaplugin\videoos.cudaplugin.unittests\bin\debug\videoos.cudaplugin.unittests.dll" id="4d2e71d8-7592-715f-1b60-2c455b84ffad">
      <Execution id="63dda90b-8ff4-4222-b468-f257b00794d1" />
      <TestMethod codeBase="D:\actions-runner\_work\XPCO\XPCO\EventServer\CUDAPlugin\CUDAPlugin\VideoOS.CUDAPlugin.UnitTests\bin\Debug\VideoOS.CUDAPlugin.UnitTests.dll" adapterTypeName="executor://mstestadapter/v1" className="VideoOS.CUDAPlugin.UnitTests.CUDAClientTests" name="GetRandomKeyReturnsResponseViaHttpCall" />
    </UnitTest>
    <UnitTest name="CUDAData_UpdateEvents_SendingTwoDifferentEvent_TwoStored" storage="d:\actions-runner\_work\xpco\xpco\eventserver\cudaplugin\cudaplugin\videoos.cudaplugin.unittests\bin\debug\videoos.cudaplugin.unittests.dll" id="ed74652d-89b1-2bc7-92f1-896e8084456e">
      <Execution id="3f965a0c-970e-4fa4-9602-3d180b00876d" />
      <TestMethod codeBase="D:\actions-runner\_work\XPCO\XPCO\EventServer\CUDAPlugin\CUDAPlugin\VideoOS.CUDAPlugin.UnitTests\bin\Debug\VideoOS.CUDAPlugin.UnitTests.dll" adapterTypeName="executor://mstestadapter/v1" className="VideoOS.CUDAPlugin.UnitTests.MessageHandlers.CUDADataTests" name="CUDAData_UpdateEvents_SendingTwoDifferentEvent_TwoStored" />
    </UnitTest>
    <UnitTest name="CUDASender_SendCudaAlarms_FailedTestReAddingEvents" storage="d:\actions-runner\_work\xpco\xpco\eventserver\cudaplugin\cudaplugin\videoos.cudaplugin.unittests\bin\debug\videoos.cudaplugin.unittests.dll" id="f19b7580-fd85-9149-1647-f14f0fdba63e">
      <Execution id="1b3e729e-3596-4d7c-8223-b50ccb0c74e8" />
      <TestMethod codeBase="D:\actions-runner\_work\XPCO\XPCO\EventServer\CUDAPlugin\CUDAPlugin\VideoOS.CUDAPlugin.UnitTests\bin\Debug\VideoOS.CUDAPlugin.UnitTests.dll" adapterTypeName="executor://mstestadapter/v1" className="VideoOS.CUDAPlugin.UnitTests.MessageHandlers.CUDASenderTests" name="CUDASender_SendCudaAlarms_FailedTestReAddingEvents" />
    </UnitTest>
    <UnitTest name="CUDASender_Constructor_Success" storage="d:\actions-runner\_work\xpco\xpco\eventserver\cudaplugin\cudaplugin\videoos.cudaplugin.unittests\bin\debug\videoos.cudaplugin.unittests.dll" id="bc2737a7-ec7f-3d2f-d9a1-2163ad99c017">
      <Execution id="85a5d11a-8cd5-4cc8-9451-0519fcc2541f" />
      <TestMethod codeBase="D:\actions-runner\_work\XPCO\XPCO\EventServer\CUDAPlugin\CUDAPlugin\VideoOS.CUDAPlugin.UnitTests\bin\Debug\VideoOS.CUDAPlugin.UnitTests.dll" adapterTypeName="executor://mstestadapter/v1" className="VideoOS.CUDAPlugin.UnitTests.MessageHandlers.CUDASenderTests" name="CUDASender_Constructor_Success" />
    </UnitTest>
    <UnitTest name="CUDASender_Stop_Success" storage="d:\actions-runner\_work\xpco\xpco\eventserver\cudaplugin\cudaplugin\videoos.cudaplugin.unittests\bin\debug\videoos.cudaplugin.unittests.dll" id="a1b3200c-637e-9573-676c-dae9a3629bd0">
      <Execution id="d3f5880c-1d8a-4c68-9b66-5e7e8fad8d09" />
      <TestMethod codeBase="D:\actions-runner\_work\XPCO\XPCO\EventServer\CUDAPlugin\CUDAPlugin\VideoOS.CUDAPlugin.UnitTests\bin\Debug\VideoOS.CUDAPlugin.UnitTests.dll" adapterTypeName="executor://mstestadapter/v1" className="VideoOS.CUDAPlugin.UnitTests.MessageHandlers.CUDASenderTests" name="CUDASender_Stop_Success" />
    </UnitTest>
    <UnitTest name="UpdateIntervalCallsTheRightProcedureWithAnAppropriateParameter" storage="d:\actions-runner\_work\xpco\xpco\eventserver\cudaplugin\cudaplugin\videoos.cudaplugin.unittests\bin\debug\videoos.cudaplugin.unittests.dll" id="b2bfd0bb-6b9f-ecee-cfe2-c26a153e5d71">
      <Execution id="7fa52545-d41e-4c5d-ad48-f7af58f2d336" />
      <TestMethod codeBase="D:\actions-runner\_work\XPCO\XPCO\EventServer\CUDAPlugin\CUDAPlugin\VideoOS.CUDAPlugin.UnitTests\bin\Debug\VideoOS.CUDAPlugin.UnitTests.dll" adapterTypeName="executor://mstestadapter/v1" className="VideoOS.CUDAPlugin.UnitTests.Database.CudaDataBaseManagerTests" name="UpdateIntervalCallsTheRightProcedureWithAnAppropriateParameter" />
    </UnitTest>
    <UnitTest name="CUDAData_SetTimeInterval" storage="d:\actions-runner\_work\xpco\xpco\eventserver\cudaplugin\cudaplugin\videoos.cudaplugin.unittests\bin\debug\videoos.cudaplugin.unittests.dll" id="ae8ddbe3-e055-b119-aec9-fd3a650e4303">
      <Execution id="9bc782d6-187e-4882-9964-a8d0130c1fb9" />
      <TestMethod codeBase="D:\actions-runner\_work\XPCO\XPCO\EventServer\CUDAPlugin\CUDAPlugin\VideoOS.CUDAPlugin.UnitTests\bin\Debug\VideoOS.CUDAPlugin.UnitTests.dll" adapterTypeName="executor://mstestadapter/v1" className="VideoOS.CUDAPlugin.UnitTests.MessageHandlers.CUDADataTests" name="CUDAData_SetTimeInterval" />
    </UnitTest>
    <UnitTest name="CUDAData_GetMessagesToSend_GetGroupedMessage" storage="d:\actions-runner\_work\xpco\xpco\eventserver\cudaplugin\cudaplugin\videoos.cudaplugin.unittests\bin\debug\videoos.cudaplugin.unittests.dll" id="ae47bcfe-b3b1-3120-ad7b-a871d4756a01">
      <Execution id="7c5c63d9-924c-47c4-a1b3-12dffb61ea90" />
      <TestMethod codeBase="D:\actions-runner\_work\XPCO\XPCO\EventServer\CUDAPlugin\CUDAPlugin\VideoOS.CUDAPlugin.UnitTests\bin\Debug\VideoOS.CUDAPlugin.UnitTests.dll" adapterTypeName="executor://mstestadapter/v1" className="VideoOS.CUDAPlugin.UnitTests.MessageHandlers.CUDADataTests" name="CUDAData_GetMessagesToSend_GetGroupedMessage" />
    </UnitTest>
    <UnitTest name="CUDASender_SendCudaAlarms_Success" storage="d:\actions-runner\_work\xpco\xpco\eventserver\cudaplugin\cudaplugin\videoos.cudaplugin.unittests\bin\debug\videoos.cudaplugin.unittests.dll" id="22fd8957-8a08-31ac-b430-eb9894c7ccaf">
      <Execution id="edaddd04-3dc0-4df3-8869-9ee9f52d2b4a" />
      <TestMethod codeBase="D:\actions-runner\_work\XPCO\XPCO\EventServer\CUDAPlugin\CUDAPlugin\VideoOS.CUDAPlugin.UnitTests\bin\Debug\VideoOS.CUDAPlugin.UnitTests.dll" adapterTypeName="executor://mstestadapter/v1" className="VideoOS.CUDAPlugin.UnitTests.MessageHandlers.CUDASenderTests" name="CUDASender_SendCudaAlarms_Success" />
    </UnitTest>
    <UnitTest name="CUDAData_GetMessagesToSend_GetOneMessage" storage="d:\actions-runner\_work\xpco\xpco\eventserver\cudaplugin\cudaplugin\videoos.cudaplugin.unittests\bin\debug\videoos.cudaplugin.unittests.dll" id="a35e92b3-dd88-c764-cf49-7cfc5a033053">
      <Execution id="0e138c7b-0dc7-4606-a714-c691f3d92b8d" />
      <TestMethod codeBase="D:\actions-runner\_work\XPCO\XPCO\EventServer\CUDAPlugin\CUDAPlugin\VideoOS.CUDAPlugin.UnitTests\bin\Debug\VideoOS.CUDAPlugin.UnitTests.dll" adapterTypeName="executor://mstestadapter/v1" className="VideoOS.CUDAPlugin.UnitTests.MessageHandlers.CUDADataTests" name="CUDAData_GetMessagesToSend_GetOneMessage" />
    </UnitTest>
    <UnitTest name="NoExceptionAndResponseIsDefaultTimeSpanWhenCudaPublicKeyIsUnavailableAsNull" storage="d:\actions-runner\_work\xpco\xpco\eventserver\cudaplugin\cudaplugin\videoos.cudaplugin.unittests\bin\debug\videoos.cudaplugin.unittests.dll" id="94df5767-a22f-369f-c9d4-f5ceb82629f2">
      <Execution id="298fb77a-9df1-48a4-8502-c17d46049d02" />
      <TestMethod codeBase="D:\actions-runner\_work\XPCO\XPCO\EventServer\CUDAPlugin\CUDAPlugin\VideoOS.CUDAPlugin.UnitTests\bin\Debug\VideoOS.CUDAPlugin.UnitTests.dll" adapterTypeName="executor://mstestadapter/v1" className="VideoOS.CUDAPlugin.UnitTests.CUDAClientTests" name="NoExceptionAndResponseIsDefaultTimeSpanWhenCudaPublicKeyIsUnavailableAsNull" />
    </UnitTest>
    <UnitTest name="CUDAData_UpdateStates_SendingStateError" storage="d:\actions-runner\_work\xpco\xpco\eventserver\cudaplugin\cudaplugin\videoos.cudaplugin.unittests\bin\debug\videoos.cudaplugin.unittests.dll" id="b407f470-0baf-2212-c3d9-50a97fc1261a">
      <Execution id="0acafeb8-ebe0-4e4b-bcbf-538c3607d76c" />
      <TestMethod codeBase="D:\actions-runner\_work\XPCO\XPCO\EventServer\CUDAPlugin\CUDAPlugin\VideoOS.CUDAPlugin.UnitTests\bin\Debug\VideoOS.CUDAPlugin.UnitTests.dll" adapterTypeName="executor://mstestadapter/v1" className="VideoOS.CUDAPlugin.UnitTests.MessageHandlers.CUDADataTests" name="CUDAData_UpdateStates_SendingStateError" />
    </UnitTest>
    <UnitTest name="NotificationCheckSumIsReturnedInBase64AndIsAValidHash" storage="d:\actions-runner\_work\xpco\xpco\eventserver\cudaplugin\cudaplugin\videoos.cudaplugin.unittests\bin\debug\videoos.cudaplugin.unittests.dll" id="e0fe29fc-6604-13b7-b9b8-2eb68941df4c">
      <Execution id="05bcea39-a3e9-49b1-bb27-07ba5edf3af8" />
      <TestMethod codeBase="D:\actions-runner\_work\XPCO\XPCO\EventServer\CUDAPlugin\CUDAPlugin\VideoOS.CUDAPlugin.UnitTests\bin\Debug\VideoOS.CUDAPlugin.UnitTests.dll" adapterTypeName="executor://mstestadapter/v1" className="VideoOS.CUDAPlugin.UnitTests.CUDAClientTests" name="NotificationCheckSumIsReturnedInBase64AndIsAValidHash" />
    </UnitTest>
    <UnitTest name="UpdateInterval" storage="d:\actions-runner\_work\xpco\xpco\eventserver\cudaplugin\cudaplugin\videoos.cudaplugin.unittests\bin\debug\videoos.cudaplugin.unittests.dll" id="5dfac2a4-4c04-7c21-417c-03bb93faee47">
      <Execution id="99c43e79-2c60-40bf-8d43-2a00a6be223f" />
      <TestMethod codeBase="D:\actions-runner\_work\XPCO\XPCO\EventServer\CUDAPlugin\CUDAPlugin\VideoOS.CUDAPlugin.UnitTests\bin\Debug\VideoOS.CUDAPlugin.UnitTests.dll" adapterTypeName="executor://mstestadapter/v1" className="VideoOS.CUDAPlugin.UnitTests.Database.CudaDataBaseManagerTests" name="UpdateInterval" />
    </UnitTest>
    <UnitTest name="CUDASender_ResetTimer_Success" storage="d:\actions-runner\_work\xpco\xpco\eventserver\cudaplugin\cudaplugin\videoos.cudaplugin.unittests\bin\debug\videoos.cudaplugin.unittests.dll" id="aaf61f24-7d9c-cce8-7acf-aa09da1dcbc3">
      <Execution id="f4fbac01-9fd7-4ae5-9f4d-8bbf2a3c6d4f" />
      <TestMethod codeBase="D:\actions-runner\_work\XPCO\XPCO\EventServer\CUDAPlugin\CUDAPlugin\VideoOS.CUDAPlugin.UnitTests\bin\Debug\VideoOS.CUDAPlugin.UnitTests.dll" adapterTypeName="executor://mstestadapter/v1" className="VideoOS.CUDAPlugin.UnitTests.MessageHandlers.CUDASenderTests" name="CUDASender_ResetTimer_Success" />
    </UnitTest>
    <UnitTest name="StandardErrorCodeResultsInTrueReturnCodeFromCudaClient" storage="d:\actions-runner\_work\xpco\xpco\eventserver\cudaplugin\cudaplugin\videoos.cudaplugin.unittests\bin\debug\videoos.cudaplugin.unittests.dll" id="7db5da64-a214-7d9e-5cdf-6e7e81411ff9">
      <Execution id="96e972a0-4fe9-46f0-b925-3e10a97c25c4" />
      <TestMethod codeBase="D:\actions-runner\_work\XPCO\XPCO\EventServer\CUDAPlugin\CUDAPlugin\VideoOS.CUDAPlugin.UnitTests\bin\Debug\VideoOS.CUDAPlugin.UnitTests.dll" adapterTypeName="executor://mstestadapter/v1" className="VideoOS.CUDAPlugin.UnitTests.CUDAClientTests" name="StandardErrorCodeResultsInTrueReturnCodeFromCudaClient" />
    </UnitTest>
    <UnitTest name="NoCudaKeyGetsLoggedWithRelevantOutput" storage="d:\actions-runner\_work\xpco\xpco\eventserver\cudaplugin\cudaplugin\videoos.cudaplugin.unittests\bin\debug\videoos.cudaplugin.unittests.dll" id="13e32e13-1ca3-cea2-6224-ee40dee5a01f">
      <Execution id="8950565e-3654-475d-8d6b-527071080300" />
      <TestMethod codeBase="D:\actions-runner\_work\XPCO\XPCO\EventServer\CUDAPlugin\CUDAPlugin\VideoOS.CUDAPlugin.UnitTests\bin\Debug\VideoOS.CUDAPlugin.UnitTests.dll" adapterTypeName="executor://mstestadapter/v1" className="VideoOS.CUDAPlugin.UnitTests.CUDAClientTests" name="NoCudaKeyGetsLoggedWithRelevantOutput" />
    </UnitTest>
    <UnitTest name="CUDAData_UpdateEvents_SendingOnValidEvent" storage="d:\actions-runner\_work\xpco\xpco\eventserver\cudaplugin\cudaplugin\videoos.cudaplugin.unittests\bin\debug\videoos.cudaplugin.unittests.dll" id="e626ecaf-fd58-ad8b-fcac-1e2001a4c599">
      <Execution id="99b62a1d-78a8-4cbd-9d17-878b1976c98c" />
      <TestMethod codeBase="D:\actions-runner\_work\XPCO\XPCO\EventServer\CUDAPlugin\CUDAPlugin\VideoOS.CUDAPlugin.UnitTests\bin\Debug\VideoOS.CUDAPlugin.UnitTests.dll" adapterTypeName="executor://mstestadapter/v1" className="VideoOS.CUDAPlugin.UnitTests.MessageHandlers.CUDADataTests" name="CUDAData_UpdateEvents_SendingOnValidEvent" />
    </UnitTest>
    <UnitTest name="ExcludeFromAboutBox_ShouldReturnTrue_WhenCalled" storage="d:\actions-runner\_work\xpco\xpco\eventserver\cudaplugin\cudaplugin\videoos.cudaplugin.unittests\bin\debug\videoos.cudaplugin.unittests.dll" id="c16e85c6-b409-f33c-2ac7-ad5958f17ffa">
      <Execution id="5b1469d3-2048-4a47-a28c-07060b6ebba8" />
      <TestMethod codeBase="D:\actions-runner\_work\XPCO\XPCO\EventServer\CUDAPlugin\CUDAPlugin\VideoOS.CUDAPlugin.UnitTests\bin\Debug\VideoOS.CUDAPlugin.UnitTests.dll" adapterTypeName="executor://mstestadapter/v1" className="VideoOS.CUDAPlugin.UnitTests.CUDAPluginDefinitionTests" name="ExcludeFromAboutBox_ShouldReturnTrue_WhenCalled" />
    </UnitTest>
  </TestDefinitions>
  <TestEntries>
    <TestEntry testId="625e5564-df02-e3dd-31dc-0fc18a4a4b2e" executionId="f085307e-3b75-43b7-9979-854b5539becc" testListId="8c84fa94-04c1-424b-9868-57a2d4851a1d" />
    <TestEntry testId="5b784325-14c0-6069-19fb-cb22d997335e" executionId="50f618a5-356b-4104-9f67-84ca24df2dc6" testListId="8c84fa94-04c1-424b-9868-57a2d4851a1d" />
    <TestEntry testId="208c133a-d402-3349-db6d-0d73533242ac" executionId="1303639d-7622-4479-9b8e-9981673a0f1d" testListId="8c84fa94-04c1-424b-9868-57a2d4851a1d" />
    <TestEntry testId="13e32e13-1ca3-cea2-6224-ee40dee5a01f" executionId="8950565e-3654-475d-8d6b-527071080300" testListId="8c84fa94-04c1-424b-9868-57a2d4851a1d" />
    <TestEntry testId="ed74652d-89b1-2bc7-92f1-896e8084456e" executionId="3f965a0c-970e-4fa4-9602-3d180b00876d" testListId="8c84fa94-04c1-424b-9868-57a2d4851a1d" />
    <TestEntry testId="ae8ddbe3-e055-b119-aec9-fd3a650e4303" executionId="9bc782d6-187e-4882-9964-a8d0130c1fb9" testListId="8c84fa94-04c1-424b-9868-57a2d4851a1d" />
    <TestEntry testId="55449b9e-5390-4da2-fa28-237156970a32" executionId="a3d06696-402a-4c4a-a276-3188994ec47f" testListId="8c84fa94-04c1-424b-9868-57a2d4851a1d" />
    <TestEntry testId="a1b3200c-637e-9573-676c-dae9a3629bd0" executionId="d3f5880c-1d8a-4c68-9b66-5e7e8fad8d09" testListId="8c84fa94-04c1-424b-9868-57a2d4851a1d" />
    <TestEntry testId="a35e92b3-dd88-c764-cf49-7cfc5a033053" executionId="0e138c7b-0dc7-4606-a714-c691f3d92b8d" testListId="8c84fa94-04c1-424b-9868-57a2d4851a1d" />
    <TestEntry testId="36df8a83-4992-f2f1-67cf-10dbf71debeb" executionId="8b4c4318-e6ed-45da-b736-215088df3a21" testListId="8c84fa94-04c1-424b-9868-57a2d4851a1d" />
    <TestEntry testId="bb27ab66-ecae-308c-08e8-afb54129aef1" executionId="0257863b-cc88-4704-9c7c-45034c2dab6a" testListId="8c84fa94-04c1-424b-9868-57a2d4851a1d" />
    <TestEntry testId="b2bfd0bb-6b9f-ecee-cfe2-c26a153e5d71" executionId="7fa52545-d41e-4c5d-ad48-f7af58f2d336" testListId="8c84fa94-04c1-424b-9868-57a2d4851a1d" />
    <TestEntry testId="aaf61f24-7d9c-cce8-7acf-aa09da1dcbc3" executionId="f4fbac01-9fd7-4ae5-9f4d-8bbf2a3c6d4f" testListId="8c84fa94-04c1-424b-9868-57a2d4851a1d" />
    <TestEntry testId="f3f3f42f-d09b-b19c-f492-ff59d85a105f" executionId="bd350c26-b264-40af-b7cb-d8580af77436" testListId="8c84fa94-04c1-424b-9868-57a2d4851a1d" />
    <TestEntry testId="5ed7f5ec-cb7f-37b9-b0ad-3adbe623f45b" executionId="86b948f3-be08-427e-af07-2ff3d0968323" testListId="8c84fa94-04c1-424b-9868-57a2d4851a1d" />
    <TestEntry testId="5dfac2a4-4c04-7c21-417c-03bb93faee47" executionId="99c43e79-2c60-40bf-8d43-2a00a6be223f" testListId="8c84fa94-04c1-424b-9868-57a2d4851a1d" />
    <TestEntry testId="94df5767-a22f-369f-c9d4-f5ceb82629f2" executionId="298fb77a-9df1-48a4-8502-c17d46049d02" testListId="8c84fa94-04c1-424b-9868-57a2d4851a1d" />
    <TestEntry testId="3089620c-ded1-5bf7-99bf-220a603a9c97" executionId="c5f857f6-5d36-4320-a757-afb650bbef7f" testListId="8c84fa94-04c1-424b-9868-57a2d4851a1d" />
    <TestEntry testId="3e0c0757-c9fd-ab91-a951-75a5d5f2c8db" executionId="ac4940b8-86fa-4b7c-8532-d19d88f2fb9d" testListId="8c84fa94-04c1-424b-9868-57a2d4851a1d" />
    <TestEntry testId="ca2941c6-45b8-6051-a6e9-2537ae2efb56" executionId="52ca57d0-c1cd-4d98-ba81-0634caf90978" testListId="8c84fa94-04c1-424b-9868-57a2d4851a1d" />
    <TestEntry testId="ae47bcfe-b3b1-3120-ad7b-a871d4756a01" executionId="7c5c63d9-924c-47c4-a1b3-12dffb61ea90" testListId="8c84fa94-04c1-424b-9868-57a2d4851a1d" />
    <TestEntry testId="ed192cef-2f88-9629-5574-b669985d2693" executionId="e35415ec-8026-400f-aa3f-2fd93a9f8c23" testListId="8c84fa94-04c1-424b-9868-57a2d4851a1d" />
    <TestEntry testId="bad4c2e2-f228-a85f-e56d-f22c4aa15f82" executionId="1236dd95-af0a-478b-b3c7-119fc07f9c99" testListId="8c84fa94-04c1-424b-9868-57a2d4851a1d" />
    <TestEntry testId="7db5da64-a214-7d9e-5cdf-6e7e81411ff9" executionId="96e972a0-4fe9-46f0-b925-3e10a97c25c4" testListId="8c84fa94-04c1-424b-9868-57a2d4851a1d" />
    <TestEntry testId="8e8a51b7-9203-1765-7db7-36998dfd2ecd" executionId="c4efddca-f47e-4feb-9c04-c3b59a433e98" testListId="8c84fa94-04c1-424b-9868-57a2d4851a1d" />
    <TestEntry testId="e0fe29fc-6604-13b7-b9b8-2eb68941df4c" executionId="05bcea39-a3e9-49b1-bb27-07ba5edf3af8" testListId="8c84fa94-04c1-424b-9868-57a2d4851a1d" />
    <TestEntry testId="927ac355-341c-ec16-ca0d-0737b27d6ace" executionId="575ecbdd-1a90-4b8e-bdc7-7ed9397c397f" testListId="8c84fa94-04c1-424b-9868-57a2d4851a1d" />
    <TestEntry testId="67611e97-9131-fbb9-bbae-61d165d24e8f" executionId="5da72040-47bf-4219-9f02-79b50568194c" testListId="8c84fa94-04c1-424b-9868-57a2d4851a1d" />
    <TestEntry testId="a35d1e65-aa77-8137-8053-b8f63de98eb5" executionId="3d573468-1b88-4c0c-8a7c-780a2f15d1bb" testListId="8c84fa94-04c1-424b-9868-57a2d4851a1d" />
    <TestEntry testId="f19b7580-fd85-9149-1647-f14f0fdba63e" executionId="1b3e729e-3596-4d7c-8223-b50ccb0c74e8" testListId="8c84fa94-04c1-424b-9868-57a2d4851a1d" />
    <TestEntry testId="e626ecaf-fd58-ad8b-fcac-1e2001a4c599" executionId="99b62a1d-78a8-4cbd-9d17-878b1976c98c" testListId="8c84fa94-04c1-424b-9868-57a2d4851a1d" />
    <TestEntry testId="4d2d0e3d-6d29-bb7e-4fb7-309331bebb87" executionId="66885e1c-08df-4747-b222-890a368344de" testListId="8c84fa94-04c1-424b-9868-57a2d4851a1d" />
    <TestEntry testId="c16e85c6-b409-f33c-2ac7-ad5958f17ffa" executionId="5b1469d3-2048-4a47-a28c-07060b6ebba8" testListId="8c84fa94-04c1-424b-9868-57a2d4851a1d" />
    <TestEntry testId="4d2e71d8-7592-715f-1b60-2c455b84ffad" executionId="63dda90b-8ff4-4222-b468-f257b00794d1" testListId="8c84fa94-04c1-424b-9868-57a2d4851a1d" />
    <TestEntry testId="22fd8957-8a08-31ac-b430-eb9894c7ccaf" executionId="edaddd04-3dc0-4df3-8869-9ee9f52d2b4a" testListId="8c84fa94-04c1-424b-9868-57a2d4851a1d" />
    <TestEntry testId="f6c8e225-599d-c80d-be9f-6480083b5df8" executionId="61e98b78-50e3-4f82-81f4-dccf1c13b4fa" testListId="8c84fa94-04c1-424b-9868-57a2d4851a1d" />
    <TestEntry testId="b407f470-0baf-2212-c3d9-50a97fc1261a" executionId="0acafeb8-ebe0-4e4b-bcbf-538c3607d76c" testListId="8c84fa94-04c1-424b-9868-57a2d4851a1d" />
    <TestEntry testId="bc2737a7-ec7f-3d2f-d9a1-2163ad99c017" executionId="85a5d11a-8cd5-4cc8-9451-0519fcc2541f" testListId="8c84fa94-04c1-424b-9868-57a2d4851a1d" />
    <TestEntry testId="adcde897-795d-46b1-35b3-e42dfd041134" executionId="969e3cfb-072f-4068-926f-57cbbc64dfd3" testListId="8c84fa94-04c1-424b-9868-57a2d4851a1d" />
  </TestEntries>
  <TestLists>
    <TestList name="Results Not in a List" id="8c84fa94-04c1-424b-9868-57a2d4851a1d" />
    <TestList name="All Loaded Results" id="19431567-8539-422a-85d7-44ee4e166bda" />
  </TestLists>
  <ResultSummary outcome="Completed">
    <Counters total="39" executed="39" passed="39" failed="0" error="0" timeout="0" aborted="0" inconclusive="0" passedButRunAborted="0" notRunnable="0" notExecuted="0" disconnected="0" warning="0" completed="0" inProgress="0" pending="0" />
    <RunInfos>
      <RunInfo computerName="DKSR-EFI-04" outcome="Warning" timestamp="2023-12-22T09:34:05.7251619+01:00">
        <Text>UTA007: Method SmokeTests defined in class VideoOS.CUDAPlugin.UnitTests.CUDAClientTests does not have correct signature. Test method marked with the [TestMethod] attribute must be non-static, public, return-type as void  and should not take any parameter. Example: public void Test.Class1.Test(). Additionally, return-type must be Task if you are running async unit tests. Example: public async Task Test.Class1.Test2()</Text>
      </RunInfo>
    </RunInfos>
  </ResultSummary>
</TestRun>