<?xml version="1.0" encoding="utf-8"?>
<TestRun id="36737563-f8c6-4587-85d0-42f26b2e227f" name="DKSR-EFI-04$@DKSR-EFI-04 2023-12-22 09:34:43" runUser="NT AUTHORITY\NETWORK SERVICE" xmlns="http://microsoft.com/schemas/VisualStudio/TeamTest/2010">
  <Times creation="2023-12-22T09:34:43.4753521+01:00" queuing="2023-12-22T09:34:43.4753521+01:00" start="2023-12-22T09:34:37.5065726+01:00" finish="2023-12-22T09:34:47.1472461+01:00" />
  <TestSettings name="default" id="23b26e34-6d4f-4f4c-b312-399ea39a7993">
    <Deployment runDeploymentRoot="DKSR-EFI-04$_DKSR-EFI-04_2023-12-22_09_34_43" />
  </TestSettings>
  <Results>
    <UnitTestResult executionId="cad002a6-16f4-4919-b562-be343e56b612" testId="74b59e74-e86e-0c9c-4c32-ebd45cbcee43" testName="TestMilestoneAndPinkResourceXmlStructure_AreSame_Success" computerName="DKSR-EFI-04" startTime="2023-12-22T09:34:46.5691200+01:00" endTime="2023-12-22T09:34:46.5691200+01:00" testType="13cdc9d9-ddb5-4fa4-a97d-d965ccfc6d4b" outcome="NotExecuted" testListId="8c84fa94-04c1-424b-9868-57a2d4851a1d" relativeResultsDirectory="cad002a6-16f4-4919-b562-be343e56b612" />
    <UnitTestResult executionId="c9eaa197-116b-4300-abd1-c550db47229c" testId="d84c8062-08c1-c98d-1d66-2446c062cf52" testName="CreateShortcut_ShouldSucceed_WhenArgumentsAndExecutableWasSet" computerName="DKSR-EFI-04" duration="00:00:00.7526752" startTime="2023-12-22T09:34:43.4441003+01:00" endTime="2023-12-22T09:34:44.2097316+01:00" testType="13cdc9d9-ddb5-4fa4-a97d-d965ccfc6d4b" outcome="Passed" testListId="8c84fa94-04c1-424b-9868-57a2d4851a1d" relativeResultsDirectory="c9eaa197-116b-4300-abd1-c550db47229c" />
    <UnitTestResult executionId="0231df1c-f10a-451c-823d-40b196015957" testId="655be6cc-2a18-e479-8770-98f84f696487" testName="GetConnectionString_LegacySourceDoesNotContainConnectionString_ReturnsStringEmpty" computerName="DKSR-EFI-04" duration="00:00:00.0015116" startTime="2023-12-22T09:34:44.7722358+01:00" endTime="2023-12-22T09:34:44.7722358+01:00" testType="13cdc9d9-ddb5-4fa4-a97d-d965ccfc6d4b" outcome="Passed" testListId="8c84fa94-04c1-424b-9868-57a2d4851a1d" relativeResultsDirectory="0231df1c-f10a-451c-823d-40b196015957" />
    <UnitTestResult executionId="747db87c-90ae-40ef-a81a-bc140fc6cc6e" testId="0b976719-e7a3-4340-176a-38d107f07d6e" testName="RemoveShortcut_ShouldSucceed_WhenShortcutExist" computerName="DKSR-EFI-04" duration="00:00:00.0357315" startTime="2023-12-22T09:34:44.2097316+01:00" endTime="2023-12-22T09:34:44.2409811+01:00" testType="13cdc9d9-ddb5-4fa4-a97d-d965ccfc6d4b" outcome="Passed" testListId="8c84fa94-04c1-424b-9868-57a2d4851a1d" relativeResultsDirectory="747db87c-90ae-40ef-a81a-bc140fc6cc6e" />
    <UnitTestResult executionId="471f3895-45b6-4b53-85c3-f1e9bfd94932" testId="2a5417f7-5869-01df-207f-5cc176b69bbe" testName="Given_NoUrisResponseFromManagementServerButLegacyConnectionSucceeeds_When_TryGetManagementServerInfo_Then_AddressesAreCreatedUsingBestGuess" computerName="DKSR-EFI-04" startTime="2023-12-22T09:34:43.4441003+01:00" endTime="2023-12-22T09:34:43.4441003+01:00" testType="13cdc9d9-ddb5-4fa4-a97d-d965ccfc6d4b" outcome="NotExecuted" testListId="8c84fa94-04c1-424b-9868-57a2d4851a1d" relativeResultsDirectory="471f3895-45b6-4b53-85c3-f1e9bfd94932" />
    <UnitTestResult executionId="eb64d057-656b-45ba-8c8b-310a6f206743" testId="501dc25e-41fc-6597-b26e-b5d6f43423a4" testName="Given_AManagementServer_21R2_When_GettingUrisOnRestApiWithAllAddressesDefined_Then_TheResponsIsInterpretedCorrect" computerName="DKSR-EFI-04" duration="00:00:00.2702847" startTime="2023-12-22T09:34:43.1628511+01:00" endTime="2023-12-22T09:34:43.4284790+01:00" testType="13cdc9d9-ddb5-4fa4-a97d-d965ccfc6d4b" outcome="Passed" testListId="8c84fa94-04c1-424b-9868-57a2d4851a1d" relativeResultsDirectory="eb64d057-656b-45ba-8c8b-310a6f206743" />
    <UnitTestResult executionId="e1710a6a-723f-4601-bf6f-b38dd9a6eb99" testId="c85024df-c549-cb80-21d1-11127ddf9b4c" testName="LabelTextWouldNotBeAdaptedToFontSizeLessThanOne_EvenIfTheTextIsStillNotBeAdaptedToTheLabel" computerName="DKSR-EFI-04" duration="00:00:00.0087012" startTime="2023-12-22T09:34:43.1472263+01:00" endTime="2023-12-22T09:34:43.1472263+01:00" testType="13cdc9d9-ddb5-4fa4-a97d-d965ccfc6d4b" outcome="Passed" testListId="8c84fa94-04c1-424b-9868-57a2d4851a1d" relativeResultsDirectory="e1710a6a-723f-4601-bf6f-b38dd9a6eb99" />
    <UnitTestResult executionId="0134aa74-e347-4b39-b037-642b02026fd9" testId="b5bbfaa3-2b04-4f08-a596-7a186cb1fe66" testName="Given_NoUrisResponseFromManagementServerAndLegacyConnectionFails_When_TryGetManagementServerInfo_Then_FalsIsReturned" computerName="DKSR-EFI-04" startTime="2023-12-22T09:34:43.4441003+01:00" endTime="2023-12-22T09:34:43.4441003+01:00" testType="13cdc9d9-ddb5-4fa4-a97d-d965ccfc6d4b" outcome="NotExecuted" testListId="8c84fa94-04c1-424b-9868-57a2d4851a1d" relativeResultsDirectory="0134aa74-e347-4b39-b037-642b02026fd9" />
    <UnitTestResult executionId="9824009d-d999-4672-b43f-a20a3b796aee" testId="1c6dbef2-43f6-8f8e-ad82-736cd2391b86" testName="LabelTextShouldBeAdapted_WhenTheRealPixelsOfTheTextIsBiggerThanTheSizeOfLabel" computerName="DKSR-EFI-04" duration="00:00:00.2993473" startTime="2023-12-22T09:34:42.7253501+01:00" endTime="2023-12-22T09:34:43.0847267+01:00" testType="13cdc9d9-ddb5-4fa4-a97d-d965ccfc6d4b" outcome="Passed" testListId="8c84fa94-04c1-424b-9868-57a2d4851a1d" relativeResultsDirectory="9824009d-d999-4672-b43f-a20a3b796aee" />
    <UnitTestResult executionId="7d3cfddb-2c8d-47bb-9a6b-3373a4b68e1d" testId="fd9e4766-f90e-c049-0ec7-40feaf6b8574" testName="Common_Utilities_IsValidSqlServerPath_Failed" computerName="DKSR-EFI-04" duration="00:00:01.4685117" startTime="2023-12-22T09:34:44.8191113+01:00" endTime="2023-12-22T09:34:46.2878661+01:00" testType="13cdc9d9-ddb5-4fa4-a97d-d965ccfc6d4b" outcome="Passed" testListId="8c84fa94-04c1-424b-9868-57a2d4851a1d" relativeResultsDirectory="7d3cfddb-2c8d-47bb-9a6b-3373a4b68e1d" />
    <UnitTestResult executionId="2415eca3-cc1e-4c87-b254-9fdd3f587e0d" testId="8ff84a4e-e7f5-2298-bb89-08db094df410" testName="Common_Utilities_Encrypt_DecryptPassword_Success" computerName="DKSR-EFI-04" duration="00:00:00.0157535" startTime="2023-12-22T09:34:46.3034911+01:00" endTime="2023-12-22T09:34:46.3191163+01:00" testType="13cdc9d9-ddb5-4fa4-a97d-d965ccfc6d4b" outcome="Passed" testListId="8c84fa94-04c1-424b-9868-57a2d4851a1d" relativeResultsDirectory="2415eca3-cc1e-4c87-b254-9fdd3f587e0d" />
    <UnitTestResult executionId="4d41852b-30b4-4d64-912f-6248f0144290" testId="a62017c7-2ce8-c2af-d83c-8c4bebb5285c" testName="Common_Utilities_HostValidateAddress_Success" computerName="DKSR-EFI-04" duration="00:00:00.1245224" startTime="2023-12-22T09:34:46.3191163+01:00" endTime="2023-12-22T09:34:46.4441165+01:00" testType="13cdc9d9-ddb5-4fa4-a97d-d965ccfc6d4b" outcome="Passed" testListId="8c84fa94-04c1-424b-9868-57a2d4851a1d" relativeResultsDirectory="4d41852b-30b4-4d64-912f-6248f0144290" />
    <UnitTestResult executionId="1dff031d-25d4-4262-914c-d140164d3243" testId="740a0a1b-02e9-7a79-f213-7e447c8f19d0" testName="Common_Utilities_Encrypt_DecryptPassword_Unicode_Success" computerName="DKSR-EFI-04" duration="00:00:00.0009607" startTime="2023-12-22T09:34:46.3191163+01:00" endTime="2023-12-22T09:34:46.3191163+01:00" testType="13cdc9d9-ddb5-4fa4-a97d-d965ccfc6d4b" outcome="Passed" testListId="8c84fa94-04c1-424b-9868-57a2d4851a1d" relativeResultsDirectory="1dff031d-25d4-4262-914c-d140164d3243" />
    <UnitTestResult executionId="214af536-4905-43cb-b837-d904fc072fad" testId="23768360-ac81-dfed-c11f-f97786b4ccf6" testName="LabelTextWouldNotBeAdapted_WhenTheRealPixelsOfTheTextIsNotBiggerThanTheSizeOfLabel" computerName="DKSR-EFI-04" duration="00:00:00.0025657" startTime="2023-12-22T09:34:43.1316030+01:00" endTime="2023-12-22T09:34:43.1472263+01:00" testType="13cdc9d9-ddb5-4fa4-a97d-d965ccfc6d4b" outcome="Passed" testListId="8c84fa94-04c1-424b-9868-57a2d4851a1d" relativeResultsDirectory="214af536-4905-43cb-b837-d904fc072fad" />
    <UnitTestResult executionId="cc8bd783-1e85-4f8a-a41b-1df1b9609f90" testId="d4e106e3-a65d-03e2-9b15-883beb802866" testName="RemoveShortcut_ShouldNotFail_WhenTheShortcutDoesNotExist" computerName="DKSR-EFI-04" duration="00:00:00.0004245" startTime="2023-12-22T09:34:44.2097316+01:00" endTime="2023-12-22T09:34:44.2097316+01:00" testType="13cdc9d9-ddb5-4fa4-a97d-d965ccfc6d4b" outcome="Passed" testListId="8c84fa94-04c1-424b-9868-57a2d4851a1d" relativeResultsDirectory="cc8bd783-1e85-4f8a-a41b-1df1b9609f90" />
    <UnitTestResult executionId="e1993433-7fdc-422c-bca4-e2e7a787d374" testId="222ff217-0d67-a4ee-0eff-f4124f582b14" testName="Given_AManagementServer_21R2_When_GettingUrisOnRestApiWithNoSecureAddressesDefined_Then_TheResponsIsInterpretedCorrect" computerName="DKSR-EFI-04" duration="00:00:00.0003461" startTime="2023-12-22T09:34:43.4284790+01:00" endTime="2023-12-22T09:34:43.4284790+01:00" testType="13cdc9d9-ddb5-4fa4-a97d-d965ccfc6d4b" outcome="Passed" testListId="8c84fa94-04c1-424b-9868-57a2d4851a1d" relativeResultsDirectory="e1993433-7fdc-422c-bca4-e2e7a787d374" />
    <UnitTestResult executionId="488c0bd7-d708-40a7-97e7-846953215a0b" testId="d9724258-8d66-9b89-0e02-e158ff8594a8" testName="TestMilestoneResource_CanReadValues_Success" computerName="DKSR-EFI-04" startTime="2023-12-22T09:34:46.5691200+01:00" endTime="2023-12-22T09:34:46.5691200+01:00" testType="13cdc9d9-ddb5-4fa4-a97d-d965ccfc6d4b" outcome="NotExecuted" testListId="8c84fa94-04c1-424b-9868-57a2d4851a1d" relativeResultsDirectory="488c0bd7-d708-40a7-97e7-846953215a0b" />
    <UnitTestResult executionId="da87fed5-7e20-4f5b-97d1-1a71608c7122" testId="58325279-5ed1-6dd1-1cd7-8397b11b9f38" testName="GetConnectionString_LegacySourceContainsConnectionString_ReturnsConnectionString" computerName="DKSR-EFI-04" duration="00:00:00.5296635" startTime="2023-12-22T09:34:44.2409811+01:00" endTime="2023-12-22T09:34:44.7722358+01:00" testType="13cdc9d9-ddb5-4fa4-a97d-d965ccfc6d4b" outcome="Passed" testListId="8c84fa94-04c1-424b-9868-57a2d4851a1d" relativeResultsDirectory="da87fed5-7e20-4f5b-97d1-1a71608c7122" />
    <UnitTestResult executionId="ad7b6d66-29e4-4a78-89de-0a36c3cf4ccf" testId="3b7e5a55-e129-60f5-e3bc-9ea30a041631" testName="Given_ResourceDotXmlIsNotPresent_When_CreatingGlobalData_Then_NoExceptionAndNoPopupMessages" computerName="DKSR-EFI-04" duration="00:00:00.1117596" startTime="2023-12-22T09:34:46.4441165+01:00" endTime="2023-12-22T09:34:46.5691200+01:00" testType="13cdc9d9-ddb5-4fa4-a97d-d965ccfc6d4b" outcome="Passed" testListId="8c84fa94-04c1-424b-9868-57a2d4851a1d" relativeResultsDirectory="ad7b6d66-29e4-4a78-89de-0a36c3cf4ccf" />
    <UnitTestResult executionId="908c4f7e-2f50-4177-acbd-d075340bc81d" testId="3ae896e8-9ad8-1004-a5b2-cfb94451d03a" testName="Common_Utilities_IsValidPath_Success" computerName="DKSR-EFI-04" duration="00:00:00.0386717" startTime="2023-12-22T09:34:44.7878616+01:00" endTime="2023-12-22T09:34:44.8191113+01:00" testType="13cdc9d9-ddb5-4fa4-a97d-d965ccfc6d4b" outcome="Passed" testListId="8c84fa94-04c1-424b-9868-57a2d4851a1d" relativeResultsDirectory="908c4f7e-2f50-4177-acbd-d075340bc81d" />
    <UnitTestResult executionId="c3c2486a-18a0-44b5-8970-d878ac60b5ac" testId="eb33940c-e0e2-81df-bd18-25c55f5f50fc" testName="Given_AUrisResponseFromManagementServer_When_TryGetManagementServerInfo_Then_ItIsHandlesAndInterpretedCorrect" computerName="DKSR-EFI-04" startTime="2023-12-22T09:34:43.4284790+01:00" endTime="2023-12-22T09:34:43.4284790+01:00" testType="13cdc9d9-ddb5-4fa4-a97d-d965ccfc6d4b" outcome="NotExecuted" testListId="8c84fa94-04c1-424b-9868-57a2d4851a1d" relativeResultsDirectory="c3c2486a-18a0-44b5-8970-d878ac60b5ac" />
    <UnitTestResult executionId="849305e9-4a76-4fba-a917-f74dc3271d99" testId="4fa2bcda-08a5-2679-2230-4bccd0a24486" testName="Common_Utilities_IsValidPath_Failed" computerName="DKSR-EFI-04" duration="00:00:00.0004258" startTime="2023-12-22T09:34:44.8191113+01:00" endTime="2023-12-22T09:34:44.8191113+01:00" testType="13cdc9d9-ddb5-4fa4-a97d-d965ccfc6d4b" outcome="Passed" testListId="8c84fa94-04c1-424b-9868-57a2d4851a1d" relativeResultsDirectory="849305e9-4a76-4fba-a917-f74dc3271d99" />
    <UnitTestResult executionId="6814838b-f7d0-4525-a933-64ed1d245830" testId="a4958ff6-262d-aa0e-5962-d01d31443a77" testName="Common_Utilities_IsValidSqlServerPath_Success" computerName="DKSR-EFI-04" duration="00:00:00.0002992" startTime="2023-12-22T09:34:44.8191113+01:00" endTime="2023-12-22T09:34:44.8191113+01:00" testType="13cdc9d9-ddb5-4fa4-a97d-d965ccfc6d4b" outcome="Passed" testListId="8c84fa94-04c1-424b-9868-57a2d4851a1d" relativeResultsDirectory="6814838b-f7d0-4525-a933-64ed1d245830" />
    <UnitTestResult executionId="bd48bb12-6f5a-4648-9c4c-4936c30c6098" testId="44cbd0df-8237-ecab-0558-fa99a16bbc3d" testName="Common_Utilities_HostValidateAddress_Failed" computerName="DKSR-EFI-04" duration="00:00:00.0033727" startTime="2023-12-22T09:34:46.4441165+01:00" endTime="2023-12-22T09:34:46.4441165+01:00" testType="13cdc9d9-ddb5-4fa4-a97d-d965ccfc6d4b" outcome="Passed" testListId="8c84fa94-04c1-424b-9868-57a2d4851a1d" relativeResultsDirectory="bd48bb12-6f5a-4648-9c4c-4936c30c6098" />
    <UnitTestResult executionId="68de5127-7633-4420-b31d-7ac9be292864" testId="50e09f55-58da-0baf-ccda-db85712c7113" testName="Given_AManagementServer_21R2_When_GettingUrisOnRestApiWithEmptySecureAddressesDefined_Then_TheResponsIsInterpretedCorrect" computerName="DKSR-EFI-04" duration="00:00:00.0002217" startTime="2023-12-22T09:34:43.4284790+01:00" endTime="2023-12-22T09:34:43.4284790+01:00" testType="13cdc9d9-ddb5-4fa4-a97d-d965ccfc6d4b" outcome="Passed" testListId="8c84fa94-04c1-424b-9868-57a2d4851a1d" relativeResultsDirectory="68de5127-7633-4420-b31d-7ac9be292864" />
  </Results>
  <TestDefinitions>
    <UnitTest name="GetConnectionString_LegacySourceDoesNotContainConnectionString_ReturnsStringEmpty" storage="d:\actions-runner\_work\xpco\xpco\installerframework\videoos.installer.common.unittests\bin\debug\videoos.installer.common.unittests.dll" id="655be6cc-2a18-e479-8770-98f84f696487">
      <Execution id="0231df1c-f10a-451c-823d-40b196015957" />
      <TestMethod codeBase="D:\actions-runner\_work\XPCO\XPCO\InstallerFramework\VideoOS.Installer.Common.UnitTests\bin\Debug\VideoOS.Installer.Common.UnitTests.dll" adapterTypeName="executor://mstestadapter/v1" className="VideoOS.Installer.Common.UnitTest.InstallerConnectionStringHelperTests" name="GetConnectionString_LegacySourceDoesNotContainConnectionString_ReturnsStringEmpty" />
    </UnitTest>
    <UnitTest name="Given_AManagementServer_21R2_When_GettingUrisOnRestApiWithEmptySecureAddressesDefined_Then_TheResponsIsInterpretedCorrect" storage="d:\actions-runner\_work\xpco\xpco\installerframework\videoos.installer.common.unittests\bin\debug\videoos.installer.common.unittests.dll" id="50e09f55-58da-0baf-ccda-db85712c7113">
      <Execution id="68de5127-7633-4420-b31d-7ac9be292864" />
      <TestMethod codeBase="D:\actions-runner\_work\XPCO\XPCO\InstallerFramework\VideoOS.Installer.Common.UnitTests\bin\Debug\VideoOS.Installer.Common.UnitTests.dll" adapterTypeName="executor://mstestadapter/v1" className="VideoOS.Installer.Common.UnitTests.MsRestApiTests" name="Given_AManagementServer_21R2_When_GettingUrisOnRestApiWithEmptySecureAddressesDefined_Then_TheResponsIsInterpretedCorrect" />
    </UnitTest>
    <UnitTest name="CreateShortcut_ShouldSucceed_WhenArgumentsAndExecutableWasSet" storage="d:\actions-runner\_work\xpco\xpco\installerframework\videoos.installer.common.unittests\bin\debug\videoos.installer.common.unittests.dll" id="d84c8062-08c1-c98d-1d66-2446c062cf52">
      <Execution id="c9eaa197-116b-4300-abd1-c550db47229c" />
      <TestMethod codeBase="D:\actions-runner\_work\XPCO\XPCO\InstallerFramework\VideoOS.Installer.Common.UnitTests\bin\Debug\VideoOS.Installer.Common.UnitTests.dll" adapterTypeName="executor://mstestadapter/v1" className="VideoOS.Installer.Common.UnitTests.ShortcutManagerUnitTests" name="CreateShortcut_ShouldSucceed_WhenArgumentsAndExecutableWasSet" />
    </UnitTest>
    <UnitTest name="TestMilestoneAndPinkResourceXmlStructure_AreSame_Success" storage="d:\actions-runner\_work\xpco\xpco\installerframework\videoos.installer.common.unittests\bin\debug\videoos.installer.common.unittests.dll" id="74b59e74-e86e-0c9c-4c32-ebd45cbcee43">
      <Execution id="cad002a6-16f4-4919-b562-be343e56b612" />
      <TestMethod codeBase="D:\actions-runner\_work\XPCO\XPCO\InstallerFramework\VideoOS.Installer.Common.UnitTests\bin\Debug\VideoOS.Installer.Common.UnitTests.dll" adapterTypeName="executor://mstestadapter/v1" className="VideoOS.Installer.Common.UnitTest.ResourceXmlTest" name="TestMilestoneAndPinkResourceXmlStructure_AreSame_Success" />
    </UnitTest>
    <UnitTest name="RemoveShortcut_ShouldNotFail_WhenTheShortcutDoesNotExist" storage="d:\actions-runner\_work\xpco\xpco\installerframework\videoos.installer.common.unittests\bin\debug\videoos.installer.common.unittests.dll" id="d4e106e3-a65d-03e2-9b15-883beb802866">
      <Execution id="cc8bd783-1e85-4f8a-a41b-1df1b9609f90" />
      <TestMethod codeBase="D:\actions-runner\_work\XPCO\XPCO\InstallerFramework\VideoOS.Installer.Common.UnitTests\bin\Debug\VideoOS.Installer.Common.UnitTests.dll" adapterTypeName="executor://mstestadapter/v1" className="VideoOS.Installer.Common.UnitTests.ShortcutManagerUnitTests" name="RemoveShortcut_ShouldNotFail_WhenTheShortcutDoesNotExist" />
    </UnitTest>
    <UnitTest name="Common_Utilities_IsValidPath_Success" storage="d:\actions-runner\_work\xpco\xpco\installerframework\videoos.installer.common.unittests\bin\debug\videoos.installer.common.unittests.dll" id="3ae896e8-9ad8-1004-a5b2-cfb94451d03a">
      <Execution id="908c4f7e-2f50-4177-acbd-d075340bc81d" />
      <TestMethod codeBase="D:\actions-runner\_work\XPCO\XPCO\InstallerFramework\VideoOS.Installer.Common.UnitTests\bin\Debug\VideoOS.Installer.Common.UnitTests.dll" adapterTypeName="executor://mstestadapter/v1" className="VideoOS.Installer.Common.UnitTest.CommonUtilitiesUnitTest" name="Common_Utilities_IsValidPath_Success" />
    </UnitTest>
    <UnitTest name="Given_NoUrisResponseFromManagementServerButLegacyConnectionSucceeeds_When_TryGetManagementServerInfo_Then_AddressesAreCreatedUsingBestGuess" storage="d:\actions-runner\_work\xpco\xpco\installerframework\videoos.installer.common.unittests\bin\debug\videoos.installer.common.unittests.dll" id="2a5417f7-5869-01df-207f-5cc176b69bbe">
      <Execution id="471f3895-45b6-4b53-85c3-f1e9bfd94932" />
      <TestMethod codeBase="D:\actions-runner\_work\XPCO\XPCO\InstallerFramework\VideoOS.Installer.Common.UnitTests\bin\Debug\VideoOS.Installer.Common.UnitTests.dll" adapterTypeName="executor://mstestadapter/v1" className="VideoOS.Installer.Common.UnitTests.ServerHelperUnitTests" name="Given_NoUrisResponseFromManagementServerButLegacyConnectionSucceeeds_When_TryGetManagementServerInfo_Then_AddressesAreCreatedUsingBestGuess" />
    </UnitTest>
    <UnitTest name="Common_Utilities_HostValidateAddress_Failed" storage="d:\actions-runner\_work\xpco\xpco\installerframework\videoos.installer.common.unittests\bin\debug\videoos.installer.common.unittests.dll" id="44cbd0df-8237-ecab-0558-fa99a16bbc3d">
      <Execution id="bd48bb12-6f5a-4648-9c4c-4936c30c6098" />
      <TestMethod codeBase="D:\actions-runner\_work\XPCO\XPCO\InstallerFramework\VideoOS.Installer.Common.UnitTests\bin\Debug\VideoOS.Installer.Common.UnitTests.dll" adapterTypeName="executor://mstestadapter/v1" className="VideoOS.Installer.Common.UnitTest.CommonUtilitiesUnitTest" name="Common_Utilities_HostValidateAddress_Failed" />
    </UnitTest>
    <UnitTest name="Given_ResourceDotXmlIsNotPresent_When_CreatingGlobalData_Then_NoExceptionAndNoPopupMessages" storage="d:\actions-runner\_work\xpco\xpco\installerframework\videoos.installer.common.unittests\bin\debug\videoos.installer.common.unittests.dll" id="3b7e5a55-e129-60f5-e3bc-9ea30a041631">
      <Execution id="ad7b6d66-29e4-4a78-89de-0a36c3cf4ccf" />
      <TestMethod codeBase="D:\actions-runner\_work\XPCO\XPCO\InstallerFramework\VideoOS.Installer.Common.UnitTests\bin\Debug\VideoOS.Installer.Common.UnitTests.dll" adapterTypeName="executor://mstestadapter/v1" className="VideoOS.Installer.Common.UnitTest.CommonUtilitiesUnitTest" name="Given_ResourceDotXmlIsNotPresent_When_CreatingGlobalData_Then_NoExceptionAndNoPopupMessages" />
    </UnitTest>
    <UnitTest name="Given_AManagementServer_21R2_When_GettingUrisOnRestApiWithAllAddressesDefined_Then_TheResponsIsInterpretedCorrect" storage="d:\actions-runner\_work\xpco\xpco\installerframework\videoos.installer.common.unittests\bin\debug\videoos.installer.common.unittests.dll" id="501dc25e-41fc-6597-b26e-b5d6f43423a4">
      <Execution id="eb64d057-656b-45ba-8c8b-310a6f206743" />
      <TestMethod codeBase="D:\actions-runner\_work\XPCO\XPCO\InstallerFramework\VideoOS.Installer.Common.UnitTests\bin\Debug\VideoOS.Installer.Common.UnitTests.dll" adapterTypeName="executor://mstestadapter/v1" className="VideoOS.Installer.Common.UnitTests.MsRestApiTests" name="Given_AManagementServer_21R2_When_GettingUrisOnRestApiWithAllAddressesDefined_Then_TheResponsIsInterpretedCorrect" />
    </UnitTest>
    <UnitTest name="Given_NoUrisResponseFromManagementServerAndLegacyConnectionFails_When_TryGetManagementServerInfo_Then_FalsIsReturned" storage="d:\actions-runner\_work\xpco\xpco\installerframework\videoos.installer.common.unittests\bin\debug\videoos.installer.common.unittests.dll" id="b5bbfaa3-2b04-4f08-a596-7a186cb1fe66">
      <Execution id="0134aa74-e347-4b39-b037-642b02026fd9" />
      <TestMethod codeBase="D:\actions-runner\_work\XPCO\XPCO\InstallerFramework\VideoOS.Installer.Common.UnitTests\bin\Debug\VideoOS.Installer.Common.UnitTests.dll" adapterTypeName="executor://mstestadapter/v1" className="VideoOS.Installer.Common.UnitTests.ServerHelperUnitTests" name="Given_NoUrisResponseFromManagementServerAndLegacyConnectionFails_When_TryGetManagementServerInfo_Then_FalsIsReturned" />
    </UnitTest>
    <UnitTest name="TestMilestoneResource_CanReadValues_Success" storage="d:\actions-runner\_work\xpco\xpco\installerframework\videoos.installer.common.unittests\bin\debug\videoos.installer.common.unittests.dll" id="d9724258-8d66-9b89-0e02-e158ff8594a8">
      <Execution id="488c0bd7-d708-40a7-97e7-846953215a0b" />
      <TestMethod codeBase="D:\actions-runner\_work\XPCO\XPCO\InstallerFramework\VideoOS.Installer.Common.UnitTests\bin\Debug\VideoOS.Installer.Common.UnitTests.dll" adapterTypeName="executor://mstestadapter/v1" className="VideoOS.Installer.Common.UnitTest.ResourceXmlTest" name="TestMilestoneResource_CanReadValues_Success" />
    </UnitTest>
    <UnitTest name="Common_Utilities_IsValidSqlServerPath_Success" storage="d:\actions-runner\_work\xpco\xpco\installerframework\videoos.installer.common.unittests\bin\debug\videoos.installer.common.unittests.dll" id="a4958ff6-262d-aa0e-5962-d01d31443a77">
      <Execution id="6814838b-f7d0-4525-a933-64ed1d245830" />
      <TestMethod codeBase="D:\actions-runner\_work\XPCO\XPCO\InstallerFramework\VideoOS.Installer.Common.UnitTests\bin\Debug\VideoOS.Installer.Common.UnitTests.dll" adapterTypeName="executor://mstestadapter/v1" className="VideoOS.Installer.Common.UnitTest.CommonUtilitiesUnitTest" name="Common_Utilities_IsValidSqlServerPath_Success" />
    </UnitTest>
    <UnitTest name="Given_AUrisResponseFromManagementServer_When_TryGetManagementServerInfo_Then_ItIsHandlesAndInterpretedCorrect" storage="d:\actions-runner\_work\xpco\xpco\installerframework\videoos.installer.common.unittests\bin\debug\videoos.installer.common.unittests.dll" id="eb33940c-e0e2-81df-bd18-25c55f5f50fc">
      <Execution id="c3c2486a-18a0-44b5-8970-d878ac60b5ac" />
      <TestMethod codeBase="D:\actions-runner\_work\XPCO\XPCO\InstallerFramework\VideoOS.Installer.Common.UnitTests\bin\Debug\VideoOS.Installer.Common.UnitTests.dll" adapterTypeName="executor://mstestadapter/v1" className="VideoOS.Installer.Common.UnitTests.ServerHelperUnitTests" name="Given_AUrisResponseFromManagementServer_When_TryGetManagementServerInfo_Then_ItIsHandlesAndInterpretedCorrect" />
    </UnitTest>
    <UnitTest name="Common_Utilities_IsValidPath_Failed" storage="d:\actions-runner\_work\xpco\xpco\installerframework\videoos.installer.common.unittests\bin\debug\videoos.installer.common.unittests.dll" id="4fa2bcda-08a5-2679-2230-4bccd0a24486">
      <Execution id="849305e9-4a76-4fba-a917-f74dc3271d99" />
      <TestMethod codeBase="D:\actions-runner\_work\XPCO\XPCO\InstallerFramework\VideoOS.Installer.Common.UnitTests\bin\Debug\VideoOS.Installer.Common.UnitTests.dll" adapterTypeName="executor://mstestadapter/v1" className="VideoOS.Installer.Common.UnitTest.CommonUtilitiesUnitTest" name="Common_Utilities_IsValidPath_Failed" />
    </UnitTest>
    <UnitTest name="Common_Utilities_IsValidSqlServerPath_Failed" storage="d:\actions-runner\_work\xpco\xpco\installerframework\videoos.installer.common.unittests\bin\debug\videoos.installer.common.unittests.dll" id="fd9e4766-f90e-c049-0ec7-40feaf6b8574">
      <Execution id="7d3cfddb-2c8d-47bb-9a6b-3373a4b68e1d" />
      <TestMethod codeBase="D:\actions-runner\_work\XPCO\XPCO\InstallerFramework\VideoOS.Installer.Common.UnitTests\bin\Debug\VideoOS.Installer.Common.UnitTests.dll" adapterTypeName="executor://mstestadapter/v1" className="VideoOS.Installer.Common.UnitTest.CommonUtilitiesUnitTest" name="Common_Utilities_IsValidSqlServerPath_Failed" />
    </UnitTest>
    <UnitTest name="LabelTextWouldNotBeAdapted_WhenTheRealPixelsOfTheTextIsNotBiggerThanTheSizeOfLabel" storage="d:\actions-runner\_work\xpco\xpco\installerframework\videoos.installer.common.unittests\bin\debug\videoos.installer.common.unittests.dll" id="23768360-ac81-dfed-c11f-f97786b4ccf6">
      <Execution id="214af536-4905-43cb-b837-d904fc072fad" />
      <TestMethod codeBase="D:\actions-runner\_work\XPCO\XPCO\InstallerFramework\VideoOS.Installer.Common.UnitTests\bin\Debug\VideoOS.Installer.Common.UnitTests.dll" adapterTypeName="executor://mstestadapter/v1" className="VideoOS.Installer.Common.UnitTests.LabelTextAdaptorUnitTest" name="LabelTextWouldNotBeAdapted_WhenTheRealPixelsOfTheTextIsNotBiggerThanTheSizeOfLabel" />
    </UnitTest>
    <UnitTest name="GetConnectionString_LegacySourceContainsConnectionString_ReturnsConnectionString" storage="d:\actions-runner\_work\xpco\xpco\installerframework\videoos.installer.common.unittests\bin\debug\videoos.installer.common.unittests.dll" id="58325279-5ed1-6dd1-1cd7-8397b11b9f38">
      <Execution id="da87fed5-7e20-4f5b-97d1-1a71608c7122" />
      <TestMethod codeBase="D:\actions-runner\_work\XPCO\XPCO\InstallerFramework\VideoOS.Installer.Common.UnitTests\bin\Debug\VideoOS.Installer.Common.UnitTests.dll" adapterTypeName="executor://mstestadapter/v1" className="VideoOS.Installer.Common.UnitTest.InstallerConnectionStringHelperTests" name="GetConnectionString_LegacySourceContainsConnectionString_ReturnsConnectionString" />
    </UnitTest>
    <UnitTest name="RemoveShortcut_ShouldSucceed_WhenShortcutExist" storage="d:\actions-runner\_work\xpco\xpco\installerframework\videoos.installer.common.unittests\bin\debug\videoos.installer.common.unittests.dll" id="0b976719-e7a3-4340-176a-38d107f07d6e">
      <Execution id="747db87c-90ae-40ef-a81a-bc140fc6cc6e" />
      <TestMethod codeBase="D:\actions-runner\_work\XPCO\XPCO\InstallerFramework\VideoOS.Installer.Common.UnitTests\bin\Debug\VideoOS.Installer.Common.UnitTests.dll" adapterTypeName="executor://mstestadapter/v1" className="VideoOS.Installer.Common.UnitTests.ShortcutManagerUnitTests" name="RemoveShortcut_ShouldSucceed_WhenShortcutExist" />
    </UnitTest>
    <UnitTest name="Common_Utilities_Encrypt_DecryptPassword_Success" storage="d:\actions-runner\_work\xpco\xpco\installerframework\videoos.installer.common.unittests\bin\debug\videoos.installer.common.unittests.dll" id="8ff84a4e-e7f5-2298-bb89-08db094df410">
      <Execution id="2415eca3-cc1e-4c87-b254-9fdd3f587e0d" />
      <TestMethod codeBase="D:\actions-runner\_work\XPCO\XPCO\InstallerFramework\VideoOS.Installer.Common.UnitTests\bin\Debug\VideoOS.Installer.Common.UnitTests.dll" adapterTypeName="executor://mstestadapter/v1" className="VideoOS.Installer.Common.UnitTest.CommonUtilitiesUnitTest" name="Common_Utilities_Encrypt_DecryptPassword_Success" />
    </UnitTest>
    <UnitTest name="Common_Utilities_Encrypt_DecryptPassword_Unicode_Success" storage="d:\actions-runner\_work\xpco\xpco\installerframework\videoos.installer.common.unittests\bin\debug\videoos.installer.common.unittests.dll" id="740a0a1b-02e9-7a79-f213-7e447c8f19d0">
      <Execution id="1dff031d-25d4-4262-914c-d140164d3243" />
      <TestMethod codeBase="D:\actions-runner\_work\XPCO\XPCO\InstallerFramework\VideoOS.Installer.Common.UnitTests\bin\Debug\VideoOS.Installer.Common.UnitTests.dll" adapterTypeName="executor://mstestadapter/v1" className="VideoOS.Installer.Common.UnitTest.CommonUtilitiesUnitTest" name="Common_Utilities_Encrypt_DecryptPassword_Unicode_Success" />
    </UnitTest>
    <UnitTest name="Given_AManagementServer_21R2_When_GettingUrisOnRestApiWithNoSecureAddressesDefined_Then_TheResponsIsInterpretedCorrect" storage="d:\actions-runner\_work\xpco\xpco\installerframework\videoos.installer.common.unittests\bin\debug\videoos.installer.common.unittests.dll" id="222ff217-0d67-a4ee-0eff-f4124f582b14">
      <Execution id="e1993433-7fdc-422c-bca4-e2e7a787d374" />
      <TestMethod codeBase="D:\actions-runner\_work\XPCO\XPCO\InstallerFramework\VideoOS.Installer.Common.UnitTests\bin\Debug\VideoOS.Installer.Common.UnitTests.dll" adapterTypeName="executor://mstestadapter/v1" className="VideoOS.Installer.Common.UnitTests.MsRestApiTests" name="Given_AManagementServer_21R2_When_GettingUrisOnRestApiWithNoSecureAddressesDefined_Then_TheResponsIsInterpretedCorrect" />
    </UnitTest>
    <UnitTest name="LabelTextShouldBeAdapted_WhenTheRealPixelsOfTheTextIsBiggerThanTheSizeOfLabel" storage="d:\actions-runner\_work\xpco\xpco\installerframework\videoos.installer.common.unittests\bin\debug\videoos.installer.common.unittests.dll" id="1c6dbef2-43f6-8f8e-ad82-736cd2391b86">
      <Execution id="9824009d-d999-4672-b43f-a20a3b796aee" />
      <TestMethod codeBase="D:\actions-runner\_work\XPCO\XPCO\InstallerFramework\VideoOS.Installer.Common.UnitTests\bin\Debug\VideoOS.Installer.Common.UnitTests.dll" adapterTypeName="executor://mstestadapter/v1" className="VideoOS.Installer.Common.UnitTests.LabelTextAdaptorUnitTest" name="LabelTextShouldBeAdapted_WhenTheRealPixelsOfTheTextIsBiggerThanTheSizeOfLabel" />
    </UnitTest>
    <UnitTest name="LabelTextWouldNotBeAdaptedToFontSizeLessThanOne_EvenIfTheTextIsStillNotBeAdaptedToTheLabel" storage="d:\actions-runner\_work\xpco\xpco\installerframework\videoos.installer.common.unittests\bin\debug\videoos.installer.common.unittests.dll" id="c85024df-c549-cb80-21d1-11127ddf9b4c">
      <Execution id="e1710a6a-723f-4601-bf6f-b38dd9a6eb99" />
      <TestMethod codeBase="D:\actions-runner\_work\XPCO\XPCO\InstallerFramework\VideoOS.Installer.Common.UnitTests\bin\Debug\VideoOS.Installer.Common.UnitTests.dll" adapterTypeName="executor://mstestadapter/v1" className="VideoOS.Installer.Common.UnitTests.LabelTextAdaptorUnitTest" name="LabelTextWouldNotBeAdaptedToFontSizeLessThanOne_EvenIfTheTextIsStillNotBeAdaptedToTheLabel" />
    </UnitTest>
    <UnitTest name="Common_Utilities_HostValidateAddress_Success" storage="d:\actions-runner\_work\xpco\xpco\installerframework\videoos.installer.common.unittests\bin\debug\videoos.installer.common.unittests.dll" id="a62017c7-2ce8-c2af-d83c-8c4bebb5285c">
      <Execution id="4d41852b-30b4-4d64-912f-6248f0144290" />
      <TestMethod codeBase="D:\actions-runner\_work\XPCO\XPCO\InstallerFramework\VideoOS.Installer.Common.UnitTests\bin\Debug\VideoOS.Installer.Common.UnitTests.dll" adapterTypeName="executor://mstestadapter/v1" className="VideoOS.Installer.Common.UnitTest.CommonUtilitiesUnitTest" name="Common_Utilities_HostValidateAddress_Success" />
    </UnitTest>
  </TestDefinitions>
  <TestEntries>
    <TestEntry testId="74b59e74-e86e-0c9c-4c32-ebd45cbcee43" executionId="cad002a6-16f4-4919-b562-be343e56b612" testListId="8c84fa94-04c1-424b-9868-57a2d4851a1d" />
    <TestEntry testId="d84c8062-08c1-c98d-1d66-2446c062cf52" executionId="c9eaa197-116b-4300-abd1-c550db47229c" testListId="8c84fa94-04c1-424b-9868-57a2d4851a1d" />
    <TestEntry testId="655be6cc-2a18-e479-8770-98f84f696487" executionId="0231df1c-f10a-451c-823d-40b196015957" testListId="8c84fa94-04c1-424b-9868-57a2d4851a1d" />
    <TestEntry testId="0b976719-e7a3-4340-176a-38d107f07d6e" executionId="747db87c-90ae-40ef-a81a-bc140fc6cc6e" testListId="8c84fa94-04c1-424b-9868-57a2d4851a1d" />
    <TestEntry testId="2a5417f7-5869-01df-207f-5cc176b69bbe" executionId="471f3895-45b6-4b53-85c3-f1e9bfd94932" testListId="8c84fa94-04c1-424b-9868-57a2d4851a1d" />
    <TestEntry testId="501dc25e-41fc-6597-b26e-b5d6f43423a4" executionId="eb64d057-656b-45ba-8c8b-310a6f206743" testListId="8c84fa94-04c1-424b-9868-57a2d4851a1d" />
    <TestEntry testId="c85024df-c549-cb80-21d1-11127ddf9b4c" executionId="e1710a6a-723f-4601-bf6f-b38dd9a6eb99" testListId="8c84fa94-04c1-424b-9868-57a2d4851a1d" />
    <TestEntry testId="b5bbfaa3-2b04-4f08-a596-7a186cb1fe66" executionId="0134aa74-e347-4b39-b037-642b02026fd9" testListId="8c84fa94-04c1-424b-9868-57a2d4851a1d" />
    <TestEntry testId="1c6dbef2-43f6-8f8e-ad82-736cd2391b86" executionId="9824009d-d999-4672-b43f-a20a3b796aee" testListId="8c84fa94-04c1-424b-9868-57a2d4851a1d" />
    <TestEntry testId="fd9e4766-f90e-c049-0ec7-40feaf6b8574" executionId="7d3cfddb-2c8d-47bb-9a6b-3373a4b68e1d" testListId="8c84fa94-04c1-424b-9868-57a2d4851a1d" />
    <TestEntry testId="8ff84a4e-e7f5-2298-bb89-08db094df410" executionId="2415eca3-cc1e-4c87-b254-9fdd3f587e0d" testListId="8c84fa94-04c1-424b-9868-57a2d4851a1d" />
    <TestEntry testId="a62017c7-2ce8-c2af-d83c-8c4bebb5285c" executionId="4d41852b-30b4-4d64-912f-6248f0144290" testListId="8c84fa94-04c1-424b-9868-57a2d4851a1d" />
    <TestEntry testId="740a0a1b-02e9-7a79-f213-7e447c8f19d0" executionId="1dff031d-25d4-4262-914c-d140164d3243" testListId="8c84fa94-04c1-424b-9868-57a2d4851a1d" />
    <TestEntry testId="23768360-ac81-dfed-c11f-f97786b4ccf6" executionId="214af536-4905-43cb-b837-d904fc072fad" testListId="8c84fa94-04c1-424b-9868-57a2d4851a1d" />
    <TestEntry testId="d4e106e3-a65d-03e2-9b15-883beb802866" executionId="cc8bd783-1e85-4f8a-a41b-1df1b9609f90" testListId="8c84fa94-04c1-424b-9868-57a2d4851a1d" />
    <TestEntry testId="222ff217-0d67-a4ee-0eff-f4124f582b14" executionId="e1993433-7fdc-422c-bca4-e2e7a787d374" testListId="8c84fa94-04c1-424b-9868-57a2d4851a1d" />
    <TestEntry testId="d9724258-8d66-9b89-0e02-e158ff8594a8" executionId="488c0bd7-d708-40a7-97e7-846953215a0b" testListId="8c84fa94-04c1-424b-9868-57a2d4851a1d" />
    <TestEntry testId="58325279-5ed1-6dd1-1cd7-8397b11b9f38" executionId="da87fed5-7e20-4f5b-97d1-1a71608c7122" testListId="8c84fa94-04c1-424b-9868-57a2d4851a1d" />
    <TestEntry testId="3b7e5a55-e129-60f5-e3bc-9ea30a041631" executionId="ad7b6d66-29e4-4a78-89de-0a36c3cf4ccf" testListId="8c84fa94-04c1-424b-9868-57a2d4851a1d" />
    <TestEntry testId="3ae896e8-9ad8-1004-a5b2-cfb94451d03a" executionId="908c4f7e-2f50-4177-acbd-d075340bc81d" testListId="8c84fa94-04c1-424b-9868-57a2d4851a1d" />
    <TestEntry testId="eb33940c-e0e2-81df-bd18-25c55f5f50fc" executionId="c3c2486a-18a0-44b5-8970-d878ac60b5ac" testListId="8c84fa94-04c1-424b-9868-57a2d4851a1d" />
    <TestEntry testId="4fa2bcda-08a5-2679-2230-4bccd0a24486" executionId="849305e9-4a76-4fba-a917-f74dc3271d99" testListId="8c84fa94-04c1-424b-9868-57a2d4851a1d" />
    <TestEntry testId="a4958ff6-262d-aa0e-5962-d01d31443a77" executionId="6814838b-f7d0-4525-a933-64ed1d245830" testListId="8c84fa94-04c1-424b-9868-57a2d4851a1d" />
    <TestEntry testId="44cbd0df-8237-ecab-0558-fa99a16bbc3d" executionId="bd48bb12-6f5a-4648-9c4c-4936c30c6098" testListId="8c84fa94-04c1-424b-9868-57a2d4851a1d" />
    <TestEntry testId="50e09f55-58da-0baf-ccda-db85712c7113" executionId="68de5127-7633-4420-b31d-7ac9be292864" testListId="8c84fa94-04c1-424b-9868-57a2d4851a1d" />
  </TestEntries>
  <TestLists>
    <TestList name="Results Not in a List" id="8c84fa94-04c1-424b-9868-57a2d4851a1d" />
    <TestList name="All Loaded Results" id="19431567-8539-422a-85d7-44ee4e166bda" />
  </TestLists>
  <ResultSummary outcome="Completed">
    <Counters total="25" executed="20" passed="20" failed="0" error="0" timeout="0" aborted="0" inconclusive="0" passedButRunAborted="0" notRunnable="0" notExecuted="0" disconnected="0" warning="0" completed="0" inProgress="0" pending="0" />
    <Output>
      <StdOut>Test 'Given_AUrisResponseFromManagementServer_When_TryGetManagementServerInfo_Then_ItIsHandlesAndInterpretedCorrect' was skipped in the test run.&#xD;
Test 'Given_NoUrisResponseFromManagementServerButLegacyConnectionSucceeeds_When_TryGetManagementServerInfo_Then_AddressesAreCreatedUsingBestGuess' was skipped in the test run.&#xD;
Test 'Given_NoUrisResponseFromManagementServerAndLegacyConnectionFails_When_TryGetManagementServerInfo_Then_FalsIsReturned' was skipped in the test run.&#xD;
Test 'TestMilestoneAndPinkResourceXmlStructure_AreSame_Success' was skipped in the test run.&#xD;
Test 'TestMilestoneResource_CanReadValues_Success' was skipped in the test run.&#xD;
</StdOut>
    </Output>
  </ResultSummary>
</TestRun>