<?xml version="1.0" encoding="utf-8"?>
<TestRun id="1e3e03ce-462a-444a-8009-3b1faffe72f8" name="DKSR-EFI-04$@DKSR-EFI-04 2023-12-22 09:33:32" runUser="NT AUTHORITY\NETWORK SERVICE" xmlns="http://microsoft.com/schemas/VisualStudio/TeamTest/2010">
  <Times creation="2023-12-22T09:33:32.6625006+01:00" queuing="2023-12-22T09:33:32.6625006+01:00" start="2023-12-22T09:33:23.2562060+01:00" finish="2023-12-22T09:33:43.7094289+01:00" />
  <TestSettings name="default" id="ee8602ae-7cd0-43ef-b447-7eed724459ee">
    <Deployment runDeploymentRoot="DKSR-EFI-04$_DKSR-EFI-04_2023-12-22_09_33_32" />
  </TestSettings>
  <Results>
    <UnitTestResult executionId="36bf02b6-4c22-4769-bcf9-41839ba43a51" testId="e859f721-10a9-8113-54af-77af4f6b127c" testName="MismatchedStatusesAreCollapsedTest" computerName="DKSR-EFI-04" duration="00:00:00.0002713" startTime="2023-12-22T09:33:42.7562990+01:00" endTime="2023-12-22T09:33:42.7562990+01:00" testType="13cdc9d9-ddb5-4fa4-a97d-d965ccfc6d4b" outcome="Passed" testListId="8c84fa94-04c1-424b-9868-57a2d4851a1d" relativeResultsDirectory="36bf02b6-4c22-4769-bcf9-41839ba43a51" />
    <UnitTestResult executionId="6229391d-4c82-4499-b0f8-c12625bb5274" testId="65bb21ec-a84a-33c2-5191-d6efaa182c77" testName="ColumnWidthSpec_Relative_With_MaxPercentage_ArgumentException" computerName="DKSR-EFI-04" duration="00:00:00.0002748" startTime="2023-12-22T09:33:38.0062780+01:00" endTime="2023-12-22T09:33:38.0062780+01:00" testType="13cdc9d9-ddb5-4fa4-a97d-d965ccfc6d4b" outcome="Passed" testListId="8c84fa94-04c1-424b-9868-57a2d4851a1d" relativeResultsDirectory="6229391d-4c82-4499-b0f8-c12625bb5274" />
    <UnitTestResult executionId="deffb0aa-7e8e-49d6-9969-cfdaadc4c58e" testId="3e390018-cbd0-3fab-3227-c2bdc212e7a4" testName="Constructor_NullDataTest_Data" computerName="DKSR-EFI-04" duration="00:00:00.0643654" startTime="2023-12-22T09:33:32.7093761+01:00" endTime="2023-12-22T09:33:32.7718741+01:00" testType="13cdc9d9-ddb5-4fa4-a97d-d965ccfc6d4b" outcome="Passed" testListId="8c84fa94-04c1-424b-9868-57a2d4851a1d" relativeResultsDirectory="deffb0aa-7e8e-49d6-9969-cfdaadc4c58e" />
    <UnitTestResult executionId="d171f43f-ef8f-46d6-8a5c-4ad776a96858" testId="2263de12-05b9-2615-fd9d-d2d5c9269b30" testName="Convert_ArgumentNullException" computerName="DKSR-EFI-04" duration="00:00:00.0006045" startTime="2023-12-22T09:33:32.6156233+01:00" endTime="2023-12-22T09:33:32.6156233+01:00" testType="13cdc9d9-ddb5-4fa4-a97d-d965ccfc6d4b" outcome="Passed" testListId="8c84fa94-04c1-424b-9868-57a2d4851a1d" relativeResultsDirectory="d171f43f-ef8f-46d6-8a5c-4ad776a96858" />
    <UnitTestResult executionId="1f8299bf-ebbb-4932-9588-62ae4f11986d" testId="93477380-b89c-b371-b0e8-3f7b061744b3" testName="AllHardwareSelected_Set_TrueTest" computerName="DKSR-EFI-04" duration="00:00:00.0002341" startTime="2023-12-22T09:33:33.5687554+01:00" endTime="2023-12-22T09:33:33.5687554+01:00" testType="13cdc9d9-ddb5-4fa4-a97d-d965ccfc6d4b" outcome="Passed" testListId="8c84fa94-04c1-424b-9868-57a2d4851a1d" relativeResultsDirectory="1f8299bf-ebbb-4932-9588-62ae4f11986d" />
    <UnitTestResult executionId="be077e5c-7248-44be-b31c-8cdefe029e50" testId="f2eb084a-1f18-1fe7-34f1-2083fed4886b" testName="NavigatingTo_Selection_RecorderSelectionFromDataTest" computerName="DKSR-EFI-04" duration="00:00:00.0015226" startTime="2023-12-22T09:33:33.3656278+01:00" endTime="2023-12-22T09:33:33.3812565+01:00" testType="13cdc9d9-ddb5-4fa4-a97d-d965ccfc6d4b" outcome="Passed" testListId="8c84fa94-04c1-424b-9868-57a2d4851a1d" relativeResultsDirectory="be077e5c-7248-44be-b31c-8cdefe029e50" />
    <UnitTestResult executionId="db6ada80-0f35-4961-8887-e34e598f65fb" testId="ef144d12-0e43-7cbf-7db2-afda355e4f9e" testName="NavigatingTo_PageStatus_NoHardwareSelected" computerName="DKSR-EFI-04" duration="00:00:00.0013342" startTime="2023-12-22T09:33:35.9750181+01:00" endTime="2023-12-22T09:33:35.9750181+01:00" testType="13cdc9d9-ddb5-4fa4-a97d-d965ccfc6d4b" outcome="Passed" testListId="8c84fa94-04c1-424b-9868-57a2d4851a1d" relativeResultsDirectory="db6ada80-0f35-4961-8887-e34e598f65fb" />
    <UnitTestResult executionId="a3e7c157-2a45-4456-8c57-48b2d297453a" testId="fdb0b32c-91a8-7557-e0e4-2df46fff5a8d" testName="ThresholdNameConverter_Success" computerName="DKSR-EFI-04" duration="00:00:00.0009601" startTime="2023-12-22T09:33:37.9437771+01:00" endTime="2023-12-22T09:33:37.9437771+01:00" testType="13cdc9d9-ddb5-4fa4-a97d-d965ccfc6d4b" outcome="Passed" testListId="8c84fa94-04c1-424b-9868-57a2d4851a1d" relativeResultsDirectory="a3e7c157-2a45-4456-8c57-48b2d297453a" />
    <UnitTestResult executionId="6c441a54-c8e1-41f3-8e93-eec0feb8a060" testId="be8da6d3-d798-6ea6-d736-548a0a7f4ec0" testName="ScheduleNextRun_InternalExceptionDoesNotRaisesEventOnSiteWorking_Success" computerName="DKSR-EFI-04" startTime="2023-12-22T09:33:41.3812939+01:00" endTime="2023-12-22T09:33:41.3812939+01:00" testType="13cdc9d9-ddb5-4fa4-a97d-d965ccfc6d4b" outcome="NotExecuted" testListId="8c84fa94-04c1-424b-9868-57a2d4851a1d" relativeResultsDirectory="6c441a54-c8e1-41f3-8e93-eec0feb8a060">
      <Output></Output>
    </UnitTestResult>
    <UnitTestResult executionId="91c88f45-9da5-4029-adc0-0cbb867d3b4a" testId="1617597d-bf88-945d-8f00-fba5da581d8c" testName="Convert_ToBool_BothInvalidTest" computerName="DKSR-EFI-04" duration="00:00:00.0001829" startTime="2023-12-22T09:33:34.2406335+01:00" endTime="2023-12-22T09:33:34.2406335+01:00" testType="13cdc9d9-ddb5-4fa4-a97d-d965ccfc6d4b" outcome="Passed" testListId="8c84fa94-04c1-424b-9868-57a2d4851a1d" relativeResultsDirectory="91c88f45-9da5-4029-adc0-0cbb867d3b4a" />
    <UnitTestResult executionId="eec3bf21-4003-4096-8498-9e935e68a79c" testId="0bb41f33-dc84-1adf-de5a-a56416fa1c57" testName="NullObjectConvertsToVisible" computerName="DKSR-EFI-04" duration="00:00:00.0002420" startTime="2023-12-22T09:33:42.7250483+01:00" endTime="2023-12-22T09:33:42.7250483+01:00" testType="13cdc9d9-ddb5-4fa4-a97d-d965ccfc6d4b" outcome="Passed" testListId="8c84fa94-04c1-424b-9868-57a2d4851a1d" relativeResultsDirectory="eec3bf21-4003-4096-8498-9e935e68a79c" />
    <UnitTestResult executionId="e10289b8-cbfc-41a1-9ae4-da926fbabb8a" testId="664e6493-a350-b92e-3224-2f6b509268ea" testName="Initialize_NoFixedHardwareSelectionTest" computerName="DKSR-EFI-04" duration="00:00:00.0379014" startTime="2023-12-22T09:33:33.9125059+01:00" endTime="2023-12-22T09:33:33.9437566+01:00" testType="13cdc9d9-ddb5-4fa4-a97d-d965ccfc6d4b" outcome="Passed" testListId="8c84fa94-04c1-424b-9868-57a2d4851a1d" relativeResultsDirectory="e10289b8-cbfc-41a1-9ae4-da926fbabb8a">
      <Output>
        <StdOut>Debug Trace:&#xD;
Wizard : Locked navigation on thread : 14&#xD;
Wizard : Navigating to page 0 on thread 14&#xD;
Wizard : Completed navigation to page 0 on thread 12&#xD;
Wizard : Released lock navigation on thread : 12</StdOut>
      </Output>
    </UnitTestResult>
    <UnitTestResult executionId="4016c89c-b22f-4c3f-bab3-62811c9554c8" testId="d1f62858-9016-515a-9c1e-3ccfb99ab40f" testName="Convert_ToValue_UsageOnly_AvailableNullTest" computerName="DKSR-EFI-04" duration="00:00:00.0002073" startTime="2023-12-22T09:33:34.1937584+01:00" endTime="2023-12-22T09:33:34.1937584+01:00" testType="13cdc9d9-ddb5-4fa4-a97d-d965ccfc6d4b" outcome="Passed" testListId="8c84fa94-04c1-424b-9868-57a2d4851a1d" relativeResultsDirectory="4016c89c-b22f-4c3f-bab3-62811c9554c8" />
    <UnitTestResult executionId="2c69a1fd-7f61-45e2-94a6-dfb1093622ad" testId="f6c45a9d-919b-4033-0576-89eef5a0f5f4" testName="SelectionChanged_UnsubscribeTest" computerName="DKSR-EFI-04" duration="00:00:00.0005536" startTime="2023-12-22T09:33:36.2562660+01:00" endTime="2023-12-22T09:33:36.2562660+01:00" testType="13cdc9d9-ddb5-4fa4-a97d-d965ccfc6d4b" outcome="Passed" testListId="8c84fa94-04c1-424b-9868-57a2d4851a1d" relativeResultsDirectory="2c69a1fd-7f61-45e2-94a6-dfb1093622ad" />
    <UnitTestResult executionId="484c7cbc-d9d7-4241-929c-b9673695066d" testId="70fd5b44-aa44-6f9d-e7b8-dd3ba847a152" testName="SortBaseCommon_IsEquivalentOf_SortDescriptionCollection_DifferentListTest" computerName="DKSR-EFI-04" duration="00:00:00.0002636" startTime="2023-12-22T09:33:39.2094085+01:00" endTime="2023-12-22T09:33:39.2094085+01:00" testType="13cdc9d9-ddb5-4fa4-a97d-d965ccfc6d4b" outcome="Passed" testListId="8c84fa94-04c1-424b-9868-57a2d4851a1d" relativeResultsDirectory="484c7cbc-d9d7-4241-929c-b9673695066d" />
    <UnitTestResult executionId="93b1fcd9-7753-43bb-9cc2-da1fab3db217" testId="f4927cb4-3f2d-880e-41ec-49116b838eda" testName="NavigatingTo_ExceptionHandling_MoveHardwareException_FindHardwareThrowsTest" computerName="DKSR-EFI-04" duration="00:00:00.0007485" startTime="2023-12-22T09:33:33.5218776+01:00" endTime="2023-12-22T09:33:33.5218776+01:00" testType="13cdc9d9-ddb5-4fa4-a97d-d965ccfc6d4b" outcome="Passed" testListId="8c84fa94-04c1-424b-9868-57a2d4851a1d" relativeResultsDirectory="93b1fcd9-7753-43bb-9cc2-da1fab3db217" />
    <UnitTestResult executionId="52ded900-f128-4542-a351-2580b5396b71" testId="e4ab450a-f95f-1f67-e29e-c5c69e3518df" testName="Initialize_NavigatesToFirstPageTest" computerName="DKSR-EFI-04" duration="00:00:00.0142488" startTime="2023-12-22T09:33:34.3656325+01:00" endTime="2023-12-22T09:33:34.3656325+01:00" testType="13cdc9d9-ddb5-4fa4-a97d-d965ccfc6d4b" outcome="Passed" testListId="8c84fa94-04c1-424b-9868-57a2d4851a1d" relativeResultsDirectory="52ded900-f128-4542-a351-2580b5396b71">
      <Output>
        <StdOut>Debug Trace:&#xD;
Wizard : Locked navigation on thread : 14&#xD;
Wizard : Navigating to page 0 on thread 14&#xD;
Wizard : Completed navigation to page 0 on thread 17&#xD;
Wizard : Released lock navigation on thread : 17</StdOut>
      </Output>
    </UnitTestResult>
    <UnitTestResult executionId="ab6a2f6e-29bb-415e-9e66-e904c598459f" testId="7115e4f8-539b-b199-92f7-b9bc6936260b" testName="Validate_WithPasswordManualEntry_Empty" computerName="DKSR-EFI-04" duration="00:00:00.0009599" startTime="2023-12-22T09:33:36.0062661+01:00" endTime="2023-12-22T09:33:36.0062661+01:00" testType="13cdc9d9-ddb5-4fa4-a97d-d965ccfc6d4b" outcome="Passed" testListId="8c84fa94-04c1-424b-9868-57a2d4851a1d" relativeResultsDirectory="ab6a2f6e-29bb-415e-9e66-e904c598459f" />
    <UnitTestResult executionId="2b45f600-f35b-449e-be04-31d3a9894046" testId="9a6d99f0-2478-7008-b6de-ccf4f008eb1f" testName="Convert_Days_IncludingMinutesTest" computerName="DKSR-EFI-04" duration="00:00:00.0005428" startTime="2023-12-22T09:33:34.0375059+01:00" endTime="2023-12-22T09:33:34.0375059+01:00" testType="13cdc9d9-ddb5-4fa4-a97d-d965ccfc6d4b" outcome="Passed" testListId="8c84fa94-04c1-424b-9868-57a2d4851a1d" relativeResultsDirectory="2b45f600-f35b-449e-be04-31d3a9894046" />
    <UnitTestResult executionId="323a18c6-3cd7-4974-86e1-dde6502cb4cd" testId="e911694b-fe96-0fb6-9301-42b585cbc388" testName="Convert_InvalidMethodEnum_Throws_InvalidOperationException" computerName="DKSR-EFI-04" duration="00:00:00.0002822" startTime="2023-12-22T09:33:39.3500340+01:00" endTime="2023-12-22T09:33:39.3500340+01:00" testType="13cdc9d9-ddb5-4fa4-a97d-d965ccfc6d4b" outcome="Passed" testListId="8c84fa94-04c1-424b-9868-57a2d4851a1d" relativeResultsDirectory="323a18c6-3cd7-4974-86e1-dde6502cb4cd" />
    <UnitTestResult executionId="f6f73dad-247e-4525-a9ee-60ac4b2ad8d7" testId="12e1e94d-37b4-6153-c045-578e74c5b2f3" testName="NavigatingTo_Selection_FromData_UnavailableItemsTest" computerName="DKSR-EFI-04" duration="00:00:00.0005373" startTime="2023-12-22T09:33:33.5062558+01:00" endTime="2023-12-22T09:33:33.5062558+01:00" testType="13cdc9d9-ddb5-4fa4-a97d-d965ccfc6d4b" outcome="Passed" testListId="8c84fa94-04c1-424b-9868-57a2d4851a1d" relativeResultsDirectory="f6f73dad-247e-4525-a9ee-60ac4b2ad8d7" />
    <UnitTestResult executionId="93ccb800-004e-4c6f-8c7a-611e57300219" testId="654f6a20-5503-1b61-9bad-eb401ba7a60d" testName="AllHardwareSelected_Update_NoneSelectedTest" computerName="DKSR-EFI-04" duration="00:00:00.0004669" startTime="2023-12-22T09:33:36.2875155+01:00" endTime="2023-12-22T09:33:36.2875155+01:00" testType="13cdc9d9-ddb5-4fa4-a97d-d965ccfc6d4b" outcome="Passed" testListId="8c84fa94-04c1-424b-9868-57a2d4851a1d" relativeResultsDirectory="93ccb800-004e-4c6f-8c7a-611e57300219" />
    <UnitTestResult executionId="566d0343-cf43-46d6-b903-4acea74f65ce" testId="ddc799a4-a3b8-dc7a-53c1-7d8f32c294c9" testName="Constructor_NullPropertyTest" computerName="DKSR-EFI-04" duration="00:00:00.0006428" startTime="2023-12-22T09:33:39.2250328+01:00" endTime="2023-12-22T09:33:39.2406572+01:00" testType="13cdc9d9-ddb5-4fa4-a97d-d965ccfc6d4b" outcome="Passed" testListId="8c84fa94-04c1-424b-9868-57a2d4851a1d" relativeResultsDirectory="566d0343-cf43-46d6-b903-4acea74f65ce" />
    <UnitTestResult executionId="873d983c-7b74-4bf5-816b-99a07d0ca56e" testId="66e8dfc4-b1c2-0239-1605-db951eadea20" testName="ConvertBack_InvalidOperationException" computerName="DKSR-EFI-04" duration="00:00:00.0006794" startTime="2023-12-22T09:33:32.6625006+01:00" endTime="2023-12-22T09:33:32.6625006+01:00" testType="13cdc9d9-ddb5-4fa4-a97d-d965ccfc6d4b" outcome="Passed" testListId="8c84fa94-04c1-424b-9868-57a2d4851a1d" relativeResultsDirectory="873d983c-7b74-4bf5-816b-99a07d0ca56e" />
    <UnitTestResult executionId="a7f6b473-ef2d-4c14-945a-5a8c6b1bd72e" testId="14636060-b3f4-8768-196b-14bbe8721efb" testName="CurrentStatus_Update_SetSelectionTest" computerName="DKSR-EFI-04" duration="00:00:00.0003586" startTime="2023-12-22T09:33:36.3187680+01:00" endTime="2023-12-22T09:33:36.3187680+01:00" testType="13cdc9d9-ddb5-4fa4-a97d-d965ccfc6d4b" outcome="Passed" testListId="8c84fa94-04c1-424b-9868-57a2d4851a1d" relativeResultsDirectory="a7f6b473-ef2d-4c14-945a-5a8c6b1bd72e" />
    <UnitTestResult executionId="1b3644bc-f350-46ce-8c4d-4b2bef117d4b" testId="549bdddc-6026-e835-122f-1a9746498ce1" testName="NavigatingAway_WithFirmwarePath_SetProperly" computerName="DKSR-EFI-04" duration="00:00:00.0004077" startTime="2023-12-22T09:33:32.8656266+01:00" endTime="2023-12-22T09:33:32.8656266+01:00" testType="13cdc9d9-ddb5-4fa4-a97d-d965ccfc6d4b" outcome="Passed" testListId="8c84fa94-04c1-424b-9868-57a2d4851a1d" relativeResultsDirectory="1b3644bc-f350-46ce-8c4d-4b2bef117d4b" />
    <UnitTestResult executionId="a0ead0e0-8e3b-4eb8-98cd-c9bd4ac5c28b" testId="11fad197-dc15-5e94-2f41-67645523b002" testName="ConvertBack_InvalidOperationException" computerName="DKSR-EFI-04" duration="00:00:00.0004383" startTime="2023-12-22T09:33:32.6156233+01:00" endTime="2023-12-22T09:33:32.6156233+01:00" testType="13cdc9d9-ddb5-4fa4-a97d-d965ccfc6d4b" outcome="Passed" testListId="8c84fa94-04c1-424b-9868-57a2d4851a1d" relativeResultsDirectory="a0ead0e0-8e3b-4eb8-98cd-c9bd4ac5c28b" />
    <UnitTestResult executionId="0a44ac1c-150c-4eab-b84a-f7b2d19fb3df" testId="5899a75c-5291-1924-069c-47253700398b" testName="CurrentStatus_Event_ClearSelection" computerName="DKSR-EFI-04" duration="00:00:00.0006496" startTime="2023-12-22T09:33:36.0843910+01:00" endTime="2023-12-22T09:33:36.0843910+01:00" testType="13cdc9d9-ddb5-4fa4-a97d-d965ccfc6d4b" outcome="Passed" testListId="8c84fa94-04c1-424b-9868-57a2d4851a1d" relativeResultsDirectory="0a44ac1c-150c-4eab-b84a-f7b2d19fb3df" />
    <UnitTestResult executionId="8a9ae88d-ecb2-4f41-a6bc-71ec424ffece" testId="4a6f6063-0772-7b40-a6f3-a9b96658f054" testName="Convert_IsNullOrEmpty_Empty_Input_Returns_TrueResult" computerName="DKSR-EFI-04" duration="00:00:00.0001639" startTime="2023-12-22T09:33:39.3656574+01:00" endTime="2023-12-22T09:33:39.3656574+01:00" testType="13cdc9d9-ddb5-4fa4-a97d-d965ccfc6d4b" outcome="Passed" testListId="8c84fa94-04c1-424b-9868-57a2d4851a1d" relativeResultsDirectory="8a9ae88d-ecb2-4f41-a6bc-71ec424ffece" />
    <UnitTestResult executionId="a644c06b-9756-4d27-891c-9ae689978114" testId="cc09ee50-c14c-8ada-06f7-e9456fd353cb" testName="ColumnWidthSpec_NegativeMaxWidthPercentage_Throws_ArgumentException" computerName="DKSR-EFI-04" duration="00:00:00.0002937" startTime="2023-12-22T09:33:38.0062780+01:00" endTime="2023-12-22T09:33:38.0062780+01:00" testType="13cdc9d9-ddb5-4fa4-a97d-d965ccfc6d4b" outcome="Passed" testListId="8c84fa94-04c1-424b-9868-57a2d4851a1d" relativeResultsDirectory="a644c06b-9756-4d27-891c-9ae689978114" />
    <UnitTestResult executionId="dfdd0b40-44cb-4f5c-8749-7aaee196c48c" testId="bbab526a-2997-fda8-ef27-7976db3b3548" testName="AllHardwareSelected_Event_ToAllSelectedTest" computerName="DKSR-EFI-04" duration="00:00:00.0008666" startTime="2023-12-22T09:33:36.2875155+01:00" endTime="2023-12-22T09:33:36.2875155+01:00" testType="13cdc9d9-ddb5-4fa4-a97d-d965ccfc6d4b" outcome="Passed" testListId="8c84fa94-04c1-424b-9868-57a2d4851a1d" relativeResultsDirectory="dfdd0b40-44cb-4f5c-8749-7aaee196c48c" />
    <UnitTestResult executionId="edaa3db5-3b5d-47dd-8c93-d7dde7637e75" testId="bd289ba2-bb7a-a20f-f256-9e9f907d458a" testName="Convert_Error_TargetTypeNullTest" computerName="DKSR-EFI-04" duration="00:00:00.0005810" startTime="2023-12-22T09:33:34.1937584+01:00" endTime="2023-12-22T09:33:34.1937584+01:00" testType="13cdc9d9-ddb5-4fa4-a97d-d965ccfc6d4b" outcome="Passed" testListId="8c84fa94-04c1-424b-9868-57a2d4851a1d" relativeResultsDirectory="edaa3db5-3b5d-47dd-8c93-d7dde7637e75" />
    <UnitTestResult executionId="50a71b32-fe6e-489a-89ba-2f8b07d43652" testId="b07e2c88-163a-e164-51e3-4bc2c8820ae4" testName="CurrentStatus_Update_ClearSelection" computerName="DKSR-EFI-04" duration="00:00:00.0002600" startTime="2023-12-22T09:33:36.0843910+01:00" endTime="2023-12-22T09:33:36.0843910+01:00" testType="13cdc9d9-ddb5-4fa4-a97d-d965ccfc6d4b" outcome="Passed" testListId="8c84fa94-04c1-424b-9868-57a2d4851a1d" relativeResultsDirectory="50a71b32-fe6e-489a-89ba-2f8b07d43652" />
    <UnitTestResult executionId="015df979-47b6-460e-973a-7554b802e243" testId="93930c38-bad3-e886-0efe-52170415fbb6" testName="Constructor_HandlerNullTest" computerName="DKSR-EFI-04" duration="00:00:00.0024793" startTime="2023-12-22T09:33:33.8968813+01:00" endTime="2023-12-22T09:33:33.8968813+01:00" testType="13cdc9d9-ddb5-4fa4-a97d-d965ccfc6d4b" outcome="Passed" testListId="8c84fa94-04c1-424b-9868-57a2d4851a1d" relativeResultsDirectory="015df979-47b6-460e-973a-7554b802e243" />
    <UnitTestResult executionId="1b715ad9-87e0-4732-b510-2e2b7fb7f71c" testId="842c3777-724f-a6c4-be4c-c9bb68611fca" testName="NavigatingTo_NoChecksFail_HardwareSelected_NavigationCancelled" computerName="DKSR-EFI-04" duration="00:00:00.0003188" startTime="2023-12-22T09:33:34.3343815+01:00" endTime="2023-12-22T09:33:34.3343815+01:00" testType="13cdc9d9-ddb5-4fa4-a97d-d965ccfc6d4b" outcome="Passed" testListId="8c84fa94-04c1-424b-9868-57a2d4851a1d" relativeResultsDirectory="1b715ad9-87e0-4732-b510-2e2b7fb7f71c" />
    <UnitTestResult executionId="c995e0ca-4589-4c46-b1f2-bb197876e808" testId="4853e2d1-1b0b-06b5-aee8-6c69312049dd" testName="SelectionChanged_SameSelectedItemsCountTest" computerName="DKSR-EFI-04" duration="00:00:00.0005081" startTime="2023-12-22T09:33:33.5531279+01:00" endTime="2023-12-22T09:33:33.5531279+01:00" testType="13cdc9d9-ddb5-4fa4-a97d-d965ccfc6d4b" outcome="Passed" testListId="8c84fa94-04c1-424b-9868-57a2d4851a1d" relativeResultsDirectory="c995e0ca-4589-4c46-b1f2-bb197876e808" />
    <UnitTestResult executionId="1758a25e-31f5-46d6-8e6a-47158f17bf9b" testId="0086faaf-80d1-dcee-f6a8-6024fc959c32" testName="UpdateSelection_SameCountTest" computerName="DKSR-EFI-04" duration="00:00:00.0004606" startTime="2023-12-22T09:33:36.2093910+01:00" endTime="2023-12-22T09:33:36.2093910+01:00" testType="13cdc9d9-ddb5-4fa4-a97d-d965ccfc6d4b" outcome="Passed" testListId="8c84fa94-04c1-424b-9868-57a2d4851a1d" relativeResultsDirectory="1758a25e-31f5-46d6-8e6a-47158f17bf9b" />
    <UnitTestResult executionId="7af08afd-018c-4cbc-a1b2-8afe4489d44d" testId="203c2e4e-3984-7e80-a094-12f3b34ad639" testName="Constructor_NullDataTest" computerName="DKSR-EFI-04" duration="00:00:00.0043534" startTime="2023-12-22T09:33:36.1000157+01:00" endTime="2023-12-22T09:33:36.1000157+01:00" testType="13cdc9d9-ddb5-4fa4-a97d-d965ccfc6d4b" outcome="Passed" testListId="8c84fa94-04c1-424b-9868-57a2d4851a1d" relativeResultsDirectory="7af08afd-018c-4cbc-a1b2-8afe4489d44d" />
    <UnitTestResult executionId="9804b038-40fe-45fe-9e88-88508c67a717" testId="2d398707-f3c7-b329-c56c-f225f5231c79" testName="Constructor_DataNotChangedDuringConstructionTest" computerName="DKSR-EFI-04" duration="00:00:00.0003573" startTime="2023-12-22T09:33:32.7874990+01:00" endTime="2023-12-22T09:33:32.7874990+01:00" testType="13cdc9d9-ddb5-4fa4-a97d-d965ccfc6d4b" outcome="Passed" testListId="8c84fa94-04c1-424b-9868-57a2d4851a1d" relativeResultsDirectory="9804b038-40fe-45fe-9e88-88508c67a717" />
    <UnitTestResult executionId="b7a79bd1-9595-4348-88f5-c17fc1460e7b" testId="77e4c6e7-3616-588c-8208-115090998ad6" testName="Convert_Starting_NewLines_Ignored" computerName="DKSR-EFI-04" duration="00:00:00.0001922" startTime="2023-12-22T09:33:34.3031324+01:00" endTime="2023-12-22T09:33:34.3031324+01:00" testType="13cdc9d9-ddb5-4fa4-a97d-d965ccfc6d4b" outcome="Passed" testListId="8c84fa94-04c1-424b-9868-57a2d4851a1d" relativeResultsDirectory="b7a79bd1-9595-4348-88f5-c17fc1460e7b" />
    <UnitTestResult executionId="874abef2-bd3d-4a48-9fba-9bb21e1f3222" testId="1a1ec069-9b14-81bb-b802-1d035f3ee5a3" testName="NavigatingTo_AvailableRecorders_RecordersPopulatedTest" computerName="DKSR-EFI-04" duration="00:00:00.0059557" startTime="2023-12-22T09:33:33.3656278+01:00" endTime="2023-12-22T09:33:33.3656278+01:00" testType="13cdc9d9-ddb5-4fa4-a97d-d965ccfc6d4b" outcome="Passed" testListId="8c84fa94-04c1-424b-9868-57a2d4851a1d" relativeResultsDirectory="874abef2-bd3d-4a48-9fba-9bb21e1f3222" />
    <UnitTestResult executionId="c92b031f-7f4a-48a0-88b7-2c9c18289ce5" testId="7f37cb27-9a48-5cfa-81d4-67f4e61f026b" testName="ConvertBack_InvalidOperationException" computerName="DKSR-EFI-04" duration="00:00:00.0004706" startTime="2023-12-22T09:33:34.2562571+01:00" endTime="2023-12-22T09:33:34.2562571+01:00" testType="13cdc9d9-ddb5-4fa4-a97d-d965ccfc6d4b" outcome="Passed" testListId="8c84fa94-04c1-424b-9868-57a2d4851a1d" relativeResultsDirectory="c92b031f-7f4a-48a0-88b7-2c9c18289ce5" />
    <UnitTestResult executionId="c30dddc2-5d35-4572-afec-78132574e7f1" testId="9c0b94c9-958d-a5ec-8127-ce4dd92dd973" testName="WrongInputType" computerName="DKSR-EFI-04" duration="00:00:00.0006585" startTime="2023-12-22T09:33:42.7719233+01:00" endTime="2023-12-22T09:33:42.7719233+01:00" testType="13cdc9d9-ddb5-4fa4-a97d-d965ccfc6d4b" outcome="Passed" testListId="8c84fa94-04c1-424b-9868-57a2d4851a1d" relativeResultsDirectory="c30dddc2-5d35-4572-afec-78132574e7f1" />
    <UnitTestResult executionId="1d3198d3-6ff4-46f3-b4f1-f4d258faa57d" testId="748f99ad-bd43-9fee-62d3-8667030a21c6" testName="Validate_WithPasswordManualEntry_RequiresUppercase_Succeeds" computerName="DKSR-EFI-04" duration="00:00:00.0004027" startTime="2023-12-22T09:33:36.0687682+01:00" endTime="2023-12-22T09:33:36.0687682+01:00" testType="13cdc9d9-ddb5-4fa4-a97d-d965ccfc6d4b" outcome="Passed" testListId="8c84fa94-04c1-424b-9868-57a2d4851a1d" relativeResultsDirectory="1d3198d3-6ff4-46f3-b4f1-f4d258faa57d" />
    <UnitTestResult executionId="eed69037-0f5b-49aa-9240-ad6f7da8a843" testId="42450511-e9fc-1bb8-0a73-2867da9ef625" testName="PreviousCommand_ExecuteTest" computerName="DKSR-EFI-04" duration="00:00:00.0012634" startTime="2023-12-22T09:33:34.7093850+01:00" endTime="2023-12-22T09:33:34.7093850+01:00" testType="13cdc9d9-ddb5-4fa4-a97d-d965ccfc6d4b" outcome="Passed" testListId="8c84fa94-04c1-424b-9868-57a2d4851a1d" relativeResultsDirectory="eed69037-0f5b-49aa-9240-ad6f7da8a843">
      <Output>
        <StdOut>Debug Trace:&#xD;
Wizard : Locked navigation on thread : 14&#xD;
Wizard : Navigating to page 0 on thread 14&#xD;
Wizard : Completed navigation to page 0 on thread 19&#xD;
Wizard : Released lock navigation on thread : 19&#xD;
Wizard : Locked navigation on thread : 14&#xD;
Wizard : Navigating to page 1 on thread 14&#xD;
Wizard : Completed navigation to page 1 on thread 16&#xD;
Wizard : Released lock navigation on thread : 16&#xD;
Wizard : Locked navigation on thread : 14&#xD;
Wizard : Navigating to page 2 on thread 14&#xD;
Wizard : Completed navigation to page 2 on thread 16&#xD;
Wizard : Released lock navigation on thread : 16&#xD;
Wizard : Locked navigation on thread : 14&#xD;
Wizard : Navigating to page 1 on thread 14&#xD;
Wizard : Completed navigation to page 1 on thread 16&#xD;
Wizard : Released lock navigation on thread : 16&#xD;
Wizard : Locked navigation on thread : 14&#xD;
Wizard : Navigating to page 0 on thread 14&#xD;
Wizard : Completed navigation to page 0 on thread 16&#xD;
Wizard : Released lock navigation on thread : 16</StdOut>
      </Output>
    </UnitTestResult>
    <UnitTestResult executionId="003b276d-a10a-44a0-b7f8-74093509d5ed" testId="94129610-3ce2-205b-4a42-45c4d697d9ed" testName="Convert_AllValues" computerName="DKSR-EFI-04" duration="00:00:00.0015522" startTime="2023-12-22T09:33:36.4750178+01:00" endTime="2023-12-22T09:33:36.4750178+01:00" testType="13cdc9d9-ddb5-4fa4-a97d-d965ccfc6d4b" outcome="Passed" testListId="8c84fa94-04c1-424b-9868-57a2d4851a1d" relativeResultsDirectory="003b276d-a10a-44a0-b7f8-74093509d5ed" />
    <UnitTestResult executionId="72db60ba-a54b-416e-92cb-3d8d16a36e7b" testId="75fe98fc-516d-22c1-693a-fc7afe43a666" testName="Constructor_DataNotChangedDuringConstructionTest" computerName="DKSR-EFI-04" duration="00:00:00.0001998" startTime="2023-12-22T09:33:36.1000157+01:00" endTime="2023-12-22T09:33:36.1000157+01:00" testType="13cdc9d9-ddb5-4fa4-a97d-d965ccfc6d4b" outcome="Passed" testListId="8c84fa94-04c1-424b-9868-57a2d4851a1d" relativeResultsDirectory="72db60ba-a54b-416e-92cb-3d8d16a36e7b" />
    <UnitTestResult executionId="2ce26115-4be8-487e-899d-6ac24ac4bdc9" testId="d5e41e46-8604-2549-4224-9c75532b73f9" testName="HandledVmoAccessTests_PermissionCheckerReturnsCorrectResultWhenCallSucceeds" computerName="DKSR-EFI-04" duration="00:00:00.0016543" startTime="2023-12-22T09:33:36.8812711+01:00" endTime="2023-12-22T09:33:36.8812711+01:00" testType="13cdc9d9-ddb5-4fa4-a97d-d965ccfc6d4b" outcome="Passed" testListId="8c84fa94-04c1-424b-9868-57a2d4851a1d" relativeResultsDirectory="2ce26115-4be8-487e-899d-6ac24ac4bdc9" />
    <UnitTestResult executionId="e0fd82d9-741a-4bf7-9a87-6ef2306f9bcb" testId="4d7bc167-a349-1630-4956-c316375e39d5" testName="SortBaseCommon_ConfigurationCheck" computerName="DKSR-EFI-04" duration="00:00:00.0005496" startTime="2023-12-22T09:33:39.2562827+01:00" endTime="2023-12-22T09:33:39.2562827+01:00" testType="13cdc9d9-ddb5-4fa4-a97d-d965ccfc6d4b" outcome="Passed" testListId="8c84fa94-04c1-424b-9868-57a2d4851a1d" relativeResultsDirectory="e0fd82d9-741a-4bf7-9a87-6ef2306f9bcb" />
    <UnitTestResult executionId="f16b4452-3ec6-4cd0-b7f1-e66c4fa1635e" testId="c433c793-666e-34b6-8b63-f25466869ce3" testName="ThresholdStyleConverter_BottomValueSliderAsInput_Success" computerName="DKSR-EFI-04" duration="00:00:00.0001918" startTime="2023-12-22T09:33:37.9750269+01:00" endTime="2023-12-22T09:33:37.9750269+01:00" testType="13cdc9d9-ddb5-4fa4-a97d-d965ccfc6d4b" outcome="Passed" testListId="8c84fa94-04c1-424b-9868-57a2d4851a1d" relativeResultsDirectory="f16b4452-3ec6-4cd0-b7f1-e66c4fa1635e" />
    <UnitTestResult executionId="29c7c912-2831-4a50-b76a-86ff65672bdf" testId="5e6badfc-f3b8-371e-4624-1d766d3da195" testName="ScaleThresholdSliderViewModel_Binding_Test_Success" computerName="DKSR-EFI-04" duration="00:00:00.0418824" startTime="2023-12-22T09:33:37.7562756+01:00" endTime="2023-12-22T09:33:37.8031500+01:00" testType="13cdc9d9-ddb5-4fa4-a97d-d965ccfc6d4b" outcome="Passed" testListId="8c84fa94-04c1-424b-9868-57a2d4851a1d" relativeResultsDirectory="29c7c912-2831-4a50-b76a-86ff65672bdf" />
    <UnitTestResult executionId="f45bec7a-f6e7-4397-a677-ee07e7b43798" testId="defbbec5-13ee-77a3-27b3-7d9a808c08ff" testName="Constructor_HandlerNullTest" computerName="DKSR-EFI-04" duration="00:00:00.0047248" startTime="2023-12-22T09:33:36.3500177+01:00" endTime="2023-12-22T09:33:36.3656438+01:00" testType="13cdc9d9-ddb5-4fa4-a97d-d965ccfc6d4b" outcome="Passed" testListId="8c84fa94-04c1-424b-9868-57a2d4851a1d" relativeResultsDirectory="f45bec7a-f6e7-4397-a677-ee07e7b43798" />
    <UnitTestResult executionId="32d267f5-dc2c-4123-9a5d-0da30e484b9f" testId="46745c6d-406d-74ac-ea72-14ed1bc148d5" testName="ConvertNonMatchingTypeThrows" computerName="DKSR-EFI-04" duration="00:00:00.0006635" startTime="2023-12-22T09:33:42.7406755+01:00" endTime="2023-12-22T09:33:42.7406755+01:00" testType="13cdc9d9-ddb5-4fa4-a97d-d965ccfc6d4b" outcome="Passed" testListId="8c84fa94-04c1-424b-9868-57a2d4851a1d" relativeResultsDirectory="32d267f5-dc2c-4123-9a5d-0da30e484b9f" />
    <UnitTestResult executionId="4509360d-0b56-40b9-9997-db4f2cb1db52" testId="10d2c696-3fe4-10c2-09de-7ceef1c7fe28" testName="ConvertBack_InvalidOperationException" computerName="DKSR-EFI-04" duration="00:00:00.0004001" startTime="2023-12-22T09:33:36.4750178+01:00" endTime="2023-12-22T09:33:36.4750178+01:00" testType="13cdc9d9-ddb5-4fa4-a97d-d965ccfc6d4b" outcome="Passed" testListId="8c84fa94-04c1-424b-9868-57a2d4851a1d" relativeResultsDirectory="4509360d-0b56-40b9-9997-db4f2cb1db52" />
    <UnitTestResult executionId="ccaefc4a-9096-450d-8ef7-30cd1a558824" testId="5fcaabbc-76f6-6e4d-a2d0-53d66fcf6b66" testName="ScheduleNextRun_InternalExceptionDoesNotRaisesEventOnSiteWorking_Success" computerName="DKSR-EFI-04" startTime="2023-12-22T09:33:42.1781720+01:00" endTime="2023-12-22T09:33:42.1781720+01:00" testType="13cdc9d9-ddb5-4fa4-a97d-d965ccfc6d4b" outcome="NotExecuted" testListId="8c84fa94-04c1-424b-9868-57a2d4851a1d" relativeResultsDirectory="ccaefc4a-9096-450d-8ef7-30cd1a558824">
      <Output></Output>
    </UnitTestResult>
    <UnitTestResult executionId="72e295c0-9b37-414d-ba91-2bd85cf07443" testId="b43cd285-6f14-30fa-1eaa-298d06fe8796" testName="Convert_AvailableOnly_UsageNullTest" computerName="DKSR-EFI-04" duration="00:00:00.0002868" startTime="2023-12-22T09:33:34.1468802+01:00" endTime="2023-12-22T09:33:34.1625074+01:00" testType="13cdc9d9-ddb5-4fa4-a97d-d965ccfc6d4b" outcome="Passed" testListId="8c84fa94-04c1-424b-9868-57a2d4851a1d" relativeResultsDirectory="72e295c0-9b37-414d-ba91-2bd85cf07443" />
    <UnitTestResult executionId="bdab5bc9-223d-4639-aa6c-029b87f2e0e6" testId="229548e7-c814-7d03-aae9-a82430d60fbc" testName="NavigatingAway_EmptySelectionTest" computerName="DKSR-EFI-04" duration="00:00:00.0033694" startTime="2023-12-22T09:33:33.5375029+01:00" endTime="2023-12-22T09:33:33.5375029+01:00" testType="13cdc9d9-ddb5-4fa4-a97d-d965ccfc6d4b" outcome="Passed" testListId="8c84fa94-04c1-424b-9868-57a2d4851a1d" relativeResultsDirectory="bdab5bc9-223d-4639-aa6c-029b87f2e0e6" />
    <UnitTestResult executionId="58534d37-af0c-4cb3-8204-f51520eb2641" testId="518ca512-f181-0648-dc57-307c401a0b75" testName="NavigatingTo_OperationsCreatedTest" computerName="DKSR-EFI-04" duration="00:00:00.2208951" startTime="2023-12-22T09:33:35.1000123+01:00" endTime="2023-12-22T09:33:35.3187622+01:00" testType="13cdc9d9-ddb5-4fa4-a97d-d965ccfc6d4b" outcome="Passed" testListId="8c84fa94-04c1-424b-9868-57a2d4851a1d" relativeResultsDirectory="58534d37-af0c-4cb3-8204-f51520eb2641">
      <Output>
        <StdOut>Debug Trace:&#xD;
Fail: &#xD;
Fail: &#xD;
Fail: &#xD;
Fail: &#xD;
CALL SYNCHRONIZER [14]: Run() called on thread 22&#xD;
CALL SYNCHRONIZER [14]: Waiting for event on thread 22&#xD;
CALL SYNCHRONIZER [14]: Event received, exiting on thread 22</StdOut>
      </Output>
    </UnitTestResult>
    <UnitTestResult executionId="01a71a26-3bea-4868-a698-93dbf37182bc" testId="c07afd63-e60f-bd3a-ad4f-4a3cb6751c4d" testName="NavigatingTo_CheckPreselectedRecorderHasHardware_False_NavigationNotCancelled" computerName="DKSR-EFI-04" duration="00:00:00.0005198" startTime="2023-12-22T09:33:32.6937511+01:00" endTime="2023-12-22T09:33:32.6937511+01:00" testType="13cdc9d9-ddb5-4fa4-a97d-d965ccfc6d4b" outcome="Passed" testListId="8c84fa94-04c1-424b-9868-57a2d4851a1d" relativeResultsDirectory="01a71a26-3bea-4868-a698-93dbf37182bc" />
    <UnitTestResult executionId="f0cd22af-047f-44ae-be8c-b6c8866aa687" testId="52661f27-794b-810e-ca1b-9e59313c8174" testName="Construct_InvalidParam_UriHandler_Throws_ArgumentNullException" computerName="DKSR-EFI-04" duration="00:00:00.0072229" startTime="2023-12-22T09:33:39.4750352+01:00" endTime="2023-12-22T09:33:39.4750352+01:00" testType="13cdc9d9-ddb5-4fa4-a97d-d965ccfc6d4b" outcome="Passed" testListId="8c84fa94-04c1-424b-9868-57a2d4851a1d" relativeResultsDirectory="f0cd22af-047f-44ae-be8c-b6c8866aa687" />
    <UnitTestResult executionId="ff3f38d3-3645-4199-a759-3fd6e51f0af5" testId="7f969016-ac4d-f197-264f-3ad7c512794a" testName="Validate_WithPasswordManualEntry_ForbiddenSymbols_SucceedsForMultiplePasswordChange" computerName="DKSR-EFI-04" duration="00:00:00.0005063" startTime="2023-12-22T09:33:36.0218925+01:00" endTime="2023-12-22T09:33:36.0218925+01:00" testType="13cdc9d9-ddb5-4fa4-a97d-d965ccfc6d4b" outcome="Passed" testListId="8c84fa94-04c1-424b-9868-57a2d4851a1d" relativeResultsDirectory="ff3f38d3-3645-4199-a759-3fd6e51f0af5" />
    <UnitTestResult executionId="43ac883a-4037-413d-b3f5-55df4fbf7cce" testId="6791732f-26a7-04d2-eb4e-7b28d6773426" testName="Convert_AllValues" computerName="DKSR-EFI-04" duration="00:00:00.0013635" startTime="2023-12-22T09:33:34.0062545+01:00" endTime="2023-12-22T09:33:34.0062545+01:00" testType="13cdc9d9-ddb5-4fa4-a97d-d965ccfc6d4b" outcome="Passed" testListId="8c84fa94-04c1-424b-9868-57a2d4851a1d" relativeResultsDirectory="43ac883a-4037-413d-b3f5-55df4fbf7cce" />
    <UnitTestResult executionId="513da19e-1423-477f-9b37-442764f684df" testId="159786b5-8ca2-5538-8bd6-da5b1fadbc39" testName="UpdateSelection_EmptySelectionTest" computerName="DKSR-EFI-04" duration="00:00:00.0003226" startTime="2023-12-22T09:33:33.5375029+01:00" endTime="2023-12-22T09:33:33.5375029+01:00" testType="13cdc9d9-ddb5-4fa4-a97d-d965ccfc6d4b" outcome="Passed" testListId="8c84fa94-04c1-424b-9868-57a2d4851a1d" relativeResultsDirectory="513da19e-1423-477f-9b37-442764f684df" />
    <UnitTestResult executionId="48338a85-5dad-459a-a2b0-efca17ab53dd" testId="670c0c9d-a69d-2b1c-b2d6-b2df8a52a93e" testName="ColumnWidthSpec_Relative_NaNWidth_Throws_ArgumentException" computerName="DKSR-EFI-04" duration="00:00:00.0002820" startTime="2023-12-22T09:33:38.0062780+01:00" endTime="2023-12-22T09:33:38.0062780+01:00" testType="13cdc9d9-ddb5-4fa4-a97d-d965ccfc6d4b" outcome="Passed" testListId="8c84fa94-04c1-424b-9868-57a2d4851a1d" relativeResultsDirectory="48338a85-5dad-459a-a2b0-efca17ab53dd" />
    <UnitTestResult executionId="2b84b6ba-d5b2-4edc-8b0a-d4126d8013eb" testId="2b1e28ec-3a6f-1d9d-a4e9-8575d3c172e6" testName="Equality_NotEqual_DifferentIsFallbackFixedTest" computerName="DKSR-EFI-04" duration="00:00:00.0001854" startTime="2023-12-22T09:33:39.2250328+01:00" endTime="2023-12-22T09:33:39.2250328+01:00" testType="13cdc9d9-ddb5-4fa4-a97d-d965ccfc6d4b" outcome="Passed" testListId="8c84fa94-04c1-424b-9868-57a2d4851a1d" relativeResultsDirectory="2b84b6ba-d5b2-4edc-8b0a-d4126d8013eb" />
    <UnitTestResult executionId="65734667-5270-4bc0-96d2-4e25072ab544" testId="4c4c99ac-7c82-53a9-f3e3-4584a00b8bf7" testName="Validate_EmptyFirmwareFilePath_Fails" computerName="DKSR-EFI-04" duration="00:00:00.0006253" startTime="2023-12-22T09:33:32.8031257+01:00" endTime="2023-12-22T09:33:32.8031257+01:00" testType="13cdc9d9-ddb5-4fa4-a97d-d965ccfc6d4b" outcome="Passed" testListId="8c84fa94-04c1-424b-9868-57a2d4851a1d" relativeResultsDirectory="65734667-5270-4bc0-96d2-4e25072ab544" />
    <UnitTestResult executionId="e9695ba2-5e94-4d42-ba01-4548d836612e" testId="5c3abe48-e255-bf5f-e62f-6c920d08143b" testName="Convert_Negative_HoursTest" computerName="DKSR-EFI-04" duration="00:00:00.0002797" startTime="2023-12-22T09:33:34.0843807+01:00" endTime="2023-12-22T09:33:34.0843807+01:00" testType="13cdc9d9-ddb5-4fa4-a97d-d965ccfc6d4b" outcome="Passed" testListId="8c84fa94-04c1-424b-9868-57a2d4851a1d" relativeResultsDirectory="e9695ba2-5e94-4d42-ba01-4548d836612e" />
    <UnitTestResult executionId="cb0b33de-603d-4494-8bd5-9f6f5fcff9a9" testId="43608a89-1ae8-11be-9ac5-d0c816634fb3" testName="CalcuateNewColumnWidths_Empty_Columns_Are_Unchanged" computerName="DKSR-EFI-04" duration="00:00:00.0114910" startTime="2023-12-22T09:33:37.9750269+01:00" endTime="2023-12-22T09:33:37.9906517+01:00" testType="13cdc9d9-ddb5-4fa4-a97d-d965ccfc6d4b" outcome="Passed" testListId="8c84fa94-04c1-424b-9868-57a2d4851a1d" relativeResultsDirectory="cb0b33de-603d-4494-8bd5-9f6f5fcff9a9" />
    <UnitTestResult executionId="8fb923fb-de31-4c63-aed1-ee02ba4a8c60" testId="13e72a3c-242f-c9a0-e821-31819510ec88" testName="Convert_ArgumentNullException" computerName="DKSR-EFI-04" duration="00:00:00.0006448" startTime="2023-12-22T09:33:34.2718814+01:00" endTime="2023-12-22T09:33:34.2718814+01:00" testType="13cdc9d9-ddb5-4fa4-a97d-d965ccfc6d4b" outcome="Passed" testListId="8c84fa94-04c1-424b-9868-57a2d4851a1d" relativeResultsDirectory="8fb923fb-de31-4c63-aed1-ee02ba4a8c60" />
    <UnitTestResult executionId="ec1d71ee-734e-4c0d-b043-137468eddf77" testId="a723e631-72ff-3d82-8d14-4f80e9538842" testName="PreviousCommand_CommandInvalidated_PageStatusChanged_BusyToInvalidTest" computerName="DKSR-EFI-04" duration="00:00:00.0023766" startTime="2023-12-22T09:33:34.7875108+01:00" endTime="2023-12-22T09:33:34.7875108+01:00" testType="13cdc9d9-ddb5-4fa4-a97d-d965ccfc6d4b" outcome="Passed" testListId="8c84fa94-04c1-424b-9868-57a2d4851a1d" relativeResultsDirectory="ec1d71ee-734e-4c0d-b043-137468eddf77">
      <Output>
        <StdOut>Debug Trace:&#xD;
Wizard : Locked navigation on thread : 14&#xD;
Wizard : Navigating to page 0 on thread 14&#xD;
Wizard : Completed navigation to page 0 on thread 18&#xD;
Wizard : Released lock navigation on thread : 18&#xD;
Wizard : Locked navigation on thread : 14&#xD;
Wizard : Navigating to page 1 on thread 14&#xD;
Wizard : Completed navigation to page 1 on thread 19&#xD;
Wizard : Released lock navigation on thread : 19</StdOut>
      </Output>
    </UnitTestResult>
    <UnitTestResult executionId="7af045b3-4035-4af0-8eae-92818fe3d7a2" testId="ecbec1d8-b667-c635-f550-1642d91b3766" testName="Constructor_NullDataTest" computerName="DKSR-EFI-04" duration="00:00:00.0055362" startTime="2023-12-22T09:33:34.3187562+01:00" endTime="2023-12-22T09:33:34.3187562+01:00" testType="13cdc9d9-ddb5-4fa4-a97d-d965ccfc6d4b" outcome="Passed" testListId="8c84fa94-04c1-424b-9868-57a2d4851a1d" relativeResultsDirectory="7af045b3-4035-4af0-8eae-92818fe3d7a2">
      <Output>
        <StdOut>Debug Trace:&#xD;
Fail: Argument null</StdOut>
      </Output>
    </UnitTestResult>
    <UnitTestResult executionId="5457fb35-6851-428a-85e0-338215e76a04" testId="18fafd98-dc4b-3492-9683-be611bbde21e" testName="Constructor_NullDataTest" computerName="DKSR-EFI-04" duration="00:00:00.0023873" startTime="2023-12-22T09:33:33.6156294+01:00" endTime="2023-12-22T09:33:33.6156294+01:00" testType="13cdc9d9-ddb5-4fa4-a97d-d965ccfc6d4b" outcome="Passed" testListId="8c84fa94-04c1-424b-9868-57a2d4851a1d" relativeResultsDirectory="5457fb35-6851-428a-85e0-338215e76a04" />
    <UnitTestResult executionId="9dab3b73-c980-4b38-ba04-be6ba35b3a71" testId="a6fd7cd5-42d7-4bf2-bb2e-e1cc7362ea24" testName="Convert_AvailableOnly_UsageZeroTest" computerName="DKSR-EFI-04" duration="00:00:00.0002686" startTime="2023-12-22T09:33:34.1625074+01:00" endTime="2023-12-22T09:33:34.1625074+01:00" testType="13cdc9d9-ddb5-4fa4-a97d-d965ccfc6d4b" outcome="Passed" testListId="8c84fa94-04c1-424b-9868-57a2d4851a1d" relativeResultsDirectory="9dab3b73-c980-4b38-ba04-be6ba35b3a71" />
    <UnitTestResult executionId="23348d38-cf45-4988-bd57-c229f4f930de" testId="fd5e5db7-75bb-c1b4-bc63-c5e02bac5794" testName="NextCommand_IsAvailable_AvailableTest" computerName="DKSR-EFI-04" duration="00:00:00.0006932" startTime="2023-12-22T09:33:34.4593844+01:00" endTime="2023-12-22T09:33:34.4593844+01:00" testType="13cdc9d9-ddb5-4fa4-a97d-d965ccfc6d4b" outcome="Passed" testListId="8c84fa94-04c1-424b-9868-57a2d4851a1d" relativeResultsDirectory="23348d38-cf45-4988-bd57-c229f4f930de">
      <Output>
        <StdOut>Debug Trace:&#xD;
Wizard : Locked navigation on thread : 14&#xD;
Wizard : Navigating to page 0 on thread 14&#xD;
Wizard : Completed navigation to page 0 on thread 16&#xD;
Wizard : Released lock navigation on thread : 16&#xD;
Wizard : Locked navigation on thread : 14&#xD;
Wizard : Navigating to page 1 on thread 14&#xD;
Wizard : Completed navigation to page 1 on thread 19&#xD;
Wizard : Released lock navigation on thread : 19</StdOut>
      </Output>
    </UnitTestResult>
    <UnitTestResult executionId="659034b3-294d-423a-b860-d36426f8dd1f" testId="c9a40857-5dc1-9213-47d9-c2166ce29db1" testName="NavigatingTo_UnsuccessfulChange_OperationsStatusError" computerName="DKSR-EFI-04" duration="00:00:00.1544667" startTime="2023-12-22T09:33:35.3656373+01:00" endTime="2023-12-22T09:33:35.5218901+01:00" testType="13cdc9d9-ddb5-4fa4-a97d-d965ccfc6d4b" outcome="Passed" testListId="8c84fa94-04c1-424b-9868-57a2d4851a1d" relativeResultsDirectory="659034b3-294d-423a-b860-d36426f8dd1f">
      <Output>
        <StdOut>Debug Trace:&#xD;
CALL SYNCHRONIZER [16]: Run() called on thread 24&#xD;
CALL SYNCHRONIZER [16]: Waiting for event on thread 24&#xD;
CALL SYNCHRONIZER [16]: Event received, exiting on thread 24&#xD;
WARNIG : Progress notification received after result has been set&#xD;
WARNIG : Progress notification received after result has been set</StdOut>
      </Output>
    </UnitTestResult>
    <UnitTestResult executionId="3481a6a6-8913-4962-8324-29f425a106b2" testId="ea366c82-3bd4-a53a-c238-e51073436c49" testName="EmptyStringConvertsToFalse" computerName="DKSR-EFI-04" duration="00:00:00.0006764" startTime="2023-12-22T09:33:42.7406755+01:00" endTime="2023-12-22T09:33:42.7406755+01:00" testType="13cdc9d9-ddb5-4fa4-a97d-d965ccfc6d4b" outcome="Passed" testListId="8c84fa94-04c1-424b-9868-57a2d4851a1d" relativeResultsDirectory="3481a6a6-8913-4962-8324-29f425a106b2" />
    <UnitTestResult executionId="e9bfc756-4242-47b5-be54-a7b41481d4de" testId="72598820-c238-bb8a-f0d6-7f6e083a2fec" testName="Convert_Minutes_Over30SecondsOffsetTest" computerName="DKSR-EFI-04" duration="00:00:00.0003447" startTime="2023-12-22T09:33:34.0843807+01:00" endTime="2023-12-22T09:33:34.0843807+01:00" testType="13cdc9d9-ddb5-4fa4-a97d-d965ccfc6d4b" outcome="Passed" testListId="8c84fa94-04c1-424b-9868-57a2d4851a1d" relativeResultsDirectory="e9bfc756-4242-47b5-be54-a7b41481d4de" />
    <UnitTestResult executionId="5c365e4a-8d7e-4597-8759-1b50da43c33e" testId="6ea80318-fd3e-d3fc-a30a-e658c3723b3e" testName="Convert_Seconds_UnderHalfMinuteTest" computerName="DKSR-EFI-04" duration="00:00:00.0002538" startTime="2023-12-22T09:33:34.1000078+01:00" endTime="2023-12-22T09:33:34.1000078+01:00" testType="13cdc9d9-ddb5-4fa4-a97d-d965ccfc6d4b" outcome="Passed" testListId="8c84fa94-04c1-424b-9868-57a2d4851a1d" relativeResultsDirectory="5c365e4a-8d7e-4597-8759-1b50da43c33e" />
    <UnitTestResult executionId="dfed2ab6-3f88-4fff-abfa-3ad9308d8de2" testId="0eb75c3b-8e8a-4e39-9512-fb3daf4d64f9" testName="Convert_OneWarning" computerName="DKSR-EFI-04" duration="00:00:00.0002559" startTime="2023-12-22T09:33:36.4906419+01:00" endTime="2023-12-22T09:33:36.4906419+01:00" testType="13cdc9d9-ddb5-4fa4-a97d-d965ccfc6d4b" outcome="Passed" testListId="8c84fa94-04c1-424b-9868-57a2d4851a1d" relativeResultsDirectory="dfed2ab6-3f88-4fff-abfa-3ad9308d8de2" />
    <UnitTestResult executionId="3341858c-7128-4e29-adcf-7b8053cf3fe5" testId="f190f748-5346-8eb6-4db4-3d0611f2cb89" testName="SortEquality_MoreThanTwoValues" computerName="DKSR-EFI-04" duration="00:00:00.0010499" startTime="2023-12-22T09:33:34.9281346+01:00" endTime="2023-12-22T09:33:34.9281346+01:00" testType="13cdc9d9-ddb5-4fa4-a97d-d965ccfc6d4b" outcome="Passed" testListId="8c84fa94-04c1-424b-9868-57a2d4851a1d" relativeResultsDirectory="3341858c-7128-4e29-adcf-7b8053cf3fe5" />
    <UnitTestResult executionId="84221a42-fc30-4235-a384-5ab9cd41d80d" testId="1f68772d-a050-7bad-a9be-4fd5da9fe348" testName="NavigatingTo_MoveHappensInBackgroundTest" computerName="DKSR-EFI-04" duration="00:00:00.1708429" startTime="2023-12-22T09:33:33.6156294+01:00" endTime="2023-12-22T09:33:33.7875063+01:00" testType="13cdc9d9-ddb5-4fa4-a97d-d965ccfc6d4b" outcome="Passed" testListId="8c84fa94-04c1-424b-9868-57a2d4851a1d" relativeResultsDirectory="84221a42-fc30-4235-a384-5ab9cd41d80d">
      <Output>
        <StdOut>Debug Trace:&#xD;
CALL SYNCHRONIZER [3]: Run() called on thread 18&#xD;
CALL SYNCHRONIZER [3]: Waiting for event on thread 18</StdOut>
      </Output>
    </UnitTestResult>
    <UnitTestResult executionId="ba73212f-81e7-4855-938a-1588239d6780" testId="6ebbcbf9-d9e1-df4a-dc0d-b8f854aa76bf" testName="NavigatingTo_AvailableHardware_NoHardwareTest" computerName="DKSR-EFI-04" duration="00:00:00.0005179" startTime="2023-12-22T09:33:36.1312689+01:00" endTime="2023-12-22T09:33:36.1312689+01:00" testType="13cdc9d9-ddb5-4fa4-a97d-d965ccfc6d4b" outcome="Passed" testListId="8c84fa94-04c1-424b-9868-57a2d4851a1d" relativeResultsDirectory="ba73212f-81e7-4855-938a-1588239d6780" />
    <UnitTestResult executionId="be255472-4c6e-4d48-bb4e-04083bf5b350" testId="f3ff7ea0-e10b-3e83-9f9b-d76ecada8625" testName="SortBaseCommon_IsEquivalentOf_SortDescriptionCollection_NullTest" computerName="DKSR-EFI-04" duration="00:00:00.0009104" startTime="2023-12-22T09:33:39.1937805+01:00" endTime="2023-12-22T09:33:39.2094085+01:00" testType="13cdc9d9-ddb5-4fa4-a97d-d965ccfc6d4b" outcome="Passed" testListId="8c84fa94-04c1-424b-9868-57a2d4851a1d" relativeResultsDirectory="be255472-4c6e-4d48-bb4e-04083bf5b350" />
    <UnitTestResult executionId="a235edd0-24bf-4837-8ea4-e2c5e25b9a7c" testId="e9057bc5-e2c2-a8f1-2eaf-456fc0d01a7d" testName="ThresholdStyleConverter_TopValueSliderAsInput_Success" computerName="DKSR-EFI-04" duration="00:00:00.0005830" startTime="2023-12-22T09:33:37.9750269+01:00" endTime="2023-12-22T09:33:37.9750269+01:00" testType="13cdc9d9-ddb5-4fa4-a97d-d965ccfc6d4b" outcome="Passed" testListId="8c84fa94-04c1-424b-9868-57a2d4851a1d" relativeResultsDirectory="a235edd0-24bf-4837-8ea4-e2c5e25b9a7c" />
    <UnitTestResult executionId="46731d36-f8de-409f-bedd-c3f96731c655" testId="b0abb0b5-082f-abd9-c6e2-49267e783fe9" testName="SystemDashboard_LookupCalculationBufferUnitType_Success" computerName="DKSR-EFI-04" duration="00:00:00.0004735" startTime="2023-12-22T09:33:37.1781470+01:00" endTime="2023-12-22T09:33:37.1781470+01:00" testType="13cdc9d9-ddb5-4fa4-a97d-d965ccfc6d4b" outcome="Passed" testListId="8c84fa94-04c1-424b-9868-57a2d4851a1d" relativeResultsDirectory="46731d36-f8de-409f-bedd-c3f96731c655" />
    <UnitTestResult executionId="0e332c55-c15d-4b3b-9b88-ae90e6ba63ac" testId="7c603128-dfd6-390c-be39-435379348f85" testName="Convert_Minutes_SecondsOffsetTest" computerName="DKSR-EFI-04" duration="00:00:00.0003619" startTime="2023-12-22T09:33:34.0843807+01:00" endTime="2023-12-22T09:33:34.0843807+01:00" testType="13cdc9d9-ddb5-4fa4-a97d-d965ccfc6d4b" outcome="Passed" testListId="8c84fa94-04c1-424b-9868-57a2d4851a1d" relativeResultsDirectory="0e332c55-c15d-4b3b-9b88-ae90e6ba63ac" />
    <UnitTestResult executionId="cc9d6515-2d17-41fa-b1db-f64ac031d866" testId="16e3fee0-cbf2-422e-e9b5-7f637108b5d6" testName="Convert_Seconds_UnderMinuteTest" computerName="DKSR-EFI-04" duration="00:00:00.0002933" startTime="2023-12-22T09:33:34.1000078+01:00" endTime="2023-12-22T09:33:34.1000078+01:00" testType="13cdc9d9-ddb5-4fa4-a97d-d965ccfc6d4b" outcome="Passed" testListId="8c84fa94-04c1-424b-9868-57a2d4851a1d" relativeResultsDirectory="cc9d6515-2d17-41fa-b1db-f64ac031d866" />
    <UnitTestResult executionId="28b13a2a-4374-47c2-b273-eed3bde31e04" testId="8242a71c-0de4-6927-8a39-1791b0d7b873" testName="SelectedRecorderChanged_ToCertainRecorder_RecorderFilterApplies" computerName="DKSR-EFI-04" duration="00:00:00.0007018" startTime="2023-12-22T09:33:36.2718913+01:00" endTime="2023-12-22T09:33:36.2718913+01:00" testType="13cdc9d9-ddb5-4fa4-a97d-d965ccfc6d4b" outcome="Passed" testListId="8c84fa94-04c1-424b-9868-57a2d4851a1d" relativeResultsDirectory="28b13a2a-4374-47c2-b273-eed3bde31e04" />
    <UnitTestResult executionId="d1754da9-a36e-4de8-89c9-dce665b3ca44" testId="a7f86a3c-148c-895f-7b07-9b829325de74" testName="NavigatingTo_ExceptionHandling_OtherException_PreselectedThrowsTest" computerName="DKSR-EFI-04" duration="00:00:00.0006458" startTime="2023-12-22T09:33:33.3968788+01:00" endTime="2023-12-22T09:33:33.3968788+01:00" testType="13cdc9d9-ddb5-4fa4-a97d-d965ccfc6d4b" outcome="Passed" testListId="8c84fa94-04c1-424b-9868-57a2d4851a1d" relativeResultsDirectory="d1754da9-a36e-4de8-89c9-dce665b3ca44" />
    <UnitTestResult executionId="42dee2d2-ce56-4b80-864c-47c839c1ba33" testId="0613022e-3267-9d07-db4b-b388716298e9" testName="UpdateSelection_DeselectSamePhysicalHardwareTest" computerName="DKSR-EFI-04" duration="00:00:00.0006806" startTime="2023-12-22T09:33:36.2406408+01:00" endTime="2023-12-22T09:33:36.2406408+01:00" testType="13cdc9d9-ddb5-4fa4-a97d-d965ccfc6d4b" outcome="Passed" testListId="8c84fa94-04c1-424b-9868-57a2d4851a1d" relativeResultsDirectory="42dee2d2-ce56-4b80-864c-47c839c1ba33" />
    <UnitTestResult executionId="84edc672-dd89-46d3-8c06-b1be5fb5c063" testId="48ca2ab9-f06b-98ff-88d7-9712516f659e" testName="NavigatingTo_Selection_HardwareSelectionFromDataTest" computerName="DKSR-EFI-04" duration="00:00:00.0032688" startTime="2023-12-22T09:33:33.5062558+01:00" endTime="2023-12-22T09:33:33.5062558+01:00" testType="13cdc9d9-ddb5-4fa4-a97d-d965ccfc6d4b" outcome="Passed" testListId="8c84fa94-04c1-424b-9868-57a2d4851a1d" relativeResultsDirectory="84edc672-dd89-46d3-8c06-b1be5fb5c063" />
    <UnitTestResult executionId="0b1e5457-bcc0-4fb9-a6f6-52e27efa5700" testId="87bc8649-ff49-904f-db05-d02459b9884d" testName="ConvertBack_InvalidOperationTest" computerName="DKSR-EFI-04" duration="00:00:00.0009212" startTime="2023-12-22T09:33:34.1625074+01:00" endTime="2023-12-22T09:33:34.1625074+01:00" testType="13cdc9d9-ddb5-4fa4-a97d-d965ccfc6d4b" outcome="Passed" testListId="8c84fa94-04c1-424b-9868-57a2d4851a1d" relativeResultsDirectory="0b1e5457-bcc0-4fb9-a6f6-52e27efa5700" />
    <UnitTestResult executionId="3f38d6f8-118d-4674-9aaa-7166f6713f75" testId="37429f34-1b2d-b12a-94f9-bff144f2a224" testName="HandledVmoAccessTests_ProperReturnValueIfVmoException" computerName="DKSR-EFI-04" duration="00:00:00.0057350" startTime="2023-12-22T09:33:36.8656434+01:00" endTime="2023-12-22T09:33:36.8812711+01:00" testType="13cdc9d9-ddb5-4fa4-a97d-d965ccfc6d4b" outcome="Passed" testListId="8c84fa94-04c1-424b-9868-57a2d4851a1d" relativeResultsDirectory="3f38d6f8-118d-4674-9aaa-7166f6713f75" />
    <UnitTestResult executionId="8229883d-69df-4efa-8747-b95993e98ae0" testId="f48e9cd8-b051-c100-7f74-d5b838d2550f" testName="UpdateSelection_ValidSelectionTest" computerName="DKSR-EFI-04" duration="00:00:00.0029912" startTime="2023-12-22T09:33:36.1937683+01:00" endTime="2023-12-22T09:33:36.1937683+01:00" testType="13cdc9d9-ddb5-4fa4-a97d-d965ccfc6d4b" outcome="Passed" testListId="8c84fa94-04c1-424b-9868-57a2d4851a1d" relativeResultsDirectory="8229883d-69df-4efa-8747-b95993e98ae0" />
    <UnitTestResult executionId="0432d03e-df92-43d9-abf3-d2b5194ba64b" testId="5819f51d-92fb-05b8-65ae-0180d576a834" testName="NonBooleanArrayMembersAreIgnored" computerName="DKSR-EFI-04" duration="00:00:00.0005353" startTime="2023-12-22T09:33:42.7094249+01:00" endTime="2023-12-22T09:33:42.7094249+01:00" testType="13cdc9d9-ddb5-4fa4-a97d-d965ccfc6d4b" outcome="Passed" testListId="8c84fa94-04c1-424b-9868-57a2d4851a1d" relativeResultsDirectory="0432d03e-df92-43d9-abf3-d2b5194ba64b" />
    <UnitTestResult executionId="fb6a29f6-419d-4c63-857c-41276db64bd6" testId="f8acfd3e-a8ca-b6f5-1cfb-dd4b42c79653" testName="Convert_ToValue_UsageOnly_AvailableNegativeTest" computerName="DKSR-EFI-04" duration="00:00:00.0002031" startTime="2023-12-22T09:33:34.1937584+01:00" endTime="2023-12-22T09:33:34.1937584+01:00" testType="13cdc9d9-ddb5-4fa4-a97d-d965ccfc6d4b" outcome="Passed" testListId="8c84fa94-04c1-424b-9868-57a2d4851a1d" relativeResultsDirectory="fb6a29f6-419d-4c63-857c-41276db64bd6" />
    <UnitTestResult executionId="a2d6147d-66e9-4bb9-b4f7-57064a809ea8" testId="f4029d68-9184-29c2-3c76-2aababdb9bfe" testName="Convert_Negative_MinutesTest" computerName="DKSR-EFI-04" duration="00:00:00.0002880" startTime="2023-12-22T09:33:34.1000078+01:00" endTime="2023-12-22T09:33:34.1000078+01:00" testType="13cdc9d9-ddb5-4fa4-a97d-d965ccfc6d4b" outcome="Passed" testListId="8c84fa94-04c1-424b-9868-57a2d4851a1d" relativeResultsDirectory="a2d6147d-66e9-4bb9-b4f7-57064a809ea8" />
    <UnitTestResult executionId="653ac750-1f57-448a-85f9-6345385d4c4c" testId="7cd6ff96-f665-2e52-296f-2d3e3cd9ff4a" testName="Convert_Error_TargetTypeNullTest" computerName="DKSR-EFI-04" duration="00:00:00.0005608" startTime="2023-12-22T09:33:34.1468802+01:00" endTime="2023-12-22T09:33:34.1468802+01:00" testType="13cdc9d9-ddb5-4fa4-a97d-d965ccfc6d4b" outcome="Passed" testListId="8c84fa94-04c1-424b-9868-57a2d4851a1d" relativeResultsDirectory="653ac750-1f57-448a-85f9-6345385d4c4c" />
    <UnitTestResult executionId="e108021a-dd8f-4724-aceb-79f66612e35a" testId="98f18924-197c-0bd6-8f3c-5fa068d90c80" testName="Convert_AllValues" computerName="DKSR-EFI-04" duration="00:00:00.0013928" startTime="2023-12-22T09:33:32.6156233+01:00" endTime="2023-12-22T09:33:32.6156233+01:00" testType="13cdc9d9-ddb5-4fa4-a97d-d965ccfc6d4b" outcome="Passed" testListId="8c84fa94-04c1-424b-9868-57a2d4851a1d" relativeResultsDirectory="e108021a-dd8f-4724-aceb-79f66612e35a" />
    <UnitTestResult executionId="30cfa5fd-8f52-4091-828d-f3b4b241b484" testId="5dd5edd7-3345-9904-745a-e934358e427e" testName="PreviousCommand_CanExecute_PageValidTest" computerName="DKSR-EFI-04" duration="00:00:00.0012846" startTime="2023-12-22T09:33:34.7250100+01:00" endTime="2023-12-22T09:33:34.7250100+01:00" testType="13cdc9d9-ddb5-4fa4-a97d-d965ccfc6d4b" outcome="Passed" testListId="8c84fa94-04c1-424b-9868-57a2d4851a1d" relativeResultsDirectory="30cfa5fd-8f52-4091-828d-f3b4b241b484">
      <Output>
        <StdOut>Debug Trace:&#xD;
Wizard : Locked navigation on thread : 14&#xD;
Wizard : Navigating to page 0 on thread 14&#xD;
Wizard : Completed navigation to page 0 on thread 16&#xD;
Wizard : Released lock navigation on thread : 16&#xD;
Wizard : Locked navigation on thread : 14&#xD;
Wizard : Navigating to page 1 on thread 14&#xD;
Wizard : Completed navigation to page 1 on thread 17&#xD;
Wizard : Released lock navigation on thread : 17</StdOut>
      </Output>
    </UnitTestResult>
    <UnitTestResult executionId="2bbb8b4f-6c09-4095-abe8-c8b25c197b23" testId="e0b8b273-ae2f-7eb0-2361-2afa85566305" testName="Convert_NonException_Input_Throws_ArgumentException" computerName="DKSR-EFI-04" duration="00:00:00.0003243" startTime="2023-12-22T09:33:39.3500340+01:00" endTime="2023-12-22T09:33:39.3500340+01:00" testType="13cdc9d9-ddb5-4fa4-a97d-d965ccfc6d4b" outcome="Passed" testListId="8c84fa94-04c1-424b-9868-57a2d4851a1d" relativeResultsDirectory="2bbb8b4f-6c09-4095-abe8-c8b25c197b23" />
    <UnitTestResult executionId="b34a3530-fa3f-4c58-9ada-ca976d62a11e" testId="d75c67ff-fa0d-150c-97a9-b0960900bd82" testName="Equality_SameReferenceTest" computerName="DKSR-EFI-04" duration="00:00:00.0001410" startTime="2023-12-22T09:33:39.2094085+01:00" endTime="2023-12-22T09:33:39.2250328+01:00" testType="13cdc9d9-ddb5-4fa4-a97d-d965ccfc6d4b" outcome="Passed" testListId="8c84fa94-04c1-424b-9868-57a2d4851a1d" relativeResultsDirectory="b34a3530-fa3f-4c58-9ada-ca976d62a11e" />
    <UnitTestResult executionId="f4f60110-dbcd-4159-993c-932ea8549e4f" testId="c5200ce1-116e-3d3e-a89a-8d38c5fad705" testName="NavigatingTo_CheckPreselectedRecorderAvailable_False_NavigationNotCancelled" computerName="DKSR-EFI-04" duration="00:00:00.0040704" startTime="2023-12-22T09:33:36.3343927+01:00" endTime="2023-12-22T09:33:36.3500177+01:00" testType="13cdc9d9-ddb5-4fa4-a97d-d965ccfc6d4b" outcome="Passed" testListId="8c84fa94-04c1-424b-9868-57a2d4851a1d" relativeResultsDirectory="f4f60110-dbcd-4159-993c-932ea8549e4f" />
    <UnitTestResult executionId="ea327ccb-c193-4c40-b255-6ba96e5c8d70" testId="87fe0b7e-00f2-076c-8837-5f1588ddfb23" testName="Constructor_EmptyPropertyTest" computerName="DKSR-EFI-04" duration="00:00:00.0005406" startTime="2023-12-22T09:33:39.2406572+01:00" endTime="2023-12-22T09:33:39.2406572+01:00" testType="13cdc9d9-ddb5-4fa4-a97d-d965ccfc6d4b" outcome="Passed" testListId="8c84fa94-04c1-424b-9868-57a2d4851a1d" relativeResultsDirectory="ea327ccb-c193-4c40-b255-6ba96e5c8d70" />
    <UnitTestResult executionId="1732650e-b674-48bf-bd9e-1ce3991f59d8" testId="af9b34af-c129-27ed-6022-fd854a23a0b4" testName="NavigatingTo_ExceptionHandling_OtherException_FindHardwareThrowsTest" computerName="DKSR-EFI-04" duration="00:00:00.0007051" startTime="2023-12-22T09:33:36.1625164+01:00" endTime="2023-12-22T09:33:36.1625164+01:00" testType="13cdc9d9-ddb5-4fa4-a97d-d965ccfc6d4b" outcome="Passed" testListId="8c84fa94-04c1-424b-9868-57a2d4851a1d" relativeResultsDirectory="1732650e-b674-48bf-bd9e-1ce3991f59d8" />
    <UnitTestResult executionId="11b7eaad-9f22-42a3-8929-8c14544fa590" testId="cc6171bc-7a6c-df61-3f55-ebe7fbfff64f" testName="NavigatingTo_PageStatus_UnsupportedHardwareSelected" computerName="DKSR-EFI-04" duration="00:00:00.0004965" startTime="2023-12-22T09:33:35.9750181+01:00" endTime="2023-12-22T09:33:35.9750181+01:00" testType="13cdc9d9-ddb5-4fa4-a97d-d965ccfc6d4b" outcome="Passed" testListId="8c84fa94-04c1-424b-9868-57a2d4851a1d" relativeResultsDirectory="11b7eaad-9f22-42a3-8929-8c14544fa590" />
    <UnitTestResult executionId="611c401a-7a3f-44df-b2cf-cfdd3bcb0c94" testId="2a9a7830-d83b-38ec-9983-96e0294553ee" testName="Convert_Days_SecondsOffsetTest" computerName="DKSR-EFI-04" duration="00:00:00.0004153" startTime="2023-12-22T09:33:34.0375059+01:00" endTime="2023-12-22T09:33:34.0375059+01:00" testType="13cdc9d9-ddb5-4fa4-a97d-d965ccfc6d4b" outcome="Passed" testListId="8c84fa94-04c1-424b-9868-57a2d4851a1d" relativeResultsDirectory="611c401a-7a3f-44df-b2cf-cfdd3bcb0c94" />
    <UnitTestResult executionId="76e22af4-d09c-4c76-ba40-681cbeef724b" testId="ab4a3b6b-68b0-800a-3f72-3234f3163c1b" testName="SortEquality_NotEqualSorts" computerName="DKSR-EFI-04" duration="00:00:00.0003893" startTime="2023-12-22T09:33:34.9281346+01:00" endTime="2023-12-22T09:33:34.9281346+01:00" testType="13cdc9d9-ddb5-4fa4-a97d-d965ccfc6d4b" outcome="Passed" testListId="8c84fa94-04c1-424b-9868-57a2d4851a1d" relativeResultsDirectory="76e22af4-d09c-4c76-ba40-681cbeef724b" />
    <UnitTestResult executionId="f4a15312-5abc-4ccd-8ebc-e9bfebf17074" testId="8ba5c093-ea32-1a1c-20d9-dc37a6af84f6" testName="AllHardwareSelected_Set_TrueTest" computerName="DKSR-EFI-04" duration="00:00:00.0007982" startTime="2023-12-22T09:33:36.2718913+01:00" endTime="2023-12-22T09:33:36.2718913+01:00" testType="13cdc9d9-ddb5-4fa4-a97d-d965ccfc6d4b" outcome="Passed" testListId="8c84fa94-04c1-424b-9868-57a2d4851a1d" relativeResultsDirectory="f4a15312-5abc-4ccd-8ebc-e9bfebf17074" />
    <UnitTestResult executionId="055f1d1f-2415-47cb-b8e7-99f50f9e7468" testId="1e9a7246-198b-723d-9eec-563c562939e3" testName="NavigatingTo_AvailableHardware_HardwarePopulatedTest" computerName="DKSR-EFI-04" duration="00:00:00.0212841" startTime="2023-12-22T09:33:36.1156436+01:00" endTime="2023-12-22T09:33:36.1312689+01:00" testType="13cdc9d9-ddb5-4fa4-a97d-d965ccfc6d4b" outcome="Passed" testListId="8c84fa94-04c1-424b-9868-57a2d4851a1d" relativeResultsDirectory="055f1d1f-2415-47cb-b8e7-99f50f9e7468" />
    <UnitTestResult executionId="96615285-83b4-45f3-9262-cece4489c175" testId="2b3988ec-d1c3-0c6c-6cab-8a84419e555c" testName="Convert_Null_Input_Throws_ArgumentNullException" computerName="DKSR-EFI-04" duration="00:00:00.0041400" startTime="2023-12-22T09:33:39.3344100+01:00" endTime="2023-12-22T09:33:39.3500340+01:00" testType="13cdc9d9-ddb5-4fa4-a97d-d965ccfc6d4b" outcome="Passed" testListId="8c84fa94-04c1-424b-9868-57a2d4851a1d" relativeResultsDirectory="96615285-83b4-45f3-9262-cece4489c175">
      <Output>
        <StdOut>Debug Trace:&#xD;
Fail: Argument null</StdOut>
      </Output>
    </UnitTestResult>
    <UnitTestResult executionId="e96dc90f-ec7b-472b-9d5b-a107958e243d" testId="46089004-001c-c3b4-babc-ac4ce13a4540" testName="ScheduleNextRun_InvalidParam_Uri_Throws_ArgumentNullException" computerName="DKSR-EFI-04" duration="00:00:00.0177114" startTime="2023-12-22T09:33:39.4750352+01:00" endTime="2023-12-22T09:33:39.5062849+01:00" testType="13cdc9d9-ddb5-4fa4-a97d-d965ccfc6d4b" outcome="Passed" testListId="8c84fa94-04c1-424b-9868-57a2d4851a1d" relativeResultsDirectory="e96dc90f-ec7b-472b-9d5b-a107958e243d" />
    <UnitTestResult executionId="4d64af66-2d61-4579-83e2-f189a8ce23e6" testId="61bad184-2e28-53b6-c735-cbc94d62c03b" testName="PreviousCommand_NavigationCallbacks_DestinationTest" computerName="DKSR-EFI-04" duration="00:00:00.0010412" startTime="2023-12-22T09:33:34.8031330+01:00" endTime="2023-12-22T09:33:34.8031330+01:00" testType="13cdc9d9-ddb5-4fa4-a97d-d965ccfc6d4b" outcome="Passed" testListId="8c84fa94-04c1-424b-9868-57a2d4851a1d" relativeResultsDirectory="4d64af66-2d61-4579-83e2-f189a8ce23e6">
      <Output>
        <StdOut>Debug Trace:&#xD;
Wizard : Locked navigation on thread : 14&#xD;
Wizard : Navigating to page 0 on thread 14&#xD;
Wizard : Completed navigation to page 0 on thread 16&#xD;
Wizard : Released lock navigation on thread : 16&#xD;
Wizard : Locked navigation on thread : 14&#xD;
Wizard : Navigating to page 1 on thread 14&#xD;
Wizard : Completed navigation to page 1 on thread 17&#xD;
Wizard : Released lock navigation on thread : 17&#xD;
Wizard : Locked navigation on thread : 14&#xD;
Wizard : Navigating to page 0 on thread 14&#xD;
Wizard : Completed navigation to page 0 on thread 17&#xD;
Wizard : Released lock navigation on thread : 17</StdOut>
      </Output>
    </UnitTestResult>
    <UnitTestResult executionId="8c66b5dc-836f-45a3-b669-51b4a58a1b5d" testId="cf333e35-b4d9-96a3-24a6-26a2315700cd" testName="State_Loading_PreviousCommand_SourcePageNavigatedAwayTest" computerName="DKSR-EFI-04" duration="00:00:00.0009695" startTime="2023-12-22T09:33:34.8968856+01:00" endTime="2023-12-22T09:33:34.8968856+01:00" testType="13cdc9d9-ddb5-4fa4-a97d-d965ccfc6d4b" outcome="Passed" testListId="8c84fa94-04c1-424b-9868-57a2d4851a1d" relativeResultsDirectory="8c66b5dc-836f-45a3-b669-51b4a58a1b5d">
      <Output>
        <StdOut>Debug Trace:&#xD;
Wizard : Locked navigation on thread : 14&#xD;
Wizard : Navigating to page 0 on thread 14&#xD;
Wizard : Completed navigation to page 0 on thread 19&#xD;
Wizard : Released lock navigation on thread : 19&#xD;
Wizard : Locked navigation on thread : 14&#xD;
Wizard : Navigating to page 1 on thread 14&#xD;
Wizard : Completed navigation to page 1 on thread 17&#xD;
Wizard : Released lock navigation on thread : 17&#xD;
Wizard : Locked navigation on thread : 17&#xD;
Wizard : Navigating to page 0 on thread 17&#xD;
CALL SYNCHRONIZER [12]: Run() called on thread 17&#xD;
CALL SYNCHRONIZER [12]: Waiting for event on thread 17</StdOut>
      </Output>
    </UnitTestResult>
    <UnitTestResult executionId="668ced96-d47a-4226-aedc-c66edb8e82a3" testId="f258be3c-7407-cd7a-eb07-a7d905519e41" testName="Constructor_SunnyDayTest" computerName="DKSR-EFI-04" duration="00:00:00.0001433" startTime="2023-12-22T09:33:33.9125059+01:00" endTime="2023-12-22T09:33:33.9125059+01:00" testType="13cdc9d9-ddb5-4fa4-a97d-d965ccfc6d4b" outcome="Passed" testListId="8c84fa94-04c1-424b-9868-57a2d4851a1d" relativeResultsDirectory="668ced96-d47a-4226-aedc-c66edb8e82a3" />
    <UnitTestResult executionId="4dde87a9-0187-4613-a074-56b13ac6eac1" testId="41b4d628-e78a-e5e1-ce66-5032746f9934" testName="SetEnabled_True_ListView_Columns_Changed" computerName="DKSR-EFI-04" duration="00:00:01.0085879" startTime="2023-12-22T09:33:38.0062780+01:00" endTime="2023-12-22T09:33:39.0219059+01:00" testType="13cdc9d9-ddb5-4fa4-a97d-d965ccfc6d4b" outcome="Passed" testListId="8c84fa94-04c1-424b-9868-57a2d4851a1d" relativeResultsDirectory="4dde87a9-0187-4613-a074-56b13ac6eac1" />
    <UnitTestResult executionId="b987a0dd-d0f8-4354-896c-9b4ad1264f2c" testId="94bb4dfe-b0ce-4e57-734d-47a215db43d1" testName="Convert_Hours_SingularTest" computerName="DKSR-EFI-04" duration="00:00:00.0004038" startTime="2023-12-22T09:33:34.0375059+01:00" endTime="2023-12-22T09:33:34.0375059+01:00" testType="13cdc9d9-ddb5-4fa4-a97d-d965ccfc6d4b" outcome="Passed" testListId="8c84fa94-04c1-424b-9868-57a2d4851a1d" relativeResultsDirectory="b987a0dd-d0f8-4354-896c-9b4ad1264f2c" />
    <UnitTestResult executionId="8a1f1a57-e5b9-4584-b407-70f38b310f15" testId="da018325-6a80-96b8-7996-eb7ed269bec1" testName="Convert_NewLines_Only_Gives_Empty_Output" computerName="DKSR-EFI-04" duration="00:00:00.0001680" startTime="2023-12-22T09:33:34.3187562+01:00" endTime="2023-12-22T09:33:34.3187562+01:00" testType="13cdc9d9-ddb5-4fa4-a97d-d965ccfc6d4b" outcome="Passed" testListId="8c84fa94-04c1-424b-9868-57a2d4851a1d" relativeResultsDirectory="8a1f1a57-e5b9-4584-b407-70f38b310f15" />
    <UnitTestResult executionId="c2590619-58a3-4110-8bbf-ba12cba38392" testId="54639342-3d46-c804-f3d5-99838a456624" testName="Initialize_NoFixedHardwareSelectionTest" computerName="DKSR-EFI-04" duration="00:00:00.0496674" startTime="2023-12-22T09:33:36.3656438+01:00" endTime="2023-12-22T09:33:36.4125191+01:00" testType="13cdc9d9-ddb5-4fa4-a97d-d965ccfc6d4b" outcome="Passed" testListId="8c84fa94-04c1-424b-9868-57a2d4851a1d" relativeResultsDirectory="c2590619-58a3-4110-8bbf-ba12cba38392">
      <Output>
        <StdOut>Debug Trace:&#xD;
Wizard : Locked navigation on thread : 14&#xD;
Wizard : Navigating to page 0 on thread 14&#xD;
Wizard : Completed navigation to page 0 on thread 12&#xD;
Wizard : Released lock navigation on thread : 12</StdOut>
      </Output>
    </UnitTestResult>
    <UnitTestResult executionId="f099dd20-b47a-40d9-8594-239118bc407c" testId="81fc5d04-ff3c-abbf-fbee-43c8a11cc278" testName="ConvertBack_InvalidOperationException" computerName="DKSR-EFI-04" duration="00:00:00.0007102" startTime="2023-12-22T09:33:34.0062545+01:00" endTime="2023-12-22T09:33:34.0062545+01:00" testType="13cdc9d9-ddb5-4fa4-a97d-d965ccfc6d4b" outcome="Passed" testListId="8c84fa94-04c1-424b-9868-57a2d4851a1d" relativeResultsDirectory="f099dd20-b47a-40d9-8594-239118bc407c" />
    <UnitTestResult executionId="4850ddd8-3d89-4b43-b6a5-4fdfb6474e60" testId="217362c6-f836-1e13-6eca-0100f06814cb" testName="NullParameterThrows" computerName="DKSR-EFI-04" duration="00:00:00.0006526" startTime="2023-12-22T09:33:42.7562990+01:00" endTime="2023-12-22T09:33:42.7562990+01:00" testType="13cdc9d9-ddb5-4fa4-a97d-d965ccfc6d4b" outcome="Passed" testListId="8c84fa94-04c1-424b-9868-57a2d4851a1d" relativeResultsDirectory="4850ddd8-3d89-4b43-b6a5-4fdfb6474e60" />
    <UnitTestResult executionId="d7ce9d47-877b-4a84-8a2d-604088ef2464" testId="b2c9886e-c0da-c9fa-5b94-1d9497806cd1" testName="SortBaseCommon_Equality_SortBase_SameInstanceTest" computerName="DKSR-EFI-04" duration="00:00:00.0000092" startTime="2023-12-22T09:33:39.2875313+01:00" endTime="2023-12-22T09:33:39.2875313+01:00" testType="13cdc9d9-ddb5-4fa4-a97d-d965ccfc6d4b" outcome="Passed" testListId="8c84fa94-04c1-424b-9868-57a2d4851a1d" relativeResultsDirectory="d7ce9d47-877b-4a84-8a2d-604088ef2464" />
    <UnitTestResult executionId="269454e6-58e6-4b41-9cd8-1ea1a8f5cf1b" testId="d6db684e-d87e-3589-c232-3c63501d00ec" testName="SortBaseCommon_IsEquivalentOf_SortDescriptionCollection_ValidListTest" computerName="DKSR-EFI-04" duration="00:00:00.0000305" startTime="2023-12-22T09:33:39.3187807+01:00" endTime="2023-12-22T09:33:39.3187807+01:00" testType="13cdc9d9-ddb5-4fa4-a97d-d965ccfc6d4b" outcome="Passed" testListId="8c84fa94-04c1-424b-9868-57a2d4851a1d" relativeResultsDirectory="269454e6-58e6-4b41-9cd8-1ea1a8f5cf1b" />
    <UnitTestResult executionId="c18facae-feef-482e-b611-c697753cacef" testId="e09c165c-a32d-99ae-497b-164e41531b48" testName="SortBaseCommon_Equality_SortBase_SameInstanceTest" computerName="DKSR-EFI-04" duration="00:00:00.0001312" startTime="2023-12-22T09:33:39.1781560+01:00" endTime="2023-12-22T09:33:39.1781560+01:00" testType="13cdc9d9-ddb5-4fa4-a97d-d965ccfc6d4b" outcome="Passed" testListId="8c84fa94-04c1-424b-9868-57a2d4851a1d" relativeResultsDirectory="c18facae-feef-482e-b611-c697753cacef" />
    <UnitTestResult executionId="09e699c6-9368-4f4a-97cf-097919764e2e" testId="c3c54a72-1587-3a50-e0f2-352c45432496" testName="Convert_ArgumentNullException" computerName="DKSR-EFI-04" duration="00:00:00.0006297" startTime="2023-12-22T09:33:34.0062545+01:00" endTime="2023-12-22T09:33:34.0062545+01:00" testType="13cdc9d9-ddb5-4fa4-a97d-d965ccfc6d4b" outcome="Passed" testListId="8c84fa94-04c1-424b-9868-57a2d4851a1d" relativeResultsDirectory="09e699c6-9368-4f4a-97cf-097919764e2e" />
    <UnitTestResult executionId="f324c60e-50ae-466e-a715-896628f6484d" testId="e15a6b7f-58a9-06e9-9227-04160dd0072a" testName="NextCommand_CanExecute_LastPageValidationTest" computerName="DKSR-EFI-04" duration="00:00:00.0008643" startTime="2023-12-22T09:33:34.4593844+01:00" endTime="2023-12-22T09:33:34.4593844+01:00" testType="13cdc9d9-ddb5-4fa4-a97d-d965ccfc6d4b" outcome="Passed" testListId="8c84fa94-04c1-424b-9868-57a2d4851a1d" relativeResultsDirectory="f324c60e-50ae-466e-a715-896628f6484d">
      <Output>
        <StdOut>Debug Trace:&#xD;
Wizard : Locked navigation on thread : 14&#xD;
Wizard : Navigating to page 0 on thread 14&#xD;
Wizard : Completed navigation to page 0 on thread 17&#xD;
Wizard : Released lock navigation on thread : 17&#xD;
Wizard : Locked navigation on thread : 14&#xD;
Wizard : Navigating to page 1 on thread 14&#xD;
Wizard : Completed navigation to page 1 on thread 16&#xD;
Wizard : Released lock navigation on thread : 16&#xD;
Wizard : Locked navigation on thread : 14&#xD;
Wizard : Navigating to page 2 on thread 14&#xD;
Wizard : Completed navigation to page 2 on thread 16&#xD;
Wizard : Released lock navigation on thread : 16</StdOut>
      </Output>
    </UnitTestResult>
    <UnitTestResult executionId="423d4e9e-ef03-40e0-94f3-10e381e04176" testId="aa8093d9-4c39-a42c-dda7-99dfcab5a8f4" testName="Convert_Error_TargetTypeTest" computerName="DKSR-EFI-04" duration="00:00:00.0016511" startTime="2023-12-22T09:33:34.1781335+01:00" endTime="2023-12-22T09:33:34.1781335+01:00" testType="13cdc9d9-ddb5-4fa4-a97d-d965ccfc6d4b" outcome="Passed" testListId="8c84fa94-04c1-424b-9868-57a2d4851a1d" relativeResultsDirectory="423d4e9e-ef03-40e0-94f3-10e381e04176" />
    <UnitTestResult executionId="ad122d68-1687-4550-8f73-0596db44f249" testId="2f4b0281-9c7a-09ad-9ddf-f26e3385dbb8" testName="NavigatingTo_Selection_FromHandler_UnavailableItemsTest" computerName="DKSR-EFI-04" duration="00:00:00.0005295" startTime="2023-12-22T09:33:36.1468959+01:00" endTime="2023-12-22T09:33:36.1468959+01:00" testType="13cdc9d9-ddb5-4fa4-a97d-d965ccfc6d4b" outcome="Passed" testListId="8c84fa94-04c1-424b-9868-57a2d4851a1d" relativeResultsDirectory="ad122d68-1687-4550-8f73-0596db44f249" />
    <UnitTestResult executionId="38ed4715-f715-47fe-b7b9-e56faef52549" testId="5c839bf0-1998-7f86-972a-fdc64f4b206d" testName="Constructor_EmptyFallbackPropertyTest" computerName="DKSR-EFI-04" duration="00:00:00.0004764" startTime="2023-12-22T09:33:39.2406572+01:00" endTime="2023-12-22T09:33:39.2406572+01:00" testType="13cdc9d9-ddb5-4fa4-a97d-d965ccfc6d4b" outcome="Passed" testListId="8c84fa94-04c1-424b-9868-57a2d4851a1d" relativeResultsDirectory="38ed4715-f715-47fe-b7b9-e56faef52549" />
    <UnitTestResult executionId="d373aeaa-72fd-4ee2-9c34-bd589549a1e4" testId="330a6592-9d67-3ad1-4438-fa0fdc79e747" testName="SortBaseCommon_GetHashCode_SameInstanceTest" computerName="DKSR-EFI-04" duration="00:00:00.0005504" startTime="2023-12-22T09:33:39.1625317+01:00" endTime="2023-12-22T09:33:39.1625317+01:00" testType="13cdc9d9-ddb5-4fa4-a97d-d965ccfc6d4b" outcome="Passed" testListId="8c84fa94-04c1-424b-9868-57a2d4851a1d" relativeResultsDirectory="d373aeaa-72fd-4ee2-9c34-bd589549a1e4" />
    <UnitTestResult executionId="09e4441d-dbbc-4adf-bff5-112ddbc5f359" testId="7035ee10-a6b2-ab40-e228-ba32e7450738" testName="InitialFocus_SetEnabled_UIElement_Throws_ArgumentException" computerName="DKSR-EFI-04" duration="00:00:00.0004350" startTime="2023-12-22T09:33:39.0375331+01:00" endTime="2023-12-22T09:33:39.0375331+01:00" testType="13cdc9d9-ddb5-4fa4-a97d-d965ccfc6d4b" outcome="Passed" testListId="8c84fa94-04c1-424b-9868-57a2d4851a1d" relativeResultsDirectory="09e4441d-dbbc-4adf-bff5-112ddbc5f359" />
    <UnitTestResult executionId="cef4664c-df58-4bec-865f-4708061e29fa" testId="2e391c7e-1dce-9fa6-0e65-96dba3873d48" testName="Convert_IsNullOrEmpty_WhiteSpace_Input_Returns_FalseResult" computerName="DKSR-EFI-04" duration="00:00:00.0002981" startTime="2023-12-22T09:33:39.3812839+01:00" endTime="2023-12-22T09:33:39.3812839+01:00" testType="13cdc9d9-ddb5-4fa4-a97d-d965ccfc6d4b" outcome="Passed" testListId="8c84fa94-04c1-424b-9868-57a2d4851a1d" relativeResultsDirectory="cef4664c-df58-4bec-865f-4708061e29fa" />
    <UnitTestResult executionId="e6efc44d-9f28-4176-a77f-26801a3b50cd" testId="33b6f5ee-da23-2516-d626-f8cc402f6c53" testName="Validate_WithPasswordManualEntry_MissingConfirmationPassword" computerName="DKSR-EFI-04" duration="00:00:00.0003980" startTime="2023-12-22T09:33:36.0062661+01:00" endTime="2023-12-22T09:33:36.0062661+01:00" testType="13cdc9d9-ddb5-4fa4-a97d-d965ccfc6d4b" outcome="Passed" testListId="8c84fa94-04c1-424b-9868-57a2d4851a1d" relativeResultsDirectory="e6efc44d-9f28-4176-a77f-26801a3b50cd" />
    <UnitTestResult executionId="8b92e55e-52f4-42b8-9661-69d5084a12e2" testId="07ee7d52-67c7-d86d-369e-0ee0b7f43734" testName="VmoAccess_SuppressedExceptionInList_PopupIsNotDisplayedOnException" computerName="DKSR-EFI-04" duration="00:00:00.2406010" startTime="2023-12-22T09:33:36.4906419+01:00" endTime="2023-12-22T09:33:36.7406440+01:00" testType="13cdc9d9-ddb5-4fa4-a97d-d965ccfc6d4b" outcome="Passed" testListId="8c84fa94-04c1-424b-9868-57a2d4851a1d" relativeResultsDirectory="8b92e55e-52f4-42b8-9661-69d5084a12e2" />
    <UnitTestResult executionId="64d99cf0-231b-4350-b4cf-a231001cd5dc" testId="cd41b3e5-1b68-5bf4-6b21-391449f362ce" testName="NonEmptyStringsConvertsToTrue" computerName="DKSR-EFI-04" duration="00:00:00.0002439" startTime="2023-12-22T09:33:42.7406755+01:00" endTime="2023-12-22T09:33:42.7406755+01:00" testType="13cdc9d9-ddb5-4fa4-a97d-d965ccfc6d4b" outcome="Passed" testListId="8c84fa94-04c1-424b-9868-57a2d4851a1d" relativeResultsDirectory="64d99cf0-231b-4350-b4cf-a231001cd5dc" />
    <UnitTestResult executionId="236f27cf-87dd-4bf9-8d5f-2bb3e46a156d" testId="5fa359fc-d32d-4a18-f2ac-b5a2945a5f66" testName="UpdateSelection_Garbage_InvalidTypeTest" computerName="DKSR-EFI-04" duration="00:00:00.0029988" startTime="2023-12-22T09:33:33.5531279+01:00" endTime="2023-12-22T09:33:33.5531279+01:00" testType="13cdc9d9-ddb5-4fa4-a97d-d965ccfc6d4b" outcome="Passed" testListId="8c84fa94-04c1-424b-9868-57a2d4851a1d" relativeResultsDirectory="236f27cf-87dd-4bf9-8d5f-2bb3e46a156d" />
    <UnitTestResult executionId="8c2eef99-3631-49ec-9d01-0d568018ad05" testId="3374f0ec-84a4-6b64-55fa-ff1da1e377d5" testName="AllTrueArrayConvertsToCollapsed" computerName="DKSR-EFI-04" duration="00:00:00.0031989" startTime="2023-12-22T09:33:42.7094249+01:00" endTime="2023-12-22T09:33:42.7094249+01:00" testType="13cdc9d9-ddb5-4fa4-a97d-d965ccfc6d4b" outcome="Passed" testListId="8c84fa94-04c1-424b-9868-57a2d4851a1d" relativeResultsDirectory="8c2eef99-3631-49ec-9d01-0d568018ad05" />
    <UnitTestResult executionId="655445ac-e36c-473b-afe2-2a427e3575b3" testId="00f09470-13ff-0e0f-d8d8-3fd767f928a8" testName="CalcuateNewColumnWidths_Absolute_With_MaxPercentage" computerName="DKSR-EFI-04" duration="00:00:00.0003509" startTime="2023-12-22T09:33:37.9906517+01:00" endTime="2023-12-22T09:33:37.9906517+01:00" testType="13cdc9d9-ddb5-4fa4-a97d-d965ccfc6d4b" outcome="Passed" testListId="8c84fa94-04c1-424b-9868-57a2d4851a1d" relativeResultsDirectory="655445ac-e36c-473b-afe2-2a427e3575b3" />
    <UnitTestResult executionId="b2877bc2-32c1-4e72-88b7-ebe8cdd04df1" testId="7b319b5a-ac7e-27ec-d3d4-424ab7d48072" testName="PreviousCommand_ExecuteMultipleTest" computerName="DKSR-EFI-04" duration="00:00:00.0017509" startTime="2023-12-22T09:33:34.7093850+01:00" endTime="2023-12-22T09:33:34.7093850+01:00" testType="13cdc9d9-ddb5-4fa4-a97d-d965ccfc6d4b" outcome="Passed" testListId="8c84fa94-04c1-424b-9868-57a2d4851a1d" relativeResultsDirectory="b2877bc2-32c1-4e72-88b7-ebe8cdd04df1">
      <Output>
        <StdOut>Debug Trace:&#xD;
Wizard : Locked navigation on thread : 14&#xD;
Wizard : Navigating to page 0 on thread 14&#xD;
Wizard : Completed navigation to page 0 on thread 16&#xD;
Wizard : Released lock navigation on thread : 16&#xD;
Wizard : Locked navigation on thread : 14&#xD;
Wizard : Navigating to page 1 on thread 14&#xD;
Wizard : Completed navigation to page 1 on thread 17&#xD;
Wizard : Released lock navigation on thread : 17&#xD;
Wizard : Locked navigation on thread : 14&#xD;
Wizard : Navigating to page 2 on thread 14&#xD;
Wizard : Completed navigation to page 2 on thread 17&#xD;
Wizard : Released lock navigation on thread : 17&#xD;
Wizard : Locked navigation on thread : 14&#xD;
Wizard : Navigating to page 1 on thread 14&#xD;
Wizard : Completed navigation to page 1 on thread 17&#xD;
Wizard : Released lock navigation on thread : 17</StdOut>
      </Output>
    </UnitTestResult>
    <UnitTestResult executionId="4f7e8946-79ca-4e79-ab8c-60c6200a9947" testId="cf57110a-f557-2dc4-68f2-0cfc31945112" testName="ConvertBack_InvalidOperationException" computerName="DKSR-EFI-04" duration="00:00:00.0006725" startTime="2023-12-22T09:33:36.4593932+01:00" endTime="2023-12-22T09:33:36.4593932+01:00" testType="13cdc9d9-ddb5-4fa4-a97d-d965ccfc6d4b" outcome="Passed" testListId="8c84fa94-04c1-424b-9868-57a2d4851a1d" relativeResultsDirectory="4f7e8946-79ca-4e79-ab8c-60c6200a9947" />
    <UnitTestResult executionId="c8c162bb-65a3-4535-abd5-173900c30270" testId="242f1548-7f00-63b2-b713-b1822d6c02a9" testName="Convert_Hours_IncludingMinutesTest" computerName="DKSR-EFI-04" duration="00:00:00.0003606" startTime="2023-12-22T09:33:34.0531290+01:00" endTime="2023-12-22T09:33:34.0531290+01:00" testType="13cdc9d9-ddb5-4fa4-a97d-d965ccfc6d4b" outcome="Passed" testListId="8c84fa94-04c1-424b-9868-57a2d4851a1d" relativeResultsDirectory="c8c162bb-65a3-4535-abd5-173900c30270" />
    <UnitTestResult executionId="e17fdb01-db0c-48a7-b7cc-377524f70aa1" testId="8bc9dbd1-0f25-d916-37f2-1cdc9dfe548a" testName="NavigatingAway_SelectedItemsSetOnDataTest" computerName="DKSR-EFI-04" duration="00:00:00.0042825" startTime="2023-12-22T09:33:33.3968788+01:00" endTime="2023-12-22T09:33:33.3968788+01:00" testType="13cdc9d9-ddb5-4fa4-a97d-d965ccfc6d4b" outcome="Passed" testListId="8c84fa94-04c1-424b-9868-57a2d4851a1d" relativeResultsDirectory="e17fdb01-db0c-48a7-b7cc-377524f70aa1" />
    <UnitTestResult executionId="65af503c-9e92-4bc1-bb62-1d4fc6d3cca6" testId="903b7330-cb31-061c-da48-0a66f654dfcd" testName="AllHardwareSelected_Set_NullTest" computerName="DKSR-EFI-04" duration="00:00:00.0004551" startTime="2023-12-22T09:33:36.2875155+01:00" endTime="2023-12-22T09:33:36.2875155+01:00" testType="13cdc9d9-ddb5-4fa4-a97d-d965ccfc6d4b" outcome="Passed" testListId="8c84fa94-04c1-424b-9868-57a2d4851a1d" relativeResultsDirectory="65af503c-9e92-4bc1-bb62-1d4fc6d3cca6" />
    <UnitTestResult executionId="675ea050-c5f7-401e-86aa-26c530ecdd29" testId="01c0bec4-2e67-e9ed-ad20-95a0e008ce45" testName="Convert_ArgumentNullException" computerName="DKSR-EFI-04" duration="00:00:00.0006946" startTime="2023-12-22T09:33:36.4437675+01:00" endTime="2023-12-22T09:33:36.4593932+01:00" testType="13cdc9d9-ddb5-4fa4-a97d-d965ccfc6d4b" outcome="Passed" testListId="8c84fa94-04c1-424b-9868-57a2d4851a1d" relativeResultsDirectory="675ea050-c5f7-401e-86aa-26c530ecdd29" />
    <UnitTestResult executionId="376cff36-abcf-4ab5-9b3d-79c687118b04" testId="db1836fe-be4d-cd73-a08e-2b1f59817a0d" testName="DefaultsTest" computerName="DKSR-EFI-04" duration="00:00:00.0014133" startTime="2023-12-22T09:33:34.1625074+01:00" endTime="2023-12-22T09:33:34.1781335+01:00" testType="13cdc9d9-ddb5-4fa4-a97d-d965ccfc6d4b" outcome="Passed" testListId="8c84fa94-04c1-424b-9868-57a2d4851a1d" relativeResultsDirectory="376cff36-abcf-4ab5-9b3d-79c687118b04" />
    <UnitTestResult executionId="5807473b-6c74-4dca-81a7-420d7eb651d1" testId="8a6535dc-f240-c831-6f06-7d4751bd0c13" testName="CurrentStatus_Update_ClearSelectionTest" computerName="DKSR-EFI-04" duration="00:00:00.0001977" startTime="2023-12-22T09:33:33.4281278+01:00" endTime="2023-12-22T09:33:33.4281278+01:00" testType="13cdc9d9-ddb5-4fa4-a97d-d965ccfc6d4b" outcome="Passed" testListId="8c84fa94-04c1-424b-9868-57a2d4851a1d" relativeResultsDirectory="5807473b-6c74-4dca-81a7-420d7eb651d1" />
    <UnitTestResult executionId="e4c0722f-168e-4a4e-9e0c-0356970a42db" testId="79eddf8e-75bc-75b0-e34a-561dd48cad4f" testName="Initialize_FetchesWizardPagesTest" computerName="DKSR-EFI-04" duration="00:00:00.0005947" startTime="2023-12-22T09:33:34.3500075+01:00" endTime="2023-12-22T09:33:34.3500075+01:00" testType="13cdc9d9-ddb5-4fa4-a97d-d965ccfc6d4b" outcome="Passed" testListId="8c84fa94-04c1-424b-9868-57a2d4851a1d" relativeResultsDirectory="e4c0722f-168e-4a4e-9e0c-0356970a42db">
      <Output>
        <StdOut>Debug Trace:&#xD;
Wizard : Locked navigation on thread : 14&#xD;
Wizard : Navigating to page 0 on thread 14</StdOut>
      </Output>
    </UnitTestResult>
    <UnitTestResult executionId="971deaf7-5f76-4b37-90d4-9632e8812b46" testId="bab771ff-13a5-b51d-4601-65f5e8e2a03c" testName="NavigatingTo_ExceptionHandling_OtherException_FindHardwareThrowsTest" computerName="DKSR-EFI-04" duration="00:00:00.0006350" startTime="2023-12-22T09:33:33.5218776+01:00" endTime="2023-12-22T09:33:33.5218776+01:00" testType="13cdc9d9-ddb5-4fa4-a97d-d965ccfc6d4b" outcome="Passed" testListId="8c84fa94-04c1-424b-9868-57a2d4851a1d" relativeResultsDirectory="971deaf7-5f76-4b37-90d4-9632e8812b46" />
    <UnitTestResult executionId="eb01221c-76a0-4637-ac1c-ba4bd27eb8ab" testId="1aa66849-c568-f584-5496-d53c04f2eb9a" testName="NextCommand_NavigationCallbacks_SourceTest" computerName="DKSR-EFI-04" duration="00:00:00.0088324" startTime="2023-12-22T09:33:34.6937597+01:00" endTime="2023-12-22T09:33:34.7093850+01:00" testType="13cdc9d9-ddb5-4fa4-a97d-d965ccfc6d4b" outcome="Passed" testListId="8c84fa94-04c1-424b-9868-57a2d4851a1d" relativeResultsDirectory="eb01221c-76a0-4637-ac1c-ba4bd27eb8ab">
      <Output>
        <StdOut>Debug Trace:&#xD;
Wizard : Locked navigation on thread : 14&#xD;
Wizard : Navigating to page 0 on thread 14&#xD;
Wizard : Completed navigation to page 0 on thread 21&#xD;
Wizard : Released lock navigation on thread : 21&#xD;
Wizard : Locked navigation on thread : 14&#xD;
Wizard : Navigating to page 1 on thread 14&#xD;
Wizard : Completed navigation to page 1 on thread 16&#xD;
Wizard : Released lock navigation on thread : 16</StdOut>
      </Output>
    </UnitTestResult>
    <UnitTestResult executionId="4ea2b4f6-4386-4c9d-98c3-e86e50119332" testId="17336d5d-6676-adaf-9825-b947754db482" testName="CurrentStatus_PostNavigatingTo_NoPreselectionTest" computerName="DKSR-EFI-04" duration="00:00:00.0002374" startTime="2023-12-22T09:33:36.3031432+01:00" endTime="2023-12-22T09:33:36.3031432+01:00" testType="13cdc9d9-ddb5-4fa4-a97d-d965ccfc6d4b" outcome="Passed" testListId="8c84fa94-04c1-424b-9868-57a2d4851a1d" relativeResultsDirectory="4ea2b4f6-4386-4c9d-98c3-e86e50119332" />
    <UnitTestResult executionId="bd5b1891-551c-49b9-8731-d8b9b844c158" testId="035fdee6-71f6-6745-0bb2-260ef5c286b9" testName="UpdateSelection_ValidSelectionTest" computerName="DKSR-EFI-04" duration="00:00:00.0008434" startTime="2023-12-22T09:33:33.5375029+01:00" endTime="2023-12-22T09:33:33.5375029+01:00" testType="13cdc9d9-ddb5-4fa4-a97d-d965ccfc6d4b" outcome="Passed" testListId="8c84fa94-04c1-424b-9868-57a2d4851a1d" relativeResultsDirectory="bd5b1891-551c-49b9-8731-d8b9b844c158" />
    <UnitTestResult executionId="4e77cabe-b9e8-44ad-8a4f-a747b0eb1b65" testId="707b3396-9b7a-a91b-fb63-5aabb6aa993e" testName="PreviousCommand_NavigationCallbacks_SourceTest" computerName="DKSR-EFI-04" duration="00:00:00.0009756" startTime="2023-12-22T09:33:34.8031330+01:00" endTime="2023-12-22T09:33:34.8031330+01:00" testType="13cdc9d9-ddb5-4fa4-a97d-d965ccfc6d4b" outcome="Passed" testListId="8c84fa94-04c1-424b-9868-57a2d4851a1d" relativeResultsDirectory="4e77cabe-b9e8-44ad-8a4f-a747b0eb1b65">
      <Output>
        <StdOut>Debug Trace:&#xD;
Wizard : Locked navigation on thread : 14&#xD;
Wizard : Navigating to page 0 on thread 14&#xD;
Wizard : Completed navigation to page 0 on thread 19&#xD;
Wizard : Released lock navigation on thread : 19&#xD;
Wizard : Locked navigation on thread : 14&#xD;
Wizard : Navigating to page 1 on thread 14&#xD;
Wizard : Completed navigation to page 1 on thread 16&#xD;
Wizard : Released lock navigation on thread : 16&#xD;
Wizard : Locked navigation on thread : 14&#xD;
Wizard : Navigating to page 0 on thread 14&#xD;
Wizard : Completed navigation to page 0 on thread 16&#xD;
Wizard : Released lock navigation on thread : 16</StdOut>
      </Output>
    </UnitTestResult>
    <UnitTestResult executionId="7f757769-b028-4207-a2fb-ccfde8e4925b" testId="c14dace7-f1b0-dd2c-d0e2-730d63d4d0e2" testName="Validate_WithPasswordManualEntry_RequiresLowercase_Fails" computerName="DKSR-EFI-04" duration="00:00:00.0007085" startTime="2023-12-22T09:33:36.0531393+01:00" endTime="2023-12-22T09:33:36.0531393+01:00" testType="13cdc9d9-ddb5-4fa4-a97d-d965ccfc6d4b" outcome="Passed" testListId="8c84fa94-04c1-424b-9868-57a2d4851a1d" relativeResultsDirectory="7f757769-b028-4207-a2fb-ccfde8e4925b" />
    <UnitTestResult executionId="4e414491-4685-459a-8436-6e841e833521" testId="23ba3188-fa5a-8f11-0c9c-7549f905e108" testName="Convert_ToBool_AvailableOnly_UsageNegativeTest" computerName="DKSR-EFI-04" duration="00:00:00.0001823" startTime="2023-12-22T09:33:34.2250063+01:00" endTime="2023-12-22T09:33:34.2250063+01:00" testType="13cdc9d9-ddb5-4fa4-a97d-d965ccfc6d4b" outcome="Passed" testListId="8c84fa94-04c1-424b-9868-57a2d4851a1d" relativeResultsDirectory="4e414491-4685-459a-8436-6e841e833521" />
    <UnitTestResult executionId="33d4fa97-f02d-4504-bf26-d811934848f4" testId="bfce2dbf-17b5-a18a-d2d7-32e87da69023" testName="NavigatingTo_CheckPreselectedRecorderHasHardware_False_NavigationNotCancelled" computerName="DKSR-EFI-04" duration="00:00:00.0004469" startTime="2023-12-22T09:33:34.3500075+01:00" endTime="2023-12-22T09:33:34.3500075+01:00" testType="13cdc9d9-ddb5-4fa4-a97d-d965ccfc6d4b" outcome="Passed" testListId="8c84fa94-04c1-424b-9868-57a2d4851a1d" relativeResultsDirectory="33d4fa97-f02d-4504-bf26-d811934848f4" />
    <UnitTestResult executionId="f15efce8-8c5b-455c-b181-6ea2d18241e4" testId="e87417e0-e143-bedb-9aaf-473deed8c509" testName="SortBaseCommon_Equality_SortBase_EqualObjectsTest" computerName="DKSR-EFI-04" duration="00:00:00.0001567" startTime="2023-12-22T09:33:39.1781560+01:00" endTime="2023-12-22T09:33:39.1781560+01:00" testType="13cdc9d9-ddb5-4fa4-a97d-d965ccfc6d4b" outcome="Passed" testListId="8c84fa94-04c1-424b-9868-57a2d4851a1d" relativeResultsDirectory="f15efce8-8c5b-455c-b181-6ea2d18241e4" />
    <UnitTestResult executionId="507de2bb-5540-467b-86d3-d9a4dd6ac836" testId="0064c701-aef5-89d0-d48a-0c3f33352c4f" testName="NavigatingTo_ExceptionHandling_MoveHardwareException_FindRecordersThrowsTest" computerName="DKSR-EFI-04" duration="00:00:00.0022847" startTime="2023-12-22T09:33:33.3812565+01:00" endTime="2023-12-22T09:33:33.3812565+01:00" testType="13cdc9d9-ddb5-4fa4-a97d-d965ccfc6d4b" outcome="Passed" testListId="8c84fa94-04c1-424b-9868-57a2d4851a1d" relativeResultsDirectory="507de2bb-5540-467b-86d3-d9a4dd6ac836" />
    <UnitTestResult executionId="b297939d-6dcb-4163-a0e8-7f3e7984a39c" testId="93197305-5f41-743a-030b-561e6ec2e720" testName="HandledVmoAccessTests_ProperReturnValueIfVmoUnathorizedAccessException" computerName="DKSR-EFI-04" duration="00:00:00.0049873" startTime="2023-12-22T09:33:36.8656434+01:00" endTime="2023-12-22T09:33:36.8656434+01:00" testType="13cdc9d9-ddb5-4fa4-a97d-d965ccfc6d4b" outcome="Passed" testListId="8c84fa94-04c1-424b-9868-57a2d4851a1d" relativeResultsDirectory="b297939d-6dcb-4163-a0e8-7f3e7984a39c" />
    <UnitTestResult executionId="a90608ea-3bd8-4a53-8352-1bebea20dd1e" testId="ed172d0f-835c-32fb-91ff-3bbf7051f82a" testName="ThresholdBottomLevelHeightMultiValueConverter_DownUpIsTrue_Success" computerName="DKSR-EFI-04" duration="00:00:00.0010219" startTime="2023-12-22T09:33:37.9594005+01:00" endTime="2023-12-22T09:33:37.9594005+01:00" testType="13cdc9d9-ddb5-4fa4-a97d-d965ccfc6d4b" outcome="Passed" testListId="8c84fa94-04c1-424b-9868-57a2d4851a1d" relativeResultsDirectory="a90608ea-3bd8-4a53-8352-1bebea20dd1e" />
    <UnitTestResult executionId="e4d3a2bd-9a4e-4fc1-96d0-b4256ba6fa4f" testId="a4e0fe96-dc99-279c-001f-66b34dc211ec" testName="SelectedRecorder_NonExistentRecorderTest" computerName="DKSR-EFI-04" duration="00:00:00.0003327" startTime="2023-12-22T09:33:33.3968788+01:00" endTime="2023-12-22T09:33:33.3968788+01:00" testType="13cdc9d9-ddb5-4fa4-a97d-d965ccfc6d4b" outcome="Passed" testListId="8c84fa94-04c1-424b-9868-57a2d4851a1d" relativeResultsDirectory="e4d3a2bd-9a4e-4fc1-96d0-b4256ba6fa4f" />
    <UnitTestResult executionId="e2ca5712-0b0c-4424-b455-e46d2fea939b" testId="4390b2ea-086f-aac5-08c1-04c155b3b2c2" testName="InitialFocus_SetEnabled_ItemsControl_Focus_Called_On_First_Item" computerName="DKSR-EFI-04" duration="00:00:00.0901781" startTime="2023-12-22T09:33:39.0375331+01:00" endTime="2023-12-22T09:33:39.1312813+01:00" testType="13cdc9d9-ddb5-4fa4-a97d-d965ccfc6d4b" outcome="Passed" testListId="8c84fa94-04c1-424b-9868-57a2d4851a1d" relativeResultsDirectory="e2ca5712-0b0c-4424-b455-e46d2fea939b" />
    <UnitTestResult executionId="f64f6633-d6aa-4cc3-90d8-2b4d937be7fc" testId="657e21ce-a52e-6c6a-6311-57335b301012" testName="ConvertNonMatchingType" computerName="DKSR-EFI-04" duration="00:00:00.0006479" startTime="2023-12-22T09:33:42.7562990+01:00" endTime="2023-12-22T09:33:42.7562990+01:00" testType="13cdc9d9-ddb5-4fa4-a97d-d965ccfc6d4b" outcome="Passed" testListId="8c84fa94-04c1-424b-9868-57a2d4851a1d" relativeResultsDirectory="f64f6633-d6aa-4cc3-90d8-2b4d937be7fc" />
    <UnitTestResult executionId="f14916b7-4b37-43a2-b461-bd9ee48306ff" testId="74a375ca-464c-73e2-54e8-5f203390ff61" testName="SortBaseCommon_Equality_SortBase_NullTest" computerName="DKSR-EFI-04" duration="00:00:00.0000100" startTime="2023-12-22T09:33:39.3031575+01:00" endTime="2023-12-22T09:33:39.3031575+01:00" testType="13cdc9d9-ddb5-4fa4-a97d-d965ccfc6d4b" outcome="Passed" testListId="8c84fa94-04c1-424b-9868-57a2d4851a1d" relativeResultsDirectory="f14916b7-4b37-43a2-b461-bd9ee48306ff" />
    <UnitTestResult executionId="e09e17ba-3a08-42f3-afdb-04fa70549c1a" testId="b00a1104-8e5f-1bfe-1c29-5c9fc9765e2f" testName="EmptyStringConvertsToCollapsed" computerName="DKSR-EFI-04" duration="00:00:00.0007292" startTime="2023-12-22T09:33:42.7406755+01:00" endTime="2023-12-22T09:33:42.7406755+01:00" testType="13cdc9d9-ddb5-4fa4-a97d-d965ccfc6d4b" outcome="Passed" testListId="8c84fa94-04c1-424b-9868-57a2d4851a1d" relativeResultsDirectory="e09e17ba-3a08-42f3-afdb-04fa70549c1a" />
    <UnitTestResult executionId="7b757ae8-11d7-4074-8927-793a44c1faf2" testId="14269668-7653-ecd1-825b-a7a673e60d0d" testName="UnselectHardware_ValidItemWithDuplicateMacAddress" computerName="DKSR-EFI-04" duration="00:00:00.0008698" startTime="2023-12-22T09:33:36.1000157+01:00" endTime="2023-12-22T09:33:36.1000157+01:00" testType="13cdc9d9-ddb5-4fa4-a97d-d965ccfc6d4b" outcome="Passed" testListId="8c84fa94-04c1-424b-9868-57a2d4851a1d" relativeResultsDirectory="7b757ae8-11d7-4074-8927-793a44c1faf2" />
    <UnitTestResult executionId="654fb882-9349-4bd9-b649-7d29accf8cbb" testId="877408a3-40e3-bcfc-c06c-a50c1343cb03" testName="SortEquality_ReverseSorts" computerName="DKSR-EFI-04" duration="00:00:00.0003963" startTime="2023-12-22T09:33:34.9281346+01:00" endTime="2023-12-22T09:33:34.9281346+01:00" testType="13cdc9d9-ddb5-4fa4-a97d-d965ccfc6d4b" outcome="Passed" testListId="8c84fa94-04c1-424b-9868-57a2d4851a1d" relativeResultsDirectory="654fb882-9349-4bd9-b649-7d29accf8cbb" />
    <UnitTestResult executionId="3e6c243a-9ac9-474c-8d5b-83152ccdaa6c" testId="2f3f981a-b73f-fb79-e3d7-09241fb6f8ce" testName="NavigatingTo_CheckPreselectedRecorderAvailable_False_NavigationNotCancelled" computerName="DKSR-EFI-04" duration="00:00:00.0039125" startTime="2023-12-22T09:33:34.3343815+01:00" endTime="2023-12-22T09:33:34.3343815+01:00" testType="13cdc9d9-ddb5-4fa4-a97d-d965ccfc6d4b" outcome="Passed" testListId="8c84fa94-04c1-424b-9868-57a2d4851a1d" relativeResultsDirectory="3e6c243a-9ac9-474c-8d5b-83152ccdaa6c" />
    <UnitTestResult executionId="a28a9410-57b1-4aa1-bc00-0ee3d8aba29d" testId="789ec8f1-177c-e8a9-3dff-f68ee10f1a03" testName="SortBaseCommon_Reverse_ReverseOfReverseTest" computerName="DKSR-EFI-04" duration="00:00:00.0000116" startTime="2023-12-22T09:33:39.2719089+01:00" endTime="2023-12-22T09:33:39.2719089+01:00" testType="13cdc9d9-ddb5-4fa4-a97d-d965ccfc6d4b" outcome="Passed" testListId="8c84fa94-04c1-424b-9868-57a2d4851a1d" relativeResultsDirectory="a28a9410-57b1-4aa1-bc00-0ee3d8aba29d" />
    <UnitTestResult executionId="df30ec03-bfe4-4bf6-867c-5dba822ecf2f" testId="690203e3-c663-745b-2a62-02992783daa5" testName="UnselectHardware_SingleValidItem" computerName="DKSR-EFI-04" duration="00:00:00.0019989" startTime="2023-12-22T09:33:36.0843910+01:00" endTime="2023-12-22T09:33:36.0843910+01:00" testType="13cdc9d9-ddb5-4fa4-a97d-d965ccfc6d4b" outcome="Passed" testListId="8c84fa94-04c1-424b-9868-57a2d4851a1d" relativeResultsDirectory="df30ec03-bfe4-4bf6-867c-5dba822ecf2f" />
    <UnitTestResult executionId="739ce4b9-fe77-4c86-aaab-10db0a42a3d6" testId="f5b9c939-e0ce-8ebd-f00d-5987bef52e3e" testName="Convert_IsNullOrEmpty_Null_Input_Returns_TrueResult" computerName="DKSR-EFI-04" duration="00:00:00.0011322" startTime="2023-12-22T09:33:39.3656574+01:00" endTime="2023-12-22T09:33:39.3656574+01:00" testType="13cdc9d9-ddb5-4fa4-a97d-d965ccfc6d4b" outcome="Passed" testListId="8c84fa94-04c1-424b-9868-57a2d4851a1d" relativeResultsDirectory="739ce4b9-fe77-4c86-aaab-10db0a42a3d6" />
    <UnitTestResult executionId="8357ef5c-fb6a-4e0a-907f-6a1c7402a5eb" testId="59f01c98-df98-a4a3-ea33-e745a53617a4" testName="PreviousCommand_CommandInvalidated_PageStatusChanged_ValidToBusyTest" computerName="DKSR-EFI-04" duration="00:00:00.0212378" startTime="2023-12-22T09:33:34.7562579+01:00" endTime="2023-12-22T09:33:34.7875108+01:00" testType="13cdc9d9-ddb5-4fa4-a97d-d965ccfc6d4b" outcome="Passed" testListId="8c84fa94-04c1-424b-9868-57a2d4851a1d" relativeResultsDirectory="8357ef5c-fb6a-4e0a-907f-6a1c7402a5eb">
      <Output>
        <StdOut>Debug Trace:&#xD;
Wizard : Locked navigation on thread : 14&#xD;
Wizard : Navigating to page 0 on thread 14&#xD;
Wizard : Completed navigation to page 0 on thread 17&#xD;
Wizard : Locked navigation on thread : 14&#xD;
Wizard : Navigating to page 1 on thread 14&#xD;
Wizard : Released lock navigation on thread : 17&#xD;
Wizard : Completed navigation to page 1 on thread 17&#xD;
Wizard : Released lock navigation on thread : 17</StdOut>
      </Output>
    </UnitTestResult>
    <UnitTestResult executionId="7d09ea99-fbc3-440e-a8bf-1a4b01229f3a" testId="c20a457b-898f-4564-ecae-0606fce3d9a1" testName="NavigatingTo_UnsuccessfulChange_PasswordChangeSucceededUnset" computerName="DKSR-EFI-04" duration="00:00:00.1306039" startTime="2023-12-22T09:33:35.8343907+01:00" endTime="2023-12-22T09:33:35.9593928+01:00" testType="13cdc9d9-ddb5-4fa4-a97d-d965ccfc6d4b" outcome="Passed" testListId="8c84fa94-04c1-424b-9868-57a2d4851a1d" relativeResultsDirectory="7d09ea99-fbc3-440e-a8bf-1a4b01229f3a">
      <Output>
        <StdOut>Debug Trace:&#xD;
CALL SYNCHRONIZER [20]: Run() called on thread 28&#xD;
CALL SYNCHRONIZER [20]: Waiting for event on thread 28&#xD;
CALL SYNCHRONIZER [20]: Event received, exiting on thread 28&#xD;
WARNIG : Progress notification received after result has been set&#xD;
WARNIG : Progress notification received after result has been set</StdOut>
      </Output>
    </UnitTestResult>
    <UnitTestResult executionId="03fc4fea-cc0d-468d-b549-3772447003d0" testId="6ccba33d-bc0f-8f72-0f2a-7c964b3c53bb" testName="ValueRounding_Success" computerName="DKSR-EFI-04" duration="00:00:00.0001343" startTime="2023-12-22T09:33:37.8500239+01:00" endTime="2023-12-22T09:33:37.8500239+01:00" testType="13cdc9d9-ddb5-4fa4-a97d-d965ccfc6d4b" outcome="Passed" testListId="8c84fa94-04c1-424b-9868-57a2d4851a1d" relativeResultsDirectory="03fc4fea-cc0d-468d-b549-3772447003d0" />
    <UnitTestResult executionId="1af09bff-eaca-43e4-a971-942217e6fed5" testId="209167c4-8248-0ab8-8dd9-08811f572a2c" testName="Constructor_NullDataTest_Data" computerName="DKSR-EFI-04" duration="00:00:00.0040800" startTime="2023-12-22T09:33:35.9593928+01:00" endTime="2023-12-22T09:33:35.9750181+01:00" testType="13cdc9d9-ddb5-4fa4-a97d-d965ccfc6d4b" outcome="Passed" testListId="8c84fa94-04c1-424b-9868-57a2d4851a1d" relativeResultsDirectory="1af09bff-eaca-43e4-a971-942217e6fed5" />
    <UnitTestResult executionId="15e84fc8-3ff0-4256-be10-c30d21a295c7" testId="f44f2dd5-a7ab-d096-2a3f-e1665e7a38f9" testName="NullValueThrows" computerName="DKSR-EFI-04" duration="00:00:00.0006183" startTime="2023-12-22T09:33:42.7719233+01:00" endTime="2023-12-22T09:33:42.7719233+01:00" testType="13cdc9d9-ddb5-4fa4-a97d-d965ccfc6d4b" outcome="Passed" testListId="8c84fa94-04c1-424b-9868-57a2d4851a1d" relativeResultsDirectory="15e84fc8-3ff0-4256-be10-c30d21a295c7" />
    <UnitTestResult executionId="98fdfcc4-d5f7-401f-adb7-e4aa2f991888" testId="c71c11af-2d82-5113-176c-a988c648bdda" testName="AuthorizeThread_Constructor_NullAuthenticateEventArgs_Throws_ArgumentNullException" computerName="DKSR-EFI-04" duration="00:00:00.0010147" startTime="2023-12-22T09:33:39.4594118+01:00" endTime="2023-12-22T09:33:39.4750352+01:00" testType="13cdc9d9-ddb5-4fa4-a97d-d965ccfc6d4b" outcome="Passed" testListId="8c84fa94-04c1-424b-9868-57a2d4851a1d" relativeResultsDirectory="98fdfcc4-d5f7-401f-adb7-e4aa2f991888" />
    <UnitTestResult executionId="058a83d1-75c2-4eac-88b2-74c37e6fc953" testId="755e587f-abde-7475-dbff-6b1bd708f630" testName="NavigatingTo_SuccessfulChange_OperationsStatusOk" computerName="DKSR-EFI-04" duration="00:00:00.0345224" startTime="2023-12-22T09:33:35.7250144+01:00" endTime="2023-12-22T09:33:35.7562644+01:00" testType="13cdc9d9-ddb5-4fa4-a97d-d965ccfc6d4b" outcome="Passed" testListId="8c84fa94-04c1-424b-9868-57a2d4851a1d" relativeResultsDirectory="058a83d1-75c2-4eac-88b2-74c37e6fc953">
      <Output>
        <StdOut>Debug Trace:&#xD;
CALL SYNCHRONIZER [18]: Run() called on thread 26&#xD;
CALL SYNCHRONIZER [18]: Waiting for event on thread 26&#xD;
CALL SYNCHRONIZER [18]: Event received, exiting on thread 26&#xD;
WARNIG : Progress notification received after result has been set&#xD;
WARNIG : Progress notification received after result has been set</StdOut>
      </Output>
    </UnitTestResult>
    <UnitTestResult executionId="067ec143-505f-4c00-a293-0a6db6a994f7" testId="c214c92d-08f2-c472-b48f-133a7864d295" testName="Convert_Hours_PluralTest" computerName="DKSR-EFI-04" duration="00:00:00.0003052" startTime="2023-12-22T09:33:34.0375059+01:00" endTime="2023-12-22T09:33:34.0375059+01:00" testType="13cdc9d9-ddb5-4fa4-a97d-d965ccfc6d4b" outcome="Passed" testListId="8c84fa94-04c1-424b-9868-57a2d4851a1d" relativeResultsDirectory="067ec143-505f-4c00-a293-0a6db6a994f7" />
    <UnitTestResult executionId="9de628dc-91bd-4df6-9c4a-0e3678560e4a" testId="cbf1a55c-06e0-b06b-c5b7-7c0d1f2cf674" testName="Constructor_WhitespaceFallbackPropertyTest" computerName="DKSR-EFI-04" duration="00:00:00.0005396" startTime="2023-12-22T09:33:39.2406572+01:00" endTime="2023-12-22T09:33:39.2406572+01:00" testType="13cdc9d9-ddb5-4fa4-a97d-d965ccfc6d4b" outcome="Passed" testListId="8c84fa94-04c1-424b-9868-57a2d4851a1d" relativeResultsDirectory="9de628dc-91bd-4df6-9c4a-0e3678560e4a" />
    <UnitTestResult executionId="58010a26-5e63-44d4-9120-ab213d36a87a" testId="382cc119-c747-28aa-a92f-6bcf3ee3abe3" testName="NavigatingTo_Selection_SingleRecorderTest" computerName="DKSR-EFI-04" duration="00:00:00.0003919" startTime="2023-12-22T09:33:33.3812565+01:00" endTime="2023-12-22T09:33:33.3812565+01:00" testType="13cdc9d9-ddb5-4fa4-a97d-d965ccfc6d4b" outcome="Passed" testListId="8c84fa94-04c1-424b-9868-57a2d4851a1d" relativeResultsDirectory="58010a26-5e63-44d4-9120-ab213d36a87a" />
    <UnitTestResult executionId="8b2caff6-3f57-483e-a0ac-39f855d91f7c" testId="378a45ad-1ba0-3b2c-824b-41b1cb63ba82" testName="Convert_Null_TragetType_Throws_ArgumentNullException" computerName="DKSR-EFI-04" duration="00:00:00.0027783" startTime="2023-12-22T09:33:34.2875052+01:00" endTime="2023-12-22T09:33:34.3031324+01:00" testType="13cdc9d9-ddb5-4fa4-a97d-d965ccfc6d4b" outcome="Passed" testListId="8c84fa94-04c1-424b-9868-57a2d4851a1d" relativeResultsDirectory="8b2caff6-3f57-483e-a0ac-39f855d91f7c">
      <Output>
        <StdOut>Debug Trace:&#xD;
Fail: Argument null</StdOut>
      </Output>
    </UnitTestResult>
    <UnitTestResult executionId="1656077e-6da5-402a-8ce8-dd61924c3e54" testId="cdc1bef6-f96f-7841-ca52-02ba3a526bde" testName="HandledVmoAccessTests_PermissionCheckedCollectionCanIterate" computerName="DKSR-EFI-04" duration="00:00:00.0031514" startTime="2023-12-22T09:33:37.0687699+01:00" endTime="2023-12-22T09:33:37.0687699+01:00" testType="13cdc9d9-ddb5-4fa4-a97d-d965ccfc6d4b" outcome="Passed" testListId="8c84fa94-04c1-424b-9868-57a2d4851a1d" relativeResultsDirectory="1656077e-6da5-402a-8ce8-dd61924c3e54" />
    <UnitTestResult executionId="9006cdba-84ed-40cb-ad62-f7aaaad7239c" testId="8df7f1c1-2362-9b79-c352-7a8bf748426f" testName="CurrentStatus_Event_ClearSelectionTest" computerName="DKSR-EFI-04" duration="00:00:00.0006453" startTime="2023-12-22T09:33:33.4281278+01:00" endTime="2023-12-22T09:33:33.4281278+01:00" testType="13cdc9d9-ddb5-4fa4-a97d-d965ccfc6d4b" outcome="Passed" testListId="8c84fa94-04c1-424b-9868-57a2d4851a1d" relativeResultsDirectory="9006cdba-84ed-40cb-ad62-f7aaaad7239c" />
    <UnitTestResult executionId="0a87366f-e1e2-44c4-8321-aee869d99d40" testId="6a97428c-8eb0-bb31-623f-f4be79763f79" testName="Constructor_NullDataTest" computerName="DKSR-EFI-04" duration="00:00:00.0131793" startTime="2023-12-22T09:33:32.6625006+01:00" endTime="2023-12-22T09:33:32.6781265+01:00" testType="13cdc9d9-ddb5-4fa4-a97d-d965ccfc6d4b" outcome="Passed" testListId="8c84fa94-04c1-424b-9868-57a2d4851a1d" relativeResultsDirectory="0a87366f-e1e2-44c4-8321-aee869d99d40">
      <Output>
        <StdOut>Debug Trace:&#xD;
Fail: Argument null</StdOut>
      </Output>
    </UnitTestResult>
    <UnitTestResult executionId="c1816d86-e972-4bd9-979f-4f4f290c2a0f" testId="d36a3749-ed69-d572-71bf-c3c15bdba9dc" testName="Convert_Minutes_SingularTest" computerName="DKSR-EFI-04" duration="00:00:00.0004618" startTime="2023-12-22T09:33:34.0687582+01:00" endTime="2023-12-22T09:33:34.0687582+01:00" testType="13cdc9d9-ddb5-4fa4-a97d-d965ccfc6d4b" outcome="Passed" testListId="8c84fa94-04c1-424b-9868-57a2d4851a1d" relativeResultsDirectory="c1816d86-e972-4bd9-979f-4f4f290c2a0f" />
    <UnitTestResult executionId="52567c36-c5f9-453e-b9eb-1605f9954d91" testId="c41778f6-12d9-875f-db8c-4a9ec0db51cd" testName="NextCommand_CommandInvalidated_PageStatusChanged_BusyToValidTest" computerName="DKSR-EFI-04" duration="00:00:00.0387187" startTime="2023-12-22T09:33:34.6312580+01:00" endTime="2023-12-22T09:33:34.6781339+01:00" testType="13cdc9d9-ddb5-4fa4-a97d-d965ccfc6d4b" outcome="Passed" testListId="8c84fa94-04c1-424b-9868-57a2d4851a1d" relativeResultsDirectory="52567c36-c5f9-453e-b9eb-1605f9954d91">
      <Output>
        <StdOut>Debug Trace:&#xD;
Wizard : Locked navigation on thread : 14&#xD;
Wizard : Navigating to page 0 on thread 14&#xD;
Wizard : Completed navigation to page 0 on thread 21&#xD;
Wizard : Released lock navigation on thread : 21&#xD;
Wizard : Locked navigation on thread : 14&#xD;
Wizard : Navigating to page 1 on thread 14&#xD;
Wizard : Completed navigation to page 1 on thread 9&#xD;
Wizard : Released lock navigation on thread : 9</StdOut>
      </Output>
    </UnitTestResult>
    <UnitTestResult executionId="3e537828-8319-48aa-8a8c-55e65a466376" testId="af068063-1e36-aadb-516f-c956a5b2eb3a" testName="ConvertBack_InvalidOperationTest" computerName="DKSR-EFI-04" duration="00:00:00.0007260" startTime="2023-12-22T09:33:34.1156331+01:00" endTime="2023-12-22T09:33:34.1156331+01:00" testType="13cdc9d9-ddb5-4fa4-a97d-d965ccfc6d4b" outcome="Passed" testListId="8c84fa94-04c1-424b-9868-57a2d4851a1d" relativeResultsDirectory="3e537828-8319-48aa-8a8c-55e65a466376" />
    <UnitTestResult executionId="3525e7d5-e9f4-4e34-9ba4-54a96e199e6f" testId="7e140d2b-2a95-bf5e-b724-7eddb036dbe5" testName="ThresholdSliderViewModel_InvalidInput2" computerName="DKSR-EFI-04" duration="00:00:00.0024995" startTime="2023-12-22T09:33:37.8344009+01:00" endTime="2023-12-22T09:33:37.8344009+01:00" testType="13cdc9d9-ddb5-4fa4-a97d-d965ccfc6d4b" outcome="Passed" testListId="8c84fa94-04c1-424b-9868-57a2d4851a1d" relativeResultsDirectory="3525e7d5-e9f4-4e34-9ba4-54a96e199e6f" />
    <UnitTestResult executionId="d319811c-7d54-41a3-b837-ed72ef3dbed9" testId="2a845b8b-a38f-a4fc-1a28-61fb3533bd2c" testName="Constructor_PropertyAndFallbackAreTheSameTest" computerName="DKSR-EFI-04" duration="00:00:00.0005933" startTime="2023-12-22T09:33:39.2562827+01:00" endTime="2023-12-22T09:33:39.2562827+01:00" testType="13cdc9d9-ddb5-4fa4-a97d-d965ccfc6d4b" outcome="Passed" testListId="8c84fa94-04c1-424b-9868-57a2d4851a1d" relativeResultsDirectory="d319811c-7d54-41a3-b837-ed72ef3dbed9" />
    <UnitTestResult executionId="497b854f-71e7-4cd7-8317-ee6bea7516b8" testId="720a4b77-94da-26bc-9892-109d89307339" testName="PermissionCheckedCollectionWillBeFaultedIfPermissionDenied" computerName="DKSR-EFI-04" duration="00:00:00.0911619" startTime="2023-12-22T09:33:37.0687699+01:00" endTime="2023-12-22T09:33:37.1625235+01:00" testType="13cdc9d9-ddb5-4fa4-a97d-d965ccfc6d4b" outcome="Passed" testListId="8c84fa94-04c1-424b-9868-57a2d4851a1d" relativeResultsDirectory="497b854f-71e7-4cd7-8317-ee6bea7516b8" />
    <UnitTestResult executionId="efe1921e-2c46-4da7-aaa9-b780042f97d1" testId="05c2529e-424a-36cc-4c1f-05db0a419425" testName="MessageBoxImageExtensions_AsWinFormsMessageBoxIcon_Check_Expected_Output" computerName="DKSR-EFI-04" duration="00:00:00.0037198" startTime="2023-12-22T09:33:42.6937990+01:00" endTime="2023-12-22T09:33:42.6937990+01:00" testType="13cdc9d9-ddb5-4fa4-a97d-d965ccfc6d4b" outcome="Passed" testListId="8c84fa94-04c1-424b-9868-57a2d4851a1d" relativeResultsDirectory="efe1921e-2c46-4da7-aaa9-b780042f97d1" />
    <UnitTestResult executionId="568fcd68-d1e6-48f5-8422-50f7a52e87fc" testId="f9c98099-5fe6-9106-1392-0051e77ba0c1" testName="NextCommand_CanExecute_PageValidTest" computerName="DKSR-EFI-04" duration="00:00:00.0051282" startTime="2023-12-22T09:33:34.4437571+01:00" endTime="2023-12-22T09:33:34.4437571+01:00" testType="13cdc9d9-ddb5-4fa4-a97d-d965ccfc6d4b" outcome="Passed" testListId="8c84fa94-04c1-424b-9868-57a2d4851a1d" relativeResultsDirectory="568fcd68-d1e6-48f5-8422-50f7a52e87fc">
      <Output>
        <StdOut>Debug Trace:&#xD;
Wizard : Locked navigation on thread : 14&#xD;
Wizard : Navigating to page 0 on thread 14&#xD;
Wizard : Completed navigation to page 0 on thread 19&#xD;
Wizard : Locked navigation on thread : 14&#xD;
Wizard : Navigating to page 1 on thread 14&#xD;
Wizard : Released lock navigation on thread : 19&#xD;
Wizard : Completed navigation to page 1 on thread 19&#xD;
Wizard : Released lock navigation on thread : 19</StdOut>
      </Output>
    </UnitTestResult>
    <UnitTestResult executionId="9a07e193-c4c8-49ac-9ab8-7c767ec4e78e" testId="4576efdf-b9af-4bc6-d7c1-90ead365e115" testName="Convert_MultipleWarnings" computerName="DKSR-EFI-04" duration="00:00:00.0005609" startTime="2023-12-22T09:33:36.4906419+01:00" endTime="2023-12-22T09:33:36.4906419+01:00" testType="13cdc9d9-ddb5-4fa4-a97d-d965ccfc6d4b" outcome="Passed" testListId="8c84fa94-04c1-424b-9868-57a2d4851a1d" relativeResultsDirectory="9a07e193-c4c8-49ac-9ab8-7c767ec4e78e" />
    <UnitTestResult executionId="cf7bbed5-2f04-400a-a526-3af3c97a145c" testId="451f83de-0a41-8213-0a57-91c8b4aab529" testName="LookupAdvancedConfigurationEnabled_Success" computerName="DKSR-EFI-04" duration="00:00:00.0012240" startTime="2023-12-22T09:33:37.1625235+01:00" endTime="2023-12-22T09:33:37.1625235+01:00" testType="13cdc9d9-ddb5-4fa4-a97d-d965ccfc6d4b" outcome="Passed" testListId="8c84fa94-04c1-424b-9868-57a2d4851a1d" relativeResultsDirectory="cf7bbed5-2f04-400a-a526-3af3c97a145c" />
    <UnitTestResult executionId="cb1c72a7-1ea1-479c-a8a0-73a1628df384" testId="5adba357-31a9-e2a5-3f10-a94db24d0c1f" testName="PreviousCommand_CommandInvalidated_PageStatusChanged_InvalidToBusyTest" computerName="DKSR-EFI-04" duration="00:00:00.0010362" startTime="2023-12-22T09:33:34.7875108+01:00" endTime="2023-12-22T09:33:34.7875108+01:00" testType="13cdc9d9-ddb5-4fa4-a97d-d965ccfc6d4b" outcome="Passed" testListId="8c84fa94-04c1-424b-9868-57a2d4851a1d" relativeResultsDirectory="cb1c72a7-1ea1-479c-a8a0-73a1628df384">
      <Output>
        <StdOut>Debug Trace:&#xD;
Wizard : Locked navigation on thread : 14&#xD;
Wizard : Navigating to page 0 on thread 14&#xD;
Wizard : Completed navigation to page 0 on thread 18&#xD;
Wizard : Released lock navigation on thread : 18&#xD;
Wizard : Locked navigation on thread : 14&#xD;
Wizard : Navigating to page 1 on thread 14&#xD;
Wizard : Completed navigation to page 1 on thread 19&#xD;
Wizard : Released lock navigation on thread : 19</StdOut>
      </Output>
    </UnitTestResult>
    <UnitTestResult executionId="38d9e2aa-07e9-4719-b837-c232cfcc9c5b" testId="38dda871-b7e4-b196-a9eb-a425140a5da5" testName="AllHardwareSelected_Set_NullTest" computerName="DKSR-EFI-04" duration="00:00:00.0002635" startTime="2023-12-22T09:33:33.5687554+01:00" endTime="2023-12-22T09:33:33.5687554+01:00" testType="13cdc9d9-ddb5-4fa4-a97d-d965ccfc6d4b" outcome="Passed" testListId="8c84fa94-04c1-424b-9868-57a2d4851a1d" relativeResultsDirectory="38d9e2aa-07e9-4719-b837-c232cfcc9c5b" />
    <UnitTestResult executionId="cd039cb4-1a54-4fdb-99c4-72646a3b1996" testId="955c47d6-8ac6-0b17-4842-e74668ca6925" testName="TreeItemSelectionTracker_Success" computerName="DKSR-EFI-04" duration="00:00:00.0089222" startTime="2023-12-22T09:33:37.9281496+01:00" endTime="2023-12-22T09:33:37.9437771+01:00" testType="13cdc9d9-ddb5-4fa4-a97d-d965ccfc6d4b" outcome="Passed" testListId="8c84fa94-04c1-424b-9868-57a2d4851a1d" relativeResultsDirectory="cd039cb4-1a54-4fdb-99c4-72646a3b1996" />
    <UnitTestResult executionId="6339f96e-5d25-4c12-9aa9-b06bec3e8982" testId="7286f5e5-524e-3d7b-16fe-4652fd6bab68" testName="NavigatingTo_AvailableRecorders_NoRecordersTest" computerName="DKSR-EFI-04" duration="00:00:00.0003923" startTime="2023-12-22T09:33:33.3656278+01:00" endTime="2023-12-22T09:33:33.3656278+01:00" testType="13cdc9d9-ddb5-4fa4-a97d-d965ccfc6d4b" outcome="Passed" testListId="8c84fa94-04c1-424b-9868-57a2d4851a1d" relativeResultsDirectory="6339f96e-5d25-4c12-9aa9-b06bec3e8982" />
    <UnitTestResult executionId="741b1c33-1220-44f8-b027-af23a781cb53" testId="eabb2189-2fee-f6a8-9b5c-81edc95ef937" testName="SortBaseCommon_Reverse_NotNull" computerName="DKSR-EFI-04" duration="00:00:00.0000083" startTime="2023-12-22T09:33:39.2562827+01:00" endTime="2023-12-22T09:33:39.2562827+01:00" testType="13cdc9d9-ddb5-4fa4-a97d-d965ccfc6d4b" outcome="Passed" testListId="8c84fa94-04c1-424b-9868-57a2d4851a1d" relativeResultsDirectory="741b1c33-1220-44f8-b027-af23a781cb53" />
    <UnitTestResult executionId="2fe21abf-093a-49e9-9875-2ccd681f59ab" testId="0995b69f-16b6-3067-e57d-07f8151c9a3b" testName="NavigatingTo_PreSelection_WizardDataHasPriorityTest" computerName="DKSR-EFI-04" duration="00:00:00.0005438" startTime="2023-12-22T09:33:33.4593782+01:00" endTime="2023-12-22T09:33:33.4593782+01:00" testType="13cdc9d9-ddb5-4fa4-a97d-d965ccfc6d4b" outcome="Passed" testListId="8c84fa94-04c1-424b-9868-57a2d4851a1d" relativeResultsDirectory="2fe21abf-093a-49e9-9875-2ccd681f59ab" />
    <UnitTestResult executionId="07a42ad3-2dd9-495a-a680-65ab934517a9" testId="57562f84-ca24-a374-0bbd-a64f62493393" testName="PreviousCommand_NavigatingAway_Cancelled" computerName="DKSR-EFI-04" duration="00:00:00.0014284" startTime="2023-12-22T09:33:34.8031330+01:00" endTime="2023-12-22T09:33:34.8187612+01:00" testType="13cdc9d9-ddb5-4fa4-a97d-d965ccfc6d4b" outcome="Passed" testListId="8c84fa94-04c1-424b-9868-57a2d4851a1d" relativeResultsDirectory="07a42ad3-2dd9-495a-a680-65ab934517a9">
      <Output>
        <StdOut>Debug Trace:&#xD;
Wizard : Locked navigation on thread : 14&#xD;
Wizard : Navigating to page 0 on thread 14&#xD;
Wizard : Completed navigation to page 0 on thread 16&#xD;
Wizard : Locked navigation on thread : 14&#xD;
Wizard : Navigating to page 1 on thread 14&#xD;
Wizard : Released lock navigation on thread : 16&#xD;
Wizard : Completed navigation to page 1 on thread 16&#xD;
Wizard : Released lock navigation on thread : 16&#xD;
Wizard : Locked navigation on thread : 14&#xD;
Wizard : Navigating to page 2 on thread 14&#xD;
Wizard : Completed navigation to page 2 on thread 16&#xD;
Wizard : Released lock navigation on thread : 16&#xD;
Wizard : Locked navigation on thread : 14&#xD;
Wizard : Navigating to page 1 on thread 14&#xD;
Wizard : Released lock navigation on thread : 16</StdOut>
      </Output>
    </UnitTestResult>
    <UnitTestResult executionId="d26e87d8-1089-480d-9cfb-37e277b7cd40" testId="2dccb759-5680-e08a-9274-63dff2cf722a" testName="NavigatingTo_JobsRunning_HardwareSelected_NavigationNotCancelled" computerName="DKSR-EFI-04" duration="00:00:00.0003887" startTime="2023-12-22T09:33:34.3187562+01:00" endTime="2023-12-22T09:33:34.3187562+01:00" testType="13cdc9d9-ddb5-4fa4-a97d-d965ccfc6d4b" outcome="Passed" testListId="8c84fa94-04c1-424b-9868-57a2d4851a1d" relativeResultsDirectory="d26e87d8-1089-480d-9cfb-37e277b7cd40" />
    <UnitTestResult executionId="5dadaabf-723d-47a8-9291-d563b9a27a69" testId="f11037d8-2798-0e28-7654-8f48530f6ed7" testName="ConvertBack_InvalidOperationException" computerName="DKSR-EFI-04" duration="00:00:00.0006780" startTime="2023-12-22T09:33:34.2718814+01:00" endTime="2023-12-22T09:33:34.2718814+01:00" testType="13cdc9d9-ddb5-4fa4-a97d-d965ccfc6d4b" outcome="Passed" testListId="8c84fa94-04c1-424b-9868-57a2d4851a1d" relativeResultsDirectory="5dadaabf-723d-47a8-9291-d563b9a27a69" />
    <UnitTestResult executionId="783706d2-e20d-44fa-9ffe-705964cc6d97" testId="d21f6db5-9278-700c-a7f4-eb556d215354" testName="SortBaseCommon_Equality_Object_ReverseTest" computerName="DKSR-EFI-04" duration="00:00:00.0000069" startTime="2023-12-22T09:33:39.2875313+01:00" endTime="2023-12-22T09:33:39.2875313+01:00" testType="13cdc9d9-ddb5-4fa4-a97d-d965ccfc6d4b" outcome="Passed" testListId="8c84fa94-04c1-424b-9868-57a2d4851a1d" relativeResultsDirectory="783706d2-e20d-44fa-9ffe-705964cc6d97" />
    <UnitTestResult executionId="0e30841c-5d72-405e-b81b-6f7a9c118142" testId="e10034ba-9457-7d48-f4ba-a0872b64758b" testName="Validate_WithPasswordManualEntry_ForbiddenSymbols_Fails" computerName="DKSR-EFI-04" duration="00:00:00.0065876" startTime="2023-12-22T09:33:36.0218925+01:00" endTime="2023-12-22T09:33:36.0218925+01:00" testType="13cdc9d9-ddb5-4fa4-a97d-d965ccfc6d4b" outcome="Passed" testListId="8c84fa94-04c1-424b-9868-57a2d4851a1d" relativeResultsDirectory="0e30841c-5d72-405e-b81b-6f7a9c118142" />
    <UnitTestResult executionId="e8207bb0-3d53-4d4b-9b1e-c2617011b0be" testId="097b294e-fe0c-9543-f844-6b0510e37afd" testName="Convert_ArgumentNullException" computerName="DKSR-EFI-04" duration="00:00:00.1753388" startTime="2023-12-22T09:33:32.4281244+01:00" endTime="2023-12-22T09:33:32.5999992+01:00" testType="13cdc9d9-ddb5-4fa4-a97d-d965ccfc6d4b" outcome="Passed" testListId="8c84fa94-04c1-424b-9868-57a2d4851a1d" relativeResultsDirectory="e8207bb0-3d53-4d4b-9b1e-c2617011b0be">
      <Output>
        <StdOut>Debug Trace:&#xD;
Fail: Argument null</StdOut>
      </Output>
    </UnitTestResult>
    <UnitTestResult executionId="90a8e5b4-ab7f-49e7-8db6-3abeced6cd8e" testId="47fd3bc8-2625-f95e-8fb0-c1a579923ea3" testName="Validate_WithPasswordManualEntry_RequiresDigits_Succeeds" computerName="DKSR-EFI-04" duration="00:00:00.0004578" startTime="2023-12-22T09:33:36.0531393+01:00" endTime="2023-12-22T09:33:36.0531393+01:00" testType="13cdc9d9-ddb5-4fa4-a97d-d965ccfc6d4b" outcome="Passed" testListId="8c84fa94-04c1-424b-9868-57a2d4851a1d" relativeResultsDirectory="90a8e5b4-ab7f-49e7-8db6-3abeced6cd8e" />
    <UnitTestResult executionId="d93dc1f3-41cb-4118-96d3-70039a33bdde" testId="19fc1d8e-0fae-c0df-a773-d771eb9e1671" testName="NavigatingTo_ExceptionHandling_ChangeHardwarePasswordException_FindHardwareThrowsTest" computerName="DKSR-EFI-04" duration="00:00:00.0008455" startTime="2023-12-22T09:33:36.1625164+01:00" endTime="2023-12-22T09:33:36.1625164+01:00" testType="13cdc9d9-ddb5-4fa4-a97d-d965ccfc6d4b" outcome="Passed" testListId="8c84fa94-04c1-424b-9868-57a2d4851a1d" relativeResultsDirectory="d93dc1f3-41cb-4118-96d3-70039a33bdde" />
    <UnitTestResult executionId="654a5f3e-7e9e-4758-95ba-09a66b8592a7" testId="cb7cc280-eb4f-97ff-9e8d-6fb2e44da770" testName="Convert_Single_Line_Gives_Unmodified_String" computerName="DKSR-EFI-04" duration="00:00:00.0002011" startTime="2023-12-22T09:33:34.3031324+01:00" endTime="2023-12-22T09:33:34.3031324+01:00" testType="13cdc9d9-ddb5-4fa4-a97d-d965ccfc6d4b" outcome="Passed" testListId="8c84fa94-04c1-424b-9868-57a2d4851a1d" relativeResultsDirectory="654a5f3e-7e9e-4758-95ba-09a66b8592a7" />
    <UnitTestResult executionId="f38a984d-5a2d-4a8b-ad1f-d99d1f255a65" testId="99e28619-dc47-b3fe-39c4-c5a632d97560" testName="Validate_WithPasswordManualEntry_RequiresSymbols_Succeeds" computerName="DKSR-EFI-04" duration="00:00:00.0005807" startTime="2023-12-22T09:33:36.0375140+01:00" endTime="2023-12-22T09:33:36.0375140+01:00" testType="13cdc9d9-ddb5-4fa4-a97d-d965ccfc6d4b" outcome="Passed" testListId="8c84fa94-04c1-424b-9868-57a2d4851a1d" relativeResultsDirectory="f38a984d-5a2d-4a8b-ad1f-d99d1f255a65" />
    <UnitTestResult executionId="9fd30075-0ae2-47e1-879d-ccb60a90fbc6" testId="94d61cec-6acb-8c91-3198-fb920ad6db82" testName="NavigatingTo_Selection_HardwareSelectionFromDataHasPriorityTest" computerName="DKSR-EFI-04" duration="00:00:00.0002959" startTime="2023-12-22T09:33:33.5062558+01:00" endTime="2023-12-22T09:33:33.5062558+01:00" testType="13cdc9d9-ddb5-4fa4-a97d-d965ccfc6d4b" outcome="Passed" testListId="8c84fa94-04c1-424b-9868-57a2d4851a1d" relativeResultsDirectory="9fd30075-0ae2-47e1-879d-ccb60a90fbc6" />
    <UnitTestResult executionId="a7d73395-2c67-44a0-8e72-f1717f17a6ef" testId="b6dd8ab4-717a-bff3-9ff7-c871d991948d" testName="ThresholdSliderViewModel_InvalidInput4" computerName="DKSR-EFI-04" duration="00:00:00.0024206" startTime="2023-12-22T09:33:37.8500239+01:00" endTime="2023-12-22T09:33:37.8500239+01:00" testType="13cdc9d9-ddb5-4fa4-a97d-d965ccfc6d4b" outcome="Passed" testListId="8c84fa94-04c1-424b-9868-57a2d4851a1d" relativeResultsDirectory="a7d73395-2c67-44a0-8e72-f1717f17a6ef" />
    <UnitTestResult executionId="ef555613-4db2-46a6-9e1b-c47dccbac6dc" testId="45852857-59da-0533-30c3-8fd4652b10a7" testName="CurrentStatus_Update_ClearSelectionTest" computerName="DKSR-EFI-04" duration="00:00:00.0003222" startTime="2023-12-22T09:33:36.3031432+01:00" endTime="2023-12-22T09:33:36.3031432+01:00" testType="13cdc9d9-ddb5-4fa4-a97d-d965ccfc6d4b" outcome="Passed" testListId="8c84fa94-04c1-424b-9868-57a2d4851a1d" relativeResultsDirectory="ef555613-4db2-46a6-9e1b-c47dccbac6dc" />
    <UnitTestResult executionId="9eb7ce63-7bd0-41f0-8f20-9664409e4072" testId="715c3fb5-e8c4-f4e7-60d5-661edd5e9ff2" testName="Convert_Parameters_Culture_NullTest" computerName="DKSR-EFI-04" duration="00:00:00.0005596" startTime="2023-12-22T09:33:34.1156331+01:00" endTime="2023-12-22T09:33:34.1156331+01:00" testType="13cdc9d9-ddb5-4fa4-a97d-d965ccfc6d4b" outcome="Passed" testListId="8c84fa94-04c1-424b-9868-57a2d4851a1d" relativeResultsDirectory="9eb7ce63-7bd0-41f0-8f20-9664409e4072" />
    <UnitTestResult executionId="de33a0b4-0811-4a5f-9aa0-e59f6b40a8f6" testId="d5acb6b2-2241-7ff7-202e-848312ae8356" testName="Validate_WithPasswordAutogeneration" computerName="DKSR-EFI-04" duration="00:00:00.0020584" startTime="2023-12-22T09:33:36.0062661+01:00" endTime="2023-12-22T09:33:36.0062661+01:00" testType="13cdc9d9-ddb5-4fa4-a97d-d965ccfc6d4b" outcome="Passed" testListId="8c84fa94-04c1-424b-9868-57a2d4851a1d" relativeResultsDirectory="de33a0b4-0811-4a5f-9aa0-e59f6b40a8f6" />
    <UnitTestResult executionId="d23b1d5f-2aa9-4679-a9ef-a1b3f0bf653d" testId="b800d68e-c0ef-e59f-6608-2e15ecc49dd7" testName="Constructor_PropertyNullTest" computerName="DKSR-EFI-04" duration="00:00:00.0020347" startTime="2023-12-22T09:33:39.1312813+01:00" endTime="2023-12-22T09:33:39.1312813+01:00" testType="13cdc9d9-ddb5-4fa4-a97d-d965ccfc6d4b" outcome="Passed" testListId="8c84fa94-04c1-424b-9868-57a2d4851a1d" relativeResultsDirectory="d23b1d5f-2aa9-4679-a9ef-a1b3f0bf653d" />
    <UnitTestResult executionId="5301a928-4e26-40a8-a996-5b38f738450d" testId="a4298eb4-c80a-c59c-c50b-0666aeeebf05" testName="NavigatingTo_PageStatus_HardwareSelected" computerName="DKSR-EFI-04" duration="00:00:00.0046818" startTime="2023-12-22T09:33:32.8031257+01:00" endTime="2023-12-22T09:33:32.8031257+01:00" testType="13cdc9d9-ddb5-4fa4-a97d-d965ccfc6d4b" outcome="Passed" testListId="8c84fa94-04c1-424b-9868-57a2d4851a1d" relativeResultsDirectory="5301a928-4e26-40a8-a996-5b38f738450d" />
    <UnitTestResult executionId="da5bd877-fa22-46ae-97f4-e4b7353d4812" testId="df4ea864-4e3c-cced-6270-17f50a07bf39" testName="NavigatingTo_CheckDestinationRecordersAvailable_False_NavigationNotCancelled" computerName="DKSR-EFI-04" duration="00:00:00.0005584" startTime="2023-12-22T09:33:34.3500075+01:00" endTime="2023-12-22T09:33:34.3500075+01:00" testType="13cdc9d9-ddb5-4fa4-a97d-d965ccfc6d4b" outcome="Passed" testListId="8c84fa94-04c1-424b-9868-57a2d4851a1d" relativeResultsDirectory="da5bd877-fa22-46ae-97f4-e4b7353d4812" />
    <UnitTestResult executionId="ac738d3b-7cae-46f3-ba97-395893d286ca" testId="91341f70-55ff-152a-4486-885af4213579" testName="Convert_Error_ValuesTooShortTest" computerName="DKSR-EFI-04" duration="00:00:00.0006103" startTime="2023-12-22T09:33:34.1937584+01:00" endTime="2023-12-22T09:33:34.1937584+01:00" testType="13cdc9d9-ddb5-4fa4-a97d-d965ccfc6d4b" outcome="Passed" testListId="8c84fa94-04c1-424b-9868-57a2d4851a1d" relativeResultsDirectory="ac738d3b-7cae-46f3-ba97-395893d286ca" />
    <UnitTestResult executionId="48507237-3b1c-48e5-94a9-26d6e7d1e097" testId="e6367bf8-be89-f213-6e69-88fe1a7c355f" testName="Convert_OneWarning" computerName="DKSR-EFI-04" duration="00:00:00.0002741" startTime="2023-12-22T09:33:34.2718814+01:00" endTime="2023-12-22T09:33:34.2718814+01:00" testType="13cdc9d9-ddb5-4fa4-a97d-d965ccfc6d4b" outcome="Passed" testListId="8c84fa94-04c1-424b-9868-57a2d4851a1d" relativeResultsDirectory="48507237-3b1c-48e5-94a9-26d6e7d1e097" />
    <UnitTestResult executionId="3b472790-57bf-4146-95a0-ca264c12d3a5" testId="869bc4bf-7cf9-9f00-69cb-d737cbcad77d" testName="NewInstance_StateValidationTest" computerName="DKSR-EFI-04" duration="00:00:00.0045286" startTime="2023-12-22T09:33:34.3500075+01:00" endTime="2023-12-22T09:33:34.3500075+01:00" testType="13cdc9d9-ddb5-4fa4-a97d-d965ccfc6d4b" outcome="Passed" testListId="8c84fa94-04c1-424b-9868-57a2d4851a1d" relativeResultsDirectory="3b472790-57bf-4146-95a0-ca264c12d3a5" />
    <UnitTestResult executionId="6d30b26f-25f2-4221-9e11-b33af8927a33" testId="d19a81bf-51f2-8873-1356-20422ad3ffa6" testName="SelectionChanged_GeneralTest" computerName="DKSR-EFI-04" duration="00:00:00.0014025" startTime="2023-12-22T09:33:33.5531279+01:00" endTime="2023-12-22T09:33:33.5531279+01:00" testType="13cdc9d9-ddb5-4fa4-a97d-d965ccfc6d4b" outcome="Passed" testListId="8c84fa94-04c1-424b-9868-57a2d4851a1d" relativeResultsDirectory="6d30b26f-25f2-4221-9e11-b33af8927a33" />
    <UnitTestResult executionId="504e9210-e7f7-40bc-8e36-1cb2400495aa" testId="541558d6-6eb5-ef95-ccb2-54daa35a37c1" testName="NavigatingTo_PageStatus_HardwareSelected" computerName="DKSR-EFI-04" duration="00:00:00.0002862" startTime="2023-12-22T09:33:35.9906417+01:00" endTime="2023-12-22T09:33:35.9906417+01:00" testType="13cdc9d9-ddb5-4fa4-a97d-d965ccfc6d4b" outcome="Passed" testListId="8c84fa94-04c1-424b-9868-57a2d4851a1d" relativeResultsDirectory="504e9210-e7f7-40bc-8e36-1cb2400495aa" />
    <UnitTestResult executionId="7eab2302-b948-462d-b79b-8cc6354df2e2" testId="b94bc3e4-456f-5309-f9a8-1757b34a2f42" testName="UpdateSelection_PreSelectUnsupportedHardwareTest" computerName="DKSR-EFI-04" duration="00:00:00.0018733" startTime="2023-12-22T09:33:36.2250157+01:00" endTime="2023-12-22T09:33:36.2250157+01:00" testType="13cdc9d9-ddb5-4fa4-a97d-d965ccfc6d4b" outcome="Passed" testListId="8c84fa94-04c1-424b-9868-57a2d4851a1d" relativeResultsDirectory="7eab2302-b948-462d-b79b-8cc6354df2e2" />
    <UnitTestResult executionId="312f10ad-5de2-420d-809c-d188e43487b9" testId="72c831f0-72d6-a051-1248-fc9c6e6bb478" testName="TabViewModel_Success" computerName="DKSR-EFI-04" duration="00:00:00.4342206" startTime="2023-12-22T09:33:37.1781470+01:00" endTime="2023-12-22T09:33:37.6156874+01:00" testType="13cdc9d9-ddb5-4fa4-a97d-d965ccfc6d4b" outcome="Passed" testListId="8c84fa94-04c1-424b-9868-57a2d4851a1d" relativeResultsDirectory="312f10ad-5de2-420d-809c-d188e43487b9" />
    <UnitTestResult executionId="a7963314-ba14-4597-b0cd-801782229b07" testId="8cbe7f94-53bb-8b7b-4e1d-bc0e4c93eabe" testName="SelectedRecorder_Event_ValueNotChangedTest" computerName="DKSR-EFI-04" duration="00:00:00.0007551" startTime="2023-12-22T09:33:33.4125039+01:00" endTime="2023-12-22T09:33:33.4125039+01:00" testType="13cdc9d9-ddb5-4fa4-a97d-d965ccfc6d4b" outcome="Passed" testListId="8c84fa94-04c1-424b-9868-57a2d4851a1d" relativeResultsDirectory="a7963314-ba14-4597-b0cd-801782229b07" />
    <UnitTestResult executionId="077831ce-8e90-4632-bb82-3eb86a0fbed8" testId="16176352-269f-361b-7e4e-9b205c8cdb4f" testName="Convert_ArgumentNullException" computerName="DKSR-EFI-04" duration="00:00:00.0005852" startTime="2023-12-22T09:33:34.0218796+01:00" endTime="2023-12-22T09:33:34.0218796+01:00" testType="13cdc9d9-ddb5-4fa4-a97d-d965ccfc6d4b" outcome="Passed" testListId="8c84fa94-04c1-424b-9868-57a2d4851a1d" relativeResultsDirectory="077831ce-8e90-4632-bb82-3eb86a0fbed8" />
    <UnitTestResult executionId="8bd4a749-baab-4f22-9422-c4793b3a7ec0" testId="4d06ad98-29a4-d3b9-50b2-f429db25b5c3" testName="SelectionChanged_GeneralTest" computerName="DKSR-EFI-04" duration="00:00:00.0030223" startTime="2023-12-22T09:33:36.2406408+01:00" endTime="2023-12-22T09:33:36.2562660+01:00" testType="13cdc9d9-ddb5-4fa4-a97d-d965ccfc6d4b" outcome="Passed" testListId="8c84fa94-04c1-424b-9868-57a2d4851a1d" relativeResultsDirectory="8bd4a749-baab-4f22-9422-c4793b3a7ec0" />
    <UnitTestResult executionId="6afb12b0-2c5b-4869-95aa-749eb5494185" testId="64145c96-0680-9261-408d-8d65c1c6f2af" testName="SortEquality_NotSupportedValueType" computerName="DKSR-EFI-04" duration="00:00:00.0002605" startTime="2023-12-22T09:33:34.9437623+01:00" endTime="2023-12-22T09:33:34.9437623+01:00" testType="13cdc9d9-ddb5-4fa4-a97d-d965ccfc6d4b" outcome="Passed" testListId="8c84fa94-04c1-424b-9868-57a2d4851a1d" relativeResultsDirectory="6afb12b0-2c5b-4869-95aa-749eb5494185" />
    <UnitTestResult executionId="18abbcfa-f284-4a1f-8116-16ed7e183149" testId="46413213-401e-8b63-cd13-649b8ef181a9" testName="NavigatingTo_PageStatus_UnsupportedHardwareSelected" computerName="DKSR-EFI-04" duration="00:00:00.0004361" startTime="2023-12-22T09:33:32.7874990+01:00" endTime="2023-12-22T09:33:32.8031257+01:00" testType="13cdc9d9-ddb5-4fa4-a97d-d965ccfc6d4b" outcome="Passed" testListId="8c84fa94-04c1-424b-9868-57a2d4851a1d" relativeResultsDirectory="18abbcfa-f284-4a1f-8116-16ed7e183149" />
    <UnitTestResult executionId="16d5a3ac-baa1-4c94-9bdf-66da3663b98c" testId="fe0e323a-65ab-54e2-b710-f04a8ddef948" testName="NextCommand_NavigatingAway_Cancelled" computerName="DKSR-EFI-04" duration="00:00:00.0011441" startTime="2023-12-22T09:33:34.8031330+01:00" endTime="2023-12-22T09:33:34.8031330+01:00" testType="13cdc9d9-ddb5-4fa4-a97d-d965ccfc6d4b" outcome="Passed" testListId="8c84fa94-04c1-424b-9868-57a2d4851a1d" relativeResultsDirectory="16d5a3ac-baa1-4c94-9bdf-66da3663b98c">
      <Output>
        <StdOut>Debug Trace:&#xD;
Wizard : Locked navigation on thread : 14&#xD;
Wizard : Navigating to page 0 on thread 14&#xD;
Wizard : Completed navigation to page 0 on thread 19&#xD;
Wizard : Released lock navigation on thread : 19&#xD;
Wizard : Locked navigation on thread : 14&#xD;
Wizard : Navigating to page 1 on thread 14&#xD;
Wizard : Released lock navigation on thread : 16</StdOut>
      </Output>
    </UnitTestResult>
    <UnitTestResult executionId="41f818fa-15d1-4e0e-be99-681c899fb1a8" testId="8d63a4e5-4a61-29fb-40d6-95f5542c60ab" testName="ThresholdLevelHeightMultiValueConverter_InvalidMaxThreshold" computerName="DKSR-EFI-04" duration="00:00:00.0008852" startTime="2023-12-22T09:33:37.9594005+01:00" endTime="2023-12-22T09:33:37.9594005+01:00" testType="13cdc9d9-ddb5-4fa4-a97d-d965ccfc6d4b" outcome="Passed" testListId="8c84fa94-04c1-424b-9868-57a2d4851a1d" relativeResultsDirectory="41f818fa-15d1-4e0e-be99-681c899fb1a8" />
    <UnitTestResult executionId="d2b6c197-8950-470b-8723-3482963e3288" testId="2383e110-1110-54ca-dac6-5905fd1cd080" testName="Constructor_NullDataTest_ConfirmationHandler" computerName="DKSR-EFI-04" duration="00:00:00.0006233" startTime="2023-12-22T09:33:35.9750181+01:00" endTime="2023-12-22T09:33:35.9750181+01:00" testType="13cdc9d9-ddb5-4fa4-a97d-d965ccfc6d4b" outcome="Passed" testListId="8c84fa94-04c1-424b-9868-57a2d4851a1d" relativeResultsDirectory="d2b6c197-8950-470b-8723-3482963e3288" />
    <UnitTestResult executionId="6bf729dc-acd9-46c5-94cd-b94aa3251dae" testId="4ea48667-d983-3405-935a-eef2a514b591" testName="NavigatingTo_NoChecksFail_HardwareSelected_NavigationCancelled" computerName="DKSR-EFI-04" duration="00:00:00.0030217" startTime="2023-12-22T09:33:32.6781265+01:00" endTime="2023-12-22T09:33:32.6781265+01:00" testType="13cdc9d9-ddb5-4fa4-a97d-d965ccfc6d4b" outcome="Passed" testListId="8c84fa94-04c1-424b-9868-57a2d4851a1d" relativeResultsDirectory="6bf729dc-acd9-46c5-94cd-b94aa3251dae" />
    <UnitTestResult executionId="06cd69fa-0052-4ec2-bab3-af8b13f51560" testId="759cc0dc-cce2-5bbd-be81-e35abe9d7d2e" testName="Close_PageStateChanged_CommandInvalidatedTest" computerName="DKSR-EFI-04" duration="00:00:00.0015875" startTime="2023-12-22T09:33:34.9125095+01:00" endTime="2023-12-22T09:33:34.9125095+01:00" testType="13cdc9d9-ddb5-4fa4-a97d-d965ccfc6d4b" outcome="Passed" testListId="8c84fa94-04c1-424b-9868-57a2d4851a1d" relativeResultsDirectory="06cd69fa-0052-4ec2-bab3-af8b13f51560">
      <Output>
        <StdOut>Debug Trace:&#xD;
Wizard : Locked navigation on thread : 14&#xD;
Wizard : Navigating to page 0 on thread 14&#xD;
Wizard : Completed navigation to page 0 on thread 16&#xD;
Wizard : Released lock navigation on thread : 16&#xD;
Wizard : Locked navigation on thread : 14&#xD;
Wizard : Navigating to page 1 on thread 14&#xD;
Wizard : Completed navigation to page 1 on thread 19&#xD;
Wizard : Released lock navigation on thread : 19</StdOut>
      </Output>
    </UnitTestResult>
    <UnitTestResult executionId="234b6ca1-2294-4d91-bf89-4250e913c5b5" testId="48ee7e70-42c7-1351-b6d3-3b4d6d5772a4" testName="RecorderFilters_RecorderCount" computerName="DKSR-EFI-04" duration="00:00:00.0007735" startTime="2023-12-22T09:33:36.2562660+01:00" endTime="2023-12-22T09:33:36.2718913+01:00" testType="13cdc9d9-ddb5-4fa4-a97d-d965ccfc6d4b" outcome="Passed" testListId="8c84fa94-04c1-424b-9868-57a2d4851a1d" relativeResultsDirectory="234b6ca1-2294-4d91-bf89-4250e913c5b5" />
    <UnitTestResult executionId="731f63fb-5940-4eed-8c16-4c188f1db58a" testId="9ff1a00a-4d3f-f849-7fac-7791ec7ae54b" testName="CurrentStatus_Update_RemoveItem" computerName="DKSR-EFI-04" duration="00:00:00.0002622" startTime="2023-12-22T09:33:36.0843910+01:00" endTime="2023-12-22T09:33:36.0843910+01:00" testType="13cdc9d9-ddb5-4fa4-a97d-d965ccfc6d4b" outcome="Passed" testListId="8c84fa94-04c1-424b-9868-57a2d4851a1d" relativeResultsDirectory="731f63fb-5940-4eed-8c16-4c188f1db58a" />
    <UnitTestResult executionId="6e8b2961-755e-41ec-a210-cf399c905e06" testId="3151dadf-b9b4-706f-3f15-ef0804d1c4a4" testName="Convert_Error_CultureInfoNullTest" computerName="DKSR-EFI-04" duration="00:00:00.0005843" startTime="2023-12-22T09:33:34.1468802+01:00" endTime="2023-12-22T09:33:34.1468802+01:00" testType="13cdc9d9-ddb5-4fa4-a97d-d965ccfc6d4b" outcome="Passed" testListId="8c84fa94-04c1-424b-9868-57a2d4851a1d" relativeResultsDirectory="6e8b2961-755e-41ec-a210-cf399c905e06" />
    <UnitTestResult executionId="8f4eb669-256b-45e9-b6b1-985a4e69798c" testId="e4641341-31b6-ce48-cce6-568b8b19782f" testName="Convert_Multiline_Gives_First_Line" computerName="DKSR-EFI-04" duration="00:00:00.0002631" startTime="2023-12-22T09:33:34.3031324+01:00" endTime="2023-12-22T09:33:34.3031324+01:00" testType="13cdc9d9-ddb5-4fa4-a97d-d965ccfc6d4b" outcome="Passed" testListId="8c84fa94-04c1-424b-9868-57a2d4851a1d" relativeResultsDirectory="8f4eb669-256b-45e9-b6b1-985a4e69798c" />
    <UnitTestResult executionId="190c3ad4-31c1-44e6-a58b-8ed4a6735e86" testId="14560893-b569-8e84-9d81-59ff3f435da3" testName="Convert_AllValues" computerName="DKSR-EFI-04" duration="00:00:00.0017279" startTime="2023-12-22T09:33:32.4124984+01:00" endTime="2023-12-22T09:33:32.4124984+01:00" testType="13cdc9d9-ddb5-4fa4-a97d-d965ccfc6d4b" outcome="Passed" testListId="8c84fa94-04c1-424b-9868-57a2d4851a1d" relativeResultsDirectory="190c3ad4-31c1-44e6-a58b-8ed4a6735e86" />
    <UnitTestResult executionId="cea7f8e4-f4a6-49e3-922c-fa81f8b61b1c" testId="0df3c2d4-bc35-fe33-27ef-e68424600acc" testName="NavigatingTo_Selection_HardwareSelectionFromDataHasPriorityTest" computerName="DKSR-EFI-04" duration="00:00:00.0003612" startTime="2023-12-22T09:33:36.1468959+01:00" endTime="2023-12-22T09:33:36.1468959+01:00" testType="13cdc9d9-ddb5-4fa4-a97d-d965ccfc6d4b" outcome="Passed" testListId="8c84fa94-04c1-424b-9868-57a2d4851a1d" relativeResultsDirectory="cea7f8e4-f4a6-49e3-922c-fa81f8b61b1c" />
    <UnitTestResult executionId="9c933029-e4b3-4b1b-a503-90d472a2d88a" testId="cdc6d677-039e-88a9-a26b-5e1ff491e38b" testName="CurrentStatus_Event_SetSelection" computerName="DKSR-EFI-04" duration="00:00:00.0006696" startTime="2023-12-22T09:33:36.0843910+01:00" endTime="2023-12-22T09:33:36.0843910+01:00" testType="13cdc9d9-ddb5-4fa4-a97d-d965ccfc6d4b" outcome="Passed" testListId="8c84fa94-04c1-424b-9868-57a2d4851a1d" relativeResultsDirectory="9c933029-e4b3-4b1b-a503-90d472a2d88a" />
    <UnitTestResult executionId="cee04bec-a331-4894-8308-ca43da8f7c95" testId="e0ad2509-25cb-416e-8e60-47f33c8a4a4d" testName="State_Loading_PreviousCommand_DestinationPageNavigatingToTest" computerName="DKSR-EFI-04" duration="00:00:00.0174499" startTime="2023-12-22T09:33:34.8500119+01:00" endTime="2023-12-22T09:33:34.8656347+01:00" testType="13cdc9d9-ddb5-4fa4-a97d-d965ccfc6d4b" outcome="Passed" testListId="8c84fa94-04c1-424b-9868-57a2d4851a1d" relativeResultsDirectory="cee04bec-a331-4894-8308-ca43da8f7c95">
      <Output>
        <StdOut>Debug Trace:&#xD;
Wizard : Locked navigation on thread : 14&#xD;
Wizard : Navigating to page 0 on thread 14&#xD;
Wizard : Completed navigation to page 0 on thread 21&#xD;
Wizard : Released lock navigation on thread : 21&#xD;
Wizard : Locked navigation on thread : 14&#xD;
Wizard : Navigating to page 1 on thread 14&#xD;
Wizard : Completed navigation to page 1 on thread 18&#xD;
Wizard : Released lock navigation on thread : 18&#xD;
Wizard : Locked navigation on thread : 19&#xD;
Wizard : Navigating to page 0 on thread 19&#xD;
CALL SYNCHRONIZER [9]: Run() called on thread 19&#xD;
CALL SYNCHRONIZER [9]: Waiting for event on thread 19</StdOut>
      </Output>
    </UnitTestResult>
    <UnitTestResult executionId="a4808790-8bbf-4de2-b09d-3cb025ff11e0" testId="01e18ebd-932a-0505-37e9-eb60c880d1b1" testName="LogOnThread_Constructor_NullConnectionManager_Throws_ArgumentNullException" computerName="DKSR-EFI-04" duration="00:00:00.0011965" startTime="2023-12-22T09:33:42.1781720+01:00" endTime="2023-12-22T09:33:42.1781720+01:00" testType="13cdc9d9-ddb5-4fa4-a97d-d965ccfc6d4b" outcome="Passed" testListId="8c84fa94-04c1-424b-9868-57a2d4851a1d" relativeResultsDirectory="a4808790-8bbf-4de2-b09d-3cb025ff11e0" />
    <UnitTestResult executionId="72214488-5c78-4f0a-88f9-7f32607c934e" testId="b606ee6a-05aa-e9cf-e810-d6392db2fc5e" testName="ConvertFalseToHiddenTest" computerName="DKSR-EFI-04" duration="00:00:00.0002816" startTime="2023-12-22T09:33:39.3344100+01:00" endTime="2023-12-22T09:33:39.3344100+01:00" testType="13cdc9d9-ddb5-4fa4-a97d-d965ccfc6d4b" outcome="Passed" testListId="8c84fa94-04c1-424b-9868-57a2d4851a1d" relativeResultsDirectory="72214488-5c78-4f0a-88f9-7f32607c934e" />
    <UnitTestResult executionId="78e92e55-ef83-45ed-b4cc-fe2a918b2846" testId="4596f547-9ec2-cd9c-7ca2-6d11617a0198" testName="UpdateSelection_NullTest" computerName="DKSR-EFI-04" duration="00:00:00.0002814" startTime="2023-12-22T09:33:33.5375029+01:00" endTime="2023-12-22T09:33:33.5531279+01:00" testType="13cdc9d9-ddb5-4fa4-a97d-d965ccfc6d4b" outcome="Passed" testListId="8c84fa94-04c1-424b-9868-57a2d4851a1d" relativeResultsDirectory="78e92e55-ef83-45ed-b4cc-fe2a918b2846" />
    <UnitTestResult executionId="c478fa44-24a8-43ae-9e04-d3a77580fb09" testId="d5174ae8-3c76-bda0-2741-bcf8df3e8231" testName="ColumnWidthSpec_Relative_NegativeWidth_Throws_ArgumentException" computerName="DKSR-EFI-04" duration="00:00:00.0002742" startTime="2023-12-22T09:33:38.0062780+01:00" endTime="2023-12-22T09:33:38.0062780+01:00" testType="13cdc9d9-ddb5-4fa4-a97d-d965ccfc6d4b" outcome="Passed" testListId="8c84fa94-04c1-424b-9868-57a2d4851a1d" relativeResultsDirectory="c478fa44-24a8-43ae-9e04-d3a77580fb09" />
    <UnitTestResult executionId="9385f547-38e5-4a4e-b214-0cbe03ddacc0" testId="8639adb5-e9b4-95d1-ea53-e634bd00f617" testName="Convert_ToValue_BothInvalidTest" computerName="DKSR-EFI-04" duration="00:00:00.0001864" startTime="2023-12-22T09:33:34.2095011+01:00" endTime="2023-12-22T09:33:34.2095011+01:00" testType="13cdc9d9-ddb5-4fa4-a97d-d965ccfc6d4b" outcome="Passed" testListId="8c84fa94-04c1-424b-9868-57a2d4851a1d" relativeResultsDirectory="9385f547-38e5-4a4e-b214-0cbe03ddacc0" />
    <UnitTestResult executionId="479902cf-944a-496e-9617-afba4a89bc02" testId="a1606dfc-9800-9deb-4db8-fc1f9a0706b9" testName="Convert_Empty_Input_Gives_Empty_Output" computerName="DKSR-EFI-04" duration="00:00:00.0001842" startTime="2023-12-22T09:33:36.4281435+01:00" endTime="2023-12-22T09:33:36.4281435+01:00" testType="13cdc9d9-ddb5-4fa4-a97d-d965ccfc6d4b" outcome="Passed" testListId="8c84fa94-04c1-424b-9868-57a2d4851a1d" relativeResultsDirectory="479902cf-944a-496e-9617-afba4a89bc02" />
    <UnitTestResult executionId="0e17d6c4-e0ab-47da-b4dc-8895c91665df" testId="fae9d735-58b3-573d-8237-7c0c9db7c422" testName="Constructor_NullDataTest" computerName="DKSR-EFI-04" duration="00:00:00.0040514" startTime="2023-12-22T09:33:33.3500068+01:00" endTime="2023-12-22T09:33:33.3500068+01:00" testType="13cdc9d9-ddb5-4fa4-a97d-d965ccfc6d4b" outcome="Passed" testListId="8c84fa94-04c1-424b-9868-57a2d4851a1d" relativeResultsDirectory="0e17d6c4-e0ab-47da-b4dc-8895c91665df" />
    <UnitTestResult executionId="3cc719bd-29d8-4eee-af1e-3081a9abef5c" testId="c484bdd6-5adf-dfd9-6f7e-81b8b104cd79" testName="OneFalseArrayConvertsToVisible" computerName="DKSR-EFI-04" duration="00:00:00.0003090" startTime="2023-12-22T09:33:42.7094249+01:00" endTime="2023-12-22T09:33:42.7094249+01:00" testType="13cdc9d9-ddb5-4fa4-a97d-d965ccfc6d4b" outcome="Passed" testListId="8c84fa94-04c1-424b-9868-57a2d4851a1d" relativeResultsDirectory="3cc719bd-29d8-4eee-af1e-3081a9abef5c" />
    <UnitTestResult executionId="f23b42cc-8b30-40be-8496-d9fa1ba61d4c" testId="8ed25905-7c64-9d2d-f827-67570d7e1a6b" testName="NavigatingTo_ErrorHandling_StorageUsage_UnknownExceptionTest" computerName="DKSR-EFI-04" duration="00:00:00.0008730" startTime="2023-12-22T09:33:33.4750032+01:00" endTime="2023-12-22T09:33:33.4750032+01:00" testType="13cdc9d9-ddb5-4fa4-a97d-d965ccfc6d4b" outcome="Passed" testListId="8c84fa94-04c1-424b-9868-57a2d4851a1d" relativeResultsDirectory="f23b42cc-8b30-40be-8496-d9fa1ba61d4c" />
    <UnitTestResult executionId="4694d5ff-667f-4d51-a925-2debfa066f20" testId="3eb9a3ff-c5fa-b317-194e-27f209de71a6" testName="Constructor_DataNotChangedDuringConstructionTest" computerName="DKSR-EFI-04" duration="00:00:00.0001634" startTime="2023-12-22T09:33:33.3656278+01:00" endTime="2023-12-22T09:33:33.3656278+01:00" testType="13cdc9d9-ddb5-4fa4-a97d-d965ccfc6d4b" outcome="Passed" testListId="8c84fa94-04c1-424b-9868-57a2d4851a1d" relativeResultsDirectory="4694d5ff-667f-4d51-a925-2debfa066f20" />
    <UnitTestResult executionId="039a56f8-572a-449b-a68d-ca532bc32202" testId="a8cfb67a-f296-4724-8734-3b0c0c3b4e5a" testName="SetSelectedAuthenticationInfo_PutsCurrentUserName_OnBasicUser" computerName="DKSR-EFI-04" duration="00:00:00.0315277" startTime="2023-12-22T09:33:42.6156736+01:00" endTime="2023-12-22T09:33:42.6469247+01:00" testType="13cdc9d9-ddb5-4fa4-a97d-d965ccfc6d4b" outcome="Passed" testListId="8c84fa94-04c1-424b-9868-57a2d4851a1d" relativeResultsDirectory="039a56f8-572a-449b-a68d-ca532bc32202" />
    <UnitTestResult executionId="a8844133-16e8-4282-9540-70b748ec15a5" testId="4fc53d11-7560-9109-952f-746fb76e3c3a" testName="NavigatingTo_PageStatus_NoHardwareSelected" computerName="DKSR-EFI-04" duration="00:00:00.0091023" startTime="2023-12-22T09:33:32.7874990+01:00" endTime="2023-12-22T09:33:32.7874990+01:00" testType="13cdc9d9-ddb5-4fa4-a97d-d965ccfc6d4b" outcome="Passed" testListId="8c84fa94-04c1-424b-9868-57a2d4851a1d" relativeResultsDirectory="a8844133-16e8-4282-9540-70b748ec15a5" />
    <UnitTestResult executionId="65f110d2-f230-4bb3-b674-cfeafa22e046" testId="c04a71ea-5f42-8d5c-a3ca-07d412dfde21" testName="Convert_Minutes_PluralTest" computerName="DKSR-EFI-04" duration="00:00:00.0003390" startTime="2023-12-22T09:33:34.0687582+01:00" endTime="2023-12-22T09:33:34.0843807+01:00" testType="13cdc9d9-ddb5-4fa4-a97d-d965ccfc6d4b" outcome="Passed" testListId="8c84fa94-04c1-424b-9868-57a2d4851a1d" relativeResultsDirectory="65f110d2-f230-4bb3-b674-cfeafa22e046" />
    <UnitTestResult executionId="fb3190bc-4e94-4e62-a8d7-eb9e04b5e51f" testId="70a14d5f-3546-0e27-fa10-5401ae9b66ba" testName="NextCommand_CommandInvalidated_PageStatusChanged_InvalidToValidTest" computerName="DKSR-EFI-04" duration="00:00:00.0036961" startTime="2023-12-22T09:33:34.6781339+01:00" endTime="2023-12-22T09:33:34.6937597+01:00" testType="13cdc9d9-ddb5-4fa4-a97d-d965ccfc6d4b" outcome="Passed" testListId="8c84fa94-04c1-424b-9868-57a2d4851a1d" relativeResultsDirectory="fb3190bc-4e94-4e62-a8d7-eb9e04b5e51f">
      <Output>
        <StdOut>Debug Trace:&#xD;
Wizard : Locked navigation on thread : 14&#xD;
Wizard : Navigating to page 0 on thread 14&#xD;
Wizard : Completed navigation to page 0 on thread 18&#xD;
Wizard : Released lock navigation on thread : 18&#xD;
Wizard : Locked navigation on thread : 14&#xD;
Wizard : Navigating to page 1 on thread 14&#xD;
Wizard : Completed navigation to page 1 on thread 18&#xD;
Wizard : Released lock navigation on thread : 18</StdOut>
      </Output>
    </UnitTestResult>
    <UnitTestResult executionId="875ce38d-6f1f-4824-a8f0-78942cf7443f" testId="59bc8fe3-a9fb-b489-8884-4fb2a47072e9" testName="SelectedRecorder_Event_ValueChangesTest" computerName="DKSR-EFI-04" duration="00:00:00.0016310" startTime="2023-12-22T09:33:33.4125039+01:00" endTime="2023-12-22T09:33:33.4125039+01:00" testType="13cdc9d9-ddb5-4fa4-a97d-d965ccfc6d4b" outcome="Passed" testListId="8c84fa94-04c1-424b-9868-57a2d4851a1d" relativeResultsDirectory="875ce38d-6f1f-4824-a8f0-78942cf7443f" />
    <UnitTestResult executionId="ea075c71-40c1-40f6-b486-4013f85d33ce" testId="f3acd017-a1db-2e96-a424-62e6dd004767" testName="NavigatingTo_Selection_HardwareSelectionFromHandlerTest" computerName="DKSR-EFI-04" duration="00:00:00.0046439" startTime="2023-12-22T09:33:36.1312689+01:00" endTime="2023-12-22T09:33:36.1468959+01:00" testType="13cdc9d9-ddb5-4fa4-a97d-d965ccfc6d4b" outcome="Passed" testListId="8c84fa94-04c1-424b-9868-57a2d4851a1d" relativeResultsDirectory="ea075c71-40c1-40f6-b486-4013f85d33ce" />
    <UnitTestResult executionId="7f9f937b-d51c-4fb5-9465-f91314f8dacf" testId="105dcca2-cdc3-0863-6144-8659dbf0dd2e" testName="SortEquality_NullTargetType" computerName="DKSR-EFI-04" duration="00:00:00.0006944" startTime="2023-12-22T09:33:34.9437623+01:00" endTime="2023-12-22T09:33:34.9437623+01:00" testType="13cdc9d9-ddb5-4fa4-a97d-d965ccfc6d4b" outcome="Passed" testListId="8c84fa94-04c1-424b-9868-57a2d4851a1d" relativeResultsDirectory="7f9f937b-d51c-4fb5-9465-f91314f8dacf" />
    <UnitTestResult executionId="cc0c254a-21c4-4bc1-8996-1f4c20b2ee23" testId="89a9512f-0a88-6fc2-d941-d71c3d7ab26c" testName="CurrentStatus_Event_SetSelectionTest" computerName="DKSR-EFI-04" duration="00:00:00.0007272" startTime="2023-12-22T09:33:36.3187680+01:00" endTime="2023-12-22T09:33:36.3187680+01:00" testType="13cdc9d9-ddb5-4fa4-a97d-d965ccfc6d4b" outcome="Passed" testListId="8c84fa94-04c1-424b-9868-57a2d4851a1d" relativeResultsDirectory="cc0c254a-21c4-4bc1-8996-1f4c20b2ee23" />
    <UnitTestResult executionId="0d721fa5-a7e3-48d4-90e4-b6e6212b3daf" testId="648778dc-0c58-533a-4597-a3353a13526d" testName="Convert_AllValues" computerName="DKSR-EFI-04" duration="00:00:00.0017762" startTime="2023-12-22T09:33:36.4593932+01:00" endTime="2023-12-22T09:33:36.4593932+01:00" testType="13cdc9d9-ddb5-4fa4-a97d-d965ccfc6d4b" outcome="Passed" testListId="8c84fa94-04c1-424b-9868-57a2d4851a1d" relativeResultsDirectory="0d721fa5-a7e3-48d4-90e4-b6e6212b3daf" />
    <UnitTestResult executionId="97d39b82-a52a-4c61-954c-ad8c2133f8c2" testId="e035e686-d2ff-24aa-9b03-75b1f7179f0d" testName="AllHardwareSelected_Set_FalseTest" computerName="DKSR-EFI-04" duration="00:00:00.0004394" startTime="2023-12-22T09:33:36.2718913+01:00" endTime="2023-12-22T09:33:36.2718913+01:00" testType="13cdc9d9-ddb5-4fa4-a97d-d965ccfc6d4b" outcome="Passed" testListId="8c84fa94-04c1-424b-9868-57a2d4851a1d" relativeResultsDirectory="97d39b82-a52a-4c61-954c-ad8c2133f8c2" />
    <UnitTestResult executionId="f29ac563-b668-467d-99ce-e610fa4004df" testId="204c20ab-1b37-4d10-3045-65864beed6a2" testName="SortBaseCommon_Equality_SortBase_DifferentObjectsTest" computerName="DKSR-EFI-04" duration="00:00:00.0000114" startTime="2023-12-22T09:33:39.3031575+01:00" endTime="2023-12-22T09:33:39.3031575+01:00" testType="13cdc9d9-ddb5-4fa4-a97d-d965ccfc6d4b" outcome="Passed" testListId="8c84fa94-04c1-424b-9868-57a2d4851a1d" relativeResultsDirectory="f29ac563-b668-467d-99ce-e610fa4004df" />
    <UnitTestResult executionId="684b96cb-7614-4fa5-b03e-aae4aa0c0b8e" testId="19393c5b-2a25-7bde-cfee-ac08ffbeecbb" testName="SetSelectedAuthenticationInfo_PutsCurrentUserName_OnWindowsDefault" computerName="DKSR-EFI-04" duration="00:00:00.2235221" startTime="2023-12-22T09:33:42.1781720+01:00" endTime="2023-12-22T09:33:42.4125475+01:00" testType="13cdc9d9-ddb5-4fa4-a97d-d965ccfc6d4b" outcome="Passed" testListId="8c84fa94-04c1-424b-9868-57a2d4851a1d" relativeResultsDirectory="684b96cb-7614-4fa5-b03e-aae4aa0c0b8e" />
    <UnitTestResult executionId="48bc3a3f-663c-4b22-a72f-ccd5b9815997" testId="4a0b7cbb-9f7b-cbda-f421-d1a84d7086e8" testName="NavigatingTo_PasswordAutogeneration_SelectedByDefault" computerName="DKSR-EFI-04" duration="00:00:00.0010150" startTime="2023-12-22T09:33:35.9906417+01:00" endTime="2023-12-22T09:33:35.9906417+01:00" testType="13cdc9d9-ddb5-4fa4-a97d-d965ccfc6d4b" outcome="Passed" testListId="8c84fa94-04c1-424b-9868-57a2d4851a1d" relativeResultsDirectory="48bc3a3f-663c-4b22-a72f-ccd5b9815997" />
    <UnitTestResult executionId="d42b4dfe-e65f-447e-9a90-5ce8d170e1e2" testId="661f4fdd-5778-f70d-7e4e-9944e0c622b5" testName="CurrentStatus_Event_SetSelectionTest" computerName="DKSR-EFI-04" duration="00:00:00.0008308" startTime="2023-12-22T09:33:33.4281278+01:00" endTime="2023-12-22T09:33:33.4281278+01:00" testType="13cdc9d9-ddb5-4fa4-a97d-d965ccfc6d4b" outcome="Passed" testListId="8c84fa94-04c1-424b-9868-57a2d4851a1d" relativeResultsDirectory="d42b4dfe-e65f-447e-9a90-5ce8d170e1e2" />
    <UnitTestResult executionId="a21619a3-19a9-4340-beb2-f8e04dfdf220" testId="78a88df1-0567-411c-90b4-86013350efa5" testName="SystemDashboard_LookupCalculationBufferMin_Success" computerName="DKSR-EFI-04" duration="00:00:00.0003622" startTime="2023-12-22T09:33:37.1625235+01:00" endTime="2023-12-22T09:33:37.1625235+01:00" testType="13cdc9d9-ddb5-4fa4-a97d-d965ccfc6d4b" outcome="Passed" testListId="8c84fa94-04c1-424b-9868-57a2d4851a1d" relativeResultsDirectory="a21619a3-19a9-4340-beb2-f8e04dfdf220" />
    <UnitTestResult executionId="fcd70cb3-7d13-4fc9-9dae-020c2ac22a85" testId="78509e9b-d581-7425-3c51-508461a66293" testName="SortBaseCommon_Equality_SortBase_OtherClassTest" computerName="DKSR-EFI-04" duration="00:00:00.0000145" startTime="2023-12-22T09:33:39.3031575+01:00" endTime="2023-12-22T09:33:39.3031575+01:00" testType="13cdc9d9-ddb5-4fa4-a97d-d965ccfc6d4b" outcome="Passed" testListId="8c84fa94-04c1-424b-9868-57a2d4851a1d" relativeResultsDirectory="fcd70cb3-7d13-4fc9-9dae-020c2ac22a85" />
    <UnitTestResult executionId="b262a116-4db8-427f-bba8-80352bfe6b52" testId="6a635bdb-3df5-a31a-8c39-614196c92c89" testName="Convert_Error_ValuesTooLongTest" computerName="DKSR-EFI-04" duration="00:00:00.0006599" startTime="2023-12-22T09:33:34.1312584+01:00" endTime="2023-12-22T09:33:34.1312584+01:00" testType="13cdc9d9-ddb5-4fa4-a97d-d965ccfc6d4b" outcome="Passed" testListId="8c84fa94-04c1-424b-9868-57a2d4851a1d" relativeResultsDirectory="b262a116-4db8-427f-bba8-80352bfe6b52" />
    <UnitTestResult executionId="2376157b-d77b-48c5-bbcc-d4aa4f4bee3a" testId="244baee8-6235-42ec-0302-cf2c28a5d4a2" testName="NavigatingTo_ExceptionHandling_OtherException_PreselectedThrowsTest" computerName="DKSR-EFI-04" duration="00:00:00.0007085" startTime="2023-12-22T09:33:36.1625164+01:00" endTime="2023-12-22T09:33:36.1625164+01:00" testType="13cdc9d9-ddb5-4fa4-a97d-d965ccfc6d4b" outcome="Passed" testListId="8c84fa94-04c1-424b-9868-57a2d4851a1d" relativeResultsDirectory="2376157b-d77b-48c5-bbcc-d4aa4f4bee3a" />
    <UnitTestResult executionId="4bd679cc-f617-4d5e-83fd-e9067fc09398" testId="943ed9fd-1a83-8a05-3a94-b3d72055ef8e" testName="CurrentStatus_PostNavigatingTo_NoPreselectionTest" computerName="DKSR-EFI-04" duration="00:00:00.0001449" startTime="2023-12-22T09:33:33.6000047+01:00" endTime="2023-12-22T09:33:33.6000047+01:00" testType="13cdc9d9-ddb5-4fa4-a97d-d965ccfc6d4b" outcome="Passed" testListId="8c84fa94-04c1-424b-9868-57a2d4851a1d" relativeResultsDirectory="4bd679cc-f617-4d5e-83fd-e9067fc09398" />
    <UnitTestResult executionId="76579f46-ec08-44cc-9e34-b48a0e94bb75" testId="20bfef15-a2cd-3fad-0bf5-7d316ff6dd05" testName="Convert_Hours_SecondsOffsetTest" computerName="DKSR-EFI-04" duration="00:00:00.0003553" startTime="2023-12-22T09:33:34.0531290+01:00" endTime="2023-12-22T09:33:34.0531290+01:00" testType="13cdc9d9-ddb5-4fa4-a97d-d965ccfc6d4b" outcome="Passed" testListId="8c84fa94-04c1-424b-9868-57a2d4851a1d" relativeResultsDirectory="76579f46-ec08-44cc-9e34-b48a0e94bb75" />
    <UnitTestResult executionId="0de57b4c-b3cf-442d-9c03-7757c1a55287" testId="d64e5132-5f52-bfa3-e494-a6655ef1b648" testName="UpdateSelection_NullTest" computerName="DKSR-EFI-04" duration="00:00:00.0004357" startTime="2023-12-22T09:33:36.2093910+01:00" endTime="2023-12-22T09:33:36.2093910+01:00" testType="13cdc9d9-ddb5-4fa4-a97d-d965ccfc6d4b" outcome="Passed" testListId="8c84fa94-04c1-424b-9868-57a2d4851a1d" relativeResultsDirectory="0de57b4c-b3cf-442d-9c03-7757c1a55287" />
    <UnitTestResult executionId="160d012a-a1ee-49dc-b0c6-f7ba9ce11c17" testId="0df571da-e4fb-32ab-4ee3-95684fc1842a" testName="NavigatingTo_NoChecksFail_NoHardwareSelected_NavigationCancelled" computerName="DKSR-EFI-04" duration="00:00:00.0002953" startTime="2023-12-22T09:33:32.6781265+01:00" endTime="2023-12-22T09:33:32.6781265+01:00" testType="13cdc9d9-ddb5-4fa4-a97d-d965ccfc6d4b" outcome="Passed" testListId="8c84fa94-04c1-424b-9868-57a2d4851a1d" relativeResultsDirectory="160d012a-a1ee-49dc-b0c6-f7ba9ce11c17" />
    <UnitTestResult executionId="3c0ef1c4-47c1-49a0-b1d7-3c3307e8bb80" testId="5796a76a-564c-e0b3-e252-ee677138bacc" testName="Convert_Days_IncludingHoursTest" computerName="DKSR-EFI-04" duration="00:00:00.0005613" startTime="2023-12-22T09:33:34.0375059+01:00" endTime="2023-12-22T09:33:34.0375059+01:00" testType="13cdc9d9-ddb5-4fa4-a97d-d965ccfc6d4b" outcome="Passed" testListId="8c84fa94-04c1-424b-9868-57a2d4851a1d" relativeResultsDirectory="3c0ef1c4-47c1-49a0-b1d7-3c3307e8bb80" />
    <UnitTestResult executionId="e71ec5ff-8f4f-42ae-a34f-9e3421cd9e7e" testId="f2213902-1d41-6fe7-b547-2debdd45e382" testName="Constructor_HardwareSelectionNullTest" computerName="DKSR-EFI-04" duration="00:00:00.0006025" startTime="2023-12-22T09:33:33.8968813+01:00" endTime="2023-12-22T09:33:33.9125059+01:00" testType="13cdc9d9-ddb5-4fa4-a97d-d965ccfc6d4b" outcome="Passed" testListId="8c84fa94-04c1-424b-9868-57a2d4851a1d" relativeResultsDirectory="e71ec5ff-8f4f-42ae-a34f-9e3421cd9e7e" />
    <UnitTestResult executionId="75538742-37fc-499d-b351-155c5cf82e35" testId="251e08ee-7f66-06e3-f239-a006a4056810" testName="ThresholdBottomLevelHeightMultiValueConverter_DownUpIsFalse_Success" computerName="DKSR-EFI-04" duration="00:00:00.0003900" startTime="2023-12-22T09:33:37.9594005+01:00" endTime="2023-12-22T09:33:37.9594005+01:00" testType="13cdc9d9-ddb5-4fa4-a97d-d965ccfc6d4b" outcome="Passed" testListId="8c84fa94-04c1-424b-9868-57a2d4851a1d" relativeResultsDirectory="75538742-37fc-499d-b351-155c5cf82e35" />
    <UnitTestResult executionId="947a09b7-a2e1-4b42-891d-091538d772e4" testId="176b2712-3712-9031-e728-6aa2f634400d" testName="NavigatingTo_ErrorHandling_FindStorages_MoveHardwareExceptionTest" computerName="DKSR-EFI-04" duration="00:00:00.0009215" startTime="2023-12-22T09:33:33.4593782+01:00" endTime="2023-12-22T09:33:33.4593782+01:00" testType="13cdc9d9-ddb5-4fa4-a97d-d965ccfc6d4b" outcome="Passed" testListId="8c84fa94-04c1-424b-9868-57a2d4851a1d" relativeResultsDirectory="947a09b7-a2e1-4b42-891d-091538d772e4" />
    <UnitTestResult executionId="c714c69d-6f07-4efa-8235-ccccc279f860" testId="05d19196-f04d-8df2-0524-7023f4538770" testName="ScheduleNextRun_RaisesEventOnSiteWorking_AfterWaitingForTimeout_Success" computerName="DKSR-EFI-04" duration="00:00:00.7845539" startTime="2023-12-22T09:33:41.3812939+01:00" endTime="2023-12-22T09:33:42.1781720+01:00" testType="13cdc9d9-ddb5-4fa4-a97d-d965ccfc6d4b" outcome="Passed" testListId="8c84fa94-04c1-424b-9868-57a2d4851a1d" relativeResultsDirectory="c714c69d-6f07-4efa-8235-ccccc279f860" />
    <UnitTestResult executionId="1cd693ff-478d-4686-ad81-2ec1a62e6762" testId="131d2e9f-845c-a318-5dfb-0f67d2de580e" testName="CurrentStatus_Update_SetSelectionTest" computerName="DKSR-EFI-04" duration="00:00:00.0004202" startTime="2023-12-22T09:33:33.4281278+01:00" endTime="2023-12-22T09:33:33.4281278+01:00" testType="13cdc9d9-ddb5-4fa4-a97d-d965ccfc6d4b" outcome="Passed" testListId="8c84fa94-04c1-424b-9868-57a2d4851a1d" relativeResultsDirectory="1cd693ff-478d-4686-ad81-2ec1a62e6762" />
    <UnitTestResult executionId="dbeebca1-a26c-49b6-bc3e-96fcdf0fdd53" testId="b4853750-e098-d81a-34c5-79923aee9cc7" testName="SetSelectedAuthenticationInfo_VerifyDisabledFields_OnExternalUser" computerName="DKSR-EFI-04" startTime="2023-12-22T09:33:42.6469247+01:00" endTime="2023-12-22T09:33:42.6469247+01:00" testType="13cdc9d9-ddb5-4fa4-a97d-d965ccfc6d4b" outcome="NotExecuted" testListId="8c84fa94-04c1-424b-9868-57a2d4851a1d" relativeResultsDirectory="dbeebca1-a26c-49b6-bc3e-96fcdf0fdd53">
      <Output></Output>
    </UnitTestResult>
    <UnitTestResult executionId="37b068fd-b1c4-4df2-acd7-562712940962" testId="43263a7c-2c3e-b069-fd0c-2c4a015e823b" testName="SystemDashboard_LookupThresholdName_Success" computerName="DKSR-EFI-04" duration="00:00:00.0017226" startTime="2023-12-22T09:33:37.1781470+01:00" endTime="2023-12-22T09:33:37.1781470+01:00" testType="13cdc9d9-ddb5-4fa4-a97d-d965ccfc6d4b" outcome="Passed" testListId="8c84fa94-04c1-424b-9868-57a2d4851a1d" relativeResultsDirectory="37b068fd-b1c4-4df2-acd7-562712940962" />
    <UnitTestResult executionId="85e60340-170d-4cf3-bd5e-7af8492cdc85" testId="56ce6859-3fc6-36c5-7ef0-37f8a01cb715" testName="SortBaseCommon_SortDescriptions_Test" computerName="DKSR-EFI-04" duration="00:00:00.0042376" startTime="2023-12-22T09:33:39.1469078+01:00" endTime="2023-12-22T09:33:39.1625317+01:00" testType="13cdc9d9-ddb5-4fa4-a97d-d965ccfc6d4b" outcome="Passed" testListId="8c84fa94-04c1-424b-9868-57a2d4851a1d" relativeResultsDirectory="85e60340-170d-4cf3-bd5e-7af8492cdc85" />
    <UnitTestResult executionId="fc38ae36-a9df-4d25-b688-335b5802cf23" testId="bce94201-2def-6fad-1b3c-274e63346a82" testName="Constructor_PropertyEmptyTest" computerName="DKSR-EFI-04" duration="00:00:00.0007886" startTime="2023-12-22T09:33:39.1469078+01:00" endTime="2023-12-22T09:33:39.1469078+01:00" testType="13cdc9d9-ddb5-4fa4-a97d-d965ccfc6d4b" outcome="Passed" testListId="8c84fa94-04c1-424b-9868-57a2d4851a1d" relativeResultsDirectory="fc38ae36-a9df-4d25-b688-335b5802cf23" />
    <UnitTestResult executionId="c6dee906-3fe7-44ea-b239-b864372ac544" testId="32735e1c-1866-ff8c-1424-4aa60ca80d82" testName="NavigatingAway_EmptySelectionTest" computerName="DKSR-EFI-04" duration="00:00:00.0193235" startTime="2023-12-22T09:33:36.1781409+01:00" endTime="2023-12-22T09:33:36.1937683+01:00" testType="13cdc9d9-ddb5-4fa4-a97d-d965ccfc6d4b" outcome="Passed" testListId="8c84fa94-04c1-424b-9868-57a2d4851a1d" relativeResultsDirectory="c6dee906-3fe7-44ea-b239-b864372ac544" />
    <UnitTestResult executionId="dfec830f-e3d6-4edf-b9d6-25b799663086" testId="2bfd3e16-90c4-7703-b0ea-87d512bfda46" testName="State_Loading_NextCommand_DestinationPageNavigatedToTest" computerName="DKSR-EFI-04" duration="00:00:00.0032388" startTime="2023-12-22T09:33:34.8343854+01:00" endTime="2023-12-22T09:33:34.8343854+01:00" testType="13cdc9d9-ddb5-4fa4-a97d-d965ccfc6d4b" outcome="Passed" testListId="8c84fa94-04c1-424b-9868-57a2d4851a1d" relativeResultsDirectory="dfec830f-e3d6-4edf-b9d6-25b799663086">
      <Output>
        <StdOut>Debug Trace:&#xD;
Wizard : Locked navigation on thread : 14&#xD;
Wizard : Navigating to page 0 on thread 14&#xD;
Wizard : Completed navigation to page 0 on thread 17&#xD;
Wizard : Released lock navigation on thread : 17&#xD;
Wizard : Locked navigation on thread : 18&#xD;
Wizard : Navigating to page 1 on thread 18&#xD;
CALL SYNCHRONIZER [6]: Run() called on thread 18&#xD;
CALL SYNCHRONIZER [6]: Waiting for event on thread 18</StdOut>
      </Output>
    </UnitTestResult>
    <UnitTestResult executionId="81d89560-dd89-4472-b00c-aefce2db329d" testId="6728fde2-9794-3677-61d7-85095bb760ac" testName="ConvertFalseToHiddenTest" computerName="DKSR-EFI-04" duration="00:00:00.0002778" startTime="2023-12-22T09:33:39.3656574+01:00" endTime="2023-12-22T09:33:39.3656574+01:00" testType="13cdc9d9-ddb5-4fa4-a97d-d965ccfc6d4b" outcome="Passed" testListId="8c84fa94-04c1-424b-9868-57a2d4851a1d" relativeResultsDirectory="81d89560-dd89-4472-b00c-aefce2db329d" />
    <UnitTestResult executionId="0d0e61d4-89be-44d1-b03d-42cbffce120b" testId="5e99c972-c6eb-2f25-b3c8-ff60259e4271" testName="Validate_WithPasswordManualEntry_RequiresDigits_Fails" computerName="DKSR-EFI-04" duration="00:00:00.0006218" startTime="2023-12-22T09:33:36.0531393+01:00" endTime="2023-12-22T09:33:36.0531393+01:00" testType="13cdc9d9-ddb5-4fa4-a97d-d965ccfc6d4b" outcome="Passed" testListId="8c84fa94-04c1-424b-9868-57a2d4851a1d" relativeResultsDirectory="0d0e61d4-89be-44d1-b03d-42cbffce120b" />
    <UnitTestResult executionId="f4b6d4db-8bc4-4e36-bd40-6815361e65d4" testId="7637167d-56a4-8d6c-21de-90a4cf6428b9" testName="Convert_ToValue_UsedGtAvailable" computerName="DKSR-EFI-04" duration="00:00:00.0001869" startTime="2023-12-22T09:33:34.2095011+01:00" endTime="2023-12-22T09:33:34.2095011+01:00" testType="13cdc9d9-ddb5-4fa4-a97d-d965ccfc6d4b" outcome="Passed" testListId="8c84fa94-04c1-424b-9868-57a2d4851a1d" relativeResultsDirectory="f4b6d4db-8bc4-4e36-bd40-6815361e65d4" />
    <UnitTestResult executionId="c8d3e303-c22a-4129-ac3e-ff6a66294764" testId="16341a76-2443-d715-3ba2-b0f79160d644" testName="State_Loading_NextCommand_SourcePageNavigatingAwayTest" computerName="DKSR-EFI-04" duration="00:00:00.0006931" startTime="2023-12-22T09:33:34.8343854+01:00" endTime="2023-12-22T09:33:34.8343854+01:00" testType="13cdc9d9-ddb5-4fa4-a97d-d965ccfc6d4b" outcome="Passed" testListId="8c84fa94-04c1-424b-9868-57a2d4851a1d" relativeResultsDirectory="c8d3e303-c22a-4129-ac3e-ff6a66294764">
      <Output>
        <StdOut>Debug Trace:&#xD;
Wizard : Locked navigation on thread : 14&#xD;
Wizard : Navigating to page 0 on thread 14&#xD;
Wizard : Completed navigation to page 0 on thread 17&#xD;
Wizard : Released lock navigation on thread : 17&#xD;
Wizard : Locked navigation on thread : 16&#xD;
Wizard : Navigating to page 1 on thread 16&#xD;
CALL SYNCHRONIZER [7]: Run() called on thread 16&#xD;
CALL SYNCHRONIZER [7]: Waiting for event on thread 16</StdOut>
      </Output>
    </UnitTestResult>
    <UnitTestResult executionId="1be3174a-c266-4f61-a979-a72ba2b76a17" testId="9f08c521-39d1-10f8-5691-593451357ea4" testName="Close_PageStateChangedOnAnotherThread_CommandInvalidatedTest" computerName="DKSR-EFI-04" duration="00:00:00.0016957" startTime="2023-12-22T09:33:34.9125095+01:00" endTime="2023-12-22T09:33:34.9125095+01:00" testType="13cdc9d9-ddb5-4fa4-a97d-d965ccfc6d4b" outcome="Passed" testListId="8c84fa94-04c1-424b-9868-57a2d4851a1d" relativeResultsDirectory="1be3174a-c266-4f61-a979-a72ba2b76a17">
      <Output>
        <StdOut>Debug Trace:&#xD;
Wizard : Locked navigation on thread : 14&#xD;
Wizard : Navigating to page 0 on thread 14&#xD;
Wizard : Completed navigation to page 0 on thread 16&#xD;
Wizard : Released lock navigation on thread : 16&#xD;
Wizard : Locked navigation on thread : 14&#xD;
Wizard : Navigating to page 1 on thread 14&#xD;
Wizard : Completed navigation to page 1 on thread 19&#xD;
Wizard : Released lock navigation on thread : 19</StdOut>
      </Output>
    </UnitTestResult>
    <UnitTestResult executionId="29725dd9-f940-45be-8dc7-68eb806581f6" testId="2ebe890d-ba4c-70bb-d8d2-7bf30fa72f2d" testName="EmptyStringConvertsToVisible" computerName="DKSR-EFI-04" duration="00:00:00.0011629" startTime="2023-12-22T09:33:42.7094249+01:00" endTime="2023-12-22T09:33:42.7094249+01:00" testType="13cdc9d9-ddb5-4fa4-a97d-d965ccfc6d4b" outcome="Passed" testListId="8c84fa94-04c1-424b-9868-57a2d4851a1d" relativeResultsDirectory="29725dd9-f940-45be-8dc7-68eb806581f6" />
    <UnitTestResult executionId="37850d3b-472d-4e80-bdda-e0014bc83a6a" testId="5b536f33-2046-4353-15a8-da007dd02f12" testName="AdvancedThresholdConfigurationViewModel_Contruction" computerName="DKSR-EFI-04" duration="00:00:00.0001197" startTime="2023-12-22T09:33:37.8500239+01:00" endTime="2023-12-22T09:33:37.8656505+01:00" testType="13cdc9d9-ddb5-4fa4-a97d-d965ccfc6d4b" outcome="Passed" testListId="8c84fa94-04c1-424b-9868-57a2d4851a1d" relativeResultsDirectory="37850d3b-472d-4e80-bdda-e0014bc83a6a" />
    <UnitTestResult executionId="287f7f66-2820-47a9-825e-7791de823856" testId="f2c9a4ad-b5f5-fd13-6db6-439895537b88" testName="MessageBoxButtonExtensions_AsWinFormsMessageBoxButtons_Check_Expected_Output" computerName="DKSR-EFI-04" duration="00:00:00.0036289" startTime="2023-12-22T09:33:42.6781751+01:00" endTime="2023-12-22T09:33:42.6781751+01:00" testType="13cdc9d9-ddb5-4fa4-a97d-d965ccfc6d4b" outcome="Passed" testListId="8c84fa94-04c1-424b-9868-57a2d4851a1d" relativeResultsDirectory="287f7f66-2820-47a9-825e-7791de823856" />
    <UnitTestResult executionId="548e2321-8dc3-4c29-b8e7-8602d090dc9a" testId="f14b365a-cfce-1f3a-b91f-ae9275ac5e3e" testName="NavigatingAway_SelectedItemsSetOnDataTest" computerName="DKSR-EFI-04" duration="00:00:00.0016476" startTime="2023-12-22T09:33:33.5218776+01:00" endTime="2023-12-22T09:33:33.5218776+01:00" testType="13cdc9d9-ddb5-4fa4-a97d-d965ccfc6d4b" outcome="Passed" testListId="8c84fa94-04c1-424b-9868-57a2d4851a1d" relativeResultsDirectory="548e2321-8dc3-4c29-b8e7-8602d090dc9a" />
    <UnitTestResult executionId="33be0a11-48cd-4f5d-86f0-b8f4b19fed31" testId="9d73d2de-0de2-5123-d14f-3b031bc6ae44" testName="CurrentStatus_PostNavigatingTo_PreselectionTest" computerName="DKSR-EFI-04" duration="00:00:00.0001910" startTime="2023-12-22T09:33:33.4125039+01:00" endTime="2023-12-22T09:33:33.4125039+01:00" testType="13cdc9d9-ddb5-4fa4-a97d-d965ccfc6d4b" outcome="Passed" testListId="8c84fa94-04c1-424b-9868-57a2d4851a1d" relativeResultsDirectory="33be0a11-48cd-4f5d-86f0-b8f4b19fed31" />
    <UnitTestResult executionId="196a0979-0b02-49c8-aee0-4e726c568e3d" testId="6b5427c4-3998-55f8-2902-c3d8729fa256" testName="SortBaseCommon_GetHashCode_EqualInstancesTest" computerName="DKSR-EFI-04" duration="00:00:00.0003587" startTime="2023-12-22T09:33:39.1781560+01:00" endTime="2023-12-22T09:33:39.1781560+01:00" testType="13cdc9d9-ddb5-4fa4-a97d-d965ccfc6d4b" outcome="Passed" testListId="8c84fa94-04c1-424b-9868-57a2d4851a1d" relativeResultsDirectory="196a0979-0b02-49c8-aee0-4e726c568e3d" />
    <UnitTestResult executionId="ae4b1c39-11d5-45a4-a7b0-1b5c76096e5b" testId="308d0606-bf12-128b-bf88-abafecd1e2c5" testName="NextCommand_ExecuteMultipleTest" computerName="DKSR-EFI-04" duration="00:00:00.0009777" startTime="2023-12-22T09:33:34.4281332+01:00" endTime="2023-12-22T09:33:34.4281332+01:00" testType="13cdc9d9-ddb5-4fa4-a97d-d965ccfc6d4b" outcome="Passed" testListId="8c84fa94-04c1-424b-9868-57a2d4851a1d" relativeResultsDirectory="ae4b1c39-11d5-45a4-a7b0-1b5c76096e5b">
      <Output>
        <StdOut>Debug Trace:&#xD;
Wizard : Locked navigation on thread : 14&#xD;
Wizard : Navigating to page 0 on thread 14&#xD;
Wizard : Completed navigation to page 0 on thread 16&#xD;
Wizard : Released lock navigation on thread : 16&#xD;
Wizard : Locked navigation on thread : 14&#xD;
Wizard : Navigating to page 1 on thread 14&#xD;
Wizard : Completed navigation to page 1 on thread 19&#xD;
Wizard : Released lock navigation on thread : 19&#xD;
Wizard : Locked navigation on thread : 14&#xD;
Wizard : Navigating to page 2 on thread 14&#xD;
Wizard : Completed navigation to page 2 on thread 19&#xD;
Wizard : Released lock navigation on thread : 19</StdOut>
      </Output>
    </UnitTestResult>
    <UnitTestResult executionId="47c86857-453b-4700-9aa0-ad5a8fff38b6" testId="dcb345bb-2a81-cf82-a922-e9b8e68f9b28" testName="Convert_NewLines_Only_Gives_Empty_Output" computerName="DKSR-EFI-04" duration="00:00:00.0001823" startTime="2023-12-22T09:33:36.4437675+01:00" endTime="2023-12-22T09:33:36.4437675+01:00" testType="13cdc9d9-ddb5-4fa4-a97d-d965ccfc6d4b" outcome="Passed" testListId="8c84fa94-04c1-424b-9868-57a2d4851a1d" relativeResultsDirectory="47c86857-453b-4700-9aa0-ad5a8fff38b6" />
    <UnitTestResult executionId="06754228-88f6-40fe-9b4c-1a81ad408afe" testId="8481c23f-3d6d-77ac-46b0-462c3daef337" testName="SortBaseCommon_ConfigurationCheck" computerName="DKSR-EFI-04" duration="00:00:00.0019600" startTime="2023-12-22T09:33:39.1469078+01:00" endTime="2023-12-22T09:33:39.1469078+01:00" testType="13cdc9d9-ddb5-4fa4-a97d-d965ccfc6d4b" outcome="Passed" testListId="8c84fa94-04c1-424b-9868-57a2d4851a1d" relativeResultsDirectory="06754228-88f6-40fe-9b4c-1a81ad408afe" />
    <UnitTestResult executionId="cb873a9e-2272-4669-a8e8-5b8b6bf1de58" testId="f3b1ceb2-2ed4-084e-9ea6-5f3a4603b212" testName="SortBaseCommon_IsEquivalentOf_SortDescriptionCollection_ValidListTest" computerName="DKSR-EFI-04" duration="00:00:00.0026754" startTime="2023-12-22T09:33:39.2094085+01:00" endTime="2023-12-22T09:33:39.2094085+01:00" testType="13cdc9d9-ddb5-4fa4-a97d-d965ccfc6d4b" outcome="Passed" testListId="8c84fa94-04c1-424b-9868-57a2d4851a1d" relativeResultsDirectory="cb873a9e-2272-4669-a8e8-5b8b6bf1de58" />
    <UnitTestResult executionId="e0e93c68-3357-4ca2-8210-2046033658c0" testId="b84c992a-265b-65ae-f8b1-90682b7ab9ba" testName="State_Loading_NextCommand_DestinationPageNavigatingToTest" computerName="DKSR-EFI-04" duration="00:00:00.0051058" startTime="2023-12-22T09:33:34.8187612+01:00" endTime="2023-12-22T09:33:34.8187612+01:00" testType="13cdc9d9-ddb5-4fa4-a97d-d965ccfc6d4b" outcome="Passed" testListId="8c84fa94-04c1-424b-9868-57a2d4851a1d" relativeResultsDirectory="e0e93c68-3357-4ca2-8210-2046033658c0">
      <Output>
        <StdOut>Debug Trace:&#xD;
Wizard : Locked navigation on thread : 14&#xD;
Wizard : Navigating to page 0 on thread 14&#xD;
Wizard : Completed navigation to page 0 on thread 16&#xD;
Wizard : Released lock navigation on thread : 16&#xD;
Wizard : Locked navigation on thread : 16&#xD;
Wizard : Navigating to page 1 on thread 16&#xD;
CALL SYNCHRONIZER [5]: Run() called on thread 16&#xD;
CALL SYNCHRONIZER [5]: Waiting for event on thread 16&#xD;
CALL SYNCHRONIZER [5]: Event received, exiting on thread 16&#xD;
Wizard : Completed navigation to page 1 on thread 16&#xD;
Wizard : Released lock navigation on thread : 16</StdOut>
      </Output>
    </UnitTestResult>
    <UnitTestResult executionId="085ee93d-b154-4a35-8dc0-795ed556f26a" testId="c2b13c5f-cc4b-224a-1f38-1a8335f078e1" testName="NavigatingTo_CheckPreselectedHardwareAvailable_False_NavigationNotCancelled" computerName="DKSR-EFI-04" duration="00:00:00.0005531" startTime="2023-12-22T09:33:34.3343815+01:00" endTime="2023-12-22T09:33:34.3343815+01:00" testType="13cdc9d9-ddb5-4fa4-a97d-d965ccfc6d4b" outcome="Passed" testListId="8c84fa94-04c1-424b-9868-57a2d4851a1d" relativeResultsDirectory="085ee93d-b154-4a35-8dc0-795ed556f26a" />
    <UnitTestResult executionId="1fd15972-95f4-47aa-8253-6c3ddee9cc13" testId="696d3815-1cd7-fed9-efe3-4706a2343e63" testName="NextCommand_ExecuteTest" computerName="DKSR-EFI-04" duration="00:00:00.0272212" startTime="2023-12-22T09:33:34.3968820+01:00" endTime="2023-12-22T09:33:34.4281332+01:00" testType="13cdc9d9-ddb5-4fa4-a97d-d965ccfc6d4b" outcome="Passed" testListId="8c84fa94-04c1-424b-9868-57a2d4851a1d" relativeResultsDirectory="1fd15972-95f4-47aa-8253-6c3ddee9cc13">
      <Output>
        <StdOut>Debug Trace:&#xD;
Wizard : Locked navigation on thread : 14&#xD;
Wizard : Navigating to page 0 on thread 14&#xD;
Wizard : Completed navigation to page 0 on thread 19&#xD;
Wizard : Released lock navigation on thread : 19&#xD;
Wizard : Locked navigation on thread : 14&#xD;
Wizard : Navigating to page 1 on thread 14&#xD;
Wizard : Completed navigation to page 1 on thread 16&#xD;
Wizard : Released lock navigation on thread : 16</StdOut>
      </Output>
    </UnitTestResult>
    <UnitTestResult executionId="04396d44-ef02-4ab3-b9aa-58f544dcc36a" testId="b7ab2fc0-e903-7b23-0261-be16cb51adf3" testName="Equality_NullTest" computerName="DKSR-EFI-04" duration="00:00:00.0023445" startTime="2023-12-22T09:33:39.2094085+01:00" endTime="2023-12-22T09:33:39.2094085+01:00" testType="13cdc9d9-ddb5-4fa4-a97d-d965ccfc6d4b" outcome="Passed" testListId="8c84fa94-04c1-424b-9868-57a2d4851a1d" relativeResultsDirectory="04396d44-ef02-4ab3-b9aa-58f544dcc36a" />
    <UnitTestResult executionId="df3e271a-c3ef-41a2-9eb8-c4a4c0720653" testId="859f28b7-e328-733f-c1a2-69a1e426056b" testName="NavigatingTo_NoChecksFail_NoHardwareSelected_NavigationCancelled" computerName="DKSR-EFI-04" duration="00:00:00.0002326" startTime="2023-12-22T09:33:34.3343815+01:00" endTime="2023-12-22T09:33:34.3343815+01:00" testType="13cdc9d9-ddb5-4fa4-a97d-d965ccfc6d4b" outcome="Passed" testListId="8c84fa94-04c1-424b-9868-57a2d4851a1d" relativeResultsDirectory="df3e271a-c3ef-41a2-9eb8-c4a4c0720653" />
    <UnitTestResult executionId="38e6acdc-b97c-41c1-b85b-d8b598852ddc" testId="33e6ddae-9fc0-1d68-7bf1-8134b126ed37" testName="NavigatingTo_AvailableHardware_HardwarePopulatedTest" computerName="DKSR-EFI-04" duration="00:00:00.0045136" startTime="2023-12-22T09:33:33.4750032+01:00" endTime="2023-12-22T09:33:33.4906283+01:00" testType="13cdc9d9-ddb5-4fa4-a97d-d965ccfc6d4b" outcome="Passed" testListId="8c84fa94-04c1-424b-9868-57a2d4851a1d" relativeResultsDirectory="38e6acdc-b97c-41c1-b85b-d8b598852ddc" />
    <UnitTestResult executionId="ec1accde-1959-4612-b545-959a1d3a0000" testId="720f192f-3a91-fc5a-38dc-37603061fc04" testName="CalcuateNewColumnWidths_Empty_Columns_With_Percentage" computerName="DKSR-EFI-04" duration="00:00:00.0004832" startTime="2023-12-22T09:33:37.9906517+01:00" endTime="2023-12-22T09:33:37.9906517+01:00" testType="13cdc9d9-ddb5-4fa4-a97d-d965ccfc6d4b" outcome="Passed" testListId="8c84fa94-04c1-424b-9868-57a2d4851a1d" relativeResultsDirectory="ec1accde-1959-4612-b545-959a1d3a0000" />
    <UnitTestResult executionId="a8b8e96e-3df2-4ac7-ba26-fa7712f9b424" testId="118cab95-3ce6-8f1d-0d35-d7927bbc85d1" testName="ColumnWidthSpec_Absolute_NaNWidth_Throws_ArgumentException" computerName="DKSR-EFI-04" duration="00:00:00.0005926" startTime="2023-12-22T09:33:38.0062780+01:00" endTime="2023-12-22T09:33:38.0062780+01:00" testType="13cdc9d9-ddb5-4fa4-a97d-d965ccfc6d4b" outcome="Passed" testListId="8c84fa94-04c1-424b-9868-57a2d4851a1d" relativeResultsDirectory="a8b8e96e-3df2-4ac7-ba26-fa7712f9b424" />
    <UnitTestResult executionId="593a7977-bcdb-40cd-822c-f0fdcb3a649b" testId="272d8b0b-ba7b-7143-82a6-3c4a3a74e0ce" testName="UpdateSelection_EmptySelectionTest" computerName="DKSR-EFI-04" duration="00:00:00.0003931" startTime="2023-12-22T09:33:36.2093910+01:00" endTime="2023-12-22T09:33:36.2093910+01:00" testType="13cdc9d9-ddb5-4fa4-a97d-d965ccfc6d4b" outcome="Passed" testListId="8c84fa94-04c1-424b-9868-57a2d4851a1d" relativeResultsDirectory="593a7977-bcdb-40cd-822c-f0fdcb3a649b" />
    <UnitTestResult executionId="6f9c4d49-2d05-48a2-b3a1-d1d0ef13f292" testId="09050f9d-0ba1-b1c3-c744-3e219f2d1347" testName="ScheduleNextRun_InvalidParam_Uri_Throws_ArgumentNullException" computerName="DKSR-EFI-04" duration="00:00:00.0009991" startTime="2023-12-22T09:33:41.3812939+01:00" endTime="2023-12-22T09:33:41.3812939+01:00" testType="13cdc9d9-ddb5-4fa4-a97d-d965ccfc6d4b" outcome="Passed" testListId="8c84fa94-04c1-424b-9868-57a2d4851a1d" relativeResultsDirectory="6f9c4d49-2d05-48a2-b3a1-d1d0ef13f292" />
    <UnitTestResult executionId="097a39cc-0b21-4447-8152-afaf9349288f" testId="770b9801-4690-1bc5-6bdf-3ddba81a86d2" testName="Convert_IsNullOrWhiteSpace_Null_Input_Returns_TrueResult" computerName="DKSR-EFI-04" duration="00:00:00.0001845" startTime="2023-12-22T09:33:39.3812839+01:00" endTime="2023-12-22T09:33:39.3812839+01:00" testType="13cdc9d9-ddb5-4fa4-a97d-d965ccfc6d4b" outcome="Passed" testListId="8c84fa94-04c1-424b-9868-57a2d4851a1d" relativeResultsDirectory="097a39cc-0b21-4447-8152-afaf9349288f" />
    <UnitTestResult executionId="7d659e67-c1dd-409b-93bc-cee0e9dd9422" testId="c37b2c23-4f65-c08f-f67d-977e7ed22b1d" testName="Convert_AllValues" computerName="DKSR-EFI-04" duration="00:00:00.0014323" startTime="2023-12-22T09:33:36.4437675+01:00" endTime="2023-12-22T09:33:36.4437675+01:00" testType="13cdc9d9-ddb5-4fa4-a97d-d965ccfc6d4b" outcome="Passed" testListId="8c84fa94-04c1-424b-9868-57a2d4851a1d" relativeResultsDirectory="7d659e67-c1dd-409b-93bc-cee0e9dd9422" />
    <UnitTestResult executionId="02c465f3-6961-465a-9e03-f0ebaf40c916" testId="6e57d7bf-5a2e-ea52-712d-f57e52a5f01d" testName="CurrentStatus_Event_ClearSelectionTest" computerName="DKSR-EFI-04" duration="00:00:00.0006550" startTime="2023-12-22T09:33:33.6000047+01:00" endTime="2023-12-22T09:33:33.6156294+01:00" testType="13cdc9d9-ddb5-4fa4-a97d-d965ccfc6d4b" outcome="Passed" testListId="8c84fa94-04c1-424b-9868-57a2d4851a1d" relativeResultsDirectory="02c465f3-6961-465a-9e03-f0ebaf40c916" />
    <UnitTestResult executionId="01fda2cb-f065-4029-9292-7a73c8348e9e" testId="facce5ee-8c93-6dd2-28b3-fddef0656faa" testName="Equality_NotEqual_DifferentFallbackPropertyTest" computerName="DKSR-EFI-04" duration="00:00:00.0001845" startTime="2023-12-22T09:33:39.2250328+01:00" endTime="2023-12-22T09:33:39.2250328+01:00" testType="13cdc9d9-ddb5-4fa4-a97d-d965ccfc6d4b" outcome="Passed" testListId="8c84fa94-04c1-424b-9868-57a2d4851a1d" relativeResultsDirectory="01fda2cb-f065-4029-9292-7a73c8348e9e" />
    <UnitTestResult executionId="5568c28f-2579-40ed-92df-eb7d12a8d9a7" testId="d331a97b-370e-2ae0-f100-6ee4eb85fdef" testName="SameStatusesAreVisibleTest" computerName="DKSR-EFI-04" duration="00:00:00.0013283" startTime="2023-12-22T09:33:42.7562990+01:00" endTime="2023-12-22T09:33:42.7562990+01:00" testType="13cdc9d9-ddb5-4fa4-a97d-d965ccfc6d4b" outcome="Passed" testListId="8c84fa94-04c1-424b-9868-57a2d4851a1d" relativeResultsDirectory="5568c28f-2579-40ed-92df-eb7d12a8d9a7" />
    <UnitTestResult executionId="a5eef936-3f4f-414e-9fe8-b36b80a4986a" testId="7fd22bb6-65ff-2447-ac2a-92aa6940db46" testName="NavigatingTo_NoChecksFail_HardwareSelected_NavigationCancelled" computerName="DKSR-EFI-04" duration="00:00:00.0013940" startTime="2023-12-22T09:33:36.3343927+01:00" endTime="2023-12-22T09:33:36.3343927+01:00" testType="13cdc9d9-ddb5-4fa4-a97d-d965ccfc6d4b" outcome="Passed" testListId="8c84fa94-04c1-424b-9868-57a2d4851a1d" relativeResultsDirectory="a5eef936-3f4f-414e-9fe8-b36b80a4986a" />
    <UnitTestResult executionId="82348b46-cad5-4ad5-9e7b-b888b1c56da6" testId="cc95ea2b-3231-4f76-55fc-e2655fe87068" testName="Validate_WithPasswordManualEntry_ExcludedPrintableCharacters_Fails" computerName="DKSR-EFI-04" duration="00:00:00.0009136" startTime="2023-12-22T09:33:36.0687682+01:00" endTime="2023-12-22T09:33:36.0687682+01:00" testType="13cdc9d9-ddb5-4fa4-a97d-d965ccfc6d4b" outcome="Passed" testListId="8c84fa94-04c1-424b-9868-57a2d4851a1d" relativeResultsDirectory="82348b46-cad5-4ad5-9e7b-b888b1c56da6" />
    <UnitTestResult executionId="11f60aa8-afc9-4d8a-9aae-f7c94fdd5e48" testId="ea1d8d34-55e3-9368-463c-2538cab81947" testName="Convert_ArgumentNullException" computerName="DKSR-EFI-04" duration="00:00:00.0006614" startTime="2023-12-22T09:33:32.6625006+01:00" endTime="2023-12-22T09:33:32.6625006+01:00" testType="13cdc9d9-ddb5-4fa4-a97d-d965ccfc6d4b" outcome="Passed" testListId="8c84fa94-04c1-424b-9868-57a2d4851a1d" relativeResultsDirectory="11f60aa8-afc9-4d8a-9aae-f7c94fdd5e48" />
    <UnitTestResult executionId="6d093b58-e178-4c35-9f8f-77541f8b20ac" testId="f1fcf646-8764-a8ca-57d2-1e53de4b6519" testName="NavigatingAway_WithPasswordManualEntry_PasswordSet" computerName="DKSR-EFI-04" duration="00:00:00.0003654" startTime="2023-12-22T09:33:36.0687682+01:00" endTime="2023-12-22T09:33:36.0687682+01:00" testType="13cdc9d9-ddb5-4fa4-a97d-d965ccfc6d4b" outcome="Passed" testListId="8c84fa94-04c1-424b-9868-57a2d4851a1d" relativeResultsDirectory="6d093b58-e178-4c35-9f8f-77541f8b20ac" />
    <UnitTestResult executionId="005b9789-1ee0-4718-8bf0-725b0b961a02" testId="143c964a-6102-d861-c0a8-292de16ab3e2" testName="SortBaseCommon_SortDescriptions_ReverseTest" computerName="DKSR-EFI-04" duration="00:00:00.0003965" startTime="2023-12-22T09:33:39.1625317+01:00" endTime="2023-12-22T09:33:39.1625317+01:00" testType="13cdc9d9-ddb5-4fa4-a97d-d965ccfc6d4b" outcome="Passed" testListId="8c84fa94-04c1-424b-9868-57a2d4851a1d" relativeResultsDirectory="005b9789-1ee0-4718-8bf0-725b0b961a02" />
    <UnitTestResult executionId="a21c5f23-b3ed-4476-b0d6-097ce2cd01a2" testId="2df76026-822a-2479-b0f1-036918ecd9a7" testName="Convert_Days_PluralTest" computerName="DKSR-EFI-04" duration="00:00:00.0005130" startTime="2023-12-22T09:33:34.0218796+01:00" endTime="2023-12-22T09:33:34.0218796+01:00" testType="13cdc9d9-ddb5-4fa4-a97d-d965ccfc6d4b" outcome="Passed" testListId="8c84fa94-04c1-424b-9868-57a2d4851a1d" relativeResultsDirectory="a21c5f23-b3ed-4476-b0d6-097ce2cd01a2" />
    <UnitTestResult executionId="0a752540-4e7b-4d33-b544-978046f6b3e4" testId="20bb65eb-1990-f346-b4df-bcadf313c09d" testName="Equality_NotEqual_DifferentPropertyTest" computerName="DKSR-EFI-04" duration="00:00:00.0001838" startTime="2023-12-22T09:33:39.2250328+01:00" endTime="2023-12-22T09:33:39.2250328+01:00" testType="13cdc9d9-ddb5-4fa4-a97d-d965ccfc6d4b" outcome="Passed" testListId="8c84fa94-04c1-424b-9868-57a2d4851a1d" relativeResultsDirectory="0a752540-4e7b-4d33-b544-978046f6b3e4" />
    <UnitTestResult executionId="398d27d2-3d3c-40da-9221-b176d33dc99c" testId="6fb74ec5-2016-803e-6002-9db1a1b3dd9a" testName="Convert_MultipleWarnings" computerName="DKSR-EFI-04" duration="00:00:00.0004846" startTime="2023-12-22T09:33:34.2718814+01:00" endTime="2023-12-22T09:33:34.2718814+01:00" testType="13cdc9d9-ddb5-4fa4-a97d-d965ccfc6d4b" outcome="Passed" testListId="8c84fa94-04c1-424b-9868-57a2d4851a1d" relativeResultsDirectory="398d27d2-3d3c-40da-9221-b176d33dc99c" />
    <UnitTestResult executionId="9167345b-fb8c-46b3-ba58-aaa4c3d25ac8" testId="2dfe4212-1e51-6a2f-eccf-e624c5e32703" testName="CurrentStatus_PostNavigatingTo_PreselectionTest" computerName="DKSR-EFI-04" duration="00:00:00.0002689" startTime="2023-12-22T09:33:36.3031432+01:00" endTime="2023-12-22T09:33:36.3031432+01:00" testType="13cdc9d9-ddb5-4fa4-a97d-d965ccfc6d4b" outcome="Passed" testListId="8c84fa94-04c1-424b-9868-57a2d4851a1d" relativeResultsDirectory="9167345b-fb8c-46b3-ba58-aaa4c3d25ac8" />
    <UnitTestResult executionId="aa046b02-f985-4fb9-9da3-8e3233c7faed" testId="f6504688-43e6-cf2a-0286-0f6252ca8e4d" testName="UpdateSelection_SelectSamePhysicalHardwareTest" computerName="DKSR-EFI-04" duration="00:00:00.0007215" startTime="2023-12-22T09:33:36.2250157+01:00" endTime="2023-12-22T09:33:36.2250157+01:00" testType="13cdc9d9-ddb5-4fa4-a97d-d965ccfc6d4b" outcome="Passed" testListId="8c84fa94-04c1-424b-9868-57a2d4851a1d" relativeResultsDirectory="aa046b02-f985-4fb9-9da3-8e3233c7faed" />
    <UnitTestResult executionId="583015fb-b1ce-4e22-93e9-b954a3e703b7" testId="00e19a17-84a2-27a5-5951-8ea1f3070b58" testName="Convert_NoWarnings" computerName="DKSR-EFI-04" duration="00:00:00.0014004" startTime="2023-12-22T09:33:34.2562571+01:00" endTime="2023-12-22T09:33:34.2562571+01:00" testType="13cdc9d9-ddb5-4fa4-a97d-d965ccfc6d4b" outcome="Passed" testListId="8c84fa94-04c1-424b-9868-57a2d4851a1d" relativeResultsDirectory="583015fb-b1ce-4e22-93e9-b954a3e703b7" />
    <UnitTestResult executionId="79205729-00ec-421c-8550-cb366ca83bab" testId="c664c30c-04ae-c818-4204-fa5b0fcd7551" testName="UpdateSelection_Garbage_InvalidTypeTest" computerName="DKSR-EFI-04" duration="00:00:00.0012739" startTime="2023-12-22T09:33:36.2093910+01:00" endTime="2023-12-22T09:33:36.2250157+01:00" testType="13cdc9d9-ddb5-4fa4-a97d-d965ccfc6d4b" outcome="Passed" testListId="8c84fa94-04c1-424b-9868-57a2d4851a1d" relativeResultsDirectory="79205729-00ec-421c-8550-cb366ca83bab" />
    <UnitTestResult executionId="e5d09cb9-22ae-45f6-8797-1bfb1c461b83" testId="21ccf45e-8128-2e3d-c2bb-20e9611e8def" testName="PreviousCommand_CommandInvalidated_PageStatusChanged_BusyToValidTest" computerName="DKSR-EFI-04" duration="00:00:00.0018576" startTime="2023-12-22T09:33:34.7875108+01:00" endTime="2023-12-22T09:33:34.7875108+01:00" testType="13cdc9d9-ddb5-4fa4-a97d-d965ccfc6d4b" outcome="Passed" testListId="8c84fa94-04c1-424b-9868-57a2d4851a1d" relativeResultsDirectory="e5d09cb9-22ae-45f6-8797-1bfb1c461b83">
      <Output>
        <StdOut>Debug Trace:&#xD;
Wizard : Locked navigation on thread : 14&#xD;
Wizard : Navigating to page 0 on thread 14&#xD;
Wizard : Completed navigation to page 0 on thread 17&#xD;
Wizard : Released lock navigation on thread : 17&#xD;
Wizard : Locked navigation on thread : 14&#xD;
Wizard : Navigating to page 1 on thread 14&#xD;
Wizard : Completed navigation to page 1 on thread 18&#xD;
Wizard : Released lock navigation on thread : 18</StdOut>
      </Output>
    </UnitTestResult>
    <UnitTestResult executionId="1ecff68e-ca88-4f5e-b5a2-d18a8c2706c5" testId="e08afc34-cf78-fee8-d6e6-65fa0ef12d40" testName="SortBaseCommon_Equality_Object_NullTest" computerName="DKSR-EFI-04" duration="00:00:00.0003452" startTime="2023-12-22T09:33:39.1781560+01:00" endTime="2023-12-22T09:33:39.1781560+01:00" testType="13cdc9d9-ddb5-4fa4-a97d-d965ccfc6d4b" outcome="Passed" testListId="8c84fa94-04c1-424b-9868-57a2d4851a1d" relativeResultsDirectory="1ecff68e-ca88-4f5e-b5a2-d18a8c2706c5" />
    <UnitTestResult executionId="10c4153e-4662-42e5-ab10-2db3deff7eaa" testId="c53dea0a-9e9a-1893-c261-9cab4c7c3dae" testName="NavigatingTo_PreSelection_UnknownRecorderInDataTest" computerName="DKSR-EFI-04" duration="00:00:00.0005277" startTime="2023-12-22T09:33:33.4437517+01:00" endTime="2023-12-22T09:33:33.4437517+01:00" testType="13cdc9d9-ddb5-4fa4-a97d-d965ccfc6d4b" outcome="Passed" testListId="8c84fa94-04c1-424b-9868-57a2d4851a1d" relativeResultsDirectory="10c4153e-4662-42e5-ab10-2db3deff7eaa" />
    <UnitTestResult executionId="5fba0015-067a-49d0-83d5-57a97b4a743d" testId="13235a76-a8d4-67fb-f05f-0652b5b067ff" testName="Convert_Starting_NewLines_Ignored" computerName="DKSR-EFI-04" duration="00:00:00.0001804" startTime="2023-12-22T09:33:36.4437675+01:00" endTime="2023-12-22T09:33:36.4437675+01:00" testType="13cdc9d9-ddb5-4fa4-a97d-d965ccfc6d4b" outcome="Passed" testListId="8c84fa94-04c1-424b-9868-57a2d4851a1d" relativeResultsDirectory="5fba0015-067a-49d0-83d5-57a97b4a743d" />
    <UnitTestResult executionId="f0e70655-3a83-4da1-8bb2-be070bf04014" testId="633658f7-c0fd-a8b8-e0ff-2f63f1f3cc65" testName="PreviousCommand_CanExecute_FirstPageTest" computerName="DKSR-EFI-04" duration="00:00:00.0004582" startTime="2023-12-22T09:33:34.7250100+01:00" endTime="2023-12-22T09:33:34.7250100+01:00" testType="13cdc9d9-ddb5-4fa4-a97d-d965ccfc6d4b" outcome="Passed" testListId="8c84fa94-04c1-424b-9868-57a2d4851a1d" relativeResultsDirectory="f0e70655-3a83-4da1-8bb2-be070bf04014">
      <Output>
        <StdOut>Debug Trace:&#xD;
Wizard : Locked navigation on thread : 14&#xD;
Wizard : Navigating to page 0 on thread 14&#xD;
Wizard : Completed navigation to page 0 on thread 16&#xD;
Wizard : Released lock navigation on thread : 16</StdOut>
      </Output>
    </UnitTestResult>
    <UnitTestResult executionId="4536b906-2bb7-4008-afa6-f790eadabc54" testId="27640dd7-cec7-e8a0-420e-6a7df2a9f742" testName="Convert_Null_Input_Throws_ArgumentNullException" computerName="DKSR-EFI-04" duration="00:00:00.0075568" startTime="2023-12-22T09:33:36.4281435+01:00" endTime="2023-12-22T09:33:36.4281435+01:00" testType="13cdc9d9-ddb5-4fa4-a97d-d965ccfc6d4b" outcome="Passed" testListId="8c84fa94-04c1-424b-9868-57a2d4851a1d" relativeResultsDirectory="4536b906-2bb7-4008-afa6-f790eadabc54">
      <Output>
        <StdOut>Debug Trace:&#xD;
Fail: Argument null</StdOut>
      </Output>
    </UnitTestResult>
    <UnitTestResult executionId="437dc785-0bc6-49d3-b51e-b7378287493a" testId="39323088-5eaa-ae83-0beb-2f63933109a7" testName="Convert_ArgumentNullException" computerName="DKSR-EFI-04" duration="00:00:00.0062542" startTime="2023-12-22T09:33:32.3968726+01:00" endTime="2023-12-22T09:33:32.4124984+01:00" testType="13cdc9d9-ddb5-4fa4-a97d-d965ccfc6d4b" outcome="Passed" testListId="8c84fa94-04c1-424b-9868-57a2d4851a1d" relativeResultsDirectory="437dc785-0bc6-49d3-b51e-b7378287493a" />
    <UnitTestResult executionId="8bd5ec3c-afc1-476b-ad57-1bccd672cdb7" testId="60272d89-6b4a-f3ea-4b7d-90929143f6d5" testName="Initialize_NavigationCallbacks_InitialNavigationTest" computerName="DKSR-EFI-04" duration="00:00:00.0202726" startTime="2023-12-22T09:33:34.3812570+01:00" endTime="2023-12-22T09:33:34.3968820+01:00" testType="13cdc9d9-ddb5-4fa4-a97d-d965ccfc6d4b" outcome="Passed" testListId="8c84fa94-04c1-424b-9868-57a2d4851a1d" relativeResultsDirectory="8bd5ec3c-afc1-476b-ad57-1bccd672cdb7">
      <Output>
        <StdOut>Debug Trace:&#xD;
Wizard : Locked navigation on thread : 14&#xD;
Wizard : Navigating to page 0 on thread 14&#xD;
Wizard : Completed navigation to page 0 on thread 19&#xD;
Wizard : Released lock navigation on thread : 19</StdOut>
      </Output>
    </UnitTestResult>
    <UnitTestResult executionId="9ab89039-9b30-4a27-9ce9-3caec7b0a5da" testId="2ac7088b-aae0-ffc5-163d-fd81acc19408" testName="NavigatingTo_Selection_HardwareSelectionFromHandlerTest" computerName="DKSR-EFI-04" duration="00:00:00.0051360" startTime="2023-12-22T09:33:33.4906283+01:00" endTime="2023-12-22T09:33:33.4906283+01:00" testType="13cdc9d9-ddb5-4fa4-a97d-d965ccfc6d4b" outcome="Passed" testListId="8c84fa94-04c1-424b-9868-57a2d4851a1d" relativeResultsDirectory="9ab89039-9b30-4a27-9ce9-3caec7b0a5da" />
    <UnitTestResult executionId="985446dc-a3c6-4f15-a250-b548978de860" testId="94fe0f66-34bb-5758-3095-5179fe115116" testName="ThresholdSliderViewModel_InvalidInput3" computerName="DKSR-EFI-04" duration="00:00:00.0024220" startTime="2023-12-22T09:33:37.8344009+01:00" endTime="2023-12-22T09:33:37.8344009+01:00" testType="13cdc9d9-ddb5-4fa4-a97d-d965ccfc6d4b" outcome="Passed" testListId="8c84fa94-04c1-424b-9868-57a2d4851a1d" relativeResultsDirectory="985446dc-a3c6-4f15-a250-b548978de860" />
    <UnitTestResult executionId="2edc458e-673d-4d20-b91d-d9620b9e89eb" testId="27f37032-be8c-42b9-79f8-c52edc12b636" testName="Constructor_HandlerNullTest" computerName="DKSR-EFI-04" duration="00:00:00.1137882" startTime="2023-12-22T09:33:32.8656266+01:00" endTime="2023-12-22T09:33:32.9750019+01:00" testType="13cdc9d9-ddb5-4fa4-a97d-d965ccfc6d4b" outcome="Passed" testListId="8c84fa94-04c1-424b-9868-57a2d4851a1d" relativeResultsDirectory="2edc458e-673d-4d20-b91d-d9620b9e89eb" />
    <UnitTestResult executionId="5a19badc-673e-4958-ac8b-1b8c7b243000" testId="8c12d516-213b-dfde-f45d-95d82a29988d" testName="Convert_Error_ValuesNullTest" computerName="DKSR-EFI-04" duration="00:00:00.0006009" startTime="2023-12-22T09:33:34.1312584+01:00" endTime="2023-12-22T09:33:34.1312584+01:00" testType="13cdc9d9-ddb5-4fa4-a97d-d965ccfc6d4b" outcome="Passed" testListId="8c84fa94-04c1-424b-9868-57a2d4851a1d" relativeResultsDirectory="5a19badc-673e-4958-ac8b-1b8c7b243000" />
    <UnitTestResult executionId="084cb39c-2b17-4387-a39a-564680449c2a" testId="9aabab72-fa35-138c-a590-deefe9ba6d9b" testName="CalcuateNewColumnWidths_Relative_Width" computerName="DKSR-EFI-04" duration="00:00:00.0006448" startTime="2023-12-22T09:33:37.9906517+01:00" endTime="2023-12-22T09:33:37.9906517+01:00" testType="13cdc9d9-ddb5-4fa4-a97d-d965ccfc6d4b" outcome="Passed" testListId="8c84fa94-04c1-424b-9868-57a2d4851a1d" relativeResultsDirectory="084cb39c-2b17-4387-a39a-564680449c2a" />
    <UnitTestResult executionId="57e2b91a-6713-4e40-8d47-313da5b02e00" testId="fd01aab9-ca48-8b05-e70a-644ec60e2c34" testName="HandledVmoAccessTests_PermissionCheckerHasPermissionReturnsTrueIfPermissionGiven" computerName="DKSR-EFI-04" duration="00:00:00.1664926" startTime="2023-12-22T09:33:36.8812711+01:00" endTime="2023-12-22T09:33:37.0531454+01:00" testType="13cdc9d9-ddb5-4fa4-a97d-d965ccfc6d4b" outcome="Passed" testListId="8c84fa94-04c1-424b-9868-57a2d4851a1d" relativeResultsDirectory="57e2b91a-6713-4e40-8d47-313da5b02e00" />
    <UnitTestResult executionId="11a2f43e-005b-437f-9410-18412b1e9f5a" testId="9352c0ce-e0c0-7e74-5814-1b44dcb4edf3" testName="SortBaseCommon_IsEquivalentOf_SortDescriptionCollection_NullTest" computerName="DKSR-EFI-04" duration="00:00:00.0013551" startTime="2023-12-22T09:33:39.3031575+01:00" endTime="2023-12-22T09:33:39.3187807+01:00" testType="13cdc9d9-ddb5-4fa4-a97d-d965ccfc6d4b" outcome="Passed" testListId="8c84fa94-04c1-424b-9868-57a2d4851a1d" relativeResultsDirectory="11a2f43e-005b-437f-9410-18412b1e9f5a" />
    <UnitTestResult executionId="e05ba9b3-9d59-40e7-b055-21578e049306" testId="0173d619-bc73-8a1f-8d91-c6c70807bf53" testName="SortBaseCommon_Reverse_ReverseIsNotSameTest" computerName="DKSR-EFI-04" duration="00:00:00.0000107" startTime="2023-12-22T09:33:39.2719089+01:00" endTime="2023-12-22T09:33:39.2719089+01:00" testType="13cdc9d9-ddb5-4fa4-a97d-d965ccfc6d4b" outcome="Passed" testListId="8c84fa94-04c1-424b-9868-57a2d4851a1d" relativeResultsDirectory="e05ba9b3-9d59-40e7-b055-21578e049306" />
    <UnitTestResult executionId="a802ab70-d52e-4b62-b0bd-cd817a1f0258" testId="16d85b62-693e-78e6-6445-152d2a3ccb8f" testName="AuthorizeThread_Constructor_NullConnectionManager_Throws_ArgumentNullException" computerName="DKSR-EFI-04" duration="00:00:00.0306937" startTime="2023-12-22T09:33:39.3969071+01:00" endTime="2023-12-22T09:33:39.4281576+01:00" testType="13cdc9d9-ddb5-4fa4-a97d-d965ccfc6d4b" outcome="Passed" testListId="8c84fa94-04c1-424b-9868-57a2d4851a1d" relativeResultsDirectory="a802ab70-d52e-4b62-b0bd-cd817a1f0258" />
    <UnitTestResult executionId="8c9d9b8a-addf-44bc-90ef-6243d692816f" testId="6f86a4ab-3f29-fac5-84b1-39223aab673f" testName="SortBaseCommon_Equality_Object_SameInstanceTest" computerName="DKSR-EFI-04" duration="00:00:00.0000063" startTime="2023-12-22T09:33:39.2719089+01:00" endTime="2023-12-22T09:33:39.2719089+01:00" testType="13cdc9d9-ddb5-4fa4-a97d-d965ccfc6d4b" outcome="Passed" testListId="8c84fa94-04c1-424b-9868-57a2d4851a1d" relativeResultsDirectory="8c9d9b8a-addf-44bc-90ef-6243d692816f" />
    <UnitTestResult executionId="f1945971-a3b7-455f-8f12-bc41147fe829" testId="3bf964e8-c5a6-3fe1-f316-c11f44c28a62" testName="UpdateSelection_PreSelectSamePhysicalHardwareTest" computerName="DKSR-EFI-04" duration="00:00:00.0004910" startTime="2023-12-22T09:33:36.2406408+01:00" endTime="2023-12-22T09:33:36.2406408+01:00" testType="13cdc9d9-ddb5-4fa4-a97d-d965ccfc6d4b" outcome="Passed" testListId="8c84fa94-04c1-424b-9868-57a2d4851a1d" relativeResultsDirectory="f1945971-a3b7-455f-8f12-bc41147fe829" />
    <UnitTestResult executionId="c95406c9-acc3-4a92-9dcc-db9a2655ed0c" testId="99a311e0-229d-97f1-d454-776a4dfcc863" testName="NavigatingTo_PartialSuccessfulChange_OperationsStatusMixed" computerName="DKSR-EFI-04" duration="00:00:00.1626987" startTime="2023-12-22T09:33:35.5531371+01:00" endTime="2023-12-22T09:33:35.7250144+01:00" testType="13cdc9d9-ddb5-4fa4-a97d-d965ccfc6d4b" outcome="Passed" testListId="8c84fa94-04c1-424b-9868-57a2d4851a1d" relativeResultsDirectory="c95406c9-acc3-4a92-9dcc-db9a2655ed0c">
      <Output>
        <StdOut>Debug Trace:&#xD;
CALL SYNCHRONIZER [17]: Run() called on thread 25&#xD;
CALL SYNCHRONIZER [17]: Waiting for event on thread 25&#xD;
CALL SYNCHRONIZER [17]: Event received, exiting on thread 25&#xD;
WARNIG : Progress notification received after result has been set&#xD;
WARNIG : Progress notification received after result has been set</StdOut>
      </Output>
    </UnitTestResult>
    <UnitTestResult executionId="78a464a4-f046-4c88-9d66-276e4ce56217" testId="1a954e8b-825e-3cc7-8516-31b60fcf13fc" testName="Validate_WithPasswordManualEntry_RequiresUppercase_Fails" computerName="DKSR-EFI-04" duration="00:00:00.0006965" startTime="2023-12-22T09:33:36.0531393+01:00" endTime="2023-12-22T09:33:36.0531393+01:00" testType="13cdc9d9-ddb5-4fa4-a97d-d965ccfc6d4b" outcome="Passed" testListId="8c84fa94-04c1-424b-9868-57a2d4851a1d" relativeResultsDirectory="78a464a4-f046-4c88-9d66-276e4ce56217" />
    <UnitTestResult executionId="d3c8fe33-a384-49bc-83e7-7fe66a2c240e" testId="2789ec05-be64-004c-8e43-30742f48eca7" testName="NavigatingTo_NoChecksFail_NoHardwareSelected_NavigationCancelled" computerName="DKSR-EFI-04" duration="00:00:00.0003052" startTime="2023-12-22T09:33:36.3343927+01:00" endTime="2023-12-22T09:33:36.3343927+01:00" testType="13cdc9d9-ddb5-4fa4-a97d-d965ccfc6d4b" outcome="Passed" testListId="8c84fa94-04c1-424b-9868-57a2d4851a1d" relativeResultsDirectory="d3c8fe33-a384-49bc-83e7-7fe66a2c240e" />
    <UnitTestResult executionId="6ee747c9-841c-41c3-a382-7e110af3d9b6" testId="9d96775e-f84e-90a2-a5d3-3d73e9871cfa" testName="NavigatingAway_EmptySelectionTest" computerName="DKSR-EFI-04" duration="00:00:00.0003219" startTime="2023-12-22T09:33:33.3968788+01:00" endTime="2023-12-22T09:33:33.3968788+01:00" testType="13cdc9d9-ddb5-4fa4-a97d-d965ccfc6d4b" outcome="Passed" testListId="8c84fa94-04c1-424b-9868-57a2d4851a1d" relativeResultsDirectory="6ee747c9-841c-41c3-a382-7e110af3d9b6" />
    <UnitTestResult executionId="c836c6f8-c961-4fb3-8d01-4f475d0ce6c6" testId="24552ad2-e7f5-eee6-01a8-24b309fa6f3a" testName="PreviousCommand_CanExecute_PageBusyTest" computerName="DKSR-EFI-04" duration="00:00:00.0006880" startTime="2023-12-22T09:33:34.7250100+01:00" endTime="2023-12-22T09:33:34.7250100+01:00" testType="13cdc9d9-ddb5-4fa4-a97d-d965ccfc6d4b" outcome="Passed" testListId="8c84fa94-04c1-424b-9868-57a2d4851a1d" relativeResultsDirectory="c836c6f8-c961-4fb3-8d01-4f475d0ce6c6">
      <Output>
        <StdOut>Debug Trace:&#xD;
Wizard : Locked navigation on thread : 14&#xD;
Wizard : Navigating to page 0 on thread 14&#xD;
Wizard : Completed navigation to page 0 on thread 19&#xD;
Wizard : Released lock navigation on thread : 19&#xD;
Wizard : Locked navigation on thread : 14&#xD;
Wizard : Navigating to page 1 on thread 14&#xD;
Wizard : Completed navigation to page 1 on thread 16&#xD;
Wizard : Released lock navigation on thread : 16</StdOut>
      </Output>
    </UnitTestResult>
    <UnitTestResult executionId="9285ba22-f266-4181-9efb-eb704616628e" testId="cbc00693-3018-a563-8a89-a8dbeba3cf5d" testName="Convert_Negative_DaysTest" computerName="DKSR-EFI-04" duration="00:00:00.0002810" startTime="2023-12-22T09:33:34.0843807+01:00" endTime="2023-12-22T09:33:34.0843807+01:00" testType="13cdc9d9-ddb5-4fa4-a97d-d965ccfc6d4b" outcome="Passed" testListId="8c84fa94-04c1-424b-9868-57a2d4851a1d" relativeResultsDirectory="9285ba22-f266-4181-9efb-eb704616628e" />
    <UnitTestResult executionId="8f1225a3-5ef9-4438-8120-488c487e18e9" testId="40f49818-b350-9a60-17f9-9b1f78426319" testName="Validate_WithPasswordManualEntry_RequiresLowercase_Succeeds" computerName="DKSR-EFI-04" duration="00:00:00.0004255" startTime="2023-12-22T09:33:36.0531393+01:00" endTime="2023-12-22T09:33:36.0531393+01:00" testType="13cdc9d9-ddb5-4fa4-a97d-d965ccfc6d4b" outcome="Passed" testListId="8c84fa94-04c1-424b-9868-57a2d4851a1d" relativeResultsDirectory="8f1225a3-5ef9-4438-8120-488c487e18e9" />
    <UnitTestResult executionId="ea3c0911-edea-4a6e-aa34-34e872d03a64" testId="5db63c4b-a10a-08fd-05f5-ae6a25d1140f" testName="Convert_AvailableOnly_UsageNegativeTest" computerName="DKSR-EFI-04" duration="00:00:00.0002865" startTime="2023-12-22T09:33:34.1625074+01:00" endTime="2023-12-22T09:33:34.1625074+01:00" testType="13cdc9d9-ddb5-4fa4-a97d-d965ccfc6d4b" outcome="Passed" testListId="8c84fa94-04c1-424b-9868-57a2d4851a1d" relativeResultsDirectory="ea3c0911-edea-4a6e-aa34-34e872d03a64" />
    <UnitTestResult executionId="535107e4-be07-4ece-93e6-ef98fb28f276" testId="8bf5cd2b-918b-16c2-3490-1c7a3c7de97d" testName="Convert_Error_ValuesTooLongTest" computerName="DKSR-EFI-04" duration="00:00:00.0006789" startTime="2023-12-22T09:33:34.1937584+01:00" endTime="2023-12-22T09:33:34.1937584+01:00" testType="13cdc9d9-ddb5-4fa4-a97d-d965ccfc6d4b" outcome="Passed" testListId="8c84fa94-04c1-424b-9868-57a2d4851a1d" relativeResultsDirectory="535107e4-be07-4ece-93e6-ef98fb28f276" />
    <UnitTestResult executionId="0554d1c2-47a4-4180-8d42-05ea71ea610d" testId="52eab072-1281-72ef-fa66-ec31a988ceb6" testName="ConvertNonMatchingType" computerName="DKSR-EFI-04" duration="00:00:00.0006892" startTime="2023-12-22T09:33:39.3656574+01:00" endTime="2023-12-22T09:33:39.3656574+01:00" testType="13cdc9d9-ddb5-4fa4-a97d-d965ccfc6d4b" outcome="Passed" testListId="8c84fa94-04c1-424b-9868-57a2d4851a1d" relativeResultsDirectory="0554d1c2-47a4-4180-8d42-05ea71ea610d" />
    <UnitTestResult executionId="175abdd8-a4fb-40a0-bb96-44f6ade648d9" testId="b28ebd74-9e5e-9457-1489-0726ed5ffe38" testName="Convert_OneWarning" computerName="DKSR-EFI-04" duration="00:00:00.0010810" startTime="2023-12-22T09:33:32.6468763+01:00" endTime="2023-12-22T09:33:32.6468763+01:00" testType="13cdc9d9-ddb5-4fa4-a97d-d965ccfc6d4b" outcome="Passed" testListId="8c84fa94-04c1-424b-9868-57a2d4851a1d" relativeResultsDirectory="175abdd8-a4fb-40a0-bb96-44f6ade648d9" />
    <UnitTestResult executionId="50ea199c-6c8d-4e6b-8bc6-c189daf89dc5" testId="4f56dce6-c6b2-22c3-8efb-65130162e748" testName="Constructor_NullFallbackPropertyTest" computerName="DKSR-EFI-04" duration="00:00:00.0004914" startTime="2023-12-22T09:33:39.2406572+01:00" endTime="2023-12-22T09:33:39.2406572+01:00" testType="13cdc9d9-ddb5-4fa4-a97d-d965ccfc6d4b" outcome="Passed" testListId="8c84fa94-04c1-424b-9868-57a2d4851a1d" relativeResultsDirectory="50ea199c-6c8d-4e6b-8bc6-c189daf89dc5" />
    <UnitTestResult executionId="2e506531-6ca4-4264-89c2-a21ffb1df931" testId="256150e6-7cc4-aaf6-f835-c3ad5b350990" testName="NavigatingTo_ExceptionHandling_ChangeHardwarePasswordException_PreselectedThrowsTest" computerName="DKSR-EFI-04" duration="00:00:00.0017099" startTime="2023-12-22T09:33:36.1625164+01:00" endTime="2023-12-22T09:33:36.1625164+01:00" testType="13cdc9d9-ddb5-4fa4-a97d-d965ccfc6d4b" outcome="Passed" testListId="8c84fa94-04c1-424b-9868-57a2d4851a1d" relativeResultsDirectory="2e506531-6ca4-4264-89c2-a21ffb1df931" />
    <UnitTestResult executionId="a7d5bc5d-aad0-4ae1-91bd-95a0a8bcb3ce" testId="c3184295-42a7-66b5-0825-d2f93113dc23" testName="Validate_WithPasswordManualEntry_WrongConfirmationPassword" computerName="DKSR-EFI-04" duration="00:00:00.0003052" startTime="2023-12-22T09:33:36.0062661+01:00" endTime="2023-12-22T09:33:36.0062661+01:00" testType="13cdc9d9-ddb5-4fa4-a97d-d965ccfc6d4b" outcome="Passed" testListId="8c84fa94-04c1-424b-9868-57a2d4851a1d" relativeResultsDirectory="a7d5bc5d-aad0-4ae1-91bd-95a0a8bcb3ce" />
    <UnitTestResult executionId="be698c01-96c7-45ff-b7fe-87ad0dcb8ab4" testId="8e41a221-2626-a03a-65f8-673f2fc4210e" testName="Constructor_HardwareSelectionNullTest" computerName="DKSR-EFI-04" duration="00:00:00.0003223" startTime="2023-12-22T09:33:36.3656438+01:00" endTime="2023-12-22T09:33:36.3656438+01:00" testType="13cdc9d9-ddb5-4fa4-a97d-d965ccfc6d4b" outcome="Passed" testListId="8c84fa94-04c1-424b-9868-57a2d4851a1d" relativeResultsDirectory="be698c01-96c7-45ff-b7fe-87ad0dcb8ab4" />
    <UnitTestResult executionId="c62e6d54-76a7-4412-b68a-f578e3027ea0" testId="02075e43-4828-bcaa-7b84-76aedd69c27f" testName="Constructor_WhitespacePropertyTest" computerName="DKSR-EFI-04" duration="00:00:00.0005022" startTime="2023-12-22T09:33:39.2406572+01:00" endTime="2023-12-22T09:33:39.2406572+01:00" testType="13cdc9d9-ddb5-4fa4-a97d-d965ccfc6d4b" outcome="Passed" testListId="8c84fa94-04c1-424b-9868-57a2d4851a1d" relativeResultsDirectory="c62e6d54-76a7-4412-b68a-f578e3027ea0" />
    <UnitTestResult executionId="ac691644-046c-496f-b853-1d08beccf309" testId="df2bad3a-56ae-838b-0da5-cb49bb8547a9" testName="NullObjectConvertsToFalse" computerName="DKSR-EFI-04" duration="00:00:00.0002487" startTime="2023-12-22T09:33:42.7406755+01:00" endTime="2023-12-22T09:33:42.7406755+01:00" testType="13cdc9d9-ddb5-4fa4-a97d-d965ccfc6d4b" outcome="Passed" testListId="8c84fa94-04c1-424b-9868-57a2d4851a1d" relativeResultsDirectory="ac691644-046c-496f-b853-1d08beccf309" />
    <UnitTestResult executionId="7702507d-b097-4d26-b160-504734ee1fed" testId="36cfdd09-2c70-3b5c-1110-4438792c1a1a" testName="VmoAccess_SuppressedExceptionNotInList_PopupIsDisplayedOnException" computerName="DKSR-EFI-04" duration="00:00:00.1179729" startTime="2023-12-22T09:33:36.7406440+01:00" endTime="2023-12-22T09:33:36.8656434+01:00" testType="13cdc9d9-ddb5-4fa4-a97d-d965ccfc6d4b" outcome="Passed" testListId="8c84fa94-04c1-424b-9868-57a2d4851a1d" relativeResultsDirectory="7702507d-b097-4d26-b160-504734ee1fed" />
    <UnitTestResult executionId="dbaea742-778a-4da5-b122-8aa34b7603c1" testId="a31b0106-6089-033a-915d-3ed2fd2d699b" testName="NextCommand_NavigationCallbacks_DestinationTest" computerName="DKSR-EFI-04" duration="00:00:00.0054605" startTime="2023-12-22T09:33:34.6937597+01:00" endTime="2023-12-22T09:33:34.6937597+01:00" testType="13cdc9d9-ddb5-4fa4-a97d-d965ccfc6d4b" outcome="Passed" testListId="8c84fa94-04c1-424b-9868-57a2d4851a1d" relativeResultsDirectory="dbaea742-778a-4da5-b122-8aa34b7603c1">
      <Output>
        <StdOut>Debug Trace:&#xD;
Wizard : Locked navigation on thread : 14&#xD;
Wizard : Navigating to page 0 on thread 14&#xD;
Wizard : Completed navigation to page 0 on thread 9&#xD;
Wizard : Released lock navigation on thread : 9&#xD;
Wizard : Locked navigation on thread : 14&#xD;
Wizard : Navigating to page 1 on thread 14&#xD;
Wizard : Completed navigation to page 1 on thread 19&#xD;
Wizard : Released lock navigation on thread : 19</StdOut>
      </Output>
    </UnitTestResult>
    <UnitTestResult executionId="9f8414e7-904d-4e71-bee0-8d93665559a8" testId="015c009d-a1ab-5548-9cab-ca192818ed74" testName="NextCommand_CommandInvalidated_PageStatusChanged_ValidToInvalidTest" computerName="DKSR-EFI-04" duration="00:00:00.0034735" startTime="2023-12-22T09:33:34.6781339+01:00" endTime="2023-12-22T09:33:34.6781339+01:00" testType="13cdc9d9-ddb5-4fa4-a97d-d965ccfc6d4b" outcome="Passed" testListId="8c84fa94-04c1-424b-9868-57a2d4851a1d" relativeResultsDirectory="9f8414e7-904d-4e71-bee0-8d93665559a8">
      <Output>
        <StdOut>Debug Trace:&#xD;
Wizard : Locked navigation on thread : 14&#xD;
Wizard : Navigating to page 0 on thread 14&#xD;
Wizard : Completed navigation to page 0 on thread 17&#xD;
Wizard : Released lock navigation on thread : 17&#xD;
Wizard : Locked navigation on thread : 14&#xD;
Wizard : Navigating to page 1 on thread 14&#xD;
Wizard : Completed navigation to page 1 on thread 18&#xD;
Wizard : Released lock navigation on thread : 18</StdOut>
      </Output>
    </UnitTestResult>
    <UnitTestResult executionId="f05848db-c0dc-4548-a978-30224dc08ac1" testId="83b8fb31-7586-504e-9589-78c8798e602b" testName="UpdateSelection_PreSelectSamePhysicalHardwareWithDifferentUserLoginTest" computerName="DKSR-EFI-04" duration="00:00:00.0004490" startTime="2023-12-22T09:33:36.2406408+01:00" endTime="2023-12-22T09:33:36.2406408+01:00" testType="13cdc9d9-ddb5-4fa4-a97d-d965ccfc6d4b" outcome="Passed" testListId="8c84fa94-04c1-424b-9868-57a2d4851a1d" relativeResultsDirectory="f05848db-c0dc-4548-a978-30224dc08ac1" />
    <UnitTestResult executionId="e6b4b519-8b14-480d-9ecb-4b87d11966ce" testId="23f93523-d225-e603-18e7-638622ea4afd" testName="AllHardwareSelected_Set_FalseTest" computerName="DKSR-EFI-04" duration="00:00:00.0002613" startTime="2023-12-22T09:33:33.5687554+01:00" endTime="2023-12-22T09:33:33.5687554+01:00" testType="13cdc9d9-ddb5-4fa4-a97d-d965ccfc6d4b" outcome="Passed" testListId="8c84fa94-04c1-424b-9868-57a2d4851a1d" relativeResultsDirectory="e6b4b519-8b14-480d-9ecb-4b87d11966ce" />
    <UnitTestResult executionId="b2156cc3-110e-4c5e-b118-7c0a2619f1ff" testId="26999113-1198-9909-f7e6-5ef0cd5248b1" testName="AllHardwareSelected_Event_FromAllSelectedTest" computerName="DKSR-EFI-04" duration="00:00:00.0007793" startTime="2023-12-22T09:33:33.6000047+01:00" endTime="2023-12-22T09:33:33.6000047+01:00" testType="13cdc9d9-ddb5-4fa4-a97d-d965ccfc6d4b" outcome="Passed" testListId="8c84fa94-04c1-424b-9868-57a2d4851a1d" relativeResultsDirectory="b2156cc3-110e-4c5e-b118-7c0a2619f1ff" />
    <UnitTestResult executionId="4a158b21-5ddb-4bd1-8d28-849a879660bc" testId="b66c9864-310c-dcd3-b224-50f7e9dd782e" testName="Convert_Multiline_Gives_First_Line" computerName="DKSR-EFI-04" duration="00:00:00.0001797" startTime="2023-12-22T09:33:36.4437675+01:00" endTime="2023-12-22T09:33:36.4437675+01:00" testType="13cdc9d9-ddb5-4fa4-a97d-d965ccfc6d4b" outcome="Passed" testListId="8c84fa94-04c1-424b-9868-57a2d4851a1d" relativeResultsDirectory="4a158b21-5ddb-4bd1-8d28-849a879660bc" />
    <UnitTestResult executionId="fadd58a9-021f-41b2-b41f-9d66b683ebe5" testId="33c3b0ae-1da4-45ae-a174-7e5667243621" testName="Equality_EqualInstancesTest" computerName="DKSR-EFI-04" duration="00:00:00.0001577" startTime="2023-12-22T09:33:39.2250328+01:00" endTime="2023-12-22T09:33:39.2250328+01:00" testType="13cdc9d9-ddb5-4fa4-a97d-d965ccfc6d4b" outcome="Passed" testListId="8c84fa94-04c1-424b-9868-57a2d4851a1d" relativeResultsDirectory="fadd58a9-021f-41b2-b41f-9d66b683ebe5" />
    <UnitTestResult executionId="8dd68148-466f-42de-9561-e7a3de6db95f" testId="610e2e13-cb2e-f497-7790-aa014fdc1cfe" testName="ConvertBack_InvalidOperationException" computerName="DKSR-EFI-04" duration="00:00:00.0006811" startTime="2023-12-22T09:33:36.4593932+01:00" endTime="2023-12-22T09:33:36.4593932+01:00" testType="13cdc9d9-ddb5-4fa4-a97d-d965ccfc6d4b" outcome="Passed" testListId="8c84fa94-04c1-424b-9868-57a2d4851a1d" relativeResultsDirectory="8dd68148-466f-42de-9561-e7a3de6db95f" />
    <UnitTestResult executionId="729e3f92-c03e-4181-8371-1be2179d1132" testId="6f4e1424-2a6a-4549-8cdd-22ce6dad0352" testName="PreviousCommand_IsAvailable_FirstPageTest" computerName="DKSR-EFI-04" duration="00:00:00.0079818" startTime="2023-12-22T09:33:34.7562579+01:00" endTime="2023-12-22T09:33:34.7562579+01:00" testType="13cdc9d9-ddb5-4fa4-a97d-d965ccfc6d4b" outcome="Passed" testListId="8c84fa94-04c1-424b-9868-57a2d4851a1d" relativeResultsDirectory="729e3f92-c03e-4181-8371-1be2179d1132">
      <Output>
        <StdOut>Debug Trace:&#xD;
Wizard : Locked navigation on thread : 14&#xD;
Wizard : Navigating to page 0 on thread 14&#xD;
Wizard : Completed navigation to page 0 on thread 17</StdOut>
      </Output>
    </UnitTestResult>
    <UnitTestResult executionId="485154aa-f509-4308-8ce6-85b4157a9acb" testId="47036bbc-a6ea-5ffd-1bf1-0123489c2851" testName="AuthenticationTypes_EnabledDefaultValues_Success" computerName="DKSR-EFI-04" duration="00:00:00.0183028" startTime="2023-12-22T09:33:42.6469247+01:00" endTime="2023-12-22T09:33:42.6781751+01:00" testType="13cdc9d9-ddb5-4fa4-a97d-d965ccfc6d4b" outcome="Passed" testListId="8c84fa94-04c1-424b-9868-57a2d4851a1d" relativeResultsDirectory="485154aa-f509-4308-8ce6-85b4157a9acb" />
    <UnitTestResult executionId="67ca9546-4d7d-4742-a1f7-b7335fe7699c" testId="af6d329e-c0fe-8203-7f45-d4fc3a03cf6a" testName="Convert_Parameters_Value_InvalidTypeTest" computerName="DKSR-EFI-04" duration="00:00:00.0006124" startTime="2023-12-22T09:33:34.1000078+01:00" endTime="2023-12-22T09:33:34.1000078+01:00" testType="13cdc9d9-ddb5-4fa4-a97d-d965ccfc6d4b" outcome="Passed" testListId="8c84fa94-04c1-424b-9868-57a2d4851a1d" relativeResultsDirectory="67ca9546-4d7d-4742-a1f7-b7335fe7699c" />
    <UnitTestResult executionId="71f3d04a-e1b4-4f41-a7b7-952b4200b47c" testId="01027ca1-96f8-3e8b-2209-bee3b2d7bb74" testName="Convert_ArgumentNullException" computerName="DKSR-EFI-04" duration="00:00:00.0046352" startTime="2023-12-22T09:33:34.2406335+01:00" endTime="2023-12-22T09:33:34.2562571+01:00" testType="13cdc9d9-ddb5-4fa4-a97d-d965ccfc6d4b" outcome="Passed" testListId="8c84fa94-04c1-424b-9868-57a2d4851a1d" relativeResultsDirectory="71f3d04a-e1b4-4f41-a7b7-952b4200b47c">
      <Output>
        <StdOut>Debug Trace:&#xD;
Fail: Argument null</StdOut>
      </Output>
    </UnitTestResult>
    <UnitTestResult executionId="296d9fe2-0f26-422f-990f-39f71f193963" testId="051cea69-508d-00ec-49e7-f29a5b42f816" testName="Convert_ToValue_BothValidTest" computerName="DKSR-EFI-04" duration="00:00:00.0010003" startTime="2023-12-22T09:33:34.2095011+01:00" endTime="2023-12-22T09:33:34.2095011+01:00" testType="13cdc9d9-ddb5-4fa4-a97d-d965ccfc6d4b" outcome="Passed" testListId="8c84fa94-04c1-424b-9868-57a2d4851a1d" relativeResultsDirectory="296d9fe2-0f26-422f-990f-39f71f193963" />
    <UnitTestResult executionId="0a6bced6-e802-4975-9b40-55ad6a1bf90f" testId="449e5142-e2d4-1930-46ea-596d4d9d4839" testName="AllHardwareSelected_Event_NoEventIfValueDoesNotChangeTest" computerName="DKSR-EFI-04" duration="00:00:00.0006280" startTime="2023-12-22T09:33:33.6000047+01:00" endTime="2023-12-22T09:33:33.6000047+01:00" testType="13cdc9d9-ddb5-4fa4-a97d-d965ccfc6d4b" outcome="Passed" testListId="8c84fa94-04c1-424b-9868-57a2d4851a1d" relativeResultsDirectory="0a6bced6-e802-4975-9b40-55ad6a1bf90f" />
    <UnitTestResult executionId="cd0cac35-1de0-4538-91dd-1fe0f5f892b7" testId="9f74e58e-92da-ad41-186d-297c2df06763" testName="Convert_Empty_Input_Gives_Empty_Output" computerName="DKSR-EFI-04" duration="00:00:00.0001974" startTime="2023-12-22T09:33:34.3031324+01:00" endTime="2023-12-22T09:33:34.3031324+01:00" testType="13cdc9d9-ddb5-4fa4-a97d-d965ccfc6d4b" outcome="Passed" testListId="8c84fa94-04c1-424b-9868-57a2d4851a1d" relativeResultsDirectory="cd0cac35-1de0-4538-91dd-1fe0f5f892b7" />
    <UnitTestResult executionId="b3e2511a-747a-476d-9caa-d0738735435c" testId="a403124d-1ca6-0f66-737b-ca70a0aa0ea6" testName="Convert_AllValues" computerName="DKSR-EFI-04" duration="00:00:00.0266858" startTime="2023-12-22T09:33:32.2718721+01:00" endTime="2023-12-22T09:33:32.3031229+01:00" testType="13cdc9d9-ddb5-4fa4-a97d-d965ccfc6d4b" outcome="Passed" testListId="8c84fa94-04c1-424b-9868-57a2d4851a1d" relativeResultsDirectory="b3e2511a-747a-476d-9caa-d0738735435c" />
    <UnitTestResult executionId="cb1f2981-f290-4b27-b046-8eb0c5a1b827" testId="f9c34574-035c-196e-b022-be5ff6427f51" testName="ThresholdUserControlReverseVisibilityConverter_Success" computerName="DKSR-EFI-04" duration="00:00:00.0006570" startTime="2023-12-22T09:33:37.9594005+01:00" endTime="2023-12-22T09:33:37.9594005+01:00" testType="13cdc9d9-ddb5-4fa4-a97d-d965ccfc6d4b" outcome="Passed" testListId="8c84fa94-04c1-424b-9868-57a2d4851a1d" relativeResultsDirectory="cb1f2981-f290-4b27-b046-8eb0c5a1b827" />
    <UnitTestResult executionId="582386b8-06b8-48d0-8b74-8849e9d704da" testId="d9063414-0021-3f3b-5db1-5a010c790427" testName="NonEmptyStringConvertsToCollapsed" computerName="DKSR-EFI-04" duration="00:00:00.0002472" startTime="2023-12-22T09:33:42.7250483+01:00" endTime="2023-12-22T09:33:42.7250483+01:00" testType="13cdc9d9-ddb5-4fa4-a97d-d965ccfc6d4b" outcome="Passed" testListId="8c84fa94-04c1-424b-9868-57a2d4851a1d" relativeResultsDirectory="582386b8-06b8-48d0-8b74-8849e9d704da" />
    <UnitTestResult executionId="19286d99-d5cf-4fd2-9195-38dab17a7b21" testId="c49a984d-853a-63f5-374b-23eb95c6ae33" testName="Convert_ToValue_UsageOnly_AvailableZeroTest" computerName="DKSR-EFI-04" duration="00:00:00.0003154" startTime="2023-12-22T09:33:34.1937584+01:00" endTime="2023-12-22T09:33:34.1937584+01:00" testType="13cdc9d9-ddb5-4fa4-a97d-d965ccfc6d4b" outcome="Passed" testListId="8c84fa94-04c1-424b-9868-57a2d4851a1d" relativeResultsDirectory="19286d99-d5cf-4fd2-9195-38dab17a7b21" />
    <UnitTestResult executionId="0d7f3643-f21a-4226-bf2d-5b6765b50e36" testId="3b910f72-e7f0-2f69-c0c5-a8d5c6d738e1" testName="NavigatingTo_Selection_FromData_UnavailableItemsTest" computerName="DKSR-EFI-04" duration="00:00:00.0006717" startTime="2023-12-22T09:33:36.1468959+01:00" endTime="2023-12-22T09:33:36.1468959+01:00" testType="13cdc9d9-ddb5-4fa4-a97d-d965ccfc6d4b" outcome="Passed" testListId="8c84fa94-04c1-424b-9868-57a2d4851a1d" relativeResultsDirectory="0d7f3643-f21a-4226-bf2d-5b6765b50e36" />
    <UnitTestResult executionId="baa9e9fd-b5cc-4a86-b372-484befbe1993" testId="d517a086-c0f5-24fc-bf36-9f287fa8b95a" testName="Convert_Parameters_TargetType_NullTest" computerName="DKSR-EFI-04" duration="00:00:00.0005658" startTime="2023-12-22T09:33:34.1156331+01:00" endTime="2023-12-22T09:33:34.1156331+01:00" testType="13cdc9d9-ddb5-4fa4-a97d-d965ccfc6d4b" outcome="Passed" testListId="8c84fa94-04c1-424b-9868-57a2d4851a1d" relativeResultsDirectory="baa9e9fd-b5cc-4a86-b372-484befbe1993" />
    <UnitTestResult executionId="5714ce13-59ac-4018-bee5-79f228945b02" testId="f82ffb2c-a404-9020-7b62-349ae13e5c75" testName="Convert_NoWarnings" computerName="DKSR-EFI-04" duration="00:00:00.0023696" startTime="2023-12-22T09:33:32.6468763+01:00" endTime="2023-12-22T09:33:32.6468763+01:00" testType="13cdc9d9-ddb5-4fa4-a97d-d965ccfc6d4b" outcome="Passed" testListId="8c84fa94-04c1-424b-9868-57a2d4851a1d" relativeResultsDirectory="5714ce13-59ac-4018-bee5-79f228945b02" />
    <UnitTestResult executionId="1048ec48-86a8-46f2-b976-eee071671418" testId="bfaf4ea9-080e-fec9-c4b8-9d1dcf4d86f9" testName="Convert_ToBool_UsageOnly_AvailableNegativeTest" computerName="DKSR-EFI-04" duration="00:00:00.0001892" startTime="2023-12-22T09:33:34.2250063+01:00" endTime="2023-12-22T09:33:34.2250063+01:00" testType="13cdc9d9-ddb5-4fa4-a97d-d965ccfc6d4b" outcome="Passed" testListId="8c84fa94-04c1-424b-9868-57a2d4851a1d" relativeResultsDirectory="1048ec48-86a8-46f2-b976-eee071671418" />
    <UnitTestResult executionId="b5d31f9b-be3b-41e3-973c-84ffaed863de" testId="4485be60-ebc5-da8f-c14b-a672ecf4195b" testName="State_Loading_NextCommand_SourcePageNavigatedAwayTest" computerName="DKSR-EFI-04" duration="00:00:00.0007171" startTime="2023-12-22T09:33:34.8343854+01:00" endTime="2023-12-22T09:33:34.8343854+01:00" testType="13cdc9d9-ddb5-4fa4-a97d-d965ccfc6d4b" outcome="Passed" testListId="8c84fa94-04c1-424b-9868-57a2d4851a1d" relativeResultsDirectory="b5d31f9b-be3b-41e3-973c-84ffaed863de">
      <Output>
        <StdOut>Debug Trace:&#xD;
Wizard : Locked navigation on thread : 14&#xD;
Wizard : Navigating to page 0 on thread 14&#xD;
Wizard : Completed navigation to page 0 on thread 17&#xD;
Wizard : Released lock navigation on thread : 17&#xD;
Wizard : Locked navigation on thread : 16&#xD;
Wizard : Navigating to page 1 on thread 16&#xD;
CALL SYNCHRONIZER [8]: Run() called on thread 16&#xD;
CALL SYNCHRONIZER [8]: Waiting for event on thread 16</StdOut>
      </Output>
    </UnitTestResult>
    <UnitTestResult executionId="5bae1b32-b2d1-44ac-b349-b7d3a68eef62" testId="4297edd0-ea25-2c93-5896-2a1a6adde731" testName="NavigatingTo_CheckPreselectedHardwareAvailable_False_NavigationNotCancelled" computerName="DKSR-EFI-04" duration="00:00:00.0006035" startTime="2023-12-22T09:33:32.6937511+01:00" endTime="2023-12-22T09:33:32.6937511+01:00" testType="13cdc9d9-ddb5-4fa4-a97d-d965ccfc6d4b" outcome="Passed" testListId="8c84fa94-04c1-424b-9868-57a2d4851a1d" relativeResultsDirectory="5bae1b32-b2d1-44ac-b349-b7d3a68eef62" />
    <UnitTestResult executionId="8aad13a8-e903-4ada-8fd2-1c0d94fb89f5" testId="8e71200d-df01-dada-6f36-750785024a6f" testName="HandledVmoAccessTests_PermissionCheckerHasPermissionReturnsFalseIfPermissionNotGiven" computerName="DKSR-EFI-04" duration="00:00:00.0014153" startTime="2023-12-22T09:33:37.0531454+01:00" endTime="2023-12-22T09:33:37.0531454+01:00" testType="13cdc9d9-ddb5-4fa4-a97d-d965ccfc6d4b" outcome="Passed" testListId="8c84fa94-04c1-424b-9868-57a2d4851a1d" relativeResultsDirectory="8aad13a8-e903-4ada-8fd2-1c0d94fb89f5" />
    <UnitTestResult executionId="4476ad40-9192-4253-bf61-148e4116b423" testId="1d64517e-5e9e-e387-c7c9-3472ba2a77ec" testName="MessageBoxImageExtensions_AsWinFormsMessageBoxIcon_All_Values_Supported" computerName="DKSR-EFI-04" duration="00:00:00.0020995" startTime="2023-12-22T09:33:42.6781751+01:00" endTime="2023-12-22T09:33:42.6937990+01:00" testType="13cdc9d9-ddb5-4fa4-a97d-d965ccfc6d4b" outcome="Passed" testListId="8c84fa94-04c1-424b-9868-57a2d4851a1d" relativeResultsDirectory="4476ad40-9192-4253-bf61-148e4116b423" />
    <UnitTestResult executionId="5a28794a-4154-41d7-b49a-482bf6a1893f" testId="95c5760a-8769-a2e6-13bb-bc49697e4003" testName="NextCommand_NavigatingTo_Cancelled" computerName="DKSR-EFI-04" duration="00:00:00.0008358" startTime="2023-12-22T09:33:34.8031330+01:00" endTime="2023-12-22T09:33:34.8031330+01:00" testType="13cdc9d9-ddb5-4fa4-a97d-d965ccfc6d4b" outcome="Passed" testListId="8c84fa94-04c1-424b-9868-57a2d4851a1d" relativeResultsDirectory="5a28794a-4154-41d7-b49a-482bf6a1893f">
      <Output>
        <StdOut>Debug Trace:&#xD;
Wizard : Locked navigation on thread : 14&#xD;
Wizard : Navigating to page 0 on thread 14&#xD;
Wizard : Completed navigation to page 0 on thread 18&#xD;
Wizard : Released lock navigation on thread : 18&#xD;
Wizard : Locked navigation on thread : 14&#xD;
Wizard : Navigating to page 1 on thread 14&#xD;
Wizard : Completed navigation to page 1 on thread 19&#xD;
Wizard : Released lock navigation on thread : 19</StdOut>
      </Output>
    </UnitTestResult>
    <UnitTestResult executionId="e9b8d8ef-3241-4ecc-a617-e983f99e3595" testId="0eeaa5f3-b762-18aa-4662-dc326afd77c6" testName="SelectedRecorderChanged_ToAllRecorders_RecorderFilterApplies" computerName="DKSR-EFI-04" duration="00:00:00.0014255" startTime="2023-12-22T09:33:36.2718913+01:00" endTime="2023-12-22T09:33:36.2718913+01:00" testType="13cdc9d9-ddb5-4fa4-a97d-d965ccfc6d4b" outcome="Passed" testListId="8c84fa94-04c1-424b-9868-57a2d4851a1d" relativeResultsDirectory="e9b8d8ef-3241-4ecc-a617-e983f99e3595" />
    <UnitTestResult executionId="b05f84e3-b410-4ac0-9081-0f4462c33cce" testId="e0f3aa0c-ce4b-6d84-c098-1897aaa95abb" testName="Validate_SelectedFirmwareFilePath_Succeed" computerName="DKSR-EFI-04" duration="00:00:00.0002603" startTime="2023-12-22T09:33:32.8187533+01:00" endTime="2023-12-22T09:33:32.8187533+01:00" testType="13cdc9d9-ddb5-4fa4-a97d-d965ccfc6d4b" outcome="Passed" testListId="8c84fa94-04c1-424b-9868-57a2d4851a1d" relativeResultsDirectory="b05f84e3-b410-4ac0-9081-0f4462c33cce" />
    <UnitTestResult executionId="5568f6cb-a564-4e91-a688-06f8bcfa03ce" testId="0b8b88f6-d1f8-6253-01e4-480ed5124386" testName="AllHardwareSelected_Update_SomeSelectedTest" computerName="DKSR-EFI-04" duration="00:00:00.0003644" startTime="2023-12-22T09:33:33.5843788+01:00" endTime="2023-12-22T09:33:33.5843788+01:00" testType="13cdc9d9-ddb5-4fa4-a97d-d965ccfc6d4b" outcome="Passed" testListId="8c84fa94-04c1-424b-9868-57a2d4851a1d" relativeResultsDirectory="5568f6cb-a564-4e91-a688-06f8bcfa03ce" />
    <UnitTestResult executionId="11950db1-8e85-43e1-ae1f-7851bab028a7" testId="ebe2be05-d2f7-645d-7be6-4d78c3740c0e" testName="Convert_Error_TargetTypeTest" computerName="DKSR-EFI-04" duration="00:00:00.0088719" startTime="2023-12-22T09:33:34.1156331+01:00" endTime="2023-12-22T09:33:34.1312584+01:00" testType="13cdc9d9-ddb5-4fa4-a97d-d965ccfc6d4b" outcome="Passed" testListId="8c84fa94-04c1-424b-9868-57a2d4851a1d" relativeResultsDirectory="11950db1-8e85-43e1-ae1f-7851bab028a7" />
    <UnitTestResult executionId="3efa8400-4e77-4c46-bd08-d0c964258f82" testId="56b9189d-b561-f0d0-7bf8-be84db66e56f" testName="NavigatingTo_ExceptionHandling_MoveHardwareException_PreselectedThrowsTest" computerName="DKSR-EFI-04" duration="00:00:00.0008042" startTime="2023-12-22T09:33:33.5218776+01:00" endTime="2023-12-22T09:33:33.5218776+01:00" testType="13cdc9d9-ddb5-4fa4-a97d-d965ccfc6d4b" outcome="Passed" testListId="8c84fa94-04c1-424b-9868-57a2d4851a1d" relativeResultsDirectory="3efa8400-4e77-4c46-bd08-d0c964258f82" />
    <UnitTestResult executionId="144672ae-f1cb-4d06-ad65-dfba3fbdc034" testId="fead0e95-d899-cc0e-0e88-008cee717a79" testName="Constructor_DataNotChangedDuringConstructionTest" computerName="DKSR-EFI-04" duration="00:00:00.0002201" startTime="2023-12-22T09:33:35.9750181+01:00" endTime="2023-12-22T09:33:35.9750181+01:00" testType="13cdc9d9-ddb5-4fa4-a97d-d965ccfc6d4b" outcome="Passed" testListId="8c84fa94-04c1-424b-9868-57a2d4851a1d" relativeResultsDirectory="144672ae-f1cb-4d06-ad65-dfba3fbdc034" />
    <UnitTestResult executionId="d1f0aa3d-46ff-4ea8-99fc-591254cd040b" testId="05006594-990d-68ac-9c2d-401d5805c4f6" testName="Convert_NoWarnings" computerName="DKSR-EFI-04" duration="00:00:00.0017025" startTime="2023-12-22T09:33:36.4750178+01:00" endTime="2023-12-22T09:33:36.4906419+01:00" testType="13cdc9d9-ddb5-4fa4-a97d-d965ccfc6d4b" outcome="Passed" testListId="8c84fa94-04c1-424b-9868-57a2d4851a1d" relativeResultsDirectory="d1f0aa3d-46ff-4ea8-99fc-591254cd040b" />
    <UnitTestResult executionId="845850f7-0de2-4417-bf04-878eecb60d7a" testId="307486b9-00ca-72cc-88e9-d0c5585d219e" testName="TreeItemSelectionReporter_Success" computerName="DKSR-EFI-04" duration="00:00:00.0664954" startTime="2023-12-22T09:33:37.8656505+01:00" endTime="2023-12-22T09:33:37.9281496+01:00" testType="13cdc9d9-ddb5-4fa4-a97d-d965ccfc6d4b" outcome="Passed" testListId="8c84fa94-04c1-424b-9868-57a2d4851a1d" relativeResultsDirectory="845850f7-0de2-4417-bf04-878eecb60d7a" />
    <UnitTestResult executionId="fb381cad-93b0-45c1-8811-ce4a9182463a" testId="4b48bf36-078b-3281-68de-73bcc93c35cc" testName="Convert_ToBool_BothValidTest" computerName="DKSR-EFI-04" duration="00:00:00.0002018" startTime="2023-12-22T09:33:34.2406335+01:00" endTime="2023-12-22T09:33:34.2406335+01:00" testType="13cdc9d9-ddb5-4fa4-a97d-d965ccfc6d4b" outcome="Passed" testListId="8c84fa94-04c1-424b-9868-57a2d4851a1d" relativeResultsDirectory="fb381cad-93b0-45c1-8811-ce4a9182463a" />
    <UnitTestResult executionId="f034b252-e7de-4484-bea2-4a76db0341cd" testId="543cb258-3f83-7c3f-bfde-b6afaef309a0" testName="SortBaseCommon_Equality_SortBase_EqualObjectsTest" computerName="DKSR-EFI-04" duration="00:00:00.0000079" startTime="2023-12-22T09:33:39.2875313+01:00" endTime="2023-12-22T09:33:39.2875313+01:00" testType="13cdc9d9-ddb5-4fa4-a97d-d965ccfc6d4b" outcome="Passed" testListId="8c84fa94-04c1-424b-9868-57a2d4851a1d" relativeResultsDirectory="f034b252-e7de-4484-bea2-4a76db0341cd" />
    <UnitTestResult executionId="171608b5-a991-4545-bba3-279c98a29779" testId="4b3fd966-5843-d2c0-fd04-fb813c6c0291" testName="SelectionChanged_SameSelectedItemsCountTest" computerName="DKSR-EFI-04" duration="00:00:00.0006728" startTime="2023-12-22T09:33:36.2562660+01:00" endTime="2023-12-22T09:33:36.2562660+01:00" testType="13cdc9d9-ddb5-4fa4-a97d-d965ccfc6d4b" outcome="Passed" testListId="8c84fa94-04c1-424b-9868-57a2d4851a1d" relativeResultsDirectory="171608b5-a991-4545-bba3-279c98a29779" />
    <UnitTestResult executionId="01875869-00e0-4896-a377-074b94acb900" testId="95b1d03a-18fd-f584-536b-f90a32b3e60a" testName="UpdateSelection_Garbage_NonExistentHardwareTest" computerName="DKSR-EFI-04" duration="00:00:00.0004318" startTime="2023-12-22T09:33:33.5531279+01:00" endTime="2023-12-22T09:33:33.5531279+01:00" testType="13cdc9d9-ddb5-4fa4-a97d-d965ccfc6d4b" outcome="Passed" testListId="8c84fa94-04c1-424b-9868-57a2d4851a1d" relativeResultsDirectory="01875869-00e0-4896-a377-074b94acb900" />
    <UnitTestResult executionId="854c371d-d6c9-4684-8cfe-ceb0571660f8" testId="df9a00c3-c8ad-089d-aa28-7ec6197b3647" testName="ConvertBack_InvalidOperationException" computerName="DKSR-EFI-04" duration="00:00:00.0006644" startTime="2023-12-22T09:33:36.4906419+01:00" endTime="2023-12-22T09:33:36.4906419+01:00" testType="13cdc9d9-ddb5-4fa4-a97d-d965ccfc6d4b" outcome="Passed" testListId="8c84fa94-04c1-424b-9868-57a2d4851a1d" relativeResultsDirectory="854c371d-d6c9-4684-8cfe-ceb0571660f8" />
    <UnitTestResult executionId="6ace647b-106a-4b40-8f27-f9531a8627c9" testId="b405b65b-1d65-65c9-b44d-ebe6c78be498" testName="ThresholdLevelHeightMultiValueConverter_Threshold2LargerThanThreshold1_Success" computerName="DKSR-EFI-04" duration="00:00:00.0003924" startTime="2023-12-22T09:33:37.9437771+01:00" endTime="2023-12-22T09:33:37.9437771+01:00" testType="13cdc9d9-ddb5-4fa4-a97d-d965ccfc6d4b" outcome="Passed" testListId="8c84fa94-04c1-424b-9868-57a2d4851a1d" relativeResultsDirectory="6ace647b-106a-4b40-8f27-f9531a8627c9" />
    <UnitTestResult executionId="ea611edc-7580-4956-a23c-f10da7e630d3" testId="2856e573-df47-5a7b-92cd-4e7224eeb3a7" testName="SortBaseCommon_GetHashCode_EqualInstancesTest" computerName="DKSR-EFI-04" duration="00:00:00.0000131" startTime="2023-12-22T09:33:39.2719089+01:00" endTime="2023-12-22T09:33:39.2719089+01:00" testType="13cdc9d9-ddb5-4fa4-a97d-d965ccfc6d4b" outcome="Passed" testListId="8c84fa94-04c1-424b-9868-57a2d4851a1d" relativeResultsDirectory="ea611edc-7580-4956-a23c-f10da7e630d3" />
    <UnitTestResult executionId="01609727-c856-4520-98ef-30848e8dee67" testId="804e40f7-74d9-b4bb-45e1-0aa37071a8df" testName="Constructor_NullDataTest" computerName="DKSR-EFI-04" duration="00:00:00.0024253" startTime="2023-12-22T09:33:32.7093761+01:00" endTime="2023-12-22T09:33:32.7093761+01:00" testType="13cdc9d9-ddb5-4fa4-a97d-d965ccfc6d4b" outcome="Passed" testListId="8c84fa94-04c1-424b-9868-57a2d4851a1d" relativeResultsDirectory="01609727-c856-4520-98ef-30848e8dee67" />
    <UnitTestResult executionId="77984ecb-86a3-426a-86e8-39ad2a1e6ba2" testId="db08b945-1cff-7ffd-3ad7-b9d159321f59" testName="NextCommand_CommandInvalidated_PageStatusChanged_ValidToBusyTest" computerName="DKSR-EFI-04" duration="00:00:00.1689501" startTime="2023-12-22T09:33:34.4593844+01:00" endTime="2023-12-22T09:33:34.6312580+01:00" testType="13cdc9d9-ddb5-4fa4-a97d-d965ccfc6d4b" outcome="Passed" testListId="8c84fa94-04c1-424b-9868-57a2d4851a1d" relativeResultsDirectory="77984ecb-86a3-426a-86e8-39ad2a1e6ba2">
      <Output>
        <StdOut>Debug Trace:&#xD;
Wizard : Locked navigation on thread : 14&#xD;
Wizard : Navigating to page 0 on thread 14&#xD;
Wizard : Completed navigation to page 0 on thread 17&#xD;
Wizard : Released lock navigation on thread : 17&#xD;
Wizard : Locked navigation on thread : 14&#xD;
Wizard : Navigating to page 1 on thread 14&#xD;
Wizard : Completed navigation to page 1 on thread 16&#xD;
Wizard : Released lock navigation on thread : 16</StdOut>
      </Output>
    </UnitTestResult>
    <UnitTestResult executionId="6db6fb40-3a57-4b35-b7bf-d6d6aca74847" testId="3630dd99-5f47-e771-1fb3-f78feb9c2a24" testName="State_Loading_PreviousCommand_SourcePageNavigatingAwayTest" computerName="DKSR-EFI-04" duration="00:00:00.0009460" startTime="2023-12-22T09:33:34.8968856+01:00" endTime="2023-12-22T09:33:34.8968856+01:00" testType="13cdc9d9-ddb5-4fa4-a97d-d965ccfc6d4b" outcome="Passed" testListId="8c84fa94-04c1-424b-9868-57a2d4851a1d" relativeResultsDirectory="6db6fb40-3a57-4b35-b7bf-d6d6aca74847">
      <Output>
        <StdOut>Debug Trace:&#xD;
Wizard : Locked navigation on thread : 14&#xD;
Wizard : Navigating to page 0 on thread 14&#xD;
Wizard : Completed navigation to page 0 on thread 16&#xD;
Wizard : Released lock navigation on thread : 16&#xD;
Wizard : Locked navigation on thread : 14&#xD;
Wizard : Navigating to page 1 on thread 14&#xD;
Wizard : Completed navigation to page 1 on thread 19&#xD;
Wizard : Released lock navigation on thread : 19&#xD;
Wizard : Locked navigation on thread : 19&#xD;
Wizard : Navigating to page 0 on thread 19&#xD;
CALL SYNCHRONIZER [11]: Run() called on thread 19&#xD;
CALL SYNCHRONIZER [11]: Waiting for event on thread 19</StdOut>
      </Output>
    </UnitTestResult>
    <UnitTestResult executionId="8bad283c-0dfb-4f4b-a722-9adf2755f273" testId="454d75b8-e2b0-01bf-ca2d-fe96ce2e44f6" testName="Convert_ToBool_AvailableOnly_UsageNullTest" computerName="DKSR-EFI-04" duration="00:00:00.0001994" startTime="2023-12-22T09:33:34.2250063+01:00" endTime="2023-12-22T09:33:34.2250063+01:00" testType="13cdc9d9-ddb5-4fa4-a97d-d965ccfc6d4b" outcome="Passed" testListId="8c84fa94-04c1-424b-9868-57a2d4851a1d" relativeResultsDirectory="8bad283c-0dfb-4f4b-a722-9adf2755f273" />
    <UnitTestResult executionId="47c55fac-e386-4824-a61e-d96929a11564" testId="fc1c8124-47bb-a8bc-5737-8872268eedf3" testName="LogOnThread_Constructor_NullAuthenticateEventArgs_Throws_ArgumentNullException" computerName="DKSR-EFI-04" duration="00:00:00.0006342" startTime="2023-12-22T09:33:42.1781720+01:00" endTime="2023-12-22T09:33:42.1781720+01:00" testType="13cdc9d9-ddb5-4fa4-a97d-d965ccfc6d4b" outcome="Passed" testListId="8c84fa94-04c1-424b-9868-57a2d4851a1d" relativeResultsDirectory="47c55fac-e386-4824-a61e-d96929a11564" />
    <UnitTestResult executionId="7b63d28e-154c-41f8-af5c-7e8e004b1864" testId="e129284c-28cd-7195-bcdf-a16aa9bd8b13" testName="NextCommand_IsAvailable_LastPageValidationTest" computerName="DKSR-EFI-04" duration="00:00:00.0008642" startTime="2023-12-22T09:33:34.4593844+01:00" endTime="2023-12-22T09:33:34.4593844+01:00" testType="13cdc9d9-ddb5-4fa4-a97d-d965ccfc6d4b" outcome="Passed" testListId="8c84fa94-04c1-424b-9868-57a2d4851a1d" relativeResultsDirectory="7b63d28e-154c-41f8-af5c-7e8e004b1864">
      <Output>
        <StdOut>Debug Trace:&#xD;
Wizard : Locked navigation on thread : 14&#xD;
Wizard : Navigating to page 0 on thread 14&#xD;
Wizard : Completed navigation to page 0 on thread 17&#xD;
Wizard : Released lock navigation on thread : 17&#xD;
Wizard : Locked navigation on thread : 14&#xD;
Wizard : Navigating to page 1 on thread 14&#xD;
Wizard : Completed navigation to page 1 on thread 16&#xD;
Wizard : Released lock navigation on thread : 16&#xD;
Wizard : Locked navigation on thread : 14&#xD;
Wizard : Navigating to page 2 on thread 14&#xD;
Wizard : Completed navigation to page 2 on thread 16&#xD;
Wizard : Released lock navigation on thread : 16</StdOut>
      </Output>
    </UnitTestResult>
    <UnitTestResult executionId="01edd805-1492-416b-9bee-cfb3e090987c" testId="137a598d-9065-8b35-1ada-e9edf86d6ba2" testName="SortBaseCommon_SortDescriptions_ReverseTest" computerName="DKSR-EFI-04" duration="00:00:00.0002085" startTime="2023-12-22T09:33:39.2562827+01:00" endTime="2023-12-22T09:33:39.2562827+01:00" testType="13cdc9d9-ddb5-4fa4-a97d-d965ccfc6d4b" outcome="Passed" testListId="8c84fa94-04c1-424b-9868-57a2d4851a1d" relativeResultsDirectory="01edd805-1492-416b-9bee-cfb3e090987c" />
    <UnitTestResult executionId="784295a8-a555-417e-a6a1-87aa0260b362" testId="d61bb21a-576a-7e2c-435a-73156e97ed44" testName="ColumnWidthSpec_Absolute_NegativeWidth_Throws_ArgumentException" computerName="DKSR-EFI-04" duration="00:00:00.0003784" startTime="2023-12-22T09:33:38.0062780+01:00" endTime="2023-12-22T09:33:38.0062780+01:00" testType="13cdc9d9-ddb5-4fa4-a97d-d965ccfc6d4b" outcome="Passed" testListId="8c84fa94-04c1-424b-9868-57a2d4851a1d" relativeResultsDirectory="784295a8-a555-417e-a6a1-87aa0260b362" />
    <UnitTestResult executionId="3bb0e29d-8954-4290-b3ac-23175a3be100" testId="0673af61-aaed-8bb0-d7ec-7b3f461ad8fe" testName="Constructor_NullDataTest" computerName="DKSR-EFI-04" duration="00:00:00.0017192" startTime="2023-12-22T09:33:33.4750032+01:00" endTime="2023-12-22T09:33:33.4750032+01:00" testType="13cdc9d9-ddb5-4fa4-a97d-d965ccfc6d4b" outcome="Passed" testListId="8c84fa94-04c1-424b-9868-57a2d4851a1d" relativeResultsDirectory="3bb0e29d-8954-4290-b3ac-23175a3be100" />
    <UnitTestResult executionId="b0ec3cc7-faf0-4d1f-8b7b-ee902842977d" testId="ac5cc692-0a65-7039-ce1a-dce297a3350d" testName="ScaleThresholdSliderViewModel_Success" computerName="DKSR-EFI-04" duration="00:00:00.1358337" startTime="2023-12-22T09:33:37.6156874+01:00" endTime="2023-12-22T09:33:37.7562756+01:00" testType="13cdc9d9-ddb5-4fa4-a97d-d965ccfc6d4b" outcome="Passed" testListId="8c84fa94-04c1-424b-9868-57a2d4851a1d" relativeResultsDirectory="b0ec3cc7-faf0-4d1f-8b7b-ee902842977d" />
    <UnitTestResult executionId="ebf0e5a3-13f7-4549-b3ee-4d176e20545f" testId="e212a447-e174-d204-3c14-c76c16f18c61" testName="SortBaseCommon_Equality_Object_ReverseTest" computerName="DKSR-EFI-04" duration="00:00:00.0003059" startTime="2023-12-22T09:33:39.1781560+01:00" endTime="2023-12-22T09:33:39.1781560+01:00" testType="13cdc9d9-ddb5-4fa4-a97d-d965ccfc6d4b" outcome="Passed" testListId="8c84fa94-04c1-424b-9868-57a2d4851a1d" relativeResultsDirectory="ebf0e5a3-13f7-4549-b3ee-4d176e20545f" />
    <UnitTestResult executionId="23d743d8-b8dc-4352-829f-17192d0e2c89" testId="e9878acc-6ac6-fbae-39cb-00da39dd2634" testName="SortEquality_NullValues" computerName="DKSR-EFI-04" duration="00:00:00.0007093" startTime="2023-12-22T09:33:34.9437623+01:00" endTime="2023-12-22T09:33:34.9437623+01:00" testType="13cdc9d9-ddb5-4fa4-a97d-d965ccfc6d4b" outcome="Passed" testListId="8c84fa94-04c1-424b-9868-57a2d4851a1d" relativeResultsDirectory="23d743d8-b8dc-4352-829f-17192d0e2c89" />
    <UnitTestResult executionId="094216e7-4a47-4deb-ab5e-2bc26ec9e96b" testId="f6fb30b9-0cae-3e29-1f99-5e0b87051f42" testName="Convert_ToValue_AvailableOnly_UsageNullTest" computerName="DKSR-EFI-04" duration="00:00:00.0001956" startTime="2023-12-22T09:33:34.2095011+01:00" endTime="2023-12-22T09:33:34.2095011+01:00" testType="13cdc9d9-ddb5-4fa4-a97d-d965ccfc6d4b" outcome="Passed" testListId="8c84fa94-04c1-424b-9868-57a2d4851a1d" relativeResultsDirectory="094216e7-4a47-4deb-ab5e-2bc26ec9e96b" />
    <UnitTestResult executionId="81a8f26e-7552-40e0-b58b-49f705a398a1" testId="9554f9d6-6b5f-fa9a-19f2-0be9d80e39f0" testName="Convert_Single_Line_Gives_Unmodified_String" computerName="DKSR-EFI-04" duration="00:00:00.0001789" startTime="2023-12-22T09:33:36.4437675+01:00" endTime="2023-12-22T09:33:36.4437675+01:00" testType="13cdc9d9-ddb5-4fa4-a97d-d965ccfc6d4b" outcome="Passed" testListId="8c84fa94-04c1-424b-9868-57a2d4851a1d" relativeResultsDirectory="81a8f26e-7552-40e0-b58b-49f705a398a1" />
    <UnitTestResult executionId="c864eb41-e93f-4148-95a3-e490f4d24ea6" testId="32f1449b-2dab-90fb-934f-717768e00957" testName="Convert_ArgumentNullException" computerName="DKSR-EFI-04" duration="00:00:00.0005745" startTime="2023-12-22T09:33:36.4593932+01:00" endTime="2023-12-22T09:33:36.4593932+01:00" testType="13cdc9d9-ddb5-4fa4-a97d-d965ccfc6d4b" outcome="Passed" testListId="8c84fa94-04c1-424b-9868-57a2d4851a1d" relativeResultsDirectory="c864eb41-e93f-4148-95a3-e490f4d24ea6" />
    <UnitTestResult executionId="8b466cff-7b95-4536-840b-0a4f66b9d2c3" testId="f4502bb0-7b14-a497-cdfd-03cb06a6b7af" testName="GetDividerFromType_Success" computerName="DKSR-EFI-04" duration="00:00:00.0004001" startTime="2023-12-22T09:33:37.8500239+01:00" endTime="2023-12-22T09:33:37.8500239+01:00" testType="13cdc9d9-ddb5-4fa4-a97d-d965ccfc6d4b" outcome="Passed" testListId="8c84fa94-04c1-424b-9868-57a2d4851a1d" relativeResultsDirectory="8b466cff-7b95-4536-840b-0a4f66b9d2c3" />
    <UnitTestResult executionId="9e02943b-c8c9-4f96-a3a9-ac5bc772c9a0" testId="a4d7c98d-bffc-e333-66b1-42e7b83cba4b" testName="Convert_ToBool_UsageOnly_AvailableZeroTest" computerName="DKSR-EFI-04" duration="00:00:00.0004733" startTime="2023-12-22T09:33:34.2250063+01:00" endTime="2023-12-22T09:33:34.2250063+01:00" testType="13cdc9d9-ddb5-4fa4-a97d-d965ccfc6d4b" outcome="Passed" testListId="8c84fa94-04c1-424b-9868-57a2d4851a1d" relativeResultsDirectory="9e02943b-c8c9-4f96-a3a9-ac5bc772c9a0" />
    <UnitTestResult executionId="60818632-047c-4758-82c0-be180514f78b" testId="8d1690cd-845e-c64a-906e-0495db86469d" testName="ConvertNonMatchingTypeThrows" computerName="DKSR-EFI-04" duration="00:00:00.0008676" startTime="2023-12-22T09:33:42.7250483+01:00" endTime="2023-12-22T09:33:42.7250483+01:00" testType="13cdc9d9-ddb5-4fa4-a97d-d965ccfc6d4b" outcome="Passed" testListId="8c84fa94-04c1-424b-9868-57a2d4851a1d" relativeResultsDirectory="60818632-047c-4758-82c0-be180514f78b" />
    <UnitTestResult executionId="8883675b-ad8f-40b7-af84-5c0f7ffadf27" testId="c0e9a277-e1e2-509a-d802-3ba2b6ebf03e" testName="NavigatingTo_CheckPreselectedRecorderAvailable_False_NavigationNotCancelled" computerName="DKSR-EFI-04" duration="00:00:00.0043841" startTime="2023-12-22T09:33:32.6937511+01:00" endTime="2023-12-22T09:33:32.6937511+01:00" testType="13cdc9d9-ddb5-4fa4-a97d-d965ccfc6d4b" outcome="Passed" testListId="8c84fa94-04c1-424b-9868-57a2d4851a1d" relativeResultsDirectory="8883675b-ad8f-40b7-af84-5c0f7ffadf27" />
    <UnitTestResult executionId="d8447e18-858f-44c3-b0be-02db0c194dca" testId="add2eaed-7f68-7c19-41cd-e1df9d8acf43" testName="SortBaseCommon_Reverse_ReverseOfReverseTest" computerName="DKSR-EFI-04" duration="00:00:00.0003190" startTime="2023-12-22T09:33:39.1625317+01:00" endTime="2023-12-22T09:33:39.1625317+01:00" testType="13cdc9d9-ddb5-4fa4-a97d-d965ccfc6d4b" outcome="Passed" testListId="8c84fa94-04c1-424b-9868-57a2d4851a1d" relativeResultsDirectory="d8447e18-858f-44c3-b0be-02db0c194dca" />
    <UnitTestResult executionId="a577d66f-3477-4ed8-b42a-edc81794796d" testId="8b340717-c352-a13a-c96e-a53b0662954a" testName="NavigatingTo_AvailableHardware_NoHardwareTest" computerName="DKSR-EFI-04" duration="00:00:00.0003795" startTime="2023-12-22T09:33:33.4906283+01:00" endTime="2023-12-22T09:33:33.4906283+01:00" testType="13cdc9d9-ddb5-4fa4-a97d-d965ccfc6d4b" outcome="Passed" testListId="8c84fa94-04c1-424b-9868-57a2d4851a1d" relativeResultsDirectory="a577d66f-3477-4ed8-b42a-edc81794796d" />
    <UnitTestResult executionId="eaf30e2c-adc7-44b6-a6b0-eeb5f32f6130" testId="65885bb5-bd75-eed6-215a-ad7ce0d8ca0f" testName="NavigatingTo_ErrorHandling_StorageUsage_MoveHardwareExceptionTest" computerName="DKSR-EFI-04" duration="00:00:00.0010125" startTime="2023-12-22T09:33:33.4750032+01:00" endTime="2023-12-22T09:33:33.4750032+01:00" testType="13cdc9d9-ddb5-4fa4-a97d-d965ccfc6d4b" outcome="Passed" testListId="8c84fa94-04c1-424b-9868-57a2d4851a1d" relativeResultsDirectory="eaf30e2c-adc7-44b6-a6b0-eeb5f32f6130" />
    <UnitTestResult executionId="32563346-f6c3-40c8-952a-68dad75517a8" testId="85ab93fd-c6a4-858f-2f3e-a7ed401d7d66" testName="SortBaseCommon_SortDescriptions_Test" computerName="DKSR-EFI-04" duration="00:00:00.0012242" startTime="2023-12-22T09:33:39.2562827+01:00" endTime="2023-12-22T09:33:39.2562827+01:00" testType="13cdc9d9-ddb5-4fa4-a97d-d965ccfc6d4b" outcome="Passed" testListId="8c84fa94-04c1-424b-9868-57a2d4851a1d" relativeResultsDirectory="32563346-f6c3-40c8-952a-68dad75517a8" />
    <UnitTestResult executionId="30f10952-d715-4f2d-bd53-b90646d0919c" testId="e2c0daaa-50f6-4e6f-89d5-5eda5d8040a2" testName="CurrentStatus_Update_ClearSelectionTest" computerName="DKSR-EFI-04" duration="00:00:00.0002269" startTime="2023-12-22T09:33:33.6000047+01:00" endTime="2023-12-22T09:33:33.6000047+01:00" testType="13cdc9d9-ddb5-4fa4-a97d-d965ccfc6d4b" outcome="Passed" testListId="8c84fa94-04c1-424b-9868-57a2d4851a1d" relativeResultsDirectory="30f10952-d715-4f2d-bd53-b90646d0919c" />
    <UnitTestResult executionId="d1432a97-fc32-4b06-99a4-32ac83498d4b" testId="915037d2-8705-91f4-1362-6b6335ad3189" testName="State_NewInstanceTest" computerName="DKSR-EFI-04" duration="00:00:00.0001337" startTime="2023-12-22T09:33:34.8187612+01:00" endTime="2023-12-22T09:33:34.8187612+01:00" testType="13cdc9d9-ddb5-4fa4-a97d-d965ccfc6d4b" outcome="Passed" testListId="8c84fa94-04c1-424b-9868-57a2d4851a1d" relativeResultsDirectory="d1432a97-fc32-4b06-99a4-32ac83498d4b" />
    <UnitTestResult executionId="3f77b15b-4caa-4d72-a4c9-4ffdb6de6367" testId="df7f62f9-5ef7-21d6-3351-81f945f933e9" testName="NonEmptyStringConvertsToVisible" computerName="DKSR-EFI-04" duration="00:00:00.0002357" startTime="2023-12-22T09:33:42.7562990+01:00" endTime="2023-12-22T09:33:42.7562990+01:00" testType="13cdc9d9-ddb5-4fa4-a97d-d965ccfc6d4b" outcome="Passed" testListId="8c84fa94-04c1-424b-9868-57a2d4851a1d" relativeResultsDirectory="3f77b15b-4caa-4d72-a4c9-4ffdb6de6367" />
    <UnitTestResult executionId="f7957941-7e66-477a-9026-1a30aa3e754d" testId="4e51ac3e-d4b3-8ce3-0953-07f39b877784" testName="Convert_ArgumentNullException" computerName="DKSR-EFI-04" duration="00:00:00.0006233" startTime="2023-12-22T09:33:36.4906419+01:00" endTime="2023-12-22T09:33:36.4906419+01:00" testType="13cdc9d9-ddb5-4fa4-a97d-d965ccfc6d4b" outcome="Passed" testListId="8c84fa94-04c1-424b-9868-57a2d4851a1d" relativeResultsDirectory="f7957941-7e66-477a-9026-1a30aa3e754d" />
    <UnitTestResult executionId="92c4af3c-0ff4-4130-b0f8-03a4c662a8e1" testId="0059c220-7153-d6d7-686e-c5a3330c7f1a" testName="ScheduleNextRun_CalledThreeTimes_DoesNotCreateMultipleThreads_RaisesEventOnSiteWorking_AfterWaitingForTimeout_Success" computerName="DKSR-EFI-04" duration="00:00:01.2314591" startTime="2023-12-22T09:33:40.1469126+01:00" endTime="2023-12-22T09:33:41.3812939+01:00" testType="13cdc9d9-ddb5-4fa4-a97d-d965ccfc6d4b" outcome="Passed" testListId="8c84fa94-04c1-424b-9868-57a2d4851a1d" relativeResultsDirectory="92c4af3c-0ff4-4130-b0f8-03a4c662a8e1" />
    <UnitTestResult executionId="4c648c38-e2be-4a99-b530-ba67b8bea5e4" testId="007e1ccf-bd4b-e9f9-03fa-759039a66fbc" testName="Convert_AllValues" computerName="DKSR-EFI-04" duration="00:00:00.0021891" startTime="2023-12-22T09:33:34.0062545+01:00" endTime="2023-12-22T09:33:34.0218796+01:00" testType="13cdc9d9-ddb5-4fa4-a97d-d965ccfc6d4b" outcome="Passed" testListId="8c84fa94-04c1-424b-9868-57a2d4851a1d" relativeResultsDirectory="4c648c38-e2be-4a99-b530-ba67b8bea5e4" />
    <UnitTestResult executionId="11fa276b-9d59-4644-ae86-01e08673c629" testId="edadfd8c-bda9-d8ff-54a7-3ab66cb0305b" testName="NavigatingAway_ModificationsCarryOver" computerName="DKSR-EFI-04" duration="00:00:00.0440189" startTime="2023-12-22T09:33:32.8187533+01:00" endTime="2023-12-22T09:33:32.8656266+01:00" testType="13cdc9d9-ddb5-4fa4-a97d-d965ccfc6d4b" outcome="Passed" testListId="8c84fa94-04c1-424b-9868-57a2d4851a1d" relativeResultsDirectory="11fa276b-9d59-4644-ae86-01e08673c629" />
    <UnitTestResult executionId="c3ca6267-3baf-403a-88fd-a83e911a4486" testId="64783368-4c49-57cf-7cba-264e34d26256" testName="SelectionChanged_UnsubscribeTest" computerName="DKSR-EFI-04" duration="00:00:00.0006317" startTime="2023-12-22T09:33:33.5687554+01:00" endTime="2023-12-22T09:33:33.5687554+01:00" testType="13cdc9d9-ddb5-4fa4-a97d-d965ccfc6d4b" outcome="Passed" testListId="8c84fa94-04c1-424b-9868-57a2d4851a1d" relativeResultsDirectory="c3ca6267-3baf-403a-88fd-a83e911a4486" />
    <UnitTestResult executionId="4110b682-06d9-48bb-8f0e-a9ec96cfc2e7" testId="56aa2941-e7e2-b606-3353-3131490dd029" testName="NavigatingTo_Selection_MultipleRecordersTest" computerName="DKSR-EFI-04" duration="00:00:00.0003477" startTime="2023-12-22T09:33:33.3812565+01:00" endTime="2023-12-22T09:33:33.3812565+01:00" testType="13cdc9d9-ddb5-4fa4-a97d-d965ccfc6d4b" outcome="Passed" testListId="8c84fa94-04c1-424b-9868-57a2d4851a1d" relativeResultsDirectory="4110b682-06d9-48bb-8f0e-a9ec96cfc2e7" />
    <UnitTestResult executionId="cf7bcf7d-22d2-4fa5-a1ef-f5689708e41d" testId="b7c35a90-3f70-63ce-fb58-1330046987ea" testName="Convert_Exception_Input_Returns_String" computerName="DKSR-EFI-04" duration="00:00:00.0019141" startTime="2023-12-22T09:33:39.3344100+01:00" endTime="2023-12-22T09:33:39.3344100+01:00" testType="13cdc9d9-ddb5-4fa4-a97d-d965ccfc6d4b" outcome="Passed" testListId="8c84fa94-04c1-424b-9868-57a2d4851a1d" relativeResultsDirectory="cf7bcf7d-22d2-4fa5-a1ef-f5689708e41d" />
    <UnitTestResult executionId="d6af74f8-fe75-4eb7-aa61-6bf7b571ef1e" testId="7be88bc8-74e5-1b8d-8b19-adb83f174784" testName="NavigatingTo_PreSelection_FromDefaultStorageTest" computerName="DKSR-EFI-04" duration="00:00:00.0004608" startTime="2023-12-22T09:33:33.4437517+01:00" endTime="2023-12-22T09:33:33.4437517+01:00" testType="13cdc9d9-ddb5-4fa4-a97d-d965ccfc6d4b" outcome="Passed" testListId="8c84fa94-04c1-424b-9868-57a2d4851a1d" relativeResultsDirectory="d6af74f8-fe75-4eb7-aa61-6bf7b571ef1e" />
    <UnitTestResult executionId="93c5289a-cd8d-4e47-a9ef-2ff26ccaed23" testId="3e7d45db-319f-dd58-534b-1895e7ce8c1a" testName="NavigatingTo_HardwaresWithSameMac_HaveSamePasswordsTest" computerName="DKSR-EFI-04" duration="00:00:00.0457918" startTime="2023-12-22T09:33:35.3187622+01:00" endTime="2023-12-22T09:33:35.3656373+01:00" testType="13cdc9d9-ddb5-4fa4-a97d-d965ccfc6d4b" outcome="Passed" testListId="8c84fa94-04c1-424b-9868-57a2d4851a1d" relativeResultsDirectory="93c5289a-cd8d-4e47-a9ef-2ff26ccaed23">
      <Output>
        <StdOut>Debug Trace:&#xD;
CALL SYNCHRONIZER [15]: Run() called on thread 23&#xD;
CALL SYNCHRONIZER [15]: Waiting for event on thread 23</StdOut>
      </Output>
    </UnitTestResult>
    <UnitTestResult executionId="feae6bd7-fa4d-4a01-9beb-4652fcfca63b" testId="29d19e8c-3be0-ee7a-3951-dd342f2ccf53" testName="Convert_IsNullOrWhiteSpace_Empty_Input_Returns_TrueResult" computerName="DKSR-EFI-04" duration="00:00:00.0001993" startTime="2023-12-22T09:33:39.3812839+01:00" endTime="2023-12-22T09:33:39.3812839+01:00" testType="13cdc9d9-ddb5-4fa4-a97d-d965ccfc6d4b" outcome="Passed" testListId="8c84fa94-04c1-424b-9868-57a2d4851a1d" relativeResultsDirectory="feae6bd7-fa4d-4a01-9beb-4652fcfca63b" />
    <UnitTestResult executionId="1b2b69d5-3bf9-4123-bfae-607759ce853a" testId="a02d8109-78ab-1cfd-6223-756899faeccf" testName="Convert_Error_ValuesNullTest" computerName="DKSR-EFI-04" duration="00:00:00.0005870" startTime="2023-12-22T09:33:34.1781335+01:00" endTime="2023-12-22T09:33:34.1781335+01:00" testType="13cdc9d9-ddb5-4fa4-a97d-d965ccfc6d4b" outcome="Passed" testListId="8c84fa94-04c1-424b-9868-57a2d4851a1d" relativeResultsDirectory="1b2b69d5-3bf9-4123-bfae-607759ce853a" />
    <UnitTestResult executionId="36e9bdc8-81b4-413f-8849-73e8b24506d6" testId="54d033f5-1cd6-8e20-ad06-b1f6027bbcb6" testName="CurrentStatus_Event_ClearSelectionTest" computerName="DKSR-EFI-04" duration="00:00:00.0008267" startTime="2023-12-22T09:33:36.3187680+01:00" endTime="2023-12-22T09:33:36.3187680+01:00" testType="13cdc9d9-ddb5-4fa4-a97d-d965ccfc6d4b" outcome="Passed" testListId="8c84fa94-04c1-424b-9868-57a2d4851a1d" relativeResultsDirectory="36e9bdc8-81b4-413f-8849-73e8b24506d6" />
    <UnitTestResult executionId="3d57415e-f4f0-4d9e-82d0-4826da656da3" testId="ed22ff18-5317-35a9-5b39-ad658639a61b" testName="PreviousCommand_NavigatingTo_Cancelled" computerName="DKSR-EFI-04" duration="00:00:00.0011938" startTime="2023-12-22T09:33:34.8187612+01:00" endTime="2023-12-22T09:33:34.8187612+01:00" testType="13cdc9d9-ddb5-4fa4-a97d-d965ccfc6d4b" outcome="Passed" testListId="8c84fa94-04c1-424b-9868-57a2d4851a1d" relativeResultsDirectory="3d57415e-f4f0-4d9e-82d0-4826da656da3">
      <Output>
        <StdOut>Debug Trace:&#xD;
Wizard : Locked navigation on thread : 14&#xD;
Wizard : Navigating to page 0 on thread 14&#xD;
Wizard : Completed navigation to page 0 on thread 19&#xD;
Wizard : Released lock navigation on thread : 19&#xD;
Wizard : Locked navigation on thread : 14&#xD;
Wizard : Navigating to page 1 on thread 14&#xD;
Wizard : Completed navigation to page 1 on thread 16&#xD;
Wizard : Released lock navigation on thread : 16&#xD;
Wizard : Locked navigation on thread : 14&#xD;
Wizard : Navigating to page 2 on thread 14&#xD;
Wizard : Completed navigation to page 2 on thread 16&#xD;
Wizard : Released lock navigation on thread : 16&#xD;
Wizard : Locked navigation on thread : 14&#xD;
Wizard : Navigating to page 1 on thread 14&#xD;
Wizard : Completed navigation to page 1 on thread 16&#xD;
Wizard : Released lock navigation on thread : 16</StdOut>
      </Output>
    </UnitTestResult>
    <UnitTestResult executionId="48ac4cbf-5357-46c9-a4c7-d606aa10c74d" testId="5ff12909-3484-abe3-4d4e-8b5fe5dde4dc" testName="ConvertNonMatchingType" computerName="DKSR-EFI-04" duration="00:00:00.0006831" startTime="2023-12-22T09:33:39.3344100+01:00" endTime="2023-12-22T09:33:39.3344100+01:00" testType="13cdc9d9-ddb5-4fa4-a97d-d965ccfc6d4b" outcome="Passed" testListId="8c84fa94-04c1-424b-9868-57a2d4851a1d" relativeResultsDirectory="48ac4cbf-5357-46c9-a4c7-d606aa10c74d" />
    <UnitTestResult executionId="b9faac4c-88d8-4b2f-9eac-64a2544a3cf0" testId="e2745662-5b1b-a987-f75e-19bfc0f754da" testName="Convert_Days_SingularTest" computerName="DKSR-EFI-04" duration="00:00:00.0023110" startTime="2023-12-22T09:33:34.0218796+01:00" endTime="2023-12-22T09:33:34.0218796+01:00" testType="13cdc9d9-ddb5-4fa4-a97d-d965ccfc6d4b" outcome="Passed" testListId="8c84fa94-04c1-424b-9868-57a2d4851a1d" relativeResultsDirectory="b9faac4c-88d8-4b2f-9eac-64a2544a3cf0" />
    <UnitTestResult executionId="f123a33f-3271-4a2e-92fc-f25cf01c914c" testId="bfd1e10f-b778-d28b-e4d4-fe93a0ae1bd1" testName="ConvertTrueToVisibleTest" computerName="DKSR-EFI-04" duration="00:00:00.0007188" startTime="2023-12-22T09:33:39.3187807+01:00" endTime="2023-12-22T09:33:39.3187807+01:00" testType="13cdc9d9-ddb5-4fa4-a97d-d965ccfc6d4b" outcome="Passed" testListId="8c84fa94-04c1-424b-9868-57a2d4851a1d" relativeResultsDirectory="f123a33f-3271-4a2e-92fc-f25cf01c914c" />
    <UnitTestResult executionId="0d0a21a8-a0e2-48ff-a389-f2d0ff2188ff" testId="4941567f-baae-3872-eaef-b8a09ddb9b4f" testName="SortBaseCommon_Equality_Object_SameInstanceTest" computerName="DKSR-EFI-04" duration="00:00:00.0001312" startTime="2023-12-22T09:33:39.1781560+01:00" endTime="2023-12-22T09:33:39.1781560+01:00" testType="13cdc9d9-ddb5-4fa4-a97d-d965ccfc6d4b" outcome="Passed" testListId="8c84fa94-04c1-424b-9868-57a2d4851a1d" relativeResultsDirectory="0d0a21a8-a0e2-48ff-a389-f2d0ff2188ff" />
    <UnitTestResult executionId="73ccfc71-3b39-4aea-9418-340149c94455" testId="0c90957a-f20b-75df-040d-0bdb85a408aa" testName="UpdateSelection_Garbage_NonExistentHardwareTest" computerName="DKSR-EFI-04" duration="00:00:00.0007260" startTime="2023-12-22T09:33:36.2250157+01:00" endTime="2023-12-22T09:33:36.2250157+01:00" testType="13cdc9d9-ddb5-4fa4-a97d-d965ccfc6d4b" outcome="Passed" testListId="8c84fa94-04c1-424b-9868-57a2d4851a1d" relativeResultsDirectory="73ccfc71-3b39-4aea-9418-340149c94455" />
    <UnitTestResult executionId="7a8bddf2-4c7b-439a-88b3-85d26f66691f" testId="853071a1-8175-de5b-5f40-77c2ff18ec32" testName="SortBaseCommon_Equality_SortBase_NullTest" computerName="DKSR-EFI-04" duration="00:00:00.0001546" startTime="2023-12-22T09:33:39.1937805+01:00" endTime="2023-12-22T09:33:39.1937805+01:00" testType="13cdc9d9-ddb5-4fa4-a97d-d965ccfc6d4b" outcome="Passed" testListId="8c84fa94-04c1-424b-9868-57a2d4851a1d" relativeResultsDirectory="7a8bddf2-4c7b-439a-88b3-85d26f66691f" />
    <UnitTestResult executionId="4127859c-92d7-4177-a3de-fd2ccf8b1e4e" testId="60b2fb76-1f7c-0185-7819-0149d16632d1" testName="SetSelectedAuthenticationInfo_PutsCurrentUserName_OnWindowsUser" computerName="DKSR-EFI-04" duration="00:00:00.1999963" startTime="2023-12-22T09:33:42.4125475+01:00" endTime="2023-12-22T09:33:42.6156736+01:00" testType="13cdc9d9-ddb5-4fa4-a97d-d965ccfc6d4b" outcome="Passed" testListId="8c84fa94-04c1-424b-9868-57a2d4851a1d" relativeResultsDirectory="4127859c-92d7-4177-a3de-fd2ccf8b1e4e" />
    <UnitTestResult executionId="1b037b3b-3873-470f-87f4-9138b2fb34f4" testId="0472b6c8-6759-0c73-1423-85e2e90fedd2" testName="Initialize_NoPagesReturned" computerName="DKSR-EFI-04" duration="00:00:00.0014967" startTime="2023-12-22T09:33:34.3968820+01:00" endTime="2023-12-22T09:33:34.3968820+01:00" testType="13cdc9d9-ddb5-4fa4-a97d-d965ccfc6d4b" outcome="Passed" testListId="8c84fa94-04c1-424b-9868-57a2d4851a1d" relativeResultsDirectory="1b037b3b-3873-470f-87f4-9138b2fb34f4" />
    <UnitTestResult executionId="f13a23c5-d122-428d-bf86-1ba32a5377e5" testId="8b7981cc-5fd6-747b-2737-bc9ea00fdecc" testName="NavigatingTo_OperationsCreatedTest" computerName="DKSR-EFI-04" duration="00:00:00.1031199" startTime="2023-12-22T09:33:33.7875063+01:00" endTime="2023-12-22T09:33:33.8968813+01:00" testType="13cdc9d9-ddb5-4fa4-a97d-d965ccfc6d4b" outcome="Passed" testListId="8c84fa94-04c1-424b-9868-57a2d4851a1d" relativeResultsDirectory="f13a23c5-d122-428d-bf86-1ba32a5377e5">
      <Output>
        <StdOut>Debug Trace:&#xD;
CALL SYNCHRONIZER [4]: Run() called on thread 19&#xD;
CALL SYNCHRONIZER [4]: Waiting for event on thread 19</StdOut>
      </Output>
    </UnitTestResult>
    <UnitTestResult executionId="140f1800-b767-4ecf-9ffd-2407b04c7ff6" testId="150db0d1-d1f2-3b67-40eb-bbc0399b5b5c" testName="Constructor_NullDataTest" computerName="DKSR-EFI-04" duration="00:00:00.0069094" startTime="2023-12-22T09:33:36.3187680+01:00" endTime="2023-12-22T09:33:36.3343927+01:00" testType="13cdc9d9-ddb5-4fa4-a97d-d965ccfc6d4b" outcome="Passed" testListId="8c84fa94-04c1-424b-9868-57a2d4851a1d" relativeResultsDirectory="140f1800-b767-4ecf-9ffd-2407b04c7ff6">
      <Output>
        <StdOut>Debug Trace:&#xD;
Fail: Argument null</StdOut>
      </Output>
    </UnitTestResult>
    <UnitTestResult executionId="eb64e748-4ecd-4815-bcba-67196b7f8dcb" testId="ad798c80-0326-7386-6f9b-cfc5287f2395" testName="SortEquality_ConvertBack" computerName="DKSR-EFI-04" duration="00:00:00.0009600" startTime="2023-12-22T09:33:34.9437623+01:00" endTime="2023-12-22T09:33:34.9437623+01:00" testType="13cdc9d9-ddb5-4fa4-a97d-d965ccfc6d4b" outcome="Passed" testListId="8c84fa94-04c1-424b-9868-57a2d4851a1d" relativeResultsDirectory="eb64e748-4ecd-4815-bcba-67196b7f8dcb" />
    <UnitTestResult executionId="b3678453-502b-464f-8a95-8d00af76e07f" testId="08edd840-a09f-9a15-0c61-afe7bf3e0d5b" testName="PreviousCommand_IsAvailable_AvailableTest" computerName="DKSR-EFI-04" duration="00:00:00.0120308" startTime="2023-12-22T09:33:34.7406353+01:00" endTime="2023-12-22T09:33:34.7406353+01:00" testType="13cdc9d9-ddb5-4fa4-a97d-d965ccfc6d4b" outcome="Passed" testListId="8c84fa94-04c1-424b-9868-57a2d4851a1d" relativeResultsDirectory="b3678453-502b-464f-8a95-8d00af76e07f">
      <Output>
        <StdOut>Debug Trace:&#xD;
Wizard : Locked navigation on thread : 14&#xD;
Wizard : Navigating to page 0 on thread 14&#xD;
Wizard : Completed navigation to page 0 on thread 17&#xD;
Wizard : Released lock navigation on thread : 17&#xD;
Wizard : Locked navigation on thread : 14&#xD;
Wizard : Navigating to page 1 on thread 14&#xD;
Wizard : Completed navigation to page 1 on thread 18&#xD;
Wizard : Released lock navigation on thread : 18</StdOut>
      </Output>
    </UnitTestResult>
    <UnitTestResult executionId="4eaa5b9a-efab-483d-bf42-f5c4f6b376a7" testId="f9949e6c-cac8-3282-3d3f-006dec82f846" testName="AllHardwareSelected_Update_AllSelectedTest" computerName="DKSR-EFI-04" duration="00:00:00.0033181" startTime="2023-12-22T09:33:33.5687554+01:00" endTime="2023-12-22T09:33:33.5843788+01:00" testType="13cdc9d9-ddb5-4fa4-a97d-d965ccfc6d4b" outcome="Passed" testListId="8c84fa94-04c1-424b-9868-57a2d4851a1d" relativeResultsDirectory="4eaa5b9a-efab-483d-bf42-f5c4f6b376a7" />
    <UnitTestResult executionId="22c74663-86a2-419e-81d0-7ac1b8a022f2" testId="ec71d9ba-cee7-d63f-b4b9-fe7c185e4256" testName="SortBaseCommon_GetHashCode_SameInstanceTest" computerName="DKSR-EFI-04" duration="00:00:00.0002032" startTime="2023-12-22T09:33:39.2719089+01:00" endTime="2023-12-22T09:33:39.2719089+01:00" testType="13cdc9d9-ddb5-4fa4-a97d-d965ccfc6d4b" outcome="Passed" testListId="8c84fa94-04c1-424b-9868-57a2d4851a1d" relativeResultsDirectory="22c74663-86a2-419e-81d0-7ac1b8a022f2" />
    <UnitTestResult executionId="5574715a-3e11-412c-9eb5-1ffe2f55a183" testId="0011cb80-7a6b-b3cc-1e23-175f03cd88f2" testName="NavigatingAway_WithPasswordAutogeneration_PasswordSet" computerName="DKSR-EFI-04" duration="00:00:00.0007937" startTime="2023-12-22T09:33:36.0687682+01:00" endTime="2023-12-22T09:33:36.0687682+01:00" testType="13cdc9d9-ddb5-4fa4-a97d-d965ccfc6d4b" outcome="Passed" testListId="8c84fa94-04c1-424b-9868-57a2d4851a1d" relativeResultsDirectory="5574715a-3e11-412c-9eb5-1ffe2f55a183" />
    <UnitTestResult executionId="3622fc7c-f100-427c-a2c7-cfb9f76f7510" testId="811a6089-74ef-6f7b-6f17-6fb2e3181bfc" testName="NavigatingTo_CheckPreselectedRecorderHasHardware_False_NavigationNotCancelled" computerName="DKSR-EFI-04" duration="00:00:00.0005329" startTime="2023-12-22T09:33:36.3500177+01:00" endTime="2023-12-22T09:33:36.3500177+01:00" testType="13cdc9d9-ddb5-4fa4-a97d-d965ccfc6d4b" outcome="Passed" testListId="8c84fa94-04c1-424b-9868-57a2d4851a1d" relativeResultsDirectory="3622fc7c-f100-427c-a2c7-cfb9f76f7510" />
    <UnitTestResult executionId="e49be173-e232-4008-8b1d-cb0ac68c66d0" testId="bb78fa2c-7ddd-0cd1-5d2d-7771ad5bae3e" testName="Convert_ToValue_AvailableOnly_UsageZeroTest" computerName="DKSR-EFI-04" duration="00:00:00.0002172" startTime="2023-12-22T09:33:34.2095011+01:00" endTime="2023-12-22T09:33:34.2095011+01:00" testType="13cdc9d9-ddb5-4fa4-a97d-d965ccfc6d4b" outcome="Passed" testListId="8c84fa94-04c1-424b-9868-57a2d4851a1d" relativeResultsDirectory="e49be173-e232-4008-8b1d-cb0ac68c66d0" />
    <UnitTestResult executionId="2e6ad5b9-8ecc-4686-8ece-b2ab9c7b668d" testId="6f3421a4-94ab-b985-2d94-0b4e624dd9a7" testName="NavigatingTo_Selection_HardwareSelectionFromDataTest" computerName="DKSR-EFI-04" duration="00:00:00.0006648" startTime="2023-12-22T09:33:36.1468959+01:00" endTime="2023-12-22T09:33:36.1468959+01:00" testType="13cdc9d9-ddb5-4fa4-a97d-d965ccfc6d4b" outcome="Passed" testListId="8c84fa94-04c1-424b-9868-57a2d4851a1d" relativeResultsDirectory="2e6ad5b9-8ecc-4686-8ece-b2ab9c7b668d" />
    <UnitTestResult executionId="a4605f62-ac9d-4a33-8227-855572814dea" testId="0a071c9d-f8f3-ece6-e5fe-0ecbd4c246a8" testName="CurrentStatus_Update_SetSelectionTest" computerName="DKSR-EFI-04" duration="00:00:00.0002586" startTime="2023-12-22T09:33:33.6000047+01:00" endTime="2023-12-22T09:33:33.6000047+01:00" testType="13cdc9d9-ddb5-4fa4-a97d-d965ccfc6d4b" outcome="Passed" testListId="8c84fa94-04c1-424b-9868-57a2d4851a1d" relativeResultsDirectory="a4605f62-ac9d-4a33-8227-855572814dea" />
    <UnitTestResult executionId="c4c8c897-c205-4783-8356-34dde9b9c779" testId="3452b02b-a74e-667c-54f2-2f61fc583e4b" testName="Convert_ArgumentNullException" computerName="DKSR-EFI-04" duration="00:00:00.0056782" startTime="2023-12-22T09:33:36.4750178+01:00" endTime="2023-12-22T09:33:36.4750178+01:00" testType="13cdc9d9-ddb5-4fa4-a97d-d965ccfc6d4b" outcome="Passed" testListId="8c84fa94-04c1-424b-9868-57a2d4851a1d" relativeResultsDirectory="c4c8c897-c205-4783-8356-34dde9b9c779">
      <Output>
        <StdOut>Debug Trace:&#xD;
Fail: Argument null</StdOut>
      </Output>
    </UnitTestResult>
    <UnitTestResult executionId="d8f7c1e8-565e-4c4b-8acf-cdf6cc6ea753" testId="738b8516-f5bf-a4cf-300e-7093e00b2cb1" testName="ConvertBack_InvalidOperationException" computerName="DKSR-EFI-04" duration="00:00:00.0009284" startTime="2023-12-22T09:33:32.4124984+01:00" endTime="2023-12-22T09:33:32.4124984+01:00" testType="13cdc9d9-ddb5-4fa4-a97d-d965ccfc6d4b" outcome="Passed" testListId="8c84fa94-04c1-424b-9868-57a2d4851a1d" relativeResultsDirectory="d8f7c1e8-565e-4c4b-8acf-cdf6cc6ea753" />
    <UnitTestResult executionId="c50fe9b0-1aec-47ac-a050-352ad09884cd" testId="5dff3a0f-66a9-facc-e3fc-eaefeb4fd671" testName="SortEquality_SameSorts" computerName="DKSR-EFI-04" duration="00:00:00.0070459" startTime="2023-12-22T09:33:34.9125095+01:00" endTime="2023-12-22T09:33:34.9281346+01:00" testType="13cdc9d9-ddb5-4fa4-a97d-d965ccfc6d4b" outcome="Passed" testListId="8c84fa94-04c1-424b-9868-57a2d4851a1d" relativeResultsDirectory="c50fe9b0-1aec-47ac-a050-352ad09884cd" />
    <UnitTestResult executionId="adba1c7c-d22a-4b60-868e-0a0add4a6d75" testId="199b70f1-156a-9b54-8fca-de06eb7d9c93" testName="SortBaseCommon_Equality_SortBase_OtherClassTest" computerName="DKSR-EFI-04" duration="00:00:00.0002066" startTime="2023-12-22T09:33:39.1937805+01:00" endTime="2023-12-22T09:33:39.1937805+01:00" testType="13cdc9d9-ddb5-4fa4-a97d-d965ccfc6d4b" outcome="Passed" testListId="8c84fa94-04c1-424b-9868-57a2d4851a1d" relativeResultsDirectory="adba1c7c-d22a-4b60-868e-0a0add4a6d75" />
    <UnitTestResult executionId="cfaa2e01-2a5c-45eb-a6e5-1c3bd5de25ba" testId="4879fdf1-a6aa-6fe5-4969-67ce57c0e9ac" testName="MessageBoxButtonExtensions_AsWinFormsMessageBoxButtons_All_Values_Supported" computerName="DKSR-EFI-04" duration="00:00:00.0026581" startTime="2023-12-22T09:33:42.6781751+01:00" endTime="2023-12-22T09:33:42.6781751+01:00" testType="13cdc9d9-ddb5-4fa4-a97d-d965ccfc6d4b" outcome="Passed" testListId="8c84fa94-04c1-424b-9868-57a2d4851a1d" relativeResultsDirectory="cfaa2e01-2a5c-45eb-a6e5-1c3bd5de25ba" />
    <UnitTestResult executionId="6e4a3c85-3043-4339-a391-1c485c9c11a3" testId="64ae392c-d25b-86e5-f08e-6ea92ee2e4ec" testName="Validate_WithPasswordManualEntry_CorrectPassword" computerName="DKSR-EFI-04" duration="00:00:00.0011086" startTime="2023-12-22T09:33:36.0062661+01:00" endTime="2023-12-22T09:33:36.0218925+01:00" testType="13cdc9d9-ddb5-4fa4-a97d-d965ccfc6d4b" outcome="Passed" testListId="8c84fa94-04c1-424b-9868-57a2d4851a1d" relativeResultsDirectory="6e4a3c85-3043-4339-a391-1c485c9c11a3" />
    <UnitTestResult executionId="6af4b124-cd9e-4e07-8919-f240ea59c569" testId="7c579d9c-f42d-c44f-2006-2caab40d730a" testName="ConvertBack_Throws_NotSupportedException" computerName="DKSR-EFI-04" duration="00:00:00.0006100" startTime="2023-12-22T09:33:39.3500340+01:00" endTime="2023-12-22T09:33:39.3500340+01:00" testType="13cdc9d9-ddb5-4fa4-a97d-d965ccfc6d4b" outcome="Passed" testListId="8c84fa94-04c1-424b-9868-57a2d4851a1d" relativeResultsDirectory="6af4b124-cd9e-4e07-8919-f240ea59c569" />
    <UnitTestResult executionId="1a4405f4-748c-4137-8bff-b7e6b029d575" testId="8a3322a4-264f-c577-4666-52291e49089d" testName="InitialFocus_SetEnabled_FrameworkElement_False_Focus_Not_Called" computerName="DKSR-EFI-04" duration="00:00:00.0011763" startTime="2023-12-22T09:33:39.0375331+01:00" endTime="2023-12-22T09:33:39.0375331+01:00" testType="13cdc9d9-ddb5-4fa4-a97d-d965ccfc6d4b" outcome="Passed" testListId="8c84fa94-04c1-424b-9868-57a2d4851a1d" relativeResultsDirectory="1a4405f4-748c-4137-8bff-b7e6b029d575" />
    <UnitTestResult executionId="fe12ac04-9f30-491d-8b2c-aaa9ba5d30a3" testId="23c6e993-c853-ce44-8e4a-a89e65fcb3d7" testName="Validate_WithPasswordManualEntry_RequiresSymbols_Fails" computerName="DKSR-EFI-04" duration="00:00:00.0011490" startTime="2023-12-22T09:33:36.0375140+01:00" endTime="2023-12-22T09:33:36.0375140+01:00" testType="13cdc9d9-ddb5-4fa4-a97d-d965ccfc6d4b" outcome="Passed" testListId="8c84fa94-04c1-424b-9868-57a2d4851a1d" relativeResultsDirectory="fe12ac04-9f30-491d-8b2c-aaa9ba5d30a3" />
    <UnitTestResult executionId="2451ac2d-f7b7-4ef0-8911-8a2b7f1bd723" testId="dcefa653-93a5-b996-171e-c78a680c4ee4" testName="NavigatingTo_SuccessfulChange_PasswordChangeSucceededSet" computerName="DKSR-EFI-04" duration="00:00:00.0687733" startTime="2023-12-22T09:33:35.7562644+01:00" endTime="2023-12-22T09:33:35.8343907+01:00" testType="13cdc9d9-ddb5-4fa4-a97d-d965ccfc6d4b" outcome="Passed" testListId="8c84fa94-04c1-424b-9868-57a2d4851a1d" relativeResultsDirectory="2451ac2d-f7b7-4ef0-8911-8a2b7f1bd723">
      <Output>
        <StdOut>Debug Trace:&#xD;
CALL SYNCHRONIZER [19]: Run() called on thread 27&#xD;
CALL SYNCHRONIZER [19]: Waiting for event on thread 27&#xD;
CALL SYNCHRONIZER [19]: Event received, exiting on thread 27&#xD;
WARNIG : Progress notification received after result has been set&#xD;
WARNIG : Progress notification received after result has been set</StdOut>
      </Output>
    </UnitTestResult>
    <UnitTestResult executionId="3362ed1f-eda2-4a05-bd56-ffda0c86c234" testId="50e385a2-431b-1775-e8d5-48b3fbc4e413" testName="SortBaseCommon_Reverse_NotNull" computerName="DKSR-EFI-04" duration="00:00:00.0002965" startTime="2023-12-22T09:33:39.1625317+01:00" endTime="2023-12-22T09:33:39.1625317+01:00" testType="13cdc9d9-ddb5-4fa4-a97d-d965ccfc6d4b" outcome="Passed" testListId="8c84fa94-04c1-424b-9868-57a2d4851a1d" relativeResultsDirectory="3362ed1f-eda2-4a05-bd56-ffda0c86c234" />
    <UnitTestResult executionId="11fb9641-91cf-4be8-b98d-8792c6f0dfe5" testId="38c367f3-e1bb-c75a-7102-223768ab5f46" testName="Convert_Null_TragetType_Throws_ArgumentNullException" computerName="DKSR-EFI-04" duration="00:00:00.0009286" startTime="2023-12-22T09:33:36.4281435+01:00" endTime="2023-12-22T09:33:36.4281435+01:00" testType="13cdc9d9-ddb5-4fa4-a97d-d965ccfc6d4b" outcome="Passed" testListId="8c84fa94-04c1-424b-9868-57a2d4851a1d" relativeResultsDirectory="11fb9641-91cf-4be8-b98d-8792c6f0dfe5">
      <Output>
        <StdOut>Debug Trace:&#xD;
Fail: Argument null</StdOut>
      </Output>
    </UnitTestResult>
    <UnitTestResult executionId="fda892b8-9f8d-4da5-ac26-ae4323c95604" testId="7a3424ca-0fae-d8e2-bd1d-af563008f224" testName="ConvertBack_InvalidOperationException" computerName="DKSR-EFI-04" duration="00:00:00.0007687" startTime="2023-12-22T09:33:32.6468763+01:00" endTime="2023-12-22T09:33:32.6468763+01:00" testType="13cdc9d9-ddb5-4fa4-a97d-d965ccfc6d4b" outcome="Passed" testListId="8c84fa94-04c1-424b-9868-57a2d4851a1d" relativeResultsDirectory="fda892b8-9f8d-4da5-ac26-ae4323c95604" />
    <UnitTestResult executionId="00eb3a68-2218-4ce8-8f85-efbd2e2c9661" testId="5e8702d9-5c9f-0f2b-a406-1864da59bd7e" testName="NavigatingTo_CheckPreselectedHardwareAvailable_False_NavigationNotCancelled" computerName="DKSR-EFI-04" duration="00:00:00.0006048" startTime="2023-12-22T09:33:36.3500177+01:00" endTime="2023-12-22T09:33:36.3500177+01:00" testType="13cdc9d9-ddb5-4fa4-a97d-d965ccfc6d4b" outcome="Passed" testListId="8c84fa94-04c1-424b-9868-57a2d4851a1d" relativeResultsDirectory="00eb3a68-2218-4ce8-8f85-efbd2e2c9661" />
    <UnitTestResult executionId="083c6127-7080-4357-8f02-2592326b5218" testId="e8352377-5053-ecad-50ab-7c4805d36856" testName="NavigatingTo_PreSelection_NoPreselectionTest" computerName="DKSR-EFI-04" duration="00:00:00.0044855" startTime="2023-12-22T09:33:33.4437517+01:00" endTime="2023-12-22T09:33:33.4437517+01:00" testType="13cdc9d9-ddb5-4fa4-a97d-d965ccfc6d4b" outcome="Passed" testListId="8c84fa94-04c1-424b-9868-57a2d4851a1d" relativeResultsDirectory="083c6127-7080-4357-8f02-2592326b5218" />
    <UnitTestResult executionId="ce74fa7a-6122-4475-81e9-d571664315e0" testId="22ee8c16-d1ae-446c-d431-5adc7e30e57d" testName="Convert_ToValue_AvailableOnly_UsageNegativeTest" computerName="DKSR-EFI-04" duration="00:00:00.0001920" startTime="2023-12-22T09:33:34.2095011+01:00" endTime="2023-12-22T09:33:34.2095011+01:00" testType="13cdc9d9-ddb5-4fa4-a97d-d965ccfc6d4b" outcome="Passed" testListId="8c84fa94-04c1-424b-9868-57a2d4851a1d" relativeResultsDirectory="ce74fa7a-6122-4475-81e9-d571664315e0" />
    <UnitTestResult executionId="6e0a8fe2-d1ad-489b-b01f-b35444f05096" testId="49b32f88-2b77-47a7-b253-febc5c13a157" testName="State_Loading_PreviousCommand_DestinationPageNavigatedToTest" computerName="DKSR-EFI-04" duration="00:00:00.0298919" startTime="2023-12-22T09:33:34.8656347+01:00" endTime="2023-12-22T09:33:34.8968856+01:00" testType="13cdc9d9-ddb5-4fa4-a97d-d965ccfc6d4b" outcome="Passed" testListId="8c84fa94-04c1-424b-9868-57a2d4851a1d" relativeResultsDirectory="6e0a8fe2-d1ad-489b-b01f-b35444f05096">
      <Output>
        <StdOut>Debug Trace:&#xD;
Wizard : Locked navigation on thread : 14&#xD;
Wizard : Navigating to page 0 on thread 14&#xD;
Wizard : Completed navigation to page 0 on thread 16&#xD;
Wizard : Released lock navigation on thread : 16&#xD;
Wizard : Locked navigation on thread : 14&#xD;
Wizard : Navigating to page 1 on thread 14&#xD;
Wizard : Completed navigation to page 1 on thread 19&#xD;
Wizard : Released lock navigation on thread : 19&#xD;
Wizard : Locked navigation on thread : 16&#xD;
Wizard : Navigating to page 0 on thread 16&#xD;
CALL SYNCHRONIZER [10]: Run() called on thread 16&#xD;
CALL SYNCHRONIZER [10]: Waiting for event on thread 16</StdOut>
      </Output>
    </UnitTestResult>
    <UnitTestResult executionId="eec0d865-973b-4246-ba28-50714427c053" testId="bcf3d4c3-6d3d-db68-80b1-f1b00270a123" testName="NavigatingAway_ModificationsCarryOver" computerName="DKSR-EFI-04" duration="00:00:00.0014859" startTime="2023-12-22T09:33:36.0687682+01:00" endTime="2023-12-22T09:33:36.0687682+01:00" testType="13cdc9d9-ddb5-4fa4-a97d-d965ccfc6d4b" outcome="Passed" testListId="8c84fa94-04c1-424b-9868-57a2d4851a1d" relativeResultsDirectory="eec0d865-973b-4246-ba28-50714427c053" />
    <UnitTestResult executionId="3ad53258-a32d-4488-beac-b80f78db36b5" testId="aa257481-7107-af51-2127-9f782d0ea362" testName="HandledVmoAccessTests_PermissionCheckerHasPermissionUnknownPermissionType" computerName="DKSR-EFI-04" duration="00:00:00.0042119" startTime="2023-12-22T09:33:36.8812711+01:00" endTime="2023-12-22T09:33:36.8812711+01:00" testType="13cdc9d9-ddb5-4fa4-a97d-d965ccfc6d4b" outcome="Passed" testListId="8c84fa94-04c1-424b-9868-57a2d4851a1d" relativeResultsDirectory="3ad53258-a32d-4488-beac-b80f78db36b5" />
    <UnitTestResult executionId="1d317a7c-dbd4-479f-821b-ceb90e6d21d8" testId="51b84e29-c85f-f150-f3cb-b235cb55b9ea" testName="ThresholdSliderViewModel_InvalidInput1" computerName="DKSR-EFI-04" duration="00:00:00.0025839" startTime="2023-12-22T09:33:37.8344009+01:00" endTime="2023-12-22T09:33:37.8344009+01:00" testType="13cdc9d9-ddb5-4fa4-a97d-d965ccfc6d4b" outcome="Passed" testListId="8c84fa94-04c1-424b-9868-57a2d4851a1d" relativeResultsDirectory="1d317a7c-dbd4-479f-821b-ceb90e6d21d8" />
    <UnitTestResult executionId="b6a74a0d-7686-4695-9c2a-eace660360c4" testId="49ca85d3-c3b7-af52-fe22-5ed8125d23ba" testName="Convert_ToBool_UsedGtAvailable" computerName="DKSR-EFI-04" duration="00:00:00.0001880" startTime="2023-12-22T09:33:34.2406335+01:00" endTime="2023-12-22T09:33:34.2406335+01:00" testType="13cdc9d9-ddb5-4fa4-a97d-d965ccfc6d4b" outcome="Passed" testListId="8c84fa94-04c1-424b-9868-57a2d4851a1d" relativeResultsDirectory="b6a74a0d-7686-4695-9c2a-eace660360c4" />
    <UnitTestResult executionId="939e0f3b-0967-425f-9272-a704d7c8bc64" testId="8ed8776d-bd0c-b8c2-c135-737b7a3f0b5f" testName="ConvertBack_InvalidOperationTest" computerName="DKSR-EFI-04" duration="00:00:00.0009952" startTime="2023-12-22T09:33:34.1781335+01:00" endTime="2023-12-22T09:33:34.1781335+01:00" testType="13cdc9d9-ddb5-4fa4-a97d-d965ccfc6d4b" outcome="Passed" testListId="8c84fa94-04c1-424b-9868-57a2d4851a1d" relativeResultsDirectory="939e0f3b-0967-425f-9272-a704d7c8bc64" />
    <UnitTestResult executionId="c8e42576-8450-4a6c-8430-4ecb5c31d781" testId="bb91231b-51b7-d87f-2bdd-85c1c55386db" testName="CurrentStatus_PostNavigatingTo_PreselectionTest" computerName="DKSR-EFI-04" duration="00:00:00.0001825" startTime="2023-12-22T09:33:33.6000047+01:00" endTime="2023-12-22T09:33:33.6000047+01:00" testType="13cdc9d9-ddb5-4fa4-a97d-d965ccfc6d4b" outcome="Passed" testListId="8c84fa94-04c1-424b-9868-57a2d4851a1d" relativeResultsDirectory="c8e42576-8450-4a6c-8430-4ecb5c31d781" />
    <UnitTestResult executionId="f2b54d8f-288c-4bb1-8f39-f7e007f4613e" testId="b8b140ed-d5d9-0145-6ed7-49d434570c45" testName="Convert_Parameters_TargetType_InvalidTest" computerName="DKSR-EFI-04" duration="00:00:00.0006328" startTime="2023-12-22T09:33:34.1000078+01:00" endTime="2023-12-22T09:33:34.1000078+01:00" testType="13cdc9d9-ddb5-4fa4-a97d-d965ccfc6d4b" outcome="Passed" testListId="8c84fa94-04c1-424b-9868-57a2d4851a1d" relativeResultsDirectory="f2b54d8f-288c-4bb1-8f39-f7e007f4613e" />
    <UnitTestResult executionId="a09b6b07-549a-4429-9c0b-114c87916b0f" testId="9c53d870-f2f9-088b-c2bd-a9607b98a852" testName="SelectionChanged_NoEventIfSelectionDoesNotChangeTest" computerName="DKSR-EFI-04" duration="00:00:00.0004601" startTime="2023-12-22T09:33:33.5687554+01:00" endTime="2023-12-22T09:33:33.5687554+01:00" testType="13cdc9d9-ddb5-4fa4-a97d-d965ccfc6d4b" outcome="Passed" testListId="8c84fa94-04c1-424b-9868-57a2d4851a1d" relativeResultsDirectory="a09b6b07-549a-4429-9c0b-114c87916b0f" />
    <UnitTestResult executionId="73f2ef70-c4a1-4f7f-9630-b6683a92b8cd" testId="aadd126e-6c36-f9f6-1958-d58539ae90a0" testName="Convert_IsNullOrWhiteSpace_WhiteSpace_Input_Returns_TrueResult" computerName="DKSR-EFI-04" duration="00:00:00.0001879" startTime="2023-12-22T09:33:39.3812839+01:00" endTime="2023-12-22T09:33:39.3812839+01:00" testType="13cdc9d9-ddb5-4fa4-a97d-d965ccfc6d4b" outcome="Passed" testListId="8c84fa94-04c1-424b-9868-57a2d4851a1d" relativeResultsDirectory="73f2ef70-c4a1-4f7f-9630-b6683a92b8cd" />
    <UnitTestResult executionId="8fe884aa-2673-46b6-8ff3-503228c5e1d0" testId="8803f24b-21d1-6eb1-d2ec-b2b0cb5558b0" testName="ThresholdSliderViewModel_Success" computerName="DKSR-EFI-04" duration="00:00:00.0228712" startTime="2023-12-22T09:33:37.8031500+01:00" endTime="2023-12-22T09:33:37.8187754+01:00" testType="13cdc9d9-ddb5-4fa4-a97d-d965ccfc6d4b" outcome="Passed" testListId="8c84fa94-04c1-424b-9868-57a2d4851a1d" relativeResultsDirectory="8fe884aa-2673-46b6-8ff3-503228c5e1d0" />
    <UnitTestResult executionId="ccdd8651-6fa5-4506-a62f-0bb548b969ce" testId="39c8e53a-73cf-d170-1747-bf84e9ddd436" testName="Constructor_DataNullTest" computerName="DKSR-EFI-04" duration="00:00:00.0027034" startTime="2023-12-22T09:33:33.4281278+01:00" endTime="2023-12-22T09:33:33.4437517+01:00" testType="13cdc9d9-ddb5-4fa4-a97d-d965ccfc6d4b" outcome="Passed" testListId="8c84fa94-04c1-424b-9868-57a2d4851a1d" relativeResultsDirectory="ccdd8651-6fa5-4506-a62f-0bb548b969ce" />
    <UnitTestResult executionId="09a51bc6-5165-4c82-94aa-c8ef830f6124" testId="3c2e0b70-8de4-72c4-7074-0bbab96b51de" testName="ConvertTrueToVisibleTest" computerName="DKSR-EFI-04" duration="00:00:00.0006721" startTime="2023-12-22T09:33:39.3500340+01:00" endTime="2023-12-22T09:33:39.3500340+01:00" testType="13cdc9d9-ddb5-4fa4-a97d-d965ccfc6d4b" outcome="Passed" testListId="8c84fa94-04c1-424b-9868-57a2d4851a1d" relativeResultsDirectory="09a51bc6-5165-4c82-94aa-c8ef830f6124" />
    <UnitTestResult executionId="aa7a9796-a0d1-47d9-ad7d-8f27b925e977" testId="170b6e9d-1479-1b16-1de5-56fb10a58f03" testName="UpdateSelection_DeselectSamePhysicalHardwareWithDifferentUserLoginTest" computerName="DKSR-EFI-04" duration="00:00:00.0006403" startTime="2023-12-22T09:33:36.2406408+01:00" endTime="2023-12-22T09:33:36.2406408+01:00" testType="13cdc9d9-ddb5-4fa4-a97d-d965ccfc6d4b" outcome="Passed" testListId="8c84fa94-04c1-424b-9868-57a2d4851a1d" relativeResultsDirectory="aa7a9796-a0d1-47d9-ad7d-8f27b925e977" />
    <UnitTestResult executionId="19ece7f1-4b2a-4cce-94f3-b0f3b149e8aa" testId="fcba034f-b02c-78ea-1bb2-d617ead952ae" testName="NavigatingTo_NoJobsRunning_HardwareSelected_NavigationCancelled" computerName="DKSR-EFI-04" duration="00:00:00.0008703" startTime="2023-12-22T09:33:34.3187562+01:00" endTime="2023-12-22T09:33:34.3187562+01:00" testType="13cdc9d9-ddb5-4fa4-a97d-d965ccfc6d4b" outcome="Passed" testListId="8c84fa94-04c1-424b-9868-57a2d4851a1d" relativeResultsDirectory="19ece7f1-4b2a-4cce-94f3-b0f3b149e8aa" />
    <UnitTestResult executionId="ddc416bd-0ff1-4608-8934-e56aea7c73b5" testId="10e1eae9-c292-aa86-d0ad-c125edac0057" testName="SelectionChanged_NoEventIfSelectionDoesNotChangeTest" computerName="DKSR-EFI-04" duration="00:00:00.0005752" startTime="2023-12-22T09:33:36.2562660+01:00" endTime="2023-12-22T09:33:36.2562660+01:00" testType="13cdc9d9-ddb5-4fa4-a97d-d965ccfc6d4b" outcome="Passed" testListId="8c84fa94-04c1-424b-9868-57a2d4851a1d" relativeResultsDirectory="ddc416bd-0ff1-4608-8934-e56aea7c73b5" />
    <UnitTestResult executionId="99cefa44-06d7-492f-8abe-e0080c3a3193" testId="9eaae1e3-0039-d71e-66a1-4ea076b9561e" testName="UpdateSelection_SameCountTest" computerName="DKSR-EFI-04" duration="00:00:00.0003214" startTime="2023-12-22T09:33:33.5375029+01:00" endTime="2023-12-22T09:33:33.5375029+01:00" testType="13cdc9d9-ddb5-4fa4-a97d-d965ccfc6d4b" outcome="Passed" testListId="8c84fa94-04c1-424b-9868-57a2d4851a1d" relativeResultsDirectory="99cefa44-06d7-492f-8abe-e0080c3a3193" />
    <UnitTestResult executionId="0567e317-326e-4885-bc14-f591faf06da5" testId="02859efd-d8a6-c9fa-0c6c-dc8aa96a48c1" testName="SystemDashboard_LookupThresholdDirection_Success" computerName="DKSR-EFI-04" duration="00:00:00.0004156" startTime="2023-12-22T09:33:37.1625235+01:00" endTime="2023-12-22T09:33:37.1625235+01:00" testType="13cdc9d9-ddb5-4fa4-a97d-d965ccfc6d4b" outcome="Passed" testListId="8c84fa94-04c1-424b-9868-57a2d4851a1d" relativeResultsDirectory="0567e317-326e-4885-bc14-f591faf06da5" />
    <UnitTestResult executionId="3f53a63e-9717-4ff2-85be-d6b9253add44" testId="3ee79c97-9160-57a2-454a-bba6927f5f95" testName="Convert_InvalidMethodEnum_Throws_InvalidOperationException" computerName="DKSR-EFI-04" duration="00:00:00.0003796" startTime="2023-12-22T09:33:39.3812839+01:00" endTime="2023-12-22T09:33:39.3812839+01:00" testType="13cdc9d9-ddb5-4fa4-a97d-d965ccfc6d4b" outcome="Passed" testListId="8c84fa94-04c1-424b-9868-57a2d4851a1d" relativeResultsDirectory="3f53a63e-9717-4ff2-85be-d6b9253add44" />
    <UnitTestResult executionId="dc0e390f-d13c-469a-86a2-d615ac4c532b" testId="d1faca8b-15a7-3f79-f193-046b09e11eea" testName="AllHardwareSelected_Event_NoEventIfValueDoesNotChangeTest" computerName="DKSR-EFI-04" duration="00:00:00.0006168" startTime="2023-12-22T09:33:36.3031432+01:00" endTime="2023-12-22T09:33:36.3031432+01:00" testType="13cdc9d9-ddb5-4fa4-a97d-d965ccfc6d4b" outcome="Passed" testListId="8c84fa94-04c1-424b-9868-57a2d4851a1d" relativeResultsDirectory="dc0e390f-d13c-469a-86a2-d615ac4c532b" />
    <UnitTestResult executionId="14b8aa11-6ccf-459a-ace1-56a14fbae261" testId="ee1a6c82-df13-6176-6b5c-52dc28fe3ddf" testName="AllHardwareSelected_Update_NoneSelectedTest" computerName="DKSR-EFI-04" duration="00:00:00.0003479" startTime="2023-12-22T09:33:33.5843788+01:00" endTime="2023-12-22T09:33:33.5843788+01:00" testType="13cdc9d9-ddb5-4fa4-a97d-d965ccfc6d4b" outcome="Passed" testListId="8c84fa94-04c1-424b-9868-57a2d4851a1d" relativeResultsDirectory="14b8aa11-6ccf-459a-ace1-56a14fbae261" />
    <UnitTestResult executionId="1ff398b6-bb5c-4991-881d-030ad9d09d5b" testId="e1e4643d-f13a-c302-05a5-c406c3f326db" testName="ConvertBack_InvalidOperationException" computerName="DKSR-EFI-04" duration="00:00:00.0006677" startTime="2023-12-22T09:33:34.0218796+01:00" endTime="2023-12-22T09:33:34.0218796+01:00" testType="13cdc9d9-ddb5-4fa4-a97d-d965ccfc6d4b" outcome="Passed" testListId="8c84fa94-04c1-424b-9868-57a2d4851a1d" relativeResultsDirectory="1ff398b6-bb5c-4991-881d-030ad9d09d5b" />
    <UnitTestResult executionId="b8d90c40-e443-42eb-b7db-52d5b436b575" testId="e092cd93-1a0e-046f-31a3-b117e9be9e3a" testName="NavigatingTo_PreSelection_SingleItemTest" computerName="DKSR-EFI-04" duration="00:00:00.0005243" startTime="2023-12-22T09:33:33.4593782+01:00" endTime="2023-12-22T09:33:33.4593782+01:00" testType="13cdc9d9-ddb5-4fa4-a97d-d965ccfc6d4b" outcome="Passed" testListId="8c84fa94-04c1-424b-9868-57a2d4851a1d" relativeResultsDirectory="b8d90c40-e443-42eb-b7db-52d5b436b575" />
    <UnitTestResult executionId="16521727-40da-4274-87c4-17506aeebba2" testId="ce111de4-5363-596e-5bae-977e3c4a4097" testName="Convert_BothValidTest" computerName="DKSR-EFI-04" duration="00:00:00.0002826" startTime="2023-12-22T09:33:34.1625074+01:00" endTime="2023-12-22T09:33:34.1625074+01:00" testType="13cdc9d9-ddb5-4fa4-a97d-d965ccfc6d4b" outcome="Passed" testListId="8c84fa94-04c1-424b-9868-57a2d4851a1d" relativeResultsDirectory="16521727-40da-4274-87c4-17506aeebba2" />
    <UnitTestResult executionId="501c91c6-0816-4fd9-b5b3-fc693c3d95ce" testId="e2d9f02e-9681-5967-80aa-94155f3d4e5b" testName="AllHardwareSelected_Update_AllSelectedTest" computerName="DKSR-EFI-04" duration="00:00:00.0004845" startTime="2023-12-22T09:33:36.2875155+01:00" endTime="2023-12-22T09:33:36.2875155+01:00" testType="13cdc9d9-ddb5-4fa4-a97d-d965ccfc6d4b" outcome="Passed" testListId="8c84fa94-04c1-424b-9868-57a2d4851a1d" relativeResultsDirectory="501c91c6-0816-4fd9-b5b3-fc693c3d95ce" />
    <UnitTestResult executionId="93fb8073-e462-4de7-9e48-68cf125323a7" testId="aec88af4-fc37-ae68-2dbe-517f2be4242b" testName="ScheduleNextRun_RaisesEventOnSiteWorking_AfterWaitingForTimeout_Success" computerName="DKSR-EFI-04" duration="00:00:00.6367661" startTime="2023-12-22T09:33:39.5062849+01:00" endTime="2023-12-22T09:33:40.1469126+01:00" testType="13cdc9d9-ddb5-4fa4-a97d-d965ccfc6d4b" outcome="Passed" testListId="8c84fa94-04c1-424b-9868-57a2d4851a1d" relativeResultsDirectory="93fb8073-e462-4de7-9e48-68cf125323a7" />
    <UnitTestResult executionId="1fd5e992-a7c6-48ec-a3b6-3a47b6d298ad" testId="6cda90f3-27d8-af6a-1221-cd7d6ce906cd" testName="SortBaseCommon_Equality_Object_NullTest" computerName="DKSR-EFI-04" duration="00:00:00.0001954" startTime="2023-12-22T09:33:39.2719089+01:00" endTime="2023-12-22T09:33:39.2719089+01:00" testType="13cdc9d9-ddb5-4fa4-a97d-d965ccfc6d4b" outcome="Passed" testListId="8c84fa94-04c1-424b-9868-57a2d4851a1d" relativeResultsDirectory="1fd5e992-a7c6-48ec-a3b6-3a47b6d298ad" />
    <UnitTestResult executionId="ab23d853-7890-4a2c-af8b-fc3f7f834c98" testId="b19b7300-d6a4-f3ea-792c-67e734ad2662" testName="SortBaseCommon_Equality_SortBase_DifferentObjectsTest" computerName="DKSR-EFI-04" duration="00:00:00.0001543" startTime="2023-12-22T09:33:39.1937805+01:00" endTime="2023-12-22T09:33:39.1937805+01:00" testType="13cdc9d9-ddb5-4fa4-a97d-d965ccfc6d4b" outcome="Passed" testListId="8c84fa94-04c1-424b-9868-57a2d4851a1d" relativeResultsDirectory="ab23d853-7890-4a2c-af8b-fc3f7f834c98" />
    <UnitTestResult executionId="ecdfce98-cf92-40c0-87b1-baa31a9ed758" testId="9d226558-c15b-d568-c761-43c132fe5f62" testName="Convert_UsageOnly_AvailableNullTest" computerName="DKSR-EFI-04" duration="00:00:00.0003082" startTime="2023-12-22T09:33:34.1468802+01:00" endTime="2023-12-22T09:33:34.1468802+01:00" testType="13cdc9d9-ddb5-4fa4-a97d-d965ccfc6d4b" outcome="Passed" testListId="8c84fa94-04c1-424b-9868-57a2d4851a1d" relativeResultsDirectory="ecdfce98-cf92-40c0-87b1-baa31a9ed758" />
    <UnitTestResult executionId="406d5a89-17fd-4b2a-a980-d9bb937022d7" testId="07ae45b6-e301-3520-2a2b-464a984634c4" testName="Initialize_WithFixedHardwareSelectionTest" computerName="DKSR-EFI-04" duration="00:00:00.0474668" startTime="2023-12-22T09:33:33.9593818+01:00" endTime="2023-12-22T09:33:34.0062545+01:00" testType="13cdc9d9-ddb5-4fa4-a97d-d965ccfc6d4b" outcome="Passed" testListId="8c84fa94-04c1-424b-9868-57a2d4851a1d" relativeResultsDirectory="406d5a89-17fd-4b2a-a980-d9bb937022d7">
      <Output>
        <StdOut>Debug Trace:&#xD;
Wizard : Locked navigation on thread : 14&#xD;
Wizard : Navigating to page 0 on thread 14&#xD;
Wizard : Completed navigation to page 0 on thread 16&#xD;
Wizard : Released lock navigation on thread : 16</StdOut>
      </Output>
    </UnitTestResult>
    <UnitTestResult executionId="35bc1255-54e6-4157-af80-a3cca4ba21f2" testId="8c014781-1ea8-1b32-5ee9-19c0230f83e3" testName="AllHardwareSelected_Update_SomeSelectedTest" computerName="DKSR-EFI-04" duration="00:00:00.0004910" startTime="2023-12-22T09:33:36.2875155+01:00" endTime="2023-12-22T09:33:36.2875155+01:00" testType="13cdc9d9-ddb5-4fa4-a97d-d965ccfc6d4b" outcome="Passed" testListId="8c84fa94-04c1-424b-9868-57a2d4851a1d" relativeResultsDirectory="35bc1255-54e6-4157-af80-a3cca4ba21f2" />
    <UnitTestResult executionId="055b0a4e-ab50-4e04-bb2e-1f654c0865f9" testId="806486e9-67f6-c414-1b23-268fb5d92f79" testName="Construct_InvalidParam_UriHandler_Throws_ArgumentNullException" computerName="DKSR-EFI-04" duration="00:00:00.0009879" startTime="2023-12-22T09:33:41.3812939+01:00" endTime="2023-12-22T09:33:41.3812939+01:00" testType="13cdc9d9-ddb5-4fa4-a97d-d965ccfc6d4b" outcome="Passed" testListId="8c84fa94-04c1-424b-9868-57a2d4851a1d" relativeResultsDirectory="055b0a4e-ab50-4e04-bb2e-1f654c0865f9" />
    <UnitTestResult executionId="f7b53da1-ce50-4c33-a33f-6711a173b3d8" testId="afbed609-a82f-6410-34bb-72066c16f622" testName="Equality_NotEqual_DifferentDirecitonTest" computerName="DKSR-EFI-04" duration="00:00:00.0001843" startTime="2023-12-22T09:33:39.2250328+01:00" endTime="2023-12-22T09:33:39.2250328+01:00" testType="13cdc9d9-ddb5-4fa4-a97d-d965ccfc6d4b" outcome="Passed" testListId="8c84fa94-04c1-424b-9868-57a2d4851a1d" relativeResultsDirectory="f7b53da1-ce50-4c33-a33f-6711a173b3d8" />
    <UnitTestResult executionId="ba0ff5f6-b5e6-4cc0-bbfa-2504873a5138" testId="4f67706c-ec17-d0dc-0484-559ff6686c7f" testName="Constructor_HardwareSelectionEmptyTest" computerName="DKSR-EFI-04" duration="00:00:00.0001238" startTime="2023-12-22T09:33:33.9125059+01:00" endTime="2023-12-22T09:33:33.9125059+01:00" testType="13cdc9d9-ddb5-4fa4-a97d-d965ccfc6d4b" outcome="Passed" testListId="8c84fa94-04c1-424b-9868-57a2d4851a1d" relativeResultsDirectory="ba0ff5f6-b5e6-4cc0-bbfa-2504873a5138" />
    <UnitTestResult executionId="4d2b730b-8396-4ae1-9496-9a4ab0ebfca9" testId="195d08de-21b8-2f1f-44bd-a0559b76cc4e" testName="NavigatingTo_PreSelection_FromWizardDataTest" computerName="DKSR-EFI-04" duration="00:00:00.0005670" startTime="2023-12-22T09:33:33.4437517+01:00" endTime="2023-12-22T09:33:33.4437517+01:00" testType="13cdc9d9-ddb5-4fa4-a97d-d965ccfc6d4b" outcome="Passed" testListId="8c84fa94-04c1-424b-9868-57a2d4851a1d" relativeResultsDirectory="4d2b730b-8396-4ae1-9496-9a4ab0ebfca9" />
    <UnitTestResult executionId="24cf32c3-7966-4a06-a34f-1202616fb838" testId="b16dc414-82bb-0a48-2010-aab727818a55" testName="Constructor_HardwareSelectionNullTest" computerName="DKSR-EFI-04" duration="00:00:00.1624071" startTime="2023-12-22T09:33:32.9906244+01:00" endTime="2023-12-22T09:33:33.1468787+01:00" testType="13cdc9d9-ddb5-4fa4-a97d-d965ccfc6d4b" outcome="Passed" testListId="8c84fa94-04c1-424b-9868-57a2d4851a1d" relativeResultsDirectory="24cf32c3-7966-4a06-a34f-1202616fb838" />
    <UnitTestResult executionId="586f0505-e5ca-4727-a0d1-91454b81d76c" testId="1ea25282-4842-2678-a991-ae47cd37bd8c" testName="Convert_UsageOnly_AvailableZeroTest" computerName="DKSR-EFI-04" duration="00:00:00.0002742" startTime="2023-12-22T09:33:34.1468802+01:00" endTime="2023-12-22T09:33:34.1468802+01:00" testType="13cdc9d9-ddb5-4fa4-a97d-d965ccfc6d4b" outcome="Passed" testListId="8c84fa94-04c1-424b-9868-57a2d4851a1d" relativeResultsDirectory="586f0505-e5ca-4727-a0d1-91454b81d76c" />
    <UnitTestResult executionId="21686720-697f-4d5f-ad92-7de5b0a7055e" testId="959dc0d4-5cb5-3db0-bb92-0af8715ac40d" testName="Initialize_NoFixedHardwareSelectionTest" computerName="DKSR-EFI-04" duration="00:00:00.1967127" startTime="2023-12-22T09:33:33.1468787+01:00" endTime="2023-12-22T09:33:33.3500068+01:00" testType="13cdc9d9-ddb5-4fa4-a97d-d965ccfc6d4b" outcome="Passed" testListId="8c84fa94-04c1-424b-9868-57a2d4851a1d" relativeResultsDirectory="21686720-697f-4d5f-ad92-7de5b0a7055e">
      <Output>
        <StdOut>Debug Trace:&#xD;
Wizard : Locked navigation on thread : 14&#xD;
Wizard : Navigating to page 0 on thread 14&#xD;
Wizard : Completed navigation to page 0 on thread 9&#xD;
Wizard : Released lock navigation on thread : 9</StdOut>
      </Output>
    </UnitTestResult>
    <UnitTestResult executionId="7c0e6e8a-1aee-4c2e-8216-553ff67ce948" testId="c95f527c-0926-e4f0-6839-6e4f386c13e0" testName="Convert_ToBool_AvailableOnly_UsageZeroTest" computerName="DKSR-EFI-04" duration="00:00:00.0002127" startTime="2023-12-22T09:33:34.2250063+01:00" endTime="2023-12-22T09:33:34.2250063+01:00" testType="13cdc9d9-ddb5-4fa4-a97d-d965ccfc6d4b" outcome="Passed" testListId="8c84fa94-04c1-424b-9868-57a2d4851a1d" relativeResultsDirectory="7c0e6e8a-1aee-4c2e-8216-553ff67ce948" />
    <UnitTestResult executionId="dc9aa623-bbb5-4a41-b159-e602612a6580" testId="283be9e8-ff40-cb8f-01e8-201330f2ab76" testName="Constructor_PropertyWhitespaceTest" computerName="DKSR-EFI-04" duration="00:00:00.0005670" startTime="2023-12-22T09:33:39.1469078+01:00" endTime="2023-12-22T09:33:39.1469078+01:00" testType="13cdc9d9-ddb5-4fa4-a97d-d965ccfc6d4b" outcome="Passed" testListId="8c84fa94-04c1-424b-9868-57a2d4851a1d" relativeResultsDirectory="dc9aa623-bbb5-4a41-b159-e602612a6580" />
    <UnitTestResult executionId="040b2315-4e64-4bf6-ba9d-c516d9c223c5" testId="ecd584b6-1f44-7590-862b-3e93eda5f6e1" testName="CurrentStatus_Event_SetSelectionTest" computerName="DKSR-EFI-04" duration="00:00:00.0006383" startTime="2023-12-22T09:33:33.6156294+01:00" endTime="2023-12-22T09:33:33.6156294+01:00" testType="13cdc9d9-ddb5-4fa4-a97d-d965ccfc6d4b" outcome="Passed" testListId="8c84fa94-04c1-424b-9868-57a2d4851a1d" relativeResultsDirectory="040b2315-4e64-4bf6-ba9d-c516d9c223c5" />
    <UnitTestResult executionId="6c02ada3-2088-4c60-8bc6-6a78d1b8da0a" testId="339b9449-32db-9313-bd5a-4b76c550c24b" testName="NextCommand_CanExecute_PageBusyTest" computerName="DKSR-EFI-04" duration="00:00:00.0043216" startTime="2023-12-22T09:33:34.4437571+01:00" endTime="2023-12-22T09:33:34.4437571+01:00" testType="13cdc9d9-ddb5-4fa4-a97d-d965ccfc6d4b" outcome="Passed" testListId="8c84fa94-04c1-424b-9868-57a2d4851a1d" relativeResultsDirectory="6c02ada3-2088-4c60-8bc6-6a78d1b8da0a">
      <Output>
        <StdOut>Debug Trace:&#xD;
Wizard : Locked navigation on thread : 14&#xD;
Wizard : Navigating to page 0 on thread 14&#xD;
Wizard : Completed navigation to page 0 on thread 19&#xD;
Wizard : Released lock navigation on thread : 19&#xD;
Wizard : Locked navigation on thread : 14&#xD;
Wizard : Navigating to page 1 on thread 14&#xD;
Wizard : Completed navigation to page 1 on thread 17&#xD;
Wizard : Released lock navigation on thread : 17</StdOut>
      </Output>
    </UnitTestResult>
    <UnitTestResult executionId="f8ff39d4-80f8-4e2b-968e-76dc744054ff" testId="578794d4-5ba7-7fb1-91c8-0222ba3f2584" testName="ThresholdColorConverter_Success" computerName="DKSR-EFI-04" duration="00:00:00.0006861" startTime="2023-12-22T09:33:37.9437771+01:00" endTime="2023-12-22T09:33:37.9437771+01:00" testType="13cdc9d9-ddb5-4fa4-a97d-d965ccfc6d4b" outcome="Passed" testListId="8c84fa94-04c1-424b-9868-57a2d4851a1d" relativeResultsDirectory="f8ff39d4-80f8-4e2b-968e-76dc744054ff" />
    <UnitTestResult executionId="44cf85d8-9ce9-4bd2-975f-c78ba22c3229" testId="cc799fb6-1db2-eaea-ac66-ffcf960e7b46" testName="NavigatingAway_SelectedItemsSetOnDataTest" computerName="DKSR-EFI-04" duration="00:00:00.0012677" startTime="2023-12-22T09:33:36.1781409+01:00" endTime="2023-12-22T09:33:36.1781409+01:00" testType="13cdc9d9-ddb5-4fa4-a97d-d965ccfc6d4b" outcome="Passed" testListId="8c84fa94-04c1-424b-9868-57a2d4851a1d" relativeResultsDirectory="44cf85d8-9ce9-4bd2-975f-c78ba22c3229" />
    <UnitTestResult executionId="48619f08-1588-4f00-95bd-92ae961c36c4" testId="984ea193-6ced-c93b-d0dc-9a87f25076ce" testName="NavigatingTo_Selection_UnavailableItemTest" computerName="DKSR-EFI-04" duration="00:00:00.0005487" startTime="2023-12-22T09:33:33.3812565+01:00" endTime="2023-12-22T09:33:33.3812565+01:00" testType="13cdc9d9-ddb5-4fa4-a97d-d965ccfc6d4b" outcome="Passed" testListId="8c84fa94-04c1-424b-9868-57a2d4851a1d" relativeResultsDirectory="48619f08-1588-4f00-95bd-92ae961c36c4" />
    <UnitTestResult executionId="8665da3f-af40-4414-b1a4-18139a923ff6" testId="63f7da69-8862-a50a-b4b5-c960f744aef1" testName="NullObjectConvertsToCollapsed" computerName="DKSR-EFI-04" duration="00:00:00.0002549" startTime="2023-12-22T09:33:42.7562990+01:00" endTime="2023-12-22T09:33:42.7562990+01:00" testType="13cdc9d9-ddb5-4fa4-a97d-d965ccfc6d4b" outcome="Passed" testListId="8c84fa94-04c1-424b-9868-57a2d4851a1d" relativeResultsDirectory="8665da3f-af40-4414-b1a4-18139a923ff6" />
    <UnitTestResult executionId="69c6cff5-7652-4061-86b8-fefecf21e08a" testId="42ddcfb5-f49b-cca3-6c6f-4fc9774ef35a" testName="CalcuateNewColumnWidths_Mixed_Width" computerName="DKSR-EFI-04" duration="00:00:00.0008187" startTime="2023-12-22T09:33:37.9906517+01:00" endTime="2023-12-22T09:33:37.9906517+01:00" testType="13cdc9d9-ddb5-4fa4-a97d-d965ccfc6d4b" outcome="Passed" testListId="8c84fa94-04c1-424b-9868-57a2d4851a1d" relativeResultsDirectory="69c6cff5-7652-4061-86b8-fefecf21e08a" />
    <UnitTestResult executionId="b29bbeaa-8966-42c6-9745-d559292342c5" testId="73990d43-3dbd-c498-8d88-f54a52856eed" testName="SystemDashboard_LookupCalculationBufferMax_Success" computerName="DKSR-EFI-04" duration="00:00:00.0006572" startTime="2023-12-22T09:33:37.1781470+01:00" endTime="2023-12-22T09:33:37.1781470+01:00" testType="13cdc9d9-ddb5-4fa4-a97d-d965ccfc6d4b" outcome="Passed" testListId="8c84fa94-04c1-424b-9868-57a2d4851a1d" relativeResultsDirectory="b29bbeaa-8966-42c6-9745-d559292342c5" />
    <UnitTestResult executionId="7f1b0736-afcd-4252-8a8a-029461355556" testId="17777076-9388-63f2-7e41-e8411bd30918" testName="Convert_MultipleWarnings" computerName="DKSR-EFI-04" duration="00:00:00.0020164" startTime="2023-12-22T09:33:32.6468763+01:00" endTime="2023-12-22T09:33:32.6468763+01:00" testType="13cdc9d9-ddb5-4fa4-a97d-d965ccfc6d4b" outcome="Passed" testListId="8c84fa94-04c1-424b-9868-57a2d4851a1d" relativeResultsDirectory="7f1b0736-afcd-4252-8a8a-029461355556" />
    <UnitTestResult executionId="ca7edd23-0bfd-48ce-850c-a7b4384a99e3" testId="e0edef12-1cb4-857a-12f0-1b58e1a20b13" testName="UpdateSelection_SelectUnsupportedHardwareTest" computerName="DKSR-EFI-04" duration="00:00:00.0005745" startTime="2023-12-22T09:33:36.2250157+01:00" endTime="2023-12-22T09:33:36.2250157+01:00" testType="13cdc9d9-ddb5-4fa4-a97d-d965ccfc6d4b" outcome="Passed" testListId="8c84fa94-04c1-424b-9868-57a2d4851a1d" relativeResultsDirectory="ca7edd23-0bfd-48ce-850c-a7b4384a99e3" />
    <UnitTestResult executionId="5ad7bdc6-03ea-41c9-a1c4-6649c3cd3e22" testId="a77c72ed-02bc-e40a-f245-b17a56645675" testName="Convert_BothInvalidTest" computerName="DKSR-EFI-04" duration="00:00:00.0002052" startTime="2023-12-22T09:33:34.1625074+01:00" endTime="2023-12-22T09:33:34.1625074+01:00" testType="13cdc9d9-ddb5-4fa4-a97d-d965ccfc6d4b" outcome="Passed" testListId="8c84fa94-04c1-424b-9868-57a2d4851a1d" relativeResultsDirectory="5ad7bdc6-03ea-41c9-a1c4-6649c3cd3e22" />
    <UnitTestResult executionId="85717334-50df-4210-926e-bc2f9d1250f6" testId="ca66df3e-996d-ddec-d6b1-59ad7bd2ea20" testName="Constructor_HardwareSelectionEmptyTest" computerName="DKSR-EFI-04" duration="00:00:00.0002893" startTime="2023-12-22T09:33:33.1468787+01:00" endTime="2023-12-22T09:33:33.1468787+01:00" testType="13cdc9d9-ddb5-4fa4-a97d-d965ccfc6d4b" outcome="Passed" testListId="8c84fa94-04c1-424b-9868-57a2d4851a1d" relativeResultsDirectory="85717334-50df-4210-926e-bc2f9d1250f6" />
    <UnitTestResult executionId="8c8f528a-554c-43df-9270-9fba3a068a86" testId="a7f572ea-cebb-1990-3ea9-f8bbb206d1fc" testName="ThresholdLevelHeightMultiValueConverter_Success" computerName="DKSR-EFI-04" duration="00:00:00.0009139" startTime="2023-12-22T09:33:37.9437771+01:00" endTime="2023-12-22T09:33:37.9437771+01:00" testType="13cdc9d9-ddb5-4fa4-a97d-d965ccfc6d4b" outcome="Passed" testListId="8c84fa94-04c1-424b-9868-57a2d4851a1d" relativeResultsDirectory="8c8f528a-554c-43df-9270-9fba3a068a86" />
    <UnitTestResult executionId="2c0bd094-2351-45a9-bc6f-7afbc5ae4893" testId="6f18b2fa-7718-8add-a5ae-a605498e1f2a" testName="Constructor_HardwareSelectionEmptyTest" computerName="DKSR-EFI-04" duration="00:00:00.0001578" startTime="2023-12-22T09:33:36.3656438+01:00" endTime="2023-12-22T09:33:36.3656438+01:00" testType="13cdc9d9-ddb5-4fa4-a97d-d965ccfc6d4b" outcome="Passed" testListId="8c84fa94-04c1-424b-9868-57a2d4851a1d" relativeResultsDirectory="2c0bd094-2351-45a9-bc6f-7afbc5ae4893" />
    <UnitTestResult executionId="ade94df3-9427-4312-8834-3f9c0f15f79e" testId="881375b9-0ac3-4207-9457-fab7c100ab70" testName="TestInvalidNodeException" computerName="DKSR-EFI-04" duration="00:00:00.0079915" startTime="2023-12-22T09:33:31.7249945+01:00" endTime="2023-12-22T09:33:32.2093713+01:00" testType="13cdc9d9-ddb5-4fa4-a97d-d965ccfc6d4b" outcome="Passed" testListId="8c84fa94-04c1-424b-9868-57a2d4851a1d" relativeResultsDirectory="ade94df3-9427-4312-8834-3f9c0f15f79e" />
    <UnitTestResult executionId="e5959ef3-d9d7-45ac-903e-19c1dfa0d365" testId="aafdc42a-ff16-1366-784e-915ed789f48b" testName="NextCommand_CanExecute_PageInvalidTest" computerName="DKSR-EFI-04" duration="00:00:00.0009140" startTime="2023-12-22T09:33:34.4437571+01:00" endTime="2023-12-22T09:33:34.4593844+01:00" testType="13cdc9d9-ddb5-4fa4-a97d-d965ccfc6d4b" outcome="Passed" testListId="8c84fa94-04c1-424b-9868-57a2d4851a1d" relativeResultsDirectory="e5959ef3-d9d7-45ac-903e-19c1dfa0d365">
      <Output>
        <StdOut>Debug Trace:&#xD;
Wizard : Locked navigation on thread : 14&#xD;
Wizard : Navigating to page 0 on thread 14&#xD;
Wizard : Completed navigation to page 0 on thread 17&#xD;
Wizard : Locked navigation on thread : 14&#xD;
Wizard : Navigating to page 1 on thread 14&#xD;
Wizard : Released lock navigation on thread : 17&#xD;
Wizard : Completed navigation to page 1 on thread 17&#xD;
Wizard : Released lock navigation on thread : 17</StdOut>
      </Output>
    </UnitTestResult>
    <UnitTestResult executionId="006621b3-4595-4fe3-83ce-c8954992c650" testId="34d831f2-d083-7c8d-f827-fa4262179f67" testName="PreviousCommand_CanExecute_PageInvalidTest" computerName="DKSR-EFI-04" duration="00:00:00.0006369" startTime="2023-12-22T09:33:34.7250100+01:00" endTime="2023-12-22T09:33:34.7250100+01:00" testType="13cdc9d9-ddb5-4fa4-a97d-d965ccfc6d4b" outcome="Passed" testListId="8c84fa94-04c1-424b-9868-57a2d4851a1d" relativeResultsDirectory="006621b3-4595-4fe3-83ce-c8954992c650">
      <Output>
        <StdOut>Debug Trace:&#xD;
Wizard : Locked navigation on thread : 14&#xD;
Wizard : Navigating to page 0 on thread 14&#xD;
Wizard : Completed navigation to page 0 on thread 17&#xD;
Wizard : Released lock navigation on thread : 17&#xD;
Wizard : Locked navigation on thread : 14&#xD;
Wizard : Navigating to page 1 on thread 14&#xD;
Wizard : Completed navigation to page 1 on thread 18&#xD;
Wizard : Released lock navigation on thread : 18</StdOut>
      </Output>
    </UnitTestResult>
    <UnitTestResult executionId="c7643bdc-b5ce-44a8-9296-a528dc025fb1" testId="88f832f0-850e-8880-bbd0-b9ac6891d2a8" testName="SortBaseCommon_Reverse_ReverseIsNotSameTest" computerName="DKSR-EFI-04" duration="00:00:00.0003276" startTime="2023-12-22T09:33:39.1625317+01:00" endTime="2023-12-22T09:33:39.1625317+01:00" testType="13cdc9d9-ddb5-4fa4-a97d-d965ccfc6d4b" outcome="Passed" testListId="8c84fa94-04c1-424b-9868-57a2d4851a1d" relativeResultsDirectory="c7643bdc-b5ce-44a8-9296-a528dc025fb1" />
    <UnitTestResult executionId="7226593c-94b9-406e-9484-19389c44b4bb" testId="42e3ec46-8434-fb59-57e1-2b220e65a4e0" testName="InitialFocus_SetEnabled_FrameworkElement_True_Focus_Called" computerName="DKSR-EFI-04" duration="00:00:00.0033977" startTime="2023-12-22T09:33:39.0219059+01:00" endTime="2023-12-22T09:33:39.0219059+01:00" testType="13cdc9d9-ddb5-4fa4-a97d-d965ccfc6d4b" outcome="Passed" testListId="8c84fa94-04c1-424b-9868-57a2d4851a1d" relativeResultsDirectory="7226593c-94b9-406e-9484-19389c44b4bb" />
    <UnitTestResult executionId="4d9a8008-8172-4382-a817-94b4cf93b61a" testId="e5a959f9-42e9-cab2-d5b3-b860c76790d1" testName="ConvertTrueToVisibleTest" computerName="DKSR-EFI-04" duration="00:00:00.0006094" startTime="2023-12-22T09:33:39.3344100+01:00" endTime="2023-12-22T09:33:39.3344100+01:00" testType="13cdc9d9-ddb5-4fa4-a97d-d965ccfc6d4b" outcome="Passed" testListId="8c84fa94-04c1-424b-9868-57a2d4851a1d" relativeResultsDirectory="4d9a8008-8172-4382-a817-94b4cf93b61a" />
    <UnitTestResult executionId="b9a418bb-8c0e-4e98-ba9b-e49b28cab81a" testId="574c2c90-0245-de82-999d-96c7fabf75f0" testName="Constructor_DataNotChangedDuringConstructionTest" computerName="DKSR-EFI-04" duration="00:00:00.0001303" startTime="2023-12-22T09:33:33.4750032+01:00" endTime="2023-12-22T09:33:33.4750032+01:00" testType="13cdc9d9-ddb5-4fa4-a97d-d965ccfc6d4b" outcome="Passed" testListId="8c84fa94-04c1-424b-9868-57a2d4851a1d" relativeResultsDirectory="b9a418bb-8c0e-4e98-ba9b-e49b28cab81a" />
    <UnitTestResult executionId="e557076a-db19-437a-a41c-91c94f519240" testId="1faf9f68-c3ff-50da-2a1f-6c99784ad39d" testName="NavigatingTo_Selection_FromHandler_UnavailableItemsTest" computerName="DKSR-EFI-04" duration="00:00:00.0004414" startTime="2023-12-22T09:33:33.5062558+01:00" endTime="2023-12-22T09:33:33.5062558+01:00" testType="13cdc9d9-ddb5-4fa4-a97d-d965ccfc6d4b" outcome="Passed" testListId="8c84fa94-04c1-424b-9868-57a2d4851a1d" relativeResultsDirectory="e557076a-db19-437a-a41c-91c94f519240" />
    <UnitTestResult executionId="193c5946-e479-4507-9b85-508e0784577e" testId="912b14b8-7a65-de53-0707-a491d0e913c9" testName="NavigatingTo_ErrorHandling_FindStorages_UnknownExceptionTest" computerName="DKSR-EFI-04" duration="00:00:00.0007911" startTime="2023-12-22T09:33:33.4593782+01:00" endTime="2023-12-22T09:33:33.4593782+01:00" testType="13cdc9d9-ddb5-4fa4-a97d-d965ccfc6d4b" outcome="Passed" testListId="8c84fa94-04c1-424b-9868-57a2d4851a1d" relativeResultsDirectory="193c5946-e479-4507-9b85-508e0784577e" />
    <UnitTestResult executionId="62713b3a-bd53-421d-9090-70114766b43b" testId="aeffa11a-d192-2ae9-a123-63fc3e4aae88" testName="CurrentStatus_PostNavigatingTo_NoPreselectionTest" computerName="DKSR-EFI-04" duration="00:00:00.0001484" startTime="2023-12-22T09:33:33.4125039+01:00" endTime="2023-12-22T09:33:33.4125039+01:00" testType="13cdc9d9-ddb5-4fa4-a97d-d965ccfc6d4b" outcome="Passed" testListId="8c84fa94-04c1-424b-9868-57a2d4851a1d" relativeResultsDirectory="62713b3a-bd53-421d-9090-70114766b43b" />
    <UnitTestResult executionId="4c8d578e-7728-44be-a387-f3dc2096c462" testId="2d30d128-9f15-2775-2d44-d26e75f0ffcf" testName="Convert_Error_ValuesTooShortTest" computerName="DKSR-EFI-04" duration="00:00:00.0006210" startTime="2023-12-22T09:33:34.1312584+01:00" endTime="2023-12-22T09:33:34.1312584+01:00" testType="13cdc9d9-ddb5-4fa4-a97d-d965ccfc6d4b" outcome="Passed" testListId="8c84fa94-04c1-424b-9868-57a2d4851a1d" relativeResultsDirectory="4c8d578e-7728-44be-a387-f3dc2096c462" />
    <UnitTestResult executionId="701b3ec2-a061-4b97-83f4-4577893c5583" testId="8acef0c7-e31c-985c-7262-db84b8b0d8de" testName="AllHardwareSelected_Event_ToAllSelectedTest" computerName="DKSR-EFI-04" duration="00:00:00.0007208" startTime="2023-12-22T09:33:33.5843788+01:00" endTime="2023-12-22T09:33:33.5843788+01:00" testType="13cdc9d9-ddb5-4fa4-a97d-d965ccfc6d4b" outcome="Passed" testListId="8c84fa94-04c1-424b-9868-57a2d4851a1d" relativeResultsDirectory="701b3ec2-a061-4b97-83f4-4577893c5583" />
    <UnitTestResult executionId="8460e94b-5951-4f2a-981c-ae54ecca57e2" testId="28ead278-d054-6f5e-1c4e-fc95724ed668" testName="NavigatingTo_ExceptionHandling_OtherException_PreselectedThrowsTest" computerName="DKSR-EFI-04" duration="00:00:00.0006504" startTime="2023-12-22T09:33:33.5218776+01:00" endTime="2023-12-22T09:33:33.5218776+01:00" testType="13cdc9d9-ddb5-4fa4-a97d-d965ccfc6d4b" outcome="Passed" testListId="8c84fa94-04c1-424b-9868-57a2d4851a1d" relativeResultsDirectory="8460e94b-5951-4f2a-981c-ae54ecca57e2" />
    <UnitTestResult executionId="4b2a4786-2c95-4469-ad1d-808d3008d219" testId="153b871b-5165-582e-f348-a688fbf71627" testName="SortBaseCommon_IsEquivalentOf_SortDescriptionCollection_DifferentListTest" computerName="DKSR-EFI-04" duration="00:00:00.0000133" startTime="2023-12-22T09:33:39.3187807+01:00" endTime="2023-12-22T09:33:39.3187807+01:00" testType="13cdc9d9-ddb5-4fa4-a97d-d965ccfc6d4b" outcome="Passed" testListId="8c84fa94-04c1-424b-9868-57a2d4851a1d" relativeResultsDirectory="4b2a4786-2c95-4469-ad1d-808d3008d219" />
    <UnitTestResult executionId="030005a7-aaca-4a8a-ac7f-a1f838d6b6e3" testId="605d7948-e173-c277-eb40-a6a556e97352" testName="Convert_ToBool_UsageOnly_AvailableNullTest" computerName="DKSR-EFI-04" duration="00:00:00.0001792" startTime="2023-12-22T09:33:34.2250063+01:00" endTime="2023-12-22T09:33:34.2250063+01:00" testType="13cdc9d9-ddb5-4fa4-a97d-d965ccfc6d4b" outcome="Passed" testListId="8c84fa94-04c1-424b-9868-57a2d4851a1d" relativeResultsDirectory="030005a7-aaca-4a8a-ac7f-a1f838d6b6e3" />
    <UnitTestResult executionId="587e8fa4-2c24-4f72-8598-72c9075fb035" testId="4bbee128-d1d9-ad2d-c1b2-ad8628a55e29" testName="Convert_AllValues" computerName="DKSR-EFI-04" duration="00:00:00.0016409" startTime="2023-12-22T09:33:34.2406335+01:00" endTime="2023-12-22T09:33:34.2406335+01:00" testType="13cdc9d9-ddb5-4fa4-a97d-d965ccfc6d4b" outcome="Passed" testListId="8c84fa94-04c1-424b-9868-57a2d4851a1d" relativeResultsDirectory="587e8fa4-2c24-4f72-8598-72c9075fb035" />
    <UnitTestResult executionId="14f841b4-b202-4eb3-9642-f8ceca8eedfc" testId="1215b13d-bdb0-e0b6-e15f-33774c017240" testName="Convert_Null_Input_Throws_ArgumentNullException" computerName="DKSR-EFI-04" duration="00:00:00.0118430" startTime="2023-12-22T09:33:34.2875052+01:00" endTime="2023-12-22T09:33:34.2875052+01:00" testType="13cdc9d9-ddb5-4fa4-a97d-d965ccfc6d4b" outcome="Passed" testListId="8c84fa94-04c1-424b-9868-57a2d4851a1d" relativeResultsDirectory="14f841b4-b202-4eb3-9642-f8ceca8eedfc">
      <Output>
        <StdOut>Debug Trace:&#xD;
Fail: Argument null</StdOut>
      </Output>
    </UnitTestResult>
    <UnitTestResult executionId="48cbfa9e-2917-49f9-a60b-9d26ba2eb00f" testId="af0a5896-0a4c-d96f-b5de-90fa8dfee835" testName="ConvertValues_Success" computerName="DKSR-EFI-04" duration="00:00:00.0007185" startTime="2023-12-22T09:33:37.8500239+01:00" endTime="2023-12-22T09:33:37.8500239+01:00" testType="13cdc9d9-ddb5-4fa4-a97d-d965ccfc6d4b" outcome="Passed" testListId="8c84fa94-04c1-424b-9868-57a2d4851a1d" relativeResultsDirectory="48cbfa9e-2917-49f9-a60b-9d26ba2eb00f" />
    <UnitTestResult executionId="d6c304e8-3194-49a9-a9d3-5b282425cc5d" testId="8af5a4ee-949f-cc1e-1ec9-dd44ada4b249" testName="Constructor_NullDataTest" computerName="DKSR-EFI-04" duration="00:00:00.1475829" startTime="2023-12-22T09:33:34.9437623+01:00" endTime="2023-12-22T09:33:35.1000123+01:00" testType="13cdc9d9-ddb5-4fa4-a97d-d965ccfc6d4b" outcome="Passed" testListId="8c84fa94-04c1-424b-9868-57a2d4851a1d" relativeResultsDirectory="d6c304e8-3194-49a9-a9d3-5b282425cc5d" />
    <UnitTestResult executionId="d498bd37-6bad-4d1f-b1c6-069007f36754" testId="1908cd4e-24f5-f838-8022-09f0e59c3b4e" testName="AllHardwareSelected_Event_FromAllSelectedTest" computerName="DKSR-EFI-04" duration="00:00:00.0009441" startTime="2023-12-22T09:33:36.2875155+01:00" endTime="2023-12-22T09:33:36.3031432+01:00" testType="13cdc9d9-ddb5-4fa4-a97d-d965ccfc6d4b" outcome="Passed" testListId="8c84fa94-04c1-424b-9868-57a2d4851a1d" relativeResultsDirectory="d498bd37-6bad-4d1f-b1c6-069007f36754" />
    <UnitTestResult executionId="0d5a628f-b71b-4ff1-918f-c012e61cabe6" testId="fcfb7573-cd39-006e-136b-f37556763b5f" testName="ConvertFalseToHiddenTest" computerName="DKSR-EFI-04" duration="00:00:00.0002764" startTime="2023-12-22T09:33:39.3187807+01:00" endTime="2023-12-22T09:33:39.3187807+01:00" testType="13cdc9d9-ddb5-4fa4-a97d-d965ccfc6d4b" outcome="Passed" testListId="8c84fa94-04c1-424b-9868-57a2d4851a1d" relativeResultsDirectory="0d5a628f-b71b-4ff1-918f-c012e61cabe6" />
    <UnitTestResult executionId="10a548ba-a982-4b94-9d2f-df7750a2734c" testId="b779b1a6-63cd-8aae-926b-05298ce423dc" testName="Convert_Parameters_Value_NullTest" computerName="DKSR-EFI-04" duration="00:00:00.0006819" startTime="2023-12-22T09:33:34.1000078+01:00" endTime="2023-12-22T09:33:34.1000078+01:00" testType="13cdc9d9-ddb5-4fa4-a97d-d965ccfc6d4b" outcome="Passed" testListId="8c84fa94-04c1-424b-9868-57a2d4851a1d" relativeResultsDirectory="10a548ba-a982-4b94-9d2f-df7750a2734c" />
    <UnitTestResult executionId="1507b4da-a0fb-436a-97ac-db4c6ab5b3a3" testId="71c33396-e1aa-4357-206d-6e3f9c764281" testName="Convert_UsageOnly_AvailableNegativeTest" computerName="DKSR-EFI-04" duration="00:00:00.0002744" startTime="2023-12-22T09:33:34.1468802+01:00" endTime="2023-12-22T09:33:34.1468802+01:00" testType="13cdc9d9-ddb5-4fa4-a97d-d965ccfc6d4b" outcome="Passed" testListId="8c84fa94-04c1-424b-9868-57a2d4851a1d" relativeResultsDirectory="1507b4da-a0fb-436a-97ac-db4c6ab5b3a3" />
  </Results>
  <TestDefinitions>
    <UnitTest name="CurrentStatus_Event_ClearSelectionTest" storage="d:\actions-runner\_work\xpco\xpco\corporate\videoos.administration.wpfcontrols.unittests\bin\x64\debug\net472\videoos.administration.wpfcontrols.unittests.dll" id="54d033f5-1cd6-8e20-ad06-b1f6027bbcb6">
      <Owners>
        <Owner name="max" />
      </Owners>
      <Execution id="36e9bdc8-81b4-413f-8849-73e8b24506d6" />
      <TestMethod codeBase="D:\actions-runner\_work\XPCO\XPCO\Corporate\VideoOS.Administration.WpfControls.UnitTests\bin\x64\Debug\net472\VideoOS.Administration.WpfControls.UnitTests.dll" adapterTypeName="executor://mstestadapter/v2" className="VideoOS.Administration.WpfControls.UnitTests.Wizards.ChangeHardwarePassword.PageViewModelHardwareSelectionTest" name="CurrentStatus_Event_ClearSelectionTest" />
    </UnitTest>
    <UnitTest name="AllHardwareSelected_Event_FromAllSelectedTest" storage="d:\actions-runner\_work\xpco\xpco\corporate\videoos.administration.wpfcontrols.unittests\bin\x64\debug\net472\videoos.administration.wpfcontrols.unittests.dll" id="26999113-1198-9909-f7e6-5ef0cd5248b1">
      <Owners>
        <Owner name="lsk" />
      </Owners>
      <Execution id="b2156cc3-110e-4c5e-b118-7c0a2619f1ff" />
      <TestMethod codeBase="D:\actions-runner\_work\XPCO\XPCO\Corporate\VideoOS.Administration.WpfControls.UnitTests\bin\x64\Debug\net472\VideoOS.Administration.WpfControls.UnitTests.dll" adapterTypeName="executor://mstestadapter/v2" className="VideoOS.Administration.WpfControls.UnitTests.Wizards.MoveHardware.PageViewModelHardwareSelectionTest" name="AllHardwareSelected_Event_FromAllSelectedTest" />
    </UnitTest>
    <UnitTest name="NavigatingTo_PartialSuccessfulChange_OperationsStatusMixed" storage="d:\actions-runner\_work\xpco\xpco\corporate\videoos.administration.wpfcontrols.unittests\bin\x64\debug\net472\videoos.administration.wpfcontrols.unittests.dll" id="99a311e0-229d-97f1-d454-776a4dfcc863">
      <Owners>
        <Owner name="max" />
      </Owners>
      <Execution id="c95406c9-acc3-4a92-9dcc-db9a2655ed0c" />
      <TestMethod codeBase="D:\actions-runner\_work\XPCO\XPCO\Corporate\VideoOS.Administration.WpfControls.UnitTests\bin\x64\Debug\net472\VideoOS.Administration.WpfControls.UnitTests.dll" adapterTypeName="executor://mstestadapter/v2" className="VideoOS.Administration.WpfControls.UnitTests.Wizards.ChangeHardwarePassword.PageViewModelChangeHardwarePasswordProgressTest" name="NavigatingTo_PartialSuccessfulChange_OperationsStatusMixed" />
    </UnitTest>
    <UnitTest name="NullParameterThrows" storage="d:\actions-runner\_work\xpco\xpco\corporate\videoos.administration.wpfcontrols.unittests\bin\x64\debug\net472\videoos.administration.wpfcontrols.unittests.dll" id="217362c6-f836-1e13-6eca-0100f06814cb">
      <Execution id="4850ddd8-3d89-4b43-b6a5-4fdfb6474e60" />
      <TestMethod codeBase="D:\actions-runner\_work\XPCO\XPCO\Corporate\VideoOS.Administration.WpfControls.UnitTests\bin\x64\Debug\net472\VideoOS.Administration.WpfControls.UnitTests.dll" adapterTypeName="executor://mstestadapter/v2" className="VideoOS.Administration.WpfControls.UnitTests.HardwareSetupDialog.Converters.StatusToVisibilityConverterUnitTests" name="NullParameterThrows" />
    </UnitTest>
    <UnitTest name="NavigatingAway_SelectedItemsSetOnDataTest" storage="d:\actions-runner\_work\xpco\xpco\corporate\videoos.administration.wpfcontrols.unittests\bin\x64\debug\net472\videoos.administration.wpfcontrols.unittests.dll" id="f14b365a-cfce-1f3a-b91f-ae9275ac5e3e">
      <Owners>
        <Owner name="lsk" />
      </Owners>
      <Execution id="548e2321-8dc3-4c29-b8e7-8602d090dc9a" />
      <TestMethod codeBase="D:\actions-runner\_work\XPCO\XPCO\Corporate\VideoOS.Administration.WpfControls.UnitTests\bin\x64\Debug\net472\VideoOS.Administration.WpfControls.UnitTests.dll" adapterTypeName="executor://mstestadapter/v2" className="VideoOS.Administration.WpfControls.UnitTests.Wizards.MoveHardware.PageViewModelHardwareSelectionTest" name="NavigatingAway_SelectedItemsSetOnDataTest" />
    </UnitTest>
    <UnitTest name="NavigatingTo_ErrorHandling_FindStorages_MoveHardwareExceptionTest" storage="d:\actions-runner\_work\xpco\xpco\corporate\videoos.administration.wpfcontrols.unittests\bin\x64\debug\net472\videoos.administration.wpfcontrols.unittests.dll" id="176b2712-3712-9031-e728-6aa2f634400d">
      <Owners>
        <Owner name="lsk" />
      </Owners>
      <Execution id="947a09b7-a2e1-4b42-891d-091538d772e4" />
      <TestMethod codeBase="D:\actions-runner\_work\XPCO\XPCO\Corporate\VideoOS.Administration.WpfControls.UnitTests\bin\x64\Debug\net472\VideoOS.Administration.WpfControls.UnitTests.dll" adapterTypeName="executor://mstestadapter/v2" className="VideoOS.Administration.WpfControls.UnitTests.Wizards.MoveHardware.PageViewModelDestinationStorageSelectionTest" name="NavigatingTo_ErrorHandling_FindStorages_MoveHardwareExceptionTest" />
    </UnitTest>
    <UnitTest name="SortBaseCommon_Equality_Object_ReverseTest" storage="d:\actions-runner\_work\xpco\xpco\corporate\videoos.administration.wpfcontrols.unittests\bin\x64\debug\net472\videoos.administration.wpfcontrols.unittests.dll" id="e212a447-e174-d204-3c14-c76c16f18c61">
      <Owners>
        <Owner name="lsk" />
      </Owners>
      <Execution id="ebf0e5a3-13f7-4549-b3ee-4d176e20545f" />
      <TestMethod codeBase="D:\actions-runner\_work\XPCO\XPCO\Corporate\VideoOS.Administration.WpfControls.UnitTests\bin\x64\Debug\net472\VideoOS.Administration.WpfControls.UnitTests.dll" adapterTypeName="executor://mstestadapter/v2" className="VideoOS.Administration.WpfControls.UnitTests.Mvvm.Sort.SimpleSortTest" name="SortBaseCommon_Equality_Object_ReverseTest" />
    </UnitTest>
    <UnitTest name="PreviousCommand_CanExecute_FirstPageTest" storage="d:\actions-runner\_work\xpco\xpco\corporate\videoos.administration.wpfcontrols.unittests\bin\x64\debug\net472\videoos.administration.wpfcontrols.unittests.dll" id="633658f7-c0fd-a8b8-e0ff-2f63f1f3cc65">
      <Owners>
        <Owner name="lsk" />
      </Owners>
      <Execution id="f0e70655-3a83-4da1-8bb2-be070bf04014" />
      <TestMethod codeBase="D:\actions-runner\_work\XPCO\XPCO\Corporate\VideoOS.Administration.WpfControls.UnitTests\bin\x64\Debug\net472\VideoOS.Administration.WpfControls.UnitTests.dll" adapterTypeName="executor://mstestadapter/v2" className="VideoOS.Administration.WpfControls.UnitTests.Wizards.Common.WizardBaseViewModelTest" name="PreviousCommand_CanExecute_FirstPageTest" />
    </UnitTest>
    <UnitTest name="Convert_Error_ValuesNullTest" storage="d:\actions-runner\_work\xpco\xpco\corporate\videoos.administration.wpfcontrols.unittests\bin\x64\debug\net472\videoos.administration.wpfcontrols.unittests.dll" id="a02d8109-78ab-1cfd-6223-756899faeccf">
      <Owners>
        <Owner name="lsk" />
      </Owners>
      <Execution id="1b2b69d5-3bf9-4123-bfae-607759ce853a" />
      <TestMethod codeBase="D:\actions-runner\_work\XPCO\XPCO\Corporate\VideoOS.Administration.WpfControls.UnitTests\bin\x64\Debug\net472\VideoOS.Administration.WpfControls.UnitTests.dll" adapterTypeName="executor://mstestadapter/v2" className="VideoOS.Administration.WpfControls.UnitTests.Wizards.MoveHardware.UsagePercentageMultiValueConverterTest" name="Convert_Error_ValuesNullTest" />
    </UnitTest>
    <UnitTest name="MessageBoxImageExtensions_AsWinFormsMessageBoxIcon_Check_Expected_Output" storage="d:\actions-runner\_work\xpco\xpco\corporate\videoos.administration.wpfcontrols.unittests\bin\x64\debug\net472\videoos.administration.wpfcontrols.unittests.dll" id="05c2529e-424a-36cc-4c1f-05db0a419425">
      <Execution id="efe1921e-2c46-4da7-aaa9-b780042f97d1" />
      <TestMethod codeBase="D:\actions-runner\_work\XPCO\XPCO\Corporate\VideoOS.Administration.WpfControls.UnitTests\bin\x64\Debug\net472\VideoOS.Administration.WpfControls.UnitTests.dll" adapterTypeName="executor://mstestadapter/v2" className="VideoOS.Administration.WpfControls.UnitTests.Interop.MessageBoxImageExtensionsUnitTests" name="MessageBoxImageExtensions_AsWinFormsMessageBoxIcon_Check_Expected_Output" />
    </UnitTest>
    <UnitTest name="HandledVmoAccessTests_ProperReturnValueIfVmoException" storage="d:\actions-runner\_work\xpco\xpco\corporate\videoos.administration.wpfcontrols.unittests\bin\x64\debug\net472\videoos.administration.wpfcontrols.unittests.dll" id="37429f34-1b2d-b12a-94f9-bff144f2a224">
      <Execution id="3f38d6f8-118d-4674-9aaa-7166f6713f75" />
      <TestMethod codeBase="D:\actions-runner\_work\XPCO\XPCO\Corporate\VideoOS.Administration.WpfControls.UnitTests\bin\x64\Debug\net472\VideoOS.Administration.WpfControls.UnitTests.dll" adapterTypeName="executor://mstestadapter/v2" className="VideoOS.Administration.WpfControls.UnitTests.SystemMonitorEventThresholds.HandledVmoAccessTests" name="HandledVmoAccessTests_ProperReturnValueIfVmoException" />
    </UnitTest>
    <UnitTest name="SortBaseCommon_GetHashCode_EqualInstancesTest" storage="d:\actions-runner\_work\xpco\xpco\corporate\videoos.administration.wpfcontrols.unittests\bin\x64\debug\net472\videoos.administration.wpfcontrols.unittests.dll" id="2856e573-df47-5a7b-92cd-4e7224eeb3a7">
      <Owners>
        <Owner name="lsk" />
      </Owners>
      <Execution id="ea611edc-7580-4956-a23c-f10da7e630d3" />
      <TestMethod codeBase="D:\actions-runner\_work\XPCO\XPCO\Corporate\VideoOS.Administration.WpfControls.UnitTests\bin\x64\Debug\net472\VideoOS.Administration.WpfControls.UnitTests.dll" adapterTypeName="executor://mstestadapter/v2" className="VideoOS.Administration.WpfControls.UnitTests.Mvvm.Sort.SimpleSortWithFallbackTest" name="SortBaseCommon_GetHashCode_EqualInstancesTest" />
    </UnitTest>
    <UnitTest name="ConvertTrueToVisibleTest" storage="d:\actions-runner\_work\xpco\xpco\corporate\videoos.administration.wpfcontrols.unittests\bin\x64\debug\net472\videoos.administration.wpfcontrols.unittests.dll" id="3c2e0b70-8de4-72c4-7074-0bbab96b51de">
      <Execution id="09a51bc6-5165-4c82-94aa-c8ef830f6124" />
      <TestMethod codeBase="D:\actions-runner\_work\XPCO\XPCO\Corporate\VideoOS.Administration.WpfControls.UnitTests\bin\x64\Debug\net472\VideoOS.Administration.WpfControls.UnitTests.dll" adapterTypeName="executor://mstestadapter/v2" className="VideoOS.Administration.WpfControls.UnitTests.Mvvm.Converters.InverseBoolToCollapsedConverterUnitTests" name="ConvertTrueToVisibleTest" />
    </UnitTest>
    <UnitTest name="ValueRounding_Success" storage="d:\actions-runner\_work\xpco\xpco\corporate\videoos.administration.wpfcontrols.unittests\bin\x64\debug\net472\videoos.administration.wpfcontrols.unittests.dll" id="6ccba33d-bc0f-8f72-0f2a-7c964b3c53bb">
      <TestCategory>
        <TestCategoryItem TestCategory="SystemMonitorEventThresholds" />
      </TestCategory>
      <Execution id="03fc4fea-cc0d-468d-b549-3772447003d0" />
      <TestMethod codeBase="D:\actions-runner\_work\XPCO\XPCO\Corporate\VideoOS.Administration.WpfControls.UnitTests\bin\x64\Debug\net472\VideoOS.Administration.WpfControls.UnitTests.dll" adapterTypeName="executor://mstestadapter/v2" className="VideoOS.Administration.WpfControls.UnitTests.SystemMonitorEventThresholds.ViewModel.Slider.ThresholdValueConverterTests" name="ValueRounding_Success" />
    </UnitTest>
    <UnitTest name="UnselectHardware_ValidItemWithDuplicateMacAddress" storage="d:\actions-runner\_work\xpco\xpco\corporate\videoos.administration.wpfcontrols.unittests\bin\x64\debug\net472\videoos.administration.wpfcontrols.unittests.dll" id="14269668-7653-ecd1-825b-a7a673e60d0d">
      <Owners>
        <Owner name="max" />
      </Owners>
      <Execution id="7b757ae8-11d7-4074-8927-793a44c1faf2" />
      <TestMethod codeBase="D:\actions-runner\_work\XPCO\XPCO\Corporate\VideoOS.Administration.WpfControls.UnitTests\bin\x64\Debug\net472\VideoOS.Administration.WpfControls.UnitTests.dll" adapterTypeName="executor://mstestadapter/v2" className="VideoOS.Administration.WpfControls.UnitTests.Wizards.ChangeHardwarePassword.PageViewModelChangeHardwarePasswordTest" name="UnselectHardware_ValidItemWithDuplicateMacAddress" />
    </UnitTest>
    <UnitTest name="NavigatingTo_AvailableRecorders_NoRecordersTest" storage="d:\actions-runner\_work\xpco\xpco\corporate\videoos.administration.wpfcontrols.unittests\bin\x64\debug\net472\videoos.administration.wpfcontrols.unittests.dll" id="7286f5e5-524e-3d7b-16fe-4652fd6bab68">
      <Owners>
        <Owner name="lsk" />
      </Owners>
      <Execution id="6339f96e-5d25-4c12-9aa9-b06bec3e8982" />
      <TestMethod codeBase="D:\actions-runner\_work\XPCO\XPCO\Corporate\VideoOS.Administration.WpfControls.UnitTests\bin\x64\Debug\net472\VideoOS.Administration.WpfControls.UnitTests.dll" adapterTypeName="executor://mstestadapter/v2" className="VideoOS.Administration.WpfControls.UnitTests.Wizards.MoveHardware.PageViewModelDestinationRecorderSelectionTest" name="NavigatingTo_AvailableRecorders_NoRecordersTest" />
    </UnitTest>
    <UnitTest name="ScheduleNextRun_InvalidParam_Uri_Throws_ArgumentNullException" storage="d:\actions-runner\_work\xpco\xpco\corporate\videoos.administration.wpfcontrols.unittests\bin\x64\debug\net472\videoos.administration.wpfcontrols.unittests.dll" id="09050f9d-0ba1-b1c3-c744-3e219f2d1347">
      <TestCategory>
        <TestCategoryItem TestCategory="VideoOS Administration" />
      </TestCategory>
      <Execution id="6f9c4d49-2d05-48a2-b3a1-d1d0ef13f292" />
      <TestMethod codeBase="D:\actions-runner\_work\XPCO\XPCO\Corporate\VideoOS.Administration.WpfControls.UnitTests\bin\x64\Debug\net472\VideoOS.Administration.WpfControls.UnitTests.dll" adapterTypeName="executor://mstestadapter/v2" className="VideoOS.Administration.WpfControls.UnitTests.Login.ExternalProviderInfoThreadTests" name="ScheduleNextRun_InvalidParam_Uri_Throws_ArgumentNullException" />
    </UnitTest>
    <UnitTest name="ColumnWidthSpec_Relative_With_MaxPercentage_ArgumentException" storage="d:\actions-runner\_work\xpco\xpco\corporate\videoos.administration.wpfcontrols.unittests\bin\x64\debug\net472\videoos.administration.wpfcontrols.unittests.dll" id="65bb21ec-a84a-33c2-5191-d6efaa182c77">
      <Execution id="6229391d-4c82-4499-b0f8-c12625bb5274" />
      <TestMethod codeBase="D:\actions-runner\_work\XPCO\XPCO\Corporate\VideoOS.Administration.WpfControls.UnitTests\bin\x64\Debug\net472\VideoOS.Administration.WpfControls.UnitTests.dll" adapterTypeName="executor://mstestadapter/v2" className="VideoOS.Administration.WpfControls.UnitTests.Mvvm.InitialColumnSizingUnitTests" name="ColumnWidthSpec_Relative_With_MaxPercentage_ArgumentException" />
    </UnitTest>
    <UnitTest name="ScheduleNextRun_InternalExceptionDoesNotRaisesEventOnSiteWorking_Success" storage="d:\actions-runner\_work\xpco\xpco\corporate\videoos.administration.wpfcontrols.unittests\bin\x64\debug\net472\videoos.administration.wpfcontrols.unittests.dll" id="5fcaabbc-76f6-6e4d-a2d0-53d66fcf6b66">
      <TestCategory>
        <TestCategoryItem TestCategory="VideoOS Administration" />
      </TestCategory>
      <Execution id="ccaefc4a-9096-450d-8ef7-30cd1a558824" />
      <TestMethod codeBase="D:\actions-runner\_work\XPCO\XPCO\Corporate\VideoOS.Administration.WpfControls.UnitTests\bin\x64\Debug\net472\VideoOS.Administration.WpfControls.UnitTests.dll" adapterTypeName="executor://mstestadapter/v2" className="VideoOS.Administration.WpfControls.UnitTests.Login.ExternalProviderInfoThreadTests" name="ScheduleNextRun_InternalExceptionDoesNotRaisesEventOnSiteWorking_Success" />
    </UnitTest>
    <UnitTest name="Convert_ArgumentNullException" storage="d:\actions-runner\_work\xpco\xpco\corporate\videoos.administration.wpfcontrols.unittests\bin\x64\debug\net472\videoos.administration.wpfcontrols.unittests.dll" id="16176352-269f-361b-7e4e-9b205c8cdb4f">
      <Execution id="077831ce-8e90-4632-bb82-3eb86a0fbed8" />
      <TestMethod codeBase="D:\actions-runner\_work\XPCO\XPCO\Corporate\VideoOS.Administration.WpfControls.UnitTests\bin\x64\Debug\net472\VideoOS.Administration.WpfControls.UnitTests.dll" adapterTypeName="executor://mstestadapter/v2" className="VideoOS.Administration.WpfControls.UnitTests.Wizards.MoveHardware.StatusToStringValueConverterTest" name="Convert_ArgumentNullException" />
    </UnitTest>
    <UnitTest name="NavigatingTo_NoJobsRunning_HardwareSelected_NavigationCancelled" storage="d:\actions-runner\_work\xpco\xpco\corporate\videoos.administration.wpfcontrols.unittests\bin\x64\debug\net472\videoos.administration.wpfcontrols.unittests.dll" id="fcba034f-b02c-78ea-1bb2-d617ead952ae">
      <Execution id="19ece7f1-4b2a-4cce-94f3-b0f3b149e8aa" />
      <TestMethod codeBase="D:\actions-runner\_work\XPCO\XPCO\Corporate\VideoOS.Administration.WpfControls.UnitTests\bin\x64\Debug\net472\VideoOS.Administration.WpfControls.UnitTests.dll" adapterTypeName="executor://mstestadapter/v2" className="VideoOS.Administration.WpfControls.UnitTests.Wizards.MoveHardware.ViewModel.PageViewModelCheckEdgeJobsTest" name="NavigatingTo_NoJobsRunning_HardwareSelected_NavigationCancelled" />
    </UnitTest>
    <UnitTest name="SortBaseCommon_SortDescriptions_Test" storage="d:\actions-runner\_work\xpco\xpco\corporate\videoos.administration.wpfcontrols.unittests\bin\x64\debug\net472\videoos.administration.wpfcontrols.unittests.dll" id="85ab93fd-c6a4-858f-2f3e-a7ed401d7d66">
      <Owners>
        <Owner name="lsk" />
      </Owners>
      <Execution id="32563346-f6c3-40c8-952a-68dad75517a8" />
      <TestMethod codeBase="D:\actions-runner\_work\XPCO\XPCO\Corporate\VideoOS.Administration.WpfControls.UnitTests\bin\x64\Debug\net472\VideoOS.Administration.WpfControls.UnitTests.dll" adapterTypeName="executor://mstestadapter/v2" className="VideoOS.Administration.WpfControls.UnitTests.Mvvm.Sort.SimpleSortWithFallbackTest" name="SortBaseCommon_SortDescriptions_Test" />
    </UnitTest>
    <UnitTest name="NavigatingTo_ExceptionHandling_MoveHardwareException_FindHardwareThrowsTest" storage="d:\actions-runner\_work\xpco\xpco\corporate\videoos.administration.wpfcontrols.unittests\bin\x64\debug\net472\videoos.administration.wpfcontrols.unittests.dll" id="f4927cb4-3f2d-880e-41ec-49116b838eda">
      <Owners>
        <Owner name="lsk" />
      </Owners>
      <Execution id="93b1fcd9-7753-43bb-9cc2-da1fab3db217" />
      <TestMethod codeBase="D:\actions-runner\_work\XPCO\XPCO\Corporate\VideoOS.Administration.WpfControls.UnitTests\bin\x64\Debug\net472\VideoOS.Administration.WpfControls.UnitTests.dll" adapterTypeName="executor://mstestadapter/v2" className="VideoOS.Administration.WpfControls.UnitTests.Wizards.MoveHardware.PageViewModelHardwareSelectionTest" name="NavigatingTo_ExceptionHandling_MoveHardwareException_FindHardwareThrowsTest" />
    </UnitTest>
    <UnitTest name="NavigatingTo_PageStatus_NoHardwareSelected" storage="d:\actions-runner\_work\xpco\xpco\corporate\videoos.administration.wpfcontrols.unittests\bin\x64\debug\net472\videoos.administration.wpfcontrols.unittests.dll" id="ef144d12-0e43-7cbf-7db2-afda355e4f9e">
      <Owners>
        <Owner name="max" />
      </Owners>
      <Execution id="db6ada80-0f35-4961-8887-e34e598f65fb" />
      <TestMethod codeBase="D:\actions-runner\_work\XPCO\XPCO\Corporate\VideoOS.Administration.WpfControls.UnitTests\bin\x64\Debug\net472\VideoOS.Administration.WpfControls.UnitTests.dll" adapterTypeName="executor://mstestadapter/v2" className="VideoOS.Administration.WpfControls.UnitTests.Wizards.ChangeHardwarePassword.PageViewModelChangeHardwarePasswordTest" name="NavigatingTo_PageStatus_NoHardwareSelected" />
    </UnitTest>
    <UnitTest name="NavigatingAway_SelectedItemsSetOnDataTest" storage="d:\actions-runner\_work\xpco\xpco\corporate\videoos.administration.wpfcontrols.unittests\bin\x64\debug\net472\videoos.administration.wpfcontrols.unittests.dll" id="cc799fb6-1db2-eaea-ac66-ffcf960e7b46">
      <Owners>
        <Owner name="max" />
      </Owners>
      <Execution id="44cf85d8-9ce9-4bd2-975f-c78ba22c3229" />
      <TestMethod codeBase="D:\actions-runner\_work\XPCO\XPCO\Corporate\VideoOS.Administration.WpfControls.UnitTests\bin\x64\Debug\net472\VideoOS.Administration.WpfControls.UnitTests.dll" adapterTypeName="executor://mstestadapter/v2" className="VideoOS.Administration.WpfControls.UnitTests.Wizards.ChangeHardwarePassword.PageViewModelHardwareSelectionTest" name="NavigatingAway_SelectedItemsSetOnDataTest" />
    </UnitTest>
    <UnitTest name="Validate_WithPasswordManualEntry_RequiresUppercase_Fails" storage="d:\actions-runner\_work\xpco\xpco\corporate\videoos.administration.wpfcontrols.unittests\bin\x64\debug\net472\videoos.administration.wpfcontrols.unittests.dll" id="1a954e8b-825e-3cc7-8516-31b60fcf13fc">
      <Owners>
        <Owner name="max" />
      </Owners>
      <Execution id="78a464a4-f046-4c88-9d66-276e4ce56217" />
      <TestMethod codeBase="D:\actions-runner\_work\XPCO\XPCO\Corporate\VideoOS.Administration.WpfControls.UnitTests\bin\x64\Debug\net472\VideoOS.Administration.WpfControls.UnitTests.dll" adapterTypeName="executor://mstestadapter/v2" className="VideoOS.Administration.WpfControls.UnitTests.Wizards.ChangeHardwarePassword.PageViewModelChangeHardwarePasswordTest" name="Validate_WithPasswordManualEntry_RequiresUppercase_Fails" />
    </UnitTest>
    <UnitTest name="UpdateSelection_DeselectSamePhysicalHardwareWithDifferentUserLoginTest" storage="d:\actions-runner\_work\xpco\xpco\corporate\videoos.administration.wpfcontrols.unittests\bin\x64\debug\net472\videoos.administration.wpfcontrols.unittests.dll" id="170b6e9d-1479-1b16-1de5-56fb10a58f03">
      <Owners>
        <Owner name="max" />
      </Owners>
      <Execution id="aa7a9796-a0d1-47d9-ad7d-8f27b925e977" />
      <TestMethod codeBase="D:\actions-runner\_work\XPCO\XPCO\Corporate\VideoOS.Administration.WpfControls.UnitTests\bin\x64\Debug\net472\VideoOS.Administration.WpfControls.UnitTests.dll" adapterTypeName="executor://mstestadapter/v2" className="VideoOS.Administration.WpfControls.UnitTests.Wizards.ChangeHardwarePassword.PageViewModelHardwareSelectionTest" name="UpdateSelection_DeselectSamePhysicalHardwareWithDifferentUserLoginTest" />
    </UnitTest>
    <UnitTest name="Convert_BothValidTest" storage="d:\actions-runner\_work\xpco\xpco\corporate\videoos.administration.wpfcontrols.unittests\bin\x64\debug\net472\videoos.administration.wpfcontrols.unittests.dll" id="ce111de4-5363-596e-5bae-977e3c4a4097">
      <Owners>
        <Owner name="lsk" />
      </Owners>
      <Execution id="16521727-40da-4274-87c4-17506aeebba2" />
      <TestMethod codeBase="D:\actions-runner\_work\XPCO\XPCO\Corporate\VideoOS.Administration.WpfControls.UnitTests\bin\x64\Debug\net472\VideoOS.Administration.WpfControls.UnitTests.dll" adapterTypeName="executor://mstestadapter/v2" className="VideoOS.Administration.WpfControls.UnitTests.Wizards.MoveHardware.StorageUsageSummaryMultiValueConverterTest" name="Convert_BothValidTest" />
    </UnitTest>
    <UnitTest name="CurrentStatus_PostNavigatingTo_NoPreselectionTest" storage="d:\actions-runner\_work\xpco\xpco\corporate\videoos.administration.wpfcontrols.unittests\bin\x64\debug\net472\videoos.administration.wpfcontrols.unittests.dll" id="aeffa11a-d192-2ae9-a123-63fc3e4aae88">
      <Owners>
        <Owner name="lsk" />
      </Owners>
      <Execution id="62713b3a-bd53-421d-9090-70114766b43b" />
      <TestMethod codeBase="D:\actions-runner\_work\XPCO\XPCO\Corporate\VideoOS.Administration.WpfControls.UnitTests\bin\x64\Debug\net472\VideoOS.Administration.WpfControls.UnitTests.dll" adapterTypeName="executor://mstestadapter/v2" className="VideoOS.Administration.WpfControls.UnitTests.Wizards.MoveHardware.PageViewModelDestinationRecorderSelectionTest" name="CurrentStatus_PostNavigatingTo_NoPreselectionTest" />
    </UnitTest>
    <UnitTest name="State_Loading_PreviousCommand_SourcePageNavigatingAwayTest" storage="d:\actions-runner\_work\xpco\xpco\corporate\videoos.administration.wpfcontrols.unittests\bin\x64\debug\net472\videoos.administration.wpfcontrols.unittests.dll" id="3630dd99-5f47-e771-1fb3-f78feb9c2a24">
      <Owners>
        <Owner name="lsk" />
      </Owners>
      <Execution id="6db6fb40-3a57-4b35-b7bf-d6d6aca74847" />
      <TestMethod codeBase="D:\actions-runner\_work\XPCO\XPCO\Corporate\VideoOS.Administration.WpfControls.UnitTests\bin\x64\Debug\net472\VideoOS.Administration.WpfControls.UnitTests.dll" adapterTypeName="executor://mstestadapter/v2" className="VideoOS.Administration.WpfControls.UnitTests.Wizards.Common.WizardBaseViewModelTest" name="State_Loading_PreviousCommand_SourcePageNavigatingAwayTest" />
    </UnitTest>
    <UnitTest name="SortBaseCommon_Equality_SortBase_EqualObjectsTest" storage="d:\actions-runner\_work\xpco\xpco\corporate\videoos.administration.wpfcontrols.unittests\bin\x64\debug\net472\videoos.administration.wpfcontrols.unittests.dll" id="e87417e0-e143-bedb-9aaf-473deed8c509">
      <Owners>
        <Owner name="lsk" />
      </Owners>
      <Execution id="f15efce8-8c5b-455c-b181-6ea2d18241e4" />
      <TestMethod codeBase="D:\actions-runner\_work\XPCO\XPCO\Corporate\VideoOS.Administration.WpfControls.UnitTests\bin\x64\Debug\net472\VideoOS.Administration.WpfControls.UnitTests.dll" adapterTypeName="executor://mstestadapter/v2" className="VideoOS.Administration.WpfControls.UnitTests.Mvvm.Sort.SimpleSortTest" name="SortBaseCommon_Equality_SortBase_EqualObjectsTest" />
    </UnitTest>
    <UnitTest name="Convert_ToValue_UsedGtAvailable" storage="d:\actions-runner\_work\xpco\xpco\corporate\videoos.administration.wpfcontrols.unittests\bin\x64\debug\net472\videoos.administration.wpfcontrols.unittests.dll" id="7637167d-56a4-8d6c-21de-90a4cf6428b9">
      <Owners>
        <Owner name="lsk" />
      </Owners>
      <Execution id="f4b6d4db-8bc4-4e36-bd40-6815361e65d4" />
      <TestMethod codeBase="D:\actions-runner\_work\XPCO\XPCO\Corporate\VideoOS.Administration.WpfControls.UnitTests\bin\x64\Debug\net472\VideoOS.Administration.WpfControls.UnitTests.dll" adapterTypeName="executor://mstestadapter/v2" className="VideoOS.Administration.WpfControls.UnitTests.Wizards.MoveHardware.UsagePercentageMultiValueConverterTest" name="Convert_ToValue_UsedGtAvailable" />
    </UnitTest>
    <UnitTest name="TreeItemSelectionReporter_Success" storage="d:\actions-runner\_work\xpco\xpco\corporate\videoos.administration.wpfcontrols.unittests\bin\x64\debug\net472\videoos.administration.wpfcontrols.unittests.dll" id="307486b9-00ca-72cc-88e9-d0c5585d219e">
      <TestCategory>
        <TestCategoryItem TestCategory="SystemMonitorEventThresholds" />
      </TestCategory>
      <Execution id="845850f7-0de2-4417-bf04-878eecb60d7a" />
      <TestMethod codeBase="D:\actions-runner\_work\XPCO\XPCO\Corporate\VideoOS.Administration.WpfControls.UnitTests\bin\x64\Debug\net472\VideoOS.Administration.WpfControls.UnitTests.dll" adapterTypeName="executor://mstestadapter/v2" className="VideoOS.Administration.WpfControls.UnitTests.SystemMonitorEventThresholds.ViewModel.AdvancedThreshold.TreeItemSelectionReporterTests" name="TreeItemSelectionReporter_Success" />
    </UnitTest>
    <UnitTest name="SortBaseCommon_Reverse_NotNull" storage="d:\actions-runner\_work\xpco\xpco\corporate\videoos.administration.wpfcontrols.unittests\bin\x64\debug\net472\videoos.administration.wpfcontrols.unittests.dll" id="50e385a2-431b-1775-e8d5-48b3fbc4e413">
      <Owners>
        <Owner name="lsk" />
      </Owners>
      <Execution id="3362ed1f-eda2-4a05-bd56-ffda0c86c234" />
      <TestMethod codeBase="D:\actions-runner\_work\XPCO\XPCO\Corporate\VideoOS.Administration.WpfControls.UnitTests\bin\x64\Debug\net472\VideoOS.Administration.WpfControls.UnitTests.dll" adapterTypeName="executor://mstestadapter/v2" className="VideoOS.Administration.WpfControls.UnitTests.Mvvm.Sort.SimpleSortTest" name="SortBaseCommon_Reverse_NotNull" />
    </UnitTest>
    <UnitTest name="Convert_Days_IncludingMinutesTest" storage="d:\actions-runner\_work\xpco\xpco\corporate\videoos.administration.wpfcontrols.unittests\bin\x64\debug\net472\videoos.administration.wpfcontrols.unittests.dll" id="9a6d99f0-2478-7008-b6de-ccf4f008eb1f">
      <Owners>
        <Owner name="lsk" />
      </Owners>
      <Execution id="2b45f600-f35b-449e-be04-31d3a9894046" />
      <TestMethod codeBase="D:\actions-runner\_work\XPCO\XPCO\Corporate\VideoOS.Administration.WpfControls.UnitTests\bin\x64\Debug\net472\VideoOS.Administration.WpfControls.UnitTests.dll" adapterTypeName="executor://mstestadapter/v2" className="VideoOS.Administration.WpfControls.UnitTests.Wizards.MoveHardware.StorageRetentionTimeToStringValueConverterTest" name="Convert_Days_IncludingMinutesTest" />
    </UnitTest>
    <UnitTest name="State_Loading_NextCommand_SourcePageNavigatedAwayTest" storage="d:\actions-runner\_work\xpco\xpco\corporate\videoos.administration.wpfcontrols.unittests\bin\x64\debug\net472\videoos.administration.wpfcontrols.unittests.dll" id="4485be60-ebc5-da8f-c14b-a672ecf4195b">
      <Owners>
        <Owner name="lsk" />
      </Owners>
      <Execution id="b5d31f9b-be3b-41e3-973c-84ffaed863de" />
      <TestMethod codeBase="D:\actions-runner\_work\XPCO\XPCO\Corporate\VideoOS.Administration.WpfControls.UnitTests\bin\x64\Debug\net472\VideoOS.Administration.WpfControls.UnitTests.dll" adapterTypeName="executor://mstestadapter/v2" className="VideoOS.Administration.WpfControls.UnitTests.Wizards.Common.WizardBaseViewModelTest" name="State_Loading_NextCommand_SourcePageNavigatedAwayTest" />
    </UnitTest>
    <UnitTest name="DefaultsTest" storage="d:\actions-runner\_work\xpco\xpco\corporate\videoos.administration.wpfcontrols.unittests\bin\x64\debug\net472\videoos.administration.wpfcontrols.unittests.dll" id="db1836fe-be4d-cd73-a08e-2b1f59817a0d">
      <Owners>
        <Owner name="lsk" />
      </Owners>
      <Execution id="376cff36-abcf-4ab5-9b3d-79c687118b04" />
      <TestMethod codeBase="D:\actions-runner\_work\XPCO\XPCO\Corporate\VideoOS.Administration.WpfControls.UnitTests\bin\x64\Debug\net472\VideoOS.Administration.WpfControls.UnitTests.dll" adapterTypeName="executor://mstestadapter/v2" className="VideoOS.Administration.WpfControls.UnitTests.Wizards.MoveHardware.UsagePercentageMultiValueConverterTest" name="DefaultsTest" />
    </UnitTest>
    <UnitTest name="Validate_WithPasswordManualEntry_RequiresSymbols_Succeeds" storage="d:\actions-runner\_work\xpco\xpco\corporate\videoos.administration.wpfcontrols.unittests\bin\x64\debug\net472\videoos.administration.wpfcontrols.unittests.dll" id="99e28619-dc47-b3fe-39c4-c5a632d97560">
      <Owners>
        <Owner name="max" />
      </Owners>
      <Execution id="f38a984d-5a2d-4a8b-ad1f-d99d1f255a65" />
      <TestMethod codeBase="D:\actions-runner\_work\XPCO\XPCO\Corporate\VideoOS.Administration.WpfControls.UnitTests\bin\x64\Debug\net472\VideoOS.Administration.WpfControls.UnitTests.dll" adapterTypeName="executor://mstestadapter/v2" className="VideoOS.Administration.WpfControls.UnitTests.Wizards.ChangeHardwarePassword.PageViewModelChangeHardwarePasswordTest" name="Validate_WithPasswordManualEntry_RequiresSymbols_Succeeds" />
    </UnitTest>
    <UnitTest name="Construct_InvalidParam_UriHandler_Throws_ArgumentNullException" storage="d:\actions-runner\_work\xpco\xpco\corporate\videoos.administration.wpfcontrols.unittests\bin\x64\debug\net472\videoos.administration.wpfcontrols.unittests.dll" id="806486e9-67f6-c414-1b23-268fb5d92f79">
      <TestCategory>
        <TestCategoryItem TestCategory="VideoOS Administration" />
      </TestCategory>
      <Execution id="055b0a4e-ab50-4e04-bb2e-1f654c0865f9" />
      <TestMethod codeBase="D:\actions-runner\_work\XPCO\XPCO\Corporate\VideoOS.Administration.WpfControls.UnitTests\bin\x64\Debug\net472\VideoOS.Administration.WpfControls.UnitTests.dll" adapterTypeName="executor://mstestadapter/v2" className="VideoOS.Administration.WpfControls.UnitTests.Login.ExternalProviderInfoThreadTests" name="Construct_InvalidParam_UriHandler_Throws_ArgumentNullException" />
    </UnitTest>
    <UnitTest name="NavigatingTo_Selection_RecorderSelectionFromDataTest" storage="d:\actions-runner\_work\xpco\xpco\corporate\videoos.administration.wpfcontrols.unittests\bin\x64\debug\net472\videoos.administration.wpfcontrols.unittests.dll" id="f2eb084a-1f18-1fe7-34f1-2083fed4886b">
      <Owners>
        <Owner name="lsk" />
      </Owners>
      <Execution id="be077e5c-7248-44be-b31c-8cdefe029e50" />
      <TestMethod codeBase="D:\actions-runner\_work\XPCO\XPCO\Corporate\VideoOS.Administration.WpfControls.UnitTests\bin\x64\Debug\net472\VideoOS.Administration.WpfControls.UnitTests.dll" adapterTypeName="executor://mstestadapter/v2" className="VideoOS.Administration.WpfControls.UnitTests.Wizards.MoveHardware.PageViewModelDestinationRecorderSelectionTest" name="NavigatingTo_Selection_RecorderSelectionFromDataTest" />
    </UnitTest>
    <UnitTest name="NavigatingTo_CheckPreselectedRecorderHasHardware_False_NavigationNotCancelled" storage="d:\actions-runner\_work\xpco\xpco\corporate\videoos.administration.wpfcontrols.unittests\bin\x64\debug\net472\videoos.administration.wpfcontrols.unittests.dll" id="811a6089-74ef-6f7b-6f17-6fb2e3181bfc">
      <Execution id="3622fc7c-f100-427c-a2c7-cfb9f76f7510" />
      <TestMethod codeBase="D:\actions-runner\_work\XPCO\XPCO\Corporate\VideoOS.Administration.WpfControls.UnitTests\bin\x64\Debug\net472\VideoOS.Administration.WpfControls.UnitTests.dll" adapterTypeName="executor://mstestadapter/v2" className="VideoOS.Administration.WpfControls.UnitTests.Wizards.ChangeHardwarePassword.PageViewModelPreValidationTest" name="NavigatingTo_CheckPreselectedRecorderHasHardware_False_NavigationNotCancelled" />
    </UnitTest>
    <UnitTest name="AllHardwareSelected_Update_NoneSelectedTest" storage="d:\actions-runner\_work\xpco\xpco\corporate\videoos.administration.wpfcontrols.unittests\bin\x64\debug\net472\videoos.administration.wpfcontrols.unittests.dll" id="ee1a6c82-df13-6176-6b5c-52dc28fe3ddf">
      <Owners>
        <Owner name="lsk" />
      </Owners>
      <Execution id="14b8aa11-6ccf-459a-ace1-56a14fbae261" />
      <TestMethod codeBase="D:\actions-runner\_work\XPCO\XPCO\Corporate\VideoOS.Administration.WpfControls.UnitTests\bin\x64\Debug\net472\VideoOS.Administration.WpfControls.UnitTests.dll" adapterTypeName="executor://mstestadapter/v2" className="VideoOS.Administration.WpfControls.UnitTests.Wizards.MoveHardware.PageViewModelHardwareSelectionTest" name="AllHardwareSelected_Update_NoneSelectedTest" />
    </UnitTest>
    <UnitTest name="SelectedRecorderChanged_ToCertainRecorder_RecorderFilterApplies" storage="d:\actions-runner\_work\xpco\xpco\corporate\videoos.administration.wpfcontrols.unittests\bin\x64\debug\net472\videoos.administration.wpfcontrols.unittests.dll" id="8242a71c-0de4-6927-8a39-1791b0d7b873">
      <Owners>
        <Owner name="max" />
      </Owners>
      <Execution id="28b13a2a-4374-47c2-b273-eed3bde31e04" />
      <TestMethod codeBase="D:\actions-runner\_work\XPCO\XPCO\Corporate\VideoOS.Administration.WpfControls.UnitTests\bin\x64\Debug\net472\VideoOS.Administration.WpfControls.UnitTests.dll" adapterTypeName="executor://mstestadapter/v2" className="VideoOS.Administration.WpfControls.UnitTests.Wizards.ChangeHardwarePassword.PageViewModelHardwareSelectionTest" name="SelectedRecorderChanged_ToCertainRecorder_RecorderFilterApplies" />
    </UnitTest>
    <UnitTest name="NavigatingTo_NoChecksFail_NoHardwareSelected_NavigationCancelled" storage="d:\actions-runner\_work\xpco\xpco\corporate\videoos.administration.wpfcontrols.unittests\bin\x64\debug\net472\videoos.administration.wpfcontrols.unittests.dll" id="0df571da-e4fb-32ab-4ee3-95684fc1842a">
      <Execution id="160d012a-a1ee-49dc-b0c6-f7ba9ce11c17" />
      <TestMethod codeBase="D:\actions-runner\_work\XPCO\XPCO\Corporate\VideoOS.Administration.WpfControls.UnitTests\bin\x64\Debug\net472\VideoOS.Administration.WpfControls.UnitTests.dll" adapterTypeName="executor://mstestadapter/v2" className="VideoOS.Administration.WpfControls.UnitTests.Wizards.UpdateFirmware.ViewModel.PageViewModelFirmwareUpdatePreValidationTest" name="NavigatingTo_NoChecksFail_NoHardwareSelected_NavigationCancelled" />
    </UnitTest>
    <UnitTest name="ColumnWidthSpec_Absolute_NegativeWidth_Throws_ArgumentException" storage="d:\actions-runner\_work\xpco\xpco\corporate\videoos.administration.wpfcontrols.unittests\bin\x64\debug\net472\videoos.administration.wpfcontrols.unittests.dll" id="d61bb21a-576a-7e2c-435a-73156e97ed44">
      <Execution id="784295a8-a555-417e-a6a1-87aa0260b362" />
      <TestMethod codeBase="D:\actions-runner\_work\XPCO\XPCO\Corporate\VideoOS.Administration.WpfControls.UnitTests\bin\x64\Debug\net472\VideoOS.Administration.WpfControls.UnitTests.dll" adapterTypeName="executor://mstestadapter/v2" className="VideoOS.Administration.WpfControls.UnitTests.Mvvm.InitialColumnSizingUnitTests" name="ColumnWidthSpec_Absolute_NegativeWidth_Throws_ArgumentException" />
    </UnitTest>
    <UnitTest name="SelectionChanged_GeneralTest" storage="d:\actions-runner\_work\xpco\xpco\corporate\videoos.administration.wpfcontrols.unittests\bin\x64\debug\net472\videoos.administration.wpfcontrols.unittests.dll" id="4d06ad98-29a4-d3b9-50b2-f429db25b5c3">
      <Owners>
        <Owner name="max" />
      </Owners>
      <Execution id="8bd4a749-baab-4f22-9422-c4793b3a7ec0" />
      <TestMethod codeBase="D:\actions-runner\_work\XPCO\XPCO\Corporate\VideoOS.Administration.WpfControls.UnitTests\bin\x64\Debug\net472\VideoOS.Administration.WpfControls.UnitTests.dll" adapterTypeName="executor://mstestadapter/v2" className="VideoOS.Administration.WpfControls.UnitTests.Wizards.ChangeHardwarePassword.PageViewModelHardwareSelectionTest" name="SelectionChanged_GeneralTest" />
    </UnitTest>
    <UnitTest name="NavigatingTo_Selection_HardwareSelectionFromDataHasPriorityTest" storage="d:\actions-runner\_work\xpco\xpco\corporate\videoos.administration.wpfcontrols.unittests\bin\x64\debug\net472\videoos.administration.wpfcontrols.unittests.dll" id="0df3c2d4-bc35-fe33-27ef-e68424600acc">
      <Owners>
        <Owner name="max" />
      </Owners>
      <Execution id="cea7f8e4-f4a6-49e3-922c-fa81f8b61b1c" />
      <TestMethod codeBase="D:\actions-runner\_work\XPCO\XPCO\Corporate\VideoOS.Administration.WpfControls.UnitTests\bin\x64\Debug\net472\VideoOS.Administration.WpfControls.UnitTests.dll" adapterTypeName="executor://mstestadapter/v2" className="VideoOS.Administration.WpfControls.UnitTests.Wizards.ChangeHardwarePassword.PageViewModelHardwareSelectionTest" name="NavigatingTo_Selection_HardwareSelectionFromDataHasPriorityTest" />
    </UnitTest>
    <UnitTest name="Constructor_EmptyPropertyTest" storage="d:\actions-runner\_work\xpco\xpco\corporate\videoos.administration.wpfcontrols.unittests\bin\x64\debug\net472\videoos.administration.wpfcontrols.unittests.dll" id="87fe0b7e-00f2-076c-8837-5f1588ddfb23">
      <Owners>
        <Owner name="lsk" />
      </Owners>
      <Execution id="ea327ccb-c193-4c40-b255-6ba96e5c8d70" />
      <TestMethod codeBase="D:\actions-runner\_work\XPCO\XPCO\Corporate\VideoOS.Administration.WpfControls.UnitTests\bin\x64\Debug\net472\VideoOS.Administration.WpfControls.UnitTests.dll" adapterTypeName="executor://mstestadapter/v2" className="VideoOS.Administration.WpfControls.UnitTests.Mvvm.Sort.SimpleSortWithFallbackTest" name="Constructor_EmptyPropertyTest" />
    </UnitTest>
    <UnitTest name="SortEquality_MoreThanTwoValues" storage="d:\actions-runner\_work\xpco\xpco\corporate\videoos.administration.wpfcontrols.unittests\bin\x64\debug\net472\videoos.administration.wpfcontrols.unittests.dll" id="f190f748-5346-8eb6-4db4-3d0611f2cb89">
      <Execution id="3341858c-7128-4e29-adcf-7b8053cf3fe5" />
      <TestMethod codeBase="D:\actions-runner\_work\XPCO\XPCO\Corporate\VideoOS.Administration.WpfControls.UnitTests\bin\x64\Debug\net472\VideoOS.Administration.WpfControls.UnitTests.dll" adapterTypeName="executor://mstestadapter/v2" className="VideoOS.Administration.WpfControls.UnitTests.Wizards.Common.TwoSortsToSortEqualityMultiValueConverterTest" name="SortEquality_MoreThanTwoValues" />
    </UnitTest>
    <UnitTest name="SelectionChanged_NoEventIfSelectionDoesNotChangeTest" storage="d:\actions-runner\_work\xpco\xpco\corporate\videoos.administration.wpfcontrols.unittests\bin\x64\debug\net472\videoos.administration.wpfcontrols.unittests.dll" id="9c53d870-f2f9-088b-c2bd-a9607b98a852">
      <Owners>
        <Owner name="lsk" />
      </Owners>
      <Execution id="a09b6b07-549a-4429-9c0b-114c87916b0f" />
      <TestMethod codeBase="D:\actions-runner\_work\XPCO\XPCO\Corporate\VideoOS.Administration.WpfControls.UnitTests\bin\x64\Debug\net472\VideoOS.Administration.WpfControls.UnitTests.dll" adapterTypeName="executor://mstestadapter/v2" className="VideoOS.Administration.WpfControls.UnitTests.Wizards.MoveHardware.PageViewModelHardwareSelectionTest" name="SelectionChanged_NoEventIfSelectionDoesNotChangeTest" />
    </UnitTest>
    <UnitTest name="Convert_InvalidMethodEnum_Throws_InvalidOperationException" storage="d:\actions-runner\_work\xpco\xpco\corporate\videoos.administration.wpfcontrols.unittests\bin\x64\debug\net472\videoos.administration.wpfcontrols.unittests.dll" id="3ee79c97-9160-57a2-454a-bba6927f5f95">
      <Execution id="3f53a63e-9717-4ff2-85be-d6b9253add44" />
      <TestMethod codeBase="D:\actions-runner\_work\XPCO\XPCO\Corporate\VideoOS.Administration.WpfControls.UnitTests\bin\x64\Debug\net472\VideoOS.Administration.WpfControls.UnitTests.dll" adapterTypeName="executor://mstestadapter/v2" className="VideoOS.Administration.WpfControls.UnitTests.Mvvm.Converters.StringMethodResultConverterUnitTests" name="Convert_InvalidMethodEnum_Throws_InvalidOperationException" />
    </UnitTest>
    <UnitTest name="Constructor_NullDataTest_Data" storage="d:\actions-runner\_work\xpco\xpco\corporate\videoos.administration.wpfcontrols.unittests\bin\x64\debug\net472\videoos.administration.wpfcontrols.unittests.dll" id="209167c4-8248-0ab8-8dd9-08811f572a2c">
      <Owners>
        <Owner name="max" />
      </Owners>
      <Execution id="1af09bff-eaca-43e4-a971-942217e6fed5" />
      <TestMethod codeBase="D:\actions-runner\_work\XPCO\XPCO\Corporate\VideoOS.Administration.WpfControls.UnitTests\bin\x64\Debug\net472\VideoOS.Administration.WpfControls.UnitTests.dll" adapterTypeName="executor://mstestadapter/v2" className="VideoOS.Administration.WpfControls.UnitTests.Wizards.ChangeHardwarePassword.PageViewModelChangeHardwarePasswordTest" name="Constructor_NullDataTest_Data" />
    </UnitTest>
    <UnitTest name="Convert_ArgumentNullException" storage="d:\actions-runner\_work\xpco\xpco\corporate\videoos.administration.wpfcontrols.unittests\bin\x64\debug\net472\videoos.administration.wpfcontrols.unittests.dll" id="097b294e-fe0c-9543-f844-6b0510e37afd">
      <Execution id="e8207bb0-3d53-4d4b-9b1e-c2617011b0be" />
      <TestMethod codeBase="D:\actions-runner\_work\XPCO\XPCO\Corporate\VideoOS.Administration.WpfControls.UnitTests\bin\x64\Debug\net472\VideoOS.Administration.WpfControls.UnitTests.dll" adapterTypeName="executor://mstestadapter/v2" className="VideoOS.Administration.WpfControls.UnitTests.Wizards.UpdateFirmware.View.Converters.PreValidationErrorToStringValueConverterTest" name="Convert_ArgumentNullException" />
    </UnitTest>
    <UnitTest name="SortBaseCommon_IsEquivalentOf_SortDescriptionCollection_NullTest" storage="d:\actions-runner\_work\xpco\xpco\corporate\videoos.administration.wpfcontrols.unittests\bin\x64\debug\net472\videoos.administration.wpfcontrols.unittests.dll" id="9352c0ce-e0c0-7e74-5814-1b44dcb4edf3">
      <Owners>
        <Owner name="lsk" />
      </Owners>
      <Execution id="11a2f43e-005b-437f-9410-18412b1e9f5a" />
      <TestMethod codeBase="D:\actions-runner\_work\XPCO\XPCO\Corporate\VideoOS.Administration.WpfControls.UnitTests\bin\x64\Debug\net472\VideoOS.Administration.WpfControls.UnitTests.dll" adapterTypeName="executor://mstestadapter/v2" className="VideoOS.Administration.WpfControls.UnitTests.Mvvm.Sort.SimpleSortWithFallbackTest" name="SortBaseCommon_IsEquivalentOf_SortDescriptionCollection_NullTest" />
    </UnitTest>
    <UnitTest name="NavigatingTo_Selection_SingleRecorderTest" storage="d:\actions-runner\_work\xpco\xpco\corporate\videoos.administration.wpfcontrols.unittests\bin\x64\debug\net472\videoos.administration.wpfcontrols.unittests.dll" id="382cc119-c747-28aa-a92f-6bcf3ee3abe3">
      <Owners>
        <Owner name="lsk" />
      </Owners>
      <Execution id="58010a26-5e63-44d4-9120-ab213d36a87a" />
      <TestMethod codeBase="D:\actions-runner\_work\XPCO\XPCO\Corporate\VideoOS.Administration.WpfControls.UnitTests\bin\x64\Debug\net472\VideoOS.Administration.WpfControls.UnitTests.dll" adapterTypeName="executor://mstestadapter/v2" className="VideoOS.Administration.WpfControls.UnitTests.Wizards.MoveHardware.PageViewModelDestinationRecorderSelectionTest" name="NavigatingTo_Selection_SingleRecorderTest" />
    </UnitTest>
    <UnitTest name="NavigatingTo_MoveHappensInBackgroundTest" storage="d:\actions-runner\_work\xpco\xpco\corporate\videoos.administration.wpfcontrols.unittests\bin\x64\debug\net472\videoos.administration.wpfcontrols.unittests.dll" id="1f68772d-a050-7bad-a9be-4fd5da9fe348">
      <Owners>
        <Owner name="lsk" />
      </Owners>
      <Execution id="84221a42-fc30-4235-a384-5ab9cd41d80d" />
      <TestMethod codeBase="D:\actions-runner\_work\XPCO\XPCO\Corporate\VideoOS.Administration.WpfControls.UnitTests\bin\x64\Debug\net472\VideoOS.Administration.WpfControls.UnitTests.dll" adapterTypeName="executor://mstestadapter/v2" className="VideoOS.Administration.WpfControls.UnitTests.Wizards.MoveHardware.PageViewModelMoveProgressTest" name="NavigatingTo_MoveHappensInBackgroundTest" />
    </UnitTest>
    <UnitTest name="NextCommand_IsAvailable_AvailableTest" storage="d:\actions-runner\_work\xpco\xpco\corporate\videoos.administration.wpfcontrols.unittests\bin\x64\debug\net472\videoos.administration.wpfcontrols.unittests.dll" id="fd5e5db7-75bb-c1b4-bc63-c5e02bac5794">
      <Owners>
        <Owner name="lsk" />
      </Owners>
      <Execution id="23348d38-cf45-4988-bd57-c229f4f930de" />
      <TestMethod codeBase="D:\actions-runner\_work\XPCO\XPCO\Corporate\VideoOS.Administration.WpfControls.UnitTests\bin\x64\Debug\net472\VideoOS.Administration.WpfControls.UnitTests.dll" adapterTypeName="executor://mstestadapter/v2" className="VideoOS.Administration.WpfControls.UnitTests.Wizards.Common.WizardBaseViewModelTest" name="NextCommand_IsAvailable_AvailableTest" />
    </UnitTest>
    <UnitTest name="Initialize_NoFixedHardwareSelectionTest" storage="d:\actions-runner\_work\xpco\xpco\corporate\videoos.administration.wpfcontrols.unittests\bin\x64\debug\net472\videoos.administration.wpfcontrols.unittests.dll" id="664e6493-a350-b92e-3224-2f6b509268ea">
      <Owners>
        <Owner name="lsk" />
      </Owners>
      <Execution id="e10289b8-cbfc-41a1-9ae4-da926fbabb8a" />
      <TestMethod codeBase="D:\actions-runner\_work\XPCO\XPCO\Corporate\VideoOS.Administration.WpfControls.UnitTests\bin\x64\Debug\net472\VideoOS.Administration.WpfControls.UnitTests.dll" adapterTypeName="executor://mstestadapter/v2" className="VideoOS.Administration.WpfControls.UnitTests.Wizards.MoveHardware.WizardViewModelTest" name="Initialize_NoFixedHardwareSelectionTest" />
    </UnitTest>
    <UnitTest name="ConvertFalseToHiddenTest" storage="d:\actions-runner\_work\xpco\xpco\corporate\videoos.administration.wpfcontrols.unittests\bin\x64\debug\net472\videoos.administration.wpfcontrols.unittests.dll" id="b606ee6a-05aa-e9cf-e810-d6392db2fc5e">
      <Execution id="72214488-5c78-4f0a-88f9-7f32607c934e" />
      <TestMethod codeBase="D:\actions-runner\_work\XPCO\XPCO\Corporate\VideoOS.Administration.WpfControls.UnitTests\bin\x64\Debug\net472\VideoOS.Administration.WpfControls.UnitTests.dll" adapterTypeName="executor://mstestadapter/v2" className="VideoOS.Administration.WpfControls.UnitTests.Mvvm.Converters.BoolToVisibilityConverterUnitTests" name="ConvertFalseToHiddenTest" />
    </UnitTest>
    <UnitTest name="Convert_Minutes_Over30SecondsOffsetTest" storage="d:\actions-runner\_work\xpco\xpco\corporate\videoos.administration.wpfcontrols.unittests\bin\x64\debug\net472\videoos.administration.wpfcontrols.unittests.dll" id="72598820-c238-bb8a-f0d6-7f6e083a2fec">
      <Owners>
        <Owner name="lsk" />
      </Owners>
      <Execution id="e9bfc756-4242-47b5-be54-a7b41481d4de" />
      <TestMethod codeBase="D:\actions-runner\_work\XPCO\XPCO\Corporate\VideoOS.Administration.WpfControls.UnitTests\bin\x64\Debug\net472\VideoOS.Administration.WpfControls.UnitTests.dll" adapterTypeName="executor://mstestadapter/v2" className="VideoOS.Administration.WpfControls.UnitTests.Wizards.MoveHardware.StorageRetentionTimeToStringValueConverterTest" name="Convert_Minutes_Over30SecondsOffsetTest" />
    </UnitTest>
    <UnitTest name="LookupAdvancedConfigurationEnabled_Success" storage="d:\actions-runner\_work\xpco\xpco\corporate\videoos.administration.wpfcontrols.unittests\bin\x64\debug\net472\videoos.administration.wpfcontrols.unittests.dll" id="451f83de-0a41-8213-0a57-91c8b4aab529">
      <Execution id="cf7bbed5-2f04-400a-a526-3af3c97a145c" />
      <TestMethod codeBase="D:\actions-runner\_work\XPCO\XPCO\Corporate\VideoOS.Administration.WpfControls.UnitTests\bin\x64\Debug\net472\VideoOS.Administration.WpfControls.UnitTests.dll" adapterTypeName="executor://mstestadapter/v2" className="VideoOS.Administration.WpfControls.UnitTests.SystemMonitorEventThresholds.ViewModel.SystemDashboard_PerformanceStateRuleConfigurationHelperTest" name="LookupAdvancedConfigurationEnabled_Success" />
    </UnitTest>
    <UnitTest name="Validate_WithPasswordManualEntry_RequiresLowercase_Succeeds" storage="d:\actions-runner\_work\xpco\xpco\corporate\videoos.administration.wpfcontrols.unittests\bin\x64\debug\net472\videoos.administration.wpfcontrols.unittests.dll" id="40f49818-b350-9a60-17f9-9b1f78426319">
      <Owners>
        <Owner name="max" />
      </Owners>
      <Execution id="8f1225a3-5ef9-4438-8120-488c487e18e9" />
      <TestMethod codeBase="D:\actions-runner\_work\XPCO\XPCO\Corporate\VideoOS.Administration.WpfControls.UnitTests\bin\x64\Debug\net472\VideoOS.Administration.WpfControls.UnitTests.dll" adapterTypeName="executor://mstestadapter/v2" className="VideoOS.Administration.WpfControls.UnitTests.Wizards.ChangeHardwarePassword.PageViewModelChangeHardwarePasswordTest" name="Validate_WithPasswordManualEntry_RequiresLowercase_Succeeds" />
    </UnitTest>
    <UnitTest name="SortEquality_NullTargetType" storage="d:\actions-runner\_work\xpco\xpco\corporate\videoos.administration.wpfcontrols.unittests\bin\x64\debug\net472\videoos.administration.wpfcontrols.unittests.dll" id="105dcca2-cdc3-0863-6144-8659dbf0dd2e">
      <Execution id="7f9f937b-d51c-4fb5-9465-f91314f8dacf" />
      <TestMethod codeBase="D:\actions-runner\_work\XPCO\XPCO\Corporate\VideoOS.Administration.WpfControls.UnitTests\bin\x64\Debug\net472\VideoOS.Administration.WpfControls.UnitTests.dll" adapterTypeName="executor://mstestadapter/v2" className="VideoOS.Administration.WpfControls.UnitTests.Wizards.Common.TwoSortsToSortEqualityMultiValueConverterTest" name="SortEquality_NullTargetType" />
    </UnitTest>
    <UnitTest name="NextCommand_IsAvailable_LastPageValidationTest" storage="d:\actions-runner\_work\xpco\xpco\corporate\videoos.administration.wpfcontrols.unittests\bin\x64\debug\net472\videoos.administration.wpfcontrols.unittests.dll" id="e129284c-28cd-7195-bcdf-a16aa9bd8b13">
      <Owners>
        <Owner name="lsk" />
      </Owners>
      <Execution id="7b63d28e-154c-41f8-af5c-7e8e004b1864" />
      <TestMethod codeBase="D:\actions-runner\_work\XPCO\XPCO\Corporate\VideoOS.Administration.WpfControls.UnitTests\bin\x64\Debug\net472\VideoOS.Administration.WpfControls.UnitTests.dll" adapterTypeName="executor://mstestadapter/v2" className="VideoOS.Administration.WpfControls.UnitTests.Wizards.Common.WizardBaseViewModelTest" name="NextCommand_IsAvailable_LastPageValidationTest" />
    </UnitTest>
    <UnitTest name="SortBaseCommon_Equality_SortBase_OtherClassTest" storage="d:\actions-runner\_work\xpco\xpco\corporate\videoos.administration.wpfcontrols.unittests\bin\x64\debug\net472\videoos.administration.wpfcontrols.unittests.dll" id="78509e9b-d581-7425-3c51-508461a66293">
      <Owners>
        <Owner name="lsk" />
      </Owners>
      <Execution id="fcd70cb3-7d13-4fc9-9dae-020c2ac22a85" />
      <TestMethod codeBase="D:\actions-runner\_work\XPCO\XPCO\Corporate\VideoOS.Administration.WpfControls.UnitTests\bin\x64\Debug\net472\VideoOS.Administration.WpfControls.UnitTests.dll" adapterTypeName="executor://mstestadapter/v2" className="VideoOS.Administration.WpfControls.UnitTests.Mvvm.Sort.SimpleSortWithFallbackTest" name="SortBaseCommon_Equality_SortBase_OtherClassTest" />
    </UnitTest>
    <UnitTest name="ThresholdLevelHeightMultiValueConverter_Success" storage="d:\actions-runner\_work\xpco\xpco\corporate\videoos.administration.wpfcontrols.unittests\bin\x64\debug\net472\videoos.administration.wpfcontrols.unittests.dll" id="a7f572ea-cebb-1990-3ea9-f8bbb206d1fc">
      <TestCategory>
        <TestCategoryItem TestCategory="SystemMonitorEventThresholds" />
      </TestCategory>
      <Execution id="8c8f528a-554c-43df-9270-9fba3a068a86" />
      <TestMethod codeBase="D:\actions-runner\_work\XPCO\XPCO\Corporate\VideoOS.Administration.WpfControls.UnitTests\bin\x64\Debug\net472\VideoOS.Administration.WpfControls.UnitTests.dll" adapterTypeName="executor://mstestadapter/v2" className="VideoOS.Administration.WpfControls.UnitTests.SystemMonitorEventThresholds.Converters.ThresholdConverterTests" name="ThresholdLevelHeightMultiValueConverter_Success" />
    </UnitTest>
    <UnitTest name="TestInvalidNodeException" storage="d:\actions-runner\_work\xpco\xpco\corporate\videoos.administration.wpfcontrols.unittests\bin\x64\debug\net472\videoos.administration.wpfcontrols.unittests.dll" id="881375b9-0ac3-4207-9457-fab7c100ab70">
      <Execution id="ade94df3-9427-4312-8834-3f9c0f15f79e" />
      <TestMethod codeBase="D:\actions-runner\_work\XPCO\XPCO\Corporate\VideoOS.Administration.WpfControls.UnitTests\bin\x64\Debug\net472\VideoOS.Administration.WpfControls.UnitTests.dll" adapterTypeName="executor://mstestadapter/v2" className="VideoOS.Administration.WpfControls.UnitTests.StorageInfoTests" name="TestInvalidNodeException" />
    </UnitTest>
    <UnitTest name="ConvertBack_InvalidOperationException" storage="d:\actions-runner\_work\xpco\xpco\corporate\videoos.administration.wpfcontrols.unittests\bin\x64\debug\net472\videoos.administration.wpfcontrols.unittests.dll" id="df9a00c3-c8ad-089d-aa28-7ec6197b3647">
      <Execution id="854c371d-d6c9-4684-8cfe-ceb0571660f8" />
      <TestMethod codeBase="D:\actions-runner\_work\XPCO\XPCO\Corporate\VideoOS.Administration.WpfControls.UnitTests\bin\x64\Debug\net472\VideoOS.Administration.WpfControls.UnitTests.dll" adapterTypeName="executor://mstestadapter/v2" className="VideoOS.Administration.WpfControls.UnitTests.Wizards.ChangeHardwarePassword.WarningsToStringConverterTest" name="ConvertBack_InvalidOperationException" />
    </UnitTest>
    <UnitTest name="SortBaseCommon_GetHashCode_SameInstanceTest" storage="d:\actions-runner\_work\xpco\xpco\corporate\videoos.administration.wpfcontrols.unittests\bin\x64\debug\net472\videoos.administration.wpfcontrols.unittests.dll" id="ec71d9ba-cee7-d63f-b4b9-fe7c185e4256">
      <Owners>
        <Owner name="lsk" />
      </Owners>
      <Execution id="22c74663-86a2-419e-81d0-7ac1b8a022f2" />
      <TestMethod codeBase="D:\actions-runner\_work\XPCO\XPCO\Corporate\VideoOS.Administration.WpfControls.UnitTests\bin\x64\Debug\net472\VideoOS.Administration.WpfControls.UnitTests.dll" adapterTypeName="executor://mstestadapter/v2" className="VideoOS.Administration.WpfControls.UnitTests.Mvvm.Sort.SimpleSortWithFallbackTest" name="SortBaseCommon_GetHashCode_SameInstanceTest" />
    </UnitTest>
    <UnitTest name="NavigatingTo_PreSelection_FromDefaultStorageTest" storage="d:\actions-runner\_work\xpco\xpco\corporate\videoos.administration.wpfcontrols.unittests\bin\x64\debug\net472\videoos.administration.wpfcontrols.unittests.dll" id="7be88bc8-74e5-1b8d-8b19-adb83f174784">
      <Owners>
        <Owner name="lsk" />
      </Owners>
      <Execution id="d6af74f8-fe75-4eb7-aa61-6bf7b571ef1e" />
      <TestMethod codeBase="D:\actions-runner\_work\XPCO\XPCO\Corporate\VideoOS.Administration.WpfControls.UnitTests\bin\x64\Debug\net472\VideoOS.Administration.WpfControls.UnitTests.dll" adapterTypeName="executor://mstestadapter/v2" className="VideoOS.Administration.WpfControls.UnitTests.Wizards.MoveHardware.PageViewModelDestinationStorageSelectionTest" name="NavigatingTo_PreSelection_FromDefaultStorageTest" />
    </UnitTest>
    <UnitTest name="Constructor_HardwareSelectionNullTest" storage="d:\actions-runner\_work\xpco\xpco\corporate\videoos.administration.wpfcontrols.unittests\bin\x64\debug\net472\videoos.administration.wpfcontrols.unittests.dll" id="b16dc414-82bb-0a48-2010-aab727818a55">
      <Owners>
        <Owner name="ale" />
      </Owners>
      <Execution id="24cf32c3-7966-4a06-a34f-1202616fb838" />
      <TestMethod codeBase="D:\actions-runner\_work\XPCO\XPCO\Corporate\VideoOS.Administration.WpfControls.UnitTests\bin\x64\Debug\net472\VideoOS.Administration.WpfControls.UnitTests.dll" adapterTypeName="executor://mstestadapter/v2" className="VideoOS.Administration.WpfControls.UnitTests.Wizards.UpdateFirmware.ViewModel.WizardFirmwareUpdateViewModelTest" name="Constructor_HardwareSelectionNullTest" />
    </UnitTest>
    <UnitTest name="Convert_AllValues" storage="d:\actions-runner\_work\xpco\xpco\corporate\videoos.administration.wpfcontrols.unittests\bin\x64\debug\net472\videoos.administration.wpfcontrols.unittests.dll" id="98f18924-197c-0bd6-8f3c-5fa068d90c80">
      <Execution id="e108021a-dd8f-4724-aceb-79f66612e35a" />
      <TestMethod codeBase="D:\actions-runner\_work\XPCO\XPCO\Corporate\VideoOS.Administration.WpfControls.UnitTests\bin\x64\Debug\net472\VideoOS.Administration.WpfControls.UnitTests.dll" adapterTypeName="executor://mstestadapter/v2" className="VideoOS.Administration.WpfControls.UnitTests.Wizards.UpdateFirmware.View.Converters.StatusToSingleValueConverterTest" name="Convert_AllValues" />
    </UnitTest>
    <UnitTest name="ConvertTrueToVisibleTest" storage="d:\actions-runner\_work\xpco\xpco\corporate\videoos.administration.wpfcontrols.unittests\bin\x64\debug\net472\videoos.administration.wpfcontrols.unittests.dll" id="bfd1e10f-b778-d28b-e4d4-fe93a0ae1bd1">
      <Execution id="f123a33f-3271-4a2e-92fc-f25cf01c914c" />
      <TestMethod codeBase="D:\actions-runner\_work\XPCO\XPCO\Corporate\VideoOS.Administration.WpfControls.UnitTests\bin\x64\Debug\net472\VideoOS.Administration.WpfControls.UnitTests.dll" adapterTypeName="executor://mstestadapter/v2" className="VideoOS.Administration.WpfControls.UnitTests.Mvvm.Converters.BoolToCollapsedConverterUnitTests" name="ConvertTrueToVisibleTest" />
    </UnitTest>
    <UnitTest name="Convert_Minutes_SingularTest" storage="d:\actions-runner\_work\xpco\xpco\corporate\videoos.administration.wpfcontrols.unittests\bin\x64\debug\net472\videoos.administration.wpfcontrols.unittests.dll" id="d36a3749-ed69-d572-71bf-c3c15bdba9dc">
      <Owners>
        <Owner name="lsk" />
      </Owners>
      <Execution id="c1816d86-e972-4bd9-979f-4f4f290c2a0f" />
      <TestMethod codeBase="D:\actions-runner\_work\XPCO\XPCO\Corporate\VideoOS.Administration.WpfControls.UnitTests\bin\x64\Debug\net472\VideoOS.Administration.WpfControls.UnitTests.dll" adapterTypeName="executor://mstestadapter/v2" className="VideoOS.Administration.WpfControls.UnitTests.Wizards.MoveHardware.StorageRetentionTimeToStringValueConverterTest" name="Convert_Minutes_SingularTest" />
    </UnitTest>
    <UnitTest name="VmoAccess_SuppressedExceptionInList_PopupIsNotDisplayedOnException" storage="d:\actions-runner\_work\xpco\xpco\corporate\videoos.administration.wpfcontrols.unittests\bin\x64\debug\net472\videoos.administration.wpfcontrols.unittests.dll" id="07ee7d52-67c7-d86d-369e-0ee0b7f43734">
      <Execution id="8b92e55e-52f4-42b8-9661-69d5084a12e2" />
      <TestMethod codeBase="D:\actions-runner\_work\XPCO\XPCO\Corporate\VideoOS.Administration.WpfControls.UnitTests\bin\x64\Debug\net472\VideoOS.Administration.WpfControls.UnitTests.dll" adapterTypeName="executor://mstestadapter/v2" className="VideoOS.Administration.WpfControls.UnitTests.SystemMonitorEventThresholds.HandledVmoAccessTests" name="VmoAccess_SuppressedExceptionInList_PopupIsNotDisplayedOnException" />
    </UnitTest>
    <UnitTest name="NavigatingTo_Selection_HardwareSelectionFromDataHasPriorityTest" storage="d:\actions-runner\_work\xpco\xpco\corporate\videoos.administration.wpfcontrols.unittests\bin\x64\debug\net472\videoos.administration.wpfcontrols.unittests.dll" id="94d61cec-6acb-8c91-3198-fb920ad6db82">
      <Owners>
        <Owner name="lsk" />
      </Owners>
      <Execution id="9fd30075-0ae2-47e1-879d-ccb60a90fbc6" />
      <TestMethod codeBase="D:\actions-runner\_work\XPCO\XPCO\Corporate\VideoOS.Administration.WpfControls.UnitTests\bin\x64\Debug\net472\VideoOS.Administration.WpfControls.UnitTests.dll" adapterTypeName="executor://mstestadapter/v2" className="VideoOS.Administration.WpfControls.UnitTests.Wizards.MoveHardware.PageViewModelHardwareSelectionTest" name="NavigatingTo_Selection_HardwareSelectionFromDataHasPriorityTest" />
    </UnitTest>
    <UnitTest name="NavigatingTo_CheckPreselectedRecorderAvailable_False_NavigationNotCancelled" storage="d:\actions-runner\_work\xpco\xpco\corporate\videoos.administration.wpfcontrols.unittests\bin\x64\debug\net472\videoos.administration.wpfcontrols.unittests.dll" id="c0e9a277-e1e2-509a-d802-3ba2b6ebf03e">
      <Execution id="8883675b-ad8f-40b7-af84-5c0f7ffadf27" />
      <TestMethod codeBase="D:\actions-runner\_work\XPCO\XPCO\Corporate\VideoOS.Administration.WpfControls.UnitTests\bin\x64\Debug\net472\VideoOS.Administration.WpfControls.UnitTests.dll" adapterTypeName="executor://mstestadapter/v2" className="VideoOS.Administration.WpfControls.UnitTests.Wizards.UpdateFirmware.ViewModel.PageViewModelFirmwareUpdatePreValidationTest" name="NavigatingTo_CheckPreselectedRecorderAvailable_False_NavigationNotCancelled" />
    </UnitTest>
    <UnitTest name="SystemDashboard_LookupCalculationBufferMin_Success" storage="d:\actions-runner\_work\xpco\xpco\corporate\videoos.administration.wpfcontrols.unittests\bin\x64\debug\net472\videoos.administration.wpfcontrols.unittests.dll" id="78a88df1-0567-411c-90b4-86013350efa5">
      <Execution id="a21619a3-19a9-4340-beb2-f8e04dfdf220" />
      <TestMethod codeBase="D:\actions-runner\_work\XPCO\XPCO\Corporate\VideoOS.Administration.WpfControls.UnitTests\bin\x64\Debug\net472\VideoOS.Administration.WpfControls.UnitTests.dll" adapterTypeName="executor://mstestadapter/v2" className="VideoOS.Administration.WpfControls.UnitTests.SystemMonitorEventThresholds.ViewModel.SystemDashboard_PerformanceStateRuleConfigurationHelperTest" name="SystemDashboard_LookupCalculationBufferMin_Success" />
    </UnitTest>
    <UnitTest name="Convert_ArgumentNullException" storage="d:\actions-runner\_work\xpco\xpco\corporate\videoos.administration.wpfcontrols.unittests\bin\x64\debug\net472\videoos.administration.wpfcontrols.unittests.dll" id="c3c54a72-1587-3a50-e0f2-352c45432496">
      <Execution id="09e699c6-9368-4f4a-97cf-097919764e2e" />
      <TestMethod codeBase="D:\actions-runner\_work\XPCO\XPCO\Corporate\VideoOS.Administration.WpfControls.UnitTests\bin\x64\Debug\net472\VideoOS.Administration.WpfControls.UnitTests.dll" adapterTypeName="executor://mstestadapter/v2" className="VideoOS.Administration.WpfControls.UnitTests.Wizards.MoveHardware.StatusToSingleValueConverterTest" name="Convert_ArgumentNullException" />
    </UnitTest>
    <UnitTest name="SortBaseCommon_Equality_SortBase_DifferentObjectsTest" storage="d:\actions-runner\_work\xpco\xpco\corporate\videoos.administration.wpfcontrols.unittests\bin\x64\debug\net472\videoos.administration.wpfcontrols.unittests.dll" id="204c20ab-1b37-4d10-3045-65864beed6a2">
      <Owners>
        <Owner name="lsk" />
      </Owners>
      <Execution id="f29ac563-b668-467d-99ce-e610fa4004df" />
      <TestMethod codeBase="D:\actions-runner\_work\XPCO\XPCO\Corporate\VideoOS.Administration.WpfControls.UnitTests\bin\x64\Debug\net472\VideoOS.Administration.WpfControls.UnitTests.dll" adapterTypeName="executor://mstestadapter/v2" className="VideoOS.Administration.WpfControls.UnitTests.Mvvm.Sort.SimpleSortWithFallbackTest" name="SortBaseCommon_Equality_SortBase_DifferentObjectsTest" />
    </UnitTest>
    <UnitTest name="Convert_Starting_NewLines_Ignored" storage="d:\actions-runner\_work\xpco\xpco\corporate\videoos.administration.wpfcontrols.unittests\bin\x64\debug\net472\videoos.administration.wpfcontrols.unittests.dll" id="13235a76-a8d4-67fb-f05f-0652b5b067ff">
      <Execution id="5fba0015-067a-49d0-83d5-57a97b4a743d" />
      <TestMethod codeBase="D:\actions-runner\_work\XPCO\XPCO\Corporate\VideoOS.Administration.WpfControls.UnitTests\bin\x64\Debug\net472\VideoOS.Administration.WpfControls.UnitTests.dll" adapterTypeName="executor://mstestadapter/v2" className="VideoOS.Administration.WpfControls.UnitTests.Wizards.ChangeHardwarePassword.MultilineToSingleLineTextConverterUnitTests" name="Convert_Starting_NewLines_Ignored" />
    </UnitTest>
    <UnitTest name="AllHardwareSelected_Event_NoEventIfValueDoesNotChangeTest" storage="d:\actions-runner\_work\xpco\xpco\corporate\videoos.administration.wpfcontrols.unittests\bin\x64\debug\net472\videoos.administration.wpfcontrols.unittests.dll" id="449e5142-e2d4-1930-46ea-596d4d9d4839">
      <Owners>
        <Owner name="lsk" />
      </Owners>
      <Execution id="0a6bced6-e802-4975-9b40-55ad6a1bf90f" />
      <TestMethod codeBase="D:\actions-runner\_work\XPCO\XPCO\Corporate\VideoOS.Administration.WpfControls.UnitTests\bin\x64\Debug\net472\VideoOS.Administration.WpfControls.UnitTests.dll" adapterTypeName="executor://mstestadapter/v2" className="VideoOS.Administration.WpfControls.UnitTests.Wizards.MoveHardware.PageViewModelHardwareSelectionTest" name="AllHardwareSelected_Event_NoEventIfValueDoesNotChangeTest" />
    </UnitTest>
    <UnitTest name="CurrentStatus_Event_SetSelectionTest" storage="d:\actions-runner\_work\xpco\xpco\corporate\videoos.administration.wpfcontrols.unittests\bin\x64\debug\net472\videoos.administration.wpfcontrols.unittests.dll" id="89a9512f-0a88-6fc2-d941-d71c3d7ab26c">
      <Owners>
        <Owner name="max" />
      </Owners>
      <Execution id="cc0c254a-21c4-4bc1-8996-1f4c20b2ee23" />
      <TestMethod codeBase="D:\actions-runner\_work\XPCO\XPCO\Corporate\VideoOS.Administration.WpfControls.UnitTests\bin\x64\Debug\net472\VideoOS.Administration.WpfControls.UnitTests.dll" adapterTypeName="executor://mstestadapter/v2" className="VideoOS.Administration.WpfControls.UnitTests.Wizards.ChangeHardwarePassword.PageViewModelHardwareSelectionTest" name="CurrentStatus_Event_SetSelectionTest" />
    </UnitTest>
    <UnitTest name="InitialFocus_SetEnabled_ItemsControl_Focus_Called_On_First_Item" storage="d:\actions-runner\_work\xpco\xpco\corporate\videoos.administration.wpfcontrols.unittests\bin\x64\debug\net472\videoos.administration.wpfcontrols.unittests.dll" id="4390b2ea-086f-aac5-08c1-04c155b3b2c2">
      <Execution id="e2ca5712-0b0c-4424-b455-e46d2fea939b" />
      <TestMethod codeBase="D:\actions-runner\_work\XPCO\XPCO\Corporate\VideoOS.Administration.WpfControls.UnitTests\bin\x64\Debug\net472\VideoOS.Administration.WpfControls.UnitTests.dll" adapterTypeName="executor://mstestadapter/v2" className="VideoOS.Administration.WpfControls.UnitTests.Mvvm.InitialFocusUnitTest" name="InitialFocus_SetEnabled_ItemsControl_Focus_Called_On_First_Item" />
    </UnitTest>
    <UnitTest name="NavigatingTo_Selection_UnavailableItemTest" storage="d:\actions-runner\_work\xpco\xpco\corporate\videoos.administration.wpfcontrols.unittests\bin\x64\debug\net472\videoos.administration.wpfcontrols.unittests.dll" id="984ea193-6ced-c93b-d0dc-9a87f25076ce">
      <Owners>
        <Owner name="lsk" />
      </Owners>
      <Execution id="48619f08-1588-4f00-95bd-92ae961c36c4" />
      <TestMethod codeBase="D:\actions-runner\_work\XPCO\XPCO\Corporate\VideoOS.Administration.WpfControls.UnitTests\bin\x64\Debug\net472\VideoOS.Administration.WpfControls.UnitTests.dll" adapterTypeName="executor://mstestadapter/v2" className="VideoOS.Administration.WpfControls.UnitTests.Wizards.MoveHardware.PageViewModelDestinationRecorderSelectionTest" name="NavigatingTo_Selection_UnavailableItemTest" />
    </UnitTest>
    <UnitTest name="NavigatingTo_PreSelection_FromWizardDataTest" storage="d:\actions-runner\_work\xpco\xpco\corporate\videoos.administration.wpfcontrols.unittests\bin\x64\debug\net472\videoos.administration.wpfcontrols.unittests.dll" id="195d08de-21b8-2f1f-44bd-a0559b76cc4e">
      <Owners>
        <Owner name="lsk" />
      </Owners>
      <Execution id="4d2b730b-8396-4ae1-9496-9a4ab0ebfca9" />
      <TestMethod codeBase="D:\actions-runner\_work\XPCO\XPCO\Corporate\VideoOS.Administration.WpfControls.UnitTests\bin\x64\Debug\net472\VideoOS.Administration.WpfControls.UnitTests.dll" adapterTypeName="executor://mstestadapter/v2" className="VideoOS.Administration.WpfControls.UnitTests.Wizards.MoveHardware.PageViewModelDestinationStorageSelectionTest" name="NavigatingTo_PreSelection_FromWizardDataTest" />
    </UnitTest>
    <UnitTest name="CurrentStatus_Update_ClearSelectionTest" storage="d:\actions-runner\_work\xpco\xpco\corporate\videoos.administration.wpfcontrols.unittests\bin\x64\debug\net472\videoos.administration.wpfcontrols.unittests.dll" id="45852857-59da-0533-30c3-8fd4652b10a7">
      <Owners>
        <Owner name="max" />
      </Owners>
      <Execution id="ef555613-4db2-46a6-9e1b-c47dccbac6dc" />
      <TestMethod codeBase="D:\actions-runner\_work\XPCO\XPCO\Corporate\VideoOS.Administration.WpfControls.UnitTests\bin\x64\Debug\net472\VideoOS.Administration.WpfControls.UnitTests.dll" adapterTypeName="executor://mstestadapter/v2" className="VideoOS.Administration.WpfControls.UnitTests.Wizards.ChangeHardwarePassword.PageViewModelHardwareSelectionTest" name="CurrentStatus_Update_ClearSelectionTest" />
    </UnitTest>
    <UnitTest name="NavigatingTo_HardwaresWithSameMac_HaveSamePasswordsTest" storage="d:\actions-runner\_work\xpco\xpco\corporate\videoos.administration.wpfcontrols.unittests\bin\x64\debug\net472\videoos.administration.wpfcontrols.unittests.dll" id="3e7d45db-319f-dd58-534b-1895e7ce8c1a">
      <Owners>
        <Owner name="max" />
      </Owners>
      <Execution id="93c5289a-cd8d-4e47-a9ef-2ff26ccaed23" />
      <TestMethod codeBase="D:\actions-runner\_work\XPCO\XPCO\Corporate\VideoOS.Administration.WpfControls.UnitTests\bin\x64\Debug\net472\VideoOS.Administration.WpfControls.UnitTests.dll" adapterTypeName="executor://mstestadapter/v2" className="VideoOS.Administration.WpfControls.UnitTests.Wizards.ChangeHardwarePassword.PageViewModelChangeHardwarePasswordProgressTest" name="NavigatingTo_HardwaresWithSameMac_HaveSamePasswordsTest" />
    </UnitTest>
    <UnitTest name="PreviousCommand_NavigatingAway_Cancelled" storage="d:\actions-runner\_work\xpco\xpco\corporate\videoos.administration.wpfcontrols.unittests\bin\x64\debug\net472\videoos.administration.wpfcontrols.unittests.dll" id="57562f84-ca24-a374-0bbd-a64f62493393">
      <Owners>
        <Owner name="KK" />
      </Owners>
      <Execution id="07a42ad3-2dd9-495a-a680-65ab934517a9" />
      <TestMethod codeBase="D:\actions-runner\_work\XPCO\XPCO\Corporate\VideoOS.Administration.WpfControls.UnitTests\bin\x64\Debug\net472\VideoOS.Administration.WpfControls.UnitTests.dll" adapterTypeName="executor://mstestadapter/v2" className="VideoOS.Administration.WpfControls.UnitTests.Wizards.Common.WizardBaseViewModelTest" name="PreviousCommand_NavigatingAway_Cancelled" />
    </UnitTest>
    <UnitTest name="ConvertBack_InvalidOperationTest" storage="d:\actions-runner\_work\xpco\xpco\corporate\videoos.administration.wpfcontrols.unittests\bin\x64\debug\net472\videoos.administration.wpfcontrols.unittests.dll" id="87bc8649-ff49-904f-db05-d02459b9884d">
      <Owners>
        <Owner name="lsk" />
      </Owners>
      <Execution id="0b1e5457-bcc0-4fb9-a6f6-52e27efa5700" />
      <TestMethod codeBase="D:\actions-runner\_work\XPCO\XPCO\Corporate\VideoOS.Administration.WpfControls.UnitTests\bin\x64\Debug\net472\VideoOS.Administration.WpfControls.UnitTests.dll" adapterTypeName="executor://mstestadapter/v2" className="VideoOS.Administration.WpfControls.UnitTests.Wizards.MoveHardware.StorageUsageSummaryMultiValueConverterTest" name="ConvertBack_InvalidOperationTest" />
    </UnitTest>
    <UnitTest name="PreviousCommand_CommandInvalidated_PageStatusChanged_BusyToValidTest" storage="d:\actions-runner\_work\xpco\xpco\corporate\videoos.administration.wpfcontrols.unittests\bin\x64\debug\net472\videoos.administration.wpfcontrols.unittests.dll" id="21ccf45e-8128-2e3d-c2bb-20e9611e8def">
      <Owners>
        <Owner name="lsk" />
      </Owners>
      <Execution id="e5d09cb9-22ae-45f6-8797-1bfb1c461b83" />
      <TestMethod codeBase="D:\actions-runner\_work\XPCO\XPCO\Corporate\VideoOS.Administration.WpfControls.UnitTests\bin\x64\Debug\net472\VideoOS.Administration.WpfControls.UnitTests.dll" adapterTypeName="executor://mstestadapter/v2" className="VideoOS.Administration.WpfControls.UnitTests.Wizards.Common.WizardBaseViewModelTest" name="PreviousCommand_CommandInvalidated_PageStatusChanged_BusyToValidTest" />
    </UnitTest>
    <UnitTest name="ConvertBack_InvalidOperationException" storage="d:\actions-runner\_work\xpco\xpco\corporate\videoos.administration.wpfcontrols.unittests\bin\x64\debug\net472\videoos.administration.wpfcontrols.unittests.dll" id="7a3424ca-0fae-d8e2-bd1d-af563008f224">
      <Execution id="fda892b8-9f8d-4da5-ac26-ae4323c95604" />
      <TestMethod codeBase="D:\actions-runner\_work\XPCO\XPCO\Corporate\VideoOS.Administration.WpfControls.UnitTests\bin\x64\Debug\net472\VideoOS.Administration.WpfControls.UnitTests.dll" adapterTypeName="executor://mstestadapter/v2" className="VideoOS.Administration.WpfControls.UnitTests.Wizards.UpdateFirmware.View.Converters.StatusToSingleValueConverterTest" name="ConvertBack_InvalidOperationException" />
    </UnitTest>
    <UnitTest name="AllHardwareSelected_Update_AllSelectedTest" storage="d:\actions-runner\_work\xpco\xpco\corporate\videoos.administration.wpfcontrols.unittests\bin\x64\debug\net472\videoos.administration.wpfcontrols.unittests.dll" id="e2d9f02e-9681-5967-80aa-94155f3d4e5b">
      <Owners>
        <Owner name="max" />
      </Owners>
      <Execution id="501c91c6-0816-4fd9-b5b3-fc693c3d95ce" />
      <TestMethod codeBase="D:\actions-runner\_work\XPCO\XPCO\Corporate\VideoOS.Administration.WpfControls.UnitTests\bin\x64\Debug\net472\VideoOS.Administration.WpfControls.UnitTests.dll" adapterTypeName="executor://mstestadapter/v2" className="VideoOS.Administration.WpfControls.UnitTests.Wizards.ChangeHardwarePassword.PageViewModelHardwareSelectionTest" name="AllHardwareSelected_Update_AllSelectedTest" />
    </UnitTest>
    <UnitTest name="NextCommand_NavigatingTo_Cancelled" storage="d:\actions-runner\_work\xpco\xpco\corporate\videoos.administration.wpfcontrols.unittests\bin\x64\debug\net472\videoos.administration.wpfcontrols.unittests.dll" id="95c5760a-8769-a2e6-13bb-bc49697e4003">
      <Owners>
        <Owner name="KK" />
      </Owners>
      <Execution id="5a28794a-4154-41d7-b49a-482bf6a1893f" />
      <TestMethod codeBase="D:\actions-runner\_work\XPCO\XPCO\Corporate\VideoOS.Administration.WpfControls.UnitTests\bin\x64\Debug\net472\VideoOS.Administration.WpfControls.UnitTests.dll" adapterTypeName="executor://mstestadapter/v2" className="VideoOS.Administration.WpfControls.UnitTests.Wizards.Common.WizardBaseViewModelTest" name="NextCommand_NavigatingTo_Cancelled" />
    </UnitTest>
    <UnitTest name="Constructor_PropertyWhitespaceTest" storage="d:\actions-runner\_work\xpco\xpco\corporate\videoos.administration.wpfcontrols.unittests\bin\x64\debug\net472\videoos.administration.wpfcontrols.unittests.dll" id="283be9e8-ff40-cb8f-01e8-201330f2ab76">
      <Owners>
        <Owner name="lsk" />
      </Owners>
      <Execution id="dc9aa623-bbb5-4a41-b159-e602612a6580" />
      <TestMethod codeBase="D:\actions-runner\_work\XPCO\XPCO\Corporate\VideoOS.Administration.WpfControls.UnitTests\bin\x64\Debug\net472\VideoOS.Administration.WpfControls.UnitTests.dll" adapterTypeName="executor://mstestadapter/v2" className="VideoOS.Administration.WpfControls.UnitTests.Mvvm.Sort.SimpleSortTest" name="Constructor_PropertyWhitespaceTest" />
    </UnitTest>
    <UnitTest name="SortBaseCommon_IsEquivalentOf_SortDescriptionCollection_ValidListTest" storage="d:\actions-runner\_work\xpco\xpco\corporate\videoos.administration.wpfcontrols.unittests\bin\x64\debug\net472\videoos.administration.wpfcontrols.unittests.dll" id="f3b1ceb2-2ed4-084e-9ea6-5f3a4603b212">
      <Owners>
        <Owner name="lsk" />
      </Owners>
      <Execution id="cb873a9e-2272-4669-a8e8-5b8b6bf1de58" />
      <TestMethod codeBase="D:\actions-runner\_work\XPCO\XPCO\Corporate\VideoOS.Administration.WpfControls.UnitTests\bin\x64\Debug\net472\VideoOS.Administration.WpfControls.UnitTests.dll" adapterTypeName="executor://mstestadapter/v2" className="VideoOS.Administration.WpfControls.UnitTests.Mvvm.Sort.SimpleSortTest" name="SortBaseCommon_IsEquivalentOf_SortDescriptionCollection_ValidListTest" />
    </UnitTest>
    <UnitTest name="Constructor_NullDataTest" storage="d:\actions-runner\_work\xpco\xpco\corporate\videoos.administration.wpfcontrols.unittests\bin\x64\debug\net472\videoos.administration.wpfcontrols.unittests.dll" id="150db0d1-d1f2-3b67-40eb-bbc0399b5b5c">
      <Execution id="140f1800-b767-4ecf-9ffd-2407b04c7ff6" />
      <TestMethod codeBase="D:\actions-runner\_work\XPCO\XPCO\Corporate\VideoOS.Administration.WpfControls.UnitTests\bin\x64\Debug\net472\VideoOS.Administration.WpfControls.UnitTests.dll" adapterTypeName="executor://mstestadapter/v2" className="VideoOS.Administration.WpfControls.UnitTests.Wizards.ChangeHardwarePassword.PageViewModelPreValidationTest" name="Constructor_NullDataTest" />
    </UnitTest>
    <UnitTest name="Convert_Error_ValuesTooShortTest" storage="d:\actions-runner\_work\xpco\xpco\corporate\videoos.administration.wpfcontrols.unittests\bin\x64\debug\net472\videoos.administration.wpfcontrols.unittests.dll" id="91341f70-55ff-152a-4486-885af4213579">
      <Owners>
        <Owner name="lsk" />
      </Owners>
      <Execution id="ac738d3b-7cae-46f3-ba97-395893d286ca" />
      <TestMethod codeBase="D:\actions-runner\_work\XPCO\XPCO\Corporate\VideoOS.Administration.WpfControls.UnitTests\bin\x64\Debug\net472\VideoOS.Administration.WpfControls.UnitTests.dll" adapterTypeName="executor://mstestadapter/v2" className="VideoOS.Administration.WpfControls.UnitTests.Wizards.MoveHardware.UsagePercentageMultiValueConverterTest" name="Convert_Error_ValuesTooShortTest" />
    </UnitTest>
    <UnitTest name="RecorderFilters_RecorderCount" storage="d:\actions-runner\_work\xpco\xpco\corporate\videoos.administration.wpfcontrols.unittests\bin\x64\debug\net472\videoos.administration.wpfcontrols.unittests.dll" id="48ee7e70-42c7-1351-b6d3-3b4d6d5772a4">
      <Owners>
        <Owner name="max" />
      </Owners>
      <Execution id="234b6ca1-2294-4d91-bf89-4250e913c5b5" />
      <TestMethod codeBase="D:\actions-runner\_work\XPCO\XPCO\Corporate\VideoOS.Administration.WpfControls.UnitTests\bin\x64\Debug\net472\VideoOS.Administration.WpfControls.UnitTests.dll" adapterTypeName="executor://mstestadapter/v2" className="VideoOS.Administration.WpfControls.UnitTests.Wizards.ChangeHardwarePassword.PageViewModelHardwareSelectionTest" name="RecorderFilters_RecorderCount" />
    </UnitTest>
    <UnitTest name="SortBaseCommon_Equality_Object_NullTest" storage="d:\actions-runner\_work\xpco\xpco\corporate\videoos.administration.wpfcontrols.unittests\bin\x64\debug\net472\videoos.administration.wpfcontrols.unittests.dll" id="6cda90f3-27d8-af6a-1221-cd7d6ce906cd">
      <Owners>
        <Owner name="lsk" />
      </Owners>
      <Execution id="1fd5e992-a7c6-48ec-a3b6-3a47b6d298ad" />
      <TestMethod codeBase="D:\actions-runner\_work\XPCO\XPCO\Corporate\VideoOS.Administration.WpfControls.UnitTests\bin\x64\Debug\net472\VideoOS.Administration.WpfControls.UnitTests.dll" adapterTypeName="executor://mstestadapter/v2" className="VideoOS.Administration.WpfControls.UnitTests.Mvvm.Sort.SimpleSortWithFallbackTest" name="SortBaseCommon_Equality_Object_NullTest" />
    </UnitTest>
    <UnitTest name="Constructor_EmptyFallbackPropertyTest" storage="d:\actions-runner\_work\xpco\xpco\corporate\videoos.administration.wpfcontrols.unittests\bin\x64\debug\net472\videoos.administration.wpfcontrols.unittests.dll" id="5c839bf0-1998-7f86-972a-fdc64f4b206d">
      <Owners>
        <Owner name="lsk" />
      </Owners>
      <Execution id="38ed4715-f715-47fe-b7b9-e56faef52549" />
      <TestMethod codeBase="D:\actions-runner\_work\XPCO\XPCO\Corporate\VideoOS.Administration.WpfControls.UnitTests\bin\x64\Debug\net472\VideoOS.Administration.WpfControls.UnitTests.dll" adapterTypeName="executor://mstestadapter/v2" className="VideoOS.Administration.WpfControls.UnitTests.Mvvm.Sort.SimpleSortWithFallbackTest" name="Constructor_EmptyFallbackPropertyTest" />
    </UnitTest>
    <UnitTest name="NavigatingAway_WithPasswordManualEntry_PasswordSet" storage="d:\actions-runner\_work\xpco\xpco\corporate\videoos.administration.wpfcontrols.unittests\bin\x64\debug\net472\videoos.administration.wpfcontrols.unittests.dll" id="f1fcf646-8764-a8ca-57d2-1e53de4b6519">
      <Owners>
        <Owner name="max" />
      </Owners>
      <Execution id="6d093b58-e178-4c35-9f8f-77541f8b20ac" />
      <TestMethod codeBase="D:\actions-runner\_work\XPCO\XPCO\Corporate\VideoOS.Administration.WpfControls.UnitTests\bin\x64\Debug\net472\VideoOS.Administration.WpfControls.UnitTests.dll" adapterTypeName="executor://mstestadapter/v2" className="VideoOS.Administration.WpfControls.UnitTests.Wizards.ChangeHardwarePassword.PageViewModelChangeHardwarePasswordTest" name="NavigatingAway_WithPasswordManualEntry_PasswordSet" />
    </UnitTest>
    <UnitTest name="Convert_ToBool_AvailableOnly_UsageNegativeTest" storage="d:\actions-runner\_work\xpco\xpco\corporate\videoos.administration.wpfcontrols.unittests\bin\x64\debug\net472\videoos.administration.wpfcontrols.unittests.dll" id="23ba3188-fa5a-8f11-0c9c-7549f905e108">
      <Owners>
        <Owner name="lsk" />
      </Owners>
      <Execution id="4e414491-4685-459a-8436-6e841e833521" />
      <TestMethod codeBase="D:\actions-runner\_work\XPCO\XPCO\Corporate\VideoOS.Administration.WpfControls.UnitTests\bin\x64\Debug\net472\VideoOS.Administration.WpfControls.UnitTests.dll" adapterTypeName="executor://mstestadapter/v2" className="VideoOS.Administration.WpfControls.UnitTests.Wizards.MoveHardware.UsagePercentageMultiValueConverterTest" name="Convert_ToBool_AvailableOnly_UsageNegativeTest" />
    </UnitTest>
    <UnitTest name="NavigatingTo_SuccessfulChange_OperationsStatusOk" storage="d:\actions-runner\_work\xpco\xpco\corporate\videoos.administration.wpfcontrols.unittests\bin\x64\debug\net472\videoos.administration.wpfcontrols.unittests.dll" id="755e587f-abde-7475-dbff-6b1bd708f630">
      <Owners>
        <Owner name="max" />
      </Owners>
      <Execution id="058a83d1-75c2-4eac-88b2-74c37e6fc953" />
      <TestMethod codeBase="D:\actions-runner\_work\XPCO\XPCO\Corporate\VideoOS.Administration.WpfControls.UnitTests\bin\x64\Debug\net472\VideoOS.Administration.WpfControls.UnitTests.dll" adapterTypeName="executor://mstestadapter/v2" className="VideoOS.Administration.WpfControls.UnitTests.Wizards.ChangeHardwarePassword.PageViewModelChangeHardwarePasswordProgressTest" name="NavigatingTo_SuccessfulChange_OperationsStatusOk" />
    </UnitTest>
    <UnitTest name="SortBaseCommon_SortDescriptions_ReverseTest" storage="d:\actions-runner\_work\xpco\xpco\corporate\videoos.administration.wpfcontrols.unittests\bin\x64\debug\net472\videoos.administration.wpfcontrols.unittests.dll" id="137a598d-9065-8b35-1ada-e9edf86d6ba2">
      <Owners>
        <Owner name="lsk" />
      </Owners>
      <Execution id="01edd805-1492-416b-9bee-cfb3e090987c" />
      <TestMethod codeBase="D:\actions-runner\_work\XPCO\XPCO\Corporate\VideoOS.Administration.WpfControls.UnitTests\bin\x64\Debug\net472\VideoOS.Administration.WpfControls.UnitTests.dll" adapterTypeName="executor://mstestadapter/v2" className="VideoOS.Administration.WpfControls.UnitTests.Mvvm.Sort.SimpleSortWithFallbackTest" name="SortBaseCommon_SortDescriptions_ReverseTest" />
    </UnitTest>
    <UnitTest name="ConvertBack_InvalidOperationException" storage="d:\actions-runner\_work\xpco\xpco\corporate\videoos.administration.wpfcontrols.unittests\bin\x64\debug\net472\videoos.administration.wpfcontrols.unittests.dll" id="10d2c696-3fe4-10c2-09de-7ceef1c7fe28">
      <Execution id="4509360d-0b56-40b9-9997-db4f2cb1db52" />
      <TestMethod codeBase="D:\actions-runner\_work\XPCO\XPCO\Corporate\VideoOS.Administration.WpfControls.UnitTests\bin\x64\Debug\net472\VideoOS.Administration.WpfControls.UnitTests.dll" adapterTypeName="executor://mstestadapter/v2" className="VideoOS.Administration.WpfControls.UnitTests.Wizards.ChangeHardwarePassword.ValidationErrorToStringValueConverterUnitTests" name="ConvertBack_InvalidOperationException" />
    </UnitTest>
    <UnitTest name="Convert_ToValue_UsageOnly_AvailableZeroTest" storage="d:\actions-runner\_work\xpco\xpco\corporate\videoos.administration.wpfcontrols.unittests\bin\x64\debug\net472\videoos.administration.wpfcontrols.unittests.dll" id="c49a984d-853a-63f5-374b-23eb95c6ae33">
      <Owners>
        <Owner name="lsk" />
      </Owners>
      <Execution id="19286d99-d5cf-4fd2-9195-38dab17a7b21" />
      <TestMethod codeBase="D:\actions-runner\_work\XPCO\XPCO\Corporate\VideoOS.Administration.WpfControls.UnitTests\bin\x64\Debug\net472\VideoOS.Administration.WpfControls.UnitTests.dll" adapterTypeName="executor://mstestadapter/v2" className="VideoOS.Administration.WpfControls.UnitTests.Wizards.MoveHardware.UsagePercentageMultiValueConverterTest" name="Convert_ToValue_UsageOnly_AvailableZeroTest" />
    </UnitTest>
    <UnitTest name="Validate_SelectedFirmwareFilePath_Succeed" storage="d:\actions-runner\_work\xpco\xpco\corporate\videoos.administration.wpfcontrols.unittests\bin\x64\debug\net472\videoos.administration.wpfcontrols.unittests.dll" id="e0f3aa0c-ce4b-6d84-c098-1897aaa95abb">
      <Owners>
        <Owner name="ale" />
      </Owners>
      <Execution id="b05f84e3-b410-4ac0-9081-0f4462c33cce" />
      <TestMethod codeBase="D:\actions-runner\_work\XPCO\XPCO\Corporate\VideoOS.Administration.WpfControls.UnitTests\bin\x64\Debug\net472\VideoOS.Administration.WpfControls.UnitTests.dll" adapterTypeName="executor://mstestadapter/v2" className="VideoOS.Administration.WpfControls.UnitTests.Wizards.UpdateFirmware.ViewModel.PageViewModelFirmwareUpdateTest" name="Validate_SelectedFirmwareFilePath_Succeed" />
    </UnitTest>
    <UnitTest name="ColumnWidthSpec_NegativeMaxWidthPercentage_Throws_ArgumentException" storage="d:\actions-runner\_work\xpco\xpco\corporate\videoos.administration.wpfcontrols.unittests\bin\x64\debug\net472\videoos.administration.wpfcontrols.unittests.dll" id="cc09ee50-c14c-8ada-06f7-e9456fd353cb">
      <Execution id="a644c06b-9756-4d27-891c-9ae689978114" />
      <TestMethod codeBase="D:\actions-runner\_work\XPCO\XPCO\Corporate\VideoOS.Administration.WpfControls.UnitTests\bin\x64\Debug\net472\VideoOS.Administration.WpfControls.UnitTests.dll" adapterTypeName="executor://mstestadapter/v2" className="VideoOS.Administration.WpfControls.UnitTests.Mvvm.InitialColumnSizingUnitTests" name="ColumnWidthSpec_NegativeMaxWidthPercentage_Throws_ArgumentException" />
    </UnitTest>
    <UnitTest name="Close_PageStateChanged_CommandInvalidatedTest" storage="d:\actions-runner\_work\xpco\xpco\corporate\videoos.administration.wpfcontrols.unittests\bin\x64\debug\net472\videoos.administration.wpfcontrols.unittests.dll" id="759cc0dc-cce2-5bbd-be81-e35abe9d7d2e">
      <Owners>
        <Owner name="lsk" />
      </Owners>
      <Execution id="06cd69fa-0052-4ec2-bab3-af8b13f51560" />
      <TestMethod codeBase="D:\actions-runner\_work\XPCO\XPCO\Corporate\VideoOS.Administration.WpfControls.UnitTests\bin\x64\Debug\net472\VideoOS.Administration.WpfControls.UnitTests.dll" adapterTypeName="executor://mstestadapter/v2" className="VideoOS.Administration.WpfControls.UnitTests.Wizards.Common.WizardBaseViewModelTest" name="Close_PageStateChanged_CommandInvalidatedTest" />
    </UnitTest>
    <UnitTest name="Convert_BothInvalidTest" storage="d:\actions-runner\_work\xpco\xpco\corporate\videoos.administration.wpfcontrols.unittests\bin\x64\debug\net472\videoos.administration.wpfcontrols.unittests.dll" id="a77c72ed-02bc-e40a-f245-b17a56645675">
      <Owners>
        <Owner name="lsk" />
      </Owners>
      <Execution id="5ad7bdc6-03ea-41c9-a1c4-6649c3cd3e22" />
      <TestMethod codeBase="D:\actions-runner\_work\XPCO\XPCO\Corporate\VideoOS.Administration.WpfControls.UnitTests\bin\x64\Debug\net472\VideoOS.Administration.WpfControls.UnitTests.dll" adapterTypeName="executor://mstestadapter/v2" className="VideoOS.Administration.WpfControls.UnitTests.Wizards.MoveHardware.StorageUsageSummaryMultiValueConverterTest" name="Convert_BothInvalidTest" />
    </UnitTest>
    <UnitTest name="CurrentStatus_Event_ClearSelectionTest" storage="d:\actions-runner\_work\xpco\xpco\corporate\videoos.administration.wpfcontrols.unittests\bin\x64\debug\net472\videoos.administration.wpfcontrols.unittests.dll" id="8df7f1c1-2362-9b79-c352-7a8bf748426f">
      <Owners>
        <Owner name="lsk" />
      </Owners>
      <Execution id="9006cdba-84ed-40cb-ad62-f7aaaad7239c" />
      <TestMethod codeBase="D:\actions-runner\_work\XPCO\XPCO\Corporate\VideoOS.Administration.WpfControls.UnitTests\bin\x64\Debug\net472\VideoOS.Administration.WpfControls.UnitTests.dll" adapterTypeName="executor://mstestadapter/v2" className="VideoOS.Administration.WpfControls.UnitTests.Wizards.MoveHardware.PageViewModelDestinationRecorderSelectionTest" name="CurrentStatus_Event_ClearSelectionTest" />
    </UnitTest>
    <UnitTest name="Convert_AvailableOnly_UsageNullTest" storage="d:\actions-runner\_work\xpco\xpco\corporate\videoos.administration.wpfcontrols.unittests\bin\x64\debug\net472\videoos.administration.wpfcontrols.unittests.dll" id="b43cd285-6f14-30fa-1eaa-298d06fe8796">
      <Owners>
        <Owner name="lsk" />
      </Owners>
      <Execution id="72e295c0-9b37-414d-ba91-2bd85cf07443" />
      <TestMethod codeBase="D:\actions-runner\_work\XPCO\XPCO\Corporate\VideoOS.Administration.WpfControls.UnitTests\bin\x64\Debug\net472\VideoOS.Administration.WpfControls.UnitTests.dll" adapterTypeName="executor://mstestadapter/v2" className="VideoOS.Administration.WpfControls.UnitTests.Wizards.MoveHardware.StorageUsageSummaryMultiValueConverterTest" name="Convert_AvailableOnly_UsageNullTest" />
    </UnitTest>
    <UnitTest name="NavigatingAway_EmptySelectionTest" storage="d:\actions-runner\_work\xpco\xpco\corporate\videoos.administration.wpfcontrols.unittests\bin\x64\debug\net472\videoos.administration.wpfcontrols.unittests.dll" id="9d96775e-f84e-90a2-a5d3-3d73e9871cfa">
      <Owners>
        <Owner name="lsk" />
      </Owners>
      <Execution id="6ee747c9-841c-41c3-a382-7e110af3d9b6" />
      <TestMethod codeBase="D:\actions-runner\_work\XPCO\XPCO\Corporate\VideoOS.Administration.WpfControls.UnitTests\bin\x64\Debug\net472\VideoOS.Administration.WpfControls.UnitTests.dll" adapterTypeName="executor://mstestadapter/v2" className="VideoOS.Administration.WpfControls.UnitTests.Wizards.MoveHardware.PageViewModelDestinationRecorderSelectionTest" name="NavigatingAway_EmptySelectionTest" />
    </UnitTest>
    <UnitTest name="Convert_ArgumentNullException" storage="d:\actions-runner\_work\xpco\xpco\corporate\videoos.administration.wpfcontrols.unittests\bin\x64\debug\net472\videoos.administration.wpfcontrols.unittests.dll" id="3452b02b-a74e-667c-54f2-2f61fc583e4b">
      <Execution id="c4c8c897-c205-4783-8356-34dde9b9c779" />
      <TestMethod codeBase="D:\actions-runner\_work\XPCO\XPCO\Corporate\VideoOS.Administration.WpfControls.UnitTests\bin\x64\Debug\net472\VideoOS.Administration.WpfControls.UnitTests.dll" adapterTypeName="executor://mstestadapter/v2" className="VideoOS.Administration.WpfControls.UnitTests.Wizards.ChangeHardwarePassword.ValidationErrorToStringValueConverterUnitTests" name="Convert_ArgumentNullException" />
    </UnitTest>
    <UnitTest name="Convert_AvailableOnly_UsageNegativeTest" storage="d:\actions-runner\_work\xpco\xpco\corporate\videoos.administration.wpfcontrols.unittests\bin\x64\debug\net472\videoos.administration.wpfcontrols.unittests.dll" id="5db63c4b-a10a-08fd-05f5-ae6a25d1140f">
      <Owners>
        <Owner name="lsk" />
      </Owners>
      <Execution id="ea3c0911-edea-4a6e-aa34-34e872d03a64" />
      <TestMethod codeBase="D:\actions-runner\_work\XPCO\XPCO\Corporate\VideoOS.Administration.WpfControls.UnitTests\bin\x64\Debug\net472\VideoOS.Administration.WpfControls.UnitTests.dll" adapterTypeName="executor://mstestadapter/v2" className="VideoOS.Administration.WpfControls.UnitTests.Wizards.MoveHardware.StorageUsageSummaryMultiValueConverterTest" name="Convert_AvailableOnly_UsageNegativeTest" />
    </UnitTest>
    <UnitTest name="Convert_UsageOnly_AvailableNullTest" storage="d:\actions-runner\_work\xpco\xpco\corporate\videoos.administration.wpfcontrols.unittests\bin\x64\debug\net472\videoos.administration.wpfcontrols.unittests.dll" id="9d226558-c15b-d568-c761-43c132fe5f62">
      <Owners>
        <Owner name="lsk" />
      </Owners>
      <Execution id="ecdfce98-cf92-40c0-87b1-baa31a9ed758" />
      <TestMethod codeBase="D:\actions-runner\_work\XPCO\XPCO\Corporate\VideoOS.Administration.WpfControls.UnitTests\bin\x64\Debug\net472\VideoOS.Administration.WpfControls.UnitTests.dll" adapterTypeName="executor://mstestadapter/v2" className="VideoOS.Administration.WpfControls.UnitTests.Wizards.MoveHardware.StorageUsageSummaryMultiValueConverterTest" name="Convert_UsageOnly_AvailableNullTest" />
    </UnitTest>
    <UnitTest name="ConvertBack_InvalidOperationException" storage="d:\actions-runner\_work\xpco\xpco\corporate\videoos.administration.wpfcontrols.unittests\bin\x64\debug\net472\videoos.administration.wpfcontrols.unittests.dll" id="e1e4643d-f13a-c302-05a5-c406c3f326db">
      <Execution id="1ff398b6-bb5c-4991-881d-030ad9d09d5b" />
      <TestMethod codeBase="D:\actions-runner\_work\XPCO\XPCO\Corporate\VideoOS.Administration.WpfControls.UnitTests\bin\x64\Debug\net472\VideoOS.Administration.WpfControls.UnitTests.dll" adapterTypeName="executor://mstestadapter/v2" className="VideoOS.Administration.WpfControls.UnitTests.Wizards.MoveHardware.StatusToStringValueConverterTest" name="ConvertBack_InvalidOperationException" />
    </UnitTest>
    <UnitTest name="Convert_NonException_Input_Throws_ArgumentException" storage="d:\actions-runner\_work\xpco\xpco\corporate\videoos.administration.wpfcontrols.unittests\bin\x64\debug\net472\videoos.administration.wpfcontrols.unittests.dll" id="e0b8b273-ae2f-7eb0-2361-2afa85566305">
      <Execution id="2bbb8b4f-6c09-4095-abe8-c8b25c197b23" />
      <TestMethod codeBase="D:\actions-runner\_work\XPCO\XPCO\Corporate\VideoOS.Administration.WpfControls.UnitTests\bin\x64\Debug\net472\VideoOS.Administration.WpfControls.UnitTests.dll" adapterTypeName="executor://mstestadapter/v2" className="VideoOS.Administration.WpfControls.UnitTests.Mvvm.Converters.ExceptiontoStringConverterUnitTests" name="Convert_NonException_Input_Throws_ArgumentException" />
    </UnitTest>
    <UnitTest name="NavigatingTo_OperationsCreatedTest" storage="d:\actions-runner\_work\xpco\xpco\corporate\videoos.administration.wpfcontrols.unittests\bin\x64\debug\net472\videoos.administration.wpfcontrols.unittests.dll" id="8b7981cc-5fd6-747b-2737-bc9ea00fdecc">
      <Owners>
        <Owner name="lsk" />
      </Owners>
      <Execution id="f13a23c5-d122-428d-bf86-1ba32a5377e5" />
      <TestMethod codeBase="D:\actions-runner\_work\XPCO\XPCO\Corporate\VideoOS.Administration.WpfControls.UnitTests\bin\x64\Debug\net472\VideoOS.Administration.WpfControls.UnitTests.dll" adapterTypeName="executor://mstestadapter/v2" className="VideoOS.Administration.WpfControls.UnitTests.Wizards.MoveHardware.PageViewModelMoveProgressTest" name="NavigatingTo_OperationsCreatedTest" />
    </UnitTest>
    <UnitTest name="Equality_NotEqual_DifferentDirecitonTest" storage="d:\actions-runner\_work\xpco\xpco\corporate\videoos.administration.wpfcontrols.unittests\bin\x64\debug\net472\videoos.administration.wpfcontrols.unittests.dll" id="afbed609-a82f-6410-34bb-72066c16f622">
      <Owners>
        <Owner name="lsk" />
      </Owners>
      <Execution id="f7b53da1-ce50-4c33-a33f-6711a173b3d8" />
      <TestMethod codeBase="D:\actions-runner\_work\XPCO\XPCO\Corporate\VideoOS.Administration.WpfControls.UnitTests\bin\x64\Debug\net472\VideoOS.Administration.WpfControls.UnitTests.dll" adapterTypeName="executor://mstestadapter/v2" className="VideoOS.Administration.WpfControls.UnitTests.Mvvm.Sort.SimpleSortWithFallbackTest" name="Equality_NotEqual_DifferentDirecitonTest" />
    </UnitTest>
    <UnitTest name="GetDividerFromType_Success" storage="d:\actions-runner\_work\xpco\xpco\corporate\videoos.administration.wpfcontrols.unittests\bin\x64\debug\net472\videoos.administration.wpfcontrols.unittests.dll" id="f4502bb0-7b14-a497-cdfd-03cb06a6b7af">
      <TestCategory>
        <TestCategoryItem TestCategory="SystemMonitorEventThresholds" />
      </TestCategory>
      <Execution id="8b466cff-7b95-4536-840b-0a4f66b9d2c3" />
      <TestMethod codeBase="D:\actions-runner\_work\XPCO\XPCO\Corporate\VideoOS.Administration.WpfControls.UnitTests\bin\x64\Debug\net472\VideoOS.Administration.WpfControls.UnitTests.dll" adapterTypeName="executor://mstestadapter/v2" className="VideoOS.Administration.WpfControls.UnitTests.SystemMonitorEventThresholds.ViewModel.Slider.ThresholdValueConverterTests" name="GetDividerFromType_Success" />
    </UnitTest>
    <UnitTest name="State_Loading_PreviousCommand_DestinationPageNavigatingToTest" storage="d:\actions-runner\_work\xpco\xpco\corporate\videoos.administration.wpfcontrols.unittests\bin\x64\debug\net472\videoos.administration.wpfcontrols.unittests.dll" id="e0ad2509-25cb-416e-8e60-47f33c8a4a4d">
      <Owners>
        <Owner name="lsk" />
      </Owners>
      <Execution id="cee04bec-a331-4894-8308-ca43da8f7c95" />
      <TestMethod codeBase="D:\actions-runner\_work\XPCO\XPCO\Corporate\VideoOS.Administration.WpfControls.UnitTests\bin\x64\Debug\net472\VideoOS.Administration.WpfControls.UnitTests.dll" adapterTypeName="executor://mstestadapter/v2" className="VideoOS.Administration.WpfControls.UnitTests.Wizards.Common.WizardBaseViewModelTest" name="State_Loading_PreviousCommand_DestinationPageNavigatingToTest" />
    </UnitTest>
    <UnitTest name="CurrentStatus_Event_SetSelectionTest" storage="d:\actions-runner\_work\xpco\xpco\corporate\videoos.administration.wpfcontrols.unittests\bin\x64\debug\net472\videoos.administration.wpfcontrols.unittests.dll" id="ecd584b6-1f44-7590-862b-3e93eda5f6e1">
      <Owners>
        <Owner name="lsk" />
      </Owners>
      <Execution id="040b2315-4e64-4bf6-ba9d-c516d9c223c5" />
      <TestMethod codeBase="D:\actions-runner\_work\XPCO\XPCO\Corporate\VideoOS.Administration.WpfControls.UnitTests\bin\x64\Debug\net472\VideoOS.Administration.WpfControls.UnitTests.dll" adapterTypeName="executor://mstestadapter/v2" className="VideoOS.Administration.WpfControls.UnitTests.Wizards.MoveHardware.PageViewModelHardwareSelectionTest" name="CurrentStatus_Event_SetSelectionTest" />
    </UnitTest>
    <UnitTest name="SortBaseCommon_Reverse_ReverseIsNotSameTest" storage="d:\actions-runner\_work\xpco\xpco\corporate\videoos.administration.wpfcontrols.unittests\bin\x64\debug\net472\videoos.administration.wpfcontrols.unittests.dll" id="88f832f0-850e-8880-bbd0-b9ac6891d2a8">
      <Owners>
        <Owner name="lsk" />
      </Owners>
      <Execution id="c7643bdc-b5ce-44a8-9296-a528dc025fb1" />
      <TestMethod codeBase="D:\actions-runner\_work\XPCO\XPCO\Corporate\VideoOS.Administration.WpfControls.UnitTests\bin\x64\Debug\net472\VideoOS.Administration.WpfControls.UnitTests.dll" adapterTypeName="executor://mstestadapter/v2" className="VideoOS.Administration.WpfControls.UnitTests.Mvvm.Sort.SimpleSortTest" name="SortBaseCommon_Reverse_ReverseIsNotSameTest" />
    </UnitTest>
    <UnitTest name="CurrentStatus_Event_ClearSelectionTest" storage="d:\actions-runner\_work\xpco\xpco\corporate\videoos.administration.wpfcontrols.unittests\bin\x64\debug\net472\videoos.administration.wpfcontrols.unittests.dll" id="6e57d7bf-5a2e-ea52-712d-f57e52a5f01d">
      <Owners>
        <Owner name="lsk" />
      </Owners>
      <Execution id="02c465f3-6961-465a-9e03-f0ebaf40c916" />
      <TestMethod codeBase="D:\actions-runner\_work\XPCO\XPCO\Corporate\VideoOS.Administration.WpfControls.UnitTests\bin\x64\Debug\net472\VideoOS.Administration.WpfControls.UnitTests.dll" adapterTypeName="executor://mstestadapter/v2" className="VideoOS.Administration.WpfControls.UnitTests.Wizards.MoveHardware.PageViewModelHardwareSelectionTest" name="CurrentStatus_Event_ClearSelectionTest" />
    </UnitTest>
    <UnitTest name="OneFalseArrayConvertsToVisible" storage="d:\actions-runner\_work\xpco\xpco\corporate\videoos.administration.wpfcontrols.unittests\bin\x64\debug\net472\videoos.administration.wpfcontrols.unittests.dll" id="c484bdd6-5adf-dfd9-6f7e-81b8b104cd79">
      <Execution id="3cc719bd-29d8-4eee-af1e-3081a9abef5c" />
      <TestMethod codeBase="D:\actions-runner\_work\XPCO\XPCO\Corporate\VideoOS.Administration.WpfControls.UnitTests\bin\x64\Debug\net472\VideoOS.Administration.WpfControls.UnitTests.dll" adapterTypeName="executor://mstestadapter/v2" className="VideoOS.Administration.WpfControls.UnitTests.HardwareSetupDialog.Converters.BooleanToVisibilityMultipleConverterUnitTests" name="OneFalseArrayConvertsToVisible" />
    </UnitTest>
    <UnitTest name="ThresholdBottomLevelHeightMultiValueConverter_DownUpIsTrue_Success" storage="d:\actions-runner\_work\xpco\xpco\corporate\videoos.administration.wpfcontrols.unittests\bin\x64\debug\net472\videoos.administration.wpfcontrols.unittests.dll" id="ed172d0f-835c-32fb-91ff-3bbf7051f82a">
      <TestCategory>
        <TestCategoryItem TestCategory="SystemMonitorEventThresholds" />
      </TestCategory>
      <Execution id="a90608ea-3bd8-4a53-8352-1bebea20dd1e" />
      <TestMethod codeBase="D:\actions-runner\_work\XPCO\XPCO\Corporate\VideoOS.Administration.WpfControls.UnitTests\bin\x64\Debug\net472\VideoOS.Administration.WpfControls.UnitTests.dll" adapterTypeName="executor://mstestadapter/v2" className="VideoOS.Administration.WpfControls.UnitTests.SystemMonitorEventThresholds.Converters.ThresholdConverterTests" name="ThresholdBottomLevelHeightMultiValueConverter_DownUpIsTrue_Success" />
    </UnitTest>
    <UnitTest name="SetSelectedAuthenticationInfo_PutsCurrentUserName_OnBasicUser" storage="d:\actions-runner\_work\xpco\xpco\corporate\videoos.administration.wpfcontrols.unittests\bin\x64\debug\net472\videoos.administration.wpfcontrols.unittests.dll" id="a8cfb67a-f296-4724-8734-3b0c0c3b4e5a">
      <TestCategory>
        <TestCategoryItem TestCategory="VideoOS Administration" />
      </TestCategory>
      <Execution id="039a56f8-572a-449b-a68d-ca532bc32202" />
      <TestMethod codeBase="D:\actions-runner\_work\XPCO\XPCO\Corporate\VideoOS.Administration.WpfControls.UnitTests\bin\x64\Debug\net472\VideoOS.Administration.WpfControls.UnitTests.dll" adapterTypeName="executor://mstestadapter/v2" className="VideoOS.Administration.WpfControls.UnitTests.Login.ServerLogOnModelTests" name="SetSelectedAuthenticationInfo_PutsCurrentUserName_OnBasicUser" />
    </UnitTest>
    <UnitTest name="Initialize_NavigationCallbacks_InitialNavigationTest" storage="d:\actions-runner\_work\xpco\xpco\corporate\videoos.administration.wpfcontrols.unittests\bin\x64\debug\net472\videoos.administration.wpfcontrols.unittests.dll" id="60272d89-6b4a-f3ea-4b7d-90929143f6d5">
      <Owners>
        <Owner name="lsk" />
      </Owners>
      <Execution id="8bd5ec3c-afc1-476b-ad57-1bccd672cdb7" />
      <TestMethod codeBase="D:\actions-runner\_work\XPCO\XPCO\Corporate\VideoOS.Administration.WpfControls.UnitTests\bin\x64\Debug\net472\VideoOS.Administration.WpfControls.UnitTests.dll" adapterTypeName="executor://mstestadapter/v2" className="VideoOS.Administration.WpfControls.UnitTests.Wizards.Common.WizardBaseViewModelTest" name="Initialize_NavigationCallbacks_InitialNavigationTest" />
    </UnitTest>
    <UnitTest name="ThresholdSliderViewModel_InvalidInput1" storage="d:\actions-runner\_work\xpco\xpco\corporate\videoos.administration.wpfcontrols.unittests\bin\x64\debug\net472\videoos.administration.wpfcontrols.unittests.dll" id="51b84e29-c85f-f150-f3cb-b235cb55b9ea">
      <TestCategory>
        <TestCategoryItem TestCategory="SystemMonitorEventThresholds" />
      </TestCategory>
      <Execution id="1d317a7c-dbd4-479f-821b-ceb90e6d21d8" />
      <TestMethod codeBase="D:\actions-runner\_work\XPCO\XPCO\Corporate\VideoOS.Administration.WpfControls.UnitTests\bin\x64\Debug\net472\VideoOS.Administration.WpfControls.UnitTests.dll" adapterTypeName="executor://mstestadapter/v2" className="VideoOS.Administration.WpfControls.UnitTests.SystemMonitorEventThresholds.ViewModel.Slider.ThresholdSliderViewModelTests" name="ThresholdSliderViewModel_InvalidInput1" />
    </UnitTest>
    <UnitTest name="PreviousCommand_CommandInvalidated_PageStatusChanged_BusyToInvalidTest" storage="d:\actions-runner\_work\xpco\xpco\corporate\videoos.administration.wpfcontrols.unittests\bin\x64\debug\net472\videoos.administration.wpfcontrols.unittests.dll" id="a723e631-72ff-3d82-8d14-4f80e9538842">
      <Owners>
        <Owner name="lsk" />
      </Owners>
      <Execution id="ec1d71ee-734e-4c0d-b043-137468eddf77" />
      <TestMethod codeBase="D:\actions-runner\_work\XPCO\XPCO\Corporate\VideoOS.Administration.WpfControls.UnitTests\bin\x64\Debug\net472\VideoOS.Administration.WpfControls.UnitTests.dll" adapterTypeName="executor://mstestadapter/v2" className="VideoOS.Administration.WpfControls.UnitTests.Wizards.Common.WizardBaseViewModelTest" name="PreviousCommand_CommandInvalidated_PageStatusChanged_BusyToInvalidTest" />
    </UnitTest>
    <UnitTest name="Convert_UsageOnly_AvailableNegativeTest" storage="d:\actions-runner\_work\xpco\xpco\corporate\videoos.administration.wpfcontrols.unittests\bin\x64\debug\net472\videoos.administration.wpfcontrols.unittests.dll" id="71c33396-e1aa-4357-206d-6e3f9c764281">
      <Owners>
        <Owner name="lsk" />
      </Owners>
      <Execution id="1507b4da-a0fb-436a-97ac-db4c6ab5b3a3" />
      <TestMethod codeBase="D:\actions-runner\_work\XPCO\XPCO\Corporate\VideoOS.Administration.WpfControls.UnitTests\bin\x64\Debug\net472\VideoOS.Administration.WpfControls.UnitTests.dll" adapterTypeName="executor://mstestadapter/v2" className="VideoOS.Administration.WpfControls.UnitTests.Wizards.MoveHardware.StorageUsageSummaryMultiValueConverterTest" name="Convert_UsageOnly_AvailableNegativeTest" />
    </UnitTest>
    <UnitTest name="AllHardwareSelected_Set_FalseTest" storage="d:\actions-runner\_work\xpco\xpco\corporate\videoos.administration.wpfcontrols.unittests\bin\x64\debug\net472\videoos.administration.wpfcontrols.unittests.dll" id="e035e686-d2ff-24aa-9b03-75b1f7179f0d">
      <Owners>
        <Owner name="max" />
      </Owners>
      <Execution id="97d39b82-a52a-4c61-954c-ad8c2133f8c2" />
      <TestMethod codeBase="D:\actions-runner\_work\XPCO\XPCO\Corporate\VideoOS.Administration.WpfControls.UnitTests\bin\x64\Debug\net472\VideoOS.Administration.WpfControls.UnitTests.dll" adapterTypeName="executor://mstestadapter/v2" className="VideoOS.Administration.WpfControls.UnitTests.Wizards.ChangeHardwarePassword.PageViewModelHardwareSelectionTest" name="AllHardwareSelected_Set_FalseTest" />
    </UnitTest>
    <UnitTest name="SortBaseCommon_Equality_Object_ReverseTest" storage="d:\actions-runner\_work\xpco\xpco\corporate\videoos.administration.wpfcontrols.unittests\bin\x64\debug\net472\videoos.administration.wpfcontrols.unittests.dll" id="d21f6db5-9278-700c-a7f4-eb556d215354">
      <Owners>
        <Owner name="lsk" />
      </Owners>
      <Execution id="783706d2-e20d-44fa-9ffe-705964cc6d97" />
      <TestMethod codeBase="D:\actions-runner\_work\XPCO\XPCO\Corporate\VideoOS.Administration.WpfControls.UnitTests\bin\x64\Debug\net472\VideoOS.Administration.WpfControls.UnitTests.dll" adapterTypeName="executor://mstestadapter/v2" className="VideoOS.Administration.WpfControls.UnitTests.Mvvm.Sort.SimpleSortWithFallbackTest" name="SortBaseCommon_Equality_Object_ReverseTest" />
    </UnitTest>
    <UnitTest name="Convert_Single_Line_Gives_Unmodified_String" storage="d:\actions-runner\_work\xpco\xpco\corporate\videoos.administration.wpfcontrols.unittests\bin\x64\debug\net472\videoos.administration.wpfcontrols.unittests.dll" id="9554f9d6-6b5f-fa9a-19f2-0be9d80e39f0">
      <Execution id="81a8f26e-7552-40e0-b58b-49f705a398a1" />
      <TestMethod codeBase="D:\actions-runner\_work\XPCO\XPCO\Corporate\VideoOS.Administration.WpfControls.UnitTests\bin\x64\Debug\net472\VideoOS.Administration.WpfControls.UnitTests.dll" adapterTypeName="executor://mstestadapter/v2" className="VideoOS.Administration.WpfControls.UnitTests.Wizards.ChangeHardwarePassword.MultilineToSingleLineTextConverterUnitTests" name="Convert_Single_Line_Gives_Unmodified_String" />
    </UnitTest>
    <UnitTest name="Convert_AvailableOnly_UsageZeroTest" storage="d:\actions-runner\_work\xpco\xpco\corporate\videoos.administration.wpfcontrols.unittests\bin\x64\debug\net472\videoos.administration.wpfcontrols.unittests.dll" id="a6fd7cd5-42d7-4bf2-bb2e-e1cc7362ea24">
      <Owners>
        <Owner name="lsk" />
      </Owners>
      <Execution id="9dab3b73-c980-4b38-ba04-be6ba35b3a71" />
      <TestMethod codeBase="D:\actions-runner\_work\XPCO\XPCO\Corporate\VideoOS.Administration.WpfControls.UnitTests\bin\x64\Debug\net472\VideoOS.Administration.WpfControls.UnitTests.dll" adapterTypeName="executor://mstestadapter/v2" className="VideoOS.Administration.WpfControls.UnitTests.Wizards.MoveHardware.StorageUsageSummaryMultiValueConverterTest" name="Convert_AvailableOnly_UsageZeroTest" />
    </UnitTest>
    <UnitTest name="EmptyStringConvertsToFalse" storage="d:\actions-runner\_work\xpco\xpco\corporate\videoos.administration.wpfcontrols.unittests\bin\x64\debug\net472\videoos.administration.wpfcontrols.unittests.dll" id="ea366c82-3bd4-a53a-c238-e51073436c49">
      <Execution id="3481a6a6-8913-4962-8324-29f425a106b2" />
      <TestMethod codeBase="D:\actions-runner\_work\XPCO\XPCO\Corporate\VideoOS.Administration.WpfControls.UnitTests\bin\x64\Debug\net472\VideoOS.Administration.WpfControls.UnitTests.dll" adapterTypeName="executor://mstestadapter/v2" className="VideoOS.Administration.WpfControls.UnitTests.HardwareSetupDialog.Converters.NotEmptyStringToBooleanConverterUnitTests" name="EmptyStringConvertsToFalse" />
    </UnitTest>
    <UnitTest name="NavigatingTo_CheckPreselectedRecorderHasHardware_False_NavigationNotCancelled" storage="d:\actions-runner\_work\xpco\xpco\corporate\videoos.administration.wpfcontrols.unittests\bin\x64\debug\net472\videoos.administration.wpfcontrols.unittests.dll" id="c07afd63-e60f-bd3a-ad4f-4a3cb6751c4d">
      <Execution id="01a71a26-3bea-4868-a698-93dbf37182bc" />
      <TestMethod codeBase="D:\actions-runner\_work\XPCO\XPCO\Corporate\VideoOS.Administration.WpfControls.UnitTests\bin\x64\Debug\net472\VideoOS.Administration.WpfControls.UnitTests.dll" adapterTypeName="executor://mstestadapter/v2" className="VideoOS.Administration.WpfControls.UnitTests.Wizards.UpdateFirmware.ViewModel.PageViewModelFirmwareUpdatePreValidationTest" name="NavigatingTo_CheckPreselectedRecorderHasHardware_False_NavigationNotCancelled" />
    </UnitTest>
    <UnitTest name="CurrentStatus_PostNavigatingTo_NoPreselectionTest" storage="d:\actions-runner\_work\xpco\xpco\corporate\videoos.administration.wpfcontrols.unittests\bin\x64\debug\net472\videoos.administration.wpfcontrols.unittests.dll" id="943ed9fd-1a83-8a05-3a94-b3d72055ef8e">
      <Owners>
        <Owner name="lsk" />
      </Owners>
      <Execution id="4bd679cc-f617-4d5e-83fd-e9067fc09398" />
      <TestMethod codeBase="D:\actions-runner\_work\XPCO\XPCO\Corporate\VideoOS.Administration.WpfControls.UnitTests\bin\x64\Debug\net472\VideoOS.Administration.WpfControls.UnitTests.dll" adapterTypeName="executor://mstestadapter/v2" className="VideoOS.Administration.WpfControls.UnitTests.Wizards.MoveHardware.PageViewModelHardwareSelectionTest" name="CurrentStatus_PostNavigatingTo_NoPreselectionTest" />
    </UnitTest>
    <UnitTest name="Convert_Error_ValuesTooLongTest" storage="d:\actions-runner\_work\xpco\xpco\corporate\videoos.administration.wpfcontrols.unittests\bin\x64\debug\net472\videoos.administration.wpfcontrols.unittests.dll" id="8bf5cd2b-918b-16c2-3490-1c7a3c7de97d">
      <Owners>
        <Owner name="lsk" />
      </Owners>
      <Execution id="535107e4-be07-4ece-93e6-ef98fb28f276" />
      <TestMethod codeBase="D:\actions-runner\_work\XPCO\XPCO\Corporate\VideoOS.Administration.WpfControls.UnitTests\bin\x64\Debug\net472\VideoOS.Administration.WpfControls.UnitTests.dll" adapterTypeName="executor://mstestadapter/v2" className="VideoOS.Administration.WpfControls.UnitTests.Wizards.MoveHardware.UsagePercentageMultiValueConverterTest" name="Convert_Error_ValuesTooLongTest" />
    </UnitTest>
    <UnitTest name="CurrentStatus_Update_SetSelectionTest" storage="d:\actions-runner\_work\xpco\xpco\corporate\videoos.administration.wpfcontrols.unittests\bin\x64\debug\net472\videoos.administration.wpfcontrols.unittests.dll" id="0a071c9d-f8f3-ece6-e5fe-0ecbd4c246a8">
      <Owners>
        <Owner name="lsk" />
      </Owners>
      <Execution id="a4605f62-ac9d-4a33-8227-855572814dea" />
      <TestMethod codeBase="D:\actions-runner\_work\XPCO\XPCO\Corporate\VideoOS.Administration.WpfControls.UnitTests\bin\x64\Debug\net472\VideoOS.Administration.WpfControls.UnitTests.dll" adapterTypeName="executor://mstestadapter/v2" className="VideoOS.Administration.WpfControls.UnitTests.Wizards.MoveHardware.PageViewModelHardwareSelectionTest" name="CurrentStatus_Update_SetSelectionTest" />
    </UnitTest>
    <UnitTest name="Convert_Error_TargetTypeTest" storage="d:\actions-runner\_work\xpco\xpco\corporate\videoos.administration.wpfcontrols.unittests\bin\x64\debug\net472\videoos.administration.wpfcontrols.unittests.dll" id="ebe2be05-d2f7-645d-7be6-4d78c3740c0e">
      <Owners>
        <Owner name="lsk" />
      </Owners>
      <Execution id="11950db1-8e85-43e1-ae1f-7851bab028a7" />
      <TestMethod codeBase="D:\actions-runner\_work\XPCO\XPCO\Corporate\VideoOS.Administration.WpfControls.UnitTests\bin\x64\Debug\net472\VideoOS.Administration.WpfControls.UnitTests.dll" adapterTypeName="executor://mstestadapter/v2" className="VideoOS.Administration.WpfControls.UnitTests.Wizards.MoveHardware.StorageUsageSummaryMultiValueConverterTest" name="Convert_Error_TargetTypeTest" />
    </UnitTest>
    <UnitTest name="ThresholdBottomLevelHeightMultiValueConverter_DownUpIsFalse_Success" storage="d:\actions-runner\_work\xpco\xpco\corporate\videoos.administration.wpfcontrols.unittests\bin\x64\debug\net472\videoos.administration.wpfcontrols.unittests.dll" id="251e08ee-7f66-06e3-f239-a006a4056810">
      <TestCategory>
        <TestCategoryItem TestCategory="SystemMonitorEventThresholds" />
      </TestCategory>
      <Execution id="75538742-37fc-499d-b351-155c5cf82e35" />
      <TestMethod codeBase="D:\actions-runner\_work\XPCO\XPCO\Corporate\VideoOS.Administration.WpfControls.UnitTests\bin\x64\Debug\net472\VideoOS.Administration.WpfControls.UnitTests.dll" adapterTypeName="executor://mstestadapter/v2" className="VideoOS.Administration.WpfControls.UnitTests.SystemMonitorEventThresholds.Converters.ThresholdConverterTests" name="ThresholdBottomLevelHeightMultiValueConverter_DownUpIsFalse_Success" />
    </UnitTest>
    <UnitTest name="Convert_ToValue_AvailableOnly_UsageNegativeTest" storage="d:\actions-runner\_work\xpco\xpco\corporate\videoos.administration.wpfcontrols.unittests\bin\x64\debug\net472\videoos.administration.wpfcontrols.unittests.dll" id="22ee8c16-d1ae-446c-d431-5adc7e30e57d">
      <Owners>
        <Owner name="lsk" />
      </Owners>
      <Execution id="ce74fa7a-6122-4475-81e9-d571664315e0" />
      <TestMethod codeBase="D:\actions-runner\_work\XPCO\XPCO\Corporate\VideoOS.Administration.WpfControls.UnitTests\bin\x64\Debug\net472\VideoOS.Administration.WpfControls.UnitTests.dll" adapterTypeName="executor://mstestadapter/v2" className="VideoOS.Administration.WpfControls.UnitTests.Wizards.MoveHardware.UsagePercentageMultiValueConverterTest" name="Convert_ToValue_AvailableOnly_UsageNegativeTest" />
    </UnitTest>
    <UnitTest name="NextCommand_NavigationCallbacks_SourceTest" storage="d:\actions-runner\_work\xpco\xpco\corporate\videoos.administration.wpfcontrols.unittests\bin\x64\debug\net472\videoos.administration.wpfcontrols.unittests.dll" id="1aa66849-c568-f584-5496-d53c04f2eb9a">
      <Owners>
        <Owner name="lsk" />
      </Owners>
      <Execution id="eb01221c-76a0-4637-ac1c-ba4bd27eb8ab" />
      <TestMethod codeBase="D:\actions-runner\_work\XPCO\XPCO\Corporate\VideoOS.Administration.WpfControls.UnitTests\bin\x64\Debug\net472\VideoOS.Administration.WpfControls.UnitTests.dll" adapterTypeName="executor://mstestadapter/v2" className="VideoOS.Administration.WpfControls.UnitTests.Wizards.Common.WizardBaseViewModelTest" name="NextCommand_NavigationCallbacks_SourceTest" />
    </UnitTest>
    <UnitTest name="NavigatingTo_NoChecksFail_NoHardwareSelected_NavigationCancelled" storage="d:\actions-runner\_work\xpco\xpco\corporate\videoos.administration.wpfcontrols.unittests\bin\x64\debug\net472\videoos.administration.wpfcontrols.unittests.dll" id="859f28b7-e328-733f-c1a2-69a1e426056b">
      <Execution id="df3e271a-c3ef-41a2-9eb8-c4a4c0720653" />
      <TestMethod codeBase="D:\actions-runner\_work\XPCO\XPCO\Corporate\VideoOS.Administration.WpfControls.UnitTests\bin\x64\Debug\net472\VideoOS.Administration.WpfControls.UnitTests.dll" adapterTypeName="executor://mstestadapter/v2" className="VideoOS.Administration.WpfControls.UnitTests.Wizards.MoveHardware.ViewModel.PageViewModelPreValidationTest" name="NavigatingTo_NoChecksFail_NoHardwareSelected_NavigationCancelled" />
    </UnitTest>
    <UnitTest name="Convert_ToValue_UsageOnly_AvailableNullTest" storage="d:\actions-runner\_work\xpco\xpco\corporate\videoos.administration.wpfcontrols.unittests\bin\x64\debug\net472\videoos.administration.wpfcontrols.unittests.dll" id="d1f62858-9016-515a-9c1e-3ccfb99ab40f">
      <Owners>
        <Owner name="lsk" />
      </Owners>
      <Execution id="4016c89c-b22f-4c3f-bab3-62811c9554c8" />
      <TestMethod codeBase="D:\actions-runner\_work\XPCO\XPCO\Corporate\VideoOS.Administration.WpfControls.UnitTests\bin\x64\Debug\net472\VideoOS.Administration.WpfControls.UnitTests.dll" adapterTypeName="executor://mstestadapter/v2" className="VideoOS.Administration.WpfControls.UnitTests.Wizards.MoveHardware.UsagePercentageMultiValueConverterTest" name="Convert_ToValue_UsageOnly_AvailableNullTest" />
    </UnitTest>
    <UnitTest name="Constructor_DataNotChangedDuringConstructionTest" storage="d:\actions-runner\_work\xpco\xpco\corporate\videoos.administration.wpfcontrols.unittests\bin\x64\debug\net472\videoos.administration.wpfcontrols.unittests.dll" id="574c2c90-0245-de82-999d-96c7fabf75f0">
      <Owners>
        <Owner name="lsk" />
      </Owners>
      <Execution id="b9a418bb-8c0e-4e98-ba9b-e49b28cab81a" />
      <TestMethod codeBase="D:\actions-runner\_work\XPCO\XPCO\Corporate\VideoOS.Administration.WpfControls.UnitTests\bin\x64\Debug\net472\VideoOS.Administration.WpfControls.UnitTests.dll" adapterTypeName="executor://mstestadapter/v2" className="VideoOS.Administration.WpfControls.UnitTests.Wizards.MoveHardware.PageViewModelHardwareSelectionTest" name="Constructor_DataNotChangedDuringConstructionTest" />
    </UnitTest>
    <UnitTest name="Initialize_NoPagesReturned" storage="d:\actions-runner\_work\xpco\xpco\corporate\videoos.administration.wpfcontrols.unittests\bin\x64\debug\net472\videoos.administration.wpfcontrols.unittests.dll" id="0472b6c8-6759-0c73-1423-85e2e90fedd2">
      <Owners>
        <Owner name="lsk" />
      </Owners>
      <Execution id="1b037b3b-3873-470f-87f4-9138b2fb34f4" />
      <TestMethod codeBase="D:\actions-runner\_work\XPCO\XPCO\Corporate\VideoOS.Administration.WpfControls.UnitTests\bin\x64\Debug\net472\VideoOS.Administration.WpfControls.UnitTests.dll" adapterTypeName="executor://mstestadapter/v2" className="VideoOS.Administration.WpfControls.UnitTests.Wizards.Common.WizardBaseViewModelTest" name="Initialize_NoPagesReturned" />
    </UnitTest>
    <UnitTest name="Convert_ArgumentNullException" storage="d:\actions-runner\_work\xpco\xpco\corporate\videoos.administration.wpfcontrols.unittests\bin\x64\debug\net472\videoos.administration.wpfcontrols.unittests.dll" id="2263de12-05b9-2615-fd9d-d2d5c9269b30">
      <Execution id="d171f43f-ef8f-46d6-8a5c-4ad776a96858" />
      <TestMethod codeBase="D:\actions-runner\_work\XPCO\XPCO\Corporate\VideoOS.Administration.WpfControls.UnitTests\bin\x64\Debug\net472\VideoOS.Administration.WpfControls.UnitTests.dll" adapterTypeName="executor://mstestadapter/v2" className="VideoOS.Administration.WpfControls.UnitTests.Wizards.UpdateFirmware.View.Converters.StatusToSingleValueConverterTest" name="Convert_ArgumentNullException" />
    </UnitTest>
    <UnitTest name="AllTrueArrayConvertsToCollapsed" storage="d:\actions-runner\_work\xpco\xpco\corporate\videoos.administration.wpfcontrols.unittests\bin\x64\debug\net472\videoos.administration.wpfcontrols.unittests.dll" id="3374f0ec-84a4-6b64-55fa-ff1da1e377d5">
      <Execution id="8c2eef99-3631-49ec-9d01-0d568018ad05" />
      <TestMethod codeBase="D:\actions-runner\_work\XPCO\XPCO\Corporate\VideoOS.Administration.WpfControls.UnitTests\bin\x64\Debug\net472\VideoOS.Administration.WpfControls.UnitTests.dll" adapterTypeName="executor://mstestadapter/v2" className="VideoOS.Administration.WpfControls.UnitTests.HardwareSetupDialog.Converters.BooleanToVisibilityMultipleConverterUnitTests" name="AllTrueArrayConvertsToCollapsed" />
    </UnitTest>
    <UnitTest name="AllHardwareSelected_Set_FalseTest" storage="d:\actions-runner\_work\xpco\xpco\corporate\videoos.administration.wpfcontrols.unittests\bin\x64\debug\net472\videoos.administration.wpfcontrols.unittests.dll" id="23f93523-d225-e603-18e7-638622ea4afd">
      <Owners>
        <Owner name="lsk" />
      </Owners>
      <Execution id="e6b4b519-8b14-480d-9ecb-4b87d11966ce" />
      <TestMethod codeBase="D:\actions-runner\_work\XPCO\XPCO\Corporate\VideoOS.Administration.WpfControls.UnitTests\bin\x64\Debug\net472\VideoOS.Administration.WpfControls.UnitTests.dll" adapterTypeName="executor://mstestadapter/v2" className="VideoOS.Administration.WpfControls.UnitTests.Wizards.MoveHardware.PageViewModelHardwareSelectionTest" name="AllHardwareSelected_Set_FalseTest" />
    </UnitTest>
    <UnitTest name="NavigatingTo_PageStatus_HardwareSelected" storage="d:\actions-runner\_work\xpco\xpco\corporate\videoos.administration.wpfcontrols.unittests\bin\x64\debug\net472\videoos.administration.wpfcontrols.unittests.dll" id="541558d6-6eb5-ef95-ccb2-54daa35a37c1">
      <Owners>
        <Owner name="max" />
      </Owners>
      <Execution id="504e9210-e7f7-40bc-8e36-1cb2400495aa" />
      <TestMethod codeBase="D:\actions-runner\_work\XPCO\XPCO\Corporate\VideoOS.Administration.WpfControls.UnitTests\bin\x64\Debug\net472\VideoOS.Administration.WpfControls.UnitTests.dll" adapterTypeName="executor://mstestadapter/v2" className="VideoOS.Administration.WpfControls.UnitTests.Wizards.ChangeHardwarePassword.PageViewModelChangeHardwarePasswordTest" name="NavigatingTo_PageStatus_HardwareSelected" />
    </UnitTest>
    <UnitTest name="CurrentStatus_Update_ClearSelectionTest" storage="d:\actions-runner\_work\xpco\xpco\corporate\videoos.administration.wpfcontrols.unittests\bin\x64\debug\net472\videoos.administration.wpfcontrols.unittests.dll" id="e2c0daaa-50f6-4e6f-89d5-5eda5d8040a2">
      <Owners>
        <Owner name="lsk" />
      </Owners>
      <Execution id="30f10952-d715-4f2d-bd53-b90646d0919c" />
      <TestMethod codeBase="D:\actions-runner\_work\XPCO\XPCO\Corporate\VideoOS.Administration.WpfControls.UnitTests\bin\x64\Debug\net472\VideoOS.Administration.WpfControls.UnitTests.dll" adapterTypeName="executor://mstestadapter/v2" className="VideoOS.Administration.WpfControls.UnitTests.Wizards.MoveHardware.PageViewModelHardwareSelectionTest" name="CurrentStatus_Update_ClearSelectionTest" />
    </UnitTest>
    <UnitTest name="NavigatingTo_Selection_HardwareSelectionFromDataTest" storage="d:\actions-runner\_work\xpco\xpco\corporate\videoos.administration.wpfcontrols.unittests\bin\x64\debug\net472\videoos.administration.wpfcontrols.unittests.dll" id="6f3421a4-94ab-b985-2d94-0b4e624dd9a7">
      <Owners>
        <Owner name="max" />
      </Owners>
      <Execution id="2e6ad5b9-8ecc-4686-8ece-b2ab9c7b668d" />
      <TestMethod codeBase="D:\actions-runner\_work\XPCO\XPCO\Corporate\VideoOS.Administration.WpfControls.UnitTests\bin\x64\Debug\net472\VideoOS.Administration.WpfControls.UnitTests.dll" adapterTypeName="executor://mstestadapter/v2" className="VideoOS.Administration.WpfControls.UnitTests.Wizards.ChangeHardwarePassword.PageViewModelHardwareSelectionTest" name="NavigatingTo_Selection_HardwareSelectionFromDataTest" />
    </UnitTest>
    <UnitTest name="InitialFocus_SetEnabled_FrameworkElement_False_Focus_Not_Called" storage="d:\actions-runner\_work\xpco\xpco\corporate\videoos.administration.wpfcontrols.unittests\bin\x64\debug\net472\videoos.administration.wpfcontrols.unittests.dll" id="8a3322a4-264f-c577-4666-52291e49089d">
      <Execution id="1a4405f4-748c-4137-8bff-b7e6b029d575" />
      <TestMethod codeBase="D:\actions-runner\_work\XPCO\XPCO\Corporate\VideoOS.Administration.WpfControls.UnitTests\bin\x64\Debug\net472\VideoOS.Administration.WpfControls.UnitTests.dll" adapterTypeName="executor://mstestadapter/v2" className="VideoOS.Administration.WpfControls.UnitTests.Mvvm.InitialFocusUnitTest" name="InitialFocus_SetEnabled_FrameworkElement_False_Focus_Not_Called" />
    </UnitTest>
    <UnitTest name="SortEquality_NotEqualSorts" storage="d:\actions-runner\_work\xpco\xpco\corporate\videoos.administration.wpfcontrols.unittests\bin\x64\debug\net472\videoos.administration.wpfcontrols.unittests.dll" id="ab4a3b6b-68b0-800a-3f72-3234f3163c1b">
      <Execution id="76e22af4-d09c-4c76-ba40-681cbeef724b" />
      <TestMethod codeBase="D:\actions-runner\_work\XPCO\XPCO\Corporate\VideoOS.Administration.WpfControls.UnitTests\bin\x64\Debug\net472\VideoOS.Administration.WpfControls.UnitTests.dll" adapterTypeName="executor://mstestadapter/v2" className="VideoOS.Administration.WpfControls.UnitTests.Wizards.Common.TwoSortsToSortEqualityMultiValueConverterTest" name="SortEquality_NotEqualSorts" />
    </UnitTest>
    <UnitTest name="SelectionChanged_SameSelectedItemsCountTest" storage="d:\actions-runner\_work\xpco\xpco\corporate\videoos.administration.wpfcontrols.unittests\bin\x64\debug\net472\videoos.administration.wpfcontrols.unittests.dll" id="4b3fd966-5843-d2c0-fd04-fb813c6c0291">
      <Owners>
        <Owner name="max" />
      </Owners>
      <Execution id="171608b5-a991-4545-bba3-279c98a29779" />
      <TestMethod codeBase="D:\actions-runner\_work\XPCO\XPCO\Corporate\VideoOS.Administration.WpfControls.UnitTests\bin\x64\Debug\net472\VideoOS.Administration.WpfControls.UnitTests.dll" adapterTypeName="executor://mstestadapter/v2" className="VideoOS.Administration.WpfControls.UnitTests.Wizards.ChangeHardwarePassword.PageViewModelHardwareSelectionTest" name="SelectionChanged_SameSelectedItemsCountTest" />
    </UnitTest>
    <UnitTest name="Convert_ToBool_UsedGtAvailable" storage="d:\actions-runner\_work\xpco\xpco\corporate\videoos.administration.wpfcontrols.unittests\bin\x64\debug\net472\videoos.administration.wpfcontrols.unittests.dll" id="49ca85d3-c3b7-af52-fe22-5ed8125d23ba">
      <Owners>
        <Owner name="lsk" />
      </Owners>
      <Execution id="b6a74a0d-7686-4695-9c2a-eace660360c4" />
      <TestMethod codeBase="D:\actions-runner\_work\XPCO\XPCO\Corporate\VideoOS.Administration.WpfControls.UnitTests\bin\x64\Debug\net472\VideoOS.Administration.WpfControls.UnitTests.dll" adapterTypeName="executor://mstestadapter/v2" className="VideoOS.Administration.WpfControls.UnitTests.Wizards.MoveHardware.UsagePercentageMultiValueConverterTest" name="Convert_ToBool_UsedGtAvailable" />
    </UnitTest>
    <UnitTest name="Validate_WithPasswordManualEntry_WrongConfirmationPassword" storage="d:\actions-runner\_work\xpco\xpco\corporate\videoos.administration.wpfcontrols.unittests\bin\x64\debug\net472\videoos.administration.wpfcontrols.unittests.dll" id="c3184295-42a7-66b5-0825-d2f93113dc23">
      <Owners>
        <Owner name="max" />
      </Owners>
      <Execution id="a7d5bc5d-aad0-4ae1-91bd-95a0a8bcb3ce" />
      <TestMethod codeBase="D:\actions-runner\_work\XPCO\XPCO\Corporate\VideoOS.Administration.WpfControls.UnitTests\bin\x64\Debug\net472\VideoOS.Administration.WpfControls.UnitTests.dll" adapterTypeName="executor://mstestadapter/v2" className="VideoOS.Administration.WpfControls.UnitTests.Wizards.ChangeHardwarePassword.PageViewModelChangeHardwarePasswordTest" name="Validate_WithPasswordManualEntry_WrongConfirmationPassword" />
    </UnitTest>
    <UnitTest name="SortEquality_NullValues" storage="d:\actions-runner\_work\xpco\xpco\corporate\videoos.administration.wpfcontrols.unittests\bin\x64\debug\net472\videoos.administration.wpfcontrols.unittests.dll" id="e9878acc-6ac6-fbae-39cb-00da39dd2634">
      <Execution id="23d743d8-b8dc-4352-829f-17192d0e2c89" />
      <TestMethod codeBase="D:\actions-runner\_work\XPCO\XPCO\Corporate\VideoOS.Administration.WpfControls.UnitTests\bin\x64\Debug\net472\VideoOS.Administration.WpfControls.UnitTests.dll" adapterTypeName="executor://mstestadapter/v2" className="VideoOS.Administration.WpfControls.UnitTests.Wizards.Common.TwoSortsToSortEqualityMultiValueConverterTest" name="SortEquality_NullValues" />
    </UnitTest>
    <UnitTest name="Convert_Hours_SecondsOffsetTest" storage="d:\actions-runner\_work\xpco\xpco\corporate\videoos.administration.wpfcontrols.unittests\bin\x64\debug\net472\videoos.administration.wpfcontrols.unittests.dll" id="20bfef15-a2cd-3fad-0bf5-7d316ff6dd05">
      <Owners>
        <Owner name="lsk" />
      </Owners>
      <Execution id="76579f46-ec08-44cc-9e34-b48a0e94bb75" />
      <TestMethod codeBase="D:\actions-runner\_work\XPCO\XPCO\Corporate\VideoOS.Administration.WpfControls.UnitTests\bin\x64\Debug\net472\VideoOS.Administration.WpfControls.UnitTests.dll" adapterTypeName="executor://mstestadapter/v2" className="VideoOS.Administration.WpfControls.UnitTests.Wizards.MoveHardware.StorageRetentionTimeToStringValueConverterTest" name="Convert_Hours_SecondsOffsetTest" />
    </UnitTest>
    <UnitTest name="AllHardwareSelected_Set_NullTest" storage="d:\actions-runner\_work\xpco\xpco\corporate\videoos.administration.wpfcontrols.unittests\bin\x64\debug\net472\videoos.administration.wpfcontrols.unittests.dll" id="38dda871-b7e4-b196-a9eb-a425140a5da5">
      <Owners>
        <Owner name="lsk" />
      </Owners>
      <Execution id="38d9e2aa-07e9-4719-b837-c232cfcc9c5b" />
      <TestMethod codeBase="D:\actions-runner\_work\XPCO\XPCO\Corporate\VideoOS.Administration.WpfControls.UnitTests\bin\x64\Debug\net472\VideoOS.Administration.WpfControls.UnitTests.dll" adapterTypeName="executor://mstestadapter/v2" className="VideoOS.Administration.WpfControls.UnitTests.Wizards.MoveHardware.PageViewModelHardwareSelectionTest" name="AllHardwareSelected_Set_NullTest" />
    </UnitTest>
    <UnitTest name="MessageBoxButtonExtensions_AsWinFormsMessageBoxButtons_Check_Expected_Output" storage="d:\actions-runner\_work\xpco\xpco\corporate\videoos.administration.wpfcontrols.unittests\bin\x64\debug\net472\videoos.administration.wpfcontrols.unittests.dll" id="f2c9a4ad-b5f5-fd13-6db6-439895537b88">
      <Execution id="287f7f66-2820-47a9-825e-7791de823856" />
      <TestMethod codeBase="D:\actions-runner\_work\XPCO\XPCO\Corporate\VideoOS.Administration.WpfControls.UnitTests\bin\x64\Debug\net472\VideoOS.Administration.WpfControls.UnitTests.dll" adapterTypeName="executor://mstestadapter/v2" className="VideoOS.Administration.WpfControls.UnitTests.Interop.MessageBoxButtonExtensionsUnitTests" name="MessageBoxButtonExtensions_AsWinFormsMessageBoxButtons_Check_Expected_Output" />
    </UnitTest>
    <UnitTest name="Convert_AllValues" storage="d:\actions-runner\_work\xpco\xpco\corporate\videoos.administration.wpfcontrols.unittests\bin\x64\debug\net472\videoos.administration.wpfcontrols.unittests.dll" id="6791732f-26a7-04d2-eb4e-7b28d6773426">
      <Execution id="43ac883a-4037-413d-b3f5-55df4fbf7cce" />
      <TestMethod codeBase="D:\actions-runner\_work\XPCO\XPCO\Corporate\VideoOS.Administration.WpfControls.UnitTests\bin\x64\Debug\net472\VideoOS.Administration.WpfControls.UnitTests.dll" adapterTypeName="executor://mstestadapter/v2" className="VideoOS.Administration.WpfControls.UnitTests.Wizards.MoveHardware.StatusToSingleValueConverterTest" name="Convert_AllValues" />
    </UnitTest>
    <UnitTest name="CurrentStatus_PostNavigatingTo_PreselectionTest" storage="d:\actions-runner\_work\xpco\xpco\corporate\videoos.administration.wpfcontrols.unittests\bin\x64\debug\net472\videoos.administration.wpfcontrols.unittests.dll" id="2dfe4212-1e51-6a2f-eccf-e624c5e32703">
      <Owners>
        <Owner name="max" />
      </Owners>
      <Execution id="9167345b-fb8c-46b3-ba58-aaa4c3d25ac8" />
      <TestMethod codeBase="D:\actions-runner\_work\XPCO\XPCO\Corporate\VideoOS.Administration.WpfControls.UnitTests\bin\x64\Debug\net472\VideoOS.Administration.WpfControls.UnitTests.dll" adapterTypeName="executor://mstestadapter/v2" className="VideoOS.Administration.WpfControls.UnitTests.Wizards.ChangeHardwarePassword.PageViewModelHardwareSelectionTest" name="CurrentStatus_PostNavigatingTo_PreselectionTest" />
    </UnitTest>
    <UnitTest name="Convert_MultipleWarnings" storage="d:\actions-runner\_work\xpco\xpco\corporate\videoos.administration.wpfcontrols.unittests\bin\x64\debug\net472\videoos.administration.wpfcontrols.unittests.dll" id="6fb74ec5-2016-803e-6002-9db1a1b3dd9a">
      <Execution id="398d27d2-3d3c-40da-9221-b176d33dc99c" />
      <TestMethod codeBase="D:\actions-runner\_work\XPCO\XPCO\Corporate\VideoOS.Administration.WpfControls.UnitTests\bin\x64\Debug\net472\VideoOS.Administration.WpfControls.UnitTests.dll" adapterTypeName="executor://mstestadapter/v2" className="VideoOS.Administration.WpfControls.UnitTests.Wizards.MoveHardware.WarningsToStringConverterTest" name="Convert_MultipleWarnings" />
    </UnitTest>
    <UnitTest name="ScheduleNextRun_RaisesEventOnSiteWorking_AfterWaitingForTimeout_Success" storage="d:\actions-runner\_work\xpco\xpco\corporate\videoos.administration.wpfcontrols.unittests\bin\x64\debug\net472\videoos.administration.wpfcontrols.unittests.dll" id="aec88af4-fc37-ae68-2dbe-517f2be4242b">
      <TestCategory>
        <TestCategoryItem TestCategory="VideoOS Administration" />
      </TestCategory>
      <Execution id="93fb8073-e462-4de7-9e48-68cf125323a7" />
      <TestMethod codeBase="D:\actions-runner\_work\XPCO\XPCO\Corporate\VideoOS.Administration.WpfControls.UnitTests\bin\x64\Debug\net472\VideoOS.Administration.WpfControls.UnitTests.dll" adapterTypeName="executor://mstestadapter/v2" className="VideoOS.Administration.WpfControls.UnitTests.Login.ChangePasswordThreadTests" name="ScheduleNextRun_RaisesEventOnSiteWorking_AfterWaitingForTimeout_Success" />
    </UnitTest>
    <UnitTest name="AllHardwareSelected_Event_FromAllSelectedTest" storage="d:\actions-runner\_work\xpco\xpco\corporate\videoos.administration.wpfcontrols.unittests\bin\x64\debug\net472\videoos.administration.wpfcontrols.unittests.dll" id="1908cd4e-24f5-f838-8022-09f0e59c3b4e">
      <Owners>
        <Owner name="max" />
      </Owners>
      <Execution id="d498bd37-6bad-4d1f-b1c6-069007f36754" />
      <TestMethod codeBase="D:\actions-runner\_work\XPCO\XPCO\Corporate\VideoOS.Administration.WpfControls.UnitTests\bin\x64\Debug\net472\VideoOS.Administration.WpfControls.UnitTests.dll" adapterTypeName="executor://mstestadapter/v2" className="VideoOS.Administration.WpfControls.UnitTests.Wizards.ChangeHardwarePassword.PageViewModelHardwareSelectionTest" name="AllHardwareSelected_Event_FromAllSelectedTest" />
    </UnitTest>
    <UnitTest name="MessageBoxButtonExtensions_AsWinFormsMessageBoxButtons_All_Values_Supported" storage="d:\actions-runner\_work\xpco\xpco\corporate\videoos.administration.wpfcontrols.unittests\bin\x64\debug\net472\videoos.administration.wpfcontrols.unittests.dll" id="4879fdf1-a6aa-6fe5-4969-67ce57c0e9ac">
      <Execution id="cfaa2e01-2a5c-45eb-a6e5-1c3bd5de25ba" />
      <TestMethod codeBase="D:\actions-runner\_work\XPCO\XPCO\Corporate\VideoOS.Administration.WpfControls.UnitTests\bin\x64\Debug\net472\VideoOS.Administration.WpfControls.UnitTests.dll" adapterTypeName="executor://mstestadapter/v2" className="VideoOS.Administration.WpfControls.UnitTests.Interop.MessageBoxButtonExtensionsUnitTests" name="MessageBoxButtonExtensions_AsWinFormsMessageBoxButtons_All_Values_Supported" />
    </UnitTest>
    <UnitTest name="UpdateSelection_NullTest" storage="d:\actions-runner\_work\xpco\xpco\corporate\videoos.administration.wpfcontrols.unittests\bin\x64\debug\net472\videoos.administration.wpfcontrols.unittests.dll" id="4596f547-9ec2-cd9c-7ca2-6d11617a0198">
      <Owners>
        <Owner name="lsk" />
      </Owners>
      <Execution id="78e92e55-ef83-45ed-b4cc-fe2a918b2846" />
      <TestMethod codeBase="D:\actions-runner\_work\XPCO\XPCO\Corporate\VideoOS.Administration.WpfControls.UnitTests\bin\x64\Debug\net472\VideoOS.Administration.WpfControls.UnitTests.dll" adapterTypeName="executor://mstestadapter/v2" className="VideoOS.Administration.WpfControls.UnitTests.Wizards.MoveHardware.PageViewModelHardwareSelectionTest" name="UpdateSelection_NullTest" />
    </UnitTest>
    <UnitTest name="Convert_Error_CultureInfoNullTest" storage="d:\actions-runner\_work\xpco\xpco\corporate\videoos.administration.wpfcontrols.unittests\bin\x64\debug\net472\videoos.administration.wpfcontrols.unittests.dll" id="3151dadf-b9b4-706f-3f15-ef0804d1c4a4">
      <Owners>
        <Owner name="lsk" />
      </Owners>
      <Execution id="6e8b2961-755e-41ec-a210-cf399c905e06" />
      <TestMethod codeBase="D:\actions-runner\_work\XPCO\XPCO\Corporate\VideoOS.Administration.WpfControls.UnitTests\bin\x64\Debug\net472\VideoOS.Administration.WpfControls.UnitTests.dll" adapterTypeName="executor://mstestadapter/v2" className="VideoOS.Administration.WpfControls.UnitTests.Wizards.MoveHardware.StorageUsageSummaryMultiValueConverterTest" name="Convert_Error_CultureInfoNullTest" />
    </UnitTest>
    <UnitTest name="Convert_OneWarning" storage="d:\actions-runner\_work\xpco\xpco\corporate\videoos.administration.wpfcontrols.unittests\bin\x64\debug\net472\videoos.administration.wpfcontrols.unittests.dll" id="b28ebd74-9e5e-9457-1489-0726ed5ffe38">
      <Execution id="175abdd8-a4fb-40a0-bb96-44f6ade648d9" />
      <TestMethod codeBase="D:\actions-runner\_work\XPCO\XPCO\Corporate\VideoOS.Administration.WpfControls.UnitTests\bin\x64\Debug\net472\VideoOS.Administration.WpfControls.UnitTests.dll" adapterTypeName="executor://mstestadapter/v2" className="VideoOS.Administration.WpfControls.UnitTests.Wizards.UpdateFirmware.View.Converters.WarningToStringConverterTest" name="Convert_OneWarning" />
    </UnitTest>
    <UnitTest name="SortBaseCommon_GetHashCode_EqualInstancesTest" storage="d:\actions-runner\_work\xpco\xpco\corporate\videoos.administration.wpfcontrols.unittests\bin\x64\debug\net472\videoos.administration.wpfcontrols.unittests.dll" id="6b5427c4-3998-55f8-2902-c3d8729fa256">
      <Owners>
        <Owner name="lsk" />
      </Owners>
      <Execution id="196a0979-0b02-49c8-aee0-4e726c568e3d" />
      <TestMethod codeBase="D:\actions-runner\_work\XPCO\XPCO\Corporate\VideoOS.Administration.WpfControls.UnitTests\bin\x64\Debug\net472\VideoOS.Administration.WpfControls.UnitTests.dll" adapterTypeName="executor://mstestadapter/v2" className="VideoOS.Administration.WpfControls.UnitTests.Mvvm.Sort.SimpleSortTest" name="SortBaseCommon_GetHashCode_EqualInstancesTest" />
    </UnitTest>
    <UnitTest name="HandledVmoAccessTests_PermissionCheckedCollectionCanIterate" storage="d:\actions-runner\_work\xpco\xpco\corporate\videoos.administration.wpfcontrols.unittests\bin\x64\debug\net472\videoos.administration.wpfcontrols.unittests.dll" id="cdc1bef6-f96f-7841-ca52-02ba3a526bde">
      <Execution id="1656077e-6da5-402a-8ce8-dd61924c3e54" />
      <TestMethod codeBase="D:\actions-runner\_work\XPCO\XPCO\Corporate\VideoOS.Administration.WpfControls.UnitTests\bin\x64\Debug\net472\VideoOS.Administration.WpfControls.UnitTests.dll" adapterTypeName="executor://mstestadapter/v2" className="VideoOS.Administration.WpfControls.UnitTests.SystemMonitorEventThresholds.HandledVmoAccessTests" name="HandledVmoAccessTests_PermissionCheckedCollectionCanIterate" />
    </UnitTest>
    <UnitTest name="Convert_MultipleWarnings" storage="d:\actions-runner\_work\xpco\xpco\corporate\videoos.administration.wpfcontrols.unittests\bin\x64\debug\net472\videoos.administration.wpfcontrols.unittests.dll" id="4576efdf-b9af-4bc6-d7c1-90ead365e115">
      <Execution id="9a07e193-c4c8-49ac-9ab8-7c767ec4e78e" />
      <TestMethod codeBase="D:\actions-runner\_work\XPCO\XPCO\Corporate\VideoOS.Administration.WpfControls.UnitTests\bin\x64\Debug\net472\VideoOS.Administration.WpfControls.UnitTests.dll" adapterTypeName="executor://mstestadapter/v2" className="VideoOS.Administration.WpfControls.UnitTests.Wizards.ChangeHardwarePassword.WarningsToStringConverterTest" name="Convert_MultipleWarnings" />
    </UnitTest>
    <UnitTest name="Convert_Days_PluralTest" storage="d:\actions-runner\_work\xpco\xpco\corporate\videoos.administration.wpfcontrols.unittests\bin\x64\debug\net472\videoos.administration.wpfcontrols.unittests.dll" id="2df76026-822a-2479-b0f1-036918ecd9a7">
      <Owners>
        <Owner name="lsk" />
      </Owners>
      <Execution id="a21c5f23-b3ed-4476-b0d6-097ce2cd01a2" />
      <TestMethod codeBase="D:\actions-runner\_work\XPCO\XPCO\Corporate\VideoOS.Administration.WpfControls.UnitTests\bin\x64\Debug\net472\VideoOS.Administration.WpfControls.UnitTests.dll" adapterTypeName="executor://mstestadapter/v2" className="VideoOS.Administration.WpfControls.UnitTests.Wizards.MoveHardware.StorageRetentionTimeToStringValueConverterTest" name="Convert_Days_PluralTest" />
    </UnitTest>
    <UnitTest name="SortBaseCommon_Equality_SortBase_EqualObjectsTest" storage="d:\actions-runner\_work\xpco\xpco\corporate\videoos.administration.wpfcontrols.unittests\bin\x64\debug\net472\videoos.administration.wpfcontrols.unittests.dll" id="543cb258-3f83-7c3f-bfde-b6afaef309a0">
      <Owners>
        <Owner name="lsk" />
      </Owners>
      <Execution id="f034b252-e7de-4484-bea2-4a76db0341cd" />
      <TestMethod codeBase="D:\actions-runner\_work\XPCO\XPCO\Corporate\VideoOS.Administration.WpfControls.UnitTests\bin\x64\Debug\net472\VideoOS.Administration.WpfControls.UnitTests.dll" adapterTypeName="executor://mstestadapter/v2" className="VideoOS.Administration.WpfControls.UnitTests.Mvvm.Sort.SimpleSortWithFallbackTest" name="SortBaseCommon_Equality_SortBase_EqualObjectsTest" />
    </UnitTest>
    <UnitTest name="NavigatingTo_ExceptionHandling_ChangeHardwarePasswordException_PreselectedThrowsTest" storage="d:\actions-runner\_work\xpco\xpco\corporate\videoos.administration.wpfcontrols.unittests\bin\x64\debug\net472\videoos.administration.wpfcontrols.unittests.dll" id="256150e6-7cc4-aaf6-f835-c3ad5b350990">
      <Owners>
        <Owner name="max" />
      </Owners>
      <Execution id="2e506531-6ca4-4264-89c2-a21ffb1df931" />
      <TestMethod codeBase="D:\actions-runner\_work\XPCO\XPCO\Corporate\VideoOS.Administration.WpfControls.UnitTests\bin\x64\Debug\net472\VideoOS.Administration.WpfControls.UnitTests.dll" adapterTypeName="executor://mstestadapter/v2" className="VideoOS.Administration.WpfControls.UnitTests.Wizards.ChangeHardwarePassword.PageViewModelHardwareSelectionTest" name="NavigatingTo_ExceptionHandling_ChangeHardwarePasswordException_PreselectedThrowsTest" />
    </UnitTest>
    <UnitTest name="SameStatusesAreVisibleTest" storage="d:\actions-runner\_work\xpco\xpco\corporate\videoos.administration.wpfcontrols.unittests\bin\x64\debug\net472\videoos.administration.wpfcontrols.unittests.dll" id="d331a97b-370e-2ae0-f100-6ee4eb85fdef">
      <Execution id="5568c28f-2579-40ed-92df-eb7d12a8d9a7" />
      <TestMethod codeBase="D:\actions-runner\_work\XPCO\XPCO\Corporate\VideoOS.Administration.WpfControls.UnitTests\bin\x64\Debug\net472\VideoOS.Administration.WpfControls.UnitTests.dll" adapterTypeName="executor://mstestadapter/v2" className="VideoOS.Administration.WpfControls.UnitTests.HardwareSetupDialog.Converters.StatusToVisibilityConverterUnitTests" name="SameStatusesAreVisibleTest" />
    </UnitTest>
    <UnitTest name="SelectedRecorder_Event_ValueChangesTest" storage="d:\actions-runner\_work\xpco\xpco\corporate\videoos.administration.wpfcontrols.unittests\bin\x64\debug\net472\videoos.administration.wpfcontrols.unittests.dll" id="59bc8fe3-a9fb-b489-8884-4fb2a47072e9">
      <Owners>
        <Owner name="lsk" />
      </Owners>
      <Execution id="875ce38d-6f1f-4824-a8f0-78942cf7443f" />
      <TestMethod codeBase="D:\actions-runner\_work\XPCO\XPCO\Corporate\VideoOS.Administration.WpfControls.UnitTests\bin\x64\Debug\net472\VideoOS.Administration.WpfControls.UnitTests.dll" adapterTypeName="executor://mstestadapter/v2" className="VideoOS.Administration.WpfControls.UnitTests.Wizards.MoveHardware.PageViewModelDestinationRecorderSelectionTest" name="SelectedRecorder_Event_ValueChangesTest" />
    </UnitTest>
    <UnitTest name="NextCommand_CanExecute_PageValidTest" storage="d:\actions-runner\_work\xpco\xpco\corporate\videoos.administration.wpfcontrols.unittests\bin\x64\debug\net472\videoos.administration.wpfcontrols.unittests.dll" id="f9c98099-5fe6-9106-1392-0051e77ba0c1">
      <Owners>
        <Owner name="lsk" />
      </Owners>
      <Execution id="568fcd68-d1e6-48f5-8422-50f7a52e87fc" />
      <TestMethod codeBase="D:\actions-runner\_work\XPCO\XPCO\Corporate\VideoOS.Administration.WpfControls.UnitTests\bin\x64\Debug\net472\VideoOS.Administration.WpfControls.UnitTests.dll" adapterTypeName="executor://mstestadapter/v2" className="VideoOS.Administration.WpfControls.UnitTests.Wizards.Common.WizardBaseViewModelTest" name="NextCommand_CanExecute_PageValidTest" />
    </UnitTest>
    <UnitTest name="UpdateSelection_NullTest" storage="d:\actions-runner\_work\xpco\xpco\corporate\videoos.administration.wpfcontrols.unittests\bin\x64\debug\net472\videoos.administration.wpfcontrols.unittests.dll" id="d64e5132-5f52-bfa3-e494-a6655ef1b648">
      <Owners>
        <Owner name="max" />
      </Owners>
      <Execution id="0de57b4c-b3cf-442d-9c03-7757c1a55287" />
      <TestMethod codeBase="D:\actions-runner\_work\XPCO\XPCO\Corporate\VideoOS.Administration.WpfControls.UnitTests\bin\x64\Debug\net472\VideoOS.Administration.WpfControls.UnitTests.dll" adapterTypeName="executor://mstestadapter/v2" className="VideoOS.Administration.WpfControls.UnitTests.Wizards.ChangeHardwarePassword.PageViewModelHardwareSelectionTest" name="UpdateSelection_NullTest" />
    </UnitTest>
    <UnitTest name="NavigatingAway_SelectedItemsSetOnDataTest" storage="d:\actions-runner\_work\xpco\xpco\corporate\videoos.administration.wpfcontrols.unittests\bin\x64\debug\net472\videoos.administration.wpfcontrols.unittests.dll" id="8bc9dbd1-0f25-d916-37f2-1cdc9dfe548a">
      <Owners>
        <Owner name="lsk" />
      </Owners>
      <Execution id="e17fdb01-db0c-48a7-b7cc-377524f70aa1" />
      <TestMethod codeBase="D:\actions-runner\_work\XPCO\XPCO\Corporate\VideoOS.Administration.WpfControls.UnitTests\bin\x64\Debug\net472\VideoOS.Administration.WpfControls.UnitTests.dll" adapterTypeName="executor://mstestadapter/v2" className="VideoOS.Administration.WpfControls.UnitTests.Wizards.MoveHardware.PageViewModelDestinationRecorderSelectionTest" name="NavigatingAway_SelectedItemsSetOnDataTest" />
    </UnitTest>
    <UnitTest name="CalcuateNewColumnWidths_Mixed_Width" storage="d:\actions-runner\_work\xpco\xpco\corporate\videoos.administration.wpfcontrols.unittests\bin\x64\debug\net472\videoos.administration.wpfcontrols.unittests.dll" id="42ddcfb5-f49b-cca3-6c6f-4fc9774ef35a">
      <Execution id="69c6cff5-7652-4061-86b8-fefecf21e08a" />
      <TestMethod codeBase="D:\actions-runner\_work\XPCO\XPCO\Corporate\VideoOS.Administration.WpfControls.UnitTests\bin\x64\Debug\net472\VideoOS.Administration.WpfControls.UnitTests.dll" adapterTypeName="executor://mstestadapter/v2" className="VideoOS.Administration.WpfControls.UnitTests.Mvvm.InitialColumnSizingUnitTests" name="CalcuateNewColumnWidths_Mixed_Width" />
    </UnitTest>
    <UnitTest name="NavigatingAway_ModificationsCarryOver" storage="d:\actions-runner\_work\xpco\xpco\corporate\videoos.administration.wpfcontrols.unittests\bin\x64\debug\net472\videoos.administration.wpfcontrols.unittests.dll" id="bcf3d4c3-6d3d-db68-80b1-f1b00270a123">
      <Owners>
        <Owner name="max" />
      </Owners>
      <Execution id="eec0d865-973b-4246-ba28-50714427c053" />
      <TestMethod codeBase="D:\actions-runner\_work\XPCO\XPCO\Corporate\VideoOS.Administration.WpfControls.UnitTests\bin\x64\Debug\net472\VideoOS.Administration.WpfControls.UnitTests.dll" adapterTypeName="executor://mstestadapter/v2" className="VideoOS.Administration.WpfControls.UnitTests.Wizards.ChangeHardwarePassword.PageViewModelChangeHardwarePasswordTest" name="NavigatingAway_ModificationsCarryOver" />
    </UnitTest>
    <UnitTest name="PreviousCommand_CommandInvalidated_PageStatusChanged_InvalidToBusyTest" storage="d:\actions-runner\_work\xpco\xpco\corporate\videoos.administration.wpfcontrols.unittests\bin\x64\debug\net472\videoos.administration.wpfcontrols.unittests.dll" id="5adba357-31a9-e2a5-3f10-a94db24d0c1f">
      <Owners>
        <Owner name="lsk" />
      </Owners>
      <Execution id="cb1c72a7-1ea1-479c-a8a0-73a1628df384" />
      <TestMethod codeBase="D:\actions-runner\_work\XPCO\XPCO\Corporate\VideoOS.Administration.WpfControls.UnitTests\bin\x64\Debug\net472\VideoOS.Administration.WpfControls.UnitTests.dll" adapterTypeName="executor://mstestadapter/v2" className="VideoOS.Administration.WpfControls.UnitTests.Wizards.Common.WizardBaseViewModelTest" name="PreviousCommand_CommandInvalidated_PageStatusChanged_InvalidToBusyTest" />
    </UnitTest>
    <UnitTest name="ScheduleNextRun_InternalExceptionDoesNotRaisesEventOnSiteWorking_Success" storage="d:\actions-runner\_work\xpco\xpco\corporate\videoos.administration.wpfcontrols.unittests\bin\x64\debug\net472\videoos.administration.wpfcontrols.unittests.dll" id="be8da6d3-d798-6ea6-d736-548a0a7f4ec0">
      <TestCategory>
        <TestCategoryItem TestCategory="VideoOS Administration" />
      </TestCategory>
      <Execution id="6c441a54-c8e1-41f3-8e93-eec0feb8a060" />
      <TestMethod codeBase="D:\actions-runner\_work\XPCO\XPCO\Corporate\VideoOS.Administration.WpfControls.UnitTests\bin\x64\Debug\net472\VideoOS.Administration.WpfControls.UnitTests.dll" adapterTypeName="executor://mstestadapter/v2" className="VideoOS.Administration.WpfControls.UnitTests.Login.ChangePasswordThreadTests" name="ScheduleNextRun_InternalExceptionDoesNotRaisesEventOnSiteWorking_Success" />
    </UnitTest>
    <UnitTest name="Convert_Negative_DaysTest" storage="d:\actions-runner\_work\xpco\xpco\corporate\videoos.administration.wpfcontrols.unittests\bin\x64\debug\net472\videoos.administration.wpfcontrols.unittests.dll" id="cbc00693-3018-a563-8a89-a8dbeba3cf5d">
      <Owners>
        <Owner name="lsk" />
      </Owners>
      <Execution id="9285ba22-f266-4181-9efb-eb704616628e" />
      <TestMethod codeBase="D:\actions-runner\_work\XPCO\XPCO\Corporate\VideoOS.Administration.WpfControls.UnitTests\bin\x64\Debug\net472\VideoOS.Administration.WpfControls.UnitTests.dll" adapterTypeName="executor://mstestadapter/v2" className="VideoOS.Administration.WpfControls.UnitTests.Wizards.MoveHardware.StorageRetentionTimeToStringValueConverterTest" name="Convert_Negative_DaysTest" />
    </UnitTest>
    <UnitTest name="NavigatingTo_CheckPreselectedHardwareAvailable_False_NavigationNotCancelled" storage="d:\actions-runner\_work\xpco\xpco\corporate\videoos.administration.wpfcontrols.unittests\bin\x64\debug\net472\videoos.administration.wpfcontrols.unittests.dll" id="5e8702d9-5c9f-0f2b-a406-1864da59bd7e">
      <Execution id="00eb3a68-2218-4ce8-8f85-efbd2e2c9661" />
      <TestMethod codeBase="D:\actions-runner\_work\XPCO\XPCO\Corporate\VideoOS.Administration.WpfControls.UnitTests\bin\x64\Debug\net472\VideoOS.Administration.WpfControls.UnitTests.dll" adapterTypeName="executor://mstestadapter/v2" className="VideoOS.Administration.WpfControls.UnitTests.Wizards.ChangeHardwarePassword.PageViewModelPreValidationTest" name="NavigatingTo_CheckPreselectedHardwareAvailable_False_NavigationNotCancelled" />
    </UnitTest>
    <UnitTest name="NavigatingTo_Selection_FromHandler_UnavailableItemsTest" storage="d:\actions-runner\_work\xpco\xpco\corporate\videoos.administration.wpfcontrols.unittests\bin\x64\debug\net472\videoos.administration.wpfcontrols.unittests.dll" id="2f4b0281-9c7a-09ad-9ddf-f26e3385dbb8">
      <Owners>
        <Owner name="max" />
      </Owners>
      <Execution id="ad122d68-1687-4550-8f73-0596db44f249" />
      <TestMethod codeBase="D:\actions-runner\_work\XPCO\XPCO\Corporate\VideoOS.Administration.WpfControls.UnitTests\bin\x64\Debug\net472\VideoOS.Administration.WpfControls.UnitTests.dll" adapterTypeName="executor://mstestadapter/v2" className="VideoOS.Administration.WpfControls.UnitTests.Wizards.ChangeHardwarePassword.PageViewModelHardwareSelectionTest" name="NavigatingTo_Selection_FromHandler_UnavailableItemsTest" />
    </UnitTest>
    <UnitTest name="UpdateSelection_PreSelectSamePhysicalHardwareWithDifferentUserLoginTest" storage="d:\actions-runner\_work\xpco\xpco\corporate\videoos.administration.wpfcontrols.unittests\bin\x64\debug\net472\videoos.administration.wpfcontrols.unittests.dll" id="83b8fb31-7586-504e-9589-78c8798e602b">
      <Owners>
        <Owner name="max" />
      </Owners>
      <Execution id="f05848db-c0dc-4548-a978-30224dc08ac1" />
      <TestMethod codeBase="D:\actions-runner\_work\XPCO\XPCO\Corporate\VideoOS.Administration.WpfControls.UnitTests\bin\x64\Debug\net472\VideoOS.Administration.WpfControls.UnitTests.dll" adapterTypeName="executor://mstestadapter/v2" className="VideoOS.Administration.WpfControls.UnitTests.Wizards.ChangeHardwarePassword.PageViewModelHardwareSelectionTest" name="UpdateSelection_PreSelectSamePhysicalHardwareWithDifferentUserLoginTest" />
    </UnitTest>
    <UnitTest name="SortEquality_NotSupportedValueType" storage="d:\actions-runner\_work\xpco\xpco\corporate\videoos.administration.wpfcontrols.unittests\bin\x64\debug\net472\videoos.administration.wpfcontrols.unittests.dll" id="64145c96-0680-9261-408d-8d65c1c6f2af">
      <Execution id="6afb12b0-2c5b-4869-95aa-749eb5494185" />
      <TestMethod codeBase="D:\actions-runner\_work\XPCO\XPCO\Corporate\VideoOS.Administration.WpfControls.UnitTests\bin\x64\Debug\net472\VideoOS.Administration.WpfControls.UnitTests.dll" adapterTypeName="executor://mstestadapter/v2" className="VideoOS.Administration.WpfControls.UnitTests.Wizards.Common.TwoSortsToSortEqualityMultiValueConverterTest" name="SortEquality_NotSupportedValueType" />
    </UnitTest>
    <UnitTest name="Convert_Days_IncludingHoursTest" storage="d:\actions-runner\_work\xpco\xpco\corporate\videoos.administration.wpfcontrols.unittests\bin\x64\debug\net472\videoos.administration.wpfcontrols.unittests.dll" id="5796a76a-564c-e0b3-e252-ee677138bacc">
      <Owners>
        <Owner name="lsk" />
      </Owners>
      <Execution id="3c0ef1c4-47c1-49a0-b1d7-3c3307e8bb80" />
      <TestMethod codeBase="D:\actions-runner\_work\XPCO\XPCO\Corporate\VideoOS.Administration.WpfControls.UnitTests\bin\x64\Debug\net472\VideoOS.Administration.WpfControls.UnitTests.dll" adapterTypeName="executor://mstestadapter/v2" className="VideoOS.Administration.WpfControls.UnitTests.Wizards.MoveHardware.StorageRetentionTimeToStringValueConverterTest" name="Convert_Days_IncludingHoursTest" />
    </UnitTest>
    <UnitTest name="SystemDashboard_LookupThresholdName_Success" storage="d:\actions-runner\_work\xpco\xpco\corporate\videoos.administration.wpfcontrols.unittests\bin\x64\debug\net472\videoos.administration.wpfcontrols.unittests.dll" id="43263a7c-2c3e-b069-fd0c-2c4a015e823b">
      <Execution id="37b068fd-b1c4-4df2-acd7-562712940962" />
      <TestMethod codeBase="D:\actions-runner\_work\XPCO\XPCO\Corporate\VideoOS.Administration.WpfControls.UnitTests\bin\x64\Debug\net472\VideoOS.Administration.WpfControls.UnitTests.dll" adapterTypeName="executor://mstestadapter/v2" className="VideoOS.Administration.WpfControls.UnitTests.SystemMonitorEventThresholds.ViewModel.SystemDashboard_PerformanceStateRuleConfigurationHelperTest" name="SystemDashboard_LookupThresholdName_Success" />
    </UnitTest>
    <UnitTest name="SortBaseCommon_Equality_SortBase_SameInstanceTest" storage="d:\actions-runner\_work\xpco\xpco\corporate\videoos.administration.wpfcontrols.unittests\bin\x64\debug\net472\videoos.administration.wpfcontrols.unittests.dll" id="e09c165c-a32d-99ae-497b-164e41531b48">
      <Owners>
        <Owner name="lsk" />
      </Owners>
      <Execution id="c18facae-feef-482e-b611-c697753cacef" />
      <TestMethod codeBase="D:\actions-runner\_work\XPCO\XPCO\Corporate\VideoOS.Administration.WpfControls.UnitTests\bin\x64\Debug\net472\VideoOS.Administration.WpfControls.UnitTests.dll" adapterTypeName="executor://mstestadapter/v2" className="VideoOS.Administration.WpfControls.UnitTests.Mvvm.Sort.SimpleSortTest" name="SortBaseCommon_Equality_SortBase_SameInstanceTest" />
    </UnitTest>
    <UnitTest name="AllHardwareSelected_Event_ToAllSelectedTest" storage="d:\actions-runner\_work\xpco\xpco\corporate\videoos.administration.wpfcontrols.unittests\bin\x64\debug\net472\videoos.administration.wpfcontrols.unittests.dll" id="8acef0c7-e31c-985c-7262-db84b8b0d8de">
      <Owners>
        <Owner name="lsk" />
      </Owners>
      <Execution id="701b3ec2-a061-4b97-83f4-4577893c5583" />
      <TestMethod codeBase="D:\actions-runner\_work\XPCO\XPCO\Corporate\VideoOS.Administration.WpfControls.UnitTests\bin\x64\Debug\net472\VideoOS.Administration.WpfControls.UnitTests.dll" adapterTypeName="executor://mstestadapter/v2" className="VideoOS.Administration.WpfControls.UnitTests.Wizards.MoveHardware.PageViewModelHardwareSelectionTest" name="AllHardwareSelected_Event_ToAllSelectedTest" />
    </UnitTest>
    <UnitTest name="UpdateSelection_ValidSelectionTest" storage="d:\actions-runner\_work\xpco\xpco\corporate\videoos.administration.wpfcontrols.unittests\bin\x64\debug\net472\videoos.administration.wpfcontrols.unittests.dll" id="f48e9cd8-b051-c100-7f74-d5b838d2550f">
      <Owners>
        <Owner name="max" />
      </Owners>
      <Execution id="8229883d-69df-4efa-8747-b95993e98ae0" />
      <TestMethod codeBase="D:\actions-runner\_work\XPCO\XPCO\Corporate\VideoOS.Administration.WpfControls.UnitTests\bin\x64\Debug\net472\VideoOS.Administration.WpfControls.UnitTests.dll" adapterTypeName="executor://mstestadapter/v2" className="VideoOS.Administration.WpfControls.UnitTests.Wizards.ChangeHardwarePassword.PageViewModelHardwareSelectionTest" name="UpdateSelection_ValidSelectionTest" />
    </UnitTest>
    <UnitTest name="NavigatingTo_OperationsCreatedTest" storage="d:\actions-runner\_work\xpco\xpco\corporate\videoos.administration.wpfcontrols.unittests\bin\x64\debug\net472\videoos.administration.wpfcontrols.unittests.dll" id="518ca512-f181-0648-dc57-307c401a0b75">
      <Owners>
        <Owner name="max" />
      </Owners>
      <Execution id="58534d37-af0c-4cb3-8204-f51520eb2641" />
      <TestMethod codeBase="D:\actions-runner\_work\XPCO\XPCO\Corporate\VideoOS.Administration.WpfControls.UnitTests\bin\x64\Debug\net472\VideoOS.Administration.WpfControls.UnitTests.dll" adapterTypeName="executor://mstestadapter/v2" className="VideoOS.Administration.WpfControls.UnitTests.Wizards.ChangeHardwarePassword.PageViewModelChangeHardwarePasswordProgressTest" name="NavigatingTo_OperationsCreatedTest" />
    </UnitTest>
    <UnitTest name="Initialize_NoFixedHardwareSelectionTest" storage="d:\actions-runner\_work\xpco\xpco\corporate\videoos.administration.wpfcontrols.unittests\bin\x64\debug\net472\videoos.administration.wpfcontrols.unittests.dll" id="54639342-3d46-c804-f3d5-99838a456624">
      <Owners>
        <Owner name="max" />
      </Owners>
      <Execution id="c2590619-58a3-4110-8bbf-ba12cba38392" />
      <TestMethod codeBase="D:\actions-runner\_work\XPCO\XPCO\Corporate\VideoOS.Administration.WpfControls.UnitTests\bin\x64\Debug\net472\VideoOS.Administration.WpfControls.UnitTests.dll" adapterTypeName="executor://mstestadapter/v2" className="VideoOS.Administration.WpfControls.UnitTests.Wizards.ChangeHardwarePassword.WizardViewModelTest" name="Initialize_NoFixedHardwareSelectionTest" />
    </UnitTest>
    <UnitTest name="Convert_Multiline_Gives_First_Line" storage="d:\actions-runner\_work\xpco\xpco\corporate\videoos.administration.wpfcontrols.unittests\bin\x64\debug\net472\videoos.administration.wpfcontrols.unittests.dll" id="e4641341-31b6-ce48-cce6-568b8b19782f">
      <Execution id="8f4eb669-256b-45e9-b6b1-985a4e69798c" />
      <TestMethod codeBase="D:\actions-runner\_work\XPCO\XPCO\Corporate\VideoOS.Administration.WpfControls.UnitTests\bin\x64\Debug\net472\VideoOS.Administration.WpfControls.UnitTests.dll" adapterTypeName="executor://mstestadapter/v2" className="VideoOS.Administration.WpfControls.UnitTests.Wizards.MoveHardware.View.Converters.MultilineToSingleLineTextConverterUnitTests" name="Convert_Multiline_Gives_First_Line" />
    </UnitTest>
    <UnitTest name="NavigatingAway_EmptySelectionTest" storage="d:\actions-runner\_work\xpco\xpco\corporate\videoos.administration.wpfcontrols.unittests\bin\x64\debug\net472\videoos.administration.wpfcontrols.unittests.dll" id="32735e1c-1866-ff8c-1424-4aa60ca80d82">
      <Owners>
        <Owner name="max" />
      </Owners>
      <Execution id="c6dee906-3fe7-44ea-b239-b864372ac544" />
      <TestMethod codeBase="D:\actions-runner\_work\XPCO\XPCO\Corporate\VideoOS.Administration.WpfControls.UnitTests\bin\x64\Debug\net472\VideoOS.Administration.WpfControls.UnitTests.dll" adapterTypeName="executor://mstestadapter/v2" className="VideoOS.Administration.WpfControls.UnitTests.Wizards.ChangeHardwarePassword.PageViewModelHardwareSelectionTest" name="NavigatingAway_EmptySelectionTest" />
    </UnitTest>
    <UnitTest name="PreviousCommand_IsAvailable_FirstPageTest" storage="d:\actions-runner\_work\xpco\xpco\corporate\videoos.administration.wpfcontrols.unittests\bin\x64\debug\net472\videoos.administration.wpfcontrols.unittests.dll" id="6f4e1424-2a6a-4549-8cdd-22ce6dad0352">
      <Owners>
        <Owner name="lsk" />
      </Owners>
      <Execution id="729e3f92-c03e-4181-8371-1be2179d1132" />
      <TestMethod codeBase="D:\actions-runner\_work\XPCO\XPCO\Corporate\VideoOS.Administration.WpfControls.UnitTests\bin\x64\Debug\net472\VideoOS.Administration.WpfControls.UnitTests.dll" adapterTypeName="executor://mstestadapter/v2" className="VideoOS.Administration.WpfControls.UnitTests.Wizards.Common.WizardBaseViewModelTest" name="PreviousCommand_IsAvailable_FirstPageTest" />
    </UnitTest>
    <UnitTest name="ConvertTrueToVisibleTest" storage="d:\actions-runner\_work\xpco\xpco\corporate\videoos.administration.wpfcontrols.unittests\bin\x64\debug\net472\videoos.administration.wpfcontrols.unittests.dll" id="e5a959f9-42e9-cab2-d5b3-b860c76790d1">
      <Execution id="4d9a8008-8172-4382-a817-94b4cf93b61a" />
      <TestMethod codeBase="D:\actions-runner\_work\XPCO\XPCO\Corporate\VideoOS.Administration.WpfControls.UnitTests\bin\x64\Debug\net472\VideoOS.Administration.WpfControls.UnitTests.dll" adapterTypeName="executor://mstestadapter/v2" className="VideoOS.Administration.WpfControls.UnitTests.Mvvm.Converters.BoolToVisibilityConverterUnitTests" name="ConvertTrueToVisibleTest" />
    </UnitTest>
    <UnitTest name="NavigatingTo_AvailableHardware_NoHardwareTest" storage="d:\actions-runner\_work\xpco\xpco\corporate\videoos.administration.wpfcontrols.unittests\bin\x64\debug\net472\videoos.administration.wpfcontrols.unittests.dll" id="6ebbcbf9-d9e1-df4a-dc0d-b8f854aa76bf">
      <Owners>
        <Owner name="max" />
      </Owners>
      <Execution id="ba73212f-81e7-4855-938a-1588239d6780" />
      <TestMethod codeBase="D:\actions-runner\_work\XPCO\XPCO\Corporate\VideoOS.Administration.WpfControls.UnitTests\bin\x64\Debug\net472\VideoOS.Administration.WpfControls.UnitTests.dll" adapterTypeName="executor://mstestadapter/v2" className="VideoOS.Administration.WpfControls.UnitTests.Wizards.ChangeHardwarePassword.PageViewModelHardwareSelectionTest" name="NavigatingTo_AvailableHardware_NoHardwareTest" />
    </UnitTest>
    <UnitTest name="SortBaseCommon_IsEquivalentOf_SortDescriptionCollection_DifferentListTest" storage="d:\actions-runner\_work\xpco\xpco\corporate\videoos.administration.wpfcontrols.unittests\bin\x64\debug\net472\videoos.administration.wpfcontrols.unittests.dll" id="153b871b-5165-582e-f348-a688fbf71627">
      <Owners>
        <Owner name="lsk" />
      </Owners>
      <Execution id="4b2a4786-2c95-4469-ad1d-808d3008d219" />
      <TestMethod codeBase="D:\actions-runner\_work\XPCO\XPCO\Corporate\VideoOS.Administration.WpfControls.UnitTests\bin\x64\Debug\net472\VideoOS.Administration.WpfControls.UnitTests.dll" adapterTypeName="executor://mstestadapter/v2" className="VideoOS.Administration.WpfControls.UnitTests.Mvvm.Sort.SimpleSortWithFallbackTest" name="SortBaseCommon_IsEquivalentOf_SortDescriptionCollection_DifferentListTest" />
    </UnitTest>
    <UnitTest name="Constructor_DataNotChangedDuringConstructionTest" storage="d:\actions-runner\_work\xpco\xpco\corporate\videoos.administration.wpfcontrols.unittests\bin\x64\debug\net472\videoos.administration.wpfcontrols.unittests.dll" id="fead0e95-d899-cc0e-0e88-008cee717a79">
      <Owners>
        <Owner name="max" />
      </Owners>
      <Execution id="144672ae-f1cb-4d06-ad65-dfba3fbdc034" />
      <TestMethod codeBase="D:\actions-runner\_work\XPCO\XPCO\Corporate\VideoOS.Administration.WpfControls.UnitTests\bin\x64\Debug\net472\VideoOS.Administration.WpfControls.UnitTests.dll" adapterTypeName="executor://mstestadapter/v2" className="VideoOS.Administration.WpfControls.UnitTests.Wizards.ChangeHardwarePassword.PageViewModelChangeHardwarePasswordTest" name="Constructor_DataNotChangedDuringConstructionTest" />
    </UnitTest>
    <UnitTest name="SelectedRecorder_Event_ValueNotChangedTest" storage="d:\actions-runner\_work\xpco\xpco\corporate\videoos.administration.wpfcontrols.unittests\bin\x64\debug\net472\videoos.administration.wpfcontrols.unittests.dll" id="8cbe7f94-53bb-8b7b-4e1d-bc0e4c93eabe">
      <Owners>
        <Owner name="lsk" />
      </Owners>
      <Execution id="a7963314-ba14-4597-b0cd-801782229b07" />
      <TestMethod codeBase="D:\actions-runner\_work\XPCO\XPCO\Corporate\VideoOS.Administration.WpfControls.UnitTests\bin\x64\Debug\net472\VideoOS.Administration.WpfControls.UnitTests.dll" adapterTypeName="executor://mstestadapter/v2" className="VideoOS.Administration.WpfControls.UnitTests.Wizards.MoveHardware.PageViewModelDestinationRecorderSelectionTest" name="SelectedRecorder_Event_ValueNotChangedTest" />
    </UnitTest>
    <UnitTest name="ThresholdUserControlReverseVisibilityConverter_Success" storage="d:\actions-runner\_work\xpco\xpco\corporate\videoos.administration.wpfcontrols.unittests\bin\x64\debug\net472\videoos.administration.wpfcontrols.unittests.dll" id="f9c34574-035c-196e-b022-be5ff6427f51">
      <TestCategory>
        <TestCategoryItem TestCategory="SystemMonitorEventThresholds" />
      </TestCategory>
      <Execution id="cb1f2981-f290-4b27-b046-8eb0c5a1b827" />
      <TestMethod codeBase="D:\actions-runner\_work\XPCO\XPCO\Corporate\VideoOS.Administration.WpfControls.UnitTests\bin\x64\Debug\net472\VideoOS.Administration.WpfControls.UnitTests.dll" adapterTypeName="executor://mstestadapter/v2" className="VideoOS.Administration.WpfControls.UnitTests.SystemMonitorEventThresholds.Converters.ThresholdConverterTests" name="ThresholdUserControlReverseVisibilityConverter_Success" />
    </UnitTest>
    <UnitTest name="Convert_ToBool_BothValidTest" storage="d:\actions-runner\_work\xpco\xpco\corporate\videoos.administration.wpfcontrols.unittests\bin\x64\debug\net472\videoos.administration.wpfcontrols.unittests.dll" id="4b48bf36-078b-3281-68de-73bcc93c35cc">
      <Owners>
        <Owner name="lsk" />
      </Owners>
      <Execution id="fb381cad-93b0-45c1-8811-ce4a9182463a" />
      <TestMethod codeBase="D:\actions-runner\_work\XPCO\XPCO\Corporate\VideoOS.Administration.WpfControls.UnitTests\bin\x64\Debug\net472\VideoOS.Administration.WpfControls.UnitTests.dll" adapterTypeName="executor://mstestadapter/v2" className="VideoOS.Administration.WpfControls.UnitTests.Wizards.MoveHardware.UsagePercentageMultiValueConverterTest" name="Convert_ToBool_BothValidTest" />
    </UnitTest>
    <UnitTest name="Convert_Hours_SingularTest" storage="d:\actions-runner\_work\xpco\xpco\corporate\videoos.administration.wpfcontrols.unittests\bin\x64\debug\net472\videoos.administration.wpfcontrols.unittests.dll" id="94bb4dfe-b0ce-4e57-734d-47a215db43d1">
      <Owners>
        <Owner name="lsk" />
      </Owners>
      <Execution id="b987a0dd-d0f8-4354-896c-9b4ad1264f2c" />
      <TestMethod codeBase="D:\actions-runner\_work\XPCO\XPCO\Corporate\VideoOS.Administration.WpfControls.UnitTests\bin\x64\Debug\net472\VideoOS.Administration.WpfControls.UnitTests.dll" adapterTypeName="executor://mstestadapter/v2" className="VideoOS.Administration.WpfControls.UnitTests.Wizards.MoveHardware.StorageRetentionTimeToStringValueConverterTest" name="Convert_Hours_SingularTest" />
    </UnitTest>
    <UnitTest name="Constructor_PropertyAndFallbackAreTheSameTest" storage="d:\actions-runner\_work\xpco\xpco\corporate\videoos.administration.wpfcontrols.unittests\bin\x64\debug\net472\videoos.administration.wpfcontrols.unittests.dll" id="2a845b8b-a38f-a4fc-1a28-61fb3533bd2c">
      <Owners>
        <Owner name="lsk" />
      </Owners>
      <Execution id="d319811c-7d54-41a3-b837-ed72ef3dbed9" />
      <TestMethod codeBase="D:\actions-runner\_work\XPCO\XPCO\Corporate\VideoOS.Administration.WpfControls.UnitTests\bin\x64\Debug\net472\VideoOS.Administration.WpfControls.UnitTests.dll" adapterTypeName="executor://mstestadapter/v2" className="VideoOS.Administration.WpfControls.UnitTests.Mvvm.Sort.SimpleSortWithFallbackTest" name="Constructor_PropertyAndFallbackAreTheSameTest" />
    </UnitTest>
    <UnitTest name="Constructor_NullDataTest" storage="d:\actions-runner\_work\xpco\xpco\corporate\videoos.administration.wpfcontrols.unittests\bin\x64\debug\net472\videoos.administration.wpfcontrols.unittests.dll" id="fae9d735-58b3-573d-8237-7c0c9db7c422">
      <Owners>
        <Owner name="lsk" />
      </Owners>
      <Execution id="0e17d6c4-e0ab-47da-b4dc-8895c91665df" />
      <TestMethod codeBase="D:\actions-runner\_work\XPCO\XPCO\Corporate\VideoOS.Administration.WpfControls.UnitTests\bin\x64\Debug\net472\VideoOS.Administration.WpfControls.UnitTests.dll" adapterTypeName="executor://mstestadapter/v2" className="VideoOS.Administration.WpfControls.UnitTests.Wizards.MoveHardware.PageViewModelDestinationRecorderSelectionTest" name="Constructor_NullDataTest" />
    </UnitTest>
    <UnitTest name="Convert_ToValue_UsageOnly_AvailableNegativeTest" storage="d:\actions-runner\_work\xpco\xpco\corporate\videoos.administration.wpfcontrols.unittests\bin\x64\debug\net472\videoos.administration.wpfcontrols.unittests.dll" id="f8acfd3e-a8ca-b6f5-1cfb-dd4b42c79653">
      <Owners>
        <Owner name="lsk" />
      </Owners>
      <Execution id="fb6a29f6-419d-4c63-857c-41276db64bd6" />
      <TestMethod codeBase="D:\actions-runner\_work\XPCO\XPCO\Corporate\VideoOS.Administration.WpfControls.UnitTests\bin\x64\Debug\net472\VideoOS.Administration.WpfControls.UnitTests.dll" adapterTypeName="executor://mstestadapter/v2" className="VideoOS.Administration.WpfControls.UnitTests.Wizards.MoveHardware.UsagePercentageMultiValueConverterTest" name="Convert_ToValue_UsageOnly_AvailableNegativeTest" />
    </UnitTest>
    <UnitTest name="Validate_WithPasswordManualEntry_RequiresLowercase_Fails" storage="d:\actions-runner\_work\xpco\xpco\corporate\videoos.administration.wpfcontrols.unittests\bin\x64\debug\net472\videoos.administration.wpfcontrols.unittests.dll" id="c14dace7-f1b0-dd2c-d0e2-730d63d4d0e2">
      <Owners>
        <Owner name="max" />
      </Owners>
      <Execution id="7f757769-b028-4207-a2fb-ccfde8e4925b" />
      <TestMethod codeBase="D:\actions-runner\_work\XPCO\XPCO\Corporate\VideoOS.Administration.WpfControls.UnitTests\bin\x64\Debug\net472\VideoOS.Administration.WpfControls.UnitTests.dll" adapterTypeName="executor://mstestadapter/v2" className="VideoOS.Administration.WpfControls.UnitTests.Wizards.ChangeHardwarePassword.PageViewModelChangeHardwarePasswordTest" name="Validate_WithPasswordManualEntry_RequiresLowercase_Fails" />
    </UnitTest>
    <UnitTest name="EmptyStringConvertsToVisible" storage="d:\actions-runner\_work\xpco\xpco\corporate\videoos.administration.wpfcontrols.unittests\bin\x64\debug\net472\videoos.administration.wpfcontrols.unittests.dll" id="2ebe890d-ba4c-70bb-d8d2-7bf30fa72f2d">
      <Execution id="29725dd9-f940-45be-8dc7-68eb806581f6" />
      <TestMethod codeBase="D:\actions-runner\_work\XPCO\XPCO\Corporate\VideoOS.Administration.WpfControls.UnitTests\bin\x64\Debug\net472\VideoOS.Administration.WpfControls.UnitTests.dll" adapterTypeName="executor://mstestadapter/v2" className="VideoOS.Administration.WpfControls.UnitTests.HardwareSetupDialog.Converters.EmptyStringToVisibilityConverterUnitTests" name="EmptyStringConvertsToVisible" />
    </UnitTest>
    <UnitTest name="PreviousCommand_CommandInvalidated_PageStatusChanged_ValidToBusyTest" storage="d:\actions-runner\_work\xpco\xpco\corporate\videoos.administration.wpfcontrols.unittests\bin\x64\debug\net472\videoos.administration.wpfcontrols.unittests.dll" id="59f01c98-df98-a4a3-ea33-e745a53617a4">
      <Owners>
        <Owner name="lsk" />
      </Owners>
      <Execution id="8357ef5c-fb6a-4e0a-907f-6a1c7402a5eb" />
      <TestMethod codeBase="D:\actions-runner\_work\XPCO\XPCO\Corporate\VideoOS.Administration.WpfControls.UnitTests\bin\x64\Debug\net472\VideoOS.Administration.WpfControls.UnitTests.dll" adapterTypeName="executor://mstestadapter/v2" className="VideoOS.Administration.WpfControls.UnitTests.Wizards.Common.WizardBaseViewModelTest" name="PreviousCommand_CommandInvalidated_PageStatusChanged_ValidToBusyTest" />
    </UnitTest>
    <UnitTest name="HandledVmoAccessTests_PermissionCheckerReturnsCorrectResultWhenCallSucceeds" storage="d:\actions-runner\_work\xpco\xpco\corporate\videoos.administration.wpfcontrols.unittests\bin\x64\debug\net472\videoos.administration.wpfcontrols.unittests.dll" id="d5e41e46-8604-2549-4224-9c75532b73f9">
      <Execution id="2ce26115-4be8-487e-899d-6ac24ac4bdc9" />
      <TestMethod codeBase="D:\actions-runner\_work\XPCO\XPCO\Corporate\VideoOS.Administration.WpfControls.UnitTests\bin\x64\Debug\net472\VideoOS.Administration.WpfControls.UnitTests.dll" adapterTypeName="executor://mstestadapter/v2" className="VideoOS.Administration.WpfControls.UnitTests.SystemMonitorEventThresholds.HandledVmoAccessTests" name="HandledVmoAccessTests_PermissionCheckerReturnsCorrectResultWhenCallSucceeds" />
    </UnitTest>
    <UnitTest name="UpdateSelection_SelectSamePhysicalHardwareTest" storage="d:\actions-runner\_work\xpco\xpco\corporate\videoos.administration.wpfcontrols.unittests\bin\x64\debug\net472\videoos.administration.wpfcontrols.unittests.dll" id="f6504688-43e6-cf2a-0286-0f6252ca8e4d">
      <Owners>
        <Owner name="max" />
      </Owners>
      <Execution id="aa046b02-f985-4fb9-9da3-8e3233c7faed" />
      <TestMethod codeBase="D:\actions-runner\_work\XPCO\XPCO\Corporate\VideoOS.Administration.WpfControls.UnitTests\bin\x64\Debug\net472\VideoOS.Administration.WpfControls.UnitTests.dll" adapterTypeName="executor://mstestadapter/v2" className="VideoOS.Administration.WpfControls.UnitTests.Wizards.ChangeHardwarePassword.PageViewModelHardwareSelectionTest" name="UpdateSelection_SelectSamePhysicalHardwareTest" />
    </UnitTest>
    <UnitTest name="NextCommand_CanExecute_PageBusyTest" storage="d:\actions-runner\_work\xpco\xpco\corporate\videoos.administration.wpfcontrols.unittests\bin\x64\debug\net472\videoos.administration.wpfcontrols.unittests.dll" id="339b9449-32db-9313-bd5a-4b76c550c24b">
      <Owners>
        <Owner name="lsk" />
      </Owners>
      <Execution id="6c02ada3-2088-4c60-8bc6-6a78d1b8da0a" />
      <TestMethod codeBase="D:\actions-runner\_work\XPCO\XPCO\Corporate\VideoOS.Administration.WpfControls.UnitTests\bin\x64\Debug\net472\VideoOS.Administration.WpfControls.UnitTests.dll" adapterTypeName="executor://mstestadapter/v2" className="VideoOS.Administration.WpfControls.UnitTests.Wizards.Common.WizardBaseViewModelTest" name="NextCommand_CanExecute_PageBusyTest" />
    </UnitTest>
    <UnitTest name="SetSelectedAuthenticationInfo_VerifyDisabledFields_OnExternalUser" storage="d:\actions-runner\_work\xpco\xpco\corporate\videoos.administration.wpfcontrols.unittests\bin\x64\debug\net472\videoos.administration.wpfcontrols.unittests.dll" id="b4853750-e098-d81a-34c5-79923aee9cc7">
      <TestCategory>
        <TestCategoryItem TestCategory="VideoOS Administration" />
      </TestCategory>
      <Execution id="dbeebca1-a26c-49b6-bc3e-96fcdf0fdd53" />
      <TestMethod codeBase="D:\actions-runner\_work\XPCO\XPCO\Corporate\VideoOS.Administration.WpfControls.UnitTests\bin\x64\Debug\net472\VideoOS.Administration.WpfControls.UnitTests.dll" adapterTypeName="executor://mstestadapter/v2" className="VideoOS.Administration.WpfControls.UnitTests.Login.ServerLogOnModelTests" name="SetSelectedAuthenticationInfo_VerifyDisabledFields_OnExternalUser" />
    </UnitTest>
    <UnitTest name="State_Loading_PreviousCommand_SourcePageNavigatedAwayTest" storage="d:\actions-runner\_work\xpco\xpco\corporate\videoos.administration.wpfcontrols.unittests\bin\x64\debug\net472\videoos.administration.wpfcontrols.unittests.dll" id="cf333e35-b4d9-96a3-24a6-26a2315700cd">
      <Owners>
        <Owner name="lsk" />
      </Owners>
      <Execution id="8c66b5dc-836f-45a3-b669-51b4a58a1b5d" />
      <TestMethod codeBase="D:\actions-runner\_work\XPCO\XPCO\Corporate\VideoOS.Administration.WpfControls.UnitTests\bin\x64\Debug\net472\VideoOS.Administration.WpfControls.UnitTests.dll" adapterTypeName="executor://mstestadapter/v2" className="VideoOS.Administration.WpfControls.UnitTests.Wizards.Common.WizardBaseViewModelTest" name="State_Loading_PreviousCommand_SourcePageNavigatedAwayTest" />
    </UnitTest>
    <UnitTest name="NonEmptyStringConvertsToCollapsed" storage="d:\actions-runner\_work\xpco\xpco\corporate\videoos.administration.wpfcontrols.unittests\bin\x64\debug\net472\videoos.administration.wpfcontrols.unittests.dll" id="d9063414-0021-3f3b-5db1-5a010c790427">
      <Execution id="582386b8-06b8-48d0-8b74-8849e9d704da" />
      <TestMethod codeBase="D:\actions-runner\_work\XPCO\XPCO\Corporate\VideoOS.Administration.WpfControls.UnitTests\bin\x64\Debug\net472\VideoOS.Administration.WpfControls.UnitTests.dll" adapterTypeName="executor://mstestadapter/v2" className="VideoOS.Administration.WpfControls.UnitTests.HardwareSetupDialog.Converters.EmptyStringToVisibilityConverterUnitTests" name="NonEmptyStringConvertsToCollapsed" />
    </UnitTest>
    <UnitTest name="ThresholdStyleConverter_TopValueSliderAsInput_Success" storage="d:\actions-runner\_work\xpco\xpco\corporate\videoos.administration.wpfcontrols.unittests\bin\x64\debug\net472\videoos.administration.wpfcontrols.unittests.dll" id="e9057bc5-e2c2-a8f1-2eaf-456fc0d01a7d">
      <TestCategory>
        <TestCategoryItem TestCategory="SystemMonitorEventThresholds" />
      </TestCategory>
      <Execution id="a235edd0-24bf-4837-8ea4-e2c5e25b9a7c" />
      <TestMethod codeBase="D:\actions-runner\_work\XPCO\XPCO\Corporate\VideoOS.Administration.WpfControls.UnitTests\bin\x64\Debug\net472\VideoOS.Administration.WpfControls.UnitTests.dll" adapterTypeName="executor://mstestadapter/v2" className="VideoOS.Administration.WpfControls.UnitTests.SystemMonitorEventThresholds.Converters.ThresholdConverterTests" name="ThresholdStyleConverter_TopValueSliderAsInput_Success" />
    </UnitTest>
    <UnitTest name="Convert_AllValues" storage="d:\actions-runner\_work\xpco\xpco\corporate\videoos.administration.wpfcontrols.unittests\bin\x64\debug\net472\videoos.administration.wpfcontrols.unittests.dll" id="648778dc-0c58-533a-4597-a3353a13526d">
      <Execution id="0d721fa5-a7e3-48d4-90e4-b6e6212b3daf" />
      <TestMethod codeBase="D:\actions-runner\_work\XPCO\XPCO\Corporate\VideoOS.Administration.WpfControls.UnitTests\bin\x64\Debug\net472\VideoOS.Administration.WpfControls.UnitTests.dll" adapterTypeName="executor://mstestadapter/v2" className="VideoOS.Administration.WpfControls.UnitTests.Wizards.ChangeHardwarePassword.StatusToStringValueConverterTest" name="Convert_AllValues" />
    </UnitTest>
    <UnitTest name="CurrentStatus_Update_RemoveItem" storage="d:\actions-runner\_work\xpco\xpco\corporate\videoos.administration.wpfcontrols.unittests\bin\x64\debug\net472\videoos.administration.wpfcontrols.unittests.dll" id="9ff1a00a-4d3f-f849-7fac-7791ec7ae54b">
      <Owners>
        <Owner name="max" />
      </Owners>
      <Execution id="731f63fb-5940-4eed-8c16-4c188f1db58a" />
      <TestMethod codeBase="D:\actions-runner\_work\XPCO\XPCO\Corporate\VideoOS.Administration.WpfControls.UnitTests\bin\x64\Debug\net472\VideoOS.Administration.WpfControls.UnitTests.dll" adapterTypeName="executor://mstestadapter/v2" className="VideoOS.Administration.WpfControls.UnitTests.Wizards.ChangeHardwarePassword.PageViewModelChangeHardwarePasswordTest" name="CurrentStatus_Update_RemoveItem" />
    </UnitTest>
    <UnitTest name="SortBaseCommon_Reverse_ReverseOfReverseTest" storage="d:\actions-runner\_work\xpco\xpco\corporate\videoos.administration.wpfcontrols.unittests\bin\x64\debug\net472\videoos.administration.wpfcontrols.unittests.dll" id="789ec8f1-177c-e8a9-3dff-f68ee10f1a03">
      <Owners>
        <Owner name="lsk" />
      </Owners>
      <Execution id="a28a9410-57b1-4aa1-bc00-0ee3d8aba29d" />
      <TestMethod codeBase="D:\actions-runner\_work\XPCO\XPCO\Corporate\VideoOS.Administration.WpfControls.UnitTests\bin\x64\Debug\net472\VideoOS.Administration.WpfControls.UnitTests.dll" adapterTypeName="executor://mstestadapter/v2" className="VideoOS.Administration.WpfControls.UnitTests.Mvvm.Sort.SimpleSortWithFallbackTest" name="SortBaseCommon_Reverse_ReverseOfReverseTest" />
    </UnitTest>
    <UnitTest name="Constructor_NullDataTest" storage="d:\actions-runner\_work\xpco\xpco\corporate\videoos.administration.wpfcontrols.unittests\bin\x64\debug\net472\videoos.administration.wpfcontrols.unittests.dll" id="18fafd98-dc4b-3492-9683-be611bbde21e">
      <Owners>
        <Owner name="lsk" />
      </Owners>
      <Execution id="5457fb35-6851-428a-85e0-338215e76a04" />
      <TestMethod codeBase="D:\actions-runner\_work\XPCO\XPCO\Corporate\VideoOS.Administration.WpfControls.UnitTests\bin\x64\Debug\net472\VideoOS.Administration.WpfControls.UnitTests.dll" adapterTypeName="executor://mstestadapter/v2" className="VideoOS.Administration.WpfControls.UnitTests.Wizards.MoveHardware.PageViewModelMoveProgressTest" name="Constructor_NullDataTest" />
    </UnitTest>
    <UnitTest name="Constructor_NullDataTest_ConfirmationHandler" storage="d:\actions-runner\_work\xpco\xpco\corporate\videoos.administration.wpfcontrols.unittests\bin\x64\debug\net472\videoos.administration.wpfcontrols.unittests.dll" id="2383e110-1110-54ca-dac6-5905fd1cd080">
      <Owners>
        <Owner name="max" />
      </Owners>
      <Execution id="d2b6c197-8950-470b-8723-3482963e3288" />
      <TestMethod codeBase="D:\actions-runner\_work\XPCO\XPCO\Corporate\VideoOS.Administration.WpfControls.UnitTests\bin\x64\Debug\net472\VideoOS.Administration.WpfControls.UnitTests.dll" adapterTypeName="executor://mstestadapter/v2" className="VideoOS.Administration.WpfControls.UnitTests.Wizards.ChangeHardwarePassword.PageViewModelChangeHardwarePasswordTest" name="Constructor_NullDataTest_ConfirmationHandler" />
    </UnitTest>
    <UnitTest name="Constructor_PropertyEmptyTest" storage="d:\actions-runner\_work\xpco\xpco\corporate\videoos.administration.wpfcontrols.unittests\bin\x64\debug\net472\videoos.administration.wpfcontrols.unittests.dll" id="bce94201-2def-6fad-1b3c-274e63346a82">
      <Owners>
        <Owner name="lsk" />
      </Owners>
      <Execution id="fc38ae36-a9df-4d25-b688-335b5802cf23" />
      <TestMethod codeBase="D:\actions-runner\_work\XPCO\XPCO\Corporate\VideoOS.Administration.WpfControls.UnitTests\bin\x64\Debug\net472\VideoOS.Administration.WpfControls.UnitTests.dll" adapterTypeName="executor://mstestadapter/v2" className="VideoOS.Administration.WpfControls.UnitTests.Mvvm.Sort.SimpleSortTest" name="Constructor_PropertyEmptyTest" />
    </UnitTest>
    <UnitTest name="PreviousCommand_NavigationCallbacks_DestinationTest" storage="d:\actions-runner\_work\xpco\xpco\corporate\videoos.administration.wpfcontrols.unittests\bin\x64\debug\net472\videoos.administration.wpfcontrols.unittests.dll" id="61bad184-2e28-53b6-c735-cbc94d62c03b">
      <Owners>
        <Owner name="lsk" />
      </Owners>
      <Execution id="4d64af66-2d61-4579-83e2-f189a8ce23e6" />
      <TestMethod codeBase="D:\actions-runner\_work\XPCO\XPCO\Corporate\VideoOS.Administration.WpfControls.UnitTests\bin\x64\Debug\net472\VideoOS.Administration.WpfControls.UnitTests.dll" adapterTypeName="executor://mstestadapter/v2" className="VideoOS.Administration.WpfControls.UnitTests.Wizards.Common.WizardBaseViewModelTest" name="PreviousCommand_NavigationCallbacks_DestinationTest" />
    </UnitTest>
    <UnitTest name="Convert_AllValues" storage="d:\actions-runner\_work\xpco\xpco\corporate\videoos.administration.wpfcontrols.unittests\bin\x64\debug\net472\videoos.administration.wpfcontrols.unittests.dll" id="c37b2c23-4f65-c08f-f67d-977e7ed22b1d">
      <Execution id="7d659e67-c1dd-409b-93bc-cee0e9dd9422" />
      <TestMethod codeBase="D:\actions-runner\_work\XPCO\XPCO\Corporate\VideoOS.Administration.WpfControls.UnitTests\bin\x64\Debug\net472\VideoOS.Administration.WpfControls.UnitTests.dll" adapterTypeName="executor://mstestadapter/v2" className="VideoOS.Administration.WpfControls.UnitTests.Wizards.ChangeHardwarePassword.StatusToSingleValueConverterTest" name="Convert_AllValues" />
    </UnitTest>
    <UnitTest name="SystemDashboard_LookupCalculationBufferUnitType_Success" storage="d:\actions-runner\_work\xpco\xpco\corporate\videoos.administration.wpfcontrols.unittests\bin\x64\debug\net472\videoos.administration.wpfcontrols.unittests.dll" id="b0abb0b5-082f-abd9-c6e2-49267e783fe9">
      <Execution id="46731d36-f8de-409f-bedd-c3f96731c655" />
      <TestMethod codeBase="D:\actions-runner\_work\XPCO\XPCO\Corporate\VideoOS.Administration.WpfControls.UnitTests\bin\x64\Debug\net472\VideoOS.Administration.WpfControls.UnitTests.dll" adapterTypeName="executor://mstestadapter/v2" className="VideoOS.Administration.WpfControls.UnitTests.SystemMonitorEventThresholds.ViewModel.SystemDashboard_PerformanceStateRuleConfigurationHelperTest" name="SystemDashboard_LookupCalculationBufferUnitType_Success" />
    </UnitTest>
    <UnitTest name="SortBaseCommon_Equality_SortBase_SameInstanceTest" storage="d:\actions-runner\_work\xpco\xpco\corporate\videoos.administration.wpfcontrols.unittests\bin\x64\debug\net472\videoos.administration.wpfcontrols.unittests.dll" id="b2c9886e-c0da-c9fa-5b94-1d9497806cd1">
      <Owners>
        <Owner name="lsk" />
      </Owners>
      <Execution id="d7ce9d47-877b-4a84-8a2d-604088ef2464" />
      <TestMethod codeBase="D:\actions-runner\_work\XPCO\XPCO\Corporate\VideoOS.Administration.WpfControls.UnitTests\bin\x64\Debug\net472\VideoOS.Administration.WpfControls.UnitTests.dll" adapterTypeName="executor://mstestadapter/v2" className="VideoOS.Administration.WpfControls.UnitTests.Mvvm.Sort.SimpleSortWithFallbackTest" name="SortBaseCommon_Equality_SortBase_SameInstanceTest" />
    </UnitTest>
    <UnitTest name="Equality_SameReferenceTest" storage="d:\actions-runner\_work\xpco\xpco\corporate\videoos.administration.wpfcontrols.unittests\bin\x64\debug\net472\videoos.administration.wpfcontrols.unittests.dll" id="d75c67ff-fa0d-150c-97a9-b0960900bd82">
      <Owners>
        <Owner name="lsk" />
      </Owners>
      <Execution id="b34a3530-fa3f-4c58-9ada-ca976d62a11e" />
      <TestMethod codeBase="D:\actions-runner\_work\XPCO\XPCO\Corporate\VideoOS.Administration.WpfControls.UnitTests\bin\x64\Debug\net472\VideoOS.Administration.WpfControls.UnitTests.dll" adapterTypeName="executor://mstestadapter/v2" className="VideoOS.Administration.WpfControls.UnitTests.Mvvm.Sort.SimpleSortWithFallbackTest" name="Equality_SameReferenceTest" />
    </UnitTest>
    <UnitTest name="State_NewInstanceTest" storage="d:\actions-runner\_work\xpco\xpco\corporate\videoos.administration.wpfcontrols.unittests\bin\x64\debug\net472\videoos.administration.wpfcontrols.unittests.dll" id="915037d2-8705-91f4-1362-6b6335ad3189">
      <Owners>
        <Owner name="lsk" />
      </Owners>
      <Execution id="d1432a97-fc32-4b06-99a4-32ac83498d4b" />
      <TestMethod codeBase="D:\actions-runner\_work\XPCO\XPCO\Corporate\VideoOS.Administration.WpfControls.UnitTests\bin\x64\Debug\net472\VideoOS.Administration.WpfControls.UnitTests.dll" adapterTypeName="executor://mstestadapter/v2" className="VideoOS.Administration.WpfControls.UnitTests.Wizards.Common.WizardBaseViewModelTest" name="State_NewInstanceTest" />
    </UnitTest>
    <UnitTest name="WrongInputType" storage="d:\actions-runner\_work\xpco\xpco\corporate\videoos.administration.wpfcontrols.unittests\bin\x64\debug\net472\videoos.administration.wpfcontrols.unittests.dll" id="9c0b94c9-958d-a5ec-8127-ce4dd92dd973">
      <Execution id="c30dddc2-5d35-4572-afec-78132574e7f1" />
      <TestMethod codeBase="D:\actions-runner\_work\XPCO\XPCO\Corporate\VideoOS.Administration.WpfControls.UnitTests\bin\x64\Debug\net472\VideoOS.Administration.WpfControls.UnitTests.dll" adapterTypeName="executor://mstestadapter/v2" className="VideoOS.Administration.WpfControls.UnitTests.HardwareSetupDialog.Converters.StatusToVisibilityConverterUnitTests" name="WrongInputType" />
    </UnitTest>
    <UnitTest name="UpdateSelection_SameCountTest" storage="d:\actions-runner\_work\xpco\xpco\corporate\videoos.administration.wpfcontrols.unittests\bin\x64\debug\net472\videoos.administration.wpfcontrols.unittests.dll" id="9eaae1e3-0039-d71e-66a1-4ea076b9561e">
      <Owners>
        <Owner name="lsk" />
      </Owners>
      <Execution id="99cefa44-06d7-492f-8abe-e0080c3a3193" />
      <TestMethod codeBase="D:\actions-runner\_work\XPCO\XPCO\Corporate\VideoOS.Administration.WpfControls.UnitTests\bin\x64\Debug\net472\VideoOS.Administration.WpfControls.UnitTests.dll" adapterTypeName="executor://mstestadapter/v2" className="VideoOS.Administration.WpfControls.UnitTests.Wizards.MoveHardware.PageViewModelHardwareSelectionTest" name="UpdateSelection_SameCountTest" />
    </UnitTest>
    <UnitTest name="Convert_NoWarnings" storage="d:\actions-runner\_work\xpco\xpco\corporate\videoos.administration.wpfcontrols.unittests\bin\x64\debug\net472\videoos.administration.wpfcontrols.unittests.dll" id="00e19a17-84a2-27a5-5951-8ea1f3070b58">
      <Execution id="583015fb-b1ce-4e22-93e9-b954a3e703b7" />
      <TestMethod codeBase="D:\actions-runner\_work\XPCO\XPCO\Corporate\VideoOS.Administration.WpfControls.UnitTests\bin\x64\Debug\net472\VideoOS.Administration.WpfControls.UnitTests.dll" adapterTypeName="executor://mstestadapter/v2" className="VideoOS.Administration.WpfControls.UnitTests.Wizards.MoveHardware.WarningsToStringConverterTest" name="Convert_NoWarnings" />
    </UnitTest>
    <UnitTest name="AuthorizeThread_Constructor_NullAuthenticateEventArgs_Throws_ArgumentNullException" storage="d:\actions-runner\_work\xpco\xpco\corporate\videoos.administration.wpfcontrols.unittests\bin\x64\debug\net472\videoos.administration.wpfcontrols.unittests.dll" id="c71c11af-2d82-5113-176c-a988c648bdda">
      <TestCategory>
        <TestCategoryItem TestCategory="VideoOS Administration" />
      </TestCategory>
      <Execution id="98fdfcc4-d5f7-401f-adb7-e4aa2f991888" />
      <TestMethod codeBase="D:\actions-runner\_work\XPCO\XPCO\Corporate\VideoOS.Administration.WpfControls.UnitTests\bin\x64\Debug\net472\VideoOS.Administration.WpfControls.UnitTests.dll" adapterTypeName="executor://mstestadapter/v2" className="VideoOS.Administration.WpfControls.UnitTests.Login.AuthorizeThreadTests" name="AuthorizeThread_Constructor_NullAuthenticateEventArgs_Throws_ArgumentNullException" />
    </UnitTest>
    <UnitTest name="AllHardwareSelected_Update_SomeSelectedTest" storage="d:\actions-runner\_work\xpco\xpco\corporate\videoos.administration.wpfcontrols.unittests\bin\x64\debug\net472\videoos.administration.wpfcontrols.unittests.dll" id="8c014781-1ea8-1b32-5ee9-19c0230f83e3">
      <Owners>
        <Owner name="max" />
      </Owners>
      <Execution id="35bc1255-54e6-4157-af80-a3cca4ba21f2" />
      <TestMethod codeBase="D:\actions-runner\_work\XPCO\XPCO\Corporate\VideoOS.Administration.WpfControls.UnitTests\bin\x64\Debug\net472\VideoOS.Administration.WpfControls.UnitTests.dll" adapterTypeName="executor://mstestadapter/v2" className="VideoOS.Administration.WpfControls.UnitTests.Wizards.ChangeHardwarePassword.PageViewModelHardwareSelectionTest" name="AllHardwareSelected_Update_SomeSelectedTest" />
    </UnitTest>
    <UnitTest name="Convert_NewLines_Only_Gives_Empty_Output" storage="d:\actions-runner\_work\xpco\xpco\corporate\videoos.administration.wpfcontrols.unittests\bin\x64\debug\net472\videoos.administration.wpfcontrols.unittests.dll" id="da018325-6a80-96b8-7996-eb7ed269bec1">
      <Execution id="8a1f1a57-e5b9-4584-b407-70f38b310f15" />
      <TestMethod codeBase="D:\actions-runner\_work\XPCO\XPCO\Corporate\VideoOS.Administration.WpfControls.UnitTests\bin\x64\Debug\net472\VideoOS.Administration.WpfControls.UnitTests.dll" adapterTypeName="executor://mstestadapter/v2" className="VideoOS.Administration.WpfControls.UnitTests.Wizards.MoveHardware.View.Converters.MultilineToSingleLineTextConverterUnitTests" name="Convert_NewLines_Only_Gives_Empty_Output" />
    </UnitTest>
    <UnitTest name="Constructor_NullFallbackPropertyTest" storage="d:\actions-runner\_work\xpco\xpco\corporate\videoos.administration.wpfcontrols.unittests\bin\x64\debug\net472\videoos.administration.wpfcontrols.unittests.dll" id="4f56dce6-c6b2-22c3-8efb-65130162e748">
      <Owners>
        <Owner name="lsk" />
      </Owners>
      <Execution id="50ea199c-6c8d-4e6b-8bc6-c189daf89dc5" />
      <TestMethod codeBase="D:\actions-runner\_work\XPCO\XPCO\Corporate\VideoOS.Administration.WpfControls.UnitTests\bin\x64\Debug\net472\VideoOS.Administration.WpfControls.UnitTests.dll" adapterTypeName="executor://mstestadapter/v2" className="VideoOS.Administration.WpfControls.UnitTests.Mvvm.Sort.SimpleSortWithFallbackTest" name="Constructor_NullFallbackPropertyTest" />
    </UnitTest>
    <UnitTest name="Equality_NullTest" storage="d:\actions-runner\_work\xpco\xpco\corporate\videoos.administration.wpfcontrols.unittests\bin\x64\debug\net472\videoos.administration.wpfcontrols.unittests.dll" id="b7ab2fc0-e903-7b23-0261-be16cb51adf3">
      <Owners>
        <Owner name="lsk" />
      </Owners>
      <Execution id="04396d44-ef02-4ab3-b9aa-58f544dcc36a" />
      <TestMethod codeBase="D:\actions-runner\_work\XPCO\XPCO\Corporate\VideoOS.Administration.WpfControls.UnitTests\bin\x64\Debug\net472\VideoOS.Administration.WpfControls.UnitTests.dll" adapterTypeName="executor://mstestadapter/v2" className="VideoOS.Administration.WpfControls.UnitTests.Mvvm.Sort.SimpleSortWithFallbackTest" name="Equality_NullTest" />
    </UnitTest>
    <UnitTest name="ColumnWidthSpec_Relative_NegativeWidth_Throws_ArgumentException" storage="d:\actions-runner\_work\xpco\xpco\corporate\videoos.administration.wpfcontrols.unittests\bin\x64\debug\net472\videoos.administration.wpfcontrols.unittests.dll" id="d5174ae8-3c76-bda0-2741-bcf8df3e8231">
      <Execution id="c478fa44-24a8-43ae-9e04-d3a77580fb09" />
      <TestMethod codeBase="D:\actions-runner\_work\XPCO\XPCO\Corporate\VideoOS.Administration.WpfControls.UnitTests\bin\x64\Debug\net472\VideoOS.Administration.WpfControls.UnitTests.dll" adapterTypeName="executor://mstestadapter/v2" className="VideoOS.Administration.WpfControls.UnitTests.Mvvm.InitialColumnSizingUnitTests" name="ColumnWidthSpec_Relative_NegativeWidth_Throws_ArgumentException" />
    </UnitTest>
    <UnitTest name="NextCommand_ExecuteMultipleTest" storage="d:\actions-runner\_work\xpco\xpco\corporate\videoos.administration.wpfcontrols.unittests\bin\x64\debug\net472\videoos.administration.wpfcontrols.unittests.dll" id="308d0606-bf12-128b-bf88-abafecd1e2c5">
      <Owners>
        <Owner name="lsk" />
      </Owners>
      <Execution id="ae4b1c39-11d5-45a4-a7b0-1b5c76096e5b" />
      <TestMethod codeBase="D:\actions-runner\_work\XPCO\XPCO\Corporate\VideoOS.Administration.WpfControls.UnitTests\bin\x64\Debug\net472\VideoOS.Administration.WpfControls.UnitTests.dll" adapterTypeName="executor://mstestadapter/v2" className="VideoOS.Administration.WpfControls.UnitTests.Wizards.Common.WizardBaseViewModelTest" name="NextCommand_ExecuteMultipleTest" />
    </UnitTest>
    <UnitTest name="NavigatingTo_PageStatus_UnsupportedHardwareSelected" storage="d:\actions-runner\_work\xpco\xpco\corporate\videoos.administration.wpfcontrols.unittests\bin\x64\debug\net472\videoos.administration.wpfcontrols.unittests.dll" id="cc6171bc-7a6c-df61-3f55-ebe7fbfff64f">
      <Owners>
        <Owner name="max" />
      </Owners>
      <Execution id="11b7eaad-9f22-42a3-8929-8c14544fa590" />
      <TestMethod codeBase="D:\actions-runner\_work\XPCO\XPCO\Corporate\VideoOS.Administration.WpfControls.UnitTests\bin\x64\Debug\net472\VideoOS.Administration.WpfControls.UnitTests.dll" adapterTypeName="executor://mstestadapter/v2" className="VideoOS.Administration.WpfControls.UnitTests.Wizards.ChangeHardwarePassword.PageViewModelChangeHardwarePasswordTest" name="NavigatingTo_PageStatus_UnsupportedHardwareSelected" />
    </UnitTest>
    <UnitTest name="Convert_Exception_Input_Returns_String" storage="d:\actions-runner\_work\xpco\xpco\corporate\videoos.administration.wpfcontrols.unittests\bin\x64\debug\net472\videoos.administration.wpfcontrols.unittests.dll" id="b7c35a90-3f70-63ce-fb58-1330046987ea">
      <Execution id="cf7bcf7d-22d2-4fa5-a1ef-f5689708e41d" />
      <TestMethod codeBase="D:\actions-runner\_work\XPCO\XPCO\Corporate\VideoOS.Administration.WpfControls.UnitTests\bin\x64\Debug\net472\VideoOS.Administration.WpfControls.UnitTests.dll" adapterTypeName="executor://mstestadapter/v2" className="VideoOS.Administration.WpfControls.UnitTests.Mvvm.Converters.ExceptiontoStringConverterUnitTests" name="Convert_Exception_Input_Returns_String" />
    </UnitTest>
    <UnitTest name="NextCommand_NavigatingAway_Cancelled" storage="d:\actions-runner\_work\xpco\xpco\corporate\videoos.administration.wpfcontrols.unittests\bin\x64\debug\net472\videoos.administration.wpfcontrols.unittests.dll" id="fe0e323a-65ab-54e2-b710-f04a8ddef948">
      <Owners>
        <Owner name="KK" />
      </Owners>
      <Execution id="16d5a3ac-baa1-4c94-9bdf-66da3663b98c" />
      <TestMethod codeBase="D:\actions-runner\_work\XPCO\XPCO\Corporate\VideoOS.Administration.WpfControls.UnitTests\bin\x64\Debug\net472\VideoOS.Administration.WpfControls.UnitTests.dll" adapterTypeName="executor://mstestadapter/v2" className="VideoOS.Administration.WpfControls.UnitTests.Wizards.Common.WizardBaseViewModelTest" name="NextCommand_NavigatingAway_Cancelled" />
    </UnitTest>
    <UnitTest name="State_Loading_NextCommand_DestinationPageNavigatedToTest" storage="d:\actions-runner\_work\xpco\xpco\corporate\videoos.administration.wpfcontrols.unittests\bin\x64\debug\net472\videoos.administration.wpfcontrols.unittests.dll" id="2bfd3e16-90c4-7703-b0ea-87d512bfda46">
      <Owners>
        <Owner name="lsk" />
      </Owners>
      <Execution id="dfec830f-e3d6-4edf-b9d6-25b799663086" />
      <TestMethod codeBase="D:\actions-runner\_work\XPCO\XPCO\Corporate\VideoOS.Administration.WpfControls.UnitTests\bin\x64\Debug\net472\VideoOS.Administration.WpfControls.UnitTests.dll" adapterTypeName="executor://mstestadapter/v2" className="VideoOS.Administration.WpfControls.UnitTests.Wizards.Common.WizardBaseViewModelTest" name="State_Loading_NextCommand_DestinationPageNavigatedToTest" />
    </UnitTest>
    <UnitTest name="CurrentStatus_Update_SetSelectionTest" storage="d:\actions-runner\_work\xpco\xpco\corporate\videoos.administration.wpfcontrols.unittests\bin\x64\debug\net472\videoos.administration.wpfcontrols.unittests.dll" id="131d2e9f-845c-a318-5dfb-0f67d2de580e">
      <Owners>
        <Owner name="lsk" />
      </Owners>
      <Execution id="1cd693ff-478d-4686-ad81-2ec1a62e6762" />
      <TestMethod codeBase="D:\actions-runner\_work\XPCO\XPCO\Corporate\VideoOS.Administration.WpfControls.UnitTests\bin\x64\Debug\net472\VideoOS.Administration.WpfControls.UnitTests.dll" adapterTypeName="executor://mstestadapter/v2" className="VideoOS.Administration.WpfControls.UnitTests.Wizards.MoveHardware.PageViewModelDestinationRecorderSelectionTest" name="CurrentStatus_Update_SetSelectionTest" />
    </UnitTest>
    <UnitTest name="SortBaseCommon_Equality_Object_SameInstanceTest" storage="d:\actions-runner\_work\xpco\xpco\corporate\videoos.administration.wpfcontrols.unittests\bin\x64\debug\net472\videoos.administration.wpfcontrols.unittests.dll" id="4941567f-baae-3872-eaef-b8a09ddb9b4f">
      <Owners>
        <Owner name="lsk" />
      </Owners>
      <Execution id="0d0a21a8-a0e2-48ff-a389-f2d0ff2188ff" />
      <TestMethod codeBase="D:\actions-runner\_work\XPCO\XPCO\Corporate\VideoOS.Administration.WpfControls.UnitTests\bin\x64\Debug\net472\VideoOS.Administration.WpfControls.UnitTests.dll" adapterTypeName="executor://mstestadapter/v2" className="VideoOS.Administration.WpfControls.UnitTests.Mvvm.Sort.SimpleSortTest" name="SortBaseCommon_Equality_Object_SameInstanceTest" />
    </UnitTest>
    <UnitTest name="Convert_Null_Input_Throws_ArgumentNullException" storage="d:\actions-runner\_work\xpco\xpco\corporate\videoos.administration.wpfcontrols.unittests\bin\x64\debug\net472\videoos.administration.wpfcontrols.unittests.dll" id="1215b13d-bdb0-e0b6-e15f-33774c017240">
      <Execution id="14f841b4-b202-4eb3-9642-f8ceca8eedfc" />
      <TestMethod codeBase="D:\actions-runner\_work\XPCO\XPCO\Corporate\VideoOS.Administration.WpfControls.UnitTests\bin\x64\Debug\net472\VideoOS.Administration.WpfControls.UnitTests.dll" adapterTypeName="executor://mstestadapter/v2" className="VideoOS.Administration.WpfControls.UnitTests.Wizards.MoveHardware.View.Converters.MultilineToSingleLineTextConverterUnitTests" name="Convert_Null_Input_Throws_ArgumentNullException" />
    </UnitTest>
    <UnitTest name="Convert_ArgumentNullException" storage="d:\actions-runner\_work\xpco\xpco\corporate\videoos.administration.wpfcontrols.unittests\bin\x64\debug\net472\videoos.administration.wpfcontrols.unittests.dll" id="39323088-5eaa-ae83-0beb-2f63933109a7">
      <Execution id="437dc785-0bc6-49d3-b51e-b7378287493a" />
      <TestMethod codeBase="D:\actions-runner\_work\XPCO\XPCO\Corporate\VideoOS.Administration.WpfControls.UnitTests\bin\x64\Debug\net472\VideoOS.Administration.WpfControls.UnitTests.dll" adapterTypeName="executor://mstestadapter/v2" className="VideoOS.Administration.WpfControls.UnitTests.Wizards.UpdateFirmware.View.Converters.OperationStatusToStringConverterTest" name="Convert_ArgumentNullException" />
    </UnitTest>
    <UnitTest name="ThresholdStyleConverter_BottomValueSliderAsInput_Success" storage="d:\actions-runner\_work\xpco\xpco\corporate\videoos.administration.wpfcontrols.unittests\bin\x64\debug\net472\videoos.administration.wpfcontrols.unittests.dll" id="c433c793-666e-34b6-8b63-f25466869ce3">
      <TestCategory>
        <TestCategoryItem TestCategory="SystemMonitorEventThresholds" />
      </TestCategory>
      <Execution id="f16b4452-3ec6-4cd0-b7f1-e66c4fa1635e" />
      <TestMethod codeBase="D:\actions-runner\_work\XPCO\XPCO\Corporate\VideoOS.Administration.WpfControls.UnitTests\bin\x64\Debug\net472\VideoOS.Administration.WpfControls.UnitTests.dll" adapterTypeName="executor://mstestadapter/v2" className="VideoOS.Administration.WpfControls.UnitTests.SystemMonitorEventThresholds.Converters.ThresholdConverterTests" name="ThresholdStyleConverter_BottomValueSliderAsInput_Success" />
    </UnitTest>
    <UnitTest name="UnselectHardware_SingleValidItem" storage="d:\actions-runner\_work\xpco\xpco\corporate\videoos.administration.wpfcontrols.unittests\bin\x64\debug\net472\videoos.administration.wpfcontrols.unittests.dll" id="690203e3-c663-745b-2a62-02992783daa5">
      <Owners>
        <Owner name="max" />
      </Owners>
      <Execution id="df30ec03-bfe4-4bf6-867c-5dba822ecf2f" />
      <TestMethod codeBase="D:\actions-runner\_work\XPCO\XPCO\Corporate\VideoOS.Administration.WpfControls.UnitTests\bin\x64\Debug\net472\VideoOS.Administration.WpfControls.UnitTests.dll" adapterTypeName="executor://mstestadapter/v2" className="VideoOS.Administration.WpfControls.UnitTests.Wizards.ChangeHardwarePassword.PageViewModelChangeHardwarePasswordTest" name="UnselectHardware_SingleValidItem" />
    </UnitTest>
    <UnitTest name="NavigatingAway_ModificationsCarryOver" storage="d:\actions-runner\_work\xpco\xpco\corporate\videoos.administration.wpfcontrols.unittests\bin\x64\debug\net472\videoos.administration.wpfcontrols.unittests.dll" id="edadfd8c-bda9-d8ff-54a7-3ab66cb0305b">
      <Owners>
        <Owner name="ale" />
      </Owners>
      <Execution id="11fa276b-9d59-4644-ae86-01e08673c629" />
      <TestMethod codeBase="D:\actions-runner\_work\XPCO\XPCO\Corporate\VideoOS.Administration.WpfControls.UnitTests\bin\x64\Debug\net472\VideoOS.Administration.WpfControls.UnitTests.dll" adapterTypeName="executor://mstestadapter/v2" className="VideoOS.Administration.WpfControls.UnitTests.Wizards.UpdateFirmware.ViewModel.PageViewModelFirmwareUpdateTest" name="NavigatingAway_ModificationsCarryOver" />
    </UnitTest>
    <UnitTest name="SelectionChanged_GeneralTest" storage="d:\actions-runner\_work\xpco\xpco\corporate\videoos.administration.wpfcontrols.unittests\bin\x64\debug\net472\videoos.administration.wpfcontrols.unittests.dll" id="d19a81bf-51f2-8873-1356-20422ad3ffa6">
      <Owners>
        <Owner name="lsk" />
      </Owners>
      <Execution id="6d30b26f-25f2-4221-9e11-b33af8927a33" />
      <TestMethod codeBase="D:\actions-runner\_work\XPCO\XPCO\Corporate\VideoOS.Administration.WpfControls.UnitTests\bin\x64\Debug\net472\VideoOS.Administration.WpfControls.UnitTests.dll" adapterTypeName="executor://mstestadapter/v2" className="VideoOS.Administration.WpfControls.UnitTests.Wizards.MoveHardware.PageViewModelHardwareSelectionTest" name="SelectionChanged_GeneralTest" />
    </UnitTest>
    <UnitTest name="UpdateSelection_Garbage_NonExistentHardwareTest" storage="d:\actions-runner\_work\xpco\xpco\corporate\videoos.administration.wpfcontrols.unittests\bin\x64\debug\net472\videoos.administration.wpfcontrols.unittests.dll" id="0c90957a-f20b-75df-040d-0bdb85a408aa">
      <Owners>
        <Owner name="max" />
      </Owners>
      <Execution id="73ccfc71-3b39-4aea-9418-340149c94455" />
      <TestMethod codeBase="D:\actions-runner\_work\XPCO\XPCO\Corporate\VideoOS.Administration.WpfControls.UnitTests\bin\x64\Debug\net472\VideoOS.Administration.WpfControls.UnitTests.dll" adapterTypeName="executor://mstestadapter/v2" className="VideoOS.Administration.WpfControls.UnitTests.Wizards.ChangeHardwarePassword.PageViewModelHardwareSelectionTest" name="UpdateSelection_Garbage_NonExistentHardwareTest" />
    </UnitTest>
    <UnitTest name="State_Loading_PreviousCommand_DestinationPageNavigatedToTest" storage="d:\actions-runner\_work\xpco\xpco\corporate\videoos.administration.wpfcontrols.unittests\bin\x64\debug\net472\videoos.administration.wpfcontrols.unittests.dll" id="49b32f88-2b77-47a7-b253-febc5c13a157">
      <Owners>
        <Owner name="lsk" />
      </Owners>
      <Execution id="6e0a8fe2-d1ad-489b-b01f-b35444f05096" />
      <TestMethod codeBase="D:\actions-runner\_work\XPCO\XPCO\Corporate\VideoOS.Administration.WpfControls.UnitTests\bin\x64\Debug\net472\VideoOS.Administration.WpfControls.UnitTests.dll" adapterTypeName="executor://mstestadapter/v2" className="VideoOS.Administration.WpfControls.UnitTests.Wizards.Common.WizardBaseViewModelTest" name="State_Loading_PreviousCommand_DestinationPageNavigatedToTest" />
    </UnitTest>
    <UnitTest name="NextCommand_CommandInvalidated_PageStatusChanged_ValidToBusyTest" storage="d:\actions-runner\_work\xpco\xpco\corporate\videoos.administration.wpfcontrols.unittests\bin\x64\debug\net472\videoos.administration.wpfcontrols.unittests.dll" id="db08b945-1cff-7ffd-3ad7-b9d159321f59">
      <Owners>
        <Owner name="lsk" />
      </Owners>
      <Execution id="77984ecb-86a3-426a-86e8-39ad2a1e6ba2" />
      <TestMethod codeBase="D:\actions-runner\_work\XPCO\XPCO\Corporate\VideoOS.Administration.WpfControls.UnitTests\bin\x64\Debug\net472\VideoOS.Administration.WpfControls.UnitTests.dll" adapterTypeName="executor://mstestadapter/v2" className="VideoOS.Administration.WpfControls.UnitTests.Wizards.Common.WizardBaseViewModelTest" name="NextCommand_CommandInvalidated_PageStatusChanged_ValidToBusyTest" />
    </UnitTest>
    <UnitTest name="PreviousCommand_CanExecute_PageInvalidTest" storage="d:\actions-runner\_work\xpco\xpco\corporate\videoos.administration.wpfcontrols.unittests\bin\x64\debug\net472\videoos.administration.wpfcontrols.unittests.dll" id="34d831f2-d083-7c8d-f827-fa4262179f67">
      <Owners>
        <Owner name="lsk" />
      </Owners>
      <Execution id="006621b3-4595-4fe3-83ce-c8954992c650" />
      <TestMethod codeBase="D:\actions-runner\_work\XPCO\XPCO\Corporate\VideoOS.Administration.WpfControls.UnitTests\bin\x64\Debug\net472\VideoOS.Administration.WpfControls.UnitTests.dll" adapterTypeName="executor://mstestadapter/v2" className="VideoOS.Administration.WpfControls.UnitTests.Wizards.Common.WizardBaseViewModelTest" name="PreviousCommand_CanExecute_PageInvalidTest" />
    </UnitTest>
    <UnitTest name="CurrentStatus_PostNavigatingTo_NoPreselectionTest" storage="d:\actions-runner\_work\xpco\xpco\corporate\videoos.administration.wpfcontrols.unittests\bin\x64\debug\net472\videoos.administration.wpfcontrols.unittests.dll" id="17336d5d-6676-adaf-9825-b947754db482">
      <Owners>
        <Owner name="max" />
      </Owners>
      <Execution id="4ea2b4f6-4386-4c9d-98c3-e86e50119332" />
      <TestMethod codeBase="D:\actions-runner\_work\XPCO\XPCO\Corporate\VideoOS.Administration.WpfControls.UnitTests\bin\x64\Debug\net472\VideoOS.Administration.WpfControls.UnitTests.dll" adapterTypeName="executor://mstestadapter/v2" className="VideoOS.Administration.WpfControls.UnitTests.Wizards.ChangeHardwarePassword.PageViewModelHardwareSelectionTest" name="CurrentStatus_PostNavigatingTo_NoPreselectionTest" />
    </UnitTest>
    <UnitTest name="SetEnabled_True_ListView_Columns_Changed" storage="d:\actions-runner\_work\xpco\xpco\corporate\videoos.administration.wpfcontrols.unittests\bin\x64\debug\net472\videoos.administration.wpfcontrols.unittests.dll" id="41b4d628-e78a-e5e1-ce66-5032746f9934">
      <Execution id="4dde87a9-0187-4613-a074-56b13ac6eac1" />
      <TestMethod codeBase="D:\actions-runner\_work\XPCO\XPCO\Corporate\VideoOS.Administration.WpfControls.UnitTests\bin\x64\Debug\net472\VideoOS.Administration.WpfControls.UnitTests.dll" adapterTypeName="executor://mstestadapter/v2" className="VideoOS.Administration.WpfControls.UnitTests.Mvvm.InitialColumnSizingUnitTests" name="SetEnabled_True_ListView_Columns_Changed" />
    </UnitTest>
    <UnitTest name="Validate_WithPasswordAutogeneration" storage="d:\actions-runner\_work\xpco\xpco\corporate\videoos.administration.wpfcontrols.unittests\bin\x64\debug\net472\videoos.administration.wpfcontrols.unittests.dll" id="d5acb6b2-2241-7ff7-202e-848312ae8356">
      <Owners>
        <Owner name="max" />
      </Owners>
      <Execution id="de33a0b4-0811-4a5f-9aa0-e59f6b40a8f6" />
      <TestMethod codeBase="D:\actions-runner\_work\XPCO\XPCO\Corporate\VideoOS.Administration.WpfControls.UnitTests\bin\x64\Debug\net472\VideoOS.Administration.WpfControls.UnitTests.dll" adapterTypeName="executor://mstestadapter/v2" className="VideoOS.Administration.WpfControls.UnitTests.Wizards.ChangeHardwarePassword.PageViewModelChangeHardwarePasswordTest" name="Validate_WithPasswordAutogeneration" />
    </UnitTest>
    <UnitTest name="UpdateSelection_PreSelectUnsupportedHardwareTest" storage="d:\actions-runner\_work\xpco\xpco\corporate\videoos.administration.wpfcontrols.unittests\bin\x64\debug\net472\videoos.administration.wpfcontrols.unittests.dll" id="b94bc3e4-456f-5309-f9a8-1757b34a2f42">
      <Owners>
        <Owner name="max" />
      </Owners>
      <Execution id="7eab2302-b948-462d-b79b-8cc6354df2e2" />
      <TestMethod codeBase="D:\actions-runner\_work\XPCO\XPCO\Corporate\VideoOS.Administration.WpfControls.UnitTests\bin\x64\Debug\net472\VideoOS.Administration.WpfControls.UnitTests.dll" adapterTypeName="executor://mstestadapter/v2" className="VideoOS.Administration.WpfControls.UnitTests.Wizards.ChangeHardwarePassword.PageViewModelHardwareSelectionTest" name="UpdateSelection_PreSelectUnsupportedHardwareTest" />
    </UnitTest>
    <UnitTest name="Constructor_NullDataTest" storage="d:\actions-runner\_work\xpco\xpco\corporate\videoos.administration.wpfcontrols.unittests\bin\x64\debug\net472\videoos.administration.wpfcontrols.unittests.dll" id="804e40f7-74d9-b4bb-45e1-0aa37071a8df">
      <Owners>
        <Owner name="ale" />
      </Owners>
      <Execution id="01609727-c856-4520-98ef-30848e8dee67" />
      <TestMethod codeBase="D:\actions-runner\_work\XPCO\XPCO\Corporate\VideoOS.Administration.WpfControls.UnitTests\bin\x64\Debug\net472\VideoOS.Administration.WpfControls.UnitTests.dll" adapterTypeName="executor://mstestadapter/v2" className="VideoOS.Administration.WpfControls.UnitTests.Wizards.UpdateFirmware.ViewModel.PageViewModelFirmwareUpdateProgressTest" name="Constructor_NullDataTest" />
    </UnitTest>
    <UnitTest name="Equality_EqualInstancesTest" storage="d:\actions-runner\_work\xpco\xpco\corporate\videoos.administration.wpfcontrols.unittests\bin\x64\debug\net472\videoos.administration.wpfcontrols.unittests.dll" id="33c3b0ae-1da4-45ae-a174-7e5667243621">
      <Owners>
        <Owner name="lsk" />
      </Owners>
      <Execution id="fadd58a9-021f-41b2-b41f-9d66b683ebe5" />
      <TestMethod codeBase="D:\actions-runner\_work\XPCO\XPCO\Corporate\VideoOS.Administration.WpfControls.UnitTests\bin\x64\Debug\net472\VideoOS.Administration.WpfControls.UnitTests.dll" adapterTypeName="executor://mstestadapter/v2" className="VideoOS.Administration.WpfControls.UnitTests.Mvvm.Sort.SimpleSortWithFallbackTest" name="Equality_EqualInstancesTest" />
    </UnitTest>
    <UnitTest name="Initialize_FetchesWizardPagesTest" storage="d:\actions-runner\_work\xpco\xpco\corporate\videoos.administration.wpfcontrols.unittests\bin\x64\debug\net472\videoos.administration.wpfcontrols.unittests.dll" id="79eddf8e-75bc-75b0-e34a-561dd48cad4f">
      <Owners>
        <Owner name="lsk" />
      </Owners>
      <Execution id="e4c0722f-168e-4a4e-9e0c-0356970a42db" />
      <TestMethod codeBase="D:\actions-runner\_work\XPCO\XPCO\Corporate\VideoOS.Administration.WpfControls.UnitTests\bin\x64\Debug\net472\VideoOS.Administration.WpfControls.UnitTests.dll" adapterTypeName="executor://mstestadapter/v2" className="VideoOS.Administration.WpfControls.UnitTests.Wizards.Common.WizardBaseViewModelTest" name="Initialize_FetchesWizardPagesTest" />
    </UnitTest>
    <UnitTest name="ConvertNonMatchingType" storage="d:\actions-runner\_work\xpco\xpco\corporate\videoos.administration.wpfcontrols.unittests\bin\x64\debug\net472\videoos.administration.wpfcontrols.unittests.dll" id="52eab072-1281-72ef-fa66-ec31a988ceb6">
      <Execution id="0554d1c2-47a4-4180-8d42-05ea71ea610d" />
      <TestMethod codeBase="D:\actions-runner\_work\XPCO\XPCO\Corporate\VideoOS.Administration.WpfControls.UnitTests\bin\x64\Debug\net472\VideoOS.Administration.WpfControls.UnitTests.dll" adapterTypeName="executor://mstestadapter/v2" className="VideoOS.Administration.WpfControls.UnitTests.Mvvm.Converters.InverseBoolToCollapsedConverterUnitTests" name="ConvertNonMatchingType" />
    </UnitTest>
    <UnitTest name="SortBaseCommon_Equality_Object_SameInstanceTest" storage="d:\actions-runner\_work\xpco\xpco\corporate\videoos.administration.wpfcontrols.unittests\bin\x64\debug\net472\videoos.administration.wpfcontrols.unittests.dll" id="6f86a4ab-3f29-fac5-84b1-39223aab673f">
      <Owners>
        <Owner name="lsk" />
      </Owners>
      <Execution id="8c9d9b8a-addf-44bc-90ef-6243d692816f" />
      <TestMethod codeBase="D:\actions-runner\_work\XPCO\XPCO\Corporate\VideoOS.Administration.WpfControls.UnitTests\bin\x64\Debug\net472\VideoOS.Administration.WpfControls.UnitTests.dll" adapterTypeName="executor://mstestadapter/v2" className="VideoOS.Administration.WpfControls.UnitTests.Mvvm.Sort.SimpleSortWithFallbackTest" name="SortBaseCommon_Equality_Object_SameInstanceTest" />
    </UnitTest>
    <UnitTest name="MessageBoxImageExtensions_AsWinFormsMessageBoxIcon_All_Values_Supported" storage="d:\actions-runner\_work\xpco\xpco\corporate\videoos.administration.wpfcontrols.unittests\bin\x64\debug\net472\videoos.administration.wpfcontrols.unittests.dll" id="1d64517e-5e9e-e387-c7c9-3472ba2a77ec">
      <Execution id="4476ad40-9192-4253-bf61-148e4116b423" />
      <TestMethod codeBase="D:\actions-runner\_work\XPCO\XPCO\Corporate\VideoOS.Administration.WpfControls.UnitTests\bin\x64\Debug\net472\VideoOS.Administration.WpfControls.UnitTests.dll" adapterTypeName="executor://mstestadapter/v2" className="VideoOS.Administration.WpfControls.UnitTests.Interop.MessageBoxImageExtensionsUnitTests" name="MessageBoxImageExtensions_AsWinFormsMessageBoxIcon_All_Values_Supported" />
    </UnitTest>
    <UnitTest name="CalcuateNewColumnWidths_Relative_Width" storage="d:\actions-runner\_work\xpco\xpco\corporate\videoos.administration.wpfcontrols.unittests\bin\x64\debug\net472\videoos.administration.wpfcontrols.unittests.dll" id="9aabab72-fa35-138c-a590-deefe9ba6d9b">
      <Execution id="084cb39c-2b17-4387-a39a-564680449c2a" />
      <TestMethod codeBase="D:\actions-runner\_work\XPCO\XPCO\Corporate\VideoOS.Administration.WpfControls.UnitTests\bin\x64\Debug\net472\VideoOS.Administration.WpfControls.UnitTests.dll" adapterTypeName="executor://mstestadapter/v2" className="VideoOS.Administration.WpfControls.UnitTests.Mvvm.InitialColumnSizingUnitTests" name="CalcuateNewColumnWidths_Relative_Width" />
    </UnitTest>
    <UnitTest name="NavigatingTo_ErrorHandling_StorageUsage_MoveHardwareExceptionTest" storage="d:\actions-runner\_work\xpco\xpco\corporate\videoos.administration.wpfcontrols.unittests\bin\x64\debug\net472\videoos.administration.wpfcontrols.unittests.dll" id="65885bb5-bd75-eed6-215a-ad7ce0d8ca0f">
      <Owners>
        <Owner name="lsk" />
      </Owners>
      <Execution id="eaf30e2c-adc7-44b6-a6b0-eeb5f32f6130" />
      <TestMethod codeBase="D:\actions-runner\_work\XPCO\XPCO\Corporate\VideoOS.Administration.WpfControls.UnitTests\bin\x64\Debug\net472\VideoOS.Administration.WpfControls.UnitTests.dll" adapterTypeName="executor://mstestadapter/v2" className="VideoOS.Administration.WpfControls.UnitTests.Wizards.MoveHardware.PageViewModelDestinationStorageSelectionTest" name="NavigatingTo_ErrorHandling_StorageUsage_MoveHardwareExceptionTest" />
    </UnitTest>
    <UnitTest name="Initialize_WithFixedHardwareSelectionTest" storage="d:\actions-runner\_work\xpco\xpco\corporate\videoos.administration.wpfcontrols.unittests\bin\x64\debug\net472\videoos.administration.wpfcontrols.unittests.dll" id="07ae45b6-e301-3520-2a2b-464a984634c4">
      <Owners>
        <Owner name="lsk" />
      </Owners>
      <Execution id="406d5a89-17fd-4b2a-a980-d9bb937022d7" />
      <TestMethod codeBase="D:\actions-runner\_work\XPCO\XPCO\Corporate\VideoOS.Administration.WpfControls.UnitTests\bin\x64\Debug\net472\VideoOS.Administration.WpfControls.UnitTests.dll" adapterTypeName="executor://mstestadapter/v2" className="VideoOS.Administration.WpfControls.UnitTests.Wizards.MoveHardware.WizardViewModelTest" name="Initialize_WithFixedHardwareSelectionTest" />
    </UnitTest>
    <UnitTest name="ConvertBack_InvalidOperationException" storage="d:\actions-runner\_work\xpco\xpco\corporate\videoos.administration.wpfcontrols.unittests\bin\x64\debug\net472\videoos.administration.wpfcontrols.unittests.dll" id="738b8516-f5bf-a4cf-300e-7093e00b2cb1">
      <Execution id="d8f7c1e8-565e-4c4b-8acf-cdf6cc6ea753" />
      <TestMethod codeBase="D:\actions-runner\_work\XPCO\XPCO\Corporate\VideoOS.Administration.WpfControls.UnitTests\bin\x64\Debug\net472\VideoOS.Administration.WpfControls.UnitTests.dll" adapterTypeName="executor://mstestadapter/v2" className="VideoOS.Administration.WpfControls.UnitTests.Wizards.UpdateFirmware.View.Converters.OperationStatusToStringConverterTest" name="ConvertBack_InvalidOperationException" />
    </UnitTest>
    <UnitTest name="SortBaseCommon_SortDescriptions_ReverseTest" storage="d:\actions-runner\_work\xpco\xpco\corporate\videoos.administration.wpfcontrols.unittests\bin\x64\debug\net472\videoos.administration.wpfcontrols.unittests.dll" id="143c964a-6102-d861-c0a8-292de16ab3e2">
      <Owners>
        <Owner name="lsk" />
      </Owners>
      <Execution id="005b9789-1ee0-4718-8bf0-725b0b961a02" />
      <TestMethod codeBase="D:\actions-runner\_work\XPCO\XPCO\Corporate\VideoOS.Administration.WpfControls.UnitTests\bin\x64\Debug\net472\VideoOS.Administration.WpfControls.UnitTests.dll" adapterTypeName="executor://mstestadapter/v2" className="VideoOS.Administration.WpfControls.UnitTests.Mvvm.Sort.SimpleSortTest" name="SortBaseCommon_SortDescriptions_ReverseTest" />
    </UnitTest>
    <UnitTest name="Convert_ToValue_AvailableOnly_UsageNullTest" storage="d:\actions-runner\_work\xpco\xpco\corporate\videoos.administration.wpfcontrols.unittests\bin\x64\debug\net472\videoos.administration.wpfcontrols.unittests.dll" id="f6fb30b9-0cae-3e29-1f99-5e0b87051f42">
      <Owners>
        <Owner name="lsk" />
      </Owners>
      <Execution id="094216e7-4a47-4deb-ab5e-2bc26ec9e96b" />
      <TestMethod codeBase="D:\actions-runner\_work\XPCO\XPCO\Corporate\VideoOS.Administration.WpfControls.UnitTests\bin\x64\Debug\net472\VideoOS.Administration.WpfControls.UnitTests.dll" adapterTypeName="executor://mstestadapter/v2" className="VideoOS.Administration.WpfControls.UnitTests.Wizards.MoveHardware.UsagePercentageMultiValueConverterTest" name="Convert_ToValue_AvailableOnly_UsageNullTest" />
    </UnitTest>
    <UnitTest name="Convert_Days_SingularTest" storage="d:\actions-runner\_work\xpco\xpco\corporate\videoos.administration.wpfcontrols.unittests\bin\x64\debug\net472\videoos.administration.wpfcontrols.unittests.dll" id="e2745662-5b1b-a987-f75e-19bfc0f754da">
      <Owners>
        <Owner name="lsk" />
      </Owners>
      <Execution id="b9faac4c-88d8-4b2f-9eac-64a2544a3cf0" />
      <TestMethod codeBase="D:\actions-runner\_work\XPCO\XPCO\Corporate\VideoOS.Administration.WpfControls.UnitTests\bin\x64\Debug\net472\VideoOS.Administration.WpfControls.UnitTests.dll" adapterTypeName="executor://mstestadapter/v2" className="VideoOS.Administration.WpfControls.UnitTests.Wizards.MoveHardware.StorageRetentionTimeToStringValueConverterTest" name="Convert_Days_SingularTest" />
    </UnitTest>
    <UnitTest name="SelectionChanged_UnsubscribeTest" storage="d:\actions-runner\_work\xpco\xpco\corporate\videoos.administration.wpfcontrols.unittests\bin\x64\debug\net472\videoos.administration.wpfcontrols.unittests.dll" id="64783368-4c49-57cf-7cba-264e34d26256">
      <Owners>
        <Owner name="lsk" />
      </Owners>
      <Execution id="c3ca6267-3baf-403a-88fd-a83e911a4486" />
      <TestMethod codeBase="D:\actions-runner\_work\XPCO\XPCO\Corporate\VideoOS.Administration.WpfControls.UnitTests\bin\x64\Debug\net472\VideoOS.Administration.WpfControls.UnitTests.dll" adapterTypeName="executor://mstestadapter/v2" className="VideoOS.Administration.WpfControls.UnitTests.Wizards.MoveHardware.PageViewModelHardwareSelectionTest" name="SelectionChanged_UnsubscribeTest" />
    </UnitTest>
    <UnitTest name="SortBaseCommon_IsEquivalentOf_SortDescriptionCollection_DifferentListTest" storage="d:\actions-runner\_work\xpco\xpco\corporate\videoos.administration.wpfcontrols.unittests\bin\x64\debug\net472\videoos.administration.wpfcontrols.unittests.dll" id="70fd5b44-aa44-6f9d-e7b8-dd3ba847a152">
      <Owners>
        <Owner name="lsk" />
      </Owners>
      <Execution id="484c7cbc-d9d7-4241-929c-b9673695066d" />
      <TestMethod codeBase="D:\actions-runner\_work\XPCO\XPCO\Corporate\VideoOS.Administration.WpfControls.UnitTests\bin\x64\Debug\net472\VideoOS.Administration.WpfControls.UnitTests.dll" adapterTypeName="executor://mstestadapter/v2" className="VideoOS.Administration.WpfControls.UnitTests.Mvvm.Sort.SimpleSortTest" name="SortBaseCommon_IsEquivalentOf_SortDescriptionCollection_DifferentListTest" />
    </UnitTest>
    <UnitTest name="HandledVmoAccessTests_PermissionCheckerHasPermissionReturnsTrueIfPermissionGiven" storage="d:\actions-runner\_work\xpco\xpco\corporate\videoos.administration.wpfcontrols.unittests\bin\x64\debug\net472\videoos.administration.wpfcontrols.unittests.dll" id="fd01aab9-ca48-8b05-e70a-644ec60e2c34">
      <Execution id="57e2b91a-6713-4e40-8d47-313da5b02e00" />
      <TestMethod codeBase="D:\actions-runner\_work\XPCO\XPCO\Corporate\VideoOS.Administration.WpfControls.UnitTests\bin\x64\Debug\net472\VideoOS.Administration.WpfControls.UnitTests.dll" adapterTypeName="executor://mstestadapter/v2" className="VideoOS.Administration.WpfControls.UnitTests.SystemMonitorEventThresholds.HandledVmoAccessTests" name="HandledVmoAccessTests_PermissionCheckerHasPermissionReturnsTrueIfPermissionGiven" />
    </UnitTest>
    <UnitTest name="Constructor_SunnyDayTest" storage="d:\actions-runner\_work\xpco\xpco\corporate\videoos.administration.wpfcontrols.unittests\bin\x64\debug\net472\videoos.administration.wpfcontrols.unittests.dll" id="f258be3c-7407-cd7a-eb07-a7d905519e41">
      <Owners>
        <Owner name="lsk" />
      </Owners>
      <Execution id="668ced96-d47a-4226-aedc-c66edb8e82a3" />
      <TestMethod codeBase="D:\actions-runner\_work\XPCO\XPCO\Corporate\VideoOS.Administration.WpfControls.UnitTests\bin\x64\Debug\net472\VideoOS.Administration.WpfControls.UnitTests.dll" adapterTypeName="executor://mstestadapter/v2" className="VideoOS.Administration.WpfControls.UnitTests.Wizards.MoveHardware.WizardViewModelTest" name="Constructor_SunnyDayTest" />
    </UnitTest>
    <UnitTest name="NavigatingAway_WithPasswordAutogeneration_PasswordSet" storage="d:\actions-runner\_work\xpco\xpco\corporate\videoos.administration.wpfcontrols.unittests\bin\x64\debug\net472\videoos.administration.wpfcontrols.unittests.dll" id="0011cb80-7a6b-b3cc-1e23-175f03cd88f2">
      <Owners>
        <Owner name="max" />
      </Owners>
      <Execution id="5574715a-3e11-412c-9eb5-1ffe2f55a183" />
      <TestMethod codeBase="D:\actions-runner\_work\XPCO\XPCO\Corporate\VideoOS.Administration.WpfControls.UnitTests\bin\x64\Debug\net472\VideoOS.Administration.WpfControls.UnitTests.dll" adapterTypeName="executor://mstestadapter/v2" className="VideoOS.Administration.WpfControls.UnitTests.Wizards.ChangeHardwarePassword.PageViewModelChangeHardwarePasswordTest" name="NavigatingAway_WithPasswordAutogeneration_PasswordSet" />
    </UnitTest>
    <UnitTest name="UpdateSelection_Garbage_InvalidTypeTest" storage="d:\actions-runner\_work\xpco\xpco\corporate\videoos.administration.wpfcontrols.unittests\bin\x64\debug\net472\videoos.administration.wpfcontrols.unittests.dll" id="5fa359fc-d32d-4a18-f2ac-b5a2945a5f66">
      <Owners>
        <Owner name="lsk" />
      </Owners>
      <Execution id="236f27cf-87dd-4bf9-8d5f-2bb3e46a156d" />
      <TestMethod codeBase="D:\actions-runner\_work\XPCO\XPCO\Corporate\VideoOS.Administration.WpfControls.UnitTests\bin\x64\Debug\net472\VideoOS.Administration.WpfControls.UnitTests.dll" adapterTypeName="executor://mstestadapter/v2" className="VideoOS.Administration.WpfControls.UnitTests.Wizards.MoveHardware.PageViewModelHardwareSelectionTest" name="UpdateSelection_Garbage_InvalidTypeTest" />
    </UnitTest>
    <UnitTest name="Convert_Empty_Input_Gives_Empty_Output" storage="d:\actions-runner\_work\xpco\xpco\corporate\videoos.administration.wpfcontrols.unittests\bin\x64\debug\net472\videoos.administration.wpfcontrols.unittests.dll" id="9f74e58e-92da-ad41-186d-297c2df06763">
      <Execution id="cd0cac35-1de0-4538-91dd-1fe0f5f892b7" />
      <TestMethod codeBase="D:\actions-runner\_work\XPCO\XPCO\Corporate\VideoOS.Administration.WpfControls.UnitTests\bin\x64\Debug\net472\VideoOS.Administration.WpfControls.UnitTests.dll" adapterTypeName="executor://mstestadapter/v2" className="VideoOS.Administration.WpfControls.UnitTests.Wizards.MoveHardware.View.Converters.MultilineToSingleLineTextConverterUnitTests" name="Convert_Empty_Input_Gives_Empty_Output" />
    </UnitTest>
    <UnitTest name="Convert_Error_TargetTypeNullTest" storage="d:\actions-runner\_work\xpco\xpco\corporate\videoos.administration.wpfcontrols.unittests\bin\x64\debug\net472\videoos.administration.wpfcontrols.unittests.dll" id="bd289ba2-bb7a-a20f-f256-9e9f907d458a">
      <Owners>
        <Owner name="lsk" />
      </Owners>
      <Execution id="edaa3db5-3b5d-47dd-8c93-d7dde7637e75" />
      <TestMethod codeBase="D:\actions-runner\_work\XPCO\XPCO\Corporate\VideoOS.Administration.WpfControls.UnitTests\bin\x64\Debug\net472\VideoOS.Administration.WpfControls.UnitTests.dll" adapterTypeName="executor://mstestadapter/v2" className="VideoOS.Administration.WpfControls.UnitTests.Wizards.MoveHardware.UsagePercentageMultiValueConverterTest" name="Convert_Error_TargetTypeNullTest" />
    </UnitTest>
    <UnitTest name="NavigatingTo_ExceptionHandling_OtherException_PreselectedThrowsTest" storage="d:\actions-runner\_work\xpco\xpco\corporate\videoos.administration.wpfcontrols.unittests\bin\x64\debug\net472\videoos.administration.wpfcontrols.unittests.dll" id="a7f86a3c-148c-895f-7b07-9b829325de74">
      <Owners>
        <Owner name="lsk" />
      </Owners>
      <Execution id="d1754da9-a36e-4de8-89c9-dce665b3ca44" />
      <TestMethod codeBase="D:\actions-runner\_work\XPCO\XPCO\Corporate\VideoOS.Administration.WpfControls.UnitTests\bin\x64\Debug\net472\VideoOS.Administration.WpfControls.UnitTests.dll" adapterTypeName="executor://mstestadapter/v2" className="VideoOS.Administration.WpfControls.UnitTests.Wizards.MoveHardware.PageViewModelDestinationRecorderSelectionTest" name="NavigatingTo_ExceptionHandling_OtherException_PreselectedThrowsTest" />
    </UnitTest>
    <UnitTest name="UpdateSelection_EmptySelectionTest" storage="d:\actions-runner\_work\xpco\xpco\corporate\videoos.administration.wpfcontrols.unittests\bin\x64\debug\net472\videoos.administration.wpfcontrols.unittests.dll" id="272d8b0b-ba7b-7143-82a6-3c4a3a74e0ce">
      <Owners>
        <Owner name="max" />
      </Owners>
      <Execution id="593a7977-bcdb-40cd-822c-f0fdcb3a649b" />
      <TestMethod codeBase="D:\actions-runner\_work\XPCO\XPCO\Corporate\VideoOS.Administration.WpfControls.UnitTests\bin\x64\Debug\net472\VideoOS.Administration.WpfControls.UnitTests.dll" adapterTypeName="executor://mstestadapter/v2" className="VideoOS.Administration.WpfControls.UnitTests.Wizards.ChangeHardwarePassword.PageViewModelHardwareSelectionTest" name="UpdateSelection_EmptySelectionTest" />
    </UnitTest>
    <UnitTest name="ThresholdNameConverter_Success" storage="d:\actions-runner\_work\xpco\xpco\corporate\videoos.administration.wpfcontrols.unittests\bin\x64\debug\net472\videoos.administration.wpfcontrols.unittests.dll" id="fdb0b32c-91a8-7557-e0e4-2df46fff5a8d">
      <TestCategory>
        <TestCategoryItem TestCategory="SystemMonitorEventThresholds" />
      </TestCategory>
      <Execution id="a3e7c157-2a45-4456-8c57-48b2d297453a" />
      <TestMethod codeBase="D:\actions-runner\_work\XPCO\XPCO\Corporate\VideoOS.Administration.WpfControls.UnitTests\bin\x64\Debug\net472\VideoOS.Administration.WpfControls.UnitTests.dll" adapterTypeName="executor://mstestadapter/v2" className="VideoOS.Administration.WpfControls.UnitTests.SystemMonitorEventThresholds.Converters.ThresholdConverterTests" name="ThresholdNameConverter_Success" />
    </UnitTest>
    <UnitTest name="Initialize_NoFixedHardwareSelectionTest" storage="d:\actions-runner\_work\xpco\xpco\corporate\videoos.administration.wpfcontrols.unittests\bin\x64\debug\net472\videoos.administration.wpfcontrols.unittests.dll" id="959dc0d4-5cb5-3db0-bb92-0af8715ac40d">
      <Owners>
        <Owner name="ale" />
      </Owners>
      <Execution id="21686720-697f-4d5f-ad92-7de5b0a7055e" />
      <TestMethod codeBase="D:\actions-runner\_work\XPCO\XPCO\Corporate\VideoOS.Administration.WpfControls.UnitTests\bin\x64\Debug\net472\VideoOS.Administration.WpfControls.UnitTests.dll" adapterTypeName="executor://mstestadapter/v2" className="VideoOS.Administration.WpfControls.UnitTests.Wizards.UpdateFirmware.ViewModel.WizardFirmwareUpdateViewModelTest" name="Initialize_NoFixedHardwareSelectionTest" />
    </UnitTest>
    <UnitTest name="ThresholdLevelHeightMultiValueConverter_Threshold2LargerThanThreshold1_Success" storage="d:\actions-runner\_work\xpco\xpco\corporate\videoos.administration.wpfcontrols.unittests\bin\x64\debug\net472\videoos.administration.wpfcontrols.unittests.dll" id="b405b65b-1d65-65c9-b44d-ebe6c78be498">
      <TestCategory>
        <TestCategoryItem TestCategory="SystemMonitorEventThresholds" />
      </TestCategory>
      <Execution id="6ace647b-106a-4b40-8f27-f9531a8627c9" />
      <TestMethod codeBase="D:\actions-runner\_work\XPCO\XPCO\Corporate\VideoOS.Administration.WpfControls.UnitTests\bin\x64\Debug\net472\VideoOS.Administration.WpfControls.UnitTests.dll" adapterTypeName="executor://mstestadapter/v2" className="VideoOS.Administration.WpfControls.UnitTests.SystemMonitorEventThresholds.Converters.ThresholdConverterTests" name="ThresholdLevelHeightMultiValueConverter_Threshold2LargerThanThreshold1_Success" />
    </UnitTest>
    <UnitTest name="CurrentStatus_Update_ClearSelectionTest" storage="d:\actions-runner\_work\xpco\xpco\corporate\videoos.administration.wpfcontrols.unittests\bin\x64\debug\net472\videoos.administration.wpfcontrols.unittests.dll" id="8a6535dc-f240-c831-6f06-7d4751bd0c13">
      <Owners>
        <Owner name="lsk" />
      </Owners>
      <Execution id="5807473b-6c74-4dca-81a7-420d7eb651d1" />
      <TestMethod codeBase="D:\actions-runner\_work\XPCO\XPCO\Corporate\VideoOS.Administration.WpfControls.UnitTests\bin\x64\Debug\net472\VideoOS.Administration.WpfControls.UnitTests.dll" adapterTypeName="executor://mstestadapter/v2" className="VideoOS.Administration.WpfControls.UnitTests.Wizards.MoveHardware.PageViewModelDestinationRecorderSelectionTest" name="CurrentStatus_Update_ClearSelectionTest" />
    </UnitTest>
    <UnitTest name="NavigatingTo_PageStatus_UnsupportedHardwareSelected" storage="d:\actions-runner\_work\xpco\xpco\corporate\videoos.administration.wpfcontrols.unittests\bin\x64\debug\net472\videoos.administration.wpfcontrols.unittests.dll" id="46413213-401e-8b63-cd13-649b8ef181a9">
      <Owners>
        <Owner name="ale" />
      </Owners>
      <Execution id="18abbcfa-f284-4a1f-8116-16ed7e183149" />
      <TestMethod codeBase="D:\actions-runner\_work\XPCO\XPCO\Corporate\VideoOS.Administration.WpfControls.UnitTests\bin\x64\Debug\net472\VideoOS.Administration.WpfControls.UnitTests.dll" adapterTypeName="executor://mstestadapter/v2" className="VideoOS.Administration.WpfControls.UnitTests.Wizards.UpdateFirmware.ViewModel.PageViewModelFirmwareUpdateTest" name="NavigatingTo_PageStatus_UnsupportedHardwareSelected" />
    </UnitTest>
    <UnitTest name="NavigatingTo_PreSelection_NoPreselectionTest" storage="d:\actions-runner\_work\xpco\xpco\corporate\videoos.administration.wpfcontrols.unittests\bin\x64\debug\net472\videoos.administration.wpfcontrols.unittests.dll" id="e8352377-5053-ecad-50ab-7c4805d36856">
      <Owners>
        <Owner name="lsk" />
      </Owners>
      <Execution id="083c6127-7080-4357-8f02-2592326b5218" />
      <TestMethod codeBase="D:\actions-runner\_work\XPCO\XPCO\Corporate\VideoOS.Administration.WpfControls.UnitTests\bin\x64\Debug\net472\VideoOS.Administration.WpfControls.UnitTests.dll" adapterTypeName="executor://mstestadapter/v2" className="VideoOS.Administration.WpfControls.UnitTests.Wizards.MoveHardware.PageViewModelDestinationStorageSelectionTest" name="NavigatingTo_PreSelection_NoPreselectionTest" />
    </UnitTest>
    <UnitTest name="SortBaseCommon_Reverse_ReverseIsNotSameTest" storage="d:\actions-runner\_work\xpco\xpco\corporate\videoos.administration.wpfcontrols.unittests\bin\x64\debug\net472\videoos.administration.wpfcontrols.unittests.dll" id="0173d619-bc73-8a1f-8d91-c6c70807bf53">
      <Owners>
        <Owner name="lsk" />
      </Owners>
      <Execution id="e05ba9b3-9d59-40e7-b055-21578e049306" />
      <TestMethod codeBase="D:\actions-runner\_work\XPCO\XPCO\Corporate\VideoOS.Administration.WpfControls.UnitTests\bin\x64\Debug\net472\VideoOS.Administration.WpfControls.UnitTests.dll" adapterTypeName="executor://mstestadapter/v2" className="VideoOS.Administration.WpfControls.UnitTests.Mvvm.Sort.SimpleSortWithFallbackTest" name="SortBaseCommon_Reverse_ReverseIsNotSameTest" />
    </UnitTest>
    <UnitTest name="NullObjectConvertsToCollapsed" storage="d:\actions-runner\_work\xpco\xpco\corporate\videoos.administration.wpfcontrols.unittests\bin\x64\debug\net472\videoos.administration.wpfcontrols.unittests.dll" id="63f7da69-8862-a50a-b4b5-c960f744aef1">
      <Execution id="8665da3f-af40-4414-b1a4-18139a923ff6" />
      <TestMethod codeBase="D:\actions-runner\_work\XPCO\XPCO\Corporate\VideoOS.Administration.WpfControls.UnitTests\bin\x64\Debug\net472\VideoOS.Administration.WpfControls.UnitTests.dll" adapterTypeName="executor://mstestadapter/v2" className="VideoOS.Administration.WpfControls.UnitTests.HardwareSetupDialog.Converters.NotEmptyStringToVisibilityConverterUnitTests" name="NullObjectConvertsToCollapsed" />
    </UnitTest>
    <UnitTest name="Convert_AllValues" storage="d:\actions-runner\_work\xpco\xpco\corporate\videoos.administration.wpfcontrols.unittests\bin\x64\debug\net472\videoos.administration.wpfcontrols.unittests.dll" id="4bbee128-d1d9-ad2d-c1b2-ad8628a55e29">
      <Execution id="587e8fa4-2c24-4f72-8598-72c9075fb035" />
      <TestMethod codeBase="D:\actions-runner\_work\XPCO\XPCO\Corporate\VideoOS.Administration.WpfControls.UnitTests\bin\x64\Debug\net472\VideoOS.Administration.WpfControls.UnitTests.dll" adapterTypeName="executor://mstestadapter/v2" className="VideoOS.Administration.WpfControls.UnitTests.Wizards.MoveHardware.ValidationErrorToStringValueConverterUnitTests" name="Convert_AllValues" />
    </UnitTest>
    <UnitTest name="Constructor_DataNotChangedDuringConstructionTest" storage="d:\actions-runner\_work\xpco\xpco\corporate\videoos.administration.wpfcontrols.unittests\bin\x64\debug\net472\videoos.administration.wpfcontrols.unittests.dll" id="3eb9a3ff-c5fa-b317-194e-27f209de71a6">
      <Owners>
        <Owner name="lsk" />
      </Owners>
      <Execution id="4694d5ff-667f-4d51-a925-2debfa066f20" />
      <TestMethod codeBase="D:\actions-runner\_work\XPCO\XPCO\Corporate\VideoOS.Administration.WpfControls.UnitTests\bin\x64\Debug\net472\VideoOS.Administration.WpfControls.UnitTests.dll" adapterTypeName="executor://mstestadapter/v2" className="VideoOS.Administration.WpfControls.UnitTests.Wizards.MoveHardware.PageViewModelDestinationRecorderSelectionTest" name="Constructor_DataNotChangedDuringConstructionTest" />
    </UnitTest>
    <UnitTest name="ConvertBack_Throws_NotSupportedException" storage="d:\actions-runner\_work\xpco\xpco\corporate\videoos.administration.wpfcontrols.unittests\bin\x64\debug\net472\videoos.administration.wpfcontrols.unittests.dll" id="7c579d9c-f42d-c44f-2006-2caab40d730a">
      <Execution id="6af4b124-cd9e-4e07-8919-f240ea59c569" />
      <TestMethod codeBase="D:\actions-runner\_work\XPCO\XPCO\Corporate\VideoOS.Administration.WpfControls.UnitTests\bin\x64\Debug\net472\VideoOS.Administration.WpfControls.UnitTests.dll" adapterTypeName="executor://mstestadapter/v2" className="VideoOS.Administration.WpfControls.UnitTests.Mvvm.Converters.ExceptiontoStringConverterUnitTests" name="ConvertBack_Throws_NotSupportedException" />
    </UnitTest>
    <UnitTest name="AllHardwareSelected_Event_NoEventIfValueDoesNotChangeTest" storage="d:\actions-runner\_work\xpco\xpco\corporate\videoos.administration.wpfcontrols.unittests\bin\x64\debug\net472\videoos.administration.wpfcontrols.unittests.dll" id="d1faca8b-15a7-3f79-f193-046b09e11eea">
      <Owners>
        <Owner name="max" />
      </Owners>
      <Execution id="dc0e390f-d13c-469a-86a2-d615ac4c532b" />
      <TestMethod codeBase="D:\actions-runner\_work\XPCO\XPCO\Corporate\VideoOS.Administration.WpfControls.UnitTests\bin\x64\Debug\net472\VideoOS.Administration.WpfControls.UnitTests.dll" adapterTypeName="executor://mstestadapter/v2" className="VideoOS.Administration.WpfControls.UnitTests.Wizards.ChangeHardwarePassword.PageViewModelHardwareSelectionTest" name="AllHardwareSelected_Event_NoEventIfValueDoesNotChangeTest" />
    </UnitTest>
    <UnitTest name="Convert_ToBool_UsageOnly_AvailableNullTest" storage="d:\actions-runner\_work\xpco\xpco\corporate\videoos.administration.wpfcontrols.unittests\bin\x64\debug\net472\videoos.administration.wpfcontrols.unittests.dll" id="605d7948-e173-c277-eb40-a6a556e97352">
      <Owners>
        <Owner name="lsk" />
      </Owners>
      <Execution id="030005a7-aaca-4a8a-ac7f-a1f838d6b6e3" />
      <TestMethod codeBase="D:\actions-runner\_work\XPCO\XPCO\Corporate\VideoOS.Administration.WpfControls.UnitTests\bin\x64\Debug\net472\VideoOS.Administration.WpfControls.UnitTests.dll" adapterTypeName="executor://mstestadapter/v2" className="VideoOS.Administration.WpfControls.UnitTests.Wizards.MoveHardware.UsagePercentageMultiValueConverterTest" name="Convert_ToBool_UsageOnly_AvailableNullTest" />
    </UnitTest>
    <UnitTest name="SelectionChanged_SameSelectedItemsCountTest" storage="d:\actions-runner\_work\xpco\xpco\corporate\videoos.administration.wpfcontrols.unittests\bin\x64\debug\net472\videoos.administration.wpfcontrols.unittests.dll" id="4853e2d1-1b0b-06b5-aee8-6c69312049dd">
      <Owners>
        <Owner name="lsk" />
      </Owners>
      <Execution id="c995e0ca-4589-4c46-b1f2-bb197876e808" />
      <TestMethod codeBase="D:\actions-runner\_work\XPCO\XPCO\Corporate\VideoOS.Administration.WpfControls.UnitTests\bin\x64\Debug\net472\VideoOS.Administration.WpfControls.UnitTests.dll" adapterTypeName="executor://mstestadapter/v2" className="VideoOS.Administration.WpfControls.UnitTests.Wizards.MoveHardware.PageViewModelHardwareSelectionTest" name="SelectionChanged_SameSelectedItemsCountTest" />
    </UnitTest>
    <UnitTest name="NavigatingAway_EmptySelectionTest" storage="d:\actions-runner\_work\xpco\xpco\corporate\videoos.administration.wpfcontrols.unittests\bin\x64\debug\net472\videoos.administration.wpfcontrols.unittests.dll" id="229548e7-c814-7d03-aae9-a82430d60fbc">
      <Owners>
        <Owner name="lsk" />
      </Owners>
      <Execution id="bdab5bc9-223d-4639-aa6c-029b87f2e0e6" />
      <TestMethod codeBase="D:\actions-runner\_work\XPCO\XPCO\Corporate\VideoOS.Administration.WpfControls.UnitTests\bin\x64\Debug\net472\VideoOS.Administration.WpfControls.UnitTests.dll" adapterTypeName="executor://mstestadapter/v2" className="VideoOS.Administration.WpfControls.UnitTests.Wizards.MoveHardware.PageViewModelHardwareSelectionTest" name="NavigatingAway_EmptySelectionTest" />
    </UnitTest>
    <UnitTest name="NavigatingTo_ExceptionHandling_OtherException_PreselectedThrowsTest" storage="d:\actions-runner\_work\xpco\xpco\corporate\videoos.administration.wpfcontrols.unittests\bin\x64\debug\net472\videoos.administration.wpfcontrols.unittests.dll" id="28ead278-d054-6f5e-1c4e-fc95724ed668">
      <Owners>
        <Owner name="lsk" />
      </Owners>
      <Execution id="8460e94b-5951-4f2a-981c-ae54ecca57e2" />
      <TestMethod codeBase="D:\actions-runner\_work\XPCO\XPCO\Corporate\VideoOS.Administration.WpfControls.UnitTests\bin\x64\Debug\net472\VideoOS.Administration.WpfControls.UnitTests.dll" adapterTypeName="executor://mstestadapter/v2" className="VideoOS.Administration.WpfControls.UnitTests.Wizards.MoveHardware.PageViewModelHardwareSelectionTest" name="NavigatingTo_ExceptionHandling_OtherException_PreselectedThrowsTest" />
    </UnitTest>
    <UnitTest name="Convert_ArgumentNullException" storage="d:\actions-runner\_work\xpco\xpco\corporate\videoos.administration.wpfcontrols.unittests\bin\x64\debug\net472\videoos.administration.wpfcontrols.unittests.dll" id="01027ca1-96f8-3e8b-2209-bee3b2d7bb74">
      <Execution id="71f3d04a-e1b4-4f41-a7b7-952b4200b47c" />
      <TestMethod codeBase="D:\actions-runner\_work\XPCO\XPCO\Corporate\VideoOS.Administration.WpfControls.UnitTests\bin\x64\Debug\net472\VideoOS.Administration.WpfControls.UnitTests.dll" adapterTypeName="executor://mstestadapter/v2" className="VideoOS.Administration.WpfControls.UnitTests.Wizards.MoveHardware.ValidationErrorToStringValueConverterUnitTests" name="Convert_ArgumentNullException" />
    </UnitTest>
    <UnitTest name="NavigatingTo_ExceptionHandling_ChangeHardwarePasswordException_FindHardwareThrowsTest" storage="d:\actions-runner\_work\xpco\xpco\corporate\videoos.administration.wpfcontrols.unittests\bin\x64\debug\net472\videoos.administration.wpfcontrols.unittests.dll" id="19fc1d8e-0fae-c0df-a773-d771eb9e1671">
      <Owners>
        <Owner name="max" />
      </Owners>
      <Execution id="d93dc1f3-41cb-4118-96d3-70039a33bdde" />
      <TestMethod codeBase="D:\actions-runner\_work\XPCO\XPCO\Corporate\VideoOS.Administration.WpfControls.UnitTests\bin\x64\Debug\net472\VideoOS.Administration.WpfControls.UnitTests.dll" adapterTypeName="executor://mstestadapter/v2" className="VideoOS.Administration.WpfControls.UnitTests.Wizards.ChangeHardwarePassword.PageViewModelHardwareSelectionTest" name="NavigatingTo_ExceptionHandling_ChangeHardwarePasswordException_FindHardwareThrowsTest" />
    </UnitTest>
    <UnitTest name="Convert_Multiline_Gives_First_Line" storage="d:\actions-runner\_work\xpco\xpco\corporate\videoos.administration.wpfcontrols.unittests\bin\x64\debug\net472\videoos.administration.wpfcontrols.unittests.dll" id="b66c9864-310c-dcd3-b224-50f7e9dd782e">
      <Execution id="4a158b21-5ddb-4bd1-8d28-849a879660bc" />
      <TestMethod codeBase="D:\actions-runner\_work\XPCO\XPCO\Corporate\VideoOS.Administration.WpfControls.UnitTests\bin\x64\Debug\net472\VideoOS.Administration.WpfControls.UnitTests.dll" adapterTypeName="executor://mstestadapter/v2" className="VideoOS.Administration.WpfControls.UnitTests.Wizards.ChangeHardwarePassword.MultilineToSingleLineTextConverterUnitTests" name="Convert_Multiline_Gives_First_Line" />
    </UnitTest>
    <UnitTest name="Convert_Minutes_SecondsOffsetTest" storage="d:\actions-runner\_work\xpco\xpco\corporate\videoos.administration.wpfcontrols.unittests\bin\x64\debug\net472\videoos.administration.wpfcontrols.unittests.dll" id="7c603128-dfd6-390c-be39-435379348f85">
      <Owners>
        <Owner name="lsk" />
      </Owners>
      <Execution id="0e332c55-c15d-4b3b-9b88-ae90e6ba63ac" />
      <TestMethod codeBase="D:\actions-runner\_work\XPCO\XPCO\Corporate\VideoOS.Administration.WpfControls.UnitTests\bin\x64\Debug\net472\VideoOS.Administration.WpfControls.UnitTests.dll" adapterTypeName="executor://mstestadapter/v2" className="VideoOS.Administration.WpfControls.UnitTests.Wizards.MoveHardware.StorageRetentionTimeToStringValueConverterTest" name="Convert_Minutes_SecondsOffsetTest" />
    </UnitTest>
    <UnitTest name="NavigatingTo_AvailableHardware_NoHardwareTest" storage="d:\actions-runner\_work\xpco\xpco\corporate\videoos.administration.wpfcontrols.unittests\bin\x64\debug\net472\videoos.administration.wpfcontrols.unittests.dll" id="8b340717-c352-a13a-c96e-a53b0662954a">
      <Owners>
        <Owner name="lsk" />
      </Owners>
      <Execution id="a577d66f-3477-4ed8-b42a-edc81794796d" />
      <TestMethod codeBase="D:\actions-runner\_work\XPCO\XPCO\Corporate\VideoOS.Administration.WpfControls.UnitTests\bin\x64\Debug\net472\VideoOS.Administration.WpfControls.UnitTests.dll" adapterTypeName="executor://mstestadapter/v2" className="VideoOS.Administration.WpfControls.UnitTests.Wizards.MoveHardware.PageViewModelHardwareSelectionTest" name="NavigatingTo_AvailableHardware_NoHardwareTest" />
    </UnitTest>
    <UnitTest name="NavigatingTo_JobsRunning_HardwareSelected_NavigationNotCancelled" storage="d:\actions-runner\_work\xpco\xpco\corporate\videoos.administration.wpfcontrols.unittests\bin\x64\debug\net472\videoos.administration.wpfcontrols.unittests.dll" id="2dccb759-5680-e08a-9274-63dff2cf722a">
      <Execution id="d26e87d8-1089-480d-9cfb-37e277b7cd40" />
      <TestMethod codeBase="D:\actions-runner\_work\XPCO\XPCO\Corporate\VideoOS.Administration.WpfControls.UnitTests\bin\x64\Debug\net472\VideoOS.Administration.WpfControls.UnitTests.dll" adapterTypeName="executor://mstestadapter/v2" className="VideoOS.Administration.WpfControls.UnitTests.Wizards.MoveHardware.ViewModel.PageViewModelCheckEdgeJobsTest" name="NavigatingTo_JobsRunning_HardwareSelected_NavigationNotCancelled" />
    </UnitTest>
    <UnitTest name="Convert_Negative_MinutesTest" storage="d:\actions-runner\_work\xpco\xpco\corporate\videoos.administration.wpfcontrols.unittests\bin\x64\debug\net472\videoos.administration.wpfcontrols.unittests.dll" id="f4029d68-9184-29c2-3c76-2aababdb9bfe">
      <Owners>
        <Owner name="lsk" />
      </Owners>
      <Execution id="a2d6147d-66e9-4bb9-b4f7-57064a809ea8" />
      <TestMethod codeBase="D:\actions-runner\_work\XPCO\XPCO\Corporate\VideoOS.Administration.WpfControls.UnitTests\bin\x64\Debug\net472\VideoOS.Administration.WpfControls.UnitTests.dll" adapterTypeName="executor://mstestadapter/v2" className="VideoOS.Administration.WpfControls.UnitTests.Wizards.MoveHardware.StorageRetentionTimeToStringValueConverterTest" name="Convert_Negative_MinutesTest" />
    </UnitTest>
    <UnitTest name="Close_PageStateChangedOnAnotherThread_CommandInvalidatedTest" storage="d:\actions-runner\_work\xpco\xpco\corporate\videoos.administration.wpfcontrols.unittests\bin\x64\debug\net472\videoos.administration.wpfcontrols.unittests.dll" id="9f08c521-39d1-10f8-5691-593451357ea4">
      <Owners>
        <Owner name="lsk" />
      </Owners>
      <Execution id="1be3174a-c266-4f61-a979-a72ba2b76a17" />
      <TestMethod codeBase="D:\actions-runner\_work\XPCO\XPCO\Corporate\VideoOS.Administration.WpfControls.UnitTests\bin\x64\Debug\net472\VideoOS.Administration.WpfControls.UnitTests.dll" adapterTypeName="executor://mstestadapter/v2" className="VideoOS.Administration.WpfControls.UnitTests.Wizards.Common.WizardBaseViewModelTest" name="Close_PageStateChangedOnAnotherThread_CommandInvalidatedTest" />
    </UnitTest>
    <UnitTest name="ConvertBack_InvalidOperationException" storage="d:\actions-runner\_work\xpco\xpco\corporate\videoos.administration.wpfcontrols.unittests\bin\x64\debug\net472\videoos.administration.wpfcontrols.unittests.dll" id="f11037d8-2798-0e28-7654-8f48530f6ed7">
      <Execution id="5dadaabf-723d-47a8-9291-d563b9a27a69" />
      <TestMethod codeBase="D:\actions-runner\_work\XPCO\XPCO\Corporate\VideoOS.Administration.WpfControls.UnitTests\bin\x64\Debug\net472\VideoOS.Administration.WpfControls.UnitTests.dll" adapterTypeName="executor://mstestadapter/v2" className="VideoOS.Administration.WpfControls.UnitTests.Wizards.MoveHardware.WarningsToStringConverterTest" name="ConvertBack_InvalidOperationException" />
    </UnitTest>
    <UnitTest name="NextCommand_CanExecute_LastPageValidationTest" storage="d:\actions-runner\_work\xpco\xpco\corporate\videoos.administration.wpfcontrols.unittests\bin\x64\debug\net472\videoos.administration.wpfcontrols.unittests.dll" id="e15a6b7f-58a9-06e9-9227-04160dd0072a">
      <Owners>
        <Owner name="lsk" />
      </Owners>
      <Execution id="f324c60e-50ae-466e-a715-896628f6484d" />
      <TestMethod codeBase="D:\actions-runner\_work\XPCO\XPCO\Corporate\VideoOS.Administration.WpfControls.UnitTests\bin\x64\Debug\net472\VideoOS.Administration.WpfControls.UnitTests.dll" adapterTypeName="executor://mstestadapter/v2" className="VideoOS.Administration.WpfControls.UnitTests.Wizards.Common.WizardBaseViewModelTest" name="NextCommand_CanExecute_LastPageValidationTest" />
    </UnitTest>
    <UnitTest name="NullObjectConvertsToFalse" storage="d:\actions-runner\_work\xpco\xpco\corporate\videoos.administration.wpfcontrols.unittests\bin\x64\debug\net472\videoos.administration.wpfcontrols.unittests.dll" id="df2bad3a-56ae-838b-0da5-cb49bb8547a9">
      <Execution id="ac691644-046c-496f-b853-1d08beccf309" />
      <TestMethod codeBase="D:\actions-runner\_work\XPCO\XPCO\Corporate\VideoOS.Administration.WpfControls.UnitTests\bin\x64\Debug\net472\VideoOS.Administration.WpfControls.UnitTests.dll" adapterTypeName="executor://mstestadapter/v2" className="VideoOS.Administration.WpfControls.UnitTests.HardwareSetupDialog.Converters.NotEmptyStringToBooleanConverterUnitTests" name="NullObjectConvertsToFalse" />
    </UnitTest>
    <UnitTest name="Validate_WithPasswordManualEntry_CorrectPassword" storage="d:\actions-runner\_work\xpco\xpco\corporate\videoos.administration.wpfcontrols.unittests\bin\x64\debug\net472\videoos.administration.wpfcontrols.unittests.dll" id="64ae392c-d25b-86e5-f08e-6ea92ee2e4ec">
      <Owners>
        <Owner name="max" />
      </Owners>
      <Execution id="6e4a3c85-3043-4339-a391-1c485c9c11a3" />
      <TestMethod codeBase="D:\actions-runner\_work\XPCO\XPCO\Corporate\VideoOS.Administration.WpfControls.UnitTests\bin\x64\Debug\net472\VideoOS.Administration.WpfControls.UnitTests.dll" adapterTypeName="executor://mstestadapter/v2" className="VideoOS.Administration.WpfControls.UnitTests.Wizards.ChangeHardwarePassword.PageViewModelChangeHardwarePasswordTest" name="Validate_WithPasswordManualEntry_CorrectPassword" />
    </UnitTest>
    <UnitTest name="Validate_WithPasswordManualEntry_RequiresSymbols_Fails" storage="d:\actions-runner\_work\xpco\xpco\corporate\videoos.administration.wpfcontrols.unittests\bin\x64\debug\net472\videoos.administration.wpfcontrols.unittests.dll" id="23c6e993-c853-ce44-8e4a-a89e65fcb3d7">
      <Owners>
        <Owner name="max" />
      </Owners>
      <Execution id="fe12ac04-9f30-491d-8b2c-aaa9ba5d30a3" />
      <TestMethod codeBase="D:\actions-runner\_work\XPCO\XPCO\Corporate\VideoOS.Administration.WpfControls.UnitTests\bin\x64\Debug\net472\VideoOS.Administration.WpfControls.UnitTests.dll" adapterTypeName="executor://mstestadapter/v2" className="VideoOS.Administration.WpfControls.UnitTests.Wizards.ChangeHardwarePassword.PageViewModelChangeHardwarePasswordTest" name="Validate_WithPasswordManualEntry_RequiresSymbols_Fails" />
    </UnitTest>
    <UnitTest name="CurrentStatus_Update_ClearSelection" storage="d:\actions-runner\_work\xpco\xpco\corporate\videoos.administration.wpfcontrols.unittests\bin\x64\debug\net472\videoos.administration.wpfcontrols.unittests.dll" id="b07e2c88-163a-e164-51e3-4bc2c8820ae4">
      <Owners>
        <Owner name="max" />
      </Owners>
      <Execution id="50a71b32-fe6e-489a-89ba-2f8b07d43652" />
      <TestMethod codeBase="D:\actions-runner\_work\XPCO\XPCO\Corporate\VideoOS.Administration.WpfControls.UnitTests\bin\x64\Debug\net472\VideoOS.Administration.WpfControls.UnitTests.dll" adapterTypeName="executor://mstestadapter/v2" className="VideoOS.Administration.WpfControls.UnitTests.Wizards.ChangeHardwarePassword.PageViewModelChangeHardwarePasswordTest" name="CurrentStatus_Update_ClearSelection" />
    </UnitTest>
    <UnitTest name="NonBooleanArrayMembersAreIgnored" storage="d:\actions-runner\_work\xpco\xpco\corporate\videoos.administration.wpfcontrols.unittests\bin\x64\debug\net472\videoos.administration.wpfcontrols.unittests.dll" id="5819f51d-92fb-05b8-65ae-0180d576a834">
      <Execution id="0432d03e-df92-43d9-abf3-d2b5194ba64b" />
      <TestMethod codeBase="D:\actions-runner\_work\XPCO\XPCO\Corporate\VideoOS.Administration.WpfControls.UnitTests\bin\x64\Debug\net472\VideoOS.Administration.WpfControls.UnitTests.dll" adapterTypeName="executor://mstestadapter/v2" className="VideoOS.Administration.WpfControls.UnitTests.HardwareSetupDialog.Converters.BooleanToVisibilityMultipleConverterUnitTests" name="NonBooleanArrayMembersAreIgnored" />
    </UnitTest>
    <UnitTest name="ConvertBack_InvalidOperationException" storage="d:\actions-runner\_work\xpco\xpco\corporate\videoos.administration.wpfcontrols.unittests\bin\x64\debug\net472\videoos.administration.wpfcontrols.unittests.dll" id="610e2e13-cb2e-f497-7790-aa014fdc1cfe">
      <Execution id="8dd68148-466f-42de-9561-e7a3de6db95f" />
      <TestMethod codeBase="D:\actions-runner\_work\XPCO\XPCO\Corporate\VideoOS.Administration.WpfControls.UnitTests\bin\x64\Debug\net472\VideoOS.Administration.WpfControls.UnitTests.dll" adapterTypeName="executor://mstestadapter/v2" className="VideoOS.Administration.WpfControls.UnitTests.Wizards.ChangeHardwarePassword.StatusToStringValueConverterTest" name="ConvertBack_InvalidOperationException" />
    </UnitTest>
    <UnitTest name="NavigatingTo_AvailableHardware_HardwarePopulatedTest" storage="d:\actions-runner\_work\xpco\xpco\corporate\videoos.administration.wpfcontrols.unittests\bin\x64\debug\net472\videoos.administration.wpfcontrols.unittests.dll" id="1e9a7246-198b-723d-9eec-563c562939e3">
      <Owners>
        <Owner name="max" />
      </Owners>
      <Execution id="055f1d1f-2415-47cb-b8e7-99f50f9e7468" />
      <TestMethod codeBase="D:\actions-runner\_work\XPCO\XPCO\Corporate\VideoOS.Administration.WpfControls.UnitTests\bin\x64\Debug\net472\VideoOS.Administration.WpfControls.UnitTests.dll" adapterTypeName="executor://mstestadapter/v2" className="VideoOS.Administration.WpfControls.UnitTests.Wizards.ChangeHardwarePassword.PageViewModelHardwareSelectionTest" name="NavigatingTo_AvailableHardware_HardwarePopulatedTest" />
    </UnitTest>
    <UnitTest name="Convert_ArgumentNullException" storage="d:\actions-runner\_work\xpco\xpco\corporate\videoos.administration.wpfcontrols.unittests\bin\x64\debug\net472\videoos.administration.wpfcontrols.unittests.dll" id="ea1d8d34-55e3-9368-463c-2538cab81947">
      <Execution id="11f60aa8-afc9-4d8a-9aae-f7c94fdd5e48" />
      <TestMethod codeBase="D:\actions-runner\_work\XPCO\XPCO\Corporate\VideoOS.Administration.WpfControls.UnitTests\bin\x64\Debug\net472\VideoOS.Administration.WpfControls.UnitTests.dll" adapterTypeName="executor://mstestadapter/v2" className="VideoOS.Administration.WpfControls.UnitTests.Wizards.UpdateFirmware.View.Converters.WarningToStringConverterTest" name="Convert_ArgumentNullException" />
    </UnitTest>
    <UnitTest name="InitialFocus_SetEnabled_UIElement_Throws_ArgumentException" storage="d:\actions-runner\_work\xpco\xpco\corporate\videoos.administration.wpfcontrols.unittests\bin\x64\debug\net472\videoos.administration.wpfcontrols.unittests.dll" id="7035ee10-a6b2-ab40-e228-ba32e7450738">
      <Execution id="09e4441d-dbbc-4adf-bff5-112ddbc5f359" />
      <TestMethod codeBase="D:\actions-runner\_work\XPCO\XPCO\Corporate\VideoOS.Administration.WpfControls.UnitTests\bin\x64\Debug\net472\VideoOS.Administration.WpfControls.UnitTests.dll" adapterTypeName="executor://mstestadapter/v2" className="VideoOS.Administration.WpfControls.UnitTests.Mvvm.InitialFocusUnitTest" name="InitialFocus_SetEnabled_UIElement_Throws_ArgumentException" />
    </UnitTest>
    <UnitTest name="SelectedRecorderChanged_ToAllRecorders_RecorderFilterApplies" storage="d:\actions-runner\_work\xpco\xpco\corporate\videoos.administration.wpfcontrols.unittests\bin\x64\debug\net472\videoos.administration.wpfcontrols.unittests.dll" id="0eeaa5f3-b762-18aa-4662-dc326afd77c6">
      <Owners>
        <Owner name="max" />
      </Owners>
      <Execution id="e9b8d8ef-3241-4ecc-a617-e983f99e3595" />
      <TestMethod codeBase="D:\actions-runner\_work\XPCO\XPCO\Corporate\VideoOS.Administration.WpfControls.UnitTests\bin\x64\Debug\net472\VideoOS.Administration.WpfControls.UnitTests.dll" adapterTypeName="executor://mstestadapter/v2" className="VideoOS.Administration.WpfControls.UnitTests.Wizards.ChangeHardwarePassword.PageViewModelHardwareSelectionTest" name="SelectedRecorderChanged_ToAllRecorders_RecorderFilterApplies" />
    </UnitTest>
    <UnitTest name="UpdateSelection_SameCountTest" storage="d:\actions-runner\_work\xpco\xpco\corporate\videoos.administration.wpfcontrols.unittests\bin\x64\debug\net472\videoos.administration.wpfcontrols.unittests.dll" id="0086faaf-80d1-dcee-f6a8-6024fc959c32">
      <Owners>
        <Owner name="max" />
      </Owners>
      <Execution id="1758a25e-31f5-46d6-8e6a-47158f17bf9b" />
      <TestMethod codeBase="D:\actions-runner\_work\XPCO\XPCO\Corporate\VideoOS.Administration.WpfControls.UnitTests\bin\x64\Debug\net472\VideoOS.Administration.WpfControls.UnitTests.dll" adapterTypeName="executor://mstestadapter/v2" className="VideoOS.Administration.WpfControls.UnitTests.Wizards.ChangeHardwarePassword.PageViewModelHardwareSelectionTest" name="UpdateSelection_SameCountTest" />
    </UnitTest>
    <UnitTest name="UpdateSelection_ValidSelectionTest" storage="d:\actions-runner\_work\xpco\xpco\corporate\videoos.administration.wpfcontrols.unittests\bin\x64\debug\net472\videoos.administration.wpfcontrols.unittests.dll" id="035fdee6-71f6-6745-0bb2-260ef5c286b9">
      <Owners>
        <Owner name="lsk" />
      </Owners>
      <Execution id="bd5b1891-551c-49b9-8731-d8b9b844c158" />
      <TestMethod codeBase="D:\actions-runner\_work\XPCO\XPCO\Corporate\VideoOS.Administration.WpfControls.UnitTests\bin\x64\Debug\net472\VideoOS.Administration.WpfControls.UnitTests.dll" adapterTypeName="executor://mstestadapter/v2" className="VideoOS.Administration.WpfControls.UnitTests.Wizards.MoveHardware.PageViewModelHardwareSelectionTest" name="UpdateSelection_ValidSelectionTest" />
    </UnitTest>
    <UnitTest name="CalcuateNewColumnWidths_Empty_Columns_With_Percentage" storage="d:\actions-runner\_work\xpco\xpco\corporate\videoos.administration.wpfcontrols.unittests\bin\x64\debug\net472\videoos.administration.wpfcontrols.unittests.dll" id="720f192f-3a91-fc5a-38dc-37603061fc04">
      <Execution id="ec1accde-1959-4612-b545-959a1d3a0000" />
      <TestMethod codeBase="D:\actions-runner\_work\XPCO\XPCO\Corporate\VideoOS.Administration.WpfControls.UnitTests\bin\x64\Debug\net472\VideoOS.Administration.WpfControls.UnitTests.dll" adapterTypeName="executor://mstestadapter/v2" className="VideoOS.Administration.WpfControls.UnitTests.Mvvm.InitialColumnSizingUnitTests" name="CalcuateNewColumnWidths_Empty_Columns_With_Percentage" />
    </UnitTest>
    <UnitTest name="NonEmptyStringsConvertsToTrue" storage="d:\actions-runner\_work\xpco\xpco\corporate\videoos.administration.wpfcontrols.unittests\bin\x64\debug\net472\videoos.administration.wpfcontrols.unittests.dll" id="cd41b3e5-1b68-5bf4-6b21-391449f362ce">
      <Execution id="64d99cf0-231b-4350-b4cf-a231001cd5dc" />
      <TestMethod codeBase="D:\actions-runner\_work\XPCO\XPCO\Corporate\VideoOS.Administration.WpfControls.UnitTests\bin\x64\Debug\net472\VideoOS.Administration.WpfControls.UnitTests.dll" adapterTypeName="executor://mstestadapter/v2" className="VideoOS.Administration.WpfControls.UnitTests.HardwareSetupDialog.Converters.NotEmptyStringToBooleanConverterUnitTests" name="NonEmptyStringsConvertsToTrue" />
    </UnitTest>
    <UnitTest name="Convert_Parameters_Value_NullTest" storage="d:\actions-runner\_work\xpco\xpco\corporate\videoos.administration.wpfcontrols.unittests\bin\x64\debug\net472\videoos.administration.wpfcontrols.unittests.dll" id="b779b1a6-63cd-8aae-926b-05298ce423dc">
      <Owners>
        <Owner name="lsk" />
      </Owners>
      <Execution id="10a548ba-a982-4b94-9d2f-df7750a2734c" />
      <TestMethod codeBase="D:\actions-runner\_work\XPCO\XPCO\Corporate\VideoOS.Administration.WpfControls.UnitTests\bin\x64\Debug\net472\VideoOS.Administration.WpfControls.UnitTests.dll" adapterTypeName="executor://mstestadapter/v2" className="VideoOS.Administration.WpfControls.UnitTests.Wizards.MoveHardware.StorageRetentionTimeToStringValueConverterTest" name="Convert_Parameters_Value_NullTest" />
    </UnitTest>
    <UnitTest name="NavigatingTo_PageStatus_NoHardwareSelected" storage="d:\actions-runner\_work\xpco\xpco\corporate\videoos.administration.wpfcontrols.unittests\bin\x64\debug\net472\videoos.administration.wpfcontrols.unittests.dll" id="4fc53d11-7560-9109-952f-746fb76e3c3a">
      <Owners>
        <Owner name="ale" />
      </Owners>
      <Execution id="a8844133-16e8-4282-9540-70b748ec15a5" />
      <TestMethod codeBase="D:\actions-runner\_work\XPCO\XPCO\Corporate\VideoOS.Administration.WpfControls.UnitTests\bin\x64\Debug\net472\VideoOS.Administration.WpfControls.UnitTests.dll" adapterTypeName="executor://mstestadapter/v2" className="VideoOS.Administration.WpfControls.UnitTests.Wizards.UpdateFirmware.ViewModel.PageViewModelFirmwareUpdateTest" name="NavigatingTo_PageStatus_NoHardwareSelected" />
    </UnitTest>
    <UnitTest name="Constructor_HandlerNullTest" storage="d:\actions-runner\_work\xpco\xpco\corporate\videoos.administration.wpfcontrols.unittests\bin\x64\debug\net472\videoos.administration.wpfcontrols.unittests.dll" id="93930c38-bad3-e886-0efe-52170415fbb6">
      <Owners>
        <Owner name="lsk" />
      </Owners>
      <Execution id="015df979-47b6-460e-973a-7554b802e243" />
      <TestMethod codeBase="D:\actions-runner\_work\XPCO\XPCO\Corporate\VideoOS.Administration.WpfControls.UnitTests\bin\x64\Debug\net472\VideoOS.Administration.WpfControls.UnitTests.dll" adapterTypeName="executor://mstestadapter/v2" className="VideoOS.Administration.WpfControls.UnitTests.Wizards.MoveHardware.WizardViewModelTest" name="Constructor_HandlerNullTest" />
    </UnitTest>
    <UnitTest name="CurrentStatus_Event_ClearSelection" storage="d:\actions-runner\_work\xpco\xpco\corporate\videoos.administration.wpfcontrols.unittests\bin\x64\debug\net472\videoos.administration.wpfcontrols.unittests.dll" id="5899a75c-5291-1924-069c-47253700398b">
      <Owners>
        <Owner name="max" />
      </Owners>
      <Execution id="0a44ac1c-150c-4eab-b84a-f7b2d19fb3df" />
      <TestMethod codeBase="D:\actions-runner\_work\XPCO\XPCO\Corporate\VideoOS.Administration.WpfControls.UnitTests\bin\x64\Debug\net472\VideoOS.Administration.WpfControls.UnitTests.dll" adapterTypeName="executor://mstestadapter/v2" className="VideoOS.Administration.WpfControls.UnitTests.Wizards.ChangeHardwarePassword.PageViewModelChangeHardwarePasswordTest" name="CurrentStatus_Event_ClearSelection" />
    </UnitTest>
    <UnitTest name="ConvertBack_InvalidOperationException" storage="d:\actions-runner\_work\xpco\xpco\corporate\videoos.administration.wpfcontrols.unittests\bin\x64\debug\net472\videoos.administration.wpfcontrols.unittests.dll" id="11fad197-dc15-5e94-2f41-67645523b002">
      <Execution id="a0ead0e0-8e3b-4eb8-98cd-c9bd4ac5c28b" />
      <TestMethod codeBase="D:\actions-runner\_work\XPCO\XPCO\Corporate\VideoOS.Administration.WpfControls.UnitTests\bin\x64\Debug\net472\VideoOS.Administration.WpfControls.UnitTests.dll" adapterTypeName="executor://mstestadapter/v2" className="VideoOS.Administration.WpfControls.UnitTests.Wizards.UpdateFirmware.View.Converters.PreValidationErrorToStringValueConverterTest" name="ConvertBack_InvalidOperationException" />
    </UnitTest>
    <UnitTest name="Convert_IsNullOrWhiteSpace_WhiteSpace_Input_Returns_TrueResult" storage="d:\actions-runner\_work\xpco\xpco\corporate\videoos.administration.wpfcontrols.unittests\bin\x64\debug\net472\videoos.administration.wpfcontrols.unittests.dll" id="aadd126e-6c36-f9f6-1958-d58539ae90a0">
      <Execution id="73f2ef70-c4a1-4f7f-9630-b6683a92b8cd" />
      <TestMethod codeBase="D:\actions-runner\_work\XPCO\XPCO\Corporate\VideoOS.Administration.WpfControls.UnitTests\bin\x64\Debug\net472\VideoOS.Administration.WpfControls.UnitTests.dll" adapterTypeName="executor://mstestadapter/v2" className="VideoOS.Administration.WpfControls.UnitTests.Mvvm.Converters.StringMethodResultConverterUnitTests" name="Convert_IsNullOrWhiteSpace_WhiteSpace_Input_Returns_TrueResult" />
    </UnitTest>
    <UnitTest name="ScaleThresholdSliderViewModel_Success" storage="d:\actions-runner\_work\xpco\xpco\corporate\videoos.administration.wpfcontrols.unittests\bin\x64\debug\net472\videoos.administration.wpfcontrols.unittests.dll" id="ac5cc692-0a65-7039-ce1a-dce297a3350d">
      <TestCategory>
        <TestCategoryItem TestCategory="SystemMonitorEventThresholds" />
      </TestCategory>
      <Execution id="b0ec3cc7-faf0-4d1f-8b7b-ee902842977d" />
      <TestMethod codeBase="D:\actions-runner\_work\XPCO\XPCO\Corporate\VideoOS.Administration.WpfControls.UnitTests\bin\x64\Debug\net472\VideoOS.Administration.WpfControls.UnitTests.dll" adapterTypeName="executor://mstestadapter/v2" className="VideoOS.Administration.WpfControls.UnitTests.SystemMonitorEventThresholds.ViewModel.Slider.ScaleThresholdSliderViewModelTests" name="ScaleThresholdSliderViewModel_Success" />
    </UnitTest>
    <UnitTest name="SortBaseCommon_IsEquivalentOf_SortDescriptionCollection_ValidListTest" storage="d:\actions-runner\_work\xpco\xpco\corporate\videoos.administration.wpfcontrols.unittests\bin\x64\debug\net472\videoos.administration.wpfcontrols.unittests.dll" id="d6db684e-d87e-3589-c232-3c63501d00ec">
      <Owners>
        <Owner name="lsk" />
      </Owners>
      <Execution id="269454e6-58e6-4b41-9cd8-1ea1a8f5cf1b" />
      <TestMethod codeBase="D:\actions-runner\_work\XPCO\XPCO\Corporate\VideoOS.Administration.WpfControls.UnitTests\bin\x64\Debug\net472\VideoOS.Administration.WpfControls.UnitTests.dll" adapterTypeName="executor://mstestadapter/v2" className="VideoOS.Administration.WpfControls.UnitTests.Mvvm.Sort.SimpleSortWithFallbackTest" name="SortBaseCommon_IsEquivalentOf_SortDescriptionCollection_ValidListTest" />
    </UnitTest>
    <UnitTest name="SortEquality_ConvertBack" storage="d:\actions-runner\_work\xpco\xpco\corporate\videoos.administration.wpfcontrols.unittests\bin\x64\debug\net472\videoos.administration.wpfcontrols.unittests.dll" id="ad798c80-0326-7386-6f9b-cfc5287f2395">
      <Execution id="eb64e748-4ecd-4815-bcba-67196b7f8dcb" />
      <TestMethod codeBase="D:\actions-runner\_work\XPCO\XPCO\Corporate\VideoOS.Administration.WpfControls.UnitTests\bin\x64\Debug\net472\VideoOS.Administration.WpfControls.UnitTests.dll" adapterTypeName="executor://mstestadapter/v2" className="VideoOS.Administration.WpfControls.UnitTests.Wizards.Common.TwoSortsToSortEqualityMultiValueConverterTest" name="SortEquality_ConvertBack" />
    </UnitTest>
    <UnitTest name="VmoAccess_SuppressedExceptionNotInList_PopupIsDisplayedOnException" storage="d:\actions-runner\_work\xpco\xpco\corporate\videoos.administration.wpfcontrols.unittests\bin\x64\debug\net472\videoos.administration.wpfcontrols.unittests.dll" id="36cfdd09-2c70-3b5c-1110-4438792c1a1a">
      <Execution id="7702507d-b097-4d26-b160-504734ee1fed" />
      <TestMethod codeBase="D:\actions-runner\_work\XPCO\XPCO\Corporate\VideoOS.Administration.WpfControls.UnitTests\bin\x64\Debug\net472\VideoOS.Administration.WpfControls.UnitTests.dll" adapterTypeName="executor://mstestadapter/v2" className="VideoOS.Administration.WpfControls.UnitTests.SystemMonitorEventThresholds.HandledVmoAccessTests" name="VmoAccess_SuppressedExceptionNotInList_PopupIsDisplayedOnException" />
    </UnitTest>
    <UnitTest name="Convert_Seconds_UnderHalfMinuteTest" storage="d:\actions-runner\_work\xpco\xpco\corporate\videoos.administration.wpfcontrols.unittests\bin\x64\debug\net472\videoos.administration.wpfcontrols.unittests.dll" id="6ea80318-fd3e-d3fc-a30a-e658c3723b3e">
      <Owners>
        <Owner name="lsk" />
      </Owners>
      <Execution id="5c365e4a-8d7e-4597-8759-1b50da43c33e" />
      <TestMethod codeBase="D:\actions-runner\_work\XPCO\XPCO\Corporate\VideoOS.Administration.WpfControls.UnitTests\bin\x64\Debug\net472\VideoOS.Administration.WpfControls.UnitTests.dll" adapterTypeName="executor://mstestadapter/v2" className="VideoOS.Administration.WpfControls.UnitTests.Wizards.MoveHardware.StorageRetentionTimeToStringValueConverterTest" name="Convert_Seconds_UnderHalfMinuteTest" />
    </UnitTest>
    <UnitTest name="MismatchedStatusesAreCollapsedTest" storage="d:\actions-runner\_work\xpco\xpco\corporate\videoos.administration.wpfcontrols.unittests\bin\x64\debug\net472\videoos.administration.wpfcontrols.unittests.dll" id="e859f721-10a9-8113-54af-77af4f6b127c">
      <Execution id="36bf02b6-4c22-4769-bcf9-41839ba43a51" />
      <TestMethod codeBase="D:\actions-runner\_work\XPCO\XPCO\Corporate\VideoOS.Administration.WpfControls.UnitTests\bin\x64\Debug\net472\VideoOS.Administration.WpfControls.UnitTests.dll" adapterTypeName="executor://mstestadapter/v2" className="VideoOS.Administration.WpfControls.UnitTests.HardwareSetupDialog.Converters.StatusToVisibilityConverterUnitTests" name="MismatchedStatusesAreCollapsedTest" />
    </UnitTest>
    <UnitTest name="Convert_Minutes_PluralTest" storage="d:\actions-runner\_work\xpco\xpco\corporate\videoos.administration.wpfcontrols.unittests\bin\x64\debug\net472\videoos.administration.wpfcontrols.unittests.dll" id="c04a71ea-5f42-8d5c-a3ca-07d412dfde21">
      <Owners>
        <Owner name="lsk" />
      </Owners>
      <Execution id="65f110d2-f230-4bb3-b674-cfeafa22e046" />
      <TestMethod codeBase="D:\actions-runner\_work\XPCO\XPCO\Corporate\VideoOS.Administration.WpfControls.UnitTests\bin\x64\Debug\net472\VideoOS.Administration.WpfControls.UnitTests.dll" adapterTypeName="executor://mstestadapter/v2" className="VideoOS.Administration.WpfControls.UnitTests.Wizards.MoveHardware.StorageRetentionTimeToStringValueConverterTest" name="Convert_Minutes_PluralTest" />
    </UnitTest>
    <UnitTest name="SortBaseCommon_SortDescriptions_Test" storage="d:\actions-runner\_work\xpco\xpco\corporate\videoos.administration.wpfcontrols.unittests\bin\x64\debug\net472\videoos.administration.wpfcontrols.unittests.dll" id="56ce6859-3fc6-36c5-7ef0-37f8a01cb715">
      <Owners>
        <Owner name="lsk" />
      </Owners>
      <Execution id="85e60340-170d-4cf3-bd5e-7af8492cdc85" />
      <TestMethod codeBase="D:\actions-runner\_work\XPCO\XPCO\Corporate\VideoOS.Administration.WpfControls.UnitTests\bin\x64\Debug\net472\VideoOS.Administration.WpfControls.UnitTests.dll" adapterTypeName="executor://mstestadapter/v2" className="VideoOS.Administration.WpfControls.UnitTests.Mvvm.Sort.SimpleSortTest" name="SortBaseCommon_SortDescriptions_Test" />
    </UnitTest>
    <UnitTest name="NavigatingTo_ExceptionHandling_MoveHardwareException_FindRecordersThrowsTest" storage="d:\actions-runner\_work\xpco\xpco\corporate\videoos.administration.wpfcontrols.unittests\bin\x64\debug\net472\videoos.administration.wpfcontrols.unittests.dll" id="0064c701-aef5-89d0-d48a-0c3f33352c4f">
      <Owners>
        <Owner name="lsk" />
      </Owners>
      <Execution id="507de2bb-5540-467b-86d3-d9a4dd6ac836" />
      <TestMethod codeBase="D:\actions-runner\_work\XPCO\XPCO\Corporate\VideoOS.Administration.WpfControls.UnitTests\bin\x64\Debug\net472\VideoOS.Administration.WpfControls.UnitTests.dll" adapterTypeName="executor://mstestadapter/v2" className="VideoOS.Administration.WpfControls.UnitTests.Wizards.MoveHardware.PageViewModelDestinationRecorderSelectionTest" name="NavigatingTo_ExceptionHandling_MoveHardwareException_FindRecordersThrowsTest" />
    </UnitTest>
    <UnitTest name="NavigatingTo_AvailableRecorders_RecordersPopulatedTest" storage="d:\actions-runner\_work\xpco\xpco\corporate\videoos.administration.wpfcontrols.unittests\bin\x64\debug\net472\videoos.administration.wpfcontrols.unittests.dll" id="1a1ec069-9b14-81bb-b802-1d035f3ee5a3">
      <Owners>
        <Owner name="lsk" />
      </Owners>
      <Execution id="874abef2-bd3d-4a48-9fba-9bb21e1f3222" />
      <TestMethod codeBase="D:\actions-runner\_work\XPCO\XPCO\Corporate\VideoOS.Administration.WpfControls.UnitTests\bin\x64\Debug\net472\VideoOS.Administration.WpfControls.UnitTests.dll" adapterTypeName="executor://mstestadapter/v2" className="VideoOS.Administration.WpfControls.UnitTests.Wizards.MoveHardware.PageViewModelDestinationRecorderSelectionTest" name="NavigatingTo_AvailableRecorders_RecordersPopulatedTest" />
    </UnitTest>
    <UnitTest name="Convert_ToValue_BothInvalidTest" storage="d:\actions-runner\_work\xpco\xpco\corporate\videoos.administration.wpfcontrols.unittests\bin\x64\debug\net472\videoos.administration.wpfcontrols.unittests.dll" id="8639adb5-e9b4-95d1-ea53-e634bd00f617">
      <Owners>
        <Owner name="lsk" />
      </Owners>
      <Execution id="9385f547-38e5-4a4e-b214-0cbe03ddacc0" />
      <TestMethod codeBase="D:\actions-runner\_work\XPCO\XPCO\Corporate\VideoOS.Administration.WpfControls.UnitTests\bin\x64\Debug\net472\VideoOS.Administration.WpfControls.UnitTests.dll" adapterTypeName="executor://mstestadapter/v2" className="VideoOS.Administration.WpfControls.UnitTests.Wizards.MoveHardware.UsagePercentageMultiValueConverterTest" name="Convert_ToValue_BothInvalidTest" />
    </UnitTest>
    <UnitTest name="SelectionChanged_UnsubscribeTest" storage="d:\actions-runner\_work\xpco\xpco\corporate\videoos.administration.wpfcontrols.unittests\bin\x64\debug\net472\videoos.administration.wpfcontrols.unittests.dll" id="f6c45a9d-919b-4033-0576-89eef5a0f5f4">
      <Owners>
        <Owner name="max" />
      </Owners>
      <Execution id="2c69a1fd-7f61-45e2-94a6-dfb1093622ad" />
      <TestMethod codeBase="D:\actions-runner\_work\XPCO\XPCO\Corporate\VideoOS.Administration.WpfControls.UnitTests\bin\x64\Debug\net472\VideoOS.Administration.WpfControls.UnitTests.dll" adapterTypeName="executor://mstestadapter/v2" className="VideoOS.Administration.WpfControls.UnitTests.Wizards.ChangeHardwarePassword.PageViewModelHardwareSelectionTest" name="SelectionChanged_UnsubscribeTest" />
    </UnitTest>
    <UnitTest name="SortBaseCommon_Equality_SortBase_OtherClassTest" storage="d:\actions-runner\_work\xpco\xpco\corporate\videoos.administration.wpfcontrols.unittests\bin\x64\debug\net472\videoos.administration.wpfcontrols.unittests.dll" id="199b70f1-156a-9b54-8fca-de06eb7d9c93">
      <Owners>
        <Owner name="lsk" />
      </Owners>
      <Execution id="adba1c7c-d22a-4b60-868e-0a0add4a6d75" />
      <TestMethod codeBase="D:\actions-runner\_work\XPCO\XPCO\Corporate\VideoOS.Administration.WpfControls.UnitTests\bin\x64\Debug\net472\VideoOS.Administration.WpfControls.UnitTests.dll" adapterTypeName="executor://mstestadapter/v2" className="VideoOS.Administration.WpfControls.UnitTests.Mvvm.Sort.SimpleSortTest" name="SortBaseCommon_Equality_SortBase_OtherClassTest" />
    </UnitTest>
    <UnitTest name="AdvancedThresholdConfigurationViewModel_Contruction" storage="d:\actions-runner\_work\xpco\xpco\corporate\videoos.administration.wpfcontrols.unittests\bin\x64\debug\net472\videoos.administration.wpfcontrols.unittests.dll" id="5b536f33-2046-4353-15a8-da007dd02f12">
      <TestCategory>
        <TestCategoryItem TestCategory="SystemMonitorEventThresholds" />
      </TestCategory>
      <Execution id="37850d3b-472d-4e80-bdda-e0014bc83a6a" />
      <TestMethod codeBase="D:\actions-runner\_work\XPCO\XPCO\Corporate\VideoOS.Administration.WpfControls.UnitTests\bin\x64\Debug\net472\VideoOS.Administration.WpfControls.UnitTests.dll" adapterTypeName="executor://mstestadapter/v2" className="VideoOS.Administration.WpfControls.UnitTests.SystemMonitorEventThresholds.ViewModel.AdvancedThreshold.AdvancedThresholdConfigurationViewModelTests" name="AdvancedThresholdConfigurationViewModel_Contruction" />
    </UnitTest>
    <UnitTest name="Convert_Error_ValuesTooLongTest" storage="d:\actions-runner\_work\xpco\xpco\corporate\videoos.administration.wpfcontrols.unittests\bin\x64\debug\net472\videoos.administration.wpfcontrols.unittests.dll" id="6a635bdb-3df5-a31a-8c39-614196c92c89">
      <Owners>
        <Owner name="lsk" />
      </Owners>
      <Execution id="b262a116-4db8-427f-bba8-80352bfe6b52" />
      <TestMethod codeBase="D:\actions-runner\_work\XPCO\XPCO\Corporate\VideoOS.Administration.WpfControls.UnitTests\bin\x64\Debug\net472\VideoOS.Administration.WpfControls.UnitTests.dll" adapterTypeName="executor://mstestadapter/v2" className="VideoOS.Administration.WpfControls.UnitTests.Wizards.MoveHardware.StorageUsageSummaryMultiValueConverterTest" name="Convert_Error_ValuesTooLongTest" />
    </UnitTest>
    <UnitTest name="ScheduleNextRun_RaisesEventOnSiteWorking_AfterWaitingForTimeout_Success" storage="d:\actions-runner\_work\xpco\xpco\corporate\videoos.administration.wpfcontrols.unittests\bin\x64\debug\net472\videoos.administration.wpfcontrols.unittests.dll" id="05d19196-f04d-8df2-0524-7023f4538770">
      <TestCategory>
        <TestCategoryItem TestCategory="VideoOS Administration" />
      </TestCategory>
      <Execution id="c714c69d-6f07-4efa-8235-ccccc279f860" />
      <TestMethod codeBase="D:\actions-runner\_work\XPCO\XPCO\Corporate\VideoOS.Administration.WpfControls.UnitTests\bin\x64\Debug\net472\VideoOS.Administration.WpfControls.UnitTests.dll" adapterTypeName="executor://mstestadapter/v2" className="VideoOS.Administration.WpfControls.UnitTests.Login.ExternalProviderInfoThreadTests" name="ScheduleNextRun_RaisesEventOnSiteWorking_AfterWaitingForTimeout_Success" />
    </UnitTest>
    <UnitTest name="Construct_InvalidParam_UriHandler_Throws_ArgumentNullException" storage="d:\actions-runner\_work\xpco\xpco\corporate\videoos.administration.wpfcontrols.unittests\bin\x64\debug\net472\videoos.administration.wpfcontrols.unittests.dll" id="52661f27-794b-810e-ca1b-9e59313c8174">
      <TestCategory>
        <TestCategoryItem TestCategory="VideoOS Administration" />
      </TestCategory>
      <Execution id="f0cd22af-047f-44ae-be8c-b6c8866aa687" />
      <TestMethod codeBase="D:\actions-runner\_work\XPCO\XPCO\Corporate\VideoOS.Administration.WpfControls.UnitTests\bin\x64\Debug\net472\VideoOS.Administration.WpfControls.UnitTests.dll" adapterTypeName="executor://mstestadapter/v2" className="VideoOS.Administration.WpfControls.UnitTests.Login.ChangePasswordThreadTests" name="Construct_InvalidParam_UriHandler_Throws_ArgumentNullException" />
    </UnitTest>
    <UnitTest name="Convert_Parameters_Culture_NullTest" storage="d:\actions-runner\_work\xpco\xpco\corporate\videoos.administration.wpfcontrols.unittests\bin\x64\debug\net472\videoos.administration.wpfcontrols.unittests.dll" id="715c3fb5-e8c4-f4e7-60d5-661edd5e9ff2">
      <Owners>
        <Owner name="lsk" />
      </Owners>
      <Execution id="9eb7ce63-7bd0-41f0-8f20-9664409e4072" />
      <TestMethod codeBase="D:\actions-runner\_work\XPCO\XPCO\Corporate\VideoOS.Administration.WpfControls.UnitTests\bin\x64\Debug\net472\VideoOS.Administration.WpfControls.UnitTests.dll" adapterTypeName="executor://mstestadapter/v2" className="VideoOS.Administration.WpfControls.UnitTests.Wizards.MoveHardware.StorageRetentionTimeToStringValueConverterTest" name="Convert_Parameters_Culture_NullTest" />
    </UnitTest>
    <UnitTest name="NavigatingTo_CheckPreselectedHardwareAvailable_False_NavigationNotCancelled" storage="d:\actions-runner\_work\xpco\xpco\corporate\videoos.administration.wpfcontrols.unittests\bin\x64\debug\net472\videoos.administration.wpfcontrols.unittests.dll" id="4297edd0-ea25-2c93-5896-2a1a6adde731">
      <Execution id="5bae1b32-b2d1-44ac-b349-b7d3a68eef62" />
      <TestMethod codeBase="D:\actions-runner\_work\XPCO\XPCO\Corporate\VideoOS.Administration.WpfControls.UnitTests\bin\x64\Debug\net472\VideoOS.Administration.WpfControls.UnitTests.dll" adapterTypeName="executor://mstestadapter/v2" className="VideoOS.Administration.WpfControls.UnitTests.Wizards.UpdateFirmware.ViewModel.PageViewModelFirmwareUpdatePreValidationTest" name="NavigatingTo_CheckPreselectedHardwareAvailable_False_NavigationNotCancelled" />
    </UnitTest>
    <UnitTest name="HandledVmoAccessTests_PermissionCheckerHasPermissionUnknownPermissionType" storage="d:\actions-runner\_work\xpco\xpco\corporate\videoos.administration.wpfcontrols.unittests\bin\x64\debug\net472\videoos.administration.wpfcontrols.unittests.dll" id="aa257481-7107-af51-2127-9f782d0ea362">
      <Execution id="3ad53258-a32d-4488-beac-b80f78db36b5" />
      <TestMethod codeBase="D:\actions-runner\_work\XPCO\XPCO\Corporate\VideoOS.Administration.WpfControls.UnitTests\bin\x64\Debug\net472\VideoOS.Administration.WpfControls.UnitTests.dll" adapterTypeName="executor://mstestadapter/v2" className="VideoOS.Administration.WpfControls.UnitTests.SystemMonitorEventThresholds.HandledVmoAccessTests" name="HandledVmoAccessTests_PermissionCheckerHasPermissionUnknownPermissionType" />
    </UnitTest>
    <UnitTest name="ConvertNonMatchingTypeThrows" storage="d:\actions-runner\_work\xpco\xpco\corporate\videoos.administration.wpfcontrols.unittests\bin\x64\debug\net472\videoos.administration.wpfcontrols.unittests.dll" id="8d1690cd-845e-c64a-906e-0495db86469d">
      <Execution id="60818632-047c-4758-82c0-be180514f78b" />
      <TestMethod codeBase="D:\actions-runner\_work\XPCO\XPCO\Corporate\VideoOS.Administration.WpfControls.UnitTests\bin\x64\Debug\net472\VideoOS.Administration.WpfControls.UnitTests.dll" adapterTypeName="executor://mstestadapter/v2" className="VideoOS.Administration.WpfControls.UnitTests.HardwareSetupDialog.Converters.EmptyStringToVisibilityConverterUnitTests" name="ConvertNonMatchingTypeThrows" />
    </UnitTest>
    <UnitTest name="SortBaseCommon_GetHashCode_SameInstanceTest" storage="d:\actions-runner\_work\xpco\xpco\corporate\videoos.administration.wpfcontrols.unittests\bin\x64\debug\net472\videoos.administration.wpfcontrols.unittests.dll" id="330a6592-9d67-3ad1-4438-fa0fdc79e747">
      <Owners>
        <Owner name="lsk" />
      </Owners>
      <Execution id="d373aeaa-72fd-4ee2-9c34-bd589549a1e4" />
      <TestMethod codeBase="D:\actions-runner\_work\XPCO\XPCO\Corporate\VideoOS.Administration.WpfControls.UnitTests\bin\x64\Debug\net472\VideoOS.Administration.WpfControls.UnitTests.dll" adapterTypeName="executor://mstestadapter/v2" className="VideoOS.Administration.WpfControls.UnitTests.Mvvm.Sort.SimpleSortTest" name="SortBaseCommon_GetHashCode_SameInstanceTest" />
    </UnitTest>
    <UnitTest name="AllHardwareSelected_Event_ToAllSelectedTest" storage="d:\actions-runner\_work\xpco\xpco\corporate\videoos.administration.wpfcontrols.unittests\bin\x64\debug\net472\videoos.administration.wpfcontrols.unittests.dll" id="bbab526a-2997-fda8-ef27-7976db3b3548">
      <Owners>
        <Owner name="max" />
      </Owners>
      <Execution id="dfdd0b40-44cb-4f5c-8749-7aaee196c48c" />
      <TestMethod codeBase="D:\actions-runner\_work\XPCO\XPCO\Corporate\VideoOS.Administration.WpfControls.UnitTests\bin\x64\Debug\net472\VideoOS.Administration.WpfControls.UnitTests.dll" adapterTypeName="executor://mstestadapter/v2" className="VideoOS.Administration.WpfControls.UnitTests.Wizards.ChangeHardwarePassword.PageViewModelHardwareSelectionTest" name="AllHardwareSelected_Event_ToAllSelectedTest" />
    </UnitTest>
    <UnitTest name="Convert_Null_Input_Throws_ArgumentNullException" storage="d:\actions-runner\_work\xpco\xpco\corporate\videoos.administration.wpfcontrols.unittests\bin\x64\debug\net472\videoos.administration.wpfcontrols.unittests.dll" id="27640dd7-cec7-e8a0-420e-6a7df2a9f742">
      <Execution id="4536b906-2bb7-4008-afa6-f790eadabc54" />
      <TestMethod codeBase="D:\actions-runner\_work\XPCO\XPCO\Corporate\VideoOS.Administration.WpfControls.UnitTests\bin\x64\Debug\net472\VideoOS.Administration.WpfControls.UnitTests.dll" adapterTypeName="executor://mstestadapter/v2" className="VideoOS.Administration.WpfControls.UnitTests.Wizards.ChangeHardwarePassword.MultilineToSingleLineTextConverterUnitTests" name="Convert_Null_Input_Throws_ArgumentNullException" />
    </UnitTest>
    <UnitTest name="Constructor_DataNotChangedDuringConstructionTest" storage="d:\actions-runner\_work\xpco\xpco\corporate\videoos.administration.wpfcontrols.unittests\bin\x64\debug\net472\videoos.administration.wpfcontrols.unittests.dll" id="75fe98fc-516d-22c1-693a-fc7afe43a666">
      <Owners>
        <Owner name="max" />
      </Owners>
      <Execution id="72db60ba-a54b-416e-92cb-3d8d16a36e7b" />
      <TestMethod codeBase="D:\actions-runner\_work\XPCO\XPCO\Corporate\VideoOS.Administration.WpfControls.UnitTests\bin\x64\Debug\net472\VideoOS.Administration.WpfControls.UnitTests.dll" adapterTypeName="executor://mstestadapter/v2" className="VideoOS.Administration.WpfControls.UnitTests.Wizards.ChangeHardwarePassword.PageViewModelHardwareSelectionTest" name="Constructor_DataNotChangedDuringConstructionTest" />
    </UnitTest>
    <UnitTest name="ConvertBack_InvalidOperationTest" storage="d:\actions-runner\_work\xpco\xpco\corporate\videoos.administration.wpfcontrols.unittests\bin\x64\debug\net472\videoos.administration.wpfcontrols.unittests.dll" id="af068063-1e36-aadb-516f-c956a5b2eb3a">
      <Owners>
        <Owner name="lsk" />
      </Owners>
      <Execution id="3e537828-8319-48aa-8a8c-55e65a466376" />
      <TestMethod codeBase="D:\actions-runner\_work\XPCO\XPCO\Corporate\VideoOS.Administration.WpfControls.UnitTests\bin\x64\Debug\net472\VideoOS.Administration.WpfControls.UnitTests.dll" adapterTypeName="executor://mstestadapter/v2" className="VideoOS.Administration.WpfControls.UnitTests.Wizards.MoveHardware.StorageRetentionTimeToStringValueConverterTest" name="ConvertBack_InvalidOperationTest" />
    </UnitTest>
    <UnitTest name="PreviousCommand_CanExecute_PageValidTest" storage="d:\actions-runner\_work\xpco\xpco\corporate\videoos.administration.wpfcontrols.unittests\bin\x64\debug\net472\videoos.administration.wpfcontrols.unittests.dll" id="5dd5edd7-3345-9904-745a-e934358e427e">
      <Owners>
        <Owner name="lsk" />
      </Owners>
      <Execution id="30cfa5fd-8f52-4091-828d-f3b4b241b484" />
      <TestMethod codeBase="D:\actions-runner\_work\XPCO\XPCO\Corporate\VideoOS.Administration.WpfControls.UnitTests\bin\x64\Debug\net472\VideoOS.Administration.WpfControls.UnitTests.dll" adapterTypeName="executor://mstestadapter/v2" className="VideoOS.Administration.WpfControls.UnitTests.Wizards.Common.WizardBaseViewModelTest" name="PreviousCommand_CanExecute_PageValidTest" />
    </UnitTest>
    <UnitTest name="Constructor_NullDataTest" storage="d:\actions-runner\_work\xpco\xpco\corporate\videoos.administration.wpfcontrols.unittests\bin\x64\debug\net472\videoos.administration.wpfcontrols.unittests.dll" id="6a97428c-8eb0-bb31-623f-f4be79763f79">
      <Execution id="0a87366f-e1e2-44c4-8321-aee869d99d40" />
      <TestMethod codeBase="D:\actions-runner\_work\XPCO\XPCO\Corporate\VideoOS.Administration.WpfControls.UnitTests\bin\x64\Debug\net472\VideoOS.Administration.WpfControls.UnitTests.dll" adapterTypeName="executor://mstestadapter/v2" className="VideoOS.Administration.WpfControls.UnitTests.Wizards.UpdateFirmware.ViewModel.PageViewModelFirmwareUpdatePreValidationTest" name="Constructor_NullDataTest" />
    </UnitTest>
    <UnitTest name="Convert_OneWarning" storage="d:\actions-runner\_work\xpco\xpco\corporate\videoos.administration.wpfcontrols.unittests\bin\x64\debug\net472\videoos.administration.wpfcontrols.unittests.dll" id="0eb75c3b-8e8a-4e39-9512-fb3daf4d64f9">
      <Execution id="dfed2ab6-3f88-4fff-abfa-3ad9308d8de2" />
      <TestMethod codeBase="D:\actions-runner\_work\XPCO\XPCO\Corporate\VideoOS.Administration.WpfControls.UnitTests\bin\x64\Debug\net472\VideoOS.Administration.WpfControls.UnitTests.dll" adapterTypeName="executor://mstestadapter/v2" className="VideoOS.Administration.WpfControls.UnitTests.Wizards.ChangeHardwarePassword.WarningsToStringConverterTest" name="Convert_OneWarning" />
    </UnitTest>
    <UnitTest name="SetSelectedAuthenticationInfo_PutsCurrentUserName_OnWindowsUser" storage="d:\actions-runner\_work\xpco\xpco\corporate\videoos.administration.wpfcontrols.unittests\bin\x64\debug\net472\videoos.administration.wpfcontrols.unittests.dll" id="60b2fb76-1f7c-0185-7819-0149d16632d1">
      <TestCategory>
        <TestCategoryItem TestCategory="VideoOS Administration" />
      </TestCategory>
      <Execution id="4127859c-92d7-4177-a3de-fd2ccf8b1e4e" />
      <TestMethod codeBase="D:\actions-runner\_work\XPCO\XPCO\Corporate\VideoOS.Administration.WpfControls.UnitTests\bin\x64\Debug\net472\VideoOS.Administration.WpfControls.UnitTests.dll" adapterTypeName="executor://mstestadapter/v2" className="VideoOS.Administration.WpfControls.UnitTests.Login.ServerLogOnModelTests" name="SetSelectedAuthenticationInfo_PutsCurrentUserName_OnWindowsUser" />
    </UnitTest>
    <UnitTest name="Constructor_DataNotChangedDuringConstructionTest" storage="d:\actions-runner\_work\xpco\xpco\corporate\videoos.administration.wpfcontrols.unittests\bin\x64\debug\net472\videoos.administration.wpfcontrols.unittests.dll" id="2d398707-f3c7-b329-c56c-f225f5231c79">
      <Owners>
        <Owner name="ale" />
      </Owners>
      <Execution id="9804b038-40fe-45fe-9e88-88508c67a717" />
      <TestMethod codeBase="D:\actions-runner\_work\XPCO\XPCO\Corporate\VideoOS.Administration.WpfControls.UnitTests\bin\x64\Debug\net472\VideoOS.Administration.WpfControls.UnitTests.dll" adapterTypeName="executor://mstestadapter/v2" className="VideoOS.Administration.WpfControls.UnitTests.Wizards.UpdateFirmware.ViewModel.PageViewModelFirmwareUpdateTest" name="Constructor_DataNotChangedDuringConstructionTest" />
    </UnitTest>
    <UnitTest name="NavigatingTo_PreSelection_SingleItemTest" storage="d:\actions-runner\_work\xpco\xpco\corporate\videoos.administration.wpfcontrols.unittests\bin\x64\debug\net472\videoos.administration.wpfcontrols.unittests.dll" id="e092cd93-1a0e-046f-31a3-b117e9be9e3a">
      <Owners>
        <Owner name="lsk" />
      </Owners>
      <Execution id="b8d90c40-e443-42eb-b7db-52d5b436b575" />
      <TestMethod codeBase="D:\actions-runner\_work\XPCO\XPCO\Corporate\VideoOS.Administration.WpfControls.UnitTests\bin\x64\Debug\net472\VideoOS.Administration.WpfControls.UnitTests.dll" adapterTypeName="executor://mstestadapter/v2" className="VideoOS.Administration.WpfControls.UnitTests.Wizards.MoveHardware.PageViewModelDestinationStorageSelectionTest" name="NavigatingTo_PreSelection_SingleItemTest" />
    </UnitTest>
    <UnitTest name="Convert_IsNullOrEmpty_Empty_Input_Returns_TrueResult" storage="d:\actions-runner\_work\xpco\xpco\corporate\videoos.administration.wpfcontrols.unittests\bin\x64\debug\net472\videoos.administration.wpfcontrols.unittests.dll" id="4a6f6063-0772-7b40-a6f3-a9b96658f054">
      <Execution id="8a9ae88d-ecb2-4f41-a6bc-71ec424ffece" />
      <TestMethod codeBase="D:\actions-runner\_work\XPCO\XPCO\Corporate\VideoOS.Administration.WpfControls.UnitTests\bin\x64\Debug\net472\VideoOS.Administration.WpfControls.UnitTests.dll" adapterTypeName="executor://mstestadapter/v2" className="VideoOS.Administration.WpfControls.UnitTests.Mvvm.Converters.StringMethodResultConverterUnitTests" name="Convert_IsNullOrEmpty_Empty_Input_Returns_TrueResult" />
    </UnitTest>
    <UnitTest name="Convert_ArgumentNullException" storage="d:\actions-runner\_work\xpco\xpco\corporate\videoos.administration.wpfcontrols.unittests\bin\x64\debug\net472\videoos.administration.wpfcontrols.unittests.dll" id="13e72a3c-242f-c9a0-e821-31819510ec88">
      <Execution id="8fb923fb-de31-4c63-aed1-ee02ba4a8c60" />
      <TestMethod codeBase="D:\actions-runner\_work\XPCO\XPCO\Corporate\VideoOS.Administration.WpfControls.UnitTests\bin\x64\Debug\net472\VideoOS.Administration.WpfControls.UnitTests.dll" adapterTypeName="executor://mstestadapter/v2" className="VideoOS.Administration.WpfControls.UnitTests.Wizards.MoveHardware.WarningsToStringConverterTest" name="Convert_ArgumentNullException" />
    </UnitTest>
    <UnitTest name="HandledVmoAccessTests_PermissionCheckerHasPermissionReturnsFalseIfPermissionNotGiven" storage="d:\actions-runner\_work\xpco\xpco\corporate\videoos.administration.wpfcontrols.unittests\bin\x64\debug\net472\videoos.administration.wpfcontrols.unittests.dll" id="8e71200d-df01-dada-6f36-750785024a6f">
      <Execution id="8aad13a8-e903-4ada-8fd2-1c0d94fb89f5" />
      <TestMethod codeBase="D:\actions-runner\_work\XPCO\XPCO\Corporate\VideoOS.Administration.WpfControls.UnitTests\bin\x64\Debug\net472\VideoOS.Administration.WpfControls.UnitTests.dll" adapterTypeName="executor://mstestadapter/v2" className="VideoOS.Administration.WpfControls.UnitTests.SystemMonitorEventThresholds.HandledVmoAccessTests" name="HandledVmoAccessTests_PermissionCheckerHasPermissionReturnsFalseIfPermissionNotGiven" />
    </UnitTest>
    <UnitTest name="Convert_Error_ValuesNullTest" storage="d:\actions-runner\_work\xpco\xpco\corporate\videoos.administration.wpfcontrols.unittests\bin\x64\debug\net472\videoos.administration.wpfcontrols.unittests.dll" id="8c12d516-213b-dfde-f45d-95d82a29988d">
      <Owners>
        <Owner name="lsk" />
      </Owners>
      <Execution id="5a19badc-673e-4958-ac8b-1b8c7b243000" />
      <TestMethod codeBase="D:\actions-runner\_work\XPCO\XPCO\Corporate\VideoOS.Administration.WpfControls.UnitTests\bin\x64\Debug\net472\VideoOS.Administration.WpfControls.UnitTests.dll" adapterTypeName="executor://mstestadapter/v2" className="VideoOS.Administration.WpfControls.UnitTests.Wizards.MoveHardware.StorageUsageSummaryMultiValueConverterTest" name="Convert_Error_ValuesNullTest" />
    </UnitTest>
    <UnitTest name="UpdateSelection_EmptySelectionTest" storage="d:\actions-runner\_work\xpco\xpco\corporate\videoos.administration.wpfcontrols.unittests\bin\x64\debug\net472\videoos.administration.wpfcontrols.unittests.dll" id="159786b5-8ca2-5538-8bd6-da5b1fadbc39">
      <Owners>
        <Owner name="lsk" />
      </Owners>
      <Execution id="513da19e-1423-477f-9b37-442764f684df" />
      <TestMethod codeBase="D:\actions-runner\_work\XPCO\XPCO\Corporate\VideoOS.Administration.WpfControls.UnitTests\bin\x64\Debug\net472\VideoOS.Administration.WpfControls.UnitTests.dll" adapterTypeName="executor://mstestadapter/v2" className="VideoOS.Administration.WpfControls.UnitTests.Wizards.MoveHardware.PageViewModelHardwareSelectionTest" name="UpdateSelection_EmptySelectionTest" />
    </UnitTest>
    <UnitTest name="CalcuateNewColumnWidths_Absolute_With_MaxPercentage" storage="d:\actions-runner\_work\xpco\xpco\corporate\videoos.administration.wpfcontrols.unittests\bin\x64\debug\net472\videoos.administration.wpfcontrols.unittests.dll" id="00f09470-13ff-0e0f-d8d8-3fd767f928a8">
      <Execution id="655445ac-e36c-473b-afe2-2a427e3575b3" />
      <TestMethod codeBase="D:\actions-runner\_work\XPCO\XPCO\Corporate\VideoOS.Administration.WpfControls.UnitTests\bin\x64\Debug\net472\VideoOS.Administration.WpfControls.UnitTests.dll" adapterTypeName="executor://mstestadapter/v2" className="VideoOS.Administration.WpfControls.UnitTests.Mvvm.InitialColumnSizingUnitTests" name="CalcuateNewColumnWidths_Absolute_With_MaxPercentage" />
    </UnitTest>
    <UnitTest name="EmptyStringConvertsToCollapsed" storage="d:\actions-runner\_work\xpco\xpco\corporate\videoos.administration.wpfcontrols.unittests\bin\x64\debug\net472\videoos.administration.wpfcontrols.unittests.dll" id="b00a1104-8e5f-1bfe-1c29-5c9fc9765e2f">
      <Execution id="e09e17ba-3a08-42f3-afdb-04fa70549c1a" />
      <TestMethod codeBase="D:\actions-runner\_work\XPCO\XPCO\Corporate\VideoOS.Administration.WpfControls.UnitTests\bin\x64\Debug\net472\VideoOS.Administration.WpfControls.UnitTests.dll" adapterTypeName="executor://mstestadapter/v2" className="VideoOS.Administration.WpfControls.UnitTests.HardwareSetupDialog.Converters.NotEmptyStringToVisibilityConverterUnitTests" name="EmptyStringConvertsToCollapsed" />
    </UnitTest>
    <UnitTest name="Convert_NoWarnings" storage="d:\actions-runner\_work\xpco\xpco\corporate\videoos.administration.wpfcontrols.unittests\bin\x64\debug\net472\videoos.administration.wpfcontrols.unittests.dll" id="05006594-990d-68ac-9c2d-401d5805c4f6">
      <Execution id="d1f0aa3d-46ff-4ea8-99fc-591254cd040b" />
      <TestMethod codeBase="D:\actions-runner\_work\XPCO\XPCO\Corporate\VideoOS.Administration.WpfControls.UnitTests\bin\x64\Debug\net472\VideoOS.Administration.WpfControls.UnitTests.dll" adapterTypeName="executor://mstestadapter/v2" className="VideoOS.Administration.WpfControls.UnitTests.Wizards.ChangeHardwarePassword.WarningsToStringConverterTest" name="Convert_NoWarnings" />
    </UnitTest>
    <UnitTest name="AllHardwareSelected_Update_AllSelectedTest" storage="d:\actions-runner\_work\xpco\xpco\corporate\videoos.administration.wpfcontrols.unittests\bin\x64\debug\net472\videoos.administration.wpfcontrols.unittests.dll" id="f9949e6c-cac8-3282-3d3f-006dec82f846">
      <Owners>
        <Owner name="lsk" />
      </Owners>
      <Execution id="4eaa5b9a-efab-483d-bf42-f5c4f6b376a7" />
      <TestMethod codeBase="D:\actions-runner\_work\XPCO\XPCO\Corporate\VideoOS.Administration.WpfControls.UnitTests\bin\x64\Debug\net472\VideoOS.Administration.WpfControls.UnitTests.dll" adapterTypeName="executor://mstestadapter/v2" className="VideoOS.Administration.WpfControls.UnitTests.Wizards.MoveHardware.PageViewModelHardwareSelectionTest" name="AllHardwareSelected_Update_AllSelectedTest" />
    </UnitTest>
    <UnitTest name="SetSelectedAuthenticationInfo_PutsCurrentUserName_OnWindowsDefault" storage="d:\actions-runner\_work\xpco\xpco\corporate\videoos.administration.wpfcontrols.unittests\bin\x64\debug\net472\videoos.administration.wpfcontrols.unittests.dll" id="19393c5b-2a25-7bde-cfee-ac08ffbeecbb">
      <TestCategory>
        <TestCategoryItem TestCategory="VideoOS Administration" />
      </TestCategory>
      <Execution id="684b96cb-7614-4fa5-b03e-aae4aa0c0b8e" />
      <TestMethod codeBase="D:\actions-runner\_work\XPCO\XPCO\Corporate\VideoOS.Administration.WpfControls.UnitTests\bin\x64\Debug\net472\VideoOS.Administration.WpfControls.UnitTests.dll" adapterTypeName="executor://mstestadapter/v2" className="VideoOS.Administration.WpfControls.UnitTests.Login.ServerLogOnModelTests" name="SetSelectedAuthenticationInfo_PutsCurrentUserName_OnWindowsDefault" />
    </UnitTest>
    <UnitTest name="AllHardwareSelected_Set_TrueTest" storage="d:\actions-runner\_work\xpco\xpco\corporate\videoos.administration.wpfcontrols.unittests\bin\x64\debug\net472\videoos.administration.wpfcontrols.unittests.dll" id="8ba5c093-ea32-1a1c-20d9-dc37a6af84f6">
      <Owners>
        <Owner name="max" />
      </Owners>
      <Execution id="f4a15312-5abc-4ccd-8ebc-e9bfebf17074" />
      <TestMethod codeBase="D:\actions-runner\_work\XPCO\XPCO\Corporate\VideoOS.Administration.WpfControls.UnitTests\bin\x64\Debug\net472\VideoOS.Administration.WpfControls.UnitTests.dll" adapterTypeName="executor://mstestadapter/v2" className="VideoOS.Administration.WpfControls.UnitTests.Wizards.ChangeHardwarePassword.PageViewModelHardwareSelectionTest" name="AllHardwareSelected_Set_TrueTest" />
    </UnitTest>
    <UnitTest name="PreviousCommand_NavigationCallbacks_SourceTest" storage="d:\actions-runner\_work\xpco\xpco\corporate\videoos.administration.wpfcontrols.unittests\bin\x64\debug\net472\videoos.administration.wpfcontrols.unittests.dll" id="707b3396-9b7a-a91b-fb63-5aabb6aa993e">
      <Owners>
        <Owner name="lsk" />
      </Owners>
      <Execution id="4e77cabe-b9e8-44ad-8a4f-a747b0eb1b65" />
      <TestMethod codeBase="D:\actions-runner\_work\XPCO\XPCO\Corporate\VideoOS.Administration.WpfControls.UnitTests\bin\x64\Debug\net472\VideoOS.Administration.WpfControls.UnitTests.dll" adapterTypeName="executor://mstestadapter/v2" className="VideoOS.Administration.WpfControls.UnitTests.Wizards.Common.WizardBaseViewModelTest" name="PreviousCommand_NavigationCallbacks_SourceTest" />
    </UnitTest>
    <UnitTest name="NullValueThrows" storage="d:\actions-runner\_work\xpco\xpco\corporate\videoos.administration.wpfcontrols.unittests\bin\x64\debug\net472\videoos.administration.wpfcontrols.unittests.dll" id="f44f2dd5-a7ab-d096-2a3f-e1665e7a38f9">
      <Execution id="15e84fc8-3ff0-4256-be10-c30d21a295c7" />
      <TestMethod codeBase="D:\actions-runner\_work\XPCO\XPCO\Corporate\VideoOS.Administration.WpfControls.UnitTests\bin\x64\Debug\net472\VideoOS.Administration.WpfControls.UnitTests.dll" adapterTypeName="executor://mstestadapter/v2" className="VideoOS.Administration.WpfControls.UnitTests.HardwareSetupDialog.Converters.StatusToVisibilityConverterUnitTests" name="NullValueThrows" />
    </UnitTest>
    <UnitTest name="Constructor_HandlerNullTest" storage="d:\actions-runner\_work\xpco\xpco\corporate\videoos.administration.wpfcontrols.unittests\bin\x64\debug\net472\videoos.administration.wpfcontrols.unittests.dll" id="27f37032-be8c-42b9-79f8-c52edc12b636">
      <Owners>
        <Owner name="ale" />
      </Owners>
      <Execution id="2edc458e-673d-4d20-b91d-d9620b9e89eb" />
      <TestMethod codeBase="D:\actions-runner\_work\XPCO\XPCO\Corporate\VideoOS.Administration.WpfControls.UnitTests\bin\x64\Debug\net472\VideoOS.Administration.WpfControls.UnitTests.dll" adapterTypeName="executor://mstestadapter/v2" className="VideoOS.Administration.WpfControls.UnitTests.Wizards.UpdateFirmware.ViewModel.WizardFirmwareUpdateViewModelTest" name="Constructor_HandlerNullTest" />
    </UnitTest>
    <UnitTest name="Convert_InvalidMethodEnum_Throws_InvalidOperationException" storage="d:\actions-runner\_work\xpco\xpco\corporate\videoos.administration.wpfcontrols.unittests\bin\x64\debug\net472\videoos.administration.wpfcontrols.unittests.dll" id="e911694b-fe96-0fb6-9301-42b585cbc388">
      <Execution id="323a18c6-3cd7-4974-86e1-dde6502cb4cd" />
      <TestMethod codeBase="D:\actions-runner\_work\XPCO\XPCO\Corporate\VideoOS.Administration.WpfControls.UnitTests\bin\x64\Debug\net472\VideoOS.Administration.WpfControls.UnitTests.dll" adapterTypeName="executor://mstestadapter/v2" className="VideoOS.Administration.WpfControls.UnitTests.Mvvm.Converters.ExceptiontoStringConverterUnitTests" name="Convert_InvalidMethodEnum_Throws_InvalidOperationException" />
    </UnitTest>
    <UnitTest name="NextCommand_CanExecute_PageInvalidTest" storage="d:\actions-runner\_work\xpco\xpco\corporate\videoos.administration.wpfcontrols.unittests\bin\x64\debug\net472\videoos.administration.wpfcontrols.unittests.dll" id="aafdc42a-ff16-1366-784e-915ed789f48b">
      <Owners>
        <Owner name="lsk" />
      </Owners>
      <Execution id="e5959ef3-d9d7-45ac-903e-19c1dfa0d365" />
      <TestMethod codeBase="D:\actions-runner\_work\XPCO\XPCO\Corporate\VideoOS.Administration.WpfControls.UnitTests\bin\x64\Debug\net472\VideoOS.Administration.WpfControls.UnitTests.dll" adapterTypeName="executor://mstestadapter/v2" className="VideoOS.Administration.WpfControls.UnitTests.Wizards.Common.WizardBaseViewModelTest" name="NextCommand_CanExecute_PageInvalidTest" />
    </UnitTest>
    <UnitTest name="AuthorizeThread_Constructor_NullConnectionManager_Throws_ArgumentNullException" storage="d:\actions-runner\_work\xpco\xpco\corporate\videoos.administration.wpfcontrols.unittests\bin\x64\debug\net472\videoos.administration.wpfcontrols.unittests.dll" id="16d85b62-693e-78e6-6445-152d2a3ccb8f">
      <TestCategory>
        <TestCategoryItem TestCategory="VideoOS Administration" />
      </TestCategory>
      <Execution id="a802ab70-d52e-4b62-b0bd-cd817a1f0258" />
      <TestMethod codeBase="D:\actions-runner\_work\XPCO\XPCO\Corporate\VideoOS.Administration.WpfControls.UnitTests\bin\x64\Debug\net472\VideoOS.Administration.WpfControls.UnitTests.dll" adapterTypeName="executor://mstestadapter/v2" className="VideoOS.Administration.WpfControls.UnitTests.Login.AuthorizeThreadTests" name="AuthorizeThread_Constructor_NullConnectionManager_Throws_ArgumentNullException" />
    </UnitTest>
    <UnitTest name="Convert_Negative_HoursTest" storage="d:\actions-runner\_work\xpco\xpco\corporate\videoos.administration.wpfcontrols.unittests\bin\x64\debug\net472\videoos.administration.wpfcontrols.unittests.dll" id="5c3abe48-e255-bf5f-e62f-6c920d08143b">
      <Owners>
        <Owner name="lsk" />
      </Owners>
      <Execution id="e9695ba2-5e94-4d42-ba01-4548d836612e" />
      <TestMethod codeBase="D:\actions-runner\_work\XPCO\XPCO\Corporate\VideoOS.Administration.WpfControls.UnitTests\bin\x64\Debug\net472\VideoOS.Administration.WpfControls.UnitTests.dll" adapterTypeName="executor://mstestadapter/v2" className="VideoOS.Administration.WpfControls.UnitTests.Wizards.MoveHardware.StorageRetentionTimeToStringValueConverterTest" name="Convert_Negative_HoursTest" />
    </UnitTest>
    <UnitTest name="Convert_Error_ValuesTooShortTest" storage="d:\actions-runner\_work\xpco\xpco\corporate\videoos.administration.wpfcontrols.unittests\bin\x64\debug\net472\videoos.administration.wpfcontrols.unittests.dll" id="2d30d128-9f15-2775-2d44-d26e75f0ffcf">
      <Owners>
        <Owner name="lsk" />
      </Owners>
      <Execution id="4c8d578e-7728-44be-a387-f3dc2096c462" />
      <TestMethod codeBase="D:\actions-runner\_work\XPCO\XPCO\Corporate\VideoOS.Administration.WpfControls.UnitTests\bin\x64\Debug\net472\VideoOS.Administration.WpfControls.UnitTests.dll" adapterTypeName="executor://mstestadapter/v2" className="VideoOS.Administration.WpfControls.UnitTests.Wizards.MoveHardware.StorageUsageSummaryMultiValueConverterTest" name="Convert_Error_ValuesTooShortTest" />
    </UnitTest>
    <UnitTest name="State_Loading_NextCommand_SourcePageNavigatingAwayTest" storage="d:\actions-runner\_work\xpco\xpco\corporate\videoos.administration.wpfcontrols.unittests\bin\x64\debug\net472\videoos.administration.wpfcontrols.unittests.dll" id="16341a76-2443-d715-3ba2-b0f79160d644">
      <Owners>
        <Owner name="lsk" />
      </Owners>
      <Execution id="c8d3e303-c22a-4129-ac3e-ff6a66294764" />
      <TestMethod codeBase="D:\actions-runner\_work\XPCO\XPCO\Corporate\VideoOS.Administration.WpfControls.UnitTests\bin\x64\Debug\net472\VideoOS.Administration.WpfControls.UnitTests.dll" adapterTypeName="executor://mstestadapter/v2" className="VideoOS.Administration.WpfControls.UnitTests.Wizards.Common.WizardBaseViewModelTest" name="State_Loading_NextCommand_SourcePageNavigatingAwayTest" />
    </UnitTest>
    <UnitTest name="Validate_WithPasswordManualEntry_RequiresUppercase_Succeeds" storage="d:\actions-runner\_work\xpco\xpco\corporate\videoos.administration.wpfcontrols.unittests\bin\x64\debug\net472\videoos.administration.wpfcontrols.unittests.dll" id="748f99ad-bd43-9fee-62d3-8667030a21c6">
      <Owners>
        <Owner name="max" />
      </Owners>
      <Execution id="1d3198d3-6ff4-46f3-b4f1-f4d258faa57d" />
      <TestMethod codeBase="D:\actions-runner\_work\XPCO\XPCO\Corporate\VideoOS.Administration.WpfControls.UnitTests\bin\x64\Debug\net472\VideoOS.Administration.WpfControls.UnitTests.dll" adapterTypeName="executor://mstestadapter/v2" className="VideoOS.Administration.WpfControls.UnitTests.Wizards.ChangeHardwarePassword.PageViewModelChangeHardwarePasswordTest" name="Validate_WithPasswordManualEntry_RequiresUppercase_Succeeds" />
    </UnitTest>
    <UnitTest name="State_Loading_NextCommand_DestinationPageNavigatingToTest" storage="d:\actions-runner\_work\xpco\xpco\corporate\videoos.administration.wpfcontrols.unittests\bin\x64\debug\net472\videoos.administration.wpfcontrols.unittests.dll" id="b84c992a-265b-65ae-f8b1-90682b7ab9ba">
      <Owners>
        <Owner name="lsk" />
      </Owners>
      <Execution id="e0e93c68-3357-4ca2-8210-2046033658c0" />
      <TestMethod codeBase="D:\actions-runner\_work\XPCO\XPCO\Corporate\VideoOS.Administration.WpfControls.UnitTests\bin\x64\Debug\net472\VideoOS.Administration.WpfControls.UnitTests.dll" adapterTypeName="executor://mstestadapter/v2" className="VideoOS.Administration.WpfControls.UnitTests.Wizards.Common.WizardBaseViewModelTest" name="State_Loading_NextCommand_DestinationPageNavigatingToTest" />
    </UnitTest>
    <UnitTest name="ConvertBack_InvalidOperationException" storage="d:\actions-runner\_work\xpco\xpco\corporate\videoos.administration.wpfcontrols.unittests\bin\x64\debug\net472\videoos.administration.wpfcontrols.unittests.dll" id="81fc5d04-ff3c-abbf-fbee-43c8a11cc278">
      <Execution id="f099dd20-b47a-40d9-8594-239118bc407c" />
      <TestMethod codeBase="D:\actions-runner\_work\XPCO\XPCO\Corporate\VideoOS.Administration.WpfControls.UnitTests\bin\x64\Debug\net472\VideoOS.Administration.WpfControls.UnitTests.dll" adapterTypeName="executor://mstestadapter/v2" className="VideoOS.Administration.WpfControls.UnitTests.Wizards.MoveHardware.StatusToSingleValueConverterTest" name="ConvertBack_InvalidOperationException" />
    </UnitTest>
    <UnitTest name="ColumnWidthSpec_Relative_NaNWidth_Throws_ArgumentException" storage="d:\actions-runner\_work\xpco\xpco\corporate\videoos.administration.wpfcontrols.unittests\bin\x64\debug\net472\videoos.administration.wpfcontrols.unittests.dll" id="670c0c9d-a69d-2b1c-b2d6-b2df8a52a93e">
      <Execution id="48338a85-5dad-459a-a2b0-efca17ab53dd" />
      <TestMethod codeBase="D:\actions-runner\_work\XPCO\XPCO\Corporate\VideoOS.Administration.WpfControls.UnitTests\bin\x64\Debug\net472\VideoOS.Administration.WpfControls.UnitTests.dll" adapterTypeName="executor://mstestadapter/v2" className="VideoOS.Administration.WpfControls.UnitTests.Mvvm.InitialColumnSizingUnitTests" name="ColumnWidthSpec_Relative_NaNWidth_Throws_ArgumentException" />
    </UnitTest>
    <UnitTest name="TreeItemSelectionTracker_Success" storage="d:\actions-runner\_work\xpco\xpco\corporate\videoos.administration.wpfcontrols.unittests\bin\x64\debug\net472\videoos.administration.wpfcontrols.unittests.dll" id="955c47d6-8ac6-0b17-4842-e74668ca6925">
      <TestCategory>
        <TestCategoryItem TestCategory="SystemMonitorEventThresholds" />
      </TestCategory>
      <Execution id="cd039cb4-1a54-4fdb-99c4-72646a3b1996" />
      <TestMethod codeBase="D:\actions-runner\_work\XPCO\XPCO\Corporate\VideoOS.Administration.WpfControls.UnitTests\bin\x64\Debug\net472\VideoOS.Administration.WpfControls.UnitTests.dll" adapterTypeName="executor://mstestadapter/v2" className="VideoOS.Administration.WpfControls.UnitTests.SystemMonitorEventThresholds.ViewModel.AdvancedThreshold.TreeItemSelectionTrackerTests" name="TreeItemSelectionTracker_Success" />
    </UnitTest>
    <UnitTest name="NextCommand_CommandInvalidated_PageStatusChanged_ValidToInvalidTest" storage="d:\actions-runner\_work\xpco\xpco\corporate\videoos.administration.wpfcontrols.unittests\bin\x64\debug\net472\videoos.administration.wpfcontrols.unittests.dll" id="015c009d-a1ab-5548-9cab-ca192818ed74">
      <Owners>
        <Owner name="lsk" />
      </Owners>
      <Execution id="9f8414e7-904d-4e71-bee0-8d93665559a8" />
      <TestMethod codeBase="D:\actions-runner\_work\XPCO\XPCO\Corporate\VideoOS.Administration.WpfControls.UnitTests\bin\x64\Debug\net472\VideoOS.Administration.WpfControls.UnitTests.dll" adapterTypeName="executor://mstestadapter/v2" className="VideoOS.Administration.WpfControls.UnitTests.Wizards.Common.WizardBaseViewModelTest" name="NextCommand_CommandInvalidated_PageStatusChanged_ValidToInvalidTest" />
    </UnitTest>
    <UnitTest name="Convert_Parameters_Value_InvalidTypeTest" storage="d:\actions-runner\_work\xpco\xpco\corporate\videoos.administration.wpfcontrols.unittests\bin\x64\debug\net472\videoos.administration.wpfcontrols.unittests.dll" id="af6d329e-c0fe-8203-7f45-d4fc3a03cf6a">
      <Owners>
        <Owner name="lsk" />
      </Owners>
      <Execution id="67ca9546-4d7d-4742-a1f7-b7335fe7699c" />
      <TestMethod codeBase="D:\actions-runner\_work\XPCO\XPCO\Corporate\VideoOS.Administration.WpfControls.UnitTests\bin\x64\Debug\net472\VideoOS.Administration.WpfControls.UnitTests.dll" adapterTypeName="executor://mstestadapter/v2" className="VideoOS.Administration.WpfControls.UnitTests.Wizards.MoveHardware.StorageRetentionTimeToStringValueConverterTest" name="Convert_Parameters_Value_InvalidTypeTest" />
    </UnitTest>
    <UnitTest name="Convert_Hours_PluralTest" storage="d:\actions-runner\_work\xpco\xpco\corporate\videoos.administration.wpfcontrols.unittests\bin\x64\debug\net472\videoos.administration.wpfcontrols.unittests.dll" id="c214c92d-08f2-c472-b48f-133a7864d295">
      <Owners>
        <Owner name="lsk" />
      </Owners>
      <Execution id="067ec143-505f-4c00-a293-0a6db6a994f7" />
      <TestMethod codeBase="D:\actions-runner\_work\XPCO\XPCO\Corporate\VideoOS.Administration.WpfControls.UnitTests\bin\x64\Debug\net472\VideoOS.Administration.WpfControls.UnitTests.dll" adapterTypeName="executor://mstestadapter/v2" className="VideoOS.Administration.WpfControls.UnitTests.Wizards.MoveHardware.StorageRetentionTimeToStringValueConverterTest" name="Convert_Hours_PluralTest" />
    </UnitTest>
    <UnitTest name="Convert_Days_SecondsOffsetTest" storage="d:\actions-runner\_work\xpco\xpco\corporate\videoos.administration.wpfcontrols.unittests\bin\x64\debug\net472\videoos.administration.wpfcontrols.unittests.dll" id="2a9a7830-d83b-38ec-9983-96e0294553ee">
      <Owners>
        <Owner name="lsk" />
      </Owners>
      <Execution id="611c401a-7a3f-44df-b2cf-cfdd3bcb0c94" />
      <TestMethod codeBase="D:\actions-runner\_work\XPCO\XPCO\Corporate\VideoOS.Administration.WpfControls.UnitTests\bin\x64\Debug\net472\VideoOS.Administration.WpfControls.UnitTests.dll" adapterTypeName="executor://mstestadapter/v2" className="VideoOS.Administration.WpfControls.UnitTests.Wizards.MoveHardware.StorageRetentionTimeToStringValueConverterTest" name="Convert_Days_SecondsOffsetTest" />
    </UnitTest>
    <UnitTest name="ConvertBack_InvalidOperationException" storage="d:\actions-runner\_work\xpco\xpco\corporate\videoos.administration.wpfcontrols.unittests\bin\x64\debug\net472\videoos.administration.wpfcontrols.unittests.dll" id="66e8dfc4-b1c2-0239-1605-db951eadea20">
      <Execution id="873d983c-7b74-4bf5-816b-99a07d0ca56e" />
      <TestMethod codeBase="D:\actions-runner\_work\XPCO\XPCO\Corporate\VideoOS.Administration.WpfControls.UnitTests\bin\x64\Debug\net472\VideoOS.Administration.WpfControls.UnitTests.dll" adapterTypeName="executor://mstestadapter/v2" className="VideoOS.Administration.WpfControls.UnitTests.Wizards.UpdateFirmware.View.Converters.WarningToStringConverterTest" name="ConvertBack_InvalidOperationException" />
    </UnitTest>
    <UnitTest name="ThresholdLevelHeightMultiValueConverter_InvalidMaxThreshold" storage="d:\actions-runner\_work\xpco\xpco\corporate\videoos.administration.wpfcontrols.unittests\bin\x64\debug\net472\videoos.administration.wpfcontrols.unittests.dll" id="8d63a4e5-4a61-29fb-40d6-95f5542c60ab">
      <TestCategory>
        <TestCategoryItem TestCategory="SystemMonitorEventThresholds" />
      </TestCategory>
      <Execution id="41f818fa-15d1-4e0e-be99-681c899fb1a8" />
      <TestMethod codeBase="D:\actions-runner\_work\XPCO\XPCO\Corporate\VideoOS.Administration.WpfControls.UnitTests\bin\x64\Debug\net472\VideoOS.Administration.WpfControls.UnitTests.dll" adapterTypeName="executor://mstestadapter/v2" className="VideoOS.Administration.WpfControls.UnitTests.SystemMonitorEventThresholds.Converters.ThresholdConverterTests" name="ThresholdLevelHeightMultiValueConverter_InvalidMaxThreshold" />
    </UnitTest>
    <UnitTest name="AuthenticationTypes_EnabledDefaultValues_Success" storage="d:\actions-runner\_work\xpco\xpco\corporate\videoos.administration.wpfcontrols.unittests\bin\x64\debug\net472\videoos.administration.wpfcontrols.unittests.dll" id="47036bbc-a6ea-5ffd-1bf1-0123489c2851">
      <TestCategory>
        <TestCategoryItem TestCategory="VideoOS Administration" />
      </TestCategory>
      <Execution id="485154aa-f509-4308-8ce6-85b4157a9acb" />
      <TestMethod codeBase="D:\actions-runner\_work\XPCO\XPCO\Corporate\VideoOS.Administration.WpfControls.UnitTests\bin\x64\Debug\net472\VideoOS.Administration.WpfControls.UnitTests.dll" adapterTypeName="executor://mstestadapter/v2" className="VideoOS.Administration.WpfControls.UnitTests.Login.ServerLogOnModelTests" name="AuthenticationTypes_EnabledDefaultValues_Success" />
    </UnitTest>
    <UnitTest name="NavigatingTo_PreSelection_WizardDataHasPriorityTest" storage="d:\actions-runner\_work\xpco\xpco\corporate\videoos.administration.wpfcontrols.unittests\bin\x64\debug\net472\videoos.administration.wpfcontrols.unittests.dll" id="0995b69f-16b6-3067-e57d-07f8151c9a3b">
      <Owners>
        <Owner name="lsk" />
      </Owners>
      <Execution id="2fe21abf-093a-49e9-9875-2ccd681f59ab" />
      <TestMethod codeBase="D:\actions-runner\_work\XPCO\XPCO\Corporate\VideoOS.Administration.WpfControls.UnitTests\bin\x64\Debug\net472\VideoOS.Administration.WpfControls.UnitTests.dll" adapterTypeName="executor://mstestadapter/v2" className="VideoOS.Administration.WpfControls.UnitTests.Wizards.MoveHardware.PageViewModelDestinationStorageSelectionTest" name="NavigatingTo_PreSelection_WizardDataHasPriorityTest" />
    </UnitTest>
    <UnitTest name="UpdateSelection_DeselectSamePhysicalHardwareTest" storage="d:\actions-runner\_work\xpco\xpco\corporate\videoos.administration.wpfcontrols.unittests\bin\x64\debug\net472\videoos.administration.wpfcontrols.unittests.dll" id="0613022e-3267-9d07-db4b-b388716298e9">
      <Owners>
        <Owner name="max" />
      </Owners>
      <Execution id="42dee2d2-ce56-4b80-864c-47c839c1ba33" />
      <TestMethod codeBase="D:\actions-runner\_work\XPCO\XPCO\Corporate\VideoOS.Administration.WpfControls.UnitTests\bin\x64\Debug\net472\VideoOS.Administration.WpfControls.UnitTests.dll" adapterTypeName="executor://mstestadapter/v2" className="VideoOS.Administration.WpfControls.UnitTests.Wizards.ChangeHardwarePassword.PageViewModelHardwareSelectionTest" name="UpdateSelection_DeselectSamePhysicalHardwareTest" />
    </UnitTest>
    <UnitTest name="Convert_MultipleWarnings" storage="d:\actions-runner\_work\xpco\xpco\corporate\videoos.administration.wpfcontrols.unittests\bin\x64\debug\net472\videoos.administration.wpfcontrols.unittests.dll" id="17777076-9388-63f2-7e41-e8411bd30918">
      <Execution id="7f1b0736-afcd-4252-8a8a-029461355556" />
      <TestMethod codeBase="D:\actions-runner\_work\XPCO\XPCO\Corporate\VideoOS.Administration.WpfControls.UnitTests\bin\x64\Debug\net472\VideoOS.Administration.WpfControls.UnitTests.dll" adapterTypeName="executor://mstestadapter/v2" className="VideoOS.Administration.WpfControls.UnitTests.Wizards.UpdateFirmware.View.Converters.WarningToStringConverterTest" name="Convert_MultipleWarnings" />
    </UnitTest>
    <UnitTest name="Constructor_NullDataTest" storage="d:\actions-runner\_work\xpco\xpco\corporate\videoos.administration.wpfcontrols.unittests\bin\x64\debug\net472\videoos.administration.wpfcontrols.unittests.dll" id="0673af61-aaed-8bb0-d7ec-7b3f461ad8fe">
      <Owners>
        <Owner name="lsk" />
      </Owners>
      <Execution id="3bb0e29d-8954-4290-b3ac-23175a3be100" />
      <TestMethod codeBase="D:\actions-runner\_work\XPCO\XPCO\Corporate\VideoOS.Administration.WpfControls.UnitTests\bin\x64\Debug\net472\VideoOS.Administration.WpfControls.UnitTests.dll" adapterTypeName="executor://mstestadapter/v2" className="VideoOS.Administration.WpfControls.UnitTests.Wizards.MoveHardware.PageViewModelHardwareSelectionTest" name="Constructor_NullDataTest" />
    </UnitTest>
    <UnitTest name="Convert_Error_TargetTypeTest" storage="d:\actions-runner\_work\xpco\xpco\corporate\videoos.administration.wpfcontrols.unittests\bin\x64\debug\net472\videoos.administration.wpfcontrols.unittests.dll" id="aa8093d9-4c39-a42c-dda7-99dfcab5a8f4">
      <Owners>
        <Owner name="lsk" />
      </Owners>
      <Execution id="423d4e9e-ef03-40e0-94f3-10e381e04176" />
      <TestMethod codeBase="D:\actions-runner\_work\XPCO\XPCO\Corporate\VideoOS.Administration.WpfControls.UnitTests\bin\x64\Debug\net472\VideoOS.Administration.WpfControls.UnitTests.dll" adapterTypeName="executor://mstestadapter/v2" className="VideoOS.Administration.WpfControls.UnitTests.Wizards.MoveHardware.UsagePercentageMultiValueConverterTest" name="Convert_Error_TargetTypeTest" />
    </UnitTest>
    <UnitTest name="Convert_ArgumentNullException" storage="d:\actions-runner\_work\xpco\xpco\corporate\videoos.administration.wpfcontrols.unittests\bin\x64\debug\net472\videoos.administration.wpfcontrols.unittests.dll" id="01c0bec4-2e67-e9ed-ad20-95a0e008ce45">
      <Execution id="675ea050-c5f7-401e-86aa-26c530ecdd29" />
      <TestMethod codeBase="D:\actions-runner\_work\XPCO\XPCO\Corporate\VideoOS.Administration.WpfControls.UnitTests\bin\x64\Debug\net472\VideoOS.Administration.WpfControls.UnitTests.dll" adapterTypeName="executor://mstestadapter/v2" className="VideoOS.Administration.WpfControls.UnitTests.Wizards.ChangeHardwarePassword.StatusToSingleValueConverterTest" name="Convert_ArgumentNullException" />
    </UnitTest>
    <UnitTest name="UpdateSelection_SelectUnsupportedHardwareTest" storage="d:\actions-runner\_work\xpco\xpco\corporate\videoos.administration.wpfcontrols.unittests\bin\x64\debug\net472\videoos.administration.wpfcontrols.unittests.dll" id="e0edef12-1cb4-857a-12f0-1b58e1a20b13">
      <Owners>
        <Owner name="max" />
      </Owners>
      <Execution id="ca7edd23-0bfd-48ce-850c-a7b4384a99e3" />
      <TestMethod codeBase="D:\actions-runner\_work\XPCO\XPCO\Corporate\VideoOS.Administration.WpfControls.UnitTests\bin\x64\Debug\net472\VideoOS.Administration.WpfControls.UnitTests.dll" adapterTypeName="executor://mstestadapter/v2" className="VideoOS.Administration.WpfControls.UnitTests.Wizards.ChangeHardwarePassword.PageViewModelHardwareSelectionTest" name="UpdateSelection_SelectUnsupportedHardwareTest" />
    </UnitTest>
    <UnitTest name="NavigatingTo_CheckPreselectedHardwareAvailable_False_NavigationNotCancelled" storage="d:\actions-runner\_work\xpco\xpco\corporate\videoos.administration.wpfcontrols.unittests\bin\x64\debug\net472\videoos.administration.wpfcontrols.unittests.dll" id="c2b13c5f-cc4b-224a-1f38-1a8335f078e1">
      <Execution id="085ee93d-b154-4a35-8dc0-795ed556f26a" />
      <TestMethod codeBase="D:\actions-runner\_work\XPCO\XPCO\Corporate\VideoOS.Administration.WpfControls.UnitTests\bin\x64\Debug\net472\VideoOS.Administration.WpfControls.UnitTests.dll" adapterTypeName="executor://mstestadapter/v2" className="VideoOS.Administration.WpfControls.UnitTests.Wizards.MoveHardware.ViewModel.PageViewModelPreValidationTest" name="NavigatingTo_CheckPreselectedHardwareAvailable_False_NavigationNotCancelled" />
    </UnitTest>
    <UnitTest name="LogOnThread_Constructor_NullConnectionManager_Throws_ArgumentNullException" storage="d:\actions-runner\_work\xpco\xpco\corporate\videoos.administration.wpfcontrols.unittests\bin\x64\debug\net472\videoos.administration.wpfcontrols.unittests.dll" id="01e18ebd-932a-0505-37e9-eb60c880d1b1">
      <TestCategory>
        <TestCategoryItem TestCategory="VideoOS Administration" />
      </TestCategory>
      <Execution id="a4808790-8bbf-4de2-b09d-3cb025ff11e0" />
      <TestMethod codeBase="D:\actions-runner\_work\XPCO\XPCO\Corporate\VideoOS.Administration.WpfControls.UnitTests\bin\x64\Debug\net472\VideoOS.Administration.WpfControls.UnitTests.dll" adapterTypeName="executor://mstestadapter/v2" className="VideoOS.Administration.WpfControls.UnitTests.Login.LogOnThreadTests" name="LogOnThread_Constructor_NullConnectionManager_Throws_ArgumentNullException" />
    </UnitTest>
    <UnitTest name="Constructor_NullDataTest" storage="d:\actions-runner\_work\xpco\xpco\corporate\videoos.administration.wpfcontrols.unittests\bin\x64\debug\net472\videoos.administration.wpfcontrols.unittests.dll" id="8af5a4ee-949f-cc1e-1ec9-dd44ada4b249">
      <Owners>
        <Owner name="max" />
      </Owners>
      <Execution id="d6c304e8-3194-49a9-a9d3-5b282425cc5d" />
      <TestMethod codeBase="D:\actions-runner\_work\XPCO\XPCO\Corporate\VideoOS.Administration.WpfControls.UnitTests\bin\x64\Debug\net472\VideoOS.Administration.WpfControls.UnitTests.dll" adapterTypeName="executor://mstestadapter/v2" className="VideoOS.Administration.WpfControls.UnitTests.Wizards.ChangeHardwarePassword.PageViewModelChangeHardwarePasswordProgressTest" name="Constructor_NullDataTest" />
    </UnitTest>
    <UnitTest name="SystemDashboard_LookupCalculationBufferMax_Success" storage="d:\actions-runner\_work\xpco\xpco\corporate\videoos.administration.wpfcontrols.unittests\bin\x64\debug\net472\videoos.administration.wpfcontrols.unittests.dll" id="73990d43-3dbd-c498-8d88-f54a52856eed">
      <Execution id="b29bbeaa-8966-42c6-9745-d559292342c5" />
      <TestMethod codeBase="D:\actions-runner\_work\XPCO\XPCO\Corporate\VideoOS.Administration.WpfControls.UnitTests\bin\x64\Debug\net472\VideoOS.Administration.WpfControls.UnitTests.dll" adapterTypeName="executor://mstestadapter/v2" className="VideoOS.Administration.WpfControls.UnitTests.SystemMonitorEventThresholds.ViewModel.SystemDashboard_PerformanceStateRuleConfigurationHelperTest" name="SystemDashboard_LookupCalculationBufferMax_Success" />
    </UnitTest>
    <UnitTest name="ScheduleNextRun_CalledThreeTimes_DoesNotCreateMultipleThreads_RaisesEventOnSiteWorking_AfterWaitingForTimeout_Success" storage="d:\actions-runner\_work\xpco\xpco\corporate\videoos.administration.wpfcontrols.unittests\bin\x64\debug\net472\videoos.administration.wpfcontrols.unittests.dll" id="0059c220-7153-d6d7-686e-c5a3330c7f1a">
      <TestCategory>
        <TestCategoryItem TestCategory="VideoOS Administration" />
      </TestCategory>
      <Execution id="92c4af3c-0ff4-4130-b0f8-03a4c662a8e1" />
      <TestMethod codeBase="D:\actions-runner\_work\XPCO\XPCO\Corporate\VideoOS.Administration.WpfControls.UnitTests\bin\x64\Debug\net472\VideoOS.Administration.WpfControls.UnitTests.dll" adapterTypeName="executor://mstestadapter/v2" className="VideoOS.Administration.WpfControls.UnitTests.Login.ChangePasswordThreadTests" name="ScheduleNextRun_CalledThreeTimes_DoesNotCreateMultipleThreads_RaisesEventOnSiteWorking_AfterWaitingForTimeout_Success" />
    </UnitTest>
    <UnitTest name="Equality_NotEqual_DifferentPropertyTest" storage="d:\actions-runner\_work\xpco\xpco\corporate\videoos.administration.wpfcontrols.unittests\bin\x64\debug\net472\videoos.administration.wpfcontrols.unittests.dll" id="20bb65eb-1990-f346-b4df-bcadf313c09d">
      <Owners>
        <Owner name="lsk" />
      </Owners>
      <Execution id="0a752540-4e7b-4d33-b544-978046f6b3e4" />
      <TestMethod codeBase="D:\actions-runner\_work\XPCO\XPCO\Corporate\VideoOS.Administration.WpfControls.UnitTests\bin\x64\Debug\net472\VideoOS.Administration.WpfControls.UnitTests.dll" adapterTypeName="executor://mstestadapter/v2" className="VideoOS.Administration.WpfControls.UnitTests.Mvvm.Sort.SimpleSortWithFallbackTest" name="Equality_NotEqual_DifferentPropertyTest" />
    </UnitTest>
    <UnitTest name="AllHardwareSelected_Set_NullTest" storage="d:\actions-runner\_work\xpco\xpco\corporate\videoos.administration.wpfcontrols.unittests\bin\x64\debug\net472\videoos.administration.wpfcontrols.unittests.dll" id="903b7330-cb31-061c-da48-0a66f654dfcd">
      <Owners>
        <Owner name="max" />
      </Owners>
      <Execution id="65af503c-9e92-4bc1-bb62-1d4fc6d3cca6" />
      <TestMethod codeBase="D:\actions-runner\_work\XPCO\XPCO\Corporate\VideoOS.Administration.WpfControls.UnitTests\bin\x64\Debug\net472\VideoOS.Administration.WpfControls.UnitTests.dll" adapterTypeName="executor://mstestadapter/v2" className="VideoOS.Administration.WpfControls.UnitTests.Wizards.ChangeHardwarePassword.PageViewModelHardwareSelectionTest" name="AllHardwareSelected_Set_NullTest" />
    </UnitTest>
    <UnitTest name="NavigatingTo_AvailableHardware_HardwarePopulatedTest" storage="d:\actions-runner\_work\xpco\xpco\corporate\videoos.administration.wpfcontrols.unittests\bin\x64\debug\net472\videoos.administration.wpfcontrols.unittests.dll" id="33e6ddae-9fc0-1d68-7bf1-8134b126ed37">
      <Owners>
        <Owner name="lsk" />
      </Owners>
      <Execution id="38e6acdc-b97c-41c1-b85b-d8b598852ddc" />
      <TestMethod codeBase="D:\actions-runner\_work\XPCO\XPCO\Corporate\VideoOS.Administration.WpfControls.UnitTests\bin\x64\Debug\net472\VideoOS.Administration.WpfControls.UnitTests.dll" adapterTypeName="executor://mstestadapter/v2" className="VideoOS.Administration.WpfControls.UnitTests.Wizards.MoveHardware.PageViewModelHardwareSelectionTest" name="NavigatingTo_AvailableHardware_HardwarePopulatedTest" />
    </UnitTest>
    <UnitTest name="NextCommand_CommandInvalidated_PageStatusChanged_BusyToValidTest" storage="d:\actions-runner\_work\xpco\xpco\corporate\videoos.administration.wpfcontrols.unittests\bin\x64\debug\net472\videoos.administration.wpfcontrols.unittests.dll" id="c41778f6-12d9-875f-db8c-4a9ec0db51cd">
      <Owners>
        <Owner name="lsk" />
      </Owners>
      <Execution id="52567c36-c5f9-453e-b9eb-1605f9954d91" />
      <TestMethod codeBase="D:\actions-runner\_work\XPCO\XPCO\Corporate\VideoOS.Administration.WpfControls.UnitTests\bin\x64\Debug\net472\VideoOS.Administration.WpfControls.UnitTests.dll" adapterTypeName="executor://mstestadapter/v2" className="VideoOS.Administration.WpfControls.UnitTests.Wizards.Common.WizardBaseViewModelTest" name="NextCommand_CommandInvalidated_PageStatusChanged_BusyToValidTest" />
    </UnitTest>
    <UnitTest name="Constructor_DataNullTest" storage="d:\actions-runner\_work\xpco\xpco\corporate\videoos.administration.wpfcontrols.unittests\bin\x64\debug\net472\videoos.administration.wpfcontrols.unittests.dll" id="39c8e53a-73cf-d170-1747-bf84e9ddd436">
      <Owners>
        <Owner name="lsk" />
      </Owners>
      <Execution id="ccdd8651-6fa5-4506-a62f-0bb548b969ce" />
      <TestMethod codeBase="D:\actions-runner\_work\XPCO\XPCO\Corporate\VideoOS.Administration.WpfControls.UnitTests\bin\x64\Debug\net472\VideoOS.Administration.WpfControls.UnitTests.dll" adapterTypeName="executor://mstestadapter/v2" className="VideoOS.Administration.WpfControls.UnitTests.Wizards.MoveHardware.PageViewModelDestinationStorageSelectionTest" name="Constructor_DataNullTest" />
    </UnitTest>
    <UnitTest name="ConvertNonMatchingType" storage="d:\actions-runner\_work\xpco\xpco\corporate\videoos.administration.wpfcontrols.unittests\bin\x64\debug\net472\videoos.administration.wpfcontrols.unittests.dll" id="5ff12909-3484-abe3-4d4e-8b5fe5dde4dc">
      <Execution id="48ac4cbf-5357-46c9-a4c7-d606aa10c74d" />
      <TestMethod codeBase="D:\actions-runner\_work\XPCO\XPCO\Corporate\VideoOS.Administration.WpfControls.UnitTests\bin\x64\Debug\net472\VideoOS.Administration.WpfControls.UnitTests.dll" adapterTypeName="executor://mstestadapter/v2" className="VideoOS.Administration.WpfControls.UnitTests.Mvvm.Converters.BoolToCollapsedConverterUnitTests" name="ConvertNonMatchingType" />
    </UnitTest>
    <UnitTest name="UpdateSelection_PreSelectSamePhysicalHardwareTest" storage="d:\actions-runner\_work\xpco\xpco\corporate\videoos.administration.wpfcontrols.unittests\bin\x64\debug\net472\videoos.administration.wpfcontrols.unittests.dll" id="3bf964e8-c5a6-3fe1-f316-c11f44c28a62">
      <Owners>
        <Owner name="max" />
      </Owners>
      <Execution id="f1945971-a3b7-455f-8f12-bc41147fe829" />
      <TestMethod codeBase="D:\actions-runner\_work\XPCO\XPCO\Corporate\VideoOS.Administration.WpfControls.UnitTests\bin\x64\Debug\net472\VideoOS.Administration.WpfControls.UnitTests.dll" adapterTypeName="executor://mstestadapter/v2" className="VideoOS.Administration.WpfControls.UnitTests.Wizards.ChangeHardwarePassword.PageViewModelHardwareSelectionTest" name="UpdateSelection_PreSelectSamePhysicalHardwareTest" />
    </UnitTest>
    <UnitTest name="NextCommand_CommandInvalidated_PageStatusChanged_InvalidToValidTest" storage="d:\actions-runner\_work\xpco\xpco\corporate\videoos.administration.wpfcontrols.unittests\bin\x64\debug\net472\videoos.administration.wpfcontrols.unittests.dll" id="70a14d5f-3546-0e27-fa10-5401ae9b66ba">
      <Owners>
        <Owner name="lsk" />
      </Owners>
      <Execution id="fb3190bc-4e94-4e62-a8d7-eb9e04b5e51f" />
      <TestMethod codeBase="D:\actions-runner\_work\XPCO\XPCO\Corporate\VideoOS.Administration.WpfControls.UnitTests\bin\x64\Debug\net472\VideoOS.Administration.WpfControls.UnitTests.dll" adapterTypeName="executor://mstestadapter/v2" className="VideoOS.Administration.WpfControls.UnitTests.Wizards.Common.WizardBaseViewModelTest" name="NextCommand_CommandInvalidated_PageStatusChanged_InvalidToValidTest" />
    </UnitTest>
    <UnitTest name="ScaleThresholdSliderViewModel_Binding_Test_Success" storage="d:\actions-runner\_work\xpco\xpco\corporate\videoos.administration.wpfcontrols.unittests\bin\x64\debug\net472\videoos.administration.wpfcontrols.unittests.dll" id="5e6badfc-f3b8-371e-4624-1d766d3da195">
      <TestCategory>
        <TestCategoryItem TestCategory="SystemMonitorEventThresholds" />
      </TestCategory>
      <Execution id="29c7c912-2831-4a50-b76a-86ff65672bdf" />
      <TestMethod codeBase="D:\actions-runner\_work\XPCO\XPCO\Corporate\VideoOS.Administration.WpfControls.UnitTests\bin\x64\Debug\net472\VideoOS.Administration.WpfControls.UnitTests.dll" adapterTypeName="executor://mstestadapter/v2" className="VideoOS.Administration.WpfControls.UnitTests.SystemMonitorEventThresholds.ViewModel.Slider.ScaleThresholdSliderViewModelTests" name="ScaleThresholdSliderViewModel_Binding_Test_Success" />
    </UnitTest>
    <UnitTest name="Convert_Seconds_UnderMinuteTest" storage="d:\actions-runner\_work\xpco\xpco\corporate\videoos.administration.wpfcontrols.unittests\bin\x64\debug\net472\videoos.administration.wpfcontrols.unittests.dll" id="16e3fee0-cbf2-422e-e9b5-7f637108b5d6">
      <Owners>
        <Owner name="lsk" />
      </Owners>
      <Execution id="cc9d6515-2d17-41fa-b1db-f64ac031d866" />
      <TestMethod codeBase="D:\actions-runner\_work\XPCO\XPCO\Corporate\VideoOS.Administration.WpfControls.UnitTests\bin\x64\Debug\net472\VideoOS.Administration.WpfControls.UnitTests.dll" adapterTypeName="executor://mstestadapter/v2" className="VideoOS.Administration.WpfControls.UnitTests.Wizards.MoveHardware.StorageRetentionTimeToStringValueConverterTest" name="Convert_Seconds_UnderMinuteTest" />
    </UnitTest>
    <UnitTest name="SortBaseCommon_Equality_SortBase_DifferentObjectsTest" storage="d:\actions-runner\_work\xpco\xpco\corporate\videoos.administration.wpfcontrols.unittests\bin\x64\debug\net472\videoos.administration.wpfcontrols.unittests.dll" id="b19b7300-d6a4-f3ea-792c-67e734ad2662">
      <Owners>
        <Owner name="lsk" />
      </Owners>
      <Execution id="ab23d853-7890-4a2c-af8b-fc3f7f834c98" />
      <TestMethod codeBase="D:\actions-runner\_work\XPCO\XPCO\Corporate\VideoOS.Administration.WpfControls.UnitTests\bin\x64\Debug\net472\VideoOS.Administration.WpfControls.UnitTests.dll" adapterTypeName="executor://mstestadapter/v2" className="VideoOS.Administration.WpfControls.UnitTests.Mvvm.Sort.SimpleSortTest" name="SortBaseCommon_Equality_SortBase_DifferentObjectsTest" />
    </UnitTest>
    <UnitTest name="PermissionCheckedCollectionWillBeFaultedIfPermissionDenied" storage="d:\actions-runner\_work\xpco\xpco\corporate\videoos.administration.wpfcontrols.unittests\bin\x64\debug\net472\videoos.administration.wpfcontrols.unittests.dll" id="720a4b77-94da-26bc-9892-109d89307339">
      <Execution id="497b854f-71e7-4cd7-8317-ee6bea7516b8" />
      <TestMethod codeBase="D:\actions-runner\_work\XPCO\XPCO\Corporate\VideoOS.Administration.WpfControls.UnitTests\bin\x64\Debug\net472\VideoOS.Administration.WpfControls.UnitTests.dll" adapterTypeName="executor://mstestadapter/v2" className="VideoOS.Administration.WpfControls.UnitTests.SystemMonitorEventThresholds.HandledVmoAccessTests" name="PermissionCheckedCollectionWillBeFaultedIfPermissionDenied" />
    </UnitTest>
    <UnitTest name="InitialFocus_SetEnabled_FrameworkElement_True_Focus_Called" storage="d:\actions-runner\_work\xpco\xpco\corporate\videoos.administration.wpfcontrols.unittests\bin\x64\debug\net472\videoos.administration.wpfcontrols.unittests.dll" id="42e3ec46-8434-fb59-57e1-2b220e65a4e0">
      <Execution id="7226593c-94b9-406e-9484-19389c44b4bb" />
      <TestMethod codeBase="D:\actions-runner\_work\XPCO\XPCO\Corporate\VideoOS.Administration.WpfControls.UnitTests\bin\x64\Debug\net472\VideoOS.Administration.WpfControls.UnitTests.dll" adapterTypeName="executor://mstestadapter/v2" className="VideoOS.Administration.WpfControls.UnitTests.Mvvm.InitialFocusUnitTest" name="InitialFocus_SetEnabled_FrameworkElement_True_Focus_Called" />
    </UnitTest>
    <UnitTest name="NavigatingTo_PreSelection_UnknownRecorderInDataTest" storage="d:\actions-runner\_work\xpco\xpco\corporate\videoos.administration.wpfcontrols.unittests\bin\x64\debug\net472\videoos.administration.wpfcontrols.unittests.dll" id="c53dea0a-9e9a-1893-c261-9cab4c7c3dae">
      <Owners>
        <Owner name="lsk" />
      </Owners>
      <Execution id="10c4153e-4662-42e5-ab10-2db3deff7eaa" />
      <TestMethod codeBase="D:\actions-runner\_work\XPCO\XPCO\Corporate\VideoOS.Administration.WpfControls.UnitTests\bin\x64\Debug\net472\VideoOS.Administration.WpfControls.UnitTests.dll" adapterTypeName="executor://mstestadapter/v2" className="VideoOS.Administration.WpfControls.UnitTests.Wizards.MoveHardware.PageViewModelDestinationStorageSelectionTest" name="NavigatingTo_PreSelection_UnknownRecorderInDataTest" />
    </UnitTest>
    <UnitTest name="NextCommand_NavigationCallbacks_DestinationTest" storage="d:\actions-runner\_work\xpco\xpco\corporate\videoos.administration.wpfcontrols.unittests\bin\x64\debug\net472\videoos.administration.wpfcontrols.unittests.dll" id="a31b0106-6089-033a-915d-3ed2fd2d699b">
      <Owners>
        <Owner name="lsk" />
      </Owners>
      <Execution id="dbaea742-778a-4da5-b122-8aa34b7603c1" />
      <TestMethod codeBase="D:\actions-runner\_work\XPCO\XPCO\Corporate\VideoOS.Administration.WpfControls.UnitTests\bin\x64\Debug\net472\VideoOS.Administration.WpfControls.UnitTests.dll" adapterTypeName="executor://mstestadapter/v2" className="VideoOS.Administration.WpfControls.UnitTests.Wizards.Common.WizardBaseViewModelTest" name="NextCommand_NavigationCallbacks_DestinationTest" />
    </UnitTest>
    <UnitTest name="NavigatingTo_NoChecksFail_HardwareSelected_NavigationCancelled" storage="d:\actions-runner\_work\xpco\xpco\corporate\videoos.administration.wpfcontrols.unittests\bin\x64\debug\net472\videoos.administration.wpfcontrols.unittests.dll" id="4ea48667-d983-3405-935a-eef2a514b591">
      <Execution id="6bf729dc-acd9-46c5-94cd-b94aa3251dae" />
      <TestMethod codeBase="D:\actions-runner\_work\XPCO\XPCO\Corporate\VideoOS.Administration.WpfControls.UnitTests\bin\x64\Debug\net472\VideoOS.Administration.WpfControls.UnitTests.dll" adapterTypeName="executor://mstestadapter/v2" className="VideoOS.Administration.WpfControls.UnitTests.Wizards.UpdateFirmware.ViewModel.PageViewModelFirmwareUpdatePreValidationTest" name="NavigatingTo_NoChecksFail_HardwareSelected_NavigationCancelled" />
    </UnitTest>
    <UnitTest name="SortBaseCommon_Reverse_ReverseOfReverseTest" storage="d:\actions-runner\_work\xpco\xpco\corporate\videoos.administration.wpfcontrols.unittests\bin\x64\debug\net472\videoos.administration.wpfcontrols.unittests.dll" id="add2eaed-7f68-7c19-41cd-e1df9d8acf43">
      <Owners>
        <Owner name="lsk" />
      </Owners>
      <Execution id="d8447e18-858f-44c3-b0be-02db0c194dca" />
      <TestMethod codeBase="D:\actions-runner\_work\XPCO\XPCO\Corporate\VideoOS.Administration.WpfControls.UnitTests\bin\x64\Debug\net472\VideoOS.Administration.WpfControls.UnitTests.dll" adapterTypeName="executor://mstestadapter/v2" className="VideoOS.Administration.WpfControls.UnitTests.Mvvm.Sort.SimpleSortTest" name="SortBaseCommon_Reverse_ReverseOfReverseTest" />
    </UnitTest>
    <UnitTest name="NavigatingTo_ExceptionHandling_OtherException_FindHardwareThrowsTest" storage="d:\actions-runner\_work\xpco\xpco\corporate\videoos.administration.wpfcontrols.unittests\bin\x64\debug\net472\videoos.administration.wpfcontrols.unittests.dll" id="bab771ff-13a5-b51d-4601-65f5e8e2a03c">
      <Owners>
        <Owner name="lsk" />
      </Owners>
      <Execution id="971deaf7-5f76-4b37-90d4-9632e8812b46" />
      <TestMethod codeBase="D:\actions-runner\_work\XPCO\XPCO\Corporate\VideoOS.Administration.WpfControls.UnitTests\bin\x64\Debug\net472\VideoOS.Administration.WpfControls.UnitTests.dll" adapterTypeName="executor://mstestadapter/v2" className="VideoOS.Administration.WpfControls.UnitTests.Wizards.MoveHardware.PageViewModelHardwareSelectionTest" name="NavigatingTo_ExceptionHandling_OtherException_FindHardwareThrowsTest" />
    </UnitTest>
    <UnitTest name="Convert_UsageOnly_AvailableZeroTest" storage="d:\actions-runner\_work\xpco\xpco\corporate\videoos.administration.wpfcontrols.unittests\bin\x64\debug\net472\videoos.administration.wpfcontrols.unittests.dll" id="1ea25282-4842-2678-a991-ae47cd37bd8c">
      <Owners>
        <Owner name="lsk" />
      </Owners>
      <Execution id="586f0505-e5ca-4727-a0d1-91454b81d76c" />
      <TestMethod codeBase="D:\actions-runner\_work\XPCO\XPCO\Corporate\VideoOS.Administration.WpfControls.UnitTests\bin\x64\Debug\net472\VideoOS.Administration.WpfControls.UnitTests.dll" adapterTypeName="executor://mstestadapter/v2" className="VideoOS.Administration.WpfControls.UnitTests.Wizards.MoveHardware.StorageUsageSummaryMultiValueConverterTest" name="Convert_UsageOnly_AvailableZeroTest" />
    </UnitTest>
    <UnitTest name="Convert_NewLines_Only_Gives_Empty_Output" storage="d:\actions-runner\_work\xpco\xpco\corporate\videoos.administration.wpfcontrols.unittests\bin\x64\debug\net472\videoos.administration.wpfcontrols.unittests.dll" id="dcb345bb-2a81-cf82-a922-e9b8e68f9b28">
      <Execution id="47c86857-453b-4700-9aa0-ad5a8fff38b6" />
      <TestMethod codeBase="D:\actions-runner\_work\XPCO\XPCO\Corporate\VideoOS.Administration.WpfControls.UnitTests\bin\x64\Debug\net472\VideoOS.Administration.WpfControls.UnitTests.dll" adapterTypeName="executor://mstestadapter/v2" className="VideoOS.Administration.WpfControls.UnitTests.Wizards.ChangeHardwarePassword.MultilineToSingleLineTextConverterUnitTests" name="Convert_NewLines_Only_Gives_Empty_Output" />
    </UnitTest>
    <UnitTest name="Constructor_NullPropertyTest" storage="d:\actions-runner\_work\xpco\xpco\corporate\videoos.administration.wpfcontrols.unittests\bin\x64\debug\net472\videoos.administration.wpfcontrols.unittests.dll" id="ddc799a4-a3b8-dc7a-53c1-7d8f32c294c9">
      <Owners>
        <Owner name="lsk" />
      </Owners>
      <Execution id="566d0343-cf43-46d6-b903-4acea74f65ce" />
      <TestMethod codeBase="D:\actions-runner\_work\XPCO\XPCO\Corporate\VideoOS.Administration.WpfControls.UnitTests\bin\x64\Debug\net472\VideoOS.Administration.WpfControls.UnitTests.dll" adapterTypeName="executor://mstestadapter/v2" className="VideoOS.Administration.WpfControls.UnitTests.Mvvm.Sort.SimpleSortWithFallbackTest" name="Constructor_NullPropertyTest" />
    </UnitTest>
    <UnitTest name="CurrentStatus_PostNavigatingTo_PreselectionTest" storage="d:\actions-runner\_work\xpco\xpco\corporate\videoos.administration.wpfcontrols.unittests\bin\x64\debug\net472\videoos.administration.wpfcontrols.unittests.dll" id="9d73d2de-0de2-5123-d14f-3b031bc6ae44">
      <Owners>
        <Owner name="lsk" />
      </Owners>
      <Execution id="33be0a11-48cd-4f5d-86f0-b8f4b19fed31" />
      <TestMethod codeBase="D:\actions-runner\_work\XPCO\XPCO\Corporate\VideoOS.Administration.WpfControls.UnitTests\bin\x64\Debug\net472\VideoOS.Administration.WpfControls.UnitTests.dll" adapterTypeName="executor://mstestadapter/v2" className="VideoOS.Administration.WpfControls.UnitTests.Wizards.MoveHardware.PageViewModelDestinationRecorderSelectionTest" name="CurrentStatus_PostNavigatingTo_PreselectionTest" />
    </UnitTest>
    <UnitTest name="NavigatingTo_UnsuccessfulChange_OperationsStatusError" storage="d:\actions-runner\_work\xpco\xpco\corporate\videoos.administration.wpfcontrols.unittests\bin\x64\debug\net472\videoos.administration.wpfcontrols.unittests.dll" id="c9a40857-5dc1-9213-47d9-c2166ce29db1">
      <Owners>
        <Owner name="max" />
      </Owners>
      <Execution id="659034b3-294d-423a-b860-d36426f8dd1f" />
      <TestMethod codeBase="D:\actions-runner\_work\XPCO\XPCO\Corporate\VideoOS.Administration.WpfControls.UnitTests\bin\x64\Debug\net472\VideoOS.Administration.WpfControls.UnitTests.dll" adapterTypeName="executor://mstestadapter/v2" className="VideoOS.Administration.WpfControls.UnitTests.Wizards.ChangeHardwarePassword.PageViewModelChangeHardwarePasswordProgressTest" name="NavigatingTo_UnsuccessfulChange_OperationsStatusError" />
    </UnitTest>
    <UnitTest name="Convert_IsNullOrWhiteSpace_Null_Input_Returns_TrueResult" storage="d:\actions-runner\_work\xpco\xpco\corporate\videoos.administration.wpfcontrols.unittests\bin\x64\debug\net472\videoos.administration.wpfcontrols.unittests.dll" id="770b9801-4690-1bc5-6bdf-3ddba81a86d2">
      <Execution id="097a39cc-0b21-4447-8152-afaf9349288f" />
      <TestMethod codeBase="D:\actions-runner\_work\XPCO\XPCO\Corporate\VideoOS.Administration.WpfControls.UnitTests\bin\x64\Debug\net472\VideoOS.Administration.WpfControls.UnitTests.dll" adapterTypeName="executor://mstestadapter/v2" className="VideoOS.Administration.WpfControls.UnitTests.Mvvm.Converters.StringMethodResultConverterUnitTests" name="Convert_IsNullOrWhiteSpace_Null_Input_Returns_TrueResult" />
    </UnitTest>
    <UnitTest name="Convert_ToValue_BothValidTest" storage="d:\actions-runner\_work\xpco\xpco\corporate\videoos.administration.wpfcontrols.unittests\bin\x64\debug\net472\videoos.administration.wpfcontrols.unittests.dll" id="051cea69-508d-00ec-49e7-f29a5b42f816">
      <Owners>
        <Owner name="lsk" />
      </Owners>
      <Execution id="296d9fe2-0f26-422f-990f-39f71f193963" />
      <TestMethod codeBase="D:\actions-runner\_work\XPCO\XPCO\Corporate\VideoOS.Administration.WpfControls.UnitTests\bin\x64\Debug\net472\VideoOS.Administration.WpfControls.UnitTests.dll" adapterTypeName="executor://mstestadapter/v2" className="VideoOS.Administration.WpfControls.UnitTests.Wizards.MoveHardware.UsagePercentageMultiValueConverterTest" name="Convert_ToValue_BothValidTest" />
    </UnitTest>
    <UnitTest name="Constructor_PropertyNullTest" storage="d:\actions-runner\_work\xpco\xpco\corporate\videoos.administration.wpfcontrols.unittests\bin\x64\debug\net472\videoos.administration.wpfcontrols.unittests.dll" id="b800d68e-c0ef-e59f-6608-2e15ecc49dd7">
      <Owners>
        <Owner name="lsk" />
      </Owners>
      <Execution id="d23b1d5f-2aa9-4679-a9ef-a1b3f0bf653d" />
      <TestMethod codeBase="D:\actions-runner\_work\XPCO\XPCO\Corporate\VideoOS.Administration.WpfControls.UnitTests\bin\x64\Debug\net472\VideoOS.Administration.WpfControls.UnitTests.dll" adapterTypeName="executor://mstestadapter/v2" className="VideoOS.Administration.WpfControls.UnitTests.Mvvm.Sort.SimpleSortTest" name="Constructor_PropertyNullTest" />
    </UnitTest>
    <UnitTest name="ThresholdSliderViewModel_InvalidInput4" storage="d:\actions-runner\_work\xpco\xpco\corporate\videoos.administration.wpfcontrols.unittests\bin\x64\debug\net472\videoos.administration.wpfcontrols.unittests.dll" id="b6dd8ab4-717a-bff3-9ff7-c871d991948d">
      <TestCategory>
        <TestCategoryItem TestCategory="SystemMonitorEventThresholds" />
      </TestCategory>
      <Execution id="a7d73395-2c67-44a0-8e72-f1717f17a6ef" />
      <TestMethod codeBase="D:\actions-runner\_work\XPCO\XPCO\Corporate\VideoOS.Administration.WpfControls.UnitTests\bin\x64\Debug\net472\VideoOS.Administration.WpfControls.UnitTests.dll" adapterTypeName="executor://mstestadapter/v2" className="VideoOS.Administration.WpfControls.UnitTests.SystemMonitorEventThresholds.ViewModel.Slider.ThresholdSliderViewModelTests" name="ThresholdSliderViewModel_InvalidInput4" />
    </UnitTest>
    <UnitTest name="Convert_ToBool_BothInvalidTest" storage="d:\actions-runner\_work\xpco\xpco\corporate\videoos.administration.wpfcontrols.unittests\bin\x64\debug\net472\videoos.administration.wpfcontrols.unittests.dll" id="1617597d-bf88-945d-8f00-fba5da581d8c">
      <Owners>
        <Owner name="lsk" />
      </Owners>
      <Execution id="91c88f45-9da5-4029-adc0-0cbb867d3b4a" />
      <TestMethod codeBase="D:\actions-runner\_work\XPCO\XPCO\Corporate\VideoOS.Administration.WpfControls.UnitTests\bin\x64\Debug\net472\VideoOS.Administration.WpfControls.UnitTests.dll" adapterTypeName="executor://mstestadapter/v2" className="VideoOS.Administration.WpfControls.UnitTests.Wizards.MoveHardware.UsagePercentageMultiValueConverterTest" name="Convert_ToBool_BothInvalidTest" />
    </UnitTest>
    <UnitTest name="UpdateSelection_Garbage_NonExistentHardwareTest" storage="d:\actions-runner\_work\xpco\xpco\corporate\videoos.administration.wpfcontrols.unittests\bin\x64\debug\net472\videoos.administration.wpfcontrols.unittests.dll" id="95b1d03a-18fd-f584-536b-f90a32b3e60a">
      <Owners>
        <Owner name="lsk" />
      </Owners>
      <Execution id="01875869-00e0-4896-a377-074b94acb900" />
      <TestMethod codeBase="D:\actions-runner\_work\XPCO\XPCO\Corporate\VideoOS.Administration.WpfControls.UnitTests\bin\x64\Debug\net472\VideoOS.Administration.WpfControls.UnitTests.dll" adapterTypeName="executor://mstestadapter/v2" className="VideoOS.Administration.WpfControls.UnitTests.Wizards.MoveHardware.PageViewModelHardwareSelectionTest" name="UpdateSelection_Garbage_NonExistentHardwareTest" />
    </UnitTest>
    <UnitTest name="Convert_ToBool_AvailableOnly_UsageNullTest" storage="d:\actions-runner\_work\xpco\xpco\corporate\videoos.administration.wpfcontrols.unittests\bin\x64\debug\net472\videoos.administration.wpfcontrols.unittests.dll" id="454d75b8-e2b0-01bf-ca2d-fe96ce2e44f6">
      <Owners>
        <Owner name="lsk" />
      </Owners>
      <Execution id="8bad283c-0dfb-4f4b-a722-9adf2755f273" />
      <TestMethod codeBase="D:\actions-runner\_work\XPCO\XPCO\Corporate\VideoOS.Administration.WpfControls.UnitTests\bin\x64\Debug\net472\VideoOS.Administration.WpfControls.UnitTests.dll" adapterTypeName="executor://mstestadapter/v2" className="VideoOS.Administration.WpfControls.UnitTests.Wizards.MoveHardware.UsagePercentageMultiValueConverterTest" name="Convert_ToBool_AvailableOnly_UsageNullTest" />
    </UnitTest>
    <UnitTest name="NavigatingTo_Selection_FromData_UnavailableItemsTest" storage="d:\actions-runner\_work\xpco\xpco\corporate\videoos.administration.wpfcontrols.unittests\bin\x64\debug\net472\videoos.administration.wpfcontrols.unittests.dll" id="12e1e94d-37b4-6153-c045-578e74c5b2f3">
      <Owners>
        <Owner name="lsk" />
      </Owners>
      <Execution id="f6f73dad-247e-4525-a9ee-60ac4b2ad8d7" />
      <TestMethod codeBase="D:\actions-runner\_work\XPCO\XPCO\Corporate\VideoOS.Administration.WpfControls.UnitTests\bin\x64\Debug\net472\VideoOS.Administration.WpfControls.UnitTests.dll" adapterTypeName="executor://mstestadapter/v2" className="VideoOS.Administration.WpfControls.UnitTests.Wizards.MoveHardware.PageViewModelHardwareSelectionTest" name="NavigatingTo_Selection_FromData_UnavailableItemsTest" />
    </UnitTest>
    <UnitTest name="Constructor_NullDataTest_Data" storage="d:\actions-runner\_work\xpco\xpco\corporate\videoos.administration.wpfcontrols.unittests\bin\x64\debug\net472\videoos.administration.wpfcontrols.unittests.dll" id="3e390018-cbd0-3fab-3227-c2bdc212e7a4">
      <Owners>
        <Owner name="ale" />
      </Owners>
      <Execution id="deffb0aa-7e8e-49d6-9969-cfdaadc4c58e" />
      <TestMethod codeBase="D:\actions-runner\_work\XPCO\XPCO\Corporate\VideoOS.Administration.WpfControls.UnitTests\bin\x64\Debug\net472\VideoOS.Administration.WpfControls.UnitTests.dll" adapterTypeName="executor://mstestadapter/v2" className="VideoOS.Administration.WpfControls.UnitTests.Wizards.UpdateFirmware.ViewModel.PageViewModelFirmwareUpdateTest" name="Constructor_NullDataTest_Data" />
    </UnitTest>
    <UnitTest name="Convert_Null_TragetType_Throws_ArgumentNullException" storage="d:\actions-runner\_work\xpco\xpco\corporate\videoos.administration.wpfcontrols.unittests\bin\x64\debug\net472\videoos.administration.wpfcontrols.unittests.dll" id="38c367f3-e1bb-c75a-7102-223768ab5f46">
      <Execution id="11fb9641-91cf-4be8-b98d-8792c6f0dfe5" />
      <TestMethod codeBase="D:\actions-runner\_work\XPCO\XPCO\Corporate\VideoOS.Administration.WpfControls.UnitTests\bin\x64\Debug\net472\VideoOS.Administration.WpfControls.UnitTests.dll" adapterTypeName="executor://mstestadapter/v2" className="VideoOS.Administration.WpfControls.UnitTests.Wizards.ChangeHardwarePassword.MultilineToSingleLineTextConverterUnitTests" name="Convert_Null_TragetType_Throws_ArgumentNullException" />
    </UnitTest>
    <UnitTest name="Validate_WithPasswordManualEntry_ForbiddenSymbols_SucceedsForMultiplePasswordChange" storage="d:\actions-runner\_work\xpco\xpco\corporate\videoos.administration.wpfcontrols.unittests\bin\x64\debug\net472\videoos.administration.wpfcontrols.unittests.dll" id="7f969016-ac4d-f197-264f-3ad7c512794a">
      <Owners>
        <Owner name="max" />
      </Owners>
      <Execution id="ff3f38d3-3645-4199-a759-3fd6e51f0af5" />
      <TestMethod codeBase="D:\actions-runner\_work\XPCO\XPCO\Corporate\VideoOS.Administration.WpfControls.UnitTests\bin\x64\Debug\net472\VideoOS.Administration.WpfControls.UnitTests.dll" adapterTypeName="executor://mstestadapter/v2" className="VideoOS.Administration.WpfControls.UnitTests.Wizards.ChangeHardwarePassword.PageViewModelChangeHardwarePasswordTest" name="Validate_WithPasswordManualEntry_ForbiddenSymbols_SucceedsForMultiplePasswordChange" />
    </UnitTest>
    <UnitTest name="TabViewModel_Success" storage="d:\actions-runner\_work\xpco\xpco\corporate\videoos.administration.wpfcontrols.unittests\bin\x64\debug\net472\videoos.administration.wpfcontrols.unittests.dll" id="72c831f0-72d6-a051-1248-fc9c6e6bb478">
      <TestCategory>
        <TestCategoryItem TestCategory="SystemMonitorEventThresholds" />
      </TestCategory>
      <Execution id="312f10ad-5de2-420d-809c-d188e43487b9" />
      <TestMethod codeBase="D:\actions-runner\_work\XPCO\XPCO\Corporate\VideoOS.Administration.WpfControls.UnitTests\bin\x64\Debug\net472\VideoOS.Administration.WpfControls.UnitTests.dll" adapterTypeName="executor://mstestadapter/v2" className="VideoOS.Administration.WpfControls.UnitTests.SystemMonitorEventThresholds.ViewModel.Tabs.TabViewModelTests" name="TabViewModel_Success" />
    </UnitTest>
    <UnitTest name="ConvertFalseToHiddenTest" storage="d:\actions-runner\_work\xpco\xpco\corporate\videoos.administration.wpfcontrols.unittests\bin\x64\debug\net472\videoos.administration.wpfcontrols.unittests.dll" id="fcfb7573-cd39-006e-136b-f37556763b5f">
      <Execution id="0d5a628f-b71b-4ff1-918f-c012e61cabe6" />
      <TestMethod codeBase="D:\actions-runner\_work\XPCO\XPCO\Corporate\VideoOS.Administration.WpfControls.UnitTests\bin\x64\Debug\net472\VideoOS.Administration.WpfControls.UnitTests.dll" adapterTypeName="executor://mstestadapter/v2" className="VideoOS.Administration.WpfControls.UnitTests.Mvvm.Converters.BoolToCollapsedConverterUnitTests" name="ConvertFalseToHiddenTest" />
    </UnitTest>
    <UnitTest name="NavigatingTo_CheckPreselectedRecorderHasHardware_False_NavigationNotCancelled" storage="d:\actions-runner\_work\xpco\xpco\corporate\videoos.administration.wpfcontrols.unittests\bin\x64\debug\net472\videoos.administration.wpfcontrols.unittests.dll" id="bfce2dbf-17b5-a18a-d2d7-32e87da69023">
      <Execution id="33d4fa97-f02d-4504-bf26-d811934848f4" />
      <TestMethod codeBase="D:\actions-runner\_work\XPCO\XPCO\Corporate\VideoOS.Administration.WpfControls.UnitTests\bin\x64\Debug\net472\VideoOS.Administration.WpfControls.UnitTests.dll" adapterTypeName="executor://mstestadapter/v2" className="VideoOS.Administration.WpfControls.UnitTests.Wizards.MoveHardware.ViewModel.PageViewModelPreValidationTest" name="NavigatingTo_CheckPreselectedRecorderHasHardware_False_NavigationNotCancelled" />
    </UnitTest>
    <UnitTest name="NavigatingTo_Selection_FromData_UnavailableItemsTest" storage="d:\actions-runner\_work\xpco\xpco\corporate\videoos.administration.wpfcontrols.unittests\bin\x64\debug\net472\videoos.administration.wpfcontrols.unittests.dll" id="3b910f72-e7f0-2f69-c0c5-a8d5c6d738e1">
      <Owners>
        <Owner name="max" />
      </Owners>
      <Execution id="0d7f3643-f21a-4226-bf2d-5b6765b50e36" />
      <TestMethod codeBase="D:\actions-runner\_work\XPCO\XPCO\Corporate\VideoOS.Administration.WpfControls.UnitTests\bin\x64\Debug\net472\VideoOS.Administration.WpfControls.UnitTests.dll" adapterTypeName="executor://mstestadapter/v2" className="VideoOS.Administration.WpfControls.UnitTests.Wizards.ChangeHardwarePassword.PageViewModelHardwareSelectionTest" name="NavigatingTo_Selection_FromData_UnavailableItemsTest" />
    </UnitTest>
    <UnitTest name="SortBaseCommon_Equality_SortBase_NullTest" storage="d:\actions-runner\_work\xpco\xpco\corporate\videoos.administration.wpfcontrols.unittests\bin\x64\debug\net472\videoos.administration.wpfcontrols.unittests.dll" id="74a375ca-464c-73e2-54e8-5f203390ff61">
      <Owners>
        <Owner name="lsk" />
      </Owners>
      <Execution id="f14916b7-4b37-43a2-b461-bd9ee48306ff" />
      <TestMethod codeBase="D:\actions-runner\_work\XPCO\XPCO\Corporate\VideoOS.Administration.WpfControls.UnitTests\bin\x64\Debug\net472\VideoOS.Administration.WpfControls.UnitTests.dll" adapterTypeName="executor://mstestadapter/v2" className="VideoOS.Administration.WpfControls.UnitTests.Mvvm.Sort.SimpleSortWithFallbackTest" name="SortBaseCommon_Equality_SortBase_NullTest" />
    </UnitTest>
    <UnitTest name="ConvertFalseToHiddenTest" storage="d:\actions-runner\_work\xpco\xpco\corporate\videoos.administration.wpfcontrols.unittests\bin\x64\debug\net472\videoos.administration.wpfcontrols.unittests.dll" id="6728fde2-9794-3677-61d7-85095bb760ac">
      <Execution id="81d89560-dd89-4472-b00c-aefce2db329d" />
      <TestMethod codeBase="D:\actions-runner\_work\XPCO\XPCO\Corporate\VideoOS.Administration.WpfControls.UnitTests\bin\x64\Debug\net472\VideoOS.Administration.WpfControls.UnitTests.dll" adapterTypeName="executor://mstestadapter/v2" className="VideoOS.Administration.WpfControls.UnitTests.Mvvm.Converters.InverseBoolToCollapsedConverterUnitTests" name="ConvertFalseToHiddenTest" />
    </UnitTest>
    <UnitTest name="SortBaseCommon_Reverse_NotNull" storage="d:\actions-runner\_work\xpco\xpco\corporate\videoos.administration.wpfcontrols.unittests\bin\x64\debug\net472\videoos.administration.wpfcontrols.unittests.dll" id="eabb2189-2fee-f6a8-9b5c-81edc95ef937">
      <Owners>
        <Owner name="lsk" />
      </Owners>
      <Execution id="741b1c33-1220-44f8-b027-af23a781cb53" />
      <TestMethod codeBase="D:\actions-runner\_work\XPCO\XPCO\Corporate\VideoOS.Administration.WpfControls.UnitTests\bin\x64\Debug\net472\VideoOS.Administration.WpfControls.UnitTests.dll" adapterTypeName="executor://mstestadapter/v2" className="VideoOS.Administration.WpfControls.UnitTests.Mvvm.Sort.SimpleSortWithFallbackTest" name="SortBaseCommon_Reverse_NotNull" />
    </UnitTest>
    <UnitTest name="Validate_WithPasswordManualEntry_ForbiddenSymbols_Fails" storage="d:\actions-runner\_work\xpco\xpco\corporate\videoos.administration.wpfcontrols.unittests\bin\x64\debug\net472\videoos.administration.wpfcontrols.unittests.dll" id="e10034ba-9457-7d48-f4ba-a0872b64758b">
      <Owners>
        <Owner name="max" />
      </Owners>
      <Execution id="0e30841c-5d72-405e-b81b-6f7a9c118142" />
      <TestMethod codeBase="D:\actions-runner\_work\XPCO\XPCO\Corporate\VideoOS.Administration.WpfControls.UnitTests\bin\x64\Debug\net472\VideoOS.Administration.WpfControls.UnitTests.dll" adapterTypeName="executor://mstestadapter/v2" className="VideoOS.Administration.WpfControls.UnitTests.Wizards.ChangeHardwarePassword.PageViewModelChangeHardwarePasswordTest" name="Validate_WithPasswordManualEntry_ForbiddenSymbols_Fails" />
    </UnitTest>
    <UnitTest name="NavigatingTo_NoChecksFail_HardwareSelected_NavigationCancelled" storage="d:\actions-runner\_work\xpco\xpco\corporate\videoos.administration.wpfcontrols.unittests\bin\x64\debug\net472\videoos.administration.wpfcontrols.unittests.dll" id="842c3777-724f-a6c4-be4c-c9bb68611fca">
      <Execution id="1b715ad9-87e0-4732-b510-2e2b7fb7f71c" />
      <TestMethod codeBase="D:\actions-runner\_work\XPCO\XPCO\Corporate\VideoOS.Administration.WpfControls.UnitTests\bin\x64\Debug\net472\VideoOS.Administration.WpfControls.UnitTests.dll" adapterTypeName="executor://mstestadapter/v2" className="VideoOS.Administration.WpfControls.UnitTests.Wizards.MoveHardware.ViewModel.PageViewModelPreValidationTest" name="NavigatingTo_NoChecksFail_HardwareSelected_NavigationCancelled" />
    </UnitTest>
    <UnitTest name="NavigatingTo_PasswordAutogeneration_SelectedByDefault" storage="d:\actions-runner\_work\xpco\xpco\corporate\videoos.administration.wpfcontrols.unittests\bin\x64\debug\net472\videoos.administration.wpfcontrols.unittests.dll" id="4a0b7cbb-9f7b-cbda-f421-d1a84d7086e8">
      <Owners>
        <Owner name="max" />
      </Owners>
      <Execution id="48bc3a3f-663c-4b22-a72f-ccd5b9815997" />
      <TestMethod codeBase="D:\actions-runner\_work\XPCO\XPCO\Corporate\VideoOS.Administration.WpfControls.UnitTests\bin\x64\Debug\net472\VideoOS.Administration.WpfControls.UnitTests.dll" adapterTypeName="executor://mstestadapter/v2" className="VideoOS.Administration.WpfControls.UnitTests.Wizards.ChangeHardwarePassword.PageViewModelChangeHardwarePasswordTest" name="NavigatingTo_PasswordAutogeneration_SelectedByDefault" />
    </UnitTest>
    <UnitTest name="ConvertBack_InvalidOperationException" storage="d:\actions-runner\_work\xpco\xpco\corporate\videoos.administration.wpfcontrols.unittests\bin\x64\debug\net472\videoos.administration.wpfcontrols.unittests.dll" id="7f37cb27-9a48-5cfa-81d4-67f4e61f026b">
      <Execution id="c92b031f-7f4a-48a0-88b7-2c9c18289ce5" />
      <TestMethod codeBase="D:\actions-runner\_work\XPCO\XPCO\Corporate\VideoOS.Administration.WpfControls.UnitTests\bin\x64\Debug\net472\VideoOS.Administration.WpfControls.UnitTests.dll" adapterTypeName="executor://mstestadapter/v2" className="VideoOS.Administration.WpfControls.UnitTests.Wizards.MoveHardware.ValidationErrorToStringValueConverterUnitTests" name="ConvertBack_InvalidOperationException" />
    </UnitTest>
    <UnitTest name="ThresholdSliderViewModel_Success" storage="d:\actions-runner\_work\xpco\xpco\corporate\videoos.administration.wpfcontrols.unittests\bin\x64\debug\net472\videoos.administration.wpfcontrols.unittests.dll" id="8803f24b-21d1-6eb1-d2ec-b2b0cb5558b0">
      <TestCategory>
        <TestCategoryItem TestCategory="SystemMonitorEventThresholds" />
      </TestCategory>
      <Execution id="8fe884aa-2673-46b6-8ff3-503228c5e1d0" />
      <TestMethod codeBase="D:\actions-runner\_work\XPCO\XPCO\Corporate\VideoOS.Administration.WpfControls.UnitTests\bin\x64\Debug\net472\VideoOS.Administration.WpfControls.UnitTests.dll" adapterTypeName="executor://mstestadapter/v2" className="VideoOS.Administration.WpfControls.UnitTests.SystemMonitorEventThresholds.ViewModel.Slider.ThresholdSliderViewModelTests" name="ThresholdSliderViewModel_Success" />
    </UnitTest>
    <UnitTest name="SelectionChanged_NoEventIfSelectionDoesNotChangeTest" storage="d:\actions-runner\_work\xpco\xpco\corporate\videoos.administration.wpfcontrols.unittests\bin\x64\debug\net472\videoos.administration.wpfcontrols.unittests.dll" id="10e1eae9-c292-aa86-d0ad-c125edac0057">
      <Owners>
        <Owner name="max" />
      </Owners>
      <Execution id="ddc416bd-0ff1-4608-8934-e56aea7c73b5" />
      <TestMethod codeBase="D:\actions-runner\_work\XPCO\XPCO\Corporate\VideoOS.Administration.WpfControls.UnitTests\bin\x64\Debug\net472\VideoOS.Administration.WpfControls.UnitTests.dll" adapterTypeName="executor://mstestadapter/v2" className="VideoOS.Administration.WpfControls.UnitTests.Wizards.ChangeHardwarePassword.PageViewModelHardwareSelectionTest" name="SelectionChanged_NoEventIfSelectionDoesNotChangeTest" />
    </UnitTest>
    <UnitTest name="Constructor_WhitespacePropertyTest" storage="d:\actions-runner\_work\xpco\xpco\corporate\videoos.administration.wpfcontrols.unittests\bin\x64\debug\net472\videoos.administration.wpfcontrols.unittests.dll" id="02075e43-4828-bcaa-7b84-76aedd69c27f">
      <Owners>
        <Owner name="lsk" />
      </Owners>
      <Execution id="c62e6d54-76a7-4412-b68a-f578e3027ea0" />
      <TestMethod codeBase="D:\actions-runner\_work\XPCO\XPCO\Corporate\VideoOS.Administration.WpfControls.UnitTests\bin\x64\Debug\net472\VideoOS.Administration.WpfControls.UnitTests.dll" adapterTypeName="executor://mstestadapter/v2" className="VideoOS.Administration.WpfControls.UnitTests.Mvvm.Sort.SimpleSortWithFallbackTest" name="Constructor_WhitespacePropertyTest" />
    </UnitTest>
    <UnitTest name="HandledVmoAccessTests_ProperReturnValueIfVmoUnathorizedAccessException" storage="d:\actions-runner\_work\xpco\xpco\corporate\videoos.administration.wpfcontrols.unittests\bin\x64\debug\net472\videoos.administration.wpfcontrols.unittests.dll" id="93197305-5f41-743a-030b-561e6ec2e720">
      <Execution id="b297939d-6dcb-4163-a0e8-7f3e7984a39c" />
      <TestMethod codeBase="D:\actions-runner\_work\XPCO\XPCO\Corporate\VideoOS.Administration.WpfControls.UnitTests\bin\x64\Debug\net472\VideoOS.Administration.WpfControls.UnitTests.dll" adapterTypeName="executor://mstestadapter/v2" className="VideoOS.Administration.WpfControls.UnitTests.SystemMonitorEventThresholds.HandledVmoAccessTests" name="HandledVmoAccessTests_ProperReturnValueIfVmoUnathorizedAccessException" />
    </UnitTest>
    <UnitTest name="NewInstance_StateValidationTest" storage="d:\actions-runner\_work\xpco\xpco\corporate\videoos.administration.wpfcontrols.unittests\bin\x64\debug\net472\videoos.administration.wpfcontrols.unittests.dll" id="869bc4bf-7cf9-9f00-69cb-d737cbcad77d">
      <Owners>
        <Owner name="lsk" />
      </Owners>
      <Execution id="3b472790-57bf-4146-95a0-ca264c12d3a5" />
      <TestMethod codeBase="D:\actions-runner\_work\XPCO\XPCO\Corporate\VideoOS.Administration.WpfControls.UnitTests\bin\x64\Debug\net472\VideoOS.Administration.WpfControls.UnitTests.dll" adapterTypeName="executor://mstestadapter/v2" className="VideoOS.Administration.WpfControls.UnitTests.Wizards.Common.WizardBaseViewModelTest" name="NewInstance_StateValidationTest" />
    </UnitTest>
    <UnitTest name="Convert_ToBool_UsageOnly_AvailableZeroTest" storage="d:\actions-runner\_work\xpco\xpco\corporate\videoos.administration.wpfcontrols.unittests\bin\x64\debug\net472\videoos.administration.wpfcontrols.unittests.dll" id="a4d7c98d-bffc-e333-66b1-42e7b83cba4b">
      <Owners>
        <Owner name="lsk" />
      </Owners>
      <Execution id="9e02943b-c8c9-4f96-a3a9-ac5bc772c9a0" />
      <TestMethod codeBase="D:\actions-runner\_work\XPCO\XPCO\Corporate\VideoOS.Administration.WpfControls.UnitTests\bin\x64\Debug\net472\VideoOS.Administration.WpfControls.UnitTests.dll" adapterTypeName="executor://mstestadapter/v2" className="VideoOS.Administration.WpfControls.UnitTests.Wizards.MoveHardware.UsagePercentageMultiValueConverterTest" name="Convert_ToBool_UsageOnly_AvailableZeroTest" />
    </UnitTest>
    <UnitTest name="NavigatingTo_ExceptionHandling_OtherException_PreselectedThrowsTest" storage="d:\actions-runner\_work\xpco\xpco\corporate\videoos.administration.wpfcontrols.unittests\bin\x64\debug\net472\videoos.administration.wpfcontrols.unittests.dll" id="244baee8-6235-42ec-0302-cf2c28a5d4a2">
      <Owners>
        <Owner name="max" />
      </Owners>
      <Execution id="2376157b-d77b-48c5-bbcc-d4aa4f4bee3a" />
      <TestMethod codeBase="D:\actions-runner\_work\XPCO\XPCO\Corporate\VideoOS.Administration.WpfControls.UnitTests\bin\x64\Debug\net472\VideoOS.Administration.WpfControls.UnitTests.dll" adapterTypeName="executor://mstestadapter/v2" className="VideoOS.Administration.WpfControls.UnitTests.Wizards.ChangeHardwarePassword.PageViewModelHardwareSelectionTest" name="NavigatingTo_ExceptionHandling_OtherException_PreselectedThrowsTest" />
    </UnitTest>
    <UnitTest name="Validate_EmptyFirmwareFilePath_Fails" storage="d:\actions-runner\_work\xpco\xpco\corporate\videoos.administration.wpfcontrols.unittests\bin\x64\debug\net472\videoos.administration.wpfcontrols.unittests.dll" id="4c4c99ac-7c82-53a9-f3e3-4584a00b8bf7">
      <Owners>
        <Owner name="ale" />
      </Owners>
      <Execution id="65734667-5270-4bc0-96d2-4e25072ab544" />
      <TestMethod codeBase="D:\actions-runner\_work\XPCO\XPCO\Corporate\VideoOS.Administration.WpfControls.UnitTests\bin\x64\Debug\net472\VideoOS.Administration.WpfControls.UnitTests.dll" adapterTypeName="executor://mstestadapter/v2" className="VideoOS.Administration.WpfControls.UnitTests.Wizards.UpdateFirmware.ViewModel.PageViewModelFirmwareUpdateTest" name="Validate_EmptyFirmwareFilePath_Fails" />
    </UnitTest>
    <UnitTest name="SortEquality_ReverseSorts" storage="d:\actions-runner\_work\xpco\xpco\corporate\videoos.administration.wpfcontrols.unittests\bin\x64\debug\net472\videoos.administration.wpfcontrols.unittests.dll" id="877408a3-40e3-bcfc-c06c-a50c1343cb03">
      <Execution id="654fb882-9349-4bd9-b649-7d29accf8cbb" />
      <TestMethod codeBase="D:\actions-runner\_work\XPCO\XPCO\Corporate\VideoOS.Administration.WpfControls.UnitTests\bin\x64\Debug\net472\VideoOS.Administration.WpfControls.UnitTests.dll" adapterTypeName="executor://mstestadapter/v2" className="VideoOS.Administration.WpfControls.UnitTests.Wizards.Common.TwoSortsToSortEqualityMultiValueConverterTest" name="SortEquality_ReverseSorts" />
    </UnitTest>
    <UnitTest name="SortBaseCommon_IsEquivalentOf_SortDescriptionCollection_NullTest" storage="d:\actions-runner\_work\xpco\xpco\corporate\videoos.administration.wpfcontrols.unittests\bin\x64\debug\net472\videoos.administration.wpfcontrols.unittests.dll" id="f3ff7ea0-e10b-3e83-9f9b-d76ecada8625">
      <Owners>
        <Owner name="lsk" />
      </Owners>
      <Execution id="be255472-4c6e-4d48-bb4e-04083bf5b350" />
      <TestMethod codeBase="D:\actions-runner\_work\XPCO\XPCO\Corporate\VideoOS.Administration.WpfControls.UnitTests\bin\x64\Debug\net472\VideoOS.Administration.WpfControls.UnitTests.dll" adapterTypeName="executor://mstestadapter/v2" className="VideoOS.Administration.WpfControls.UnitTests.Mvvm.Sort.SimpleSortTest" name="SortBaseCommon_IsEquivalentOf_SortDescriptionCollection_NullTest" />
    </UnitTest>
    <UnitTest name="Constructor_WhitespaceFallbackPropertyTest" storage="d:\actions-runner\_work\xpco\xpco\corporate\videoos.administration.wpfcontrols.unittests\bin\x64\debug\net472\videoos.administration.wpfcontrols.unittests.dll" id="cbf1a55c-06e0-b06b-c5b7-7c0d1f2cf674">
      <Owners>
        <Owner name="lsk" />
      </Owners>
      <Execution id="9de628dc-91bd-4df6-9c4a-0e3678560e4a" />
      <TestMethod codeBase="D:\actions-runner\_work\XPCO\XPCO\Corporate\VideoOS.Administration.WpfControls.UnitTests\bin\x64\Debug\net472\VideoOS.Administration.WpfControls.UnitTests.dll" adapterTypeName="executor://mstestadapter/v2" className="VideoOS.Administration.WpfControls.UnitTests.Mvvm.Sort.SimpleSortWithFallbackTest" name="Constructor_WhitespaceFallbackPropertyTest" />
    </UnitTest>
    <UnitTest name="NonEmptyStringConvertsToVisible" storage="d:\actions-runner\_work\xpco\xpco\corporate\videoos.administration.wpfcontrols.unittests\bin\x64\debug\net472\videoos.administration.wpfcontrols.unittests.dll" id="df7f62f9-5ef7-21d6-3351-81f945f933e9">
      <Execution id="3f77b15b-4caa-4d72-a4c9-4ffdb6de6367" />
      <TestMethod codeBase="D:\actions-runner\_work\XPCO\XPCO\Corporate\VideoOS.Administration.WpfControls.UnitTests\bin\x64\Debug\net472\VideoOS.Administration.WpfControls.UnitTests.dll" adapterTypeName="executor://mstestadapter/v2" className="VideoOS.Administration.WpfControls.UnitTests.HardwareSetupDialog.Converters.NotEmptyStringToVisibilityConverterUnitTests" name="NonEmptyStringConvertsToVisible" />
    </UnitTest>
    <UnitTest name="Initialize_NavigatesToFirstPageTest" storage="d:\actions-runner\_work\xpco\xpco\corporate\videoos.administration.wpfcontrols.unittests\bin\x64\debug\net472\videoos.administration.wpfcontrols.unittests.dll" id="e4ab450a-f95f-1f67-e29e-c5c69e3518df">
      <Owners>
        <Owner name="lsk" />
      </Owners>
      <Execution id="52ded900-f128-4542-a351-2580b5396b71" />
      <TestMethod codeBase="D:\actions-runner\_work\XPCO\XPCO\Corporate\VideoOS.Administration.WpfControls.UnitTests\bin\x64\Debug\net472\VideoOS.Administration.WpfControls.UnitTests.dll" adapterTypeName="executor://mstestadapter/v2" className="VideoOS.Administration.WpfControls.UnitTests.Wizards.Common.WizardBaseViewModelTest" name="Initialize_NavigatesToFirstPageTest" />
    </UnitTest>
    <UnitTest name="SortBaseCommon_Equality_SortBase_NullTest" storage="d:\actions-runner\_work\xpco\xpco\corporate\videoos.administration.wpfcontrols.unittests\bin\x64\debug\net472\videoos.administration.wpfcontrols.unittests.dll" id="853071a1-8175-de5b-5f40-77c2ff18ec32">
      <Owners>
        <Owner name="lsk" />
      </Owners>
      <Execution id="7a8bddf2-4c7b-439a-88b3-85d26f66691f" />
      <TestMethod codeBase="D:\actions-runner\_work\XPCO\XPCO\Corporate\VideoOS.Administration.WpfControls.UnitTests\bin\x64\Debug\net472\VideoOS.Administration.WpfControls.UnitTests.dll" adapterTypeName="executor://mstestadapter/v2" className="VideoOS.Administration.WpfControls.UnitTests.Mvvm.Sort.SimpleSortTest" name="SortBaseCommon_Equality_SortBase_NullTest" />
    </UnitTest>
    <UnitTest name="Convert_AllValues" storage="d:\actions-runner\_work\xpco\xpco\corporate\videoos.administration.wpfcontrols.unittests\bin\x64\debug\net472\videoos.administration.wpfcontrols.unittests.dll" id="14560893-b569-8e84-9d81-59ff3f435da3">
      <Execution id="190c3ad4-31c1-44e6-a58b-8ed4a6735e86" />
      <TestMethod codeBase="D:\actions-runner\_work\XPCO\XPCO\Corporate\VideoOS.Administration.WpfControls.UnitTests\bin\x64\Debug\net472\VideoOS.Administration.WpfControls.UnitTests.dll" adapterTypeName="executor://mstestadapter/v2" className="VideoOS.Administration.WpfControls.UnitTests.Wizards.UpdateFirmware.View.Converters.PreValidationErrorToStringValueConverterTest" name="Convert_AllValues" />
    </UnitTest>
    <UnitTest name="NavigatingTo_ErrorHandling_StorageUsage_UnknownExceptionTest" storage="d:\actions-runner\_work\xpco\xpco\corporate\videoos.administration.wpfcontrols.unittests\bin\x64\debug\net472\videoos.administration.wpfcontrols.unittests.dll" id="8ed25905-7c64-9d2d-f827-67570d7e1a6b">
      <Owners>
        <Owner name="lsk" />
      </Owners>
      <Execution id="f23b42cc-8b30-40be-8496-d9fa1ba61d4c" />
      <TestMethod codeBase="D:\actions-runner\_work\XPCO\XPCO\Corporate\VideoOS.Administration.WpfControls.UnitTests\bin\x64\Debug\net472\VideoOS.Administration.WpfControls.UnitTests.dll" adapterTypeName="executor://mstestadapter/v2" className="VideoOS.Administration.WpfControls.UnitTests.Wizards.MoveHardware.PageViewModelDestinationStorageSelectionTest" name="NavigatingTo_ErrorHandling_StorageUsage_UnknownExceptionTest" />
    </UnitTest>
    <UnitTest name="SelectedRecorder_NonExistentRecorderTest" storage="d:\actions-runner\_work\xpco\xpco\corporate\videoos.administration.wpfcontrols.unittests\bin\x64\debug\net472\videoos.administration.wpfcontrols.unittests.dll" id="a4e0fe96-dc99-279c-001f-66b34dc211ec">
      <Owners>
        <Owner name="lsk" />
      </Owners>
      <Execution id="e4d3a2bd-9a4e-4fc1-96d0-b4256ba6fa4f" />
      <TestMethod codeBase="D:\actions-runner\_work\XPCO\XPCO\Corporate\VideoOS.Administration.WpfControls.UnitTests\bin\x64\Debug\net472\VideoOS.Administration.WpfControls.UnitTests.dll" adapterTypeName="executor://mstestadapter/v2" className="VideoOS.Administration.WpfControls.UnitTests.Wizards.MoveHardware.PageViewModelDestinationRecorderSelectionTest" name="SelectedRecorder_NonExistentRecorderTest" />
    </UnitTest>
    <UnitTest name="Convert_ArgumentNullException" storage="d:\actions-runner\_work\xpco\xpco\corporate\videoos.administration.wpfcontrols.unittests\bin\x64\debug\net472\videoos.administration.wpfcontrols.unittests.dll" id="32f1449b-2dab-90fb-934f-717768e00957">
      <Execution id="c864eb41-e93f-4148-95a3-e490f4d24ea6" />
      <TestMethod codeBase="D:\actions-runner\_work\XPCO\XPCO\Corporate\VideoOS.Administration.WpfControls.UnitTests\bin\x64\Debug\net472\VideoOS.Administration.WpfControls.UnitTests.dll" adapterTypeName="executor://mstestadapter/v2" className="VideoOS.Administration.WpfControls.UnitTests.Wizards.ChangeHardwarePassword.StatusToStringValueConverterTest" name="Convert_ArgumentNullException" />
    </UnitTest>
    <UnitTest name="Validate_WithPasswordManualEntry_RequiresDigits_Fails" storage="d:\actions-runner\_work\xpco\xpco\corporate\videoos.administration.wpfcontrols.unittests\bin\x64\debug\net472\videoos.administration.wpfcontrols.unittests.dll" id="5e99c972-c6eb-2f25-b3c8-ff60259e4271">
      <Owners>
        <Owner name="max" />
      </Owners>
      <Execution id="0d0e61d4-89be-44d1-b03d-42cbffce120b" />
      <TestMethod codeBase="D:\actions-runner\_work\XPCO\XPCO\Corporate\VideoOS.Administration.WpfControls.UnitTests\bin\x64\Debug\net472\VideoOS.Administration.WpfControls.UnitTests.dll" adapterTypeName="executor://mstestadapter/v2" className="VideoOS.Administration.WpfControls.UnitTests.Wizards.ChangeHardwarePassword.PageViewModelChangeHardwarePasswordTest" name="Validate_WithPasswordManualEntry_RequiresDigits_Fails" />
    </UnitTest>
    <UnitTest name="ConvertValues_Success" storage="d:\actions-runner\_work\xpco\xpco\corporate\videoos.administration.wpfcontrols.unittests\bin\x64\debug\net472\videoos.administration.wpfcontrols.unittests.dll" id="af0a5896-0a4c-d96f-b5de-90fa8dfee835">
      <TestCategory>
        <TestCategoryItem TestCategory="SystemMonitorEventThresholds" />
      </TestCategory>
      <Execution id="48cbfa9e-2917-49f9-a60b-9d26ba2eb00f" />
      <TestMethod codeBase="D:\actions-runner\_work\XPCO\XPCO\Corporate\VideoOS.Administration.WpfControls.UnitTests\bin\x64\Debug\net472\VideoOS.Administration.WpfControls.UnitTests.dll" adapterTypeName="executor://mstestadapter/v2" className="VideoOS.Administration.WpfControls.UnitTests.SystemMonitorEventThresholds.ViewModel.Slider.ThresholdValueConverterTests" name="ConvertValues_Success" />
    </UnitTest>
    <UnitTest name="Constructor_HardwareSelectionNullTest" storage="d:\actions-runner\_work\xpco\xpco\corporate\videoos.administration.wpfcontrols.unittests\bin\x64\debug\net472\videoos.administration.wpfcontrols.unittests.dll" id="8e41a221-2626-a03a-65f8-673f2fc4210e">
      <Owners>
        <Owner name="max" />
      </Owners>
      <Execution id="be698c01-96c7-45ff-b7fe-87ad0dcb8ab4" />
      <TestMethod codeBase="D:\actions-runner\_work\XPCO\XPCO\Corporate\VideoOS.Administration.WpfControls.UnitTests\bin\x64\Debug\net472\VideoOS.Administration.WpfControls.UnitTests.dll" adapterTypeName="executor://mstestadapter/v2" className="VideoOS.Administration.WpfControls.UnitTests.Wizards.ChangeHardwarePassword.WizardViewModelTest" name="Constructor_HardwareSelectionNullTest" />
    </UnitTest>
    <UnitTest name="Convert_AllValues" storage="d:\actions-runner\_work\xpco\xpco\corporate\videoos.administration.wpfcontrols.unittests\bin\x64\debug\net472\videoos.administration.wpfcontrols.unittests.dll" id="007e1ccf-bd4b-e9f9-03fa-759039a66fbc">
      <Execution id="4c648c38-e2be-4a99-b530-ba67b8bea5e4" />
      <TestMethod codeBase="D:\actions-runner\_work\XPCO\XPCO\Corporate\VideoOS.Administration.WpfControls.UnitTests\bin\x64\Debug\net472\VideoOS.Administration.WpfControls.UnitTests.dll" adapterTypeName="executor://mstestadapter/v2" className="VideoOS.Administration.WpfControls.UnitTests.Wizards.MoveHardware.StatusToStringValueConverterTest" name="Convert_AllValues" />
    </UnitTest>
    <UnitTest name="Equality_NotEqual_DifferentFallbackPropertyTest" storage="d:\actions-runner\_work\xpco\xpco\corporate\videoos.administration.wpfcontrols.unittests\bin\x64\debug\net472\videoos.administration.wpfcontrols.unittests.dll" id="facce5ee-8c93-6dd2-28b3-fddef0656faa">
      <Owners>
        <Owner name="lsk" />
      </Owners>
      <Execution id="01fda2cb-f065-4029-9292-7a73c8348e9e" />
      <TestMethod codeBase="D:\actions-runner\_work\XPCO\XPCO\Corporate\VideoOS.Administration.WpfControls.UnitTests\bin\x64\Debug\net472\VideoOS.Administration.WpfControls.UnitTests.dll" adapterTypeName="executor://mstestadapter/v2" className="VideoOS.Administration.WpfControls.UnitTests.Mvvm.Sort.SimpleSortWithFallbackTest" name="Equality_NotEqual_DifferentFallbackPropertyTest" />
    </UnitTest>
    <UnitTest name="NavigatingTo_Selection_FromHandler_UnavailableItemsTest" storage="d:\actions-runner\_work\xpco\xpco\corporate\videoos.administration.wpfcontrols.unittests\bin\x64\debug\net472\videoos.administration.wpfcontrols.unittests.dll" id="1faf9f68-c3ff-50da-2a1f-6c99784ad39d">
      <Owners>
        <Owner name="lsk" />
      </Owners>
      <Execution id="e557076a-db19-437a-a41c-91c94f519240" />
      <TestMethod codeBase="D:\actions-runner\_work\XPCO\XPCO\Corporate\VideoOS.Administration.WpfControls.UnitTests\bin\x64\Debug\net472\VideoOS.Administration.WpfControls.UnitTests.dll" adapterTypeName="executor://mstestadapter/v2" className="VideoOS.Administration.WpfControls.UnitTests.Wizards.MoveHardware.PageViewModelHardwareSelectionTest" name="NavigatingTo_Selection_FromHandler_UnavailableItemsTest" />
    </UnitTest>
    <UnitTest name="Validate_WithPasswordManualEntry_ExcludedPrintableCharacters_Fails" storage="d:\actions-runner\_work\xpco\xpco\corporate\videoos.administration.wpfcontrols.unittests\bin\x64\debug\net472\videoos.administration.wpfcontrols.unittests.dll" id="cc95ea2b-3231-4f76-55fc-e2655fe87068">
      <Owners>
        <Owner name="max" />
      </Owners>
      <Execution id="82348b46-cad5-4ad5-9e7b-b888b1c56da6" />
      <TestMethod codeBase="D:\actions-runner\_work\XPCO\XPCO\Corporate\VideoOS.Administration.WpfControls.UnitTests\bin\x64\Debug\net472\VideoOS.Administration.WpfControls.UnitTests.dll" adapterTypeName="executor://mstestadapter/v2" className="VideoOS.Administration.WpfControls.UnitTests.Wizards.ChangeHardwarePassword.PageViewModelChangeHardwarePasswordTest" name="Validate_WithPasswordManualEntry_ExcludedPrintableCharacters_Fails" />
    </UnitTest>
    <UnitTest name="SortBaseCommon_Equality_Object_NullTest" storage="d:\actions-runner\_work\xpco\xpco\corporate\videoos.administration.wpfcontrols.unittests\bin\x64\debug\net472\videoos.administration.wpfcontrols.unittests.dll" id="e08afc34-cf78-fee8-d6e6-65fa0ef12d40">
      <Owners>
        <Owner name="lsk" />
      </Owners>
      <Execution id="1ecff68e-ca88-4f5e-b5a2-d18a8c2706c5" />
      <TestMethod codeBase="D:\actions-runner\_work\XPCO\XPCO\Corporate\VideoOS.Administration.WpfControls.UnitTests\bin\x64\Debug\net472\VideoOS.Administration.WpfControls.UnitTests.dll" adapterTypeName="executor://mstestadapter/v2" className="VideoOS.Administration.WpfControls.UnitTests.Mvvm.Sort.SimpleSortTest" name="SortBaseCommon_Equality_Object_NullTest" />
    </UnitTest>
    <UnitTest name="NextCommand_ExecuteTest" storage="d:\actions-runner\_work\xpco\xpco\corporate\videoos.administration.wpfcontrols.unittests\bin\x64\debug\net472\videoos.administration.wpfcontrols.unittests.dll" id="696d3815-1cd7-fed9-efe3-4706a2343e63">
      <Owners>
        <Owner name="lsk" />
      </Owners>
      <Execution id="1fd15972-95f4-47aa-8253-6c3ddee9cc13" />
      <TestMethod codeBase="D:\actions-runner\_work\XPCO\XPCO\Corporate\VideoOS.Administration.WpfControls.UnitTests\bin\x64\Debug\net472\VideoOS.Administration.WpfControls.UnitTests.dll" adapterTypeName="executor://mstestadapter/v2" className="VideoOS.Administration.WpfControls.UnitTests.Wizards.Common.WizardBaseViewModelTest" name="NextCommand_ExecuteTest" />
    </UnitTest>
    <UnitTest name="NavigatingTo_Selection_HardwareSelectionFromDataTest" storage="d:\actions-runner\_work\xpco\xpco\corporate\videoos.administration.wpfcontrols.unittests\bin\x64\debug\net472\videoos.administration.wpfcontrols.unittests.dll" id="48ca2ab9-f06b-98ff-88d7-9712516f659e">
      <Owners>
        <Owner name="lsk" />
      </Owners>
      <Execution id="84edc672-dd89-46d3-8c06-b1be5fb5c063" />
      <TestMethod codeBase="D:\actions-runner\_work\XPCO\XPCO\Corporate\VideoOS.Administration.WpfControls.UnitTests\bin\x64\Debug\net472\VideoOS.Administration.WpfControls.UnitTests.dll" adapterTypeName="executor://mstestadapter/v2" className="VideoOS.Administration.WpfControls.UnitTests.Wizards.MoveHardware.PageViewModelHardwareSelectionTest" name="NavigatingTo_Selection_HardwareSelectionFromDataTest" />
    </UnitTest>
    <UnitTest name="Convert_Null_Input_Throws_ArgumentNullException" storage="d:\actions-runner\_work\xpco\xpco\corporate\videoos.administration.wpfcontrols.unittests\bin\x64\debug\net472\videoos.administration.wpfcontrols.unittests.dll" id="2b3988ec-d1c3-0c6c-6cab-8a84419e555c">
      <Execution id="96615285-83b4-45f3-9262-cece4489c175" />
      <TestMethod codeBase="D:\actions-runner\_work\XPCO\XPCO\Corporate\VideoOS.Administration.WpfControls.UnitTests\bin\x64\Debug\net472\VideoOS.Administration.WpfControls.UnitTests.dll" adapterTypeName="executor://mstestadapter/v2" className="VideoOS.Administration.WpfControls.UnitTests.Mvvm.Converters.ExceptiontoStringConverterUnitTests" name="Convert_Null_Input_Throws_ArgumentNullException" />
    </UnitTest>
    <UnitTest name="ThresholdSliderViewModel_InvalidInput2" storage="d:\actions-runner\_work\xpco\xpco\corporate\videoos.administration.wpfcontrols.unittests\bin\x64\debug\net472\videoos.administration.wpfcontrols.unittests.dll" id="7e140d2b-2a95-bf5e-b724-7eddb036dbe5">
      <TestCategory>
        <TestCategoryItem TestCategory="SystemMonitorEventThresholds" />
      </TestCategory>
      <Execution id="3525e7d5-e9f4-4e34-9ba4-54a96e199e6f" />
      <TestMethod codeBase="D:\actions-runner\_work\XPCO\XPCO\Corporate\VideoOS.Administration.WpfControls.UnitTests\bin\x64\Debug\net472\VideoOS.Administration.WpfControls.UnitTests.dll" adapterTypeName="executor://mstestadapter/v2" className="VideoOS.Administration.WpfControls.UnitTests.SystemMonitorEventThresholds.ViewModel.Slider.ThresholdSliderViewModelTests" name="ThresholdSliderViewModel_InvalidInput2" />
    </UnitTest>
    <UnitTest name="AllHardwareSelected_Update_SomeSelectedTest" storage="d:\actions-runner\_work\xpco\xpco\corporate\videoos.administration.wpfcontrols.unittests\bin\x64\debug\net472\videoos.administration.wpfcontrols.unittests.dll" id="0b8b88f6-d1f8-6253-01e4-480ed5124386">
      <Owners>
        <Owner name="lsk" />
      </Owners>
      <Execution id="5568f6cb-a564-4e91-a688-06f8bcfa03ce" />
      <TestMethod codeBase="D:\actions-runner\_work\XPCO\XPCO\Corporate\VideoOS.Administration.WpfControls.UnitTests\bin\x64\Debug\net472\VideoOS.Administration.WpfControls.UnitTests.dll" adapterTypeName="executor://mstestadapter/v2" className="VideoOS.Administration.WpfControls.UnitTests.Wizards.MoveHardware.PageViewModelHardwareSelectionTest" name="AllHardwareSelected_Update_SomeSelectedTest" />
    </UnitTest>
    <UnitTest name="Constructor_NullDataTest" storage="d:\actions-runner\_work\xpco\xpco\corporate\videoos.administration.wpfcontrols.unittests\bin\x64\debug\net472\videoos.administration.wpfcontrols.unittests.dll" id="203c2e4e-3984-7e80-a094-12f3b34ad639">
      <Owners>
        <Owner name="max" />
      </Owners>
      <Execution id="7af08afd-018c-4cbc-a1b2-8afe4489d44d" />
      <TestMethod codeBase="D:\actions-runner\_work\XPCO\XPCO\Corporate\VideoOS.Administration.WpfControls.UnitTests\bin\x64\Debug\net472\VideoOS.Administration.WpfControls.UnitTests.dll" adapterTypeName="executor://mstestadapter/v2" className="VideoOS.Administration.WpfControls.UnitTests.Wizards.ChangeHardwarePassword.PageViewModelHardwareSelectionTest" name="Constructor_NullDataTest" />
    </UnitTest>
    <UnitTest name="NavigatingTo_NoChecksFail_NoHardwareSelected_NavigationCancelled" storage="d:\actions-runner\_work\xpco\xpco\corporate\videoos.administration.wpfcontrols.unittests\bin\x64\debug\net472\videoos.administration.wpfcontrols.unittests.dll" id="2789ec05-be64-004c-8e43-30742f48eca7">
      <Execution id="d3c8fe33-a384-49bc-83e7-7fe66a2c240e" />
      <TestMethod codeBase="D:\actions-runner\_work\XPCO\XPCO\Corporate\VideoOS.Administration.WpfControls.UnitTests\bin\x64\Debug\net472\VideoOS.Administration.WpfControls.UnitTests.dll" adapterTypeName="executor://mstestadapter/v2" className="VideoOS.Administration.WpfControls.UnitTests.Wizards.ChangeHardwarePassword.PageViewModelPreValidationTest" name="NavigatingTo_NoChecksFail_NoHardwareSelected_NavigationCancelled" />
    </UnitTest>
    <UnitTest name="NavigatingTo_Selection_MultipleRecordersTest" storage="d:\actions-runner\_work\xpco\xpco\corporate\videoos.administration.wpfcontrols.unittests\bin\x64\debug\net472\videoos.administration.wpfcontrols.unittests.dll" id="56aa2941-e7e2-b606-3353-3131490dd029">
      <Owners>
        <Owner name="lsk" />
      </Owners>
      <Execution id="4110b682-06d9-48bb-8f0e-a9ec96cfc2e7" />
      <TestMethod codeBase="D:\actions-runner\_work\XPCO\XPCO\Corporate\VideoOS.Administration.WpfControls.UnitTests\bin\x64\Debug\net472\VideoOS.Administration.WpfControls.UnitTests.dll" adapterTypeName="executor://mstestadapter/v2" className="VideoOS.Administration.WpfControls.UnitTests.Wizards.MoveHardware.PageViewModelDestinationRecorderSelectionTest" name="NavigatingTo_Selection_MultipleRecordersTest" />
    </UnitTest>
    <UnitTest name="PreviousCommand_ExecuteTest" storage="d:\actions-runner\_work\xpco\xpco\corporate\videoos.administration.wpfcontrols.unittests\bin\x64\debug\net472\videoos.administration.wpfcontrols.unittests.dll" id="42450511-e9fc-1bb8-0a73-2867da9ef625">
      <Owners>
        <Owner name="lsk" />
      </Owners>
      <Execution id="eed69037-0f5b-49aa-9240-ad6f7da8a843" />
      <TestMethod codeBase="D:\actions-runner\_work\XPCO\XPCO\Corporate\VideoOS.Administration.WpfControls.UnitTests\bin\x64\Debug\net472\VideoOS.Administration.WpfControls.UnitTests.dll" adapterTypeName="executor://mstestadapter/v2" className="VideoOS.Administration.WpfControls.UnitTests.Wizards.Common.WizardBaseViewModelTest" name="PreviousCommand_ExecuteTest" />
    </UnitTest>
    <UnitTest name="CurrentStatus_Update_SetSelectionTest" storage="d:\actions-runner\_work\xpco\xpco\corporate\videoos.administration.wpfcontrols.unittests\bin\x64\debug\net472\videoos.administration.wpfcontrols.unittests.dll" id="14636060-b3f4-8768-196b-14bbe8721efb">
      <Owners>
        <Owner name="max" />
      </Owners>
      <Execution id="a7f6b473-ef2d-4c14-945a-5a8c6b1bd72e" />
      <TestMethod codeBase="D:\actions-runner\_work\XPCO\XPCO\Corporate\VideoOS.Administration.WpfControls.UnitTests\bin\x64\Debug\net472\VideoOS.Administration.WpfControls.UnitTests.dll" adapterTypeName="executor://mstestadapter/v2" className="VideoOS.Administration.WpfControls.UnitTests.Wizards.ChangeHardwarePassword.PageViewModelHardwareSelectionTest" name="CurrentStatus_Update_SetSelectionTest" />
    </UnitTest>
    <UnitTest name="Convert_Error_TargetTypeNullTest" storage="d:\actions-runner\_work\xpco\xpco\corporate\videoos.administration.wpfcontrols.unittests\bin\x64\debug\net472\videoos.administration.wpfcontrols.unittests.dll" id="7cd6ff96-f665-2e52-296f-2d3e3cd9ff4a">
      <Owners>
        <Owner name="lsk" />
      </Owners>
      <Execution id="653ac750-1f57-448a-85f9-6345385d4c4c" />
      <TestMethod codeBase="D:\actions-runner\_work\XPCO\XPCO\Corporate\VideoOS.Administration.WpfControls.UnitTests\bin\x64\Debug\net472\VideoOS.Administration.WpfControls.UnitTests.dll" adapterTypeName="executor://mstestadapter/v2" className="VideoOS.Administration.WpfControls.UnitTests.Wizards.MoveHardware.StorageUsageSummaryMultiValueConverterTest" name="Convert_Error_TargetTypeNullTest" />
    </UnitTest>
    <UnitTest name="NullObjectConvertsToVisible" storage="d:\actions-runner\_work\xpco\xpco\corporate\videoos.administration.wpfcontrols.unittests\bin\x64\debug\net472\videoos.administration.wpfcontrols.unittests.dll" id="0bb41f33-dc84-1adf-de5a-a56416fa1c57">
      <Execution id="eec3bf21-4003-4096-8498-9e935e68a79c" />
      <TestMethod codeBase="D:\actions-runner\_work\XPCO\XPCO\Corporate\VideoOS.Administration.WpfControls.UnitTests\bin\x64\Debug\net472\VideoOS.Administration.WpfControls.UnitTests.dll" adapterTypeName="executor://mstestadapter/v2" className="VideoOS.Administration.WpfControls.UnitTests.HardwareSetupDialog.Converters.EmptyStringToVisibilityConverterUnitTests" name="NullObjectConvertsToVisible" />
    </UnitTest>
    <UnitTest name="AllHardwareSelected_Set_TrueTest" storage="d:\actions-runner\_work\xpco\xpco\corporate\videoos.administration.wpfcontrols.unittests\bin\x64\debug\net472\videoos.administration.wpfcontrols.unittests.dll" id="93477380-b89c-b371-b0e8-3f7b061744b3">
      <Owners>
        <Owner name="lsk" />
      </Owners>
      <Execution id="1f8299bf-ebbb-4932-9588-62ae4f11986d" />
      <TestMethod codeBase="D:\actions-runner\_work\XPCO\XPCO\Corporate\VideoOS.Administration.WpfControls.UnitTests\bin\x64\Debug\net472\VideoOS.Administration.WpfControls.UnitTests.dll" adapterTypeName="executor://mstestadapter/v2" className="VideoOS.Administration.WpfControls.UnitTests.Wizards.MoveHardware.PageViewModelHardwareSelectionTest" name="AllHardwareSelected_Set_TrueTest" />
    </UnitTest>
    <UnitTest name="CurrentStatus_PostNavigatingTo_PreselectionTest" storage="d:\actions-runner\_work\xpco\xpco\corporate\videoos.administration.wpfcontrols.unittests\bin\x64\debug\net472\videoos.administration.wpfcontrols.unittests.dll" id="bb91231b-51b7-d87f-2bdd-85c1c55386db">
      <Owners>
        <Owner name="lsk" />
      </Owners>
      <Execution id="c8e42576-8450-4a6c-8430-4ecb5c31d781" />
      <TestMethod codeBase="D:\actions-runner\_work\XPCO\XPCO\Corporate\VideoOS.Administration.WpfControls.UnitTests\bin\x64\Debug\net472\VideoOS.Administration.WpfControls.UnitTests.dll" adapterTypeName="executor://mstestadapter/v2" className="VideoOS.Administration.WpfControls.UnitTests.Wizards.MoveHardware.PageViewModelHardwareSelectionTest" name="CurrentStatus_PostNavigatingTo_PreselectionTest" />
    </UnitTest>
    <UnitTest name="Convert_IsNullOrEmpty_WhiteSpace_Input_Returns_FalseResult" storage="d:\actions-runner\_work\xpco\xpco\corporate\videoos.administration.wpfcontrols.unittests\bin\x64\debug\net472\videoos.administration.wpfcontrols.unittests.dll" id="2e391c7e-1dce-9fa6-0e65-96dba3873d48">
      <Execution id="cef4664c-df58-4bec-865f-4708061e29fa" />
      <TestMethod codeBase="D:\actions-runner\_work\XPCO\XPCO\Corporate\VideoOS.Administration.WpfControls.UnitTests\bin\x64\Debug\net472\VideoOS.Administration.WpfControls.UnitTests.dll" adapterTypeName="executor://mstestadapter/v2" className="VideoOS.Administration.WpfControls.UnitTests.Mvvm.Converters.StringMethodResultConverterUnitTests" name="Convert_IsNullOrEmpty_WhiteSpace_Input_Returns_FalseResult" />
    </UnitTest>
    <UnitTest name="AllHardwareSelected_Update_NoneSelectedTest" storage="d:\actions-runner\_work\xpco\xpco\corporate\videoos.administration.wpfcontrols.unittests\bin\x64\debug\net472\videoos.administration.wpfcontrols.unittests.dll" id="654f6a20-5503-1b61-9bad-eb401ba7a60d">
      <Owners>
        <Owner name="max" />
      </Owners>
      <Execution id="93ccb800-004e-4c6f-8c7a-611e57300219" />
      <TestMethod codeBase="D:\actions-runner\_work\XPCO\XPCO\Corporate\VideoOS.Administration.WpfControls.UnitTests\bin\x64\Debug\net472\VideoOS.Administration.WpfControls.UnitTests.dll" adapterTypeName="executor://mstestadapter/v2" className="VideoOS.Administration.WpfControls.UnitTests.Wizards.ChangeHardwarePassword.PageViewModelHardwareSelectionTest" name="AllHardwareSelected_Update_NoneSelectedTest" />
    </UnitTest>
    <UnitTest name="ConvertBack_InvalidOperationTest" storage="d:\actions-runner\_work\xpco\xpco\corporate\videoos.administration.wpfcontrols.unittests\bin\x64\debug\net472\videoos.administration.wpfcontrols.unittests.dll" id="8ed8776d-bd0c-b8c2-c135-737b7a3f0b5f">
      <Owners>
        <Owner name="lsk" />
      </Owners>
      <Execution id="939e0f3b-0967-425f-9272-a704d7c8bc64" />
      <TestMethod codeBase="D:\actions-runner\_work\XPCO\XPCO\Corporate\VideoOS.Administration.WpfControls.UnitTests\bin\x64\Debug\net472\VideoOS.Administration.WpfControls.UnitTests.dll" adapterTypeName="executor://mstestadapter/v2" className="VideoOS.Administration.WpfControls.UnitTests.Wizards.MoveHardware.UsagePercentageMultiValueConverterTest" name="ConvertBack_InvalidOperationTest" />
    </UnitTest>
    <UnitTest name="ScheduleNextRun_InvalidParam_Uri_Throws_ArgumentNullException" storage="d:\actions-runner\_work\xpco\xpco\corporate\videoos.administration.wpfcontrols.unittests\bin\x64\debug\net472\videoos.administration.wpfcontrols.unittests.dll" id="46089004-001c-c3b4-babc-ac4ce13a4540">
      <TestCategory>
        <TestCategoryItem TestCategory="VideoOS Administration" />
      </TestCategory>
      <Execution id="e96dc90f-ec7b-472b-9d5b-a107958e243d" />
      <TestMethod codeBase="D:\actions-runner\_work\XPCO\XPCO\Corporate\VideoOS.Administration.WpfControls.UnitTests\bin\x64\Debug\net472\VideoOS.Administration.WpfControls.UnitTests.dll" adapterTypeName="executor://mstestadapter/v2" className="VideoOS.Administration.WpfControls.UnitTests.Login.ChangePasswordThreadTests" name="ScheduleNextRun_InvalidParam_Uri_Throws_ArgumentNullException" />
    </UnitTest>
    <UnitTest name="Convert_ToValue_AvailableOnly_UsageZeroTest" storage="d:\actions-runner\_work\xpco\xpco\corporate\videoos.administration.wpfcontrols.unittests\bin\x64\debug\net472\videoos.administration.wpfcontrols.unittests.dll" id="bb78fa2c-7ddd-0cd1-5d2d-7771ad5bae3e">
      <Owners>
        <Owner name="lsk" />
      </Owners>
      <Execution id="e49be173-e232-4008-8b1d-cb0ac68c66d0" />
      <TestMethod codeBase="D:\actions-runner\_work\XPCO\XPCO\Corporate\VideoOS.Administration.WpfControls.UnitTests\bin\x64\Debug\net472\VideoOS.Administration.WpfControls.UnitTests.dll" adapterTypeName="executor://mstestadapter/v2" className="VideoOS.Administration.WpfControls.UnitTests.Wizards.MoveHardware.UsagePercentageMultiValueConverterTest" name="Convert_ToValue_AvailableOnly_UsageZeroTest" />
    </UnitTest>
    <UnitTest name="Convert_IsNullOrEmpty_Null_Input_Returns_TrueResult" storage="d:\actions-runner\_work\xpco\xpco\corporate\videoos.administration.wpfcontrols.unittests\bin\x64\debug\net472\videoos.administration.wpfcontrols.unittests.dll" id="f5b9c939-e0ce-8ebd-f00d-5987bef52e3e">
      <Execution id="739ce4b9-fe77-4c86-aaab-10db0a42a3d6" />
      <TestMethod codeBase="D:\actions-runner\_work\XPCO\XPCO\Corporate\VideoOS.Administration.WpfControls.UnitTests\bin\x64\Debug\net472\VideoOS.Administration.WpfControls.UnitTests.dll" adapterTypeName="executor://mstestadapter/v2" className="VideoOS.Administration.WpfControls.UnitTests.Mvvm.Converters.StringMethodResultConverterUnitTests" name="Convert_IsNullOrEmpty_Null_Input_Returns_TrueResult" />
    </UnitTest>
    <UnitTest name="Convert_AllValues" storage="d:\actions-runner\_work\xpco\xpco\corporate\videoos.administration.wpfcontrols.unittests\bin\x64\debug\net472\videoos.administration.wpfcontrols.unittests.dll" id="a403124d-1ca6-0f66-737b-ca70a0aa0ea6">
      <Execution id="b3e2511a-747a-476d-9caa-d0738735435c" />
      <TestMethod codeBase="D:\actions-runner\_work\XPCO\XPCO\Corporate\VideoOS.Administration.WpfControls.UnitTests\bin\x64\Debug\net472\VideoOS.Administration.WpfControls.UnitTests.dll" adapterTypeName="executor://mstestadapter/v2" className="VideoOS.Administration.WpfControls.UnitTests.Wizards.UpdateFirmware.View.Converters.OperationStatusToStringConverterTest" name="Convert_AllValues" />
    </UnitTest>
    <UnitTest name="Convert_AllValues" storage="d:\actions-runner\_work\xpco\xpco\corporate\videoos.administration.wpfcontrols.unittests\bin\x64\debug\net472\videoos.administration.wpfcontrols.unittests.dll" id="94129610-3ce2-205b-4a42-45c4d697d9ed">
      <Execution id="003b276d-a10a-44a0-b7f8-74093509d5ed" />
      <TestMethod codeBase="D:\actions-runner\_work\XPCO\XPCO\Corporate\VideoOS.Administration.WpfControls.UnitTests\bin\x64\Debug\net472\VideoOS.Administration.WpfControls.UnitTests.dll" adapterTypeName="executor://mstestadapter/v2" className="VideoOS.Administration.WpfControls.UnitTests.Wizards.ChangeHardwarePassword.ValidationErrorToStringValueConverterUnitTests" name="Convert_AllValues" />
    </UnitTest>
    <UnitTest name="PreviousCommand_IsAvailable_AvailableTest" storage="d:\actions-runner\_work\xpco\xpco\corporate\videoos.administration.wpfcontrols.unittests\bin\x64\debug\net472\videoos.administration.wpfcontrols.unittests.dll" id="08edd840-a09f-9a15-0c61-afe7bf3e0d5b">
      <Owners>
        <Owner name="lsk" />
      </Owners>
      <Execution id="b3678453-502b-464f-8a95-8d00af76e07f" />
      <TestMethod codeBase="D:\actions-runner\_work\XPCO\XPCO\Corporate\VideoOS.Administration.WpfControls.UnitTests\bin\x64\Debug\net472\VideoOS.Administration.WpfControls.UnitTests.dll" adapterTypeName="executor://mstestadapter/v2" className="VideoOS.Administration.WpfControls.UnitTests.Wizards.Common.WizardBaseViewModelTest" name="PreviousCommand_IsAvailable_AvailableTest" />
    </UnitTest>
    <UnitTest name="Convert_Hours_IncludingMinutesTest" storage="d:\actions-runner\_work\xpco\xpco\corporate\videoos.administration.wpfcontrols.unittests\bin\x64\debug\net472\videoos.administration.wpfcontrols.unittests.dll" id="242f1548-7f00-63b2-b713-b1822d6c02a9">
      <Owners>
        <Owner name="lsk" />
      </Owners>
      <Execution id="c8c162bb-65a3-4535-abd5-173900c30270" />
      <TestMethod codeBase="D:\actions-runner\_work\XPCO\XPCO\Corporate\VideoOS.Administration.WpfControls.UnitTests\bin\x64\Debug\net472\VideoOS.Administration.WpfControls.UnitTests.dll" adapterTypeName="executor://mstestadapter/v2" className="VideoOS.Administration.WpfControls.UnitTests.Wizards.MoveHardware.StorageRetentionTimeToStringValueConverterTest" name="Convert_Hours_IncludingMinutesTest" />
    </UnitTest>
    <UnitTest name="NavigatingTo_ExceptionHandling_MoveHardwareException_PreselectedThrowsTest" storage="d:\actions-runner\_work\xpco\xpco\corporate\videoos.administration.wpfcontrols.unittests\bin\x64\debug\net472\videoos.administration.wpfcontrols.unittests.dll" id="56b9189d-b561-f0d0-7bf8-be84db66e56f">
      <Owners>
        <Owner name="lsk" />
      </Owners>
      <Execution id="3efa8400-4e77-4c46-bd08-d0c964258f82" />
      <TestMethod codeBase="D:\actions-runner\_work\XPCO\XPCO\Corporate\VideoOS.Administration.WpfControls.UnitTests\bin\x64\Debug\net472\VideoOS.Administration.WpfControls.UnitTests.dll" adapterTypeName="executor://mstestadapter/v2" className="VideoOS.Administration.WpfControls.UnitTests.Wizards.MoveHardware.PageViewModelHardwareSelectionTest" name="NavigatingTo_ExceptionHandling_MoveHardwareException_PreselectedThrowsTest" />
    </UnitTest>
    <UnitTest name="Convert_ToBool_UsageOnly_AvailableNegativeTest" storage="d:\actions-runner\_work\xpco\xpco\corporate\videoos.administration.wpfcontrols.unittests\bin\x64\debug\net472\videoos.administration.wpfcontrols.unittests.dll" id="bfaf4ea9-080e-fec9-c4b8-9d1dcf4d86f9">
      <Owners>
        <Owner name="lsk" />
      </Owners>
      <Execution id="1048ec48-86a8-46f2-b976-eee071671418" />
      <TestMethod codeBase="D:\actions-runner\_work\XPCO\XPCO\Corporate\VideoOS.Administration.WpfControls.UnitTests\bin\x64\Debug\net472\VideoOS.Administration.WpfControls.UnitTests.dll" adapterTypeName="executor://mstestadapter/v2" className="VideoOS.Administration.WpfControls.UnitTests.Wizards.MoveHardware.UsagePercentageMultiValueConverterTest" name="Convert_ToBool_UsageOnly_AvailableNegativeTest" />
    </UnitTest>
    <UnitTest name="SortEquality_SameSorts" storage="d:\actions-runner\_work\xpco\xpco\corporate\videoos.administration.wpfcontrols.unittests\bin\x64\debug\net472\videoos.administration.wpfcontrols.unittests.dll" id="5dff3a0f-66a9-facc-e3fc-eaefeb4fd671">
      <Execution id="c50fe9b0-1aec-47ac-a050-352ad09884cd" />
      <TestMethod codeBase="D:\actions-runner\_work\XPCO\XPCO\Corporate\VideoOS.Administration.WpfControls.UnitTests\bin\x64\Debug\net472\VideoOS.Administration.WpfControls.UnitTests.dll" adapterTypeName="executor://mstestadapter/v2" className="VideoOS.Administration.WpfControls.UnitTests.Wizards.Common.TwoSortsToSortEqualityMultiValueConverterTest" name="SortEquality_SameSorts" />
    </UnitTest>
    <UnitTest name="Convert_Parameters_TargetType_NullTest" storage="d:\actions-runner\_work\xpco\xpco\corporate\videoos.administration.wpfcontrols.unittests\bin\x64\debug\net472\videoos.administration.wpfcontrols.unittests.dll" id="d517a086-c0f5-24fc-bf36-9f287fa8b95a">
      <Owners>
        <Owner name="lsk" />
      </Owners>
      <Execution id="baa9e9fd-b5cc-4a86-b372-484befbe1993" />
      <TestMethod codeBase="D:\actions-runner\_work\XPCO\XPCO\Corporate\VideoOS.Administration.WpfControls.UnitTests\bin\x64\Debug\net472\VideoOS.Administration.WpfControls.UnitTests.dll" adapterTypeName="executor://mstestadapter/v2" className="VideoOS.Administration.WpfControls.UnitTests.Wizards.MoveHardware.StorageRetentionTimeToStringValueConverterTest" name="Convert_Parameters_TargetType_NullTest" />
    </UnitTest>
    <UnitTest name="NavigatingTo_CheckPreselectedRecorderAvailable_False_NavigationNotCancelled" storage="d:\actions-runner\_work\xpco\xpco\corporate\videoos.administration.wpfcontrols.unittests\bin\x64\debug\net472\videoos.administration.wpfcontrols.unittests.dll" id="c5200ce1-116e-3d3e-a89a-8d38c5fad705">
      <Execution id="f4f60110-dbcd-4159-993c-932ea8549e4f" />
      <TestMethod codeBase="D:\actions-runner\_work\XPCO\XPCO\Corporate\VideoOS.Administration.WpfControls.UnitTests\bin\x64\Debug\net472\VideoOS.Administration.WpfControls.UnitTests.dll" adapterTypeName="executor://mstestadapter/v2" className="VideoOS.Administration.WpfControls.UnitTests.Wizards.ChangeHardwarePassword.PageViewModelPreValidationTest" name="NavigatingTo_CheckPreselectedRecorderAvailable_False_NavigationNotCancelled" />
    </UnitTest>
    <UnitTest name="Validate_WithPasswordManualEntry_Empty" storage="d:\actions-runner\_work\xpco\xpco\corporate\videoos.administration.wpfcontrols.unittests\bin\x64\debug\net472\videoos.administration.wpfcontrols.unittests.dll" id="7115e4f8-539b-b199-92f7-b9bc6936260b">
      <Owners>
        <Owner name="max" />
      </Owners>
      <Execution id="ab6a2f6e-29bb-415e-9e66-e904c598459f" />
      <TestMethod codeBase="D:\actions-runner\_work\XPCO\XPCO\Corporate\VideoOS.Administration.WpfControls.UnitTests\bin\x64\Debug\net472\VideoOS.Administration.WpfControls.UnitTests.dll" adapterTypeName="executor://mstestadapter/v2" className="VideoOS.Administration.WpfControls.UnitTests.Wizards.ChangeHardwarePassword.PageViewModelChangeHardwarePasswordTest" name="Validate_WithPasswordManualEntry_Empty" />
    </UnitTest>
    <UnitTest name="NavigatingTo_UnsuccessfulChange_PasswordChangeSucceededUnset" storage="d:\actions-runner\_work\xpco\xpco\corporate\videoos.administration.wpfcontrols.unittests\bin\x64\debug\net472\videoos.administration.wpfcontrols.unittests.dll" id="c20a457b-898f-4564-ecae-0606fce3d9a1">
      <Owners>
        <Owner name="max" />
      </Owners>
      <Execution id="7d09ea99-fbc3-440e-a8bf-1a4b01229f3a" />
      <TestMethod codeBase="D:\actions-runner\_work\XPCO\XPCO\Corporate\VideoOS.Administration.WpfControls.UnitTests\bin\x64\Debug\net472\VideoOS.Administration.WpfControls.UnitTests.dll" adapterTypeName="executor://mstestadapter/v2" className="VideoOS.Administration.WpfControls.UnitTests.Wizards.ChangeHardwarePassword.PageViewModelChangeHardwarePasswordProgressTest" name="NavigatingTo_UnsuccessfulChange_PasswordChangeSucceededUnset" />
    </UnitTest>
    <UnitTest name="Convert_OneWarning" storage="d:\actions-runner\_work\xpco\xpco\corporate\videoos.administration.wpfcontrols.unittests\bin\x64\debug\net472\videoos.administration.wpfcontrols.unittests.dll" id="e6367bf8-be89-f213-6e69-88fe1a7c355f">
      <Execution id="48507237-3b1c-48e5-94a9-26d6e7d1e097" />
      <TestMethod codeBase="D:\actions-runner\_work\XPCO\XPCO\Corporate\VideoOS.Administration.WpfControls.UnitTests\bin\x64\Debug\net472\VideoOS.Administration.WpfControls.UnitTests.dll" adapterTypeName="executor://mstestadapter/v2" className="VideoOS.Administration.WpfControls.UnitTests.Wizards.MoveHardware.WarningsToStringConverterTest" name="Convert_OneWarning" />
    </UnitTest>
    <UnitTest name="PreviousCommand_NavigatingTo_Cancelled" storage="d:\actions-runner\_work\xpco\xpco\corporate\videoos.administration.wpfcontrols.unittests\bin\x64\debug\net472\videoos.administration.wpfcontrols.unittests.dll" id="ed22ff18-5317-35a9-5b39-ad658639a61b">
      <Owners>
        <Owner name="KK" />
      </Owners>
      <Execution id="3d57415e-f4f0-4d9e-82d0-4826da656da3" />
      <TestMethod codeBase="D:\actions-runner\_work\XPCO\XPCO\Corporate\VideoOS.Administration.WpfControls.UnitTests\bin\x64\Debug\net472\VideoOS.Administration.WpfControls.UnitTests.dll" adapterTypeName="executor://mstestadapter/v2" className="VideoOS.Administration.WpfControls.UnitTests.Wizards.Common.WizardBaseViewModelTest" name="PreviousCommand_NavigatingTo_Cancelled" />
    </UnitTest>
    <UnitTest name="NavigatingTo_NoChecksFail_HardwareSelected_NavigationCancelled" storage="d:\actions-runner\_work\xpco\xpco\corporate\videoos.administration.wpfcontrols.unittests\bin\x64\debug\net472\videoos.administration.wpfcontrols.unittests.dll" id="7fd22bb6-65ff-2447-ac2a-92aa6940db46">
      <Execution id="a5eef936-3f4f-414e-9fe8-b36b80a4986a" />
      <TestMethod codeBase="D:\actions-runner\_work\XPCO\XPCO\Corporate\VideoOS.Administration.WpfControls.UnitTests\bin\x64\Debug\net472\VideoOS.Administration.WpfControls.UnitTests.dll" adapterTypeName="executor://mstestadapter/v2" className="VideoOS.Administration.WpfControls.UnitTests.Wizards.ChangeHardwarePassword.PageViewModelPreValidationTest" name="NavigatingTo_NoChecksFail_HardwareSelected_NavigationCancelled" />
    </UnitTest>
    <UnitTest name="NavigatingTo_ErrorHandling_FindStorages_UnknownExceptionTest" storage="d:\actions-runner\_work\xpco\xpco\corporate\videoos.administration.wpfcontrols.unittests\bin\x64\debug\net472\videoos.administration.wpfcontrols.unittests.dll" id="912b14b8-7a65-de53-0707-a491d0e913c9">
      <Owners>
        <Owner name="lsk" />
      </Owners>
      <Execution id="193c5946-e479-4507-9b85-508e0784577e" />
      <TestMethod codeBase="D:\actions-runner\_work\XPCO\XPCO\Corporate\VideoOS.Administration.WpfControls.UnitTests\bin\x64\Debug\net472\VideoOS.Administration.WpfControls.UnitTests.dll" adapterTypeName="executor://mstestadapter/v2" className="VideoOS.Administration.WpfControls.UnitTests.Wizards.MoveHardware.PageViewModelDestinationStorageSelectionTest" name="NavigatingTo_ErrorHandling_FindStorages_UnknownExceptionTest" />
    </UnitTest>
    <UnitTest name="PreviousCommand_CanExecute_PageBusyTest" storage="d:\actions-runner\_work\xpco\xpco\corporate\videoos.administration.wpfcontrols.unittests\bin\x64\debug\net472\videoos.administration.wpfcontrols.unittests.dll" id="24552ad2-e7f5-eee6-01a8-24b309fa6f3a">
      <Owners>
        <Owner name="lsk" />
      </Owners>
      <Execution id="c836c6f8-c961-4fb3-8d01-4f475d0ce6c6" />
      <TestMethod codeBase="D:\actions-runner\_work\XPCO\XPCO\Corporate\VideoOS.Administration.WpfControls.UnitTests\bin\x64\Debug\net472\VideoOS.Administration.WpfControls.UnitTests.dll" adapterTypeName="executor://mstestadapter/v2" className="VideoOS.Administration.WpfControls.UnitTests.Wizards.Common.WizardBaseViewModelTest" name="PreviousCommand_CanExecute_PageBusyTest" />
    </UnitTest>
    <UnitTest name="CurrentStatus_Event_SetSelection" storage="d:\actions-runner\_work\xpco\xpco\corporate\videoos.administration.wpfcontrols.unittests\bin\x64\debug\net472\videoos.administration.wpfcontrols.unittests.dll" id="cdc6d677-039e-88a9-a26b-5e1ff491e38b">
      <Owners>
        <Owner name="max" />
      </Owners>
      <Execution id="9c933029-e4b3-4b1b-a503-90d472a2d88a" />
      <TestMethod codeBase="D:\actions-runner\_work\XPCO\XPCO\Corporate\VideoOS.Administration.WpfControls.UnitTests\bin\x64\Debug\net472\VideoOS.Administration.WpfControls.UnitTests.dll" adapterTypeName="executor://mstestadapter/v2" className="VideoOS.Administration.WpfControls.UnitTests.Wizards.ChangeHardwarePassword.PageViewModelChangeHardwarePasswordTest" name="CurrentStatus_Event_SetSelection" />
    </UnitTest>
    <UnitTest name="NavigatingTo_SuccessfulChange_PasswordChangeSucceededSet" storage="d:\actions-runner\_work\xpco\xpco\corporate\videoos.administration.wpfcontrols.unittests\bin\x64\debug\net472\videoos.administration.wpfcontrols.unittests.dll" id="dcefa653-93a5-b996-171e-c78a680c4ee4">
      <Owners>
        <Owner name="max" />
      </Owners>
      <Execution id="2451ac2d-f7b7-4ef0-8911-8a2b7f1bd723" />
      <TestMethod codeBase="D:\actions-runner\_work\XPCO\XPCO\Corporate\VideoOS.Administration.WpfControls.UnitTests\bin\x64\Debug\net472\VideoOS.Administration.WpfControls.UnitTests.dll" adapterTypeName="executor://mstestadapter/v2" className="VideoOS.Administration.WpfControls.UnitTests.Wizards.ChangeHardwarePassword.PageViewModelChangeHardwarePasswordProgressTest" name="NavigatingTo_SuccessfulChange_PasswordChangeSucceededSet" />
    </UnitTest>
    <UnitTest name="Constructor_HardwareSelectionNullTest" storage="d:\actions-runner\_work\xpco\xpco\corporate\videoos.administration.wpfcontrols.unittests\bin\x64\debug\net472\videoos.administration.wpfcontrols.unittests.dll" id="f2213902-1d41-6fe7-b547-2debdd45e382">
      <Owners>
        <Owner name="lsk" />
      </Owners>
      <Execution id="e71ec5ff-8f4f-42ae-a34f-9e3421cd9e7e" />
      <TestMethod codeBase="D:\actions-runner\_work\XPCO\XPCO\Corporate\VideoOS.Administration.WpfControls.UnitTests\bin\x64\Debug\net472\VideoOS.Administration.WpfControls.UnitTests.dll" adapterTypeName="executor://mstestadapter/v2" className="VideoOS.Administration.WpfControls.UnitTests.Wizards.MoveHardware.WizardViewModelTest" name="Constructor_HardwareSelectionNullTest" />
    </UnitTest>
    <UnitTest name="Equality_NotEqual_DifferentIsFallbackFixedTest" storage="d:\actions-runner\_work\xpco\xpco\corporate\videoos.administration.wpfcontrols.unittests\bin\x64\debug\net472\videoos.administration.wpfcontrols.unittests.dll" id="2b1e28ec-3a6f-1d9d-a4e9-8575d3c172e6">
      <Owners>
        <Owner name="lsk" />
      </Owners>
      <Execution id="2b84b6ba-d5b2-4edc-8b0a-d4126d8013eb" />
      <TestMethod codeBase="D:\actions-runner\_work\XPCO\XPCO\Corporate\VideoOS.Administration.WpfControls.UnitTests\bin\x64\Debug\net472\VideoOS.Administration.WpfControls.UnitTests.dll" adapterTypeName="executor://mstestadapter/v2" className="VideoOS.Administration.WpfControls.UnitTests.Mvvm.Sort.SimpleSortWithFallbackTest" name="Equality_NotEqual_DifferentIsFallbackFixedTest" />
    </UnitTest>
    <UnitTest name="Convert_ArgumentNullException" storage="d:\actions-runner\_work\xpco\xpco\corporate\videoos.administration.wpfcontrols.unittests\bin\x64\debug\net472\videoos.administration.wpfcontrols.unittests.dll" id="4e51ac3e-d4b3-8ce3-0953-07f39b877784">
      <Execution id="f7957941-7e66-477a-9026-1a30aa3e754d" />
      <TestMethod codeBase="D:\actions-runner\_work\XPCO\XPCO\Corporate\VideoOS.Administration.WpfControls.UnitTests\bin\x64\Debug\net472\VideoOS.Administration.WpfControls.UnitTests.dll" adapterTypeName="executor://mstestadapter/v2" className="VideoOS.Administration.WpfControls.UnitTests.Wizards.ChangeHardwarePassword.WarningsToStringConverterTest" name="Convert_ArgumentNullException" />
    </UnitTest>
    <UnitTest name="Convert_Parameters_TargetType_InvalidTest" storage="d:\actions-runner\_work\xpco\xpco\corporate\videoos.administration.wpfcontrols.unittests\bin\x64\debug\net472\videoos.administration.wpfcontrols.unittests.dll" id="b8b140ed-d5d9-0145-6ed7-49d434570c45">
      <Owners>
        <Owner name="lsk" />
      </Owners>
      <Execution id="f2b54d8f-288c-4bb1-8f39-f7e007f4613e" />
      <TestMethod codeBase="D:\actions-runner\_work\XPCO\XPCO\Corporate\VideoOS.Administration.WpfControls.UnitTests\bin\x64\Debug\net472\VideoOS.Administration.WpfControls.UnitTests.dll" adapterTypeName="executor://mstestadapter/v2" className="VideoOS.Administration.WpfControls.UnitTests.Wizards.MoveHardware.StorageRetentionTimeToStringValueConverterTest" name="Convert_Parameters_TargetType_InvalidTest" />
    </UnitTest>
    <UnitTest name="Convert_ToBool_AvailableOnly_UsageZeroTest" storage="d:\actions-runner\_work\xpco\xpco\corporate\videoos.administration.wpfcontrols.unittests\bin\x64\debug\net472\videoos.administration.wpfcontrols.unittests.dll" id="c95f527c-0926-e4f0-6839-6e4f386c13e0">
      <Owners>
        <Owner name="lsk" />
      </Owners>
      <Execution id="7c0e6e8a-1aee-4c2e-8216-553ff67ce948" />
      <TestMethod codeBase="D:\actions-runner\_work\XPCO\XPCO\Corporate\VideoOS.Administration.WpfControls.UnitTests\bin\x64\Debug\net472\VideoOS.Administration.WpfControls.UnitTests.dll" adapterTypeName="executor://mstestadapter/v2" className="VideoOS.Administration.WpfControls.UnitTests.Wizards.MoveHardware.UsagePercentageMultiValueConverterTest" name="Convert_ToBool_AvailableOnly_UsageZeroTest" />
    </UnitTest>
    <UnitTest name="Convert_IsNullOrWhiteSpace_Empty_Input_Returns_TrueResult" storage="d:\actions-runner\_work\xpco\xpco\corporate\videoos.administration.wpfcontrols.unittests\bin\x64\debug\net472\videoos.administration.wpfcontrols.unittests.dll" id="29d19e8c-3be0-ee7a-3951-dd342f2ccf53">
      <Execution id="feae6bd7-fa4d-4a01-9beb-4652fcfca63b" />
      <TestMethod codeBase="D:\actions-runner\_work\XPCO\XPCO\Corporate\VideoOS.Administration.WpfControls.UnitTests\bin\x64\Debug\net472\VideoOS.Administration.WpfControls.UnitTests.dll" adapterTypeName="executor://mstestadapter/v2" className="VideoOS.Administration.WpfControls.UnitTests.Mvvm.Converters.StringMethodResultConverterUnitTests" name="Convert_IsNullOrWhiteSpace_Empty_Input_Returns_TrueResult" />
    </UnitTest>
    <UnitTest name="NavigatingAway_WithFirmwarePath_SetProperly" storage="d:\actions-runner\_work\xpco\xpco\corporate\videoos.administration.wpfcontrols.unittests\bin\x64\debug\net472\videoos.administration.wpfcontrols.unittests.dll" id="549bdddc-6026-e835-122f-1a9746498ce1">
      <Owners>
        <Owner name="ale" />
      </Owners>
      <Execution id="1b3644bc-f350-46ce-8c4d-4b2bef117d4b" />
      <TestMethod codeBase="D:\actions-runner\_work\XPCO\XPCO\Corporate\VideoOS.Administration.WpfControls.UnitTests\bin\x64\Debug\net472\VideoOS.Administration.WpfControls.UnitTests.dll" adapterTypeName="executor://mstestadapter/v2" className="VideoOS.Administration.WpfControls.UnitTests.Wizards.UpdateFirmware.ViewModel.PageViewModelFirmwareUpdateTest" name="NavigatingAway_WithFirmwarePath_SetProperly" />
    </UnitTest>
    <UnitTest name="SystemDashboard_LookupThresholdDirection_Success" storage="d:\actions-runner\_work\xpco\xpco\corporate\videoos.administration.wpfcontrols.unittests\bin\x64\debug\net472\videoos.administration.wpfcontrols.unittests.dll" id="02859efd-d8a6-c9fa-0c6c-dc8aa96a48c1">
      <Execution id="0567e317-326e-4885-bc14-f591faf06da5" />
      <TestMethod codeBase="D:\actions-runner\_work\XPCO\XPCO\Corporate\VideoOS.Administration.WpfControls.UnitTests\bin\x64\Debug\net472\VideoOS.Administration.WpfControls.UnitTests.dll" adapterTypeName="executor://mstestadapter/v2" className="VideoOS.Administration.WpfControls.UnitTests.SystemMonitorEventThresholds.ViewModel.SystemDashboard_PerformanceStateRuleConfigurationHelperTest" name="SystemDashboard_LookupThresholdDirection_Success" />
    </UnitTest>
    <UnitTest name="Constructor_HardwareSelectionEmptyTest" storage="d:\actions-runner\_work\xpco\xpco\corporate\videoos.administration.wpfcontrols.unittests\bin\x64\debug\net472\videoos.administration.wpfcontrols.unittests.dll" id="ca66df3e-996d-ddec-d6b1-59ad7bd2ea20">
      <Owners>
        <Owner name="ale" />
      </Owners>
      <Execution id="85717334-50df-4210-926e-bc2f9d1250f6" />
      <TestMethod codeBase="D:\actions-runner\_work\XPCO\XPCO\Corporate\VideoOS.Administration.WpfControls.UnitTests\bin\x64\Debug\net472\VideoOS.Administration.WpfControls.UnitTests.dll" adapterTypeName="executor://mstestadapter/v2" className="VideoOS.Administration.WpfControls.UnitTests.Wizards.UpdateFirmware.ViewModel.WizardFirmwareUpdateViewModelTest" name="Constructor_HardwareSelectionEmptyTest" />
    </UnitTest>
    <UnitTest name="ConvertBack_InvalidOperationException" storage="d:\actions-runner\_work\xpco\xpco\corporate\videoos.administration.wpfcontrols.unittests\bin\x64\debug\net472\videoos.administration.wpfcontrols.unittests.dll" id="cf57110a-f557-2dc4-68f2-0cfc31945112">
      <Execution id="4f7e8946-79ca-4e79-ab8c-60c6200a9947" />
      <TestMethod codeBase="D:\actions-runner\_work\XPCO\XPCO\Corporate\VideoOS.Administration.WpfControls.UnitTests\bin\x64\Debug\net472\VideoOS.Administration.WpfControls.UnitTests.dll" adapterTypeName="executor://mstestadapter/v2" className="VideoOS.Administration.WpfControls.UnitTests.Wizards.ChangeHardwarePassword.StatusToSingleValueConverterTest" name="ConvertBack_InvalidOperationException" />
    </UnitTest>
    <UnitTest name="NavigatingTo_CheckDestinationRecordersAvailable_False_NavigationNotCancelled" storage="d:\actions-runner\_work\xpco\xpco\corporate\videoos.administration.wpfcontrols.unittests\bin\x64\debug\net472\videoos.administration.wpfcontrols.unittests.dll" id="df4ea864-4e3c-cced-6270-17f50a07bf39">
      <Execution id="da5bd877-fa22-46ae-97f4-e4b7353d4812" />
      <TestMethod codeBase="D:\actions-runner\_work\XPCO\XPCO\Corporate\VideoOS.Administration.WpfControls.UnitTests\bin\x64\Debug\net472\VideoOS.Administration.WpfControls.UnitTests.dll" adapterTypeName="executor://mstestadapter/v2" className="VideoOS.Administration.WpfControls.UnitTests.Wizards.MoveHardware.ViewModel.PageViewModelPreValidationTest" name="NavigatingTo_CheckDestinationRecordersAvailable_False_NavigationNotCancelled" />
    </UnitTest>
    <UnitTest name="NavigatingTo_CheckPreselectedRecorderAvailable_False_NavigationNotCancelled" storage="d:\actions-runner\_work\xpco\xpco\corporate\videoos.administration.wpfcontrols.unittests\bin\x64\debug\net472\videoos.administration.wpfcontrols.unittests.dll" id="2f3f981a-b73f-fb79-e3d7-09241fb6f8ce">
      <Execution id="3e6c243a-9ac9-474c-8d5b-83152ccdaa6c" />
      <TestMethod codeBase="D:\actions-runner\_work\XPCO\XPCO\Corporate\VideoOS.Administration.WpfControls.UnitTests\bin\x64\Debug\net472\VideoOS.Administration.WpfControls.UnitTests.dll" adapterTypeName="executor://mstestadapter/v2" className="VideoOS.Administration.WpfControls.UnitTests.Wizards.MoveHardware.ViewModel.PageViewModelPreValidationTest" name="NavigatingTo_CheckPreselectedRecorderAvailable_False_NavigationNotCancelled" />
    </UnitTest>
    <UnitTest name="Constructor_HardwareSelectionEmptyTest" storage="d:\actions-runner\_work\xpco\xpco\corporate\videoos.administration.wpfcontrols.unittests\bin\x64\debug\net472\videoos.administration.wpfcontrols.unittests.dll" id="4f67706c-ec17-d0dc-0484-559ff6686c7f">
      <Owners>
        <Owner name="lsk" />
      </Owners>
      <Execution id="ba0ff5f6-b5e6-4cc0-bbfa-2504873a5138" />
      <TestMethod codeBase="D:\actions-runner\_work\XPCO\XPCO\Corporate\VideoOS.Administration.WpfControls.UnitTests\bin\x64\Debug\net472\VideoOS.Administration.WpfControls.UnitTests.dll" adapterTypeName="executor://mstestadapter/v2" className="VideoOS.Administration.WpfControls.UnitTests.Wizards.MoveHardware.WizardViewModelTest" name="Constructor_HardwareSelectionEmptyTest" />
    </UnitTest>
    <UnitTest name="Convert_NoWarnings" storage="d:\actions-runner\_work\xpco\xpco\corporate\videoos.administration.wpfcontrols.unittests\bin\x64\debug\net472\videoos.administration.wpfcontrols.unittests.dll" id="f82ffb2c-a404-9020-7b62-349ae13e5c75">
      <Execution id="5714ce13-59ac-4018-bee5-79f228945b02" />
      <TestMethod codeBase="D:\actions-runner\_work\XPCO\XPCO\Corporate\VideoOS.Administration.WpfControls.UnitTests\bin\x64\Debug\net472\VideoOS.Administration.WpfControls.UnitTests.dll" adapterTypeName="executor://mstestadapter/v2" className="VideoOS.Administration.WpfControls.UnitTests.Wizards.UpdateFirmware.View.Converters.WarningToStringConverterTest" name="Convert_NoWarnings" />
    </UnitTest>
    <UnitTest name="CalcuateNewColumnWidths_Empty_Columns_Are_Unchanged" storage="d:\actions-runner\_work\xpco\xpco\corporate\videoos.administration.wpfcontrols.unittests\bin\x64\debug\net472\videoos.administration.wpfcontrols.unittests.dll" id="43608a89-1ae8-11be-9ac5-d0c816634fb3">
      <Execution id="cb0b33de-603d-4494-8bd5-9f6f5fcff9a9" />
      <TestMethod codeBase="D:\actions-runner\_work\XPCO\XPCO\Corporate\VideoOS.Administration.WpfControls.UnitTests\bin\x64\Debug\net472\VideoOS.Administration.WpfControls.UnitTests.dll" adapterTypeName="executor://mstestadapter/v2" className="VideoOS.Administration.WpfControls.UnitTests.Mvvm.InitialColumnSizingUnitTests" name="CalcuateNewColumnWidths_Empty_Columns_Are_Unchanged" />
    </UnitTest>
    <UnitTest name="Convert_Empty_Input_Gives_Empty_Output" storage="d:\actions-runner\_work\xpco\xpco\corporate\videoos.administration.wpfcontrols.unittests\bin\x64\debug\net472\videoos.administration.wpfcontrols.unittests.dll" id="a1606dfc-9800-9deb-4db8-fc1f9a0706b9">
      <Execution id="479902cf-944a-496e-9617-afba4a89bc02" />
      <TestMethod codeBase="D:\actions-runner\_work\XPCO\XPCO\Corporate\VideoOS.Administration.WpfControls.UnitTests\bin\x64\Debug\net472\VideoOS.Administration.WpfControls.UnitTests.dll" adapterTypeName="executor://mstestadapter/v2" className="VideoOS.Administration.WpfControls.UnitTests.Wizards.ChangeHardwarePassword.MultilineToSingleLineTextConverterUnitTests" name="Convert_Empty_Input_Gives_Empty_Output" />
    </UnitTest>
    <UnitTest name="ColumnWidthSpec_Absolute_NaNWidth_Throws_ArgumentException" storage="d:\actions-runner\_work\xpco\xpco\corporate\videoos.administration.wpfcontrols.unittests\bin\x64\debug\net472\videoos.administration.wpfcontrols.unittests.dll" id="118cab95-3ce6-8f1d-0d35-d7927bbc85d1">
      <Execution id="a8b8e96e-3df2-4ac7-ba26-fa7712f9b424" />
      <TestMethod codeBase="D:\actions-runner\_work\XPCO\XPCO\Corporate\VideoOS.Administration.WpfControls.UnitTests\bin\x64\Debug\net472\VideoOS.Administration.WpfControls.UnitTests.dll" adapterTypeName="executor://mstestadapter/v2" className="VideoOS.Administration.WpfControls.UnitTests.Mvvm.InitialColumnSizingUnitTests" name="ColumnWidthSpec_Absolute_NaNWidth_Throws_ArgumentException" />
    </UnitTest>
    <UnitTest name="LogOnThread_Constructor_NullAuthenticateEventArgs_Throws_ArgumentNullException" storage="d:\actions-runner\_work\xpco\xpco\corporate\videoos.administration.wpfcontrols.unittests\bin\x64\debug\net472\videoos.administration.wpfcontrols.unittests.dll" id="fc1c8124-47bb-a8bc-5737-8872268eedf3">
      <TestCategory>
        <TestCategoryItem TestCategory="VideoOS Administration" />
      </TestCategory>
      <Execution id="47c55fac-e386-4824-a61e-d96929a11564" />
      <TestMethod codeBase="D:\actions-runner\_work\XPCO\XPCO\Corporate\VideoOS.Administration.WpfControls.UnitTests\bin\x64\Debug\net472\VideoOS.Administration.WpfControls.UnitTests.dll" adapterTypeName="executor://mstestadapter/v2" className="VideoOS.Administration.WpfControls.UnitTests.Login.LogOnThreadTests" name="LogOnThread_Constructor_NullAuthenticateEventArgs_Throws_ArgumentNullException" />
    </UnitTest>
    <UnitTest name="NavigatingTo_PageStatus_HardwareSelected" storage="d:\actions-runner\_work\xpco\xpco\corporate\videoos.administration.wpfcontrols.unittests\bin\x64\debug\net472\videoos.administration.wpfcontrols.unittests.dll" id="a4298eb4-c80a-c59c-c50b-0666aeeebf05">
      <Owners>
        <Owner name="ale" />
      </Owners>
      <Execution id="5301a928-4e26-40a8-a996-5b38f738450d" />
      <TestMethod codeBase="D:\actions-runner\_work\XPCO\XPCO\Corporate\VideoOS.Administration.WpfControls.UnitTests\bin\x64\Debug\net472\VideoOS.Administration.WpfControls.UnitTests.dll" adapterTypeName="executor://mstestadapter/v2" className="VideoOS.Administration.WpfControls.UnitTests.Wizards.UpdateFirmware.ViewModel.PageViewModelFirmwareUpdateTest" name="NavigatingTo_PageStatus_HardwareSelected" />
    </UnitTest>
    <UnitTest name="Constructor_HardwareSelectionEmptyTest" storage="d:\actions-runner\_work\xpco\xpco\corporate\videoos.administration.wpfcontrols.unittests\bin\x64\debug\net472\videoos.administration.wpfcontrols.unittests.dll" id="6f18b2fa-7718-8add-a5ae-a605498e1f2a">
      <Owners>
        <Owner name="max" />
      </Owners>
      <Execution id="2c0bd094-2351-45a9-bc6f-7afbc5ae4893" />
      <TestMethod codeBase="D:\actions-runner\_work\XPCO\XPCO\Corporate\VideoOS.Administration.WpfControls.UnitTests\bin\x64\Debug\net472\VideoOS.Administration.WpfControls.UnitTests.dll" adapterTypeName="executor://mstestadapter/v2" className="VideoOS.Administration.WpfControls.UnitTests.Wizards.ChangeHardwarePassword.WizardViewModelTest" name="Constructor_HardwareSelectionEmptyTest" />
    </UnitTest>
    <UnitTest name="SortBaseCommon_ConfigurationCheck" storage="d:\actions-runner\_work\xpco\xpco\corporate\videoos.administration.wpfcontrols.unittests\bin\x64\debug\net472\videoos.administration.wpfcontrols.unittests.dll" id="4d7bc167-a349-1630-4956-c316375e39d5">
      <Owners>
        <Owner name="lsk" />
      </Owners>
      <Execution id="e0fd82d9-741a-4bf7-9a87-6ef2306f9bcb" />
      <TestMethod codeBase="D:\actions-runner\_work\XPCO\XPCO\Corporate\VideoOS.Administration.WpfControls.UnitTests\bin\x64\Debug\net472\VideoOS.Administration.WpfControls.UnitTests.dll" adapterTypeName="executor://mstestadapter/v2" className="VideoOS.Administration.WpfControls.UnitTests.Mvvm.Sort.SimpleSortWithFallbackTest" name="SortBaseCommon_ConfigurationCheck" />
    </UnitTest>
    <UnitTest name="Convert_Single_Line_Gives_Unmodified_String" storage="d:\actions-runner\_work\xpco\xpco\corporate\videoos.administration.wpfcontrols.unittests\bin\x64\debug\net472\videoos.administration.wpfcontrols.unittests.dll" id="cb7cc280-eb4f-97ff-9e8d-6fb2e44da770">
      <Execution id="654a5f3e-7e9e-4758-95ba-09a66b8592a7" />
      <TestMethod codeBase="D:\actions-runner\_work\XPCO\XPCO\Corporate\VideoOS.Administration.WpfControls.UnitTests\bin\x64\Debug\net472\VideoOS.Administration.WpfControls.UnitTests.dll" adapterTypeName="executor://mstestadapter/v2" className="VideoOS.Administration.WpfControls.UnitTests.Wizards.MoveHardware.View.Converters.MultilineToSingleLineTextConverterUnitTests" name="Convert_Single_Line_Gives_Unmodified_String" />
    </UnitTest>
    <UnitTest name="ConvertNonMatchingType" storage="d:\actions-runner\_work\xpco\xpco\corporate\videoos.administration.wpfcontrols.unittests\bin\x64\debug\net472\videoos.administration.wpfcontrols.unittests.dll" id="657e21ce-a52e-6c6a-6311-57335b301012">
      <Execution id="f64f6633-d6aa-4cc3-90d8-2b4d937be7fc" />
      <TestMethod codeBase="D:\actions-runner\_work\XPCO\XPCO\Corporate\VideoOS.Administration.WpfControls.UnitTests\bin\x64\Debug\net472\VideoOS.Administration.WpfControls.UnitTests.dll" adapterTypeName="executor://mstestadapter/v2" className="VideoOS.Administration.WpfControls.UnitTests.HardwareSetupDialog.Converters.NotEmptyStringToVisibilityConverterUnitTests" name="ConvertNonMatchingType" />
    </UnitTest>
    <UnitTest name="ConvertNonMatchingTypeThrows" storage="d:\actions-runner\_work\xpco\xpco\corporate\videoos.administration.wpfcontrols.unittests\bin\x64\debug\net472\videoos.administration.wpfcontrols.unittests.dll" id="46745c6d-406d-74ac-ea72-14ed1bc148d5">
      <Execution id="32d267f5-dc2c-4123-9a5d-0da30e484b9f" />
      <TestMethod codeBase="D:\actions-runner\_work\XPCO\XPCO\Corporate\VideoOS.Administration.WpfControls.UnitTests\bin\x64\Debug\net472\VideoOS.Administration.WpfControls.UnitTests.dll" adapterTypeName="executor://mstestadapter/v2" className="VideoOS.Administration.WpfControls.UnitTests.HardwareSetupDialog.Converters.NotEmptyStringToBooleanConverterUnitTests" name="ConvertNonMatchingTypeThrows" />
    </UnitTest>
    <UnitTest name="Constructor_HandlerNullTest" storage="d:\actions-runner\_work\xpco\xpco\corporate\videoos.administration.wpfcontrols.unittests\bin\x64\debug\net472\videoos.administration.wpfcontrols.unittests.dll" id="defbbec5-13ee-77a3-27b3-7d9a808c08ff">
      <Owners>
        <Owner name="max" />
      </Owners>
      <Execution id="f45bec7a-f6e7-4397-a677-ee07e7b43798" />
      <TestMethod codeBase="D:\actions-runner\_work\XPCO\XPCO\Corporate\VideoOS.Administration.WpfControls.UnitTests\bin\x64\Debug\net472\VideoOS.Administration.WpfControls.UnitTests.dll" adapterTypeName="executor://mstestadapter/v2" className="VideoOS.Administration.WpfControls.UnitTests.Wizards.ChangeHardwarePassword.WizardViewModelTest" name="Constructor_HandlerNullTest" />
    </UnitTest>
    <UnitTest name="PreviousCommand_ExecuteMultipleTest" storage="d:\actions-runner\_work\xpco\xpco\corporate\videoos.administration.wpfcontrols.unittests\bin\x64\debug\net472\videoos.administration.wpfcontrols.unittests.dll" id="7b319b5a-ac7e-27ec-d3d4-424ab7d48072">
      <Owners>
        <Owner name="lsk" />
      </Owners>
      <Execution id="b2877bc2-32c1-4e72-88b7-ebe8cdd04df1" />
      <TestMethod codeBase="D:\actions-runner\_work\XPCO\XPCO\Corporate\VideoOS.Administration.WpfControls.UnitTests\bin\x64\Debug\net472\VideoOS.Administration.WpfControls.UnitTests.dll" adapterTypeName="executor://mstestadapter/v2" className="VideoOS.Administration.WpfControls.UnitTests.Wizards.Common.WizardBaseViewModelTest" name="PreviousCommand_ExecuteMultipleTest" />
    </UnitTest>
    <UnitTest name="CurrentStatus_Event_SetSelectionTest" storage="d:\actions-runner\_work\xpco\xpco\corporate\videoos.administration.wpfcontrols.unittests\bin\x64\debug\net472\videoos.administration.wpfcontrols.unittests.dll" id="661f4fdd-5778-f70d-7e4e-9944e0c622b5">
      <Owners>
        <Owner name="lsk" />
      </Owners>
      <Execution id="d42b4dfe-e65f-447e-9a90-5ce8d170e1e2" />
      <TestMethod codeBase="D:\actions-runner\_work\XPCO\XPCO\Corporate\VideoOS.Administration.WpfControls.UnitTests\bin\x64\Debug\net472\VideoOS.Administration.WpfControls.UnitTests.dll" adapterTypeName="executor://mstestadapter/v2" className="VideoOS.Administration.WpfControls.UnitTests.Wizards.MoveHardware.PageViewModelDestinationRecorderSelectionTest" name="CurrentStatus_Event_SetSelectionTest" />
    </UnitTest>
    <UnitTest name="Convert_Null_TragetType_Throws_ArgumentNullException" storage="d:\actions-runner\_work\xpco\xpco\corporate\videoos.administration.wpfcontrols.unittests\bin\x64\debug\net472\videoos.administration.wpfcontrols.unittests.dll" id="378a45ad-1ba0-3b2c-824b-41b1cb63ba82">
      <Execution id="8b2caff6-3f57-483e-a0ac-39f855d91f7c" />
      <TestMethod codeBase="D:\actions-runner\_work\XPCO\XPCO\Corporate\VideoOS.Administration.WpfControls.UnitTests\bin\x64\Debug\net472\VideoOS.Administration.WpfControls.UnitTests.dll" adapterTypeName="executor://mstestadapter/v2" className="VideoOS.Administration.WpfControls.UnitTests.Wizards.MoveHardware.View.Converters.MultilineToSingleLineTextConverterUnitTests" name="Convert_Null_TragetType_Throws_ArgumentNullException" />
    </UnitTest>
    <UnitTest name="Validate_WithPasswordManualEntry_MissingConfirmationPassword" storage="d:\actions-runner\_work\xpco\xpco\corporate\videoos.administration.wpfcontrols.unittests\bin\x64\debug\net472\videoos.administration.wpfcontrols.unittests.dll" id="33b6f5ee-da23-2516-d626-f8cc402f6c53">
      <Owners>
        <Owner name="max" />
      </Owners>
      <Execution id="e6efc44d-9f28-4176-a77f-26801a3b50cd" />
      <TestMethod codeBase="D:\actions-runner\_work\XPCO\XPCO\Corporate\VideoOS.Administration.WpfControls.UnitTests\bin\x64\Debug\net472\VideoOS.Administration.WpfControls.UnitTests.dll" adapterTypeName="executor://mstestadapter/v2" className="VideoOS.Administration.WpfControls.UnitTests.Wizards.ChangeHardwarePassword.PageViewModelChangeHardwarePasswordTest" name="Validate_WithPasswordManualEntry_MissingConfirmationPassword" />
    </UnitTest>
    <UnitTest name="NavigatingTo_Selection_HardwareSelectionFromHandlerTest" storage="d:\actions-runner\_work\xpco\xpco\corporate\videoos.administration.wpfcontrols.unittests\bin\x64\debug\net472\videoos.administration.wpfcontrols.unittests.dll" id="2ac7088b-aae0-ffc5-163d-fd81acc19408">
      <Owners>
        <Owner name="lsk" />
      </Owners>
      <Execution id="9ab89039-9b30-4a27-9ce9-3caec7b0a5da" />
      <TestMethod codeBase="D:\actions-runner\_work\XPCO\XPCO\Corporate\VideoOS.Administration.WpfControls.UnitTests\bin\x64\Debug\net472\VideoOS.Administration.WpfControls.UnitTests.dll" adapterTypeName="executor://mstestadapter/v2" className="VideoOS.Administration.WpfControls.UnitTests.Wizards.MoveHardware.PageViewModelHardwareSelectionTest" name="NavigatingTo_Selection_HardwareSelectionFromHandlerTest" />
    </UnitTest>
    <UnitTest name="NavigatingTo_ExceptionHandling_OtherException_FindHardwareThrowsTest" storage="d:\actions-runner\_work\xpco\xpco\corporate\videoos.administration.wpfcontrols.unittests\bin\x64\debug\net472\videoos.administration.wpfcontrols.unittests.dll" id="af9b34af-c129-27ed-6022-fd854a23a0b4">
      <Owners>
        <Owner name="max" />
      </Owners>
      <Execution id="1732650e-b674-48bf-bd9e-1ce3991f59d8" />
      <TestMethod codeBase="D:\actions-runner\_work\XPCO\XPCO\Corporate\VideoOS.Administration.WpfControls.UnitTests\bin\x64\Debug\net472\VideoOS.Administration.WpfControls.UnitTests.dll" adapterTypeName="executor://mstestadapter/v2" className="VideoOS.Administration.WpfControls.UnitTests.Wizards.ChangeHardwarePassword.PageViewModelHardwareSelectionTest" name="NavigatingTo_ExceptionHandling_OtherException_FindHardwareThrowsTest" />
    </UnitTest>
    <UnitTest name="Validate_WithPasswordManualEntry_RequiresDigits_Succeeds" storage="d:\actions-runner\_work\xpco\xpco\corporate\videoos.administration.wpfcontrols.unittests\bin\x64\debug\net472\videoos.administration.wpfcontrols.unittests.dll" id="47fd3bc8-2625-f95e-8fb0-c1a579923ea3">
      <Owners>
        <Owner name="max" />
      </Owners>
      <Execution id="90a8e5b4-ab7f-49e7-8db6-3abeced6cd8e" />
      <TestMethod codeBase="D:\actions-runner\_work\XPCO\XPCO\Corporate\VideoOS.Administration.WpfControls.UnitTests\bin\x64\Debug\net472\VideoOS.Administration.WpfControls.UnitTests.dll" adapterTypeName="executor://mstestadapter/v2" className="VideoOS.Administration.WpfControls.UnitTests.Wizards.ChangeHardwarePassword.PageViewModelChangeHardwarePasswordTest" name="Validate_WithPasswordManualEntry_RequiresDigits_Succeeds" />
    </UnitTest>
    <UnitTest name="Convert_Starting_NewLines_Ignored" storage="d:\actions-runner\_work\xpco\xpco\corporate\videoos.administration.wpfcontrols.unittests\bin\x64\debug\net472\videoos.administration.wpfcontrols.unittests.dll" id="77e4c6e7-3616-588c-8208-115090998ad6">
      <Execution id="b7a79bd1-9595-4348-88f5-c17fc1460e7b" />
      <TestMethod codeBase="D:\actions-runner\_work\XPCO\XPCO\Corporate\VideoOS.Administration.WpfControls.UnitTests\bin\x64\Debug\net472\VideoOS.Administration.WpfControls.UnitTests.dll" adapterTypeName="executor://mstestadapter/v2" className="VideoOS.Administration.WpfControls.UnitTests.Wizards.MoveHardware.View.Converters.MultilineToSingleLineTextConverterUnitTests" name="Convert_Starting_NewLines_Ignored" />
    </UnitTest>
    <UnitTest name="ThresholdSliderViewModel_InvalidInput3" storage="d:\actions-runner\_work\xpco\xpco\corporate\videoos.administration.wpfcontrols.unittests\bin\x64\debug\net472\videoos.administration.wpfcontrols.unittests.dll" id="94fe0f66-34bb-5758-3095-5179fe115116">
      <TestCategory>
        <TestCategoryItem TestCategory="SystemMonitorEventThresholds" />
      </TestCategory>
      <Execution id="985446dc-a3c6-4f15-a250-b548978de860" />
      <TestMethod codeBase="D:\actions-runner\_work\XPCO\XPCO\Corporate\VideoOS.Administration.WpfControls.UnitTests\bin\x64\Debug\net472\VideoOS.Administration.WpfControls.UnitTests.dll" adapterTypeName="executor://mstestadapter/v2" className="VideoOS.Administration.WpfControls.UnitTests.SystemMonitorEventThresholds.ViewModel.Slider.ThresholdSliderViewModelTests" name="ThresholdSliderViewModel_InvalidInput3" />
    </UnitTest>
    <UnitTest name="SortBaseCommon_ConfigurationCheck" storage="d:\actions-runner\_work\xpco\xpco\corporate\videoos.administration.wpfcontrols.unittests\bin\x64\debug\net472\videoos.administration.wpfcontrols.unittests.dll" id="8481c23f-3d6d-77ac-46b0-462c3daef337">
      <Owners>
        <Owner name="lsk" />
      </Owners>
      <Execution id="06754228-88f6-40fe-9b4c-1a81ad408afe" />
      <TestMethod codeBase="D:\actions-runner\_work\XPCO\XPCO\Corporate\VideoOS.Administration.WpfControls.UnitTests\bin\x64\Debug\net472\VideoOS.Administration.WpfControls.UnitTests.dll" adapterTypeName="executor://mstestadapter/v2" className="VideoOS.Administration.WpfControls.UnitTests.Mvvm.Sort.SimpleSortTest" name="SortBaseCommon_ConfigurationCheck" />
    </UnitTest>
    <UnitTest name="ThresholdColorConverter_Success" storage="d:\actions-runner\_work\xpco\xpco\corporate\videoos.administration.wpfcontrols.unittests\bin\x64\debug\net472\videoos.administration.wpfcontrols.unittests.dll" id="578794d4-5ba7-7fb1-91c8-0222ba3f2584">
      <TestCategory>
        <TestCategoryItem TestCategory="SystemMonitorEventThresholds" />
      </TestCategory>
      <Execution id="f8ff39d4-80f8-4e2b-968e-76dc744054ff" />
      <TestMethod codeBase="D:\actions-runner\_work\XPCO\XPCO\Corporate\VideoOS.Administration.WpfControls.UnitTests\bin\x64\Debug\net472\VideoOS.Administration.WpfControls.UnitTests.dll" adapterTypeName="executor://mstestadapter/v2" className="VideoOS.Administration.WpfControls.UnitTests.SystemMonitorEventThresholds.Converters.ThresholdConverterTests" name="ThresholdColorConverter_Success" />
    </UnitTest>
    <UnitTest name="NavigatingTo_Selection_HardwareSelectionFromHandlerTest" storage="d:\actions-runner\_work\xpco\xpco\corporate\videoos.administration.wpfcontrols.unittests\bin\x64\debug\net472\videoos.administration.wpfcontrols.unittests.dll" id="f3acd017-a1db-2e96-a424-62e6dd004767">
      <Owners>
        <Owner name="max" />
      </Owners>
      <Execution id="ea075c71-40c1-40f6-b486-4013f85d33ce" />
      <TestMethod codeBase="D:\actions-runner\_work\XPCO\XPCO\Corporate\VideoOS.Administration.WpfControls.UnitTests\bin\x64\Debug\net472\VideoOS.Administration.WpfControls.UnitTests.dll" adapterTypeName="executor://mstestadapter/v2" className="VideoOS.Administration.WpfControls.UnitTests.Wizards.ChangeHardwarePassword.PageViewModelHardwareSelectionTest" name="NavigatingTo_Selection_HardwareSelectionFromHandlerTest" />
    </UnitTest>
    <UnitTest name="Constructor_NullDataTest" storage="d:\actions-runner\_work\xpco\xpco\corporate\videoos.administration.wpfcontrols.unittests\bin\x64\debug\net472\videoos.administration.wpfcontrols.unittests.dll" id="ecbec1d8-b667-c635-f550-1642d91b3766">
      <Execution id="7af045b3-4035-4af0-8eae-92818fe3d7a2" />
      <TestMethod codeBase="D:\actions-runner\_work\XPCO\XPCO\Corporate\VideoOS.Administration.WpfControls.UnitTests\bin\x64\Debug\net472\VideoOS.Administration.WpfControls.UnitTests.dll" adapterTypeName="executor://mstestadapter/v2" className="VideoOS.Administration.WpfControls.UnitTests.Wizards.MoveHardware.ViewModel.PageViewModelPreValidationTest" name="Constructor_NullDataTest" />
    </UnitTest>
    <UnitTest name="UpdateSelection_Garbage_InvalidTypeTest" storage="d:\actions-runner\_work\xpco\xpco\corporate\videoos.administration.wpfcontrols.unittests\bin\x64\debug\net472\videoos.administration.wpfcontrols.unittests.dll" id="c664c30c-04ae-c818-4204-fa5b0fcd7551">
      <Owners>
        <Owner name="max" />
      </Owners>
      <Execution id="79205729-00ec-421c-8550-cb366ca83bab" />
      <TestMethod codeBase="D:\actions-runner\_work\XPCO\XPCO\Corporate\VideoOS.Administration.WpfControls.UnitTests\bin\x64\Debug\net472\VideoOS.Administration.WpfControls.UnitTests.dll" adapterTypeName="executor://mstestadapter/v2" className="VideoOS.Administration.WpfControls.UnitTests.Wizards.ChangeHardwarePassword.PageViewModelHardwareSelectionTest" name="UpdateSelection_Garbage_InvalidTypeTest" />
    </UnitTest>
  </TestDefinitions>
  <TestEntries>
    <TestEntry testId="e859f721-10a9-8113-54af-77af4f6b127c" executionId="36bf02b6-4c22-4769-bcf9-41839ba43a51" testListId="8c84fa94-04c1-424b-9868-57a2d4851a1d" />
    <TestEntry testId="65bb21ec-a84a-33c2-5191-d6efaa182c77" executionId="6229391d-4c82-4499-b0f8-c12625bb5274" testListId="8c84fa94-04c1-424b-9868-57a2d4851a1d" />
    <TestEntry testId="3e390018-cbd0-3fab-3227-c2bdc212e7a4" executionId="deffb0aa-7e8e-49d6-9969-cfdaadc4c58e" testListId="8c84fa94-04c1-424b-9868-57a2d4851a1d" />
    <TestEntry testId="2263de12-05b9-2615-fd9d-d2d5c9269b30" executionId="d171f43f-ef8f-46d6-8a5c-4ad776a96858" testListId="8c84fa94-04c1-424b-9868-57a2d4851a1d" />
    <TestEntry testId="93477380-b89c-b371-b0e8-3f7b061744b3" executionId="1f8299bf-ebbb-4932-9588-62ae4f11986d" testListId="8c84fa94-04c1-424b-9868-57a2d4851a1d" />
    <TestEntry testId="f2eb084a-1f18-1fe7-34f1-2083fed4886b" executionId="be077e5c-7248-44be-b31c-8cdefe029e50" testListId="8c84fa94-04c1-424b-9868-57a2d4851a1d" />
    <TestEntry testId="ef144d12-0e43-7cbf-7db2-afda355e4f9e" executionId="db6ada80-0f35-4961-8887-e34e598f65fb" testListId="8c84fa94-04c1-424b-9868-57a2d4851a1d" />
    <TestEntry testId="fdb0b32c-91a8-7557-e0e4-2df46fff5a8d" executionId="a3e7c157-2a45-4456-8c57-48b2d297453a" testListId="8c84fa94-04c1-424b-9868-57a2d4851a1d" />
    <TestEntry testId="be8da6d3-d798-6ea6-d736-548a0a7f4ec0" executionId="6c441a54-c8e1-41f3-8e93-eec0feb8a060" testListId="8c84fa94-04c1-424b-9868-57a2d4851a1d" />
    <TestEntry testId="1617597d-bf88-945d-8f00-fba5da581d8c" executionId="91c88f45-9da5-4029-adc0-0cbb867d3b4a" testListId="8c84fa94-04c1-424b-9868-57a2d4851a1d" />
    <TestEntry testId="0bb41f33-dc84-1adf-de5a-a56416fa1c57" executionId="eec3bf21-4003-4096-8498-9e935e68a79c" testListId="8c84fa94-04c1-424b-9868-57a2d4851a1d" />
    <TestEntry testId="664e6493-a350-b92e-3224-2f6b509268ea" executionId="e10289b8-cbfc-41a1-9ae4-da926fbabb8a" testListId="8c84fa94-04c1-424b-9868-57a2d4851a1d" />
    <TestEntry testId="d1f62858-9016-515a-9c1e-3ccfb99ab40f" executionId="4016c89c-b22f-4c3f-bab3-62811c9554c8" testListId="8c84fa94-04c1-424b-9868-57a2d4851a1d" />
    <TestEntry testId="f6c45a9d-919b-4033-0576-89eef5a0f5f4" executionId="2c69a1fd-7f61-45e2-94a6-dfb1093622ad" testListId="8c84fa94-04c1-424b-9868-57a2d4851a1d" />
    <TestEntry testId="70fd5b44-aa44-6f9d-e7b8-dd3ba847a152" executionId="484c7cbc-d9d7-4241-929c-b9673695066d" testListId="8c84fa94-04c1-424b-9868-57a2d4851a1d" />
    <TestEntry testId="f4927cb4-3f2d-880e-41ec-49116b838eda" executionId="93b1fcd9-7753-43bb-9cc2-da1fab3db217" testListId="8c84fa94-04c1-424b-9868-57a2d4851a1d" />
    <TestEntry testId="e4ab450a-f95f-1f67-e29e-c5c69e3518df" executionId="52ded900-f128-4542-a351-2580b5396b71" testListId="8c84fa94-04c1-424b-9868-57a2d4851a1d" />
    <TestEntry testId="7115e4f8-539b-b199-92f7-b9bc6936260b" executionId="ab6a2f6e-29bb-415e-9e66-e904c598459f" testListId="8c84fa94-04c1-424b-9868-57a2d4851a1d" />
    <TestEntry testId="9a6d99f0-2478-7008-b6de-ccf4f008eb1f" executionId="2b45f600-f35b-449e-be04-31d3a9894046" testListId="8c84fa94-04c1-424b-9868-57a2d4851a1d" />
    <TestEntry testId="e911694b-fe96-0fb6-9301-42b585cbc388" executionId="323a18c6-3cd7-4974-86e1-dde6502cb4cd" testListId="8c84fa94-04c1-424b-9868-57a2d4851a1d" />
    <TestEntry testId="12e1e94d-37b4-6153-c045-578e74c5b2f3" executionId="f6f73dad-247e-4525-a9ee-60ac4b2ad8d7" testListId="8c84fa94-04c1-424b-9868-57a2d4851a1d" />
    <TestEntry testId="654f6a20-5503-1b61-9bad-eb401ba7a60d" executionId="93ccb800-004e-4c6f-8c7a-611e57300219" testListId="8c84fa94-04c1-424b-9868-57a2d4851a1d" />
    <TestEntry testId="ddc799a4-a3b8-dc7a-53c1-7d8f32c294c9" executionId="566d0343-cf43-46d6-b903-4acea74f65ce" testListId="8c84fa94-04c1-424b-9868-57a2d4851a1d" />
    <TestEntry testId="66e8dfc4-b1c2-0239-1605-db951eadea20" executionId="873d983c-7b74-4bf5-816b-99a07d0ca56e" testListId="8c84fa94-04c1-424b-9868-57a2d4851a1d" />
    <TestEntry testId="14636060-b3f4-8768-196b-14bbe8721efb" executionId="a7f6b473-ef2d-4c14-945a-5a8c6b1bd72e" testListId="8c84fa94-04c1-424b-9868-57a2d4851a1d" />
    <TestEntry testId="549bdddc-6026-e835-122f-1a9746498ce1" executionId="1b3644bc-f350-46ce-8c4d-4b2bef117d4b" testListId="8c84fa94-04c1-424b-9868-57a2d4851a1d" />
    <TestEntry testId="11fad197-dc15-5e94-2f41-67645523b002" executionId="a0ead0e0-8e3b-4eb8-98cd-c9bd4ac5c28b" testListId="8c84fa94-04c1-424b-9868-57a2d4851a1d" />
    <TestEntry testId="5899a75c-5291-1924-069c-47253700398b" executionId="0a44ac1c-150c-4eab-b84a-f7b2d19fb3df" testListId="8c84fa94-04c1-424b-9868-57a2d4851a1d" />
    <TestEntry testId="4a6f6063-0772-7b40-a6f3-a9b96658f054" executionId="8a9ae88d-ecb2-4f41-a6bc-71ec424ffece" testListId="8c84fa94-04c1-424b-9868-57a2d4851a1d" />
    <TestEntry testId="cc09ee50-c14c-8ada-06f7-e9456fd353cb" executionId="a644c06b-9756-4d27-891c-9ae689978114" testListId="8c84fa94-04c1-424b-9868-57a2d4851a1d" />
    <TestEntry testId="bbab526a-2997-fda8-ef27-7976db3b3548" executionId="dfdd0b40-44cb-4f5c-8749-7aaee196c48c" testListId="8c84fa94-04c1-424b-9868-57a2d4851a1d" />
    <TestEntry testId="bd289ba2-bb7a-a20f-f256-9e9f907d458a" executionId="edaa3db5-3b5d-47dd-8c93-d7dde7637e75" testListId="8c84fa94-04c1-424b-9868-57a2d4851a1d" />
    <TestEntry testId="b07e2c88-163a-e164-51e3-4bc2c8820ae4" executionId="50a71b32-fe6e-489a-89ba-2f8b07d43652" testListId="8c84fa94-04c1-424b-9868-57a2d4851a1d" />
    <TestEntry testId="93930c38-bad3-e886-0efe-52170415fbb6" executionId="015df979-47b6-460e-973a-7554b802e243" testListId="8c84fa94-04c1-424b-9868-57a2d4851a1d" />
    <TestEntry testId="842c3777-724f-a6c4-be4c-c9bb68611fca" executionId="1b715ad9-87e0-4732-b510-2e2b7fb7f71c" testListId="8c84fa94-04c1-424b-9868-57a2d4851a1d" />
    <TestEntry testId="4853e2d1-1b0b-06b5-aee8-6c69312049dd" executionId="c995e0ca-4589-4c46-b1f2-bb197876e808" testListId="8c84fa94-04c1-424b-9868-57a2d4851a1d" />
    <TestEntry testId="0086faaf-80d1-dcee-f6a8-6024fc959c32" executionId="1758a25e-31f5-46d6-8e6a-47158f17bf9b" testListId="8c84fa94-04c1-424b-9868-57a2d4851a1d" />
    <TestEntry testId="203c2e4e-3984-7e80-a094-12f3b34ad639" executionId="7af08afd-018c-4cbc-a1b2-8afe4489d44d" testListId="8c84fa94-04c1-424b-9868-57a2d4851a1d" />
    <TestEntry testId="2d398707-f3c7-b329-c56c-f225f5231c79" executionId="9804b038-40fe-45fe-9e88-88508c67a717" testListId="8c84fa94-04c1-424b-9868-57a2d4851a1d" />
    <TestEntry testId="77e4c6e7-3616-588c-8208-115090998ad6" executionId="b7a79bd1-9595-4348-88f5-c17fc1460e7b" testListId="8c84fa94-04c1-424b-9868-57a2d4851a1d" />
    <TestEntry testId="1a1ec069-9b14-81bb-b802-1d035f3ee5a3" executionId="874abef2-bd3d-4a48-9fba-9bb21e1f3222" testListId="8c84fa94-04c1-424b-9868-57a2d4851a1d" />
    <TestEntry testId="7f37cb27-9a48-5cfa-81d4-67f4e61f026b" executionId="c92b031f-7f4a-48a0-88b7-2c9c18289ce5" testListId="8c84fa94-04c1-424b-9868-57a2d4851a1d" />
    <TestEntry testId="9c0b94c9-958d-a5ec-8127-ce4dd92dd973" executionId="c30dddc2-5d35-4572-afec-78132574e7f1" testListId="8c84fa94-04c1-424b-9868-57a2d4851a1d" />
    <TestEntry testId="748f99ad-bd43-9fee-62d3-8667030a21c6" executionId="1d3198d3-6ff4-46f3-b4f1-f4d258faa57d" testListId="8c84fa94-04c1-424b-9868-57a2d4851a1d" />
    <TestEntry testId="42450511-e9fc-1bb8-0a73-2867da9ef625" executionId="eed69037-0f5b-49aa-9240-ad6f7da8a843" testListId="8c84fa94-04c1-424b-9868-57a2d4851a1d" />
    <TestEntry testId="94129610-3ce2-205b-4a42-45c4d697d9ed" executionId="003b276d-a10a-44a0-b7f8-74093509d5ed" testListId="8c84fa94-04c1-424b-9868-57a2d4851a1d" />
    <TestEntry testId="75fe98fc-516d-22c1-693a-fc7afe43a666" executionId="72db60ba-a54b-416e-92cb-3d8d16a36e7b" testListId="8c84fa94-04c1-424b-9868-57a2d4851a1d" />
    <TestEntry testId="d5e41e46-8604-2549-4224-9c75532b73f9" executionId="2ce26115-4be8-487e-899d-6ac24ac4bdc9" testListId="8c84fa94-04c1-424b-9868-57a2d4851a1d" />
    <TestEntry testId="4d7bc167-a349-1630-4956-c316375e39d5" executionId="e0fd82d9-741a-4bf7-9a87-6ef2306f9bcb" testListId="8c84fa94-04c1-424b-9868-57a2d4851a1d" />
    <TestEntry testId="c433c793-666e-34b6-8b63-f25466869ce3" executionId="f16b4452-3ec6-4cd0-b7f1-e66c4fa1635e" testListId="8c84fa94-04c1-424b-9868-57a2d4851a1d" />
    <TestEntry testId="5e6badfc-f3b8-371e-4624-1d766d3da195" executionId="29c7c912-2831-4a50-b76a-86ff65672bdf" testListId="8c84fa94-04c1-424b-9868-57a2d4851a1d" />
    <TestEntry testId="defbbec5-13ee-77a3-27b3-7d9a808c08ff" executionId="f45bec7a-f6e7-4397-a677-ee07e7b43798" testListId="8c84fa94-04c1-424b-9868-57a2d4851a1d" />
    <TestEntry testId="46745c6d-406d-74ac-ea72-14ed1bc148d5" executionId="32d267f5-dc2c-4123-9a5d-0da30e484b9f" testListId="8c84fa94-04c1-424b-9868-57a2d4851a1d" />
    <TestEntry testId="10d2c696-3fe4-10c2-09de-7ceef1c7fe28" executionId="4509360d-0b56-40b9-9997-db4f2cb1db52" testListId="8c84fa94-04c1-424b-9868-57a2d4851a1d" />
    <TestEntry testId="5fcaabbc-76f6-6e4d-a2d0-53d66fcf6b66" executionId="ccaefc4a-9096-450d-8ef7-30cd1a558824" testListId="8c84fa94-04c1-424b-9868-57a2d4851a1d" />
    <TestEntry testId="b43cd285-6f14-30fa-1eaa-298d06fe8796" executionId="72e295c0-9b37-414d-ba91-2bd85cf07443" testListId="8c84fa94-04c1-424b-9868-57a2d4851a1d" />
    <TestEntry testId="229548e7-c814-7d03-aae9-a82430d60fbc" executionId="bdab5bc9-223d-4639-aa6c-029b87f2e0e6" testListId="8c84fa94-04c1-424b-9868-57a2d4851a1d" />
    <TestEntry testId="518ca512-f181-0648-dc57-307c401a0b75" executionId="58534d37-af0c-4cb3-8204-f51520eb2641" testListId="8c84fa94-04c1-424b-9868-57a2d4851a1d" />
    <TestEntry testId="c07afd63-e60f-bd3a-ad4f-4a3cb6751c4d" executionId="01a71a26-3bea-4868-a698-93dbf37182bc" testListId="8c84fa94-04c1-424b-9868-57a2d4851a1d" />
    <TestEntry testId="52661f27-794b-810e-ca1b-9e59313c8174" executionId="f0cd22af-047f-44ae-be8c-b6c8866aa687" testListId="8c84fa94-04c1-424b-9868-57a2d4851a1d" />
    <TestEntry testId="7f969016-ac4d-f197-264f-3ad7c512794a" executionId="ff3f38d3-3645-4199-a759-3fd6e51f0af5" testListId="8c84fa94-04c1-424b-9868-57a2d4851a1d" />
    <TestEntry testId="6791732f-26a7-04d2-eb4e-7b28d6773426" executionId="43ac883a-4037-413d-b3f5-55df4fbf7cce" testListId="8c84fa94-04c1-424b-9868-57a2d4851a1d" />
    <TestEntry testId="159786b5-8ca2-5538-8bd6-da5b1fadbc39" executionId="513da19e-1423-477f-9b37-442764f684df" testListId="8c84fa94-04c1-424b-9868-57a2d4851a1d" />
    <TestEntry testId="670c0c9d-a69d-2b1c-b2d6-b2df8a52a93e" executionId="48338a85-5dad-459a-a2b0-efca17ab53dd" testListId="8c84fa94-04c1-424b-9868-57a2d4851a1d" />
    <TestEntry testId="2b1e28ec-3a6f-1d9d-a4e9-8575d3c172e6" executionId="2b84b6ba-d5b2-4edc-8b0a-d4126d8013eb" testListId="8c84fa94-04c1-424b-9868-57a2d4851a1d" />
    <TestEntry testId="4c4c99ac-7c82-53a9-f3e3-4584a00b8bf7" executionId="65734667-5270-4bc0-96d2-4e25072ab544" testListId="8c84fa94-04c1-424b-9868-57a2d4851a1d" />
    <TestEntry testId="5c3abe48-e255-bf5f-e62f-6c920d08143b" executionId="e9695ba2-5e94-4d42-ba01-4548d836612e" testListId="8c84fa94-04c1-424b-9868-57a2d4851a1d" />
    <TestEntry testId="43608a89-1ae8-11be-9ac5-d0c816634fb3" executionId="cb0b33de-603d-4494-8bd5-9f6f5fcff9a9" testListId="8c84fa94-04c1-424b-9868-57a2d4851a1d" />
    <TestEntry testId="13e72a3c-242f-c9a0-e821-31819510ec88" executionId="8fb923fb-de31-4c63-aed1-ee02ba4a8c60" testListId="8c84fa94-04c1-424b-9868-57a2d4851a1d" />
    <TestEntry testId="a723e631-72ff-3d82-8d14-4f80e9538842" executionId="ec1d71ee-734e-4c0d-b043-137468eddf77" testListId="8c84fa94-04c1-424b-9868-57a2d4851a1d" />
    <TestEntry testId="ecbec1d8-b667-c635-f550-1642d91b3766" executionId="7af045b3-4035-4af0-8eae-92818fe3d7a2" testListId="8c84fa94-04c1-424b-9868-57a2d4851a1d" />
    <TestEntry testId="18fafd98-dc4b-3492-9683-be611bbde21e" executionId="5457fb35-6851-428a-85e0-338215e76a04" testListId="8c84fa94-04c1-424b-9868-57a2d4851a1d" />
    <TestEntry testId="a6fd7cd5-42d7-4bf2-bb2e-e1cc7362ea24" executionId="9dab3b73-c980-4b38-ba04-be6ba35b3a71" testListId="8c84fa94-04c1-424b-9868-57a2d4851a1d" />
    <TestEntry testId="fd5e5db7-75bb-c1b4-bc63-c5e02bac5794" executionId="23348d38-cf45-4988-bd57-c229f4f930de" testListId="8c84fa94-04c1-424b-9868-57a2d4851a1d" />
    <TestEntry testId="c9a40857-5dc1-9213-47d9-c2166ce29db1" executionId="659034b3-294d-423a-b860-d36426f8dd1f" testListId="8c84fa94-04c1-424b-9868-57a2d4851a1d" />
    <TestEntry testId="ea366c82-3bd4-a53a-c238-e51073436c49" executionId="3481a6a6-8913-4962-8324-29f425a106b2" testListId="8c84fa94-04c1-424b-9868-57a2d4851a1d" />
    <TestEntry testId="72598820-c238-bb8a-f0d6-7f6e083a2fec" executionId="e9bfc756-4242-47b5-be54-a7b41481d4de" testListId="8c84fa94-04c1-424b-9868-57a2d4851a1d" />
    <TestEntry testId="6ea80318-fd3e-d3fc-a30a-e658c3723b3e" executionId="5c365e4a-8d7e-4597-8759-1b50da43c33e" testListId="8c84fa94-04c1-424b-9868-57a2d4851a1d" />
    <TestEntry testId="0eb75c3b-8e8a-4e39-9512-fb3daf4d64f9" executionId="dfed2ab6-3f88-4fff-abfa-3ad9308d8de2" testListId="8c84fa94-04c1-424b-9868-57a2d4851a1d" />
    <TestEntry testId="f190f748-5346-8eb6-4db4-3d0611f2cb89" executionId="3341858c-7128-4e29-adcf-7b8053cf3fe5" testListId="8c84fa94-04c1-424b-9868-57a2d4851a1d" />
    <TestEntry testId="1f68772d-a050-7bad-a9be-4fd5da9fe348" executionId="84221a42-fc30-4235-a384-5ab9cd41d80d" testListId="8c84fa94-04c1-424b-9868-57a2d4851a1d" />
    <TestEntry testId="6ebbcbf9-d9e1-df4a-dc0d-b8f854aa76bf" executionId="ba73212f-81e7-4855-938a-1588239d6780" testListId="8c84fa94-04c1-424b-9868-57a2d4851a1d" />
    <TestEntry testId="f3ff7ea0-e10b-3e83-9f9b-d76ecada8625" executionId="be255472-4c6e-4d48-bb4e-04083bf5b350" testListId="8c84fa94-04c1-424b-9868-57a2d4851a1d" />
    <TestEntry testId="e9057bc5-e2c2-a8f1-2eaf-456fc0d01a7d" executionId="a235edd0-24bf-4837-8ea4-e2c5e25b9a7c" testListId="8c84fa94-04c1-424b-9868-57a2d4851a1d" />
    <TestEntry testId="b0abb0b5-082f-abd9-c6e2-49267e783fe9" executionId="46731d36-f8de-409f-bedd-c3f96731c655" testListId="8c84fa94-04c1-424b-9868-57a2d4851a1d" />
    <TestEntry testId="7c603128-dfd6-390c-be39-435379348f85" executionId="0e332c55-c15d-4b3b-9b88-ae90e6ba63ac" testListId="8c84fa94-04c1-424b-9868-57a2d4851a1d" />
    <TestEntry testId="16e3fee0-cbf2-422e-e9b5-7f637108b5d6" executionId="cc9d6515-2d17-41fa-b1db-f64ac031d866" testListId="8c84fa94-04c1-424b-9868-57a2d4851a1d" />
    <TestEntry testId="8242a71c-0de4-6927-8a39-1791b0d7b873" executionId="28b13a2a-4374-47c2-b273-eed3bde31e04" testListId="8c84fa94-04c1-424b-9868-57a2d4851a1d" />
    <TestEntry testId="a7f86a3c-148c-895f-7b07-9b829325de74" executionId="d1754da9-a36e-4de8-89c9-dce665b3ca44" testListId="8c84fa94-04c1-424b-9868-57a2d4851a1d" />
    <TestEntry testId="0613022e-3267-9d07-db4b-b388716298e9" executionId="42dee2d2-ce56-4b80-864c-47c839c1ba33" testListId="8c84fa94-04c1-424b-9868-57a2d4851a1d" />
    <TestEntry testId="48ca2ab9-f06b-98ff-88d7-9712516f659e" executionId="84edc672-dd89-46d3-8c06-b1be5fb5c063" testListId="8c84fa94-04c1-424b-9868-57a2d4851a1d" />
    <TestEntry testId="87bc8649-ff49-904f-db05-d02459b9884d" executionId="0b1e5457-bcc0-4fb9-a6f6-52e27efa5700" testListId="8c84fa94-04c1-424b-9868-57a2d4851a1d" />
    <TestEntry testId="37429f34-1b2d-b12a-94f9-bff144f2a224" executionId="3f38d6f8-118d-4674-9aaa-7166f6713f75" testListId="8c84fa94-04c1-424b-9868-57a2d4851a1d" />
    <TestEntry testId="f48e9cd8-b051-c100-7f74-d5b838d2550f" executionId="8229883d-69df-4efa-8747-b95993e98ae0" testListId="8c84fa94-04c1-424b-9868-57a2d4851a1d" />
    <TestEntry testId="5819f51d-92fb-05b8-65ae-0180d576a834" executionId="0432d03e-df92-43d9-abf3-d2b5194ba64b" testListId="8c84fa94-04c1-424b-9868-57a2d4851a1d" />
    <TestEntry testId="f8acfd3e-a8ca-b6f5-1cfb-dd4b42c79653" executionId="fb6a29f6-419d-4c63-857c-41276db64bd6" testListId="8c84fa94-04c1-424b-9868-57a2d4851a1d" />
    <TestEntry testId="f4029d68-9184-29c2-3c76-2aababdb9bfe" executionId="a2d6147d-66e9-4bb9-b4f7-57064a809ea8" testListId="8c84fa94-04c1-424b-9868-57a2d4851a1d" />
    <TestEntry testId="7cd6ff96-f665-2e52-296f-2d3e3cd9ff4a" executionId="653ac750-1f57-448a-85f9-6345385d4c4c" testListId="8c84fa94-04c1-424b-9868-57a2d4851a1d" />
    <TestEntry testId="98f18924-197c-0bd6-8f3c-5fa068d90c80" executionId="e108021a-dd8f-4724-aceb-79f66612e35a" testListId="8c84fa94-04c1-424b-9868-57a2d4851a1d" />
    <TestEntry testId="5dd5edd7-3345-9904-745a-e934358e427e" executionId="30cfa5fd-8f52-4091-828d-f3b4b241b484" testListId="8c84fa94-04c1-424b-9868-57a2d4851a1d" />
    <TestEntry testId="e0b8b273-ae2f-7eb0-2361-2afa85566305" executionId="2bbb8b4f-6c09-4095-abe8-c8b25c197b23" testListId="8c84fa94-04c1-424b-9868-57a2d4851a1d" />
    <TestEntry testId="d75c67ff-fa0d-150c-97a9-b0960900bd82" executionId="b34a3530-fa3f-4c58-9ada-ca976d62a11e" testListId="8c84fa94-04c1-424b-9868-57a2d4851a1d" />
    <TestEntry testId="c5200ce1-116e-3d3e-a89a-8d38c5fad705" executionId="f4f60110-dbcd-4159-993c-932ea8549e4f" testListId="8c84fa94-04c1-424b-9868-57a2d4851a1d" />
    <TestEntry testId="87fe0b7e-00f2-076c-8837-5f1588ddfb23" executionId="ea327ccb-c193-4c40-b255-6ba96e5c8d70" testListId="8c84fa94-04c1-424b-9868-57a2d4851a1d" />
    <TestEntry testId="af9b34af-c129-27ed-6022-fd854a23a0b4" executionId="1732650e-b674-48bf-bd9e-1ce3991f59d8" testListId="8c84fa94-04c1-424b-9868-57a2d4851a1d" />
    <TestEntry testId="cc6171bc-7a6c-df61-3f55-ebe7fbfff64f" executionId="11b7eaad-9f22-42a3-8929-8c14544fa590" testListId="8c84fa94-04c1-424b-9868-57a2d4851a1d" />
    <TestEntry testId="2a9a7830-d83b-38ec-9983-96e0294553ee" executionId="611c401a-7a3f-44df-b2cf-cfdd3bcb0c94" testListId="8c84fa94-04c1-424b-9868-57a2d4851a1d" />
    <TestEntry testId="ab4a3b6b-68b0-800a-3f72-3234f3163c1b" executionId="76e22af4-d09c-4c76-ba40-681cbeef724b" testListId="8c84fa94-04c1-424b-9868-57a2d4851a1d" />
    <TestEntry testId="8ba5c093-ea32-1a1c-20d9-dc37a6af84f6" executionId="f4a15312-5abc-4ccd-8ebc-e9bfebf17074" testListId="8c84fa94-04c1-424b-9868-57a2d4851a1d" />
    <TestEntry testId="1e9a7246-198b-723d-9eec-563c562939e3" executionId="055f1d1f-2415-47cb-b8e7-99f50f9e7468" testListId="8c84fa94-04c1-424b-9868-57a2d4851a1d" />
    <TestEntry testId="2b3988ec-d1c3-0c6c-6cab-8a84419e555c" executionId="96615285-83b4-45f3-9262-cece4489c175" testListId="8c84fa94-04c1-424b-9868-57a2d4851a1d" />
    <TestEntry testId="46089004-001c-c3b4-babc-ac4ce13a4540" executionId="e96dc90f-ec7b-472b-9d5b-a107958e243d" testListId="8c84fa94-04c1-424b-9868-57a2d4851a1d" />
    <TestEntry testId="61bad184-2e28-53b6-c735-cbc94d62c03b" executionId="4d64af66-2d61-4579-83e2-f189a8ce23e6" testListId="8c84fa94-04c1-424b-9868-57a2d4851a1d" />
    <TestEntry testId="cf333e35-b4d9-96a3-24a6-26a2315700cd" executionId="8c66b5dc-836f-45a3-b669-51b4a58a1b5d" testListId="8c84fa94-04c1-424b-9868-57a2d4851a1d" />
    <TestEntry testId="f258be3c-7407-cd7a-eb07-a7d905519e41" executionId="668ced96-d47a-4226-aedc-c66edb8e82a3" testListId="8c84fa94-04c1-424b-9868-57a2d4851a1d" />
    <TestEntry testId="41b4d628-e78a-e5e1-ce66-5032746f9934" executionId="4dde87a9-0187-4613-a074-56b13ac6eac1" testListId="8c84fa94-04c1-424b-9868-57a2d4851a1d" />
    <TestEntry testId="94bb4dfe-b0ce-4e57-734d-47a215db43d1" executionId="b987a0dd-d0f8-4354-896c-9b4ad1264f2c" testListId="8c84fa94-04c1-424b-9868-57a2d4851a1d" />
    <TestEntry testId="da018325-6a80-96b8-7996-eb7ed269bec1" executionId="8a1f1a57-e5b9-4584-b407-70f38b310f15" testListId="8c84fa94-04c1-424b-9868-57a2d4851a1d" />
    <TestEntry testId="54639342-3d46-c804-f3d5-99838a456624" executionId="c2590619-58a3-4110-8bbf-ba12cba38392" testListId="8c84fa94-04c1-424b-9868-57a2d4851a1d" />
    <TestEntry testId="81fc5d04-ff3c-abbf-fbee-43c8a11cc278" executionId="f099dd20-b47a-40d9-8594-239118bc407c" testListId="8c84fa94-04c1-424b-9868-57a2d4851a1d" />
    <TestEntry testId="217362c6-f836-1e13-6eca-0100f06814cb" executionId="4850ddd8-3d89-4b43-b6a5-4fdfb6474e60" testListId="8c84fa94-04c1-424b-9868-57a2d4851a1d" />
    <TestEntry testId="b2c9886e-c0da-c9fa-5b94-1d9497806cd1" executionId="d7ce9d47-877b-4a84-8a2d-604088ef2464" testListId="8c84fa94-04c1-424b-9868-57a2d4851a1d" />
    <TestEntry testId="d6db684e-d87e-3589-c232-3c63501d00ec" executionId="269454e6-58e6-4b41-9cd8-1ea1a8f5cf1b" testListId="8c84fa94-04c1-424b-9868-57a2d4851a1d" />
    <TestEntry testId="e09c165c-a32d-99ae-497b-164e41531b48" executionId="c18facae-feef-482e-b611-c697753cacef" testListId="8c84fa94-04c1-424b-9868-57a2d4851a1d" />
    <TestEntry testId="c3c54a72-1587-3a50-e0f2-352c45432496" executionId="09e699c6-9368-4f4a-97cf-097919764e2e" testListId="8c84fa94-04c1-424b-9868-57a2d4851a1d" />
    <TestEntry testId="e15a6b7f-58a9-06e9-9227-04160dd0072a" executionId="f324c60e-50ae-466e-a715-896628f6484d" testListId="8c84fa94-04c1-424b-9868-57a2d4851a1d" />
    <TestEntry testId="aa8093d9-4c39-a42c-dda7-99dfcab5a8f4" executionId="423d4e9e-ef03-40e0-94f3-10e381e04176" testListId="8c84fa94-04c1-424b-9868-57a2d4851a1d" />
    <TestEntry testId="2f4b0281-9c7a-09ad-9ddf-f26e3385dbb8" executionId="ad122d68-1687-4550-8f73-0596db44f249" testListId="8c84fa94-04c1-424b-9868-57a2d4851a1d" />
    <TestEntry testId="5c839bf0-1998-7f86-972a-fdc64f4b206d" executionId="38ed4715-f715-47fe-b7b9-e56faef52549" testListId="8c84fa94-04c1-424b-9868-57a2d4851a1d" />
    <TestEntry testId="330a6592-9d67-3ad1-4438-fa0fdc79e747" executionId="d373aeaa-72fd-4ee2-9c34-bd589549a1e4" testListId="8c84fa94-04c1-424b-9868-57a2d4851a1d" />
    <TestEntry testId="7035ee10-a6b2-ab40-e228-ba32e7450738" executionId="09e4441d-dbbc-4adf-bff5-112ddbc5f359" testListId="8c84fa94-04c1-424b-9868-57a2d4851a1d" />
    <TestEntry testId="2e391c7e-1dce-9fa6-0e65-96dba3873d48" executionId="cef4664c-df58-4bec-865f-4708061e29fa" testListId="8c84fa94-04c1-424b-9868-57a2d4851a1d" />
    <TestEntry testId="33b6f5ee-da23-2516-d626-f8cc402f6c53" executionId="e6efc44d-9f28-4176-a77f-26801a3b50cd" testListId="8c84fa94-04c1-424b-9868-57a2d4851a1d" />
    <TestEntry testId="07ee7d52-67c7-d86d-369e-0ee0b7f43734" executionId="8b92e55e-52f4-42b8-9661-69d5084a12e2" testListId="8c84fa94-04c1-424b-9868-57a2d4851a1d" />
    <TestEntry testId="cd41b3e5-1b68-5bf4-6b21-391449f362ce" executionId="64d99cf0-231b-4350-b4cf-a231001cd5dc" testListId="8c84fa94-04c1-424b-9868-57a2d4851a1d" />
    <TestEntry testId="5fa359fc-d32d-4a18-f2ac-b5a2945a5f66" executionId="236f27cf-87dd-4bf9-8d5f-2bb3e46a156d" testListId="8c84fa94-04c1-424b-9868-57a2d4851a1d" />
    <TestEntry testId="3374f0ec-84a4-6b64-55fa-ff1da1e377d5" executionId="8c2eef99-3631-49ec-9d01-0d568018ad05" testListId="8c84fa94-04c1-424b-9868-57a2d4851a1d" />
    <TestEntry testId="00f09470-13ff-0e0f-d8d8-3fd767f928a8" executionId="655445ac-e36c-473b-afe2-2a427e3575b3" testListId="8c84fa94-04c1-424b-9868-57a2d4851a1d" />
    <TestEntry testId="7b319b5a-ac7e-27ec-d3d4-424ab7d48072" executionId="b2877bc2-32c1-4e72-88b7-ebe8cdd04df1" testListId="8c84fa94-04c1-424b-9868-57a2d4851a1d" />
    <TestEntry testId="cf57110a-f557-2dc4-68f2-0cfc31945112" executionId="4f7e8946-79ca-4e79-ab8c-60c6200a9947" testListId="8c84fa94-04c1-424b-9868-57a2d4851a1d" />
    <TestEntry testId="242f1548-7f00-63b2-b713-b1822d6c02a9" executionId="c8c162bb-65a3-4535-abd5-173900c30270" testListId="8c84fa94-04c1-424b-9868-57a2d4851a1d" />
    <TestEntry testId="8bc9dbd1-0f25-d916-37f2-1cdc9dfe548a" executionId="e17fdb01-db0c-48a7-b7cc-377524f70aa1" testListId="8c84fa94-04c1-424b-9868-57a2d4851a1d" />
    <TestEntry testId="903b7330-cb31-061c-da48-0a66f654dfcd" executionId="65af503c-9e92-4bc1-bb62-1d4fc6d3cca6" testListId="8c84fa94-04c1-424b-9868-57a2d4851a1d" />
    <TestEntry testId="01c0bec4-2e67-e9ed-ad20-95a0e008ce45" executionId="675ea050-c5f7-401e-86aa-26c530ecdd29" testListId="8c84fa94-04c1-424b-9868-57a2d4851a1d" />
    <TestEntry testId="db1836fe-be4d-cd73-a08e-2b1f59817a0d" executionId="376cff36-abcf-4ab5-9b3d-79c687118b04" testListId="8c84fa94-04c1-424b-9868-57a2d4851a1d" />
    <TestEntry testId="8a6535dc-f240-c831-6f06-7d4751bd0c13" executionId="5807473b-6c74-4dca-81a7-420d7eb651d1" testListId="8c84fa94-04c1-424b-9868-57a2d4851a1d" />
    <TestEntry testId="79eddf8e-75bc-75b0-e34a-561dd48cad4f" executionId="e4c0722f-168e-4a4e-9e0c-0356970a42db" testListId="8c84fa94-04c1-424b-9868-57a2d4851a1d" />
    <TestEntry testId="bab771ff-13a5-b51d-4601-65f5e8e2a03c" executionId="971deaf7-5f76-4b37-90d4-9632e8812b46" testListId="8c84fa94-04c1-424b-9868-57a2d4851a1d" />
    <TestEntry testId="1aa66849-c568-f584-5496-d53c04f2eb9a" executionId="eb01221c-76a0-4637-ac1c-ba4bd27eb8ab" testListId="8c84fa94-04c1-424b-9868-57a2d4851a1d" />
    <TestEntry testId="17336d5d-6676-adaf-9825-b947754db482" executionId="4ea2b4f6-4386-4c9d-98c3-e86e50119332" testListId="8c84fa94-04c1-424b-9868-57a2d4851a1d" />
    <TestEntry testId="035fdee6-71f6-6745-0bb2-260ef5c286b9" executionId="bd5b1891-551c-49b9-8731-d8b9b844c158" testListId="8c84fa94-04c1-424b-9868-57a2d4851a1d" />
    <TestEntry testId="707b3396-9b7a-a91b-fb63-5aabb6aa993e" executionId="4e77cabe-b9e8-44ad-8a4f-a747b0eb1b65" testListId="8c84fa94-04c1-424b-9868-57a2d4851a1d" />
    <TestEntry testId="c14dace7-f1b0-dd2c-d0e2-730d63d4d0e2" executionId="7f757769-b028-4207-a2fb-ccfde8e4925b" testListId="8c84fa94-04c1-424b-9868-57a2d4851a1d" />
    <TestEntry testId="23ba3188-fa5a-8f11-0c9c-7549f905e108" executionId="4e414491-4685-459a-8436-6e841e833521" testListId="8c84fa94-04c1-424b-9868-57a2d4851a1d" />
    <TestEntry testId="bfce2dbf-17b5-a18a-d2d7-32e87da69023" executionId="33d4fa97-f02d-4504-bf26-d811934848f4" testListId="8c84fa94-04c1-424b-9868-57a2d4851a1d" />
    <TestEntry testId="e87417e0-e143-bedb-9aaf-473deed8c509" executionId="f15efce8-8c5b-455c-b181-6ea2d18241e4" testListId="8c84fa94-04c1-424b-9868-57a2d4851a1d" />
    <TestEntry testId="0064c701-aef5-89d0-d48a-0c3f33352c4f" executionId="507de2bb-5540-467b-86d3-d9a4dd6ac836" testListId="8c84fa94-04c1-424b-9868-57a2d4851a1d" />
    <TestEntry testId="93197305-5f41-743a-030b-561e6ec2e720" executionId="b297939d-6dcb-4163-a0e8-7f3e7984a39c" testListId="8c84fa94-04c1-424b-9868-57a2d4851a1d" />
    <TestEntry testId="ed172d0f-835c-32fb-91ff-3bbf7051f82a" executionId="a90608ea-3bd8-4a53-8352-1bebea20dd1e" testListId="8c84fa94-04c1-424b-9868-57a2d4851a1d" />
    <TestEntry testId="a4e0fe96-dc99-279c-001f-66b34dc211ec" executionId="e4d3a2bd-9a4e-4fc1-96d0-b4256ba6fa4f" testListId="8c84fa94-04c1-424b-9868-57a2d4851a1d" />
    <TestEntry testId="4390b2ea-086f-aac5-08c1-04c155b3b2c2" executionId="e2ca5712-0b0c-4424-b455-e46d2fea939b" testListId="8c84fa94-04c1-424b-9868-57a2d4851a1d" />
    <TestEntry testId="657e21ce-a52e-6c6a-6311-57335b301012" executionId="f64f6633-d6aa-4cc3-90d8-2b4d937be7fc" testListId="8c84fa94-04c1-424b-9868-57a2d4851a1d" />
    <TestEntry testId="74a375ca-464c-73e2-54e8-5f203390ff61" executionId="f14916b7-4b37-43a2-b461-bd9ee48306ff" testListId="8c84fa94-04c1-424b-9868-57a2d4851a1d" />
    <TestEntry testId="b00a1104-8e5f-1bfe-1c29-5c9fc9765e2f" executionId="e09e17ba-3a08-42f3-afdb-04fa70549c1a" testListId="8c84fa94-04c1-424b-9868-57a2d4851a1d" />
    <TestEntry testId="14269668-7653-ecd1-825b-a7a673e60d0d" executionId="7b757ae8-11d7-4074-8927-793a44c1faf2" testListId="8c84fa94-04c1-424b-9868-57a2d4851a1d" />
    <TestEntry testId="877408a3-40e3-bcfc-c06c-a50c1343cb03" executionId="654fb882-9349-4bd9-b649-7d29accf8cbb" testListId="8c84fa94-04c1-424b-9868-57a2d4851a1d" />
    <TestEntry testId="2f3f981a-b73f-fb79-e3d7-09241fb6f8ce" executionId="3e6c243a-9ac9-474c-8d5b-83152ccdaa6c" testListId="8c84fa94-04c1-424b-9868-57a2d4851a1d" />
    <TestEntry testId="789ec8f1-177c-e8a9-3dff-f68ee10f1a03" executionId="a28a9410-57b1-4aa1-bc00-0ee3d8aba29d" testListId="8c84fa94-04c1-424b-9868-57a2d4851a1d" />
    <TestEntry testId="690203e3-c663-745b-2a62-02992783daa5" executionId="df30ec03-bfe4-4bf6-867c-5dba822ecf2f" testListId="8c84fa94-04c1-424b-9868-57a2d4851a1d" />
    <TestEntry testId="f5b9c939-e0ce-8ebd-f00d-5987bef52e3e" executionId="739ce4b9-fe77-4c86-aaab-10db0a42a3d6" testListId="8c84fa94-04c1-424b-9868-57a2d4851a1d" />
    <TestEntry testId="59f01c98-df98-a4a3-ea33-e745a53617a4" executionId="8357ef5c-fb6a-4e0a-907f-6a1c7402a5eb" testListId="8c84fa94-04c1-424b-9868-57a2d4851a1d" />
    <TestEntry testId="c20a457b-898f-4564-ecae-0606fce3d9a1" executionId="7d09ea99-fbc3-440e-a8bf-1a4b01229f3a" testListId="8c84fa94-04c1-424b-9868-57a2d4851a1d" />
    <TestEntry testId="6ccba33d-bc0f-8f72-0f2a-7c964b3c53bb" executionId="03fc4fea-cc0d-468d-b549-3772447003d0" testListId="8c84fa94-04c1-424b-9868-57a2d4851a1d" />
    <TestEntry testId="209167c4-8248-0ab8-8dd9-08811f572a2c" executionId="1af09bff-eaca-43e4-a971-942217e6fed5" testListId="8c84fa94-04c1-424b-9868-57a2d4851a1d" />
    <TestEntry testId="f44f2dd5-a7ab-d096-2a3f-e1665e7a38f9" executionId="15e84fc8-3ff0-4256-be10-c30d21a295c7" testListId="8c84fa94-04c1-424b-9868-57a2d4851a1d" />
    <TestEntry testId="c71c11af-2d82-5113-176c-a988c648bdda" executionId="98fdfcc4-d5f7-401f-adb7-e4aa2f991888" testListId="8c84fa94-04c1-424b-9868-57a2d4851a1d" />
    <TestEntry testId="755e587f-abde-7475-dbff-6b1bd708f630" executionId="058a83d1-75c2-4eac-88b2-74c37e6fc953" testListId="8c84fa94-04c1-424b-9868-57a2d4851a1d" />
    <TestEntry testId="c214c92d-08f2-c472-b48f-133a7864d295" executionId="067ec143-505f-4c00-a293-0a6db6a994f7" testListId="8c84fa94-04c1-424b-9868-57a2d4851a1d" />
    <TestEntry testId="cbf1a55c-06e0-b06b-c5b7-7c0d1f2cf674" executionId="9de628dc-91bd-4df6-9c4a-0e3678560e4a" testListId="8c84fa94-04c1-424b-9868-57a2d4851a1d" />
    <TestEntry testId="382cc119-c747-28aa-a92f-6bcf3ee3abe3" executionId="58010a26-5e63-44d4-9120-ab213d36a87a" testListId="8c84fa94-04c1-424b-9868-57a2d4851a1d" />
    <TestEntry testId="378a45ad-1ba0-3b2c-824b-41b1cb63ba82" executionId="8b2caff6-3f57-483e-a0ac-39f855d91f7c" testListId="8c84fa94-04c1-424b-9868-57a2d4851a1d" />
    <TestEntry testId="cdc1bef6-f96f-7841-ca52-02ba3a526bde" executionId="1656077e-6da5-402a-8ce8-dd61924c3e54" testListId="8c84fa94-04c1-424b-9868-57a2d4851a1d" />
    <TestEntry testId="8df7f1c1-2362-9b79-c352-7a8bf748426f" executionId="9006cdba-84ed-40cb-ad62-f7aaaad7239c" testListId="8c84fa94-04c1-424b-9868-57a2d4851a1d" />
    <TestEntry testId="6a97428c-8eb0-bb31-623f-f4be79763f79" executionId="0a87366f-e1e2-44c4-8321-aee869d99d40" testListId="8c84fa94-04c1-424b-9868-57a2d4851a1d" />
    <TestEntry testId="d36a3749-ed69-d572-71bf-c3c15bdba9dc" executionId="c1816d86-e972-4bd9-979f-4f4f290c2a0f" testListId="8c84fa94-04c1-424b-9868-57a2d4851a1d" />
    <TestEntry testId="c41778f6-12d9-875f-db8c-4a9ec0db51cd" executionId="52567c36-c5f9-453e-b9eb-1605f9954d91" testListId="8c84fa94-04c1-424b-9868-57a2d4851a1d" />
    <TestEntry testId="af068063-1e36-aadb-516f-c956a5b2eb3a" executionId="3e537828-8319-48aa-8a8c-55e65a466376" testListId="8c84fa94-04c1-424b-9868-57a2d4851a1d" />
    <TestEntry testId="7e140d2b-2a95-bf5e-b724-7eddb036dbe5" executionId="3525e7d5-e9f4-4e34-9ba4-54a96e199e6f" testListId="8c84fa94-04c1-424b-9868-57a2d4851a1d" />
    <TestEntry testId="2a845b8b-a38f-a4fc-1a28-61fb3533bd2c" executionId="d319811c-7d54-41a3-b837-ed72ef3dbed9" testListId="8c84fa94-04c1-424b-9868-57a2d4851a1d" />
    <TestEntry testId="720a4b77-94da-26bc-9892-109d89307339" executionId="497b854f-71e7-4cd7-8317-ee6bea7516b8" testListId="8c84fa94-04c1-424b-9868-57a2d4851a1d" />
    <TestEntry testId="05c2529e-424a-36cc-4c1f-05db0a419425" executionId="efe1921e-2c46-4da7-aaa9-b780042f97d1" testListId="8c84fa94-04c1-424b-9868-57a2d4851a1d" />
    <TestEntry testId="f9c98099-5fe6-9106-1392-0051e77ba0c1" executionId="568fcd68-d1e6-48f5-8422-50f7a52e87fc" testListId="8c84fa94-04c1-424b-9868-57a2d4851a1d" />
    <TestEntry testId="4576efdf-b9af-4bc6-d7c1-90ead365e115" executionId="9a07e193-c4c8-49ac-9ab8-7c767ec4e78e" testListId="8c84fa94-04c1-424b-9868-57a2d4851a1d" />
    <TestEntry testId="451f83de-0a41-8213-0a57-91c8b4aab529" executionId="cf7bbed5-2f04-400a-a526-3af3c97a145c" testListId="8c84fa94-04c1-424b-9868-57a2d4851a1d" />
    <TestEntry testId="5adba357-31a9-e2a5-3f10-a94db24d0c1f" executionId="cb1c72a7-1ea1-479c-a8a0-73a1628df384" testListId="8c84fa94-04c1-424b-9868-57a2d4851a1d" />
    <TestEntry testId="38dda871-b7e4-b196-a9eb-a425140a5da5" executionId="38d9e2aa-07e9-4719-b837-c232cfcc9c5b" testListId="8c84fa94-04c1-424b-9868-57a2d4851a1d" />
    <TestEntry testId="955c47d6-8ac6-0b17-4842-e74668ca6925" executionId="cd039cb4-1a54-4fdb-99c4-72646a3b1996" testListId="8c84fa94-04c1-424b-9868-57a2d4851a1d" />
    <TestEntry testId="7286f5e5-524e-3d7b-16fe-4652fd6bab68" executionId="6339f96e-5d25-4c12-9aa9-b06bec3e8982" testListId="8c84fa94-04c1-424b-9868-57a2d4851a1d" />
    <TestEntry testId="eabb2189-2fee-f6a8-9b5c-81edc95ef937" executionId="741b1c33-1220-44f8-b027-af23a781cb53" testListId="8c84fa94-04c1-424b-9868-57a2d4851a1d" />
    <TestEntry testId="0995b69f-16b6-3067-e57d-07f8151c9a3b" executionId="2fe21abf-093a-49e9-9875-2ccd681f59ab" testListId="8c84fa94-04c1-424b-9868-57a2d4851a1d" />
    <TestEntry testId="57562f84-ca24-a374-0bbd-a64f62493393" executionId="07a42ad3-2dd9-495a-a680-65ab934517a9" testListId="8c84fa94-04c1-424b-9868-57a2d4851a1d" />
    <TestEntry testId="2dccb759-5680-e08a-9274-63dff2cf722a" executionId="d26e87d8-1089-480d-9cfb-37e277b7cd40" testListId="8c84fa94-04c1-424b-9868-57a2d4851a1d" />
    <TestEntry testId="f11037d8-2798-0e28-7654-8f48530f6ed7" executionId="5dadaabf-723d-47a8-9291-d563b9a27a69" testListId="8c84fa94-04c1-424b-9868-57a2d4851a1d" />
    <TestEntry testId="d21f6db5-9278-700c-a7f4-eb556d215354" executionId="783706d2-e20d-44fa-9ffe-705964cc6d97" testListId="8c84fa94-04c1-424b-9868-57a2d4851a1d" />
    <TestEntry testId="e10034ba-9457-7d48-f4ba-a0872b64758b" executionId="0e30841c-5d72-405e-b81b-6f7a9c118142" testListId="8c84fa94-04c1-424b-9868-57a2d4851a1d" />
    <TestEntry testId="097b294e-fe0c-9543-f844-6b0510e37afd" executionId="e8207bb0-3d53-4d4b-9b1e-c2617011b0be" testListId="8c84fa94-04c1-424b-9868-57a2d4851a1d" />
    <TestEntry testId="47fd3bc8-2625-f95e-8fb0-c1a579923ea3" executionId="90a8e5b4-ab7f-49e7-8db6-3abeced6cd8e" testListId="8c84fa94-04c1-424b-9868-57a2d4851a1d" />
    <TestEntry testId="19fc1d8e-0fae-c0df-a773-d771eb9e1671" executionId="d93dc1f3-41cb-4118-96d3-70039a33bdde" testListId="8c84fa94-04c1-424b-9868-57a2d4851a1d" />
    <TestEntry testId="cb7cc280-eb4f-97ff-9e8d-6fb2e44da770" executionId="654a5f3e-7e9e-4758-95ba-09a66b8592a7" testListId="8c84fa94-04c1-424b-9868-57a2d4851a1d" />
    <TestEntry testId="99e28619-dc47-b3fe-39c4-c5a632d97560" executionId="f38a984d-5a2d-4a8b-ad1f-d99d1f255a65" testListId="8c84fa94-04c1-424b-9868-57a2d4851a1d" />
    <TestEntry testId="94d61cec-6acb-8c91-3198-fb920ad6db82" executionId="9fd30075-0ae2-47e1-879d-ccb60a90fbc6" testListId="8c84fa94-04c1-424b-9868-57a2d4851a1d" />
    <TestEntry testId="b6dd8ab4-717a-bff3-9ff7-c871d991948d" executionId="a7d73395-2c67-44a0-8e72-f1717f17a6ef" testListId="8c84fa94-04c1-424b-9868-57a2d4851a1d" />
    <TestEntry testId="45852857-59da-0533-30c3-8fd4652b10a7" executionId="ef555613-4db2-46a6-9e1b-c47dccbac6dc" testListId="8c84fa94-04c1-424b-9868-57a2d4851a1d" />
    <TestEntry testId="715c3fb5-e8c4-f4e7-60d5-661edd5e9ff2" executionId="9eb7ce63-7bd0-41f0-8f20-9664409e4072" testListId="8c84fa94-04c1-424b-9868-57a2d4851a1d" />
    <TestEntry testId="d5acb6b2-2241-7ff7-202e-848312ae8356" executionId="de33a0b4-0811-4a5f-9aa0-e59f6b40a8f6" testListId="8c84fa94-04c1-424b-9868-57a2d4851a1d" />
    <TestEntry testId="b800d68e-c0ef-e59f-6608-2e15ecc49dd7" executionId="d23b1d5f-2aa9-4679-a9ef-a1b3f0bf653d" testListId="8c84fa94-04c1-424b-9868-57a2d4851a1d" />
    <TestEntry testId="a4298eb4-c80a-c59c-c50b-0666aeeebf05" executionId="5301a928-4e26-40a8-a996-5b38f738450d" testListId="8c84fa94-04c1-424b-9868-57a2d4851a1d" />
    <TestEntry testId="df4ea864-4e3c-cced-6270-17f50a07bf39" executionId="da5bd877-fa22-46ae-97f4-e4b7353d4812" testListId="8c84fa94-04c1-424b-9868-57a2d4851a1d" />
    <TestEntry testId="91341f70-55ff-152a-4486-885af4213579" executionId="ac738d3b-7cae-46f3-ba97-395893d286ca" testListId="8c84fa94-04c1-424b-9868-57a2d4851a1d" />
    <TestEntry testId="e6367bf8-be89-f213-6e69-88fe1a7c355f" executionId="48507237-3b1c-48e5-94a9-26d6e7d1e097" testListId="8c84fa94-04c1-424b-9868-57a2d4851a1d" />
    <TestEntry testId="869bc4bf-7cf9-9f00-69cb-d737cbcad77d" executionId="3b472790-57bf-4146-95a0-ca264c12d3a5" testListId="8c84fa94-04c1-424b-9868-57a2d4851a1d" />
    <TestEntry testId="d19a81bf-51f2-8873-1356-20422ad3ffa6" executionId="6d30b26f-25f2-4221-9e11-b33af8927a33" testListId="8c84fa94-04c1-424b-9868-57a2d4851a1d" />
    <TestEntry testId="541558d6-6eb5-ef95-ccb2-54daa35a37c1" executionId="504e9210-e7f7-40bc-8e36-1cb2400495aa" testListId="8c84fa94-04c1-424b-9868-57a2d4851a1d" />
    <TestEntry testId="b94bc3e4-456f-5309-f9a8-1757b34a2f42" executionId="7eab2302-b948-462d-b79b-8cc6354df2e2" testListId="8c84fa94-04c1-424b-9868-57a2d4851a1d" />
    <TestEntry testId="72c831f0-72d6-a051-1248-fc9c6e6bb478" executionId="312f10ad-5de2-420d-809c-d188e43487b9" testListId="8c84fa94-04c1-424b-9868-57a2d4851a1d" />
    <TestEntry testId="8cbe7f94-53bb-8b7b-4e1d-bc0e4c93eabe" executionId="a7963314-ba14-4597-b0cd-801782229b07" testListId="8c84fa94-04c1-424b-9868-57a2d4851a1d" />
    <TestEntry testId="16176352-269f-361b-7e4e-9b205c8cdb4f" executionId="077831ce-8e90-4632-bb82-3eb86a0fbed8" testListId="8c84fa94-04c1-424b-9868-57a2d4851a1d" />
    <TestEntry testId="4d06ad98-29a4-d3b9-50b2-f429db25b5c3" executionId="8bd4a749-baab-4f22-9422-c4793b3a7ec0" testListId="8c84fa94-04c1-424b-9868-57a2d4851a1d" />
    <TestEntry testId="64145c96-0680-9261-408d-8d65c1c6f2af" executionId="6afb12b0-2c5b-4869-95aa-749eb5494185" testListId="8c84fa94-04c1-424b-9868-57a2d4851a1d" />
    <TestEntry testId="46413213-401e-8b63-cd13-649b8ef181a9" executionId="18abbcfa-f284-4a1f-8116-16ed7e183149" testListId="8c84fa94-04c1-424b-9868-57a2d4851a1d" />
    <TestEntry testId="fe0e323a-65ab-54e2-b710-f04a8ddef948" executionId="16d5a3ac-baa1-4c94-9bdf-66da3663b98c" testListId="8c84fa94-04c1-424b-9868-57a2d4851a1d" />
    <TestEntry testId="8d63a4e5-4a61-29fb-40d6-95f5542c60ab" executionId="41f818fa-15d1-4e0e-be99-681c899fb1a8" testListId="8c84fa94-04c1-424b-9868-57a2d4851a1d" />
    <TestEntry testId="2383e110-1110-54ca-dac6-5905fd1cd080" executionId="d2b6c197-8950-470b-8723-3482963e3288" testListId="8c84fa94-04c1-424b-9868-57a2d4851a1d" />
    <TestEntry testId="4ea48667-d983-3405-935a-eef2a514b591" executionId="6bf729dc-acd9-46c5-94cd-b94aa3251dae" testListId="8c84fa94-04c1-424b-9868-57a2d4851a1d" />
    <TestEntry testId="759cc0dc-cce2-5bbd-be81-e35abe9d7d2e" executionId="06cd69fa-0052-4ec2-bab3-af8b13f51560" testListId="8c84fa94-04c1-424b-9868-57a2d4851a1d" />
    <TestEntry testId="48ee7e70-42c7-1351-b6d3-3b4d6d5772a4" executionId="234b6ca1-2294-4d91-bf89-4250e913c5b5" testListId="8c84fa94-04c1-424b-9868-57a2d4851a1d" />
    <TestEntry testId="9ff1a00a-4d3f-f849-7fac-7791ec7ae54b" executionId="731f63fb-5940-4eed-8c16-4c188f1db58a" testListId="8c84fa94-04c1-424b-9868-57a2d4851a1d" />
    <TestEntry testId="3151dadf-b9b4-706f-3f15-ef0804d1c4a4" executionId="6e8b2961-755e-41ec-a210-cf399c905e06" testListId="8c84fa94-04c1-424b-9868-57a2d4851a1d" />
    <TestEntry testId="e4641341-31b6-ce48-cce6-568b8b19782f" executionId="8f4eb669-256b-45e9-b6b1-985a4e69798c" testListId="8c84fa94-04c1-424b-9868-57a2d4851a1d" />
    <TestEntry testId="14560893-b569-8e84-9d81-59ff3f435da3" executionId="190c3ad4-31c1-44e6-a58b-8ed4a6735e86" testListId="8c84fa94-04c1-424b-9868-57a2d4851a1d" />
    <TestEntry testId="0df3c2d4-bc35-fe33-27ef-e68424600acc" executionId="cea7f8e4-f4a6-49e3-922c-fa81f8b61b1c" testListId="8c84fa94-04c1-424b-9868-57a2d4851a1d" />
    <TestEntry testId="cdc6d677-039e-88a9-a26b-5e1ff491e38b" executionId="9c933029-e4b3-4b1b-a503-90d472a2d88a" testListId="8c84fa94-04c1-424b-9868-57a2d4851a1d" />
    <TestEntry testId="e0ad2509-25cb-416e-8e60-47f33c8a4a4d" executionId="cee04bec-a331-4894-8308-ca43da8f7c95" testListId="8c84fa94-04c1-424b-9868-57a2d4851a1d" />
    <TestEntry testId="01e18ebd-932a-0505-37e9-eb60c880d1b1" executionId="a4808790-8bbf-4de2-b09d-3cb025ff11e0" testListId="8c84fa94-04c1-424b-9868-57a2d4851a1d" />
    <TestEntry testId="b606ee6a-05aa-e9cf-e810-d6392db2fc5e" executionId="72214488-5c78-4f0a-88f9-7f32607c934e" testListId="8c84fa94-04c1-424b-9868-57a2d4851a1d" />
    <TestEntry testId="4596f547-9ec2-cd9c-7ca2-6d11617a0198" executionId="78e92e55-ef83-45ed-b4cc-fe2a918b2846" testListId="8c84fa94-04c1-424b-9868-57a2d4851a1d" />
    <TestEntry testId="d5174ae8-3c76-bda0-2741-bcf8df3e8231" executionId="c478fa44-24a8-43ae-9e04-d3a77580fb09" testListId="8c84fa94-04c1-424b-9868-57a2d4851a1d" />
    <TestEntry testId="8639adb5-e9b4-95d1-ea53-e634bd00f617" executionId="9385f547-38e5-4a4e-b214-0cbe03ddacc0" testListId="8c84fa94-04c1-424b-9868-57a2d4851a1d" />
    <TestEntry testId="a1606dfc-9800-9deb-4db8-fc1f9a0706b9" executionId="479902cf-944a-496e-9617-afba4a89bc02" testListId="8c84fa94-04c1-424b-9868-57a2d4851a1d" />
    <TestEntry testId="fae9d735-58b3-573d-8237-7c0c9db7c422" executionId="0e17d6c4-e0ab-47da-b4dc-8895c91665df" testListId="8c84fa94-04c1-424b-9868-57a2d4851a1d" />
    <TestEntry testId="c484bdd6-5adf-dfd9-6f7e-81b8b104cd79" executionId="3cc719bd-29d8-4eee-af1e-3081a9abef5c" testListId="8c84fa94-04c1-424b-9868-57a2d4851a1d" />
    <TestEntry testId="8ed25905-7c64-9d2d-f827-67570d7e1a6b" executionId="f23b42cc-8b30-40be-8496-d9fa1ba61d4c" testListId="8c84fa94-04c1-424b-9868-57a2d4851a1d" />
    <TestEntry testId="3eb9a3ff-c5fa-b317-194e-27f209de71a6" executionId="4694d5ff-667f-4d51-a925-2debfa066f20" testListId="8c84fa94-04c1-424b-9868-57a2d4851a1d" />
    <TestEntry testId="a8cfb67a-f296-4724-8734-3b0c0c3b4e5a" executionId="039a56f8-572a-449b-a68d-ca532bc32202" testListId="8c84fa94-04c1-424b-9868-57a2d4851a1d" />
    <TestEntry testId="4fc53d11-7560-9109-952f-746fb76e3c3a" executionId="a8844133-16e8-4282-9540-70b748ec15a5" testListId="8c84fa94-04c1-424b-9868-57a2d4851a1d" />
    <TestEntry testId="c04a71ea-5f42-8d5c-a3ca-07d412dfde21" executionId="65f110d2-f230-4bb3-b674-cfeafa22e046" testListId="8c84fa94-04c1-424b-9868-57a2d4851a1d" />
    <TestEntry testId="70a14d5f-3546-0e27-fa10-5401ae9b66ba" executionId="fb3190bc-4e94-4e62-a8d7-eb9e04b5e51f" testListId="8c84fa94-04c1-424b-9868-57a2d4851a1d" />
    <TestEntry testId="59bc8fe3-a9fb-b489-8884-4fb2a47072e9" executionId="875ce38d-6f1f-4824-a8f0-78942cf7443f" testListId="8c84fa94-04c1-424b-9868-57a2d4851a1d" />
    <TestEntry testId="f3acd017-a1db-2e96-a424-62e6dd004767" executionId="ea075c71-40c1-40f6-b486-4013f85d33ce" testListId="8c84fa94-04c1-424b-9868-57a2d4851a1d" />
    <TestEntry testId="105dcca2-cdc3-0863-6144-8659dbf0dd2e" executionId="7f9f937b-d51c-4fb5-9465-f91314f8dacf" testListId="8c84fa94-04c1-424b-9868-57a2d4851a1d" />
    <TestEntry testId="89a9512f-0a88-6fc2-d941-d71c3d7ab26c" executionId="cc0c254a-21c4-4bc1-8996-1f4c20b2ee23" testListId="8c84fa94-04c1-424b-9868-57a2d4851a1d" />
    <TestEntry testId="648778dc-0c58-533a-4597-a3353a13526d" executionId="0d721fa5-a7e3-48d4-90e4-b6e6212b3daf" testListId="8c84fa94-04c1-424b-9868-57a2d4851a1d" />
    <TestEntry testId="e035e686-d2ff-24aa-9b03-75b1f7179f0d" executionId="97d39b82-a52a-4c61-954c-ad8c2133f8c2" testListId="8c84fa94-04c1-424b-9868-57a2d4851a1d" />
    <TestEntry testId="204c20ab-1b37-4d10-3045-65864beed6a2" executionId="f29ac563-b668-467d-99ce-e610fa4004df" testListId="8c84fa94-04c1-424b-9868-57a2d4851a1d" />
    <TestEntry testId="19393c5b-2a25-7bde-cfee-ac08ffbeecbb" executionId="684b96cb-7614-4fa5-b03e-aae4aa0c0b8e" testListId="8c84fa94-04c1-424b-9868-57a2d4851a1d" />
    <TestEntry testId="4a0b7cbb-9f7b-cbda-f421-d1a84d7086e8" executionId="48bc3a3f-663c-4b22-a72f-ccd5b9815997" testListId="8c84fa94-04c1-424b-9868-57a2d4851a1d" />
    <TestEntry testId="661f4fdd-5778-f70d-7e4e-9944e0c622b5" executionId="d42b4dfe-e65f-447e-9a90-5ce8d170e1e2" testListId="8c84fa94-04c1-424b-9868-57a2d4851a1d" />
    <TestEntry testId="78a88df1-0567-411c-90b4-86013350efa5" executionId="a21619a3-19a9-4340-beb2-f8e04dfdf220" testListId="8c84fa94-04c1-424b-9868-57a2d4851a1d" />
    <TestEntry testId="78509e9b-d581-7425-3c51-508461a66293" executionId="fcd70cb3-7d13-4fc9-9dae-020c2ac22a85" testListId="8c84fa94-04c1-424b-9868-57a2d4851a1d" />
    <TestEntry testId="6a635bdb-3df5-a31a-8c39-614196c92c89" executionId="b262a116-4db8-427f-bba8-80352bfe6b52" testListId="8c84fa94-04c1-424b-9868-57a2d4851a1d" />
    <TestEntry testId="244baee8-6235-42ec-0302-cf2c28a5d4a2" executionId="2376157b-d77b-48c5-bbcc-d4aa4f4bee3a" testListId="8c84fa94-04c1-424b-9868-57a2d4851a1d" />
    <TestEntry testId="943ed9fd-1a83-8a05-3a94-b3d72055ef8e" executionId="4bd679cc-f617-4d5e-83fd-e9067fc09398" testListId="8c84fa94-04c1-424b-9868-57a2d4851a1d" />
    <TestEntry testId="20bfef15-a2cd-3fad-0bf5-7d316ff6dd05" executionId="76579f46-ec08-44cc-9e34-b48a0e94bb75" testListId="8c84fa94-04c1-424b-9868-57a2d4851a1d" />
    <TestEntry testId="d64e5132-5f52-bfa3-e494-a6655ef1b648" executionId="0de57b4c-b3cf-442d-9c03-7757c1a55287" testListId="8c84fa94-04c1-424b-9868-57a2d4851a1d" />
    <TestEntry testId="0df571da-e4fb-32ab-4ee3-95684fc1842a" executionId="160d012a-a1ee-49dc-b0c6-f7ba9ce11c17" testListId="8c84fa94-04c1-424b-9868-57a2d4851a1d" />
    <TestEntry testId="5796a76a-564c-e0b3-e252-ee677138bacc" executionId="3c0ef1c4-47c1-49a0-b1d7-3c3307e8bb80" testListId="8c84fa94-04c1-424b-9868-57a2d4851a1d" />
    <TestEntry testId="f2213902-1d41-6fe7-b547-2debdd45e382" executionId="e71ec5ff-8f4f-42ae-a34f-9e3421cd9e7e" testListId="8c84fa94-04c1-424b-9868-57a2d4851a1d" />
    <TestEntry testId="251e08ee-7f66-06e3-f239-a006a4056810" executionId="75538742-37fc-499d-b351-155c5cf82e35" testListId="8c84fa94-04c1-424b-9868-57a2d4851a1d" />
    <TestEntry testId="176b2712-3712-9031-e728-6aa2f634400d" executionId="947a09b7-a2e1-4b42-891d-091538d772e4" testListId="8c84fa94-04c1-424b-9868-57a2d4851a1d" />
    <TestEntry testId="05d19196-f04d-8df2-0524-7023f4538770" executionId="c714c69d-6f07-4efa-8235-ccccc279f860" testListId="8c84fa94-04c1-424b-9868-57a2d4851a1d" />
    <TestEntry testId="131d2e9f-845c-a318-5dfb-0f67d2de580e" executionId="1cd693ff-478d-4686-ad81-2ec1a62e6762" testListId="8c84fa94-04c1-424b-9868-57a2d4851a1d" />
    <TestEntry testId="b4853750-e098-d81a-34c5-79923aee9cc7" executionId="dbeebca1-a26c-49b6-bc3e-96fcdf0fdd53" testListId="8c84fa94-04c1-424b-9868-57a2d4851a1d" />
    <TestEntry testId="43263a7c-2c3e-b069-fd0c-2c4a015e823b" executionId="37b068fd-b1c4-4df2-acd7-562712940962" testListId="8c84fa94-04c1-424b-9868-57a2d4851a1d" />
    <TestEntry testId="56ce6859-3fc6-36c5-7ef0-37f8a01cb715" executionId="85e60340-170d-4cf3-bd5e-7af8492cdc85" testListId="8c84fa94-04c1-424b-9868-57a2d4851a1d" />
    <TestEntry testId="bce94201-2def-6fad-1b3c-274e63346a82" executionId="fc38ae36-a9df-4d25-b688-335b5802cf23" testListId="8c84fa94-04c1-424b-9868-57a2d4851a1d" />
    <TestEntry testId="32735e1c-1866-ff8c-1424-4aa60ca80d82" executionId="c6dee906-3fe7-44ea-b239-b864372ac544" testListId="8c84fa94-04c1-424b-9868-57a2d4851a1d" />
    <TestEntry testId="2bfd3e16-90c4-7703-b0ea-87d512bfda46" executionId="dfec830f-e3d6-4edf-b9d6-25b799663086" testListId="8c84fa94-04c1-424b-9868-57a2d4851a1d" />
    <TestEntry testId="6728fde2-9794-3677-61d7-85095bb760ac" executionId="81d89560-dd89-4472-b00c-aefce2db329d" testListId="8c84fa94-04c1-424b-9868-57a2d4851a1d" />
    <TestEntry testId="5e99c972-c6eb-2f25-b3c8-ff60259e4271" executionId="0d0e61d4-89be-44d1-b03d-42cbffce120b" testListId="8c84fa94-04c1-424b-9868-57a2d4851a1d" />
    <TestEntry testId="7637167d-56a4-8d6c-21de-90a4cf6428b9" executionId="f4b6d4db-8bc4-4e36-bd40-6815361e65d4" testListId="8c84fa94-04c1-424b-9868-57a2d4851a1d" />
    <TestEntry testId="16341a76-2443-d715-3ba2-b0f79160d644" executionId="c8d3e303-c22a-4129-ac3e-ff6a66294764" testListId="8c84fa94-04c1-424b-9868-57a2d4851a1d" />
    <TestEntry testId="9f08c521-39d1-10f8-5691-593451357ea4" executionId="1be3174a-c266-4f61-a979-a72ba2b76a17" testListId="8c84fa94-04c1-424b-9868-57a2d4851a1d" />
    <TestEntry testId="2ebe890d-ba4c-70bb-d8d2-7bf30fa72f2d" executionId="29725dd9-f940-45be-8dc7-68eb806581f6" testListId="8c84fa94-04c1-424b-9868-57a2d4851a1d" />
    <TestEntry testId="5b536f33-2046-4353-15a8-da007dd02f12" executionId="37850d3b-472d-4e80-bdda-e0014bc83a6a" testListId="8c84fa94-04c1-424b-9868-57a2d4851a1d" />
    <TestEntry testId="f2c9a4ad-b5f5-fd13-6db6-439895537b88" executionId="287f7f66-2820-47a9-825e-7791de823856" testListId="8c84fa94-04c1-424b-9868-57a2d4851a1d" />
    <TestEntry testId="f14b365a-cfce-1f3a-b91f-ae9275ac5e3e" executionId="548e2321-8dc3-4c29-b8e7-8602d090dc9a" testListId="8c84fa94-04c1-424b-9868-57a2d4851a1d" />
    <TestEntry testId="9d73d2de-0de2-5123-d14f-3b031bc6ae44" executionId="33be0a11-48cd-4f5d-86f0-b8f4b19fed31" testListId="8c84fa94-04c1-424b-9868-57a2d4851a1d" />
    <TestEntry testId="6b5427c4-3998-55f8-2902-c3d8729fa256" executionId="196a0979-0b02-49c8-aee0-4e726c568e3d" testListId="8c84fa94-04c1-424b-9868-57a2d4851a1d" />
    <TestEntry testId="308d0606-bf12-128b-bf88-abafecd1e2c5" executionId="ae4b1c39-11d5-45a4-a7b0-1b5c76096e5b" testListId="8c84fa94-04c1-424b-9868-57a2d4851a1d" />
    <TestEntry testId="dcb345bb-2a81-cf82-a922-e9b8e68f9b28" executionId="47c86857-453b-4700-9aa0-ad5a8fff38b6" testListId="8c84fa94-04c1-424b-9868-57a2d4851a1d" />
    <TestEntry testId="8481c23f-3d6d-77ac-46b0-462c3daef337" executionId="06754228-88f6-40fe-9b4c-1a81ad408afe" testListId="8c84fa94-04c1-424b-9868-57a2d4851a1d" />
    <TestEntry testId="f3b1ceb2-2ed4-084e-9ea6-5f3a4603b212" executionId="cb873a9e-2272-4669-a8e8-5b8b6bf1de58" testListId="8c84fa94-04c1-424b-9868-57a2d4851a1d" />
    <TestEntry testId="b84c992a-265b-65ae-f8b1-90682b7ab9ba" executionId="e0e93c68-3357-4ca2-8210-2046033658c0" testListId="8c84fa94-04c1-424b-9868-57a2d4851a1d" />
    <TestEntry testId="c2b13c5f-cc4b-224a-1f38-1a8335f078e1" executionId="085ee93d-b154-4a35-8dc0-795ed556f26a" testListId="8c84fa94-04c1-424b-9868-57a2d4851a1d" />
    <TestEntry testId="696d3815-1cd7-fed9-efe3-4706a2343e63" executionId="1fd15972-95f4-47aa-8253-6c3ddee9cc13" testListId="8c84fa94-04c1-424b-9868-57a2d4851a1d" />
    <TestEntry testId="b7ab2fc0-e903-7b23-0261-be16cb51adf3" executionId="04396d44-ef02-4ab3-b9aa-58f544dcc36a" testListId="8c84fa94-04c1-424b-9868-57a2d4851a1d" />
    <TestEntry testId="859f28b7-e328-733f-c1a2-69a1e426056b" executionId="df3e271a-c3ef-41a2-9eb8-c4a4c0720653" testListId="8c84fa94-04c1-424b-9868-57a2d4851a1d" />
    <TestEntry testId="33e6ddae-9fc0-1d68-7bf1-8134b126ed37" executionId="38e6acdc-b97c-41c1-b85b-d8b598852ddc" testListId="8c84fa94-04c1-424b-9868-57a2d4851a1d" />
    <TestEntry testId="720f192f-3a91-fc5a-38dc-37603061fc04" executionId="ec1accde-1959-4612-b545-959a1d3a0000" testListId="8c84fa94-04c1-424b-9868-57a2d4851a1d" />
    <TestEntry testId="118cab95-3ce6-8f1d-0d35-d7927bbc85d1" executionId="a8b8e96e-3df2-4ac7-ba26-fa7712f9b424" testListId="8c84fa94-04c1-424b-9868-57a2d4851a1d" />
    <TestEntry testId="272d8b0b-ba7b-7143-82a6-3c4a3a74e0ce" executionId="593a7977-bcdb-40cd-822c-f0fdcb3a649b" testListId="8c84fa94-04c1-424b-9868-57a2d4851a1d" />
    <TestEntry testId="09050f9d-0ba1-b1c3-c744-3e219f2d1347" executionId="6f9c4d49-2d05-48a2-b3a1-d1d0ef13f292" testListId="8c84fa94-04c1-424b-9868-57a2d4851a1d" />
    <TestEntry testId="770b9801-4690-1bc5-6bdf-3ddba81a86d2" executionId="097a39cc-0b21-4447-8152-afaf9349288f" testListId="8c84fa94-04c1-424b-9868-57a2d4851a1d" />
    <TestEntry testId="c37b2c23-4f65-c08f-f67d-977e7ed22b1d" executionId="7d659e67-c1dd-409b-93bc-cee0e9dd9422" testListId="8c84fa94-04c1-424b-9868-57a2d4851a1d" />
    <TestEntry testId="6e57d7bf-5a2e-ea52-712d-f57e52a5f01d" executionId="02c465f3-6961-465a-9e03-f0ebaf40c916" testListId="8c84fa94-04c1-424b-9868-57a2d4851a1d" />
    <TestEntry testId="facce5ee-8c93-6dd2-28b3-fddef0656faa" executionId="01fda2cb-f065-4029-9292-7a73c8348e9e" testListId="8c84fa94-04c1-424b-9868-57a2d4851a1d" />
    <TestEntry testId="d331a97b-370e-2ae0-f100-6ee4eb85fdef" executionId="5568c28f-2579-40ed-92df-eb7d12a8d9a7" testListId="8c84fa94-04c1-424b-9868-57a2d4851a1d" />
    <TestEntry testId="7fd22bb6-65ff-2447-ac2a-92aa6940db46" executionId="a5eef936-3f4f-414e-9fe8-b36b80a4986a" testListId="8c84fa94-04c1-424b-9868-57a2d4851a1d" />
    <TestEntry testId="cc95ea2b-3231-4f76-55fc-e2655fe87068" executionId="82348b46-cad5-4ad5-9e7b-b888b1c56da6" testListId="8c84fa94-04c1-424b-9868-57a2d4851a1d" />
    <TestEntry testId="ea1d8d34-55e3-9368-463c-2538cab81947" executionId="11f60aa8-afc9-4d8a-9aae-f7c94fdd5e48" testListId="8c84fa94-04c1-424b-9868-57a2d4851a1d" />
    <TestEntry testId="f1fcf646-8764-a8ca-57d2-1e53de4b6519" executionId="6d093b58-e178-4c35-9f8f-77541f8b20ac" testListId="8c84fa94-04c1-424b-9868-57a2d4851a1d" />
    <TestEntry testId="143c964a-6102-d861-c0a8-292de16ab3e2" executionId="005b9789-1ee0-4718-8bf0-725b0b961a02" testListId="8c84fa94-04c1-424b-9868-57a2d4851a1d" />
    <TestEntry testId="2df76026-822a-2479-b0f1-036918ecd9a7" executionId="a21c5f23-b3ed-4476-b0d6-097ce2cd01a2" testListId="8c84fa94-04c1-424b-9868-57a2d4851a1d" />
    <TestEntry testId="20bb65eb-1990-f346-b4df-bcadf313c09d" executionId="0a752540-4e7b-4d33-b544-978046f6b3e4" testListId="8c84fa94-04c1-424b-9868-57a2d4851a1d" />
    <TestEntry testId="6fb74ec5-2016-803e-6002-9db1a1b3dd9a" executionId="398d27d2-3d3c-40da-9221-b176d33dc99c" testListId="8c84fa94-04c1-424b-9868-57a2d4851a1d" />
    <TestEntry testId="2dfe4212-1e51-6a2f-eccf-e624c5e32703" executionId="9167345b-fb8c-46b3-ba58-aaa4c3d25ac8" testListId="8c84fa94-04c1-424b-9868-57a2d4851a1d" />
    <TestEntry testId="f6504688-43e6-cf2a-0286-0f6252ca8e4d" executionId="aa046b02-f985-4fb9-9da3-8e3233c7faed" testListId="8c84fa94-04c1-424b-9868-57a2d4851a1d" />
    <TestEntry testId="00e19a17-84a2-27a5-5951-8ea1f3070b58" executionId="583015fb-b1ce-4e22-93e9-b954a3e703b7" testListId="8c84fa94-04c1-424b-9868-57a2d4851a1d" />
    <TestEntry testId="c664c30c-04ae-c818-4204-fa5b0fcd7551" executionId="79205729-00ec-421c-8550-cb366ca83bab" testListId="8c84fa94-04c1-424b-9868-57a2d4851a1d" />
    <TestEntry testId="21ccf45e-8128-2e3d-c2bb-20e9611e8def" executionId="e5d09cb9-22ae-45f6-8797-1bfb1c461b83" testListId="8c84fa94-04c1-424b-9868-57a2d4851a1d" />
    <TestEntry testId="e08afc34-cf78-fee8-d6e6-65fa0ef12d40" executionId="1ecff68e-ca88-4f5e-b5a2-d18a8c2706c5" testListId="8c84fa94-04c1-424b-9868-57a2d4851a1d" />
    <TestEntry testId="c53dea0a-9e9a-1893-c261-9cab4c7c3dae" executionId="10c4153e-4662-42e5-ab10-2db3deff7eaa" testListId="8c84fa94-04c1-424b-9868-57a2d4851a1d" />
    <TestEntry testId="13235a76-a8d4-67fb-f05f-0652b5b067ff" executionId="5fba0015-067a-49d0-83d5-57a97b4a743d" testListId="8c84fa94-04c1-424b-9868-57a2d4851a1d" />
    <TestEntry testId="633658f7-c0fd-a8b8-e0ff-2f63f1f3cc65" executionId="f0e70655-3a83-4da1-8bb2-be070bf04014" testListId="8c84fa94-04c1-424b-9868-57a2d4851a1d" />
    <TestEntry testId="27640dd7-cec7-e8a0-420e-6a7df2a9f742" executionId="4536b906-2bb7-4008-afa6-f790eadabc54" testListId="8c84fa94-04c1-424b-9868-57a2d4851a1d" />
    <TestEntry testId="39323088-5eaa-ae83-0beb-2f63933109a7" executionId="437dc785-0bc6-49d3-b51e-b7378287493a" testListId="8c84fa94-04c1-424b-9868-57a2d4851a1d" />
    <TestEntry testId="60272d89-6b4a-f3ea-4b7d-90929143f6d5" executionId="8bd5ec3c-afc1-476b-ad57-1bccd672cdb7" testListId="8c84fa94-04c1-424b-9868-57a2d4851a1d" />
    <TestEntry testId="2ac7088b-aae0-ffc5-163d-fd81acc19408" executionId="9ab89039-9b30-4a27-9ce9-3caec7b0a5da" testListId="8c84fa94-04c1-424b-9868-57a2d4851a1d" />
    <TestEntry testId="94fe0f66-34bb-5758-3095-5179fe115116" executionId="985446dc-a3c6-4f15-a250-b548978de860" testListId="8c84fa94-04c1-424b-9868-57a2d4851a1d" />
    <TestEntry testId="27f37032-be8c-42b9-79f8-c52edc12b636" executionId="2edc458e-673d-4d20-b91d-d9620b9e89eb" testListId="8c84fa94-04c1-424b-9868-57a2d4851a1d" />
    <TestEntry testId="8c12d516-213b-dfde-f45d-95d82a29988d" executionId="5a19badc-673e-4958-ac8b-1b8c7b243000" testListId="8c84fa94-04c1-424b-9868-57a2d4851a1d" />
    <TestEntry testId="9aabab72-fa35-138c-a590-deefe9ba6d9b" executionId="084cb39c-2b17-4387-a39a-564680449c2a" testListId="8c84fa94-04c1-424b-9868-57a2d4851a1d" />
    <TestEntry testId="fd01aab9-ca48-8b05-e70a-644ec60e2c34" executionId="57e2b91a-6713-4e40-8d47-313da5b02e00" testListId="8c84fa94-04c1-424b-9868-57a2d4851a1d" />
    <TestEntry testId="9352c0ce-e0c0-7e74-5814-1b44dcb4edf3" executionId="11a2f43e-005b-437f-9410-18412b1e9f5a" testListId="8c84fa94-04c1-424b-9868-57a2d4851a1d" />
    <TestEntry testId="0173d619-bc73-8a1f-8d91-c6c70807bf53" executionId="e05ba9b3-9d59-40e7-b055-21578e049306" testListId="8c84fa94-04c1-424b-9868-57a2d4851a1d" />
    <TestEntry testId="16d85b62-693e-78e6-6445-152d2a3ccb8f" executionId="a802ab70-d52e-4b62-b0bd-cd817a1f0258" testListId="8c84fa94-04c1-424b-9868-57a2d4851a1d" />
    <TestEntry testId="6f86a4ab-3f29-fac5-84b1-39223aab673f" executionId="8c9d9b8a-addf-44bc-90ef-6243d692816f" testListId="8c84fa94-04c1-424b-9868-57a2d4851a1d" />
    <TestEntry testId="3bf964e8-c5a6-3fe1-f316-c11f44c28a62" executionId="f1945971-a3b7-455f-8f12-bc41147fe829" testListId="8c84fa94-04c1-424b-9868-57a2d4851a1d" />
    <TestEntry testId="99a311e0-229d-97f1-d454-776a4dfcc863" executionId="c95406c9-acc3-4a92-9dcc-db9a2655ed0c" testListId="8c84fa94-04c1-424b-9868-57a2d4851a1d" />
    <TestEntry testId="1a954e8b-825e-3cc7-8516-31b60fcf13fc" executionId="78a464a4-f046-4c88-9d66-276e4ce56217" testListId="8c84fa94-04c1-424b-9868-57a2d4851a1d" />
    <TestEntry testId="2789ec05-be64-004c-8e43-30742f48eca7" executionId="d3c8fe33-a384-49bc-83e7-7fe66a2c240e" testListId="8c84fa94-04c1-424b-9868-57a2d4851a1d" />
    <TestEntry testId="9d96775e-f84e-90a2-a5d3-3d73e9871cfa" executionId="6ee747c9-841c-41c3-a382-7e110af3d9b6" testListId="8c84fa94-04c1-424b-9868-57a2d4851a1d" />
    <TestEntry testId="24552ad2-e7f5-eee6-01a8-24b309fa6f3a" executionId="c836c6f8-c961-4fb3-8d01-4f475d0ce6c6" testListId="8c84fa94-04c1-424b-9868-57a2d4851a1d" />
    <TestEntry testId="cbc00693-3018-a563-8a89-a8dbeba3cf5d" executionId="9285ba22-f266-4181-9efb-eb704616628e" testListId="8c84fa94-04c1-424b-9868-57a2d4851a1d" />
    <TestEntry testId="40f49818-b350-9a60-17f9-9b1f78426319" executionId="8f1225a3-5ef9-4438-8120-488c487e18e9" testListId="8c84fa94-04c1-424b-9868-57a2d4851a1d" />
    <TestEntry testId="5db63c4b-a10a-08fd-05f5-ae6a25d1140f" executionId="ea3c0911-edea-4a6e-aa34-34e872d03a64" testListId="8c84fa94-04c1-424b-9868-57a2d4851a1d" />
    <TestEntry testId="8bf5cd2b-918b-16c2-3490-1c7a3c7de97d" executionId="535107e4-be07-4ece-93e6-ef98fb28f276" testListId="8c84fa94-04c1-424b-9868-57a2d4851a1d" />
    <TestEntry testId="52eab072-1281-72ef-fa66-ec31a988ceb6" executionId="0554d1c2-47a4-4180-8d42-05ea71ea610d" testListId="8c84fa94-04c1-424b-9868-57a2d4851a1d" />
    <TestEntry testId="b28ebd74-9e5e-9457-1489-0726ed5ffe38" executionId="175abdd8-a4fb-40a0-bb96-44f6ade648d9" testListId="8c84fa94-04c1-424b-9868-57a2d4851a1d" />
    <TestEntry testId="4f56dce6-c6b2-22c3-8efb-65130162e748" executionId="50ea199c-6c8d-4e6b-8bc6-c189daf89dc5" testListId="8c84fa94-04c1-424b-9868-57a2d4851a1d" />
    <TestEntry testId="256150e6-7cc4-aaf6-f835-c3ad5b350990" executionId="2e506531-6ca4-4264-89c2-a21ffb1df931" testListId="8c84fa94-04c1-424b-9868-57a2d4851a1d" />
    <TestEntry testId="c3184295-42a7-66b5-0825-d2f93113dc23" executionId="a7d5bc5d-aad0-4ae1-91bd-95a0a8bcb3ce" testListId="8c84fa94-04c1-424b-9868-57a2d4851a1d" />
    <TestEntry testId="8e41a221-2626-a03a-65f8-673f2fc4210e" executionId="be698c01-96c7-45ff-b7fe-87ad0dcb8ab4" testListId="8c84fa94-04c1-424b-9868-57a2d4851a1d" />
    <TestEntry testId="02075e43-4828-bcaa-7b84-76aedd69c27f" executionId="c62e6d54-76a7-4412-b68a-f578e3027ea0" testListId="8c84fa94-04c1-424b-9868-57a2d4851a1d" />
    <TestEntry testId="df2bad3a-56ae-838b-0da5-cb49bb8547a9" executionId="ac691644-046c-496f-b853-1d08beccf309" testListId="8c84fa94-04c1-424b-9868-57a2d4851a1d" />
    <TestEntry testId="36cfdd09-2c70-3b5c-1110-4438792c1a1a" executionId="7702507d-b097-4d26-b160-504734ee1fed" testListId="8c84fa94-04c1-424b-9868-57a2d4851a1d" />
    <TestEntry testId="a31b0106-6089-033a-915d-3ed2fd2d699b" executionId="dbaea742-778a-4da5-b122-8aa34b7603c1" testListId="8c84fa94-04c1-424b-9868-57a2d4851a1d" />
    <TestEntry testId="015c009d-a1ab-5548-9cab-ca192818ed74" executionId="9f8414e7-904d-4e71-bee0-8d93665559a8" testListId="8c84fa94-04c1-424b-9868-57a2d4851a1d" />
    <TestEntry testId="83b8fb31-7586-504e-9589-78c8798e602b" executionId="f05848db-c0dc-4548-a978-30224dc08ac1" testListId="8c84fa94-04c1-424b-9868-57a2d4851a1d" />
    <TestEntry testId="23f93523-d225-e603-18e7-638622ea4afd" executionId="e6b4b519-8b14-480d-9ecb-4b87d11966ce" testListId="8c84fa94-04c1-424b-9868-57a2d4851a1d" />
    <TestEntry testId="26999113-1198-9909-f7e6-5ef0cd5248b1" executionId="b2156cc3-110e-4c5e-b118-7c0a2619f1ff" testListId="8c84fa94-04c1-424b-9868-57a2d4851a1d" />
    <TestEntry testId="b66c9864-310c-dcd3-b224-50f7e9dd782e" executionId="4a158b21-5ddb-4bd1-8d28-849a879660bc" testListId="8c84fa94-04c1-424b-9868-57a2d4851a1d" />
    <TestEntry testId="33c3b0ae-1da4-45ae-a174-7e5667243621" executionId="fadd58a9-021f-41b2-b41f-9d66b683ebe5" testListId="8c84fa94-04c1-424b-9868-57a2d4851a1d" />
    <TestEntry testId="610e2e13-cb2e-f497-7790-aa014fdc1cfe" executionId="8dd68148-466f-42de-9561-e7a3de6db95f" testListId="8c84fa94-04c1-424b-9868-57a2d4851a1d" />
    <TestEntry testId="6f4e1424-2a6a-4549-8cdd-22ce6dad0352" executionId="729e3f92-c03e-4181-8371-1be2179d1132" testListId="8c84fa94-04c1-424b-9868-57a2d4851a1d" />
    <TestEntry testId="47036bbc-a6ea-5ffd-1bf1-0123489c2851" executionId="485154aa-f509-4308-8ce6-85b4157a9acb" testListId="8c84fa94-04c1-424b-9868-57a2d4851a1d" />
    <TestEntry testId="af6d329e-c0fe-8203-7f45-d4fc3a03cf6a" executionId="67ca9546-4d7d-4742-a1f7-b7335fe7699c" testListId="8c84fa94-04c1-424b-9868-57a2d4851a1d" />
    <TestEntry testId="01027ca1-96f8-3e8b-2209-bee3b2d7bb74" executionId="71f3d04a-e1b4-4f41-a7b7-952b4200b47c" testListId="8c84fa94-04c1-424b-9868-57a2d4851a1d" />
    <TestEntry testId="051cea69-508d-00ec-49e7-f29a5b42f816" executionId="296d9fe2-0f26-422f-990f-39f71f193963" testListId="8c84fa94-04c1-424b-9868-57a2d4851a1d" />
    <TestEntry testId="449e5142-e2d4-1930-46ea-596d4d9d4839" executionId="0a6bced6-e802-4975-9b40-55ad6a1bf90f" testListId="8c84fa94-04c1-424b-9868-57a2d4851a1d" />
    <TestEntry testId="9f74e58e-92da-ad41-186d-297c2df06763" executionId="cd0cac35-1de0-4538-91dd-1fe0f5f892b7" testListId="8c84fa94-04c1-424b-9868-57a2d4851a1d" />
    <TestEntry testId="a403124d-1ca6-0f66-737b-ca70a0aa0ea6" executionId="b3e2511a-747a-476d-9caa-d0738735435c" testListId="8c84fa94-04c1-424b-9868-57a2d4851a1d" />
    <TestEntry testId="f9c34574-035c-196e-b022-be5ff6427f51" executionId="cb1f2981-f290-4b27-b046-8eb0c5a1b827" testListId="8c84fa94-04c1-424b-9868-57a2d4851a1d" />
    <TestEntry testId="d9063414-0021-3f3b-5db1-5a010c790427" executionId="582386b8-06b8-48d0-8b74-8849e9d704da" testListId="8c84fa94-04c1-424b-9868-57a2d4851a1d" />
    <TestEntry testId="c49a984d-853a-63f5-374b-23eb95c6ae33" executionId="19286d99-d5cf-4fd2-9195-38dab17a7b21" testListId="8c84fa94-04c1-424b-9868-57a2d4851a1d" />
    <TestEntry testId="3b910f72-e7f0-2f69-c0c5-a8d5c6d738e1" executionId="0d7f3643-f21a-4226-bf2d-5b6765b50e36" testListId="8c84fa94-04c1-424b-9868-57a2d4851a1d" />
    <TestEntry testId="d517a086-c0f5-24fc-bf36-9f287fa8b95a" executionId="baa9e9fd-b5cc-4a86-b372-484befbe1993" testListId="8c84fa94-04c1-424b-9868-57a2d4851a1d" />
    <TestEntry testId="f82ffb2c-a404-9020-7b62-349ae13e5c75" executionId="5714ce13-59ac-4018-bee5-79f228945b02" testListId="8c84fa94-04c1-424b-9868-57a2d4851a1d" />
    <TestEntry testId="bfaf4ea9-080e-fec9-c4b8-9d1dcf4d86f9" executionId="1048ec48-86a8-46f2-b976-eee071671418" testListId="8c84fa94-04c1-424b-9868-57a2d4851a1d" />
    <TestEntry testId="4485be60-ebc5-da8f-c14b-a672ecf4195b" executionId="b5d31f9b-be3b-41e3-973c-84ffaed863de" testListId="8c84fa94-04c1-424b-9868-57a2d4851a1d" />
    <TestEntry testId="4297edd0-ea25-2c93-5896-2a1a6adde731" executionId="5bae1b32-b2d1-44ac-b349-b7d3a68eef62" testListId="8c84fa94-04c1-424b-9868-57a2d4851a1d" />
    <TestEntry testId="8e71200d-df01-dada-6f36-750785024a6f" executionId="8aad13a8-e903-4ada-8fd2-1c0d94fb89f5" testListId="8c84fa94-04c1-424b-9868-57a2d4851a1d" />
    <TestEntry testId="1d64517e-5e9e-e387-c7c9-3472ba2a77ec" executionId="4476ad40-9192-4253-bf61-148e4116b423" testListId="8c84fa94-04c1-424b-9868-57a2d4851a1d" />
    <TestEntry testId="95c5760a-8769-a2e6-13bb-bc49697e4003" executionId="5a28794a-4154-41d7-b49a-482bf6a1893f" testListId="8c84fa94-04c1-424b-9868-57a2d4851a1d" />
    <TestEntry testId="0eeaa5f3-b762-18aa-4662-dc326afd77c6" executionId="e9b8d8ef-3241-4ecc-a617-e983f99e3595" testListId="8c84fa94-04c1-424b-9868-57a2d4851a1d" />
    <TestEntry testId="e0f3aa0c-ce4b-6d84-c098-1897aaa95abb" executionId="b05f84e3-b410-4ac0-9081-0f4462c33cce" testListId="8c84fa94-04c1-424b-9868-57a2d4851a1d" />
    <TestEntry testId="0b8b88f6-d1f8-6253-01e4-480ed5124386" executionId="5568f6cb-a564-4e91-a688-06f8bcfa03ce" testListId="8c84fa94-04c1-424b-9868-57a2d4851a1d" />
    <TestEntry testId="ebe2be05-d2f7-645d-7be6-4d78c3740c0e" executionId="11950db1-8e85-43e1-ae1f-7851bab028a7" testListId="8c84fa94-04c1-424b-9868-57a2d4851a1d" />
    <TestEntry testId="56b9189d-b561-f0d0-7bf8-be84db66e56f" executionId="3efa8400-4e77-4c46-bd08-d0c964258f82" testListId="8c84fa94-04c1-424b-9868-57a2d4851a1d" />
    <TestEntry testId="fead0e95-d899-cc0e-0e88-008cee717a79" executionId="144672ae-f1cb-4d06-ad65-dfba3fbdc034" testListId="8c84fa94-04c1-424b-9868-57a2d4851a1d" />
    <TestEntry testId="05006594-990d-68ac-9c2d-401d5805c4f6" executionId="d1f0aa3d-46ff-4ea8-99fc-591254cd040b" testListId="8c84fa94-04c1-424b-9868-57a2d4851a1d" />
    <TestEntry testId="307486b9-00ca-72cc-88e9-d0c5585d219e" executionId="845850f7-0de2-4417-bf04-878eecb60d7a" testListId="8c84fa94-04c1-424b-9868-57a2d4851a1d" />
    <TestEntry testId="4b48bf36-078b-3281-68de-73bcc93c35cc" executionId="fb381cad-93b0-45c1-8811-ce4a9182463a" testListId="8c84fa94-04c1-424b-9868-57a2d4851a1d" />
    <TestEntry testId="543cb258-3f83-7c3f-bfde-b6afaef309a0" executionId="f034b252-e7de-4484-bea2-4a76db0341cd" testListId="8c84fa94-04c1-424b-9868-57a2d4851a1d" />
    <TestEntry testId="4b3fd966-5843-d2c0-fd04-fb813c6c0291" executionId="171608b5-a991-4545-bba3-279c98a29779" testListId="8c84fa94-04c1-424b-9868-57a2d4851a1d" />
    <TestEntry testId="95b1d03a-18fd-f584-536b-f90a32b3e60a" executionId="01875869-00e0-4896-a377-074b94acb900" testListId="8c84fa94-04c1-424b-9868-57a2d4851a1d" />
    <TestEntry testId="df9a00c3-c8ad-089d-aa28-7ec6197b3647" executionId="854c371d-d6c9-4684-8cfe-ceb0571660f8" testListId="8c84fa94-04c1-424b-9868-57a2d4851a1d" />
    <TestEntry testId="b405b65b-1d65-65c9-b44d-ebe6c78be498" executionId="6ace647b-106a-4b40-8f27-f9531a8627c9" testListId="8c84fa94-04c1-424b-9868-57a2d4851a1d" />
    <TestEntry testId="2856e573-df47-5a7b-92cd-4e7224eeb3a7" executionId="ea611edc-7580-4956-a23c-f10da7e630d3" testListId="8c84fa94-04c1-424b-9868-57a2d4851a1d" />
    <TestEntry testId="804e40f7-74d9-b4bb-45e1-0aa37071a8df" executionId="01609727-c856-4520-98ef-30848e8dee67" testListId="8c84fa94-04c1-424b-9868-57a2d4851a1d" />
    <TestEntry testId="db08b945-1cff-7ffd-3ad7-b9d159321f59" executionId="77984ecb-86a3-426a-86e8-39ad2a1e6ba2" testListId="8c84fa94-04c1-424b-9868-57a2d4851a1d" />
    <TestEntry testId="3630dd99-5f47-e771-1fb3-f78feb9c2a24" executionId="6db6fb40-3a57-4b35-b7bf-d6d6aca74847" testListId="8c84fa94-04c1-424b-9868-57a2d4851a1d" />
    <TestEntry testId="454d75b8-e2b0-01bf-ca2d-fe96ce2e44f6" executionId="8bad283c-0dfb-4f4b-a722-9adf2755f273" testListId="8c84fa94-04c1-424b-9868-57a2d4851a1d" />
    <TestEntry testId="fc1c8124-47bb-a8bc-5737-8872268eedf3" executionId="47c55fac-e386-4824-a61e-d96929a11564" testListId="8c84fa94-04c1-424b-9868-57a2d4851a1d" />
    <TestEntry testId="e129284c-28cd-7195-bcdf-a16aa9bd8b13" executionId="7b63d28e-154c-41f8-af5c-7e8e004b1864" testListId="8c84fa94-04c1-424b-9868-57a2d4851a1d" />
    <TestEntry testId="137a598d-9065-8b35-1ada-e9edf86d6ba2" executionId="01edd805-1492-416b-9bee-cfb3e090987c" testListId="8c84fa94-04c1-424b-9868-57a2d4851a1d" />
    <TestEntry testId="d61bb21a-576a-7e2c-435a-73156e97ed44" executionId="784295a8-a555-417e-a6a1-87aa0260b362" testListId="8c84fa94-04c1-424b-9868-57a2d4851a1d" />
    <TestEntry testId="0673af61-aaed-8bb0-d7ec-7b3f461ad8fe" executionId="3bb0e29d-8954-4290-b3ac-23175a3be100" testListId="8c84fa94-04c1-424b-9868-57a2d4851a1d" />
    <TestEntry testId="ac5cc692-0a65-7039-ce1a-dce297a3350d" executionId="b0ec3cc7-faf0-4d1f-8b7b-ee902842977d" testListId="8c84fa94-04c1-424b-9868-57a2d4851a1d" />
    <TestEntry testId="e212a447-e174-d204-3c14-c76c16f18c61" executionId="ebf0e5a3-13f7-4549-b3ee-4d176e20545f" testListId="8c84fa94-04c1-424b-9868-57a2d4851a1d" />
    <TestEntry testId="e9878acc-6ac6-fbae-39cb-00da39dd2634" executionId="23d743d8-b8dc-4352-829f-17192d0e2c89" testListId="8c84fa94-04c1-424b-9868-57a2d4851a1d" />
    <TestEntry testId="f6fb30b9-0cae-3e29-1f99-5e0b87051f42" executionId="094216e7-4a47-4deb-ab5e-2bc26ec9e96b" testListId="8c84fa94-04c1-424b-9868-57a2d4851a1d" />
    <TestEntry testId="9554f9d6-6b5f-fa9a-19f2-0be9d80e39f0" executionId="81a8f26e-7552-40e0-b58b-49f705a398a1" testListId="8c84fa94-04c1-424b-9868-57a2d4851a1d" />
    <TestEntry testId="32f1449b-2dab-90fb-934f-717768e00957" executionId="c864eb41-e93f-4148-95a3-e490f4d24ea6" testListId="8c84fa94-04c1-424b-9868-57a2d4851a1d" />
    <TestEntry testId="f4502bb0-7b14-a497-cdfd-03cb06a6b7af" executionId="8b466cff-7b95-4536-840b-0a4f66b9d2c3" testListId="8c84fa94-04c1-424b-9868-57a2d4851a1d" />
    <TestEntry testId="a4d7c98d-bffc-e333-66b1-42e7b83cba4b" executionId="9e02943b-c8c9-4f96-a3a9-ac5bc772c9a0" testListId="8c84fa94-04c1-424b-9868-57a2d4851a1d" />
    <TestEntry testId="8d1690cd-845e-c64a-906e-0495db86469d" executionId="60818632-047c-4758-82c0-be180514f78b" testListId="8c84fa94-04c1-424b-9868-57a2d4851a1d" />
    <TestEntry testId="c0e9a277-e1e2-509a-d802-3ba2b6ebf03e" executionId="8883675b-ad8f-40b7-af84-5c0f7ffadf27" testListId="8c84fa94-04c1-424b-9868-57a2d4851a1d" />
    <TestEntry testId="add2eaed-7f68-7c19-41cd-e1df9d8acf43" executionId="d8447e18-858f-44c3-b0be-02db0c194dca" testListId="8c84fa94-04c1-424b-9868-57a2d4851a1d" />
    <TestEntry testId="8b340717-c352-a13a-c96e-a53b0662954a" executionId="a577d66f-3477-4ed8-b42a-edc81794796d" testListId="8c84fa94-04c1-424b-9868-57a2d4851a1d" />
    <TestEntry testId="65885bb5-bd75-eed6-215a-ad7ce0d8ca0f" executionId="eaf30e2c-adc7-44b6-a6b0-eeb5f32f6130" testListId="8c84fa94-04c1-424b-9868-57a2d4851a1d" />
    <TestEntry testId="85ab93fd-c6a4-858f-2f3e-a7ed401d7d66" executionId="32563346-f6c3-40c8-952a-68dad75517a8" testListId="8c84fa94-04c1-424b-9868-57a2d4851a1d" />
    <TestEntry testId="e2c0daaa-50f6-4e6f-89d5-5eda5d8040a2" executionId="30f10952-d715-4f2d-bd53-b90646d0919c" testListId="8c84fa94-04c1-424b-9868-57a2d4851a1d" />
    <TestEntry testId="915037d2-8705-91f4-1362-6b6335ad3189" executionId="d1432a97-fc32-4b06-99a4-32ac83498d4b" testListId="8c84fa94-04c1-424b-9868-57a2d4851a1d" />
    <TestEntry testId="df7f62f9-5ef7-21d6-3351-81f945f933e9" executionId="3f77b15b-4caa-4d72-a4c9-4ffdb6de6367" testListId="8c84fa94-04c1-424b-9868-57a2d4851a1d" />
    <TestEntry testId="4e51ac3e-d4b3-8ce3-0953-07f39b877784" executionId="f7957941-7e66-477a-9026-1a30aa3e754d" testListId="8c84fa94-04c1-424b-9868-57a2d4851a1d" />
    <TestEntry testId="0059c220-7153-d6d7-686e-c5a3330c7f1a" executionId="92c4af3c-0ff4-4130-b0f8-03a4c662a8e1" testListId="8c84fa94-04c1-424b-9868-57a2d4851a1d" />
    <TestEntry testId="007e1ccf-bd4b-e9f9-03fa-759039a66fbc" executionId="4c648c38-e2be-4a99-b530-ba67b8bea5e4" testListId="8c84fa94-04c1-424b-9868-57a2d4851a1d" />
    <TestEntry testId="edadfd8c-bda9-d8ff-54a7-3ab66cb0305b" executionId="11fa276b-9d59-4644-ae86-01e08673c629" testListId="8c84fa94-04c1-424b-9868-57a2d4851a1d" />
    <TestEntry testId="64783368-4c49-57cf-7cba-264e34d26256" executionId="c3ca6267-3baf-403a-88fd-a83e911a4486" testListId="8c84fa94-04c1-424b-9868-57a2d4851a1d" />
    <TestEntry testId="56aa2941-e7e2-b606-3353-3131490dd029" executionId="4110b682-06d9-48bb-8f0e-a9ec96cfc2e7" testListId="8c84fa94-04c1-424b-9868-57a2d4851a1d" />
    <TestEntry testId="b7c35a90-3f70-63ce-fb58-1330046987ea" executionId="cf7bcf7d-22d2-4fa5-a1ef-f5689708e41d" testListId="8c84fa94-04c1-424b-9868-57a2d4851a1d" />
    <TestEntry testId="7be88bc8-74e5-1b8d-8b19-adb83f174784" executionId="d6af74f8-fe75-4eb7-aa61-6bf7b571ef1e" testListId="8c84fa94-04c1-424b-9868-57a2d4851a1d" />
    <TestEntry testId="3e7d45db-319f-dd58-534b-1895e7ce8c1a" executionId="93c5289a-cd8d-4e47-a9ef-2ff26ccaed23" testListId="8c84fa94-04c1-424b-9868-57a2d4851a1d" />
    <TestEntry testId="29d19e8c-3be0-ee7a-3951-dd342f2ccf53" executionId="feae6bd7-fa4d-4a01-9beb-4652fcfca63b" testListId="8c84fa94-04c1-424b-9868-57a2d4851a1d" />
    <TestEntry testId="a02d8109-78ab-1cfd-6223-756899faeccf" executionId="1b2b69d5-3bf9-4123-bfae-607759ce853a" testListId="8c84fa94-04c1-424b-9868-57a2d4851a1d" />
    <TestEntry testId="54d033f5-1cd6-8e20-ad06-b1f6027bbcb6" executionId="36e9bdc8-81b4-413f-8849-73e8b24506d6" testListId="8c84fa94-04c1-424b-9868-57a2d4851a1d" />
    <TestEntry testId="ed22ff18-5317-35a9-5b39-ad658639a61b" executionId="3d57415e-f4f0-4d9e-82d0-4826da656da3" testListId="8c84fa94-04c1-424b-9868-57a2d4851a1d" />
    <TestEntry testId="5ff12909-3484-abe3-4d4e-8b5fe5dde4dc" executionId="48ac4cbf-5357-46c9-a4c7-d606aa10c74d" testListId="8c84fa94-04c1-424b-9868-57a2d4851a1d" />
    <TestEntry testId="e2745662-5b1b-a987-f75e-19bfc0f754da" executionId="b9faac4c-88d8-4b2f-9eac-64a2544a3cf0" testListId="8c84fa94-04c1-424b-9868-57a2d4851a1d" />
    <TestEntry testId="bfd1e10f-b778-d28b-e4d4-fe93a0ae1bd1" executionId="f123a33f-3271-4a2e-92fc-f25cf01c914c" testListId="8c84fa94-04c1-424b-9868-57a2d4851a1d" />
    <TestEntry testId="4941567f-baae-3872-eaef-b8a09ddb9b4f" executionId="0d0a21a8-a0e2-48ff-a389-f2d0ff2188ff" testListId="8c84fa94-04c1-424b-9868-57a2d4851a1d" />
    <TestEntry testId="0c90957a-f20b-75df-040d-0bdb85a408aa" executionId="73ccfc71-3b39-4aea-9418-340149c94455" testListId="8c84fa94-04c1-424b-9868-57a2d4851a1d" />
    <TestEntry testId="853071a1-8175-de5b-5f40-77c2ff18ec32" executionId="7a8bddf2-4c7b-439a-88b3-85d26f66691f" testListId="8c84fa94-04c1-424b-9868-57a2d4851a1d" />
    <TestEntry testId="60b2fb76-1f7c-0185-7819-0149d16632d1" executionId="4127859c-92d7-4177-a3de-fd2ccf8b1e4e" testListId="8c84fa94-04c1-424b-9868-57a2d4851a1d" />
    <TestEntry testId="0472b6c8-6759-0c73-1423-85e2e90fedd2" executionId="1b037b3b-3873-470f-87f4-9138b2fb34f4" testListId="8c84fa94-04c1-424b-9868-57a2d4851a1d" />
    <TestEntry testId="8b7981cc-5fd6-747b-2737-bc9ea00fdecc" executionId="f13a23c5-d122-428d-bf86-1ba32a5377e5" testListId="8c84fa94-04c1-424b-9868-57a2d4851a1d" />
    <TestEntry testId="150db0d1-d1f2-3b67-40eb-bbc0399b5b5c" executionId="140f1800-b767-4ecf-9ffd-2407b04c7ff6" testListId="8c84fa94-04c1-424b-9868-57a2d4851a1d" />
    <TestEntry testId="ad798c80-0326-7386-6f9b-cfc5287f2395" executionId="eb64e748-4ecd-4815-bcba-67196b7f8dcb" testListId="8c84fa94-04c1-424b-9868-57a2d4851a1d" />
    <TestEntry testId="08edd840-a09f-9a15-0c61-afe7bf3e0d5b" executionId="b3678453-502b-464f-8a95-8d00af76e07f" testListId="8c84fa94-04c1-424b-9868-57a2d4851a1d" />
    <TestEntry testId="f9949e6c-cac8-3282-3d3f-006dec82f846" executionId="4eaa5b9a-efab-483d-bf42-f5c4f6b376a7" testListId="8c84fa94-04c1-424b-9868-57a2d4851a1d" />
    <TestEntry testId="ec71d9ba-cee7-d63f-b4b9-fe7c185e4256" executionId="22c74663-86a2-419e-81d0-7ac1b8a022f2" testListId="8c84fa94-04c1-424b-9868-57a2d4851a1d" />
    <TestEntry testId="0011cb80-7a6b-b3cc-1e23-175f03cd88f2" executionId="5574715a-3e11-412c-9eb5-1ffe2f55a183" testListId="8c84fa94-04c1-424b-9868-57a2d4851a1d" />
    <TestEntry testId="811a6089-74ef-6f7b-6f17-6fb2e3181bfc" executionId="3622fc7c-f100-427c-a2c7-cfb9f76f7510" testListId="8c84fa94-04c1-424b-9868-57a2d4851a1d" />
    <TestEntry testId="bb78fa2c-7ddd-0cd1-5d2d-7771ad5bae3e" executionId="e49be173-e232-4008-8b1d-cb0ac68c66d0" testListId="8c84fa94-04c1-424b-9868-57a2d4851a1d" />
    <TestEntry testId="6f3421a4-94ab-b985-2d94-0b4e624dd9a7" executionId="2e6ad5b9-8ecc-4686-8ece-b2ab9c7b668d" testListId="8c84fa94-04c1-424b-9868-57a2d4851a1d" />
    <TestEntry testId="0a071c9d-f8f3-ece6-e5fe-0ecbd4c246a8" executionId="a4605f62-ac9d-4a33-8227-855572814dea" testListId="8c84fa94-04c1-424b-9868-57a2d4851a1d" />
    <TestEntry testId="3452b02b-a74e-667c-54f2-2f61fc583e4b" executionId="c4c8c897-c205-4783-8356-34dde9b9c779" testListId="8c84fa94-04c1-424b-9868-57a2d4851a1d" />
    <TestEntry testId="738b8516-f5bf-a4cf-300e-7093e00b2cb1" executionId="d8f7c1e8-565e-4c4b-8acf-cdf6cc6ea753" testListId="8c84fa94-04c1-424b-9868-57a2d4851a1d" />
    <TestEntry testId="5dff3a0f-66a9-facc-e3fc-eaefeb4fd671" executionId="c50fe9b0-1aec-47ac-a050-352ad09884cd" testListId="8c84fa94-04c1-424b-9868-57a2d4851a1d" />
    <TestEntry testId="199b70f1-156a-9b54-8fca-de06eb7d9c93" executionId="adba1c7c-d22a-4b60-868e-0a0add4a6d75" testListId="8c84fa94-04c1-424b-9868-57a2d4851a1d" />
    <TestEntry testId="4879fdf1-a6aa-6fe5-4969-67ce57c0e9ac" executionId="cfaa2e01-2a5c-45eb-a6e5-1c3bd5de25ba" testListId="8c84fa94-04c1-424b-9868-57a2d4851a1d" />
    <TestEntry testId="64ae392c-d25b-86e5-f08e-6ea92ee2e4ec" executionId="6e4a3c85-3043-4339-a391-1c485c9c11a3" testListId="8c84fa94-04c1-424b-9868-57a2d4851a1d" />
    <TestEntry testId="7c579d9c-f42d-c44f-2006-2caab40d730a" executionId="6af4b124-cd9e-4e07-8919-f240ea59c569" testListId="8c84fa94-04c1-424b-9868-57a2d4851a1d" />
    <TestEntry testId="8a3322a4-264f-c577-4666-52291e49089d" executionId="1a4405f4-748c-4137-8bff-b7e6b029d575" testListId="8c84fa94-04c1-424b-9868-57a2d4851a1d" />
    <TestEntry testId="23c6e993-c853-ce44-8e4a-a89e65fcb3d7" executionId="fe12ac04-9f30-491d-8b2c-aaa9ba5d30a3" testListId="8c84fa94-04c1-424b-9868-57a2d4851a1d" />
    <TestEntry testId="dcefa653-93a5-b996-171e-c78a680c4ee4" executionId="2451ac2d-f7b7-4ef0-8911-8a2b7f1bd723" testListId="8c84fa94-04c1-424b-9868-57a2d4851a1d" />
    <TestEntry testId="50e385a2-431b-1775-e8d5-48b3fbc4e413" executionId="3362ed1f-eda2-4a05-bd56-ffda0c86c234" testListId="8c84fa94-04c1-424b-9868-57a2d4851a1d" />
    <TestEntry testId="38c367f3-e1bb-c75a-7102-223768ab5f46" executionId="11fb9641-91cf-4be8-b98d-8792c6f0dfe5" testListId="8c84fa94-04c1-424b-9868-57a2d4851a1d" />
    <TestEntry testId="7a3424ca-0fae-d8e2-bd1d-af563008f224" executionId="fda892b8-9f8d-4da5-ac26-ae4323c95604" testListId="8c84fa94-04c1-424b-9868-57a2d4851a1d" />
    <TestEntry testId="5e8702d9-5c9f-0f2b-a406-1864da59bd7e" executionId="00eb3a68-2218-4ce8-8f85-efbd2e2c9661" testListId="8c84fa94-04c1-424b-9868-57a2d4851a1d" />
    <TestEntry testId="e8352377-5053-ecad-50ab-7c4805d36856" executionId="083c6127-7080-4357-8f02-2592326b5218" testListId="8c84fa94-04c1-424b-9868-57a2d4851a1d" />
    <TestEntry testId="22ee8c16-d1ae-446c-d431-5adc7e30e57d" executionId="ce74fa7a-6122-4475-81e9-d571664315e0" testListId="8c84fa94-04c1-424b-9868-57a2d4851a1d" />
    <TestEntry testId="49b32f88-2b77-47a7-b253-febc5c13a157" executionId="6e0a8fe2-d1ad-489b-b01f-b35444f05096" testListId="8c84fa94-04c1-424b-9868-57a2d4851a1d" />
    <TestEntry testId="bcf3d4c3-6d3d-db68-80b1-f1b00270a123" executionId="eec0d865-973b-4246-ba28-50714427c053" testListId="8c84fa94-04c1-424b-9868-57a2d4851a1d" />
    <TestEntry testId="aa257481-7107-af51-2127-9f782d0ea362" executionId="3ad53258-a32d-4488-beac-b80f78db36b5" testListId="8c84fa94-04c1-424b-9868-57a2d4851a1d" />
    <TestEntry testId="51b84e29-c85f-f150-f3cb-b235cb55b9ea" executionId="1d317a7c-dbd4-479f-821b-ceb90e6d21d8" testListId="8c84fa94-04c1-424b-9868-57a2d4851a1d" />
    <TestEntry testId="49ca85d3-c3b7-af52-fe22-5ed8125d23ba" executionId="b6a74a0d-7686-4695-9c2a-eace660360c4" testListId="8c84fa94-04c1-424b-9868-57a2d4851a1d" />
    <TestEntry testId="8ed8776d-bd0c-b8c2-c135-737b7a3f0b5f" executionId="939e0f3b-0967-425f-9272-a704d7c8bc64" testListId="8c84fa94-04c1-424b-9868-57a2d4851a1d" />
    <TestEntry testId="bb91231b-51b7-d87f-2bdd-85c1c55386db" executionId="c8e42576-8450-4a6c-8430-4ecb5c31d781" testListId="8c84fa94-04c1-424b-9868-57a2d4851a1d" />
    <TestEntry testId="b8b140ed-d5d9-0145-6ed7-49d434570c45" executionId="f2b54d8f-288c-4bb1-8f39-f7e007f4613e" testListId="8c84fa94-04c1-424b-9868-57a2d4851a1d" />
    <TestEntry testId="9c53d870-f2f9-088b-c2bd-a9607b98a852" executionId="a09b6b07-549a-4429-9c0b-114c87916b0f" testListId="8c84fa94-04c1-424b-9868-57a2d4851a1d" />
    <TestEntry testId="aadd126e-6c36-f9f6-1958-d58539ae90a0" executionId="73f2ef70-c4a1-4f7f-9630-b6683a92b8cd" testListId="8c84fa94-04c1-424b-9868-57a2d4851a1d" />
    <TestEntry testId="8803f24b-21d1-6eb1-d2ec-b2b0cb5558b0" executionId="8fe884aa-2673-46b6-8ff3-503228c5e1d0" testListId="8c84fa94-04c1-424b-9868-57a2d4851a1d" />
    <TestEntry testId="39c8e53a-73cf-d170-1747-bf84e9ddd436" executionId="ccdd8651-6fa5-4506-a62f-0bb548b969ce" testListId="8c84fa94-04c1-424b-9868-57a2d4851a1d" />
    <TestEntry testId="3c2e0b70-8de4-72c4-7074-0bbab96b51de" executionId="09a51bc6-5165-4c82-94aa-c8ef830f6124" testListId="8c84fa94-04c1-424b-9868-57a2d4851a1d" />
    <TestEntry testId="170b6e9d-1479-1b16-1de5-56fb10a58f03" executionId="aa7a9796-a0d1-47d9-ad7d-8f27b925e977" testListId="8c84fa94-04c1-424b-9868-57a2d4851a1d" />
    <TestEntry testId="fcba034f-b02c-78ea-1bb2-d617ead952ae" executionId="19ece7f1-4b2a-4cce-94f3-b0f3b149e8aa" testListId="8c84fa94-04c1-424b-9868-57a2d4851a1d" />
    <TestEntry testId="10e1eae9-c292-aa86-d0ad-c125edac0057" executionId="ddc416bd-0ff1-4608-8934-e56aea7c73b5" testListId="8c84fa94-04c1-424b-9868-57a2d4851a1d" />
    <TestEntry testId="9eaae1e3-0039-d71e-66a1-4ea076b9561e" executionId="99cefa44-06d7-492f-8abe-e0080c3a3193" testListId="8c84fa94-04c1-424b-9868-57a2d4851a1d" />
    <TestEntry testId="02859efd-d8a6-c9fa-0c6c-dc8aa96a48c1" executionId="0567e317-326e-4885-bc14-f591faf06da5" testListId="8c84fa94-04c1-424b-9868-57a2d4851a1d" />
    <TestEntry testId="3ee79c97-9160-57a2-454a-bba6927f5f95" executionId="3f53a63e-9717-4ff2-85be-d6b9253add44" testListId="8c84fa94-04c1-424b-9868-57a2d4851a1d" />
    <TestEntry testId="d1faca8b-15a7-3f79-f193-046b09e11eea" executionId="dc0e390f-d13c-469a-86a2-d615ac4c532b" testListId="8c84fa94-04c1-424b-9868-57a2d4851a1d" />
    <TestEntry testId="ee1a6c82-df13-6176-6b5c-52dc28fe3ddf" executionId="14b8aa11-6ccf-459a-ace1-56a14fbae261" testListId="8c84fa94-04c1-424b-9868-57a2d4851a1d" />
    <TestEntry testId="e1e4643d-f13a-c302-05a5-c406c3f326db" executionId="1ff398b6-bb5c-4991-881d-030ad9d09d5b" testListId="8c84fa94-04c1-424b-9868-57a2d4851a1d" />
    <TestEntry testId="e092cd93-1a0e-046f-31a3-b117e9be9e3a" executionId="b8d90c40-e443-42eb-b7db-52d5b436b575" testListId="8c84fa94-04c1-424b-9868-57a2d4851a1d" />
    <TestEntry testId="ce111de4-5363-596e-5bae-977e3c4a4097" executionId="16521727-40da-4274-87c4-17506aeebba2" testListId="8c84fa94-04c1-424b-9868-57a2d4851a1d" />
    <TestEntry testId="e2d9f02e-9681-5967-80aa-94155f3d4e5b" executionId="501c91c6-0816-4fd9-b5b3-fc693c3d95ce" testListId="8c84fa94-04c1-424b-9868-57a2d4851a1d" />
    <TestEntry testId="aec88af4-fc37-ae68-2dbe-517f2be4242b" executionId="93fb8073-e462-4de7-9e48-68cf125323a7" testListId="8c84fa94-04c1-424b-9868-57a2d4851a1d" />
    <TestEntry testId="6cda90f3-27d8-af6a-1221-cd7d6ce906cd" executionId="1fd5e992-a7c6-48ec-a3b6-3a47b6d298ad" testListId="8c84fa94-04c1-424b-9868-57a2d4851a1d" />
    <TestEntry testId="b19b7300-d6a4-f3ea-792c-67e734ad2662" executionId="ab23d853-7890-4a2c-af8b-fc3f7f834c98" testListId="8c84fa94-04c1-424b-9868-57a2d4851a1d" />
    <TestEntry testId="9d226558-c15b-d568-c761-43c132fe5f62" executionId="ecdfce98-cf92-40c0-87b1-baa31a9ed758" testListId="8c84fa94-04c1-424b-9868-57a2d4851a1d" />
    <TestEntry testId="07ae45b6-e301-3520-2a2b-464a984634c4" executionId="406d5a89-17fd-4b2a-a980-d9bb937022d7" testListId="8c84fa94-04c1-424b-9868-57a2d4851a1d" />
    <TestEntry testId="8c014781-1ea8-1b32-5ee9-19c0230f83e3" executionId="35bc1255-54e6-4157-af80-a3cca4ba21f2" testListId="8c84fa94-04c1-424b-9868-57a2d4851a1d" />
    <TestEntry testId="806486e9-67f6-c414-1b23-268fb5d92f79" executionId="055b0a4e-ab50-4e04-bb2e-1f654c0865f9" testListId="8c84fa94-04c1-424b-9868-57a2d4851a1d" />
    <TestEntry testId="afbed609-a82f-6410-34bb-72066c16f622" executionId="f7b53da1-ce50-4c33-a33f-6711a173b3d8" testListId="8c84fa94-04c1-424b-9868-57a2d4851a1d" />
    <TestEntry testId="4f67706c-ec17-d0dc-0484-559ff6686c7f" executionId="ba0ff5f6-b5e6-4cc0-bbfa-2504873a5138" testListId="8c84fa94-04c1-424b-9868-57a2d4851a1d" />
    <TestEntry testId="195d08de-21b8-2f1f-44bd-a0559b76cc4e" executionId="4d2b730b-8396-4ae1-9496-9a4ab0ebfca9" testListId="8c84fa94-04c1-424b-9868-57a2d4851a1d" />
    <TestEntry testId="b16dc414-82bb-0a48-2010-aab727818a55" executionId="24cf32c3-7966-4a06-a34f-1202616fb838" testListId="8c84fa94-04c1-424b-9868-57a2d4851a1d" />
    <TestEntry testId="1ea25282-4842-2678-a991-ae47cd37bd8c" executionId="586f0505-e5ca-4727-a0d1-91454b81d76c" testListId="8c84fa94-04c1-424b-9868-57a2d4851a1d" />
    <TestEntry testId="959dc0d4-5cb5-3db0-bb92-0af8715ac40d" executionId="21686720-697f-4d5f-ad92-7de5b0a7055e" testListId="8c84fa94-04c1-424b-9868-57a2d4851a1d" />
    <TestEntry testId="c95f527c-0926-e4f0-6839-6e4f386c13e0" executionId="7c0e6e8a-1aee-4c2e-8216-553ff67ce948" testListId="8c84fa94-04c1-424b-9868-57a2d4851a1d" />
    <TestEntry testId="283be9e8-ff40-cb8f-01e8-201330f2ab76" executionId="dc9aa623-bbb5-4a41-b159-e602612a6580" testListId="8c84fa94-04c1-424b-9868-57a2d4851a1d" />
    <TestEntry testId="ecd584b6-1f44-7590-862b-3e93eda5f6e1" executionId="040b2315-4e64-4bf6-ba9d-c516d9c223c5" testListId="8c84fa94-04c1-424b-9868-57a2d4851a1d" />
    <TestEntry testId="339b9449-32db-9313-bd5a-4b76c550c24b" executionId="6c02ada3-2088-4c60-8bc6-6a78d1b8da0a" testListId="8c84fa94-04c1-424b-9868-57a2d4851a1d" />
    <TestEntry testId="578794d4-5ba7-7fb1-91c8-0222ba3f2584" executionId="f8ff39d4-80f8-4e2b-968e-76dc744054ff" testListId="8c84fa94-04c1-424b-9868-57a2d4851a1d" />
    <TestEntry testId="cc799fb6-1db2-eaea-ac66-ffcf960e7b46" executionId="44cf85d8-9ce9-4bd2-975f-c78ba22c3229" testListId="8c84fa94-04c1-424b-9868-57a2d4851a1d" />
    <TestEntry testId="984ea193-6ced-c93b-d0dc-9a87f25076ce" executionId="48619f08-1588-4f00-95bd-92ae961c36c4" testListId="8c84fa94-04c1-424b-9868-57a2d4851a1d" />
    <TestEntry testId="63f7da69-8862-a50a-b4b5-c960f744aef1" executionId="8665da3f-af40-4414-b1a4-18139a923ff6" testListId="8c84fa94-04c1-424b-9868-57a2d4851a1d" />
    <TestEntry testId="42ddcfb5-f49b-cca3-6c6f-4fc9774ef35a" executionId="69c6cff5-7652-4061-86b8-fefecf21e08a" testListId="8c84fa94-04c1-424b-9868-57a2d4851a1d" />
    <TestEntry testId="73990d43-3dbd-c498-8d88-f54a52856eed" executionId="b29bbeaa-8966-42c6-9745-d559292342c5" testListId="8c84fa94-04c1-424b-9868-57a2d4851a1d" />
    <TestEntry testId="17777076-9388-63f2-7e41-e8411bd30918" executionId="7f1b0736-afcd-4252-8a8a-029461355556" testListId="8c84fa94-04c1-424b-9868-57a2d4851a1d" />
    <TestEntry testId="e0edef12-1cb4-857a-12f0-1b58e1a20b13" executionId="ca7edd23-0bfd-48ce-850c-a7b4384a99e3" testListId="8c84fa94-04c1-424b-9868-57a2d4851a1d" />
    <TestEntry testId="a77c72ed-02bc-e40a-f245-b17a56645675" executionId="5ad7bdc6-03ea-41c9-a1c4-6649c3cd3e22" testListId="8c84fa94-04c1-424b-9868-57a2d4851a1d" />
    <TestEntry testId="ca66df3e-996d-ddec-d6b1-59ad7bd2ea20" executionId="85717334-50df-4210-926e-bc2f9d1250f6" testListId="8c84fa94-04c1-424b-9868-57a2d4851a1d" />
    <TestEntry testId="a7f572ea-cebb-1990-3ea9-f8bbb206d1fc" executionId="8c8f528a-554c-43df-9270-9fba3a068a86" testListId="8c84fa94-04c1-424b-9868-57a2d4851a1d" />
    <TestEntry testId="6f18b2fa-7718-8add-a5ae-a605498e1f2a" executionId="2c0bd094-2351-45a9-bc6f-7afbc5ae4893" testListId="8c84fa94-04c1-424b-9868-57a2d4851a1d" />
    <TestEntry testId="881375b9-0ac3-4207-9457-fab7c100ab70" executionId="ade94df3-9427-4312-8834-3f9c0f15f79e" testListId="8c84fa94-04c1-424b-9868-57a2d4851a1d" />
    <TestEntry testId="aafdc42a-ff16-1366-784e-915ed789f48b" executionId="e5959ef3-d9d7-45ac-903e-19c1dfa0d365" testListId="8c84fa94-04c1-424b-9868-57a2d4851a1d" />
    <TestEntry testId="34d831f2-d083-7c8d-f827-fa4262179f67" executionId="006621b3-4595-4fe3-83ce-c8954992c650" testListId="8c84fa94-04c1-424b-9868-57a2d4851a1d" />
    <TestEntry testId="88f832f0-850e-8880-bbd0-b9ac6891d2a8" executionId="c7643bdc-b5ce-44a8-9296-a528dc025fb1" testListId="8c84fa94-04c1-424b-9868-57a2d4851a1d" />
    <TestEntry testId="42e3ec46-8434-fb59-57e1-2b220e65a4e0" executionId="7226593c-94b9-406e-9484-19389c44b4bb" testListId="8c84fa94-04c1-424b-9868-57a2d4851a1d" />
    <TestEntry testId="e5a959f9-42e9-cab2-d5b3-b860c76790d1" executionId="4d9a8008-8172-4382-a817-94b4cf93b61a" testListId="8c84fa94-04c1-424b-9868-57a2d4851a1d" />
    <TestEntry testId="574c2c90-0245-de82-999d-96c7fabf75f0" executionId="b9a418bb-8c0e-4e98-ba9b-e49b28cab81a" testListId="8c84fa94-04c1-424b-9868-57a2d4851a1d" />
    <TestEntry testId="1faf9f68-c3ff-50da-2a1f-6c99784ad39d" executionId="e557076a-db19-437a-a41c-91c94f519240" testListId="8c84fa94-04c1-424b-9868-57a2d4851a1d" />
    <TestEntry testId="912b14b8-7a65-de53-0707-a491d0e913c9" executionId="193c5946-e479-4507-9b85-508e0784577e" testListId="8c84fa94-04c1-424b-9868-57a2d4851a1d" />
    <TestEntry testId="aeffa11a-d192-2ae9-a123-63fc3e4aae88" executionId="62713b3a-bd53-421d-9090-70114766b43b" testListId="8c84fa94-04c1-424b-9868-57a2d4851a1d" />
    <TestEntry testId="2d30d128-9f15-2775-2d44-d26e75f0ffcf" executionId="4c8d578e-7728-44be-a387-f3dc2096c462" testListId="8c84fa94-04c1-424b-9868-57a2d4851a1d" />
    <TestEntry testId="8acef0c7-e31c-985c-7262-db84b8b0d8de" executionId="701b3ec2-a061-4b97-83f4-4577893c5583" testListId="8c84fa94-04c1-424b-9868-57a2d4851a1d" />
    <TestEntry testId="28ead278-d054-6f5e-1c4e-fc95724ed668" executionId="8460e94b-5951-4f2a-981c-ae54ecca57e2" testListId="8c84fa94-04c1-424b-9868-57a2d4851a1d" />
    <TestEntry testId="153b871b-5165-582e-f348-a688fbf71627" executionId="4b2a4786-2c95-4469-ad1d-808d3008d219" testListId="8c84fa94-04c1-424b-9868-57a2d4851a1d" />
    <TestEntry testId="605d7948-e173-c277-eb40-a6a556e97352" executionId="030005a7-aaca-4a8a-ac7f-a1f838d6b6e3" testListId="8c84fa94-04c1-424b-9868-57a2d4851a1d" />
    <TestEntry testId="4bbee128-d1d9-ad2d-c1b2-ad8628a55e29" executionId="587e8fa4-2c24-4f72-8598-72c9075fb035" testListId="8c84fa94-04c1-424b-9868-57a2d4851a1d" />
    <TestEntry testId="1215b13d-bdb0-e0b6-e15f-33774c017240" executionId="14f841b4-b202-4eb3-9642-f8ceca8eedfc" testListId="8c84fa94-04c1-424b-9868-57a2d4851a1d" />
    <TestEntry testId="af0a5896-0a4c-d96f-b5de-90fa8dfee835" executionId="48cbfa9e-2917-49f9-a60b-9d26ba2eb00f" testListId="8c84fa94-04c1-424b-9868-57a2d4851a1d" />
    <TestEntry testId="8af5a4ee-949f-cc1e-1ec9-dd44ada4b249" executionId="d6c304e8-3194-49a9-a9d3-5b282425cc5d" testListId="8c84fa94-04c1-424b-9868-57a2d4851a1d" />
    <TestEntry testId="1908cd4e-24f5-f838-8022-09f0e59c3b4e" executionId="d498bd37-6bad-4d1f-b1c6-069007f36754" testListId="8c84fa94-04c1-424b-9868-57a2d4851a1d" />
    <TestEntry testId="fcfb7573-cd39-006e-136b-f37556763b5f" executionId="0d5a628f-b71b-4ff1-918f-c012e61cabe6" testListId="8c84fa94-04c1-424b-9868-57a2d4851a1d" />
    <TestEntry testId="b779b1a6-63cd-8aae-926b-05298ce423dc" executionId="10a548ba-a982-4b94-9d2f-df7750a2734c" testListId="8c84fa94-04c1-424b-9868-57a2d4851a1d" />
    <TestEntry testId="71c33396-e1aa-4357-206d-6e3f9c764281" executionId="1507b4da-a0fb-436a-97ac-db4c6ab5b3a3" testListId="8c84fa94-04c1-424b-9868-57a2d4851a1d" />
  </TestEntries>
  <TestLists>
    <TestList name="Results Not in a List" id="8c84fa94-04c1-424b-9868-57a2d4851a1d" />
    <TestList name="All Loaded Results" id="19431567-8539-422a-85d7-44ee4e166bda" />
  </TestLists>
  <ResultSummary outcome="Completed">
    <Counters total="560" executed="557" passed="557" failed="0" error="0" timeout="0" aborted="0" inconclusive="0" passedButRunAborted="0" notRunnable="0" notExecuted="0" disconnected="0" warning="0" completed="0" inProgress="0" pending="0" />
    <Output>
      <StdOut>Test 'ScheduleNextRun_InternalExceptionDoesNotRaisesEventOnSiteWorking_Success' was skipped in the test run.&#xD;
Test 'ScheduleNextRun_InternalExceptionDoesNotRaisesEventOnSiteWorking_Success' was skipped in the test run.&#xD;
Test 'SetSelectedAuthenticationInfo_VerifyDisabledFields_OnExternalUser' was skipped in the test run.&#xD;
</StdOut>
    </Output>
  </ResultSummary>
</TestRun>