<?xml version="1.0" encoding="utf-8"?>
<TestRun id="53795fee-9bab-40d9-8796-c03c85d67840" name="DKSR-EFI-04$@DKSR-EFI-04 2023-12-22 09:32:10" runUser="NT AUTHORITY\NETWORK SERVICE" xmlns="http://microsoft.com/schemas/VisualStudio/TeamTest/2010">
  <Times creation="2023-12-22T09:32:10.3964892+01:00" queuing="2023-12-22T09:32:10.3964892+01:00" start="2023-12-22T09:32:07.3808498+01:00" finish="2023-12-22T09:32:14.9433846+01:00" />
  <TestSettings name="default" id="5d6a2985-c648-4b9e-838c-04898111f6d1">
    <Deployment runDeploymentRoot="DKSR-EFI-04$_DKSR-EFI-04_2023-12-22_09_32_10" />
  </TestSettings>
  <Results>
    <UnitTestResult executionId="ee1ab961-a831-45af-a71c-65fd7c903270" testId="716c04d9-7255-7005-6e6e-6aa54bcc8bee" testName="WhenImageAddonViewerChangesToACameraWithStickyNoteItShouldAddTheStickyNote" computerName="DKSR-EFI-04" duration="00:00:00.0168962" startTime="2023-12-22T09:32:13.6465040+01:00" endTime="2023-12-22T09:32:13.6621289+01:00" testType="13cdc9d9-ddb5-4fa4-a97d-d965ccfc6d4b" outcome="Passed" testListId="8c84fa94-04c1-424b-9868-57a2d4851a1d" relativeResultsDirectory="ee1ab961-a831-45af-a71c-65fd7c903270" />
    <UnitTestResult executionId="2f06b5ca-f302-46e2-86fd-c975aa53c7e2" testId="0d6c5879-b3c5-9784-e569-0c75ab8108c3" testName="WhenInitializedItShouldBeOnlyForLiveWorkspace" computerName="DKSR-EFI-04" duration="00:00:00.0079065" startTime="2023-12-22T09:32:10.3964892+01:00" endTime="2023-12-22T09:32:10.3964892+01:00" testType="13cdc9d9-ddb5-4fa4-a97d-d965ccfc6d4b" outcome="Passed" testListId="8c84fa94-04c1-424b-9868-57a2d4851a1d" relativeResultsDirectory="2f06b5ca-f302-46e2-86fd-c975aa53c7e2" />
    <UnitTestResult executionId="07abd2b6-4ef1-4f2c-b6e5-0f904cb01873" testId="8cf5d264-0515-424f-85df-41486f9a1f11" testName="WhenStickyNoteIsRemovedItShouldCallViewerAddonRemoveOverlay" computerName="DKSR-EFI-04" duration="00:00:00.0066923" startTime="2023-12-22T09:32:13.6308796+01:00" endTime="2023-12-22T09:32:13.6308796+01:00" testType="13cdc9d9-ddb5-4fa4-a97d-d965ccfc6d4b" outcome="Passed" testListId="8c84fa94-04c1-424b-9868-57a2d4851a1d" relativeResultsDirectory="07abd2b6-4ef1-4f2c-b6e5-0f904cb01873" />
    <UnitTestResult executionId="906864a9-6415-4902-85f6-71c164dc7c0e" testId="149f4202-6c2a-e881-98d7-53f44c0a50b5" testName="WhenStickyNoteIsRemovedHasStickyNoteShouldReturnFalse" computerName="DKSR-EFI-04" duration="00:00:00.0030500" startTime="2023-12-22T09:32:10.3652407+01:00" endTime="2023-12-22T09:32:10.3652407+01:00" testType="13cdc9d9-ddb5-4fa4-a97d-d965ccfc6d4b" outcome="Passed" testListId="8c84fa94-04c1-424b-9868-57a2d4851a1d" relativeResultsDirectory="906864a9-6415-4902-85f6-71c164dc7c0e" />
    <UnitTestResult executionId="e47aa06d-7576-4cb0-b075-942a79f7c490" testId="67021e25-efdb-3860-0b88-bdabd76f0917" testName="WhenDeviceDoesNotHaveStickyNoteHasStickyNoteShouldReturnFalse" computerName="DKSR-EFI-04" duration="00:00:00.0035898" startTime="2023-12-22T09:32:10.3339906+01:00" endTime="2023-12-22T09:32:10.3339906+01:00" testType="13cdc9d9-ddb5-4fa4-a97d-d965ccfc6d4b" outcome="Passed" testListId="8c84fa94-04c1-424b-9868-57a2d4851a1d" relativeResultsDirectory="e47aa06d-7576-4cb0-b075-942a79f7c490" />
    <UnitTestResult executionId="da7d37c7-2a2e-4050-9a0d-3d28d23bbc27" testId="fc794c79-7dc5-da91-fa0f-2b5e6519dd2d" testName="WhenTimeZoneScIsChangedItShouldBeUpdatedInLastUpdateSc" computerName="DKSR-EFI-04" duration="00:00:00.3916512" startTime="2023-12-22T09:32:13.8340045+01:00" endTime="2023-12-22T09:32:14.2246307+01:00" testType="13cdc9d9-ddb5-4fa4-a97d-d965ccfc6d4b" outcome="Passed" testListId="8c84fa94-04c1-424b-9868-57a2d4851a1d" relativeResultsDirectory="da7d37c7-2a2e-4050-9a0d-3d28d23bbc27" />
    <UnitTestResult executionId="1c159aef-bcd4-4fd6-a6bb-d22fc56a8a74" testId="066383b6-e8d7-2519-a1ae-00ac6c495a08" testName="WhenStickyNoteIsExpandedAndViewIsNarrowItShouldShowOnlyMessage (morethan10char)" computerName="DKSR-EFI-04" duration="00:00:00.0004839" startTime="2023-12-22T09:32:14.2402553+01:00" endTime="2023-12-22T09:32:14.2402553+01:00" testType="13cdc9d9-ddb5-4fa4-a97d-d965ccfc6d4b" outcome="Passed" testListId="8c84fa94-04c1-424b-9868-57a2d4851a1d" relativeResultsDirectory="1c159aef-bcd4-4fd6-a6bb-d22fc56a8a74" />
    <UnitTestResult executionId="5c2e5492-3f93-46ff-9220-47c836f0bae4" testId="648033e3-a16f-f256-b05a-5e01ff64c346" testName="WhenNewImageViewerIsCreatedItShouldOnlyBeAddedIfItsInSupportedTypes (CameraViewItem,True)" computerName="DKSR-EFI-04" duration="00:00:00.0074245" startTime="2023-12-22T09:32:14.3496317+01:00" endTime="2023-12-22T09:32:14.3496317+01:00" testType="13cdc9d9-ddb5-4fa4-a97d-d965ccfc6d4b" outcome="Passed" testListId="8c84fa94-04c1-424b-9868-57a2d4851a1d" relativeResultsDirectory="5c2e5492-3f93-46ff-9220-47c836f0bae4" />
    <UnitTestResult executionId="00911a38-cd30-4717-a453-05acbf2f2260" testId="1e2be52f-2286-4abf-2b1e-3bdcb6bfbaaa" testName="WhenGettingDialogUserControlItShouldReturnStickyNoteDialogUserControlType" computerName="DKSR-EFI-04" duration="00:00:02.5796623" startTime="2023-12-22T09:32:10.4589929+01:00" endTime="2023-12-22T09:32:13.0371267+01:00" testType="13cdc9d9-ddb5-4fa4-a97d-d965ccfc6d4b" outcome="Passed" testListId="8c84fa94-04c1-424b-9868-57a2d4851a1d" relativeResultsDirectory="00911a38-cd30-4717-a453-05acbf2f2260" />
    <UnitTestResult executionId="86209984-6f5b-4ebd-a863-b8eda8f0286b" testId="c95e5b2f-a87a-85eb-4f5b-5ae38eeea861" testName="WhenGetByImportanceCalledItShouldReturnImage (Auxiliar4,auxiliar4-icon)" computerName="DKSR-EFI-04" duration="00:00:00.0000285" startTime="2023-12-22T09:32:13.2402516+01:00" endTime="2023-12-22T09:32:13.2402516+01:00" testType="13cdc9d9-ddb5-4fa4-a97d-d965ccfc6d4b" outcome="Passed" testListId="8c84fa94-04c1-424b-9868-57a2d4851a1d" relativeResultsDirectory="86209984-6f5b-4ebd-a863-b8eda8f0286b" />
    <UnitTestResult executionId="d926a331-e289-42b6-aa62-2c2f2ed12cf9" testId="8a950650-4fb8-eb3e-19b9-dec5aa754020" testName="WhenStickyNoteIsDeletedItShouldTrackWithTelemetry" computerName="DKSR-EFI-04" duration="00:00:00.0035368" startTime="2023-12-22T09:32:13.7402540+01:00" endTime="2023-12-22T09:32:13.7402540+01:00" testType="13cdc9d9-ddb5-4fa4-a97d-d965ccfc6d4b" outcome="Passed" testListId="8c84fa94-04c1-424b-9868-57a2d4851a1d" relativeResultsDirectory="d926a331-e289-42b6-aa62-2c2f2ed12cf9" />
    <UnitTestResult executionId="dd13f6cc-c893-4eec-9f5f-f5edf233568f" testId="80823ad2-86b5-f0c2-fda0-883f2cdedfbb" testName="WhenConvertingFalseOnRTLItShouldReturnRight" computerName="DKSR-EFI-04" duration="00:00:00.0002082" startTime="2023-12-22T09:32:10.4589929+01:00" endTime="2023-12-22T09:32:10.4589929+01:00" testType="13cdc9d9-ddb5-4fa4-a97d-d965ccfc6d4b" outcome="Passed" testListId="8c84fa94-04c1-424b-9868-57a2d4851a1d" relativeResultsDirectory="dd13f6cc-c893-4eec-9f5f-f5edf233568f" />
    <UnitTestResult executionId="11f2a8af-393b-49c4-ac18-62f42cf4bea4" testId="82ae758c-f2f1-73f9-a1ca-a919c4a528a0" testName="WhenInitializedItShouldBeOnlyForAllowed" computerName="DKSR-EFI-04" duration="00:00:00.0033349" startTime="2023-12-22T09:32:10.3964892+01:00" endTime="2023-12-22T09:32:10.3964892+01:00" testType="13cdc9d9-ddb5-4fa4-a97d-d965ccfc6d4b" outcome="Passed" testListId="8c84fa94-04c1-424b-9868-57a2d4851a1d" relativeResultsDirectory="11f2a8af-393b-49c4-ac18-62f42cf4bea4" />
    <UnitTestResult executionId="85514f6c-a4da-41b7-a929-5f6312bc2b55" testId="affa273d-b7b4-ea58-ac88-bac3d9bb7bc5" testName="WhenStickyNoteIsAddedForAnotherDeviceHasStickyNoteShouldReturnFalse" computerName="DKSR-EFI-04" duration="00:00:00.0017253" startTime="2023-12-22T09:32:10.3652407+01:00" endTime="2023-12-22T09:32:10.3808658+01:00" testType="13cdc9d9-ddb5-4fa4-a97d-d965ccfc6d4b" outcome="Passed" testListId="8c84fa94-04c1-424b-9868-57a2d4851a1d" relativeResultsDirectory="85514f6c-a4da-41b7-a929-5f6312bc2b55" />
    <UnitTestResult executionId="9757875c-ce32-42dd-99e1-fcdddf64e4a8" testId="75fe6ae8-d6a2-1975-f977-c4f5d796a3a1" testName="WhenExpandShrinkComandIsReceivedForSecondTimeItShouldBeMaximized" computerName="DKSR-EFI-04" duration="00:00:00.0008136" startTime="2023-12-22T09:32:14.2246307+01:00" endTime="2023-12-22T09:32:14.2246307+01:00" testType="13cdc9d9-ddb5-4fa4-a97d-d965ccfc6d4b" outcome="Passed" testListId="8c84fa94-04c1-424b-9868-57a2d4851a1d" relativeResultsDirectory="9757875c-ce32-42dd-99e1-fcdddf64e4a8" />
    <UnitTestResult executionId="2987f104-c3d4-428d-ba84-39b22e94cce9" testId="c5976ee8-aa22-9698-dc7f-6c2b197fef2f" testName="WhenPluginIsClosedWithoutInitializationItShouldNotCrash" computerName="DKSR-EFI-04" duration="00:00:00.0795844" startTime="2023-12-22T09:32:13.7402540+01:00" endTime="2023-12-22T09:32:13.8340045+01:00" testType="13cdc9d9-ddb5-4fa4-a97d-d965ccfc6d4b" outcome="Passed" testListId="8c84fa94-04c1-424b-9868-57a2d4851a1d" relativeResultsDirectory="2987f104-c3d4-428d-ba84-39b22e94cce9" />
    <UnitTestResult executionId="e755a69c-7600-426c-8508-b36eaf9fd6ba" testId="52863e55-c4b3-9389-71b8-9af122ba4077" testName="WhenGetByImportanceCalledItShouldReturnImage (General,general-icon)" computerName="DKSR-EFI-04" duration="00:00:00.0793143" startTime="2023-12-22T09:32:13.0371267+01:00" endTime="2023-12-22T09:32:13.2402516+01:00" testType="13cdc9d9-ddb5-4fa4-a97d-d965ccfc6d4b" outcome="Passed" testListId="8c84fa94-04c1-424b-9868-57a2d4851a1d" relativeResultsDirectory="e755a69c-7600-426c-8508-b36eaf9fd6ba" />
    <UnitTestResult executionId="4b33b7b4-7e46-47f1-a851-e54935f7efa7" testId="ef4026d5-39cf-7cf5-be3f-d4450cc480d9" testName="WhenGetByImportanceCalledItShouldReturnImage (Auxiliar5,auxiliar5-icon)" computerName="DKSR-EFI-04" duration="00:00:00.0000341" startTime="2023-12-22T09:32:13.2402516+01:00" endTime="2023-12-22T09:32:13.2402516+01:00" testType="13cdc9d9-ddb5-4fa4-a97d-d965ccfc6d4b" outcome="Passed" testListId="8c84fa94-04c1-424b-9868-57a2d4851a1d" relativeResultsDirectory="4b33b7b4-7e46-47f1-a851-e54935f7efa7" />
    <UnitTestResult executionId="af061369-6c30-411f-95f7-e66fe6fc434a" testId="85636b50-b420-49c1-118e-f8ffd81f9682" testName="WhenGetByImportanceCalledItShouldReturnImage (Auxiliar3,auxiliar3-icon)" computerName="DKSR-EFI-04" duration="00:00:00.0000215" startTime="2023-12-22T09:32:13.2402516+01:00" endTime="2023-12-22T09:32:13.2402516+01:00" testType="13cdc9d9-ddb5-4fa4-a97d-d965ccfc6d4b" outcome="Passed" testListId="8c84fa94-04c1-424b-9868-57a2d4851a1d" relativeResultsDirectory="af061369-6c30-411f-95f7-e66fe6fc434a" />
    <UnitTestResult executionId="3edb41c2-3549-413f-afd7-a89825c3c17e" testId="7b5489ab-3e63-354e-79ee-16d8c3e2fc68" testName="WhenGetByImportanceCalledItShouldReturnImage (Auxiliar2,auxiliar2-icon)" computerName="DKSR-EFI-04" duration="00:00:00.0000162" startTime="2023-12-22T09:32:13.2402516+01:00" endTime="2023-12-22T09:32:13.2402516+01:00" testType="13cdc9d9-ddb5-4fa4-a97d-d965ccfc6d4b" outcome="Passed" testListId="8c84fa94-04c1-424b-9868-57a2d4851a1d" relativeResultsDirectory="3edb41c2-3549-413f-afd7-a89825c3c17e" />
    <UnitTestResult executionId="750ddac6-57e8-4dd0-bf9f-b7428628d95c" testId="16b6abbf-77f9-2c2a-3553-4d8ec26c13dc" testName="WhenDialogDeleteItShouldCallRepositoryDelete" computerName="DKSR-EFI-04" duration="00:00:00.0129811" startTime="2023-12-22T09:32:13.7090035+01:00" endTime="2023-12-22T09:32:13.7246295+01:00" testType="13cdc9d9-ddb5-4fa4-a97d-d965ccfc6d4b" outcome="Passed" testListId="8c84fa94-04c1-424b-9868-57a2d4851a1d" relativeResultsDirectory="750ddac6-57e8-4dd0-bf9f-b7428628d95c" />
    <UnitTestResult executionId="ca6fb114-2493-4631-8883-a1bed25dfa4e" testId="93bb2c57-b035-dc2a-e5c4-d8284818237c" testName="WhenCreatedByDefaultItShouldHaveEditDialogTitleAndDefaultValues" computerName="DKSR-EFI-04" duration="00:00:00.0143780" startTime="2023-12-22T09:32:13.6933783+01:00" endTime="2023-12-22T09:32:13.7090035+01:00" testType="13cdc9d9-ddb5-4fa4-a97d-d965ccfc6d4b" outcome="Passed" testListId="8c84fa94-04c1-424b-9868-57a2d4851a1d" relativeResultsDirectory="ca6fb114-2493-4631-8883-a1bed25dfa4e" />
    <UnitTestResult executionId="9791cde6-0480-4258-9c9d-0cc2dce0df69" testId="49e8ae80-25b6-fa23-79b1-5f4dc02f3c63" testName="WhenImageAddonViewerChangesToACameraWithoutAllowedStickyNoteItShouldRemoveTheStickyNote" computerName="DKSR-EFI-04" duration="00:00:00.0080616" startTime="2023-12-22T09:32:13.6777552+01:00" endTime="2023-12-22T09:32:13.6777552+01:00" testType="13cdc9d9-ddb5-4fa4-a97d-d965ccfc6d4b" outcome="Passed" testListId="8c84fa94-04c1-424b-9868-57a2d4851a1d" relativeResultsDirectory="9791cde6-0480-4258-9c9d-0cc2dce0df69" />
    <UnitTestResult executionId="54bca91c-b3ed-49ff-b816-e2aacc35dbeb" testId="f52ddf10-3825-8532-9b06-3ff9d4115633" testName="WhenStickyNoteIsExpandedAndViewIsNarrowItShouldShowOnlyMessage (short)" computerName="DKSR-EFI-04" duration="00:00:00.0009379" startTime="2023-12-22T09:32:14.2402553+01:00" endTime="2023-12-22T09:32:14.2402553+01:00" testType="13cdc9d9-ddb5-4fa4-a97d-d965ccfc6d4b" outcome="Passed" testListId="8c84fa94-04c1-424b-9868-57a2d4851a1d" relativeResultsDirectory="54bca91c-b3ed-49ff-b816-e2aacc35dbeb" />
    <UnitTestResult executionId="ec38fb2d-69c1-440c-b8c9-dfbbb62ee2db" testId="edd4a4d0-c25c-189c-4e9e-4ab21c879209" testName="WhenStickyNoteIsRemovedForAnotherDeviceHasStickyNoteShouldRetturnTrue" computerName="DKSR-EFI-04" duration="00:00:00.0069222" startTime="2023-12-22T09:32:10.3652407+01:00" endTime="2023-12-22T09:32:10.3652407+01:00" testType="13cdc9d9-ddb5-4fa4-a97d-d965ccfc6d4b" outcome="Passed" testListId="8c84fa94-04c1-424b-9868-57a2d4851a1d" relativeResultsDirectory="ec38fb2d-69c1-440c-b8c9-dfbbb62ee2db" />
    <UnitTestResult executionId="601b79cb-59c2-46d5-8143-db31861d38b5" testId="89520011-d427-93e5-666c-2d51c53e914b" testName="WhenStickyNoteIsExpandedAndViewIsWideEnoughItShouldShowFullStickyNoteContents" computerName="DKSR-EFI-04" duration="00:00:00.0031601" startTime="2023-12-22T09:32:14.2246307+01:00" endTime="2023-12-22T09:32:14.2402553+01:00" testType="13cdc9d9-ddb5-4fa4-a97d-d965ccfc6d4b" outcome="Passed" testListId="8c84fa94-04c1-424b-9868-57a2d4851a1d" relativeResultsDirectory="601b79cb-59c2-46d5-8143-db31861d38b5" />
    <UnitTestResult executionId="544eba8f-61e2-48a6-92e3-336d62a514d1" testId="9cbac09f-a3b8-3a0e-4e40-b2ea3de9946b" testName="WhenDialogConfirmItShouldSendTelemetryEventWhenThereAreChanges" computerName="DKSR-EFI-04" duration="00:00:00.0060848" startTime="2023-12-22T09:32:13.7402540+01:00" endTime="2023-12-22T09:32:13.7402540+01:00" testType="13cdc9d9-ddb5-4fa4-a97d-d965ccfc6d4b" outcome="Passed" testListId="8c84fa94-04c1-424b-9868-57a2d4851a1d" relativeResultsDirectory="544eba8f-61e2-48a6-92e3-336d62a514d1" />
    <UnitTestResult executionId="01d2b2c6-03e2-4e0c-ac4f-fa80179ad078" testId="6419c29f-f522-6319-ea92-401a02167ef5" testName="WhenRoleIsNotAllowedToWriteCanWriteAndCanSaveShouldBeFalse" computerName="DKSR-EFI-04" duration="00:00:00.0020883" startTime="2023-12-22T09:32:13.7246295+01:00" endTime="2023-12-22T09:32:13.7402540+01:00" testType="13cdc9d9-ddb5-4fa4-a97d-d965ccfc6d4b" outcome="Passed" testListId="8c84fa94-04c1-424b-9868-57a2d4851a1d" relativeResultsDirectory="01d2b2c6-03e2-4e0c-ac4f-fa80179ad078" />
    <UnitTestResult executionId="c32b4251-8485-4356-8b02-5d75748896fd" testId="29f46b29-bd47-50ee-a28a-5a37ecf65f91" testName="WhenSettingItemItShouldSetProperty" computerName="DKSR-EFI-04" duration="00:00:00.0013359" startTime="2023-12-22T09:32:14.2246307+01:00" endTime="2023-12-22T09:32:14.2246307+01:00" testType="13cdc9d9-ddb5-4fa4-a97d-d965ccfc6d4b" outcome="Passed" testListId="8c84fa94-04c1-424b-9868-57a2d4851a1d" relativeResultsDirectory="c32b4251-8485-4356-8b02-5d75748896fd" />
    <UnitTestResult executionId="d77eb773-f4ed-44e7-8fc4-62da46ed72c9" testId="34a11ce4-a558-5634-166a-165ebb4ab698" testName="WhenCreatedWithValuesItShouldHaveAddDialogTitleAndSpecificValues" computerName="DKSR-EFI-04" duration="00:00:00.0010264" startTime="2023-12-22T09:32:13.6933783+01:00" endTime="2023-12-22T09:32:13.6933783+01:00" testType="13cdc9d9-ddb5-4fa4-a97d-d965ccfc6d4b" outcome="Passed" testListId="8c84fa94-04c1-424b-9868-57a2d4851a1d" relativeResultsDirectory="d77eb773-f4ed-44e7-8fc4-62da46ed72c9" />
    <UnitTestResult executionId="b70f8f0f-9e81-4287-a0f5-d7a73926e3aa" testId="9468a81f-1626-7994-6b3f-d53664f81a0e" testName="WhenDeviceHasStickyNoteHasStickyNoteShouldReturnTrue" computerName="DKSR-EFI-04" duration="00:00:00.0191033" startTime="2023-12-22T09:32:10.3183647+01:00" endTime="2023-12-22T09:32:10.3339906+01:00" testType="13cdc9d9-ddb5-4fa4-a97d-d965ccfc6d4b" outcome="Passed" testListId="8c84fa94-04c1-424b-9868-57a2d4851a1d" relativeResultsDirectory="b70f8f0f-9e81-4287-a0f5-d7a73926e3aa" />
    <UnitTestResult executionId="d0c57737-e71d-4811-a601-ba972dd66404" testId="7b4f90d6-435b-58cb-96b2-e7087be114f5" testName="WhenTheDeviceHasStickyNoteItShowNotShowDialogWhenActivateIsCalled" computerName="DKSR-EFI-04" duration="00:00:00.0037948" startTime="2023-12-22T09:32:10.3808658+01:00" endTime="2023-12-22T09:32:10.3964892+01:00" testType="13cdc9d9-ddb5-4fa4-a97d-d965ccfc6d4b" outcome="Passed" testListId="8c84fa94-04c1-424b-9868-57a2d4851a1d" relativeResultsDirectory="d0c57737-e71d-4811-a601-ba972dd66404" />
    <UnitTestResult executionId="0cd22001-75d0-4118-81f0-813aa195aeea" testId="a4be0747-399d-89d5-dbc9-9155e99f4971" testName="WhenInitializedItShouldBeNotAvailableInSetup" computerName="DKSR-EFI-04" duration="00:00:00.0049976" startTime="2023-12-22T09:32:10.3964892+01:00" endTime="2023-12-22T09:32:10.4121172+01:00" testType="13cdc9d9-ddb5-4fa4-a97d-d965ccfc6d4b" outcome="Passed" testListId="8c84fa94-04c1-424b-9868-57a2d4851a1d" relativeResultsDirectory="0cd22001-75d0-4118-81f0-813aa195aeea" />
    <UnitTestResult executionId="a25c291d-ab73-47f2-abac-adc494c3e844" testId="53c6d63b-5e90-f9bc-534a-4e8e913f658e" testName="WhenConvertingFalseItShouldReturnLeft" computerName="DKSR-EFI-04" duration="00:00:00.0002301" startTime="2023-12-22T09:32:10.4589929+01:00" endTime="2023-12-22T09:32:10.4589929+01:00" testType="13cdc9d9-ddb5-4fa4-a97d-d965ccfc6d4b" outcome="Passed" testListId="8c84fa94-04c1-424b-9868-57a2d4851a1d" relativeResultsDirectory="a25c291d-ab73-47f2-abac-adc494c3e844" />
    <UnitTestResult executionId="f8249c24-e575-4d86-a8b2-64391bdc7280" testId="a62332f3-4399-6825-5ff6-c8ef745f9f15" testName="WhenGetByImportanceCalledItShouldReturnImage (Warning,warning-icon)" computerName="DKSR-EFI-04" duration="00:00:00.0000532" startTime="2023-12-22T09:32:13.2402516+01:00" endTime="2023-12-22T09:32:13.2402516+01:00" testType="13cdc9d9-ddb5-4fa4-a97d-d965ccfc6d4b" outcome="Passed" testListId="8c84fa94-04c1-424b-9868-57a2d4851a1d" relativeResultsDirectory="f8249c24-e575-4d86-a8b2-64391bdc7280" />
    <UnitTestResult executionId="5be2588c-ec75-4cf8-965d-a69f6e1def90" testId="0e128f74-121f-e1a5-3d81-ae9a201a88ac" testName="WhenStickyNoteIsAddedHasSickyNoteShouldReturnTrue" computerName="DKSR-EFI-04" duration="00:00:00.0207049" startTime="2023-12-22T09:32:10.3339906+01:00" endTime="2023-12-22T09:32:10.3652407+01:00" testType="13cdc9d9-ddb5-4fa4-a97d-d965ccfc6d4b" outcome="Passed" testListId="8c84fa94-04c1-424b-9868-57a2d4851a1d" relativeResultsDirectory="5be2588c-ec75-4cf8-965d-a69f6e1def90" />
    <UnitTestResult executionId="7d026ea2-d9f9-408b-99c9-b37ada5c172b" testId="731b0e0b-41f5-15d6-381a-da42ec5c1e8a" testName="WhenShowingAddDialogItShouldUseAddDialogViewModel" computerName="DKSR-EFI-04" duration="00:00:00.0751619" startTime="2023-12-22T09:32:13.2402516+01:00" endTime="2023-12-22T09:32:13.3183782+01:00" testType="13cdc9d9-ddb5-4fa4-a97d-d965ccfc6d4b" outcome="Passed" testListId="8c84fa94-04c1-424b-9868-57a2d4851a1d" relativeResultsDirectory="7d026ea2-d9f9-408b-99c9-b37ada5c172b" />
    <UnitTestResult executionId="ff918ca5-8cf2-47f6-ad8c-18443b6afcd0" testId="ba212a15-b1f9-a189-6bd7-8d0c647ebea2" testName="WhenDialogConfirmItShouldCallRepositoryUpdate" computerName="DKSR-EFI-04" duration="00:00:00.0044153" startTime="2023-12-22T09:32:13.7090035+01:00" endTime="2023-12-22T09:32:13.7090035+01:00" testType="13cdc9d9-ddb5-4fa4-a97d-d965ccfc6d4b" outcome="Passed" testListId="8c84fa94-04c1-424b-9868-57a2d4851a1d" relativeResultsDirectory="ff918ca5-8cf2-47f6-ad8c-18443b6afcd0" />
    <UnitTestResult executionId="04959b3c-81d1-4ea9-a319-edf22f082dee" testId="031b110d-64d6-79e8-6a88-6180f82cf79c" testName="WhenStickyNoteIsSetItShouldCallImageViewerAddonAddOverlay" computerName="DKSR-EFI-04" duration="00:00:00.1214839" startTime="2023-12-22T09:32:13.5058777+01:00" endTime="2023-12-22T09:32:13.6308796+01:00" testType="13cdc9d9-ddb5-4fa4-a97d-d965ccfc6d4b" outcome="Passed" testListId="8c84fa94-04c1-424b-9868-57a2d4851a1d" relativeResultsDirectory="04959b3c-81d1-4ea9-a319-edf22f082dee" />
    <UnitTestResult executionId="834c2352-7375-4fe2-93cd-9fa31afa1d29" testId="6fddb17b-f4aa-9879-f2b8-d4db0f10029e" testName="WhenRemoveStickyNoteDeviceViewItShouldReduceStickyNotesViewCount" computerName="DKSR-EFI-04" duration="00:00:00.0243360" startTime="2023-12-22T09:32:14.3027572+01:00" endTime="2023-12-22T09:32:14.3340060+01:00" testType="13cdc9d9-ddb5-4fa4-a97d-d965ccfc6d4b" outcome="Passed" testListId="8c84fa94-04c1-424b-9868-57a2d4851a1d" relativeResultsDirectory="834c2352-7375-4fe2-93cd-9fa31afa1d29" />
    <UnitTestResult executionId="f213c92f-16b8-431c-b796-a943f970023c" testId="d5f8c3c2-a9a5-eb07-b93b-46d609f0c3dc" testName="WhenItsCreatedItShouldBeMaximized" computerName="DKSR-EFI-04" duration="00:00:00.0009260" startTime="2023-12-22T09:32:14.2246307+01:00" endTime="2023-12-22T09:32:14.2246307+01:00" testType="13cdc9d9-ddb5-4fa4-a97d-d965ccfc6d4b" outcome="Passed" testListId="8c84fa94-04c1-424b-9868-57a2d4851a1d" relativeResultsDirectory="f213c92f-16b8-431c-b796-a943f970023c" />
    <UnitTestResult executionId="e23fc88b-3553-4c73-a086-bf3dfe97059e" testId="ae82c7d4-c654-11ae-fea8-53b44bb80f4f" testName="WhenSetStickyNoteIsCalledItShouldSetTheStickyNote" computerName="DKSR-EFI-04" duration="00:00:00.0711894" startTime="2023-12-22T09:32:14.2402553+01:00" endTime="2023-12-22T09:32:14.3027572+01:00" testType="13cdc9d9-ddb5-4fa4-a97d-d965ccfc6d4b" outcome="Passed" testListId="8c84fa94-04c1-424b-9868-57a2d4851a1d" relativeResultsDirectory="e23fc88b-3553-4c73-a086-bf3dfe97059e" />
    <UnitTestResult executionId="d9320f23-d271-448a-860a-0b7762614424" testId="5b8b81db-6435-f41d-4b44-adb8261ad123" testName="WhenStickyNoteIsExpandedAndViewIsNarrowItShouldShowOnlyMessage (more than 200 two hundred characters here ---------------------------------------------------------------------------------------------------------------------------------------------------------------)" computerName="DKSR-EFI-04" duration="00:00:00.0002207" startTime="2023-12-22T09:32:14.2402553+01:00" endTime="2023-12-22T09:32:14.2402553+01:00" testType="13cdc9d9-ddb5-4fa4-a97d-d965ccfc6d4b" outcome="Passed" testListId="8c84fa94-04c1-424b-9868-57a2d4851a1d" relativeResultsDirectory="d9320f23-d271-448a-860a-0b7762614424" />
    <UnitTestResult executionId="0c146563-19be-4b2c-8a7d-b464472a7375" testId="e7ba3aa3-6398-cc16-982e-6eefec72ec16" testName="WhenRoleIsAllowedToWriteAndMessageIsNotEmptyCanWriteAndCanSaveShouldBeTrue" computerName="DKSR-EFI-04" duration="00:00:00.0021772" startTime="2023-12-22T09:32:13.7402540+01:00" endTime="2023-12-22T09:32:13.7402540+01:00" testType="13cdc9d9-ddb5-4fa4-a97d-d965ccfc6d4b" outcome="Passed" testListId="8c84fa94-04c1-424b-9868-57a2d4851a1d" relativeResultsDirectory="0c146563-19be-4b2c-8a7d-b464472a7375" />
    <UnitTestResult executionId="3e2694e9-1293-4412-97b6-2d801f566330" testId="7b338e88-2e27-6839-4b4f-7ca54d4a9a6d" testName="WhenTheDeviceDoesntHaveStickyNoteItShouldShowDialogWhenActivateIsCalled" computerName="DKSR-EFI-04" duration="00:00:00.0099522" startTime="2023-12-22T09:32:10.3808658+01:00" endTime="2023-12-22T09:32:10.3808658+01:00" testType="13cdc9d9-ddb5-4fa4-a97d-d965ccfc6d4b" outcome="Passed" testListId="8c84fa94-04c1-424b-9868-57a2d4851a1d" relativeResultsDirectory="3e2694e9-1293-4412-97b6-2d801f566330" />
    <UnitTestResult executionId="de2ef80e-3f15-4754-a8f6-954335a5a9f6" testId="e3acd009-3e84-6578-3360-0227d4dcd6ac" testName="WhenCameraIsAllowedItShouldBeVisible" computerName="DKSR-EFI-04" duration="00:00:00.0071821" startTime="2023-12-22T09:32:10.3027399+01:00" endTime="2023-12-22T09:32:10.3183647+01:00" testType="13cdc9d9-ddb5-4fa4-a97d-d965ccfc6d4b" outcome="Passed" testListId="8c84fa94-04c1-424b-9868-57a2d4851a1d" relativeResultsDirectory="de2ef80e-3f15-4754-a8f6-954335a5a9f6" />
    <UnitTestResult executionId="414333b1-ac65-45d4-916c-175b6ad5c00c" testId="8da2c1c6-4304-ff8d-a0d9-77a4b0b2f634" testName="WhenImageAddonViewerChangesToACameraWithStickyNoteFromAnotherStickyNoteItShouldUpdateIt" computerName="DKSR-EFI-04" duration="00:00:00.0121481" startTime="2023-12-22T09:32:13.6621289+01:00" endTime="2023-12-22T09:32:13.6777552+01:00" testType="13cdc9d9-ddb5-4fa4-a97d-d965ccfc6d4b" outcome="Passed" testListId="8c84fa94-04c1-424b-9868-57a2d4851a1d" relativeResultsDirectory="414333b1-ac65-45d4-916c-175b6ad5c00c" />
    <UnitTestResult executionId="92313f07-dfb0-4c38-9939-93202d2aa496" testId="f776138d-14bc-0f09-68f5-b87a21ee8e25" testName="WhenStickyNoteIsShrunkAndViewIsNarrowItShouldShowOnlyTooltipOnIcon" computerName="DKSR-EFI-04" duration="00:00:00.0009817" startTime="2023-12-22T09:32:14.2402553+01:00" endTime="2023-12-22T09:32:14.2402553+01:00" testType="13cdc9d9-ddb5-4fa4-a97d-d965ccfc6d4b" outcome="Passed" testListId="8c84fa94-04c1-424b-9868-57a2d4851a1d" relativeResultsDirectory="92313f07-dfb0-4c38-9939-93202d2aa496" />
    <UnitTestResult executionId="cc929b9e-acfe-42c4-9cd5-ee56f0eb69a8" testId="b7146973-5b35-55e3-9385-7a4e26e9ef72" testName="WhenStickyNoteIsExpandedAndViewIsNarrowItShouldShowOnlyMessage (more than 10 fifty characters here ----------------)" computerName="DKSR-EFI-04" duration="00:00:00.0002411" startTime="2023-12-22T09:32:14.2402553+01:00" endTime="2023-12-22T09:32:14.2402553+01:00" testType="13cdc9d9-ddb5-4fa4-a97d-d965ccfc6d4b" outcome="Passed" testListId="8c84fa94-04c1-424b-9868-57a2d4851a1d" relativeResultsDirectory="cc929b9e-acfe-42c4-9cd5-ee56f0eb69a8" />
    <UnitTestResult executionId="9fa17d9f-ffef-44bf-b313-2043e24ef437" testId="066fb686-5f70-eed8-93b3-7b0e9996abab" testName="WhenCameraIsNotAllowedItShouldBeNotVisible" computerName="DKSR-EFI-04" duration="00:00:01.0042095" startTime="2023-12-22T09:32:09.1621079+01:00" endTime="2023-12-22T09:32:10.2871142+01:00" testType="13cdc9d9-ddb5-4fa4-a97d-d965ccfc6d4b" outcome="Passed" testListId="8c84fa94-04c1-424b-9868-57a2d4851a1d" relativeResultsDirectory="9fa17d9f-ffef-44bf-b313-2043e24ef437" />
    <UnitTestResult executionId="74f2bfff-5543-446c-97fa-ddcc795bb579" testId="2c05eeae-bbff-92b1-77a7-96f3f87011f2" testName="WhenNewImageViewerIsCreatedItShouldOnlyBeAddedIfItsInSupportedTypes (CarouselViewItem,False)" computerName="DKSR-EFI-04" duration="00:00:00.0023947" startTime="2023-12-22T09:32:14.3496317+01:00" endTime="2023-12-22T09:32:14.3652566+01:00" testType="13cdc9d9-ddb5-4fa4-a97d-d965ccfc6d4b" outcome="Passed" testListId="8c84fa94-04c1-424b-9868-57a2d4851a1d" relativeResultsDirectory="74f2bfff-5543-446c-97fa-ddcc795bb579" />
    <UnitTestResult executionId="f15a185d-c709-4d18-896d-7efbeb09529b" testId="ebde63c6-c048-e1a0-be5b-7ff4d7d20c59" testName="WhenConvertingTrueItShouldReturnStretch" computerName="DKSR-EFI-04" duration="00:00:00.0540836" startTime="2023-12-22T09:32:10.4121172+01:00" endTime="2023-12-22T09:32:10.4589929+01:00" testType="13cdc9d9-ddb5-4fa4-a97d-d965ccfc6d4b" outcome="Passed" testListId="8c84fa94-04c1-424b-9868-57a2d4851a1d" relativeResultsDirectory="f15a185d-c709-4d18-896d-7efbeb09529b" />
    <UnitTestResult executionId="0b599d53-5299-472d-82b9-1a552426ef3f" testId="fab46ad7-8ee8-a3d6-c3c7-34529a193d33" testName="WhenImageViewerAddonIsClosedItShouldFireClosedEvent" computerName="DKSR-EFI-04" duration="00:00:00.1240904" startTime="2023-12-22T09:32:13.3808773+01:00" endTime="2023-12-22T09:32:13.5058777+01:00" testType="13cdc9d9-ddb5-4fa4-a97d-d965ccfc6d4b" outcome="Passed" testListId="8c84fa94-04c1-424b-9868-57a2d4851a1d" relativeResultsDirectory="0b599d53-5299-472d-82b9-1a552426ef3f" />
    <UnitTestResult executionId="cea217cc-dfcc-461b-84f5-0b27debf3841" testId="d90ea5ef-be71-9ebf-24a9-82c434383627" testName="WhenGetByImportanceCalledItShouldReturnImage (Auxiliar1,auxiliar1-icon)" computerName="DKSR-EFI-04" duration="00:00:00.0000303" startTime="2023-12-22T09:32:13.2402516+01:00" endTime="2023-12-22T09:32:13.2402516+01:00" testType="13cdc9d9-ddb5-4fa4-a97d-d965ccfc6d4b" outcome="Passed" testListId="8c84fa94-04c1-424b-9868-57a2d4851a1d" relativeResultsDirectory="cea217cc-dfcc-461b-84f5-0b27debf3841" />
    <UnitTestResult executionId="9ccfd2ad-dfb8-457d-ba48-09d992694711" testId="4d939719-dce6-f155-97f2-33507c3a5453" testName="WhenCreatedWithValuesItShouldHaveEditDialogTitleAndspecifiedValues" computerName="DKSR-EFI-04" duration="00:00:00.0016431" startTime="2023-12-22T09:32:13.7246295+01:00" endTime="2023-12-22T09:32:13.7246295+01:00" testType="13cdc9d9-ddb5-4fa4-a97d-d965ccfc6d4b" outcome="Passed" testListId="8c84fa94-04c1-424b-9868-57a2d4851a1d" relativeResultsDirectory="9ccfd2ad-dfb8-457d-ba48-09d992694711" />
    <UnitTestResult executionId="8a4ad09e-ab7e-47bb-bde4-75fab0d2affd" testId="b9c2ee47-4ca1-58cd-8d62-3416cde8c546" testName="WhenStickyNoteIsExpandedAndViewIsNarrowItShouldShowOnlyMessage (more than 100 one hundred characters here -----------------------------------------------------------)" computerName="DKSR-EFI-04" duration="00:00:00.0002407" startTime="2023-12-22T09:32:14.2402553+01:00" endTime="2023-12-22T09:32:14.2402553+01:00" testType="13cdc9d9-ddb5-4fa4-a97d-d965ccfc6d4b" outcome="Passed" testListId="8c84fa94-04c1-424b-9868-57a2d4851a1d" relativeResultsDirectory="8a4ad09e-ab7e-47bb-bde4-75fab0d2affd" />
    <UnitTestResult executionId="13a4e96a-f9f2-4aa8-a027-5aca8e527769" testId="5dc6e21f-3c8a-b025-59fe-fb21367002c6" testName="WhenEditButtonIsPressedTheMethodToEditTheNoteShouldBecalled" computerName="DKSR-EFI-04" duration="00:00:00.0032067" startTime="2023-12-22T09:32:14.2246307+01:00" endTime="2023-12-22T09:32:14.2246307+01:00" testType="13cdc9d9-ddb5-4fa4-a97d-d965ccfc6d4b" outcome="Passed" testListId="8c84fa94-04c1-424b-9868-57a2d4851a1d" relativeResultsDirectory="13a4e96a-f9f2-4aa8-a027-5aca8e527769" />
    <UnitTestResult executionId="1df41c23-9a81-49d7-818e-c90abd1fc39a" testId="a606f53f-c98f-ea7b-ceb8-a16e65ceec7e" testName="WhenRemoveStickyNoteIsCalledItShouldRemoveTheStickyNote" computerName="DKSR-EFI-04" duration="00:00:00.0098726" startTime="2023-12-22T09:32:14.3340060+01:00" endTime="2023-12-22T09:32:14.3496317+01:00" testType="13cdc9d9-ddb5-4fa4-a97d-d965ccfc6d4b" outcome="Passed" testListId="8c84fa94-04c1-424b-9868-57a2d4851a1d" relativeResultsDirectory="1df41c23-9a81-49d7-818e-c90abd1fc39a" />
    <UnitTestResult executionId="a49e8c94-4d25-4aa8-bd68-6490a8ba08aa" testId="29abc3e1-df75-6cb0-0fff-ec2976aada1e" testName="WhenShowingEditDialogItShouldUseEditDialogViewModel" computerName="DKSR-EFI-04" duration="00:00:00.0714509" startTime="2023-12-22T09:32:13.3183782+01:00" endTime="2023-12-22T09:32:13.3808773+01:00" testType="13cdc9d9-ddb5-4fa4-a97d-d965ccfc6d4b" outcome="Passed" testListId="8c84fa94-04c1-424b-9868-57a2d4851a1d" relativeResultsDirectory="a49e8c94-4d25-4aa8-bd68-6490a8ba08aa" />
    <UnitTestResult executionId="4f06eda1-e0cf-4ac7-9901-e2ad46ab1bd8" testId="97b7cf31-106f-32ee-b47d-cede1d94b4f9" testName="WhenImageAddonViewerChangesToACameraWithoutStickyNoteItShouldRemoveTheStickyNote" computerName="DKSR-EFI-04" duration="00:00:00.0089305" startTime="2023-12-22T09:32:13.6308796+01:00" endTime="2023-12-22T09:32:13.6465040+01:00" testType="13cdc9d9-ddb5-4fa4-a97d-d965ccfc6d4b" outcome="Passed" testListId="8c84fa94-04c1-424b-9868-57a2d4851a1d" relativeResultsDirectory="4f06eda1-e0cf-4ac7-9901-e2ad46ab1bd8" />
    <UnitTestResult executionId="a0146490-5d56-44fc-9a8e-e61401cf8da4" testId="fa53b91c-ae03-9e15-e83e-3035c4dc2921" testName="WhenExpandShrinkComandIsReceivedForFirstTimeItShouldBeMinimized" computerName="DKSR-EFI-04" duration="00:00:00.0027539" startTime="2023-12-22T09:32:14.2246307+01:00" endTime="2023-12-22T09:32:14.2246307+01:00" testType="13cdc9d9-ddb5-4fa4-a97d-d965ccfc6d4b" outcome="Passed" testListId="8c84fa94-04c1-424b-9868-57a2d4851a1d" relativeResultsDirectory="a0146490-5d56-44fc-9a8e-e61401cf8da4" />
    <UnitTestResult executionId="97719e6b-193a-4c0d-883d-a53ac97daa3b" testId="1173e4eb-a119-acb2-0ded-1c7b62685ecf" testName="WhenStickyNoteIsExpandedAndViewIsNarrowItShouldShowOnlyMessage (more than 150 one hundred fifty characters here -------------------------------------------------------------------------------------------------------)" computerName="DKSR-EFI-04" duration="00:00:00.0002240" startTime="2023-12-22T09:32:14.2402553+01:00" endTime="2023-12-22T09:32:14.2402553+01:00" testType="13cdc9d9-ddb5-4fa4-a97d-d965ccfc6d4b" outcome="Passed" testListId="8c84fa94-04c1-424b-9868-57a2d4851a1d" relativeResultsDirectory="97719e6b-193a-4c0d-883d-a53ac97daa3b" />
    <UnitTestResult executionId="1ee513d9-fb3c-49c9-b88a-8573db79dbbe" testId="9e0c26c5-8b72-b03d-81db-f189b828bd92" testName="WhenCreatedByDefaultItShouldHaveAddDialogTitleAndDefaultValues" computerName="DKSR-EFI-04" duration="00:00:00.0077696" startTime="2023-12-22T09:32:13.6777552+01:00" endTime="2023-12-22T09:32:13.6933783+01:00" testType="13cdc9d9-ddb5-4fa4-a97d-d965ccfc6d4b" outcome="Passed" testListId="8c84fa94-04c1-424b-9868-57a2d4851a1d" relativeResultsDirectory="1ee513d9-fb3c-49c9-b88a-8573db79dbbe" />
  </Results>
  <TestDefinitions>
    <UnitTest name="WhenInitializedItShouldBeOnlyForAllowed" storage="d:\actions-runner\_work\xpco\xpco\addons\plugins\stickynotes\tst\videoos.plugins.stickynotes.sc.unittests\bin\x64\debug\net472\videoos.plugins.stickynotes.sc.unittests.dll" id="82ae758c-f2f1-73f9-a1ca-a919c4a528a0">
      <Execution id="11f2a8af-393b-49c4-ac18-62f42cf4bea4" />
      <TestMethod codeBase="D:\actions-runner\_work\XPCO\XPCO\AddOns\Plugins\StickyNotes\tst\VideoOS.Plugins.StickyNotes.SC.UnitTests\bin\x64\Debug\net472\VideoOS.Plugins.StickyNotes.SC.UnitTests.dll" adapterTypeName="executor://mstestadapter/v2" className="VideoOS.Plugins.StickyNotes.SC.Test.ToolBarStickyNotesPluginTest" name="WhenInitializedItShouldBeOnlyForAllowed" />
    </UnitTest>
    <UnitTest name="WhenSettingItemItShouldSetProperty" storage="d:\actions-runner\_work\xpco\xpco\addons\plugins\stickynotes\tst\videoos.plugins.stickynotes.sc.unittests\bin\x64\debug\net472\videoos.plugins.stickynotes.sc.unittests.dll" id="29f46b29-bd47-50ee-a28a-5a37ecf65f91">
      <Execution id="c32b4251-8485-4356-8b02-5d75748896fd" />
      <TestMethod codeBase="D:\actions-runner\_work\XPCO\XPCO\AddOns\Plugins\StickyNotes\tst\VideoOS.Plugins.StickyNotes.SC.UnitTests\bin\x64\Debug\net472\VideoOS.Plugins.StickyNotes.SC.UnitTests.dll" adapterTypeName="executor://mstestadapter/v2" className="VideoOS.Plugins.StickyNotes.SC.UnitTests.StickyNoteViewModelTests" name="WhenSettingItemItShouldSetProperty" />
    </UnitTest>
    <UnitTest name="WhenNewImageViewerIsCreatedItShouldOnlyBeAddedIfItsInSupportedTypes (CarouselViewItem,False)" storage="d:\actions-runner\_work\xpco\xpco\addons\plugins\stickynotes\tst\videoos.plugins.stickynotes.sc.unittests\bin\x64\debug\net472\videoos.plugins.stickynotes.sc.unittests.dll" id="2c05eeae-bbff-92b1-77a7-96f3f87011f2">
      <Execution id="74f2bfff-5543-446c-97fa-ddcc795bb579" />
      <TestMethod codeBase="D:\actions-runner\_work\XPCO\XPCO\AddOns\Plugins\StickyNotes\tst\VideoOS.Plugins.StickyNotes.SC.UnitTests\bin\x64\Debug\net472\VideoOS.Plugins.StickyNotes.SC.UnitTests.dll" adapterTypeName="executor://mstestadapter/v2" className="VideoOS.Plugins.StickyNotes.SC.UnitTests.StickyNoteViewsHandlerTests" name="WhenNewImageViewerIsCreatedItShouldOnlyBeAddedIfItsInSupportedTypes" />
    </UnitTest>
    <UnitTest name="WhenCreatedWithValuesItShouldHaveAddDialogTitleAndSpecificValues" storage="d:\actions-runner\_work\xpco\xpco\addons\plugins\stickynotes\tst\videoos.plugins.stickynotes.sc.unittests\bin\x64\debug\net472\videoos.plugins.stickynotes.sc.unittests.dll" id="34a11ce4-a558-5634-166a-165ebb4ab698">
      <Execution id="d77eb773-f4ed-44e7-8fc4-62da46ed72c9" />
      <TestMethod codeBase="D:\actions-runner\_work\XPCO\XPCO\AddOns\Plugins\StickyNotes\tst\VideoOS.Plugins.StickyNotes.SC.UnitTests\bin\x64\Debug\net472\VideoOS.Plugins.StickyNotes.SC.UnitTests.dll" adapterTypeName="executor://mstestadapter/v2" className="VideoOS.Plugins.StickyNotes.SC.UnitTests.StickyNotesAddDialogViewModelTests" name="WhenCreatedWithValuesItShouldHaveAddDialogTitleAndSpecificValues" />
    </UnitTest>
    <UnitTest name="WhenNewImageViewerIsCreatedItShouldOnlyBeAddedIfItsInSupportedTypes (CameraViewItem,True)" storage="d:\actions-runner\_work\xpco\xpco\addons\plugins\stickynotes\tst\videoos.plugins.stickynotes.sc.unittests\bin\x64\debug\net472\videoos.plugins.stickynotes.sc.unittests.dll" id="648033e3-a16f-f256-b05a-5e01ff64c346">
      <Execution id="5c2e5492-3f93-46ff-9220-47c836f0bae4" />
      <TestMethod codeBase="D:\actions-runner\_work\XPCO\XPCO\AddOns\Plugins\StickyNotes\tst\VideoOS.Plugins.StickyNotes.SC.UnitTests\bin\x64\Debug\net472\VideoOS.Plugins.StickyNotes.SC.UnitTests.dll" adapterTypeName="executor://mstestadapter/v2" className="VideoOS.Plugins.StickyNotes.SC.UnitTests.StickyNoteViewsHandlerTests" name="WhenNewImageViewerIsCreatedItShouldOnlyBeAddedIfItsInSupportedTypes" />
    </UnitTest>
    <UnitTest name="WhenRoleIsNotAllowedToWriteCanWriteAndCanSaveShouldBeFalse" storage="d:\actions-runner\_work\xpco\xpco\addons\plugins\stickynotes\tst\videoos.plugins.stickynotes.sc.unittests\bin\x64\debug\net472\videoos.plugins.stickynotes.sc.unittests.dll" id="6419c29f-f522-6319-ea92-401a02167ef5">
      <Execution id="01d2b2c6-03e2-4e0c-ac4f-fa80179ad078" />
      <TestMethod codeBase="D:\actions-runner\_work\XPCO\XPCO\AddOns\Plugins\StickyNotes\tst\VideoOS.Plugins.StickyNotes.SC.UnitTests\bin\x64\Debug\net472\VideoOS.Plugins.StickyNotes.SC.UnitTests.dll" adapterTypeName="executor://mstestadapter/v2" className="VideoOS.Plugins.StickyNotes.SC.UnitTests.StickyNotesEditDialogViewModelTests" name="WhenRoleIsNotAllowedToWriteCanWriteAndCanSaveShouldBeFalse" />
    </UnitTest>
    <UnitTest name="WhenSetStickyNoteIsCalledItShouldSetTheStickyNote" storage="d:\actions-runner\_work\xpco\xpco\addons\plugins\stickynotes\tst\videoos.plugins.stickynotes.sc.unittests\bin\x64\debug\net472\videoos.plugins.stickynotes.sc.unittests.dll" id="ae82c7d4-c654-11ae-fea8-53b44bb80f4f">
      <Execution id="e23fc88b-3553-4c73-a086-bf3dfe97059e" />
      <TestMethod codeBase="D:\actions-runner\_work\XPCO\XPCO\AddOns\Plugins\StickyNotes\tst\VideoOS.Plugins.StickyNotes.SC.UnitTests\bin\x64\Debug\net472\VideoOS.Plugins.StickyNotes.SC.UnitTests.dll" adapterTypeName="executor://mstestadapter/v2" className="VideoOS.Plugins.StickyNotes.SC.UnitTests.StickyNoteViewsHandlerTests" name="WhenSetStickyNoteIsCalledItShouldSetTheStickyNote" />
    </UnitTest>
    <UnitTest name="WhenShowingAddDialogItShouldUseAddDialogViewModel" storage="d:\actions-runner\_work\xpco\xpco\addons\plugins\stickynotes\tst\videoos.plugins.stickynotes.sc.unittests\bin\x64\debug\net472\videoos.plugins.stickynotes.sc.unittests.dll" id="731b0e0b-41f5-15d6-381a-da42ec5c1e8a">
      <Execution id="7d026ea2-d9f9-408b-99c9-b37ada5c172b" />
      <TestMethod codeBase="D:\actions-runner\_work\XPCO\XPCO\AddOns\Plugins\StickyNotes\tst\VideoOS.Plugins.StickyNotes.SC.UnitTests\bin\x64\Debug\net472\VideoOS.Plugins.StickyNotes.SC.UnitTests.dll" adapterTypeName="executor://mstestadapter/v2" className="VideoOS.Plugins.StickyNotes.SC.UnitTests.StickyNoteDialogProviderTests" name="WhenShowingAddDialogItShouldUseAddDialogViewModel" />
    </UnitTest>
    <UnitTest name="WhenDeviceHasStickyNoteHasStickyNoteShouldReturnTrue" storage="d:\actions-runner\_work\xpco\xpco\addons\plugins\stickynotes\tst\videoos.plugins.stickynotes.sc.unittests\bin\x64\debug\net472\videoos.plugins.stickynotes.sc.unittests.dll" id="9468a81f-1626-7994-6b3f-d53664f81a0e">
      <Execution id="b70f8f0f-9e81-4287-a0f5-d7a73926e3aa" />
      <TestMethod codeBase="D:\actions-runner\_work\XPCO\XPCO\AddOns\Plugins\StickyNotes\tst\VideoOS.Plugins.StickyNotes.SC.UnitTests\bin\x64\Debug\net472\VideoOS.Plugins.StickyNotes.SC.UnitTests.dll" adapterTypeName="executor://mstestadapter/v2" className="VideoOS.Plugins.StickyNotes.SC.Test.ToolBarStickyNotesPluginInstanceTest" name="WhenDeviceHasStickyNoteHasStickyNoteShouldReturnTrue" />
    </UnitTest>
    <UnitTest name="WhenRoleIsAllowedToWriteAndMessageIsNotEmptyCanWriteAndCanSaveShouldBeTrue" storage="d:\actions-runner\_work\xpco\xpco\addons\plugins\stickynotes\tst\videoos.plugins.stickynotes.sc.unittests\bin\x64\debug\net472\videoos.plugins.stickynotes.sc.unittests.dll" id="e7ba3aa3-6398-cc16-982e-6eefec72ec16">
      <Execution id="0c146563-19be-4b2c-8a7d-b464472a7375" />
      <TestMethod codeBase="D:\actions-runner\_work\XPCO\XPCO\AddOns\Plugins\StickyNotes\tst\VideoOS.Plugins.StickyNotes.SC.UnitTests\bin\x64\Debug\net472\VideoOS.Plugins.StickyNotes.SC.UnitTests.dll" adapterTypeName="executor://mstestadapter/v2" className="VideoOS.Plugins.StickyNotes.SC.UnitTests.StickyNotesEditDialogViewModelTests" name="WhenRoleIsAllowedToWriteAndMessageIsNotEmptyCanWriteAndCanSaveShouldBeTrue" />
    </UnitTest>
    <UnitTest name="WhenStickyNoteIsAddedHasSickyNoteShouldReturnTrue" storage="d:\actions-runner\_work\xpco\xpco\addons\plugins\stickynotes\tst\videoos.plugins.stickynotes.sc.unittests\bin\x64\debug\net472\videoos.plugins.stickynotes.sc.unittests.dll" id="0e128f74-121f-e1a5-3d81-ae9a201a88ac">
      <Execution id="5be2588c-ec75-4cf8-965d-a69f6e1def90" />
      <TestMethod codeBase="D:\actions-runner\_work\XPCO\XPCO\AddOns\Plugins\StickyNotes\tst\VideoOS.Plugins.StickyNotes.SC.UnitTests\bin\x64\Debug\net472\VideoOS.Plugins.StickyNotes.SC.UnitTests.dll" adapterTypeName="executor://mstestadapter/v2" className="VideoOS.Plugins.StickyNotes.SC.Test.ToolBarStickyNotesPluginInstanceTest" name="WhenStickyNoteIsAddedHasSickyNoteShouldReturnTrue" />
    </UnitTest>
    <UnitTest name="WhenRemoveStickyNoteIsCalledItShouldRemoveTheStickyNote" storage="d:\actions-runner\_work\xpco\xpco\addons\plugins\stickynotes\tst\videoos.plugins.stickynotes.sc.unittests\bin\x64\debug\net472\videoos.plugins.stickynotes.sc.unittests.dll" id="a606f53f-c98f-ea7b-ceb8-a16e65ceec7e">
      <Execution id="1df41c23-9a81-49d7-818e-c90abd1fc39a" />
      <TestMethod codeBase="D:\actions-runner\_work\XPCO\XPCO\AddOns\Plugins\StickyNotes\tst\VideoOS.Plugins.StickyNotes.SC.UnitTests\bin\x64\Debug\net472\VideoOS.Plugins.StickyNotes.SC.UnitTests.dll" adapterTypeName="executor://mstestadapter/v2" className="VideoOS.Plugins.StickyNotes.SC.UnitTests.StickyNoteViewsHandlerTests" name="WhenRemoveStickyNoteIsCalledItShouldRemoveTheStickyNote" />
    </UnitTest>
    <UnitTest name="WhenShowingEditDialogItShouldUseEditDialogViewModel" storage="d:\actions-runner\_work\xpco\xpco\addons\plugins\stickynotes\tst\videoos.plugins.stickynotes.sc.unittests\bin\x64\debug\net472\videoos.plugins.stickynotes.sc.unittests.dll" id="29abc3e1-df75-6cb0-0fff-ec2976aada1e">
      <Execution id="a49e8c94-4d25-4aa8-bd68-6490a8ba08aa" />
      <TestMethod codeBase="D:\actions-runner\_work\XPCO\XPCO\AddOns\Plugins\StickyNotes\tst\VideoOS.Plugins.StickyNotes.SC.UnitTests\bin\x64\Debug\net472\VideoOS.Plugins.StickyNotes.SC.UnitTests.dll" adapterTypeName="executor://mstestadapter/v2" className="VideoOS.Plugins.StickyNotes.SC.UnitTests.StickyNoteDialogProviderTests" name="WhenShowingEditDialogItShouldUseEditDialogViewModel" />
    </UnitTest>
    <UnitTest name="WhenImageAddonViewerChangesToACameraWithoutStickyNoteItShouldRemoveTheStickyNote" storage="d:\actions-runner\_work\xpco\xpco\addons\plugins\stickynotes\tst\videoos.plugins.stickynotes.sc.unittests\bin\x64\debug\net472\videoos.plugins.stickynotes.sc.unittests.dll" id="97b7cf31-106f-32ee-b47d-cede1d94b4f9">
      <Execution id="4f06eda1-e0cf-4ac7-9901-e2ad46ab1bd8" />
      <TestMethod codeBase="D:\actions-runner\_work\XPCO\XPCO\AddOns\Plugins\StickyNotes\tst\VideoOS.Plugins.StickyNotes.SC.UnitTests\bin\x64\Debug\net472\VideoOS.Plugins.StickyNotes.SC.UnitTests.dll" adapterTypeName="executor://mstestadapter/v2" className="VideoOS.Plugins.StickyNotes.SC.UnitTests.StickyNoteImageViewerTests" name="WhenImageAddonViewerChangesToACameraWithoutStickyNoteItShouldRemoveTheStickyNote" />
    </UnitTest>
    <UnitTest name="WhenExpandShrinkComandIsReceivedForFirstTimeItShouldBeMinimized" storage="d:\actions-runner\_work\xpco\xpco\addons\plugins\stickynotes\tst\videoos.plugins.stickynotes.sc.unittests\bin\x64\debug\net472\videoos.plugins.stickynotes.sc.unittests.dll" id="fa53b91c-ae03-9e15-e83e-3035c4dc2921">
      <Execution id="a0146490-5d56-44fc-9a8e-e61401cf8da4" />
      <TestMethod codeBase="D:\actions-runner\_work\XPCO\XPCO\AddOns\Plugins\StickyNotes\tst\VideoOS.Plugins.StickyNotes.SC.UnitTests\bin\x64\Debug\net472\VideoOS.Plugins.StickyNotes.SC.UnitTests.dll" adapterTypeName="executor://mstestadapter/v2" className="VideoOS.Plugins.StickyNotes.SC.UnitTests.StickyNoteViewModelTests" name="WhenExpandShrinkComandIsReceivedForFirstTimeItShouldBeMinimized" />
    </UnitTest>
    <UnitTest name="WhenStickyNoteIsDeletedItShouldTrackWithTelemetry" storage="d:\actions-runner\_work\xpco\xpco\addons\plugins\stickynotes\tst\videoos.plugins.stickynotes.sc.unittests\bin\x64\debug\net472\videoos.plugins.stickynotes.sc.unittests.dll" id="8a950650-4fb8-eb3e-19b9-dec5aa754020">
      <Execution id="d926a331-e289-42b6-aa62-2c2f2ed12cf9" />
      <TestMethod codeBase="D:\actions-runner\_work\XPCO\XPCO\AddOns\Plugins\StickyNotes\tst\VideoOS.Plugins.StickyNotes.SC.UnitTests\bin\x64\Debug\net472\VideoOS.Plugins.StickyNotes.SC.UnitTests.dll" adapterTypeName="executor://mstestadapter/v2" className="VideoOS.Plugins.StickyNotes.SC.UnitTests.StickyNotesEditDialogViewModelTests" name="WhenStickyNoteIsDeletedItShouldTrackWithTelemetry" />
    </UnitTest>
    <UnitTest name="WhenStickyNoteIsExpandedAndViewIsNarrowItShouldShowOnlyMessage (more than 10 fifty characters here ----------------)" storage="d:\actions-runner\_work\xpco\xpco\addons\plugins\stickynotes\tst\videoos.plugins.stickynotes.sc.unittests\bin\x64\debug\net472\videoos.plugins.stickynotes.sc.unittests.dll" id="b7146973-5b35-55e3-9385-7a4e26e9ef72">
      <Execution id="cc929b9e-acfe-42c4-9cd5-ee56f0eb69a8" />
      <TestMethod codeBase="D:\actions-runner\_work\XPCO\XPCO\AddOns\Plugins\StickyNotes\tst\VideoOS.Plugins.StickyNotes.SC.UnitTests\bin\x64\Debug\net472\VideoOS.Plugins.StickyNotes.SC.UnitTests.dll" adapterTypeName="executor://mstestadapter/v2" className="VideoOS.Plugins.StickyNotes.SC.UnitTests.StickyNoteViewModelTests" name="WhenStickyNoteIsExpandedAndViewIsNarrowItShouldShowOnlyMessage" />
    </UnitTest>
    <UnitTest name="WhenCreatedByDefaultItShouldHaveAddDialogTitleAndDefaultValues" storage="d:\actions-runner\_work\xpco\xpco\addons\plugins\stickynotes\tst\videoos.plugins.stickynotes.sc.unittests\bin\x64\debug\net472\videoos.plugins.stickynotes.sc.unittests.dll" id="9e0c26c5-8b72-b03d-81db-f189b828bd92">
      <Execution id="1ee513d9-fb3c-49c9-b88a-8573db79dbbe" />
      <TestMethod codeBase="D:\actions-runner\_work\XPCO\XPCO\AddOns\Plugins\StickyNotes\tst\VideoOS.Plugins.StickyNotes.SC.UnitTests\bin\x64\Debug\net472\VideoOS.Plugins.StickyNotes.SC.UnitTests.dll" adapterTypeName="executor://mstestadapter/v2" className="VideoOS.Plugins.StickyNotes.SC.UnitTests.StickyNotesAddDialogViewModelTests" name="WhenCreatedByDefaultItShouldHaveAddDialogTitleAndDefaultValues" />
    </UnitTest>
    <UnitTest name="WhenStickyNoteIsExpandedAndViewIsWideEnoughItShouldShowFullStickyNoteContents" storage="d:\actions-runner\_work\xpco\xpco\addons\plugins\stickynotes\tst\videoos.plugins.stickynotes.sc.unittests\bin\x64\debug\net472\videoos.plugins.stickynotes.sc.unittests.dll" id="89520011-d427-93e5-666c-2d51c53e914b">
      <Execution id="601b79cb-59c2-46d5-8143-db31861d38b5" />
      <TestMethod codeBase="D:\actions-runner\_work\XPCO\XPCO\AddOns\Plugins\StickyNotes\tst\VideoOS.Plugins.StickyNotes.SC.UnitTests\bin\x64\Debug\net472\VideoOS.Plugins.StickyNotes.SC.UnitTests.dll" adapterTypeName="executor://mstestadapter/v2" className="VideoOS.Plugins.StickyNotes.SC.UnitTests.StickyNoteViewModelTests" name="WhenStickyNoteIsExpandedAndViewIsWideEnoughItShouldShowFullStickyNoteContents" />
    </UnitTest>
    <UnitTest name="WhenStickyNoteIsSetItShouldCallImageViewerAddonAddOverlay" storage="d:\actions-runner\_work\xpco\xpco\addons\plugins\stickynotes\tst\videoos.plugins.stickynotes.sc.unittests\bin\x64\debug\net472\videoos.plugins.stickynotes.sc.unittests.dll" id="031b110d-64d6-79e8-6a88-6180f82cf79c">
      <Execution id="04959b3c-81d1-4ea9-a319-edf22f082dee" />
      <TestMethod codeBase="D:\actions-runner\_work\XPCO\XPCO\AddOns\Plugins\StickyNotes\tst\VideoOS.Plugins.StickyNotes.SC.UnitTests\bin\x64\Debug\net472\VideoOS.Plugins.StickyNotes.SC.UnitTests.dll" adapterTypeName="executor://mstestadapter/v2" className="VideoOS.Plugins.StickyNotes.SC.UnitTests.StickyNoteImageViewerTests" name="WhenStickyNoteIsSetItShouldCallImageViewerAddonAddOverlay" />
    </UnitTest>
    <UnitTest name="WhenGettingDialogUserControlItShouldReturnStickyNoteDialogUserControlType" storage="d:\actions-runner\_work\xpco\xpco\addons\plugins\stickynotes\tst\videoos.plugins.stickynotes.sc.unittests\bin\x64\debug\net472\videoos.plugins.stickynotes.sc.unittests.dll" id="1e2be52f-2286-4abf-2b1e-3bdcb6bfbaaa">
      <Execution id="00911a38-cd30-4717-a453-05acbf2f2260" />
      <TestMethod codeBase="D:\actions-runner\_work\XPCO\XPCO\AddOns\Plugins\StickyNotes\tst\VideoOS.Plugins.StickyNotes.SC.UnitTests\bin\x64\Debug\net472\VideoOS.Plugins.StickyNotes.SC.UnitTests.dll" adapterTypeName="executor://mstestadapter/v2" className="VideoOS.Plugins.StickyNotes.SC.UnitTests.DialogUserControlProviderTests" name="WhenGettingDialogUserControlItShouldReturnStickyNoteDialogUserControlType" />
    </UnitTest>
    <UnitTest name="WhenExpandShrinkComandIsReceivedForSecondTimeItShouldBeMaximized" storage="d:\actions-runner\_work\xpco\xpco\addons\plugins\stickynotes\tst\videoos.plugins.stickynotes.sc.unittests\bin\x64\debug\net472\videoos.plugins.stickynotes.sc.unittests.dll" id="75fe6ae8-d6a2-1975-f977-c4f5d796a3a1">
      <Execution id="9757875c-ce32-42dd-99e1-fcdddf64e4a8" />
      <TestMethod codeBase="D:\actions-runner\_work\XPCO\XPCO\AddOns\Plugins\StickyNotes\tst\VideoOS.Plugins.StickyNotes.SC.UnitTests\bin\x64\Debug\net472\VideoOS.Plugins.StickyNotes.SC.UnitTests.dll" adapterTypeName="executor://mstestadapter/v2" className="VideoOS.Plugins.StickyNotes.SC.UnitTests.StickyNoteViewModelTests" name="WhenExpandShrinkComandIsReceivedForSecondTimeItShouldBeMaximized" />
    </UnitTest>
    <UnitTest name="WhenImageAddonViewerChangesToACameraWithStickyNoteFromAnotherStickyNoteItShouldUpdateIt" storage="d:\actions-runner\_work\xpco\xpco\addons\plugins\stickynotes\tst\videoos.plugins.stickynotes.sc.unittests\bin\x64\debug\net472\videoos.plugins.stickynotes.sc.unittests.dll" id="8da2c1c6-4304-ff8d-a0d9-77a4b0b2f634">
      <Execution id="414333b1-ac65-45d4-916c-175b6ad5c00c" />
      <TestMethod codeBase="D:\actions-runner\_work\XPCO\XPCO\AddOns\Plugins\StickyNotes\tst\VideoOS.Plugins.StickyNotes.SC.UnitTests\bin\x64\Debug\net472\VideoOS.Plugins.StickyNotes.SC.UnitTests.dll" adapterTypeName="executor://mstestadapter/v2" className="VideoOS.Plugins.StickyNotes.SC.UnitTests.StickyNoteImageViewerTests" name="WhenImageAddonViewerChangesToACameraWithStickyNoteFromAnotherStickyNoteItShouldUpdateIt" />
    </UnitTest>
    <UnitTest name="WhenTheDeviceHasStickyNoteItShowNotShowDialogWhenActivateIsCalled" storage="d:\actions-runner\_work\xpco\xpco\addons\plugins\stickynotes\tst\videoos.plugins.stickynotes.sc.unittests\bin\x64\debug\net472\videoos.plugins.stickynotes.sc.unittests.dll" id="7b4f90d6-435b-58cb-96b2-e7087be114f5">
      <Execution id="d0c57737-e71d-4811-a601-ba972dd66404" />
      <TestMethod codeBase="D:\actions-runner\_work\XPCO\XPCO\AddOns\Plugins\StickyNotes\tst\VideoOS.Plugins.StickyNotes.SC.UnitTests\bin\x64\Debug\net472\VideoOS.Plugins.StickyNotes.SC.UnitTests.dll" adapterTypeName="executor://mstestadapter/v2" className="VideoOS.Plugins.StickyNotes.SC.Test.ToolBarStickyNotesPluginInstanceTest" name="WhenTheDeviceHasStickyNoteItShowNotShowDialogWhenActivateIsCalled" />
    </UnitTest>
    <UnitTest name="WhenConvertingFalseItShouldReturnLeft" storage="d:\actions-runner\_work\xpco\xpco\addons\plugins\stickynotes\tst\videoos.plugins.stickynotes.sc.unittests\bin\x64\debug\net472\videoos.plugins.stickynotes.sc.unittests.dll" id="53c6d63b-5e90-f9bc-534a-4e8e913f658e">
      <Execution id="a25c291d-ab73-47f2-abac-adc494c3e844" />
      <TestMethod codeBase="D:\actions-runner\_work\XPCO\XPCO\AddOns\Plugins\StickyNotes\tst\VideoOS.Plugins.StickyNotes.SC.UnitTests\bin\x64\Debug\net472\VideoOS.Plugins.StickyNotes.SC.UnitTests.dll" adapterTypeName="executor://mstestadapter/v2" className="VideoOS.Plugins.StickyNotes.SC.UnitTests.BoolToHorizontalAlignmentConverterTests" name="WhenConvertingFalseItShouldReturnLeft" />
    </UnitTest>
    <UnitTest name="WhenStickyNoteIsExpandedAndViewIsNarrowItShouldShowOnlyMessage (more than 100 one hundred characters here -----------------------------------------------------------)" storage="d:\actions-runner\_work\xpco\xpco\addons\plugins\stickynotes\tst\videoos.plugins.stickynotes.sc.unittests\bin\x64\debug\net472\videoos.plugins.stickynotes.sc.unittests.dll" id="b9c2ee47-4ca1-58cd-8d62-3416cde8c546">
      <Execution id="8a4ad09e-ab7e-47bb-bde4-75fab0d2affd" />
      <TestMethod codeBase="D:\actions-runner\_work\XPCO\XPCO\AddOns\Plugins\StickyNotes\tst\VideoOS.Plugins.StickyNotes.SC.UnitTests\bin\x64\Debug\net472\VideoOS.Plugins.StickyNotes.SC.UnitTests.dll" adapterTypeName="executor://mstestadapter/v2" className="VideoOS.Plugins.StickyNotes.SC.UnitTests.StickyNoteViewModelTests" name="WhenStickyNoteIsExpandedAndViewIsNarrowItShouldShowOnlyMessage" />
    </UnitTest>
    <UnitTest name="WhenGetByImportanceCalledItShouldReturnImage (Auxiliar1,auxiliar1-icon)" storage="d:\actions-runner\_work\xpco\xpco\addons\plugins\stickynotes\tst\videoos.plugins.stickynotes.sc.unittests\bin\x64\debug\net472\videoos.plugins.stickynotes.sc.unittests.dll" id="d90ea5ef-be71-9ebf-24a9-82c434383627">
      <Execution id="cea217cc-dfcc-461b-84f5-0b27debf3841" />
      <TestMethod codeBase="D:\actions-runner\_work\XPCO\XPCO\AddOns\Plugins\StickyNotes\tst\VideoOS.Plugins.StickyNotes.SC.UnitTests\bin\x64\Debug\net472\VideoOS.Plugins.StickyNotes.SC.UnitTests.dll" adapterTypeName="executor://mstestadapter/v2" className="VideoOS.Plugins.StickyNotes.SC.UnitTests.ImportanceImageProviderTests" name="WhenGetByImportanceCalledItShouldReturnImage" />
    </UnitTest>
    <UnitTest name="WhenPluginIsClosedWithoutInitializationItShouldNotCrash" storage="d:\actions-runner\_work\xpco\xpco\addons\plugins\stickynotes\tst\videoos.plugins.stickynotes.sc.unittests\bin\x64\debug\net472\videoos.plugins.stickynotes.sc.unittests.dll" id="c5976ee8-aa22-9698-dc7f-6c2b197fef2f">
      <Execution id="2987f104-c3d4-428d-ba84-39b22e94cce9" />
      <TestMethod codeBase="D:\actions-runner\_work\XPCO\XPCO\AddOns\Plugins\StickyNotes\tst\VideoOS.Plugins.StickyNotes.SC.UnitTests\bin\x64\Debug\net472\VideoOS.Plugins.StickyNotes.SC.UnitTests.dll" adapterTypeName="executor://mstestadapter/v2" className="VideoOS.Plugins.StickyNotes.SC.UnitTests.StickyNotesPluginDefinitionTests" name="WhenPluginIsClosedWithoutInitializationItShouldNotCrash" />
    </UnitTest>
    <UnitTest name="WhenEditButtonIsPressedTheMethodToEditTheNoteShouldBecalled" storage="d:\actions-runner\_work\xpco\xpco\addons\plugins\stickynotes\tst\videoos.plugins.stickynotes.sc.unittests\bin\x64\debug\net472\videoos.plugins.stickynotes.sc.unittests.dll" id="5dc6e21f-3c8a-b025-59fe-fb21367002c6">
      <Execution id="13a4e96a-f9f2-4aa8-a027-5aca8e527769" />
      <TestMethod codeBase="D:\actions-runner\_work\XPCO\XPCO\AddOns\Plugins\StickyNotes\tst\VideoOS.Plugins.StickyNotes.SC.UnitTests\bin\x64\Debug\net472\VideoOS.Plugins.StickyNotes.SC.UnitTests.dll" adapterTypeName="executor://mstestadapter/v2" className="VideoOS.Plugins.StickyNotes.SC.UnitTests.StickyNoteViewModelTests" name="WhenEditButtonIsPressedTheMethodToEditTheNoteShouldBecalled" />
    </UnitTest>
    <UnitTest name="WhenTheDeviceDoesntHaveStickyNoteItShouldShowDialogWhenActivateIsCalled" storage="d:\actions-runner\_work\xpco\xpco\addons\plugins\stickynotes\tst\videoos.plugins.stickynotes.sc.unittests\bin\x64\debug\net472\videoos.plugins.stickynotes.sc.unittests.dll" id="7b338e88-2e27-6839-4b4f-7ca54d4a9a6d">
      <Execution id="3e2694e9-1293-4412-97b6-2d801f566330" />
      <TestMethod codeBase="D:\actions-runner\_work\XPCO\XPCO\AddOns\Plugins\StickyNotes\tst\VideoOS.Plugins.StickyNotes.SC.UnitTests\bin\x64\Debug\net472\VideoOS.Plugins.StickyNotes.SC.UnitTests.dll" adapterTypeName="executor://mstestadapter/v2" className="VideoOS.Plugins.StickyNotes.SC.Test.ToolBarStickyNotesPluginInstanceTest" name="WhenTheDeviceDoesntHaveStickyNoteItShouldShowDialogWhenActivateIsCalled" />
    </UnitTest>
    <UnitTest name="WhenTimeZoneScIsChangedItShouldBeUpdatedInLastUpdateSc" storage="d:\actions-runner\_work\xpco\xpco\addons\plugins\stickynotes\tst\videoos.plugins.stickynotes.sc.unittests\bin\x64\debug\net472\videoos.plugins.stickynotes.sc.unittests.dll" id="fc794c79-7dc5-da91-fa0f-2b5e6519dd2d">
      <Execution id="da7d37c7-2a2e-4050-9a0d-3d28d23bbc27" />
      <TestMethod codeBase="D:\actions-runner\_work\XPCO\XPCO\AddOns\Plugins\StickyNotes\tst\VideoOS.Plugins.StickyNotes.SC.UnitTests\bin\x64\Debug\net472\VideoOS.Plugins.StickyNotes.SC.UnitTests.dll" adapterTypeName="executor://mstestadapter/v2" className="VideoOS.Plugins.StickyNotes.SC.UnitTests.StickyNoteViewModelTests" name="WhenTimeZoneScIsChangedItShouldBeUpdatedInLastUpdateSc" />
    </UnitTest>
    <UnitTest name="WhenStickyNoteIsAddedForAnotherDeviceHasStickyNoteShouldReturnFalse" storage="d:\actions-runner\_work\xpco\xpco\addons\plugins\stickynotes\tst\videoos.plugins.stickynotes.sc.unittests\bin\x64\debug\net472\videoos.plugins.stickynotes.sc.unittests.dll" id="affa273d-b7b4-ea58-ac88-bac3d9bb7bc5">
      <Execution id="85514f6c-a4da-41b7-a929-5f6312bc2b55" />
      <TestMethod codeBase="D:\actions-runner\_work\XPCO\XPCO\AddOns\Plugins\StickyNotes\tst\VideoOS.Plugins.StickyNotes.SC.UnitTests\bin\x64\Debug\net472\VideoOS.Plugins.StickyNotes.SC.UnitTests.dll" adapterTypeName="executor://mstestadapter/v2" className="VideoOS.Plugins.StickyNotes.SC.Test.ToolBarStickyNotesPluginInstanceTest" name="WhenStickyNoteIsAddedForAnotherDeviceHasStickyNoteShouldReturnFalse" />
    </UnitTest>
    <UnitTest name="WhenDialogConfirmItShouldSendTelemetryEventWhenThereAreChanges" storage="d:\actions-runner\_work\xpco\xpco\addons\plugins\stickynotes\tst\videoos.plugins.stickynotes.sc.unittests\bin\x64\debug\net472\videoos.plugins.stickynotes.sc.unittests.dll" id="9cbac09f-a3b8-3a0e-4e40-b2ea3de9946b">
      <Execution id="544eba8f-61e2-48a6-92e3-336d62a514d1" />
      <TestMethod codeBase="D:\actions-runner\_work\XPCO\XPCO\AddOns\Plugins\StickyNotes\tst\VideoOS.Plugins.StickyNotes.SC.UnitTests\bin\x64\Debug\net472\VideoOS.Plugins.StickyNotes.SC.UnitTests.dll" adapterTypeName="executor://mstestadapter/v2" className="VideoOS.Plugins.StickyNotes.SC.UnitTests.StickyNotesEditDialogViewModelTests" name="WhenDialogConfirmItShouldSendTelemetryEventWhenThereAreChanges" />
    </UnitTest>
    <UnitTest name="WhenGetByImportanceCalledItShouldReturnImage (Warning,warning-icon)" storage="d:\actions-runner\_work\xpco\xpco\addons\plugins\stickynotes\tst\videoos.plugins.stickynotes.sc.unittests\bin\x64\debug\net472\videoos.plugins.stickynotes.sc.unittests.dll" id="a62332f3-4399-6825-5ff6-c8ef745f9f15">
      <Execution id="f8249c24-e575-4d86-a8b2-64391bdc7280" />
      <TestMethod codeBase="D:\actions-runner\_work\XPCO\XPCO\AddOns\Plugins\StickyNotes\tst\VideoOS.Plugins.StickyNotes.SC.UnitTests\bin\x64\Debug\net472\VideoOS.Plugins.StickyNotes.SC.UnitTests.dll" adapterTypeName="executor://mstestadapter/v2" className="VideoOS.Plugins.StickyNotes.SC.UnitTests.ImportanceImageProviderTests" name="WhenGetByImportanceCalledItShouldReturnImage" />
    </UnitTest>
    <UnitTest name="WhenGetByImportanceCalledItShouldReturnImage (Auxiliar4,auxiliar4-icon)" storage="d:\actions-runner\_work\xpco\xpco\addons\plugins\stickynotes\tst\videoos.plugins.stickynotes.sc.unittests\bin\x64\debug\net472\videoos.plugins.stickynotes.sc.unittests.dll" id="c95e5b2f-a87a-85eb-4f5b-5ae38eeea861">
      <Execution id="86209984-6f5b-4ebd-a863-b8eda8f0286b" />
      <TestMethod codeBase="D:\actions-runner\_work\XPCO\XPCO\AddOns\Plugins\StickyNotes\tst\VideoOS.Plugins.StickyNotes.SC.UnitTests\bin\x64\Debug\net472\VideoOS.Plugins.StickyNotes.SC.UnitTests.dll" adapterTypeName="executor://mstestadapter/v2" className="VideoOS.Plugins.StickyNotes.SC.UnitTests.ImportanceImageProviderTests" name="WhenGetByImportanceCalledItShouldReturnImage" />
    </UnitTest>
    <UnitTest name="WhenGetByImportanceCalledItShouldReturnImage (Auxiliar3,auxiliar3-icon)" storage="d:\actions-runner\_work\xpco\xpco\addons\plugins\stickynotes\tst\videoos.plugins.stickynotes.sc.unittests\bin\x64\debug\net472\videoos.plugins.stickynotes.sc.unittests.dll" id="85636b50-b420-49c1-118e-f8ffd81f9682">
      <Execution id="af061369-6c30-411f-95f7-e66fe6fc434a" />
      <TestMethod codeBase="D:\actions-runner\_work\XPCO\XPCO\AddOns\Plugins\StickyNotes\tst\VideoOS.Plugins.StickyNotes.SC.UnitTests\bin\x64\Debug\net472\VideoOS.Plugins.StickyNotes.SC.UnitTests.dll" adapterTypeName="executor://mstestadapter/v2" className="VideoOS.Plugins.StickyNotes.SC.UnitTests.ImportanceImageProviderTests" name="WhenGetByImportanceCalledItShouldReturnImage" />
    </UnitTest>
    <UnitTest name="WhenInitializedItShouldBeNotAvailableInSetup" storage="d:\actions-runner\_work\xpco\xpco\addons\plugins\stickynotes\tst\videoos.plugins.stickynotes.sc.unittests\bin\x64\debug\net472\videoos.plugins.stickynotes.sc.unittests.dll" id="a4be0747-399d-89d5-dbc9-9155e99f4971">
      <Execution id="0cd22001-75d0-4118-81f0-813aa195aeea" />
      <TestMethod codeBase="D:\actions-runner\_work\XPCO\XPCO\AddOns\Plugins\StickyNotes\tst\VideoOS.Plugins.StickyNotes.SC.UnitTests\bin\x64\Debug\net472\VideoOS.Plugins.StickyNotes.SC.UnitTests.dll" adapterTypeName="executor://mstestadapter/v2" className="VideoOS.Plugins.StickyNotes.SC.Test.ToolBarStickyNotesPluginTest" name="WhenInitializedItShouldBeNotAvailableInSetup" />
    </UnitTest>
    <UnitTest name="WhenStickyNoteIsExpandedAndViewIsNarrowItShouldShowOnlyMessage (short)" storage="d:\actions-runner\_work\xpco\xpco\addons\plugins\stickynotes\tst\videoos.plugins.stickynotes.sc.unittests\bin\x64\debug\net472\videoos.plugins.stickynotes.sc.unittests.dll" id="f52ddf10-3825-8532-9b06-3ff9d4115633">
      <Execution id="54bca91c-b3ed-49ff-b816-e2aacc35dbeb" />
      <TestMethod codeBase="D:\actions-runner\_work\XPCO\XPCO\AddOns\Plugins\StickyNotes\tst\VideoOS.Plugins.StickyNotes.SC.UnitTests\bin\x64\Debug\net472\VideoOS.Plugins.StickyNotes.SC.UnitTests.dll" adapterTypeName="executor://mstestadapter/v2" className="VideoOS.Plugins.StickyNotes.SC.UnitTests.StickyNoteViewModelTests" name="WhenStickyNoteIsExpandedAndViewIsNarrowItShouldShowOnlyMessage" />
    </UnitTest>
    <UnitTest name="WhenCreatedByDefaultItShouldHaveEditDialogTitleAndDefaultValues" storage="d:\actions-runner\_work\xpco\xpco\addons\plugins\stickynotes\tst\videoos.plugins.stickynotes.sc.unittests\bin\x64\debug\net472\videoos.plugins.stickynotes.sc.unittests.dll" id="93bb2c57-b035-dc2a-e5c4-d8284818237c">
      <Execution id="ca6fb114-2493-4631-8883-a1bed25dfa4e" />
      <TestMethod codeBase="D:\actions-runner\_work\XPCO\XPCO\AddOns\Plugins\StickyNotes\tst\VideoOS.Plugins.StickyNotes.SC.UnitTests\bin\x64\Debug\net472\VideoOS.Plugins.StickyNotes.SC.UnitTests.dll" adapterTypeName="executor://mstestadapter/v2" className="VideoOS.Plugins.StickyNotes.SC.UnitTests.StickyNotesEditDialogViewModelTests" name="WhenCreatedByDefaultItShouldHaveEditDialogTitleAndDefaultValues" />
    </UnitTest>
    <UnitTest name="WhenCameraIsAllowedItShouldBeVisible" storage="d:\actions-runner\_work\xpco\xpco\addons\plugins\stickynotes\tst\videoos.plugins.stickynotes.sc.unittests\bin\x64\debug\net472\videoos.plugins.stickynotes.sc.unittests.dll" id="e3acd009-3e84-6578-3360-0227d4dcd6ac">
      <Execution id="de2ef80e-3f15-4754-a8f6-954335a5a9f6" />
      <TestMethod codeBase="D:\actions-runner\_work\XPCO\XPCO\AddOns\Plugins\StickyNotes\tst\VideoOS.Plugins.StickyNotes.SC.UnitTests\bin\x64\Debug\net472\VideoOS.Plugins.StickyNotes.SC.UnitTests.dll" adapterTypeName="executor://mstestadapter/v2" className="VideoOS.Plugins.StickyNotes.SC.Test.ToolBarStickyNotesPluginInstanceTest" name="WhenCameraIsAllowedItShouldBeVisible" />
    </UnitTest>
    <UnitTest name="WhenStickyNoteIsShrunkAndViewIsNarrowItShouldShowOnlyTooltipOnIcon" storage="d:\actions-runner\_work\xpco\xpco\addons\plugins\stickynotes\tst\videoos.plugins.stickynotes.sc.unittests\bin\x64\debug\net472\videoos.plugins.stickynotes.sc.unittests.dll" id="f776138d-14bc-0f09-68f5-b87a21ee8e25">
      <Execution id="92313f07-dfb0-4c38-9939-93202d2aa496" />
      <TestMethod codeBase="D:\actions-runner\_work\XPCO\XPCO\AddOns\Plugins\StickyNotes\tst\VideoOS.Plugins.StickyNotes.SC.UnitTests\bin\x64\Debug\net472\VideoOS.Plugins.StickyNotes.SC.UnitTests.dll" adapterTypeName="executor://mstestadapter/v2" className="VideoOS.Plugins.StickyNotes.SC.UnitTests.StickyNoteViewModelTests" name="WhenStickyNoteIsShrunkAndViewIsNarrowItShouldShowOnlyTooltipOnIcon" />
    </UnitTest>
    <UnitTest name="WhenImageAddonViewerChangesToACameraWithStickyNoteItShouldAddTheStickyNote" storage="d:\actions-runner\_work\xpco\xpco\addons\plugins\stickynotes\tst\videoos.plugins.stickynotes.sc.unittests\bin\x64\debug\net472\videoos.plugins.stickynotes.sc.unittests.dll" id="716c04d9-7255-7005-6e6e-6aa54bcc8bee">
      <Execution id="ee1ab961-a831-45af-a71c-65fd7c903270" />
      <TestMethod codeBase="D:\actions-runner\_work\XPCO\XPCO\AddOns\Plugins\StickyNotes\tst\VideoOS.Plugins.StickyNotes.SC.UnitTests\bin\x64\Debug\net472\VideoOS.Plugins.StickyNotes.SC.UnitTests.dll" adapterTypeName="executor://mstestadapter/v2" className="VideoOS.Plugins.StickyNotes.SC.UnitTests.StickyNoteImageViewerTests" name="WhenImageAddonViewerChangesToACameraWithStickyNoteItShouldAddTheStickyNote" />
    </UnitTest>
    <UnitTest name="WhenStickyNoteIsExpandedAndViewIsNarrowItShouldShowOnlyMessage (more than 200 two hundred characters here ---------------------------------------------------------------------------------------------------------------------------------------------------------------)" storage="d:\actions-runner\_work\xpco\xpco\addons\plugins\stickynotes\tst\videoos.plugins.stickynotes.sc.unittests\bin\x64\debug\net472\videoos.plugins.stickynotes.sc.unittests.dll" id="5b8b81db-6435-f41d-4b44-adb8261ad123">
      <Execution id="d9320f23-d271-448a-860a-0b7762614424" />
      <TestMethod codeBase="D:\actions-runner\_work\XPCO\XPCO\AddOns\Plugins\StickyNotes\tst\VideoOS.Plugins.StickyNotes.SC.UnitTests\bin\x64\Debug\net472\VideoOS.Plugins.StickyNotes.SC.UnitTests.dll" adapterTypeName="executor://mstestadapter/v2" className="VideoOS.Plugins.StickyNotes.SC.UnitTests.StickyNoteViewModelTests" name="WhenStickyNoteIsExpandedAndViewIsNarrowItShouldShowOnlyMessage" />
    </UnitTest>
    <UnitTest name="WhenGetByImportanceCalledItShouldReturnImage (General,general-icon)" storage="d:\actions-runner\_work\xpco\xpco\addons\plugins\stickynotes\tst\videoos.plugins.stickynotes.sc.unittests\bin\x64\debug\net472\videoos.plugins.stickynotes.sc.unittests.dll" id="52863e55-c4b3-9389-71b8-9af122ba4077">
      <Execution id="e755a69c-7600-426c-8508-b36eaf9fd6ba" />
      <TestMethod codeBase="D:\actions-runner\_work\XPCO\XPCO\AddOns\Plugins\StickyNotes\tst\VideoOS.Plugins.StickyNotes.SC.UnitTests\bin\x64\Debug\net472\VideoOS.Plugins.StickyNotes.SC.UnitTests.dll" adapterTypeName="executor://mstestadapter/v2" className="VideoOS.Plugins.StickyNotes.SC.UnitTests.ImportanceImageProviderTests" name="WhenGetByImportanceCalledItShouldReturnImage" />
    </UnitTest>
    <UnitTest name="WhenRemoveStickyNoteDeviceViewItShouldReduceStickyNotesViewCount" storage="d:\actions-runner\_work\xpco\xpco\addons\plugins\stickynotes\tst\videoos.plugins.stickynotes.sc.unittests\bin\x64\debug\net472\videoos.plugins.stickynotes.sc.unittests.dll" id="6fddb17b-f4aa-9879-f2b8-d4db0f10029e">
      <Execution id="834c2352-7375-4fe2-93cd-9fa31afa1d29" />
      <TestMethod codeBase="D:\actions-runner\_work\XPCO\XPCO\AddOns\Plugins\StickyNotes\tst\VideoOS.Plugins.StickyNotes.SC.UnitTests\bin\x64\Debug\net472\VideoOS.Plugins.StickyNotes.SC.UnitTests.dll" adapterTypeName="executor://mstestadapter/v2" className="VideoOS.Plugins.StickyNotes.SC.UnitTests.StickyNoteViewsHandlerTests" name="WhenRemoveStickyNoteDeviceViewItShouldReduceStickyNotesViewCount" />
    </UnitTest>
    <UnitTest name="WhenImageViewerAddonIsClosedItShouldFireClosedEvent" storage="d:\actions-runner\_work\xpco\xpco\addons\plugins\stickynotes\tst\videoos.plugins.stickynotes.sc.unittests\bin\x64\debug\net472\videoos.plugins.stickynotes.sc.unittests.dll" id="fab46ad7-8ee8-a3d6-c3c7-34529a193d33">
      <Execution id="0b599d53-5299-472d-82b9-1a552426ef3f" />
      <TestMethod codeBase="D:\actions-runner\_work\XPCO\XPCO\AddOns\Plugins\StickyNotes\tst\VideoOS.Plugins.StickyNotes.SC.UnitTests\bin\x64\Debug\net472\VideoOS.Plugins.StickyNotes.SC.UnitTests.dll" adapterTypeName="executor://mstestadapter/v2" className="VideoOS.Plugins.StickyNotes.SC.UnitTests.StickyNoteImageViewerTests" name="WhenImageViewerAddonIsClosedItShouldFireClosedEvent" />
    </UnitTest>
    <UnitTest name="WhenStickyNoteIsRemovedItShouldCallViewerAddonRemoveOverlay" storage="d:\actions-runner\_work\xpco\xpco\addons\plugins\stickynotes\tst\videoos.plugins.stickynotes.sc.unittests\bin\x64\debug\net472\videoos.plugins.stickynotes.sc.unittests.dll" id="8cf5d264-0515-424f-85df-41486f9a1f11">
      <Execution id="07abd2b6-4ef1-4f2c-b6e5-0f904cb01873" />
      <TestMethod codeBase="D:\actions-runner\_work\XPCO\XPCO\AddOns\Plugins\StickyNotes\tst\VideoOS.Plugins.StickyNotes.SC.UnitTests\bin\x64\Debug\net472\VideoOS.Plugins.StickyNotes.SC.UnitTests.dll" adapterTypeName="executor://mstestadapter/v2" className="VideoOS.Plugins.StickyNotes.SC.UnitTests.StickyNoteImageViewerTests" name="WhenStickyNoteIsRemovedItShouldCallViewerAddonRemoveOverlay" />
    </UnitTest>
    <UnitTest name="WhenDialogDeleteItShouldCallRepositoryDelete" storage="d:\actions-runner\_work\xpco\xpco\addons\plugins\stickynotes\tst\videoos.plugins.stickynotes.sc.unittests\bin\x64\debug\net472\videoos.plugins.stickynotes.sc.unittests.dll" id="16b6abbf-77f9-2c2a-3553-4d8ec26c13dc">
      <Execution id="750ddac6-57e8-4dd0-bf9f-b7428628d95c" />
      <TestMethod codeBase="D:\actions-runner\_work\XPCO\XPCO\AddOns\Plugins\StickyNotes\tst\VideoOS.Plugins.StickyNotes.SC.UnitTests\bin\x64\Debug\net472\VideoOS.Plugins.StickyNotes.SC.UnitTests.dll" adapterTypeName="executor://mstestadapter/v2" className="VideoOS.Plugins.StickyNotes.SC.UnitTests.StickyNotesEditDialogViewModelTests" name="WhenDialogDeleteItShouldCallRepositoryDelete" />
    </UnitTest>
    <UnitTest name="WhenStickyNoteIsRemovedForAnotherDeviceHasStickyNoteShouldRetturnTrue" storage="d:\actions-runner\_work\xpco\xpco\addons\plugins\stickynotes\tst\videoos.plugins.stickynotes.sc.unittests\bin\x64\debug\net472\videoos.plugins.stickynotes.sc.unittests.dll" id="edd4a4d0-c25c-189c-4e9e-4ab21c879209">
      <Execution id="ec38fb2d-69c1-440c-b8c9-dfbbb62ee2db" />
      <TestMethod codeBase="D:\actions-runner\_work\XPCO\XPCO\AddOns\Plugins\StickyNotes\tst\VideoOS.Plugins.StickyNotes.SC.UnitTests\bin\x64\Debug\net472\VideoOS.Plugins.StickyNotes.SC.UnitTests.dll" adapterTypeName="executor://mstestadapter/v2" className="VideoOS.Plugins.StickyNotes.SC.Test.ToolBarStickyNotesPluginInstanceTest" name="WhenStickyNoteIsRemovedForAnotherDeviceHasStickyNoteShouldRetturnTrue" />
    </UnitTest>
    <UnitTest name="WhenStickyNoteIsExpandedAndViewIsNarrowItShouldShowOnlyMessage (more than 150 one hundred fifty characters here -------------------------------------------------------------------------------------------------------)" storage="d:\actions-runner\_work\xpco\xpco\addons\plugins\stickynotes\tst\videoos.plugins.stickynotes.sc.unittests\bin\x64\debug\net472\videoos.plugins.stickynotes.sc.unittests.dll" id="1173e4eb-a119-acb2-0ded-1c7b62685ecf">
      <Execution id="97719e6b-193a-4c0d-883d-a53ac97daa3b" />
      <TestMethod codeBase="D:\actions-runner\_work\XPCO\XPCO\AddOns\Plugins\StickyNotes\tst\VideoOS.Plugins.StickyNotes.SC.UnitTests\bin\x64\Debug\net472\VideoOS.Plugins.StickyNotes.SC.UnitTests.dll" adapterTypeName="executor://mstestadapter/v2" className="VideoOS.Plugins.StickyNotes.SC.UnitTests.StickyNoteViewModelTests" name="WhenStickyNoteIsExpandedAndViewIsNarrowItShouldShowOnlyMessage" />
    </UnitTest>
    <UnitTest name="WhenConvertingTrueItShouldReturnStretch" storage="d:\actions-runner\_work\xpco\xpco\addons\plugins\stickynotes\tst\videoos.plugins.stickynotes.sc.unittests\bin\x64\debug\net472\videoos.plugins.stickynotes.sc.unittests.dll" id="ebde63c6-c048-e1a0-be5b-7ff4d7d20c59">
      <Execution id="f15a185d-c709-4d18-896d-7efbeb09529b" />
      <TestMethod codeBase="D:\actions-runner\_work\XPCO\XPCO\AddOns\Plugins\StickyNotes\tst\VideoOS.Plugins.StickyNotes.SC.UnitTests\bin\x64\Debug\net472\VideoOS.Plugins.StickyNotes.SC.UnitTests.dll" adapterTypeName="executor://mstestadapter/v2" className="VideoOS.Plugins.StickyNotes.SC.UnitTests.BoolToHorizontalAlignmentConverterTests" name="WhenConvertingTrueItShouldReturnStretch" />
    </UnitTest>
    <UnitTest name="WhenConvertingFalseOnRTLItShouldReturnRight" storage="d:\actions-runner\_work\xpco\xpco\addons\plugins\stickynotes\tst\videoos.plugins.stickynotes.sc.unittests\bin\x64\debug\net472\videoos.plugins.stickynotes.sc.unittests.dll" id="80823ad2-86b5-f0c2-fda0-883f2cdedfbb">
      <Execution id="dd13f6cc-c893-4eec-9f5f-f5edf233568f" />
      <TestMethod codeBase="D:\actions-runner\_work\XPCO\XPCO\AddOns\Plugins\StickyNotes\tst\VideoOS.Plugins.StickyNotes.SC.UnitTests\bin\x64\Debug\net472\VideoOS.Plugins.StickyNotes.SC.UnitTests.dll" adapterTypeName="executor://mstestadapter/v2" className="VideoOS.Plugins.StickyNotes.SC.UnitTests.BoolToHorizontalAlignmentConverterTests" name="WhenConvertingFalseOnRTLItShouldReturnRight" />
    </UnitTest>
    <UnitTest name="WhenCameraIsNotAllowedItShouldBeNotVisible" storage="d:\actions-runner\_work\xpco\xpco\addons\plugins\stickynotes\tst\videoos.plugins.stickynotes.sc.unittests\bin\x64\debug\net472\videoos.plugins.stickynotes.sc.unittests.dll" id="066fb686-5f70-eed8-93b3-7b0e9996abab">
      <Execution id="9fa17d9f-ffef-44bf-b313-2043e24ef437" />
      <TestMethod codeBase="D:\actions-runner\_work\XPCO\XPCO\AddOns\Plugins\StickyNotes\tst\VideoOS.Plugins.StickyNotes.SC.UnitTests\bin\x64\Debug\net472\VideoOS.Plugins.StickyNotes.SC.UnitTests.dll" adapterTypeName="executor://mstestadapter/v2" className="VideoOS.Plugins.StickyNotes.SC.Test.ToolBarStickyNotesPluginInstanceTest" name="WhenCameraIsNotAllowedItShouldBeNotVisible" />
    </UnitTest>
    <UnitTest name="WhenStickyNoteIsRemovedHasStickyNoteShouldReturnFalse" storage="d:\actions-runner\_work\xpco\xpco\addons\plugins\stickynotes\tst\videoos.plugins.stickynotes.sc.unittests\bin\x64\debug\net472\videoos.plugins.stickynotes.sc.unittests.dll" id="149f4202-6c2a-e881-98d7-53f44c0a50b5">
      <Execution id="906864a9-6415-4902-85f6-71c164dc7c0e" />
      <TestMethod codeBase="D:\actions-runner\_work\XPCO\XPCO\AddOns\Plugins\StickyNotes\tst\VideoOS.Plugins.StickyNotes.SC.UnitTests\bin\x64\Debug\net472\VideoOS.Plugins.StickyNotes.SC.UnitTests.dll" adapterTypeName="executor://mstestadapter/v2" className="VideoOS.Plugins.StickyNotes.SC.Test.ToolBarStickyNotesPluginInstanceTest" name="WhenStickyNoteIsRemovedHasStickyNoteShouldReturnFalse" />
    </UnitTest>
    <UnitTest name="WhenGetByImportanceCalledItShouldReturnImage (Auxiliar2,auxiliar2-icon)" storage="d:\actions-runner\_work\xpco\xpco\addons\plugins\stickynotes\tst\videoos.plugins.stickynotes.sc.unittests\bin\x64\debug\net472\videoos.plugins.stickynotes.sc.unittests.dll" id="7b5489ab-3e63-354e-79ee-16d8c3e2fc68">
      <Execution id="3edb41c2-3549-413f-afd7-a89825c3c17e" />
      <TestMethod codeBase="D:\actions-runner\_work\XPCO\XPCO\AddOns\Plugins\StickyNotes\tst\VideoOS.Plugins.StickyNotes.SC.UnitTests\bin\x64\Debug\net472\VideoOS.Plugins.StickyNotes.SC.UnitTests.dll" adapterTypeName="executor://mstestadapter/v2" className="VideoOS.Plugins.StickyNotes.SC.UnitTests.ImportanceImageProviderTests" name="WhenGetByImportanceCalledItShouldReturnImage" />
    </UnitTest>
    <UnitTest name="WhenGetByImportanceCalledItShouldReturnImage (Auxiliar5,auxiliar5-icon)" storage="d:\actions-runner\_work\xpco\xpco\addons\plugins\stickynotes\tst\videoos.plugins.stickynotes.sc.unittests\bin\x64\debug\net472\videoos.plugins.stickynotes.sc.unittests.dll" id="ef4026d5-39cf-7cf5-be3f-d4450cc480d9">
      <Execution id="4b33b7b4-7e46-47f1-a851-e54935f7efa7" />
      <TestMethod codeBase="D:\actions-runner\_work\XPCO\XPCO\AddOns\Plugins\StickyNotes\tst\VideoOS.Plugins.StickyNotes.SC.UnitTests\bin\x64\Debug\net472\VideoOS.Plugins.StickyNotes.SC.UnitTests.dll" adapterTypeName="executor://mstestadapter/v2" className="VideoOS.Plugins.StickyNotes.SC.UnitTests.ImportanceImageProviderTests" name="WhenGetByImportanceCalledItShouldReturnImage" />
    </UnitTest>
    <UnitTest name="WhenImageAddonViewerChangesToACameraWithoutAllowedStickyNoteItShouldRemoveTheStickyNote" storage="d:\actions-runner\_work\xpco\xpco\addons\plugins\stickynotes\tst\videoos.plugins.stickynotes.sc.unittests\bin\x64\debug\net472\videoos.plugins.stickynotes.sc.unittests.dll" id="49e8ae80-25b6-fa23-79b1-5f4dc02f3c63">
      <Execution id="9791cde6-0480-4258-9c9d-0cc2dce0df69" />
      <TestMethod codeBase="D:\actions-runner\_work\XPCO\XPCO\AddOns\Plugins\StickyNotes\tst\VideoOS.Plugins.StickyNotes.SC.UnitTests\bin\x64\Debug\net472\VideoOS.Plugins.StickyNotes.SC.UnitTests.dll" adapterTypeName="executor://mstestadapter/v2" className="VideoOS.Plugins.StickyNotes.SC.UnitTests.StickyNoteImageViewerTests" name="WhenImageAddonViewerChangesToACameraWithoutAllowedStickyNoteItShouldRemoveTheStickyNote" />
    </UnitTest>
    <UnitTest name="WhenCreatedWithValuesItShouldHaveEditDialogTitleAndspecifiedValues" storage="d:\actions-runner\_work\xpco\xpco\addons\plugins\stickynotes\tst\videoos.plugins.stickynotes.sc.unittests\bin\x64\debug\net472\videoos.plugins.stickynotes.sc.unittests.dll" id="4d939719-dce6-f155-97f2-33507c3a5453">
      <Execution id="9ccfd2ad-dfb8-457d-ba48-09d992694711" />
      <TestMethod codeBase="D:\actions-runner\_work\XPCO\XPCO\AddOns\Plugins\StickyNotes\tst\VideoOS.Plugins.StickyNotes.SC.UnitTests\bin\x64\Debug\net472\VideoOS.Plugins.StickyNotes.SC.UnitTests.dll" adapterTypeName="executor://mstestadapter/v2" className="VideoOS.Plugins.StickyNotes.SC.UnitTests.StickyNotesEditDialogViewModelTests" name="WhenCreatedWithValuesItShouldHaveEditDialogTitleAndspecifiedValues" />
    </UnitTest>
    <UnitTest name="WhenInitializedItShouldBeOnlyForLiveWorkspace" storage="d:\actions-runner\_work\xpco\xpco\addons\plugins\stickynotes\tst\videoos.plugins.stickynotes.sc.unittests\bin\x64\debug\net472\videoos.plugins.stickynotes.sc.unittests.dll" id="0d6c5879-b3c5-9784-e569-0c75ab8108c3">
      <Execution id="2f06b5ca-f302-46e2-86fd-c975aa53c7e2" />
      <TestMethod codeBase="D:\actions-runner\_work\XPCO\XPCO\AddOns\Plugins\StickyNotes\tst\VideoOS.Plugins.StickyNotes.SC.UnitTests\bin\x64\Debug\net472\VideoOS.Plugins.StickyNotes.SC.UnitTests.dll" adapterTypeName="executor://mstestadapter/v2" className="VideoOS.Plugins.StickyNotes.SC.Test.ToolBarStickyNotesPluginTest" name="WhenInitializedItShouldBeOnlyForLiveWorkspace" />
    </UnitTest>
    <UnitTest name="WhenDeviceDoesNotHaveStickyNoteHasStickyNoteShouldReturnFalse" storage="d:\actions-runner\_work\xpco\xpco\addons\plugins\stickynotes\tst\videoos.plugins.stickynotes.sc.unittests\bin\x64\debug\net472\videoos.plugins.stickynotes.sc.unittests.dll" id="67021e25-efdb-3860-0b88-bdabd76f0917">
      <Execution id="e47aa06d-7576-4cb0-b075-942a79f7c490" />
      <TestMethod codeBase="D:\actions-runner\_work\XPCO\XPCO\AddOns\Plugins\StickyNotes\tst\VideoOS.Plugins.StickyNotes.SC.UnitTests\bin\x64\Debug\net472\VideoOS.Plugins.StickyNotes.SC.UnitTests.dll" adapterTypeName="executor://mstestadapter/v2" className="VideoOS.Plugins.StickyNotes.SC.Test.ToolBarStickyNotesPluginInstanceTest" name="WhenDeviceDoesNotHaveStickyNoteHasStickyNoteShouldReturnFalse" />
    </UnitTest>
    <UnitTest name="WhenStickyNoteIsExpandedAndViewIsNarrowItShouldShowOnlyMessage (morethan10char)" storage="d:\actions-runner\_work\xpco\xpco\addons\plugins\stickynotes\tst\videoos.plugins.stickynotes.sc.unittests\bin\x64\debug\net472\videoos.plugins.stickynotes.sc.unittests.dll" id="066383b6-e8d7-2519-a1ae-00ac6c495a08">
      <Execution id="1c159aef-bcd4-4fd6-a6bb-d22fc56a8a74" />
      <TestMethod codeBase="D:\actions-runner\_work\XPCO\XPCO\AddOns\Plugins\StickyNotes\tst\VideoOS.Plugins.StickyNotes.SC.UnitTests\bin\x64\Debug\net472\VideoOS.Plugins.StickyNotes.SC.UnitTests.dll" adapterTypeName="executor://mstestadapter/v2" className="VideoOS.Plugins.StickyNotes.SC.UnitTests.StickyNoteViewModelTests" name="WhenStickyNoteIsExpandedAndViewIsNarrowItShouldShowOnlyMessage" />
    </UnitTest>
    <UnitTest name="WhenDialogConfirmItShouldCallRepositoryUpdate" storage="d:\actions-runner\_work\xpco\xpco\addons\plugins\stickynotes\tst\videoos.plugins.stickynotes.sc.unittests\bin\x64\debug\net472\videoos.plugins.stickynotes.sc.unittests.dll" id="ba212a15-b1f9-a189-6bd7-8d0c647ebea2">
      <Execution id="ff918ca5-8cf2-47f6-ad8c-18443b6afcd0" />
      <TestMethod codeBase="D:\actions-runner\_work\XPCO\XPCO\AddOns\Plugins\StickyNotes\tst\VideoOS.Plugins.StickyNotes.SC.UnitTests\bin\x64\Debug\net472\VideoOS.Plugins.StickyNotes.SC.UnitTests.dll" adapterTypeName="executor://mstestadapter/v2" className="VideoOS.Plugins.StickyNotes.SC.UnitTests.StickyNotesEditDialogViewModelTests" name="WhenDialogConfirmItShouldCallRepositoryUpdate" />
    </UnitTest>
    <UnitTest name="WhenItsCreatedItShouldBeMaximized" storage="d:\actions-runner\_work\xpco\xpco\addons\plugins\stickynotes\tst\videoos.plugins.stickynotes.sc.unittests\bin\x64\debug\net472\videoos.plugins.stickynotes.sc.unittests.dll" id="d5f8c3c2-a9a5-eb07-b93b-46d609f0c3dc">
      <Execution id="f213c92f-16b8-431c-b796-a943f970023c" />
      <TestMethod codeBase="D:\actions-runner\_work\XPCO\XPCO\AddOns\Plugins\StickyNotes\tst\VideoOS.Plugins.StickyNotes.SC.UnitTests\bin\x64\Debug\net472\VideoOS.Plugins.StickyNotes.SC.UnitTests.dll" adapterTypeName="executor://mstestadapter/v2" className="VideoOS.Plugins.StickyNotes.SC.UnitTests.StickyNoteViewModelTests" name="WhenItsCreatedItShouldBeMaximized" />
    </UnitTest>
  </TestDefinitions>
  <TestEntries>
    <TestEntry testId="716c04d9-7255-7005-6e6e-6aa54bcc8bee" executionId="ee1ab961-a831-45af-a71c-65fd7c903270" testListId="8c84fa94-04c1-424b-9868-57a2d4851a1d" />
    <TestEntry testId="0d6c5879-b3c5-9784-e569-0c75ab8108c3" executionId="2f06b5ca-f302-46e2-86fd-c975aa53c7e2" testListId="8c84fa94-04c1-424b-9868-57a2d4851a1d" />
    <TestEntry testId="8cf5d264-0515-424f-85df-41486f9a1f11" executionId="07abd2b6-4ef1-4f2c-b6e5-0f904cb01873" testListId="8c84fa94-04c1-424b-9868-57a2d4851a1d" />
    <TestEntry testId="149f4202-6c2a-e881-98d7-53f44c0a50b5" executionId="906864a9-6415-4902-85f6-71c164dc7c0e" testListId="8c84fa94-04c1-424b-9868-57a2d4851a1d" />
    <TestEntry testId="67021e25-efdb-3860-0b88-bdabd76f0917" executionId="e47aa06d-7576-4cb0-b075-942a79f7c490" testListId="8c84fa94-04c1-424b-9868-57a2d4851a1d" />
    <TestEntry testId="fc794c79-7dc5-da91-fa0f-2b5e6519dd2d" executionId="da7d37c7-2a2e-4050-9a0d-3d28d23bbc27" testListId="8c84fa94-04c1-424b-9868-57a2d4851a1d" />
    <TestEntry testId="066383b6-e8d7-2519-a1ae-00ac6c495a08" executionId="1c159aef-bcd4-4fd6-a6bb-d22fc56a8a74" testListId="8c84fa94-04c1-424b-9868-57a2d4851a1d" />
    <TestEntry testId="648033e3-a16f-f256-b05a-5e01ff64c346" executionId="5c2e5492-3f93-46ff-9220-47c836f0bae4" testListId="8c84fa94-04c1-424b-9868-57a2d4851a1d" />
    <TestEntry testId="1e2be52f-2286-4abf-2b1e-3bdcb6bfbaaa" executionId="00911a38-cd30-4717-a453-05acbf2f2260" testListId="8c84fa94-04c1-424b-9868-57a2d4851a1d" />
    <TestEntry testId="c95e5b2f-a87a-85eb-4f5b-5ae38eeea861" executionId="86209984-6f5b-4ebd-a863-b8eda8f0286b" testListId="8c84fa94-04c1-424b-9868-57a2d4851a1d" />
    <TestEntry testId="8a950650-4fb8-eb3e-19b9-dec5aa754020" executionId="d926a331-e289-42b6-aa62-2c2f2ed12cf9" testListId="8c84fa94-04c1-424b-9868-57a2d4851a1d" />
    <TestEntry testId="80823ad2-86b5-f0c2-fda0-883f2cdedfbb" executionId="dd13f6cc-c893-4eec-9f5f-f5edf233568f" testListId="8c84fa94-04c1-424b-9868-57a2d4851a1d" />
    <TestEntry testId="82ae758c-f2f1-73f9-a1ca-a919c4a528a0" executionId="11f2a8af-393b-49c4-ac18-62f42cf4bea4" testListId="8c84fa94-04c1-424b-9868-57a2d4851a1d" />
    <TestEntry testId="affa273d-b7b4-ea58-ac88-bac3d9bb7bc5" executionId="85514f6c-a4da-41b7-a929-5f6312bc2b55" testListId="8c84fa94-04c1-424b-9868-57a2d4851a1d" />
    <TestEntry testId="75fe6ae8-d6a2-1975-f977-c4f5d796a3a1" executionId="9757875c-ce32-42dd-99e1-fcdddf64e4a8" testListId="8c84fa94-04c1-424b-9868-57a2d4851a1d" />
    <TestEntry testId="c5976ee8-aa22-9698-dc7f-6c2b197fef2f" executionId="2987f104-c3d4-428d-ba84-39b22e94cce9" testListId="8c84fa94-04c1-424b-9868-57a2d4851a1d" />
    <TestEntry testId="52863e55-c4b3-9389-71b8-9af122ba4077" executionId="e755a69c-7600-426c-8508-b36eaf9fd6ba" testListId="8c84fa94-04c1-424b-9868-57a2d4851a1d" />
    <TestEntry testId="ef4026d5-39cf-7cf5-be3f-d4450cc480d9" executionId="4b33b7b4-7e46-47f1-a851-e54935f7efa7" testListId="8c84fa94-04c1-424b-9868-57a2d4851a1d" />
    <TestEntry testId="85636b50-b420-49c1-118e-f8ffd81f9682" executionId="af061369-6c30-411f-95f7-e66fe6fc434a" testListId="8c84fa94-04c1-424b-9868-57a2d4851a1d" />
    <TestEntry testId="7b5489ab-3e63-354e-79ee-16d8c3e2fc68" executionId="3edb41c2-3549-413f-afd7-a89825c3c17e" testListId="8c84fa94-04c1-424b-9868-57a2d4851a1d" />
    <TestEntry testId="16b6abbf-77f9-2c2a-3553-4d8ec26c13dc" executionId="750ddac6-57e8-4dd0-bf9f-b7428628d95c" testListId="8c84fa94-04c1-424b-9868-57a2d4851a1d" />
    <TestEntry testId="93bb2c57-b035-dc2a-e5c4-d8284818237c" executionId="ca6fb114-2493-4631-8883-a1bed25dfa4e" testListId="8c84fa94-04c1-424b-9868-57a2d4851a1d" />
    <TestEntry testId="49e8ae80-25b6-fa23-79b1-5f4dc02f3c63" executionId="9791cde6-0480-4258-9c9d-0cc2dce0df69" testListId="8c84fa94-04c1-424b-9868-57a2d4851a1d" />
    <TestEntry testId="f52ddf10-3825-8532-9b06-3ff9d4115633" executionId="54bca91c-b3ed-49ff-b816-e2aacc35dbeb" testListId="8c84fa94-04c1-424b-9868-57a2d4851a1d" />
    <TestEntry testId="edd4a4d0-c25c-189c-4e9e-4ab21c879209" executionId="ec38fb2d-69c1-440c-b8c9-dfbbb62ee2db" testListId="8c84fa94-04c1-424b-9868-57a2d4851a1d" />
    <TestEntry testId="89520011-d427-93e5-666c-2d51c53e914b" executionId="601b79cb-59c2-46d5-8143-db31861d38b5" testListId="8c84fa94-04c1-424b-9868-57a2d4851a1d" />
    <TestEntry testId="9cbac09f-a3b8-3a0e-4e40-b2ea3de9946b" executionId="544eba8f-61e2-48a6-92e3-336d62a514d1" testListId="8c84fa94-04c1-424b-9868-57a2d4851a1d" />
    <TestEntry testId="6419c29f-f522-6319-ea92-401a02167ef5" executionId="01d2b2c6-03e2-4e0c-ac4f-fa80179ad078" testListId="8c84fa94-04c1-424b-9868-57a2d4851a1d" />
    <TestEntry testId="29f46b29-bd47-50ee-a28a-5a37ecf65f91" executionId="c32b4251-8485-4356-8b02-5d75748896fd" testListId="8c84fa94-04c1-424b-9868-57a2d4851a1d" />
    <TestEntry testId="34a11ce4-a558-5634-166a-165ebb4ab698" executionId="d77eb773-f4ed-44e7-8fc4-62da46ed72c9" testListId="8c84fa94-04c1-424b-9868-57a2d4851a1d" />
    <TestEntry testId="9468a81f-1626-7994-6b3f-d53664f81a0e" executionId="b70f8f0f-9e81-4287-a0f5-d7a73926e3aa" testListId="8c84fa94-04c1-424b-9868-57a2d4851a1d" />
    <TestEntry testId="7b4f90d6-435b-58cb-96b2-e7087be114f5" executionId="d0c57737-e71d-4811-a601-ba972dd66404" testListId="8c84fa94-04c1-424b-9868-57a2d4851a1d" />
    <TestEntry testId="a4be0747-399d-89d5-dbc9-9155e99f4971" executionId="0cd22001-75d0-4118-81f0-813aa195aeea" testListId="8c84fa94-04c1-424b-9868-57a2d4851a1d" />
    <TestEntry testId="53c6d63b-5e90-f9bc-534a-4e8e913f658e" executionId="a25c291d-ab73-47f2-abac-adc494c3e844" testListId="8c84fa94-04c1-424b-9868-57a2d4851a1d" />
    <TestEntry testId="a62332f3-4399-6825-5ff6-c8ef745f9f15" executionId="f8249c24-e575-4d86-a8b2-64391bdc7280" testListId="8c84fa94-04c1-424b-9868-57a2d4851a1d" />
    <TestEntry testId="0e128f74-121f-e1a5-3d81-ae9a201a88ac" executionId="5be2588c-ec75-4cf8-965d-a69f6e1def90" testListId="8c84fa94-04c1-424b-9868-57a2d4851a1d" />
    <TestEntry testId="731b0e0b-41f5-15d6-381a-da42ec5c1e8a" executionId="7d026ea2-d9f9-408b-99c9-b37ada5c172b" testListId="8c84fa94-04c1-424b-9868-57a2d4851a1d" />
    <TestEntry testId="ba212a15-b1f9-a189-6bd7-8d0c647ebea2" executionId="ff918ca5-8cf2-47f6-ad8c-18443b6afcd0" testListId="8c84fa94-04c1-424b-9868-57a2d4851a1d" />
    <TestEntry testId="031b110d-64d6-79e8-6a88-6180f82cf79c" executionId="04959b3c-81d1-4ea9-a319-edf22f082dee" testListId="8c84fa94-04c1-424b-9868-57a2d4851a1d" />
    <TestEntry testId="6fddb17b-f4aa-9879-f2b8-d4db0f10029e" executionId="834c2352-7375-4fe2-93cd-9fa31afa1d29" testListId="8c84fa94-04c1-424b-9868-57a2d4851a1d" />
    <TestEntry testId="d5f8c3c2-a9a5-eb07-b93b-46d609f0c3dc" executionId="f213c92f-16b8-431c-b796-a943f970023c" testListId="8c84fa94-04c1-424b-9868-57a2d4851a1d" />
    <TestEntry testId="ae82c7d4-c654-11ae-fea8-53b44bb80f4f" executionId="e23fc88b-3553-4c73-a086-bf3dfe97059e" testListId="8c84fa94-04c1-424b-9868-57a2d4851a1d" />
    <TestEntry testId="5b8b81db-6435-f41d-4b44-adb8261ad123" executionId="d9320f23-d271-448a-860a-0b7762614424" testListId="8c84fa94-04c1-424b-9868-57a2d4851a1d" />
    <TestEntry testId="e7ba3aa3-6398-cc16-982e-6eefec72ec16" executionId="0c146563-19be-4b2c-8a7d-b464472a7375" testListId="8c84fa94-04c1-424b-9868-57a2d4851a1d" />
    <TestEntry testId="7b338e88-2e27-6839-4b4f-7ca54d4a9a6d" executionId="3e2694e9-1293-4412-97b6-2d801f566330" testListId="8c84fa94-04c1-424b-9868-57a2d4851a1d" />
    <TestEntry testId="e3acd009-3e84-6578-3360-0227d4dcd6ac" executionId="de2ef80e-3f15-4754-a8f6-954335a5a9f6" testListId="8c84fa94-04c1-424b-9868-57a2d4851a1d" />
    <TestEntry testId="8da2c1c6-4304-ff8d-a0d9-77a4b0b2f634" executionId="414333b1-ac65-45d4-916c-175b6ad5c00c" testListId="8c84fa94-04c1-424b-9868-57a2d4851a1d" />
    <TestEntry testId="f776138d-14bc-0f09-68f5-b87a21ee8e25" executionId="92313f07-dfb0-4c38-9939-93202d2aa496" testListId="8c84fa94-04c1-424b-9868-57a2d4851a1d" />
    <TestEntry testId="b7146973-5b35-55e3-9385-7a4e26e9ef72" executionId="cc929b9e-acfe-42c4-9cd5-ee56f0eb69a8" testListId="8c84fa94-04c1-424b-9868-57a2d4851a1d" />
    <TestEntry testId="066fb686-5f70-eed8-93b3-7b0e9996abab" executionId="9fa17d9f-ffef-44bf-b313-2043e24ef437" testListId="8c84fa94-04c1-424b-9868-57a2d4851a1d" />
    <TestEntry testId="2c05eeae-bbff-92b1-77a7-96f3f87011f2" executionId="74f2bfff-5543-446c-97fa-ddcc795bb579" testListId="8c84fa94-04c1-424b-9868-57a2d4851a1d" />
    <TestEntry testId="ebde63c6-c048-e1a0-be5b-7ff4d7d20c59" executionId="f15a185d-c709-4d18-896d-7efbeb09529b" testListId="8c84fa94-04c1-424b-9868-57a2d4851a1d" />
    <TestEntry testId="fab46ad7-8ee8-a3d6-c3c7-34529a193d33" executionId="0b599d53-5299-472d-82b9-1a552426ef3f" testListId="8c84fa94-04c1-424b-9868-57a2d4851a1d" />
    <TestEntry testId="d90ea5ef-be71-9ebf-24a9-82c434383627" executionId="cea217cc-dfcc-461b-84f5-0b27debf3841" testListId="8c84fa94-04c1-424b-9868-57a2d4851a1d" />
    <TestEntry testId="4d939719-dce6-f155-97f2-33507c3a5453" executionId="9ccfd2ad-dfb8-457d-ba48-09d992694711" testListId="8c84fa94-04c1-424b-9868-57a2d4851a1d" />
    <TestEntry testId="b9c2ee47-4ca1-58cd-8d62-3416cde8c546" executionId="8a4ad09e-ab7e-47bb-bde4-75fab0d2affd" testListId="8c84fa94-04c1-424b-9868-57a2d4851a1d" />
    <TestEntry testId="5dc6e21f-3c8a-b025-59fe-fb21367002c6" executionId="13a4e96a-f9f2-4aa8-a027-5aca8e527769" testListId="8c84fa94-04c1-424b-9868-57a2d4851a1d" />
    <TestEntry testId="a606f53f-c98f-ea7b-ceb8-a16e65ceec7e" executionId="1df41c23-9a81-49d7-818e-c90abd1fc39a" testListId="8c84fa94-04c1-424b-9868-57a2d4851a1d" />
    <TestEntry testId="29abc3e1-df75-6cb0-0fff-ec2976aada1e" executionId="a49e8c94-4d25-4aa8-bd68-6490a8ba08aa" testListId="8c84fa94-04c1-424b-9868-57a2d4851a1d" />
    <TestEntry testId="97b7cf31-106f-32ee-b47d-cede1d94b4f9" executionId="4f06eda1-e0cf-4ac7-9901-e2ad46ab1bd8" testListId="8c84fa94-04c1-424b-9868-57a2d4851a1d" />
    <TestEntry testId="fa53b91c-ae03-9e15-e83e-3035c4dc2921" executionId="a0146490-5d56-44fc-9a8e-e61401cf8da4" testListId="8c84fa94-04c1-424b-9868-57a2d4851a1d" />
    <TestEntry testId="1173e4eb-a119-acb2-0ded-1c7b62685ecf" executionId="97719e6b-193a-4c0d-883d-a53ac97daa3b" testListId="8c84fa94-04c1-424b-9868-57a2d4851a1d" />
    <TestEntry testId="9e0c26c5-8b72-b03d-81db-f189b828bd92" executionId="1ee513d9-fb3c-49c9-b88a-8573db79dbbe" testListId="8c84fa94-04c1-424b-9868-57a2d4851a1d" />
  </TestEntries>
  <TestLists>
    <TestList name="Results Not in a List" id="8c84fa94-04c1-424b-9868-57a2d4851a1d" />
    <TestList name="All Loaded Results" id="19431567-8539-422a-85d7-44ee4e166bda" />
  </TestLists>
  <ResultSummary outcome="Completed">
    <Counters total="63" executed="63" passed="63" failed="0" error="0" timeout="0" aborted="0" inconclusive="0" passedButRunAborted="0" notRunnable="0" notExecuted="0" disconnected="0" warning="0" completed="0" inProgress="0" pending="0" />
  </ResultSummary>
</TestRun>