<?xml version="1.0" encoding="utf-8"?>
<TestRun id="3bf95f2d-1bb6-4cc1-8647-710ed5e4c500" name="DKSR-EFI-04$@DKSR-EFI-04 2023-12-22 09:35:21" runUser="NT AUTHORITY\NETWORK SERVICE" xmlns="http://microsoft.com/schemas/VisualStudio/TeamTest/2010">
  <Times creation="2023-12-22T09:35:21.9286778+01:00" queuing="2023-12-22T09:35:21.9286778+01:00" start="2023-12-22T09:35:12.1473750+01:00" finish="2023-12-22T09:35:52.4913367+01:00" />
  <TestSettings name="default" id="3ec6d869-3b69-40ad-8abf-74332afac721">
    <Deployment runDeploymentRoot="DKSR-EFI-04$_DKSR-EFI-04_2023-12-22_09_35_21" />
  </TestSettings>
  <Results>
    <UnitTestResult executionId="38b71f30-f640-4e66-850f-99ba575e26d9" testId="f2c0a450-d0c4-47dc-f6dd-ff5c0f17d6ac" testName="Initiate_EmptyTokenAndEmptyCameraId_throwException" computerName="DKSR-EFI-04" duration="00:00:01.1108665" startTime="2023-12-22T09:35:22.8184483+01:00" endTime="2023-12-22T09:35:23.9297084+01:00" testType="13cdc9d9-ddb5-4fa4-a97d-d965ccfc6d4b" outcome="Passed" testListId="8c84fa94-04c1-424b-9868-57a2d4851a1d" relativeResultsDirectory="38b71f30-f640-4e66-850f-99ba575e26d9" />
    <UnitTestResult executionId="e7a141ff-b954-45a5-9c96-863cd4b033f0" testId="08a47bd6-e00c-2516-fef8-0cce4c6fa71a" testName="GetSession_ReturnSession" computerName="DKSR-EFI-04" duration="00:00:01.9826045" startTime="2023-12-22T09:35:23.9425459+01:00" endTime="2023-12-22T09:35:25.9253434+01:00" testType="13cdc9d9-ddb5-4fa4-a97d-d965ccfc6d4b" outcome="Passed" testListId="8c84fa94-04c1-424b-9868-57a2d4851a1d" relativeResultsDirectory="e7a141ff-b954-45a5-9c96-863cd4b033f0" />
    <UnitTestResult executionId="3f5730c3-13c4-469d-a3cd-d09d62e1551d" testId="f357a597-00f4-bef9-ea23-1ce2da16443a" testName="PlaybackVideoSource_Initialize_CameraNotFound" computerName="DKSR-EFI-04" duration="00:00:00.0008633" startTime="2023-12-22T09:35:52.2521559+01:00" endTime="2023-12-22T09:35:52.2531552+01:00" testType="13cdc9d9-ddb5-4fa4-a97d-d965ccfc6d4b" outcome="Passed" testListId="8c84fa94-04c1-424b-9868-57a2d4851a1d" relativeResultsDirectory="3f5730c3-13c4-469d-a3cd-d09d62e1551d" />
    <UnitTestResult executionId="92a85f85-486d-47ea-b5c9-4e2cfe6b4b31" testId="a8e1dc2b-19e6-5e03-dc47-ced216f80e37" testName="UpdateSession_AddAnswerSDP_RejectedOffer_VP8" computerName="DKSR-EFI-04" duration="00:00:01.6533262" startTime="2023-12-22T09:35:45.4021230+01:00" endTime="2023-12-22T09:35:47.0556470+01:00" testType="13cdc9d9-ddb5-4fa4-a97d-d965ccfc6d4b" outcome="Passed" testListId="8c84fa94-04c1-424b-9868-57a2d4851a1d" relativeResultsDirectory="92a85f85-486d-47ea-b5c9-4e2cfe6b4b31" />
    <UnitTestResult executionId="f7631df7-080d-4e4b-866b-fa6fb71b6a5b" testId="872d6a57-857d-9f03-d97c-643b6a1ea6eb" testName="VideoSource_Initialize_ErrorCodeFromCamera (9a065be3-e917-4b84-a0d4-1b21b00c8e2c,Connection to database failed)" computerName="DKSR-EFI-04" duration="00:00:00.0051173" startTime="2023-12-22T09:35:52.2462318+01:00" endTime="2023-12-22T09:35:52.2515306+01:00" testType="13cdc9d9-ddb5-4fa4-a97d-d965ccfc6d4b" outcome="Passed" testListId="8c84fa94-04c1-424b-9868-57a2d4851a1d" relativeResultsDirectory="f7631df7-080d-4e4b-866b-fa6fb71b6a5b" />
    <UnitTestResult executionId="32b95948-87ba-4f01-a5fd-a09c908546b4" testId="b5bebef7-ee13-0f1f-a01d-f651ff7bae76" testName="InitiateSession_CreateNewSession" computerName="DKSR-EFI-04" duration="00:00:01.5946998" startTime="2023-12-22T09:35:19.5620263+01:00" endTime="2023-12-22T09:35:21.1939971+01:00" testType="13cdc9d9-ddb5-4fa4-a97d-d965ccfc6d4b" outcome="Passed" testListId="8c84fa94-04c1-424b-9868-57a2d4851a1d" relativeResultsDirectory="32b95948-87ba-4f01-a5fd-a09c908546b4" />
    <UnitTestResult executionId="17d81a58-413e-4a11-a5db-7fd2ab4c264d" testId="1f01b85a-e454-8b81-87b8-22079c441433" testName="VideoSource_Initialize_InvalidStreamId" computerName="DKSR-EFI-04" duration="00:00:00.0047886" startTime="2023-12-22T09:35:52.1774659+01:00" endTime="2023-12-22T09:35:52.1824073+01:00" testType="13cdc9d9-ddb5-4fa4-a97d-d965ccfc6d4b" outcome="Passed" testListId="8c84fa94-04c1-424b-9868-57a2d4851a1d" relativeResultsDirectory="17d81a58-413e-4a11-a5db-7fd2ab4c264d" />
    <UnitTestResult executionId="37052c94-d91d-4cff-86eb-533eee5b8387" testId="0e15ab08-bc82-492d-3358-3f9a6f7b96d1" testName="VideoSource_Initialize_InvalidCodec" computerName="DKSR-EFI-04" duration="00:00:00.0069067" startTime="2023-12-22T09:35:52.2133564+01:00" endTime="2023-12-22T09:35:52.2204337+01:00" testType="13cdc9d9-ddb5-4fa4-a97d-d965ccfc6d4b" outcome="Passed" testListId="8c84fa94-04c1-424b-9868-57a2d4851a1d" relativeResultsDirectory="37052c94-d91d-4cff-86eb-533eee5b8387" />
    <UnitTestResult executionId="b2135339-8432-441d-bc4e-4d8cb977af39" testId="953c9e4c-f86f-df2d-5b7e-03c7a182e919" testName="UpdateSession_AddAnswerSDP_InvalidAnswerSDP" computerName="DKSR-EFI-04" duration="00:00:01.4755255" startTime="2023-12-22T09:35:41.3228808+01:00" endTime="2023-12-22T09:35:42.7986004+01:00" testType="13cdc9d9-ddb5-4fa4-a97d-d965ccfc6d4b" outcome="Passed" testListId="8c84fa94-04c1-424b-9868-57a2d4851a1d" relativeResultsDirectory="b2135339-8432-441d-bc4e-4d8cb977af39" />
    <UnitTestResult executionId="dfd297a7-423c-442f-b916-03823608059d" testId="40d20d36-96a5-6b53-d2ec-f8ace21054e5" testName="UpdateSession_AddAnswerSDP_RejectedOffer_Port0" computerName="DKSR-EFI-04" duration="00:00:02.1273380" startTime="2023-12-22T09:35:47.0567231+01:00" endTime="2023-12-22T09:35:49.1842496+01:00" testType="13cdc9d9-ddb5-4fa4-a97d-d965ccfc6d4b" outcome="Passed" testListId="8c84fa94-04c1-424b-9868-57a2d4851a1d" relativeResultsDirectory="dfd297a7-423c-442f-b916-03823608059d" />
    <UnitTestResult executionId="1450eeb2-cdd3-426b-8256-464fdd6ccdb8" testId="81a6831a-e257-a73e-a66e-328616b2bddb" testName="GetSession_UseInvalidId_ReturnsNull" computerName="DKSR-EFI-04" duration="00:00:01.8036561" startTime="2023-12-22T09:35:25.9259437+01:00" endTime="2023-12-22T09:35:27.7298078+01:00" testType="13cdc9d9-ddb5-4fa4-a97d-d965ccfc6d4b" outcome="Passed" testListId="8c84fa94-04c1-424b-9868-57a2d4851a1d" relativeResultsDirectory="1450eeb2-cdd3-426b-8256-464fdd6ccdb8" />
    <UnitTestResult executionId="3b32e09b-ac85-4d58-af45-ffc2ad310ef8" testId="20bc7101-0859-dc5b-d306-ced155811622" testName="Initiate_MultiUserEnvironmentNotInitialized_throwException" computerName="DKSR-EFI-04" duration="00:00:00.0055395" startTime="2023-12-22T09:35:23.9303226+01:00" endTime="2023-12-22T09:35:23.9360709+01:00" testType="13cdc9d9-ddb5-4fa4-a97d-d965ccfc6d4b" outcome="Passed" testListId="8c84fa94-04c1-424b-9868-57a2d4851a1d" relativeResultsDirectory="3b32e09b-ac85-4d58-af45-ffc2ad310ef8" />
    <UnitTestResult executionId="85b1bd3b-5ea7-4e46-bb99-940acacb8bd8" testId="3bdb0575-eeed-1fc1-4124-8daf769528f4" testName="InitiateSession_CreateNewPlaybackSession" computerName="DKSR-EFI-04" duration="00:00:01.6034224" startTime="2023-12-22T09:35:21.2131916+01:00" endTime="2023-12-22T09:35:22.8168966+01:00" testType="13cdc9d9-ddb5-4fa4-a97d-d965ccfc6d4b" outcome="Passed" testListId="8c84fa94-04c1-424b-9868-57a2d4851a1d" relativeResultsDirectory="85b1bd3b-5ea7-4e46-bb99-940acacb8bd8" />
    <UnitTestResult executionId="ce861c56-41b3-4323-a961-31cce18b068f" testId="20970a6b-34c7-ecb5-4935-bfa48fd514e2" testName="VideoSource_Initialize_CameraHasPrivacyProtection" computerName="DKSR-EFI-04" duration="00:00:00.0162871" startTime="2023-12-22T09:35:52.1964221+01:00" endTime="2023-12-22T09:35:52.2128406+01:00" testType="13cdc9d9-ddb5-4fa4-a97d-d965ccfc6d4b" outcome="Passed" testListId="8c84fa94-04c1-424b-9868-57a2d4851a1d" relativeResultsDirectory="ce861c56-41b3-4323-a961-31cce18b068f" />
    <UnitTestResult executionId="26609834-cc9a-42f7-9c11-3973baf87853" testId="fbf66dc1-14de-3337-7d06-f45bde07193b" testName="PlaybackVideoSource_Initialize_CameraHasPrivacyProtection" computerName="DKSR-EFI-04" duration="00:00:00.0006402" startTime="2023-12-22T09:35:52.2536906+01:00" endTime="2023-12-22T09:35:52.2544775+01:00" testType="13cdc9d9-ddb5-4fa4-a97d-d965ccfc6d4b" outcome="Passed" testListId="8c84fa94-04c1-424b-9868-57a2d4851a1d" relativeResultsDirectory="26609834-cc9a-42f7-9c11-3973baf87853" />
    <UnitTestResult executionId="5f90ff2a-93bd-459e-a85d-da51a10bfb20" testId="470915c9-5938-1f5b-1eb8-c8f22fb183b4" testName="UpdateSession_AddAnswerSDP_InvalidSessionId" computerName="DKSR-EFI-04" duration="00:00:01.0539783" startTime="2023-12-22T09:35:40.2681572+01:00" endTime="2023-12-22T09:35:41.3223711+01:00" testType="13cdc9d9-ddb5-4fa4-a97d-d965ccfc6d4b" outcome="Passed" testListId="8c84fa94-04c1-424b-9868-57a2d4851a1d" relativeResultsDirectory="5f90ff2a-93bd-459e-a85d-da51a10bfb20" />
    <UnitTestResult executionId="d6d2b1e8-610a-44f8-9ffb-a481db41e0fc" testId="fa4371f5-a22e-5dd4-c71b-9c4d8d38e2d9" testName="GetServerCandidates_ReturnCandidates" computerName="DKSR-EFI-04" duration="00:00:02.1866675" startTime="2023-12-22T09:35:29.0140769+01:00" endTime="2023-12-22T09:35:31.2009569+01:00" testType="13cdc9d9-ddb5-4fa4-a97d-d965ccfc6d4b" outcome="Passed" testListId="8c84fa94-04c1-424b-9868-57a2d4851a1d" relativeResultsDirectory="d6d2b1e8-610a-44f8-9ffb-a481db41e0fc" />
    <UnitTestResult executionId="b35110fd-a065-4001-bd46-8d29842cacea" testId="bc3de5c1-f38b-038c-7d7c-08ca19c910ed" testName="AddAndGetIceCandidates_AddmDNSCandidate_SessionContainsCandidateIp" computerName="DKSR-EFI-04" duration="00:00:02.5738726" startTime="2023-12-22T09:35:33.4614483+01:00" endTime="2023-12-22T09:35:36.0355540+01:00" testType="13cdc9d9-ddb5-4fa4-a97d-d965ccfc6d4b" outcome="Passed" testListId="8c84fa94-04c1-424b-9868-57a2d4851a1d" relativeResultsDirectory="b35110fd-a065-4001-bd46-8d29842cacea" />
    <UnitTestResult executionId="39fa5649-3db1-4139-816b-290076c37a8f" testId="96b12c80-a7ca-8b12-b91c-ecbaa93d1101" testName="VideoSource_Initialize_Success" computerName="DKSR-EFI-04" duration="00:00:00.2791349" startTime="2023-12-22T09:35:51.8972881+01:00" endTime="2023-12-22T09:35:52.1769052+01:00" testType="13cdc9d9-ddb5-4fa4-a97d-d965ccfc6d4b" outcome="Passed" testListId="8c84fa94-04c1-424b-9868-57a2d4851a1d" relativeResultsDirectory="39fa5649-3db1-4139-816b-290076c37a8f" />
    <UnitTestResult executionId="1cd71c4a-84f7-44c2-9641-902d6551dd8f" testId="eeecb076-d9d9-afcb-0bd7-bead1908c417" testName="UpdateSession_AddAnswerSDP_RejectedOffer_Inactive" computerName="DKSR-EFI-04" duration="00:00:02.6016336" startTime="2023-12-22T09:35:42.7991808+01:00" endTime="2023-12-22T09:35:45.4010318+01:00" testType="13cdc9d9-ddb5-4fa4-a97d-d965ccfc6d4b" outcome="Passed" testListId="8c84fa94-04c1-424b-9868-57a2d4851a1d" relativeResultsDirectory="1cd71c4a-84f7-44c2-9641-902d6551dd8f" />
    <UnitTestResult executionId="daab7c93-b783-4607-b638-51e1a2bfcc62" testId="f4d08644-b7d7-15a0-e095-abee2055dd6c" testName="VideoSource_Initialize_ValidStreamId" computerName="DKSR-EFI-04" duration="00:00:00.0113348" startTime="2023-12-22T09:35:52.1829769+01:00" endTime="2023-12-22T09:35:52.1944837+01:00" testType="13cdc9d9-ddb5-4fa4-a97d-d965ccfc6d4b" outcome="Passed" testListId="8c84fa94-04c1-424b-9868-57a2d4851a1d" relativeResultsDirectory="daab7c93-b783-4607-b638-51e1a2bfcc62" />
    <UnitTestResult executionId="93b99c1d-32ab-4ec4-b023-ab65cc24f764" testId="17bb3d93-1aa1-58e2-5e0d-fbf18944daa1" testName="UpdateSession_AddAnswerSDP_SessionContainAnswerSDP" computerName="DKSR-EFI-04" duration="00:00:00.8276837" startTime="2023-12-22T09:35:36.0368958+01:00" endTime="2023-12-22T09:35:36.8647861+01:00" testType="13cdc9d9-ddb5-4fa4-a97d-d965ccfc6d4b" outcome="Passed" testListId="8c84fa94-04c1-424b-9868-57a2d4851a1d" relativeResultsDirectory="93b99c1d-32ab-4ec4-b023-ab65cc24f764" />
    <UnitTestResult executionId="95bcde94-9340-4248-907e-e8759c1534aa" testId="10139fe5-793a-1836-e4c2-a588f86d701c" testName="GetIceCandidates_InvalidId_ThrowException" computerName="DKSR-EFI-04" duration="00:00:01.5657059" startTime="2023-12-22T09:35:50.3304779+01:00" endTime="2023-12-22T09:35:51.8967132+01:00" testType="13cdc9d9-ddb5-4fa4-a97d-d965ccfc6d4b" outcome="Passed" testListId="8c84fa94-04c1-424b-9868-57a2d4851a1d" relativeResultsDirectory="95bcde94-9340-4248-907e-e8759c1534aa" />
    <UnitTestResult executionId="37672505-c544-4384-af75-37dedec83960" testId="296ea300-e0fe-2220-f1b8-cd54e380929c" testName="VideoSource_Initialize_ErrorCodeFromCamera (a96d164a-1565-457b-a616-a5e0daef5e6d,Live video stopped)" computerName="DKSR-EFI-04" duration="00:00:00.0049579" startTime="2023-12-22T09:35:52.2404933+01:00" endTime="2023-12-22T09:35:52.2456700+01:00" testType="13cdc9d9-ddb5-4fa4-a97d-d965ccfc6d4b" outcome="Passed" testListId="8c84fa94-04c1-424b-9868-57a2d4851a1d" relativeResultsDirectory="37672505-c544-4384-af75-37dedec83960" />
    <UnitTestResult executionId="11924f5d-d4aa-47f3-aa62-c1fe9d06e34a" testId="5c5d3cf1-3783-7770-de74-316a7fcec076" testName="VideoSource_Initialize_ErrorCodeFromCamera (c0c18f5c-f79b-4ba1-8012-2489f3a1104b,Connection to camera was lost)" computerName="DKSR-EFI-04" duration="00:00:00.0093620" startTime="2023-12-22T09:35:52.2226710+01:00" endTime="2023-12-22T09:35:52.2398398+01:00" testType="13cdc9d9-ddb5-4fa4-a97d-d965ccfc6d4b" outcome="Passed" testListId="8c84fa94-04c1-424b-9868-57a2d4851a1d" relativeResultsDirectory="11924f5d-d4aa-47f3-aa62-c1fe9d06e34a" />
    <UnitTestResult executionId="6559d98e-7f81-48d1-9469-0e278917de9f" testId="bbfb2e9b-80a9-b436-fc52-b2bd894053e1" testName="UpdateSession_Token_TokenUpdatedSuccessfull" computerName="DKSR-EFI-04" duration="00:00:03.4015772" startTime="2023-12-22T09:35:36.8653078+01:00" endTime="2023-12-22T09:35:40.2670831+01:00" testType="13cdc9d9-ddb5-4fa4-a97d-d965ccfc6d4b" outcome="Passed" testListId="8c84fa94-04c1-424b-9868-57a2d4851a1d" relativeResultsDirectory="6559d98e-7f81-48d1-9469-0e278917de9f" />
    <UnitTestResult executionId="80190ae2-857f-4799-be41-f653ab81e6db" testId="eb84f7ad-da65-f36d-aa94-b2adace1b1e6" testName="CloseSession_CallLogoutAndRemoveSession" computerName="DKSR-EFI-04" duration="00:00:01.2769146" startTime="2023-12-22T09:35:27.7362984+01:00" endTime="2023-12-22T09:35:29.0134685+01:00" testType="13cdc9d9-ddb5-4fa4-a97d-d965ccfc6d4b" outcome="Passed" testListId="8c84fa94-04c1-424b-9868-57a2d4851a1d" relativeResultsDirectory="80190ae2-857f-4799-be41-f653ab81e6db" />
    <UnitTestResult executionId="2a58efbb-ad03-46a6-943e-ca659288eff9" testId="4fc6953f-fd38-4f6c-54fa-487b7e58ee03" testName="AddIceCandidates_UsingInvalidId_ThrowException" computerName="DKSR-EFI-04" duration="00:00:01.1434635" startTime="2023-12-22T09:35:49.1854538+01:00" endTime="2023-12-22T09:35:50.3290985+01:00" testType="13cdc9d9-ddb5-4fa4-a97d-d965ccfc6d4b" outcome="Passed" testListId="8c84fa94-04c1-424b-9868-57a2d4851a1d" relativeResultsDirectory="2a58efbb-ad03-46a6-943e-ca659288eff9" />
    <UnitTestResult executionId="dfa8594e-3331-47f2-b08b-40557e0314b5" testId="8bec9b2e-7c4b-b07f-922a-88393b1b78e0" testName="AddAndGetIceCandidates_AddMultipleIceCandidates_SessionContainsCandidates" computerName="DKSR-EFI-04" duration="00:00:02.2579568" startTime="2023-12-22T09:35:31.2015080+01:00" endTime="2023-12-22T09:35:33.4596515+01:00" testType="13cdc9d9-ddb5-4fa4-a97d-d965ccfc6d4b" outcome="Passed" testListId="8c84fa94-04c1-424b-9868-57a2d4851a1d" relativeResultsDirectory="dfa8594e-3331-47f2-b08b-40557e0314b5" />
    <UnitTestResult executionId="0a3a2b78-9705-46bc-b518-78121c638da3" testId="e1dfa247-b290-520d-ef1d-f2457d6a52b7" testName="Initiate_UserContextCannotLogin_throwException" computerName="DKSR-EFI-04" duration="00:00:00.0051471" startTime="2023-12-22T09:35:23.9367134+01:00" endTime="2023-12-22T09:35:23.9420155+01:00" testType="13cdc9d9-ddb5-4fa4-a97d-d965ccfc6d4b" outcome="Passed" testListId="8c84fa94-04c1-424b-9868-57a2d4851a1d" relativeResultsDirectory="0a3a2b78-9705-46bc-b518-78121c638da3" />
    <UnitTestResult executionId="9ef1cfbe-a8fc-4c1a-b22d-a1cd68d679ed" testId="bb5cc613-c9a4-8c97-2ce1-c754d165c4d9" testName="VideoSource_Initialize_CameraNotFound" computerName="DKSR-EFI-04" duration="00:00:00.0006430" startTime="2023-12-22T09:35:52.1951059+01:00" endTime="2023-12-22T09:35:52.1959015+01:00" testType="13cdc9d9-ddb5-4fa4-a97d-d965ccfc6d4b" outcome="Passed" testListId="8c84fa94-04c1-424b-9868-57a2d4851a1d" relativeResultsDirectory="9ef1cfbe-a8fc-4c1a-b22d-a1cd68d679ed" />
  </Results>
  <TestDefinitions>
    <UnitTest name="UpdateSession_AddAnswerSDP_InvalidAnswerSDP" storage="d:\actions-runner\_work\xpco\xpco\allsolutions\..\mip\streamingprotocols\tst\videoos.webrtc.unittests\bin\x64\debug\net6.0-windows\videoos.webrtc.unittests.dll" id="953c9e4c-f86f-df2d-5b7e-03c7a182e919">
      <Execution id="b2135339-8432-441d-bc4e-4d8cb977af39" />
      <TestMethod codeBase="D:\actions-runner\_work\XPCO\XPCO\AllSolutions\..\MIP\StreamingProtocols\tst\VideoOS.WebRTC.UnitTests\bin\x64\Debug\net6.0-windows\VideoOS.WebRTC.UnitTests.dll" adapterTypeName="executor://mstestadapter/v2" className="VideoOS.WebRTC.UnitTests.SessionHandlerTest" name="UpdateSession_AddAnswerSDP_InvalidAnswerSDP" />
    </UnitTest>
    <UnitTest name="VideoSource_Initialize_ValidStreamId" storage="d:\actions-runner\_work\xpco\xpco\allsolutions\..\mip\streamingprotocols\tst\videoos.webrtc.unittests\bin\x64\debug\net6.0-windows\videoos.webrtc.unittests.dll" id="f4d08644-b7d7-15a0-e095-abee2055dd6c">
      <Execution id="daab7c93-b783-4607-b638-51e1a2bfcc62" />
      <TestMethod codeBase="D:\actions-runner\_work\XPCO\XPCO\AllSolutions\..\MIP\StreamingProtocols\tst\VideoOS.WebRTC.UnitTests\bin\x64\Debug\net6.0-windows\VideoOS.WebRTC.UnitTests.dll" adapterTypeName="executor://mstestadapter/v2" className="VideoOS.WebRTC.UnitTests.VideoSourceTest" name="VideoSource_Initialize_ValidStreamId" />
    </UnitTest>
    <UnitTest name="VideoSource_Initialize_Success" storage="d:\actions-runner\_work\xpco\xpco\allsolutions\..\mip\streamingprotocols\tst\videoos.webrtc.unittests\bin\x64\debug\net6.0-windows\videoos.webrtc.unittests.dll" id="96b12c80-a7ca-8b12-b91c-ecbaa93d1101">
      <Execution id="39fa5649-3db1-4139-816b-290076c37a8f" />
      <TestMethod codeBase="D:\actions-runner\_work\XPCO\XPCO\AllSolutions\..\MIP\StreamingProtocols\tst\VideoOS.WebRTC.UnitTests\bin\x64\Debug\net6.0-windows\VideoOS.WebRTC.UnitTests.dll" adapterTypeName="executor://mstestadapter/v2" className="VideoOS.WebRTC.UnitTests.VideoSourceTest" name="VideoSource_Initialize_Success" />
    </UnitTest>
    <UnitTest name="GetServerCandidates_ReturnCandidates" storage="d:\actions-runner\_work\xpco\xpco\allsolutions\..\mip\streamingprotocols\tst\videoos.webrtc.unittests\bin\x64\debug\net6.0-windows\videoos.webrtc.unittests.dll" id="fa4371f5-a22e-5dd4-c71b-9c4d8d38e2d9">
      <Execution id="d6d2b1e8-610a-44f8-9ffb-a481db41e0fc" />
      <TestMethod codeBase="D:\actions-runner\_work\XPCO\XPCO\AllSolutions\..\MIP\StreamingProtocols\tst\VideoOS.WebRTC.UnitTests\bin\x64\Debug\net6.0-windows\VideoOS.WebRTC.UnitTests.dll" adapterTypeName="executor://mstestadapter/v2" className="VideoOS.WebRTC.UnitTests.SessionHandlerTest" name="GetServerCandidates_ReturnCandidates" />
    </UnitTest>
    <UnitTest name="UpdateSession_Token_TokenUpdatedSuccessfull" storage="d:\actions-runner\_work\xpco\xpco\allsolutions\..\mip\streamingprotocols\tst\videoos.webrtc.unittests\bin\x64\debug\net6.0-windows\videoos.webrtc.unittests.dll" id="bbfb2e9b-80a9-b436-fc52-b2bd894053e1">
      <Execution id="6559d98e-7f81-48d1-9469-0e278917de9f" />
      <TestMethod codeBase="D:\actions-runner\_work\XPCO\XPCO\AllSolutions\..\MIP\StreamingProtocols\tst\VideoOS.WebRTC.UnitTests\bin\x64\Debug\net6.0-windows\VideoOS.WebRTC.UnitTests.dll" adapterTypeName="executor://mstestadapter/v2" className="VideoOS.WebRTC.UnitTests.SessionHandlerTest" name="UpdateSession_Token_TokenUpdatedSuccessfull" />
    </UnitTest>
    <UnitTest name="CloseSession_CallLogoutAndRemoveSession" storage="d:\actions-runner\_work\xpco\xpco\allsolutions\..\mip\streamingprotocols\tst\videoos.webrtc.unittests\bin\x64\debug\net6.0-windows\videoos.webrtc.unittests.dll" id="eb84f7ad-da65-f36d-aa94-b2adace1b1e6">
      <Execution id="80190ae2-857f-4799-be41-f653ab81e6db" />
      <TestMethod codeBase="D:\actions-runner\_work\XPCO\XPCO\AllSolutions\..\MIP\StreamingProtocols\tst\VideoOS.WebRTC.UnitTests\bin\x64\Debug\net6.0-windows\VideoOS.WebRTC.UnitTests.dll" adapterTypeName="executor://mstestadapter/v2" className="VideoOS.WebRTC.UnitTests.SessionHandlerTest" name="CloseSession_CallLogoutAndRemoveSession" />
    </UnitTest>
    <UnitTest name="AddIceCandidates_UsingInvalidId_ThrowException" storage="d:\actions-runner\_work\xpco\xpco\allsolutions\..\mip\streamingprotocols\tst\videoos.webrtc.unittests\bin\x64\debug\net6.0-windows\videoos.webrtc.unittests.dll" id="4fc6953f-fd38-4f6c-54fa-487b7e58ee03">
      <Execution id="2a58efbb-ad03-46a6-943e-ca659288eff9" />
      <TestMethod codeBase="D:\actions-runner\_work\XPCO\XPCO\AllSolutions\..\MIP\StreamingProtocols\tst\VideoOS.WebRTC.UnitTests\bin\x64\Debug\net6.0-windows\VideoOS.WebRTC.UnitTests.dll" adapterTypeName="executor://mstestadapter/v2" className="VideoOS.WebRTC.UnitTests.SessionHandlerTest" name="AddIceCandidates_UsingInvalidId_ThrowException" />
    </UnitTest>
    <UnitTest name="AddAndGetIceCandidates_AddMultipleIceCandidates_SessionContainsCandidates" storage="d:\actions-runner\_work\xpco\xpco\allsolutions\..\mip\streamingprotocols\tst\videoos.webrtc.unittests\bin\x64\debug\net6.0-windows\videoos.webrtc.unittests.dll" id="8bec9b2e-7c4b-b07f-922a-88393b1b78e0">
      <Execution id="dfa8594e-3331-47f2-b08b-40557e0314b5" />
      <TestMethod codeBase="D:\actions-runner\_work\XPCO\XPCO\AllSolutions\..\MIP\StreamingProtocols\tst\VideoOS.WebRTC.UnitTests\bin\x64\Debug\net6.0-windows\VideoOS.WebRTC.UnitTests.dll" adapterTypeName="executor://mstestadapter/v2" className="VideoOS.WebRTC.UnitTests.SessionHandlerTest" name="AddAndGetIceCandidates_AddMultipleIceCandidates_SessionContainsCandidates" />
    </UnitTest>
    <UnitTest name="VideoSource_Initialize_CameraNotFound" storage="d:\actions-runner\_work\xpco\xpco\allsolutions\..\mip\streamingprotocols\tst\videoos.webrtc.unittests\bin\x64\debug\net6.0-windows\videoos.webrtc.unittests.dll" id="bb5cc613-c9a4-8c97-2ce1-c754d165c4d9">
      <Execution id="9ef1cfbe-a8fc-4c1a-b22d-a1cd68d679ed" />
      <TestMethod codeBase="D:\actions-runner\_work\XPCO\XPCO\AllSolutions\..\MIP\StreamingProtocols\tst\VideoOS.WebRTC.UnitTests\bin\x64\Debug\net6.0-windows\VideoOS.WebRTC.UnitTests.dll" adapterTypeName="executor://mstestadapter/v2" className="VideoOS.WebRTC.UnitTests.VideoSourceTest" name="VideoSource_Initialize_CameraNotFound" />
    </UnitTest>
    <UnitTest name="VideoSource_Initialize_ErrorCodeFromCamera (9a065be3-e917-4b84-a0d4-1b21b00c8e2c,Connection to database failed)" storage="d:\actions-runner\_work\xpco\xpco\allsolutions\..\mip\streamingprotocols\tst\videoos.webrtc.unittests\bin\x64\debug\net6.0-windows\videoos.webrtc.unittests.dll" id="872d6a57-857d-9f03-d97c-643b6a1ea6eb">
      <Execution id="f7631df7-080d-4e4b-866b-fa6fb71b6a5b" />
      <TestMethod codeBase="D:\actions-runner\_work\XPCO\XPCO\AllSolutions\..\MIP\StreamingProtocols\tst\VideoOS.WebRTC.UnitTests\bin\x64\Debug\net6.0-windows\VideoOS.WebRTC.UnitTests.dll" adapterTypeName="executor://mstestadapter/v2" className="VideoOS.WebRTC.UnitTests.VideoSourceTest" name="VideoSource_Initialize_ErrorCodeFromCamera" />
    </UnitTest>
    <UnitTest name="VideoSource_Initialize_InvalidStreamId" storage="d:\actions-runner\_work\xpco\xpco\allsolutions\..\mip\streamingprotocols\tst\videoos.webrtc.unittests\bin\x64\debug\net6.0-windows\videoos.webrtc.unittests.dll" id="1f01b85a-e454-8b81-87b8-22079c441433">
      <Execution id="17d81a58-413e-4a11-a5db-7fd2ab4c264d" />
      <TestMethod codeBase="D:\actions-runner\_work\XPCO\XPCO\AllSolutions\..\MIP\StreamingProtocols\tst\VideoOS.WebRTC.UnitTests\bin\x64\Debug\net6.0-windows\VideoOS.WebRTC.UnitTests.dll" adapterTypeName="executor://mstestadapter/v2" className="VideoOS.WebRTC.UnitTests.VideoSourceTest" name="VideoSource_Initialize_InvalidStreamId" />
    </UnitTest>
    <UnitTest name="PlaybackVideoSource_Initialize_CameraNotFound" storage="d:\actions-runner\_work\xpco\xpco\allsolutions\..\mip\streamingprotocols\tst\videoos.webrtc.unittests\bin\x64\debug\net6.0-windows\videoos.webrtc.unittests.dll" id="f357a597-00f4-bef9-ea23-1ce2da16443a">
      <Execution id="3f5730c3-13c4-469d-a3cd-d09d62e1551d" />
      <TestMethod codeBase="D:\actions-runner\_work\XPCO\XPCO\AllSolutions\..\MIP\StreamingProtocols\tst\VideoOS.WebRTC.UnitTests\bin\x64\Debug\net6.0-windows\VideoOS.WebRTC.UnitTests.dll" adapterTypeName="executor://mstestadapter/v2" className="VideoOS.WebRTC.UnitTests.VideoSourceTest" name="PlaybackVideoSource_Initialize_CameraNotFound" />
    </UnitTest>
    <UnitTest name="Initiate_UserContextCannotLogin_throwException" storage="d:\actions-runner\_work\xpco\xpco\allsolutions\..\mip\streamingprotocols\tst\videoos.webrtc.unittests\bin\x64\debug\net6.0-windows\videoos.webrtc.unittests.dll" id="e1dfa247-b290-520d-ef1d-f2457d6a52b7">
      <Execution id="0a3a2b78-9705-46bc-b518-78121c638da3" />
      <TestMethod codeBase="D:\actions-runner\_work\XPCO\XPCO\AllSolutions\..\MIP\StreamingProtocols\tst\VideoOS.WebRTC.UnitTests\bin\x64\Debug\net6.0-windows\VideoOS.WebRTC.UnitTests.dll" adapterTypeName="executor://mstestadapter/v2" className="VideoOS.WebRTC.UnitTests.SessionHandlerTest" name="Initiate_UserContextCannotLogin_throwException" />
    </UnitTest>
    <UnitTest name="PlaybackVideoSource_Initialize_CameraHasPrivacyProtection" storage="d:\actions-runner\_work\xpco\xpco\allsolutions\..\mip\streamingprotocols\tst\videoos.webrtc.unittests\bin\x64\debug\net6.0-windows\videoos.webrtc.unittests.dll" id="fbf66dc1-14de-3337-7d06-f45bde07193b">
      <Execution id="26609834-cc9a-42f7-9c11-3973baf87853" />
      <TestMethod codeBase="D:\actions-runner\_work\XPCO\XPCO\AllSolutions\..\MIP\StreamingProtocols\tst\VideoOS.WebRTC.UnitTests\bin\x64\Debug\net6.0-windows\VideoOS.WebRTC.UnitTests.dll" adapterTypeName="executor://mstestadapter/v2" className="VideoOS.WebRTC.UnitTests.VideoSourceTest" name="PlaybackVideoSource_Initialize_CameraHasPrivacyProtection" />
    </UnitTest>
    <UnitTest name="UpdateSession_AddAnswerSDP_RejectedOffer_Inactive" storage="d:\actions-runner\_work\xpco\xpco\allsolutions\..\mip\streamingprotocols\tst\videoos.webrtc.unittests\bin\x64\debug\net6.0-windows\videoos.webrtc.unittests.dll" id="eeecb076-d9d9-afcb-0bd7-bead1908c417">
      <Execution id="1cd71c4a-84f7-44c2-9641-902d6551dd8f" />
      <TestMethod codeBase="D:\actions-runner\_work\XPCO\XPCO\AllSolutions\..\MIP\StreamingProtocols\tst\VideoOS.WebRTC.UnitTests\bin\x64\Debug\net6.0-windows\VideoOS.WebRTC.UnitTests.dll" adapterTypeName="executor://mstestadapter/v2" className="VideoOS.WebRTC.UnitTests.SessionHandlerTest" name="UpdateSession_AddAnswerSDP_RejectedOffer_Inactive" />
    </UnitTest>
    <UnitTest name="UpdateSession_AddAnswerSDP_RejectedOffer_VP8" storage="d:\actions-runner\_work\xpco\xpco\allsolutions\..\mip\streamingprotocols\tst\videoos.webrtc.unittests\bin\x64\debug\net6.0-windows\videoos.webrtc.unittests.dll" id="a8e1dc2b-19e6-5e03-dc47-ced216f80e37">
      <Execution id="92a85f85-486d-47ea-b5c9-4e2cfe6b4b31" />
      <TestMethod codeBase="D:\actions-runner\_work\XPCO\XPCO\AllSolutions\..\MIP\StreamingProtocols\tst\VideoOS.WebRTC.UnitTests\bin\x64\Debug\net6.0-windows\VideoOS.WebRTC.UnitTests.dll" adapterTypeName="executor://mstestadapter/v2" className="VideoOS.WebRTC.UnitTests.SessionHandlerTest" name="UpdateSession_AddAnswerSDP_RejectedOffer_VP8" />
    </UnitTest>
    <UnitTest name="InitiateSession_CreateNewSession" storage="d:\actions-runner\_work\xpco\xpco\allsolutions\..\mip\streamingprotocols\tst\videoos.webrtc.unittests\bin\x64\debug\net6.0-windows\videoos.webrtc.unittests.dll" id="b5bebef7-ee13-0f1f-a01d-f651ff7bae76">
      <Execution id="32b95948-87ba-4f01-a5fd-a09c908546b4" />
      <TestMethod codeBase="D:\actions-runner\_work\XPCO\XPCO\AllSolutions\..\MIP\StreamingProtocols\tst\VideoOS.WebRTC.UnitTests\bin\x64\Debug\net6.0-windows\VideoOS.WebRTC.UnitTests.dll" adapterTypeName="executor://mstestadapter/v2" className="VideoOS.WebRTC.UnitTests.SessionHandlerTest" name="InitiateSession_CreateNewSession" />
    </UnitTest>
    <UnitTest name="GetIceCandidates_InvalidId_ThrowException" storage="d:\actions-runner\_work\xpco\xpco\allsolutions\..\mip\streamingprotocols\tst\videoos.webrtc.unittests\bin\x64\debug\net6.0-windows\videoos.webrtc.unittests.dll" id="10139fe5-793a-1836-e4c2-a588f86d701c">
      <Execution id="95bcde94-9340-4248-907e-e8759c1534aa" />
      <TestMethod codeBase="D:\actions-runner\_work\XPCO\XPCO\AllSolutions\..\MIP\StreamingProtocols\tst\VideoOS.WebRTC.UnitTests\bin\x64\Debug\net6.0-windows\VideoOS.WebRTC.UnitTests.dll" adapterTypeName="executor://mstestadapter/v2" className="VideoOS.WebRTC.UnitTests.SessionHandlerTest" name="GetIceCandidates_InvalidId_ThrowException" />
    </UnitTest>
    <UnitTest name="UpdateSession_AddAnswerSDP_SessionContainAnswerSDP" storage="d:\actions-runner\_work\xpco\xpco\allsolutions\..\mip\streamingprotocols\tst\videoos.webrtc.unittests\bin\x64\debug\net6.0-windows\videoos.webrtc.unittests.dll" id="17bb3d93-1aa1-58e2-5e0d-fbf18944daa1">
      <Execution id="93b99c1d-32ab-4ec4-b023-ab65cc24f764" />
      <TestMethod codeBase="D:\actions-runner\_work\XPCO\XPCO\AllSolutions\..\MIP\StreamingProtocols\tst\VideoOS.WebRTC.UnitTests\bin\x64\Debug\net6.0-windows\VideoOS.WebRTC.UnitTests.dll" adapterTypeName="executor://mstestadapter/v2" className="VideoOS.WebRTC.UnitTests.SessionHandlerTest" name="UpdateSession_AddAnswerSDP_SessionContainAnswerSDP" />
    </UnitTest>
    <UnitTest name="GetSession_ReturnSession" storage="d:\actions-runner\_work\xpco\xpco\allsolutions\..\mip\streamingprotocols\tst\videoos.webrtc.unittests\bin\x64\debug\net6.0-windows\videoos.webrtc.unittests.dll" id="08a47bd6-e00c-2516-fef8-0cce4c6fa71a">
      <Execution id="e7a141ff-b954-45a5-9c96-863cd4b033f0" />
      <TestMethod codeBase="D:\actions-runner\_work\XPCO\XPCO\AllSolutions\..\MIP\StreamingProtocols\tst\VideoOS.WebRTC.UnitTests\bin\x64\Debug\net6.0-windows\VideoOS.WebRTC.UnitTests.dll" adapterTypeName="executor://mstestadapter/v2" className="VideoOS.WebRTC.UnitTests.SessionHandlerTest" name="GetSession_ReturnSession" />
    </UnitTest>
    <UnitTest name="Initiate_MultiUserEnvironmentNotInitialized_throwException" storage="d:\actions-runner\_work\xpco\xpco\allsolutions\..\mip\streamingprotocols\tst\videoos.webrtc.unittests\bin\x64\debug\net6.0-windows\videoos.webrtc.unittests.dll" id="20bc7101-0859-dc5b-d306-ced155811622">
      <Execution id="3b32e09b-ac85-4d58-af45-ffc2ad310ef8" />
      <TestMethod codeBase="D:\actions-runner\_work\XPCO\XPCO\AllSolutions\..\MIP\StreamingProtocols\tst\VideoOS.WebRTC.UnitTests\bin\x64\Debug\net6.0-windows\VideoOS.WebRTC.UnitTests.dll" adapterTypeName="executor://mstestadapter/v2" className="VideoOS.WebRTC.UnitTests.SessionHandlerTest" name="Initiate_MultiUserEnvironmentNotInitialized_throwException" />
    </UnitTest>
    <UnitTest name="InitiateSession_CreateNewPlaybackSession" storage="d:\actions-runner\_work\xpco\xpco\allsolutions\..\mip\streamingprotocols\tst\videoos.webrtc.unittests\bin\x64\debug\net6.0-windows\videoos.webrtc.unittests.dll" id="3bdb0575-eeed-1fc1-4124-8daf769528f4">
      <Execution id="85b1bd3b-5ea7-4e46-bb99-940acacb8bd8" />
      <TestMethod codeBase="D:\actions-runner\_work\XPCO\XPCO\AllSolutions\..\MIP\StreamingProtocols\tst\VideoOS.WebRTC.UnitTests\bin\x64\Debug\net6.0-windows\VideoOS.WebRTC.UnitTests.dll" adapterTypeName="executor://mstestadapter/v2" className="VideoOS.WebRTC.UnitTests.SessionHandlerTest" name="InitiateSession_CreateNewPlaybackSession" />
    </UnitTest>
    <UnitTest name="VideoSource_Initialize_ErrorCodeFromCamera (a96d164a-1565-457b-a616-a5e0daef5e6d,Live video stopped)" storage="d:\actions-runner\_work\xpco\xpco\allsolutions\..\mip\streamingprotocols\tst\videoos.webrtc.unittests\bin\x64\debug\net6.0-windows\videoos.webrtc.unittests.dll" id="296ea300-e0fe-2220-f1b8-cd54e380929c">
      <Execution id="37672505-c544-4384-af75-37dedec83960" />
      <TestMethod codeBase="D:\actions-runner\_work\XPCO\XPCO\AllSolutions\..\MIP\StreamingProtocols\tst\VideoOS.WebRTC.UnitTests\bin\x64\Debug\net6.0-windows\VideoOS.WebRTC.UnitTests.dll" adapterTypeName="executor://mstestadapter/v2" className="VideoOS.WebRTC.UnitTests.VideoSourceTest" name="VideoSource_Initialize_ErrorCodeFromCamera" />
    </UnitTest>
    <UnitTest name="VideoSource_Initialize_ErrorCodeFromCamera (c0c18f5c-f79b-4ba1-8012-2489f3a1104b,Connection to camera was lost)" storage="d:\actions-runner\_work\xpco\xpco\allsolutions\..\mip\streamingprotocols\tst\videoos.webrtc.unittests\bin\x64\debug\net6.0-windows\videoos.webrtc.unittests.dll" id="5c5d3cf1-3783-7770-de74-316a7fcec076">
      <Execution id="11924f5d-d4aa-47f3-aa62-c1fe9d06e34a" />
      <TestMethod codeBase="D:\actions-runner\_work\XPCO\XPCO\AllSolutions\..\MIP\StreamingProtocols\tst\VideoOS.WebRTC.UnitTests\bin\x64\Debug\net6.0-windows\VideoOS.WebRTC.UnitTests.dll" adapterTypeName="executor://mstestadapter/v2" className="VideoOS.WebRTC.UnitTests.VideoSourceTest" name="VideoSource_Initialize_ErrorCodeFromCamera" />
    </UnitTest>
    <UnitTest name="UpdateSession_AddAnswerSDP_RejectedOffer_Port0" storage="d:\actions-runner\_work\xpco\xpco\allsolutions\..\mip\streamingprotocols\tst\videoos.webrtc.unittests\bin\x64\debug\net6.0-windows\videoos.webrtc.unittests.dll" id="40d20d36-96a5-6b53-d2ec-f8ace21054e5">
      <Execution id="dfd297a7-423c-442f-b916-03823608059d" />
      <TestMethod codeBase="D:\actions-runner\_work\XPCO\XPCO\AllSolutions\..\MIP\StreamingProtocols\tst\VideoOS.WebRTC.UnitTests\bin\x64\Debug\net6.0-windows\VideoOS.WebRTC.UnitTests.dll" adapterTypeName="executor://mstestadapter/v2" className="VideoOS.WebRTC.UnitTests.SessionHandlerTest" name="UpdateSession_AddAnswerSDP_RejectedOffer_Port0" />
    </UnitTest>
    <UnitTest name="VideoSource_Initialize_InvalidCodec" storage="d:\actions-runner\_work\xpco\xpco\allsolutions\..\mip\streamingprotocols\tst\videoos.webrtc.unittests\bin\x64\debug\net6.0-windows\videoos.webrtc.unittests.dll" id="0e15ab08-bc82-492d-3358-3f9a6f7b96d1">
      <Execution id="37052c94-d91d-4cff-86eb-533eee5b8387" />
      <TestMethod codeBase="D:\actions-runner\_work\XPCO\XPCO\AllSolutions\..\MIP\StreamingProtocols\tst\VideoOS.WebRTC.UnitTests\bin\x64\Debug\net6.0-windows\VideoOS.WebRTC.UnitTests.dll" adapterTypeName="executor://mstestadapter/v2" className="VideoOS.WebRTC.UnitTests.VideoSourceTest" name="VideoSource_Initialize_InvalidCodec" />
    </UnitTest>
    <UnitTest name="UpdateSession_AddAnswerSDP_InvalidSessionId" storage="d:\actions-runner\_work\xpco\xpco\allsolutions\..\mip\streamingprotocols\tst\videoos.webrtc.unittests\bin\x64\debug\net6.0-windows\videoos.webrtc.unittests.dll" id="470915c9-5938-1f5b-1eb8-c8f22fb183b4">
      <Execution id="5f90ff2a-93bd-459e-a85d-da51a10bfb20" />
      <TestMethod codeBase="D:\actions-runner\_work\XPCO\XPCO\AllSolutions\..\MIP\StreamingProtocols\tst\VideoOS.WebRTC.UnitTests\bin\x64\Debug\net6.0-windows\VideoOS.WebRTC.UnitTests.dll" adapterTypeName="executor://mstestadapter/v2" className="VideoOS.WebRTC.UnitTests.SessionHandlerTest" name="UpdateSession_AddAnswerSDP_InvalidSessionId" />
    </UnitTest>
    <UnitTest name="Initiate_EmptyTokenAndEmptyCameraId_throwException" storage="d:\actions-runner\_work\xpco\xpco\allsolutions\..\mip\streamingprotocols\tst\videoos.webrtc.unittests\bin\x64\debug\net6.0-windows\videoos.webrtc.unittests.dll" id="f2c0a450-d0c4-47dc-f6dd-ff5c0f17d6ac">
      <Execution id="38b71f30-f640-4e66-850f-99ba575e26d9" />
      <TestMethod codeBase="D:\actions-runner\_work\XPCO\XPCO\AllSolutions\..\MIP\StreamingProtocols\tst\VideoOS.WebRTC.UnitTests\bin\x64\Debug\net6.0-windows\VideoOS.WebRTC.UnitTests.dll" adapterTypeName="executor://mstestadapter/v2" className="VideoOS.WebRTC.UnitTests.SessionHandlerTest" name="Initiate_EmptyTokenAndEmptyCameraId_throwException" />
    </UnitTest>
    <UnitTest name="VideoSource_Initialize_CameraHasPrivacyProtection" storage="d:\actions-runner\_work\xpco\xpco\allsolutions\..\mip\streamingprotocols\tst\videoos.webrtc.unittests\bin\x64\debug\net6.0-windows\videoos.webrtc.unittests.dll" id="20970a6b-34c7-ecb5-4935-bfa48fd514e2">
      <Execution id="ce861c56-41b3-4323-a961-31cce18b068f" />
      <TestMethod codeBase="D:\actions-runner\_work\XPCO\XPCO\AllSolutions\..\MIP\StreamingProtocols\tst\VideoOS.WebRTC.UnitTests\bin\x64\Debug\net6.0-windows\VideoOS.WebRTC.UnitTests.dll" adapterTypeName="executor://mstestadapter/v2" className="VideoOS.WebRTC.UnitTests.VideoSourceTest" name="VideoSource_Initialize_CameraHasPrivacyProtection" />
    </UnitTest>
    <UnitTest name="AddAndGetIceCandidates_AddmDNSCandidate_SessionContainsCandidateIp" storage="d:\actions-runner\_work\xpco\xpco\allsolutions\..\mip\streamingprotocols\tst\videoos.webrtc.unittests\bin\x64\debug\net6.0-windows\videoos.webrtc.unittests.dll" id="bc3de5c1-f38b-038c-7d7c-08ca19c910ed">
      <Execution id="b35110fd-a065-4001-bd46-8d29842cacea" />
      <TestMethod codeBase="D:\actions-runner\_work\XPCO\XPCO\AllSolutions\..\MIP\StreamingProtocols\tst\VideoOS.WebRTC.UnitTests\bin\x64\Debug\net6.0-windows\VideoOS.WebRTC.UnitTests.dll" adapterTypeName="executor://mstestadapter/v2" className="VideoOS.WebRTC.UnitTests.SessionHandlerTest" name="AddAndGetIceCandidates_AddmDNSCandidate_SessionContainsCandidateIp" />
    </UnitTest>
    <UnitTest name="GetSession_UseInvalidId_ReturnsNull" storage="d:\actions-runner\_work\xpco\xpco\allsolutions\..\mip\streamingprotocols\tst\videoos.webrtc.unittests\bin\x64\debug\net6.0-windows\videoos.webrtc.unittests.dll" id="81a6831a-e257-a73e-a66e-328616b2bddb">
      <Execution id="1450eeb2-cdd3-426b-8256-464fdd6ccdb8" />
      <TestMethod codeBase="D:\actions-runner\_work\XPCO\XPCO\AllSolutions\..\MIP\StreamingProtocols\tst\VideoOS.WebRTC.UnitTests\bin\x64\Debug\net6.0-windows\VideoOS.WebRTC.UnitTests.dll" adapterTypeName="executor://mstestadapter/v2" className="VideoOS.WebRTC.UnitTests.SessionHandlerTest" name="GetSession_UseInvalidId_ReturnsNull" />
    </UnitTest>
  </TestDefinitions>
  <TestEntries>
    <TestEntry testId="f2c0a450-d0c4-47dc-f6dd-ff5c0f17d6ac" executionId="38b71f30-f640-4e66-850f-99ba575e26d9" testListId="8c84fa94-04c1-424b-9868-57a2d4851a1d" />
    <TestEntry testId="08a47bd6-e00c-2516-fef8-0cce4c6fa71a" executionId="e7a141ff-b954-45a5-9c96-863cd4b033f0" testListId="8c84fa94-04c1-424b-9868-57a2d4851a1d" />
    <TestEntry testId="f357a597-00f4-bef9-ea23-1ce2da16443a" executionId="3f5730c3-13c4-469d-a3cd-d09d62e1551d" testListId="8c84fa94-04c1-424b-9868-57a2d4851a1d" />
    <TestEntry testId="a8e1dc2b-19e6-5e03-dc47-ced216f80e37" executionId="92a85f85-486d-47ea-b5c9-4e2cfe6b4b31" testListId="8c84fa94-04c1-424b-9868-57a2d4851a1d" />
    <TestEntry testId="872d6a57-857d-9f03-d97c-643b6a1ea6eb" executionId="f7631df7-080d-4e4b-866b-fa6fb71b6a5b" testListId="8c84fa94-04c1-424b-9868-57a2d4851a1d" />
    <TestEntry testId="b5bebef7-ee13-0f1f-a01d-f651ff7bae76" executionId="32b95948-87ba-4f01-a5fd-a09c908546b4" testListId="8c84fa94-04c1-424b-9868-57a2d4851a1d" />
    <TestEntry testId="1f01b85a-e454-8b81-87b8-22079c441433" executionId="17d81a58-413e-4a11-a5db-7fd2ab4c264d" testListId="8c84fa94-04c1-424b-9868-57a2d4851a1d" />
    <TestEntry testId="0e15ab08-bc82-492d-3358-3f9a6f7b96d1" executionId="37052c94-d91d-4cff-86eb-533eee5b8387" testListId="8c84fa94-04c1-424b-9868-57a2d4851a1d" />
    <TestEntry testId="953c9e4c-f86f-df2d-5b7e-03c7a182e919" executionId="b2135339-8432-441d-bc4e-4d8cb977af39" testListId="8c84fa94-04c1-424b-9868-57a2d4851a1d" />
    <TestEntry testId="40d20d36-96a5-6b53-d2ec-f8ace21054e5" executionId="dfd297a7-423c-442f-b916-03823608059d" testListId="8c84fa94-04c1-424b-9868-57a2d4851a1d" />
    <TestEntry testId="81a6831a-e257-a73e-a66e-328616b2bddb" executionId="1450eeb2-cdd3-426b-8256-464fdd6ccdb8" testListId="8c84fa94-04c1-424b-9868-57a2d4851a1d" />
    <TestEntry testId="20bc7101-0859-dc5b-d306-ced155811622" executionId="3b32e09b-ac85-4d58-af45-ffc2ad310ef8" testListId="8c84fa94-04c1-424b-9868-57a2d4851a1d" />
    <TestEntry testId="3bdb0575-eeed-1fc1-4124-8daf769528f4" executionId="85b1bd3b-5ea7-4e46-bb99-940acacb8bd8" testListId="8c84fa94-04c1-424b-9868-57a2d4851a1d" />
    <TestEntry testId="20970a6b-34c7-ecb5-4935-bfa48fd514e2" executionId="ce861c56-41b3-4323-a961-31cce18b068f" testListId="8c84fa94-04c1-424b-9868-57a2d4851a1d" />
    <TestEntry testId="fbf66dc1-14de-3337-7d06-f45bde07193b" executionId="26609834-cc9a-42f7-9c11-3973baf87853" testListId="8c84fa94-04c1-424b-9868-57a2d4851a1d" />
    <TestEntry testId="470915c9-5938-1f5b-1eb8-c8f22fb183b4" executionId="5f90ff2a-93bd-459e-a85d-da51a10bfb20" testListId="8c84fa94-04c1-424b-9868-57a2d4851a1d" />
    <TestEntry testId="fa4371f5-a22e-5dd4-c71b-9c4d8d38e2d9" executionId="d6d2b1e8-610a-44f8-9ffb-a481db41e0fc" testListId="8c84fa94-04c1-424b-9868-57a2d4851a1d" />
    <TestEntry testId="bc3de5c1-f38b-038c-7d7c-08ca19c910ed" executionId="b35110fd-a065-4001-bd46-8d29842cacea" testListId="8c84fa94-04c1-424b-9868-57a2d4851a1d" />
    <TestEntry testId="96b12c80-a7ca-8b12-b91c-ecbaa93d1101" executionId="39fa5649-3db1-4139-816b-290076c37a8f" testListId="8c84fa94-04c1-424b-9868-57a2d4851a1d" />
    <TestEntry testId="eeecb076-d9d9-afcb-0bd7-bead1908c417" executionId="1cd71c4a-84f7-44c2-9641-902d6551dd8f" testListId="8c84fa94-04c1-424b-9868-57a2d4851a1d" />
    <TestEntry testId="f4d08644-b7d7-15a0-e095-abee2055dd6c" executionId="daab7c93-b783-4607-b638-51e1a2bfcc62" testListId="8c84fa94-04c1-424b-9868-57a2d4851a1d" />
    <TestEntry testId="17bb3d93-1aa1-58e2-5e0d-fbf18944daa1" executionId="93b99c1d-32ab-4ec4-b023-ab65cc24f764" testListId="8c84fa94-04c1-424b-9868-57a2d4851a1d" />
    <TestEntry testId="10139fe5-793a-1836-e4c2-a588f86d701c" executionId="95bcde94-9340-4248-907e-e8759c1534aa" testListId="8c84fa94-04c1-424b-9868-57a2d4851a1d" />
    <TestEntry testId="296ea300-e0fe-2220-f1b8-cd54e380929c" executionId="37672505-c544-4384-af75-37dedec83960" testListId="8c84fa94-04c1-424b-9868-57a2d4851a1d" />
    <TestEntry testId="5c5d3cf1-3783-7770-de74-316a7fcec076" executionId="11924f5d-d4aa-47f3-aa62-c1fe9d06e34a" testListId="8c84fa94-04c1-424b-9868-57a2d4851a1d" />
    <TestEntry testId="bbfb2e9b-80a9-b436-fc52-b2bd894053e1" executionId="6559d98e-7f81-48d1-9469-0e278917de9f" testListId="8c84fa94-04c1-424b-9868-57a2d4851a1d" />
    <TestEntry testId="eb84f7ad-da65-f36d-aa94-b2adace1b1e6" executionId="80190ae2-857f-4799-be41-f653ab81e6db" testListId="8c84fa94-04c1-424b-9868-57a2d4851a1d" />
    <TestEntry testId="4fc6953f-fd38-4f6c-54fa-487b7e58ee03" executionId="2a58efbb-ad03-46a6-943e-ca659288eff9" testListId="8c84fa94-04c1-424b-9868-57a2d4851a1d" />
    <TestEntry testId="8bec9b2e-7c4b-b07f-922a-88393b1b78e0" executionId="dfa8594e-3331-47f2-b08b-40557e0314b5" testListId="8c84fa94-04c1-424b-9868-57a2d4851a1d" />
    <TestEntry testId="e1dfa247-b290-520d-ef1d-f2457d6a52b7" executionId="0a3a2b78-9705-46bc-b518-78121c638da3" testListId="8c84fa94-04c1-424b-9868-57a2d4851a1d" />
    <TestEntry testId="bb5cc613-c9a4-8c97-2ce1-c754d165c4d9" executionId="9ef1cfbe-a8fc-4c1a-b22d-a1cd68d679ed" testListId="8c84fa94-04c1-424b-9868-57a2d4851a1d" />
  </TestEntries>
  <TestLists>
    <TestList name="Results Not in a List" id="8c84fa94-04c1-424b-9868-57a2d4851a1d" />
    <TestList name="All Loaded Results" id="19431567-8539-422a-85d7-44ee4e166bda" />
  </TestLists>
  <ResultSummary outcome="Completed">
    <Counters total="31" executed="31" passed="31" failed="0" error="0" timeout="0" aborted="0" inconclusive="0" passedButRunAborted="0" notRunnable="0" notExecuted="0" disconnected="0" warning="0" completed="0" inProgress="0" pending="0" />
  </ResultSummary>
</TestRun>