<?xml version="1.0" encoding="utf-8"?>
<TestRun id="028e4a14-6503-4066-a5a4-62bff98d91a0" name="DKSR-EFI-04$@DKSR-EFI-04 2023-12-22 09:35:10" runUser="NT AUTHORITY\NETWORK SERVICE" xmlns="http://microsoft.com/schemas/VisualStudio/TeamTest/2010">
  <Times creation="2023-12-22T09:35:10.8661203+01:00" queuing="2023-12-22T09:35:10.8661203+01:00" start="2023-12-22T09:34:59.3035583+01:00" finish="2023-12-22T09:35:19.1318475+01:00" />
  <TestSettings name="default" id="2b546940-3c75-48a3-bcfa-d88b4a83a00c">
    <Deployment runDeploymentRoot="DKSR-EFI-04$_DKSR-EFI-04_2023-12-22_09_35_10" />
  </TestSettings>
  <Results>
    <UnitTestResult executionId="5d32dc98-8578-4f53-a99f-aba6d8864deb" testId="0106d28e-bf03-64db-0cdd-28f5a5e82267" testName="FetchLoglinesAsync_ShouldIncreasePerformanceCounter" computerName="DKSR-EFI-04" duration="00:00:00.0114632" startTime="2023-12-22T09:35:15.0848904+01:00" endTime="2023-12-22T09:35:15.0848904+01:00" testType="13cdc9d9-ddb5-4fa4-a97d-d965ccfc6d4b" outcome="Passed" testListId="8c84fa94-04c1-424b-9868-57a2d4851a1d" relativeResultsDirectory="5d32dc98-8578-4f53-a99f-aba6d8864deb" />
    <UnitTestResult executionId="6964bfa3-4423-4778-8bf5-7e172a09cba2" testId="48d7d92d-1cba-4cb4-04f0-21a16fc7eb30" testName="ExtractLogMessageSourceTypes_ShouldExtract_WithCorrectText" computerName="DKSR-EFI-04" duration="00:00:00.0044146" startTime="2023-12-22T09:35:15.5223918+01:00" endTime="2023-12-22T09:35:15.5223918+01:00" testType="13cdc9d9-ddb5-4fa4-a97d-d965ccfc6d4b" outcome="Passed" testListId="8c84fa94-04c1-424b-9868-57a2d4851a1d" relativeResultsDirectory="6964bfa3-4423-4778-8bf5-7e172a09cba2" />
    <UnitTestResult executionId="a6acb405-9c00-4d30-bef0-e57c2cfb3470" testId="11b31334-e5c4-af6d-5877-40b3343d2759" testName="LoadAsync_ShouldSetAnonymousLoggingToDefault_IfDatabaseCallFail" computerName="DKSR-EFI-04" duration="00:00:00.0062474" startTime="2023-12-22T09:35:17.1942777+01:00" endTime="2023-12-22T09:35:17.1942777+01:00" testType="13cdc9d9-ddb5-4fa4-a97d-d965ccfc6d4b" outcome="Passed" testListId="8c84fa94-04c1-424b-9868-57a2d4851a1d" relativeResultsDirectory="a6acb405-9c00-4d30-bef0-e57c2cfb3470" />
    <UnitTestResult executionId="80b5bdff-4293-4f16-81b8-6f3b3c9f4b31" testId="08d23c4a-537a-0689-fcea-9b2316443b98" testName="SystemLogline_ToDataContract_ShouldTransformSystemLoglineDataObject" computerName="DKSR-EFI-04" duration="00:00:00.0035069" startTime="2023-12-22T09:35:15.5380283+01:00" endTime="2023-12-22T09:35:15.5536434+01:00" testType="13cdc9d9-ddb5-4fa4-a97d-d965ccfc6d4b" outcome="Passed" testListId="8c84fa94-04c1-424b-9868-57a2d4851a1d" relativeResultsDirectory="80b5bdff-4293-4f16-81b8-6f3b3c9f4b31" />
    <UnitTestResult executionId="819bc07e-f6f3-4160-8735-cfd7f17750f8" testId="f37e5f5b-a609-fcf3-c453-9f411a15eaeb" testName="Method_ShouldCallValidateCredentials (RegisterLogMessagesAsync,VideoOS.LogServer.WebService.DataContracts.RegisterLogMessagesParams)" computerName="DKSR-EFI-04" duration="00:00:00.0157387" startTime="2023-12-22T09:35:14.1630087+01:00" endTime="2023-12-22T09:35:14.2567615+01:00" testType="13cdc9d9-ddb5-4fa4-a97d-d965ccfc6d4b" outcome="Passed" testListId="8c84fa94-04c1-424b-9868-57a2d4851a1d" relativeResultsDirectory="819bc07e-f6f3-4160-8735-cfd7f17750f8" />
    <UnitTestResult executionId="674cb4fa-fb8b-4b21-a627-edb62e47552a" testId="a4711565-c39e-01d4-d39b-fc6ccc993f1c" testName="LoadAsync_ShouldSetAnonymousLogging" computerName="DKSR-EFI-04" duration="00:00:00.0058607" startTime="2023-12-22T09:35:17.2411515+01:00" endTime="2023-12-22T09:35:17.2567755+01:00" testType="13cdc9d9-ddb5-4fa4-a97d-d965ccfc6d4b" outcome="Passed" testListId="8c84fa94-04c1-424b-9868-57a2d4851a1d" relativeResultsDirectory="674cb4fa-fb8b-4b21-a627-edb62e47552a" />
    <UnitTestResult executionId="53550439-a037-41cd-af02-8c0f645a8efd" testId="33f0f1bd-017b-4deb-1129-02ec0474525f" testName="StartShouldUsePeriodValueFromConfig_WhenStartingGuaranteedDeletionTimer (-1,7)" computerName="DKSR-EFI-04" duration="00:00:00.0014898" startTime="2023-12-22T09:35:16.8974019+01:00" endTime="2023-12-22T09:35:16.8974019+01:00" testType="13cdc9d9-ddb5-4fa4-a97d-d965ccfc6d4b" outcome="Passed" testListId="8c84fa94-04c1-424b-9868-57a2d4851a1d" relativeResultsDirectory="53550439-a037-41cd-af02-8c0f645a8efd" />
    <UnitTestResult executionId="8a07766d-253c-4c04-96f3-3d49ecd2efaa" testId="7c92f7d2-750f-6fb3-35f0-07a2f2ea94a0" testName="Constructors_ShouldNotAllowInjectionOfNulls" computerName="DKSR-EFI-04" duration="00:00:00.0149866" startTime="2023-12-22T09:35:17.5067798+01:00" endTime="2023-12-22T09:35:17.5224052+01:00" testType="13cdc9d9-ddb5-4fa4-a97d-d965ccfc6d4b" outcome="Passed" testListId="8c84fa94-04c1-424b-9868-57a2d4851a1d" relativeResultsDirectory="8a07766d-253c-4c04-96f3-3d49ecd2efaa" />
    <UnitTestResult executionId="c596cd22-b188-49be-a7fe-e0cb24986fa5" testId="68e281b9-9a49-3611-3114-3d9c71e194e5" testName="ExtractLogMessageCategories_ShouldExtract_WithCorrectId" computerName="DKSR-EFI-04" duration="00:00:00.0076242" startTime="2023-12-22T09:35:15.4755172+01:00" endTime="2023-12-22T09:35:15.4755172+01:00" testType="13cdc9d9-ddb5-4fa4-a97d-d965ccfc6d4b" outcome="Passed" testListId="8c84fa94-04c1-424b-9868-57a2d4851a1d" relativeResultsDirectory="c596cd22-b188-49be-a7fe-e0cb24986fa5" />
    <UnitTestResult executionId="796e5b79-945b-4f78-b28d-a5a79f2571b2" testId="2aed5c1c-004f-a3e4-3408-a089f3a767e6" testName="LogMessageText_ToStorage_ShouldThrowArgumentNullException_IfValueIsNull" computerName="DKSR-EFI-04" duration="00:00:00.0009236" startTime="2023-12-22T09:35:15.3348908+01:00" endTime="2023-12-22T09:35:15.3348908+01:00" testType="13cdc9d9-ddb5-4fa4-a97d-d965ccfc6d4b" outcome="Passed" testListId="8c84fa94-04c1-424b-9868-57a2d4851a1d" relativeResultsDirectory="796e5b79-945b-4f78-b28d-a5a79f2571b2" />
    <UnitTestResult executionId="b2dd69f7-b372-441a-a5ec-22b2c45e2a01" testId="8d6f159a-d3b6-803f-2d76-53607f783811" testName="Method_ShouldCallValidateToken_WithAction_WithCorrectToken (FetchSystemLoglinesTokenAsync,VideoOS.LogServer.WebService.DataContracts.FetchLoglinesParams)" computerName="DKSR-EFI-04" duration="00:00:00.0144680" startTime="2023-12-22T09:35:13.2411306+01:00" endTime="2023-12-22T09:35:13.3192558+01:00" testType="13cdc9d9-ddb5-4fa4-a97d-d965ccfc6d4b" outcome="Passed" testListId="8c84fa94-04c1-424b-9868-57a2d4851a1d" relativeResultsDirectory="b2dd69f7-b372-441a-a5ec-22b2c45e2a01" />
    <UnitTestResult executionId="2fe2a0f2-6fc9-4c2f-9a81-5ffee0597a6d" testId="6abe45a8-0c82-1d3d-9c9c-537a19e5f511" testName="UpdateLogRetentionsAsync_ShouldPassParametersToLogRetentionHandler" computerName="DKSR-EFI-04" duration="00:00:00.0047617" startTime="2023-12-22T09:35:13.4911320+01:00" endTime="2023-12-22T09:35:13.4911320+01:00" testType="13cdc9d9-ddb5-4fa4-a97d-d965ccfc6d4b" outcome="Passed" testListId="8c84fa94-04c1-424b-9868-57a2d4851a1d" relativeResultsDirectory="2fe2a0f2-6fc9-4c2f-9a81-5ffee0597a6d" />
    <UnitTestResult executionId="c582ea66-cb0f-4d4d-8dc8-f3bc0784d72f" testId="a9f9e3bb-433e-c350-5ed2-674fc5fabd0c" testName="Get_ShouldReturnItemValue_ForKnownId" computerName="DKSR-EFI-04" duration="00:00:00.0039698" startTime="2023-12-22T09:35:17.4755266+01:00" endTime="2023-12-22T09:35:17.4911547+01:00" testType="13cdc9d9-ddb5-4fa4-a97d-d965ccfc6d4b" outcome="Passed" testListId="8c84fa94-04c1-424b-9868-57a2d4851a1d" relativeResultsDirectory="c582ea66-cb0f-4d4d-8dc8-f3bc0784d72f" />
    <UnitTestResult executionId="b0f0bd05-365d-4a5e-9cd0-d40bd046583e" testId="55942c13-e5ff-2d5d-73a9-b4e10adff844" testName="RemoveExpired_ShouldNotForceDeletion_WhenForcedDeleteIsFalse" computerName="DKSR-EFI-04" duration="00:00:00.0136223" startTime="2023-12-22T09:35:17.0849026+01:00" endTime="2023-12-22T09:35:17.1005255+01:00" testType="13cdc9d9-ddb5-4fa4-a97d-d965ccfc6d4b" outcome="Passed" testListId="8c84fa94-04c1-424b-9868-57a2d4851a1d" relativeResultsDirectory="b0f0bd05-365d-4a5e-9cd0-d40bd046583e" />
    <UnitTestResult executionId="2e932b74-4b2b-485e-a5b1-548c1d8bbba9" testId="3fa1efea-04df-0715-5224-3faefa634d4c" testName="WriteLoglineAsync_ShouldIncreaseWritingFrequencyCounter" computerName="DKSR-EFI-04" duration="00:00:00.0125569" startTime="2023-12-22T09:35:11.7723736+01:00" endTime="2023-12-22T09:35:11.7723736+01:00" testType="13cdc9d9-ddb5-4fa4-a97d-d965ccfc6d4b" outcome="Passed" testListId="8c84fa94-04c1-424b-9868-57a2d4851a1d" relativeResultsDirectory="2e932b74-4b2b-485e-a5b1-548c1d8bbba9" />
    <UnitTestResult executionId="f5fa889e-520e-48ff-a556-38de1327b920" testId="fbeaa9cd-75c8-4720-ec04-b4c5799961cc" testName="FetchRuleLoglinesAsync_ShouldThrowFaultException_WhenSessionIsUnknown" computerName="DKSR-EFI-04" duration="00:00:00.0292120" startTime="2023-12-22T09:35:12.8192545+01:00" endTime="2023-12-22T09:35:12.8505033+01:00" testType="13cdc9d9-ddb5-4fa4-a97d-d965ccfc6d4b" outcome="Passed" testListId="8c84fa94-04c1-424b-9868-57a2d4851a1d" relativeResultsDirectory="f5fa889e-520e-48ff-a556-38de1327b920" />
    <UnitTestResult executionId="3c8a268b-017e-489a-af19-1bbea33f463f" testId="be35e1b7-f2ff-7028-5c3e-477704901cf6" testName="FetchAuditLoglinesAsync_ShouldThrowFaultException_WhenSessionIsUnknown" computerName="DKSR-EFI-04" duration="00:00:00.0552120" startTime="2023-12-22T09:35:12.5067517+01:00" endTime="2023-12-22T09:35:12.5536264+01:00" testType="13cdc9d9-ddb5-4fa4-a97d-d965ccfc6d4b" outcome="Passed" testListId="8c84fa94-04c1-424b-9868-57a2d4851a1d" relativeResultsDirectory="3c8a268b-017e-489a-af19-1bbea33f463f" />
    <UnitTestResult executionId="aba2b20d-190f-4064-b947-e674aba77e38" testId="316b3d85-b774-80ff-225e-2f91405af64b" testName="Stop_ShouldCloseAllServiceCommunications" computerName="DKSR-EFI-04" duration="00:00:00.0107114" startTime="2023-12-22T09:35:11.1945044+01:00" endTime="2023-12-22T09:35:11.1945044+01:00" testType="13cdc9d9-ddb5-4fa4-a97d-d965ccfc6d4b" outcome="Passed" testListId="8c84fa94-04c1-424b-9868-57a2d4851a1d" relativeResultsDirectory="aba2b20d-190f-4064-b947-e674aba77e38" />
    <UnitTestResult executionId="e764c373-9b3d-4834-bf22-eb42cd77ff4d" testId="aa5fdb42-6163-3cac-f313-8b68e7bf0b72" testName="Set_ShouldOverwriteCachedValue_ForKnownId" computerName="DKSR-EFI-04" duration="00:00:00.0484385" startTime="2023-12-22T09:35:17.4286541+01:00" endTime="2023-12-22T09:35:17.4755266+01:00" testType="13cdc9d9-ddb5-4fa4-a97d-d965ccfc6d4b" outcome="Passed" testListId="8c84fa94-04c1-424b-9868-57a2d4851a1d" relativeResultsDirectory="e764c373-9b3d-4834-bf22-eb42cd77ff4d" />
    <UnitTestResult executionId="3bf69ea7-6142-4dda-a10a-dcd9a1b91387" testId="ffd661dd-2186-86c0-0b38-244ae7c977ae" testName="QueryWithParameters_ShouldExecuteProcedureWithGivenName" computerName="DKSR-EFI-04" duration="00:00:00.0109883" startTime="2023-12-22T09:35:16.4755228+01:00" endTime="2023-12-22T09:35:16.4911480+01:00" testType="13cdc9d9-ddb5-4fa4-a97d-d965ccfc6d4b" outcome="Passed" testListId="8c84fa94-04c1-424b-9868-57a2d4851a1d" relativeResultsDirectory="3bf69ea7-6142-4dda-a10a-dcd9a1b91387" />
    <UnitTestResult executionId="27240e8f-0f58-433c-9171-c4f9fbfd699d" testId="1ce32296-e7d9-6827-d72c-bed461602764" testName="RegisterLogMessages_ShouldPassParametersToLogWriter (False)" computerName="DKSR-EFI-04" duration="00:00:00.0324108" startTime="2023-12-22T09:35:13.8661349+01:00" endTime="2023-12-22T09:35:13.8973840+01:00" testType="13cdc9d9-ddb5-4fa4-a97d-d965ccfc6d4b" outcome="Passed" testListId="8c84fa94-04c1-424b-9868-57a2d4851a1d" relativeResultsDirectory="27240e8f-0f58-433c-9171-c4f9fbfd699d" />
    <UnitTestResult executionId="0100e9a2-fc8d-4736-99f0-77d7c8156569" testId="00c949e9-3282-e9a3-1397-e04412ea8166" testName="Method_ShouldCallValidateCredentials_WithAction (FetchAuditLoglinesAsync,VideoOS.LogServer.WebService.DataContracts.FetchLoglinesParams)" computerName="DKSR-EFI-04" duration="00:00:00.0500425" startTime="2023-12-22T09:35:13.1005062+01:00" endTime="2023-12-22T09:35:13.2411306+01:00" testType="13cdc9d9-ddb5-4fa4-a97d-d965ccfc6d4b" outcome="Passed" testListId="8c84fa94-04c1-424b-9868-57a2d4851a1d" relativeResultsDirectory="0100e9a2-fc8d-4736-99f0-77d7c8156569" />
    <UnitTestResult executionId="f02e890b-af37-494b-8daa-f769d51b2f91" testId="8d6f159a-d3b6-803f-2d76-53607f783811" testName="Method_ShouldCallValidateToken_WithAction_WithCorrectToken (FetchAuditLoglinesTokenAsync,VideoOS.LogServer.WebService.DataContracts.FetchLoglinesParams)" computerName="DKSR-EFI-04" duration="00:00:00.0148201" startTime="2023-12-22T09:35:13.2411306+01:00" endTime="2023-12-22T09:35:13.3192558+01:00" testType="13cdc9d9-ddb5-4fa4-a97d-d965ccfc6d4b" outcome="Passed" testListId="8c84fa94-04c1-424b-9868-57a2d4851a1d" relativeResultsDirectory="f02e890b-af37-494b-8daa-f769d51b2f91" />
    <UnitTestResult executionId="7763a9df-6244-4994-b104-6b4e65330792" testId="abd88dde-2d40-b182-a901-78a57c691a17" testName="GetLogRetentionsTokenAsync_ShouldReturnRetentionValuesFromConfiguration" computerName="DKSR-EFI-04" duration="00:00:00.0053804" startTime="2023-12-22T09:35:13.4598828+01:00" endTime="2023-12-22T09:35:13.4755049+01:00" testType="13cdc9d9-ddb5-4fa4-a97d-d965ccfc6d4b" outcome="Passed" testListId="8c84fa94-04c1-424b-9868-57a2d4851a1d" relativeResultsDirectory="7763a9df-6244-4994-b104-6b4e65330792" />
    <UnitTestResult executionId="68fd0dbb-20ec-4c3c-ab38-3e2a62537b4b" testId="5db55629-0a21-092e-739e-5af2926f9b3e" testName="RegisterSourceTypes_ShouldPassParametersToLogWriter (False)" computerName="DKSR-EFI-04" duration="00:00:00.0336563" startTime="2023-12-22T09:35:14.0380104+01:00" endTime="2023-12-22T09:35:14.0692609+01:00" testType="13cdc9d9-ddb5-4fa4-a97d-d965ccfc6d4b" outcome="Passed" testListId="8c84fa94-04c1-424b-9868-57a2d4851a1d" relativeResultsDirectory="68fd0dbb-20ec-4c3c-ab38-3e2a62537b4b" />
    <UnitTestResult executionId="6f1e6ca7-6c90-43fb-bda0-d7f8a4ad92dc" testId="00c949e9-3282-e9a3-1397-e04412ea8166" testName="Method_ShouldCallValidateCredentials_WithAction (GetFilterValuesTimestampAsync,VideoOS.LogServer.WebService.DataContracts.GetFilterValuesTimestampParams)" computerName="DKSR-EFI-04" duration="00:00:00.0122664" startTime="2023-12-22T09:35:13.1005062+01:00" endTime="2023-12-22T09:35:13.2411306+01:00" testType="13cdc9d9-ddb5-4fa4-a97d-d965ccfc6d4b" outcome="Passed" testListId="8c84fa94-04c1-424b-9868-57a2d4851a1d" relativeResultsDirectory="6f1e6ca7-6c90-43fb-bda0-d7f8a4ad92dc" />
    <UnitTestResult executionId="1d82a879-d122-4ccc-a612-7ed8497881fb" testId="4d0f2489-9d84-33a3-5b67-62d70ee6015e" testName="Dispose_ShouldDisposeTimer" computerName="DKSR-EFI-04" duration="00:00:00.0033972" startTime="2023-12-22T09:35:17.1161502+01:00" endTime="2023-12-22T09:35:17.1161502+01:00" testType="13cdc9d9-ddb5-4fa4-a97d-d965ccfc6d4b" outcome="Passed" testListId="8c84fa94-04c1-424b-9868-57a2d4851a1d" relativeResultsDirectory="1d82a879-d122-4ccc-a612-7ed8497881fb" />
    <UnitTestResult executionId="929d0599-fe6a-4d8a-8423-4e86475d02a2" testId="bd042076-2402-fb19-56c3-223eeac85ec4" testName="Method_ShouldCallValidateToken_WithCorrectToken (WriteLegacyLoglineTokenAsync,VideoOS.LogServer.WebService.DataContracts.WriteLegacyLoglineParams)" computerName="DKSR-EFI-04" duration="00:00:00.0137419" startTime="2023-12-22T09:35:14.2567615+01:00" endTime="2023-12-22T09:35:14.3505125+01:00" testType="13cdc9d9-ddb5-4fa4-a97d-d965ccfc6d4b" outcome="Passed" testListId="8c84fa94-04c1-424b-9868-57a2d4851a1d" relativeResultsDirectory="929d0599-fe6a-4d8a-8423-4e86475d02a2" />
    <UnitTestResult executionId="e9226989-e7db-49c5-b9ac-8766124b16df" testId="0b5cc70f-749a-b034-c5da-8bb157930f2b" testName="CreateDefaultLogger_ShouldLogToEventLog_WhenLogMangerThrowsException" computerName="DKSR-EFI-04" duration="00:00:00.0069041" startTime="2023-12-22T09:35:15.3192705+01:00" endTime="2023-12-22T09:35:15.3192705+01:00" testType="13cdc9d9-ddb5-4fa4-a97d-d965ccfc6d4b" outcome="Passed" testListId="8c84fa94-04c1-424b-9868-57a2d4851a1d" relativeResultsDirectory="e9226989-e7db-49c5-b9ac-8766124b16df" />
    <UnitTestResult executionId="04169dc8-a6d2-4e0d-ad10-54b650bcbe78" testId="29b446c8-895d-c6f8-de01-0594f2a1c587" testName="UpdateLastGuaranteedDeletionAsync_ShouldNotChangeGuaranteedDeletion_WhenUpdateFails" computerName="DKSR-EFI-04" duration="00:00:00.0090276" startTime="2023-12-22T09:35:17.3192782+01:00" endTime="2023-12-22T09:35:17.3349012+01:00" testType="13cdc9d9-ddb5-4fa4-a97d-d965ccfc6d4b" outcome="Passed" testListId="8c84fa94-04c1-424b-9868-57a2d4851a1d" relativeResultsDirectory="04169dc8-a6d2-4e0d-ad10-54b650bcbe78" />
    <UnitTestResult executionId="6db11627-2a7e-47fe-b7c5-7081fbdbdb09" testId="a854d2bf-1c93-0b5f-3dc6-286d7894c488" testName="Constructors_ShouldNotAllowInjectionOfNulls" computerName="DKSR-EFI-04" duration="00:00:00.0024368" startTime="2023-12-22T09:35:15.5692681+01:00" endTime="2023-12-22T09:35:15.5692681+01:00" testType="13cdc9d9-ddb5-4fa4-a97d-d965ccfc6d4b" outcome="Passed" testListId="8c84fa94-04c1-424b-9868-57a2d4851a1d" relativeResultsDirectory="6db11627-2a7e-47fe-b7c5-7081fbdbdb09" />
    <UnitTestResult executionId="b6843182-4e54-4df2-b9f1-499c0c658877" testId="9a1d635d-40c5-c203-487d-681910583bd1" testName="ExtractAsync_ShouldReadValues" computerName="DKSR-EFI-04" duration="00:00:00.0084598" startTime="2023-12-22T09:35:16.6630237+01:00" endTime="2023-12-22T09:35:16.6630237+01:00" testType="13cdc9d9-ddb5-4fa4-a97d-d965ccfc6d4b" outcome="Passed" testListId="8c84fa94-04c1-424b-9868-57a2d4851a1d" relativeResultsDirectory="b6843182-4e54-4df2-b9f1-499c0c658877" />
    <UnitTestResult executionId="17712468-6f0a-4cf4-a31c-14d1b0093149" testId="e59a91f4-e261-7412-d22f-9e023a35acfb" testName="CreateLogReader_ShouldThrowInvalidLogTypeException_WhenUnknownLogTypeIsProvided" computerName="DKSR-EFI-04" duration="00:00:00.0079378" startTime="2023-12-22T09:35:14.5223894+01:00" endTime="2023-12-22T09:35:14.5380120+01:00" testType="13cdc9d9-ddb5-4fa4-a97d-d965ccfc6d4b" outcome="Passed" testListId="8c84fa94-04c1-424b-9868-57a2d4851a1d" relativeResultsDirectory="17712468-6f0a-4cf4-a31c-14d1b0093149" />
    <UnitTestResult executionId="2e5d2eff-20af-46ae-b8dc-e3172c8b70f8" testId="bd042076-2402-fb19-56c3-223eeac85ec4" testName="Method_ShouldCallValidateToken_WithCorrectToken (RegisterLogMessagesTokenAsync,VideoOS.LogServer.WebService.DataContracts.RegisterLogMessagesParams)" computerName="DKSR-EFI-04" duration="00:00:00.0193759" startTime="2023-12-22T09:35:14.2567615+01:00" endTime="2023-12-22T09:35:14.3505125+01:00" testType="13cdc9d9-ddb5-4fa4-a97d-d965ccfc6d4b" outcome="Passed" testListId="8c84fa94-04c1-424b-9868-57a2d4851a1d" relativeResultsDirectory="2e5d2eff-20af-46ae-b8dc-e3172c8b70f8" />
    <UnitTestResult executionId="1ccc945f-9c36-4d1c-96bf-9efaea6a38b3" testId="eff2ccef-2650-b7c7-0276-9c5212c56bf2" testName="GetLogsWriteTimeout_ShouldReturnIntValue_WhenConfiguredValueIsValid" computerName="DKSR-EFI-04" duration="00:00:00.0010197" startTime="2023-12-22T09:35:16.5692721+01:00" endTime="2023-12-22T09:35:16.5848968+01:00" testType="13cdc9d9-ddb5-4fa4-a97d-d965ccfc6d4b" outcome="Passed" testListId="8c84fa94-04c1-424b-9868-57a2d4851a1d" relativeResultsDirectory="1ccc945f-9c36-4d1c-96bf-9efaea6a38b3" />
    <UnitTestResult executionId="639e019e-e964-4165-baa1-f5d7e356e861" testId="253e05e6-184d-d60b-b20a-241b5dc0495a" testName="Constructors_ShouldNotAllowInjectionOfNulls" computerName="DKSR-EFI-04" duration="00:00:00.0299726" startTime="2023-12-22T09:35:13.5067580+01:00" endTime="2023-12-22T09:35:13.5380071+01:00" testType="13cdc9d9-ddb5-4fa4-a97d-d965ccfc6d4b" outcome="Passed" testListId="8c84fa94-04c1-424b-9868-57a2d4851a1d" relativeResultsDirectory="639e019e-e964-4165-baa1-f5d7e356e861" />
    <UnitTestResult executionId="d5dc0f1a-be85-45c6-8dba-521f0adf99d1" testId="e74b3aa3-19f2-6b8f-b72a-a91f68fa6b58" testName="EndQuerySessionAsync_ShouldRemoveCachedQuerySession_WhenQuerySessionIsKnown" computerName="DKSR-EFI-04" duration="00:00:00.0127160" startTime="2023-12-22T09:35:14.9911417+01:00" endTime="2023-12-22T09:35:15.0067663+01:00" testType="13cdc9d9-ddb5-4fa4-a97d-d965ccfc6d4b" outcome="Passed" testListId="8c84fa94-04c1-424b-9868-57a2d4851a1d" relativeResultsDirectory="d5dc0f1a-be85-45c6-8dba-521f0adf99d1" />
    <UnitTestResult executionId="ffc33a0a-7213-4ef3-84b7-3f45d12cb2ef" testId="63177222-c257-3243-2f59-3b5d93a22579" testName="LoadAsync_ShouldSetGuaranteedDeletionTimestamp" computerName="DKSR-EFI-04" duration="00:00:00.0059457" startTime="2023-12-22T09:35:17.2567755+01:00" endTime="2023-12-22T09:35:17.2567755+01:00" testType="13cdc9d9-ddb5-4fa4-a97d-d965ccfc6d4b" outcome="Passed" testListId="8c84fa94-04c1-424b-9868-57a2d4851a1d" relativeResultsDirectory="ffc33a0a-7213-4ef3-84b7-3f45d12cb2ef" />
    <UnitTestResult executionId="2e18dc83-35c6-4e1f-a4c4-455ff54c4429" testId="fe86095b-1383-1998-6dba-cd3929e0d39e" testName="Stop_ShouldLogErrorsAndHandleTimeoutExceptions_IfErrorHappensWhileClosingAllServiceCommunications" computerName="DKSR-EFI-04" duration="00:00:00.0108220" startTime="2023-12-22T09:35:11.2254943+01:00" endTime="2023-12-22T09:35:11.2411211+01:00" testType="13cdc9d9-ddb5-4fa4-a97d-d965ccfc6d4b" outcome="Passed" testListId="8c84fa94-04c1-424b-9868-57a2d4851a1d" relativeResultsDirectory="2e18dc83-35c6-4e1f-a4c4-455ff54c4429" />
    <UnitTestResult executionId="c50e440b-078d-4480-8b30-a10cbf97b382" testId="2a282dd0-4c79-0f43-d28a-2a8356b63131" testName="PerformDeletionIfDue_ShouldCall_UpdateLastGuaranteedDeletionAsync_Correctly (11/11/2023 00:00:00,11/10/2023 01:00:00,5,False)" computerName="DKSR-EFI-04" duration="00:00:00.0049279" startTime="2023-12-22T09:35:16.9598992+01:00" endTime="2023-12-22T09:35:16.9757709+01:00" testType="13cdc9d9-ddb5-4fa4-a97d-d965ccfc6d4b" outcome="Passed" testListId="8c84fa94-04c1-424b-9868-57a2d4851a1d" relativeResultsDirectory="c50e440b-078d-4480-8b30-a10cbf97b382" />
    <UnitTestResult executionId="43a4104a-6bd4-40ca-b00d-2a4759621109" testId="063ab08e-8f53-7d15-0708-d6c1607b08ab" testName="ExecuteWithParameters_ShouldThrowDatabaseException_IfCommandExecutionFails" computerName="DKSR-EFI-04" duration="00:00:00.6712111" startTime="2023-12-22T09:35:15.5692681+01:00" endTime="2023-12-22T09:35:16.2411454+01:00" testType="13cdc9d9-ddb5-4fa4-a97d-d965ccfc6d4b" outcome="Passed" testListId="8c84fa94-04c1-424b-9868-57a2d4851a1d" relativeResultsDirectory="43a4104a-6bd4-40ca-b00d-2a4759621109" />
    <UnitTestResult executionId="7b396d5f-fcb5-4c0e-94c3-4c06b38c1a15" testId="b7f2eec2-b919-f581-118e-ba5b29993614" testName="FetchSystemLoglinesAsync_ShouldThrowFaultException_WhenSqlQueriesTimeout" computerName="DKSR-EFI-04" duration="00:00:00.0357921" startTime="2023-12-22T09:35:12.6942532+01:00" endTime="2023-12-22T09:35:12.7411299+01:00" testType="13cdc9d9-ddb5-4fa4-a97d-d965ccfc6d4b" outcome="Passed" testListId="8c84fa94-04c1-424b-9868-57a2d4851a1d" relativeResultsDirectory="7b396d5f-fcb5-4c0e-94c3-4c06b38c1a15" />
    <UnitTestResult executionId="966c7e4b-a935-4282-933c-be74e349155e" testId="aa0f12fd-d492-cc14-3d80-226514d8d323" testName="StartShouldUsePeriodValueFromConfig_WhenStartingGuaranteedDeletionTimer (0,7)" computerName="DKSR-EFI-04" duration="00:00:00.0015308" startTime="2023-12-22T09:35:16.8817761+01:00" endTime="2023-12-22T09:35:16.8974019+01:00" testType="13cdc9d9-ddb5-4fa4-a97d-d965ccfc6d4b" outcome="Passed" testListId="8c84fa94-04c1-424b-9868-57a2d4851a1d" relativeResultsDirectory="966c7e4b-a935-4282-933c-be74e349155e" />
    <UnitTestResult executionId="fd750844-6736-42ec-8e7d-e2ce41d348a9" testId="9df08586-0c98-2de0-0fcb-bf84a51fc678" testName="UpdateExpirationDatesAsync_ShouldCallDeleteExpiredMessageInstancesStoredProcedure_WithCorrectParams" computerName="DKSR-EFI-04" duration="00:00:00.0160945" startTime="2023-12-22T09:35:16.8036480+01:00" endTime="2023-12-22T09:35:16.8192774+01:00" testType="13cdc9d9-ddb5-4fa4-a97d-d965ccfc6d4b" outcome="Passed" testListId="8c84fa94-04c1-424b-9868-57a2d4851a1d" relativeResultsDirectory="fd750844-6736-42ec-8e7d-e2ce41d348a9" />
    <UnitTestResult executionId="48ee5f62-907b-421a-84d7-cf165ac9c035" testId="90b3d8fc-ad9f-655d-a1ef-4881249ed9ab" testName="Set_ShouldAddItemToTheCache_IfIdIsNotEmptyAndValueIsNotNull" computerName="DKSR-EFI-04" duration="00:00:00.0461903" startTime="2023-12-22T09:35:17.3661518+01:00" endTime="2023-12-22T09:35:17.4130288+01:00" testType="13cdc9d9-ddb5-4fa4-a97d-d965ccfc6d4b" outcome="Passed" testListId="8c84fa94-04c1-424b-9868-57a2d4851a1d" relativeResultsDirectory="48ee5f62-907b-421a-84d7-cf165ac9c035" />
    <UnitTestResult executionId="578fc34c-33f5-4ed5-a55b-8dffb57420ae" testId="99eed9ea-8a82-587e-fd3f-287a3c8371d2" testName="ExtractLogMessageSourceTypes_ShouldExtract_WithCorrectLanguageCode" computerName="DKSR-EFI-04" duration="00:00:00.0059352" startTime="2023-12-22T09:35:15.5223918+01:00" endTime="2023-12-22T09:35:15.5380283+01:00" testType="13cdc9d9-ddb5-4fa4-a97d-d965ccfc6d4b" outcome="Passed" testListId="8c84fa94-04c1-424b-9868-57a2d4851a1d" relativeResultsDirectory="578fc34c-33f5-4ed5-a55b-8dffb57420ae" />
    <UnitTestResult executionId="a05179a6-90f2-42b9-978a-b209ea5dc7b7" testId="943e2f0c-a2c5-7818-775b-e40db3dfc88b" testName="FetchLoglinesAsync_ShouldThrowInvalidLogTypeException_IfCalledWithAuditLoglineParameter" computerName="DKSR-EFI-04" duration="00:00:00.0026585" startTime="2023-12-22T09:35:15.1317654+01:00" endTime="2023-12-22T09:35:15.1317654+01:00" testType="13cdc9d9-ddb5-4fa4-a97d-d965ccfc6d4b" outcome="Passed" testListId="8c84fa94-04c1-424b-9868-57a2d4851a1d" relativeResultsDirectory="a05179a6-90f2-42b9-978a-b209ea5dc7b7" />
    <UnitTestResult executionId="c4359a28-2dfd-44d2-b7e7-b97b0bde7a3f" testId="ae67d189-8768-4d42-e0db-575f082bf6ef" testName="Constructors_ShouldNotAllowInjectionOfNulls" computerName="DKSR-EFI-04" duration="00:00:00.0038055" startTime="2023-12-22T09:35:14.6786381+01:00" endTime="2023-12-22T09:35:14.6786381+01:00" testType="13cdc9d9-ddb5-4fa4-a97d-d965ccfc6d4b" outcome="Passed" testListId="8c84fa94-04c1-424b-9868-57a2d4851a1d" relativeResultsDirectory="c4359a28-2dfd-44d2-b7e7-b97b0bde7a3f" />
    <UnitTestResult executionId="0b8643c1-0cf6-40a9-8d55-1ef65f470e29" testId="7bd295c4-7050-79ba-455e-7999ded93129" testName="Start_ShouldLogStartedMessage" computerName="DKSR-EFI-04" duration="00:00:00.0463470" startTime="2023-12-22T09:35:10.8504921+01:00" endTime="2023-12-22T09:35:10.8973681+01:00" testType="13cdc9d9-ddb5-4fa4-a97d-d965ccfc6d4b" outcome="Passed" testListId="8c84fa94-04c1-424b-9868-57a2d4851a1d" relativeResultsDirectory="0b8643c1-0cf6-40a9-8d55-1ef65f470e29" />
    <UnitTestResult executionId="38fbcc1d-23b4-44f2-b028-6a34682ec256" testId="570542cd-d8b4-7656-273b-2efef5a67393" testName="LoadAsync_ShouldSetGuaranteedDeletionTimestampToDefault_IfDatabaseCallFail" computerName="DKSR-EFI-04" duration="00:00:00.0074142" startTime="2023-12-22T09:35:17.2099007+01:00" endTime="2023-12-22T09:35:17.2099007+01:00" testType="13cdc9d9-ddb5-4fa4-a97d-d965ccfc6d4b" outcome="Passed" testListId="8c84fa94-04c1-424b-9868-57a2d4851a1d" relativeResultsDirectory="38fbcc1d-23b4-44f2-b028-6a34682ec256" />
    <UnitTestResult executionId="2b1efe75-f5ea-4bd1-bfe6-7be23c981d20" testId="bd042076-2402-fb19-56c3-223eeac85ec4" testName="Method_ShouldCallValidateToken_WithCorrectToken (RegisterCategoryTokenAsync,VideoOS.LogServer.WebService.DataContracts.RegisterCategoryParams)" computerName="DKSR-EFI-04" duration="00:00:00.0167484" startTime="2023-12-22T09:35:14.2567615+01:00" endTime="2023-12-22T09:35:14.3505125+01:00" testType="13cdc9d9-ddb5-4fa4-a97d-d965ccfc6d4b" outcome="Passed" testListId="8c84fa94-04c1-424b-9868-57a2d4851a1d" relativeResultsDirectory="2b1efe75-f5ea-4bd1-bfe6-7be23c981d20" />
    <UnitTestResult executionId="e0b0c69c-ea53-49a4-9a25-5d343feb0f6d" testId="a73fdf17-7e0f-43f1-ab09-1060d267b31c" testName="CreateDefaultLogger_ShouldUseLogManagerToGetLogger" computerName="DKSR-EFI-04" duration="00:00:00.0149984" startTime="2023-12-22T09:35:15.2567664+01:00" endTime="2023-12-22T09:35:15.2723920+01:00" testType="13cdc9d9-ddb5-4fa4-a97d-d965ccfc6d4b" outcome="Passed" testListId="8c84fa94-04c1-424b-9868-57a2d4851a1d" relativeResultsDirectory="e0b0c69c-ea53-49a4-9a25-5d343feb0f6d" />
    <UnitTestResult executionId="17e40892-a632-4bae-8000-9382e9263bcc" testId="7e81edc0-98c0-3051-1037-7c2397d6818d" testName="ExtractAsync_ShouldReplaceParameters" computerName="DKSR-EFI-04" duration="00:00:00.0489641" startTime="2023-12-22T09:35:16.6005444+01:00" endTime="2023-12-22T09:35:16.6473978+01:00" testType="13cdc9d9-ddb5-4fa4-a97d-d965ccfc6d4b" outcome="Passed" testListId="8c84fa94-04c1-424b-9868-57a2d4851a1d" relativeResultsDirectory="17e40892-a632-4bae-8000-9382e9263bcc" />
    <UnitTestResult executionId="b6d8fd58-7db2-4926-b795-0dd7e661e6bb" testId="17636107-a8c8-7ac7-acfc-b964eff07fab" testName="StartQuerySessionAsync_ShouldReturnInstanceCount" computerName="DKSR-EFI-04" duration="00:00:00.0144627" startTime="2023-12-22T09:35:15.1005146+01:00" endTime="2023-12-22T09:35:15.1161423+01:00" testType="13cdc9d9-ddb5-4fa4-a97d-d965ccfc6d4b" outcome="Passed" testListId="8c84fa94-04c1-424b-9868-57a2d4851a1d" relativeResultsDirectory="b6d8fd58-7db2-4926-b795-0dd7e661e6bb" />
    <UnitTestResult executionId="4fa6398c-cae6-422b-b255-5b3f944ee1a9" testId="41187636-9e2d-2549-8287-32d315144000" testName="LegacyLogMessage_ToStorage_PropertiesAreTransferred" computerName="DKSR-EFI-04" duration="00:00:00.0046671" startTime="2023-12-22T09:35:15.3661421+01:00" endTime="2023-12-22T09:35:15.3661421+01:00" testType="13cdc9d9-ddb5-4fa4-a97d-d965ccfc6d4b" outcome="Passed" testListId="8c84fa94-04c1-424b-9868-57a2d4851a1d" relativeResultsDirectory="4fa6398c-cae6-422b-b255-5b3f944ee1a9" />
    <UnitTestResult executionId="e6fb7b38-6dce-463d-97f5-b6014eab3e1c" testId="666d7316-f136-b529-fef1-83626943c0db" testName="FetchLoglinesAsync_ShouldThrowInvalidLogTypeException_IfCalledWithRuleLoglineParameter" computerName="DKSR-EFI-04" duration="00:00:00.0043479" startTime="2023-12-22T09:35:15.1161423+01:00" endTime="2023-12-22T09:35:15.1161423+01:00" testType="13cdc9d9-ddb5-4fa4-a97d-d965ccfc6d4b" outcome="Passed" testListId="8c84fa94-04c1-424b-9868-57a2d4851a1d" relativeResultsDirectory="e6fb7b38-6dce-463d-97f5-b6014eab3e1c" />
    <UnitTestResult executionId="5eebe28b-41e0-4ae7-a695-627ca5bf21af" testId="0d8c9d17-016f-a417-c529-9b9385c3f369" testName="GetFilterValuesAsync_ShouldUseTimeoutFromTimeoutConfiguration" computerName="DKSR-EFI-04" duration="00:00:00.0129499" startTime="2023-12-22T09:35:14.8348874+01:00" endTime="2023-12-22T09:35:14.8505163+01:00" testType="13cdc9d9-ddb5-4fa4-a97d-d965ccfc6d4b" outcome="Passed" testListId="8c84fa94-04c1-424b-9868-57a2d4851a1d" relativeResultsDirectory="5eebe28b-41e0-4ae7-a695-627ca5bf21af" />
    <UnitTestResult executionId="fd85fda3-bd9f-475f-a90c-cfdaae670800" testId="85149784-22e1-7b52-2013-f8a168237ee4" testName="FetchLoglinesAsync_ShouldThrowInvalidLogTypeException_IfCalledWithAuditLoglineParameter" computerName="DKSR-EFI-04" duration="00:00:00.0040051" startTime="2023-12-22T09:35:15.0536413+01:00" endTime="2023-12-22T09:35:15.0692659+01:00" testType="13cdc9d9-ddb5-4fa4-a97d-d965ccfc6d4b" outcome="Passed" testListId="8c84fa94-04c1-424b-9868-57a2d4851a1d" relativeResultsDirectory="fd85fda3-bd9f-475f-a90c-cfdaae670800" />
    <UnitTestResult executionId="9ecb5b95-adf1-4739-9437-b9c1f2db6666" testId="80720161-619f-46b7-b5e9-b9360c5333b5" testName="UpdateRetentionsAsync_ShouldUpdateExpirationDates_Twice" computerName="DKSR-EFI-04" duration="00:00:00.0066380" startTime="2023-12-22T09:35:17.0692757+01:00" endTime="2023-12-22T09:35:17.0692757+01:00" testType="13cdc9d9-ddb5-4fa4-a97d-d965ccfc6d4b" outcome="Passed" testListId="8c84fa94-04c1-424b-9868-57a2d4851a1d" relativeResultsDirectory="9ecb5b95-adf1-4739-9437-b9c1f2db6666" />
    <UnitTestResult executionId="5f6f0451-b6b9-49a2-ad05-eecdf0c394de" testId="a1724ea1-1bb7-a267-4fdb-012e86858c5c" testName="Constructors_ShouldNotAllowInjectionOfNulls" computerName="DKSR-EFI-04" duration="00:00:00.0016458" startTime="2023-12-22T09:35:16.7098983+01:00" endTime="2023-12-22T09:35:16.7098983+01:00" testType="13cdc9d9-ddb5-4fa4-a97d-d965ccfc6d4b" outcome="Passed" testListId="8c84fa94-04c1-424b-9868-57a2d4851a1d" relativeResultsDirectory="5f6f0451-b6b9-49a2-ad05-eecdf0c394de" />
    <UnitTestResult executionId="233a2317-3506-497b-baa6-7976a5465761" testId="1f8d7007-ecd8-fb58-342a-54b2bcf0707f" testName="QueryFilters_ToStorage_ShouldThrowArgumentNullException_IfValueIsNull" computerName="DKSR-EFI-04" duration="00:00:00.0026826" startTime="2023-12-22T09:35:15.3192705+01:00" endTime="2023-12-22T09:35:15.3348908+01:00" testType="13cdc9d9-ddb5-4fa4-a97d-d965ccfc6d4b" outcome="Passed" testListId="8c84fa94-04c1-424b-9868-57a2d4851a1d" relativeResultsDirectory="233a2317-3506-497b-baa6-7976a5465761" />
    <UnitTestResult executionId="dac9c5f4-9ca1-40a1-bb47-862476633291" testId="dbfafe45-1966-a1e8-66e8-e85f80b3159a" testName="CreateDefaultLogger_ShouldFallbackToEmptyLogger_WhenLogMangerThrowsException" computerName="DKSR-EFI-04" duration="00:00:00.0337463" startTime="2023-12-22T09:35:15.2880144+01:00" endTime="2023-12-22T09:35:15.3192705+01:00" testType="13cdc9d9-ddb5-4fa4-a97d-d965ccfc6d4b" outcome="Passed" testListId="8c84fa94-04c1-424b-9868-57a2d4851a1d" relativeResultsDirectory="dac9c5f4-9ca1-40a1-bb47-862476633291" />
    <UnitTestResult executionId="f9313271-e9eb-4e71-aaf8-d2681ef89e0f" testId="13e3c154-da82-5764-8f2d-8e5e58a32b04" testName="GetLogConfigurationTimeout_ShouldReturnNull_WhenConfiguredValueIsInvalid" computerName="DKSR-EFI-04" duration="00:00:00.0010264" startTime="2023-12-22T09:35:16.5848968+01:00" endTime="2023-12-22T09:35:16.5848968+01:00" testType="13cdc9d9-ddb5-4fa4-a97d-d965ccfc6d4b" outcome="Passed" testListId="8c84fa94-04c1-424b-9868-57a2d4851a1d" relativeResultsDirectory="f9313271-e9eb-4e71-aaf8-d2681ef89e0f" />
    <UnitTestResult executionId="41e7b9c1-feba-4021-b207-41f5f3b27215" testId="22e58096-f246-6686-73c3-5ccc37847f7a" testName="ExecuteGuaranteedDeletionShouldRescheduleTimer_WhenSecondRemoveExpiredAsyncFails_WithCorrectPeriod" computerName="DKSR-EFI-04" duration="00:00:00.0042268" startTime="2023-12-22T09:35:17.0224035+01:00" endTime="2023-12-22T09:35:17.0380268+01:00" testType="13cdc9d9-ddb5-4fa4-a97d-d965ccfc6d4b" outcome="Passed" testListId="8c84fa94-04c1-424b-9868-57a2d4851a1d" relativeResultsDirectory="41e7b9c1-feba-4021-b207-41f5f3b27215" />
    <UnitTestResult executionId="a3cdf07c-a142-47d3-91c5-b1b791f21850" testId="553395dc-bb03-555b-488b-5938f91b85ac" testName="LogRetentions_ToStorage_ShouldThrowArgumentNullException_IfValueIsNull" computerName="DKSR-EFI-04" duration="00:00:00.0008345" startTime="2023-12-22T09:35:15.3973927+01:00" endTime="2023-12-22T09:35:15.3973927+01:00" testType="13cdc9d9-ddb5-4fa4-a97d-d965ccfc6d4b" outcome="Passed" testListId="8c84fa94-04c1-424b-9868-57a2d4851a1d" relativeResultsDirectory="a3cdf07c-a142-47d3-91c5-b1b791f21850" />
    <UnitTestResult executionId="3d427347-6a5a-4a60-807a-e625371de16f" testId="c05e16e2-e983-c815-b7da-7916fbfbd4a5" testName="LoadAsync_ShouldSetSystemLogRetentionToDefault_IfDatabaseCallFail" computerName="DKSR-EFI-04" duration="00:00:00.0057050" startTime="2023-12-22T09:35:17.1786519+01:00" endTime="2023-12-22T09:35:17.1786519+01:00" testType="13cdc9d9-ddb5-4fa4-a97d-d965ccfc6d4b" outcome="Passed" testListId="8c84fa94-04c1-424b-9868-57a2d4851a1d" relativeResultsDirectory="3d427347-6a5a-4a60-807a-e625371de16f" />
    <UnitTestResult executionId="aa8f4336-44c0-4017-8cd1-b3c89ef5e12b" testId="2fb6e8aa-2eaa-4b12-09c9-b2f35cc72765" testName="StartService_ShouldSetStatusTextToStarted_OnceServiceIsUpAndRunning" computerName="DKSR-EFI-04" duration="00:00:00.0228799" startTime="2023-12-22T09:35:14.3505125+01:00" endTime="2023-12-22T09:35:14.3817643+01:00" testType="13cdc9d9-ddb5-4fa4-a97d-d965ccfc6d4b" outcome="Passed" testListId="8c84fa94-04c1-424b-9868-57a2d4851a1d" relativeResultsDirectory="aa8f4336-44c0-4017-8cd1-b3c89ef5e12b" />
    <UnitTestResult executionId="09f76998-16a2-4dc5-96ff-563b8ab89c82" testId="6a99bca0-c2eb-0657-a66f-bc7316c77725" testName="FetchLoglinesAsync_ShouldRemoveItemFromCache_WhenAllQueryDataHasBeenRead" computerName="DKSR-EFI-04" duration="00:00:00.0187800" startTime="2023-12-22T09:35:14.9442639+01:00" endTime="2023-12-22T09:35:14.9598898+01:00" testType="13cdc9d9-ddb5-4fa4-a97d-d965ccfc6d4b" outcome="Passed" testListId="8c84fa94-04c1-424b-9868-57a2d4851a1d" relativeResultsDirectory="09f76998-16a2-4dc5-96ff-563b8ab89c82" />
    <UnitTestResult executionId="de46d57f-017a-4bb2-b9ff-ea2cdd29a866" testId="7d82980f-9419-1c88-bc1e-848905fe6f9e" testName="Stop_ShouldLogErrorsAndHandleCommunicationExceptions_IfErrorHappensWhileClosingAllServiceCommunications" computerName="DKSR-EFI-04" duration="00:00:00.0154342" startTime="2023-12-22T09:35:11.2098687+01:00" endTime="2023-12-22T09:35:11.2254943+01:00" testType="13cdc9d9-ddb5-4fa4-a97d-d965ccfc6d4b" outcome="Passed" testListId="8c84fa94-04c1-424b-9868-57a2d4851a1d" relativeResultsDirectory="de46d57f-017a-4bb2-b9ff-ea2cdd29a866" />
    <UnitTestResult executionId="735340b0-aa8d-4024-a74e-6cf151e2b6fe" testId="eef69d7e-2e3f-3b2c-b176-747c2fdc2b03" testName="GetLogsReadTimeout_ShouldReturnIntValue_WhenConfiguredValueIsValid" computerName="DKSR-EFI-04" duration="00:00:00.0010594" startTime="2023-12-22T09:35:16.5692721+01:00" endTime="2023-12-22T09:35:16.5692721+01:00" testType="13cdc9d9-ddb5-4fa4-a97d-d965ccfc6d4b" outcome="Passed" testListId="8c84fa94-04c1-424b-9868-57a2d4851a1d" relativeResultsDirectory="735340b0-aa8d-4024-a74e-6cf151e2b6fe" />
    <UnitTestResult executionId="d65933b8-f7ab-4b4c-bfeb-d583d8335d4e" testId="2bc256b5-9049-1b35-f2a0-106c8a652036" testName="WriteLegacyLoglineAsync_ShouldPassParametersToLogWriter (False)" computerName="DKSR-EFI-04" duration="00:00:00.0325583" startTime="2023-12-22T09:35:13.6630067+01:00" endTime="2023-12-22T09:35:13.6942566+01:00" testType="13cdc9d9-ddb5-4fa4-a97d-d965ccfc6d4b" outcome="Passed" testListId="8c84fa94-04c1-424b-9868-57a2d4851a1d" relativeResultsDirectory="d65933b8-f7ab-4b4c-bfeb-d583d8335d4e" />
    <UnitTestResult executionId="9aebe790-3c09-44a0-a76e-7907fd01b992" testId="cf441dff-2cc3-5209-8459-b5882be4aab7" testName="GetLogRetentionsTokenAsync_ShouldValidateUser_WithAction" computerName="DKSR-EFI-04" duration="00:00:00.0055626" startTime="2023-12-22T09:35:13.4442548+01:00" endTime="2023-12-22T09:35:13.4598828+01:00" testType="13cdc9d9-ddb5-4fa4-a97d-d965ccfc6d4b" outcome="Passed" testListId="8c84fa94-04c1-424b-9868-57a2d4851a1d" relativeResultsDirectory="9aebe790-3c09-44a0-a76e-7907fd01b992" />
    <UnitTestResult executionId="3d4176a6-ee4d-4854-bff4-a3403ee8be74" testId="f6ab9d4a-d579-dc1a-1929-3452282f04c6" testName="Start_ShouldPerformCheckForExpiredLogs_WithAppSettingsSpecifiedDelay" computerName="DKSR-EFI-04" duration="00:00:00.0083313" startTime="2023-12-22T09:35:16.8661925+01:00" endTime="2023-12-22T09:35:16.8661925+01:00" testType="13cdc9d9-ddb5-4fa4-a97d-d965ccfc6d4b" outcome="Passed" testListId="8c84fa94-04c1-424b-9868-57a2d4851a1d" relativeResultsDirectory="3d4176a6-ee4d-4854-bff4-a3403ee8be74" />
    <UnitTestResult executionId="8db48f4f-b3f2-4702-b6eb-67dfd800c40b" testId="ebd8a66e-f49a-baa9-37a7-b6af92c9ad1b" testName="Start_ShouldFallbackToOneHourCheckPeriod_IfLogDeletionCheckPeriodSettingIsNotAvailable" computerName="DKSR-EFI-04" duration="00:00:00.0091717" startTime="2023-12-22T09:35:16.8505245+01:00" endTime="2023-12-22T09:35:16.8661925+01:00" testType="13cdc9d9-ddb5-4fa4-a97d-d965ccfc6d4b" outcome="Passed" testListId="8c84fa94-04c1-424b-9868-57a2d4851a1d" relativeResultsDirectory="8db48f4f-b3f2-4702-b6eb-67dfd800c40b" />
    <UnitTestResult executionId="df194a28-09d3-47af-961b-e3763e536858" testId="bf326b4d-2898-a8f0-57ed-daad32be2325" testName="GetFiltersTimeout_ShouldReturnNull_WhenConfiguredValueIsInvalid" computerName="DKSR-EFI-04" duration="00:00:00.0011234" startTime="2023-12-22T09:35:16.5536471+01:00" endTime="2023-12-22T09:35:16.5536471+01:00" testType="13cdc9d9-ddb5-4fa4-a97d-d965ccfc6d4b" outcome="Passed" testListId="8c84fa94-04c1-424b-9868-57a2d4851a1d" relativeResultsDirectory="df194a28-09d3-47af-961b-e3763e536858" />
    <UnitTestResult executionId="fa66fbb6-735b-4c27-9af7-c16d8f869657" testId="00c949e9-3282-e9a3-1397-e04412ea8166" testName="Method_ShouldCallValidateCredentials_WithAction (FetchSystemLoglinesAsync,VideoOS.LogServer.WebService.DataContracts.FetchLoglinesParams)" computerName="DKSR-EFI-04" duration="00:00:00.0243937" startTime="2023-12-22T09:35:13.1005062+01:00" endTime="2023-12-22T09:35:13.2411306+01:00" testType="13cdc9d9-ddb5-4fa4-a97d-d965ccfc6d4b" outcome="Passed" testListId="8c84fa94-04c1-424b-9868-57a2d4851a1d" relativeResultsDirectory="fa66fbb6-735b-4c27-9af7-c16d8f869657" />
    <UnitTestResult executionId="5be3561c-5ff2-49e8-9d85-7db789de91bd" testId="eb37f6b5-fbef-e348-651e-fd70328f3cab" testName="LegacyLogMessage_ToStorage_ShouldThrowArgumentNullException_IfValueIsNull" computerName="DKSR-EFI-04" duration="00:00:00.0008016" startTime="2023-12-22T09:35:15.3661421+01:00" endTime="2023-12-22T09:35:15.3661421+01:00" testType="13cdc9d9-ddb5-4fa4-a97d-d965ccfc6d4b" outcome="Passed" testListId="8c84fa94-04c1-424b-9868-57a2d4851a1d" relativeResultsDirectory="5be3561c-5ff2-49e8-9d85-7db789de91bd" />
    <UnitTestResult executionId="14cc1c59-181d-45e6-8653-219c96fad823" testId="c13a9523-0595-8c5b-2b1c-d16391be043b" testName="QueryFilters_ToStorage_PropertiesAreTransferred" computerName="DKSR-EFI-04" duration="00:00:00.0057053" startTime="2023-12-22T09:35:15.3348908+01:00" endTime="2023-12-22T09:35:15.3348908+01:00" testType="13cdc9d9-ddb5-4fa4-a97d-d965ccfc6d4b" outcome="Passed" testListId="8c84fa94-04c1-424b-9868-57a2d4851a1d" relativeResultsDirectory="14cc1c59-181d-45e6-8653-219c96fad823" />
    <UnitTestResult executionId="d403c8b7-5cdb-4a1b-94b1-6155aa09461f" testId="e023df46-a47e-1116-5e44-412910eb8941" testName="StartQuerySessionAsync_ShouldReturnInstanceCount" computerName="DKSR-EFI-04" duration="00:00:00.0051766" startTime="2023-12-22T09:35:15.0536413+01:00" endTime="2023-12-22T09:35:15.0536413+01:00" testType="13cdc9d9-ddb5-4fa4-a97d-d965ccfc6d4b" outcome="Passed" testListId="8c84fa94-04c1-424b-9868-57a2d4851a1d" relativeResultsDirectory="d403c8b7-5cdb-4a1b-94b1-6155aa09461f" />
    <UnitTestResult executionId="8b142d1b-b81c-4da9-a31b-b8360b067549" testId="fd8e593e-8f71-af4a-b9f2-d3973c4c8bcf" testName="WriteLegacyLoglineAsync_ShouldPassParametersToLogWriter (True)" computerName="DKSR-EFI-04" duration="00:00:00.0344425" startTime="2023-12-22T09:35:13.6161329+01:00" endTime="2023-12-22T09:35:13.6630067+01:00" testType="13cdc9d9-ddb5-4fa4-a97d-d965ccfc6d4b" outcome="Passed" testListId="8c84fa94-04c1-424b-9868-57a2d4851a1d" relativeResultsDirectory="8b142d1b-b81c-4da9-a31b-b8360b067549" />
    <UnitTestResult executionId="cdaa28c7-a16d-49f3-b2c9-d55bb4993100" testId="ef4209df-d36b-9f3f-baf5-b24e22c78dd6" testName="UpdateRetentionsAsync_ShouldNotChangeSystemLogRetention_WhenUpdateFails" computerName="DKSR-EFI-04" duration="00:00:00.0075819" startTime="2023-12-22T09:35:17.2880279+01:00" endTime="2023-12-22T09:35:17.2880279+01:00" testType="13cdc9d9-ddb5-4fa4-a97d-d965ccfc6d4b" outcome="Passed" testListId="8c84fa94-04c1-424b-9868-57a2d4851a1d" relativeResultsDirectory="cdaa28c7-a16d-49f3-b2c9-d55bb4993100" />
    <UnitTestResult executionId="910a693c-b5f5-42fb-a2e4-4af8a0b4f34f" testId="55a0608f-8d13-6bdb-b154-6dea375beecf" testName="FetchLoglinesAsync_ShouldReturnAuditLoglines" computerName="DKSR-EFI-04" duration="00:00:00.0118138" startTime="2023-12-22T09:35:14.7098889+01:00" endTime="2023-12-22T09:35:14.7255117+01:00" testType="13cdc9d9-ddb5-4fa4-a97d-d965ccfc6d4b" outcome="Passed" testListId="8c84fa94-04c1-424b-9868-57a2d4851a1d" relativeResultsDirectory="910a693c-b5f5-42fb-a2e4-4af8a0b4f34f" />
    <UnitTestResult executionId="9fd10bd4-6e90-4bb5-91ac-2192fc752772" testId="e3a96d4b-d363-d4b8-dd89-641e33983249" testName="LoadAsync_ShouldUseCachedValuesForRetention_WhenCalledSecondTime" computerName="DKSR-EFI-04" duration="00:00:00.0185859" startTime="2023-12-22T09:35:17.1317755+01:00" endTime="2023-12-22T09:35:17.1474005+01:00" testType="13cdc9d9-ddb5-4fa4-a97d-d965ccfc6d4b" outcome="Passed" testListId="8c84fa94-04c1-424b-9868-57a2d4851a1d" relativeResultsDirectory="9fd10bd4-6e90-4bb5-91ac-2192fc752772" />
    <UnitTestResult executionId="fe43d6f4-99db-4bee-93be-0183cb41e558" testId="c914f34a-d6c3-0148-c866-12cf46093edb" testName="QueryInstanceCount_ShouldExecuteProcedureWithGivenName" computerName="DKSR-EFI-04" duration="00:00:00.0067800" startTime="2023-12-22T09:35:16.4286473+01:00" endTime="2023-12-22T09:35:16.4286473+01:00" testType="13cdc9d9-ddb5-4fa4-a97d-d965ccfc6d4b" outcome="Passed" testListId="8c84fa94-04c1-424b-9868-57a2d4851a1d" relativeResultsDirectory="fe43d6f4-99db-4bee-93be-0183cb41e558" />
    <UnitTestResult executionId="806697d9-d5f5-4ff6-882c-86f2306bf168" testId="99d378a4-954f-6041-63cb-6656cd516a7b" testName="WriteLegacyLoglineAsync_ShouldCallWriteMessageInstanceLegacySP" computerName="DKSR-EFI-04" duration="00:00:00.0190497" startTime="2023-12-22T09:35:11.7880003+01:00" endTime="2023-12-22T09:35:11.8036238+01:00" testType="13cdc9d9-ddb5-4fa4-a97d-d965ccfc6d4b" outcome="Passed" testListId="8c84fa94-04c1-424b-9868-57a2d4851a1d" relativeResultsDirectory="806697d9-d5f5-4ff6-882c-86f2306bf168" />
    <UnitTestResult executionId="57d53dfc-1b73-4d6e-a1f1-b107967f10b1" testId="c3861471-0359-9699-67ca-50c7ac19cd0c" testName="QueryWithParameters_ShouldThrowDatabaseException_WhenProcedureNameIsUnknown" computerName="DKSR-EFI-04" duration="00:00:00.0238297" startTime="2023-12-22T09:35:16.4442716+01:00" endTime="2023-12-22T09:35:16.4598977+01:00" testType="13cdc9d9-ddb5-4fa4-a97d-d965ccfc6d4b" outcome="Passed" testListId="8c84fa94-04c1-424b-9868-57a2d4851a1d" relativeResultsDirectory="57d53dfc-1b73-4d6e-a1f1-b107967f10b1" />
    <UnitTestResult executionId="36a14883-ab03-4b16-9e1d-2a8099ef6f8b" testId="eb6434ce-42e2-9e2d-cb9f-a724e0d3ca92" testName="ExtractAsync_ShouldReplaceParameters" computerName="DKSR-EFI-04" duration="00:00:00.0180653" startTime="2023-12-22T09:35:16.6786490+01:00" endTime="2023-12-22T09:35:16.6942724+01:00" testType="13cdc9d9-ddb5-4fa4-a97d-d965ccfc6d4b" outcome="Passed" testListId="8c84fa94-04c1-424b-9868-57a2d4851a1d" relativeResultsDirectory="36a14883-ab03-4b16-9e1d-2a8099ef6f8b" />
    <UnitTestResult executionId="81f66478-ea88-4f0b-9562-2885b3a581d2" testId="eed15939-ffcf-310c-bebd-d8744180c853" testName="Increment_ShouldCallPerformanceCounterIncrement" computerName="DKSR-EFI-04" duration="00:00:00.0054734" startTime="2023-12-22T09:35:15.1630148+01:00" endTime="2023-12-22T09:35:15.1786425+01:00" testType="13cdc9d9-ddb5-4fa4-a97d-d965ccfc6d4b" outcome="Passed" testListId="8c84fa94-04c1-424b-9868-57a2d4851a1d" relativeResultsDirectory="81f66478-ea88-4f0b-9562-2885b3a581d2" />
    <UnitTestResult executionId="aba422c5-dc41-4bee-ae81-d589c249e85e" testId="768fab34-b3b5-1dae-3ecc-919d464dc3af" testName="UpdateRetentionsAsync_ShouldChangeExistingRetentions" computerName="DKSR-EFI-04" duration="00:00:00.0118514" startTime="2023-12-22T09:35:17.3349012+01:00" endTime="2023-12-22T09:35:17.3505261+01:00" testType="13cdc9d9-ddb5-4fa4-a97d-d965ccfc6d4b" outcome="Passed" testListId="8c84fa94-04c1-424b-9868-57a2d4851a1d" relativeResultsDirectory="aba422c5-dc41-4bee-ae81-d589c249e85e" />
    <UnitTestResult executionId="6928f2f2-1cea-4eb5-abbb-e9a125183025" testId="5d6f1e7d-1135-423f-a794-21a2d3d974f9" testName="ExecuteWithParameters_ShouldExecuteProcedureWithGivenParameters" computerName="DKSR-EFI-04" duration="00:00:00.0220163" startTime="2023-12-22T09:35:16.2880205+01:00" endTime="2023-12-22T09:35:16.3192716+01:00" testType="13cdc9d9-ddb5-4fa4-a97d-d965ccfc6d4b" outcome="Passed" testListId="8c84fa94-04c1-424b-9868-57a2d4851a1d" relativeResultsDirectory="6928f2f2-1cea-4eb5-abbb-e9a125183025" />
    <UnitTestResult executionId="0aeeae0b-10ec-4ad4-ac5c-5b59b306e46b" testId="d9cc0df3-0afc-2f4c-9784-3c9795fb77c7" testName="RegisterCategoryAsync_ShouldCallRegisterCategoriesSP" computerName="DKSR-EFI-04" duration="00:00:00.0303956" startTime="2023-12-22T09:35:11.5692482+01:00" endTime="2023-12-22T09:35:11.6004979+01:00" testType="13cdc9d9-ddb5-4fa4-a97d-d965ccfc6d4b" outcome="Passed" testListId="8c84fa94-04c1-424b-9868-57a2d4851a1d" relativeResultsDirectory="0aeeae0b-10ec-4ad4-ac5c-5b59b306e46b" />
    <UnitTestResult executionId="8167ad08-8f4b-4b88-aff2-e59a4def6955" testId="2449653f-1ee0-d329-f5fa-8a52d6be79de" testName="FetchLoglinesAsync_ShouldReturnRuleLoglines" computerName="DKSR-EFI-04" duration="00:00:00.0068381" startTime="2023-12-22T09:35:15.0692659+01:00" endTime="2023-12-22T09:35:15.0848904+01:00" testType="13cdc9d9-ddb5-4fa4-a97d-d965ccfc6d4b" outcome="Passed" testListId="8c84fa94-04c1-424b-9868-57a2d4851a1d" relativeResultsDirectory="8167ad08-8f4b-4b88-aff2-e59a4def6955" />
    <UnitTestResult executionId="3df1fe40-f41c-43b8-b39f-0eb3ae6a6933" testId="0e721204-f277-1283-5632-da19123225cd" testName="LogMessageCategory_ToStorage_ShouldThrowArgumentNullException_IfValueIsNull" computerName="DKSR-EFI-04" duration="00:00:00.0007943" startTime="2023-12-22T09:35:15.3661421+01:00" endTime="2023-12-22T09:35:15.3661421+01:00" testType="13cdc9d9-ddb5-4fa4-a97d-d965ccfc6d4b" outcome="Passed" testListId="8c84fa94-04c1-424b-9868-57a2d4851a1d" relativeResultsDirectory="3df1fe40-f41c-43b8-b39f-0eb3ae6a6933" />
    <UnitTestResult executionId="2f9b0aef-2395-4913-bd91-12b4fa8a4ae3" testId="349eca6e-b1f6-6ab4-c396-e8c299476d7b" testName="FetchLoglinesAsync_ShouldThrowException_WhenCalledWithInvalidQuerySession" computerName="DKSR-EFI-04" duration="00:00:00.0143278" startTime="2023-12-22T09:35:14.9130162+01:00" endTime="2023-12-22T09:35:14.9286383+01:00" testType="13cdc9d9-ddb5-4fa4-a97d-d965ccfc6d4b" outcome="Passed" testListId="8c84fa94-04c1-424b-9868-57a2d4851a1d" relativeResultsDirectory="2f9b0aef-2395-4913-bd91-12b4fa8a4ae3" />
    <UnitTestResult executionId="b2a14dfd-a662-46d9-abf9-793418dbe950" testId="859f32db-1a3b-11dc-3b90-77670f4af2f7" testName="CreateLogReader_ShouldCreateAuditLogReader_WhenAuditLogTypeIsProvided" computerName="DKSR-EFI-04" duration="00:00:00.0150165" startTime="2023-12-22T09:35:14.4911371+01:00" endTime="2023-12-22T09:35:14.5067646+01:00" testType="13cdc9d9-ddb5-4fa4-a97d-d965ccfc6d4b" outcome="Passed" testListId="8c84fa94-04c1-424b-9868-57a2d4851a1d" relativeResultsDirectory="b2a14dfd-a662-46d9-abf9-793418dbe950" />
    <UnitTestResult executionId="c4c92fbb-0920-492e-bdb3-dddbf71cc5d3" testId="5c92e3a1-9732-0609-d397-b423210d7b4f" testName="UpdateLogRetentionsTokenAsync_ShouldValidateUser_WithAction" computerName="DKSR-EFI-04" duration="00:00:00.0077763" startTime="2023-12-22T09:35:13.4911320+01:00" endTime="2023-12-22T09:35:13.5067580+01:00" testType="13cdc9d9-ddb5-4fa4-a97d-d965ccfc6d4b" outcome="Passed" testListId="8c84fa94-04c1-424b-9868-57a2d4851a1d" relativeResultsDirectory="c4c92fbb-0920-492e-bdb3-dddbf71cc5d3" />
    <UnitTestResult executionId="2c32d744-3e70-4ec5-9b6c-4eca9802446a" testId="c8caf0b8-a6ad-0ab7-d506-cf621c69f103" testName="ReadLogStarted_ShouldRegisterSourceType" computerName="DKSR-EFI-04" duration="00:00:00.0362572" startTime="2023-12-22T09:35:17.6474041+01:00" endTime="2023-12-22T09:35:17.6786540+01:00" testType="13cdc9d9-ddb5-4fa4-a97d-d965ccfc6d4b" outcome="Passed" testListId="8c84fa94-04c1-424b-9868-57a2d4851a1d" relativeResultsDirectory="2c32d744-3e70-4ec5-9b6c-4eca9802446a" />
    <UnitTestResult executionId="6a7cd60a-06ce-4a6a-a952-eee51eb8cd61" testId="d8396111-7662-0714-d2b4-b09fefb77529" testName="CreateLogWriter_ShouldCreateAnInstanceOfSqlServerLogWriter" computerName="DKSR-EFI-04" duration="00:00:00.0076970" startTime="2023-12-22T09:35:14.5380120+01:00" endTime="2023-12-22T09:35:14.5380120+01:00" testType="13cdc9d9-ddb5-4fa4-a97d-d965ccfc6d4b" outcome="Passed" testListId="8c84fa94-04c1-424b-9868-57a2d4851a1d" relativeResultsDirectory="6a7cd60a-06ce-4a6a-a952-eee51eb8cd61" />
    <UnitTestResult executionId="49b0b7ec-125e-4055-a1d4-65733acba3ec" testId="88fcd86f-0e3d-db6a-d7f9-489c25ca28c7" testName="Get_ShouldReturnNull_IfIdIsUnknown" computerName="DKSR-EFI-04" duration="00:00:00.0044439" startTime="2023-12-22T09:35:17.4911547+01:00" endTime="2023-12-22T09:35:17.5067798+01:00" testType="13cdc9d9-ddb5-4fa4-a97d-d965ccfc6d4b" outcome="Passed" testListId="8c84fa94-04c1-424b-9868-57a2d4851a1d" relativeResultsDirectory="49b0b7ec-125e-4055-a1d4-65733acba3ec" />
    <UnitTestResult executionId="a50172ee-65ad-46bd-9199-382708e1a012" testId="e3ba00bc-5adb-f0fc-8ae0-6c82b7114db8" testName="ReadLogStarted_ShouldRegisterMessages" computerName="DKSR-EFI-04" duration="00:00:00.0241989" startTime="2023-12-22T09:35:17.6786540+01:00" endTime="2023-12-22T09:35:17.7099043+01:00" testType="13cdc9d9-ddb5-4fa4-a97d-d965ccfc6d4b" outcome="Passed" testListId="8c84fa94-04c1-424b-9868-57a2d4851a1d" relativeResultsDirectory="a50172ee-65ad-46bd-9199-382708e1a012" />
    <UnitTestResult executionId="7295a9bb-743c-41e1-8756-005f14b0cfee" testId="cad41b5c-b5cf-535b-0e25-9943c1f6e70e" testName="Set_ShouldThrowException_IfIdIsEmpty" computerName="DKSR-EFI-04" duration="00:00:00.0044884" startTime="2023-12-22T09:35:17.4130288+01:00" endTime="2023-12-22T09:35:17.4286541+01:00" testType="13cdc9d9-ddb5-4fa4-a97d-d965ccfc6d4b" outcome="Passed" testListId="8c84fa94-04c1-424b-9868-57a2d4851a1d" relativeResultsDirectory="7295a9bb-743c-41e1-8756-005f14b0cfee" />
    <UnitTestResult executionId="604a37f9-8456-49f0-8efc-c732753991c4" testId="8b335792-52d1-7c1c-8357-b3c880b2af3f" testName="UpdateLastGuaranteedDeletionAsync_ShouldChangeExistingLastGuaranteedDeletion_WhenDifferentFromExisting" computerName="DKSR-EFI-04" duration="00:00:00.0075419" startTime="2023-12-22T09:35:17.3505261+01:00" endTime="2023-12-22T09:35:17.3661518+01:00" testType="13cdc9d9-ddb5-4fa4-a97d-d965ccfc6d4b" outcome="Passed" testListId="8c84fa94-04c1-424b-9868-57a2d4851a1d" relativeResultsDirectory="604a37f9-8456-49f0-8efc-c732753991c4" />
    <UnitTestResult executionId="96c4380a-e931-4db2-9b8a-96be4089b221" testId="397fcd6d-c615-3497-e06b-0e9047287291" testName="UpdateRetentionsAsync_ShouldNotChangeRuleLogRetention_WhenUpdateFails" computerName="DKSR-EFI-04" duration="00:00:00.0078306" startTime="2023-12-22T09:35:17.3036508+01:00" endTime="2023-12-22T09:35:17.3036508+01:00" testType="13cdc9d9-ddb5-4fa4-a97d-d965ccfc6d4b" outcome="Passed" testListId="8c84fa94-04c1-424b-9868-57a2d4851a1d" relativeResultsDirectory="96c4380a-e931-4db2-9b8a-96be4089b221" />
    <UnitTestResult executionId="865e80c8-1114-4b8c-a615-69c4c3b980c3" testId="5fc17e84-80e5-347f-82bf-f4b8c35d584c" testName="Constructor_ShouldAddEventHandlerToModifyLogPath_OnlyWhenKeyIsFileAndLogTypeIsFilenameOrArchive (File,X,value,~/test/,value)" computerName="DKSR-EFI-04" duration="00:00:00.0032373" startTime="2023-12-22T09:35:15.2411421+01:00" endTime="2023-12-22T09:35:15.2411421+01:00" testType="13cdc9d9-ddb5-4fa4-a97d-d965ccfc6d4b" outcome="Passed" testListId="8c84fa94-04c1-424b-9868-57a2d4851a1d" relativeResultsDirectory="865e80c8-1114-4b8c-a615-69c4c3b980c3" />
    <UnitTestResult executionId="ea044927-37df-416b-9204-174b39ea8fa3" testId="36606ff2-0697-4884-12b1-9866e64ddefa" testName="FetchSystemLoglinesAsync_ShouldNotModify_WhatSystemLogReaderProvides (True)" computerName="DKSR-EFI-04" duration="00:00:00.0363291" startTime="2023-12-22T09:35:12.6005027+01:00" endTime="2023-12-22T09:35:12.6317513+01:00" testType="13cdc9d9-ddb5-4fa4-a97d-d965ccfc6d4b" outcome="Passed" testListId="8c84fa94-04c1-424b-9868-57a2d4851a1d" relativeResultsDirectory="ea044927-37df-416b-9204-174b39ea8fa3" />
    <UnitTestResult executionId="199983bd-77e4-4403-bc96-8c71cc87296a" testId="9d33ed5e-f5fb-ad1d-d757-74f4bdb891c0" testName="RegisterSourceTypes_ShouldPassParametersToLogWriter (True)" computerName="DKSR-EFI-04" duration="00:00:00.0454590" startTime="2023-12-22T09:35:13.9911336+01:00" endTime="2023-12-22T09:35:14.0380104+01:00" testType="13cdc9d9-ddb5-4fa4-a97d-d965ccfc6d4b" outcome="Passed" testListId="8c84fa94-04c1-424b-9868-57a2d4851a1d" relativeResultsDirectory="199983bd-77e4-4403-bc96-8c71cc87296a" />
    <UnitTestResult executionId="65aaf670-dcab-4eb3-8d3d-08c4c47effe7" testId="9f00e005-cce3-cdb2-14c8-d1de22204abe" testName="RegisterCategories_ShouldPassParametersToLogWriter (True)" computerName="DKSR-EFI-04" duration="00:00:00.0538359" startTime="2023-12-22T09:35:13.8973840+01:00" endTime="2023-12-22T09:35:13.9442600+01:00" testType="13cdc9d9-ddb5-4fa4-a97d-d965ccfc6d4b" outcome="Passed" testListId="8c84fa94-04c1-424b-9868-57a2d4851a1d" relativeResultsDirectory="65aaf670-dcab-4eb3-8d3d-08c4c47effe7" />
    <UnitTestResult executionId="4bb28645-891c-44e3-85c8-332225a92700" testId="bd042076-2402-fb19-56c3-223eeac85ec4" testName="Method_ShouldCallValidateToken_WithCorrectToken (RegisterSourceTypeTokenAsync,VideoOS.LogServer.WebService.DataContracts.RegisterSourceTypeParams)" computerName="DKSR-EFI-04" duration="00:00:00.0152220" startTime="2023-12-22T09:35:14.2567615+01:00" endTime="2023-12-22T09:35:14.3505125+01:00" testType="13cdc9d9-ddb5-4fa4-a97d-d965ccfc6d4b" outcome="Passed" testListId="8c84fa94-04c1-424b-9868-57a2d4851a1d" relativeResultsDirectory="4bb28645-891c-44e3-85c8-332225a92700" />
    <UnitTestResult executionId="5467822f-19fc-43bb-946b-5853aef35b4d" testId="3db29240-7b7b-2518-544c-91b19e924265" testName="LoadAsync_ShouldSetRuleLogRetentionToDefault_IfDatabaseCallFail" computerName="DKSR-EFI-04" duration="00:00:00.0058977" startTime="2023-12-22T09:35:17.1786519+01:00" endTime="2023-12-22T09:35:17.1942777+01:00" testType="13cdc9d9-ddb5-4fa4-a97d-d965ccfc6d4b" outcome="Passed" testListId="8c84fa94-04c1-424b-9868-57a2d4851a1d" relativeResultsDirectory="5467822f-19fc-43bb-946b-5853aef35b4d" />
    <UnitTestResult executionId="d51ae8dd-f06f-408f-89be-3641f06087cb" testId="fa67d7c5-5148-0d9e-b865-b4a92d28e8a2" testName="Property_ShouldThrowMissingOemResourceException_WhenResourceDoesNotExist" computerName="DKSR-EFI-04" duration="00:00:00.0249143" startTime="2023-12-22T09:35:14.6005120+01:00" endTime="2023-12-22T09:35:14.6317620+01:00" testType="13cdc9d9-ddb5-4fa4-a97d-d965ccfc6d4b" outcome="Passed" testListId="8c84fa94-04c1-424b-9868-57a2d4851a1d" relativeResultsDirectory="d51ae8dd-f06f-408f-89be-3641f06087cb" />
    <UnitTestResult executionId="451c85a1-b8de-4872-95ab-6fbadb0002a9" testId="c4518886-96b4-4ca3-17d4-3e626078fabd" testName="LoadAsync_ShouldSetSystemLogRetention" computerName="DKSR-EFI-04" duration="00:00:00.0062420" startTime="2023-12-22T09:35:17.2255256+01:00" endTime="2023-12-22T09:35:17.2255256+01:00" testType="13cdc9d9-ddb5-4fa4-a97d-d965ccfc6d4b" outcome="Passed" testListId="8c84fa94-04c1-424b-9868-57a2d4851a1d" relativeResultsDirectory="451c85a1-b8de-4872-95ab-6fbadb0002a9" />
    <UnitTestResult executionId="9d3027f5-cd62-49df-b15f-e5d1a2e83b37" testId="d622b72b-ae76-b477-c7df-e2dbe34cdc3a" testName="Start_ShouldPerformCheckForExpiredLogs_WithAppSettingsSpecifiedPeriod" computerName="DKSR-EFI-04" duration="00:00:00.0034977" startTime="2023-12-22T09:35:16.8817761+01:00" endTime="2023-12-22T09:35:16.8817761+01:00" testType="13cdc9d9-ddb5-4fa4-a97d-d965ccfc6d4b" outcome="Passed" testListId="8c84fa94-04c1-424b-9868-57a2d4851a1d" relativeResultsDirectory="9d3027f5-cd62-49df-b15f-e5d1a2e83b37" />
    <UnitTestResult executionId="3c55e7e3-c099-4ad9-89f2-cd45272100dc" testId="2d1376f0-c9ba-c269-4739-9431be71f2bf" testName="OemResource_ShouldThrowInvalidOemResourceException_WhenSignatureIsInvalid" computerName="DKSR-EFI-04" duration="00:00:00.0170201" startTime="2023-12-22T09:35:14.5848872+01:00" endTime="2023-12-22T09:35:14.6005120+01:00" testType="13cdc9d9-ddb5-4fa4-a97d-d965ccfc6d4b" outcome="Passed" testListId="8c84fa94-04c1-424b-9868-57a2d4851a1d" relativeResultsDirectory="3c55e7e3-c099-4ad9-89f2-cd45272100dc" />
    <UnitTestResult executionId="bc868cb8-20de-4952-8e0b-3fdc41dc9e73" testId="305e11f7-5a75-0362-db1d-52ee6cd4fe20" testName="RemoveExpiredAsync_ShouldCallDeleteExpiredMessageInstancesStoredProcedure_WithCorrectParams" computerName="DKSR-EFI-04" duration="00:00:00.0112314" startTime="2023-12-22T09:35:16.7723977+01:00" endTime="2023-12-22T09:35:16.7880221+01:00" testType="13cdc9d9-ddb5-4fa4-a97d-d965ccfc6d4b" outcome="Passed" testListId="8c84fa94-04c1-424b-9868-57a2d4851a1d" relativeResultsDirectory="bc868cb8-20de-4952-8e0b-3fdc41dc9e73" />
    <UnitTestResult executionId="c7bdb8d2-49f4-40e5-a282-2fd9b5a0431f" testId="946a28bb-cef1-c7e1-e310-e2732dc76671" testName="StartQuerySessionAsync_ShouldNotModify_WhatILogReaderProvides (True)" computerName="DKSR-EFI-04" duration="00:00:00.1284864" startTime="2023-12-22T09:35:11.9442491+01:00" endTime="2023-12-22T09:35:12.1942509+01:00" testType="13cdc9d9-ddb5-4fa4-a97d-d965ccfc6d4b" outcome="Passed" testListId="8c84fa94-04c1-424b-9868-57a2d4851a1d" relativeResultsDirectory="c7bdb8d2-49f4-40e5-a282-2fd9b5a0431f" />
    <UnitTestResult executionId="cc44506a-8938-4c4e-aba0-e35a03fa7b51" testId="a7c59d28-f7b4-04db-916c-04fdcd3621d0" testName="Dispose_ShouldFlushAndCloseLogger" computerName="DKSR-EFI-04" duration="00:00:00.0041976" startTime="2023-12-22T09:35:15.2567664+01:00" endTime="2023-12-22T09:35:15.2567664+01:00" testType="13cdc9d9-ddb5-4fa4-a97d-d965ccfc6d4b" outcome="Passed" testListId="8c84fa94-04c1-424b-9868-57a2d4851a1d" relativeResultsDirectory="cc44506a-8938-4c4e-aba0-e35a03fa7b51" />
    <UnitTestResult executionId="29404d70-3146-4891-b157-ac5ff5f526cd" testId="4fe139b8-f81b-8dad-3915-fb4e2e0fd0c9" testName="OemResource_ShouldThrowArgumentNullException_WhenArgumentIsNull" computerName="DKSR-EFI-04" duration="00:00:00.0363353" startTime="2023-12-22T09:35:14.5536389+01:00" endTime="2023-12-22T09:35:14.5848872+01:00" testType="13cdc9d9-ddb5-4fa4-a97d-d965ccfc6d4b" outcome="Passed" testListId="8c84fa94-04c1-424b-9868-57a2d4851a1d" relativeResultsDirectory="29404d70-3146-4891-b157-ac5ff5f526cd" />
    <UnitTestResult executionId="68c458eb-9c64-4ea7-997d-a5afa790f030" testId="8ceac98d-25bb-5d13-8fc3-0784f2217baf" testName="Constructor_ShouldAddEventHandlerToModifyLogPath_OnlyWhenKeyIsFileAndLogTypeIsFilenameOrArchive (File,Filename,,~/test/,C:\ProgramData\MyCompany\MyProduct\test\)" computerName="DKSR-EFI-04" duration="00:00:00.0039415" startTime="2023-12-22T09:35:15.2255162+01:00" endTime="2023-12-22T09:35:15.2411421+01:00" testType="13cdc9d9-ddb5-4fa4-a97d-d965ccfc6d4b" outcome="Passed" testListId="8c84fa94-04c1-424b-9868-57a2d4851a1d" relativeResultsDirectory="68c458eb-9c64-4ea7-997d-a5afa790f030" />
    <UnitTestResult executionId="d8becddf-73df-476a-a7ef-28145b43559c" testId="5afd063a-4f14-3665-0935-af7ec06a876e" testName="Start_ShouldUseDefaultGuaranteedDeletionPeriodValue_WhenMissingFromConfig" computerName="DKSR-EFI-04" duration="00:00:00.0028379" startTime="2023-12-22T09:35:16.8974019+01:00" endTime="2023-12-22T09:35:16.8974019+01:00" testType="13cdc9d9-ddb5-4fa4-a97d-d965ccfc6d4b" outcome="Passed" testListId="8c84fa94-04c1-424b-9868-57a2d4851a1d" relativeResultsDirectory="d8becddf-73df-476a-a7ef-28145b43559c" />
    <UnitTestResult executionId="7248a211-8d87-47bf-bdf3-25af813ae5b6" testId="486f415c-3ba1-957b-777c-0f50023bdae5" testName="Constructors_ShouldNotAllowInjectionOfNulls" computerName="DKSR-EFI-04" duration="00:00:00.0819722" startTime="2023-12-22T09:35:14.3973878+01:00" endTime="2023-12-22T09:35:14.4911371+01:00" testType="13cdc9d9-ddb5-4fa4-a97d-d965ccfc6d4b" outcome="Passed" testListId="8c84fa94-04c1-424b-9868-57a2d4851a1d" relativeResultsDirectory="7248a211-8d87-47bf-bdf3-25af813ae5b6" />
    <UnitTestResult executionId="0dfb7fe4-26d8-4ce5-a834-c1913487a6d4" testId="5c261d7e-2571-7b3d-897f-b6bb7590d37a" testName="UpdateRetentionsAsync_ShouldNotDoAnything_IfNewValuesAreAllZeros" computerName="DKSR-EFI-04" duration="00:00:00.0062465" startTime="2023-12-22T09:35:17.0380268+01:00" endTime="2023-12-22T09:35:17.0536498+01:00" testType="13cdc9d9-ddb5-4fa4-a97d-d965ccfc6d4b" outcome="Passed" testListId="8c84fa94-04c1-424b-9868-57a2d4851a1d" relativeResultsDirectory="0dfb7fe4-26d8-4ce5-a834-c1913487a6d4" />
    <UnitTestResult executionId="54f68cb6-4d65-41f8-a82d-6896fabfdf7e" testId="0bc23585-fa65-a6ca-e28c-80585ee94be9" testName="ExecuteGuaranteedDeletionShouldRescheduleTimer_WhenFirstRemoveExpiredAsyncFails_WithCorrectPeriod" computerName="DKSR-EFI-04" duration="00:00:00.0043684" startTime="2023-12-22T09:35:17.0224035+01:00" endTime="2023-12-22T09:35:17.0224035+01:00" testType="13cdc9d9-ddb5-4fa4-a97d-d965ccfc6d4b" outcome="Passed" testListId="8c84fa94-04c1-424b-9868-57a2d4851a1d" relativeResultsDirectory="54f68cb6-4d65-41f8-a82d-6896fabfdf7e" />
    <UnitTestResult executionId="fcf9ad13-9176-4155-a5b3-44d0f6deb06a" testId="c795af14-5387-85dc-b055-637824d79e17" testName="ExtractAsync_ShouldReplaceParameters" computerName="DKSR-EFI-04" duration="00:00:00.0239444" startTime="2023-12-22T09:35:16.7098983+01:00" endTime="2023-12-22T09:35:16.7411524+01:00" testType="13cdc9d9-ddb5-4fa4-a97d-d965ccfc6d4b" outcome="Passed" testListId="8c84fa94-04c1-424b-9868-57a2d4851a1d" relativeResultsDirectory="fcf9ad13-9176-4155-a5b3-44d0f6deb06a" />
    <UnitTestResult executionId="9f1f270d-a89a-4cbd-8ed1-e9c6819bccd4" testId="168c8704-06a5-6904-ffc8-4fda5ecb8a2b" testName="FetchLoglinesAsync_ShouldReturnSystemLoglines" computerName="DKSR-EFI-04" duration="00:00:00.0074342" startTime="2023-12-22T09:35:15.1317654+01:00" endTime="2023-12-22T09:35:15.1317654+01:00" testType="13cdc9d9-ddb5-4fa4-a97d-d965ccfc6d4b" outcome="Passed" testListId="8c84fa94-04c1-424b-9868-57a2d4851a1d" relativeResultsDirectory="9f1f270d-a89a-4cbd-8ed1-e9c6819bccd4" />
    <UnitTestResult executionId="ebd9037b-1944-4094-afa5-89e0fa2d868b" testId="1bb758f0-9b2b-d230-33bf-65cd26e8c59b" testName="ExtractAsync_ShouldSplitLoglines" computerName="DKSR-EFI-04" duration="00:00:00.0091239" startTime="2023-12-22T09:35:16.6942724+01:00" endTime="2023-12-22T09:35:16.7098983+01:00" testType="13cdc9d9-ddb5-4fa4-a97d-d965ccfc6d4b" outcome="Passed" testListId="8c84fa94-04c1-424b-9868-57a2d4851a1d" relativeResultsDirectory="ebd9037b-1944-4094-afa5-89e0fa2d868b" />
    <UnitTestResult executionId="720f798f-b08a-4b65-9519-9f98852ae0c9" testId="d633fadc-a142-d041-07db-fefdc3bad19e" testName="ExtractAsync_ShouldSplitLoglines" computerName="DKSR-EFI-04" duration="00:00:00.0176862" startTime="2023-12-22T09:35:16.7411524+01:00" endTime="2023-12-22T09:35:16.7567742+01:00" testType="13cdc9d9-ddb5-4fa4-a97d-d965ccfc6d4b" outcome="Passed" testListId="8c84fa94-04c1-424b-9868-57a2d4851a1d" relativeResultsDirectory="720f798f-b08a-4b65-9519-9f98852ae0c9" />
    <UnitTestResult executionId="0a650768-8a8f-4783-8114-7627f3238190" testId="ed35b6ba-0e4e-de79-7444-85543e310409" testName="LogServerServiceNameProperty_ShouldReturnCompanyNameShortSpaceLogServerDisplayName" computerName="DKSR-EFI-04" duration="00:00:00.0049157" startTime="2023-12-22T09:35:14.6630126+01:00" endTime="2023-12-22T09:35:14.6786381+01:00" testType="13cdc9d9-ddb5-4fa4-a97d-d965ccfc6d4b" outcome="Passed" testListId="8c84fa94-04c1-424b-9868-57a2d4851a1d" relativeResultsDirectory="0a650768-8a8f-4783-8114-7627f3238190" />
    <UnitTestResult executionId="6306e9b9-b06c-43c4-bd97-ea682251e877" testId="31eec4c0-9b41-3b48-5e19-7bf8b5fda2c4" testName="RegisterSourceTypeAsync_ShouldCallRegisterSourceTypesSP" computerName="DKSR-EFI-04" duration="00:00:00.0164039" startTime="2023-12-22T09:35:11.6629990+01:00" endTime="2023-12-22T09:35:11.6786236+01:00" testType="13cdc9d9-ddb5-4fa4-a97d-d965ccfc6d4b" outcome="Passed" testListId="8c84fa94-04c1-424b-9868-57a2d4851a1d" relativeResultsDirectory="6306e9b9-b06c-43c4-bd97-ea682251e877" />
    <UnitTestResult executionId="24cbfb07-fe44-4a69-ba9f-33a8a4e08d62" testId="2815fd0e-2035-074b-4aa9-1f9f75c6afe5" testName="AuditLogline_ToDataContract_ShouldTransformAuditLoglineDataObject" computerName="DKSR-EFI-04" duration="00:00:00.0041606" startTime="2023-12-22T09:35:15.5380283+01:00" endTime="2023-12-22T09:35:15.5380283+01:00" testType="13cdc9d9-ddb5-4fa4-a97d-d965ccfc6d4b" outcome="Passed" testListId="8c84fa94-04c1-424b-9868-57a2d4851a1d" relativeResultsDirectory="24cbfb07-fe44-4a69-ba9f-33a8a4e08d62" />
    <UnitTestResult executionId="decd52cb-d80b-4ca1-87ae-5020e5e5e809" testId="6ccb7f14-4526-1e72-22ab-ff6986b81548" testName="Constructors_ShouldNotAllowInjectionOfNulls" computerName="DKSR-EFI-04" duration="00:00:00.0687108" startTime="2023-12-22T09:35:11.3661216+01:00" endTime="2023-12-22T09:35:11.4286198+01:00" testType="13cdc9d9-ddb5-4fa4-a97d-d965ccfc6d4b" outcome="Passed" testListId="8c84fa94-04c1-424b-9868-57a2d4851a1d" relativeResultsDirectory="decd52cb-d80b-4ca1-87ae-5020e5e5e809" />
    <UnitTestResult executionId="35a5c30f-9587-4b6f-ab85-e0bf3b8ccbae" testId="dae8775c-1981-9cd5-13c3-ed6cd104261a" testName="QueryInstanceCount_ShouldThrowDatabaseException_IfQueryExecutionFails" computerName="DKSR-EFI-04" duration="00:00:00.0526637" startTime="2023-12-22T09:35:16.3661460+01:00" endTime="2023-12-22T09:35:16.4286473+01:00" testType="13cdc9d9-ddb5-4fa4-a97d-d965ccfc6d4b" outcome="Passed" testListId="8c84fa94-04c1-424b-9868-57a2d4851a1d" relativeResultsDirectory="35a5c30f-9587-4b6f-ab85-e0bf3b8ccbae" />
    <UnitTestResult executionId="a043b320-73a0-443f-a1ff-1c546adb0b3a" testId="e0c38d3c-a9f1-ff9d-5a77-3424aaf56715" testName="LogMessage_ToStorage_PropertiesAreTransferred" computerName="DKSR-EFI-04" duration="00:00:00.0044188" startTime="2023-12-22T09:35:15.3505141+01:00" endTime="2023-12-22T09:35:15.3661421+01:00" testType="13cdc9d9-ddb5-4fa4-a97d-d965ccfc6d4b" outcome="Passed" testListId="8c84fa94-04c1-424b-9868-57a2d4851a1d" relativeResultsDirectory="a043b320-73a0-443f-a1ff-1c546adb0b3a" />
    <UnitTestResult executionId="2fc123e9-455f-4aca-aac3-c15c0da22015" testId="cf38e776-71ee-984e-0a9c-7c7875e54549" testName="Constructors_ShouldNotAllowInjectionOfNulls" computerName="DKSR-EFI-04" duration="00:00:00.0119033" startTime="2023-12-22T09:35:17.1161502+01:00" endTime="2023-12-22T09:35:17.1317755+01:00" testType="13cdc9d9-ddb5-4fa4-a97d-d965ccfc6d4b" outcome="Passed" testListId="8c84fa94-04c1-424b-9868-57a2d4851a1d" relativeResultsDirectory="2fc123e9-455f-4aca-aac3-c15c0da22015" />
    <UnitTestResult executionId="ec2d3709-d1be-4786-b14a-1fc77b7f06fd" testId="71acd907-f8ef-f266-25aa-19cdaafdf552" testName="QueryWithParameters_ShouldExecuteProcedureWithGivenParameters" computerName="DKSR-EFI-04" duration="00:00:00.0092848" startTime="2023-12-22T09:35:16.5223977+01:00" endTime="2023-12-22T09:35:16.5223977+01:00" testType="13cdc9d9-ddb5-4fa4-a97d-d965ccfc6d4b" outcome="Passed" testListId="8c84fa94-04c1-424b-9868-57a2d4851a1d" relativeResultsDirectory="ec2d3709-d1be-4786-b14a-1fc77b7f06fd" />
    <UnitTestResult executionId="76767309-04b6-4806-bcee-11567392f01a" testId="d632cdc5-3816-40d4-b1cd-2097ef26d2ca" testName="Start_ShouldNotHandleException_IfErrorHappensWhileRunningProvideServiceHosts" computerName="DKSR-EFI-04" duration="00:00:00.0596573" startTime="2023-12-22T09:35:11.0223691+01:00" endTime="2023-12-22T09:35:11.0848721+01:00" testType="13cdc9d9-ddb5-4fa4-a97d-d965ccfc6d4b" outcome="Passed" testListId="8c84fa94-04c1-424b-9868-57a2d4851a1d" relativeResultsDirectory="76767309-04b6-4806-bcee-11567392f01a" />
    <UnitTestResult executionId="c4ef7bf7-531d-44e5-b9dd-9e525a2af814" testId="8d6f159a-d3b6-803f-2d76-53607f783811" testName="Method_ShouldCallValidateToken_WithAction_WithCorrectToken (StartQuerySessionTokenAsync,VideoOS.LogServer.WebService.StartQuerySessionParams)" computerName="DKSR-EFI-04" duration="00:00:00.0160359" startTime="2023-12-22T09:35:13.2411306+01:00" endTime="2023-12-22T09:35:13.3192558+01:00" testType="13cdc9d9-ddb5-4fa4-a97d-d965ccfc6d4b" outcome="Passed" testListId="8c84fa94-04c1-424b-9868-57a2d4851a1d" relativeResultsDirectory="c4ef7bf7-531d-44e5-b9dd-9e525a2af814" />
    <UnitTestResult executionId="d398caad-4e14-466e-87da-3d904256b169" testId="6c32ca26-271c-23dd-a27c-d4a2a3825194" testName="RegisterLegacyLogMessagesAsync_ShouldPassLogMessagesToLogWriter (False)" computerName="DKSR-EFI-04" duration="00:00:00.0302743" startTime="2023-12-22T09:35:14.1317610+01:00" endTime="2023-12-22T09:35:14.1630087+01:00" testType="13cdc9d9-ddb5-4fa4-a97d-d965ccfc6d4b" outcome="Passed" testListId="8c84fa94-04c1-424b-9868-57a2d4851a1d" relativeResultsDirectory="d398caad-4e14-466e-87da-3d904256b169" />
    <UnitTestResult executionId="1bb6d583-72ef-473d-8df1-26b2eeb1f953" testId="8a128c2a-9be9-0578-d56f-9e431b92e4d6" testName="Constructors_ShouldNotAllowInjectionOfNulls" computerName="DKSR-EFI-04" duration="00:00:00.0960477" startTime="2023-12-22T09:35:11.8504978+01:00" endTime="2023-12-22T09:35:11.9442491+01:00" testType="13cdc9d9-ddb5-4fa4-a97d-d965ccfc6d4b" outcome="Passed" testListId="8c84fa94-04c1-424b-9868-57a2d4851a1d" relativeResultsDirectory="1bb6d583-72ef-473d-8df1-26b2eeb1f953" />
    <UnitTestResult executionId="17b1fbea-0724-4cb0-a6c2-191d7747380a" testId="94ffbcce-875a-dbeb-c436-becb66351dc4" testName="FetchRuleLoglinesAsync_ShouldNotModify_WhatRuleLogReaderProvides (True)" computerName="DKSR-EFI-04" duration="00:00:00.0364126" startTime="2023-12-22T09:35:12.7411299+01:00" endTime="2023-12-22T09:35:12.7723794+01:00" testType="13cdc9d9-ddb5-4fa4-a97d-d965ccfc6d4b" outcome="Passed" testListId="8c84fa94-04c1-424b-9868-57a2d4851a1d" relativeResultsDirectory="17b1fbea-0724-4cb0-a6c2-191d7747380a" />
    <UnitTestResult executionId="455dd8b8-a7c5-4835-afb5-8e59ea46f01e" testId="5b8cb0cc-991a-8d88-b28b-30f30391b7ee" testName="UpdateLogRetentionsAsync_ShouldValidateUser_WithAction" computerName="DKSR-EFI-04" duration="00:00:00.0111646" startTime="2023-12-22T09:35:13.4755049+01:00" endTime="2023-12-22T09:35:13.4755049+01:00" testType="13cdc9d9-ddb5-4fa4-a97d-d965ccfc6d4b" outcome="Passed" testListId="8c84fa94-04c1-424b-9868-57a2d4851a1d" relativeResultsDirectory="455dd8b8-a7c5-4835-afb5-8e59ea46f01e" />
    <UnitTestResult executionId="d98c3170-89d4-4f52-b8ca-3a415dcf3402" testId="7547e2f0-a27a-ad11-8e1c-5f9423a18546" testName="LoadConfigurationAsync_ShouldLoadLogRetentionConfiguration" computerName="DKSR-EFI-04" duration="00:00:00.0032512" startTime="2023-12-22T09:35:17.0380268+01:00" endTime="2023-12-22T09:35:17.0380268+01:00" testType="13cdc9d9-ddb5-4fa4-a97d-d965ccfc6d4b" outcome="Passed" testListId="8c84fa94-04c1-424b-9868-57a2d4851a1d" relativeResultsDirectory="d98c3170-89d4-4f52-b8ca-3a415dcf3402" />
    <UnitTestResult executionId="24dbe935-c149-4661-a874-2b796a83ed29" testId="9646d898-950c-f77e-17d4-11b5b9a00117" testName="GetFilterValuesAsync_ShouldCallFilterValueReader" computerName="DKSR-EFI-04" duration="00:00:00.0189928" startTime="2023-12-22T09:35:15.0223899+01:00" endTime="2023-12-22T09:35:15.0380167+01:00" testType="13cdc9d9-ddb5-4fa4-a97d-d965ccfc6d4b" outcome="Passed" testListId="8c84fa94-04c1-424b-9868-57a2d4851a1d" relativeResultsDirectory="24dbe935-c149-4661-a874-2b796a83ed29" />
    <UnitTestResult executionId="eda9b6e2-ff18-4c8e-9efc-46782d0f2bf7" testId="f9377692-5a31-5e3e-733e-9be489c69418" testName="UpdateLogRetentionsTokenAsync_ShouldPassParametersToLogRetentionHandler" computerName="DKSR-EFI-04" duration="00:00:00.0082112" startTime="2023-12-22T09:35:13.5067580+01:00" endTime="2023-12-22T09:35:13.5067580+01:00" testType="13cdc9d9-ddb5-4fa4-a97d-d965ccfc6d4b" outcome="Passed" testListId="8c84fa94-04c1-424b-9868-57a2d4851a1d" relativeResultsDirectory="eda9b6e2-ff18-4c8e-9efc-46782d0f2bf7" />
    <UnitTestResult executionId="32b2bedd-961b-4cf7-ad35-668c11ff9bf9" testId="bd880de7-2db0-f960-3aa9-a32e94eaeebf" testName="LoadAsync_ShouldSetAuditLogRetention" computerName="DKSR-EFI-04" duration="00:00:00.0065055" startTime="2023-12-22T09:35:17.2099007+01:00" endTime="2023-12-22T09:35:17.2255256+01:00" testType="13cdc9d9-ddb5-4fa4-a97d-d965ccfc6d4b" outcome="Passed" testListId="8c84fa94-04c1-424b-9868-57a2d4851a1d" relativeResultsDirectory="32b2bedd-961b-4cf7-ad35-668c11ff9bf9" />
    <UnitTestResult executionId="03b77ce0-bf58-4bdf-843b-8cbd5bfdbdf5" testId="ff6ed03e-5c0c-1c4c-7536-d6a67d772e66" testName="Set_ShouldRemoveItemFromCache_IfValueIsNull" computerName="DKSR-EFI-04" duration="00:00:00.0042465" startTime="2023-12-22T09:35:17.4286541+01:00" endTime="2023-12-22T09:35:17.4286541+01:00" testType="13cdc9d9-ddb5-4fa4-a97d-d965ccfc6d4b" outcome="Passed" testListId="8c84fa94-04c1-424b-9868-57a2d4851a1d" relativeResultsDirectory="03b77ce0-bf58-4bdf-843b-8cbd5bfdbdf5" />
    <UnitTestResult executionId="54c51c5d-a5d1-4945-bad2-64f4e065522e" testId="e25cad79-0d2e-c930-5d8e-127920e179b7" testName="UpdateAnonymousLoggingAsync_ShouldChangeExistingAnonymousLogging_WhenDifferentFromExisting" computerName="DKSR-EFI-04" duration="00:00:00.0070160" startTime="2023-12-22T09:35:17.3505261+01:00" endTime="2023-12-22T09:35:17.3505261+01:00" testType="13cdc9d9-ddb5-4fa4-a97d-d965ccfc6d4b" outcome="Passed" testListId="8c84fa94-04c1-424b-9868-57a2d4851a1d" relativeResultsDirectory="54c51c5d-a5d1-4945-bad2-64f4e065522e" />
    <UnitTestResult executionId="f9c7d136-6fea-496d-bd2d-4b386a9a3424" testId="2a11bb12-efdc-c74b-5abf-05799bc83f80" testName="GetLogsReadTimeout_ShouldReturnNull_WhenConfiguredValueIsInvalid" computerName="DKSR-EFI-04" duration="00:00:00.0010024" startTime="2023-12-22T09:35:16.5692721+01:00" endTime="2023-12-22T09:35:16.5692721+01:00" testType="13cdc9d9-ddb5-4fa4-a97d-d965ccfc6d4b" outcome="Passed" testListId="8c84fa94-04c1-424b-9868-57a2d4851a1d" relativeResultsDirectory="f9c7d136-6fea-496d-bd2d-4b386a9a3424" />
    <UnitTestResult executionId="b92976a9-3467-48fd-bc36-273dbd519bc8" testId="d996c347-7097-0c09-0ebe-01ed60715001" testName="StartQuerySessionAsync_ShouldCacheNewlyCreatedQuerySession" computerName="DKSR-EFI-04" duration="00:00:00.0187071" startTime="2023-12-22T09:35:14.8973874+01:00" endTime="2023-12-22T09:35:14.9130162+01:00" testType="13cdc9d9-ddb5-4fa4-a97d-d965ccfc6d4b" outcome="Passed" testListId="8c84fa94-04c1-424b-9868-57a2d4851a1d" relativeResultsDirectory="b92976a9-3467-48fd-bc36-273dbd519bc8" />
    <UnitTestResult executionId="5ab2b5be-ca39-406a-a3d3-4cee1d78a551" testId="bf374353-52a0-cca6-1475-c57e771fd438" testName="RemoveExpired_ShouldForceDeletion_WhenForcedDeleteIsTrueAndLastDeletedGreaterThan12Hours" computerName="DKSR-EFI-04" duration="00:00:00.0063479" startTime="2023-12-22T09:35:17.0692757+01:00" endTime="2023-12-22T09:35:17.0849026+01:00" testType="13cdc9d9-ddb5-4fa4-a97d-d965ccfc6d4b" outcome="Passed" testListId="8c84fa94-04c1-424b-9868-57a2d4851a1d" relativeResultsDirectory="5ab2b5be-ca39-406a-a3d3-4cee1d78a551" />
    <UnitTestResult executionId="6830724d-8adc-41b4-be37-39ef2b1c28a6" testId="8cb478d3-f744-d4b7-5077-671009e6d428" testName="ToLogMessages_ShouldTransformEntriesToLogMessages_WithCorrectCulture" computerName="DKSR-EFI-04" duration="00:00:00.0209855" startTime="2023-12-22T09:35:15.3973927+01:00" endTime="2023-12-22T09:35:15.4286421+01:00" testType="13cdc9d9-ddb5-4fa4-a97d-d965ccfc6d4b" outcome="Passed" testListId="8c84fa94-04c1-424b-9868-57a2d4851a1d" relativeResultsDirectory="6830724d-8adc-41b4-be37-39ef2b1c28a6" />
    <UnitTestResult executionId="596150ce-4a11-42fc-ad29-eec486ca1000" testId="e3c4b40a-0e55-2e38-08a1-45c503b97faf" testName="WriteLoglineAsync_ShouldCallWriteMessageInstanceSP" computerName="DKSR-EFI-04" duration="00:00:00.0535872" startTime="2023-12-22T09:35:11.6786236+01:00" endTime="2023-12-22T09:35:11.7411247+01:00" testType="13cdc9d9-ddb5-4fa4-a97d-d965ccfc6d4b" outcome="Passed" testListId="8c84fa94-04c1-424b-9868-57a2d4851a1d" relativeResultsDirectory="596150ce-4a11-42fc-ad29-eec486ca1000" />
    <UnitTestResult executionId="41266951-fb78-4723-98d4-b1ddbb45a76a" testId="81416636-ae21-0fe9-fa1b-1c1f2587f04a" testName="FetchRuleLoglinesAsync_ShouldNotModify_WhatRuleLogReaderProvides (False)" computerName="DKSR-EFI-04" duration="00:00:00.0296065" startTime="2023-12-22T09:35:12.7880041+01:00" endTime="2023-12-22T09:35:12.8036281+01:00" testType="13cdc9d9-ddb5-4fa4-a97d-d965ccfc6d4b" outcome="Passed" testListId="8c84fa94-04c1-424b-9868-57a2d4851a1d" relativeResultsDirectory="41266951-fb78-4723-98d4-b1ddbb45a76a" />
    <UnitTestResult executionId="d7f607c0-058c-4017-8aae-1ba86cec6e59" testId="eb23929e-f5e4-df55-4e3b-cd8c91dbb810" testName="QueryWithParameters_ShouldReturnParsedLoglines" computerName="DKSR-EFI-04" duration="00:00:00.0089719" startTime="2023-12-22T09:35:16.5380213+01:00" endTime="2023-12-22T09:35:16.5380213+01:00" testType="13cdc9d9-ddb5-4fa4-a97d-d965ccfc6d4b" outcome="Passed" testListId="8c84fa94-04c1-424b-9868-57a2d4851a1d" relativeResultsDirectory="d7f607c0-058c-4017-8aae-1ba86cec6e59" />
    <UnitTestResult executionId="c6a12e61-806b-4d82-9511-3feac0ef877a" testId="561c2bd5-2116-9dc1-6a9c-8f2d90e7de51" testName="RegisterCategories_ShouldPassParametersToLogWriter (False)" computerName="DKSR-EFI-04" duration="00:00:00.0304196" startTime="2023-12-22T09:35:13.9599234+01:00" endTime="2023-12-22T09:35:13.9911336+01:00" testType="13cdc9d9-ddb5-4fa4-a97d-d965ccfc6d4b" outcome="Passed" testListId="8c84fa94-04c1-424b-9868-57a2d4851a1d" relativeResultsDirectory="c6a12e61-806b-4d82-9511-3feac0ef877a" />
    <UnitTestResult executionId="40a90019-668f-42d5-8424-9dcb7fd12e0a" testId="fe6a14e4-4ab3-2bc0-d28b-2bdd79ecc62e" testName="GetLogsWriteTimeout_ShouldReturnNull_WhenConfiguredValueIsInvalid" computerName="DKSR-EFI-04" duration="00:00:00.0009413" startTime="2023-12-22T09:35:16.5848968+01:00" endTime="2023-12-22T09:35:16.5848968+01:00" testType="13cdc9d9-ddb5-4fa4-a97d-d965ccfc6d4b" outcome="Passed" testListId="8c84fa94-04c1-424b-9868-57a2d4851a1d" relativeResultsDirectory="40a90019-668f-42d5-8424-9dcb7fd12e0a" />
    <UnitTestResult executionId="26d89fd2-8b1b-46fc-931f-3625fd4c6c6e" testId="a30ebe19-dbb4-ace3-f5fb-f5c55ebecfa0" testName="PerformDeletionIfDue_ShouldCall_UpdateLastGuaranteedDeletionAsync_Correctly (11/11/2023 00:00:00,11/01/2023 00:00:00,0,True)" computerName="DKSR-EFI-04" duration="00:00:00.0052112" startTime="2023-12-22T09:35:16.9757709+01:00" endTime="2023-12-22T09:35:16.9757709+01:00" testType="13cdc9d9-ddb5-4fa4-a97d-d965ccfc6d4b" outcome="Passed" testListId="8c84fa94-04c1-424b-9868-57a2d4851a1d" relativeResultsDirectory="26d89fd2-8b1b-46fc-931f-3625fd4c6c6e" />
    <UnitTestResult executionId="e4ea9692-de5c-401f-af57-f9794ed35fae" testId="5a1a84db-7006-9963-4753-4851c53b4910" testName="ToLogMessages_ShouldTransformEntriesToLogMessages_WithCorrectLogType" computerName="DKSR-EFI-04" duration="00:00:00.0215166" startTime="2023-12-22T09:35:15.4442666+01:00" endTime="2023-12-22T09:35:15.4598916+01:00" testType="13cdc9d9-ddb5-4fa4-a97d-d965ccfc6d4b" outcome="Passed" testListId="8c84fa94-04c1-424b-9868-57a2d4851a1d" relativeResultsDirectory="e4ea9692-de5c-401f-af57-f9794ed35fae" />
    <UnitTestResult executionId="354cd325-a70c-4975-9b1a-fa09cd86b8b5" testId="bd042076-2402-fb19-56c3-223eeac85ec4" testName="Method_ShouldCallValidateToken_WithCorrectToken (RegisterLegacyLogMessagesTokenAsync,VideoOS.LogServer.WebService.DataContracts.RegisterLegacyLogMessagesParams)" computerName="DKSR-EFI-04" duration="00:00:00.0169772" startTime="2023-12-22T09:35:14.2567615+01:00" endTime="2023-12-22T09:35:14.3505125+01:00" testType="13cdc9d9-ddb5-4fa4-a97d-d965ccfc6d4b" outcome="Passed" testListId="8c84fa94-04c1-424b-9868-57a2d4851a1d" relativeResultsDirectory="354cd325-a70c-4975-9b1a-fa09cd86b8b5" />
    <UnitTestResult executionId="3f476136-5914-4f0a-8f42-56c7f7267e86" testId="e0450b35-a530-0b19-160d-abbdc4fe2859" testName="Constructor_ShouldAddEventHandlerToModifyLogPath_OnlyWhenKeyIsFileAndLogTypeIsFilenameOrArchive (File,Archive,,~/test/,C:\ProgramData\MyCompany\MyProduct\test\)" computerName="DKSR-EFI-04" duration="00:00:00.0055120" startTime="2023-12-22T09:35:15.2411421+01:00" endTime="2023-12-22T09:35:15.2411421+01:00" testType="13cdc9d9-ddb5-4fa4-a97d-d965ccfc6d4b" outcome="Passed" testListId="8c84fa94-04c1-424b-9868-57a2d4851a1d" relativeResultsDirectory="3f476136-5914-4f0a-8f42-56c7f7267e86" />
    <UnitTestResult executionId="8d93917e-4342-47e2-b04b-724ed5f7d39f" testId="9df0aa7c-aee5-5d5c-d02e-0d611a59a855" testName="FetchLoglinesAsync_ShouldThrowInvalidLogTypeException_IfCalledWithSystemLoglineParameter" computerName="DKSR-EFI-04" duration="00:00:00.0024738" startTime="2023-12-22T09:35:14.7098889+01:00" endTime="2023-12-22T09:35:14.7098889+01:00" testType="13cdc9d9-ddb5-4fa4-a97d-d965ccfc6d4b" outcome="Passed" testListId="8c84fa94-04c1-424b-9868-57a2d4851a1d" relativeResultsDirectory="8d93917e-4342-47e2-b04b-724ed5f7d39f" />
    <UnitTestResult executionId="f04d9536-9458-4c4f-a622-63a34a38c0e2" testId="5ea27412-d887-9544-5a93-57d49722b12e" testName="LoadAsync_ShouldSetRuleLogRetention" computerName="DKSR-EFI-04" duration="00:00:00.0065852" startTime="2023-12-22T09:35:17.2255256+01:00" endTime="2023-12-22T09:35:17.2411515+01:00" testType="13cdc9d9-ddb5-4fa4-a97d-d965ccfc6d4b" outcome="Passed" testListId="8c84fa94-04c1-424b-9868-57a2d4851a1d" relativeResultsDirectory="f04d9536-9458-4c4f-a622-63a34a38c0e2" />
    <UnitTestResult executionId="e3af1e12-d256-4834-a12d-e5a42008c487" testId="aaea86df-0d0c-d8a7-d4f9-4994d6d91722" testName="ExecuteGuaranteedDeletion_ShouldUpdateLastGuaranteedDeletionTimestamp_WhenExecutionSuccessful" computerName="DKSR-EFI-04" duration="00:00:00.0061802" startTime="2023-12-22T09:35:17.0067740+01:00" endTime="2023-12-22T09:35:17.0224035+01:00" testType="13cdc9d9-ddb5-4fa4-a97d-d965ccfc6d4b" outcome="Passed" testListId="8c84fa94-04c1-424b-9868-57a2d4851a1d" relativeResultsDirectory="e3af1e12-d256-4834-a12d-e5a42008c487" />
    <UnitTestResult executionId="948b1ec3-490c-48f4-8866-da264897d0e1" testId="94070b35-32b5-2e82-c707-731cc4904ee4" testName="Constructor_ShouldAddEventHandlerToModifyLogPath_OnlyWhenKeyIsFileAndLogTypeIsFilenameOrArchive (File,Filename,,C:\test,C:\test)" computerName="DKSR-EFI-04" duration="00:00:00.0235553" startTime="2023-12-22T09:35:15.1942652+01:00" endTime="2023-12-22T09:35:15.2255162+01:00" testType="13cdc9d9-ddb5-4fa4-a97d-d965ccfc6d4b" outcome="Passed" testListId="8c84fa94-04c1-424b-9868-57a2d4851a1d" relativeResultsDirectory="948b1ec3-490c-48f4-8866-da264897d0e1" />
    <UnitTestResult executionId="c64b2445-146b-4604-8858-5d8acd4912fc" testId="b90272c4-28cc-f78f-c86d-730ccea5a8c7" testName="FetchAuditLoglinesAsync_ShouldNotModify_WhatAuditLogReaderProvides (False)" computerName="DKSR-EFI-04" duration="00:00:00.0317776" startTime="2023-12-22T09:35:12.4598767+01:00" endTime="2023-12-22T09:35:12.4911265+01:00" testType="13cdc9d9-ddb5-4fa4-a97d-d965ccfc6d4b" outcome="Passed" testListId="8c84fa94-04c1-424b-9868-57a2d4851a1d" relativeResultsDirectory="c64b2445-146b-4604-8858-5d8acd4912fc" />
    <UnitTestResult executionId="d5eb540c-a494-40eb-8892-3ef67d26b339" testId="df10cae5-aa05-e478-ca06-77c2867d5871" testName="ExtractLogMessageSourceTypes_ShouldExtract_WithCorrectId" computerName="DKSR-EFI-04" duration="00:00:00.0066742" startTime="2023-12-22T09:35:15.5067676+01:00" endTime="2023-12-22T09:35:15.5223918+01:00" testType="13cdc9d9-ddb5-4fa4-a97d-d965ccfc6d4b" outcome="Passed" testListId="8c84fa94-04c1-424b-9868-57a2d4851a1d" relativeResultsDirectory="d5eb540c-a494-40eb-8892-3ef67d26b339" />
    <UnitTestResult executionId="f90e9ff8-c2e2-4fd8-a614-b334b382661c" testId="31490885-ba4b-19a1-eee4-7c3bd386df8b" testName="ReadLogStarted_ShouldGenerateCorrectParameters" computerName="DKSR-EFI-04" duration="00:00:00.0243488" startTime="2023-12-22T09:35:17.8974048+01:00" endTime="2023-12-22T09:35:17.9286537+01:00" testType="13cdc9d9-ddb5-4fa4-a97d-d965ccfc6d4b" outcome="Passed" testListId="8c84fa94-04c1-424b-9868-57a2d4851a1d" relativeResultsDirectory="f90e9ff8-c2e2-4fd8-a614-b334b382661c" />
    <UnitTestResult executionId="0b636c53-7a55-462d-bdb1-f96ecc1a5bcd" testId="60b6538b-8aa3-6bd5-f8a1-fd661ad27c0e" testName="LogMessageSourceType_ToStorage_PropertiesAreTransferred" computerName="DKSR-EFI-04" duration="00:00:00.0020232" startTime="2023-12-22T09:35:15.3817669+01:00" endTime="2023-12-22T09:35:15.3973927+01:00" testType="13cdc9d9-ddb5-4fa4-a97d-d965ccfc6d4b" outcome="Passed" testListId="8c84fa94-04c1-424b-9868-57a2d4851a1d" relativeResultsDirectory="0b636c53-7a55-462d-bdb1-f96ecc1a5bcd" />
    <UnitTestResult executionId="50024e3c-42d8-4da9-9223-653e7bd3fe05" testId="8d6f159a-d3b6-803f-2d76-53607f783811" testName="Method_ShouldCallValidateToken_WithAction_WithCorrectToken (FetchRuleLoglinesTokenAsync,VideoOS.LogServer.WebService.DataContracts.FetchLoglinesParams)" computerName="DKSR-EFI-04" duration="00:00:00.0183277" startTime="2023-12-22T09:35:13.2411306+01:00" endTime="2023-12-22T09:35:13.3192558+01:00" testType="13cdc9d9-ddb5-4fa4-a97d-d965ccfc6d4b" outcome="Passed" testListId="8c84fa94-04c1-424b-9868-57a2d4851a1d" relativeResultsDirectory="50024e3c-42d8-4da9-9223-653e7bd3fe05" />
    <UnitTestResult executionId="f1f4f3ed-0ec8-46e1-b766-224ec99dda30" testId="2347406b-1f21-d4b0-29e0-f164709c1d55" testName="WriteLegacyLoglineAsync_ShouldIncreaseUptimeLogCountCounter" computerName="DKSR-EFI-04" duration="00:00:00.0127956" startTime="2023-12-22T09:35:11.8036238+01:00" endTime="2023-12-22T09:35:11.8192476+01:00" testType="13cdc9d9-ddb5-4fa4-a97d-d965ccfc6d4b" outcome="Passed" testListId="8c84fa94-04c1-424b-9868-57a2d4851a1d" relativeResultsDirectory="f1f4f3ed-0ec8-46e1-b766-224ec99dda30" />
    <UnitTestResult executionId="75ca3a62-31f3-40d4-9fb8-d26ea6ea95f8" testId="e152907d-3f69-67ca-ed1b-d6c79f16ab25" testName="GetFilterValuesAsync_ShouldNotModify_WhatFilterValueReaderProvides (True)" computerName="DKSR-EFI-04" duration="00:00:00.0492903" startTime="2023-12-22T09:35:12.9755029+01:00" endTime="2023-12-22T09:35:13.0223792+01:00" testType="13cdc9d9-ddb5-4fa4-a97d-d965ccfc6d4b" outcome="Passed" testListId="8c84fa94-04c1-424b-9868-57a2d4851a1d" relativeResultsDirectory="75ca3a62-31f3-40d4-9fb8-d26ea6ea95f8" />
    <UnitTestResult executionId="9f259075-d878-4892-ada5-218c13b8679a" testId="02cb074b-5330-23f6-0c4a-4c0ddce8264e" testName="QueryWithParameters_ShouldThrowDatabaseException_IfQueryExecutionFails" computerName="DKSR-EFI-04" duration="00:00:00.0066234" startTime="2023-12-22T09:35:16.4755228+01:00" endTime="2023-12-22T09:35:16.4755228+01:00" testType="13cdc9d9-ddb5-4fa4-a97d-d965ccfc6d4b" outcome="Passed" testListId="8c84fa94-04c1-424b-9868-57a2d4851a1d" relativeResultsDirectory="9f259075-d878-4892-ada5-218c13b8679a" />
    <UnitTestResult executionId="bf3858cd-7c92-472e-a7a6-e4a14dde67ff" testId="01264600-f5eb-00d5-cb59-6b297068518d" testName="Constructors_ShouldNotAllowInjectionOfNulls" computerName="DKSR-EFI-04" duration="00:00:00.0020679" startTime="2023-12-22T09:35:16.3192716+01:00" endTime="2023-12-22T09:35:16.3192716+01:00" testType="13cdc9d9-ddb5-4fa4-a97d-d965ccfc6d4b" outcome="Passed" testListId="8c84fa94-04c1-424b-9868-57a2d4851a1d" relativeResultsDirectory="bf3858cd-7c92-472e-a7a6-e4a14dde67ff" />
    <UnitTestResult executionId="e035daae-5aaa-4b95-b2f0-e3272fec6f6c" testId="108dcd5c-98ce-f87a-50aa-f132528938a1" testName="ToLogMessages_ShouldTransformEntriesToLogMessages_WithCorrectId" computerName="DKSR-EFI-04" duration="00:00:00.0105688" startTime="2023-12-22T09:35:15.4286421+01:00" endTime="2023-12-22T09:35:15.4442666+01:00" testType="13cdc9d9-ddb5-4fa4-a97d-d965ccfc6d4b" outcome="Passed" testListId="8c84fa94-04c1-424b-9868-57a2d4851a1d" relativeResultsDirectory="e035daae-5aaa-4b95-b2f0-e3272fec6f6c" />
    <UnitTestResult executionId="e15d511f-8b6b-4902-b1c1-064ebc95f952" testId="37590392-479e-4f5b-0bf5-d812c9ae600f" testName="FetchRuleLoglinesAsync_ShouldThrowFaultException_WhenSqlQueriesTimeout" computerName="DKSR-EFI-04" duration="00:00:00.0449869" startTime="2023-12-22T09:35:12.8505033+01:00" endTime="2023-12-22T09:35:12.8973784+01:00" testType="13cdc9d9-ddb5-4fa4-a97d-d965ccfc6d4b" outcome="Passed" testListId="8c84fa94-04c1-424b-9868-57a2d4851a1d" relativeResultsDirectory="e15d511f-8b6b-4902-b1c1-064ebc95f952" />
    <UnitTestResult executionId="18be38f0-d615-4633-b4c8-834532f81efb" testId="b8848f78-e431-d152-97ed-aff7460a0c3b" testName="LogRetentions_ToStorage_PropertiesAreTransferred" computerName="DKSR-EFI-04" duration="00:00:00.0045445" startTime="2023-12-22T09:35:15.3973927+01:00" endTime="2023-12-22T09:35:15.3973927+01:00" testType="13cdc9d9-ddb5-4fa4-a97d-d965ccfc6d4b" outcome="Passed" testListId="8c84fa94-04c1-424b-9868-57a2d4851a1d" relativeResultsDirectory="18be38f0-d615-4633-b4c8-834532f81efb" />
    <UnitTestResult executionId="5ef21ee1-5884-424e-a415-8d89034304dd" testId="43fb071e-017a-60e3-56a1-11cd5a259516" testName="Start_ShouldOpenAllServiceCommunications" computerName="DKSR-EFI-04" duration="00:00:00.1140594" startTime="2023-12-22T09:35:10.9129932+01:00" endTime="2023-12-22T09:35:11.0223691+01:00" testType="13cdc9d9-ddb5-4fa4-a97d-d965ccfc6d4b" outcome="Passed" testListId="8c84fa94-04c1-424b-9868-57a2d4851a1d" relativeResultsDirectory="5ef21ee1-5884-424e-a415-8d89034304dd" />
    <UnitTestResult executionId="ed134834-0f71-4930-9a58-faa4f41aa7f5" testId="76f15ad2-398a-ff53-5ced-0734278d432f" testName="GetFiltersTimeout_ShouldReturnIntValue_WhenConfiguredValueIsValid" computerName="DKSR-EFI-04" duration="00:00:00.0018679" startTime="2023-12-22T09:35:16.5536471+01:00" endTime="2023-12-22T09:35:16.5536471+01:00" testType="13cdc9d9-ddb5-4fa4-a97d-d965ccfc6d4b" outcome="Passed" testListId="8c84fa94-04c1-424b-9868-57a2d4851a1d" relativeResultsDirectory="ed134834-0f71-4930-9a58-faa4f41aa7f5" />
    <UnitTestResult executionId="e4cda759-94aa-4846-8b4f-1a78f78cabfc" testId="15f38082-3978-be6b-6ce4-4ddc9ad73d7c" testName="WriteLoglineAsync_ShouldIncreaseUptimeLogCountCounter" computerName="DKSR-EFI-04" duration="00:00:00.0209327" startTime="2023-12-22T09:35:11.7411247+01:00" endTime="2023-12-22T09:35:11.7567508+01:00" testType="13cdc9d9-ddb5-4fa4-a97d-d965ccfc6d4b" outcome="Passed" testListId="8c84fa94-04c1-424b-9868-57a2d4851a1d" relativeResultsDirectory="e4cda759-94aa-4846-8b4f-1a78f78cabfc" />
    <UnitTestResult executionId="08c9f13b-7525-41a7-a9e1-feac53777e0e" testId="dc897bff-bb2f-6be5-4f79-9be874adc658" testName="Constructors_ShouldNotAllowInjectionOfNulls" computerName="DKSR-EFI-04" duration="00:00:00.0028023" startTime="2023-12-22T09:35:14.7411382+01:00" endTime="2023-12-22T09:35:14.7411382+01:00" testType="13cdc9d9-ddb5-4fa4-a97d-d965ccfc6d4b" outcome="Passed" testListId="8c84fa94-04c1-424b-9868-57a2d4851a1d" relativeResultsDirectory="08c9f13b-7525-41a7-a9e1-feac53777e0e" />
    <UnitTestResult executionId="85e04a8c-f4db-48e2-9762-25ae00d76f0b" testId="aa656f82-9e44-5a1a-276d-38427026194d" testName="Property_ShouldSucceed_WhenResourceIsAString" computerName="DKSR-EFI-04" duration="00:00:00.0044137" startTime="2023-12-22T09:35:14.6630126+01:00" endTime="2023-12-22T09:35:14.6630126+01:00" testType="13cdc9d9-ddb5-4fa4-a97d-d965ccfc6d4b" outcome="Passed" testListId="8c84fa94-04c1-424b-9868-57a2d4851a1d" relativeResultsDirectory="85e04a8c-f4db-48e2-9762-25ae00d76f0b" />
    <UnitTestResult executionId="0a79a644-5627-4731-a9cd-9ac509ca3c5b" testId="55cb4b4b-24f7-b469-407f-6f678f27f86a" testName="QueryWithParameters_ShouldNotSetCommandTimeout_WhenATimeoutIsNotSpecified" computerName="DKSR-EFI-04" duration="00:00:00.0130457" startTime="2023-12-22T09:35:16.5067723+01:00" endTime="2023-12-22T09:35:16.5223977+01:00" testType="13cdc9d9-ddb5-4fa4-a97d-d965ccfc6d4b" outcome="Passed" testListId="8c84fa94-04c1-424b-9868-57a2d4851a1d" relativeResultsDirectory="0a79a644-5627-4731-a9cd-9ac509ca3c5b" />
    <UnitTestResult executionId="d09d5077-1db3-42de-88e3-31224f4bf074" testId="a19b043f-34ab-f306-e3b1-fbcc0632edd0" testName="StartQuerySessionAsync_ShouldReturnInstanceCount" computerName="DKSR-EFI-04" duration="00:00:00.0121518" startTime="2023-12-22T09:35:14.6786381+01:00" endTime="2023-12-22T09:35:14.6942646+01:00" testType="13cdc9d9-ddb5-4fa4-a97d-d965ccfc6d4b" outcome="Passed" testListId="8c84fa94-04c1-424b-9868-57a2d4851a1d" relativeResultsDirectory="d09d5077-1db3-42de-88e3-31224f4bf074" />
    <UnitTestResult executionId="1bdf1705-11f1-471d-8e24-94127a26dedf" testId="8c625aee-fbc4-80d9-7e5b-5e824be75ac3" testName="EndQuerySessionAsync_ShouldTerminateSession_WithProvidedQuerySessionId (False)" computerName="DKSR-EFI-04" duration="00:00:00.0290045" startTime="2023-12-22T09:35:12.9286295+01:00" endTime="2023-12-22T09:35:12.9598795+01:00" testType="13cdc9d9-ddb5-4fa4-a97d-d965ccfc6d4b" outcome="Passed" testListId="8c84fa94-04c1-424b-9868-57a2d4851a1d" relativeResultsDirectory="1bdf1705-11f1-471d-8e24-94127a26dedf" />
    <UnitTestResult executionId="359bc947-645e-4c5e-a607-5a0535a04fa3" testId="f9a60e15-31b1-2c2e-503f-7b6ac4a26afb" testName="StopService_ShouldSetStatusTextToStopped_OnceServiceIsStopped" computerName="DKSR-EFI-04" duration="00:00:00.0169422" startTime="2023-12-22T09:35:14.3817643+01:00" endTime="2023-12-22T09:35:14.3973878+01:00" testType="13cdc9d9-ddb5-4fa4-a97d-d965ccfc6d4b" outcome="Passed" testListId="8c84fa94-04c1-424b-9868-57a2d4851a1d" relativeResultsDirectory="359bc947-645e-4c5e-a607-5a0535a04fa3" />
    <UnitTestResult executionId="e1d1b088-23a7-4fa0-9930-3507161e36c1" testId="28b6ad06-97da-62ac-35c6-52354334fb8a" testName="ExecuteWithParameters_ShouldExecuteProcedureWithGivenName" computerName="DKSR-EFI-04" duration="00:00:00.0359895" startTime="2023-12-22T09:35:16.2411454+01:00" endTime="2023-12-22T09:35:16.2723946+01:00" testType="13cdc9d9-ddb5-4fa4-a97d-d965ccfc6d4b" outcome="Passed" testListId="8c84fa94-04c1-424b-9868-57a2d4851a1d" relativeResultsDirectory="e1d1b088-23a7-4fa0-9930-3507161e36c1" />
    <UnitTestResult executionId="dc6343c0-aec5-4f24-97dd-a7627e669d0a" testId="0e0350ed-eb6e-22cb-e94e-3cfe45921651" testName="Dispose_ShouldCallPerformanceCounterDispose" computerName="DKSR-EFI-04" duration="00:00:00.0008768" startTime="2023-12-22T09:35:15.1786425+01:00" endTime="2023-12-22T09:35:15.1786425+01:00" testType="13cdc9d9-ddb5-4fa4-a97d-d965ccfc6d4b" outcome="Passed" testListId="8c84fa94-04c1-424b-9868-57a2d4851a1d" relativeResultsDirectory="dc6343c0-aec5-4f24-97dd-a7627e669d0a" />
    <UnitTestResult executionId="7d35e1d0-a3ad-4c34-afa0-388ee1a40683" testId="56227e59-e610-2fbb-fcac-afd2e7ca1254" testName="Property_ShouldThrowMissingOemResourceException_WhenResourceIsNotAString" computerName="DKSR-EFI-04" duration="00:00:00.0209542" startTime="2023-12-22T09:35:14.6317620+01:00" endTime="2023-12-22T09:35:14.6473895+01:00" testType="13cdc9d9-ddb5-4fa4-a97d-d965ccfc6d4b" outcome="Passed" testListId="8c84fa94-04c1-424b-9868-57a2d4851a1d" relativeResultsDirectory="7d35e1d0-a3ad-4c34-afa0-388ee1a40683" />
    <UnitTestResult executionId="5c6bd6c7-db74-4508-928d-2d9beda60804" testId="5ced3b67-bdc3-a9a2-2162-f5e61b69b1f4" testName="GetFilterValuesAsync_ShouldReturnExpectedResult" computerName="DKSR-EFI-04" duration="00:00:00.0166701" startTime="2023-12-22T09:35:14.8192653+01:00" endTime="2023-12-22T09:35:14.8348874+01:00" testType="13cdc9d9-ddb5-4fa4-a97d-d965ccfc6d4b" outcome="Passed" testListId="8c84fa94-04c1-424b-9868-57a2d4851a1d" relativeResultsDirectory="5c6bd6c7-db74-4508-928d-2d9beda60804" />
    <UnitTestResult executionId="c3b5913e-2728-4805-8264-d52693a42cc1" testId="473ecaf0-d961-6edb-b84a-a553cbcdae03" testName="LoadAsync_ShouldSetAuditLogRetentionToDefault_IfDatabaseCallFail" computerName="DKSR-EFI-04" duration="00:00:00.0060152" startTime="2023-12-22T09:35:17.1630265+01:00" endTime="2023-12-22T09:35:17.1786519+01:00" testType="13cdc9d9-ddb5-4fa4-a97d-d965ccfc6d4b" outcome="Passed" testListId="8c84fa94-04c1-424b-9868-57a2d4851a1d" relativeResultsDirectory="c3b5913e-2728-4805-8264-d52693a42cc1" />
    <UnitTestResult executionId="44b60b30-2eb8-4b94-b17f-67043771ce01" testId="02bc80bd-3783-5926-af95-29f845f91552" testName="Constructor_ShouldAddEventHandlerToModifyLogPath_OnlyWhenKeyIsFileAndLogTypeIsFilenameOrArchive (X,Filename,value,~/test/,value)" computerName="DKSR-EFI-04" duration="00:00:00.0031439" startTime="2023-12-22T09:35:15.2567664+01:00" endTime="2023-12-22T09:35:15.2567664+01:00" testType="13cdc9d9-ddb5-4fa4-a97d-d965ccfc6d4b" outcome="Passed" testListId="8c84fa94-04c1-424b-9868-57a2d4851a1d" relativeResultsDirectory="44b60b30-2eb8-4b94-b17f-67043771ce01" />
    <UnitTestResult executionId="27ad1218-f852-4562-9566-ce28bfe77dff" testId="35a417d9-e7fe-01c4-bcf3-a18f85f83168" testName="EndQuerySessionAsync_ShouldTerminateSession_WithProvidedQuerySessionId (True)" computerName="DKSR-EFI-04" duration="00:00:00.0362190" startTime="2023-12-22T09:35:12.8973784+01:00" endTime="2023-12-22T09:35:12.9286295+01:00" testType="13cdc9d9-ddb5-4fa4-a97d-d965ccfc6d4b" outcome="Passed" testListId="8c84fa94-04c1-424b-9868-57a2d4851a1d" relativeResultsDirectory="27ad1218-f852-4562-9566-ce28bfe77dff" />
    <UnitTestResult executionId="174a6adb-be5c-4e62-9a7b-e1cfa1ae5393" testId="3ae3f7c0-817c-c46f-7f30-fb70276f86d4" testName="UpdateAnonymousLoggingAsync_ShouldNotChangeAnonymousLoggingAsync_WhenUpdateFails" computerName="DKSR-EFI-04" duration="00:00:00.0104196" startTime="2023-12-22T09:35:17.3036508+01:00" endTime="2023-12-22T09:35:17.3192782+01:00" testType="13cdc9d9-ddb5-4fa4-a97d-d965ccfc6d4b" outcome="Passed" testListId="8c84fa94-04c1-424b-9868-57a2d4851a1d" relativeResultsDirectory="174a6adb-be5c-4e62-9a7b-e1cfa1ae5393" />
    <UnitTestResult executionId="68d75bdf-8a06-4c07-a206-ca297105572e" testId="00c949e9-3282-e9a3-1397-e04412ea8166" testName="Method_ShouldCallValidateCredentials_WithAction (StartQuerySessionAsync,VideoOS.LogServer.WebService.StartQuerySessionParams)" computerName="DKSR-EFI-04" duration="00:00:00.0152560" startTime="2023-12-22T09:35:13.1005062+01:00" endTime="2023-12-22T09:35:13.2411306+01:00" testType="13cdc9d9-ddb5-4fa4-a97d-d965ccfc6d4b" outcome="Passed" testListId="8c84fa94-04c1-424b-9868-57a2d4851a1d" relativeResultsDirectory="68d75bdf-8a06-4c07-a206-ca297105572e" />
    <UnitTestResult executionId="8aba441e-12ec-4a75-bfcc-ffe917bd715e" testId="70b86e9d-2393-9129-f216-951feb713fd8" testName="FetchLoglinesAsync_ShouldThrowInvalidLogTypeException_IfCalledWithRuleLoglineParameter" computerName="DKSR-EFI-04" duration="00:00:00.0042360" startTime="2023-12-22T09:35:14.6942646+01:00" endTime="2023-12-22T09:35:14.7098889+01:00" testType="13cdc9d9-ddb5-4fa4-a97d-d965ccfc6d4b" outcome="Passed" testListId="8c84fa94-04c1-424b-9868-57a2d4851a1d" relativeResultsDirectory="8aba441e-12ec-4a75-bfcc-ffe917bd715e" />
    <UnitTestResult executionId="ea8183d3-fac2-4ac2-a3f0-e2838735de99" testId="e08762d0-503a-66d0-2e75-de0a18674fda" testName="FetchAuditLoglinesAsync_ShouldNotModify_WhatAuditLogReaderProvides (True)" computerName="DKSR-EFI-04" duration="00:00:00.2354951" startTime="2023-12-22T09:35:12.2254994+01:00" endTime="2023-12-22T09:35:12.4598767+01:00" testType="13cdc9d9-ddb5-4fa4-a97d-d965ccfc6d4b" outcome="Passed" testListId="8c84fa94-04c1-424b-9868-57a2d4851a1d" relativeResultsDirectory="ea8183d3-fac2-4ac2-a3f0-e2838735de99" />
    <UnitTestResult executionId="35f57d53-4e34-471e-ba3e-8dfc521328c1" testId="c0fed45b-6475-73e7-3be9-95b5ff37691a" testName="Stop_ShouldNotHandleGeneralException_IfErrorHappensWhileClosingServiceCommunications" computerName="DKSR-EFI-04" duration="00:00:00.1136478" startTime="2023-12-22T09:35:11.2411211+01:00" endTime="2023-12-22T09:35:11.3504996+01:00" testType="13cdc9d9-ddb5-4fa4-a97d-d965ccfc6d4b" outcome="Passed" testListId="8c84fa94-04c1-424b-9868-57a2d4851a1d" relativeResultsDirectory="35f57d53-4e34-471e-ba3e-8dfc521328c1" />
    <UnitTestResult executionId="0f31af8f-9467-4ff2-bfa4-293f80e210b1" testId="b458b4ef-295e-cc97-1665-694d3d255142" testName="ExecuteGuaranteedDeletion_ShouldCallRemoveExpiredTwice_WhenConfigurationsAreCorrect" computerName="DKSR-EFI-04" duration="00:00:00.0143067" startTime="2023-12-22T09:35:16.9911494+01:00" endTime="2023-12-22T09:35:17.0067740+01:00" testType="13cdc9d9-ddb5-4fa4-a97d-d965ccfc6d4b" outcome="Passed" testListId="8c84fa94-04c1-424b-9868-57a2d4851a1d" relativeResultsDirectory="0f31af8f-9467-4ff2-bfa4-293f80e210b1" />
    <UnitTestResult executionId="3a6e2f58-7c22-4e1f-8159-3395e0451271" testId="74035522-8f62-d593-ff80-df7415d7973b" testName="ExtractLogMessageCategories_ShouldExtract_WithCorrectLanguageCode" computerName="DKSR-EFI-04" duration="00:00:00.0175279" startTime="2023-12-22T09:35:15.4911428+01:00" endTime="2023-12-22T09:35:15.5067676+01:00" testType="13cdc9d9-ddb5-4fa4-a97d-d965ccfc6d4b" outcome="Passed" testListId="8c84fa94-04c1-424b-9868-57a2d4851a1d" relativeResultsDirectory="3a6e2f58-7c22-4e1f-8159-3395e0451271" />
    <UnitTestResult executionId="d912a084-6268-4373-845a-437f474c40fe" testId="b1cbd388-6b2e-06c4-0688-0ec373c3c29e" testName="Start_ShouldNotHandleGeneralException_IfErrorHappensWhileOpeningServiceCommunications" computerName="DKSR-EFI-04" duration="00:00:00.0104820" startTime="2023-12-22T09:35:11.0848721+01:00" endTime="2023-12-22T09:35:11.1004991+01:00" testType="13cdc9d9-ddb5-4fa4-a97d-d965ccfc6d4b" outcome="Passed" testListId="8c84fa94-04c1-424b-9868-57a2d4851a1d" relativeResultsDirectory="d912a084-6268-4373-845a-437f474c40fe" />
    <UnitTestResult executionId="494a273d-9b22-40ec-9ed1-44ebbf0d21df" testId="6e5007f9-68b1-9358-3a04-1d615453a078" testName="FetchAuditLoglinesAsync_ShouldThrowFaultException_WhenSqlQueriesTimeout" computerName="DKSR-EFI-04" duration="00:00:00.0341068" startTime="2023-12-22T09:35:12.5536264+01:00" endTime="2023-12-22T09:35:12.5848762+01:00" testType="13cdc9d9-ddb5-4fa4-a97d-d965ccfc6d4b" outcome="Passed" testListId="8c84fa94-04c1-424b-9868-57a2d4851a1d" relativeResultsDirectory="494a273d-9b22-40ec-9ed1-44ebbf0d21df" />
    <UnitTestResult executionId="77a5138b-c51c-4119-96f7-38e6b14c0d77" testId="d59656c0-8234-107d-6ab0-cb62a900f180" testName="GetLogConfigurationTimeout_ShouldReturnNull_IfNoValueIsConfigured" computerName="DKSR-EFI-04" duration="00:00:00.0010124" startTime="2023-12-22T09:35:16.5848968+01:00" endTime="2023-12-22T09:35:16.5848968+01:00" testType="13cdc9d9-ddb5-4fa4-a97d-d965ccfc6d4b" outcome="Passed" testListId="8c84fa94-04c1-424b-9868-57a2d4851a1d" relativeResultsDirectory="77a5138b-c51c-4119-96f7-38e6b14c0d77" />
    <UnitTestResult executionId="35d0f1a1-d62b-4fb0-8057-69bd2191f6b1" testId="f37e5f5b-a609-fcf3-c453-9f411a15eaeb" testName="Method_ShouldCallValidateCredentials (RegisterCategoryAsync,VideoOS.LogServer.WebService.DataContracts.RegisterCategoryParams)" computerName="DKSR-EFI-04" duration="00:00:00.0145990" startTime="2023-12-22T09:35:14.1630087+01:00" endTime="2023-12-22T09:35:14.2567615+01:00" testType="13cdc9d9-ddb5-4fa4-a97d-d965ccfc6d4b" outcome="Passed" testListId="8c84fa94-04c1-424b-9868-57a2d4851a1d" relativeResultsDirectory="35d0f1a1-d62b-4fb0-8057-69bd2191f6b1" />
    <UnitTestResult executionId="0a04886f-41cb-4e51-a402-be01dd65cbea" testId="bd7bf742-374f-b829-39d1-dc907ba3e53d" testName="QueryWithParameters_ShouldSetCommandTimeout_WhenATimeoutIsSpecified" computerName="DKSR-EFI-04" duration="00:00:00.0091595" startTime="2023-12-22T09:35:16.4911480+01:00" endTime="2023-12-22T09:35:16.5067723+01:00" testType="13cdc9d9-ddb5-4fa4-a97d-d965ccfc6d4b" outcome="Passed" testListId="8c84fa94-04c1-424b-9868-57a2d4851a1d" relativeResultsDirectory="0a04886f-41cb-4e51-a402-be01dd65cbea" />
    <UnitTestResult executionId="70433b01-2f1e-4eb2-bb7d-13ce06d2746c" testId="000d7efd-fe4d-9380-87e2-a7d9311ce1c3" testName="Dispose_ShouldBeCalledForEachCounter" computerName="DKSR-EFI-04" duration="00:00:00.0108483" startTime="2023-12-22T09:35:15.1473924+01:00" endTime="2023-12-22T09:35:15.1630148+01:00" testType="13cdc9d9-ddb5-4fa4-a97d-d965ccfc6d4b" outcome="Passed" testListId="8c84fa94-04c1-424b-9868-57a2d4851a1d" relativeResultsDirectory="70433b01-2f1e-4eb2-bb7d-13ce06d2746c" />
    <UnitTestResult executionId="5fb8cd1d-30b4-4111-be1e-ea52102ff644" testId="04abea50-601f-4fca-95f4-bec5b318346d" testName="WriteLoglineAsync_ShouldPassParametersToLogWriter (False)" computerName="DKSR-EFI-04" duration="00:00:00.0297691" startTime="2023-12-22T09:35:13.5848825+01:00" endTime="2023-12-22T09:35:13.6161329+01:00" testType="13cdc9d9-ddb5-4fa4-a97d-d965ccfc6d4b" outcome="Passed" testListId="8c84fa94-04c1-424b-9868-57a2d4851a1d" relativeResultsDirectory="5fb8cd1d-30b4-4111-be1e-ea52102ff644" />
    <UnitTestResult executionId="e8172e49-fe5b-4827-b793-719b7659bcf2" testId="cbe84446-e59b-ce9f-f734-cd5097869c15" testName="GetFilterValuesAsync_ShouldCallCorrectStoredProcedures" computerName="DKSR-EFI-04" duration="00:00:00.0128692" startTime="2023-12-22T09:35:14.8036388+01:00" endTime="2023-12-22T09:35:14.8192653+01:00" testType="13cdc9d9-ddb5-4fa4-a97d-d965ccfc6d4b" outcome="Passed" testListId="8c84fa94-04c1-424b-9868-57a2d4851a1d" relativeResultsDirectory="e8172e49-fe5b-4827-b793-719b7659bcf2" />
    <UnitTestResult executionId="f53fbf53-54bc-419b-8084-464c0aa30ead" testId="8b383180-dbd7-0c21-f30b-f2b8a219d9d7" testName="Constructors_ShouldNotAllowInjectionOfNulls" computerName="DKSR-EFI-04" duration="00:00:00.0131125" startTime="2023-12-22T09:35:13.3348809+01:00" endTime="2023-12-22T09:35:13.3348809+01:00" testType="13cdc9d9-ddb5-4fa4-a97d-d965ccfc6d4b" outcome="Passed" testListId="8c84fa94-04c1-424b-9868-57a2d4851a1d" relativeResultsDirectory="f53fbf53-54bc-419b-8084-464c0aa30ead" />
    <UnitTestResult executionId="b8c757cc-ae03-49da-86ec-cd68497d42f3" testId="5d5dffd7-04ce-db57-4a78-6b61a3cdc6f9" testName="ReadLogStarted_ShouldWriteLogline" computerName="DKSR-EFI-04" duration="00:00:00.0112670" startTime="2023-12-22T09:35:17.8817812+01:00" endTime="2023-12-22T09:35:17.8817812+01:00" testType="13cdc9d9-ddb5-4fa4-a97d-d965ccfc6d4b" outcome="Passed" testListId="8c84fa94-04c1-424b-9868-57a2d4851a1d" relativeResultsDirectory="b8c757cc-ae03-49da-86ec-cd68497d42f3" />
    <UnitTestResult executionId="eb9dd41f-741d-4816-9f45-f51ca28ddc6d" testId="d9cef8c8-00c4-6a94-c81e-31ea6d3b548d" testName="QueryInstanceCount_ShouldExecuteProcedureWithGivenParameters" computerName="DKSR-EFI-04" duration="00:00:00.0057124" startTime="2023-12-22T09:35:16.4286473+01:00" endTime="2023-12-22T09:35:16.4442716+01:00" testType="13cdc9d9-ddb5-4fa4-a97d-d965ccfc6d4b" outcome="Passed" testListId="8c84fa94-04c1-424b-9868-57a2d4851a1d" relativeResultsDirectory="eb9dd41f-741d-4816-9f45-f51ca28ddc6d" />
    <UnitTestResult executionId="1443b012-2aa5-4ebf-9fb3-e7838799f84b" testId="c81109bf-0139-7963-fa88-926e3f3e7d76" testName="ExtractLogMessageCategories_ShouldExtract_WithCorrectText" computerName="DKSR-EFI-04" duration="00:00:00.0051647" startTime="2023-12-22T09:35:15.4755172+01:00" endTime="2023-12-22T09:35:15.4911428+01:00" testType="13cdc9d9-ddb5-4fa4-a97d-d965ccfc6d4b" outcome="Passed" testListId="8c84fa94-04c1-424b-9868-57a2d4851a1d" relativeResultsDirectory="1443b012-2aa5-4ebf-9fb3-e7838799f84b" />
    <UnitTestResult executionId="8e92e785-0373-465d-8f80-cb82e8598344" testId="ca8c6453-f447-4daf-d9fb-b1c25b833c99" testName="Stop_ShouldLogStoppedMessage" computerName="DKSR-EFI-04" duration="00:00:00.0866096" startTime="2023-12-22T09:35:11.1004991+01:00" endTime="2023-12-22T09:35:11.1945044+01:00" testType="13cdc9d9-ddb5-4fa4-a97d-d965ccfc6d4b" outcome="Passed" testListId="8c84fa94-04c1-424b-9868-57a2d4851a1d" relativeResultsDirectory="8e92e785-0373-465d-8f80-cb82e8598344" />
    <UnitTestResult executionId="5a4791f8-80d5-4ff7-9c8b-99340428adbb" testId="0351c8a2-b22f-dd03-eb84-36ecc3688bf1" testName="FetchLoglinesAsync_ShouldThrowInvalidLogTypeException_IfCalledWithSystemLoglineParameter" computerName="DKSR-EFI-04" duration="00:00:00.0023307" startTime="2023-12-22T09:35:15.0692659+01:00" endTime="2023-12-22T09:35:15.0692659+01:00" testType="13cdc9d9-ddb5-4fa4-a97d-d965ccfc6d4b" outcome="Passed" testListId="8c84fa94-04c1-424b-9868-57a2d4851a1d" relativeResultsDirectory="5a4791f8-80d5-4ff7-9c8b-99340428adbb" />
    <UnitTestResult executionId="af8ee935-ac22-4fe0-81db-ac7f7f6db824" testId="ef1c7cb9-a3bf-ea46-735f-36f55ce06156" testName="FetchLoglinesAsync_ShouldReturnMoreData_OnSubsequentCalls" computerName="DKSR-EFI-04" duration="00:00:00.0339735" startTime="2023-12-22T09:35:14.9598898+01:00" endTime="2023-12-22T09:35:14.9911417+01:00" testType="13cdc9d9-ddb5-4fa4-a97d-d965ccfc6d4b" outcome="Passed" testListId="8c84fa94-04c1-424b-9868-57a2d4851a1d" relativeResultsDirectory="af8ee935-ac22-4fe0-81db-ac7f7f6db824" />
    <UnitTestResult executionId="3d093ac7-597c-4d55-a81a-23f9526110bb" testId="1bd328d2-e8fe-2c90-417e-2456c5ceb080" testName="RemoveExpiredAsync_ShouldReturnFalse_IfDeletionFails" computerName="DKSR-EFI-04" duration="00:00:00.0045626" startTime="2023-12-22T09:35:16.7880221+01:00" endTime="2023-12-22T09:35:16.8036480+01:00" testType="13cdc9d9-ddb5-4fa4-a97d-d965ccfc6d4b" outcome="Passed" testListId="8c84fa94-04c1-424b-9868-57a2d4851a1d" relativeResultsDirectory="3d093ac7-597c-4d55-a81a-23f9526110bb" />
    <UnitTestResult executionId="99ebb56e-7905-48d0-a5b0-d911ab786dc9" testId="1e9930e6-df25-f1fc-c1bc-7280798ad83a" testName="CommonApplicationDataFolderProperty_ShouldReturnNonemptyString" computerName="DKSR-EFI-04" duration="00:00:00.0038056" startTime="2023-12-22T09:35:14.6630126+01:00" endTime="2023-12-22T09:35:14.6630126+01:00" testType="13cdc9d9-ddb5-4fa4-a97d-d965ccfc6d4b" outcome="Passed" testListId="8c84fa94-04c1-424b-9868-57a2d4851a1d" relativeResultsDirectory="99ebb56e-7905-48d0-a5b0-d911ab786dc9" />
    <UnitTestResult executionId="ab53608b-17c1-43a0-8f3f-d2dc4fbb90a0" testId="66f1caca-fb0c-9fd2-aeb7-dae3262d3988" testName="GetLogConfigurationTimeout_ShouldReturnIntValue_WhenConfiguredValueIsValid" computerName="DKSR-EFI-04" duration="00:00:00.0010188" startTime="2023-12-22T09:35:16.5848968+01:00" endTime="2023-12-22T09:35:16.5848968+01:00" testType="13cdc9d9-ddb5-4fa4-a97d-d965ccfc6d4b" outcome="Passed" testListId="8c84fa94-04c1-424b-9868-57a2d4851a1d" relativeResultsDirectory="ab53608b-17c1-43a0-8f3f-d2dc4fbb90a0" />
    <UnitTestResult executionId="6d4a2c21-4f65-4117-86a6-8ed13dd56024" testId="bd042076-2402-fb19-56c3-223eeac85ec4" testName="Method_ShouldCallValidateToken_WithCorrectToken (WriteLoglineTokenAsync,VideoOS.LogServer.WebService.DataContracts.WriteLoglineParams)" computerName="DKSR-EFI-04" duration="00:00:00.0140798" startTime="2023-12-22T09:35:14.2567615+01:00" endTime="2023-12-22T09:35:14.3505125+01:00" testType="13cdc9d9-ddb5-4fa4-a97d-d965ccfc6d4b" outcome="Passed" testListId="8c84fa94-04c1-424b-9868-57a2d4851a1d" relativeResultsDirectory="6d4a2c21-4f65-4117-86a6-8ed13dd56024" />
    <UnitTestResult executionId="f4a74bcf-c2ee-4c9f-9f60-4142192dce07" testId="cd5c0b91-28eb-4ef8-3860-86dc1f965d32" testName="CreateLogReader_ShouldCreateSystemLogReader_WhenSystemLogTypeIsProvided" computerName="DKSR-EFI-04" duration="00:00:00.0074226" startTime="2023-12-22T09:35:14.5067646+01:00" endTime="2023-12-22T09:35:14.5067646+01:00" testType="13cdc9d9-ddb5-4fa4-a97d-d965ccfc6d4b" outcome="Passed" testListId="8c84fa94-04c1-424b-9868-57a2d4851a1d" relativeResultsDirectory="f4a74bcf-c2ee-4c9f-9f60-4142192dce07" />
    <UnitTestResult executionId="be5d5479-7c65-402d-806d-61814dafa065" testId="dfffea35-c158-b556-c3df-bc3a8c5f52e9" testName="GetFilterValuesAsync_ShouldNotModify_WhatFilterValueReaderProvides (False)" computerName="DKSR-EFI-04" duration="00:00:00.0366190" startTime="2023-12-22T09:35:13.0223792+01:00" endTime="2023-12-22T09:35:13.0536303+01:00" testType="13cdc9d9-ddb5-4fa4-a97d-d965ccfc6d4b" outcome="Passed" testListId="8c84fa94-04c1-424b-9868-57a2d4851a1d" relativeResultsDirectory="be5d5479-7c65-402d-806d-61814dafa065" />
    <UnitTestResult executionId="4ea69be4-9edd-4870-a1d4-62655851b68d" testId="434d5d16-c87e-a025-7ce9-81c34044ed64" testName="Constructors_ShouldNotAllowInjectionOfNulls" computerName="DKSR-EFI-04" duration="00:00:00.0026328" startTime="2023-12-22T09:35:15.0536413+01:00" endTime="2023-12-22T09:35:15.0536413+01:00" testType="13cdc9d9-ddb5-4fa4-a97d-d965ccfc6d4b" outcome="Passed" testListId="8c84fa94-04c1-424b-9868-57a2d4851a1d" relativeResultsDirectory="4ea69be4-9edd-4870-a1d4-62655851b68d" />
    <UnitTestResult executionId="37c14430-5e08-40cf-942e-324032a955bb" testId="00c949e9-3282-e9a3-1397-e04412ea8166" testName="Method_ShouldCallValidateCredentials_WithAction (FetchRuleLoglinesAsync,VideoOS.LogServer.WebService.DataContracts.FetchLoglinesParams)" computerName="DKSR-EFI-04" duration="00:00:00.0217360" startTime="2023-12-22T09:35:13.1005062+01:00" endTime="2023-12-22T09:35:13.2411306+01:00" testType="13cdc9d9-ddb5-4fa4-a97d-d965ccfc6d4b" outcome="Passed" testListId="8c84fa94-04c1-424b-9868-57a2d4851a1d" relativeResultsDirectory="37c14430-5e08-40cf-942e-324032a955bb" />
    <UnitTestResult executionId="de23a960-a53c-4bc0-bb7d-ca75df16155e" testId="f218a013-d567-804d-981e-71f0aa1bae88" testName="RegisterLegacyLogMessagesAsync_ShouldCallRegisterMessagesLegacySP" computerName="DKSR-EFI-04" duration="00:00:00.0188676" startTime="2023-12-22T09:35:11.5536226+01:00" endTime="2023-12-22T09:35:11.5692482+01:00" testType="13cdc9d9-ddb5-4fa4-a97d-d965ccfc6d4b" outcome="Passed" testListId="8c84fa94-04c1-424b-9868-57a2d4851a1d" relativeResultsDirectory="de23a960-a53c-4bc0-bb7d-ca75df16155e" />
    <UnitTestResult executionId="af9fa5a0-9da2-40e8-9ef2-e13c72be4d82" testId="56696622-b5e5-b790-e230-d1b455492afb" testName="LogMessage_ToStorage_ShouldThrowArgumentNullException_IfValueIsNull" computerName="DKSR-EFI-04" duration="00:00:00.0008063" startTime="2023-12-22T09:35:15.3505141+01:00" endTime="2023-12-22T09:35:15.3505141+01:00" testType="13cdc9d9-ddb5-4fa4-a97d-d965ccfc6d4b" outcome="Passed" testListId="8c84fa94-04c1-424b-9868-57a2d4851a1d" relativeResultsDirectory="af9fa5a0-9da2-40e8-9ef2-e13c72be4d82" />
    <UnitTestResult executionId="c39f1b8e-a420-444b-93f4-c56406c75715" testId="411ef798-cb8c-a1d1-d48a-32b58a5b9a61" testName="Constructors_ShouldNotAllowInjectionOfNulls" computerName="DKSR-EFI-04" duration="00:00:01.4323504" startTime="2023-12-22T09:35:08.6942314+01:00" endTime="2023-12-22T09:35:10.6942432+01:00" testType="13cdc9d9-ddb5-4fa4-a97d-d965ccfc6d4b" outcome="Passed" testListId="8c84fa94-04c1-424b-9868-57a2d4851a1d" relativeResultsDirectory="c39f1b8e-a420-444b-93f4-c56406c75715" />
    <UnitTestResult executionId="83c18a10-4d19-4f63-8438-1317fee3aa1e" testId="a226c0a5-ca0f-248c-3924-69b935bb5567" testName="LogMessageSourceType_ToStorage_ShouldThrowArgumentNullException_IfValueIsNull" computerName="DKSR-EFI-04" duration="00:00:00.0007708" startTime="2023-12-22T09:35:15.3817669+01:00" endTime="2023-12-22T09:35:15.3817669+01:00" testType="13cdc9d9-ddb5-4fa4-a97d-d965ccfc6d4b" outcome="Passed" testListId="8c84fa94-04c1-424b-9868-57a2d4851a1d" relativeResultsDirectory="83c18a10-4d19-4f63-8438-1317fee3aa1e" />
    <UnitTestResult executionId="8a54c95f-8138-4cdd-90f9-1aed800e11ab" testId="5ff4af90-916a-99f9-1123-cb2981b00f4f" testName="FetchSystemLoglinesAsync_ShouldNotModify_WhatSystemLogReaderProvides (False)" computerName="DKSR-EFI-04" duration="00:00:00.0302119" startTime="2023-12-22T09:35:12.6317513+01:00" endTime="2023-12-22T09:35:12.6630038+01:00" testType="13cdc9d9-ddb5-4fa4-a97d-d965ccfc6d4b" outcome="Passed" testListId="8c84fa94-04c1-424b-9868-57a2d4851a1d" relativeResultsDirectory="8a54c95f-8138-4cdd-90f9-1aed800e11ab" />
    <UnitTestResult executionId="bdac73e0-3fe7-4249-953d-e16761394e80" testId="842c86a1-ecb7-268a-9f84-8ca2e7464f0e" testName="Constructors_ShouldNotAllowInjectionOfNulls" computerName="DKSR-EFI-04" duration="00:00:00.0024622" startTime="2023-12-22T09:35:16.7723977+01:00" endTime="2023-12-22T09:35:16.7723977+01:00" testType="13cdc9d9-ddb5-4fa4-a97d-d965ccfc6d4b" outcome="Passed" testListId="8c84fa94-04c1-424b-9868-57a2d4851a1d" relativeResultsDirectory="bdac73e0-3fe7-4249-953d-e16761394e80" />
    <UnitTestResult executionId="43ed0751-d1bb-44ea-b5d4-fc069e7540f1" testId="49b9fc86-6497-bb44-b669-e85a21571c3b" testName="UpdateRetentionsAsync_ShouldNotChangeAuditLogRetention_WhenUpdateFails" computerName="DKSR-EFI-04" duration="00:00:00.0082531" startTime="2023-12-22T09:35:17.2724008+01:00" endTime="2023-12-22T09:35:17.2880279+01:00" testType="13cdc9d9-ddb5-4fa4-a97d-d965ccfc6d4b" outcome="Passed" testListId="8c84fa94-04c1-424b-9868-57a2d4851a1d" relativeResultsDirectory="43ed0751-d1bb-44ea-b5d4-fc069e7540f1" />
    <UnitTestResult executionId="c7f3ba17-c89d-4a49-b7e7-d28d1d7666fe" testId="5188e0f4-7b43-a7a7-9af4-9615345ef5dc" testName="LogMessageCategory_ToStorage_PropertiesAreTransferred" computerName="DKSR-EFI-04" duration="00:00:00.0018442" startTime="2023-12-22T09:35:15.3817669+01:00" endTime="2023-12-22T09:35:15.3817669+01:00" testType="13cdc9d9-ddb5-4fa4-a97d-d965ccfc6d4b" outcome="Passed" testListId="8c84fa94-04c1-424b-9868-57a2d4851a1d" relativeResultsDirectory="c7f3ba17-c89d-4a49-b7e7-d28d1d7666fe" />
    <UnitTestResult executionId="44942b3f-873a-4dbd-80d4-56f84c6864d1" testId="2e52c2e6-863c-13fb-2355-91f921288631" testName="UpdateExpirationDatesAsync_ShouldReturnFalse_IfDeletionFails" computerName="DKSR-EFI-04" duration="00:00:00.0044998" startTime="2023-12-22T09:35:16.8192774+01:00" endTime="2023-12-22T09:35:16.8192774+01:00" testType="13cdc9d9-ddb5-4fa4-a97d-d965ccfc6d4b" outcome="Passed" testListId="8c84fa94-04c1-424b-9868-57a2d4851a1d" relativeResultsDirectory="44942b3f-873a-4dbd-80d4-56f84c6864d1" />
    <UnitTestResult executionId="583f6fd8-4de1-4d63-a2ee-aeae3f3a52fe" testId="f37e5f5b-a609-fcf3-c453-9f411a15eaeb" testName="Method_ShouldCallValidateCredentials (RegisterLegacyLogMessagesAsync,VideoOS.LogServer.WebService.DataContracts.RegisterLegacyLogMessagesParams)" computerName="DKSR-EFI-04" duration="00:00:00.0142189" startTime="2023-12-22T09:35:14.1630087+01:00" endTime="2023-12-22T09:35:14.2567615+01:00" testType="13cdc9d9-ddb5-4fa4-a97d-d965ccfc6d4b" outcome="Passed" testListId="8c84fa94-04c1-424b-9868-57a2d4851a1d" relativeResultsDirectory="583f6fd8-4de1-4d63-a2ee-aeae3f3a52fe" />
    <UnitTestResult executionId="76b74e48-a7c7-4b79-b35b-1a549ec51978" testId="8e05f9e1-4bc3-7f4d-839a-2cb3629e60a3" testName="GetFiltersTimeout_ShouldReturnNull_IfNoValueIsConfigured" computerName="DKSR-EFI-04" duration="00:00:00.0060112" startTime="2023-12-22T09:35:16.5380213+01:00" endTime="2023-12-22T09:35:16.5536471+01:00" testType="13cdc9d9-ddb5-4fa4-a97d-d965ccfc6d4b" outcome="Passed" testListId="8c84fa94-04c1-424b-9868-57a2d4851a1d" relativeResultsDirectory="76b74e48-a7c7-4b79-b35b-1a549ec51978" />
    <UnitTestResult executionId="ce0ddfc0-b943-4fa2-8559-435bf1a4a603" testId="51f83135-22d8-0f2c-86a1-deac58a265dc" testName="Constructors_ShouldNotAllowInjectionOfNulls" computerName="DKSR-EFI-04" duration="00:00:00.0016635" startTime="2023-12-22T09:35:15.1630148+01:00" endTime="2023-12-22T09:35:15.1630148+01:00" testType="13cdc9d9-ddb5-4fa4-a97d-d965ccfc6d4b" outcome="Passed" testListId="8c84fa94-04c1-424b-9868-57a2d4851a1d" relativeResultsDirectory="ce0ddfc0-b943-4fa2-8559-435bf1a4a603" />
    <UnitTestResult executionId="b34a7d8d-0e38-4c0e-91a1-d21d0ab25722" testId="07edff7e-2d83-ef27-daec-2fa8cb68d183" testName="CreateLogReader_ShouldCreateRuleLogReader_WhenRuleLogTypeIsProvided" computerName="DKSR-EFI-04" duration="00:00:00.0071295" startTime="2023-12-22T09:35:14.5223894+01:00" endTime="2023-12-22T09:35:14.5223894+01:00" testType="13cdc9d9-ddb5-4fa4-a97d-d965ccfc6d4b" outcome="Passed" testListId="8c84fa94-04c1-424b-9868-57a2d4851a1d" relativeResultsDirectory="b34a7d8d-0e38-4c0e-91a1-d21d0ab25722" />
    <UnitTestResult executionId="727dc474-b3df-45ac-af38-b1e644783aa3" testId="e2ad2a9d-57f7-b89c-f98d-52105b0ccf10" testName="Constructors_ShouldNotAllowInjectionOfNulls" computerName="DKSR-EFI-04" duration="00:00:00.0031844" startTime="2023-12-22T09:35:15.1005146+01:00" endTime="2023-12-22T09:35:15.1005146+01:00" testType="13cdc9d9-ddb5-4fa4-a97d-d965ccfc6d4b" outcome="Passed" testListId="8c84fa94-04c1-424b-9868-57a2d4851a1d" relativeResultsDirectory="727dc474-b3df-45ac-af38-b1e644783aa3" />
    <UnitTestResult executionId="10ff55de-f5bc-4e53-a5c2-f37c07c3fd76" testId="1eaa3911-d375-d2a3-a9ce-14bc46f454ff" testName="UpdateRetentionsAsync_ShouldLoadRetentions_IfNotAlreadyLoaded" computerName="DKSR-EFI-04" duration="00:00:00.0109881" startTime="2023-12-22T09:35:17.2567755+01:00" endTime="2023-12-22T09:35:17.2724008+01:00" testType="13cdc9d9-ddb5-4fa4-a97d-d965ccfc6d4b" outcome="Passed" testListId="8c84fa94-04c1-424b-9868-57a2d4851a1d" relativeResultsDirectory="10ff55de-f5bc-4e53-a5c2-f37c07c3fd76" />
    <UnitTestResult executionId="78e25875-c789-4aa1-a76c-b620ccd7c3d3" testId="41d7df4a-0629-000b-8311-bf011ae2313f" testName="GetLogsReadTimeout_ShouldReturnNull_IfNoValueIsConfigured" computerName="DKSR-EFI-04" duration="00:00:00.0010922" startTime="2023-12-22T09:35:16.5536471+01:00" endTime="2023-12-22T09:35:16.5692721+01:00" testType="13cdc9d9-ddb5-4fa4-a97d-d965ccfc6d4b" outcome="Passed" testListId="8c84fa94-04c1-424b-9868-57a2d4851a1d" relativeResultsDirectory="78e25875-c789-4aa1-a76c-b620ccd7c3d3" />
    <UnitTestResult executionId="01686be1-73fb-4168-b8ee-d68d58244f56" testId="dc3472a0-aafe-d3df-bf54-2cbe31211e86" testName="GetLogRetentionsAsync_ShouldReturnRetentionValuesFromConfiguration" computerName="DKSR-EFI-04" duration="00:00:00.0596749" startTime="2023-12-22T09:35:13.3817565+01:00" endTime="2023-12-22T09:35:13.4442548+01:00" testType="13cdc9d9-ddb5-4fa4-a97d-d965ccfc6d4b" outcome="Passed" testListId="8c84fa94-04c1-424b-9868-57a2d4851a1d" relativeResultsDirectory="01686be1-73fb-4168-b8ee-d68d58244f56" />
    <UnitTestResult executionId="79a03aa5-1f0e-416d-a91d-01b5b507d590" testId="3351f5e9-cdac-da2d-bb1d-2add348898aa" testName="FetchSystemLoglinesAsync_ShouldThrowFaultException_WhenSessionIsUnknown" computerName="DKSR-EFI-04" duration="00:00:00.0295611" startTime="2023-12-22T09:35:12.6630038+01:00" endTime="2023-12-22T09:35:12.6942532+01:00" testType="13cdc9d9-ddb5-4fa4-a97d-d965ccfc6d4b" outcome="Passed" testListId="8c84fa94-04c1-424b-9868-57a2d4851a1d" relativeResultsDirectory="79a03aa5-1f0e-416d-a91d-01b5b507d590" />
    <UnitTestResult executionId="6531aae2-ddfa-46e8-a462-36e00aea9a67" testId="56400346-c5a4-1881-ce9b-b5d081332051" testName="GetFilterValuesAsync_ShouldPassParameters" computerName="DKSR-EFI-04" duration="00:00:00.0513967" startTime="2023-12-22T09:35:14.7411382+01:00" endTime="2023-12-22T09:35:14.8036388+01:00" testType="13cdc9d9-ddb5-4fa4-a97d-d965ccfc6d4b" outcome="Passed" testListId="8c84fa94-04c1-424b-9868-57a2d4851a1d" relativeResultsDirectory="6531aae2-ddfa-46e8-a462-36e00aea9a67" />
    <UnitTestResult executionId="2e98273e-b214-4326-8a21-4e4b3cc185b5" testId="aa2f4fa1-f304-2f55-fe5b-f96f38564ce4" testName="WriteLegacyLoglineAsync_ShouldIncreaseWritingFrequencyCounter" computerName="DKSR-EFI-04" duration="00:00:00.0144419" startTime="2023-12-22T09:35:11.8348737+01:00" endTime="2023-12-22T09:35:11.8348737+01:00" testType="13cdc9d9-ddb5-4fa4-a97d-d965ccfc6d4b" outcome="Passed" testListId="8c84fa94-04c1-424b-9868-57a2d4851a1d" relativeResultsDirectory="2e98273e-b214-4326-8a21-4e4b3cc185b5" />
    <UnitTestResult executionId="8242c947-99f5-4dc5-8efb-ef0fe3e3cc34" testId="67674565-a205-af8e-ea43-872acf0efcc5" testName="UpdateRetentionsAsync_ShouldUpdateRetentionsInConfiguration" computerName="DKSR-EFI-04" duration="00:00:00.0120177" startTime="2023-12-22T09:35:17.0536498+01:00" endTime="2023-12-22T09:35:17.0692757+01:00" testType="13cdc9d9-ddb5-4fa4-a97d-d965ccfc6d4b" outcome="Passed" testListId="8c84fa94-04c1-424b-9868-57a2d4851a1d" relativeResultsDirectory="8242c947-99f5-4dc5-8efb-ef0fe3e3cc34" />
    <UnitTestResult executionId="455e1d74-160d-40f2-9afe-dc86a3955332" testId="582aee11-df26-12ed-7724-adef6f5ccabb" testName="ReplaceParameter_ShouldReplaceParameterIfFound" computerName="DKSR-EFI-04" duration="00:00:00.0017097" startTime="2023-12-22T09:35:15.5536434+01:00" endTime="2023-12-22T09:35:15.5692681+01:00" testType="13cdc9d9-ddb5-4fa4-a97d-d965ccfc6d4b" outcome="Passed" testListId="8c84fa94-04c1-424b-9868-57a2d4851a1d" relativeResultsDirectory="455e1d74-160d-40f2-9afe-dc86a3955332" />
    <UnitTestResult executionId="2d568726-afb7-4c5e-a3b5-cb5a64115658" testId="e873daae-88ef-27cd-c921-914f2a5e398a" testName="ReadLogStarted_ShouldRegisterMessageIn2LanguagesIfFound" computerName="DKSR-EFI-04" duration="00:00:00.1674479" startTime="2023-12-22T09:35:17.7099043+01:00" endTime="2023-12-22T09:35:17.8817812+01:00" testType="13cdc9d9-ddb5-4fa4-a97d-d965ccfc6d4b" outcome="Passed" testListId="8c84fa94-04c1-424b-9868-57a2d4851a1d" relativeResultsDirectory="2d568726-afb7-4c5e-a3b5-cb5a64115658" />
    <UnitTestResult executionId="521423a2-dfb4-408a-97ce-17a9c88090c5" testId="00c949e9-3282-e9a3-1397-e04412ea8166" testName="Method_ShouldCallValidateCredentials_WithAction (GetFilterValuesAsync,VideoOS.LogServer.WebService.DataContracts.GetFilterValuesParams)" computerName="DKSR-EFI-04" duration="00:00:00.0151113" startTime="2023-12-22T09:35:13.1005062+01:00" endTime="2023-12-22T09:35:13.2411306+01:00" testType="13cdc9d9-ddb5-4fa4-a97d-d965ccfc6d4b" outcome="Passed" testListId="8c84fa94-04c1-424b-9868-57a2d4851a1d" relativeResultsDirectory="521423a2-dfb4-408a-97ce-17a9c88090c5" />
    <UnitTestResult executionId="b3e1f653-9f2b-451d-8da6-1f85d1ef7c73" testId="f37e5f5b-a609-fcf3-c453-9f411a15eaeb" testName="Method_ShouldCallValidateCredentials (WriteLoglineAsync,VideoOS.LogServer.WebService.DataContracts.WriteLoglineParams)" computerName="DKSR-EFI-04" duration="00:00:00.0133369" startTime="2023-12-22T09:35:14.1630087+01:00" endTime="2023-12-22T09:35:14.2567615+01:00" testType="13cdc9d9-ddb5-4fa4-a97d-d965ccfc6d4b" outcome="Passed" testListId="8c84fa94-04c1-424b-9868-57a2d4851a1d" relativeResultsDirectory="b3e1f653-9f2b-451d-8da6-1f85d1ef7c73" />
    <UnitTestResult executionId="55a0a523-e328-44d5-962f-5225bc3c4122" testId="87fca37b-f6ce-3528-cec2-ea48ccea60fb" testName="Start_ShouldTriggerGuaranteedDeletionImmediately_WhenLogConfigurationLastGuaranteedDeletion_IsDefault" computerName="DKSR-EFI-04" duration="00:00:00.0060487" startTime="2023-12-22T09:35:16.9911494+01:00" endTime="2023-12-22T09:35:16.9911494+01:00" testType="13cdc9d9-ddb5-4fa4-a97d-d965ccfc6d4b" outcome="Passed" testListId="8c84fa94-04c1-424b-9868-57a2d4851a1d" relativeResultsDirectory="55a0a523-e328-44d5-962f-5225bc3c4122" />
    <UnitTestResult executionId="a30258bf-6813-42e8-a430-e8e663229318" testId="c2df6d5b-653a-5889-f473-81c078643a2c" testName="FetchLoglinesAsync_ShouldIncreasePerformanceCounter" computerName="DKSR-EFI-04" duration="00:00:00.0110665" startTime="2023-12-22T09:35:14.7255117+01:00" endTime="2023-12-22T09:35:14.7411382+01:00" testType="13cdc9d9-ddb5-4fa4-a97d-d965ccfc6d4b" outcome="Passed" testListId="8c84fa94-04c1-424b-9868-57a2d4851a1d" relativeResultsDirectory="a30258bf-6813-42e8-a430-e8e663229318" />
    <UnitTestResult executionId="9c415546-9a42-4ca3-9da6-b53127e9eaf5" testId="f37e5f5b-a609-fcf3-c453-9f411a15eaeb" testName="Method_ShouldCallValidateCredentials (WriteLegacyLoglineAsync,VideoOS.LogServer.WebService.DataContracts.WriteLegacyLoglineParams)" computerName="DKSR-EFI-04" duration="00:00:00.0128482" startTime="2023-12-22T09:35:14.1630087+01:00" endTime="2023-12-22T09:35:14.2567615+01:00" testType="13cdc9d9-ddb5-4fa4-a97d-d965ccfc6d4b" outcome="Passed" testListId="8c84fa94-04c1-424b-9868-57a2d4851a1d" relativeResultsDirectory="9c415546-9a42-4ca3-9da6-b53127e9eaf5" />
    <UnitTestResult executionId="f7ede482-161b-4511-8062-de5b74c8113c" testId="f079971a-4d79-a080-8093-06198478cda6" testName="UpdateAnonymousLoggingAsync_ShouldUpdateAnonymousLoggingInConfiguration" computerName="DKSR-EFI-04" duration="00:00:00.0057291" startTime="2023-12-22T09:35:17.1005255+01:00" endTime="2023-12-22T09:35:17.1005255+01:00" testType="13cdc9d9-ddb5-4fa4-a97d-d965ccfc6d4b" outcome="Passed" testListId="8c84fa94-04c1-424b-9868-57a2d4851a1d" relativeResultsDirectory="f7ede482-161b-4511-8062-de5b74c8113c" />
    <UnitTestResult executionId="90a4a869-7efc-4222-b1bf-94fc34e72a5c" testId="e1527d17-03fa-35ef-30a9-f04fa15d08f8" testName="ReadLogStarted_ShouldNotWriteLogline_WhenLogTypeIsDifferentThanAudit" computerName="DKSR-EFI-04" duration="00:00:00.0063541" startTime="2023-12-22T09:35:17.8974048+01:00" endTime="2023-12-22T09:35:17.8974048+01:00" testType="13cdc9d9-ddb5-4fa4-a97d-d965ccfc6d4b" outcome="Passed" testListId="8c84fa94-04c1-424b-9868-57a2d4851a1d" relativeResultsDirectory="90a4a869-7efc-4222-b1bf-94fc34e72a5c" />
    <UnitTestResult executionId="746d7a10-5a99-4edf-94ee-b0d1d39445cb" testId="a5714d74-d9c1-e9f2-4b22-07d73f18f04b" testName="LogMessageText_ToStorage_PropertiesAreTransferred" computerName="DKSR-EFI-04" duration="00:00:00.0041449" startTime="2023-12-22T09:35:15.3505141+01:00" endTime="2023-12-22T09:35:15.3505141+01:00" testType="13cdc9d9-ddb5-4fa4-a97d-d965ccfc6d4b" outcome="Passed" testListId="8c84fa94-04c1-424b-9868-57a2d4851a1d" relativeResultsDirectory="746d7a10-5a99-4edf-94ee-b0d1d39445cb" />
    <UnitTestResult executionId="1efec1a9-f6fd-453b-abd0-8660f87a149d" testId="cb82c75a-3db4-85f2-ca1b-1e464e003f7d" testName="RegisterLogMessagesAsync_ShouldCallRegisterMessagesSP" computerName="DKSR-EFI-04" duration="00:00:00.1154583" startTime="2023-12-22T09:35:11.4286198+01:00" endTime="2023-12-22T09:35:11.5536226+01:00" testType="13cdc9d9-ddb5-4fa4-a97d-d965ccfc6d4b" outcome="Passed" testListId="8c84fa94-04c1-424b-9868-57a2d4851a1d" relativeResultsDirectory="1efec1a9-f6fd-453b-abd0-8660f87a149d" />
    <UnitTestResult executionId="a42d5e22-e6ca-4397-b826-ce5d171aef1d" testId="47879ec5-ea7f-5a14-7b18-2063323c882f" testName="RuleLogline_ToDataContract_ShouldTransformRuleLoglineDataObject" computerName="DKSR-EFI-04" duration="00:00:00.0038898" startTime="2023-12-22T09:35:15.5536434+01:00" endTime="2023-12-22T09:35:15.5536434+01:00" testType="13cdc9d9-ddb5-4fa4-a97d-d965ccfc6d4b" outcome="Passed" testListId="8c84fa94-04c1-424b-9868-57a2d4851a1d" relativeResultsDirectory="a42d5e22-e6ca-4397-b826-ce5d171aef1d" />
    <UnitTestResult executionId="4bfc5113-4229-4005-be31-291519dc0573" testId="ff13db3a-5d1a-447d-aeaa-7c59d00e898a" testName="ExtractAsync_ShouldDropLoglines_WhenLogLevelIsDbNull" computerName="DKSR-EFI-04" duration="00:00:00.0103191" startTime="2023-12-22T09:35:16.7567742+01:00" endTime="2023-12-22T09:35:16.7723977+01:00" testType="13cdc9d9-ddb5-4fa4-a97d-d965ccfc6d4b" outcome="Passed" testListId="8c84fa94-04c1-424b-9868-57a2d4851a1d" relativeResultsDirectory="4bfc5113-4229-4005-be31-291519dc0573" />
    <UnitTestResult executionId="d5268f1d-3626-44bf-9659-085ce000c547" testId="bc6d7cfc-cb52-ba92-1bd8-c41e7c733d5b" testName="GetFilterValuesTimestampAsync_ShouldNotModify_WhatFilterValueReaderProvides" computerName="DKSR-EFI-04" duration="00:00:00.0339155" startTime="2023-12-22T09:35:13.0536303+01:00" endTime="2023-12-22T09:35:13.1005062+01:00" testType="13cdc9d9-ddb5-4fa4-a97d-d965ccfc6d4b" outcome="Passed" testListId="8c84fa94-04c1-424b-9868-57a2d4851a1d" relativeResultsDirectory="d5268f1d-3626-44bf-9659-085ce000c547" />
    <UnitTestResult executionId="1e16fcb4-7a5f-41eb-9ef9-09eff28f5081" testId="8b6809f5-ea39-8a2b-ea7b-725a677db564" testName="ExtractAsync_ShouldSplitLoglines" computerName="DKSR-EFI-04" duration="00:00:00.0139530" startTime="2023-12-22T09:35:16.6473978+01:00" endTime="2023-12-22T09:35:16.6630237+01:00" testType="13cdc9d9-ddb5-4fa4-a97d-d965ccfc6d4b" outcome="Passed" testListId="8c84fa94-04c1-424b-9868-57a2d4851a1d" relativeResultsDirectory="1e16fcb4-7a5f-41eb-9ef9-09eff28f5081" />
    <UnitTestResult executionId="f67f7e8b-e801-406c-b509-d83a3ba30c85" testId="058a41c1-39c5-da85-0de2-460d5b19181a" testName="QueryInstanceCount_ShouldThrowDatabaseException_WhenProcedureNameIsUnknown" computerName="DKSR-EFI-04" duration="00:00:00.0358896" startTime="2023-12-22T09:35:16.3192716+01:00" endTime="2023-12-22T09:35:16.3661460+01:00" testType="13cdc9d9-ddb5-4fa4-a97d-d965ccfc6d4b" outcome="Passed" testListId="8c84fa94-04c1-424b-9868-57a2d4851a1d" relativeResultsDirectory="f67f7e8b-e801-406c-b509-d83a3ba30c85" />
    <UnitTestResult executionId="363fc8fe-67a1-4e51-ae57-c3a40e017e95" testId="1d285f27-5632-9018-bf50-97df4afa185d" testName="StartQuerySessionAsync_ShouldNotModify_WhatILogReaderProvides (False)" computerName="DKSR-EFI-04" duration="00:00:00.0340208" startTime="2023-12-22T09:35:12.1942509+01:00" endTime="2023-12-22T09:35:12.2254994+01:00" testType="13cdc9d9-ddb5-4fa4-a97d-d965ccfc6d4b" outcome="Passed" testListId="8c84fa94-04c1-424b-9868-57a2d4851a1d" relativeResultsDirectory="363fc8fe-67a1-4e51-ae57-c3a40e017e95" />
    <UnitTestResult executionId="6b0abf5e-4604-4c37-8a51-e73ade554859" testId="8d6f159a-d3b6-803f-2d76-53607f783811" testName="Method_ShouldCallValidateToken_WithAction_WithCorrectToken (GetFilterValuesTokenAsync,VideoOS.LogServer.WebService.DataContracts.GetFilterValuesParams)" computerName="DKSR-EFI-04" duration="00:00:00.0172788" startTime="2023-12-22T09:35:13.2411306+01:00" endTime="2023-12-22T09:35:13.3192558+01:00" testType="13cdc9d9-ddb5-4fa4-a97d-d965ccfc6d4b" outcome="Passed" testListId="8c84fa94-04c1-424b-9868-57a2d4851a1d" relativeResultsDirectory="6b0abf5e-4604-4c37-8a51-e73ade554859" />
    <UnitTestResult executionId="129d5550-b174-46b0-b70b-34c85eddb4be" testId="e790f465-ba71-7866-1439-99e46147feec" testName="WriteLoglineAsync_ShouldPassParametersToLogWriter (True)" computerName="DKSR-EFI-04" duration="00:00:00.0371562" startTime="2023-12-22T09:35:13.5536325+01:00" endTime="2023-12-22T09:35:13.5848825+01:00" testType="13cdc9d9-ddb5-4fa4-a97d-d965ccfc6d4b" outcome="Passed" testListId="8c84fa94-04c1-424b-9868-57a2d4851a1d" relativeResultsDirectory="129d5550-b174-46b0-b70b-34c85eddb4be" />
    <UnitTestResult executionId="63a2bee2-6614-493d-8308-3211b7c5310a" testId="aa2fb8ce-cab7-86e3-1845-4df1cb9a3c2d" testName="Constructors_ShouldNotAllowInjectionOfNulls" computerName="DKSR-EFI-04" duration="00:00:00.0191654" startTime="2023-12-22T09:35:16.8349004+01:00" endTime="2023-12-22T09:35:16.8505245+01:00" testType="13cdc9d9-ddb5-4fa4-a97d-d965ccfc6d4b" outcome="Passed" testListId="8c84fa94-04c1-424b-9868-57a2d4851a1d" relativeResultsDirectory="63a2bee2-6614-493d-8308-3211b7c5310a" />
    <UnitTestResult executionId="b4db8edb-7096-4c12-ae55-ea3dee9210c9" testId="bb8f7a4d-59e3-abee-b90b-17cf48cfb47e" testName="Constructors_ShouldNotAllowInjectionOfNulls" computerName="DKSR-EFI-04" duration="00:00:00.0416499" startTime="2023-12-22T09:35:14.8505163+01:00" endTime="2023-12-22T09:35:14.8973874+01:00" testType="13cdc9d9-ddb5-4fa4-a97d-d965ccfc6d4b" outcome="Passed" testListId="8c84fa94-04c1-424b-9868-57a2d4851a1d" relativeResultsDirectory="b4db8edb-7096-4c12-ae55-ea3dee9210c9" />
    <UnitTestResult executionId="e0bed7f9-f1cd-45cc-a23f-40a4fa427feb" testId="461c532f-c917-e381-5c12-bc45dd58a2e6" testName="ToLogMessages_ShouldTransformEntriesToLogMessages_WithCorrectMessageText" computerName="DKSR-EFI-04" duration="00:00:00.0038917" startTime="2023-12-22T09:35:15.4598916+01:00" endTime="2023-12-22T09:35:15.4755172+01:00" testType="13cdc9d9-ddb5-4fa4-a97d-d965ccfc6d4b" outcome="Passed" testListId="8c84fa94-04c1-424b-9868-57a2d4851a1d" relativeResultsDirectory="e0bed7f9-f1cd-45cc-a23f-40a4fa427feb" />
    <UnitTestResult executionId="13158026-4e0d-45ee-8f28-3872facbc521" testId="8ef54b66-f4ff-cd9d-a72d-1d83aa210c52" testName="StartShouldUsePeriodValueFromConfig_WhenStartingGuaranteedDeletionTimer (3,3)" computerName="DKSR-EFI-04" duration="00:00:00.0029360" startTime="2023-12-22T09:35:16.8817761+01:00" endTime="2023-12-22T09:35:16.8817761+01:00" testType="13cdc9d9-ddb5-4fa4-a97d-d965ccfc6d4b" outcome="Passed" testListId="8c84fa94-04c1-424b-9868-57a2d4851a1d" relativeResultsDirectory="13158026-4e0d-45ee-8f28-3872facbc521" />
    <UnitTestResult executionId="1463ae24-954c-4a17-85b7-93c3919b642a" testId="d5a29a2a-1299-b2e0-d86d-f058067dd199" testName="FetchLoglinesAsync_ShouldIncreasePerformanceCounter" computerName="DKSR-EFI-04" duration="00:00:00.0087565" startTime="2023-12-22T09:35:15.1473924+01:00" endTime="2023-12-22T09:35:15.1473924+01:00" testType="13cdc9d9-ddb5-4fa4-a97d-d965ccfc6d4b" outcome="Passed" testListId="8c84fa94-04c1-424b-9868-57a2d4851a1d" relativeResultsDirectory="1463ae24-954c-4a17-85b7-93c3919b642a" />
    <UnitTestResult executionId="9fbca2b3-af9d-4c88-bb18-46dbb7a4e75b" testId="e492894a-cccd-7ecf-f73c-f66be96368f6" testName="ReplaceParameter_ShouldDoNothingIfParameterIsNotFound" computerName="DKSR-EFI-04" duration="00:00:00.0009812" startTime="2023-12-22T09:35:15.5536434+01:00" endTime="2023-12-22T09:35:15.5536434+01:00" testType="13cdc9d9-ddb5-4fa4-a97d-d965ccfc6d4b" outcome="Passed" testListId="8c84fa94-04c1-424b-9868-57a2d4851a1d" relativeResultsDirectory="9fbca2b3-af9d-4c88-bb18-46dbb7a4e75b" />
    <UnitTestResult executionId="39dfbc93-364a-4a04-bccb-5bd241a25c9c" testId="c4161db0-d4b3-9385-7583-e8fb2cab9691" testName="PerformDeletionIfDue_ShouldCall_UpdateLastGuaranteedDeletionAsync_Correctly (11/11/2023 00:00:00,11/01/2023 00:00:00,3,True)" computerName="DKSR-EFI-04" duration="00:00:00.0618591" startTime="2023-12-22T09:35:16.8974019+01:00" endTime="2023-12-22T09:35:16.9598992+01:00" testType="13cdc9d9-ddb5-4fa4-a97d-d965ccfc6d4b" outcome="Passed" testListId="8c84fa94-04c1-424b-9868-57a2d4851a1d" relativeResultsDirectory="39dfbc93-364a-4a04-bccb-5bd241a25c9c" />
    <UnitTestResult executionId="172720de-20c0-4205-9dbf-080704c70cb6" testId="b055a2b4-2834-79b3-2886-461414c1b62e" testName="IncrementBy_ShouldCallPerformanceCounterIncrementBy" computerName="DKSR-EFI-04" duration="00:00:00.0036333" startTime="2023-12-22T09:35:15.1786425+01:00" endTime="2023-12-22T09:35:15.1786425+01:00" testType="13cdc9d9-ddb5-4fa4-a97d-d965ccfc6d4b" outcome="Passed" testListId="8c84fa94-04c1-424b-9868-57a2d4851a1d" relativeResultsDirectory="172720de-20c0-4205-9dbf-080704c70cb6" />
    <UnitTestResult executionId="7a642c5b-ec5b-4e3e-aff6-b391c905e693" testId="8ee0b5c9-ec1f-765c-1842-43684d1e80b8" testName="ReadLogStarted_ShouldRegisterCategory" computerName="DKSR-EFI-04" duration="00:00:00.0989227" startTime="2023-12-22T09:35:17.5380292+01:00" endTime="2023-12-22T09:35:17.6317799+01:00" testType="13cdc9d9-ddb5-4fa4-a97d-d965ccfc6d4b" outcome="Passed" testListId="8c84fa94-04c1-424b-9868-57a2d4851a1d" relativeResultsDirectory="7a642c5b-ec5b-4e3e-aff6-b391c905e693" />
    <UnitTestResult executionId="ae3ed4ea-0ba8-415c-8357-0528a72c3996" testId="de304ae7-741c-cdcb-a860-9ece0501a6a6" testName="RegisterLegacyLogMessagesAsync_ShouldPassLogMessagesToLogWriter (True)" computerName="DKSR-EFI-04" duration="00:00:00.0511190" startTime="2023-12-22T09:35:14.0692609+01:00" endTime="2023-12-22T09:35:14.1317610+01:00" testType="13cdc9d9-ddb5-4fa4-a97d-d965ccfc6d4b" outcome="Passed" testListId="8c84fa94-04c1-424b-9868-57a2d4851a1d" relativeResultsDirectory="ae3ed4ea-0ba8-415c-8357-0528a72c3996" />
    <UnitTestResult executionId="fe68f036-ddde-41ae-a8de-8adc1e07628b" testId="10045a5b-f7a6-9eb3-3774-e020672cce38" testName="GetLogsWriteTimeout_ShouldReturnNull_IfNoValueIsConfigured" computerName="DKSR-EFI-04" duration="00:00:00.0010614" startTime="2023-12-22T09:35:16.5692721+01:00" endTime="2023-12-22T09:35:16.5692721+01:00" testType="13cdc9d9-ddb5-4fa4-a97d-d965ccfc6d4b" outcome="Passed" testListId="8c84fa94-04c1-424b-9868-57a2d4851a1d" relativeResultsDirectory="fe68f036-ddde-41ae-a8de-8adc1e07628b" />
    <UnitTestResult executionId="09f49579-ede0-4daa-81c5-2d45caed8759" testId="f765b43e-1a0c-c1c2-d68f-3b5463d41105" testName="EndQuerySessionAsync_ShouldNotDoAnything_WhenQuerySessionIsUnknown" computerName="DKSR-EFI-04" duration="00:00:00.0113969" startTime="2023-12-22T09:35:15.0067663+01:00" endTime="2023-12-22T09:35:15.0223899+01:00" testType="13cdc9d9-ddb5-4fa4-a97d-d965ccfc6d4b" outcome="Passed" testListId="8c84fa94-04c1-424b-9868-57a2d4851a1d" relativeResultsDirectory="09f49579-ede0-4daa-81c5-2d45caed8759" />
    <UnitTestResult executionId="4dea43e9-f934-4abb-8930-5a5ff3f252e3" testId="307c719f-30cf-7d90-9f76-a6cd3ef5924b" testName="LoadAsync_ShouldUseCachedValuesForConfiguration_WhenCalledSecondTime" computerName="DKSR-EFI-04" duration="00:00:00.0075515" startTime="2023-12-22T09:35:17.1630265+01:00" endTime="2023-12-22T09:35:17.1630265+01:00" testType="13cdc9d9-ddb5-4fa4-a97d-d965ccfc6d4b" outcome="Passed" testListId="8c84fa94-04c1-424b-9868-57a2d4851a1d" relativeResultsDirectory="4dea43e9-f934-4abb-8930-5a5ff3f252e3" />
    <UnitTestResult executionId="f63fd90b-c549-45fd-b286-05bab7f707d8" testId="29b4ed19-a443-122a-977f-10b5190fb08c" testName="RegisterLogMessages_ShouldPassParametersToLogWriter (True)" computerName="DKSR-EFI-04" duration="00:00:00.1610991" startTime="2023-12-22T09:35:13.6942566+01:00" endTime="2023-12-22T09:35:13.8661349+01:00" testType="13cdc9d9-ddb5-4fa4-a97d-d965ccfc6d4b" outcome="Passed" testListId="8c84fa94-04c1-424b-9868-57a2d4851a1d" relativeResultsDirectory="f63fd90b-c549-45fd-b286-05bab7f707d8" />
    <UnitTestResult executionId="69572ba1-82fa-4b99-82f7-d096e114d624" testId="f37e5f5b-a609-fcf3-c453-9f411a15eaeb" testName="Method_ShouldCallValidateCredentials (RegisterSourceTypeAsync,VideoOS.LogServer.WebService.DataContracts.RegisterSourceTypeParams)" computerName="DKSR-EFI-04" duration="00:00:00.0172428" startTime="2023-12-22T09:35:14.1630087+01:00" endTime="2023-12-22T09:35:14.2567615+01:00" testType="13cdc9d9-ddb5-4fa4-a97d-d965ccfc6d4b" outcome="Passed" testListId="8c84fa94-04c1-424b-9868-57a2d4851a1d" relativeResultsDirectory="69572ba1-82fa-4b99-82f7-d096e114d624" />
    <UnitTestResult executionId="219e3cdb-707c-49a4-be27-4d0efaff909b" testId="471a0c29-86d4-0274-e84d-7a9540515c1f" testName="GetLogRetentionsAsync_ShouldValidateUser_WithAction" computerName="DKSR-EFI-04" duration="00:00:00.0184456" startTime="2023-12-22T09:35:13.3661306+01:00" endTime="2023-12-22T09:35:13.3817565+01:00" testType="13cdc9d9-ddb5-4fa4-a97d-d965ccfc6d4b" outcome="Passed" testListId="8c84fa94-04c1-424b-9868-57a2d4851a1d" relativeResultsDirectory="219e3cdb-707c-49a4-be27-4d0efaff909b" />
  </Results>
  <TestDefinitions>
    <UnitTest name="GetFilterValuesAsync_ShouldReturnExpectedResult" storage="d:\actions-runner\_work\xpco\xpco\logserver\server\videoos.logserver.tests\bin\debug\videoos.logserver.tests.dll" id="5ced3b67-bdc3-a9a2-2162-f5e61b69b1f4">
      <Execution id="5c6bd6c7-db74-4508-928d-2d9beda60804" />
      <TestMethod codeBase="D:\actions-runner\_work\XPCO\XPCO\LogServer\Server\VideoOS.LogServer.Tests\bin\Debug\VideoOS.LogServer.Tests.dll" adapterTypeName="executor://mstestadapter/v2" className="VideoOS.LogServer.Tests.Readers.FilterValueReaderTests" name="GetFilterValuesAsync_ShouldReturnExpectedResult" />
    </UnitTest>
    <UnitTest name="FetchRuleLoglinesAsync_ShouldThrowFaultException_WhenSessionIsUnknown" storage="d:\actions-runner\_work\xpco\xpco\logserver\server\videoos.logserver.tests\bin\debug\videoos.logserver.tests.dll" id="fbeaa9cd-75c8-4720-ec04-b4c5799961cc">
      <Execution id="f5fa889e-520e-48ff-a556-38de1327b920" />
      <TestMethod codeBase="D:\actions-runner\_work\XPCO\XPCO\LogServer\Server\VideoOS.LogServer.Tests\bin\Debug\VideoOS.LogServer.Tests.dll" adapterTypeName="executor://mstestadapter/v2" className="VideoOS.LogServer.Tests.WebService.LogReaderServiceTests" name="FetchRuleLoglinesAsync_ShouldThrowFaultException_WhenSessionIsUnknown" />
    </UnitTest>
    <UnitTest name="ExtractAsync_ShouldReplaceParameters" storage="d:\actions-runner\_work\xpco\xpco\logserver\server\videoos.logserver.tests\bin\debug\videoos.logserver.tests.dll" id="7e81edc0-98c0-3051-1037-7c2397d6818d">
      <Execution id="17e40892-a632-4bae-8000-9382e9263bcc" />
      <TestMethod codeBase="D:\actions-runner\_work\XPCO\XPCO\LogServer\Server\VideoOS.LogServer.Tests\bin\Debug\VideoOS.LogServer.Tests.dll" adapterTypeName="executor://mstestadapter/v2" className="VideoOS.LogServer.Tests.DB.ColumnParsers.AuditLogColumnParserTests" name="ExtractAsync_ShouldReplaceParameters" />
    </UnitTest>
    <UnitTest name="FetchLoglinesAsync_ShouldThrowInvalidLogTypeException_IfCalledWithAuditLoglineParameter" storage="d:\actions-runner\_work\xpco\xpco\logserver\server\videoos.logserver.tests\bin\debug\videoos.logserver.tests.dll" id="943e2f0c-a2c5-7818-775b-e40db3dfc88b">
      <Execution id="a05179a6-90f2-42b9-978a-b209ea5dc7b7" />
      <TestMethod codeBase="D:\actions-runner\_work\XPCO\XPCO\LogServer\Server\VideoOS.LogServer.Tests\bin\Debug\VideoOS.LogServer.Tests.dll" adapterTypeName="executor://mstestadapter/v2" className="VideoOS.LogServer.Tests.Readers.SystemLogReaderTests" name="FetchLoglinesAsync_ShouldThrowInvalidLogTypeException_IfCalledWithAuditLoglineParameter" />
    </UnitTest>
    <UnitTest name="StartShouldUsePeriodValueFromConfig_WhenStartingGuaranteedDeletionTimer (3,3)" storage="d:\actions-runner\_work\xpco\xpco\logserver\server\videoos.logserver.tests\bin\debug\videoos.logserver.tests.dll" id="8ef54b66-f4ff-cd9d-a72d-1d83aa210c52">
      <Execution id="13158026-4e0d-45ee-8f28-3872facbc521" />
      <TestMethod codeBase="D:\actions-runner\_work\XPCO\XPCO\LogServer\Server\VideoOS.LogServer.Tests\bin\Debug\VideoOS.LogServer.Tests.dll" adapterTypeName="executor://mstestadapter/v2" className="VideoOS.LogServer.Tests.Configuration.LogConfigurationHandlerTests" name="StartShouldUsePeriodValueFromConfig_WhenStartingGuaranteedDeletionTimer" />
    </UnitTest>
    <UnitTest name="FetchAuditLoglinesAsync_ShouldNotModify_WhatAuditLogReaderProvides (True)" storage="d:\actions-runner\_work\xpco\xpco\logserver\server\videoos.logserver.tests\bin\debug\videoos.logserver.tests.dll" id="e08762d0-503a-66d0-2e75-de0a18674fda">
      <Execution id="ea8183d3-fac2-4ac2-a3f0-e2838735de99" />
      <TestMethod codeBase="D:\actions-runner\_work\XPCO\XPCO\LogServer\Server\VideoOS.LogServer.Tests\bin\Debug\VideoOS.LogServer.Tests.dll" adapterTypeName="executor://mstestadapter/v2" className="VideoOS.LogServer.Tests.WebService.LogReaderServiceTests" name="FetchAuditLoglinesAsync_ShouldNotModify_WhatAuditLogReaderProvides" />
    </UnitTest>
    <UnitTest name="Get_ShouldReturnItemValue_ForKnownId" storage="d:\actions-runner\_work\xpco\xpco\logserver\server\videoos.logserver.tests\bin\debug\videoos.logserver.tests.dll" id="a9f9e3bb-433e-c350-5ed2-674fc5fabd0c">
      <Execution id="c582ea66-cb0f-4d4d-8dc8-f3bc0784d72f" />
      <TestMethod codeBase="D:\actions-runner\_work\XPCO\XPCO\LogServer\Server\VideoOS.LogServer.Tests\bin\Debug\VideoOS.LogServer.Tests.dll" adapterTypeName="executor://mstestadapter/v2" className="VideoOS.LogServer.Tests.Cache.MemoryCacheWrapperTests" name="Get_ShouldReturnItemValue_ForKnownId" />
    </UnitTest>
    <UnitTest name="Constructors_ShouldNotAllowInjectionOfNulls" storage="d:\actions-runner\_work\xpco\xpco\logserver\server\videoos.logserver.tests\bin\debug\videoos.logserver.tests.dll" id="aa2fb8ce-cab7-86e3-1845-4df1cb9a3c2d">
      <Execution id="63a2bee2-6614-493d-8308-3211b7c5310a" />
      <TestMethod codeBase="D:\actions-runner\_work\XPCO\XPCO\LogServer\Server\VideoOS.LogServer.Tests\bin\Debug\VideoOS.LogServer.Tests.dll" adapterTypeName="executor://mstestadapter/v2" className="VideoOS.LogServer.Tests.Configuration.LogConfigurationHandlerTests" name="Constructors_ShouldNotAllowInjectionOfNulls" />
    </UnitTest>
    <UnitTest name="Increment_ShouldCallPerformanceCounterIncrement" storage="d:\actions-runner\_work\xpco\xpco\logserver\server\videoos.logserver.tests\bin\debug\videoos.logserver.tests.dll" id="eed15939-ffcf-310c-bebd-d8744180c853">
      <Execution id="81f66478-ea88-4f0b-9562-2885b3a581d2" />
      <TestMethod codeBase="D:\actions-runner\_work\XPCO\XPCO\LogServer\Server\VideoOS.LogServer.Tests\bin\Debug\VideoOS.LogServer.Tests.dll" adapterTypeName="executor://mstestadapter/v2" className="VideoOS.LogServer.Tests.PerformanceCounters.PerformanceCounterWrapperTests" name="Increment_ShouldCallPerformanceCounterIncrement" />
    </UnitTest>
    <UnitTest name="GetFilterValuesTimestampAsync_ShouldNotModify_WhatFilterValueReaderProvides" storage="d:\actions-runner\_work\xpco\xpco\logserver\server\videoos.logserver.tests\bin\debug\videoos.logserver.tests.dll" id="bc6d7cfc-cb52-ba92-1bd8-c41e7c733d5b">
      <Execution id="d5268f1d-3626-44bf-9659-085ce000c547" />
      <TestMethod codeBase="D:\actions-runner\_work\XPCO\XPCO\LogServer\Server\VideoOS.LogServer.Tests\bin\Debug\VideoOS.LogServer.Tests.dll" adapterTypeName="executor://mstestadapter/v2" className="VideoOS.LogServer.Tests.WebService.LogReaderServiceTests" name="GetFilterValuesTimestampAsync_ShouldNotModify_WhatFilterValueReaderProvides" />
    </UnitTest>
    <UnitTest name="Start_ShouldPerformCheckForExpiredLogs_WithAppSettingsSpecifiedDelay" storage="d:\actions-runner\_work\xpco\xpco\logserver\server\videoos.logserver.tests\bin\debug\videoos.logserver.tests.dll" id="f6ab9d4a-d579-dc1a-1929-3452282f04c6">
      <Execution id="3d4176a6-ee4d-4854-bff4-a3403ee8be74" />
      <TestMethod codeBase="D:\actions-runner\_work\XPCO\XPCO\LogServer\Server\VideoOS.LogServer.Tests\bin\Debug\VideoOS.LogServer.Tests.dll" adapterTypeName="executor://mstestadapter/v2" className="VideoOS.LogServer.Tests.Configuration.LogConfigurationHandlerTests" name="Start_ShouldPerformCheckForExpiredLogs_WithAppSettingsSpecifiedDelay" />
    </UnitTest>
    <UnitTest name="ReadLogStarted_ShouldRegisterMessages" storage="d:\actions-runner\_work\xpco\xpco\logserver\server\videoos.logserver.tests\bin\debug\videoos.logserver.tests.dll" id="e3ba00bc-5adb-f0fc-8ae0-6c82b7114db8">
      <Execution id="a50172ee-65ad-46bd-9199-382708e1a012" />
      <TestMethod codeBase="D:\actions-runner\_work\XPCO\XPCO\LogServer\Server\VideoOS.LogServer.Tests\bin\Debug\VideoOS.LogServer.Tests.dll" adapterTypeName="executor://mstestadapter/v2" className="VideoOS.LogServer.Tests.AuditLog.AuditLoggerTests" name="ReadLogStarted_ShouldRegisterMessages" />
    </UnitTest>
    <UnitTest name="GetLogsWriteTimeout_ShouldReturnIntValue_WhenConfiguredValueIsValid" storage="d:\actions-runner\_work\xpco\xpco\logserver\server\videoos.logserver.tests\bin\debug\videoos.logserver.tests.dll" id="eff2ccef-2650-b7c7-0276-9c5212c56bf2">
      <Execution id="1ccc945f-9c36-4d1c-96bf-9efaea6a38b3" />
      <TestMethod codeBase="D:\actions-runner\_work\XPCO\XPCO\LogServer\Server\VideoOS.LogServer.Tests\bin\Debug\VideoOS.LogServer.Tests.dll" adapterTypeName="executor://mstestadapter/v2" className="VideoOS.LogServer.Tests.DB.TimeoutConfigurationTest" name="GetLogsWriteTimeout_ShouldReturnIntValue_WhenConfiguredValueIsValid" />
    </UnitTest>
    <UnitTest name="LogMessage_ToStorage_PropertiesAreTransferred" storage="d:\actions-runner\_work\xpco\xpco\logserver\server\videoos.logserver.tests\bin\debug\videoos.logserver.tests.dll" id="e0c38d3c-a9f1-ff9d-5a77-3424aaf56715">
      <Execution id="a043b320-73a0-443f-a1ff-1c546adb0b3a" />
      <TestMethod codeBase="D:\actions-runner\_work\XPCO\XPCO\LogServer\Server\VideoOS.LogServer.Tests\bin\Debug\VideoOS.LogServer.Tests.dll" adapterTypeName="executor://mstestadapter/v2" className="VideoOS.LogServer.Tests.Extensions.DataContractExtensionsTests" name="LogMessage_ToStorage_PropertiesAreTransferred" />
    </UnitTest>
    <UnitTest name="QueryInstanceCount_ShouldExecuteProcedureWithGivenName" storage="d:\actions-runner\_work\xpco\xpco\logserver\server\videoos.logserver.tests\bin\debug\videoos.logserver.tests.dll" id="c914f34a-d6c3-0148-c866-12cf46093edb">
      <Execution id="fe43d6f4-99db-4bee-93be-0183cb41e558" />
      <TestMethod codeBase="D:\actions-runner\_work\XPCO\XPCO\LogServer\Server\VideoOS.LogServer.Tests\bin\Debug\VideoOS.LogServer.Tests.dll" adapterTypeName="executor://mstestadapter/v2" className="VideoOS.LogServer.Tests.DB.StoredProcedureQueryHandlerTests" name="QueryInstanceCount_ShouldExecuteProcedureWithGivenName" />
    </UnitTest>
    <UnitTest name="CreateDefaultLogger_ShouldUseLogManagerToGetLogger" storage="d:\actions-runner\_work\xpco\xpco\logserver\server\videoos.logserver.tests\bin\debug\videoos.logserver.tests.dll" id="a73fdf17-7e0f-43f1-ab09-1060d267b31c">
      <Execution id="e0b0c69c-ea53-49a4-9a25-5d343feb0f6d" />
      <TestMethod codeBase="D:\actions-runner\_work\XPCO\XPCO\LogServer\Server\VideoOS.LogServer.Tests\bin\Debug\VideoOS.LogServer.Tests.dll" adapterTypeName="executor://mstestadapter/v2" className="VideoOS.LogServer.Tests.Logging.LogFactoryTests" name="CreateDefaultLogger_ShouldUseLogManagerToGetLogger" />
    </UnitTest>
    <UnitTest name="FetchLoglinesAsync_ShouldReturnAuditLoglines" storage="d:\actions-runner\_work\xpco\xpco\logserver\server\videoos.logserver.tests\bin\debug\videoos.logserver.tests.dll" id="55a0608f-8d13-6bdb-b154-6dea375beecf">
      <Execution id="910a693c-b5f5-42fb-a2e4-4af8a0b4f34f" />
      <TestMethod codeBase="D:\actions-runner\_work\XPCO\XPCO\LogServer\Server\VideoOS.LogServer.Tests\bin\Debug\VideoOS.LogServer.Tests.dll" adapterTypeName="executor://mstestadapter/v2" className="VideoOS.LogServer.Tests.Readers.AuditLogReaderTests" name="FetchLoglinesAsync_ShouldReturnAuditLoglines" />
    </UnitTest>
    <UnitTest name="RegisterSourceTypes_ShouldPassParametersToLogWriter (False)" storage="d:\actions-runner\_work\xpco\xpco\logserver\server\videoos.logserver.tests\bin\debug\videoos.logserver.tests.dll" id="5db55629-0a21-092e-739e-5af2926f9b3e">
      <Execution id="68fd0dbb-20ec-4c3c-ab38-3e2a62537b4b" />
      <TestMethod codeBase="D:\actions-runner\_work\XPCO\XPCO\LogServer\Server\VideoOS.LogServer.Tests\bin\Debug\VideoOS.LogServer.Tests.dll" adapterTypeName="executor://mstestadapter/v2" className="VideoOS.LogServer.Tests.WebService.LogWriterServiceTests" name="RegisterSourceTypes_ShouldPassParametersToLogWriter" />
    </UnitTest>
    <UnitTest name="Stop_ShouldCloseAllServiceCommunications" storage="d:\actions-runner\_work\xpco\xpco\logserver\server\videoos.logserver.tests\bin\debug\videoos.logserver.tests.dll" id="316b3d85-b774-80ff-225e-2f91405af64b">
      <Execution id="aba2b20d-190f-4064-b947-e674aba77e38" />
      <TestMethod codeBase="D:\actions-runner\_work\XPCO\XPCO\LogServer\Server\VideoOS.LogServer.Tests\bin\Debug\VideoOS.LogServer.Tests.dll" adapterTypeName="executor://mstestadapter/v2" className="VideoOS.LogServer.Tests.ServiceTests" name="Stop_ShouldCloseAllServiceCommunications" />
    </UnitTest>
    <UnitTest name="EndQuerySessionAsync_ShouldRemoveCachedQuerySession_WhenQuerySessionIsKnown" storage="d:\actions-runner\_work\xpco\xpco\logserver\server\videoos.logserver.tests\bin\debug\videoos.logserver.tests.dll" id="e74b3aa3-19f2-6b8f-b72a-a91f68fa6b58">
      <Execution id="d5dc0f1a-be85-45c6-8dba-521f0adf99d1" />
      <TestMethod codeBase="D:\actions-runner\_work\XPCO\XPCO\LogServer\Server\VideoOS.LogServer.Tests\bin\Debug\VideoOS.LogServer.Tests.dll" adapterTypeName="executor://mstestadapter/v2" className="VideoOS.LogServer.Tests.Readers.QuerySessionLogReaderTests" name="EndQuerySessionAsync_ShouldRemoveCachedQuerySession_WhenQuerySessionIsKnown" />
    </UnitTest>
    <UnitTest name="LogServerServiceNameProperty_ShouldReturnCompanyNameShortSpaceLogServerDisplayName" storage="d:\actions-runner\_work\xpco\xpco\logserver\server\videoos.logserver.tests\bin\debug\videoos.logserver.tests.dll" id="ed35b6ba-0e4e-de79-7444-85543e310409">
      <Execution id="0a650768-8a8f-4783-8114-7627f3238190" />
      <TestMethod codeBase="D:\actions-runner\_work\XPCO\XPCO\LogServer\Server\VideoOS.LogServer.Tests\bin\Debug\VideoOS.LogServer.Tests.dll" adapterTypeName="executor://mstestadapter/v2" className="VideoOS.LogServer.Tests.Resources.OemResourcesTests" name="LogServerServiceNameProperty_ShouldReturnCompanyNameShortSpaceLogServerDisplayName" />
    </UnitTest>
    <UnitTest name="CommonApplicationDataFolderProperty_ShouldReturnNonemptyString" storage="d:\actions-runner\_work\xpco\xpco\logserver\server\videoos.logserver.tests\bin\debug\videoos.logserver.tests.dll" id="1e9930e6-df25-f1fc-c1bc-7280798ad83a">
      <Execution id="99ebb56e-7905-48d0-a5b0-d911ab786dc9" />
      <TestMethod codeBase="D:\actions-runner\_work\XPCO\XPCO\LogServer\Server\VideoOS.LogServer.Tests\bin\Debug\VideoOS.LogServer.Tests.dll" adapterTypeName="executor://mstestadapter/v2" className="VideoOS.LogServer.Tests.Resources.OemResourcesTests" name="CommonApplicationDataFolderProperty_ShouldReturnNonemptyString" />
    </UnitTest>
    <UnitTest name="GetFilterValuesAsync_ShouldNotModify_WhatFilterValueReaderProvides (True)" storage="d:\actions-runner\_work\xpco\xpco\logserver\server\videoos.logserver.tests\bin\debug\videoos.logserver.tests.dll" id="e152907d-3f69-67ca-ed1b-d6c79f16ab25">
      <Execution id="75ca3a62-31f3-40d4-9fb8-d26ea6ea95f8" />
      <TestMethod codeBase="D:\actions-runner\_work\XPCO\XPCO\LogServer\Server\VideoOS.LogServer.Tests\bin\Debug\VideoOS.LogServer.Tests.dll" adapterTypeName="executor://mstestadapter/v2" className="VideoOS.LogServer.Tests.WebService.LogReaderServiceTests" name="GetFilterValuesAsync_ShouldNotModify_WhatFilterValueReaderProvides" />
    </UnitTest>
    <UnitTest name="ReadLogStarted_ShouldRegisterSourceType" storage="d:\actions-runner\_work\xpco\xpco\logserver\server\videoos.logserver.tests\bin\debug\videoos.logserver.tests.dll" id="c8caf0b8-a6ad-0ab7-d506-cf621c69f103">
      <Execution id="2c32d744-3e70-4ec5-9b6c-4eca9802446a" />
      <TestMethod codeBase="D:\actions-runner\_work\XPCO\XPCO\LogServer\Server\VideoOS.LogServer.Tests\bin\Debug\VideoOS.LogServer.Tests.dll" adapterTypeName="executor://mstestadapter/v2" className="VideoOS.LogServer.Tests.AuditLog.AuditLoggerTests" name="ReadLogStarted_ShouldRegisterSourceType" />
    </UnitTest>
    <UnitTest name="LogRetentions_ToStorage_ShouldThrowArgumentNullException_IfValueIsNull" storage="d:\actions-runner\_work\xpco\xpco\logserver\server\videoos.logserver.tests\bin\debug\videoos.logserver.tests.dll" id="553395dc-bb03-555b-488b-5938f91b85ac">
      <Execution id="a3cdf07c-a142-47d3-91c5-b1b791f21850" />
      <TestMethod codeBase="D:\actions-runner\_work\XPCO\XPCO\LogServer\Server\VideoOS.LogServer.Tests\bin\Debug\VideoOS.LogServer.Tests.dll" adapterTypeName="executor://mstestadapter/v2" className="VideoOS.LogServer.Tests.Extensions.DataContractExtensionsTests" name="LogRetentions_ToStorage_ShouldThrowArgumentNullException_IfValueIsNull" />
    </UnitTest>
    <UnitTest name="ExtractAsync_ShouldReplaceParameters" storage="d:\actions-runner\_work\xpco\xpco\logserver\server\videoos.logserver.tests\bin\debug\videoos.logserver.tests.dll" id="eb6434ce-42e2-9e2d-cb9f-a724e0d3ca92">
      <Execution id="36a14883-ab03-4b16-9e1d-2a8099ef6f8b" />
      <TestMethod codeBase="D:\actions-runner\_work\XPCO\XPCO\LogServer\Server\VideoOS.LogServer.Tests\bin\Debug\VideoOS.LogServer.Tests.dll" adapterTypeName="executor://mstestadapter/v2" className="VideoOS.LogServer.Tests.DB.ColumnParsers.RuleLogColumnParserTests" name="ExtractAsync_ShouldReplaceParameters" />
    </UnitTest>
    <UnitTest name="LogMessageCategory_ToStorage_ShouldThrowArgumentNullException_IfValueIsNull" storage="d:\actions-runner\_work\xpco\xpco\logserver\server\videoos.logserver.tests\bin\debug\videoos.logserver.tests.dll" id="0e721204-f277-1283-5632-da19123225cd">
      <Execution id="3df1fe40-f41c-43b8-b39f-0eb3ae6a6933" />
      <TestMethod codeBase="D:\actions-runner\_work\XPCO\XPCO\LogServer\Server\VideoOS.LogServer.Tests\bin\Debug\VideoOS.LogServer.Tests.dll" adapterTypeName="executor://mstestadapter/v2" className="VideoOS.LogServer.Tests.Extensions.DataContractExtensionsTests" name="LogMessageCategory_ToStorage_ShouldThrowArgumentNullException_IfValueIsNull" />
    </UnitTest>
    <UnitTest name="GetLogsReadTimeout_ShouldReturnNull_IfNoValueIsConfigured" storage="d:\actions-runner\_work\xpco\xpco\logserver\server\videoos.logserver.tests\bin\debug\videoos.logserver.tests.dll" id="41d7df4a-0629-000b-8311-bf011ae2313f">
      <Execution id="78e25875-c789-4aa1-a76c-b620ccd7c3d3" />
      <TestMethod codeBase="D:\actions-runner\_work\XPCO\XPCO\LogServer\Server\VideoOS.LogServer.Tests\bin\Debug\VideoOS.LogServer.Tests.dll" adapterTypeName="executor://mstestadapter/v2" className="VideoOS.LogServer.Tests.DB.TimeoutConfigurationTest" name="GetLogsReadTimeout_ShouldReturnNull_IfNoValueIsConfigured" />
    </UnitTest>
    <UnitTest name="WriteLegacyLoglineAsync_ShouldIncreaseWritingFrequencyCounter" storage="d:\actions-runner\_work\xpco\xpco\logserver\server\videoos.logserver.tests\bin\debug\videoos.logserver.tests.dll" id="aa2f4fa1-f304-2f55-fe5b-f96f38564ce4">
      <Execution id="2e98273e-b214-4326-8a21-4e4b3cc185b5" />
      <TestMethod codeBase="D:\actions-runner\_work\XPCO\XPCO\LogServer\Server\VideoOS.LogServer.Tests\bin\Debug\VideoOS.LogServer.Tests.dll" adapterTypeName="executor://mstestadapter/v2" className="VideoOS.LogServer.Tests.Writers.SqlServerLogWriterTests" name="WriteLegacyLoglineAsync_ShouldIncreaseWritingFrequencyCounter" />
    </UnitTest>
    <UnitTest name="Constructor_ShouldAddEventHandlerToModifyLogPath_OnlyWhenKeyIsFileAndLogTypeIsFilenameOrArchive (File,X,value,~/test/,value)" storage="d:\actions-runner\_work\xpco\xpco\logserver\server\videoos.logserver.tests\bin\debug\videoos.logserver.tests.dll" id="5fc17e84-80e5-347f-82bf-f4b8c35d584c">
      <Execution id="865e80c8-1114-4b8c-a615-69c4c3b980c3" />
      <TestMethod codeBase="D:\actions-runner\_work\XPCO\XPCO\LogServer\Server\VideoOS.LogServer.Tests\bin\Debug\VideoOS.LogServer.Tests.dll" adapterTypeName="executor://mstestadapter/v2" className="VideoOS.LogServer.Tests.Logging.LogFactoryTests" name="Constructor_ShouldAddEventHandlerToModifyLogPath_OnlyWhenKeyIsFileAndLogTypeIsFilenameOrArchive" />
    </UnitTest>
    <UnitTest name="UpdateExpirationDatesAsync_ShouldReturnFalse_IfDeletionFails" storage="d:\actions-runner\_work\xpco\xpco\logserver\server\videoos.logserver.tests\bin\debug\videoos.logserver.tests.dll" id="2e52c2e6-863c-13fb-2355-91f921288631">
      <Execution id="44942b3f-873a-4dbd-80d4-56f84c6864d1" />
      <TestMethod codeBase="D:\actions-runner\_work\XPCO\XPCO\LogServer\Server\VideoOS.LogServer.Tests\bin\Debug\VideoOS.LogServer.Tests.dll" adapterTypeName="executor://mstestadapter/v2" className="VideoOS.LogServer.Tests.Configuration.LogCleanupHandlerTests" name="UpdateExpirationDatesAsync_ShouldReturnFalse_IfDeletionFails" />
    </UnitTest>
    <UnitTest name="QueryFilters_ToStorage_PropertiesAreTransferred" storage="d:\actions-runner\_work\xpco\xpco\logserver\server\videoos.logserver.tests\bin\debug\videoos.logserver.tests.dll" id="c13a9523-0595-8c5b-2b1c-d16391be043b">
      <Execution id="14cc1c59-181d-45e6-8653-219c96fad823" />
      <TestMethod codeBase="D:\actions-runner\_work\XPCO\XPCO\LogServer\Server\VideoOS.LogServer.Tests\bin\Debug\VideoOS.LogServer.Tests.dll" adapterTypeName="executor://mstestadapter/v2" className="VideoOS.LogServer.Tests.Extensions.DataContractExtensionsTests" name="QueryFilters_ToStorage_PropertiesAreTransferred" />
    </UnitTest>
    <UnitTest name="IncrementBy_ShouldCallPerformanceCounterIncrementBy" storage="d:\actions-runner\_work\xpco\xpco\logserver\server\videoos.logserver.tests\bin\debug\videoos.logserver.tests.dll" id="b055a2b4-2834-79b3-2886-461414c1b62e">
      <Execution id="172720de-20c0-4205-9dbf-080704c70cb6" />
      <TestMethod codeBase="D:\actions-runner\_work\XPCO\XPCO\LogServer\Server\VideoOS.LogServer.Tests\bin\Debug\VideoOS.LogServer.Tests.dll" adapterTypeName="executor://mstestadapter/v2" className="VideoOS.LogServer.Tests.PerformanceCounters.PerformanceCounterWrapperTests" name="IncrementBy_ShouldCallPerformanceCounterIncrementBy" />
    </UnitTest>
    <UnitTest name="Constructors_ShouldNotAllowInjectionOfNulls" storage="d:\actions-runner\_work\xpco\xpco\logserver\server\videoos.logserver.tests\bin\debug\videoos.logserver.tests.dll" id="7c92f7d2-750f-6fb3-35f0-07a2f2ea94a0">
      <Execution id="8a07766d-253c-4c04-96f3-3d49ecd2efaa" />
      <TestMethod codeBase="D:\actions-runner\_work\XPCO\XPCO\LogServer\Server\VideoOS.LogServer.Tests\bin\Debug\VideoOS.LogServer.Tests.dll" adapterTypeName="executor://mstestadapter/v2" className="VideoOS.LogServer.Tests.AuditLog.AuditLoggerTests" name="Constructors_ShouldNotAllowInjectionOfNulls" />
    </UnitTest>
    <UnitTest name="GetLogRetentionsAsync_ShouldValidateUser_WithAction" storage="d:\actions-runner\_work\xpco\xpco\logserver\server\videoos.logserver.tests\bin\debug\videoos.logserver.tests.dll" id="471a0c29-86d4-0274-e84d-7a9540515c1f">
      <Execution id="219e3cdb-707c-49a4-be27-4d0efaff909b" />
      <TestMethod codeBase="D:\actions-runner\_work\XPCO\XPCO\LogServer\Server\VideoOS.LogServer.Tests\bin\Debug\VideoOS.LogServer.Tests.dll" adapterTypeName="executor://mstestadapter/v2" className="VideoOS.LogServer.Tests.WebService.LogRetentionServiceTests" name="GetLogRetentionsAsync_ShouldValidateUser_WithAction" />
    </UnitTest>
    <UnitTest name="QueryWithParameters_ShouldNotSetCommandTimeout_WhenATimeoutIsNotSpecified" storage="d:\actions-runner\_work\xpco\xpco\logserver\server\videoos.logserver.tests\bin\debug\videoos.logserver.tests.dll" id="55cb4b4b-24f7-b469-407f-6f678f27f86a">
      <Execution id="0a79a644-5627-4731-a9cd-9ac509ca3c5b" />
      <TestMethod codeBase="D:\actions-runner\_work\XPCO\XPCO\LogServer\Server\VideoOS.LogServer.Tests\bin\Debug\VideoOS.LogServer.Tests.dll" adapterTypeName="executor://mstestadapter/v2" className="VideoOS.LogServer.Tests.DB.StoredProcedureQueryHandlerTests" name="QueryWithParameters_ShouldNotSetCommandTimeout_WhenATimeoutIsNotSpecified" />
    </UnitTest>
    <UnitTest name="FetchLoglinesAsync_ShouldThrowInvalidLogTypeException_IfCalledWithAuditLoglineParameter" storage="d:\actions-runner\_work\xpco\xpco\logserver\server\videoos.logserver.tests\bin\debug\videoos.logserver.tests.dll" id="85149784-22e1-7b52-2013-f8a168237ee4">
      <Execution id="fd85fda3-bd9f-475f-a90c-cfdaae670800" />
      <TestMethod codeBase="D:\actions-runner\_work\XPCO\XPCO\LogServer\Server\VideoOS.LogServer.Tests\bin\Debug\VideoOS.LogServer.Tests.dll" adapterTypeName="executor://mstestadapter/v2" className="VideoOS.LogServer.Tests.Readers.RuleLogReaderTests" name="FetchLoglinesAsync_ShouldThrowInvalidLogTypeException_IfCalledWithAuditLoglineParameter" />
    </UnitTest>
    <UnitTest name="Dispose_ShouldDisposeTimer" storage="d:\actions-runner\_work\xpco\xpco\logserver\server\videoos.logserver.tests\bin\debug\videoos.logserver.tests.dll" id="4d0f2489-9d84-33a3-5b67-62d70ee6015e">
      <Execution id="1d82a879-d122-4ccc-a612-7ed8497881fb" />
      <TestMethod codeBase="D:\actions-runner\_work\XPCO\XPCO\LogServer\Server\VideoOS.LogServer.Tests\bin\Debug\VideoOS.LogServer.Tests.dll" adapterTypeName="executor://mstestadapter/v2" className="VideoOS.LogServer.Tests.Configuration.LogConfigurationHandlerTests" name="Dispose_ShouldDisposeTimer" />
    </UnitTest>
    <UnitTest name="LogRetentions_ToStorage_PropertiesAreTransferred" storage="d:\actions-runner\_work\xpco\xpco\logserver\server\videoos.logserver.tests\bin\debug\videoos.logserver.tests.dll" id="b8848f78-e431-d152-97ed-aff7460a0c3b">
      <Execution id="18be38f0-d615-4633-b4c8-834532f81efb" />
      <TestMethod codeBase="D:\actions-runner\_work\XPCO\XPCO\LogServer\Server\VideoOS.LogServer.Tests\bin\Debug\VideoOS.LogServer.Tests.dll" adapterTypeName="executor://mstestadapter/v2" className="VideoOS.LogServer.Tests.Extensions.DataContractExtensionsTests" name="LogRetentions_ToStorage_PropertiesAreTransferred" />
    </UnitTest>
    <UnitTest name="Constructors_ShouldNotAllowInjectionOfNulls" storage="d:\actions-runner\_work\xpco\xpco\logserver\server\videoos.logserver.tests\bin\debug\videoos.logserver.tests.dll" id="cf38e776-71ee-984e-0a9c-7c7875e54549">
      <Execution id="2fc123e9-455f-4aca-aac3-c15c0da22015" />
      <TestMethod codeBase="D:\actions-runner\_work\XPCO\XPCO\LogServer\Server\VideoOS.LogServer.Tests\bin\Debug\VideoOS.LogServer.Tests.dll" adapterTypeName="executor://mstestadapter/v2" className="VideoOS.LogServer.Tests.Configuration.LogConfigurationTests" name="Constructors_ShouldNotAllowInjectionOfNulls" />
    </UnitTest>
    <UnitTest name="UpdateLogRetentionsAsync_ShouldValidateUser_WithAction" storage="d:\actions-runner\_work\xpco\xpco\logserver\server\videoos.logserver.tests\bin\debug\videoos.logserver.tests.dll" id="5b8cb0cc-991a-8d88-b28b-30f30391b7ee">
      <Execution id="455dd8b8-a7c5-4835-afb5-8e59ea46f01e" />
      <TestMethod codeBase="D:\actions-runner\_work\XPCO\XPCO\LogServer\Server\VideoOS.LogServer.Tests\bin\Debug\VideoOS.LogServer.Tests.dll" adapterTypeName="executor://mstestadapter/v2" className="VideoOS.LogServer.Tests.WebService.LogRetentionServiceTests" name="UpdateLogRetentionsAsync_ShouldValidateUser_WithAction" />
    </UnitTest>
    <UnitTest name="LoadAsync_ShouldSetSystemLogRetention" storage="d:\actions-runner\_work\xpco\xpco\logserver\server\videoos.logserver.tests\bin\debug\videoos.logserver.tests.dll" id="c4518886-96b4-4ca3-17d4-3e626078fabd">
      <Execution id="451c85a1-b8de-4872-95ab-6fbadb0002a9" />
      <TestMethod codeBase="D:\actions-runner\_work\XPCO\XPCO\LogServer\Server\VideoOS.LogServer.Tests\bin\Debug\VideoOS.LogServer.Tests.dll" adapterTypeName="executor://mstestadapter/v2" className="VideoOS.LogServer.Tests.Configuration.LogConfigurationTests" name="LoadAsync_ShouldSetSystemLogRetention" />
    </UnitTest>
    <UnitTest name="LogMessageCategory_ToStorage_PropertiesAreTransferred" storage="d:\actions-runner\_work\xpco\xpco\logserver\server\videoos.logserver.tests\bin\debug\videoos.logserver.tests.dll" id="5188e0f4-7b43-a7a7-9af4-9615345ef5dc">
      <Execution id="c7f3ba17-c89d-4a49-b7e7-d28d1d7666fe" />
      <TestMethod codeBase="D:\actions-runner\_work\XPCO\XPCO\LogServer\Server\VideoOS.LogServer.Tests\bin\Debug\VideoOS.LogServer.Tests.dll" adapterTypeName="executor://mstestadapter/v2" className="VideoOS.LogServer.Tests.Extensions.DataContractExtensionsTests" name="LogMessageCategory_ToStorage_PropertiesAreTransferred" />
    </UnitTest>
    <UnitTest name="OemResource_ShouldThrowArgumentNullException_WhenArgumentIsNull" storage="d:\actions-runner\_work\xpco\xpco\logserver\server\videoos.logserver.tests\bin\debug\videoos.logserver.tests.dll" id="4fe139b8-f81b-8dad-3915-fb4e2e0fd0c9">
      <Execution id="29404d70-3146-4891-b157-ac5ff5f526cd" />
      <TestMethod codeBase="D:\actions-runner\_work\XPCO\XPCO\LogServer\Server\VideoOS.LogServer.Tests\bin\Debug\VideoOS.LogServer.Tests.dll" adapterTypeName="executor://mstestadapter/v2" className="VideoOS.LogServer.Tests.Resources.OemResourcesTests" name="OemResource_ShouldThrowArgumentNullException_WhenArgumentIsNull" />
    </UnitTest>
    <UnitTest name="UpdateRetentionsAsync_ShouldLoadRetentions_IfNotAlreadyLoaded" storage="d:\actions-runner\_work\xpco\xpco\logserver\server\videoos.logserver.tests\bin\debug\videoos.logserver.tests.dll" id="1eaa3911-d375-d2a3-a9ce-14bc46f454ff">
      <Execution id="10ff55de-f5bc-4e53-a5c2-f37c07c3fd76" />
      <TestMethod codeBase="D:\actions-runner\_work\XPCO\XPCO\LogServer\Server\VideoOS.LogServer.Tests\bin\Debug\VideoOS.LogServer.Tests.dll" adapterTypeName="executor://mstestadapter/v2" className="VideoOS.LogServer.Tests.Configuration.LogConfigurationTests" name="UpdateRetentionsAsync_ShouldLoadRetentions_IfNotAlreadyLoaded" />
    </UnitTest>
    <UnitTest name="LoadAsync_ShouldUseCachedValuesForRetention_WhenCalledSecondTime" storage="d:\actions-runner\_work\xpco\xpco\logserver\server\videoos.logserver.tests\bin\debug\videoos.logserver.tests.dll" id="e3a96d4b-d363-d4b8-dd89-641e33983249">
      <Execution id="9fd10bd4-6e90-4bb5-91ac-2192fc752772" />
      <TestMethod codeBase="D:\actions-runner\_work\XPCO\XPCO\LogServer\Server\VideoOS.LogServer.Tests\bin\Debug\VideoOS.LogServer.Tests.dll" adapterTypeName="executor://mstestadapter/v2" className="VideoOS.LogServer.Tests.Configuration.LogConfigurationTests" name="LoadAsync_ShouldUseCachedValuesForRetention_WhenCalledSecondTime" />
    </UnitTest>
    <UnitTest name="ExecuteGuaranteedDeletion_ShouldUpdateLastGuaranteedDeletionTimestamp_WhenExecutionSuccessful" storage="d:\actions-runner\_work\xpco\xpco\logserver\server\videoos.logserver.tests\bin\debug\videoos.logserver.tests.dll" id="aaea86df-0d0c-d8a7-d4f9-4994d6d91722">
      <Execution id="e3af1e12-d256-4834-a12d-e5a42008c487" />
      <TestMethod codeBase="D:\actions-runner\_work\XPCO\XPCO\LogServer\Server\VideoOS.LogServer.Tests\bin\Debug\VideoOS.LogServer.Tests.dll" adapterTypeName="executor://mstestadapter/v2" className="VideoOS.LogServer.Tests.Configuration.LogConfigurationHandlerTests" name="ExecuteGuaranteedDeletion_ShouldUpdateLastGuaranteedDeletionTimestamp_WhenExecutionSuccessful" />
    </UnitTest>
    <UnitTest name="CreateLogWriter_ShouldCreateAnInstanceOfSqlServerLogWriter" storage="d:\actions-runner\_work\xpco\xpco\logserver\server\videoos.logserver.tests\bin\debug\videoos.logserver.tests.dll" id="d8396111-7662-0714-d2b4-b09fefb77529">
      <Execution id="6a7cd60a-06ce-4a6a-a952-eee51eb8cd61" />
      <TestMethod codeBase="D:\actions-runner\_work\XPCO\XPCO\LogServer\Server\VideoOS.LogServer.Tests\bin\Debug\VideoOS.LogServer.Tests.dll" adapterTypeName="executor://mstestadapter/v2" className="VideoOS.LogServer.Tests.Storage.SqlServerFactoryTests" name="CreateLogWriter_ShouldCreateAnInstanceOfSqlServerLogWriter" />
    </UnitTest>
    <UnitTest name="ExecuteGuaranteedDeletionShouldRescheduleTimer_WhenFirstRemoveExpiredAsyncFails_WithCorrectPeriod" storage="d:\actions-runner\_work\xpco\xpco\logserver\server\videoos.logserver.tests\bin\debug\videoos.logserver.tests.dll" id="0bc23585-fa65-a6ca-e28c-80585ee94be9">
      <Execution id="54f68cb6-4d65-41f8-a82d-6896fabfdf7e" />
      <TestMethod codeBase="D:\actions-runner\_work\XPCO\XPCO\LogServer\Server\VideoOS.LogServer.Tests\bin\Debug\VideoOS.LogServer.Tests.dll" adapterTypeName="executor://mstestadapter/v2" className="VideoOS.LogServer.Tests.Configuration.LogConfigurationHandlerTests" name="ExecuteGuaranteedDeletionShouldRescheduleTimer_WhenFirstRemoveExpiredAsyncFails_WithCorrectPeriod" />
    </UnitTest>
    <UnitTest name="LoadAsync_ShouldSetGuaranteedDeletionTimestamp" storage="d:\actions-runner\_work\xpco\xpco\logserver\server\videoos.logserver.tests\bin\debug\videoos.logserver.tests.dll" id="63177222-c257-3243-2f59-3b5d93a22579">
      <Execution id="ffc33a0a-7213-4ef3-84b7-3f45d12cb2ef" />
      <TestMethod codeBase="D:\actions-runner\_work\XPCO\XPCO\LogServer\Server\VideoOS.LogServer.Tests\bin\Debug\VideoOS.LogServer.Tests.dll" adapterTypeName="executor://mstestadapter/v2" className="VideoOS.LogServer.Tests.Configuration.LogConfigurationTests" name="LoadAsync_ShouldSetGuaranteedDeletionTimestamp" />
    </UnitTest>
    <UnitTest name="Set_ShouldOverwriteCachedValue_ForKnownId" storage="d:\actions-runner\_work\xpco\xpco\logserver\server\videoos.logserver.tests\bin\debug\videoos.logserver.tests.dll" id="aa5fdb42-6163-3cac-f313-8b68e7bf0b72">
      <Execution id="e764c373-9b3d-4834-bf22-eb42cd77ff4d" />
      <TestMethod codeBase="D:\actions-runner\_work\XPCO\XPCO\LogServer\Server\VideoOS.LogServer.Tests\bin\Debug\VideoOS.LogServer.Tests.dll" adapterTypeName="executor://mstestadapter/v2" className="VideoOS.LogServer.Tests.Cache.MemoryCacheWrapperTests" name="Set_ShouldOverwriteCachedValue_ForKnownId" />
    </UnitTest>
    <UnitTest name="LogMessage_ToStorage_ShouldThrowArgumentNullException_IfValueIsNull" storage="d:\actions-runner\_work\xpco\xpco\logserver\server\videoos.logserver.tests\bin\debug\videoos.logserver.tests.dll" id="56696622-b5e5-b790-e230-d1b455492afb">
      <Execution id="af9fa5a0-9da2-40e8-9ef2-e13c72be4d82" />
      <TestMethod codeBase="D:\actions-runner\_work\XPCO\XPCO\LogServer\Server\VideoOS.LogServer.Tests\bin\Debug\VideoOS.LogServer.Tests.dll" adapterTypeName="executor://mstestadapter/v2" className="VideoOS.LogServer.Tests.Extensions.DataContractExtensionsTests" name="LogMessage_ToStorage_ShouldThrowArgumentNullException_IfValueIsNull" />
    </UnitTest>
    <UnitTest name="RegisterLogMessages_ShouldPassParametersToLogWriter (False)" storage="d:\actions-runner\_work\xpco\xpco\logserver\server\videoos.logserver.tests\bin\debug\videoos.logserver.tests.dll" id="1ce32296-e7d9-6827-d72c-bed461602764">
      <Execution id="27240e8f-0f58-433c-9171-c4f9fbfd699d" />
      <TestMethod codeBase="D:\actions-runner\_work\XPCO\XPCO\LogServer\Server\VideoOS.LogServer.Tests\bin\Debug\VideoOS.LogServer.Tests.dll" adapterTypeName="executor://mstestadapter/v2" className="VideoOS.LogServer.Tests.WebService.LogWriterServiceTests" name="RegisterLogMessages_ShouldPassParametersToLogWriter" />
    </UnitTest>
    <UnitTest name="StartService_ShouldSetStatusTextToStarted_OnceServiceIsUpAndRunning" storage="d:\actions-runner\_work\xpco\xpco\logserver\server\videoos.logserver.tests\bin\debug\videoos.logserver.tests.dll" id="2fb6e8aa-2eaa-4b12-09c9-b2f35cc72765">
      <Execution id="aa8f4336-44c0-4017-8cd1-b3c89ef5e12b" />
      <TestMethod codeBase="D:\actions-runner\_work\XPCO\XPCO\LogServer\Server\VideoOS.LogServer.Tests\bin\Debug\VideoOS.LogServer.Tests.dll" adapterTypeName="executor://mstestadapter/v2" className="VideoOS.LogServer.Tests.UI.ServiceWindowViewModelTests" name="StartService_ShouldSetStatusTextToStarted_OnceServiceIsUpAndRunning" />
    </UnitTest>
    <UnitTest name="LoadConfigurationAsync_ShouldLoadLogRetentionConfiguration" storage="d:\actions-runner\_work\xpco\xpco\logserver\server\videoos.logserver.tests\bin\debug\videoos.logserver.tests.dll" id="7547e2f0-a27a-ad11-8e1c-5f9423a18546">
      <Execution id="d98c3170-89d4-4f52-b8ca-3a415dcf3402" />
      <TestMethod codeBase="D:\actions-runner\_work\XPCO\XPCO\LogServer\Server\VideoOS.LogServer.Tests\bin\Debug\VideoOS.LogServer.Tests.dll" adapterTypeName="executor://mstestadapter/v2" className="VideoOS.LogServer.Tests.Configuration.LogConfigurationHandlerTests" name="LoadConfigurationAsync_ShouldLoadLogRetentionConfiguration" />
    </UnitTest>
    <UnitTest name="FetchSystemLoglinesAsync_ShouldThrowFaultException_WhenSessionIsUnknown" storage="d:\actions-runner\_work\xpco\xpco\logserver\server\videoos.logserver.tests\bin\debug\videoos.logserver.tests.dll" id="3351f5e9-cdac-da2d-bb1d-2add348898aa">
      <Execution id="79a03aa5-1f0e-416d-a91d-01b5b507d590" />
      <TestMethod codeBase="D:\actions-runner\_work\XPCO\XPCO\LogServer\Server\VideoOS.LogServer.Tests\bin\Debug\VideoOS.LogServer.Tests.dll" adapterTypeName="executor://mstestadapter/v2" className="VideoOS.LogServer.Tests.WebService.LogReaderServiceTests" name="FetchSystemLoglinesAsync_ShouldThrowFaultException_WhenSessionIsUnknown" />
    </UnitTest>
    <UnitTest name="LoadAsync_ShouldSetAnonymousLogging" storage="d:\actions-runner\_work\xpco\xpco\logserver\server\videoos.logserver.tests\bin\debug\videoos.logserver.tests.dll" id="a4711565-c39e-01d4-d39b-fc6ccc993f1c">
      <Execution id="674cb4fa-fb8b-4b21-a627-edb62e47552a" />
      <TestMethod codeBase="D:\actions-runner\_work\XPCO\XPCO\LogServer\Server\VideoOS.LogServer.Tests\bin\Debug\VideoOS.LogServer.Tests.dll" adapterTypeName="executor://mstestadapter/v2" className="VideoOS.LogServer.Tests.Configuration.LogConfigurationTests" name="LoadAsync_ShouldSetAnonymousLogging" />
    </UnitTest>
    <UnitTest name="ReplaceParameter_ShouldReplaceParameterIfFound" storage="d:\actions-runner\_work\xpco\xpco\logserver\server\videoos.logserver.tests\bin\debug\videoos.logserver.tests.dll" id="582aee11-df26-12ed-7724-adef6f5ccabb">
      <Execution id="455e1d74-160d-40f2-9afe-dc86a3955332" />
      <TestMethod codeBase="D:\actions-runner\_work\XPCO\XPCO\LogServer\Server\VideoOS.LogServer.Tests\bin\Debug\VideoOS.LogServer.Tests.dll" adapterTypeName="executor://mstestadapter/v2" className="VideoOS.LogServer.Tests.Extensions.StringExtensionsTests" name="ReplaceParameter_ShouldReplaceParameterIfFound" />
    </UnitTest>
    <UnitTest name="FetchRuleLoglinesAsync_ShouldNotModify_WhatRuleLogReaderProvides (False)" storage="d:\actions-runner\_work\xpco\xpco\logserver\server\videoos.logserver.tests\bin\debug\videoos.logserver.tests.dll" id="81416636-ae21-0fe9-fa1b-1c1f2587f04a">
      <Execution id="41266951-fb78-4723-98d4-b1ddbb45a76a" />
      <TestMethod codeBase="D:\actions-runner\_work\XPCO\XPCO\LogServer\Server\VideoOS.LogServer.Tests\bin\Debug\VideoOS.LogServer.Tests.dll" adapterTypeName="executor://mstestadapter/v2" className="VideoOS.LogServer.Tests.WebService.LogReaderServiceTests" name="FetchRuleLoglinesAsync_ShouldNotModify_WhatRuleLogReaderProvides" />
    </UnitTest>
    <UnitTest name="UpdateAnonymousLoggingAsync_ShouldUpdateAnonymousLoggingInConfiguration" storage="d:\actions-runner\_work\xpco\xpco\logserver\server\videoos.logserver.tests\bin\debug\videoos.logserver.tests.dll" id="f079971a-4d79-a080-8093-06198478cda6">
      <Execution id="f7ede482-161b-4511-8062-de5b74c8113c" />
      <TestMethod codeBase="D:\actions-runner\_work\XPCO\XPCO\LogServer\Server\VideoOS.LogServer.Tests\bin\Debug\VideoOS.LogServer.Tests.dll" adapterTypeName="executor://mstestadapter/v2" className="VideoOS.LogServer.Tests.Configuration.LogConfigurationHandlerTests" name="UpdateAnonymousLoggingAsync_ShouldUpdateAnonymousLoggingInConfiguration" />
    </UnitTest>
    <UnitTest name="Constructors_ShouldNotAllowInjectionOfNulls" storage="d:\actions-runner\_work\xpco\xpco\logserver\server\videoos.logserver.tests\bin\debug\videoos.logserver.tests.dll" id="486f415c-3ba1-957b-777c-0f50023bdae5">
      <Execution id="7248a211-8d87-47bf-bdf3-25af813ae5b6" />
      <TestMethod codeBase="D:\actions-runner\_work\XPCO\XPCO\LogServer\Server\VideoOS.LogServer.Tests\bin\Debug\VideoOS.LogServer.Tests.dll" adapterTypeName="executor://mstestadapter/v2" className="VideoOS.LogServer.Tests.Storage.SqlServerFactoryTests" name="Constructors_ShouldNotAllowInjectionOfNulls" />
    </UnitTest>
    <UnitTest name="ToLogMessages_ShouldTransformEntriesToLogMessages_WithCorrectCulture" storage="d:\actions-runner\_work\xpco\xpco\logserver\server\videoos.logserver.tests\bin\debug\videoos.logserver.tests.dll" id="8cb478d3-f744-d4b7-5077-671009e6d428">
      <Execution id="6830724d-8adc-41b4-be37-39ef2b1c28a6" />
      <TestMethod codeBase="D:\actions-runner\_work\XPCO\XPCO\LogServer\Server\VideoOS.LogServer.Tests\bin\Debug\VideoOS.LogServer.Tests.dll" adapterTypeName="executor://mstestadapter/v2" className="VideoOS.LogServer.Tests.Extensions.LegacyMessageXmlExtensionsTests" name="ToLogMessages_ShouldTransformEntriesToLogMessages_WithCorrectCulture" />
    </UnitTest>
    <UnitTest name="LoadAsync_ShouldUseCachedValuesForConfiguration_WhenCalledSecondTime" storage="d:\actions-runner\_work\xpco\xpco\logserver\server\videoos.logserver.tests\bin\debug\videoos.logserver.tests.dll" id="307c719f-30cf-7d90-9f76-a6cd3ef5924b">
      <Execution id="4dea43e9-f934-4abb-8930-5a5ff3f252e3" />
      <TestMethod codeBase="D:\actions-runner\_work\XPCO\XPCO\LogServer\Server\VideoOS.LogServer.Tests\bin\Debug\VideoOS.LogServer.Tests.dll" adapterTypeName="executor://mstestadapter/v2" className="VideoOS.LogServer.Tests.Configuration.LogConfigurationTests" name="LoadAsync_ShouldUseCachedValuesForConfiguration_WhenCalledSecondTime" />
    </UnitTest>
    <UnitTest name="ToLogMessages_ShouldTransformEntriesToLogMessages_WithCorrectLogType" storage="d:\actions-runner\_work\xpco\xpco\logserver\server\videoos.logserver.tests\bin\debug\videoos.logserver.tests.dll" id="5a1a84db-7006-9963-4753-4851c53b4910">
      <Execution id="e4ea9692-de5c-401f-af57-f9794ed35fae" />
      <TestMethod codeBase="D:\actions-runner\_work\XPCO\XPCO\LogServer\Server\VideoOS.LogServer.Tests\bin\Debug\VideoOS.LogServer.Tests.dll" adapterTypeName="executor://mstestadapter/v2" className="VideoOS.LogServer.Tests.Extensions.LegacyMessageXmlExtensionsTests" name="ToLogMessages_ShouldTransformEntriesToLogMessages_WithCorrectLogType" />
    </UnitTest>
    <UnitTest name="Start_ShouldLogStartedMessage" storage="d:\actions-runner\_work\xpco\xpco\logserver\server\videoos.logserver.tests\bin\debug\videoos.logserver.tests.dll" id="7bd295c4-7050-79ba-455e-7999ded93129">
      <Execution id="0b8643c1-0cf6-40a9-8d55-1ef65f470e29" />
      <TestMethod codeBase="D:\actions-runner\_work\XPCO\XPCO\LogServer\Server\VideoOS.LogServer.Tests\bin\Debug\VideoOS.LogServer.Tests.dll" adapterTypeName="executor://mstestadapter/v2" className="VideoOS.LogServer.Tests.ServiceTests" name="Start_ShouldLogStartedMessage" />
    </UnitTest>
    <UnitTest name="Constructors_ShouldNotAllowInjectionOfNulls" storage="d:\actions-runner\_work\xpco\xpco\logserver\server\videoos.logserver.tests\bin\debug\videoos.logserver.tests.dll" id="842c86a1-ecb7-268a-9f84-8ca2e7464f0e">
      <Execution id="bdac73e0-3fe7-4249-953d-e16761394e80" />
      <TestMethod codeBase="D:\actions-runner\_work\XPCO\XPCO\LogServer\Server\VideoOS.LogServer.Tests\bin\Debug\VideoOS.LogServer.Tests.dll" adapterTypeName="executor://mstestadapter/v2" className="VideoOS.LogServer.Tests.Configuration.LogCleanupHandlerTests" name="Constructors_ShouldNotAllowInjectionOfNulls" />
    </UnitTest>
    <UnitTest name="ExtractLogMessageCategories_ShouldExtract_WithCorrectId" storage="d:\actions-runner\_work\xpco\xpco\logserver\server\videoos.logserver.tests\bin\debug\videoos.logserver.tests.dll" id="68e281b9-9a49-3611-3114-3d9c71e194e5">
      <Execution id="c596cd22-b188-49be-a7fe-e0cb24986fa5" />
      <TestMethod codeBase="D:\actions-runner\_work\XPCO\XPCO\LogServer\Server\VideoOS.LogServer.Tests\bin\Debug\VideoOS.LogServer.Tests.dll" adapterTypeName="executor://mstestadapter/v2" className="VideoOS.LogServer.Tests.Extensions.LegacyMessageXmlExtensionsTests" name="ExtractLogMessageCategories_ShouldExtract_WithCorrectId" />
    </UnitTest>
    <UnitTest name="LogMessageSourceType_ToStorage_PropertiesAreTransferred" storage="d:\actions-runner\_work\xpco\xpco\logserver\server\videoos.logserver.tests\bin\debug\videoos.logserver.tests.dll" id="60b6538b-8aa3-6bd5-f8a1-fd661ad27c0e">
      <Execution id="0b636c53-7a55-462d-bdb1-f96ecc1a5bcd" />
      <TestMethod codeBase="D:\actions-runner\_work\XPCO\XPCO\LogServer\Server\VideoOS.LogServer.Tests\bin\Debug\VideoOS.LogServer.Tests.dll" adapterTypeName="executor://mstestadapter/v2" className="VideoOS.LogServer.Tests.Extensions.DataContractExtensionsTests" name="LogMessageSourceType_ToStorage_PropertiesAreTransferred" />
    </UnitTest>
    <UnitTest name="EndQuerySessionAsync_ShouldTerminateSession_WithProvidedQuerySessionId (True)" storage="d:\actions-runner\_work\xpco\xpco\logserver\server\videoos.logserver.tests\bin\debug\videoos.logserver.tests.dll" id="35a417d9-e7fe-01c4-bcf3-a18f85f83168">
      <Execution id="27ad1218-f852-4562-9566-ce28bfe77dff" />
      <TestMethod codeBase="D:\actions-runner\_work\XPCO\XPCO\LogServer\Server\VideoOS.LogServer.Tests\bin\Debug\VideoOS.LogServer.Tests.dll" adapterTypeName="executor://mstestadapter/v2" className="VideoOS.LogServer.Tests.WebService.LogReaderServiceTests" name="EndQuerySessionAsync_ShouldTerminateSession_WithProvidedQuerySessionId" />
    </UnitTest>
    <UnitTest name="FetchAuditLoglinesAsync_ShouldNotModify_WhatAuditLogReaderProvides (False)" storage="d:\actions-runner\_work\xpco\xpco\logserver\server\videoos.logserver.tests\bin\debug\videoos.logserver.tests.dll" id="b90272c4-28cc-f78f-c86d-730ccea5a8c7">
      <Execution id="c64b2445-146b-4604-8858-5d8acd4912fc" />
      <TestMethod codeBase="D:\actions-runner\_work\XPCO\XPCO\LogServer\Server\VideoOS.LogServer.Tests\bin\Debug\VideoOS.LogServer.Tests.dll" adapterTypeName="executor://mstestadapter/v2" className="VideoOS.LogServer.Tests.WebService.LogReaderServiceTests" name="FetchAuditLoglinesAsync_ShouldNotModify_WhatAuditLogReaderProvides" />
    </UnitTest>
    <UnitTest name="QueryInstanceCount_ShouldExecuteProcedureWithGivenParameters" storage="d:\actions-runner\_work\xpco\xpco\logserver\server\videoos.logserver.tests\bin\debug\videoos.logserver.tests.dll" id="d9cef8c8-00c4-6a94-c81e-31ea6d3b548d">
      <Execution id="eb9dd41f-741d-4816-9f45-f51ca28ddc6d" />
      <TestMethod codeBase="D:\actions-runner\_work\XPCO\XPCO\LogServer\Server\VideoOS.LogServer.Tests\bin\Debug\VideoOS.LogServer.Tests.dll" adapterTypeName="executor://mstestadapter/v2" className="VideoOS.LogServer.Tests.DB.StoredProcedureQueryHandlerTests" name="QueryInstanceCount_ShouldExecuteProcedureWithGivenParameters" />
    </UnitTest>
    <UnitTest name="QueryFilters_ToStorage_ShouldThrowArgumentNullException_IfValueIsNull" storage="d:\actions-runner\_work\xpco\xpco\logserver\server\videoos.logserver.tests\bin\debug\videoos.logserver.tests.dll" id="1f8d7007-ecd8-fb58-342a-54b2bcf0707f">
      <Execution id="233a2317-3506-497b-baa6-7976a5465761" />
      <TestMethod codeBase="D:\actions-runner\_work\XPCO\XPCO\LogServer\Server\VideoOS.LogServer.Tests\bin\Debug\VideoOS.LogServer.Tests.dll" adapterTypeName="executor://mstestadapter/v2" className="VideoOS.LogServer.Tests.Extensions.DataContractExtensionsTests" name="QueryFilters_ToStorage_ShouldThrowArgumentNullException_IfValueIsNull" />
    </UnitTest>
    <UnitTest name="PerformDeletionIfDue_ShouldCall_UpdateLastGuaranteedDeletionAsync_Correctly (11/11/2023 00:00:00,11/01/2023 00:00:00,3,True)" storage="d:\actions-runner\_work\xpco\xpco\logserver\server\videoos.logserver.tests\bin\debug\videoos.logserver.tests.dll" id="c4161db0-d4b3-9385-7583-e8fb2cab9691">
      <Execution id="39dfbc93-364a-4a04-bccb-5bd241a25c9c" />
      <TestMethod codeBase="D:\actions-runner\_work\XPCO\XPCO\LogServer\Server\VideoOS.LogServer.Tests\bin\Debug\VideoOS.LogServer.Tests.dll" adapterTypeName="executor://mstestadapter/v2" className="VideoOS.LogServer.Tests.Configuration.LogConfigurationHandlerTests" name="PerformDeletionIfDue_ShouldCall_UpdateLastGuaranteedDeletionAsync_Correctly" />
    </UnitTest>
    <UnitTest name="CreateLogReader_ShouldCreateSystemLogReader_WhenSystemLogTypeIsProvided" storage="d:\actions-runner\_work\xpco\xpco\logserver\server\videoos.logserver.tests\bin\debug\videoos.logserver.tests.dll" id="cd5c0b91-28eb-4ef8-3860-86dc1f965d32">
      <Execution id="f4a74bcf-c2ee-4c9f-9f60-4142192dce07" />
      <TestMethod codeBase="D:\actions-runner\_work\XPCO\XPCO\LogServer\Server\VideoOS.LogServer.Tests\bin\Debug\VideoOS.LogServer.Tests.dll" adapterTypeName="executor://mstestadapter/v2" className="VideoOS.LogServer.Tests.Storage.SqlServerFactoryTests" name="CreateLogReader_ShouldCreateSystemLogReader_WhenSystemLogTypeIsProvided" />
    </UnitTest>
    <UnitTest name="ExtractLogMessageCategories_ShouldExtract_WithCorrectLanguageCode" storage="d:\actions-runner\_work\xpco\xpco\logserver\server\videoos.logserver.tests\bin\debug\videoos.logserver.tests.dll" id="74035522-8f62-d593-ff80-df7415d7973b">
      <Execution id="3a6e2f58-7c22-4e1f-8159-3395e0451271" />
      <TestMethod codeBase="D:\actions-runner\_work\XPCO\XPCO\LogServer\Server\VideoOS.LogServer.Tests\bin\Debug\VideoOS.LogServer.Tests.dll" adapterTypeName="executor://mstestadapter/v2" className="VideoOS.LogServer.Tests.Extensions.LegacyMessageXmlExtensionsTests" name="ExtractLogMessageCategories_ShouldExtract_WithCorrectLanguageCode" />
    </UnitTest>
    <UnitTest name="GetLogRetentionsAsync_ShouldReturnRetentionValuesFromConfiguration" storage="d:\actions-runner\_work\xpco\xpco\logserver\server\videoos.logserver.tests\bin\debug\videoos.logserver.tests.dll" id="dc3472a0-aafe-d3df-bf54-2cbe31211e86">
      <Execution id="01686be1-73fb-4168-b8ee-d68d58244f56" />
      <TestMethod codeBase="D:\actions-runner\_work\XPCO\XPCO\LogServer\Server\VideoOS.LogServer.Tests\bin\Debug\VideoOS.LogServer.Tests.dll" adapterTypeName="executor://mstestadapter/v2" className="VideoOS.LogServer.Tests.WebService.LogRetentionServiceTests" name="GetLogRetentionsAsync_ShouldReturnRetentionValuesFromConfiguration" />
    </UnitTest>
    <UnitTest name="Constructors_ShouldNotAllowInjectionOfNulls" storage="d:\actions-runner\_work\xpco\xpco\logserver\server\videoos.logserver.tests\bin\debug\videoos.logserver.tests.dll" id="51f83135-22d8-0f2c-86a1-deac58a265dc">
      <Execution id="ce0ddfc0-b943-4fa2-8559-435bf1a4a603" />
      <TestMethod codeBase="D:\actions-runner\_work\XPCO\XPCO\LogServer\Server\VideoOS.LogServer.Tests\bin\Debug\VideoOS.LogServer.Tests.dll" adapterTypeName="executor://mstestadapter/v2" className="VideoOS.LogServer.Tests.PerformanceCounters.PerformanceCounterWrapperTests" name="Constructors_ShouldNotAllowInjectionOfNulls" />
    </UnitTest>
    <UnitTest name="RegisterSourceTypeAsync_ShouldCallRegisterSourceTypesSP" storage="d:\actions-runner\_work\xpco\xpco\logserver\server\videoos.logserver.tests\bin\debug\videoos.logserver.tests.dll" id="31eec4c0-9b41-3b48-5e19-7bf8b5fda2c4">
      <Execution id="6306e9b9-b06c-43c4-bd97-ea682251e877" />
      <TestMethod codeBase="D:\actions-runner\_work\XPCO\XPCO\LogServer\Server\VideoOS.LogServer.Tests\bin\Debug\VideoOS.LogServer.Tests.dll" adapterTypeName="executor://mstestadapter/v2" className="VideoOS.LogServer.Tests.Writers.SqlServerLogWriterTests" name="RegisterSourceTypeAsync_ShouldCallRegisterSourceTypesSP" />
    </UnitTest>
    <UnitTest name="StartQuerySessionAsync_ShouldReturnInstanceCount" storage="d:\actions-runner\_work\xpco\xpco\logserver\server\videoos.logserver.tests\bin\debug\videoos.logserver.tests.dll" id="17636107-a8c8-7ac7-acfc-b964eff07fab">
      <Execution id="b6d8fd58-7db2-4926-b795-0dd7e661e6bb" />
      <TestMethod codeBase="D:\actions-runner\_work\XPCO\XPCO\LogServer\Server\VideoOS.LogServer.Tests\bin\Debug\VideoOS.LogServer.Tests.dll" adapterTypeName="executor://mstestadapter/v2" className="VideoOS.LogServer.Tests.Readers.SystemLogReaderTests" name="StartQuerySessionAsync_ShouldReturnInstanceCount" />
    </UnitTest>
    <UnitTest name="ExtractAsync_ShouldReadValues" storage="d:\actions-runner\_work\xpco\xpco\logserver\server\videoos.logserver.tests\bin\debug\videoos.logserver.tests.dll" id="9a1d635d-40c5-c203-487d-681910583bd1">
      <Execution id="b6843182-4e54-4df2-b9f1-499c0c658877" />
      <TestMethod codeBase="D:\actions-runner\_work\XPCO\XPCO\LogServer\Server\VideoOS.LogServer.Tests\bin\Debug\VideoOS.LogServer.Tests.dll" adapterTypeName="executor://mstestadapter/v2" className="VideoOS.LogServer.Tests.DB.ColumnParsers.FilterValueColumnParserTests" name="ExtractAsync_ShouldReadValues" />
    </UnitTest>
    <UnitTest name="Constructors_ShouldNotAllowInjectionOfNulls" storage="d:\actions-runner\_work\xpco\xpco\logserver\server\videoos.logserver.tests\bin\debug\videoos.logserver.tests.dll" id="01264600-f5eb-00d5-cb59-6b297068518d">
      <Execution id="bf3858cd-7c92-472e-a7a6-e4a14dde67ff" />
      <TestMethod codeBase="D:\actions-runner\_work\XPCO\XPCO\LogServer\Server\VideoOS.LogServer.Tests\bin\Debug\VideoOS.LogServer.Tests.dll" adapterTypeName="executor://mstestadapter/v2" className="VideoOS.LogServer.Tests.DB.StoredProcedureQueryHandlerTests" name="Constructors_ShouldNotAllowInjectionOfNulls" />
    </UnitTest>
    <UnitTest name="RegisterSourceTypes_ShouldPassParametersToLogWriter (True)" storage="d:\actions-runner\_work\xpco\xpco\logserver\server\videoos.logserver.tests\bin\debug\videoos.logserver.tests.dll" id="9d33ed5e-f5fb-ad1d-d757-74f4bdb891c0">
      <Execution id="199983bd-77e4-4403-bc96-8c71cc87296a" />
      <TestMethod codeBase="D:\actions-runner\_work\XPCO\XPCO\LogServer\Server\VideoOS.LogServer.Tests\bin\Debug\VideoOS.LogServer.Tests.dll" adapterTypeName="executor://mstestadapter/v2" className="VideoOS.LogServer.Tests.WebService.LogWriterServiceTests" name="RegisterSourceTypes_ShouldPassParametersToLogWriter" />
    </UnitTest>
    <UnitTest name="WriteLegacyLoglineAsync_ShouldPassParametersToLogWriter (False)" storage="d:\actions-runner\_work\xpco\xpco\logserver\server\videoos.logserver.tests\bin\debug\videoos.logserver.tests.dll" id="2bc256b5-9049-1b35-f2a0-106c8a652036">
      <Execution id="d65933b8-f7ab-4b4c-bfeb-d583d8335d4e" />
      <TestMethod codeBase="D:\actions-runner\_work\XPCO\XPCO\LogServer\Server\VideoOS.LogServer.Tests\bin\Debug\VideoOS.LogServer.Tests.dll" adapterTypeName="executor://mstestadapter/v2" className="VideoOS.LogServer.Tests.WebService.LogWriterServiceTests" name="WriteLegacyLoglineAsync_ShouldPassParametersToLogWriter" />
    </UnitTest>
    <UnitTest name="Set_ShouldRemoveItemFromCache_IfValueIsNull" storage="d:\actions-runner\_work\xpco\xpco\logserver\server\videoos.logserver.tests\bin\debug\videoos.logserver.tests.dll" id="ff6ed03e-5c0c-1c4c-7536-d6a67d772e66">
      <Execution id="03b77ce0-bf58-4bdf-843b-8cbd5bfdbdf5" />
      <TestMethod codeBase="D:\actions-runner\_work\XPCO\XPCO\LogServer\Server\VideoOS.LogServer.Tests\bin\Debug\VideoOS.LogServer.Tests.dll" adapterTypeName="executor://mstestadapter/v2" className="VideoOS.LogServer.Tests.Cache.MemoryCacheWrapperTests" name="Set_ShouldRemoveItemFromCache_IfValueIsNull" />
    </UnitTest>
    <UnitTest name="FetchLoglinesAsync_ShouldIncreasePerformanceCounter" storage="d:\actions-runner\_work\xpco\xpco\logserver\server\videoos.logserver.tests\bin\debug\videoos.logserver.tests.dll" id="c2df6d5b-653a-5889-f473-81c078643a2c">
      <Execution id="a30258bf-6813-42e8-a430-e8e663229318" />
      <TestMethod codeBase="D:\actions-runner\_work\XPCO\XPCO\LogServer\Server\VideoOS.LogServer.Tests\bin\Debug\VideoOS.LogServer.Tests.dll" adapterTypeName="executor://mstestadapter/v2" className="VideoOS.LogServer.Tests.Readers.AuditLogReaderTests" name="FetchLoglinesAsync_ShouldIncreasePerformanceCounter" />
    </UnitTest>
    <UnitTest name="FetchAuditLoglinesAsync_ShouldThrowFaultException_WhenSessionIsUnknown" storage="d:\actions-runner\_work\xpco\xpco\logserver\server\videoos.logserver.tests\bin\debug\videoos.logserver.tests.dll" id="be35e1b7-f2ff-7028-5c3e-477704901cf6">
      <Execution id="3c8a268b-017e-489a-af19-1bbea33f463f" />
      <TestMethod codeBase="D:\actions-runner\_work\XPCO\XPCO\LogServer\Server\VideoOS.LogServer.Tests\bin\Debug\VideoOS.LogServer.Tests.dll" adapterTypeName="executor://mstestadapter/v2" className="VideoOS.LogServer.Tests.WebService.LogReaderServiceTests" name="FetchAuditLoglinesAsync_ShouldThrowFaultException_WhenSessionIsUnknown" />
    </UnitTest>
    <UnitTest name="StartQuerySessionAsync_ShouldReturnInstanceCount" storage="d:\actions-runner\_work\xpco\xpco\logserver\server\videoos.logserver.tests\bin\debug\videoos.logserver.tests.dll" id="e023df46-a47e-1116-5e44-412910eb8941">
      <Execution id="d403c8b7-5cdb-4a1b-94b1-6155aa09461f" />
      <TestMethod codeBase="D:\actions-runner\_work\XPCO\XPCO\LogServer\Server\VideoOS.LogServer.Tests\bin\Debug\VideoOS.LogServer.Tests.dll" adapterTypeName="executor://mstestadapter/v2" className="VideoOS.LogServer.Tests.Readers.RuleLogReaderTests" name="StartQuerySessionAsync_ShouldReturnInstanceCount" />
    </UnitTest>
    <UnitTest name="FetchSystemLoglinesAsync_ShouldNotModify_WhatSystemLogReaderProvides (False)" storage="d:\actions-runner\_work\xpco\xpco\logserver\server\videoos.logserver.tests\bin\debug\videoos.logserver.tests.dll" id="5ff4af90-916a-99f9-1123-cb2981b00f4f">
      <Execution id="8a54c95f-8138-4cdd-90f9-1aed800e11ab" />
      <TestMethod codeBase="D:\actions-runner\_work\XPCO\XPCO\LogServer\Server\VideoOS.LogServer.Tests\bin\Debug\VideoOS.LogServer.Tests.dll" adapterTypeName="executor://mstestadapter/v2" className="VideoOS.LogServer.Tests.WebService.LogReaderServiceTests" name="FetchSystemLoglinesAsync_ShouldNotModify_WhatSystemLogReaderProvides" />
    </UnitTest>
    <UnitTest name="RegisterCategories_ShouldPassParametersToLogWriter (False)" storage="d:\actions-runner\_work\xpco\xpco\logserver\server\videoos.logserver.tests\bin\debug\videoos.logserver.tests.dll" id="561c2bd5-2116-9dc1-6a9c-8f2d90e7de51">
      <Execution id="c6a12e61-806b-4d82-9511-3feac0ef877a" />
      <TestMethod codeBase="D:\actions-runner\_work\XPCO\XPCO\LogServer\Server\VideoOS.LogServer.Tests\bin\Debug\VideoOS.LogServer.Tests.dll" adapterTypeName="executor://mstestadapter/v2" className="VideoOS.LogServer.Tests.WebService.LogWriterServiceTests" name="RegisterCategories_ShouldPassParametersToLogWriter" />
    </UnitTest>
    <UnitTest name="UpdateRetentionsAsync_ShouldUpdateExpirationDates_Twice" storage="d:\actions-runner\_work\xpco\xpco\logserver\server\videoos.logserver.tests\bin\debug\videoos.logserver.tests.dll" id="80720161-619f-46b7-b5e9-b9360c5333b5">
      <Execution id="9ecb5b95-adf1-4739-9437-b9c1f2db6666" />
      <TestMethod codeBase="D:\actions-runner\_work\XPCO\XPCO\LogServer\Server\VideoOS.LogServer.Tests\bin\Debug\VideoOS.LogServer.Tests.dll" adapterTypeName="executor://mstestadapter/v2" className="VideoOS.LogServer.Tests.Configuration.LogConfigurationHandlerTests" name="UpdateRetentionsAsync_ShouldUpdateExpirationDates_Twice" />
    </UnitTest>
    <UnitTest name="ReadLogStarted_ShouldWriteLogline" storage="d:\actions-runner\_work\xpco\xpco\logserver\server\videoos.logserver.tests\bin\debug\videoos.logserver.tests.dll" id="5d5dffd7-04ce-db57-4a78-6b61a3cdc6f9">
      <Execution id="b8c757cc-ae03-49da-86ec-cd68497d42f3" />
      <TestMethod codeBase="D:\actions-runner\_work\XPCO\XPCO\LogServer\Server\VideoOS.LogServer.Tests\bin\Debug\VideoOS.LogServer.Tests.dll" adapterTypeName="executor://mstestadapter/v2" className="VideoOS.LogServer.Tests.AuditLog.AuditLoggerTests" name="ReadLogStarted_ShouldWriteLogline" />
    </UnitTest>
    <UnitTest name="Constructors_ShouldNotAllowInjectionOfNulls" storage="d:\actions-runner\_work\xpco\xpco\logserver\server\videoos.logserver.tests\bin\debug\videoos.logserver.tests.dll" id="a1724ea1-1bb7-a267-4fdb-012e86858c5c">
      <Execution id="5f6f0451-b6b9-49a2-ad05-eecdf0c394de" />
      <TestMethod codeBase="D:\actions-runner\_work\XPCO\XPCO\LogServer\Server\VideoOS.LogServer.Tests\bin\Debug\VideoOS.LogServer.Tests.dll" adapterTypeName="executor://mstestadapter/v2" className="VideoOS.LogServer.Tests.DB.ColumnParsers.SystemLogColumnParserTests" name="Constructors_ShouldNotAllowInjectionOfNulls" />
    </UnitTest>
    <UnitTest name="LoadAsync_ShouldSetRuleLogRetentionToDefault_IfDatabaseCallFail" storage="d:\actions-runner\_work\xpco\xpco\logserver\server\videoos.logserver.tests\bin\debug\videoos.logserver.tests.dll" id="3db29240-7b7b-2518-544c-91b19e924265">
      <Execution id="5467822f-19fc-43bb-946b-5853aef35b4d" />
      <TestMethod codeBase="D:\actions-runner\_work\XPCO\XPCO\LogServer\Server\VideoOS.LogServer.Tests\bin\Debug\VideoOS.LogServer.Tests.dll" adapterTypeName="executor://mstestadapter/v2" className="VideoOS.LogServer.Tests.Configuration.LogConfigurationTests" name="LoadAsync_ShouldSetRuleLogRetentionToDefault_IfDatabaseCallFail" />
    </UnitTest>
    <UnitTest name="Method_ShouldCallValidateCredentials_WithAction" storage="d:\actions-runner\_work\xpco\xpco\logserver\server\videoos.logserver.tests\bin\debug\videoos.logserver.tests.dll" id="00c949e9-3282-e9a3-1397-e04412ea8166">
      <Execution id="68d75bdf-8a06-4c07-a206-ca297105572e" />
      <TestMethod codeBase="D:\actions-runner\_work\XPCO\XPCO\LogServer\Server\VideoOS.LogServer.Tests\bin\Debug\VideoOS.LogServer.Tests.dll" adapterTypeName="executor://mstestadapter/v2" className="VideoOS.LogServer.Tests.WebService.LogReaderServiceTests" name="Method_ShouldCallValidateCredentials_WithAction" />
    </UnitTest>
    <UnitTest name="RegisterLegacyLogMessagesAsync_ShouldPassLogMessagesToLogWriter (True)" storage="d:\actions-runner\_work\xpco\xpco\logserver\server\videoos.logserver.tests\bin\debug\videoos.logserver.tests.dll" id="de304ae7-741c-cdcb-a860-9ece0501a6a6">
      <Execution id="ae3ed4ea-0ba8-415c-8357-0528a72c3996" />
      <TestMethod codeBase="D:\actions-runner\_work\XPCO\XPCO\LogServer\Server\VideoOS.LogServer.Tests\bin\Debug\VideoOS.LogServer.Tests.dll" adapterTypeName="executor://mstestadapter/v2" className="VideoOS.LogServer.Tests.WebService.LogWriterServiceTests" name="RegisterLegacyLogMessagesAsync_ShouldPassLogMessagesToLogWriter" />
    </UnitTest>
    <UnitTest name="GetFilterValuesAsync_ShouldCallCorrectStoredProcedures" storage="d:\actions-runner\_work\xpco\xpco\logserver\server\videoos.logserver.tests\bin\debug\videoos.logserver.tests.dll" id="cbe84446-e59b-ce9f-f734-cd5097869c15">
      <Execution id="e8172e49-fe5b-4827-b793-719b7659bcf2" />
      <TestMethod codeBase="D:\actions-runner\_work\XPCO\XPCO\LogServer\Server\VideoOS.LogServer.Tests\bin\Debug\VideoOS.LogServer.Tests.dll" adapterTypeName="executor://mstestadapter/v2" className="VideoOS.LogServer.Tests.Readers.FilterValueReaderTests" name="GetFilterValuesAsync_ShouldCallCorrectStoredProcedures" />
    </UnitTest>
    <UnitTest name="Method_ShouldCallValidateCredentials" storage="d:\actions-runner\_work\xpco\xpco\logserver\server\videoos.logserver.tests\bin\debug\videoos.logserver.tests.dll" id="f37e5f5b-a609-fcf3-c453-9f411a15eaeb">
      <Execution id="35d0f1a1-d62b-4fb0-8057-69bd2191f6b1" />
      <TestMethod codeBase="D:\actions-runner\_work\XPCO\XPCO\LogServer\Server\VideoOS.LogServer.Tests\bin\Debug\VideoOS.LogServer.Tests.dll" adapterTypeName="executor://mstestadapter/v2" className="VideoOS.LogServer.Tests.WebService.LogWriterServiceTests" name="Method_ShouldCallValidateCredentials" />
    </UnitTest>
    <UnitTest name="ExecuteGuaranteedDeletionShouldRescheduleTimer_WhenSecondRemoveExpiredAsyncFails_WithCorrectPeriod" storage="d:\actions-runner\_work\xpco\xpco\logserver\server\videoos.logserver.tests\bin\debug\videoos.logserver.tests.dll" id="22e58096-f246-6686-73c3-5ccc37847f7a">
      <Execution id="41e7b9c1-feba-4021-b207-41f5f3b27215" />
      <TestMethod codeBase="D:\actions-runner\_work\XPCO\XPCO\LogServer\Server\VideoOS.LogServer.Tests\bin\Debug\VideoOS.LogServer.Tests.dll" adapterTypeName="executor://mstestadapter/v2" className="VideoOS.LogServer.Tests.Configuration.LogConfigurationHandlerTests" name="ExecuteGuaranteedDeletionShouldRescheduleTimer_WhenSecondRemoveExpiredAsyncFails_WithCorrectPeriod" />
    </UnitTest>
    <UnitTest name="RegisterCategoryAsync_ShouldCallRegisterCategoriesSP" storage="d:\actions-runner\_work\xpco\xpco\logserver\server\videoos.logserver.tests\bin\debug\videoos.logserver.tests.dll" id="d9cc0df3-0afc-2f4c-9784-3c9795fb77c7">
      <Execution id="0aeeae0b-10ec-4ad4-ac5c-5b59b306e46b" />
      <TestMethod codeBase="D:\actions-runner\_work\XPCO\XPCO\LogServer\Server\VideoOS.LogServer.Tests\bin\Debug\VideoOS.LogServer.Tests.dll" adapterTypeName="executor://mstestadapter/v2" className="VideoOS.LogServer.Tests.Writers.SqlServerLogWriterTests" name="RegisterCategoryAsync_ShouldCallRegisterCategoriesSP" />
    </UnitTest>
    <UnitTest name="ExtractLogMessageSourceTypes_ShouldExtract_WithCorrectLanguageCode" storage="d:\actions-runner\_work\xpco\xpco\logserver\server\videoos.logserver.tests\bin\debug\videoos.logserver.tests.dll" id="99eed9ea-8a82-587e-fd3f-287a3c8371d2">
      <Execution id="578fc34c-33f5-4ed5-a55b-8dffb57420ae" />
      <TestMethod codeBase="D:\actions-runner\_work\XPCO\XPCO\LogServer\Server\VideoOS.LogServer.Tests\bin\Debug\VideoOS.LogServer.Tests.dll" adapterTypeName="executor://mstestadapter/v2" className="VideoOS.LogServer.Tests.Extensions.LegacyMessageXmlExtensionsTests" name="ExtractLogMessageSourceTypes_ShouldExtract_WithCorrectLanguageCode" />
    </UnitTest>
    <UnitTest name="FetchRuleLoglinesAsync_ShouldThrowFaultException_WhenSqlQueriesTimeout" storage="d:\actions-runner\_work\xpco\xpco\logserver\server\videoos.logserver.tests\bin\debug\videoos.logserver.tests.dll" id="37590392-479e-4f5b-0bf5-d812c9ae600f">
      <Execution id="e15d511f-8b6b-4902-b1c1-064ebc95f952" />
      <TestMethod codeBase="D:\actions-runner\_work\XPCO\XPCO\LogServer\Server\VideoOS.LogServer.Tests\bin\Debug\VideoOS.LogServer.Tests.dll" adapterTypeName="executor://mstestadapter/v2" className="VideoOS.LogServer.Tests.WebService.LogReaderServiceTests" name="FetchRuleLoglinesAsync_ShouldThrowFaultException_WhenSqlQueriesTimeout" />
    </UnitTest>
    <UnitTest name="StartShouldUsePeriodValueFromConfig_WhenStartingGuaranteedDeletionTimer (-1,7)" storage="d:\actions-runner\_work\xpco\xpco\logserver\server\videoos.logserver.tests\bin\debug\videoos.logserver.tests.dll" id="33f0f1bd-017b-4deb-1129-02ec0474525f">
      <Execution id="53550439-a037-41cd-af02-8c0f645a8efd" />
      <TestMethod codeBase="D:\actions-runner\_work\XPCO\XPCO\LogServer\Server\VideoOS.LogServer.Tests\bin\Debug\VideoOS.LogServer.Tests.dll" adapterTypeName="executor://mstestadapter/v2" className="VideoOS.LogServer.Tests.Configuration.LogConfigurationHandlerTests" name="StartShouldUsePeriodValueFromConfig_WhenStartingGuaranteedDeletionTimer" />
    </UnitTest>
    <UnitTest name="Start_ShouldTriggerGuaranteedDeletionImmediately_WhenLogConfigurationLastGuaranteedDeletion_IsDefault" storage="d:\actions-runner\_work\xpco\xpco\logserver\server\videoos.logserver.tests\bin\debug\videoos.logserver.tests.dll" id="87fca37b-f6ce-3528-cec2-ea48ccea60fb">
      <Execution id="55a0a523-e328-44d5-962f-5225bc3c4122" />
      <TestMethod codeBase="D:\actions-runner\_work\XPCO\XPCO\LogServer\Server\VideoOS.LogServer.Tests\bin\Debug\VideoOS.LogServer.Tests.dll" adapterTypeName="executor://mstestadapter/v2" className="VideoOS.LogServer.Tests.Configuration.LogConfigurationHandlerTests" name="Start_ShouldTriggerGuaranteedDeletionImmediately_WhenLogConfigurationLastGuaranteedDeletion_IsDefault" />
    </UnitTest>
    <UnitTest name="Stop_ShouldLogErrorsAndHandleTimeoutExceptions_IfErrorHappensWhileClosingAllServiceCommunications" storage="d:\actions-runner\_work\xpco\xpco\logserver\server\videoos.logserver.tests\bin\debug\videoos.logserver.tests.dll" id="fe86095b-1383-1998-6dba-cd3929e0d39e">
      <Execution id="2e18dc83-35c6-4e1f-a4c4-455ff54c4429" />
      <TestMethod codeBase="D:\actions-runner\_work\XPCO\XPCO\LogServer\Server\VideoOS.LogServer.Tests\bin\Debug\VideoOS.LogServer.Tests.dll" adapterTypeName="executor://mstestadapter/v2" className="VideoOS.LogServer.Tests.ServiceTests" name="Stop_ShouldLogErrorsAndHandleTimeoutExceptions_IfErrorHappensWhileClosingAllServiceCommunications" />
    </UnitTest>
    <UnitTest name="Stop_ShouldLogErrorsAndHandleCommunicationExceptions_IfErrorHappensWhileClosingAllServiceCommunications" storage="d:\actions-runner\_work\xpco\xpco\logserver\server\videoos.logserver.tests\bin\debug\videoos.logserver.tests.dll" id="7d82980f-9419-1c88-bc1e-848905fe6f9e">
      <Execution id="de46d57f-017a-4bb2-b9ff-ea2cdd29a866" />
      <TestMethod codeBase="D:\actions-runner\_work\XPCO\XPCO\LogServer\Server\VideoOS.LogServer.Tests\bin\Debug\VideoOS.LogServer.Tests.dll" adapterTypeName="executor://mstestadapter/v2" className="VideoOS.LogServer.Tests.ServiceTests" name="Stop_ShouldLogErrorsAndHandleCommunicationExceptions_IfErrorHappensWhileClosingAllServiceCommunications" />
    </UnitTest>
    <UnitTest name="FetchLoglinesAsync_ShouldThrowInvalidLogTypeException_IfCalledWithSystemLoglineParameter" storage="d:\actions-runner\_work\xpco\xpco\logserver\server\videoos.logserver.tests\bin\debug\videoos.logserver.tests.dll" id="9df0aa7c-aee5-5d5c-d02e-0d611a59a855">
      <Execution id="8d93917e-4342-47e2-b04b-724ed5f7d39f" />
      <TestMethod codeBase="D:\actions-runner\_work\XPCO\XPCO\LogServer\Server\VideoOS.LogServer.Tests\bin\Debug\VideoOS.LogServer.Tests.dll" adapterTypeName="executor://mstestadapter/v2" className="VideoOS.LogServer.Tests.Readers.AuditLogReaderTests" name="FetchLoglinesAsync_ShouldThrowInvalidLogTypeException_IfCalledWithSystemLoglineParameter" />
    </UnitTest>
    <UnitTest name="Property_ShouldThrowMissingOemResourceException_WhenResourceIsNotAString" storage="d:\actions-runner\_work\xpco\xpco\logserver\server\videoos.logserver.tests\bin\debug\videoos.logserver.tests.dll" id="56227e59-e610-2fbb-fcac-afd2e7ca1254">
      <Execution id="7d35e1d0-a3ad-4c34-afa0-388ee1a40683" />
      <TestMethod codeBase="D:\actions-runner\_work\XPCO\XPCO\LogServer\Server\VideoOS.LogServer.Tests\bin\Debug\VideoOS.LogServer.Tests.dll" adapterTypeName="executor://mstestadapter/v2" className="VideoOS.LogServer.Tests.Resources.OemResourcesTests" name="Property_ShouldThrowMissingOemResourceException_WhenResourceIsNotAString" />
    </UnitTest>
    <UnitTest name="Start_ShouldFallbackToOneHourCheckPeriod_IfLogDeletionCheckPeriodSettingIsNotAvailable" storage="d:\actions-runner\_work\xpco\xpco\logserver\server\videoos.logserver.tests\bin\debug\videoos.logserver.tests.dll" id="ebd8a66e-f49a-baa9-37a7-b6af92c9ad1b">
      <Execution id="8db48f4f-b3f2-4702-b6eb-67dfd800c40b" />
      <TestMethod codeBase="D:\actions-runner\_work\XPCO\XPCO\LogServer\Server\VideoOS.LogServer.Tests\bin\Debug\VideoOS.LogServer.Tests.dll" adapterTypeName="executor://mstestadapter/v2" className="VideoOS.LogServer.Tests.Configuration.LogConfigurationHandlerTests" name="Start_ShouldFallbackToOneHourCheckPeriod_IfLogDeletionCheckPeriodSettingIsNotAvailable" />
    </UnitTest>
    <UnitTest name="ToLogMessages_ShouldTransformEntriesToLogMessages_WithCorrectId" storage="d:\actions-runner\_work\xpco\xpco\logserver\server\videoos.logserver.tests\bin\debug\videoos.logserver.tests.dll" id="108dcd5c-98ce-f87a-50aa-f132528938a1">
      <Execution id="e035daae-5aaa-4b95-b2f0-e3272fec6f6c" />
      <TestMethod codeBase="D:\actions-runner\_work\XPCO\XPCO\LogServer\Server\VideoOS.LogServer.Tests\bin\Debug\VideoOS.LogServer.Tests.dll" adapterTypeName="executor://mstestadapter/v2" className="VideoOS.LogServer.Tests.Extensions.LegacyMessageXmlExtensionsTests" name="ToLogMessages_ShouldTransformEntriesToLogMessages_WithCorrectId" />
    </UnitTest>
    <UnitTest name="GetLogRetentionsTokenAsync_ShouldValidateUser_WithAction" storage="d:\actions-runner\_work\xpco\xpco\logserver\server\videoos.logserver.tests\bin\debug\videoos.logserver.tests.dll" id="cf441dff-2cc3-5209-8459-b5882be4aab7">
      <Execution id="9aebe790-3c09-44a0-a76e-7907fd01b992" />
      <TestMethod codeBase="D:\actions-runner\_work\XPCO\XPCO\LogServer\Server\VideoOS.LogServer.Tests\bin\Debug\VideoOS.LogServer.Tests.dll" adapterTypeName="executor://mstestadapter/v2" className="VideoOS.LogServer.Tests.WebService.LogRetentionServiceTests" name="GetLogRetentionsTokenAsync_ShouldValidateUser_WithAction" />
    </UnitTest>
    <UnitTest name="EndQuerySessionAsync_ShouldNotDoAnything_WhenQuerySessionIsUnknown" storage="d:\actions-runner\_work\xpco\xpco\logserver\server\videoos.logserver.tests\bin\debug\videoos.logserver.tests.dll" id="f765b43e-1a0c-c1c2-d68f-3b5463d41105">
      <Execution id="09f49579-ede0-4daa-81c5-2d45caed8759" />
      <TestMethod codeBase="D:\actions-runner\_work\XPCO\XPCO\LogServer\Server\VideoOS.LogServer.Tests\bin\Debug\VideoOS.LogServer.Tests.dll" adapterTypeName="executor://mstestadapter/v2" className="VideoOS.LogServer.Tests.Readers.QuerySessionLogReaderTests" name="EndQuerySessionAsync_ShouldNotDoAnything_WhenQuerySessionIsUnknown" />
    </UnitTest>
    <UnitTest name="Start_ShouldPerformCheckForExpiredLogs_WithAppSettingsSpecifiedPeriod" storage="d:\actions-runner\_work\xpco\xpco\logserver\server\videoos.logserver.tests\bin\debug\videoos.logserver.tests.dll" id="d622b72b-ae76-b477-c7df-e2dbe34cdc3a">
      <Execution id="9d3027f5-cd62-49df-b15f-e5d1a2e83b37" />
      <TestMethod codeBase="D:\actions-runner\_work\XPCO\XPCO\LogServer\Server\VideoOS.LogServer.Tests\bin\Debug\VideoOS.LogServer.Tests.dll" adapterTypeName="executor://mstestadapter/v2" className="VideoOS.LogServer.Tests.Configuration.LogConfigurationHandlerTests" name="Start_ShouldPerformCheckForExpiredLogs_WithAppSettingsSpecifiedPeriod" />
    </UnitTest>
    <UnitTest name="WriteLegacyLoglineAsync_ShouldIncreaseUptimeLogCountCounter" storage="d:\actions-runner\_work\xpco\xpco\logserver\server\videoos.logserver.tests\bin\debug\videoos.logserver.tests.dll" id="2347406b-1f21-d4b0-29e0-f164709c1d55">
      <Execution id="f1f4f3ed-0ec8-46e1-b766-224ec99dda30" />
      <TestMethod codeBase="D:\actions-runner\_work\XPCO\XPCO\LogServer\Server\VideoOS.LogServer.Tests\bin\Debug\VideoOS.LogServer.Tests.dll" adapterTypeName="executor://mstestadapter/v2" className="VideoOS.LogServer.Tests.Writers.SqlServerLogWriterTests" name="WriteLegacyLoglineAsync_ShouldIncreaseUptimeLogCountCounter" />
    </UnitTest>
    <UnitTest name="UpdateLogRetentionsTokenAsync_ShouldPassParametersToLogRetentionHandler" storage="d:\actions-runner\_work\xpco\xpco\logserver\server\videoos.logserver.tests\bin\debug\videoos.logserver.tests.dll" id="f9377692-5a31-5e3e-733e-9be489c69418">
      <Execution id="eda9b6e2-ff18-4c8e-9efc-46782d0f2bf7" />
      <TestMethod codeBase="D:\actions-runner\_work\XPCO\XPCO\LogServer\Server\VideoOS.LogServer.Tests\bin\Debug\VideoOS.LogServer.Tests.dll" adapterTypeName="executor://mstestadapter/v2" className="VideoOS.LogServer.Tests.WebService.LogRetentionServiceTests" name="UpdateLogRetentionsTokenAsync_ShouldPassParametersToLogRetentionHandler" />
    </UnitTest>
    <UnitTest name="FetchLoglinesAsync_ShouldRemoveItemFromCache_WhenAllQueryDataHasBeenRead" storage="d:\actions-runner\_work\xpco\xpco\logserver\server\videoos.logserver.tests\bin\debug\videoos.logserver.tests.dll" id="6a99bca0-c2eb-0657-a66f-bc7316c77725">
      <Execution id="09f76998-16a2-4dc5-96ff-563b8ab89c82" />
      <TestMethod codeBase="D:\actions-runner\_work\XPCO\XPCO\LogServer\Server\VideoOS.LogServer.Tests\bin\Debug\VideoOS.LogServer.Tests.dll" adapterTypeName="executor://mstestadapter/v2" className="VideoOS.LogServer.Tests.Readers.QuerySessionLogReaderTests" name="FetchLoglinesAsync_ShouldRemoveItemFromCache_WhenAllQueryDataHasBeenRead" />
    </UnitTest>
    <UnitTest name="GetFilterValuesAsync_ShouldUseTimeoutFromTimeoutConfiguration" storage="d:\actions-runner\_work\xpco\xpco\logserver\server\videoos.logserver.tests\bin\debug\videoos.logserver.tests.dll" id="0d8c9d17-016f-a417-c529-9b9385c3f369">
      <Execution id="5eebe28b-41e0-4ae7-a695-627ca5bf21af" />
      <TestMethod codeBase="D:\actions-runner\_work\XPCO\XPCO\LogServer\Server\VideoOS.LogServer.Tests\bin\Debug\VideoOS.LogServer.Tests.dll" adapterTypeName="executor://mstestadapter/v2" className="VideoOS.LogServer.Tests.Readers.FilterValueReaderTests" name="GetFilterValuesAsync_ShouldUseTimeoutFromTimeoutConfiguration" />
    </UnitTest>
    <UnitTest name="CreateDefaultLogger_ShouldLogToEventLog_WhenLogMangerThrowsException" storage="d:\actions-runner\_work\xpco\xpco\logserver\server\videoos.logserver.tests\bin\debug\videoos.logserver.tests.dll" id="0b5cc70f-749a-b034-c5da-8bb157930f2b">
      <Execution id="e9226989-e7db-49c5-b9ac-8766124b16df" />
      <TestMethod codeBase="D:\actions-runner\_work\XPCO\XPCO\LogServer\Server\VideoOS.LogServer.Tests\bin\Debug\VideoOS.LogServer.Tests.dll" adapterTypeName="executor://mstestadapter/v2" className="VideoOS.LogServer.Tests.Logging.LogFactoryTests" name="CreateDefaultLogger_ShouldLogToEventLog_WhenLogMangerThrowsException" />
    </UnitTest>
    <UnitTest name="ExecuteWithParameters_ShouldExecuteProcedureWithGivenParameters" storage="d:\actions-runner\_work\xpco\xpco\logserver\server\videoos.logserver.tests\bin\debug\videoos.logserver.tests.dll" id="5d6f1e7d-1135-423f-a794-21a2d3d974f9">
      <Execution id="6928f2f2-1cea-4eb5-abbb-e9a125183025" />
      <TestMethod codeBase="D:\actions-runner\_work\XPCO\XPCO\LogServer\Server\VideoOS.LogServer.Tests\bin\Debug\VideoOS.LogServer.Tests.dll" adapterTypeName="executor://mstestadapter/v2" className="VideoOS.LogServer.Tests.DB.StoredProcedureCommandHandlerTests" name="ExecuteWithParameters_ShouldExecuteProcedureWithGivenParameters" />
    </UnitTest>
    <UnitTest name="RegisterLogMessagesAsync_ShouldCallRegisterMessagesSP" storage="d:\actions-runner\_work\xpco\xpco\logserver\server\videoos.logserver.tests\bin\debug\videoos.logserver.tests.dll" id="cb82c75a-3db4-85f2-ca1b-1e464e003f7d">
      <Execution id="1efec1a9-f6fd-453b-abd0-8660f87a149d" />
      <TestMethod codeBase="D:\actions-runner\_work\XPCO\XPCO\LogServer\Server\VideoOS.LogServer.Tests\bin\Debug\VideoOS.LogServer.Tests.dll" adapterTypeName="executor://mstestadapter/v2" className="VideoOS.LogServer.Tests.Writers.SqlServerLogWriterTests" name="RegisterLogMessagesAsync_ShouldCallRegisterMessagesSP" />
    </UnitTest>
    <UnitTest name="UpdateRetentionsAsync_ShouldNotChangeSystemLogRetention_WhenUpdateFails" storage="d:\actions-runner\_work\xpco\xpco\logserver\server\videoos.logserver.tests\bin\debug\videoos.logserver.tests.dll" id="ef4209df-d36b-9f3f-baf5-b24e22c78dd6">
      <Execution id="cdaa28c7-a16d-49f3-b2c9-d55bb4993100" />
      <TestMethod codeBase="D:\actions-runner\_work\XPCO\XPCO\LogServer\Server\VideoOS.LogServer.Tests\bin\Debug\VideoOS.LogServer.Tests.dll" adapterTypeName="executor://mstestadapter/v2" className="VideoOS.LogServer.Tests.Configuration.LogConfigurationTests" name="UpdateRetentionsAsync_ShouldNotChangeSystemLogRetention_WhenUpdateFails" />
    </UnitTest>
    <UnitTest name="QueryInstanceCount_ShouldThrowDatabaseException_IfQueryExecutionFails" storage="d:\actions-runner\_work\xpco\xpco\logserver\server\videoos.logserver.tests\bin\debug\videoos.logserver.tests.dll" id="dae8775c-1981-9cd5-13c3-ed6cd104261a">
      <Execution id="35a5c30f-9587-4b6f-ab85-e0bf3b8ccbae" />
      <TestMethod codeBase="D:\actions-runner\_work\XPCO\XPCO\LogServer\Server\VideoOS.LogServer.Tests\bin\Debug\VideoOS.LogServer.Tests.dll" adapterTypeName="executor://mstestadapter/v2" className="VideoOS.LogServer.Tests.DB.StoredProcedureQueryHandlerTests" name="QueryInstanceCount_ShouldThrowDatabaseException_IfQueryExecutionFails" />
    </UnitTest>
    <UnitTest name="Constructor_ShouldAddEventHandlerToModifyLogPath_OnlyWhenKeyIsFileAndLogTypeIsFilenameOrArchive (X,Filename,value,~/test/,value)" storage="d:\actions-runner\_work\xpco\xpco\logserver\server\videoos.logserver.tests\bin\debug\videoos.logserver.tests.dll" id="02bc80bd-3783-5926-af95-29f845f91552">
      <Execution id="44b60b30-2eb8-4b94-b17f-67043771ce01" />
      <TestMethod codeBase="D:\actions-runner\_work\XPCO\XPCO\LogServer\Server\VideoOS.LogServer.Tests\bin\Debug\VideoOS.LogServer.Tests.dll" adapterTypeName="executor://mstestadapter/v2" className="VideoOS.LogServer.Tests.Logging.LogFactoryTests" name="Constructor_ShouldAddEventHandlerToModifyLogPath_OnlyWhenKeyIsFileAndLogTypeIsFilenameOrArchive" />
    </UnitTest>
    <UnitTest name="Dispose_ShouldCallPerformanceCounterDispose" storage="d:\actions-runner\_work\xpco\xpco\logserver\server\videoos.logserver.tests\bin\debug\videoos.logserver.tests.dll" id="0e0350ed-eb6e-22cb-e94e-3cfe45921651">
      <Execution id="dc6343c0-aec5-4f24-97dd-a7627e669d0a" />
      <TestMethod codeBase="D:\actions-runner\_work\XPCO\XPCO\LogServer\Server\VideoOS.LogServer.Tests\bin\Debug\VideoOS.LogServer.Tests.dll" adapterTypeName="executor://mstestadapter/v2" className="VideoOS.LogServer.Tests.PerformanceCounters.PerformanceCounterWrapperTests" name="Dispose_ShouldCallPerformanceCounterDispose" />
    </UnitTest>
    <UnitTest name="FetchSystemLoglinesAsync_ShouldThrowFaultException_WhenSqlQueriesTimeout" storage="d:\actions-runner\_work\xpco\xpco\logserver\server\videoos.logserver.tests\bin\debug\videoos.logserver.tests.dll" id="b7f2eec2-b919-f581-118e-ba5b29993614">
      <Execution id="7b396d5f-fcb5-4c0e-94c3-4c06b38c1a15" />
      <TestMethod codeBase="D:\actions-runner\_work\XPCO\XPCO\LogServer\Server\VideoOS.LogServer.Tests\bin\Debug\VideoOS.LogServer.Tests.dll" adapterTypeName="executor://mstestadapter/v2" className="VideoOS.LogServer.Tests.WebService.LogReaderServiceTests" name="FetchSystemLoglinesAsync_ShouldThrowFaultException_WhenSqlQueriesTimeout" />
    </UnitTest>
    <UnitTest name="ExecuteGuaranteedDeletion_ShouldCallRemoveExpiredTwice_WhenConfigurationsAreCorrect" storage="d:\actions-runner\_work\xpco\xpco\logserver\server\videoos.logserver.tests\bin\debug\videoos.logserver.tests.dll" id="b458b4ef-295e-cc97-1665-694d3d255142">
      <Execution id="0f31af8f-9467-4ff2-bfa4-293f80e210b1" />
      <TestMethod codeBase="D:\actions-runner\_work\XPCO\XPCO\LogServer\Server\VideoOS.LogServer.Tests\bin\Debug\VideoOS.LogServer.Tests.dll" adapterTypeName="executor://mstestadapter/v2" className="VideoOS.LogServer.Tests.Configuration.LogConfigurationHandlerTests" name="ExecuteGuaranteedDeletion_ShouldCallRemoveExpiredTwice_WhenConfigurationsAreCorrect" />
    </UnitTest>
    <UnitTest name="Dispose_ShouldBeCalledForEachCounter" storage="d:\actions-runner\_work\xpco\xpco\logserver\server\videoos.logserver.tests\bin\debug\videoos.logserver.tests.dll" id="000d7efd-fe4d-9380-87e2-a7d9311ce1c3">
      <Execution id="70433b01-2f1e-4eb2-bb7d-13ce06d2746c" />
      <TestMethod codeBase="D:\actions-runner\_work\XPCO\XPCO\LogServer\Server\VideoOS.LogServer.Tests\bin\Debug\VideoOS.LogServer.Tests.dll" adapterTypeName="executor://mstestadapter/v2" className="VideoOS.LogServer.Tests.PerformanceCounters.PerformanceCountersHandlerTests" name="Dispose_ShouldBeCalledForEachCounter" />
    </UnitTest>
    <UnitTest name="RegisterLegacyLogMessagesAsync_ShouldPassLogMessagesToLogWriter (False)" storage="d:\actions-runner\_work\xpco\xpco\logserver\server\videoos.logserver.tests\bin\debug\videoos.logserver.tests.dll" id="6c32ca26-271c-23dd-a27c-d4a2a3825194">
      <Execution id="d398caad-4e14-466e-87da-3d904256b169" />
      <TestMethod codeBase="D:\actions-runner\_work\XPCO\XPCO\LogServer\Server\VideoOS.LogServer.Tests\bin\Debug\VideoOS.LogServer.Tests.dll" adapterTypeName="executor://mstestadapter/v2" className="VideoOS.LogServer.Tests.WebService.LogWriterServiceTests" name="RegisterLegacyLogMessagesAsync_ShouldPassLogMessagesToLogWriter" />
    </UnitTest>
    <UnitTest name="Constructor_ShouldAddEventHandlerToModifyLogPath_OnlyWhenKeyIsFileAndLogTypeIsFilenameOrArchive (File,Filename,,~/test/,C:\ProgramData\MyCompany\MyProduct\test\)" storage="d:\actions-runner\_work\xpco\xpco\logserver\server\videoos.logserver.tests\bin\debug\videoos.logserver.tests.dll" id="8ceac98d-25bb-5d13-8fc3-0784f2217baf">
      <Execution id="68c458eb-9c64-4ea7-997d-a5afa790f030" />
      <TestMethod codeBase="D:\actions-runner\_work\XPCO\XPCO\LogServer\Server\VideoOS.LogServer.Tests\bin\Debug\VideoOS.LogServer.Tests.dll" adapterTypeName="executor://mstestadapter/v2" className="VideoOS.LogServer.Tests.Logging.LogFactoryTests" name="Constructor_ShouldAddEventHandlerToModifyLogPath_OnlyWhenKeyIsFileAndLogTypeIsFilenameOrArchive" />
    </UnitTest>
    <UnitTest name="FetchLoglinesAsync_ShouldIncreasePerformanceCounter" storage="d:\actions-runner\_work\xpco\xpco\logserver\server\videoos.logserver.tests\bin\debug\videoos.logserver.tests.dll" id="d5a29a2a-1299-b2e0-d86d-f058067dd199">
      <Execution id="1463ae24-954c-4a17-85b7-93c3919b642a" />
      <TestMethod codeBase="D:\actions-runner\_work\XPCO\XPCO\LogServer\Server\VideoOS.LogServer.Tests\bin\Debug\VideoOS.LogServer.Tests.dll" adapterTypeName="executor://mstestadapter/v2" className="VideoOS.LogServer.Tests.Readers.SystemLogReaderTests" name="FetchLoglinesAsync_ShouldIncreasePerformanceCounter" />
    </UnitTest>
    <UnitTest name="Property_ShouldThrowMissingOemResourceException_WhenResourceDoesNotExist" storage="d:\actions-runner\_work\xpco\xpco\logserver\server\videoos.logserver.tests\bin\debug\videoos.logserver.tests.dll" id="fa67d7c5-5148-0d9e-b865-b4a92d28e8a2">
      <Execution id="d51ae8dd-f06f-408f-89be-3641f06087cb" />
      <TestMethod codeBase="D:\actions-runner\_work\XPCO\XPCO\LogServer\Server\VideoOS.LogServer.Tests\bin\Debug\VideoOS.LogServer.Tests.dll" adapterTypeName="executor://mstestadapter/v2" className="VideoOS.LogServer.Tests.Resources.OemResourcesTests" name="Property_ShouldThrowMissingOemResourceException_WhenResourceDoesNotExist" />
    </UnitTest>
    <UnitTest name="Dispose_ShouldFlushAndCloseLogger" storage="d:\actions-runner\_work\xpco\xpco\logserver\server\videoos.logserver.tests\bin\debug\videoos.logserver.tests.dll" id="a7c59d28-f7b4-04db-916c-04fdcd3621d0">
      <Execution id="cc44506a-8938-4c4e-aba0-e35a03fa7b51" />
      <TestMethod codeBase="D:\actions-runner\_work\XPCO\XPCO\LogServer\Server\VideoOS.LogServer.Tests\bin\Debug\VideoOS.LogServer.Tests.dll" adapterTypeName="executor://mstestadapter/v2" className="VideoOS.LogServer.Tests.Logging.LogFactoryTests" name="Dispose_ShouldFlushAndCloseLogger" />
    </UnitTest>
    <UnitTest name="FetchLoglinesAsync_ShouldThrowInvalidLogTypeException_IfCalledWithSystemLoglineParameter" storage="d:\actions-runner\_work\xpco\xpco\logserver\server\videoos.logserver.tests\bin\debug\videoos.logserver.tests.dll" id="0351c8a2-b22f-dd03-eb84-36ecc3688bf1">
      <Execution id="5a4791f8-80d5-4ff7-9c8b-99340428adbb" />
      <TestMethod codeBase="D:\actions-runner\_work\XPCO\XPCO\LogServer\Server\VideoOS.LogServer.Tests\bin\Debug\VideoOS.LogServer.Tests.dll" adapterTypeName="executor://mstestadapter/v2" className="VideoOS.LogServer.Tests.Readers.RuleLogReaderTests" name="FetchLoglinesAsync_ShouldThrowInvalidLogTypeException_IfCalledWithSystemLoglineParameter" />
    </UnitTest>
    <UnitTest name="UpdateLastGuaranteedDeletionAsync_ShouldChangeExistingLastGuaranteedDeletion_WhenDifferentFromExisting" storage="d:\actions-runner\_work\xpco\xpco\logserver\server\videoos.logserver.tests\bin\debug\videoos.logserver.tests.dll" id="8b335792-52d1-7c1c-8357-b3c880b2af3f">
      <Execution id="604a37f9-8456-49f0-8efc-c732753991c4" />
      <TestMethod codeBase="D:\actions-runner\_work\XPCO\XPCO\LogServer\Server\VideoOS.LogServer.Tests\bin\Debug\VideoOS.LogServer.Tests.dll" adapterTypeName="executor://mstestadapter/v2" className="VideoOS.LogServer.Tests.Configuration.LogConfigurationTests" name="UpdateLastGuaranteedDeletionAsync_ShouldChangeExistingLastGuaranteedDeletion_WhenDifferentFromExisting" />
    </UnitTest>
    <UnitTest name="Get_ShouldReturnNull_IfIdIsUnknown" storage="d:\actions-runner\_work\xpco\xpco\logserver\server\videoos.logserver.tests\bin\debug\videoos.logserver.tests.dll" id="88fcd86f-0e3d-db6a-d7f9-489c25ca28c7">
      <Execution id="49b0b7ec-125e-4055-a1d4-65733acba3ec" />
      <TestMethod codeBase="D:\actions-runner\_work\XPCO\XPCO\LogServer\Server\VideoOS.LogServer.Tests\bin\Debug\VideoOS.LogServer.Tests.dll" adapterTypeName="executor://mstestadapter/v2" className="VideoOS.LogServer.Tests.Cache.MemoryCacheWrapperTests" name="Get_ShouldReturnNull_IfIdIsUnknown" />
    </UnitTest>
    <UnitTest name="StartQuerySessionAsync_ShouldNotModify_WhatILogReaderProvides (False)" storage="d:\actions-runner\_work\xpco\xpco\logserver\server\videoos.logserver.tests\bin\debug\videoos.logserver.tests.dll" id="1d285f27-5632-9018-bf50-97df4afa185d">
      <Execution id="363fc8fe-67a1-4e51-ae57-c3a40e017e95" />
      <TestMethod codeBase="D:\actions-runner\_work\XPCO\XPCO\LogServer\Server\VideoOS.LogServer.Tests\bin\Debug\VideoOS.LogServer.Tests.dll" adapterTypeName="executor://mstestadapter/v2" className="VideoOS.LogServer.Tests.WebService.LogReaderServiceTests" name="StartQuerySessionAsync_ShouldNotModify_WhatILogReaderProvides" />
    </UnitTest>
    <UnitTest name="Constructors_ShouldNotAllowInjectionOfNulls" storage="d:\actions-runner\_work\xpco\xpco\logserver\server\videoos.logserver.tests\bin\debug\videoos.logserver.tests.dll" id="dc897bff-bb2f-6be5-4f79-9be874adc658">
      <Execution id="08c9f13b-7525-41a7-a9e1-feac53777e0e" />
      <TestMethod codeBase="D:\actions-runner\_work\XPCO\XPCO\LogServer\Server\VideoOS.LogServer.Tests\bin\Debug\VideoOS.LogServer.Tests.dll" adapterTypeName="executor://mstestadapter/v2" className="VideoOS.LogServer.Tests.Readers.FilterValueReaderTests" name="Constructors_ShouldNotAllowInjectionOfNulls" />
    </UnitTest>
    <UnitTest name="StopService_ShouldSetStatusTextToStopped_OnceServiceIsStopped" storage="d:\actions-runner\_work\xpco\xpco\logserver\server\videoos.logserver.tests\bin\debug\videoos.logserver.tests.dll" id="f9a60e15-31b1-2c2e-503f-7b6ac4a26afb">
      <Execution id="359bc947-645e-4c5e-a607-5a0535a04fa3" />
      <TestMethod codeBase="D:\actions-runner\_work\XPCO\XPCO\LogServer\Server\VideoOS.LogServer.Tests\bin\Debug\VideoOS.LogServer.Tests.dll" adapterTypeName="executor://mstestadapter/v2" className="VideoOS.LogServer.Tests.UI.ServiceWindowViewModelTests" name="StopService_ShouldSetStatusTextToStopped_OnceServiceIsStopped" />
    </UnitTest>
    <UnitTest name="ExtractAsync_ShouldSplitLoglines" storage="d:\actions-runner\_work\xpco\xpco\logserver\server\videoos.logserver.tests\bin\debug\videoos.logserver.tests.dll" id="1bb758f0-9b2b-d230-33bf-65cd26e8c59b">
      <Execution id="ebd9037b-1944-4094-afa5-89e0fa2d868b" />
      <TestMethod codeBase="D:\actions-runner\_work\XPCO\XPCO\LogServer\Server\VideoOS.LogServer.Tests\bin\Debug\VideoOS.LogServer.Tests.dll" adapterTypeName="executor://mstestadapter/v2" className="VideoOS.LogServer.Tests.DB.ColumnParsers.RuleLogColumnParserTests" name="ExtractAsync_ShouldSplitLoglines" />
    </UnitTest>
    <UnitTest name="Constructor_ShouldAddEventHandlerToModifyLogPath_OnlyWhenKeyIsFileAndLogTypeIsFilenameOrArchive (File,Archive,,~/test/,C:\ProgramData\MyCompany\MyProduct\test\)" storage="d:\actions-runner\_work\xpco\xpco\logserver\server\videoos.logserver.tests\bin\debug\videoos.logserver.tests.dll" id="e0450b35-a530-0b19-160d-abbdc4fe2859">
      <Execution id="3f476136-5914-4f0a-8f42-56c7f7267e86" />
      <TestMethod codeBase="D:\actions-runner\_work\XPCO\XPCO\LogServer\Server\VideoOS.LogServer.Tests\bin\Debug\VideoOS.LogServer.Tests.dll" adapterTypeName="executor://mstestadapter/v2" className="VideoOS.LogServer.Tests.Logging.LogFactoryTests" name="Constructor_ShouldAddEventHandlerToModifyLogPath_OnlyWhenKeyIsFileAndLogTypeIsFilenameOrArchive" />
    </UnitTest>
    <UnitTest name="QueryWithParameters_ShouldExecuteProcedureWithGivenName" storage="d:\actions-runner\_work\xpco\xpco\logserver\server\videoos.logserver.tests\bin\debug\videoos.logserver.tests.dll" id="ffd661dd-2186-86c0-0b38-244ae7c977ae">
      <Execution id="3bf69ea7-6142-4dda-a10a-dcd9a1b91387" />
      <TestMethod codeBase="D:\actions-runner\_work\XPCO\XPCO\LogServer\Server\VideoOS.LogServer.Tests\bin\Debug\VideoOS.LogServer.Tests.dll" adapterTypeName="executor://mstestadapter/v2" className="VideoOS.LogServer.Tests.DB.StoredProcedureQueryHandlerTests" name="QueryWithParameters_ShouldExecuteProcedureWithGivenName" />
    </UnitTest>
    <UnitTest name="GetFilterValuesAsync_ShouldPassParameters" storage="d:\actions-runner\_work\xpco\xpco\logserver\server\videoos.logserver.tests\bin\debug\videoos.logserver.tests.dll" id="56400346-c5a4-1881-ce9b-b5d081332051">
      <Execution id="6531aae2-ddfa-46e8-a462-36e00aea9a67" />
      <TestMethod codeBase="D:\actions-runner\_work\XPCO\XPCO\LogServer\Server\VideoOS.LogServer.Tests\bin\Debug\VideoOS.LogServer.Tests.dll" adapterTypeName="executor://mstestadapter/v2" className="VideoOS.LogServer.Tests.Readers.FilterValueReaderTests" name="GetFilterValuesAsync_ShouldPassParameters" />
    </UnitTest>
    <UnitTest name="CreateLogReader_ShouldThrowInvalidLogTypeException_WhenUnknownLogTypeIsProvided" storage="d:\actions-runner\_work\xpco\xpco\logserver\server\videoos.logserver.tests\bin\debug\videoos.logserver.tests.dll" id="e59a91f4-e261-7412-d22f-9e023a35acfb">
      <Execution id="17712468-6f0a-4cf4-a31c-14d1b0093149" />
      <TestMethod codeBase="D:\actions-runner\_work\XPCO\XPCO\LogServer\Server\VideoOS.LogServer.Tests\bin\Debug\VideoOS.LogServer.Tests.dll" adapterTypeName="executor://mstestadapter/v2" className="VideoOS.LogServer.Tests.Storage.SqlServerFactoryTests" name="CreateLogReader_ShouldThrowInvalidLogTypeException_WhenUnknownLogTypeIsProvided" />
    </UnitTest>
    <UnitTest name="Method_ShouldCallValidateToken_WithAction_WithCorrectToken" storage="d:\actions-runner\_work\xpco\xpco\logserver\server\videoos.logserver.tests\bin\debug\videoos.logserver.tests.dll" id="8d6f159a-d3b6-803f-2d76-53607f783811">
      <Execution id="c4ef7bf7-531d-44e5-b9dd-9e525a2af814" />
      <TestMethod codeBase="D:\actions-runner\_work\XPCO\XPCO\LogServer\Server\VideoOS.LogServer.Tests\bin\Debug\VideoOS.LogServer.Tests.dll" adapterTypeName="executor://mstestadapter/v2" className="VideoOS.LogServer.Tests.WebService.LogReaderServiceTests" name="Method_ShouldCallValidateToken_WithAction_WithCorrectToken" />
    </UnitTest>
    <UnitTest name="RemoveExpiredAsync_ShouldReturnFalse_IfDeletionFails" storage="d:\actions-runner\_work\xpco\xpco\logserver\server\videoos.logserver.tests\bin\debug\videoos.logserver.tests.dll" id="1bd328d2-e8fe-2c90-417e-2456c5ceb080">
      <Execution id="3d093ac7-597c-4d55-a81a-23f9526110bb" />
      <TestMethod codeBase="D:\actions-runner\_work\XPCO\XPCO\LogServer\Server\VideoOS.LogServer.Tests\bin\Debug\VideoOS.LogServer.Tests.dll" adapterTypeName="executor://mstestadapter/v2" className="VideoOS.LogServer.Tests.Configuration.LogCleanupHandlerTests" name="RemoveExpiredAsync_ShouldReturnFalse_IfDeletionFails" />
    </UnitTest>
    <UnitTest name="ExtractLogMessageCategories_ShouldExtract_WithCorrectText" storage="d:\actions-runner\_work\xpco\xpco\logserver\server\videoos.logserver.tests\bin\debug\videoos.logserver.tests.dll" id="c81109bf-0139-7963-fa88-926e3f3e7d76">
      <Execution id="1443b012-2aa5-4ebf-9fb3-e7838799f84b" />
      <TestMethod codeBase="D:\actions-runner\_work\XPCO\XPCO\LogServer\Server\VideoOS.LogServer.Tests\bin\Debug\VideoOS.LogServer.Tests.dll" adapterTypeName="executor://mstestadapter/v2" className="VideoOS.LogServer.Tests.Extensions.LegacyMessageXmlExtensionsTests" name="ExtractLogMessageCategories_ShouldExtract_WithCorrectText" />
    </UnitTest>
    <UnitTest name="LoadAsync_ShouldSetAuditLogRetention" storage="d:\actions-runner\_work\xpco\xpco\logserver\server\videoos.logserver.tests\bin\debug\videoos.logserver.tests.dll" id="bd880de7-2db0-f960-3aa9-a32e94eaeebf">
      <Execution id="32b2bedd-961b-4cf7-ad35-668c11ff9bf9" />
      <TestMethod codeBase="D:\actions-runner\_work\XPCO\XPCO\LogServer\Server\VideoOS.LogServer.Tests\bin\Debug\VideoOS.LogServer.Tests.dll" adapterTypeName="executor://mstestadapter/v2" className="VideoOS.LogServer.Tests.Configuration.LogConfigurationTests" name="LoadAsync_ShouldSetAuditLogRetention" />
    </UnitTest>
    <UnitTest name="Start_ShouldNotHandleException_IfErrorHappensWhileRunningProvideServiceHosts" storage="d:\actions-runner\_work\xpco\xpco\logserver\server\videoos.logserver.tests\bin\debug\videoos.logserver.tests.dll" id="d632cdc5-3816-40d4-b1cd-2097ef26d2ca">
      <Execution id="76767309-04b6-4806-bcee-11567392f01a" />
      <TestMethod codeBase="D:\actions-runner\_work\XPCO\XPCO\LogServer\Server\VideoOS.LogServer.Tests\bin\Debug\VideoOS.LogServer.Tests.dll" adapterTypeName="executor://mstestadapter/v2" className="VideoOS.LogServer.Tests.ServiceTests" name="Start_ShouldNotHandleException_IfErrorHappensWhileRunningProvideServiceHosts" />
    </UnitTest>
    <UnitTest name="ExtractLogMessageSourceTypes_ShouldExtract_WithCorrectText" storage="d:\actions-runner\_work\xpco\xpco\logserver\server\videoos.logserver.tests\bin\debug\videoos.logserver.tests.dll" id="48d7d92d-1cba-4cb4-04f0-21a16fc7eb30">
      <Execution id="6964bfa3-4423-4778-8bf5-7e172a09cba2" />
      <TestMethod codeBase="D:\actions-runner\_work\XPCO\XPCO\LogServer\Server\VideoOS.LogServer.Tests\bin\Debug\VideoOS.LogServer.Tests.dll" adapterTypeName="executor://mstestadapter/v2" className="VideoOS.LogServer.Tests.Extensions.LegacyMessageXmlExtensionsTests" name="ExtractLogMessageSourceTypes_ShouldExtract_WithCorrectText" />
    </UnitTest>
    <UnitTest name="RemoveExpired_ShouldForceDeletion_WhenForcedDeleteIsTrueAndLastDeletedGreaterThan12Hours" storage="d:\actions-runner\_work\xpco\xpco\logserver\server\videoos.logserver.tests\bin\debug\videoos.logserver.tests.dll" id="bf374353-52a0-cca6-1475-c57e771fd438">
      <Execution id="5ab2b5be-ca39-406a-a3d3-4cee1d78a551" />
      <TestMethod codeBase="D:\actions-runner\_work\XPCO\XPCO\LogServer\Server\VideoOS.LogServer.Tests\bin\Debug\VideoOS.LogServer.Tests.dll" adapterTypeName="executor://mstestadapter/v2" className="VideoOS.LogServer.Tests.Configuration.LogConfigurationHandlerTests" name="RemoveExpired_ShouldForceDeletion_WhenForcedDeleteIsTrueAndLastDeletedGreaterThan12Hours" />
    </UnitTest>
    <UnitTest name="Property_ShouldSucceed_WhenResourceIsAString" storage="d:\actions-runner\_work\xpco\xpco\logserver\server\videoos.logserver.tests\bin\debug\videoos.logserver.tests.dll" id="aa656f82-9e44-5a1a-276d-38427026194d">
      <Execution id="85e04a8c-f4db-48e2-9762-25ae00d76f0b" />
      <TestMethod codeBase="D:\actions-runner\_work\XPCO\XPCO\LogServer\Server\VideoOS.LogServer.Tests\bin\Debug\VideoOS.LogServer.Tests.dll" adapterTypeName="executor://mstestadapter/v2" className="VideoOS.LogServer.Tests.Resources.OemResourcesTests" name="Property_ShouldSucceed_WhenResourceIsAString" />
    </UnitTest>
    <UnitTest name="PerformDeletionIfDue_ShouldCall_UpdateLastGuaranteedDeletionAsync_Correctly (11/11/2023 00:00:00,11/10/2023 01:00:00,5,False)" storage="d:\actions-runner\_work\xpco\xpco\logserver\server\videoos.logserver.tests\bin\debug\videoos.logserver.tests.dll" id="2a282dd0-4c79-0f43-d28a-2a8356b63131">
      <Execution id="c50e440b-078d-4480-8b30-a10cbf97b382" />
      <TestMethod codeBase="D:\actions-runner\_work\XPCO\XPCO\LogServer\Server\VideoOS.LogServer.Tests\bin\Debug\VideoOS.LogServer.Tests.dll" adapterTypeName="executor://mstestadapter/v2" className="VideoOS.LogServer.Tests.Configuration.LogConfigurationHandlerTests" name="PerformDeletionIfDue_ShouldCall_UpdateLastGuaranteedDeletionAsync_Correctly" />
    </UnitTest>
    <UnitTest name="Constructors_ShouldNotAllowInjectionOfNulls" storage="d:\actions-runner\_work\xpco\xpco\logserver\server\videoos.logserver.tests\bin\debug\videoos.logserver.tests.dll" id="bb8f7a4d-59e3-abee-b90b-17cf48cfb47e">
      <Execution id="b4db8edb-7096-4c12-ae55-ea3dee9210c9" />
      <TestMethod codeBase="D:\actions-runner\_work\XPCO\XPCO\LogServer\Server\VideoOS.LogServer.Tests\bin\Debug\VideoOS.LogServer.Tests.dll" adapterTypeName="executor://mstestadapter/v2" className="VideoOS.LogServer.Tests.Readers.QuerySessionLogReaderTests" name="Constructors_ShouldNotAllowInjectionOfNulls" />
    </UnitTest>
    <UnitTest name="CreateLogReader_ShouldCreateRuleLogReader_WhenRuleLogTypeIsProvided" storage="d:\actions-runner\_work\xpco\xpco\logserver\server\videoos.logserver.tests\bin\debug\videoos.logserver.tests.dll" id="07edff7e-2d83-ef27-daec-2fa8cb68d183">
      <Execution id="b34a7d8d-0e38-4c0e-91a1-d21d0ab25722" />
      <TestMethod codeBase="D:\actions-runner\_work\XPCO\XPCO\LogServer\Server\VideoOS.LogServer.Tests\bin\Debug\VideoOS.LogServer.Tests.dll" adapterTypeName="executor://mstestadapter/v2" className="VideoOS.LogServer.Tests.Storage.SqlServerFactoryTests" name="CreateLogReader_ShouldCreateRuleLogReader_WhenRuleLogTypeIsProvided" />
    </UnitTest>
    <UnitTest name="Constructors_ShouldNotAllowInjectionOfNulls" storage="d:\actions-runner\_work\xpco\xpco\logserver\server\videoos.logserver.tests\bin\debug\videoos.logserver.tests.dll" id="411ef798-cb8c-a1d1-d48a-32b58a5b9a61">
      <Execution id="c39f1b8e-a420-444b-93f4-c56406c75715" />
      <TestMethod codeBase="D:\actions-runner\_work\XPCO\XPCO\LogServer\Server\VideoOS.LogServer.Tests\bin\Debug\VideoOS.LogServer.Tests.dll" adapterTypeName="executor://mstestadapter/v2" className="VideoOS.LogServer.Tests.ServiceTests" name="Constructors_ShouldNotAllowInjectionOfNulls" />
    </UnitTest>
    <UnitTest name="WriteLoglineAsync_ShouldCallWriteMessageInstanceSP" storage="d:\actions-runner\_work\xpco\xpco\logserver\server\videoos.logserver.tests\bin\debug\videoos.logserver.tests.dll" id="e3c4b40a-0e55-2e38-08a1-45c503b97faf">
      <Execution id="596150ce-4a11-42fc-ad29-eec486ca1000" />
      <TestMethod codeBase="D:\actions-runner\_work\XPCO\XPCO\LogServer\Server\VideoOS.LogServer.Tests\bin\Debug\VideoOS.LogServer.Tests.dll" adapterTypeName="executor://mstestadapter/v2" className="VideoOS.LogServer.Tests.Writers.SqlServerLogWriterTests" name="WriteLoglineAsync_ShouldCallWriteMessageInstanceSP" />
    </UnitTest>
    <UnitTest name="FetchLoglinesAsync_ShouldReturnSystemLoglines" storage="d:\actions-runner\_work\xpco\xpco\logserver\server\videoos.logserver.tests\bin\debug\videoos.logserver.tests.dll" id="168c8704-06a5-6904-ffc8-4fda5ecb8a2b">
      <Execution id="9f1f270d-a89a-4cbd-8ed1-e9c6819bccd4" />
      <TestMethod codeBase="D:\actions-runner\_work\XPCO\XPCO\LogServer\Server\VideoOS.LogServer.Tests\bin\Debug\VideoOS.LogServer.Tests.dll" adapterTypeName="executor://mstestadapter/v2" className="VideoOS.LogServer.Tests.Readers.SystemLogReaderTests" name="FetchLoglinesAsync_ShouldReturnSystemLoglines" />
    </UnitTest>
    <UnitTest name="RegisterCategories_ShouldPassParametersToLogWriter (True)" storage="d:\actions-runner\_work\xpco\xpco\logserver\server\videoos.logserver.tests\bin\debug\videoos.logserver.tests.dll" id="9f00e005-cce3-cdb2-14c8-d1de22204abe">
      <Execution id="65aaf670-dcab-4eb3-8d3d-08c4c47effe7" />
      <TestMethod codeBase="D:\actions-runner\_work\XPCO\XPCO\LogServer\Server\VideoOS.LogServer.Tests\bin\Debug\VideoOS.LogServer.Tests.dll" adapterTypeName="executor://mstestadapter/v2" className="VideoOS.LogServer.Tests.WebService.LogWriterServiceTests" name="RegisterCategories_ShouldPassParametersToLogWriter" />
    </UnitTest>
    <UnitTest name="ExecuteWithParameters_ShouldThrowDatabaseException_IfCommandExecutionFails" storage="d:\actions-runner\_work\xpco\xpco\logserver\server\videoos.logserver.tests\bin\debug\videoos.logserver.tests.dll" id="063ab08e-8f53-7d15-0708-d6c1607b08ab">
      <Execution id="43a4104a-6bd4-40ca-b00d-2a4759621109" />
      <TestMethod codeBase="D:\actions-runner\_work\XPCO\XPCO\LogServer\Server\VideoOS.LogServer.Tests\bin\Debug\VideoOS.LogServer.Tests.dll" adapterTypeName="executor://mstestadapter/v2" className="VideoOS.LogServer.Tests.DB.StoredProcedureCommandHandlerTests" name="ExecuteWithParameters_ShouldThrowDatabaseException_IfCommandExecutionFails" />
    </UnitTest>
    <UnitTest name="LogMessageSourceType_ToStorage_ShouldThrowArgumentNullException_IfValueIsNull" storage="d:\actions-runner\_work\xpco\xpco\logserver\server\videoos.logserver.tests\bin\debug\videoos.logserver.tests.dll" id="a226c0a5-ca0f-248c-3924-69b935bb5567">
      <Execution id="83c18a10-4d19-4f63-8438-1317fee3aa1e" />
      <TestMethod codeBase="D:\actions-runner\_work\XPCO\XPCO\LogServer\Server\VideoOS.LogServer.Tests\bin\Debug\VideoOS.LogServer.Tests.dll" adapterTypeName="executor://mstestadapter/v2" className="VideoOS.LogServer.Tests.Extensions.DataContractExtensionsTests" name="LogMessageSourceType_ToStorage_ShouldThrowArgumentNullException_IfValueIsNull" />
    </UnitTest>
    <UnitTest name="UpdateAnonymousLoggingAsync_ShouldNotChangeAnonymousLoggingAsync_WhenUpdateFails" storage="d:\actions-runner\_work\xpco\xpco\logserver\server\videoos.logserver.tests\bin\debug\videoos.logserver.tests.dll" id="3ae3f7c0-817c-c46f-7f30-fb70276f86d4">
      <Execution id="174a6adb-be5c-4e62-9a7b-e1cfa1ae5393" />
      <TestMethod codeBase="D:\actions-runner\_work\XPCO\XPCO\LogServer\Server\VideoOS.LogServer.Tests\bin\Debug\VideoOS.LogServer.Tests.dll" adapterTypeName="executor://mstestadapter/v2" className="VideoOS.LogServer.Tests.Configuration.LogConfigurationTests" name="UpdateAnonymousLoggingAsync_ShouldNotChangeAnonymousLoggingAsync_WhenUpdateFails" />
    </UnitTest>
    <UnitTest name="WriteLoglineAsync_ShouldPassParametersToLogWriter (False)" storage="d:\actions-runner\_work\xpco\xpco\logserver\server\videoos.logserver.tests\bin\debug\videoos.logserver.tests.dll" id="04abea50-601f-4fca-95f4-bec5b318346d">
      <Execution id="5fb8cd1d-30b4-4111-be1e-ea52102ff644" />
      <TestMethod codeBase="D:\actions-runner\_work\XPCO\XPCO\LogServer\Server\VideoOS.LogServer.Tests\bin\Debug\VideoOS.LogServer.Tests.dll" adapterTypeName="executor://mstestadapter/v2" className="VideoOS.LogServer.Tests.WebService.LogWriterServiceTests" name="WriteLoglineAsync_ShouldPassParametersToLogWriter" />
    </UnitTest>
    <UnitTest name="UpdateRetentionsAsync_ShouldNotDoAnything_IfNewValuesAreAllZeros" storage="d:\actions-runner\_work\xpco\xpco\logserver\server\videoos.logserver.tests\bin\debug\videoos.logserver.tests.dll" id="5c261d7e-2571-7b3d-897f-b6bb7590d37a">
      <Execution id="0dfb7fe4-26d8-4ce5-a834-c1913487a6d4" />
      <TestMethod codeBase="D:\actions-runner\_work\XPCO\XPCO\LogServer\Server\VideoOS.LogServer.Tests\bin\Debug\VideoOS.LogServer.Tests.dll" adapterTypeName="executor://mstestadapter/v2" className="VideoOS.LogServer.Tests.Configuration.LogConfigurationHandlerTests" name="UpdateRetentionsAsync_ShouldNotDoAnything_IfNewValuesAreAllZeros" />
    </UnitTest>
    <UnitTest name="UpdateLastGuaranteedDeletionAsync_ShouldNotChangeGuaranteedDeletion_WhenUpdateFails" storage="d:\actions-runner\_work\xpco\xpco\logserver\server\videoos.logserver.tests\bin\debug\videoos.logserver.tests.dll" id="29b446c8-895d-c6f8-de01-0594f2a1c587">
      <Execution id="04169dc8-a6d2-4e0d-ad10-54b650bcbe78" />
      <TestMethod codeBase="D:\actions-runner\_work\XPCO\XPCO\LogServer\Server\VideoOS.LogServer.Tests\bin\Debug\VideoOS.LogServer.Tests.dll" adapterTypeName="executor://mstestadapter/v2" className="VideoOS.LogServer.Tests.Configuration.LogConfigurationTests" name="UpdateLastGuaranteedDeletionAsync_ShouldNotChangeGuaranteedDeletion_WhenUpdateFails" />
    </UnitTest>
    <UnitTest name="GetLogsReadTimeout_ShouldReturnNull_WhenConfiguredValueIsInvalid" storage="d:\actions-runner\_work\xpco\xpco\logserver\server\videoos.logserver.tests\bin\debug\videoos.logserver.tests.dll" id="2a11bb12-efdc-c74b-5abf-05799bc83f80">
      <Execution id="f9c7d136-6fea-496d-bd2d-4b386a9a3424" />
      <TestMethod codeBase="D:\actions-runner\_work\XPCO\XPCO\LogServer\Server\VideoOS.LogServer.Tests\bin\Debug\VideoOS.LogServer.Tests.dll" adapterTypeName="executor://mstestadapter/v2" className="VideoOS.LogServer.Tests.DB.TimeoutConfigurationTest" name="GetLogsReadTimeout_ShouldReturnNull_WhenConfiguredValueIsInvalid" />
    </UnitTest>
    <UnitTest name="WriteLegacyLoglineAsync_ShouldCallWriteMessageInstanceLegacySP" storage="d:\actions-runner\_work\xpco\xpco\logserver\server\videoos.logserver.tests\bin\debug\videoos.logserver.tests.dll" id="99d378a4-954f-6041-63cb-6656cd516a7b">
      <Execution id="806697d9-d5f5-4ff6-882c-86f2306bf168" />
      <TestMethod codeBase="D:\actions-runner\_work\XPCO\XPCO\LogServer\Server\VideoOS.LogServer.Tests\bin\Debug\VideoOS.LogServer.Tests.dll" adapterTypeName="executor://mstestadapter/v2" className="VideoOS.LogServer.Tests.Writers.SqlServerLogWriterTests" name="WriteLegacyLoglineAsync_ShouldCallWriteMessageInstanceLegacySP" />
    </UnitTest>
    <UnitTest name="UpdateRetentionsAsync_ShouldChangeExistingRetentions" storage="d:\actions-runner\_work\xpco\xpco\logserver\server\videoos.logserver.tests\bin\debug\videoos.logserver.tests.dll" id="768fab34-b3b5-1dae-3ecc-919d464dc3af">
      <Execution id="aba422c5-dc41-4bee-ae81-d589c249e85e" />
      <TestMethod codeBase="D:\actions-runner\_work\XPCO\XPCO\LogServer\Server\VideoOS.LogServer.Tests\bin\Debug\VideoOS.LogServer.Tests.dll" adapterTypeName="executor://mstestadapter/v2" className="VideoOS.LogServer.Tests.Configuration.LogConfigurationTests" name="UpdateRetentionsAsync_ShouldChangeExistingRetentions" />
    </UnitTest>
    <UnitTest name="WriteLoglineAsync_ShouldIncreaseWritingFrequencyCounter" storage="d:\actions-runner\_work\xpco\xpco\logserver\server\videoos.logserver.tests\bin\debug\videoos.logserver.tests.dll" id="3fa1efea-04df-0715-5224-3faefa634d4c">
      <Execution id="2e932b74-4b2b-485e-a5b1-548c1d8bbba9" />
      <TestMethod codeBase="D:\actions-runner\_work\XPCO\XPCO\LogServer\Server\VideoOS.LogServer.Tests\bin\Debug\VideoOS.LogServer.Tests.dll" adapterTypeName="executor://mstestadapter/v2" className="VideoOS.LogServer.Tests.Writers.SqlServerLogWriterTests" name="WriteLoglineAsync_ShouldIncreaseWritingFrequencyCounter" />
    </UnitTest>
    <UnitTest name="Constructors_ShouldNotAllowInjectionOfNulls" storage="d:\actions-runner\_work\xpco\xpco\logserver\server\videoos.logserver.tests\bin\debug\videoos.logserver.tests.dll" id="8b383180-dbd7-0c21-f30b-f2b8a219d9d7">
      <Execution id="f53fbf53-54bc-419b-8084-464c0aa30ead" />
      <TestMethod codeBase="D:\actions-runner\_work\XPCO\XPCO\LogServer\Server\VideoOS.LogServer.Tests\bin\Debug\VideoOS.LogServer.Tests.dll" adapterTypeName="executor://mstestadapter/v2" className="VideoOS.LogServer.Tests.WebService.LogRetentionServiceTests" name="Constructors_ShouldNotAllowInjectionOfNulls" />
    </UnitTest>
    <UnitTest name="RemoveExpired_ShouldNotForceDeletion_WhenForcedDeleteIsFalse" storage="d:\actions-runner\_work\xpco\xpco\logserver\server\videoos.logserver.tests\bin\debug\videoos.logserver.tests.dll" id="55942c13-e5ff-2d5d-73a9-b4e10adff844">
      <Execution id="b0f0bd05-365d-4a5e-9cd0-d40bd046583e" />
      <TestMethod codeBase="D:\actions-runner\_work\XPCO\XPCO\LogServer\Server\VideoOS.LogServer.Tests\bin\Debug\VideoOS.LogServer.Tests.dll" adapterTypeName="executor://mstestadapter/v2" className="VideoOS.LogServer.Tests.Configuration.LogConfigurationHandlerTests" name="RemoveExpired_ShouldNotForceDeletion_WhenForcedDeleteIsFalse" />
    </UnitTest>
    <UnitTest name="LoadAsync_ShouldSetRuleLogRetention" storage="d:\actions-runner\_work\xpco\xpco\logserver\server\videoos.logserver.tests\bin\debug\videoos.logserver.tests.dll" id="5ea27412-d887-9544-5a93-57d49722b12e">
      <Execution id="f04d9536-9458-4c4f-a622-63a34a38c0e2" />
      <TestMethod codeBase="D:\actions-runner\_work\XPCO\XPCO\LogServer\Server\VideoOS.LogServer.Tests\bin\Debug\VideoOS.LogServer.Tests.dll" adapterTypeName="executor://mstestadapter/v2" className="VideoOS.LogServer.Tests.Configuration.LogConfigurationTests" name="LoadAsync_ShouldSetRuleLogRetention" />
    </UnitTest>
    <UnitTest name="EndQuerySessionAsync_ShouldTerminateSession_WithProvidedQuerySessionId (False)" storage="d:\actions-runner\_work\xpco\xpco\logserver\server\videoos.logserver.tests\bin\debug\videoos.logserver.tests.dll" id="8c625aee-fbc4-80d9-7e5b-5e824be75ac3">
      <Execution id="1bdf1705-11f1-471d-8e24-94127a26dedf" />
      <TestMethod codeBase="D:\actions-runner\_work\XPCO\XPCO\LogServer\Server\VideoOS.LogServer.Tests\bin\Debug\VideoOS.LogServer.Tests.dll" adapterTypeName="executor://mstestadapter/v2" className="VideoOS.LogServer.Tests.WebService.LogReaderServiceTests" name="EndQuerySessionAsync_ShouldTerminateSession_WithProvidedQuerySessionId" />
    </UnitTest>
    <UnitTest name="WriteLegacyLoglineAsync_ShouldPassParametersToLogWriter (True)" storage="d:\actions-runner\_work\xpco\xpco\logserver\server\videoos.logserver.tests\bin\debug\videoos.logserver.tests.dll" id="fd8e593e-8f71-af4a-b9f2-d3973c4c8bcf">
      <Execution id="8b142d1b-b81c-4da9-a31b-b8360b067549" />
      <TestMethod codeBase="D:\actions-runner\_work\XPCO\XPCO\LogServer\Server\VideoOS.LogServer.Tests\bin\Debug\VideoOS.LogServer.Tests.dll" adapterTypeName="executor://mstestadapter/v2" className="VideoOS.LogServer.Tests.WebService.LogWriterServiceTests" name="WriteLegacyLoglineAsync_ShouldPassParametersToLogWriter" />
    </UnitTest>
    <UnitTest name="ToLogMessages_ShouldTransformEntriesToLogMessages_WithCorrectMessageText" storage="d:\actions-runner\_work\xpco\xpco\logserver\server\videoos.logserver.tests\bin\debug\videoos.logserver.tests.dll" id="461c532f-c917-e381-5c12-bc45dd58a2e6">
      <Execution id="e0bed7f9-f1cd-45cc-a23f-40a4fa427feb" />
      <TestMethod codeBase="D:\actions-runner\_work\XPCO\XPCO\LogServer\Server\VideoOS.LogServer.Tests\bin\Debug\VideoOS.LogServer.Tests.dll" adapterTypeName="executor://mstestadapter/v2" className="VideoOS.LogServer.Tests.Extensions.LegacyMessageXmlExtensionsTests" name="ToLogMessages_ShouldTransformEntriesToLogMessages_WithCorrectMessageText" />
    </UnitTest>
    <UnitTest name="Constructors_ShouldNotAllowInjectionOfNulls" storage="d:\actions-runner\_work\xpco\xpco\logserver\server\videoos.logserver.tests\bin\debug\videoos.logserver.tests.dll" id="ae67d189-8768-4d42-e0db-575f082bf6ef">
      <Execution id="c4359a28-2dfd-44d2-b7e7-b97b0bde7a3f" />
      <TestMethod codeBase="D:\actions-runner\_work\XPCO\XPCO\LogServer\Server\VideoOS.LogServer.Tests\bin\Debug\VideoOS.LogServer.Tests.dll" adapterTypeName="executor://mstestadapter/v2" className="VideoOS.LogServer.Tests.Readers.AuditLogReaderTests" name="Constructors_ShouldNotAllowInjectionOfNulls" />
    </UnitTest>
    <UnitTest name="LegacyLogMessage_ToStorage_ShouldThrowArgumentNullException_IfValueIsNull" storage="d:\actions-runner\_work\xpco\xpco\logserver\server\videoos.logserver.tests\bin\debug\videoos.logserver.tests.dll" id="eb37f6b5-fbef-e348-651e-fd70328f3cab">
      <Execution id="5be3561c-5ff2-49e8-9d85-7db789de91bd" />
      <TestMethod codeBase="D:\actions-runner\_work\XPCO\XPCO\LogServer\Server\VideoOS.LogServer.Tests\bin\Debug\VideoOS.LogServer.Tests.dll" adapterTypeName="executor://mstestadapter/v2" className="VideoOS.LogServer.Tests.Extensions.DataContractExtensionsTests" name="LegacyLogMessage_ToStorage_ShouldThrowArgumentNullException_IfValueIsNull" />
    </UnitTest>
    <UnitTest name="Constructors_ShouldNotAllowInjectionOfNulls" storage="d:\actions-runner\_work\xpco\xpco\logserver\server\videoos.logserver.tests\bin\debug\videoos.logserver.tests.dll" id="8a128c2a-9be9-0578-d56f-9e431b92e4d6">
      <Execution id="1bb6d583-72ef-473d-8df1-26b2eeb1f953" />
      <TestMethod codeBase="D:\actions-runner\_work\XPCO\XPCO\LogServer\Server\VideoOS.LogServer.Tests\bin\Debug\VideoOS.LogServer.Tests.dll" adapterTypeName="executor://mstestadapter/v2" className="VideoOS.LogServer.Tests.WebService.LogReaderServiceTests" name="Constructors_ShouldNotAllowInjectionOfNulls" />
    </UnitTest>
    <UnitTest name="Stop_ShouldNotHandleGeneralException_IfErrorHappensWhileClosingServiceCommunications" storage="d:\actions-runner\_work\xpco\xpco\logserver\server\videoos.logserver.tests\bin\debug\videoos.logserver.tests.dll" id="c0fed45b-6475-73e7-3be9-95b5ff37691a">
      <Execution id="35f57d53-4e34-471e-ba3e-8dfc521328c1" />
      <TestMethod codeBase="D:\actions-runner\_work\XPCO\XPCO\LogServer\Server\VideoOS.LogServer.Tests\bin\Debug\VideoOS.LogServer.Tests.dll" adapterTypeName="executor://mstestadapter/v2" className="VideoOS.LogServer.Tests.ServiceTests" name="Stop_ShouldNotHandleGeneralException_IfErrorHappensWhileClosingServiceCommunications" />
    </UnitTest>
    <UnitTest name="SystemLogline_ToDataContract_ShouldTransformSystemLoglineDataObject" storage="d:\actions-runner\_work\xpco\xpco\logserver\server\videoos.logserver.tests\bin\debug\videoos.logserver.tests.dll" id="08d23c4a-537a-0689-fcea-9b2316443b98">
      <Execution id="80b5bdff-4293-4f16-81b8-6f3b3c9f4b31" />
      <TestMethod codeBase="D:\actions-runner\_work\XPCO\XPCO\LogServer\Server\VideoOS.LogServer.Tests\bin\Debug\VideoOS.LogServer.Tests.dll" adapterTypeName="executor://mstestadapter/v2" className="VideoOS.LogServer.Tests.Extensions.StorageExtensionsTests" name="SystemLogline_ToDataContract_ShouldTransformSystemLoglineDataObject" />
    </UnitTest>
    <UnitTest name="RuleLogline_ToDataContract_ShouldTransformRuleLoglineDataObject" storage="d:\actions-runner\_work\xpco\xpco\logserver\server\videoos.logserver.tests\bin\debug\videoos.logserver.tests.dll" id="47879ec5-ea7f-5a14-7b18-2063323c882f">
      <Execution id="a42d5e22-e6ca-4397-b826-ce5d171aef1d" />
      <TestMethod codeBase="D:\actions-runner\_work\XPCO\XPCO\LogServer\Server\VideoOS.LogServer.Tests\bin\Debug\VideoOS.LogServer.Tests.dll" adapterTypeName="executor://mstestadapter/v2" className="VideoOS.LogServer.Tests.Extensions.StorageExtensionsTests" name="RuleLogline_ToDataContract_ShouldTransformRuleLoglineDataObject" />
    </UnitTest>
    <UnitTest name="RemoveExpiredAsync_ShouldCallDeleteExpiredMessageInstancesStoredProcedure_WithCorrectParams" storage="d:\actions-runner\_work\xpco\xpco\logserver\server\videoos.logserver.tests\bin\debug\videoos.logserver.tests.dll" id="305e11f7-5a75-0362-db1d-52ee6cd4fe20">
      <Execution id="bc868cb8-20de-4952-8e0b-3fdc41dc9e73" />
      <TestMethod codeBase="D:\actions-runner\_work\XPCO\XPCO\LogServer\Server\VideoOS.LogServer.Tests\bin\Debug\VideoOS.LogServer.Tests.dll" adapterTypeName="executor://mstestadapter/v2" className="VideoOS.LogServer.Tests.Configuration.LogCleanupHandlerTests" name="RemoveExpiredAsync_ShouldCallDeleteExpiredMessageInstancesStoredProcedure_WithCorrectParams" />
    </UnitTest>
    <UnitTest name="ExtractAsync_ShouldSplitLoglines" storage="d:\actions-runner\_work\xpco\xpco\logserver\server\videoos.logserver.tests\bin\debug\videoos.logserver.tests.dll" id="8b6809f5-ea39-8a2b-ea7b-725a677db564">
      <Execution id="1e16fcb4-7a5f-41eb-9ef9-09eff28f5081" />
      <TestMethod codeBase="D:\actions-runner\_work\XPCO\XPCO\LogServer\Server\VideoOS.LogServer.Tests\bin\Debug\VideoOS.LogServer.Tests.dll" adapterTypeName="executor://mstestadapter/v2" className="VideoOS.LogServer.Tests.DB.ColumnParsers.AuditLogColumnParserTests" name="ExtractAsync_ShouldSplitLoglines" />
    </UnitTest>
    <UnitTest name="LogMessageText_ToStorage_PropertiesAreTransferred" storage="d:\actions-runner\_work\xpco\xpco\logserver\server\videoos.logserver.tests\bin\debug\videoos.logserver.tests.dll" id="a5714d74-d9c1-e9f2-4b22-07d73f18f04b">
      <Execution id="746d7a10-5a99-4edf-94ee-b0d1d39445cb" />
      <TestMethod codeBase="D:\actions-runner\_work\XPCO\XPCO\LogServer\Server\VideoOS.LogServer.Tests\bin\Debug\VideoOS.LogServer.Tests.dll" adapterTypeName="executor://mstestadapter/v2" className="VideoOS.LogServer.Tests.Extensions.DataContractExtensionsTests" name="LogMessageText_ToStorage_PropertiesAreTransferred" />
    </UnitTest>
    <UnitTest name="Method_ShouldCallValidateToken_WithCorrectToken" storage="d:\actions-runner\_work\xpco\xpco\logserver\server\videoos.logserver.tests\bin\debug\videoos.logserver.tests.dll" id="bd042076-2402-fb19-56c3-223eeac85ec4">
      <Execution id="2b1efe75-f5ea-4bd1-bfe6-7be23c981d20" />
      <TestMethod codeBase="D:\actions-runner\_work\XPCO\XPCO\LogServer\Server\VideoOS.LogServer.Tests\bin\Debug\VideoOS.LogServer.Tests.dll" adapterTypeName="executor://mstestadapter/v2" className="VideoOS.LogServer.Tests.WebService.LogWriterServiceTests" name="Method_ShouldCallValidateToken_WithCorrectToken" />
    </UnitTest>
    <UnitTest name="LogMessageText_ToStorage_ShouldThrowArgumentNullException_IfValueIsNull" storage="d:\actions-runner\_work\xpco\xpco\logserver\server\videoos.logserver.tests\bin\debug\videoos.logserver.tests.dll" id="2aed5c1c-004f-a3e4-3408-a089f3a767e6">
      <Execution id="796e5b79-945b-4f78-b28d-a5a79f2571b2" />
      <TestMethod codeBase="D:\actions-runner\_work\XPCO\XPCO\LogServer\Server\VideoOS.LogServer.Tests\bin\Debug\VideoOS.LogServer.Tests.dll" adapterTypeName="executor://mstestadapter/v2" className="VideoOS.LogServer.Tests.Extensions.DataContractExtensionsTests" name="LogMessageText_ToStorage_ShouldThrowArgumentNullException_IfValueIsNull" />
    </UnitTest>
    <UnitTest name="Set_ShouldThrowException_IfIdIsEmpty" storage="d:\actions-runner\_work\xpco\xpco\logserver\server\videoos.logserver.tests\bin\debug\videoos.logserver.tests.dll" id="cad41b5c-b5cf-535b-0e25-9943c1f6e70e">
      <Execution id="7295a9bb-743c-41e1-8756-005f14b0cfee" />
      <TestMethod codeBase="D:\actions-runner\_work\XPCO\XPCO\LogServer\Server\VideoOS.LogServer.Tests\bin\Debug\VideoOS.LogServer.Tests.dll" adapterTypeName="executor://mstestadapter/v2" className="VideoOS.LogServer.Tests.Cache.MemoryCacheWrapperTests" name="Set_ShouldThrowException_IfIdIsEmpty" />
    </UnitTest>
    <UnitTest name="ExtractLogMessageSourceTypes_ShouldExtract_WithCorrectId" storage="d:\actions-runner\_work\xpco\xpco\logserver\server\videoos.logserver.tests\bin\debug\videoos.logserver.tests.dll" id="df10cae5-aa05-e478-ca06-77c2867d5871">
      <Execution id="d5eb540c-a494-40eb-8892-3ef67d26b339" />
      <TestMethod codeBase="D:\actions-runner\_work\XPCO\XPCO\LogServer\Server\VideoOS.LogServer.Tests\bin\Debug\VideoOS.LogServer.Tests.dll" adapterTypeName="executor://mstestadapter/v2" className="VideoOS.LogServer.Tests.Extensions.LegacyMessageXmlExtensionsTests" name="ExtractLogMessageSourceTypes_ShouldExtract_WithCorrectId" />
    </UnitTest>
    <UnitTest name="UpdateRetentionsAsync_ShouldUpdateRetentionsInConfiguration" storage="d:\actions-runner\_work\xpco\xpco\logserver\server\videoos.logserver.tests\bin\debug\videoos.logserver.tests.dll" id="67674565-a205-af8e-ea43-872acf0efcc5">
      <Execution id="8242c947-99f5-4dc5-8efb-ef0fe3e3cc34" />
      <TestMethod codeBase="D:\actions-runner\_work\XPCO\XPCO\LogServer\Server\VideoOS.LogServer.Tests\bin\Debug\VideoOS.LogServer.Tests.dll" adapterTypeName="executor://mstestadapter/v2" className="VideoOS.LogServer.Tests.Configuration.LogConfigurationHandlerTests" name="UpdateRetentionsAsync_ShouldUpdateRetentionsInConfiguration" />
    </UnitTest>
    <UnitTest name="OemResource_ShouldThrowInvalidOemResourceException_WhenSignatureIsInvalid" storage="d:\actions-runner\_work\xpco\xpco\logserver\server\videoos.logserver.tests\bin\debug\videoos.logserver.tests.dll" id="2d1376f0-c9ba-c269-4739-9431be71f2bf">
      <Execution id="3c55e7e3-c099-4ad9-89f2-cd45272100dc" />
      <TestMethod codeBase="D:\actions-runner\_work\XPCO\XPCO\LogServer\Server\VideoOS.LogServer.Tests\bin\Debug\VideoOS.LogServer.Tests.dll" adapterTypeName="executor://mstestadapter/v2" className="VideoOS.LogServer.Tests.Resources.OemResourcesTests" name="OemResource_ShouldThrowInvalidOemResourceException_WhenSignatureIsInvalid" />
    </UnitTest>
    <UnitTest name="UpdateRetentionsAsync_ShouldNotChangeRuleLogRetention_WhenUpdateFails" storage="d:\actions-runner\_work\xpco\xpco\logserver\server\videoos.logserver.tests\bin\debug\videoos.logserver.tests.dll" id="397fcd6d-c615-3497-e06b-0e9047287291">
      <Execution id="96c4380a-e931-4db2-9b8a-96be4089b221" />
      <TestMethod codeBase="D:\actions-runner\_work\XPCO\XPCO\LogServer\Server\VideoOS.LogServer.Tests\bin\Debug\VideoOS.LogServer.Tests.dll" adapterTypeName="executor://mstestadapter/v2" className="VideoOS.LogServer.Tests.Configuration.LogConfigurationTests" name="UpdateRetentionsAsync_ShouldNotChangeRuleLogRetention_WhenUpdateFails" />
    </UnitTest>
    <UnitTest name="FetchLoglinesAsync_ShouldReturnRuleLoglines" storage="d:\actions-runner\_work\xpco\xpco\logserver\server\videoos.logserver.tests\bin\debug\videoos.logserver.tests.dll" id="2449653f-1ee0-d329-f5fa-8a52d6be79de">
      <Execution id="8167ad08-8f4b-4b88-aff2-e59a4def6955" />
      <TestMethod codeBase="D:\actions-runner\_work\XPCO\XPCO\LogServer\Server\VideoOS.LogServer.Tests\bin\Debug\VideoOS.LogServer.Tests.dll" adapterTypeName="executor://mstestadapter/v2" className="VideoOS.LogServer.Tests.Readers.RuleLogReaderTests" name="FetchLoglinesAsync_ShouldReturnRuleLoglines" />
    </UnitTest>
    <UnitTest name="PerformDeletionIfDue_ShouldCall_UpdateLastGuaranteedDeletionAsync_Correctly (11/11/2023 00:00:00,11/01/2023 00:00:00,0,True)" storage="d:\actions-runner\_work\xpco\xpco\logserver\server\videoos.logserver.tests\bin\debug\videoos.logserver.tests.dll" id="a30ebe19-dbb4-ace3-f5fb-f5c55ebecfa0">
      <Execution id="26d89fd2-8b1b-46fc-931f-3625fd4c6c6e" />
      <TestMethod codeBase="D:\actions-runner\_work\XPCO\XPCO\LogServer\Server\VideoOS.LogServer.Tests\bin\Debug\VideoOS.LogServer.Tests.dll" adapterTypeName="executor://mstestadapter/v2" className="VideoOS.LogServer.Tests.Configuration.LogConfigurationHandlerTests" name="PerformDeletionIfDue_ShouldCall_UpdateLastGuaranteedDeletionAsync_Correctly" />
    </UnitTest>
    <UnitTest name="ReadLogStarted_ShouldRegisterMessageIn2LanguagesIfFound" storage="d:\actions-runner\_work\xpco\xpco\logserver\server\videoos.logserver.tests\bin\debug\videoos.logserver.tests.dll" id="e873daae-88ef-27cd-c921-914f2a5e398a">
      <Execution id="2d568726-afb7-4c5e-a3b5-cb5a64115658" />
      <TestMethod codeBase="D:\actions-runner\_work\XPCO\XPCO\LogServer\Server\VideoOS.LogServer.Tests\bin\Debug\VideoOS.LogServer.Tests.dll" adapterTypeName="executor://mstestadapter/v2" className="VideoOS.LogServer.Tests.AuditLog.AuditLoggerTests" name="ReadLogStarted_ShouldRegisterMessageIn2LanguagesIfFound" />
    </UnitTest>
    <UnitTest name="ReadLogStarted_ShouldGenerateCorrectParameters" storage="d:\actions-runner\_work\xpco\xpco\logserver\server\videoos.logserver.tests\bin\debug\videoos.logserver.tests.dll" id="31490885-ba4b-19a1-eee4-7c3bd386df8b">
      <Execution id="f90e9ff8-c2e2-4fd8-a614-b334b382661c" />
      <TestMethod codeBase="D:\actions-runner\_work\XPCO\XPCO\LogServer\Server\VideoOS.LogServer.Tests\bin\Debug\VideoOS.LogServer.Tests.dll" adapterTypeName="executor://mstestadapter/v2" className="VideoOS.LogServer.Tests.AuditLog.AuditLoggerTests" name="ReadLogStarted_ShouldGenerateCorrectParameters" />
    </UnitTest>
    <UnitTest name="ReplaceParameter_ShouldDoNothingIfParameterIsNotFound" storage="d:\actions-runner\_work\xpco\xpco\logserver\server\videoos.logserver.tests\bin\debug\videoos.logserver.tests.dll" id="e492894a-cccd-7ecf-f73c-f66be96368f6">
      <Execution id="9fbca2b3-af9d-4c88-bb18-46dbb7a4e75b" />
      <TestMethod codeBase="D:\actions-runner\_work\XPCO\XPCO\LogServer\Server\VideoOS.LogServer.Tests\bin\Debug\VideoOS.LogServer.Tests.dll" adapterTypeName="executor://mstestadapter/v2" className="VideoOS.LogServer.Tests.Extensions.StringExtensionsTests" name="ReplaceParameter_ShouldDoNothingIfParameterIsNotFound" />
    </UnitTest>
    <UnitTest name="QueryWithParameters_ShouldSetCommandTimeout_WhenATimeoutIsSpecified" storage="d:\actions-runner\_work\xpco\xpco\logserver\server\videoos.logserver.tests\bin\debug\videoos.logserver.tests.dll" id="bd7bf742-374f-b829-39d1-dc907ba3e53d">
      <Execution id="0a04886f-41cb-4e51-a402-be01dd65cbea" />
      <TestMethod codeBase="D:\actions-runner\_work\XPCO\XPCO\LogServer\Server\VideoOS.LogServer.Tests\bin\Debug\VideoOS.LogServer.Tests.dll" adapterTypeName="executor://mstestadapter/v2" className="VideoOS.LogServer.Tests.DB.StoredProcedureQueryHandlerTests" name="QueryWithParameters_ShouldSetCommandTimeout_WhenATimeoutIsSpecified" />
    </UnitTest>
    <UnitTest name="CreateLogReader_ShouldCreateAuditLogReader_WhenAuditLogTypeIsProvided" storage="d:\actions-runner\_work\xpco\xpco\logserver\server\videoos.logserver.tests\bin\debug\videoos.logserver.tests.dll" id="859f32db-1a3b-11dc-3b90-77670f4af2f7">
      <Execution id="b2a14dfd-a662-46d9-abf9-793418dbe950" />
      <TestMethod codeBase="D:\actions-runner\_work\XPCO\XPCO\LogServer\Server\VideoOS.LogServer.Tests\bin\Debug\VideoOS.LogServer.Tests.dll" adapterTypeName="executor://mstestadapter/v2" className="VideoOS.LogServer.Tests.Storage.SqlServerFactoryTests" name="CreateLogReader_ShouldCreateAuditLogReader_WhenAuditLogTypeIsProvided" />
    </UnitTest>
    <UnitTest name="Start_ShouldOpenAllServiceCommunications" storage="d:\actions-runner\_work\xpco\xpco\logserver\server\videoos.logserver.tests\bin\debug\videoos.logserver.tests.dll" id="43fb071e-017a-60e3-56a1-11cd5a259516">
      <Execution id="5ef21ee1-5884-424e-a415-8d89034304dd" />
      <TestMethod codeBase="D:\actions-runner\_work\XPCO\XPCO\LogServer\Server\VideoOS.LogServer.Tests\bin\Debug\VideoOS.LogServer.Tests.dll" adapterTypeName="executor://mstestadapter/v2" className="VideoOS.LogServer.Tests.ServiceTests" name="Start_ShouldOpenAllServiceCommunications" />
    </UnitTest>
    <UnitTest name="Constructors_ShouldNotAllowInjectionOfNulls" storage="d:\actions-runner\_work\xpco\xpco\logserver\server\videoos.logserver.tests\bin\debug\videoos.logserver.tests.dll" id="434d5d16-c87e-a025-7ce9-81c34044ed64">
      <Execution id="4ea69be4-9edd-4870-a1d4-62655851b68d" />
      <TestMethod codeBase="D:\actions-runner\_work\XPCO\XPCO\LogServer\Server\VideoOS.LogServer.Tests\bin\Debug\VideoOS.LogServer.Tests.dll" adapterTypeName="executor://mstestadapter/v2" className="VideoOS.LogServer.Tests.Readers.RuleLogReaderTests" name="Constructors_ShouldNotAllowInjectionOfNulls" />
    </UnitTest>
    <UnitTest name="GetFiltersTimeout_ShouldReturnIntValue_WhenConfiguredValueIsValid" storage="d:\actions-runner\_work\xpco\xpco\logserver\server\videoos.logserver.tests\bin\debug\videoos.logserver.tests.dll" id="76f15ad2-398a-ff53-5ced-0734278d432f">
      <Execution id="ed134834-0f71-4930-9a58-faa4f41aa7f5" />
      <TestMethod codeBase="D:\actions-runner\_work\XPCO\XPCO\LogServer\Server\VideoOS.LogServer.Tests\bin\Debug\VideoOS.LogServer.Tests.dll" adapterTypeName="executor://mstestadapter/v2" className="VideoOS.LogServer.Tests.DB.TimeoutConfigurationTest" name="GetFiltersTimeout_ShouldReturnIntValue_WhenConfiguredValueIsValid" />
    </UnitTest>
    <UnitTest name="LoadAsync_ShouldSetSystemLogRetentionToDefault_IfDatabaseCallFail" storage="d:\actions-runner\_work\xpco\xpco\logserver\server\videoos.logserver.tests\bin\debug\videoos.logserver.tests.dll" id="c05e16e2-e983-c815-b7da-7916fbfbd4a5">
      <Execution id="3d427347-6a5a-4a60-807a-e625371de16f" />
      <TestMethod codeBase="D:\actions-runner\_work\XPCO\XPCO\LogServer\Server\VideoOS.LogServer.Tests\bin\Debug\VideoOS.LogServer.Tests.dll" adapterTypeName="executor://mstestadapter/v2" className="VideoOS.LogServer.Tests.Configuration.LogConfigurationTests" name="LoadAsync_ShouldSetSystemLogRetentionToDefault_IfDatabaseCallFail" />
    </UnitTest>
    <UnitTest name="AuditLogline_ToDataContract_ShouldTransformAuditLoglineDataObject" storage="d:\actions-runner\_work\xpco\xpco\logserver\server\videoos.logserver.tests\bin\debug\videoos.logserver.tests.dll" id="2815fd0e-2035-074b-4aa9-1f9f75c6afe5">
      <Execution id="24cbfb07-fe44-4a69-ba9f-33a8a4e08d62" />
      <TestMethod codeBase="D:\actions-runner\_work\XPCO\XPCO\LogServer\Server\VideoOS.LogServer.Tests\bin\Debug\VideoOS.LogServer.Tests.dll" adapterTypeName="executor://mstestadapter/v2" className="VideoOS.LogServer.Tests.Extensions.StorageExtensionsTests" name="AuditLogline_ToDataContract_ShouldTransformAuditLoglineDataObject" />
    </UnitTest>
    <UnitTest name="QueryWithParameters_ShouldExecuteProcedureWithGivenParameters" storage="d:\actions-runner\_work\xpco\xpco\logserver\server\videoos.logserver.tests\bin\debug\videoos.logserver.tests.dll" id="71acd907-f8ef-f266-25aa-19cdaafdf552">
      <Execution id="ec2d3709-d1be-4786-b14a-1fc77b7f06fd" />
      <TestMethod codeBase="D:\actions-runner\_work\XPCO\XPCO\LogServer\Server\VideoOS.LogServer.Tests\bin\Debug\VideoOS.LogServer.Tests.dll" adapterTypeName="executor://mstestadapter/v2" className="VideoOS.LogServer.Tests.DB.StoredProcedureQueryHandlerTests" name="QueryWithParameters_ShouldExecuteProcedureWithGivenParameters" />
    </UnitTest>
    <UnitTest name="LoadAsync_ShouldSetGuaranteedDeletionTimestampToDefault_IfDatabaseCallFail" storage="d:\actions-runner\_work\xpco\xpco\logserver\server\videoos.logserver.tests\bin\debug\videoos.logserver.tests.dll" id="570542cd-d8b4-7656-273b-2efef5a67393">
      <Execution id="38fbcc1d-23b4-44f2-b028-6a34682ec256" />
      <TestMethod codeBase="D:\actions-runner\_work\XPCO\XPCO\LogServer\Server\VideoOS.LogServer.Tests\bin\Debug\VideoOS.LogServer.Tests.dll" adapterTypeName="executor://mstestadapter/v2" className="VideoOS.LogServer.Tests.Configuration.LogConfigurationTests" name="LoadAsync_ShouldSetGuaranteedDeletionTimestampToDefault_IfDatabaseCallFail" />
    </UnitTest>
    <UnitTest name="QueryInstanceCount_ShouldThrowDatabaseException_WhenProcedureNameIsUnknown" storage="d:\actions-runner\_work\xpco\xpco\logserver\server\videoos.logserver.tests\bin\debug\videoos.logserver.tests.dll" id="058a41c1-39c5-da85-0de2-460d5b19181a">
      <Execution id="f67f7e8b-e801-406c-b509-d83a3ba30c85" />
      <TestMethod codeBase="D:\actions-runner\_work\XPCO\XPCO\LogServer\Server\VideoOS.LogServer.Tests\bin\Debug\VideoOS.LogServer.Tests.dll" adapterTypeName="executor://mstestadapter/v2" className="VideoOS.LogServer.Tests.DB.StoredProcedureQueryHandlerTests" name="QueryInstanceCount_ShouldThrowDatabaseException_WhenProcedureNameIsUnknown" />
    </UnitTest>
    <UnitTest name="Constructor_ShouldAddEventHandlerToModifyLogPath_OnlyWhenKeyIsFileAndLogTypeIsFilenameOrArchive (File,Filename,,C:\test,C:\test)" storage="d:\actions-runner\_work\xpco\xpco\logserver\server\videoos.logserver.tests\bin\debug\videoos.logserver.tests.dll" id="94070b35-32b5-2e82-c707-731cc4904ee4">
      <Execution id="948b1ec3-490c-48f4-8866-da264897d0e1" />
      <TestMethod codeBase="D:\actions-runner\_work\XPCO\XPCO\LogServer\Server\VideoOS.LogServer.Tests\bin\Debug\VideoOS.LogServer.Tests.dll" adapterTypeName="executor://mstestadapter/v2" className="VideoOS.LogServer.Tests.Logging.LogFactoryTests" name="Constructor_ShouldAddEventHandlerToModifyLogPath_OnlyWhenKeyIsFileAndLogTypeIsFilenameOrArchive" />
    </UnitTest>
    <UnitTest name="UpdateLogRetentionsTokenAsync_ShouldValidateUser_WithAction" storage="d:\actions-runner\_work\xpco\xpco\logserver\server\videoos.logserver.tests\bin\debug\videoos.logserver.tests.dll" id="5c92e3a1-9732-0609-d397-b423210d7b4f">
      <Execution id="c4c92fbb-0920-492e-bdb3-dddbf71cc5d3" />
      <TestMethod codeBase="D:\actions-runner\_work\XPCO\XPCO\LogServer\Server\VideoOS.LogServer.Tests\bin\Debug\VideoOS.LogServer.Tests.dll" adapterTypeName="executor://mstestadapter/v2" className="VideoOS.LogServer.Tests.WebService.LogRetentionServiceTests" name="UpdateLogRetentionsTokenAsync_ShouldValidateUser_WithAction" />
    </UnitTest>
    <UnitTest name="Start_ShouldUseDefaultGuaranteedDeletionPeriodValue_WhenMissingFromConfig" storage="d:\actions-runner\_work\xpco\xpco\logserver\server\videoos.logserver.tests\bin\debug\videoos.logserver.tests.dll" id="5afd063a-4f14-3665-0935-af7ec06a876e">
      <Execution id="d8becddf-73df-476a-a7ef-28145b43559c" />
      <TestMethod codeBase="D:\actions-runner\_work\XPCO\XPCO\LogServer\Server\VideoOS.LogServer.Tests\bin\Debug\VideoOS.LogServer.Tests.dll" adapterTypeName="executor://mstestadapter/v2" className="VideoOS.LogServer.Tests.Configuration.LogConfigurationHandlerTests" name="Start_ShouldUseDefaultGuaranteedDeletionPeriodValue_WhenMissingFromConfig" />
    </UnitTest>
    <UnitTest name="StartQuerySessionAsync_ShouldReturnInstanceCount" storage="d:\actions-runner\_work\xpco\xpco\logserver\server\videoos.logserver.tests\bin\debug\videoos.logserver.tests.dll" id="a19b043f-34ab-f306-e3b1-fbcc0632edd0">
      <Execution id="d09d5077-1db3-42de-88e3-31224f4bf074" />
      <TestMethod codeBase="D:\actions-runner\_work\XPCO\XPCO\LogServer\Server\VideoOS.LogServer.Tests\bin\Debug\VideoOS.LogServer.Tests.dll" adapterTypeName="executor://mstestadapter/v2" className="VideoOS.LogServer.Tests.Readers.AuditLogReaderTests" name="StartQuerySessionAsync_ShouldReturnInstanceCount" />
    </UnitTest>
    <UnitTest name="RegisterLegacyLogMessagesAsync_ShouldCallRegisterMessagesLegacySP" storage="d:\actions-runner\_work\xpco\xpco\logserver\server\videoos.logserver.tests\bin\debug\videoos.logserver.tests.dll" id="f218a013-d567-804d-981e-71f0aa1bae88">
      <Execution id="de23a960-a53c-4bc0-bb7d-ca75df16155e" />
      <TestMethod codeBase="D:\actions-runner\_work\XPCO\XPCO\LogServer\Server\VideoOS.LogServer.Tests\bin\Debug\VideoOS.LogServer.Tests.dll" adapterTypeName="executor://mstestadapter/v2" className="VideoOS.LogServer.Tests.Writers.SqlServerLogWriterTests" name="RegisterLegacyLogMessagesAsync_ShouldCallRegisterMessagesLegacySP" />
    </UnitTest>
    <UnitTest name="WriteLoglineAsync_ShouldIncreaseUptimeLogCountCounter" storage="d:\actions-runner\_work\xpco\xpco\logserver\server\videoos.logserver.tests\bin\debug\videoos.logserver.tests.dll" id="15f38082-3978-be6b-6ce4-4ddc9ad73d7c">
      <Execution id="e4cda759-94aa-4846-8b4f-1a78f78cabfc" />
      <TestMethod codeBase="D:\actions-runner\_work\XPCO\XPCO\LogServer\Server\VideoOS.LogServer.Tests\bin\Debug\VideoOS.LogServer.Tests.dll" adapterTypeName="executor://mstestadapter/v2" className="VideoOS.LogServer.Tests.Writers.SqlServerLogWriterTests" name="WriteLoglineAsync_ShouldIncreaseUptimeLogCountCounter" />
    </UnitTest>
    <UnitTest name="ExtractAsync_ShouldDropLoglines_WhenLogLevelIsDbNull" storage="d:\actions-runner\_work\xpco\xpco\logserver\server\videoos.logserver.tests\bin\debug\videoos.logserver.tests.dll" id="ff13db3a-5d1a-447d-aeaa-7c59d00e898a">
      <Execution id="4bfc5113-4229-4005-be31-291519dc0573" />
      <TestMethod codeBase="D:\actions-runner\_work\XPCO\XPCO\LogServer\Server\VideoOS.LogServer.Tests\bin\Debug\VideoOS.LogServer.Tests.dll" adapterTypeName="executor://mstestadapter/v2" className="VideoOS.LogServer.Tests.DB.ColumnParsers.SystemLogColumnParserTests" name="ExtractAsync_ShouldDropLoglines_WhenLogLevelIsDbNull" />
    </UnitTest>
    <UnitTest name="FetchRuleLoglinesAsync_ShouldNotModify_WhatRuleLogReaderProvides (True)" storage="d:\actions-runner\_work\xpco\xpco\logserver\server\videoos.logserver.tests\bin\debug\videoos.logserver.tests.dll" id="94ffbcce-875a-dbeb-c436-becb66351dc4">
      <Execution id="17b1fbea-0724-4cb0-a6c2-191d7747380a" />
      <TestMethod codeBase="D:\actions-runner\_work\XPCO\XPCO\LogServer\Server\VideoOS.LogServer.Tests\bin\Debug\VideoOS.LogServer.Tests.dll" adapterTypeName="executor://mstestadapter/v2" className="VideoOS.LogServer.Tests.WebService.LogReaderServiceTests" name="FetchRuleLoglinesAsync_ShouldNotModify_WhatRuleLogReaderProvides" />
    </UnitTest>
    <UnitTest name="ExtractAsync_ShouldSplitLoglines" storage="d:\actions-runner\_work\xpco\xpco\logserver\server\videoos.logserver.tests\bin\debug\videoos.logserver.tests.dll" id="d633fadc-a142-d041-07db-fefdc3bad19e">
      <Execution id="720f798f-b08a-4b65-9519-9f98852ae0c9" />
      <TestMethod codeBase="D:\actions-runner\_work\XPCO\XPCO\LogServer\Server\VideoOS.LogServer.Tests\bin\Debug\VideoOS.LogServer.Tests.dll" adapterTypeName="executor://mstestadapter/v2" className="VideoOS.LogServer.Tests.DB.ColumnParsers.SystemLogColumnParserTests" name="ExtractAsync_ShouldSplitLoglines" />
    </UnitTest>
    <UnitTest name="UpdateExpirationDatesAsync_ShouldCallDeleteExpiredMessageInstancesStoredProcedure_WithCorrectParams" storage="d:\actions-runner\_work\xpco\xpco\logserver\server\videoos.logserver.tests\bin\debug\videoos.logserver.tests.dll" id="9df08586-0c98-2de0-0fcb-bf84a51fc678">
      <Execution id="fd750844-6736-42ec-8e7d-e2ce41d348a9" />
      <TestMethod codeBase="D:\actions-runner\_work\XPCO\XPCO\LogServer\Server\VideoOS.LogServer.Tests\bin\Debug\VideoOS.LogServer.Tests.dll" adapterTypeName="executor://mstestadapter/v2" className="VideoOS.LogServer.Tests.Configuration.LogCleanupHandlerTests" name="UpdateExpirationDatesAsync_ShouldCallDeleteExpiredMessageInstancesStoredProcedure_WithCorrectParams" />
    </UnitTest>
    <UnitTest name="StartQuerySessionAsync_ShouldNotModify_WhatILogReaderProvides (True)" storage="d:\actions-runner\_work\xpco\xpco\logserver\server\videoos.logserver.tests\bin\debug\videoos.logserver.tests.dll" id="946a28bb-cef1-c7e1-e310-e2732dc76671">
      <Execution id="c7bdb8d2-49f4-40e5-a282-2fd9b5a0431f" />
      <TestMethod codeBase="D:\actions-runner\_work\XPCO\XPCO\LogServer\Server\VideoOS.LogServer.Tests\bin\Debug\VideoOS.LogServer.Tests.dll" adapterTypeName="executor://mstestadapter/v2" className="VideoOS.LogServer.Tests.WebService.LogReaderServiceTests" name="StartQuerySessionAsync_ShouldNotModify_WhatILogReaderProvides" />
    </UnitTest>
    <UnitTest name="Set_ShouldAddItemToTheCache_IfIdIsNotEmptyAndValueIsNotNull" storage="d:\actions-runner\_work\xpco\xpco\logserver\server\videoos.logserver.tests\bin\debug\videoos.logserver.tests.dll" id="90b3d8fc-ad9f-655d-a1ef-4881249ed9ab">
      <Execution id="48ee5f62-907b-421a-84d7-cf165ac9c035" />
      <TestMethod codeBase="D:\actions-runner\_work\XPCO\XPCO\LogServer\Server\VideoOS.LogServer.Tests\bin\Debug\VideoOS.LogServer.Tests.dll" adapterTypeName="executor://mstestadapter/v2" className="VideoOS.LogServer.Tests.Cache.MemoryCacheWrapperTests" name="Set_ShouldAddItemToTheCache_IfIdIsNotEmptyAndValueIsNotNull" />
    </UnitTest>
    <UnitTest name="Start_ShouldNotHandleGeneralException_IfErrorHappensWhileOpeningServiceCommunications" storage="d:\actions-runner\_work\xpco\xpco\logserver\server\videoos.logserver.tests\bin\debug\videoos.logserver.tests.dll" id="b1cbd388-6b2e-06c4-0688-0ec373c3c29e">
      <Execution id="d912a084-6268-4373-845a-437f474c40fe" />
      <TestMethod codeBase="D:\actions-runner\_work\XPCO\XPCO\LogServer\Server\VideoOS.LogServer.Tests\bin\Debug\VideoOS.LogServer.Tests.dll" adapterTypeName="executor://mstestadapter/v2" className="VideoOS.LogServer.Tests.ServiceTests" name="Start_ShouldNotHandleGeneralException_IfErrorHappensWhileOpeningServiceCommunications" />
    </UnitTest>
    <UnitTest name="RegisterLogMessages_ShouldPassParametersToLogWriter (True)" storage="d:\actions-runner\_work\xpco\xpco\logserver\server\videoos.logserver.tests\bin\debug\videoos.logserver.tests.dll" id="29b4ed19-a443-122a-977f-10b5190fb08c">
      <Execution id="f63fd90b-c549-45fd-b286-05bab7f707d8" />
      <TestMethod codeBase="D:\actions-runner\_work\XPCO\XPCO\LogServer\Server\VideoOS.LogServer.Tests\bin\Debug\VideoOS.LogServer.Tests.dll" adapterTypeName="executor://mstestadapter/v2" className="VideoOS.LogServer.Tests.WebService.LogWriterServiceTests" name="RegisterLogMessages_ShouldPassParametersToLogWriter" />
    </UnitTest>
    <UnitTest name="LoadAsync_ShouldSetAuditLogRetentionToDefault_IfDatabaseCallFail" storage="d:\actions-runner\_work\xpco\xpco\logserver\server\videoos.logserver.tests\bin\debug\videoos.logserver.tests.dll" id="473ecaf0-d961-6edb-b84a-a553cbcdae03">
      <Execution id="c3b5913e-2728-4805-8264-d52693a42cc1" />
      <TestMethod codeBase="D:\actions-runner\_work\XPCO\XPCO\LogServer\Server\VideoOS.LogServer.Tests\bin\Debug\VideoOS.LogServer.Tests.dll" adapterTypeName="executor://mstestadapter/v2" className="VideoOS.LogServer.Tests.Configuration.LogConfigurationTests" name="LoadAsync_ShouldSetAuditLogRetentionToDefault_IfDatabaseCallFail" />
    </UnitTest>
    <UnitTest name="FetchLoglinesAsync_ShouldThrowInvalidLogTypeException_IfCalledWithRuleLoglineParameter" storage="d:\actions-runner\_work\xpco\xpco\logserver\server\videoos.logserver.tests\bin\debug\videoos.logserver.tests.dll" id="666d7316-f136-b529-fef1-83626943c0db">
      <Execution id="e6fb7b38-6dce-463d-97f5-b6014eab3e1c" />
      <TestMethod codeBase="D:\actions-runner\_work\XPCO\XPCO\LogServer\Server\VideoOS.LogServer.Tests\bin\Debug\VideoOS.LogServer.Tests.dll" adapterTypeName="executor://mstestadapter/v2" className="VideoOS.LogServer.Tests.Readers.SystemLogReaderTests" name="FetchLoglinesAsync_ShouldThrowInvalidLogTypeException_IfCalledWithRuleLoglineParameter" />
    </UnitTest>
    <UnitTest name="GetLogConfigurationTimeout_ShouldReturnNull_WhenConfiguredValueIsInvalid" storage="d:\actions-runner\_work\xpco\xpco\logserver\server\videoos.logserver.tests\bin\debug\videoos.logserver.tests.dll" id="13e3c154-da82-5764-8f2d-8e5e58a32b04">
      <Execution id="f9313271-e9eb-4e71-aaf8-d2681ef89e0f" />
      <TestMethod codeBase="D:\actions-runner\_work\XPCO\XPCO\LogServer\Server\VideoOS.LogServer.Tests\bin\Debug\VideoOS.LogServer.Tests.dll" adapterTypeName="executor://mstestadapter/v2" className="VideoOS.LogServer.Tests.DB.TimeoutConfigurationTest" name="GetLogConfigurationTimeout_ShouldReturnNull_WhenConfiguredValueIsInvalid" />
    </UnitTest>
    <UnitTest name="Constructors_ShouldNotAllowInjectionOfNulls" storage="d:\actions-runner\_work\xpco\xpco\logserver\server\videoos.logserver.tests\bin\debug\videoos.logserver.tests.dll" id="6ccb7f14-4526-1e72-22ab-ff6986b81548">
      <Execution id="decd52cb-d80b-4ca1-87ae-5020e5e5e809" />
      <TestMethod codeBase="D:\actions-runner\_work\XPCO\XPCO\LogServer\Server\VideoOS.LogServer.Tests\bin\Debug\VideoOS.LogServer.Tests.dll" adapterTypeName="executor://mstestadapter/v2" className="VideoOS.LogServer.Tests.Writers.SqlServerLogWriterTests" name="Constructors_ShouldNotAllowInjectionOfNulls" />
    </UnitTest>
    <UnitTest name="LegacyLogMessage_ToStorage_PropertiesAreTransferred" storage="d:\actions-runner\_work\xpco\xpco\logserver\server\videoos.logserver.tests\bin\debug\videoos.logserver.tests.dll" id="41187636-9e2d-2549-8287-32d315144000">
      <Execution id="4fa6398c-cae6-422b-b255-5b3f944ee1a9" />
      <TestMethod codeBase="D:\actions-runner\_work\XPCO\XPCO\LogServer\Server\VideoOS.LogServer.Tests\bin\Debug\VideoOS.LogServer.Tests.dll" adapterTypeName="executor://mstestadapter/v2" className="VideoOS.LogServer.Tests.Extensions.DataContractExtensionsTests" name="LegacyLogMessage_ToStorage_PropertiesAreTransferred" />
    </UnitTest>
    <UnitTest name="GetLogsWriteTimeout_ShouldReturnNull_WhenConfiguredValueIsInvalid" storage="d:\actions-runner\_work\xpco\xpco\logserver\server\videoos.logserver.tests\bin\debug\videoos.logserver.tests.dll" id="fe6a14e4-4ab3-2bc0-d28b-2bdd79ecc62e">
      <Execution id="40a90019-668f-42d5-8424-9dcb7fd12e0a" />
      <TestMethod codeBase="D:\actions-runner\_work\XPCO\XPCO\LogServer\Server\VideoOS.LogServer.Tests\bin\Debug\VideoOS.LogServer.Tests.dll" adapterTypeName="executor://mstestadapter/v2" className="VideoOS.LogServer.Tests.DB.TimeoutConfigurationTest" name="GetLogsWriteTimeout_ShouldReturnNull_WhenConfiguredValueIsInvalid" />
    </UnitTest>
    <UnitTest name="FetchLoglinesAsync_ShouldIncreasePerformanceCounter" storage="d:\actions-runner\_work\xpco\xpco\logserver\server\videoos.logserver.tests\bin\debug\videoos.logserver.tests.dll" id="0106d28e-bf03-64db-0cdd-28f5a5e82267">
      <Execution id="5d32dc98-8578-4f53-a99f-aba6d8864deb" />
      <TestMethod codeBase="D:\actions-runner\_work\XPCO\XPCO\LogServer\Server\VideoOS.LogServer.Tests\bin\Debug\VideoOS.LogServer.Tests.dll" adapterTypeName="executor://mstestadapter/v2" className="VideoOS.LogServer.Tests.Readers.RuleLogReaderTests" name="FetchLoglinesAsync_ShouldIncreasePerformanceCounter" />
    </UnitTest>
    <UnitTest name="GetFiltersTimeout_ShouldReturnNull_WhenConfiguredValueIsInvalid" storage="d:\actions-runner\_work\xpco\xpco\logserver\server\videoos.logserver.tests\bin\debug\videoos.logserver.tests.dll" id="bf326b4d-2898-a8f0-57ed-daad32be2325">
      <Execution id="df194a28-09d3-47af-961b-e3763e536858" />
      <TestMethod codeBase="D:\actions-runner\_work\XPCO\XPCO\LogServer\Server\VideoOS.LogServer.Tests\bin\Debug\VideoOS.LogServer.Tests.dll" adapterTypeName="executor://mstestadapter/v2" className="VideoOS.LogServer.Tests.DB.TimeoutConfigurationTest" name="GetFiltersTimeout_ShouldReturnNull_WhenConfiguredValueIsInvalid" />
    </UnitTest>
    <UnitTest name="FetchAuditLoglinesAsync_ShouldThrowFaultException_WhenSqlQueriesTimeout" storage="d:\actions-runner\_work\xpco\xpco\logserver\server\videoos.logserver.tests\bin\debug\videoos.logserver.tests.dll" id="6e5007f9-68b1-9358-3a04-1d615453a078">
      <Execution id="494a273d-9b22-40ec-9ed1-44ebbf0d21df" />
      <TestMethod codeBase="D:\actions-runner\_work\XPCO\XPCO\LogServer\Server\VideoOS.LogServer.Tests\bin\Debug\VideoOS.LogServer.Tests.dll" adapterTypeName="executor://mstestadapter/v2" className="VideoOS.LogServer.Tests.WebService.LogReaderServiceTests" name="FetchAuditLoglinesAsync_ShouldThrowFaultException_WhenSqlQueriesTimeout" />
    </UnitTest>
    <UnitTest name="QueryWithParameters_ShouldThrowDatabaseException_WhenProcedureNameIsUnknown" storage="d:\actions-runner\_work\xpco\xpco\logserver\server\videoos.logserver.tests\bin\debug\videoos.logserver.tests.dll" id="c3861471-0359-9699-67ca-50c7ac19cd0c">
      <Execution id="57d53dfc-1b73-4d6e-a1f1-b107967f10b1" />
      <TestMethod codeBase="D:\actions-runner\_work\XPCO\XPCO\LogServer\Server\VideoOS.LogServer.Tests\bin\Debug\VideoOS.LogServer.Tests.dll" adapterTypeName="executor://mstestadapter/v2" className="VideoOS.LogServer.Tests.DB.StoredProcedureQueryHandlerTests" name="QueryWithParameters_ShouldThrowDatabaseException_WhenProcedureNameIsUnknown" />
    </UnitTest>
    <UnitTest name="ExtractAsync_ShouldReplaceParameters" storage="d:\actions-runner\_work\xpco\xpco\logserver\server\videoos.logserver.tests\bin\debug\videoos.logserver.tests.dll" id="c795af14-5387-85dc-b055-637824d79e17">
      <Execution id="fcf9ad13-9176-4155-a5b3-44d0f6deb06a" />
      <TestMethod codeBase="D:\actions-runner\_work\XPCO\XPCO\LogServer\Server\VideoOS.LogServer.Tests\bin\Debug\VideoOS.LogServer.Tests.dll" adapterTypeName="executor://mstestadapter/v2" className="VideoOS.LogServer.Tests.DB.ColumnParsers.SystemLogColumnParserTests" name="ExtractAsync_ShouldReplaceParameters" />
    </UnitTest>
    <UnitTest name="GetFilterValuesAsync_ShouldNotModify_WhatFilterValueReaderProvides (False)" storage="d:\actions-runner\_work\xpco\xpco\logserver\server\videoos.logserver.tests\bin\debug\videoos.logserver.tests.dll" id="dfffea35-c158-b556-c3df-bc3a8c5f52e9">
      <Execution id="be5d5479-7c65-402d-806d-61814dafa065" />
      <TestMethod codeBase="D:\actions-runner\_work\XPCO\XPCO\LogServer\Server\VideoOS.LogServer.Tests\bin\Debug\VideoOS.LogServer.Tests.dll" adapterTypeName="executor://mstestadapter/v2" className="VideoOS.LogServer.Tests.WebService.LogReaderServiceTests" name="GetFilterValuesAsync_ShouldNotModify_WhatFilterValueReaderProvides" />
    </UnitTest>
    <UnitTest name="CreateDefaultLogger_ShouldFallbackToEmptyLogger_WhenLogMangerThrowsException" storage="d:\actions-runner\_work\xpco\xpco\logserver\server\videoos.logserver.tests\bin\debug\videoos.logserver.tests.dll" id="dbfafe45-1966-a1e8-66e8-e85f80b3159a">
      <Execution id="dac9c5f4-9ca1-40a1-bb47-862476633291" />
      <TestMethod codeBase="D:\actions-runner\_work\XPCO\XPCO\LogServer\Server\VideoOS.LogServer.Tests\bin\Debug\VideoOS.LogServer.Tests.dll" adapterTypeName="executor://mstestadapter/v2" className="VideoOS.LogServer.Tests.Logging.LogFactoryTests" name="CreateDefaultLogger_ShouldFallbackToEmptyLogger_WhenLogMangerThrowsException" />
    </UnitTest>
    <UnitTest name="Stop_ShouldLogStoppedMessage" storage="d:\actions-runner\_work\xpco\xpco\logserver\server\videoos.logserver.tests\bin\debug\videoos.logserver.tests.dll" id="ca8c6453-f447-4daf-d9fb-b1c25b833c99">
      <Execution id="8e92e785-0373-465d-8f80-cb82e8598344" />
      <TestMethod codeBase="D:\actions-runner\_work\XPCO\XPCO\LogServer\Server\VideoOS.LogServer.Tests\bin\Debug\VideoOS.LogServer.Tests.dll" adapterTypeName="executor://mstestadapter/v2" className="VideoOS.LogServer.Tests.ServiceTests" name="Stop_ShouldLogStoppedMessage" />
    </UnitTest>
    <UnitTest name="UpdateAnonymousLoggingAsync_ShouldChangeExistingAnonymousLogging_WhenDifferentFromExisting" storage="d:\actions-runner\_work\xpco\xpco\logserver\server\videoos.logserver.tests\bin\debug\videoos.logserver.tests.dll" id="e25cad79-0d2e-c930-5d8e-127920e179b7">
      <Execution id="54c51c5d-a5d1-4945-bad2-64f4e065522e" />
      <TestMethod codeBase="D:\actions-runner\_work\XPCO\XPCO\LogServer\Server\VideoOS.LogServer.Tests\bin\Debug\VideoOS.LogServer.Tests.dll" adapterTypeName="executor://mstestadapter/v2" className="VideoOS.LogServer.Tests.Configuration.LogConfigurationTests" name="UpdateAnonymousLoggingAsync_ShouldChangeExistingAnonymousLogging_WhenDifferentFromExisting" />
    </UnitTest>
    <UnitTest name="LoadAsync_ShouldSetAnonymousLoggingToDefault_IfDatabaseCallFail" storage="d:\actions-runner\_work\xpco\xpco\logserver\server\videoos.logserver.tests\bin\debug\videoos.logserver.tests.dll" id="11b31334-e5c4-af6d-5877-40b3343d2759">
      <Execution id="a6acb405-9c00-4d30-bef0-e57c2cfb3470" />
      <TestMethod codeBase="D:\actions-runner\_work\XPCO\XPCO\LogServer\Server\VideoOS.LogServer.Tests\bin\Debug\VideoOS.LogServer.Tests.dll" adapterTypeName="executor://mstestadapter/v2" className="VideoOS.LogServer.Tests.Configuration.LogConfigurationTests" name="LoadAsync_ShouldSetAnonymousLoggingToDefault_IfDatabaseCallFail" />
    </UnitTest>
    <UnitTest name="GetLogRetentionsTokenAsync_ShouldReturnRetentionValuesFromConfiguration" storage="d:\actions-runner\_work\xpco\xpco\logserver\server\videoos.logserver.tests\bin\debug\videoos.logserver.tests.dll" id="abd88dde-2d40-b182-a901-78a57c691a17">
      <Execution id="7763a9df-6244-4994-b104-6b4e65330792" />
      <TestMethod codeBase="D:\actions-runner\_work\XPCO\XPCO\LogServer\Server\VideoOS.LogServer.Tests\bin\Debug\VideoOS.LogServer.Tests.dll" adapterTypeName="executor://mstestadapter/v2" className="VideoOS.LogServer.Tests.WebService.LogRetentionServiceTests" name="GetLogRetentionsTokenAsync_ShouldReturnRetentionValuesFromConfiguration" />
    </UnitTest>
    <UnitTest name="GetLogsWriteTimeout_ShouldReturnNull_IfNoValueIsConfigured" storage="d:\actions-runner\_work\xpco\xpco\logserver\server\videoos.logserver.tests\bin\debug\videoos.logserver.tests.dll" id="10045a5b-f7a6-9eb3-3774-e020672cce38">
      <Execution id="fe68f036-ddde-41ae-a8de-8adc1e07628b" />
      <TestMethod codeBase="D:\actions-runner\_work\XPCO\XPCO\LogServer\Server\VideoOS.LogServer.Tests\bin\Debug\VideoOS.LogServer.Tests.dll" adapterTypeName="executor://mstestadapter/v2" className="VideoOS.LogServer.Tests.DB.TimeoutConfigurationTest" name="GetLogsWriteTimeout_ShouldReturnNull_IfNoValueIsConfigured" />
    </UnitTest>
    <UnitTest name="GetLogConfigurationTimeout_ShouldReturnNull_IfNoValueIsConfigured" storage="d:\actions-runner\_work\xpco\xpco\logserver\server\videoos.logserver.tests\bin\debug\videoos.logserver.tests.dll" id="d59656c0-8234-107d-6ab0-cb62a900f180">
      <Execution id="77a5138b-c51c-4119-96f7-38e6b14c0d77" />
      <TestMethod codeBase="D:\actions-runner\_work\XPCO\XPCO\LogServer\Server\VideoOS.LogServer.Tests\bin\Debug\VideoOS.LogServer.Tests.dll" adapterTypeName="executor://mstestadapter/v2" className="VideoOS.LogServer.Tests.DB.TimeoutConfigurationTest" name="GetLogConfigurationTimeout_ShouldReturnNull_IfNoValueIsConfigured" />
    </UnitTest>
    <UnitTest name="FetchSystemLoglinesAsync_ShouldNotModify_WhatSystemLogReaderProvides (True)" storage="d:\actions-runner\_work\xpco\xpco\logserver\server\videoos.logserver.tests\bin\debug\videoos.logserver.tests.dll" id="36606ff2-0697-4884-12b1-9866e64ddefa">
      <Execution id="ea044927-37df-416b-9204-174b39ea8fa3" />
      <TestMethod codeBase="D:\actions-runner\_work\XPCO\XPCO\LogServer\Server\VideoOS.LogServer.Tests\bin\Debug\VideoOS.LogServer.Tests.dll" adapterTypeName="executor://mstestadapter/v2" className="VideoOS.LogServer.Tests.WebService.LogReaderServiceTests" name="FetchSystemLoglinesAsync_ShouldNotModify_WhatSystemLogReaderProvides" />
    </UnitTest>
    <UnitTest name="WriteLoglineAsync_ShouldPassParametersToLogWriter (True)" storage="d:\actions-runner\_work\xpco\xpco\logserver\server\videoos.logserver.tests\bin\debug\videoos.logserver.tests.dll" id="e790f465-ba71-7866-1439-99e46147feec">
      <Execution id="129d5550-b174-46b0-b70b-34c85eddb4be" />
      <TestMethod codeBase="D:\actions-runner\_work\XPCO\XPCO\LogServer\Server\VideoOS.LogServer.Tests\bin\Debug\VideoOS.LogServer.Tests.dll" adapterTypeName="executor://mstestadapter/v2" className="VideoOS.LogServer.Tests.WebService.LogWriterServiceTests" name="WriteLoglineAsync_ShouldPassParametersToLogWriter" />
    </UnitTest>
    <UnitTest name="QueryWithParameters_ShouldReturnParsedLoglines" storage="d:\actions-runner\_work\xpco\xpco\logserver\server\videoos.logserver.tests\bin\debug\videoos.logserver.tests.dll" id="eb23929e-f5e4-df55-4e3b-cd8c91dbb810">
      <Execution id="d7f607c0-058c-4017-8aae-1ba86cec6e59" />
      <TestMethod codeBase="D:\actions-runner\_work\XPCO\XPCO\LogServer\Server\VideoOS.LogServer.Tests\bin\Debug\VideoOS.LogServer.Tests.dll" adapterTypeName="executor://mstestadapter/v2" className="VideoOS.LogServer.Tests.DB.StoredProcedureQueryHandlerTests" name="QueryWithParameters_ShouldReturnParsedLoglines" />
    </UnitTest>
    <UnitTest name="FetchLoglinesAsync_ShouldThrowException_WhenCalledWithInvalidQuerySession" storage="d:\actions-runner\_work\xpco\xpco\logserver\server\videoos.logserver.tests\bin\debug\videoos.logserver.tests.dll" id="349eca6e-b1f6-6ab4-c396-e8c299476d7b">
      <Execution id="2f9b0aef-2395-4913-bd91-12b4fa8a4ae3" />
      <TestMethod codeBase="D:\actions-runner\_work\XPCO\XPCO\LogServer\Server\VideoOS.LogServer.Tests\bin\Debug\VideoOS.LogServer.Tests.dll" adapterTypeName="executor://mstestadapter/v2" className="VideoOS.LogServer.Tests.Readers.QuerySessionLogReaderTests" name="FetchLoglinesAsync_ShouldThrowException_WhenCalledWithInvalidQuerySession" />
    </UnitTest>
    <UnitTest name="ReadLogStarted_ShouldNotWriteLogline_WhenLogTypeIsDifferentThanAudit" storage="d:\actions-runner\_work\xpco\xpco\logserver\server\videoos.logserver.tests\bin\debug\videoos.logserver.tests.dll" id="e1527d17-03fa-35ef-30a9-f04fa15d08f8">
      <Execution id="90a4a869-7efc-4222-b1bf-94fc34e72a5c" />
      <TestMethod codeBase="D:\actions-runner\_work\XPCO\XPCO\LogServer\Server\VideoOS.LogServer.Tests\bin\Debug\VideoOS.LogServer.Tests.dll" adapterTypeName="executor://mstestadapter/v2" className="VideoOS.LogServer.Tests.AuditLog.AuditLoggerTests" name="ReadLogStarted_ShouldNotWriteLogline_WhenLogTypeIsDifferentThanAudit" />
    </UnitTest>
    <UnitTest name="ExecuteWithParameters_ShouldExecuteProcedureWithGivenName" storage="d:\actions-runner\_work\xpco\xpco\logserver\server\videoos.logserver.tests\bin\debug\videoos.logserver.tests.dll" id="28b6ad06-97da-62ac-35c6-52354334fb8a">
      <Execution id="e1d1b088-23a7-4fa0-9930-3507161e36c1" />
      <TestMethod codeBase="D:\actions-runner\_work\XPCO\XPCO\LogServer\Server\VideoOS.LogServer.Tests\bin\Debug\VideoOS.LogServer.Tests.dll" adapterTypeName="executor://mstestadapter/v2" className="VideoOS.LogServer.Tests.DB.StoredProcedureCommandHandlerTests" name="ExecuteWithParameters_ShouldExecuteProcedureWithGivenName" />
    </UnitTest>
    <UnitTest name="QueryWithParameters_ShouldThrowDatabaseException_IfQueryExecutionFails" storage="d:\actions-runner\_work\xpco\xpco\logserver\server\videoos.logserver.tests\bin\debug\videoos.logserver.tests.dll" id="02cb074b-5330-23f6-0c4a-4c0ddce8264e">
      <Execution id="9f259075-d878-4892-ada5-218c13b8679a" />
      <TestMethod codeBase="D:\actions-runner\_work\XPCO\XPCO\LogServer\Server\VideoOS.LogServer.Tests\bin\Debug\VideoOS.LogServer.Tests.dll" adapterTypeName="executor://mstestadapter/v2" className="VideoOS.LogServer.Tests.DB.StoredProcedureQueryHandlerTests" name="QueryWithParameters_ShouldThrowDatabaseException_IfQueryExecutionFails" />
    </UnitTest>
    <UnitTest name="Constructors_ShouldNotAllowInjectionOfNulls" storage="d:\actions-runner\_work\xpco\xpco\logserver\server\videoos.logserver.tests\bin\debug\videoos.logserver.tests.dll" id="a854d2bf-1c93-0b5f-3dc6-286d7894c488">
      <Execution id="6db11627-2a7e-47fe-b7c5-7081fbdbdb09" />
      <TestMethod codeBase="D:\actions-runner\_work\XPCO\XPCO\LogServer\Server\VideoOS.LogServer.Tests\bin\Debug\VideoOS.LogServer.Tests.dll" adapterTypeName="executor://mstestadapter/v2" className="VideoOS.LogServer.Tests.DB.StoredProcedureCommandHandlerTests" name="Constructors_ShouldNotAllowInjectionOfNulls" />
    </UnitTest>
    <UnitTest name="StartQuerySessionAsync_ShouldCacheNewlyCreatedQuerySession" storage="d:\actions-runner\_work\xpco\xpco\logserver\server\videoos.logserver.tests\bin\debug\videoos.logserver.tests.dll" id="d996c347-7097-0c09-0ebe-01ed60715001">
      <Execution id="b92976a9-3467-48fd-bc36-273dbd519bc8" />
      <TestMethod codeBase="D:\actions-runner\_work\XPCO\XPCO\LogServer\Server\VideoOS.LogServer.Tests\bin\Debug\VideoOS.LogServer.Tests.dll" adapterTypeName="executor://mstestadapter/v2" className="VideoOS.LogServer.Tests.Readers.QuerySessionLogReaderTests" name="StartQuerySessionAsync_ShouldCacheNewlyCreatedQuerySession" />
    </UnitTest>
    <UnitTest name="GetFilterValuesAsync_ShouldCallFilterValueReader" storage="d:\actions-runner\_work\xpco\xpco\logserver\server\videoos.logserver.tests\bin\debug\videoos.logserver.tests.dll" id="9646d898-950c-f77e-17d4-11b5b9a00117">
      <Execution id="24dbe935-c149-4661-a874-2b796a83ed29" />
      <TestMethod codeBase="D:\actions-runner\_work\XPCO\XPCO\LogServer\Server\VideoOS.LogServer.Tests\bin\Debug\VideoOS.LogServer.Tests.dll" adapterTypeName="executor://mstestadapter/v2" className="VideoOS.LogServer.Tests.Readers.QuerySessionLogReaderTests" name="GetFilterValuesAsync_ShouldCallFilterValueReader" />
    </UnitTest>
    <UnitTest name="StartShouldUsePeriodValueFromConfig_WhenStartingGuaranteedDeletionTimer (0,7)" storage="d:\actions-runner\_work\xpco\xpco\logserver\server\videoos.logserver.tests\bin\debug\videoos.logserver.tests.dll" id="aa0f12fd-d492-cc14-3d80-226514d8d323">
      <Execution id="966c7e4b-a935-4282-933c-be74e349155e" />
      <TestMethod codeBase="D:\actions-runner\_work\XPCO\XPCO\LogServer\Server\VideoOS.LogServer.Tests\bin\Debug\VideoOS.LogServer.Tests.dll" adapterTypeName="executor://mstestadapter/v2" className="VideoOS.LogServer.Tests.Configuration.LogConfigurationHandlerTests" name="StartShouldUsePeriodValueFromConfig_WhenStartingGuaranteedDeletionTimer" />
    </UnitTest>
    <UnitTest name="GetLogConfigurationTimeout_ShouldReturnIntValue_WhenConfiguredValueIsValid" storage="d:\actions-runner\_work\xpco\xpco\logserver\server\videoos.logserver.tests\bin\debug\videoos.logserver.tests.dll" id="66f1caca-fb0c-9fd2-aeb7-dae3262d3988">
      <Execution id="ab53608b-17c1-43a0-8f3f-d2dc4fbb90a0" />
      <TestMethod codeBase="D:\actions-runner\_work\XPCO\XPCO\LogServer\Server\VideoOS.LogServer.Tests\bin\Debug\VideoOS.LogServer.Tests.dll" adapterTypeName="executor://mstestadapter/v2" className="VideoOS.LogServer.Tests.DB.TimeoutConfigurationTest" name="GetLogConfigurationTimeout_ShouldReturnIntValue_WhenConfiguredValueIsValid" />
    </UnitTest>
    <UnitTest name="GetFiltersTimeout_ShouldReturnNull_IfNoValueIsConfigured" storage="d:\actions-runner\_work\xpco\xpco\logserver\server\videoos.logserver.tests\bin\debug\videoos.logserver.tests.dll" id="8e05f9e1-4bc3-7f4d-839a-2cb3629e60a3">
      <Execution id="76b74e48-a7c7-4b79-b35b-1a549ec51978" />
      <TestMethod codeBase="D:\actions-runner\_work\XPCO\XPCO\LogServer\Server\VideoOS.LogServer.Tests\bin\Debug\VideoOS.LogServer.Tests.dll" adapterTypeName="executor://mstestadapter/v2" className="VideoOS.LogServer.Tests.DB.TimeoutConfigurationTest" name="GetFiltersTimeout_ShouldReturnNull_IfNoValueIsConfigured" />
    </UnitTest>
    <UnitTest name="Constructors_ShouldNotAllowInjectionOfNulls" storage="d:\actions-runner\_work\xpco\xpco\logserver\server\videoos.logserver.tests\bin\debug\videoos.logserver.tests.dll" id="253e05e6-184d-d60b-b20a-241b5dc0495a">
      <Execution id="639e019e-e964-4165-baa1-f5d7e356e861" />
      <TestMethod codeBase="D:\actions-runner\_work\XPCO\XPCO\LogServer\Server\VideoOS.LogServer.Tests\bin\Debug\VideoOS.LogServer.Tests.dll" adapterTypeName="executor://mstestadapter/v2" className="VideoOS.LogServer.Tests.WebService.LogWriterServiceTests" name="Constructors_ShouldNotAllowInjectionOfNulls" />
    </UnitTest>
    <UnitTest name="Constructors_ShouldNotAllowInjectionOfNulls" storage="d:\actions-runner\_work\xpco\xpco\logserver\server\videoos.logserver.tests\bin\debug\videoos.logserver.tests.dll" id="e2ad2a9d-57f7-b89c-f98d-52105b0ccf10">
      <Execution id="727dc474-b3df-45ac-af38-b1e644783aa3" />
      <TestMethod codeBase="D:\actions-runner\_work\XPCO\XPCO\LogServer\Server\VideoOS.LogServer.Tests\bin\Debug\VideoOS.LogServer.Tests.dll" adapterTypeName="executor://mstestadapter/v2" className="VideoOS.LogServer.Tests.Readers.SystemLogReaderTests" name="Constructors_ShouldNotAllowInjectionOfNulls" />
    </UnitTest>
    <UnitTest name="UpdateRetentionsAsync_ShouldNotChangeAuditLogRetention_WhenUpdateFails" storage="d:\actions-runner\_work\xpco\xpco\logserver\server\videoos.logserver.tests\bin\debug\videoos.logserver.tests.dll" id="49b9fc86-6497-bb44-b669-e85a21571c3b">
      <Execution id="43ed0751-d1bb-44ea-b5d4-fc069e7540f1" />
      <TestMethod codeBase="D:\actions-runner\_work\XPCO\XPCO\LogServer\Server\VideoOS.LogServer.Tests\bin\Debug\VideoOS.LogServer.Tests.dll" adapterTypeName="executor://mstestadapter/v2" className="VideoOS.LogServer.Tests.Configuration.LogConfigurationTests" name="UpdateRetentionsAsync_ShouldNotChangeAuditLogRetention_WhenUpdateFails" />
    </UnitTest>
    <UnitTest name="GetLogsReadTimeout_ShouldReturnIntValue_WhenConfiguredValueIsValid" storage="d:\actions-runner\_work\xpco\xpco\logserver\server\videoos.logserver.tests\bin\debug\videoos.logserver.tests.dll" id="eef69d7e-2e3f-3b2c-b176-747c2fdc2b03">
      <Execution id="735340b0-aa8d-4024-a74e-6cf151e2b6fe" />
      <TestMethod codeBase="D:\actions-runner\_work\XPCO\XPCO\LogServer\Server\VideoOS.LogServer.Tests\bin\Debug\VideoOS.LogServer.Tests.dll" adapterTypeName="executor://mstestadapter/v2" className="VideoOS.LogServer.Tests.DB.TimeoutConfigurationTest" name="GetLogsReadTimeout_ShouldReturnIntValue_WhenConfiguredValueIsValid" />
    </UnitTest>
    <UnitTest name="FetchLoglinesAsync_ShouldThrowInvalidLogTypeException_IfCalledWithRuleLoglineParameter" storage="d:\actions-runner\_work\xpco\xpco\logserver\server\videoos.logserver.tests\bin\debug\videoos.logserver.tests.dll" id="70b86e9d-2393-9129-f216-951feb713fd8">
      <Execution id="8aba441e-12ec-4a75-bfcc-ffe917bd715e" />
      <TestMethod codeBase="D:\actions-runner\_work\XPCO\XPCO\LogServer\Server\VideoOS.LogServer.Tests\bin\Debug\VideoOS.LogServer.Tests.dll" adapterTypeName="executor://mstestadapter/v2" className="VideoOS.LogServer.Tests.Readers.AuditLogReaderTests" name="FetchLoglinesAsync_ShouldThrowInvalidLogTypeException_IfCalledWithRuleLoglineParameter" />
    </UnitTest>
    <UnitTest name="UpdateLogRetentionsAsync_ShouldPassParametersToLogRetentionHandler" storage="d:\actions-runner\_work\xpco\xpco\logserver\server\videoos.logserver.tests\bin\debug\videoos.logserver.tests.dll" id="6abe45a8-0c82-1d3d-9c9c-537a19e5f511">
      <Execution id="2fe2a0f2-6fc9-4c2f-9a81-5ffee0597a6d" />
      <TestMethod codeBase="D:\actions-runner\_work\XPCO\XPCO\LogServer\Server\VideoOS.LogServer.Tests\bin\Debug\VideoOS.LogServer.Tests.dll" adapterTypeName="executor://mstestadapter/v2" className="VideoOS.LogServer.Tests.WebService.LogRetentionServiceTests" name="UpdateLogRetentionsAsync_ShouldPassParametersToLogRetentionHandler" />
    </UnitTest>
    <UnitTest name="ReadLogStarted_ShouldRegisterCategory" storage="d:\actions-runner\_work\xpco\xpco\logserver\server\videoos.logserver.tests\bin\debug\videoos.logserver.tests.dll" id="8ee0b5c9-ec1f-765c-1842-43684d1e80b8">
      <Execution id="7a642c5b-ec5b-4e3e-aff6-b391c905e693" />
      <TestMethod codeBase="D:\actions-runner\_work\XPCO\XPCO\LogServer\Server\VideoOS.LogServer.Tests\bin\Debug\VideoOS.LogServer.Tests.dll" adapterTypeName="executor://mstestadapter/v2" className="VideoOS.LogServer.Tests.AuditLog.AuditLoggerTests" name="ReadLogStarted_ShouldRegisterCategory" />
    </UnitTest>
    <UnitTest name="FetchLoglinesAsync_ShouldReturnMoreData_OnSubsequentCalls" storage="d:\actions-runner\_work\xpco\xpco\logserver\server\videoos.logserver.tests\bin\debug\videoos.logserver.tests.dll" id="ef1c7cb9-a3bf-ea46-735f-36f55ce06156">
      <Execution id="af8ee935-ac22-4fe0-81db-ac7f7f6db824" />
      <TestMethod codeBase="D:\actions-runner\_work\XPCO\XPCO\LogServer\Server\VideoOS.LogServer.Tests\bin\Debug\VideoOS.LogServer.Tests.dll" adapterTypeName="executor://mstestadapter/v2" className="VideoOS.LogServer.Tests.Readers.QuerySessionLogReaderTests" name="FetchLoglinesAsync_ShouldReturnMoreData_OnSubsequentCalls" />
    </UnitTest>
  </TestDefinitions>
  <TestEntries>
    <TestEntry testId="0106d28e-bf03-64db-0cdd-28f5a5e82267" executionId="5d32dc98-8578-4f53-a99f-aba6d8864deb" testListId="8c84fa94-04c1-424b-9868-57a2d4851a1d" />
    <TestEntry testId="48d7d92d-1cba-4cb4-04f0-21a16fc7eb30" executionId="6964bfa3-4423-4778-8bf5-7e172a09cba2" testListId="8c84fa94-04c1-424b-9868-57a2d4851a1d" />
    <TestEntry testId="11b31334-e5c4-af6d-5877-40b3343d2759" executionId="a6acb405-9c00-4d30-bef0-e57c2cfb3470" testListId="8c84fa94-04c1-424b-9868-57a2d4851a1d" />
    <TestEntry testId="08d23c4a-537a-0689-fcea-9b2316443b98" executionId="80b5bdff-4293-4f16-81b8-6f3b3c9f4b31" testListId="8c84fa94-04c1-424b-9868-57a2d4851a1d" />
    <TestEntry testId="f37e5f5b-a609-fcf3-c453-9f411a15eaeb" executionId="819bc07e-f6f3-4160-8735-cfd7f17750f8" testListId="8c84fa94-04c1-424b-9868-57a2d4851a1d" />
    <TestEntry testId="a4711565-c39e-01d4-d39b-fc6ccc993f1c" executionId="674cb4fa-fb8b-4b21-a627-edb62e47552a" testListId="8c84fa94-04c1-424b-9868-57a2d4851a1d" />
    <TestEntry testId="33f0f1bd-017b-4deb-1129-02ec0474525f" executionId="53550439-a037-41cd-af02-8c0f645a8efd" testListId="8c84fa94-04c1-424b-9868-57a2d4851a1d" />
    <TestEntry testId="7c92f7d2-750f-6fb3-35f0-07a2f2ea94a0" executionId="8a07766d-253c-4c04-96f3-3d49ecd2efaa" testListId="8c84fa94-04c1-424b-9868-57a2d4851a1d" />
    <TestEntry testId="68e281b9-9a49-3611-3114-3d9c71e194e5" executionId="c596cd22-b188-49be-a7fe-e0cb24986fa5" testListId="8c84fa94-04c1-424b-9868-57a2d4851a1d" />
    <TestEntry testId="2aed5c1c-004f-a3e4-3408-a089f3a767e6" executionId="796e5b79-945b-4f78-b28d-a5a79f2571b2" testListId="8c84fa94-04c1-424b-9868-57a2d4851a1d" />
    <TestEntry testId="8d6f159a-d3b6-803f-2d76-53607f783811" executionId="b2dd69f7-b372-441a-a5ec-22b2c45e2a01" testListId="8c84fa94-04c1-424b-9868-57a2d4851a1d" />
    <TestEntry testId="6abe45a8-0c82-1d3d-9c9c-537a19e5f511" executionId="2fe2a0f2-6fc9-4c2f-9a81-5ffee0597a6d" testListId="8c84fa94-04c1-424b-9868-57a2d4851a1d" />
    <TestEntry testId="a9f9e3bb-433e-c350-5ed2-674fc5fabd0c" executionId="c582ea66-cb0f-4d4d-8dc8-f3bc0784d72f" testListId="8c84fa94-04c1-424b-9868-57a2d4851a1d" />
    <TestEntry testId="55942c13-e5ff-2d5d-73a9-b4e10adff844" executionId="b0f0bd05-365d-4a5e-9cd0-d40bd046583e" testListId="8c84fa94-04c1-424b-9868-57a2d4851a1d" />
    <TestEntry testId="3fa1efea-04df-0715-5224-3faefa634d4c" executionId="2e932b74-4b2b-485e-a5b1-548c1d8bbba9" testListId="8c84fa94-04c1-424b-9868-57a2d4851a1d" />
    <TestEntry testId="fbeaa9cd-75c8-4720-ec04-b4c5799961cc" executionId="f5fa889e-520e-48ff-a556-38de1327b920" testListId="8c84fa94-04c1-424b-9868-57a2d4851a1d" />
    <TestEntry testId="be35e1b7-f2ff-7028-5c3e-477704901cf6" executionId="3c8a268b-017e-489a-af19-1bbea33f463f" testListId="8c84fa94-04c1-424b-9868-57a2d4851a1d" />
    <TestEntry testId="316b3d85-b774-80ff-225e-2f91405af64b" executionId="aba2b20d-190f-4064-b947-e674aba77e38" testListId="8c84fa94-04c1-424b-9868-57a2d4851a1d" />
    <TestEntry testId="aa5fdb42-6163-3cac-f313-8b68e7bf0b72" executionId="e764c373-9b3d-4834-bf22-eb42cd77ff4d" testListId="8c84fa94-04c1-424b-9868-57a2d4851a1d" />
    <TestEntry testId="ffd661dd-2186-86c0-0b38-244ae7c977ae" executionId="3bf69ea7-6142-4dda-a10a-dcd9a1b91387" testListId="8c84fa94-04c1-424b-9868-57a2d4851a1d" />
    <TestEntry testId="1ce32296-e7d9-6827-d72c-bed461602764" executionId="27240e8f-0f58-433c-9171-c4f9fbfd699d" testListId="8c84fa94-04c1-424b-9868-57a2d4851a1d" />
    <TestEntry testId="00c949e9-3282-e9a3-1397-e04412ea8166" executionId="0100e9a2-fc8d-4736-99f0-77d7c8156569" testListId="8c84fa94-04c1-424b-9868-57a2d4851a1d" />
    <TestEntry testId="8d6f159a-d3b6-803f-2d76-53607f783811" executionId="f02e890b-af37-494b-8daa-f769d51b2f91" testListId="8c84fa94-04c1-424b-9868-57a2d4851a1d" />
    <TestEntry testId="abd88dde-2d40-b182-a901-78a57c691a17" executionId="7763a9df-6244-4994-b104-6b4e65330792" testListId="8c84fa94-04c1-424b-9868-57a2d4851a1d" />
    <TestEntry testId="5db55629-0a21-092e-739e-5af2926f9b3e" executionId="68fd0dbb-20ec-4c3c-ab38-3e2a62537b4b" testListId="8c84fa94-04c1-424b-9868-57a2d4851a1d" />
    <TestEntry testId="00c949e9-3282-e9a3-1397-e04412ea8166" executionId="6f1e6ca7-6c90-43fb-bda0-d7f8a4ad92dc" testListId="8c84fa94-04c1-424b-9868-57a2d4851a1d" />
    <TestEntry testId="4d0f2489-9d84-33a3-5b67-62d70ee6015e" executionId="1d82a879-d122-4ccc-a612-7ed8497881fb" testListId="8c84fa94-04c1-424b-9868-57a2d4851a1d" />
    <TestEntry testId="bd042076-2402-fb19-56c3-223eeac85ec4" executionId="929d0599-fe6a-4d8a-8423-4e86475d02a2" testListId="8c84fa94-04c1-424b-9868-57a2d4851a1d" />
    <TestEntry testId="0b5cc70f-749a-b034-c5da-8bb157930f2b" executionId="e9226989-e7db-49c5-b9ac-8766124b16df" testListId="8c84fa94-04c1-424b-9868-57a2d4851a1d" />
    <TestEntry testId="29b446c8-895d-c6f8-de01-0594f2a1c587" executionId="04169dc8-a6d2-4e0d-ad10-54b650bcbe78" testListId="8c84fa94-04c1-424b-9868-57a2d4851a1d" />
    <TestEntry testId="a854d2bf-1c93-0b5f-3dc6-286d7894c488" executionId="6db11627-2a7e-47fe-b7c5-7081fbdbdb09" testListId="8c84fa94-04c1-424b-9868-57a2d4851a1d" />
    <TestEntry testId="9a1d635d-40c5-c203-487d-681910583bd1" executionId="b6843182-4e54-4df2-b9f1-499c0c658877" testListId="8c84fa94-04c1-424b-9868-57a2d4851a1d" />
    <TestEntry testId="e59a91f4-e261-7412-d22f-9e023a35acfb" executionId="17712468-6f0a-4cf4-a31c-14d1b0093149" testListId="8c84fa94-04c1-424b-9868-57a2d4851a1d" />
    <TestEntry testId="bd042076-2402-fb19-56c3-223eeac85ec4" executionId="2e5d2eff-20af-46ae-b8dc-e3172c8b70f8" testListId="8c84fa94-04c1-424b-9868-57a2d4851a1d" />
    <TestEntry testId="eff2ccef-2650-b7c7-0276-9c5212c56bf2" executionId="1ccc945f-9c36-4d1c-96bf-9efaea6a38b3" testListId="8c84fa94-04c1-424b-9868-57a2d4851a1d" />
    <TestEntry testId="253e05e6-184d-d60b-b20a-241b5dc0495a" executionId="639e019e-e964-4165-baa1-f5d7e356e861" testListId="8c84fa94-04c1-424b-9868-57a2d4851a1d" />
    <TestEntry testId="e74b3aa3-19f2-6b8f-b72a-a91f68fa6b58" executionId="d5dc0f1a-be85-45c6-8dba-521f0adf99d1" testListId="8c84fa94-04c1-424b-9868-57a2d4851a1d" />
    <TestEntry testId="63177222-c257-3243-2f59-3b5d93a22579" executionId="ffc33a0a-7213-4ef3-84b7-3f45d12cb2ef" testListId="8c84fa94-04c1-424b-9868-57a2d4851a1d" />
    <TestEntry testId="fe86095b-1383-1998-6dba-cd3929e0d39e" executionId="2e18dc83-35c6-4e1f-a4c4-455ff54c4429" testListId="8c84fa94-04c1-424b-9868-57a2d4851a1d" />
    <TestEntry testId="2a282dd0-4c79-0f43-d28a-2a8356b63131" executionId="c50e440b-078d-4480-8b30-a10cbf97b382" testListId="8c84fa94-04c1-424b-9868-57a2d4851a1d" />
    <TestEntry testId="063ab08e-8f53-7d15-0708-d6c1607b08ab" executionId="43a4104a-6bd4-40ca-b00d-2a4759621109" testListId="8c84fa94-04c1-424b-9868-57a2d4851a1d" />
    <TestEntry testId="b7f2eec2-b919-f581-118e-ba5b29993614" executionId="7b396d5f-fcb5-4c0e-94c3-4c06b38c1a15" testListId="8c84fa94-04c1-424b-9868-57a2d4851a1d" />
    <TestEntry testId="aa0f12fd-d492-cc14-3d80-226514d8d323" executionId="966c7e4b-a935-4282-933c-be74e349155e" testListId="8c84fa94-04c1-424b-9868-57a2d4851a1d" />
    <TestEntry testId="9df08586-0c98-2de0-0fcb-bf84a51fc678" executionId="fd750844-6736-42ec-8e7d-e2ce41d348a9" testListId="8c84fa94-04c1-424b-9868-57a2d4851a1d" />
    <TestEntry testId="90b3d8fc-ad9f-655d-a1ef-4881249ed9ab" executionId="48ee5f62-907b-421a-84d7-cf165ac9c035" testListId="8c84fa94-04c1-424b-9868-57a2d4851a1d" />
    <TestEntry testId="99eed9ea-8a82-587e-fd3f-287a3c8371d2" executionId="578fc34c-33f5-4ed5-a55b-8dffb57420ae" testListId="8c84fa94-04c1-424b-9868-57a2d4851a1d" />
    <TestEntry testId="943e2f0c-a2c5-7818-775b-e40db3dfc88b" executionId="a05179a6-90f2-42b9-978a-b209ea5dc7b7" testListId="8c84fa94-04c1-424b-9868-57a2d4851a1d" />
    <TestEntry testId="ae67d189-8768-4d42-e0db-575f082bf6ef" executionId="c4359a28-2dfd-44d2-b7e7-b97b0bde7a3f" testListId="8c84fa94-04c1-424b-9868-57a2d4851a1d" />
    <TestEntry testId="7bd295c4-7050-79ba-455e-7999ded93129" executionId="0b8643c1-0cf6-40a9-8d55-1ef65f470e29" testListId="8c84fa94-04c1-424b-9868-57a2d4851a1d" />
    <TestEntry testId="570542cd-d8b4-7656-273b-2efef5a67393" executionId="38fbcc1d-23b4-44f2-b028-6a34682ec256" testListId="8c84fa94-04c1-424b-9868-57a2d4851a1d" />
    <TestEntry testId="bd042076-2402-fb19-56c3-223eeac85ec4" executionId="2b1efe75-f5ea-4bd1-bfe6-7be23c981d20" testListId="8c84fa94-04c1-424b-9868-57a2d4851a1d" />
    <TestEntry testId="a73fdf17-7e0f-43f1-ab09-1060d267b31c" executionId="e0b0c69c-ea53-49a4-9a25-5d343feb0f6d" testListId="8c84fa94-04c1-424b-9868-57a2d4851a1d" />
    <TestEntry testId="7e81edc0-98c0-3051-1037-7c2397d6818d" executionId="17e40892-a632-4bae-8000-9382e9263bcc" testListId="8c84fa94-04c1-424b-9868-57a2d4851a1d" />
    <TestEntry testId="17636107-a8c8-7ac7-acfc-b964eff07fab" executionId="b6d8fd58-7db2-4926-b795-0dd7e661e6bb" testListId="8c84fa94-04c1-424b-9868-57a2d4851a1d" />
    <TestEntry testId="41187636-9e2d-2549-8287-32d315144000" executionId="4fa6398c-cae6-422b-b255-5b3f944ee1a9" testListId="8c84fa94-04c1-424b-9868-57a2d4851a1d" />
    <TestEntry testId="666d7316-f136-b529-fef1-83626943c0db" executionId="e6fb7b38-6dce-463d-97f5-b6014eab3e1c" testListId="8c84fa94-04c1-424b-9868-57a2d4851a1d" />
    <TestEntry testId="0d8c9d17-016f-a417-c529-9b9385c3f369" executionId="5eebe28b-41e0-4ae7-a695-627ca5bf21af" testListId="8c84fa94-04c1-424b-9868-57a2d4851a1d" />
    <TestEntry testId="85149784-22e1-7b52-2013-f8a168237ee4" executionId="fd85fda3-bd9f-475f-a90c-cfdaae670800" testListId="8c84fa94-04c1-424b-9868-57a2d4851a1d" />
    <TestEntry testId="80720161-619f-46b7-b5e9-b9360c5333b5" executionId="9ecb5b95-adf1-4739-9437-b9c1f2db6666" testListId="8c84fa94-04c1-424b-9868-57a2d4851a1d" />
    <TestEntry testId="a1724ea1-1bb7-a267-4fdb-012e86858c5c" executionId="5f6f0451-b6b9-49a2-ad05-eecdf0c394de" testListId="8c84fa94-04c1-424b-9868-57a2d4851a1d" />
    <TestEntry testId="1f8d7007-ecd8-fb58-342a-54b2bcf0707f" executionId="233a2317-3506-497b-baa6-7976a5465761" testListId="8c84fa94-04c1-424b-9868-57a2d4851a1d" />
    <TestEntry testId="dbfafe45-1966-a1e8-66e8-e85f80b3159a" executionId="dac9c5f4-9ca1-40a1-bb47-862476633291" testListId="8c84fa94-04c1-424b-9868-57a2d4851a1d" />
    <TestEntry testId="13e3c154-da82-5764-8f2d-8e5e58a32b04" executionId="f9313271-e9eb-4e71-aaf8-d2681ef89e0f" testListId="8c84fa94-04c1-424b-9868-57a2d4851a1d" />
    <TestEntry testId="22e58096-f246-6686-73c3-5ccc37847f7a" executionId="41e7b9c1-feba-4021-b207-41f5f3b27215" testListId="8c84fa94-04c1-424b-9868-57a2d4851a1d" />
    <TestEntry testId="553395dc-bb03-555b-488b-5938f91b85ac" executionId="a3cdf07c-a142-47d3-91c5-b1b791f21850" testListId="8c84fa94-04c1-424b-9868-57a2d4851a1d" />
    <TestEntry testId="c05e16e2-e983-c815-b7da-7916fbfbd4a5" executionId="3d427347-6a5a-4a60-807a-e625371de16f" testListId="8c84fa94-04c1-424b-9868-57a2d4851a1d" />
    <TestEntry testId="2fb6e8aa-2eaa-4b12-09c9-b2f35cc72765" executionId="aa8f4336-44c0-4017-8cd1-b3c89ef5e12b" testListId="8c84fa94-04c1-424b-9868-57a2d4851a1d" />
    <TestEntry testId="6a99bca0-c2eb-0657-a66f-bc7316c77725" executionId="09f76998-16a2-4dc5-96ff-563b8ab89c82" testListId="8c84fa94-04c1-424b-9868-57a2d4851a1d" />
    <TestEntry testId="7d82980f-9419-1c88-bc1e-848905fe6f9e" executionId="de46d57f-017a-4bb2-b9ff-ea2cdd29a866" testListId="8c84fa94-04c1-424b-9868-57a2d4851a1d" />
    <TestEntry testId="eef69d7e-2e3f-3b2c-b176-747c2fdc2b03" executionId="735340b0-aa8d-4024-a74e-6cf151e2b6fe" testListId="8c84fa94-04c1-424b-9868-57a2d4851a1d" />
    <TestEntry testId="2bc256b5-9049-1b35-f2a0-106c8a652036" executionId="d65933b8-f7ab-4b4c-bfeb-d583d8335d4e" testListId="8c84fa94-04c1-424b-9868-57a2d4851a1d" />
    <TestEntry testId="cf441dff-2cc3-5209-8459-b5882be4aab7" executionId="9aebe790-3c09-44a0-a76e-7907fd01b992" testListId="8c84fa94-04c1-424b-9868-57a2d4851a1d" />
    <TestEntry testId="f6ab9d4a-d579-dc1a-1929-3452282f04c6" executionId="3d4176a6-ee4d-4854-bff4-a3403ee8be74" testListId="8c84fa94-04c1-424b-9868-57a2d4851a1d" />
    <TestEntry testId="ebd8a66e-f49a-baa9-37a7-b6af92c9ad1b" executionId="8db48f4f-b3f2-4702-b6eb-67dfd800c40b" testListId="8c84fa94-04c1-424b-9868-57a2d4851a1d" />
    <TestEntry testId="bf326b4d-2898-a8f0-57ed-daad32be2325" executionId="df194a28-09d3-47af-961b-e3763e536858" testListId="8c84fa94-04c1-424b-9868-57a2d4851a1d" />
    <TestEntry testId="00c949e9-3282-e9a3-1397-e04412ea8166" executionId="fa66fbb6-735b-4c27-9af7-c16d8f869657" testListId="8c84fa94-04c1-424b-9868-57a2d4851a1d" />
    <TestEntry testId="eb37f6b5-fbef-e348-651e-fd70328f3cab" executionId="5be3561c-5ff2-49e8-9d85-7db789de91bd" testListId="8c84fa94-04c1-424b-9868-57a2d4851a1d" />
    <TestEntry testId="c13a9523-0595-8c5b-2b1c-d16391be043b" executionId="14cc1c59-181d-45e6-8653-219c96fad823" testListId="8c84fa94-04c1-424b-9868-57a2d4851a1d" />
    <TestEntry testId="e023df46-a47e-1116-5e44-412910eb8941" executionId="d403c8b7-5cdb-4a1b-94b1-6155aa09461f" testListId="8c84fa94-04c1-424b-9868-57a2d4851a1d" />
    <TestEntry testId="fd8e593e-8f71-af4a-b9f2-d3973c4c8bcf" executionId="8b142d1b-b81c-4da9-a31b-b8360b067549" testListId="8c84fa94-04c1-424b-9868-57a2d4851a1d" />
    <TestEntry testId="ef4209df-d36b-9f3f-baf5-b24e22c78dd6" executionId="cdaa28c7-a16d-49f3-b2c9-d55bb4993100" testListId="8c84fa94-04c1-424b-9868-57a2d4851a1d" />
    <TestEntry testId="55a0608f-8d13-6bdb-b154-6dea375beecf" executionId="910a693c-b5f5-42fb-a2e4-4af8a0b4f34f" testListId="8c84fa94-04c1-424b-9868-57a2d4851a1d" />
    <TestEntry testId="e3a96d4b-d363-d4b8-dd89-641e33983249" executionId="9fd10bd4-6e90-4bb5-91ac-2192fc752772" testListId="8c84fa94-04c1-424b-9868-57a2d4851a1d" />
    <TestEntry testId="c914f34a-d6c3-0148-c866-12cf46093edb" executionId="fe43d6f4-99db-4bee-93be-0183cb41e558" testListId="8c84fa94-04c1-424b-9868-57a2d4851a1d" />
    <TestEntry testId="99d378a4-954f-6041-63cb-6656cd516a7b" executionId="806697d9-d5f5-4ff6-882c-86f2306bf168" testListId="8c84fa94-04c1-424b-9868-57a2d4851a1d" />
    <TestEntry testId="c3861471-0359-9699-67ca-50c7ac19cd0c" executionId="57d53dfc-1b73-4d6e-a1f1-b107967f10b1" testListId="8c84fa94-04c1-424b-9868-57a2d4851a1d" />
    <TestEntry testId="eb6434ce-42e2-9e2d-cb9f-a724e0d3ca92" executionId="36a14883-ab03-4b16-9e1d-2a8099ef6f8b" testListId="8c84fa94-04c1-424b-9868-57a2d4851a1d" />
    <TestEntry testId="eed15939-ffcf-310c-bebd-d8744180c853" executionId="81f66478-ea88-4f0b-9562-2885b3a581d2" testListId="8c84fa94-04c1-424b-9868-57a2d4851a1d" />
    <TestEntry testId="768fab34-b3b5-1dae-3ecc-919d464dc3af" executionId="aba422c5-dc41-4bee-ae81-d589c249e85e" testListId="8c84fa94-04c1-424b-9868-57a2d4851a1d" />
    <TestEntry testId="5d6f1e7d-1135-423f-a794-21a2d3d974f9" executionId="6928f2f2-1cea-4eb5-abbb-e9a125183025" testListId="8c84fa94-04c1-424b-9868-57a2d4851a1d" />
    <TestEntry testId="d9cc0df3-0afc-2f4c-9784-3c9795fb77c7" executionId="0aeeae0b-10ec-4ad4-ac5c-5b59b306e46b" testListId="8c84fa94-04c1-424b-9868-57a2d4851a1d" />
    <TestEntry testId="2449653f-1ee0-d329-f5fa-8a52d6be79de" executionId="8167ad08-8f4b-4b88-aff2-e59a4def6955" testListId="8c84fa94-04c1-424b-9868-57a2d4851a1d" />
    <TestEntry testId="0e721204-f277-1283-5632-da19123225cd" executionId="3df1fe40-f41c-43b8-b39f-0eb3ae6a6933" testListId="8c84fa94-04c1-424b-9868-57a2d4851a1d" />
    <TestEntry testId="349eca6e-b1f6-6ab4-c396-e8c299476d7b" executionId="2f9b0aef-2395-4913-bd91-12b4fa8a4ae3" testListId="8c84fa94-04c1-424b-9868-57a2d4851a1d" />
    <TestEntry testId="859f32db-1a3b-11dc-3b90-77670f4af2f7" executionId="b2a14dfd-a662-46d9-abf9-793418dbe950" testListId="8c84fa94-04c1-424b-9868-57a2d4851a1d" />
    <TestEntry testId="5c92e3a1-9732-0609-d397-b423210d7b4f" executionId="c4c92fbb-0920-492e-bdb3-dddbf71cc5d3" testListId="8c84fa94-04c1-424b-9868-57a2d4851a1d" />
    <TestEntry testId="c8caf0b8-a6ad-0ab7-d506-cf621c69f103" executionId="2c32d744-3e70-4ec5-9b6c-4eca9802446a" testListId="8c84fa94-04c1-424b-9868-57a2d4851a1d" />
    <TestEntry testId="d8396111-7662-0714-d2b4-b09fefb77529" executionId="6a7cd60a-06ce-4a6a-a952-eee51eb8cd61" testListId="8c84fa94-04c1-424b-9868-57a2d4851a1d" />
    <TestEntry testId="88fcd86f-0e3d-db6a-d7f9-489c25ca28c7" executionId="49b0b7ec-125e-4055-a1d4-65733acba3ec" testListId="8c84fa94-04c1-424b-9868-57a2d4851a1d" />
    <TestEntry testId="e3ba00bc-5adb-f0fc-8ae0-6c82b7114db8" executionId="a50172ee-65ad-46bd-9199-382708e1a012" testListId="8c84fa94-04c1-424b-9868-57a2d4851a1d" />
    <TestEntry testId="cad41b5c-b5cf-535b-0e25-9943c1f6e70e" executionId="7295a9bb-743c-41e1-8756-005f14b0cfee" testListId="8c84fa94-04c1-424b-9868-57a2d4851a1d" />
    <TestEntry testId="8b335792-52d1-7c1c-8357-b3c880b2af3f" executionId="604a37f9-8456-49f0-8efc-c732753991c4" testListId="8c84fa94-04c1-424b-9868-57a2d4851a1d" />
    <TestEntry testId="397fcd6d-c615-3497-e06b-0e9047287291" executionId="96c4380a-e931-4db2-9b8a-96be4089b221" testListId="8c84fa94-04c1-424b-9868-57a2d4851a1d" />
    <TestEntry testId="5fc17e84-80e5-347f-82bf-f4b8c35d584c" executionId="865e80c8-1114-4b8c-a615-69c4c3b980c3" testListId="8c84fa94-04c1-424b-9868-57a2d4851a1d" />
    <TestEntry testId="36606ff2-0697-4884-12b1-9866e64ddefa" executionId="ea044927-37df-416b-9204-174b39ea8fa3" testListId="8c84fa94-04c1-424b-9868-57a2d4851a1d" />
    <TestEntry testId="9d33ed5e-f5fb-ad1d-d757-74f4bdb891c0" executionId="199983bd-77e4-4403-bc96-8c71cc87296a" testListId="8c84fa94-04c1-424b-9868-57a2d4851a1d" />
    <TestEntry testId="9f00e005-cce3-cdb2-14c8-d1de22204abe" executionId="65aaf670-dcab-4eb3-8d3d-08c4c47effe7" testListId="8c84fa94-04c1-424b-9868-57a2d4851a1d" />
    <TestEntry testId="bd042076-2402-fb19-56c3-223eeac85ec4" executionId="4bb28645-891c-44e3-85c8-332225a92700" testListId="8c84fa94-04c1-424b-9868-57a2d4851a1d" />
    <TestEntry testId="3db29240-7b7b-2518-544c-91b19e924265" executionId="5467822f-19fc-43bb-946b-5853aef35b4d" testListId="8c84fa94-04c1-424b-9868-57a2d4851a1d" />
    <TestEntry testId="fa67d7c5-5148-0d9e-b865-b4a92d28e8a2" executionId="d51ae8dd-f06f-408f-89be-3641f06087cb" testListId="8c84fa94-04c1-424b-9868-57a2d4851a1d" />
    <TestEntry testId="c4518886-96b4-4ca3-17d4-3e626078fabd" executionId="451c85a1-b8de-4872-95ab-6fbadb0002a9" testListId="8c84fa94-04c1-424b-9868-57a2d4851a1d" />
    <TestEntry testId="d622b72b-ae76-b477-c7df-e2dbe34cdc3a" executionId="9d3027f5-cd62-49df-b15f-e5d1a2e83b37" testListId="8c84fa94-04c1-424b-9868-57a2d4851a1d" />
    <TestEntry testId="2d1376f0-c9ba-c269-4739-9431be71f2bf" executionId="3c55e7e3-c099-4ad9-89f2-cd45272100dc" testListId="8c84fa94-04c1-424b-9868-57a2d4851a1d" />
    <TestEntry testId="305e11f7-5a75-0362-db1d-52ee6cd4fe20" executionId="bc868cb8-20de-4952-8e0b-3fdc41dc9e73" testListId="8c84fa94-04c1-424b-9868-57a2d4851a1d" />
    <TestEntry testId="946a28bb-cef1-c7e1-e310-e2732dc76671" executionId="c7bdb8d2-49f4-40e5-a282-2fd9b5a0431f" testListId="8c84fa94-04c1-424b-9868-57a2d4851a1d" />
    <TestEntry testId="a7c59d28-f7b4-04db-916c-04fdcd3621d0" executionId="cc44506a-8938-4c4e-aba0-e35a03fa7b51" testListId="8c84fa94-04c1-424b-9868-57a2d4851a1d" />
    <TestEntry testId="4fe139b8-f81b-8dad-3915-fb4e2e0fd0c9" executionId="29404d70-3146-4891-b157-ac5ff5f526cd" testListId="8c84fa94-04c1-424b-9868-57a2d4851a1d" />
    <TestEntry testId="8ceac98d-25bb-5d13-8fc3-0784f2217baf" executionId="68c458eb-9c64-4ea7-997d-a5afa790f030" testListId="8c84fa94-04c1-424b-9868-57a2d4851a1d" />
    <TestEntry testId="5afd063a-4f14-3665-0935-af7ec06a876e" executionId="d8becddf-73df-476a-a7ef-28145b43559c" testListId="8c84fa94-04c1-424b-9868-57a2d4851a1d" />
    <TestEntry testId="486f415c-3ba1-957b-777c-0f50023bdae5" executionId="7248a211-8d87-47bf-bdf3-25af813ae5b6" testListId="8c84fa94-04c1-424b-9868-57a2d4851a1d" />
    <TestEntry testId="5c261d7e-2571-7b3d-897f-b6bb7590d37a" executionId="0dfb7fe4-26d8-4ce5-a834-c1913487a6d4" testListId="8c84fa94-04c1-424b-9868-57a2d4851a1d" />
    <TestEntry testId="0bc23585-fa65-a6ca-e28c-80585ee94be9" executionId="54f68cb6-4d65-41f8-a82d-6896fabfdf7e" testListId="8c84fa94-04c1-424b-9868-57a2d4851a1d" />
    <TestEntry testId="c795af14-5387-85dc-b055-637824d79e17" executionId="fcf9ad13-9176-4155-a5b3-44d0f6deb06a" testListId="8c84fa94-04c1-424b-9868-57a2d4851a1d" />
    <TestEntry testId="168c8704-06a5-6904-ffc8-4fda5ecb8a2b" executionId="9f1f270d-a89a-4cbd-8ed1-e9c6819bccd4" testListId="8c84fa94-04c1-424b-9868-57a2d4851a1d" />
    <TestEntry testId="1bb758f0-9b2b-d230-33bf-65cd26e8c59b" executionId="ebd9037b-1944-4094-afa5-89e0fa2d868b" testListId="8c84fa94-04c1-424b-9868-57a2d4851a1d" />
    <TestEntry testId="d633fadc-a142-d041-07db-fefdc3bad19e" executionId="720f798f-b08a-4b65-9519-9f98852ae0c9" testListId="8c84fa94-04c1-424b-9868-57a2d4851a1d" />
    <TestEntry testId="ed35b6ba-0e4e-de79-7444-85543e310409" executionId="0a650768-8a8f-4783-8114-7627f3238190" testListId="8c84fa94-04c1-424b-9868-57a2d4851a1d" />
    <TestEntry testId="31eec4c0-9b41-3b48-5e19-7bf8b5fda2c4" executionId="6306e9b9-b06c-43c4-bd97-ea682251e877" testListId="8c84fa94-04c1-424b-9868-57a2d4851a1d" />
    <TestEntry testId="2815fd0e-2035-074b-4aa9-1f9f75c6afe5" executionId="24cbfb07-fe44-4a69-ba9f-33a8a4e08d62" testListId="8c84fa94-04c1-424b-9868-57a2d4851a1d" />
    <TestEntry testId="6ccb7f14-4526-1e72-22ab-ff6986b81548" executionId="decd52cb-d80b-4ca1-87ae-5020e5e5e809" testListId="8c84fa94-04c1-424b-9868-57a2d4851a1d" />
    <TestEntry testId="dae8775c-1981-9cd5-13c3-ed6cd104261a" executionId="35a5c30f-9587-4b6f-ab85-e0bf3b8ccbae" testListId="8c84fa94-04c1-424b-9868-57a2d4851a1d" />
    <TestEntry testId="e0c38d3c-a9f1-ff9d-5a77-3424aaf56715" executionId="a043b320-73a0-443f-a1ff-1c546adb0b3a" testListId="8c84fa94-04c1-424b-9868-57a2d4851a1d" />
    <TestEntry testId="cf38e776-71ee-984e-0a9c-7c7875e54549" executionId="2fc123e9-455f-4aca-aac3-c15c0da22015" testListId="8c84fa94-04c1-424b-9868-57a2d4851a1d" />
    <TestEntry testId="71acd907-f8ef-f266-25aa-19cdaafdf552" executionId="ec2d3709-d1be-4786-b14a-1fc77b7f06fd" testListId="8c84fa94-04c1-424b-9868-57a2d4851a1d" />
    <TestEntry testId="d632cdc5-3816-40d4-b1cd-2097ef26d2ca" executionId="76767309-04b6-4806-bcee-11567392f01a" testListId="8c84fa94-04c1-424b-9868-57a2d4851a1d" />
    <TestEntry testId="8d6f159a-d3b6-803f-2d76-53607f783811" executionId="c4ef7bf7-531d-44e5-b9dd-9e525a2af814" testListId="8c84fa94-04c1-424b-9868-57a2d4851a1d" />
    <TestEntry testId="6c32ca26-271c-23dd-a27c-d4a2a3825194" executionId="d398caad-4e14-466e-87da-3d904256b169" testListId="8c84fa94-04c1-424b-9868-57a2d4851a1d" />
    <TestEntry testId="8a128c2a-9be9-0578-d56f-9e431b92e4d6" executionId="1bb6d583-72ef-473d-8df1-26b2eeb1f953" testListId="8c84fa94-04c1-424b-9868-57a2d4851a1d" />
    <TestEntry testId="94ffbcce-875a-dbeb-c436-becb66351dc4" executionId="17b1fbea-0724-4cb0-a6c2-191d7747380a" testListId="8c84fa94-04c1-424b-9868-57a2d4851a1d" />
    <TestEntry testId="5b8cb0cc-991a-8d88-b28b-30f30391b7ee" executionId="455dd8b8-a7c5-4835-afb5-8e59ea46f01e" testListId="8c84fa94-04c1-424b-9868-57a2d4851a1d" />
    <TestEntry testId="7547e2f0-a27a-ad11-8e1c-5f9423a18546" executionId="d98c3170-89d4-4f52-b8ca-3a415dcf3402" testListId="8c84fa94-04c1-424b-9868-57a2d4851a1d" />
    <TestEntry testId="9646d898-950c-f77e-17d4-11b5b9a00117" executionId="24dbe935-c149-4661-a874-2b796a83ed29" testListId="8c84fa94-04c1-424b-9868-57a2d4851a1d" />
    <TestEntry testId="f9377692-5a31-5e3e-733e-9be489c69418" executionId="eda9b6e2-ff18-4c8e-9efc-46782d0f2bf7" testListId="8c84fa94-04c1-424b-9868-57a2d4851a1d" />
    <TestEntry testId="bd880de7-2db0-f960-3aa9-a32e94eaeebf" executionId="32b2bedd-961b-4cf7-ad35-668c11ff9bf9" testListId="8c84fa94-04c1-424b-9868-57a2d4851a1d" />
    <TestEntry testId="ff6ed03e-5c0c-1c4c-7536-d6a67d772e66" executionId="03b77ce0-bf58-4bdf-843b-8cbd5bfdbdf5" testListId="8c84fa94-04c1-424b-9868-57a2d4851a1d" />
    <TestEntry testId="e25cad79-0d2e-c930-5d8e-127920e179b7" executionId="54c51c5d-a5d1-4945-bad2-64f4e065522e" testListId="8c84fa94-04c1-424b-9868-57a2d4851a1d" />
    <TestEntry testId="2a11bb12-efdc-c74b-5abf-05799bc83f80" executionId="f9c7d136-6fea-496d-bd2d-4b386a9a3424" testListId="8c84fa94-04c1-424b-9868-57a2d4851a1d" />
    <TestEntry testId="d996c347-7097-0c09-0ebe-01ed60715001" executionId="b92976a9-3467-48fd-bc36-273dbd519bc8" testListId="8c84fa94-04c1-424b-9868-57a2d4851a1d" />
    <TestEntry testId="bf374353-52a0-cca6-1475-c57e771fd438" executionId="5ab2b5be-ca39-406a-a3d3-4cee1d78a551" testListId="8c84fa94-04c1-424b-9868-57a2d4851a1d" />
    <TestEntry testId="8cb478d3-f744-d4b7-5077-671009e6d428" executionId="6830724d-8adc-41b4-be37-39ef2b1c28a6" testListId="8c84fa94-04c1-424b-9868-57a2d4851a1d" />
    <TestEntry testId="e3c4b40a-0e55-2e38-08a1-45c503b97faf" executionId="596150ce-4a11-42fc-ad29-eec486ca1000" testListId="8c84fa94-04c1-424b-9868-57a2d4851a1d" />
    <TestEntry testId="81416636-ae21-0fe9-fa1b-1c1f2587f04a" executionId="41266951-fb78-4723-98d4-b1ddbb45a76a" testListId="8c84fa94-04c1-424b-9868-57a2d4851a1d" />
    <TestEntry testId="eb23929e-f5e4-df55-4e3b-cd8c91dbb810" executionId="d7f607c0-058c-4017-8aae-1ba86cec6e59" testListId="8c84fa94-04c1-424b-9868-57a2d4851a1d" />
    <TestEntry testId="561c2bd5-2116-9dc1-6a9c-8f2d90e7de51" executionId="c6a12e61-806b-4d82-9511-3feac0ef877a" testListId="8c84fa94-04c1-424b-9868-57a2d4851a1d" />
    <TestEntry testId="fe6a14e4-4ab3-2bc0-d28b-2bdd79ecc62e" executionId="40a90019-668f-42d5-8424-9dcb7fd12e0a" testListId="8c84fa94-04c1-424b-9868-57a2d4851a1d" />
    <TestEntry testId="a30ebe19-dbb4-ace3-f5fb-f5c55ebecfa0" executionId="26d89fd2-8b1b-46fc-931f-3625fd4c6c6e" testListId="8c84fa94-04c1-424b-9868-57a2d4851a1d" />
    <TestEntry testId="5a1a84db-7006-9963-4753-4851c53b4910" executionId="e4ea9692-de5c-401f-af57-f9794ed35fae" testListId="8c84fa94-04c1-424b-9868-57a2d4851a1d" />
    <TestEntry testId="bd042076-2402-fb19-56c3-223eeac85ec4" executionId="354cd325-a70c-4975-9b1a-fa09cd86b8b5" testListId="8c84fa94-04c1-424b-9868-57a2d4851a1d" />
    <TestEntry testId="e0450b35-a530-0b19-160d-abbdc4fe2859" executionId="3f476136-5914-4f0a-8f42-56c7f7267e86" testListId="8c84fa94-04c1-424b-9868-57a2d4851a1d" />
    <TestEntry testId="9df0aa7c-aee5-5d5c-d02e-0d611a59a855" executionId="8d93917e-4342-47e2-b04b-724ed5f7d39f" testListId="8c84fa94-04c1-424b-9868-57a2d4851a1d" />
    <TestEntry testId="5ea27412-d887-9544-5a93-57d49722b12e" executionId="f04d9536-9458-4c4f-a622-63a34a38c0e2" testListId="8c84fa94-04c1-424b-9868-57a2d4851a1d" />
    <TestEntry testId="aaea86df-0d0c-d8a7-d4f9-4994d6d91722" executionId="e3af1e12-d256-4834-a12d-e5a42008c487" testListId="8c84fa94-04c1-424b-9868-57a2d4851a1d" />
    <TestEntry testId="94070b35-32b5-2e82-c707-731cc4904ee4" executionId="948b1ec3-490c-48f4-8866-da264897d0e1" testListId="8c84fa94-04c1-424b-9868-57a2d4851a1d" />
    <TestEntry testId="b90272c4-28cc-f78f-c86d-730ccea5a8c7" executionId="c64b2445-146b-4604-8858-5d8acd4912fc" testListId="8c84fa94-04c1-424b-9868-57a2d4851a1d" />
    <TestEntry testId="df10cae5-aa05-e478-ca06-77c2867d5871" executionId="d5eb540c-a494-40eb-8892-3ef67d26b339" testListId="8c84fa94-04c1-424b-9868-57a2d4851a1d" />
    <TestEntry testId="31490885-ba4b-19a1-eee4-7c3bd386df8b" executionId="f90e9ff8-c2e2-4fd8-a614-b334b382661c" testListId="8c84fa94-04c1-424b-9868-57a2d4851a1d" />
    <TestEntry testId="60b6538b-8aa3-6bd5-f8a1-fd661ad27c0e" executionId="0b636c53-7a55-462d-bdb1-f96ecc1a5bcd" testListId="8c84fa94-04c1-424b-9868-57a2d4851a1d" />
    <TestEntry testId="8d6f159a-d3b6-803f-2d76-53607f783811" executionId="50024e3c-42d8-4da9-9223-653e7bd3fe05" testListId="8c84fa94-04c1-424b-9868-57a2d4851a1d" />
    <TestEntry testId="2347406b-1f21-d4b0-29e0-f164709c1d55" executionId="f1f4f3ed-0ec8-46e1-b766-224ec99dda30" testListId="8c84fa94-04c1-424b-9868-57a2d4851a1d" />
    <TestEntry testId="e152907d-3f69-67ca-ed1b-d6c79f16ab25" executionId="75ca3a62-31f3-40d4-9fb8-d26ea6ea95f8" testListId="8c84fa94-04c1-424b-9868-57a2d4851a1d" />
    <TestEntry testId="02cb074b-5330-23f6-0c4a-4c0ddce8264e" executionId="9f259075-d878-4892-ada5-218c13b8679a" testListId="8c84fa94-04c1-424b-9868-57a2d4851a1d" />
    <TestEntry testId="01264600-f5eb-00d5-cb59-6b297068518d" executionId="bf3858cd-7c92-472e-a7a6-e4a14dde67ff" testListId="8c84fa94-04c1-424b-9868-57a2d4851a1d" />
    <TestEntry testId="108dcd5c-98ce-f87a-50aa-f132528938a1" executionId="e035daae-5aaa-4b95-b2f0-e3272fec6f6c" testListId="8c84fa94-04c1-424b-9868-57a2d4851a1d" />
    <TestEntry testId="37590392-479e-4f5b-0bf5-d812c9ae600f" executionId="e15d511f-8b6b-4902-b1c1-064ebc95f952" testListId="8c84fa94-04c1-424b-9868-57a2d4851a1d" />
    <TestEntry testId="b8848f78-e431-d152-97ed-aff7460a0c3b" executionId="18be38f0-d615-4633-b4c8-834532f81efb" testListId="8c84fa94-04c1-424b-9868-57a2d4851a1d" />
    <TestEntry testId="43fb071e-017a-60e3-56a1-11cd5a259516" executionId="5ef21ee1-5884-424e-a415-8d89034304dd" testListId="8c84fa94-04c1-424b-9868-57a2d4851a1d" />
    <TestEntry testId="76f15ad2-398a-ff53-5ced-0734278d432f" executionId="ed134834-0f71-4930-9a58-faa4f41aa7f5" testListId="8c84fa94-04c1-424b-9868-57a2d4851a1d" />
    <TestEntry testId="15f38082-3978-be6b-6ce4-4ddc9ad73d7c" executionId="e4cda759-94aa-4846-8b4f-1a78f78cabfc" testListId="8c84fa94-04c1-424b-9868-57a2d4851a1d" />
    <TestEntry testId="dc897bff-bb2f-6be5-4f79-9be874adc658" executionId="08c9f13b-7525-41a7-a9e1-feac53777e0e" testListId="8c84fa94-04c1-424b-9868-57a2d4851a1d" />
    <TestEntry testId="aa656f82-9e44-5a1a-276d-38427026194d" executionId="85e04a8c-f4db-48e2-9762-25ae00d76f0b" testListId="8c84fa94-04c1-424b-9868-57a2d4851a1d" />
    <TestEntry testId="55cb4b4b-24f7-b469-407f-6f678f27f86a" executionId="0a79a644-5627-4731-a9cd-9ac509ca3c5b" testListId="8c84fa94-04c1-424b-9868-57a2d4851a1d" />
    <TestEntry testId="a19b043f-34ab-f306-e3b1-fbcc0632edd0" executionId="d09d5077-1db3-42de-88e3-31224f4bf074" testListId="8c84fa94-04c1-424b-9868-57a2d4851a1d" />
    <TestEntry testId="8c625aee-fbc4-80d9-7e5b-5e824be75ac3" executionId="1bdf1705-11f1-471d-8e24-94127a26dedf" testListId="8c84fa94-04c1-424b-9868-57a2d4851a1d" />
    <TestEntry testId="f9a60e15-31b1-2c2e-503f-7b6ac4a26afb" executionId="359bc947-645e-4c5e-a607-5a0535a04fa3" testListId="8c84fa94-04c1-424b-9868-57a2d4851a1d" />
    <TestEntry testId="28b6ad06-97da-62ac-35c6-52354334fb8a" executionId="e1d1b088-23a7-4fa0-9930-3507161e36c1" testListId="8c84fa94-04c1-424b-9868-57a2d4851a1d" />
    <TestEntry testId="0e0350ed-eb6e-22cb-e94e-3cfe45921651" executionId="dc6343c0-aec5-4f24-97dd-a7627e669d0a" testListId="8c84fa94-04c1-424b-9868-57a2d4851a1d" />
    <TestEntry testId="56227e59-e610-2fbb-fcac-afd2e7ca1254" executionId="7d35e1d0-a3ad-4c34-afa0-388ee1a40683" testListId="8c84fa94-04c1-424b-9868-57a2d4851a1d" />
    <TestEntry testId="5ced3b67-bdc3-a9a2-2162-f5e61b69b1f4" executionId="5c6bd6c7-db74-4508-928d-2d9beda60804" testListId="8c84fa94-04c1-424b-9868-57a2d4851a1d" />
    <TestEntry testId="473ecaf0-d961-6edb-b84a-a553cbcdae03" executionId="c3b5913e-2728-4805-8264-d52693a42cc1" testListId="8c84fa94-04c1-424b-9868-57a2d4851a1d" />
    <TestEntry testId="02bc80bd-3783-5926-af95-29f845f91552" executionId="44b60b30-2eb8-4b94-b17f-67043771ce01" testListId="8c84fa94-04c1-424b-9868-57a2d4851a1d" />
    <TestEntry testId="35a417d9-e7fe-01c4-bcf3-a18f85f83168" executionId="27ad1218-f852-4562-9566-ce28bfe77dff" testListId="8c84fa94-04c1-424b-9868-57a2d4851a1d" />
    <TestEntry testId="3ae3f7c0-817c-c46f-7f30-fb70276f86d4" executionId="174a6adb-be5c-4e62-9a7b-e1cfa1ae5393" testListId="8c84fa94-04c1-424b-9868-57a2d4851a1d" />
    <TestEntry testId="00c949e9-3282-e9a3-1397-e04412ea8166" executionId="68d75bdf-8a06-4c07-a206-ca297105572e" testListId="8c84fa94-04c1-424b-9868-57a2d4851a1d" />
    <TestEntry testId="70b86e9d-2393-9129-f216-951feb713fd8" executionId="8aba441e-12ec-4a75-bfcc-ffe917bd715e" testListId="8c84fa94-04c1-424b-9868-57a2d4851a1d" />
    <TestEntry testId="e08762d0-503a-66d0-2e75-de0a18674fda" executionId="ea8183d3-fac2-4ac2-a3f0-e2838735de99" testListId="8c84fa94-04c1-424b-9868-57a2d4851a1d" />
    <TestEntry testId="c0fed45b-6475-73e7-3be9-95b5ff37691a" executionId="35f57d53-4e34-471e-ba3e-8dfc521328c1" testListId="8c84fa94-04c1-424b-9868-57a2d4851a1d" />
    <TestEntry testId="b458b4ef-295e-cc97-1665-694d3d255142" executionId="0f31af8f-9467-4ff2-bfa4-293f80e210b1" testListId="8c84fa94-04c1-424b-9868-57a2d4851a1d" />
    <TestEntry testId="74035522-8f62-d593-ff80-df7415d7973b" executionId="3a6e2f58-7c22-4e1f-8159-3395e0451271" testListId="8c84fa94-04c1-424b-9868-57a2d4851a1d" />
    <TestEntry testId="b1cbd388-6b2e-06c4-0688-0ec373c3c29e" executionId="d912a084-6268-4373-845a-437f474c40fe" testListId="8c84fa94-04c1-424b-9868-57a2d4851a1d" />
    <TestEntry testId="6e5007f9-68b1-9358-3a04-1d615453a078" executionId="494a273d-9b22-40ec-9ed1-44ebbf0d21df" testListId="8c84fa94-04c1-424b-9868-57a2d4851a1d" />
    <TestEntry testId="d59656c0-8234-107d-6ab0-cb62a900f180" executionId="77a5138b-c51c-4119-96f7-38e6b14c0d77" testListId="8c84fa94-04c1-424b-9868-57a2d4851a1d" />
    <TestEntry testId="f37e5f5b-a609-fcf3-c453-9f411a15eaeb" executionId="35d0f1a1-d62b-4fb0-8057-69bd2191f6b1" testListId="8c84fa94-04c1-424b-9868-57a2d4851a1d" />
    <TestEntry testId="bd7bf742-374f-b829-39d1-dc907ba3e53d" executionId="0a04886f-41cb-4e51-a402-be01dd65cbea" testListId="8c84fa94-04c1-424b-9868-57a2d4851a1d" />
    <TestEntry testId="000d7efd-fe4d-9380-87e2-a7d9311ce1c3" executionId="70433b01-2f1e-4eb2-bb7d-13ce06d2746c" testListId="8c84fa94-04c1-424b-9868-57a2d4851a1d" />
    <TestEntry testId="04abea50-601f-4fca-95f4-bec5b318346d" executionId="5fb8cd1d-30b4-4111-be1e-ea52102ff644" testListId="8c84fa94-04c1-424b-9868-57a2d4851a1d" />
    <TestEntry testId="cbe84446-e59b-ce9f-f734-cd5097869c15" executionId="e8172e49-fe5b-4827-b793-719b7659bcf2" testListId="8c84fa94-04c1-424b-9868-57a2d4851a1d" />
    <TestEntry testId="8b383180-dbd7-0c21-f30b-f2b8a219d9d7" executionId="f53fbf53-54bc-419b-8084-464c0aa30ead" testListId="8c84fa94-04c1-424b-9868-57a2d4851a1d" />
    <TestEntry testId="5d5dffd7-04ce-db57-4a78-6b61a3cdc6f9" executionId="b8c757cc-ae03-49da-86ec-cd68497d42f3" testListId="8c84fa94-04c1-424b-9868-57a2d4851a1d" />
    <TestEntry testId="d9cef8c8-00c4-6a94-c81e-31ea6d3b548d" executionId="eb9dd41f-741d-4816-9f45-f51ca28ddc6d" testListId="8c84fa94-04c1-424b-9868-57a2d4851a1d" />
    <TestEntry testId="c81109bf-0139-7963-fa88-926e3f3e7d76" executionId="1443b012-2aa5-4ebf-9fb3-e7838799f84b" testListId="8c84fa94-04c1-424b-9868-57a2d4851a1d" />
    <TestEntry testId="ca8c6453-f447-4daf-d9fb-b1c25b833c99" executionId="8e92e785-0373-465d-8f80-cb82e8598344" testListId="8c84fa94-04c1-424b-9868-57a2d4851a1d" />
    <TestEntry testId="0351c8a2-b22f-dd03-eb84-36ecc3688bf1" executionId="5a4791f8-80d5-4ff7-9c8b-99340428adbb" testListId="8c84fa94-04c1-424b-9868-57a2d4851a1d" />
    <TestEntry testId="ef1c7cb9-a3bf-ea46-735f-36f55ce06156" executionId="af8ee935-ac22-4fe0-81db-ac7f7f6db824" testListId="8c84fa94-04c1-424b-9868-57a2d4851a1d" />
    <TestEntry testId="1bd328d2-e8fe-2c90-417e-2456c5ceb080" executionId="3d093ac7-597c-4d55-a81a-23f9526110bb" testListId="8c84fa94-04c1-424b-9868-57a2d4851a1d" />
    <TestEntry testId="1e9930e6-df25-f1fc-c1bc-7280798ad83a" executionId="99ebb56e-7905-48d0-a5b0-d911ab786dc9" testListId="8c84fa94-04c1-424b-9868-57a2d4851a1d" />
    <TestEntry testId="66f1caca-fb0c-9fd2-aeb7-dae3262d3988" executionId="ab53608b-17c1-43a0-8f3f-d2dc4fbb90a0" testListId="8c84fa94-04c1-424b-9868-57a2d4851a1d" />
    <TestEntry testId="bd042076-2402-fb19-56c3-223eeac85ec4" executionId="6d4a2c21-4f65-4117-86a6-8ed13dd56024" testListId="8c84fa94-04c1-424b-9868-57a2d4851a1d" />
    <TestEntry testId="cd5c0b91-28eb-4ef8-3860-86dc1f965d32" executionId="f4a74bcf-c2ee-4c9f-9f60-4142192dce07" testListId="8c84fa94-04c1-424b-9868-57a2d4851a1d" />
    <TestEntry testId="dfffea35-c158-b556-c3df-bc3a8c5f52e9" executionId="be5d5479-7c65-402d-806d-61814dafa065" testListId="8c84fa94-04c1-424b-9868-57a2d4851a1d" />
    <TestEntry testId="434d5d16-c87e-a025-7ce9-81c34044ed64" executionId="4ea69be4-9edd-4870-a1d4-62655851b68d" testListId="8c84fa94-04c1-424b-9868-57a2d4851a1d" />
    <TestEntry testId="00c949e9-3282-e9a3-1397-e04412ea8166" executionId="37c14430-5e08-40cf-942e-324032a955bb" testListId="8c84fa94-04c1-424b-9868-57a2d4851a1d" />
    <TestEntry testId="f218a013-d567-804d-981e-71f0aa1bae88" executionId="de23a960-a53c-4bc0-bb7d-ca75df16155e" testListId="8c84fa94-04c1-424b-9868-57a2d4851a1d" />
    <TestEntry testId="56696622-b5e5-b790-e230-d1b455492afb" executionId="af9fa5a0-9da2-40e8-9ef2-e13c72be4d82" testListId="8c84fa94-04c1-424b-9868-57a2d4851a1d" />
    <TestEntry testId="411ef798-cb8c-a1d1-d48a-32b58a5b9a61" executionId="c39f1b8e-a420-444b-93f4-c56406c75715" testListId="8c84fa94-04c1-424b-9868-57a2d4851a1d" />
    <TestEntry testId="a226c0a5-ca0f-248c-3924-69b935bb5567" executionId="83c18a10-4d19-4f63-8438-1317fee3aa1e" testListId="8c84fa94-04c1-424b-9868-57a2d4851a1d" />
    <TestEntry testId="5ff4af90-916a-99f9-1123-cb2981b00f4f" executionId="8a54c95f-8138-4cdd-90f9-1aed800e11ab" testListId="8c84fa94-04c1-424b-9868-57a2d4851a1d" />
    <TestEntry testId="842c86a1-ecb7-268a-9f84-8ca2e7464f0e" executionId="bdac73e0-3fe7-4249-953d-e16761394e80" testListId="8c84fa94-04c1-424b-9868-57a2d4851a1d" />
    <TestEntry testId="49b9fc86-6497-bb44-b669-e85a21571c3b" executionId="43ed0751-d1bb-44ea-b5d4-fc069e7540f1" testListId="8c84fa94-04c1-424b-9868-57a2d4851a1d" />
    <TestEntry testId="5188e0f4-7b43-a7a7-9af4-9615345ef5dc" executionId="c7f3ba17-c89d-4a49-b7e7-d28d1d7666fe" testListId="8c84fa94-04c1-424b-9868-57a2d4851a1d" />
    <TestEntry testId="2e52c2e6-863c-13fb-2355-91f921288631" executionId="44942b3f-873a-4dbd-80d4-56f84c6864d1" testListId="8c84fa94-04c1-424b-9868-57a2d4851a1d" />
    <TestEntry testId="f37e5f5b-a609-fcf3-c453-9f411a15eaeb" executionId="583f6fd8-4de1-4d63-a2ee-aeae3f3a52fe" testListId="8c84fa94-04c1-424b-9868-57a2d4851a1d" />
    <TestEntry testId="8e05f9e1-4bc3-7f4d-839a-2cb3629e60a3" executionId="76b74e48-a7c7-4b79-b35b-1a549ec51978" testListId="8c84fa94-04c1-424b-9868-57a2d4851a1d" />
    <TestEntry testId="51f83135-22d8-0f2c-86a1-deac58a265dc" executionId="ce0ddfc0-b943-4fa2-8559-435bf1a4a603" testListId="8c84fa94-04c1-424b-9868-57a2d4851a1d" />
    <TestEntry testId="07edff7e-2d83-ef27-daec-2fa8cb68d183" executionId="b34a7d8d-0e38-4c0e-91a1-d21d0ab25722" testListId="8c84fa94-04c1-424b-9868-57a2d4851a1d" />
    <TestEntry testId="e2ad2a9d-57f7-b89c-f98d-52105b0ccf10" executionId="727dc474-b3df-45ac-af38-b1e644783aa3" testListId="8c84fa94-04c1-424b-9868-57a2d4851a1d" />
    <TestEntry testId="1eaa3911-d375-d2a3-a9ce-14bc46f454ff" executionId="10ff55de-f5bc-4e53-a5c2-f37c07c3fd76" testListId="8c84fa94-04c1-424b-9868-57a2d4851a1d" />
    <TestEntry testId="41d7df4a-0629-000b-8311-bf011ae2313f" executionId="78e25875-c789-4aa1-a76c-b620ccd7c3d3" testListId="8c84fa94-04c1-424b-9868-57a2d4851a1d" />
    <TestEntry testId="dc3472a0-aafe-d3df-bf54-2cbe31211e86" executionId="01686be1-73fb-4168-b8ee-d68d58244f56" testListId="8c84fa94-04c1-424b-9868-57a2d4851a1d" />
    <TestEntry testId="3351f5e9-cdac-da2d-bb1d-2add348898aa" executionId="79a03aa5-1f0e-416d-a91d-01b5b507d590" testListId="8c84fa94-04c1-424b-9868-57a2d4851a1d" />
    <TestEntry testId="56400346-c5a4-1881-ce9b-b5d081332051" executionId="6531aae2-ddfa-46e8-a462-36e00aea9a67" testListId="8c84fa94-04c1-424b-9868-57a2d4851a1d" />
    <TestEntry testId="aa2f4fa1-f304-2f55-fe5b-f96f38564ce4" executionId="2e98273e-b214-4326-8a21-4e4b3cc185b5" testListId="8c84fa94-04c1-424b-9868-57a2d4851a1d" />
    <TestEntry testId="67674565-a205-af8e-ea43-872acf0efcc5" executionId="8242c947-99f5-4dc5-8efb-ef0fe3e3cc34" testListId="8c84fa94-04c1-424b-9868-57a2d4851a1d" />
    <TestEntry testId="582aee11-df26-12ed-7724-adef6f5ccabb" executionId="455e1d74-160d-40f2-9afe-dc86a3955332" testListId="8c84fa94-04c1-424b-9868-57a2d4851a1d" />
    <TestEntry testId="e873daae-88ef-27cd-c921-914f2a5e398a" executionId="2d568726-afb7-4c5e-a3b5-cb5a64115658" testListId="8c84fa94-04c1-424b-9868-57a2d4851a1d" />
    <TestEntry testId="00c949e9-3282-e9a3-1397-e04412ea8166" executionId="521423a2-dfb4-408a-97ce-17a9c88090c5" testListId="8c84fa94-04c1-424b-9868-57a2d4851a1d" />
    <TestEntry testId="f37e5f5b-a609-fcf3-c453-9f411a15eaeb" executionId="b3e1f653-9f2b-451d-8da6-1f85d1ef7c73" testListId="8c84fa94-04c1-424b-9868-57a2d4851a1d" />
    <TestEntry testId="87fca37b-f6ce-3528-cec2-ea48ccea60fb" executionId="55a0a523-e328-44d5-962f-5225bc3c4122" testListId="8c84fa94-04c1-424b-9868-57a2d4851a1d" />
    <TestEntry testId="c2df6d5b-653a-5889-f473-81c078643a2c" executionId="a30258bf-6813-42e8-a430-e8e663229318" testListId="8c84fa94-04c1-424b-9868-57a2d4851a1d" />
    <TestEntry testId="f37e5f5b-a609-fcf3-c453-9f411a15eaeb" executionId="9c415546-9a42-4ca3-9da6-b53127e9eaf5" testListId="8c84fa94-04c1-424b-9868-57a2d4851a1d" />
    <TestEntry testId="f079971a-4d79-a080-8093-06198478cda6" executionId="f7ede482-161b-4511-8062-de5b74c8113c" testListId="8c84fa94-04c1-424b-9868-57a2d4851a1d" />
    <TestEntry testId="e1527d17-03fa-35ef-30a9-f04fa15d08f8" executionId="90a4a869-7efc-4222-b1bf-94fc34e72a5c" testListId="8c84fa94-04c1-424b-9868-57a2d4851a1d" />
    <TestEntry testId="a5714d74-d9c1-e9f2-4b22-07d73f18f04b" executionId="746d7a10-5a99-4edf-94ee-b0d1d39445cb" testListId="8c84fa94-04c1-424b-9868-57a2d4851a1d" />
    <TestEntry testId="cb82c75a-3db4-85f2-ca1b-1e464e003f7d" executionId="1efec1a9-f6fd-453b-abd0-8660f87a149d" testListId="8c84fa94-04c1-424b-9868-57a2d4851a1d" />
    <TestEntry testId="47879ec5-ea7f-5a14-7b18-2063323c882f" executionId="a42d5e22-e6ca-4397-b826-ce5d171aef1d" testListId="8c84fa94-04c1-424b-9868-57a2d4851a1d" />
    <TestEntry testId="ff13db3a-5d1a-447d-aeaa-7c59d00e898a" executionId="4bfc5113-4229-4005-be31-291519dc0573" testListId="8c84fa94-04c1-424b-9868-57a2d4851a1d" />
    <TestEntry testId="bc6d7cfc-cb52-ba92-1bd8-c41e7c733d5b" executionId="d5268f1d-3626-44bf-9659-085ce000c547" testListId="8c84fa94-04c1-424b-9868-57a2d4851a1d" />
    <TestEntry testId="8b6809f5-ea39-8a2b-ea7b-725a677db564" executionId="1e16fcb4-7a5f-41eb-9ef9-09eff28f5081" testListId="8c84fa94-04c1-424b-9868-57a2d4851a1d" />
    <TestEntry testId="058a41c1-39c5-da85-0de2-460d5b19181a" executionId="f67f7e8b-e801-406c-b509-d83a3ba30c85" testListId="8c84fa94-04c1-424b-9868-57a2d4851a1d" />
    <TestEntry testId="1d285f27-5632-9018-bf50-97df4afa185d" executionId="363fc8fe-67a1-4e51-ae57-c3a40e017e95" testListId="8c84fa94-04c1-424b-9868-57a2d4851a1d" />
    <TestEntry testId="8d6f159a-d3b6-803f-2d76-53607f783811" executionId="6b0abf5e-4604-4c37-8a51-e73ade554859" testListId="8c84fa94-04c1-424b-9868-57a2d4851a1d" />
    <TestEntry testId="e790f465-ba71-7866-1439-99e46147feec" executionId="129d5550-b174-46b0-b70b-34c85eddb4be" testListId="8c84fa94-04c1-424b-9868-57a2d4851a1d" />
    <TestEntry testId="aa2fb8ce-cab7-86e3-1845-4df1cb9a3c2d" executionId="63a2bee2-6614-493d-8308-3211b7c5310a" testListId="8c84fa94-04c1-424b-9868-57a2d4851a1d" />
    <TestEntry testId="bb8f7a4d-59e3-abee-b90b-17cf48cfb47e" executionId="b4db8edb-7096-4c12-ae55-ea3dee9210c9" testListId="8c84fa94-04c1-424b-9868-57a2d4851a1d" />
    <TestEntry testId="461c532f-c917-e381-5c12-bc45dd58a2e6" executionId="e0bed7f9-f1cd-45cc-a23f-40a4fa427feb" testListId="8c84fa94-04c1-424b-9868-57a2d4851a1d" />
    <TestEntry testId="8ef54b66-f4ff-cd9d-a72d-1d83aa210c52" executionId="13158026-4e0d-45ee-8f28-3872facbc521" testListId="8c84fa94-04c1-424b-9868-57a2d4851a1d" />
    <TestEntry testId="d5a29a2a-1299-b2e0-d86d-f058067dd199" executionId="1463ae24-954c-4a17-85b7-93c3919b642a" testListId="8c84fa94-04c1-424b-9868-57a2d4851a1d" />
    <TestEntry testId="e492894a-cccd-7ecf-f73c-f66be96368f6" executionId="9fbca2b3-af9d-4c88-bb18-46dbb7a4e75b" testListId="8c84fa94-04c1-424b-9868-57a2d4851a1d" />
    <TestEntry testId="c4161db0-d4b3-9385-7583-e8fb2cab9691" executionId="39dfbc93-364a-4a04-bccb-5bd241a25c9c" testListId="8c84fa94-04c1-424b-9868-57a2d4851a1d" />
    <TestEntry testId="b055a2b4-2834-79b3-2886-461414c1b62e" executionId="172720de-20c0-4205-9dbf-080704c70cb6" testListId="8c84fa94-04c1-424b-9868-57a2d4851a1d" />
    <TestEntry testId="8ee0b5c9-ec1f-765c-1842-43684d1e80b8" executionId="7a642c5b-ec5b-4e3e-aff6-b391c905e693" testListId="8c84fa94-04c1-424b-9868-57a2d4851a1d" />
    <TestEntry testId="de304ae7-741c-cdcb-a860-9ece0501a6a6" executionId="ae3ed4ea-0ba8-415c-8357-0528a72c3996" testListId="8c84fa94-04c1-424b-9868-57a2d4851a1d" />
    <TestEntry testId="10045a5b-f7a6-9eb3-3774-e020672cce38" executionId="fe68f036-ddde-41ae-a8de-8adc1e07628b" testListId="8c84fa94-04c1-424b-9868-57a2d4851a1d" />
    <TestEntry testId="f765b43e-1a0c-c1c2-d68f-3b5463d41105" executionId="09f49579-ede0-4daa-81c5-2d45caed8759" testListId="8c84fa94-04c1-424b-9868-57a2d4851a1d" />
    <TestEntry testId="307c719f-30cf-7d90-9f76-a6cd3ef5924b" executionId="4dea43e9-f934-4abb-8930-5a5ff3f252e3" testListId="8c84fa94-04c1-424b-9868-57a2d4851a1d" />
    <TestEntry testId="29b4ed19-a443-122a-977f-10b5190fb08c" executionId="f63fd90b-c549-45fd-b286-05bab7f707d8" testListId="8c84fa94-04c1-424b-9868-57a2d4851a1d" />
    <TestEntry testId="f37e5f5b-a609-fcf3-c453-9f411a15eaeb" executionId="69572ba1-82fa-4b99-82f7-d096e114d624" testListId="8c84fa94-04c1-424b-9868-57a2d4851a1d" />
    <TestEntry testId="471a0c29-86d4-0274-e84d-7a9540515c1f" executionId="219e3cdb-707c-49a4-be27-4d0efaff909b" testListId="8c84fa94-04c1-424b-9868-57a2d4851a1d" />
  </TestEntries>
  <TestLists>
    <TestList name="Results Not in a List" id="8c84fa94-04c1-424b-9868-57a2d4851a1d" />
    <TestList name="All Loaded Results" id="19431567-8539-422a-85d7-44ee4e166bda" />
  </TestLists>
  <ResultSummary outcome="Completed">
    <Counters total="277" executed="277" passed="277" failed="0" error="0" timeout="0" aborted="0" inconclusive="0" passedButRunAborted="0" notRunnable="0" notExecuted="0" disconnected="0" warning="0" completed="0" inProgress="0" pending="0" />
  </ResultSummary>
</TestRun>