<?xml version="1.0" encoding="utf-8"?>
<TestRun id="679fa0c2-a764-4d5b-9627-d5811aeb50fc" name="DKSR-EFI-04$@DKSR-EFI-04 2023-12-22 09:32:41" runUser="NT AUTHORITY\NETWORK SERVICE" xmlns="http://microsoft.com/schemas/VisualStudio/TeamTest/2010">
  <Times creation="2023-12-22T09:32:41.6153824+01:00" queuing="2023-12-22T09:32:41.6153824+01:00" start="2023-12-22T09:32:38.6466164+01:00" finish="2023-12-22T09:32:45.9279015+01:00" />
  <TestSettings name="default" id="63b56649-9071-4938-baf1-5056f1084016">
    <Deployment runDeploymentRoot="DKSR-EFI-04$_DKSR-EFI-04_2023-12-22_09_32_41" />
  </TestSettings>
  <Results>
    <UnitTestResult executionId="c401c41e-2f04-465a-a14f-25da828afe9e" testId="dc190c44-9df3-627c-e706-5b20806e6976" testName="Given_HandleConnection_WhenCreatingMessageProcessorFactoryFails_Then_ExceptionIsLoggedAndCorrectResponseStatusSet" computerName="DKSR-EFI-04" duration="00:00:00.0029038" startTime="2023-12-22T09:32:42.8828164+01:00" endTime="2023-12-22T09:32:42.8858752+01:00" testType="13cdc9d9-ddb5-4fa4-a97d-d965ccfc6d4b" outcome="Passed" testListId="8c84fa94-04c1-424b-9868-57a2d4851a1d" relativeResultsDirectory="c401c41e-2f04-465a-a14f-25da828afe9e" />
    <UnitTestResult executionId="970bdb5f-8aea-4c74-93af-21618e0bc9ae" testId="ad5627d5-e497-1f22-e9cd-133a26af6477" testName="Given_HandleConnection_WhenValidateConnectionFails_Then_CorrectResponseStatusSet" computerName="DKSR-EFI-04" duration="00:00:00.0047197" startTime="2023-12-22T09:32:42.8778000+01:00" endTime="2023-12-22T09:32:42.8827432+01:00" testType="13cdc9d9-ddb5-4fa4-a97d-d965ccfc6d4b" outcome="Passed" testListId="8c84fa94-04c1-424b-9868-57a2d4851a1d" relativeResultsDirectory="970bdb5f-8aea-4c74-93af-21618e0bc9ae" />
    <UnitTestResult executionId="5584ddb9-bf13-47c8-b2a5-5a039e64caa2" testId="b01ffc42-bd8d-f8f4-c137-073f90bc1c56" testName="ReadAsync_ShouldReturnNull_AndCloseSocket_WhenBinaryIsReceived" computerName="DKSR-EFI-04" duration="00:00:00.0054422" startTime="2023-12-22T09:32:45.0548787+01:00" endTime="2023-12-22T09:32:45.0606076+01:00" testType="13cdc9d9-ddb5-4fa4-a97d-d965ccfc6d4b" outcome="Passed" testListId="8c84fa94-04c1-424b-9868-57a2d4851a1d" relativeResultsDirectory="5584ddb9-bf13-47c8-b2a5-5a039e64caa2" />
    <UnitTestResult executionId="da292420-343b-4d9e-8a26-bb8aead08616" testId="2db4a4b8-7542-9257-9c47-e10b048b1618" testName="ReadAsync_ShouldReturnMessage_WhenMessgeBytesFitInBuffer_AndIsSplitIn2" computerName="DKSR-EFI-04" duration="00:00:00.0043948" startTime="2023-12-22T09:32:45.4044981+01:00" endTime="2023-12-22T09:32:45.4090320+01:00" testType="13cdc9d9-ddb5-4fa4-a97d-d965ccfc6d4b" outcome="Passed" testListId="8c84fa94-04c1-424b-9868-57a2d4851a1d" relativeResultsDirectory="da292420-343b-4d9e-8a26-bb8aead08616" />
    <UnitTestResult executionId="f8199b0d-c887-42d0-9f45-1b30c26e3535" testId="5d93fbf4-5ac7-c2bb-0495-c307c48f26fe" testName="Given_HandleConnection_WhenNonAcceptWebSocketTrows_Then_ExceptionIsTrown" computerName="DKSR-EFI-04" duration="00:00:00.0084946" startTime="2023-12-22T09:32:42.8690327+01:00" endTime="2023-12-22T09:32:42.8777125+01:00" testType="13cdc9d9-ddb5-4fa4-a97d-d965ccfc6d4b" outcome="Passed" testListId="8c84fa94-04c1-424b-9868-57a2d4851a1d" relativeResultsDirectory="f8199b0d-c887-42d0-9f45-1b30c26e3535" />
    <UnitTestResult executionId="773f3d0e-f4b6-4a56-ad84-5e8b32276aac" testId="82208ecb-5dfd-fb08-9afb-08c75a19542d" testName="Given_ConnectionRuns_When_ConnectionIsClosed_Then_ProcessMessagesAreAwaited" computerName="DKSR-EFI-04" startTime="2023-12-22T09:32:44.5002241+01:00" endTime="2023-12-22T09:32:44.5007681+01:00" testType="13cdc9d9-ddb5-4fa4-a97d-d965ccfc6d4b" outcome="NotExecuted" testListId="8c84fa94-04c1-424b-9868-57a2d4851a1d" relativeResultsDirectory="773f3d0e-f4b6-4a56-ad84-5e8b32276aac">
      <Output></Output>
    </UnitTestResult>
    <UnitTestResult executionId="d61be38f-096a-45fb-8a11-192ec5b7ff17" testId="c0b89de7-d5df-1192-84bc-7a554b7173bd" testName="ReadAsync_ShouldReturnNull_AndCloseSocket_WhenMessgeIsTooBig" computerName="DKSR-EFI-04" duration="00:00:00.3336095" startTime="2023-12-22T09:32:45.0606837+01:00" endTime="2023-12-22T09:32:45.3945526+01:00" testType="13cdc9d9-ddb5-4fa4-a97d-d965ccfc6d4b" outcome="Passed" testListId="8c84fa94-04c1-424b-9868-57a2d4851a1d" relativeResultsDirectory="d61be38f-096a-45fb-8a11-192ec5b7ff17" />
    <UnitTestResult executionId="8c8320ea-0233-44ba-94f4-11c65eac00f3" testId="45bc5c00-81fc-dcbb-35b0-d70ab735f706" testName="Given_WebSocketServerRunning_WhenWebSocketRequestsReceived_AndServerShutsDown_Then_ConnectionsAreClosedByServer_AndConnectionAndMessageProcessorAreDisposed" computerName="DKSR-EFI-04" duration="00:00:00.0994198" startTime="2023-12-22T09:32:44.9140058+01:00" endTime="2023-12-22T09:32:45.0154261+01:00" testType="13cdc9d9-ddb5-4fa4-a97d-d965ccfc6d4b" outcome="Passed" testListId="8c84fa94-04c1-424b-9868-57a2d4851a1d" relativeResultsDirectory="8c8320ea-0233-44ba-94f4-11c65eac00f3" />
    <UnitTestResult executionId="3e0b13ab-c87b-4a4c-86b2-a2a6d0f53122" testId="cb3e1099-bc6e-ffc9-3d3c-c21852b8c186" testName="Given_WebSocketServerRunning_WhenValidateClientReturnsUnauthorized_Then_CloseResponseWithStatus401_AndMessageProcessorIsDisposed" computerName="DKSR-EFI-04" duration="00:00:00.0137193" startTime="2023-12-22T09:32:44.9000171+01:00" endTime="2023-12-22T09:32:44.9139248+01:00" testType="13cdc9d9-ddb5-4fa4-a97d-d965ccfc6d4b" outcome="Passed" testListId="8c84fa94-04c1-424b-9868-57a2d4851a1d" relativeResultsDirectory="3e0b13ab-c87b-4a4c-86b2-a2a6d0f53122" />
    <UnitTestResult executionId="e7f5cba0-1645-47a9-842e-618b18835c3a" testId="d828ff89-d542-aec2-0f85-e3a6f44609b4" testName="ReadAsync_ShouldReturnMessage_WhenMessgeBytesDoesNotFitInBuffer" computerName="DKSR-EFI-04" duration="00:00:00.2301269" startTime="2023-12-22T09:32:45.4090977+01:00" endTime="2023-12-22T09:32:45.6393647+01:00" testType="13cdc9d9-ddb5-4fa4-a97d-d965ccfc6d4b" outcome="Passed" testListId="8c84fa94-04c1-424b-9868-57a2d4851a1d" relativeResultsDirectory="e7f5cba0-1645-47a9-842e-618b18835c3a" />
    <UnitTestResult executionId="6ee139a5-65a4-419e-83db-f90d8b2cd4c2" testId="c97251e0-524e-5109-53f3-5e1adead1298" testName="Given_WebSocketServerStarted_WhenHttpListenerThrowsException_Then_ServerStops" computerName="DKSR-EFI-04" duration="00:00:00.1969650" startTime="2023-12-22T09:32:44.5348116+01:00" endTime="2023-12-22T09:32:44.7319794+01:00" testType="13cdc9d9-ddb5-4fa4-a97d-d965ccfc6d4b" outcome="Passed" testListId="8c84fa94-04c1-424b-9868-57a2d4851a1d" relativeResultsDirectory="6ee139a5-65a4-419e-83db-f90d8b2cd4c2" />
    <UnitTestResult executionId="a9b337b1-fcfc-4b30-bb8a-d9027c37f518" testId="60e393e1-fb9a-677f-db7d-7b0867243a41" testName="ReadAsync_ShouldReturnNull_AndCloseSocket_WhenCloseIsReceived" computerName="DKSR-EFI-04" duration="00:00:00.0088437" startTime="2023-12-22T09:32:45.0446700+01:00" endTime="2023-12-22T09:32:45.0538615+01:00" testType="13cdc9d9-ddb5-4fa4-a97d-d965ccfc6d4b" outcome="Passed" testListId="8c84fa94-04c1-424b-9868-57a2d4851a1d" relativeResultsDirectory="a9b337b1-fcfc-4b30-bb8a-d9027c37f518" />
    <UnitTestResult executionId="236b8f4e-f1a6-4c64-be49-ed727a4b8fc7" testId="43535fd5-c237-92ee-f62c-6062d656852a" testName="Given_ConnectionRuns_When_IncomingMessageProcessorResponds_Then_TheResponseIsPassedToTheWebSocketWriter" computerName="DKSR-EFI-04" duration="00:00:00.4233962" startTime="2023-12-22T09:32:44.0765140+01:00" endTime="2023-12-22T09:32:44.5001392+01:00" testType="13cdc9d9-ddb5-4fa4-a97d-d965ccfc6d4b" outcome="Passed" testListId="8c84fa94-04c1-424b-9868-57a2d4851a1d" relativeResultsDirectory="236b8f4e-f1a6-4c64-be49-ed727a4b8fc7" />
    <UnitTestResult executionId="1a0cfa70-12e0-4c23-90d6-53cc1649fc26" testId="bd7e0b0c-ef43-360b-dfdb-030b0d50a8ec" testName="WriteAsync_ShouldBeCancelled_WhenTokenIsCancelled" computerName="DKSR-EFI-04" duration="00:00:00.0040356" startTime="2023-12-22T09:32:45.6394377+01:00" endTime="2023-12-22T09:32:45.6437794+01:00" testType="13cdc9d9-ddb5-4fa4-a97d-d965ccfc6d4b" outcome="Passed" testListId="8c84fa94-04c1-424b-9868-57a2d4851a1d" relativeResultsDirectory="1a0cfa70-12e0-4c23-90d6-53cc1649fc26" />
    <UnitTestResult executionId="6356453e-4746-499e-9d58-251f39a5889f" testId="c45e925c-2d90-9721-a7dd-15fb78334e99" testName="Given_ConnectionRuns_When_ProcessMessageThrowsProcessMessageException_Then_TheConnectionGetsClosed" computerName="DKSR-EFI-04" duration="00:00:00.1003023" startTime="2023-12-22T09:32:43.9758989+01:00" endTime="2023-12-22T09:32:44.0764150+01:00" testType="13cdc9d9-ddb5-4fa4-a97d-d965ccfc6d4b" outcome="Passed" testListId="8c84fa94-04c1-424b-9868-57a2d4851a1d" relativeResultsDirectory="6356453e-4746-499e-9d58-251f39a5889f" />
    <UnitTestResult executionId="9ab94869-176e-429c-abf0-1a45c862f6ad" testId="d48b9345-2218-465d-52b1-e79f9f0ad5f6" testName="Given_WebSocketServerCreated_WhenDisposed_Then_HttpListenerIsDisposed" computerName="DKSR-EFI-04" duration="00:00:00.0043992" startTime="2023-12-22T09:32:44.5300707+01:00" endTime="2023-12-22T09:32:44.5347352+01:00" testType="13cdc9d9-ddb5-4fa4-a97d-d965ccfc6d4b" outcome="Passed" testListId="8c84fa94-04c1-424b-9868-57a2d4851a1d" relativeResultsDirectory="9ab94869-176e-429c-abf0-1a45c862f6ad" />
    <UnitTestResult executionId="97538667-ce12-4e9f-833c-24c8d52fb4a7" testId="2d53fdea-8210-12a2-fa20-75c46188c947" testName="Given_ConnectionCreated_WhenRunAsync_Then_TaskRunsUntilCancelled" computerName="DKSR-EFI-04" duration="00:00:00.2795729" startTime="2023-12-22T09:32:42.8859456+01:00" endTime="2023-12-22T09:32:43.1658305+01:00" testType="13cdc9d9-ddb5-4fa4-a97d-d965ccfc6d4b" outcome="Passed" testListId="8c84fa94-04c1-424b-9868-57a2d4851a1d" relativeResultsDirectory="97538667-ce12-4e9f-833c-24c8d52fb4a7" />
    <UnitTestResult executionId="5e96f9bc-91fe-4a97-8ec2-61a8bcc0f170" testId="3c1561df-e7db-a184-b7bc-63aba8a8c00a" testName="WriteAsync_ShouldSendClearTextData_WhenCalledWithAMessage" computerName="DKSR-EFI-04" duration="00:00:00.0038394" startTime="2023-12-22T09:32:45.6473198+01:00" endTime="2023-12-22T09:32:45.6522761+01:00" testType="13cdc9d9-ddb5-4fa4-a97d-d965ccfc6d4b" outcome="Passed" testListId="8c84fa94-04c1-424b-9868-57a2d4851a1d" relativeResultsDirectory="5e96f9bc-91fe-4a97-8ec2-61a8bcc0f170" />
    <UnitTestResult executionId="1bbb532d-6406-4ca4-9c96-e9f72e15605e" testId="a53282b4-6a05-242a-e4d2-b9565bce7581" testName="WriteAsync_ShouldFail_WhenMessageIsNull" computerName="DKSR-EFI-04" duration="00:00:00.0032189" startTime="2023-12-22T09:32:45.6438708+01:00" endTime="2023-12-22T09:32:45.6472592+01:00" testType="13cdc9d9-ddb5-4fa4-a97d-d965ccfc6d4b" outcome="Passed" testListId="8c84fa94-04c1-424b-9868-57a2d4851a1d" relativeResultsDirectory="1bbb532d-6406-4ca4-9c96-e9f72e15605e" />
    <UnitTestResult executionId="3e6ef411-27f5-4f55-8588-c9a1865341ca" testId="f84c3ab6-5df5-c8d8-bb37-6142800c1835" testName="Given_ConnectionCreated_WhenRunAsync_Then_TaskRunsUntilReaderReportsConnectionClosed" computerName="DKSR-EFI-04" duration="00:00:00.3094506" startTime="2023-12-22T09:32:43.1659212+01:00" endTime="2023-12-22T09:32:43.4756195+01:00" testType="13cdc9d9-ddb5-4fa4-a97d-d965ccfc6d4b" outcome="Passed" testListId="8c84fa94-04c1-424b-9868-57a2d4851a1d" relativeResultsDirectory="3e6ef411-27f5-4f55-8588-c9a1865341ca" />
    <UnitTestResult executionId="f99afa2a-3852-4bc8-9677-8d619cc670fd" testId="1a73e3fb-db04-acf8-efc0-c385c3668563" testName="Given_WebSocketServerRunning_WhenWebSocketRequestsReceived_AndClosedByClient_Then_ConnectionAndMessageProcessorAreDisposed" computerName="DKSR-EFI-04" duration="00:00:00.0288509" startTime="2023-12-22T09:32:45.0155166+01:00" endTime="2023-12-22T09:32:45.0445814+01:00" testType="13cdc9d9-ddb5-4fa4-a97d-d965ccfc6d4b" outcome="Passed" testListId="8c84fa94-04c1-424b-9868-57a2d4851a1d" relativeResultsDirectory="f99afa2a-3852-4bc8-9677-8d619cc670fd" />
    <UnitTestResult executionId="6eaf82ad-6181-4eaa-8d7c-93e4de18af1f" testId="6cbe5b7e-5a0c-4d41-4528-7220bcedb289" testName="Given_WebSocketServerRunning_WhenNonWebsocketRequestReceived_Then_CloseResponseWithStatus426_AndMessageProcessorIsDisposed" computerName="DKSR-EFI-04" duration="00:00:00.0801044" startTime="2023-12-22T09:32:44.8195689+01:00" endTime="2023-12-22T09:32:44.8998895+01:00" testType="13cdc9d9-ddb5-4fa4-a97d-d965ccfc6d4b" outcome="Passed" testListId="8c84fa94-04c1-424b-9868-57a2d4851a1d" relativeResultsDirectory="6eaf82ad-6181-4eaa-8d7c-93e4de18af1f" />
    <UnitTestResult executionId="d8c021af-7bbc-46c7-8b58-ab9664037fd5" testId="541e7a25-1132-e1e5-2914-5c97dae45806" testName="Given_ConnectionCreated_WhenRunAsync_Then_TaskKeepRunningEvenIfAnExceptionIsThrown" computerName="DKSR-EFI-04" duration="00:00:00.2465855" startTime="2023-12-22T09:32:43.4757326+01:00" endTime="2023-12-22T09:32:43.7225881+01:00" testType="13cdc9d9-ddb5-4fa4-a97d-d965ccfc6d4b" outcome="Passed" testListId="8c84fa94-04c1-424b-9868-57a2d4851a1d" relativeResultsDirectory="d8c021af-7bbc-46c7-8b58-ab9664037fd5" />
    <UnitTestResult executionId="1ca91e03-a691-4ce4-8b59-1f46a4059233" testId="21bbf318-06fa-5331-4b4b-1b1314cab6cc" testName="ReadAsync_ShouldReturnObject_WhenGivenJson" computerName="DKSR-EFI-04" duration="00:00:00.0198724" startTime="2023-12-22T09:32:44.5009613+01:00" endTime="2023-12-22T09:32:44.5211055+01:00" testType="13cdc9d9-ddb5-4fa4-a97d-d965ccfc6d4b" outcome="Passed" testListId="8c84fa94-04c1-424b-9868-57a2d4851a1d" relativeResultsDirectory="1ca91e03-a691-4ce4-8b59-1f46a4059233" />
    <UnitTestResult executionId="d4ff8b85-1ed1-4df3-8f16-a6d8a6ceac5f" testId="cfd6388b-cadd-07ab-aad8-887884679ccd" testName="Given_HandleConnectionCalled_WhenCancelled_Then_StopsWithoutException" computerName="DKSR-EFI-04" duration="00:00:00.2737242" startTime="2023-12-22T09:32:42.5947966+01:00" endTime="2023-12-22T09:32:42.8689280+01:00" testType="13cdc9d9-ddb5-4fa4-a97d-d965ccfc6d4b" outcome="Passed" testListId="8c84fa94-04c1-424b-9868-57a2d4851a1d" relativeResultsDirectory="d4ff8b85-1ed1-4df3-8f16-a6d8a6ceac5f" />
    <UnitTestResult executionId="b2b59f81-60c5-4768-bca2-28fddd8f9a39" testId="17113636-2838-540b-6e7b-9af7ed2f4a89" testName="ReadAsync_ShouldBeCancelled_WhenTokenIsCancelled" computerName="DKSR-EFI-04" duration="00:00:00.0051829" startTime="2023-12-22T09:32:45.3946400+01:00" endTime="2023-12-22T09:32:45.4001007+01:00" testType="13cdc9d9-ddb5-4fa4-a97d-d965ccfc6d4b" outcome="Passed" testListId="8c84fa94-04c1-424b-9868-57a2d4851a1d" relativeResultsDirectory="b2b59f81-60c5-4768-bca2-28fddd8f9a39" />
    <UnitTestResult executionId="b2931b4b-d42f-4392-aa40-2d1312e6d961" testId="786ed098-fd0c-ab3e-d959-e6ab09eb64f2" testName="WriteAsync_ShouldSendJsonData_WhenCalledWithAnObject" computerName="DKSR-EFI-04" duration="00:00:00.0067503" startTime="2023-12-22T09:32:44.5228537+01:00" endTime="2023-12-22T09:32:44.5299907+01:00" testType="13cdc9d9-ddb5-4fa4-a97d-d965ccfc6d4b" outcome="Passed" testListId="8c84fa94-04c1-424b-9868-57a2d4851a1d" relativeResultsDirectory="b2931b4b-d42f-4392-aa40-2d1312e6d961" />
    <UnitTestResult executionId="b83ff27d-daba-4b5a-a653-4784683913fb" testId="45fbabf4-059d-78c5-13e1-c6c213e9b668" testName="WriteAsync_ShouldSendBinaryData_WhenCalledWithBinaryData" computerName="DKSR-EFI-04" duration="00:00:01.8579125" startTime="2023-12-22T09:32:40.7363390+01:00" endTime="2023-12-22T09:32:42.5946533+01:00" testType="13cdc9d9-ddb5-4fa4-a97d-d965ccfc6d4b" outcome="Passed" testListId="8c84fa94-04c1-424b-9868-57a2d4851a1d" relativeResultsDirectory="b83ff27d-daba-4b5a-a653-4784683913fb" />
    <UnitTestResult executionId="c8206b0f-664d-49da-8189-f4231a2800e6" testId="5c315a0f-66f4-9209-9ce3-f856f2e8b9fd" testName="ReadAsync_ShouldReturnMessage_WhenMessgeBytesFitInBuffer_AndIsNotSplit" computerName="DKSR-EFI-04" duration="00:00:00.0041058" startTime="2023-12-22T09:32:45.4001717+01:00" endTime="2023-12-22T09:32:45.4044329+01:00" testType="13cdc9d9-ddb5-4fa4-a97d-d965ccfc6d4b" outcome="Passed" testListId="8c84fa94-04c1-424b-9868-57a2d4851a1d" relativeResultsDirectory="c8206b0f-664d-49da-8189-f4231a2800e6" />
    <UnitTestResult executionId="031d9d04-951e-41d9-b7db-306467c96e60" testId="4178cbcb-b670-4928-d5e3-684f18e91898" testName="Given_ConnectionRuns_When_MessageReceived_Then_ItIsProcessedByIncomingMessageProcessor" computerName="DKSR-EFI-04" duration="00:00:00.2528762" startTime="2023-12-22T09:32:43.7227194+01:00" endTime="2023-12-22T09:32:43.9758090+01:00" testType="13cdc9d9-ddb5-4fa4-a97d-d965ccfc6d4b" outcome="Passed" testListId="8c84fa94-04c1-424b-9868-57a2d4851a1d" relativeResultsDirectory="031d9d04-951e-41d9-b7db-306467c96e60" />
    <UnitTestResult executionId="77681bd1-3b6f-440f-8c86-717814d0d1db" testId="27924e98-8eeb-6eec-e518-9bff1acaa8bc" testName="Given_WebSocketServerRunning_WhenCancelled_Then_StopsWithoutException" computerName="DKSR-EFI-04" duration="00:00:00.0871701" startTime="2023-12-22T09:32:44.7320685+01:00" endTime="2023-12-22T09:32:44.8194734+01:00" testType="13cdc9d9-ddb5-4fa4-a97d-d965ccfc6d4b" outcome="Passed" testListId="8c84fa94-04c1-424b-9868-57a2d4851a1d" relativeResultsDirectory="77681bd1-3b6f-440f-8c86-717814d0d1db" />
    <UnitTestResult executionId="e961924c-ebac-47f9-b300-c2435aa5b33f" testId="07d0e3c4-f0e5-a0b1-e09d-27b246255d4a" testName="Given_ConnectionRuns_When_ConnectionIsCancelled_Then_ProcessMessagesAreAwaited" computerName="DKSR-EFI-04" startTime="2023-12-22T09:32:44.5008223+01:00" endTime="2023-12-22T09:32:44.5008980+01:00" testType="13cdc9d9-ddb5-4fa4-a97d-d965ccfc6d4b" outcome="NotExecuted" testListId="8c84fa94-04c1-424b-9868-57a2d4851a1d" relativeResultsDirectory="e961924c-ebac-47f9-b300-c2435aa5b33f">
      <Output></Output>
    </UnitTestResult>
    <UnitTestResult executionId="c21460ac-f2bc-4bb5-b2c1-b45563dbf4e1" testId="74fbcf86-e02b-e102-508f-c289f907d623" testName="ReadAsync_ShouldReturnUnalteredByteArray_WhenGivenBinaryData" computerName="DKSR-EFI-04" duration="00:00:00.4076425" startTime="2023-12-22T09:32:40.2853637+01:00" endTime="2023-12-22T09:32:40.7269537+01:00" testType="13cdc9d9-ddb5-4fa4-a97d-d965ccfc6d4b" outcome="Passed" testListId="8c84fa94-04c1-424b-9868-57a2d4851a1d" relativeResultsDirectory="c21460ac-f2bc-4bb5-b2c1-b45563dbf4e1" />
  </Results>
  <TestDefinitions>
    <UnitTest name="ReadAsync_ShouldReturnMessage_WhenMessgeBytesFitInBuffer_AndIsSplitIn2" storage="d:\actions-runner\_work\xpco\xpco\allsolutions\..\common\videoos.common.websockets\tst\videoos.common.websockets.unittests\bin\debug\net6.0-windows\videoos.common.websockets.unittests.dll" id="2db4a4b8-7542-9257-9c47-e10b048b1618">
      <Execution id="da292420-343b-4d9e-8a26-bb8aead08616" />
      <TestMethod codeBase="D:\actions-runner\_work\XPCO\XPCO\AllSolutions\..\Common\VideoOS.Common.WebSockets\tst\VideoOS.Common.WebSockets.UnitTests\bin\Debug\net6.0-windows\VideoOS.Common.WebSockets.UnitTests.dll" adapterTypeName="executor://mstestadapter/v2" className="VideoOS.Common.WebSockets.UnitTests.WebSocketTextReaderTests" name="ReadAsync_ShouldReturnMessage_WhenMessgeBytesFitInBuffer_AndIsSplitIn2" />
    </UnitTest>
    <UnitTest name="Given_HandleConnectionCalled_WhenCancelled_Then_StopsWithoutException" storage="d:\actions-runner\_work\xpco\xpco\allsolutions\..\common\videoos.common.websockets\tst\videoos.common.websockets.unittests\bin\debug\net6.0-windows\videoos.common.websockets.unittests.dll" id="cfd6388b-cadd-07ab-aad8-887884679ccd">
      <Execution id="d4ff8b85-1ed1-4df3-8f16-a6d8a6ceac5f" />
      <TestMethod codeBase="D:\actions-runner\_work\XPCO\XPCO\AllSolutions\..\Common\VideoOS.Common.WebSockets\tst\VideoOS.Common.WebSockets.UnitTests\bin\Debug\net6.0-windows\VideoOS.Common.WebSockets.UnitTests.dll" adapterTypeName="executor://mstestadapter/v2" className="VideoOS.Common.WebSockets.UnitTests.WebSocketConnectionHandlerTests" name="Given_HandleConnectionCalled_WhenCancelled_Then_StopsWithoutException" />
    </UnitTest>
    <UnitTest name="ReadAsync_ShouldReturnNull_AndCloseSocket_WhenCloseIsReceived" storage="d:\actions-runner\_work\xpco\xpco\allsolutions\..\common\videoos.common.websockets\tst\videoos.common.websockets.unittests\bin\debug\net6.0-windows\videoos.common.websockets.unittests.dll" id="60e393e1-fb9a-677f-db7d-7b0867243a41">
      <Execution id="a9b337b1-fcfc-4b30-bb8a-d9027c37f518" />
      <TestMethod codeBase="D:\actions-runner\_work\XPCO\XPCO\AllSolutions\..\Common\VideoOS.Common.WebSockets\tst\VideoOS.Common.WebSockets.UnitTests\bin\Debug\net6.0-windows\VideoOS.Common.WebSockets.UnitTests.dll" adapterTypeName="executor://mstestadapter/v2" className="VideoOS.Common.WebSockets.UnitTests.WebSocketTextReaderTests" name="ReadAsync_ShouldReturnNull_AndCloseSocket_WhenCloseIsReceived" />
    </UnitTest>
    <UnitTest name="Given_ConnectionRuns_When_MessageReceived_Then_ItIsProcessedByIncomingMessageProcessor" storage="d:\actions-runner\_work\xpco\xpco\allsolutions\..\common\videoos.common.websockets\tst\videoos.common.websockets.unittests\bin\debug\net6.0-windows\videoos.common.websockets.unittests.dll" id="4178cbcb-b670-4928-d5e3-684f18e91898">
      <Execution id="031d9d04-951e-41d9-b7db-306467c96e60" />
      <TestMethod codeBase="D:\actions-runner\_work\XPCO\XPCO\AllSolutions\..\Common\VideoOS.Common.WebSockets\tst\VideoOS.Common.WebSockets.UnitTests\bin\Debug\net6.0-windows\VideoOS.Common.WebSockets.UnitTests.dll" adapterTypeName="executor://mstestadapter/v2" className="VideoOS.Common.WebSockets.UnitTests.WebSocketConnectionTest" name="Given_ConnectionRuns_When_MessageReceived_Then_ItIsProcessedByIncomingMessageProcessor" />
    </UnitTest>
    <UnitTest name="Given_WebSocketServerRunning_WhenWebSocketRequestsReceived_AndServerShutsDown_Then_ConnectionsAreClosedByServer_AndConnectionAndMessageProcessorAreDisposed" storage="d:\actions-runner\_work\xpco\xpco\allsolutions\..\common\videoos.common.websockets\tst\videoos.common.websockets.unittests\bin\debug\net6.0-windows\videoos.common.websockets.unittests.dll" id="45bc5c00-81fc-dcbb-35b0-d70ab735f706">
      <Execution id="8c8320ea-0233-44ba-94f4-11c65eac00f3" />
      <TestMethod codeBase="D:\actions-runner\_work\XPCO\XPCO\AllSolutions\..\Common\VideoOS.Common.WebSockets\tst\VideoOS.Common.WebSockets.UnitTests\bin\Debug\net6.0-windows\VideoOS.Common.WebSockets.UnitTests.dll" adapterTypeName="executor://mstestadapter/v2" className="VideoOS.Common.WebSockets.UnitTests.WebSocketServerTests" name="Given_WebSocketServerRunning_WhenWebSocketRequestsReceived_AndServerShutsDown_Then_ConnectionsAreClosedByServer_AndConnectionAndMessageProcessorAreDisposed" />
    </UnitTest>
    <UnitTest name="ReadAsync_ShouldReturnUnalteredByteArray_WhenGivenBinaryData" storage="d:\actions-runner\_work\xpco\xpco\allsolutions\..\common\videoos.common.websockets\tst\videoos.common.websockets.unittests\bin\debug\net6.0-windows\videoos.common.websockets.unittests.dll" id="74fbcf86-e02b-e102-508f-c289f907d623">
      <Execution id="c21460ac-f2bc-4bb5-b2c1-b45563dbf4e1" />
      <TestMethod codeBase="D:\actions-runner\_work\XPCO\XPCO\AllSolutions\..\Common\VideoOS.Common.WebSockets\tst\VideoOS.Common.WebSockets.UnitTests\bin\Debug\net6.0-windows\VideoOS.Common.WebSockets.UnitTests.dll" adapterTypeName="executor://mstestadapter/v2" className="VideoOS.Common.WebSockets.UnitTests.WebSocketBinaryReaderTests" name="ReadAsync_ShouldReturnUnalteredByteArray_WhenGivenBinaryData" />
    </UnitTest>
    <UnitTest name="Given_WebSocketServerRunning_WhenValidateClientReturnsUnauthorized_Then_CloseResponseWithStatus401_AndMessageProcessorIsDisposed" storage="d:\actions-runner\_work\xpco\xpco\allsolutions\..\common\videoos.common.websockets\tst\videoos.common.websockets.unittests\bin\debug\net6.0-windows\videoos.common.websockets.unittests.dll" id="cb3e1099-bc6e-ffc9-3d3c-c21852b8c186">
      <Execution id="3e0b13ab-c87b-4a4c-86b2-a2a6d0f53122" />
      <TestMethod codeBase="D:\actions-runner\_work\XPCO\XPCO\AllSolutions\..\Common\VideoOS.Common.WebSockets\tst\VideoOS.Common.WebSockets.UnitTests\bin\Debug\net6.0-windows\VideoOS.Common.WebSockets.UnitTests.dll" adapterTypeName="executor://mstestadapter/v2" className="VideoOS.Common.WebSockets.UnitTests.WebSocketServerTests" name="Given_WebSocketServerRunning_WhenValidateClientReturnsUnauthorized_Then_CloseResponseWithStatus401_AndMessageProcessorIsDisposed" />
    </UnitTest>
    <UnitTest name="ReadAsync_ShouldReturnObject_WhenGivenJson" storage="d:\actions-runner\_work\xpco\xpco\allsolutions\..\common\videoos.common.websockets\tst\videoos.common.websockets.unittests\bin\debug\net6.0-windows\videoos.common.websockets.unittests.dll" id="21bbf318-06fa-5331-4b4b-1b1314cab6cc">
      <Execution id="1ca91e03-a691-4ce4-8b59-1f46a4059233" />
      <TestMethod codeBase="D:\actions-runner\_work\XPCO\XPCO\AllSolutions\..\Common\VideoOS.Common.WebSockets\tst\VideoOS.Common.WebSockets.UnitTests\bin\Debug\net6.0-windows\VideoOS.Common.WebSockets.UnitTests.dll" adapterTypeName="executor://mstestadapter/v2" className="VideoOS.Common.WebSockets.UnitTests.WebSocketJsonReaderTests" name="ReadAsync_ShouldReturnObject_WhenGivenJson" />
    </UnitTest>
    <UnitTest name="ReadAsync_ShouldReturnMessage_WhenMessgeBytesDoesNotFitInBuffer" storage="d:\actions-runner\_work\xpco\xpco\allsolutions\..\common\videoos.common.websockets\tst\videoos.common.websockets.unittests\bin\debug\net6.0-windows\videoos.common.websockets.unittests.dll" id="d828ff89-d542-aec2-0f85-e3a6f44609b4">
      <Execution id="e7f5cba0-1645-47a9-842e-618b18835c3a" />
      <TestMethod codeBase="D:\actions-runner\_work\XPCO\XPCO\AllSolutions\..\Common\VideoOS.Common.WebSockets\tst\VideoOS.Common.WebSockets.UnitTests\bin\Debug\net6.0-windows\VideoOS.Common.WebSockets.UnitTests.dll" adapterTypeName="executor://mstestadapter/v2" className="VideoOS.Common.WebSockets.UnitTests.WebSocketTextReaderTests" name="ReadAsync_ShouldReturnMessage_WhenMessgeBytesDoesNotFitInBuffer" />
    </UnitTest>
    <UnitTest name="WriteAsync_ShouldFail_WhenMessageIsNull" storage="d:\actions-runner\_work\xpco\xpco\allsolutions\..\common\videoos.common.websockets\tst\videoos.common.websockets.unittests\bin\debug\net6.0-windows\videoos.common.websockets.unittests.dll" id="a53282b4-6a05-242a-e4d2-b9565bce7581">
      <Execution id="1bbb532d-6406-4ca4-9c96-e9f72e15605e" />
      <TestMethod codeBase="D:\actions-runner\_work\XPCO\XPCO\AllSolutions\..\Common\VideoOS.Common.WebSockets\tst\VideoOS.Common.WebSockets.UnitTests\bin\Debug\net6.0-windows\VideoOS.Common.WebSockets.UnitTests.dll" adapterTypeName="executor://mstestadapter/v2" className="VideoOS.Common.WebSockets.UnitTests.WebSocketTextWriterTests" name="WriteAsync_ShouldFail_WhenMessageIsNull" />
    </UnitTest>
    <UnitTest name="ReadAsync_ShouldBeCancelled_WhenTokenIsCancelled" storage="d:\actions-runner\_work\xpco\xpco\allsolutions\..\common\videoos.common.websockets\tst\videoos.common.websockets.unittests\bin\debug\net6.0-windows\videoos.common.websockets.unittests.dll" id="17113636-2838-540b-6e7b-9af7ed2f4a89">
      <Execution id="b2b59f81-60c5-4768-bca2-28fddd8f9a39" />
      <TestMethod codeBase="D:\actions-runner\_work\XPCO\XPCO\AllSolutions\..\Common\VideoOS.Common.WebSockets\tst\VideoOS.Common.WebSockets.UnitTests\bin\Debug\net6.0-windows\VideoOS.Common.WebSockets.UnitTests.dll" adapterTypeName="executor://mstestadapter/v2" className="VideoOS.Common.WebSockets.UnitTests.WebSocketTextReaderTests" name="ReadAsync_ShouldBeCancelled_WhenTokenIsCancelled" />
    </UnitTest>
    <UnitTest name="Given_WebSocketServerStarted_WhenHttpListenerThrowsException_Then_ServerStops" storage="d:\actions-runner\_work\xpco\xpco\allsolutions\..\common\videoos.common.websockets\tst\videoos.common.websockets.unittests\bin\debug\net6.0-windows\videoos.common.websockets.unittests.dll" id="c97251e0-524e-5109-53f3-5e1adead1298">
      <Execution id="6ee139a5-65a4-419e-83db-f90d8b2cd4c2" />
      <TestMethod codeBase="D:\actions-runner\_work\XPCO\XPCO\AllSolutions\..\Common\VideoOS.Common.WebSockets\tst\VideoOS.Common.WebSockets.UnitTests\bin\Debug\net6.0-windows\VideoOS.Common.WebSockets.UnitTests.dll" adapterTypeName="executor://mstestadapter/v2" className="VideoOS.Common.WebSockets.UnitTests.WebSocketServerTests" name="Given_WebSocketServerStarted_WhenHttpListenerThrowsException_Then_ServerStops" />
    </UnitTest>
    <UnitTest name="Given_ConnectionRuns_When_ConnectionIsCancelled_Then_ProcessMessagesAreAwaited" storage="d:\actions-runner\_work\xpco\xpco\allsolutions\..\common\videoos.common.websockets\tst\videoos.common.websockets.unittests\bin\debug\net6.0-windows\videoos.common.websockets.unittests.dll" id="07d0e3c4-f0e5-a0b1-e09d-27b246255d4a">
      <Execution id="e961924c-ebac-47f9-b300-c2435aa5b33f" />
      <TestMethod codeBase="D:\actions-runner\_work\XPCO\XPCO\AllSolutions\..\Common\VideoOS.Common.WebSockets\tst\VideoOS.Common.WebSockets.UnitTests\bin\Debug\net6.0-windows\VideoOS.Common.WebSockets.UnitTests.dll" adapterTypeName="executor://mstestadapter/v2" className="VideoOS.Common.WebSockets.UnitTests.WebSocketConnectionTest" name="Given_ConnectionRuns_When_ConnectionIsCancelled_Then_ProcessMessagesAreAwaited" />
    </UnitTest>
    <UnitTest name="Given_ConnectionRuns_When_IncomingMessageProcessorResponds_Then_TheResponseIsPassedToTheWebSocketWriter" storage="d:\actions-runner\_work\xpco\xpco\allsolutions\..\common\videoos.common.websockets\tst\videoos.common.websockets.unittests\bin\debug\net6.0-windows\videoos.common.websockets.unittests.dll" id="43535fd5-c237-92ee-f62c-6062d656852a">
      <Execution id="236b8f4e-f1a6-4c64-be49-ed727a4b8fc7" />
      <TestMethod codeBase="D:\actions-runner\_work\XPCO\XPCO\AllSolutions\..\Common\VideoOS.Common.WebSockets\tst\VideoOS.Common.WebSockets.UnitTests\bin\Debug\net6.0-windows\VideoOS.Common.WebSockets.UnitTests.dll" adapterTypeName="executor://mstestadapter/v2" className="VideoOS.Common.WebSockets.UnitTests.WebSocketConnectionTest" name="Given_ConnectionRuns_When_IncomingMessageProcessorResponds_Then_TheResponseIsPassedToTheWebSocketWriter" />
    </UnitTest>
    <UnitTest name="ReadAsync_ShouldReturnNull_AndCloseSocket_WhenMessgeIsTooBig" storage="d:\actions-runner\_work\xpco\xpco\allsolutions\..\common\videoos.common.websockets\tst\videoos.common.websockets.unittests\bin\debug\net6.0-windows\videoos.common.websockets.unittests.dll" id="c0b89de7-d5df-1192-84bc-7a554b7173bd">
      <Execution id="d61be38f-096a-45fb-8a11-192ec5b7ff17" />
      <TestMethod codeBase="D:\actions-runner\_work\XPCO\XPCO\AllSolutions\..\Common\VideoOS.Common.WebSockets\tst\VideoOS.Common.WebSockets.UnitTests\bin\Debug\net6.0-windows\VideoOS.Common.WebSockets.UnitTests.dll" adapterTypeName="executor://mstestadapter/v2" className="VideoOS.Common.WebSockets.UnitTests.WebSocketTextReaderTests" name="ReadAsync_ShouldReturnNull_AndCloseSocket_WhenMessgeIsTooBig" />
    </UnitTest>
    <UnitTest name="Given_ConnectionRuns_When_ConnectionIsClosed_Then_ProcessMessagesAreAwaited" storage="d:\actions-runner\_work\xpco\xpco\allsolutions\..\common\videoos.common.websockets\tst\videoos.common.websockets.unittests\bin\debug\net6.0-windows\videoos.common.websockets.unittests.dll" id="82208ecb-5dfd-fb08-9afb-08c75a19542d">
      <Execution id="773f3d0e-f4b6-4a56-ad84-5e8b32276aac" />
      <TestMethod codeBase="D:\actions-runner\_work\XPCO\XPCO\AllSolutions\..\Common\VideoOS.Common.WebSockets\tst\VideoOS.Common.WebSockets.UnitTests\bin\Debug\net6.0-windows\VideoOS.Common.WebSockets.UnitTests.dll" adapterTypeName="executor://mstestadapter/v2" className="VideoOS.Common.WebSockets.UnitTests.WebSocketConnectionTest" name="Given_ConnectionRuns_When_ConnectionIsClosed_Then_ProcessMessagesAreAwaited" />
    </UnitTest>
    <UnitTest name="Given_ConnectionRuns_When_ProcessMessageThrowsProcessMessageException_Then_TheConnectionGetsClosed" storage="d:\actions-runner\_work\xpco\xpco\allsolutions\..\common\videoos.common.websockets\tst\videoos.common.websockets.unittests\bin\debug\net6.0-windows\videoos.common.websockets.unittests.dll" id="c45e925c-2d90-9721-a7dd-15fb78334e99">
      <Execution id="6356453e-4746-499e-9d58-251f39a5889f" />
      <TestMethod codeBase="D:\actions-runner\_work\XPCO\XPCO\AllSolutions\..\Common\VideoOS.Common.WebSockets\tst\VideoOS.Common.WebSockets.UnitTests\bin\Debug\net6.0-windows\VideoOS.Common.WebSockets.UnitTests.dll" adapterTypeName="executor://mstestadapter/v2" className="VideoOS.Common.WebSockets.UnitTests.WebSocketConnectionTest" name="Given_ConnectionRuns_When_ProcessMessageThrowsProcessMessageException_Then_TheConnectionGetsClosed" />
    </UnitTest>
    <UnitTest name="Given_WebSocketServerRunning_WhenWebSocketRequestsReceived_AndClosedByClient_Then_ConnectionAndMessageProcessorAreDisposed" storage="d:\actions-runner\_work\xpco\xpco\allsolutions\..\common\videoos.common.websockets\tst\videoos.common.websockets.unittests\bin\debug\net6.0-windows\videoos.common.websockets.unittests.dll" id="1a73e3fb-db04-acf8-efc0-c385c3668563">
      <Execution id="f99afa2a-3852-4bc8-9677-8d619cc670fd" />
      <TestMethod codeBase="D:\actions-runner\_work\XPCO\XPCO\AllSolutions\..\Common\VideoOS.Common.WebSockets\tst\VideoOS.Common.WebSockets.UnitTests\bin\Debug\net6.0-windows\VideoOS.Common.WebSockets.UnitTests.dll" adapterTypeName="executor://mstestadapter/v2" className="VideoOS.Common.WebSockets.UnitTests.WebSocketServerTests" name="Given_WebSocketServerRunning_WhenWebSocketRequestsReceived_AndClosedByClient_Then_ConnectionAndMessageProcessorAreDisposed" />
    </UnitTest>
    <UnitTest name="WriteAsync_ShouldSendClearTextData_WhenCalledWithAMessage" storage="d:\actions-runner\_work\xpco\xpco\allsolutions\..\common\videoos.common.websockets\tst\videoos.common.websockets.unittests\bin\debug\net6.0-windows\videoos.common.websockets.unittests.dll" id="3c1561df-e7db-a184-b7bc-63aba8a8c00a">
      <Execution id="5e96f9bc-91fe-4a97-8ec2-61a8bcc0f170" />
      <TestMethod codeBase="D:\actions-runner\_work\XPCO\XPCO\AllSolutions\..\Common\VideoOS.Common.WebSockets\tst\VideoOS.Common.WebSockets.UnitTests\bin\Debug\net6.0-windows\VideoOS.Common.WebSockets.UnitTests.dll" adapterTypeName="executor://mstestadapter/v2" className="VideoOS.Common.WebSockets.UnitTests.WebSocketTextWriterTests" name="WriteAsync_ShouldSendClearTextData_WhenCalledWithAMessage" />
    </UnitTest>
    <UnitTest name="Given_ConnectionCreated_WhenRunAsync_Then_TaskRunsUntilReaderReportsConnectionClosed" storage="d:\actions-runner\_work\xpco\xpco\allsolutions\..\common\videoos.common.websockets\tst\videoos.common.websockets.unittests\bin\debug\net6.0-windows\videoos.common.websockets.unittests.dll" id="f84c3ab6-5df5-c8d8-bb37-6142800c1835">
      <Execution id="3e6ef411-27f5-4f55-8588-c9a1865341ca" />
      <TestMethod codeBase="D:\actions-runner\_work\XPCO\XPCO\AllSolutions\..\Common\VideoOS.Common.WebSockets\tst\VideoOS.Common.WebSockets.UnitTests\bin\Debug\net6.0-windows\VideoOS.Common.WebSockets.UnitTests.dll" adapterTypeName="executor://mstestadapter/v2" className="VideoOS.Common.WebSockets.UnitTests.WebSocketConnectionTest" name="Given_ConnectionCreated_WhenRunAsync_Then_TaskRunsUntilReaderReportsConnectionClosed" />
    </UnitTest>
    <UnitTest name="Given_WebSocketServerRunning_WhenNonWebsocketRequestReceived_Then_CloseResponseWithStatus426_AndMessageProcessorIsDisposed" storage="d:\actions-runner\_work\xpco\xpco\allsolutions\..\common\videoos.common.websockets\tst\videoos.common.websockets.unittests\bin\debug\net6.0-windows\videoos.common.websockets.unittests.dll" id="6cbe5b7e-5a0c-4d41-4528-7220bcedb289">
      <Execution id="6eaf82ad-6181-4eaa-8d7c-93e4de18af1f" />
      <TestMethod codeBase="D:\actions-runner\_work\XPCO\XPCO\AllSolutions\..\Common\VideoOS.Common.WebSockets\tst\VideoOS.Common.WebSockets.UnitTests\bin\Debug\net6.0-windows\VideoOS.Common.WebSockets.UnitTests.dll" adapterTypeName="executor://mstestadapter/v2" className="VideoOS.Common.WebSockets.UnitTests.WebSocketServerTests" name="Given_WebSocketServerRunning_WhenNonWebsocketRequestReceived_Then_CloseResponseWithStatus426_AndMessageProcessorIsDisposed" />
    </UnitTest>
    <UnitTest name="ReadAsync_ShouldReturnNull_AndCloseSocket_WhenBinaryIsReceived" storage="d:\actions-runner\_work\xpco\xpco\allsolutions\..\common\videoos.common.websockets\tst\videoos.common.websockets.unittests\bin\debug\net6.0-windows\videoos.common.websockets.unittests.dll" id="b01ffc42-bd8d-f8f4-c137-073f90bc1c56">
      <Execution id="5584ddb9-bf13-47c8-b2a5-5a039e64caa2" />
      <TestMethod codeBase="D:\actions-runner\_work\XPCO\XPCO\AllSolutions\..\Common\VideoOS.Common.WebSockets\tst\VideoOS.Common.WebSockets.UnitTests\bin\Debug\net6.0-windows\VideoOS.Common.WebSockets.UnitTests.dll" adapterTypeName="executor://mstestadapter/v2" className="VideoOS.Common.WebSockets.UnitTests.WebSocketTextReaderTests" name="ReadAsync_ShouldReturnNull_AndCloseSocket_WhenBinaryIsReceived" />
    </UnitTest>
    <UnitTest name="Given_HandleConnection_WhenCreatingMessageProcessorFactoryFails_Then_ExceptionIsLoggedAndCorrectResponseStatusSet" storage="d:\actions-runner\_work\xpco\xpco\allsolutions\..\common\videoos.common.websockets\tst\videoos.common.websockets.unittests\bin\debug\net6.0-windows\videoos.common.websockets.unittests.dll" id="dc190c44-9df3-627c-e706-5b20806e6976">
      <Execution id="c401c41e-2f04-465a-a14f-25da828afe9e" />
      <TestMethod codeBase="D:\actions-runner\_work\XPCO\XPCO\AllSolutions\..\Common\VideoOS.Common.WebSockets\tst\VideoOS.Common.WebSockets.UnitTests\bin\Debug\net6.0-windows\VideoOS.Common.WebSockets.UnitTests.dll" adapterTypeName="executor://mstestadapter/v2" className="VideoOS.Common.WebSockets.UnitTests.WebSocketConnectionHandlerTests" name="Given_HandleConnection_WhenCreatingMessageProcessorFactoryFails_Then_ExceptionIsLoggedAndCorrectResponseStatusSet" />
    </UnitTest>
    <UnitTest name="Given_WebSocketServerCreated_WhenDisposed_Then_HttpListenerIsDisposed" storage="d:\actions-runner\_work\xpco\xpco\allsolutions\..\common\videoos.common.websockets\tst\videoos.common.websockets.unittests\bin\debug\net6.0-windows\videoos.common.websockets.unittests.dll" id="d48b9345-2218-465d-52b1-e79f9f0ad5f6">
      <Execution id="9ab94869-176e-429c-abf0-1a45c862f6ad" />
      <TestMethod codeBase="D:\actions-runner\_work\XPCO\XPCO\AllSolutions\..\Common\VideoOS.Common.WebSockets\tst\VideoOS.Common.WebSockets.UnitTests\bin\Debug\net6.0-windows\VideoOS.Common.WebSockets.UnitTests.dll" adapterTypeName="executor://mstestadapter/v2" className="VideoOS.Common.WebSockets.UnitTests.WebSocketServerTests" name="Given_WebSocketServerCreated_WhenDisposed_Then_HttpListenerIsDisposed" />
    </UnitTest>
    <UnitTest name="WriteAsync_ShouldSendBinaryData_WhenCalledWithBinaryData" storage="d:\actions-runner\_work\xpco\xpco\allsolutions\..\common\videoos.common.websockets\tst\videoos.common.websockets.unittests\bin\debug\net6.0-windows\videoos.common.websockets.unittests.dll" id="45fbabf4-059d-78c5-13e1-c6c213e9b668">
      <Execution id="b83ff27d-daba-4b5a-a653-4784683913fb" />
      <TestMethod codeBase="D:\actions-runner\_work\XPCO\XPCO\AllSolutions\..\Common\VideoOS.Common.WebSockets\tst\VideoOS.Common.WebSockets.UnitTests\bin\Debug\net6.0-windows\VideoOS.Common.WebSockets.UnitTests.dll" adapterTypeName="executor://mstestadapter/v2" className="VideoOS.Common.WebSockets.UnitTests.WebSocketBinaryWriterTests" name="WriteAsync_ShouldSendBinaryData_WhenCalledWithBinaryData" />
    </UnitTest>
    <UnitTest name="Given_HandleConnection_WhenNonAcceptWebSocketTrows_Then_ExceptionIsTrown" storage="d:\actions-runner\_work\xpco\xpco\allsolutions\..\common\videoos.common.websockets\tst\videoos.common.websockets.unittests\bin\debug\net6.0-windows\videoos.common.websockets.unittests.dll" id="5d93fbf4-5ac7-c2bb-0495-c307c48f26fe">
      <Execution id="f8199b0d-c887-42d0-9f45-1b30c26e3535" />
      <TestMethod codeBase="D:\actions-runner\_work\XPCO\XPCO\AllSolutions\..\Common\VideoOS.Common.WebSockets\tst\VideoOS.Common.WebSockets.UnitTests\bin\Debug\net6.0-windows\VideoOS.Common.WebSockets.UnitTests.dll" adapterTypeName="executor://mstestadapter/v2" className="VideoOS.Common.WebSockets.UnitTests.WebSocketConnectionHandlerTests" name="Given_HandleConnection_WhenNonAcceptWebSocketTrows_Then_ExceptionIsTrown" />
    </UnitTest>
    <UnitTest name="Given_HandleConnection_WhenValidateConnectionFails_Then_CorrectResponseStatusSet" storage="d:\actions-runner\_work\xpco\xpco\allsolutions\..\common\videoos.common.websockets\tst\videoos.common.websockets.unittests\bin\debug\net6.0-windows\videoos.common.websockets.unittests.dll" id="ad5627d5-e497-1f22-e9cd-133a26af6477">
      <Execution id="970bdb5f-8aea-4c74-93af-21618e0bc9ae" />
      <TestMethod codeBase="D:\actions-runner\_work\XPCO\XPCO\AllSolutions\..\Common\VideoOS.Common.WebSockets\tst\VideoOS.Common.WebSockets.UnitTests\bin\Debug\net6.0-windows\VideoOS.Common.WebSockets.UnitTests.dll" adapterTypeName="executor://mstestadapter/v2" className="VideoOS.Common.WebSockets.UnitTests.WebSocketConnectionHandlerTests" name="Given_HandleConnection_WhenValidateConnectionFails_Then_CorrectResponseStatusSet" />
    </UnitTest>
    <UnitTest name="WriteAsync_ShouldBeCancelled_WhenTokenIsCancelled" storage="d:\actions-runner\_work\xpco\xpco\allsolutions\..\common\videoos.common.websockets\tst\videoos.common.websockets.unittests\bin\debug\net6.0-windows\videoos.common.websockets.unittests.dll" id="bd7e0b0c-ef43-360b-dfdb-030b0d50a8ec">
      <Execution id="1a0cfa70-12e0-4c23-90d6-53cc1649fc26" />
      <TestMethod codeBase="D:\actions-runner\_work\XPCO\XPCO\AllSolutions\..\Common\VideoOS.Common.WebSockets\tst\VideoOS.Common.WebSockets.UnitTests\bin\Debug\net6.0-windows\VideoOS.Common.WebSockets.UnitTests.dll" adapterTypeName="executor://mstestadapter/v2" className="VideoOS.Common.WebSockets.UnitTests.WebSocketTextWriterTests" name="WriteAsync_ShouldBeCancelled_WhenTokenIsCancelled" />
    </UnitTest>
    <UnitTest name="WriteAsync_ShouldSendJsonData_WhenCalledWithAnObject" storage="d:\actions-runner\_work\xpco\xpco\allsolutions\..\common\videoos.common.websockets\tst\videoos.common.websockets.unittests\bin\debug\net6.0-windows\videoos.common.websockets.unittests.dll" id="786ed098-fd0c-ab3e-d959-e6ab09eb64f2">
      <Execution id="b2931b4b-d42f-4392-aa40-2d1312e6d961" />
      <TestMethod codeBase="D:\actions-runner\_work\XPCO\XPCO\AllSolutions\..\Common\VideoOS.Common.WebSockets\tst\VideoOS.Common.WebSockets.UnitTests\bin\Debug\net6.0-windows\VideoOS.Common.WebSockets.UnitTests.dll" adapterTypeName="executor://mstestadapter/v2" className="VideoOS.Common.WebSockets.UnitTests.WebSocketJsonWriterTests" name="WriteAsync_ShouldSendJsonData_WhenCalledWithAnObject" />
    </UnitTest>
    <UnitTest name="ReadAsync_ShouldReturnMessage_WhenMessgeBytesFitInBuffer_AndIsNotSplit" storage="d:\actions-runner\_work\xpco\xpco\allsolutions\..\common\videoos.common.websockets\tst\videoos.common.websockets.unittests\bin\debug\net6.0-windows\videoos.common.websockets.unittests.dll" id="5c315a0f-66f4-9209-9ce3-f856f2e8b9fd">
      <Execution id="c8206b0f-664d-49da-8189-f4231a2800e6" />
      <TestMethod codeBase="D:\actions-runner\_work\XPCO\XPCO\AllSolutions\..\Common\VideoOS.Common.WebSockets\tst\VideoOS.Common.WebSockets.UnitTests\bin\Debug\net6.0-windows\VideoOS.Common.WebSockets.UnitTests.dll" adapterTypeName="executor://mstestadapter/v2" className="VideoOS.Common.WebSockets.UnitTests.WebSocketTextReaderTests" name="ReadAsync_ShouldReturnMessage_WhenMessgeBytesFitInBuffer_AndIsNotSplit" />
    </UnitTest>
    <UnitTest name="Given_ConnectionCreated_WhenRunAsync_Then_TaskKeepRunningEvenIfAnExceptionIsThrown" storage="d:\actions-runner\_work\xpco\xpco\allsolutions\..\common\videoos.common.websockets\tst\videoos.common.websockets.unittests\bin\debug\net6.0-windows\videoos.common.websockets.unittests.dll" id="541e7a25-1132-e1e5-2914-5c97dae45806">
      <Execution id="d8c021af-7bbc-46c7-8b58-ab9664037fd5" />
      <TestMethod codeBase="D:\actions-runner\_work\XPCO\XPCO\AllSolutions\..\Common\VideoOS.Common.WebSockets\tst\VideoOS.Common.WebSockets.UnitTests\bin\Debug\net6.0-windows\VideoOS.Common.WebSockets.UnitTests.dll" adapterTypeName="executor://mstestadapter/v2" className="VideoOS.Common.WebSockets.UnitTests.WebSocketConnectionTest" name="Given_ConnectionCreated_WhenRunAsync_Then_TaskKeepRunningEvenIfAnExceptionIsThrown" />
    </UnitTest>
    <UnitTest name="Given_ConnectionCreated_WhenRunAsync_Then_TaskRunsUntilCancelled" storage="d:\actions-runner\_work\xpco\xpco\allsolutions\..\common\videoos.common.websockets\tst\videoos.common.websockets.unittests\bin\debug\net6.0-windows\videoos.common.websockets.unittests.dll" id="2d53fdea-8210-12a2-fa20-75c46188c947">
      <Execution id="97538667-ce12-4e9f-833c-24c8d52fb4a7" />
      <TestMethod codeBase="D:\actions-runner\_work\XPCO\XPCO\AllSolutions\..\Common\VideoOS.Common.WebSockets\tst\VideoOS.Common.WebSockets.UnitTests\bin\Debug\net6.0-windows\VideoOS.Common.WebSockets.UnitTests.dll" adapterTypeName="executor://mstestadapter/v2" className="VideoOS.Common.WebSockets.UnitTests.WebSocketConnectionTest" name="Given_ConnectionCreated_WhenRunAsync_Then_TaskRunsUntilCancelled" />
    </UnitTest>
    <UnitTest name="Given_WebSocketServerRunning_WhenCancelled_Then_StopsWithoutException" storage="d:\actions-runner\_work\xpco\xpco\allsolutions\..\common\videoos.common.websockets\tst\videoos.common.websockets.unittests\bin\debug\net6.0-windows\videoos.common.websockets.unittests.dll" id="27924e98-8eeb-6eec-e518-9bff1acaa8bc">
      <Execution id="77681bd1-3b6f-440f-8c86-717814d0d1db" />
      <TestMethod codeBase="D:\actions-runner\_work\XPCO\XPCO\AllSolutions\..\Common\VideoOS.Common.WebSockets\tst\VideoOS.Common.WebSockets.UnitTests\bin\Debug\net6.0-windows\VideoOS.Common.WebSockets.UnitTests.dll" adapterTypeName="executor://mstestadapter/v2" className="VideoOS.Common.WebSockets.UnitTests.WebSocketServerTests" name="Given_WebSocketServerRunning_WhenCancelled_Then_StopsWithoutException" />
    </UnitTest>
  </TestDefinitions>
  <TestEntries>
    <TestEntry testId="dc190c44-9df3-627c-e706-5b20806e6976" executionId="c401c41e-2f04-465a-a14f-25da828afe9e" testListId="8c84fa94-04c1-424b-9868-57a2d4851a1d" />
    <TestEntry testId="ad5627d5-e497-1f22-e9cd-133a26af6477" executionId="970bdb5f-8aea-4c74-93af-21618e0bc9ae" testListId="8c84fa94-04c1-424b-9868-57a2d4851a1d" />
    <TestEntry testId="b01ffc42-bd8d-f8f4-c137-073f90bc1c56" executionId="5584ddb9-bf13-47c8-b2a5-5a039e64caa2" testListId="8c84fa94-04c1-424b-9868-57a2d4851a1d" />
    <TestEntry testId="2db4a4b8-7542-9257-9c47-e10b048b1618" executionId="da292420-343b-4d9e-8a26-bb8aead08616" testListId="8c84fa94-04c1-424b-9868-57a2d4851a1d" />
    <TestEntry testId="5d93fbf4-5ac7-c2bb-0495-c307c48f26fe" executionId="f8199b0d-c887-42d0-9f45-1b30c26e3535" testListId="8c84fa94-04c1-424b-9868-57a2d4851a1d" />
    <TestEntry testId="82208ecb-5dfd-fb08-9afb-08c75a19542d" executionId="773f3d0e-f4b6-4a56-ad84-5e8b32276aac" testListId="8c84fa94-04c1-424b-9868-57a2d4851a1d" />
    <TestEntry testId="c0b89de7-d5df-1192-84bc-7a554b7173bd" executionId="d61be38f-096a-45fb-8a11-192ec5b7ff17" testListId="8c84fa94-04c1-424b-9868-57a2d4851a1d" />
    <TestEntry testId="45bc5c00-81fc-dcbb-35b0-d70ab735f706" executionId="8c8320ea-0233-44ba-94f4-11c65eac00f3" testListId="8c84fa94-04c1-424b-9868-57a2d4851a1d" />
    <TestEntry testId="cb3e1099-bc6e-ffc9-3d3c-c21852b8c186" executionId="3e0b13ab-c87b-4a4c-86b2-a2a6d0f53122" testListId="8c84fa94-04c1-424b-9868-57a2d4851a1d" />
    <TestEntry testId="d828ff89-d542-aec2-0f85-e3a6f44609b4" executionId="e7f5cba0-1645-47a9-842e-618b18835c3a" testListId="8c84fa94-04c1-424b-9868-57a2d4851a1d" />
    <TestEntry testId="c97251e0-524e-5109-53f3-5e1adead1298" executionId="6ee139a5-65a4-419e-83db-f90d8b2cd4c2" testListId="8c84fa94-04c1-424b-9868-57a2d4851a1d" />
    <TestEntry testId="60e393e1-fb9a-677f-db7d-7b0867243a41" executionId="a9b337b1-fcfc-4b30-bb8a-d9027c37f518" testListId="8c84fa94-04c1-424b-9868-57a2d4851a1d" />
    <TestEntry testId="43535fd5-c237-92ee-f62c-6062d656852a" executionId="236b8f4e-f1a6-4c64-be49-ed727a4b8fc7" testListId="8c84fa94-04c1-424b-9868-57a2d4851a1d" />
    <TestEntry testId="bd7e0b0c-ef43-360b-dfdb-030b0d50a8ec" executionId="1a0cfa70-12e0-4c23-90d6-53cc1649fc26" testListId="8c84fa94-04c1-424b-9868-57a2d4851a1d" />
    <TestEntry testId="c45e925c-2d90-9721-a7dd-15fb78334e99" executionId="6356453e-4746-499e-9d58-251f39a5889f" testListId="8c84fa94-04c1-424b-9868-57a2d4851a1d" />
    <TestEntry testId="d48b9345-2218-465d-52b1-e79f9f0ad5f6" executionId="9ab94869-176e-429c-abf0-1a45c862f6ad" testListId="8c84fa94-04c1-424b-9868-57a2d4851a1d" />
    <TestEntry testId="2d53fdea-8210-12a2-fa20-75c46188c947" executionId="97538667-ce12-4e9f-833c-24c8d52fb4a7" testListId="8c84fa94-04c1-424b-9868-57a2d4851a1d" />
    <TestEntry testId="3c1561df-e7db-a184-b7bc-63aba8a8c00a" executionId="5e96f9bc-91fe-4a97-8ec2-61a8bcc0f170" testListId="8c84fa94-04c1-424b-9868-57a2d4851a1d" />
    <TestEntry testId="a53282b4-6a05-242a-e4d2-b9565bce7581" executionId="1bbb532d-6406-4ca4-9c96-e9f72e15605e" testListId="8c84fa94-04c1-424b-9868-57a2d4851a1d" />
    <TestEntry testId="f84c3ab6-5df5-c8d8-bb37-6142800c1835" executionId="3e6ef411-27f5-4f55-8588-c9a1865341ca" testListId="8c84fa94-04c1-424b-9868-57a2d4851a1d" />
    <TestEntry testId="1a73e3fb-db04-acf8-efc0-c385c3668563" executionId="f99afa2a-3852-4bc8-9677-8d619cc670fd" testListId="8c84fa94-04c1-424b-9868-57a2d4851a1d" />
    <TestEntry testId="6cbe5b7e-5a0c-4d41-4528-7220bcedb289" executionId="6eaf82ad-6181-4eaa-8d7c-93e4de18af1f" testListId="8c84fa94-04c1-424b-9868-57a2d4851a1d" />
    <TestEntry testId="541e7a25-1132-e1e5-2914-5c97dae45806" executionId="d8c021af-7bbc-46c7-8b58-ab9664037fd5" testListId="8c84fa94-04c1-424b-9868-57a2d4851a1d" />
    <TestEntry testId="21bbf318-06fa-5331-4b4b-1b1314cab6cc" executionId="1ca91e03-a691-4ce4-8b59-1f46a4059233" testListId="8c84fa94-04c1-424b-9868-57a2d4851a1d" />
    <TestEntry testId="cfd6388b-cadd-07ab-aad8-887884679ccd" executionId="d4ff8b85-1ed1-4df3-8f16-a6d8a6ceac5f" testListId="8c84fa94-04c1-424b-9868-57a2d4851a1d" />
    <TestEntry testId="17113636-2838-540b-6e7b-9af7ed2f4a89" executionId="b2b59f81-60c5-4768-bca2-28fddd8f9a39" testListId="8c84fa94-04c1-424b-9868-57a2d4851a1d" />
    <TestEntry testId="786ed098-fd0c-ab3e-d959-e6ab09eb64f2" executionId="b2931b4b-d42f-4392-aa40-2d1312e6d961" testListId="8c84fa94-04c1-424b-9868-57a2d4851a1d" />
    <TestEntry testId="45fbabf4-059d-78c5-13e1-c6c213e9b668" executionId="b83ff27d-daba-4b5a-a653-4784683913fb" testListId="8c84fa94-04c1-424b-9868-57a2d4851a1d" />
    <TestEntry testId="5c315a0f-66f4-9209-9ce3-f856f2e8b9fd" executionId="c8206b0f-664d-49da-8189-f4231a2800e6" testListId="8c84fa94-04c1-424b-9868-57a2d4851a1d" />
    <TestEntry testId="4178cbcb-b670-4928-d5e3-684f18e91898" executionId="031d9d04-951e-41d9-b7db-306467c96e60" testListId="8c84fa94-04c1-424b-9868-57a2d4851a1d" />
    <TestEntry testId="27924e98-8eeb-6eec-e518-9bff1acaa8bc" executionId="77681bd1-3b6f-440f-8c86-717814d0d1db" testListId="8c84fa94-04c1-424b-9868-57a2d4851a1d" />
    <TestEntry testId="07d0e3c4-f0e5-a0b1-e09d-27b246255d4a" executionId="e961924c-ebac-47f9-b300-c2435aa5b33f" testListId="8c84fa94-04c1-424b-9868-57a2d4851a1d" />
    <TestEntry testId="74fbcf86-e02b-e102-508f-c289f907d623" executionId="c21460ac-f2bc-4bb5-b2c1-b45563dbf4e1" testListId="8c84fa94-04c1-424b-9868-57a2d4851a1d" />
  </TestEntries>
  <TestLists>
    <TestList name="Results Not in a List" id="8c84fa94-04c1-424b-9868-57a2d4851a1d" />
    <TestList name="All Loaded Results" id="19431567-8539-422a-85d7-44ee4e166bda" />
  </TestLists>
  <ResultSummary outcome="Completed">
    <Counters total="33" executed="31" passed="31" failed="0" error="0" timeout="0" aborted="0" inconclusive="0" passedButRunAborted="0" notRunnable="0" notExecuted="0" disconnected="0" warning="0" completed="0" inProgress="0" pending="0" />
    <Output>
      <StdOut>Test 'Given_ConnectionRuns_When_ConnectionIsClosed_Then_ProcessMessagesAreAwaited' was skipped in the test run.&#xD;
Test 'Given_ConnectionRuns_When_ConnectionIsCancelled_Then_ProcessMessagesAreAwaited' was skipped in the test run.&#xD;
</StdOut>
    </Output>
  </ResultSummary>
</TestRun>