<?xml version="1.0" encoding="utf-8"?>
<TestRun id="e63fa087-be61-41ac-a7ce-07297922e9d0" name="DKSR-EFI-04$@DKSR-EFI-04 2023-12-22 09:35:33" runUser="NT AUTHORITY\NETWORK SERVICE" xmlns="http://microsoft.com/schemas/VisualStudio/TeamTest/2010">
  <Times creation="2023-12-22T09:35:33.5068620+01:00" queuing="2023-12-22T09:35:33.5068620+01:00" start="2023-12-22T09:35:31.2412237+01:00" finish="2023-12-22T09:35:33.5537570+01:00" />
  <TestSettings name="default" id="523507d0-6044-4bd4-8dc2-a0002fb73001">
    <Deployment runDeploymentRoot="DKSR-EFI-04$_DKSR-EFI-04_2023-12-22_09_35_33" />
  </TestSettings>
  <Results>
    <UnitTestResult executionId="9f92ab8c-3d76-4cf9-8af0-78b037e371c5" testId="5a6008b9-2ab8-209c-a01d-fc279ab87ef3" testName="TestMilestonePinkOemCompleteness" computerName="DKSR-EFI-04" duration="00:00:00.9462754" startTime="2023-12-22T09:35:32.0693529+01:00" endTime="2023-12-22T09:35:33.1006093+01:00" testType="13cdc9d9-ddb5-4fa4-a97d-d965ccfc6d4b" outcome="Passed" testListId="8c84fa94-04c1-424b-9868-57a2d4851a1d" relativeResultsDirectory="9f92ab8c-3d76-4cf9-8af0-78b037e371c5" />
  </Results>
  <TestDefinitions>
    <UnitTest name="TestMilestonePinkOemCompleteness" storage="d:\actions-runner\_work\xpco\xpco\mobile\mobileserver\mobileserverbinaries\videoos.mobile.commonutils.test\bin\debug\net472\videoos.mobile.commonutils.test.dll" id="5a6008b9-2ab8-209c-a01d-fc279ab87ef3">
      <TestCategory>
        <TestCategoryItem TestCategory="LongRunning" />
      </TestCategory>
      <Execution id="9f92ab8c-3d76-4cf9-8af0-78b037e371c5" />
      <TestMethod codeBase="D:\actions-runner\_work\XPCO\XPCO\Mobile\MobileServer\MobileServerBinaries\VideoOS.Mobile.CommonUtils.Test\bin\Debug\net472\VideoOS.Mobile.CommonUtils.Test.dll" adapterTypeName="executor://mstestadapter/v2" className="VideoOS.Mobile.CommonUtils.Test.OemResourcesTests" name="TestMilestonePinkOemCompleteness" />
    </UnitTest>
  </TestDefinitions>
  <TestEntries>
    <TestEntry testId="5a6008b9-2ab8-209c-a01d-fc279ab87ef3" executionId="9f92ab8c-3d76-4cf9-8af0-78b037e371c5" testListId="8c84fa94-04c1-424b-9868-57a2d4851a1d" />
  </TestEntries>
  <TestLists>
    <TestList name="Results Not in a List" id="8c84fa94-04c1-424b-9868-57a2d4851a1d" />
    <TestList name="All Loaded Results" id="19431567-8539-422a-85d7-44ee4e166bda" />
  </TestLists>
  <ResultSummary outcome="Completed">
    <Counters total="1" executed="1" passed="1" failed="0" error="0" timeout="0" aborted="0" inconclusive="0" passedButRunAborted="0" notRunnable="0" notExecuted="0" disconnected="0" warning="0" completed="0" inProgress="0" pending="0" />
  </ResultSummary>
</TestRun>