<?xml version="1.0" encoding="utf-8"?>
<TestRun id="114b862b-dfc6-4fb5-b61c-57b1147bfb47" name="DKSR-EFI-04$@DKSR-EFI-04 2023-12-22 09:38:29" runUser="NT AUTHORITY\NETWORK SERVICE" xmlns="http://microsoft.com/schemas/VisualStudio/TeamTest/2010">
  <Times creation="2023-12-22T09:38:29.7090351+01:00" queuing="2023-12-22T09:38:29.7090351+01:00" start="2023-12-22T09:38:26.0683965+01:00" finish="2023-12-22T09:39:40.0688023+01:00" />
  <TestSettings name="default" id="a56c094b-2f97-4bef-b0fc-680b99ebec6b">
    <Deployment runDeploymentRoot="DKSR-EFI-04$_DKSR-EFI-04_2023-12-22_09_38_29" />
  </TestSettings>
  <Results>
    <UnitTestResult executionId="caa2d3a0-d5fb-4aba-8e50-4771d1b66fae" testId="17c23f4a-d1aa-c7f2-4b0c-28e098799329" testName="GetServerTypes_ShouldReturnMobileServerType" computerName="DKSR-EFI-04" duration="00:00:00.0004176" startTime="2023-12-22T09:39:35.0108322+01:00" endTime="2023-12-22T09:39:35.0113888+01:00" testType="13cdc9d9-ddb5-4fa4-a97d-d965ccfc6d4b" outcome="Passed" testListId="8c84fa94-04c1-424b-9868-57a2d4851a1d" relativeResultsDirectory="caa2d3a0-d5fb-4aba-8e50-4771d1b66fae" />
    <UnitTestResult executionId="06bdfe45-c444-4389-bbf7-eefd3b7d2b07" testId="eeed665d-fc4a-36d4-2080-835d14f41e2a" testName="Map_Layers_AddDirectly_Fail" computerName="DKSR-EFI-04" duration="00:00:00.0073201" startTime="2023-12-22T09:39:28.7874095+01:00" endTime="2023-12-22T09:39:28.7949472+01:00" testType="13cdc9d9-ddb5-4fa4-a97d-d965ccfc6d4b" outcome="Passed" testListId="8c84fa94-04c1-424b-9868-57a2d4851a1d" relativeResultsDirectory="06bdfe45-c444-4389-bbf7-eefd3b7d2b07" />
    <UnitTestResult executionId="17901cf8-fb4d-4c69-9c11-cc3c14b32832" testId="a00003bd-aa50-3927-aba0-52fe02475d39" testName="Convert_ShouldRaiseInvalidCastException_WhenParameterIsAnInteractionState" computerName="DKSR-EFI-04" duration="00:00:00.0002810" startTime="2023-12-22T09:38:33.3469262+01:00" endTime="2023-12-22T09:38:33.3473496+01:00" testType="13cdc9d9-ddb5-4fa4-a97d-d965ccfc6d4b" outcome="Passed" testListId="8c84fa94-04c1-424b-9868-57a2d4851a1d" relativeResultsDirectory="17901cf8-fb4d-4c69-9c11-cc3c14b32832" />
    <UnitTestResult executionId="af2e9eec-520d-426f-8f1b-56164cebb499" testId="229876bb-741e-424e-6d09-7576e2519ca6" testName="ResolveSearchDefinitions_ShouldReturnResultSearchDefinition_WhenCombinedSearchResultWithMultipleSubResultAndNullSearchDefinitionsAreGiven" computerName="DKSR-EFI-04" duration="00:00:00.0008154" startTime="2023-12-22T09:39:13.8546534+01:00" endTime="2023-12-22T09:39:13.8556083+01:00" testType="13cdc9d9-ddb5-4fa4-a97d-d965ccfc6d4b" outcome="Passed" testListId="8c84fa94-04c1-424b-9868-57a2d4851a1d" relativeResultsDirectory="af2e9eec-520d-426f-8f1b-56164cebb499" />
    <UnitTestResult executionId="d87b5a5f-499d-4619-9543-7204bd59e803" testId="10a72da7-6e6a-e08f-6884-b1f500f16a56" testName="GisMapModel_DeleteBuildings_Success" computerName="DKSR-EFI-04" duration="00:00:00.0493887" startTime="2023-12-22T09:39:27.2154289+01:00" endTime="2023-12-22T09:39:27.2650354+01:00" testType="13cdc9d9-ddb5-4fa4-a97d-d965ccfc6d4b" outcome="Passed" testListId="8c84fa94-04c1-424b-9868-57a2d4851a1d" relativeResultsDirectory="d87b5a5f-499d-4619-9543-7204bd59e803" />
    <UnitTestResult executionId="6c81c67f-b6d0-488c-8275-b8dabd647a05" testId="d640e950-edb7-4ec2-9af0-4b559a6b67cf" testName="UpdateItemState_Hidden_WrongWorkSpaceState" computerName="DKSR-EFI-04" duration="00:00:00.0029516" startTime="2023-12-22T09:39:36.5456576+01:00" endTime="2023-12-22T09:39:36.5487501+01:00" testType="13cdc9d9-ddb5-4fa4-a97d-d965ccfc6d4b" outcome="Passed" testListId="8c84fa94-04c1-424b-9868-57a2d4851a1d" relativeResultsDirectory="6c81c67f-b6d0-488c-8275-b8dabd647a05" />
    <UnitTestResult executionId="2627139e-36d0-4ed9-9525-f0bc32e051e2" testId="d3e820a3-4350-83fc-1d0e-9c98ed12693d" testName="PatrollingProfileViewModelTest_Save_CreateProfile_Failed" computerName="DKSR-EFI-04" duration="00:00:00.0026618" startTime="2023-12-22T09:39:32.2141247+01:00" endTime="2023-12-22T09:39:32.2169297+01:00" testType="13cdc9d9-ddb5-4fa4-a97d-d965ccfc6d4b" outcome="Passed" testListId="8c84fa94-04c1-424b-9868-57a2d4851a1d" relativeResultsDirectory="2627139e-36d0-4ed9-9525-f0bc32e051e2" />
    <UnitTestResult executionId="e4a58269-1f84-4059-b8bb-7b9fb87a8f1e" testId="923f1aa7-880c-4c72-8f5e-a07409280a9b" testName="GisMap_Create_MembersInitializedOK" computerName="DKSR-EFI-04" duration="00:00:00.0080208" startTime="2023-12-22T09:39:28.1507499+01:00" endTime="2023-12-22T09:39:28.1591379+01:00" testType="13cdc9d9-ddb5-4fa4-a97d-d965ccfc6d4b" outcome="Passed" testListId="8c84fa94-04c1-424b-9868-57a2d4851a1d" relativeResultsDirectory="e4a58269-1f84-4059-b8bb-7b9fb87a8f1e" />
    <UnitTestResult executionId="d85a6918-64be-485b-ac44-61c6d0917c74" testId="b45956e1-d5fa-0cc5-9bb7-ea079e1e5f1e" testName="RequiredGuidProviderStrategies_ShouldHaveOneMd5AndOneSHA1Strategy_WhenEventServerIdsAreNonFipsCompliantAndFipsCompliant" computerName="DKSR-EFI-04" duration="00:00:00.0005245" startTime="2023-12-22T09:39:39.7985995+01:00" endTime="2023-12-22T09:39:39.7992776+01:00" testType="13cdc9d9-ddb5-4fa4-a97d-d965ccfc6d4b" outcome="Passed" testListId="8c84fa94-04c1-424b-9868-57a2d4851a1d" relativeResultsDirectory="d85a6918-64be-485b-ac44-61c6d0917c74" />
    <UnitTestResult executionId="dadea487-2028-4d94-9fed-b6a9be5872da" testId="eca2f5e0-8a90-6eb5-1db4-f1eb3f5fb4f4" testName="ActiveInteractionStateBinding_ShouldNotBeNull_WhenCtorIsCalled" computerName="DKSR-EFI-04" duration="00:00:00.0482375" startTime="2023-12-22T09:38:38.0848944+01:00" endTime="2023-12-22T09:38:38.1358389+01:00" testType="13cdc9d9-ddb5-4fa4-a97d-d965ccfc6d4b" outcome="Passed" testListId="8c84fa94-04c1-424b-9868-57a2d4851a1d" relativeResultsDirectory="dadea487-2028-4d94-9fed-b6a9be5872da" />
    <UnitTestResult executionId="266e7c68-091d-4c07-aab9-b50607c6b9f4" testId="2a4a8a87-4dad-d886-826d-05e25ab2a6a2" testName="AddToExportTuples_ShouldReturnCorrectResult (0,5,5)" computerName="DKSR-EFI-04" duration="00:00:00.0063581" startTime="2023-12-22T09:39:33.6028035+01:00" endTime="2023-12-22T09:39:33.6093556+01:00" testType="13cdc9d9-ddb5-4fa4-a97d-d965ccfc6d4b" outcome="Passed" testListId="8c84fa94-04c1-424b-9868-57a2d4851a1d" relativeResultsDirectory="266e7c68-091d-4c07-aab9-b50607c6b9f4" />
    <UnitTestResult executionId="9b154f13-fa2f-4edf-895b-bb18d640217f" testId="53185803-f30d-3a94-55f9-276f689abca4" testName="GetWorkspaceToolbarItems_ShouldReturnGroupedToolbarItemAsHidden_WhenAllSubItemsAreHidden" computerName="DKSR-EFI-04" duration="00:00:00.0015744" startTime="2023-12-22T09:39:32.6422843+01:00" endTime="2023-12-22T09:39:32.6440041+01:00" testType="13cdc9d9-ddb5-4fa4-a97d-d965ccfc6d4b" outcome="Passed" testListId="8c84fa94-04c1-424b-9868-57a2d4851a1d" relativeResultsDirectory="9b154f13-fa2f-4edf-895b-bb18d640217f" />
    <UnitTestResult executionId="71d18b9f-9ae7-49f8-8d94-84986dfb6161" testId="f524f1c4-1318-ce7b-3939-10f70b1c9bd9" testName="GisPointToIndexGridPosition_SouthPole_Success" computerName="DKSR-EFI-04" duration="00:00:00.0001754" startTime="2023-12-22T09:39:31.9758853+01:00" endTime="2023-12-22T09:39:31.9761916+01:00" testType="13cdc9d9-ddb5-4fa4-a97d-d965ccfc6d4b" outcome="Passed" testListId="8c84fa94-04c1-424b-9868-57a2d4851a1d" relativeResultsDirectory="71d18b9f-9ae7-49f8-8d94-84986dfb6161" />
    <UnitTestResult executionId="3c37871c-9c32-44b8-91e4-f1b31d9f8d6c" testId="4b4d5e86-475e-c148-8766-115d68041442" testName="Constructor_ShouldRaiseArgumentNullException_WhenLayersIsNull" computerName="DKSR-EFI-04" duration="00:00:00.0065141" startTime="2023-12-22T09:38:39.9019364+01:00" endTime="2023-12-22T09:38:39.9086822+01:00" testType="13cdc9d9-ddb5-4fa4-a97d-d965ccfc6d4b" outcome="Passed" testListId="8c84fa94-04c1-424b-9868-57a2d4851a1d" relativeResultsDirectory="3c37871c-9c32-44b8-91e4-f1b31d9f8d6c" />
    <UnitTestResult executionId="4b085b04-b140-4f4f-9df3-086158bad1f4" testId="c6214463-25ef-9b77-19c9-f227068e9681" testName="Outline_ShouldAcceptSet_WhenNon4CornersOutline" computerName="DKSR-EFI-04" duration="00:00:00.0053458" startTime="2023-12-22T09:39:26.7785525+01:00" endTime="2023-12-22T09:39:26.7840516+01:00" testType="13cdc9d9-ddb5-4fa4-a97d-d965ccfc6d4b" outcome="Passed" testListId="8c84fa94-04c1-424b-9868-57a2d4851a1d" relativeResultsDirectory="4b085b04-b140-4f4f-9df3-086158bad1f4" />
    <UnitTestResult executionId="dbea18ff-f6c3-49c4-b8b5-0d2cda014975" testId="41b6c041-6264-4714-8517-a042a107be15" testName="ActiveInteractionStateBinding_ShouldNotBeNull_WhenCtorIsCalled" computerName="DKSR-EFI-04" duration="00:00:00.0095100" startTime="2023-12-22T09:38:38.4125048+01:00" endTime="2023-12-22T09:38:38.4245501+01:00" testType="13cdc9d9-ddb5-4fa4-a97d-d965ccfc6d4b" outcome="Passed" testListId="8c84fa94-04c1-424b-9868-57a2d4851a1d" relativeResultsDirectory="dbea18ff-f6c3-49c4-b8b5-0d2cda014975" />
    <UnitTestResult executionId="470a6b11-764c-4cc0-a29c-422ae89a712d" testId="9c23bc24-c1ee-6f47-512c-5d239bfcd591" testName="HasMd5ProviderStrategy_ShouldReturnTrue_WhenSomeEventServerIdAreNonFipsCompliant" computerName="DKSR-EFI-04" duration="00:00:00.0003541" startTime="2023-12-22T09:39:39.8029785+01:00" endTime="2023-12-22T09:39:39.8034630+01:00" testType="13cdc9d9-ddb5-4fa4-a97d-d965ccfc6d4b" outcome="Passed" testListId="8c84fa94-04c1-424b-9868-57a2d4851a1d" relativeResultsDirectory="470a6b11-764c-4cc0-a29c-422ae89a712d" />
    <UnitTestResult executionId="0f3e89f0-0d0d-4acc-9827-010d914dbfc3" testId="a786e6a0-7158-6a05-c54a-28647fb14bb7" testName="TestConstructor_windowManagerIsNull_FailWithArgumentNullException" computerName="DKSR-EFI-04" duration="00:00:00.0854406" startTime="2023-12-22T09:38:30.4413115+01:00" endTime="2023-12-22T09:38:30.5271281+01:00" testType="13cdc9d9-ddb5-4fa4-a97d-d965ccfc6d4b" outcome="Passed" testListId="8c84fa94-04c1-424b-9868-57a2d4851a1d" relativeResultsDirectory="0f3e89f0-0d0d-4acc-9827-010d914dbfc3" />
    <UnitTestResult executionId="e772f1e3-6b11-47c3-9b69-09a87f413cdd" testId="1435e2a2-bee2-1d2d-95b6-bab177d11e01" testName="GetDeactivatedOutputIconId_ShouldRaiseArgumentException_WhenArgumentIsNotAActivatedOutputIconId" computerName="DKSR-EFI-04" duration="00:00:00.0006661" startTime="2023-12-22T09:39:29.0889633+01:00" endTime="2023-12-22T09:39:29.0897927+01:00" testType="13cdc9d9-ddb5-4fa4-a97d-d965ccfc6d4b" outcome="Passed" testListId="8c84fa94-04c1-424b-9868-57a2d4851a1d" relativeResultsDirectory="e772f1e3-6b11-47c3-9b69-09a87f413cdd" />
    <UnitTestResult executionId="d4eaec15-8a1a-48b5-a25f-a437e7add31f" testId="0ca96c98-4279-a38d-8923-cfc233650b07" testName="SearchResultsActionBarActions_EditBookmark_BookmarkServiceException_WarningDialogShown" computerName="DKSR-EFI-04" duration="00:00:00.0090373" startTime="2023-12-22T09:39:11.0043566+01:00" endTime="2023-12-22T09:39:11.0135607+01:00" testType="13cdc9d9-ddb5-4fa4-a97d-d965ccfc6d4b" outcome="Passed" testListId="8c84fa94-04c1-424b-9868-57a2d4851a1d" relativeResultsDirectory="d4eaec15-8a1a-48b5-a25f-a437e7add31f" />
    <UnitTestResult executionId="55d1d849-f236-4831-8f66-8b5537419ed1" testId="3bf91338-9db5-e244-3437-2a694f10cdfe" testName="Ctor_NullLogger_Failure" computerName="DKSR-EFI-04" duration="00:00:00.0003302" startTime="2023-12-22T09:39:13.4564181+01:00" endTime="2023-12-22T09:39:13.4569186+01:00" testType="13cdc9d9-ddb5-4fa4-a97d-d965ccfc6d4b" outcome="Passed" testListId="8c84fa94-04c1-424b-9868-57a2d4851a1d" relativeResultsDirectory="55d1d849-f236-4831-8f66-8b5537419ed1" />
    <UnitTestResult executionId="2e136dd1-9889-4a1f-a745-ce381cfaa5d8" testId="943426cc-a0b6-5655-2737-0a0d3026e0a7" testName="BuildContentOptions_ShouldReturnCorrectWorkspaceName (73576FEA-BD0E-43C4-AD9D-589FBE4DC29B,Default title,Live)" computerName="DKSR-EFI-04" duration="00:00:00.0037871" startTime="2023-12-22T09:39:38.5165270+01:00" endTime="2023-12-22T09:39:38.5204810+01:00" testType="13cdc9d9-ddb5-4fa4-a97d-d965ccfc6d4b" outcome="Passed" testListId="8c84fa94-04c1-424b-9868-57a2d4851a1d" relativeResultsDirectory="2e136dd1-9889-4a1f-a745-ce381cfaa5d8" />
    <UnitTestResult executionId="538ecea7-3fc5-4632-94a6-f0196f5a63d5" testId="c15ffa78-e595-57a3-d2fc-5e6f27b46541" testName="CameraMapItem_Delete_Failure_PositionRevertsToGisPoint" computerName="DKSR-EFI-04" duration="00:00:00.0090963" startTime="2023-12-22T09:39:27.5943848+01:00" endTime="2023-12-22T09:39:27.6036955+01:00" testType="13cdc9d9-ddb5-4fa4-a97d-d965ccfc6d4b" outcome="Passed" testListId="8c84fa94-04c1-424b-9868-57a2d4851a1d" relativeResultsDirectory="538ecea7-3fc5-4632-94a6-f0196f5a63d5" />
    <UnitTestResult executionId="130c4861-55cb-4b0b-a16b-fc6bd5448159" testId="086df0e0-5aad-7a70-c738-24f763045ce7" testName="BuildState_SelectionWithSearchDefinitionIndices_Success" computerName="DKSR-EFI-04" duration="00:00:00.0306669" startTime="2023-12-22T09:38:41.1755087+01:00" endTime="2023-12-22T09:38:41.2063445+01:00" testType="13cdc9d9-ddb5-4fa4-a97d-d965ccfc6d4b" outcome="Passed" testListId="8c84fa94-04c1-424b-9868-57a2d4851a1d" relativeResultsDirectory="130c4861-55cb-4b0b-a16b-fc6bd5448159" />
    <UnitTestResult executionId="c3ba88b4-acaf-4015-91af-9165cd1aab6a" testId="16850f24-a3f3-b035-b0b3-7c99490a9542" testName="CreateDefinition_FireMultipleSearchResultsInOneEvent_SearchFinishedWithResults" computerName="DKSR-EFI-04" duration="00:00:00.0061386" startTime="2023-12-22T09:39:14.2560726+01:00" endTime="2023-12-22T09:39:14.2624110+01:00" testType="13cdc9d9-ddb5-4fa4-a97d-d965ccfc6d4b" outcome="Passed" testListId="8c84fa94-04c1-424b-9868-57a2d4851a1d" relativeResultsDirectory="c3ba88b4-acaf-4015-91af-9165cd1aab6a" />
    <UnitTestResult executionId="fe80fce1-ed47-441d-9e7f-bf56e6f27b88" testId="00ac5168-01a9-aa78-532b-b6d6c419a156" testName="ClearSelectedCamerasCommand_EmptyList_CommandNotExecutable" computerName="DKSR-EFI-04" duration="00:00:00.0056419" startTime="2023-12-22T09:39:12.6946599+01:00" endTime="2023-12-22T09:39:12.7004525+01:00" testType="13cdc9d9-ddb5-4fa4-a97d-d965ccfc6d4b" outcome="Passed" testListId="8c84fa94-04c1-424b-9868-57a2d4851a1d" relativeResultsDirectory="fe80fce1-ed47-441d-9e7f-bf56e6f27b88" />
    <UnitTestResult executionId="32cac331-26b1-47f9-8a61-8fcf9f93ebed" testId="5a96435f-7bfb-674d-9228-2eed29df56f2" testName="SetLayerFeatures_ShouldUpdateInputItemsMapLayer_WhenInputKindAndInputLayerFeatures" computerName="DKSR-EFI-04" duration="00:00:00.0019014" startTime="2023-12-22T09:39:31.3877986+01:00" endTime="2023-12-22T09:39:31.3898347+01:00" testType="13cdc9d9-ddb5-4fa4-a97d-d965ccfc6d4b" outcome="Passed" testListId="8c84fa94-04c1-424b-9868-57a2d4851a1d" relativeResultsDirectory="32cac331-26b1-47f9-8a61-8fcf9f93ebed" />
    <UnitTestResult executionId="c7cc8a18-f7d5-417f-9a90-deee25afefce" testId="c64dde4b-44bc-09e7-e376-39c843a2f827" testName="ChangeSorting_UnknownSortResultsBy_Success" computerName="DKSR-EFI-04" duration="00:00:00.0060998" startTime="2023-12-22T09:39:13.1247733+01:00" endTime="2023-12-22T09:39:13.1310364+01:00" testType="13cdc9d9-ddb5-4fa4-a97d-d965ccfc6d4b" outcome="Passed" testListId="8c84fa94-04c1-424b-9868-57a2d4851a1d" relativeResultsDirectory="c7cc8a18-f7d5-417f-9a90-deee25afefce" />
    <UnitTestResult executionId="2affd1a2-65aa-441a-a76e-f6e7ad07ca48" testId="cb87cf1a-c232-cb4e-8509-02ba48adec73" testName="UpdateScope_ItemsChangedWithNullScopeDuration_ReturnsTrue" computerName="DKSR-EFI-04" duration="00:00:00.0001755" startTime="2023-12-22T09:39:14.5399158+01:00" endTime="2023-12-22T09:39:14.5402630+01:00" testType="13cdc9d9-ddb5-4fa4-a97d-d965ccfc6d4b" outcome="Passed" testListId="8c84fa94-04c1-424b-9868-57a2d4851a1d" relativeResultsDirectory="2affd1a2-65aa-441a-a76e-f6e7ad07ca48" />
    <UnitTestResult executionId="d219aabb-8a86-47d5-8515-4edae39658bd" testId="80e1e452-82cf-b088-db40-d28f7d32c62d" testName="EdgeRetrieve when Other" computerName="DKSR-EFI-04" duration="00:00:00.0171967" startTime="2023-12-22T09:39:32.6751425+01:00" endTime="2023-12-22T09:39:32.8945907+01:00" testType="13cdc9d9-ddb5-4fa4-a97d-d965ccfc6d4b" outcome="Passed" testListId="8c84fa94-04c1-424b-9868-57a2d4851a1d" relativeResultsDirectory="d219aabb-8a86-47d5-8515-4edae39658bd" />
    <UnitTestResult executionId="3657bb85-5a06-429c-891a-de5f2306bbf3" testId="add162a8-f1ad-a5bc-d7cc-f7fa5d66acf8" testName="AlwaysPutSmartWallBeforeViews" computerName="DKSR-EFI-04" duration="00:00:00.0007668" startTime="2023-12-22T09:39:33.2644473+01:00" endTime="2023-12-22T09:39:33.2653560+01:00" testType="13cdc9d9-ddb5-4fa4-a97d-d965ccfc6d4b" outcome="Passed" testListId="8c84fa94-04c1-424b-9868-57a2d4851a1d" relativeResultsDirectory="3657bb85-5a06-429c-891a-de5f2306bbf3" />
    <UnitTestResult executionId="4bdfcd95-83a3-4513-bdfd-c2e93963b8c0" testId="535a6c4c-9d95-551a-92bd-bde3b28a38d2" testName="RemoveSelectedCameraCommand_NoCameraSelected_NoChange" computerName="DKSR-EFI-04" duration="00:00:00.0065834" startTime="2023-12-22T09:39:12.6679240+01:00" endTime="2023-12-22T09:39:12.6746728+01:00" testType="13cdc9d9-ddb5-4fa4-a97d-d965ccfc6d4b" outcome="Passed" testListId="8c84fa94-04c1-424b-9868-57a2d4851a1d" relativeResultsDirectory="4bdfcd95-83a3-4513-bdfd-c2e93963b8c0" />
    <UnitTestResult executionId="428648b9-5789-4938-9491-2bfc0f8f20c3" testId="a3a279c4-f3f7-95fe-94ce-1de6e3205e7e" testName="ValueWithFallbackConverterTests_Convert_FirstValueNull_SecondValueNull_Failure" computerName="DKSR-EFI-04" duration="00:00:00.0001400" startTime="2023-12-22T09:38:59.0691552+01:00" endTime="2023-12-22T09:38:59.0694509+01:00" testType="13cdc9d9-ddb5-4fa4-a97d-d965ccfc6d4b" outcome="Passed" testListId="8c84fa94-04c1-424b-9868-57a2d4851a1d" relativeResultsDirectory="428648b9-5789-4938-9491-2bfc0f8f20c3" />
    <UnitTestResult executionId="cd298893-ee3f-4539-876e-ad106d2d4295" testId="279d4c50-473d-8932-e5b9-1021814604da" testName="TryAddInterval_ShouldReturnCorrectValue (True,False,AlreadyAdded)" computerName="DKSR-EFI-04" duration="00:00:00.0013963" startTime="2023-12-22T09:39:33.4401255+01:00" endTime="2023-12-22T09:39:33.4416906+01:00" testType="13cdc9d9-ddb5-4fa4-a97d-d965ccfc6d4b" outcome="Passed" testListId="8c84fa94-04c1-424b-9868-57a2d4851a1d" relativeResultsDirectory="cd298893-ee3f-4539-876e-ad106d2d4295" />
    <UnitTestResult executionId="e90b6070-384b-4066-b9c1-1447a039f167" testId="52626f5f-39de-9b23-4fa0-8fc2ec03293a" testName="Custom, forced" computerName="DKSR-EFI-04" duration="00:00:00.0042423" startTime="2023-12-22T09:38:40.2458158+01:00" endTime="2023-12-22T09:38:40.2502218+01:00" testType="13cdc9d9-ddb5-4fa4-a97d-d965ccfc6d4b" outcome="Passed" testListId="8c84fa94-04c1-424b-9868-57a2d4851a1d" relativeResultsDirectory="e90b6070-384b-4066-b9c1-1447a039f167" />
    <UnitTestResult executionId="7b3f69b7-396d-4af4-b9bf-a9fb074bf789" testId="9c89c59d-b4e1-b0e6-38b6-740ac9ec96bd" testName="SearchResultsActionBarActions_EditBookmark_Enabled" computerName="DKSR-EFI-04" duration="00:00:00.0073168" startTime="2023-12-22T09:39:10.9465759+01:00" endTime="2023-12-22T09:39:10.9540607+01:00" testType="13cdc9d9-ddb5-4fa4-a97d-d965ccfc6d4b" outcome="Passed" testListId="8c84fa94-04c1-424b-9868-57a2d4851a1d" relativeResultsDirectory="7b3f69b7-396d-4af4-b9bf-a9fb074bf789" />
    <UnitTestResult executionId="baf446a2-68b0-4106-beba-0406f11fc552" testId="98a7490b-a0d5-3f84-ad1f-205206139c5a" testName="DeviceIcons_ShouldBeCached_WhenCalled" computerName="DKSR-EFI-04" duration="00:00:00.0002336" startTime="2023-12-22T09:39:29.0443791+01:00" endTime="2023-12-22T09:39:29.0448416+01:00" testType="13cdc9d9-ddb5-4fa4-a97d-d965ccfc6d4b" outcome="Passed" testListId="8c84fa94-04c1-424b-9868-57a2d4851a1d" relativeResultsDirectory="baf446a2-68b0-4106-beba-0406f11fc552" />
    <UnitTestResult executionId="a42d0b5c-2dda-4be2-9bad-aa7f263e8aaf" testId="831c9d38-b235-c32d-79f4-dc554e18bb06" testName="PtzSessionControllerInfo_ReservedChangedTest_Different" computerName="DKSR-EFI-04" duration="00:00:00.0001895" startTime="2023-12-22T09:38:32.2009172+01:00" endTime="2023-12-22T09:38:32.2012140+01:00" testType="13cdc9d9-ddb5-4fa4-a97d-d965ccfc6d4b" outcome="Passed" testListId="8c84fa94-04c1-424b-9868-57a2d4851a1d" relativeResultsDirectory="a42d0b5c-2dda-4be2-9bad-aa7f263e8aaf" />
    <UnitTestResult executionId="dc3f267f-bd05-4bf9-8d31-ff91598c5683" testId="ba590efe-de31-f5db-8328-f1cc3382ad35" testName="NavigateAndSelectAsync_ZoomIn_ReCenterCommandEnabled" computerName="DKSR-EFI-04" duration="00:00:00.0266691" startTime="2023-12-22T09:38:34.5185934+01:00" endTime="2023-12-22T09:38:34.5477536+01:00" testType="13cdc9d9-ddb5-4fa4-a97d-d965ccfc6d4b" outcome="Passed" testListId="8c84fa94-04c1-424b-9868-57a2d4851a1d" relativeResultsDirectory="dc3f267f-bd05-4bf9-8d31-ff91598c5683" />
    <UnitTestResult executionId="3a0e88f4-1e2f-413e-babd-613fdd45efd7" testId="b38d8b7d-1c96-2deb-5466-9a0f98a87dce" testName="AddSelectedWindowsToExport_ShouldShowCorrectToastMessages (0,0,5)" computerName="DKSR-EFI-04" duration="00:00:00.0031857" startTime="2023-12-22T09:39:33.7461853+01:00" endTime="2023-12-22T09:39:33.7495480+01:00" testType="13cdc9d9-ddb5-4fa4-a97d-d965ccfc6d4b" outcome="Passed" testListId="8c84fa94-04c1-424b-9868-57a2d4851a1d" relativeResultsDirectory="3a0e88f4-1e2f-413e-babd-613fdd45efd7" />
    <UnitTestResult executionId="c3ba33a2-4cce-4a0b-a4a3-22966f1be97c" testId="bca73f19-3fcc-16d4-a031-f2f6afaf40ee" testName="UnmutedMicrophoneIconsId_ShouldReturnUnMutedIconsInAProperOrder_WhenCalled" computerName="DKSR-EFI-04" duration="00:00:00.0006224" startTime="2023-12-22T09:39:29.0716603+01:00" endTime="2023-12-22T09:39:29.0724846+01:00" testType="13cdc9d9-ddb5-4fa4-a97d-d965ccfc6d4b" outcome="Passed" testListId="8c84fa94-04c1-424b-9868-57a2d4851a1d" relativeResultsDirectory="c3ba33a2-4cce-4a0b-a4a3-22966f1be97c" />
    <UnitTestResult executionId="0c2571d3-3714-44fa-81aa-001ccfddc77f" testId="daf95640-1ecb-1c8c-09bc-d8c8490777c1" testName="SearchCriteriaFilterValues_ValidatePopupFunctionality_Success" computerName="DKSR-EFI-04" duration="00:00:00.0392863" startTime="2023-12-22T09:39:10.0935690+01:00" endTime="2023-12-22T09:39:10.1355702+01:00" testType="13cdc9d9-ddb5-4fa4-a97d-d965ccfc6d4b" outcome="Passed" testListId="8c84fa94-04c1-424b-9868-57a2d4851a1d" relativeResultsDirectory="0c2571d3-3714-44fa-81aa-001ccfddc77f" />
    <UnitTestResult executionId="18b11336-cc64-4072-9ccd-9dc3bc10aebd" testId="d33238ac-1e47-b12a-5f1e-c0efc2aabbf1" testName="ManualRecordingInfoDto_ShouldYieldSameValues_WhenRoundTripConverted" computerName="DKSR-EFI-04" duration="00:00:00.0010624" startTime="2023-12-22T09:38:29.7165889+01:00" endTime="2023-12-22T09:38:29.7177885+01:00" testType="13cdc9d9-ddb5-4fa4-a97d-d965ccfc6d4b" outcome="Passed" testListId="8c84fa94-04c1-424b-9868-57a2d4851a1d" relativeResultsDirectory="18b11336-cc64-4072-9ccd-9dc3bc10aebd" />
    <UnitTestResult executionId="7cb6defa-0afb-4c4c-b6eb-067e9bb4f125" testId="846a9eb5-5d29-1fe6-2752-1629db0ce419" testName="AlwaysPutGroupsBeforeViews" computerName="DKSR-EFI-04" duration="00:00:00.0002688" startTime="2023-12-22T09:39:33.2628153+01:00" endTime="2023-12-22T09:39:33.2632218+01:00" testType="13cdc9d9-ddb5-4fa4-a97d-d965ccfc6d4b" outcome="Passed" testListId="8c84fa94-04c1-424b-9868-57a2d4851a1d" relativeResultsDirectory="7cb6defa-0afb-4c4c-b6eb-067e9bb4f125" />
    <UnitTestResult executionId="1b546f2a-e1a7-4f8c-baf6-5f14f3af2e09" testId="eb41b80f-fe87-ec26-1817-78a947446eac" testName="UpdateItems_WhenStrategyReturnsUpdateNeeded_ShouldResultInMipItemsReadyEvent" computerName="DKSR-EFI-04" duration="00:00:00.0936828" startTime="2023-12-22T09:38:38.6740893+01:00" endTime="2023-12-22T09:38:38.7680168+01:00" testType="13cdc9d9-ddb5-4fa4-a97d-d965ccfc6d4b" outcome="Passed" testListId="8c84fa94-04c1-424b-9868-57a2d4851a1d" relativeResultsDirectory="1b546f2a-e1a7-4f8c-baf6-5f14f3af2e09" />
    <UnitTestResult executionId="323bd22c-8ffe-4f0d-84c1-24d8acb658de" testId="5358a71c-808a-a4c2-6851-01de58a4759c" testName="Ctor_OneBuiltInGroupDefined_OneCompositeAgentAdded" computerName="DKSR-EFI-04" duration="00:00:00.0019424" startTime="2023-12-22T09:39:25.6051069+01:00" endTime="2023-12-22T09:39:25.6071930+01:00" testType="13cdc9d9-ddb5-4fa4-a97d-d965ccfc6d4b" outcome="Passed" testListId="8c84fa94-04c1-424b-9868-57a2d4851a1d" relativeResultsDirectory="323bd22c-8ffe-4f0d-84c1-24d8acb658de" />
    <UnitTestResult executionId="f6557b5c-8e15-4f3f-bf21-b2e1e6724384" testId="74ee50b8-0598-e8ca-7e2f-330081ea45bc" testName="TestWriteXmlTaskId" computerName="DKSR-EFI-04" duration="00:00:00.0005603" startTime="2023-12-22T09:39:34.3047464+01:00" endTime="2023-12-22T09:39:34.3054628+01:00" testType="13cdc9d9-ddb5-4fa4-a97d-d965ccfc6d4b" outcome="Passed" testListId="8c84fa94-04c1-424b-9868-57a2d4851a1d" relativeResultsDirectory="f6557b5c-8e15-4f3f-bf21-b2e1e6724384" />
    <UnitTestResult executionId="14ad2db4-01e3-47d3-b265-f723838d3782" testId="a994a568-3e00-625c-a6cf-5145a11d5bf6" testName="Connect_FailToConnect_ShouldReturnFalse" computerName="DKSR-EFI-04" duration="00:00:00.2271579" startTime="2023-12-22T09:38:29.4434393+01:00" endTime="2023-12-22T09:38:29.6708269+01:00" testType="13cdc9d9-ddb5-4fa4-a97d-d965ccfc6d4b" outcome="Passed" testListId="8c84fa94-04c1-424b-9868-57a2d4851a1d" relativeResultsDirectory="14ad2db4-01e3-47d3-b265-f723838d3782" />
    <UnitTestResult executionId="9145c53c-f214-4318-b2fc-0691bd5dfcee" testId="4f80de53-a9c2-6ff5-bbd6-96cbb2c56bea" testName="ToSafeName_UnderscoreSeperator_Failure" computerName="DKSR-EFI-04" duration="00:00:00.0002729" startTime="2023-12-22T09:39:38.6137004+01:00" endTime="2023-12-22T09:39:38.6141320+01:00" testType="13cdc9d9-ddb5-4fa4-a97d-d965ccfc6d4b" outcome="Passed" testListId="8c84fa94-04c1-424b-9868-57a2d4851a1d" relativeResultsDirectory="9145c53c-f214-4318-b2fc-0691bd5dfcee" />
    <UnitTestResult executionId="a6bf8564-ced1-40b6-97df-157b081cc6a8" testId="7353773e-46a1-eddc-a4ca-f5b4ae8543b5" testName="AddSelectedWindowsToExport_ShouldShowCorrectToastMessages (5,5,0)" computerName="DKSR-EFI-04" duration="00:00:00.0045368" startTime="2023-12-22T09:39:33.7606463+01:00" endTime="2023-12-22T09:39:33.7653569+01:00" testType="13cdc9d9-ddb5-4fa4-a97d-d965ccfc6d4b" outcome="Passed" testListId="8c84fa94-04c1-424b-9868-57a2d4851a1d" relativeResultsDirectory="a6bf8564-ced1-40b6-97df-157b081cc6a8" />
    <UnitTestResult executionId="e6c47841-1f4a-40e0-92f9-21119f8a6e5a" testId="e087b5f0-3763-6f36-256a-40fa9b7a8fcb" testName="DeviceIcons_ShouldNotBeNull_WhenCalled" computerName="DKSR-EFI-04" duration="00:00:00.0011525" startTime="2023-12-22T09:39:29.0346521+01:00" endTime="2023-12-22T09:39:29.0359409+01:00" testType="13cdc9d9-ddb5-4fa4-a97d-d965ccfc6d4b" outcome="Passed" testListId="8c84fa94-04c1-424b-9868-57a2d4851a1d" relativeResultsDirectory="e6c47841-1f4a-40e0-92f9-21119f8a6e5a" />
    <UnitTestResult executionId="4f333efb-18fb-499b-bb53-81d4285c1885" testId="35fc797f-8043-748e-70a2-2388d5cb8d3d" testName="GisMapModel_MapVersion_IsCorrect" computerName="DKSR-EFI-04" duration="00:00:00.0061800" startTime="2023-12-22T09:39:28.2340865+01:00" endTime="2023-12-22T09:39:28.2404382+01:00" testType="13cdc9d9-ddb5-4fa4-a97d-d965ccfc6d4b" outcome="Passed" testListId="8c84fa94-04c1-424b-9868-57a2d4851a1d" relativeResultsDirectory="4f333efb-18fb-499b-bb53-81d4285c1885" />
    <UnitTestResult executionId="42796114-5df1-41ea-90a2-681457f1f5e2" testId="91ccec24-6878-75d9-83f5-29ad2ed9f604" testName="SelectedDuration_ShouldRevertToPreviousSelection_WhenCustomIntervalSelectionIsCancelled" computerName="DKSR-EFI-04" duration="00:00:00.0059522" startTime="2023-12-22T09:39:12.7321899+01:00" endTime="2023-12-22T09:39:12.7382987+01:00" testType="13cdc9d9-ddb5-4fa4-a97d-d965ccfc6d4b" outcome="Passed" testListId="8c84fa94-04c1-424b-9868-57a2d4851a1d" relativeResultsDirectory="42796114-5df1-41ea-90a2-681457f1f5e2" />
    <UnitTestResult executionId="a1428288-52c8-4250-a92e-36b8ab296abf" testId="e670b983-4ada-5f80-307a-cf5e26b6c0b2" testName="IsProductionEnvironment_ShouldReturnCorrectValue (somethingRandom,False)" computerName="DKSR-EFI-04" duration="00:00:00.0000036" startTime="2023-12-22T09:39:38.6099849+01:00" endTime="2023-12-22T09:39:38.6101127+01:00" testType="13cdc9d9-ddb5-4fa4-a97d-d965ccfc6d4b" outcome="Passed" testListId="8c84fa94-04c1-424b-9868-57a2d4851a1d" relativeResultsDirectory="a1428288-52c8-4250-a92e-36b8ab296abf" />
    <UnitTestResult executionId="bd2ab53e-a9b6-4da2-9871-e561a85d8797" testId="0df0cb69-797b-9ae4-83ed-e8c0cce4f5b0" testName="ToDenormalizedFieldOfView_0_0" computerName="DKSR-EFI-04" duration="00:00:00.0000967" startTime="2023-12-22T09:39:26.8015310+01:00" endTime="2023-12-22T09:39:26.8017645+01:00" testType="13cdc9d9-ddb5-4fa4-a97d-d965ccfc6d4b" outcome="Passed" testListId="8c84fa94-04c1-424b-9868-57a2d4851a1d" relativeResultsDirectory="bd2ab53e-a9b6-4da2-9871-e561a85d8797" />
    <UnitTestResult executionId="5c2f9a21-bc7c-4e2a-8939-afe5f1c97294" testId="d4287150-22c1-db59-46c8-b3a46f9472fc" testName="SearchResultDetailsView_MouseDoubleClick_AnimationEnabled_DetailsViewRemovedFromMainGrid" computerName="DKSR-EFI-04" duration="00:00:00.6787461" startTime="2023-12-22T09:38:47.4035943+01:00" endTime="2023-12-22T09:38:48.0849882+01:00" testType="13cdc9d9-ddb5-4fa4-a97d-d965ccfc6d4b" outcome="Passed" testListId="8c84fa94-04c1-424b-9868-57a2d4851a1d" relativeResultsDirectory="5c2f9a21-bc7c-4e2a-8939-afe5f1c97294" />
    <UnitTestResult executionId="45cf6a9b-1af2-43a6-8be3-3a8a38de9297" testId="8d2c3378-22f0-b4e2-6833-c26077a86417" testName="PointMapItem_MicrophoneWithNoShortName_Success" computerName="DKSR-EFI-04" duration="00:00:00.0248017" startTime="2023-12-22T09:39:30.2873719+01:00" endTime="2023-12-22T09:39:30.3155016+01:00" testType="13cdc9d9-ddb5-4fa4-a97d-d965ccfc6d4b" outcome="Passed" testListId="8c84fa94-04c1-424b-9868-57a2d4851a1d" relativeResultsDirectory="45cf6a9b-1af2-43a6-8be3-3a8a38de9297" />
    <UnitTestResult executionId="f371fbca-32fc-43a5-98e7-ad6ae2ad3f72" testId="b99d652b-8f29-0344-acef-87a042a63281" testName="LoadBoundingShapes_EllipseShape_AddedToUIAndSizedCorrectly" computerName="DKSR-EFI-04" duration="00:00:00.0179862" startTime="2023-12-22T09:39:25.9666143+01:00" endTime="2023-12-22T09:39:25.9870492+01:00" testType="13cdc9d9-ddb5-4fa4-a97d-d965ccfc6d4b" outcome="Passed" testListId="8c84fa94-04c1-424b-9868-57a2d4851a1d" relativeResultsDirectory="f371fbca-32fc-43a5-98e7-ad6ae2ad3f72" />
    <UnitTestResult executionId="979e004b-1cf3-425e-8d22-18e6478fc96d" testId="caaa1ff0-9d50-8a88-cc0f-12986835057f" testName="GetLayerVisibilityItemsData_ShouldAddDeviceFixedLayerInOrder_WhenMultipleLayersAreProvided" computerName="DKSR-EFI-04" duration="00:00:00.0085167" startTime="2023-12-22T09:38:34.8466123+01:00" endTime="2023-12-22T09:38:34.8552848+01:00" testType="13cdc9d9-ddb5-4fa4-a97d-d965ccfc6d4b" outcome="Passed" testListId="8c84fa94-04c1-424b-9868-57a2d4851a1d" relativeResultsDirectory="979e004b-1cf3-425e-8d22-18e6478fc96d" />
    <UnitTestResult executionId="4acd0713-cae6-4a65-a1c2-a6602f748268" testId="d84aea0e-76b6-55d2-4b7e-5e6eebfaed0e" testName="BoundingShapesCanvasVisibility_UpdateCorrectly" computerName="DKSR-EFI-04" duration="00:00:00.0281891" startTime="2023-12-22T09:39:26.0624597+01:00" endTime="2023-12-22T09:39:26.0932116+01:00" testType="13cdc9d9-ddb5-4fa4-a97d-d965ccfc6d4b" outcome="Passed" testListId="8c84fa94-04c1-424b-9868-57a2d4851a1d" relativeResultsDirectory="4acd0713-cae6-4a65-a1c2-a6602f748268" />
    <UnitTestResult executionId="bc568f9c-a99c-4036-ba71-edef6a346822" testId="c28e213e-317a-4527-5d0b-e1f50d0ea576" testName="SearchResultsActionBarActions_MipAction_Exists" computerName="DKSR-EFI-04" duration="00:00:00.1702534" startTime="2023-12-22T09:39:10.5475170+01:00" endTime="2023-12-22T09:39:10.7179302+01:00" testType="13cdc9d9-ddb5-4fa4-a97d-d965ccfc6d4b" outcome="Passed" testListId="8c84fa94-04c1-424b-9868-57a2d4851a1d" relativeResultsDirectory="bc568f9c-a99c-4036-ba71-edef6a346822" />
    <UnitTestResult executionId="147ce22d-bd71-4d57-a7a6-6f233ac68a3f" testId="fab1182a-1ea1-5a85-a52f-fa7890fd3d44" testName="AlwaysPutViewGroupsBeforeGroupsAndViews" computerName="DKSR-EFI-04" duration="00:00:00.0058264" startTime="2023-12-22T09:39:33.2562997+01:00" endTime="2023-12-22T09:39:33.2623484+01:00" testType="13cdc9d9-ddb5-4fa4-a97d-d965ccfc6d4b" outcome="Passed" testListId="8c84fa94-04c1-424b-9868-57a2d4851a1d" relativeResultsDirectory="147ce22d-bd71-4d57-a7a6-6f233ac68a3f" />
    <UnitTestResult executionId="d394748d-9453-40d3-9ee7-c10bc2f50b6c" testId="675dccfc-0aea-7dad-70d9-a1466b62191d" testName="HandlePermissionDeniedResults_ShouldShowMessageAndToast (5,1)" computerName="DKSR-EFI-04" duration="00:00:00.0030420" startTime="2023-12-22T09:39:33.8262036+01:00" endTime="2023-12-22T09:39:33.8293994+01:00" testType="13cdc9d9-ddb5-4fa4-a97d-d965ccfc6d4b" outcome="Passed" testListId="8c84fa94-04c1-424b-9868-57a2d4851a1d" relativeResultsDirectory="d394748d-9453-40d3-9ee7-c10bc2f50b6c" />
    <UnitTestResult executionId="63357d4e-ff55-43ba-836f-c11f8214e2a8" testId="c4b0d9bd-4b80-996e-41b7-0bd28fc67a52" testName="SearchResultsActionBarActions_CreateSnapshot_OptionAvailable_Enabled" computerName="DKSR-EFI-04" duration="00:00:00.0101207" startTime="2023-12-22T09:39:11.0431497+01:00" endTime="2023-12-22T09:39:11.0534249+01:00" testType="13cdc9d9-ddb5-4fa4-a97d-d965ccfc6d4b" outcome="Passed" testListId="8c84fa94-04c1-424b-9868-57a2d4851a1d" relativeResultsDirectory="63357d4e-ff55-43ba-836f-c11f8214e2a8" />
    <UnitTestResult executionId="dac5d3f5-3d89-4b0f-944f-95de5700ffdc" testId="044f4a26-7cbd-7c3b-61fb-5e7facd7c43c" testName="CreateDefinition_NullValue_Throws" computerName="DKSR-EFI-04" duration="00:00:00.0708032" startTime="2023-12-22T09:39:14.0569783+01:00" endTime="2023-12-22T09:39:14.1280075+01:00" testType="13cdc9d9-ddb5-4fa4-a97d-d965ccfc6d4b" outcome="Passed" testListId="8c84fa94-04c1-424b-9868-57a2d4851a1d" relativeResultsDirectory="dac5d3f5-3d89-4b0f-944f-95de5700ffdc" />
    <UnitTestResult executionId="0bae913c-ddb1-49d5-93b1-5ae44d188301" testId="ab584460-bac9-0990-0924-68a8db1e4a1e" testName="PopulateTooltip_SingleResultsFromManyCameras24Hours_ValidText" computerName="DKSR-EFI-04" duration="00:00:00.0262024" startTime="2023-12-22T09:39:07.2468924+01:00" endTime="2023-12-22T09:39:07.2755891+01:00" testType="13cdc9d9-ddb5-4fa4-a97d-d965ccfc6d4b" outcome="Passed" testListId="8c84fa94-04c1-424b-9868-57a2d4851a1d" relativeResultsDirectory="0bae913c-ddb1-49d5-93b1-5ae44d188301" />
    <UnitTestResult executionId="92162e1e-1c92-4f0a-b16f-8b246e3153e5" testId="ef7eb1a4-404f-fda1-15f0-bcd1e692326a" testName="PatrollingStepListViewModel_MoveStepDownExecute" computerName="DKSR-EFI-04" duration="00:00:00.0017669" startTime="2023-12-22T09:39:32.2576759+01:00" endTime="2023-12-22T09:39:32.2595831+01:00" testType="13cdc9d9-ddb5-4fa4-a97d-d965ccfc6d4b" outcome="Passed" testListId="8c84fa94-04c1-424b-9868-57a2d4851a1d" relativeResultsDirectory="92162e1e-1c92-4f0a-b16f-8b246e3153e5" />
    <UnitTestResult executionId="8d9a2266-ea4a-4084-a149-e320673d0688" testId="b518f299-3b00-cc5d-b78d-f3f85f49a757" testName="AddSelectedCameras_EmptyList_NoChange" computerName="DKSR-EFI-04" duration="00:00:00.0074749" startTime="2023-12-22T09:39:11.8194421+01:00" endTime="2023-12-22T09:39:11.8270915+01:00" testType="13cdc9d9-ddb5-4fa4-a97d-d965ccfc6d4b" outcome="Passed" testListId="8c84fa94-04c1-424b-9868-57a2d4851a1d" relativeResultsDirectory="8d9a2266-ea4a-4084-a149-e320673d0688" />
    <UnitTestResult executionId="0677beca-7109-4b35-a99e-1bd71f5f066a" testId="4ada3711-10ca-c9da-9e10-113cd53a94af" testName="BuildMapOptions_ShouldHandleSecretStringOptionsCorrectly (GisMapBingMapKey,someText,True)" computerName="DKSR-EFI-04" duration="00:00:00.0014308" startTime="2023-12-22T09:39:38.5115030+01:00" endTime="2023-12-22T09:39:38.5131153+01:00" testType="13cdc9d9-ddb5-4fa4-a97d-d965ccfc6d4b" outcome="Passed" testListId="8c84fa94-04c1-424b-9868-57a2d4851a1d" relativeResultsDirectory="0677beca-7109-4b35-a99e-1bd71f5f066a" />
    <UnitTestResult executionId="1f3b3642-bc55-41b2-8f60-028a032350bb" testId="dd25e118-a384-e666-07c3-e9a0431950f6" testName="GetBoundingShapesPathsAsync_ShouldGetBoundingShapesFromBoundingShapesSourceOnly_WhenOnlyBoundingShapesSourceIsPassedIn" computerName="DKSR-EFI-04" duration="00:00:00.0024433" startTime="2023-12-22T09:39:13.8275806+01:00" endTime="2023-12-22T09:39:13.8323737+01:00" testType="13cdc9d9-ddb5-4fa4-a97d-d965ccfc6d4b" outcome="Passed" testListId="8c84fa94-04c1-424b-9868-57a2d4851a1d" relativeResultsDirectory="1f3b3642-bc55-41b2-8f60-028a032350bb" />
    <UnitTestResult executionId="40eb1c62-45a3-427d-9791-7897683df138" testId="33fadc7a-7504-99fb-d972-36e4180a8a48" testName="ShowPermissionDeniedStatusBarError_ShouldSendAMessage (1,1)" computerName="DKSR-EFI-04" duration="00:00:00.0017871" startTime="2023-12-22T09:39:33.8144731+01:00" endTime="2023-12-22T09:39:33.8164698+01:00" testType="13cdc9d9-ddb5-4fa4-a97d-d965ccfc6d4b" outcome="Passed" testListId="8c84fa94-04c1-424b-9868-57a2d4851a1d" relativeResultsDirectory="40eb1c62-45a3-427d-9791-7897683df138" />
    <UnitTestResult executionId="c730c760-dd79-44b0-aa77-4fb6af9791c1" testId="058170fd-69e2-a7d3-64d2-1a307243ea90" testName="PatrollingStepViewModel_Constructor_Success" computerName="DKSR-EFI-04" duration="00:00:00.0018389" startTime="2023-12-22T09:39:32.2696216+01:00" endTime="2023-12-22T09:39:32.2717064+01:00" testType="13cdc9d9-ddb5-4fa4-a97d-d965ccfc6d4b" outcome="Passed" testListId="8c84fa94-04c1-424b-9868-57a2d4851a1d" relativeResultsDirectory="c730c760-dd79-44b0-aa77-4fb6af9791c1" />
    <UnitTestResult executionId="32771779-931f-4506-ac01-65742c6ff4eb" testId="31ae9737-3293-daff-e7b1-357b7daf0b9b" testName="ShouldReturnFalseWhenScaleChangedButOverlayTypeIsNotRedraw" computerName="DKSR-EFI-04" duration="00:00:00.0007060" startTime="2023-12-22T09:38:38.7911669+01:00" endTime="2023-12-22T09:38:38.7919943+01:00" testType="13cdc9d9-ddb5-4fa4-a97d-d965ccfc6d4b" outcome="Passed" testListId="8c84fa94-04c1-424b-9868-57a2d4851a1d" relativeResultsDirectory="32771779-931f-4506-ac01-65742c6ff4eb" />
    <UnitTestResult executionId="09cbef76-c33a-44db-9df7-e7d881ed4404" testId="336b8482-3bf7-7f8c-61fa-1897c8b88bb6" testName="GetIsOpenStreetMapValid_ShouldReturnTrue_WhenGeographicLayerIsAvailableAndAlternativeServerIsEmpty" computerName="DKSR-EFI-04" duration="00:00:00.0005684" startTime="2023-12-22T09:39:31.3263717+01:00" endTime="2023-12-22T09:39:31.3270778+01:00" testType="13cdc9d9-ddb5-4fa4-a97d-d965ccfc6d4b" outcome="Passed" testListId="8c84fa94-04c1-424b-9868-57a2d4851a1d" relativeResultsDirectory="09cbef76-c33a-44db-9df7-e7d881ed4404" />
    <UnitTestResult executionId="b2742b4c-1e0c-411f-b434-eb8752b49f09" testId="71d3bf04-2f4b-0825-76a5-fe6f8626ce91" testName="RaiseUpdateUnmutedMicrophonesAsync_ShouldUnmutedMicrophones_WhenEventIsRaised" computerName="DKSR-EFI-04" duration="00:00:00.0135684" startTime="2023-12-22T09:39:28.1161506+01:00" endTime="2023-12-22T09:39:28.1298944+01:00" testType="13cdc9d9-ddb5-4fa4-a97d-d965ccfc6d4b" outcome="Passed" testListId="8c84fa94-04c1-424b-9868-57a2d4851a1d" relativeResultsDirectory="b2742b4c-1e0c-411f-b434-eb8752b49f09" />
    <UnitTestResult executionId="81150c2f-b291-44a9-9b57-7a2b2ff2affc" testId="3389b6dd-689a-11ef-38a7-5096963ffea8" testName="True" computerName="DKSR-EFI-04" duration="00:00:00.0014204" startTime="2023-12-22T09:39:33.8879926+01:00" endTime="2023-12-22T09:39:33.8917768+01:00" testType="13cdc9d9-ddb5-4fa4-a97d-d965ccfc6d4b" outcome="Passed" testListId="8c84fa94-04c1-424b-9868-57a2d4851a1d" relativeResultsDirectory="81150c2f-b291-44a9-9b57-7a2b2ff2affc" />
    <UnitTestResult executionId="1faeae04-fb38-4709-9ddd-6e77337850cf" testId="c126ef38-de54-9d14-e11c-edf70abaf073" testName="PtzInfoViewModel_PtzNotCotrolledTest" computerName="DKSR-EFI-04" duration="00:00:00.0026162" startTime="2023-12-22T09:38:32.5160172+01:00" endTime="2023-12-22T09:38:32.5187625+01:00" testType="13cdc9d9-ddb5-4fa4-a97d-d965ccfc6d4b" outcome="Passed" testListId="8c84fa94-04c1-424b-9868-57a2d4851a1d" relativeResultsDirectory="1faeae04-fb38-4709-9ddd-6e77337850cf" />
    <UnitTestResult executionId="3ffb8664-cc64-484c-ac08-66378e5732a5" testId="7ed35012-584a-2fe3-a716-cd0afc4bf24c" testName="TestLoadAsyncWithNullDatagram_Failure" computerName="DKSR-EFI-04" duration="00:00:00.0073682" startTime="2023-12-22T09:39:26.3166587+01:00" endTime="2023-12-22T09:39:26.3242067+01:00" testType="13cdc9d9-ddb5-4fa4-a97d-d965ccfc6d4b" outcome="Passed" testListId="8c84fa94-04c1-424b-9868-57a2d4851a1d" relativeResultsDirectory="3ffb8664-cc64-484c-ac08-66378e5732a5" />
    <UnitTestResult executionId="3f442919-e9c1-4f2e-8b5c-919a9af36362" testId="1e268e1f-9f4f-f655-e5bb-e50feefd0bab" testName="TestSaveMap_BuildingsChanges_Success" computerName="DKSR-EFI-04" duration="00:00:00.0287319" startTime="2023-12-22T09:39:28.5823515+01:00" endTime="2023-12-22T09:39:28.6112835+01:00" testType="13cdc9d9-ddb5-4fa4-a97d-d965ccfc6d4b" outcome="Passed" testListId="8c84fa94-04c1-424b-9868-57a2d4851a1d" relativeResultsDirectory="3f442919-e9c1-4f2e-8b5c-919a9af36362" />
    <UnitTestResult executionId="08d96626-71bd-4fec-b865-14c0920e98d2" testId="2b48bd6d-d40f-68da-88e6-66c25aa42362" testName="OnUnloaded_NoResultControl_DoesNotCrash" computerName="DKSR-EFI-04" duration="00:00:00.0068860" startTime="2023-12-22T09:38:43.2839668+01:00" endTime="2023-12-22T09:38:43.2932705+01:00" testType="13cdc9d9-ddb5-4fa4-a97d-d965ccfc6d4b" outcome="Passed" testListId="8c84fa94-04c1-424b-9868-57a2d4851a1d" relativeResultsDirectory="08d96626-71bd-4fec-b865-14c0920e98d2" />
    <UnitTestResult executionId="5c2516b7-c38e-4c77-81d4-8470f0fdce29" testId="c3727fbd-7b27-2b58-8aac-80b9993febce" testName="OutputMapItem_ForceActivateAsync_InBuilding_MapLayerHidden_Success" computerName="DKSR-EFI-04" duration="00:00:00.0103528" startTime="2023-12-22T09:39:30.0239856+01:00" endTime="2023-12-22T09:39:30.0345120+01:00" testType="13cdc9d9-ddb5-4fa4-a97d-d965ccfc6d4b" outcome="Passed" testListId="8c84fa94-04c1-424b-9868-57a2d4851a1d" relativeResultsDirectory="5c2516b7-c38e-4c77-81d4-8470f0fdce29" />
    <UnitTestResult executionId="9daf3a70-e31b-4ba1-9ad2-5f37f222d4a0" testId="0d4811ec-9931-fb19-edc0-7bcc796825fb" testName="IsDisabled_ShouldBeTrue_WhenIsDetachedControllerManager" computerName="DKSR-EFI-04" duration="00:00:00.0138170" startTime="2023-12-22T09:39:30.2233131+01:00" endTime="2023-12-22T09:39:30.2373146+01:00" testType="13cdc9d9-ddb5-4fa4-a97d-d965ccfc6d4b" outcome="Passed" testListId="8c84fa94-04c1-424b-9868-57a2d4851a1d" relativeResultsDirectory="9daf3a70-e31b-4ba1-9ad2-5f37f222d4a0" />
    <UnitTestResult executionId="ea18a7c4-70c0-4d01-8007-c88d1f5bc307" testId="37c23154-aec4-129b-8dc2-bb50808aef9e" testName="OnMarkerSelected_ShouldSelectMarkerExcludeItFromClusteringAndBeginInPlaceEditMode_WhenSingleSelection" computerName="DKSR-EFI-04" duration="00:00:00.0056274" startTime="2023-12-22T09:38:36.1646793+01:00" endTime="2023-12-22T09:38:36.1725382+01:00" testType="13cdc9d9-ddb5-4fa4-a97d-d965ccfc6d4b" outcome="Passed" testListId="8c84fa94-04c1-424b-9868-57a2d4851a1d" relativeResultsDirectory="ea18a7c4-70c0-4d01-8007-c88d1f5bc307" />
    <UnitTestResult executionId="a33dcd16-ad5c-41f9-a06f-f4b2a0d63b12" testId="a8baabf8-3dd2-5f04-30ff-1f9d2fc1237b" testName="GetPartialDiffBetweenDictionaries_ShouldReturnCorrectValues (System.Collections.Generic.Dictionary`2[System.String,System.String],System.Collections.Generic.Dictionary`2[System.String,System.String],System.Collections.Generic.Dictionary`2[System.String,System.String])" computerName="DKSR-EFI-04" duration="00:00:00.0001614" startTime="2023-12-22T09:39:38.5627002+01:00" endTime="2023-12-22T09:39:38.5630519+01:00" testType="13cdc9d9-ddb5-4fa4-a97d-d965ccfc6d4b" outcome="Passed" testListId="8c84fa94-04c1-424b-9868-57a2d4851a1d" relativeResultsDirectory="a33dcd16-ad5c-41f9-a06f-f4b2a0d63b12" />
    <UnitTestResult executionId="5a1c0ec3-2b80-4a20-a33f-2a92ab98ad89" testId="194c53c7-91a0-a39c-19f4-75d99e8bf5f1" testName="GetGuidProviderStrategyByEventServerId_ShouldRaiseArgumentOutOfRangeException_WhenEventServerIdsHasNotBeenInjectedAtTheConstructor" computerName="DKSR-EFI-04" duration="00:00:00.0006189" startTime="2023-12-22T09:39:39.7997185+01:00" endTime="2023-12-22T09:39:39.8004962+01:00" testType="13cdc9d9-ddb5-4fa4-a97d-d965ccfc6d4b" outcome="Passed" testListId="8c84fa94-04c1-424b-9868-57a2d4851a1d" relativeResultsDirectory="5a1c0ec3-2b80-4a20-a33f-2a92ab98ad89" />
    <UnitTestResult executionId="ecae5f43-195d-47c7-b932-dde20dd839f1" testId="7e087806-67ee-93e5-99ce-89aefdf33c63" testName="CreateDefinition_ZeroFiltersInCategory_ZeroFilterValuesAddedToSearchCriteria" computerName="DKSR-EFI-04" duration="00:00:00.0047507" startTime="2023-12-22T09:39:14.1336572+01:00" endTime="2023-12-22T09:39:14.1385640+01:00" testType="13cdc9d9-ddb5-4fa4-a97d-d965ccfc6d4b" outcome="Passed" testListId="8c84fa94-04c1-424b-9868-57a2d4851a1d" relativeResultsDirectory="ecae5f43-195d-47c7-b932-dde20dd839f1" />
    <UnitTestResult executionId="c8de0a44-fbfd-4891-bcfd-839c6d898465" testId="788a6834-d7c6-3652-9af3-0c73bb9d6301" testName="GetIndexExtent_ZoomMin_WholeWorldIsCovered" computerName="DKSR-EFI-04" duration="00:00:00.0004433" startTime="2023-12-22T09:39:31.9797294+01:00" endTime="2023-12-22T09:39:31.9803179+01:00" testType="13cdc9d9-ddb5-4fa4-a97d-d965ccfc6d4b" outcome="Passed" testListId="8c84fa94-04c1-424b-9868-57a2d4851a1d" relativeResultsDirectory="c8de0a44-fbfd-4891-bcfd-839c6d898465" />
    <UnitTestResult executionId="36a1598a-4858-40ca-b53f-0ef45dce73ce" testId="a233d66c-f313-1e74-e181-b2dafdf7eda1" testName="BindingModelTitle_ReactsTo_PluginInstanceTitleUpdate" computerName="DKSR-EFI-04" duration="00:00:00.0019591" startTime="2023-12-22T09:39:33.8830803+01:00" endTime="2023-12-22T09:39:33.8875158+01:00" testType="13cdc9d9-ddb5-4fa4-a97d-d965ccfc6d4b" outcome="Passed" testListId="8c84fa94-04c1-424b-9868-57a2d4851a1d" relativeResultsDirectory="36a1598a-4858-40ca-b53f-0ef45dce73ce" />
    <UnitTestResult executionId="239b7094-cfc1-4596-a436-60083e75ea34" testId="3d676a9f-bbcb-bc89-c504-7e67ca06500e" testName="ActiveIncomingMicrophones_ShouldHave_NoMicrophonesWhenMicrophoneIsMuted" computerName="DKSR-EFI-04" duration="00:00:00.0071850" startTime="2023-12-22T09:39:28.0740871+01:00" endTime="2023-12-22T09:39:28.0814165+01:00" testType="13cdc9d9-ddb5-4fa4-a97d-d965ccfc6d4b" outcome="Passed" testListId="8c84fa94-04c1-424b-9868-57a2d4851a1d" relativeResultsDirectory="239b7094-cfc1-4596-a436-60083e75ea34" />
    <UnitTestResult executionId="9df1ec22-2edc-4be6-866d-33f0240082b4" testId="5be7c8bc-c613-0652-ed73-c4eee352182b" testName="Deserialize_MissingPluginIdElement_Error" computerName="DKSR-EFI-04" duration="00:00:00.0007323" startTime="2023-12-22T09:39:14.7010643+01:00" endTime="2023-12-22T09:39:14.7019371+01:00" testType="13cdc9d9-ddb5-4fa4-a97d-d965ccfc6d4b" outcome="Passed" testListId="8c84fa94-04c1-424b-9868-57a2d4851a1d" relativeResultsDirectory="9df1ec22-2edc-4be6-866d-33f0240082b4" />
    <UnitTestResult executionId="a1a3b5ea-2c0a-40ae-93b4-542577934779" testId="f5719a53-45a7-6c3f-5ed7-93d8143fc0a6" testName="GetOsmServerAddress_ShouldReturnAlternativeServerValue_WhenGeographicLayerIsAvailableAndAlternativeServerIsNotEmpty" computerName="DKSR-EFI-04" duration="00:00:00.0005744" startTime="2023-12-22T09:39:31.3356537+01:00" endTime="2023-12-22T09:39:31.3363609+01:00" testType="13cdc9d9-ddb5-4fa4-a97d-d965ccfc6d4b" outcome="Passed" testListId="8c84fa94-04c1-424b-9868-57a2d4851a1d" relativeResultsDirectory="a1a3b5ea-2c0a-40ae-93b4-542577934779" />
    <UnitTestResult executionId="47150fca-3bf0-49f7-b105-a59dead11211" testId="2521704e-7859-65c2-160f-02af43e2aa44" testName="PatrollingProfileListViewModel_SelectedPatrollingProfileViewModel_Selected_PatrollingStep" computerName="DKSR-EFI-04" duration="00:00:00.0060688" startTime="2023-12-22T09:39:32.1217341+01:00" endTime="2023-12-22T09:39:32.1281865+01:00" testType="13cdc9d9-ddb5-4fa4-a97d-d965ccfc6d4b" outcome="Passed" testListId="8c84fa94-04c1-424b-9868-57a2d4851a1d" relativeResultsDirectory="47150fca-3bf0-49f7-b105-a59dead11211" />
    <UnitTestResult executionId="2fb540f1-2eae-48c8-8694-d73d2f1dbc66" testId="a8a50f03-3329-f171-e632-4989e995a587" testName="SelectionCountDisplayText_MultipleSelectedResults_ReturnsMultipleString" computerName="DKSR-EFI-04" duration="00:00:00.0107668" startTime="2023-12-22T09:39:10.5096615+01:00" endTime="2023-12-22T09:39:10.5206319+01:00" testType="13cdc9d9-ddb5-4fa4-a97d-d965ccfc6d4b" outcome="Passed" testListId="8c84fa94-04c1-424b-9868-57a2d4851a1d" relativeResultsDirectory="2fb540f1-2eae-48c8-8694-d73d2f1dbc66" />
    <UnitTestResult executionId="fe3fc9c9-04a6-44e9-9dab-8b66573b23c1" testId="27664859-4d07-7aa6-2422-c69fa8d16b38" testName="Ctor_ValidParameterWithTimeZoneManager_Success" computerName="DKSR-EFI-04" duration="00:00:00.0224480" startTime="2023-12-22T09:39:11.7962934+01:00" endTime="2023-12-22T09:39:11.8189260+01:00" testType="13cdc9d9-ddb5-4fa4-a97d-d965ccfc6d4b" outcome="Passed" testListId="8c84fa94-04c1-424b-9868-57a2d4851a1d" relativeResultsDirectory="fe3fc9c9-04a6-44e9-9dab-8b66573b23c1" />
    <UnitTestResult executionId="6759e7e0-dba8-4645-836f-3133e1f6f0f8" testId="ff37e13a-ef96-a965-37b4-7e2b5b7bc7cd" testName="Ctor_NullPassedToNotNullParameters_Failure" computerName="DKSR-EFI-04" duration="00:00:00.0033379" startTime="2023-12-22T09:39:25.4638554+01:00" endTime="2023-12-22T09:39:25.4675225+01:00" testType="13cdc9d9-ddb5-4fa4-a97d-d965ccfc6d4b" outcome="Passed" testListId="8c84fa94-04c1-424b-9868-57a2d4851a1d" relativeResultsDirectory="6759e7e0-dba8-4645-836f-3133e1f6f0f8" />
    <UnitTestResult executionId="73f2a1f5-c310-42a7-b17b-c62981b81ebf" testId="227dae21-47d4-ba20-0c10-f41a6c7e9f9c" testName="PatrollingProfileListViewModel_CanExecuteDeleteProfile_Profile_Selected" computerName="DKSR-EFI-04" duration="00:00:00.0013831" startTime="2023-12-22T09:39:32.1459257+01:00" endTime="2023-12-22T09:39:32.1474477+01:00" testType="13cdc9d9-ddb5-4fa4-a97d-d965ccfc6d4b" outcome="Passed" testListId="8c84fa94-04c1-424b-9868-57a2d4851a1d" relativeResultsDirectory="73f2a1f5-c310-42a7-b17b-c62981b81ebf" />
    <UnitTestResult executionId="13988038-524e-42ed-a506-ed78ce6ca79c" testId="88c2b0d8-15cc-99cf-0786-93c215c0f665" testName="Constructor_ShouldRaiseArgumentNullException_WhenLoggerIsNull" computerName="DKSR-EFI-04" duration="00:00:00.0053426" startTime="2023-12-22T09:39:28.0418891+01:00" endTime="2023-12-22T09:39:28.0473981+01:00" testType="13cdc9d9-ddb5-4fa4-a97d-d965ccfc6d4b" outcome="Passed" testListId="8c84fa94-04c1-424b-9868-57a2d4851a1d" relativeResultsDirectory="13988038-524e-42ed-a506-ed78ce6ca79c" />
    <UnitTestResult executionId="f5219c7f-981d-47e1-863d-1993938f9b83" testId="9e654779-7c3a-a723-682e-e39ebed74684" testName="GetGisMapLayerFlyoutName_ShouldReturnOpenStreetMap_WhenGeographicLayerIsAvailableAndAlternativeServerIsNotEmpty" computerName="DKSR-EFI-04" duration="00:00:00.0006065" startTime="2023-12-22T09:39:31.3202840+01:00" endTime="2023-12-22T09:39:31.3210273+01:00" testType="13cdc9d9-ddb5-4fa4-a97d-d965ccfc6d4b" outcome="Passed" testListId="8c84fa94-04c1-424b-9868-57a2d4851a1d" relativeResultsDirectory="f5219c7f-981d-47e1-863d-1993938f9b83" />
    <UnitTestResult executionId="b4da4af4-6661-4279-99a9-9c08629407e5" testId="4ead98c0-ed43-b791-ad04-b3743cb5d69b" testName="CreateDashboardViewModel_UsesIdentityTokenCache_WhenAuthenticationIsOAuth" computerName="DKSR-EFI-04" duration="00:00:01.0341056" startTime="2023-12-22T09:39:35.0965453+01:00" endTime="2023-12-22T09:39:36.1308603+01:00" testType="13cdc9d9-ddb5-4fa4-a97d-d965ccfc6d4b" outcome="Passed" testListId="8c84fa94-04c1-424b-9868-57a2d4851a1d" relativeResultsDirectory="b4da4af4-6661-4279-99a9-9c08629407e5" />
    <UnitTestResult executionId="3d3451f4-b26b-4530-852e-603ae0808334" testId="0d6c642a-81af-572a-f3ab-8e4b1d302c6a" testName="ShouldReturnTrueWhenScaleChanged" computerName="DKSR-EFI-04" duration="00:00:00.0007566" startTime="2023-12-22T09:38:38.7897896+01:00" endTime="2023-12-22T09:38:38.7907584+01:00" testType="13cdc9d9-ddb5-4fa4-a97d-d965ccfc6d4b" outcome="Passed" testListId="8c84fa94-04c1-424b-9868-57a2d4851a1d" relativeResultsDirectory="3d3451f4-b26b-4530-852e-603ae0808334" />
    <UnitTestResult executionId="de4ba5f4-3e95-4def-903e-6da19a3ab738" testId="234ad1b4-c3ca-386c-029e-422d8061eab6" testName="DeleteItems_ShouldOnlyHandleMipMapItems_WhenCalled" computerName="DKSR-EFI-04" duration="00:00:00.0495779" startTime="2023-12-22T09:39:29.5544773+01:00" endTime="2023-12-22T09:39:29.6042137+01:00" testType="13cdc9d9-ddb5-4fa4-a97d-d965ccfc6d4b" outcome="Passed" testListId="8c84fa94-04c1-424b-9868-57a2d4851a1d" relativeResultsDirectory="de4ba5f4-3e95-4def-903e-6da19a3ab738" />
    <UnitTestResult executionId="c71fafe8-50a3-42a4-861d-3bddb38232d4" testId="532cb81a-df32-0fbd-c0b0-8629f10837bd" testName="DeviceIcons_ShouldNotBeNull_WhenCalled" computerName="DKSR-EFI-04" duration="00:00:00.0001560" startTime="2023-12-22T09:39:29.0419921+01:00" endTime="2023-12-22T09:39:29.0422836+01:00" testType="13cdc9d9-ddb5-4fa4-a97d-d965ccfc6d4b" outcome="Passed" testListId="8c84fa94-04c1-424b-9868-57a2d4851a1d" relativeResultsDirectory="c71fafe8-50a3-42a4-861d-3bddb38232d4" />
    <UnitTestResult executionId="b4b96ccb-50bb-481e-9fcf-d08e0b8eb1dd" testId="ee6192d4-4913-e5e7-42dd-becf117dbb37" testName="MotionAreaInfoDto_ShouldYieldSameValues_WhenRoundTripConverted" computerName="DKSR-EFI-04" duration="00:00:00.0012708" startTime="2023-12-22T09:38:29.7205870+01:00" endTime="2023-12-22T09:38:29.7219888+01:00" testType="13cdc9d9-ddb5-4fa4-a97d-d965ccfc6d4b" outcome="Passed" testListId="8c84fa94-04c1-424b-9868-57a2d4851a1d" relativeResultsDirectory="b4b96ccb-50bb-481e-9fcf-d08e0b8eb1dd" />
    <UnitTestResult executionId="b251bc86-0d80-4a4f-93de-7a7fd94021d2" testId="04c83cca-8782-2962-eccb-1c1b5d4d8166" testName="SelectTemplate_UseInlineEditTrue_ReturnsInlineTemplate" computerName="DKSR-EFI-04" duration="00:00:00.0121130" startTime="2023-12-22T09:38:41.2707215+01:00" endTime="2023-12-22T09:38:41.2829622+01:00" testType="13cdc9d9-ddb5-4fa4-a97d-d965ccfc6d4b" outcome="Passed" testListId="8c84fa94-04c1-424b-9868-57a2d4851a1d" relativeResultsDirectory="b251bc86-0d80-4a4f-93de-7a7fd94021d2" />
    <UnitTestResult executionId="08eb9002-18bb-455c-af7a-e2e403dd7630" testId="6bcb61d5-27f5-0fda-d895-8ea5b1245aab" testName="PtzInfoViewModel_PtzCotrolledByUserTest" computerName="DKSR-EFI-04" duration="00:00:00.0012481" startTime="2023-12-22T09:38:32.5206112+01:00" endTime="2023-12-22T09:38:32.5219797+01:00" testType="13cdc9d9-ddb5-4fa4-a97d-d965ccfc6d4b" outcome="Passed" testListId="8c84fa94-04c1-424b-9868-57a2d4851a1d" relativeResultsDirectory="08eb9002-18bb-455c-af7a-e2e403dd7630" />
    <UnitTestResult executionId="7f7a88a1-09b0-420f-b4b2-5116b5e12b90" testId="ac48ab08-0586-5064-3572-983965e5b6b6" testName="ActiveInteractionStateBinding_ShouldNotBeNull_WhenCtorIsCalled" computerName="DKSR-EFI-04" duration="00:00:00.0581758" startTime="2023-12-22T09:38:37.2127135+01:00" endTime="2023-12-22T09:38:37.2778145+01:00" testType="13cdc9d9-ddb5-4fa4-a97d-d965ccfc6d4b" outcome="Passed" testListId="8c84fa94-04c1-424b-9868-57a2d4851a1d" relativeResultsDirectory="7f7a88a1-09b0-420f-b4b2-5116b5e12b90" />
    <UnitTestResult executionId="e4f7060a-74ab-472b-b908-674ac8f2f89d" testId="d02a9bfe-ef70-0b80-6768-a063d853aefd" testName="TestInitializeWorkrooms_AllBuiltinWorkroomsWithSearchTabAsInitialWorkroom_Success" computerName="DKSR-EFI-04" duration="00:00:00.0232428" startTime="2023-12-22T09:38:31.9485512+01:00" endTime="2023-12-22T09:38:31.9719747+01:00" testType="13cdc9d9-ddb5-4fa4-a97d-d965ccfc6d4b" outcome="Passed" testListId="8c84fa94-04c1-424b-9868-57a2d4851a1d" relativeResultsDirectory="e4f7060a-74ab-472b-b908-674ac8f2f89d" />
    <UnitTestResult executionId="c458b1fd-54f4-4763-b705-750d539c3d72" testId="a90fcb60-5904-342b-4fdf-2acce1eecc2f" testName="Deserialize_ShouldReportInvalidCombineType_WhenCombineTypeValueIsNotInEnumeration" computerName="DKSR-EFI-04" duration="00:00:00.0006417" startTime="2023-12-22T09:39:14.6927610+01:00" endTime="2023-12-22T09:39:14.6935526+01:00" testType="13cdc9d9-ddb5-4fa4-a97d-d965ccfc6d4b" outcome="Passed" testListId="8c84fa94-04c1-424b-9868-57a2d4851a1d" relativeResultsDirectory="c458b1fd-54f4-4763-b705-750d539c3d72" />
    <UnitTestResult executionId="24daf19d-107a-4347-805b-4ea4a2f26bd3" testId="3ed7a399-d9a7-d9be-39f4-d877ad4e286e" testName="LoginPlugins_ShouldContainOneAccessControlLoginPluginElement_WhenIsInitialized" computerName="DKSR-EFI-04" duration="00:00:00.0043447" startTime="2023-12-22T09:39:39.8048289+01:00" endTime="2023-12-22T09:39:39.8094081+01:00" testType="13cdc9d9-ddb5-4fa4-a97d-d965ccfc6d4b" outcome="Passed" testListId="8c84fa94-04c1-424b-9868-57a2d4851a1d" relativeResultsDirectory="24daf19d-107a-4347-805b-4ea4a2f26bd3" />
    <UnitTestResult executionId="e1ed0b8c-874a-4190-af1b-fe194f898d86" testId="910648d0-f58e-b40c-710a-20818471b114" testName="ServerAuthentication_ShouldReturnLegacyWindowsCurrentUser_WhenConstructedUsingWindowsDefault" computerName="DKSR-EFI-04" duration="00:00:00.0001290" startTime="2023-12-22T09:38:32.3580026+01:00" endTime="2023-12-22T09:38:32.3582384+01:00" testType="13cdc9d9-ddb5-4fa4-a97d-d965ccfc6d4b" outcome="Passed" testListId="8c84fa94-04c1-424b-9868-57a2d4851a1d" relativeResultsDirectory="e1ed0b8c-874a-4190-af1b-fe194f898d86" />
    <UnitTestResult executionId="05a87a27-4ba7-49bd-9b26-9302037cf08f" testId="35fdccc0-c07e-b0f5-43ff-b8462db1e66e" testName="MarkerFactory_WhenMipMapItemIsGiven_ShouldReturnNull" computerName="DKSR-EFI-04" duration="00:00:00.0012392" startTime="2023-12-22T09:38:39.2914147+01:00" endTime="2023-12-22T09:38:39.2949687+01:00" testType="13cdc9d9-ddb5-4fa4-a97d-d965ccfc6d4b" outcome="Passed" testListId="8c84fa94-04c1-424b-9868-57a2d4851a1d" relativeResultsDirectory="05a87a27-4ba7-49bd-9b26-9302037cf08f" />
    <UnitTestResult executionId="dadef5cb-80ae-430d-8338-46b8583d4aba" testId="b063cbf8-fbea-b941-bdb6-591483cd4018" testName="CameraItemsLayer_NotIsGeographic_Load_Success" computerName="DKSR-EFI-04" duration="00:00:00.0114126" startTime="2023-12-22T09:39:26.8409766+01:00" endTime="2023-12-22T09:39:26.8525391+01:00" testType="13cdc9d9-ddb5-4fa4-a97d-d965ccfc6d4b" outcome="Passed" testListId="8c84fa94-04c1-424b-9868-57a2d4851a1d" relativeResultsDirectory="dadef5cb-80ae-430d-8338-46b8583d4aba" />
    <UnitTestResult executionId="d46ce48f-92aa-462e-b58f-6622be96caf5" testId="1bcc3d33-eed0-82c1-06ce-172f567f9802" testName="PatrollingProfileViewModelTest_SelectEndPosition_SamePosition" computerName="DKSR-EFI-04" duration="00:00:00.0057177" startTime="2023-12-22T09:39:32.1989658+01:00" endTime="2023-12-22T09:39:32.2048135+01:00" testType="13cdc9d9-ddb5-4fa4-a97d-d965ccfc6d4b" outcome="Passed" testListId="8c84fa94-04c1-424b-9868-57a2d4851a1d" relativeResultsDirectory="d46ce48f-92aa-462e-b58f-6622be96caf5" />
    <UnitTestResult executionId="569e918a-a938-4d14-b198-2a6007f43a29" testId="2aeb0604-7864-ac0e-7483-a1a86a3f6f67" testName="LoadInitialState_ValidState_ReturnsValidState" computerName="DKSR-EFI-04" duration="00:00:00.0027369" startTime="2023-12-22T09:38:41.1299578+01:00" endTime="2023-12-22T09:38:41.1328312+01:00" testType="13cdc9d9-ddb5-4fa4-a97d-d965ccfc6d4b" outcome="Passed" testListId="8c84fa94-04c1-424b-9868-57a2d4851a1d" relativeResultsDirectory="569e918a-a938-4d14-b198-2a6007f43a29" />
    <UnitTestResult executionId="b89262a9-de9f-4eac-94d0-29033f4283a4" testId="ff967a29-b052-9b02-d0d2-90cfa45b8b4f" testName="CreateSearchResultUserControl_AllMappings_Success" computerName="DKSR-EFI-04" duration="00:00:00.0132543" startTime="2023-12-22T09:39:25.6682291+01:00" endTime="2023-12-22T09:39:25.6840060+01:00" testType="13cdc9d9-ddb5-4fa4-a97d-d965ccfc6d4b" outcome="Passed" testListId="8c84fa94-04c1-424b-9868-57a2d4851a1d" relativeResultsDirectory="b89262a9-de9f-4eac-94d0-29033f4283a4" />
    <UnitTestResult executionId="d9e080f7-5047-4523-9c53-6ce30618fc52" testId="eaed56d6-5fe7-43a9-6be3-9e902b595505" testName="TestConstructor_Copy_Success" computerName="DKSR-EFI-04" duration="00:00:00.0003770" startTime="2023-12-22T09:39:28.0271041+01:00" endTime="2023-12-22T09:39:28.0276265+01:00" testType="13cdc9d9-ddb5-4fa4-a97d-d965ccfc6d4b" outcome="Passed" testListId="8c84fa94-04c1-424b-9868-57a2d4851a1d" relativeResultsDirectory="d9e080f7-5047-4523-9c53-6ce30618fc52" />
    <UnitTestResult executionId="e18eb917-80df-439e-b703-df19697c5d7b" testId="de27c998-c190-9d93-e424-7870d21a123c" testName="InputMapItem_ForceActivateAsync_InBuilding_UseLastLevel_Success" computerName="DKSR-EFI-04" duration="00:00:00.0109588" startTime="2023-12-22T09:39:30.7151007+01:00" endTime="2023-12-22T09:39:30.7262344+01:00" testType="13cdc9d9-ddb5-4fa4-a97d-d965ccfc6d4b" outcome="Passed" testListId="8c84fa94-04c1-424b-9868-57a2d4851a1d" relativeResultsDirectory="e18eb917-80df-439e-b703-df19697c5d7b" />
    <UnitTestResult executionId="e0443197-285b-4020-88fd-1b5bf388bbe3" testId="adafff31-7445-4899-a64a-9d78ba6fa82f" testName="DisplayErrorOnNotificationArea_DuplicateResultSearchError_Success" computerName="DKSR-EFI-04" duration="00:00:00.0078175" startTime="2023-12-22T09:39:13.0651723+01:00" endTime="2023-12-22T09:39:13.0731641+01:00" testType="13cdc9d9-ddb5-4fa4-a97d-d965ccfc6d4b" outcome="Passed" testListId="8c84fa94-04c1-424b-9868-57a2d4851a1d" relativeResultsDirectory="e0443197-285b-4020-88fd-1b5bf388bbe3" />
    <UnitTestResult executionId="0f5c1b14-802c-4c14-9659-0e1ebfee6750" testId="1b215d44-dc60-3855-41b7-391caaf25646" testName="PatrollingProfileViewModelTest_Save_UpdateProfile" computerName="DKSR-EFI-04" duration="00:00:00.0027895" startTime="2023-12-22T09:39:32.2173654+01:00" endTime="2023-12-22T09:39:32.2202888+01:00" testType="13cdc9d9-ddb5-4fa4-a97d-d965ccfc6d4b" outcome="Passed" testListId="8c84fa94-04c1-424b-9868-57a2d4851a1d" relativeResultsDirectory="0f5c1b14-802c-4c14-9659-0e1ebfee6750" />
    <UnitTestResult executionId="39e0a97a-45c6-490b-aed2-e33515b6c26e" testId="35b5794f-dc92-a851-4d12-94da292a02d3" testName="ShowAlreadyAddedToast_ShouldShowCorrectNumberOfToasts (1,1)" computerName="DKSR-EFI-04" duration="00:00:00.0013596" startTime="2023-12-22T09:39:33.7993689+01:00" endTime="2023-12-22T09:39:33.8008827+01:00" testType="13cdc9d9-ddb5-4fa4-a97d-d965ccfc6d4b" outcome="Passed" testListId="8c84fa94-04c1-424b-9868-57a2d4851a1d" relativeResultsDirectory="39e0a97a-45c6-490b-aed2-e33515b6c26e" />
    <UnitTestResult executionId="fc73df18-5251-4c0d-8824-e644bd8c4285" testId="95782b76-412a-a409-a816-e93155ca7714" testName="ResultTick_MouseClick_FirstItemSelected" computerName="DKSR-EFI-04" duration="00:00:00.0354017" startTime="2023-12-22T09:39:01.4137964+01:00" endTime="2023-12-22T09:39:01.4518933+01:00" testType="13cdc9d9-ddb5-4fa4-a97d-d965ccfc6d4b" outcome="Passed" testListId="8c84fa94-04c1-424b-9868-57a2d4851a1d" relativeResultsDirectory="fc73df18-5251-4c0d-8824-e644bd8c4285" />
    <UnitTestResult executionId="5050b83c-35b1-42a2-857a-1b5010929546" testId="7b2ce89e-8bf2-0763-c57e-0285adbdcf5c" testName="Constructor_ShouldRaiseArgumentNullException_WhenLayersIsNull" computerName="DKSR-EFI-04" duration="00:00:00.0016849" startTime="2023-12-22T09:39:31.2617872+01:00" endTime="2023-12-22T09:39:31.2637296+01:00" testType="13cdc9d9-ddb5-4fa4-a97d-d965ccfc6d4b" outcome="Passed" testListId="8c84fa94-04c1-424b-9868-57a2d4851a1d" relativeResultsDirectory="5050b83c-35b1-42a2-857a-1b5010929546" />
    <UnitTestResult executionId="4e78acb1-d9f4-4eb0-9d4a-2971ef1908f6" testId="8b87f0b1-f144-8df8-ff9c-dd082dee0789" testName="False" computerName="DKSR-EFI-04" duration="00:00:00.0007659" startTime="2023-12-22T09:39:33.9052940+01:00" endTime="2023-12-22T09:39:33.9081297+01:00" testType="13cdc9d9-ddb5-4fa4-a97d-d965ccfc6d4b" outcome="Passed" testListId="8c84fa94-04c1-424b-9868-57a2d4851a1d" relativeResultsDirectory="4e78acb1-d9f4-4eb0-9d4a-2971ef1908f6" />
    <UnitTestResult executionId="02139ca9-d2ee-4f8b-aff2-fe6173ee2a5e" testId="b504ac94-d24b-65b3-ca37-c7d43c96a4da" testName="PointMapItem_InputWithNoShortName_Success" computerName="DKSR-EFI-04" duration="00:00:00.0226362" startTime="2023-12-22T09:39:30.4706317+01:00" endTime="2023-12-22T09:39:30.4934387+01:00" testType="13cdc9d9-ddb5-4fa4-a97d-d965ccfc6d4b" outcome="Passed" testListId="8c84fa94-04c1-424b-9868-57a2d4851a1d" relativeResultsDirectory="02139ca9-d2ee-4f8b-aff2-fe6173ee2a5e" />
    <UnitTestResult executionId="1ff12955-ec22-41f2-9856-3909e2154921" testId="7864a8c4-a573-3a51-886b-b27b4cabfd5e" testName="BuildEvidenceLockFilterProperties_ShouldReturnCorrectValues (True,1,0,Only me,All)" computerName="DKSR-EFI-04" duration="00:00:00.0008636" startTime="2023-12-22T09:39:38.5456424+01:00" endTime="2023-12-22T09:39:38.5467253+01:00" testType="13cdc9d9-ddb5-4fa4-a97d-d965ccfc6d4b" outcome="Passed" testListId="8c84fa94-04c1-424b-9868-57a2d4851a1d" relativeResultsDirectory="1ff12955-ec22-41f2-9856-3909e2154921" />
    <UnitTestResult executionId="7fa1d854-8430-48da-b017-774ea77cae92" testId="a86403c6-a793-aab2-0ab7-ce467563d7d6" testName="GetCredential_ShouldThrowException_WhenUriIsNull" computerName="DKSR-EFI-04" duration="00:00:00.0005991" startTime="2023-12-22T09:38:32.3416165+01:00" endTime="2023-12-22T09:38:32.3423295+01:00" testType="13cdc9d9-ddb5-4fa4-a97d-d965ccfc6d4b" outcome="Passed" testListId="8c84fa94-04c1-424b-9868-57a2d4851a1d" relativeResultsDirectory="7fa1d854-8430-48da-b017-774ea77cae92" />
    <UnitTestResult executionId="a050b01b-b4ac-4908-86a1-31a60c66f436" testId="1908903c-8778-1771-d8eb-296b41bd1c8a" testName="MarkerFactory_WhenMarkerDoesNotExistForMapItem_ShouldReturnNull" computerName="DKSR-EFI-04" duration="00:00:00.1110954" startTime="2023-12-22T09:38:39.0101107+01:00" endTime="2023-12-22T09:38:39.1237584+01:00" testType="13cdc9d9-ddb5-4fa4-a97d-d965ccfc6d4b" outcome="Passed" testListId="8c84fa94-04c1-424b-9868-57a2d4851a1d" relativeResultsDirectory="a050b01b-b4ac-4908-86a1-31a60c66f436" />
    <UnitTestResult executionId="8994c76b-4ed4-436e-8d4a-946068b17e9c" testId="2a89a08d-dc4f-9b66-c54a-43d74ab324c2" testName="TrySelectAvailableExportNameTest_ShouldReturnValidationResultOk_WhenEverythingIsOk" computerName="DKSR-EFI-04" duration="00:00:00.0004607" startTime="2023-12-22T09:39:34.9329136+01:00" endTime="2023-12-22T09:39:34.9335126+01:00" testType="13cdc9d9-ddb5-4fa4-a97d-d965ccfc6d4b" outcome="Passed" testListId="8c84fa94-04c1-424b-9868-57a2d4851a1d" relativeResultsDirectory="8994c76b-4ed4-436e-8d4a-946068b17e9c" />
    <UnitTestResult executionId="4be4c4d7-92ea-4e90-a6c3-5110eadd5760" testId="d88de873-7cef-0143-495e-05b7d2b41757" testName="ToString_ShouldSuccess_Always" computerName="DKSR-EFI-04" duration="00:00:00.0327792" startTime="2023-12-22T09:39:31.9038659+01:00" endTime="2023-12-22T09:39:31.9368164+01:00" testType="13cdc9d9-ddb5-4fa4-a97d-d965ccfc6d4b" outcome="Passed" testListId="8c84fa94-04c1-424b-9868-57a2d4851a1d" relativeResultsDirectory="4be4c4d7-92ea-4e90-a6c3-5110eadd5760" />
    <UnitTestResult executionId="0c013990-3916-4ddd-88ae-d1141b661fb5" testId="96e8936d-0390-58bc-a96b-c2ae29467c1e" testName="SmartSearchStatusType_ShouldYieldSameValuesForAllEnumValues_WhenRoundTripConverted (SearchInProgress,SearchInProgress)" computerName="DKSR-EFI-04" duration="00:00:00.0000075" startTime="2023-12-22T09:38:29.7571134+01:00" endTime="2023-12-22T09:38:29.7572306+01:00" testType="13cdc9d9-ddb5-4fa4-a97d-d965ccfc6d4b" outcome="Passed" testListId="8c84fa94-04c1-424b-9868-57a2d4851a1d" relativeResultsDirectory="0c013990-3916-4ddd-88ae-d1141b661fb5" />
    <UnitTestResult executionId="f055a1f4-adcb-4157-94ad-ce18426787fa" testId="faa83ec7-f24a-086a-e966-e8c82cf7330a" testName="Detach_ShouldDetachWindowMouseDownEvent_WhenAttachWasCalledPreviously" computerName="DKSR-EFI-04" duration="00:00:00.0015361" startTime="2023-12-22T09:38:33.3327854+01:00" endTime="2023-12-22T09:38:33.3363703+01:00" testType="13cdc9d9-ddb5-4fa4-a97d-d965ccfc6d4b" outcome="Passed" testListId="8c84fa94-04c1-424b-9868-57a2d4851a1d" relativeResultsDirectory="f055a1f4-adcb-4157-94ad-ce18426787fa" />
    <UnitTestResult executionId="bedbf87d-ce2d-452f-83e1-b40178660019" testId="1869091f-40a7-b7a8-b1dc-92bece636d41" testName="ToUnsafeName_SingleSafeName_Success" computerName="DKSR-EFI-04" duration="00:00:00.0001109" startTime="2023-12-22T09:39:38.6214756+01:00" endTime="2023-12-22T09:39:38.6217059+01:00" testType="13cdc9d9-ddb5-4fa4-a97d-d965ccfc6d4b" outcome="Passed" testListId="8c84fa94-04c1-424b-9868-57a2d4851a1d" relativeResultsDirectory="bedbf87d-ce2d-452f-83e1-b40178660019" />
    <UnitTestResult executionId="05e9909d-9342-49e9-ba0f-02e3a23fee2c" testId="c0bd9a37-5d67-88a0-bfcd-3be0c84b2355" testName="SelectTemplate_SliderFilterConfiguration_ReturnsInlineTemplate" computerName="DKSR-EFI-04" duration="00:00:00.0006378" startTime="2023-12-22T09:38:41.2874136+01:00" endTime="2023-12-22T09:38:41.2881787+01:00" testType="13cdc9d9-ddb5-4fa4-a97d-d965ccfc6d4b" outcome="Passed" testListId="8c84fa94-04c1-424b-9868-57a2d4851a1d" relativeResultsDirectory="05e9909d-9342-49e9-ba0f-02e3a23fee2c" />
    <UnitTestResult executionId="f2f8938d-4f43-462c-8745-794e1a7b57ff" testId="ec512750-1b3e-ee37-48da-474be022f3c4" testName="OnMarkerRightClicked_ShouldUseCrossTypeMenuItems_WhenInSetupModeAndMultipleItemsFromDifferentLayersAreSelected" computerName="DKSR-EFI-04" duration="00:00:00.0085323" startTime="2023-12-22T09:38:36.0594586+01:00" endTime="2023-12-22T09:38:36.0704761+01:00" testType="13cdc9d9-ddb5-4fa4-a97d-d965ccfc6d4b" outcome="Passed" testListId="8c84fa94-04c1-424b-9868-57a2d4851a1d" relativeResultsDirectory="f2f8938d-4f43-462c-8745-794e1a7b57ff" />
    <UnitTestResult executionId="fde1fdb1-1369-450e-afff-4e37e5732848" testId="6447c994-5b95-325f-325b-e1016ffa29e1" testName="IconTooltip_ShouldBeValid_WhenInteractionStateIsAddCamera" computerName="DKSR-EFI-04" duration="00:00:00.0010441" startTime="2023-12-22T09:38:34.9122849+01:00" endTime="2023-12-22T09:38:34.9134626+01:00" testType="13cdc9d9-ddb5-4fa4-a97d-d965ccfc6d4b" outcome="Passed" testListId="8c84fa94-04c1-424b-9868-57a2d4851a1d" relativeResultsDirectory="fde1fdb1-1369-450e-afff-4e37e5732848" />
    <UnitTestResult executionId="0827b86d-0ad4-4eeb-8a46-3e2ba8d79fac" testId="a4234a76-75fb-b47f-57a5-6def17414cfd" testName="UpdateScope_AbsoluteScopeDurationToTimeChanged_ReturnsTrue" computerName="DKSR-EFI-04" duration="00:00:00.0002018" startTime="2023-12-22T09:39:14.5441494+01:00" endTime="2023-12-22T09:39:14.5445252+01:00" testType="13cdc9d9-ddb5-4fa4-a97d-d965ccfc6d4b" outcome="Passed" testListId="8c84fa94-04c1-424b-9868-57a2d4851a1d" relativeResultsDirectory="0827b86d-0ad4-4eeb-8a46-3e2ba8d79fac" />
    <UnitTestResult executionId="975f1f72-39b8-49a6-a340-f638b68e3272" testId="3f8e6f27-c942-75f1-d43c-4f4dbc2ed891" testName="TestConstructor_LongLat_Success" computerName="DKSR-EFI-04" duration="00:00:00.0001955" startTime="2023-12-22T09:39:28.0254328+01:00" endTime="2023-12-22T09:39:28.0258752+01:00" testType="13cdc9d9-ddb5-4fa4-a97d-d965ccfc6d4b" outcome="Passed" testListId="8c84fa94-04c1-424b-9868-57a2d4851a1d" relativeResultsDirectory="975f1f72-39b8-49a6-a340-f638b68e3272" />
    <UnitTestResult executionId="7248edc5-a2b6-48db-b65c-f221a21d08e4" testId="ebc58dfd-14b7-49e6-e46a-09a44593433d" testName="CanEditRegionSelection_ShouldBeTrue_WhenHelperAllowsMoreRegionsToBeAdded" computerName="DKSR-EFI-04" duration="00:00:00.0013884" startTime="2023-12-22T09:39:26.2305040+01:00" endTime="2023-12-22T09:39:26.2320361+01:00" testType="13cdc9d9-ddb5-4fa4-a97d-d965ccfc6d4b" outcome="Passed" testListId="8c84fa94-04c1-424b-9868-57a2d4851a1d" relativeResultsDirectory="7248edc5-a2b6-48db-b65c-f221a21d08e4" />
    <UnitTestResult executionId="458da63c-94a6-4a51-b540-8ac6c5939f84" testId="65a9b794-921a-eae9-026a-f733825b3d4a" testName="SearchAction_BrowseMode_30MinutesInTheFuture" computerName="DKSR-EFI-04" duration="00:00:00.0073057" startTime="2023-12-22T09:39:34.2561033+01:00" endTime="2023-12-22T09:39:34.2635617+01:00" testType="13cdc9d9-ddb5-4fa4-a97d-d965ccfc6d4b" outcome="Passed" testListId="8c84fa94-04c1-424b-9868-57a2d4851a1d" relativeResultsDirectory="458da63c-94a6-4a51-b540-8ac6c5939f84" />
    <UnitTestResult executionId="bce0adb0-5be7-4c71-92b1-a73b7715566a" testId="f7f1fade-22dc-b3ee-b4cb-477d416d63d2" testName="LeftButtonDown_SingleClick_DoesNotZoom" computerName="DKSR-EFI-04" duration="00:00:00.0087625" startTime="2023-12-22T09:38:34.9601917+01:00" endTime="2023-12-22T09:38:34.9716443+01:00" testType="13cdc9d9-ddb5-4fa4-a97d-d965ccfc6d4b" outcome="Passed" testListId="8c84fa94-04c1-424b-9868-57a2d4851a1d" relativeResultsDirectory="bce0adb0-5be7-4c71-92b1-a73b7715566a" />
    <UnitTestResult executionId="1fca5293-7033-46da-a7d3-890abd1b63ab" testId="cd8ebcc2-066f-cdc6-6883-57e1205bcf51" testName="OnMarkerRightClicked_ShouldUseCrossTypeMenuItems_WhenNotInSetupModeAndMultipleItemsFromDifferentLayersIncludingAtLeastOneCameraAreSelected" computerName="DKSR-EFI-04" duration="00:00:00.0101233" startTime="2023-12-22T09:38:36.0908563+01:00" endTime="2023-12-22T09:38:36.1035064+01:00" testType="13cdc9d9-ddb5-4fa4-a97d-d965ccfc6d4b" outcome="Passed" testListId="8c84fa94-04c1-424b-9868-57a2d4851a1d" relativeResultsDirectory="1fca5293-7033-46da-a7d3-890abd1b63ab" />
    <UnitTestResult executionId="5db98fe5-bebe-44cd-9def-14926341fb5e" testId="55ff5278-ace4-0f2e-f8ad-9f5f257b511f" testName="GetMapLayerArguments_ShouldReturnIGisMapModel_WhenCalled" computerName="DKSR-EFI-04" duration="00:00:00.0002632" startTime="2023-12-22T09:39:29.0189585+01:00" endTime="2023-12-22T09:39:29.0193475+01:00" testType="13cdc9d9-ddb5-4fa4-a97d-d965ccfc6d4b" outcome="Passed" testListId="8c84fa94-04c1-424b-9868-57a2d4851a1d" relativeResultsDirectory="5db98fe5-bebe-44cd-9def-14926341fb5e" />
    <UnitTestResult executionId="64f73396-7a2d-42a2-b512-97a5ab9dd9da" testId="cfda1da7-2899-4bbe-17b2-c69d57b6f85d" testName="ShowAccessControlSystems_ShouldReturnFalse_WhenNoACSystemsAvailable" computerName="DKSR-EFI-04" duration="00:00:00.0302869" startTime="2023-12-22T09:39:39.7412468+01:00" endTime="2023-12-22T09:39:39.7717943+01:00" testType="13cdc9d9-ddb5-4fa4-a97d-d965ccfc6d4b" outcome="Passed" testListId="8c84fa94-04c1-424b-9868-57a2d4851a1d" relativeResultsDirectory="64f73396-7a2d-42a2-b512-97a5ab9dd9da" />
    <UnitTestResult executionId="4d5a843b-588a-4451-999e-019504a13538" testId="20b83e96-bb0c-eaa7-3f17-8420c76ddd7b" testName="TrySelectAvailableExportNameTest_ShouldReturnValidationResultOk_When2ndDirectoryDoNotExistsIsFalse" computerName="DKSR-EFI-04" duration="00:00:00.0011209" startTime="2023-12-22T09:39:34.9347115+01:00" endTime="2023-12-22T09:39:34.9359994+01:00" testType="13cdc9d9-ddb5-4fa4-a97d-d965ccfc6d4b" outcome="Passed" testListId="8c84fa94-04c1-424b-9868-57a2d4851a1d" relativeResultsDirectory="4d5a843b-588a-4451-999e-019504a13538" />
    <UnitTestResult executionId="edf40bbb-2176-4e2c-8fbd-1e0029ab34bd" testId="c5b82386-ac03-bc8b-608e-5bd976068876" testName="SerializeDeserialize_RoundTripWithValues_Equals" computerName="DKSR-EFI-04" duration="00:00:00.0026421" startTime="2023-12-22T09:39:34.2959966+01:00" endTime="2023-12-22T09:39:34.2987771+01:00" testType="13cdc9d9-ddb5-4fa4-a97d-d965ccfc6d4b" outcome="Passed" testListId="8c84fa94-04c1-424b-9868-57a2d4851a1d" relativeResultsDirectory="edf40bbb-2176-4e2c-8fbd-1e0029ab34bd" />
    <UnitTestResult executionId="04c0af21-4674-4e33-896f-5ddb1a76ea59" testId="86b5c5b9-f5c0-2dad-738f-2d685bd44644" testName="PopulateTooltip_FewResultsFromFewCameras24Hours_ValidText" computerName="DKSR-EFI-04" duration="00:00:00.0615961" startTime="2023-12-22T09:39:07.4176359+01:00" endTime="2023-12-22T09:39:07.4821297+01:00" testType="13cdc9d9-ddb5-4fa4-a97d-d965ccfc6d4b" outcome="Passed" testListId="8c84fa94-04c1-424b-9868-57a2d4851a1d" relativeResultsDirectory="04c0af21-4674-4e33-896f-5ddb1a76ea59" />
    <UnitTestResult executionId="81056ca9-9d20-429d-821c-90a921da789b" testId="addbc64d-1bd3-678f-14d6-6dd2dda6bd02" testName="IsCurrentCenterEqualTo_ShouldReturnTrue_WhenValuesAreEqualWithinGivenPrecision" computerName="DKSR-EFI-04" duration="00:00:00.0053602" startTime="2023-12-22T09:38:36.2068840+01:00" endTime="2023-12-22T09:38:36.2124311+01:00" testType="13cdc9d9-ddb5-4fa4-a97d-d965ccfc6d4b" outcome="Passed" testListId="8c84fa94-04c1-424b-9868-57a2d4851a1d" relativeResultsDirectory="81056ca9-9d20-429d-821c-90a921da789b" />
    <UnitTestResult executionId="f1e4a40c-c004-4b49-9756-aa64a249d313" testId="5175ef0f-a0f9-284b-e221-701056f8c5c0" testName="GetSearchReportDialog_SelectedSearchResults_Null_Failure" computerName="DKSR-EFI-04" duration="00:00:00.0037473" startTime="2023-12-22T09:39:13.2535438+01:00" endTime="2023-12-22T09:39:13.2601830+01:00" testType="13cdc9d9-ddb5-4fa4-a97d-d965ccfc6d4b" outcome="Passed" testListId="8c84fa94-04c1-424b-9868-57a2d4851a1d" relativeResultsDirectory="f1e4a40c-c004-4b49-9756-aa64a249d313" />
    <UnitTestResult executionId="e6e5cbf0-ba1c-4ffa-a285-8485ca15354f" testId="14f3ec32-0fa4-5f7a-4835-a25af4f36100" testName="Ctor_OneBuiltInGroupDefined_OneCompositeAgentAddedAndTwoStandardAgentsAdded" computerName="DKSR-EFI-04" duration="00:00:00.0011619" startTime="2023-12-22T09:39:25.6114898+01:00" endTime="2023-12-22T09:39:25.6127897+01:00" testType="13cdc9d9-ddb5-4fa4-a97d-d965ccfc6d4b" outcome="Passed" testListId="8c84fa94-04c1-424b-9868-57a2d4851a1d" relativeResultsDirectory="e6e5cbf0-ba1c-4ffa-a285-8485ca15354f" />
    <UnitTestResult executionId="29506386-a2dc-4ef7-824a-531ddb7b08d4" testId="45576843-c696-061d-15e3-1a981d4c54b2" testName="SmartMapGoToLocationHandler_WhenDataIsNotSmartMapGoToLocationCommandData_ShouldWriteToLog" computerName="DKSR-EFI-04" duration="00:00:00.0017972" startTime="2023-12-22T09:38:38.6169339+01:00" endTime="2023-12-22T09:38:38.6248241+01:00" testType="13cdc9d9-ddb5-4fa4-a97d-d965ccfc6d4b" outcome="Passed" testListId="8c84fa94-04c1-424b-9868-57a2d4851a1d" relativeResultsDirectory="29506386-a2dc-4ef7-824a-531ddb7b08d4" />
    <UnitTestResult executionId="642266a4-16c1-44a2-b8fc-68ae49d1d71d" testId="a463440b-2916-b6c4-8a71-e3deeca8173f" testName="TestInitializeWorkrooms_OnlySearchWorkroom_Success" computerName="DKSR-EFI-04" duration="00:00:00.0121105" startTime="2023-12-22T09:38:31.9725108+01:00" endTime="2023-12-22T09:38:31.9847796+01:00" testType="13cdc9d9-ddb5-4fa4-a97d-d965ccfc6d4b" outcome="Passed" testListId="8c84fa94-04c1-424b-9868-57a2d4851a1d" relativeResultsDirectory="642266a4-16c1-44a2-b8fc-68ae49d1d71d" />
    <UnitTestResult executionId="d2003e93-186f-4347-aecb-81faa65a3f56" testId="11bc7ddd-0334-e311-f2a7-f381145ec805" testName="CreateGeometry_EmptyPointsCollection_ThrowsArgException" computerName="DKSR-EFI-04" duration="00:00:00.0003497" startTime="2023-12-22T09:39:31.9825452+01:00" endTime="2023-12-22T09:39:31.9830535+01:00" testType="13cdc9d9-ddb5-4fa4-a97d-d965ccfc6d4b" outcome="Passed" testListId="8c84fa94-04c1-424b-9868-57a2d4851a1d" relativeResultsDirectory="d2003e93-186f-4347-aecb-81faa65a3f56" />
    <UnitTestResult executionId="48b1965c-d453-4815-a87e-ad45a828701a" testId="f2392ab0-78ba-8d94-1e9f-3ff53d3d1da4" testName="AddSelectedCameras_AddedUnsorted_Sorted" computerName="DKSR-EFI-04" duration="00:00:00.0091396" startTime="2023-12-22T09:39:12.6580798+01:00" endTime="2023-12-22T09:39:12.6674154+01:00" testType="13cdc9d9-ddb5-4fa4-a97d-d965ccfc6d4b" outcome="Passed" testListId="8c84fa94-04c1-424b-9868-57a2d4851a1d" relativeResultsDirectory="48b1965c-d453-4815-a87e-ad45a828701a" />
    <UnitTestResult executionId="de677610-15b2-432f-8085-4adfb1948a20" testId="e8f3b5b9-78ec-f897-d51a-a5d2a544c215" testName="SupportsDoubleClick_ShouldBeTrue_WhenInteractionStateIsNormalAndInSetupMode" computerName="DKSR-EFI-04" duration="00:00:00.0210601" startTime="2023-12-22T09:38:36.5229450+01:00" endTime="2023-12-22T09:38:36.5467434+01:00" testType="13cdc9d9-ddb5-4fa4-a97d-d965ccfc6d4b" outcome="Passed" testListId="8c84fa94-04c1-424b-9868-57a2d4851a1d" relativeResultsDirectory="de677610-15b2-432f-8085-4adfb1948a20" />
    <UnitTestResult executionId="75c38fb3-bced-4e03-8419-e6b64030fd01" testId="f8f5c82b-0b68-e133-2fe6-a6f0cc722426" testName="Password1 valid, Password 2 invalid, shorter length" computerName="DKSR-EFI-04" duration="00:00:00.0012159" startTime="2023-12-22T09:38:40.9583791+01:00" endTime="2023-12-22T09:38:40.9597866+01:00" testType="13cdc9d9-ddb5-4fa4-a97d-d965ccfc6d4b" outcome="Passed" testListId="8c84fa94-04c1-424b-9868-57a2d4851a1d" relativeResultsDirectory="75c38fb3-bced-4e03-8419-e6b64030fd01" />
    <UnitTestResult executionId="cffdf7df-4e3a-40d7-bae7-38993cfe191e" testId="53c0737c-9e1d-a506-fd7e-f73a88cea37f" testName="Id_ShouldBeSame_WhenSearchResultIdIsIdentical" computerName="DKSR-EFI-04" duration="00:00:00.0004634" startTime="2023-12-22T09:39:14.6096287+01:00" endTime="2023-12-22T09:39:14.6102201+01:00" testType="13cdc9d9-ddb5-4fa4-a97d-d965ccfc6d4b" outcome="Passed" testListId="8c84fa94-04c1-424b-9868-57a2d4851a1d" relativeResultsDirectory="cffdf7df-4e3a-40d7-bae7-38993cfe191e" />
    <UnitTestResult executionId="0547d26f-9d74-4a9c-ade2-aeb52fc8be50" testId="7279d631-5e65-263e-b126-502467fa7c3a" testName="CameraMapItem_Start_AlarmObservable_SetAlarms" computerName="DKSR-EFI-04" duration="00:00:00.0326040" startTime="2023-12-22T09:39:27.4260423+01:00" endTime="2023-12-22T09:39:27.4588514+01:00" testType="13cdc9d9-ddb5-4fa4-a97d-d965ccfc6d4b" outcome="Passed" testListId="8c84fa94-04c1-424b-9868-57a2d4851a1d" relativeResultsDirectory="0547d26f-9d74-4a9c-ade2-aeb52fc8be50" />
    <UnitTestResult executionId="7d5732c8-be92-4e32-82c1-af15afafe620" testId="41ffe1b6-1bbb-2400-999f-02df2a743ad6" testName="Connect_WhenServerAuthenticationIsOAuthSecure_ShouldCreateSecureSchClient" computerName="DKSR-EFI-04" duration="00:00:00.0014050" startTime="2023-12-22T09:38:29.9283830+01:00" endTime="2023-12-22T09:38:29.9299252+01:00" testType="13cdc9d9-ddb5-4fa4-a97d-d965ccfc6d4b" outcome="Passed" testListId="8c84fa94-04c1-424b-9868-57a2d4851a1d" relativeResultsDirectory="7d5732c8-be92-4e32-82c1-af15afafe620" />
    <UnitTestResult executionId="d3dfb6d6-3fa5-4b98-bd7a-814ddd910005" testId="ec15ac28-e259-9e0e-79de-b4c8ed950c52" testName="GetSnapshots_NoImageAvailable_Failure" computerName="DKSR-EFI-04" duration="00:00:00.0120704" startTime="2023-12-22T09:39:13.7126404+01:00" endTime="2023-12-22T09:39:13.7248670+01:00" testType="13cdc9d9-ddb5-4fa4-a97d-d965ccfc6d4b" outcome="Passed" testListId="8c84fa94-04c1-424b-9868-57a2d4851a1d" relativeResultsDirectory="d3dfb6d6-3fa5-4b98-bd7a-814ddd910005" />
    <UnitTestResult executionId="df2de106-58d9-410d-91bf-9d2e1640cac9" testId="fe6f2295-84a6-bdea-0225-d326e31ab62b" testName="CallingAction_Activates_WorkSpaceToolbarPluginInstance_WhenToolbarPluginTypeIsAction" computerName="DKSR-EFI-04" duration="00:00:00.0017762" startTime="2023-12-22T09:39:33.9210741+01:00" endTime="2023-12-22T09:39:33.9249077+01:00" testType="13cdc9d9-ddb5-4fa4-a97d-d965ccfc6d4b" outcome="Passed" testListId="8c84fa94-04c1-424b-9868-57a2d4851a1d" relativeResultsDirectory="df2de106-58d9-410d-91bf-9d2e1640cac9" />
    <UnitTestResult executionId="2d392807-5df5-49b9-a7f4-bf4c6b884f65" testId="195570df-9817-b542-b94a-a76463a05b14" testName="ParseFromName_SecondZero_MinutesNotRoundedUp" computerName="DKSR-EFI-04" duration="00:00:00.0005016" startTime="2023-12-22T09:39:13.7810785+01:00" endTime="2023-12-22T09:39:13.7817232+01:00" testType="13cdc9d9-ddb5-4fa4-a97d-d965ccfc6d4b" outcome="Passed" testListId="8c84fa94-04c1-424b-9868-57a2d4851a1d" relativeResultsDirectory="2d392807-5df5-49b9-a7f4-bf4c6b884f65" />
    <UnitTestResult executionId="373b3b22-8d47-4943-8f02-24d35946a131" testId="12e3f3e5-87cc-94c2-7b91-aad929301ec9" testName="Execute_RemoveCommand_DialogResultReturnsTrue" computerName="DKSR-EFI-04" duration="00:00:00.0006303" startTime="2023-12-22T09:39:33.3078245+01:00" endTime="2023-12-22T09:39:33.3085888+01:00" testType="13cdc9d9-ddb5-4fa4-a97d-d965ccfc6d4b" outcome="Passed" testListId="8c84fa94-04c1-424b-9868-57a2d4851a1d" relativeResultsDirectory="373b3b22-8d47-4943-8f02-24d35946a131" />
    <UnitTestResult executionId="e91180cf-493f-451e-b533-c99c98fa5564" testId="aa8972af-4006-c6fd-4be2-6ab7cf64c83f" testName="CreateCameraListItem_ShouldAddRegionSelectionToFilterValue_WhenNotAlreadyPresent" computerName="DKSR-EFI-04" duration="00:00:00.0021155" startTime="2023-12-22T09:39:26.2385355+01:00" endTime="2023-12-22T09:39:26.2407936+01:00" testType="13cdc9d9-ddb5-4fa4-a97d-d965ccfc6d4b" outcome="Passed" testListId="8c84fa94-04c1-424b-9868-57a2d4851a1d" relativeResultsDirectory="e91180cf-493f-451e-b533-c99c98fa5564" />
    <UnitTestResult executionId="4859274a-5690-43d9-bc13-b44b00dbf1c4" testId="affa63ad-42e7-9452-c5a5-b0d4d8cb39a1" testName="Compare_Ascending_Success" computerName="DKSR-EFI-04" duration="00:00:00.0016683" startTime="2023-12-22T09:39:14.6608442+01:00" endTime="2023-12-22T09:39:14.6626978+01:00" testType="13cdc9d9-ddb5-4fa4-a97d-d965ccfc6d4b" outcome="Passed" testListId="8c84fa94-04c1-424b-9868-57a2d4851a1d" relativeResultsDirectory="4859274a-5690-43d9-bc13-b44b00dbf1c4" />
    <UnitTestResult executionId="56ae97db-df4e-42c0-b3a7-912216756774" testId="4be5efe6-8790-c0c6-bead-44c751febe9d" testName="ResolveBaseResultProperties_ShouldReturnTwoTriggerTimes_WhenTwoTriggerTimesAreWithinBeginEnd" computerName="DKSR-EFI-04" duration="00:00:00.0012834" startTime="2023-12-22T09:39:13.8649673+01:00" endTime="2023-12-22T09:39:13.8663853+01:00" testType="13cdc9d9-ddb5-4fa4-a97d-d965ccfc6d4b" outcome="Passed" testListId="8c84fa94-04c1-424b-9868-57a2d4851a1d" relativeResultsDirectory="56ae97db-df4e-42c0-b3a7-912216756774" />
    <UnitTestResult executionId="aad0bdfc-8540-462f-a2bb-c11bbb83194a" testId="ac8d1b70-d786-34c4-5f08-7e56322f2a79" testName="LanguageOptionsData_NullsIgnored_Success" computerName="DKSR-EFI-04" duration="00:00:00.0003891" startTime="2023-12-22T09:39:32.3310173+01:00" endTime="2023-12-22T09:39:32.3316240+01:00" testType="13cdc9d9-ddb5-4fa4-a97d-d965ccfc6d4b" outcome="Passed" testListId="8c84fa94-04c1-424b-9868-57a2d4851a1d" relativeResultsDirectory="aad0bdfc-8540-462f-a2bb-c11bbb83194a" />
    <UnitTestResult executionId="05753c9a-9c49-4c0d-a418-ecb8995068ac" testId="135e5704-6a7d-41be-b6f0-09a10aa88b3e" testName="FocusedSearchResultChanged_MapControlDisposed_CallIgnored" computerName="DKSR-EFI-04" duration="00:00:00.0069102" startTime="2023-12-22T09:39:10.0677126+01:00" endTime="2023-12-22T09:39:10.0768911+01:00" testType="13cdc9d9-ddb5-4fa4-a97d-d965ccfc6d4b" outcome="Passed" testListId="8c84fa94-04c1-424b-9868-57a2d4851a1d" relativeResultsDirectory="05753c9a-9c49-4c0d-a418-ecb8995068ac" />
    <UnitTestResult executionId="2ce440be-77b7-4372-b16c-28d2671612f8" testId="81ad0f4d-94e1-c01b-9944-7761641e9301" testName="AddToExportTuples_ShouldReturnCorrectResult (5,5,5)" computerName="DKSR-EFI-04" duration="00:00:00.0141391" startTime="2023-12-22T09:39:33.6246395+01:00" endTime="2023-12-22T09:39:33.6389697+01:00" testType="13cdc9d9-ddb5-4fa4-a97d-d965ccfc6d4b" outcome="Passed" testListId="8c84fa94-04c1-424b-9868-57a2d4851a1d" relativeResultsDirectory="2ce440be-77b7-4372-b16c-28d2671612f8" />
    <UnitTestResult executionId="d0f313ff-971c-43cd-8e23-462e8fd35b13" testId="af2fff69-ede4-2bff-61e9-6a132589f2de" testName="ComparerSet_SameValue_NoEventFired" computerName="DKSR-EFI-04" duration="00:00:00.0148048" startTime="2023-12-22T09:39:14.4553298+01:00" endTime="2023-12-22T09:39:14.4704620+01:00" testType="13cdc9d9-ddb5-4fa4-a97d-d965ccfc6d4b" outcome="Passed" testListId="8c84fa94-04c1-424b-9868-57a2d4851a1d" relativeResultsDirectory="d0f313ff-971c-43cd-8e23-462e8fd35b13" />
    <UnitTestResult executionId="b634ea04-9b81-4edb-82f5-098177af1702" testId="8ffeda3d-e799-7be5-92e9-cd0ffd88ed12" testName="TestKeepInMemory_Success" computerName="DKSR-EFI-04" duration="00:00:00.0001287" startTime="2023-12-22T09:39:38.3686517+01:00" endTime="2023-12-22T09:39:38.3689017+01:00" testType="13cdc9d9-ddb5-4fa4-a97d-d965ccfc6d4b" outcome="Passed" testListId="8c84fa94-04c1-424b-9868-57a2d4851a1d" relativeResultsDirectory="b634ea04-9b81-4edb-82f5-098177af1702" />
    <UnitTestResult executionId="5a591f8a-9d20-46ec-a360-3e302cff8723" testId="a29ab1db-8305-8d4c-4b34-cf235b407b90" testName="TestHasCapapability_GreaterThan_Success" computerName="DKSR-EFI-04" duration="00:00:00.0001406" startTime="2023-12-22T09:39:31.4719323+01:00" endTime="2023-12-22T09:39:31.4721876+01:00" testType="13cdc9d9-ddb5-4fa4-a97d-d965ccfc6d4b" outcome="Passed" testListId="8c84fa94-04c1-424b-9868-57a2d4851a1d" relativeResultsDirectory="5a591f8a-9d20-46ec-a360-3e302cff8723" />
    <UnitTestResult executionId="add26ac4-f9b0-4738-bae0-0446278833be" testId="dbcd5ac4-1055-621c-a685-f7e5c606ee46" testName="Initialize_ShouldNotHaveAnyCameras_WhenInitializedWithEmptyScope" computerName="DKSR-EFI-04" duration="00:00:00.0192663" startTime="2023-12-22T09:39:26.1963968+01:00" endTime="2023-12-22T09:39:26.2159340+01:00" testType="13cdc9d9-ddb5-4fa4-a97d-d965ccfc6d4b" outcome="Passed" testListId="8c84fa94-04c1-424b-9868-57a2d4851a1d" relativeResultsDirectory="add26ac4-f9b0-4738-bae0-0446278833be" />
    <UnitTestResult executionId="a57a9d2a-6772-4454-9782-467461cf395d" testId="e788a2d0-4486-022b-835a-f533cc3033d2" testName="DeviceIcons_ShouldBeCached_WhenCalled" computerName="DKSR-EFI-04" duration="00:00:00.0001489" startTime="2023-12-22T09:39:29.0799003+01:00" endTime="2023-12-22T09:39:29.0801741+01:00" testType="13cdc9d9-ddb5-4fa4-a97d-d965ccfc6d4b" outcome="Passed" testListId="8c84fa94-04c1-424b-9868-57a2d4851a1d" relativeResultsDirectory="a57a9d2a-6772-4454-9782-467461cf395d" />
    <UnitTestResult executionId="31f6ffbf-0f27-4b97-b687-12f706d88fc5" testId="ea5a4ea7-1d9c-b14b-b54d-c59f326749f2" testName="TestSwitchWorkroom_UnknownWorkroom_Refuse" computerName="DKSR-EFI-04" duration="00:00:00.0092293" startTime="2023-12-22T09:38:32.0003758+01:00" endTime="2023-12-22T09:38:32.0097558+01:00" testType="13cdc9d9-ddb5-4fa4-a97d-d965ccfc6d4b" outcome="Passed" testListId="8c84fa94-04c1-424b-9868-57a2d4851a1d" relativeResultsDirectory="31f6ffbf-0f27-4b97-b687-12f706d88fc5" />
    <UnitTestResult executionId="3fcc4cc4-fc0a-4206-9869-5418a223da21" testId="4ded814a-816b-915a-dcce-433d1dc05ab0" testName="PtzSessionControllerInfo_UserChangedTest_Different_CameraId" computerName="DKSR-EFI-04" duration="00:00:00.0002068" startTime="2023-12-22T09:38:32.1872552+01:00" endTime="2023-12-22T09:38:32.1875922+01:00" testType="13cdc9d9-ddb5-4fa4-a97d-d965ccfc6d4b" outcome="Passed" testListId="8c84fa94-04c1-424b-9868-57a2d4851a1d" relativeResultsDirectory="3fcc4cc4-fc0a-4206-9869-5418a223da21" />
    <UnitTestResult executionId="68913374-0b27-4891-bcb8-b16371d1adcf" testId="f84b750e-f7b1-dfa1-6239-ac206a9e1008" testName="GetDomain_ShouldReturnEmptyDomainPartOfNetworkCredentials_WhenNetworkCredentialsContainsNoDomain" computerName="DKSR-EFI-04" duration="00:00:00.0001496" startTime="2023-12-22T09:38:32.3537119+01:00" endTime="2023-12-22T09:38:32.3539779+01:00" testType="13cdc9d9-ddb5-4fa4-a97d-d965ccfc6d4b" outcome="Passed" testListId="8c84fa94-04c1-424b-9868-57a2d4851a1d" relativeResultsDirectory="68913374-0b27-4891-bcb8-b16371d1adcf" />
    <UnitTestResult executionId="40ae6b08-4ed8-4f5e-b75c-55cfd1356974" testId="ece9c0c6-7f24-79de-902b-ae084a6701cb" testName="LoadBoundingShapes_RectangleShapeWithNegativeHeight_NotAddedToUI" computerName="DKSR-EFI-04" duration="00:00:00.0127161" startTime="2023-12-22T09:39:25.9509599+01:00" endTime="2023-12-22T09:39:25.9661139+01:00" testType="13cdc9d9-ddb5-4fa4-a97d-d965ccfc6d4b" outcome="Passed" testListId="8c84fa94-04c1-424b-9868-57a2d4851a1d" relativeResultsDirectory="40ae6b08-4ed8-4f5e-b75c-55cfd1356974" />
    <UnitTestResult executionId="60de9695-93ea-4e0f-ac7a-f60b2ca55ee9" testId="65cfed84-d8b7-91f1-c7b3-2b30cf50cfed" testName="Deserialize_MissingScopeDurationAndFromToValues_DefaultsToTwoHours" computerName="DKSR-EFI-04" duration="00:00:00.0037445" startTime="2023-12-22T09:39:14.4400870+01:00" endTime="2023-12-22T09:39:14.4439723+01:00" testType="13cdc9d9-ddb5-4fa4-a97d-d965ccfc6d4b" outcome="Passed" testListId="8c84fa94-04c1-424b-9868-57a2d4851a1d" relativeResultsDirectory="60de9695-93ea-4e0f-ac7a-f60b2ca55ee9" />
    <UnitTestResult executionId="3d4d8b2b-6237-41c5-bf1d-9070143f5cc5" testId="013b26f2-09bd-8917-4b17-0706864d4c14" testName="HandleSetLayerFeatures_ShouldUpdateOutputLayerFeatures_WhenOutputKindAndOutputLayerFeatures" computerName="DKSR-EFI-04" duration="00:00:00.0013338" startTime="2023-12-22T09:39:31.3068893+01:00" endTime="2023-12-22T09:39:31.3083562+01:00" testType="13cdc9d9-ddb5-4fa4-a97d-d965ccfc6d4b" outcome="Passed" testListId="8c84fa94-04c1-424b-9868-57a2d4851a1d" relativeResultsDirectory="3d4d8b2b-6237-41c5-bf1d-9070143f5cc5" />
    <UnitTestResult executionId="2d2464ce-48df-45e0-a86f-1b71adbc72ad" testId="18ef78f3-1eb2-cc48-74e1-3d0d69ec27f2" testName="LoadStateFrom_OrderResultsBy_Success" computerName="DKSR-EFI-04" duration="00:00:00.0060700" startTime="2023-12-22T09:39:11.5322811+01:00" endTime="2023-12-22T09:39:11.5384871+01:00" testType="13cdc9d9-ddb5-4fa4-a97d-d965ccfc6d4b" outcome="Passed" testListId="8c84fa94-04c1-424b-9868-57a2d4851a1d" relativeResultsDirectory="2d2464ce-48df-45e0-a86f-1b71adbc72ad" />
    <UnitTestResult executionId="516e2bbf-acdf-4839-860f-ff2432316a3d" testId="84f87709-ca75-b015-fe61-63a08c2421fb" testName="PatrollingPresetViewModel_Constructor_ArgumentNull" computerName="DKSR-EFI-04" duration="00:00:00.0001621" startTime="2023-12-22T09:39:32.0816512+01:00" endTime="2023-12-22T09:39:32.0819509+01:00" testType="13cdc9d9-ddb5-4fa4-a97d-d965ccfc6d4b" outcome="Passed" testListId="8c84fa94-04c1-424b-9868-57a2d4851a1d" relativeResultsDirectory="516e2bbf-acdf-4839-860f-ff2432316a3d" />
    <UnitTestResult executionId="3066e630-f7db-45c8-ab21-ba5a7eeee02d" testId="b9c24147-fbc0-a069-bdd6-759f76e4ceca" testName="GisMapModel_AddBuilding_Success" computerName="DKSR-EFI-04" duration="00:00:00.1140509" startTime="2023-12-22T09:39:27.0422882+01:00" endTime="2023-12-22T09:39:27.1565191+01:00" testType="13cdc9d9-ddb5-4fa4-a97d-d965ccfc6d4b" outcome="Passed" testListId="8c84fa94-04c1-424b-9868-57a2d4851a1d" relativeResultsDirectory="3066e630-f7db-45c8-ab21-ba5a7eeee02d">
      <Output>
        <StdOut>Debug Trace:&#xD;
 &gt;&gt;&gt; ERROR: System.NotImplementedException: The method or operation is not implemented.&#xD;
   at VideoOS.RemoteClient.GisMapData.Repositories.Test.BuildingsDataTestClient.GetLevelsByBuildingAsync(GetLevelsByBuildingParams parameters) in D:\actions-runner\_work\XPCO\XPCO\SC\Components\dotNet\VideoOS.RemoteClient.GisMapData\Repositories\Test\BuildingsDataTestClient.cs:line 142&#xD;
   at VideoOS.RemoteClient.GisMapData.MapBuildings.MapBuilding.LoadLevelsAsync(UIContext context, MapLevelData[] levelsData) in D:\actions-runner\_work\XPCO\XPCO\SC\Components\dotNet\VideoOS.RemoteClient.GisMapData\MapBuildings\MapBuilding.cs:line 444&#xD;
 &gt;&gt;&gt; Stack:    at VideoOS.RemoteClient.GisMapData.Repositories.Test.BuildingsDataTestClient.GetLevelsByBuildingAsync(GetLevelsByBuildingParams parameters) in D:\actions-runner\_work\XPCO\XPCO\SC\Components\dotNet\VideoOS.RemoteClient.GisMapData\Repositories\Test\BuildingsDataTestClient.cs:line 142&#xD;    at VideoOS.RemoteClient.GisMapData.MapBuildings.MapBuilding.LoadLevelsAsync(UIContext context, MapLevelData[] levelsData) in D:\actions-runner\_work\XPCO\XPCO\SC\Components\dotNet\VideoOS.RemoteClient.GisMapData\MapBuildings\MapBuilding.cs:line 444</StdOut>
      </Output>
    </UnitTestResult>
    <UnitTestResult executionId="ebed628b-7048-4c87-8dc5-5ad9b11ea2fb" testId="13877fd5-e79d-3ae7-6015-10213c2263cb" testName="TestLoadSave_WithUnknownMapItems_Success" computerName="DKSR-EFI-04" duration="00:00:00.0199294" startTime="2023-12-22T09:39:31.2246223+01:00" endTime="2023-12-22T09:39:31.2447349+01:00" testType="13cdc9d9-ddb5-4fa4-a97d-d965ccfc6d4b" outcome="Passed" testListId="8c84fa94-04c1-424b-9868-57a2d4851a1d" relativeResultsDirectory="ebed628b-7048-4c87-8dc5-5ad9b11ea2fb" />
    <UnitTestResult executionId="1894a625-515e-4644-81d1-ba5530e6ad58" testId="9cc6be48-d93e-7fa9-ac2d-151cc03c3ec0" testName="Compare_Descending_Success" computerName="DKSR-EFI-04" duration="00:00:00.0004452" startTime="2023-12-22T09:39:14.6645600+01:00" endTime="2023-12-22T09:39:14.6651965+01:00" testType="13cdc9d9-ddb5-4fa4-a97d-d965ccfc6d4b" outcome="Passed" testListId="8c84fa94-04c1-424b-9868-57a2d4851a1d" relativeResultsDirectory="1894a625-515e-4644-81d1-ba5530e6ad58" />
    <UnitTestResult executionId="ee108039-f963-4f18-b251-aff9359e3ee0" testId="f1e0caf2-26c1-7e52-0baf-d74ce88aa74e" testName="Unrelated_devices_removed_when_unrelated_camera_added" computerName="DKSR-EFI-04" duration="00:00:00.0018395" startTime="2023-12-22T09:39:39.4780115+01:00" endTime="2023-12-22T09:39:39.4799750+01:00" testType="13cdc9d9-ddb5-4fa4-a97d-d965ccfc6d4b" outcome="Passed" testListId="8c84fa94-04c1-424b-9868-57a2d4851a1d" relativeResultsDirectory="ee108039-f963-4f18-b251-aff9359e3ee0" />
    <UnitTestResult executionId="7cb8da2e-7075-4611-8c2b-04d373b82791" testId="e5d0a93d-5262-e4d0-5f45-ee6b0db6945d" testName="Dispose_ShouldReleaseResources_WhenCalled" computerName="DKSR-EFI-04" duration="00:00:00.0181135" startTime="2023-12-22T09:38:33.9367684+01:00" endTime="2023-12-22T09:38:33.9575472+01:00" testType="13cdc9d9-ddb5-4fa4-a97d-d965ccfc6d4b" outcome="Passed" testListId="8c84fa94-04c1-424b-9868-57a2d4851a1d" relativeResultsDirectory="7cb8da2e-7075-4611-8c2b-04d373b82791" />
    <UnitTestResult executionId="328087bf-d372-469c-9ebc-339b41754810" testId="834cde2d-9602-045a-ea86-c849382faa06" testName="ResolveBaseResultProperties_ShouldOnlyReturnASingleTriggerTime_WhenThreeOutOfFourTriggerTimesAreOutsideBeginEnd" computerName="DKSR-EFI-04" duration="00:00:00.0014275" startTime="2023-12-22T09:39:13.8676432+01:00" endTime="2023-12-22T09:39:13.8692130+01:00" testType="13cdc9d9-ddb5-4fa4-a97d-d965ccfc6d4b" outcome="Passed" testListId="8c84fa94-04c1-424b-9868-57a2d4851a1d" relativeResultsDirectory="328087bf-d372-469c-9ebc-339b41754810" />
    <UnitTestResult executionId="a8ac5e9c-810c-4785-8c62-bd0e030dcd2d" testId="e28ccd3c-119e-ea01-443c-a177bc7fcafe" testName="OnMarkerSelected_ShouldDeselectAndReselectMarker_WhenSingleSelectionAndAlreadySelected" computerName="DKSR-EFI-04" duration="00:00:00.0030803" startTime="2023-12-22T09:38:36.1730023+01:00" endTime="2023-12-22T09:38:36.1782753+01:00" testType="13cdc9d9-ddb5-4fa4-a97d-d965ccfc6d4b" outcome="Passed" testListId="8c84fa94-04c1-424b-9868-57a2d4851a1d" relativeResultsDirectory="a8ac5e9c-810c-4785-8c62-bd0e030dcd2d" />
    <UnitTestResult executionId="f38e50c1-c7aa-448d-9a82-352b6b625da6" testId="b228f7b3-2a35-5ed1-38ba-c95d5b6752e4" testName="FocusedSearchResultChanged_CameraOnMap_CameraMapLevelFeaturesSavedAndRestored" computerName="DKSR-EFI-04" duration="00:00:00.0126509" startTime="2023-12-22T09:39:10.0773917+01:00" endTime="2023-12-22T09:39:10.0923149+01:00" testType="13cdc9d9-ddb5-4fa4-a97d-d965ccfc6d4b" outcome="Passed" testListId="8c84fa94-04c1-424b-9868-57a2d4851a1d" relativeResultsDirectory="f38e50c1-c7aa-448d-9a82-352b6b625da6" />
    <UnitTestResult executionId="02db2a7d-f2a0-4004-a820-7d5ab8a61671" testId="d2a9174b-0e8a-f538-f842-cd59e66f5936" testName="GetLayerFeatures_ShouldNotThrow_WhenLayersCollectionIsEmpty" computerName="DKSR-EFI-04" duration="00:00:00.0004824" startTime="2023-12-22T09:39:31.3800937+01:00" endTime="2023-12-22T09:39:31.3807168+01:00" testType="13cdc9d9-ddb5-4fa4-a97d-d965ccfc6d4b" outcome="Passed" testListId="8c84fa94-04c1-424b-9868-57a2d4851a1d" relativeResultsDirectory="02db2a7d-f2a0-4004-a820-7d5ab8a61671" />
    <UnitTestResult executionId="b8d90427-78d7-4847-b4eb-e9140b12f8a9" testId="e0ddb94a-4c42-ee26-7803-7c8bb915b98c" testName="CreateExportDialog_CanCreateExport_WhenOnlyExportToOpticsAndInvalidExportPath" computerName="DKSR-EFI-04" duration="00:00:00.0086381" startTime="2023-12-22T09:38:40.1507392+01:00" endTime="2023-12-22T09:38:40.1595212+01:00" testType="13cdc9d9-ddb5-4fa4-a97d-d965ccfc6d4b" outcome="Passed" testListId="8c84fa94-04c1-424b-9868-57a2d4851a1d" relativeResultsDirectory="b8d90427-78d7-4847-b4eb-e9140b12f8a9" />
    <UnitTestResult executionId="9106e465-bbb3-443e-8fc5-cb32b5a03b1d" testId="0d43d95c-82c9-c386-cdd6-8d869ea0afd9" testName="PatrollingPresetViewModel_Constructor_2_Success" computerName="DKSR-EFI-04" duration="00:00:00.0077323" startTime="2023-12-22T09:39:32.0732922+01:00" endTime="2023-12-22T09:39:32.0811621+01:00" testType="13cdc9d9-ddb5-4fa4-a97d-d965ccfc6d4b" outcome="Passed" testListId="8c84fa94-04c1-424b-9868-57a2d4851a1d" relativeResultsDirectory="9106e465-bbb3-443e-8fc5-cb32b5a03b1d" />
    <UnitTestResult executionId="27101cc7-71ee-4f6a-a6d1-1cc33a5f114a" testId="57e42158-c478-d557-913f-3f7cb2a55e4f" testName="Dispose_ShouldDetachOnUpdateMutedMicrophonesRaised_WhenCalled" computerName="DKSR-EFI-04" duration="00:00:00.0118870" startTime="2023-12-22T09:39:29.4722296+01:00" endTime="2023-12-22T09:39:29.4865286+01:00" testType="13cdc9d9-ddb5-4fa4-a97d-d965ccfc6d4b" outcome="Passed" testListId="8c84fa94-04c1-424b-9868-57a2d4851a1d" relativeResultsDirectory="27101cc7-71ee-4f6a-a6d1-1cc33a5f114a" />
    <UnitTestResult executionId="cae6fb19-e975-455e-9cef-6b0407607fb3" testId="293008c2-9745-d477-0bc6-1ddbf5e8b276" testName="ToTimeScope_YesterdayInDST_Success" computerName="DKSR-EFI-04" duration="00:00:00.0037151" startTime="2023-12-22T09:39:13.9674705+01:00" endTime="2023-12-22T09:39:13.9713141+01:00" testType="13cdc9d9-ddb5-4fa4-a97d-d965ccfc6d4b" outcome="Passed" testListId="8c84fa94-04c1-424b-9868-57a2d4851a1d" relativeResultsDirectory="cae6fb19-e975-455e-9cef-6b0407607fb3" />
    <UnitTestResult executionId="0de6e436-49e1-4ed7-ba8d-0352de186910" testId="55b69ff1-41fd-5c44-e2a8-b279d7828993" testName="TestMethod1" computerName="DKSR-EFI-04" duration="00:00:00.0048454" startTime="2023-12-22T09:39:26.7845165+01:00" endTime="2023-12-22T09:39:26.7895953+01:00" testType="13cdc9d9-ddb5-4fa4-a97d-d965ccfc6d4b" outcome="Passed" testListId="8c84fa94-04c1-424b-9868-57a2d4851a1d" relativeResultsDirectory="0de6e436-49e1-4ed7-ba8d-0352de186910" />
    <UnitTestResult executionId="7000348a-f462-4ccd-a667-1bd1ed378575" testId="574bf290-6995-ff93-7ee5-b70a6ace7d84" testName="Compare_SameBeginTimeDeterministicBehavior_HashCode_Success" computerName="DKSR-EFI-04" duration="00:00:00.0011285" startTime="2023-12-22T09:39:14.6342246+01:00" endTime="2023-12-22T09:39:14.6354920+01:00" testType="13cdc9d9-ddb5-4fa4-a97d-d965ccfc6d4b" outcome="Passed" testListId="8c84fa94-04c1-424b-9868-57a2d4851a1d" relativeResultsDirectory="7000348a-f462-4ccd-a667-1bd1ed378575" />
    <UnitTestResult executionId="ef622f14-0924-428c-a3fe-12ccab0a134e" testId="62414311-f47b-f1ac-7284-9bb4f606ff0e" testName="LoadBoundingShapes_ManyVariants_LeastPossiblePathsAddedToUI" computerName="DKSR-EFI-04" duration="00:00:00.0348698" startTime="2023-12-22T09:39:26.0085291+01:00" endTime="2023-12-22T09:39:26.0460749+01:00" testType="13cdc9d9-ddb5-4fa4-a97d-d965ccfc6d4b" outcome="Passed" testListId="8c84fa94-04c1-424b-9868-57a2d4851a1d" relativeResultsDirectory="ef622f14-0924-428c-a3fe-12ccab0a134e" />
    <UnitTestResult executionId="b6455fda-a6ac-4bdb-bdd4-efdae691eb73" testId="61c2e857-2ecc-1265-1a6e-d3f3e6eddf31" testName="PatrollingProfileViewModelTest_Save_CreateProfile" computerName="DKSR-EFI-04" duration="00:00:00.0050062" startTime="2023-12-22T09:39:32.2077887+01:00" endTime="2023-12-22T09:39:32.2129338+01:00" testType="13cdc9d9-ddb5-4fa4-a97d-d965ccfc6d4b" outcome="Passed" testListId="8c84fa94-04c1-424b-9868-57a2d4851a1d" relativeResultsDirectory="b6455fda-a6ac-4bdb-bdd4-efdae691eb73" />
    <UnitTestResult executionId="dcd75be0-b6d1-4a0a-a0ee-1982d10254b9" testId="14084b93-5aba-08b1-aca1-53c6d97f4819" testName="DeserializeEmptyState_Fail" computerName="DKSR-EFI-04" duration="00:00:00.0000995" startTime="2023-12-22T09:39:39.8379875+01:00" endTime="2023-12-22T09:39:39.8382123+01:00" testType="13cdc9d9-ddb5-4fa4-a97d-d965ccfc6d4b" outcome="Passed" testListId="8c84fa94-04c1-424b-9868-57a2d4851a1d" relativeResultsDirectory="dcd75be0-b6d1-4a0a-a0ee-1982d10254b9" />
    <UnitTestResult executionId="a46e3c0f-0e08-4435-995d-3a9985055019" testId="08f82558-d98c-02af-8d5e-3581c5e98c4c" testName="LoadSearchTemplate_ActiveToSameActive_NoUpdateAndEvent" computerName="DKSR-EFI-04" duration="00:00:00.0004315" startTime="2023-12-22T09:39:13.8914662+01:00" endTime="2023-12-22T09:39:13.8920367+01:00" testType="13cdc9d9-ddb5-4fa4-a97d-d965ccfc6d4b" outcome="Passed" testListId="8c84fa94-04c1-424b-9868-57a2d4851a1d" relativeResultsDirectory="a46e3c0f-0e08-4435-995d-3a9985055019" />
    <UnitTestResult executionId="f2996a76-7858-416e-9181-267ee8e198c8" testId="4ccdfeb9-004d-3fe2-5c2e-c79ef1dd5941" testName="CreateCameraListItem_ShouldCreateNotEnabledCamera_WhenEnabledParameterIsFalse" computerName="DKSR-EFI-04" duration="00:00:00.0002884" startTime="2023-12-22T09:39:26.2639117+01:00" endTime="2023-12-22T09:39:26.2643387+01:00" testType="13cdc9d9-ddb5-4fa4-a97d-d965ccfc6d4b" outcome="Passed" testListId="8c84fa94-04c1-424b-9868-57a2d4851a1d" relativeResultsDirectory="f2996a76-7858-416e-9181-267ee8e198c8" />
    <UnitTestResult executionId="55b93483-db29-4aea-8570-acb0fa15a7e9" testId="962aa215-0703-be2d-ae49-5fe79d594412" testName="Deserialize_NothingToDeserialize_Success" computerName="DKSR-EFI-04" duration="00:00:00.0007288" startTime="2023-12-22T09:39:14.7155462+01:00" endTime="2023-12-22T09:39:14.7164125+01:00" testType="13cdc9d9-ddb5-4fa4-a97d-d965ccfc6d4b" outcome="Passed" testListId="8c84fa94-04c1-424b-9868-57a2d4851a1d" relativeResultsDirectory="55b93483-db29-4aea-8570-acb0fa15a7e9" />
    <UnitTestResult executionId="648cd2c1-2daf-46a1-930a-9527235c0fa0" testId="f7312006-b3af-0869-4d9b-ec9b8e868889" testName="Ctor_NullArgument_Throws" computerName="DKSR-EFI-04" duration="00:00:00.0012993" startTime="2023-12-22T09:39:10.3090239+01:00" endTime="2023-12-22T09:39:10.3105648+01:00" testType="13cdc9d9-ddb5-4fa4-a97d-d965ccfc6d4b" outcome="Passed" testListId="8c84fa94-04c1-424b-9868-57a2d4851a1d" relativeResultsDirectory="648cd2c1-2daf-46a1-930a-9527235c0fa0" />
    <UnitTestResult executionId="69aa326d-051d-4512-84c0-134095a166ae" testId="7e66b483-7a2b-eb7e-b3f4-08fdb2d87edb" testName="SaveSearchTemplateAsync_ActiveAndSaveFails_Success" computerName="DKSR-EFI-04" duration="00:00:00.0039979" startTime="2023-12-22T09:39:13.9037647+01:00" endTime="2023-12-22T09:39:13.9079057+01:00" testType="13cdc9d9-ddb5-4fa4-a97d-d965ccfc6d4b" outcome="Passed" testListId="8c84fa94-04c1-424b-9868-57a2d4851a1d" relativeResultsDirectory="69aa326d-051d-4512-84c0-134095a166ae" />
    <UnitTestResult executionId="c1da0def-58d1-4dd2-83af-8c49a6457e6c" testId="ec2e4d78-7e33-854f-807c-b8709b69648c" testName="Valid password" computerName="DKSR-EFI-04" duration="00:00:00.0001376" startTime="2023-12-22T09:38:40.9667232+01:00" endTime="2023-12-22T09:38:40.9670866+01:00" testType="13cdc9d9-ddb5-4fa4-a97d-d965ccfc6d4b" outcome="Passed" testListId="8c84fa94-04c1-424b-9868-57a2d4851a1d" relativeResultsDirectory="c1da0def-58d1-4dd2-83af-8c49a6457e6c" />
    <UnitTestResult executionId="81d412a6-3c17-4135-9242-1ef14e6b1daf" testId="45e90a7e-78c2-d92a-c93a-505afc46f1ab" testName="OnLoaded_NoUserControl_Success" computerName="DKSR-EFI-04" duration="00:00:00.0400117" startTime="2023-12-22T09:38:42.8005507+01:00" endTime="2023-12-22T09:38:42.8431803+01:00" testType="13cdc9d9-ddb5-4fa4-a97d-d965ccfc6d4b" outcome="Passed" testListId="8c84fa94-04c1-424b-9868-57a2d4851a1d" relativeResultsDirectory="81d412a6-3c17-4135-9242-1ef14e6b1daf" />
    <UnitTestResult executionId="87390260-15a4-4e22-a2fd-101d8488949e" testId="05cdc091-f2e6-9c3b-1f81-118e480d95e3" testName="Deserialize_ScopeItemsOnly_Success" computerName="DKSR-EFI-04" duration="00:00:00.0013577" startTime="2023-12-22T09:39:14.7210716+01:00" endTime="2023-12-22T09:39:14.7226049+01:00" testType="13cdc9d9-ddb5-4fa4-a97d-d965ccfc6d4b" outcome="Passed" testListId="8c84fa94-04c1-424b-9868-57a2d4851a1d" relativeResultsDirectory="87390260-15a4-4e22-a2fd-101d8488949e" />
    <UnitTestResult executionId="9a477e2e-581a-48ba-90ec-a2b8b3bb6b9e" testId="d9e596ab-93a9-7684-fb6f-71e1dbbc0c03" testName="Compare_ShouldBeDeterministic_WhenOnlyIdOfResultsDiffer" computerName="DKSR-EFI-04" duration="00:00:00.0063015" startTime="2023-12-22T09:39:14.6477746+01:00" endTime="2023-12-22T09:39:14.6542298+01:00" testType="13cdc9d9-ddb5-4fa4-a97d-d965ccfc6d4b" outcome="Passed" testListId="8c84fa94-04c1-424b-9868-57a2d4851a1d" relativeResultsDirectory="9a477e2e-581a-48ba-90ec-a2b8b3bb6b9e" />
    <UnitTestResult executionId="fdad3612-22a5-441c-ada9-257ddd1a10ae" testId="5038381c-1ef8-8dbb-06ed-8a9f21662b0a" testName="Clear_EventFired" computerName="DKSR-EFI-04" duration="00:00:00.0075109" startTime="2023-12-22T09:39:14.4875843+01:00" endTime="2023-12-22T09:39:14.4952421+01:00" testType="13cdc9d9-ddb5-4fa4-a97d-d965ccfc6d4b" outcome="Passed" testListId="8c84fa94-04c1-424b-9868-57a2d4851a1d" relativeResultsDirectory="fdad3612-22a5-441c-ada9-257ddd1a10ae" />
    <UnitTestResult executionId="389165a0-da08-4158-9bf7-f18f6a8c0de5" testId="737570f7-4183-1643-93e9-5894a6ee837f" testName="ForceUpdate_CallsUpdateStrategyForceUpdate" computerName="DKSR-EFI-04" duration="00:00:00.0011623" startTime="2023-12-22T09:38:38.7749735+01:00" endTime="2023-12-22T09:38:38.7762670+01:00" testType="13cdc9d9-ddb5-4fa4-a97d-d965ccfc6d4b" outcome="Passed" testListId="8c84fa94-04c1-424b-9868-57a2d4851a1d" relativeResultsDirectory="389165a0-da08-4158-9bf7-f18f6a8c0de5" />
    <UnitTestResult executionId="21397c12-f641-48de-9cbe-c46bd1a9cecd" testId="d99b4f5e-d723-6b95-fc42-5b32d4349edc" testName="PatrollingProfileListViewModel_ResolvePresetName_Update_Name" computerName="DKSR-EFI-04" duration="00:00:00.0037091" startTime="2023-12-22T09:39:32.1479337+01:00" endTime="2023-12-22T09:39:32.1518103+01:00" testType="13cdc9d9-ddb5-4fa4-a97d-d965ccfc6d4b" outcome="Passed" testListId="8c84fa94-04c1-424b-9868-57a2d4851a1d" relativeResultsDirectory="21397c12-f641-48de-9cbe-c46bd1a9cecd" />
    <UnitTestResult executionId="85d605ca-d51b-4efd-9226-5082547f71f4" testId="e858b755-e862-b910-8b81-43167ff825a3" testName="DeleteBookmarksAsync_3items_Success" computerName="DKSR-EFI-04" duration="00:00:00.0101084" startTime="2023-12-22T09:39:10.2915041+01:00" endTime="2023-12-22T09:39:10.3018232+01:00" testType="13cdc9d9-ddb5-4fa4-a97d-d965ccfc6d4b" outcome="Passed" testListId="8c84fa94-04c1-424b-9868-57a2d4851a1d" relativeResultsDirectory="85d605ca-d51b-4efd-9226-5082547f71f4" />
    <UnitTestResult executionId="60d5a4bc-74e0-4691-95c0-4523c8d052e1" testId="117fa8ef-1259-0f08-beca-cde4c7f00c30" testName="InputMapItem_ForceActivateAsync_InBuilding_MapLayerHidden_Success" computerName="DKSR-EFI-04" duration="00:00:00.0165861" startTime="2023-12-22T09:39:30.7267309+01:00" endTime="2023-12-22T09:39:30.7434908+01:00" testType="13cdc9d9-ddb5-4fa4-a97d-d965ccfc6d4b" outcome="Passed" testListId="8c84fa94-04c1-424b-9868-57a2d4851a1d" relativeResultsDirectory="60d5a4bc-74e0-4691-95c0-4523c8d052e1" />
    <UnitTestResult executionId="00b74338-0c0b-4e62-87b5-459dcc8755ad" testId="a3b47612-c41f-b6f9-cd26-71a4607bc51d" testName="SearchFilterCategoryGet_TwoSearchAgentsWithOverlappingFilters_AllFiltersAdded" computerName="DKSR-EFI-04" duration="00:00:00.0019317" startTime="2023-12-22T09:39:25.4492766+01:00" endTime="2023-12-22T09:39:25.4513557+01:00" testType="13cdc9d9-ddb5-4fa4-a97d-d965ccfc6d4b" outcome="Passed" testListId="8c84fa94-04c1-424b-9868-57a2d4851a1d" relativeResultsDirectory="00b74338-0c0b-4e62-87b5-459dcc8755ad" />
    <UnitTestResult executionId="6cb65099-a1fd-4f57-bbf7-d09f1d0582b9" testId="d2f75ecd-c8ef-a49e-a7d9-9ac8db3c0867" testName="BoundingBoxValidAndInValidData" computerName="DKSR-EFI-04" duration="00:00:00.0050740" startTime="2023-12-22T09:39:34.8466352+01:00" endTime="2023-12-22T09:39:34.8518808+01:00" testType="13cdc9d9-ddb5-4fa4-a97d-d965ccfc6d4b" outcome="Passed" testListId="8c84fa94-04c1-424b-9868-57a2d4851a1d" relativeResultsDirectory="6cb65099-a1fd-4f57-bbf7-d09f1d0582b9" />
    <UnitTestResult executionId="50f9ed59-3159-454f-a42b-7e54ba8e812b" testId="27438fb6-5317-1252-e840-ea85e2375f48" testName="PatrollingProfileListViewModel_SelectedPatrollingProfileViewModel_No_Selected_PatrollingStep" computerName="DKSR-EFI-04" duration="00:00:00.0115408" startTime="2023-12-22T09:39:32.1095846+01:00" endTime="2023-12-22T09:39:32.1212763+01:00" testType="13cdc9d9-ddb5-4fa4-a97d-d965ccfc6d4b" outcome="Passed" testListId="8c84fa94-04c1-424b-9868-57a2d4851a1d" relativeResultsDirectory="50f9ed59-3159-454f-a42b-7e54ba8e812b" />
    <UnitTestResult executionId="f0660604-6fcc-4575-8a63-c8e7e86d1f45" testId="1d30d716-63ba-8629-37de-621fcc2f5f57" testName="IsProcessing_AddResults_Success" computerName="DKSR-EFI-04" duration="00:00:00.0019332" startTime="2023-12-22T09:39:14.4956998+01:00" endTime="2023-12-22T09:39:14.4978051+01:00" testType="13cdc9d9-ddb5-4fa4-a97d-d965ccfc6d4b" outcome="Passed" testListId="8c84fa94-04c1-424b-9868-57a2d4851a1d" relativeResultsDirectory="f0660604-6fcc-4575-8a63-c8e7e86d1f45" />
    <UnitTestResult executionId="53ec8ff5-8fc4-47aa-bdd2-a350c353890d" testId="89684484-4d0f-00a8-989b-9cbdfecf3e30" testName="GetSnapshots_InvalidSnapshotPath_Failure" computerName="DKSR-EFI-04" duration="00:00:00.1840435" startTime="2023-12-22T09:39:13.5244601+01:00" endTime="2023-12-22T09:39:13.7086979+01:00" testType="13cdc9d9-ddb5-4fa4-a97d-d965ccfc6d4b" outcome="Passed" testListId="8c84fa94-04c1-424b-9868-57a2d4851a1d" relativeResultsDirectory="53ec8ff5-8fc4-47aa-bdd2-a350c353890d" />
    <UnitTestResult executionId="a53865d5-986d-4063-9a86-303a7d8f316f" testId="78819630-2935-1e63-9860-8c1336d44889" testName="ConvertGridMaskTestImageViewerFormat" computerName="DKSR-EFI-04" duration="00:00:00.0002679" startTime="2023-12-22T09:39:36.4731195+01:00" endTime="2023-12-22T09:39:36.4735142+01:00" testType="13cdc9d9-ddb5-4fa4-a97d-d965ccfc6d4b" outcome="Passed" testListId="8c84fa94-04c1-424b-9868-57a2d4851a1d" relativeResultsDirectory="a53865d5-986d-4063-9a86-303a7d8f316f" />
    <UnitTestResult executionId="efe93246-cdfc-4824-80cb-c83c5346d496" testId="72e0aaef-b782-3799-5f94-2f93780a25bc" testName="AssignPanTiltValue_WhenValueIsInsideDeadzone_ShouldReturnCenterValue" computerName="DKSR-EFI-04" duration="00:00:00.0230445" startTime="2023-12-22T09:38:32.5380068+01:00" endTime="2023-12-22T09:38:32.5612950+01:00" testType="13cdc9d9-ddb5-4fa4-a97d-d965ccfc6d4b" outcome="Passed" testListId="8c84fa94-04c1-424b-9868-57a2d4851a1d" relativeResultsDirectory="efe93246-cdfc-4824-80cb-c83c5346d496" />
    <UnitTestResult executionId="204f322c-1254-4c4a-bee4-ec0e9a1497bd" testId="cf366775-ad88-dfab-044d-7fd00fe030bf" testName="AllMappingsIncluded" computerName="DKSR-EFI-04" duration="00:00:00.0133252" startTime="2023-12-22T09:39:25.6517619+01:00" endTime="2023-12-22T09:39:25.6676990+01:00" testType="13cdc9d9-ddb5-4fa4-a97d-d965ccfc6d4b" outcome="Passed" testListId="8c84fa94-04c1-424b-9868-57a2d4851a1d" relativeResultsDirectory="204f322c-1254-4c4a-bee4-ec0e9a1497bd" />
    <UnitTestResult executionId="f2ffe569-e8ad-42e2-97f0-cd420898a347" testId="23e6b65b-70a8-06de-4fd2-1098c3da7047" testName="OnLayersRetrieved_ShouldSetComponentsOrdered_WhenLayersCollectionContainsInput" computerName="DKSR-EFI-04" duration="00:00:00.0105970" startTime="2023-12-22T09:38:34.1064531+01:00" endTime="2023-12-22T09:38:34.1194500+01:00" testType="13cdc9d9-ddb5-4fa4-a97d-d965ccfc6d4b" outcome="Passed" testListId="8c84fa94-04c1-424b-9868-57a2d4851a1d" relativeResultsDirectory="f2ffe569-e8ad-42e2-97f0-cd420898a347" />
    <UnitTestResult executionId="1cd14fe7-099d-4b5c-91c4-2f103596124a" testId="49457dc4-3aa6-62c6-38a6-fe0fa14f8508" testName="SerializationRoundTrip_Success" computerName="DKSR-EFI-04" duration="00:00:00.0040891" startTime="2023-12-22T09:39:14.7252849+01:00" endTime="2023-12-22T09:39:14.7295200+01:00" testType="13cdc9d9-ddb5-4fa4-a97d-d965ccfc6d4b" outcome="Passed" testListId="8c84fa94-04c1-424b-9868-57a2d4851a1d" relativeResultsDirectory="1cd14fe7-099d-4b5c-91c4-2f103596124a" />
    <UnitTestResult executionId="1ecf07a1-9b46-494a-b9c3-acc4b7e72133" testId="dacf30eb-2932-4de8-bb63-28183a1f0765" testName="AssignPanTiltValue_WhenValueIsOutsideDeadzone_ShouldReturnCenterValue" computerName="DKSR-EFI-04" duration="00:00:00.0003277" startTime="2023-12-22T09:38:32.5618806+01:00" endTime="2023-12-22T09:38:32.5624067+01:00" testType="13cdc9d9-ddb5-4fa4-a97d-d965ccfc6d4b" outcome="Passed" testListId="8c84fa94-04c1-424b-9868-57a2d4851a1d" relativeResultsDirectory="1ecf07a1-9b46-494a-b9c3-acc4b7e72133" />
    <UnitTestResult executionId="5cc2c56a-7704-4616-b80c-d5787a587daa" testId="45bd735f-7812-dc55-613d-6b72234baad1" testName="BoundingBoxRefresh" computerName="DKSR-EFI-04" duration="00:00:00.0012200" startTime="2023-12-22T09:39:34.5419502+01:00" endTime="2023-12-22T09:39:34.5433135+01:00" testType="13cdc9d9-ddb5-4fa4-a97d-d965ccfc6d4b" outcome="Passed" testListId="8c84fa94-04c1-424b-9868-57a2d4851a1d" relativeResultsDirectory="5cc2c56a-7704-4616-b80c-d5787a587daa" />
    <UnitTestResult executionId="9e401534-7e77-4521-ab08-d4d770a45b64" testId="112015e3-431e-b435-09f5-dc36bf2bbc1b" testName="Compare_NotNullVsNullDescending_GreaterThan" computerName="DKSR-EFI-04" duration="00:00:00.0001701" startTime="2023-12-22T09:39:14.6234737+01:00" endTime="2023-12-22T09:39:14.6238179+01:00" testType="13cdc9d9-ddb5-4fa4-a97d-d965ccfc6d4b" outcome="Passed" testListId="8c84fa94-04c1-424b-9868-57a2d4851a1d" relativeResultsDirectory="9e401534-7e77-4521-ab08-d4d770a45b64" />
    <UnitTestResult executionId="05068fab-e14b-4bbc-92bd-690344983881" testId="6e8c0e78-ac96-07f6-2327-5c670bb6a7bf" testName="CreateExportDialog_CannotCreateExport_WithMissingExportName" computerName="DKSR-EFI-04" duration="00:00:00.0099650" startTime="2023-12-22T09:38:40.0993532+01:00" endTime="2023-12-22T09:38:40.1094980+01:00" testType="13cdc9d9-ddb5-4fa4-a97d-d965ccfc6d4b" outcome="Passed" testListId="8c84fa94-04c1-424b-9868-57a2d4851a1d" relativeResultsDirectory="05068fab-e14b-4bbc-92bd-690344983881" />
    <UnitTestResult executionId="36583178-be2e-4ba9-bf08-4232399b2ef6" testId="8db91f9d-1fce-7008-7fb4-f88012013950" testName="ClearSelectedCamerasCommand_WithActiveSearchTemplate_ActiveSearchTemplateModifiedSet" computerName="DKSR-EFI-04" duration="00:00:00.0062049" startTime="2023-12-22T09:39:12.7076904+01:00" endTime="2023-12-22T09:39:12.7140405+01:00" testType="13cdc9d9-ddb5-4fa4-a97d-d965ccfc6d4b" outcome="Passed" testListId="8c84fa94-04c1-424b-9868-57a2d4851a1d" relativeResultsDirectory="36583178-be2e-4ba9-bf08-4232399b2ef6" />
    <UnitTestResult executionId="4024c303-6533-4713-bc61-95a84a2aa514" testId="b1732416-dfe0-9e87-af0e-b787555e9f9f" testName="SearchResultsActionBarActions_Export_InvokeCommand_Success" computerName="DKSR-EFI-04" duration="00:00:00.0233163" startTime="2023-12-22T09:39:10.7910987+01:00" endTime="2023-12-22T09:39:10.8145631+01:00" testType="13cdc9d9-ddb5-4fa4-a97d-d965ccfc6d4b" outcome="Passed" testListId="8c84fa94-04c1-424b-9868-57a2d4851a1d" relativeResultsDirectory="4024c303-6533-4713-bc61-95a84a2aa514" />
    <UnitTestResult executionId="090b2603-483a-4340-be96-b222ceec3760" testId="a466016b-4a7a-12db-67a6-4d7bfdd8044c" testName="Connect_WhenMajorServerVersionIs13AndMinorServerVersionIs2_ShouldCreateOldSchClient" computerName="DKSR-EFI-04" duration="00:00:00.0019610" startTime="2023-12-22T09:38:29.9233227+01:00" endTime="2023-12-22T09:38:29.9254358+01:00" testType="13cdc9d9-ddb5-4fa4-a97d-d965ccfc6d4b" outcome="Passed" testListId="8c84fa94-04c1-424b-9868-57a2d4851a1d" relativeResultsDirectory="090b2603-483a-4340-be96-b222ceec3760" />
    <UnitTestResult executionId="fbb3db4e-d6ac-4875-a244-79706da34b1a" testId="e9871a8e-a7b1-7767-3712-747754e9915c" testName="WorkspaceToolBarItemEdgeRetrieve_ShouldGoIntoSelectionMode_WhenNotInSelectionMode" computerName="DKSR-EFI-04" duration="00:00:00.0053893" startTime="2023-12-22T09:39:34.2854836+01:00" endTime="2023-12-22T09:39:34.2910473+01:00" testType="13cdc9d9-ddb5-4fa4-a97d-d965ccfc6d4b" outcome="Passed" testListId="8c84fa94-04c1-424b-9868-57a2d4851a1d" relativeResultsDirectory="fbb3db4e-d6ac-4875-a244-79706da34b1a" />
    <UnitTestResult executionId="8b2777e6-f2d5-4453-90c4-2a826e2c11ba" testId="81d55e49-1ae7-4ea3-83a6-f68b4a9992bd" testName="Optics enabled, not forced" computerName="DKSR-EFI-04" duration="00:00:00.0048792" startTime="2023-12-22T09:38:40.2193538+01:00" endTime="2023-12-22T09:38:40.2244259+01:00" testType="13cdc9d9-ddb5-4fa4-a97d-d965ccfc6d4b" outcome="Passed" testListId="8c84fa94-04c1-424b-9868-57a2d4851a1d" relativeResultsDirectory="8b2777e6-f2d5-4453-90c4-2a826e2c11ba" />
    <UnitTestResult executionId="24df1582-ba98-4fe9-9084-f54789106382" testId="8f3c7e47-c7ba-15e0-4ea3-5c99da54e2cf" testName="TestReadXmlTaskId" computerName="DKSR-EFI-04" duration="00:00:00.0003553" startTime="2023-12-22T09:39:34.3036275+01:00" endTime="2023-12-22T09:39:34.3041065+01:00" testType="13cdc9d9-ddb5-4fa4-a97d-d965ccfc6d4b" outcome="Passed" testListId="8c84fa94-04c1-424b-9868-57a2d4851a1d" relativeResultsDirectory="24df1582-ba98-4fe9-9084-f54789106382" />
    <UnitTestResult executionId="a9869b9a-329a-4d6c-91b8-96dedf0eab15" testId="eaeacd17-7709-0ad4-3782-3c779da7e956" testName="PtzPresetsMenuViewModel_PtzReservedByCurrentUserTest" computerName="DKSR-EFI-04" duration="00:00:00.0008758" startTime="2023-12-22T09:39:36.5020756+01:00" endTime="2023-12-22T09:39:36.5031265+01:00" testType="13cdc9d9-ddb5-4fa4-a97d-d965ccfc6d4b" outcome="Passed" testListId="8c84fa94-04c1-424b-9868-57a2d4851a1d" relativeResultsDirectory="a9869b9a-329a-4d6c-91b8-96dedf0eab15" />
    <UnitTestResult executionId="0a085d32-78a2-414f-8f48-ef5e5eeaeaef" testId="858fcac7-e389-8062-ee0a-81085946f8a2" testName="GetLayerFeatures_ShouldReturnOutputLayerFeatures_WhenMicrophoneKind" computerName="DKSR-EFI-04" duration="00:00:00.0032677" startTime="2023-12-22T09:39:31.3608424+01:00" endTime="2023-12-22T09:39:31.3642388+01:00" testType="13cdc9d9-ddb5-4fa4-a97d-d965ccfc6d4b" outcome="Passed" testListId="8c84fa94-04c1-424b-9868-57a2d4851a1d" relativeResultsDirectory="0a085d32-78a2-414f-8f48-ef5e5eeaeaef" />
    <UnitTestResult executionId="b993fa06-31f7-4540-92cd-ab770a437590" testId="c182b392-9fcc-95a2-7938-cd3b2c46ad54" testName="RemoveMicTest" computerName="DKSR-EFI-04" duration="00:00:00.0006183" startTime="2023-12-22T09:38:32.3963320+01:00" endTime="2023-12-22T09:38:32.3970684+01:00" testType="13cdc9d9-ddb5-4fa4-a97d-d965ccfc6d4b" outcome="Passed" testListId="8c84fa94-04c1-424b-9868-57a2d4851a1d" relativeResultsDirectory="b993fa06-31f7-4540-92cd-ab770a437590" />
    <UnitTestResult executionId="5fb02fb5-66a9-4174-a515-ce86643d49be" testId="90e28b3e-a0b2-cd0c-c5a2-021ebe10799d" testName="AddSelectedCameras_TooManyCameras_ValidateAllOptionCentralizedSearchMaxDeviceCountValues" computerName="DKSR-EFI-04" duration="00:00:00.7239981" startTime="2023-12-22T09:39:11.9333400+01:00" endTime="2023-12-22T09:39:12.6575439+01:00" testType="13cdc9d9-ddb5-4fa4-a97d-d965ccfc6d4b" outcome="Passed" testListId="8c84fa94-04c1-424b-9868-57a2d4851a1d" relativeResultsDirectory="5fb02fb5-66a9-4174-a515-ce86643d49be" />
    <UnitTestResult executionId="a837fae9-de70-472a-95dd-8f3cc6717763" testId="5ed08d6e-1829-53d6-39c2-5824072e1015" testName="Convert_ShouldReturnFalse_WhenParameterIsNotEqualToValue" computerName="DKSR-EFI-04" duration="00:00:00.0001585" startTime="2023-12-22T09:38:33.3515609+01:00" endTime="2023-12-22T09:38:33.3518626+01:00" testType="13cdc9d9-ddb5-4fa4-a97d-d965ccfc6d4b" outcome="Passed" testListId="8c84fa94-04c1-424b-9868-57a2d4851a1d" relativeResultsDirectory="a837fae9-de70-472a-95dd-8f3cc6717763" />
    <UnitTestResult executionId="034c60f7-6c0a-41be-9f3e-a843afad510e" testId="91442c7a-e900-c7e6-67e7-639e8a44931b" testName="CameraMapItem_Select_WithAlarm_Activates_Related" computerName="DKSR-EFI-04" duration="00:00:00.0257621" startTime="2023-12-22T09:39:27.4593865+01:00" endTime="2023-12-22T09:39:27.4853610+01:00" testType="13cdc9d9-ddb5-4fa4-a97d-d965ccfc6d4b" outcome="Passed" testListId="8c84fa94-04c1-424b-9868-57a2d4851a1d" relativeResultsDirectory="034c60f7-6c0a-41be-9f3e-a843afad510e" />
    <UnitTestResult executionId="32301d93-bebc-4fe6-bbc8-d46e2f83a768" testId="2960add4-9952-f70d-dcad-c47d9da5fd58" testName="SelectTemplate_RegionSelectionFilterConfiguration_ReturnsPopupTemplate" computerName="DKSR-EFI-04" duration="00:00:00.0005886" startTime="2023-12-22T09:38:41.2921113+01:00" endTime="2023-12-22T09:38:41.2928142+01:00" testType="13cdc9d9-ddb5-4fa4-a97d-d965ccfc6d4b" outcome="Passed" testListId="8c84fa94-04c1-424b-9868-57a2d4851a1d" relativeResultsDirectory="32301d93-bebc-4fe6-bbc8-d46e2f83a768" />
    <UnitTestResult executionId="01dda2cc-ec0f-460f-a081-a51352ca8993" testId="4095d4e0-7747-4418-2cba-d8d1b699249f" testName="SmartMapGoToLocationHandler_WhenLocationCanNotBeFound_ShouldWriteToLog" computerName="DKSR-EFI-04" duration="00:00:00.0031139" startTime="2023-12-22T09:38:38.6132018+01:00" endTime="2023-12-22T09:38:38.6164532+01:00" testType="13cdc9d9-ddb5-4fa4-a97d-d965ccfc6d4b" outcome="Passed" testListId="8c84fa94-04c1-424b-9868-57a2d4851a1d" relativeResultsDirectory="01dda2cc-ec0f-460f-a081-a51352ca8993" />
    <UnitTestResult executionId="d9ed421a-3c7f-43a9-b0fb-345c4d09f8ea" testId="e5f806d4-832f-52ef-8b31-b0825a471642" testName="IsCurrentScaleEqualTo_ShouldReturnFalse_WhenValuesAreNotEqualWithinGivenPrecision" computerName="DKSR-EFI-04" duration="00:00:00.0005277" startTime="2023-12-22T09:38:36.2008004+01:00" endTime="2023-12-22T09:38:36.2014671+01:00" testType="13cdc9d9-ddb5-4fa4-a97d-d965ccfc6d4b" outcome="Passed" testListId="8c84fa94-04c1-424b-9868-57a2d4851a1d" relativeResultsDirectory="d9ed421a-3c7f-43a9-b0fb-345c4d09f8ea" />
    <UnitTestResult executionId="71add84c-188d-44eb-a938-b02bcbfe3cdb" testId="670e500e-5c39-dd47-a9de-bf38c3c1554c" testName="ConvertToValidPath_WhenNotAllowDirectories_ConvertToValidPath" computerName="DKSR-EFI-04" duration="00:00:00.0003477" startTime="2023-12-22T09:39:38.4830036+01:00" endTime="2023-12-22T09:39:38.4834818+01:00" testType="13cdc9d9-ddb5-4fa4-a97d-d965ccfc6d4b" outcome="Passed" testListId="8c84fa94-04c1-424b-9868-57a2d4851a1d" relativeResultsDirectory="71add84c-188d-44eb-a938-b02bcbfe3cdb" />
    <UnitTestResult executionId="484835a2-d6e7-4e5d-b0db-57a6d76b1a8b" testId="c6e098df-93ea-edd9-9f8d-a8296c3d60ed" testName="Compare_Descending_Success" computerName="DKSR-EFI-04" duration="00:00:00.0006345" startTime="2023-12-22T09:39:14.6296871+01:00" endTime="2023-12-22T09:39:14.6304581+01:00" testType="13cdc9d9-ddb5-4fa4-a97d-d965ccfc6d4b" outcome="Passed" testListId="8c84fa94-04c1-424b-9868-57a2d4851a1d" relativeResultsDirectory="484835a2-d6e7-4e5d-b0db-57a6d76b1a8b" />
    <UnitTestResult executionId="b4ba0e34-29b9-49ee-bfd0-3856fba7b3b4" testId="db290d1d-343a-aa78-7298-12912ae25f44" testName="AddToExportTuples_ShouldReturnCorrectResult (1,0,0)" computerName="DKSR-EFI-04" duration="00:00:00.0020090" startTime="2023-12-22T09:39:33.5660954+01:00" endTime="2023-12-22T09:39:33.5682839+01:00" testType="13cdc9d9-ddb5-4fa4-a97d-d965ccfc6d4b" outcome="Passed" testListId="8c84fa94-04c1-424b-9868-57a2d4851a1d" relativeResultsDirectory="b4ba0e34-29b9-49ee-bfd0-3856fba7b3b4" />
    <UnitTestResult executionId="73e17fee-24bf-4a14-aa56-128fc97fbfbb" testId="4e8d1cbd-b8ef-6778-0ee2-4c64d9b96b59" testName="MakeId_ShouldGenerateSameId_WhenDefinitionsChangeOrderButResultsAreSame" computerName="DKSR-EFI-04" duration="00:00:00.0002979" startTime="2023-12-22T09:39:14.6087589+01:00" endTime="2023-12-22T09:39:14.6091848+01:00" testType="13cdc9d9-ddb5-4fa4-a97d-d965ccfc6d4b" outcome="Passed" testListId="8c84fa94-04c1-424b-9868-57a2d4851a1d" relativeResultsDirectory="73e17fee-24bf-4a14-aa56-128fc97fbfbb" />
    <UnitTestResult executionId="a47a4088-f643-466e-a908-f004f0e90353" testId="f33717b2-6c8e-2361-6ace-29e4108005a6" testName="AndOrSearchDefinitionToCornerRadiusMultiConverter_CallConvert_WithNullSearchDefinitionWrapper" computerName="DKSR-EFI-04" duration="00:00:00.0006582" startTime="2023-12-22T09:38:58.9962680+01:00" endTime="2023-12-22T09:38:58.9970617+01:00" testType="13cdc9d9-ddb5-4fa4-a97d-d965ccfc6d4b" outcome="Passed" testListId="8c84fa94-04c1-424b-9868-57a2d4851a1d" relativeResultsDirectory="a47a4088-f643-466e-a908-f004f0e90353" />
    <UnitTestResult executionId="5d7d4622-9346-4350-81d3-d55875a13241" testId="1cdbc1c1-e214-17d8-9ab0-1390398a8948" testName="CreateSearchAttributeEditControl_UnmappedConfiguration_ReturnsNull" computerName="DKSR-EFI-04" duration="00:00:00.0136401" startTime="2023-12-22T09:39:25.8561420+01:00" endTime="2023-12-22T09:39:25.8724855+01:00" testType="13cdc9d9-ddb5-4fa4-a97d-d965ccfc6d4b" outcome="Passed" testListId="8c84fa94-04c1-424b-9868-57a2d4851a1d" relativeResultsDirectory="5d7d4622-9346-4350-81d3-d55875a13241" />
    <UnitTestResult executionId="f88e204a-d572-4bdc-952c-133bcdaaf3c8" testId="c8fac7fa-4b08-7ff4-1155-d669516586fe" testName="ScrollWheelInTileLayout_ScrollUp_IncreaseItemSize" computerName="DKSR-EFI-04" duration="00:00:00.7353438" startTime="2023-12-22T09:38:54.6531540+01:00" endTime="2023-12-22T09:38:55.3912290+01:00" testType="13cdc9d9-ddb5-4fa4-a97d-d965ccfc6d4b" outcome="Passed" testListId="8c84fa94-04c1-424b-9868-57a2d4851a1d" relativeResultsDirectory="f88e204a-d572-4bdc-952c-133bcdaaf3c8" />
    <UnitTestResult executionId="a1a9e8ad-7e2c-4471-ae51-6353ae9beea7" testId="82d78304-b48c-9515-7f8e-4adb71fd31ee" testName="AddSelectedCameras_CameraAlreadyAdded_NoDuplicates" computerName="DKSR-EFI-04" duration="00:00:00.0076777" startTime="2023-12-22T09:39:11.8678559+01:00" endTime="2023-12-22T09:39:11.8757136+01:00" testType="13cdc9d9-ddb5-4fa4-a97d-d965ccfc6d4b" outcome="Passed" testListId="8c84fa94-04c1-424b-9868-57a2d4851a1d" relativeResultsDirectory="a1a9e8ad-7e2c-4471-ae51-6353ae9beea7" />
    <UnitTestResult executionId="4a4564c8-a548-4a89-99f4-a02346f5b085" testId="9121a1cd-2d02-27fe-e6a5-6751e2d93e61" testName="ShouldExposeCalculatedValues" computerName="DKSR-EFI-04" duration="00:00:00.0032390" startTime="2023-12-22T09:38:38.8151052+01:00" endTime="2023-12-22T09:38:38.8184910+01:00" testType="13cdc9d9-ddb5-4fa4-a97d-d965ccfc6d4b" outcome="Passed" testListId="8c84fa94-04c1-424b-9868-57a2d4851a1d" relativeResultsDirectory="4a4564c8-a548-4a89-99f4-a02346f5b085" />
    <UnitTestResult executionId="21c34051-4f51-4c17-92c4-fc10d8b90411" testId="af78caca-a27e-9e6b-678d-4aa454a90502" testName="ToNormalizedDirection_OutOfRange_2PI_Fail" computerName="DKSR-EFI-04" duration="00:00:00.0002586" startTime="2023-12-22T09:39:26.8090550+01:00" endTime="2023-12-22T09:39:26.8095258+01:00" testType="13cdc9d9-ddb5-4fa4-a97d-d965ccfc6d4b" outcome="Passed" testListId="8c84fa94-04c1-424b-9868-57a2d4851a1d" relativeResultsDirectory="21c34051-4f51-4c17-92c4-fc10d8b90411" />
    <UnitTestResult executionId="768b5959-7a35-4af0-973e-38136ee55ee1" testId="ff8eb243-16fd-8ea6-b898-642c78c53e2e" testName="Optics enabled, not forced" computerName="DKSR-EFI-04" duration="00:00:00.0042847" startTime="2023-12-22T09:38:40.1923777+01:00" endTime="2023-12-22T09:38:40.1968538+01:00" testType="13cdc9d9-ddb5-4fa4-a97d-d965ccfc6d4b" outcome="Passed" testListId="8c84fa94-04c1-424b-9868-57a2d4851a1d" relativeResultsDirectory="768b5959-7a35-4af0-973e-38136ee55ee1" />
    <UnitTestResult executionId="2ee59cee-1d9a-4eef-9f91-1115d969d5bb" testId="78da3d90-e186-2eb8-9d50-1ad80ad9921b" testName="Direction_XPCO_SC_RoundtripTransform_Success" computerName="DKSR-EFI-04" duration="00:00:00.0030325" startTime="2023-12-22T09:39:26.8038883+01:00" endTime="2023-12-22T09:39:26.8071065+01:00" testType="13cdc9d9-ddb5-4fa4-a97d-d965ccfc6d4b" outcome="Passed" testListId="8c84fa94-04c1-424b-9868-57a2d4851a1d" relativeResultsDirectory="2ee59cee-1d9a-4eef-9f91-1115d969d5bb" />
    <UnitTestResult executionId="9813b696-e762-4a77-9438-f22a1b9ff403" testId="3b4fccf6-70be-2d9b-f5f2-d6283b7fde7b" testName="CreateGeometry_OnePointsCollection_ThrowsArgException" computerName="DKSR-EFI-04" duration="00:00:00.0014842" startTime="2023-12-22T09:39:31.9834972+01:00" endTime="2023-12-22T09:39:31.9851169+01:00" testType="13cdc9d9-ddb5-4fa4-a97d-d965ccfc6d4b" outcome="Passed" testListId="8c84fa94-04c1-424b-9868-57a2d4851a1d" relativeResultsDirectory="9813b696-e762-4a77-9438-f22a1b9ff403" />
    <UnitTestResult executionId="b5e8f886-9d78-4e34-ba81-b3ac9d8a7b45" testId="b6f07467-7831-36e3-42f4-7ae0ac1fdc16" testName="SetIncludePartialResults_ShouldRespectResultsToReselect_WhenResultsToReselectIsEmpty" computerName="DKSR-EFI-04" duration="00:00:00.0012636" startTime="2023-12-22T09:39:14.5271319+01:00" endTime="2023-12-22T09:39:14.5285355+01:00" testType="13cdc9d9-ddb5-4fa4-a97d-d965ccfc6d4b" outcome="Passed" testListId="8c84fa94-04c1-424b-9868-57a2d4851a1d" relativeResultsDirectory="b5e8f886-9d78-4e34-ba81-b3ac9d8a7b45" />
    <UnitTestResult executionId="acd6a602-0785-43ca-bfef-241e4b45075e" testId="86c3c546-c6cf-be65-f34c-24ab64b4ab72" testName="InputMapItem_Delete_Success" computerName="DKSR-EFI-04" duration="00:00:00.0095985" startTime="2023-12-22T09:39:30.5016743+01:00" endTime="2023-12-22T09:39:30.5114156+01:00" testType="13cdc9d9-ddb5-4fa4-a97d-d965ccfc6d4b" outcome="Passed" testListId="8c84fa94-04c1-424b-9868-57a2d4851a1d" relativeResultsDirectory="acd6a602-0785-43ca-bfef-241e4b45075e" />
    <UnitTestResult executionId="b31f5a24-1424-4e54-bb43-b196c9111568" testId="1c883c92-bef7-61b1-c07f-4369319c74ff" testName="GetPassword_ShouldReturnPasswordPartOfNetworkCredentials_WhenNetworkCredentialsContainsAPassword" computerName="DKSR-EFI-04" duration="00:00:00.0002841" startTime="2023-12-22T09:38:32.3517532+01:00" endTime="2023-12-22T09:38:32.3522048+01:00" testType="13cdc9d9-ddb5-4fa4-a97d-d965ccfc6d4b" outcome="Passed" testListId="8c84fa94-04c1-424b-9868-57a2d4851a1d" relativeResultsDirectory="b31f5a24-1424-4e54-bb43-b196c9111568" />
    <UnitTestResult executionId="e692c5ad-d0ac-4dda-a860-b13aefffa578" testId="f16a12ad-889f-384d-d0eb-cbbdfad076fe" testName="TestMultipleTaskUpdate" computerName="DKSR-EFI-04" duration="00:00:00.0078730" startTime="2023-12-22T09:39:33.3752287+01:00" endTime="2023-12-22T09:39:33.3832475+01:00" testType="13cdc9d9-ddb5-4fa4-a97d-d965ccfc6d4b" outcome="Passed" testListId="8c84fa94-04c1-424b-9868-57a2d4851a1d" relativeResultsDirectory="e692c5ad-d0ac-4dda-a860-b13aefffa578" />
    <UnitTestResult executionId="9fc79732-63c3-46a6-a93d-ea1af8d38555" testId="2106a4d7-5b05-e5c0-8033-860c82b0ad6a" testName="StartSearch_Success" computerName="DKSR-EFI-04" duration="00:00:00.0185340" startTime="2023-12-22T09:39:13.0805780+01:00" endTime="2023-12-22T09:39:13.0992759+01:00" testType="13cdc9d9-ddb5-4fa4-a97d-d965ccfc6d4b" outcome="Passed" testListId="8c84fa94-04c1-424b-9868-57a2d4851a1d" relativeResultsDirectory="9fc79732-63c3-46a6-a93d-ea1af8d38555" />
    <UnitTestResult executionId="be20f8ae-9f54-4f40-be59-04d93c0dee1a" testId="31b9ac86-ff3a-2d5f-32cb-aba7e18815ce" testName="GetMapLayerArguments_ShouldReturnIGisMapModelAndMapLayerDataId_WhenCalled" computerName="DKSR-EFI-04" duration="00:00:00.0019935" startTime="2023-12-22T09:39:29.0225474+01:00" endTime="2023-12-22T09:39:29.0247340+01:00" testType="13cdc9d9-ddb5-4fa4-a97d-d965ccfc6d4b" outcome="Passed" testListId="8c84fa94-04c1-424b-9868-57a2d4851a1d" relativeResultsDirectory="be20f8ae-9f54-4f40-be59-04d93c0dee1a" />
    <UnitTestResult executionId="a27dfd14-c64c-48e3-b11e-3ccf797a47b3" testId="a43f900e-4fec-3e1d-f2a5-059d8a29dd3c" testName="BuildMapOptions_ShouldHandleSecretStringOptionsCorrectly (GisMapBingMapKey,,False)" computerName="DKSR-EFI-04" duration="00:00:00.0007197" startTime="2023-12-22T09:39:38.5151718+01:00" endTime="2023-12-22T09:39:38.5160594+01:00" testType="13cdc9d9-ddb5-4fa4-a97d-d965ccfc6d4b" outcome="Passed" testListId="8c84fa94-04c1-424b-9868-57a2d4851a1d" relativeResultsDirectory="a27dfd14-c64c-48e3-b11e-3ccf797a47b3" />
    <UnitTestResult executionId="ebf2d903-264a-496e-98e8-f5aa578fdf71" testId="f472fa58-6e18-42be-4063-867fef6b02e5" testName="AddResults_IncludePartialResults_TwoPartialResult_Success" computerName="DKSR-EFI-04" duration="00:00:00.0020074" startTime="2023-12-22T09:39:14.5185809+01:00" endTime="2023-12-22T09:39:14.5207318+01:00" testType="13cdc9d9-ddb5-4fa4-a97d-d965ccfc6d4b" outcome="Passed" testListId="8c84fa94-04c1-424b-9868-57a2d4851a1d" relativeResultsDirectory="ebf2d903-264a-496e-98e8-f5aa578fdf71" />
    <UnitTestResult executionId="f3525de3-a5dc-4dd8-a20d-99ccd14019d1" testId="42b5cf79-6dbd-73ce-f336-4c9a97122aad" testName="ScWorkSpaceModeChangedEvent_ShouldSetDeviceIsDisabledToTrue_WhenSwitchingToBrowseMode" computerName="DKSR-EFI-04" duration="00:00:00.0179090" startTime="2023-12-22T09:39:29.1747642+01:00" endTime="2023-12-22T09:39:29.1957819+01:00" testType="13cdc9d9-ddb5-4fa4-a97d-d965ccfc6d4b" outcome="Passed" testListId="8c84fa94-04c1-424b-9868-57a2d4851a1d" relativeResultsDirectory="f3525de3-a5dc-4dd8-a20d-99ccd14019d1" />
    <UnitTestResult executionId="db06666f-c894-40da-976e-e74dbb5356c6" testId="f6cae615-2487-dbea-6964-0ccca1418db3" testName="GetPrivacyMaskTest" computerName="DKSR-EFI-04" duration="00:00:00.0003287" startTime="2023-12-22T09:39:36.4741173+01:00" endTime="2023-12-22T09:39:36.4746503+01:00" testType="13cdc9d9-ddb5-4fa4-a97d-d965ccfc6d4b" outcome="Passed" testListId="8c84fa94-04c1-424b-9868-57a2d4851a1d" relativeResultsDirectory="db06666f-c894-40da-976e-e74dbb5356c6" />
    <UnitTestResult executionId="2accc798-2a0b-4c7c-bade-6c11c491cc9d" testId="a54693d6-edca-b2f0-c9d1-6e253deb3c9c" testName="SearchResultContainerView_OnItemActivated_SearchResultNotSelected" computerName="DKSR-EFI-04" duration="00:00:00.6498124" startTime="2023-12-22T09:38:45.4397590+01:00" endTime="2023-12-22T09:38:46.0923442+01:00" testType="13cdc9d9-ddb5-4fa4-a97d-d965ccfc6d4b" outcome="Passed" testListId="8c84fa94-04c1-424b-9868-57a2d4851a1d" relativeResultsDirectory="2accc798-2a0b-4c7c-bade-6c11c491cc9d" />
    <UnitTestResult executionId="b8e702ad-d608-48cc-91f6-ddbbf645595e" testId="8f19814e-6231-9ee7-d114-fdf6c35f1f79" testName="CreateExportDialog_CannotSelectExportToOptics_WithoutPrerequisitesSatisfied" computerName="DKSR-EFI-04" duration="00:00:00.0051188" startTime="2023-12-22T09:38:40.1289925+01:00" endTime="2023-12-22T09:38:40.1342675+01:00" testType="13cdc9d9-ddb5-4fa4-a97d-d965ccfc6d4b" outcome="Passed" testListId="8c84fa94-04c1-424b-9868-57a2d4851a1d" relativeResultsDirectory="b8e702ad-d608-48cc-91f6-ddbbf645595e" />
    <UnitTestResult executionId="6f542733-7192-4539-9825-197d483e169c" testId="5bb54e26-c71e-f619-e4ab-387584c60929" testName="SearchAction_BrowseMode_30MinutesInThePast" computerName="DKSR-EFI-04" duration="00:00:00.0059023" startTime="2023-12-22T09:39:36.5699705+01:00" endTime="2023-12-22T09:39:36.5760067+01:00" testType="13cdc9d9-ddb5-4fa4-a97d-d965ccfc6d4b" outcome="Passed" testListId="8c84fa94-04c1-424b-9868-57a2d4851a1d" relativeResultsDirectory="6f542733-7192-4539-9825-197d483e169c" />
    <UnitTestResult executionId="ff207708-65da-4cce-afd0-cce295d5e5dc" testId="f7818ee3-e956-b295-d253-9fdf096ceee7" testName="GetServerTypes_ShouldReturnEventServerType" computerName="DKSR-EFI-04" duration="00:00:00.0012657" startTime="2023-12-22T09:39:35.0051956+01:00" endTime="2023-12-22T09:39:35.0067613+01:00" testType="13cdc9d9-ddb5-4fa4-a97d-d965ccfc6d4b" outcome="Passed" testListId="8c84fa94-04c1-424b-9868-57a2d4851a1d" relativeResultsDirectory="ff207708-65da-4cce-afd0-cce295d5e5dc" />
    <UnitTestResult executionId="0e3472f6-3fe9-4c91-a31b-66706c4a9dc2" testId="880da315-51a5-facb-4f5d-0ceb4daad608" testName="DeviceIcons_ShouldNotBeEmpty_WhenCalled" computerName="DKSR-EFI-04" duration="00:00:00.0001554" startTime="2023-12-22T09:39:29.0791781+01:00" endTime="2023-12-22T09:39:29.0794639+01:00" testType="13cdc9d9-ddb5-4fa4-a97d-d965ccfc6d4b" outcome="Passed" testListId="8c84fa94-04c1-424b-9868-57a2d4851a1d" relativeResultsDirectory="0e3472f6-3fe9-4c91-a31b-66706c4a9dc2" />
    <UnitTestResult executionId="b34e9e15-791f-48c5-82e9-29a3b25582eb" testId="883ed386-0af3-88ca-5bd9-30da25d79f41" testName="SearchResultsActionBarActions_DeleteBookmark_ConfirmDeleteNo_DeleteCancelled" computerName="DKSR-EFI-04" duration="00:00:00.0085646" startTime="2023-12-22T09:39:11.3845642+01:00" endTime="2023-12-22T09:39:11.3932837+01:00" testType="13cdc9d9-ddb5-4fa4-a97d-d965ccfc6d4b" outcome="Passed" testListId="8c84fa94-04c1-424b-9868-57a2d4851a1d" relativeResultsDirectory="b34e9e15-791f-48c5-82e9-29a3b25582eb" />
    <UnitTestResult executionId="03133602-88d1-42a5-af15-973edfc4d8ab" testId="d054dd78-c223-2b18-9e0c-69480854f65f" testName="Init_NullState_CorrectViewAppliedAsContent" computerName="DKSR-EFI-04" duration="00:00:00.0019250" startTime="2023-12-22T09:38:40.5956954+01:00" endTime="2023-12-22T09:38:40.5977900+01:00" testType="13cdc9d9-ddb5-4fa4-a97d-d965ccfc6d4b" outcome="Passed" testListId="8c84fa94-04c1-424b-9868-57a2d4851a1d" relativeResultsDirectory="03133602-88d1-42a5-af15-973edfc4d8ab" />
    <UnitTestResult executionId="0112f10f-a5e2-4194-8c2a-6c1477b02fce" testId="25e21b40-8b6b-75c0-de39-11c840b2c816" testName="ConvertToNewLevel_OneLevelUp_Success" computerName="DKSR-EFI-04" duration="00:00:00.0009128" startTime="2023-12-22T09:39:31.9710226+01:00" endTime="2023-12-22T09:39:31.9721638+01:00" testType="13cdc9d9-ddb5-4fa4-a97d-d965ccfc6d4b" outcome="Passed" testListId="8c84fa94-04c1-424b-9868-57a2d4851a1d" relativeResultsDirectory="0112f10f-a5e2-4194-8c2a-6c1477b02fce" />
    <UnitTestResult executionId="8b5e799e-34cb-407f-837a-0c4ed0d7e7c6" testId="aa78a0a1-2106-fb0e-c153-f9f2a07b5821" testName="PatrollingStepViewModel_ConvertToIPatrollingStep" computerName="DKSR-EFI-04" duration="00:00:00.0014449" startTime="2023-12-22T09:39:32.2936631+01:00" endTime="2023-12-22T09:39:32.2952354+01:00" testType="13cdc9d9-ddb5-4fa4-a97d-d965ccfc6d4b" outcome="Passed" testListId="8c84fa94-04c1-424b-9868-57a2d4851a1d" relativeResultsDirectory="8b5e799e-34cb-407f-837a-0c4ed0d7e7c6" />
    <UnitTestResult executionId="aa953953-bcee-4a62-b19b-e3e6c2821698" testId="2920c2e0-39a3-dd93-5693-d4ce08512159" testName="Deserialize_ShouldReportMissingCombineType_WhenCombineTypeIsNotPresentInXml" computerName="DKSR-EFI-04" duration="00:00:00.0006933" startTime="2023-12-22T09:39:14.6887806+01:00" endTime="2023-12-22T09:39:14.6896112+01:00" testType="13cdc9d9-ddb5-4fa4-a97d-d965ccfc6d4b" outcome="Passed" testListId="8c84fa94-04c1-424b-9868-57a2d4851a1d" relativeResultsDirectory="aa953953-bcee-4a62-b19b-e3e6c2821698" />
    <UnitTestResult executionId="f71090de-0a03-4eb0-9c73-f4939fc68345" testId="c5f981d9-37f1-54c9-b862-4fbb2d02666f" testName="CalculateNewExtent_ShouldLimitExtent_WhenBeyondMax" computerName="DKSR-EFI-04" duration="00:00:00.0003883" startTime="2023-12-22T09:38:38.8196843+01:00" endTime="2023-12-22T09:38:38.8202044+01:00" testType="13cdc9d9-ddb5-4fa4-a97d-d965ccfc6d4b" outcome="Passed" testListId="8c84fa94-04c1-424b-9868-57a2d4851a1d" relativeResultsDirectory="f71090de-0a03-4eb0-9c73-f4939fc68345" />
    <UnitTestResult executionId="f6c55f47-19cf-4703-9fbd-b9e451eb8c99" testId="52f7905c-ef65-6a99-dc3b-01a6a292c041" testName="TestForAssemblyCoverage" computerName="DKSR-EFI-04" duration="00:00:00.0001697" startTime="2023-12-22T09:38:32.3989492+01:00" endTime="2023-12-22T09:38:32.3993098+01:00" testType="13cdc9d9-ddb5-4fa4-a97d-d965ccfc6d4b" outcome="Passed" testListId="8c84fa94-04c1-424b-9868-57a2d4851a1d" relativeResultsDirectory="f6c55f47-19cf-4703-9fbd-b9e451eb8c99" />
    <UnitTestResult executionId="b5e0edb6-03e1-43c9-b623-e7592533a028" testId="3ff67012-33f7-cd39-573d-f3e6ab37a120" testName="Close_MultipleSearchFilterCategoriesInManager_SearchDefinitionDestroyedForEachCategory" computerName="DKSR-EFI-04" duration="00:00:00.0035249" startTime="2023-12-22T09:39:25.4734819+01:00" endTime="2023-12-22T09:39:25.4772441+01:00" testType="13cdc9d9-ddb5-4fa4-a97d-d965ccfc6d4b" outcome="Passed" testListId="8c84fa94-04c1-424b-9868-57a2d4851a1d" relativeResultsDirectory="b5e0edb6-03e1-43c9-b623-e7592533a028" />
    <UnitTestResult executionId="d540df40-a3ef-49f8-bed4-ba8e22d89b89" testId="5b36a0fc-0af7-9466-52bd-af4aae9184ca" testName="Constructor_ShouldRaiseArgumentNullException_WhenGisMapViewModelInteractionStateControllerIsNull" computerName="DKSR-EFI-04" duration="00:00:00.0087969" startTime="2023-12-22T09:38:33.9252253+01:00" endTime="2023-12-22T09:38:33.9362712+01:00" testType="13cdc9d9-ddb5-4fa4-a97d-d965ccfc6d4b" outcome="Passed" testListId="8c84fa94-04c1-424b-9868-57a2d4851a1d" relativeResultsDirectory="d540df40-a3ef-49f8-bed4-ba8e22d89b89" />
    <UnitTestResult executionId="72205b36-a8d7-4f89-88ac-69b5e68ae26e" testId="92da1333-fabd-2900-5a70-ee9fd98edfc4" testName="DeviceIcons_ShouldNotBeEmpty_WhenCalled" computerName="DKSR-EFI-04" duration="00:00:00.0001444" startTime="2023-12-22T09:39:29.0427194+01:00" endTime="2023-12-22T09:39:29.0429878+01:00" testType="13cdc9d9-ddb5-4fa4-a97d-d965ccfc6d4b" outcome="Passed" testListId="8c84fa94-04c1-424b-9868-57a2d4851a1d" relativeResultsDirectory="72205b36-a8d7-4f89-88ac-69b5e68ae26e" />
    <UnitTestResult executionId="a47f0294-bffa-4b80-bf8d-a1360b1eeff9" testId="575af213-6f43-c554-7582-c09e43d49cdb" testName="ResolveSearchDefinitions_ShouldReturnResultSearchDefinition_WhenSingleSearchResultAndSearchDefinitionsContainingCorrectSearchDefinitionsAreGiven" computerName="DKSR-EFI-04" duration="00:00:00.0004225" startTime="2023-12-22T09:39:13.8424772+01:00" endTime="2023-12-22T09:39:13.8430351+01:00" testType="13cdc9d9-ddb5-4fa4-a97d-d965ccfc6d4b" outcome="Passed" testListId="8c84fa94-04c1-424b-9868-57a2d4851a1d" relativeResultsDirectory="a47f0294-bffa-4b80-bf8d-a1360b1eeff9" />
    <UnitTestResult executionId="d0cde3d2-3b67-4282-8fe8-e3d47b55f719" testId="d7aebc88-d17a-4418-cff4-f3007ce02d1e" testName="MutedMicrophoneIconsId_ShouldReturnMutedIconsInAProperOrder_WhenCalled" computerName="DKSR-EFI-04" duration="00:00:00.0007331" startTime="2023-12-22T09:39:29.0699400+01:00" endTime="2023-12-22T09:39:29.0708837+01:00" testType="13cdc9d9-ddb5-4fa4-a97d-d965ccfc6d4b" outcome="Passed" testListId="8c84fa94-04c1-424b-9868-57a2d4851a1d" relativeResultsDirectory="d0cde3d2-3b67-4282-8fe8-e3d47b55f719" />
    <UnitTestResult executionId="8b8c8db6-b770-4030-b5b9-215a0ce969cc" testId="49a421d1-e95e-714d-edf9-45ffcfd2a39e" testName="InputMapItem_ForceActivateAsync_NotInBuilding_Success" computerName="DKSR-EFI-04" duration="00:00:00.1842185" startTime="2023-12-22T09:39:30.7575545+01:00" endTime="2023-12-22T09:39:30.9419868+01:00" testType="13cdc9d9-ddb5-4fa4-a97d-d965ccfc6d4b" outcome="Passed" testListId="8c84fa94-04c1-424b-9868-57a2d4851a1d" relativeResultsDirectory="8b8c8db6-b770-4030-b5b9-215a0ce969cc" />
    <UnitTestResult executionId="ccc6f0f4-0fd3-4e22-bdef-733c962a74db" testId="da008dea-21a3-bbc8-6446-27067c0278d2" testName="RequiredGuidProviderStrategies_ShouldHaveOneMd5Strategy_WhenEventServerIdsAreNonFipsCompliant" computerName="DKSR-EFI-04" duration="00:00:00.0007669" startTime="2023-12-22T09:39:39.7918842+01:00" endTime="2023-12-22T09:39:39.7973710+01:00" testType="13cdc9d9-ddb5-4fa4-a97d-d965ccfc6d4b" outcome="Passed" testListId="8c84fa94-04c1-424b-9868-57a2d4851a1d" relativeResultsDirectory="ccc6f0f4-0fd3-4e22-bdef-733c962a74db" />
    <UnitTestResult executionId="d041406b-2bd2-4186-8905-5130bdde34ea" testId="aad7f35a-646d-e848-06d9-3817cba16168" testName="PopulateTooltip_FewResultsFromManyCameras12Hours_ValidText" computerName="DKSR-EFI-04" duration="00:00:00.1127592" startTime="2023-12-22T09:39:07.4826555+01:00" endTime="2023-12-22T09:39:07.5981771+01:00" testType="13cdc9d9-ddb5-4fa4-a97d-d965ccfc6d4b" outcome="Passed" testListId="8c84fa94-04c1-424b-9868-57a2d4851a1d" relativeResultsDirectory="d041406b-2bd2-4186-8905-5130bdde34ea" />
    <UnitTestResult executionId="79dff727-e637-4cac-9ee6-0407bc74d97c" testId="500812c7-2caf-0961-5585-75ab839884c8" testName="Tooltip_ShouldShowMicrophoneName_WhenMicrophoneIsMutedOnLiveModeAndUserHasListenPermissions" computerName="DKSR-EFI-04" duration="00:00:00.0310894" startTime="2023-12-22T09:38:37.6098484+01:00" endTime="2023-12-22T09:38:37.6434828+01:00" testType="13cdc9d9-ddb5-4fa4-a97d-d965ccfc6d4b" outcome="Passed" testListId="8c84fa94-04c1-424b-9868-57a2d4851a1d" relativeResultsDirectory="79dff727-e637-4cac-9ee6-0407bc74d97c" />
    <UnitTestResult executionId="7aca1d7c-7d6d-4103-94b9-80ac83b3b7e2" testId="fdf9438a-27a4-c417-e139-bbc64b5e5709" testName="PtzSessionInfoDto_ShouldYieldSameValues_WhenRoundTripConverted" computerName="DKSR-EFI-04" duration="00:00:00.0030194" startTime="2023-12-22T09:38:29.7361143+01:00" endTime="2023-12-22T09:38:29.7392411+01:00" testType="13cdc9d9-ddb5-4fa4-a97d-d965ccfc6d4b" outcome="Passed" testListId="8c84fa94-04c1-424b-9868-57a2d4851a1d" relativeResultsDirectory="7aca1d7c-7d6d-4103-94b9-80ac83b3b7e2" />
    <UnitTestResult executionId="063a8083-9933-44f8-99ab-447254626228" testId="c2089cd7-1abb-31da-c4ba-3d9555a4f6a0" testName="PtzSessionControllerInfo_ReservedChangedTest_Argument_Null_2" computerName="DKSR-EFI-04" duration="00:00:00.0003104" startTime="2023-12-22T09:38:32.1992678+01:00" endTime="2023-12-22T09:38:32.1997234+01:00" testType="13cdc9d9-ddb5-4fa4-a97d-d965ccfc6d4b" outcome="Passed" testListId="8c84fa94-04c1-424b-9868-57a2d4851a1d" relativeResultsDirectory="063a8083-9933-44f8-99ab-447254626228" />
    <UnitTestResult executionId="6fbe7782-cbce-4f56-9a85-531cd3401024" testId="6fee5694-49d5-a68c-4692-637882795255" testName="Ctor_OneBuiltInGroupDefined_OneCompositeAgentAddedAndOneStandardAgentAdded" computerName="DKSR-EFI-04" duration="00:00:00.0014099" startTime="2023-12-22T09:39:25.6094761+01:00" endTime="2023-12-22T09:39:25.6110319+01:00" testType="13cdc9d9-ddb5-4fa4-a97d-d965ccfc6d4b" outcome="Passed" testListId="8c84fa94-04c1-424b-9868-57a2d4851a1d" relativeResultsDirectory="6fbe7782-cbce-4f56-9a85-531cd3401024" />
    <UnitTestResult executionId="449bb1eb-58ae-4a82-ada8-55bb227879ce" testId="a8f9d2e6-a062-909a-f825-43244fd288c9" testName="BuildMapOptions_ShouldReturnCorrectNumberOfOptions" computerName="DKSR-EFI-04" duration="00:00:00.0017632" startTime="2023-12-22T09:39:38.4994496+01:00" endTime="2023-12-22T09:39:38.5014632+01:00" testType="13cdc9d9-ddb5-4fa4-a97d-d965ccfc6d4b" outcome="Passed" testListId="8c84fa94-04c1-424b-9868-57a2d4851a1d" relativeResultsDirectory="449bb1eb-58ae-4a82-ada8-55bb227879ce" />
    <UnitTestResult executionId="5767b34d-763b-4526-a8ac-02eaec6f1f07" testId="08b3ace1-45f6-6e1d-2bc1-52f8ecd0e63e" testName="SupportsDoubleClick_ShouldBeFalse_WhenInteractionStateIsNormalAndNotInSetupMode" computerName="DKSR-EFI-04" duration="00:00:00.0157833" startTime="2023-12-22T09:38:36.5472837+01:00" endTime="2023-12-22T09:38:36.5658090+01:00" testType="13cdc9d9-ddb5-4fa4-a97d-d965ccfc6d4b" outcome="Passed" testListId="8c84fa94-04c1-424b-9868-57a2d4851a1d" relativeResultsDirectory="5767b34d-763b-4526-a8ac-02eaec6f1f07" />
    <UnitTestResult executionId="bfcb63c0-5449-453c-aa8c-1eb925279ea9" testId="d075e987-3000-b723-e176-5d1d494fc6f2" testName="ApplyStatesToUi_StateWithoutItemSize_UpdateItemSizeNotCalled" computerName="DKSR-EFI-04" duration="00:00:00.6984347" startTime="2023-12-22T09:38:50.3345552+01:00" endTime="2023-12-22T09:38:51.0357070+01:00" testType="13cdc9d9-ddb5-4fa4-a97d-d965ccfc6d4b" outcome="Passed" testListId="8c84fa94-04c1-424b-9868-57a2d4851a1d" relativeResultsDirectory="bfcb63c0-5449-453c-aa8c-1eb925279ea9" />
    <UnitTestResult executionId="f6dedbfb-5f7d-4149-8b95-45f221d82eb7" testId="f8c8d11d-62f5-abc3-7817-a973cfa3607a" testName="IsMicrophoneEnabled_ShouldBeFalse_WhenMicrophoneIsDisabled" computerName="DKSR-EFI-04" duration="00:00:00.0200914" startTime="2023-12-22T09:39:29.2983931+01:00" endTime="2023-12-22T09:39:29.3215448+01:00" testType="13cdc9d9-ddb5-4fa4-a97d-d965ccfc6d4b" outcome="Passed" testListId="8c84fa94-04c1-424b-9868-57a2d4851a1d" relativeResultsDirectory="f6dedbfb-5f7d-4149-8b95-45f221d82eb7" />
    <UnitTestResult executionId="79a5b73e-c361-4388-9e6a-f20a2fa697e8" testId="454652c1-c285-915f-adae-d89d6726087e" testName="SmartSearchStatusType_ShouldYieldSameValuesForAllEnumValues_WhenRoundTripConverted (SearchEndTimeReached,SearchEndTimeReached)" computerName="DKSR-EFI-04" duration="00:00:00.0000196" startTime="2023-12-22T09:38:29.7564601+01:00" endTime="2023-12-22T09:38:29.7566116+01:00" testType="13cdc9d9-ddb5-4fa4-a97d-d965ccfc6d4b" outcome="Passed" testListId="8c84fa94-04c1-424b-9868-57a2d4851a1d" relativeResultsDirectory="79a5b73e-c361-4388-9e6a-f20a2fa697e8" />
    <UnitTestResult executionId="6424aa1e-1cc4-426b-aab5-524bc513a20b" testId="227dc5e8-fd61-64c5-c58b-a4363d10733d" testName="Dispose_ClosesPluginInstance" computerName="DKSR-EFI-04" duration="00:00:00.0246275" startTime="2023-12-22T09:39:11.4170684+01:00" endTime="2023-12-22T09:39:11.4418696+01:00" testType="13cdc9d9-ddb5-4fa4-a97d-d965ccfc6d4b" outcome="Passed" testListId="8c84fa94-04c1-424b-9868-57a2d4851a1d" relativeResultsDirectory="6424aa1e-1cc4-426b-aab5-524bc513a20b" />
    <UnitTestResult executionId="0b3effe4-bd05-41bd-97df-3670602f83c8" testId="736d5841-1c67-3c66-a8df-caf0433686aa" testName="BoundingBoxLiveStartNoPlaybackHandler" computerName="DKSR-EFI-04" duration="00:00:00.0011524" startTime="2023-12-22T09:39:34.5364693+01:00" endTime="2023-12-22T09:39:34.5377936+01:00" testType="13cdc9d9-ddb5-4fa4-a97d-d965ccfc6d4b" outcome="Passed" testListId="8c84fa94-04c1-424b-9868-57a2d4851a1d" relativeResultsDirectory="0b3effe4-bd05-41bd-97df-3670602f83c8" />
    <UnitTestResult executionId="a90aa39c-3438-4437-ba9b-fa7eba7945df" testId="5d6c44db-c687-1340-5e99-d0beeace71f3" testName="Outline_ShouldRejectSet_WhenOutlineIsNull" computerName="DKSR-EFI-04" duration="00:00:00.0058815" startTime="2023-12-22T09:39:26.7644047+01:00" endTime="2023-12-22T09:39:26.7704796+01:00" testType="13cdc9d9-ddb5-4fa4-a97d-d965ccfc6d4b" outcome="Passed" testListId="8c84fa94-04c1-424b-9868-57a2d4851a1d" relativeResultsDirectory="a90aa39c-3438-4437-ba9b-fa7eba7945df" />
    <UnitTestResult executionId="3d85328f-cec6-4165-a2d7-d88d7d86a8ff" testId="ae7f298e-edeb-46f5-3d43-4270f80b5ca8" testName="SearchResultsActionBarActions_MipActionDoesSupportsSelectedSearchResult_ActionDisabled" computerName="DKSR-EFI-04" duration="00:00:00.0070955" startTime="2023-12-22T09:39:10.7264343+01:00" endTime="2023-12-22T09:39:10.7336828+01:00" testType="13cdc9d9-ddb5-4fa4-a97d-d965ccfc6d4b" outcome="Passed" testListId="8c84fa94-04c1-424b-9868-57a2d4851a1d" relativeResultsDirectory="3d85328f-cec6-4165-a2d7-d88d7d86a8ff" />
    <UnitTestResult executionId="1c6e815b-4391-452e-9e96-8f096505efb8" testId="035a2e7c-4006-749c-7663-f769d610c2cb" testName="CanMoreRegionsBeAdded_ShouldReturnTrue" computerName="DKSR-EFI-04" duration="00:00:00.0004223" startTime="2023-12-22T09:39:26.2887222+01:00" endTime="2023-12-22T09:39:26.2892848+01:00" testType="13cdc9d9-ddb5-4fa4-a97d-d965ccfc6d4b" outcome="Passed" testListId="8c84fa94-04c1-424b-9868-57a2d4851a1d" relativeResultsDirectory="1c6e815b-4391-452e-9e96-8f096505efb8" />
    <UnitTestResult executionId="9d71eadd-5ded-4d1a-aace-5763bc5efb40" testId="e2ce302e-d97a-5953-2969-daecd520b54e" testName="AddToExportTuples_ShouldReturnCorrectResult (1,1,0)" computerName="DKSR-EFI-04" duration="00:00:00.0020259" startTime="2023-12-22T09:39:33.5824380+01:00" endTime="2023-12-22T09:39:33.5846276+01:00" testType="13cdc9d9-ddb5-4fa4-a97d-d965ccfc6d4b" outcome="Passed" testListId="8c84fa94-04c1-424b-9868-57a2d4851a1d" relativeResultsDirectory="9d71eadd-5ded-4d1a-aace-5763bc5efb40" />
    <UnitTestResult executionId="76f43d66-d901-4faa-a262-4117267a7a8a" testId="0acd9aea-66db-23f1-2f4e-7c9500451a5d" testName="TrySelectAvailableExportNameTest_ShouldThrowException_WhenExportDataValidatorIsNull" computerName="DKSR-EFI-04" duration="00:00:00.0222644" startTime="2023-12-22T09:39:34.9098969+01:00" endTime="2023-12-22T09:39:34.9324423+01:00" testType="13cdc9d9-ddb5-4fa4-a97d-d965ccfc6d4b" outcome="Passed" testListId="8c84fa94-04c1-424b-9868-57a2d4851a1d" relativeResultsDirectory="76f43d66-d901-4faa-a262-4117267a7a8a" />
    <UnitTestResult executionId="359c8a1b-04ea-41a1-9a02-921cf5a137dc" testId="d2bdec8a-ca9e-7ce3-8f9b-b4cc3a8ec042" testName="DrawItems_200KResultItems_Success" computerName="DKSR-EFI-04" duration="00:00:05.5599738" startTime="2023-12-22T09:39:01.5174864+01:00" endTime="2023-12-22T09:39:07.0802329+01:00" testType="13cdc9d9-ddb5-4fa4-a97d-d965ccfc6d4b" outcome="Passed" testListId="8c84fa94-04c1-424b-9868-57a2d4851a1d" relativeResultsDirectory="359c8a1b-04ea-41a1-9a02-921cf5a137dc" />
    <UnitTestResult executionId="eea01e10-8633-4d11-bf2b-e6a28ea6e4e8" testId="f68d42a3-acec-6b53-6243-cbfed90e3b19" testName="Command_PluginInstanceActivateCalled" computerName="DKSR-EFI-04" duration="00:00:00.0011008" startTime="2023-12-22T09:39:11.4566443+01:00" endTime="2023-12-22T09:39:11.4578849+01:00" testType="13cdc9d9-ddb5-4fa4-a97d-d965ccfc6d4b" outcome="Passed" testListId="8c84fa94-04c1-424b-9868-57a2d4851a1d" relativeResultsDirectory="eea01e10-8633-4d11-bf2b-e6a28ea6e4e8" />
    <UnitTestResult executionId="5f265e38-9581-48ca-8e71-2c40701b1669" testId="90f79a7f-93e8-4862-4be1-6691fb292404" testName="AndOrSearchDefinitionToCornerRadiusMultiConverter_CallConvert_SingleAnd" computerName="DKSR-EFI-04" duration="00:00:00.0006929" startTime="2023-12-22T09:38:58.9993490+01:00" endTime="2023-12-22T09:38:59.0001953+01:00" testType="13cdc9d9-ddb5-4fa4-a97d-d965ccfc6d4b" outcome="Passed" testListId="8c84fa94-04c1-424b-9868-57a2d4851a1d" relativeResultsDirectory="5f265e38-9581-48ca-8e71-2c40701b1669" />
    <UnitTestResult executionId="c7e36f64-9185-4c1f-977e-870db29c295e" testId="d096cf54-9fe3-48d3-6b60-9dbe5862c472" testName="SupportsRightClick_ShouldBeTrue_WhenInteractionStateIsNormal" computerName="DKSR-EFI-04" duration="00:00:00.0165923" startTime="2023-12-22T09:38:36.6720403+01:00" endTime="2023-12-22T09:38:36.6910774+01:00" testType="13cdc9d9-ddb5-4fa4-a97d-d965ccfc6d4b" outcome="Passed" testListId="8c84fa94-04c1-424b-9868-57a2d4851a1d" relativeResultsDirectory="c7e36f64-9185-4c1f-977e-870db29c295e" />
    <UnitTestResult executionId="647f07ee-8888-4287-8956-676cfb35025e" testId="a2942f2b-9678-3c30-9d53-cbabd8538e8a" testName="SmartMapGoToPositionHandler_WhenZoomIsInvalid_ShouldWriteToLog" computerName="DKSR-EFI-04" duration="00:00:00.0011914" startTime="2023-12-22T09:38:38.6403058+01:00" endTime="2023-12-22T09:38:38.6416102+01:00" testType="13cdc9d9-ddb5-4fa4-a97d-d965ccfc6d4b" outcome="Passed" testListId="8c84fa94-04c1-424b-9868-57a2d4851a1d" relativeResultsDirectory="647f07ee-8888-4287-8956-676cfb35025e" />
    <UnitTestResult executionId="6c1a8371-f7e6-46f3-87af-8fdd6260deb4" testId="5f62afcf-78b1-cf27-ec49-8afca2d6fc38" testName="PtzSessionControllerInfo_TimeChangedTest_Different_Timeout" computerName="DKSR-EFI-04" duration="00:00:00.0002184" startTime="2023-12-22T09:38:32.1957025+01:00" endTime="2023-12-22T09:38:32.1960434+01:00" testType="13cdc9d9-ddb5-4fa4-a97d-d965ccfc6d4b" outcome="Passed" testListId="8c84fa94-04c1-424b-9868-57a2d4851a1d" relativeResultsDirectory="6c1a8371-f7e6-46f3-87af-8fdd6260deb4" />
    <UnitTestResult executionId="c86819fd-262b-4081-b7e9-fe935d365393" testId="9e1c156c-7717-458a-15e2-7e227d19e93b" testName="CreateExportDialog_CannotSelectExportToOptics_WithNoOpticalDrivesPresent" computerName="DKSR-EFI-04" duration="00:00:00.0057231" startTime="2023-12-22T09:38:40.1347180+01:00" endTime="2023-12-22T09:38:40.1405836+01:00" testType="13cdc9d9-ddb5-4fa4-a97d-d965ccfc6d4b" outcome="Passed" testListId="8c84fa94-04c1-424b-9868-57a2d4851a1d" relativeResultsDirectory="c86819fd-262b-4081-b7e9-fe935d365393" />
    <UnitTestResult executionId="09da9fa2-1dc4-4fbb-a0d2-0010f8e4ab5c" testId="e18e3570-53c3-3508-0442-177c4a2f785b" testName="ValidateExportFormats_SmartClientPlayerFormat_ShouldReturnFailResult_ViewItemCommentRequired" computerName="DKSR-EFI-04" duration="00:00:00.0082677" startTime="2023-12-22T09:38:40.8713875+01:00" endTime="2023-12-22T09:38:40.8798041+01:00" testType="13cdc9d9-ddb5-4fa4-a97d-d965ccfc6d4b" outcome="Passed" testListId="8c84fa94-04c1-424b-9868-57a2d4851a1d" relativeResultsDirectory="09da9fa2-1dc4-4fbb-a0d2-0010f8e4ab5c" />
    <UnitTestResult executionId="7e2abfa5-687c-49bd-90ab-1ca79dbe8de2" testId="4bc203d8-dd85-c0c7-a002-24dc9564ca84" testName="HandleGetLayerFeatures_ShouldReturnInputLayerFeatures_WhenInputKind" computerName="DKSR-EFI-04" duration="00:00:00.0009347" startTime="2023-12-22T09:39:31.2641860+01:00" endTime="2023-12-22T09:39:31.2652599+01:00" testType="13cdc9d9-ddb5-4fa4-a97d-d965ccfc6d4b" outcome="Passed" testListId="8c84fa94-04c1-424b-9868-57a2d4851a1d" relativeResultsDirectory="7e2abfa5-687c-49bd-90ab-1ca79dbe8de2" />
    <UnitTestResult executionId="473c06ab-94fa-40d7-af44-56231da5cb49" testId="47884aeb-7497-b6ff-3c54-8cf7d508053b" testName="Load_Save_Success" computerName="DKSR-EFI-04" duration="00:00:00.0080224" startTime="2023-12-22T09:39:27.2675120+01:00" endTime="2023-12-22T09:39:27.2757804+01:00" testType="13cdc9d9-ddb5-4fa4-a97d-d965ccfc6d4b" outcome="Passed" testListId="8c84fa94-04c1-424b-9868-57a2d4851a1d" relativeResultsDirectory="473c06ab-94fa-40d7-af44-56231da5cb49" />
    <UnitTestResult executionId="55953011-709f-49c5-a61d-23d7ba77b1b0" testId="401d2e62-9623-23c2-8f1c-f70d5a6debc1" testName="CreateDefinition_ModelReturnsNullDefinition_ReturnsNull" computerName="DKSR-EFI-04" duration="00:00:00.0044549" startTime="2023-12-22T09:39:14.1285304+01:00" endTime="2023-12-22T09:39:14.1331647+01:00" testType="13cdc9d9-ddb5-4fa4-a97d-d965ccfc6d4b" outcome="Passed" testListId="8c84fa94-04c1-424b-9868-57a2d4851a1d" relativeResultsDirectory="55953011-709f-49c5-a61d-23d7ba77b1b0" />
    <UnitTestResult executionId="c5d7b37d-146c-4c1e-81cc-2f3f81675c46" testId="65ef895f-879d-2d2d-7aa0-966d606f5376" testName="EndTime_ShouldBeSetToValueOfSearchResult" computerName="DKSR-EFI-04" duration="00:00:00.0003670" startTime="2023-12-22T09:39:14.6150137+01:00" endTime="2023-12-22T09:39:14.6155103+01:00" testType="13cdc9d9-ddb5-4fa4-a97d-d965ccfc6d4b" outcome="Passed" testListId="8c84fa94-04c1-424b-9868-57a2d4851a1d" relativeResultsDirectory="c5d7b37d-146c-4c1e-81cc-2f3f81675c46" />
    <UnitTestResult executionId="a0c673de-5fa3-4fc3-9e9f-27c62096f1a8" testId="0ea16923-06ad-6887-3f6e-aa5fa78ff65a" testName="GetOsmServerAddress_ShouldRaiseArgumentNullException_WhenOptionManagerIsNull" computerName="DKSR-EFI-04" duration="00:00:00.0004438" startTime="2023-12-22T09:39:31.3311444+01:00" endTime="2023-12-22T09:39:31.3317452+01:00" testType="13cdc9d9-ddb5-4fa4-a97d-d965ccfc6d4b" outcome="Passed" testListId="8c84fa94-04c1-424b-9868-57a2d4851a1d" relativeResultsDirectory="a0c673de-5fa3-4fc3-9e9f-27c62096f1a8" />
    <UnitTestResult executionId="82590c0b-dea4-479a-97d5-81274a95ff69" testId="7249d529-4797-4846-66f9-a36e8ab1d5c8" testName="GetSKU_ShouldReturnCorrectSKU" computerName="DKSR-EFI-04" duration="00:00:00.0008427" startTime="2023-12-22T09:39:38.4967680+01:00" endTime="2023-12-22T09:39:38.4977411+01:00" testType="13cdc9d9-ddb5-4fa4-a97d-d965ccfc6d4b" outcome="Passed" testListId="8c84fa94-04c1-424b-9868-57a2d4851a1d" relativeResultsDirectory="82590c0b-dea4-479a-97d5-81274a95ff69" />
    <UnitTestResult executionId="1f9b9f01-33ac-4174-8dfb-57afe63f8818" testId="0fb4b7bb-e522-c3cc-c43e-c8a8d68a12cc" testName="GetDuration_LessThanOneMinute_Success" computerName="DKSR-EFI-04" duration="00:00:00.0010129" startTime="2023-12-22T09:39:13.7693016+01:00" endTime="2023-12-22T09:39:13.7706239+01:00" testType="13cdc9d9-ddb5-4fa4-a97d-d965ccfc6d4b" outcome="Passed" testListId="8c84fa94-04c1-424b-9868-57a2d4851a1d" relativeResultsDirectory="1f9b9f01-33ac-4174-8dfb-57afe63f8818" />
    <UnitTestResult executionId="fb7090c1-44b1-4eb2-a1bc-7cdf9c1cb9a1" testId="0ae53827-c728-1e97-29dd-bbdf893d6166" testName="PatrollingStepViewModel_SelectPreset" computerName="DKSR-EFI-04" duration="00:00:00.0020858" startTime="2023-12-22T09:39:32.2888262+01:00" endTime="2023-12-22T09:39:32.2910402+01:00" testType="13cdc9d9-ddb5-4fa4-a97d-d965ccfc6d4b" outcome="Passed" testListId="8c84fa94-04c1-424b-9868-57a2d4851a1d" relativeResultsDirectory="fb7090c1-44b1-4eb2-a1bc-7cdf9c1cb9a1" />
    <UnitTestResult executionId="fafe1fa4-366c-4ecc-a955-8297c723491a" testId="2031c616-1edd-8f7a-639e-5fd173aaa18e" testName="LeftButtonDown_ShouldNotRaiseAnException_WhenFired" computerName="DKSR-EFI-04" duration="00:00:00.0144499" startTime="2023-12-22T09:38:33.3044053+01:00" endTime="2023-12-22T09:38:33.3210331+01:00" testType="13cdc9d9-ddb5-4fa4-a97d-d965ccfc6d4b" outcome="Passed" testListId="8c84fa94-04c1-424b-9868-57a2d4851a1d" relativeResultsDirectory="fafe1fa4-366c-4ecc-a955-8297c723491a" />
    <UnitTestResult executionId="5b8a0d93-3f0f-428c-b3fe-38d859e5a659" testId="36554cb2-1edf-a642-dc86-4d6ff7ede95e" testName="PatrollingStepListViewModel_Constructor_Success" computerName="DKSR-EFI-04" duration="00:00:00.0020220" startTime="2023-12-22T09:39:32.2264764+01:00" endTime="2023-12-22T09:39:32.2287910+01:00" testType="13cdc9d9-ddb5-4fa4-a97d-d965ccfc6d4b" outcome="Passed" testListId="8c84fa94-04c1-424b-9868-57a2d4851a1d" relativeResultsDirectory="5b8a0d93-3f0f-428c-b3fe-38d859e5a659" />
    <UnitTestResult executionId="688d4caa-611e-415b-8f38-9379f7754a23" testId="69d36869-4d47-77af-11ea-1700a11c2aa4" testName="ActiveInteractionStateBinding_ShouldNotBeNull_WhenCtorIsCalled" computerName="DKSR-EFI-04" duration="00:00:00.0417395" startTime="2023-12-22T09:38:37.0009881+01:00" endTime="2023-12-22T09:38:37.0455481+01:00" testType="13cdc9d9-ddb5-4fa4-a97d-d965ccfc6d4b" outcome="Passed" testListId="8c84fa94-04c1-424b-9868-57a2d4851a1d" relativeResultsDirectory="688d4caa-611e-415b-8f38-9379f7754a23" />
    <UnitTestResult executionId="80f7ff44-d0ea-4b9f-be4d-e97d06abb0af" testId="e60bae60-c13a-330d-734d-4108f8865d47" testName="SmartMapGetPositionRequestHandler_WhenDataIsValid_ShouldCallNavigateTo" computerName="DKSR-EFI-04" duration="00:00:00.0027729" startTime="2023-12-22T09:38:38.6542242+01:00" endTime="2023-12-22T09:38:38.6571143+01:00" testType="13cdc9d9-ddb5-4fa4-a97d-d965ccfc6d4b" outcome="Passed" testListId="8c84fa94-04c1-424b-9868-57a2d4851a1d" relativeResultsDirectory="80f7ff44-d0ea-4b9f-be4d-e97d06abb0af" />
    <UnitTestResult executionId="9057049d-6ce8-4224-9fce-4b72f0c2653b" testId="9db4bf7e-3e99-c9d1-0a71-7ee3bc093993" testName="Serialize_ShouldSerializeCombineType_WhenPresentInData" computerName="DKSR-EFI-04" duration="00:00:00.0008390" startTime="2023-12-22T09:39:14.6784736+01:00" endTime="2023-12-22T09:39:14.6794882+01:00" testType="13cdc9d9-ddb5-4fa4-a97d-d965ccfc6d4b" outcome="Passed" testListId="8c84fa94-04c1-424b-9868-57a2d4851a1d" relativeResultsDirectory="9057049d-6ce8-4224-9fce-4b72f0c2653b" />
    <UnitTestResult executionId="5bc20c0b-02df-43b1-a2f0-3e4ed0c29870" testId="842bf4ca-6371-3a8a-228b-d721ac1b9eb1" testName="Convert_ShouldRaiseInvalidCastException_WhenParameterIsNotAnArrayOfInteractionState" computerName="DKSR-EFI-04" duration="00:00:00.0003193" startTime="2023-12-22T09:38:33.3460040+01:00" endTime="2023-12-22T09:38:33.3464709+01:00" testType="13cdc9d9-ddb5-4fa4-a97d-d965ccfc6d4b" outcome="Passed" testListId="8c84fa94-04c1-424b-9868-57a2d4851a1d" relativeResultsDirectory="5bc20c0b-02df-43b1-a2f0-3e4ed0c29870" />
    <UnitTestResult executionId="097d478f-81e3-470c-ae1e-dc04c6c6aa53" testId="537b2445-9bec-85ec-3d34-ba15ef73d25d" testName="PtzSessionControllerInfo_UserChangedTest_NoChange_Anonymous" computerName="DKSR-EFI-04" duration="00:00:00.0001889" startTime="2023-12-22T09:38:32.1838877+01:00" endTime="2023-12-22T09:38:32.1842009+01:00" testType="13cdc9d9-ddb5-4fa4-a97d-d965ccfc6d4b" outcome="Passed" testListId="8c84fa94-04c1-424b-9868-57a2d4851a1d" relativeResultsDirectory="097d478f-81e3-470c-ae1e-dc04c6c6aa53" />
    <UnitTestResult executionId="b28ae7f3-e993-44a8-baf1-6d490e5171e7" testId="1ff412f4-a550-fccb-f616-ee490e039d87" testName="HandleSetLayerFeatures_ShouldRaiseArgumentException_WhenNotCameraKindAndCameraLayerFeaturesAndInputLayer" computerName="DKSR-EFI-04" duration="00:00:00.0014357" startTime="2023-12-22T09:39:31.2549016+01:00" endTime="2023-12-22T09:39:31.2565582+01:00" testType="13cdc9d9-ddb5-4fa4-a97d-d965ccfc6d4b" outcome="Passed" testListId="8c84fa94-04c1-424b-9868-57a2d4851a1d" relativeResultsDirectory="b28ae7f3-e993-44a8-baf1-6d490e5171e7" />
    <UnitTestResult executionId="d5d5d59d-5b7f-4cac-8905-d0f05e14727f" testId="001c0c93-73e4-b3d7-1e2b-249f259f59d0" testName="TestForAssemblyCoverage" computerName="DKSR-EFI-04" duration="00:00:00.0001935" startTime="2023-12-22T09:38:32.5664670+01:00" endTime="2023-12-22T09:38:32.5668501+01:00" testType="13cdc9d9-ddb5-4fa4-a97d-d965ccfc6d4b" outcome="Passed" testListId="8c84fa94-04c1-424b-9868-57a2d4851a1d" relativeResultsDirectory="d5d5d59d-5b7f-4cac-8905-d0f05e14727f" />
    <UnitTestResult executionId="60b01541-2a4d-4185-be97-d557ef8ca3df" testId="c733db05-5b7b-4d43-767f-ec9ea4306b0e" testName="InputMapItem_ForceActivateAsync_InBuilding_MapLevelsNotLoaded_Success" computerName="DKSR-EFI-04" duration="00:00:00.0120639" startTime="2023-12-22T09:39:30.7448054+01:00" endTime="2023-12-22T09:39:30.7570571+01:00" testType="13cdc9d9-ddb5-4fa4-a97d-d965ccfc6d4b" outcome="Passed" testListId="8c84fa94-04c1-424b-9868-57a2d4851a1d" relativeResultsDirectory="60b01541-2a4d-4185-be97-d557ef8ca3df" />
    <UnitTestResult executionId="a348fa9a-1a20-4749-91c8-0076bc7834f5" testId="23522416-a281-f08a-eb85-d8c0fbc81978" testName="GetPartialDiffBetweenDictionaries_ShouldReturnCorrectValues (System.Collections.Generic.Dictionary`2[System.String,System.String],System.Collections.Generic.Dictionary`2[System.String,System.String],System.Collections.Generic.Dictionary`2[System.String,System.String])" computerName="DKSR-EFI-04" duration="00:00:00.0073570" startTime="2023-12-22T09:39:38.5507473+01:00" endTime="2023-12-22T09:39:38.5604360+01:00" testType="13cdc9d9-ddb5-4fa4-a97d-d965ccfc6d4b" outcome="Passed" testListId="8c84fa94-04c1-424b-9868-57a2d4851a1d" relativeResultsDirectory="a348fa9a-1a20-4749-91c8-0076bc7834f5" />
    <UnitTestResult executionId="86662ee7-0c18-4fec-b86f-1744df92f4e7" testId="88adc3c3-8805-8765-8e54-e11a02ee63c8" testName="Constructor_ShouldRaiseArgumentNullException_WhenNextDeviceDataHandlerIsNull" computerName="DKSR-EFI-04" duration="00:00:00.0051656" startTime="2023-12-22T09:38:39.8036645+01:00" endTime="2023-12-22T09:38:39.8089887+01:00" testType="13cdc9d9-ddb5-4fa4-a97d-d965ccfc6d4b" outcome="Passed" testListId="8c84fa94-04c1-424b-9868-57a2d4851a1d" relativeResultsDirectory="86662ee7-0c18-4fec-b86f-1744df92f4e7" />
    <UnitTestResult executionId="8ed9ef7b-a0bc-4804-b6ab-32b1db352880" testId="9337e38c-4624-4f1b-786d-f8be59a53622" testName="MutedMicrophoneIcons_ShouldReturnIconsInAProperOrder_WhenCalled" computerName="DKSR-EFI-04" duration="00:00:00.0036180" startTime="2023-12-22T09:39:29.0572152+01:00" endTime="2023-12-22T09:39:29.0610756+01:00" testType="13cdc9d9-ddb5-4fa4-a97d-d965ccfc6d4b" outcome="Passed" testListId="8c84fa94-04c1-424b-9868-57a2d4851a1d" relativeResultsDirectory="8ed9ef7b-a0bc-4804-b6ab-32b1db352880" />
    <UnitTestResult executionId="8b27137b-dc73-4955-80b0-74cb5bf5e4f8" testId="7303b39e-095c-d519-9482-2df53e696cb0" testName="ValidEncryptionStrengthsForExport_ShouldOnlyReturnAes256_WhenLegacyEncryptionNotEnabledInAppConfig" computerName="DKSR-EFI-04" duration="00:00:00.0029926" startTime="2023-12-22T09:39:34.9394908+01:00" endTime="2023-12-22T09:39:34.9427240+01:00" testType="13cdc9d9-ddb5-4fa4-a97d-d965ccfc6d4b" outcome="Passed" testListId="8c84fa94-04c1-424b-9868-57a2d4851a1d" relativeResultsDirectory="8b27137b-dc73-4955-80b0-74cb5bf5e4f8" />
    <UnitTestResult executionId="e20055f0-ec55-4d48-aadf-9cdafad65657" testId="2c45a0c4-a819-6921-a82a-e9167bcfa09d" testName="AddLevel_Success" computerName="DKSR-EFI-04" duration="00:00:00.0373516" startTime="2023-12-22T09:39:30.9927795+01:00" endTime="2023-12-22T09:39:31.0302972+01:00" testType="13cdc9d9-ddb5-4fa4-a97d-d965ccfc6d4b" outcome="Passed" testListId="8c84fa94-04c1-424b-9868-57a2d4851a1d" relativeResultsDirectory="e20055f0-ec55-4d48-aadf-9cdafad65657" />
    <UnitTestResult executionId="f45e991c-9f65-4590-b1a0-0ab40e63f987" testId="88b4d386-4c27-112e-bb74-c07845596dd9" testName="MergeOptionNodes_ShouldReturnOptionsFromOldKey_WhenOptionsForNewKeyIsNull" computerName="DKSR-EFI-04" duration="00:00:00.0013660" startTime="2023-12-22T09:39:33.8598549+01:00" endTime="2023-12-22T09:39:33.8613662+01:00" testType="13cdc9d9-ddb5-4fa4-a97d-d965ccfc6d4b" outcome="Passed" testListId="8c84fa94-04c1-424b-9868-57a2d4851a1d" relativeResultsDirectory="f45e991c-9f65-4590-b1a0-0ab40e63f987" />
    <UnitTestResult executionId="5e380403-3bcd-4c05-9ad9-d01ef3f52ff0" testId="0de77785-462a-9bb1-5b6c-6230796bd88d" testName="ToSafeName_DifferentSeperator_Success" computerName="DKSR-EFI-04" duration="00:00:00.0001890" startTime="2023-12-22T09:39:38.6173329+01:00" endTime="2023-12-22T09:39:38.6176874+01:00" testType="13cdc9d9-ddb5-4fa4-a97d-d965ccfc6d4b" outcome="Passed" testListId="8c84fa94-04c1-424b-9868-57a2d4851a1d" relativeResultsDirectory="5e380403-3bcd-4c05-9ad9-d01ef3f52ff0" />
    <UnitTestResult executionId="e262f36c-cc71-4c8a-ad15-f520a0e2ced3" testId="3a461286-4d9a-bb6f-bf27-81b491059d6a" testName="DeleteMapItems_ShouldReturnFalse_WhenItemListIsNullOrEmpty" computerName="DKSR-EFI-04" duration="00:00:00.0023927" startTime="2023-12-22T09:39:28.9834089+01:00" endTime="2023-12-22T09:39:28.9860765+01:00" testType="13cdc9d9-ddb5-4fa4-a97d-d965ccfc6d4b" outcome="Passed" testListId="8c84fa94-04c1-424b-9868-57a2d4851a1d" relativeResultsDirectory="e262f36c-cc71-4c8a-ad15-f520a0e2ced3" />
    <UnitTestResult executionId="9f6e8d9e-9698-4d4d-9d78-4dd286e26148" testId="db0bdc8c-751d-0e6e-b46c-9ca8002153fd" testName="PtzPresetsMenuViewModel_PtzNotCotrolledTest" computerName="DKSR-EFI-04" duration="00:00:00.0016665" startTime="2023-12-22T09:39:36.4925227+01:00" endTime="2023-12-22T09:39:36.4943288+01:00" testType="13cdc9d9-ddb5-4fa4-a97d-d965ccfc6d4b" outcome="Passed" testListId="8c84fa94-04c1-424b-9868-57a2d4851a1d" relativeResultsDirectory="9f6e8d9e-9698-4d4d-9d78-4dd286e26148" />
    <UnitTestResult executionId="63751ab5-11ef-4ce9-a0e4-a096444fb766" testId="27435069-3b26-ac29-8504-ccee8722f11b" testName="ToDenormalizedDirection_Minus0_5" computerName="DKSR-EFI-04" duration="00:00:00.0000837" startTime="2023-12-22T09:39:26.7970769+01:00" endTime="2023-12-22T09:39:26.7972834+01:00" testType="13cdc9d9-ddb5-4fa4-a97d-d965ccfc6d4b" outcome="Passed" testListId="8c84fa94-04c1-424b-9868-57a2d4851a1d" relativeResultsDirectory="63751ab5-11ef-4ce9-a0e4-a096444fb766" />
    <UnitTestResult executionId="5c19f262-13ad-4d85-a36c-a8ba372013e3" testId="52d5db23-51cb-3736-9800-a010b174438e" testName="InputMapItem_Delete_Failure_PositionRevertsToGisPoint" computerName="DKSR-EFI-04" duration="00:00:00.0084153" startTime="2023-12-22T09:39:30.5118866+01:00" endTime="2023-12-22T09:39:30.5204676+01:00" testType="13cdc9d9-ddb5-4fa4-a97d-d965ccfc6d4b" outcome="Passed" testListId="8c84fa94-04c1-424b-9868-57a2d4851a1d" relativeResultsDirectory="5c19f262-13ad-4d85-a36c-a8ba372013e3" />
    <UnitTestResult executionId="4aac7378-3e9f-4084-864d-5e15c5c932e7" testId="85091bf5-79fb-de26-dea4-3270f148dbfd" testName="PatrollingStepListViewModel_PresetModified" computerName="DKSR-EFI-04" duration="00:00:00.0018983" startTime="2023-12-22T09:39:32.2651122+01:00" endTime="2023-12-22T09:39:32.2671408+01:00" testType="13cdc9d9-ddb5-4fa4-a97d-d965ccfc6d4b" outcome="Passed" testListId="8c84fa94-04c1-424b-9868-57a2d4851a1d" relativeResultsDirectory="4aac7378-3e9f-4084-864d-5e15c5c932e7" />
    <UnitTestResult executionId="150888fa-3a18-4e14-b856-f7c168f242b3" testId="1b422f57-785f-39b3-2e48-19335b37060e" testName="Dispose_NoActiveSearchResults_Success" computerName="DKSR-EFI-04" duration="00:00:00.0049105" startTime="2023-12-22T09:39:14.3232233+01:00" endTime="2023-12-22T09:39:14.3282743+01:00" testType="13cdc9d9-ddb5-4fa4-a97d-d965ccfc6d4b" outcome="Passed" testListId="8c84fa94-04c1-424b-9868-57a2d4851a1d" relativeResultsDirectory="150888fa-3a18-4e14-b856-f7c168f242b3" />
    <UnitTestResult executionId="97796430-0c51-4631-97a8-568ba277b9d0" testId="8005e8bb-64fd-8f7e-b8b0-c5f3354ecb07" testName="DateToStringConverter_SingleConvertValidInput_Success" computerName="DKSR-EFI-04" duration="00:00:00.0006038" startTime="2023-12-22T09:38:59.0219403+01:00" endTime="2023-12-22T09:38:59.0227768+01:00" testType="13cdc9d9-ddb5-4fa4-a97d-d965ccfc6d4b" outcome="Passed" testListId="8c84fa94-04c1-424b-9868-57a2d4851a1d" relativeResultsDirectory="97796430-0c51-4631-97a8-568ba277b9d0" />
    <UnitTestResult executionId="16ff8721-704e-4974-9337-0befe54f30c9" testId="3f5e157c-fd88-4f5a-fa14-5f5e1b9a695a" testName="NearestPossibleZoomLevel_ShouldReturnZoomLevel3_WhenScaleIsGreaterThanZoomlevel3" computerName="DKSR-EFI-04" duration="00:00:00.0007068" startTime="2023-12-22T09:38:36.2195559+01:00" endTime="2023-12-22T09:38:36.2203942+01:00" testType="13cdc9d9-ddb5-4fa4-a97d-d965ccfc6d4b" outcome="Passed" testListId="8c84fa94-04c1-424b-9868-57a2d4851a1d" relativeResultsDirectory="16ff8721-704e-4974-9337-0befe54f30c9" />
    <UnitTestResult executionId="5c3ea4e0-0b8e-4a23-a181-b140dc8876a3" testId="7693c0df-b71c-2c4d-9039-a2e154577900" testName="DeleteMapItems_ShouldReturnFalse_WhenUserDeclinesDeletionOfMultipleItems" computerName="DKSR-EFI-04" duration="00:00:00.0021717" startTime="2023-12-22T09:39:29.0122991+01:00" endTime="2023-12-22T09:39:29.0146113+01:00" testType="13cdc9d9-ddb5-4fa4-a97d-d965ccfc6d4b" outcome="Passed" testListId="8c84fa94-04c1-424b-9868-57a2d4851a1d" relativeResultsDirectory="5c3ea4e0-0b8e-4a23-a181-b140dc8876a3" />
    <UnitTestResult executionId="2c31bdd2-f95f-41ee-9263-3925f8915d60" testId="ae1ed87e-08b0-6456-55b5-f1c7e9a80148" testName="CreateDefinition_FireSingleSearchResult_SearchFinishedWithResults" computerName="DKSR-EFI-04" duration="00:00:00.0081616" startTime="2023-12-22T09:39:14.2471796+01:00" endTime="2023-12-22T09:39:14.2554835+01:00" testType="13cdc9d9-ddb5-4fa4-a97d-d965ccfc6d4b" outcome="Passed" testListId="8c84fa94-04c1-424b-9868-57a2d4851a1d" relativeResultsDirectory="2c31bdd2-f95f-41ee-9263-3925f8915d60" />
    <UnitTestResult executionId="626abf8e-8329-4b15-8970-17a9f529e90f" testId="ebcc233a-fd3e-8478-fead-9ccf15ebc250" testName="IsDisabled_ShouldBeTrue_WhenIsDetachedControllerManager" computerName="DKSR-EFI-04" duration="00:00:00.0182921" startTime="2023-12-22T09:39:30.4052757+01:00" endTime="2023-12-22T09:39:30.4260568+01:00" testType="13cdc9d9-ddb5-4fa4-a97d-d965ccfc6d4b" outcome="Passed" testListId="8c84fa94-04c1-424b-9868-57a2d4851a1d" relativeResultsDirectory="626abf8e-8329-4b15-8970-17a9f529e90f" />
    <UnitTestResult executionId="3ea54735-8f1d-4500-9cd8-0826d9081fac" testId="58078e76-fc8c-090d-f603-a4db3d83abcc" testName="MicrophoneItemsMapLayer_Load_Save_DataIsSame" computerName="DKSR-EFI-04" duration="00:00:00.0097201" startTime="2023-12-22T09:39:27.0319359+01:00" endTime="2023-12-22T09:39:27.0418128+01:00" testType="13cdc9d9-ddb5-4fa4-a97d-d965ccfc6d4b" outcome="Passed" testListId="8c84fa94-04c1-424b-9868-57a2d4851a1d" relativeResultsDirectory="3ea54735-8f1d-4500-9cd8-0826d9081fac" />
    <UnitTestResult executionId="88d9b8e7-e475-45c1-be98-1cd4517fa46d" testId="dbc1a342-48a8-affa-8d55-c00e2654c55f" testName="ScWorkSpaceModeChangedEvent_ShouldSetDeviceIsDisabledToFalse_WhenSwitchingToLiveModeAndDeviceIsDisabled" computerName="DKSR-EFI-04" duration="00:00:00.0141329" startTime="2023-12-22T09:39:29.6947458+01:00" endTime="2023-12-22T09:39:29.7113225+01:00" testType="13cdc9d9-ddb5-4fa4-a97d-d965ccfc6d4b" outcome="Passed" testListId="8c84fa94-04c1-424b-9868-57a2d4851a1d" relativeResultsDirectory="88d9b8e7-e475-45c1-be98-1cd4517fa46d" />
    <UnitTestResult executionId="708f9130-0584-4cbd-96c9-710da9bb1932" testId="a2c49861-8cfa-cfb9-a354-4ffbac34fc0c" testName="Connect_WhenMajorServerVersionIsBelow13_ShouldCreateOldSchClient" computerName="DKSR-EFI-04" duration="00:00:00.0249964" startTime="2023-12-22T09:38:29.8975924+01:00" endTime="2023-12-22T09:38:29.9227651+01:00" testType="13cdc9d9-ddb5-4fa4-a97d-d965ccfc6d4b" outcome="Passed" testListId="8c84fa94-04c1-424b-9868-57a2d4851a1d" relativeResultsDirectory="708f9130-0584-4cbd-96c9-710da9bb1932" />
    <UnitTestResult executionId="bab6e590-ff50-441c-aca7-b694925bbc02" testId="2f6c3871-63b7-76a6-f56a-4c6dd0f4f467" testName="SearchResultDetailsView_EscapeKey_AnimationDisabled_DetailsViewRemovedFromDetailsViewControl" computerName="DKSR-EFI-04" startTime="2023-12-22T09:38:47.4030681+01:00" endTime="2023-12-22T09:38:47.4031964+01:00" testType="13cdc9d9-ddb5-4fa4-a97d-d965ccfc6d4b" outcome="NotExecuted" testListId="8c84fa94-04c1-424b-9868-57a2d4851a1d" relativeResultsDirectory="bab6e590-ff50-441c-aca7-b694925bbc02">
      <Output></Output>
    </UnitTestResult>
    <UnitTestResult executionId="bc840586-dea8-4acb-b87d-4dc275709964" testId="d02f35d6-61fd-fd34-88f9-5255843d0782" testName="TestGetBuildingClient_WithBuildingSupport_Success" computerName="DKSR-EFI-04" duration="00:00:00.0082888" startTime="2023-12-22T09:39:31.3974617+01:00" endTime="2023-12-22T09:39:31.4059942+01:00" testType="13cdc9d9-ddb5-4fa4-a97d-d965ccfc6d4b" outcome="Passed" testListId="8c84fa94-04c1-424b-9868-57a2d4851a1d" relativeResultsDirectory="bc840586-dea8-4acb-b87d-4dc275709964" />
    <UnitTestResult executionId="1349277d-a9ee-49fb-ad52-c243069812b9" testId="3a44bf9a-8ca0-1e46-e5d0-584bd0cbe223" testName="TestGetWorkroom_ByWorkSpaceId_Success" computerName="DKSR-EFI-04" duration="00:00:00.0092216" startTime="2023-12-22T09:38:31.9904840+01:00" endTime="2023-12-22T09:38:31.9998759+01:00" testType="13cdc9d9-ddb5-4fa4-a97d-d965ccfc6d4b" outcome="Passed" testListId="8c84fa94-04c1-424b-9868-57a2d4851a1d" relativeResultsDirectory="1349277d-a9ee-49fb-ad52-c243069812b9" />
    <UnitTestResult executionId="dcb62e58-78be-41bf-b471-54ee1fa9ff9b" testId="6e773555-d3bc-18e6-58f4-6a33d2e565e0" testName="CreateExportDialog_CanCreateExport_WithDefaults" computerName="DKSR-EFI-04" duration="00:00:00.0451903" startTime="2023-12-22T09:38:40.0525266+01:00" endTime="2023-12-22T09:38:40.0980301+01:00" testType="13cdc9d9-ddb5-4fa4-a97d-d965ccfc6d4b" outcome="Passed" testListId="8c84fa94-04c1-424b-9868-57a2d4851a1d" relativeResultsDirectory="dcb62e58-78be-41bf-b471-54ee1fa9ff9b" />
    <UnitTestResult executionId="c81d5b14-192a-429a-ae2c-c9f76cbd5d90" testId="047ae752-4baa-4950-c45b-96826b207ed0" testName="PtzSessionControllerInfo_ReservedChangedTest_Argument_Null_1" computerName="DKSR-EFI-04" duration="00:00:00.0005087" startTime="2023-12-22T09:38:32.1981658+01:00" endTime="2023-12-22T09:38:32.1988281+01:00" testType="13cdc9d9-ddb5-4fa4-a97d-d965ccfc6d4b" outcome="Passed" testListId="8c84fa94-04c1-424b-9868-57a2d4851a1d" relativeResultsDirectory="c81d5b14-192a-429a-ae2c-c9f76cbd5d90" />
    <UnitTestResult executionId="6f071443-5d68-4efe-ad3a-56d1152e90ab" testId="eef2616b-2ca4-c350-22c0-5b72ecd848dd" testName="UpdateSearchTemplateAsync_Succeeds_Success" computerName="DKSR-EFI-04" duration="00:00:00.0034409" startTime="2023-12-22T09:39:13.9165651+01:00" endTime="2023-12-22T09:39:13.9201477+01:00" testType="13cdc9d9-ddb5-4fa4-a97d-d965ccfc6d4b" outcome="Passed" testListId="8c84fa94-04c1-424b-9868-57a2d4851a1d" relativeResultsDirectory="6f071443-5d68-4efe-ad3a-56d1152e90ab" />
    <UnitTestResult executionId="849bbb45-c172-4483-a8b6-8d710f8be5f3" testId="d381fedf-8c58-4a19-b08e-ee127d4421c9" testName="CreateItemUserControl_CombinedSearchResultDataWrapperParameter_ControlCreatedAndInitialized" computerName="DKSR-EFI-04" duration="00:00:00.6560795" startTime="2023-12-22T09:38:44.1149976+01:00" endTime="2023-12-22T09:38:44.7741920+01:00" testType="13cdc9d9-ddb5-4fa4-a97d-d965ccfc6d4b" outcome="Passed" testListId="8c84fa94-04c1-424b-9868-57a2d4851a1d" relativeResultsDirectory="849bbb45-c172-4483-a8b6-8d710f8be5f3" />
    <UnitTestResult executionId="90de8286-a5ce-44bf-b673-d10c344d7979" testId="80316af5-ff8d-d096-8b7d-158b3853fd75" testName="Constructor_ShouldRaiseArgumentNullException_WhenGisMapModelIsNull" computerName="DKSR-EFI-04" duration="00:00:00.0797543" startTime="2023-12-22T09:38:39.2954111+01:00" endTime="2023-12-22T09:38:39.3754627+01:00" testType="13cdc9d9-ddb5-4fa4-a97d-d965ccfc6d4b" outcome="Passed" testListId="8c84fa94-04c1-424b-9868-57a2d4851a1d" relativeResultsDirectory="90de8286-a5ce-44bf-b673-d10c344d7979" />
    <UnitTestResult executionId="1cb0b6f2-524d-4082-863c-9d5bf7d87d68" testId="9f986ee2-f890-4bb4-9d18-dc0473ae370b" testName="AddToExportDevices_ShouldReturnCorrectResult (0,5,0)" computerName="DKSR-EFI-04" duration="00:00:00.0020160" startTime="2023-12-22T09:39:33.6761887+01:00" endTime="2023-12-22T09:39:33.6783975+01:00" testType="13cdc9d9-ddb5-4fa4-a97d-d965ccfc6d4b" outcome="Passed" testListId="8c84fa94-04c1-424b-9868-57a2d4851a1d" relativeResultsDirectory="1cb0b6f2-524d-4082-863c-9d5bf7d87d68" />
    <UnitTestResult executionId="91441d75-711b-4285-b3c8-e4531c000937" testId="475f68bd-aa4e-7080-1be5-54155a49acfc" testName="Convert_ShouldReturnTrue_WhenParameterIsEqualToValue" computerName="DKSR-EFI-04" duration="00:00:00.0001975" startTime="2023-12-22T09:38:33.3500445+01:00" endTime="2023-12-22T09:38:33.3503705+01:00" testType="13cdc9d9-ddb5-4fa4-a97d-d965ccfc6d4b" outcome="Passed" testListId="8c84fa94-04c1-424b-9868-57a2d4851a1d" relativeResultsDirectory="91441d75-711b-4285-b3c8-e4531c000937" />
    <UnitTestResult executionId="6ddac46f-d301-4649-9ed7-829a2801b2d0" testId="8338d7c2-18e7-4534-499f-88d705208b50" testName="CreateGeometry_FourCornerBuildingNotClosed_Success" computerName="DKSR-EFI-04" duration="00:00:00.0003280" startTime="2023-12-22T09:39:31.9885824+01:00" endTime="2023-12-22T09:39:31.9891021+01:00" testType="13cdc9d9-ddb5-4fa4-a97d-d965ccfc6d4b" outcome="Passed" testListId="8c84fa94-04c1-424b-9868-57a2d4851a1d" relativeResultsDirectory="6ddac46f-d301-4649-9ed7-829a2801b2d0" />
    <UnitTestResult executionId="d2cea984-352a-4abb-a550-ce361af98408" testId="2111d8db-c64b-ce9e-32b3-88fa21541431" testName="PtzSessionController_Start_Test" computerName="DKSR-EFI-04" duration="00:00:00.0007271" startTime="2023-12-22T09:38:32.1608588+01:00" endTime="2023-12-22T09:38:32.1617087+01:00" testType="13cdc9d9-ddb5-4fa4-a97d-d965ccfc6d4b" outcome="Passed" testListId="8c84fa94-04c1-424b-9868-57a2d4851a1d" relativeResultsDirectory="d2cea984-352a-4abb-a550-ce361af98408" />
    <UnitTestResult executionId="e6d1ab0e-c4f9-4ea5-9132-c8023c6a4538" testId="4ac98c6c-183a-9821-4f8c-c314ab12e456" testName="Clear_ShouldClearIncludedViewItemsForSelectedView" computerName="DKSR-EFI-04" duration="00:00:00.0031116" startTime="2023-12-22T09:38:32.2156094+01:00" endTime="2023-12-22T09:38:32.2188939+01:00" testType="13cdc9d9-ddb5-4fa4-a97d-d965ccfc6d4b" outcome="Passed" testListId="8c84fa94-04c1-424b-9868-57a2d4851a1d" relativeResultsDirectory="e6d1ab0e-c4f9-4ea5-9132-c8023c6a4538" />
    <UnitTestResult executionId="2b073fc1-11af-42bf-a809-41b00d90fb05" testId="45426788-53bd-fdd6-9e67-f15e7f5b5490" testName="MoveToTop_ShouldMoveMarkerTopmost_WhenNotAlreadyTopmost" computerName="DKSR-EFI-04" duration="00:00:00.0350810" startTime="2023-12-22T09:38:35.2252387+01:00" endTime="2023-12-22T09:38:35.2632754+01:00" testType="13cdc9d9-ddb5-4fa4-a97d-d965ccfc6d4b" outcome="Passed" testListId="8c84fa94-04c1-424b-9868-57a2d4851a1d" relativeResultsDirectory="2b073fc1-11af-42bf-a809-41b00d90fb05" />
    <UnitTestResult executionId="c46a45ca-cca1-4494-9014-4d27ec96ae89" testId="729824cb-41bb-e743-d160-027404f863b6" testName="AddToExportTuples_ShouldAddToExportData (0)" computerName="DKSR-EFI-04" duration="00:00:00.0045984" startTime="2023-12-22T09:39:33.4444088+01:00" endTime="2023-12-22T09:39:33.4492281+01:00" testType="13cdc9d9-ddb5-4fa4-a97d-d965ccfc6d4b" outcome="Passed" testListId="8c84fa94-04c1-424b-9868-57a2d4851a1d" relativeResultsDirectory="c46a45ca-cca1-4494-9014-4d27ec96ae89" />
    <UnitTestResult executionId="c27047e8-99fc-42b2-9c4b-5311dc655362" testId="9e8c2141-20ec-ba37-0f1b-2e2277c88211" testName="DeleteItems_ShouldResetGisPointAndRaiseEvent_WhenAnItemIsDeleted" computerName="DKSR-EFI-04" duration="00:00:00.0031718" startTime="2023-12-22T09:39:29.5506043+01:00" endTime="2023-12-22T09:39:29.5540153+01:00" testType="13cdc9d9-ddb5-4fa4-a97d-d965ccfc6d4b" outcome="Passed" testListId="8c84fa94-04c1-424b-9868-57a2d4851a1d" relativeResultsDirectory="c27047e8-99fc-42b2-9c4b-5311dc655362" />
    <UnitTestResult executionId="8d4f5935-0bd0-47ce-bf5d-ecadcae28980" testId="0235937d-7835-1be7-a6de-aa25a4b10aac" testName="GetSnapshots_NoPlaybackRight_Failure" computerName="DKSR-EFI-04" duration="00:00:00.0027307" startTime="2023-12-22T09:39:13.7092340+01:00" endTime="2023-12-22T09:39:13.7121665+01:00" testType="13cdc9d9-ddb5-4fa4-a97d-d965ccfc6d4b" outcome="Passed" testListId="8c84fa94-04c1-424b-9868-57a2d4851a1d" relativeResultsDirectory="8d4f5935-0bd0-47ce-bf5d-ecadcae28980" />
    <UnitTestResult executionId="f38e8eee-b70e-47b8-b27a-d27f23bc10b1" testId="56af3ae0-30c5-e2c9-265d-9763c2af0b14" testName="ActiveInteractionStateBinding_ShouldOnlyContainNormal_WhenCtorIsCalled" computerName="DKSR-EFI-04" duration="00:00:00.0319076" startTime="2023-12-22T09:38:36.6368463+01:00" endTime="2023-12-22T09:38:36.6715219+01:00" testType="13cdc9d9-ddb5-4fa4-a97d-d965ccfc6d4b" outcome="Passed" testListId="8c84fa94-04c1-424b-9868-57a2d4851a1d" relativeResultsDirectory="f38e8eee-b70e-47b8-b27a-d27f23bc10b1" />
    <UnitTestResult executionId="35bb56dc-5cd4-4d61-a1f0-23af903575b8" testId="920a2918-af9a-e3ed-e910-d0d07bf9fed3" testName="IsProcessing_CancelWhileUnprocessedItemsAndThenResumeSearch_Success" computerName="DKSR-EFI-04" duration="00:00:00.0016804" startTime="2023-12-22T09:39:14.5064734+01:00" endTime="2023-12-22T09:39:14.5082935+01:00" testType="13cdc9d9-ddb5-4fa4-a97d-d965ccfc6d4b" outcome="Passed" testListId="8c84fa94-04c1-424b-9868-57a2d4851a1d" relativeResultsDirectory="35bb56dc-5cd4-4d61-a1f0-23af903575b8" />
    <UnitTestResult executionId="24478af3-9939-482e-b425-a92a99456d22" testId="dc781f78-aa42-d9b1-8797-d2b3767e846c" testName="UpdateScope_RelativeScopeDurationFromTimeChanged_ReturnsFalse" computerName="DKSR-EFI-04" duration="00:00:00.0001967" startTime="2023-12-22T09:39:14.5409420+01:00" endTime="2023-12-22T09:39:14.5413122+01:00" testType="13cdc9d9-ddb5-4fa4-a97d-d965ccfc6d4b" outcome="Passed" testListId="8c84fa94-04c1-424b-9868-57a2d4851a1d" relativeResultsDirectory="24478af3-9939-482e-b425-a92a99456d22" />
    <UnitTestResult executionId="60ace04f-2aa2-4d5c-9d22-6b6db1c47a51" testId="a9a49dd9-77fa-e02e-a80e-c665ef39753c" testName="WhenActionExecutedWithAlarmsForSoSubscribedObserverThenNoObserverNotified" computerName="DKSR-EFI-04" duration="00:00:00.0018896" startTime="2023-12-22T09:39:31.4589684+01:00" endTime="2023-12-22T09:39:31.4609968+01:00" testType="13cdc9d9-ddb5-4fa4-a97d-d965ccfc6d4b" outcome="Passed" testListId="8c84fa94-04c1-424b-9868-57a2d4851a1d" relativeResultsDirectory="60ace04f-2aa2-4d5c-9d22-6b6db1c47a51" />
    <UnitTestResult executionId="15c994b1-c5b1-42ad-a44f-4804986402a3" testId="4037f8f9-6ca0-fb62-ee52-1ab0cb3db5fb" testName="TimeToStringConverter_Convert_InvalidParameter_ReturnUnsetValue" computerName="DKSR-EFI-04" duration="00:00:00.0004025" startTime="2023-12-22T09:38:59.0634565+01:00" endTime="2023-12-22T09:38:59.0639931+01:00" testType="13cdc9d9-ddb5-4fa4-a97d-d965ccfc6d4b" outcome="Passed" testListId="8c84fa94-04c1-424b-9868-57a2d4851a1d" relativeResultsDirectory="15c994b1-c5b1-42ad-a44f-4804986402a3" />
    <UnitTestResult executionId="871c987b-b744-4146-8bcd-d02e9ed9d12b" testId="94ba17e6-30fb-3cd3-1d80-21c645e8deb9" testName="GetWorkspaceToolbarItems_ShouldReturnLiveToolbarItemDisabledPlaybackToolbarItemEnabled_WhenWorkspaceIsPlayback" computerName="DKSR-EFI-04" duration="00:00:00.0027945" startTime="2023-12-22T09:39:32.6356562+01:00" endTime="2023-12-22T09:39:32.6386242+01:00" testType="13cdc9d9-ddb5-4fa4-a97d-d965ccfc6d4b" outcome="Passed" testListId="8c84fa94-04c1-424b-9868-57a2d4851a1d" relativeResultsDirectory="871c987b-b744-4146-8bcd-d02e9ed9d12b" />
    <UnitTestResult executionId="ad65ac0a-42d6-4685-a687-874448b47b20" testId="7aa29abd-7d3e-a7dc-4d9c-0edf39d05bae" testName="SupportsDoubleClick_ShouldBeTrue_WhenInteractionStateIsNormalAndInSetupMode" computerName="DKSR-EFI-04" duration="00:00:00.0178964" startTime="2023-12-22T09:38:36.9149412+01:00" endTime="2023-12-22T09:38:36.9359195+01:00" testType="13cdc9d9-ddb5-4fa4-a97d-d965ccfc6d4b" outcome="Passed" testListId="8c84fa94-04c1-424b-9868-57a2d4851a1d" relativeResultsDirectory="ad65ac0a-42d6-4685-a687-874448b47b20" />
    <UnitTestResult executionId="ae269e6a-b349-4e8c-9817-add11d6fa527" testId="ec6a1fe9-3af6-63ab-879a-5b325bb75a96" testName="AddToExportTuples_ShouldReturnCorrectResult (0,1,1)" computerName="DKSR-EFI-04" duration="00:00:00.0020520" startTime="2023-12-22T09:39:33.5770285+01:00" endTime="2023-12-22T09:39:33.5792407+01:00" testType="13cdc9d9-ddb5-4fa4-a97d-d965ccfc6d4b" outcome="Passed" testListId="8c84fa94-04c1-424b-9868-57a2d4851a1d" relativeResultsDirectory="ae269e6a-b349-4e8c-9817-add11d6fa527" />
    <UnitTestResult executionId="d1687091-d33d-4356-b3b7-6a5c41136613" testId="e36d83f9-6b5d-9305-3ea9-821cb3744fa4" testName="PatrollingStepListViewModel_ConvertToIPatrollingSteps" computerName="DKSR-EFI-04" duration="00:00:00.0014919" startTime="2023-12-22T09:39:32.2675768+01:00" endTime="2023-12-22T09:39:32.2691959+01:00" testType="13cdc9d9-ddb5-4fa4-a97d-d965ccfc6d4b" outcome="Passed" testListId="8c84fa94-04c1-424b-9868-57a2d4851a1d" relativeResultsDirectory="d1687091-d33d-4356-b3b7-6a5c41136613" />
    <UnitTestResult executionId="dd29b9cd-28f7-4696-b9f7-c38cfbfcc1c8" testId="c6fc9995-4feb-7741-7b1f-15f47389f965" testName="CreateDefinition_OneFiltersInCategory_OneFilterValuesAddedToSearchCriteria" computerName="DKSR-EFI-04" duration="00:00:00.0046589" startTime="2023-12-22T09:39:14.1390937+01:00" endTime="2023-12-22T09:39:14.1439070+01:00" testType="13cdc9d9-ddb5-4fa4-a97d-d965ccfc6d4b" outcome="Passed" testListId="8c84fa94-04c1-424b-9868-57a2d4851a1d" relativeResultsDirectory="dd29b9cd-28f7-4696-b9f7-c38cfbfcc1c8" />
    <UnitTestResult executionId="b354d105-b2e3-4921-ad69-f4691cd1b93d" testId="e0503f8a-eae1-c2d9-bbae-ed3d40256258" testName="GetBoundingShapesForMetadataObjectsAsync_ShouldIgnoreMetadataObject_WhenRequestedTimeIsOutsideMetadataTimespan" computerName="DKSR-EFI-04" duration="00:00:00.0040270" startTime="2023-12-22T09:39:13.7884842+01:00" endTime="2023-12-22T09:39:13.7927822+01:00" testType="13cdc9d9-ddb5-4fa4-a97d-d965ccfc6d4b" outcome="Passed" testListId="8c84fa94-04c1-424b-9868-57a2d4851a1d" relativeResultsDirectory="b354d105-b2e3-4921-ad69-f4691cd1b93d" />
    <UnitTestResult executionId="7bdecdba-0505-4d8c-9fb3-4f59ec88269b" testId="73f202f0-6b9c-f5c0-5b33-e4aa7777d3dd" testName="NavigateAndSelectAsync_CameraKind_CallDelegatedToViewModel" computerName="DKSR-EFI-04" duration="00:00:00.0111151" startTime="2023-12-22T09:38:38.9961925+01:00" endTime="2023-12-22T09:38:39.0096441+01:00" testType="13cdc9d9-ddb5-4fa4-a97d-d965ccfc6d4b" outcome="Passed" testListId="8c84fa94-04c1-424b-9868-57a2d4851a1d" relativeResultsDirectory="7bdecdba-0505-4d8c-9fb3-4f59ec88269b" />
    <UnitTestResult executionId="34cd9a45-4787-42ae-9658-c523f410f7b0" testId="b6ee4187-2f4d-362e-5b8c-3b73aeaf5c65" testName="SearchResultsActionBarActions_DeleteBookmark_2Results1Failed_DeleteBookmarkInvoked" computerName="DKSR-EFI-04" duration="00:00:00.0123269" startTime="2023-12-22T09:39:11.3715818+01:00" endTime="2023-12-22T09:39:11.3840748+01:00" testType="13cdc9d9-ddb5-4fa4-a97d-d965ccfc6d4b" outcome="Passed" testListId="8c84fa94-04c1-424b-9868-57a2d4851a1d" relativeResultsDirectory="34cd9a45-4787-42ae-9658-c523f410f7b0" />
    <UnitTestResult executionId="9dd32026-23d8-4ae1-b0ea-711d74de69cb" testId="b11ed0cb-92ec-eb39-adbe-7566a1ca86ed" testName="GetClusters_Milestone_DifferentZoom_Success" computerName="DKSR-EFI-04" duration="00:00:00.0447482" startTime="2023-12-22T09:39:31.6744008+01:00" endTime="2023-12-22T09:39:31.7193507+01:00" testType="13cdc9d9-ddb5-4fa4-a97d-d965ccfc6d4b" outcome="Passed" testListId="8c84fa94-04c1-424b-9868-57a2d4851a1d" relativeResultsDirectory="9dd32026-23d8-4ae1-b0ea-711d74de69cb" />
    <UnitTestResult executionId="0a666dba-8bc6-48f9-bc43-846d924e5fe1" testId="9161b7a2-9233-72ad-eb95-c7d6bfabd975" testName="Password1 invalid, Password 2 valid" computerName="DKSR-EFI-04" duration="00:00:00.0001454" startTime="2023-12-22T09:38:40.9626985+01:00" endTime="2023-12-22T09:38:40.9629875+01:00" testType="13cdc9d9-ddb5-4fa4-a97d-d965ccfc6d4b" outcome="Passed" testListId="8c84fa94-04c1-424b-9868-57a2d4851a1d" relativeResultsDirectory="0a666dba-8bc6-48f9-bc43-846d924e5fe1" />
    <UnitTestResult executionId="ff0c1628-6712-4be3-b69b-c72784d72781" testId="76c6e850-3966-de20-82b6-519095d891a6" testName="Ctor_ShouldAddBasicUserCredentialsToCache_WhenServerAuthenticationIsSimple" computerName="DKSR-EFI-04" duration="00:00:00.0004228" startTime="2023-12-22T09:38:32.3309014+01:00" endTime="2023-12-22T09:38:32.3314488+01:00" testType="13cdc9d9-ddb5-4fa4-a97d-d965ccfc6d4b" outcome="Passed" testListId="8c84fa94-04c1-424b-9868-57a2d4851a1d" relativeResultsDirectory="ff0c1628-6712-4be3-b69b-c72784d72781" />
    <UnitTestResult executionId="b09965c7-98be-4a7b-9c49-81175bd9bf60" testId="b0092946-2776-e7d9-62f7-adb16861e4a5" testName="DrawItems_TimeZoneUtcPlus1_MarksShifted" computerName="DKSR-EFI-04" duration="00:00:00.0285901" startTime="2023-12-22T09:39:01.3819973+01:00" endTime="2023-12-22T09:39:01.4132728+01:00" testType="13cdc9d9-ddb5-4fa4-a97d-d965ccfc6d4b" outcome="Passed" testListId="8c84fa94-04c1-424b-9868-57a2d4851a1d" relativeResultsDirectory="b09965c7-98be-4a7b-9c49-81175bd9bf60" />
    <UnitTestResult executionId="22347779-ad2b-4ea1-b55c-f0e1a66cad0d" testId="a8a4e835-940f-7215-5269-967ee52ddfcd" testName="BuildMapOptions_ShouldHandleSecretStringOptionsCorrectly (GisMapBingMapKey,,False)" computerName="DKSR-EFI-04" duration="00:00:00.0008941" startTime="2023-12-22T09:39:38.5136022+01:00" endTime="2023-12-22T09:39:38.5147024+01:00" testType="13cdc9d9-ddb5-4fa4-a97d-d965ccfc6d4b" outcome="Passed" testListId="8c84fa94-04c1-424b-9868-57a2d4851a1d" relativeResultsDirectory="22347779-ad2b-4ea1-b55c-f0e1a66cad0d" />
    <UnitTestResult executionId="8e2f4e9d-2c12-42c4-9540-2451e460611b" testId="74a5479e-3d8d-745b-8d0c-dc17a9c1c316" testName="SearchResultsActionBarActions_AddBookmark_NoBookmarkAgentAdded_SingleResult_CreateBookmarkInvoked" computerName="DKSR-EFI-04" duration="00:00:00.0339322" startTime="2023-12-22T09:39:10.8878203+01:00" endTime="2023-12-22T09:39:10.9219144+01:00" testType="13cdc9d9-ddb5-4fa4-a97d-d965ccfc6d4b" outcome="Passed" testListId="8c84fa94-04c1-424b-9868-57a2d4851a1d" relativeResultsDirectory="8e2f4e9d-2c12-42c4-9540-2451e460611b" />
    <UnitTestResult executionId="3a34fd95-64a6-4756-bd7a-ac3b1a182388" testId="d85ccb45-df39-85fa-0735-81b50d6ae30d" testName="Both enabled, not forced" computerName="DKSR-EFI-04" duration="00:00:00.0048516" startTime="2023-12-22T09:38:40.1982994+01:00" endTime="2023-12-22T09:38:40.2033262+01:00" testType="13cdc9d9-ddb5-4fa4-a97d-d965ccfc6d4b" outcome="Passed" testListId="8c84fa94-04c1-424b-9868-57a2d4851a1d" relativeResultsDirectory="3a34fd95-64a6-4756-bd7a-ac3b1a182388" />
    <UnitTestResult executionId="a98d1cc8-7f11-4437-9e9f-68bc54160a1b" testId="84d62aca-a413-46a5-c8ba-3602e6cd8798" testName="CameraMapItem_ForceActivateAsync_InBuilding_UseLastLevel_Success" computerName="DKSR-EFI-04" duration="00:00:00.0136238" startTime="2023-12-22T09:39:27.7980849+01:00" endTime="2023-12-22T09:39:27.8119006+01:00" testType="13cdc9d9-ddb5-4fa4-a97d-d965ccfc6d4b" outcome="Passed" testListId="8c84fa94-04c1-424b-9868-57a2d4851a1d" relativeResultsDirectory="a98d1cc8-7f11-4437-9e9f-68bc54160a1b" />
    <UnitTestResult executionId="6d965bac-f1b5-4fc6-ab34-f91d01015255" testId="8d3921c6-4c1a-b1d4-4584-3d6429a3707e" testName="DetermineUserAllowsUnsecureConnection_WhereUserIsAskedAndUnsecureIsAllow_ShouldReturnTrue" computerName="DKSR-EFI-04" duration="00:00:00.0003766" startTime="2023-12-22T09:38:29.9551130+01:00" endTime="2023-12-22T09:38:29.9561103+01:00" testType="13cdc9d9-ddb5-4fa4-a97d-d965ccfc6d4b" outcome="Passed" testListId="8c84fa94-04c1-424b-9868-57a2d4851a1d" relativeResultsDirectory="6d965bac-f1b5-4fc6-ab34-f91d01015255" />
    <UnitTestResult executionId="59207a17-c84f-4e55-970e-0364445ab1db" testId="2670b347-ae46-c79b-6a32-846917e5ef9a" testName="HandleSetLayerFeatures_ShouldRaiseArgumentException_WhenCameraKindAndNotCameraLayerFeaturesAndInputLayer" computerName="DKSR-EFI-04" duration="00:00:00.0010688" startTime="2023-12-22T09:39:31.2570220+01:00" endTime="2023-12-22T09:39:31.2582611+01:00" testType="13cdc9d9-ddb5-4fa4-a97d-d965ccfc6d4b" outcome="Passed" testListId="8c84fa94-04c1-424b-9868-57a2d4851a1d" relativeResultsDirectory="59207a17-c84f-4e55-970e-0364445ab1db" />
    <UnitTestResult executionId="61ae07ee-33d4-466e-b5d4-0926749ed0ca" testId="239b3280-9e3f-daec-90e9-2d7422e5091c" testName="Serialize_SearchDefinitionWithNonSerializableFilterValue_FilterValueOmitted" computerName="DKSR-EFI-04" duration="00:00:00.0008684" startTime="2023-12-22T09:39:14.6835633+01:00" endTime="2023-12-22T09:39:14.6845738+01:00" testType="13cdc9d9-ddb5-4fa4-a97d-d965ccfc6d4b" outcome="Passed" testListId="8c84fa94-04c1-424b-9868-57a2d4851a1d" relativeResultsDirectory="61ae07ee-33d4-466e-b5d4-0926749ed0ca" />
    <UnitTestResult executionId="73d792b5-54e8-420e-b61f-c9d1b3b18af8" testId="f655cfd1-db07-f37a-bdd0-c0091f35a2db" testName="SmartMapGoToPositionHandler_WhenWindowIdDoesNotMatch_ShouldDoNothing" computerName="DKSR-EFI-04" duration="00:00:00.0026015" startTime="2023-12-22T09:38:38.6307283+01:00" endTime="2023-12-22T09:38:38.6334500+01:00" testType="13cdc9d9-ddb5-4fa4-a97d-d965ccfc6d4b" outcome="Passed" testListId="8c84fa94-04c1-424b-9868-57a2d4851a1d" relativeResultsDirectory="73d792b5-54e8-420e-b61f-c9d1b3b18af8" />
    <UnitTestResult executionId="64d80528-ea5e-4ff5-8536-f06f8325c1db" testId="6d978bab-aad4-7287-6436-c0f917b175ca" testName="FetchDeviceConfiguration_ShouldLoadFromServer_WhenCacheFileIsNotPresentAndFetchTypeIsOnlyCache" computerName="DKSR-EFI-04" duration="00:00:00.0017824" startTime="2023-12-22T09:39:38.4792073+01:00" endTime="2023-12-22T09:39:38.4811452+01:00" testType="13cdc9d9-ddb5-4fa4-a97d-d965ccfc6d4b" outcome="Passed" testListId="8c84fa94-04c1-424b-9868-57a2d4851a1d" relativeResultsDirectory="64d80528-ea5e-4ff5-8536-f06f8325c1db" />
    <UnitTestResult executionId="e590728e-eb15-452b-b2ba-cfa1e8399fbb" testId="b875a004-85a0-61f0-5a06-f872b9bf4ce4" testName="MainScopeTitleMaxWidthConverter_ConvertSuccess" computerName="DKSR-EFI-04" duration="00:00:00.0011986" startTime="2023-12-22T09:38:59.0450102+01:00" endTime="2023-12-22T09:38:59.0463499+01:00" testType="13cdc9d9-ddb5-4fa4-a97d-d965ccfc6d4b" outcome="Passed" testListId="8c84fa94-04c1-424b-9868-57a2d4851a1d" relativeResultsDirectory="e590728e-eb15-452b-b2ba-cfa1e8399fbb" />
    <UnitTestResult executionId="e35e3c1e-d83f-4b84-a51d-0b3fbed08cc2" testId="7a5350b3-34d1-bd37-e8d8-d06d15c440d2" testName="ConvertToValidPath_WhenAllowDirectories_ConvertToValidPath" computerName="DKSR-EFI-04" duration="00:00:00.0005799" startTime="2023-12-22T09:39:38.4816854+01:00" endTime="2023-12-22T09:39:38.4825647+01:00" testType="13cdc9d9-ddb5-4fa4-a97d-d965ccfc6d4b" outcome="Passed" testListId="8c84fa94-04c1-424b-9868-57a2d4851a1d" relativeResultsDirectory="e35e3c1e-d83f-4b84-a51d-0b3fbed08cc2" />
    <UnitTestResult executionId="6a4a81e4-e873-4083-ae3c-91c80f0b5428" testId="56f5cfe7-c187-684a-c730-d4624e106c42" testName="Parse_Success" computerName="DKSR-EFI-04" duration="00:00:00.0094832" startTime="2023-12-22T09:39:33.3184799+01:00" endTime="2023-12-22T09:39:33.3281960+01:00" testType="13cdc9d9-ddb5-4fa4-a97d-d965ccfc6d4b" outcome="Passed" testListId="8c84fa94-04c1-424b-9868-57a2d4851a1d" relativeResultsDirectory="6a4a81e4-e873-4083-ae3c-91c80f0b5428" />
    <UnitTestResult executionId="2059c531-57be-4d73-82f7-d2faf967b90d" testId="830bf89f-dfc4-5715-2ff6-ae54ad42b242" testName="IsDeviceSupported_ShouldReturnTrue_WhenInputKind" computerName="DKSR-EFI-04" duration="00:00:00.0001681" startTime="2023-12-22T09:38:39.9005949+01:00" endTime="2023-12-22T09:38:39.9008893+01:00" testType="13cdc9d9-ddb5-4fa4-a97d-d965ccfc6d4b" outcome="Passed" testListId="8c84fa94-04c1-424b-9868-57a2d4851a1d" relativeResultsDirectory="2059c531-57be-4d73-82f7-d2faf967b90d" />
    <UnitTestResult executionId="4f3d60e8-ae55-462f-aba5-28da37cb6fc1" testId="11e32396-3f3f-284e-b683-2e3e119136e4" testName="PopulateTooltip_ManyResultsFromManyCameras12Hours_ValidText" computerName="DKSR-EFI-04" duration="00:00:00.5382077" startTime="2023-12-22T09:39:08.3952582+01:00" endTime="2023-12-22T09:39:08.9375623+01:00" testType="13cdc9d9-ddb5-4fa4-a97d-d965ccfc6d4b" outcome="Passed" testListId="8c84fa94-04c1-424b-9868-57a2d4851a1d" relativeResultsDirectory="4f3d60e8-ae55-462f-aba5-28da37cb6fc1" />
    <UnitTestResult executionId="304c5e1b-cc2d-4bed-990c-ea3c93f9fde1" testId="d334a597-c565-285a-8550-3b9ea2cba29c" testName="CalculateNewExtent_ShouldScaleEvenly_WhenWithinMaxInLowerLeft" computerName="DKSR-EFI-04" duration="00:00:00.0001701" startTime="2023-12-22T09:38:38.8228827+01:00" endTime="2023-12-22T09:38:38.8231622+01:00" testType="13cdc9d9-ddb5-4fa4-a97d-d965ccfc6d4b" outcome="Passed" testListId="8c84fa94-04c1-424b-9868-57a2d4851a1d" relativeResultsDirectory="304c5e1b-cc2d-4bed-990c-ea3c93f9fde1" />
    <UnitTestResult executionId="59527e62-488b-496b-8404-64653aacf280" testId="7f829730-4be6-05ca-a995-3feee848e3f2" testName="BuildContentOptions_ShouldReturnInternalTab (73576FEA-BD0E-43C4-AD9D-589FBE4DC29B,True)" computerName="DKSR-EFI-04" duration="00:00:00.0013599" startTime="2023-12-22T09:39:38.5230563+01:00" endTime="2023-12-22T09:39:38.5245949+01:00" testType="13cdc9d9-ddb5-4fa4-a97d-d965ccfc6d4b" outcome="Passed" testListId="8c84fa94-04c1-424b-9868-57a2d4851a1d" relativeResultsDirectory="59527e62-488b-496b-8404-64653aacf280" />
    <UnitTestResult executionId="1117d901-e003-4e58-810e-774198351587" testId="01f34d8e-771f-fa5c-163a-25421605a156" testName="HandleGetDeviceData_ShouldReturnInputData_WhenInputKindAndExistingInputId" computerName="DKSR-EFI-04" duration="00:00:00.0251335" startTime="2023-12-22T09:38:39.6197576+01:00" endTime="2023-12-22T09:38:39.6450409+01:00" testType="13cdc9d9-ddb5-4fa4-a97d-d965ccfc6d4b" outcome="Passed" testListId="8c84fa94-04c1-424b-9868-57a2d4851a1d" relativeResultsDirectory="1117d901-e003-4e58-810e-774198351587" />
    <UnitTestResult executionId="11046e7a-c48f-407a-bed6-088a1bc54409" testId="7480cb9c-3d2a-334b-c8f7-266fc8075bc0" testName="GisMap_Load_Success" computerName="DKSR-EFI-04" duration="00:00:00.0241794" startTime="2023-12-22T09:39:28.1596451+01:00" endTime="2023-12-22T09:39:28.1840099+01:00" testType="13cdc9d9-ddb5-4fa4-a97d-d965ccfc6d4b" outcome="Passed" testListId="8c84fa94-04c1-424b-9868-57a2d4851a1d" relativeResultsDirectory="11046e7a-c48f-407a-bed6-088a1bc54409" />
    <UnitTestResult executionId="4b5eb7bd-84f4-4aee-b0e0-4eec3b204bed" testId="233a6bed-ae00-b023-a337-828767e08ee8" testName="AlwaysPutSmartWallGroupLast" computerName="DKSR-EFI-04" duration="00:00:00.0004961" startTime="2023-12-22T09:39:33.2657920+01:00" endTime="2023-12-22T09:39:33.2664210+01:00" testType="13cdc9d9-ddb5-4fa4-a97d-d965ccfc6d4b" outcome="Passed" testListId="8c84fa94-04c1-424b-9868-57a2d4851a1d" relativeResultsDirectory="4b5eb7bd-84f4-4aee-b0e0-4eec3b204bed" />
    <UnitTestResult executionId="a223b59b-4dd4-4f30-b733-ce2483a1e816" testId="b0e999aa-6f2d-cdfd-39f2-77fd8d2611be" testName="Compare_NotNullVsNull_LessThan" computerName="DKSR-EFI-04" duration="00:00:00.0001774" startTime="2023-12-22T09:39:14.6224396+01:00" endTime="2023-12-22T09:39:14.6227937+01:00" testType="13cdc9d9-ddb5-4fa4-a97d-d965ccfc6d4b" outcome="Passed" testListId="8c84fa94-04c1-424b-9868-57a2d4851a1d" relativeResultsDirectory="a223b59b-4dd4-4f30-b733-ce2483a1e816" />
    <UnitTestResult executionId="76254128-66d0-4f3b-a40f-1e916a16471e" testId="526844e8-d693-bdcc-23f1-06de8a485eea" testName="PopulateTooltip_HoverOverEmpty_TooltipIsEmpty" computerName="DKSR-EFI-04" duration="00:00:00.0280420" startTime="2023-12-22T09:39:01.4524119+01:00" endTime="2023-12-22T09:39:01.4831240+01:00" testType="13cdc9d9-ddb5-4fa4-a97d-d965ccfc6d4b" outcome="Passed" testListId="8c84fa94-04c1-424b-9868-57a2d4851a1d" relativeResultsDirectory="76254128-66d0-4f3b-a40f-1e916a16471e" />
    <UnitTestResult executionId="efd3c5f2-0734-4796-a629-4fb4c66adc1d" testId="f23cbfaa-bd0e-0a68-964c-aedac70dbd89" testName="Constructor_ShouldRaiseArgumentNullException_WhenLayersIsNull" computerName="DKSR-EFI-04" duration="00:00:00.0021223" startTime="2023-12-22T09:39:31.3467259+01:00" endTime="2023-12-22T09:39:31.3491545+01:00" testType="13cdc9d9-ddb5-4fa4-a97d-d965ccfc6d4b" outcome="Passed" testListId="8c84fa94-04c1-424b-9868-57a2d4851a1d" relativeResultsDirectory="efd3c5f2-0734-4796-a629-4fb4c66adc1d" />
    <UnitTestResult executionId="34363522-2d63-453b-a7a8-a5731351a015" testId="7c485018-e81c-b9cc-ee22-382cb4b7a7c1" testName="IsDeviceSupported_ShouldReturnTrue_WhenCameraKind" computerName="DKSR-EFI-04" duration="00:00:00.0002983" startTime="2023-12-22T09:38:39.8988691+01:00" endTime="2023-12-22T09:38:39.8994050+01:00" testType="13cdc9d9-ddb5-4fa4-a97d-d965ccfc6d4b" outcome="Passed" testListId="8c84fa94-04c1-424b-9868-57a2d4851a1d" relativeResultsDirectory="34363522-2d63-453b-a7a8-a5731351a015" />
    <UnitTestResult executionId="a28f8c5f-6b8b-4ee3-9eff-2af03f0ff055" testId="3c6b6456-74c4-1dda-6116-e2d0816b5ed7" testName="AddToExportDevices_ShouldReturnCorrectResult (5,5,0)" computerName="DKSR-EFI-04" duration="00:00:00.0026116" startTime="2023-12-22T09:39:33.6878782+01:00" endTime="2023-12-22T09:39:33.6907102+01:00" testType="13cdc9d9-ddb5-4fa4-a97d-d965ccfc6d4b" outcome="Passed" testListId="8c84fa94-04c1-424b-9868-57a2d4851a1d" relativeResultsDirectory="a28f8c5f-6b8b-4ee3-9eff-2af03f0ff055" />
    <UnitTestResult executionId="a9b1309b-cc95-4236-bf3c-77cbca82c686" testId="43001655-6df0-fd55-49b4-09a30b307ee3" testName="Compare_SameBeginTimeDeterministicBehavior_CameraId_Success" computerName="DKSR-EFI-04" duration="00:00:00.0010416" startTime="2023-12-22T09:39:14.6325933+01:00" endTime="2023-12-22T09:39:14.6337763+01:00" testType="13cdc9d9-ddb5-4fa4-a97d-d965ccfc6d4b" outcome="Passed" testListId="8c84fa94-04c1-424b-9868-57a2d4851a1d" relativeResultsDirectory="a9b1309b-cc95-4236-bf3c-77cbca82c686" />
    <UnitTestResult executionId="d326d425-73c0-492d-bb82-f1a998539aa5" testId="8fb02973-b048-8216-b7ce-b352b4c4fa12" testName="ValidEncryptionStrengthsForExport_ShouldReturnAllStrengths_WhenLegacyEncryptionEnabledInAppConfigAndFipsDisabled" computerName="DKSR-EFI-04" duration="00:00:00.0040337" startTime="2023-12-22T09:39:34.9431861+01:00" endTime="2023-12-22T09:39:34.9473685+01:00" testType="13cdc9d9-ddb5-4fa4-a97d-d965ccfc6d4b" outcome="Passed" testListId="8c84fa94-04c1-424b-9868-57a2d4851a1d" relativeResultsDirectory="d326d425-73c0-492d-bb82-f1a998539aa5" />
    <UnitTestResult executionId="b6a77d26-8eae-45be-a0ad-479df9e5fb6b" testId="2a74f75f-14b3-bc86-2d45-d53566346d28" testName="DeviceSelectorUserControl_ShouldRaiseMissingMethodException_WhenUserControlLacksConstructorWithInteractionStateParameter" computerName="DKSR-EFI-04" duration="00:00:00.0160838" startTime="2023-12-22T09:38:34.9325789+01:00" endTime="2023-12-22T09:38:34.9488659+01:00" testType="13cdc9d9-ddb5-4fa4-a97d-d965ccfc6d4b" outcome="Passed" testListId="8c84fa94-04c1-424b-9868-57a2d4851a1d" relativeResultsDirectory="b6a77d26-8eae-45be-a0ad-479df9e5fb6b" />
    <UnitTestResult executionId="e54ee9fd-623b-4adf-94b3-320bfeb74a2d" testId="e1f594ff-5c37-d66b-07f6-82e1c4cb1481" testName="SelectTemplate_UseInlineEditFalse_ReturnsPopupTemplate" computerName="DKSR-EFI-04" duration="00:00:00.0006026" startTime="2023-12-22T09:38:41.2833934+01:00" endTime="2023-12-22T09:38:41.2841196+01:00" testType="13cdc9d9-ddb5-4fa4-a97d-d965ccfc6d4b" outcome="Passed" testListId="8c84fa94-04c1-424b-9868-57a2d4851a1d" relativeResultsDirectory="e54ee9fd-623b-4adf-94b3-320bfeb74a2d" />
    <UnitTestResult executionId="d5ef4aea-e505-411f-bb64-74a01b2ad42f" testId="c6dda2cd-bb4c-abf6-4c9e-75c0a7c49325" testName="MapOutputIcons_WhenPinkOemResource_ShouldReturnTwoIcons" computerName="DKSR-EFI-04" duration="00:00:00.0141160" startTime="2023-12-22T09:39:37.7150512+01:00" endTime="2023-12-22T09:39:37.7293273+01:00" testType="13cdc9d9-ddb5-4fa4-a97d-d965ccfc6d4b" outcome="Passed" testListId="8c84fa94-04c1-424b-9868-57a2d4851a1d" relativeResultsDirectory="d5ef4aea-e505-411f-bb64-74a01b2ad42f" />
    <UnitTestResult executionId="5f25dd55-31a2-4b9a-9bff-df8cfd54a0a6" testId="8ff6a0dd-30dd-b7ad-a8c3-0633bc0cf3f8" testName="SearchResultsReady_ShouldReturnUniqueResults_WhenSomeResultIdsAreDuplicated" computerName="DKSR-EFI-04" duration="00:00:00.0054655" startTime="2023-12-22T09:39:14.3403324+01:00" endTime="2023-12-22T09:39:14.3459367+01:00" testType="13cdc9d9-ddb5-4fa4-a97d-d965ccfc6d4b" outcome="Passed" testListId="8c84fa94-04c1-424b-9868-57a2d4851a1d" relativeResultsDirectory="5f25dd55-31a2-4b9a-9bff-df8cfd54a0a6" />
    <UnitTestResult executionId="e07c4914-5ee2-42cb-b551-87a2035d4534" testId="bb4bb142-b438-3655-29db-1dd962632a41" testName="SelectTemplate_ListSelectionFilterConfiguration_ThreeOrMoreItems_ReturnsPopupTemplate" computerName="DKSR-EFI-04" duration="00:00:00.0005926" startTime="2023-12-22T09:38:41.2945234+01:00" endTime="2023-12-22T09:38:41.2952347+01:00" testType="13cdc9d9-ddb5-4fa4-a97d-d965ccfc6d4b" outcome="Passed" testListId="8c84fa94-04c1-424b-9868-57a2d4851a1d" relativeResultsDirectory="e07c4914-5ee2-42cb-b551-87a2035d4534" />
    <UnitTestResult executionId="36599b6e-b344-44a9-b80b-1ad48da63c5a" testId="2833457c-1856-8c1e-4496-190a417e49d0" testName="Deserialize_ShouldReturnCombineTypeAnd_WhenCombineTypeIsAndInXml" computerName="DKSR-EFI-04" duration="00:00:00.0051934" startTime="2023-12-22T09:39:14.4342938+01:00" endTime="2023-12-22T09:39:14.4396292+01:00" testType="13cdc9d9-ddb5-4fa4-a97d-d965ccfc6d4b" outcome="Passed" testListId="8c84fa94-04c1-424b-9868-57a2d4851a1d" relativeResultsDirectory="36599b6e-b344-44a9-b80b-1ad48da63c5a" />
    <UnitTestResult executionId="2f478b93-202e-4d46-ad2e-6196f6e358d8" testId="b1a54d71-5c4b-5e18-0c40-6a96ee3db5e8" testName="SetSelectedDuration_ValidScopeDurations_SelectedTimeScopeSet" computerName="DKSR-EFI-04" duration="00:00:00.0096459" startTime="2023-12-22T09:39:12.7152889+01:00" endTime="2023-12-22T09:39:12.7250919+01:00" testType="13cdc9d9-ddb5-4fa4-a97d-d965ccfc6d4b" outcome="Passed" testListId="8c84fa94-04c1-424b-9868-57a2d4851a1d" relativeResultsDirectory="2f478b93-202e-4d46-ad2e-6196f6e358d8" />
    <UnitTestResult executionId="9370a848-63d5-4bd5-a21f-0006824f6c99" testId="74b99f6c-f52d-e611-9fc2-7e56383e4299" testName="Parse_Custom_Success" computerName="DKSR-EFI-04" duration="00:00:00.0000897" startTime="2023-12-22T09:39:13.9668299+01:00" endTime="2023-12-22T09:39:13.9670388+01:00" testType="13cdc9d9-ddb5-4fa4-a97d-d965ccfc6d4b" outcome="Passed" testListId="8c84fa94-04c1-424b-9868-57a2d4851a1d" relativeResultsDirectory="9370a848-63d5-4bd5-a21f-0006824f6c99" />
    <UnitTestResult executionId="d652a3b1-00f7-4697-99ae-feb6421b1d48" testId="0e000a76-c424-1348-5a62-7f5cf04c0b5a" testName="SelectionCountDisplayText_ZeroSelectedResults_ReturnsEmptyString" computerName="DKSR-EFI-04" duration="00:00:00.0057562" startTime="2023-12-22T09:39:10.4949927+01:00" endTime="2023-12-22T09:39:10.5009037+01:00" testType="13cdc9d9-ddb5-4fa4-a97d-d965ccfc6d4b" outcome="Passed" testListId="8c84fa94-04c1-424b-9868-57a2d4851a1d" relativeResultsDirectory="d652a3b1-00f7-4697-99ae-feb6421b1d48" />
    <UnitTestResult executionId="e194f62f-f53f-4b94-863a-662020b9181a" testId="c92b65c5-6961-9b98-a1f9-2c2587ff0054" testName="SearchResultsActionBarActions_CreateSnapshot_InvokeCommand_SingleSnapshotSucceeded_CorrectStatusTextShown" computerName="DKSR-EFI-04" duration="00:00:00.0086879" startTime="2023-12-22T09:39:11.0844331+01:00" endTime="2023-12-22T09:39:11.0932894+01:00" testType="13cdc9d9-ddb5-4fa4-a97d-d965ccfc6d4b" outcome="Passed" testListId="8c84fa94-04c1-424b-9868-57a2d4851a1d" relativeResultsDirectory="e194f62f-f53f-4b94-863a-662020b9181a" />
    <UnitTestResult executionId="3169e7f8-43fa-413c-8d95-077eca637f1e" testId="6ee9d76c-102e-6b0c-a05d-d3b2cd96bee2" testName="ToMipSearchResultData_ShouldIncludeCorrectBoundingShapesFromAllSubResults" computerName="DKSR-EFI-04" duration="00:00:00.0072050" startTime="2023-12-22T09:39:14.5660549+01:00" endTime="2023-12-22T09:39:14.5734099+01:00" testType="13cdc9d9-ddb5-4fa4-a97d-d965ccfc6d4b" outcome="Passed" testListId="8c84fa94-04c1-424b-9868-57a2d4851a1d" relativeResultsDirectory="3169e7f8-43fa-413c-8d95-077eca637f1e" />
    <UnitTestResult executionId="28d37a0d-c043-4b75-b05c-66b6bc445877" testId="5e9a784a-512a-9e3c-4365-749c6efbd67e" testName="GetClusters_ShouldIncludeItemFromBuildingIntoSuperClusterOutsideBuilding_WhenBuildingIsTooSmallToRender" computerName="DKSR-EFI-04" duration="00:00:00.0061092" startTime="2023-12-22T09:39:31.9373334+01:00" endTime="2023-12-22T09:39:31.9437231+01:00" testType="13cdc9d9-ddb5-4fa4-a97d-d965ccfc6d4b" outcome="Passed" testListId="8c84fa94-04c1-424b-9868-57a2d4851a1d" relativeResultsDirectory="28d37a0d-c043-4b75-b05c-66b6bc445877" />
    <UnitTestResult executionId="c7b5912d-96b5-456c-8c67-a9b3e19825e3" testId="59476004-430a-3b34-3bb3-3229ecde9f89" testName="SupportsDoubleClick_ShouldBeFalse_WhenInteractionStateIsNormalAndNotInSetupMode" computerName="DKSR-EFI-04" duration="00:00:00.0169353" startTime="2023-12-22T09:38:36.9364220+01:00" endTime="2023-12-22T09:38:36.9559690+01:00" testType="13cdc9d9-ddb5-4fa4-a97d-d965ccfc6d4b" outcome="Passed" testListId="8c84fa94-04c1-424b-9868-57a2d4851a1d" relativeResultsDirectory="c7b5912d-96b5-456c-8c67-a9b3e19825e3" />
    <UnitTestResult executionId="23a7c384-48c9-4c88-a2c5-09eeca6d082f" testId="29cd7680-6529-be15-6bcd-e95b8579b607" testName="ActiveInteractionStateBinding_ShouldOnlyContainNormalAndNewDevice_WhenCtorIsCalled" computerName="DKSR-EFI-04" duration="00:00:00.0215752" startTime="2023-12-22T09:38:37.0460583+01:00" endTime="2023-12-22T09:38:37.0703096+01:00" testType="13cdc9d9-ddb5-4fa4-a97d-d965ccfc6d4b" outcome="Passed" testListId="8c84fa94-04c1-424b-9868-57a2d4851a1d" relativeResultsDirectory="23a7c384-48c9-4c88-a2c5-09eeca6d082f" />
    <UnitTestResult executionId="5d014f27-6ce7-4c37-aea0-fbedbf6b3bac" testId="165287bc-bef0-3870-c69b-a17243fed1fc" testName="LoadSearchTemplate_NoActiveToNewActive_UpdateAndEvent" computerName="DKSR-EFI-04" duration="00:00:00.0006463" startTime="2023-12-22T09:39:13.8902212+01:00" endTime="2023-12-22T09:39:13.8910103+01:00" testType="13cdc9d9-ddb5-4fa4-a97d-d965ccfc6d4b" outcome="Passed" testListId="8c84fa94-04c1-424b-9868-57a2d4851a1d" relativeResultsDirectory="5d014f27-6ce7-4c37-aea0-fbedbf6b3bac" />
    <UnitTestResult executionId="d3a0123a-882e-4482-91c6-07372b351e96" testId="2618920c-aa56-2790-77ca-5dcd9d1e0fd1" testName="SearchCriteriaChanged_ActiveSearchResults_SearchRestartedAndResultsCleared" computerName="DKSR-EFI-04" duration="00:00:00.0099848" startTime="2023-12-22T09:39:14.2769444+01:00" endTime="2023-12-22T09:39:14.2871643+01:00" testType="13cdc9d9-ddb5-4fa4-a97d-d965ccfc6d4b" outcome="Passed" testListId="8c84fa94-04c1-424b-9868-57a2d4851a1d" relativeResultsDirectory="d3a0123a-882e-4482-91c6-07372b351e96" />
    <UnitTestResult executionId="7a531245-75af-46a1-8991-2cc666a9d108" testId="43ebd83e-9e77-e80a-e383-3f96bfb58151" testName="TwelveHours_Success" computerName="DKSR-EFI-04" duration="00:00:00.0002049" startTime="2023-12-22T09:39:13.9572811+01:00" endTime="2023-12-22T09:39:13.9576622+01:00" testType="13cdc9d9-ddb5-4fa4-a97d-d965ccfc6d4b" outcome="Passed" testListId="8c84fa94-04c1-424b-9868-57a2d4851a1d" relativeResultsDirectory="7a531245-75af-46a1-8991-2cc666a9d108" />
    <UnitTestResult executionId="ee9eac40-866b-4581-9423-369d5da722aa" testId="bf71a57f-ee03-3700-bbbe-0a8bed916dfe" testName="Convert_ShouldReturnFalse_WhenParameterIsNull" computerName="DKSR-EFI-04" duration="00:00:00.0002245" startTime="2023-12-22T09:38:33.3441635+01:00" endTime="2023-12-22T09:38:33.3445108+01:00" testType="13cdc9d9-ddb5-4fa4-a97d-d965ccfc6d4b" outcome="Passed" testListId="8c84fa94-04c1-424b-9868-57a2d4851a1d" relativeResultsDirectory="ee9eac40-866b-4581-9423-369d5da722aa" />
    <UnitTestResult executionId="b79bf350-1b5c-4c2d-95fe-dfa502681713" testId="cedacd39-cebe-080f-c95c-117129a33131" testName="Constructor_ShouldRaiseArgumentNullException_WhenGisMapModelIsNull" computerName="DKSR-EFI-04" duration="00:00:00.0065586" startTime="2023-12-22T09:38:39.6068293+01:00" endTime="2023-12-22T09:38:39.6136831+01:00" testType="13cdc9d9-ddb5-4fa4-a97d-d965ccfc6d4b" outcome="Passed" testListId="8c84fa94-04c1-424b-9868-57a2d4851a1d" relativeResultsDirectory="b79bf350-1b5c-4c2d-95fe-dfa502681713" />
    <UnitTestResult executionId="877eff72-eeda-46b9-9898-465dca8680d2" testId="4fbe1405-2b3d-d3ff-a663-0a6e5d9aa972" testName="TryGetEventServerIdByACSystemId_ShouldReturnTrue_WhenEventServerIdIsPartOfServerConfiguredAccessControlSystemsDictionary" computerName="DKSR-EFI-04" duration="00:00:00.0259864" startTime="2023-12-22T09:39:39.4860761+01:00" endTime="2023-12-22T09:39:39.5123244+01:00" testType="13cdc9d9-ddb5-4fa4-a97d-d965ccfc6d4b" outcome="Passed" testListId="8c84fa94-04c1-424b-9868-57a2d4851a1d" relativeResultsDirectory="877eff72-eeda-46b9-9898-465dca8680d2" />
    <UnitTestResult executionId="189d7999-5fcb-479f-bda6-92df946d60bd" testId="65f38f06-9057-2883-e0bd-60370f8d7d0d" testName="ResultsAvailable_NoResults_Success" computerName="DKSR-EFI-04" duration="00:00:00.0135068" startTime="2023-12-22T09:39:11.4949025+01:00" endTime="2023-12-22T09:39:11.5085582+01:00" testType="13cdc9d9-ddb5-4fa4-a97d-d965ccfc6d4b" outcome="Passed" testListId="8c84fa94-04c1-424b-9868-57a2d4851a1d" relativeResultsDirectory="189d7999-5fcb-479f-bda6-92df946d60bd" />
    <UnitTestResult executionId="15c2fd59-0c3a-49db-8dd4-d8d00d949457" testId="05f48571-d878-d35c-a36e-2898473abdf2" testName="TestAttachedView_WithNull_Success" computerName="DKSR-EFI-04" duration="00:00:00.0001299" startTime="2023-12-22T09:39:38.3671670+01:00" endTime="2023-12-22T09:39:38.3674245+01:00" testType="13cdc9d9-ddb5-4fa4-a97d-d965ccfc6d4b" outcome="Passed" testListId="8c84fa94-04c1-424b-9868-57a2d4851a1d" relativeResultsDirectory="15c2fd59-0c3a-49db-8dd4-d8d00d949457" />
    <UnitTestResult executionId="fbaa2a3b-e411-416e-a9c3-a52969fd3dea" testId="0c0629d0-f6ea-17eb-459f-54981f9ede50" testName="DetermineUserAllowsUnsecureConnection_WhereUserIsAskedAndUnsecureIsAllowIsSelected_ShouldReturnTrue" computerName="DKSR-EFI-04" duration="00:00:00.0142703" startTime="2023-12-22T09:38:30.4118208+01:00" endTime="2023-12-22T09:38:30.4269770+01:00" testType="13cdc9d9-ddb5-4fa4-a97d-d965ccfc6d4b" outcome="Passed" testListId="8c84fa94-04c1-424b-9868-57a2d4851a1d" relativeResultsDirectory="fbaa2a3b-e411-416e-a9c3-a52969fd3dea" />
    <UnitTestResult executionId="48125f04-eea8-45d3-afc3-d785cf150e4a" testId="5ab62b20-54a2-c1ce-b77e-78e0928171bb" testName="AddToExportDevices_ShouldReturnCorrectResult (1,0,0)" computerName="DKSR-EFI-04" duration="00:00:00.0020830" startTime="2023-12-22T09:39:33.6546943+01:00" endTime="2023-12-22T09:39:33.6570214+01:00" testType="13cdc9d9-ddb5-4fa4-a97d-d965ccfc6d4b" outcome="Passed" testListId="8c84fa94-04c1-424b-9868-57a2d4851a1d" relativeResultsDirectory="48125f04-eea8-45d3-afc3-d785cf150e4a" />
    <UnitTestResult executionId="8cde92ae-6a19-41b0-8319-1e39947783d2" testId="98080849-b9da-3c6c-854e-942231adfd8f" testName="Path enabled, forced" computerName="DKSR-EFI-04" duration="00:00:00.0044294" startTime="2023-12-22T09:38:40.2133293+01:00" endTime="2023-12-22T09:38:40.2179330+01:00" testType="13cdc9d9-ddb5-4fa4-a97d-d965ccfc6d4b" outcome="Passed" testListId="8c84fa94-04c1-424b-9868-57a2d4851a1d" relativeResultsDirectory="8cde92ae-6a19-41b0-8319-1e39947783d2" />
    <UnitTestResult executionId="7377e25c-2fde-400a-8502-2b92e52d8701" testId="06bd284b-d73d-920f-7739-efb670bc85e0" testName="SupportsDoubleClick_ShouldBeTrue_WhenInteractionStateIsNormal" computerName="DKSR-EFI-04" duration="00:00:00.0369402" startTime="2023-12-22T09:38:37.8844764+01:00" endTime="2023-12-22T09:38:37.9239294+01:00" testType="13cdc9d9-ddb5-4fa4-a97d-d965ccfc6d4b" outcome="Passed" testListId="8c84fa94-04c1-424b-9868-57a2d4851a1d" relativeResultsDirectory="7377e25c-2fde-400a-8502-2b92e52d8701" />
    <UnitTestResult executionId="c95fb80f-812d-4262-a49b-bee2b9f7ee67" testId="a112e5f5-c328-3fe0-6f6d-307e1fa97026" testName="Compare_NullVsNotNullDescending_LessThan" computerName="DKSR-EFI-04" duration="00:00:00.0001946" startTime="2023-12-22T09:39:14.6213771+01:00" endTime="2023-12-22T09:39:14.6217562+01:00" testType="13cdc9d9-ddb5-4fa4-a97d-d965ccfc6d4b" outcome="Passed" testListId="8c84fa94-04c1-424b-9868-57a2d4851a1d" relativeResultsDirectory="c95fb80f-812d-4262-a49b-bee2b9f7ee67" />
    <UnitTestResult executionId="f3688cd3-3662-4173-b881-8ccbfc683461" testId="d628b9e8-ecd7-5880-2e1a-54156c671e9a" testName="GetLayerFeatures_ShouldReturnOutputLayerFeaturesBasedOnOutputItemsMapLayer_WhenOutputKind" computerName="DKSR-EFI-04" duration="00:00:00.0028669" startTime="2023-12-22T09:39:31.3726642+01:00" endTime="2023-12-22T09:39:31.3757426+01:00" testType="13cdc9d9-ddb5-4fa4-a97d-d965ccfc6d4b" outcome="Passed" testListId="8c84fa94-04c1-424b-9868-57a2d4851a1d" relativeResultsDirectory="f3688cd3-3662-4173-b881-8ccbfc683461" />
    <UnitTestResult executionId="2c3c5798-803b-445d-b039-743ffde27b11" testId="92df0312-a314-f2ad-872b-182bbef5a446" testName="ValidateExportFormats_VideoClipFormat_ShouldValidate" computerName="DKSR-EFI-04" duration="00:00:00.0082347" startTime="2023-12-22T09:38:40.9456363+01:00" endTime="2023-12-22T09:38:40.9540363+01:00" testType="13cdc9d9-ddb5-4fa4-a97d-d965ccfc6d4b" outcome="Passed" testListId="8c84fa94-04c1-424b-9868-57a2d4851a1d" relativeResultsDirectory="2c3c5798-803b-445d-b039-743ffde27b11" />
    <UnitTestResult executionId="08259d99-1bc6-491e-b5b0-2dd47e1cbd19" testId="4ac872cb-6eae-9e1a-7612-37a387bb363b" testName="TestUpdateState_InSetup" computerName="DKSR-EFI-04" duration="00:00:00.1301429" startTime="2023-12-22T09:39:33.9493386+01:00" endTime="2023-12-22T09:39:34.0796518+01:00" testType="13cdc9d9-ddb5-4fa4-a97d-d965ccfc6d4b" outcome="Passed" testListId="8c84fa94-04c1-424b-9868-57a2d4851a1d" relativeResultsDirectory="08259d99-1bc6-491e-b5b0-2dd47e1cbd19" />
    <UnitTestResult executionId="792ffd5b-3b1f-43f6-8a22-008568d4709a" testId="698dd5ef-138e-eb6d-a408-c897a293bf7a" testName="SetCustomPickerResult_Cancel_CustomIntervalOpenResetAndNoNotificationFired" computerName="DKSR-EFI-04" duration="00:00:00.0057465" startTime="2023-12-22T09:39:12.7519204+01:00" endTime="2023-12-22T09:39:12.7578303+01:00" testType="13cdc9d9-ddb5-4fa4-a97d-d965ccfc6d4b" outcome="Passed" testListId="8c84fa94-04c1-424b-9868-57a2d4851a1d" relativeResultsDirectory="792ffd5b-3b1f-43f6-8a22-008568d4709a" />
    <UnitTestResult executionId="4154ce1a-0a8e-47db-b8dd-8160d8700ad3" testId="bed8c8de-bd82-cb94-6967-81e34fce6907" testName="SetIncludePartialResults_ShouldNotReselectResult_WhenResultToReselectIsPartialAndPartialResultsAreExcluded" computerName="DKSR-EFI-04" duration="00:00:00.0022258" startTime="2023-12-22T09:39:14.5315045+01:00" endTime="2023-12-22T09:39:14.5338692+01:00" testType="13cdc9d9-ddb5-4fa4-a97d-d965ccfc6d4b" outcome="Passed" testListId="8c84fa94-04c1-424b-9868-57a2d4851a1d" relativeResultsDirectory="4154ce1a-0a8e-47db-b8dd-8160d8700ad3" />
    <UnitTestResult executionId="7a03dd69-13e8-421a-b474-4f4b59742ea3" testId="74bce2b8-452d-5f85-d604-2ca1701607c3" testName="SearchResultsActionBarActions_Export_Exists" computerName="DKSR-EFI-04" duration="00:00:00.0063414" startTime="2023-12-22T09:39:10.5333404+01:00" endTime="2023-12-22T09:39:10.5398404+01:00" testType="13cdc9d9-ddb5-4fa4-a97d-d965ccfc6d4b" outcome="Passed" testListId="8c84fa94-04c1-424b-9868-57a2d4851a1d" relativeResultsDirectory="7a03dd69-13e8-421a-b474-4f4b59742ea3" />
    <UnitTestResult executionId="6d27d69a-694d-40b2-acf7-cfba5ebafb91" testId="110c5f83-752f-57c6-1e06-5ba87b7d2a16" testName="ChangeSorting_ShouldApplyRelevanceComparerAndNewestEventTimeSortOrder_WhenRelevanceEnumValueIsApplied" computerName="DKSR-EFI-04" duration="00:00:00.0071614" startTime="2023-12-22T09:39:13.1400648+01:00" endTime="2023-12-22T09:39:13.1474030+01:00" testType="13cdc9d9-ddb5-4fa4-a97d-d965ccfc6d4b" outcome="Passed" testListId="8c84fa94-04c1-424b-9868-57a2d4851a1d" relativeResultsDirectory="6d27d69a-694d-40b2-acf7-cfba5ebafb91" />
    <UnitTestResult executionId="25a812de-dde4-4f0c-8681-cded862b97eb" testId="790684f3-79cb-8225-0da5-fcb35e52e25a" testName="BuildSessionStarted_ShouldReturnCorrectValues" computerName="DKSR-EFI-04" duration="00:00:00.0147400" startTime="2023-12-22T09:39:38.5302619+01:00" endTime="2023-12-22T09:39:38.5451494+01:00" testType="13cdc9d9-ddb5-4fa4-a97d-d965ccfc6d4b" outcome="Passed" testListId="8c84fa94-04c1-424b-9868-57a2d4851a1d" relativeResultsDirectory="25a812de-dde4-4f0c-8681-cded862b97eb" />
    <UnitTestResult executionId="f15ffe0f-8821-4527-9330-5a9bf2d14c2e" testId="4e54cb2c-d65b-9738-63c7-b5798acdd38c" testName="GetIndexCell_Milestone_Success" computerName="DKSR-EFI-04" duration="00:00:00.0002841" startTime="2023-12-22T09:39:31.9788703+01:00" endTime="2023-12-22T09:39:31.9792836+01:00" testType="13cdc9d9-ddb5-4fa4-a97d-d965ccfc6d4b" outcome="Passed" testListId="8c84fa94-04c1-424b-9868-57a2d4851a1d" relativeResultsDirectory="f15ffe0f-8821-4527-9330-5a9bf2d14c2e" />
    <UnitTestResult executionId="a5049c11-3a5e-49fe-9c4b-f989a7e13d98" testId="fab13144-dbad-5831-0a01-3cacac990e32" testName="Compare_NullVsNull_Equals" computerName="DKSR-EFI-04" duration="00:00:00.0008604" startTime="2023-12-22T09:39:14.6182743+01:00" endTime="2023-12-22T09:39:14.6194749+01:00" testType="13cdc9d9-ddb5-4fa4-a97d-d965ccfc6d4b" outcome="Passed" testListId="8c84fa94-04c1-424b-9868-57a2d4851a1d" relativeResultsDirectory="a5049c11-3a5e-49fe-9c4b-f989a7e13d98" />
    <UnitTestResult executionId="ab29428c-743d-49bd-bddb-6934c3249702" testId="3ff6b5d8-f141-7a2b-08b3-b0a5923ed411" testName="ActiveInteractionStateBinding_ShouldOnlyContainNormalAndNewDevice_WhenCtorIsCalled" computerName="DKSR-EFI-04" duration="00:00:00.0207777" startTime="2023-12-22T09:38:37.8096623+01:00" endTime="2023-12-22T09:38:37.8330757+01:00" testType="13cdc9d9-ddb5-4fa4-a97d-d965ccfc6d4b" outcome="Passed" testListId="8c84fa94-04c1-424b-9868-57a2d4851a1d" relativeResultsDirectory="ab29428c-743d-49bd-bddb-6934c3249702" />
    <UnitTestResult executionId="f8164ac1-0d34-452d-a451-75a8cdc1dbbc" testId="75b7a6d2-cb73-668d-0435-045642c36b2f" testName="PtzInfoViewModel_PtzReservedByAnonymousOtherUserTest" computerName="DKSR-EFI-04" duration="00:00:00.0008043" startTime="2023-12-22T09:38:32.5309556+01:00" endTime="2023-12-22T09:38:32.5318827+01:00" testType="13cdc9d9-ddb5-4fa4-a97d-d965ccfc6d4b" outcome="Passed" testListId="8c84fa94-04c1-424b-9868-57a2d4851a1d" relativeResultsDirectory="f8164ac1-0d34-452d-a451-75a8cdc1dbbc" />
    <UnitTestResult executionId="a0a7f835-4a14-451f-93ce-e7bfdfc0ce56" testId="62ccc5b1-eb5f-4644-e919-a3a7e7740785" testName="UpgradeToOAuth_ShouldUpgradeToUnsecureOAuth_WhenRequested" computerName="DKSR-EFI-04" duration="00:00:00.0001900" startTime="2023-12-22T09:38:32.3480333+01:00" endTime="2023-12-22T09:38:32.3483451+01:00" testType="13cdc9d9-ddb5-4fa4-a97d-d965ccfc6d4b" outcome="Passed" testListId="8c84fa94-04c1-424b-9868-57a2d4851a1d" relativeResultsDirectory="a0a7f835-4a14-451f-93ce-e7bfdfc0ce56" />
    <UnitTestResult executionId="1c59a563-10b4-4b2d-a7ea-c78c9b2754d3" testId="9f407d44-4f3f-f1b2-0cc2-8c4bc65e5f39" testName="ScrollIntoView_Synchronous_DefinitionViewAboveOutOfViewPort_Scrolled" computerName="DKSR-EFI-04" duration="00:00:00.0393399" startTime="2023-12-22T09:38:41.6079724+01:00" endTime="2023-12-22T09:38:41.6499695+01:00" testType="13cdc9d9-ddb5-4fa4-a97d-d965ccfc6d4b" outcome="Passed" testListId="8c84fa94-04c1-424b-9868-57a2d4851a1d" relativeResultsDirectory="1c59a563-10b4-4b2d-a7ea-c78c9b2754d3" />
    <UnitTestResult executionId="32741d87-16cc-4757-b499-cb6352072cd1" testId="843dae0b-b140-3d67-5588-10bfec2781a8" testName="GetIsOpenStreetMapValid_ShouldRaiseArgumentNullException_WhenOptionManagerIsNull" computerName="DKSR-EFI-04" duration="00:00:00.0002691" startTime="2023-12-22T09:39:31.3226043+01:00" endTime="2023-12-22T09:39:31.3230300+01:00" testType="13cdc9d9-ddb5-4fa4-a97d-d965ccfc6d4b" outcome="Passed" testListId="8c84fa94-04c1-424b-9868-57a2d4851a1d" relativeResultsDirectory="32741d87-16cc-4757-b499-cb6352072cd1" />
    <UnitTestResult executionId="b882634c-cd50-4c35-ad2e-963ddd330a4c" testId="f342c369-1b63-ac09-7592-3bbf19ea7792" testName="HandleSetLayerFeatures_ShouldUpdateInputLayerFeatures_WhenInputKindAndInputLayerFeatures" computerName="DKSR-EFI-04" duration="00:00:00.0011708" startTime="2023-12-22T09:39:31.2680520+01:00" endTime="2023-12-22T09:39:31.2693605+01:00" testType="13cdc9d9-ddb5-4fa4-a97d-d965ccfc6d4b" outcome="Passed" testListId="8c84fa94-04c1-424b-9868-57a2d4851a1d" relativeResultsDirectory="b882634c-cd50-4c35-ad2e-963ddd330a4c" />
    <UnitTestResult executionId="01529a30-38cc-4490-81aa-fc450f8b1480" testId="788c7744-bd48-e28d-a864-bbd05271aa4c" testName="CreateDefinition_ThreeFiltersInCategory_ZeroFilterValuesAddedToSearchCriteria" computerName="DKSR-EFI-04" duration="00:00:00.0037073" startTime="2023-12-22T09:39:14.1489213+01:00" endTime="2023-12-22T09:39:14.1527685+01:00" testType="13cdc9d9-ddb5-4fa4-a97d-d965ccfc6d4b" outcome="Passed" testListId="8c84fa94-04c1-424b-9868-57a2d4851a1d" relativeResultsDirectory="01529a30-38cc-4490-81aa-fc450f8b1480" />
    <UnitTestResult executionId="6f460d39-939b-4aa4-b43e-9daa9e5b75b6" testId="fd55daeb-7419-55fa-3178-07b8b00e171d" testName="Constructor_ShouldAttachOnUpdateMutedMicrophonesRaised_WhenCalled" computerName="DKSR-EFI-04" duration="00:00:00.0229755" startTime="2023-12-22T09:39:29.3411959+01:00" endTime="2023-12-22T09:39:29.3667934+01:00" testType="13cdc9d9-ddb5-4fa4-a97d-d965ccfc6d4b" outcome="Passed" testListId="8c84fa94-04c1-424b-9868-57a2d4851a1d" relativeResultsDirectory="6f460d39-939b-4aa4-b43e-9daa9e5b75b6" />
    <UnitTestResult executionId="7b89b86a-0fab-4dd8-9a81-71c35afc5127" testId="ca442d25-1d56-7ce4-2a08-3c581c8826e1" testName="MapLayerType_ShouldBeInputItemsMapLayer_WhenCalled" computerName="DKSR-EFI-04" duration="00:00:00.0001862" startTime="2023-12-22T09:39:29.0197721+01:00" endTime="2023-12-22T09:39:29.0201495+01:00" testType="13cdc9d9-ddb5-4fa4-a97d-d965ccfc6d4b" outcome="Passed" testListId="8c84fa94-04c1-424b-9868-57a2d4851a1d" relativeResultsDirectory="7b89b86a-0fab-4dd8-9a81-71c35afc5127" />
    <UnitTestResult executionId="8dee17ab-7ba8-42f2-892a-9007d06bf23e" testId="32ed77af-24ae-94bc-03f8-4122e838d29f" testName="LeftButtonUpEvent_ShouldHidePreviewOfCameras_WhenInteractionStateIsAddNewDeviceState" computerName="DKSR-EFI-04" duration="00:00:00.0136007" startTime="2023-12-22T09:38:35.1242853+01:00" endTime="2023-12-22T09:38:35.1404830+01:00" testType="13cdc9d9-ddb5-4fa4-a97d-d965ccfc6d4b" outcome="Passed" testListId="8c84fa94-04c1-424b-9868-57a2d4851a1d" relativeResultsDirectory="8dee17ab-7ba8-42f2-892a-9007d06bf23e">
      <Output>
        <StdOut>Debug Trace:&#xD;
 &gt;&gt;&gt; IsAddNewDeviceState: MapPoint: (long, lat, alt): 0, 0, 0, ScreenPoint: 0,0, scale: 0, extent: GisRectangle isEmpty:True ul[(long, lat, alt): 0, 0, 0]:lr[(long, lat, alt): 0, 0, 0], extentInMeters:</StdOut>
      </Output>
    </UnitTestResult>
    <UnitTestResult executionId="ca2de2e1-ed28-452a-9d5e-76232c0ce622" testId="34f71d61-40e4-8716-5c83-5c84a7e66552" testName="TestLoadAsync_Success" computerName="DKSR-EFI-04" duration="00:00:00.0072882" startTime="2023-12-22T09:39:30.9711526+01:00" endTime="2023-12-22T09:39:30.9786068+01:00" testType="13cdc9d9-ddb5-4fa4-a97d-d965ccfc6d4b" outcome="Passed" testListId="8c84fa94-04c1-424b-9868-57a2d4851a1d" relativeResultsDirectory="ca2de2e1-ed28-452a-9d5e-76232c0ce622" />
    <UnitTestResult executionId="c75df727-7837-484d-9e39-f69fa3b208b3" testId="a2769260-4eb7-daf9-b4d2-f155ed354d1b" testName="Deserialize_ShouldReturnCombineTypeOr_WhenCombineTypeIsInvalidInXml" computerName="DKSR-EFI-04" duration="00:00:00.0026332" startTime="2023-12-22T09:39:14.4263955+01:00" endTime="2023-12-22T09:39:14.4291678+01:00" testType="13cdc9d9-ddb5-4fa4-a97d-d965ccfc6d4b" outcome="Passed" testListId="8c84fa94-04c1-424b-9868-57a2d4851a1d" relativeResultsDirectory="c75df727-7837-484d-9e39-f69fa3b208b3" />
    <UnitTestResult executionId="39b3c307-8ad3-48e1-a401-f6b15e64326e" testId="2ed74c97-cc2b-13bf-aac4-2247c3b9fbc5" testName="RemoveCameraTest" computerName="DKSR-EFI-04" duration="00:00:00.0029033" startTime="2023-12-22T09:38:32.3928546+01:00" endTime="2023-12-22T09:38:32.3958820+01:00" testType="13cdc9d9-ddb5-4fa4-a97d-d965ccfc6d4b" outcome="Passed" testListId="8c84fa94-04c1-424b-9868-57a2d4851a1d" relativeResultsDirectory="39b3c307-8ad3-48e1-a401-f6b15e64326e" />
    <UnitTestResult executionId="ae94893a-d85a-4be4-bbb3-3a130645dca9" testId="8d265b40-4d86-0fef-5f08-51df41bf9c7a" testName="ConvertBack_ShouldAlwaysThrowException" computerName="DKSR-EFI-04" duration="00:00:00.0007241" startTime="2023-12-22T09:38:32.4304564+01:00" endTime="2023-12-22T09:38:32.4331290+01:00" testType="13cdc9d9-ddb5-4fa4-a97d-d965ccfc6d4b" outcome="Passed" testListId="8c84fa94-04c1-424b-9868-57a2d4851a1d" relativeResultsDirectory="ae94893a-d85a-4be4-bbb3-3a130645dca9" />
    <UnitTestResult executionId="2c5c90ae-76bc-447e-b9a9-37d56846175f" testId="d0982f73-d6e4-f513-6ec6-0568fe669026" testName="Passwords are not the same, same length" computerName="DKSR-EFI-04" duration="00:00:00.0001330" startTime="2023-12-22T09:38:40.9736608+01:00" endTime="2023-12-22T09:38:40.9739233+01:00" testType="13cdc9d9-ddb5-4fa4-a97d-d965ccfc6d4b" outcome="Passed" testListId="8c84fa94-04c1-424b-9868-57a2d4851a1d" relativeResultsDirectory="2c5c90ae-76bc-447e-b9a9-37d56846175f" />
    <UnitTestResult executionId="a6e60605-7e3f-45bc-a545-9a3aef01ffae" testId="e6be9160-5cc6-c513-67c4-14d959e49ad9" testName="Ctor_UnknownEditControl_InlineEditControl_Success" computerName="DKSR-EFI-04" duration="00:00:00.0015405" startTime="2023-12-22T09:39:10.3645745+01:00" endTime="2023-12-22T09:39:10.3687222+01:00" testType="13cdc9d9-ddb5-4fa4-a97d-d965ccfc6d4b" outcome="Passed" testListId="8c84fa94-04c1-424b-9868-57a2d4851a1d" relativeResultsDirectory="a6e60605-7e3f-45bc-a545-9a3aef01ffae" />
    <UnitTestResult executionId="25762e37-ac4f-41b5-9fdc-ce21cc6f778c" testId="9ef40f5e-38f9-a518-38bf-9ae97100aebe" testName="PatrollingStepListViewModel_DeleteStepCommand" computerName="DKSR-EFI-04" duration="00:00:00.0015195" startTime="2023-12-22T09:39:32.2424287+01:00" endTime="2023-12-22T09:39:32.2441689+01:00" testType="13cdc9d9-ddb5-4fa4-a97d-d965ccfc6d4b" outcome="Passed" testListId="8c84fa94-04c1-424b-9868-57a2d4851a1d" relativeResultsDirectory="25762e37-ac4f-41b5-9fdc-ce21cc6f778c" />
    <UnitTestResult executionId="985f5893-6e48-449e-a470-534c0382815d" testId="dd098655-ce3b-b407-bc7d-fa88b3ed5381" testName="FocusedSearchResultChanged_CameraOnMap_NavigateToCamera" computerName="DKSR-EFI-04" duration="00:00:00.0066032" startTime="2023-12-22T09:39:10.0583049+01:00" endTime="2023-12-22T09:39:10.0672308+01:00" testType="13cdc9d9-ddb5-4fa4-a97d-d965ccfc6d4b" outcome="Passed" testListId="8c84fa94-04c1-424b-9868-57a2d4851a1d" relativeResultsDirectory="985f5893-6e48-449e-a470-534c0382815d" />
    <UnitTestResult executionId="b26fdadc-c3b1-41ed-ae08-8d9699b2dcba" testId="7a648730-a880-ab42-6524-73337b3605fc" testName="ActiveIncomingMicrophones_ShouldHave_OneMicrophoneWhenMicrophoneIsUnmuted" computerName="DKSR-EFI-04" duration="00:00:00.0076790" startTime="2023-12-22T09:39:28.0657831+01:00" endTime="2023-12-22T09:39:28.0736116+01:00" testType="13cdc9d9-ddb5-4fa4-a97d-d965ccfc6d4b" outcome="Passed" testListId="8c84fa94-04c1-424b-9868-57a2d4851a1d" relativeResultsDirectory="b26fdadc-c3b1-41ed-ae08-8d9699b2dcba" />
    <UnitTestResult executionId="35c9f654-c5f8-40d5-82b8-bde1fc88dc92" testId="873b07ed-167b-fa39-bd63-4c1afd4d93c5" testName="HandleGetLayerFeatures_ShouldRaiseArgumentException_WhenNotOutputKind" computerName="DKSR-EFI-04" duration="00:00:00.0012869" startTime="2023-12-22T09:39:31.3050090+01:00" endTime="2023-12-22T09:39:31.3064520+01:00" testType="13cdc9d9-ddb5-4fa4-a97d-d965ccfc6d4b" outcome="Passed" testListId="8c84fa94-04c1-424b-9868-57a2d4851a1d" relativeResultsDirectory="35c9f654-c5f8-40d5-82b8-bde1fc88dc92" />
    <UnitTestResult executionId="71060ecb-1b86-418e-af2b-26df7430250c" testId="60c69ff5-89b2-197d-90c0-5219587cb80d" testName="Deserialize_MissingItemKind_Error" computerName="DKSR-EFI-04" duration="00:00:00.0010861" startTime="2023-12-22T09:39:14.6976088+01:00" endTime="2023-12-22T09:39:14.6988774+01:00" testType="13cdc9d9-ddb5-4fa4-a97d-d965ccfc6d4b" outcome="Passed" testListId="8c84fa94-04c1-424b-9868-57a2d4851a1d" relativeResultsDirectory="71060ecb-1b86-418e-af2b-26df7430250c" />
    <UnitTestResult executionId="ca336ea4-73ea-4a96-afaf-245709bf7365" testId="4ef99c33-c023-cc35-d098-ffd6c1e453c8" testName="Warning_Shown_When_Reducing_Protection_Interval" computerName="DKSR-EFI-04" duration="00:00:00.0022845" startTime="2023-12-22T09:39:39.4231189+01:00" endTime="2023-12-22T09:39:39.4255346+01:00" testType="13cdc9d9-ddb5-4fa4-a97d-d965ccfc6d4b" outcome="Passed" testListId="8c84fa94-04c1-424b-9868-57a2d4851a1d" relativeResultsDirectory="ca336ea4-73ea-4a96-afaf-245709bf7365" />
    <UnitTestResult executionId="b39eb2e4-0ca4-4094-8ce9-615d0f748d56" testId="2690c66e-1a17-c167-c5a2-9a34963b7540" testName="Execute_CancelCommand_DialogResultReturnsFalse" computerName="DKSR-EFI-04" duration="00:00:00.0007815" startTime="2023-12-22T09:39:33.3040430+01:00" endTime="2023-12-22T09:39:33.3049637+01:00" testType="13cdc9d9-ddb5-4fa4-a97d-d965ccfc6d4b" outcome="Passed" testListId="8c84fa94-04c1-424b-9868-57a2d4851a1d" relativeResultsDirectory="b39eb2e4-0ca4-4094-8ce9-615d0f748d56" />
    <UnitTestResult executionId="9f7fcf04-7c86-4e22-962f-20124a33eb5d" testId="987edaa0-0a3b-cbb4-5b40-8112a4826bc5" testName="SupportsDoubleClick_ShouldBeFalse_WhenInteractionStateIsNotNormalAndNotInSetupMode" computerName="DKSR-EFI-04" duration="00:00:00.0215508" startTime="2023-12-22T09:38:36.7993118+01:00" endTime="2023-12-22T09:38:36.8239068+01:00" testType="13cdc9d9-ddb5-4fa4-a97d-d965ccfc6d4b" outcome="Passed" testListId="8c84fa94-04c1-424b-9868-57a2d4851a1d" relativeResultsDirectory="9f7fcf04-7c86-4e22-962f-20124a33eb5d" />
    <UnitTestResult executionId="a5930d37-89f7-4f4f-83de-9b8e441406c7" testId="d83a6664-b710-0c77-9aee-d0cf89f7ee93" testName="Valid password bigger length" computerName="DKSR-EFI-04" duration="00:00:00.0001332" startTime="2023-12-22T09:38:40.9675344+01:00" endTime="2023-12-22T09:38:40.9678002+01:00" testType="13cdc9d9-ddb5-4fa4-a97d-d965ccfc6d4b" outcome="Passed" testListId="8c84fa94-04c1-424b-9868-57a2d4851a1d" relativeResultsDirectory="a5930d37-89f7-4f4f-83de-9b8e441406c7" />
    <UnitTestResult executionId="ef417ac7-3ae6-47f7-b763-9724aad930be" testId="dd6a6056-335a-e790-dd5c-836d1beab39a" testName="InputMapItem_UpdateName_Rejected" computerName="DKSR-EFI-04" duration="00:00:00.0070995" startTime="2023-12-22T09:39:30.4939232+01:00" endTime="2023-12-22T09:39:30.5012042+01:00" testType="13cdc9d9-ddb5-4fa4-a97d-d965ccfc6d4b" outcome="Passed" testListId="8c84fa94-04c1-424b-9868-57a2d4851a1d" relativeResultsDirectory="ef417ac7-3ae6-47f7-b763-9724aad930be" />
    <UnitTestResult executionId="2fd5ddbb-1a7a-4659-8114-d6099ecdcd63" testId="91c02083-3eab-8cf1-1555-f235b60671d1" testName="Decorate_ShouldRaiseArgumentNullException_WhenWindowIsNull" computerName="DKSR-EFI-04" duration="00:00:00.0006766" startTime="2023-12-22T09:38:33.2884937+01:00" endTime="2023-12-22T09:38:33.2913644+01:00" testType="13cdc9d9-ddb5-4fa4-a97d-d965ccfc6d4b" outcome="Passed" testListId="8c84fa94-04c1-424b-9868-57a2d4851a1d" relativeResultsDirectory="2fd5ddbb-1a7a-4659-8114-d6099ecdcd63" />
    <UnitTestResult executionId="d594c998-6377-40fd-b82d-768eb8d16c3d" testId="529d26b0-b0f1-46a8-1a06-060aa004de23" testName="BuildMapOptions_ShouldHandleStringOptionsCorrectly (GisMapOpenStreetMapAlternativeServer,someText,True)" computerName="DKSR-EFI-04" duration="00:00:00.0012949" startTime="2023-12-22T09:39:38.5060309+01:00" endTime="2023-12-22T09:39:38.5075004+01:00" testType="13cdc9d9-ddb5-4fa4-a97d-d965ccfc6d4b" outcome="Passed" testListId="8c84fa94-04c1-424b-9868-57a2d4851a1d" relativeResultsDirectory="d594c998-6377-40fd-b82d-768eb8d16c3d" />
    <UnitTestResult executionId="77f97fc3-dc55-4d9c-82ad-185293fddf28" testId="d5b83293-8848-4b1e-df37-68e69f1f794e" testName="SearchResultsActionBarActions_EditBookmark_MultipleResult_EditBookmarkInvoked" computerName="DKSR-EFI-04" duration="00:00:00.0139414" startTime="2023-12-22T09:39:10.9758249+01:00" endTime="2023-12-22T09:39:10.9899217+01:00" testType="13cdc9d9-ddb5-4fa4-a97d-d965ccfc6d4b" outcome="Passed" testListId="8c84fa94-04c1-424b-9868-57a2d4851a1d" relativeResultsDirectory="77f97fc3-dc55-4d9c-82ad-185293fddf28" />
    <UnitTestResult executionId="a0a2dcd2-d66a-4fbd-a4ae-35e3de12b1b7" testId="66234323-7949-a946-9adf-97375c9fed0b" testName="Ctor_NullPassedToNotNullParameters_Failure" computerName="DKSR-EFI-04" duration="00:00:00.0195149" startTime="2023-12-22T09:39:11.4746275+01:00" endTime="2023-12-22T09:39:11.4944284+01:00" testType="13cdc9d9-ddb5-4fa4-a97d-d965ccfc6d4b" outcome="Passed" testListId="8c84fa94-04c1-424b-9868-57a2d4851a1d" relativeResultsDirectory="a0a2dcd2-d66a-4fbd-a4ae-35e3de12b1b7" />
    <UnitTestResult executionId="44ef21de-c54c-44ff-a5d8-7e81e812202e" testId="5af9722d-cb32-cd5c-d7d3-430177f73975" testName="ShowSuccessToast_ShouldShowCorrectNumberOfToasts (5,1)" computerName="DKSR-EFI-04" duration="00:00:00.0032767" startTime="2023-12-22T09:39:33.7936471+01:00" endTime="2023-12-22T09:39:33.7970952+01:00" testType="13cdc9d9-ddb5-4fa4-a97d-d965ccfc6d4b" outcome="Passed" testListId="8c84fa94-04c1-424b-9868-57a2d4851a1d" relativeResultsDirectory="44ef21de-c54c-44ff-a5d8-7e81e812202e" />
    <UnitTestResult executionId="88720d54-2a78-4eea-a3ab-13a92ed8eaf0" testId="5aee1987-ec48-787b-31d3-fe2a9e31e772" testName="WaitForItemAsync_WhenAdded_WaitsCorrectlyForItem" computerName="DKSR-EFI-04" duration="00:00:00.0042724" startTime="2023-12-22T09:38:38.8243185+01:00" endTime="2023-12-22T09:38:38.8287981+01:00" testType="13cdc9d9-ddb5-4fa4-a97d-d965ccfc6d4b" outcome="Passed" testListId="8c84fa94-04c1-424b-9868-57a2d4851a1d" relativeResultsDirectory="88720d54-2a78-4eea-a3ab-13a92ed8eaf0" />
    <UnitTestResult executionId="ad840d31-b08f-4933-9754-751f0ba434fa" testId="1f8f2766-504d-6eef-54e8-b4e73b68637d" testName="TestInitializeWorkrooms_AllBuiltinWorkrooms_Success" computerName="DKSR-EFI-04" duration="00:00:00.2207493" startTime="2023-12-22T09:38:31.7270555+01:00" endTime="2023-12-22T09:38:31.9479840+01:00" testType="13cdc9d9-ddb5-4fa4-a97d-d965ccfc6d4b" outcome="Passed" testListId="8c84fa94-04c1-424b-9868-57a2d4851a1d" relativeResultsDirectory="ad840d31-b08f-4933-9754-751f0ba434fa" />
    <UnitTestResult executionId="90e69944-0539-45fa-91c7-b23a93391236" testId="1ae4eff8-6b2f-6b05-41a0-15eb97967c7f" testName="Password_ShouldThrow_InvalidOperationException_WhenConstructedUsingExternal" computerName="DKSR-EFI-04" duration="00:00:00.0004300" startTime="2023-12-22T09:38:32.3663914+01:00" endTime="2023-12-22T09:38:32.3669725+01:00" testType="13cdc9d9-ddb5-4fa4-a97d-d965ccfc6d4b" outcome="Passed" testListId="8c84fa94-04c1-424b-9868-57a2d4851a1d" relativeResultsDirectory="90e69944-0539-45fa-91c7-b23a93391236" />
    <UnitTestResult executionId="3f8339f9-fc5f-4bd9-80cb-d8515296d71b" testId="738cbe03-e159-a418-8d3e-aaea3bd6f9f5" testName="GetOsmServerAddress_ShouldReturnAlternativeServerValue_WhenGeographicLayerIsUnavailable" computerName="DKSR-EFI-04" duration="00:00:00.0005406" startTime="2023-12-22T09:39:31.3375666+01:00" endTime="2023-12-22T09:39:31.3382472+01:00" testType="13cdc9d9-ddb5-4fa4-a97d-d965ccfc6d4b" outcome="Passed" testListId="8c84fa94-04c1-424b-9868-57a2d4851a1d" relativeResultsDirectory="3f8339f9-fc5f-4bd9-80cb-d8515296d71b" />
    <UnitTestResult executionId="6b1c2f67-a5bd-4e48-8379-5fcb9cd734e2" testId="dcdbbe69-ab49-7246-fc1b-b94cfe92e639" testName="ServerAuthentication_ShouldReturnLegacyWindows_WhenConstructedUsingWindows" computerName="DKSR-EFI-04" duration="00:00:00.0001305" startTime="2023-12-22T09:38:32.3573192+01:00" endTime="2023-12-22T09:38:32.3575584+01:00" testType="13cdc9d9-ddb5-4fa4-a97d-d965ccfc6d4b" outcome="Passed" testListId="8c84fa94-04c1-424b-9868-57a2d4851a1d" relativeResultsDirectory="6b1c2f67-a5bd-4e48-8379-5fcb9cd734e2" />
    <UnitTestResult executionId="51054ac3-0fae-4728-8edd-85f8088a1040" testId="0f2fab4c-9ed0-8156-9134-b17ff014dc4a" testName="SearchResultDetailsView_EscapeKey_AnimationEnabled_DetailsViewRemovedFromMainGrid" computerName="DKSR-EFI-04" duration="00:00:00.7888143" startTime="2023-12-22T09:38:48.0855013+01:00" endTime="2023-12-22T09:38:48.8773370+01:00" testType="13cdc9d9-ddb5-4fa4-a97d-d965ccfc6d4b" outcome="Passed" testListId="8c84fa94-04c1-424b-9868-57a2d4851a1d" relativeResultsDirectory="51054ac3-0fae-4728-8edd-85f8088a1040" />
    <UnitTestResult executionId="0f91bef1-c9a9-45b6-a95b-75afa9f24431" testId="19ae25b4-0231-fc97-1b8f-0232f3086906" testName="Close_MainController_Success" computerName="DKSR-EFI-04" duration="00:00:00.0062540" startTime="2023-12-22T09:38:41.2132246+01:00" endTime="2023-12-22T09:38:41.2196185+01:00" testType="13cdc9d9-ddb5-4fa4-a97d-d965ccfc6d4b" outcome="Passed" testListId="8c84fa94-04c1-424b-9868-57a2d4851a1d" relativeResultsDirectory="0f91bef1-c9a9-45b6-a95b-75afa9f24431" />
    <UnitTestResult executionId="372f1e5c-5cc5-49d9-a340-0d4ced76b049" testId="fcff554d-34c8-97ff-ebce-88a9ec7d660a" testName="MulticastInfoDto_ShouldYieldSameValues_WhenRoundTripConverted" computerName="DKSR-EFI-04" duration="00:00:00.0028983" startTime="2023-12-22T09:38:29.7258008+01:00" endTime="2023-12-22T09:38:29.7288389+01:00" testType="13cdc9d9-ddb5-4fa4-a97d-d965ccfc6d4b" outcome="Passed" testListId="8c84fa94-04c1-424b-9868-57a2d4851a1d" relativeResultsDirectory="372f1e5c-5cc5-49d9-a340-0d4ced76b049" />
    <UnitTestResult executionId="9d3a7a93-1238-4b3a-be5e-6e880a9a91d1" testId="a2585aed-0f0c-4b5a-b559-bb2fb6af779c" testName="Dispose_ClusterMarkersNotDisposed_WhenMarkerMovedToCache" computerName="DKSR-EFI-04" duration="00:00:00.0883826" startTime="2023-12-22T09:38:35.5399722+01:00" endTime="2023-12-22T09:38:35.6309310+01:00" testType="13cdc9d9-ddb5-4fa4-a97d-d965ccfc6d4b" outcome="Passed" testListId="8c84fa94-04c1-424b-9868-57a2d4851a1d" relativeResultsDirectory="9d3a7a93-1238-4b3a-be5e-6e880a9a91d1" />
    <UnitTestResult executionId="7bee7278-037c-4dac-9e76-7aecf3f188b9" testId="14ce9c46-40b0-3cf1-b65d-94e20f3f850c" testName="GetDuration_SeveralHours_Success" computerName="DKSR-EFI-04" duration="00:00:00.0002799" startTime="2023-12-22T09:39:13.7749447+01:00" endTime="2023-12-22T09:39:13.7753737+01:00" testType="13cdc9d9-ddb5-4fa4-a97d-d965ccfc6d4b" outcome="Passed" testListId="8c84fa94-04c1-424b-9868-57a2d4851a1d" relativeResultsDirectory="7bee7278-037c-4dac-9e76-7aecf3f188b9" />
    <UnitTestResult executionId="75769a7e-b379-4a88-898f-9f6ae82b4e00" testId="4fb1e9eb-976d-db8c-6efc-0c953d97980e" testName="Ctor_NullPassedToNotNullParameters_Failure" computerName="DKSR-EFI-04" duration="00:00:00.2333157" startTime="2023-12-22T09:39:11.5618847+01:00" endTime="2023-12-22T09:39:11.7957436+01:00" testType="13cdc9d9-ddb5-4fa4-a97d-d965ccfc6d4b" outcome="Passed" testListId="8c84fa94-04c1-424b-9868-57a2d4851a1d" relativeResultsDirectory="75769a7e-b379-4a88-898f-9f6ae82b4e00" />
    <UnitTestResult executionId="53e96288-6bec-4636-a972-cafe955af49d" testId="9f58f9ac-c237-b302-81b2-6eb6c67dcabf" testName="ViewsAreSortedCorrectly" computerName="DKSR-EFI-04" duration="00:00:00.0024800" startTime="2023-12-22T09:39:33.2670572+01:00" endTime="2023-12-22T09:39:33.2697037+01:00" testType="13cdc9d9-ddb5-4fa4-a97d-d965ccfc6d4b" outcome="Passed" testListId="8c84fa94-04c1-424b-9868-57a2d4851a1d" relativeResultsDirectory="53e96288-6bec-4636-a972-cafe955af49d" />
    <UnitTestResult executionId="613d0345-40ed-47e9-a186-e12bfa6eb9e8" testId="ed8ce939-1ecb-5339-ef24-908cae52144a" testName="PtzInfoViewModel_PtzCotrolledByPatrollingTest" computerName="DKSR-EFI-04" duration="00:00:00.0008922" startTime="2023-12-22T09:38:32.5224254+01:00" endTime="2023-12-22T09:38:32.5234341+01:00" testType="13cdc9d9-ddb5-4fa4-a97d-d965ccfc6d4b" outcome="Passed" testListId="8c84fa94-04c1-424b-9868-57a2d4851a1d" relativeResultsDirectory="613d0345-40ed-47e9-a186-e12bfa6eb9e8" />
    <UnitTestResult executionId="f49a14a2-8ecb-491c-8d09-3c4317d396c8" testId="1a507d86-1921-f620-6368-d6adb1877080" testName="TestCreateMipTabWorkroom_Two_Success" computerName="DKSR-EFI-04" duration="00:00:00.0122908" startTime="2023-12-22T09:38:31.6884527+01:00" endTime="2023-12-22T09:38:31.7010134+01:00" testType="13cdc9d9-ddb5-4fa4-a97d-d965ccfc6d4b" outcome="Passed" testListId="8c84fa94-04c1-424b-9868-57a2d4851a1d" relativeResultsDirectory="f49a14a2-8ecb-491c-8d09-3c4317d396c8" />
    <UnitTestResult executionId="a68b12e2-73bf-451c-a9a7-5a92a5a3bac7" testId="56b52fe7-501e-5059-ffb3-616a27cb0414" testName="WhenActionExecutedWithAlarmsWithRelatedDeviceThenEveryObserverNotifiedWithRelated" computerName="DKSR-EFI-04" duration="00:00:00.0052803" startTime="2023-12-22T09:39:31.4614341+01:00" endTime="2023-12-22T09:39:31.4668581+01:00" testType="13cdc9d9-ddb5-4fa4-a97d-d965ccfc6d4b" outcome="Passed" testListId="8c84fa94-04c1-424b-9868-57a2d4851a1d" relativeResultsDirectory="a68b12e2-73bf-451c-a9a7-5a92a5a3bac7" />
    <UnitTestResult executionId="de816cfe-5f69-441a-9f6c-db1644058068" testId="65173ca9-ca7a-eecb-f51e-664ba3987e33" testName="PtzSessionController_GetPtzSessionInfo_Unregistered_Camera_Test" computerName="DKSR-EFI-04" duration="00:00:00.0048708" startTime="2023-12-22T09:38:32.0442715+01:00" endTime="2023-12-22T09:38:32.0493540+01:00" testType="13cdc9d9-ddb5-4fa4-a97d-d965ccfc6d4b" outcome="Passed" testListId="8c84fa94-04c1-424b-9868-57a2d4851a1d" relativeResultsDirectory="de816cfe-5f69-441a-9f6c-db1644058068" />
    <UnitTestResult executionId="0d65abc3-331e-4f62-adbc-eece4acef0f7" testId="0d69c7de-0a79-1b02-2fcf-9739b7f2143b" testName="GetIsOpenStreetMapValid_ShouldReturnTrue_WhenGeographicLayerIsAvailableAndAlternativeServerHasInvalidUrl" computerName="DKSR-EFI-04" duration="00:00:00.0005425" startTime="2023-12-22T09:39:31.3275228+01:00" endTime="2023-12-22T09:39:31.3281977+01:00" testType="13cdc9d9-ddb5-4fa4-a97d-d965ccfc6d4b" outcome="Passed" testListId="8c84fa94-04c1-424b-9868-57a2d4851a1d" relativeResultsDirectory="0d65abc3-331e-4f62-adbc-eece4acef0f7" />
    <UnitTestResult executionId="3109a961-29b9-4b99-a0c5-14a4b2ffd491" testId="89633d51-0a7e-1e94-929d-ec9b25c6de3a" testName="GetKey_ShouldReturnValidConnectionString" computerName="DKSR-EFI-04" duration="00:00:00.0012830" startTime="2023-12-22T09:39:38.6058225+01:00" endTime="2023-12-22T09:39:38.6073810+01:00" testType="13cdc9d9-ddb5-4fa4-a97d-d965ccfc6d4b" outcome="Passed" testListId="8c84fa94-04c1-424b-9868-57a2d4851a1d" relativeResultsDirectory="3109a961-29b9-4b99-a0c5-14a4b2ffd491" />
    <UnitTestResult executionId="7d038b97-9d96-48c5-be44-1c2016f33100" testId="04268900-3302-a699-5943-bbf486b565e8" testName="PatrollingProfileListViewModel_Save_DeleteProfile" computerName="DKSR-EFI-04" duration="00:00:00.0026524" startTime="2023-12-22T09:39:32.1644972+01:00" endTime="2023-12-22T09:39:32.1672821+01:00" testType="13cdc9d9-ddb5-4fa4-a97d-d965ccfc6d4b" outcome="Passed" testListId="8c84fa94-04c1-424b-9868-57a2d4851a1d" relativeResultsDirectory="7d038b97-9d96-48c5-be44-1c2016f33100" />
    <UnitTestResult executionId="57fc89dc-978e-48b7-9864-473f7052dc14" testId="f7a4182b-ffd3-38f8-408e-5d4264f4f5e8" testName="GetPropertiesAsync_ShouldIgnoreNullPropertyCollectionFromSubResults" computerName="DKSR-EFI-04" duration="00:00:00.0028289" startTime="2023-12-22T09:39:14.5794583+01:00" endTime="2023-12-22T09:39:14.5824343+01:00" testType="13cdc9d9-ddb5-4fa4-a97d-d965ccfc6d4b" outcome="Passed" testListId="8c84fa94-04c1-424b-9868-57a2d4851a1d" relativeResultsDirectory="57fc89dc-978e-48b7-9864-473f7052dc14" />
    <UnitTestResult executionId="e307ebbd-ffff-4705-a862-4c19a757ff1e" testId="618671da-f82c-c489-4e50-3ec438e9a9d0" testName="Connect_SucceedeInConnectingWithOAuthSecure_ShouldReturnTrue" computerName="DKSR-EFI-04" duration="00:00:00.0013295" startTime="2023-12-22T09:38:29.6772946+01:00" endTime="2023-12-22T09:38:29.6787272+01:00" testType="13cdc9d9-ddb5-4fa4-a97d-d965ccfc6d4b" outcome="Passed" testListId="8c84fa94-04c1-424b-9868-57a2d4851a1d" relativeResultsDirectory="e307ebbd-ffff-4705-a862-4c19a757ff1e" />
    <UnitTestResult executionId="135bdb0f-da04-4c4b-afde-0c8037f22a7b" testId="634e382c-e414-92b0-7810-237df6007505" testName="BuildMapOptions_ShouldHandleStringOptionsCorrectly (GisMapOpenStreetMapAlternativeServer,,False)" computerName="DKSR-EFI-04" duration="00:00:00.0007331" startTime="2023-12-22T09:39:38.5079735+01:00" endTime="2023-12-22T09:39:38.5088771+01:00" testType="13cdc9d9-ddb5-4fa4-a97d-d965ccfc6d4b" outcome="Passed" testListId="8c84fa94-04c1-424b-9868-57a2d4851a1d" relativeResultsDirectory="135bdb0f-da04-4c4b-afde-0c8037f22a7b" />
    <UnitTestResult executionId="1676387d-46e9-49c6-98a3-7b70e06152c1" testId="9a1e0638-3454-96aa-be92-9d9c7a4bfa39" testName="GetItemsIn_BuildingNoLevelsNotIndexed_NoException" computerName="DKSR-EFI-04" duration="00:00:00.0344962" startTime="2023-12-22T09:39:31.5977465+01:00" endTime="2023-12-22T09:39:31.6324325+01:00" testType="13cdc9d9-ddb5-4fa4-a97d-d965ccfc6d4b" outcome="Passed" testListId="8c84fa94-04c1-424b-9868-57a2d4851a1d" relativeResultsDirectory="1676387d-46e9-49c6-98a3-7b70e06152c1" />
    <UnitTestResult executionId="347b55dd-a2d6-4484-95a0-01b161ce7c0d" testId="a2d013ca-7402-4f94-4ab9-860cc766f7d2" testName="SearchCriteriaOnChanged_ShouldUpdateRegionSelectionFilterValue_WhenCameraScopeIsUpdated" computerName="DKSR-EFI-04" duration="00:00:00.0028647" startTime="2023-12-22T09:39:14.6002690+01:00" endTime="2023-12-22T09:39:14.6032989+01:00" testType="13cdc9d9-ddb5-4fa4-a97d-d965ccfc6d4b" outcome="Passed" testListId="8c84fa94-04c1-424b-9868-57a2d4851a1d" relativeResultsDirectory="347b55dd-a2d6-4484-95a0-01b161ce7c0d" />
    <UnitTestResult executionId="bfdaf1c4-c2ec-41fc-905e-b52e50dccfcc" testId="7a29bb4c-872a-7722-5bfa-4ff03f288d37" testName="GetWorkspaceToolbarItems_ShouldNotReturnGroupedToolbarItem_WhenPluginGroupIsNotSetInPluginDefinition" computerName="DKSR-EFI-04" duration="00:00:00.0564931" startTime="2023-12-22T09:39:32.5607305+01:00" endTime="2023-12-22T09:39:32.6174065+01:00" testType="13cdc9d9-ddb5-4fa4-a97d-d965ccfc6d4b" outcome="Passed" testListId="8c84fa94-04c1-424b-9868-57a2d4851a1d" relativeResultsDirectory="bfdaf1c4-c2ec-41fc-905e-b52e50dccfcc" />
    <UnitTestResult executionId="0e86aa38-658d-47e0-a8f6-9d4b8488ea37" testId="35c37eb8-e213-391e-0beb-46923447e480" testName="When password 1 is invalid, password 2 is valid, even when different" computerName="DKSR-EFI-04" duration="00:00:00.0002162" startTime="2023-12-22T09:38:40.9767233+01:00" endTime="2023-12-22T09:38:40.9771455+01:00" testType="13cdc9d9-ddb5-4fa4-a97d-d965ccfc6d4b" outcome="Passed" testListId="8c84fa94-04c1-424b-9868-57a2d4851a1d" relativeResultsDirectory="0e86aa38-658d-47e0-a8f6-9d4b8488ea37" />
    <UnitTestResult executionId="cc7e3deb-ea66-48de-87d3-dc4d2d524c26" testId="5ff1d928-fddf-7f17-ef34-f8a1593f2a8d" testName="GetWorkspaceToolbarItems_ShouldReturnGroupedToolbarItem_WhenPluginGroupIsSet" computerName="DKSR-EFI-04" duration="00:00:00.0043844" startTime="2023-12-22T09:39:32.6179321+01:00" endTime="2023-12-22T09:39:32.6224942+01:00" testType="13cdc9d9-ddb5-4fa4-a97d-d965ccfc6d4b" outcome="Passed" testListId="8c84fa94-04c1-424b-9868-57a2d4851a1d" relativeResultsDirectory="cc7e3deb-ea66-48de-87d3-dc4d2d524c26" />
    <UnitTestResult executionId="53b13fbb-95cd-4d38-809d-212b9be52c14" testId="ce2cf82c-5810-0ccc-465a-37da15418741" testName="HandleSetLayerFeatures_ShouldRaiseArgumentException_WhenMicrophoneKindAndNotMicrophoneLayerFeatures" computerName="DKSR-EFI-04" duration="00:00:00.0027241" startTime="2023-12-22T09:39:31.2946234+01:00" endTime="2023-12-22T09:39:31.2975146+01:00" testType="13cdc9d9-ddb5-4fa4-a97d-d965ccfc6d4b" outcome="Passed" testListId="8c84fa94-04c1-424b-9868-57a2d4851a1d" relativeResultsDirectory="53b13fbb-95cd-4d38-809d-212b9be52c14" />
    <UnitTestResult executionId="edabfc06-c0a6-4a6c-852a-172806bb34b3" testId="3a384c62-a21e-fecb-daa1-7890a574eea7" testName="AndOrSearchDefinitionToVisibilityMultiConverter_CallConvert_NotFirstInListAnd" computerName="DKSR-EFI-04" duration="00:00:00.0004543" startTime="2023-12-22T09:38:58.9942751+01:00" endTime="2023-12-22T09:38:58.9948662+01:00" testType="13cdc9d9-ddb5-4fa4-a97d-d965ccfc6d4b" outcome="Passed" testListId="8c84fa94-04c1-424b-9868-57a2d4851a1d" relativeResultsDirectory="edabfc06-c0a6-4a6c-852a-172806bb34b3" />
    <UnitTestResult executionId="2806d152-3d8b-4728-b710-0ef758114020" testId="87f381e7-d9c3-dd59-a7de-147f1cb1e49c" testName="SelectTemplate_TextBoxFilterConfiguration_ReturnsInlineTemplate" computerName="DKSR-EFI-04" duration="00:00:00.0006185" startTime="2023-12-22T09:38:41.2898727+01:00" endTime="2023-12-22T09:38:41.2906199+01:00" testType="13cdc9d9-ddb5-4fa4-a97d-d965ccfc6d4b" outcome="Passed" testListId="8c84fa94-04c1-424b-9868-57a2d4851a1d" relativeResultsDirectory="2806d152-3d8b-4728-b710-0ef758114020" />
    <UnitTestResult executionId="582763ec-068c-42e9-a97c-fba6ff565253" testId="4672bcf4-734d-4ad9-761e-d152a3dbb36b" testName="ShowNotificationMessage_SetsCorrectDisplayProperties_WhenCalled" computerName="DKSR-EFI-04" duration="00:00:00.0159817" startTime="2023-12-22T09:38:33.2468526+01:00" endTime="2023-12-22T09:38:33.2651621+01:00" testType="13cdc9d9-ddb5-4fa4-a97d-d965ccfc6d4b" outcome="Passed" testListId="8c84fa94-04c1-424b-9868-57a2d4851a1d" relativeResultsDirectory="582763ec-068c-42e9-a97c-fba6ff565253" />
    <UnitTestResult executionId="f5be02df-b98e-4f65-8471-f523849f095e" testId="cab07565-7102-ab00-4f85-136d84889f35" testName="UpdateItems_WhenStrategyReturnsUpdateNotNeeded_ShouldNotResultInMipItemsReadyEvent" computerName="DKSR-EFI-04" duration="00:00:00.0013167" startTime="2023-12-22T09:38:38.7686277+01:00" endTime="2023-12-22T09:38:38.7701008+01:00" testType="13cdc9d9-ddb5-4fa4-a97d-d965ccfc6d4b" outcome="Passed" testListId="8c84fa94-04c1-424b-9868-57a2d4851a1d" relativeResultsDirectory="f5be02df-b98e-4f65-8471-f523849f095e" />
    <UnitTestResult executionId="667387e3-b52b-4e29-a912-403262534743" testId="6bf98392-1073-05ae-8e9e-5a0aa6674b1b" testName="ToUnsafeName_SingleNonKeywordName_Success" computerName="DKSR-EFI-04" duration="00:00:00.0001049" startTime="2023-12-22T09:39:38.6208210+01:00" endTime="2023-12-22T09:39:38.6210487+01:00" testType="13cdc9d9-ddb5-4fa4-a97d-d965ccfc6d4b" outcome="Passed" testListId="8c84fa94-04c1-424b-9868-57a2d4851a1d" relativeResultsDirectory="667387e3-b52b-4e29-a912-403262534743" />
    <UnitTestResult executionId="f1306c17-0b0b-45e1-b485-954789b22a5c" testId="30fe8312-9877-ebd0-79b2-11d30d1e5b58" testName="VideoResultSearchResult_SetThenReset_PropertiesEmptied" computerName="DKSR-EFI-04" duration="00:00:00.0151574" startTime="2023-12-22T09:38:59.1279171+01:00" endTime="2023-12-22T09:38:59.1459310+01:00" testType="13cdc9d9-ddb5-4fa4-a97d-d965ccfc6d4b" outcome="Passed" testListId="8c84fa94-04c1-424b-9868-57a2d4851a1d" relativeResultsDirectory="f1306c17-0b0b-45e1-b485-954789b22a5c" />
    <UnitTestResult executionId="fbf4b9be-d441-4326-aedb-a6d7860b6f89" testId="f086d804-d792-85ee-7f01-0c6bad93eebb" testName="SupportsDoubleClick_ShouldBeFalse_WhenInteractionStateIsNotNormalOrNewDevice" computerName="DKSR-EFI-04" duration="00:00:00.0268673" startTime="2023-12-22T09:38:37.1823856+01:00" endTime="2023-12-22T09:38:37.2121274+01:00" testType="13cdc9d9-ddb5-4fa4-a97d-d965ccfc6d4b" outcome="Passed" testListId="8c84fa94-04c1-424b-9868-57a2d4851a1d" relativeResultsDirectory="fbf4b9be-d441-4326-aedb-a6d7860b6f89" />
    <UnitTestResult executionId="cff0da74-0562-4ec7-99e7-43a45db9b693" testId="aab428ed-a31b-f1b7-b0cd-f341bed7d107" testName="ctor_NullArg_NullArgException" computerName="DKSR-EFI-04" duration="00:00:00.0006525" startTime="2023-12-22T09:39:10.2530505+01:00" endTime="2023-12-22T09:39:10.2539807+01:00" testType="13cdc9d9-ddb5-4fa4-a97d-d965ccfc6d4b" outcome="Passed" testListId="8c84fa94-04c1-424b-9868-57a2d4851a1d" relativeResultsDirectory="cff0da74-0562-4ec7-99e7-43a45db9b693" />
    <UnitTestResult executionId="104597f0-0020-4416-a05b-36e38815678d" testId="eee00570-2c88-ed70-4bff-bb8eb4983fd1" testName="CalculateNewExtent_ShouldLimitExtent_WhenBeyondMaxOnLowerRightEdge" computerName="DKSR-EFI-04" duration="00:00:00.0001749" startTime="2023-12-22T09:38:38.8213157+01:00" endTime="2023-12-22T09:38:38.8216028+01:00" testType="13cdc9d9-ddb5-4fa4-a97d-d965ccfc6d4b" outcome="Passed" testListId="8c84fa94-04c1-424b-9868-57a2d4851a1d" relativeResultsDirectory="104597f0-0020-4416-a05b-36e38815678d" />
    <UnitTestResult executionId="905d3d78-f9c1-47fa-8dee-56f158a52578" testId="3dff5113-fbc5-85c4-6443-3894194c92b8" testName="AddSelectedCameras_ValidCamera_CameraAdded" computerName="DKSR-EFI-04" duration="00:00:00.0202294" startTime="2023-12-22T09:39:11.8275859+01:00" endTime="2023-12-22T09:39:11.8479860+01:00" testType="13cdc9d9-ddb5-4fa4-a97d-d965ccfc6d4b" outcome="Passed" testListId="8c84fa94-04c1-424b-9868-57a2d4851a1d" relativeResultsDirectory="905d3d78-f9c1-47fa-8dee-56f158a52578" />
    <UnitTestResult executionId="406fd7c7-6836-4ee8-8638-7340d5688333" testId="8781c4e8-8f6b-fc4e-fad2-e4adb8260be9" testName="GetDeviceData_ShouldReturnDeviceData_WhenInputKindAndExistingInputId" computerName="DKSR-EFI-04" duration="00:00:00.0340521" startTime="2023-12-22T09:38:39.9365509+01:00" endTime="2023-12-22T09:38:39.9707876+01:00" testType="13cdc9d9-ddb5-4fa4-a97d-d965ccfc6d4b" outcome="Passed" testListId="8c84fa94-04c1-424b-9868-57a2d4851a1d" relativeResultsDirectory="406fd7c7-6836-4ee8-8638-7340d5688333" />
    <UnitTestResult executionId="d603c86b-f745-4d87-929d-a26c218eed82" testId="604833d7-d8a0-cb51-77cf-d5e2a38bc181" testName="PtzInfoViewModel_PtzCotrolledByUnknownTest" computerName="DKSR-EFI-04" duration="00:00:00.0008133" startTime="2023-12-22T09:38:32.5192181+01:00" endTime="2023-12-22T09:38:32.5201532+01:00" testType="13cdc9d9-ddb5-4fa4-a97d-d965ccfc6d4b" outcome="Passed" testListId="8c84fa94-04c1-424b-9868-57a2d4851a1d" relativeResultsDirectory="d603c86b-f745-4d87-929d-a26c218eed82" />
    <UnitTestResult executionId="499f78b4-bcdd-41ce-a0f3-55c2b206e938" testId="dd092419-abd8-e0ce-fcc9-f98f58bba7cb" testName="ShowPermissionDeniedStatusBarError_ShouldSendAMessage (0,0)" computerName="DKSR-EFI-04" duration="00:00:00.0014357" startTime="2023-12-22T09:39:33.8123947+01:00" endTime="2023-12-22T09:39:33.8139848+01:00" testType="13cdc9d9-ddb5-4fa4-a97d-d965ccfc6d4b" outcome="Passed" testListId="8c84fa94-04c1-424b-9868-57a2d4851a1d" relativeResultsDirectory="499f78b4-bcdd-41ce-a0f3-55c2b206e938" />
    <UnitTestResult executionId="d9ca7182-bbf4-4e58-be5c-c3ec91c83673" testId="6a9c6020-889e-b6db-aa72-939d2660cb16" testName="HandleSetLayerFeatures_ShouldRaiseArgumentException_WhenCameraKindAndNotCameraLayerFeaturesAndOutputLayer" computerName="DKSR-EFI-04" duration="00:00:00.0009583" startTime="2023-12-22T09:39:31.2602226+01:00" endTime="2023-12-22T09:39:31.2613410+01:00" testType="13cdc9d9-ddb5-4fa4-a97d-d965ccfc6d4b" outcome="Passed" testListId="8c84fa94-04c1-424b-9868-57a2d4851a1d" relativeResultsDirectory="d9ca7182-bbf4-4e58-be5c-c3ec91c83673" />
    <UnitTestResult executionId="9b2c7bbf-1a5b-48b0-a4fc-5529208ae65e" testId="2328c08a-6b16-a28c-b157-2e48d92660b0" testName="ValidateExportLocation_ShouldReturnFailResult_ExportFolderIsIllegal (True,True)" computerName="DKSR-EFI-04" duration="00:00:00.0072233" startTime="2023-12-22T09:38:40.8348875+01:00" endTime="2023-12-22T09:38:40.8422808+01:00" testType="13cdc9d9-ddb5-4fa4-a97d-d965ccfc6d4b" outcome="Passed" testListId="8c84fa94-04c1-424b-9868-57a2d4851a1d" relativeResultsDirectory="9b2c7bbf-1a5b-48b0-a4fc-5529208ae65e" />
    <UnitTestResult executionId="378666ac-d1bd-450b-9082-cc99314faac7" testId="04187fa0-5851-9668-dfce-6611bb5be8f1" testName="DeactivatedOutputIconsId_ShouldReturnDeactivatedIconsInAProperOrder_WhenCalled" computerName="DKSR-EFI-04" duration="00:00:00.0004949" startTime="2023-12-22T09:39:29.0866850+01:00" endTime="2023-12-22T09:39:29.0873135+01:00" testType="13cdc9d9-ddb5-4fa4-a97d-d965ccfc6d4b" outcome="Passed" testListId="8c84fa94-04c1-424b-9868-57a2d4851a1d" relativeResultsDirectory="378666ac-d1bd-450b-9082-cc99314faac7" />
    <UnitTestResult executionId="5c6291be-9c69-4273-9c76-6057651e1539" testId="21be0112-22bc-28e4-3be0-7f0713407426" testName="PopulateTooltip_FewResultsFromSingleCamera12Hours_ValidText" computerName="DKSR-EFI-04" duration="00:00:00.0371630" startTime="2023-12-22T09:39:07.2760936+01:00" endTime="2023-12-22T09:39:07.3157707+01:00" testType="13cdc9d9-ddb5-4fa4-a97d-d965ccfc6d4b" outcome="Passed" testListId="8c84fa94-04c1-424b-9868-57a2d4851a1d" relativeResultsDirectory="5c6291be-9c69-4273-9c76-6057651e1539" />
    <UnitTestResult executionId="b9247157-d490-4142-aa20-67bef289cd78" testId="d9a71493-8a98-1ce2-4921-b216ae947c71" testName="SupportsDoubleClick_ShouldBeFalse_WhenInteractionStateIsNotNormalAndNotInSetupMode" computerName="DKSR-EFI-04" duration="00:00:00.0172625" startTime="2023-12-22T09:38:36.9802983+01:00" endTime="2023-12-22T09:38:37.0003282+01:00" testType="13cdc9d9-ddb5-4fa4-a97d-d965ccfc6d4b" outcome="Passed" testListId="8c84fa94-04c1-424b-9868-57a2d4851a1d" relativeResultsDirectory="b9247157-d490-4142-aa20-67bef289cd78" />
    <UnitTestResult executionId="d4e8e3fe-b9c5-4a5f-ab6c-2480fec01fb8" testId="1dfcecbd-375a-81ed-2ce9-6d3e61013acd" testName="RightButtonDown_DoubleClickNoZoomHandler_DoesNotCrash" computerName="DKSR-EFI-04" duration="00:00:00.0063291" startTime="2023-12-22T09:38:35.0026231+01:00" endTime="2023-12-22T09:38:35.0112632+01:00" testType="13cdc9d9-ddb5-4fa4-a97d-d965ccfc6d4b" outcome="Passed" testListId="8c84fa94-04c1-424b-9868-57a2d4851a1d" relativeResultsDirectory="d4e8e3fe-b9c5-4a5f-ab6c-2480fec01fb8" />
    <UnitTestResult executionId="0ce79474-72b2-436e-9c9c-2b612235795e" testId="f27b2734-7e6c-c464-7643-e40625bfd46a" testName="TestImplicitOperator_Position2D_Success" computerName="DKSR-EFI-04" duration="00:00:00.0002424" startTime="2023-12-22T09:39:28.0280693+01:00" endTime="2023-12-22T09:39:28.0284434+01:00" testType="13cdc9d9-ddb5-4fa4-a97d-d965ccfc6d4b" outcome="Passed" testListId="8c84fa94-04c1-424b-9868-57a2d4851a1d" relativeResultsDirectory="0ce79474-72b2-436e-9c9c-2b612235795e" />
    <UnitTestResult executionId="0d34cffe-c154-4065-93ad-746d5559a270" testId="63e96068-9f53-27fa-ddcd-94b9c2880dd5" testName="GetCredential_ShouldReturnContainedBasicCredentials_WhenUriAndAuthTypeAreNotNull" computerName="DKSR-EFI-04" duration="00:00:00.0001681" startTime="2023-12-22T09:38:32.3447101+01:00" endTime="2023-12-22T09:38:32.3450021+01:00" testType="13cdc9d9-ddb5-4fa4-a97d-d965ccfc6d4b" outcome="Passed" testListId="8c84fa94-04c1-424b-9868-57a2d4851a1d" relativeResultsDirectory="0d34cffe-c154-4065-93ad-746d5559a270" />
    <UnitTestResult executionId="3e541096-937c-4d83-8a82-171d9dcb9ec2" testId="7e58be8f-9941-69cb-e59f-eb5323ed9f2d" testName="SupportsRightClick_ShouldBeTrue_WhenInteractionStateIsNormal" computerName="DKSR-EFI-04" duration="00:00:00.0449528" startTime="2023-12-22T09:38:38.1771051+01:00" endTime="2023-12-22T09:38:38.2249446+01:00" testType="13cdc9d9-ddb5-4fa4-a97d-d965ccfc6d4b" outcome="Passed" testListId="8c84fa94-04c1-424b-9868-57a2d4851a1d" relativeResultsDirectory="3e541096-937c-4d83-8a82-171d9dcb9ec2" />
    <UnitTestResult executionId="9cb8c391-913e-405b-9f5c-bd982bb89780" testId="6e9ddeeb-8237-28ab-191f-f32e87858c27" testName="LoadSearchTemplate_NoActiveToNoActive_NoUpdateAndEvent" computerName="DKSR-EFI-04" duration="00:00:00.0077677" startTime="2023-12-22T09:39:13.8816626+01:00" endTime="2023-12-22T09:39:13.8897579+01:00" testType="13cdc9d9-ddb5-4fa4-a97d-d965ccfc6d4b" outcome="Passed" testListId="8c84fa94-04c1-424b-9868-57a2d4851a1d" relativeResultsDirectory="9cb8c391-913e-405b-9f5c-bd982bb89780" />
    <UnitTestResult executionId="0552bdf2-755f-4db9-8a3e-12d4ddaf1968" testId="232e38bc-f1e6-d745-c4df-2efcf25dd919" testName="Initialize_ShouldRaiseServerUpgradeRequiredAccessControlInitException_WhenAllowOnlyFipsAlgorithmsIsTrueAndSomeEventServerIdsAreNonFipsCompliant" computerName="DKSR-EFI-04" duration="00:00:00.0228667" startTime="2023-12-22T09:39:39.5157772+01:00" endTime="2023-12-22T09:39:39.5389165+01:00" testType="13cdc9d9-ddb5-4fa4-a97d-d965ccfc6d4b" outcome="Passed" testListId="8c84fa94-04c1-424b-9868-57a2d4851a1d" relativeResultsDirectory="0552bdf2-755f-4db9-8a3e-12d4ddaf1968" />
    <UnitTestResult executionId="ba83bf5f-bf7e-45df-8e43-f3ad15a6e90e" testId="2c1f07ec-ce8f-9b5e-788c-417096e2b9e1" testName="SupportsRightClick_ShouldBeFalse_WhenInteractionStateIsNotNormal" computerName="DKSR-EFI-04" duration="00:00:00.0097945" startTime="2023-12-22T09:38:36.3946073+01:00" endTime="2023-12-22T09:38:36.4070645+01:00" testType="13cdc9d9-ddb5-4fa4-a97d-d965ccfc6d4b" outcome="Passed" testListId="8c84fa94-04c1-424b-9868-57a2d4851a1d" relativeResultsDirectory="ba83bf5f-bf7e-45df-8e43-f3ad15a6e90e" />
    <UnitTestResult executionId="7f1384dc-a2f4-4a60-b9ac-533472a0f5f4" testId="6816708f-fdf2-3222-9491-91819f8c817b" testName="GetMapLayerArguments_ShouldReturnIGisMapModelAndAlarmsObservables_WhenCalled" computerName="DKSR-EFI-04" duration="00:00:00.0003658" startTime="2023-12-22T09:39:29.0205750+01:00" endTime="2023-12-22T09:39:29.0210628+01:00" testType="13cdc9d9-ddb5-4fa4-a97d-d965ccfc6d4b" outcome="Passed" testListId="8c84fa94-04c1-424b-9868-57a2d4851a1d" relativeResultsDirectory="7f1384dc-a2f4-4a60-b9ac-533472a0f5f4" />
    <UnitTestResult executionId="78d090aa-7f26-4d5c-9410-546e1d979c84" testId="780b91d2-0044-d042-dc26-f60de2f5b427" testName="Parse_TwoHours_Success" computerName="DKSR-EFI-04" duration="00:00:00.0006011" startTime="2023-12-22T09:39:13.9612927+01:00" endTime="2023-12-22T09:39:13.9620307+01:00" testType="13cdc9d9-ddb5-4fa4-a97d-d965ccfc6d4b" outcome="Passed" testListId="8c84fa94-04c1-424b-9868-57a2d4851a1d" relativeResultsDirectory="78d090aa-7f26-4d5c-9410-546e1d979c84" />
    <UnitTestResult executionId="7c91d98f-8663-4ac7-8f01-4e08353d630e" testId="092a5f5d-5e92-e7c2-e812-620b9e6c3275" testName="Convert_NoCamerasSelectionsAndNoSearchDefinitions_Collapsed" computerName="DKSR-EFI-04" duration="00:00:00.0001672" startTime="2023-12-22T09:38:59.0547412+01:00" endTime="2023-12-22T09:38:59.0550384+01:00" testType="13cdc9d9-ddb5-4fa4-a97d-d965ccfc6d4b" outcome="Passed" testListId="8c84fa94-04c1-424b-9868-57a2d4851a1d" relativeResultsDirectory="7c91d98f-8663-4ac7-8f01-4e08353d630e" />
    <UnitTestResult executionId="adc13c35-6e23-43d9-8394-2880ead5fa84" testId="98f162c3-7789-0517-6acc-2e2623f261ea" testName="VideoResultSearchResult_PropertiesWhenCombinedResultDifferentCategoryName_CollectedAndDisplayed" computerName="DKSR-EFI-04" duration="00:00:00.0157661" startTime="2023-12-22T09:39:01.2627120+01:00" endTime="2023-12-22T09:39:01.2810629+01:00" testType="13cdc9d9-ddb5-4fa4-a97d-d965ccfc6d4b" outcome="Passed" testListId="8c84fa94-04c1-424b-9868-57a2d4851a1d" relativeResultsDirectory="adc13c35-6e23-43d9-8394-2880ead5fa84" />
    <UnitTestResult executionId="38c11867-613f-4b2b-bca4-81727251e151" testId="23c3222c-43bf-12ab-6d71-69f32f727a99" testName="Constructor_ShouldCreateNewGenericClient_WhenPassedWithNotOldVersion" computerName="DKSR-EFI-04" duration="00:00:00.0048214" startTime="2023-12-22T09:38:29.9304767+01:00" endTime="2023-12-22T09:38:29.9355160+01:00" testType="13cdc9d9-ddb5-4fa4-a97d-d965ccfc6d4b" outcome="Passed" testListId="8c84fa94-04c1-424b-9868-57a2d4851a1d" relativeResultsDirectory="38c11867-613f-4b2b-bca4-81727251e151" />
    <UnitTestResult executionId="7deaa597-e106-4004-ba01-c25a099e1b7a" testId="361fc6c6-0e8b-67f9-3bea-df214e20d9d1" testName="GetLayerVisibilityItemsData_ShouldAddTwoToggleableVisibilityItemData_WhenAnyDeviceMapLayerIsProvided" computerName="DKSR-EFI-04" duration="00:00:00.0035883" startTime="2023-12-22T09:38:34.8423740+01:00" endTime="2023-12-22T09:38:34.8461213+01:00" testType="13cdc9d9-ddb5-4fa4-a97d-d965ccfc6d4b" outcome="Passed" testListId="8c84fa94-04c1-424b-9868-57a2d4851a1d" relativeResultsDirectory="7deaa597-e106-4004-ba01-c25a099e1b7a" />
    <UnitTestResult executionId="388ca8ea-3dac-4bb3-8485-1a2b9ad8001e" testId="bd1c2cab-1265-633f-739a-62f24eef82f7" testName="CreateSearchDefinition_FactoryInvokedWithCorrectParameters" computerName="DKSR-EFI-04" duration="00:00:00.0088359" startTime="2023-12-22T09:39:25.4518658+01:00" endTime="2023-12-22T09:39:25.4608486+01:00" testType="13cdc9d9-ddb5-4fa4-a97d-d965ccfc6d4b" outcome="Passed" testListId="8c84fa94-04c1-424b-9868-57a2d4851a1d" relativeResultsDirectory="388ca8ea-3dac-4bb3-8485-1a2b9ad8001e" />
    <UnitTestResult executionId="34d0353a-7a86-43d4-b0f4-e548ef4e6aa2" testId="24aad481-07c1-3aaa-142a-c2bdd14112ca" testName="IconValueConverter_ConvertBack_Fail" computerName="DKSR-EFI-04" duration="00:00:00.0005396" startTime="2023-12-22T09:38:59.0414213+01:00" endTime="2023-12-22T09:38:59.0421279+01:00" testType="13cdc9d9-ddb5-4fa4-a97d-d965ccfc6d4b" outcome="Passed" testListId="8c84fa94-04c1-424b-9868-57a2d4851a1d" relativeResultsDirectory="34d0353a-7a86-43d4-b0f4-e548ef4e6aa2" />
    <UnitTestResult executionId="d57cd08a-b51f-472a-a0d8-a273be22acf5" testId="f4a64d46-5162-ebbc-c6d5-bf9ee224f0ba" testName="ActionBarPluginsEnabled_TwoPluginsWithDifferentOverflowModes_PluginButtonPresentInActionBarAndSortedCorrectly" computerName="DKSR-EFI-04" duration="00:00:00.0218470" startTime="2023-12-22T09:38:42.5379442+01:00" endTime="2023-12-22T09:38:42.5623076+01:00" testType="13cdc9d9-ddb5-4fa4-a97d-d965ccfc6d4b" outcome="Passed" testListId="8c84fa94-04c1-424b-9868-57a2d4851a1d" relativeResultsDirectory="d57cd08a-b51f-472a-a0d8-a273be22acf5" />
    <UnitTestResult executionId="e61de7fc-9b12-4fcb-b86b-69b40f29430a" testId="a68d8bd1-83c1-7dcf-88ae-373561151afd" testName="OnLayersRetrieved_ShouldSetComponentsToInput_WhenLayersCollectionContainsInput" computerName="DKSR-EFI-04" duration="00:00:00.0108467" startTime="2023-12-22T09:38:34.0926335+01:00" endTime="2023-12-22T09:38:34.1059423+01:00" testType="13cdc9d9-ddb5-4fa4-a97d-d965ccfc6d4b" outcome="Passed" testListId="8c84fa94-04c1-424b-9868-57a2d4851a1d" relativeResultsDirectory="e61de7fc-9b12-4fcb-b86b-69b40f29430a" />
    <UnitTestResult executionId="9936c48f-5d80-4803-9fcd-1e2ff4aa20e6" testId="e26b2205-c180-7f1b-f046-b9155ed9b951" testName="ScWorkspaceStateChangedEvent_ShouldKeepIsSelected_WhenSwitchingToSetupMode" computerName="DKSR-EFI-04" duration="00:00:00.0140338" startTime="2023-12-22T09:39:29.6775860+01:00" endTime="2023-12-22T09:39:29.6942318+01:00" testType="13cdc9d9-ddb5-4fa4-a97d-d965ccfc6d4b" outcome="Passed" testListId="8c84fa94-04c1-424b-9868-57a2d4851a1d" relativeResultsDirectory="9936c48f-5d80-4803-9fcd-1e2ff4aa20e6" />
    <UnitTestResult executionId="7abf8896-9bec-4d30-9170-2ac8c5be9b83" testId="76f56124-31a2-88ce-2d55-72b9a34a85b7" testName="ToggleMicrophoneStateAsync_ShouldRaiseArgumentNullException_WhenMicrophoneIsNull" computerName="DKSR-EFI-04" duration="00:00:00.0064940" startTime="2023-12-22T09:39:28.0818876+01:00" endTime="2023-12-22T09:39:28.0885701+01:00" testType="13cdc9d9-ddb5-4fa4-a97d-d965ccfc6d4b" outcome="Passed" testListId="8c84fa94-04c1-424b-9868-57a2d4851a1d" relativeResultsDirectory="7abf8896-9bec-4d30-9170-2ac8c5be9b83" />
    <UnitTestResult executionId="dbfbc1ed-561d-4532-a566-129c4a6a52be" testId="84f93f59-fd44-afa7-32df-18fcfc62c68f" testName="TestUpdateState_NotIsLiveOrPlayback" computerName="DKSR-EFI-04" duration="00:00:00.0027519" startTime="2023-12-22T09:39:33.9409446+01:00" endTime="2023-12-22T09:39:33.9438477+01:00" testType="13cdc9d9-ddb5-4fa4-a97d-d965ccfc6d4b" outcome="Passed" testListId="8c84fa94-04c1-424b-9868-57a2d4851a1d" relativeResultsDirectory="dbfbc1ed-561d-4532-a566-129c4a6a52be" />
    <UnitTestResult executionId="c84573eb-d6d8-41a3-95e7-1f832f32b97b" testId="7f31e1a8-eb37-a7f7-05cb-b001ed2dcb3c" testName="SearchResultsReady_ShouldReturnAllResults_WhenSearchResultIdsAreUnique" computerName="DKSR-EFI-04" duration="00:00:00.0047075" startTime="2023-12-22T09:39:14.3350138+01:00" endTime="2023-12-22T09:39:14.3398691+01:00" testType="13cdc9d9-ddb5-4fa4-a97d-d965ccfc6d4b" outcome="Passed" testListId="8c84fa94-04c1-424b-9868-57a2d4851a1d" relativeResultsDirectory="c84573eb-d6d8-41a3-95e7-1f832f32b97b" />
    <UnitTestResult executionId="d7d4d14a-226b-4ee5-b15f-531a23d873b7" testId="5b8ffd61-7472-5d07-a1e1-10f78205a31d" testName="GetServerTypes_ShouldReturnFailoverServerType" computerName="DKSR-EFI-04" duration="00:00:00.0003266" startTime="2023-12-22T09:39:35.0118726+01:00" endTime="2023-12-22T09:39:35.0123368+01:00" testType="13cdc9d9-ddb5-4fa4-a97d-d965ccfc6d4b" outcome="Passed" testListId="8c84fa94-04c1-424b-9868-57a2d4851a1d" relativeResultsDirectory="d7d4d14a-226b-4ee5-b15f-531a23d873b7" />
    <UnitTestResult executionId="a252462c-aeca-424a-8720-4b5b7aac1045" testId="bc3083b0-a3ea-e4f1-9c27-4c183b204440" testName="SearchAction_LiveMode" computerName="DKSR-EFI-04" duration="00:00:00.0070899" startTime="2023-12-22T09:39:36.5492038+01:00" endTime="2023-12-22T09:39:36.5564306+01:00" testType="13cdc9d9-ddb5-4fa4-a97d-d965ccfc6d4b" outcome="Passed" testListId="8c84fa94-04c1-424b-9868-57a2d4851a1d" relativeResultsDirectory="a252462c-aeca-424a-8720-4b5b7aac1045" />
    <UnitTestResult executionId="0163e3a1-bc22-432f-9534-f55955aa6711" testId="518a8b99-6420-184f-272c-7fecbc8732ca" testName="LanguageOptionsData_IsSorted_Success" computerName="DKSR-EFI-04" duration="00:00:00.0241320" startTime="2023-12-22T09:39:32.3024550+01:00" endTime="2023-12-22T09:39:32.3267902+01:00" testType="13cdc9d9-ddb5-4fa4-a97d-d965ccfc6d4b" outcome="Passed" testListId="8c84fa94-04c1-424b-9868-57a2d4851a1d" relativeResultsDirectory="0163e3a1-bc22-432f-9534-f55955aa6711" />
    <UnitTestResult executionId="4cc63ab5-1377-4c19-ba68-72eb73322d1f" testId="60f76d2a-8443-d6c5-ab49-4b19e96bdb7e" testName="Toolbar_IsVisible_WhenInPlayback" computerName="DKSR-EFI-04" duration="00:00:00.0182344" startTime="2023-12-22T09:39:33.1334078+01:00" endTime="2023-12-22T09:39:33.1518266+01:00" testType="13cdc9d9-ddb5-4fa4-a97d-d965ccfc6d4b" outcome="Passed" testListId="8c84fa94-04c1-424b-9868-57a2d4851a1d" relativeResultsDirectory="4cc63ab5-1377-4c19-ba68-72eb73322d1f" />
    <UnitTestResult executionId="248fa747-5b39-4b32-bb85-a2fd5afc36dd" testId="7df9b500-6856-6e35-de99-08c43bb682f1" testName="TestForAssemblyCoverage" computerName="DKSR-EFI-04" duration="00:00:00.0050346" startTime="2023-12-22T09:38:32.5323188+01:00" endTime="2023-12-22T09:38:32.5375480+01:00" testType="13cdc9d9-ddb5-4fa4-a97d-d965ccfc6d4b" outcome="Passed" testListId="8c84fa94-04c1-424b-9868-57a2d4851a1d" relativeResultsDirectory="248fa747-5b39-4b32-bb85-a2fd5afc36dd" />
    <UnitTestResult executionId="4db3e282-dbc6-4b66-98d6-869be6abae89" testId="b3439aa9-ae3f-b685-1de2-36964f947d35" testName="JPEGDataDto_ShouldYieldSameValues_WhenRoundTripConverted" computerName="DKSR-EFI-04" duration="00:00:00.0015652" startTime="2023-12-22T09:38:29.7142120+01:00" endTime="2023-12-22T09:38:29.7159143+01:00" testType="13cdc9d9-ddb5-4fa4-a97d-d965ccfc6d4b" outcome="Passed" testListId="8c84fa94-04c1-424b-9868-57a2d4851a1d" relativeResultsDirectory="4db3e282-dbc6-4b66-98d6-869be6abae89" />
    <UnitTestResult executionId="fc8ab8f2-3642-4819-abf9-3dea87e69880" testId="27f45b32-e46d-1c8f-ae71-a8a2f0519cb3" testName="UpdateScope_ScopeDurationChange_ReturnsTrue" computerName="DKSR-EFI-04" duration="00:00:00.0001406" startTime="2023-12-22T09:39:14.5369697+01:00" endTime="2023-12-22T09:39:14.5372500+01:00" testType="13cdc9d9-ddb5-4fa4-a97d-d965ccfc6d4b" outcome="Passed" testListId="8c84fa94-04c1-424b-9868-57a2d4851a1d" relativeResultsDirectory="fc8ab8f2-3642-4819-abf9-3dea87e69880" />
    <UnitTestResult executionId="6d1c8003-be09-4b48-a7a5-46122e657aac" testId="4efc28b2-fe1f-f63d-e78f-1c7f34702762" testName="ResolveSearchDefinitions_ShouldReturnResultSearchDefinition_WhenCombinedSearchResultWithSingleSubResultAndNullSearchDefinitionsAreGiven" computerName="DKSR-EFI-04" duration="00:00:00.0031155" startTime="2023-12-22T09:39:13.8434782+01:00" endTime="2023-12-22T09:39:13.8467293+01:00" testType="13cdc9d9-ddb5-4fa4-a97d-d965ccfc6d4b" outcome="Passed" testListId="8c84fa94-04c1-424b-9868-57a2d4851a1d" relativeResultsDirectory="6d1c8003-be09-4b48-a7a5-46122e657aac" />
    <UnitTestResult executionId="53009f76-21c0-428a-9805-57a8d6a6dcf1" testId="317e86cb-de5d-7ed1-da85-650314a8d400" testName="NavigateAndSelectAsync_DeselectCamera_ReCenterCommandEnabled" computerName="DKSR-EFI-04" duration="00:00:00.0249698" startTime="2023-12-22T09:38:34.5871619+01:00" endTime="2023-12-22T09:38:34.6149211+01:00" testType="13cdc9d9-ddb5-4fa4-a97d-d965ccfc6d4b" outcome="Passed" testListId="8c84fa94-04c1-424b-9868-57a2d4851a1d" relativeResultsDirectory="53009f76-21c0-428a-9805-57a8d6a6dcf1" />
    <UnitTestResult executionId="471d1635-0733-4146-b090-c25ede117892" testId="3377fc03-ebfb-5203-3a6a-1a517b97bfcd" testName="Map_Layers_AddRangeDirectly_Fail" computerName="DKSR-EFI-04" duration="00:00:00.0059991" startTime="2023-12-22T09:39:28.8018750+01:00" endTime="2023-12-22T09:39:28.8080427+01:00" testType="13cdc9d9-ddb5-4fa4-a97d-d965ccfc6d4b" outcome="Passed" testListId="8c84fa94-04c1-424b-9868-57a2d4851a1d" relativeResultsDirectory="471d1635-0733-4146-b090-c25ede117892" />
    <UnitTestResult executionId="6be7a9a8-fd0b-4ce3-9252-35a71d1f117a" testId="7f664b57-7413-e68a-c6c0-a58e6b75f164" testName="Ctor_NoSearchAgents_Throws" computerName="DKSR-EFI-04" duration="00:00:00.0224536" startTime="2023-12-22T09:39:25.3940929+01:00" endTime="2023-12-22T09:39:25.4168843+01:00" testType="13cdc9d9-ddb5-4fa4-a97d-d965ccfc6d4b" outcome="Passed" testListId="8c84fa94-04c1-424b-9868-57a2d4851a1d" relativeResultsDirectory="6be7a9a8-fd0b-4ce3-9252-35a71d1f117a" />
    <UnitTestResult executionId="81ad6a25-c00f-4ac2-af2d-9eeba50b584e" testId="e6dcebe5-b6cc-8c91-5e65-857f5572db4e" testName="SortBuildingLayers_Success" computerName="DKSR-EFI-04" duration="00:00:00.0073811" startTime="2023-12-22T09:39:28.9753412+01:00" endTime="2023-12-22T09:39:28.9829014+01:00" testType="13cdc9d9-ddb5-4fa4-a97d-d965ccfc6d4b" outcome="Passed" testListId="8c84fa94-04c1-424b-9868-57a2d4851a1d" relativeResultsDirectory="81ad6a25-c00f-4ac2-af2d-9eeba50b584e" />
    <UnitTestResult executionId="e33cc6d7-cb36-4ea7-8992-3297cd819d49" testId="7ceab3e2-a3b0-9c8f-80fc-83722cb5c583" testName="ResolveSearchDefinitions_ShouldReturnResultSearchDefinition_WhenCombinedSearchResultWithMultipleSubResultAndEmptySearchDefinitionsAreGiven" computerName="DKSR-EFI-04" duration="00:00:00.0006112" startTime="2023-12-22T09:39:13.8560613+01:00" endTime="2023-12-22T09:39:13.8568098+01:00" testType="13cdc9d9-ddb5-4fa4-a97d-d965ccfc6d4b" outcome="Passed" testListId="8c84fa94-04c1-424b-9868-57a2d4851a1d" relativeResultsDirectory="e33cc6d7-cb36-4ea7-8992-3297cd819d49" />
    <UnitTestResult executionId="29eeedce-ae0c-433c-ad3e-dc453e67971c" testId="ed7779e7-8a74-5c39-caff-a41255fdc4f9" testName="Default, not forced" computerName="DKSR-EFI-04" duration="00:00:00.0068175" startTime="2023-12-22T09:38:40.2265532+01:00" endTime="2023-12-22T09:38:40.2335873+01:00" testType="13cdc9d9-ddb5-4fa4-a97d-d965ccfc6d4b" outcome="Passed" testListId="8c84fa94-04c1-424b-9868-57a2d4851a1d" relativeResultsDirectory="29eeedce-ae0c-433c-ad3e-dc453e67971c" />
    <UnitTestResult executionId="ba79cc7f-37ac-4607-9383-d0705c9a4a50" testId="1e269b48-31d1-e9d9-6456-feb927b5229e" testName="GetFeatures_NonCameraMapItemsLayer_ArgumentException" computerName="DKSR-EFI-04" duration="00:00:00.0601751" startTime="2023-12-22T09:39:28.4334985+01:00" endTime="2023-12-22T09:39:28.4939495+01:00" testType="13cdc9d9-ddb5-4fa4-a97d-d965ccfc6d4b" outcome="Passed" testListId="8c84fa94-04c1-424b-9868-57a2d4851a1d" relativeResultsDirectory="ba79cc7f-37ac-4607-9383-d0705c9a4a50" />
    <UnitTestResult executionId="cef6c979-4497-473c-9b99-a399f405d2c1" testId="a1f63b95-bed0-b504-3aa1-12bbb203c9f9" testName="HandleSetLayerFeatures_ShouldRaiseArgumentException_WhenNotOutputKindAndOutputLayerFeatures" computerName="DKSR-EFI-04" duration="00:00:00.0012923" startTime="2023-12-22T09:39:31.3087935+01:00" endTime="2023-12-22T09:39:31.3102409+01:00" testType="13cdc9d9-ddb5-4fa4-a97d-d965ccfc6d4b" outcome="Passed" testListId="8c84fa94-04c1-424b-9868-57a2d4851a1d" relativeResultsDirectory="cef6c979-4497-473c-9b99-a399f405d2c1" />
    <UnitTestResult executionId="fc71ab31-e1d6-4f0f-b04a-c0133af49e27" testId="7ed10e38-acaf-fb97-a236-10882c020ef0" testName="Ctor_ShouldApplyNewestTriggerTimeComparer_WhenMultipleSimultaneousSearchesIsNotAllowed" computerName="DKSR-EFI-04" duration="00:00:00.0036705" startTime="2023-12-22T09:39:11.5576124+01:00" endTime="2023-12-22T09:39:11.5614265+01:00" testType="13cdc9d9-ddb5-4fa4-a97d-d965ccfc6d4b" outcome="Passed" testListId="8c84fa94-04c1-424b-9868-57a2d4851a1d" relativeResultsDirectory="fc71ab31-e1d6-4f0f-b04a-c0133af49e27" />
    <UnitTestResult executionId="2e700b6b-61ae-4d97-8e25-9db18e625d18" testId="ff39d078-db32-05c4-cda1-a2362a7ad157" testName="Compare_ShouldSortByPrimaryEventTime_WhenOnlySingleResults" computerName="DKSR-EFI-04" duration="00:00:00.0012774" startTime="2023-12-22T09:39:14.6359481+01:00" endTime="2023-12-22T09:39:14.6374592+01:00" testType="13cdc9d9-ddb5-4fa4-a97d-d965ccfc6d4b" outcome="Passed" testListId="8c84fa94-04c1-424b-9868-57a2d4851a1d" relativeResultsDirectory="2e700b6b-61ae-4d97-8e25-9db18e625d18" />
    <UnitTestResult executionId="3619f21e-7410-412f-932a-595c62a8f553" testId="add54532-7e20-f473-1fef-d0865cc9a84b" testName="IncludeViewItemToggledEvent_ShouldRemoveViewItemFromIncludedViewItems_WhenIncludedIsFalseOnContentHolderControl" computerName="DKSR-EFI-04" duration="00:00:00.0088994" startTime="2023-12-22T09:39:36.4514866+01:00" endTime="2023-12-22T09:39:36.4672762+01:00" testType="13cdc9d9-ddb5-4fa4-a97d-d965ccfc6d4b" outcome="Passed" testListId="8c84fa94-04c1-424b-9868-57a2d4851a1d" relativeResultsDirectory="3619f21e-7410-412f-932a-595c62a8f553" />
    <UnitTestResult executionId="138cc910-d657-42ea-ad7f-97028aa0c6dc" testId="26493e2f-f09a-fd85-4932-ec0c6378d5e5" testName="Constructor_ShouldThrowArgumentNullException_WhenControllerManagerIsNull" computerName="DKSR-EFI-04" duration="00:00:00.0138064" startTime="2023-12-22T09:39:32.3320905+01:00" endTime="2023-12-22T09:39:32.3461689+01:00" testType="13cdc9d9-ddb5-4fa4-a97d-d965ccfc6d4b" outcome="Passed" testListId="8c84fa94-04c1-424b-9868-57a2d4851a1d" relativeResultsDirectory="138cc910-d657-42ea-ad7f-97028aa0c6dc" />
    <UnitTestResult executionId="378a0ba0-64c4-413e-9539-0ba3805cb30b" testId="046e87a4-129e-e9d1-b689-ff12d71bb7aa" testName="UpdateAction_SingleRejected_AddSuffixToToolTip" computerName="DKSR-EFI-04" duration="00:00:00.0014373" startTime="2023-12-22T09:39:11.4520170+01:00" endTime="2023-12-22T09:39:11.4535954+01:00" testType="13cdc9d9-ddb5-4fa4-a97d-d965ccfc6d4b" outcome="Passed" testListId="8c84fa94-04c1-424b-9868-57a2d4851a1d" relativeResultsDirectory="378a0ba0-64c4-413e-9539-0ba3805cb30b" />
    <UnitTestResult executionId="fd35fb55-22b1-4bb4-8d96-1f54f89e465f" testId="48054fb2-bd75-c8f4-21b2-fc21c0457ce0" testName="SearchModelOnSearchResultsExpired_NotOnUiThread_Success" computerName="DKSR-EFI-04" duration="00:00:00.0085502" startTime="2023-12-22T09:39:12.9240342+01:00" endTime="2023-12-22T09:39:12.9327664+01:00" testType="13cdc9d9-ddb5-4fa4-a97d-d965ccfc6d4b" outcome="Passed" testListId="8c84fa94-04c1-424b-9868-57a2d4851a1d" relativeResultsDirectory="fd35fb55-22b1-4bb4-8d96-1f54f89e465f" />
    <UnitTestResult executionId="4054ed3d-5e7e-42f3-b08f-bd56ca3045c6" testId="e5d551bc-1dd2-666f-0864-398b71d25710" testName="SignUrl_WhereUrlIsInvalid_ThrowException" computerName="DKSR-EFI-04" duration="00:00:00.0004678" startTime="2023-12-22T09:38:34.9068574+01:00" endTime="2023-12-22T09:38:34.9074708+01:00" testType="13cdc9d9-ddb5-4fa4-a97d-d965ccfc6d4b" outcome="Passed" testListId="8c84fa94-04c1-424b-9868-57a2d4851a1d" relativeResultsDirectory="4054ed3d-5e7e-42f3-b08f-bd56ca3045c6" />
    <UnitTestResult executionId="38d4194a-9090-4c09-8bd8-52c98382986f" testId="64c5fa93-8c90-e61b-c74e-24c3a14c685e" testName="HandleGetDeviceData_ShouldReturnNotFoundDeviceData_WhenNotSupportedKind" computerName="DKSR-EFI-04" duration="00:00:00.0299896" startTime="2023-12-22T09:38:39.5760284+01:00" endTime="2023-12-22T09:38:39.6062117+01:00" testType="13cdc9d9-ddb5-4fa4-a97d-d965ccfc6d4b" outcome="Passed" testListId="8c84fa94-04c1-424b-9868-57a2d4851a1d" relativeResultsDirectory="38d4194a-9090-4c09-8bd8-52c98382986f" />
    <UnitTestResult executionId="b50a9718-e31b-41d2-a41c-920315a61f1b" testId="98d6e5bd-b7db-7e62-faab-cf0ab9b4f07d" testName="LoadSaveStateFrom_UnknownOrderResultsBy_Success" computerName="DKSR-EFI-04" duration="00:00:00.0032000" startTime="2023-12-22T09:39:11.5485683+01:00" endTime="2023-12-22T09:39:11.5519015+01:00" testType="13cdc9d9-ddb5-4fa4-a97d-d965ccfc6d4b" outcome="Passed" testListId="8c84fa94-04c1-424b-9868-57a2d4851a1d" relativeResultsDirectory="b50a9718-e31b-41d2-a41c-920315a61f1b" />
    <UnitTestResult executionId="e5ab1ffe-ec69-4654-83d2-0a04f717cdd8" testId="9ee3310d-df68-3208-bd43-511bd668f4d5" testName="OnMarkerRightClicked_ShouldLetMapLayerControlMenuItems_WhenNoMapItemSelected" computerName="DKSR-EFI-04" duration="00:00:00.0060918" startTime="2023-12-22T09:38:36.1040137+01:00" endTime="2023-12-22T09:38:36.1124926+01:00" testType="13cdc9d9-ddb5-4fa4-a97d-d965ccfc6d4b" outcome="Passed" testListId="8c84fa94-04c1-424b-9868-57a2d4851a1d" relativeResultsDirectory="e5ab1ffe-ec69-4654-83d2-0a04f717cdd8" />
    <UnitTestResult executionId="e30ffc13-9b6a-4062-8d08-5a30c836fe82" testId="5a96ab5f-7525-5e8b-4ceb-aece78f169bb" testName="Connect_WhenMajorServerVersionIs13AndMinorServerVersionIs3_ShouldCreateNewSchClient" computerName="DKSR-EFI-04" duration="00:00:00.0017429" startTime="2023-12-22T09:38:29.9259367+01:00" endTime="2023-12-22T09:38:29.9278186+01:00" testType="13cdc9d9-ddb5-4fa4-a97d-d965ccfc6d4b" outcome="Passed" testListId="8c84fa94-04c1-424b-9868-57a2d4851a1d" relativeResultsDirectory="e30ffc13-9b6a-4062-8d08-5a30c836fe82" />
    <UnitTestResult executionId="a67bf512-8f18-4456-a807-6c417ae1b69a" testId="e136a8cd-3f63-a904-c5bb-437c3044bc59" testName="CanMoreRegionsBeAdded_ShouldReturnTrue_WhenMaximumRegionsAllowedIsReachedAndSelectedCameraHasRegionsSelected" computerName="DKSR-EFI-04" duration="00:00:00.0004149" startTime="2023-12-22T09:39:26.2572232+01:00" endTime="2023-12-22T09:39:26.2578223+01:00" testType="13cdc9d9-ddb5-4fa4-a97d-d965ccfc6d4b" outcome="Passed" testListId="8c84fa94-04c1-424b-9868-57a2d4851a1d" relativeResultsDirectory="a67bf512-8f18-4456-a807-6c417ae1b69a" />
    <UnitTestResult executionId="dd2d3fa1-c83c-4183-9c24-162403650d80" testId="647cadee-21ed-ea7f-d1b6-56ee51403b46" testName="AuthType_ShouldThrow_InvalidOperationException_WhenConstructedUsingExternal" computerName="DKSR-EFI-04" duration="00:00:00.0006147" startTime="2023-12-22T09:38:32.3586869+01:00" endTime="2023-12-22T09:38:32.3594177+01:00" testType="13cdc9d9-ddb5-4fa4-a97d-d965ccfc6d4b" outcome="Passed" testListId="8c84fa94-04c1-424b-9868-57a2d4851a1d" relativeResultsDirectory="dd2d3fa1-c83c-4183-9c24-162403650d80" />
    <UnitTestResult executionId="c6bfd5fa-09ad-4dda-b8b9-d51961ec3c99" testId="14586c69-09d9-7b16-15c8-c6b5e4ea64f4" testName="ScrollIntoView_Async_3DefinitionViewsBelowViewPort_ScrolledToTopmost" computerName="DKSR-EFI-04" duration="00:00:00.0442131" startTime="2023-12-22T09:38:41.8010997+01:00" endTime="2023-12-22T09:38:41.8478795+01:00" testType="13cdc9d9-ddb5-4fa4-a97d-d965ccfc6d4b" outcome="Passed" testListId="8c84fa94-04c1-424b-9868-57a2d4851a1d" relativeResultsDirectory="c6bfd5fa-09ad-4dda-b8b9-d51961ec3c99" />
    <UnitTestResult executionId="71ac170f-7dff-45c9-b7d9-6a1c46c09830" testId="f997409a-cc5a-67e4-b0e7-5e198ad107a1" testName="GetMetadataObjectsAsync_ShouldIgnoreNullMetadataObjectsCollectionFromSubResults" computerName="DKSR-EFI-04" duration="00:00:00.0030410" startTime="2023-12-22T09:39:14.5828895+01:00" endTime="2023-12-22T09:39:14.5860756+01:00" testType="13cdc9d9-ddb5-4fa4-a97d-d965ccfc6d4b" outcome="Passed" testListId="8c84fa94-04c1-424b-9868-57a2d4851a1d" relativeResultsDirectory="71ac170f-7dff-45c9-b7d9-6a1c46c09830" />
    <UnitTestResult executionId="4dbe188b-4d20-4dd2-b68c-0973cd7be8b2" testId="84796659-ba8c-65c7-7760-1f800728b555" testName="Command_ShouldInvokeRemoveMipMapItem_WhenExecutedForMultipleSelectedItem" computerName="DKSR-EFI-04" duration="00:00:00.0028572" startTime="2023-12-22T09:38:38.5323183+01:00" endTime="2023-12-22T09:38:38.5372657+01:00" testType="13cdc9d9-ddb5-4fa4-a97d-d965ccfc6d4b" outcome="Passed" testListId="8c84fa94-04c1-424b-9868-57a2d4851a1d" relativeResultsDirectory="4dbe188b-4d20-4dd2-b68c-0973cd7be8b2" />
    <UnitTestResult executionId="665bbe3f-992d-4c0c-a866-50d8257b1c03" testId="973652a4-37ac-8c5a-9df8-ff32f79b8968" testName="DisplayErrorOnNotificationArea_InvalidAttributeSearchError_Success" computerName="DKSR-EFI-04" duration="00:00:00.0107204" startTime="2023-12-22T09:39:12.9561963+01:00" endTime="2023-12-22T09:39:12.9670849+01:00" testType="13cdc9d9-ddb5-4fa4-a97d-d965ccfc6d4b" outcome="Passed" testListId="8c84fa94-04c1-424b-9868-57a2d4851a1d" relativeResultsDirectory="665bbe3f-992d-4c0c-a866-50d8257b1c03" />
    <UnitTestResult executionId="495c5574-6e33-4498-9ea0-207c99611c0f" testId="78ae4795-b159-3f03-06f0-3f211a86b0c5" testName="AddToExportTuples_ShouldReturnCorrectResult (5,5,0)" computerName="DKSR-EFI-04" duration="00:00:00.0062924" startTime="2023-12-22T09:39:33.6176683+01:00" endTime="2023-12-22T09:39:33.6241436+01:00" testType="13cdc9d9-ddb5-4fa4-a97d-d965ccfc6d4b" outcome="Passed" testListId="8c84fa94-04c1-424b-9868-57a2d4851a1d" relativeResultsDirectory="495c5574-6e33-4498-9ea0-207c99611c0f" />
    <UnitTestResult executionId="edf31844-9ce2-4cd3-a526-d88bdf79a837" testId="96dce277-8e08-3c8a-12f9-10c2b51249cb" testName="FindSearchTemplatesAsync_Succeeds_Success" computerName="DKSR-EFI-04" duration="00:00:00.0044235" startTime="2023-12-22T09:39:13.9349356+01:00" endTime="2023-12-22T09:39:13.9395266+01:00" testType="13cdc9d9-ddb5-4fa4-a97d-d965ccfc6d4b" outcome="Passed" testListId="8c84fa94-04c1-424b-9868-57a2d4851a1d" relativeResultsDirectory="edf31844-9ce2-4cd3-a526-d88bdf79a837" />
    <UnitTestResult executionId="f36f1eae-4a2a-439a-9808-01cfb54696d9" testId="a6949d64-370a-8be7-7bab-9ebfeb9ac327" testName="IsBackButtonVisible_MappedToViewModel_Success" computerName="DKSR-EFI-04" duration="00:00:00.0100576" startTime="2023-12-22T09:38:38.8685673+01:00" endTime="2023-12-22T09:38:38.8810265+01:00" testType="13cdc9d9-ddb5-4fa4-a97d-d965ccfc6d4b" outcome="Passed" testListId="8c84fa94-04c1-424b-9868-57a2d4851a1d" relativeResultsDirectory="f36f1eae-4a2a-439a-9808-01cfb54696d9" />
    <UnitTestResult executionId="1947590d-9323-4b34-bffe-b619ad3c4db9" testId="8b4713f9-68f1-4919-7ef6-846f4eb9b2ba" testName="ShowPermissionDeniedStatusBarError_ShouldSendAMessage (5,1)" computerName="DKSR-EFI-04" duration="00:00:00.0030820" startTime="2023-12-22T09:39:33.8182365+01:00" endTime="2023-12-22T09:39:33.8214788+01:00" testType="13cdc9d9-ddb5-4fa4-a97d-d965ccfc6d4b" outcome="Passed" testListId="8c84fa94-04c1-424b-9868-57a2d4851a1d" relativeResultsDirectory="1947590d-9323-4b34-bffe-b619ad3c4db9" />
    <UnitTestResult executionId="9e20a002-19ad-4923-8f18-90fb9e8eff38" testId="ae8385af-29cc-f7d5-51ff-84300db47ada" testName="Ctor_NullControllerManager_Throws" computerName="DKSR-EFI-04" duration="00:00:00.0010901" startTime="2023-12-22T09:39:10.3168692+01:00" endTime="2023-12-22T09:39:10.3182431+01:00" testType="13cdc9d9-ddb5-4fa4-a97d-d965ccfc6d4b" outcome="Passed" testListId="8c84fa94-04c1-424b-9868-57a2d4851a1d" relativeResultsDirectory="9e20a002-19ad-4923-8f18-90fb9e8eff38" />
    <UnitTestResult executionId="6d5f4109-e259-45dd-9c25-b17554ce4b62" testId="34039ecd-ee8b-6055-7cde-d7cfbc3f929e" testName="SidePanelToggleButtonIsVisible_DependingOnConditions (Normal,False,False,False)" computerName="DKSR-EFI-04" duration="00:00:00.0185226" startTime="2023-12-22T09:39:33.0147328+01:00" endTime="2023-12-22T09:39:33.0335311+01:00" testType="13cdc9d9-ddb5-4fa4-a97d-d965ccfc6d4b" outcome="Passed" testListId="8c84fa94-04c1-424b-9868-57a2d4851a1d" relativeResultsDirectory="6d5f4109-e259-45dd-9c25-b17554ce4b62" />
    <UnitTestResult executionId="51432b69-2df1-4d53-abbb-8a1636bd1682" testId="895eb9fc-2343-3650-d2d8-97e69df3493b" testName="RaiseUpdateMutedMicrophonesAsync_ShouldMutedMicrophones_WhenEventIsRaised" computerName="DKSR-EFI-04" duration="00:00:00.0136476" startTime="2023-12-22T09:39:28.1303930+01:00" endTime="2023-12-22T09:39:28.1442206+01:00" testType="13cdc9d9-ddb5-4fa4-a97d-d965ccfc6d4b" outcome="Passed" testListId="8c84fa94-04c1-424b-9868-57a2d4851a1d" relativeResultsDirectory="51432b69-2df1-4d53-abbb-8a1636bd1682" />
    <UnitTestResult executionId="418fe090-164f-43c6-8811-76d98f33771f" testId="bfbae833-a487-affd-e910-685bd64afc57" testName="OnLayersRetrieved_ShouldSetComponentsToCameraAndInput_WhenLayersCollectionContainsCameraAndInputAndOutput" computerName="DKSR-EFI-04" duration="00:00:00.0555635" startTime="2023-12-22T09:38:33.9701933+01:00" endTime="2023-12-22T09:38:34.0282208+01:00" testType="13cdc9d9-ddb5-4fa4-a97d-d965ccfc6d4b" outcome="Passed" testListId="8c84fa94-04c1-424b-9868-57a2d4851a1d" relativeResultsDirectory="418fe090-164f-43c6-8811-76d98f33771f" />
    <UnitTestResult executionId="5a4a9e9c-58c1-46a6-b648-3e31ba9b5415" testId="161a0e40-6dbd-cbdc-3714-f2442765e338" testName="AddCriteriaCommand_WithActiveSearchTemplate_ActiveSearchTemplateModifiedSet" computerName="DKSR-EFI-04" duration="00:00:00.0083968" startTime="2023-12-22T09:39:12.8623060+01:00" endTime="2023-12-22T09:39:12.8708754+01:00" testType="13cdc9d9-ddb5-4fa4-a97d-d965ccfc6d4b" outcome="Passed" testListId="8c84fa94-04c1-424b-9868-57a2d4851a1d" relativeResultsDirectory="5a4a9e9c-58c1-46a6-b648-3e31ba9b5415" />
    <UnitTestResult executionId="d99c3811-42c8-4d37-beaa-a4e0db7dee30" testId="d6051bbc-d4c3-a2f2-5d50-05eb2d368bda" testName="SearchResultsActionBarActions_CreateSnapshot_OptionUnavailable_NotEnabled" computerName="DKSR-EFI-04" duration="00:00:00.0069380" startTime="2023-12-22T09:39:11.0539091+01:00" endTime="2023-12-22T09:39:11.0610051+01:00" testType="13cdc9d9-ddb5-4fa4-a97d-d965ccfc6d4b" outcome="Passed" testListId="8c84fa94-04c1-424b-9868-57a2d4851a1d" relativeResultsDirectory="d99c3811-42c8-4d37-beaa-a4e0db7dee30" />
    <UnitTestResult executionId="27a9bea7-6053-47e8-84bd-31996cf5d0df" testId="7b500be0-a5d4-b64a-b894-c5511ab58617" testName="PatrollingStepListViewModel_AddStepCommand" computerName="DKSR-EFI-04" duration="00:00:00.0015237" startTime="2023-12-22T09:39:32.2330345+01:00" endTime="2023-12-22T09:39:32.2346895+01:00" testType="13cdc9d9-ddb5-4fa4-a97d-d965ccfc6d4b" outcome="Passed" testListId="8c84fa94-04c1-424b-9868-57a2d4851a1d" relativeResultsDirectory="27a9bea7-6053-47e8-84bd-31996cf5d0df" />
    <UnitTestResult executionId="ef4870b7-1e66-4216-b047-f2d0dc9a26cd" testId="fc2cbc5b-c2b1-3d19-f684-8de533e0344a" testName="ToDenormalizedDirection_Minus0_25" computerName="DKSR-EFI-04" duration="00:00:00.0001218" startTime="2023-12-22T09:39:26.7963530+01:00" endTime="2023-12-22T09:39:26.7966355+01:00" testType="13cdc9d9-ddb5-4fa4-a97d-d965ccfc6d4b" outcome="Passed" testListId="8c84fa94-04c1-424b-9868-57a2d4851a1d" relativeResultsDirectory="ef4870b7-1e66-4216-b047-f2d0dc9a26cd" />
    <UnitTestResult executionId="5988b156-8d74-4cda-9079-e6c2b227ca87" testId="ed095898-1909-8564-6a3c-b8e3252b52c8" testName="Serialize_SearchDefinitionsOnly_Success" computerName="DKSR-EFI-04" duration="00:00:00.0016280" startTime="2023-12-22T09:39:14.6812673+01:00" endTime="2023-12-22T09:39:14.6830339+01:00" testType="13cdc9d9-ddb5-4fa4-a97d-d965ccfc6d4b" outcome="Passed" testListId="8c84fa94-04c1-424b-9868-57a2d4851a1d" relativeResultsDirectory="5988b156-8d74-4cda-9079-e6c2b227ca87" />
    <UnitTestResult executionId="a8cb0b44-64a4-42ad-b520-a78b2c9b7be0" testId="2227d8a1-1292-2ada-1845-295f40381449" testName="GetServerTypes_ShouldReturnLPRType" computerName="DKSR-EFI-04" duration="00:00:00.0004636" startTime="2023-12-22T09:39:35.0072092+01:00" endTime="2023-12-22T09:39:35.0078290+01:00" testType="13cdc9d9-ddb5-4fa4-a97d-d965ccfc6d4b" outcome="Passed" testListId="8c84fa94-04c1-424b-9868-57a2d4851a1d" relativeResultsDirectory="a8cb0b44-64a4-42ad-b520-a78b2c9b7be0" />
    <UnitTestResult executionId="ce444162-bc8b-48fe-a567-e31db7ec4fc5" testId="5004265f-fd28-da5b-c559-ead79e5384bf" testName="GetDuration_OneMinute_Success" computerName="DKSR-EFI-04" duration="00:00:00.0004045" startTime="2023-12-22T09:39:13.7719212+01:00" endTime="2023-12-22T09:39:13.7724887+01:00" testType="13cdc9d9-ddb5-4fa4-a97d-d965ccfc6d4b" outcome="Passed" testListId="8c84fa94-04c1-424b-9868-57a2d4851a1d" relativeResultsDirectory="ce444162-bc8b-48fe-a567-e31db7ec4fc5" />
    <UnitTestResult executionId="79cf0807-9aa8-4911-9f3f-6a88a45086ff" testId="80e60020-24f2-b8c1-7ee1-a8544259cfd1" testName="BoundingBoxLiveStartNoLiveHandler" computerName="DKSR-EFI-04" duration="00:00:00.0009829" startTime="2023-12-22T09:39:34.5382573+01:00" endTime="2023-12-22T09:39:34.5393863+01:00" testType="13cdc9d9-ddb5-4fa4-a97d-d965ccfc6d4b" outcome="Passed" testListId="8c84fa94-04c1-424b-9868-57a2d4851a1d" relativeResultsDirectory="79cf0807-9aa8-4911-9f3f-6a88a45086ff" />
    <UnitTestResult executionId="963ddc92-eff8-44d2-bb5e-a076fb1eafa0" testId="e571b35d-57ce-9cb9-ba77-a93c8415ec13" testName="CreateDetailsViewControl_ValidSearchResult_DetailsViewPlaybackSpeedSet_Success" computerName="DKSR-EFI-04" duration="00:00:00.7105099" startTime="2023-12-22T09:38:49.6200472+01:00" endTime="2023-12-22T09:38:50.3335766+01:00" testType="13cdc9d9-ddb5-4fa4-a97d-d965ccfc6d4b" outcome="Passed" testListId="8c84fa94-04c1-424b-9868-57a2d4851a1d" relativeResultsDirectory="963ddc92-eff8-44d2-bb5e-a076fb1eafa0" />
    <UnitTestResult executionId="57984acd-bd87-4e8b-940e-d5da249e7898" testId="0888e3f9-abd4-4799-6395-fe5ed75b869d" testName="ShowAccessControlSystems_ShouldReturnFalse_WhenOneACSystemsAvailable" computerName="DKSR-EFI-04" duration="00:00:00.0027414" startTime="2023-12-22T09:39:39.7731903+01:00" endTime="2023-12-22T09:39:39.7761248+01:00" testType="13cdc9d9-ddb5-4fa4-a97d-d965ccfc6d4b" outcome="Passed" testListId="8c84fa94-04c1-424b-9868-57a2d4851a1d" relativeResultsDirectory="57984acd-bd87-4e8b-940e-d5da249e7898" />
    <UnitTestResult executionId="be628b81-8f1c-4701-9f49-234da09520ec" testId="f948b06a-352e-85e9-1354-e9aec0364e60" testName="Ctor_NullResourceManager_Throws" computerName="DKSR-EFI-04" duration="00:00:00.0215035" startTime="2023-12-22T09:39:11.3937544+01:00" endTime="2023-12-22T09:39:11.4155684+01:00" testType="13cdc9d9-ddb5-4fa4-a97d-d965ccfc6d4b" outcome="Passed" testListId="8c84fa94-04c1-424b-9868-57a2d4851a1d" relativeResultsDirectory="be628b81-8f1c-4701-9f49-234da09520ec" />
    <UnitTestResult executionId="65f52d01-0179-4e4c-bb7d-acfe52e18eb7" testId="dd886858-691f-731d-ef45-b4933e1e6cbf" testName="GetUtcToday_UtcTimeZoneNoDst_Success" computerName="DKSR-EFI-04" duration="00:00:00.0004096" startTime="2023-12-22T09:39:13.7821755+01:00" endTime="2023-12-22T09:39:13.7827179+01:00" testType="13cdc9d9-ddb5-4fa4-a97d-d965ccfc6d4b" outcome="Passed" testListId="8c84fa94-04c1-424b-9868-57a2d4851a1d" relativeResultsDirectory="65f52d01-0179-4e4c-bb7d-acfe52e18eb7" />
    <UnitTestResult executionId="c05f0190-b325-48da-96ec-d9bf93464946" testId="4729feb7-4741-1ecd-d16a-200494d70780" testName="Deserialize_ScopeDurationOnly_Success" computerName="DKSR-EFI-04" duration="00:00:00.0008636" startTime="2023-12-22T09:39:14.7169121+01:00" endTime="2023-12-22T09:39:14.7179183+01:00" testType="13cdc9d9-ddb5-4fa4-a97d-d965ccfc6d4b" outcome="Passed" testListId="8c84fa94-04c1-424b-9868-57a2d4851a1d" relativeResultsDirectory="c05f0190-b325-48da-96ec-d9bf93464946" />
    <UnitTestResult executionId="17e48079-b387-422b-a7b0-380d10749b18" testId="8ac6bfd4-1fa8-6445-4d9e-b8a25f795922" testName="Constructor_ShouldRaiseArgumentNullException_WhenWorkroomIsNull" computerName="DKSR-EFI-04" duration="00:00:00.5485333" startTime="2023-12-22T09:38:33.3592099+01:00" endTime="2023-12-22T09:38:33.9106005+01:00" testType="13cdc9d9-ddb5-4fa4-a97d-d965ccfc6d4b" outcome="Passed" testListId="8c84fa94-04c1-424b-9868-57a2d4851a1d" relativeResultsDirectory="17e48079-b387-422b-a7b0-380d10749b18" />
    <UnitTestResult executionId="5578db20-f1d4-4a93-aa4a-0f7844eeae66" testId="ba697472-1eee-6276-10b8-517f33455021" testName="SmartWallButtonHidden_WhenNotInSmartWallView" computerName="DKSR-EFI-04" duration="00:00:00.0161366" startTime="2023-12-22T09:39:32.9534425+01:00" endTime="2023-12-22T09:39:32.9697482+01:00" testType="13cdc9d9-ddb5-4fa4-a97d-d965ccfc6d4b" outcome="Passed" testListId="8c84fa94-04c1-424b-9868-57a2d4851a1d" relativeResultsDirectory="5578db20-f1d4-4a93-aa4a-0f7844eeae66" />
    <UnitTestResult executionId="6c0f9301-8fce-4d9a-9f57-97d2f486a233" testId="cdf3455a-ff33-49bd-8e27-f8c9df19be38" testName="Related_devices_removed_when_camera_removed" computerName="DKSR-EFI-04" duration="00:00:00.0017974" startTime="2023-12-22T09:39:39.4731959+01:00" endTime="2023-12-22T09:39:39.4751219+01:00" testType="13cdc9d9-ddb5-4fa4-a97d-d965ccfc6d4b" outcome="Passed" testListId="8c84fa94-04c1-424b-9868-57a2d4851a1d" relativeResultsDirectory="6c0f9301-8fce-4d9a-9f57-97d2f486a233" />
    <UnitTestResult executionId="af4e170c-980a-4980-a548-c0afcfb05c1f" testId="3284ea6f-a6ad-01dc-f291-bda78cd8c320" testName="Deserialize_ShouldReturnCombineTypeOr_WhenCombineTypeIsNotPresentInXml" computerName="DKSR-EFI-04" duration="00:00:00.0031314" startTime="2023-12-22T09:39:14.4226476+01:00" endTime="2023-12-22T09:39:14.4259285+01:00" testType="13cdc9d9-ddb5-4fa4-a97d-d965ccfc6d4b" outcome="Passed" testListId="8c84fa94-04c1-424b-9868-57a2d4851a1d" relativeResultsDirectory="af4e170c-980a-4980-a548-c0afcfb05c1f" />
    <UnitTestResult executionId="21183b72-ddba-40c9-89f4-18d147c4da2b" testId="f19f66f7-3714-6457-44d8-9a0c3461226c" testName="Constructor_ShouldRaiseArgumentNullException_WhenNextDeviceDataHandlerIsNull" computerName="DKSR-EFI-04" duration="00:00:00.0054585" startTime="2023-12-22T09:38:39.3759436+01:00" endTime="2023-12-22T09:38:39.3815929+01:00" testType="13cdc9d9-ddb5-4fa4-a97d-d965ccfc6d4b" outcome="Passed" testListId="8c84fa94-04c1-424b-9868-57a2d4851a1d" relativeResultsDirectory="21183b72-ddba-40c9-89f4-18d147c4da2b" />
    <UnitTestResult executionId="b56c1ac9-f434-4f87-92f9-62f644ee2afb" testId="7b469b70-7a6f-7a92-2723-c93cd3a56c6f" testName="AddItems_SingleMapItem_OneClusterChange" computerName="DKSR-EFI-04" duration="00:00:00.0073434" startTime="2023-12-22T09:39:32.0024631+01:00" endTime="2023-12-22T09:39:32.0099453+01:00" testType="13cdc9d9-ddb5-4fa4-a97d-d965ccfc6d4b" outcome="Passed" testListId="8c84fa94-04c1-424b-9868-57a2d4851a1d" relativeResultsDirectory="b56c1ac9-f434-4f87-92f9-62f644ee2afb" />
    <UnitTestResult executionId="7320bacd-a4ff-462b-bcbc-0f8edec56b5f" testId="4b94700f-6e5c-855d-b131-f805331c5a39" testName="OpenStreetMapLayerIsDisabled_ShouldReturnFalse_WhenOpenStreetMapGeographicLayerOptionIsAvailableAndOpenStreetMapAlternativeServerIsNotEmpty" computerName="DKSR-EFI-04" duration="00:00:00.0116088" startTime="2023-12-22T09:39:26.9457741+01:00" endTime="2023-12-22T09:39:26.9576309+01:00" testType="13cdc9d9-ddb5-4fa4-a97d-d965ccfc6d4b" outcome="Passed" testListId="8c84fa94-04c1-424b-9868-57a2d4851a1d" relativeResultsDirectory="7320bacd-a4ff-462b-bcbc-0f8edec56b5f" />
    <UnitTestResult executionId="63f5eb75-83b0-42f5-99bd-a2a862032163" testId="ed1eba09-8472-7b1b-0969-bd05029178c2" testName="ResolveSearchDefinitions_ShouldReturnResultSearchDefinition_WhenSingleSearchResultAndNullSearchDefinitionsAreGiven" computerName="DKSR-EFI-04" duration="00:00:00.0017326" startTime="2023-12-22T09:39:13.8379615+01:00" endTime="2023-12-22T09:39:13.8400173+01:00" testType="13cdc9d9-ddb5-4fa4-a97d-d965ccfc6d4b" outcome="Passed" testListId="8c84fa94-04c1-424b-9868-57a2d4851a1d" relativeResultsDirectory="63f5eb75-83b0-42f5-99bd-a2a862032163" />
    <UnitTestResult executionId="fe12593f-5a0b-433d-8b33-fe49d1a99ae8" testId="5ffa61d1-ba0a-5c24-5f29-257815c65d94" testName="DeleteDefaultLevel_Success" computerName="DKSR-EFI-04" duration="00:00:00.0490399" startTime="2023-12-22T09:39:26.6987255+01:00" endTime="2023-12-22T09:39:26.7479751+01:00" testType="13cdc9d9-ddb5-4fa4-a97d-d965ccfc6d4b" outcome="Passed" testListId="8c84fa94-04c1-424b-9868-57a2d4851a1d" relativeResultsDirectory="fe12593f-5a0b-433d-8b33-fe49d1a99ae8" />
    <UnitTestResult executionId="d18f9bed-4d73-46c3-9422-64221e9c5fca" testId="c6bb27a1-5619-6a1e-cb9a-a062fa5050e7" testName="MapLayerType_ShouldBeCameraItemsMapLayer_WhenCalled" computerName="DKSR-EFI-04" duration="00:00:00.0003567" startTime="2023-12-22T09:39:29.0158504+01:00" endTime="2023-12-22T09:39:29.0164241+01:00" testType="13cdc9d9-ddb5-4fa4-a97d-d965ccfc6d4b" outcome="Passed" testListId="8c84fa94-04c1-424b-9868-57a2d4851a1d" relativeResultsDirectory="d18f9bed-4d73-46c3-9422-64221e9c5fca" />
    <UnitTestResult executionId="502aa07c-e3f4-4e99-b762-0ed9b4363663" testId="905c94e4-bdc8-1fe6-5444-613a4eb6d1c7" testName="SearchResultsActionBarActions_SendToFloatingWindowVerifyTimeSelectionInterval_InvokeCommand_WarningDialogDisplayed" computerName="DKSR-EFI-04" duration="00:00:00.0101777" startTime="2023-12-22T09:39:10.8612985+01:00" endTime="2023-12-22T09:39:10.8716490+01:00" testType="13cdc9d9-ddb5-4fa4-a97d-d965ccfc6d4b" outcome="Passed" testListId="8c84fa94-04c1-424b-9868-57a2d4851a1d" relativeResultsDirectory="502aa07c-e3f4-4e99-b762-0ed9b4363663" />
    <UnitTestResult executionId="ff8eca19-fe5e-4fd3-9a82-5bda8386e0fc" testId="e5d871b7-fc8e-4988-1624-5f0f63d734ec" testName="ActiveInteractionStateBinding_ShouldOnlyContainNormalAndNewDevice_WhenCtorIsCalled" computerName="DKSR-EFI-04" duration="00:00:00.0297420" startTime="2023-12-22T09:38:37.2783407+01:00" endTime="2023-12-22T09:38:37.3108260+01:00" testType="13cdc9d9-ddb5-4fa4-a97d-d965ccfc6d4b" outcome="Passed" testListId="8c84fa94-04c1-424b-9868-57a2d4851a1d" relativeResultsDirectory="ff8eca19-fe5e-4fd3-9a82-5bda8386e0fc" />
    <UnitTestResult executionId="76addff2-079d-43d8-9919-83b3253a670e" testId="6d62f599-0f0c-18d4-6cc8-c03dee27684a" testName="TestHasCapapability_LesserThan_Success" computerName="DKSR-EFI-04" duration="00:00:00.0001301" startTime="2023-12-22T09:39:31.4725998+01:00" endTime="2023-12-22T09:39:31.4728458+01:00" testType="13cdc9d9-ddb5-4fa4-a97d-d965ccfc6d4b" outcome="Passed" testListId="8c84fa94-04c1-424b-9868-57a2d4851a1d" relativeResultsDirectory="76addff2-079d-43d8-9919-83b3253a670e" />
    <UnitTestResult executionId="d4228765-7824-4a59-8f1c-e180b12fd6db" testId="c0fbebe8-662e-1768-fb63-e3fa6064e5a1" testName="VideoResultSearchResult_Properties_CollectedAndDisplayed" computerName="DKSR-EFI-04" duration="00:00:00.0353610" startTime="2023-12-22T09:38:59.0895624+01:00" endTime="2023-12-22T09:38:59.1274061+01:00" testType="13cdc9d9-ddb5-4fa4-a97d-d965ccfc6d4b" outcome="Passed" testListId="8c84fa94-04c1-424b-9868-57a2d4851a1d" relativeResultsDirectory="d4228765-7824-4a59-8f1c-e180b12fd6db" />
    <UnitTestResult executionId="68130e85-cc61-468b-a930-bda00d146314" testId="02e91707-aab1-0a11-fa7b-f648cd0fd36e" testName="IsOutputDisabled_ShouldBeFalse_WhenOutputIsEnabled" computerName="DKSR-EFI-04" duration="00:00:00.0136668" startTime="2023-12-22T09:39:29.7283430+01:00" endTime="2023-12-22T09:39:29.7444886+01:00" testType="13cdc9d9-ddb5-4fa4-a97d-d965ccfc6d4b" outcome="Passed" testListId="8c84fa94-04c1-424b-9868-57a2d4851a1d" relativeResultsDirectory="68130e85-cc61-468b-a930-bda00d146314" />
    <UnitTestResult executionId="36166d1d-0b7d-4e54-9c1c-46e5428e46d4" testId="0049d7ff-34d0-b659-c849-7e7744f6d7ff" testName="Convert_ShouldSetWrapAndReturnTextBlock_WhenValueIsVideoOSTextBlock" computerName="DKSR-EFI-04" duration="00:00:00.0136443" startTime="2023-12-22T09:38:32.4107666+01:00" endTime="2023-12-22T09:38:32.4268213+01:00" testType="13cdc9d9-ddb5-4fa4-a97d-d965ccfc6d4b" outcome="Passed" testListId="8c84fa94-04c1-424b-9868-57a2d4851a1d" relativeResultsDirectory="36166d1d-0b7d-4e54-9c1c-46e5428e46d4" />
    <UnitTestResult executionId="af4994de-52c8-46f8-8c2c-317feba3ed7e" testId="4e7c1dac-cca0-02a1-db28-32ba9bd6a0cf" testName="ValidateExportFormats_ShouldReturnFailResult_ExportFormatRequired" computerName="DKSR-EFI-04" duration="00:00:00.0091972" startTime="2023-12-22T09:38:40.8515463+01:00" endTime="2023-12-22T09:38:40.8608982+01:00" testType="13cdc9d9-ddb5-4fa4-a97d-d965ccfc6d4b" outcome="Passed" testListId="8c84fa94-04c1-424b-9868-57a2d4851a1d" relativeResultsDirectory="af4994de-52c8-46f8-8c2c-317feba3ed7e" />
    <UnitTestResult executionId="566001c0-0765-4184-9560-2421d087c151" testId="2f225332-0e21-75f7-07f4-8bdf7706d8a6" testName="BindingModelEnabled_ReactsTo_UpdateState" computerName="DKSR-EFI-04" duration="00:00:00.0016791" startTime="2023-12-22T09:39:33.9168810+01:00" endTime="2023-12-22T09:39:33.9206101+01:00" testType="13cdc9d9-ddb5-4fa4-a97d-d965ccfc6d4b" outcome="Passed" testListId="8c84fa94-04c1-424b-9868-57a2d4851a1d" relativeResultsDirectory="566001c0-0765-4184-9560-2421d087c151" />
    <UnitTestResult executionId="28081e82-d632-48b2-9884-ef3db37c03bf" testId="863152b5-1e2c-356b-c14c-cd62911ba167" testName="PatrollingStepListViewModel_CanDeleteStepExecute" computerName="DKSR-EFI-04" duration="00:00:00.0013755" startTime="2023-12-22T09:39:32.2469666+01:00" endTime="2023-12-22T09:39:32.2484661+01:00" testType="13cdc9d9-ddb5-4fa4-a97d-d965ccfc6d4b" outcome="Passed" testListId="8c84fa94-04c1-424b-9868-57a2d4851a1d" relativeResultsDirectory="28081e82-d632-48b2-9884-ef3db37c03bf" />
    <UnitTestResult executionId="15822fc1-a9ca-4162-95e9-7703794c8d9c" testId="81839942-eab6-dd11-a06f-a19981ad17ba" testName="OnLayersRetrieved_ShouldSetComponentsToInput_WhenLayersCollectionContainsOutput" computerName="DKSR-EFI-04" duration="00:00:00.0107104" startTime="2023-12-22T09:38:34.1199386+01:00" endTime="2023-12-22T09:38:34.1330225+01:00" testType="13cdc9d9-ddb5-4fa4-a97d-d965ccfc6d4b" outcome="Passed" testListId="8c84fa94-04c1-424b-9868-57a2d4851a1d" relativeResultsDirectory="15822fc1-a9ca-4162-95e9-7703794c8d9c" />
    <UnitTestResult executionId="49960f18-0aeb-48fb-9431-00030be591b6" testId="3ce53063-c90f-436d-4a7d-2e3b5be274ef" testName="UpdateItems_WhenServerCallThrowsException_ShouldResultInErrorLog" computerName="DKSR-EFI-04" duration="00:00:00.0038954" startTime="2023-12-22T09:38:38.7705243+01:00" endTime="2023-12-22T09:38:38.7745533+01:00" testType="13cdc9d9-ddb5-4fa4-a97d-d965ccfc6d4b" outcome="Passed" testListId="8c84fa94-04c1-424b-9868-57a2d4851a1d" relativeResultsDirectory="49960f18-0aeb-48fb-9431-00030be591b6" />
    <UnitTestResult executionId="fa52e5ba-81a7-4530-bb29-fa88ea955236" testId="7487436c-f2c5-4df4-5b49-6474bc347b87" testName="PatrollingProfileViewModelTest_CreatePatrollingProfileViewModel_Success" computerName="DKSR-EFI-04" duration="00:00:00.0016955" startTime="2023-12-22T09:39:32.1837251+01:00" endTime="2023-12-22T09:39:32.1855625+01:00" testType="13cdc9d9-ddb5-4fa4-a97d-d965ccfc6d4b" outcome="Passed" testListId="8c84fa94-04c1-424b-9868-57a2d4851a1d" relativeResultsDirectory="fa52e5ba-81a7-4530-bb29-fa88ea955236" />
    <UnitTestResult executionId="1359cac1-14a3-421f-b5f1-7e8fc45e3294" testId="076370ef-98dd-553b-4db5-16eb7626b01e" testName="GetLayerVisibilityItemsData_ShouldAddOneFixedLayer_WhenOnlyDeviceMapLayersAreProvided" computerName="DKSR-EFI-04" duration="00:00:00.0149506" startTime="2023-12-22T09:38:34.8203679+01:00" endTime="2023-12-22T09:38:34.8354974+01:00" testType="13cdc9d9-ddb5-4fa4-a97d-d965ccfc6d4b" outcome="Passed" testListId="8c84fa94-04c1-424b-9868-57a2d4851a1d" relativeResultsDirectory="1359cac1-14a3-421f-b5f1-7e8fc45e3294" />
    <UnitTestResult executionId="3bb33f32-07c8-4125-b4c1-909e23e8a84d" testId="337537ae-5ca8-61cb-549e-269d84719921" testName="SmartSearchStatusType_ShouldYieldSameValuesForAllEnumValues_WhenRoundTripConverted (SearchResultReady,SearchResultReady)" computerName="DKSR-EFI-04" duration="00:00:00.0000083" startTime="2023-12-22T09:38:29.7576804+01:00" endTime="2023-12-22T09:38:29.7577921+01:00" testType="13cdc9d9-ddb5-4fa4-a97d-d965ccfc6d4b" outcome="Passed" testListId="8c84fa94-04c1-424b-9868-57a2d4851a1d" relativeResultsDirectory="3bb33f32-07c8-4125-b4c1-909e23e8a84d" />
    <UnitTestResult executionId="6acaf14b-a00a-4473-ab3e-51b851e59aab" testId="8a8e4fe8-cc44-1592-1359-5f4e8b98044b" testName="TestCreateWorkroom_Single_Success" computerName="DKSR-EFI-04" duration="00:00:00.0088673" startTime="2023-12-22T09:38:31.7015630+01:00" endTime="2023-12-22T09:38:31.7105898+01:00" testType="13cdc9d9-ddb5-4fa4-a97d-d965ccfc6d4b" outcome="Passed" testListId="8c84fa94-04c1-424b-9868-57a2d4851a1d" relativeResultsDirectory="6acaf14b-a00a-4473-ab3e-51b851e59aab" />
    <UnitTestResult executionId="fb252528-2805-442f-822d-3c4bbe129783" testId="a23b4ce6-5a10-4f53-6d78-06dd8b92b431" testName="PatrollingStepViewModel_CreatePatrollingStepViewModel_Success" computerName="DKSR-EFI-04" duration="00:00:00.0014326" startTime="2023-12-22T09:39:32.2721790+01:00" endTime="2023-12-22T09:39:32.2737421+01:00" testType="13cdc9d9-ddb5-4fa4-a97d-d965ccfc6d4b" outcome="Passed" testListId="8c84fa94-04c1-424b-9868-57a2d4851a1d" relativeResultsDirectory="fb252528-2805-442f-822d-3c4bbe129783" />
    <UnitTestResult executionId="3c40cace-c90e-4b53-910d-5b1cd3f9dec8" testId="da81eaec-1453-f24c-a30b-9b3f5e23a05c" testName="SearchAction_BrowseMode_30MinutesInThePast" computerName="DKSR-EFI-04" duration="00:00:00.0097498" startTime="2023-12-22T09:39:34.2378325+01:00" endTime="2023-12-22T09:39:34.2477437+01:00" testType="13cdc9d9-ddb5-4fa4-a97d-d965ccfc6d4b" outcome="Passed" testListId="8c84fa94-04c1-424b-9868-57a2d4851a1d" relativeResultsDirectory="3c40cace-c90e-4b53-910d-5b1cd3f9dec8" />
    <UnitTestResult executionId="a2a9565d-3c1f-42a3-8162-3aae8449f60b" testId="0dee4a37-8d38-ef6d-98a5-3e594bce7f88" testName="PTZArgsDto_ShouldYieldSameValues_WhenRoundTripConverted" computerName="DKSR-EFI-04" duration="00:00:00.0045445" startTime="2023-12-22T09:38:29.7309659+01:00" endTime="2023-12-22T09:38:29.7356707+01:00" testType="13cdc9d9-ddb5-4fa4-a97d-d965ccfc6d4b" outcome="Passed" testListId="8c84fa94-04c1-424b-9868-57a2d4851a1d" relativeResultsDirectory="a2a9565d-3c1f-42a3-8162-3aae8449f60b" />
    <UnitTestResult executionId="8d05ff90-0c35-4661-b421-a03286778fb1" testId="cbd28a6e-603b-cdc1-8dd3-9bb5df99a9b4" testName="Compare_NullVsNull_Equals" computerName="DKSR-EFI-04" duration="00:00:00.0003354" startTime="2023-12-22T09:39:14.6550141+01:00" endTime="2023-12-22T09:39:14.6557119+01:00" testType="13cdc9d9-ddb5-4fa4-a97d-d965ccfc6d4b" outcome="Passed" testListId="8c84fa94-04c1-424b-9868-57a2d4851a1d" relativeResultsDirectory="8d05ff90-0c35-4661-b421-a03286778fb1" />
    <UnitTestResult executionId="fd9c0099-a556-4a8f-8313-da35f0b2219c" testId="68eba393-9613-4207-7542-82e0b37e4100" testName="PtzSessionController_Constructor_ArgumentNull_ApplicationController_Test" computerName="DKSR-EFI-04" duration="00:00:00.0004036" startTime="2023-12-22T09:38:32.0354391+01:00" endTime="2023-12-22T09:38:32.0360033+01:00" testType="13cdc9d9-ddb5-4fa4-a97d-d965ccfc6d4b" outcome="Passed" testListId="8c84fa94-04c1-424b-9868-57a2d4851a1d" relativeResultsDirectory="fd9c0099-a556-4a8f-8313-da35f0b2219c" />
    <UnitTestResult executionId="8df84286-4eea-42ff-b5a2-8d68b6e32058" testId="9a0fb96e-e4fc-b2c2-ba48-82a57235f1f3" testName="Parse_LastSevenDays_Success" computerName="DKSR-EFI-04" duration="00:00:00.0000922" startTime="2023-12-22T09:39:13.9661858+01:00" endTime="2023-12-22T09:39:13.9663988+01:00" testType="13cdc9d9-ddb5-4fa4-a97d-d965ccfc6d4b" outcome="Passed" testListId="8c84fa94-04c1-424b-9868-57a2d4851a1d" relativeResultsDirectory="8df84286-4eea-42ff-b5a2-8d68b6e32058" />
    <UnitTestResult executionId="92e994a7-7d2d-48fe-ae90-d5b1757a6f89" testId="c8bbc1da-c94e-b071-1c1c-4c9621410661" testName="BoundingBoxPlaybackNoLiveOrPlaybackHandler" computerName="DKSR-EFI-04" duration="00:00:00.0015680" startTime="2023-12-22T09:39:34.8696661+01:00" endTime="2023-12-22T09:39:34.8713666+01:00" testType="13cdc9d9-ddb5-4fa4-a97d-d965ccfc6d4b" outcome="Passed" testListId="8c84fa94-04c1-424b-9868-57a2d4851a1d" relativeResultsDirectory="92e994a7-7d2d-48fe-ae90-d5b1757a6f89" />
    <UnitTestResult executionId="aeb69db7-79e1-4b53-8954-448613d058dc" testId="b532dcb5-d46e-e627-c8a2-132588b28593" testName="WorkspaceToolBarItemExportAdd_ShouldGoIntoSelectionMode_WhenNotInSelectionMode" computerName="DKSR-EFI-04" duration="00:00:00.0206426" startTime="2023-12-22T09:39:34.2640323+01:00" endTime="2023-12-22T09:39:34.2849277+01:00" testType="13cdc9d9-ddb5-4fa4-a97d-d965ccfc6d4b" outcome="Passed" testListId="8c84fa94-04c1-424b-9868-57a2d4851a1d" relativeResultsDirectory="aeb69db7-79e1-4b53-8954-448613d058dc" />
    <UnitTestResult executionId="897a6d87-1326-4782-95b6-c833fcc476f8" testId="bc1eab18-b23a-a958-6a7b-2426121871d6" testName="AndOrSearchDefinitionToVisibilityMultiConverter_CallConvert_WithNullSearchDefinitionWrapper" computerName="DKSR-EFI-04" duration="00:00:00.0007208" startTime="2023-12-22T09:38:58.9909780+01:00" endTime="2023-12-22T09:38:58.9919692+01:00" testType="13cdc9d9-ddb5-4fa4-a97d-d965ccfc6d4b" outcome="Passed" testListId="8c84fa94-04c1-424b-9868-57a2d4851a1d" relativeResultsDirectory="897a6d87-1326-4782-95b6-c833fcc476f8" />
    <UnitTestResult executionId="95cb3c0d-02ff-4e53-b01f-669622f855ab" testId="d6a59c85-6c58-584e-c43d-f10c50d7e1a2" testName="ConvertToNewLevel_ThreeLevelsUp_Success" computerName="DKSR-EFI-04" duration="00:00:00.0001972" startTime="2023-12-22T09:39:31.9726194+01:00" endTime="2023-12-22T09:39:31.9729506+01:00" testType="13cdc9d9-ddb5-4fa4-a97d-d965ccfc6d4b" outcome="Passed" testListId="8c84fa94-04c1-424b-9868-57a2d4851a1d" relativeResultsDirectory="95cb3c0d-02ff-4e53-b01f-669622f855ab" />
    <UnitTestResult executionId="8df39c4b-35bf-406c-9f9d-7e966fd0889c" testId="ab9ddcfe-5059-def5-d0f3-2a728312c36d" testName="DisplayErrorOnNotificationArea_UnknownDerivedFromSearchError_LoggingDisabled_Success" computerName="DKSR-EFI-04" duration="00:00:00.0085958" startTime="2023-12-22T09:39:13.0558482+01:00" endTime="2023-12-22T09:39:13.0646360+01:00" testType="13cdc9d9-ddb5-4fa4-a97d-d965ccfc6d4b" outcome="Passed" testListId="8c84fa94-04c1-424b-9868-57a2d4851a1d" relativeResultsDirectory="8df39c4b-35bf-406c-9f9d-7e966fd0889c" />
    <UnitTestResult executionId="54dfb5c0-8667-4dba-a3e4-00b491121061" testId="663795a0-d44e-108c-adbb-753bfdf4d621" testName="CallingAction_Generates_PopoverUserControl_WhenToolbarPluginTypeIsUserControl" computerName="DKSR-EFI-04" duration="00:00:00.0025097" startTime="2023-12-22T09:39:33.9253930+01:00" endTime="2023-12-22T09:39:33.9300902+01:00" testType="13cdc9d9-ddb5-4fa4-a97d-d965ccfc6d4b" outcome="Passed" testListId="8c84fa94-04c1-424b-9868-57a2d4851a1d" relativeResultsDirectory="54dfb5c0-8667-4dba-a3e4-00b491121061" />
    <UnitTestResult executionId="2ccd917e-fc2e-4aea-a415-49e8b9e65f35" testId="101686f8-0bec-03ef-e5aa-8afcc05984fe" testName="SelectionCountDisplayText_OneSelectedResult_ReturnsSingleString" computerName="DKSR-EFI-04" duration="00:00:00.0074155" startTime="2023-12-22T09:39:10.5013766+01:00" endTime="2023-12-22T09:39:10.5089453+01:00" testType="13cdc9d9-ddb5-4fa4-a97d-d965ccfc6d4b" outcome="Passed" testListId="8c84fa94-04c1-424b-9868-57a2d4851a1d" relativeResultsDirectory="2ccd917e-fc2e-4aea-a415-49e8b9e65f35" />
    <UnitTestResult executionId="abe83af0-ab06-4639-bd4b-57638736d210" testId="3b017c71-375f-442c-f7b3-12802f145c64" testName="OutputIconStates_ShouldReturnOutputIconStatesInAProperOrder_WhenCalled" computerName="DKSR-EFI-04" duration="00:00:00.0014570" startTime="2023-12-22T09:39:29.0845814+01:00" endTime="2023-12-22T09:39:29.0862305+01:00" testType="13cdc9d9-ddb5-4fa4-a97d-d965ccfc6d4b" outcome="Passed" testListId="8c84fa94-04c1-424b-9868-57a2d4851a1d" relativeResultsDirectory="abe83af0-ab06-4639-bd4b-57638736d210" />
    <UnitTestResult executionId="e7414989-9efe-4a4d-9760-1e6b53ac807e" testId="0cd872bf-1428-c181-b201-48c4c96402b3" testName="WaitForItemAsync_WhenNotAdded_QuitsOnTimeout" computerName="DKSR-EFI-04" duration="00:00:00.0066273" startTime="2023-12-22T09:38:38.8293001+01:00" endTime="2023-12-22T09:38:38.8360561+01:00" testType="13cdc9d9-ddb5-4fa4-a97d-d965ccfc6d4b" outcome="Passed" testListId="8c84fa94-04c1-424b-9868-57a2d4851a1d" relativeResultsDirectory="e7414989-9efe-4a4d-9760-1e6b53ac807e" />
    <UnitTestResult executionId="c3677e31-093d-4d3b-921b-f5e2333afc6e" testId="2e48f727-377d-16c5-c400-f5ba4ec6882c" testName="Command_WithInputValues_PluginInstanceActivateCalled" computerName="DKSR-EFI-04" duration="00:00:00.0022268" startTime="2023-12-22T09:39:11.4583308+01:00" endTime="2023-12-22T09:39:11.4606933+01:00" testType="13cdc9d9-ddb5-4fa4-a97d-d965ccfc6d4b" outcome="Passed" testListId="8c84fa94-04c1-424b-9868-57a2d4851a1d" relativeResultsDirectory="c3677e31-093d-4d3b-921b-f5e2333afc6e" />
    <UnitTestResult executionId="6e54e942-8497-49a4-844a-008cada33099" testId="e9263aa8-347f-0f52-1f4b-0a131d318784" testName="HandleGetLayerFeatures_ShouldRaiseArgumentException_WhenNotCameraKind" computerName="DKSR-EFI-04" duration="00:00:00.0014350" startTime="2023-12-22T09:39:31.2504159+01:00" endTime="2023-12-22T09:39:31.2520215+01:00" testType="13cdc9d9-ddb5-4fa4-a97d-d965ccfc6d4b" outcome="Passed" testListId="8c84fa94-04c1-424b-9868-57a2d4851a1d" relativeResultsDirectory="6e54e942-8497-49a4-844a-008cada33099" />
    <UnitTestResult executionId="9f4e8918-422a-4ee5-a138-83d9db76aaf3" testId="c0d785e8-8864-98d5-b13c-b47a7d8658f2" testName="Initialize_ShouldAttachOptionChanged_WhenAllowOnlyFipsAlgorithmsIsTrueAndAllEventServerIdsAreFipsCompliant" computerName="DKSR-EFI-04" duration="00:00:00.0322126" startTime="2023-12-22T09:39:39.7054582+01:00" endTime="2023-12-22T09:39:39.7378730+01:00" testType="13cdc9d9-ddb5-4fa4-a97d-d965ccfc6d4b" outcome="Passed" testListId="8c84fa94-04c1-424b-9868-57a2d4851a1d" relativeResultsDirectory="9f4e8918-422a-4ee5-a138-83d9db76aaf3" />
    <UnitTestResult executionId="d3d11dad-73de-4d22-a8ea-9ea050988e45" testId="fb9b27c6-d958-01c3-0bba-3a3e5a814ae8" testName="ScrollWheelInTileLayout_ScrollDown_DecreasesItemSize" computerName="DKSR-EFI-04" duration="00:00:00.7248386" startTime="2023-12-22T09:38:53.9251045+01:00" endTime="2023-12-22T09:38:54.6526170+01:00" testType="13cdc9d9-ddb5-4fa4-a97d-d965ccfc6d4b" outcome="Passed" testListId="8c84fa94-04c1-424b-9868-57a2d4851a1d" relativeResultsDirectory="d3d11dad-73de-4d22-a8ea-9ea050988e45" />
    <UnitTestResult executionId="39fa8fdc-285f-4059-b2b1-102f97fc9973" testId="935f6e0f-c97b-5019-7e62-2a29c5b4df2c" testName="Detach_ShouldNotRaiseAnException_WhenAttachWasNotCalledPreviously" computerName="DKSR-EFI-04" duration="00:00:00.0004342" startTime="2023-12-22T09:38:33.3300395+01:00" endTime="2023-12-22T09:38:33.3323388+01:00" testType="13cdc9d9-ddb5-4fa4-a97d-d965ccfc6d4b" outcome="Passed" testListId="8c84fa94-04c1-424b-9868-57a2d4851a1d" relativeResultsDirectory="39fa8fdc-285f-4059-b2b1-102f97fc9973" />
    <UnitTestResult executionId="f4dae8e7-4b61-4c70-ad66-172a95d96d9e" testId="bdfc4999-ccbe-91b3-0eb1-52f2f541ba00" testName="PatrollingStepViewModel_IsDirty" computerName="DKSR-EFI-04" duration="00:00:00.0016261" startTime="2023-12-22T09:39:32.2914752+01:00" endTime="2023-12-22T09:39:32.2932301+01:00" testType="13cdc9d9-ddb5-4fa4-a97d-d965ccfc6d4b" outcome="Passed" testListId="8c84fa94-04c1-424b-9868-57a2d4851a1d" relativeResultsDirectory="f4dae8e7-4b61-4c70-ad66-172a95d96d9e" />
    <UnitTestResult executionId="16a21a6a-c52d-4eeb-8c97-095f6434c4d5" testId="1ab5d979-4667-2003-c0dc-5c23807afc87" testName="SetItemOutlines_OutlinesEmpty_Success" computerName="DKSR-EFI-04" duration="00:00:00.0135334" startTime="2023-12-22T09:38:38.9529402+01:00" endTime="2023-12-22T09:38:38.9687467+01:00" testType="13cdc9d9-ddb5-4fa4-a97d-d965ccfc6d4b" outcome="Passed" testListId="8c84fa94-04c1-424b-9868-57a2d4851a1d" relativeResultsDirectory="16a21a6a-c52d-4eeb-8c97-095f6434c4d5" />
    <UnitTestResult executionId="7ac9c5a9-1702-452b-bbe8-d29bec0f7756" testId="efa5e684-eb87-76bd-ab26-0cf3ca05e354" testName="AddToExportDevices_ShouldReturnCorrectResult (5,0,0)" computerName="DKSR-EFI-04" duration="00:00:00.0017462" startTime="2023-12-22T09:39:33.6737215+01:00" endTime="2023-12-22T09:39:33.6756437+01:00" testType="13cdc9d9-ddb5-4fa4-a97d-d965ccfc6d4b" outcome="Passed" testListId="8c84fa94-04c1-424b-9868-57a2d4851a1d" relativeResultsDirectory="7ac9c5a9-1702-452b-bbe8-d29bec0f7756" />
    <UnitTestResult executionId="542a5a69-9d26-4d13-ace0-98bf4a2c935c" testId="fb9b6cec-ea3c-18e4-a458-d89d0dfaac9b" testName="GetIsOpenStreetMapValid_ShouldReturnFalse_WhenGeographicLayerIsUnavailableAndAlternativeServerIsEmpty" computerName="DKSR-EFI-04" duration="00:00:00.0005528" startTime="2023-12-22T09:39:31.3288037+01:00" endTime="2023-12-22T09:39:31.3295335+01:00" testType="13cdc9d9-ddb5-4fa4-a97d-d965ccfc6d4b" outcome="Passed" testListId="8c84fa94-04c1-424b-9868-57a2d4851a1d" relativeResultsDirectory="542a5a69-9d26-4d13-ace0-98bf4a2c935c" />
    <UnitTestResult executionId="3c47c0ae-982e-4608-ac83-2ad63ab22269" testId="c5313a02-9751-5e36-b637-63c29c825679" testName="SetCustomPickerResult_Set_CustomIntervalOpenResetAndNotificationFired" computerName="DKSR-EFI-04" duration="00:00:00.0062566" startTime="2023-12-22T09:39:12.7449552+01:00" endTime="2023-12-22T09:39:12.7513701+01:00" testType="13cdc9d9-ddb5-4fa4-a97d-d965ccfc6d4b" outcome="Passed" testListId="8c84fa94-04c1-424b-9868-57a2d4851a1d" relativeResultsDirectory="3c47c0ae-982e-4608-ac83-2ad63ab22269" />
    <UnitTestResult executionId="53344d09-2725-4b75-b2e5-4c02b75cac02" testId="9d2adb93-4837-25dd-c5fc-bdfa01122682" testName="HandleGetLayerFeatures_ShouldRaiseArgumentException_WhenIsCalled" computerName="DKSR-EFI-04" duration="00:00:00.0003216" startTime="2023-12-22T09:39:31.2979595+01:00" endTime="2023-12-22T09:39:31.2985452+01:00" testType="13cdc9d9-ddb5-4fa4-a97d-d965ccfc6d4b" outcome="Passed" testListId="8c84fa94-04c1-424b-9868-57a2d4851a1d" relativeResultsDirectory="53344d09-2725-4b75-b2e5-4c02b75cac02" />
    <UnitTestResult executionId="a3174d2a-cbe0-4b6e-bf3d-1d7b255e1695" testId="6247c776-b6f2-69b6-74d1-6fc24161e71e" testName="MoveToTop_ShouldMoveMarkerTopmost_WhenNotAlreadyTopmostButHasPreviouslyBeenMovedToTop" computerName="DKSR-EFI-04" duration="00:00:00.0056230" startTime="2023-12-22T09:38:35.2638123+01:00" endTime="2023-12-22T09:38:35.2720087+01:00" testType="13cdc9d9-ddb5-4fa4-a97d-d965ccfc6d4b" outcome="Passed" testListId="8c84fa94-04c1-424b-9868-57a2d4851a1d" relativeResultsDirectory="a3174d2a-cbe0-4b6e-bf3d-1d7b255e1695" />
    <UnitTestResult executionId="eaeacfac-1ed1-4001-a8af-b9efe5733a47" testId="eaa1d30c-5f58-30c3-2f20-3844e46318d4" testName="Initial_Result_Object_Correct" computerName="DKSR-EFI-04" duration="00:00:00.1036770" startTime="2023-12-22T09:39:38.9028871+01:00" endTime="2023-12-22T09:39:39.0109207+01:00" testType="13cdc9d9-ddb5-4fa4-a97d-d965ccfc6d4b" outcome="Passed" testListId="8c84fa94-04c1-424b-9868-57a2d4851a1d" relativeResultsDirectory="eaeacfac-1ed1-4001-a8af-b9efe5733a47" />
    <UnitTestResult executionId="5e4908ea-e1b4-40b4-9cfd-b24102ec687f" testId="957f9b92-e025-9215-a70c-c67cce904d02" testName="Parse_AttributeMissing_SuccessWithWarning" computerName="DKSR-EFI-04" duration="00:00:00.0022169" startTime="2023-12-22T09:39:33.3286412+01:00" endTime="2023-12-22T09:39:33.3310017+01:00" testType="13cdc9d9-ddb5-4fa4-a97d-d965ccfc6d4b" outcome="Passed" testListId="8c84fa94-04c1-424b-9868-57a2d4851a1d" relativeResultsDirectory="5e4908ea-e1b4-40b4-9cfd-b24102ec687f" />
    <UnitTestResult executionId="36e891a2-7a77-46ed-80ae-b8f086ba0d09" testId="eccb1112-d77c-887e-87bf-b7f65298e1a6" testName="SmartSearchStatusDto_ShouldYieldSameValues_WhenRoundTripConverted" computerName="DKSR-EFI-04" duration="00:00:00.0011497" startTime="2023-12-22T09:38:29.7447898+01:00" endTime="2023-12-22T09:38:29.7460440+01:00" testType="13cdc9d9-ddb5-4fa4-a97d-d965ccfc6d4b" outcome="Passed" testListId="8c84fa94-04c1-424b-9868-57a2d4851a1d" relativeResultsDirectory="36e891a2-7a77-46ed-80ae-b8f086ba0d09" />
    <UnitTestResult executionId="38c1921b-af46-4b61-8548-a84ff4fc08c2" testId="a7073313-f063-a674-8d00-3ff21318e1ce" testName="CreateCameraListItem_ShouldAddRegionSelectionToFilterValue_WhenNotAlreadyPresent" computerName="DKSR-EFI-04" duration="00:00:00.0021441" startTime="2023-12-22T09:39:26.2584765+01:00" endTime="2023-12-22T09:39:26.2608853+01:00" testType="13cdc9d9-ddb5-4fa4-a97d-d965ccfc6d4b" outcome="Passed" testListId="8c84fa94-04c1-424b-9868-57a2d4851a1d" relativeResultsDirectory="38c1921b-af46-4b61-8548-a84ff4fc08c2" />
    <UnitTestResult executionId="0d86fc19-fb0c-4200-b84b-4ba938b06a7d" testId="6235db2c-29a6-4a28-c065-7643ea0e2363" testName="PtzSessionController_Register_Non_PTZ_Camera_Test" computerName="DKSR-EFI-04" duration="00:00:00.0016859" startTime="2023-12-22T09:38:32.1520186+01:00" endTime="2023-12-22T09:38:32.1538360+01:00" testType="13cdc9d9-ddb5-4fa4-a97d-d965ccfc6d4b" outcome="Passed" testListId="8c84fa94-04c1-424b-9868-57a2d4851a1d" relativeResultsDirectory="0d86fc19-fb0c-4200-b84b-4ba938b06a7d" />
    <UnitTestResult executionId="46bd073c-8d45-4319-9330-ea4541b366ba" testId="03b9d988-af55-c02a-fb0b-6c811350a612" testName="IsProductionEnvironment_ShouldReturnFalse_WhenSystemLicenseIsNull" computerName="DKSR-EFI-04" duration="00:00:00.0001096" startTime="2023-12-22T09:39:38.6105405+01:00" endTime="2023-12-22T09:39:38.6107790+01:00" testType="13cdc9d9-ddb5-4fa4-a97d-d965ccfc6d4b" outcome="Passed" testListId="8c84fa94-04c1-424b-9868-57a2d4851a1d" relativeResultsDirectory="46bd073c-8d45-4319-9330-ea4541b366ba" />
    <UnitTestResult executionId="9addfe2f-61a4-4270-ac54-fc0265b1a472" testId="10564402-f576-f83c-7508-dc98243ffb4b" testName="FocusedSearchResultChanged_NoSearchResultSelected_NavigateToHome" computerName="DKSR-EFI-04" duration="00:00:00.0244155" startTime="2023-12-22T09:39:10.0197954+01:00" endTime="2023-12-22T09:39:10.0467198+01:00" testType="13cdc9d9-ddb5-4fa4-a97d-d965ccfc6d4b" outcome="Passed" testListId="8c84fa94-04c1-424b-9868-57a2d4851a1d" relativeResultsDirectory="9addfe2f-61a4-4270-ac54-fc0265b1a472" />
    <UnitTestResult executionId="3e44723d-8007-4245-b29c-d949fda594dc" testId="15dcfbd5-f39d-5642-bf0e-0d9eb38e85f1" testName="PatrollingProfileListViewModel_Constructor_Success" computerName="DKSR-EFI-04" duration="00:00:00.0237015" startTime="2023-12-22T09:39:32.0836200+01:00" endTime="2023-12-22T09:39:32.1076056+01:00" testType="13cdc9d9-ddb5-4fa4-a97d-d965ccfc6d4b" outcome="Passed" testListId="8c84fa94-04c1-424b-9868-57a2d4851a1d" relativeResultsDirectory="3e44723d-8007-4245-b29c-d949fda594dc" />
    <UnitTestResult executionId="ccef8a04-1d00-4014-8ec1-9460c18dce36" testId="81b361c4-c965-939e-7e57-636c62f4161d" testName="DeleteLevel_WhereLevelsHasBeenRenumbered_Success" computerName="DKSR-EFI-04" duration="00:00:00.0284015" startTime="2023-12-22T09:39:31.1606548+01:00" endTime="2023-12-22T09:39:31.1892388+01:00" testType="13cdc9d9-ddb5-4fa4-a97d-d965ccfc6d4b" outcome="Passed" testListId="8c84fa94-04c1-424b-9868-57a2d4851a1d" relativeResultsDirectory="ccef8a04-1d00-4014-8ec1-9460c18dce36">
      <Output>
        <StdOut>Debug Trace:&#xD;
 &gt;&gt;&gt; ERROR: System.NullReferenceException: Object reference not set to an instance of an object.&#xD;
   at VideoOS.RemoteClient.GisMapData.MapBuildings.MapLevel.LoadLayersAsync(UIContext context) in D:\actions-runner\_work\XPCO\XPCO\SC\Components\dotNet\VideoOS.RemoteClient.GisMapData\MapBuildings\MapLevel.cs:line 283&#xD;
 &gt;&gt;&gt; Stack:    at VideoOS.RemoteClient.GisMapData.MapBuildings.MapLevel.LoadLayersAsync(UIContext context) in D:\actions-runner\_work\XPCO\XPCO\SC\Components\dotNet\VideoOS.RemoteClient.GisMapData\MapBuildings\MapLevel.cs:line 283&#xD;
 &gt;&gt;&gt; ERROR: System.NullReferenceException: Object reference not set to an instance of an object.&#xD;
   at VideoOS.RemoteClient.GisMapData.MapBuildings.MapLevel.LoadLayersAsync(UIContext context) in D:\actions-runner\_work\XPCO\XPCO\SC\Components\dotNet\VideoOS.RemoteClient.GisMapData\MapBuildings\MapLevel.cs:line 283&#xD;
 &gt;&gt;&gt; Stack:    at VideoOS.RemoteClient.GisMapData.MapBuildings.MapLevel.LoadLayersAsync(UIContext context) in D:\actions-runner\_work\XPCO\XPCO\SC\Components\dotNet\VideoOS.RemoteClient.GisMapData\MapBuildings\MapLevel.cs:line 283&#xD;
 &gt;&gt;&gt; ERROR: System.NullReferenceException: Object reference not set to an instance of an object.&#xD;
   at VideoOS.RemoteClient.GisMapData.MapBuildings.MapLevel.LoadLayersAsync(UIContext context) in D:\actions-runner\_work\XPCO\XPCO\SC\Components\dotNet\VideoOS.RemoteClient.GisMapData\MapBuildings\MapLevel.cs:line 283&#xD;
 &gt;&gt;&gt; Stack:    at VideoOS.RemoteClient.GisMapData.MapBuildings.MapLevel.LoadLayersAsync(UIContext context) in D:\actions-runner\_work\XPCO\XPCO\SC\Components\dotNet\VideoOS.RemoteClient.GisMapData\MapBuildings\MapLevel.cs:line 283</StdOut>
      </Output>
    </UnitTestResult>
    <UnitTestResult executionId="8b1922fb-6a61-4b39-a22c-eeb7550f1271" testId="da571dbb-0f8b-5648-4221-79651d811e25" testName="TestUpdateState_3NonCamera" computerName="DKSR-EFI-04" duration="00:00:00.0049635" startTime="2023-12-22T09:39:34.0930118+01:00" endTime="2023-12-22T09:39:34.0981526+01:00" testType="13cdc9d9-ddb5-4fa4-a97d-d965ccfc6d4b" outcome="Passed" testListId="8c84fa94-04c1-424b-9868-57a2d4851a1d" relativeResultsDirectory="8b1922fb-6a61-4b39-a22c-eeb7550f1271" />
    <UnitTestResult executionId="d010e585-69e6-49de-b9cc-c991eaa57fee" testId="52643794-b083-7c0f-47d3-00e62a4cf8ea" testName="ToMipSearchResultData_ShouldIncludeResultPropertiesFromAllSubResults" computerName="DKSR-EFI-04" duration="00:00:00.0069098" startTime="2023-12-22T09:39:14.5526709+01:00" endTime="2023-12-22T09:39:14.5597894+01:00" testType="13cdc9d9-ddb5-4fa4-a97d-d965ccfc6d4b" outcome="Passed" testListId="8c84fa94-04c1-424b-9868-57a2d4851a1d" relativeResultsDirectory="d010e585-69e6-49de-b9cc-c991eaa57fee" />
    <UnitTestResult executionId="a6de099f-e713-48e2-85de-809d847f3b92" testId="6abab9f6-2ccc-d047-2fba-1c19ca4d1351" testName="UpdateAndSaveBuilding_Success" computerName="DKSR-EFI-04" duration="00:00:00.0843986" startTime="2023-12-22T09:39:26.4387032+01:00" endTime="2023-12-22T09:39:26.5232885+01:00" testType="13cdc9d9-ddb5-4fa4-a97d-d965ccfc6d4b" outcome="Passed" testListId="8c84fa94-04c1-424b-9868-57a2d4851a1d" relativeResultsDirectory="a6de099f-e713-48e2-85de-809d847f3b92" />
    <UnitTestResult executionId="528a71c4-1217-4d0b-b67c-4a40e46aa092" testId="a0bf150c-e557-e095-022b-d649c58ba210" testName="Initialize_ShouldCreateAllCameraItems_WhenInitializedWithNonEmptyScope" computerName="DKSR-EFI-04" duration="00:00:00.0105259" startTime="2023-12-22T09:39:26.2164473+01:00" endTime="2023-12-22T09:39:26.2271460+01:00" testType="13cdc9d9-ddb5-4fa4-a97d-d965ccfc6d4b" outcome="Passed" testListId="8c84fa94-04c1-424b-9868-57a2d4851a1d" relativeResultsDirectory="528a71c4-1217-4d0b-b67c-4a40e46aa092" />
    <UnitTestResult executionId="19ee2e00-f4b3-4bf1-be00-ceafad4fd9e9" testId="cb3c2aec-6735-d3a0-5cab-578bcfb4d46d" testName="TestForAssemblyCoverage" computerName="DKSR-EFI-04" duration="00:00:00.0080563" startTime="2023-12-22T09:39:26.2897208+01:00" endTime="2023-12-22T09:39:26.2979928+01:00" testType="13cdc9d9-ddb5-4fa4-a97d-d965ccfc6d4b" outcome="Passed" testListId="8c84fa94-04c1-424b-9868-57a2d4851a1d" relativeResultsDirectory="19ee2e00-f4b3-4bf1-be00-ceafad4fd9e9" />
    <UnitTestResult executionId="a0131944-737a-4b97-bd40-dbe5d9417713" testId="54f7979c-7440-2cc5-5665-679c43abe566" testName="ExportNotVisible_WhenFeatureDisabled" computerName="DKSR-EFI-04" duration="00:00:00.0187103" startTime="2023-12-22T09:39:32.8963127+01:00" endTime="2023-12-22T09:39:32.9152107+01:00" testType="13cdc9d9-ddb5-4fa4-a97d-d965ccfc6d4b" outcome="Passed" testListId="8c84fa94-04c1-424b-9868-57a2d4851a1d" relativeResultsDirectory="a0131944-737a-4b97-bd40-dbe5d9417713" />
    <UnitTestResult executionId="5f873c86-88e6-4a53-98c4-b6cb6fe83137" testId="2674b7c4-7076-fd3a-f5df-01507f4b862a" testName="ResolveBaseResultProperties_ShouldOnlyReturnTriggerTimesThatAreWithinBeginEndWithPadding" computerName="DKSR-EFI-04" duration="00:00:00.0022898" startTime="2023-12-22T09:39:13.8696636+01:00" endTime="2023-12-22T09:39:13.8720914+01:00" testType="13cdc9d9-ddb5-4fa4-a97d-d965ccfc6d4b" outcome="Passed" testListId="8c84fa94-04c1-424b-9868-57a2d4851a1d" relativeResultsDirectory="5f873c86-88e6-4a53-98c4-b6cb6fe83137" />
    <UnitTestResult executionId="ed3a6b85-431b-4397-b79c-c92234e349a0" testId="ca24c09d-a214-cd57-9506-eb63722a25cc" testName="UpdateHomeLocationInModel_HomeLocationId_NoUpdated_DragDataSet_Succes" computerName="DKSR-EFI-04" duration="00:00:00.0269559" startTime="2023-12-22T09:38:33.1503541+01:00" endTime="2023-12-22T09:38:33.1798531+01:00" testType="13cdc9d9-ddb5-4fa4-a97d-d965ccfc6d4b" outcome="Passed" testListId="8c84fa94-04c1-424b-9868-57a2d4851a1d" relativeResultsDirectory="ed3a6b85-431b-4397-b79c-c92234e349a0" />
    <UnitTestResult executionId="43a2e503-bf67-4993-9d7a-3be684f74990" testId="8c46d0ed-f3b9-c5f4-aaef-9879232f4518" testName="HoverBehaviour_MouseLeave_HoverTickIsHidden" computerName="DKSR-EFI-04" duration="00:00:00.0294615" startTime="2023-12-22T09:39:01.4844815+01:00" endTime="2023-12-22T09:39:01.5169163+01:00" testType="13cdc9d9-ddb5-4fa4-a97d-d965ccfc6d4b" outcome="Passed" testListId="8c84fa94-04c1-424b-9868-57a2d4851a1d" relativeResultsDirectory="43a2e503-bf67-4993-9d7a-3be684f74990" />
    <UnitTestResult executionId="46b696b0-1e91-4c61-80ec-787eedae4e4c" testId="ee53e0e4-b55d-0010-076b-5818fc51a7bf" testName="GisMapModel_SaveAggregates_Success" computerName="DKSR-EFI-04" duration="00:00:00.0201959" startTime="2023-12-22T09:39:28.2132055+01:00" endTime="2023-12-22T09:39:28.2335830+01:00" testType="13cdc9d9-ddb5-4fa4-a97d-d965ccfc6d4b" outcome="Passed" testListId="8c84fa94-04c1-424b-9868-57a2d4851a1d" relativeResultsDirectory="46b696b0-1e91-4c61-80ec-787eedae4e4c" />
    <UnitTestResult executionId="b8287654-6b9b-464f-8f28-eda805012630" testId="f959810f-2600-c7c3-3e3a-8928298ba128" testName="SetItemOutlines_OutlinesNull_Success" computerName="DKSR-EFI-04" duration="00:00:00.0093435" startTime="2023-12-22T09:38:38.9408209+01:00" endTime="2023-12-22T09:38:38.9524814+01:00" testType="13cdc9d9-ddb5-4fa4-a97d-d965ccfc6d4b" outcome="Passed" testListId="8c84fa94-04c1-424b-9868-57a2d4851a1d" relativeResultsDirectory="b8287654-6b9b-464f-8f28-eda805012630" />
    <UnitTestResult executionId="72ede567-e1db-4922-8313-90b36683a0b0" testId="90ade623-c933-13b0-3f87-d92db5a5c117" testName="Parse_SixHours_Success" computerName="DKSR-EFI-04" duration="00:00:00.0001037" startTime="2023-12-22T09:39:13.9632583+01:00" endTime="2023-12-22T09:39:13.9634963+01:00" testType="13cdc9d9-ddb5-4fa4-a97d-d965ccfc6d4b" outcome="Passed" testListId="8c84fa94-04c1-424b-9868-57a2d4851a1d" relativeResultsDirectory="72ede567-e1db-4922-8313-90b36683a0b0" />
    <UnitTestResult executionId="1d5d23f1-1cbc-4849-9ecf-2e129dbf6f2b" testId="bc03d8ec-092f-15f4-b2b5-81687d93c9f8" testName="ToUnsafeName_MultipleSafeNames_Success" computerName="DKSR-EFI-04" duration="00:00:00.0001223" startTime="2023-12-22T09:39:38.6228471+01:00" endTime="2023-12-22T09:39:38.6230950+01:00" testType="13cdc9d9-ddb5-4fa4-a97d-d965ccfc6d4b" outcome="Passed" testListId="8c84fa94-04c1-424b-9868-57a2d4851a1d" relativeResultsDirectory="1d5d23f1-1cbc-4849-9ecf-2e129dbf6f2b" />
    <UnitTestResult executionId="bac958b3-cff5-4344-9ce3-e7c0fd3ae4aa" testId="dce39246-34e9-ee17-be45-81df055ba9b7" testName="Decorate_ShouldNotAddChildren_WhenThereLayersImplementingITitleToggleableHasNoItems" computerName="DKSR-EFI-04" duration="00:00:00.0011744" startTime="2023-12-22T09:38:34.8786565+01:00" endTime="2023-12-22T09:38:34.8799576+01:00" testType="13cdc9d9-ddb5-4fa4-a97d-d965ccfc6d4b" outcome="Passed" testListId="8c84fa94-04c1-424b-9868-57a2d4851a1d" relativeResultsDirectory="bac958b3-cff5-4344-9ce3-e7c0fd3ae4aa" />
    <UnitTestResult executionId="e00c644a-a9c8-458b-b51d-a709f4aef28c" testId="68273da4-d8f3-7604-23b1-9e7df4a52b5c" testName="BindingModelVisible_ReactsTo_PluginInstanceVisibleUpdate" computerName="DKSR-EFI-04" duration="00:00:00.0015816" startTime="2023-12-22T09:39:33.8957905+01:00" endTime="2023-12-22T09:39:33.8995488+01:00" testType="13cdc9d9-ddb5-4fa4-a97d-d965ccfc6d4b" outcome="Passed" testListId="8c84fa94-04c1-424b-9868-57a2d4851a1d" relativeResultsDirectory="e00c644a-a9c8-458b-b51d-a709f4aef28c" />
    <UnitTestResult executionId="4cc1cdef-6738-48dc-b9c3-80719d48825f" testId="0eacc291-f328-de4d-1a1f-8a8b3e1cccd7" testName="OnUnloaded_ResultControl_ResultControlClosed" computerName="DKSR-EFI-04" duration="00:00:00.0071837" startTime="2023-12-22T09:38:43.2937946+01:00" endTime="2023-12-22T09:38:43.3034464+01:00" testType="13cdc9d9-ddb5-4fa4-a97d-d965ccfc6d4b" outcome="Passed" testListId="8c84fa94-04c1-424b-9868-57a2d4851a1d" relativeResultsDirectory="4cc1cdef-6738-48dc-b9c3-80719d48825f" />
    <UnitTestResult executionId="224b6d85-8be4-4750-af98-21e73f0ac7db" testId="88071ce5-6a3f-f4ed-8ba6-7bfde6e1c46a" testName="TestConstructor_EmptyOuterRing_GetBounds_Success" computerName="DKSR-EFI-04" duration="00:00:00.0011133" startTime="2023-12-22T09:39:28.0317774+01:00" endTime="2023-12-22T09:39:28.0330343+01:00" testType="13cdc9d9-ddb5-4fa4-a97d-d965ccfc6d4b" outcome="Passed" testListId="8c84fa94-04c1-424b-9868-57a2d4851a1d" relativeResultsDirectory="224b6d85-8be4-4750-af98-21e73f0ac7db" />
    <UnitTestResult executionId="3e557520-3f09-4a6b-bf78-1d5371a23065" testId="d6a182f6-1abb-4c06-28b1-3486154a7ed6" testName="VideoResultSearchResult_ShouldOnlyHavePropertiesFromSecondContext_WhenSetTwiceWithoutThrowingOnTokenCancellation" computerName="DKSR-EFI-04" duration="00:00:00.0290554" startTime="2023-12-22T09:38:59.1674077+01:00" endTime="2023-12-22T09:38:59.1990019+01:00" testType="13cdc9d9-ddb5-4fa4-a97d-d965ccfc6d4b" outcome="Passed" testListId="8c84fa94-04c1-424b-9868-57a2d4851a1d" relativeResultsDirectory="3e557520-3f09-4a6b-bf78-1d5371a23065" />
    <UnitTestResult executionId="2032a42f-14a0-4f6c-8758-e38c641cfd2c" testId="8d0f5bca-e5ea-0fcc-cf70-4bf5237286c3" testName="UpdateScope_NoChanges_ReturnsFalse" computerName="DKSR-EFI-04" duration="00:00:00.0001626" startTime="2023-12-22T09:39:14.5354775+01:00" endTime="2023-12-22T09:39:14.5357725+01:00" testType="13cdc9d9-ddb5-4fa4-a97d-d965ccfc6d4b" outcome="Passed" testListId="8c84fa94-04c1-424b-9868-57a2d4851a1d" relativeResultsDirectory="2032a42f-14a0-4f6c-8758-e38c641cfd2c" />
    <UnitTestResult executionId="8ec7d1c8-6154-486f-a56b-47fead3f20b0" testId="dbbcef65-1aa6-a5c1-32ef-04150022dcf1" testName="Compare_ShouldPrioritizeCombinedResultsWithMostTriggerTimesInTimespan_WhenNotAllTriggerTimesAreCounted" computerName="DKSR-EFI-04" duration="00:00:00.0018288" startTime="2023-12-22T09:39:14.6414424+01:00" endTime="2023-12-22T09:39:14.6434360+01:00" testType="13cdc9d9-ddb5-4fa4-a97d-d965ccfc6d4b" outcome="Passed" testListId="8c84fa94-04c1-424b-9868-57a2d4851a1d" relativeResultsDirectory="8ec7d1c8-6154-486f-a56b-47fead3f20b0" />
    <UnitTestResult executionId="8ccb0b38-7d8e-4aab-a69f-f67f9a1106be" testId="c9679473-a3e5-7489-307e-ee6faf3a6896" testName="SupportsDoubleClick_ShouldBeFalse_WhenInteractionStateIsNotNormal" computerName="DKSR-EFI-04" duration="00:00:00.0111049" startTime="2023-12-22T09:38:36.4222551+01:00" endTime="2023-12-22T09:38:36.4361476+01:00" testType="13cdc9d9-ddb5-4fa4-a97d-d965ccfc6d4b" outcome="Passed" testListId="8c84fa94-04c1-424b-9868-57a2d4851a1d" relativeResultsDirectory="8ccb0b38-7d8e-4aab-a69f-f67f9a1106be" />
    <UnitTestResult executionId="ead2370b-06c8-4490-8bd2-4db7b96914bc" testId="361cc772-0d75-885b-698f-f995fb066fc5" testName="ReCreateOverlay_WhereOverlayIsRecreable_OverlayRequestToBeReCreated" computerName="DKSR-EFI-04" duration="00:00:00.0716318" startTime="2023-12-22T09:38:35.1487485+01:00" endTime="2023-12-22T09:38:35.2246902+01:00" testType="13cdc9d9-ddb5-4fa4-a97d-d965ccfc6d4b" outcome="Passed" testListId="8c84fa94-04c1-424b-9868-57a2d4851a1d" relativeResultsDirectory="ead2370b-06c8-4490-8bd2-4db7b96914bc" />
    <UnitTestResult executionId="aeae8590-05c2-4bc0-98d3-313dd803a990" testId="b8af5950-498b-c4c9-4d6a-619dcb6074cf" testName="ClearTest" computerName="DKSR-EFI-04" duration="00:00:00.0013401" startTime="2023-12-22T09:39:36.4689731+01:00" endTime="2023-12-22T09:39:36.4705483+01:00" testType="13cdc9d9-ddb5-4fa4-a97d-d965ccfc6d4b" outcome="Passed" testListId="8c84fa94-04c1-424b-9868-57a2d4851a1d" relativeResultsDirectory="aeae8590-05c2-4bc0-98d3-313dd803a990" />
    <UnitTestResult executionId="354abb8b-06a6-488a-99fe-b48bc098cfd0" testId="99ee5135-30d5-eb69-226f-d05fc552bf85" testName="Serialize_FromTimeOnly_Success" computerName="DKSR-EFI-04" duration="00:00:00.0005450" startTime="2023-12-22T09:39:14.6734264+01:00" endTime="2023-12-22T09:39:14.6741132+01:00" testType="13cdc9d9-ddb5-4fa4-a97d-d965ccfc6d4b" outcome="Passed" testListId="8c84fa94-04c1-424b-9868-57a2d4851a1d" relativeResultsDirectory="354abb8b-06a6-488a-99fe-b48bc098cfd0" />
    <UnitTestResult executionId="6b15017c-db77-4136-a5e5-e8cfd3efe288" testId="61320e3d-b3bf-23f6-1c7c-0aea9f2fda01" testName="SearchAction_BrowseMode_30MinutesInTheFuture" computerName="DKSR-EFI-04" duration="00:00:00.0057978" startTime="2023-12-22T09:39:36.5829068+01:00" endTime="2023-12-22T09:39:36.5888416+01:00" testType="13cdc9d9-ddb5-4fa4-a97d-d965ccfc6d4b" outcome="Passed" testListId="8c84fa94-04c1-424b-9868-57a2d4851a1d" relativeResultsDirectory="6b15017c-db77-4136-a5e5-e8cfd3efe288" />
    <UnitTestResult executionId="17007b67-23f0-4063-955c-33186c612794" testId="1326eca0-5707-a15c-4eaf-c5b6ab9d34ec" testName="OutputMapItem_ForceActivateAsync_InBuilding_MapLevelsNotLoaded_Success" computerName="DKSR-EFI-04" duration="00:00:00.0107961" startTime="2023-12-22T09:39:30.0350180+01:00" endTime="2023-12-22T09:39:30.0459853+01:00" testType="13cdc9d9-ddb5-4fa4-a97d-d965ccfc6d4b" outcome="Passed" testListId="8c84fa94-04c1-424b-9868-57a2d4851a1d" relativeResultsDirectory="17007b67-23f0-4063-955c-33186c612794" />
    <UnitTestResult executionId="a24213c6-9d03-4b29-81c8-194e24e23df4" testId="5d25dc9f-b119-d464-f93e-42b850f6a1ac" testName="ScWorkSpaceModeChangedEvent_ShouldSetDeviceIsDisabledToFalse_WhenSwitchingToLiveModeAndDeviceIsDisabled" computerName="DKSR-EFI-04" duration="00:00:00.0143246" startTime="2023-12-22T09:39:29.2136749+01:00" endTime="2023-12-22T09:39:29.2305546+01:00" testType="13cdc9d9-ddb5-4fa4-a97d-d965ccfc6d4b" outcome="Passed" testListId="8c84fa94-04c1-424b-9868-57a2d4851a1d" relativeResultsDirectory="a24213c6-9d03-4b29-81c8-194e24e23df4" />
    <UnitTestResult executionId="1b90e6e3-a26d-4478-846c-488ee481e828" testId="910b3a11-f68d-a7b6-6ade-0d038502d017" testName="AddSelectedWindowsToExport_ShouldShowCorrectToastMessages (5,0,5)" computerName="DKSR-EFI-04" duration="00:00:00.0046307" startTime="2023-12-22T09:39:33.7553359+01:00" endTime="2023-12-22T09:39:33.7601396+01:00" testType="13cdc9d9-ddb5-4fa4-a97d-d965ccfc6d4b" outcome="Passed" testListId="8c84fa94-04c1-424b-9868-57a2d4851a1d" relativeResultsDirectory="1b90e6e3-a26d-4478-846c-488ee481e828" />
    <UnitTestResult executionId="3fedd920-7d1f-40df-8e58-590a48bd47a2" testId="521edd59-e00a-7fda-d2c0-b2558265b67a" testName="TestImplicitOperator_Polygon_Success" computerName="DKSR-EFI-04" duration="00:00:00.0006084" startTime="2023-12-22T09:39:28.0305215+01:00" endTime="2023-12-22T09:39:28.0312780+01:00" testType="13cdc9d9-ddb5-4fa4-a97d-d965ccfc6d4b" outcome="Passed" testListId="8c84fa94-04c1-424b-9868-57a2d4851a1d" relativeResultsDirectory="3fedd920-7d1f-40df-8e58-590a48bd47a2" />
    <UnitTestResult executionId="d85f7c80-7cbe-49c6-9b38-fd33598615b2" testId="94665017-ba44-93eb-512e-f9565e558eb5" testName="TestGetBuildingClient_WithoutBuildingSupport_Success" computerName="DKSR-EFI-04" duration="00:00:00.0011501" startTime="2023-12-22T09:39:31.4064423+01:00" endTime="2023-12-22T09:39:31.4077267+01:00" testType="13cdc9d9-ddb5-4fa4-a97d-d965ccfc6d4b" outcome="Passed" testListId="8c84fa94-04c1-424b-9868-57a2d4851a1d" relativeResultsDirectory="d85f7c80-7cbe-49c6-9b38-fd33598615b2" />
    <UnitTestResult executionId="4888bd0d-011b-490c-b5d1-dc0d863a1835" testId="660d3fbc-11c9-2181-8c43-b82c5f6b1504" testName="Serialize_NothingToSerialize_Success" computerName="DKSR-EFI-04" duration="00:00:00.0012538" startTime="2023-12-22T09:39:14.6700468+01:00" endTime="2023-12-22T09:39:14.6716629+01:00" testType="13cdc9d9-ddb5-4fa4-a97d-d965ccfc6d4b" outcome="Passed" testListId="8c84fa94-04c1-424b-9868-57a2d4851a1d" relativeResultsDirectory="4888bd0d-011b-490c-b5d1-dc0d863a1835" />
    <UnitTestResult executionId="4273f46f-3795-42b6-ac6c-bf036b3c961f" testId="84f8043b-4691-c526-0edb-4d71ad8832d8" testName="DisplayErrorOnNotificationArea_UnknownSearchError_LoggingEnabled_Success" computerName="DKSR-EFI-04" duration="00:00:00.0081500" startTime="2023-12-22T09:39:13.0012807+01:00" endTime="2023-12-22T09:39:13.0096147+01:00" testType="13cdc9d9-ddb5-4fa4-a97d-d965ccfc6d4b" outcome="Passed" testListId="8c84fa94-04c1-424b-9868-57a2d4851a1d" relativeResultsDirectory="4273f46f-3795-42b6-ac6c-bf036b3c961f" />
    <UnitTestResult executionId="d15b56e3-8078-40aa-ae83-8b5ea4a19316" testId="7e6ab9bc-6be0-57ee-f082-006f13f3fda7" testName="PtzSessionControllerInfo_TimeChangedTest_Different_TimeLeft" computerName="DKSR-EFI-04" duration="00:00:00.0001977" startTime="2023-12-22T09:38:32.1964766+01:00" endTime="2023-12-22T09:38:32.1967832+01:00" testType="13cdc9d9-ddb5-4fa4-a97d-d965ccfc6d4b" outcome="Passed" testListId="8c84fa94-04c1-424b-9868-57a2d4851a1d" relativeResultsDirectory="d15b56e3-8078-40aa-ae83-8b5ea4a19316" />
    <UnitTestResult executionId="ccfeaca8-53e1-40de-9df8-5b8c96d3ffeb" testId="491df381-b5ce-67d7-d550-c29421a6f155" testName="GetOsmServerAddress_ShouldReturnGeographicLayerValue_WhenGeographicLayerIsAvailableAndAlternativeServerIsEmpty" computerName="DKSR-EFI-04" duration="00:00:00.0006900" startTime="2023-12-22T09:39:31.3343501+01:00" endTime="2023-12-22T09:39:31.3352034+01:00" testType="13cdc9d9-ddb5-4fa4-a97d-d965ccfc6d4b" outcome="Passed" testListId="8c84fa94-04c1-424b-9868-57a2d4851a1d" relativeResultsDirectory="ccfeaca8-53e1-40de-9df8-5b8c96d3ffeb" />
    <UnitTestResult executionId="bb47115c-f20b-4d3f-99d6-af47152639e6" testId="77538764-96ab-d361-cc57-e43d65dc3ccd" testName="Tooltip_ShouldShowMicrophoneName_WhenMicrophoneIsDisabled" computerName="DKSR-EFI-04" duration="00:00:00.0310396" startTime="2023-12-22T09:38:37.6809167+01:00" endTime="2023-12-22T09:38:37.7146121+01:00" testType="13cdc9d9-ddb5-4fa4-a97d-d965ccfc6d4b" outcome="Passed" testListId="8c84fa94-04c1-424b-9868-57a2d4851a1d" relativeResultsDirectory="bb47115c-f20b-4d3f-99d6-af47152639e6" />
    <UnitTestResult executionId="b0245887-082a-4d39-b3cf-23dd5ed75e9d" testId="4857c902-d3db-1acf-7754-f8c2fceb17a8" testName="AddItems_EmptyCollection_NoClusterChanges" computerName="DKSR-EFI-04" duration="00:00:00.0057848" startTime="2023-12-22T09:39:31.9960707+01:00" endTime="2023-12-22T09:39:32.0019990+01:00" testType="13cdc9d9-ddb5-4fa4-a97d-d965ccfc6d4b" outcome="Passed" testListId="8c84fa94-04c1-424b-9868-57a2d4851a1d" relativeResultsDirectory="b0245887-082a-4d39-b3cf-23dd5ed75e9d" />
    <UnitTestResult executionId="97700688-55b4-4418-a4d8-896fd25f3378" testId="a27dcab4-fe50-bb56-8a65-057bfb64a1f4" testName="ActivatedOutputIconsId_ShouldReturnUnDeactivatedIconsInAProperOrder_WhenCalled" computerName="DKSR-EFI-04" duration="00:00:00.0006270" startTime="2023-12-22T09:39:29.0877584+01:00" endTime="2023-12-22T09:39:29.0885188+01:00" testType="13cdc9d9-ddb5-4fa4-a97d-d965ccfc6d4b" outcome="Passed" testListId="8c84fa94-04c1-424b-9868-57a2d4851a1d" relativeResultsDirectory="97700688-55b4-4418-a4d8-896fd25f3378" />
    <UnitTestResult executionId="c1597858-ef38-47ef-a491-8f9dd98bd1e0" testId="369c6e4e-5e84-29f7-23b9-0a90869fcac4" testName="Decorate_ShouldNotAddChildren_WhenThereIsCameraLayerButNotViewZoneLayer" computerName="DKSR-EFI-04" duration="00:00:00.0008375" startTime="2023-12-22T09:38:34.8947098+01:00" endTime="2023-12-22T09:38:34.8956765+01:00" testType="13cdc9d9-ddb5-4fa4-a97d-d965ccfc6d4b" outcome="Passed" testListId="8c84fa94-04c1-424b-9868-57a2d4851a1d" relativeResultsDirectory="c1597858-ef38-47ef-a491-8f9dd98bd1e0" />
    <UnitTestResult executionId="bd0a1d37-f4ad-4060-b26d-1594a0454c11" testId="0d816db9-c190-9338-49a3-bd0095232832" testName="BuildContentOptions_ShouldReturnCorrectNumberOfViewItems" computerName="DKSR-EFI-04" duration="00:00:00.0006460" startTime="2023-12-22T09:39:38.5282382+01:00" endTime="2023-12-22T09:39:38.5290087+01:00" testType="13cdc9d9-ddb5-4fa4-a97d-d965ccfc6d4b" outcome="Passed" testListId="8c84fa94-04c1-424b-9868-57a2d4851a1d" relativeResultsDirectory="bd0a1d37-f4ad-4060-b26d-1594a0454c11" />
    <UnitTestResult executionId="8eea4b93-49dc-4a3d-8b52-490737fd36b3" testId="7b3d70cd-81e1-008c-e609-47fa8092a379" testName="TryAddInterval_ShouldReturnCorrectValue (False,True,PermissionDenied)" computerName="DKSR-EFI-04" duration="00:00:00.0014600" startTime="2023-12-22T09:39:33.4379755+01:00" endTime="2023-12-22T09:39:33.4396420+01:00" testType="13cdc9d9-ddb5-4fa4-a97d-d965ccfc6d4b" outcome="Passed" testListId="8c84fa94-04c1-424b-9868-57a2d4851a1d" relativeResultsDirectory="8eea4b93-49dc-4a3d-8b52-490737fd36b3" />
    <UnitTestResult executionId="e3712032-415a-4cd2-aee0-789268f80031" testId="d47eb9ec-3b5d-0e31-8fe7-d1a0340bf1c0" testName="UpdateScope_RelativeScopeDurationToTimeChanged_ReturnsFalse" computerName="DKSR-EFI-04" duration="00:00:00.0001927" startTime="2023-12-22T09:39:14.5419907+01:00" endTime="2023-12-22T09:39:14.5423557+01:00" testType="13cdc9d9-ddb5-4fa4-a97d-d965ccfc6d4b" outcome="Passed" testListId="8c84fa94-04c1-424b-9868-57a2d4851a1d" relativeResultsDirectory="e3712032-415a-4cd2-aee0-789268f80031" />
    <UnitTestResult executionId="9e48c0e3-254d-4c2a-b954-03593b7e55ab" testId="694752a6-f80f-3cf2-2854-db6d5b4b1e01" testName="PtzInfoViewModel_PtzReservedByOtherUserTest" computerName="DKSR-EFI-04" duration="00:00:00.0009261" startTime="2023-12-22T09:38:32.5266021+01:00" endTime="2023-12-22T09:38:32.5276530+01:00" testType="13cdc9d9-ddb5-4fa4-a97d-d965ccfc6d4b" outcome="Passed" testListId="8c84fa94-04c1-424b-9868-57a2d4851a1d" relativeResultsDirectory="9e48c0e3-254d-4c2a-b954-03593b7e55ab" />
    <UnitTestResult executionId="bcb378c0-36b2-4b33-a73e-94d1724af589" testId="df4fc108-b9f8-183e-9857-a0352a34d2c9" testName="ToSafeName_SingleSafeName_Success" computerName="DKSR-EFI-04" duration="00:00:00.0001110" startTime="2023-12-22T09:39:38.6153405+01:00" endTime="2023-12-22T09:39:38.6155799+01:00" testType="13cdc9d9-ddb5-4fa4-a97d-d965ccfc6d4b" outcome="Passed" testListId="8c84fa94-04c1-424b-9868-57a2d4851a1d" relativeResultsDirectory="bcb378c0-36b2-4b33-a73e-94d1724af589" />
    <UnitTestResult executionId="f8f95359-a5db-4601-ba2f-2b4ccb85b949" testId="bfa2e036-0b0c-2621-93e6-fae23f6d7c6d" testName="Initialize_ShouldSelectTheFirstCameraWithRegionSelected_WhenInitializedWithFilterValueThatHasRegionSelected" computerName="DKSR-EFI-04" duration="00:00:00.0022431" startTime="2023-12-22T09:39:26.2276412+01:00" endTime="2023-12-22T09:39:26.2300381+01:00" testType="13cdc9d9-ddb5-4fa4-a97d-d965ccfc6d4b" outcome="Passed" testListId="8c84fa94-04c1-424b-9868-57a2d4851a1d" relativeResultsDirectory="f8f95359-a5db-4601-ba2f-2b4ccb85b949" />
    <UnitTestResult executionId="93b22a8b-0e19-4995-b4f5-d6711349bc36" testId="224208d0-b60c-0e1e-7362-af15735beb49" testName="PatrollingStepListViewModel_SelectedPatrollingStepViewModel" computerName="DKSR-EFI-04" duration="00:00:00.0032277" startTime="2023-12-22T09:39:32.2292310+01:00" endTime="2023-12-22T09:39:32.2325947+01:00" testType="13cdc9d9-ddb5-4fa4-a97d-d965ccfc6d4b" outcome="Passed" testListId="8c84fa94-04c1-424b-9868-57a2d4851a1d" relativeResultsDirectory="93b22a8b-0e19-4995-b4f5-d6711349bc36" />
    <UnitTestResult executionId="bc7f2ac4-0dbf-49fe-ac63-ea0ba3e7dc0a" testId="90f737d2-bf89-5d2f-b28c-8cecebbed027" testName="RemoveDefinition_WithRunningSearch_SearchCancelledAndResultsCleared" computerName="DKSR-EFI-04" duration="00:00:00.0073912" startTime="2023-12-22T09:39:14.3077309+01:00" endTime="2023-12-22T09:39:14.3153154+01:00" testType="13cdc9d9-ddb5-4fa4-a97d-d965ccfc6d4b" outcome="Passed" testListId="8c84fa94-04c1-424b-9868-57a2d4851a1d" relativeResultsDirectory="bc7f2ac4-0dbf-49fe-ac63-ea0ba3e7dc0a" />
    <UnitTestResult executionId="10f82fc3-cda3-4dbf-915b-491c299bfb28" testId="cb536c37-af93-5a21-739a-c12d45516012" testName="GetLayerFeatures_ShouldReturnCameraLayerFeatures_WhenCameraKind" computerName="DKSR-EFI-04" duration="00:00:00.0017885" startTime="2023-12-22T09:39:31.3496060+01:00" endTime="2023-12-22T09:39:31.3515308+01:00" testType="13cdc9d9-ddb5-4fa4-a97d-d965ccfc6d4b" outcome="Passed" testListId="8c84fa94-04c1-424b-9868-57a2d4851a1d" relativeResultsDirectory="10f82fc3-cda3-4dbf-915b-491c299bfb28" />
    <UnitTestResult executionId="53e68864-8be3-4a67-86ae-35d0f789031e" testId="876c309e-bcb3-56f1-e371-740d48449c19" testName="ClientCapabilitiesDto_ShouldYieldSameValues_WhenRoundTripConverted" computerName="DKSR-EFI-04" duration="00:00:00.0031816" startTime="2023-12-22T09:38:29.7074991+01:00" endTime="2023-12-22T09:38:29.7109285+01:00" testType="13cdc9d9-ddb5-4fa4-a97d-d965ccfc6d4b" outcome="Passed" testListId="8c84fa94-04c1-424b-9868-57a2d4851a1d" relativeResultsDirectory="53e68864-8be3-4a67-86ae-35d0f789031e" />
    <UnitTestResult executionId="2311674e-d4ec-41ae-978b-17b971919fa3" testId="dafe6617-7d77-6bca-77a9-2080de8d8ac3" testName="PopulateTooltip_SingleResultsFromManyCameras12Hours_ValidText" computerName="DKSR-EFI-04" duration="00:00:00.0297242" startTime="2023-12-22T09:39:07.2138128+01:00" endTime="2023-12-22T09:39:07.2463672+01:00" testType="13cdc9d9-ddb5-4fa4-a97d-d965ccfc6d4b" outcome="Passed" testListId="8c84fa94-04c1-424b-9868-57a2d4851a1d" relativeResultsDirectory="2311674e-d4ec-41ae-978b-17b971919fa3" />
    <UnitTestResult executionId="6e61007c-1d54-4f6b-beea-1d600693a40d" testId="89928fee-575e-9986-6b1d-9005971a41e3" testName="OpenStreetMapLayerIsDisabled_ShouldReturnTrue_WhenOpenStreetMapGeographicLayerOptionIsNotAvailableAndOpenStreetMapAlternativeServerIsInvalidURl" computerName="DKSR-EFI-04" duration="00:00:00.0135839" startTime="2023-12-22T09:39:26.9838529+01:00" endTime="2023-12-22T09:39:26.9978391+01:00" testType="13cdc9d9-ddb5-4fa4-a97d-d965ccfc6d4b" outcome="Passed" testListId="8c84fa94-04c1-424b-9868-57a2d4851a1d" relativeResultsDirectory="6e61007c-1d54-4f6b-beea-1d600693a40d" />
    <UnitTestResult executionId="cfcefc18-0562-422d-afa0-8695fdc6751a" testId="eabf48e5-196a-32f6-d385-edcb8e627a16" testName="TryGetOsmServerTileAddress_ShouldReturnFalse_WhenOsmServerAddressIsInvalid" computerName="DKSR-EFI-04" duration="00:00:00.0001639" startTime="2023-12-22T09:39:31.3444535+01:00" endTime="2023-12-22T09:39:31.3447491+01:00" testType="13cdc9d9-ddb5-4fa4-a97d-d965ccfc6d4b" outcome="Passed" testListId="8c84fa94-04c1-424b-9868-57a2d4851a1d" relativeResultsDirectory="cfcefc18-0562-422d-afa0-8695fdc6751a" />
    <UnitTestResult executionId="cff2e80e-606f-4fd1-af0a-0207c270b72f" testId="f252f3f1-2ddc-5f57-0a09-9fe0a66fde7a" testName="MergeWith_ClusterItems_ItemAdded" computerName="DKSR-EFI-04" duration="00:00:00.0070512" startTime="2023-12-22T09:39:31.9633721+01:00" endTime="2023-12-22T09:39:31.9705652+01:00" testType="13cdc9d9-ddb5-4fa4-a97d-d965ccfc6d4b" outcome="Passed" testListId="8c84fa94-04c1-424b-9868-57a2d4851a1d" relativeResultsDirectory="cff2e80e-606f-4fd1-af0a-0207c270b72f" />
    <UnitTestResult executionId="0651eda2-dd73-44a6-aa1e-f78b90f29873" testId="8f6cd5c2-e849-6c20-9267-83c3d531958e" testName="Compare_NotNullVsNullDescending_GreaterThan" computerName="DKSR-EFI-04" duration="00:00:00.0001760" startTime="2023-12-22T09:39:14.6597732+01:00" endTime="2023-12-22T09:39:14.6601281+01:00" testType="13cdc9d9-ddb5-4fa4-a97d-d965ccfc6d4b" outcome="Passed" testListId="8c84fa94-04c1-424b-9868-57a2d4851a1d" relativeResultsDirectory="0651eda2-dd73-44a6-aa1e-f78b90f29873" />
    <UnitTestResult executionId="35bda7f0-6400-4090-857d-38a318903d52" testId="921d9e3c-ab04-b579-94ef-518b932d8d46" testName="AddToExportTuples_ShouldAddToExportData (1)" computerName="DKSR-EFI-04" duration="00:00:00.1073044" startTime="2023-12-22T09:39:33.4497147+01:00" endTime="2023-12-22T09:39:33.5571929+01:00" testType="13cdc9d9-ddb5-4fa4-a97d-d965ccfc6d4b" outcome="Passed" testListId="8c84fa94-04c1-424b-9868-57a2d4851a1d" relativeResultsDirectory="35bda7f0-6400-4090-857d-38a318903d52" />
    <UnitTestResult executionId="619b37e3-16f1-40d1-adfd-f32b23332c66" testId="c9e65ace-67e8-aaf0-227a-cc6ee9b8878a" testName="Perform_ActionFastAfterFirst_Delay" computerName="DKSR-EFI-04" duration="00:00:00.0093445" startTime="2023-12-22T09:38:32.2235857+01:00" endTime="2023-12-22T09:38:32.2330763+01:00" testType="13cdc9d9-ddb5-4fa4-a97d-d965ccfc6d4b" outcome="Passed" testListId="8c84fa94-04c1-424b-9868-57a2d4851a1d" relativeResultsDirectory="619b37e3-16f1-40d1-adfd-f32b23332c66" />
    <UnitTestResult executionId="e0604b74-77e1-418b-9227-5e5c4b8f6e28" testId="f2eafc92-05e6-6561-5ea1-9b5fc4ef5a32" testName="ShouldReturnTrueWhenExtentChanged" computerName="DKSR-EFI-04" duration="00:00:00.0010521" startTime="2023-12-22T09:38:38.7924216+01:00" endTime="2023-12-22T09:38:38.7935972+01:00" testType="13cdc9d9-ddb5-4fa4-a97d-d965ccfc6d4b" outcome="Passed" testListId="8c84fa94-04c1-424b-9868-57a2d4851a1d" relativeResultsDirectory="e0604b74-77e1-418b-9227-5e5c4b8f6e28" />
    <UnitTestResult executionId="2731e798-eb59-46ec-88e3-4532b9191fcb" testId="c56f457f-add8-fe75-61ba-d07e5ee3df6d" testName="ValidateExportItems_ShouldReturnFailResult_ViewItemRequired" computerName="DKSR-EFI-04" duration="00:00:00.0038070" startTime="2023-12-22T09:38:40.7504740+01:00" endTime="2023-12-22T09:38:40.7544290+01:00" testType="13cdc9d9-ddb5-4fa4-a97d-d965ccfc6d4b" outcome="Passed" testListId="8c84fa94-04c1-424b-9868-57a2d4851a1d" relativeResultsDirectory="2731e798-eb59-46ec-88e3-4532b9191fcb" />
    <UnitTestResult executionId="1371e68b-9733-4599-bc20-0df0087f5316" testId="3419854c-a58b-26c0-1755-df23f4de0fe4" testName="Ctor_WpfMessageBoxButtonIsSetToOk_OnlyOkButtonVisible" computerName="DKSR-EFI-04" duration="00:00:00.0007395" startTime="2023-12-22T09:39:33.2899440+01:00" endTime="2023-12-22T09:39:33.2908287+01:00" testType="13cdc9d9-ddb5-4fa4-a97d-d965ccfc6d4b" outcome="Passed" testListId="8c84fa94-04c1-424b-9868-57a2d4851a1d" relativeResultsDirectory="1371e68b-9733-4599-bc20-0df0087f5316" />
    <UnitTestResult executionId="3bb36b15-1b77-406a-963f-ffda1516ae4b" testId="2864b3eb-0ab6-4da0-5436-4c6f89cc4874" testName="ToTimeScope_YesterdayInNonDST_Success" computerName="DKSR-EFI-04" duration="00:00:00.0009627" startTime="2023-12-22T09:39:13.9717850+01:00" endTime="2023-12-22T09:39:13.9728924+01:00" testType="13cdc9d9-ddb5-4fa4-a97d-d965ccfc6d4b" outcome="Passed" testListId="8c84fa94-04c1-424b-9868-57a2d4851a1d" relativeResultsDirectory="3bb36b15-1b77-406a-963f-ffda1516ae4b" />
    <UnitTestResult executionId="0ecbf2d8-69a0-476c-9278-e4aec2b2068c" testId="6800db71-c8bd-80f4-55c4-def277b5aa8f" testName="SupportsDoubleClick_ShouldBeTrue_WhenInteractionStateIsNormal" computerName="DKSR-EFI-04" duration="00:00:00.0446291" startTime="2023-12-22T09:38:38.2697225+01:00" endTime="2023-12-22T09:38:38.3168545+01:00" testType="13cdc9d9-ddb5-4fa4-a97d-d965ccfc6d4b" outcome="Passed" testListId="8c84fa94-04c1-424b-9868-57a2d4851a1d" relativeResultsDirectory="0ecbf2d8-69a0-476c-9278-e4aec2b2068c" />
    <UnitTestResult executionId="9a596a4c-25f5-4cce-a12b-ef6b955b4d0a" testId="c964705f-6969-fef5-5dde-bc78d56a598a" testName="ValidateExportName_ShouldReturnFailResult_InvalidCharactersInExportName (1213*)" computerName="DKSR-EFI-04" duration="00:00:00.0023597" startTime="2023-12-22T09:38:40.7467298+01:00" endTime="2023-12-22T09:38:40.7492239+01:00" testType="13cdc9d9-ddb5-4fa4-a97d-d965ccfc6d4b" outcome="Passed" testListId="8c84fa94-04c1-424b-9868-57a2d4851a1d" relativeResultsDirectory="9a596a4c-25f5-4cce-a12b-ef6b955b4d0a" />
    <UnitTestResult executionId="4128480f-2faa-476f-837c-c28cb4d87b3d" testId="fca611f3-84ae-9eb6-8d99-31763ce69bf9" testName="GetWorkspaceToolbarItems_ShouldReturnCorrectToolbarItemAsVisible_WhenWorkspaceIsDifferentForPlugins" computerName="DKSR-EFI-04" duration="00:00:00.0023848" startTime="2023-12-22T09:39:32.6229854+01:00" endTime="2023-12-22T09:39:32.6255193+01:00" testType="13cdc9d9-ddb5-4fa4-a97d-d965ccfc6d4b" outcome="Passed" testListId="8c84fa94-04c1-424b-9868-57a2d4851a1d" relativeResultsDirectory="4128480f-2faa-476f-837c-c28cb4d87b3d" />
    <UnitTestResult executionId="d6f34023-d8a5-4ac4-a6f1-a3ea10ae33d6" testId="17258b23-ff23-da1c-73fb-351e418fb581" testName="BeginTime_ShouldBeSetToValueOfSearchResult" computerName="DKSR-EFI-04" duration="00:00:00.0003519" startTime="2023-12-22T09:39:14.6124784+01:00" endTime="2023-12-22T09:39:14.6129571+01:00" testType="13cdc9d9-ddb5-4fa4-a97d-d965ccfc6d4b" outcome="Passed" testListId="8c84fa94-04c1-424b-9868-57a2d4851a1d" relativeResultsDirectory="d6f34023-d8a5-4ac4-a6f1-a3ea10ae33d6" />
    <UnitTestResult executionId="943a4924-a2c1-4579-956f-03c8dc9a2d27" testId="54a7733a-514e-04cf-6d1f-91eeef43fa83" testName="PtzSessionControllerInfo_TimeChangedTest_Argument_Null_2" computerName="DKSR-EFI-04" duration="00:00:00.0003318" startTime="2023-12-22T09:38:32.1931909+01:00" endTime="2023-12-22T09:38:32.1936702+01:00" testType="13cdc9d9-ddb5-4fa4-a97d-d965ccfc6d4b" outcome="Passed" testListId="8c84fa94-04c1-424b-9868-57a2d4851a1d" relativeResultsDirectory="943a4924-a2c1-4579-956f-03c8dc9a2d27" />
    <UnitTestResult executionId="648ce97f-b9e6-4f6e-983d-8e197979b74b" testId="847f64c7-3f64-8d01-6913-77b9ebb56919" testName="Convert_ShouldReturnTrue_WhenParameterArrayContainsValue" computerName="DKSR-EFI-04" duration="00:00:00.0008140" startTime="2023-12-22T09:38:33.3478085+01:00" endTime="2023-12-22T09:38:33.3487477+01:00" testType="13cdc9d9-ddb5-4fa4-a97d-d965ccfc6d4b" outcome="Passed" testListId="8c84fa94-04c1-424b-9868-57a2d4851a1d" relativeResultsDirectory="648ce97f-b9e6-4f6e-983d-8e197979b74b" />
    <UnitTestResult executionId="c88e7102-921d-4f2a-84ed-9d2f5e27b163" testId="47672882-b255-5356-2127-17a9bbfd997e" testName="Convert_OneCamerasSelectionAndZeroSearchDefinitions_Visible" computerName="DKSR-EFI-04" duration="00:00:00.0001471" startTime="2023-12-22T09:38:59.0569001+01:00" endTime="2023-12-22T09:38:59.0571736+01:00" testType="13cdc9d9-ddb5-4fa4-a97d-d965ccfc6d4b" outcome="Passed" testListId="8c84fa94-04c1-424b-9868-57a2d4851a1d" relativeResultsDirectory="c88e7102-921d-4f2a-84ed-9d2f5e27b163" />
    <UnitTestResult executionId="386e1100-b98c-4bdf-a2d1-d4393086c1e7" testId="0aa70671-374f-7770-8a94-a9ce6a48572f" testName="OnIsVisiblePropertyChanged_ShouldActivateSoundOfAllUnmutedMicrophones_WhenShowingMicrophonesLayer" computerName="DKSR-EFI-04" duration="00:00:00.0130047" startTime="2023-12-22T09:39:29.2479248+01:00" endTime="2023-12-22T09:39:29.2633246+01:00" testType="13cdc9d9-ddb5-4fa4-a97d-d965ccfc6d4b" outcome="Passed" testListId="8c84fa94-04c1-424b-9868-57a2d4851a1d" relativeResultsDirectory="386e1100-b98c-4bdf-a2d1-d4393086c1e7" />
    <UnitTestResult executionId="299757e7-b5b5-4efc-a1be-d9c53f5efef2" testId="cefd37a3-357f-d082-971e-590f86c9275f" testName="DomainAndUserName_ShouldThrow_InvalidOperationException_WhenConstructedUsingExternal" computerName="DKSR-EFI-04" duration="00:00:00.0005884" startTime="2023-12-22T09:38:32.3625212+01:00" endTime="2023-12-22T09:38:32.3632673+01:00" testType="13cdc9d9-ddb5-4fa4-a97d-d965ccfc6d4b" outcome="Passed" testListId="8c84fa94-04c1-424b-9868-57a2d4851a1d" relativeResultsDirectory="299757e7-b5b5-4efc-a1be-d9c53f5efef2" />
    <UnitTestResult executionId="18f7c7e4-aa8b-47d5-9bdc-86dd592ed46a" testId="51eb78b3-47f8-22f8-16bb-8f1455db269f" testName="TestConstructor_Success" computerName="DKSR-EFI-04" duration="00:00:00.0072137" startTime="2023-12-22T09:39:30.9425102+01:00" endTime="2023-12-22T09:39:30.9500991+01:00" testType="13cdc9d9-ddb5-4fa4-a97d-d965ccfc6d4b" outcome="Passed" testListId="8c84fa94-04c1-424b-9868-57a2d4851a1d" relativeResultsDirectory="18f7c7e4-aa8b-47d5-9bdc-86dd592ed46a" />
    <UnitTestResult executionId="575e89f8-b2c9-4fb7-a057-b8db3ff6155f" testId="f56fd28f-91dc-8b5a-3f0d-995472c1fd21" testName="Constructor_ShouldRaiseArgumentNullException_WhenLayersIsNull" computerName="DKSR-EFI-04" duration="00:00:00.0044872" startTime="2023-12-22T09:39:31.2757025+01:00" endTime="2023-12-22T09:39:31.2804497+01:00" testType="13cdc9d9-ddb5-4fa4-a97d-d965ccfc6d4b" outcome="Passed" testListId="8c84fa94-04c1-424b-9868-57a2d4851a1d" relativeResultsDirectory="575e89f8-b2c9-4fb7-a057-b8db3ff6155f" />
    <UnitTestResult executionId="50975a07-ffae-4d6e-8058-305896a8ab70" testId="671ee35e-217f-e976-440a-afae3aff818a" testName="PerformAction_ExceptionHandled" computerName="DKSR-EFI-04" duration="00:00:00.0014857" startTime="2023-12-22T09:38:38.6720617+01:00" endTime="2023-12-22T09:38:38.6736748+01:00" testType="13cdc9d9-ddb5-4fa4-a97d-d965ccfc6d4b" outcome="Passed" testListId="8c84fa94-04c1-424b-9868-57a2d4851a1d" relativeResultsDirectory="50975a07-ffae-4d6e-8058-305896a8ab70" />
    <UnitTestResult executionId="5adf5d1b-15ce-477c-a110-22f6d23e8616" testId="44e92960-87da-bcfa-c839-b0dd09a9d8ba" testName="SearchFilterCategoryGet_OneSearchAgent_FiltersMatch" computerName="DKSR-EFI-04" duration="00:00:00.0285308" startTime="2023-12-22T09:39:25.4174045+01:00" endTime="2023-12-22T09:39:25.4461122+01:00" testType="13cdc9d9-ddb5-4fa4-a97d-d965ccfc6d4b" outcome="Passed" testListId="8c84fa94-04c1-424b-9868-57a2d4851a1d" relativeResultsDirectory="5adf5d1b-15ce-477c-a110-22f6d23e8616" />
    <UnitTestResult executionId="18005a79-7bef-40fb-a31f-41207b6c0a35" testId="3013af1b-1881-534b-ca91-63b1a27651d6" testName="SearchCriteria_AddAndRemoveFilterValues_SearchAttributesCorrect" computerName="DKSR-EFI-04" duration="00:00:00.0187087" startTime="2023-12-22T09:39:10.3300818+01:00" endTime="2023-12-22T09:39:10.3489257+01:00" testType="13cdc9d9-ddb5-4fa4-a97d-d965ccfc6d4b" outcome="Passed" testListId="8c84fa94-04c1-424b-9868-57a2d4851a1d" relativeResultsDirectory="18005a79-7bef-40fb-a31f-41207b6c0a35" />
    <UnitTestResult executionId="8d4c9126-2a74-4ca5-9dbd-c97b4a1555a2" testId="28ffae2f-901e-9d67-b616-b08f110fa5e0" testName="AddToExportDevices_ShouldAddToExportData (1)" computerName="DKSR-EFI-04" duration="00:00:00.0015485" startTime="2023-12-22T09:39:33.6458484+01:00" endTime="2023-12-22T09:39:33.6475684+01:00" testType="13cdc9d9-ddb5-4fa4-a97d-d965ccfc6d4b" outcome="Passed" testListId="8c84fa94-04c1-424b-9868-57a2d4851a1d" relativeResultsDirectory="8d4c9126-2a74-4ca5-9dbd-c97b4a1555a2" />
    <UnitTestResult executionId="b34ca47c-e19e-4024-b7ef-c99a2a1adb96" testId="885a9095-1f49-3411-918f-5cf4108e4b7b" testName="Enable_WhenInvoked_ThenAlarmEnableAndSubscribers" computerName="DKSR-EFI-04" duration="00:00:00.0032510" startTime="2023-12-22T09:39:29.0944826+01:00" endTime="2023-12-22T09:39:29.0979740+01:00" testType="13cdc9d9-ddb5-4fa4-a97d-d965ccfc6d4b" outcome="Passed" testListId="8c84fa94-04c1-424b-9868-57a2d4851a1d" relativeResultsDirectory="b34ca47c-e19e-4024-b7ef-c99a2a1adb96" />
    <UnitTestResult executionId="693369f8-65ef-47b8-9159-5bb585740747" testId="400c5eaf-48ad-3c64-9e1d-3969836d1b6d" testName="SupportsDoubleClick_ShouldBeTrue_WhenInteractionStateIsNormal" computerName="DKSR-EFI-04" duration="00:00:00.0367922" startTime="2023-12-22T09:38:37.3886929+01:00" endTime="2023-12-22T09:38:37.4282543+01:00" testType="13cdc9d9-ddb5-4fa4-a97d-d965ccfc6d4b" outcome="Passed" testListId="8c84fa94-04c1-424b-9868-57a2d4851a1d" relativeResultsDirectory="693369f8-65ef-47b8-9159-5bb585740747" />
    <UnitTestResult executionId="7815c3b6-7f15-4dcc-b893-0435de755ac8" testId="568e27a2-2d92-2560-0d4d-7360cf22e5e8" testName="GetItemsIn_BuildingNoLevels_Returns2Items" computerName="DKSR-EFI-04" duration="00:00:00.0396080" startTime="2023-12-22T09:39:31.5573630+01:00" endTime="2023-12-22T09:39:31.5971637+01:00" testType="13cdc9d9-ddb5-4fa4-a97d-d965ccfc6d4b" outcome="Passed" testListId="8c84fa94-04c1-424b-9868-57a2d4851a1d" relativeResultsDirectory="7815c3b6-7f15-4dcc-b893-0435de755ac8" />
    <UnitTestResult executionId="b0fdf36d-129b-417f-a111-a9ba6daefe4f" testId="ddbacd2a-c40a-102c-db67-c9bb149b6b99" testName="PtzSessionControllerInfo_ReservedChangedTest_Different_CameraId" computerName="DKSR-EFI-04" duration="00:00:00.0001862" startTime="2023-12-22T09:38:32.2016409+01:00" endTime="2023-12-22T09:38:32.2019319+01:00" testType="13cdc9d9-ddb5-4fa4-a97d-d965ccfc6d4b" outcome="Passed" testListId="8c84fa94-04c1-424b-9868-57a2d4851a1d" relativeResultsDirectory="b0fdf36d-129b-417f-a111-a9ba6daefe4f" />
    <UnitTestResult executionId="b33af742-043c-46ae-8358-9fef345ed8fe" testId="8baf1177-ddd8-e709-9da7-68dded36199a" testName="IconTooltip_ShouldBeValid_WhenInteractionStateIsAddOutput" computerName="DKSR-EFI-04" duration="00:00:00.0002201" startTime="2023-12-22T09:38:34.9196451+01:00" endTime="2023-12-22T09:38:34.9199933+01:00" testType="13cdc9d9-ddb5-4fa4-a97d-d965ccfc6d4b" outcome="Passed" testListId="8c84fa94-04c1-424b-9868-57a2d4851a1d" relativeResultsDirectory="b33af742-043c-46ae-8358-9fef345ed8fe" />
    <UnitTestResult executionId="48be13f8-6fd4-4543-8602-80237acd8938" testId="f64b2eb0-431a-6fbc-c692-f413cacfb737" testName="GetSLC_ShouldReturnEmptyString_WhenLicenseIsNull" computerName="DKSR-EFI-04" duration="00:00:00.0004118" startTime="2023-12-22T09:39:38.4957866+01:00" endTime="2023-12-22T09:39:38.4963334+01:00" testType="13cdc9d9-ddb5-4fa4-a97d-d965ccfc6d4b" outcome="Passed" testListId="8c84fa94-04c1-424b-9868-57a2d4851a1d" relativeResultsDirectory="48be13f8-6fd4-4543-8602-80237acd8938" />
    <UnitTestResult executionId="8af5c8ec-077d-490b-8e5a-bb6818116c4b" testId="4c20bf32-144e-f991-5a67-7f381a38b0ef" testName="Search_SingleCategory_FiltersUpdatedInSubDefinition" computerName="DKSR-EFI-04" duration="00:00:00.0044122" startTime="2023-12-22T09:39:25.5217999+01:00" endTime="2023-12-22T09:39:25.5263980+01:00" testType="13cdc9d9-ddb5-4fa4-a97d-d965ccfc6d4b" outcome="Passed" testListId="8c84fa94-04c1-424b-9868-57a2d4851a1d" relativeResultsDirectory="8af5c8ec-077d-490b-8e5a-bb6818116c4b" />
    <UnitTestResult executionId="5408ba92-73ca-4567-b5d6-c131f91bc7fa" testId="704f12b7-2603-a060-9466-3d44ec217344" testName="Keywords_Built" computerName="DKSR-EFI-04" duration="00:00:00.1311747" startTime="2023-12-22T09:39:38.6383038+01:00" endTime="2023-12-22T09:39:38.7741233+01:00" testType="13cdc9d9-ddb5-4fa4-a97d-d965ccfc6d4b" outcome="Passed" testListId="8c84fa94-04c1-424b-9868-57a2d4851a1d" relativeResultsDirectory="5408ba92-73ca-4567-b5d6-c131f91bc7fa" />
    <UnitTestResult executionId="dded5a98-deb1-4801-b4d4-8b0bb371bdad" testId="a62f73f0-335e-a678-1617-1f76a60aab0f" testName="TestConstructor_NormalParameters_Success" computerName="DKSR-EFI-04" duration="00:00:00.0004453" startTime="2023-12-22T09:38:30.5334391+01:00" endTime="2023-12-22T09:38:30.5340066+01:00" testType="13cdc9d9-ddb5-4fa4-a97d-d965ccfc6d4b" outcome="Passed" testListId="8c84fa94-04c1-424b-9868-57a2d4851a1d" relativeResultsDirectory="dded5a98-deb1-4801-b4d4-8b0bb371bdad" />
    <UnitTestResult executionId="14a1bd0a-d168-40e8-af1e-d46f3fd0c2df" testId="2fac8697-42a0-e62c-c584-1a27c1834f8e" testName="SaveAsNewSearchTemplateAsync_Fails_Success" computerName="DKSR-EFI-04" duration="00:00:00.0026775" startTime="2023-12-22T09:39:13.9132933+01:00" endTime="2023-12-22T09:39:13.9161109+01:00" testType="13cdc9d9-ddb5-4fa4-a97d-d965ccfc6d4b" outcome="Passed" testListId="8c84fa94-04c1-424b-9868-57a2d4851a1d" relativeResultsDirectory="14a1bd0a-d168-40e8-af1e-d46f3fd0c2df" />
    <UnitTestResult executionId="b2ee75be-1130-42c2-b73a-32e72f3fe1ff" testId="cad8e770-6b34-3ed1-d5b9-aff90025f291" testName="Ctor_NullPassedToNotNullParameters_Failure" computerName="DKSR-EFI-04" duration="00:00:00.0613555" startTime="2023-12-22T09:39:10.3694468+01:00" endTime="2023-12-22T09:39:10.4316136+01:00" testType="13cdc9d9-ddb5-4fa4-a97d-d965ccfc6d4b" outcome="Passed" testListId="8c84fa94-04c1-424b-9868-57a2d4851a1d" relativeResultsDirectory="b2ee75be-1130-42c2-b73a-32e72f3fe1ff" />
    <UnitTestResult executionId="0fe68c41-691d-469b-ab1b-d6ed12c6fe55" testId="785adfea-b9ff-19b0-fdb3-0e5d5ad68924" testName="TryGetEventServerIdByACSystemId_ShouldReturnAnEmptyGuid_WhenEventServerIdIsNotPartOfServerConfiguredAccessControlSystemsDictionary" computerName="DKSR-EFI-04" duration="00:00:00.0003584" startTime="2023-12-22T09:39:39.5148155+01:00" endTime="2023-12-22T09:39:39.5153158+01:00" testType="13cdc9d9-ddb5-4fa4-a97d-d965ccfc6d4b" outcome="Passed" testListId="8c84fa94-04c1-424b-9868-57a2d4851a1d" relativeResultsDirectory="0fe68c41-691d-469b-ab1b-d6ed12c6fe55" />
    <UnitTestResult executionId="4f7ef024-52c0-4dc3-b269-d9fcaa770e2d" testId="e6354ff1-9ff3-d19c-6313-930a0e558467" testName="ResolveGenericResultProperties_ShouldAppendNumberOnDuplicateTitles_WhenGivenCombinedSearchResultsWithDuplicateTitles" computerName="DKSR-EFI-04" duration="00:00:00.0018874" startTime="2023-12-22T09:39:13.8791455+01:00" endTime="2023-12-22T09:39:13.8811983+01:00" testType="13cdc9d9-ddb5-4fa4-a97d-d965ccfc6d4b" outcome="Passed" testListId="8c84fa94-04c1-424b-9868-57a2d4851a1d" relativeResultsDirectory="4f7ef024-52c0-4dc3-b269-d9fcaa770e2d" />
    <UnitTestResult executionId="8abbd152-252d-451b-9b4b-f53704ffca1f" testId="3457bd27-1f00-b005-3af0-cc532182e652" testName="SearchFilterCategoryGet_TwoSearchAgents_AllFiltersAdded" computerName="DKSR-EFI-04" duration="00:00:00.0020074" startTime="2023-12-22T09:39:25.4466294+01:00" endTime="2023-12-22T09:39:25.4488025+01:00" testType="13cdc9d9-ddb5-4fa4-a97d-d965ccfc6d4b" outcome="Passed" testListId="8c84fa94-04c1-424b-9868-57a2d4851a1d" relativeResultsDirectory="8abbd152-252d-451b-9b4b-f53704ffca1f" />
    <UnitTestResult executionId="0213fd32-7972-4476-a7af-c880712d6ab6" testId="6f750899-6999-d05b-77b7-f266affebcca" testName="Deserialize_FilterMissing_Error" computerName="DKSR-EFI-04" duration="00:00:00.0015151" startTime="2023-12-22T09:39:14.7134314+01:00" endTime="2023-12-22T09:39:14.7150883+01:00" testType="13cdc9d9-ddb5-4fa4-a97d-d965ccfc6d4b" outcome="Passed" testListId="8c84fa94-04c1-424b-9868-57a2d4851a1d" relativeResultsDirectory="0213fd32-7972-4476-a7af-c880712d6ab6" />
    <UnitTestResult executionId="862f81b1-e8b9-4a97-a1fd-ee2fb901a4fa" testId="0181f0b9-73fd-f503-b29b-b3c042d24b5b" testName="SaveSearchTemplateAsync_ActiveAndSaveSucceeds_Success" computerName="DKSR-EFI-04" duration="00:00:00.0045431" startTime="2023-12-22T09:39:13.8986163+01:00" endTime="2023-12-22T09:39:13.9033037+01:00" testType="13cdc9d9-ddb5-4fa4-a97d-d965ccfc6d4b" outcome="Passed" testListId="8c84fa94-04c1-424b-9868-57a2d4851a1d" relativeResultsDirectory="862f81b1-e8b9-4a97-a1fd-ee2fb901a4fa" />
    <UnitTestResult executionId="333b74f0-5bda-45fe-866d-ab9ff7858eda" testId="f212a945-9645-4128-b861-6596693a6fad" testName="Decorate_ShouldAddChildren_WhenThereIsCameraLayerAndViewZoneLayer" computerName="DKSR-EFI-04" duration="00:00:00.0015177" startTime="2023-12-22T09:38:34.8961103+01:00" endTime="2023-12-22T09:38:34.8977559+01:00" testType="13cdc9d9-ddb5-4fa4-a97d-d965ccfc6d4b" outcome="Passed" testListId="8c84fa94-04c1-424b-9868-57a2d4851a1d" relativeResultsDirectory="333b74f0-5bda-45fe-866d-ab9ff7858eda" />
    <UnitTestResult executionId="c14ed8a1-12d5-4719-9d0a-b400c5fef12e" testId="dc2a73b2-537f-23c2-17dd-b62bfff2142a" testName="RemoveDefinition_NullDefinition_Throws" computerName="DKSR-EFI-04" duration="00:00:00.0033453" startTime="2023-12-22T09:39:14.2878291+01:00" endTime="2023-12-22T09:39:14.2914465+01:00" testType="13cdc9d9-ddb5-4fa4-a97d-d965ccfc6d4b" outcome="Passed" testListId="8c84fa94-04c1-424b-9868-57a2d4851a1d" relativeResultsDirectory="c14ed8a1-12d5-4719-9d0a-b400c5fef12e" />
    <UnitTestResult executionId="3050ae97-dfe7-4566-a2bf-d832fb797b38" testId="102f1558-5f20-a6d5-8bb1-2bdfa2e7b50e" testName="RemoveDefinition_ExistingDefinitionWithSearchResult_SearchResultsCleared" computerName="DKSR-EFI-04" duration="00:00:00.0090492" startTime="2023-12-22T09:39:14.2977803+01:00" endTime="2023-12-22T09:39:14.3070240+01:00" testType="13cdc9d9-ddb5-4fa4-a97d-d965ccfc6d4b" outcome="Passed" testListId="8c84fa94-04c1-424b-9868-57a2d4851a1d" relativeResultsDirectory="3050ae97-dfe7-4566-a2bf-d832fb797b38" />
    <UnitTestResult executionId="e1fefda7-ebd9-4159-9a75-ec5079cee07c" testId="651e8dde-0b5e-5bed-5256-d6a71b2a59d0" testName="GetLayerFeatures_ShouldReturnCameraLayerFeaturesBasedOnCameraItemsMapLayer_WhenCameraKind" computerName="DKSR-EFI-04" duration="00:00:00.0015713" startTime="2023-12-22T09:39:31.3646752+01:00" endTime="2023-12-22T09:39:31.3663771+01:00" testType="13cdc9d9-ddb5-4fa4-a97d-d965ccfc6d4b" outcome="Passed" testListId="8c84fa94-04c1-424b-9868-57a2d4851a1d" relativeResultsDirectory="e1fefda7-ebd9-4159-9a75-ec5079cee07c" />
    <UnitTestResult executionId="131a4016-a174-4b50-a1bf-b0092ecfcfc6" testId="81fc8aa1-de6a-e087-adfe-af829f91bad7" testName="Deserialize_FromTimeOnly_Success" computerName="DKSR-EFI-04" duration="00:00:00.0007223" startTime="2023-12-22T09:39:14.7183683+01:00" endTime="2023-12-22T09:39:14.7192257+01:00" testType="13cdc9d9-ddb5-4fa4-a97d-d965ccfc6d4b" outcome="Passed" testListId="8c84fa94-04c1-424b-9868-57a2d4851a1d" relativeResultsDirectory="131a4016-a174-4b50-a1bf-b0092ecfcfc6" />
    <UnitTestResult executionId="16d3765f-65a0-4619-9daf-825e8db631de" testId="d15a2abd-55c2-7d70-0462-a973f8ec2ac3" testName="OpenStreetMapLayer_IsGeographic_Save_Success" computerName="DKSR-EFI-04" duration="00:00:00.0079102" startTime="2023-12-22T09:39:26.9230783+01:00" endTime="2023-12-22T09:39:26.9311534+01:00" testType="13cdc9d9-ddb5-4fa4-a97d-d965ccfc6d4b" outcome="Passed" testListId="8c84fa94-04c1-424b-9868-57a2d4851a1d" relativeResultsDirectory="16d3765f-65a0-4619-9daf-825e8db631de" />
    <UnitTestResult executionId="8dc1be9b-b2fe-4333-addc-f66bef3887a9" testId="91b2687b-d336-be96-6484-dd3e01d48bcc" testName="TwentyFourHours_Success" computerName="DKSR-EFI-04" duration="00:00:00.0002004" startTime="2023-12-22T09:39:13.9583413+01:00" endTime="2023-12-22T09:39:13.9587147+01:00" testType="13cdc9d9-ddb5-4fa4-a97d-d965ccfc6d4b" outcome="Passed" testListId="8c84fa94-04c1-424b-9868-57a2d4851a1d" relativeResultsDirectory="8dc1be9b-b2fe-4333-addc-f66bef3887a9" />
    <UnitTestResult executionId="84f12bcd-28ac-47d1-9719-01a7cf78b904" testId="958a4635-0d5e-dda4-f61e-9578d9aa3b40" testName="GetLayerVisibilityItemsData_ShouldAddThreeFixedLayersInOrder_WhenThreeNonRelatedMapLayersAreProvided" computerName="DKSR-EFI-04" duration="00:00:00.0790685" startTime="2023-12-22T09:38:34.7405818+01:00" endTime="2023-12-22T09:38:34.8198447+01:00" testType="13cdc9d9-ddb5-4fa4-a97d-d965ccfc6d4b" outcome="Passed" testListId="8c84fa94-04c1-424b-9868-57a2d4851a1d" relativeResultsDirectory="84f12bcd-28ac-47d1-9719-01a7cf78b904" />
    <UnitTestResult executionId="53765e5f-59bb-481e-81f5-56c7337a33a0" testId="343adaa4-a6b4-4217-fe91-ea0e91bd35db" testName="Everything_Is_Disabled_When_Both_Create_And_Update_Rights_Missing" computerName="DKSR-EFI-04" duration="00:00:00.0021827" startTime="2023-12-22T09:39:39.4441730+01:00" endTime="2023-12-22T09:39:39.4464873+01:00" testType="13cdc9d9-ddb5-4fa4-a97d-d965ccfc6d4b" outcome="Passed" testListId="8c84fa94-04c1-424b-9868-57a2d4851a1d" relativeResultsDirectory="53765e5f-59bb-481e-81f5-56c7337a33a0" />
    <UnitTestResult executionId="be496ce8-81ba-4cfc-a53c-2e56a0670af0" testId="276b5f57-b83c-bd25-6650-6ee4475653b5" testName="Optics enabled, forced" computerName="DKSR-EFI-04" duration="00:00:00.0004738" startTime="2023-12-22T09:38:40.2251319+01:00" endTime="2023-12-22T09:38:40.2258768+01:00" testType="13cdc9d9-ddb5-4fa4-a97d-d965ccfc6d4b" outcome="Passed" testListId="8c84fa94-04c1-424b-9868-57a2d4851a1d" relativeResultsDirectory="be496ce8-81ba-4cfc-a53c-2e56a0670af0" />
    <UnitTestResult executionId="8affd19a-619d-45c8-be45-d7ee345b9325" testId="4b3691e7-07b6-0fb9-2d54-63140b399b3d" testName="PerformAction_Success" computerName="DKSR-EFI-04" duration="00:00:00.0022928" startTime="2023-12-22T09:38:38.6692299+01:00" endTime="2023-12-22T09:38:38.6716492+01:00" testType="13cdc9d9-ddb5-4fa4-a97d-d965ccfc6d4b" outcome="Passed" testListId="8c84fa94-04c1-424b-9868-57a2d4851a1d" relativeResultsDirectory="8affd19a-619d-45c8-be45-d7ee345b9325" />
    <UnitTestResult executionId="6ebb0c2d-bb5b-4868-b61d-d07f26aeb4b3" testId="e55520ca-13b9-16e0-7c91-282920a34b8a" testName="IsBasicUser_ShouldReturnTrue_WhenConstructedUsingWindowsDefault" computerName="DKSR-EFI-04" duration="00:00:00.0001337" startTime="2023-12-22T09:38:32.3402658+01:00" endTime="2023-12-22T09:38:32.3405083+01:00" testType="13cdc9d9-ddb5-4fa4-a97d-d965ccfc6d4b" outcome="Passed" testListId="8c84fa94-04c1-424b-9868-57a2d4851a1d" relativeResultsDirectory="6ebb0c2d-bb5b-4868-b61d-d07f26aeb4b3" />
    <UnitTestResult executionId="5decce6a-6af3-4916-8e35-74522954f9e4" testId="c0259e91-f91b-42ff-6977-459d0c7782fd" testName="EditCriteriaCommand_InEditSearchDefinition_Set" computerName="DKSR-EFI-04" duration="00:00:00.0058679" startTime="2023-12-22T09:39:12.8808372+01:00" endTime="2023-12-22T09:39:12.8868686+01:00" testType="13cdc9d9-ddb5-4fa4-a97d-d965ccfc6d4b" outcome="Passed" testListId="8c84fa94-04c1-424b-9868-57a2d4851a1d" relativeResultsDirectory="5decce6a-6af3-4916-8e35-74522954f9e4" />
    <UnitTestResult executionId="f7ce4840-8c9d-4c90-91c6-70404a6021b4" testId="03362dc6-019e-7120-2944-4e9a1bc66b6d" testName="LoadBoundingShapes_PolygonShape_AddedToUI" computerName="DKSR-EFI-04" duration="00:00:00.0173145" startTime="2023-12-22T09:39:25.9875966+01:00" endTime="2023-12-22T09:39:26.0080090+01:00" testType="13cdc9d9-ddb5-4fa4-a97d-d965ccfc6d4b" outcome="Passed" testListId="8c84fa94-04c1-424b-9868-57a2d4851a1d" relativeResultsDirectory="f7ce4840-8c9d-4c90-91c6-70404a6021b4" />
    <UnitTestResult executionId="f5796e4e-b0e1-4962-bcae-8d55cddc85a9" testId="8655e08e-93f9-ea96-e1a5-f913a90803b9" testName="GetGisMapLayerFlyoutName_ShouldReturnOpenStreetMap_WhenGeographicLayerIsUnavailableAndAlternativeServerIsNotEmpty" computerName="DKSR-EFI-04" duration="00:00:00.0005632" startTime="2023-12-22T09:39:31.3214665+01:00" endTime="2023-12-22T09:39:31.3221630+01:00" testType="13cdc9d9-ddb5-4fa4-a97d-d965ccfc6d4b" outcome="Passed" testListId="8c84fa94-04c1-424b-9868-57a2d4851a1d" relativeResultsDirectory="f5796e4e-b0e1-4962-bcae-8d55cddc85a9" />
    <UnitTestResult executionId="c9b37ec0-89a4-4e04-9412-48e4db519caa" testId="6a53a4fc-af98-30a6-3b55-6aeeac9be0be" testName="SaveStateTo_OrderResultsBy_Success" computerName="DKSR-EFI-04" duration="00:00:00.0051415" startTime="2023-12-22T09:39:11.5428319+01:00" endTime="2023-12-22T09:39:11.5481112+01:00" testType="13cdc9d9-ddb5-4fa4-a97d-d965ccfc6d4b" outcome="Passed" testListId="8c84fa94-04c1-424b-9868-57a2d4851a1d" relativeResultsDirectory="c9b37ec0-89a4-4e04-9412-48e4db519caa" />
    <UnitTestResult executionId="8e4b5582-cf56-4b71-8ce0-3b5a8c146769" testId="2b33b0ae-9699-070c-729a-42132d028501" testName="GetLayerFeatures_ShouldReturnOutputLayerFeatures_WhenOutputKind" computerName="DKSR-EFI-04" duration="00:00:00.0019389" startTime="2023-12-22T09:39:31.3583353+01:00" endTime="2023-12-22T09:39:31.3604058+01:00" testType="13cdc9d9-ddb5-4fa4-a97d-d965ccfc6d4b" outcome="Passed" testListId="8c84fa94-04c1-424b-9868-57a2d4851a1d" relativeResultsDirectory="8e4b5582-cf56-4b71-8ce0-3b5a8c146769" />
    <UnitTestResult executionId="d4974ed4-8209-461d-a398-e64a752e022a" testId="9245a3fe-e6e8-4a14-f7b3-94227339454e" testName="IconValueConverter_ConvertInvalidIconSourceFallback_Success" computerName="DKSR-EFI-04" duration="00:00:00.0079468" startTime="2023-12-22T09:38:59.0312457+01:00" endTime="2023-12-22T09:38:59.0393397+01:00" testType="13cdc9d9-ddb5-4fa4-a97d-d965ccfc6d4b" outcome="Passed" testListId="8c84fa94-04c1-424b-9868-57a2d4851a1d" relativeResultsDirectory="d4974ed4-8209-461d-a398-e64a752e022a" />
    <UnitTestResult executionId="4877a92f-6182-41f0-b3ca-c9967589221d" testId="8ccd7a8f-ef67-0ae3-b153-d3f9ffe8fcc3" testName="SmartMapGoToAreaHandler_WhenDataIsValid_ShouldCallNavigateTo" computerName="DKSR-EFI-04" duration="00:00:00.0026855" startTime="2023-12-22T09:38:38.6489893+01:00" endTime="2023-12-22T09:38:38.6518021+01:00" testType="13cdc9d9-ddb5-4fa4-a97d-d965ccfc6d4b" outcome="Passed" testListId="8c84fa94-04c1-424b-9868-57a2d4851a1d" relativeResultsDirectory="4877a92f-6182-41f0-b3ca-c9967589221d" />
    <UnitTestResult executionId="5ed66510-bb4a-458c-b570-e92beabbd4d4" testId="782e99d7-36f7-67c7-e68d-cb6d91a4a048" testName="Convert_ShouldReturnTextBlock_WhenValueIsString" computerName="DKSR-EFI-04" duration="00:00:00.0005782" startTime="2023-12-22T09:38:32.4273068+01:00" endTime="2023-12-22T09:38:32.4300138+01:00" testType="13cdc9d9-ddb5-4fa4-a97d-d965ccfc6d4b" outcome="Passed" testListId="8c84fa94-04c1-424b-9868-57a2d4851a1d" relativeResultsDirectory="5ed66510-bb4a-458c-b570-e92beabbd4d4" />
    <UnitTestResult executionId="e26d50fb-f257-4843-93ae-6ad5a8f4a094" testId="272037c0-f590-39e8-9884-c04de913150c" testName="NavigateAndSelectAsync_NotCameraKind_ReturnsFalse" computerName="DKSR-EFI-04" duration="00:00:00.0105275" startTime="2023-12-22T09:38:38.9826547+01:00" endTime="2023-12-22T09:38:38.9956776+01:00" testType="13cdc9d9-ddb5-4fa4-a97d-d965ccfc6d4b" outcome="Passed" testListId="8c84fa94-04c1-424b-9868-57a2d4851a1d" relativeResultsDirectory="e26d50fb-f257-4843-93ae-6ad5a8f4a094" />
    <UnitTestResult executionId="8d40570b-8cad-453b-8934-51d65dffbb8d" testId="4d525835-86fa-0619-e484-37026867a280" testName="OnSearchResultsSelectionChangedByUser_ShouldUpdateSelectedResults_WhenSelectionChangedByUser" computerName="DKSR-EFI-04" duration="00:00:00.0100546" startTime="2023-12-22T09:39:13.1769089+01:00" endTime="2023-12-22T09:39:13.1871217+01:00" testType="13cdc9d9-ddb5-4fa4-a97d-d965ccfc6d4b" outcome="Passed" testListId="8c84fa94-04c1-424b-9868-57a2d4851a1d" relativeResultsDirectory="8d40570b-8cad-453b-8934-51d65dffbb8d" />
    <UnitTestResult executionId="8bf93c82-2014-4c35-9a8a-972598175700" testId="97644baf-75da-2d1d-90ad-632f1839ba1c" testName="Constructor_ShouldThrowException_WhenControllerManagerIsNull" computerName="DKSR-EFI-04" duration="00:00:00.0099118" startTime="2023-12-22T09:39:35.0829137+01:00" endTime="2023-12-22T09:39:35.0931142+01:00" testType="13cdc9d9-ddb5-4fa4-a97d-d965ccfc6d4b" outcome="Passed" testListId="8c84fa94-04c1-424b-9868-57a2d4851a1d" relativeResultsDirectory="8bf93c82-2014-4c35-9a8a-972598175700" />
    <UnitTestResult executionId="171e9e1d-2c96-400b-99ff-e9afe3dcfe6f" testId="370610a6-40ac-68fd-6f42-3e5c99313cb3" testName="IsOAuth_ShouldReturnFalse_WhenConstructedUsingWindowsDefault" computerName="DKSR-EFI-04" duration="00:00:00.0001209" startTime="2023-12-22T09:38:32.3409504+01:00" endTime="2023-12-22T09:38:32.3411773+01:00" testType="13cdc9d9-ddb5-4fa4-a97d-d965ccfc6d4b" outcome="Passed" testListId="8c84fa94-04c1-424b-9868-57a2d4851a1d" relativeResultsDirectory="171e9e1d-2c96-400b-99ff-e9afe3dcfe6f" />
    <UnitTestResult executionId="9fe6e424-6f68-42a0-b37b-632060946953" testId="a2a9cc5c-ea62-0899-d27a-81da48bb47d1" testName="IgnoredFiltersChanged_WarningTextChanges" computerName="DKSR-EFI-04" duration="00:00:00.0171703" startTime="2023-12-22T09:39:10.2562101+01:00" endTime="2023-12-22T09:39:10.2735446+01:00" testType="13cdc9d9-ddb5-4fa4-a97d-d965ccfc6d4b" outcome="Passed" testListId="8c84fa94-04c1-424b-9868-57a2d4851a1d" relativeResultsDirectory="9fe6e424-6f68-42a0-b37b-632060946953" />
    <UnitTestResult executionId="a2f4f38c-2e09-40dc-b698-d87dc3dcc7c4" testId="aeb3ec96-26ad-062b-455a-de324c4a715b" testName="BuildContentOptions_ShouldReturnInternalTab (00000000-0000-0000-0000-000000000000,False)" computerName="DKSR-EFI-04" duration="00:00:00.0012895" startTime="2023-12-22T09:39:38.5250690+01:00" endTime="2023-12-22T09:39:38.5265097+01:00" testType="13cdc9d9-ddb5-4fa4-a97d-d965ccfc6d4b" outcome="Passed" testListId="8c84fa94-04c1-424b-9868-57a2d4851a1d" relativeResultsDirectory="a2f4f38c-2e09-40dc-b698-d87dc3dcc7c4" />
    <UnitTestResult executionId="0ea98356-dc66-4827-9c2d-e9317be91436" testId="56ff3fa9-0890-e06e-62f8-d4c54f830dfc" testName="SearchTemplatesEnabled_SaveSearchesServerOptionIsTrue_ReturnsTrue" computerName="DKSR-EFI-04" duration="00:00:00.0062952" startTime="2023-12-22T09:39:13.1479007+01:00" endTime="2023-12-22T09:39:13.1544275+01:00" testType="13cdc9d9-ddb5-4fa4-a97d-d965ccfc6d4b" outcome="Passed" testListId="8c84fa94-04c1-424b-9868-57a2d4851a1d" relativeResultsDirectory="0ea98356-dc66-4827-9c2d-e9317be91436" />
    <UnitTestResult executionId="5d5c8098-cc56-4a02-aa39-d1c0e522a9eb" testId="28d25576-55a8-249b-51e4-77a3368a8672" testName="AddToExportTuples_ShouldReturnCorrectResult (0,0,0)" computerName="DKSR-EFI-04" duration="00:00:00.0017502" startTime="2023-12-22T09:39:33.5636553+01:00" endTime="2023-12-22T09:39:33.5656070+01:00" testType="13cdc9d9-ddb5-4fa4-a97d-d965ccfc6d4b" outcome="Passed" testListId="8c84fa94-04c1-424b-9868-57a2d4851a1d" relativeResultsDirectory="5d5c8098-cc56-4a02-aa39-d1c0e522a9eb" />
    <UnitTestResult executionId="ea0f724b-95c9-4908-8cca-f4da80586df8" testId="1e94fe66-ebdd-242f-d52f-6bae60dddc8c" testName="ChangeSorting_WithFocusItem_Success" computerName="DKSR-EFI-04" duration="00:00:00.0170521" startTime="2023-12-22T09:39:13.0997859+01:00" endTime="2023-12-22T09:39:13.1170394+01:00" testType="13cdc9d9-ddb5-4fa4-a97d-d965ccfc6d4b" outcome="Passed" testListId="8c84fa94-04c1-424b-9868-57a2d4851a1d" relativeResultsDirectory="ea0f724b-95c9-4908-8cca-f4da80586df8" />
    <UnitTestResult executionId="035a7767-9d12-4d58-b5c2-3c188c4bd186" testId="3e265c80-d18d-ffa2-733c-86a2e1bcbc61" testName="SearchResultsActionBarActions_MipActionSupportsSelectedSearchResult_ActionEnabled" computerName="DKSR-EFI-04" duration="00:00:00.0073275" startTime="2023-12-22T09:39:10.7184504+01:00" endTime="2023-12-22T09:39:10.7259543+01:00" testType="13cdc9d9-ddb5-4fa4-a97d-d965ccfc6d4b" outcome="Passed" testListId="8c84fa94-04c1-424b-9868-57a2d4851a1d" relativeResultsDirectory="035a7767-9d12-4d58-b5c2-3c188c4bd186" />
    <UnitTestResult executionId="2d4ddf00-6722-435c-8057-8eea47bd1d51" testId="8304cf81-7f4f-297c-5609-3851440a85fa" testName="Compare_NullVsNotNull_GreaterThan" computerName="DKSR-EFI-04" duration="00:00:00.0002319" startTime="2023-12-22T09:39:14.6201747+01:00" endTime="2023-12-22T09:39:14.6205933+01:00" testType="13cdc9d9-ddb5-4fa4-a97d-d965ccfc6d4b" outcome="Passed" testListId="8c84fa94-04c1-424b-9868-57a2d4851a1d" relativeResultsDirectory="2d4ddf00-6722-435c-8057-8eea47bd1d51" />
    <UnitTestResult executionId="66c7d59d-912c-41ec-abad-109f5679385a" testId="1ce67353-df26-d1bd-d2aa-05733d1ac693" testName="PointMapItem_Load_Input_Success" computerName="DKSR-EFI-04" duration="00:00:00.0240662" startTime="2023-12-22T09:39:30.4457281+01:00" endTime="2023-12-22T09:39:30.4701022+01:00" testType="13cdc9d9-ddb5-4fa4-a97d-d965ccfc6d4b" outcome="Passed" testListId="8c84fa94-04c1-424b-9868-57a2d4851a1d" relativeResultsDirectory="66c7d59d-912c-41ec-abad-109f5679385a" />
    <UnitTestResult executionId="15b229ca-18c4-4b47-8f9d-8f821e0bb2be" testId="53bc71ef-c08f-8372-fdf8-0535984f2d5b" testName="ToDenormalizedFieldOfView_0_5" computerName="DKSR-EFI-04" duration="00:00:00.0000842" startTime="2023-12-22T09:39:26.8022012+01:00" endTime="2023-12-22T09:39:26.8024066+01:00" testType="13cdc9d9-ddb5-4fa4-a97d-d965ccfc6d4b" outcome="Passed" testListId="8c84fa94-04c1-424b-9868-57a2d4851a1d" relativeResultsDirectory="15b229ca-18c4-4b47-8f9d-8f821e0bb2be" />
    <UnitTestResult executionId="43ec3b31-2c6d-478e-a298-99ba4c3d18b3" testId="da8fd7da-175b-17d6-2b65-b1622f31efd6" testName="GetCameraTypes_ShouldReturnSingleCameraType" computerName="DKSR-EFI-04" duration="00:00:00.0008321" startTime="2023-12-22T09:39:35.0146370+01:00" endTime="2023-12-22T09:39:35.0156060+01:00" testType="13cdc9d9-ddb5-4fa4-a97d-d965ccfc6d4b" outcome="Passed" testListId="8c84fa94-04c1-424b-9868-57a2d4851a1d" relativeResultsDirectory="43ec3b31-2c6d-478e-a298-99ba4c3d18b3" />
    <UnitTestResult executionId="d5833301-8d2f-4eb9-8b90-eb12f8f504b3" testId="d6e18f4d-928d-faa8-fd00-f4b6e0b7623e" testName="PreprocessorResultsProcessed_ShouldAppendReselectedSearchResults_WhenPreprocessorHasResultsToReselect" computerName="DKSR-EFI-04" duration="00:00:00.0121592" startTime="2023-12-22T09:39:13.1640959+01:00" endTime="2023-12-22T09:39:13.1764210+01:00" testType="13cdc9d9-ddb5-4fa4-a97d-d965ccfc6d4b" outcome="Passed" testListId="8c84fa94-04c1-424b-9868-57a2d4851a1d" relativeResultsDirectory="d5833301-8d2f-4eb9-8b90-eb12f8f504b3" />
    <UnitTestResult executionId="82251749-953b-4c9e-90ae-4105419941d6" testId="c675d4e8-953d-dd95-1e7d-aaf53b345df4" testName="Command_WithZeroResults_PluginInstanceActivatedCalled" computerName="DKSR-EFI-04" duration="00:00:00.0024406" startTime="2023-12-22T09:39:11.4715909+01:00" endTime="2023-12-22T09:39:11.4741707+01:00" testType="13cdc9d9-ddb5-4fa4-a97d-d965ccfc6d4b" outcome="Passed" testListId="8c84fa94-04c1-424b-9868-57a2d4851a1d" relativeResultsDirectory="82251749-953b-4c9e-90ae-4105419941d6" />
    <UnitTestResult executionId="847364f7-068e-4a40-910b-385a4014e135" testId="2a4dd686-62ac-c714-9f30-f0d81a07f831" testName="GetDeviceData_ShouldReturnDeviceData_WhenCameraKindAndExistingCameraId" computerName="DKSR-EFI-04" duration="00:00:00.0267354" startTime="2023-12-22T09:38:39.9091050+01:00" endTime="2023-12-22T09:38:39.9360153+01:00" testType="13cdc9d9-ddb5-4fa4-a97d-d965ccfc6d4b" outcome="Passed" testListId="8c84fa94-04c1-424b-9868-57a2d4851a1d" relativeResultsDirectory="847364f7-068e-4a40-910b-385a4014e135" />
    <UnitTestResult executionId="08c59a19-bc40-498d-b6cc-d91bb49007c4" testId="e722e3a9-2981-c54f-b874-d266f762bbea" testName="TryGetEventServerIdByACSystemId_ShouldReturnProperEventServerId_WhenEventServerIdIsPartOfServerConfiguredAccessControlSystemsDictionary" computerName="DKSR-EFI-04" duration="00:00:00.0004126" startTime="2023-12-22T09:39:39.5128588+01:00" endTime="2023-12-22T09:39:39.5134431+01:00" testType="13cdc9d9-ddb5-4fa4-a97d-d965ccfc6d4b" outcome="Passed" testListId="8c84fa94-04c1-424b-9868-57a2d4851a1d" relativeResultsDirectory="08c59a19-bc40-498d-b6cc-d91bb49007c4" />
    <UnitTestResult executionId="394a21d3-2351-487f-99b1-3bd6a2da3b04" testId="8a331f63-bf32-57ca-e19f-2c5fb3b70109" testName="SupportsDoubleClick_ShouldBeTrue_WhenInteractionStateIsNormalAndInSetupMode" computerName="DKSR-EFI-04" duration="00:00:00.0333190" startTime="2023-12-22T09:38:36.7112467+01:00" endTime="2023-12-22T09:38:36.7472166+01:00" testType="13cdc9d9-ddb5-4fa4-a97d-d965ccfc6d4b" outcome="Passed" testListId="8c84fa94-04c1-424b-9868-57a2d4851a1d" relativeResultsDirectory="394a21d3-2351-487f-99b1-3bd6a2da3b04" />
    <UnitTestResult executionId="6b11bc82-da0a-493e-91e1-10983684a31c" testId="e0e4a25c-da24-71c2-6a4d-30260f82e840" testName="PtzSessionController_Stop_Test" computerName="DKSR-EFI-04" duration="00:00:00.0006616" startTime="2023-12-22T09:38:32.1621664+01:00" endTime="2023-12-22T09:38:32.1629787+01:00" testType="13cdc9d9-ddb5-4fa4-a97d-d965ccfc6d4b" outcome="Passed" testListId="8c84fa94-04c1-424b-9868-57a2d4851a1d" relativeResultsDirectory="6b11bc82-da0a-493e-91e1-10983684a31c" />
    <UnitTestResult executionId="43ca45bb-d538-40fe-8cc4-3cf20d41fcf9" testId="53f5a1ce-14d4-a418-d0ff-8ef725db7d01" testName="Ctor_WpfMessageBoxButtonIsSetToOkCancel_OnlyOkCancelButtonsVisible" computerName="DKSR-EFI-04" duration="00:00:00.0005024" startTime="2023-12-22T09:39:33.2972436+01:00" endTime="2023-12-22T09:39:33.2979034+01:00" testType="13cdc9d9-ddb5-4fa4-a97d-d965ccfc6d4b" outcome="Passed" testListId="8c84fa94-04c1-424b-9868-57a2d4851a1d" relativeResultsDirectory="43ca45bb-d538-40fe-8cc4-3cf20d41fcf9" />
    <UnitTestResult executionId="2c8f9388-f952-4e73-bf7a-f19086ad2ad5" testId="533b05cc-a804-1759-db1f-d456efa129c0" testName="GetClusters_ShouldIncludeItemFromBuildingIntoSuperClusterOutsideBuilding_WhenBuildingLayerIsHidden" computerName="DKSR-EFI-04" duration="00:00:00.0015070" startTime="2023-12-22T09:39:31.9442639+01:00" endTime="2023-12-22T09:39:31.9459260+01:00" testType="13cdc9d9-ddb5-4fa4-a97d-d965ccfc6d4b" outcome="Passed" testListId="8c84fa94-04c1-424b-9868-57a2d4851a1d" relativeResultsDirectory="2c8f9388-f952-4e73-bf7a-f19086ad2ad5" />
    <UnitTestResult executionId="b97779a3-0032-47c2-85b0-c69901f639ac" testId="0642a600-4a64-e9cb-eb5f-0984d3d228c6" testName="ScWorkspaceStateChangedEvent_ShouldSetDeviceIsDisabledToFalse_WhenSwitchingToSetupModeAndDeviceIsDisabled" computerName="DKSR-EFI-04" duration="00:00:00.0168357" startTime="2023-12-22T09:39:29.6056844+01:00" endTime="2023-12-22T09:39:29.6256798+01:00" testType="13cdc9d9-ddb5-4fa4-a97d-d965ccfc6d4b" outcome="Passed" testListId="8c84fa94-04c1-424b-9868-57a2d4851a1d" relativeResultsDirectory="b97779a3-0032-47c2-85b0-c69901f639ac" />
    <UnitTestResult executionId="37a3e6e6-b5d0-4df2-b606-9abea19263d2" testId="7e90dd26-5432-8bfa-3839-6557709d9ac8" testName="TestCreateWorkroom_Two_Success" computerName="DKSR-EFI-04" duration="00:00:00.0068236" startTime="2023-12-22T09:38:31.7112440+01:00" endTime="2023-12-22T09:38:31.7182426+01:00" testType="13cdc9d9-ddb5-4fa4-a97d-d965ccfc6d4b" outcome="Passed" testListId="8c84fa94-04c1-424b-9868-57a2d4851a1d" relativeResultsDirectory="37a3e6e6-b5d0-4df2-b606-9abea19263d2" />
    <UnitTestResult executionId="e4df55f8-b88d-4d38-8a34-bb5194842f5e" testId="abc7abf0-9397-c3e5-30a2-27064f8066b3" testName="Password1 valid, Password 2 invalid, higher length" computerName="DKSR-EFI-04" duration="00:00:00.0001438" startTime="2023-12-22T09:38:40.9602715+01:00" endTime="2023-12-22T09:38:40.9605770+01:00" testType="13cdc9d9-ddb5-4fa4-a97d-d965ccfc6d4b" outcome="Passed" testListId="8c84fa94-04c1-424b-9868-57a2d4851a1d" relativeResultsDirectory="e4df55f8-b88d-4d38-8a34-bb5194842f5e" />
    <UnitTestResult executionId="d4d6284b-86a6-440c-b186-c725a34adcb0" testId="c3ba5d7c-9bf9-1a13-3c27-8e6b50e0674e" testName="SearchAction_BrowseMode_Now" computerName="DKSR-EFI-04" duration="00:00:00.0058006" startTime="2023-12-22T09:39:36.5764935+01:00" endTime="2023-12-22T09:39:36.5824303+01:00" testType="13cdc9d9-ddb5-4fa4-a97d-d965ccfc6d4b" outcome="Passed" testListId="8c84fa94-04c1-424b-9868-57a2d4851a1d" relativeResultsDirectory="d4d6284b-86a6-440c-b186-c725a34adcb0" />
    <UnitTestResult executionId="27e951ab-a0a6-4f92-83ec-468c0ec7d73f" testId="d7f3ae8c-bf97-f47d-48ab-b1fc5ef00c66" testName="MaxRegionsAllowed_ShouldBeProvidedMax_WhenProvidedMaxIsPositive" computerName="DKSR-EFI-04" duration="00:00:00.0001527" startTime="2023-12-22T09:39:26.2377819+01:00" endTime="2023-12-22T09:39:26.2380845+01:00" testType="13cdc9d9-ddb5-4fa4-a97d-d965ccfc6d4b" outcome="Passed" testListId="8c84fa94-04c1-424b-9868-57a2d4851a1d" relativeResultsDirectory="27e951ab-a0a6-4f92-83ec-468c0ec7d73f" />
    <UnitTestResult executionId="e6e82be9-9763-4399-921b-6da52af47963" testId="66fabd13-f03e-562d-f4ae-a70f6ebf368b" testName="InputMapItem_ForceActivateAsync_InBuilding_Success" computerName="DKSR-EFI-04" duration="00:00:00.1934838" startTime="2023-12-22T09:39:30.5209340+01:00" endTime="2023-12-22T09:39:30.7145807+01:00" testType="13cdc9d9-ddb5-4fa4-a97d-d965ccfc6d4b" outcome="Passed" testListId="8c84fa94-04c1-424b-9868-57a2d4851a1d" relativeResultsDirectory="e6e82be9-9763-4399-921b-6da52af47963" />
    <UnitTestResult executionId="72007c99-3b87-4a65-8679-3e9eef7dac02" testId="10efcc4c-555d-12e7-645e-f8f3c9a79e16" testName="SelectTemplate_RangeSliderFilterConfiguration_ReturnsInlineTemplate" computerName="DKSR-EFI-04" duration="00:00:00.0006203" startTime="2023-12-22T09:38:41.2885801+01:00" endTime="2023-12-22T09:38:41.2893164+01:00" testType="13cdc9d9-ddb5-4fa4-a97d-d965ccfc6d4b" outcome="Passed" testListId="8c84fa94-04c1-424b-9868-57a2d4851a1d" relativeResultsDirectory="72007c99-3b87-4a65-8679-3e9eef7dac02" />
    <UnitTestResult executionId="31a2838f-8b59-4aae-ad27-c2f2f14e2235" testId="b13c73e0-3d5f-8cb8-a883-f65f02f74154" testName="TestConstructor_OuterRing_Success" computerName="DKSR-EFI-04" duration="00:00:00.0001835" startTime="2023-12-22T09:39:28.0297739+01:00" endTime="2023-12-22T09:39:28.0300849+01:00" testType="13cdc9d9-ddb5-4fa4-a97d-d965ccfc6d4b" outcome="Passed" testListId="8c84fa94-04c1-424b-9868-57a2d4851a1d" relativeResultsDirectory="31a2838f-8b59-4aae-ad27-c2f2f14e2235" />
    <UnitTestResult executionId="bca8584d-9b2e-40fb-896b-9936678eeffe" testId="0b37f41d-8f42-9020-28e4-8cbe84e05257" testName="DeleteSearchTemplateAsync_Fails_Success" computerName="DKSR-EFI-04" duration="00:00:00.0024860" startTime="2023-12-22T09:39:13.9318443+01:00" endTime="2023-12-22T09:39:13.9344751+01:00" testType="13cdc9d9-ddb5-4fa4-a97d-d965ccfc6d4b" outcome="Passed" testListId="8c84fa94-04c1-424b-9868-57a2d4851a1d" relativeResultsDirectory="bca8584d-9b2e-40fb-896b-9936678eeffe" />
    <UnitTestResult executionId="31945526-11b2-462f-b635-48a8325d3ca0" testId="c3c8acd6-ab82-9706-0dfb-389b90288a20" testName="SelectOptions_ShouldNotChangeSelectedComponent_WhenGivenNonExistingComponent" computerName="DKSR-EFI-04" duration="00:00:00.0089423" startTime="2023-12-22T09:39:32.3777348+01:00" endTime="2023-12-22T09:39:32.3868123+01:00" testType="13cdc9d9-ddb5-4fa4-a97d-d965ccfc6d4b" outcome="Passed" testListId="8c84fa94-04c1-424b-9868-57a2d4851a1d" relativeResultsDirectory="31945526-11b2-462f-b635-48a8325d3ca0" />
    <UnitTestResult executionId="7ab7de48-2327-441d-81b0-8e68b649a2fb" testId="eb1477a2-2fb7-b3cb-5428-9b4cc8d1e650" testName="HandleSetLayerFeatures_ShouldUpdateMicrophoneLayerFeatures_WhenMicrophoneKindAndMicrophoneLayerFeatures" computerName="DKSR-EFI-04" duration="00:00:00.0026290" startTime="2023-12-22T09:39:31.2874320+01:00" endTime="2023-12-22T09:39:31.2902417+01:00" testType="13cdc9d9-ddb5-4fa4-a97d-d965ccfc6d4b" outcome="Passed" testListId="8c84fa94-04c1-424b-9868-57a2d4851a1d" relativeResultsDirectory="7ab7de48-2327-441d-81b0-8e68b649a2fb" />
    <UnitTestResult executionId="9477889a-70fd-4881-905e-59b7267f3eff" testId="1b358bc1-458b-910a-26a9-b665d6fb08b0" testName="DownsizeImageSuccess" computerName="DKSR-EFI-04" duration="00:00:00.1368397" startTime="2023-12-22T09:39:36.1319383+01:00" endTime="2023-12-22T09:39:36.2691813+01:00" testType="13cdc9d9-ddb5-4fa4-a97d-d965ccfc6d4b" outcome="Passed" testListId="8c84fa94-04c1-424b-9868-57a2d4851a1d" relativeResultsDirectory="9477889a-70fd-4881-905e-59b7267f3eff" />
    <UnitTestResult executionId="c7f7884e-5db8-4030-ac89-89f6b36f109e" testId="f2b7929b-9477-2b09-878d-9dcd16e02623" testName="Convert_OneCamerasSelectionAndOneSearchDefinition_Collapsed" computerName="DKSR-EFI-04" duration="00:00:00.0001484" startTime="2023-12-22T09:38:59.0561993+01:00" endTime="2023-12-22T09:38:59.0564731+01:00" testType="13cdc9d9-ddb5-4fa4-a97d-d965ccfc6d4b" outcome="Passed" testListId="8c84fa94-04c1-424b-9868-57a2d4851a1d" relativeResultsDirectory="c7f7884e-5db8-4030-ac89-89f6b36f109e" />
    <UnitTestResult executionId="c16b956a-de11-4d77-8122-6e95f7eb4ec3" testId="1663762a-2500-b801-aa4a-60e46d01fc4b" testName="ModelSerialization_DeserializeSerialize_SerializationXmlIsSame" computerName="DKSR-EFI-04" duration="00:00:00.0376042" startTime="2023-12-22T09:39:14.3722919+01:00" endTime="2023-12-22T09:39:14.4100514+01:00" testType="13cdc9d9-ddb5-4fa4-a97d-d965ccfc6d4b" outcome="Passed" testListId="8c84fa94-04c1-424b-9868-57a2d4851a1d" relativeResultsDirectory="c16b956a-de11-4d77-8122-6e95f7eb4ec3" />
    <UnitTestResult executionId="099c27fd-d8b7-46f5-9f5a-6a723de5b010" testId="61fff35a-1f51-c483-72f9-65b70f75c0e7" testName="Ctor_NullSearchResultDataList_Failure" computerName="DKSR-EFI-04" duration="00:00:00.0012708" startTime="2023-12-22T09:39:13.4543174+01:00" endTime="2023-12-22T09:39:13.4559303+01:00" testType="13cdc9d9-ddb5-4fa4-a97d-d965ccfc6d4b" outcome="Passed" testListId="8c84fa94-04c1-424b-9868-57a2d4851a1d" relativeResultsDirectory="099c27fd-d8b7-46f5-9f5a-6a723de5b010" />
    <UnitTestResult executionId="1e09719c-f990-41f6-85a3-16710a4cd60a" testId="eccebb4b-dd86-ffbc-9874-555886a9ecd8" testName="UpdateSearchAttributes_MultipleFiltersWithoutValues_NotAdded" computerName="DKSR-EFI-04" duration="00:00:00.0005759" startTime="2023-12-22T09:39:10.3289407+01:00" endTime="2023-12-22T09:39:10.3296466+01:00" testType="13cdc9d9-ddb5-4fa4-a97d-d965ccfc6d4b" outcome="Passed" testListId="8c84fa94-04c1-424b-9868-57a2d4851a1d" relativeResultsDirectory="1e09719c-f990-41f6-85a3-16710a4cd60a" />
    <UnitTestResult executionId="e64259f4-29fb-4919-aa29-686aafaeb815" testId="ab974738-a590-83df-60ac-92b301ef7ab8" testName="Deserialize_MissingItemId_Error" computerName="DKSR-EFI-04" duration="00:00:00.0012951" startTime="2023-12-22T09:39:14.6868880+01:00" endTime="2023-12-22T09:39:14.6883266+01:00" testType="13cdc9d9-ddb5-4fa4-a97d-d965ccfc6d4b" outcome="Passed" testListId="8c84fa94-04c1-424b-9868-57a2d4851a1d" relativeResultsDirectory="e64259f4-29fb-4919-aa29-686aafaeb815" />
    <UnitTestResult executionId="d912b60a-51d5-404d-93a7-afeb5e32baf3" testId="bedf46db-baeb-e070-62c2-ab54242ce982" testName="DeviceIcons_ShouldNotBeNull_WhenCalled" computerName="DKSR-EFI-04" duration="00:00:00.0002539" startTime="2023-12-22T09:39:29.0472927+01:00" endTime="2023-12-22T09:39:29.0478794+01:00" testType="13cdc9d9-ddb5-4fa4-a97d-d965ccfc6d4b" outcome="Passed" testListId="8c84fa94-04c1-424b-9868-57a2d4851a1d" relativeResultsDirectory="d912b60a-51d5-404d-93a7-afeb5e32baf3" />
    <UnitTestResult executionId="1ce62936-1590-42f6-9b19-631a19cc53c8" testId="6cd2234b-585d-b823-54fb-25eb6199902f" testName="PointMapItem_Load_Microphone_Success" computerName="DKSR-EFI-04" duration="00:00:00.0306223" startTime="2023-12-22T09:39:30.2520539+01:00" endTime="2023-12-22T09:39:30.2858870+01:00" testType="13cdc9d9-ddb5-4fa4-a97d-d965ccfc6d4b" outcome="Passed" testListId="8c84fa94-04c1-424b-9868-57a2d4851a1d" relativeResultsDirectory="1ce62936-1590-42f6-9b19-631a19cc53c8" />
    <UnitTestResult executionId="54b674f1-80d7-478c-96e1-81592c50fba5" testId="866f7855-bb2c-7de3-0df1-014de8905cab" testName="GetDuration_SeveralDays_Success" computerName="DKSR-EFI-04" duration="00:00:00.0002484" startTime="2023-12-22T09:39:13.7775029+01:00" endTime="2023-12-22T09:39:13.7778813+01:00" testType="13cdc9d9-ddb5-4fa4-a97d-d965ccfc6d4b" outcome="Passed" testListId="8c84fa94-04c1-424b-9868-57a2d4851a1d" relativeResultsDirectory="54b674f1-80d7-478c-96e1-81592c50fba5" />
    <UnitTestResult executionId="9ef5beb6-96c5-47d7-a743-7f18341e7ad1" testId="e07f5d01-bfa0-04f4-825e-59c493d5b5f5" testName="GetDomain_ShouldReturnDomainPartOfNetworkCredentials_WhenNetworkCredentialsContainsADomain" computerName="DKSR-EFI-04" duration="00:00:00.0002935" startTime="2023-12-22T09:38:32.3528303+01:00" endTime="2023-12-22T09:38:32.3532546+01:00" testType="13cdc9d9-ddb5-4fa4-a97d-d965ccfc6d4b" outcome="Passed" testListId="8c84fa94-04c1-424b-9868-57a2d4851a1d" relativeResultsDirectory="9ef5beb6-96c5-47d7-a743-7f18341e7ad1" />
    <UnitTestResult executionId="8ab7c887-773a-4c9d-9c60-f65597d39c7b" testId="dcedc9aa-0a2b-4f0d-afad-d14fe62fdbd7" testName="PatrollingProfileViewModelTest_Save_UpdateProfile_Failed" computerName="DKSR-EFI-04" duration="00:00:00.0027842" startTime="2023-12-22T09:39:32.2207236+01:00" endTime="2023-12-22T09:39:32.2236420+01:00" testType="13cdc9d9-ddb5-4fa4-a97d-d965ccfc6d4b" outcome="Passed" testListId="8c84fa94-04c1-424b-9868-57a2d4851a1d" relativeResultsDirectory="8ab7c887-773a-4c9d-9c60-f65597d39c7b" />
    <UnitTestResult executionId="e21cb7fd-1597-4f96-ae95-3d83a2bd87dc" testId="bd4280d2-c5d6-9ce8-8082-e33833fcfdb0" testName="ToSafeName_SingleUnsafeName_Success" computerName="DKSR-EFI-04" duration="00:00:00.0001022" startTime="2023-12-22T09:39:38.6160737+01:00" endTime="2023-12-22T09:39:38.6162970+01:00" testType="13cdc9d9-ddb5-4fa4-a97d-d965ccfc6d4b" outcome="Passed" testListId="8c84fa94-04c1-424b-9868-57a2d4851a1d" relativeResultsDirectory="e21cb7fd-1597-4f96-ae95-3d83a2bd87dc" />
    <UnitTestResult executionId="38485f17-ed8e-4c12-b8b4-58610fd635b3" testId="aa5c4da8-abb1-5dab-502e-bd81c20e341d" testName="TestForAssemblyCoverage" computerName="DKSR-EFI-04" duration="00:00:00.0028441" startTime="2023-12-22T09:38:32.4500291+01:00" endTime="2023-12-22T09:38:32.4530596+01:00" testType="13cdc9d9-ddb5-4fa4-a97d-d965ccfc6d4b" outcome="Passed" testListId="8c84fa94-04c1-424b-9868-57a2d4851a1d" relativeResultsDirectory="38485f17-ed8e-4c12-b8b4-58610fd635b3" />
    <UnitTestResult executionId="90f5a314-f297-44dc-8aa1-5a54c17a6d95" testId="e591cb66-07e5-1b9d-9e29-d469d485e69c" testName="ShowAccessControlSystems_ShouldReturnFalse_WhenTwoACSystemsNotSupportingCardholdersAvailable" computerName="DKSR-EFI-04" duration="00:00:00.0014552" startTime="2023-12-22T09:39:39.7784473+01:00" endTime="2023-12-22T09:39:39.7800319+01:00" testType="13cdc9d9-ddb5-4fa4-a97d-d965ccfc6d4b" outcome="Passed" testListId="8c84fa94-04c1-424b-9868-57a2d4851a1d" relativeResultsDirectory="90f5a314-f297-44dc-8aa1-5a54c17a6d95" />
    <UnitTestResult executionId="8f898722-a790-413a-b3a2-85cdd516ba01" testId="4538bbe9-6c80-e720-7ee4-7c47011c9f08" testName="Both enabled, not forced" computerName="DKSR-EFI-04" duration="00:00:00.0049812" startTime="2023-12-22T09:38:40.1655722+01:00" endTime="2023-12-22T09:38:40.1709708+01:00" testType="13cdc9d9-ddb5-4fa4-a97d-d965ccfc6d4b" outcome="Passed" testListId="8c84fa94-04c1-424b-9868-57a2d4851a1d" relativeResultsDirectory="8f898722-a790-413a-b3a2-85cdd516ba01" />
    <UnitTestResult executionId="889d7337-12b1-4d61-871c-591aec1210fe" testId="a414dc23-7c3d-099a-1001-11be32d85424" testName="SaveSearchTemplateAsync_NoActive_Fails" computerName="DKSR-EFI-04" duration="00:00:00.0014528" startTime="2023-12-22T09:39:13.8965645+01:00" endTime="2023-12-22T09:39:13.8981585+01:00" testType="13cdc9d9-ddb5-4fa4-a97d-d965ccfc6d4b" outcome="Passed" testListId="8c84fa94-04c1-424b-9868-57a2d4851a1d" relativeResultsDirectory="889d7337-12b1-4d61-871c-591aec1210fe" />
    <UnitTestResult executionId="0e31c4a7-284c-4d94-891b-8433f443ef22" testId="de09b4c2-8c85-fd07-a4bd-ac2ed052171a" testName="SevenDays_Success" computerName="DKSR-EFI-04" duration="00:00:00.0002471" startTime="2023-12-22T09:39:13.9593963+01:00" endTime="2023-12-22T09:39:13.9598189+01:00" testType="13cdc9d9-ddb5-4fa4-a97d-d965ccfc6d4b" outcome="Passed" testListId="8c84fa94-04c1-424b-9868-57a2d4851a1d" relativeResultsDirectory="0e31c4a7-284c-4d94-891b-8433f443ef22" />
    <UnitTestResult executionId="d2f987b8-654c-4e40-9258-ac2dae93b31e" testId="dbc60698-0cd7-03e9-b63e-13b29d5c84fe" testName="VideoResultSearchResult_PropertiesWhenCombinedResultBothSameAndDifferentCategoryNames_CollectedAndDisplayed" computerName="DKSR-EFI-04" duration="00:00:00.0162343" startTime="2023-12-22T09:39:01.2815634+01:00" endTime="2023-12-22T09:39:01.3003362+01:00" testType="13cdc9d9-ddb5-4fa4-a97d-d965ccfc6d4b" outcome="Passed" testListId="8c84fa94-04c1-424b-9868-57a2d4851a1d" relativeResultsDirectory="d2f987b8-654c-4e40-9258-ac2dae93b31e" />
    <UnitTestResult executionId="1948d340-9418-4f03-a0e8-bb14594d94af" testId="ebac5c23-cf94-d057-1e07-261b56c40f5f" testName="RemoveItems_ThreeMapItems_ThreeClusterChanges" computerName="DKSR-EFI-04" duration="00:00:00.0113244" startTime="2023-12-22T09:39:32.0438228+01:00" endTime="2023-12-22T09:39:32.0553025+01:00" testType="13cdc9d9-ddb5-4fa4-a97d-d965ccfc6d4b" outcome="Passed" testListId="8c84fa94-04c1-424b-9868-57a2d4851a1d" relativeResultsDirectory="1948d340-9418-4f03-a0e8-bb14594d94af" />
    <UnitTestResult executionId="543acac3-05ec-4cae-b540-0db977cc6738" testId="3375033a-d5e6-72b6-24f8-d995495958e4" testName="SearchResultsActionBarActions_MipActionSpecificallySupportsSelectedSearchResult_ActionEnabled" computerName="DKSR-EFI-04" duration="00:00:00.0067305" startTime="2023-12-22T09:39:10.7341524+01:00" endTime="2023-12-22T09:39:10.7410303+01:00" testType="13cdc9d9-ddb5-4fa4-a97d-d965ccfc6d4b" outcome="Passed" testListId="8c84fa94-04c1-424b-9868-57a2d4851a1d" relativeResultsDirectory="543acac3-05ec-4cae-b540-0db977cc6738" />
    <UnitTestResult executionId="1af9b9d3-2a5c-4c79-8ecd-d004ace29d19" testId="46662b5d-bee1-3465-212d-6cf5f23d5fcf" testName="PtzInfoViewModel_PtzCotrolledByAnonymousTest" computerName="DKSR-EFI-04" duration="00:00:00.0009104" startTime="2023-12-22T09:38:32.5242837+01:00" endTime="2023-12-22T09:38:32.5253175+01:00" testType="13cdc9d9-ddb5-4fa4-a97d-d965ccfc6d4b" outcome="Passed" testListId="8c84fa94-04c1-424b-9868-57a2d4851a1d" relativeResultsDirectory="1af9b9d3-2a5c-4c79-8ecd-d004ace29d19" />
    <UnitTestResult executionId="f9450530-c23f-46ff-8744-96ccf78f2a22" testId="92a9af5f-4b73-82b6-5006-408d1559b096" testName="GetProductDisplayVersion_ShouldReturnSomething" computerName="DKSR-EFI-04" duration="00:00:00.0016008" startTime="2023-12-22T09:39:38.4887890+01:00" endTime="2023-12-22T09:39:38.4905221+01:00" testType="13cdc9d9-ddb5-4fa4-a97d-d965ccfc6d4b" outcome="Passed" testListId="8c84fa94-04c1-424b-9868-57a2d4851a1d" relativeResultsDirectory="f9450530-c23f-46ff-8744-96ccf78f2a22" />
    <UnitTestResult executionId="ee923665-03af-42c2-87c8-a933e8f293ea" testId="a7ae775e-2c15-1f46-f93f-e37442fe54d1" testName="CreateMenuItem_SetsIcons" computerName="DKSR-EFI-04" duration="00:00:00.0091730" startTime="2023-12-22T09:38:38.4429420+01:00" endTime="2023-12-22T09:38:38.4545250+01:00" testType="13cdc9d9-ddb5-4fa4-a97d-d965ccfc6d4b" outcome="Passed" testListId="8c84fa94-04c1-424b-9868-57a2d4851a1d" relativeResultsDirectory="ee923665-03af-42c2-87c8-a933e8f293ea" />
    <UnitTestResult executionId="14a85433-a1aa-42ba-9249-383107f9de21" testId="34b0562a-74f3-0cb2-347b-f7ebddcca606" testName="IOState_ShouldYieldSameValuesForAllEnumValues_WhenRoundTripConverted (Activated,Activated)" computerName="DKSR-EFI-04" duration="00:00:00.0019174" startTime="2023-12-22T09:38:29.7587695+01:00" endTime="2023-12-22T09:38:29.7608010+01:00" testType="13cdc9d9-ddb5-4fa4-a97d-d965ccfc6d4b" outcome="Passed" testListId="8c84fa94-04c1-424b-9868-57a2d4851a1d" relativeResultsDirectory="14a85433-a1aa-42ba-9249-383107f9de21" />
    <UnitTestResult executionId="25a0fe83-ef7e-4add-aad1-0c25d5f955c8" testId="54fe689a-094b-c2b1-eff8-7a88071b8275" testName="SelectOptions_ShouldSetSelectedComponent_WhenGivenOptionGroupWithCorrelatedComponent" computerName="DKSR-EFI-04" duration="00:00:00.0043470" startTime="2023-12-22T09:39:32.3677004+01:00" endTime="2023-12-22T09:39:32.3721868+01:00" testType="13cdc9d9-ddb5-4fa4-a97d-d965ccfc6d4b" outcome="Passed" testListId="8c84fa94-04c1-424b-9868-57a2d4851a1d" relativeResultsDirectory="25a0fe83-ef7e-4add-aad1-0c25d5f955c8" />
    <UnitTestResult executionId="fe07c7e6-f718-4bed-bc0b-973a5f3eaef4" testId="f107b2f8-e52e-2d8a-eafb-dc1e00450b6b" testName="Command_WithResults_PluginInstanceActivatedCalled" computerName="DKSR-EFI-04" duration="00:00:00.0033500" startTime="2023-12-22T09:39:11.4611505+01:00" endTime="2023-12-22T09:39:11.4646426+01:00" testType="13cdc9d9-ddb5-4fa4-a97d-d965ccfc6d4b" outcome="Passed" testListId="8c84fa94-04c1-424b-9868-57a2d4851a1d" relativeResultsDirectory="fe07c7e6-f718-4bed-bc0b-973a5f3eaef4" />
    <UnitTestResult executionId="9946243a-bbab-48fd-aca5-047364048506" testId="af9e36c7-6a97-f2e2-549f-4bcadfe1d626" testName="DateToStringConverter_ConvertBack_Fail" computerName="DKSR-EFI-04" duration="00:00:00.0008116" startTime="2023-12-22T09:38:59.0156745+01:00" endTime="2023-12-22T09:38:59.0166502+01:00" testType="13cdc9d9-ddb5-4fa4-a97d-d965ccfc6d4b" outcome="Passed" testListId="8c84fa94-04c1-424b-9868-57a2d4851a1d" relativeResultsDirectory="9946243a-bbab-48fd-aca5-047364048506" />
    <UnitTestResult executionId="bd468cdc-b23e-445f-af2a-cc31cf11e2c2" testId="dc5553ed-c8db-34b6-aa61-f33cd39a8ce9" testName="BoundingBoxBrowseTimeChangedTestOldData" computerName="DKSR-EFI-04" duration="00:00:00.0057751" startTime="2023-12-22T09:39:34.8935243+01:00" endTime="2023-12-22T09:39:34.8994610+01:00" testType="13cdc9d9-ddb5-4fa4-a97d-d965ccfc6d4b" outcome="Passed" testListId="8c84fa94-04c1-424b-9868-57a2d4851a1d" relativeResultsDirectory="bd468cdc-b23e-445f-af2a-cc31cf11e2c2" />
    <UnitTestResult executionId="d652fed4-026b-4f54-a859-8287d5155d21" testId="89b47aac-6f01-eda4-d247-3a79dc9d2cab" testName="RemoveWorkroom_ShouldReturnFalse_WhenWorkroomToRemoveIsNotInWorkroomController" computerName="DKSR-EFI-04" duration="00:00:00.0059646" startTime="2023-12-22T09:39:38.3997314+01:00" endTime="2023-12-22T09:39:38.4058587+01:00" testType="13cdc9d9-ddb5-4fa4-a97d-d965ccfc6d4b" outcome="Passed" testListId="8c84fa94-04c1-424b-9868-57a2d4851a1d" relativeResultsDirectory="d652fed4-026b-4f54-a859-8287d5155d21" />
    <UnitTestResult executionId="3c2335d4-0f59-4940-9a03-52537915550b" testId="b1b5a4b2-ef61-9282-6663-5d7233efeaab" testName="SupportsDoubleClick_ShouldBeFalse_WhenInteractionStateIsNotNormalAndInSetupMode" computerName="DKSR-EFI-04" duration="00:00:00.0176323" startTime="2023-12-22T09:38:36.7778120+01:00" endTime="2023-12-22T09:38:36.7988212+01:00" testType="13cdc9d9-ddb5-4fa4-a97d-d965ccfc6d4b" outcome="Passed" testListId="8c84fa94-04c1-424b-9868-57a2d4851a1d" relativeResultsDirectory="3c2335d4-0f59-4940-9a03-52537915550b" />
    <UnitTestResult executionId="d9427786-581f-4eb4-9fe6-26260ee2307b" testId="91badbed-8323-8970-07a3-e3c2481d7a72" testName="Deserialize_ToTimeOnly_Success" computerName="DKSR-EFI-04" duration="00:00:00.0007254" startTime="2023-12-22T09:39:14.7196831+01:00" endTime="2023-12-22T09:39:14.7205455+01:00" testType="13cdc9d9-ddb5-4fa4-a97d-d965ccfc6d4b" outcome="Passed" testListId="8c84fa94-04c1-424b-9868-57a2d4851a1d" relativeResultsDirectory="d9427786-581f-4eb4-9fe6-26260ee2307b" />
    <UnitTestResult executionId="a4d00d8b-accd-4182-8a6c-d7c92eb56790" testId="c845158a-13c6-a74d-17c8-bb3ff5beabf6" testName="Retrieve_Success" computerName="DKSR-EFI-04" duration="00:00:00.0053444" startTime="2023-12-22T09:38:38.6582777+01:00" endTime="2023-12-22T09:38:38.6638557+01:00" testType="13cdc9d9-ddb5-4fa4-a97d-d965ccfc6d4b" outcome="Passed" testListId="8c84fa94-04c1-424b-9868-57a2d4851a1d" relativeResultsDirectory="a4d00d8b-accd-4182-8a6c-d7c92eb56790" />
    <UnitTestResult executionId="d29720e6-1aa7-4976-b55e-1db6dc04eae7" testId="611c2ae8-85c7-442b-a5ec-d38ddebdb9be" testName="GetClusters_ShouldSplitSuperClusterIntoSimpleClusters_WhenZoomingIn" computerName="DKSR-EFI-04" duration="00:00:00.0016146" startTime="2023-12-22T09:39:32.0687052+01:00" endTime="2023-12-22T09:39:32.0704913+01:00" testType="13cdc9d9-ddb5-4fa4-a97d-d965ccfc6d4b" outcome="Passed" testListId="8c84fa94-04c1-424b-9868-57a2d4851a1d" relativeResultsDirectory="d29720e6-1aa7-4976-b55e-1db6dc04eae7" />
    <UnitTestResult executionId="feb3135d-941b-40b7-9a94-cbabec130b76" testId="d2a4e8f1-b2e6-68f0-1810-a5d540d2f7a3" testName="CreateDefinition_ValidCategoryAndSortOrderSpecified_SearchStarted" computerName="DKSR-EFI-04" duration="00:00:00.0062452" startTime="2023-12-22T09:39:14.1699166+01:00" endTime="2023-12-22T09:39:14.1763293+01:00" testType="13cdc9d9-ddb5-4fa4-a97d-d965ccfc6d4b" outcome="Passed" testListId="8c84fa94-04c1-424b-9868-57a2d4851a1d" relativeResultsDirectory="feb3135d-941b-40b7-9a94-cbabec130b76" />
    <UnitTestResult executionId="7e151519-0525-4a7e-97de-e68dee93edda" testId="4927bb5b-1d8a-626c-1d59-507b7cca82e7" testName="IsCamera_ShouldReturnTrue_WhenAllCamerasSelected" computerName="DKSR-EFI-04" duration="00:00:00.0002408" startTime="2023-12-22T09:39:35.0345372+01:00" endTime="2023-12-22T09:39:35.0349092+01:00" testType="13cdc9d9-ddb5-4fa4-a97d-d965ccfc6d4b" outcome="Passed" testListId="8c84fa94-04c1-424b-9868-57a2d4851a1d" relativeResultsDirectory="7e151519-0525-4a7e-97de-e68dee93edda" />
    <UnitTestResult executionId="7b93e4cf-7ea0-4ee7-8ac4-95f58d17b1fc" testId="c3441c18-6d91-a3fc-0eb6-245d76a8e060" testName="DetermineUserAllowsUnsecureConnection_WhereUserIsNotAskedAndUnsecureIsAllow_ShouldReturnTrue" computerName="DKSR-EFI-04" duration="00:00:00.0004120" startTime="2023-12-22T09:38:29.9533997+01:00" endTime="2023-12-22T09:38:29.9545682+01:00" testType="13cdc9d9-ddb5-4fa4-a97d-d965ccfc6d4b" outcome="Passed" testListId="8c84fa94-04c1-424b-9868-57a2d4851a1d" relativeResultsDirectory="7b93e4cf-7ea0-4ee7-8ac4-95f58d17b1fc" />
    <UnitTestResult executionId="6b174700-56c5-44e8-857a-c9fa30c0b9a0" testId="82925021-fc8d-b0e6-5578-b84c5fa8b18a" testName="IOState_ShouldYieldSameValuesForAllEnumValues_WhenRoundTripConverted (Deactivated,Deactivated)" computerName="DKSR-EFI-04" duration="00:00:00.0000377" startTime="2023-12-22T09:38:29.7612978+01:00" endTime="2023-12-22T09:38:29.7614550+01:00" testType="13cdc9d9-ddb5-4fa4-a97d-d965ccfc6d4b" outcome="Passed" testListId="8c84fa94-04c1-424b-9868-57a2d4851a1d" relativeResultsDirectory="6b174700-56c5-44e8-857a-c9fa30c0b9a0" />
    <UnitTestResult executionId="1525da08-3099-49eb-83fe-129859a5eefa" testId="98f27d45-2a93-357a-deeb-cbe956e4dc11" testName="IsBasicUser_ShouldReturnFalse_WhenConstructedUsingWindows" computerName="DKSR-EFI-04" duration="00:00:00.0001274" startTime="2023-12-22T09:38:32.3379116+01:00" endTime="2023-12-22T09:38:32.3381471+01:00" testType="13cdc9d9-ddb5-4fa4-a97d-d965ccfc6d4b" outcome="Passed" testListId="8c84fa94-04c1-424b-9868-57a2d4851a1d" relativeResultsDirectory="1525da08-3099-49eb-83fe-129859a5eefa" />
    <UnitTestResult executionId="979c0bbe-c2bf-4ca9-bdfe-b7d197f84f73" testId="3cc1b7a3-6a23-5d4a-8d17-b87aa291e5cf" testName="GetDeactivatedOutputIconId_ShouldReturnValidDeactivatedOutputIconId_WhenValidActivatedOutputIconIdIsProvided" computerName="DKSR-EFI-04" duration="00:00:00.0003263" startTime="2023-12-22T09:39:29.0911261+01:00" endTime="2023-12-22T09:39:29.0915965+01:00" testType="13cdc9d9-ddb5-4fa4-a97d-d965ccfc6d4b" outcome="Passed" testListId="8c84fa94-04c1-424b-9868-57a2d4851a1d" relativeResultsDirectory="979c0bbe-c2bf-4ca9-bdfe-b7d197f84f73" />
    <UnitTestResult executionId="9cd71ff4-a26e-4e86-913b-42e2966ab5a1" testId="81128042-c745-b3dd-d6e9-cc3789c8a026" testName="TestConstructor_viewSelectionSetterIsNull_FailWithArgumentNullException" computerName="DKSR-EFI-04" duration="00:00:00.0051215" startTime="2023-12-22T09:38:30.5276521+01:00" endTime="2023-12-22T09:38:30.5329534+01:00" testType="13cdc9d9-ddb5-4fa4-a97d-d965ccfc6d4b" outcome="Passed" testListId="8c84fa94-04c1-424b-9868-57a2d4851a1d" relativeResultsDirectory="9cd71ff4-a26e-4e86-913b-42e2966ab5a1" />
    <UnitTestResult executionId="a1fad7ae-a92f-4718-a0e6-31632fc50ca0" testId="4552c7a0-9f71-d2b4-51c4-e785ac828b42" testName="ResolveBaseResultProperties_ShouldReturnOrderedTriggerTimes_WhenGivenUnorderedTriggerTimes" computerName="DKSR-EFI-04" duration="00:00:00.0015272" startTime="2023-12-22T09:39:13.8725394+01:00" endTime="2023-12-22T09:39:13.8742014+01:00" testType="13cdc9d9-ddb5-4fa4-a97d-d965ccfc6d4b" outcome="Passed" testListId="8c84fa94-04c1-424b-9868-57a2d4851a1d" relativeResultsDirectory="a1fad7ae-a92f-4718-a0e6-31632fc50ca0" />
    <UnitTestResult executionId="a9d032ac-b867-4ef7-853b-87832165b7a1" testId="7066e281-486d-b17e-901e-9424698e9f74" testName="MergeOptionNodes_ShouldMergeOptionsFromOldKeyAndNewKey_WhenBothSettingsHaveOptions" computerName="DKSR-EFI-04" duration="00:00:00.0004168" startTime="2023-12-22T09:39:33.8626550+01:00" endTime="2023-12-22T09:39:33.8632172+01:00" testType="13cdc9d9-ddb5-4fa4-a97d-d965ccfc6d4b" outcome="Passed" testListId="8c84fa94-04c1-424b-9868-57a2d4851a1d" relativeResultsDirectory="a9d032ac-b867-4ef7-853b-87832165b7a1" />
    <UnitTestResult executionId="daed44dc-dd18-45fa-bb05-5bb253c0e216" testId="6005aa8f-bfed-16e6-eb0c-0e72997b485a" testName="PtzSessionController_Constructor_ArgumentNull_PtzSessionTimer_Test" computerName="DKSR-EFI-04" duration="00:00:00.0003295" startTime="2023-12-22T09:38:32.0374495+01:00" endTime="2023-12-22T09:38:32.0379239+01:00" testType="13cdc9d9-ddb5-4fa4-a97d-d965ccfc6d4b" outcome="Passed" testListId="8c84fa94-04c1-424b-9868-57a2d4851a1d" relativeResultsDirectory="daed44dc-dd18-45fa-bb05-5bb253c0e216" />
    <UnitTestResult executionId="ed5a3f44-e607-438b-997e-97b04d8dec30" testId="d8d8f61c-66c0-35aa-72e8-108d872447d5" testName="UpdateScope_AbsoluteScopeDurationFromTimeChanged_ReturnsTrue" computerName="DKSR-EFI-04" duration="00:00:00.0002135" startTime="2023-12-22T09:39:14.5430799+01:00" endTime="2023-12-22T09:39:14.5434720+01:00" testType="13cdc9d9-ddb5-4fa4-a97d-d965ccfc6d4b" outcome="Passed" testListId="8c84fa94-04c1-424b-9868-57a2d4851a1d" relativeResultsDirectory="ed5a3f44-e607-438b-997e-97b04d8dec30" />
    <UnitTestResult executionId="6d6b30e4-dbab-4713-9280-6398c80897ab" testId="c41fdcd8-e2bb-ccbb-e17c-f63252358ede" testName="RightButtonDown_SingleClick_DoesNotZoom" computerName="DKSR-EFI-04" duration="00:00:00.0066265" startTime="2023-12-22T09:38:34.9931166+01:00" endTime="2023-12-22T09:38:35.0021163+01:00" testType="13cdc9d9-ddb5-4fa4-a97d-d965ccfc6d4b" outcome="Passed" testListId="8c84fa94-04c1-424b-9868-57a2d4851a1d" relativeResultsDirectory="6d6b30e4-dbab-4713-9280-6398c80897ab" />
    <UnitTestResult executionId="812f3ebc-ad66-4dc1-a6c5-03a583c066d0" testId="9cb22239-8c05-3795-1d49-f4debbc5193e" testName="SearchResultsActionBarActions_CreateSnapshot_InvokeCommand_NoSnapshotSucceeded_CorrectStatusTextShown" computerName="DKSR-EFI-04" duration="00:00:00.0222493" startTime="2023-12-22T09:39:11.0614707+01:00" endTime="2023-12-22T09:39:11.0838750+01:00" testType="13cdc9d9-ddb5-4fa4-a97d-d965ccfc6d4b" outcome="Passed" testListId="8c84fa94-04c1-424b-9868-57a2d4851a1d" relativeResultsDirectory="812f3ebc-ad66-4dc1-a6c5-03a583c066d0" />
    <UnitTestResult executionId="7bf20977-f1ac-4a76-b963-7929b1c38b49" testId="c122d3c0-e65a-97bc-0031-9b0adfb0a20b" testName="Execute_YesCommand_DialogResultReturnsTrue" computerName="DKSR-EFI-04" duration="00:00:00.0006515" startTime="2023-12-22T09:39:33.3053958+01:00" endTime="2023-12-22T09:39:33.3061843+01:00" testType="13cdc9d9-ddb5-4fa4-a97d-d965ccfc6d4b" outcome="Passed" testListId="8c84fa94-04c1-424b-9868-57a2d4851a1d" relativeResultsDirectory="7bf20977-f1ac-4a76-b963-7929b1c38b49" />
    <UnitTestResult executionId="f05ec4d7-5383-4afd-86aa-e888f1ecdb4d" testId="9c5832f3-6c80-ca09-af3f-21dab48f2284" testName="ShouldReturnFalseWhenExtentChangedButWithinPrevious" computerName="DKSR-EFI-04" duration="00:00:00.0007381" startTime="2023-12-22T09:38:38.7940040+01:00" endTime="2023-12-22T09:38:38.7948634+01:00" testType="13cdc9d9-ddb5-4fa4-a97d-d965ccfc6d4b" outcome="Passed" testListId="8c84fa94-04c1-424b-9868-57a2d4851a1d" relativeResultsDirectory="f05ec4d7-5383-4afd-86aa-e888f1ecdb4d" />
    <UnitTestResult executionId="893f37ff-cbba-4fcf-b2af-1389e175b272" testId="c2441b73-f50b-2134-daff-42ee09341afb" testName="CanEditRegionSelection_ShouldBeFalse_WhenHelperDoesNotAllowMoreRegionsToBeAdded" computerName="DKSR-EFI-04" duration="00:00:00.0009130" startTime="2023-12-22T09:39:26.2333111+01:00" endTime="2023-12-22T09:39:26.2343766+01:00" testType="13cdc9d9-ddb5-4fa4-a97d-d965ccfc6d4b" outcome="Passed" testListId="8c84fa94-04c1-424b-9868-57a2d4851a1d" relativeResultsDirectory="893f37ff-cbba-4fcf-b2af-1389e175b272" />
    <UnitTestResult executionId="28a32d28-cdd0-4718-adfc-bb5fab0d6649" testId="8a54600b-ddfe-122f-8fbb-15179853629f" testName="ScWorkspaceStateChangedEvent_ShouldSetDeviceStateToMuted_WhenSwitchingToSetupModeAndDeviceStateIsUnMuted" computerName="DKSR-EFI-04" duration="00:00:00.0277370" startTime="2023-12-22T09:39:29.1034301+01:00" endTime="2023-12-22T09:39:29.1342778+01:00" testType="13cdc9d9-ddb5-4fa4-a97d-d965ccfc6d4b" outcome="Passed" testListId="8c84fa94-04c1-424b-9868-57a2d4851a1d" relativeResultsDirectory="28a32d28-cdd0-4718-adfc-bb5fab0d6649" />
    <UnitTestResult executionId="36018b81-915c-4526-8fa3-1754e1aa8ead" testId="17ba5638-6ea6-b4d6-f1bc-1949b3768658" testName="PopulateTooltip_FewResultsFromFewCameras12Hours_ValidText" computerName="DKSR-EFI-04" duration="00:00:00.0447766" startTime="2023-12-22T09:39:07.3687324+01:00" endTime="2023-12-22T09:39:07.4163235+01:00" testType="13cdc9d9-ddb5-4fa4-a97d-d965ccfc6d4b" outcome="Passed" testListId="8c84fa94-04c1-424b-9868-57a2d4851a1d" relativeResultsDirectory="36018b81-915c-4526-8fa3-1754e1aa8ead" />
    <UnitTestResult executionId="a56fcbfc-fe2f-4d8b-aa5a-d4e3c51ec19e" testId="1131d610-fdb8-bf14-5dd7-5607c21d80e3" testName="Search_SortOrderSpecified_Success" computerName="DKSR-EFI-04" duration="00:00:00.0049682" startTime="2023-12-22T09:39:25.5687417+01:00" endTime="2023-12-22T09:39:25.5739161+01:00" testType="13cdc9d9-ddb5-4fa4-a97d-d965ccfc6d4b" outcome="Passed" testListId="8c84fa94-04c1-424b-9868-57a2d4851a1d" relativeResultsDirectory="a56fcbfc-fe2f-4d8b-aa5a-d4e3c51ec19e" />
    <UnitTestResult executionId="acc37577-7726-4417-ae7a-7248149c5079" testId="8b769f83-03d1-54d2-bd91-c30ba7e579fb" testName="CreateGeometry_NullPointsCollection_ThrowsArgNullException" computerName="DKSR-EFI-04" duration="00:00:00.0002964" startTime="2023-12-22T09:39:31.9816487+01:00" endTime="2023-12-22T09:39:31.9821042+01:00" testType="13cdc9d9-ddb5-4fa4-a97d-d965ccfc6d4b" outcome="Passed" testListId="8c84fa94-04c1-424b-9868-57a2d4851a1d" relativeResultsDirectory="acc37577-7726-4417-ae7a-7248149c5079" />
    <UnitTestResult executionId="b59a7bb6-7262-4b75-889e-f238dd38e2d2" testId="4a1a72a9-3748-b54f-9812-2fd52873801b" testName="HandleGetDeviceData_ShouldReturnNotFoundDeviceData_WhenInputKindAndNonExistingInputId" computerName="DKSR-EFI-04" duration="00:00:00.0254795" startTime="2023-12-22T09:38:39.6454851+01:00" endTime="2023-12-22T09:38:39.6711327+01:00" testType="13cdc9d9-ddb5-4fa4-a97d-d965ccfc6d4b" outcome="Passed" testListId="8c84fa94-04c1-424b-9868-57a2d4851a1d" relativeResultsDirectory="b59a7bb6-7262-4b75-889e-f238dd38e2d2" />
    <UnitTestResult executionId="578d58a9-a5f2-4155-b322-efc5d520a5be" testId="d0c51da7-1dd7-d068-f152-d898ea188859" testName="GetItemsIn_BuildingNoLevels_EdgeItem" computerName="DKSR-EFI-04" duration="00:00:00.0371359" startTime="2023-12-22T09:39:31.8512170+01:00" endTime="2023-12-22T09:39:31.8885416+01:00" testType="13cdc9d9-ddb5-4fa4-a97d-d965ccfc6d4b" outcome="Passed" testListId="8c84fa94-04c1-424b-9868-57a2d4851a1d" relativeResultsDirectory="578d58a9-a5f2-4155-b322-efc5d520a5be" />
    <UnitTestResult executionId="53991cf8-7871-4388-a9e3-259df61a120c" testId="f482a2f5-ee23-f9e4-c2fa-729d4fc94abb" testName="FocussedSearchResult_FocussedSearchResultIsKeptWhenShowPartialResultsChanges" computerName="DKSR-EFI-04" duration="00:00:00.0085474" startTime="2023-12-22T09:39:13.1549102+01:00" endTime="2023-12-22T09:39:13.1636151+01:00" testType="13cdc9d9-ddb5-4fa4-a97d-d965ccfc6d4b" outcome="Passed" testListId="8c84fa94-04c1-424b-9868-57a2d4851a1d" relativeResultsDirectory="53991cf8-7871-4388-a9e3-259df61a120c" />
    <UnitTestResult executionId="1c2e43e7-4ff2-4b5f-a913-92a63880faa6" testId="e81278a0-f697-84b0-67b1-ed0b5035a30c" testName="SearchAction_BrowseMode_Now" computerName="DKSR-EFI-04" duration="00:00:00.0072152" startTime="2023-12-22T09:39:34.2482514+01:00" endTime="2023-12-22T09:39:34.2556263+01:00" testType="13cdc9d9-ddb5-4fa4-a97d-d965ccfc6d4b" outcome="Passed" testListId="8c84fa94-04c1-424b-9868-57a2d4851a1d" relativeResultsDirectory="1c2e43e7-4ff2-4b5f-a913-92a63880faa6" />
    <UnitTestResult executionId="cc703333-9751-48a3-b752-836c72f922d6" testId="08662725-81c0-39ee-21c2-6a500f721bcc" testName="TestAttribute_Success" computerName="DKSR-EFI-04" duration="00:00:00.0105184" startTime="2023-12-22T09:39:26.3504325+01:00" endTime="2023-12-22T09:39:26.3612024+01:00" testType="13cdc9d9-ddb5-4fa4-a97d-d965ccfc6d4b" outcome="Passed" testListId="8c84fa94-04c1-424b-9868-57a2d4851a1d" relativeResultsDirectory="cc703333-9751-48a3-b752-836c72f922d6" />
    <UnitTestResult executionId="4e295972-2c4c-4354-9a08-d5ce26b2d9fc" testId="593930ca-a7df-1408-b332-7a4bf0c72a54" testName="State_ShouldUpdateMicrophoneIconId_WhenSetToMute" computerName="DKSR-EFI-04" duration="00:00:00.0101539" startTime="2023-12-22T09:39:30.3535948+01:00" endTime="2023-12-22T09:39:30.3661259+01:00" testType="13cdc9d9-ddb5-4fa4-a97d-d965ccfc6d4b" outcome="Passed" testListId="8c84fa94-04c1-424b-9868-57a2d4851a1d" relativeResultsDirectory="4e295972-2c4c-4354-9a08-d5ce26b2d9fc" />
    <UnitTestResult executionId="94e9988c-3317-466a-aa15-e924b6813e32" testId="ee3692c6-4239-b2e2-f69d-66ef9eb784ce" testName="TestForAssemblyCoverage" computerName="DKSR-EFI-04" duration="00:00:00.0037256" startTime="2023-12-22T09:38:32.4535112+01:00" endTime="2023-12-22T09:38:32.4574155+01:00" testType="13cdc9d9-ddb5-4fa4-a97d-d965ccfc6d4b" outcome="Passed" testListId="8c84fa94-04c1-424b-9868-57a2d4851a1d" relativeResultsDirectory="94e9988c-3317-466a-aa15-e924b6813e32" />
    <UnitTestResult executionId="6733f595-f2f2-4858-a6fd-e0b0cc2c99c3" testId="f2e999d7-fcf7-7136-bb2b-42136c5b53f0" testName="ShowSuccessToast_ShouldShowCorrectNumberOfToasts (1,1)" computerName="DKSR-EFI-04" duration="00:00:00.0037478" startTime="2023-12-22T09:39:33.7883402+01:00" endTime="2023-12-22T09:39:33.7922724+01:00" testType="13cdc9d9-ddb5-4fa4-a97d-d965ccfc6d4b" outcome="Passed" testListId="8c84fa94-04c1-424b-9868-57a2d4851a1d" relativeResultsDirectory="6733f595-f2f2-4858-a6fd-e0b0cc2c99c3" />
    <UnitTestResult executionId="0c825265-9195-439a-be1e-024c256a238a" testId="9b69c053-abc5-671a-966c-e8011ea8926f" testName="Deserialize_ShouldReturnCombineTypeOr_WhenCombineTypeIsOrInXml" computerName="DKSR-EFI-04" duration="00:00:00.0032802" startTime="2023-12-22T09:39:14.4304096+01:00" endTime="2023-12-22T09:39:14.4338351+01:00" testType="13cdc9d9-ddb5-4fa4-a97d-d965ccfc6d4b" outcome="Passed" testListId="8c84fa94-04c1-424b-9868-57a2d4851a1d" relativeResultsDirectory="0c825265-9195-439a-be1e-024c256a238a" />
    <UnitTestResult executionId="48a85b04-e21c-40fb-ab78-d8824731a3d8" testId="8f5491df-5fca-1dbe-cd17-6a2db5019ce9" testName="SignUrl_WhereSignatureIsNull_ThrowException" computerName="DKSR-EFI-04" duration="00:00:00.0002476" startTime="2023-12-22T09:38:34.9043571+01:00" endTime="2023-12-22T09:38:34.9047486+01:00" testType="13cdc9d9-ddb5-4fa4-a97d-d965ccfc6d4b" outcome="Passed" testListId="8c84fa94-04c1-424b-9868-57a2d4851a1d" relativeResultsDirectory="48a85b04-e21c-40fb-ab78-d8824731a3d8" />
    <UnitTestResult executionId="0a2ededc-069c-4095-bdd5-4dcacc407291" testId="9040b640-fe7c-9575-9486-622077ffb232" testName="Re_adding_cameras_with_no_RetentionCreate_rights_after_extending_retention_interval" computerName="DKSR-EFI-04" duration="00:00:00.0031181" startTime="2023-12-22T09:39:39.4551650+01:00" endTime="2023-12-22T09:39:39.4584129+01:00" testType="13cdc9d9-ddb5-4fa4-a97d-d965ccfc6d4b" outcome="Passed" testListId="8c84fa94-04c1-424b-9868-57a2d4851a1d" relativeResultsDirectory="0a2ededc-069c-4095-bdd5-4dcacc407291" />
    <UnitTestResult executionId="afbefcd2-afff-41b3-8ca4-b4e253f5ee83" testId="319e9db8-8f37-6739-0cbb-83eff6d39b32" testName="PtzSessionControllerInfo_TimeChangedTest_NoChange" computerName="DKSR-EFI-04" duration="00:00:00.0002382" startTime="2023-12-22T09:38:32.1941159+01:00" endTime="2023-12-22T09:38:32.1944689+01:00" testType="13cdc9d9-ddb5-4fa4-a97d-d965ccfc6d4b" outcome="Passed" testListId="8c84fa94-04c1-424b-9868-57a2d4851a1d" relativeResultsDirectory="afbefcd2-afff-41b3-8ca4-b4e253f5ee83" />
    <UnitTestResult executionId="88dcdada-dcf4-444c-922f-b962105bf07f" testId="91423947-d9d3-4bfd-cfab-68c119421239" testName="GetWorkspaceToolbarItems_ShouldReturnGroupedToolbarItemAsDisabled_WhenAllSubItemsAreDisabled" computerName="DKSR-EFI-04" duration="00:00:00.0018008" startTime="2023-12-22T09:39:32.6390922+01:00" endTime="2023-12-22T09:39:32.6410308+01:00" testType="13cdc9d9-ddb5-4fa4-a97d-d965ccfc6d4b" outcome="Passed" testListId="8c84fa94-04c1-424b-9868-57a2d4851a1d" relativeResultsDirectory="88dcdada-dcf4-444c-922f-b962105bf07f" />
    <UnitTestResult executionId="96141c37-077c-42b3-be78-980edc812cff" testId="e9db157d-7d85-2810-0c2d-91345491fde3" testName="ValidateExportFormats_VideoClipFormat_ShouldReturnFailResult_PrePostTextsRequired" computerName="DKSR-EFI-04" duration="00:00:00.0094683" startTime="2023-12-22T09:38:40.9346949+01:00" endTime="2023-12-22T09:38:40.9443438+01:00" testType="13cdc9d9-ddb5-4fa4-a97d-d965ccfc6d4b" outcome="Passed" testListId="8c84fa94-04c1-424b-9868-57a2d4851a1d" relativeResultsDirectory="96141c37-077c-42b3-be78-980edc812cff" />
    <UnitTestResult executionId="3fdfb79b-b5d9-4097-a7bb-9b493e131249" testId="06412854-071a-034e-5a5f-ce51d467c3ae" testName="UpdateScope_NullItems_Throws" computerName="DKSR-EFI-04" duration="00:00:00.0004224" startTime="2023-12-22T09:39:14.5343235+01:00" endTime="2023-12-22T09:39:14.5350267+01:00" testType="13cdc9d9-ddb5-4fa4-a97d-d965ccfc6d4b" outcome="Passed" testListId="8c84fa94-04c1-424b-9868-57a2d4851a1d" relativeResultsDirectory="3fdfb79b-b5d9-4097-a7bb-9b493e131249" />
    <UnitTestResult executionId="74f4bcab-d49c-4c40-bebf-a7b577a0a688" testId="968967c1-9c91-5395-ae74-dba306913820" testName="PatrollingPresetViewModel_OnPropertyChanged_Raised" computerName="DKSR-EFI-04" duration="00:00:00.0006665" startTime="2023-12-22T09:39:32.0823752+01:00" endTime="2023-12-22T09:39:32.0831778+01:00" testType="13cdc9d9-ddb5-4fa4-a97d-d965ccfc6d4b" outcome="Passed" testListId="8c84fa94-04c1-424b-9868-57a2d4851a1d" relativeResultsDirectory="74f4bcab-d49c-4c40-bebf-a7b577a0a688" />
    <UnitTestResult executionId="f4d6ed63-8786-4be8-afd8-cc2780c6abcf" testId="dfccc8b7-199c-9ea3-3acb-490aa9ca096b" testName="AddGetConfigurationMicrophoneTest" computerName="DKSR-EFI-04" duration="00:00:00.0014618" startTime="2023-12-22T09:38:32.3866876+01:00" endTime="2023-12-22T09:38:32.3882834+01:00" testType="13cdc9d9-ddb5-4fa4-a97d-d965ccfc6d4b" outcome="Passed" testListId="8c84fa94-04c1-424b-9868-57a2d4851a1d" relativeResultsDirectory="f4d6ed63-8786-4be8-afd8-cc2780c6abcf" />
    <UnitTestResult executionId="36a9e6af-4335-4df0-a5e1-f406d602c4f2" testId="6ce0ebd1-2fbb-36d1-63ea-8fff8a05554e" testName="UpdateWorkspaceToolbarItemsState_ShouldUpdateToolbarItemState_WhenWorkspaceStateChanges" computerName="DKSR-EFI-04" duration="00:00:00.0032496" startTime="2023-12-22T09:39:32.6541983+01:00" endTime="2023-12-22T09:39:32.6575939+01:00" testType="13cdc9d9-ddb5-4fa4-a97d-d965ccfc6d4b" outcome="Passed" testListId="8c84fa94-04c1-424b-9868-57a2d4851a1d" relativeResultsDirectory="36a9e6af-4335-4df0-a5e1-f406d602c4f2" />
    <UnitTestResult executionId="0c936f0f-726c-47b8-ba49-b368d0f4fab1" testId="f5cd0ea9-70e1-1cbd-01d3-fa2672fe0616" testName="ZoomOut_MapNotSet_DoesNotCrash" computerName="DKSR-EFI-04" duration="00:00:00.0001769" startTime="2023-12-22T09:38:34.9540569+01:00" endTime="2023-12-22T09:38:34.9544078+01:00" testType="13cdc9d9-ddb5-4fa4-a97d-d965ccfc6d4b" outcome="Passed" testListId="8c84fa94-04c1-424b-9868-57a2d4851a1d" relativeResultsDirectory="0c936f0f-726c-47b8-ba49-b368d0f4fab1" />
    <UnitTestResult executionId="52e625fe-9b0d-4a35-b09d-3d61acfadf63" testId="6a069b88-27e1-e70c-13f9-4c619372c66b" testName="SearchResultCombineType_ShouldStartSearchWithEmptyCollection_WhenValueChanges" computerName="DKSR-EFI-04" duration="00:00:00.0064190" startTime="2023-12-22T09:39:13.2016243+01:00" endTime="2023-12-22T09:39:13.2081897+01:00" testType="13cdc9d9-ddb5-4fa4-a97d-d965ccfc6d4b" outcome="Passed" testListId="8c84fa94-04c1-424b-9868-57a2d4851a1d" relativeResultsDirectory="52e625fe-9b0d-4a35-b09d-3d61acfadf63" />
    <UnitTestResult executionId="3808f9c8-90c1-4aa6-8f9c-da6ec65f6b18" testId="d49deff6-a41c-933f-0317-09cc05fa0974" testName="AddToExportTuples_ShouldReturnCorrectResult (5,0,5)" computerName="DKSR-EFI-04" duration="00:00:00.0071141" startTime="2023-12-22T09:39:33.6098642+01:00" endTime="2023-12-22T09:39:33.6171629+01:00" testType="13cdc9d9-ddb5-4fa4-a97d-d965ccfc6d4b" outcome="Passed" testListId="8c84fa94-04c1-424b-9868-57a2d4851a1d" relativeResultsDirectory="3808f9c8-90c1-4aa6-8f9c-da6ec65f6b18" />
    <UnitTestResult executionId="701cf3fc-d51f-4a91-8a1c-f0858d33726f" testId="7bad54ac-e807-b7de-c086-e2462b8bfb21" testName="SmartMapGoToAreaHandler_WhenDataIsInvalid_ShouldWriteToLog" computerName="DKSR-EFI-04" duration="00:00:00.0014457" startTime="2023-12-22T09:38:38.6469824+01:00" endTime="2023-12-22T09:38:38.6485465+01:00" testType="13cdc9d9-ddb5-4fa4-a97d-d965ccfc6d4b" outcome="Passed" testListId="8c84fa94-04c1-424b-9868-57a2d4851a1d" relativeResultsDirectory="701cf3fc-d51f-4a91-8a1c-f0858d33726f" />
    <UnitTestResult executionId="167786fa-34a7-4706-8824-a270106f1ec9" testId="1bb961de-3244-ec3d-ba9c-efd8693da7cb" testName="TestReadXml" computerName="DKSR-EFI-04" duration="00:00:00.0003317" startTime="2023-12-22T09:39:34.3015689+01:00" endTime="2023-12-22T09:39:34.3021230+01:00" testType="13cdc9d9-ddb5-4fa4-a97d-d965ccfc6d4b" outcome="Passed" testListId="8c84fa94-04c1-424b-9868-57a2d4851a1d" relativeResultsDirectory="167786fa-34a7-4706-8824-a270106f1ec9" />
    <UnitTestResult executionId="48bc14db-102b-43ef-8f4a-0c1446d6e062" testId="eb5a9d83-2458-0842-7b16-6cd517958096" testName="Session_Built" computerName="DKSR-EFI-04" duration="00:00:00.1233305" startTime="2023-12-22T09:39:38.7746651+01:00" endTime="2023-12-22T09:39:38.9023410+01:00" testType="13cdc9d9-ddb5-4fa4-a97d-d965ccfc6d4b" outcome="Passed" testListId="8c84fa94-04c1-424b-9868-57a2d4851a1d" relativeResultsDirectory="48bc14db-102b-43ef-8f4a-0c1446d6e062" />
    <UnitTestResult executionId="c7c3443b-ccb6-4ad6-b6c4-1ca5963af4ac" testId="017cc019-8cef-3e6e-38b3-9860b15006c5" testName="ValidateExportName_ShouldReturnFailResult_ExportNameRequired" computerName="DKSR-EFI-04" duration="00:00:00.1244496" startTime="2023-12-22T09:38:40.6086412+01:00" endTime="2023-12-22T09:38:40.7333870+01:00" testType="13cdc9d9-ddb5-4fa4-a97d-d965ccfc6d4b" outcome="Passed" testListId="8c84fa94-04c1-424b-9868-57a2d4851a1d" relativeResultsDirectory="c7c3443b-ccb6-4ad6-b6c4-1ca5963af4ac" />
    <UnitTestResult executionId="fe78a02a-8bfc-4932-80ea-7ede7eddc256" testId="593594fc-46c9-b9c0-d561-0e066e80633b" testName="No_warning_when_removing_camera_with_related_device_with_no_update_rights" computerName="DKSR-EFI-04" duration="00:00:00.0021248" startTime="2023-12-22T09:39:39.4647985+01:00" endTime="2023-12-22T09:39:39.4670572+01:00" testType="13cdc9d9-ddb5-4fa4-a97d-d965ccfc6d4b" outcome="Passed" testListId="8c84fa94-04c1-424b-9868-57a2d4851a1d" relativeResultsDirectory="fe78a02a-8bfc-4932-80ea-7ede7eddc256" />
    <UnitTestResult executionId="f3fba07b-560f-4285-a8cb-e608ba25b881" testId="55807824-53e4-23f9-def8-1210782703cc" testName="OnLayersRetrieved_ShouldSetComponentsOrdered_WhenLayersCollectionContainsOutput" computerName="DKSR-EFI-04" duration="00:00:00.0115629" startTime="2023-12-22T09:38:34.1336045+01:00" endTime="2023-12-22T09:38:34.1516564+01:00" testType="13cdc9d9-ddb5-4fa4-a97d-d965ccfc6d4b" outcome="Passed" testListId="8c84fa94-04c1-424b-9868-57a2d4851a1d" relativeResultsDirectory="f3fba07b-560f-4285-a8cb-e608ba25b881" />
    <UnitTestResult executionId="d754cfab-5e56-4b05-aab2-cef58d3d80d2" testId="4b45c6e7-7f37-b930-8977-ed2b5f3bab07" testName="ToNormalizedDirection_OutOfRange_Minus2PI_Fail" computerName="DKSR-EFI-04" duration="00:00:00.0002880" startTime="2023-12-22T09:39:26.8078135+01:00" endTime="2023-12-22T09:39:26.8083187+01:00" testType="13cdc9d9-ddb5-4fa4-a97d-d965ccfc6d4b" outcome="Passed" testListId="8c84fa94-04c1-424b-9868-57a2d4851a1d" relativeResultsDirectory="d754cfab-5e56-4b05-aab2-cef58d3d80d2" />
    <UnitTestResult executionId="11bea682-49e4-473c-b08d-ed9891e536bd" testId="f5f2e97a-f5f8-6deb-42be-a32de8760af2" testName="SearchResultsActionBarActions_ActionResultCreateReport_Success" computerName="DKSR-EFI-04" duration="00:00:00.0130022" startTime="2023-12-22T09:39:11.1504084+01:00" endTime="2023-12-22T09:39:11.1635822+01:00" testType="13cdc9d9-ddb5-4fa4-a97d-d965ccfc6d4b" outcome="Passed" testListId="8c84fa94-04c1-424b-9868-57a2d4851a1d" relativeResultsDirectory="11bea682-49e4-473c-b08d-ed9891e536bd" />
    <UnitTestResult executionId="645ec24d-3fad-4d9a-8a34-387665e1ade1" testId="ebe31b64-a15f-5d1c-5a6d-837a5656ceb3" testName="SmartMapGoToPositionHandler_WhenViewIndexDoesNotMatch_ShouldDoNothing" computerName="DKSR-EFI-04" duration="00:00:00.0014156" startTime="2023-12-22T09:38:38.6338527+01:00" endTime="2023-12-22T09:38:38.6353815+01:00" testType="13cdc9d9-ddb5-4fa4-a97d-d965ccfc6d4b" outcome="Passed" testListId="8c84fa94-04c1-424b-9868-57a2d4851a1d" relativeResultsDirectory="645ec24d-3fad-4d9a-8a34-387665e1ade1" />
    <UnitTestResult executionId="494b2c59-ad3a-4cec-a28b-7289c918f23e" testId="d8157b41-29f4-4a55-1811-3e5273ac9071" testName="SupportsRightClick_ShouldBeFalse_WhenInteractionStateIsNotNormal" computerName="DKSR-EFI-04" duration="00:00:00.0167873" startTime="2023-12-22T09:38:36.6915587+01:00" endTime="2023-12-22T09:38:36.7107572+01:00" testType="13cdc9d9-ddb5-4fa4-a97d-d965ccfc6d4b" outcome="Passed" testListId="8c84fa94-04c1-424b-9868-57a2d4851a1d" relativeResultsDirectory="494b2c59-ad3a-4cec-a28b-7289c918f23e" />
    <UnitTestResult executionId="59a7501c-7bf3-49a8-b22d-f62e3f2b9e98" testId="8711fcc3-eab8-86a0-2ca3-46b7c717fdd4" testName="TestCreateMipTabWorkroom_workSpaceItemIsNull_FailWithArgumentNullException" computerName="DKSR-EFI-04" duration="00:00:00.0015512" startTime="2023-12-22T09:38:30.5344485+01:00" endTime="2023-12-22T09:38:30.5361296+01:00" testType="13cdc9d9-ddb5-4fa4-a97d-d965ccfc6d4b" outcome="Passed" testListId="8c84fa94-04c1-424b-9868-57a2d4851a1d" relativeResultsDirectory="59a7501c-7bf3-49a8-b22d-f62e3f2b9e98" />
    <UnitTestResult executionId="fe4ce001-3fa0-4500-b7b4-ab5c8ccac839" testId="9338997c-d9a9-672b-42cd-fbb543d1c72e" testName="SearchResultsActionBarActions_Export_InvokeCommand_DeviceNotAvailable_Failure" computerName="DKSR-EFI-04" duration="00:00:00.0133170" startTime="2023-12-22T09:39:10.8150554+01:00" endTime="2023-12-22T09:39:10.8285902+01:00" testType="13cdc9d9-ddb5-4fa4-a97d-d965ccfc6d4b" outcome="Passed" testListId="8c84fa94-04c1-424b-9868-57a2d4851a1d" relativeResultsDirectory="fe4ce001-3fa0-4500-b7b4-ab5c8ccac839" />
    <UnitTestResult executionId="8fd8343d-2068-42ee-bba2-c1233979184b" testId="15256628-10ab-395d-cdc0-982196f2d384" testName="PtzInfoViewModel_PtzReservedByCurrentUserTest" computerName="DKSR-EFI-04" duration="00:00:00.0009485" startTime="2023-12-22T09:38:32.5280974+01:00" endTime="2023-12-22T09:38:32.5291601+01:00" testType="13cdc9d9-ddb5-4fa4-a97d-d965ccfc6d4b" outcome="Passed" testListId="8c84fa94-04c1-424b-9868-57a2d4851a1d" relativeResultsDirectory="8fd8343d-2068-42ee-bba2-c1233979184b" />
    <UnitTestResult executionId="1c859b57-5582-4939-9323-4753fbd81628" testId="4586ccb8-434e-a6fb-3efe-7ae23e91a4a4" testName="MarkerOnMouseLeftButtonDoubleClicked_ShouldCallToggleMicrophoneStateAsync_WhenIsInLiveMode" computerName="DKSR-EFI-04" duration="00:00:00.0467149" startTime="2023-12-22T09:38:37.7151137+01:00" endTime="2023-12-22T09:38:37.7643916+01:00" testType="13cdc9d9-ddb5-4fa4-a97d-d965ccfc6d4b" outcome="Passed" testListId="8c84fa94-04c1-424b-9868-57a2d4851a1d" relativeResultsDirectory="1c859b57-5582-4939-9323-4753fbd81628" />
    <UnitTestResult executionId="1a55d9b4-f882-4591-bfe0-331d1313eff6" testId="fefc1ca8-7f95-c638-84b7-b1c00b90c427" testName="GetGuidProviderStrategyByEventServerId_ShouldReturnOneMd5Strategy_WhenEventServerIdIsNonFipsCompliant" computerName="DKSR-EFI-04" duration="00:00:00.0004075" startTime="2023-12-22T09:39:39.8010536+01:00" endTime="2023-12-22T09:39:39.8016004+01:00" testType="13cdc9d9-ddb5-4fa4-a97d-d965ccfc6d4b" outcome="Passed" testListId="8c84fa94-04c1-424b-9868-57a2d4851a1d" relativeResultsDirectory="1a55d9b4-f882-4591-bfe0-331d1313eff6" />
    <UnitTestResult executionId="d90904bd-4f22-419e-ac0e-3b1403b181f0" testId="dc3b0316-49f0-426f-b38e-3bcd6e62bfdd" testName="NavigateAndSelectAsync_ReCenterCommandDisabled_Success" computerName="DKSR-EFI-04" duration="00:00:00.1925398" startTime="2023-12-22T09:38:34.2835968+01:00" endTime="2023-12-22T09:38:34.4790901+01:00" testType="13cdc9d9-ddb5-4fa4-a97d-d965ccfc6d4b" outcome="Passed" testListId="8c84fa94-04c1-424b-9868-57a2d4851a1d" relativeResultsDirectory="d90904bd-4f22-419e-ac0e-3b1403b181f0" />
    <UnitTestResult executionId="faa658cf-de33-4586-aab6-8c6eebfb2bcf" testId="bf3342cd-aa37-ec7a-aed8-02a15815d43f" testName="TestGetAllTasks" computerName="DKSR-EFI-04" duration="00:00:00.0074141" startTime="2023-12-22T09:39:33.3671782+01:00" endTime="2023-12-22T09:39:33.3747519+01:00" testType="13cdc9d9-ddb5-4fa4-a97d-d965ccfc6d4b" outcome="Passed" testListId="8c84fa94-04c1-424b-9868-57a2d4851a1d" relativeResultsDirectory="faa658cf-de33-4586-aab6-8c6eebfb2bcf" />
    <UnitTestResult executionId="47b26a7b-bf8d-4c14-8319-64b83fe1be20" testId="a4ec8e4b-30aa-49df-138f-1971a7f8ca38" testName="ToUnsafeName_NullString_Success" computerName="DKSR-EFI-04" duration="00:00:00.0001079" startTime="2023-12-22T09:39:38.6193613+01:00" endTime="2023-12-22T09:39:38.6195914+01:00" testType="13cdc9d9-ddb5-4fa4-a97d-d965ccfc6d4b" outcome="Passed" testListId="8c84fa94-04c1-424b-9868-57a2d4851a1d" relativeResultsDirectory="47b26a7b-bf8d-4c14-8319-64b83fe1be20" />
    <UnitTestResult executionId="11693849-6d9c-4dd1-8dc6-6199b3b76326" testId="4ab80538-8920-6bd3-f5bf-6a692e875394" testName="GetUtcToday_DifferentTimeZoneNoDst_Success" computerName="DKSR-EFI-04" duration="00:00:00.0013373" startTime="2023-12-22T09:39:13.7843927+01:00" endTime="2023-12-22T09:39:13.7858667+01:00" testType="13cdc9d9-ddb5-4fa4-a97d-d965ccfc6d4b" outcome="Passed" testListId="8c84fa94-04c1-424b-9868-57a2d4851a1d" relativeResultsDirectory="11693849-6d9c-4dd1-8dc6-6199b3b76326" />
    <UnitTestResult executionId="9f85d3b0-03de-4a1d-9eb9-ae55a4bcabbd" testId="4c310887-8495-4e52-0457-4cbe13b9a200" testName="NavigateAndSelectAsync_PanMap_ReCenterCommandEnabled" computerName="DKSR-EFI-04" duration="00:00:00.0356871" startTime="2023-12-22T09:38:34.5482667+01:00" endTime="2023-12-22T09:38:34.5866174+01:00" testType="13cdc9d9-ddb5-4fa4-a97d-d965ccfc6d4b" outcome="Passed" testListId="8c84fa94-04c1-424b-9868-57a2d4851a1d" relativeResultsDirectory="9f85d3b0-03de-4a1d-9eb9-ae55a4bcabbd" />
    <UnitTestResult executionId="71a2b6c4-c06e-40e7-bbd1-6d375512eda2" testId="27f390ff-a294-3ac4-6f34-9d39f621e68b" testName="Ctor_NullItems_ThrowsException" computerName="DKSR-EFI-04" duration="00:00:00.0002510" startTime="2023-12-22T09:39:33.2778268+01:00" endTime="2023-12-22T09:39:33.2782360+01:00" testType="13cdc9d9-ddb5-4fa4-a97d-d965ccfc6d4b" outcome="Passed" testListId="8c84fa94-04c1-424b-9868-57a2d4851a1d" relativeResultsDirectory="71a2b6c4-c06e-40e7-bbd1-6d375512eda2" />
    <UnitTestResult executionId="fbb5f2a1-8d5f-469d-bcf7-bfde259a953f" testId="f6db960c-c26a-9ba9-bdda-2ac9e0b27970" testName="PtzPresetsMenuViewModel_PtzCotrolledByAnonymousTest" computerName="DKSR-EFI-04" duration="00:00:00.0009720" startTime="2023-12-22T09:39:36.4984310+01:00" endTime="2023-12-22T09:39:36.4995383+01:00" testType="13cdc9d9-ddb5-4fa4-a97d-d965ccfc6d4b" outcome="Passed" testListId="8c84fa94-04c1-424b-9868-57a2d4851a1d" relativeResultsDirectory="fbb5f2a1-8d5f-469d-bcf7-bfde259a953f" />
    <UnitTestResult executionId="8d6f39ba-1a25-4b44-aaec-e8314ded7c8d" testId="4af45186-897f-200d-9f00-a1608aaab093" testName="NavigateAndSelectAsync_ReCenterCommandUsesOriginalValues" computerName="DKSR-EFI-04" duration="00:00:00.0284260" startTime="2023-12-22T09:38:34.6774914+01:00" endTime="2023-12-22T09:38:34.7086035+01:00" testType="13cdc9d9-ddb5-4fa4-a97d-d965ccfc6d4b" outcome="Passed" testListId="8c84fa94-04c1-424b-9868-57a2d4851a1d" relativeResultsDirectory="8d6f39ba-1a25-4b44-aaec-e8314ded7c8d" />
    <UnitTestResult executionId="acf9dc92-3476-44bb-bc62-0d58ee943e6b" testId="1b7a8e72-6c5b-1b1a-773c-d218457056e9" testName="SmartMapSelectItemHandler_WhenDataIsNotSmartMapSelectItemCommandData_ShouldWriteToLog" computerName="DKSR-EFI-04" duration="00:00:00.0010473" startTime="2023-12-22T09:38:38.6077011+01:00" endTime="2023-12-22T09:38:38.6088834+01:00" testType="13cdc9d9-ddb5-4fa4-a97d-d965ccfc6d4b" outcome="Passed" testListId="8c84fa94-04c1-424b-9868-57a2d4851a1d" relativeResultsDirectory="acf9dc92-3476-44bb-bc62-0d58ee943e6b" />
    <UnitTestResult executionId="2a585503-855b-4e2f-87e7-f439d83ab8e3" testId="62c0f445-e4f5-0b37-109b-e9362caf5a8c" testName="Unrelated_devices_removed_when_camera_removed" computerName="DKSR-EFI-04" duration="00:00:00.0018267" startTime="2023-12-22T09:39:39.4756277+01:00" endTime="2023-12-22T09:39:39.4775835+01:00" testType="13cdc9d9-ddb5-4fa4-a97d-d965ccfc6d4b" outcome="Passed" testListId="8c84fa94-04c1-424b-9868-57a2d4851a1d" relativeResultsDirectory="2a585503-855b-4e2f-87e7-f439d83ab8e3" />
    <UnitTestResult executionId="6b8d8e84-02e8-49de-a6f3-51f71bb089f5" testId="0c42f315-9eeb-2ce5-c75f-9a00eaad39ea" testName="Path enabled, not forced" computerName="DKSR-EFI-04" duration="00:00:00.0041058" startTime="2023-12-22T09:38:40.2085933+01:00" endTime="2023-12-22T09:38:40.2128735+01:00" testType="13cdc9d9-ddb5-4fa4-a97d-d965ccfc6d4b" outcome="Passed" testListId="8c84fa94-04c1-424b-9868-57a2d4851a1d" relativeResultsDirectory="6b8d8e84-02e8-49de-a6f3-51f71bb089f5" />
    <UnitTestResult executionId="ef7b9913-876d-4fcf-a19d-3f0fce6c26df" testId="731f7e19-89ff-c108-ad63-9eb46b5c0a59" testName="PatrollingStepViewModel_Speed" computerName="DKSR-EFI-04" duration="00:00:00.0023946" startTime="2023-12-22T09:39:32.2823275+01:00" endTime="2023-12-22T09:39:32.2848635+01:00" testType="13cdc9d9-ddb5-4fa4-a97d-d965ccfc6d4b" outcome="Passed" testListId="8c84fa94-04c1-424b-9868-57a2d4851a1d" relativeResultsDirectory="ef7b9913-876d-4fcf-a19d-3f0fce6c26df" />
    <UnitTestResult executionId="9bb9ffe4-5d28-4169-92b1-62bb11cdd37d" testId="e8fbfc8d-82fa-6534-4e95-6007f14b30c3" testName="IsCamera_ShouldReturnTrue_WhenSingleCameraGourpSelected" computerName="DKSR-EFI-04" duration="00:00:00.0003388" startTime="2023-12-22T09:39:35.0335938+01:00" endTime="2023-12-22T09:39:35.0340997+01:00" testType="13cdc9d9-ddb5-4fa4-a97d-d965ccfc6d4b" outcome="Passed" testListId="8c84fa94-04c1-424b-9868-57a2d4851a1d" relativeResultsDirectory="9bb9ffe4-5d28-4169-92b1-62bb11cdd37d" />
    <UnitTestResult executionId="f7edc4c3-97af-4f1f-aa96-116d616c304c" testId="93ea4899-517e-c6f1-21bb-544e5f026df8" testName="RetrievalTestStopping" computerName="DKSR-EFI-04" duration="00:00:00.0107522" startTime="2023-12-22T09:39:33.4114451+01:00" endTime="2023-12-22T09:39:33.4223585+01:00" testType="13cdc9d9-ddb5-4fa4-a97d-d965ccfc6d4b" outcome="Passed" testListId="8c84fa94-04c1-424b-9868-57a2d4851a1d" relativeResultsDirectory="f7edc4c3-97af-4f1f-aa96-116d616c304c" />
    <UnitTestResult executionId="2e8dc863-1695-4478-a2c1-95b4041e5fd3" testId="2c8890ce-c89d-6a9e-b8c6-3ef6c4bffec5" testName="IsDeviceSupported_ShouldReturnTrue_WhenMicrophoneKind" computerName="DKSR-EFI-04" duration="00:00:00.0001409" startTime="2023-12-22T09:38:39.9012898+01:00" endTime="2023-12-22T09:38:39.9015431+01:00" testType="13cdc9d9-ddb5-4fa4-a97d-d965ccfc6d4b" outcome="Passed" testListId="8c84fa94-04c1-424b-9868-57a2d4851a1d" relativeResultsDirectory="2e8dc863-1695-4478-a2c1-95b4041e5fd3" />
    <UnitTestResult executionId="25d7828a-2bfc-4c38-93b6-b4ce48e2dc7c" testId="dc138ee9-21ff-a5b7-13f9-f62a771c926b" testName="IconValueConverter_ConvertInvalidIconSource_Null" computerName="DKSR-EFI-04" duration="00:00:00.0005257" startTime="2023-12-22T09:38:59.0293585+01:00" endTime="2023-12-22T09:38:59.0300195+01:00" testType="13cdc9d9-ddb5-4fa4-a97d-d965ccfc6d4b" outcome="Passed" testListId="8c84fa94-04c1-424b-9868-57a2d4851a1d" relativeResultsDirectory="25d7828a-2bfc-4c38-93b6-b4ce48e2dc7c" />
    <UnitTestResult executionId="3d45ce4b-c256-47d0-af16-3e9d452fc3d9" testId="9bd8fc1b-1a96-e8b5-9458-0cf7f053c050" testName="ShowPermissionDeniedToasts_ShouldShowCorrectNumberOfToasts (0,0)" computerName="DKSR-EFI-04" duration="00:00:00.0011424" startTime="2023-12-22T09:39:33.8051736+01:00" endTime="2023-12-22T09:39:33.8064739+01:00" testType="13cdc9d9-ddb5-4fa4-a97d-d965ccfc6d4b" outcome="Passed" testListId="8c84fa94-04c1-424b-9868-57a2d4851a1d" relativeResultsDirectory="3d45ce4b-c256-47d0-af16-3e9d452fc3d9" />
    <UnitTestResult executionId="95cd0d64-21ff-4413-806a-790d4c88a04f" testId="9b6f16d4-c136-10d2-3821-bfa9982ae3af" testName="AddSelectedWindowsToExport_ShouldAddToExportData (1)" computerName="DKSR-EFI-04" duration="00:00:00.0026191" startTime="2023-12-22T09:39:33.7021100+01:00" endTime="2023-12-22T09:39:33.7048833+01:00" testType="13cdc9d9-ddb5-4fa4-a97d-d965ccfc6d4b" outcome="Passed" testListId="8c84fa94-04c1-424b-9868-57a2d4851a1d" relativeResultsDirectory="95cd0d64-21ff-4413-806a-790d4c88a04f" />
    <UnitTestResult executionId="c16c9ddd-8aee-46bf-af21-f04588200a0e" testId="b520e9be-bd72-d8ea-61ca-a3966da610ee" testName="Password1 invalid, Password 2 invalid" computerName="DKSR-EFI-04" duration="00:00:00.0003644" startTime="2023-12-22T09:38:40.9617327+01:00" endTime="2023-12-22T09:38:40.9622377+01:00" testType="13cdc9d9-ddb5-4fa4-a97d-d965ccfc6d4b" outcome="Passed" testListId="8c84fa94-04c1-424b-9868-57a2d4851a1d" relativeResultsDirectory="c16c9ddd-8aee-46bf-af21-f04588200a0e" />
    <UnitTestResult executionId="2eed59a7-e2bf-45e7-b728-b2ca8ec11cb1" testId="898a040b-fc5b-2cd2-659c-46113f65fe38" testName="ToDenormalizedDirection_0_25" computerName="DKSR-EFI-04" duration="00:00:00.0000924" startTime="2023-12-22T09:39:26.7934893+01:00" endTime="2023-12-22T09:39:26.7937131+01:00" testType="13cdc9d9-ddb5-4fa4-a97d-d965ccfc6d4b" outcome="Passed" testListId="8c84fa94-04c1-424b-9868-57a2d4851a1d" relativeResultsDirectory="2eed59a7-e2bf-45e7-b728-b2ca8ec11cb1" />
    <UnitTestResult executionId="e2df15bc-0f4d-415e-8205-3128396bfb5d" testId="a189583c-978a-c969-def3-f27770df3054" testName="ClearAllItemOutlines_MappedToViewModel_Success" computerName="DKSR-EFI-04" duration="00:00:00.0089454" startTime="2023-12-22T09:38:38.9069489+01:00" endTime="2023-12-22T09:38:38.9183675+01:00" testType="13cdc9d9-ddb5-4fa4-a97d-d965ccfc6d4b" outcome="Passed" testListId="8c84fa94-04c1-424b-9868-57a2d4851a1d" relativeResultsDirectory="e2df15bc-0f4d-415e-8205-3128396bfb5d" />
    <UnitTestResult executionId="7b898d32-c696-433d-a9cc-113e58ea8421" testId="3ab16e75-8a5c-b09f-3b52-52df61cf6c95" testName="JobData_SetsCorrect_StatusText_And_SortOrder" computerName="DKSR-EFI-04" duration="00:00:00.0895314" startTime="2023-12-22T09:39:32.3879708+01:00" endTime="2023-12-22T09:39:32.4778081+01:00" testType="13cdc9d9-ddb5-4fa4-a97d-d965ccfc6d4b" outcome="Passed" testListId="8c84fa94-04c1-424b-9868-57a2d4851a1d" relativeResultsDirectory="7b898d32-c696-433d-a9cc-113e58ea8421" />
    <UnitTestResult executionId="794b95b7-97b0-4d77-9952-3e7dee8271dd" testId="8dd7c6d4-048f-e61d-123a-5b91a453390c" testName="Categories_ValidateCollection" computerName="DKSR-EFI-04" duration="00:00:00.0054757" startTime="2023-12-22T09:39:14.1770610+01:00" endTime="2023-12-22T09:39:14.1827438+01:00" testType="13cdc9d9-ddb5-4fa4-a97d-d965ccfc6d4b" outcome="Passed" testListId="8c84fa94-04c1-424b-9868-57a2d4851a1d" relativeResultsDirectory="794b95b7-97b0-4d77-9952-3e7dee8271dd" />
    <UnitTestResult executionId="8475e86b-5575-4cf5-a2bc-691650773fe3" testId="fe22a4f5-f49f-f59f-57fa-2e035d1a94ac" testName="IsVisible_ZeroSelectedResults_ReturnsFalse" computerName="DKSR-EFI-04" duration="00:00:00.0313437" startTime="2023-12-22T09:39:10.4321306+01:00" endTime="2023-12-22T09:39:10.4636576+01:00" testType="13cdc9d9-ddb5-4fa4-a97d-d965ccfc6d4b" outcome="Passed" testListId="8c84fa94-04c1-424b-9868-57a2d4851a1d" relativeResultsDirectory="8475e86b-5575-4cf5-a2bc-691650773fe3" />
    <UnitTestResult executionId="01730046-7a6a-4871-8536-ea4fd13d3844" testId="f8f04b21-fad0-48a3-39ca-a5f162fe7d64" testName="Convert_InvalidArgumentCount_MoreThanExpected_Collapsed" computerName="DKSR-EFI-04" duration="00:00:00.0001675" startTime="2023-12-22T09:38:59.0510821+01:00" endTime="2023-12-22T09:38:59.0513786+01:00" testType="13cdc9d9-ddb5-4fa4-a97d-d965ccfc6d4b" outcome="Passed" testListId="8c84fa94-04c1-424b-9868-57a2d4851a1d" relativeResultsDirectory="01730046-7a6a-4871-8536-ea4fd13d3844" />
    <UnitTestResult executionId="b59ee333-2e26-4ff3-b0e3-a51f174c87ca" testId="dc622a34-8cc7-4600-a4f3-cf01b26ced88" testName="GetSubGroup_NewUser" computerName="DKSR-EFI-04" duration="00:00:00.0003503" startTime="2023-12-22T09:38:32.3131100+01:00" endTime="2023-12-22T09:38:32.3135839+01:00" testType="13cdc9d9-ddb5-4fa4-a97d-d965ccfc6d4b" outcome="Passed" testListId="8c84fa94-04c1-424b-9868-57a2d4851a1d" relativeResultsDirectory="b59ee333-2e26-4ff3-b0e3-a51f174c87ca" />
    <UnitTestResult executionId="bf965f04-1632-4d39-b7cf-be5508fe59d9" testId="33935880-2468-ac2a-2804-1f3918d25628" testName="AddSelectedWindowsToExport_ShouldShowCorrectToastMessages (0,5,5)" computerName="DKSR-EFI-04" duration="00:00:00.0046047" startTime="2023-12-22T09:39:33.7500490+01:00" endTime="2023-12-22T09:39:33.7548288+01:00" testType="13cdc9d9-ddb5-4fa4-a97d-d965ccfc6d4b" outcome="Passed" testListId="8c84fa94-04c1-424b-9868-57a2d4851a1d" relativeResultsDirectory="bf965f04-1632-4d39-b7cf-be5508fe59d9" />
    <UnitTestResult executionId="a7bfbd09-e6c8-48a3-9005-6d03bdce5910" testId="222612dc-51ac-9b64-f67c-78952b32c155" testName="HandleSetLayerFeatures_ShouldUpdateCameraLayerFeatures_WhenCameraKindAndCameraLayerFeatures" computerName="DKSR-EFI-04" duration="00:00:00.0012999" startTime="2023-12-22T09:39:31.2527217+01:00" endTime="2023-12-22T09:39:31.2542080+01:00" testType="13cdc9d9-ddb5-4fa4-a97d-d965ccfc6d4b" outcome="Passed" testListId="8c84fa94-04c1-424b-9868-57a2d4851a1d" relativeResultsDirectory="a7bfbd09-e6c8-48a3-9005-6d03bdce5910" />
    <UnitTestResult executionId="ece25652-54b0-485d-85e8-e2a6397a9444" testId="84cdc42c-8723-3f7f-aeea-e185addc7b1d" testName="PtzInfoViewModel_SetInfo_PtzSessionControllerInfo_ArgumentNullCheckTest" computerName="DKSR-EFI-04" duration="00:00:00.0009419" startTime="2023-12-22T09:38:32.5144428+01:00" endTime="2023-12-22T09:38:32.5155542+01:00" testType="13cdc9d9-ddb5-4fa4-a97d-d965ccfc6d4b" outcome="Passed" testListId="8c84fa94-04c1-424b-9868-57a2d4851a1d" relativeResultsDirectory="ece25652-54b0-485d-85e8-e2a6397a9444" />
    <UnitTestResult executionId="4884e902-cdc5-49bc-9b40-8a446a7877bc" testId="10a1b738-5399-5e92-e2ed-009c7ed9c454" testName="AddLevelWithLoadNewLevel_Success" computerName="DKSR-EFI-04" duration="00:00:00.0254868" startTime="2023-12-22T09:39:31.0308203+01:00" endTime="2023-12-22T09:39:31.0565279+01:00" testType="13cdc9d9-ddb5-4fa4-a97d-d965ccfc6d4b" outcome="Passed" testListId="8c84fa94-04c1-424b-9868-57a2d4851a1d" relativeResultsDirectory="4884e902-cdc5-49bc-9b40-8a446a7877bc" />
    <UnitTestResult executionId="a96b34bb-4482-42ab-b1fe-bbb3be3a903a" testId="ca54778c-c4c5-e9c4-6078-1f6eb9837f98" testName="UpdateItemState_Enabled_AllTrue" computerName="DKSR-EFI-04" duration="00:00:00.0321978" startTime="2023-12-22T09:39:36.5035694+01:00" endTime="2023-12-22T09:39:36.5360705+01:00" testType="13cdc9d9-ddb5-4fa4-a97d-d965ccfc6d4b" outcome="Passed" testListId="8c84fa94-04c1-424b-9868-57a2d4851a1d" relativeResultsDirectory="a96b34bb-4482-42ab-b1fe-bbb3be3a903a" />
    <UnitTestResult executionId="b26a6dc3-e4e4-48f4-8f2a-e2c75d8efc64" testId="9d8dbace-9130-7ffd-4719-3c557ceeb743" testName="CreateSearchDefinition_MultipleCalls_FactoryInvokedWithUniqueSearchManagers" computerName="DKSR-EFI-04" duration="00:00:00.0019220" startTime="2023-12-22T09:39:25.4613190+01:00" endTime="2023-12-22T09:39:25.4633874+01:00" testType="13cdc9d9-ddb5-4fa4-a97d-d965ccfc6d4b" outcome="Passed" testListId="8c84fa94-04c1-424b-9868-57a2d4851a1d" relativeResultsDirectory="b26a6dc3-e4e4-48f4-8f2a-e2c75d8efc64" />
    <UnitTestResult executionId="72afc205-fc93-4673-9774-cdcd42b98f65" testId="6dc834ce-7990-c21f-5442-e578c180d56f" testName="AutomationId_ShouldBeValid_WhenInteractionStateIsOutput" computerName="DKSR-EFI-04" duration="00:00:00.0001551" startTime="2023-12-22T09:38:34.9182098+01:00" endTime="2023-12-22T09:38:34.9184822+01:00" testType="13cdc9d9-ddb5-4fa4-a97d-d965ccfc6d4b" outcome="Passed" testListId="8c84fa94-04c1-424b-9868-57a2d4851a1d" relativeResultsDirectory="72afc205-fc93-4673-9774-cdcd42b98f65" />
    <UnitTestResult executionId="03f9463b-0cef-447d-90c0-cfdec7d1907d" testId="52b60312-f92a-489e-ac83-49b5962a1a66" testName="GetServerTiles_ShouldReturnCorrectServerTilesWithGroupTest" computerName="DKSR-EFI-04" duration="00:00:00.0027944" startTime="2023-12-22T09:39:35.0792915+01:00" endTime="2023-12-22T09:39:35.0822183+01:00" testType="13cdc9d9-ddb5-4fa4-a97d-d965ccfc6d4b" outcome="Passed" testListId="8c84fa94-04c1-424b-9868-57a2d4851a1d" relativeResultsDirectory="03f9463b-0cef-447d-90c0-cfdec7d1907d" />
    <UnitTestResult executionId="b71954be-c785-4cac-a4ae-3b53f1e2e059" testId="ccbe9915-207e-f3b0-9e57-5dc3348b938c" testName="MonitorState_Equal_Tests" computerName="DKSR-EFI-04" duration="00:00:00.0011252" startTime="2023-12-22T09:39:39.8362790+01:00" endTime="2023-12-22T09:39:39.8375498+01:00" testType="13cdc9d9-ddb5-4fa4-a97d-d965ccfc6d4b" outcome="Passed" testListId="8c84fa94-04c1-424b-9868-57a2d4851a1d" relativeResultsDirectory="b71954be-c785-4cac-a4ae-3b53f1e2e059" />
    <UnitTestResult executionId="ce0ea6ab-7eb7-4d06-8f22-5072e9c0f365" testId="5b1fb637-3ca1-9a80-d25d-3a01eede0458" testName="AddApiKey_WhereApiKeyNull_ThrowException" computerName="DKSR-EFI-04" duration="00:00:00.0003963" startTime="2023-12-22T09:38:34.9004275+01:00" endTime="2023-12-22T09:38:34.9009752+01:00" testType="13cdc9d9-ddb5-4fa4-a97d-d965ccfc6d4b" outcome="Passed" testListId="8c84fa94-04c1-424b-9868-57a2d4851a1d" relativeResultsDirectory="ce0ea6ab-7eb7-4d06-8f22-5072e9c0f365" />
    <UnitTestResult executionId="f3e6ecd2-6a50-466b-87f6-5f7ba511207c" testId="cb87ae3f-127d-d533-f5f1-ec7b4f65cbcc" testName="SearchResultsActionBarActions_Export_OptionMediaPlayerAvailable_OtherExportOptionsUnavailable_NotVisible" computerName="DKSR-EFI-04" duration="00:00:00.0064140" startTime="2023-12-22T09:39:10.7770120+01:00" endTime="2023-12-22T09:39:10.7835706+01:00" testType="13cdc9d9-ddb5-4fa4-a97d-d965ccfc6d4b" outcome="Passed" testListId="8c84fa94-04c1-424b-9868-57a2d4851a1d" relativeResultsDirectory="f3e6ecd2-6a50-466b-87f6-5f7ba511207c" />
    <UnitTestResult executionId="da40f642-fe04-46b1-bea7-cd81348fe9bf" testId="2eb02be1-be5b-c75f-226f-8371b8170b9a" testName="GetCameraTiles_ShouldReturnCorrectCameraTilesWithGroupTest" computerName="DKSR-EFI-04" duration="00:00:00.0290992" startTime="2023-12-22T09:39:35.0398789+01:00" endTime="2023-12-22T09:39:35.0692251+01:00" testType="13cdc9d9-ddb5-4fa4-a97d-d965ccfc6d4b" outcome="Passed" testListId="8c84fa94-04c1-424b-9868-57a2d4851a1d" relativeResultsDirectory="da40f642-fe04-46b1-bea7-cd81348fe9bf" />
    <UnitTestResult executionId="f88582a1-efab-409a-89ac-305e084ca6d0" testId="cc5bf0e8-1cf1-748c-6f30-7b7cfd04c1dc" testName="UpdateItemState_Hidden_WrongServerTypes" computerName="DKSR-EFI-04" duration="00:00:00.0031042" startTime="2023-12-22T09:39:36.5419513+01:00" endTime="2023-12-22T09:39:36.5451941+01:00" testType="13cdc9d9-ddb5-4fa4-a97d-d965ccfc6d4b" outcome="Passed" testListId="8c84fa94-04c1-424b-9868-57a2d4851a1d" relativeResultsDirectory="f88582a1-efab-409a-89ac-305e084ca6d0" />
    <UnitTestResult executionId="0fc0ddbb-86a5-48bf-8cb4-0b19c9377e66" testId="bcd71d5d-281d-5d3b-7426-e01e3ca8b29e" testName="Compare_ShouldSortByPrimaryEventTime_WhenCombinedResultsAreEquallyRelevant" computerName="DKSR-EFI-04" duration="00:00:00.0012822" startTime="2023-12-22T09:39:14.6446463+01:00" endTime="2023-12-22T09:39:14.6460705+01:00" testType="13cdc9d9-ddb5-4fa4-a97d-d965ccfc6d4b" outcome="Passed" testListId="8c84fa94-04c1-424b-9868-57a2d4851a1d" relativeResultsDirectory="0fc0ddbb-86a5-48bf-8cb4-0b19c9377e66" />
    <UnitTestResult executionId="b97d873c-ad08-4005-a4c1-f34b88d1d336" testId="642e6019-2faa-a30d-dbaf-ea59f97e9c72" testName="SearchAction_BrowseMode_OneYearInThePast" computerName="DKSR-EFI-04" duration="00:00:00.0090112" startTime="2023-12-22T09:39:34.2195469+01:00" endTime="2023-12-22T09:39:34.2287250+01:00" testType="13cdc9d9-ddb5-4fa4-a97d-d965ccfc6d4b" outcome="Passed" testListId="8c84fa94-04c1-424b-9868-57a2d4851a1d" relativeResultsDirectory="b97d873c-ad08-4005-a4c1-f34b88d1d336" />
    <UnitTestResult executionId="f99fd15f-0326-4d1d-aaad-6a03159ee7a8" testId="cd84e885-1918-e01a-687a-a984ec9c18f5" testName="LoadInitialState_InvalidState_ReturnsNewEmptyState" computerName="DKSR-EFI-04" duration="00:00:00.0014475" startTime="2023-12-22T09:38:41.1279357+01:00" endTime="2023-12-22T09:38:41.1295183+01:00" testType="13cdc9d9-ddb5-4fa4-a97d-d965ccfc6d4b" outcome="Passed" testListId="8c84fa94-04c1-424b-9868-57a2d4851a1d" relativeResultsDirectory="f99fd15f-0326-4d1d-aaad-6a03159ee7a8" />
    <UnitTestResult executionId="8ed3f8b5-7f91-438a-8957-a490adb3d0ad" testId="cb217fc0-412f-9e5e-8b31-b39324af2ee8" testName="SearchAction_BrowseMode_OneYearInTheFuture" computerName="DKSR-EFI-04" duration="00:00:00.0071486" startTime="2023-12-22T09:39:34.2292547+01:00" endTime="2023-12-22T09:39:34.2365646+01:00" testType="13cdc9d9-ddb5-4fa4-a97d-d965ccfc6d4b" outcome="Passed" testListId="8c84fa94-04c1-424b-9868-57a2d4851a1d" relativeResultsDirectory="8ed3f8b5-7f91-438a-8957-a490adb3d0ad" />
    <UnitTestResult executionId="77182af6-a6d3-43fc-9f72-a95e5ca79894" testId="e9266c48-cfc4-e144-1936-f643e910fdf5" testName="GisMapModel_Save_Success" computerName="DKSR-EFI-04" duration="00:00:00.0198895" startTime="2023-12-22T09:39:28.1926240+01:00" endTime="2023-12-22T09:39:28.2126946+01:00" testType="13cdc9d9-ddb5-4fa4-a97d-d965ccfc6d4b" outcome="Passed" testListId="8c84fa94-04c1-424b-9868-57a2d4851a1d" relativeResultsDirectory="77182af6-a6d3-43fc-9f72-a95e5ca79894" />
    <UnitTestResult executionId="0db82330-64e2-45b9-ad5e-e9863cacfad1" testId="f192461d-c04b-ccd8-4669-21b5fa7a7ede" testName="SuspendedPropertyChanged_Success" computerName="DKSR-EFI-04" duration="00:00:00.7507928" startTime="2023-12-22T09:38:55.3917764+01:00" endTime="2023-12-22T09:38:56.1456747+01:00" testType="13cdc9d9-ddb5-4fa4-a97d-d965ccfc6d4b" outcome="Passed" testListId="8c84fa94-04c1-424b-9868-57a2d4851a1d" relativeResultsDirectory="0db82330-64e2-45b9-ad5e-e9863cacfad1" />
    <UnitTestResult executionId="94a673a3-3982-4307-bd44-6e413b5f96f1" testId="fd11af71-a4c4-5921-60ab-2b01bfd9ee13" testName="ScWorkspaceStateChangedEvent_ShouldKeepIsSelected_WhenSwitchingToSetupMode" computerName="DKSR-EFI-04" duration="00:00:00.0143474" startTime="2023-12-22T09:39:29.1962914+01:00" endTime="2023-12-22T09:39:29.2131615+01:00" testType="13cdc9d9-ddb5-4fa4-a97d-d965ccfc6d4b" outcome="Passed" testListId="8c84fa94-04c1-424b-9868-57a2d4851a1d" relativeResultsDirectory="94a673a3-3982-4307-bd44-6e413b5f96f1" />
    <UnitTestResult executionId="765d7a13-59f5-428c-b0fc-3cac5847693f" testId="53482988-7657-3aab-fcf9-974d42e0179b" testName="SidePanelToggleButtonIsVisible_DependingOnConditions (Normal,True,True,False)" computerName="DKSR-EFI-04" duration="00:00:00.0179935" startTime="2023-12-22T09:39:32.9924645+01:00" endTime="2023-12-22T09:39:33.0107101+01:00" testType="13cdc9d9-ddb5-4fa4-a97d-d965ccfc6d4b" outcome="Passed" testListId="8c84fa94-04c1-424b-9868-57a2d4851a1d" relativeResultsDirectory="765d7a13-59f5-428c-b0fc-3cac5847693f" />
    <UnitTestResult executionId="408742fd-84ed-4785-b1b0-3b5ebebb382f" testId="31863e20-a64d-0b66-e341-1da2a444bd4d" testName="OutputMapItem_ForceActivateAsync_InBuilding_Success" computerName="DKSR-EFI-04" duration="00:00:00.1939436" startTime="2023-12-22T09:39:29.8176541+01:00" endTime="2023-12-22T09:39:30.0117805+01:00" testType="13cdc9d9-ddb5-4fa4-a97d-d965ccfc6d4b" outcome="Passed" testListId="8c84fa94-04c1-424b-9868-57a2d4851a1d" relativeResultsDirectory="408742fd-84ed-4785-b1b0-3b5ebebb382f" />
    <UnitTestResult executionId="fb49c03d-d7bf-45c1-9785-8c22b8c5f26b" testId="134dc4da-478b-60fb-2dfc-b3d26508bd1a" testName="BoundingBoxLiveStartNoLiveOrPlaybackHandler" computerName="DKSR-EFI-04" duration="00:00:00.0007712" startTime="2023-12-22T09:39:34.5405985+01:00" endTime="2023-12-22T09:39:34.5415147+01:00" testType="13cdc9d9-ddb5-4fa4-a97d-d965ccfc6d4b" outcome="Passed" testListId="8c84fa94-04c1-424b-9868-57a2d4851a1d" relativeResultsDirectory="fb49c03d-d7bf-45c1-9785-8c22b8c5f26b" />
    <UnitTestResult executionId="b38ba61d-a486-4e7e-84d5-708b67ebbb7e" testId="965180e6-a25e-a55d-955c-d1e2d083f58f" testName="ActiveInteractionStateBinding_ShouldNotBeNull_WhenCtorIsCalled" computerName="DKSR-EFI-04" duration="00:00:00.0282822" startTime="2023-12-22T09:38:36.4366544+01:00" endTime="2023-12-22T09:38:36.4676902+01:00" testType="13cdc9d9-ddb5-4fa4-a97d-d965ccfc6d4b" outcome="Passed" testListId="8c84fa94-04c1-424b-9868-57a2d4851a1d" relativeResultsDirectory="b38ba61d-a486-4e7e-84d5-708b67ebbb7e" />
    <UnitTestResult executionId="15ecf5e7-11b0-48bb-bac5-3e6c1a1c7d43" testId="72ff64d9-b16e-e940-9856-804e7e3a62f9" testName="GetIsOpenStreetMapValid_ShouldReturnFalse_WhenGeographicLayerIsUnavailableAndAlternativeServerHasInvalidUrl" computerName="DKSR-EFI-04" duration="00:00:00.0005508" startTime="2023-12-22T09:39:31.3300111+01:00" endTime="2023-12-22T09:39:31.3307024+01:00" testType="13cdc9d9-ddb5-4fa4-a97d-d965ccfc6d4b" outcome="Passed" testListId="8c84fa94-04c1-424b-9868-57a2d4851a1d" relativeResultsDirectory="15ecf5e7-11b0-48bb-bac5-3e6c1a1c7d43" />
    <UnitTestResult executionId="88e2f275-ed44-4603-b649-1a3f21af4548" testId="9a94a475-1b0f-e9b3-ba5e-634b89ce686f" testName="HandleGetDeviceData_ShouldReturnNotFoundDeviceData_WhenCalled" computerName="DKSR-EFI-04" duration="00:00:00.0003178" startTime="2023-12-22T09:38:39.7966701+01:00" endTime="2023-12-22T09:38:39.7972312+01:00" testType="13cdc9d9-ddb5-4fa4-a97d-d965ccfc6d4b" outcome="Passed" testListId="8c84fa94-04c1-424b-9868-57a2d4851a1d" relativeResultsDirectory="88e2f275-ed44-4603-b649-1a3f21af4548" />
    <UnitTestResult executionId="acf4295c-ee68-4dfa-b675-8baa1fd1f4dc" testId="07ec7b90-4f80-77d6-d19d-abca75ed0c64" testName="Ctor_WpfMessageBoxButtonIsSetToRemoveCancel_OnlyRemoveCancelButtonsVisible" computerName="DKSR-EFI-04" duration="00:00:00.0003829" startTime="2023-12-22T09:39:33.3006356+01:00" endTime="2023-12-22T09:39:33.3011536+01:00" testType="13cdc9d9-ddb5-4fa4-a97d-d965ccfc6d4b" outcome="Passed" testListId="8c84fa94-04c1-424b-9868-57a2d4851a1d" relativeResultsDirectory="acf4295c-ee68-4dfa-b675-8baa1fd1f4dc" />
    <UnitTestResult executionId="c14537d1-4a52-49c3-837d-1524fe4677ad" testId="8b0909b5-769b-12ea-d91a-88a0ad4a6e48" testName="Serialize_ToTimeOnly_Success" computerName="DKSR-EFI-04" duration="00:00:00.0005316" startTime="2023-12-22T09:39:14.6745846+01:00" endTime="2023-12-22T09:39:14.6752510+01:00" testType="13cdc9d9-ddb5-4fa4-a97d-d965ccfc6d4b" outcome="Passed" testListId="8c84fa94-04c1-424b-9868-57a2d4851a1d" relativeResultsDirectory="c14537d1-4a52-49c3-837d-1524fe4677ad" />
    <UnitTestResult executionId="e08ead0b-b1a8-4757-84ab-71d595fc11da" testId="3c716f34-734b-16bb-9f28-27f6b4a026ec" testName="Perform_NewActionDuringDelay_OverwritesPrevious" computerName="DKSR-EFI-04" duration="00:00:00.0016417" startTime="2023-12-22T09:38:32.2350812+01:00" endTime="2023-12-22T09:38:32.2368510+01:00" testType="13cdc9d9-ddb5-4fa4-a97d-d965ccfc6d4b" outcome="Passed" testListId="8c84fa94-04c1-424b-9868-57a2d4851a1d" relativeResultsDirectory="e08ead0b-b1a8-4757-84ab-71d595fc11da" />
    <UnitTestResult executionId="ffc48eae-3bc2-4a96-a03f-ae9c44a7a439" testId="15d239ea-71aa-55f8-a2eb-41474406f678" testName="PopulateTooltip_SingleResultsFromSingleCamera24Hours_ValidText" computerName="DKSR-EFI-04" duration="00:00:00.0343012" startTime="2023-12-22T09:39:07.1130047+01:00" endTime="2023-12-22T09:39:07.1499237+01:00" testType="13cdc9d9-ddb5-4fa4-a97d-d965ccfc6d4b" outcome="Passed" testListId="8c84fa94-04c1-424b-9868-57a2d4851a1d" relativeResultsDirectory="ffc48eae-3bc2-4a96-a03f-ae9c44a7a439" />
    <UnitTestResult executionId="dc99711b-ae09-4c49-bb22-26a9b9e8ed76" testId="48a343bd-9a05-413c-06ca-9a257f76938b" testName="Constructor_ShouldRaiseArgumentException_WhenEventServerIdsAreRepeated" computerName="DKSR-EFI-04" duration="00:00:00.0006091" startTime="2023-12-22T09:39:39.7906714+01:00" endTime="2023-12-22T09:39:39.7914382+01:00" testType="13cdc9d9-ddb5-4fa4-a97d-d965ccfc6d4b" outcome="Passed" testListId="8c84fa94-04c1-424b-9868-57a2d4851a1d" relativeResultsDirectory="dc99711b-ae09-4c49-bb22-26a9b9e8ed76" />
    <UnitTestResult executionId="c7be5305-8260-44fe-b004-b5be18d2ff19" testId="38ec599c-8886-9abd-0e90-9384d2644f53" testName="PatrollingProfileListViewModel_CanExecuteAddProfile" computerName="DKSR-EFI-04" duration="00:00:00.0010828" startTime="2023-12-22T09:39:32.1372884+01:00" endTime="2023-12-22T09:39:32.1385017+01:00" testType="13cdc9d9-ddb5-4fa4-a97d-d965ccfc6d4b" outcome="Passed" testListId="8c84fa94-04c1-424b-9868-57a2d4851a1d" relativeResultsDirectory="c7be5305-8260-44fe-b004-b5be18d2ff19" />
    <UnitTestResult executionId="eed6ba39-11ff-449d-8118-9e5dcd4e1a31" testId="048d6a52-6981-f00b-b420-3b6a2fb00ce8" testName="SetMapItemCluster_ShouldClearIcon_WhenSuperCluster" computerName="DKSR-EFI-04" duration="00:00:00.0291905" startTime="2023-12-22T09:38:37.9746856+01:00" endTime="2023-12-22T09:38:38.0066206+01:00" testType="13cdc9d9-ddb5-4fa4-a97d-d965ccfc6d4b" outcome="Passed" testListId="8c84fa94-04c1-424b-9868-57a2d4851a1d" relativeResultsDirectory="eed6ba39-11ff-449d-8118-9e5dcd4e1a31" />
    <UnitTestResult executionId="a4fdd367-674c-4b6f-bc35-cfe595f338b7" testId="145e0ff6-94b3-8f9e-a3e6-3b43ce77eb33" testName="IsReCenterButtonVisible_MappedToViewModel_Success" computerName="DKSR-EFI-04" duration="00:00:00.0098442" startTime="2023-12-22T09:38:38.8942824+01:00" endTime="2023-12-22T09:38:38.9064998+01:00" testType="13cdc9d9-ddb5-4fa4-a97d-d965ccfc6d4b" outcome="Passed" testListId="8c84fa94-04c1-424b-9868-57a2d4851a1d" relativeResultsDirectory="a4fdd367-674c-4b6f-bc35-cfe595f338b7" />
    <UnitTestResult executionId="5324349d-972c-42f3-ab68-d6574b1cacf3" testId="d90a523b-e1ac-2a8a-dd1a-2b2e05a4e8cb" testName="UpdateItemSize_ItemSizeChangedAndEventFired" computerName="DKSR-EFI-04" duration="00:00:00.7214646" startTime="2023-12-22T09:38:52.4606131+01:00" endTime="2023-12-22T09:38:53.1851481+01:00" testType="13cdc9d9-ddb5-4fa4-a97d-d965ccfc6d4b" outcome="Passed" testListId="8c84fa94-04c1-424b-9868-57a2d4851a1d" relativeResultsDirectory="5324349d-972c-42f3-ab68-d6574b1cacf3" />
    <UnitTestResult executionId="40f8f0fc-b4e9-43a4-90e2-aaddd9c56ec4" testId="1a438984-8e5e-2cb0-c251-969595afcd3b" testName="ScrollIntoView_Async_DefinitionViewAboveOutOfViewPort_Scrolled" computerName="DKSR-EFI-04" duration="00:00:00.0438769" startTime="2023-12-22T09:38:41.7053397+01:00" endTime="2023-12-22T09:38:41.7520209+01:00" testType="13cdc9d9-ddb5-4fa4-a97d-d965ccfc6d4b" outcome="Passed" testListId="8c84fa94-04c1-424b-9868-57a2d4851a1d" relativeResultsDirectory="40f8f0fc-b4e9-43a4-90e2-aaddd9c56ec4" />
    <UnitTestResult executionId="ca305f8d-d3e1-462a-8b2e-8b4c97490ecb" testId="e0d78dcd-5614-964a-05ab-ebe0da0d939b" testName="ScrollIntoView_Sync_DataContextChange_Scrolled" computerName="DKSR-EFI-04" duration="00:00:00.0732955" startTime="2023-12-22T09:38:41.8484878+01:00" endTime="2023-12-22T09:38:41.9245335+01:00" testType="13cdc9d9-ddb5-4fa4-a97d-d965ccfc6d4b" outcome="Passed" testListId="8c84fa94-04c1-424b-9868-57a2d4851a1d" relativeResultsDirectory="ca305f8d-d3e1-462a-8b2e-8b4c97490ecb" />
    <UnitTestResult executionId="21b5c86c-ef97-43ef-ae2a-3dfd8f58f5ba" testId="2477d472-bfaa-26c5-aa9b-d6406e79167b" testName="GetPartialDiffBetweenDictionaries_ShouldReturnCorrectValues (System.Collections.Generic.Dictionary`2[System.String,System.String],System.Collections.Generic.Dictionary`2[System.String,System.String],System.Collections.Generic.Dictionary`2[System.String,System.String])" computerName="DKSR-EFI-04" duration="00:00:00.0001667" startTime="2023-12-22T09:39:38.5618818+01:00" endTime="2023-12-22T09:39:38.5622451+01:00" testType="13cdc9d9-ddb5-4fa4-a97d-d965ccfc6d4b" outcome="Passed" testListId="8c84fa94-04c1-424b-9868-57a2d4851a1d" relativeResultsDirectory="21b5c86c-ef97-43ef-ae2a-3dfd8f58f5ba" />
    <UnitTestResult executionId="8d462c4b-a81c-4151-9fc5-1c8c73e82594" testId="bf66e757-0492-e485-8a4b-fc8c1a4bef3b" testName="TestUpdateState_SmartWallViewType" computerName="DKSR-EFI-04" duration="00:00:00.0032503" startTime="2023-12-22T09:39:33.9452287+01:00" endTime="2023-12-22T09:39:33.9486265+01:00" testType="13cdc9d9-ddb5-4fa4-a97d-d965ccfc6d4b" outcome="Passed" testListId="8c84fa94-04c1-424b-9868-57a2d4851a1d" relativeResultsDirectory="8d462c4b-a81c-4151-9fc5-1c8c73e82594" />
    <UnitTestResult executionId="d19baf00-20af-4c8f-86d1-b09aa24ccbbc" testId="b89300df-44ea-f5d9-8c31-b46cc2e57c07" testName="MapLayerType_ShouldBeViewZoneItemsMapLayer_WhenCalled" computerName="DKSR-EFI-04" duration="00:00:00.0002239" startTime="2023-12-22T09:39:29.0321498+01:00" endTime="2023-12-22T09:39:29.0325778+01:00" testType="13cdc9d9-ddb5-4fa4-a97d-d965ccfc6d4b" outcome="Passed" testListId="8c84fa94-04c1-424b-9868-57a2d4851a1d" relativeResultsDirectory="d19baf00-20af-4c8f-86d1-b09aa24ccbbc" />
    <UnitTestResult executionId="6ccb7a00-3dbd-424a-9dcf-adbd990f2bc0" testId="122455fe-79f5-1209-2010-58a75f33896d" testName="AddSelectedWindowsToExport_ShouldAddToExportData (0)" computerName="DKSR-EFI-04" duration="00:00:00.0062545" startTime="2023-12-22T09:39:33.6952080+01:00" endTime="2023-12-22T09:39:33.7016149+01:00" testType="13cdc9d9-ddb5-4fa4-a97d-d965ccfc6d4b" outcome="Passed" testListId="8c84fa94-04c1-424b-9868-57a2d4851a1d" relativeResultsDirectory="6ccb7a00-3dbd-424a-9dcf-adbd990f2bc0" />
    <UnitTestResult executionId="03416fbe-2f81-435c-8b75-84c9783a4feb" testId="a660afa4-f5aa-b923-9ed9-b3aed02ce38b" testName="CreateGeometry_ThreeCornerBuilding_Success" computerName="DKSR-EFI-04" duration="00:00:00.0002375" startTime="2023-12-22T09:39:31.9855660+01:00" endTime="2023-12-22T09:39:31.9859373+01:00" testType="13cdc9d9-ddb5-4fa4-a97d-d965ccfc6d4b" outcome="Passed" testListId="8c84fa94-04c1-424b-9868-57a2d4851a1d" relativeResultsDirectory="03416fbe-2f81-435c-8b75-84c9783a4feb" />
    <UnitTestResult executionId="5da6a958-8bba-428d-9e12-408d608b3bf3" testId="aad983c5-8e27-f320-9ef1-f25fd06b1fff" testName="LoadStateFrom_OrderResultsBy_RelevanceNotAllowed_ShouldChangeToNewestTriggerTime" computerName="DKSR-EFI-04" duration="00:00:00.0033005" startTime="2023-12-22T09:39:11.5389435+01:00" endTime="2023-12-22T09:39:11.5423789+01:00" testType="13cdc9d9-ddb5-4fa4-a97d-d965ccfc6d4b" outcome="Passed" testListId="8c84fa94-04c1-424b-9868-57a2d4851a1d" relativeResultsDirectory="5da6a958-8bba-428d-9e12-408d608b3bf3" />
    <UnitTestResult executionId="1c1db329-cfce-4db4-acb6-c3397f120dba" testId="fb732742-5469-4819-2a2e-a73e08e91605" testName="SelectTemplate_ListSelectionFilterConfiguration_LessThanThreeItems_ReturnsInlineTemplate" computerName="DKSR-EFI-04" duration="00:00:00.0007865" startTime="2023-12-22T09:38:41.2932098+01:00" endTime="2023-12-22T09:38:41.2941140+01:00" testType="13cdc9d9-ddb5-4fa4-a97d-d965ccfc6d4b" outcome="Passed" testListId="8c84fa94-04c1-424b-9868-57a2d4851a1d" relativeResultsDirectory="1c1db329-cfce-4db4-acb6-c3397f120dba" />
    <UnitTestResult executionId="e75ea3af-5c5d-4ca7-a6a7-f8d0f6660198" testId="75abe4ea-20eb-3ee5-eee8-f4f3f43cc779" testName="OpenEdit_EditControlAvailable_EditContentControlUpdated" computerName="DKSR-EFI-04" duration="00:00:00.0130896" startTime="2023-12-22T09:39:10.2222127+01:00" endTime="2023-12-22T09:39:10.2379228+01:00" testType="13cdc9d9-ddb5-4fa4-a97d-d965ccfc6d4b" outcome="Passed" testListId="8c84fa94-04c1-424b-9868-57a2d4851a1d" relativeResultsDirectory="e75ea3af-5c5d-4ca7-a6a7-f8d0f6660198" />
    <UnitTestResult executionId="88a8ba7f-272e-4b6c-ba7c-4f9ae4fec2df" testId="e5776fdb-2ce3-71cf-fd30-74705513040a" testName="ActionBarPluginsEnabled_TwoPluginsWithDifferentOverflowModes_OnePluginButtonPresentInActionBarAndOnePresentInOverflowMenu" computerName="DKSR-EFI-04" duration="00:00:00.0208829" startTime="2023-12-22T09:38:42.5628494+01:00" endTime="2023-12-22T09:38:42.5862504+01:00" testType="13cdc9d9-ddb5-4fa4-a97d-d965ccfc6d4b" outcome="Passed" testListId="8c84fa94-04c1-424b-9868-57a2d4851a1d" relativeResultsDirectory="88a8ba7f-272e-4b6c-ba7c-4f9ae4fec2df" />
    <UnitTestResult executionId="b488c48c-e321-4460-aa9a-0112b0184cbb" testId="a11326b9-3454-b2a2-061f-4440307800dc" testName="OpenStreetMapLayerIsDisabled_ShouldReturnTrue_WhenOpenStreetMapGeographicLayerOptionIsNotAvailableAndOpenStreetMapAlternativeServerIsEmpty" computerName="DKSR-EFI-04" duration="00:00:00.0117028" startTime="2023-12-22T09:39:26.9584871+01:00" endTime="2023-12-22T09:39:26.9704389+01:00" testType="13cdc9d9-ddb5-4fa4-a97d-d965ccfc6d4b" outcome="Passed" testListId="8c84fa94-04c1-424b-9868-57a2d4851a1d" relativeResultsDirectory="b488c48c-e321-4460-aa9a-0112b0184cbb" />
    <UnitTestResult executionId="c5bcc422-9dbb-4440-a541-1a62a816d023" testId="df09f867-7de1-e38f-53d1-73f889393669" testName="IsServer_ShouldReturnTrue_WhenSingleServerGroupSelected" computerName="DKSR-EFI-04" duration="00:00:00.0004668" startTime="2023-12-22T09:39:35.0373766+01:00" endTime="2023-12-22T09:39:35.0379729+01:00" testType="13cdc9d9-ddb5-4fa4-a97d-d965ccfc6d4b" outcome="Passed" testListId="8c84fa94-04c1-424b-9868-57a2d4851a1d" relativeResultsDirectory="c5bcc422-9dbb-4440-a541-1a62a816d023" />
    <UnitTestResult executionId="30030794-51db-477c-840f-8007a8114b05" testId="b15c0dd5-d448-b8b2-12b9-2297f983e50d" testName="SearchResultsActionBarActions_CreateEvidenceLock_OptionUnavailable_NotEnabled" computerName="DKSR-EFI-04" duration="00:00:00.0067163" startTime="2023-12-22T09:39:11.0214057+01:00" endTime="2023-12-22T09:39:11.0282757+01:00" testType="13cdc9d9-ddb5-4fa4-a97d-d965ccfc6d4b" outcome="Passed" testListId="8c84fa94-04c1-424b-9868-57a2d4851a1d" relativeResultsDirectory="30030794-51db-477c-840f-8007a8114b05" />
    <UnitTestResult executionId="1265b790-9b6e-4491-affa-daf2d10f53c1" testId="baa96bb4-9a62-b146-14d8-03dbee056087" testName="ActionBarPluginEnabled_SinglePluginWithEnoughRoom_PluginButtonPresentInActionBar" computerName="DKSR-EFI-04" duration="00:00:00.0314531" startTime="2023-12-22T09:38:42.4705423+01:00" endTime="2023-12-22T09:38:42.5045992+01:00" testType="13cdc9d9-ddb5-4fa4-a97d-d965ccfc6d4b" outcome="Passed" testListId="8c84fa94-04c1-424b-9868-57a2d4851a1d" relativeResultsDirectory="1265b790-9b6e-4491-affa-daf2d10f53c1" />
    <UnitTestResult executionId="526bd161-e334-4e54-bd80-9c79d88d2586" testId="77cba9e9-3a3f-2b38-cfa1-fd20ef6dec97" testName="FilterValueHasRegionSelectionForCamera_ShouldReturnTrue_WhenFilterValueDoesHaveRegionSelectionForCamera" computerName="DKSR-EFI-04" duration="00:00:00.0004090" startTime="2023-12-22T09:39:26.2733738+01:00" endTime="2023-12-22T09:39:26.2739306+01:00" testType="13cdc9d9-ddb5-4fa4-a97d-d965ccfc6d4b" outcome="Passed" testListId="8c84fa94-04c1-424b-9868-57a2d4851a1d" relativeResultsDirectory="526bd161-e334-4e54-bd80-9c79d88d2586" />
    <UnitTestResult executionId="e84c1936-92c6-4a28-a6eb-199beb429edb" testId="76f114f4-6a41-0573-26af-b718e6fbb07c" testName="RightButtonUp_ShouldSetActiveInteractionStateToNormal_WhenInteractionStateIsNotAddNewDevice" computerName="DKSR-EFI-04" duration="00:00:00.0160601" startTime="2023-12-22T09:38:35.0637927+01:00" endTime="2023-12-22T09:38:35.0824697+01:00" testType="13cdc9d9-ddb5-4fa4-a97d-d965ccfc6d4b" outcome="Passed" testListId="8c84fa94-04c1-424b-9868-57a2d4851a1d" relativeResultsDirectory="e84c1936-92c6-4a28-a6eb-199beb429edb" />
    <UnitTestResult executionId="085c895b-3607-46c0-9ea4-92bcd64f839e" testId="f5dc02d2-c831-9a51-1ebc-8f8a343ea344" testName="Convert_ShouldReturnFalse_WhenParameterContainsValue" computerName="DKSR-EFI-04" duration="00:00:00.0001777" startTime="2023-12-22T09:38:33.3508217+01:00" endTime="2023-12-22T09:38:33.3511126+01:00" testType="13cdc9d9-ddb5-4fa4-a97d-d965ccfc6d4b" outcome="Passed" testListId="8c84fa94-04c1-424b-9868-57a2d4851a1d" relativeResultsDirectory="085c895b-3607-46c0-9ea4-92bcd64f839e" />
    <UnitTestResult executionId="b1410cf7-cdef-49fd-b943-787662be69f2" testId="86e972ed-14c6-3ad2-ddf5-8b4f957f0006" testName="CreateDetailsViewControl_ValidSearchResult_Success" computerName="DKSR-EFI-04" duration="00:00:00.7387909" startTime="2023-12-22T09:38:48.8778453+01:00" endTime="2023-12-22T09:38:49.6195354+01:00" testType="13cdc9d9-ddb5-4fa4-a97d-d965ccfc6d4b" outcome="Passed" testListId="8c84fa94-04c1-424b-9868-57a2d4851a1d" relativeResultsDirectory="b1410cf7-cdef-49fd-b943-787662be69f2" />
    <UnitTestResult executionId="7aee7749-71f5-4bce-8a06-85347fca9992" testId="27e4287b-6aa8-a5c7-2e9e-fe37ab9970d9" testName="Connect_SucceedeInConnectingWithCurrentWindowsUser_ShouldReturnTrue" computerName="DKSR-EFI-04" duration="00:00:00.0012568" startTime="2023-12-22T09:38:29.6755038+01:00" endTime="2023-12-22T09:38:29.6768696+01:00" testType="13cdc9d9-ddb5-4fa4-a97d-d965ccfc6d4b" outcome="Passed" testListId="8c84fa94-04c1-424b-9868-57a2d4851a1d" relativeResultsDirectory="7aee7749-71f5-4bce-8a06-85347fca9992" />
    <UnitTestResult executionId="91a57bf9-f726-43fe-819e-855e41b0be60" testId="8f59d74f-1387-b481-45ba-5b4638b6eca1" testName="ActiveInteractionStateBinding_ShouldOnlyContainNormal_WhenCtorIsCalled" computerName="DKSR-EFI-04" duration="00:00:00.0154015" startTime="2023-12-22T09:38:36.8484639+01:00" endTime="2023-12-22T09:38:36.8666568+01:00" testType="13cdc9d9-ddb5-4fa4-a97d-d965ccfc6d4b" outcome="Passed" testListId="8c84fa94-04c1-424b-9868-57a2d4851a1d" relativeResultsDirectory="91a57bf9-f726-43fe-819e-855e41b0be60" />
    <UnitTestResult executionId="403e9104-f6e7-4333-943b-96f697db8b91" testId="db90aeda-99d3-8862-c893-f6a75596efbc" testName="PatrollingStepViewModel_ExpectedTransitionTimeToPreset" computerName="DKSR-EFI-04" duration="00:00:00.0019487" startTime="2023-12-22T09:39:32.2790715+01:00" endTime="2023-12-22T09:39:32.2811525+01:00" testType="13cdc9d9-ddb5-4fa4-a97d-d965ccfc6d4b" outcome="Passed" testListId="8c84fa94-04c1-424b-9868-57a2d4851a1d" relativeResultsDirectory="403e9104-f6e7-4333-943b-96f697db8b91" />
    <UnitTestResult executionId="7a822e49-3c60-4de5-8d1b-e2439c73b4b1" testId="332d7c0b-99e9-8913-1359-6d2df137b355" testName="TestForAssemblyCoverage" computerName="DKSR-EFI-04" duration="00:00:00.0103702" startTime="2023-12-22T09:38:32.4390178+01:00" endTime="2023-12-22T09:38:32.4495653+01:00" testType="13cdc9d9-ddb5-4fa4-a97d-d965ccfc6d4b" outcome="Passed" testListId="8c84fa94-04c1-424b-9868-57a2d4851a1d" relativeResultsDirectory="7a822e49-3c60-4de5-8d1b-e2439c73b4b1" />
    <UnitTestResult executionId="8f99af21-1d98-4d58-acc3-51c13a3e5490" testId="8019e7cd-2b2b-285d-fe92-717617455fd4" testName="SmartMapSelectItemHandler_WhenDataIsValid_ShouldCallNavigateAndSelect" computerName="DKSR-EFI-04" duration="00:00:00.0100428" startTime="2023-12-22T09:38:38.5970450+01:00" endTime="2023-12-22T09:38:38.6072513+01:00" testType="13cdc9d9-ddb5-4fa4-a97d-d965ccfc6d4b" outcome="Passed" testListId="8c84fa94-04c1-424b-9868-57a2d4851a1d" relativeResultsDirectory="8f99af21-1d98-4d58-acc3-51c13a3e5490" />
    <UnitTestResult executionId="3d12fbd9-a07d-496e-818d-f005f85dc12d" testId="86a445c9-5dff-52f1-c98f-77ae4a8bc915" testName="PatrollingStepListViewModel_UpdatePositions" computerName="DKSR-EFI-04" duration="00:00:00.0016002" startTime="2023-12-22T09:39:32.2628826+01:00" endTime="2023-12-22T09:39:32.2646917+01:00" testType="13cdc9d9-ddb5-4fa4-a97d-d965ccfc6d4b" outcome="Passed" testListId="8c84fa94-04c1-424b-9868-57a2d4851a1d" relativeResultsDirectory="3d12fbd9-a07d-496e-818d-f005f85dc12d" />
    <UnitTestResult executionId="0e003ee5-6a67-46e0-8ba8-4c19b83dbbda" testId="b7cfc484-cb4b-49fc-a4f0-d587f8a4ea1f" testName="HandleSetLayerFeatures_ShouldRaiseArgumentException_WhenNotMicrophoneKindAndMicrophoneLayerFeatures" computerName="DKSR-EFI-04" duration="00:00:00.0025533" startTime="2023-12-22T09:39:31.2906879+01:00" endTime="2023-12-22T09:39:31.2933964+01:00" testType="13cdc9d9-ddb5-4fa4-a97d-d965ccfc6d4b" outcome="Passed" testListId="8c84fa94-04c1-424b-9868-57a2d4851a1d" relativeResultsDirectory="0e003ee5-6a67-46e0-8ba8-4c19b83dbbda" />
    <UnitTestResult executionId="7629d457-0e74-4733-a89a-6de4ad61adae" testId="63f12d9f-b048-76b8-264d-b989df0bfbca" testName="GetOsmServerAddress_ShouldReturnAlternativeServerValue_WhenGeographicLayerIsNullAndAlternativeServerHasValidUrl" computerName="DKSR-EFI-04" duration="00:00:00.0005040" startTime="2023-12-22T09:39:31.3332772+01:00" endTime="2023-12-22T09:39:31.3339137+01:00" testType="13cdc9d9-ddb5-4fa4-a97d-d965ccfc6d4b" outcome="Passed" testListId="8c84fa94-04c1-424b-9868-57a2d4851a1d" relativeResultsDirectory="7629d457-0e74-4733-a89a-6de4ad61adae" />
    <UnitTestResult executionId="ffcb546c-aed3-4913-9cc2-02ef52de59aa" testId="5da91449-988e-883d-873e-5998d198d64c" testName="ConvertBack_ShouldRaiseInvalidCastException_WhenValueIsTrueAndParameterIsNotAnInteractionState" computerName="DKSR-EFI-04" duration="00:00:00.0003373" startTime="2023-12-22T09:38:33.3557526+01:00" endTime="2023-12-22T09:38:33.3562752+01:00" testType="13cdc9d9-ddb5-4fa4-a97d-d965ccfc6d4b" outcome="Passed" testListId="8c84fa94-04c1-424b-9868-57a2d4851a1d" relativeResultsDirectory="ffcb546c-aed3-4913-9cc2-02ef52de59aa" />
    <UnitTestResult executionId="67febfec-8c1c-42ad-be33-74962630cb9b" testId="b39b8640-a4cc-96cc-891a-64310b2030c3" testName="SearchResultDetailsView_MouseDoubleClick_AnimationDisabled_DetailsViewRemovedFromDetailsViewControl" computerName="DKSR-EFI-04" startTime="2023-12-22T09:38:47.4019761+01:00" endTime="2023-12-22T09:38:47.4026059+01:00" testType="13cdc9d9-ddb5-4fa4-a97d-d965ccfc6d4b" outcome="NotExecuted" testListId="8c84fa94-04c1-424b-9868-57a2d4851a1d" relativeResultsDirectory="67febfec-8c1c-42ad-be33-74962630cb9b">
      <Output></Output>
    </UnitTestResult>
    <UnitTestResult executionId="63d69b55-2d58-4042-b66c-6867f16c306b" testId="5837e4ca-1cc6-6c6e-80e5-27206d993c91" testName="CreateDefinition_TwoFiltersInCategory_TwoFilterValuesAddedToSearchCriteria" computerName="DKSR-EFI-04" duration="00:00:00.0039269" startTime="2023-12-22T09:39:14.1443815+01:00" endTime="2023-12-22T09:39:14.1484559+01:00" testType="13cdc9d9-ddb5-4fa4-a97d-d965ccfc6d4b" outcome="Passed" testListId="8c84fa94-04c1-424b-9868-57a2d4851a1d" relativeResultsDirectory="63d69b55-2d58-4042-b66c-6867f16c306b" />
    <UnitTestResult executionId="fb6ddf7a-5263-45ff-9f9e-ba68e390dc0f" testId="edafcc43-4593-3e69-06bb-d94b360979cb" testName="ToDenormalizedDirection_0_50" computerName="DKSR-EFI-04" duration="00:00:00.0001043" startTime="2023-12-22T09:39:26.7943251+01:00" endTime="2023-12-22T09:39:26.7946470+01:00" testType="13cdc9d9-ddb5-4fa4-a97d-d965ccfc6d4b" outcome="Passed" testListId="8c84fa94-04c1-424b-9868-57a2d4851a1d" relativeResultsDirectory="fb6ddf7a-5263-45ff-9f9e-ba68e390dc0f" />
    <UnitTestResult executionId="385a7248-6e18-475e-9807-3d2f4f7c0569" testId="3fc559f5-bb13-876b-1485-1faebe02441c" testName="OutputItemsMapLayer_Load_Save_DataIsSame_WhenOutputIsEnabled" computerName="DKSR-EFI-04" duration="00:00:00.0100356" startTime="2023-12-22T09:39:27.0212593+01:00" endTime="2023-12-22T09:39:27.0314545+01:00" testType="13cdc9d9-ddb5-4fa4-a97d-d965ccfc6d4b" outcome="Passed" testListId="8c84fa94-04c1-424b-9868-57a2d4851a1d" relativeResultsDirectory="385a7248-6e18-475e-9807-3d2f4f7c0569" />
    <UnitTestResult executionId="ca64f857-9f9c-46ad-bcc2-48d411ad4c00" testId="616c12d5-722e-e683-3114-c8a71232eef2" testName="GetLayerFeatures_ShouldReturnMicrophoneLayerFeaturesBasedOnMicrophoneItemsMapLayer_WhenMicrophoneKind" computerName="DKSR-EFI-04" duration="00:00:00.0033108" startTime="2023-12-22T09:39:31.3762018+01:00" endTime="2023-12-22T09:39:31.3796507+01:00" testType="13cdc9d9-ddb5-4fa4-a97d-d965ccfc6d4b" outcome="Passed" testListId="8c84fa94-04c1-424b-9868-57a2d4851a1d" relativeResultsDirectory="ca64f857-9f9c-46ad-bcc2-48d411ad4c00" />
    <UnitTestResult executionId="3139558c-6b6b-4efc-8f5d-a97b689d62e6" testId="0aadc201-49e1-bf75-6608-564242125dc2" testName="GetOsmServerAddress_ShouldReturnEmptyString_WhenGeographicLayerIsNullAndAlternativeServerIsEmpty" computerName="DKSR-EFI-04" duration="00:00:00.0005145" startTime="2023-12-22T09:39:31.3321863+01:00" endTime="2023-12-22T09:39:31.3328344+01:00" testType="13cdc9d9-ddb5-4fa4-a97d-d965ccfc6d4b" outcome="Passed" testListId="8c84fa94-04c1-424b-9868-57a2d4851a1d" relativeResultsDirectory="3139558c-6b6b-4efc-8f5d-a97b689d62e6" />
    <UnitTestResult executionId="3e86e353-921a-4fd1-8ac9-d4d54be199f5" testId="2e98d886-c9c5-7fb8-f647-7bfb037cf4a5" testName="MapInputIcons_WhenMilestoneOemResource_ShouldReturnSevenIcons" computerName="DKSR-EFI-04" duration="00:00:00.0241739" startTime="2023-12-22T09:39:37.6468056+01:00" endTime="2023-12-22T09:39:37.6711731+01:00" testType="13cdc9d9-ddb5-4fa4-a97d-d965ccfc6d4b" outcome="Passed" testListId="8c84fa94-04c1-424b-9868-57a2d4851a1d" relativeResultsDirectory="3e86e353-921a-4fd1-8ac9-d4d54be199f5" />
    <UnitTestResult executionId="f130006b-b879-4048-ac6f-0473d574735c" testId="c80f6705-aed7-e74b-8edd-9b2f7c5971b3" testName="PtzPresetsMenuViewModel_PtzReservedByOtherUserTest" computerName="DKSR-EFI-04" duration="00:00:00.0012777" startTime="2023-12-22T09:39:36.4999650+01:00" endTime="2023-12-22T09:39:36.5014750+01:00" testType="13cdc9d9-ddb5-4fa4-a97d-d965ccfc6d4b" outcome="Passed" testListId="8c84fa94-04c1-424b-9868-57a2d4851a1d" relativeResultsDirectory="f130006b-b879-4048-ac6f-0473d574735c" />
    <UnitTestResult executionId="2a67361f-04c4-4f0a-96be-32ed6b87c246" testId="5a499a63-0d2f-5e8b-f84d-d4c0ec13dea2" testName="SupportsDoubleClick_ShouldBeTrue_WhenInteractionStateIsNewDevice" computerName="DKSR-EFI-04" duration="00:00:00.0221004" startTime="2023-12-22T09:38:37.9244725+01:00" endTime="2023-12-22T09:38:37.9491218+01:00" testType="13cdc9d9-ddb5-4fa4-a97d-d965ccfc6d4b" outcome="Passed" testListId="8c84fa94-04c1-424b-9868-57a2d4851a1d" relativeResultsDirectory="2a67361f-04c4-4f0a-96be-32ed6b87c246" />
    <UnitTestResult executionId="9abd6d76-bb23-4921-ad5d-ce21803592a3" testId="4ca2f8f4-021b-5238-c299-1b1fb7ab3fab" testName="GisPointToIndexGridPosition_00_ReturnsPowerScaleMinusOne" computerName="DKSR-EFI-04" duration="00:00:00.0002623" startTime="2023-12-22T09:39:31.9748798+01:00" endTime="2023-12-22T09:39:31.9754384+01:00" testType="13cdc9d9-ddb5-4fa4-a97d-d965ccfc6d4b" outcome="Passed" testListId="8c84fa94-04c1-424b-9868-57a2d4851a1d" relativeResultsDirectory="9abd6d76-bb23-4921-ad5d-ce21803592a3" />
    <UnitTestResult executionId="423b1c82-17c0-43ab-91c4-eb03434ce8ae" testId="e70bd816-d0ac-eace-44c7-520cb1bd1024" testName="LoadBoundingShapes_ShouldMergeBoundingShapes_WhenResultProvidesBoundingShapesAndMetadataObjects" computerName="DKSR-EFI-04" duration="00:00:00.0133420" startTime="2023-12-22T09:39:25.9167120+01:00" endTime="2023-12-22T09:39:25.9325186+01:00" testType="13cdc9d9-ddb5-4fa4-a97d-d965ccfc6d4b" outcome="Passed" testListId="8c84fa94-04c1-424b-9868-57a2d4851a1d" relativeResultsDirectory="423b1c82-17c0-43ab-91c4-eb03434ce8ae" />
    <UnitTestResult executionId="e41f8f67-c82b-4751-aa2f-fab4f7e2f8f2" testId="1346e005-ae3a-56c9-a07e-e25c215c66a3" testName="ShowPermissionDeniedToasts_ShouldShowCorrectNumberOfToasts (5,1)" computerName="DKSR-EFI-04" duration="00:00:00.0028322" startTime="2023-12-22T09:39:33.8089373+01:00" endTime="2023-12-22T09:39:33.8119199+01:00" testType="13cdc9d9-ddb5-4fa4-a97d-d965ccfc6d4b" outcome="Passed" testListId="8c84fa94-04c1-424b-9868-57a2d4851a1d" relativeResultsDirectory="e41f8f67-c82b-4751-aa2f-fab4f7e2f8f2" />
    <UnitTestResult executionId="a89da6a6-1e5e-4a28-852d-bd8f5af8124c" testId="b53cbe33-730e-fb6f-4fda-1e9679963edf" testName="AuthType_ShouldReturnBasic_WhenConstructedUsingSimple" computerName="DKSR-EFI-04" duration="00:00:00.0014903" startTime="2023-12-22T09:38:32.3326122+01:00" endTime="2023-12-22T09:38:32.3342262+01:00" testType="13cdc9d9-ddb5-4fa4-a97d-d965ccfc6d4b" outcome="Passed" testListId="8c84fa94-04c1-424b-9868-57a2d4851a1d" relativeResultsDirectory="a89da6a6-1e5e-4a28-852d-bd8f5af8124c" />
    <UnitTestResult executionId="a40aed1a-24b4-4a33-8a50-d951df7c4031" testId="7899bcea-7118-cfa0-aa3f-14444c7eb8ac" testName="DoubleClickOnPreviewPlayer_ShouldOpenDetailsViewWithAnimation_WhenFocusedItemIsNotNullAndAnimationsAreEnabled" computerName="DKSR-EFI-04" duration="00:00:00.9756040" startTime="2023-12-22T09:38:57.1134659+01:00" endTime="2023-12-22T09:38:58.0920478+01:00" testType="13cdc9d9-ddb5-4fa4-a97d-d965ccfc6d4b" outcome="Passed" testListId="8c84fa94-04c1-424b-9868-57a2d4851a1d" relativeResultsDirectory="a40aed1a-24b4-4a33-8a50-d951df7c4031" />
    <UnitTestResult executionId="cbd16c0d-f42b-45c1-9440-be07d6f0bc50" testId="ef6e5d44-4248-113e-0569-ec93691b2771" testName="ToDenormalizedFieldOfView_LesserThan0_0_Failure" computerName="DKSR-EFI-04" duration="00:00:00.0002110" startTime="2023-12-22T09:39:26.8005721+01:00" endTime="2023-12-22T09:39:26.8009319+01:00" testType="13cdc9d9-ddb5-4fa4-a97d-d965ccfc6d4b" outcome="Passed" testListId="8c84fa94-04c1-424b-9868-57a2d4851a1d" relativeResultsDirectory="cbd16c0d-f42b-45c1-9440-be07d6f0bc50" />
    <UnitTestResult executionId="940dff6d-4b1d-4322-a0f0-53f3fb65fb63" testId="820765dc-029b-30df-a6e4-7e3395cecf69" testName="NavigateAndSelectAsync_ZoomOut_ReCenterCommandEnabled" computerName="DKSR-EFI-04" duration="00:00:00.0357918" startTime="2023-12-22T09:38:34.4796268+01:00" endTime="2023-12-22T09:38:34.5180892+01:00" testType="13cdc9d9-ddb5-4fa4-a97d-d965ccfc6d4b" outcome="Passed" testListId="8c84fa94-04c1-424b-9868-57a2d4851a1d" relativeResultsDirectory="940dff6d-4b1d-4322-a0f0-53f3fb65fb63" />
    <UnitTestResult executionId="cf8bff20-704a-4545-ae02-f8499cf35696" testId="8bf4ac3f-d50d-8962-2b87-11176401d4e7" testName="ResolveSearchDefinitions_ShouldReturnResultSearchDefinition_WhenSingleSearchResultAndEmptySearchDefinitionsAreGiven" computerName="DKSR-EFI-04" duration="00:00:00.0004029" startTime="2023-12-22T09:39:13.8404825+01:00" endTime="2023-12-22T09:39:13.8410249+01:00" testType="13cdc9d9-ddb5-4fa4-a97d-d965ccfc6d4b" outcome="Passed" testListId="8c84fa94-04c1-424b-9868-57a2d4851a1d" relativeResultsDirectory="cf8bff20-704a-4545-ae02-f8499cf35696" />
    <UnitTestResult executionId="14c73826-f236-4a03-b264-8f1dbcef9ba8" testId="1d2a1f8c-9df5-1e11-ff05-9be1bb8085db" testName="TestForAssemblyCoverage" computerName="DKSR-EFI-04" duration="00:00:00.0001696" startTime="2023-12-22T09:39:26.3021632+01:00" endTime="2023-12-22T09:39:26.3025226+01:00" testType="13cdc9d9-ddb5-4fa4-a97d-d965ccfc6d4b" outcome="Passed" testListId="8c84fa94-04c1-424b-9868-57a2d4851a1d" relativeResultsDirectory="14c73826-f236-4a03-b264-8f1dbcef9ba8" />
    <UnitTestResult executionId="ecd21de9-cf5b-4b09-b38a-792f4953b35d" testId="15776c9e-bed1-aa30-abbc-b85a9e95cf84" testName="SmartMapGoToLocationHandler_WhenDataIsValid_ShouldCallNavigateTo" computerName="DKSR-EFI-04" duration="00:00:00.0018863" startTime="2023-12-22T09:38:38.6254416+01:00" endTime="2023-12-22T09:38:38.6274820+01:00" testType="13cdc9d9-ddb5-4fa4-a97d-d965ccfc6d4b" outcome="Passed" testListId="8c84fa94-04c1-424b-9868-57a2d4851a1d" relativeResultsDirectory="ecd21de9-cf5b-4b09-b38a-792f4953b35d" />
    <UnitTestResult executionId="b09f1c7d-0659-4db7-810c-6ec9c1ba06bf" testId="13753856-9a1f-9357-f48e-ccc42a00eb0c" testName="Cameras_where_the_user_has_RetentionCreate_rights_can_be_added_to_the_evidence_lock" computerName="DKSR-EFI-04" duration="00:00:00.0021930" startTime="2023-12-22T09:39:39.4469181+01:00" endTime="2023-12-22T09:39:39.4492401+01:00" testType="13cdc9d9-ddb5-4fa4-a97d-d965ccfc6d4b" outcome="Passed" testListId="8c84fa94-04c1-424b-9868-57a2d4851a1d" relativeResultsDirectory="b09f1c7d-0659-4db7-810c-6ec9c1ba06bf" />
    <UnitTestResult executionId="0350333c-91b5-48f2-af54-2630b0f34430" testId="39116a4a-80db-ce36-d47f-ad7c599fcdc1" testName="AssignPanTiltValue_WhenValueJustBelowDeadzone_ShouldReturnJustBelowCenterValue" computerName="DKSR-EFI-04" duration="00:00:00.0001014" startTime="2023-12-22T09:38:32.5657172+01:00" endTime="2023-12-22T09:38:32.5659296+01:00" testType="13cdc9d9-ddb5-4fa4-a97d-d965ccfc6d4b" outcome="Passed" testListId="8c84fa94-04c1-424b-9868-57a2d4851a1d" relativeResultsDirectory="0350333c-91b5-48f2-af54-2630b0f34430" />
    <UnitTestResult executionId="1c2534e2-e2b1-404c-a154-7d9340f0d02d" testId="e3eaed0d-86bd-8f89-51b2-10bb869eeb76" testName="RetrievalTestStop" computerName="DKSR-EFI-04" duration="00:00:00.0125704" startTime="2023-12-22T09:39:33.3982587+01:00" endTime="2023-12-22T09:39:33.4109931+01:00" testType="13cdc9d9-ddb5-4fa4-a97d-d965ccfc6d4b" outcome="Passed" testListId="8c84fa94-04c1-424b-9868-57a2d4851a1d" relativeResultsDirectory="1c2534e2-e2b1-404c-a154-7d9340f0d02d" />
    <UnitTestResult executionId="ee7d9655-3e00-450b-98dd-81eb616b7908" testId="80e1e452-82cf-b088-db40-d28f7d32c62d" testName="EdgeRetrieve when Playback" computerName="DKSR-EFI-04" duration="00:00:00.0175153" startTime="2023-12-22T09:39:32.6751425+01:00" endTime="2023-12-22T09:39:32.8945907+01:00" testType="13cdc9d9-ddb5-4fa4-a97d-d965ccfc6d4b" outcome="Passed" testListId="8c84fa94-04c1-424b-9868-57a2d4851a1d" relativeResultsDirectory="ee7d9655-3e00-450b-98dd-81eb616b7908" />
    <UnitTestResult executionId="fdc2c8dd-a8e3-4088-a786-f0d5db751c46" testId="a5f3c4e3-2515-5b34-ca88-e1bb40637adf" testName="Decorate_ShouldAddChildrenWithProperName_WhenThereAreLayersWithItemsImplementingITitleToggleable" computerName="DKSR-EFI-04" duration="00:00:00.0011477" startTime="2023-12-22T09:38:34.8853448+01:00" endTime="2023-12-22T09:38:34.8866206+01:00" testType="13cdc9d9-ddb5-4fa4-a97d-d965ccfc6d4b" outcome="Passed" testListId="8c84fa94-04c1-424b-9868-57a2d4851a1d" relativeResultsDirectory="fdc2c8dd-a8e3-4088-a786-f0d5db751c46" />
    <UnitTestResult executionId="245f1326-9e41-48a0-a2f0-aa8b19c394c8" testId="d971de1e-b31f-31c2-fa67-f30dd423d56b" testName="Constructor_ShouldRaiseArgumentNullException_WhenGisMapViewModelIsNull" computerName="DKSR-EFI-04" duration="00:00:00.0020703" startTime="2023-12-22T09:38:34.7092240+01:00" endTime="2023-12-22T09:38:34.7116723+01:00" testType="13cdc9d9-ddb5-4fa4-a97d-d965ccfc6d4b" outcome="Passed" testListId="8c84fa94-04c1-424b-9868-57a2d4851a1d" relativeResultsDirectory="245f1326-9e41-48a0-a2f0-aa8b19c394c8" />
    <UnitTestResult executionId="df75e640-0a8e-4ab4-b899-3e68d4defb2a" testId="7d70a72d-3886-6952-72a5-a740f2010644" testName="SelectTemplate_InvalidItemType_ReturnsPopupTemplate" computerName="DKSR-EFI-04" duration="00:00:00.0005917" startTime="2023-12-22T09:38:41.2695764+01:00" endTime="2023-12-22T09:38:41.2703075+01:00" testType="13cdc9d9-ddb5-4fa4-a97d-d965ccfc6d4b" outcome="Passed" testListId="8c84fa94-04c1-424b-9868-57a2d4851a1d" relativeResultsDirectory="df75e640-0a8e-4ab4-b899-3e68d4defb2a" />
    <UnitTestResult executionId="1ea9b79d-4653-4944-b738-d8e59b6a1e40" testId="e692b3e0-3f04-ab27-9ec5-4a69402a8875" testName="UpdateStartupLocationInModel_Updated_Success" computerName="DKSR-EFI-04" duration="00:00:00.0216740" startTime="2023-12-22T09:38:33.2214500+01:00" endTime="2023-12-22T09:38:33.2455151+01:00" testType="13cdc9d9-ddb5-4fa4-a97d-d965ccfc6d4b" outcome="Passed" testListId="8c84fa94-04c1-424b-9868-57a2d4851a1d" relativeResultsDirectory="1ea9b79d-4653-4944-b738-d8e59b6a1e40" />
    <UnitTestResult executionId="6f45ba32-2a77-4e2b-8600-ee7ff57d99ff" testId="55e4f137-ee25-d174-0329-0df4a0a2d62a" testName="GetOSFullName_ShouldReturnSomething" computerName="DKSR-EFI-04" duration="00:00:00.0008763" startTime="2023-12-22T09:39:38.4921841+01:00" endTime="2023-12-22T09:39:38.4931878+01:00" testType="13cdc9d9-ddb5-4fa4-a97d-d965ccfc6d4b" outcome="Passed" testListId="8c84fa94-04c1-424b-9868-57a2d4851a1d" relativeResultsDirectory="6f45ba32-2a77-4e2b-8600-ee7ff57d99ff" />
    <UnitTestResult executionId="d5aa05a4-0b10-48e7-9324-bdfc3ea0705a" testId="e5baebdf-dd33-61d2-8622-e7904797fee0" testName="GetDomainAndUserName_ShouldReturnOnlyUserNamePartOfNetworkCredentials_WhenNetworkCredentialsContainsNoDomain" computerName="DKSR-EFI-04" duration="00:00:00.0001436" startTime="2023-12-22T09:38:32.3559141+01:00" endTime="2023-12-22T09:38:32.3561785+01:00" testType="13cdc9d9-ddb5-4fa4-a97d-d965ccfc6d4b" outcome="Passed" testListId="8c84fa94-04c1-424b-9868-57a2d4851a1d" relativeResultsDirectory="d5aa05a4-0b10-48e7-9324-bdfc3ea0705a" />
    <UnitTestResult executionId="76c59461-2871-44c7-a0e9-87a36b8e1cbd" testId="c0babfb5-0c51-8e86-82e8-b342920c9494" testName="ToSafeName_MultpleUnsafeName_Success" computerName="DKSR-EFI-04" duration="00:00:00.0000956" startTime="2023-12-22T09:39:38.6167112+01:00" endTime="2023-12-22T09:39:38.6169208+01:00" testType="13cdc9d9-ddb5-4fa4-a97d-d965ccfc6d4b" outcome="Passed" testListId="8c84fa94-04c1-424b-9868-57a2d4851a1d" relativeResultsDirectory="76c59461-2871-44c7-a0e9-87a36b8e1cbd" />
    <UnitTestResult executionId="6f1d07a8-1c8d-4f71-ae4d-5e8b3f210ad7" testId="24c926a6-ee97-c276-700e-e9cf4f4112ef" testName="PatrollingStepViewModel_Position" computerName="DKSR-EFI-04" duration="00:00:00.0018172" startTime="2023-12-22T09:39:32.2741673+01:00" endTime="2023-12-22T09:39:32.2761149+01:00" testType="13cdc9d9-ddb5-4fa4-a97d-d965ccfc6d4b" outcome="Passed" testListId="8c84fa94-04c1-424b-9868-57a2d4851a1d" relativeResultsDirectory="6f1d07a8-1c8d-4f71-ae4d-5e8b3f210ad7" />
    <UnitTestResult executionId="48f8727f-5358-41bd-b4b0-d071b13b78f9" testId="0bc3c781-e5e2-4061-bcbc-7fa16190d596" testName="PtzSessionControllerInfo_UserChangedTest_NoChange_Patrolling" computerName="DKSR-EFI-04" duration="00:00:00.0001985" startTime="2023-12-22T09:38:32.1831028+01:00" endTime="2023-12-22T09:38:32.1834205+01:00" testType="13cdc9d9-ddb5-4fa4-a97d-d965ccfc6d4b" outcome="Passed" testListId="8c84fa94-04c1-424b-9868-57a2d4851a1d" relativeResultsDirectory="48f8727f-5358-41bd-b4b0-d071b13b78f9" />
    <UnitTestResult executionId="17d0932e-fff3-47f5-8f7e-5baf231c846e" testId="49cfd12e-5617-bd5e-66b7-297865e8d56f" testName="Optics enabled, forced" computerName="DKSR-EFI-04" duration="00:00:00.0003278" startTime="2023-12-22T09:38:40.1973160+01:00" endTime="2023-12-22T09:38:40.1978232+01:00" testType="13cdc9d9-ddb5-4fa4-a97d-d965ccfc6d4b" outcome="Passed" testListId="8c84fa94-04c1-424b-9868-57a2d4851a1d" relativeResultsDirectory="17d0932e-fff3-47f5-8f7e-5baf231c846e" />
    <UnitTestResult executionId="1beecfcf-b2eb-4e78-b30d-48c2d14a2c17" testId="8b851834-9d1b-52ee-4c1e-eca26c60010d" testName="IsProcessing_CancelWhileUnprocessedItems_Success" computerName="DKSR-EFI-04" duration="00:00:00.0018790" startTime="2023-12-22T09:39:14.5039699+01:00" endTime="2023-12-22T09:39:14.5059866+01:00" testType="13cdc9d9-ddb5-4fa4-a97d-d965ccfc6d4b" outcome="Passed" testListId="8c84fa94-04c1-424b-9868-57a2d4851a1d" relativeResultsDirectory="1beecfcf-b2eb-4e78-b30d-48c2d14a2c17" />
    <UnitTestResult executionId="ee0cb033-ea84-4dce-b69f-cd668849a8d7" testId="5725dc6b-38b3-44b7-6936-015732fd6b4c" testName="NavigateAndSelectAsync_SelectAnotherCamera_ReCenterCommandEnabled" computerName="DKSR-EFI-04" duration="00:00:00.0292588" startTime="2023-12-22T09:38:34.6154853+01:00" endTime="2023-12-22T09:38:34.6473195+01:00" testType="13cdc9d9-ddb5-4fa4-a97d-d965ccfc6d4b" outcome="Passed" testListId="8c84fa94-04c1-424b-9868-57a2d4851a1d" relativeResultsDirectory="ee0cb033-ea84-4dce-b69f-cd668849a8d7" />
    <UnitTestResult executionId="5d77ea69-09f7-49f8-921b-3670690da9b5" testId="20efb3d3-79c6-bd77-1370-aab1347bcb2b" testName="DeleteSearchTemplateAsync_Succeeds_Success" computerName="DKSR-EFI-04" duration="00:00:00.0035444" startTime="2023-12-22T09:39:13.9276992+01:00" endTime="2023-12-22T09:39:13.9313862+01:00" testType="13cdc9d9-ddb5-4fa4-a97d-d965ccfc6d4b" outcome="Passed" testListId="8c84fa94-04c1-424b-9868-57a2d4851a1d" relativeResultsDirectory="5d77ea69-09f7-49f8-921b-3670690da9b5" />
    <UnitTestResult executionId="f81113d5-9970-454a-b852-8f8d7ee451f1" testId="95263003-a60e-ad32-6d79-b2420a12e34b" testName="IsOAuth_ShouldReturnFalse_WhenConstructedUsingWindows" computerName="DKSR-EFI-04" duration="00:00:00.0001427" startTime="2023-12-22T09:38:32.3388538+01:00" endTime="2023-12-22T09:38:32.3391206+01:00" testType="13cdc9d9-ddb5-4fa4-a97d-d965ccfc6d4b" outcome="Passed" testListId="8c84fa94-04c1-424b-9868-57a2d4851a1d" relativeResultsDirectory="f81113d5-9970-454a-b852-8f8d7ee451f1" />
    <UnitTestResult executionId="0bec457a-8afa-4704-862d-d96b81603eb3" testId="903b9858-a52e-2d97-0254-7f3a20fa6f17" testName="DisplayErrorOnNotificationArea_UnauthorizedDeviceAccessSearchError_Success" computerName="DKSR-EFI-04" duration="00:00:00.0081865" startTime="2023-12-22T09:39:12.9759590+01:00" endTime="2023-12-22T09:39:12.9843159+01:00" testType="13cdc9d9-ddb5-4fa4-a97d-d965ccfc6d4b" outcome="Passed" testListId="8c84fa94-04c1-424b-9868-57a2d4851a1d" relativeResultsDirectory="0bec457a-8afa-4704-862d-d96b81603eb3" />
    <UnitTestResult executionId="651a34ee-401b-4883-98dd-363806b8fa4e" testId="cf94cc5e-3853-d775-7ab9-b0e9c7ff54bd" testName="AddSelectedWindowsToExport_ShouldShowCorrectToastMessages (1,0,1)" computerName="DKSR-EFI-04" duration="00:00:00.0021423" startTime="2023-12-22T09:39:33.7288871+01:00" endTime="2023-12-22T09:39:33.7311994+01:00" testType="13cdc9d9-ddb5-4fa4-a97d-d965ccfc6d4b" outcome="Passed" testListId="8c84fa94-04c1-424b-9868-57a2d4851a1d" relativeResultsDirectory="651a34ee-401b-4883-98dd-363806b8fa4e" />
    <UnitTestResult executionId="c6f40f44-9dc6-40c4-ac48-a0a3cad759a1" testId="1a4e885e-6ffc-c617-8987-ed7778452758" testName="UpdateSearchAttributes_NoAttributes_NoChange" computerName="DKSR-EFI-04" duration="00:00:00.0028019" startTime="2023-12-22T09:39:10.3198595+01:00" endTime="2023-12-22T09:39:10.3227978+01:00" testType="13cdc9d9-ddb5-4fa4-a97d-d965ccfc6d4b" outcome="Passed" testListId="8c84fa94-04c1-424b-9868-57a2d4851a1d" relativeResultsDirectory="c6f40f44-9dc6-40c4-ac48-a0a3cad759a1" />
    <UnitTestResult executionId="858311d2-91b1-444d-b276-9accaedf3f2b" testId="6bb54fbb-dfac-5d0a-56dc-de94512d7ee7" testName="ToUnsafeName_DifferentSeperator_Success" computerName="DKSR-EFI-04" duration="00:00:00.0001014" startTime="2023-12-22T09:39:38.6235080+01:00" endTime="2023-12-22T09:39:38.6237303+01:00" testType="13cdc9d9-ddb5-4fa4-a97d-d965ccfc6d4b" outcome="Passed" testListId="8c84fa94-04c1-424b-9868-57a2d4851a1d" relativeResultsDirectory="858311d2-91b1-444d-b276-9accaedf3f2b" />
    <UnitTestResult executionId="c2397f77-09c2-419e-9185-aaf4b35d4075" testId="cbb16c95-d728-15c5-f7f7-7aec1e98ffde" testName="ResolveGenericResultProperties_ShouldReturnGenericPropertiesFromASingleSearchResult_WhenGivenASingleSearchResult" computerName="DKSR-EFI-04" duration="00:00:00.0017888" startTime="2023-12-22T09:39:13.8746510+01:00" endTime="2023-12-22T09:39:13.8765899+01:00" testType="13cdc9d9-ddb5-4fa4-a97d-d965ccfc6d4b" outcome="Passed" testListId="8c84fa94-04c1-424b-9868-57a2d4851a1d" relativeResultsDirectory="c2397f77-09c2-419e-9185-aaf4b35d4075" />
    <UnitTestResult executionId="431c5980-43ea-42c9-8eb5-689ac2f9b625" testId="5234d1ee-ef9d-50d7-130b-4f673d2d6420" testName="Instance_ShouldBeSingleton_WhenCalled" computerName="DKSR-EFI-04" duration="00:00:00.0003255" startTime="2023-12-22T09:39:29.0456532+01:00" endTime="2023-12-22T09:39:29.0464009+01:00" testType="13cdc9d9-ddb5-4fa4-a97d-d965ccfc6d4b" outcome="Passed" testListId="8c84fa94-04c1-424b-9868-57a2d4851a1d" relativeResultsDirectory="431c5980-43ea-42c9-8eb5-689ac2f9b625" />
    <UnitTestResult executionId="9678cf6b-e93f-400e-bdca-45db6cb4c37a" testId="d72e9a2a-9534-badd-5a74-22ef698e678e" testName="PtzSessionControllerInfo_UserChangedTest_NoChange" computerName="DKSR-EFI-04" duration="00:00:00.0002064" startTime="2023-12-22T09:38:32.1815532+01:00" endTime="2023-12-22T09:38:32.1818742+01:00" testType="13cdc9d9-ddb5-4fa4-a97d-d965ccfc6d4b" outcome="Passed" testListId="8c84fa94-04c1-424b-9868-57a2d4851a1d" relativeResultsDirectory="9678cf6b-e93f-400e-bdca-45db6cb4c37a" />
    <UnitTestResult executionId="e2f22cad-a42c-47c5-a1d9-12511a0ba014" testId="ede7971d-d588-349a-0279-c271f7ada06e" testName="MaxRegionsAllowed_ShouldBeIntMaxValue_WhenProvidedMaxIsZero" computerName="DKSR-EFI-04" duration="00:00:00.0004362" startTime="2023-12-22T09:39:26.2350066+01:00" endTime="2023-12-22T09:39:26.2357140+01:00" testType="13cdc9d9-ddb5-4fa4-a97d-d965ccfc6d4b" outcome="Passed" testListId="8c84fa94-04c1-424b-9868-57a2d4851a1d" relativeResultsDirectory="e2f22cad-a42c-47c5-a1d9-12511a0ba014" />
    <UnitTestResult executionId="eb5db7a4-5150-44ba-9c02-fa2a5a95257e" testId="e36cf31f-4200-8205-4a12-8df912fdbdf1" testName="ResolveSearchDefinitions_ShouldReturnResultSearchDefinition_WhenSingleSearchResultAndSearchDefinitionsNotContainingCorrectSearchDefinitionsAreGiven" computerName="DKSR-EFI-04" duration="00:00:00.0004167" startTime="2023-12-22T09:39:13.8414711+01:00" endTime="2023-12-22T09:39:13.8420322+01:00" testType="13cdc9d9-ddb5-4fa4-a97d-d965ccfc6d4b" outcome="Passed" testListId="8c84fa94-04c1-424b-9868-57a2d4851a1d" relativeResultsDirectory="eb5db7a4-5150-44ba-9c02-fa2a5a95257e" />
    <UnitTestResult executionId="c866c91a-6171-4256-a7bd-50d58146932a" testId="efaca709-8a13-6b06-ae96-68d58720423e" testName="DrawCore_ShouldRemoveAllTransientMarkers_WhenNoTransientItemsToDisplay" computerName="DKSR-EFI-04" duration="00:00:00.0111526" startTime="2023-12-22T09:38:35.5153675+01:00" endTime="2023-12-22T09:38:35.5288582+01:00" testType="13cdc9d9-ddb5-4fa4-a97d-d965ccfc6d4b" outcome="Passed" testListId="8c84fa94-04c1-424b-9868-57a2d4851a1d" relativeResultsDirectory="c866c91a-6171-4256-a7bd-50d58146932a" />
    <UnitTestResult executionId="c9aa6840-2163-4eac-b6c9-174107c1506d" testId="5cd4b702-56a3-e460-79f3-24a1a68869f7" testName="SelectOptions_ShouldNotChangeSelectedComponent_WhenGivenOptionGroupWithNoCorrelatedComponent" computerName="DKSR-EFI-04" duration="00:00:00.0018048" startTime="2023-12-22T09:39:32.3726907+01:00" endTime="2023-12-22T09:39:32.3746316+01:00" testType="13cdc9d9-ddb5-4fa4-a97d-d965ccfc6d4b" outcome="Passed" testListId="8c84fa94-04c1-424b-9868-57a2d4851a1d" relativeResultsDirectory="c9aa6840-2163-4eac-b6c9-174107c1506d" />
    <UnitTestResult executionId="3d7818f7-6fd6-499b-80f1-b91ba5f5b7bf" testId="2ea7f788-a228-7eb9-ef8c-629855bfb76d" testName="TestConstructor_WithNullParameter_Failure" computerName="DKSR-EFI-04" duration="00:00:00.0003215" startTime="2023-12-22T09:39:31.4681150+01:00" endTime="2023-12-22T09:39:31.4685939+01:00" testType="13cdc9d9-ddb5-4fa4-a97d-d965ccfc6d4b" outcome="Passed" testListId="8c84fa94-04c1-424b-9868-57a2d4851a1d" relativeResultsDirectory="3d7818f7-6fd6-499b-80f1-b91ba5f5b7bf" />
    <UnitTestResult executionId="8d207b88-3983-442f-b9d9-9022e6108e98" testId="dd8ceee9-e0da-460a-3a9b-41ccef9e8e3e" testName="DeleteMapItems_ShouldReturnFalse_WhenUserDeclinesDeletionOfSingleItem" computerName="DKSR-EFI-04" duration="00:00:00.0022488" startTime="2023-12-22T09:39:29.0055105+01:00" endTime="2023-12-22T09:39:29.0079245+01:00" testType="13cdc9d9-ddb5-4fa4-a97d-d965ccfc6d4b" outcome="Passed" testListId="8c84fa94-04c1-424b-9868-57a2d4851a1d" relativeResultsDirectory="8d207b88-3983-442f-b9d9-9022e6108e98" />
    <UnitTestResult executionId="ed7d4bfa-970d-459f-8105-fd2def475f50" testId="3460e6f3-0dd6-9361-76e4-41731c8ee6fa" testName="RenameDeviceTest" computerName="DKSR-EFI-04" duration="00:00:00.0008269" startTime="2023-12-22T09:38:32.3975081+01:00" endTime="2023-12-22T09:38:32.3984548+01:00" testType="13cdc9d9-ddb5-4fa4-a97d-d965ccfc6d4b" outcome="Passed" testListId="8c84fa94-04c1-424b-9868-57a2d4851a1d" relativeResultsDirectory="ed7d4bfa-970d-459f-8105-fd2def475f50" />
    <UnitTestResult executionId="2af56a69-201f-458a-b69d-0a05203fd885" testId="e5b3b709-ebd8-5410-dfc8-207021a3b5a1" testName="GetDuration_OneDayAndTwoHours_Success" computerName="DKSR-EFI-04" duration="00:00:00.0002912" startTime="2023-12-22T09:39:13.7766044+01:00" endTime="2023-12-22T09:39:13.7770568+01:00" testType="13cdc9d9-ddb5-4fa4-a97d-d965ccfc6d4b" outcome="Passed" testListId="8c84fa94-04c1-424b-9868-57a2d4851a1d" relativeResultsDirectory="2af56a69-201f-458a-b69d-0a05203fd885" />
    <UnitTestResult executionId="64a980d8-3ec1-4fb2-b6f7-2862d36c1746" testId="59a60e54-e35c-c435-6281-92cda5ac809d" testName="State_ShouldUpdateMicrophoneIconId_WhenSetToUnMute" computerName="DKSR-EFI-04" duration="00:00:00.0101807" startTime="2023-12-22T09:39:30.3276711+01:00" endTime="2023-12-22T09:39:30.3403653+01:00" testType="13cdc9d9-ddb5-4fa4-a97d-d965ccfc6d4b" outcome="Passed" testListId="8c84fa94-04c1-424b-9868-57a2d4851a1d" relativeResultsDirectory="64a980d8-3ec1-4fb2-b6f7-2862d36c1746" />
    <UnitTestResult executionId="d5b689ce-2df5-49f0-ba83-287a81a0fb91" testId="1828ecd5-bb3e-6d98-809c-f913ae167b2a" testName="TestBuildingLoadAsync_Success" computerName="DKSR-EFI-04" duration="00:00:00.0241806" startTime="2023-12-22T09:39:26.3246681+01:00" endTime="2023-12-22T09:39:26.3490071+01:00" testType="13cdc9d9-ddb5-4fa4-a97d-d965ccfc6d4b" outcome="Passed" testListId="8c84fa94-04c1-424b-9868-57a2d4851a1d" relativeResultsDirectory="d5b689ce-2df5-49f0-ba83-287a81a0fb91" />
    <UnitTestResult executionId="33fbcf36-cec7-4180-9ac7-c9fc91d90e5d" testId="3d7ba390-9a7b-bdaa-74a4-97118816f256" testName="OnLayersRetrieved_ShouldSetComponentsOrdered_WhenLayersCollectionContainsInputAndOutputAndCamera" computerName="DKSR-EFI-04" duration="00:00:00.0122260" startTime="2023-12-22T09:38:34.0441866+01:00" endTime="2023-12-22T09:38:34.0590672+01:00" testType="13cdc9d9-ddb5-4fa4-a97d-d965ccfc6d4b" outcome="Passed" testListId="8c84fa94-04c1-424b-9868-57a2d4851a1d" relativeResultsDirectory="33fbcf36-cec7-4180-9ac7-c9fc91d90e5d" />
    <UnitTestResult executionId="90d3151b-607c-423e-be6f-ee36f6b341da" testId="00fca5c1-405d-b820-34ef-a1a0e9446a86" testName="ApplicationController_SystemInformationChangedEvent_ShouldUnregisterActions_WhenUserLoggedOut" computerName="DKSR-EFI-04" duration="00:00:00.0134754" startTime="2023-12-22T09:39:38.6241624+01:00" endTime="2023-12-22T09:39:38.6378407+01:00" testType="13cdc9d9-ddb5-4fa4-a97d-d965ccfc6d4b" outcome="Passed" testListId="8c84fa94-04c1-424b-9868-57a2d4851a1d" relativeResultsDirectory="90d3151b-607c-423e-be6f-ee36f6b341da" />
    <UnitTestResult executionId="05c07a40-19d0-490a-8021-76cb0425993e" testId="b9ffa3f4-1f18-4167-4317-71e05fdcc916" testName="PatrollingProfileListViewModel_AddProfileExecute_Name_Taken" computerName="DKSR-EFI-04" duration="00:00:00.0014174" startTime="2023-12-22T09:39:32.1353117+01:00" endTime="2023-12-22T09:39:32.1368602+01:00" testType="13cdc9d9-ddb5-4fa4-a97d-d965ccfc6d4b" outcome="Passed" testListId="8c84fa94-04c1-424b-9868-57a2d4851a1d" relativeResultsDirectory="05c07a40-19d0-490a-8021-76cb0425993e" />
    <UnitTestResult executionId="ba40b5b5-f31b-4bb6-9a72-fddac7268747" testId="fe59fd9d-eb33-67df-fe2b-87a233e68931" testName="PatrollingProfileListViewModel_Constructor_ArgumentNull" computerName="DKSR-EFI-04" duration="00:00:00.0001959" startTime="2023-12-22T09:39:32.1080596+01:00" endTime="2023-12-22T09:39:32.1083926+01:00" testType="13cdc9d9-ddb5-4fa4-a97d-d965ccfc6d4b" outcome="Passed" testListId="8c84fa94-04c1-424b-9868-57a2d4851a1d" relativeResultsDirectory="ba40b5b5-f31b-4bb6-9a72-fddac7268747" />
    <UnitTestResult executionId="d4a7e37d-a2d4-4ced-8046-d27f8dd9fbe6" testId="a9f42cf1-dbcf-e8c2-1ef1-a003ae0c7ff8" testName="AddToExportDevices_ShouldReturnCorrectResult (5,0,5)" computerName="DKSR-EFI-04" duration="00:00:00.0026797" startTime="2023-12-22T09:39:33.6844591+01:00" endTime="2023-12-22T09:39:33.6873051+01:00" testType="13cdc9d9-ddb5-4fa4-a97d-d965ccfc6d4b" outcome="Passed" testListId="8c84fa94-04c1-424b-9868-57a2d4851a1d" relativeResultsDirectory="d4a7e37d-a2d4-4ced-8046-d27f8dd9fbe6" />
    <UnitTestResult executionId="328ae736-942f-49bf-96a7-ec6f6558049c" testId="80faadd3-7ee5-fd40-aebd-98e719e96493" testName="TestUpdateState_3Cameras" computerName="DKSR-EFI-04" duration="00:00:00.0121368" startTime="2023-12-22T09:39:34.0801779+01:00" endTime="2023-12-22T09:39:34.0924973+01:00" testType="13cdc9d9-ddb5-4fa4-a97d-d965ccfc6d4b" outcome="Passed" testListId="8c84fa94-04c1-424b-9868-57a2d4851a1d" relativeResultsDirectory="328ae736-942f-49bf-96a7-ec6f6558049c" />
    <UnitTestResult executionId="b3202bc8-2903-4a4d-8317-e8f008d9dcba" testId="5770b0b5-2a66-8eb2-b129-73ab244ff2c9" testName="Constructor_ShouldInitializeProperties_WhenCalled" computerName="DKSR-EFI-04" duration="00:00:00.0015474" startTime="2023-12-22T09:38:34.9089208+01:00" endTime="2023-12-22T09:38:34.9107462+01:00" testType="13cdc9d9-ddb5-4fa4-a97d-d965ccfc6d4b" outcome="Passed" testListId="8c84fa94-04c1-424b-9868-57a2d4851a1d" relativeResultsDirectory="b3202bc8-2903-4a4d-8317-e8f008d9dcba" />
    <UnitTestResult executionId="97f811ed-51fc-460f-9e07-6695c4787b39" testId="e6f18f4e-717d-7e35-b333-de26f141ac91" testName="BindingModelVisible_ReactsTo_PluginInstanceEnabledUpdate" computerName="DKSR-EFI-04" duration="00:00:00.0016939" startTime="2023-12-22T09:39:33.9085932+01:00" endTime="2023-12-22T09:39:33.9124389+01:00" testType="13cdc9d9-ddb5-4fa4-a97d-d965ccfc6d4b" outcome="Passed" testListId="8c84fa94-04c1-424b-9868-57a2d4851a1d" relativeResultsDirectory="97f811ed-51fc-460f-9e07-6695c4787b39" />
    <UnitTestResult executionId="6429ad97-0cde-48a1-ab57-7cc17de6d554" testId="d697ec40-0cdc-2a97-6199-7cace147591a" testName="FindSearchTemplatesAsync_Fails_Success" computerName="DKSR-EFI-04" duration="00:00:00.0025204" startTime="2023-12-22T09:39:13.9399871+01:00" endTime="2023-12-22T09:39:13.9426483+01:00" testType="13cdc9d9-ddb5-4fa4-a97d-d965ccfc6d4b" outcome="Passed" testListId="8c84fa94-04c1-424b-9868-57a2d4851a1d" relativeResultsDirectory="6429ad97-0cde-48a1-ab57-7cc17de6d554" />
    <UnitTestResult executionId="408248dd-5e2a-428c-bda3-3189928db8c5" testId="17f82cf7-4d92-18c7-4ec3-228bc2e9056a" testName="SmartMapGoToPositionHandler_WhenDataIsValid_ShouldCallNavigateTo" computerName="DKSR-EFI-04" duration="00:00:00.0022994" startTime="2023-12-22T09:38:38.6419993+01:00" endTime="2023-12-22T09:38:38.6444152+01:00" testType="13cdc9d9-ddb5-4fa4-a97d-d965ccfc6d4b" outcome="Passed" testListId="8c84fa94-04c1-424b-9868-57a2d4851a1d" relativeResultsDirectory="408248dd-5e2a-428c-bda3-3189928db8c5" />
    <UnitTestResult executionId="cfc866f9-cae0-4320-b1a3-d5c6e6703be8" testId="2b46b6c4-bcde-6b7d-2664-3e89c49247f4" testName="Deserialize_SearchDefinitionsOnly_Success" computerName="DKSR-EFI-04" duration="00:00:00.0014879" startTime="2023-12-22T09:39:14.7230646+01:00" endTime="2023-12-22T09:39:14.7246901+01:00" testType="13cdc9d9-ddb5-4fa4-a97d-d965ccfc6d4b" outcome="Passed" testListId="8c84fa94-04c1-424b-9868-57a2d4851a1d" relativeResultsDirectory="cfc866f9-cae0-4320-b1a3-d5c6e6703be8" />
    <UnitTestResult executionId="29787b8e-9218-4513-8bb6-1c93e8b1c1c7" testId="3a31272a-a65c-0e34-46f8-f3357cdba23a" testName="IconValueConverter_ConvertInvalidIconSourceFallbackBuiltIn_Success" computerName="DKSR-EFI-04" duration="00:00:00.0010279" startTime="2023-12-22T09:38:59.0397958+01:00" endTime="2023-12-22T09:38:59.0409702+01:00" testType="13cdc9d9-ddb5-4fa4-a97d-d965ccfc6d4b" outcome="Passed" testListId="8c84fa94-04c1-424b-9868-57a2d4851a1d" relativeResultsDirectory="29787b8e-9218-4513-8bb6-1c93e8b1c1c7" />
    <UnitTestResult executionId="687ac083-efa1-4f32-9835-5423ab8f1148" testId="77328071-fcbe-8814-7b38-9b55da6b9e94" testName="Deserialize_ShouldIncludeCombineTypeOr_WhenCombineTypeIsOrInXml" computerName="DKSR-EFI-04" duration="00:00:00.0009792" startTime="2023-12-22T09:39:14.6948666+01:00" endTime="2023-12-22T09:39:14.6959948+01:00" testType="13cdc9d9-ddb5-4fa4-a97d-d965ccfc6d4b" outcome="Passed" testListId="8c84fa94-04c1-424b-9868-57a2d4851a1d" relativeResultsDirectory="687ac083-efa1-4f32-9835-5423ab8f1148" />
    <UnitTestResult executionId="59d8a6cf-1d59-49bc-bb42-ace980b1adc5" testId="2e1f1a04-832c-f244-dd8a-e5aa199150f1" testName="SetSelectedDuration_CustomInterval_CustomIntervalOpenSet" computerName="DKSR-EFI-04" duration="00:00:00.0059706" startTime="2023-12-22T09:39:12.7255789+01:00" endTime="2023-12-22T09:39:12.7317102+01:00" testType="13cdc9d9-ddb5-4fa4-a97d-d965ccfc6d4b" outcome="Passed" testListId="8c84fa94-04c1-424b-9868-57a2d4851a1d" relativeResultsDirectory="59d8a6cf-1d59-49bc-bb42-ace980b1adc5" />
    <UnitTestResult executionId="877ad2ac-70c7-48d7-a934-8e676ca62a05" testId="96b04f8c-f777-c014-a499-dfe98011948d" testName="AddClientId_WhereClientIsValid_ReturnsGoogleMapsUrl" computerName="DKSR-EFI-04" duration="00:00:00.0002588" startTime="2023-12-22T09:38:34.8993944+01:00" endTime="2023-12-22T09:38:34.8997697+01:00" testType="13cdc9d9-ddb5-4fa4-a97d-d965ccfc6d4b" outcome="Passed" testListId="8c84fa94-04c1-424b-9868-57a2d4851a1d" relativeResultsDirectory="877ad2ac-70c7-48d7-a934-8e676ca62a05" />
    <UnitTestResult executionId="80475284-ec98-4801-8655-b819943ea249" testId="6e48d542-e9b0-81b3-6d86-e61f8dff61ca" testName="FetchDeviceConfiguration_ShouldLoadCache_WhenCacheFileIsPresent" computerName="DKSR-EFI-04" duration="00:00:00.0050369" startTime="2023-12-22T09:39:38.4675722+01:00" endTime="2023-12-22T09:39:38.4727941+01:00" testType="13cdc9d9-ddb5-4fa4-a97d-d965ccfc6d4b" outcome="Passed" testListId="8c84fa94-04c1-424b-9868-57a2d4851a1d" relativeResultsDirectory="80475284-ec98-4801-8655-b819943ea249" />
    <UnitTestResult executionId="3c987542-61ee-4e98-8417-110de17551be" testId="bebeb62d-71fa-2720-42c0-f4320951d2ce" testName="SmartMapGoToPositionHandler_WhenLatitudeIsInvalid_ShouldWriteToLog" computerName="DKSR-EFI-04" duration="00:00:00.0012943" startTime="2023-12-22T09:38:38.6365494+01:00" endTime="2023-12-22T09:38:38.6379703+01:00" testType="13cdc9d9-ddb5-4fa4-a97d-d965ccfc6d4b" outcome="Passed" testListId="8c84fa94-04c1-424b-9868-57a2d4851a1d" relativeResultsDirectory="3c987542-61ee-4e98-8417-110de17551be" />
    <UnitTestResult executionId="668695a4-2fd2-4351-a95d-95bbf3ab75e3" testId="e76f4094-8dcd-5aeb-e147-a8a4e7a18b8c" testName="SupportsDoubleClick_ShouldBeFalse_WhenInteractionStateIsNotNormalOrNewDevice" computerName="DKSR-EFI-04" duration="00:00:00.0363288" startTime="2023-12-22T09:38:37.4652398+01:00" endTime="2023-12-22T09:38:37.5042535+01:00" testType="13cdc9d9-ddb5-4fa4-a97d-d965ccfc6d4b" outcome="Passed" testListId="8c84fa94-04c1-424b-9868-57a2d4851a1d" relativeResultsDirectory="668695a4-2fd2-4351-a95d-95bbf3ab75e3" />
    <UnitTestResult executionId="0e3d4420-6d2f-4731-9b29-ebc5848c23b2" testId="4aba77ec-b883-b9a3-2441-be573e48795b" testName="PointMapItem_OutputWithNoShortName_Success" computerName="DKSR-EFI-04" duration="00:00:00.0326123" startTime="2023-12-22T09:39:29.7704906+01:00" endTime="2023-12-22T09:39:29.8032848+01:00" testType="13cdc9d9-ddb5-4fa4-a97d-d965ccfc6d4b" outcome="Passed" testListId="8c84fa94-04c1-424b-9868-57a2d4851a1d" relativeResultsDirectory="0e3d4420-6d2f-4731-9b29-ebc5848c23b2" />
    <UnitTestResult executionId="ab23e32d-f739-4e4f-8009-47b98f43b4be" testId="8717c557-1272-1ca3-c2f1-71d1819ddb50" testName="Result_Expands_Correctly" computerName="DKSR-EFI-04" duration="00:00:00.1073484" startTime="2023-12-22T09:39:39.1369913+01:00" endTime="2023-12-22T09:39:39.2487119+01:00" testType="13cdc9d9-ddb5-4fa4-a97d-d965ccfc6d4b" outcome="Passed" testListId="8c84fa94-04c1-424b-9868-57a2d4851a1d" relativeResultsDirectory="ab23e32d-f739-4e4f-8009-47b98f43b4be" />
    <UnitTestResult executionId="ccd74ba0-c80e-471c-8ea9-b0396e2f7a71" testId="67ee2264-2350-9541-5091-2e559be75dbe" testName="TestProperties_Name_Success" computerName="DKSR-EFI-04" duration="00:00:00.0057268" startTime="2023-12-22T09:39:30.9790832+01:00" endTime="2023-12-22T09:39:30.9849662+01:00" testType="13cdc9d9-ddb5-4fa4-a97d-d965ccfc6d4b" outcome="Passed" testListId="8c84fa94-04c1-424b-9868-57a2d4851a1d" relativeResultsDirectory="ccd74ba0-c80e-471c-8ea9-b0396e2f7a71" />
    <UnitTestResult executionId="03917813-0e08-46dd-b7d7-47bbc2c6aaa9" testId="f701d271-970d-88b5-079f-6601babfed26" testName="PtzSessionControllerInfo_ReservedChangedTest_NoChange" computerName="DKSR-EFI-04" duration="00:00:00.0002149" startTime="2023-12-22T09:38:32.2001569+01:00" endTime="2023-12-22T09:38:32.2004818+01:00" testType="13cdc9d9-ddb5-4fa4-a97d-d965ccfc6d4b" outcome="Passed" testListId="8c84fa94-04c1-424b-9868-57a2d4851a1d" relativeResultsDirectory="03917813-0e08-46dd-b7d7-47bbc2c6aaa9" />
    <UnitTestResult executionId="23c9318a-7ebc-4114-8a9f-6f392b2714d7" testId="e38866b9-8332-5f7b-d7b8-fb3e9c3d9029" testName="ToTimeScope_YesterdayInTransitionToNonDST_Success" computerName="DKSR-EFI-04" duration="00:00:00.0008482" startTime="2023-12-22T09:39:13.9733430+01:00" endTime="2023-12-22T09:39:13.9743266+01:00" testType="13cdc9d9-ddb5-4fa4-a97d-d965ccfc6d4b" outcome="Passed" testListId="8c84fa94-04c1-424b-9868-57a2d4851a1d" relativeResultsDirectory="23c9318a-7ebc-4114-8a9f-6f392b2714d7" />
    <UnitTestResult executionId="2d9771a8-2200-4e3e-9788-529cadea5218" testId="478d0236-e1c2-77c9-69c0-a72f12637e60" testName="BindingModelTitle_Matches_PluginInstanceTitle" computerName="DKSR-EFI-04" duration="00:00:00.0024506" startTime="2023-12-22T09:39:33.8778071+01:00" endTime="2023-12-22T09:39:33.8826182+01:00" testType="13cdc9d9-ddb5-4fa4-a97d-d965ccfc6d4b" outcome="Passed" testListId="8c84fa94-04c1-424b-9868-57a2d4851a1d" relativeResultsDirectory="2d9771a8-2200-4e3e-9788-529cadea5218" />
    <UnitTestResult executionId="17081515-a9dc-49b6-93fe-cde7632737ca" testId="b6df7e61-5cd3-7534-d237-3d944ef5fa3d" testName="Ctor_NoBuiltInGroupsDefined_NoAgentsAdded" computerName="DKSR-EFI-04" duration="00:00:00.0055517" startTime="2023-12-22T09:39:25.5959106+01:00" endTime="2023-12-22T09:39:25.6017492+01:00" testType="13cdc9d9-ddb5-4fa4-a97d-d965ccfc6d4b" outcome="Passed" testListId="8c84fa94-04c1-424b-9868-57a2d4851a1d" relativeResultsDirectory="17081515-a9dc-49b6-93fe-cde7632737ca" />
    <UnitTestResult executionId="0069accd-82c4-4146-8a49-b8a951d3606d" testId="eeeef62f-490f-22e7-a2d2-ec5886a54dce" testName="GetResultGroups_ShouldReturnGroupsMatchingSearchAgentIds_WhenResultsAreNotCombined" computerName="DKSR-EFI-04" duration="00:00:00.0035415" startTime="2023-12-22T09:39:11.3332821+01:00" endTime="2023-12-22T09:39:11.3369797+01:00" testType="13cdc9d9-ddb5-4fa4-a97d-d965ccfc6d4b" outcome="Passed" testListId="8c84fa94-04c1-424b-9868-57a2d4851a1d" relativeResultsDirectory="0069accd-82c4-4146-8a49-b8a951d3606d" />
    <UnitTestResult executionId="af376c60-1d0c-4eb3-b49a-772a86991b80" testId="82ab9888-0e8e-be7c-a27b-7d4882e76ad2" testName="ModelSerialization_Serialize_Success" computerName="DKSR-EFI-04" duration="00:00:00.0206464" startTime="2023-12-22T09:39:14.3510284+01:00" endTime="2023-12-22T09:39:14.3718182+01:00" testType="13cdc9d9-ddb5-4fa4-a97d-d965ccfc6d4b" outcome="Passed" testListId="8c84fa94-04c1-424b-9868-57a2d4851a1d" relativeResultsDirectory="af376c60-1d0c-4eb3-b49a-772a86991b80" />
    <UnitTestResult executionId="a5ad2a1e-071c-4f07-84e8-474ceb158fce" testId="27433e55-5768-6c79-0b23-c4648c647a81" testName="Constructor_ShouldThrowException_WhenReportViewerStateIsNull" computerName="DKSR-EFI-04" duration="00:00:00.0003509" startTime="2023-12-22T09:39:35.0946722+01:00" endTime="2023-12-22T09:39:35.0951796+01:00" testType="13cdc9d9-ddb5-4fa4-a97d-d965ccfc6d4b" outcome="Passed" testListId="8c84fa94-04c1-424b-9868-57a2d4851a1d" relativeResultsDirectory="a5ad2a1e-071c-4f07-84e8-474ceb158fce" />
    <UnitTestResult executionId="63bc7da3-58cd-4743-b10b-a3ffa8d77064" testId="55521edb-a4b7-bc99-96a2-4a68c93fc884" testName="BoundingBoxInvalidData" computerName="DKSR-EFI-04" duration="00:00:00.2450773" startTime="2023-12-22T09:39:34.6008797+01:00" endTime="2023-12-22T09:39:34.8461233+01:00" testType="13cdc9d9-ddb5-4fa4-a97d-d965ccfc6d4b" outcome="Passed" testListId="8c84fa94-04c1-424b-9868-57a2d4851a1d" relativeResultsDirectory="63bc7da3-58cd-4743-b10b-a3ffa8d77064" />
    <UnitTestResult executionId="1e5c31a1-6c65-4654-b9db-6a85c22038a4" testId="8bab2c7c-237e-3496-9a26-8fcdcf393dae" testName="Password 1 too short" computerName="DKSR-EFI-04" duration="00:00:00.0002867" startTime="2023-12-22T09:38:40.9649586+01:00" endTime="2023-12-22T09:38:40.9653832+01:00" testType="13cdc9d9-ddb5-4fa4-a97d-d965ccfc6d4b" outcome="Passed" testListId="8c84fa94-04c1-424b-9868-57a2d4851a1d" relativeResultsDirectory="1e5c31a1-6c65-4654-b9db-6a85c22038a4" />
    <UnitTestResult executionId="6edcee81-2e87-4cbe-907c-ab82fb329fb8" testId="7aa665c6-6d05-2641-5b0e-6f3ba4797370" testName="AudioControllerOnDevicesLockEvent_ShouldEnableMicrophones_WhenUnlockingAudioDevicesAndApplicationIsInLiveMode" computerName="DKSR-EFI-04" duration="00:00:00.0128242" startTime="2023-12-22T09:39:29.5189521+01:00" endTime="2023-12-22T09:39:29.5342653+01:00" testType="13cdc9d9-ddb5-4fa4-a97d-d965ccfc6d4b" outcome="Passed" testListId="8c84fa94-04c1-424b-9868-57a2d4851a1d" relativeResultsDirectory="6edcee81-2e87-4cbe-907c-ab82fb329fb8" />
    <UnitTestResult executionId="b1a42370-cdb0-42f9-9585-d49fdd3191c7" testId="f18dd244-4a09-e214-2e8b-a1adb5d41997" testName="SearchResultsActionBarActions_CreateSnapshot_InvokeCommand_MultipleSnapshotsFailed_CorrectErrorMessageShown" computerName="DKSR-EFI-04" duration="00:00:00.0108070" startTime="2023-12-22T09:39:11.1208968+01:00" endTime="2023-12-22T09:39:11.1318920+01:00" testType="13cdc9d9-ddb5-4fa4-a97d-d965ccfc6d4b" outcome="Passed" testListId="8c84fa94-04c1-424b-9868-57a2d4851a1d" relativeResultsDirectory="b1a42370-cdb0-42f9-9585-d49fdd3191c7" />
    <UnitTestResult executionId="a5b0a4cb-02c9-45df-a2fa-9f5523fbee73" testId="504360c9-285d-3030-32b3-a9a95cfffe51" testName="LeftButtonDown_DoubleClick_ZoomsIn" computerName="DKSR-EFI-04" duration="00:00:00.0069325" startTime="2023-12-22T09:38:34.9832988+01:00" endTime="2023-12-22T09:38:34.9926070+01:00" testType="13cdc9d9-ddb5-4fa4-a97d-d965ccfc6d4b" outcome="Passed" testListId="8c84fa94-04c1-424b-9868-57a2d4851a1d" relativeResultsDirectory="a5b0a4cb-02c9-45df-a2fa-9f5523fbee73" />
    <UnitTestResult executionId="a40b772d-0b90-4959-913d-b0623eaf1b3b" testId="d64e21f7-4ea3-a5fe-a361-c369ca14a84e" testName="GisMapLayerSource_CreateFrom_Success" computerName="DKSR-EFI-04" duration="00:00:00.0074226" startTime="2023-12-22T09:39:28.1845174+01:00" endTime="2023-12-22T09:39:28.1921223+01:00" testType="13cdc9d9-ddb5-4fa4-a97d-d965ccfc6d4b" outcome="Passed" testListId="8c84fa94-04c1-424b-9868-57a2d4851a1d" relativeResultsDirectory="a40b772d-0b90-4959-913d-b0623eaf1b3b" />
    <UnitTestResult executionId="84a444e8-6973-4e59-9b83-01964416c3b4" testId="0c9a7b17-025a-1c6f-0a94-cc61778b84eb" testName="HandlePermissionDeniedResults_ShouldShowMessageAndToast (1,1)" computerName="DKSR-EFI-04" duration="00:00:00.0014737" startTime="2023-12-22T09:39:33.8240886+01:00" endTime="2023-12-22T09:39:33.8257181+01:00" testType="13cdc9d9-ddb5-4fa4-a97d-d965ccfc6d4b" outcome="Passed" testListId="8c84fa94-04c1-424b-9868-57a2d4851a1d" relativeResultsDirectory="84a444e8-6973-4e59-9b83-01964416c3b4" />
    <UnitTestResult executionId="a3f4640a-29b5-430a-9188-03e1e2dd09f2" testId="c1617589-7ab5-2785-7153-f5d42b13af57" testName="GetServer_ShouldReturnCorrectServerTest" computerName="DKSR-EFI-04" duration="00:00:00.0042085" startTime="2023-12-22T09:39:34.9780816+01:00" endTime="2023-12-22T09:39:34.9824571+01:00" testType="13cdc9d9-ddb5-4fa4-a97d-d965ccfc6d4b" outcome="Passed" testListId="8c84fa94-04c1-424b-9868-57a2d4851a1d" relativeResultsDirectory="a3f4640a-29b5-430a-9188-03e1e2dd09f2" />
    <UnitTestResult executionId="dd5a803c-2572-479f-8496-80f1061fd730" testId="01ab0198-4b7e-8a94-e88d-b1f770a7248f" testName="EnsureSnapshotIsPngFormat" computerName="DKSR-EFI-04" duration="00:00:00.0005029" startTime="2023-12-22T09:39:36.4677852+01:00" endTime="2023-12-22T09:39:36.4685173+01:00" testType="13cdc9d9-ddb5-4fa4-a97d-d965ccfc6d4b" outcome="Passed" testListId="8c84fa94-04c1-424b-9868-57a2d4851a1d" relativeResultsDirectory="dd5a803c-2572-479f-8496-80f1061fd730" />
    <UnitTestResult executionId="9bc85c9e-e925-4428-b689-4aad5bcf4b38" testId="e9210e25-ddb7-3ad7-3147-1b0286b3f5d2" testName="ProvideValue_ShouldAlwaysReturnItself" computerName="DKSR-EFI-04" duration="00:00:00.0023650" startTime="2023-12-22T09:38:32.3997475+01:00" endTime="2023-12-22T09:38:32.4047874+01:00" testType="13cdc9d9-ddb5-4fa4-a97d-d965ccfc6d4b" outcome="Passed" testListId="8c84fa94-04c1-424b-9868-57a2d4851a1d" relativeResultsDirectory="9bc85c9e-e925-4428-b689-4aad5bcf4b38" />
    <UnitTestResult executionId="a6598b49-fc6e-41b8-ac67-c1574f95a25a" testId="9b11dd70-a212-4435-b232-2bb1537ea05b" testName="AddItemsRemoveItems_SingleMapItem_OneClusterChangeForEach" computerName="DKSR-EFI-04" duration="00:00:00.0066377" startTime="2023-12-22T09:39:32.0557817+01:00" endTime="2023-12-22T09:39:32.0625673+01:00" testType="13cdc9d9-ddb5-4fa4-a97d-d965ccfc6d4b" outcome="Passed" testListId="8c84fa94-04c1-424b-9868-57a2d4851a1d" relativeResultsDirectory="a6598b49-fc6e-41b8-ac67-c1574f95a25a" />
    <UnitTestResult executionId="9916d0fc-a8eb-4779-bcf2-46bcfef1e0cf" testId="7191513c-28f2-659c-e5d2-897223e1317f" testName="ToNormalizedFieldOfView_OutOfRange_LessZero_Fail" computerName="DKSR-EFI-04" duration="00:00:00.0004014" startTime="2023-12-22T09:39:26.8113549+01:00" endTime="2023-12-22T09:39:26.8119757+01:00" testType="13cdc9d9-ddb5-4fa4-a97d-d965ccfc6d4b" outcome="Passed" testListId="8c84fa94-04c1-424b-9868-57a2d4851a1d" relativeResultsDirectory="9916d0fc-a8eb-4779-bcf2-46bcfef1e0cf" />
    <UnitTestResult executionId="5bf7aae4-8df5-4d90-a494-55dc1d48d170" testId="a8d5f143-40e9-2f91-37a6-26e5ad4ff867" testName="ListenToMicrophone_ShouldBeCalled_WhenMicrophoneStateChangesToUnmuted" computerName="DKSR-EFI-04" duration="00:00:00.0076973" startTime="2023-12-22T09:39:28.0488788+01:00" endTime="2023-12-22T09:39:28.0567255+01:00" testType="13cdc9d9-ddb5-4fa4-a97d-d965ccfc6d4b" outcome="Passed" testListId="8c84fa94-04c1-424b-9868-57a2d4851a1d" relativeResultsDirectory="5bf7aae4-8df5-4d90-a494-55dc1d48d170" />
    <UnitTestResult executionId="3de33b38-4988-42ef-81bf-45b8d49231b6" testId="d4db1bde-02f2-af75-8dda-4a9596de1dfd" testName="Compare_SameTriggerTimeDeterministicBehavior_HashCode_Success" computerName="DKSR-EFI-04" duration="00:00:00.0007729" startTime="2023-12-22T09:39:14.6687016+01:00" endTime="2023-12-22T09:39:14.6696065+01:00" testType="13cdc9d9-ddb5-4fa4-a97d-d965ccfc6d4b" outcome="Passed" testListId="8c84fa94-04c1-424b-9868-57a2d4851a1d" relativeResultsDirectory="3de33b38-4988-42ef-81bf-45b8d49231b6" />
    <UnitTestResult executionId="cc476c29-79a4-47c8-9874-a932abd2dffb" testId="b5155b68-06cf-ff0d-b5a3-6677768f61c2" testName="SignUrl_WhereSignatureIsNotBase64_ThrowException" computerName="DKSR-EFI-04" duration="00:00:00.0008779" startTime="2023-12-22T09:38:34.9054014+01:00" endTime="2023-12-22T09:38:34.9064349+01:00" testType="13cdc9d9-ddb5-4fa4-a97d-d965ccfc6d4b" outcome="Passed" testListId="8c84fa94-04c1-424b-9868-57a2d4851a1d" relativeResultsDirectory="cc476c29-79a4-47c8-9874-a932abd2dffb" />
    <UnitTestResult executionId="37aae765-052c-4b6b-af0f-cafbcddb98ad" testId="971ae998-f6f4-2825-fcc4-633419b90bb1" testName="PatrollingProfileViewModelTest_Constructor_Success" computerName="DKSR-EFI-04" duration="00:00:00.0092552" startTime="2023-12-22T09:39:32.1730117+01:00" endTime="2023-12-22T09:39:32.1825328+01:00" testType="13cdc9d9-ddb5-4fa4-a97d-d965ccfc6d4b" outcome="Passed" testListId="8c84fa94-04c1-424b-9868-57a2d4851a1d" relativeResultsDirectory="37aae765-052c-4b6b-af0f-cafbcddb98ad" />
    <UnitTestResult executionId="2039253f-66a9-429c-b073-94f5ac647053" testId="4acf2e12-f867-ff67-73aa-be136e127327" testName="IsVisible_OneSelectedResult_ReturnsTrue" computerName="DKSR-EFI-04" duration="00:00:00.0117253" startTime="2023-12-22T09:39:10.4642086+01:00" endTime="2023-12-22T09:39:10.4761113+01:00" testType="13cdc9d9-ddb5-4fa4-a97d-d965ccfc6d4b" outcome="Passed" testListId="8c84fa94-04c1-424b-9868-57a2d4851a1d" relativeResultsDirectory="2039253f-66a9-429c-b073-94f5ac647053" />
    <UnitTestResult executionId="996abbaf-44e2-46a4-828a-5f984ac16b92" testId="50437517-5fc5-21fb-fd24-7bb70ccad1c0" testName="Constructor_ShouldThrowAnException_WhenSearchManagerIsNull" computerName="DKSR-EFI-04" duration="00:00:00.0012203" startTime="2023-12-22T09:39:32.6730667+01:00" endTime="2023-12-22T09:39:32.6744308+01:00" testType="13cdc9d9-ddb5-4fa4-a97d-d965ccfc6d4b" outcome="Passed" testListId="8c84fa94-04c1-424b-9868-57a2d4851a1d" relativeResultsDirectory="996abbaf-44e2-46a4-828a-5f984ac16b92" />
    <UnitTestResult executionId="2edc771c-4fc3-4ff7-884d-d1ec96ef7516" testId="6c760899-d63e-372b-347e-f2aa62fff100" testName="Password 1 empty" computerName="DKSR-EFI-04" duration="00:00:00.0001383" startTime="2023-12-22T09:38:40.9658792+01:00" endTime="2023-12-22T09:38:40.9661617+01:00" testType="13cdc9d9-ddb5-4fa4-a97d-d965ccfc6d4b" outcome="Passed" testListId="8c84fa94-04c1-424b-9868-57a2d4851a1d" relativeResultsDirectory="2edc771c-4fc3-4ff7-884d-d1ec96ef7516" />
    <UnitTestResult executionId="094d304b-7acf-4b6b-b962-52c7d619369f" testId="ac8063fd-ec4b-484a-0383-753253f47780" testName="GetBoundingShapesAsync_ShouldIgnoreNullBoundingShapesCollectionFromSubResults" computerName="DKSR-EFI-04" duration="00:00:00.0035062" startTime="2023-12-22T09:39:14.5865295+01:00" endTime="2023-12-22T09:39:14.5901822+01:00" testType="13cdc9d9-ddb5-4fa4-a97d-d965ccfc6d4b" outcome="Passed" testListId="8c84fa94-04c1-424b-9868-57a2d4851a1d" relativeResultsDirectory="094d304b-7acf-4b6b-b962-52c7d619369f" />
    <UnitTestResult executionId="7409883b-ab41-4c84-af7f-174e07251c1b" testId="0110325c-27e3-3325-4a17-71d49ff6f036" testName="GetUnmutedMicrophoneIconId_ShouldReturnValidUnMutedMicrophoneIconId_WhenValidMutedMicrophoneIconIdIsProvided" computerName="DKSR-EFI-04" duration="00:00:00.0001760" startTime="2023-12-22T09:39:29.0759712+01:00" endTime="2023-12-22T09:39:29.0762825+01:00" testType="13cdc9d9-ddb5-4fa4-a97d-d965ccfc6d4b" outcome="Passed" testListId="8c84fa94-04c1-424b-9868-57a2d4851a1d" relativeResultsDirectory="7409883b-ab41-4c84-af7f-174e07251c1b" />
    <UnitTestResult executionId="67eec4fe-14f6-4891-aea2-c99577a76172" testId="0b44e872-d464-60e7-3348-83243bc0d155" testName="Warning_Shown_When_Reducing_Protection_Expiry" computerName="DKSR-EFI-04" duration="00:00:00.0069593" startTime="2023-12-22T09:39:39.4155776+01:00" endTime="2023-12-22T09:39:39.4226716+01:00" testType="13cdc9d9-ddb5-4fa4-a97d-d965ccfc6d4b" outcome="Passed" testListId="8c84fa94-04c1-424b-9868-57a2d4851a1d" relativeResultsDirectory="67eec4fe-14f6-4891-aea2-c99577a76172" />
    <UnitTestResult executionId="8014d5ed-677e-49ff-b86d-9b9321eb6573" testId="c8da5140-6bbf-d2bf-c522-f95e06d6a595" testName="PtzSessionControllerInfo_UserChangedTest_Different_User" computerName="DKSR-EFI-04" duration="00:00:00.0002104" startTime="2023-12-22T09:38:32.1847094+01:00" endTime="2023-12-22T09:38:32.1850462+01:00" testType="13cdc9d9-ddb5-4fa4-a97d-d965ccfc6d4b" outcome="Passed" testListId="8c84fa94-04c1-424b-9868-57a2d4851a1d" relativeResultsDirectory="8014d5ed-677e-49ff-b86d-9b9321eb6573" />
    <UnitTestResult executionId="fa01e25c-50f1-461e-a8f8-def73e7389c7" testId="0ba8e521-cdf8-1d32-c711-88b35489e15b" testName="CreateExportDialog_CannotCreateExport_WithNoDestinationsSelected" computerName="DKSR-EFI-04" duration="00:00:00.0055549" startTime="2023-12-22T09:38:40.1099649+01:00" endTime="2023-12-22T09:38:40.1157505+01:00" testType="13cdc9d9-ddb5-4fa4-a97d-d965ccfc6d4b" outcome="Passed" testListId="8c84fa94-04c1-424b-9868-57a2d4851a1d" relativeResultsDirectory="fa01e25c-50f1-461e-a8f8-def73e7389c7" />
    <UnitTestResult executionId="b934df31-9836-4ead-a6b7-01a7fb2bad5a" testId="c9640990-b6c9-dafb-a909-cdccd9fc41e7" testName="Create_Retention_Times_Cannot_Be_Before_1900" computerName="DKSR-EFI-04" duration="00:00:00.0026197" startTime="2023-12-22T09:39:39.4072414+01:00" endTime="2023-12-22T09:39:39.4099941+01:00" testType="13cdc9d9-ddb5-4fa4-a97d-d965ccfc6d4b" outcome="Passed" testListId="8c84fa94-04c1-424b-9868-57a2d4851a1d" relativeResultsDirectory="b934df31-9836-4ead-a6b7-01a7fb2bad5a" />
    <UnitTestResult executionId="939f7d23-fd06-4a73-9f40-732e4200aae6" testId="8fbd09a9-7857-948c-1090-871fb08766df" testName="AddToExportDevices_ShouldReturnCorrectResult (0,0,0)" computerName="DKSR-EFI-04" duration="00:00:00.0023995" startTime="2023-12-22T09:39:33.6513585+01:00" endTime="2023-12-22T09:39:33.6539342+01:00" testType="13cdc9d9-ddb5-4fa4-a97d-d965ccfc6d4b" outcome="Passed" testListId="8c84fa94-04c1-424b-9868-57a2d4851a1d" relativeResultsDirectory="939f7d23-fd06-4a73-9f40-732e4200aae6" />
    <UnitTestResult executionId="609a845d-7b89-4ba8-b552-660ac61b9205" testId="bc93f730-cf4f-b2fd-70c0-19446c70f746" testName="IconResourceKey_ShouldBeValid_WhenInteractionStateIsAddInput" computerName="DKSR-EFI-04" duration="00:00:00.0001824" startTime="2023-12-22T09:38:34.9166228+01:00" endTime="2023-12-22T09:38:34.9169296+01:00" testType="13cdc9d9-ddb5-4fa4-a97d-d965ccfc6d4b" outcome="Passed" testListId="8c84fa94-04c1-424b-9868-57a2d4851a1d" relativeResultsDirectory="609a845d-7b89-4ba8-b552-660ac61b9205" />
    <UnitTestResult executionId="e4f57f31-b495-4c57-8e50-fb29f38ee435" testId="e34756db-13d7-7720-a8fd-b5442759c6e4" testName="Passwords are the same" computerName="DKSR-EFI-04" duration="00:00:00.0002550" startTime="2023-12-22T09:38:40.9743596+01:00" endTime="2023-12-22T09:38:40.9747839+01:00" testType="13cdc9d9-ddb5-4fa4-a97d-d965ccfc6d4b" outcome="Passed" testListId="8c84fa94-04c1-424b-9868-57a2d4851a1d" relativeResultsDirectory="e4f57f31-b495-4c57-8e50-fb29f38ee435" />
    <UnitTestResult executionId="1ca53f55-18b7-4a50-b507-e05c14d5ddd3" testId="d87bb820-5df8-b7cb-0dc2-a51e231db935" testName="AndOrSearchDefinitionToCornerRadiusMultiConverter_CallConvert_LastAnd" computerName="DKSR-EFI-04" duration="00:00:00.0004971" startTime="2023-12-22T09:38:59.0069703+01:00" endTime="2023-12-22T09:38:59.0076167+01:00" testType="13cdc9d9-ddb5-4fa4-a97d-d965ccfc6d4b" outcome="Passed" testListId="8c84fa94-04c1-424b-9868-57a2d4851a1d" relativeResultsDirectory="1ca53f55-18b7-4a50-b507-e05c14d5ddd3" />
    <UnitTestResult executionId="0d13a0ef-9629-4037-a2df-37977f909143" testId="cdf55ccf-9363-1335-a916-7ffe8ada8675" testName="Dispose_ShouldSetGisMapViewModelToNull_WhenCalled" computerName="DKSR-EFI-04" duration="00:00:00.0010271" startTime="2023-12-22T09:38:34.7130750+01:00" endTime="2023-12-22T09:38:34.7142682+01:00" testType="13cdc9d9-ddb5-4fa4-a97d-d965ccfc6d4b" outcome="Passed" testListId="8c84fa94-04c1-424b-9868-57a2d4851a1d" relativeResultsDirectory="0d13a0ef-9629-4037-a2df-37977f909143" />
    <UnitTestResult executionId="778a6f86-1ca2-4d62-b218-82142c3982a9" testId="37dfb702-000b-b79c-bfb4-f3293626a799" testName="HandleGetLayerFeatures_ShouldRaiseArgumentException_WhenNotMicrophoneKind" computerName="DKSR-EFI-04" duration="00:00:00.0025604" startTime="2023-12-22T09:39:31.2842632+01:00" endTime="2023-12-22T09:39:31.2869827+01:00" testType="13cdc9d9-ddb5-4fa4-a97d-d965ccfc6d4b" outcome="Passed" testListId="8c84fa94-04c1-424b-9868-57a2d4851a1d" relativeResultsDirectory="778a6f86-1ca2-4d62-b218-82142c3982a9" />
    <UnitTestResult executionId="988d8233-ec94-475d-9d5b-9eae247ba4f4" testId="cb1f6500-ecbe-a116-4190-78f304902ad9" testName="ButtonVisibilityProperties_ShouldSetDefaultValues_WhenNoPropertiesLoaded" computerName="DKSR-EFI-04" duration="00:00:00.0036592" startTime="2023-12-22T09:38:33.2813914+01:00" endTime="2023-12-22T09:38:33.2852846+01:00" testType="13cdc9d9-ddb5-4fa4-a97d-d965ccfc6d4b" outcome="Passed" testListId="8c84fa94-04c1-424b-9868-57a2d4851a1d" relativeResultsDirectory="988d8233-ec94-475d-9d5b-9eae247ba4f4" />
    <UnitTestResult executionId="eaa3a9f1-e074-4124-a06a-9fbf0020abc1" testId="80e1e452-82cf-b088-db40-d28f7d32c62d" testName="EvidenceLock when Playback" computerName="DKSR-EFI-04" duration="00:00:00.0244298" startTime="2023-12-22T09:39:32.6751425+01:00" endTime="2023-12-22T09:39:32.8945907+01:00" testType="13cdc9d9-ddb5-4fa4-a97d-d965ccfc6d4b" outcome="Passed" testListId="8c84fa94-04c1-424b-9868-57a2d4851a1d" relativeResultsDirectory="eaa3a9f1-e074-4124-a06a-9fbf0020abc1" />
    <UnitTestResult executionId="aecd91ff-474c-4e28-b274-3fced3e44f66" testId="d3281eee-0976-1fa7-ba3c-3f048bbeb9e7" testName="ValidateExportLocation_ShouldReturnFailResult_ExportPathIsInvalid (1213&lt;&gt;!?%)" computerName="DKSR-EFI-04" duration="00:00:00.0077376" startTime="2023-12-22T09:38:40.7923185+01:00" endTime="2023-12-22T09:38:40.8002468+01:00" testType="13cdc9d9-ddb5-4fa4-a97d-d965ccfc6d4b" outcome="Passed" testListId="8c84fa94-04c1-424b-9868-57a2d4851a1d" relativeResultsDirectory="aecd91ff-474c-4e28-b274-3fced3e44f66" />
    <UnitTestResult executionId="e1a3eda1-a956-46a3-8532-179a7181513c" testId="2a4b4823-fd60-1de2-7bef-a1adf9e470c2" testName="IsCurrentCenterEqualTo_ShouldReturnFalse_WhenValuesAreNotEqualWithinGivenPrecision" computerName="DKSR-EFI-04" duration="00:00:00.0011578" startTime="2023-12-22T09:38:36.2130917+01:00" endTime="2023-12-22T09:38:36.2144236+01:00" testType="13cdc9d9-ddb5-4fa4-a97d-d965ccfc6d4b" outcome="Passed" testListId="8c84fa94-04c1-424b-9868-57a2d4851a1d" relativeResultsDirectory="e1a3eda1-a956-46a3-8532-179a7181513c" />
    <UnitTestResult executionId="9b75994b-e1bf-4651-9ada-c73c8fedc220" testId="de8654eb-af61-aa53-49f9-84c165fb21f5" testName="CreateItemUserControl_SingleSearchResultDataWrapperParameter_ControlCreatedAndInitialized" computerName="DKSR-EFI-04" duration="00:00:00.8077178" startTime="2023-12-22T09:38:43.3039311+01:00" endTime="2023-12-22T09:38:44.1144739+01:00" testType="13cdc9d9-ddb5-4fa4-a97d-d965ccfc6d4b" outcome="Passed" testListId="8c84fa94-04c1-424b-9868-57a2d4851a1d" relativeResultsDirectory="9b75994b-e1bf-4651-9ada-c73c8fedc220" />
    <UnitTestResult executionId="5a45c54d-3105-44f7-b4b6-1aed3c96760d" testId="9f080b69-ff73-e1e5-ebe4-dd30c3c983a4" testName="GetActivatedOutputIconId_ShouldRaiseArgumentException_WhenArgumentIsNotADeactivatedOutputIconId" computerName="DKSR-EFI-04" duration="00:00:00.0006182" startTime="2023-12-22T09:39:29.0920439+01:00" endTime="2023-12-22T09:39:29.0928207+01:00" testType="13cdc9d9-ddb5-4fa4-a97d-d965ccfc6d4b" outcome="Passed" testListId="8c84fa94-04c1-424b-9868-57a2d4851a1d" relativeResultsDirectory="5a45c54d-3105-44f7-b4b6-1aed3c96760d" />
    <UnitTestResult executionId="88591f0e-15a1-4877-b022-6d12997fa090" testId="9bd36f2b-bb15-3fec-5cc0-8da29f15f2eb" testName="EndSelection_ShouldNotStartInPlaceEditMode_WhenItemIsNotSelected" computerName="DKSR-EFI-04" duration="00:00:00.0063320" startTime="2023-12-22T09:38:36.1475229+01:00" endTime="2023-12-22T09:38:36.1562602+01:00" testType="13cdc9d9-ddb5-4fa4-a97d-d965ccfc6d4b" outcome="Passed" testListId="8c84fa94-04c1-424b-9868-57a2d4851a1d" relativeResultsDirectory="88591f0e-15a1-4877-b022-6d12997fa090" />
    <UnitTestResult executionId="3e22cbd9-9fda-438c-8868-9177f9ab24e3" testId="cb1d8729-ed7e-3666-4cf6-433514c9d9a6" testName="MicrophoneIconStates_ShouldReturnMicrophoneIconStatesInAProperOrder_WhenCalled" computerName="DKSR-EFI-04" duration="00:00:00.0069809" startTime="2023-12-22T09:39:29.0619141+01:00" endTime="2023-12-22T09:39:29.0691333+01:00" testType="13cdc9d9-ddb5-4fa4-a97d-d965ccfc6d4b" outcome="Passed" testListId="8c84fa94-04c1-424b-9868-57a2d4851a1d" relativeResultsDirectory="3e22cbd9-9fda-438c-8868-9177f9ab24e3" />
    <UnitTestResult executionId="0f9f5fe1-4801-4ac6-b52d-4d46def88ab2" testId="7a16e0cb-4e01-7898-4d17-e4adaaac865e" testName="Constructor_ShouldRaiseArgumentNullException_WhenLayersIsNull" computerName="DKSR-EFI-04" duration="00:00:00.0023501" startTime="2023-12-22T09:39:31.2999875+01:00" endTime="2023-12-22T09:39:31.3025864+01:00" testType="13cdc9d9-ddb5-4fa4-a97d-d965ccfc6d4b" outcome="Passed" testListId="8c84fa94-04c1-424b-9868-57a2d4851a1d" relativeResultsDirectory="0f9f5fe1-4801-4ac6-b52d-4d46def88ab2" />
    <UnitTestResult executionId="112d2415-5be6-4fba-9cad-f759892ceaed" testId="8b087bdb-e613-2682-1659-90f070e3535d" testName="AddGetConfigurationCameraTest" computerName="DKSR-EFI-04" duration="00:00:00.0170704" startTime="2023-12-22T09:38:32.3688065+01:00" endTime="2023-12-22T09:38:32.3862054+01:00" testType="13cdc9d9-ddb5-4fa4-a97d-d965ccfc6d4b" outcome="Passed" testListId="8c84fa94-04c1-424b-9868-57a2d4851a1d" relativeResultsDirectory="112d2415-5be6-4fba-9cad-f759892ceaed" />
    <UnitTestResult executionId="4a7ba7fa-1707-42b0-97db-862679870c35" testId="1742c7aa-b082-d69c-8853-7ede68919ffd" testName="SmartSearchStatusType_ShouldYieldSameValuesForAllEnumValues_WhenRoundTripConverted (UnspecifiedError,UnspecifiedError)" computerName="DKSR-EFI-04" duration="00:00:00.0000058" startTime="2023-12-22T09:38:29.7582338+01:00" endTime="2023-12-22T09:38:29.7583292+01:00" testType="13cdc9d9-ddb5-4fa4-a97d-d965ccfc6d4b" outcome="Passed" testListId="8c84fa94-04c1-424b-9868-57a2d4851a1d" relativeResultsDirectory="4a7ba7fa-1707-42b0-97db-862679870c35" />
    <UnitTestResult executionId="a1bfe596-1386-491b-985f-2c27dc946fb6" testId="7bc82cbe-20de-caab-82e3-ab7c085d6916" testName="ScWorkspaceStateChangedEvent_ShouldSetDeviceStateToMuted_WhenSwitchingToSetupMode" computerName="DKSR-EFI-04" duration="00:00:00.0186049" startTime="2023-12-22T09:39:29.1521713+01:00" endTime="2023-12-22T09:39:29.1734248+01:00" testType="13cdc9d9-ddb5-4fa4-a97d-d965ccfc6d4b" outcome="Passed" testListId="8c84fa94-04c1-424b-9868-57a2d4851a1d" relativeResultsDirectory="a1bfe596-1386-491b-985f-2c27dc946fb6" />
    <UnitTestResult executionId="634d2c38-676d-4df7-8156-de011950b5aa" testId="cc27b110-75f5-fa85-b001-d22c68a54aec" testName="PatrollingStepListViewModel_CanAddStepExecute" computerName="DKSR-EFI-04" duration="00:00:00.0013489" startTime="2023-12-22T09:39:32.2404408+01:00" endTime="2023-12-22T09:39:32.2419230+01:00" testType="13cdc9d9-ddb5-4fa4-a97d-d965ccfc6d4b" outcome="Passed" testListId="8c84fa94-04c1-424b-9868-57a2d4851a1d" relativeResultsDirectory="634d2c38-676d-4df7-8156-de011950b5aa" />
    <UnitTestResult executionId="fc5391e3-9362-49d6-8e10-56f15bcb9a7e" testId="6e64b1c1-2e75-35e1-101c-1ff9cd084eb0" testName="ShowSuccessToast_ShouldShowCorrectNumberOfToasts (0,0)" computerName="DKSR-EFI-04" duration="00:00:00.0123352" startTime="2023-12-22T09:39:33.7751883+01:00" endTime="2023-12-22T09:39:33.7878140+01:00" testType="13cdc9d9-ddb5-4fa4-a97d-d965ccfc6d4b" outcome="Passed" testListId="8c84fa94-04c1-424b-9868-57a2d4851a1d" relativeResultsDirectory="fc5391e3-9362-49d6-8e10-56f15bcb9a7e" />
    <UnitTestResult executionId="73368c1d-cc38-4ac3-8172-736fb99e2499" testId="20cd3c5b-85a9-064a-ae50-0db9b4c55966" testName="Search_SingleCategory_SearchCallDelegatedToSearchManager" computerName="DKSR-EFI-04" duration="00:00:00.0202353" startTime="2023-12-22T09:39:25.4858965+01:00" endTime="2023-12-22T09:39:25.5063778+01:00" testType="13cdc9d9-ddb5-4fa4-a97d-d965ccfc6d4b" outcome="Passed" testListId="8c84fa94-04c1-424b-9868-57a2d4851a1d" relativeResultsDirectory="73368c1d-cc38-4ac3-8172-736fb99e2499" />
    <UnitTestResult executionId="358cdc56-2ac8-407d-8535-d23dbab8209c" testId="9dd385ef-b7c1-a45d-9dea-e00dc401f11c" testName="SetIncludePartialResults_ShouldNotFireEvent_WhenSameValueApplied" computerName="DKSR-EFI-04" duration="00:00:00.0009784" startTime="2023-12-22T09:39:14.5238945+01:00" endTime="2023-12-22T09:39:14.5250060+01:00" testType="13cdc9d9-ddb5-4fa4-a97d-d965ccfc6d4b" outcome="Passed" testListId="8c84fa94-04c1-424b-9868-57a2d4851a1d" relativeResultsDirectory="358cdc56-2ac8-407d-8535-d23dbab8209c" />
    <UnitTestResult executionId="cf8f9c03-ee43-4f0a-8836-372dab834745" testId="cfadad16-7fef-9797-8a05-f69be03fa506" testName="ValueWithFallbackConverterTests_Convert_FirstValueNull_SecondValueNotNull_Success" computerName="DKSR-EFI-04" duration="00:00:00.0001621" startTime="2023-12-22T09:38:59.0676311+01:00" endTime="2023-12-22T09:38:59.0679259+01:00" testType="13cdc9d9-ddb5-4fa4-a97d-d965ccfc6d4b" outcome="Passed" testListId="8c84fa94-04c1-424b-9868-57a2d4851a1d" relativeResultsDirectory="cf8f9c03-ee43-4f0a-8836-372dab834745" />
    <UnitTestResult executionId="50324d42-8874-40d9-a0d1-fb940f6a5f19" testId="0ed09f5c-e815-112c-6aff-fe0dbd9b6f36" testName="Instance_ShouldBeSingleton_WhenCalled" computerName="DKSR-EFI-04" duration="00:00:00.0001930" startTime="2023-12-22T09:39:29.0403329+01:00" endTime="2023-12-22T09:39:29.0407314+01:00" testType="13cdc9d9-ddb5-4fa4-a97d-d965ccfc6d4b" outcome="Passed" testListId="8c84fa94-04c1-424b-9868-57a2d4851a1d" relativeResultsDirectory="50324d42-8874-40d9-a0d1-fb940f6a5f19" />
    <UnitTestResult executionId="c2002161-1066-4e1b-b450-0db0edbe81c7" testId="cdb294e5-a11e-c1b8-28c0-e318e116348c" testName="Narrowing_Is_Disabled_When_Update_Rights_Missing" computerName="DKSR-EFI-04" duration="00:00:00.0028608" startTime="2023-12-22T09:39:39.4376197+01:00" endTime="2023-12-22T09:39:39.4406113+01:00" testType="13cdc9d9-ddb5-4fa4-a97d-d965ccfc6d4b" outcome="Passed" testListId="8c84fa94-04c1-424b-9868-57a2d4851a1d" relativeResultsDirectory="c2002161-1066-4e1b-b450-0db0edbe81c7" />
    <UnitTestResult executionId="25b88427-a4c7-40bb-90dd-da3c88cc92fc" testId="5ab2a160-0b3e-3ddc-61b5-6572c40a7f10" testName="DeactivateView_Success" computerName="DKSR-EFI-04" duration="00:00:00.0062650" startTime="2023-12-22T09:39:13.0736619+01:00" endTime="2023-12-22T09:39:13.0800912+01:00" testType="13cdc9d9-ddb5-4fa4-a97d-d965ccfc6d4b" outcome="Passed" testListId="8c84fa94-04c1-424b-9868-57a2d4851a1d" relativeResultsDirectory="25b88427-a4c7-40bb-90dd-da3c88cc92fc" />
    <UnitTestResult executionId="625a4810-6045-4407-a098-0610316e6740" testId="e00876fb-cb05-16ea-34dd-7b76a35afbc9" testName="Password1 valid, Password 2 invalid, same length" computerName="DKSR-EFI-04" duration="00:00:00.0001346" startTime="2023-12-22T09:38:40.9610232+01:00" endTime="2023-12-22T09:38:40.9612934+01:00" testType="13cdc9d9-ddb5-4fa4-a97d-d965ccfc6d4b" outcome="Passed" testListId="8c84fa94-04c1-424b-9868-57a2d4851a1d" relativeResultsDirectory="625a4810-6045-4407-a098-0610316e6740" />
    <UnitTestResult executionId="ab6f4dca-acc4-41a2-8d26-402fbc7fc7c7" testId="9f0f6d30-f426-c7af-d9b6-15317c05ddf1" testName="DateToStringConverter_Convert_NullParameter_ReturnUnsetValue" computerName="DKSR-EFI-04" duration="00:00:00.0004102" startTime="2023-12-22T09:38:59.0137296+01:00" endTime="2023-12-22T09:38:59.0142777+01:00" testType="13cdc9d9-ddb5-4fa4-a97d-d965ccfc6d4b" outcome="Passed" testListId="8c84fa94-04c1-424b-9868-57a2d4851a1d" relativeResultsDirectory="ab6f4dca-acc4-41a2-8d26-402fbc7fc7c7" />
    <UnitTestResult executionId="529d9084-0829-4d97-a8a6-1343c598b4e8" testId="8647f015-786e-4211-7702-95ed8f5c87dc" testName="GetServerGroups_ShouldReturnServerGroupsType" computerName="DKSR-EFI-04" duration="00:00:00.0002079" startTime="2023-12-22T09:39:35.0384030+01:00" endTime="2023-12-22T09:39:35.0387386+01:00" testType="13cdc9d9-ddb5-4fa4-a97d-d965ccfc6d4b" outcome="Passed" testListId="8c84fa94-04c1-424b-9868-57a2d4851a1d" relativeResultsDirectory="529d9084-0829-4d97-a8a6-1343c598b4e8" />
    <UnitTestResult executionId="29e848ce-5089-4789-8d96-9a7d270fb03f" testId="4ffbb65d-5283-caab-4ee9-d197524190bc" testName="PtzSessionControllerInfo_UserChangedTest_Argument_Null_2" computerName="DKSR-EFI-04" duration="00:00:00.0003333" startTime="2023-12-22T09:38:32.1806104+01:00" endTime="2023-12-22T09:38:32.1811150+01:00" testType="13cdc9d9-ddb5-4fa4-a97d-d965ccfc6d4b" outcome="Passed" testListId="8c84fa94-04c1-424b-9868-57a2d4851a1d" relativeResultsDirectory="29e848ce-5089-4789-8d96-9a7d270fb03f" />
    <UnitTestResult executionId="7ab32a46-3ee5-4c5a-8a47-27042709947f" testId="dacad55c-89db-4a83-ada9-6fb14502b91c" testName="EnsureLayersOrderIsValidBy_AddLayersAt_Success" computerName="DKSR-EFI-04" duration="00:00:00.0261342" startTime="2023-12-22T09:39:28.9149300+01:00" endTime="2023-12-22T09:39:28.9412591+01:00" testType="13cdc9d9-ddb5-4fa4-a97d-d965ccfc6d4b" outcome="Passed" testListId="8c84fa94-04c1-424b-9868-57a2d4851a1d" relativeResultsDirectory="7ab32a46-3ee5-4c5a-8a47-27042709947f" />
    <UnitTestResult executionId="86f6f269-ee3b-4809-8721-a28fa2e3498f" testId="4e201780-8be5-36cf-a6cd-fc75ae04350d" testName="Compare_NullVsNotNullDescending_LessThan" computerName="DKSR-EFI-04" duration="00:00:00.0001890" startTime="2023-12-22T09:39:14.6576066+01:00" endTime="2023-12-22T09:39:14.6579766+01:00" testType="13cdc9d9-ddb5-4fa4-a97d-d965ccfc6d4b" outcome="Passed" testListId="8c84fa94-04c1-424b-9868-57a2d4851a1d" relativeResultsDirectory="86f6f269-ee3b-4809-8721-a28fa2e3498f" />
    <UnitTestResult executionId="85f7198e-226b-4a03-9da3-9f4d72d166c5" testId="417d2775-4be3-356c-d0c6-5cff4570afc9" testName="TimeToStringConverter_Ctor_Success" computerName="DKSR-EFI-04" duration="00:00:00.0009644" startTime="2023-12-22T09:38:59.0576006+01:00" endTime="2023-12-22T09:38:59.0587816+01:00" testType="13cdc9d9-ddb5-4fa4-a97d-d965ccfc6d4b" outcome="Passed" testListId="8c84fa94-04c1-424b-9868-57a2d4851a1d" relativeResultsDirectory="85f7198e-226b-4a03-9da3-9f4d72d166c5" />
    <UnitTestResult executionId="788152dc-6b2c-41b7-a59c-9139c723d040" testId="ed5d2d51-b6a2-01b7-2ce0-6c8ba87417c3" testName="AndOrSearchDefinitionToCornerRadiusMultiConverter_CallConvert_MiddleAnd" computerName="DKSR-EFI-04" duration="00:00:00.0005905" startTime="2023-12-22T09:38:59.0056774+01:00" endTime="2023-12-22T09:38:59.0064197+01:00" testType="13cdc9d9-ddb5-4fa4-a97d-d965ccfc6d4b" outcome="Passed" testListId="8c84fa94-04c1-424b-9868-57a2d4851a1d" relativeResultsDirectory="788152dc-6b2c-41b7-a59c-9139c723d040" />
    <UnitTestResult executionId="1ee2af2e-54d1-4924-8918-6b6613d36716" testId="ef4e21c0-7da5-c60c-260f-ced0773f5f69" testName="DeviceIcons_ShouldHaveTenElements_WhenCalled" computerName="DKSR-EFI-04" duration="00:00:00.0009181" startTime="2023-12-22T09:39:29.0380418+01:00" endTime="2023-12-22T09:39:29.0391084+01:00" testType="13cdc9d9-ddb5-4fa4-a97d-d965ccfc6d4b" outcome="Passed" testListId="8c84fa94-04c1-424b-9868-57a2d4851a1d" relativeResultsDirectory="1ee2af2e-54d1-4924-8918-6b6613d36716" />
    <UnitTestResult executionId="aecd0314-d18f-4fd2-b2b3-9b3d1ea8cff1" testId="64807985-c509-c615-5e46-3ee5e8e0197e" testName="Result_Updates_Correctly" computerName="DKSR-EFI-04" duration="00:00:00.1208051" startTime="2023-12-22T09:39:39.0114222+01:00" endTime="2023-12-22T09:39:39.1364856+01:00" testType="13cdc9d9-ddb5-4fa4-a97d-d965ccfc6d4b" outcome="Passed" testListId="8c84fa94-04c1-424b-9868-57a2d4851a1d" relativeResultsDirectory="aecd0314-d18f-4fd2-b2b3-9b3d1ea8cff1" />
    <UnitTestResult executionId="1152edb7-7e84-403f-90af-87ac64f45a3b" testId="a39ae70d-c88f-1b05-e852-22bd9620ca7b" testName="Ctor_TwoBuiltInGroupsDefined_TwoCompositeAgentsAddedAndOneStandardAgentAdded" computerName="DKSR-EFI-04" duration="00:00:00.0014675" startTime="2023-12-22T09:39:25.6132483+01:00" endTime="2023-12-22T09:39:25.6148558+01:00" testType="13cdc9d9-ddb5-4fa4-a97d-d965ccfc6d4b" outcome="Passed" testListId="8c84fa94-04c1-424b-9868-57a2d4851a1d" relativeResultsDirectory="1152edb7-7e84-403f-90af-87ac64f45a3b" />
    <UnitTestResult executionId="daba05f6-1076-4264-a436-dc052dba2711" testId="a28e9689-4e5e-848d-448b-9fc289af2ecb" testName="Search_MultipleCategories_SearchCallsDelegatedToSearchManager" computerName="DKSR-EFI-04" duration="00:00:00.0065661" startTime="2023-12-22T09:39:25.5145891+01:00" endTime="2023-12-22T09:39:25.5213227+01:00" testType="13cdc9d9-ddb5-4fa4-a97d-d965ccfc6d4b" outcome="Passed" testListId="8c84fa94-04c1-424b-9868-57a2d4851a1d" relativeResultsDirectory="daba05f6-1076-4264-a436-dc052dba2711" />
    <UnitTestResult executionId="4f3898ea-bc06-47c6-a29d-b281e4bf04e3" testId="8911612a-a11f-ae1d-ffaf-716d141c41ca" testName="OutputMapItem_Delete_Success" computerName="DKSR-EFI-04" duration="00:00:00.0121129" startTime="2023-12-22T09:39:29.8047761+01:00" endTime="2023-12-22T09:39:29.8171616+01:00" testType="13cdc9d9-ddb5-4fa4-a97d-d965ccfc6d4b" outcome="Passed" testListId="8c84fa94-04c1-424b-9868-57a2d4851a1d" relativeResultsDirectory="4f3898ea-bc06-47c6-a29d-b281e4bf04e3" />
    <UnitTestResult executionId="cd5af4e4-08f0-4866-b3ac-5e93ca03e22e" testId="c1c2bc59-f0a7-06da-8b9c-e5d38bba111a" testName="SearchResultsActionBarActions_CreateSnapshot_InvokeCommand_SingleSnapshotFailed_CorrectErrorMessageShown" computerName="DKSR-EFI-04" duration="00:00:00.0161394" startTime="2023-12-22T09:39:11.1039643+01:00" endTime="2023-12-22T09:39:11.1202726+01:00" testType="13cdc9d9-ddb5-4fa4-a97d-d965ccfc6d4b" outcome="Passed" testListId="8c84fa94-04c1-424b-9868-57a2d4851a1d" relativeResultsDirectory="cd5af4e4-08f0-4866-b3ac-5e93ca03e22e" />
    <UnitTestResult executionId="dee59ad0-1e68-4148-9b73-9a234579ccd2" testId="8f3be891-cc07-82e3-b944-406561072d26" testName="GetBoundingShapesPathsAsync_ShouldGetBoundingShapesFromAllSources_WhenAllSourcesArePassedIn" computerName="DKSR-EFI-04" duration="00:00:00.0135231" startTime="2023-12-22T09:39:13.8107071+01:00" endTime="2023-12-22T09:39:13.8270918+01:00" testType="13cdc9d9-ddb5-4fa4-a97d-d965ccfc6d4b" outcome="Passed" testListId="8c84fa94-04c1-424b-9868-57a2d4851a1d" relativeResultsDirectory="dee59ad0-1e68-4148-9b73-9a234579ccd2" />
    <UnitTestResult executionId="45c5f4e4-ba27-42ad-b6b5-d389f14bf8f7" testId="76910e07-84c2-5cad-3bab-54e8df118d90" testName="Path enabled, not forced" computerName="DKSR-EFI-04" duration="00:00:00.0059750" startTime="2023-12-22T09:38:40.1788803+01:00" endTime="2023-12-22T09:38:40.1851279+01:00" testType="13cdc9d9-ddb5-4fa4-a97d-d965ccfc6d4b" outcome="Passed" testListId="8c84fa94-04c1-424b-9868-57a2d4851a1d" relativeResultsDirectory="45c5f4e4-ba27-42ad-b6b5-d389f14bf8f7" />
    <UnitTestResult executionId="9bbbf7c3-4d7a-4117-b70c-37203440c8ee" testId="62ccd416-325f-fc18-4621-c0f70b480ec4" testName="MonitorLiveState_Deserialize_Success" computerName="DKSR-EFI-04" duration="00:00:00.0036365" startTime="2023-12-22T09:39:39.8207348+01:00" endTime="2023-12-22T09:39:39.8245159+01:00" testType="13cdc9d9-ddb5-4fa4-a97d-d965ccfc6d4b" outcome="Passed" testListId="8c84fa94-04c1-424b-9868-57a2d4851a1d" relativeResultsDirectory="9bbbf7c3-4d7a-4117-b70c-37203440c8ee" />
    <UnitTestResult executionId="dc68a175-c08d-4566-92f5-359d495f9a44" testId="55849d48-8f3f-820c-27fa-98e4f30a7358" testName="OutputMapItem_ForceActivateAsync_NotInBuilding_Success" computerName="DKSR-EFI-04" duration="00:00:00.1761287" startTime="2023-12-22T09:39:30.0464875+01:00" endTime="2023-12-22T09:39:30.2227952+01:00" testType="13cdc9d9-ddb5-4fa4-a97d-d965ccfc6d4b" outcome="Passed" testListId="8c84fa94-04c1-424b-9868-57a2d4851a1d" relativeResultsDirectory="dc68a175-c08d-4566-92f5-359d495f9a44" />
    <UnitTestResult executionId="69d2cc03-7f00-43f7-8603-2c2f22298728" testId="1991c578-2343-4df2-6af1-b0db3a798f44" testName="State_ShouldBeMuted_WhenMicrophoneIsDisabled" computerName="DKSR-EFI-04" duration="00:00:00.0105152" startTime="2023-12-22T09:39:30.3791988+01:00" endTime="2023-12-22T09:39:30.3921904+01:00" testType="13cdc9d9-ddb5-4fa4-a97d-d965ccfc6d4b" outcome="Passed" testListId="8c84fa94-04c1-424b-9868-57a2d4851a1d" relativeResultsDirectory="69d2cc03-7f00-43f7-8603-2c2f22298728" />
    <UnitTestResult executionId="973629a3-7a3f-40f5-8970-a25c672d317d" testId="b00af7f0-604c-fe77-ba1c-c7a5845e3353" testName="AddResults_ExcludePartialResults_TwoPartialResult_Success" computerName="DKSR-EFI-04" duration="00:00:00.0017927" startTime="2023-12-22T09:39:14.5213815+01:00" endTime="2023-12-22T09:39:14.5234368+01:00" testType="13cdc9d9-ddb5-4fa4-a97d-d965ccfc6d4b" outcome="Passed" testListId="8c84fa94-04c1-424b-9868-57a2d4851a1d" relativeResultsDirectory="973629a3-7a3f-40f5-8970-a25c672d317d" />
    <UnitTestResult executionId="f08480cf-dcd6-46e0-abfe-59004f100fe8" testId="ceb42b69-4329-8c68-9d19-b6fb1b9c3ef1" testName="PtzSessionController_DisposeTest" computerName="DKSR-EFI-04" duration="00:00:00.0045148" startTime="2023-12-22T09:38:32.0383646+01:00" endTime="2023-12-22T09:38:32.0430038+01:00" testType="13cdc9d9-ddb5-4fa4-a97d-d965ccfc6d4b" outcome="Passed" testListId="8c84fa94-04c1-424b-9868-57a2d4851a1d" relativeResultsDirectory="f08480cf-dcd6-46e0-abfe-59004f100fe8" />
    <UnitTestResult executionId="7ae3c035-39e2-4913-92c5-b91b32890227" testId="d44210af-46ab-fec2-8d60-032381467d22" testName="PtzPresetsMenuViewModelConstructorTest" computerName="DKSR-EFI-04" duration="00:00:00.0021705" startTime="2023-12-22T09:39:36.4877239+01:00" endTime="2023-12-22T09:39:36.4901706+01:00" testType="13cdc9d9-ddb5-4fa4-a97d-d965ccfc6d4b" outcome="Passed" testListId="8c84fa94-04c1-424b-9868-57a2d4851a1d" relativeResultsDirectory="7ae3c035-39e2-4913-92c5-b91b32890227" />
    <UnitTestResult executionId="241b74d2-c507-4daa-9dc9-6d187add203e" testId="0ad4b394-46f3-87fb-eed4-e2c73091dff3" testName="OnMarkerRightClicked_ShouldLetMapLayerControlMenuItems_WhenMultipleItemsFromSameLayerAreSelected" computerName="DKSR-EFI-04" duration="00:00:00.0123379" startTime="2023-12-22T09:38:36.0231741+01:00" endTime="2023-12-22T09:38:36.0381007+01:00" testType="13cdc9d9-ddb5-4fa4-a97d-d965ccfc6d4b" outcome="Passed" testListId="8c84fa94-04c1-424b-9868-57a2d4851a1d" relativeResultsDirectory="241b74d2-c507-4daa-9dc9-6d187add203e" />
    <UnitTestResult executionId="d7036199-1062-4f89-bc7a-6e691bae17c3" testId="549593cd-e3e2-290a-18b6-e153b1543b39" testName="EditButtonClicked_EditViewCollapsed_StartEdit" computerName="DKSR-EFI-04" duration="00:00:00.0114502" startTime="2023-12-22T09:39:10.2074181+01:00" endTime="2023-12-22T09:39:10.2217028+01:00" testType="13cdc9d9-ddb5-4fa4-a97d-d965ccfc6d4b" outcome="Passed" testListId="8c84fa94-04c1-424b-9868-57a2d4851a1d" relativeResultsDirectory="d7036199-1062-4f89-bc7a-6e691bae17c3" />
    <UnitTestResult executionId="0e47c33a-b4a2-47ca-a4b0-d7bfe3f5b92d" testId="b18c5783-3346-0ed2-7230-790ae4df554b" testName="EnsureLayersOrderIsValidBy_Swap201_Success" computerName="DKSR-EFI-04" duration="00:00:00.0236258" startTime="2023-12-22T09:39:28.8634477+01:00" endTime="2023-12-22T09:39:28.8872544+01:00" testType="13cdc9d9-ddb5-4fa4-a97d-d965ccfc6d4b" outcome="Passed" testListId="8c84fa94-04c1-424b-9868-57a2d4851a1d" relativeResultsDirectory="0e47c33a-b4a2-47ca-a4b0-d7bfe3f5b92d" />
    <UnitTestResult executionId="1a0ea268-6aa2-4676-9341-62a92f699c2e" testId="7e1fdf53-1cce-0f14-6eba-6df4732e28ac" testName="Convert_ShouldReturnUnchangedObject_WhenCustomObjectIsUsed" computerName="DKSR-EFI-04" duration="00:00:00.0021257" startTime="2023-12-22T09:38:32.4060312+01:00" endTime="2023-12-22T09:38:32.4103030+01:00" testType="13cdc9d9-ddb5-4fa4-a97d-d965ccfc6d4b" outcome="Passed" testListId="8c84fa94-04c1-424b-9868-57a2d4851a1d" relativeResultsDirectory="1a0ea268-6aa2-4676-9341-62a92f699c2e" />
    <UnitTestResult executionId="c66eb477-b80d-4a25-ba99-c4d2b3e3363d" testId="9b54bf22-f513-708f-8279-2654a94cc1cf" testName="Ctor_NullDefinition_Throws" computerName="DKSR-EFI-04" duration="00:00:00.0005334" startTime="2023-12-22T09:39:10.3187226+01:00" endTime="2023-12-22T09:39:10.3194224+01:00" testType="13cdc9d9-ddb5-4fa4-a97d-d965ccfc6d4b" outcome="Passed" testListId="8c84fa94-04c1-424b-9868-57a2d4851a1d" relativeResultsDirectory="c66eb477-b80d-4a25-ba99-c4d2b3e3363d" />
    <UnitTestResult executionId="09015724-070b-4f37-abc5-cd8202bc7d88" testId="b475e3ab-bcbc-5954-7660-9f7524c4b9d5" testName="NearestPossibleZoomLevel_ShouldReturnMin_WhenScaleIs0" computerName="DKSR-EFI-04" duration="00:00:00.0040882" startTime="2023-12-22T09:38:36.2148666+01:00" endTime="2023-12-22T09:38:36.2190979+01:00" testType="13cdc9d9-ddb5-4fa4-a97d-d965ccfc6d4b" outcome="Passed" testListId="8c84fa94-04c1-424b-9868-57a2d4851a1d" relativeResultsDirectory="09015724-070b-4f37-abc5-cd8202bc7d88" />
    <UnitTestResult executionId="c02aca8b-e0bf-4ab6-901f-6f918a01ff7e" testId="a3df582b-9242-8550-dbc2-e8cf5432b6b2" testName="Connect_WhenCredentialsIsNull_ShouldThrowException" computerName="DKSR-EFI-04" duration="00:00:00.0156123" startTime="2023-12-22T09:38:29.7624297+01:00" endTime="2023-12-22T09:38:29.7782722+01:00" testType="13cdc9d9-ddb5-4fa4-a97d-d965ccfc6d4b" outcome="Passed" testListId="8c84fa94-04c1-424b-9868-57a2d4851a1d" relativeResultsDirectory="c02aca8b-e0bf-4ab6-901f-6f918a01ff7e" />
    <UnitTestResult executionId="90308c29-0dd1-4b8b-9d8e-dfaa40d21db7" testId="f982a6b2-b7fa-97b9-3ee1-04eced2a82e8" testName="ResultCountText_NoResults_Success" computerName="DKSR-EFI-04" duration="00:00:00.0039112" startTime="2023-12-22T09:39:11.5141633+01:00" endTime="2023-12-22T09:39:11.5182253+01:00" testType="13cdc9d9-ddb5-4fa4-a97d-d965ccfc6d4b" outcome="Passed" testListId="8c84fa94-04c1-424b-9868-57a2d4851a1d" relativeResultsDirectory="90308c29-0dd1-4b8b-9d8e-dfaa40d21db7" />
    <UnitTestResult executionId="d1724266-13c2-4ac9-a6cf-b3214d50fb1b" testId="9deaeb24-21b9-9f12-691a-fda61c229e90" testName="PatrollingStepListViewModel_CanExecuteMoveDown" computerName="DKSR-EFI-04" duration="00:00:00.0013952" startTime="2023-12-22T09:39:32.2607834+01:00" endTime="2023-12-22T09:39:32.2623113+01:00" testType="13cdc9d9-ddb5-4fa4-a97d-d965ccfc6d4b" outcome="Passed" testListId="8c84fa94-04c1-424b-9868-57a2d4851a1d" relativeResultsDirectory="d1724266-13c2-4ac9-a6cf-b3214d50fb1b" />
    <UnitTestResult executionId="b3b710b7-abb8-4a55-8209-96cf5f9c066f" testId="c6be3c70-f05e-da41-cdde-2e744b71ec65" testName="GetUserName_ShouldReturnUserNamePartOfNetworkCredentials_WhenNetworkCredentialsContainsAUserName" computerName="DKSR-EFI-04" duration="00:00:00.0023597" startTime="2023-12-22T09:38:32.3487971+01:00" endTime="2023-12-22T09:38:32.3512833+01:00" testType="13cdc9d9-ddb5-4fa4-a97d-d965ccfc6d4b" outcome="Passed" testListId="8c84fa94-04c1-424b-9868-57a2d4851a1d" relativeResultsDirectory="b3b710b7-abb8-4a55-8209-96cf5f9c066f" />
    <UnitTestResult executionId="97e8f18f-bbe4-41cd-b46b-f7f3be5ce1e2" testId="87830711-b32c-2c47-4ef6-67875858e949" testName="EmptySearchResult_PropertiesCollection_IsEmpty" computerName="DKSR-EFI-04" duration="00:00:00.0155704" startTime="2023-12-22T09:38:59.0706629+01:00" endTime="2023-12-22T09:38:59.0890662+01:00" testType="13cdc9d9-ddb5-4fa4-a97d-d965ccfc6d4b" outcome="Passed" testListId="8c84fa94-04c1-424b-9868-57a2d4851a1d" relativeResultsDirectory="97e8f18f-bbe4-41cd-b46b-f7f3be5ce1e2" />
    <UnitTestResult executionId="e1d6cad7-66f6-4ecd-8254-942fefb45541" testId="d3a153fd-0e88-372e-ad4d-024de9ccde9a" testName="Constructor_ShouldRaiseArgumentNullException_WhenControllerManagerIsNull" computerName="DKSR-EFI-04" duration="00:00:00.0069915" startTime="2023-12-22T09:39:28.0341684+01:00" endTime="2023-12-22T09:39:28.0414307+01:00" testType="13cdc9d9-ddb5-4fa4-a97d-d965ccfc6d4b" outcome="Passed" testListId="8c84fa94-04c1-424b-9868-57a2d4851a1d" relativeResultsDirectory="e1d6cad7-66f6-4ecd-8254-942fefb45541" />
    <UnitTestResult executionId="6def4109-3830-45f8-8241-5c2d7450ad78" testId="db35590a-caad-391c-4e81-fbc7dc664cab" testName="TestMethod1" computerName="DKSR-EFI-04" duration="00:00:00.1203818" startTime="2023-12-22T09:39:34.3067109+01:00" endTime="2023-12-22T09:39:34.4273188+01:00" testType="13cdc9d9-ddb5-4fa4-a97d-d965ccfc6d4b" outcome="Passed" testListId="8c84fa94-04c1-424b-9868-57a2d4851a1d" relativeResultsDirectory="6def4109-3830-45f8-8241-5c2d7450ad78" />
    <UnitTestResult executionId="fadaa8d1-0bfb-4c48-8eb5-6fc73f123d57" testId="6b9d0101-5179-e1bc-9826-482bb244b50e" testName="CameraItemsLayer_NotIsGeographic_Save_Success" computerName="DKSR-EFI-04" duration="00:00:00.0114800" startTime="2023-12-22T09:39:26.9109706+01:00" endTime="2023-12-22T09:39:26.9226041+01:00" testType="13cdc9d9-ddb5-4fa4-a97d-d965ccfc6d4b" outcome="Passed" testListId="8c84fa94-04c1-424b-9868-57a2d4851a1d" relativeResultsDirectory="fadaa8d1-0bfb-4c48-8eb5-6fc73f123d57" />
    <UnitTestResult executionId="faf2e3cb-affd-4c33-ab7c-8903515ef17c" testId="a2a3a958-6508-e929-6708-500cc4e3cc3a" testName="PatrollingProfileViewModelTest_IsInEditMode_IsNotInEditMode_Unset" computerName="DKSR-EFI-04" duration="00:00:00.0017729" startTime="2023-12-22T09:39:32.1940608+01:00" endTime="2023-12-22T09:39:32.1959689+01:00" testType="13cdc9d9-ddb5-4fa4-a97d-d965ccfc6d4b" outcome="Passed" testListId="8c84fa94-04c1-424b-9868-57a2d4851a1d" relativeResultsDirectory="faf2e3cb-affd-4c33-ab7c-8903515ef17c" />
    <UnitTestResult executionId="28f8d421-2a81-4ac9-86db-0a639c39d0af" testId="17fe6ff4-b5d4-9e8c-2ff8-d274a9cc9666" testName="AttributeValueGet_NullValue_Success" computerName="DKSR-EFI-04" duration="00:00:00.0134420" startTime="2023-12-22T09:39:26.1532847+01:00" endTime="2023-12-22T09:39:26.1691775+01:00" testType="13cdc9d9-ddb5-4fa4-a97d-d965ccfc6d4b" outcome="Passed" testListId="8c84fa94-04c1-424b-9868-57a2d4851a1d" relativeResultsDirectory="28f8d421-2a81-4ac9-86db-0a639c39d0af" />
    <UnitTestResult executionId="4488f4cd-ad2b-47f2-800e-e00e60628c84" testId="95e53d06-c2c3-70e9-48e1-6d7859b93b61" testName="GetItemsFor_Building2Levels_Success" computerName="DKSR-EFI-04" duration="00:00:00.0398986" startTime="2023-12-22T09:39:31.6329406+01:00" endTime="2023-12-22T09:39:31.6730125+01:00" testType="13cdc9d9-ddb5-4fa4-a97d-d965ccfc6d4b" outcome="Passed" testListId="8c84fa94-04c1-424b-9868-57a2d4851a1d" relativeResultsDirectory="4488f4cd-ad2b-47f2-800e-e00e60628c84" />
    <UnitTestResult executionId="01e556c8-d883-4c74-b260-25181ea00d7c" testId="0fd90a39-90c9-a28c-8d05-c52712094258" testName="RightButtonDown_ShouldNotRaiseAnException_WhenFired" computerName="DKSR-EFI-04" duration="00:00:00.0012010" startTime="2023-12-22T09:38:33.3215166+01:00" endTime="2023-12-22T09:38:33.3248230+01:00" testType="13cdc9d9-ddb5-4fa4-a97d-d965ccfc6d4b" outcome="Passed" testListId="8c84fa94-04c1-424b-9868-57a2d4851a1d" relativeResultsDirectory="01e556c8-d883-4c74-b260-25181ea00d7c" />
    <UnitTestResult executionId="b7e12b1c-9902-41f0-9da4-29b678ed6dde" testId="80d36421-2cec-943f-7f34-60be14e9a632" testName="DeleteIndexFor_Milestone_ItemsAreInGlobalCluster" computerName="DKSR-EFI-04" duration="00:00:00.0853310" startTime="2023-12-22T09:39:31.7651698+01:00" endTime="2023-12-22T09:39:31.8506837+01:00" testType="13cdc9d9-ddb5-4fa4-a97d-d965ccfc6d4b" outcome="Passed" testListId="8c84fa94-04c1-424b-9868-57a2d4851a1d" relativeResultsDirectory="b7e12b1c-9902-41f0-9da4-29b678ed6dde" />
    <UnitTestResult executionId="e6526203-69f1-4d79-afcb-391cacaad06b" testId="936773db-b795-e78b-bd48-047185555c32" testName="ValidateExportLocation_ShouldReturnFailResult_ExportFolderIsIllegal (False,False)" computerName="DKSR-EFI-04" duration="00:00:00.0073575" startTime="2023-12-22T09:38:40.8427439+01:00" endTime="2023-12-22T09:38:40.8502659+01:00" testType="13cdc9d9-ddb5-4fa4-a97d-d965ccfc6d4b" outcome="Passed" testListId="8c84fa94-04c1-424b-9868-57a2d4851a1d" relativeResultsDirectory="e6526203-69f1-4d79-afcb-391cacaad06b" />
    <UnitTestResult executionId="ca76bece-bb58-4bd4-9a50-071ea1710d27" testId="c2f67433-8910-98a5-d9a8-3181ecfa6a6e" testName="GetWorkspaceToolbarItems_ShouldReturnNormalToolbarItemDisabledSetupToolbarItemEnabled_WhenWorkspaceStateIsSetup" computerName="DKSR-EFI-04" duration="00:00:00.0022558" startTime="2023-12-22T09:39:32.6513293+01:00" endTime="2023-12-22T09:39:32.6537350+01:00" testType="13cdc9d9-ddb5-4fa4-a97d-d965ccfc6d4b" outcome="Passed" testListId="8c84fa94-04c1-424b-9868-57a2d4851a1d" relativeResultsDirectory="ca76bece-bb58-4bd4-9a50-071ea1710d27" />
    <UnitTestResult executionId="cd338c81-c568-4011-bc9d-7d67bd41f4cb" testId="5c9e3b97-385d-08ab-8be4-492336c43670" testName="Convert_InvalidSecondArgument_Collapsed" computerName="DKSR-EFI-04" duration="00:00:00.0002084" startTime="2023-12-22T09:38:59.0539574+01:00" endTime="2023-12-22T09:38:59.0543037+01:00" testType="13cdc9d9-ddb5-4fa4-a97d-d965ccfc6d4b" outcome="Passed" testListId="8c84fa94-04c1-424b-9868-57a2d4851a1d" relativeResultsDirectory="cd338c81-c568-4011-bc9d-7d67bd41f4cb" />
    <UnitTestResult executionId="7a9b76bd-cd47-4022-bebd-046f6904f28f" testId="e0bc5994-1c1d-ed47-7ea9-5075ce14af91" testName="Deserialize_UnknownItem_Error" computerName="DKSR-EFI-04" duration="00:00:00.0010112" startTime="2023-12-22T09:39:14.6994081+01:00" endTime="2023-12-22T09:39:14.7005597+01:00" testType="13cdc9d9-ddb5-4fa4-a97d-d965ccfc6d4b" outcome="Passed" testListId="8c84fa94-04c1-424b-9868-57a2d4851a1d" relativeResultsDirectory="7a9b76bd-cd47-4022-bebd-046f6904f28f" />
    <UnitTestResult executionId="6ef76b66-efbf-4103-ab75-64b51776cd22" testId="50eff704-edc5-bb65-d2be-7ddc270e7a86" testName="New_related_device_added_when_unrelated_camera_added" computerName="DKSR-EFI-04" duration="00:00:00.0026074" startTime="2023-12-22T09:39:39.4699126+01:00" endTime="2023-12-22T09:39:39.4727561+01:00" testType="13cdc9d9-ddb5-4fa4-a97d-d965ccfc6d4b" outcome="Passed" testListId="8c84fa94-04c1-424b-9868-57a2d4851a1d" relativeResultsDirectory="6ef76b66-efbf-4103-ab75-64b51776cd22" />
    <UnitTestResult executionId="61f17f72-083c-483e-911a-e5946b2bcb3e" testId="50fd2e3e-e95c-2e26-b861-12f593cf9a0f" testName="BuildMapOptions_ShouldHandleEnumOptionsCorrectly (GisMapOpenStreetMapGeographicLayer,Unavailable,False)" computerName="DKSR-EFI-04" duration="00:00:00.0007737" startTime="2023-12-22T09:39:38.5045936+01:00" endTime="2023-12-22T09:39:38.5055483+01:00" testType="13cdc9d9-ddb5-4fa4-a97d-d965ccfc6d4b" outcome="Passed" testListId="8c84fa94-04c1-424b-9868-57a2d4851a1d" relativeResultsDirectory="61f17f72-083c-483e-911a-e5946b2bcb3e" />
    <UnitTestResult executionId="eb59c3eb-9f12-41d3-87f9-50672f4777fc" testId="51b24619-a3ed-9418-8456-52beb88978c3" testName="No_warning_when_removing_camera_with_unrelated_device_with_no_update_rights" computerName="DKSR-EFI-04" duration="00:00:00.0018496" startTime="2023-12-22T09:39:39.4674926+01:00" endTime="2023-12-22T09:39:39.4694738+01:00" testType="13cdc9d9-ddb5-4fa4-a97d-d965ccfc6d4b" outcome="Passed" testListId="8c84fa94-04c1-424b-9868-57a2d4851a1d" relativeResultsDirectory="eb59c3eb-9f12-41d3-87f9-50672f4777fc" />
    <UnitTestResult executionId="066dde5c-30d3-4e64-9b73-087170f0a80c" testId="8558e7ab-4f92-48f5-6cd7-72956b247ea9" testName="CreateSearchResultUserControl_UnmappedConfiguration_ReturnsUnknownSearchResultUserControl" computerName="DKSR-EFI-04" duration="00:00:00.0162111" startTime="2023-12-22T09:39:25.6845532+01:00" endTime="2023-12-22T09:39:25.7033774+01:00" testType="13cdc9d9-ddb5-4fa4-a97d-d965ccfc6d4b" outcome="Passed" testListId="8c84fa94-04c1-424b-9868-57a2d4851a1d" relativeResultsDirectory="066dde5c-30d3-4e64-9b73-087170f0a80c" />
    <UnitTestResult executionId="8f945246-59ea-472a-a5ec-05766fbea1bd" testId="2be8ff91-530a-56da-c98c-d25f9ef28970" testName="CanMoreRegionsBeAdded_ShouldReturnTrue_WhenMaximumRegionsAllowedIsNotReached" computerName="DKSR-EFI-04" duration="00:00:00.0007509" startTime="2023-12-22T09:39:26.2541022+01:00" endTime="2023-12-22T09:39:26.2550185+01:00" testType="13cdc9d9-ddb5-4fa4-a97d-d965ccfc6d4b" outcome="Passed" testListId="8c84fa94-04c1-424b-9868-57a2d4851a1d" relativeResultsDirectory="8f945246-59ea-472a-a5ec-05766fbea1bd" />
    <UnitTestResult executionId="e2366849-a2f5-43fa-a597-de24be10a8f2" testId="db2886ea-13dd-b03a-a528-49fda3ee9983" testName="PtzSessionControllerInfo_UserChangedTest_Different_Domain" computerName="DKSR-EFI-04" duration="00:00:00.0001896" startTime="2023-12-22T09:38:32.1864260+01:00" endTime="2023-12-22T09:38:32.1867399+01:00" testType="13cdc9d9-ddb5-4fa4-a97d-d965ccfc6d4b" outcome="Passed" testListId="8c84fa94-04c1-424b-9868-57a2d4851a1d" relativeResultsDirectory="e2366849-a2f5-43fa-a597-de24be10a8f2" />
    <UnitTestResult executionId="26bf42ea-21cb-49ac-9ac3-2e129c5167de" testId="c277206d-3ad5-99fa-fd35-5b55265763de" testName="Execute_OkCommand_DialogResultReturnsTrue" computerName="DKSR-EFI-04" duration="00:00:00.0018961" startTime="2023-12-22T09:39:33.3015778+01:00" endTime="2023-12-22T09:39:33.3036081+01:00" testType="13cdc9d9-ddb5-4fa4-a97d-d965ccfc6d4b" outcome="Passed" testListId="8c84fa94-04c1-424b-9868-57a2d4851a1d" relativeResultsDirectory="26bf42ea-21cb-49ac-9ac3-2e129c5167de" />
    <UnitTestResult executionId="c7163e52-5ef5-46e5-9232-836ea26f77f8" testId="b6d0f186-52a1-85f5-8e22-24d46ac1ac11" testName="ErrorInModel_Updates_LastError" computerName="DKSR-EFI-04" duration="00:00:00.0194019" startTime="2023-12-22T09:39:28.2913030+01:00" endTime="2023-12-22T09:39:28.3108960+01:00" testType="13cdc9d9-ddb5-4fa4-a97d-d965ccfc6d4b" outcome="Passed" testListId="8c84fa94-04c1-424b-9868-57a2d4851a1d" relativeResultsDirectory="c7163e52-5ef5-46e5-9232-836ea26f77f8">
      <Output>
        <StdOut>Debug Trace:&#xD;
 &gt;&gt;&gt; ERROR: System.NullReferenceException: Object reference not set to an instance of an object.&#xD;
   at VideoOS.RemoteClient.GisMapData.GisMapModel.LoadMapAsync(Guid mapId, UIContext context) in D:\actions-runner\_work\XPCO\XPCO\SC\Components\dotNet\VideoOS.RemoteClient.GisMapData\GisMapModel.cs:line 937&#xD;
 &gt;&gt;&gt; Stack:    at VideoOS.RemoteClient.GisMapData.GisMapModel.LoadMapAsync(Guid mapId, UIContext context) in D:\actions-runner\_work\XPCO\XPCO\SC\Components\dotNet\VideoOS.RemoteClient.GisMapData\GisMapModel.cs:line 937</StdOut>
      </Output>
    </UnitTestResult>
    <UnitTestResult executionId="fb1cdd61-9bf2-4366-9ed3-fff62f0e6699" testId="9ccd04df-3e0c-6d9f-958b-55fa47ad0ff1" testName="GetIsOpenStreetMapValid_ShouldReturnFalse_WhenGeographicLayerIsNullAndAlternativeServerIsEmpty" computerName="DKSR-EFI-04" duration="00:00:00.0005116" startTime="2023-12-22T09:39:31.3234696+01:00" endTime="2023-12-22T09:39:31.3241124+01:00" testType="13cdc9d9-ddb5-4fa4-a97d-d965ccfc6d4b" outcome="Passed" testListId="8c84fa94-04c1-424b-9868-57a2d4851a1d" relativeResultsDirectory="fb1cdd61-9bf2-4366-9ed3-fff62f0e6699" />
    <UnitTestResult executionId="53da7f3b-ad7e-4cfa-a466-e71c38c54076" testId="1827dddb-e32e-3062-ab3d-687741a79313" testName="EnsureLayersOrderIsValidBy_AddLayersAt_AfterLast_Success" computerName="DKSR-EFI-04" duration="00:00:00.0226817" startTime="2023-12-22T09:39:28.9417652+01:00" endTime="2023-12-22T09:39:28.9646358+01:00" testType="13cdc9d9-ddb5-4fa4-a97d-d965ccfc6d4b" outcome="Passed" testListId="8c84fa94-04c1-424b-9868-57a2d4851a1d" relativeResultsDirectory="53da7f3b-ad7e-4cfa-a466-e71c38c54076" />
    <UnitTestResult executionId="6576b310-1fd8-42de-9c20-fc08aa80a515" testId="e91df096-2318-b52c-fe1f-08261834359a" testName="DateToStringConverter_MultiConvertBack_Fail" computerName="DKSR-EFI-04" duration="00:00:00.0004675" startTime="2023-12-22T09:38:59.0261290+01:00" endTime="2023-12-22T09:38:59.0267529+01:00" testType="13cdc9d9-ddb5-4fa4-a97d-d965ccfc6d4b" outcome="Passed" testListId="8c84fa94-04c1-424b-9868-57a2d4851a1d" relativeResultsDirectory="6576b310-1fd8-42de-9c20-fc08aa80a515" />
    <UnitTestResult executionId="2500eb1b-3d4a-4e9c-9768-77c9bcafc437" testId="0752bb7c-c3d4-544b-c01c-361928ebd10e" testName="AddToExportDevices_ShouldReturnCorrectResult (0,1,1)" computerName="DKSR-EFI-04" duration="00:00:00.0018931" startTime="2023-12-22T09:39:33.6634531+01:00" endTime="2023-12-22T09:39:33.6655829+01:00" testType="13cdc9d9-ddb5-4fa4-a97d-d965ccfc6d4b" outcome="Passed" testListId="8c84fa94-04c1-424b-9868-57a2d4851a1d" relativeResultsDirectory="2500eb1b-3d4a-4e9c-9768-77c9bcafc437" />
    <UnitTestResult executionId="39aac1f3-7161-497b-9ca1-9ff9906686fb" testId="cbf3c026-1275-2ce4-480a-ebd0ee5d1112" testName="AddSelectedWindowsToExport_ShouldShowCorrectToastMessages (0,5,0)" computerName="DKSR-EFI-04" duration="00:00:00.0030539" startTime="2023-12-22T09:39:33.7424544+01:00" endTime="2023-12-22T09:39:33.7456810+01:00" testType="13cdc9d9-ddb5-4fa4-a97d-d965ccfc6d4b" outcome="Passed" testListId="8c84fa94-04c1-424b-9868-57a2d4851a1d" relativeResultsDirectory="39aac1f3-7161-497b-9ca1-9ff9906686fb" />
    <UnitTestResult executionId="029b4ebb-ffcb-46f7-966e-5204c3830041" testId="8a1568a6-ad98-67e4-8764-7fa07b40b0f4" testName="CameraMapItem_AddWithViewZone_XpcoServer_Success" computerName="DKSR-EFI-04" duration="00:00:00.0363790" startTime="2023-12-22T09:39:27.4899460+01:00" endTime="2023-12-22T09:39:27.5265376+01:00" testType="13cdc9d9-ddb5-4fa4-a97d-d965ccfc6d4b" outcome="Passed" testListId="8c84fa94-04c1-424b-9868-57a2d4851a1d" relativeResultsDirectory="029b4ebb-ffcb-46f7-966e-5204c3830041" />
    <UnitTestResult executionId="fe9b10d6-43a2-4b0b-b90a-2b9ded685015" testId="bcf60051-ecc6-b8b5-1879-3df57ae16566" testName="SearchResultsActionBarActions_CreateEvidenceLock_InvokeCommand_Success" computerName="DKSR-EFI-04" duration="00:00:00.0137402" startTime="2023-12-22T09:39:11.0287490+01:00" endTime="2023-12-22T09:39:11.0426391+01:00" testType="13cdc9d9-ddb5-4fa4-a97d-d965ccfc6d4b" outcome="Passed" testListId="8c84fa94-04c1-424b-9868-57a2d4851a1d" relativeResultsDirectory="fe9b10d6-43a2-4b0b-b90a-2b9ded685015" />
    <UnitTestResult executionId="e8693121-47e3-490f-bc27-9b9dbacb5e75" testId="e63df314-54b1-32a3-73ac-881577d2c079" testName="SetLayerFeatures_ShouldUpdateOutputItemsMapLayer_WhenOutputKindAndOutputLayerFeatures" computerName="DKSR-EFI-04" duration="00:00:00.0019483" startTime="2023-12-22T09:39:31.3902699+01:00" endTime="2023-12-22T09:39:31.3923519+01:00" testType="13cdc9d9-ddb5-4fa4-a97d-d965ccfc6d4b" outcome="Passed" testListId="8c84fa94-04c1-424b-9868-57a2d4851a1d" relativeResultsDirectory="e8693121-47e3-490f-bc27-9b9dbacb5e75" />
    <UnitTestResult executionId="358fd30f-6c5f-486d-8d84-ff2c8e5ce5cd" testId="6c45a0dd-5772-753d-7493-6b1e41606871" testName="NearestPossibleZoomLevel_ShouldReturnZoomLevel19_WhenScaleIsJustBelowZoomLevel19" computerName="DKSR-EFI-04" duration="00:00:00.0006222" startTime="2023-12-22T09:38:36.2208529+01:00" endTime="2023-12-22T09:38:36.2215979+01:00" testType="13cdc9d9-ddb5-4fa4-a97d-d965ccfc6d4b" outcome="Passed" testListId="8c84fa94-04c1-424b-9868-57a2d4851a1d" relativeResultsDirectory="358fd30f-6c5f-486d-8d84-ff2c8e5ce5cd" />
    <UnitTestResult executionId="00a4c284-8b38-45d5-91a4-697273de9c77" testId="4007ec22-794b-cf4d-bda6-76bc701e6452" testName="TimeToStringConverter_Convert_NullParameter_ReturnUnsetValue" computerName="DKSR-EFI-04" duration="00:00:00.0004439" startTime="2023-12-22T09:38:59.0623564+01:00" endTime="2023-12-22T09:38:59.0630125+01:00" testType="13cdc9d9-ddb5-4fa4-a97d-d965ccfc6d4b" outcome="Passed" testListId="8c84fa94-04c1-424b-9868-57a2d4851a1d" relativeResultsDirectory="00a4c284-8b38-45d5-91a4-697273de9c77" />
    <UnitTestResult executionId="b44f80fb-a17a-45ed-b130-75a3459393cb" testId="1522f9c5-5447-f8a7-7916-026ac691e6f0" testName="GetDuration_SeveralMinutes_Success" computerName="DKSR-EFI-04" duration="00:00:00.0002655" startTime="2023-12-22T09:39:13.7729464+01:00" endTime="2023-12-22T09:39:13.7733494+01:00" testType="13cdc9d9-ddb5-4fa4-a97d-d965ccfc6d4b" outcome="Passed" testListId="8c84fa94-04c1-424b-9868-57a2d4851a1d" relativeResultsDirectory="b44f80fb-a17a-45ed-b130-75a3459393cb" />
    <UnitTestResult executionId="a54ff548-c35a-49e7-bf46-abadffcb1402" testId="84fbc41b-f8b3-97c4-0d80-49164e74cf8a" testName="ApplyStatesToUi_StateWithItemSize_UpdateItemSizeCalled" computerName="DKSR-EFI-04" duration="00:00:00.7121380" startTime="2023-12-22T09:38:51.0362795+01:00" endTime="2023-12-22T09:38:51.7512235+01:00" testType="13cdc9d9-ddb5-4fa4-a97d-d965ccfc6d4b" outcome="Passed" testListId="8c84fa94-04c1-424b-9868-57a2d4851a1d" relativeResultsDirectory="a54ff548-c35a-49e7-bf46-abadffcb1402" />
    <UnitTestResult executionId="e23cbb62-eaa8-4e21-8e73-cb72e624a10a" testId="b6fde623-a6bd-ca8b-1185-e73065d6312e" testName="SupportsDoubleClick_ShouldBeTrue_WhenInteractionStateIsNewDevice" computerName="DKSR-EFI-04" duration="00:00:00.0330594" startTime="2023-12-22T09:38:37.4287951+01:00" endTime="2023-12-22T09:38:37.4647359+01:00" testType="13cdc9d9-ddb5-4fa4-a97d-d965ccfc6d4b" outcome="Passed" testListId="8c84fa94-04c1-424b-9868-57a2d4851a1d" relativeResultsDirectory="e23cbb62-eaa8-4e21-8e73-cb72e624a10a" />
    <UnitTestResult executionId="239b4479-6a49-4f54-b785-dd0da24a1f9a" testId="f8050766-a819-6e5a-f094-40b949fa7692" testName="PointMapItem_Load_Success" computerName="DKSR-EFI-04" duration="00:00:00.0279845" startTime="2023-12-22T09:39:27.2762536+01:00" endTime="2023-12-22T09:39:27.3045432+01:00" testType="13cdc9d9-ddb5-4fa4-a97d-d965ccfc6d4b" outcome="Passed" testListId="8c84fa94-04c1-424b-9868-57a2d4851a1d" relativeResultsDirectory="239b4479-6a49-4f54-b785-dd0da24a1f9a" />
    <UnitTestResult executionId="4da03164-5d50-4ea0-966b-2af6b52188c4" testId="8696aa0c-12a3-d654-df89-f1e1b8ee687b" testName="ValidateExportName_ShouldReturnFailResult_InvalidCharactersInExportName (1213/)" computerName="DKSR-EFI-04" duration="00:00:00.0023999" startTime="2023-12-22T09:38:40.7436373+01:00" endTime="2023-12-22T09:38:40.7462942+01:00" testType="13cdc9d9-ddb5-4fa4-a97d-d965ccfc6d4b" outcome="Passed" testListId="8c84fa94-04c1-424b-9868-57a2d4851a1d" relativeResultsDirectory="4da03164-5d50-4ea0-966b-2af6b52188c4" />
    <UnitTestResult executionId="f3a7cff0-d1dc-434e-9d16-948d740afc64" testId="7e7d56df-e811-fb96-c231-b34d18240573" testName="GetIndexExtent_MilestoneCampusZoomMax_MilestoneBuildingIsConvered" computerName="DKSR-EFI-04" duration="00:00:00.0002307" startTime="2023-12-22T09:39:31.9808496+01:00" endTime="2023-12-22T09:39:31.9812134+01:00" testType="13cdc9d9-ddb5-4fa4-a97d-d965ccfc6d4b" outcome="Passed" testListId="8c84fa94-04c1-424b-9868-57a2d4851a1d" relativeResultsDirectory="f3a7cff0-d1dc-434e-9d16-948d740afc64" />
    <UnitTestResult executionId="b21f749c-dfca-4b1c-bef1-620f33d75fb8" testId="0d83c1ac-5a73-d746-bd8b-9b4e86108c9b" testName="PopulateTooltip_FewResultsFromSingleCamera24Hours_ValidText" computerName="DKSR-EFI-04" duration="00:00:00.0491311" startTime="2023-12-22T09:39:07.3162836+01:00" endTime="2023-12-22T09:39:07.3681987+01:00" testType="13cdc9d9-ddb5-4fa4-a97d-d965ccfc6d4b" outcome="Passed" testListId="8c84fa94-04c1-424b-9868-57a2d4851a1d" relativeResultsDirectory="b21f749c-dfca-4b1c-bef1-620f33d75fb8" />
    <UnitTestResult executionId="d6f122b4-1d50-4bb5-b735-bae8c6845c8e" testId="d2b449cb-82fb-dec3-6452-d5d13d9ac572" testName="AddToExportDevices_ShouldAddToExportData (5)" computerName="DKSR-EFI-04" duration="00:00:00.0017786" startTime="2023-12-22T09:39:33.6489397+01:00" endTime="2023-12-22T09:39:33.6508774+01:00" testType="13cdc9d9-ddb5-4fa4-a97d-d965ccfc6d4b" outcome="Passed" testListId="8c84fa94-04c1-424b-9868-57a2d4851a1d" relativeResultsDirectory="d6f122b4-1d50-4bb5-b735-bae8c6845c8e" />
    <UnitTestResult executionId="2547c6b7-1e82-446c-85df-e31fc4bca6e1" testId="f82ee61b-ae97-d19b-9f9c-9b68d981c021" testName="TestConstructor_MultipleGenerations_Success" computerName="DKSR-EFI-04" duration="00:00:00.0002273" startTime="2023-12-22T09:39:31.4690197+01:00" endTime="2023-12-22T09:39:31.4693719+01:00" testType="13cdc9d9-ddb5-4fa4-a97d-d965ccfc6d4b" outcome="Passed" testListId="8c84fa94-04c1-424b-9868-57a2d4851a1d" relativeResultsDirectory="2547c6b7-1e82-446c-85df-e31fc4bca6e1" />
    <UnitTestResult executionId="bf9e148f-3461-4d38-976e-f27351ab1e5a" testId="5803be46-e356-847f-cccc-58e283b812ae" testName="OnLoaded_NoDataContext_DoesNotCrash" computerName="DKSR-EFI-04" duration="00:00:00.0115300" startTime="2023-12-22T09:38:42.7856681+01:00" endTime="2023-12-22T09:38:42.8000648+01:00" testType="13cdc9d9-ddb5-4fa4-a97d-d965ccfc6d4b" outcome="Passed" testListId="8c84fa94-04c1-424b-9868-57a2d4851a1d" relativeResultsDirectory="bf9e148f-3461-4d38-976e-f27351ab1e5a" />
    <UnitTestResult executionId="cf8ee00b-0e23-40c9-b201-1498b05f55e5" testId="e310b5f1-c455-40bf-82e5-d008ba1db855" testName="TestSaveMap_NoChanges_Success" computerName="DKSR-EFI-04" duration="00:00:00.0313313" startTime="2023-12-22T09:39:28.3114172+01:00" endTime="2023-12-22T09:39:28.3429333+01:00" testType="13cdc9d9-ddb5-4fa4-a97d-d965ccfc6d4b" outcome="Passed" testListId="8c84fa94-04c1-424b-9868-57a2d4851a1d" relativeResultsDirectory="cf8ee00b-0e23-40c9-b201-1498b05f55e5">
      <Output>
        <StdOut>Debug Trace:&#xD;
 &gt;&gt;&gt; ERROR: System.NullReferenceException: Object reference not set to an instance of an object.&#xD;
   at VideoOS.RemoteClient.GisMapData.MapLayers.MapLayer.LoadItemsAsync(UIContext context) in D:\actions-runner\_work\XPCO\XPCO\SC\Components\dotNet\VideoOS.RemoteClient.GisMapData\MapLayers\MapLayer.cs:line 531&#xD;
 &gt;&gt;&gt; Stack:    at VideoOS.RemoteClient.GisMapData.MapLayers.MapLayer.LoadItemsAsync(UIContext context) in D:\actions-runner\_work\XPCO\XPCO\SC\Components\dotNet\VideoOS.RemoteClient.GisMapData\MapLayers\MapLayer.cs:line 531&#xD;
 &gt;&gt;&gt; ERROR: System.NullReferenceException: Object reference not set to an instance of an object.&#xD;
   at VideoOS.RemoteClient.GisMapData.MapLayers.MapLayer.LoadItemsAsync(UIContext context) in D:\actions-runner\_work\XPCO\XPCO\SC\Components\dotNet\VideoOS.RemoteClient.GisMapData\MapLayers\MapLayer.cs:line 531&#xD;
 &gt;&gt;&gt; Stack:    at VideoOS.RemoteClient.GisMapData.MapLayers.MapLayer.LoadItemsAsync(UIContext context) in D:\actions-runner\_work\XPCO\XPCO\SC\Components\dotNet\VideoOS.RemoteClient.GisMapData\MapLayers\MapLayer.cs:line 531</StdOut>
      </Output>
    </UnitTestResult>
    <UnitTestResult executionId="47b17ee3-7d76-48a4-a729-15849ca49652" testId="37f14c37-5c5d-2aca-7f78-44d1e6498fe0" testName="SetIncludePartialResults_ShouldFireEvent_WhenNewValueApplied" computerName="DKSR-EFI-04" duration="00:00:00.0010584" startTime="2023-12-22T09:39:14.5254544+01:00" endTime="2023-12-22T09:39:14.5266478+01:00" testType="13cdc9d9-ddb5-4fa4-a97d-d965ccfc6d4b" outcome="Passed" testListId="8c84fa94-04c1-424b-9868-57a2d4851a1d" relativeResultsDirectory="47b17ee3-7d76-48a4-a729-15849ca49652" />
    <UnitTestResult executionId="3fe14d4d-fb33-4454-a412-4d2d8af35e5e" testId="c4ff8731-9813-5df7-e5dd-207c7cca1b16" testName="CreateSearchAttributeEditControl_AllMappings_Success" computerName="DKSR-EFI-04" duration="00:00:00.1490391" startTime="2023-12-22T09:39:25.7039194+01:00" endTime="2023-12-22T09:39:25.8555900+01:00" testType="13cdc9d9-ddb5-4fa4-a97d-d965ccfc6d4b" outcome="Passed" testListId="8c84fa94-04c1-424b-9868-57a2d4851a1d" relativeResultsDirectory="3fe14d4d-fb33-4454-a412-4d2d8af35e5e" />
    <UnitTestResult executionId="db9659a3-c9be-4ef4-83b2-ffde02ae0281" testId="58baf932-aaa1-22e9-3f8a-ec584346b657" testName="Dispose_WhenWaitingToPerformAction_CancelsAction" computerName="DKSR-EFI-04" duration="00:00:00.0604548" startTime="2023-12-22T09:38:32.2373358+01:00" endTime="2023-12-22T09:38:32.2979480+01:00" testType="13cdc9d9-ddb5-4fa4-a97d-d965ccfc6d4b" outcome="Passed" testListId="8c84fa94-04c1-424b-9868-57a2d4851a1d" relativeResultsDirectory="db9659a3-c9be-4ef4-83b2-ffde02ae0281" />
    <UnitTestResult executionId="c9a27da3-1ac2-465b-a4b4-3776ad71a56c" testId="84d3c143-14c2-3de5-71ff-f8eed6db60b1" testName="SearchDefinitionCountSet_NewValue_EventFired" computerName="DKSR-EFI-04" duration="00:00:00.0011162" startTime="2023-12-22T09:39:14.4850777+01:00" endTime="2023-12-22T09:39:14.4863322+01:00" testType="13cdc9d9-ddb5-4fa4-a97d-d965ccfc6d4b" outcome="Passed" testListId="8c84fa94-04c1-424b-9868-57a2d4851a1d" relativeResultsDirectory="c9a27da3-1ac2-465b-a4b4-3776ad71a56c" />
    <UnitTestResult executionId="b08dcf8e-d61b-4dd8-9703-d5357696e028" testId="311fde88-c34a-c749-87ef-d691bdbb01e5" testName="SearchResultsActionBarActions_DeleteBookmark_SingleResult_DeleteBookmarkInvoked" computerName="DKSR-EFI-04" duration="00:00:00.0326625" startTime="2023-12-22T09:39:11.3382505+01:00" endTime="2023-12-22T09:39:11.3710735+01:00" testType="13cdc9d9-ddb5-4fa4-a97d-d965ccfc6d4b" outcome="Passed" testListId="8c84fa94-04c1-424b-9868-57a2d4851a1d" relativeResultsDirectory="b08dcf8e-d61b-4dd8-9703-d5357696e028" />
    <UnitTestResult executionId="dcf12507-39d3-4c7d-8d16-b5568dc2129c" testId="13a4d90a-2e75-f52a-90e5-614716c51196" testName="Constructor_ShouldRaiseArgumentNullException_WhenMapLayersIsNull" computerName="DKSR-EFI-04" duration="00:00:00.0004304" startTime="2023-12-22T09:38:34.8743414+01:00" endTime="2023-12-22T09:38:34.8749535+01:00" testType="13cdc9d9-ddb5-4fa4-a97d-d965ccfc6d4b" outcome="Passed" testListId="8c84fa94-04c1-424b-9868-57a2d4851a1d" relativeResultsDirectory="dcf12507-39d3-4c7d-8d16-b5568dc2129c" />
    <UnitTestResult executionId="6235849f-5bd9-442a-bbe2-43d8455c0e18" testId="935f9d23-02e5-8e42-a5d2-10f08e3ce4fe" testName="Ctor_NullCaption_ThrowsException" computerName="DKSR-EFI-04" duration="00:00:00.0011966" startTime="2023-12-22T09:39:33.2749267+01:00" endTime="2023-12-22T09:39:33.2764332+01:00" testType="13cdc9d9-ddb5-4fa4-a97d-d965ccfc6d4b" outcome="Passed" testListId="8c84fa94-04c1-424b-9868-57a2d4851a1d" relativeResultsDirectory="6235849f-5bd9-442a-bbe2-43d8455c0e18" />
    <UnitTestResult executionId="08f0e841-34d3-4261-817d-bbada2aa8011" testId="d35bc711-77c3-11d0-bc06-2b27557cb244" testName="Decorate_ShouldNotAddChildren_WhenLayerVisibilityItemDataHasANonCameraLayer" computerName="DKSR-EFI-04" duration="00:00:00.0009856" startTime="2023-12-22T09:38:34.8930968+01:00" endTime="2023-12-22T09:38:34.8942079+01:00" testType="13cdc9d9-ddb5-4fa4-a97d-d965ccfc6d4b" outcome="Passed" testListId="8c84fa94-04c1-424b-9868-57a2d4851a1d" relativeResultsDirectory="08f0e841-34d3-4261-817d-bbada2aa8011" />
    <UnitTestResult executionId="2ee87505-4d15-4bc7-8811-1df90b1f75bd" testId="2f70380e-1d07-1023-936c-dd584dd81a70" testName="CreateUniqeNameTest" computerName="DKSR-EFI-04" duration="00:00:00.0014984" startTime="2023-12-22T09:39:36.5913374+01:00" endTime="2023-12-22T09:39:36.5930359+01:00" testType="13cdc9d9-ddb5-4fa4-a97d-d965ccfc6d4b" outcome="Passed" testListId="8c84fa94-04c1-424b-9868-57a2d4851a1d" relativeResultsDirectory="2ee87505-4d15-4bc7-8811-1df90b1f75bd" />
    <UnitTestResult executionId="c1043227-0a33-4a53-8c51-10af0b7a0cca" testId="37999a11-7cfa-34e4-a6d5-5a66aba3e122" testName="ActiveInteractionStateBinding_ShouldOnlyContainNormal_WhenCtorIsCalled" computerName="DKSR-EFI-04" duration="00:00:00.0122624" startTime="2023-12-22T09:38:36.3651230+01:00" endTime="2023-12-22T09:38:36.3800118+01:00" testType="13cdc9d9-ddb5-4fa4-a97d-d965ccfc6d4b" outcome="Passed" testListId="8c84fa94-04c1-424b-9868-57a2d4851a1d" relativeResultsDirectory="c1043227-0a33-4a53-8c51-10af0b7a0cca" />
    <UnitTestResult executionId="53f36229-8ca8-4252-b7f6-7edfdcaddab6" testId="5b878309-5fba-ade9-5fb0-a0b0fe46423a" testName="CloseCommand_ShouldSetInteractionStateToNormal_WhenInvoked" computerName="DKSR-EFI-04" duration="00:00:00.0092479" startTime="2023-12-22T09:38:33.9580754+01:00" endTime="2023-12-22T09:38:33.9697011+01:00" testType="13cdc9d9-ddb5-4fa4-a97d-d965ccfc6d4b" outcome="Passed" testListId="8c84fa94-04c1-424b-9868-57a2d4851a1d" relativeResultsDirectory="53f36229-8ca8-4252-b7f6-7edfdcaddab6" />
    <UnitTestResult executionId="6e62d05e-df50-4b8a-91e0-5343a83b9b50" testId="d1eb0766-e5d9-4c32-2713-e353a5504dcf" testName="ToDenormalizedDirection_1_0" computerName="DKSR-EFI-04" duration="00:00:00.0000811" startTime="2023-12-22T09:39:26.7957251+01:00" endTime="2023-12-22T09:39:26.7959253+01:00" testType="13cdc9d9-ddb5-4fa4-a97d-d965ccfc6d4b" outcome="Passed" testListId="8c84fa94-04c1-424b-9868-57a2d4851a1d" relativeResultsDirectory="6e62d05e-df50-4b8a-91e0-5343a83b9b50" />
    <UnitTestResult executionId="76c15ca9-0fdf-426e-80d0-ac0d94bdc166" testId="0cc7d5be-9117-6a7b-5cf3-0699f110c80e" testName="IsMicrophoneMuted_ShouldBeTrue_WhenMicrophoneIsMuted" computerName="DKSR-EFI-04" duration="00:00:00.0140542" startTime="2023-12-22T09:39:29.2638237+01:00" endTime="2023-12-22T09:39:29.2804095+01:00" testType="13cdc9d9-ddb5-4fa4-a97d-d965ccfc6d4b" outcome="Passed" testListId="8c84fa94-04c1-424b-9868-57a2d4851a1d" relativeResultsDirectory="76c15ca9-0fdf-426e-80d0-ac0d94bdc166" />
    <UnitTestResult executionId="1951fadb-5498-4350-ad00-034c6a5fba1d" testId="8376a42a-500a-809e-e536-1b6e6744ec3b" testName="Password1 valid, Password 2 valid" computerName="DKSR-EFI-04" duration="00:00:00.0001381" startTime="2023-12-22T09:38:40.9642336+01:00" endTime="2023-12-22T09:38:40.9645160+01:00" testType="13cdc9d9-ddb5-4fa4-a97d-d965ccfc6d4b" outcome="Passed" testListId="8c84fa94-04c1-424b-9868-57a2d4851a1d" relativeResultsDirectory="1951fadb-5498-4350-ad00-034c6a5fba1d" />
    <UnitTestResult executionId="f0641f10-73e0-4569-857e-ca5c9c8e1b37" testId="13db29e1-271e-aab2-3bce-87640b8c6e48" testName="SearchResultDataHasChanged_ShouldCallAllSubResults" computerName="DKSR-EFI-04" duration="00:00:00.0049167" startTime="2023-12-22T09:39:14.5738682+01:00" endTime="2023-12-22T09:39:14.5789716+01:00" testType="13cdc9d9-ddb5-4fa4-a97d-d965ccfc6d4b" outcome="Passed" testListId="8c84fa94-04c1-424b-9868-57a2d4851a1d" relativeResultsDirectory="f0641f10-73e0-4569-857e-ca5c9c8e1b37" />
    <UnitTestResult executionId="b2b0d7ba-6ddd-421a-870d-8339764cb696" testId="7d900372-2011-73f8-033d-c6e57807e942" testName="Search_SearchResultReceived_EventFired" computerName="DKSR-EFI-04" duration="00:00:00.0358016" startTime="2023-12-22T09:39:25.5322397+01:00" endTime="2023-12-22T09:39:25.5681972+01:00" testType="13cdc9d9-ddb5-4fa4-a97d-d965ccfc6d4b" outcome="Passed" testListId="8c84fa94-04c1-424b-9868-57a2d4851a1d" relativeResultsDirectory="b2b0d7ba-6ddd-421a-870d-8339764cb696" />
    <UnitTestResult executionId="a5463a39-75de-4cb3-9ac7-d0e718b69b7f" testId="c30ded44-b30e-59c8-d179-eddc682c6ef5" testName="Convert_ShouldRaiseInvalidCastException_WhenValueIsNotAnInteractionState" computerName="DKSR-EFI-04" duration="00:00:00.0004360" startTime="2023-12-22T09:38:33.3449638+01:00" endTime="2023-12-22T09:38:33.3455455+01:00" testType="13cdc9d9-ddb5-4fa4-a97d-d965ccfc6d4b" outcome="Passed" testListId="8c84fa94-04c1-424b-9868-57a2d4851a1d" relativeResultsDirectory="a5463a39-75de-4cb3-9ac7-d0e718b69b7f" />
    <UnitTestResult executionId="e1afcc9f-920c-4358-a129-36e187c391b1" testId="6a126318-594d-0412-acf1-03ec27689761" testName="GisPointToIndexGridPosition_Milestone_Success" computerName="DKSR-EFI-04" duration="00:00:00.0001753" startTime="2023-12-22T09:39:31.9766280+01:00" endTime="2023-12-22T09:39:31.9769320+01:00" testType="13cdc9d9-ddb5-4fa4-a97d-d965ccfc6d4b" outcome="Passed" testListId="8c84fa94-04c1-424b-9868-57a2d4851a1d" relativeResultsDirectory="e1afcc9f-920c-4358-a129-36e187c391b1" />
    <UnitTestResult executionId="4100e6a3-3c51-405e-9c0a-c00b2a413ce0" testId="0af4332b-024f-1289-6f42-007e21f2be10" testName="CreateDefinition_FireMultipleSearchResultsInMultipleEvents_SearchFinishedWithResults" computerName="DKSR-EFI-04" duration="00:00:00.0082701" startTime="2023-12-22T09:39:14.2677819+01:00" endTime="2023-12-22T09:39:14.2762256+01:00" testType="13cdc9d9-ddb5-4fa4-a97d-d965ccfc6d4b" outcome="Passed" testListId="8c84fa94-04c1-424b-9868-57a2d4851a1d" relativeResultsDirectory="4100e6a3-3c51-405e-9c0a-c00b2a413ce0" />
    <UnitTestResult executionId="7166ccc7-6d23-49a0-8cd0-327b55265515" testId="38c61dcc-3a50-a0a7-0dea-c65fb41e4802" testName="SearchResultCombineType_ShouldSetSearchTemplateAsModified_WhenValueChangesAndSearchTemplateIsActive" computerName="DKSR-EFI-04" duration="00:00:00.0056715" startTime="2023-12-22T09:39:13.2156553+01:00" endTime="2023-12-22T09:39:13.2214817+01:00" testType="13cdc9d9-ddb5-4fa4-a97d-d965ccfc6d4b" outcome="Passed" testListId="8c84fa94-04c1-424b-9868-57a2d4851a1d" relativeResultsDirectory="7166ccc7-6d23-49a0-8cd0-327b55265515" />
    <UnitTestResult executionId="19a4acd3-eeee-4200-b3c0-50195a8ab375" testId="59a4f4a0-e2da-d6b5-1323-31e33b78b21f" testName="GetBoundingShapesForMetadataObjectsAsync_ShouldIncludeMetadataObject_WhenRequestedTimeIsWithinMetadataTimespan" computerName="DKSR-EFI-04" duration="00:00:00.0134443" startTime="2023-12-22T09:39:13.7934694+01:00" endTime="2023-12-22T09:39:13.8070743+01:00" testType="13cdc9d9-ddb5-4fa4-a97d-d965ccfc6d4b" outcome="Passed" testListId="8c84fa94-04c1-424b-9868-57a2d4851a1d" relativeResultsDirectory="19a4acd3-eeee-4200-b3c0-50195a8ab375" />
    <UnitTestResult executionId="9d257cb7-6f9c-49c3-92f9-77aa164706f6" testId="c0728f95-ecc1-be8f-b46d-a960462fa608" testName="DoubleClickOnPreviewPlayer_ShouldOpenDetailsViewWithoutAnimation_WhenFocusedItemIsNotNullAndAnimationsAreDisabled" computerName="DKSR-EFI-04" duration="00:00:00.8855206" startTime="2023-12-22T09:38:58.0925823+01:00" endTime="2023-12-22T09:38:58.9808596+01:00" testType="13cdc9d9-ddb5-4fa4-a97d-d965ccfc6d4b" outcome="Passed" testListId="8c84fa94-04c1-424b-9868-57a2d4851a1d" relativeResultsDirectory="9d257cb7-6f9c-49c3-92f9-77aa164706f6" />
    <UnitTestResult executionId="3f3cd488-2839-49e9-a5f5-a28e8b93982f" testId="daba4ba3-c0c2-8c2c-c76e-9c5fdbf89a9e" testName="Ctor_CentralizedSearchStateWithSelectedSearchResults_SelectionHelperInitialized" computerName="DKSR-EFI-04" duration="00:00:00.0083398" startTime="2023-12-22T09:39:12.7979678+01:00" endTime="2023-12-22T09:39:12.8064840+01:00" testType="13cdc9d9-ddb5-4fa4-a97d-d965ccfc6d4b" outcome="Passed" testListId="8c84fa94-04c1-424b-9868-57a2d4851a1d" relativeResultsDirectory="3f3cd488-2839-49e9-a5f5-a28e8b93982f" />
    <UnitTestResult executionId="b6ad4e68-3358-4547-9b34-fb65e6b2e15e" testId="03169915-5e36-4862-8f40-5f0139419946" testName="PatrollingStepListViewModel_MoveStepDownCommand" computerName="DKSR-EFI-04" duration="00:00:00.0015434" startTime="2023-12-22T09:39:32.2555802+01:00" endTime="2023-12-22T09:39:32.2572522+01:00" testType="13cdc9d9-ddb5-4fa4-a97d-d965ccfc6d4b" outcome="Passed" testListId="8c84fa94-04c1-424b-9868-57a2d4851a1d" relativeResultsDirectory="b6ad4e68-3358-4547-9b34-fb65e6b2e15e" />
    <UnitTestResult executionId="8962a993-d1da-4aab-bf2e-b0b4893c73ba" testId="58415a14-73c9-7515-7cc6-10b983611842" testName="SearchAction_BrowseMode_OneYearInTheFuture" computerName="DKSR-EFI-04" duration="00:00:00.0054775" startTime="2023-12-22T09:39:36.5638839+01:00" endTime="2023-12-22T09:39:36.5694941+01:00" testType="13cdc9d9-ddb5-4fa4-a97d-d965ccfc6d4b" outcome="Passed" testListId="8c84fa94-04c1-424b-9868-57a2d4851a1d" relativeResultsDirectory="8962a993-d1da-4aab-bf2e-b0b4893c73ba" />
    <UnitTestResult executionId="3c4fb07f-8bed-4c54-9f95-135e1fd6602d" testId="6e668805-e583-b333-030a-20aba32624a1" testName="Ctor_MultipleSearchFilterCategoriesInManager_SearchDefinitionCreatedForEachCategory" computerName="DKSR-EFI-04" duration="00:00:00.0038855" startTime="2023-12-22T09:39:25.4679931+01:00" endTime="2023-12-22T09:39:25.4720274+01:00" testType="13cdc9d9-ddb5-4fa4-a97d-d965ccfc6d4b" outcome="Passed" testListId="8c84fa94-04c1-424b-9868-57a2d4851a1d" relativeResultsDirectory="3c4fb07f-8bed-4c54-9f95-135e1fd6602d" />
    <UnitTestResult executionId="e995f0cc-df57-487e-a388-eb94c3977c94" testId="3682e780-aa17-fe02-e0c3-3a38eee876d9" testName="TestForAssemblyCoverage" computerName="DKSR-EFI-04" duration="00:00:00.0040066" startTime="2023-12-22T09:38:32.4335675+01:00" endTime="2023-12-22T09:38:32.4377758+01:00" testType="13cdc9d9-ddb5-4fa4-a97d-d965ccfc6d4b" outcome="Passed" testListId="8c84fa94-04c1-424b-9868-57a2d4851a1d" relativeResultsDirectory="e995f0cc-df57-487e-a388-eb94c3977c94" />
    <UnitTestResult executionId="2dfda43c-8664-4463-b0b0-a3f5f4d45e33" testId="76aaeca3-fba5-a4e3-743c-70ebeb58a048" testName="GetSearchReportDialog_SelectedSearchResults_MultiResults_Success" computerName="DKSR-EFI-04" duration="00:00:00.0699909" startTime="2023-12-22T09:39:13.3811828+01:00" endTime="2023-12-22T09:39:13.4537778+01:00" testType="13cdc9d9-ddb5-4fa4-a97d-d965ccfc6d4b" outcome="Passed" testListId="8c84fa94-04c1-424b-9868-57a2d4851a1d" relativeResultsDirectory="2dfda43c-8664-4463-b0b0-a3f5f4d45e33" />
    <UnitTestResult executionId="046586b6-f160-40f7-ab63-0f619682058c" testId="48d0aa96-83b2-ad6d-f963-8245525eabe9" testName="DateToStringConverter_SingleConvertInvalidInput_UnsetValue" computerName="DKSR-EFI-04" duration="00:00:00.0032325" startTime="2023-12-22T09:38:59.0178939+01:00" endTime="2023-12-22T09:38:59.0213727+01:00" testType="13cdc9d9-ddb5-4fa4-a97d-d965ccfc6d4b" outcome="Passed" testListId="8c84fa94-04c1-424b-9868-57a2d4851a1d" relativeResultsDirectory="046586b6-f160-40f7-ab63-0f619682058c" />
    <UnitTestResult executionId="495a6ae6-fd44-40a5-83a5-3ea1b188da60" testId="19146f14-6143-cfb7-4c8f-467081c697c0" testName="TestGetAllTasksAsync" computerName="DKSR-EFI-04" duration="00:00:00.0074752" startTime="2023-12-22T09:39:33.3900494+01:00" endTime="2023-12-22T09:39:33.3976804+01:00" testType="13cdc9d9-ddb5-4fa4-a97d-d965ccfc6d4b" outcome="Passed" testListId="8c84fa94-04c1-424b-9868-57a2d4851a1d" relativeResultsDirectory="495a6ae6-fd44-40a5-83a5-3ea1b188da60" />
    <UnitTestResult executionId="cb70525e-2860-4bcb-82ef-0b7c4e574c92" testId="7b7ac52a-fd20-eae1-4eee-941b2f9ad41c" testName="TestForAssemblyCoverage" computerName="DKSR-EFI-04" duration="00:00:00.0030734" startTime="2023-12-22T09:39:26.2984427+01:00" endTime="2023-12-22T09:39:26.3017260+01:00" testType="13cdc9d9-ddb5-4fa4-a97d-d965ccfc6d4b" outcome="Passed" testListId="8c84fa94-04c1-424b-9868-57a2d4851a1d" relativeResultsDirectory="cb70525e-2860-4bcb-82ef-0b7c4e574c92" />
    <UnitTestResult executionId="f32c0101-7d05-438a-9871-554194356cb7" testId="c0f25cd3-6ed3-eae8-438d-18b69791b31c" testName="DateToStringConverter_Ctor_Success" computerName="DKSR-EFI-04" duration="00:00:00.0027350" startTime="2023-12-22T09:38:59.0080502+01:00" endTime="2023-12-22T09:38:59.0110350+01:00" testType="13cdc9d9-ddb5-4fa4-a97d-d965ccfc6d4b" outcome="Passed" testListId="8c84fa94-04c1-424b-9868-57a2d4851a1d" relativeResultsDirectory="f32c0101-7d05-438a-9871-554194356cb7" />
    <UnitTestResult executionId="a60d878d-8b9a-432b-a959-34c8bab832dc" testId="18ccdda0-c082-96fc-d95c-7842b85332a3" testName="PatrollingProfileViewModelTest_IsDirty" computerName="DKSR-EFI-04" duration="00:00:00.0019466" startTime="2023-12-22T09:39:32.2052656+01:00" endTime="2023-12-22T09:39:32.2073541+01:00" testType="13cdc9d9-ddb5-4fa4-a97d-d965ccfc6d4b" outcome="Passed" testListId="8c84fa94-04c1-424b-9868-57a2d4851a1d" relativeResultsDirectory="a60d878d-8b9a-432b-a959-34c8bab832dc" />
    <UnitTestResult executionId="ca6c471f-2d98-46ef-a406-2d7eda0de0fa" testId="8208e4be-3fed-2de3-3add-7c787e622e9d" testName="GisPointToIndexGridPosition_FarWest_Success" computerName="DKSR-EFI-04" duration="00:00:00.0001638" startTime="2023-12-22T09:39:31.9781383+01:00" endTime="2023-12-22T09:39:31.9784370+01:00" testType="13cdc9d9-ddb5-4fa4-a97d-d965ccfc6d4b" outcome="Passed" testListId="8c84fa94-04c1-424b-9868-57a2d4851a1d" relativeResultsDirectory="ca6c471f-2d98-46ef-a406-2d7eda0de0fa" />
    <UnitTestResult executionId="3c9ebf93-8817-4d65-8875-0634fd662802" testId="edaf9c06-ff2c-62ed-be08-4c1afe57f05b" testName="IsOAuth_ShouldReturnFalse_WhenConstructedUsingSimple" computerName="DKSR-EFI-04" duration="00:00:00.0002623" startTime="2023-12-22T09:38:32.3363536+01:00" endTime="2023-12-22T09:38:32.3367466+01:00" testType="13cdc9d9-ddb5-4fa4-a97d-d965ccfc6d4b" outcome="Passed" testListId="8c84fa94-04c1-424b-9868-57a2d4851a1d" relativeResultsDirectory="3c9ebf93-8817-4d65-8875-0634fd662802" />
    <UnitTestResult executionId="00ed3eee-c6b2-4fb6-b4d9-f419282dfcc3" testId="07e2d80c-1c7c-425d-45d2-9a4739a86a66" testName="PopulateTooltip_SingleResultsFromFewCameras24Hours_ValidText" computerName="DKSR-EFI-04" duration="00:00:00.0264607" startTime="2023-12-22T09:39:07.1841786+01:00" endTime="2023-12-22T09:39:07.2133037+01:00" testType="13cdc9d9-ddb5-4fa4-a97d-d965ccfc6d4b" outcome="Passed" testListId="8c84fa94-04c1-424b-9868-57a2d4851a1d" relativeResultsDirectory="00ed3eee-c6b2-4fb6-b4d9-f419282dfcc3" />
    <UnitTestResult executionId="5e4debfd-af4b-4e3a-bcb0-1b94db2325c1" testId="5c82a30b-ee73-73a7-ae23-b19a1b7c7820" testName="DisplayErrorOnNotificationArea_NoItemsSupportedSearchError_Success" computerName="DKSR-EFI-04" duration="00:00:00.0074757" startTime="2023-12-22T09:39:12.9848211+01:00" endTime="2023-12-22T09:39:12.9924632+01:00" testType="13cdc9d9-ddb5-4fa4-a97d-d965ccfc6d4b" outcome="Passed" testListId="8c84fa94-04c1-424b-9868-57a2d4851a1d" relativeResultsDirectory="5e4debfd-af4b-4e3a-bcb0-1b94db2325c1" />
    <UnitTestResult executionId="87ba0cf1-e464-4e1b-98eb-e7b2afac1f91" testId="c3caedc7-efe3-78cd-a186-06b5b57b0f65" testName="AddToExportTuples_ShouldReturnCorrectResult (1,1,1)" computerName="DKSR-EFI-04" duration="00:00:00.0025420" startTime="2023-12-22T09:39:33.5851030+01:00" endTime="2023-12-22T09:39:33.5878000+01:00" testType="13cdc9d9-ddb5-4fa4-a97d-d965ccfc6d4b" outcome="Passed" testListId="8c84fa94-04c1-424b-9868-57a2d4851a1d" relativeResultsDirectory="87ba0cf1-e464-4e1b-98eb-e7b2afac1f91" />
    <UnitTestResult executionId="3505d3f9-af04-4288-b425-7a4ce75a7a70" testId="c91a6029-2d3a-0f60-dab5-db888083c7c3" testName="State_ShouldUpdateMicrophoneIconImage_WhenSetToUnMute" computerName="DKSR-EFI-04" duration="00:00:00.0099247" startTime="2023-12-22T09:39:30.3408424+01:00" endTime="2023-12-22T09:39:30.3531022+01:00" testType="13cdc9d9-ddb5-4fa4-a97d-d965ccfc6d4b" outcome="Passed" testListId="8c84fa94-04c1-424b-9868-57a2d4851a1d" relativeResultsDirectory="3505d3f9-af04-4288-b425-7a4ce75a7a70" />
    <UnitTestResult executionId="2934bd3e-aeb7-4cc0-8c8d-ce499194cb4a" testId="b89a6798-9691-5fa5-5f0c-53d6c5a0e9aa" testName="CompareMilestonePinkTest" computerName="DKSR-EFI-04" duration="00:00:00.0220057" startTime="2023-12-22T09:39:38.3250123+01:00" endTime="2023-12-22T09:39:38.3472199+01:00" testType="13cdc9d9-ddb5-4fa4-a97d-d965ccfc6d4b" outcome="Passed" testListId="8c84fa94-04c1-424b-9868-57a2d4851a1d" relativeResultsDirectory="2934bd3e-aeb7-4cc0-8c8d-ce499194cb4a" />
    <UnitTestResult executionId="333b9a30-7c87-45a3-a932-31932b961ceb" testId="79975695-e433-2a9b-026b-7999a642c311" testName="BoundingBoxBrowseTimeChangedTest" computerName="DKSR-EFI-04" duration="00:00:00.0210751" startTime="2023-12-22T09:39:34.8718061+01:00" endTime="2023-12-22T09:39:34.8930266+01:00" testType="13cdc9d9-ddb5-4fa4-a97d-d965ccfc6d4b" outcome="Passed" testListId="8c84fa94-04c1-424b-9868-57a2d4851a1d" relativeResultsDirectory="333b9a30-7c87-45a3-a932-31932b961ceb" />
    <UnitTestResult executionId="f48b8186-b8f4-4d9a-951f-8dcaa96699a0" testId="a6aa36e2-697d-2507-2a34-be6ba6cdbea9" testName="GeNumberOfMonitors_ShouldReturnValidValue" computerName="DKSR-EFI-04" duration="00:00:00.0026381" startTime="2023-12-22T09:39:38.4839099+01:00" endTime="2023-12-22T09:39:38.4867888+01:00" testType="13cdc9d9-ddb5-4fa4-a97d-d965ccfc6d4b" outcome="Passed" testListId="8c84fa94-04c1-424b-9868-57a2d4851a1d" relativeResultsDirectory="f48b8186-b8f4-4d9a-951f-8dcaa96699a0" />
    <UnitTestResult executionId="7a2a1cf4-4c6d-4c49-b544-6a454ec37349" testId="18369d63-550f-80cc-1769-12a3b1196b7b" testName="OnLayersRetrieved_ShouldSetComponentsOrdered_WhenLayersCollectionContainsCameraAndInputAndOutput" computerName="DKSR-EFI-04" duration="00:00:00.0123707" startTime="2023-12-22T09:38:34.0287628+01:00" endTime="2023-12-22T09:38:34.0436621+01:00" testType="13cdc9d9-ddb5-4fa4-a97d-d965ccfc6d4b" outcome="Passed" testListId="8c84fa94-04c1-424b-9868-57a2d4851a1d" relativeResultsDirectory="7a2a1cf4-4c6d-4c49-b544-6a454ec37349" />
    <UnitTestResult executionId="548e5a85-3f1b-4617-967c-1656af0f297f" testId="14ff6e15-92ef-6cb2-b0ea-d4519c199b41" testName="ValidateExportLocation_ShouldReturnFailResult_ExportPathIsInvalid (qq:\qwerty\qwerty)" computerName="DKSR-EFI-04" duration="00:00:00.0090849" startTime="2023-12-22T09:38:40.8008940+01:00" endTime="2023-12-22T09:38:40.8101819+01:00" testType="13cdc9d9-ddb5-4fa4-a97d-d965ccfc6d4b" outcome="Passed" testListId="8c84fa94-04c1-424b-9868-57a2d4851a1d" relativeResultsDirectory="548e5a85-3f1b-4617-967c-1656af0f297f" />
    <UnitTestResult executionId="7f874171-1acb-4b15-bda9-08302f6f640c" testId="78ae1d5d-740b-66e6-7a5c-ade2279f3a28" testName="Add_ShouldAddViewItemToIncludedViewItemsForSelectedView" computerName="DKSR-EFI-04" duration="00:00:00.0089064" startTime="2023-12-22T09:38:32.2039605+01:00" endTime="2023-12-22T09:38:32.2131042+01:00" testType="13cdc9d9-ddb5-4fa4-a97d-d965ccfc6d4b" outcome="Passed" testListId="8c84fa94-04c1-424b-9868-57a2d4851a1d" relativeResultsDirectory="7f874171-1acb-4b15-bda9-08302f6f640c" />
    <UnitTestResult executionId="c9e3cb9e-6c4a-478f-9594-7a8dc281bca7" testId="138f94fd-09a3-ac1a-466f-d3cf0cc3562a" testName="UpdateStartupLocationInModel_NoUpdate_Success" computerName="DKSR-EFI-04" duration="00:00:00.0150619" startTime="2023-12-22T09:38:33.2033883+01:00" endTime="2023-12-22T09:38:33.2209046+01:00" testType="13cdc9d9-ddb5-4fa4-a97d-d965ccfc6d4b" outcome="Passed" testListId="8c84fa94-04c1-424b-9868-57a2d4851a1d" relativeResultsDirectory="c9e3cb9e-6c4a-478f-9594-7a8dc281bca7" />
    <UnitTestResult executionId="dbf52686-cf92-45d0-a58f-c01e260f0981" testId="2a44ed0f-e637-248d-7f45-7c53931a1bbe" testName="Close_NotMainController_StateNotSaved" computerName="DKSR-EFI-04" duration="00:00:00.0045585" startTime="2023-12-22T09:38:41.2208152+01:00" endTime="2023-12-22T09:38:41.2255110+01:00" testType="13cdc9d9-ddb5-4fa4-a97d-d965ccfc6d4b" outcome="Passed" testListId="8c84fa94-04c1-424b-9868-57a2d4851a1d" relativeResultsDirectory="dbf52686-cf92-45d0-a58f-c01e260f0981" />
    <UnitTestResult executionId="1ff756c5-9641-4eda-bc57-b7141d384317" testId="4fc92a95-da20-ab9b-15d1-74f6c3c27fe0" testName="RemoveWorkroom_ShouldChangeSelectionToNextWorkroom_WhenSelectedWorkroomIsRemoved" computerName="DKSR-EFI-04" duration="00:00:00.0080134" startTime="2023-12-22T09:39:38.4188098+01:00" endTime="2023-12-22T09:39:38.4269914+01:00" testType="13cdc9d9-ddb5-4fa4-a97d-d965ccfc6d4b" outcome="Passed" testListId="8c84fa94-04c1-424b-9868-57a2d4851a1d" relativeResultsDirectory="1ff756c5-9641-4eda-bc57-b7141d384317" />
    <UnitTestResult executionId="30f0da29-b388-454c-b891-4469485e7fa1" testId="d2b63634-b2a8-712b-6997-a00fbcbd57df" testName="SearchResultsActionBarActions_CreateSnapshot_InvokeCommand_MultipleSnapshotsSucceeded_CorrectStatusTextShown" computerName="DKSR-EFI-04" duration="00:00:00.0087533" startTime="2023-12-22T09:39:11.0945567+01:00" endTime="2023-12-22T09:39:11.1034764+01:00" testType="13cdc9d9-ddb5-4fa4-a97d-d965ccfc6d4b" outcome="Passed" testListId="8c84fa94-04c1-424b-9868-57a2d4851a1d" relativeResultsDirectory="30f0da29-b388-454c-b891-4469485e7fa1" />
    <UnitTestResult executionId="c20d3bb9-03d5-4798-8a18-1bd8cd2c75ab" testId="75d313b7-2668-4983-0b95-cd2be76f4cd0" testName="AddSelectedWindowsToExport_ShouldShowCorrectToastMessages (1,1,1)" computerName="DKSR-EFI-04" duration="00:00:00.0024504" startTime="2023-12-22T09:39:33.7345304+01:00" endTime="2023-12-22T09:39:33.7371499+01:00" testType="13cdc9d9-ddb5-4fa4-a97d-d965ccfc6d4b" outcome="Passed" testListId="8c84fa94-04c1-424b-9868-57a2d4851a1d" relativeResultsDirectory="c20d3bb9-03d5-4798-8a18-1bd8cd2c75ab" />
    <UnitTestResult executionId="6ae684ec-3779-4d0e-8cd3-393bbee5a312" testId="fbf1e532-d446-55e3-818a-b4fc676cabf8" testName="GetCameraGroups_ShouldReturnCameraGroupsType" computerName="DKSR-EFI-04" duration="00:00:00.0001742" startTime="2023-12-22T09:39:35.0391600+01:00" endTime="2023-12-22T09:39:35.0394585+01:00" testType="13cdc9d9-ddb5-4fa4-a97d-d965ccfc6d4b" outcome="Passed" testListId="8c84fa94-04c1-424b-9868-57a2d4851a1d" relativeResultsDirectory="6ae684ec-3779-4d0e-8cd3-393bbee5a312" />
    <UnitTestResult executionId="3b20333a-a70d-429a-9ad2-544ba8d857c6" testId="9a8b0630-7fe0-b955-d569-785b1cb3be21" testName="GetUserOptions_ShouldDecryptOptions_WhenServerIs2020R2OrOlder" computerName="DKSR-EFI-04" duration="00:00:00.0212697" startTime="2023-12-22T09:39:33.8298612+01:00" endTime="2023-12-22T09:39:33.8514156+01:00" testType="13cdc9d9-ddb5-4fa4-a97d-d965ccfc6d4b" outcome="Passed" testListId="8c84fa94-04c1-424b-9868-57a2d4851a1d" relativeResultsDirectory="3b20333a-a70d-429a-9ad2-544ba8d857c6" />
    <UnitTestResult executionId="fa0d25de-a1f9-4915-9e60-59c934b80b16" testId="0352ab5e-ef5f-b291-c33f-bb3ed2d6f909" testName="AutomationId_ShouldBeValid_WhenInteractionStateIsAddMicrophone" computerName="DKSR-EFI-04" duration="00:00:00.0001732" startTime="2023-12-22T09:38:34.9520623+01:00" endTime="2023-12-22T09:38:34.9523755+01:00" testType="13cdc9d9-ddb5-4fa4-a97d-d965ccfc6d4b" outcome="Passed" testListId="8c84fa94-04c1-424b-9868-57a2d4851a1d" relativeResultsDirectory="fa0d25de-a1f9-4915-9e60-59c934b80b16" />
    <UnitTestResult executionId="01cb8d61-3c48-4c63-b77a-0bd7d42d3d1f" testId="77b1b206-b293-8add-d0dd-e8f3149cd45e" testName="TestCreateMipTabWorkroom_Single_Success" computerName="DKSR-EFI-04" duration="00:00:01.1509844" startTime="2023-12-22T09:38:30.5365726+01:00" endTime="2023-12-22T09:38:31.6877510+01:00" testType="13cdc9d9-ddb5-4fa4-a97d-d965ccfc6d4b" outcome="Passed" testListId="8c84fa94-04c1-424b-9868-57a2d4851a1d" relativeResultsDirectory="01cb8d61-3c48-4c63-b77a-0bd7d42d3d1f" />
    <UnitTestResult executionId="ac72fd13-43ee-41f6-93d1-879c22685f93" testId="bc299358-874f-d04a-92ad-e691bf3c092e" testName="SetItemOutlines_ItemNotCameraKind_Exception" computerName="DKSR-EFI-04" duration="00:00:00.0081268" startTime="2023-12-22T09:38:38.9298491+01:00" endTime="2023-12-22T09:38:38.9403551+01:00" testType="13cdc9d9-ddb5-4fa4-a97d-d965ccfc6d4b" outcome="Passed" testListId="8c84fa94-04c1-424b-9868-57a2d4851a1d" relativeResultsDirectory="ac72fd13-43ee-41f6-93d1-879c22685f93" />
    <UnitTestResult executionId="22d794a4-0c9e-477d-9dcc-6eb85ff20b4c" testId="669fc029-8875-e129-8d0c-bd7a31bdd15f" testName="DeviceIcons_ShouldBeCached_WhenCalled" computerName="DKSR-EFI-04" duration="00:00:00.0001948" startTime="2023-12-22T09:39:29.0395621+01:00" endTime="2023-12-22T09:39:29.0398937+01:00" testType="13cdc9d9-ddb5-4fa4-a97d-d965ccfc6d4b" outcome="Passed" testListId="8c84fa94-04c1-424b-9868-57a2d4851a1d" relativeResultsDirectory="22d794a4-0c9e-477d-9dcc-6eb85ff20b4c" />
    <UnitTestResult executionId="83470b52-209d-4166-a467-975dd25433a9" testId="d516c9f8-a086-c688-a8dc-fd4cd17c2bf6" testName="Deserialize_InvalidValidate_ErrorCollectionNotEmpty" computerName="DKSR-EFI-04" duration="00:00:00.0047879" startTime="2023-12-22T09:39:14.4105599+01:00" endTime="2023-12-22T09:39:14.4155731+01:00" testType="13cdc9d9-ddb5-4fa4-a97d-d965ccfc6d4b" outcome="Passed" testListId="8c84fa94-04c1-424b-9868-57a2d4851a1d" relativeResultsDirectory="83470b52-209d-4166-a467-975dd25433a9" />
    <UnitTestResult executionId="d232df05-3b5e-40f9-9023-c47d9eb88357" testId="69439449-9ebe-29e2-c62e-065951471c5d" testName="Serialize_ShouldNotSerializeCombineType_WhenNotPresentInData" computerName="DKSR-EFI-04" duration="00:00:00.0007066" startTime="2023-12-22T09:39:14.6799389+01:00" endTime="2023-12-22T09:39:14.6808144+01:00" testType="13cdc9d9-ddb5-4fa4-a97d-d965ccfc6d4b" outcome="Passed" testListId="8c84fa94-04c1-424b-9868-57a2d4851a1d" relativeResultsDirectory="d232df05-3b5e-40f9-9023-c47d9eb88357" />
    <UnitTestResult executionId="392f67ac-29c6-4b6f-b582-495c35bc62f7" testId="13b2a1dd-d764-6ad5-a674-3e86cc761e8a" testName="Deserialize_RelativeScopeDurationAndFromToValues_ToAndFromValuesIgnored" computerName="DKSR-EFI-04" duration="00:00:00.0031574" startTime="2023-12-22T09:39:14.4444305+01:00" endTime="2023-12-22T09:39:14.4477269+01:00" testType="13cdc9d9-ddb5-4fa4-a97d-d965ccfc6d4b" outcome="Passed" testListId="8c84fa94-04c1-424b-9868-57a2d4851a1d" relativeResultsDirectory="392f67ac-29c6-4b6f-b582-495c35bc62f7" />
    <UnitTestResult executionId="e427e746-a532-4336-be28-38502aef609f" testId="a1232aab-9143-95b0-ed05-58af3d018f0d" testName="ToDenormalizedFieldOfView_1_0" computerName="DKSR-EFI-04" duration="00:00:00.0001062" startTime="2023-12-22T09:39:26.8029267+01:00" endTime="2023-12-22T09:39:26.8032145+01:00" testType="13cdc9d9-ddb5-4fa4-a97d-d965ccfc6d4b" outcome="Passed" testListId="8c84fa94-04c1-424b-9868-57a2d4851a1d" relativeResultsDirectory="e427e746-a532-4336-be28-38502aef609f" />
    <UnitTestResult executionId="3e1ee7a3-3779-4109-9559-688d5222e96c" testId="d8b647c6-ef54-f676-621e-8f04d1dc548d" testName="SelectTemplate_NullViewModelSearchAttribute_Throws" computerName="DKSR-EFI-04" duration="00:00:00.0005600" startTime="2023-12-22T09:38:41.2855224+01:00" endTime="2023-12-22T09:38:41.2862230+01:00" testType="13cdc9d9-ddb5-4fa4-a97d-d965ccfc6d4b" outcome="Passed" testListId="8c84fa94-04c1-424b-9868-57a2d4851a1d" relativeResultsDirectory="3e1ee7a3-3779-4109-9559-688d5222e96c" />
    <UnitTestResult executionId="c755dc28-d5cd-4800-aa84-10f1332d43f4" testId="cadbf7d4-d58e-eeac-6faf-7c00f5bba9ec" testName="SearchResultCombineType_DefaultValue_And" computerName="DKSR-EFI-04" duration="00:00:00.0062474" startTime="2023-12-22T09:39:13.1876121+01:00" endTime="2023-12-22T09:39:13.1940120+01:00" testType="13cdc9d9-ddb5-4fa4-a97d-d965ccfc6d4b" outcome="Passed" testListId="8c84fa94-04c1-424b-9868-57a2d4851a1d" relativeResultsDirectory="c755dc28-d5cd-4800-aa84-10f1332d43f4" />
    <UnitTestResult executionId="9875dd9e-0f5f-4b9b-a526-b81632923689" testId="40975595-da4a-f761-4446-28adcce54b50" testName="MergeOptionNodes_ShouldMergeOptionsFromOldKeyAndNewKey_WhenBothSettingsHaveOptionsAndEmptyNamespaceAddedToOptionsElement" computerName="DKSR-EFI-04" duration="00:00:00.0004405" startTime="2023-12-22T09:39:33.8638040+01:00" endTime="2023-12-22T09:39:33.8643879+01:00" testType="13cdc9d9-ddb5-4fa4-a97d-d965ccfc6d4b" outcome="Passed" testListId="8c84fa94-04c1-424b-9868-57a2d4851a1d" relativeResultsDirectory="9875dd9e-0f5f-4b9b-a526-b81632923689" />
    <UnitTestResult executionId="84c761b0-aac1-4c04-af03-c107b9d5936f" testId="4adcb6de-d6b1-ce7d-930d-8dcc82e4f478" testName="GetLayerVisibilityItemsData_ShouldAddCameraWithViewZoneFixedLayer_WhenCameraMapAndViewZoneLayersAreProvided" computerName="DKSR-EFI-04" duration="00:00:00.0056592" startTime="2023-12-22T09:38:34.8360261+01:00" endTime="2023-12-22T09:38:34.8418587+01:00" testType="13cdc9d9-ddb5-4fa4-a97d-d965ccfc6d4b" outcome="Passed" testListId="8c84fa94-04c1-424b-9868-57a2d4851a1d" relativeResultsDirectory="84c761b0-aac1-4c04-af03-c107b9d5936f" />
    <UnitTestResult executionId="c1e85975-c7a4-4756-a118-b16f12d4c33b" testId="e2e868a3-fc1a-6808-398b-537acaa38f26" testName="Ctor_ShouldAddNegotiateUserCredentialsToCache_WhenServerAuthenticationIsNotSimple" computerName="DKSR-EFI-04" duration="00:00:00.0001431" startTime="2023-12-22T09:38:32.3319076+01:00" endTime="2023-12-22T09:38:32.3321658+01:00" testType="13cdc9d9-ddb5-4fa4-a97d-d965ccfc6d4b" outcome="Passed" testListId="8c84fa94-04c1-424b-9868-57a2d4851a1d" relativeResultsDirectory="c1e85975-c7a4-4756-a118-b16f12d4c33b" />
    <UnitTestResult executionId="e6f3ce85-64ae-4366-91b9-56bd7837f1ff" testId="489bb6c1-57c4-1ecc-b27a-2b7660cd9960" testName="ValidateExportFormats_SmartClientPlayerFormat_ShouldReturnFailResult_ProjectCommentRequired" computerName="DKSR-EFI-04" duration="00:00:00.0094593" startTime="2023-12-22T09:38:40.8613389+01:00" endTime="2023-12-22T09:38:40.8709479+01:00" testType="13cdc9d9-ddb5-4fa4-a97d-d965ccfc6d4b" outcome="Passed" testListId="8c84fa94-04c1-424b-9868-57a2d4851a1d" relativeResultsDirectory="e6f3ce85-64ae-4366-91b9-56bd7837f1ff" />
    <UnitTestResult executionId="9fe89890-b034-4728-9b19-291c28da10ea" testId="fc1071f1-9dc8-3652-9848-fa70b1167397" testName="AddCriteriaCommand_SearchAttributeCategoryNotNull" computerName="DKSR-EFI-04" duration="00:00:00.0477168" startTime="2023-12-22T09:39:12.8139042+01:00" endTime="2023-12-22T09:39:12.8617852+01:00" testType="13cdc9d9-ddb5-4fa4-a97d-d965ccfc6d4b" outcome="Passed" testListId="8c84fa94-04c1-424b-9868-57a2d4851a1d" relativeResultsDirectory="9fe89890-b034-4728-9b19-291c28da10ea" />
    <UnitTestResult executionId="dc64b6c5-c95a-4b60-81d4-668b318490eb" testId="a8fe3325-ab25-7197-00a6-eb64a10d8cb7" testName="LoadSearchTemplate_ActiveToNewActiveSuppressEvent_UpdateAndNoEvent" computerName="DKSR-EFI-04" duration="00:00:00.0005787" startTime="2023-12-22T09:39:13.8953886+01:00" endTime="2023-12-22T09:39:13.8961161+01:00" testType="13cdc9d9-ddb5-4fa4-a97d-d965ccfc6d4b" outcome="Passed" testListId="8c84fa94-04c1-424b-9868-57a2d4851a1d" relativeResultsDirectory="dc64b6c5-c95a-4b60-81d4-668b318490eb" />
    <UnitTestResult executionId="553d6412-a854-4e3e-8956-6435cc38501b" testId="b77ab5c7-4e76-dc3e-b1c6-67decc6894df" testName="OutputMapItem_ForceActivateAsync_InBuilding_UseLastLevel_Success" computerName="DKSR-EFI-04" duration="00:00:00.0109905" startTime="2023-12-22T09:39:30.0123048+01:00" endTime="2023-12-22T09:39:30.0234755+01:00" testType="13cdc9d9-ddb5-4fa4-a97d-d965ccfc6d4b" outcome="Passed" testListId="8c84fa94-04c1-424b-9868-57a2d4851a1d" relativeResultsDirectory="553d6412-a854-4e3e-8956-6435cc38501b" />
    <UnitTestResult executionId="469bdb11-af0e-4cd8-bf0f-d946ab69f847" testId="87d4d6f3-e417-2505-d5bd-2afd34871ea6" testName="TryGetOsmServerTileAddress_ShouldSetEmptyAddress_WhenOsmServerAddressIsInvalid" computerName="DKSR-EFI-04" duration="00:00:00.0001820" startTime="2023-12-22T09:39:31.3406188+01:00" endTime="2023-12-22T09:39:31.3409301+01:00" testType="13cdc9d9-ddb5-4fa4-a97d-d965ccfc6d4b" outcome="Passed" testListId="8c84fa94-04c1-424b-9868-57a2d4851a1d" relativeResultsDirectory="469bdb11-af0e-4cd8-bf0f-d946ab69f847" />
    <UnitTestResult executionId="dd02d7c9-035e-432e-ab0e-c45c0f0883bd" testId="a4f00ade-c810-bdc2-a419-06f9196522bd" testName="CreateGeometry_FourCornerBuilding_Success" computerName="DKSR-EFI-04" duration="00:00:00.0005396" startTime="2023-12-22T09:39:31.9865324+01:00" endTime="2023-12-22T09:39:31.9872407+01:00" testType="13cdc9d9-ddb5-4fa4-a97d-d965ccfc6d4b" outcome="Passed" testListId="8c84fa94-04c1-424b-9868-57a2d4851a1d" relativeResultsDirectory="dd02d7c9-035e-432e-ab0e-c45c0f0883bd" />
    <UnitTestResult executionId="fb0d6603-ba3a-432a-ab36-c0394b2f7978" testId="63135864-bbed-7d2f-1686-fca6f6a9f030" testName="SearchCriteriaOnChanged_ShouldNotThrow_WhenNoRegionSelectionOrSmartSearchFilterValuesAdded" computerName="DKSR-EFI-04" duration="00:00:00.0018643" startTime="2023-12-22T09:39:14.5906353+01:00" endTime="2023-12-22T09:39:14.5927313+01:00" testType="13cdc9d9-ddb5-4fa4-a97d-d965ccfc6d4b" outcome="Passed" testListId="8c84fa94-04c1-424b-9868-57a2d4851a1d" relativeResultsDirectory="fb0d6603-ba3a-432a-ab36-c0394b2f7978" />
    <UnitTestResult executionId="b264680e-143c-4ded-acb4-0df9b93dd47d" testId="417be307-97e0-4052-1dcd-f4ea8d9db811" testName="Deserialize_ShouldIncludeCombineTypeAnd_WhenCombineTypeIsAndInXml" computerName="DKSR-EFI-04" duration="00:00:00.0004863" startTime="2023-12-22T09:39:14.6964937+01:00" endTime="2023-12-22T09:39:14.6971226+01:00" testType="13cdc9d9-ddb5-4fa4-a97d-d965ccfc6d4b" outcome="Passed" testListId="8c84fa94-04c1-424b-9868-57a2d4851a1d" relativeResultsDirectory="b264680e-143c-4ded-acb4-0df9b93dd47d" />
    <UnitTestResult executionId="299820e9-ba35-4ad5-bb83-d746258eeab2" testId="4acad5f8-ff5f-402e-c75e-bdbe46a00538" testName="ValidateExportFormats_SmartClientPlayerFormat_ShouldNotReturnFailResult_ExportPathIsTooLong_WhenLongPathsEnabled (c:\aaaaaaaaaaaaaaaaaaaaaaaaaaaaaaaaaaaaaaaaaaaaaaaaaaaaaaaaaaaaaaaaaaaaaaaaaaaaaaaaaaaaaaaaaaaaaaaaaaaaaaaaaaaaaaaaaaaaaaaaaaaaaaaaaaaaaaaaaaaaaaaaaaaaaaaaaaaaaaaaaaaaaaaaaaaaaaaaaaaaaaa)" computerName="DKSR-EFI-04" duration="00:00:00.0080640" startTime="2023-12-22T09:38:40.8886318+01:00" endTime="2023-12-22T09:38:40.8968650+01:00" testType="13cdc9d9-ddb5-4fa4-a97d-d965ccfc6d4b" outcome="Passed" testListId="8c84fa94-04c1-424b-9868-57a2d4851a1d" relativeResultsDirectory="299820e9-ba35-4ad5-bb83-d746258eeab2" />
    <UnitTestResult executionId="af94e849-e877-4fba-ba84-7de43fa7899e" testId="d5b52bb5-55cf-dc85-f26b-7b0562d6b30f" testName="GetGuidProviderStrategyByEventServerId_ShouldReturnOneSHA1Strategy_WhenEventServerIdIsFipsCompliant" computerName="DKSR-EFI-04" duration="00:00:00.0003672" startTime="2023-12-22T09:39:39.8020389+01:00" endTime="2023-12-22T09:39:39.8025362+01:00" testType="13cdc9d9-ddb5-4fa4-a97d-d965ccfc6d4b" outcome="Passed" testListId="8c84fa94-04c1-424b-9868-57a2d4851a1d" relativeResultsDirectory="af94e849-e877-4fba-ba84-7de43fa7899e" />
    <UnitTestResult executionId="579d7cc3-4f05-4007-a708-34f63ccfb4f2" testId="57c51b3e-0bbc-373f-47ab-9b946ca10dfa" testName="FilterValueHasRegionSelectionForCamera_ShouldReturnFalse_WhenFilterValueDoesNotHaveRegionSelectionForCamera" computerName="DKSR-EFI-04" duration="00:00:00.0079730" startTime="2023-12-22T09:39:26.2428332+01:00" endTime="2023-12-22T09:39:26.2509493+01:00" testType="13cdc9d9-ddb5-4fa4-a97d-d965ccfc6d4b" outcome="Passed" testListId="8c84fa94-04c1-424b-9868-57a2d4851a1d" relativeResultsDirectory="579d7cc3-4f05-4007-a708-34f63ccfb4f2" />
    <UnitTestResult executionId="b63f1102-f7d3-4d40-806d-4ff1f0c6e2c0" testId="4dadd341-55c4-2c66-0797-5674a8d63b8b" testName="ConvertBack_ShouldReturnIsNormalState_WhenValueIsNull" computerName="DKSR-EFI-04" duration="00:00:00.0011641" startTime="2023-12-22T09:38:33.3523484+01:00" endTime="2023-12-22T09:38:33.3537123+01:00" testType="13cdc9d9-ddb5-4fa4-a97d-d965ccfc6d4b" outcome="Passed" testListId="8c84fa94-04c1-424b-9868-57a2d4851a1d" relativeResultsDirectory="b63f1102-f7d3-4d40-806d-4ff1f0c6e2c0" />
    <UnitTestResult executionId="7d6f5f56-b32d-481c-941b-893a5809f1b8" testId="d14ec128-bbfb-0096-f562-be494b986880" testName="Redrawing_SettingsSet_Success" computerName="DKSR-EFI-04" duration="00:00:00.0393952" startTime="2023-12-22T09:38:35.0207700+01:00" endTime="2023-12-22T09:38:35.0632531+01:00" testType="13cdc9d9-ddb5-4fa4-a97d-d965ccfc6d4b" outcome="Passed" testListId="8c84fa94-04c1-424b-9868-57a2d4851a1d" relativeResultsDirectory="7d6f5f56-b32d-481c-941b-893a5809f1b8" />
    <UnitTestResult executionId="07e5c66f-35db-49b6-a8e6-ef45bda69187" testId="00c9ed3e-1b96-abed-4b9f-a4e09fd426a6" testName="Init_InitialStateLoaded_Success" computerName="DKSR-EFI-04" duration="00:00:00.0039606" startTime="2023-12-22T09:38:41.1212196+01:00" endTime="2023-12-22T09:38:41.1253211+01:00" testType="13cdc9d9-ddb5-4fa4-a97d-d965ccfc6d4b" outcome="Passed" testListId="8c84fa94-04c1-424b-9868-57a2d4851a1d" relativeResultsDirectory="07e5c66f-35db-49b6-a8e6-ef45bda69187" />
    <UnitTestResult executionId="78cbc006-f9bf-4c35-b1ae-d0dc94090018" testId="b734b426-c8b0-ef6c-467b-1212971e7759" testName="MainScopeTitleMaxWidthConverter_ConvertBack_Fails" computerName="DKSR-EFI-04" duration="00:00:00.0006528" startTime="2023-12-22T09:38:59.0437474+01:00" endTime="2023-12-22T09:38:59.0445595+01:00" testType="13cdc9d9-ddb5-4fa4-a97d-d965ccfc6d4b" outcome="Passed" testListId="8c84fa94-04c1-424b-9868-57a2d4851a1d" relativeResultsDirectory="78cbc006-f9bf-4c35-b1ae-d0dc94090018" />
    <UnitTestResult executionId="58f15ca3-7bc5-4be4-8ff5-b2844251bec1" testId="4a97d8d2-9fcf-7559-c175-69939d513efc" testName="SignUrl_WhereUrlIsNull_ThrowException" computerName="DKSR-EFI-04" duration="00:00:00.0009404" startTime="2023-12-22T09:38:34.9028485+01:00" endTime="2023-12-22T09:38:34.9039391+01:00" testType="13cdc9d9-ddb5-4fa4-a97d-d965ccfc6d4b" outcome="Passed" testListId="8c84fa94-04c1-424b-9868-57a2d4851a1d" relativeResultsDirectory="58f15ca3-7bc5-4be4-8ff5-b2844251bec1" />
    <UnitTestResult executionId="55fb08b3-14bb-401a-a9c8-8b9d91fc0bc8" testId="27a95cc0-3e4b-dbea-fc7f-0563168b8940" testName="ConnectSlave_SucceedeInConnectingAndAllowingSecureConnection_ShouldReturnTrueAndAValidUrl" computerName="DKSR-EFI-04" duration="00:00:00.0149610" startTime="2023-12-22T09:38:29.6803790+01:00" endTime="2023-12-22T09:38:29.6954499+01:00" testType="13cdc9d9-ddb5-4fa4-a97d-d965ccfc6d4b" outcome="Passed" testListId="8c84fa94-04c1-424b-9868-57a2d4851a1d" relativeResultsDirectory="55fb08b3-14bb-401a-a9c8-8b9d91fc0bc8" />
    <UnitTestResult executionId="f24c386b-ba2d-4d1d-8ccc-85b658f8aac0" testId="8afe4c58-19f6-dd1a-c67e-b2b4ee85f2ac" testName="Selected_retention_option_is_cleared_when_not_available" computerName="DKSR-EFI-04" duration="00:00:00.0036714" startTime="2023-12-22T09:39:39.4029849+01:00" endTime="2023-12-22T09:39:39.4067984+01:00" testType="13cdc9d9-ddb5-4fa4-a97d-d965ccfc6d4b" outcome="Passed" testListId="8c84fa94-04c1-424b-9868-57a2d4851a1d" relativeResultsDirectory="f24c386b-ba2d-4d1d-8ccc-85b658f8aac0" />
    <UnitTestResult executionId="0e1105ff-8163-4d1a-817d-431bd95ca6dd" testId="6f067ff4-f915-05c2-a0a4-f5e23793ba9b" testName="GetServers_ShouldReturnCorrectServerByIdsTest" computerName="DKSR-EFI-04" duration="00:00:00.0021135" startTime="2023-12-22T09:39:35.0016468+01:00" endTime="2023-12-22T09:39:35.0039108+01:00" testType="13cdc9d9-ddb5-4fa4-a97d-d965ccfc6d4b" outcome="Passed" testListId="8c84fa94-04c1-424b-9868-57a2d4851a1d" relativeResultsDirectory="0e1105ff-8163-4d1a-817d-431bd95ca6dd" />
    <UnitTestResult executionId="73dc5605-d4be-461e-b45b-9b152d7b68ca" testId="7cf8856e-c7a5-694a-07b3-b67149d2c5fd" testName="AddToExportDevices_ShouldReturnCorrectResult (0,5,5)" computerName="DKSR-EFI-04" duration="00:00:00.0025255" startTime="2023-12-22T09:39:33.6812905+01:00" endTime="2023-12-22T09:39:33.6839793+01:00" testType="13cdc9d9-ddb5-4fa4-a97d-d965ccfc6d4b" outcome="Passed" testListId="8c84fa94-04c1-424b-9868-57a2d4851a1d" relativeResultsDirectory="73dc5605-d4be-461e-b45b-9b152d7b68ca" />
    <UnitTestResult executionId="878a1e83-a743-4edd-b970-3f5a9e88e4d9" testId="40053e00-4502-6843-1f1d-ac2a3e574fe1" testName="MuteMicrophone_ShouldBeCalled_WhenMicrophoneStateGoesFromUnmutedToMuted" computerName="DKSR-EFI-04" duration="00:00:00.0079495" startTime="2023-12-22T09:39:28.0571999+01:00" endTime="2023-12-22T09:39:28.0653011+01:00" testType="13cdc9d9-ddb5-4fa4-a97d-d965ccfc6d4b" outcome="Passed" testListId="8c84fa94-04c1-424b-9868-57a2d4851a1d" relativeResultsDirectory="878a1e83-a743-4edd-b970-3f5a9e88e4d9" />
    <UnitTestResult executionId="708f4e92-22fc-4da8-beff-ee094fb6585a" testId="c0f6f50e-70bb-6ec7-7cb1-70b1c03dbf38" testName="SetResultsToReselect_ShouldBeReflectedInResultsProcessedEvent" computerName="DKSR-EFI-04" duration="00:00:00.0032855" startTime="2023-12-22T09:39:14.5000929+01:00" endTime="2023-12-22T09:39:14.5035140+01:00" testType="13cdc9d9-ddb5-4fa4-a97d-d965ccfc6d4b" outcome="Passed" testListId="8c84fa94-04c1-424b-9868-57a2d4851a1d" relativeResultsDirectory="708f4e92-22fc-4da8-beff-ee094fb6585a" />
    <UnitTestResult executionId="8cd4dcbd-45fb-4951-ac6f-914047f68e62" testId="046c17a3-2693-b379-a8a6-25e6537747cf" testName="Constructor_ShouldThrowException_WhenStateHandlerFactoryIsNull" computerName="DKSR-EFI-04" duration="00:00:00.0003339" startTime="2023-12-22T09:39:35.0956201+01:00" endTime="2023-12-22T09:39:35.0961064+01:00" testType="13cdc9d9-ddb5-4fa4-a97d-d965ccfc6d4b" outcome="Passed" testListId="8c84fa94-04c1-424b-9868-57a2d4851a1d" relativeResultsDirectory="8cd4dcbd-45fb-4951-ac6f-914047f68e62" />
    <UnitTestResult executionId="dc2ab56a-700b-4bd0-a5fe-596e1a86428b" testId="6cf1d803-864d-f447-b323-57be8d42bea0" testName="ActionBarPluginEnabled_SinglePluginWithNotEnoughRoom_PluginButtonPresentInOverflowMenu" computerName="DKSR-EFI-04" duration="00:00:00.0294789" startTime="2023-12-22T09:38:42.5050908+01:00" endTime="2023-12-22T09:38:42.5373536+01:00" testType="13cdc9d9-ddb5-4fa4-a97d-d965ccfc6d4b" outcome="Passed" testListId="8c84fa94-04c1-424b-9868-57a2d4851a1d" relativeResultsDirectory="dc2ab56a-700b-4bd0-a5fe-596e1a86428b" />
    <UnitTestResult executionId="c3afcb79-2ae6-4860-b71b-c9a261588b81" testId="691d68a9-645d-890d-6c67-c584c444916d" testName="SidePanelToggleButtonIsVisible_DependingOnConditions (FullScreen,True,False,False)" computerName="DKSR-EFI-04" duration="00:00:00.0168324" startTime="2023-12-22T09:39:33.0340935+01:00" endTime="2023-12-22T09:39:33.0512224+01:00" testType="13cdc9d9-ddb5-4fa4-a97d-d965ccfc6d4b" outcome="Passed" testListId="8c84fa94-04c1-424b-9868-57a2d4851a1d" relativeResultsDirectory="c3afcb79-2ae6-4860-b71b-c9a261588b81" />
    <UnitTestResult executionId="24a35538-c77b-45dc-b0d6-7739e0fd202d" testId="ff22d43a-17fa-db51-d7fd-2f5ea3ee7dbb" testName="RemoveWorkroom_ShouldNotChangeSelection_WhenWorkroomThatIsNotSelectedIsRemoved" computerName="DKSR-EFI-04" duration="00:00:00.0116482" startTime="2023-12-22T09:39:38.4064190+01:00" endTime="2023-12-22T09:39:38.4182394+01:00" testType="13cdc9d9-ddb5-4fa4-a97d-d965ccfc6d4b" outcome="Passed" testListId="8c84fa94-04c1-424b-9868-57a2d4851a1d" relativeResultsDirectory="24a35538-c77b-45dc-b0d6-7739e0fd202d" />
    <UnitTestResult executionId="5665e349-5b56-4a1e-8375-ebe7dcf66057" testId="c49afcd7-de27-7990-5754-d54f7b7c14ac" testName="SearchResultContainerView_OnItemActivated_AnimationDisabled_DetailsViewAddedToDetailsViewControl" computerName="DKSR-EFI-04" duration="00:00:00.6613602" startTime="2023-12-22T09:38:44.7747144+01:00" endTime="2023-12-22T09:38:45.4392275+01:00" testType="13cdc9d9-ddb5-4fa4-a97d-d965ccfc6d4b" outcome="Passed" testListId="8c84fa94-04c1-424b-9868-57a2d4851a1d" relativeResultsDirectory="5665e349-5b56-4a1e-8375-ebe7dcf66057" />
    <UnitTestResult executionId="4b132595-c46f-4916-b0f8-76fd8c959935" testId="dd9fef57-cc98-7ad4-c53a-0bf4ce117b29" testName="SearchResultsActionBarActions_AddBookmark_MultipleResult_CreateBookmarkInvokedForAllItems" computerName="DKSR-EFI-04" duration="00:00:00.0109396" startTime="2023-12-22T09:39:10.9348850+01:00" endTime="2023-12-22T09:39:10.9460037+01:00" testType="13cdc9d9-ddb5-4fa4-a97d-d965ccfc6d4b" outcome="Passed" testListId="8c84fa94-04c1-424b-9868-57a2d4851a1d" relativeResultsDirectory="4b132595-c46f-4916-b0f8-76fd8c959935" />
    <UnitTestResult executionId="1d18fb01-cd6b-436e-8348-fe28b998c0d6" testId="4ad3fc13-c11a-f5b6-2594-d08a3607b0ec" testName="TestSaveMap_MapAndLayerChanges_Success" computerName="DKSR-EFI-04" duration="00:00:00.0459681" startTime="2023-12-22T09:39:28.6202930+01:00" endTime="2023-12-22T09:39:28.6664763+01:00" testType="13cdc9d9-ddb5-4fa4-a97d-d965ccfc6d4b" outcome="Passed" testListId="8c84fa94-04c1-424b-9868-57a2d4851a1d" relativeResultsDirectory="1d18fb01-cd6b-436e-8348-fe28b998c0d6" />
    <UnitTestResult executionId="63b3da9b-ed5b-4432-b214-cc972656dc1e" testId="40de1517-d6a6-7e31-1713-862fa25a82b9" testName="GetSnapshots_UnauthorizedAccess_Failure" computerName="DKSR-EFI-04" duration="00:00:00.0023529" startTime="2023-12-22T09:39:13.7254147+01:00" endTime="2023-12-22T09:39:13.7279281+01:00" testType="13cdc9d9-ddb5-4fa4-a97d-d965ccfc6d4b" outcome="Passed" testListId="8c84fa94-04c1-424b-9868-57a2d4851a1d" relativeResultsDirectory="63b3da9b-ed5b-4432-b214-cc972656dc1e" />
    <UnitTestResult executionId="26def3d4-9f44-4f2a-ae65-616884336179" testId="6754b662-82b1-e1e8-5fb7-5034b721677b" testName="Ctor_Success" computerName="DKSR-EFI-04" duration="00:00:00.0646107" startTime="2023-12-22T09:39:13.4591520+01:00" endTime="2023-12-22T09:39:13.5239253+01:00" testType="13cdc9d9-ddb5-4fa4-a97d-d965ccfc6d4b" outcome="Passed" testListId="8c84fa94-04c1-424b-9868-57a2d4851a1d" relativeResultsDirectory="26def3d4-9f44-4f2a-ae65-616884336179" />
    <UnitTestResult executionId="1fbfd567-4d0a-4713-9f7e-6ebd8fe9e4a3" testId="01eab79c-bc50-d06f-cdd9-f0cb405d3b66" testName="StartSelection_ShouldNotClearAnyExistingSelections_WhenCtrlKeyIsPressed" computerName="DKSR-EFI-04" duration="00:00:00.0055332" startTime="2023-12-22T09:38:36.1392141+01:00" endTime="2023-12-22T09:38:36.1470358+01:00" testType="13cdc9d9-ddb5-4fa4-a97d-d965ccfc6d4b" outcome="Passed" testListId="8c84fa94-04c1-424b-9868-57a2d4851a1d" relativeResultsDirectory="1fbfd567-4d0a-4713-9f7e-6ebd8fe9e4a3" />
    <UnitTestResult executionId="4dcf1da0-53b0-452f-9558-5b233069ea78" testId="1fc3baec-2132-0d3b-0fbb-cac33cb1b4b4" testName="AddToExportDevices_ShouldReturnCorrectResult (0,1,0)" computerName="DKSR-EFI-04" duration="00:00:00.0016943" startTime="2023-12-22T09:39:33.6577837+01:00" endTime="2023-12-22T09:39:33.6597174+01:00" testType="13cdc9d9-ddb5-4fa4-a97d-d965ccfc6d4b" outcome="Passed" testListId="8c84fa94-04c1-424b-9868-57a2d4851a1d" relativeResultsDirectory="4dcf1da0-53b0-452f-9558-5b233069ea78" />
    <UnitTestResult executionId="c2e47050-264e-4a24-a46e-2c44824b1b02" testId="0b4d5c4e-e489-765d-d3a8-0ce9513428a5" testName="CameraMapItem_ForceActivateAsync_InBuilding_MapLevelsNotLoaded_Success" computerName="DKSR-EFI-04" duration="00:00:00.0202058" startTime="2023-12-22T09:39:27.8259353+01:00" endTime="2023-12-22T09:39:27.8463214+01:00" testType="13cdc9d9-ddb5-4fa4-a97d-d965ccfc6d4b" outcome="Passed" testListId="8c84fa94-04c1-424b-9868-57a2d4851a1d" relativeResultsDirectory="c2e47050-264e-4a24-a46e-2c44824b1b02" />
    <UnitTestResult executionId="d78ea6cc-f53e-43a7-a22c-586ccc3c8a05" testId="cb7e0b0b-265a-1cd7-8d28-4bc375b72be8" testName="TestLoadLevelsAsync_CommunicationFailure_Success" computerName="DKSR-EFI-04" duration="00:00:00.0093780" startTime="2023-12-22T09:39:26.4286492+01:00" endTime="2023-12-22T09:39:26.4382059+01:00" testType="13cdc9d9-ddb5-4fa4-a97d-d965ccfc6d4b" outcome="Passed" testListId="8c84fa94-04c1-424b-9868-57a2d4851a1d" relativeResultsDirectory="d78ea6cc-f53e-43a7-a22c-586ccc3c8a05" />
    <UnitTestResult executionId="9cfa40d4-eec2-4c23-a331-3f92b8d46d78" testId="1038d0a8-74b6-4dd8-b766-1b08a5e0b707" testName="MipItemsMapLayer_Loaded_Success" computerName="DKSR-EFI-04" duration="00:00:00.0074647" startTime="2023-12-22T09:39:26.8920236+01:00" endTime="2023-12-22T09:39:26.8996376+01:00" testType="13cdc9d9-ddb5-4fa4-a97d-d965ccfc6d4b" outcome="Passed" testListId="8c84fa94-04c1-424b-9868-57a2d4851a1d" relativeResultsDirectory="9cfa40d4-eec2-4c23-a331-3f92b8d46d78" />
    <UnitTestResult executionId="cc40263e-0e78-453f-a474-4e9f686c3d4d" testId="dbcf26cf-e43a-3a61-c59e-b7d73dca07b5" testName="SearchResultsActionBarActions_MipActionSpecificallySupportsOneAndNotTheOtherSelectedSearchResult_ActionEnabled" computerName="DKSR-EFI-04" duration="00:00:00.0120529" startTime="2023-12-22T09:39:10.7414943+01:00" endTime="2023-12-22T09:39:10.7536953+01:00" testType="13cdc9d9-ddb5-4fa4-a97d-d965ccfc6d4b" outcome="Passed" testListId="8c84fa94-04c1-424b-9868-57a2d4851a1d" relativeResultsDirectory="cc40263e-0e78-453f-a474-4e9f686c3d4d" />
    <UnitTestResult executionId="23d257b1-9065-48d1-a9fa-8b0ac4c38bc5" testId="7863e25b-2679-2198-6c24-80dcdc161cf9" testName="IsCurrentScaleEqualTo_ShouldReturnTrue_WhenValuesAreEqualWithinGivenPrecision" computerName="DKSR-EFI-04" duration="00:00:00.0034453" startTime="2023-12-22T09:38:36.1965854+01:00" endTime="2023-12-22T09:38:36.2002890+01:00" testType="13cdc9d9-ddb5-4fa4-a97d-d965ccfc6d4b" outcome="Passed" testListId="8c84fa94-04c1-424b-9868-57a2d4851a1d" relativeResultsDirectory="23d257b1-9065-48d1-a9fa-8b0ac4c38bc5" />
    <UnitTestResult executionId="68fffb4e-73c7-4cb1-8560-fd7074831f2e" testId="97333588-528f-b816-eec2-32c062436864" testName="Constructor_ShouldThrowException_WhenFunctorCollectionIsNull" computerName="DKSR-EFI-04" duration="00:00:00.0003719" startTime="2023-12-22T09:39:35.0936551+01:00" endTime="2023-12-22T09:39:35.0942256+01:00" testType="13cdc9d9-ddb5-4fa4-a97d-d965ccfc6d4b" outcome="Passed" testListId="8c84fa94-04c1-424b-9868-57a2d4851a1d" relativeResultsDirectory="68fffb4e-73c7-4cb1-8560-fd7074831f2e" />
    <UnitTestResult executionId="8db200bc-092a-4628-9b29-5c4516cf6e7b" testId="65ba2efa-0759-8a99-b7e3-1a551182172b" testName="Convert_InvalidFirstArgument_Collapsed" computerName="DKSR-EFI-04" duration="00:00:00.0014517" startTime="2023-12-22T09:38:59.0518656+01:00" endTime="2023-12-22T09:38:59.0534780+01:00" testType="13cdc9d9-ddb5-4fa4-a97d-d965ccfc6d4b" outcome="Passed" testListId="8c84fa94-04c1-424b-9868-57a2d4851a1d" relativeResultsDirectory="8db200bc-092a-4628-9b29-5c4516cf6e7b" />
    <UnitTestResult executionId="566dad3e-4a24-4e56-aa2c-33a1711494cd" testId="97b87b4d-cfe7-7480-934f-f0762a4a3500" testName="Default, forced" computerName="DKSR-EFI-04" duration="00:00:00.0060960" startTime="2023-12-22T09:38:40.2342811+01:00" endTime="2023-12-22T09:38:40.2406405+01:00" testType="13cdc9d9-ddb5-4fa4-a97d-d965ccfc6d4b" outcome="Passed" testListId="8c84fa94-04c1-424b-9868-57a2d4851a1d" relativeResultsDirectory="566dad3e-4a24-4e56-aa2c-33a1711494cd" />
    <UnitTestResult executionId="46f534c8-660f-430f-a3a0-a0e909c393e8" testId="8ad35947-3018-f160-b80e-8c54c467a21a" testName="GetCredential_ShouldReturnNull_WhenAuthTypeIsNull" computerName="DKSR-EFI-04" duration="00:00:00.0005569" startTime="2023-12-22T09:38:32.3427937+01:00" endTime="2023-12-22T09:38:32.3434717+01:00" testType="13cdc9d9-ddb5-4fa4-a97d-d965ccfc6d4b" outcome="Passed" testListId="8c84fa94-04c1-424b-9868-57a2d4851a1d" relativeResultsDirectory="46f534c8-660f-430f-a3a0-a0e909c393e8" />
    <UnitTestResult executionId="315e7f2d-d5cd-44e2-953f-e0e3b331868c" testId="0daa0cf2-f08f-9af5-8f90-3afbe873dbac" testName="InitializeTokenException_ShouldThrow_WhenErrorOutOfRangeLow" computerName="DKSR-EFI-04" duration="00:00:00.0003476" startTime="2023-12-22T09:39:38.3622325+01:00" endTime="2023-12-22T09:39:38.3627570+01:00" testType="13cdc9d9-ddb5-4fa4-a97d-d965ccfc6d4b" outcome="Passed" testListId="8c84fa94-04c1-424b-9868-57a2d4851a1d" relativeResultsDirectory="315e7f2d-d5cd-44e2-953f-e0e3b331868c" />
    <UnitTestResult executionId="35dc12c1-8143-47c7-83b0-4093d78c66cb" testId="b7bca108-da6d-1f8c-7ea5-81ba3e07496a" testName="DeleteMapItems_ShouldReturnTrue_WhenUserAcknowledgesDeletionOfSingleItem" computerName="DKSR-EFI-04" duration="00:00:00.0182623" startTime="2023-12-22T09:39:28.9865756+01:00" endTime="2023-12-22T09:39:29.0050063+01:00" testType="13cdc9d9-ddb5-4fa4-a97d-d965ccfc6d4b" outcome="Passed" testListId="8c84fa94-04c1-424b-9868-57a2d4851a1d" relativeResultsDirectory="35dc12c1-8143-47c7-83b0-4093d78c66cb" />
    <UnitTestResult executionId="9f0f3e29-256c-485a-90d0-4fd8f85fff70" testId="ff4c1a2e-8962-452c-b4bc-b163c724e109" testName="Map_DeleteLayer_InvalidArg_Failed" computerName="DKSR-EFI-04" duration="00:00:00.0296858" startTime="2023-12-22T09:39:28.7569800+01:00" endTime="2023-12-22T09:39:28.7868782+01:00" testType="13cdc9d9-ddb5-4fa4-a97d-d965ccfc6d4b" outcome="Passed" testListId="8c84fa94-04c1-424b-9868-57a2d4851a1d" relativeResultsDirectory="9f0f3e29-256c-485a-90d0-4fd8f85fff70" />
    <UnitTestResult executionId="01a38bc1-28f5-460b-9bd1-9c13291fc421" testId="21b483a6-27e8-bb30-b612-d3263e5cc6f1" testName="MenuItemIcon_ShouldBeSet_WhenSuppliedInCtor" computerName="DKSR-EFI-04" duration="00:00:00.0018543" startTime="2023-12-22T09:38:38.5377143+01:00" endTime="2023-12-22T09:38:38.5415694+01:00" testType="13cdc9d9-ddb5-4fa4-a97d-d965ccfc6d4b" outcome="Passed" testListId="8c84fa94-04c1-424b-9868-57a2d4851a1d" relativeResultsDirectory="01a38bc1-28f5-460b-9bd1-9c13291fc421" />
    <UnitTestResult executionId="e575ce32-a7e5-4bf5-932c-2324671fe4e9" testId="b998ca9d-3c07-a9b0-e337-f1f0a1809e45" testName="ResolveSearchDefinitions_ShouldReturnResultSearchDefinitionInCorrectOrder_WhenCombinedSearchResultWithMultipleSubResultAndSearchDefinitionsContainingCorrectSearchDefinitionsAreGiven" computerName="DKSR-EFI-04" duration="00:00:00.0016689" startTime="2023-12-22T09:39:13.8597549+01:00" endTime="2023-12-22T09:39:13.8615581+01:00" testType="13cdc9d9-ddb5-4fa4-a97d-d965ccfc6d4b" outcome="Passed" testListId="8c84fa94-04c1-424b-9868-57a2d4851a1d" relativeResultsDirectory="e575ce32-a7e5-4bf5-932c-2324671fe4e9" />
    <UnitTestResult executionId="eee40031-8732-474a-b6ed-fc11dd1a0510" testId="c0d12a95-e15f-6166-5a13-d922c014e85f" testName="SupportsDoubleClick_ShouldBeFalse_WhenInteractionStateIsNotNormalOrNewDevice" computerName="DKSR-EFI-04" duration="00:00:00.0438848" startTime="2023-12-22T09:38:38.3645075+01:00" endTime="2023-12-22T09:38:38.4112017+01:00" testType="13cdc9d9-ddb5-4fa4-a97d-d965ccfc6d4b" outcome="Passed" testListId="8c84fa94-04c1-424b-9868-57a2d4851a1d" relativeResultsDirectory="eee40031-8732-474a-b6ed-fc11dd1a0510" />
    <UnitTestResult executionId="e7bdbb2e-5f7d-4235-b400-f7a7d5bcfe3f" testId="2601cc3d-6e23-30c8-fd9c-9008204c7b14" testName="HandlePermissionDeniedResults_ShouldShowMessageAndToast (0,0)" computerName="DKSR-EFI-04" duration="00:00:00.0014827" startTime="2023-12-22T09:39:33.8219589+01:00" endTime="2023-12-22T09:39:33.8235990+01:00" testType="13cdc9d9-ddb5-4fa4-a97d-d965ccfc6d4b" outcome="Passed" testListId="8c84fa94-04c1-424b-9868-57a2d4851a1d" relativeResultsDirectory="e7bdbb2e-5f7d-4235-b400-f7a7d5bcfe3f" />
    <UnitTestResult executionId="12d32a01-a0dd-4c5e-b99c-7877decce66b" testId="0fed5cd0-f477-3126-e159-48e4c927506e" testName="ShowAlreadyAddedToast_ShouldShowCorrectNumberOfToasts (0,0)" computerName="DKSR-EFI-04" duration="00:00:00.0011411" startTime="2023-12-22T09:39:33.7975805+01:00" endTime="2023-12-22T09:39:33.7988809+01:00" testType="13cdc9d9-ddb5-4fa4-a97d-d965ccfc6d4b" outcome="Passed" testListId="8c84fa94-04c1-424b-9868-57a2d4851a1d" relativeResultsDirectory="12d32a01-a0dd-4c5e-b99c-7877decce66b" />
    <UnitTestResult executionId="b3be8d59-6f3d-49dd-aa54-11e1dc6352cf" testId="86edbbe8-5149-0aa3-dcd3-1e89f5303917" testName="GetServers_ShouldReturnCorrectServerByTypesTest" computerName="DKSR-EFI-04" duration="00:00:00.0180865" startTime="2023-12-22T09:39:34.9829238+01:00" endTime="2023-12-22T09:39:35.0011687+01:00" testType="13cdc9d9-ddb5-4fa4-a97d-d965ccfc6d4b" outcome="Passed" testListId="8c84fa94-04c1-424b-9868-57a2d4851a1d" relativeResultsDirectory="b3be8d59-6f3d-49dd-aa54-11e1dc6352cf" />
    <UnitTestResult executionId="7b55494c-2987-4209-9170-8e183190b11d" testId="e9caefce-c71e-206f-c8b4-a603b26c14bb" testName="FetchDeviceConfiguration_ShouldNotLoadFromServer_WhenCacheFileIsPresentAndFetchTypeIsOnlyCache" computerName="DKSR-EFI-04" duration="00:00:00.0018476" startTime="2023-12-22T09:39:38.4759808+01:00" endTime="2023-12-22T09:39:38.4779777+01:00" testType="13cdc9d9-ddb5-4fa4-a97d-d965ccfc6d4b" outcome="Passed" testListId="8c84fa94-04c1-424b-9868-57a2d4851a1d" relativeResultsDirectory="7b55494c-2987-4209-9170-8e183190b11d" />
    <UnitTestResult executionId="96413f63-fb59-416d-b0b4-963d3a1666c2" testId="c98d87e1-2599-14ad-dad8-186cb5a68eb4" testName="TestUpdateState_NotLoggedIn" computerName="DKSR-EFI-04" duration="00:00:00.0094680" startTime="2023-12-22T09:39:33.9306489+01:00" endTime="2023-12-22T09:39:33.9404456+01:00" testType="13cdc9d9-ddb5-4fa4-a97d-d965ccfc6d4b" outcome="Passed" testListId="8c84fa94-04c1-424b-9868-57a2d4851a1d" relativeResultsDirectory="96413f63-fb59-416d-b0b4-963d3a1666c2" />
    <UnitTestResult executionId="79cdf920-3f7c-44b9-b79a-5f02abf16f51" testId="68b8744b-0d04-5ccf-e59d-98d1006236e5" testName="ToggleMicrophoneStateAsync_ShouldMuteAllOtherMicrophonesAndUnmuteOneMicrophone_WhenThereAreOtherUnmutedMicrophones" computerName="DKSR-EFI-04" duration="00:00:00.0155000" startTime="2023-12-22T09:39:28.0890406+01:00" endTime="2023-12-22T09:39:28.1047039+01:00" testType="13cdc9d9-ddb5-4fa4-a97d-d965ccfc6d4b" outcome="Passed" testListId="8c84fa94-04c1-424b-9868-57a2d4851a1d" relativeResultsDirectory="79cdf920-3f7c-44b9-b79a-5f02abf16f51" />
    <UnitTestResult executionId="6a75836c-87b7-425e-916e-9366fcba3869" testId="f7bcbf5e-0012-a0f0-d3f0-82ca6b14f5dd" testName="ResultCountText_SeveralResults_Success" computerName="DKSR-EFI-04" duration="00:00:00.0035633" startTime="2023-12-22T09:39:11.5228956+01:00" endTime="2023-12-22T09:39:11.5265938+01:00" testType="13cdc9d9-ddb5-4fa4-a97d-d965ccfc6d4b" outcome="Passed" testListId="8c84fa94-04c1-424b-9868-57a2d4851a1d" relativeResultsDirectory="6a75836c-87b7-425e-916e-9366fcba3869" />
    <UnitTestResult executionId="d09e7e3a-5c3d-40fa-95fe-821169f459bc" testId="6a8a8393-b45c-5684-e668-393262a5478a" testName="Tooltip_ShouldShowMuteText_WhenMicrophoneIsUnmutedOnLiveModeAndUserHasListenPermissions" computerName="DKSR-EFI-04" duration="00:00:00.0678624" startTime="2023-12-22T09:38:37.5385149+01:00" endTime="2023-12-22T09:38:37.6092555+01:00" testType="13cdc9d9-ddb5-4fa4-a97d-d965ccfc6d4b" outcome="Passed" testListId="8c84fa94-04c1-424b-9868-57a2d4851a1d" relativeResultsDirectory="d09e7e3a-5c3d-40fa-95fe-821169f459bc" />
    <UnitTestResult executionId="65730fef-81d8-44f0-86e1-0a851921c487" testId="2b8f6313-6f64-c487-2e4c-3d07b5bd4159" testName="GetCredential_ShouldReturnContainedWindowsCredentials_WhenUriAndAuthTypeAreNotNull" computerName="DKSR-EFI-04" duration="00:00:00.0001507" startTime="2023-12-22T09:38:32.3454492+01:00" endTime="2023-12-22T09:38:32.3457108+01:00" testType="13cdc9d9-ddb5-4fa4-a97d-d965ccfc6d4b" outcome="Passed" testListId="8c84fa94-04c1-424b-9868-57a2d4851a1d" relativeResultsDirectory="65730fef-81d8-44f0-86e1-0a851921c487" />
    <UnitTestResult executionId="62ca02e3-4b7d-46f6-9357-ce79dc58f955" testId="451bffc0-3ae5-2acf-fc45-f7a1232d7fdf" testName="Constructor_ShouldRaiseArgumentNullException_WhenGisMapViewModelIsNull" computerName="DKSR-EFI-04" duration="00:00:00.0209359" startTime="2023-12-22T09:38:34.7148785+01:00" endTime="2023-12-22T09:38:34.7399664+01:00" testType="13cdc9d9-ddb5-4fa4-a97d-d965ccfc6d4b" outcome="Passed" testListId="8c84fa94-04c1-424b-9868-57a2d4851a1d" relativeResultsDirectory="62ca02e3-4b7d-46f6-9357-ce79dc58f955" />
    <UnitTestResult executionId="92ebe5cd-0009-4ae0-905f-c19b11e38ba6" testId="cd13bfee-f8b4-3d5e-a0f6-00049079c32f" testName="ResultsAvailable_SomeResults_Success" computerName="DKSR-EFI-04" duration="00:00:00.0034663" startTime="2023-12-22T09:39:11.5090359+01:00" endTime="2023-12-22T09:39:11.5126437+01:00" testType="13cdc9d9-ddb5-4fa4-a97d-d965ccfc6d4b" outcome="Passed" testListId="8c84fa94-04c1-424b-9868-57a2d4851a1d" relativeResultsDirectory="92ebe5cd-0009-4ae0-905f-c19b11e38ba6" />
    <UnitTestResult executionId="6e8ae94e-5984-4374-a6d7-90d394f888b6" testId="ee325437-e5fe-a792-f60f-ba53523f3b7b" testName="MaxRegionsAllowed_ShouldBeIntMaxValue_WhenProvidedMaxIsNegative" computerName="DKSR-EFI-04" duration="00:00:00.0002216" startTime="2023-12-22T09:39:26.2365223+01:00" endTime="2023-12-22T09:39:26.2369842+01:00" testType="13cdc9d9-ddb5-4fa4-a97d-d965ccfc6d4b" outcome="Passed" testListId="8c84fa94-04c1-424b-9868-57a2d4851a1d" relativeResultsDirectory="6e8ae94e-5984-4374-a6d7-90d394f888b6" />
    <UnitTestResult executionId="0573dea6-6e75-44b7-b79a-0573f42b6bd9" testId="17b36dbd-a0b1-7dd9-4d17-df2b3239cefc" testName="DetermineUserAllowsUnsecureConnection_WhereUserIsAskedAndUnsecureIsNotAllow_ShouldReturnFalse" computerName="DKSR-EFI-04" duration="00:00:00.4530487" startTime="2023-12-22T09:38:29.9574564+01:00" endTime="2023-12-22T09:38:30.4112958+01:00" testType="13cdc9d9-ddb5-4fa4-a97d-d965ccfc6d4b" outcome="Passed" testListId="8c84fa94-04c1-424b-9868-57a2d4851a1d" relativeResultsDirectory="0573dea6-6e75-44b7-b79a-0573f42b6bd9" />
    <UnitTestResult executionId="4b93f55d-623d-46b1-a979-35c530e3a4bb" testId="05aeaa8c-7d80-f9e7-54a6-810812bf76ac" testName="ConnectSlave_FailToConnectAndDoNotAllowgSecureConnection_ShouldThrowException" computerName="DKSR-EFI-04" duration="00:00:00.0014523" startTime="2023-12-22T09:38:29.7052669+01:00" endTime="2023-12-22T09:38:29.7070523+01:00" testType="13cdc9d9-ddb5-4fa4-a97d-d965ccfc6d4b" outcome="Passed" testListId="8c84fa94-04c1-424b-9868-57a2d4851a1d" relativeResultsDirectory="4b93f55d-623d-46b1-a979-35c530e3a4bb" />
    <UnitTestResult executionId="40aebf1a-9c22-4dc0-bae8-0bc680741cef" testId="6ac3daf7-7d17-a19c-0567-b6e3340bf41b" testName="DataTypeTest" computerName="DKSR-EFI-04" duration="00:00:00.0002803" startTime="2023-12-22T09:39:36.5905042+01:00" endTime="2023-12-22T09:39:36.5909122+01:00" testType="13cdc9d9-ddb5-4fa4-a97d-d965ccfc6d4b" outcome="Passed" testListId="8c84fa94-04c1-424b-9868-57a2d4851a1d" relativeResultsDirectory="40aebf1a-9c22-4dc0-bae8-0bc680741cef" />
    <UnitTestResult executionId="9fe62f9e-2b6c-4f96-bd10-11c5026679f1" testId="4ac17529-5b95-5a72-033f-f220f1f85e71" testName="UpdateSearchTemplateAsync_ActiveSearchTemplateUpdated_Success" computerName="DKSR-EFI-04" duration="00:00:00.0024043" startTime="2023-12-22T09:39:13.9213809+01:00" endTime="2023-12-22T09:39:13.9239357+01:00" testType="13cdc9d9-ddb5-4fa4-a97d-d965ccfc6d4b" outcome="Passed" testListId="8c84fa94-04c1-424b-9868-57a2d4851a1d" relativeResultsDirectory="9fe62f9e-2b6c-4f96-bd10-11c5026679f1" />
    <UnitTestResult executionId="8c9539e3-3e6d-40ec-8634-fc3dee42eb96" testId="2720977a-3c1d-8925-ae8c-f10491ee0903" testName="DeviceIcons_ShouldNotBeEmpty_WhenCalled" computerName="DKSR-EFI-04" duration="00:00:00.0009619" startTime="2023-12-22T09:39:29.0363926+01:00" endTime="2023-12-22T09:39:29.0375184+01:00" testType="13cdc9d9-ddb5-4fa4-a97d-d965ccfc6d4b" outcome="Passed" testListId="8c84fa94-04c1-424b-9868-57a2d4851a1d" relativeResultsDirectory="8c9539e3-3e6d-40ec-8634-fc3dee42eb96" />
    <UnitTestResult executionId="0e49abdb-2a7b-44f6-a0fb-2f4ab83f2218" testId="d4294147-b6f1-1dea-474b-6d1ef066918c" testName="IsSelected_ShouldBeTrue_WhenSelectedMicrophoneGetsDisabled" computerName="DKSR-EFI-04" duration="00:00:00.0097104" startTime="2023-12-22T09:39:30.3927613+01:00" endTime="2023-12-22T09:39:30.4047884+01:00" testType="13cdc9d9-ddb5-4fa4-a97d-d965ccfc6d4b" outcome="Passed" testListId="8c84fa94-04c1-424b-9868-57a2d4851a1d" relativeResultsDirectory="0e49abdb-2a7b-44f6-a0fb-2f4ab83f2218" />
    <UnitTestResult executionId="01ad1985-c06e-495c-a0b4-3079a3eb6d36" testId="97233566-784e-0a25-ecca-3d6658603571" testName="Constructor_ShouldInitialiseDeviceSelectorWindowViewModel_WhenCreatingInstance" computerName="DKSR-EFI-04" duration="00:00:00.0289026" startTime="2023-12-22T09:38:34.2255728+01:00" endTime="2023-12-22T09:38:34.2570060+01:00" testType="13cdc9d9-ddb5-4fa4-a97d-d965ccfc6d4b" outcome="Passed" testListId="8c84fa94-04c1-424b-9868-57a2d4851a1d" relativeResultsDirectory="01ad1985-c06e-495c-a0b4-3079a3eb6d36" />
    <UnitTestResult executionId="db8ae7e8-84f1-42ea-bf6a-d45d0f9cb902" testId="81267ce3-6f9f-039a-6061-d6bf94b58293" testName="GetDeviceData_ShouldReturnNotFoundDeviceData_WhenCameraKindAndNonExistingCameraId" computerName="DKSR-EFI-04" duration="00:00:00.0262501" startTime="2023-12-22T09:38:39.9995283+01:00" endTime="2023-12-22T09:38:40.0259625+01:00" testType="13cdc9d9-ddb5-4fa4-a97d-d965ccfc6d4b" outcome="Passed" testListId="8c84fa94-04c1-424b-9868-57a2d4851a1d" relativeResultsDirectory="db8ae7e8-84f1-42ea-bf6a-d45d0f9cb902" />
    <UnitTestResult executionId="5ac179c5-0b7a-41a1-af25-39035345bf54" testId="dda1789b-98bf-2ab4-b6fb-aff5b89b7425" testName="HandleGetLayerFeatures_ShouldReturnCameraLayerFeatures_WhenCameraKind" computerName="DKSR-EFI-04" duration="00:00:00.0009465" startTime="2023-12-22T09:39:31.2488660+01:00" endTime="2023-12-22T09:39:31.2499645+01:00" testType="13cdc9d9-ddb5-4fa4-a97d-d965ccfc6d4b" outcome="Passed" testListId="8c84fa94-04c1-424b-9868-57a2d4851a1d" relativeResultsDirectory="5ac179c5-0b7a-41a1-af25-39035345bf54" />
    <UnitTestResult executionId="270f97ca-5c38-4064-8836-77b65efa954f" testId="2d399f3a-cd79-9af4-db68-ab2622857a87" testName="SupportsRightClick_ShouldBeFalse_WhenInteractionStateIsNotNormal" computerName="DKSR-EFI-04" duration="00:00:00.0218741" startTime="2023-12-22T09:38:37.8594649+01:00" endTime="2023-12-22T09:38:37.8839785+01:00" testType="13cdc9d9-ddb5-4fa4-a97d-d965ccfc6d4b" outcome="Passed" testListId="8c84fa94-04c1-424b-9868-57a2d4851a1d" relativeResultsDirectory="270f97ca-5c38-4064-8836-77b65efa954f" />
    <UnitTestResult executionId="185aec89-10da-4b29-a5b2-935df54c66c8" testId="c7b7da64-3485-b2c1-376a-4a2776f7bf98" testName="AutomationId_ShouldBeValid_WhenInteractionStateIsInput" computerName="DKSR-EFI-04" duration="00:00:00.0001737" startTime="2023-12-22T09:38:34.9158040+01:00" endTime="2023-12-22T09:38:34.9161148+01:00" testType="13cdc9d9-ddb5-4fa4-a97d-d965ccfc6d4b" outcome="Passed" testListId="8c84fa94-04c1-424b-9868-57a2d4851a1d" relativeResultsDirectory="185aec89-10da-4b29-a5b2-935df54c66c8" />
    <UnitTestResult executionId="84846b7f-8ad2-4c1b-8363-c4978e79e403" testId="9436abbf-5e35-6c76-dd3c-5e8e30ea43e2" testName="LeftButtonDown_DoubleClickNoZoomHandler_DoesNotCrash" computerName="DKSR-EFI-04" duration="00:00:00.0074491" startTime="2023-12-22T09:38:34.9721408+01:00" endTime="2023-12-22T09:38:34.9819881+01:00" testType="13cdc9d9-ddb5-4fa4-a97d-d965ccfc6d4b" outcome="Passed" testListId="8c84fa94-04c1-424b-9868-57a2d4851a1d" relativeResultsDirectory="84846b7f-8ad2-4c1b-8363-c4978e79e403" />
    <UnitTestResult executionId="df0c4f86-8efe-4b9b-9bfa-0007e7d4647b" testId="5ff0df64-4714-54ce-b6d1-3a4063918e93" testName="InputItemsLayer_NotIsGeographic_Load_Success" computerName="DKSR-EFI-04" duration="00:00:00.0099841" startTime="2023-12-22T09:39:26.8530101+01:00" endTime="2023-12-22T09:39:26.8631428+01:00" testType="13cdc9d9-ddb5-4fa4-a97d-d965ccfc6d4b" outcome="Passed" testListId="8c84fa94-04c1-424b-9868-57a2d4851a1d" relativeResultsDirectory="df0c4f86-8efe-4b9b-9bfa-0007e7d4647b" />
    <UnitTestResult executionId="d0567369-6d04-43ae-854c-6b012035139a" testId="85b176e4-fb59-5c82-65b9-233680a9d61b" testName="PopulateTooltip_ManyResultsFromManyCameras24Hours_ValidText" computerName="DKSR-EFI-04" duration="00:00:01.0581208" startTime="2023-12-22T09:39:08.9380943+01:00" endTime="2023-12-22T09:39:09.9991010+01:00" testType="13cdc9d9-ddb5-4fa4-a97d-d965ccfc6d4b" outcome="Passed" testListId="8c84fa94-04c1-424b-9868-57a2d4851a1d" relativeResultsDirectory="d0567369-6d04-43ae-854c-6b012035139a" />
    <UnitTestResult executionId="d5faba17-bf06-4ed7-8da1-53e7714c8088" testId="beb419e5-5bec-3550-745e-1f14592b96f7" testName="AddApiKey_WhereApiKeyValid_ReturnsGoogleMapsUrl" computerName="DKSR-EFI-04" duration="00:00:00.0001324" startTime="2023-12-22T09:38:34.9013965+01:00" endTime="2023-12-22T09:38:34.9016399+01:00" testType="13cdc9d9-ddb5-4fa4-a97d-d965ccfc6d4b" outcome="Passed" testListId="8c84fa94-04c1-424b-9868-57a2d4851a1d" relativeResultsDirectory="d5faba17-bf06-4ed7-8da1-53e7714c8088" />
    <UnitTestResult executionId="5a0e2cf6-c92e-4dd0-942a-f46d8e467aa6" testId="c3862469-efa6-2b47-619c-2ccf15cc9a36" testName="DrawCore_ShouldUseCachedMarkers_WhenRedrawSameData" computerName="DKSR-EFI-04" duration="00:00:00.0136601" startTime="2023-12-22T09:38:35.4985105+01:00" endTime="2023-12-22T09:38:35.5148703+01:00" testType="13cdc9d9-ddb5-4fa4-a97d-d965ccfc6d4b" outcome="Passed" testListId="8c84fa94-04c1-424b-9868-57a2d4851a1d" relativeResultsDirectory="5a0e2cf6-c92e-4dd0-942a-f46d8e467aa6" />
    <UnitTestResult executionId="f262e337-0037-4f09-975e-7bfa410ea37b" testId="5f330a2c-7575-4b82-cdc2-dae925c0e744" testName="MilestoneOemResourcesTest" computerName="DKSR-EFI-04" duration="00:00:01.0006907" startTime="2023-12-22T09:39:36.5935511+01:00" endTime="2023-12-22T09:39:37.5945074+01:00" testType="13cdc9d9-ddb5-4fa4-a97d-d965ccfc6d4b" outcome="Passed" testListId="8c84fa94-04c1-424b-9868-57a2d4851a1d" relativeResultsDirectory="f262e337-0037-4f09-975e-7bfa410ea37b" />
    <UnitTestResult executionId="affe8804-45f5-4fd7-ad01-3260bf1aac58" testId="3d6545fc-4bd4-f8dd-090b-7fa4464a971d" testName="Constructor_ShouldRaiseArgumentNullException_WhenGisMapViewModelIsNull" computerName="DKSR-EFI-04" duration="00:00:00.0100685" startTime="2023-12-22T09:38:33.9119832+01:00" endTime="2023-12-22T09:38:33.9247217+01:00" testType="13cdc9d9-ddb5-4fa4-a97d-d965ccfc6d4b" outcome="Passed" testListId="8c84fa94-04c1-424b-9868-57a2d4851a1d" relativeResultsDirectory="affe8804-45f5-4fd7-ad01-3260bf1aac58" />
    <UnitTestResult executionId="1455a0dc-f348-47f6-a5ba-a22a5d59273a" testId="d4c8bd44-a5f8-3ff8-b16d-c714a3420f05" testName="ValidateExportLocation_ShouldReturnFailResult_ExportFolderIsIllegal (True,False)" computerName="DKSR-EFI-04" duration="00:00:00.0082398" startTime="2023-12-22T09:38:40.8259655+01:00" endTime="2023-12-22T09:38:40.8343836+01:00" testType="13cdc9d9-ddb5-4fa4-a97d-d965ccfc6d4b" outcome="Passed" testListId="8c84fa94-04c1-424b-9868-57a2d4851a1d" relativeResultsDirectory="1455a0dc-f348-47f6-a5ba-a22a5d59273a" />
    <UnitTestResult executionId="61be30cd-360c-46f7-91dd-8a96d34968bd" testId="c3476bd9-ab82-3913-af01-2849b9aa1d17" testName="Decorate_ShouldAttachWindowMouseDownEvent_WhenDecorateIsCalled" computerName="DKSR-EFI-04" duration="00:00:00.0072367" startTime="2023-12-22T09:38:33.2947021+01:00" endTime="2023-12-22T09:38:33.3039404+01:00" testType="13cdc9d9-ddb5-4fa4-a97d-d965ccfc6d4b" outcome="Passed" testListId="8c84fa94-04c1-424b-9868-57a2d4851a1d" relativeResultsDirectory="61be30cd-360c-46f7-91dd-8a96d34968bd" />
    <UnitTestResult executionId="8aacc0ae-663a-4cc1-86ad-0c45b8c01f7c" testId="1cf78aaf-7e14-43de-6645-da2adf43991c" testName="Perform_ActionLongAfterFirst_Success" computerName="DKSR-EFI-04" duration="00:00:00.0008907" startTime="2023-12-22T09:38:32.2335790+01:00" endTime="2023-12-22T09:38:32.2346058+01:00" testType="13cdc9d9-ddb5-4fa4-a97d-d965ccfc6d4b" outcome="Passed" testListId="8c84fa94-04c1-424b-9868-57a2d4851a1d" relativeResultsDirectory="8aacc0ae-663a-4cc1-86ad-0c45b8c01f7c" />
    <UnitTestResult executionId="cf1876c5-b44e-4ad4-8465-b841bf119537" testId="1e845a4d-c6af-6717-84e9-62ec3d2affe9" testName="ShouldCameraListItemBeEnabledForCamera_ShouldReturnFalse_WhenSmartSearchIsNotAllowedForTheCamera" computerName="DKSR-EFI-04" duration="00:00:00.0035013" startTime="2023-12-22T09:39:26.2753099+01:00" endTime="2023-12-22T09:39:26.2789714+01:00" testType="13cdc9d9-ddb5-4fa4-a97d-d965ccfc6d4b" outcome="Passed" testListId="8c84fa94-04c1-424b-9868-57a2d4851a1d" relativeResultsDirectory="cf1876c5-b44e-4ad4-8465-b841bf119537" />
    <UnitTestResult executionId="94cbc650-aac5-4383-af80-d1ee69171cac" testId="9dcc893b-d6ef-d5e3-81ca-720cad492687" testName="LoadInitialState_ValidStateInStateManage_ReturnsStateFromStateManager" computerName="DKSR-EFI-04" duration="00:00:00.0010838" startTime="2023-12-22T09:38:41.1332840+01:00" endTime="2023-12-22T09:38:41.1345002+01:00" testType="13cdc9d9-ddb5-4fa4-a97d-d965ccfc6d4b" outcome="Passed" testListId="8c84fa94-04c1-424b-9868-57a2d4851a1d" relativeResultsDirectory="94cbc650-aac5-4383-af80-d1ee69171cac" />
    <UnitTestResult executionId="777ca1af-1431-43dd-a6cd-a79a8cf03a83" testId="9aeccaa7-2271-ee00-99ac-96f3fa1164be" testName="SetMapItemCluster_ShouldSetIcon_WhenNotSuperClusterAndNotCamera" computerName="DKSR-EFI-04" duration="00:00:00.0210219" startTime="2023-12-22T09:38:38.0609255+01:00" endTime="2023-12-22T09:38:38.0844059+01:00" testType="13cdc9d9-ddb5-4fa4-a97d-d965ccfc6d4b" outcome="Passed" testListId="8c84fa94-04c1-424b-9868-57a2d4851a1d" relativeResultsDirectory="777ca1af-1431-43dd-a6cd-a79a8cf03a83" />
    <UnitTestResult executionId="16d42164-4ca8-4b53-887e-a06471b42992" testId="6ea25a13-961a-d8b8-8741-00e7f42d7603" testName="Unrelated_device_unchanged_when_camera_with_same_related_device_added" computerName="DKSR-EFI-04" duration="00:00:00.0018581" startTime="2023-12-22T09:39:39.4828963+01:00" endTime="2023-12-22T09:39:39.4848791+01:00" testType="13cdc9d9-ddb5-4fa4-a97d-d965ccfc6d4b" outcome="Passed" testListId="8c84fa94-04c1-424b-9868-57a2d4851a1d" relativeResultsDirectory="16d42164-4ca8-4b53-887e-a06471b42992" />
    <UnitTestResult executionId="dff388be-8adf-4bef-ae9b-5464250eb725" testId="f41a40ab-384f-e635-88d2-0deb0549b00c" testName="PatrollingStepViewModel_WaitTime" computerName="DKSR-EFI-04" duration="00:00:00.0019568" startTime="2023-12-22T09:39:32.2765422+01:00" endTime="2023-12-22T09:39:32.2786304+01:00" testType="13cdc9d9-ddb5-4fa4-a97d-d965ccfc6d4b" outcome="Passed" testListId="8c84fa94-04c1-424b-9868-57a2d4851a1d" relativeResultsDirectory="dff388be-8adf-4bef-ae9b-5464250eb725" />
    <UnitTestResult executionId="9b168739-a1a7-44f0-931b-4c487f95db24" testId="c179356e-fb95-bde9-7e42-099773116f5f" testName="ShouldCameraListItemBeEnabledForCamera_ShouldReturnTrue" computerName="DKSR-EFI-04" duration="00:00:00.0002952" startTime="2023-12-22T09:39:26.2524377+01:00" endTime="2023-12-22T09:39:26.2528752+01:00" testType="13cdc9d9-ddb5-4fa4-a97d-d965ccfc6d4b" outcome="Passed" testListId="8c84fa94-04c1-424b-9868-57a2d4851a1d" relativeResultsDirectory="9b168739-a1a7-44f0-931b-4c487f95db24" />
    <UnitTestResult executionId="46b2e108-6009-4520-91f9-fd6d98701fe8" testId="ea6b211e-3258-7db9-8b82-11e88b9536ce" testName="HandleSetLayerFeatures_ShouldRaiseArgumentException_WhenInputKindAndNotInputLayerFeatures" computerName="DKSR-EFI-04" duration="00:00:00.0009257" startTime="2023-12-22T09:39:31.2741730+01:00" endTime="2023-12-22T09:39:31.2752570+01:00" testType="13cdc9d9-ddb5-4fa4-a97d-d965ccfc6d4b" outcome="Passed" testListId="8c84fa94-04c1-424b-9868-57a2d4851a1d" relativeResultsDirectory="46b2e108-6009-4520-91f9-fd6d98701fe8" />
    <UnitTestResult executionId="3dfab5ec-8d20-43d7-9cae-55bcbe8d11a9" testId="1576a34d-4425-e758-2eec-5a2e4ef4d6ef" testName="ErrorOccurred_Exception_Success" computerName="DKSR-EFI-04" duration="00:00:00.0068204" startTime="2023-12-22T09:39:14.3157796+01:00" endTime="2023-12-22T09:39:14.3227435+01:00" testType="13cdc9d9-ddb5-4fa4-a97d-d965ccfc6d4b" outcome="Passed" testListId="8c84fa94-04c1-424b-9868-57a2d4851a1d" relativeResultsDirectory="3dfab5ec-8d20-43d7-9cae-55bcbe8d11a9">
      <Output>
        <StdOut>Debug Trace:&#xD;
&gt;&gt;&gt; message: Error when searching in search agent: "Category Name" with message: "Error message"</StdOut>
      </Output>
    </UnitTestResult>
    <UnitTestResult executionId="a8b8950e-88f2-4aee-b350-0d6b9e032fc5" testId="16cbfe5e-7bb9-3462-1447-f565ffc95fc8" testName="HandleSetLayerFeatures_ShouldRaiseArgumentException_WhenIsCalled" computerName="DKSR-EFI-04" duration="00:00:00.0002569" startTime="2023-12-22T09:39:31.2990983+01:00" endTime="2023-12-22T09:39:31.2995163+01:00" testType="13cdc9d9-ddb5-4fa4-a97d-d965ccfc6d4b" outcome="Passed" testListId="8c84fa94-04c1-424b-9868-57a2d4851a1d" relativeResultsDirectory="a8b8950e-88f2-4aee-b350-0d6b9e032fc5" />
    <UnitTestResult executionId="b01015f5-4818-4821-9156-b85660b2ad1f" testId="93642e15-5690-c906-3db0-8d1d5502773a" testName="SearchDefinitionSearchLogic_ValidateBehaviour" computerName="DKSR-EFI-04" duration="00:00:00.0324120" startTime="2023-12-22T09:39:14.1834967+01:00" endTime="2023-12-22T09:39:14.2161185+01:00" testType="13cdc9d9-ddb5-4fa4-a97d-d965ccfc6d4b" outcome="Passed" testListId="8c84fa94-04c1-424b-9868-57a2d4851a1d" relativeResultsDirectory="b01015f5-4818-4821-9156-b85660b2ad1f" />
    <UnitTestResult executionId="087da9ce-b6aa-40d8-b859-6fcb2d7334cf" testId="8ecade2b-3ad6-f16a-0138-df9b1b58928f" testName="Warning_Shown_When_Removing_Camera" computerName="DKSR-EFI-04" duration="00:00:00.0025412" startTime="2023-12-22T09:39:39.4307408+01:00" endTime="2023-12-22T09:39:39.4334379+01:00" testType="13cdc9d9-ddb5-4fa4-a97d-d965ccfc6d4b" outcome="Passed" testListId="8c84fa94-04c1-424b-9868-57a2d4851a1d" relativeResultsDirectory="087da9ce-b6aa-40d8-b859-6fcb2d7334cf" />
    <UnitTestResult executionId="a270fa5f-2333-4ff7-83d1-33b25154fdac" testId="5fd3f98c-c6c1-c9ae-ace1-6e51d9ce104b" testName="TestMultipleTaskSubscription" computerName="DKSR-EFI-04" duration="00:00:00.0050214" startTime="2023-12-22T09:39:33.3837096+01:00" endTime="2023-12-22T09:39:33.3888711+01:00" testType="13cdc9d9-ddb5-4fa4-a97d-d965ccfc6d4b" outcome="Passed" testListId="8c84fa94-04c1-424b-9868-57a2d4851a1d" relativeResultsDirectory="a270fa5f-2333-4ff7-83d1-33b25154fdac" />
    <UnitTestResult executionId="da3f3f63-6ff4-4ac3-a887-167c17fc3801" testId="7e5f1658-9579-80ac-0889-217afa2e8ebf" testName="Constructor1_ShouldNotAllowInjectionOfNulls" computerName="DKSR-EFI-04" duration="00:00:00.0007767" startTime="2023-12-22T09:38:40.9544884+01:00" endTime="2023-12-22T09:38:40.9555403+01:00" testType="13cdc9d9-ddb5-4fa4-a97d-d965ccfc6d4b" outcome="Passed" testListId="8c84fa94-04c1-424b-9868-57a2d4851a1d" relativeResultsDirectory="da3f3f63-6ff4-4ac3-a887-167c17fc3801" />
    <UnitTestResult executionId="7872d5de-c144-4ce1-b696-1cbf82dec9bb" testId="861f7062-4b72-e737-65a5-00e91edfb64b" testName="AddToExportDevices_ShouldReturnCorrectResult (1,0,1)" computerName="DKSR-EFI-04" duration="00:00:00.0015180" startTime="2023-12-22T09:39:33.6663304+01:00" endTime="2023-12-22T09:39:33.6680790+01:00" testType="13cdc9d9-ddb5-4fa4-a97d-d965ccfc6d4b" outcome="Passed" testListId="8c84fa94-04c1-424b-9868-57a2d4851a1d" relativeResultsDirectory="7872d5de-c144-4ce1-b696-1cbf82dec9bb" />
    <UnitTestResult executionId="ba13df5c-635b-40df-b5e3-5a525c957dc8" testId="e7e1ec7e-8e1e-7f8d-e3da-59506c852ed4" testName="InputItemsMapLayer_Load_Save_DataIsSame_WhenInputIsEnabled" computerName="DKSR-EFI-04" duration="00:00:00.0101104" startTime="2023-12-22T09:39:27.0104997+01:00" endTime="2023-12-22T09:39:27.0207723+01:00" testType="13cdc9d9-ddb5-4fa4-a97d-d965ccfc6d4b" outcome="Passed" testListId="8c84fa94-04c1-424b-9868-57a2d4851a1d" relativeResultsDirectory="ba13df5c-635b-40df-b5e3-5a525c957dc8" />
    <UnitTestResult executionId="65401e64-418d-4879-91e8-828b0dc88ab7" testId="131a26fa-18ee-ab45-1c25-e4348e5f16b7" testName="GetDuration_OneDay_Success" computerName="DKSR-EFI-04" duration="00:00:00.0001684" startTime="2023-12-22T09:39:13.7758613+01:00" endTime="2023-12-22T09:39:13.7761623+01:00" testType="13cdc9d9-ddb5-4fa4-a97d-d965ccfc6d4b" outcome="Passed" testListId="8c84fa94-04c1-424b-9868-57a2d4851a1d" relativeResultsDirectory="65401e64-418d-4879-91e8-828b0dc88ab7" />
    <UnitTestResult executionId="a74147e7-a323-4329-8ce5-9539e892b01a" testId="aa81343a-5273-d050-4734-4d568d0cd256" testName="PtzSessionControllerInfo_TimeChangedTest_Argument_Null_1" computerName="DKSR-EFI-04" duration="00:00:00.0005949" startTime="2023-12-22T09:38:32.1919569+01:00" endTime="2023-12-22T09:38:32.1927388+01:00" testType="13cdc9d9-ddb5-4fa4-a97d-d965ccfc6d4b" outcome="Passed" testListId="8c84fa94-04c1-424b-9868-57a2d4851a1d" relativeResultsDirectory="a74147e7-a323-4329-8ce5-9539e892b01a" />
    <UnitTestResult executionId="44460c29-97ea-4101-aa86-58fd0745f204" testId="5fef5e10-fc69-5d3e-4101-c050ab62c33a" testName="PopulateTooltip_ManyResultsFromSingleCamera12Hours_ValidText" computerName="DKSR-EFI-04" duration="00:00:00.0949001" startTime="2023-12-22T09:39:07.7840570+01:00" endTime="2023-12-22T09:39:07.8818683+01:00" testType="13cdc9d9-ddb5-4fa4-a97d-d965ccfc6d4b" outcome="Passed" testListId="8c84fa94-04c1-424b-9868-57a2d4851a1d" relativeResultsDirectory="44460c29-97ea-4101-aa86-58fd0745f204" />
    <UnitTestResult executionId="ad2f97ce-af3c-439e-bc57-e79df0394beb" testId="2e79e419-e74e-f445-7799-1adbaa35d399" testName="GetWorkspaceToolbarItems_ShouldReturnNormalToolbarItemEnabledSetupToolbarItemDisabled_WhenWorkspaceStateIsNormal" computerName="DKSR-EFI-04" duration="00:00:00.0061335" startTime="2023-12-22T09:39:32.6444856+01:00" endTime="2023-12-22T09:39:32.6508523+01:00" testType="13cdc9d9-ddb5-4fa4-a97d-d965ccfc6d4b" outcome="Passed" testListId="8c84fa94-04c1-424b-9868-57a2d4851a1d" relativeResultsDirectory="ad2f97ce-af3c-439e-bc57-e79df0394beb" />
    <UnitTestResult executionId="5ac36bb5-5731-41fa-ab4d-044434751558" testId="c5afb81b-9473-e705-4713-ff021498a318" testName="CreateDefinition_ValidCategory_SearchStarted" computerName="DKSR-EFI-04" duration="00:00:00.0152681" startTime="2023-12-22T09:39:14.1532291+01:00" endTime="2023-12-22T09:39:14.1686433+01:00" testType="13cdc9d9-ddb5-4fa4-a97d-d965ccfc6d4b" outcome="Passed" testListId="8c84fa94-04c1-424b-9868-57a2d4851a1d" relativeResultsDirectory="5ac36bb5-5731-41fa-ab4d-044434751558" />
    <UnitTestResult executionId="cc40d443-2d09-4a7a-9fa4-97a35299eec0" testId="f8edaabc-4dde-c771-27c5-00bf75b12606" testName="PatrollingProfileListViewModel_ResolvePresetName_New_Preset" computerName="DKSR-EFI-04" duration="00:00:00.0023760" startTime="2023-12-22T09:39:32.1522533+01:00" endTime="2023-12-22T09:39:32.1547655+01:00" testType="13cdc9d9-ddb5-4fa4-a97d-d965ccfc6d4b" outcome="Passed" testListId="8c84fa94-04c1-424b-9868-57a2d4851a1d" relativeResultsDirectory="cc40d443-2d09-4a7a-9fa4-97a35299eec0" />
    <UnitTestResult executionId="cc63818c-aa5a-42a3-8f8d-5dbbb6e25149" testId="4e7ccc39-dfc0-cf1c-eb6a-128de9b59e45" testName="Compare_ShouldPrioritizeCombinedResultsWithMostTriggerTimesInTimespan_WhenAllTriggerTimesAreCounted" computerName="DKSR-EFI-04" duration="00:00:00.0006504" startTime="2023-12-22T09:39:14.6401325+01:00" endTime="2023-12-22T09:39:14.6409636+01:00" testType="13cdc9d9-ddb5-4fa4-a97d-d965ccfc6d4b" outcome="Passed" testListId="8c84fa94-04c1-424b-9868-57a2d4851a1d" relativeResultsDirectory="cc63818c-aa5a-42a3-8f8d-5dbbb6e25149" />
    <UnitTestResult executionId="54d6f008-72c3-4383-820e-acf0bd026d99" testId="3faa4dab-caeb-2298-7011-c6556cbbddc1" testName="IsSuperCluster_ShouldReturnFalse_WhenMapItemsClusterIsNull" computerName="DKSR-EFI-04" duration="00:00:00.0247628" startTime="2023-12-22T09:38:38.0071135+01:00" endTime="2023-12-22T09:38:38.0343478+01:00" testType="13cdc9d9-ddb5-4fa4-a97d-d965ccfc6d4b" outcome="Passed" testListId="8c84fa94-04c1-424b-9868-57a2d4851a1d" relativeResultsDirectory="54d6f008-72c3-4383-820e-acf0bd026d99" />
    <UnitTestResult executionId="f1190dad-892f-45bd-ad18-6533fac57250" testId="bab1654e-c8b6-f4c1-eb14-25680f0e8712" testName="SupportsRightClick_ShouldBeFalse_WhenInteractionStateIsNotNormal" computerName="DKSR-EFI-04" duration="00:00:00.0236255" startTime="2023-12-22T09:38:37.1029427+01:00" endTime="2023-12-22T09:38:37.1293650+01:00" testType="13cdc9d9-ddb5-4fa4-a97d-d965ccfc6d4b" outcome="Passed" testListId="8c84fa94-04c1-424b-9868-57a2d4851a1d" relativeResultsDirectory="f1190dad-892f-45bd-ad18-6533fac57250" />
    <UnitTestResult executionId="c1cb5524-3a61-4286-beff-768c7514f024" testId="682e27e5-2d38-b387-eab4-fececdef538a" testName="ValidateExportFormats_SmartClientPlayerFormat_ShouldNotReturnFailResult_ExportPathIsTooLong_WhenLongPathsEnabled (c:\aaaaaaaaaaaaaaaaaaaaaaaaaaaaaaaaaaaaaaaaaaaaaaaaaaaaaaaaaaaaaaaaaaaaaaaaaaaaaaaaaaaaaaaaaaaaaaaaaaaaaaaaaaaaaaaaaaaaaaaaaaaaaaaaaaaaaaaaaaaaaaaaaaaaaaaaaaaaaaaaaaaaaaaaaaaaaaaaaaaaaaa\aaaaaaaaaaaaaaaaaaaaaaaaaaaaaaaaaaaaaaaaaaaaaaaaaaaaaaaaaaaaaaaaaaaaaaaaaaaaaaaaaaaaaaaaaaaaaaaaaaaaaaaaaaaaaaaaaaaaaaaaaaaaaaaaaaaaaaaaaaaaaaaaaaaaaaaaaaaaaaaaaaaaaaaaaaaaaaaaaaaaaaa)" computerName="DKSR-EFI-04" duration="00:00:00.0072561" startTime="2023-12-22T09:38:40.8974325+01:00" endTime="2023-12-22T09:38:40.9048722+01:00" testType="13cdc9d9-ddb5-4fa4-a97d-d965ccfc6d4b" outcome="Passed" testListId="8c84fa94-04c1-424b-9868-57a2d4851a1d" relativeResultsDirectory="c1cb5524-3a61-4286-beff-768c7514f024" />
    <UnitTestResult executionId="e7724716-804c-4045-818e-6e71f4f35ec8" testId="06d7b27d-6e66-2e53-04a1-64a9308dafcb" testName="HandleGetDeviceData_ShouldReturnCameraData_WhenCameraKindAndExistingCameraId" computerName="DKSR-EFI-04" duration="00:00:00.1636763" startTime="2023-12-22T09:38:39.3820580+01:00" endTime="2023-12-22T09:38:39.5459137+01:00" testType="13cdc9d9-ddb5-4fa4-a97d-d965ccfc6d4b" outcome="Passed" testListId="8c84fa94-04c1-424b-9868-57a2d4851a1d" relativeResultsDirectory="e7724716-804c-4045-818e-6e71f4f35ec8" />
    <UnitTestResult executionId="ae66e331-23cd-4ca1-8d5d-1c61c1ec690b" testId="9fa629a2-e4bd-6a24-d824-4e64356e274f" testName="Passwords are not the same, higher length" computerName="DKSR-EFI-04" duration="00:00:00.0001396" startTime="2023-12-22T09:38:40.9729439+01:00" endTime="2023-12-22T09:38:40.9732201+01:00" testType="13cdc9d9-ddb5-4fa4-a97d-d965ccfc6d4b" outcome="Passed" testListId="8c84fa94-04c1-424b-9868-57a2d4851a1d" relativeResultsDirectory="ae66e331-23cd-4ca1-8d5d-1c61c1ec690b" />
    <UnitTestResult executionId="3d6cf2f5-f28e-47b5-a4c7-d90b82388265" testId="b162402f-2c1b-0582-f67d-d6b489572737" testName="ProvideValue_ReturnsThis" computerName="DKSR-EFI-04" duration="00:00:00.0002146" startTime="2023-12-22T09:38:59.0468010+01:00" endTime="2023-12-22T09:38:59.0472576+01:00" testType="13cdc9d9-ddb5-4fa4-a97d-d965ccfc6d4b" outcome="Passed" testListId="8c84fa94-04c1-424b-9868-57a2d4851a1d" relativeResultsDirectory="3d6cf2f5-f28e-47b5-a4c7-d90b82388265" />
    <UnitTestResult executionId="7b37257b-ab1f-409c-9307-f4e91f723636" testId="cea1f122-04c5-bf3d-5adc-09ad4dc7f7c2" testName="Ctor_CentralizedSearchStateWithNoSelectedSearchTemplate_ActiveSearchTemplateNotSet" computerName="DKSR-EFI-04" duration="00:00:00.0074933" startTime="2023-12-22T09:39:12.7692758+01:00" endTime="2023-12-22T09:39:12.7769418+01:00" testType="13cdc9d9-ddb5-4fa4-a97d-d965ccfc6d4b" outcome="Passed" testListId="8c84fa94-04c1-424b-9868-57a2d4851a1d" relativeResultsDirectory="7b37257b-ab1f-409c-9307-f4e91f723636" />
    <UnitTestResult executionId="b84c8476-fc03-4b87-97b8-0705167bf40e" testId="6c232766-0173-c070-73ea-ec002545c357" testName="Parse_Yesterday_Success" computerName="DKSR-EFI-04" duration="00:00:00.0001149" startTime="2023-12-22T09:39:13.9654448+01:00" endTime="2023-12-22T09:39:13.9657476+01:00" testType="13cdc9d9-ddb5-4fa4-a97d-d965ccfc6d4b" outcome="Passed" testListId="8c84fa94-04c1-424b-9868-57a2d4851a1d" relativeResultsDirectory="b84c8476-fc03-4b87-97b8-0705167bf40e" />
    <UnitTestResult executionId="7e6a9442-7c67-4489-a57e-28a316bc9da0" testId="31d5d148-0cd6-8d1e-0567-f1c07ae35162" testName="IncludeViewItemToggledEvent_ShouldAddViewItemToIncludedViewItems_WhenIncludedIsTrueOnContentHolderControl" computerName="DKSR-EFI-04" duration="00:00:00.0190067" startTime="2023-12-22T09:39:36.4283496+01:00" endTime="2023-12-22T09:39:36.4509802+01:00" testType="13cdc9d9-ddb5-4fa4-a97d-d965ccfc6d4b" outcome="Passed" testListId="8c84fa94-04c1-424b-9868-57a2d4851a1d" relativeResultsDirectory="7e6a9442-7c67-4489-a57e-28a316bc9da0" />
    <UnitTestResult executionId="b69498b0-0390-4ee2-84e2-87fdd153afc4" testId="1153276a-4acc-8389-9593-9aed2f86bdf6" testName="Toolbar_IsVisible_WhenInLive" computerName="DKSR-EFI-04" duration="00:00:00.0174927" startTime="2023-12-22T09:39:33.1143487+01:00" endTime="2023-12-22T09:39:33.1320179+01:00" testType="13cdc9d9-ddb5-4fa4-a97d-d965ccfc6d4b" outcome="Passed" testListId="8c84fa94-04c1-424b-9868-57a2d4851a1d" relativeResultsDirectory="b69498b0-0390-4ee2-84e2-87fdd153afc4" />
    <UnitTestResult executionId="f6a91ea6-64a3-4f0a-813d-b75fa77b4ed5" testId="772d579c-1f25-0ecf-1421-f86f202fcaa5" testName="TestConstructor_CastToPolygon_Success" computerName="DKSR-EFI-04" duration="00:00:00.0001111" startTime="2023-12-22T09:39:28.0334870+01:00" endTime="2023-12-22T09:39:28.0337295+01:00" testType="13cdc9d9-ddb5-4fa4-a97d-d965ccfc6d4b" outcome="Passed" testListId="8c84fa94-04c1-424b-9868-57a2d4851a1d" relativeResultsDirectory="f6a91ea6-64a3-4f0a-813d-b75fa77b4ed5" />
    <UnitTestResult executionId="e9802c33-47f4-40ce-87d6-5ae0f2f270ad" testId="60bdbe1c-556f-ee06-0399-2842675c306a" testName="NavigateAndSelectAsync_SelectAdditionalCamera_ReCenterCommandEnabled" computerName="DKSR-EFI-04" duration="00:00:00.0265168" startTime="2023-12-22T09:38:34.6478371+01:00" endTime="2023-12-22T09:38:34.6769310+01:00" testType="13cdc9d9-ddb5-4fa4-a97d-d965ccfc6d4b" outcome="Passed" testListId="8c84fa94-04c1-424b-9868-57a2d4851a1d" relativeResultsDirectory="e9802c33-47f4-40ce-87d6-5ae0f2f270ad" />
    <UnitTestResult executionId="55ec8100-e0a0-4ef3-a836-a67501333d11" testId="483cfce3-3ff7-5b57-4c23-5d8fbcaf1d0a" testName="GetSnapshots_PathTooLong_Failure" computerName="DKSR-EFI-04" duration="00:00:00.0374664" startTime="2023-12-22T09:39:13.7311558+01:00" endTime="2023-12-22T09:39:13.7687826+01:00" testType="13cdc9d9-ddb5-4fa4-a97d-d965ccfc6d4b" outcome="Passed" testListId="8c84fa94-04c1-424b-9868-57a2d4851a1d" relativeResultsDirectory="55ec8100-e0a0-4ef3-a836-a67501333d11" />
    <UnitTestResult executionId="715e1df9-cb35-443e-b191-380d3c15b5a8" testId="6d90f09d-ac26-1a78-00bb-8e50418f096e" testName="MoveToTop_ShouldNotChangeZOrder_WhenItemIdIsNotFound" computerName="DKSR-EFI-04" duration="00:00:00.0052078" startTime="2023-12-22T09:38:35.2814236+01:00" endTime="2023-12-22T09:38:35.2889427+01:00" testType="13cdc9d9-ddb5-4fa4-a97d-d965ccfc6d4b" outcome="Passed" testListId="8c84fa94-04c1-424b-9868-57a2d4851a1d" relativeResultsDirectory="715e1df9-cb35-443e-b191-380d3c15b5a8" />
    <UnitTestResult executionId="a226652b-4f8f-4a70-8ab7-2945a75e542f" testId="026dfb6f-c080-58ce-2d5a-796a4588997d" testName="PtzSessionControllerInfoConstructorTest_From_PtzSessionInfo_Other_User" computerName="DKSR-EFI-04" duration="00:00:00.0005056" startTime="2023-12-22T09:38:32.1783010+01:00" endTime="2023-12-22T09:38:32.1789226+01:00" testType="13cdc9d9-ddb5-4fa4-a97d-d965ccfc6d4b" outcome="Passed" testListId="8c84fa94-04c1-424b-9868-57a2d4851a1d" relativeResultsDirectory="a226652b-4f8f-4a70-8ab7-2945a75e542f" />
    <UnitTestResult executionId="12c31af8-cfcd-4e2a-be02-29e28546d5f5" testId="47ac3dda-7749-2f44-950d-c0fd39257f55" testName="AudioControllerOnDevicesLockEvent_ShouldDisableMicrophones_WhenLockingAudioDevicesAndApplicationIsInLiveMode" computerName="DKSR-EFI-04" duration="00:00:00.0145318" startTime="2023-12-22T09:39:29.5006313+01:00" endTime="2023-12-22T09:39:29.5184499+01:00" testType="13cdc9d9-ddb5-4fa4-a97d-d965ccfc6d4b" outcome="Passed" testListId="8c84fa94-04c1-424b-9868-57a2d4851a1d" relativeResultsDirectory="12c31af8-cfcd-4e2a-be02-29e28546d5f5" />
    <UnitTestResult executionId="05f0b964-c041-471f-b363-dec371827ec2" testId="5fd77bc3-628f-79b5-9bc7-14dea7ab0867" testName="SmartMapGetPositionRequestHandler_WhenDataIsNotSmartMapGetPositionRequestData_ShouldWriteToLog" computerName="DKSR-EFI-04" duration="00:00:00.0014109" startTime="2023-12-22T09:38:38.6523039+01:00" endTime="2023-12-22T09:38:38.6538386+01:00" testType="13cdc9d9-ddb5-4fa4-a97d-d965ccfc6d4b" outcome="Passed" testListId="8c84fa94-04c1-424b-9868-57a2d4851a1d" relativeResultsDirectory="05f0b964-c041-471f-b363-dec371827ec2" />
    <UnitTestResult executionId="274ee987-6e25-4e7a-bf6c-a3b0f6c5834c" testId="6bca5693-82fe-719f-17b6-6224c9668233" testName="UserHasCreatePublicSearchPermission_HasCreatePermission_ReturnsTrue" computerName="DKSR-EFI-04" duration="00:00:00.0004158" startTime="2023-12-22T09:39:13.9499995+01:00" endTime="2023-12-22T09:39:13.9505543+01:00" testType="13cdc9d9-ddb5-4fa4-a97d-d965ccfc6d4b" outcome="Passed" testListId="8c84fa94-04c1-424b-9868-57a2d4851a1d" relativeResultsDirectory="274ee987-6e25-4e7a-bf6c-a3b0f6c5834c" />
    <UnitTestResult executionId="88d51ca8-78e4-4652-b7cf-95a65b3dcc81" testId="47771962-fd80-aab3-ebc0-33717839eb97" testName="GetMutedMicrophoneIconId_ShouldReturnValidMutedMicrophoneIconId_WhenValidUnmutedMicrophoneIconIdIsProvided" computerName="DKSR-EFI-04" duration="00:00:00.0001927" startTime="2023-12-22T09:39:29.0743051+01:00" endTime="2023-12-22T09:39:29.0746320+01:00" testType="13cdc9d9-ddb5-4fa4-a97d-d965ccfc6d4b" outcome="Passed" testListId="8c84fa94-04c1-424b-9868-57a2d4851a1d" relativeResultsDirectory="88d51ca8-78e4-4652-b7cf-95a65b3dcc81" />
    <UnitTestResult executionId="fe756ce6-c01b-4560-b40a-d82bba7a0dd4" testId="b9339d47-1b08-2f87-b4ed-bf554f7069bd" testName="TestForAssemblyCoverage" computerName="DKSR-EFI-04" duration="00:00:00.0033576" startTime="2023-12-22T09:38:32.5675455+01:00" endTime="2023-12-22T09:38:32.5711464+01:00" testType="13cdc9d9-ddb5-4fa4-a97d-d965ccfc6d4b" outcome="Passed" testListId="8c84fa94-04c1-424b-9868-57a2d4851a1d" relativeResultsDirectory="fe756ce6-c01b-4560-b40a-d82bba7a0dd4" />
    <UnitTestResult executionId="fbfc2d84-06ce-4137-8ee3-1a16c5db0237" testId="025863ce-ac84-e56c-d6b6-947b70b4b25d" testName="OnLoaded_NullFactory_DoesNotCrash" computerName="DKSR-EFI-04" duration="00:00:00.0048875" startTime="2023-12-22T09:39:09.9996322+01:00" endTime="2023-12-22T09:39:10.0072477+01:00" testType="13cdc9d9-ddb5-4fa4-a97d-d965ccfc6d4b" outcome="Passed" testListId="8c84fa94-04c1-424b-9868-57a2d4851a1d" relativeResultsDirectory="fbfc2d84-06ce-4137-8ee3-1a16c5db0237" />
    <UnitTestResult executionId="7349b437-efab-4ca8-a34d-f6b8cdfc9312" testId="b3f386a5-07aa-a732-a6bd-e0f6659489a9" testName="DrawCore_ShouldDisplayClusterMarkers_WhenClusteringEnabled" computerName="DKSR-EFI-04" duration="00:00:00.1348355" startTime="2023-12-22T09:38:35.3435364+01:00" endTime="2023-12-22T09:38:35.4810426+01:00" testType="13cdc9d9-ddb5-4fa4-a97d-d965ccfc6d4b" outcome="Passed" testListId="8c84fa94-04c1-424b-9868-57a2d4851a1d" relativeResultsDirectory="7349b437-efab-4ca8-a34d-f6b8cdfc9312" />
    <UnitTestResult executionId="ffce1a5b-7054-4e6f-9d5b-1e53bf115454" testId="bb9524ad-acf8-1507-0ed6-9348671a86fe" testName="Tokenizer_Test" computerName="DKSR-EFI-04" duration="00:00:00.0005254" startTime="2023-12-22T09:39:39.3605036+01:00" endTime="2023-12-22T09:39:39.3613101+01:00" testType="13cdc9d9-ddb5-4fa4-a97d-d965ccfc6d4b" outcome="Passed" testListId="8c84fa94-04c1-424b-9868-57a2d4851a1d" relativeResultsDirectory="ffce1a5b-7054-4e6f-9d5b-1e53bf115454" />
    <UnitTestResult executionId="5b12fb45-09b9-4c8d-933a-f4f2e8b49326" testId="2f768a08-79d1-a2fa-f632-631b61e890cb" testName="Model_UpdateBuildingMapItems_Success" computerName="DKSR-EFI-04" duration="00:00:00.0496015" startTime="2023-12-22T09:39:28.2409662+01:00" endTime="2023-12-22T09:39:28.2907604+01:00" testType="13cdc9d9-ddb5-4fa4-a97d-d965ccfc6d4b" outcome="Passed" testListId="8c84fa94-04c1-424b-9868-57a2d4851a1d" relativeResultsDirectory="5b12fb45-09b9-4c8d-933a-f4f2e8b49326" />
    <UnitTestResult executionId="f4652280-7d46-4dac-8839-8daa7aa594c0" testId="4c079a3c-32b1-18a2-0888-498e65e1e695" testName="AddSelectedCameras_TooManyCamerasMultiple_AddedUntilMaxAndWarningMessageDisplayed" computerName="DKSR-EFI-04" duration="00:00:00.0257188" startTime="2023-12-22T09:39:11.9061045+01:00" endTime="2023-12-22T09:39:11.9320136+01:00" testType="13cdc9d9-ddb5-4fa4-a97d-d965ccfc6d4b" outcome="Passed" testListId="8c84fa94-04c1-424b-9868-57a2d4851a1d" relativeResultsDirectory="f4652280-7d46-4dac-8839-8daa7aa594c0" />
    <UnitTestResult executionId="781fc0bc-4969-4ab5-a31b-aadcded66efa" testId="b8dcd7c2-d643-4004-06b6-71dd24bea1c1" testName="CameraMapItem_AddWithViewZone_EvsServer_Success" computerName="DKSR-EFI-04" duration="00:00:00.0588965" startTime="2023-12-22T09:39:27.3664302+01:00" endTime="2023-12-22T09:39:27.4255221+01:00" testType="13cdc9d9-ddb5-4fa4-a97d-d965ccfc6d4b" outcome="Passed" testListId="8c84fa94-04c1-424b-9868-57a2d4851a1d" relativeResultsDirectory="781fc0bc-4969-4ab5-a31b-aadcded66efa" />
    <UnitTestResult executionId="9ee1c305-63d6-4f61-9105-846fb241b56d" testId="fe450cea-9ffb-3719-460a-cf60fe446421" testName="SearchAction_Carrousel_LiveMode" computerName="DKSR-EFI-04" duration="00:00:00.0848334" startTime="2023-12-22T09:39:34.1231970+01:00" endTime="2023-12-22T09:39:34.2082169+01:00" testType="13cdc9d9-ddb5-4fa4-a97d-d965ccfc6d4b" outcome="Passed" testListId="8c84fa94-04c1-424b-9868-57a2d4851a1d" relativeResultsDirectory="9ee1c305-63d6-4f61-9105-846fb241b56d" />
    <UnitTestResult executionId="9a1b3968-a5d9-42f1-b206-7037e6b20891" testId="80e1e452-82cf-b088-db40-d28f7d32c62d" testName="Export when Playback" computerName="DKSR-EFI-04" duration="00:00:00.0179243" startTime="2023-12-22T09:39:32.6751425+01:00" endTime="2023-12-22T09:39:32.8945907+01:00" testType="13cdc9d9-ddb5-4fa4-a97d-d965ccfc6d4b" outcome="Passed" testListId="8c84fa94-04c1-424b-9868-57a2d4851a1d" relativeResultsDirectory="9a1b3968-a5d9-42f1-b206-7037e6b20891" />
    <UnitTestResult executionId="f2c41684-0f9b-4332-8915-a9ddeb43897e" testId="7a75352d-c73e-5868-4a6f-939343fd10a2" testName="PtzSessionControllerInfoConstructorTest_Success" computerName="DKSR-EFI-04" duration="00:00:00.0012170" startTime="2023-12-22T09:38:32.1634292+01:00" endTime="2023-12-22T09:38:32.1647720+01:00" testType="13cdc9d9-ddb5-4fa4-a97d-d965ccfc6d4b" outcome="Passed" testListId="8c84fa94-04c1-424b-9868-57a2d4851a1d" relativeResultsDirectory="f2c41684-0f9b-4332-8915-a9ddeb43897e" />
    <UnitTestResult executionId="c383b8a7-8d1e-4697-8bf8-d1e541c0cbf8" testId="0e950736-8c33-6909-c85f-78e931c25e77" testName="TryAddInterval_ShouldReturnCorrectValue (True,True,Success)" computerName="DKSR-EFI-04" duration="00:00:00.0142993" startTime="2023-12-22T09:39:33.4228319+01:00" endTime="2023-12-22T09:39:33.4374614+01:00" testType="13cdc9d9-ddb5-4fa4-a97d-d965ccfc6d4b" outcome="Passed" testListId="8c84fa94-04c1-424b-9868-57a2d4851a1d" relativeResultsDirectory="c383b8a7-8d1e-4697-8bf8-d1e541c0cbf8" />
    <UnitTestResult executionId="26f84851-35c2-448d-b798-55e845026b8a" testId="7b5ff511-526b-7adf-f4f4-c89931ab0b4e" testName="SetLayerFeatures_ShouldRaiseArgumentException_WhenNoneCameraKindAndCameraLayerFeatures" computerName="DKSR-EFI-04" duration="00:00:00.0016852" startTime="2023-12-22T09:39:31.3832868+01:00" endTime="2023-12-22T09:39:31.3851374+01:00" testType="13cdc9d9-ddb5-4fa4-a97d-d965ccfc6d4b" outcome="Passed" testListId="8c84fa94-04c1-424b-9868-57a2d4851a1d" relativeResultsDirectory="26f84851-35c2-448d-b798-55e845026b8a" />
    <UnitTestResult executionId="9c1d28cb-bcd9-45f7-9e3d-6ce59f4a7ded" testId="d01a472c-8c79-6237-bbd9-99dcce00cbb8" testName="Constructor_ShouldThrowArgumentNullException_WhenStateManagerIsNull" computerName="DKSR-EFI-04" duration="00:00:00.0019532" startTime="2023-12-22T09:39:32.3466288+01:00" endTime="2023-12-22T09:39:32.3487484+01:00" testType="13cdc9d9-ddb5-4fa4-a97d-d965ccfc6d4b" outcome="Passed" testListId="8c84fa94-04c1-424b-9868-57a2d4851a1d" relativeResultsDirectory="9c1d28cb-bcd9-45f7-9e3d-6ce59f4a7ded" />
    <UnitTestResult executionId="fda56d23-4350-43f8-8ba3-aaae87141b38" testId="907e6cbe-4234-cd51-c51e-c0122588864e" testName="MonitorsAreSortedCorrectly" computerName="DKSR-EFI-04" duration="00:00:00.0041883" startTime="2023-12-22T09:39:33.2701542+01:00" endTime="2023-12-22T09:39:33.2744847+01:00" testType="13cdc9d9-ddb5-4fa4-a97d-d965ccfc6d4b" outcome="Passed" testListId="8c84fa94-04c1-424b-9868-57a2d4851a1d" relativeResultsDirectory="fda56d23-4350-43f8-8ba3-aaae87141b38" />
    <UnitTestResult executionId="ffb86914-b00e-46f8-97f4-b1b7b329ca79" testId="2d9d257b-dc7a-dd0a-92c1-64a2f9201d0f" testName="LoadInitialState_OfflineMode_ReturnsStateWithTimeScopeFromOfflineManager" computerName="DKSR-EFI-04" duration="00:00:00.0065270" startTime="2023-12-22T09:38:41.1349345+01:00" endTime="2023-12-22T09:38:41.1416097+01:00" testType="13cdc9d9-ddb5-4fa4-a97d-d965ccfc6d4b" outcome="Passed" testListId="8c84fa94-04c1-424b-9868-57a2d4851a1d" relativeResultsDirectory="ffb86914-b00e-46f8-97f4-b1b7b329ca79" />
    <UnitTestResult executionId="fb48ffc3-6444-4b7d-8c16-449304eaccde" testId="cd274a06-2388-99e3-3a1d-9499479d5159" testName="GetWorkspaceToolbarItems_ShouldReturnNoToolbarItems_WhenNoPluginsAndPluginGroupsAreSet" computerName="DKSR-EFI-04" duration="00:00:00.0093196" startTime="2023-12-22T09:39:32.4783149+01:00" endTime="2023-12-22T09:39:32.4879591+01:00" testType="13cdc9d9-ddb5-4fa4-a97d-d965ccfc6d4b" outcome="Passed" testListId="8c84fa94-04c1-424b-9868-57a2d4851a1d" relativeResultsDirectory="fb48ffc3-6444-4b7d-8c16-449304eaccde" />
    <UnitTestResult executionId="592e06dc-5411-4474-93ba-e526947a9f1f" testId="64bb4b70-7e25-7afc-6d81-0c3474ed7a2b" testName="TimeLineInformationDataDto_ShouldYieldSameValues_WhenRoundTripConverted" computerName="DKSR-EFI-04" duration="00:00:00.0016242" startTime="2023-12-22T09:38:29.7464876+01:00" endTime="2023-12-22T09:38:29.7482202+01:00" testType="13cdc9d9-ddb5-4fa4-a97d-d965ccfc6d4b" outcome="Passed" testListId="8c84fa94-04c1-424b-9868-57a2d4851a1d" relativeResultsDirectory="592e06dc-5411-4474-93ba-e526947a9f1f" />
    <UnitTestResult executionId="3df8082f-bc3d-4b6c-876b-b2aa7e88b3d4" testId="5e38d847-a6e1-c044-80d4-91e6d7b293f2" testName="ShouldCameraListItemBeEnabledForCamera_ShouldReturnTrue_WhenSmartSearchIsAllowedForTheCamera" computerName="DKSR-EFI-04" duration="00:00:00.0013931" startTime="2023-12-22T09:39:26.2866844+01:00" endTime="2023-12-22T09:39:26.2882556+01:00" testType="13cdc9d9-ddb5-4fa4-a97d-d965ccfc6d4b" outcome="Passed" testListId="8c84fa94-04c1-424b-9868-57a2d4851a1d" relativeResultsDirectory="3df8082f-bc3d-4b6c-876b-b2aa7e88b3d4" />
    <UnitTestResult executionId="e5c4b368-8bb8-4df9-a645-baa48fb757e0" testId="a2522359-b2a2-5229-47e0-a441d8ac2c1e" testName="Decorate_ShouldRaiseArgumentNullException_WhenLayerVisibilityItemDataIsNull" computerName="DKSR-EFI-04" duration="00:00:00.0003801" startTime="2023-12-22T09:38:34.8920110+01:00" endTime="2023-12-22T09:38:34.8926503+01:00" testType="13cdc9d9-ddb5-4fa4-a97d-d965ccfc6d4b" outcome="Passed" testListId="8c84fa94-04c1-424b-9868-57a2d4851a1d" relativeResultsDirectory="e5c4b368-8bb8-4df9-a645-baa48fb757e0" />
    <UnitTestResult executionId="64a331f5-e247-4880-9378-ec9396f105d8" testId="34c107db-e9ce-df15-620e-0ed84eb2d0d6" testName="DisplayErrorOnNotificationArea_DeviceSearchError_Success" computerName="DKSR-EFI-04" duration="00:00:00.0076208" startTime="2023-12-22T09:39:12.9929939+01:00" endTime="2023-12-22T09:39:13.0007813+01:00" testType="13cdc9d9-ddb5-4fa4-a97d-d965ccfc6d4b" outcome="Passed" testListId="8c84fa94-04c1-424b-9868-57a2d4851a1d" relativeResultsDirectory="64a331f5-e247-4880-9378-ec9396f105d8" />
    <UnitTestResult executionId="6ff40d64-eb5b-42b5-b81a-937dab9bbaca" testId="1f3c2e70-43ac-a9e9-ce4b-d72a9af7f0f0" testName="TryGetEventServerIdByACSystemId_ShouldReturnFalse_WhenEventServerIdIsNotPartOfServerConfiguredAccessControlSystemsDictionary" computerName="DKSR-EFI-04" duration="00:00:00.0002804" startTime="2023-12-22T09:39:39.5139478+01:00" endTime="2023-12-22T09:39:39.5143740+01:00" testType="13cdc9d9-ddb5-4fa4-a97d-d965ccfc6d4b" outcome="Passed" testListId="8c84fa94-04c1-424b-9868-57a2d4851a1d" relativeResultsDirectory="6ff40d64-eb5b-42b5-b81a-937dab9bbaca" />
    <UnitTestResult executionId="6148dda1-121a-45d1-a0a2-095094c30e8e" testId="2373c7df-8688-ecca-12e2-43612d6b960f" testName="TestChangeProperties_Outline_Success" computerName="DKSR-EFI-04" duration="00:00:00.0064277" startTime="2023-12-22T09:39:26.3742521+01:00" endTime="2023-12-22T09:39:26.3808270+01:00" testType="13cdc9d9-ddb5-4fa4-a97d-d965ccfc6d4b" outcome="Passed" testListId="8c84fa94-04c1-424b-9868-57a2d4851a1d" relativeResultsDirectory="6148dda1-121a-45d1-a0a2-095094c30e8e" />
    <UnitTestResult executionId="514794c8-9e24-4f73-a07f-cfb14d83bfcf" testId="885e02ef-e416-e860-c427-66861a1cef8a" testName="LoginPlugins_ShouldContainOneAccessControlLoginPluginElement_WhenCloseHasBeenPreviouslyCalled" computerName="DKSR-EFI-04" duration="00:00:00.0016474" startTime="2023-12-22T09:39:39.8098676+01:00" endTime="2023-12-22T09:39:39.8116597+01:00" testType="13cdc9d9-ddb5-4fa4-a97d-d965ccfc6d4b" outcome="Passed" testListId="8c84fa94-04c1-424b-9868-57a2d4851a1d" relativeResultsDirectory="514794c8-9e24-4f73-a07f-cfb14d83bfcf" />
    <UnitTestResult executionId="6de06025-42ce-457f-8b03-2f0fd730a555" testId="dd8d755a-3eba-5a94-2039-0ce20505a681" testName="ActiveInteractionStateBinding_ShouldOnlyContainNormal_WhenCtorIsCalled" computerName="DKSR-EFI-04" duration="00:00:00.0133310" startTime="2023-12-22T09:38:36.4682119+01:00" endTime="2023-12-22T09:38:36.4841627+01:00" testType="13cdc9d9-ddb5-4fa4-a97d-d965ccfc6d4b" outcome="Passed" testListId="8c84fa94-04c1-424b-9868-57a2d4851a1d" relativeResultsDirectory="6de06025-42ce-457f-8b03-2f0fd730a555" />
    <UnitTestResult executionId="5dadf5b4-aacb-4f83-92df-309f9082c0f1" testId="7b659e8c-3001-c494-d28a-2939a6d49456" testName="ToDenormalizedDirection_Minus0_75" computerName="DKSR-EFI-04" duration="00:00:00.0000810" startTime="2023-12-22T09:39:26.7977121+01:00" endTime="2023-12-22T09:39:26.7979162+01:00" testType="13cdc9d9-ddb5-4fa4-a97d-d965ccfc6d4b" outcome="Passed" testListId="8c84fa94-04c1-424b-9868-57a2d4851a1d" relativeResultsDirectory="5dadf5b4-aacb-4f83-92df-309f9082c0f1" />
    <UnitTestResult executionId="9315e360-c349-4891-b0b2-9e08bc45100f" testId="4cca1d5f-44b2-3473-1e35-1d77003b5df5" testName="LoadBoundingShapes_RectangleShapeWithNegativeWidth_NotAddedToUI" computerName="DKSR-EFI-04" duration="00:00:00.0139066" startTime="2023-12-22T09:39:25.9338032+01:00" endTime="2023-12-22T09:39:25.9504501+01:00" testType="13cdc9d9-ddb5-4fa4-a97d-d965ccfc6d4b" outcome="Passed" testListId="8c84fa94-04c1-424b-9868-57a2d4851a1d" relativeResultsDirectory="9315e360-c349-4891-b0b2-9e08bc45100f" />
    <UnitTestResult executionId="807bd701-635b-4d17-87c5-ab7229e5d4cd" testId="ea3dc3ca-b9db-c951-f087-38b03fc1d7df" testName="RemoveItems_SingleMapItem_OneClusterChange" computerName="DKSR-EFI-04" duration="00:00:00.0102708" startTime="2023-12-22T09:39:32.0329118+01:00" endTime="2023-12-22T09:39:32.0433317+01:00" testType="13cdc9d9-ddb5-4fa4-a97d-d965ccfc6d4b" outcome="Passed" testListId="8c84fa94-04c1-424b-9868-57a2d4851a1d" relativeResultsDirectory="807bd701-635b-4d17-87c5-ab7229e5d4cd" />
    <UnitTestResult executionId="172c3aa1-341c-4bc1-a1a2-b93e8b3f2a59" testId="310bd126-7eaa-5bf4-39f9-05d7e2e492eb" testName="MakeId_ShouldGenerateSameId_WhenResultsChangeOrderButResultsAreSame" computerName="DKSR-EFI-04" duration="00:00:00.0002987" startTime="2023-12-22T09:39:14.6078853+01:00" endTime="2023-12-22T09:39:14.6083166+01:00" testType="13cdc9d9-ddb5-4fa4-a97d-d965ccfc6d4b" outcome="Passed" testListId="8c84fa94-04c1-424b-9868-57a2d4851a1d" relativeResultsDirectory="172c3aa1-341c-4bc1-a1a2-b93e8b3f2a59" />
    <UnitTestResult executionId="928775af-e309-4c9a-9dc4-fdc291fd90b7" testId="3147bc1a-6400-429f-1c8f-cd7dc6defaa1" testName="PopulateTooltip_ManyResultsFromFewCameras12Hours_ValidText" computerName="DKSR-EFI-04" duration="00:00:00.1310036" startTime="2023-12-22T09:39:08.0186473+01:00" endTime="2023-12-22T09:39:08.1522995+01:00" testType="13cdc9d9-ddb5-4fa4-a97d-d965ccfc6d4b" outcome="Passed" testListId="8c84fa94-04c1-424b-9868-57a2d4851a1d" relativeResultsDirectory="928775af-e309-4c9a-9dc4-fdc291fd90b7" />
    <UnitTestResult executionId="cd84a976-dceb-4def-8735-b294450650df" testId="27940d64-03df-8f28-2a77-22152c4e2bc7" testName="IsSearchInProgressChanged_Success" computerName="DKSR-EFI-04" duration="00:00:00.0046409" startTime="2023-12-22T09:39:11.5270485+01:00" endTime="2023-12-22T09:39:11.5318250+01:00" testType="13cdc9d9-ddb5-4fa4-a97d-d965ccfc6d4b" outcome="Passed" testListId="8c84fa94-04c1-424b-9868-57a2d4851a1d" relativeResultsDirectory="cd84a976-dceb-4def-8735-b294450650df" />
    <UnitTestResult executionId="db1e3b67-5033-4d2e-b88e-58d422fe0d17" testId="e00615fe-3a8d-1512-20d9-8abe6916016f" testName="SelectTemplate_CheckBoxFilterConfiguration_ReturnsInlineTemplate" computerName="DKSR-EFI-04" duration="00:00:00.0005749" startTime="2023-12-22T09:38:41.2910209+01:00" endTime="2023-12-22T09:38:41.2917120+01:00" testType="13cdc9d9-ddb5-4fa4-a97d-d965ccfc6d4b" outcome="Passed" testListId="8c84fa94-04c1-424b-9868-57a2d4851a1d" relativeResultsDirectory="db1e3b67-5033-4d2e-b88e-58d422fe0d17" />
    <UnitTestResult executionId="653c22eb-59fa-47a1-8eb0-4b274168e959" testId="efe4db7d-9fc9-dd9f-492e-e4ff6529fb1e" testName="SerializeDeserialize_ExcludeNotPersistedProperties_Success" computerName="DKSR-EFI-04" duration="00:00:00.0008939" startTime="2023-12-22T09:39:34.2992355+01:00" endTime="2023-12-22T09:39:34.3002650+01:00" testType="13cdc9d9-ddb5-4fa4-a97d-d965ccfc6d4b" outcome="Passed" testListId="8c84fa94-04c1-424b-9868-57a2d4851a1d" relativeResultsDirectory="653c22eb-59fa-47a1-8eb0-4b274168e959" />
    <UnitTestResult executionId="ad4ee40b-ad9e-4a34-804e-74b7319fd631" testId="575a32bf-8dea-b537-a592-8290f971bf09" testName="LoadSearchTemplate_ActiveToNewActive_UpdateAndEvent" computerName="DKSR-EFI-04" duration="00:00:00.0005584" startTime="2023-12-22T09:39:13.8932486+01:00" endTime="2023-12-22T09:39:13.8939496+01:00" testType="13cdc9d9-ddb5-4fa4-a97d-d965ccfc6d4b" outcome="Passed" testListId="8c84fa94-04c1-424b-9868-57a2d4851a1d" relativeResultsDirectory="ad4ee40b-ad9e-4a34-804e-74b7319fd631" />
    <UnitTestResult executionId="1fd07029-43a4-4a8d-913a-62f5d0a45ce8" testId="bf38d087-b471-df6a-7d14-7824df80030c" testName="AddItems_ShouldAcceptItems_WhenItemsAreOfDifferentTypes" computerName="DKSR-EFI-04" duration="00:00:00.0140953" startTime="2023-12-22T09:39:31.8890622+01:00" endTime="2023-12-22T09:39:31.9033412+01:00" testType="13cdc9d9-ddb5-4fa4-a97d-d965ccfc6d4b" outcome="Passed" testListId="8c84fa94-04c1-424b-9868-57a2d4851a1d" relativeResultsDirectory="1fd07029-43a4-4a8d-913a-62f5d0a45ce8" />
    <UnitTestResult executionId="d93cefda-3494-4aeb-acf9-cd5dce3ff161" testId="f5f7c350-0036-6cce-ab16-407f71b81cb4" testName="SidePanelToggleButtonIsVisible_DependingOnConditions (FullScreen,True,True,False)" computerName="DKSR-EFI-04" duration="00:00:00.0174175" startTime="2023-12-22T09:39:33.0517751+01:00" endTime="2023-12-22T09:39:33.0694528+01:00" testType="13cdc9d9-ddb5-4fa4-a97d-d965ccfc6d4b" outcome="Passed" testListId="8c84fa94-04c1-424b-9868-57a2d4851a1d" relativeResultsDirectory="d93cefda-3494-4aeb-acf9-cd5dce3ff161" />
    <UnitTestResult executionId="03fa95d2-60e0-4d8c-add4-45e9e507a984" testId="bbef5494-4e92-f5fc-3633-d07397508d79" testName="DeviceIcons_ShouldBeCached_WhenCalled" computerName="DKSR-EFI-04" duration="00:00:00.0002481" startTime="2023-12-22T09:39:29.0500793+01:00" endTime="2023-12-22T09:39:29.0505549+01:00" testType="13cdc9d9-ddb5-4fa4-a97d-d965ccfc6d4b" outcome="Passed" testListId="8c84fa94-04c1-424b-9868-57a2d4851a1d" relativeResultsDirectory="03fa95d2-60e0-4d8c-add4-45e9e507a984" />
    <UnitTestResult executionId="d0dfb098-a8eb-4d9f-b865-127300324a01" testId="ecf13227-e49d-1db7-a97a-21cf256d2c96" testName="ShowOrHidePartialResultsCommand_Triggered_ButtonTextChanged" computerName="DKSR-EFI-04" duration="00:00:00.0013404" startTime="2023-12-22T09:39:10.2740104+01:00" endTime="2023-12-22T09:39:10.2754928+01:00" testType="13cdc9d9-ddb5-4fa4-a97d-d965ccfc6d4b" outcome="Passed" testListId="8c84fa94-04c1-424b-9868-57a2d4851a1d" relativeResultsDirectory="d0dfb098-a8eb-4d9f-b865-127300324a01" />
    <UnitTestResult executionId="88704628-195a-4412-8f84-47e3f4379fc4" testId="69ce5361-06cb-10c5-3157-d27adff1ce44" testName="AddSelectedWindowsToExport_ShouldShowCorrectToastMessages (1,1,0)" computerName="DKSR-EFI-04" duration="00:00:00.0021616" startTime="2023-12-22T09:39:33.7316967+01:00" endTime="2023-12-22T09:39:33.7340290+01:00" testType="13cdc9d9-ddb5-4fa4-a97d-d965ccfc6d4b" outcome="Passed" testListId="8c84fa94-04c1-424b-9868-57a2d4851a1d" relativeResultsDirectory="88704628-195a-4412-8f84-47e3f4379fc4" />
    <UnitTestResult executionId="5c33d562-5a2e-4fa5-b133-1ec39e07063e" testId="f56230b0-cb3e-b433-0b22-beaca6317724" testName="SearchResultsActionBarActions_Export_OptionFormatAvailable_OtherExportOptionsUnavailable_NotVisible" computerName="DKSR-EFI-04" duration="00:00:00.0065320" startTime="2023-12-22T09:39:10.7698402+01:00" endTime="2023-12-22T09:39:10.7765157+01:00" testType="13cdc9d9-ddb5-4fa4-a97d-d965ccfc6d4b" outcome="Passed" testListId="8c84fa94-04c1-424b-9868-57a2d4851a1d" relativeResultsDirectory="5c33d562-5a2e-4fa5-b133-1ec39e07063e" />
    <UnitTestResult executionId="8ff9e862-06f3-4c1e-970f-fd456984dc4e" testId="e0ca0f50-e0fe-3af6-65f6-228d57aa9d13" testName="Constructor_ShouldThrowAnException_WhenWorkspaceToolbarPluginIsNull" computerName="DKSR-EFI-04" duration="00:00:00.0035417" startTime="2023-12-22T09:39:33.8714692+01:00" endTime="2023-12-22T09:39:33.8773194+01:00" testType="13cdc9d9-ddb5-4fa4-a97d-d965ccfc6d4b" outcome="Passed" testListId="8c84fa94-04c1-424b-9868-57a2d4851a1d" relativeResultsDirectory="8ff9e862-06f3-4c1e-970f-fd456984dc4e" />
    <UnitTestResult executionId="90090404-1515-4316-b3e3-4182c665e75c" testId="98e4ae88-2a6f-4ea6-fc3c-66faedd2526c" testName="AttributeValueGet_NotNullValue_Success" computerName="DKSR-EFI-04" duration="00:00:00.0101902" startTime="2023-12-22T09:39:26.1696962+01:00" endTime="2023-12-22T09:39:26.1822607+01:00" testType="13cdc9d9-ddb5-4fa4-a97d-d965ccfc6d4b" outcome="Passed" testListId="8c84fa94-04c1-424b-9868-57a2d4851a1d" relativeResultsDirectory="90090404-1515-4316-b3e3-4182c665e75c" />
    <UnitTestResult executionId="3471edb0-3950-4443-8185-da3d7989d32a" testId="a4454a32-a746-255e-e8d1-796a08c296b1" testName="AddToExportDevices_ShouldReturnCorrectResult (0,0,1)" computerName="DKSR-EFI-04" duration="00:00:00.0017133" startTime="2023-12-22T09:39:33.6607369+01:00" endTime="2023-12-22T09:39:33.6627029+01:00" testType="13cdc9d9-ddb5-4fa4-a97d-d965ccfc6d4b" outcome="Passed" testListId="8c84fa94-04c1-424b-9868-57a2d4851a1d" relativeResultsDirectory="3471edb0-3950-4443-8185-da3d7989d32a" />
    <UnitTestResult executionId="5f53de5a-32d0-4fa4-920f-be5cfbdabcb9" testId="903924a4-7ced-4d98-9edf-15f9a7cfa0d7" testName="MapLayer_LoadSave_DataIsSame" computerName="DKSR-EFI-04" duration="00:00:00.0142331" startTime="2023-12-22T09:39:26.8150563+01:00" endTime="2023-12-22T09:39:26.8322704+01:00" testType="13cdc9d9-ddb5-4fa4-a97d-d965ccfc6d4b" outcome="Passed" testListId="8c84fa94-04c1-424b-9868-57a2d4851a1d" relativeResultsDirectory="5f53de5a-32d0-4fa4-920f-be5cfbdabcb9" />
    <UnitTestResult executionId="7c5f5c64-d379-4b79-b4d9-c52a7d13406f" testId="ed7bec68-0198-a68e-a9fa-29c0dcede6d8" testName="Tooltip_ShouldShowMicrophoneName_OnSetupMode" computerName="DKSR-EFI-04" duration="00:00:00.0339156" startTime="2023-12-22T09:38:37.6439764+01:00" endTime="2023-12-22T09:38:37.6804032+01:00" testType="13cdc9d9-ddb5-4fa4-a97d-d965ccfc6d4b" outcome="Passed" testListId="8c84fa94-04c1-424b-9868-57a2d4851a1d" relativeResultsDirectory="7c5f5c64-d379-4b79-b4d9-c52a7d13406f" />
    <UnitTestResult executionId="c3d41cd9-7dba-42b9-a577-b3aceb0061ff" testId="e81103cb-7818-2463-05b1-4325c5ff61c8" testName="OnSizeChanged_TilesRerendered" computerName="DKSR-EFI-04" duration="00:00:00.0179993" startTime="2023-12-22T09:38:59.1464303+01:00" endTime="2023-12-22T09:38:59.1669080+01:00" testType="13cdc9d9-ddb5-4fa4-a97d-d965ccfc6d4b" outcome="Passed" testListId="8c84fa94-04c1-424b-9868-57a2d4851a1d" relativeResultsDirectory="c3d41cd9-7dba-42b9-a577-b3aceb0061ff" />
    <UnitTestResult executionId="46bb695b-a96f-4c70-8b36-fe6dca8fc732" testId="7ce02435-55dc-be77-8a7d-085f35894996" testName="PatrollingPresetViewModel_Constructor_1_Success" computerName="DKSR-EFI-04" duration="00:00:00.0005479" startTime="2023-12-22T09:39:32.0720897+01:00" endTime="2023-12-22T09:39:32.0728479+01:00" testType="13cdc9d9-ddb5-4fa4-a97d-d965ccfc6d4b" outcome="Passed" testListId="8c84fa94-04c1-424b-9868-57a2d4851a1d" relativeResultsDirectory="46bb695b-a96f-4c70-8b36-fe6dca8fc732" />
    <UnitTestResult executionId="63a726a6-8239-4210-9061-2505b51ab3f7" testId="4a1694b5-7db1-bf67-dca4-8860f0f31e9d" testName="DisplayErrorOnNotificationArea_UnknownDerivedFromSearchError_LoggingEnabled_Success" computerName="DKSR-EFI-04" duration="00:00:00.0284380" startTime="2023-12-22T09:39:13.0266980+01:00" endTime="2023-12-22T09:39:13.0553116+01:00" testType="13cdc9d9-ddb5-4fa4-a97d-d965ccfc6d4b" outcome="Passed" testListId="8c84fa94-04c1-424b-9868-57a2d4851a1d" relativeResultsDirectory="63a726a6-8239-4210-9061-2505b51ab3f7" />
    <UnitTestResult executionId="fdb0816f-be28-49a8-bd1d-e2016ea9aac7" testId="d9d0601b-6afc-d56b-58cd-43bff45267f6" testName="OnLayersRetrieved_ShouldSetComponentsOrdered_WhenLayersCollectionContainsCamera" computerName="DKSR-EFI-04" duration="00:00:00.0110535" startTime="2023-12-22T09:38:34.0776666+01:00" endTime="2023-12-22T09:38:34.0912832+01:00" testType="13cdc9d9-ddb5-4fa4-a97d-d965ccfc6d4b" outcome="Passed" testListId="8c84fa94-04c1-424b-9868-57a2d4851a1d" relativeResultsDirectory="fdb0816f-be28-49a8-bd1d-e2016ea9aac7" />
    <UnitTestResult executionId="f3c9695c-a9a8-4d38-957a-78c057d709b2" testId="15f7fdde-30c5-c5bb-c91a-0ce0590214e2" testName="GetViewGroups" computerName="DKSR-EFI-04" duration="00:00:00.0034186" startTime="2023-12-22T09:38:32.2984830+01:00" endTime="2023-12-22T09:38:32.3021466+01:00" testType="13cdc9d9-ddb5-4fa4-a97d-d965ccfc6d4b" outcome="Passed" testListId="8c84fa94-04c1-424b-9868-57a2d4851a1d" relativeResultsDirectory="f3c9695c-a9a8-4d38-957a-78c057d709b2" />
    <UnitTestResult executionId="e7577d4e-1ece-4dfe-a03f-d44d9ab8f129" testId="e119e886-63ff-9e4b-f30c-287618dff31a" testName="PatrollingProfileListViewModel_Save_CreateProfile" computerName="DKSR-EFI-04" duration="00:00:00.0050826" startTime="2023-12-22T09:39:32.1552023+01:00" endTime="2023-12-22T09:39:32.1604216+01:00" testType="13cdc9d9-ddb5-4fa4-a97d-d965ccfc6d4b" outcome="Passed" testListId="8c84fa94-04c1-424b-9868-57a2d4851a1d" relativeResultsDirectory="e7577d4e-1ece-4dfe-a03f-d44d9ab8f129" />
    <UnitTestResult executionId="4ef3ea25-17e4-485f-a70f-e1949743e73b" testId="73c84d82-bb7d-01f8-8894-e9f1d48f8356" testName="Convert_InvalidArgumentCount_LessThanExpected_Collapsed" computerName="DKSR-EFI-04" duration="00:00:00.0001566" startTime="2023-12-22T09:38:59.0503444+01:00" endTime="2023-12-22T09:38:59.0506401+01:00" testType="13cdc9d9-ddb5-4fa4-a97d-d965ccfc6d4b" outcome="Passed" testListId="8c84fa94-04c1-424b-9868-57a2d4851a1d" relativeResultsDirectory="4ef3ea25-17e4-485f-a70f-e1949743e73b" />
    <UnitTestResult executionId="2c2d77be-77af-4972-bf91-80efcaa91627" testId="5e16f1a5-ac2f-de21-a1b1-de59b21f35bb" testName="IsDisabled_ShouldBeTrue_WhenApplicationIsInBrowseMode" computerName="DKSR-EFI-04" duration="00:00:00.0135077" startTime="2023-12-22T09:39:30.2378203+01:00" endTime="2023-12-22T09:39:30.2515055+01:00" testType="13cdc9d9-ddb5-4fa4-a97d-d965ccfc6d4b" outcome="Passed" testListId="8c84fa94-04c1-424b-9868-57a2d4851a1d" relativeResultsDirectory="2c2d77be-77af-4972-bf91-80efcaa91627" />
    <UnitTestResult executionId="1d868022-d36b-4357-b71b-ce581aeb955b" testId="4d11492e-27b0-719b-9344-aa3d6645e529" testName="DisplayErrorOnNotificationArea_ServerNotAvailableSearchError_Success" computerName="DKSR-EFI-04" duration="00:00:00.0076941" startTime="2023-12-22T09:39:12.9676010+01:00" endTime="2023-12-22T09:39:12.9754598+01:00" testType="13cdc9d9-ddb5-4fa4-a97d-d965ccfc6d4b" outcome="Passed" testListId="8c84fa94-04c1-424b-9868-57a2d4851a1d" relativeResultsDirectory="1d868022-d36b-4357-b71b-ce581aeb955b" />
    <UnitTestResult executionId="0a4b98d3-ccf0-4949-b426-9e0ecbe7e840" testId="3e00ced7-c9ef-e081-8698-0bfc18ba5ea0" testName="Ctor_NullOptionManager_Failure" computerName="DKSR-EFI-04" duration="00:00:00.0003398" startTime="2023-12-22T09:39:13.4581503+01:00" endTime="2023-12-22T09:39:13.4587035+01:00" testType="13cdc9d9-ddb5-4fa4-a97d-d965ccfc6d4b" outcome="Passed" testListId="8c84fa94-04c1-424b-9868-57a2d4851a1d" relativeResultsDirectory="0a4b98d3-ccf0-4949-b426-9e0ecbe7e840" />
    <UnitTestResult executionId="88782c49-4389-4c40-afd6-094942446125" testId="b77b4041-c2a1-a348-dd99-14c2acc50a9c" testName="ConvertToNewLevel_ThreeLevelsDown_Success" computerName="DKSR-EFI-04" duration="00:00:00.0001763" startTime="2023-12-22T09:39:31.9741425+01:00" endTime="2023-12-22T09:39:31.9744455+01:00" testType="13cdc9d9-ddb5-4fa4-a97d-d965ccfc6d4b" outcome="Passed" testListId="8c84fa94-04c1-424b-9868-57a2d4851a1d" relativeResultsDirectory="88782c49-4389-4c40-afd6-094942446125" />
    <UnitTestResult executionId="dd2b90f6-f229-4def-8bf0-740eaaa84fc6" testId="b960a51a-07ce-5c77-9c47-9b7d49f68b04" testName="GetBoundingShapesPathsAsync_ShouldGetBoundingShapesFromFromMetadataObjectsSourceOnly_WhenOnlyFromMetadataObjectsSourceIsPassedIn" computerName="DKSR-EFI-04" duration="00:00:00.0025257" startTime="2023-12-22T09:39:13.8328433+01:00" endTime="2023-12-22T09:39:13.8375019+01:00" testType="13cdc9d9-ddb5-4fa4-a97d-d965ccfc6d4b" outcome="Passed" testListId="8c84fa94-04c1-424b-9868-57a2d4851a1d" relativeResultsDirectory="dd2b90f6-f229-4def-8bf0-740eaaa84fc6" />
    <UnitTestResult executionId="0fdfb6d6-337e-4450-ba39-78915eb94c91" testId="72a98ab7-40b5-c78d-22d4-3cffe98aa29f" testName="Deserialize_FilterIdMissing_Error" computerName="DKSR-EFI-04" duration="00:00:00.0013557" startTime="2023-12-22T09:39:14.7083680+01:00" endTime="2023-12-22T09:39:14.7102256+01:00" testType="13cdc9d9-ddb5-4fa4-a97d-d965ccfc6d4b" outcome="Passed" testListId="8c84fa94-04c1-424b-9868-57a2d4851a1d" relativeResultsDirectory="0fdfb6d6-337e-4450-ba39-78915eb94c91" />
    <UnitTestResult executionId="57ed7198-ac48-42ec-895d-a9b228d4d7f2" testId="abb67912-1d6f-1304-0ce6-d0a01fbfb2dc" testName="UpdateItemState_Hidden_WrongServerProtocol" computerName="DKSR-EFI-04" duration="00:00:00.0032576" startTime="2023-12-22T09:39:36.5380957+01:00" endTime="2023-12-22T09:39:36.5414944+01:00" testType="13cdc9d9-ddb5-4fa4-a97d-d965ccfc6d4b" outcome="Passed" testListId="8c84fa94-04c1-424b-9868-57a2d4851a1d" relativeResultsDirectory="57ed7198-ac48-42ec-895d-a9b228d4d7f2" />
    <UnitTestResult executionId="2f912841-20e6-46dc-bf8c-222b7a4dae38" testId="2c3cc6dd-0ecc-2298-ce4a-d064661bf1a0" testName="Init_NullStateAndManagerReturnsNullState_InitialStateCreatedFromScratch" computerName="DKSR-EFI-04" duration="00:00:00.0045990" startTime="2023-12-22T09:38:41.1159939+01:00" endTime="2023-12-22T09:38:41.1207544+01:00" testType="13cdc9d9-ddb5-4fa4-a97d-d965ccfc6d4b" outcome="Passed" testListId="8c84fa94-04c1-424b-9868-57a2d4851a1d" relativeResultsDirectory="2f912841-20e6-46dc-bf8c-222b7a4dae38" />
    <UnitTestResult executionId="d7d09a7c-a534-4d3e-9d0f-69a0f6747923" testId="db58b9a0-b265-e010-375f-3c8e68defc73" testName="GetUserOptions_ShouldNotDecryptOptions_WhenServerIs2020R3OrNewer" computerName="DKSR-EFI-04" duration="00:00:00.0019038" startTime="2023-12-22T09:39:33.8519310+01:00" endTime="2023-12-22T09:39:33.8540064+01:00" testType="13cdc9d9-ddb5-4fa4-a97d-d965ccfc6d4b" outcome="Passed" testListId="8c84fa94-04c1-424b-9868-57a2d4851a1d" relativeResultsDirectory="d7d09a7c-a534-4d3e-9d0f-69a0f6747923" />
    <UnitTestResult executionId="84463113-46e6-4fd3-affb-3909500445c6" testId="2ebfe8ce-3c37-b151-62ae-982463586759" testName="Constructor_ShouldThrowAnException_WhenWorkroomIsNull" computerName="DKSR-EFI-04" duration="00:00:00.0142183" startTime="2023-12-22T09:39:32.6580553+01:00" endTime="2023-12-22T09:39:32.6725902+01:00" testType="13cdc9d9-ddb5-4fa4-a97d-d965ccfc6d4b" outcome="Passed" testListId="8c84fa94-04c1-424b-9868-57a2d4851a1d" relativeResultsDirectory="84463113-46e6-4fd3-affb-3909500445c6" />
    <UnitTestResult executionId="f6b53946-592f-47ce-873d-cdbd903af5c4" testId="c1d7928e-75c0-4c88-3fea-e132fd775b5e" testName="PatrollingProfileViewModelTest_patrollingProfileViewModel_PropertyChanged" computerName="DKSR-EFI-04" duration="00:00:00.0014528" startTime="2023-12-22T09:39:32.1709985+01:00" endTime="2023-12-22T09:39:32.1725847+01:00" testType="13cdc9d9-ddb5-4fa4-a97d-d965ccfc6d4b" outcome="Passed" testListId="8c84fa94-04c1-424b-9868-57a2d4851a1d" relativeResultsDirectory="f6b53946-592f-47ce-873d-cdbd903af5c4" />
    <UnitTestResult executionId="ceceb671-669c-429d-bb4f-a0cfbff23418" testId="63448ae4-3822-6161-d46b-a6dd1dfe44fd" testName="SupportsDoubleClick_ShouldBeFalse_WhenInteractionStateIsNotNormalAndNotInSetupMode" computerName="DKSR-EFI-04" duration="00:00:00.0151009" startTime="2023-12-22T09:38:36.5847198+01:00" endTime="2023-12-22T09:38:36.6024160+01:00" testType="13cdc9d9-ddb5-4fa4-a97d-d965ccfc6d4b" outcome="Passed" testListId="8c84fa94-04c1-424b-9868-57a2d4851a1d" relativeResultsDirectory="ceceb671-669c-429d-bb4f-a0cfbff23418" />
    <UnitTestResult executionId="52798993-d846-4aea-ab5e-2f7efd9adc6b" testId="65b86002-200e-c55e-a53f-146aec337152" testName="ScWorkSpaceModeChangedEvent_ShouldSetDeviceIsDisabledToTrue_WhenSwitchingToBrowseMode" computerName="DKSR-EFI-04" duration="00:00:00.0142896" startTime="2023-12-22T09:39:29.6602248+01:00" endTime="2023-12-22T09:39:29.6770688+01:00" testType="13cdc9d9-ddb5-4fa4-a97d-d965ccfc6d4b" outcome="Passed" testListId="8c84fa94-04c1-424b-9868-57a2d4851a1d" relativeResultsDirectory="52798993-d846-4aea-ab5e-2f7efd9adc6b" />
    <UnitTestResult executionId="308aee1b-8882-4b42-a287-1074f2dcd6a2" testId="47de8f42-b82b-27c9-e6cb-af47f9988997" testName="Combine_ShouldPassAllStringInputValidationTests" computerName="DKSR-EFI-04" duration="00:00:10.2665849" startTime="2023-12-22T09:39:15.0348982+01:00" endTime="2023-12-22T09:39:25.3017270+01:00" testType="13cdc9d9-ddb5-4fa4-a97d-d965ccfc6d4b" outcome="Passed" testListId="8c84fa94-04c1-424b-9868-57a2d4851a1d" relativeResultsDirectory="308aee1b-8882-4b42-a287-1074f2dcd6a2">
      <Output>
        <StdOut>Debug Trace:&#xD;
&#xD;
&#xD;
************* TEST RESULTS *************&#xD;
Total tests: 132&#xD;
Passed permutations: 12490&#xD;
Failed permutations: 0</StdOut>
      </Output>
    </UnitTestResult>
    <UnitTestResult executionId="8f16483e-a678-486a-9074-04a318b637f0" testId="86d2f9a3-cd73-6e30-e154-d9542034e978" testName="InitializeTokenException_ShouldThrow_WhenErrorOutOfRangeHigh" computerName="DKSR-EFI-04" duration="00:00:00.0002537" startTime="2023-12-22T09:39:38.3633388+01:00" endTime="2023-12-22T09:39:38.3637639+01:00" testType="13cdc9d9-ddb5-4fa4-a97d-d965ccfc6d4b" outcome="Passed" testListId="8c84fa94-04c1-424b-9868-57a2d4851a1d" relativeResultsDirectory="8f16483e-a678-486a-9074-04a318b637f0" />
    <UnitTestResult executionId="e8f965cf-7b73-4b62-aaa6-8052f174905c" testId="79131a3d-642e-dea5-31f3-3e3bb8d72cf5" testName="ClearCommand_Invoke_ClearsText" computerName="DKSR-EFI-04" duration="00:00:00.0107597" startTime="2023-12-22T09:39:26.1827780+01:00" endTime="2023-12-22T09:39:26.1958866+01:00" testType="13cdc9d9-ddb5-4fa4-a97d-d965ccfc6d4b" outcome="Passed" testListId="8c84fa94-04c1-424b-9868-57a2d4851a1d" relativeResultsDirectory="e8f965cf-7b73-4b62-aaa6-8052f174905c" />
    <UnitTestResult executionId="466312d5-d752-4a31-b232-82d57bd58a6b" testId="9f2d8267-74f7-ee47-e40a-a9214d8b0149" testName="ValueWithFallbackConverterTests_Convert_OneValue_Success" computerName="DKSR-EFI-04" duration="00:00:00.0002814" startTime="2023-12-22T09:38:59.0667351+01:00" endTime="2023-12-22T09:38:59.0671498+01:00" testType="13cdc9d9-ddb5-4fa4-a97d-d965ccfc6d4b" outcome="Passed" testListId="8c84fa94-04c1-424b-9868-57a2d4851a1d" relativeResultsDirectory="466312d5-d752-4a31-b232-82d57bd58a6b" />
    <UnitTestResult executionId="253079e9-ec2e-4852-910f-8dbbef03a513" testId="c2a70a77-deae-9615-f302-cf5bc25a63ec" testName="OnSizeChanged_FivePluginButtonsPresentInActionBar_WithRoomForFourPluginButtonsTwoPluginsMoveToOverflowMenu" computerName="DKSR-EFI-04" duration="00:00:00.0545039" startTime="2023-12-22T09:38:42.6444603+01:00" endTime="2023-12-22T09:38:42.7017513+01:00" testType="13cdc9d9-ddb5-4fa4-a97d-d965ccfc6d4b" outcome="Passed" testListId="8c84fa94-04c1-424b-9868-57a2d4851a1d" relativeResultsDirectory="253079e9-ec2e-4852-910f-8dbbef03a513" />
    <UnitTestResult executionId="72eb928b-3861-4bc9-9ba7-f2ff5c73bb88" testId="313c09e0-411a-75b7-e96b-3ca0dbd86c48" testName="DateToStringConverter_SingleConvertBack_Fail" computerName="DKSR-EFI-04" duration="00:00:00.0004933" startTime="2023-12-22T09:38:59.0232198+01:00" endTime="2023-12-22T09:38:59.0238769+01:00" testType="13cdc9d9-ddb5-4fa4-a97d-d965ccfc6d4b" outcome="Passed" testListId="8c84fa94-04c1-424b-9868-57a2d4851a1d" relativeResultsDirectory="72eb928b-3861-4bc9-9ba7-f2ff5c73bb88" />
    <UnitTestResult executionId="7668f8a1-0f3d-4a28-a552-877a67a0ed55" testId="80e1e452-82cf-b088-db40-d28f7d32c62d" testName="Export when Other" computerName="DKSR-EFI-04" duration="00:00:00.0167365" startTime="2023-12-22T09:39:32.6751425+01:00" endTime="2023-12-22T09:39:32.8945907+01:00" testType="13cdc9d9-ddb5-4fa4-a97d-d965ccfc6d4b" outcome="Passed" testListId="8c84fa94-04c1-424b-9868-57a2d4851a1d" relativeResultsDirectory="7668f8a1-0f3d-4a28-a552-877a67a0ed55" />
    <UnitTestResult executionId="a4323982-381f-4608-aaad-89a170ba4e9f" testId="8803b728-b3cd-d0f6-6a9a-d85dc1ecbb9f" testName="AddCriteriaCommand_SearchAttributeCategoryNull" computerName="DKSR-EFI-04" duration="00:00:00.0063090" startTime="2023-12-22T09:39:12.8069655+01:00" endTime="2023-12-22T09:39:12.8134256+01:00" testType="13cdc9d9-ddb5-4fa4-a97d-d965ccfc6d4b" outcome="Passed" testListId="8c84fa94-04c1-424b-9868-57a2d4851a1d" relativeResultsDirectory="a4323982-381f-4608-aaad-89a170ba4e9f" />
    <UnitTestResult executionId="0bdfd72f-fb5a-4366-aa53-0a18700dccdd" testId="b2f0581d-5dcb-6a8a-df35-b5108915cfe4" testName="ActionBarPluginsEnabled_TwoPluginsOneThirdPartyAndOneNot_ThirdPartyPrioritizedLowerThanNonThirdParty" computerName="DKSR-EFI-04" duration="00:00:00.0184036" startTime="2023-12-22T09:38:42.5867281+01:00" endTime="2023-12-22T09:38:42.6076969+01:00" testType="13cdc9d9-ddb5-4fa4-a97d-d965ccfc6d4b" outcome="Passed" testListId="8c84fa94-04c1-424b-9868-57a2d4851a1d" relativeResultsDirectory="0bdfd72f-fb5a-4366-aa53-0a18700dccdd" />
    <UnitTestResult executionId="7299c90e-4de6-446b-915b-0b46f92290c5" testId="cd58fbcf-a8ec-7be0-672d-3675d644b67c" testName="Instance_ShouldBeSingleton_WhenCalled" computerName="DKSR-EFI-04" duration="00:00:00.0001944" startTime="2023-12-22T09:39:29.0767193+01:00" endTime="2023-12-22T09:39:29.0771716+01:00" testType="13cdc9d9-ddb5-4fa4-a97d-d965ccfc6d4b" outcome="Passed" testListId="8c84fa94-04c1-424b-9868-57a2d4851a1d" relativeResultsDirectory="7299c90e-4de6-446b-915b-0b46f92290c5" />
    <UnitTestResult executionId="9e352a0a-3bb1-4941-8694-f66b7c56e984" testId="71b3373f-dea8-3cfe-2919-2c270031d8d7" testName="UpdateHomeLocationInModel_NoUpdate_Succes" computerName="DKSR-EFI-04" duration="00:00:00.5748888" startTime="2023-12-22T09:38:32.5716247+01:00" endTime="2023-12-22T09:38:33.1497820+01:00" testType="13cdc9d9-ddb5-4fa4-a97d-d965ccfc6d4b" outcome="Passed" testListId="8c84fa94-04c1-424b-9868-57a2d4851a1d" relativeResultsDirectory="9e352a0a-3bb1-4941-8694-f66b7c56e984" />
    <UnitTestResult executionId="04c168cd-f1a2-4a7f-8657-caeec37e2c19" testId="b58eb60e-3eb1-72c6-0301-c9875128ee4e" testName="PopulateTooltip_ManyResultsFromFewCameras24Hours_ValidText" computerName="DKSR-EFI-04" duration="00:00:00.2391014" startTime="2023-12-22T09:39:08.1528431+01:00" endTime="2023-12-22T09:39:08.3947114+01:00" testType="13cdc9d9-ddb5-4fa4-a97d-d965ccfc6d4b" outcome="Passed" testListId="8c84fa94-04c1-424b-9868-57a2d4851a1d" relativeResultsDirectory="04c168cd-f1a2-4a7f-8657-caeec37e2c19" />
    <UnitTestResult executionId="a92cc737-b20f-4d3d-b53c-e9ef8ea869a4" testId="a03d49df-0221-3c4c-4d83-361bfb025c76" testName="TestAttachedView_Success" computerName="DKSR-EFI-04" duration="00:00:00.0022776" startTime="2023-12-22T09:39:38.3642140+01:00" endTime="2023-12-22T09:39:38.3667196+01:00" testType="13cdc9d9-ddb5-4fa4-a97d-d965ccfc6d4b" outcome="Passed" testListId="8c84fa94-04c1-424b-9868-57a2d4851a1d" relativeResultsDirectory="a92cc737-b20f-4d3d-b53c-e9ef8ea869a4" />
    <UnitTestResult executionId="e0aa6860-b963-4efd-a17f-e30e88f42c2b" testId="d39f566a-6448-5523-5e51-422943258ba3" testName="IsLocationSelectionVisible_MappedToViewModel_Success" computerName="DKSR-EFI-04" duration="00:00:00.0280163" startTime="2023-12-22T09:38:38.8364691+01:00" endTime="2023-12-22T09:38:38.8673160+01:00" testType="13cdc9d9-ddb5-4fa4-a97d-d965ccfc6d4b" outcome="Passed" testListId="8c84fa94-04c1-424b-9868-57a2d4851a1d" relativeResultsDirectory="e0aa6860-b963-4efd-a17f-e30e88f42c2b" />
    <UnitTestResult executionId="27653af6-740e-4bcd-bd0c-3665fa762fde" testId="3483fd74-40ab-caaa-a1c3-b598cd24d905" testName="ToNormalizedFieldOfView_OutOfRange_2PI_Fail" computerName="DKSR-EFI-04" duration="00:00:00.0002515" startTime="2023-12-22T09:39:26.8128141+01:00" endTime="2023-12-22T09:39:26.8132786+01:00" testType="13cdc9d9-ddb5-4fa4-a97d-d965ccfc6d4b" outcome="Passed" testListId="8c84fa94-04c1-424b-9868-57a2d4851a1d" relativeResultsDirectory="27653af6-740e-4bcd-bd0c-3665fa762fde" />
    <UnitTestResult executionId="eaea1284-d1b0-476e-b84f-177c0e38406d" testId="d2403e41-fe85-53e9-35b9-5ba516826082" testName="MapOutputIcons_WhenMilestoneOemResource_ShouldReturnTwoIcons" computerName="DKSR-EFI-04" duration="00:00:00.0215215" startTime="2023-12-22T09:39:37.6928633+01:00" endTime="2023-12-22T09:39:37.7145550+01:00" testType="13cdc9d9-ddb5-4fa4-a97d-d965ccfc6d4b" outcome="Passed" testListId="8c84fa94-04c1-424b-9868-57a2d4851a1d" relativeResultsDirectory="eaea1284-d1b0-476e-b84f-177c0e38406d" />
    <UnitTestResult executionId="98614cb3-5167-4e99-b2cf-e994fa95f412" testId="701dc107-7f79-fab2-b18e-55df056f2ab4" testName="DrawCore_ShouldNotDisplayClusterMarkers_WhenClusteringDisabled" computerName="DKSR-EFI-04" duration="00:00:00.0130766" startTime="2023-12-22T09:38:35.4815853+01:00" endTime="2023-12-22T09:38:35.4971691+01:00" testType="13cdc9d9-ddb5-4fa4-a97d-d965ccfc6d4b" outcome="Passed" testListId="8c84fa94-04c1-424b-9868-57a2d4851a1d" relativeResultsDirectory="98614cb3-5167-4e99-b2cf-e994fa95f412" />
    <UnitTestResult executionId="49668962-02d3-4730-bb75-2f24df7dafdb" testId="daa7dc49-f207-f73b-e691-533a5b8c5990" testName="ZoomIn_MapSet_MapZoomInInvoked" computerName="DKSR-EFI-04" duration="00:00:00.0035022" startTime="2023-12-22T09:38:34.9548284+01:00" endTime="2023-12-22T09:38:34.9584547+01:00" testType="13cdc9d9-ddb5-4fa4-a97d-d965ccfc6d4b" outcome="Passed" testListId="8c84fa94-04c1-424b-9868-57a2d4851a1d" relativeResultsDirectory="49668962-02d3-4730-bb75-2f24df7dafdb" />
    <UnitTestResult executionId="f68919b7-1b63-4675-bcc6-a8c2e9370842" testId="833aec2e-c0ac-4112-94cf-5fa375595a9e" testName="Search_ShouldPopulateSearchResult_WhenSuccessful" computerName="DKSR-EFI-04" duration="00:00:00.0031326" startTime="2023-12-22T09:39:39.7842976+01:00" endTime="2023-12-22T09:39:39.7875733+01:00" testType="13cdc9d9-ddb5-4fa4-a97d-d965ccfc6d4b" outcome="Passed" testListId="8c84fa94-04c1-424b-9868-57a2d4851a1d" relativeResultsDirectory="f68919b7-1b63-4675-bcc6-a8c2e9370842" />
    <UnitTestResult executionId="4144875c-0606-4789-a7b1-44c4e9c08574" testId="028566f8-b92e-8888-84dd-3fb5690b9d88" testName="TwoHours_Success" computerName="DKSR-EFI-04" duration="00:00:00.0003130" startTime="2023-12-22T09:39:13.9547598+01:00" endTime="2023-12-22T09:39:13.9554820+01:00" testType="13cdc9d9-ddb5-4fa4-a97d-d965ccfc6d4b" outcome="Passed" testListId="8c84fa94-04c1-424b-9868-57a2d4851a1d" relativeResultsDirectory="4144875c-0606-4789-a7b1-44c4e9c08574" />
    <UnitTestResult executionId="95a115bc-4d10-4628-8fb6-ea67abab72ea" testId="88eff823-fbf7-7507-7019-8e0b7f4937d4" testName="SearchResultsActionBarActions_ActionResultDeleted_Success" computerName="DKSR-EFI-04" duration="00:00:00.0076747" startTime="2023-12-22T09:39:11.1420535+01:00" endTime="2023-12-22T09:39:11.1498995+01:00" testType="13cdc9d9-ddb5-4fa4-a97d-d965ccfc6d4b" outcome="Passed" testListId="8c84fa94-04c1-424b-9868-57a2d4851a1d" relativeResultsDirectory="95a115bc-4d10-4628-8fb6-ea67abab72ea" />
    <UnitTestResult executionId="f9299565-e9ca-439b-9266-27b63efd0491" testId="10dd7bf8-f28a-4f0c-1dc0-23b4c2def703" testName="SupportsRightClick_ShouldBeTrue_WhenInteractionStateIsNormal" computerName="DKSR-EFI-04" duration="00:00:00.0279613" startTime="2023-12-22T09:38:37.0716150+01:00" endTime="2023-12-22T09:38:37.1024147+01:00" testType="13cdc9d9-ddb5-4fa4-a97d-d965ccfc6d4b" outcome="Passed" testListId="8c84fa94-04c1-424b-9868-57a2d4851a1d" relativeResultsDirectory="f9299565-e9ca-439b-9266-27b63efd0491" />
    <UnitTestResult executionId="8e7738fc-03fb-480e-9da1-14c1e007427e" testId="73bd23e6-7d5d-17da-f712-c442eb016e35" testName="GetServerTiles_ShouldReturnCorrectServerTilesWithSingleServerTest" computerName="DKSR-EFI-04" duration="00:00:00.0041079" startTime="2023-12-22T09:39:35.0745929+01:00" endTime="2023-12-22T09:39:35.0788439+01:00" testType="13cdc9d9-ddb5-4fa4-a97d-d965ccfc6d4b" outcome="Passed" testListId="8c84fa94-04c1-424b-9868-57a2d4851a1d" relativeResultsDirectory="8e7738fc-03fb-480e-9da1-14c1e007427e" />
    <UnitTestResult executionId="0b32b662-76a7-4b1e-a406-4ffe064cc982" testId="91d14b34-4712-1785-f0d4-572e813a795e" testName="ScWorkspaceStateChangedEvent_ShouldSetDeviceStateToDeactivated_WhenSwitchingToSetupMode" computerName="DKSR-EFI-04" duration="00:00:00.0206138" startTime="2023-12-22T09:39:29.6353489+01:00" endTime="2023-12-22T09:39:29.6596478+01:00" testType="13cdc9d9-ddb5-4fa4-a97d-d965ccfc6d4b" outcome="Passed" testListId="8c84fa94-04c1-424b-9868-57a2d4851a1d" relativeResultsDirectory="0b32b662-76a7-4b1e-a406-4ffe064cc982" />
    <UnitTestResult executionId="ee867c81-7517-4b75-9bab-ce3a1f5dc2de" testId="4fdd99bf-6905-0af0-30e5-6e050f489153" testName="Decorate_ShouldNotAddChildren_WhenThereAreNoLayersImplementingITitleToggleable" computerName="DKSR-EFI-04" duration="00:00:00.0011173" startTime="2023-12-22T09:38:34.8803960+01:00" endTime="2023-12-22T09:38:34.8816383+01:00" testType="13cdc9d9-ddb5-4fa4-a97d-d965ccfc6d4b" outcome="Passed" testListId="8c84fa94-04c1-424b-9868-57a2d4851a1d" relativeResultsDirectory="ee867c81-7517-4b75-9bab-ce3a1f5dc2de" />
    <UnitTestResult executionId="28a69e29-183f-40ff-8457-ba4041b5106f" testId="54665edf-a1f2-e9fe-2f83-fd5f97c5627f" testName="WorkspaceChangedEvent_ShouldSetLayerDeviceVisibilityItemDataCached_WhenEnteringIntoSetupMode" computerName="DKSR-EFI-04" duration="00:00:00.0097069" startTime="2023-12-22T09:38:34.8609021+01:00" endTime="2023-12-22T09:38:34.8707676+01:00" testType="13cdc9d9-ddb5-4fa4-a97d-d965ccfc6d4b" outcome="Passed" testListId="8c84fa94-04c1-424b-9868-57a2d4851a1d" relativeResultsDirectory="28a69e29-183f-40ff-8457-ba4041b5106f" />
    <UnitTestResult executionId="5ef966c3-9998-46e6-861c-987596139ef1" testId="79e1afa4-43dc-dcc8-f757-ad97cc1a6215" testName="Tooltip_ShouldShowUnmuteText_WhenMicrophoneIsMutedOnLiveModeAndUserHasListenPermissions" computerName="DKSR-EFI-04" duration="00:00:00.0306687" startTime="2023-12-22T09:38:37.5047666+01:00" endTime="2023-12-22T09:38:37.5380144+01:00" testType="13cdc9d9-ddb5-4fa4-a97d-d965ccfc6d4b" outcome="Passed" testListId="8c84fa94-04c1-424b-9868-57a2d4851a1d" relativeResultsDirectory="5ef966c3-9998-46e6-861c-987596139ef1" />
    <UnitTestResult executionId="4de13cd7-a4b5-4bbb-8582-5e8532b6d481" testId="5479df44-d54f-1884-c573-5213e20618b0" testName="MotionAreaInfosDto_ShouldYieldSameValues_WhenRoundTripConverted" computerName="DKSR-EFI-04" duration="00:00:00.0023005" startTime="2023-12-22T09:38:29.7226467+01:00" endTime="2023-12-22T09:38:29.7250826+01:00" testType="13cdc9d9-ddb5-4fa4-a97d-d965ccfc6d4b" outcome="Passed" testListId="8c84fa94-04c1-424b-9868-57a2d4851a1d" relativeResultsDirectory="4de13cd7-a4b5-4bbb-8582-5e8532b6d481" />
    <UnitTestResult executionId="99f00400-d52b-48ab-aed9-69125e6cd6d2" testId="adae62f9-2b72-4530-ee33-22d9b99a1467" testName="ClearFilterCommand_ClearsFilter" computerName="DKSR-EFI-04" duration="00:00:00.0136661" startTime="2023-12-22T09:39:26.1367374+01:00" endTime="2023-12-22T09:39:26.1527670+01:00" testType="13cdc9d9-ddb5-4fa4-a97d-d965ccfc6d4b" outcome="Passed" testListId="8c84fa94-04c1-424b-9868-57a2d4851a1d" relativeResultsDirectory="99f00400-d52b-48ab-aed9-69125e6cd6d2" />
    <UnitTestResult executionId="816ea70b-6878-47ce-93ae-5aae3a654fcf" testId="156bd96a-a805-e045-2ce9-1615a20e29fa" testName="Execute_NoCommand_DialogResultReturnsFalse" computerName="DKSR-EFI-04" duration="00:00:00.0006522" startTime="2023-12-22T09:39:33.3066119+01:00" endTime="2023-12-22T09:39:33.3073997+01:00" testType="13cdc9d9-ddb5-4fa4-a97d-d965ccfc6d4b" outcome="Passed" testListId="8c84fa94-04c1-424b-9868-57a2d4851a1d" relativeResultsDirectory="816ea70b-6878-47ce-93ae-5aae3a654fcf" />
    <UnitTestResult executionId="2da3ceed-5bff-4481-977a-3451a5a007bc" testId="7bbe3c7b-c7f6-b4cd-97f0-8c1f6db6c80e" testName="UpdateHomeLocationInModel_Updated_Succes" computerName="DKSR-EFI-04" duration="00:00:00.0197075" startTime="2023-12-22T09:38:33.1805083+01:00" endTime="2023-12-22T09:38:33.2028258+01:00" testType="13cdc9d9-ddb5-4fa4-a97d-d965ccfc6d4b" outcome="Passed" testListId="8c84fa94-04c1-424b-9868-57a2d4851a1d" relativeResultsDirectory="2da3ceed-5bff-4481-977a-3451a5a007bc" />
    <UnitTestResult executionId="945bd2ad-5bc9-4f37-a424-11d6a014d008" testId="de275d14-569b-3727-dc66-e87b528f415d" testName="RightButtonDown_DoubleClick_ZoomsOut" computerName="DKSR-EFI-04" duration="00:00:00.0061616" startTime="2023-12-22T09:38:35.0118581+01:00" endTime="2023-12-22T09:38:35.0202670+01:00" testType="13cdc9d9-ddb5-4fa4-a97d-d965ccfc6d4b" outcome="Passed" testListId="8c84fa94-04c1-424b-9868-57a2d4851a1d" relativeResultsDirectory="945bd2ad-5bc9-4f37-a424-11d6a014d008" />
    <UnitTestResult executionId="8dc935d6-f239-4e18-ab20-0705cc72421c" testId="4f0f0f05-4e54-c98a-97cd-1164c4d7679e" testName="Constructor_ShouldRaiseArgumentNullException_WhenEventServerIdsIsNull" computerName="DKSR-EFI-04" duration="00:00:00.0007963" startTime="2023-12-22T09:39:39.7880831+01:00" endTime="2023-12-22T09:39:39.7891751+01:00" testType="13cdc9d9-ddb5-4fa4-a97d-d965ccfc6d4b" outcome="Passed" testListId="8c84fa94-04c1-424b-9868-57a2d4851a1d" relativeResultsDirectory="8dc935d6-f239-4e18-ab20-0705cc72421c" />
    <UnitTestResult executionId="278fd6c3-0348-439c-b290-b86d3a4a8f97" testId="eb8cc7fe-9fe8-0f19-c373-e4f56eaad478" testName="Close_ViewModelIsClosed" computerName="DKSR-EFI-04" duration="00:00:00.0033423" startTime="2023-12-22T09:38:40.6047288+01:00" endTime="2023-12-22T09:38:40.6082076+01:00" testType="13cdc9d9-ddb5-4fa4-a97d-d965ccfc6d4b" outcome="Passed" testListId="8c84fa94-04c1-424b-9868-57a2d4851a1d" relativeResultsDirectory="278fd6c3-0348-439c-b290-b86d3a4a8f97" />
    <UnitTestResult executionId="2136c02f-9251-43f3-b74e-80feb4f052f7" testId="1a5d20b5-3e71-5ce5-a87e-e4e29bb0d7d5" testName="Ctor_NullPlugin_Throws" computerName="DKSR-EFI-04" duration="00:00:00.0003842" startTime="2023-12-22T09:39:11.4160538+01:00" endTime="2023-12-22T09:39:11.4166119+01:00" testType="13cdc9d9-ddb5-4fa4-a97d-d965ccfc6d4b" outcome="Passed" testListId="8c84fa94-04c1-424b-9868-57a2d4851a1d" relativeResultsDirectory="2136c02f-9251-43f3-b74e-80feb4f052f7" />
    <UnitTestResult executionId="09ad2e5d-2abc-4f55-be7d-6e86bfb10deb" testId="4f555e67-dae7-b67f-1beb-febf2b9b4968" testName="HandleGetDeviceData_ShouldReturnOutputData_WhenOutputKindAndExistingOutputId" computerName="DKSR-EFI-04" duration="00:00:00.0307274" startTime="2023-12-22T09:38:39.8094033+01:00" endTime="2023-12-22T09:38:39.8403193+01:00" testType="13cdc9d9-ddb5-4fa4-a97d-d965ccfc6d4b" outcome="Passed" testListId="8c84fa94-04c1-424b-9868-57a2d4851a1d" relativeResultsDirectory="09ad2e5d-2abc-4f55-be7d-6e86bfb10deb" />
    <UnitTestResult executionId="868a9e5b-5884-469b-9412-e28137210184" testId="63b5e857-7c0f-1bfb-6bac-ed0592160bce" testName="UpdateScope_ToTimeChangedWithNullScopeDuration_ReturnsTrue" computerName="DKSR-EFI-04" duration="00:00:00.0001587" startTime="2023-12-22T09:39:14.5389060+01:00" endTime="2023-12-22T09:39:14.5392395+01:00" testType="13cdc9d9-ddb5-4fa4-a97d-d965ccfc6d4b" outcome="Passed" testListId="8c84fa94-04c1-424b-9868-57a2d4851a1d" relativeResultsDirectory="868a9e5b-5884-469b-9412-e28137210184" />
    <UnitTestResult executionId="1172747a-d6bd-4236-b975-6da630c1a1af" testId="ecf00477-94a3-5251-4140-6240ac1b0b60" testName="Perform_FirstAction_Success" computerName="DKSR-EFI-04" duration="00:00:00.0032061" startTime="2023-12-22T09:38:32.2196128+01:00" endTime="2023-12-22T09:38:32.2231021+01:00" testType="13cdc9d9-ddb5-4fa4-a97d-d965ccfc6d4b" outcome="Passed" testListId="8c84fa94-04c1-424b-9868-57a2d4851a1d" relativeResultsDirectory="1172747a-d6bd-4236-b975-6da630c1a1af" />
    <UnitTestResult executionId="865c9e73-75c2-428c-ac2c-a4357fc40bb6" testId="a476d913-853e-9006-57bf-9e825d119810" testName="CreateMenuItem_Success" computerName="DKSR-EFI-04" duration="00:00:00.0057939" startTime="2023-12-22T09:38:38.4344249+01:00" endTime="2023-12-22T09:38:38.4425087+01:00" testType="13cdc9d9-ddb5-4fa4-a97d-d965ccfc6d4b" outcome="Passed" testListId="8c84fa94-04c1-424b-9868-57a2d4851a1d" relativeResultsDirectory="865c9e73-75c2-428c-ac2c-a4357fc40bb6" />
    <UnitTestResult executionId="a8984ecc-e22a-428f-8dbb-e96f5a3acc52" testId="fb699dcc-5e5e-47d1-e653-08665478eed9" testName="AddCriteriaCommand_AddCriteriaCommand_InEditSearchDefinitionCorrect" computerName="DKSR-EFI-04" duration="00:00:00.0087860" startTime="2023-12-22T09:39:12.8713836+01:00" endTime="2023-12-22T09:39:12.8803375+01:00" testType="13cdc9d9-ddb5-4fa4-a97d-d965ccfc6d4b" outcome="Passed" testListId="8c84fa94-04c1-424b-9868-57a2d4851a1d" relativeResultsDirectory="a8984ecc-e22a-428f-8dbb-e96f5a3acc52" />
    <UnitTestResult executionId="2f4017fa-aaa6-4310-aea1-80bfe11ca5f6" testId="c716e274-8d35-b2a1-4808-fe6779275a47" testName="ActiveInteractionStateBinding_ShouldNotBeNull_WhenCtorIsCalled" computerName="DKSR-EFI-04" duration="00:00:00.0198329" startTime="2023-12-22T09:38:36.8244511+01:00" endTime="2023-12-22T09:38:36.8471788+01:00" testType="13cdc9d9-ddb5-4fa4-a97d-d965ccfc6d4b" outcome="Passed" testListId="8c84fa94-04c1-424b-9868-57a2d4851a1d" relativeResultsDirectory="2f4017fa-aaa6-4310-aea1-80bfe11ca5f6" />
    <UnitTestResult executionId="19f4c261-00cd-4686-a5a4-93a894d38dca" testId="6ebc1c3a-7886-6ea1-878f-b64af57e9527" testName="Connect_SucceedeInConnectingWithWindowsUser_ShouldReturnTrue" computerName="DKSR-EFI-04" duration="00:00:00.0017768" startTime="2023-12-22T09:38:29.6717799+01:00" endTime="2023-12-22T09:38:29.6737120+01:00" testType="13cdc9d9-ddb5-4fa4-a97d-d965ccfc6d4b" outcome="Passed" testListId="8c84fa94-04c1-424b-9868-57a2d4851a1d" relativeResultsDirectory="19f4c261-00cd-4686-a5a4-93a894d38dca" />
    <UnitTestResult executionId="5cc04aae-95a9-484e-a8d3-2a402334f86d" testId="1b048c4f-8dd0-574f-1458-26bf1df29b58" testName="BoundingBoxRefreshWithData" computerName="DKSR-EFI-04" duration="00:00:00.0518279" startTime="2023-12-22T09:39:34.5437605+01:00" endTime="2023-12-22T09:39:34.5957461+01:00" testType="13cdc9d9-ddb5-4fa4-a97d-d965ccfc6d4b" outcome="Passed" testListId="8c84fa94-04c1-424b-9868-57a2d4851a1d" relativeResultsDirectory="5cc04aae-95a9-484e-a8d3-2a402334f86d" />
    <UnitTestResult executionId="0a343b59-056b-4801-843d-1437cbbb5d92" testId="949114ce-b635-6899-abf2-c4e97a411c85" testName="ConvertBack_ShouldReturnTheParameterInteractionState_WhenValueIsTrueAndParameterIsAnInteractionState" computerName="DKSR-EFI-04" duration="00:00:00.0002310" startTime="2023-12-22T09:38:33.3569896+01:00" endTime="2023-12-22T09:38:33.3573784+01:00" testType="13cdc9d9-ddb5-4fa4-a97d-d965ccfc6d4b" outcome="Passed" testListId="8c84fa94-04c1-424b-9868-57a2d4851a1d" relativeResultsDirectory="0a343b59-056b-4801-843d-1437cbbb5d92" />
    <UnitTestResult executionId="262ef07c-cbce-425e-b996-f2d4564e1acc" testId="b747edf0-9262-f0c5-aca1-78a34402aa92" testName="SearchAction_LiveMode" computerName="DKSR-EFI-04" duration="00:00:00.0238189" startTime="2023-12-22T09:39:34.0986441+01:00" endTime="2023-12-22T09:39:34.1226262+01:00" testType="13cdc9d9-ddb5-4fa4-a97d-d965ccfc6d4b" outcome="Passed" testListId="8c84fa94-04c1-424b-9868-57a2d4851a1d" relativeResultsDirectory="262ef07c-cbce-425e-b996-f2d4564e1acc" />
    <UnitTestResult executionId="c54a81a4-c4fe-4c0a-939d-75a4637a375e" testId="64de8207-d2f2-0b11-e8d3-5f4ca79e44ca" testName="MapLayerType_ShouldBeNull_WhenCalled" computerName="DKSR-EFI-04" duration="00:00:00.0002520" startTime="2023-12-22T09:39:29.0180725+01:00" endTime="2023-12-22T09:39:29.0185297+01:00" testType="13cdc9d9-ddb5-4fa4-a97d-d965ccfc6d4b" outcome="Passed" testListId="8c84fa94-04c1-424b-9868-57a2d4851a1d" relativeResultsDirectory="c54a81a4-c4fe-4c0a-939d-75a4637a375e" />
    <UnitTestResult executionId="182f63ac-8647-4c04-a409-b6636109fe6c" testId="59d7ce5a-9242-f1c0-ee68-764d8def5314" testName="PtzInfoViewModel_PtzReservedByAnonymousOwnUserTest" computerName="DKSR-EFI-04" duration="00:00:00.0008058" startTime="2023-12-22T09:38:32.5295977+01:00" endTime="2023-12-22T09:38:32.5305167+01:00" testType="13cdc9d9-ddb5-4fa4-a97d-d965ccfc6d4b" outcome="Passed" testListId="8c84fa94-04c1-424b-9868-57a2d4851a1d" relativeResultsDirectory="182f63ac-8647-4c04-a409-b6636109fe6c" />
    <UnitTestResult executionId="6d03b495-9c80-4a80-8292-37793db36ff7" testId="acb1a3bd-713e-4d7a-4e0c-8e617e64d48b" testName="SupportsDoubleClick_ShouldBeTrue_WhenInteractionStateIsNormal" computerName="DKSR-EFI-04" duration="00:00:00.0104021" startTime="2023-12-22T09:38:36.4075837+01:00" endTime="2023-12-22T09:38:36.4209074+01:00" testType="13cdc9d9-ddb5-4fa4-a97d-d965ccfc6d4b" outcome="Passed" testListId="8c84fa94-04c1-424b-9868-57a2d4851a1d" relativeResultsDirectory="6d03b495-9c80-4a80-8292-37793db36ff7" />
    <UnitTestResult executionId="6aef9073-6a76-4935-b4b0-00123d7cebc1" testId="bd7d68bd-5950-0934-2e64-6a07c08a54b7" testName="GetUtcToday_DayOffsetIncluded_Success" computerName="DKSR-EFI-04" duration="00:00:00.0004415" startTime="2023-12-22T09:39:13.7874401+01:00" endTime="2023-12-22T09:39:13.7880345+01:00" testType="13cdc9d9-ddb5-4fa4-a97d-d965ccfc6d4b" outcome="Passed" testListId="8c84fa94-04c1-424b-9868-57a2d4851a1d" relativeResultsDirectory="6aef9073-6a76-4935-b4b0-00123d7cebc1" />
    <UnitTestResult executionId="22f7b5c9-d1ae-4d8d-bab2-b3542b66c172" testId="bdaa8c04-85d7-4ee8-e951-82186f7309ad" testName="PtzSessionController_Constructor_Test" computerName="DKSR-EFI-04" duration="00:00:00.0048597" startTime="2023-12-22T09:38:32.0296321+01:00" endTime="2023-12-22T09:38:32.0349537+01:00" testType="13cdc9d9-ddb5-4fa4-a97d-d965ccfc6d4b" outcome="Passed" testListId="8c84fa94-04c1-424b-9868-57a2d4851a1d" relativeResultsDirectory="22f7b5c9-d1ae-4d8d-bab2-b3542b66c172" />
    <UnitTestResult executionId="f9b4580c-df93-438d-a362-0cc4caa4bf01" testId="8893b278-aa55-a685-d169-59d2e6a2a2db" testName="AssignPanTiltValue_WhenValueMax_ShouldReturnMaxValue" computerName="DKSR-EFI-04" duration="00:00:00.0001126" startTime="2023-12-22T09:38:32.5628594+01:00" endTime="2023-12-22T09:38:32.5630877+01:00" testType="13cdc9d9-ddb5-4fa4-a97d-d965ccfc6d4b" outcome="Passed" testListId="8c84fa94-04c1-424b-9868-57a2d4851a1d" relativeResultsDirectory="f9b4580c-df93-438d-a362-0cc4caa4bf01" />
    <UnitTestResult executionId="4a3d3b8f-b8ea-44ff-8835-519e5e059578" testId="84ba2f48-d35e-2565-b5d6-9096907c8416" testName="CreateDefinition_DisposeModelWhileWaitingForStartSearch_ModelDisposed" computerName="DKSR-EFI-04" duration="00:00:00.0052093" startTime="2023-12-22T09:39:14.2376870+01:00" endTime="2023-12-22T09:39:14.2430410+01:00" testType="13cdc9d9-ddb5-4fa4-a97d-d965ccfc6d4b" outcome="Passed" testListId="8c84fa94-04c1-424b-9868-57a2d4851a1d" relativeResultsDirectory="4a3d3b8f-b8ea-44ff-8835-519e5e059578" />
    <UnitTestResult executionId="a6a226b4-8647-4935-8aa2-9b123460c288" testId="727eace4-6f24-f89e-4093-133963eb0bdd" testName="IsOutputEnabled_ShouldBeFalse_WhenOutputIsDisabled" computerName="DKSR-EFI-04" duration="00:00:00.0135397" startTime="2023-12-22T09:39:29.7118291+01:00" endTime="2023-12-22T09:39:29.7278380+01:00" testType="13cdc9d9-ddb5-4fa4-a97d-d965ccfc6d4b" outcome="Passed" testListId="8c84fa94-04c1-424b-9868-57a2d4851a1d" relativeResultsDirectory="a6a226b4-8647-4935-8aa2-9b123460c288" />
    <UnitTestResult executionId="25bb30f9-5235-4a68-a0c4-1a502ac3146d" testId="b09a1385-ea97-6649-75a7-4f5d4ef865f4" testName="TestProperties_Note_Success" computerName="DKSR-EFI-04" duration="00:00:00.0058766" startTime="2023-12-22T09:39:30.9854368+01:00" endTime="2023-12-22T09:39:30.9914643+01:00" testType="13cdc9d9-ddb5-4fa4-a97d-d965ccfc6d4b" outcome="Passed" testListId="8c84fa94-04c1-424b-9868-57a2d4851a1d" relativeResultsDirectory="25bb30f9-5235-4a68-a0c4-1a502ac3146d" />
    <UnitTestResult executionId="13864d3f-43f4-4258-ae5f-6dbaab7ef96a" testId="06bd11df-bf70-d0e2-a507-7181600bcc81" testName="AndOrSearchDefinitionToCornerRadiusMultiConverter_CallConvert_FirstAnd" computerName="DKSR-EFI-04" duration="00:00:00.0006408" startTime="2023-12-22T09:38:59.0007144+01:00" endTime="2023-12-22T09:38:59.0049153+01:00" testType="13cdc9d9-ddb5-4fa4-a97d-d965ccfc6d4b" outcome="Passed" testListId="8c84fa94-04c1-424b-9868-57a2d4851a1d" relativeResultsDirectory="13864d3f-43f4-4258-ae5f-6dbaab7ef96a" />
    <UnitTestResult executionId="7abf9aa6-a1fb-49b0-8f35-dab6c47ecee4" testId="01c01ca3-1cfc-215a-ffeb-b8e6d0ef2e1f" testName="Dispose_Success" computerName="DKSR-EFI-04" duration="00:00:00.0008574" startTime="2023-12-22T09:39:10.2767456+01:00" endTime="2023-12-22T09:39:10.2777498+01:00" testType="13cdc9d9-ddb5-4fa4-a97d-d965ccfc6d4b" outcome="Passed" testListId="8c84fa94-04c1-424b-9868-57a2d4851a1d" relativeResultsDirectory="7abf9aa6-a1fb-49b0-8f35-dab6c47ecee4" />
    <UnitTestResult executionId="d6173db6-e6f4-45c7-a712-3407f7d4fa0e" testId="a0ce8b18-c0e1-b20c-c79e-d473edcc8518" testName="SearchResultsActionBarActions_EditBookmark_ResultMovedOutOfSearchScope_EditBookmarkInvokedAndSearchStarted" computerName="DKSR-EFI-04" duration="00:00:00.0124671" startTime="2023-12-22T09:39:10.9912213+01:00" endTime="2023-12-22T09:39:11.0038549+01:00" testType="13cdc9d9-ddb5-4fa4-a97d-d965ccfc6d4b" outcome="Passed" testListId="8c84fa94-04c1-424b-9868-57a2d4851a1d" relativeResultsDirectory="d6173db6-e6f4-45c7-a712-3407f7d4fa0e" />
    <UnitTestResult executionId="2c203ce3-7472-4da4-a0e9-a4febf55cfac" testId="074b42c5-f1ad-52e6-005b-319d157cb31a" testName="ShouldReturnTrueFirstTimeAndFalseWhenNothingChanged" computerName="DKSR-EFI-04" duration="00:00:00.0113473" startTime="2023-12-22T09:38:38.7774998+01:00" endTime="2023-12-22T09:38:38.7891369+01:00" testType="13cdc9d9-ddb5-4fa4-a97d-d965ccfc6d4b" outcome="Passed" testListId="8c84fa94-04c1-424b-9868-57a2d4851a1d" relativeResultsDirectory="2c203ce3-7472-4da4-a0e9-a4febf55cfac" />
    <UnitTestResult executionId="3f9f842c-7c2d-40e8-a01b-57ed52d0a346" testId="03a16989-cfc5-ab34-8c7c-ef90806b02a7" testName="Ctor_NullArgs_ArgNullException" computerName="DKSR-EFI-04" duration="00:00:00.0070977" startTime="2023-12-22T09:39:10.2782032+01:00" endTime="2023-12-22T09:39:10.2855665+01:00" testType="13cdc9d9-ddb5-4fa4-a97d-d965ccfc6d4b" outcome="Passed" testListId="8c84fa94-04c1-424b-9868-57a2d4851a1d" relativeResultsDirectory="3f9f842c-7c2d-40e8-a01b-57ed52d0a346" />
    <UnitTestResult executionId="c31acec8-91d2-48e3-9e00-9fa5d8d06b57" testId="e1ce66f6-03d2-e28b-bcfb-64c1c424a716" testName="OnLoaded_NullSmartMapControl_DoesNotCrash" computerName="DKSR-EFI-04" duration="00:00:00.0092227" startTime="2023-12-22T09:39:10.0077422+01:00" endTime="2023-12-22T09:39:10.0193136+01:00" testType="13cdc9d9-ddb5-4fa4-a97d-d965ccfc6d4b" outcome="Passed" testListId="8c84fa94-04c1-424b-9868-57a2d4851a1d" relativeResultsDirectory="c31acec8-91d2-48e3-9e00-9fa5d8d06b57" />
    <UnitTestResult executionId="7c395173-dd75-4e25-b262-19706416ff70" testId="13732851-1316-f3ba-505c-1b7f66e1148d" testName="SmartSearchResultDto_ShouldYieldSameValues_WhenRoundTripConverted" computerName="DKSR-EFI-04" duration="00:00:00.0012082" startTime="2023-12-22T09:38:29.7430422+01:00" endTime="2023-12-22T09:38:29.7443502+01:00" testType="13cdc9d9-ddb5-4fa4-a97d-d965ccfc6d4b" outcome="Passed" testListId="8c84fa94-04c1-424b-9868-57a2d4851a1d" relativeResultsDirectory="7c395173-dd75-4e25-b262-19706416ff70" />
    <UnitTestResult executionId="14078e55-a045-47ba-a194-df3104031068" testId="3787704c-f9e0-e566-1c87-02188e388c59" testName="PtzSessionControllerInfo_UserChangedTest_Different_User_Type" computerName="DKSR-EFI-04" duration="00:00:00.0002093" startTime="2023-12-22T09:38:32.1855756+01:00" endTime="2023-12-22T09:38:32.1859132+01:00" testType="13cdc9d9-ddb5-4fa4-a97d-d965ccfc6d4b" outcome="Passed" testListId="8c84fa94-04c1-424b-9868-57a2d4851a1d" relativeResultsDirectory="14078e55-a045-47ba-a194-df3104031068" />
    <UnitTestResult executionId="d557cac8-4ac2-478d-a3ac-025aa79d81d6" testId="80e1e452-82cf-b088-db40-d28f7d32c62d" testName="EvidenceLock when Other" computerName="DKSR-EFI-04" duration="00:00:00.0166601" startTime="2023-12-22T09:39:32.6751425+01:00" endTime="2023-12-22T09:39:32.8945907+01:00" testType="13cdc9d9-ddb5-4fa4-a97d-d965ccfc6d4b" outcome="Passed" testListId="8c84fa94-04c1-424b-9868-57a2d4851a1d" relativeResultsDirectory="d557cac8-4ac2-478d-a3ac-025aa79d81d6" />
    <UnitTestResult executionId="d3c5c43e-1511-4dfb-8e14-55544959e776" testId="e9c28755-a991-4a05-f44d-1683b9f1f037" testName="TestLoad_WithNullDatagram_Failure" computerName="DKSR-EFI-04" duration="00:00:00.0057974" startTime="2023-12-22T09:39:30.9646040+01:00" endTime="2023-12-22T09:39:30.9706077+01:00" testType="13cdc9d9-ddb5-4fa4-a97d-d965ccfc6d4b" outcome="Passed" testListId="8c84fa94-04c1-424b-9868-57a2d4851a1d" relativeResultsDirectory="d3c5c43e-1511-4dfb-8e14-55544959e776" />
    <UnitTestResult executionId="a5cb820b-598b-4775-874a-8831fa06364a" testId="3d5c9967-0460-2f6a-3450-76146b434884" testName="LoadBoundingShapes_Cancelled_NoBoundingShapesAddedToUI" computerName="DKSR-EFI-04" duration="00:00:00.0126867" startTime="2023-12-22T09:39:26.0466531+01:00" endTime="2023-12-22T09:39:26.0619229+01:00" testType="13cdc9d9-ddb5-4fa4-a97d-d965ccfc6d4b" outcome="Passed" testListId="8c84fa94-04c1-424b-9868-57a2d4851a1d" relativeResultsDirectory="a5cb820b-598b-4775-874a-8831fa06364a" />
    <UnitTestResult executionId="d07dedfe-3386-47d4-abf9-a8c957ffab07" testId="00898047-0053-d119-5ff1-919a14dc0313" testName="WorkspaceToolBarItemEvidenceLockCreate_ShouldGoIntoSelectionMode_WhenNotInSelectionMode" computerName="DKSR-EFI-04" duration="00:00:00.0020164" startTime="2023-12-22T09:39:34.2915261+01:00" endTime="2023-12-22T09:39:34.2936993+01:00" testType="13cdc9d9-ddb5-4fa4-a97d-d965ccfc6d4b" outcome="Passed" testListId="8c84fa94-04c1-424b-9868-57a2d4851a1d" relativeResultsDirectory="d07dedfe-3386-47d4-abf9-a8c957ffab07" />
    <UnitTestResult executionId="a35b5c5e-7999-4039-b752-3e51377d4207" testId="92049893-c7c1-0d80-70d7-8d0471e997cf" testName="EndSelection_ShouldStartInPlaceEditMode_WhenItemIsTheOnlySelectedItem" computerName="DKSR-EFI-04" duration="00:00:00.0050202" startTime="2023-12-22T09:38:36.1567553+01:00" endTime="2023-12-22T09:38:36.1642195+01:00" testType="13cdc9d9-ddb5-4fa4-a97d-d965ccfc6d4b" outcome="Passed" testListId="8c84fa94-04c1-424b-9868-57a2d4851a1d" relativeResultsDirectory="a35b5c5e-7999-4039-b752-3e51377d4207" />
    <UnitTestResult executionId="3cd62b08-0f5a-4e7d-bb44-2e81d133b700" testId="9a20c48e-d269-b782-9e2c-26946688cee6" testName="BoundingBoxClear" computerName="DKSR-EFI-04" duration="00:00:00.0035915" startTime="2023-12-22T09:39:34.8523845+01:00" endTime="2023-12-22T09:39:34.8561327+01:00" testType="13cdc9d9-ddb5-4fa4-a97d-d965ccfc6d4b" outcome="Passed" testListId="8c84fa94-04c1-424b-9868-57a2d4851a1d" relativeResultsDirectory="3cd62b08-0f5a-4e7d-bb44-2e81d133b700" />
    <UnitTestResult executionId="838d7b06-4626-4fe5-8d54-2eec6fa22857" testId="2d0e7e74-3dc2-b64e-e8df-81c281af4e3d" testName="SupportsRightClick_ShouldBeFalse_WhenInteractionStateIsNotNormal" computerName="DKSR-EFI-04" duration="00:00:00.0410276" startTime="2023-12-22T09:38:38.2255273+01:00" endTime="2023-12-22T09:38:38.2692228+01:00" testType="13cdc9d9-ddb5-4fa4-a97d-d965ccfc6d4b" outcome="Passed" testListId="8c84fa94-04c1-424b-9868-57a2d4851a1d" relativeResultsDirectory="838d7b06-4626-4fe5-8d54-2eec6fa22857" />
    <UnitTestResult executionId="6d42a35a-13c3-4bdf-99dc-9fdaa8920749" testId="b4b53b4f-883e-94e0-fef4-aaf250b86eec" testName="PtzSessionController_Unregister_Camera_Test" computerName="DKSR-EFI-04" duration="00:00:00.0042278" startTime="2023-12-22T09:38:32.1542965+01:00" endTime="2023-12-22T09:38:32.1586479+01:00" testType="13cdc9d9-ddb5-4fa4-a97d-d965ccfc6d4b" outcome="Passed" testListId="8c84fa94-04c1-424b-9868-57a2d4851a1d" relativeResultsDirectory="6d42a35a-13c3-4bdf-99dc-9fdaa8920749" />
    <UnitTestResult executionId="1eb7f67e-4140-4fa6-9271-0a45221e87c2" testId="432a45cf-3feb-7030-7c65-5254973ebb20" testName="AddSelectedCameras_WithActiveSearchTemplateAndValidCamera_ActiveSearchTemplateModifiedSet" computerName="DKSR-EFI-04" duration="00:00:00.0186590" startTime="2023-12-22T09:39:11.8484988+01:00" endTime="2023-12-22T09:39:11.8673318+01:00" testType="13cdc9d9-ddb5-4fa4-a97d-d965ccfc6d4b" outcome="Passed" testListId="8c84fa94-04c1-424b-9868-57a2d4851a1d" relativeResultsDirectory="1eb7f67e-4140-4fa6-9271-0a45221e87c2" />
    <UnitTestResult executionId="9d1718a4-e431-4bd4-b615-fa49c507b28b" testId="3204b6d4-271a-3c48-7f1c-1d8f9fa8fb2f" testName="PtzSessionControllerInfo_UserChangedTest_Argument_Null_1" computerName="DKSR-EFI-04" duration="00:00:00.0006426" startTime="2023-12-22T09:38:32.1793638+01:00" endTime="2023-12-22T09:38:32.1801599+01:00" testType="13cdc9d9-ddb5-4fa4-a97d-d965ccfc6d4b" outcome="Passed" testListId="8c84fa94-04c1-424b-9868-57a2d4851a1d" relativeResultsDirectory="9d1718a4-e431-4bd4-b615-fa49c507b28b" />
    <UnitTestResult executionId="ea0fcbeb-0382-4a05-b78d-be43f94b1ab5" testId="d710cb6b-c383-23e9-04a7-380523480bf6" testName="PtzPresetsMenuViewModelConstructorTest" computerName="DKSR-EFI-04" duration="00:00:00.0086785" startTime="2023-12-22T09:38:32.5048868+01:00" endTime="2023-12-22T09:38:32.5138736+01:00" testType="13cdc9d9-ddb5-4fa4-a97d-d965ccfc6d4b" outcome="Passed" testListId="8c84fa94-04c1-424b-9868-57a2d4851a1d" relativeResultsDirectory="ea0fcbeb-0382-4a05-b78d-be43f94b1ab5" />
    <UnitTestResult executionId="2d86f879-4961-4abf-8f6a-003ffa6e658e" testId="2baa9530-1f3b-08c8-d90b-9f25fb854e03" testName="State_ShouldUpdateMicrophoneIconImage_WhenSetToMute" computerName="DKSR-EFI-04" duration="00:00:00.0096936" startTime="2023-12-22T09:39:30.3666125+01:00" endTime="2023-12-22T09:39:30.3787201+01:00" testType="13cdc9d9-ddb5-4fa4-a97d-d965ccfc6d4b" outcome="Passed" testListId="8c84fa94-04c1-424b-9868-57a2d4851a1d" relativeResultsDirectory="2d86f879-4961-4abf-8f6a-003ffa6e658e" />
    <UnitTestResult executionId="4d63d4f5-f3bc-4d82-9891-e5b4e31ceffe" testId="073071ee-a9ec-09b5-e762-5a4e8dd50939" testName="PtzSessionControllerInfoConstructorTest_From_PtzSessionInfo_Patrolling_User" computerName="DKSR-EFI-04" duration="00:00:00.0006201" startTime="2023-12-22T09:38:32.1736672+01:00" endTime="2023-12-22T09:38:32.1744112+01:00" testType="13cdc9d9-ddb5-4fa4-a97d-d965ccfc6d4b" outcome="Passed" testListId="8c84fa94-04c1-424b-9868-57a2d4851a1d" relativeResultsDirectory="4d63d4f5-f3bc-4d82-9891-e5b4e31ceffe" />
    <UnitTestResult executionId="66e0814c-f644-4e79-b446-c15bdad9bd14" testId="d8c85228-fbef-6713-8b24-27f4eac58477" testName="AddMapLayer_CheckPersistedDatagramUpdated_And_RolledbackOnEnterSetupMode_Success" computerName="DKSR-EFI-04" duration="00:00:00.0216325" startTime="2023-12-22T09:39:28.8085079+01:00" endTime="2023-12-22T09:39:28.8303065+01:00" testType="13cdc9d9-ddb5-4fa4-a97d-d965ccfc6d4b" outcome="Passed" testListId="8c84fa94-04c1-424b-9868-57a2d4851a1d" relativeResultsDirectory="66e0814c-f644-4e79-b446-c15bdad9bd14" />
    <UnitTestResult executionId="8d804127-08c0-458a-a452-368bb21fbbea" testId="9a38b1c7-2744-f7db-489b-6f81a442d11b" testName="ResolveSearchDefinitions_ShouldReturnResultSearchDefinition_WhenCombinedSearchResultWithSingleSubResultAndSearchDefinitionsContainingCorrectSearchDefinitionsAreGiven" computerName="DKSR-EFI-04" duration="00:00:00.0006080" startTime="2023-12-22T09:39:13.8502143+01:00" endTime="2023-12-22T09:39:13.8541824+01:00" testType="13cdc9d9-ddb5-4fa4-a97d-d965ccfc6d4b" outcome="Passed" testListId="8c84fa94-04c1-424b-9868-57a2d4851a1d" relativeResultsDirectory="8d804127-08c0-458a-a452-368bb21fbbea" />
    <UnitTestResult executionId="10c0cdc8-d579-4c84-bc1c-715dab26cabd" testId="37ae04ae-6997-0ecf-07a1-64b6d7659569" testName="SearchResultsActionBarActions_Export_OptionStillAvailable_OtherExportOptionsUnavailable_NotVisible" computerName="DKSR-EFI-04" duration="00:00:00.0064698" startTime="2023-12-22T09:39:10.7840276+01:00" endTime="2023-12-22T09:39:10.7906408+01:00" testType="13cdc9d9-ddb5-4fa4-a97d-d965ccfc6d4b" outcome="Passed" testListId="8c84fa94-04c1-424b-9868-57a2d4851a1d" relativeResultsDirectory="10c0cdc8-d579-4c84-bc1c-715dab26cabd" />
    <UnitTestResult executionId="696fbed3-2347-4a35-bc78-6e75c56cc16b" testId="35b5f995-b2f1-b0ad-4d21-7b40aa694ec8" testName="ClearSelectedCamerasCommand_NonEmptyList_ListCleared" computerName="DKSR-EFI-04" duration="00:00:00.0061570" startTime="2023-12-22T09:39:12.7009228+01:00" endTime="2023-12-22T09:39:12.7072242+01:00" testType="13cdc9d9-ddb5-4fa4-a97d-d965ccfc6d4b" outcome="Passed" testListId="8c84fa94-04c1-424b-9868-57a2d4851a1d" relativeResultsDirectory="696fbed3-2347-4a35-bc78-6e75c56cc16b" />
    <UnitTestResult executionId="73ab9e15-616d-4e11-a3bc-368eea389f00" testId="8a4d4995-3c1b-876f-b006-d12439f37a6d" testName="AndOrSearchDefinitionToVisibilityMultiConverter_CallConvert_FirstInList" computerName="DKSR-EFI-04" duration="00:00:00.0012398" startTime="2023-12-22T09:38:58.9924401+01:00" endTime="2023-12-22T09:38:58.9938261+01:00" testType="13cdc9d9-ddb5-4fa4-a97d-d965ccfc6d4b" outcome="Passed" testListId="8c84fa94-04c1-424b-9868-57a2d4851a1d" relativeResultsDirectory="73ab9e15-616d-4e11-a3bc-368eea389f00" />
    <UnitTestResult executionId="d3efb930-0578-484f-bc78-6dd28a756b51" testId="fbac2a6f-2233-86d4-ebd9-d19d11941509" testName="CloseDeviceSelectorUserControl_ShouldSetUserControlNull_Always" computerName="DKSR-EFI-04" duration="00:00:00.0054913" startTime="2023-12-22T09:38:34.9244826+01:00" endTime="2023-12-22T09:38:34.9320980+01:00" testType="13cdc9d9-ddb5-4fa4-a97d-d965ccfc6d4b" outcome="Passed" testListId="8c84fa94-04c1-424b-9868-57a2d4851a1d" relativeResultsDirectory="d3efb930-0578-484f-bc78-6dd28a756b51" />
    <UnitTestResult executionId="7515caf8-9eba-44e4-a357-8680bf0cecb9" testId="54618795-0b49-cc31-65f0-11068addceea" testName="ScrollWheelInTileLayout_ScrollDownWithoutCtrl_NoChangeInItemSize" computerName="DKSR-EFI-04" duration="00:00:00.7357350" startTime="2023-12-22T09:38:53.1856746+01:00" endTime="2023-12-22T09:38:53.9245640+01:00" testType="13cdc9d9-ddb5-4fa4-a97d-d965ccfc6d4b" outcome="Passed" testListId="8c84fa94-04c1-424b-9868-57a2d4851a1d" relativeResultsDirectory="7515caf8-9eba-44e4-a357-8680bf0cecb9" />
    <UnitTestResult executionId="9143f465-a600-471f-abee-e0149788f8a4" testId="3346e13c-f7e8-cb19-f9f1-938fc47b8c60" testName="ValidateExportFormats_VideoClipFormat_ShouldReturnFailResult_NoAudioToExport" computerName="DKSR-EFI-04" duration="00:00:00.0203192" startTime="2023-12-22T09:38:40.9136284+01:00" endTime="2023-12-22T09:38:40.9341072+01:00" testType="13cdc9d9-ddb5-4fa4-a97d-d965ccfc6d4b" outcome="Passed" testListId="8c84fa94-04c1-424b-9868-57a2d4851a1d" relativeResultsDirectory="9143f465-a600-471f-abee-e0149788f8a4" />
    <UnitTestResult executionId="54a823b7-93cd-447a-aacc-9b8356dde4f6" testId="f9180ab0-97a0-1d07-1493-896e111e86f4" testName="TryGetOsmServerTileAddress_ShouldSetEmptyUriAddress_WhenOsmServerAddressIsEmpty" computerName="DKSR-EFI-04" duration="00:00:00.0002119" startTime="2023-12-22T09:39:31.3398039+01:00" endTime="2023-12-22T09:39:31.3401781+01:00" testType="13cdc9d9-ddb5-4fa4-a97d-d965ccfc6d4b" outcome="Passed" testListId="8c84fa94-04c1-424b-9868-57a2d4851a1d" relativeResultsDirectory="54a823b7-93cd-447a-aacc-9b8356dde4f6" />
    <UnitTestResult executionId="3e1eb042-38b6-4351-ad8a-776bd3f3dc97" testId="e833bb24-3fa7-84ca-0015-97d61c5799eb" testName="HandleGetDeviceData_ShouldReturnNotFoundDeviceData_WhenNotSupportedKind" computerName="DKSR-EFI-04" duration="00:00:00.0263634" startTime="2023-12-22T09:38:39.6715890+01:00" endTime="2023-12-22T09:38:39.6981352+01:00" testType="13cdc9d9-ddb5-4fa4-a97d-d965ccfc6d4b" outcome="Passed" testListId="8c84fa94-04c1-424b-9868-57a2d4851a1d" relativeResultsDirectory="3e1eb042-38b6-4351-ad8a-776bd3f3dc97" />
    <UnitTestResult executionId="1a02a6fb-685a-442e-90b5-7634cb973a22" testId="455c6da2-80f5-0fe8-cc92-891d7de0d2ac" testName="StartSelection_ShouldClearAnyExistingSelections_WhenNotAddingToExitingSelection" computerName="DKSR-EFI-04" duration="00:00:00.0191044" startTime="2023-12-22T09:38:36.1129887+01:00" endTime="2023-12-22T09:38:36.1348941+01:00" testType="13cdc9d9-ddb5-4fa4-a97d-d965ccfc6d4b" outcome="Passed" testListId="8c84fa94-04c1-424b-9868-57a2d4851a1d" relativeResultsDirectory="1a02a6fb-685a-442e-90b5-7634cb973a22" />
    <UnitTestResult executionId="01bbf0f9-299d-420f-b1a6-6a9b1a66c6aa" testId="ab87a2ac-ff1e-bd5f-59b1-9c79c2ca68fe" testName="ToUnsafeName_UnderscoreSeperator_Failure" computerName="DKSR-EFI-04" duration="00:00:00.0002443" startTime="2023-12-22T09:39:38.6200103+01:00" endTime="2023-12-22T09:39:38.6203997+01:00" testType="13cdc9d9-ddb5-4fa4-a97d-d965ccfc6d4b" outcome="Passed" testListId="8c84fa94-04c1-424b-9868-57a2d4851a1d" relativeResultsDirectory="01bbf0f9-299d-420f-b1a6-6a9b1a66c6aa" />
    <UnitTestResult executionId="f3c26c76-123e-4771-b351-a27d2fa0fa1a" testId="da74414c-6059-a1d1-7697-c9f6a432ab01" testName="UpdateAction_SingleAcceptedAndSingleRejected_EnabledAndAddSuffixToToolTip" computerName="DKSR-EFI-04" duration="00:00:00.0012679" startTime="2023-12-22T09:39:11.4540352+01:00" endTime="2023-12-22T09:39:11.4554333+01:00" testType="13cdc9d9-ddb5-4fa4-a97d-d965ccfc6d4b" outcome="Passed" testListId="8c84fa94-04c1-424b-9868-57a2d4851a1d" relativeResultsDirectory="f3c26c76-123e-4771-b351-a27d2fa0fa1a" />
    <UnitTestResult executionId="edaaccf2-930d-44fd-80d6-44fafd3a58e1" testId="a45efc73-9982-c081-715a-b39f84b6a0cd" testName="OpenEditAndChangeAttributeValue_ValidChange_EditValueUpdated" computerName="DKSR-EFI-04" duration="00:00:00.0116718" startTime="2023-12-22T09:39:10.2384090+01:00" endTime="2023-12-22T09:39:10.2525617+01:00" testType="13cdc9d9-ddb5-4fa4-a97d-d965ccfc6d4b" outcome="Passed" testListId="8c84fa94-04c1-424b-9868-57a2d4851a1d" relativeResultsDirectory="edaaccf2-930d-44fd-80d6-44fafd3a58e1" />
    <UnitTestResult executionId="3d2d7f0c-f845-49a0-95bb-e335f09b8ff3" testId="7121c8df-41fa-8d5a-4925-b5acec70433e" testName="AddSelectedWindowsToExport_ShouldShowCorrectToastMessages (1,0,0)" computerName="DKSR-EFI-04" duration="00:00:00.0022207" startTime="2023-12-22T09:39:33.7178900+01:00" endTime="2023-12-22T09:39:33.7203004+01:00" testType="13cdc9d9-ddb5-4fa4-a97d-d965ccfc6d4b" outcome="Passed" testListId="8c84fa94-04c1-424b-9868-57a2d4851a1d" relativeResultsDirectory="3d2d7f0c-f845-49a0-95bb-e335f09b8ff3" />
    <UnitTestResult executionId="7a7e8b69-c91f-4948-8fbc-7f53e83b52f7" testId="c2ad7c56-01cc-4375-d0d2-2742c681c744" testName="Deactivated_Success" computerName="DKSR-EFI-04" duration="00:00:00.0038289" startTime="2023-12-22T09:38:41.2259269+01:00" endTime="2023-12-22T09:38:41.2298808+01:00" testType="13cdc9d9-ddb5-4fa4-a97d-d965ccfc6d4b" outcome="Passed" testListId="8c84fa94-04c1-424b-9868-57a2d4851a1d" relativeResultsDirectory="7a7e8b69-c91f-4948-8fbc-7f53e83b52f7" />
    <UnitTestResult executionId="0ff65fd6-d9cd-46bf-b1e5-2c82d9e7ba1c" testId="7ca8a434-7012-c34d-5866-6521f620a2e4" testName="TestReloadView_Success" computerName="DKSR-EFI-04" duration="00:00:00.0074305" startTime="2023-12-22T09:38:31.7188386+01:00" endTime="2023-12-22T09:38:31.7264234+01:00" testType="13cdc9d9-ddb5-4fa4-a97d-d965ccfc6d4b" outcome="Passed" testListId="8c84fa94-04c1-424b-9868-57a2d4851a1d" relativeResultsDirectory="0ff65fd6-d9cd-46bf-b1e5-2c82d9e7ba1c" />
    <UnitTestResult executionId="ef3f34fb-d15d-40b2-aab2-75f9a013198c" testId="e288d304-5f35-f382-d06b-9b0ed9edf0e1" testName="ToSafeName_NullName_Failure" computerName="DKSR-EFI-04" duration="00:00:00.0006532" startTime="2023-12-22T09:39:38.6112112+01:00" endTime="2023-12-22T09:39:38.6121502+01:00" testType="13cdc9d9-ddb5-4fa4-a97d-d965ccfc6d4b" outcome="Passed" testListId="8c84fa94-04c1-424b-9868-57a2d4851a1d" relativeResultsDirectory="ef3f34fb-d15d-40b2-aab2-75f9a013198c" />
    <UnitTestResult executionId="3b4f57ea-aa11-4104-93dc-b6c35d53818d" testId="b292696a-1665-7718-2677-c233de8e9b49" testName="UserHasDeletePublicSearchPermission_HasDeletePermission_ReturnsTrue" computerName="DKSR-EFI-04" duration="00:00:00.0003708" startTime="2023-12-22T09:39:13.9527242+01:00" endTime="2023-12-22T09:39:13.9532377+01:00" testType="13cdc9d9-ddb5-4fa4-a97d-d965ccfc6d4b" outcome="Passed" testListId="8c84fa94-04c1-424b-9868-57a2d4851a1d" relativeResultsDirectory="3b4f57ea-aa11-4104-93dc-b6c35d53818d" />
    <UnitTestResult executionId="fc91a6d7-3004-4da8-9f75-ed5aa598032c" testId="7f983a5e-5f3c-ed76-0115-273409a0ed19" testName="SupportsRightClick_ShouldBeTrue_WhenInteractionStateIsNormal" computerName="DKSR-EFI-04" duration="00:00:00.0173161" startTime="2023-12-22T09:38:36.8672052+01:00" endTime="2023-12-22T09:38:36.8872748+01:00" testType="13cdc9d9-ddb5-4fa4-a97d-d965ccfc6d4b" outcome="Passed" testListId="8c84fa94-04c1-424b-9868-57a2d4851a1d" relativeResultsDirectory="fc91a6d7-3004-4da8-9f75-ed5aa598032c" />
    <UnitTestResult executionId="172aef32-24ed-47d2-b733-a52f08e7cd6b" testId="49c08253-b1e4-f17b-bbba-a7e45be6cbd0" testName="ToUnsafeName_NullName_Failure" computerName="DKSR-EFI-04" duration="00:00:00.0005735" startTime="2023-12-22T09:39:38.6181799+01:00" endTime="2023-12-22T09:39:38.6189257+01:00" testType="13cdc9d9-ddb5-4fa4-a97d-d965ccfc6d4b" outcome="Passed" testListId="8c84fa94-04c1-424b-9868-57a2d4851a1d" relativeResultsDirectory="172aef32-24ed-47d2-b733-a52f08e7cd6b" />
    <UnitTestResult executionId="6e60398b-7f25-448e-8048-7f5d11b9eb1d" testId="fca58915-8fae-a999-eb21-fb7a250b2818" testName="Deserialize_ScopeOnly_ErrorReported" computerName="DKSR-EFI-04" duration="00:00:00.0059634" startTime="2023-12-22T09:39:14.4160527+01:00" endTime="2023-12-22T09:39:14.4221708+01:00" testType="13cdc9d9-ddb5-4fa4-a97d-d965ccfc6d4b" outcome="Passed" testListId="8c84fa94-04c1-424b-9868-57a2d4851a1d" relativeResultsDirectory="6e60398b-7f25-448e-8048-7f5d11b9eb1d" />
    <UnitTestResult executionId="b3100867-ee09-4d1a-84bf-f080111065d6" testId="c37e3ceb-4de2-f887-5ba0-5f1d4459693f" testName="DateToStringConverter_MultiConvertInvalidInput_UnsetValue" computerName="DKSR-EFI-04" duration="00:00:00.0003339" startTime="2023-12-22T09:38:59.0243167+01:00" endTime="2023-12-22T09:38:59.0247876+01:00" testType="13cdc9d9-ddb5-4fa4-a97d-d965ccfc6d4b" outcome="Passed" testListId="8c84fa94-04c1-424b-9868-57a2d4851a1d" relativeResultsDirectory="b3100867-ee09-4d1a-84bf-f080111065d6" />
    <UnitTestResult executionId="dbd10a99-d834-4392-9105-bfcaa9e207e5" testId="63df17ff-7d87-8f4d-112e-c1a3760436bb" testName="GetDuration_AllCombined_Success" computerName="DKSR-EFI-04" duration="00:00:00.0002412" startTime="2023-12-22T09:39:13.7783277+01:00" endTime="2023-12-22T09:39:13.7786951+01:00" testType="13cdc9d9-ddb5-4fa4-a97d-d965ccfc6d4b" outcome="Passed" testListId="8c84fa94-04c1-424b-9868-57a2d4851a1d" relativeResultsDirectory="dbd10a99-d834-4392-9105-bfcaa9e207e5" />
    <UnitTestResult executionId="25a5ac44-71f3-488a-946a-5f2944fd4678" testId="47224733-ad21-5fec-3afd-19ad43870d88" testName="Constructor_ShouldThrowAnException_WhenWorkroomIsNull" computerName="DKSR-EFI-04" duration="00:00:00.0026775" startTime="2023-12-22T09:39:33.8648764+01:00" endTime="2023-12-22T09:39:33.8709845+01:00" testType="13cdc9d9-ddb5-4fa4-a97d-d965ccfc6d4b" outcome="Passed" testListId="8c84fa94-04c1-424b-9868-57a2d4851a1d" relativeResultsDirectory="25a5ac44-71f3-488a-946a-5f2944fd4678" />
    <UnitTestResult executionId="f6fd42a2-88f3-409b-9262-930f032beee1" testId="6681258b-ffc2-f0da-0c92-25b111f465fa" testName="OnMarkerSelected_ShouldAddMarkerToSelectionButNotStartInPlaceEditing_WhenExistingSelectionAndAddToSelectionIsTrue" computerName="DKSR-EFI-04" duration="00:00:00.0067641" startTime="2023-12-22T09:38:36.1870137+01:00" endTime="2023-12-22T09:38:36.1961147+01:00" testType="13cdc9d9-ddb5-4fa4-a97d-d965ccfc6d4b" outcome="Passed" testListId="8c84fa94-04c1-424b-9868-57a2d4851a1d" relativeResultsDirectory="f6fd42a2-88f3-409b-9262-930f032beee1" />
    <UnitTestResult executionId="489a6b57-3e66-4525-8b7b-c0cc153503c3" testId="015cbbb2-3ae8-0f0d-d16b-d3a0e1ee3da3" testName="OnMarkerRightClicked_ShouldUseCrossTypeMenuItems_WhenInSetupModeAndMultipleItemsFromDifferentLayersIncludingAtLeastOneCameraAreSelected" computerName="DKSR-EFI-04" duration="00:00:00.0159727" startTime="2023-12-22T09:38:36.0709618+01:00" endTime="2023-12-22T09:38:36.0895696+01:00" testType="13cdc9d9-ddb5-4fa4-a97d-d965ccfc6d4b" outcome="Passed" testListId="8c84fa94-04c1-424b-9868-57a2d4851a1d" relativeResultsDirectory="489a6b57-3e66-4525-8b7b-c0cc153503c3" />
    <UnitTestResult executionId="5e152555-1bc8-431d-90bb-3187dea9d826" testId="c66f0344-0d06-e154-dea7-64ff1ea75851" testName="MarkerFactory_WhenMapItemIsGiven_ShouldReturnMarker" computerName="DKSR-EFI-04" duration="00:00:00.1640277" startTime="2023-12-22T09:38:39.1242571+01:00" endTime="2023-12-22T09:38:39.2909163+01:00" testType="13cdc9d9-ddb5-4fa4-a97d-d965ccfc6d4b" outcome="Passed" testListId="8c84fa94-04c1-424b-9868-57a2d4851a1d" relativeResultsDirectory="5e152555-1bc8-431d-90bb-3187dea9d826" />
    <UnitTestResult executionId="cac948bb-2f5a-4310-ab9a-340e9c4102b8" testId="f710e014-90ce-d71f-9c5f-5c71e6c4af0c" testName="Execute_CopyToClipboardCommand_ClipboardContainsText" computerName="DKSR-EFI-04" duration="00:00:00.0081496" startTime="2023-12-22T09:39:33.3097386+01:00" endTime="2023-12-22T09:39:33.3180370+01:00" testType="13cdc9d9-ddb5-4fa4-a97d-d965ccfc6d4b" outcome="Passed" testListId="8c84fa94-04c1-424b-9868-57a2d4851a1d" relativeResultsDirectory="cac948bb-2f5a-4310-ab9a-340e9c4102b8" />
    <UnitTestResult executionId="45be221e-a0ad-4e67-a748-3f0d952f6f01" testId="7ca40658-07ed-4fea-d08c-7887f7c6e388" testName="SearchDefinitionCountSet_SameValue_NoEventFired" computerName="DKSR-EFI-04" duration="00:00:00.0013996" startTime="2023-12-22T09:39:14.4830833+01:00" endTime="2023-12-22T09:39:14.4846260+01:00" testType="13cdc9d9-ddb5-4fa4-a97d-d965ccfc6d4b" outcome="Passed" testListId="8c84fa94-04c1-424b-9868-57a2d4851a1d" relativeResultsDirectory="45be221e-a0ad-4e67-a748-3f0d952f6f01" />
    <UnitTestResult executionId="c4b2db75-fda8-40e0-9801-352c9b34606a" testId="12b1647d-efe3-c366-079d-2236800d0935" testName="SearchResultsActionBarActions_Export_OptionAvailable_Enabled" computerName="DKSR-EFI-04" duration="00:00:00.0063973" startTime="2023-12-22T09:39:10.7541664+01:00" endTime="2023-12-22T09:39:10.7607080+01:00" testType="13cdc9d9-ddb5-4fa4-a97d-d965ccfc6d4b" outcome="Passed" testListId="8c84fa94-04c1-424b-9868-57a2d4851a1d" relativeResultsDirectory="c4b2db75-fda8-40e0-9801-352c9b34606a" />
    <UnitTestResult executionId="04f5cfcb-f283-443a-84c5-e6f41b0737a9" testId="0c425759-ee83-6c6c-bbbc-12b94eca1c61" testName="BuildMapOptions_ShouldHandleEnumOptionsCorrectly (GisMapOpenStreetMapGeographicLayer,Available,True)" computerName="DKSR-EFI-04" duration="00:00:00.0019656" startTime="2023-12-22T09:39:38.5019259+01:00" endTime="2023-12-22T09:39:38.5041200+01:00" testType="13cdc9d9-ddb5-4fa4-a97d-d965ccfc6d4b" outcome="Passed" testListId="8c84fa94-04c1-424b-9868-57a2d4851a1d" relativeResultsDirectory="04f5cfcb-f283-443a-84c5-e6f41b0737a9" />
    <UnitTestResult executionId="d569d33f-b091-412d-a678-de2ecd985b45" testId="c34f42eb-c62c-cd70-fefe-eae8d43a9ea6" testName="OnMarkerSelected_ShouldSelectMarker_WhenNoExistingSelectionAndAddToSelectionIsTrue" computerName="DKSR-EFI-04" duration="00:00:00.0045821" startTime="2023-12-22T09:38:36.1796518+01:00" endTime="2023-12-22T09:38:36.1865215+01:00" testType="13cdc9d9-ddb5-4fa4-a97d-d965ccfc6d4b" outcome="Passed" testListId="8c84fa94-04c1-424b-9868-57a2d4851a1d" relativeResultsDirectory="d569d33f-b091-412d-a678-de2ecd985b45" />
    <UnitTestResult executionId="a7aedfd5-1b23-49a4-894f-f8945fd61586" testId="787ee61a-eea4-f68b-10a6-56765d45d4e8" testName="Remove_ShouldRemoveViewItemFromIncludedViewItemsForSelectedView" computerName="DKSR-EFI-04" duration="00:00:00.0008698" startTime="2023-12-22T09:38:32.2138656+01:00" endTime="2023-12-22T09:38:32.2149045+01:00" testType="13cdc9d9-ddb5-4fa4-a97d-d965ccfc6d4b" outcome="Passed" testListId="8c84fa94-04c1-424b-9868-57a2d4851a1d" relativeResultsDirectory="a7aedfd5-1b23-49a4-894f-f8945fd61586" />
    <UnitTestResult executionId="d730525b-40fb-426b-b4dc-fd446df8b1af" testId="14807a36-cb4f-9f35-8679-aa8746cf4c38" testName="CreateCameraListItem_ShouldCreateEnabledCamera_WhenEnabledParameterIsTrue" computerName="DKSR-EFI-04" duration="00:00:00.0003880" startTime="2023-12-22T09:39:26.2629304+01:00" endTime="2023-12-22T09:39:26.2634591+01:00" testType="13cdc9d9-ddb5-4fa4-a97d-d965ccfc6d4b" outcome="Passed" testListId="8c84fa94-04c1-424b-9868-57a2d4851a1d" relativeResultsDirectory="d730525b-40fb-426b-b4dc-fd446df8b1af" />
    <UnitTestResult executionId="b4ca6af8-25aa-4343-bd5c-fd6c0ad6875e" testId="8c7cfc0f-91dd-5926-50e6-959c77c2ec34" testName="GetFeatures_CameraMapItemsLayer_FeaturesCollected" computerName="DKSR-EFI-04" duration="00:00:00.0483359" startTime="2023-12-22T09:39:28.3445525+01:00" endTime="2023-12-22T09:39:28.3931090+01:00" testType="13cdc9d9-ddb5-4fa4-a97d-d965ccfc6d4b" outcome="Passed" testListId="8c84fa94-04c1-424b-9868-57a2d4851a1d" relativeResultsDirectory="b4ca6af8-25aa-4343-bd5c-fd6c0ad6875e" />
    <UnitTestResult executionId="e57f7e52-7167-4f3c-9907-67b87395b005" testId="f3077786-632a-26ad-8d51-86ff9f306fe4" testName="BoundingBoxBrowseTimeChangedTestSameData" computerName="DKSR-EFI-04" duration="00:00:00.0040927" startTime="2023-12-22T09:39:34.9052081+01:00" endTime="2023-12-22T09:39:34.9094447+01:00" testType="13cdc9d9-ddb5-4fa4-a97d-d965ccfc6d4b" outcome="Passed" testListId="8c84fa94-04c1-424b-9868-57a2d4851a1d" relativeResultsDirectory="e57f7e52-7167-4f3c-9907-67b87395b005" />
    <UnitTestResult executionId="ff7bb639-b5c1-41e6-9149-e6324514232e" testId="dae60964-6fd2-ce46-6ae5-e5c61041a0e8" testName="Problem_Repro" computerName="DKSR-EFI-04" duration="00:00:00.1058286" startTime="2023-12-22T09:39:39.2492219+01:00" endTime="2023-12-22T09:39:39.3592404+01:00" testType="13cdc9d9-ddb5-4fa4-a97d-d965ccfc6d4b" outcome="Passed" testListId="8c84fa94-04c1-424b-9868-57a2d4851a1d" relativeResultsDirectory="ff7bb639-b5c1-41e6-9149-e6324514232e" />
    <UnitTestResult executionId="2cade3d4-a0c2-43ba-b56b-afb28bfe1e98" testId="bbaeb53f-2674-b2c2-8841-ab6f6884b997" testName="SearchResultsActionBarActions_AddBookmark_Enabled" computerName="DKSR-EFI-04" duration="00:00:00.0068319" startTime="2023-12-22T09:39:10.8729164+01:00" endTime="2023-12-22T09:39:10.8799130+01:00" testType="13cdc9d9-ddb5-4fa4-a97d-d965ccfc6d4b" outcome="Passed" testListId="8c84fa94-04c1-424b-9868-57a2d4851a1d" relativeResultsDirectory="2cade3d4-a0c2-43ba-b56b-afb28bfe1e98" />
    <UnitTestResult executionId="9c448f45-6811-4228-8a3e-7f7272c3966e" testId="dc737986-5f31-39b1-5b21-1df0ec0bc6e2" testName="AddToExportDevices_ShouldReturnCorrectResult (0,0,5)" computerName="DKSR-EFI-04" duration="00:00:00.0017655" startTime="2023-12-22T09:39:33.6788791+01:00" endTime="2023-12-22T09:39:33.6808106+01:00" testType="13cdc9d9-ddb5-4fa4-a97d-d965ccfc6d4b" outcome="Passed" testListId="8c84fa94-04c1-424b-9868-57a2d4851a1d" relativeResultsDirectory="9c448f45-6811-4228-8a3e-7f7272c3966e" />
    <UnitTestResult executionId="8106f1ef-0cde-4dc9-a249-dfba562d6d73" testId="ed35a7f0-03d4-ea75-0507-862afb897619" testName="RemoveAttributeValueCommand_NotNullValue_AttributeValueCleared" computerName="DKSR-EFI-04" duration="00:00:00.0010613" startTime="2023-12-22T09:39:10.3125752+01:00" endTime="2023-12-22T09:39:10.3137717+01:00" testType="13cdc9d9-ddb5-4fa4-a97d-d965ccfc6d4b" outcome="Passed" testListId="8c84fa94-04c1-424b-9868-57a2d4851a1d" relativeResultsDirectory="8106f1ef-0cde-4dc9-a249-dfba562d6d73" />
    <UnitTestResult executionId="a339ed1d-3be2-4394-8fd9-30bf836a5b81" testId="30772405-8178-0ea1-63c6-a4f72d01f565" testName="Ctor_NullScreen_ThrowsException" computerName="DKSR-EFI-04" duration="00:00:00.0017866" startTime="2023-12-22T09:39:32.2974341+01:00" endTime="2023-12-22T09:39:32.3020159+01:00" testType="13cdc9d9-ddb5-4fa4-a97d-d965ccfc6d4b" outcome="Passed" testListId="8c84fa94-04c1-424b-9868-57a2d4851a1d" relativeResultsDirectory="a339ed1d-3be2-4394-8fd9-30bf836a5b81" />
    <UnitTestResult executionId="a0ef7423-dde1-4f40-88fa-3f6a2f5f1396" testId="149b064f-9ac3-44fb-3775-5acbf6f1cace" testName="TestConstructor_EmptyPolygon_Success" computerName="DKSR-EFI-04" duration="00:00:00.0002314" startTime="2023-12-22T09:39:28.0288790+01:00" endTime="2023-12-22T09:39:28.0293268+01:00" testType="13cdc9d9-ddb5-4fa4-a97d-d965ccfc6d4b" outcome="Passed" testListId="8c84fa94-04c1-424b-9868-57a2d4851a1d" relativeResultsDirectory="a0ef7423-dde1-4f40-88fa-3f6a2f5f1396" />
    <UnitTestResult executionId="bf7e327b-190f-40fe-b54a-e9fb2e106999" testId="d974494d-63ae-7806-8273-c958d7210490" testName="FromByteArray_Success" computerName="DKSR-EFI-04" duration="00:00:00.0076161" startTime="2023-12-22T09:39:36.2705719+01:00" endTime="2023-12-22T09:39:36.2783943+01:00" testType="13cdc9d9-ddb5-4fa4-a97d-d965ccfc6d4b" outcome="Passed" testListId="8c84fa94-04c1-424b-9868-57a2d4851a1d" relativeResultsDirectory="bf7e327b-190f-40fe-b54a-e9fb2e106999" />
    <UnitTestResult executionId="c6e657ef-0d0a-4f35-a5e7-256cb873eef9" testId="7cda1263-ac69-512e-7ac9-aa77b99959cd" testName="GetResultGroups_ShouldReturnOnlyCombinedGroup_WhenAllResultsAreCombined" computerName="DKSR-EFI-04" duration="00:00:00.0024865" startTime="2023-12-22T09:39:11.3300749+01:00" endTime="2023-12-22T09:39:11.3327915+01:00" testType="13cdc9d9-ddb5-4fa4-a97d-d965ccfc6d4b" outcome="Passed" testListId="8c84fa94-04c1-424b-9868-57a2d4851a1d" relativeResultsDirectory="c6e657ef-0d0a-4f35-a5e7-256cb873eef9" />
    <UnitTestResult executionId="bc76c299-9ac6-43c8-b7a2-c8695a158410" testId="6999d28b-b0a1-0e27-60a0-97e9ac879716" testName="PopulateTooltip_SingleResultsFromFewCameras12Hours_ValidText" computerName="DKSR-EFI-04" duration="00:00:00.0305181" startTime="2023-12-22T09:39:07.1504439+01:00" endTime="2023-12-22T09:39:07.1836592+01:00" testType="13cdc9d9-ddb5-4fa4-a97d-d965ccfc6d4b" outcome="Passed" testListId="8c84fa94-04c1-424b-9868-57a2d4851a1d" relativeResultsDirectory="bc76c299-9ac6-43c8-b7a2-c8695a158410" />
    <UnitTestResult executionId="d3d32ba0-7daa-4dd3-b77c-d26291f1afdd" testId="945b4c83-9f91-b5d9-8e70-c736523c2f6f" testName="HandleGetDeviceData_ShouldReturnNotFoundDeviceData_WhenCameraKindAndNonExistingCameraId" computerName="DKSR-EFI-04" duration="00:00:00.0280840" startTime="2023-12-22T09:38:39.5464034+01:00" endTime="2023-12-22T09:38:39.5747126+01:00" testType="13cdc9d9-ddb5-4fa4-a97d-d965ccfc6d4b" outcome="Passed" testListId="8c84fa94-04c1-424b-9868-57a2d4851a1d" relativeResultsDirectory="d3d32ba0-7daa-4dd3-b77c-d26291f1afdd" />
    <UnitTestResult executionId="15a84732-5255-4321-a0aa-daf1d162f1aa" testId="d7c6fd34-24a6-6d61-4f74-e11b861b527b" testName="ToggleMicrophoneStateAsync_ShouldUnMuteMicrophone_WhenMicrophoneWasMuted" computerName="DKSR-EFI-04" duration="00:00:00.0102439" startTime="2023-12-22T09:39:28.1051977+01:00" endTime="2023-12-22T09:39:28.1156140+01:00" testType="13cdc9d9-ddb5-4fa4-a97d-d965ccfc6d4b" outcome="Passed" testListId="8c84fa94-04c1-424b-9868-57a2d4851a1d" relativeResultsDirectory="15a84732-5255-4321-a0aa-daf1d162f1aa" />
    <UnitTestResult executionId="5ec4c89b-a2ec-4a56-8552-437690193769" testId="97f51352-286e-4e1f-35c9-41d9a4f5e756" testName="BuildEvidenceCreatedProperties_ShouldReturnCorrectValues (some headline,,03:00:00,Weeks,1.22:00:00,3,True,False,03:00:00,Weeks,1.22:00:00,3)" computerName="DKSR-EFI-04" duration="00:00:00.0264825" startTime="2023-12-22T09:39:38.5776392+01:00" endTime="2023-12-22T09:39:38.6044151+01:00" testType="13cdc9d9-ddb5-4fa4-a97d-d965ccfc6d4b" outcome="Passed" testListId="8c84fa94-04c1-424b-9868-57a2d4851a1d" relativeResultsDirectory="5ec4c89b-a2ec-4a56-8552-437690193769" />
    <UnitTestResult executionId="f7920ebe-38f4-498d-87cb-201e4a3edefe" testId="199cdec6-ec51-273d-006c-9fb34f580f59" testName="CreateCameraListItem_ShouldNotAddRegionSelectionToFilterValue_WhenAlreadyPresent" computerName="DKSR-EFI-04" duration="00:00:00.0009655" startTime="2023-12-22T09:39:26.2613657+01:00" endTime="2023-12-22T09:39:26.2624776+01:00" testType="13cdc9d9-ddb5-4fa4-a97d-d965ccfc6d4b" outcome="Passed" testListId="8c84fa94-04c1-424b-9868-57a2d4851a1d" relativeResultsDirectory="f7920ebe-38f4-498d-87cb-201e4a3edefe" />
    <UnitTestResult executionId="20414ee7-cbf6-463f-b4a2-ed59c8724973" testId="350c59fa-eaf2-6336-6861-38da01aa1d5e" testName="SidePanelToggleButtonIsVisible_DependingOnConditions (Normal,True,False,True)" computerName="DKSR-EFI-04" duration="00:00:00.0194643" startTime="2023-12-22T09:39:32.9710823+01:00" endTime="2023-12-22T09:39:32.9919178+01:00" testType="13cdc9d9-ddb5-4fa4-a97d-d965ccfc6d4b" outcome="Passed" testListId="8c84fa94-04c1-424b-9868-57a2d4851a1d" relativeResultsDirectory="20414ee7-cbf6-463f-b4a2-ed59c8724973" />
    <UnitTestResult executionId="ab94eae5-d6e7-439b-b2c7-8130833fed2b" testId="e76554b4-34ba-70cf-dfc9-f4d63f94ac41" testName="ReorderLevels12to21_Success" computerName="DKSR-EFI-04" duration="00:00:00.0572951" startTime="2023-12-22T09:39:26.5238214+01:00" endTime="2023-12-22T09:39:26.5813217+01:00" testType="13cdc9d9-ddb5-4fa4-a97d-d965ccfc6d4b" outcome="Passed" testListId="8c84fa94-04c1-424b-9868-57a2d4851a1d" relativeResultsDirectory="ab94eae5-d6e7-439b-b2c7-8130833fed2b" />
    <UnitTestResult executionId="0cabeb5f-aec8-4437-b65d-b2f7c29ecd31" testId="5f26c092-7e48-0463-47d6-e2236b104caa" testName="AddSelectedWindowsToExport_ShouldAddToExportData (5)" computerName="DKSR-EFI-04" duration="00:00:00.0072149" startTime="2023-12-22T09:39:33.7062549+01:00" endTime="2023-12-22T09:39:33.7136287+01:00" testType="13cdc9d9-ddb5-4fa4-a97d-d965ccfc6d4b" outcome="Passed" testListId="8c84fa94-04c1-424b-9868-57a2d4851a1d" relativeResultsDirectory="0cabeb5f-aec8-4437-b65d-b2f7c29ecd31" />
    <UnitTestResult executionId="44bb8f02-aac1-4d7e-b66f-f040a87f4068" testId="d4872f30-d2e7-fc1d-f456-df3197080a48" testName="CameraMapItem_ForceActivateAsync_NotInBuilding_Success" computerName="DKSR-EFI-04" duration="00:00:00.1778798" startTime="2023-12-22T09:39:27.8468460+01:00" endTime="2023-12-22T09:39:28.0249223+01:00" testType="13cdc9d9-ddb5-4fa4-a97d-d965ccfc6d4b" outcome="Passed" testListId="8c84fa94-04c1-424b-9868-57a2d4851a1d" relativeResultsDirectory="44bb8f02-aac1-4d7e-b66f-f040a87f4068" />
    <UnitTestResult executionId="95fa7fce-cf23-43e8-88ef-d9006d3c5582" testId="ed8d77e0-76a5-81b3-8198-30c2ee7d220a" testName="TestChangeProperties_Name_Success" computerName="DKSR-EFI-04" duration="00:00:00.0059249" startTime="2023-12-22T09:39:26.3616798+01:00" endTime="2023-12-22T09:39:26.3677500+01:00" testType="13cdc9d9-ddb5-4fa4-a97d-d965ccfc6d4b" outcome="Passed" testListId="8c84fa94-04c1-424b-9868-57a2d4851a1d" relativeResultsDirectory="95fa7fce-cf23-43e8-88ef-d9006d3c5582" />
    <UnitTestResult executionId="25483ce1-e691-4da4-a156-07601233cca5" testId="d21502bc-4956-5d51-6721-5ae0421be750" testName="ValidateExportName_ShouldReturnFailResult_InvalidCharactersInExportName (1213&lt;&gt;!?%)" computerName="DKSR-EFI-04" duration="00:00:00.0031132" startTime="2023-12-22T09:38:40.7338829+01:00" endTime="2023-12-22T09:38:40.7372255+01:00" testType="13cdc9d9-ddb5-4fa4-a97d-d965ccfc6d4b" outcome="Passed" testListId="8c84fa94-04c1-424b-9868-57a2d4851a1d" relativeResultsDirectory="25483ce1-e691-4da4-a156-07601233cca5" />
    <UnitTestResult executionId="2938ec0b-c911-4212-86f7-bcf03e48ef3c" testId="4203d4af-b5bf-b00b-9139-2a7c647d28e9" testName="EnsureLayersOrderIsValidBy_Swap210_Success" computerName="DKSR-EFI-04" duration="00:00:00.0318538" startTime="2023-12-22T09:39:28.8308009+01:00" endTime="2023-12-22T09:39:28.8629483+01:00" testType="13cdc9d9-ddb5-4fa4-a97d-d965ccfc6d4b" outcome="Passed" testListId="8c84fa94-04c1-424b-9868-57a2d4851a1d" relativeResultsDirectory="2938ec0b-c911-4212-86f7-bcf03e48ef3c" />
    <UnitTestResult executionId="62c24a36-20d3-423c-b8cd-a21b0c83ce7d" testId="8f753e63-32d9-0333-cd9b-b93644536674" testName="TestLoad_Success" computerName="DKSR-EFI-04" duration="00:00:00.0069525" startTime="2023-12-22T09:39:30.9569794+01:00" endTime="2023-12-22T09:39:30.9641241+01:00" testType="13cdc9d9-ddb5-4fa4-a97d-d965ccfc6d4b" outcome="Passed" testListId="8c84fa94-04c1-424b-9868-57a2d4851a1d" relativeResultsDirectory="62c24a36-20d3-423c-b8cd-a21b0c83ce7d" />
    <UnitTestResult executionId="b026cc49-dbb4-41dd-b9fc-b3dedd048463" testId="a97eb8e2-cea3-70dd-d5ee-19b9b7f4e4bf" testName="UserHasReadPublicSearchPermission_HasReadPermission_ReturnsTrue" computerName="DKSR-EFI-04" duration="00:00:00.0062843" startTime="2023-12-22T09:39:13.9431056+01:00" endTime="2023-12-22T09:39:13.9495355+01:00" testType="13cdc9d9-ddb5-4fa4-a97d-d965ccfc6d4b" outcome="Passed" testListId="8c84fa94-04c1-424b-9868-57a2d4851a1d" relativeResultsDirectory="b026cc49-dbb4-41dd-b9fc-b3dedd048463" />
    <UnitTestResult executionId="a7982007-2b6f-442d-86f3-7eae6239dd8b" testId="652759b5-622f-10aa-539b-69455d2a0fcb" testName="OnLayersRetrieved_ShouldSetComponentsToCamera_WhenLayersCollectionContainsCamera" computerName="DKSR-EFI-04" duration="00:00:00.0106552" startTime="2023-12-22T09:38:34.0595765+01:00" endTime="2023-12-22T09:38:34.0771480+01:00" testType="13cdc9d9-ddb5-4fa4-a97d-d965ccfc6d4b" outcome="Passed" testListId="8c84fa94-04c1-424b-9868-57a2d4851a1d" relativeResultsDirectory="a7982007-2b6f-442d-86f3-7eae6239dd8b" />
    <UnitTestResult executionId="68687f6d-b4bf-4718-a701-0fd0d087d594" testId="b7e67eb3-5e37-470d-ad59-462ac69a420c" testName="Compare_SameBeginTimeDeterministicBehavior_Id_Success" computerName="DKSR-EFI-04" duration="00:00:00.0011000" startTime="2023-12-22T09:39:14.6309061+01:00" endTime="2023-12-22T09:39:14.6321449+01:00" testType="13cdc9d9-ddb5-4fa4-a97d-d965ccfc6d4b" outcome="Passed" testListId="8c84fa94-04c1-424b-9868-57a2d4851a1d" relativeResultsDirectory="68687f6d-b4bf-4718-a701-0fd0d087d594" />
    <UnitTestResult executionId="66afd3db-897b-48f8-aa35-d2a9ca4fcd27" testId="57bd8ba2-a7b1-3773-dd72-99c3e39978da" testName="GetSKU_ShouldReturnEmptyString_WhenLicenseIsNull" computerName="DKSR-EFI-04" duration="00:00:00.0004071" startTime="2023-12-22T09:39:38.4984684+01:00" endTime="2023-12-22T09:39:38.4990170+01:00" testType="13cdc9d9-ddb5-4fa4-a97d-d965ccfc6d4b" outcome="Passed" testListId="8c84fa94-04c1-424b-9868-57a2d4851a1d" relativeResultsDirectory="66afd3db-897b-48f8-aa35-d2a9ca4fcd27" />
    <UnitTestResult executionId="a10d8471-fd07-4993-b75f-d4514f207e27" testId="b4acbf62-a814-6c5c-b0cb-e93db772efce" testName="SupportsDoubleClick_ShouldBeFalse_WhenInteractionStateIsNotNormalAndInSetupMode" computerName="DKSR-EFI-04" duration="00:00:00.0150548" startTime="2023-12-22T09:38:36.5663147+01:00" endTime="2023-12-22T09:38:36.5841217+01:00" testType="13cdc9d9-ddb5-4fa4-a97d-d965ccfc6d4b" outcome="Passed" testListId="8c84fa94-04c1-424b-9868-57a2d4851a1d" relativeResultsDirectory="a10d8471-fd07-4993-b75f-d4514f207e27" />
    <UnitTestResult executionId="e7ec022d-0b58-4178-a6c9-cdb7fe449a2b" testId="d77fa2b3-cd91-4a80-9070-a6c107df2662" testName="Deserialize_ManagerUnableToCreateSearchDefinition_Error" computerName="DKSR-EFI-04" duration="00:00:00.0012932" startTime="2023-12-22T09:39:14.7064285+01:00" endTime="2023-12-22T09:39:14.7078624+01:00" testType="13cdc9d9-ddb5-4fa4-a97d-d965ccfc6d4b" outcome="Passed" testListId="8c84fa94-04c1-424b-9868-57a2d4851a1d" relativeResultsDirectory="e7ec022d-0b58-4178-a6c9-cdb7fe449a2b" />
    <UnitTestResult executionId="ab08b3dc-0738-44d7-b8de-05a43f34e023" testId="cb294e8a-66b3-92e4-9b3b-b2ff0e864477" testName="Update_Retention_Times_Cannot_Be_Before_1900" computerName="DKSR-EFI-04" duration="00:00:00.0020450" startTime="2023-12-22T09:39:39.4129715+01:00" endTime="2023-12-22T09:39:39.4151464+01:00" testType="13cdc9d9-ddb5-4fa4-a97d-d965ccfc6d4b" outcome="Passed" testListId="8c84fa94-04c1-424b-9868-57a2d4851a1d" relativeResultsDirectory="ab08b3dc-0738-44d7-b8de-05a43f34e023" />
    <UnitTestResult executionId="64db757a-dbef-4e9b-b113-fdfa1a951cfe" testId="1757e59b-40da-bd94-15dd-39f1d4194c31" testName="UpdateSearchFilter_SingleFilterWithValues_Added" computerName="DKSR-EFI-04" duration="00:00:00.0019948" startTime="2023-12-22T09:39:10.3232474+01:00" endTime="2023-12-22T09:39:10.3253780+01:00" testType="13cdc9d9-ddb5-4fa4-a97d-d965ccfc6d4b" outcome="Passed" testListId="8c84fa94-04c1-424b-9868-57a2d4851a1d" relativeResultsDirectory="64db757a-dbef-4e9b-b113-fdfa1a951cfe" />
    <UnitTestResult executionId="353bbac9-d13f-40e0-a578-d713ed46bf44" testId="1242f06f-0c87-0502-1a6f-b0f180763fd7" testName="PtzSessionController_Register_Camera_Generates_PtzSessionUserChangedEvent_Test" computerName="DKSR-EFI-04" duration="00:00:00.0030115" startTime="2023-12-22T09:38:32.1483487+01:00" endTime="2023-12-22T09:38:32.1515262+01:00" testType="13cdc9d9-ddb5-4fa4-a97d-d965ccfc6d4b" outcome="Passed" testListId="8c84fa94-04c1-424b-9868-57a2d4851a1d" relativeResultsDirectory="353bbac9-d13f-40e0-a578-d713ed46bf44" />
    <UnitTestResult executionId="806b85eb-c8c1-4bf5-93ad-f372562e0885" testId="ae62f6d0-4efb-1563-b9f4-62dadf9c392c" testName="PopulateTooltip_ManyResultsFromSingleCamera24Hours_ValidText" computerName="DKSR-EFI-04" duration="00:00:00.1325640" startTime="2023-12-22T09:39:07.8826884+01:00" endTime="2023-12-22T09:39:08.0181083+01:00" testType="13cdc9d9-ddb5-4fa4-a97d-d965ccfc6d4b" outcome="Passed" testListId="8c84fa94-04c1-424b-9868-57a2d4851a1d" relativeResultsDirectory="806b85eb-c8c1-4bf5-93ad-f372562e0885" />
    <UnitTestResult executionId="a29fd271-266e-47d2-a186-9dd68b47c079" testId="f5cc9535-b7e6-daa3-8b93-880b7a1798ad" testName="AddClientId_WhereClientIsNull_ThrowException" computerName="DKSR-EFI-04" duration="00:00:00.0004926" startTime="2023-12-22T09:38:34.8981948+01:00" endTime="2023-12-22T09:38:34.8989684+01:00" testType="13cdc9d9-ddb5-4fa4-a97d-d965ccfc6d4b" outcome="Passed" testListId="8c84fa94-04c1-424b-9868-57a2d4851a1d" relativeResultsDirectory="a29fd271-266e-47d2-a186-9dd68b47c079" />
    <UnitTestResult executionId="e79c18f3-0495-47e0-baad-de7660560b84" testId="33dd535d-bccc-f095-c4f3-483569c16d21" testName="Combine_ShouldPassAllStringInputValidationTests_OnlyFirstPermutationUsed" computerName="DKSR-EFI-04" duration="00:00:00.3032101" startTime="2023-12-22T09:39:14.7308807+01:00" endTime="2023-12-22T09:39:15.0343728+01:00" testType="13cdc9d9-ddb5-4fa4-a97d-d965ccfc6d4b" outcome="Passed" testListId="8c84fa94-04c1-424b-9868-57a2d4851a1d" relativeResultsDirectory="e79c18f3-0495-47e0-baad-de7660560b84">
      <Output>
        <StdOut>Debug Trace:&#xD;
&#xD;
&#xD;
************* TEST RESULTS *************&#xD;
Total tests: 132&#xD;
Passed permutations: 132&#xD;
Failed permutations: 0</StdOut>
      </Output>
    </UnitTestResult>
    <UnitTestResult executionId="acf60211-f093-41ba-90ba-99333c6d5bb4" testId="c620d01b-a235-adbe-ef3b-c8f7cbb07bda" testName="AndOrSearchDefinitionToCornerRadiusMultiConverter_CallConvert_Or" computerName="DKSR-EFI-04" duration="00:00:00.0003759" startTime="2023-12-22T09:38:58.9975046+01:00" endTime="2023-12-22T09:38:58.9980085+01:00" testType="13cdc9d9-ddb5-4fa4-a97d-d965ccfc6d4b" outcome="Passed" testListId="8c84fa94-04c1-424b-9868-57a2d4851a1d" relativeResultsDirectory="acf60211-f093-41ba-90ba-99333c6d5bb4" />
    <UnitTestResult executionId="c9f73f6f-2b38-4020-a6a7-07ae84284bec" testId="854a54be-59a6-d3a9-c68f-32fd5f490d07" testName="GetActivatedOutputIconId_ShouldReturnValidUnDeactivatedOutputIconId_WhenValidDeactivatedOutputIconIdIsProvided" computerName="DKSR-EFI-04" duration="00:00:00.0003743" startTime="2023-12-22T09:39:29.0934186+01:00" endTime="2023-12-22T09:39:29.0940092+01:00" testType="13cdc9d9-ddb5-4fa4-a97d-d965ccfc6d4b" outcome="Passed" testListId="8c84fa94-04c1-424b-9868-57a2d4851a1d" relativeResultsDirectory="c9f73f6f-2b38-4020-a6a7-07ae84284bec" />
    <UnitTestResult executionId="951138d9-9d76-4f5b-aa01-ef1ce29ae428" testId="e671fc0c-9f3c-71e0-8b22-c4f68d735e7f" testName="GetServerTypes_ShouldReturnLogServiceType" computerName="DKSR-EFI-04" duration="00:00:00.0004739" startTime="2023-12-22T09:39:35.0086959+01:00" endTime="2023-12-22T09:39:35.0093941+01:00" testType="13cdc9d9-ddb5-4fa4-a97d-d965ccfc6d4b" outcome="Passed" testListId="8c84fa94-04c1-424b-9868-57a2d4851a1d" relativeResultsDirectory="951138d9-9d76-4f5b-aa01-ef1ce29ae428" />
    <UnitTestResult executionId="840d78e7-0798-4a0f-a40c-d783e7b9a425" testId="84a40563-ae3e-05c4-e02d-b8d79f27ea48" testName="Init_NullState_InitialStateObtainedFromStateManager" computerName="DKSR-EFI-04" duration="00:00:00.1372521" startTime="2023-12-22T09:38:40.9778156+01:00" endTime="2023-12-22T09:38:41.1154880+01:00" testType="13cdc9d9-ddb5-4fa4-a97d-d965ccfc6d4b" outcome="Passed" testListId="8c84fa94-04c1-424b-9868-57a2d4851a1d" relativeResultsDirectory="840d78e7-0798-4a0f-a40c-d783e7b9a425" />
    <UnitTestResult executionId="5ae98d0b-b4db-49b1-85d1-9426a149d897" testId="390e2c5d-d097-3631-576d-cd317912483e" testName="SupportsDoubleClick_ShouldBeTrue_WhenInteractionStateIsNormal" computerName="DKSR-EFI-04" duration="00:00:00.0231624" startTime="2023-12-22T09:38:37.1299291+01:00" endTime="2023-12-22T09:38:37.1557005+01:00" testType="13cdc9d9-ddb5-4fa4-a97d-d965ccfc6d4b" outcome="Passed" testListId="8c84fa94-04c1-424b-9868-57a2d4851a1d" relativeResultsDirectory="5ae98d0b-b4db-49b1-85d1-9426a149d897" />
    <UnitTestResult executionId="259d045a-93e6-4d55-a612-6d898da35b62" testId="597f2f58-81bb-4d82-b5c8-d8c0619f1925" testName="CameraSearch_ShouldBeRenewed_WhenSystemInformationChanges" computerName="DKSR-EFI-04" duration="00:00:00.0194117" startTime="2023-12-22T09:39:13.2334798+01:00" endTime="2023-12-22T09:39:13.2530577+01:00" testType="13cdc9d9-ddb5-4fa4-a97d-d965ccfc6d4b" outcome="Passed" testListId="8c84fa94-04c1-424b-9868-57a2d4851a1d" relativeResultsDirectory="259d045a-93e6-4d55-a612-6d898da35b62" />
    <UnitTestResult executionId="5c964b1d-224e-42ee-a64e-4e7ae91da2af" testId="80e1e452-82cf-b088-db40-d28f7d32c62d" testName="EvidenceLock when Live" computerName="DKSR-EFI-04" duration="00:00:00.0171679" startTime="2023-12-22T09:39:32.6751425+01:00" endTime="2023-12-22T09:39:32.8945907+01:00" testType="13cdc9d9-ddb5-4fa4-a97d-d965ccfc6d4b" outcome="Passed" testListId="8c84fa94-04c1-424b-9868-57a2d4851a1d" relativeResultsDirectory="5c964b1d-224e-42ee-a64e-4e7ae91da2af" />
    <UnitTestResult executionId="8816096e-5f09-4dab-bf32-a15020441c74" testId="a6493ade-3aba-8e55-3d5b-e3a18089f41b" testName="CameraMapItem_ForceActivateAsync_InBuilding_MapLayerHidden_Success" computerName="DKSR-EFI-04" duration="00:00:00.0128398" startTime="2023-12-22T09:39:27.8124087+01:00" endTime="2023-12-22T09:39:27.8254266+01:00" testType="13cdc9d9-ddb5-4fa4-a97d-d965ccfc6d4b" outcome="Passed" testListId="8c84fa94-04c1-424b-9868-57a2d4851a1d" relativeResultsDirectory="8816096e-5f09-4dab-bf32-a15020441c74" />
    <UnitTestResult executionId="90ea84ff-f0c6-4e3f-b4a9-33578bb1ea0b" testId="64e7256a-b290-3467-22a6-88571ed2d255" testName="PatrollingStepListViewModel_DeleteStepExecute" computerName="DKSR-EFI-04" duration="00:00:00.0018058" startTime="2023-12-22T09:39:32.2445973+01:00" endTime="2023-12-22T09:39:32.2465366+01:00" testType="13cdc9d9-ddb5-4fa4-a97d-d965ccfc6d4b" outcome="Passed" testListId="8c84fa94-04c1-424b-9868-57a2d4851a1d" relativeResultsDirectory="90ea84ff-f0c6-4e3f-b4a9-33578bb1ea0b" />
    <UnitTestResult executionId="b847f5e7-4395-4d3d-8112-6c290b6be64c" testId="b7dfb3e8-2e47-78f3-b474-5d161942d69f" testName="Constructor_ShouldRaiseArgumentNullException_WhenGisMapModelIsNull" computerName="DKSR-EFI-04" duration="00:00:00.0106767" startTime="2023-12-22T09:38:34.1983957+01:00" endTime="2023-12-22T09:38:34.2116169+01:00" testType="13cdc9d9-ddb5-4fa4-a97d-d965ccfc6d4b" outcome="Passed" testListId="8c84fa94-04c1-424b-9868-57a2d4851a1d" relativeResultsDirectory="b847f5e7-4395-4d3d-8112-6c290b6be64c" />
    <UnitTestResult executionId="75846c8f-815c-45c9-a4e9-5135309e4c94" testId="aaab9dde-be84-0ade-c90f-e582e149ad8f" testName="MoveToTop_ShouldMoveMarkerTopmost_WhenClusterMarkerMovedToTopBeforehand" computerName="DKSR-EFI-04" duration="00:00:00.0056964" startTime="2023-12-22T09:38:35.2725360+01:00" endTime="2023-12-22T09:38:35.2809077+01:00" testType="13cdc9d9-ddb5-4fa4-a97d-d965ccfc6d4b" outcome="Passed" testListId="8c84fa94-04c1-424b-9868-57a2d4851a1d" relativeResultsDirectory="75846c8f-815c-45c9-a4e9-5135309e4c94" />
    <UnitTestResult executionId="9a9014a4-1076-4bba-b90d-df18ade7bd1c" testId="47bead1c-a537-8842-47a7-b3ba583fe988" testName="Convert_NullArgument_Collapsed" computerName="DKSR-EFI-04" duration="00:00:00.0003615" startTime="2023-12-22T09:38:59.0486239+01:00" endTime="2023-12-22T09:38:59.0491227+01:00" testType="13cdc9d9-ddb5-4fa4-a97d-d965ccfc6d4b" outcome="Passed" testListId="8c84fa94-04c1-424b-9868-57a2d4851a1d" relativeResultsDirectory="9a9014a4-1076-4bba-b90d-df18ade7bd1c" />
    <UnitTestResult executionId="c8cf2433-5bd7-4c83-b4aa-5aa6efed6fa7" testId="e6a27a32-2825-5e2a-a774-c78b32a20322" testName="FetchDeviceConfiguration_ShouldNotLoadCache_WhenCacheFileIsPresentButFetchTypeIsOnlyServer" computerName="DKSR-EFI-04" duration="00:00:00.0021066" startTime="2023-12-22T09:39:38.4732601+01:00" endTime="2023-12-22T09:39:38.4755220+01:00" testType="13cdc9d9-ddb5-4fa4-a97d-d965ccfc6d4b" outcome="Passed" testListId="8c84fa94-04c1-424b-9868-57a2d4851a1d" relativeResultsDirectory="c8cf2433-5bd7-4c83-b4aa-5aa6efed6fa7" />
    <UnitTestResult executionId="d4214b0d-1a9b-487c-9e81-62164d32b5a7" testId="f952c068-f034-3ff2-3bf8-7e5b673c1e64" testName="Compare_ShouldPrioritizeCombinedResults_WhenSingleAndCombinedResultsArePresent" computerName="DKSR-EFI-04" duration="00:00:00.0016225" startTime="2023-12-22T09:39:14.6379173+01:00" endTime="2023-12-22T09:39:14.6396765+01:00" testType="13cdc9d9-ddb5-4fa4-a97d-d965ccfc6d4b" outcome="Passed" testListId="8c84fa94-04c1-424b-9868-57a2d4851a1d" relativeResultsDirectory="d4214b0d-1a9b-487c-9e81-62164d32b5a7" />
    <UnitTestResult executionId="cd408300-720a-473d-a061-e435dc6eed80" testId="df434b1a-bd33-b3a0-035c-8fb9149eaa0e" testName="HasMd5ProviderStrategy2_ShouldReturnFalse_WhenAllEventServerIdAreFipsCompliant" computerName="DKSR-EFI-04" duration="00:00:00.0003110" startTime="2023-12-22T09:39:39.8038983+01:00" endTime="2023-12-22T09:39:39.8043400+01:00" testType="13cdc9d9-ddb5-4fa4-a97d-d965ccfc6d4b" outcome="Passed" testListId="8c84fa94-04c1-424b-9868-57a2d4851a1d" relativeResultsDirectory="cd408300-720a-473d-a061-e435dc6eed80" />
    <UnitTestResult executionId="5a4523ef-87a4-46a1-947a-1fffcb6d2ddb" testId="c453d029-07d1-c3a5-eeb3-4f67d3418e09" testName="ResultCountText_OneResults_Success" computerName="DKSR-EFI-04" duration="00:00:00.0036089" startTime="2023-12-22T09:39:11.5186888+01:00" endTime="2023-12-22T09:39:11.5224361+01:00" testType="13cdc9d9-ddb5-4fa4-a97d-d965ccfc6d4b" outcome="Passed" testListId="8c84fa94-04c1-424b-9868-57a2d4851a1d" relativeResultsDirectory="5a4523ef-87a4-46a1-947a-1fffcb6d2ddb" />
    <UnitTestResult executionId="be6bf39c-0a4e-4e0a-bdc8-b36b5fc12b5c" testId="221c6f5c-67df-3e64-4570-740aa30cf80e" testName="DateToStringConverter_Convert_Success" computerName="DKSR-EFI-04" duration="00:00:00.0016436" startTime="2023-12-22T09:38:59.0114894+01:00" endTime="2023-12-22T09:38:59.0132798+01:00" testType="13cdc9d9-ddb5-4fa4-a97d-d965ccfc6d4b" outcome="Passed" testListId="8c84fa94-04c1-424b-9868-57a2d4851a1d" relativeResultsDirectory="be6bf39c-0a4e-4e0a-bdc8-b36b5fc12b5c" />
    <UnitTestResult executionId="500e6e91-d280-4639-9347-0599ac288971" testId="46dd7f69-3eb9-c12b-fd9e-271331372eba" testName="SupportsDoubleClick_ShouldBeFalse_WhenInteractionStateIsNotNormalAndInSetupMode" computerName="DKSR-EFI-04" duration="00:00:00.0202895" startTime="2023-12-22T09:38:36.9564740+01:00" endTime="2023-12-22T09:38:36.9797773+01:00" testType="13cdc9d9-ddb5-4fa4-a97d-d965ccfc6d4b" outcome="Passed" testListId="8c84fa94-04c1-424b-9868-57a2d4851a1d" relativeResultsDirectory="500e6e91-d280-4639-9347-0599ac288971" />
    <UnitTestResult executionId="a21a5da0-c1d9-46d7-9cd9-ed7239f6b5c7" testId="c16412a0-c100-f8dd-8f2b-f63db635bf73" testName="MergeWith_EmptyCluster_ThisNotChanged" computerName="DKSR-EFI-04" duration="00:00:00.0094183" startTime="2023-12-22T09:39:31.9532316+01:00" endTime="2023-12-22T09:39:31.9629082+01:00" testType="13cdc9d9-ddb5-4fa4-a97d-d965ccfc6d4b" outcome="Passed" testListId="8c84fa94-04c1-424b-9868-57a2d4851a1d" relativeResultsDirectory="a21a5da0-c1d9-46d7-9cd9-ed7239f6b5c7" />
    <UnitTestResult executionId="d5f25e22-921c-4b57-a2b4-033f89bbbec6" testId="3369c6d4-ee50-9d6e-0705-4fc6884cc7fb" testName="AuthType_ShouldReturnNegotiate_WhenConstructedUsingWindows" computerName="DKSR-EFI-04" duration="00:00:00.0001516" startTime="2023-12-22T09:38:32.3372016+01:00" endTime="2023-12-22T09:38:32.3374672+01:00" testType="13cdc9d9-ddb5-4fa4-a97d-d965ccfc6d4b" outcome="Passed" testListId="8c84fa94-04c1-424b-9868-57a2d4851a1d" relativeResultsDirectory="d5f25e22-921c-4b57-a2b4-033f89bbbec6" />
    <UnitTestResult executionId="a182b653-2540-4687-98ba-c8d6dbaa6807" testId="6fad06d6-6e6b-b6b2-c6ce-b133426e326c" testName="GetLayerFeatures_ShouldReturnInputLayerFeaturesBasedOnInputItemsMapLayer_WhenInputKind" computerName="DKSR-EFI-04" duration="00:00:00.0018667" startTime="2023-12-22T09:39:31.3668217+01:00" endTime="2023-12-22T09:39:31.3688231+01:00" testType="13cdc9d9-ddb5-4fa4-a97d-d965ccfc6d4b" outcome="Passed" testListId="8c84fa94-04c1-424b-9868-57a2d4851a1d" relativeResultsDirectory="a182b653-2540-4687-98ba-c8d6dbaa6807" />
    <UnitTestResult executionId="71bf33fc-9d33-4132-ade4-ddbef203bce9" testId="afde7264-8c54-4b55-3afb-8cc9db7bdd2c" testName="SupportsRightClick_ShouldBeTrue_WhenInteractionStateIsNormal" computerName="DKSR-EFI-04" duration="00:00:00.0381279" startTime="2023-12-22T09:38:37.3113343+01:00" endTime="2023-12-22T09:38:37.3520742+01:00" testType="13cdc9d9-ddb5-4fa4-a97d-d965ccfc6d4b" outcome="Passed" testListId="8c84fa94-04c1-424b-9868-57a2d4851a1d" relativeResultsDirectory="71bf33fc-9d33-4132-ade4-ddbef203bce9" />
    <UnitTestResult executionId="dcc12804-2e8f-4e43-b22c-9e311f3bde2c" testId="11fef51e-1413-6166-5290-53a01cd14134" testName="IsProductionEnvironment_ShouldReturnCorrectValue (,True)" computerName="DKSR-EFI-04" duration="00:00:00.0001386" startTime="2023-12-22T09:39:38.6078590+01:00" endTime="2023-12-22T09:39:38.6081837+01:00" testType="13cdc9d9-ddb5-4fa4-a97d-d965ccfc6d4b" outcome="Passed" testListId="8c84fa94-04c1-424b-9868-57a2d4851a1d" relativeResultsDirectory="dcc12804-2e8f-4e43-b22c-9e311f3bde2c" />
    <UnitTestResult executionId="40065878-2e5f-4002-bc4d-78c37f678a43" testId="42e0893f-9727-8df7-fab4-99edc06f1ca2" testName="Compare_NotNullVsNull_LessThan" computerName="DKSR-EFI-04" duration="00:00:00.0001805" startTime="2023-12-22T09:39:14.6586571+01:00" endTime="2023-12-22T09:39:14.6590510+01:00" testType="13cdc9d9-ddb5-4fa4-a97d-d965ccfc6d4b" outcome="Passed" testListId="8c84fa94-04c1-424b-9868-57a2d4851a1d" relativeResultsDirectory="40065878-2e5f-4002-bc4d-78c37f678a43" />
    <UnitTestResult executionId="256358f4-753a-4633-91b3-b7c4d44a409f" testId="2b4d39ea-1010-36f3-4fa9-2911297ae4a4" testName="PointMapItem_CameraDeviceWithNoShortName_Success" computerName="DKSR-EFI-04" duration="00:00:00.0267522" startTime="2023-12-22T09:39:27.3389631+01:00" endTime="2023-12-22T09:39:27.3659182+01:00" testType="13cdc9d9-ddb5-4fa4-a97d-d965ccfc6d4b" outcome="Passed" testListId="8c84fa94-04c1-424b-9868-57a2d4851a1d" relativeResultsDirectory="256358f4-753a-4633-91b3-b7c4d44a409f" />
    <UnitTestResult executionId="3e666fe9-edca-4f4a-b4ea-8433ccb97cd1" testId="6eb63bb3-0a07-3cfb-8d0a-86ee2a28be11" testName="TestSave_Success" computerName="DKSR-EFI-04" duration="00:00:00.0341268" startTime="2023-12-22T09:39:31.1898011+01:00" endTime="2023-12-22T09:39:31.2241086+01:00" testType="13cdc9d9-ddb5-4fa4-a97d-d965ccfc6d4b" outcome="Passed" testListId="8c84fa94-04c1-424b-9868-57a2d4851a1d" relativeResultsDirectory="3e666fe9-edca-4f4a-b4ea-8433ccb97cd1" />
    <UnitTestResult executionId="2fa16ac7-10f6-4b0f-914e-014e6c929249" testId="b583fd3b-a208-f88c-adeb-f397f1f95808" testName="GetDuration_OneHour_Success" computerName="DKSR-EFI-04" duration="00:00:00.0002602" startTime="2023-12-22T09:39:13.7737997+01:00" endTime="2023-12-22T09:39:13.7742007+01:00" testType="13cdc9d9-ddb5-4fa4-a97d-d965ccfc6d4b" outcome="Passed" testListId="8c84fa94-04c1-424b-9868-57a2d4851a1d" relativeResultsDirectory="2fa16ac7-10f6-4b0f-914e-014e6c929249" />
    <UnitTestResult executionId="b82e3522-e25f-43e5-ad7b-94595a9a6dcb" testId="cc482776-e68c-2c6f-b7ea-c8334df0cc99" testName="Toolbar_IsVisible_WhenNotInLiveOrPlayback_ButCanShowSidePane" computerName="DKSR-EFI-04" duration="00:00:00.0174907" startTime="2023-12-22T09:39:33.1881885+01:00" endTime="2023-12-22T09:39:33.2058660+01:00" testType="13cdc9d9-ddb5-4fa4-a97d-d965ccfc6d4b" outcome="Passed" testListId="8c84fa94-04c1-424b-9868-57a2d4851a1d" relativeResultsDirectory="b82e3522-e25f-43e5-ad7b-94595a9a6dcb" />
    <UnitTestResult executionId="67226d20-8778-4ae9-ac4b-8ce0e6bb3f59" testId="188f8c25-7b8a-3022-0d47-4b40a28cebbb" testName="TestKeepInMemory_WithAttachedView_Success" computerName="DKSR-EFI-04" duration="00:00:00.0002303" startTime="2023-12-22T09:39:38.3693221+01:00" endTime="2023-12-22T09:39:38.3696744+01:00" testType="13cdc9d9-ddb5-4fa4-a97d-d965ccfc6d4b" outcome="Passed" testListId="8c84fa94-04c1-424b-9868-57a2d4851a1d" relativeResultsDirectory="67226d20-8778-4ae9-ac4b-8ce0e6bb3f59" />
    <UnitTestResult executionId="80b0b45b-f6f2-478f-bf79-4cb82e1928c4" testId="29212116-6a0b-3ffd-ae50-19c86a9244cc" testName="PtzPresetsMenuViewModel_PtzCotrolledByPatrollingTest" computerName="DKSR-EFI-04" duration="00:00:00.0007987" startTime="2023-12-22T09:39:36.4962180+01:00" endTime="2023-12-22T09:39:36.4971411+01:00" testType="13cdc9d9-ddb5-4fa4-a97d-d965ccfc6d4b" outcome="Passed" testListId="8c84fa94-04c1-424b-9868-57a2d4851a1d" relativeResultsDirectory="80b0b45b-f6f2-478f-bf79-4cb82e1928c4" />
    <UnitTestResult executionId="342de468-924e-4be4-8198-ddb56230780a" testId="51482505-ca37-9cd6-7636-ffa697390b81" testName="PatrollingProfileListViewModel_DeleteProfileCommand" computerName="DKSR-EFI-04" duration="00:00:00.0015267" startTime="2023-12-22T09:39:32.1389346+01:00" endTime="2023-12-22T09:39:32.1406453+01:00" testType="13cdc9d9-ddb5-4fa4-a97d-d965ccfc6d4b" outcome="Passed" testListId="8c84fa94-04c1-424b-9868-57a2d4851a1d" relativeResultsDirectory="342de468-924e-4be4-8198-ddb56230780a" />
    <UnitTestResult executionId="db20a6eb-fa37-4131-8cdb-70b6288ec92b" testId="7d3b3df9-6c4c-813c-3fe6-820682e70bdf" testName="RemoveSelectedCameraCommand_CameraInList_OnlySelectedCameraRemoved" computerName="DKSR-EFI-04" duration="00:00:00.0058284" startTime="2023-12-22T09:39:12.6882190+01:00" endTime="2023-12-22T09:39:12.6941940+01:00" testType="13cdc9d9-ddb5-4fa4-a97d-d965ccfc6d4b" outcome="Passed" testListId="8c84fa94-04c1-424b-9868-57a2d4851a1d" relativeResultsDirectory="db20a6eb-fa37-4131-8cdb-70b6288ec92b" />
    <UnitTestResult executionId="44086d31-4a96-4588-acf3-a4ce5cb9c632" testId="82581c83-f8ac-d2d4-2282-bfb72f7ace78" testName="GeNumberOfMonitors_GetResolution_ShouldReturnValidValue" computerName="DKSR-EFI-04" duration="00:00:00.0009703" startTime="2023-12-22T09:39:38.4872389+01:00" endTime="2023-12-22T09:39:38.4883436+01:00" testType="13cdc9d9-ddb5-4fa4-a97d-d965ccfc6d4b" outcome="Passed" testListId="8c84fa94-04c1-424b-9868-57a2d4851a1d" relativeResultsDirectory="44086d31-4a96-4588-acf3-a4ce5cb9c632" />
    <UnitTestResult executionId="7d9c8680-e0be-4938-a661-396ffe14836c" testId="8427d757-e615-3911-b8e1-c6a9d939c66c" testName="SearchModelOnSearchResultsExpired_OnUiThread_Success" computerName="DKSR-EFI-04" duration="00:00:00.0359427" startTime="2023-12-22T09:39:12.8873968+01:00" endTime="2023-12-22T09:39:12.9235154+01:00" testType="13cdc9d9-ddb5-4fa4-a97d-d965ccfc6d4b" outcome="Passed" testListId="8c84fa94-04c1-424b-9868-57a2d4851a1d" relativeResultsDirectory="7d9c8680-e0be-4938-a661-396ffe14836c" />
    <UnitTestResult executionId="eb815d0c-0462-4c3a-99fc-ebdd5d38e0f0" testId="6da1ad54-af03-13ff-88b0-777550297923" testName="SetItemOutlines_OutlinesSome_Success" computerName="DKSR-EFI-04" duration="00:00:00.0097480" startTime="2023-12-22T09:38:38.9692200+01:00" endTime="2023-12-22T09:38:38.9813990+01:00" testType="13cdc9d9-ddb5-4fa4-a97d-d965ccfc6d4b" outcome="Passed" testListId="8c84fa94-04c1-424b-9868-57a2d4851a1d" relativeResultsDirectory="eb815d0c-0462-4c3a-99fc-ebdd5d38e0f0" />
    <UnitTestResult executionId="f502c910-8f76-4841-bf53-c5a9d9efcf62" testId="9bd97529-6ca2-0a88-ecb8-dfa8925597ef" testName="ResolveGenericResultProperties_ShouldReturnOrderedProperties_WhenGivenCombinedSearchResults" computerName="DKSR-EFI-04" duration="00:00:00.0015008" startTime="2023-12-22T09:39:13.8770457+01:00" endTime="2023-12-22T09:39:13.8786924+01:00" testType="13cdc9d9-ddb5-4fa4-a97d-d965ccfc6d4b" outcome="Passed" testListId="8c84fa94-04c1-424b-9868-57a2d4851a1d" relativeResultsDirectory="f502c910-8f76-4841-bf53-c5a9d9efcf62" />
    <UnitTestResult executionId="db3d8b4f-a121-4e3d-8bee-c49def92fdc3" testId="3cdeee93-383b-1b35-6fc8-87b7d5d7dcac" testName="BuildMapOptions_ShouldHandleStringOptionsCorrectly (GisMapOpenStreetMapAlternativeServer,,False)" computerName="DKSR-EFI-04" duration="00:00:00.0007284" startTime="2023-12-22T09:39:38.5093437+01:00" endTime="2023-12-22T09:39:38.5102335+01:00" testType="13cdc9d9-ddb5-4fa4-a97d-d965ccfc6d4b" outcome="Passed" testListId="8c84fa94-04c1-424b-9868-57a2d4851a1d" relativeResultsDirectory="db3d8b4f-a121-4e3d-8bee-c49def92fdc3" />
    <UnitTestResult executionId="bb0cb8a9-eaaf-4426-8a31-6b45848ef660" testId="2b698e66-74fb-6c00-069a-969a34e3db3a" testName="BeginTimeWithPadding_ShouldBeSetToValueOfSearchResult" computerName="DKSR-EFI-04" duration="00:00:00.0002751" startTime="2023-12-22T09:39:14.6116386+01:00" endTime="2023-12-22T09:39:14.6120388+01:00" testType="13cdc9d9-ddb5-4fa4-a97d-d965ccfc6d4b" outcome="Passed" testListId="8c84fa94-04c1-424b-9868-57a2d4851a1d" relativeResultsDirectory="bb0cb8a9-eaaf-4426-8a31-6b45848ef660" />
    <UnitTestResult executionId="6d3d0f58-d9f8-4b82-af1d-74790dc0a8b8" testId="3215309a-c170-3a90-36e8-c896704e6333" testName="Decorate_ShouldAddChildren_WhenThereAreLayersImplementingITitleToggleableWithItems" computerName="DKSR-EFI-04" duration="00:00:00.0026722" startTime="2023-12-22T09:38:34.8820805+01:00" endTime="2023-12-22T09:38:34.8848892+01:00" testType="13cdc9d9-ddb5-4fa4-a97d-d965ccfc6d4b" outcome="Passed" testListId="8c84fa94-04c1-424b-9868-57a2d4851a1d" relativeResultsDirectory="6d3d0f58-d9f8-4b82-af1d-74790dc0a8b8" />
    <UnitTestResult executionId="721865c3-bc6b-443d-904c-520777a8005c" testId="fd462d91-75b7-b364-0ac2-28f926aa5acd" testName="Decorate_ShouldRaiseArgumentNullException_WhenLayerVisibilityItemDataIsNull" computerName="DKSR-EFI-04" duration="00:00:00.0003660" startTime="2023-12-22T09:38:34.8754016+01:00" endTime="2023-12-22T09:38:34.8759154+01:00" testType="13cdc9d9-ddb5-4fa4-a97d-d965ccfc6d4b" outcome="Passed" testListId="8c84fa94-04c1-424b-9868-57a2d4851a1d" relativeResultsDirectory="721865c3-bc6b-443d-904c-520777a8005c" />
    <UnitTestResult executionId="bbf38780-b1fb-4ca4-9070-4ac62747c1b7" testId="043e653c-51c1-1e91-2072-c6aa4ad8dfeb" testName="EnsureLayersOrderIsValidBy_AddLayerAt_Success" computerName="DKSR-EFI-04" duration="00:00:00.0256884" startTime="2023-12-22T09:39:28.8877550+01:00" endTime="2023-12-22T09:39:28.9136242+01:00" testType="13cdc9d9-ddb5-4fa4-a97d-d965ccfc6d4b" outcome="Passed" testListId="8c84fa94-04c1-424b-9868-57a2d4851a1d" relativeResultsDirectory="bbf38780-b1fb-4ca4-9070-4ac62747c1b7" />
    <UnitTestResult executionId="9af82cb4-da50-4dcc-9803-c9fc44340850" testId="2716e864-2686-b94f-0317-399f0994a985" testName="Command_ShouldInvokeRemoveMipMapItem_WhenExecutedForSingleSelectedItem" computerName="DKSR-EFI-04" duration="00:00:00.0028650" startTime="2023-12-22T09:38:38.5265417+01:00" endTime="2023-12-22T09:38:38.5318784+01:00" testType="13cdc9d9-ddb5-4fa4-a97d-d965ccfc6d4b" outcome="Passed" testListId="8c84fa94-04c1-424b-9868-57a2d4851a1d" relativeResultsDirectory="9af82cb4-da50-4dcc-9803-c9fc44340850" />
    <UnitTestResult executionId="8335324d-c7d5-47fb-bc7a-a05e9b63a752" testId="97763cfc-7d38-77f7-1969-32e195ae413f" testName="Cameras_where_the_user_has_RetentionUpdate_rights_can_be_removed_from_the_evidence_lock" computerName="DKSR-EFI-04" duration="00:00:00.0020365" startTime="2023-12-22T09:39:39.4496689+01:00" endTime="2023-12-22T09:39:39.4518328+01:00" testType="13cdc9d9-ddb5-4fa4-a97d-d965ccfc6d4b" outcome="Passed" testListId="8c84fa94-04c1-424b-9868-57a2d4851a1d" relativeResultsDirectory="8335324d-c7d5-47fb-bc7a-a05e9b63a752" />
    <UnitTestResult executionId="b3c94bd1-9184-49a3-a358-58316fd4d0d1" testId="50ac9240-7e70-f521-a930-8425f2e1e8c4" testName="ZoomIn_MapNotSet_DoesNotCrash" computerName="DKSR-EFI-04" duration="00:00:00.0003015" startTime="2023-12-22T09:38:34.9531002+01:00" endTime="2023-12-22T09:38:34.9536302+01:00" testType="13cdc9d9-ddb5-4fa4-a97d-d965ccfc6d4b" outcome="Passed" testListId="8c84fa94-04c1-424b-9868-57a2d4851a1d" relativeResultsDirectory="b3c94bd1-9184-49a3-a358-58316fd4d0d1" />
    <UnitTestResult executionId="8079979b-5ec7-47d7-87ee-38d65efd7ba6" testId="cee32012-58c3-68f0-2859-0edd65456cf2" testName="EdgeRetrievalDisabled_WithNoRetrieveEdgeRecordingsDevices" computerName="DKSR-EFI-04" duration="00:00:00.0180593" startTime="2023-12-22T09:39:32.9347100+01:00" endTime="2023-12-22T09:39:32.9529456+01:00" testType="13cdc9d9-ddb5-4fa4-a97d-d965ccfc6d4b" outcome="Passed" testListId="8c84fa94-04c1-424b-9868-57a2d4851a1d" relativeResultsDirectory="8079979b-5ec7-47d7-87ee-38d65efd7ba6" />
    <UnitTestResult executionId="d1c236b7-b35e-415c-b6cf-088585b7fef3" testId="6da29afb-8acf-3f8d-692b-690d3f268744" testName="Extending_Is_Disabled_When_Create_Rights_Missing" computerName="DKSR-EFI-04" duration="00:00:00.0024300" startTime="2023-12-22T09:39:39.4410529+01:00" endTime="2023-12-22T09:39:39.4436108+01:00" testType="13cdc9d9-ddb5-4fa4-a97d-d965ccfc6d4b" outcome="Passed" testListId="8c84fa94-04c1-424b-9868-57a2d4851a1d" relativeResultsDirectory="d1c236b7-b35e-415c-b6cf-088585b7fef3" />
    <UnitTestResult executionId="e19487c2-0a6a-4364-9457-187ee07507bb" testId="14375da6-0c80-56ea-8d0d-fd5af8584025" testName="ShouldReturnTrueWhenLevelChanged" computerName="DKSR-EFI-04" duration="00:00:00.0026669" startTime="2023-12-22T09:38:38.8118876+01:00" endTime="2023-12-22T09:38:38.8146858+01:00" testType="13cdc9d9-ddb5-4fa4-a97d-d965ccfc6d4b" outcome="Passed" testListId="8c84fa94-04c1-424b-9868-57a2d4851a1d" relativeResultsDirectory="e19487c2-0a6a-4364-9457-187ee07507bb" />
    <UnitTestResult executionId="19265993-81e7-43f4-bbe3-ba3816b15c09" testId="a64a4521-eb75-1b0e-49ca-196652940e73" testName="ResolveSearchDefinitions_ShouldReturnResultSearchDefinition_WhenCombinedSearchResultWithMultipleSubResultAndSearchDefinitionsNotContainingCorrectSearchDefinitionsAreGiven" computerName="DKSR-EFI-04" duration="00:00:00.0006644" startTime="2023-12-22T09:39:13.8572556+01:00" endTime="2023-12-22T09:39:13.8580548+01:00" testType="13cdc9d9-ddb5-4fa4-a97d-d965ccfc6d4b" outcome="Passed" testListId="8c84fa94-04c1-424b-9868-57a2d4851a1d" relativeResultsDirectory="19265993-81e7-43f4-bbe3-ba3816b15c09" />
    <UnitTestResult executionId="19b6a60a-23d1-4d6b-89a5-7a79297b63f9" testId="f31307eb-7ac9-c75e-b886-051d44063f63" testName="SelectedSearchResultsChanged_InitiallyNotVisible_BecomesVisible" computerName="DKSR-EFI-04" duration="00:00:00.0087744" startTime="2023-12-22T09:39:10.4855856+01:00" endTime="2023-12-22T09:39:10.4945189+01:00" testType="13cdc9d9-ddb5-4fa4-a97d-d965ccfc6d4b" outcome="Passed" testListId="8c84fa94-04c1-424b-9868-57a2d4851a1d" relativeResultsDirectory="19b6a60a-23d1-4d6b-89a5-7a79297b63f9" />
    <UnitTestResult executionId="1d727f87-7377-4044-97e4-8d9ea8e1bf0e" testId="f144e82e-b1a8-81fa-ae3f-f634d720ce68" testName="ShowAccessControlSystems_ShouldReturnTrue_WhenTwoACSystemsOnlyOneSupportingCardholdersAvailable" computerName="DKSR-EFI-04" duration="00:00:00.0032488" startTime="2023-12-22T09:39:39.7804620+01:00" endTime="2023-12-22T09:39:39.7838382+01:00" testType="13cdc9d9-ddb5-4fa4-a97d-d965ccfc6d4b" outcome="Passed" testListId="8c84fa94-04c1-424b-9868-57a2d4851a1d" relativeResultsDirectory="1d727f87-7377-4044-97e4-8d9ea8e1bf0e" />
    <UnitTestResult executionId="06839851-16c1-4d2b-895c-4c3f012c7456" testId="e0f9e943-40a9-c69d-3157-2bda05edf6aa" testName="TestTaskUpdate" computerName="DKSR-EFI-04" duration="00:00:00.0239103" startTime="2023-12-22T09:39:33.3426236+01:00" endTime="2023-12-22T09:39:33.3666942+01:00" testType="13cdc9d9-ddb5-4fa4-a97d-d965ccfc6d4b" outcome="Passed" testListId="8c84fa94-04c1-424b-9868-57a2d4851a1d" relativeResultsDirectory="06839851-16c1-4d2b-895c-4c3f012c7456" />
    <UnitTestResult executionId="70c49015-d3b0-45bf-ae53-7d1e878321aa" testId="207c734e-48ea-b6e3-83cc-3b0a65265019" testName="PopulateTooltip_SingleResultsFromSingleCamera12Hours_ValidText" computerName="DKSR-EFI-04" duration="00:00:00.0286980" startTime="2023-12-22T09:39:07.0810720+01:00" endTime="2023-12-22T09:39:07.1124778+01:00" testType="13cdc9d9-ddb5-4fa4-a97d-d965ccfc6d4b" outcome="Passed" testListId="8c84fa94-04c1-424b-9868-57a2d4851a1d" relativeResultsDirectory="70c49015-d3b0-45bf-ae53-7d1e878321aa" />
    <UnitTestResult executionId="ed09105a-20ad-4703-b498-72ad23c47e3f" testId="fcc71f98-4fa9-3c89-a58d-cfe34dc4476c" testName="GetUtcToday_UtcTimeZoneDst_Success" computerName="DKSR-EFI-04" duration="00:00:00.0003914" startTime="2023-12-22T09:39:13.7834022+01:00" endTime="2023-12-22T09:39:13.7839464+01:00" testType="13cdc9d9-ddb5-4fa4-a97d-d965ccfc6d4b" outcome="Passed" testListId="8c84fa94-04c1-424b-9868-57a2d4851a1d" relativeResultsDirectory="ed09105a-20ad-4703-b498-72ad23c47e3f" />
    <UnitTestResult executionId="ccc4ec76-de8a-4253-a9e8-22037ff2e2da" testId="1b5117b5-2de0-24e5-94e2-f368e4d15b39" testName="Disable_WhenInvoked_ThenAlarmsDisabledAndNoSubscribers" computerName="DKSR-EFI-04" duration="00:00:00.0009570" startTime="2023-12-22T09:39:29.0984192+01:00" endTime="2023-12-22T09:39:29.0995068+01:00" testType="13cdc9d9-ddb5-4fa4-a97d-d965ccfc6d4b" outcome="Passed" testListId="8c84fa94-04c1-424b-9868-57a2d4851a1d" relativeResultsDirectory="ccc4ec76-de8a-4253-a9e8-22037ff2e2da" />
    <UnitTestResult executionId="745ab8b4-95b1-42af-8bfa-e363214fee20" testId="184dde77-5a92-558e-ebbc-812bb20e2c0f" testName="PointMapItem_Load_CameraDevice_Success" computerName="DKSR-EFI-04" duration="00:00:00.0331958" startTime="2023-12-22T09:39:27.3050431+01:00" endTime="2023-12-22T09:39:27.3384340+01:00" testType="13cdc9d9-ddb5-4fa4-a97d-d965ccfc6d4b" outcome="Passed" testListId="8c84fa94-04c1-424b-9868-57a2d4851a1d" relativeResultsDirectory="745ab8b4-95b1-42af-8bfa-e363214fee20" />
    <UnitTestResult executionId="40484f00-d64d-4af7-82c9-1a72c0b26c7d" testId="071ac8b1-07a6-4ae6-7403-5c16e58426a3" testName="Connect_SucceedeInConnectingWithBasicUser_ShouldReturnTrue" computerName="DKSR-EFI-04" duration="00:00:00.0008058" startTime="2023-12-22T09:38:29.6741705+01:00" endTime="2023-12-22T09:38:29.6750921+01:00" testType="13cdc9d9-ddb5-4fa4-a97d-d965ccfc6d4b" outcome="Passed" testListId="8c84fa94-04c1-424b-9868-57a2d4851a1d" relativeResultsDirectory="40484f00-d64d-4af7-82c9-1a72c0b26c7d" />
    <UnitTestResult executionId="b86f0fdd-f934-4b36-82b1-06c0051197fe" testId="42206c17-853c-7b3a-7834-e4be8b79460f" testName="DeviceIcons_ShouldNotBeEmpty_WhenCalled" computerName="DKSR-EFI-04" duration="00:00:00.0002243" startTime="2023-12-22T09:39:29.0487457+01:00" endTime="2023-12-22T09:39:29.0492047+01:00" testType="13cdc9d9-ddb5-4fa4-a97d-d965ccfc6d4b" outcome="Passed" testListId="8c84fa94-04c1-424b-9868-57a2d4851a1d" relativeResultsDirectory="b86f0fdd-f934-4b36-82b1-06c0051197fe" />
    <UnitTestResult executionId="cbde2bb2-abe9-4d3c-87fe-b8c4b3a6508c" testId="171feea5-abd8-a592-59bf-79484281ec17" testName="AddSelectedWindowsToExport_ShouldShowCorrectToastMessages (0,0,0)" computerName="DKSR-EFI-04" duration="00:00:00.0029109" startTime="2023-12-22T09:39:33.7141608+01:00" endTime="2023-12-22T09:39:33.7172754+01:00" testType="13cdc9d9-ddb5-4fa4-a97d-d965ccfc6d4b" outcome="Passed" testListId="8c84fa94-04c1-424b-9868-57a2d4851a1d" relativeResultsDirectory="cbde2bb2-abe9-4d3c-87fe-b8c4b3a6508c" />
    <UnitTestResult executionId="da77257e-4284-44df-9195-4748331ac3e1" testId="3def0511-4e40-2e00-f9b9-6bb18ace3fe8" testName="HideNotificationMessage_SetsIsNotificationMessageShownToFalse_WhenCalled" computerName="DKSR-EFI-04" duration="00:00:00.0130684" startTime="2023-12-22T09:38:33.2656731+01:00" endTime="2023-12-22T09:38:33.2808813+01:00" testType="13cdc9d9-ddb5-4fa4-a97d-d965ccfc6d4b" outcome="Passed" testListId="8c84fa94-04c1-424b-9868-57a2d4851a1d" relativeResultsDirectory="da77257e-4284-44df-9195-4748331ac3e1" />
    <UnitTestResult executionId="9347448d-63a4-4c02-9900-02531dcee012" testId="b0e10c91-c024-4a15-62c7-840e030250c4" testName="GetMutedMicrophoneIconId_ShouldRaiseArgumentException_WhenArgumentIsNotAUnmutedMicrophoneIconId" computerName="DKSR-EFI-04" duration="00:00:00.0003968" startTime="2023-12-22T09:39:29.0732210+01:00" endTime="2023-12-22T09:39:29.0738541+01:00" testType="13cdc9d9-ddb5-4fa4-a97d-d965ccfc6d4b" outcome="Passed" testListId="8c84fa94-04c1-424b-9868-57a2d4851a1d" relativeResultsDirectory="9347448d-63a4-4c02-9900-02531dcee012" />
    <UnitTestResult executionId="27fc8959-4a91-4372-9108-1d075c9d11b8" testId="284a6b15-0a7d-d4a1-ae93-88897a496866" testName="Decorate_ShouldAddChildren_WhenThereAreLayersWithItemsImplementingITitleToggleableAndIBackgroundDiskToggleable" computerName="DKSR-EFI-04" duration="00:00:00.0015983" startTime="2023-12-22T09:38:34.8870621+01:00" endTime="2023-12-22T09:38:34.8887968+01:00" testType="13cdc9d9-ddb5-4fa4-a97d-d965ccfc6d4b" outcome="Passed" testListId="8c84fa94-04c1-424b-9868-57a2d4851a1d" relativeResultsDirectory="27fc8959-4a91-4372-9108-1d075c9d11b8" />
    <UnitTestResult executionId="03070c64-ff54-407e-9906-069c461c5b41" testId="e9e0e7d6-a421-cf24-61f6-b52746752039" testName="GetClusters_NotInitialized_NoClusters" computerName="DKSR-EFI-04" duration="00:00:00.0057987" startTime="2023-12-22T09:39:31.9895616+01:00" endTime="2023-12-22T09:39:31.9956140+01:00" testType="13cdc9d9-ddb5-4fa4-a97d-d965ccfc6d4b" outcome="Passed" testListId="8c84fa94-04c1-424b-9868-57a2d4851a1d" relativeResultsDirectory="03070c64-ff54-407e-9906-069c461c5b41" />
    <UnitTestResult executionId="bf81398c-04c7-4d7f-a56b-b48c98fbf2d1" testId="d48c488e-fbbb-1e36-d1b4-d630148880b0" testName="MonitorLiveState_Serialize_Success" computerName="DKSR-EFI-04" duration="00:00:00.0071387" startTime="2023-12-22T09:39:39.8120988+01:00" endTime="2023-12-22T09:39:39.8194649+01:00" testType="13cdc9d9-ddb5-4fa4-a97d-d965ccfc6d4b" outcome="Passed" testListId="8c84fa94-04c1-424b-9868-57a2d4851a1d" relativeResultsDirectory="bf81398c-04c7-4d7f-a56b-b48c98fbf2d1" />
    <UnitTestResult executionId="b7cb6880-58f4-4896-8ffc-9a9547a70dce" testId="3a37d654-c030-a07d-9c40-73fc97223ffe" testName="Dispose_ShouldDisposeDeviceSelectorWindowViewModel_WhenDisposingInstance" computerName="DKSR-EFI-04" duration="00:00:00.0222012" startTime="2023-12-22T09:38:34.2575359+01:00" endTime="2023-12-22T09:38:34.2822514+01:00" testType="13cdc9d9-ddb5-4fa4-a97d-d965ccfc6d4b" outcome="Passed" testListId="8c84fa94-04c1-424b-9868-57a2d4851a1d" relativeResultsDirectory="b7cb6880-58f4-4896-8ffc-9a9547a70dce" />
    <UnitTestResult executionId="8f712dc3-6354-4421-b4b9-60b0969b8435" testId="3c8130e7-463f-39e3-1454-66e2409862a6" testName="HandleGetDeviceData_ShouldReturnNotFoundDeviceData_WhenOutputKindAndNonExistingOutputId" computerName="DKSR-EFI-04" duration="00:00:00.0300158" startTime="2023-12-22T09:38:39.8408796+01:00" endTime="2023-12-22T09:38:39.8710894+01:00" testType="13cdc9d9-ddb5-4fa4-a97d-d965ccfc6d4b" outcome="Passed" testListId="8c84fa94-04c1-424b-9868-57a2d4851a1d" relativeResultsDirectory="8f712dc3-6354-4421-b4b9-60b0969b8435" />
    <UnitTestResult executionId="7b32e4aa-78d9-4f76-8191-121610ba1afc" testId="cf838b6b-7995-4cd7-4849-142f7382a183" testName="Serialize_ScopeItemsOnly_Success" computerName="DKSR-EFI-04" duration="00:00:00.0013205" startTime="2023-12-22T09:39:14.6756895+01:00" endTime="2023-12-22T09:39:14.6771414+01:00" testType="13cdc9d9-ddb5-4fa4-a97d-d965ccfc6d4b" outcome="Passed" testListId="8c84fa94-04c1-424b-9868-57a2d4851a1d" relativeResultsDirectory="7b32e4aa-78d9-4f76-8191-121610ba1afc" />
    <UnitTestResult executionId="d0253cd9-1a6f-478f-940b-3e64bbd228b7" testId="63f149e4-246e-312e-204b-29ba70cef87d" testName="SmartMapSelectItemHandler_WhenItemCanNotBeFound_ShouldWriteToLog" computerName="DKSR-EFI-04" duration="00:00:00.0033164" startTime="2023-12-22T09:38:38.6092895+01:00" endTime="2023-12-22T09:38:38.6127267+01:00" testType="13cdc9d9-ddb5-4fa4-a97d-d965ccfc6d4b" outcome="Passed" testListId="8c84fa94-04c1-424b-9868-57a2d4851a1d" relativeResultsDirectory="d0253cd9-1a6f-478f-940b-3e64bbd228b7" />
    <UnitTestResult executionId="18036f58-0694-41b8-8a57-01c03a499bf4" testId="9636a1f1-1232-f981-d42a-36589836bff4" testName="DeviceIcons_ShouldNotBeNull_WhenCalled" computerName="DKSR-EFI-04" duration="00:00:00.0001610" startTime="2023-12-22T09:39:29.0783988+01:00" endTime="2023-12-22T09:39:29.0786945+01:00" testType="13cdc9d9-ddb5-4fa4-a97d-d965ccfc6d4b" outcome="Passed" testListId="8c84fa94-04c1-424b-9868-57a2d4851a1d" relativeResultsDirectory="18036f58-0694-41b8-8a57-01c03a499bf4" />
    <UnitTestResult executionId="81944e86-29b8-4cd2-b582-78ef9be095eb" testId="10f7e539-95db-7d97-e660-3fdca86f07c0" testName="PatrollingStepListViewModel_AddStepExecute" computerName="DKSR-EFI-04" duration="00:00:00.0022293" startTime="2023-12-22T09:39:32.2351134+01:00" endTime="2023-12-22T09:39:32.2374777+01:00" testType="13cdc9d9-ddb5-4fa4-a97d-d965ccfc6d4b" outcome="Passed" testListId="8c84fa94-04c1-424b-9868-57a2d4851a1d" relativeResultsDirectory="81944e86-29b8-4cd2-b582-78ef9be095eb" />
    <UnitTestResult executionId="fffc9bf1-dc42-4e33-b200-16750682fd1d" testId="ecb78db4-fbd8-8b6b-a357-e550309c3c9c" testName="SearchEventsAsync_ShouldReturnNull_WhenAccessControlLoginInfoIsNull" computerName="DKSR-EFI-04" duration="00:00:00.0022086" startTime="2023-12-22T09:39:39.7383779+01:00" endTime="2023-12-22T09:39:39.7407643+01:00" testType="13cdc9d9-ddb5-4fa4-a97d-d965ccfc6d4b" outcome="Passed" testListId="8c84fa94-04c1-424b-9868-57a2d4851a1d" relativeResultsDirectory="fffc9bf1-dc42-4e33-b200-16750682fd1d" />
    <UnitTestResult executionId="7dad5a97-a994-4355-a37a-93d048823efe" testId="e886f146-563d-6db0-f755-1724a8f2f2c8" testName="ActiveInteractionStateBinding_ShouldNotBeNull_WhenCtorIsCalled" computerName="DKSR-EFI-04" duration="00:00:00.0469599" startTime="2023-12-22T09:38:36.3148547+01:00" endTime="2023-12-22T09:38:36.3646165+01:00" testType="13cdc9d9-ddb5-4fa4-a97d-d965ccfc6d4b" outcome="Passed" testListId="8c84fa94-04c1-424b-9868-57a2d4851a1d" relativeResultsDirectory="7dad5a97-a994-4355-a37a-93d048823efe" />
    <UnitTestResult executionId="9485892d-59f7-4999-8847-70ce2920ad79" testId="09064739-d6f3-b35b-43e1-f9b5634afbd3" testName="Search_PreviouslyAddedFilterValueRemoved_SubDefinitionOnlyUsesRemainingFilterValues" computerName="DKSR-EFI-04" duration="00:00:00.0063734" startTime="2023-12-22T09:39:25.5072966+01:00" endTime="2023-12-22T09:39:25.5139039+01:00" testType="13cdc9d9-ddb5-4fa4-a97d-d965ccfc6d4b" outcome="Passed" testListId="8c84fa94-04c1-424b-9868-57a2d4851a1d" relativeResultsDirectory="9485892d-59f7-4999-8847-70ce2920ad79" />
    <UnitTestResult executionId="dd2084ac-9299-4739-89de-011833374401" testId="0e8eb8b8-1a42-be54-07c1-244508590add" testName="BuildingChangeProperty_Persisted_Success" computerName="DKSR-EFI-04" duration="00:00:00.0115783" startTime="2023-12-22T09:39:26.3813389+01:00" endTime="2023-12-22T09:39:26.3930718+01:00" testType="13cdc9d9-ddb5-4fa4-a97d-d965ccfc6d4b" outcome="Passed" testListId="8c84fa94-04c1-424b-9868-57a2d4851a1d" relativeResultsDirectory="dd2084ac-9299-4739-89de-011833374401" />
    <UnitTestResult executionId="0c5d61b2-f974-4fd5-9b05-dc02c5e54041" testId="715b0ee1-c454-706c-d41f-d24a89af9ced" testName="IsProductionEnvironment_ShouldReturnCorrectValue (,True)" computerName="DKSR-EFI-04" duration="00:00:00.0000075" startTime="2023-12-22T09:39:38.6086920+01:00" endTime="2023-12-22T09:39:38.6089197+01:00" testType="13cdc9d9-ddb5-4fa4-a97d-d965ccfc6d4b" outcome="Passed" testListId="8c84fa94-04c1-424b-9868-57a2d4851a1d" relativeResultsDirectory="0c5d61b2-f974-4fd5-9b05-dc02c5e54041" />
    <UnitTestResult executionId="35dfdcca-6bc9-4432-a5a3-ba4613a71556" testId="e7590a2a-9404-cfd8-85e4-42ebf7fee746" testName="EvidenceLockNotVisible_WhenFeatureDisabled" computerName="DKSR-EFI-04" duration="00:00:00.0183114" startTime="2023-12-22T09:39:32.9157129+01:00" endTime="2023-12-22T09:39:32.9342037+01:00" testType="13cdc9d9-ddb5-4fa4-a97d-d965ccfc6d4b" outcome="Passed" testListId="8c84fa94-04c1-424b-9868-57a2d4851a1d" relativeResultsDirectory="35dfdcca-6bc9-4432-a5a3-ba4613a71556" />
    <UnitTestResult executionId="0db7aff0-4946-4e72-8ef4-039c392c2af6" testId="faece781-49e2-4e59-ebf9-bba502576c3c" testName="RemoveWorkroom_ShouldReturnFalse_WhenThereIsOnlyOneWorkroom" computerName="DKSR-EFI-04" duration="00:00:00.0225270" startTime="2023-12-22T09:39:38.3701122+01:00" endTime="2023-12-22T09:39:38.3928862+01:00" testType="13cdc9d9-ddb5-4fa4-a97d-d965ccfc6d4b" outcome="Passed" testListId="8c84fa94-04c1-424b-9868-57a2d4851a1d" relativeResultsDirectory="0db7aff0-4946-4e72-8ef4-039c392c2af6" />
    <UnitTestResult executionId="e0b04094-b8ef-4288-b929-cbbc2dbc2f67" testId="b0add685-1c58-f35e-e4aa-57de22bf2774" testName="PtzPresetsMenuViewModel_SetInfo_PtzSessionControllerInfo_ArgumentNullCheckTest" computerName="DKSR-EFI-04" duration="00:00:00.0011426" startTime="2023-12-22T09:39:36.4906349+01:00" endTime="2023-12-22T09:39:36.4920174+01:00" testType="13cdc9d9-ddb5-4fa4-a97d-d965ccfc6d4b" outcome="Passed" testListId="8c84fa94-04c1-424b-9868-57a2d4851a1d" relativeResultsDirectory="e0b04094-b8ef-4288-b929-cbbc2dbc2f67" />
    <UnitTestResult executionId="4d413b10-5445-4e9a-95fd-24cce6cb1dea" testId="702b2a99-3d22-8fb5-d555-a5570edf1677" testName="GetGisMapLayerFlyoutName_ShouldRaiseArgumentNullException_WhenCultureInfoIsNull" computerName="DKSR-EFI-04" duration="00:00:00.0018362" startTime="2023-12-22T09:39:31.3133631+01:00" endTime="2023-12-22T09:39:31.3155554+01:00" testType="13cdc9d9-ddb5-4fa4-a97d-d965ccfc6d4b" outcome="Passed" testListId="8c84fa94-04c1-424b-9868-57a2d4851a1d" relativeResultsDirectory="4d413b10-5445-4e9a-95fd-24cce6cb1dea" />
    <UnitTestResult executionId="716df86e-de1b-4d36-80da-d6710caf84c1" testId="c3c6004f-1cee-dde7-31e1-dc9ac6e20c92" testName="ValidateExportName_ShouldReturnFailResult_InvalidCharactersInExportName (1213?)" computerName="DKSR-EFI-04" duration="00:00:00.0023267" startTime="2023-12-22T09:38:40.7407224+01:00" endTime="2023-12-22T09:38:40.7431926+01:00" testType="13cdc9d9-ddb5-4fa4-a97d-d965ccfc6d4b" outcome="Passed" testListId="8c84fa94-04c1-424b-9868-57a2d4851a1d" relativeResultsDirectory="716df86e-de1b-4d36-80da-d6710caf84c1" />
    <UnitTestResult executionId="220f6398-188a-42d3-a57b-c9aeb3afc35a" testId="ba03e836-1476-7d35-ae0b-6b2da7f85509" testName="Compare_ShouldPrioritizeCombinedResultsWithMostSearchCategories_WhenResultsDoNotMatchTheSameNumberOfCategories" computerName="DKSR-EFI-04" duration="00:00:00.0006370" startTime="2023-12-22T09:39:14.6465187+01:00" endTime="2023-12-22T09:39:14.6473147+01:00" testType="13cdc9d9-ddb5-4fa4-a97d-d965ccfc6d4b" outcome="Passed" testListId="8c84fa94-04c1-424b-9868-57a2d4851a1d" relativeResultsDirectory="220f6398-188a-42d3-a57b-c9aeb3afc35a" />
    <UnitTestResult executionId="f6e9b041-31c2-4397-9414-c9c8bf205a6c" testId="f92d7d34-ac45-0e70-f396-9fcde6a3e066" testName="Combine_Guids_Succeded" computerName="DKSR-EFI-04" duration="00:00:00.0002771" startTime="2023-12-22T09:39:27.2656562+01:00" endTime="2023-12-22T09:39:27.2662097+01:00" testType="13cdc9d9-ddb5-4fa4-a97d-d965ccfc6d4b" outcome="Passed" testListId="8c84fa94-04c1-424b-9868-57a2d4851a1d" relativeResultsDirectory="f6e9b041-31c2-4397-9414-c9c8bf205a6c" />
    <UnitTestResult executionId="5cfb427c-c781-4df4-91a7-7c58ea0f07f1" testId="a2ceebde-d242-3694-fb90-e4ca65781850" testName="PatrollingProfileListViewModel_DeleteProfileExecute" computerName="DKSR-EFI-04" duration="00:00:00.0016508" startTime="2023-12-22T09:39:32.1410764+01:00" endTime="2023-12-22T09:39:32.1428610+01:00" testType="13cdc9d9-ddb5-4fa4-a97d-d965ccfc6d4b" outcome="Passed" testListId="8c84fa94-04c1-424b-9868-57a2d4851a1d" relativeResultsDirectory="5cfb427c-c781-4df4-91a7-7c58ea0f07f1" />
    <UnitTestResult executionId="a062f2c7-8c42-4912-ab31-42d26901c0a9" testId="af2a8788-f2d5-ea21-a188-f51e4691cee7" testName="OnSizeChanged_FivePluginButtonsPresentInActionBar_WithRoomForLessThenFourPluginButtonsPluginsMoveToSecondLine" computerName="DKSR-EFI-04" duration="00:00:00.0718918" startTime="2023-12-22T09:38:42.7095411+01:00" endTime="2023-12-22T09:38:42.7842758+01:00" testType="13cdc9d9-ddb5-4fa4-a97d-d965ccfc6d4b" outcome="Passed" testListId="8c84fa94-04c1-424b-9868-57a2d4851a1d" relativeResultsDirectory="a062f2c7-8c42-4912-ab31-42d26901c0a9" />
    <UnitTestResult executionId="7a86c344-80f0-4b57-8ba2-b7d02ddeea93" testId="1189299d-d6c8-7716-1cc1-5c418c696590" testName="SearchResultCombineType_ShouldNotStartSearch_WhenValueDoesNotChanges" computerName="DKSR-EFI-04" duration="00:00:00.0065220" startTime="2023-12-22T09:39:13.1944872+01:00" endTime="2023-12-22T09:39:13.2011552+01:00" testType="13cdc9d9-ddb5-4fa4-a97d-d965ccfc6d4b" outcome="Passed" testListId="8c84fa94-04c1-424b-9868-57a2d4851a1d" relativeResultsDirectory="7a86c344-80f0-4b57-8ba2-b7d02ddeea93" />
    <UnitTestResult executionId="b9d95fac-859c-49f5-85f1-52e368ed643a" testId="9aaaf4ba-8359-75df-6568-0739721a7d97" testName="Selected_retention_option_is_not_cleared_when_available" computerName="DKSR-EFI-04" duration="00:00:00.0007213" startTime="2023-12-22T09:39:39.4016621+01:00" endTime="2023-12-22T09:39:39.4025380+01:00" testType="13cdc9d9-ddb5-4fa4-a97d-d965ccfc6d4b" outcome="Passed" testListId="8c84fa94-04c1-424b-9868-57a2d4851a1d" relativeResultsDirectory="b9d95fac-859c-49f5-85f1-52e368ed643a" />
    <UnitTestResult executionId="d414cb9d-0fad-4b6e-bb2b-16d5cf86fe36" testId="018fb1d0-368a-28a4-c323-ba8d6e4a76b9" testName="AddToExportTuples_ShouldAddToExportData (5)" computerName="DKSR-EFI-04" duration="00:00:00.0043829" startTime="2023-12-22T09:39:33.5585558+01:00" endTime="2023-12-22T09:39:33.5631378+01:00" testType="13cdc9d9-ddb5-4fa4-a97d-d965ccfc6d4b" outcome="Passed" testListId="8c84fa94-04c1-424b-9868-57a2d4851a1d" relativeResultsDirectory="d414cb9d-0fad-4b6e-bb2b-16d5cf86fe36" />
    <UnitTestResult executionId="4131c705-034b-4c3e-ac83-73c5dbc1c0fc" testId="2ce1ff21-6093-7b3b-54d2-6773bfebe33a" testName="TestAttachedView_WithKeepInMemory_Success" computerName="DKSR-EFI-04" duration="00:00:00.0002509" startTime="2023-12-22T09:39:38.3678514+01:00" endTime="2023-12-22T09:39:38.3682250+01:00" testType="13cdc9d9-ddb5-4fa4-a97d-d965ccfc6d4b" outcome="Passed" testListId="8c84fa94-04c1-424b-9868-57a2d4851a1d" relativeResultsDirectory="4131c705-034b-4c3e-ac83-73c5dbc1c0fc" />
    <UnitTestResult executionId="3a5e8c1f-a358-40b1-bbe7-15357e1d1972" testId="471a9d0c-0431-d46b-1459-094d77836e47" testName="CalculateNewExtent_ShouldScaleEvenly_WhenWithinMaxInUpperRight" computerName="DKSR-EFI-04" duration="00:00:00.0001594" startTime="2023-12-22T09:38:38.8235542+01:00" endTime="2023-12-22T09:38:38.8238222+01:00" testType="13cdc9d9-ddb5-4fa4-a97d-d965ccfc6d4b" outcome="Passed" testListId="8c84fa94-04c1-424b-9868-57a2d4851a1d" relativeResultsDirectory="3a5e8c1f-a358-40b1-bbe7-15357e1d1972" />
    <UnitTestResult executionId="9f400b6b-1db8-4f6f-a868-81b6348e68b1" testId="faf9bd45-1e34-2d61-de4a-11b39437c102" testName="SearchTemplatesEnabled_SaveSearchesServerOptionIsFalse_ReturnsFalse" computerName="DKSR-EFI-04" duration="00:00:00.0070096" startTime="2023-12-22T09:39:13.1315927+01:00" endTime="2023-12-22T09:39:13.1387697+01:00" testType="13cdc9d9-ddb5-4fa4-a97d-d965ccfc6d4b" outcome="Passed" testListId="8c84fa94-04c1-424b-9868-57a2d4851a1d" relativeResultsDirectory="9f400b6b-1db8-4f6f-a868-81b6348e68b1" />
    <UnitTestResult executionId="698f781f-1a23-4e7a-9d34-b7eeedae511b" testId="4fb4182c-2a3f-97bb-507b-d3ceb3937b43" testName="ExcludeItem_CameraItem_Excluded" computerName="DKSR-EFI-04" duration="00:00:00.0264722" startTime="2023-12-22T09:39:31.4732665+01:00" endTime="2023-12-22T09:39:31.5000299+01:00" testType="13cdc9d9-ddb5-4fa4-a97d-d965ccfc6d4b" outcome="Passed" testListId="8c84fa94-04c1-424b-9868-57a2d4851a1d" relativeResultsDirectory="698f781f-1a23-4e7a-9d34-b7eeedae511b" />
    <UnitTestResult executionId="f566498b-c971-4725-bcfd-80cbb055644a" testId="3e97705f-0ff9-64fe-c5d8-6844deb02dbb" testName="AddToExportDevices_ShouldReturnCorrectResult (5,5,5)" computerName="DKSR-EFI-04" duration="00:00:00.0033228" startTime="2023-12-22T09:39:33.6912376+01:00" endTime="2023-12-22T09:39:33.6947282+01:00" testType="13cdc9d9-ddb5-4fa4-a97d-d965ccfc6d4b" outcome="Passed" testListId="8c84fa94-04c1-424b-9868-57a2d4851a1d" relativeResultsDirectory="f566498b-c971-4725-bcfd-80cbb055644a" />
    <UnitTestResult executionId="7e1ade49-d600-4fd7-b8b9-b49cdb67c861" testId="f666c42d-aace-c940-638f-8ab4e58f4377" testName="SupportsRightClick_ShouldBeTrue_WhenInteractionStateIsNormal" computerName="DKSR-EFI-04" duration="00:00:00.0109590" startTime="2023-12-22T09:38:36.3805129+01:00" endTime="2023-12-22T09:38:36.3940721+01:00" testType="13cdc9d9-ddb5-4fa4-a97d-d965ccfc6d4b" outcome="Passed" testListId="8c84fa94-04c1-424b-9868-57a2d4851a1d" relativeResultsDirectory="7e1ade49-d600-4fd7-b8b9-b49cdb67c861" />
    <UnitTestResult executionId="0ccceb50-954f-4d4e-958b-8bab053a2698" testId="d4e46870-eb38-895f-fa8d-62938fc8e119" testName="RemoveDefinition_UnknownDefinition_NoChange" computerName="DKSR-EFI-04" duration="00:00:00.0047185" startTime="2023-12-22T09:39:14.2921573+01:00" endTime="2023-12-22T09:39:14.2970731+01:00" testType="13cdc9d9-ddb5-4fa4-a97d-d965ccfc6d4b" outcome="Passed" testListId="8c84fa94-04c1-424b-9868-57a2d4851a1d" relativeResultsDirectory="0ccceb50-954f-4d4e-958b-8bab053a2698" />
    <UnitTestResult executionId="8cbe0cd2-f7a3-4fbc-ac91-38c4cca20fa4" testId="9a0ec1ee-717c-f9be-241c-4cf9cb866a4c" testName="Toolbar_HasButtonsVisibleByDefault_WhenInLive" computerName="DKSR-EFI-04" duration="00:00:00.0120618" startTime="2023-12-22T09:39:33.1015939+01:00" endTime="2023-12-22T09:39:33.1138394+01:00" testType="13cdc9d9-ddb5-4fa4-a97d-d965ccfc6d4b" outcome="Passed" testListId="8c84fa94-04c1-424b-9868-57a2d4851a1d" relativeResultsDirectory="8cbe0cd2-f7a3-4fbc-ac91-38c4cca20fa4" />
    <UnitTestResult executionId="32fc8530-05eb-45c5-ac1f-64c69d6432ec" testId="1fb4c865-1faa-3cb2-dba2-5caed6ef1c09" testName="TestConstructor_NullMapBuilding_Failure" computerName="DKSR-EFI-04" duration="00:00:00.0056606" startTime="2023-12-22T09:39:30.9505975+01:00" endTime="2023-12-22T09:39:30.9564994+01:00" testType="13cdc9d9-ddb5-4fa4-a97d-d965ccfc6d4b" outcome="Passed" testListId="8c84fa94-04c1-424b-9868-57a2d4851a1d" relativeResultsDirectory="32fc8530-05eb-45c5-ac1f-64c69d6432ec" />
    <UnitTestResult executionId="7a5cf5ac-7754-4ad4-a6e7-e57727f83716" testId="f4ab981e-0c0f-f2f3-f99e-665599b904ff" testName="SelectedDuration_ShouldRevertToPreviousSelection_WhenCustomIntervalSelectionPopupIsClosedWithoutBeingSetOrCancelled" computerName="DKSR-EFI-04" duration="00:00:00.0054760" startTime="2023-12-22T09:39:12.7387845+01:00" endTime="2023-12-22T09:39:12.7444126+01:00" testType="13cdc9d9-ddb5-4fa4-a97d-d965ccfc6d4b" outcome="Passed" testListId="8c84fa94-04c1-424b-9868-57a2d4851a1d" relativeResultsDirectory="7a5cf5ac-7754-4ad4-a6e7-e57727f83716" />
    <UnitTestResult executionId="2fa6dca5-691e-4fd0-bff0-3c470451a936" testId="e6de12d3-0261-772c-f490-e9dbb1bb9e62" testName="SearchResultsActionBarActions_ActionResultCreateReport_ProgressUpdate_Success" computerName="DKSR-EFI-04" duration="00:00:00.1652151" startTime="2023-12-22T09:39:11.1641349+01:00" endTime="2023-12-22T09:39:11.3295391+01:00" testType="13cdc9d9-ddb5-4fa4-a97d-d965ccfc6d4b" outcome="Passed" testListId="8c84fa94-04c1-424b-9868-57a2d4851a1d" relativeResultsDirectory="2fa6dca5-691e-4fd0-bff0-3c470451a936" />
    <UnitTestResult executionId="437c3cdf-3bba-419f-9a3a-cd080249ebe2" testId="411bf916-58a4-1dad-e0e6-3f86688192cf" testName="ScrollIntoView_Async_DefinitionViewBelowOutOfViewPort_Scrolled" computerName="DKSR-EFI-04" duration="00:00:00.0517029" startTime="2023-12-22T09:38:41.6505295+01:00" endTime="2023-12-22T09:38:41.7048445+01:00" testType="13cdc9d9-ddb5-4fa4-a97d-d965ccfc6d4b" outcome="Passed" testListId="8c84fa94-04c1-424b-9868-57a2d4851a1d" relativeResultsDirectory="437c3cdf-3bba-419f-9a3a-cd080249ebe2" />
    <UnitTestResult executionId="fab5ff10-cca3-49ad-a521-25e03c6bf2bb" testId="708fbd07-d518-bb6a-de51-1d178c785f47" testName="Detach_ShouldRaiseArgumentNullException_WhenWindowIsNull" computerName="DKSR-EFI-04" duration="00:00:00.0004101" startTime="2023-12-22T09:38:33.2918385+01:00" endTime="2023-12-22T09:38:33.2942510+01:00" testType="13cdc9d9-ddb5-4fa4-a97d-d965ccfc6d4b" outcome="Passed" testListId="8c84fa94-04c1-424b-9868-57a2d4851a1d" relativeResultsDirectory="fab5ff10-cca3-49ad-a521-25e03c6bf2bb" />
    <UnitTestResult executionId="2676bea5-e69d-4581-bd8b-09fe4a0aa65a" testId="73ba8d8b-63f0-7559-fdd9-22c8ccb33146" testName="UpdateItemState_Hidden_NullCamera" computerName="DKSR-EFI-04" duration="00:00:00.0008467" startTime="2023-12-22T09:39:36.5366182+01:00" endTime="2023-12-22T09:39:36.5376284+01:00" testType="13cdc9d9-ddb5-4fa4-a97d-d965ccfc6d4b" outcome="Passed" testListId="8c84fa94-04c1-424b-9868-57a2d4851a1d" relativeResultsDirectory="2676bea5-e69d-4581-bd8b-09fe4a0aa65a" />
    <UnitTestResult executionId="fc51527f-4523-4680-aae4-f16134d71815" testId="52501ffb-ac7e-ad78-d1e0-6621a5b53480" testName="GetGisMapLayerFlyoutName_ShouldRaiseArgumentNullException_WhenOptionManagerIsNull" computerName="DKSR-EFI-04" duration="00:00:00.0002593" startTime="2023-12-22T09:39:31.3160068+01:00" endTime="2023-12-22T09:39:31.3164261+01:00" testType="13cdc9d9-ddb5-4fa4-a97d-d965ccfc6d4b" outcome="Passed" testListId="8c84fa94-04c1-424b-9868-57a2d4851a1d" relativeResultsDirectory="fc51527f-4523-4680-aae4-f16134d71815" />
    <UnitTestResult executionId="3a3491b6-a97c-4f38-ba8c-e10d2adbd003" testId="9586cc92-f1bb-653a-bd17-70b79fb89f50" testName="Deserialize_InvalidPluginIdElement_Error" computerName="DKSR-EFI-04" duration="00:00:00.0005874" startTime="2023-12-22T09:39:14.7023926+01:00" endTime="2023-12-22T09:39:14.7031156+01:00" testType="13cdc9d9-ddb5-4fa4-a97d-d965ccfc6d4b" outcome="Passed" testListId="8c84fa94-04c1-424b-9868-57a2d4851a1d" relativeResultsDirectory="3a3491b6-a97c-4f38-ba8c-e10d2adbd003" />
    <UnitTestResult executionId="668447e0-e04b-43f9-9168-4ec9d60db9ef" testId="07465ce7-6373-2a9f-806a-3101b38a9200" testName="ComparerSet_NewValue_EventFired" computerName="DKSR-EFI-04" duration="00:00:00.0115241" startTime="2023-12-22T09:39:14.4709448+01:00" endTime="2023-12-22T09:39:14.4826152+01:00" testType="13cdc9d9-ddb5-4fa4-a97d-d965ccfc6d4b" outcome="Passed" testListId="8c84fa94-04c1-424b-9868-57a2d4851a1d" relativeResultsDirectory="668447e0-e04b-43f9-9168-4ec9d60db9ef" />
    <UnitTestResult executionId="74499611-add2-45a5-b6e1-f2d114caea5e" testId="d8aaa504-6178-a22d-3fb8-ce2b255c46bf" testName="Toolbar_IsVisible_WhenNotInLiveOrPlayback_ButFullscreen" computerName="DKSR-EFI-04" duration="00:00:00.0173196" startTime="2023-12-22T09:39:33.1701817+01:00" endTime="2023-12-22T09:39:33.1876812+01:00" testType="13cdc9d9-ddb5-4fa4-a97d-d965ccfc6d4b" outcome="Passed" testListId="8c84fa94-04c1-424b-9868-57a2d4851a1d" relativeResultsDirectory="74499611-add2-45a5-b6e1-f2d114caea5e" />
    <UnitTestResult executionId="93c6b752-f00f-46e7-a32e-45525424720d" testId="30200921-e950-e3ac-a65b-a4bfe480ca8a" testName="DrawEntries_BeginMidAndEndDatesRange_Success" computerName="DKSR-EFI-04" duration="00:00:00.0465872" startTime="2023-12-22T09:39:01.3009253+01:00" endTime="2023-12-22T09:39:01.3507145+01:00" testType="13cdc9d9-ddb5-4fa4-a97d-d965ccfc6d4b" outcome="Passed" testListId="8c84fa94-04c1-424b-9868-57a2d4851a1d" relativeResultsDirectory="93c6b752-f00f-46e7-a32e-45525424720d" />
    <UnitTestResult executionId="42f811a3-cf4a-452b-9f8a-caa2d577bce6" testId="80e1e452-82cf-b088-db40-d28f7d32c62d" testName="Export when Live" computerName="DKSR-EFI-04" duration="00:00:00.0736800" startTime="2023-12-22T09:39:32.6751425+01:00" endTime="2023-12-22T09:39:32.8945907+01:00" testType="13cdc9d9-ddb5-4fa4-a97d-d965ccfc6d4b" outcome="Passed" testListId="8c84fa94-04c1-424b-9868-57a2d4851a1d" relativeResultsDirectory="42f811a3-cf4a-452b-9f8a-caa2d577bce6" />
    <UnitTestResult executionId="116d4895-fdcf-4b54-8761-83263170f813" testId="4aa175c2-c268-2aa8-a9f4-2e34c2367c47" testName="IsVisible_MultipleSelectedResult_ReturnsTrue" computerName="DKSR-EFI-04" duration="00:00:00.0083266" startTime="2023-12-22T09:39:10.4766067+01:00" endTime="2023-12-22T09:39:10.4850951+01:00" testType="13cdc9d9-ddb5-4fa4-a97d-d965ccfc6d4b" outcome="Passed" testListId="8c84fa94-04c1-424b-9868-57a2d4851a1d" relativeResultsDirectory="116d4895-fdcf-4b54-8761-83263170f813" />
    <UnitTestResult executionId="004e655b-c085-4d9c-b960-ff10a79d9f2e" testId="41d4421e-5dd5-6cec-027d-d4227fb48184" testName="ParseFromName_SecondPartNotZero_MinutesRoundedUp" computerName="DKSR-EFI-04" duration="00:00:00.0006003" startTime="2023-12-22T09:39:13.7791354+01:00" endTime="2023-12-22T09:39:13.7798661+01:00" testType="13cdc9d9-ddb5-4fa4-a97d-d965ccfc6d4b" outcome="Passed" testListId="8c84fa94-04c1-424b-9868-57a2d4851a1d" relativeResultsDirectory="004e655b-c085-4d9c-b960-ff10a79d9f2e" />
    <UnitTestResult executionId="0b5b3f26-00fd-44f0-bbf3-8350e8fe5487" testId="6b0b8696-32c2-657c-f281-65444866a1da" testName="GetDomainAndUserName_ShouldReturnDomainAndUserNamePartOfNetworkCredentials_WhenNetworkCredentialsContainsAUserNameAndDomain" computerName="DKSR-EFI-04" duration="00:00:00.0001480" startTime="2023-12-22T09:38:32.3544253+01:00" endTime="2023-12-22T09:38:32.3546836+01:00" testType="13cdc9d9-ddb5-4fa4-a97d-d965ccfc6d4b" outcome="Passed" testListId="8c84fa94-04c1-424b-9868-57a2d4851a1d" relativeResultsDirectory="0b5b3f26-00fd-44f0-bbf3-8350e8fe5487" />
    <UnitTestResult executionId="cac6d934-77d7-4774-9f90-1ff47dc96d23" testId="b3f5f35c-92f5-1335-49e4-d72ffb56774b" testName="Constructor_ShouldRaiseArgumentNullException_WhenNextDeviceDataHandlerIsNull" computerName="DKSR-EFI-04" duration="00:00:00.0052565" startTime="2023-12-22T09:38:39.7102783+01:00" endTime="2023-12-22T09:38:39.7157382+01:00" testType="13cdc9d9-ddb5-4fa4-a97d-d965ccfc6d4b" outcome="Passed" testListId="8c84fa94-04c1-424b-9868-57a2d4851a1d" relativeResultsDirectory="cac6d934-77d7-4774-9f90-1ff47dc96d23" />
    <UnitTestResult executionId="57dc56c5-534c-45d1-ad7a-7abb10176636" testId="6480e990-929e-4f74-6838-96e2b97d0c00" testName="Constructor_ShouldRaiseArgumentNullException_WhenDeviceIdsIsNull" computerName="DKSR-EFI-04" duration="00:00:00.0004300" startTime="2023-12-22T09:39:32.0709532+01:00" endTime="2023-12-22T09:39:32.0716280+01:00" testType="13cdc9d9-ddb5-4fa4-a97d-d965ccfc6d4b" outcome="Passed" testListId="8c84fa94-04c1-424b-9868-57a2d4851a1d" relativeResultsDirectory="57dc56c5-534c-45d1-ad7a-7abb10176636" />
    <UnitTestResult executionId="c8536a2b-5617-487e-b868-c82fe7ebc5fd" testId="22f57bdb-c5ee-b53f-99a9-02334618ffe6" testName="Decorate_ShouldRaiseMissingMethodException_WhenDecoratorUsesLayerVisibilityItemData" computerName="DKSR-EFI-04" duration="00:00:00.0016153" startTime="2023-12-22T09:38:34.8763573+01:00" endTime="2023-12-22T09:38:34.8781710+01:00" testType="13cdc9d9-ddb5-4fa4-a97d-d965ccfc6d4b" outcome="Passed" testListId="8c84fa94-04c1-424b-9868-57a2d4851a1d" relativeResultsDirectory="c8536a2b-5617-487e-b868-c82fe7ebc5fd" />
    <UnitTestResult executionId="8d9e4f74-efc2-4ea9-9f40-713f5318e68d" testId="9060a50a-9771-de76-4b8f-daa876d7df09" testName="ScWorkspaceStateChangedEvent_ShouldSetDeviceIsDisabledToFalse_WhenSwitchingToSetupModeAndDeviceIsDisabled" computerName="DKSR-EFI-04" duration="00:00:00.0142976" startTime="2023-12-22T09:39:29.1347856+01:00" endTime="2023-12-22T09:39:29.1516656+01:00" testType="13cdc9d9-ddb5-4fa4-a97d-d965ccfc6d4b" outcome="Passed" testListId="8c84fa94-04c1-424b-9868-57a2d4851a1d" relativeResultsDirectory="8d9e4f74-efc2-4ea9-9f40-713f5318e68d" />
    <UnitTestResult executionId="4046a3f8-2f72-4cc4-9405-46359ba292fe" testId="f80158fa-d75f-54b9-6b80-4f00a7c4aaf2" testName="ShouldReturnTrueWhenBuildingsLayerChanged" computerName="DKSR-EFI-04" duration="00:00:00.0006607" startTime="2023-12-22T09:38:38.7952621+01:00" endTime="2023-12-22T09:38:38.7960388+01:00" testType="13cdc9d9-ddb5-4fa4-a97d-d965ccfc6d4b" outcome="Passed" testListId="8c84fa94-04c1-424b-9868-57a2d4851a1d" relativeResultsDirectory="4046a3f8-2f72-4cc4-9405-46359ba292fe" />
    <UnitTestResult executionId="10ef1349-e45b-47cd-8fbd-64e785ba8b1b" testId="88e52a12-1a52-4078-5db4-c86ba1c3b447" testName="Map_AddExtraBackgroundLayer_Success" computerName="DKSR-EFI-04" duration="00:00:00.0505546" startTime="2023-12-22T09:39:28.6669951+01:00" endTime="2023-12-22T09:39:28.7178596+01:00" testType="13cdc9d9-ddb5-4fa4-a97d-d965ccfc6d4b" outcome="Passed" testListId="8c84fa94-04c1-424b-9868-57a2d4851a1d" relativeResultsDirectory="10ef1349-e45b-47cd-8fbd-64e785ba8b1b" />
    <UnitTestResult executionId="039be0e2-bff8-4aa8-92c1-8af3afbea630" testId="c6aa84d9-56b3-333b-31b6-309528e6353e" testName="DeviceIcons_ShouldReturnIconsInAProperOrder_WhenCalled" computerName="DKSR-EFI-04" duration="00:00:00.0006325" startTime="2023-12-22T09:39:29.0809141+01:00" endTime="2023-12-22T09:39:29.0817298+01:00" testType="13cdc9d9-ddb5-4fa4-a97d-d965ccfc6d4b" outcome="Passed" testListId="8c84fa94-04c1-424b-9868-57a2d4851a1d" relativeResultsDirectory="039be0e2-bff8-4aa8-92c1-8af3afbea630" />
    <UnitTestResult executionId="69f38393-2b5a-4d69-a3f8-a1781020aa4c" testId="d2ac6e2c-d244-6600-ac41-33c9ad0aa47c" testName="Close_ShouldBeInvoked_WhenMarkerIsDisposed" computerName="DKSR-EFI-04" duration="00:00:00.0606283" startTime="2023-12-22T09:38:36.2241016+01:00" endTime="2023-12-22T09:38:36.2883877+01:00" testType="13cdc9d9-ddb5-4fa4-a97d-d965ccfc6d4b" outcome="Passed" testListId="8c84fa94-04c1-424b-9868-57a2d4851a1d" relativeResultsDirectory="69f38393-2b5a-4d69-a3f8-a1781020aa4c" />
    <UnitTestResult executionId="c8694740-d311-45ae-9fae-68ba62004727" testId="70311a0a-2853-d903-384a-e493017e2da4" testName="Constructor_ShouldRaiseArgumentNullException_WhenNavigationHistoryIsNull" computerName="DKSR-EFI-04" duration="00:00:00.0105224" startTime="2023-12-22T09:38:34.2121200+01:00" endTime="2023-12-22T09:38:34.2250596+01:00" testType="13cdc9d9-ddb5-4fa4-a97d-d965ccfc6d4b" outcome="Passed" testListId="8c84fa94-04c1-424b-9868-57a2d4851a1d" relativeResultsDirectory="c8694740-d311-45ae-9fae-68ba62004727" />
    <UnitTestResult executionId="72fe80be-3f2d-4d8d-b193-85bbc441a7fb" testId="20d15238-c18d-570b-67ce-21919cbfc0d7" testName="Both enabled, forced" computerName="DKSR-EFI-04" duration="00:00:00.0055458" startTime="2023-12-22T09:38:40.1723049+01:00" endTime="2023-12-22T09:38:40.1780824+01:00" testType="13cdc9d9-ddb5-4fa4-a97d-d965ccfc6d4b" outcome="Passed" testListId="8c84fa94-04c1-424b-9868-57a2d4851a1d" relativeResultsDirectory="72fe80be-3f2d-4d8d-b193-85bbc441a7fb" />
    <UnitTestResult executionId="e5d80fb4-9b14-4118-b6cc-7567b6e345c8" testId="7ef6fc17-41f7-b6dd-5a72-5e5de8ea26a4" testName="GetServerTypes_ShouldReturnServiceChannelType" computerName="DKSR-EFI-04" duration="00:00:00.0003514" startTime="2023-12-22T09:39:35.0136734+01:00" endTime="2023-12-22T09:39:35.0141596+01:00" testType="13cdc9d9-ddb5-4fa4-a97d-d965ccfc6d4b" outcome="Passed" testListId="8c84fa94-04c1-424b-9868-57a2d4851a1d" relativeResultsDirectory="e5d80fb4-9b14-4118-b6cc-7567b6e345c8" />
    <UnitTestResult executionId="4201af67-c2fd-46ad-97ee-7a9d528d1808" testId="54d37202-700f-6df9-4a02-04121275df7c" testName="DeleteBookmarksAsync_NoPermissionDeleteBookmark_ErrorRaised" computerName="DKSR-EFI-04" duration="00:00:00.0024152" startTime="2023-12-22T09:39:10.3022970+01:00" endTime="2023-12-22T09:39:10.3048607+01:00" testType="13cdc9d9-ddb5-4fa4-a97d-d965ccfc6d4b" outcome="Passed" testListId="8c84fa94-04c1-424b-9868-57a2d4851a1d" relativeResultsDirectory="4201af67-c2fd-46ad-97ee-7a9d528d1808" />
    <UnitTestResult executionId="4be8b11d-0578-4a3d-9a6b-1de39fbb5538" testId="43d61832-991c-baec-6981-658713b1dd1b" testName="CameraMapItem_ForceActivateAsync_InBuilding_Success" computerName="DKSR-EFI-04" duration="00:00:00.1931232" startTime="2023-12-22T09:39:27.6041640+01:00" endTime="2023-12-22T09:39:27.7974571+01:00" testType="13cdc9d9-ddb5-4fa4-a97d-d965ccfc6d4b" outcome="Passed" testListId="8c84fa94-04c1-424b-9868-57a2d4851a1d" relativeResultsDirectory="4be8b11d-0578-4a3d-9a6b-1de39fbb5538" />
    <UnitTestResult executionId="c49f30ba-2b5f-4606-b1c9-b55bf124eadf" testId="18372786-9c22-e3d6-04ef-6b4e808d181a" testName="IsCamera_ShouldReturnTrue_WhenSingleCameraSelected" computerName="DKSR-EFI-04" duration="00:00:00.0112684" startTime="2023-12-22T09:39:35.0177426+01:00" endTime="2023-12-22T09:39:35.0330292+01:00" testType="13cdc9d9-ddb5-4fa4-a97d-d965ccfc6d4b" outcome="Passed" testListId="8c84fa94-04c1-424b-9868-57a2d4851a1d" relativeResultsDirectory="c49f30ba-2b5f-4606-b1c9-b55bf124eadf" />
    <UnitTestResult executionId="739cc4f3-0ecd-4f14-bbe0-b4d4164ba1f4" testId="3f3233bd-4893-b779-69f6-789d6f6a1d9a" testName="AddAttributeValueCommand_NullValue_AttributeValueSet" computerName="DKSR-EFI-04" duration="00:00:00.0013013" startTime="2023-12-22T09:39:10.3142151+01:00" endTime="2023-12-22T09:39:10.3156548+01:00" testType="13cdc9d9-ddb5-4fa4-a97d-d965ccfc6d4b" outcome="Passed" testListId="8c84fa94-04c1-424b-9868-57a2d4851a1d" relativeResultsDirectory="739cc4f3-0ecd-4f14-bbe0-b4d4164ba1f4" />
    <UnitTestResult executionId="f815b8b1-58ac-4ff4-8981-057b6566e31e" testId="0a4bd700-62ec-92c2-9d2a-4cd013e53bcb" testName="TestTaskCreation" computerName="DKSR-EFI-04" duration="00:00:00.0086412" startTime="2023-12-22T09:39:33.3333131+01:00" endTime="2023-12-22T09:39:33.3421862+01:00" testType="13cdc9d9-ddb5-4fa4-a97d-d965ccfc6d4b" outcome="Passed" testListId="8c84fa94-04c1-424b-9868-57a2d4851a1d" relativeResultsDirectory="f815b8b1-58ac-4ff4-8981-057b6566e31e" />
    <UnitTestResult executionId="2d9c39f1-fccb-4273-b4be-ae2dcb7aacc9" testId="965562eb-8289-311d-8c35-1161a699ffcd" testName="MipItemsMapLayer_Constructed_Success" computerName="DKSR-EFI-04" duration="00:00:00.0063552" startTime="2023-12-22T09:39:26.8850570+01:00" endTime="2023-12-22T09:39:26.8915594+01:00" testType="13cdc9d9-ddb5-4fa4-a97d-d965ccfc6d4b" outcome="Passed" testListId="8c84fa94-04c1-424b-9868-57a2d4851a1d" relativeResultsDirectory="2d9c39f1-fccb-4273-b4be-ae2dcb7aacc9" />
    <UnitTestResult executionId="000b4e97-4a7c-4c10-9b5f-21ddaa0b571e" testId="6e09ad1b-dc7a-2da6-6085-ead018e4d60b" testName="UpdateRecorderInfoTest" computerName="DKSR-EFI-04" duration="00:00:00.0035415" startTime="2023-12-22T09:38:32.3887335+01:00" endTime="2023-12-22T09:38:32.3923993+01:00" testType="13cdc9d9-ddb5-4fa4-a97d-d965ccfc6d4b" outcome="Passed" testListId="8c84fa94-04c1-424b-9868-57a2d4851a1d" relativeResultsDirectory="000b4e97-4a7c-4c10-9b5f-21ddaa0b571e" />
    <UnitTestResult executionId="7466bf25-09e7-41ea-8dae-b28226ca9d8c" testId="628ededf-b510-91fa-7712-c59b72f0952a" testName="DateToStringConverter_MultiConvertValidInput_Success" computerName="DKSR-EFI-04" duration="00:00:00.0003371" startTime="2023-12-22T09:38:59.0252236+01:00" endTime="2023-12-22T09:38:59.0256941+01:00" testType="13cdc9d9-ddb5-4fa4-a97d-d965ccfc6d4b" outcome="Passed" testListId="8c84fa94-04c1-424b-9868-57a2d4851a1d" relativeResultsDirectory="7466bf25-09e7-41ea-8dae-b28226ca9d8c" />
    <UnitTestResult executionId="c7e4f7e6-7eb2-4a8b-915e-9c088c18629c" testId="a565b306-850e-b284-c6c4-6f49c2eabf91" testName="HandleRemoveItem_ShouldNotAffectMarkersCache_WhenRemovingPermanentMarkers" computerName="DKSR-EFI-04" duration="00:00:00.0214886" startTime="2023-12-22T09:38:35.3187908+01:00" endTime="2023-12-22T09:38:35.3430105+01:00" testType="13cdc9d9-ddb5-4fa4-a97d-d965ccfc6d4b" outcome="Passed" testListId="8c84fa94-04c1-424b-9868-57a2d4851a1d" relativeResultsDirectory="c7e4f7e6-7eb2-4a8b-915e-9c088c18629c" />
    <UnitTestResult executionId="2f18f2b9-e425-4294-be72-da11b71acc0c" testId="929085e5-a3c9-9121-b306-acebdc919f57" testName="IsHomeButtonVisible_MappedToViewModel_Success" computerName="DKSR-EFI-04" duration="00:00:00.0099692" startTime="2023-12-22T09:38:38.8814778+01:00" endTime="2023-12-22T09:38:38.8938212+01:00" testType="13cdc9d9-ddb5-4fa4-a97d-d965ccfc6d4b" outcome="Passed" testListId="8c84fa94-04c1-424b-9868-57a2d4851a1d" relativeResultsDirectory="2f18f2b9-e425-4294-be72-da11b71acc0c" />
    <UnitTestResult executionId="0d264923-df61-4571-8b84-451fe0d827f3" testId="9c84fcaa-119c-eb3e-55a7-125cbe865eba" testName="UpdateSearchTemplateAsync_Fails_Success" computerName="DKSR-EFI-04" duration="00:00:00.0027042" startTime="2023-12-22T09:39:13.9243944+01:00" endTime="2023-12-22T09:39:13.9272398+01:00" testType="13cdc9d9-ddb5-4fa4-a97d-d965ccfc6d4b" outcome="Passed" testListId="8c84fa94-04c1-424b-9868-57a2d4851a1d" relativeResultsDirectory="0d264923-df61-4571-8b84-451fe0d827f3" />
    <UnitTestResult executionId="57fe210b-907a-4059-a355-3e64aafd1712" testId="5711c871-ad4e-1c97-b7af-50ef5d9eff82" testName="ServerAuthentication_ShouldReturnLegacyBasic_WhenConstructedUsingSimple" computerName="DKSR-EFI-04" duration="00:00:00.0001414" startTime="2023-12-22T09:38:32.3566258+01:00" endTime="2023-12-22T09:38:32.3568755+01:00" testType="13cdc9d9-ddb5-4fa4-a97d-d965ccfc6d4b" outcome="Passed" testListId="8c84fa94-04c1-424b-9868-57a2d4851a1d" relativeResultsDirectory="57fe210b-907a-4059-a355-3e64aafd1712" />
    <UnitTestResult executionId="a0edef46-be53-484a-95ae-4f0e5a53c84a" testId="87907f38-5e5a-055c-b4ad-972d80a0d676" testName="SixHours_Success" computerName="DKSR-EFI-04" duration="00:00:00.0002442" startTime="2023-12-22T09:39:13.9561737+01:00" endTime="2023-12-22T09:39:13.9565980+01:00" testType="13cdc9d9-ddb5-4fa4-a97d-d965ccfc6d4b" outcome="Passed" testListId="8c84fa94-04c1-424b-9868-57a2d4851a1d" relativeResultsDirectory="a0edef46-be53-484a-95ae-4f0e5a53c84a" />
    <UnitTestResult executionId="99dd2ac2-6df8-41aa-88c9-b3b0d938ff86" testId="e321a84a-46d6-5a10-48a6-04d6f541eeb1" testName="PtzSessionControllerInfoConstructorTest_From_PtzSessionInfo_Idle_User" computerName="DKSR-EFI-04" duration="00:00:00.0004303" startTime="2023-12-22T09:38:32.1772560+01:00" endTime="2023-12-22T09:38:32.1778049+01:00" testType="13cdc9d9-ddb5-4fa4-a97d-d965ccfc6d4b" outcome="Passed" testListId="8c84fa94-04c1-424b-9868-57a2d4851a1d" relativeResultsDirectory="99dd2ac2-6df8-41aa-88c9-b3b0d938ff86" />
    <UnitTestResult executionId="37a0ace6-1887-40f6-bb84-f47c081f3aa9" testId="743f0fe4-79cc-4cbd-b2f9-4683eb98d09d" testName="SetLayerFeatures_ShouldUpdateMicrophoneItemsMapLayer_WhenMicrophoneKindAndMicrophoneLayerFeatures" computerName="DKSR-EFI-04" duration="00:00:00.0032604" startTime="2023-12-22T09:39:31.3928340+01:00" endTime="2023-12-22T09:39:31.3962323+01:00" testType="13cdc9d9-ddb5-4fa4-a97d-d965ccfc6d4b" outcome="Passed" testListId="8c84fa94-04c1-424b-9868-57a2d4851a1d" relativeResultsDirectory="37a0ace6-1887-40f6-bb84-f47c081f3aa9" />
    <UnitTestResult executionId="de054fd6-8821-43e6-adee-72d63d261461" testId="7d0d6edf-f56b-d148-3827-35b36e3e80c4" testName="OnLoaded_ValidConfigurationInlineEditNoUserControl_InlineAttributeEditControlNotSet" computerName="DKSR-EFI-04" duration="00:00:00.0092074" startTime="2023-12-22T09:38:42.4188028+01:00" endTime="2023-12-22T09:38:42.4305091+01:00" testType="13cdc9d9-ddb5-4fa4-a97d-d965ccfc6d4b" outcome="Passed" testListId="8c84fa94-04c1-424b-9868-57a2d4851a1d" relativeResultsDirectory="de054fd6-8821-43e6-adee-72d63d261461" />
    <UnitTestResult executionId="ef993768-620b-4bcd-95a0-3633083e6c5a" testId="e5ac7c8b-5d6c-e4aa-7715-b9b1e7a9023f" testName="HandleGetDeviceData_ShouldReturnNotFoundDeviceData_WhenNotSupportedKind" computerName="DKSR-EFI-04" duration="00:00:00.0266855" startTime="2023-12-22T09:38:39.8715499+01:00" endTime="2023-12-22T09:38:39.8984135+01:00" testType="13cdc9d9-ddb5-4fa4-a97d-d965ccfc6d4b" outcome="Passed" testListId="8c84fa94-04c1-424b-9868-57a2d4851a1d" relativeResultsDirectory="ef993768-620b-4bcd-95a0-3633083e6c5a" />
    <UnitTestResult executionId="c604703e-e18c-4db5-a3f4-041a6f52893b" testId="cf2bce97-0784-515c-e2f5-b39bb123cf9f" testName="Constructor_ShouldRaiseArgumentNullException_WhenWorkroomIsNull" computerName="DKSR-EFI-04" duration="00:00:00.0427048" startTime="2023-12-22T09:38:34.1521807+01:00" endTime="2023-12-22T09:38:34.1978670+01:00" testType="13cdc9d9-ddb5-4fa4-a97d-d965ccfc6d4b" outcome="Passed" testListId="8c84fa94-04c1-424b-9868-57a2d4851a1d" relativeResultsDirectory="c604703e-e18c-4db5-a3f4-041a6f52893b" />
    <UnitTestResult executionId="ceb0801d-4e53-48fc-b6e3-49b1a45c345f" testId="720fe66f-b8b5-d4e5-7a83-b546dcd33e63" testName="PatrollingProfileListViewModel_AddProfileCommand" computerName="DKSR-EFI-04" duration="00:00:00.0016400" startTime="2023-12-22T09:39:32.1286548+01:00" endTime="2023-12-22T09:39:32.1304378+01:00" testType="13cdc9d9-ddb5-4fa4-a97d-d965ccfc6d4b" outcome="Passed" testListId="8c84fa94-04c1-424b-9868-57a2d4851a1d" relativeResultsDirectory="ceb0801d-4e53-48fc-b6e3-49b1a45c345f" />
    <UnitTestResult executionId="84feca2d-29ed-46df-88a3-fd179581e801" testId="673f3e73-dfeb-8ed6-a405-443eef7a608a" testName="OnLoaded_ValidUserControl_Success" computerName="DKSR-EFI-04" duration="00:00:00.4220047" startTime="2023-12-22T09:38:42.8436855+01:00" endTime="2023-12-22T09:38:43.2683817+01:00" testType="13cdc9d9-ddb5-4fa4-a97d-d965ccfc6d4b" outcome="Passed" testListId="8c84fa94-04c1-424b-9868-57a2d4851a1d" relativeResultsDirectory="84feca2d-29ed-46df-88a3-fd179581e801" />
    <UnitTestResult executionId="3e2563b0-56d1-4fbc-880b-d6f33587ccc0" testId="93ef99d9-ca73-69ac-4d15-4561a881ee1d" testName="GetDeviceData_ShouldReturnDeviceData_WhenMicrophoneKindAndExistingMicrophoneId" computerName="DKSR-EFI-04" duration="00:00:00.0276145" startTime="2023-12-22T09:38:39.9712616+01:00" endTime="2023-12-22T09:38:39.9990636+01:00" testType="13cdc9d9-ddb5-4fa4-a97d-d965ccfc6d4b" outcome="Passed" testListId="8c84fa94-04c1-424b-9868-57a2d4851a1d" relativeResultsDirectory="3e2563b0-56d1-4fbc-880b-d6f33587ccc0" />
    <UnitTestResult executionId="a946a368-5544-428e-a47f-c42c7335ddd7" testId="85a2369e-6316-dbc2-97b3-7104e8e43977" testName="ToMipSearchResultData_ShouldIncludeCommonProperties" computerName="DKSR-EFI-04" duration="00:00:00.0037079" startTime="2023-12-22T09:39:14.5479104+01:00" endTime="2023-12-22T09:39:14.5519608+01:00" testType="13cdc9d9-ddb5-4fa4-a97d-d965ccfc6d4b" outcome="Passed" testListId="8c84fa94-04c1-424b-9868-57a2d4851a1d" relativeResultsDirectory="a946a368-5544-428e-a47f-c42c7335ddd7" />
    <UnitTestResult executionId="2f6a31a0-037d-4534-a9f0-a209b7b461cc" testId="00f3f438-e702-19f0-4f30-bd3e4320eea7" testName="ResolveBaseResultProperties_ShouldReturnASingleTriggerTime_WhenASingleSearchResultIsGiven" computerName="DKSR-EFI-04" duration="00:00:00.0023798" startTime="2023-12-22T09:39:13.8619957+01:00" endTime="2023-12-22T09:39:13.8645117+01:00" testType="13cdc9d9-ddb5-4fa4-a97d-d965ccfc6d4b" outcome="Passed" testListId="8c84fa94-04c1-424b-9868-57a2d4851a1d" relativeResultsDirectory="2f6a31a0-037d-4534-a9f0-a209b7b461cc" />
    <UnitTestResult executionId="34246981-bc95-45e4-a180-74915b2d86dc" testId="9293549a-e4d8-25ee-0a7e-0a58daedfd4d" testName="SequenceEntryDto_ShouldYieldSameValues_WhenRoundTripConverted" computerName="DKSR-EFI-04" duration="00:00:00.0013710" startTime="2023-12-22T09:38:29.7396828+01:00" endTime="2023-12-22T09:38:29.7411596+01:00" testType="13cdc9d9-ddb5-4fa4-a97d-d965ccfc6d4b" outcome="Passed" testListId="8c84fa94-04c1-424b-9868-57a2d4851a1d" relativeResultsDirectory="34246981-bc95-45e4-a180-74915b2d86dc" />
    <UnitTestResult executionId="ec6a673e-37af-4bf9-8cfc-7e14854bdf77" testId="9a208f53-2994-a17f-1d39-9e17cb2164bd" testName="FetchDeviceConfiguration_ShouldNotLoadCache_WhenCacheFileIsNotPresent" computerName="DKSR-EFI-04" duration="00:00:00.0311285" startTime="2023-12-22T09:39:38.4356183+01:00" endTime="2023-12-22T09:39:38.4670400+01:00" testType="13cdc9d9-ddb5-4fa4-a97d-d965ccfc6d4b" outcome="Passed" testListId="8c84fa94-04c1-424b-9868-57a2d4851a1d" relativeResultsDirectory="ec6a673e-37af-4bf9-8cfc-7e14854bdf77" />
    <UnitTestResult executionId="eb841786-c599-4d1b-89a5-f168fc1a3067" testId="326c0813-dde1-1e08-607c-dc55537bd92d" testName="Deserialize_CustomScopeDurationAndFromToValues_ToAndFromValuesUsed" computerName="DKSR-EFI-04" duration="00:00:00.0065382" startTime="2023-12-22T09:39:14.4481828+01:00" endTime="2023-12-22T09:39:14.4548625+01:00" testType="13cdc9d9-ddb5-4fa4-a97d-d965ccfc6d4b" outcome="Passed" testListId="8c84fa94-04c1-424b-9868-57a2d4851a1d" relativeResultsDirectory="eb841786-c599-4d1b-89a5-f168fc1a3067" />
    <UnitTestResult executionId="01ddb964-403a-4273-ae26-31fb2f627e63" testId="cc0eb8f4-de0d-0d2a-a312-64bcc8b88edd" testName="OpenStreetMapLayerIsDisabled_ShouldReturnFalse_WhenOpenStreetMapGeographicLayerOptionIsNotAvailableAndOpenStreetMapAlternativeServerIsNotEmpty" computerName="DKSR-EFI-04" duration="00:00:00.0103113" startTime="2023-12-22T09:39:26.9712871+01:00" endTime="2023-12-22T09:39:26.9818354+01:00" testType="13cdc9d9-ddb5-4fa4-a97d-d965ccfc6d4b" outcome="Passed" testListId="8c84fa94-04c1-424b-9868-57a2d4851a1d" relativeResultsDirectory="01ddb964-403a-4273-ae26-31fb2f627e63" />
    <UnitTestResult executionId="b41103c1-dde6-4748-9a3a-ee20ce1cb665" testId="6ec299cf-433f-6019-4dfb-ce39d2dfd94a" testName="CreateDefinition_ModifyOneDefinition_DelayedSearchStartedForAllDefinitions" computerName="DKSR-EFI-04" duration="00:00:00.0063935" startTime="2023-12-22T09:39:14.2306588+01:00" endTime="2023-12-22T09:39:14.2372165+01:00" testType="13cdc9d9-ddb5-4fa4-a97d-d965ccfc6d4b" outcome="Passed" testListId="8c84fa94-04c1-424b-9868-57a2d4851a1d" relativeResultsDirectory="b41103c1-dde6-4748-9a3a-ee20ce1cb665" />
    <UnitTestResult executionId="8eb6dc4b-43ce-4b3e-93a8-b1cd87c4b9e8" testId="199e5799-986d-710e-fa92-973a198651af" testName="PatrollingProfileListViewModel_Save_CreateProfile_Failed" computerName="DKSR-EFI-04" duration="00:00:00.0030536" startTime="2023-12-22T09:39:32.1608630+01:00" endTime="2023-12-22T09:39:32.1640552+01:00" testType="13cdc9d9-ddb5-4fa4-a97d-d965ccfc6d4b" outcome="Passed" testListId="8c84fa94-04c1-424b-9868-57a2d4851a1d" relativeResultsDirectory="8eb6dc4b-43ce-4b3e-93a8-b1cd87c4b9e8" />
    <UnitTestResult executionId="de72c71d-2e70-4b74-922b-cd565a3580f4" testId="49758d16-90af-426b-1c8f-f4b8f8b9a8ad" testName="Constructor_ShouldRaiseArgumentNullException_WhenMapLayersIsNull" computerName="DKSR-EFI-04" duration="00:00:00.0010757" startTime="2023-12-22T09:38:34.8902223+01:00" endTime="2023-12-22T09:38:34.8915647+01:00" testType="13cdc9d9-ddb5-4fa4-a97d-d965ccfc6d4b" outcome="Passed" testListId="8c84fa94-04c1-424b-9868-57a2d4851a1d" relativeResultsDirectory="de72c71d-2e70-4b74-922b-cd565a3580f4" />
    <UnitTestResult executionId="91382fbb-3c3c-40b7-8fe2-3d448d1ad731" testId="62930b8c-e45e-fc1a-2573-556c126ac982" testName="DeviceIcons_ShouldReturnIconsInAProperOrder_WhenCalled" computerName="DKSR-EFI-04" duration="00:00:00.0032814" startTime="2023-12-22T09:39:29.0513795+01:00" endTime="2023-12-22T09:39:29.0548944+01:00" testType="13cdc9d9-ddb5-4fa4-a97d-d965ccfc6d4b" outcome="Passed" testListId="8c84fa94-04c1-424b-9868-57a2d4851a1d" relativeResultsDirectory="91382fbb-3c3c-40b7-8fe2-3d448d1ad731" />
    <UnitTestResult executionId="d6682cce-c6a4-423c-a7cc-1c0a55e42818" testId="7e7082ae-fc95-11b5-f109-06c5d9d16b4c" testName="Edit_Is_Enabled_When_Both_Update_And_Create_Rights_Present" computerName="DKSR-EFI-04" duration="00:00:00.0030441" startTime="2023-12-22T09:39:39.4338805+01:00" endTime="2023-12-22T09:39:39.4371743+01:00" testType="13cdc9d9-ddb5-4fa4-a97d-d965ccfc6d4b" outcome="Passed" testListId="8c84fa94-04c1-424b-9868-57a2d4851a1d" relativeResultsDirectory="d6682cce-c6a4-423c-a7cc-1c0a55e42818" />
    <UnitTestResult executionId="c1ab92d7-5e54-4c0a-b2de-d0187dc8dc3d" testId="24de239e-634e-94d1-f05a-2dd6d4c77c91" testName="Parse_TwelveHours_Success" computerName="DKSR-EFI-04" duration="00:00:00.0000932" startTime="2023-12-22T09:39:13.9639372+01:00" endTime="2023-12-22T09:39:13.9641530+01:00" testType="13cdc9d9-ddb5-4fa4-a97d-d965ccfc6d4b" outcome="Passed" testListId="8c84fa94-04c1-424b-9868-57a2d4851a1d" relativeResultsDirectory="c1ab92d7-5e54-4c0a-b2de-d0187dc8dc3d" />
    <UnitTestResult executionId="aa0d1e32-86fe-4155-a857-a116bad7abcd" testId="7b69f7ac-73d5-55bc-5045-f13549ae846c" testName="Yesterday_Success" computerName="DKSR-EFI-04" duration="00:00:00.0003407" startTime="2023-12-22T09:39:13.9603842+01:00" endTime="2023-12-22T09:39:13.9608542+01:00" testType="13cdc9d9-ddb5-4fa4-a97d-d965ccfc6d4b" outcome="Passed" testListId="8c84fa94-04c1-424b-9868-57a2d4851a1d" relativeResultsDirectory="aa0d1e32-86fe-4155-a857-a116bad7abcd" />
    <UnitTestResult executionId="3b23b5db-82c2-484b-add9-0a9a24726b80" testId="0b5a5a76-188a-3cd1-7ad8-530b93b01a49" testName="SupportsDoubleClick_ShouldBeFalse_WhenInteractionStateIsNotNormalOrNewDevice" computerName="DKSR-EFI-04" duration="00:00:00.0220944" startTime="2023-12-22T09:38:37.9496132+01:00" endTime="2023-12-22T09:38:37.9741606+01:00" testType="13cdc9d9-ddb5-4fa4-a97d-d965ccfc6d4b" outcome="Passed" testListId="8c84fa94-04c1-424b-9868-57a2d4851a1d" relativeResultsDirectory="3b23b5db-82c2-484b-add9-0a9a24726b80" />
    <UnitTestResult executionId="86eb579b-6131-4836-b5c9-f1a4276649e6" testId="654dfcc7-b76a-e7bb-4995-363927b604e0" testName="GetMapLayerArguments_ShouldReturnIGisMapModel_WhenCalled" computerName="DKSR-EFI-04" duration="00:00:00.0002573" startTime="2023-12-22T09:39:29.0330077+01:00" endTime="2023-12-22T09:39:29.0333882+01:00" testType="13cdc9d9-ddb5-4fa4-a97d-d965ccfc6d4b" outcome="Passed" testListId="8c84fa94-04c1-424b-9868-57a2d4851a1d" relativeResultsDirectory="86eb579b-6131-4836-b5c9-f1a4276649e6" />
    <UnitTestResult executionId="95f074e4-7a5a-4e72-97b7-81ddb1bf2158" testId="a1d9d132-2e0d-40a7-b61c-5ad666efa8c0" testName="AddSelectedWindowsToExport_ShouldShowCorrectToastMessages (5,0,0)" computerName="DKSR-EFI-04" duration="00:00:00.0031679" startTime="2023-12-22T09:39:33.7385929+01:00" endTime="2023-12-22T09:39:33.7419483+01:00" testType="13cdc9d9-ddb5-4fa4-a97d-d965ccfc6d4b" outcome="Passed" testListId="8c84fa94-04c1-424b-9868-57a2d4851a1d" relativeResultsDirectory="95f074e4-7a5a-4e72-97b7-81ddb1bf2158" />
    <UnitTestResult executionId="ec726221-9e80-46e7-b537-d73bdfacd3c3" testId="28b7e0ab-6c4a-f8e2-76d8-c7775c82dbd0" testName="Included_ShouldAddViewItemToIncludedViewItems_WhenSetToTrue" computerName="DKSR-EFI-04" duration="00:00:00.1181473" startTime="2023-12-22T09:39:36.2931377+01:00" endTime="2023-12-22T09:39:36.4154065+01:00" testType="13cdc9d9-ddb5-4fa4-a97d-d965ccfc6d4b" outcome="Passed" testListId="8c84fa94-04c1-424b-9868-57a2d4851a1d" relativeResultsDirectory="ec726221-9e80-46e7-b537-d73bdfacd3c3" />
    <UnitTestResult executionId="579b13e4-d380-4126-918b-3e7ed9c065be" testId="dfb5cf56-cecf-f905-a0de-98205eae9749" testName="RightButtonUp_ShouldNotChangeActiveInteractionState_WhenInteractionStateIsAddNewDevice" computerName="DKSR-EFI-04" duration="00:00:00.0110263" startTime="2023-12-22T09:38:35.0829911+01:00" endTime="2023-12-22T09:38:35.0964250+01:00" testType="13cdc9d9-ddb5-4fa4-a97d-d965ccfc6d4b" outcome="Passed" testListId="8c84fa94-04c1-424b-9868-57a2d4851a1d" relativeResultsDirectory="579b13e4-d380-4126-918b-3e7ed9c065be" />
    <UnitTestResult executionId="9d87a589-dcbb-4555-8b1c-3acdfc4b3307" testId="368cb1e4-cb3a-71e3-96c7-b85f55f12c0c" testName="Related_device_with_no_create_rights_not_added_when_in_edit_mode" computerName="DKSR-EFI-04" duration="00:00:00.0043894" startTime="2023-12-22T09:39:39.4597144+01:00" endTime="2023-12-22T09:39:39.4643363+01:00" testType="13cdc9d9-ddb5-4fa4-a97d-d965ccfc6d4b" outcome="Passed" testListId="8c84fa94-04c1-424b-9868-57a2d4851a1d" relativeResultsDirectory="9d87a589-dcbb-4555-8b1c-3acdfc4b3307" />
    <UnitTestResult executionId="caef958a-c30e-42be-9c61-72ef78305d8c" testId="205d3986-407b-ed3e-b9d7-5c5108416447" testName="PtzSessionControllerInfoConstructorTest_From_PtzSessionInfo_Anonymous_User" computerName="DKSR-EFI-04" duration="00:00:00.0005629" startTime="2023-12-22T09:38:32.1748815+01:00" endTime="2023-12-22T09:38:32.1755819+01:00" testType="13cdc9d9-ddb5-4fa4-a97d-d965ccfc6d4b" outcome="Passed" testListId="8c84fa94-04c1-424b-9868-57a2d4851a1d" relativeResultsDirectory="caef958a-c30e-42be-9c61-72ef78305d8c" />
    <UnitTestResult executionId="c1655857-c70c-4502-88d2-a641d04709de" testId="c98efbf5-2f3d-50a2-5f38-9c6abe3c1c8e" testName="CreateDefinition_StartSearch_ExecutedAfterDelay" computerName="DKSR-EFI-04" duration="00:00:00.0133411" startTime="2023-12-22T09:39:14.2166223+01:00" endTime="2023-12-22T09:39:14.2301245+01:00" testType="13cdc9d9-ddb5-4fa4-a97d-d965ccfc6d4b" outcome="Passed" testListId="8c84fa94-04c1-424b-9868-57a2d4851a1d" relativeResultsDirectory="c1655857-c70c-4502-88d2-a641d04709de" />
    <UnitTestResult executionId="b715613a-da24-44e6-ba4b-9490b74fb817" testId="d7ec089c-29ea-169c-5410-9af8ec475d2d" testName="PopulateTooltip_FewResultsFromManyCameras24Hours_ValidText" computerName="DKSR-EFI-04" duration="00:00:00.1817007" startTime="2023-12-22T09:39:07.5987175+01:00" endTime="2023-12-22T09:39:07.7835184+01:00" testType="13cdc9d9-ddb5-4fa4-a97d-d965ccfc6d4b" outcome="Passed" testListId="8c84fa94-04c1-424b-9868-57a2d4851a1d" relativeResultsDirectory="b715613a-da24-44e6-ba4b-9490b74fb817" />
    <UnitTestResult executionId="a458d334-4dcc-4f29-bf52-9571c2ae7c6b" testId="a32220e9-95d2-d3ef-9079-aef9756aa4b6" testName="AddToExportTuples_ShouldReturnCorrectResult (0,5,0)" computerName="DKSR-EFI-04" duration="00:00:00.0040278" startTime="2023-12-22T09:39:33.5934302+01:00" endTime="2023-12-22T09:39:33.5976262+01:00" testType="13cdc9d9-ddb5-4fa4-a97d-d965ccfc6d4b" outcome="Passed" testListId="8c84fa94-04c1-424b-9868-57a2d4851a1d" relativeResultsDirectory="a458d334-4dcc-4f29-bf52-9571c2ae7c6b" />
    <UnitTestResult executionId="630f2c1b-fd03-4955-84e0-fece178b1189" testId="35fc3a4c-edd3-265e-4852-719b6a1e2df7" testName="Close_ViewIsDisposed" computerName="DKSR-EFI-04" duration="00:00:00.0059418" startTime="2023-12-22T09:38:40.5982227+01:00" endTime="2023-12-22T09:38:40.6042988+01:00" testType="13cdc9d9-ddb5-4fa4-a97d-d965ccfc6d4b" outcome="Passed" testListId="8c84fa94-04c1-424b-9868-57a2d4851a1d" relativeResultsDirectory="630f2c1b-fd03-4955-84e0-fece178b1189" />
    <UnitTestResult executionId="51331dcc-ca3b-472c-b8ac-1397daa2a623" testId="dfc99105-842d-994d-413a-71febf5a5573" testName="False" computerName="DKSR-EFI-04" duration="00:00:00.0007012" startTime="2023-12-22T09:39:33.8922646+01:00" endTime="2023-12-22T09:39:33.8953281+01:00" testType="13cdc9d9-ddb5-4fa4-a97d-d965ccfc6d4b" outcome="Passed" testListId="8c84fa94-04c1-424b-9868-57a2d4851a1d" relativeResultsDirectory="51331dcc-ca3b-472c-b8ac-1397daa2a623" />
    <UnitTestResult executionId="a63233fa-b9ba-4f14-b622-9dceaa938a6a" testId="eafd993c-1009-37c6-4ede-de325862c5a7" testName="FromBase64_Success" computerName="DKSR-EFI-04" duration="00:00:00.0069190" startTime="2023-12-22T09:39:36.2788960+01:00" endTime="2023-12-22T09:39:36.2859957+01:00" testType="13cdc9d9-ddb5-4fa4-a97d-d965ccfc6d4b" outcome="Passed" testListId="8c84fa94-04c1-424b-9868-57a2d4851a1d" relativeResultsDirectory="a63233fa-b9ba-4f14-b622-9dceaa938a6a" />
    <UnitTestResult executionId="4c6362f7-0ca7-4fff-b16c-24cb7b9e9f58" testId="3beeed46-879f-7c95-5996-20291cefba2d" testName="BindingModelNotEnabled_When_WorkspaceStateDoesNotMatchPlaceDefinition" computerName="DKSR-EFI-04" duration="00:00:00.0014924" startTime="2023-12-22T09:39:33.9129263+01:00" endTime="2023-12-22T09:39:33.9164379+01:00" testType="13cdc9d9-ddb5-4fa4-a97d-d965ccfc6d4b" outcome="Passed" testListId="8c84fa94-04c1-424b-9868-57a2d4851a1d" relativeResultsDirectory="4c6362f7-0ca7-4fff-b16c-24cb7b9e9f58" />
    <UnitTestResult executionId="eefdbca5-08e5-44de-b3e6-9ec3a713997e" testId="56b7fe15-643b-5b55-8dfa-1ded6df183bf" testName="BoundingBoxPlaybackStart" computerName="DKSR-EFI-04" duration="00:00:00.0034033" startTime="2023-12-22T09:39:34.8595560+01:00" endTime="2023-12-22T09:39:34.8630939+01:00" testType="13cdc9d9-ddb5-4fa4-a97d-d965ccfc6d4b" outcome="Passed" testListId="8c84fa94-04c1-424b-9868-57a2d4851a1d" relativeResultsDirectory="eefdbca5-08e5-44de-b3e6-9ec3a713997e" />
    <UnitTestResult executionId="a9a82b33-cada-4dc9-bef8-3fcbd6ffa201" testId="c7772852-e1ce-5a56-9e2d-f376c5ee0d2f" testName="SearchResultsActionBarActions_SendToFloatingWindowMaxCamerasExceededButAccepted_InvokeCommand_WarningDialogDisplayed" computerName="DKSR-EFI-04" duration="00:00:00.0150884" startTime="2023-12-22T09:39:10.8455413+01:00" endTime="2023-12-22T09:39:10.8607977+01:00" testType="13cdc9d9-ddb5-4fa4-a97d-d965ccfc6d4b" outcome="Passed" testListId="8c84fa94-04c1-424b-9868-57a2d4851a1d" relativeResultsDirectory="a9a82b33-cada-4dc9-bef8-3fcbd6ffa201" />
    <UnitTestResult executionId="1248edc3-6f7c-48dd-986e-9b212a824fd7" testId="3439b9dc-7196-e05d-43e6-c0e2ac91454a" testName="SearchResultContainerView_OnItemActivated_SearchResultSelectedAndPreviousSelectionKept" computerName="DKSR-EFI-04" duration="00:00:00.6307540" startTime="2023-12-22T09:38:46.0928714+01:00" endTime="2023-12-22T09:38:46.7263761+01:00" testType="13cdc9d9-ddb5-4fa4-a97d-d965ccfc6d4b" outcome="Passed" testListId="8c84fa94-04c1-424b-9868-57a2d4851a1d" relativeResultsDirectory="1248edc3-6f7c-48dd-986e-9b212a824fd7" />
    <UnitTestResult executionId="9376dfb8-926a-4314-b669-b44398961fc6" testId="1995aa56-764e-e077-7015-d7ad96740ef7" testName="UpdateAction_SingleAccepted_DoesNotChangeToolTip" computerName="DKSR-EFI-04" duration="00:00:00.0024758" startTime="2023-12-22T09:39:11.4488624+01:00" endTime="2023-12-22T09:39:11.4515394+01:00" testType="13cdc9d9-ddb5-4fa4-a97d-d965ccfc6d4b" outcome="Passed" testListId="8c84fa94-04c1-424b-9868-57a2d4851a1d" relativeResultsDirectory="9376dfb8-926a-4314-b669-b44398961fc6" />
    <UnitTestResult executionId="76bc3a1d-375f-4f00-b5d9-831892a60919" testId="4daaf6d7-7b46-8260-2000-7f96a4364f19" testName="GetWorkspaceToolbarItems_ShouldReturnLiveToolbarItemEnabledPlaybackToolbarItemDisabled_WhenWorkspaceIsLive" computerName="DKSR-EFI-04" duration="00:00:00.0022954" startTime="2023-12-22T09:39:32.6259834+01:00" endTime="2023-12-22T09:39:32.6284244+01:00" testType="13cdc9d9-ddb5-4fa4-a97d-d965ccfc6d4b" outcome="Passed" testListId="8c84fa94-04c1-424b-9868-57a2d4851a1d" relativeResultsDirectory="76bc3a1d-375f-4f00-b5d9-831892a60919" />
    <UnitTestResult executionId="04408a0a-8c4c-4df4-81d8-bbdfc720814e" testId="652f52e4-9689-ca02-1038-58cbd6e682e8" testName="BuildContentOptions_ShouldReturnCorrectWorkspaceName (00000000-0000-0000-0000-000000000000,Default title,00000000-0000-0000-0000-000000000000)" computerName="DKSR-EFI-04" duration="00:00:00.0014626" startTime="2023-12-22T09:39:38.5209640+01:00" endTime="2023-12-22T09:39:38.5225894+01:00" testType="13cdc9d9-ddb5-4fa4-a97d-d965ccfc6d4b" outcome="Passed" testListId="8c84fa94-04c1-424b-9868-57a2d4851a1d" relativeResultsDirectory="04408a0a-8c4c-4df4-81d8-bbdfc720814e" />
    <UnitTestResult executionId="9f1a12e2-dd61-46a9-a09a-536734c466c5" testId="425d7941-e1e0-5212-c622-83e7ab8c692e" testName="Decorate_ShouldNotRaiseMoreThanOneWindowMouseDownEvent_WhenCalledMultipleTimes" computerName="DKSR-EFI-04" duration="00:00:00.0015124" startTime="2023-12-22T09:38:33.3260785+01:00" endTime="2023-12-22T09:38:33.3295721+01:00" testType="13cdc9d9-ddb5-4fa4-a97d-d965ccfc6d4b" outcome="Passed" testListId="8c84fa94-04c1-424b-9868-57a2d4851a1d" relativeResultsDirectory="9f1a12e2-dd61-46a9-a09a-536734c466c5" />
    <UnitTestResult executionId="c3dbe55b-c602-4273-8c21-7f22ed79259b" testId="2e3adaa4-ba6e-d91b-783c-2bb11efe1b7a" testName="Ctor_WpfMessageBoxButtonIsSetToYesNo_OnlyYesNoButtonsVisible" computerName="DKSR-EFI-04" duration="00:00:00.0003908" startTime="2023-12-22T09:39:33.2983511+01:00" endTime="2023-12-22T09:39:33.2988770+01:00" testType="13cdc9d9-ddb5-4fa4-a97d-d965ccfc6d4b" outcome="Passed" testListId="8c84fa94-04c1-424b-9868-57a2d4851a1d" relativeResultsDirectory="c3dbe55b-c602-4273-8c21-7f22ed79259b" />
    <UnitTestResult executionId="53ac91cb-3059-4490-b8e0-7a73395f4b25" testId="83e5fe5b-931d-f217-a151-96bc1abdc89d" testName="Dispose_ActiveSearchResults_DefinitionsCancelled" computerName="DKSR-EFI-04" duration="00:00:00.0048711" startTime="2023-12-22T09:39:14.3287341+01:00" endTime="2023-12-22T09:39:14.3337438+01:00" testType="13cdc9d9-ddb5-4fa4-a97d-d965ccfc6d4b" outcome="Passed" testListId="8c84fa94-04c1-424b-9868-57a2d4851a1d" relativeResultsDirectory="53ac91cb-3059-4490-b8e0-7a73395f4b25" />
    <UnitTestResult executionId="facf8349-fb6c-40cf-bea9-dbb9125fc440" testId="d1c49c69-fe5f-8257-84d6-6eb683f2a033" testName="MapLayerType_ShouldBeOutputItemsMapLayer_WhenCalled" computerName="DKSR-EFI-04" duration="00:00:00.0002079" startTime="2023-12-22T09:39:29.0251767+01:00" endTime="2023-12-22T09:39:29.0255794+01:00" testType="13cdc9d9-ddb5-4fa4-a97d-d965ccfc6d4b" outcome="Passed" testListId="8c84fa94-04c1-424b-9868-57a2d4851a1d" relativeResultsDirectory="facf8349-fb6c-40cf-bea9-dbb9125fc440" />
    <UnitTestResult executionId="db3f3da7-de4a-42ef-9928-885069232ca4" testId="1f86583b-e772-053b-5dde-1a3c6a164dcd" testName="LoadInitialState_NullState_ReturnsNewEmptyState" computerName="DKSR-EFI-04" duration="00:00:00.0007430" startTime="2023-12-22T09:38:41.1266130+01:00" endTime="2023-12-22T09:38:41.1274983+01:00" testType="13cdc9d9-ddb5-4fa4-a97d-d965ccfc6d4b" outcome="Passed" testListId="8c84fa94-04c1-424b-9868-57a2d4851a1d" relativeResultsDirectory="db3f3da7-de4a-42ef-9928-885069232ca4" />
    <UnitTestResult executionId="aa160d4a-2369-48de-9b83-6f308312de12" testId="89935175-7a1b-8472-5162-947ab445be3b" testName="Constructor_ShouldRaiseArgumentException_WhenEventServerIdsIsEmpty" computerName="DKSR-EFI-04" duration="00:00:00.0004135" startTime="2023-12-22T09:39:39.7896293+01:00" endTime="2023-12-22T09:39:39.7902056+01:00" testType="13cdc9d9-ddb5-4fa4-a97d-d965ccfc6d4b" outcome="Passed" testListId="8c84fa94-04c1-424b-9868-57a2d4851a1d" relativeResultsDirectory="aa160d4a-2369-48de-9b83-6f308312de12" />
    <UnitTestResult executionId="1f517326-40e8-419c-9833-2b818fa159f1" testId="08e5fbd3-af06-8bc6-9a21-3f68283f610d" testName="Ctor_ShouldThrowException_WhenServerAuthenticationIsUnknown" computerName="DKSR-EFI-04" duration="00:00:00.0119313" startTime="2023-12-22T09:38:32.3169089+01:00" endTime="2023-12-22T09:38:32.3291778+01:00" testType="13cdc9d9-ddb5-4fa4-a97d-d965ccfc6d4b" outcome="Passed" testListId="8c84fa94-04c1-424b-9868-57a2d4851a1d" relativeResultsDirectory="1f517326-40e8-419c-9833-2b818fa159f1" />
    <UnitTestResult executionId="436c21a7-b812-4332-b730-1bf6100c84cd" testId="7c80c5ff-8206-70cb-2a46-eb970cd4a208" testName="GetUtcToday_DifferentTimeZoneDst_Success" computerName="DKSR-EFI-04" duration="00:00:00.0005173" startTime="2023-12-22T09:39:13.7863188+01:00" endTime="2023-12-22T09:39:13.7869742+01:00" testType="13cdc9d9-ddb5-4fa4-a97d-d965ccfc6d4b" outcome="Passed" testListId="8c84fa94-04c1-424b-9868-57a2d4851a1d" relativeResultsDirectory="436c21a7-b812-4332-b730-1bf6100c84cd" />
    <UnitTestResult executionId="1b37910d-b8cd-43a2-ad79-45a084735c55" testId="d9cf4840-605e-c89a-3f41-61314ef11e52" testName="GetServerTypes_ShouldReturnManagementServerType" computerName="DKSR-EFI-04" duration="00:00:00.0003293" startTime="2023-12-22T09:39:35.0098882+01:00" endTime="2023-12-22T09:39:35.0103545+01:00" testType="13cdc9d9-ddb5-4fa4-a97d-d965ccfc6d4b" outcome="Passed" testListId="8c84fa94-04c1-424b-9868-57a2d4851a1d" relativeResultsDirectory="1b37910d-b8cd-43a2-ad79-45a084735c55" />
    <UnitTestResult executionId="c1810fbd-4a23-407b-9e61-c15abb1a25ea" testId="9fe32e3c-1f4e-e7ac-2652-a48159917634" testName="UpdateScope_ItemsChangedButSameCollectionSize_ReturnsTrue" computerName="DKSR-EFI-04" duration="00:00:00.0006679" startTime="2023-12-22T09:39:14.5452048+01:00" endTime="2023-12-22T09:39:14.5460577+01:00" testType="13cdc9d9-ddb5-4fa4-a97d-d965ccfc6d4b" outcome="Passed" testListId="8c84fa94-04c1-424b-9868-57a2d4851a1d" relativeResultsDirectory="c1810fbd-4a23-407b-9e61-c15abb1a25ea" />
    <UnitTestResult executionId="870e6946-e30f-4aaf-9164-29a7e2e7b7ce" testId="a727049e-baa7-2030-caa3-50ce4db896ae" testName="Deserialize_InvalidXml_Error" computerName="DKSR-EFI-04" duration="00:00:00.0012288" startTime="2023-12-22T09:39:14.6850189+01:00" endTime="2023-12-22T09:39:14.6863856+01:00" testType="13cdc9d9-ddb5-4fa4-a97d-d965ccfc6d4b" outcome="Passed" testListId="8c84fa94-04c1-424b-9868-57a2d4851a1d" relativeResultsDirectory="870e6946-e30f-4aaf-9164-29a7e2e7b7ce" />
    <UnitTestResult executionId="3b451c6f-1ce1-42ca-8814-6e6bf4f8b85b" testId="8402d0b2-2627-8799-bef9-7a7055750766" testName="Path enabled, forced" computerName="DKSR-EFI-04" duration="00:00:00.0058332" startTime="2023-12-22T09:38:40.1858308+01:00" endTime="2023-12-22T09:38:40.1919173+01:00" testType="13cdc9d9-ddb5-4fa4-a97d-d965ccfc6d4b" outcome="Passed" testListId="8c84fa94-04c1-424b-9868-57a2d4851a1d" relativeResultsDirectory="3b451c6f-1ce1-42ca-8814-6e6bf4f8b85b" />
    <UnitTestResult executionId="9057f8bb-efec-4e29-b113-e37cf4e8d356" testId="f4957e0d-8b3e-6f39-d235-00a44690d337" testName="Constructor_ShouldRaiseArgumentNullException_WhenCursorIsNull" computerName="DKSR-EFI-04" duration="00:00:00.0014713" startTime="2023-12-22T09:39:36.2864748+01:00" endTime="2023-12-22T09:39:36.2926411+01:00" testType="13cdc9d9-ddb5-4fa4-a97d-d965ccfc6d4b" outcome="Passed" testListId="8c84fa94-04c1-424b-9868-57a2d4851a1d" relativeResultsDirectory="9057f8bb-efec-4e29-b113-e37cf4e8d356" />
    <UnitTestResult executionId="79a98b47-6c1a-4ab4-bf07-cf29b65c5c7a" testId="d9f777ed-3466-7c99-be02-84bb7ebbad4b" testName="SearchResultsActionBarActions_EditBookmark_SingleResult_EditBookmarkInvoked" computerName="DKSR-EFI-04" duration="00:00:00.0128851" startTime="2023-12-22T09:39:10.9623112+01:00" endTime="2023-12-22T09:39:10.9753463+01:00" testType="13cdc9d9-ddb5-4fa4-a97d-d965ccfc6d4b" outcome="Passed" testListId="8c84fa94-04c1-424b-9868-57a2d4851a1d" relativeResultsDirectory="79a98b47-6c1a-4ab4-bf07-cf29b65c5c7a" />
    <UnitTestResult executionId="751ec32a-53f3-44a0-a93f-53007fd90078" testId="59d09cb9-f05a-ad0a-27b2-ae8fd67c3518" testName="Included_ShouldRemoveViewItemFromIncludedViewItems_WhenSetToFalse" computerName="DKSR-EFI-04" duration="00:00:00.0081281" startTime="2023-12-22T09:39:36.4159368+01:00" endTime="2023-12-22T09:39:36.4277731+01:00" testType="13cdc9d9-ddb5-4fa4-a97d-d965ccfc6d4b" outcome="Passed" testListId="8c84fa94-04c1-424b-9868-57a2d4851a1d" relativeResultsDirectory="751ec32a-53f3-44a0-a93f-53007fd90078" />
    <UnitTestResult executionId="ecb00f32-6f58-4dc1-8072-6785c95e2b6a" testId="43a12b2e-14a7-1d5f-4fc9-a448b6cf0edd" testName="SetLayerFeatures_ShouldRaiseArgumentException_WhenCameraKindAndNoneCameraLayerFeatures" computerName="DKSR-EFI-04" duration="00:00:00.0016141" startTime="2023-12-22T09:39:31.3855831+01:00" endTime="2023-12-22T09:39:31.3873570+01:00" testType="13cdc9d9-ddb5-4fa4-a97d-d965ccfc6d4b" outcome="Passed" testListId="8c84fa94-04c1-424b-9868-57a2d4851a1d" relativeResultsDirectory="ecb00f32-6f58-4dc1-8072-6785c95e2b6a" />
    <UnitTestResult executionId="3c2e14a4-6ad8-479d-b6b1-0fe0460afad4" testId="69a471d5-b0a2-5fd2-ad73-823b3f723b44" testName="ValidateExportFormats_SmartClientPlayerFormat_ShouldValidate" computerName="DKSR-EFI-04" duration="00:00:00.0075681" startTime="2023-12-22T09:38:40.9054133+01:00" endTime="2023-12-22T09:38:40.9131268+01:00" testType="13cdc9d9-ddb5-4fa4-a97d-d965ccfc6d4b" outcome="Passed" testListId="8c84fa94-04c1-424b-9868-57a2d4851a1d" relativeResultsDirectory="3c2e14a4-6ad8-479d-b6b1-0fe0460afad4" />
    <UnitTestResult executionId="7170fca8-d718-45f2-bb36-21503ac91754" testId="a721bda0-d060-fd7b-5877-e579358eb55b" testName="UserInfoDto_ShouldYieldSameValues_WhenRoundTripConverted" computerName="DKSR-EFI-04" duration="00:00:00.0001836" startTime="2023-12-22T09:38:29.7488360+01:00" endTime="2023-12-22T09:38:29.7491249+01:00" testType="13cdc9d9-ddb5-4fa4-a97d-d965ccfc6d4b" outcome="Passed" testListId="8c84fa94-04c1-424b-9868-57a2d4851a1d" relativeResultsDirectory="7170fca8-d718-45f2-bb36-21503ac91754" />
    <UnitTestResult executionId="7b61fda7-7c9f-4f5a-9804-e961174f71a9" testId="6041a665-a5c2-d6e3-acc3-d07918acde37" testName="BoundingBoxLiveStart" computerName="DKSR-EFI-04" duration="00:00:00.1077592" startTime="2023-12-22T09:39:34.4278296+01:00" endTime="2023-12-22T09:39:34.5359415+01:00" testType="13cdc9d9-ddb5-4fa4-a97d-d965ccfc6d4b" outcome="Passed" testListId="8c84fa94-04c1-424b-9868-57a2d4851a1d" relativeResultsDirectory="7b61fda7-7c9f-4f5a-9804-e961174f71a9" />
    <UnitTestResult executionId="00721e67-d264-45bf-8c73-189c5f947c59" testId="0d6f4d12-30c4-770e-7e76-c3c94335926a" testName="DeleteLevel2Of123_Success" computerName="DKSR-EFI-04" duration="00:00:00.0442809" startTime="2023-12-22T09:39:31.0570409+01:00" endTime="2023-12-22T09:39:31.1015018+01:00" testType="13cdc9d9-ddb5-4fa4-a97d-d965ccfc6d4b" outcome="Passed" testListId="8c84fa94-04c1-424b-9868-57a2d4851a1d" relativeResultsDirectory="00721e67-d264-45bf-8c73-189c5f947c59">
      <Output>
        <StdOut>Debug Trace:&#xD;
 &gt;&gt;&gt; ERROR: System.NullReferenceException: Object reference not set to an instance of an object.&#xD;
   at VideoOS.RemoteClient.GisMapData.MapBuildings.MapLevel.LoadLayersAsync(UIContext context) in D:\actions-runner\_work\XPCO\XPCO\SC\Components\dotNet\VideoOS.RemoteClient.GisMapData\MapBuildings\MapLevel.cs:line 283&#xD;
 &gt;&gt;&gt; Stack:    at VideoOS.RemoteClient.GisMapData.MapBuildings.MapLevel.LoadLayersAsync(UIContext context) in D:\actions-runner\_work\XPCO\XPCO\SC\Components\dotNet\VideoOS.RemoteClient.GisMapData\MapBuildings\MapLevel.cs:line 283&#xD;
 &gt;&gt;&gt; ERROR: System.NullReferenceException: Object reference not set to an instance of an object.&#xD;
   at VideoOS.RemoteClient.GisMapData.MapBuildings.MapLevel.LoadLayersAsync(UIContext context) in D:\actions-runner\_work\XPCO\XPCO\SC\Components\dotNet\VideoOS.RemoteClient.GisMapData\MapBuildings\MapLevel.cs:line 283&#xD;
 &gt;&gt;&gt; Stack:    at VideoOS.RemoteClient.GisMapData.MapBuildings.MapLevel.LoadLayersAsync(UIContext context) in D:\actions-runner\_work\XPCO\XPCO\SC\Components\dotNet\VideoOS.RemoteClient.GisMapData\MapBuildings\MapLevel.cs:line 283&#xD;
 &gt;&gt;&gt; ERROR: System.NullReferenceException: Object reference not set to an instance of an object.&#xD;
   at VideoOS.RemoteClient.GisMapData.MapBuildings.MapLevel.LoadLayersAsync(UIContext context) in D:\actions-runner\_work\XPCO\XPCO\SC\Components\dotNet\VideoOS.RemoteClient.GisMapData\MapBuildings\MapLevel.cs:line 283&#xD;
 &gt;&gt;&gt; Stack:    at VideoOS.RemoteClient.GisMapData.MapBuildings.MapLevel.LoadLayersAsync(UIContext context) in D:\actions-runner\_work\XPCO\XPCO\SC\Components\dotNet\VideoOS.RemoteClient.GisMapData\MapBuildings\MapLevel.cs:line 283</StdOut>
      </Output>
    </UnitTestResult>
    <UnitTestResult executionId="9ccbe6f5-cd5b-4dd6-ab44-62b7fae7c8c3" testId="9aef69ad-5102-e920-d6a1-4c0ddf8b9303" testName="AutomationId_ShouldBeValid_WhenInteractionStateIsAddCamera" computerName="DKSR-EFI-04" duration="00:00:00.0002940" startTime="2023-12-22T09:38:34.9139044+01:00" endTime="2023-12-22T09:38:34.9143239+01:00" testType="13cdc9d9-ddb5-4fa4-a97d-d965ccfc6d4b" outcome="Passed" testListId="8c84fa94-04c1-424b-9868-57a2d4851a1d" relativeResultsDirectory="9ccbe6f5-cd5b-4dd6-ab44-62b7fae7c8c3" />
    <UnitTestResult executionId="f3b4345b-c21a-4435-b816-fc1608fd09c6" testId="e7c0b876-bbe6-d4df-1806-4ff85a920c2f" testName="PatrollingStepListViewModel_CanExecuteMoveUp" computerName="DKSR-EFI-04" duration="00:00:00.0014204" startTime="2023-12-22T09:39:32.2536094+01:00" endTime="2023-12-22T09:39:32.2551571+01:00" testType="13cdc9d9-ddb5-4fa4-a97d-d965ccfc6d4b" outcome="Passed" testListId="8c84fa94-04c1-424b-9868-57a2d4851a1d" relativeResultsDirectory="f3b4345b-c21a-4435-b816-fc1608fd09c6" />
    <UnitTestResult executionId="8f164729-bba0-4c7c-8439-a2b38a1c5c1d" testId="6785fdff-345e-55ce-2159-cac1962fde04" testName="ChangeSorting_WithNoFocusItem_Success" computerName="DKSR-EFI-04" duration="00:00:00.0065532" startTime="2023-12-22T09:39:13.1175525+01:00" endTime="2023-12-22T09:39:13.1242744+01:00" testType="13cdc9d9-ddb5-4fa4-a97d-d965ccfc6d4b" outcome="Passed" testListId="8c84fa94-04c1-424b-9868-57a2d4851a1d" relativeResultsDirectory="8f164729-bba0-4c7c-8439-a2b38a1c5c1d" />
    <UnitTestResult executionId="bb0f23de-cbfd-48b8-83f2-7deb4fdc70d6" testId="76f9de2a-47c0-eaaa-3675-ac942aca2f32" testName="SetLayerFeatures_ShouldUpdateCameraItemsMapLayer_WhenCameraKindAndCameraLayerFeatures" computerName="DKSR-EFI-04" duration="00:00:00.0015439" startTime="2023-12-22T09:39:31.3811606+01:00" endTime="2023-12-22T09:39:31.3828493+01:00" testType="13cdc9d9-ddb5-4fa4-a97d-d965ccfc6d4b" outcome="Passed" testListId="8c84fa94-04c1-424b-9868-57a2d4851a1d" relativeResultsDirectory="bb0f23de-cbfd-48b8-83f2-7deb4fdc70d6" />
    <UnitTestResult executionId="962726d3-1e34-47c5-956f-e35c2246ee68" testId="376aa488-622a-ef3d-865f-34b9990a82be" testName="OpenStreetMapLayer_IsGeographic_Load_Success" computerName="DKSR-EFI-04" duration="00:00:00.0075975" startTime="2023-12-22T09:39:26.8327618+01:00" endTime="2023-12-22T09:39:26.8405127+01:00" testType="13cdc9d9-ddb5-4fa4-a97d-d965ccfc6d4b" outcome="Passed" testListId="8c84fa94-04c1-424b-9868-57a2d4851a1d" relativeResultsDirectory="962726d3-1e34-47c5-956f-e35c2246ee68" />
    <UnitTestResult executionId="d0c39d29-65d0-474d-b065-7bb1e0979963" testId="99a87674-ee88-dca5-48a5-598cbe7cb43b" testName="Search_TokenCancelled_SearchCallNotDelegatedToSearchManager" computerName="DKSR-EFI-04" duration="00:00:00.0068333" startTime="2023-12-22T09:39:25.4779782+01:00" endTime="2023-12-22T09:39:25.4850441+01:00" testType="13cdc9d9-ddb5-4fa4-a97d-d965ccfc6d4b" outcome="Passed" testListId="8c84fa94-04c1-424b-9868-57a2d4851a1d" relativeResultsDirectory="d0c39d29-65d0-474d-b065-7bb1e0979963" />
    <UnitTestResult executionId="92bb64fc-4024-4846-92aa-ab82a9040983" testId="24e7c2bb-215e-6687-9176-48e72f6cf85e" testName="ApplyStatesFromUi_ValidState_StateUpdated" computerName="DKSR-EFI-04" duration="00:00:00.7054170" startTime="2023-12-22T09:38:51.7518625+01:00" endTime="2023-12-22T09:38:52.4600958+01:00" testType="13cdc9d9-ddb5-4fa4-a97d-d965ccfc6d4b" outcome="Passed" testListId="8c84fa94-04c1-424b-9868-57a2d4851a1d" relativeResultsDirectory="92bb64fc-4024-4846-92aa-ab82a9040983" />
    <UnitTestResult executionId="fd3eaee4-b9a8-450f-8d4e-8a8c48ebe020" testId="896580b1-84f1-933f-fef3-e601288590b2" testName="CreateCameraListItem_ShouldNotAddRegionSelectionToFilterValue_WhenAlreadyPresent" computerName="DKSR-EFI-04" duration="00:00:00.0009774" startTime="2023-12-22T09:39:26.2412516+01:00" endTime="2023-12-22T09:39:26.2423716+01:00" testType="13cdc9d9-ddb5-4fa4-a97d-d965ccfc6d4b" outcome="Passed" testListId="8c84fa94-04c1-424b-9868-57a2d4851a1d" relativeResultsDirectory="fd3eaee4-b9a8-450f-8d4e-8a8c48ebe020" />
    <UnitTestResult executionId="9013e87f-f3eb-490e-adce-2003c3fbaf91" testId="83492e0d-212b-a788-b283-557077b5c1d0" testName="NearestPossibleZoomLevel_ShouldReturnZoomLevel19_WhenScaleIsZoomLevel19" computerName="DKSR-EFI-04" duration="00:00:00.0007028" startTime="2023-12-22T09:38:36.2228463+01:00" endTime="2023-12-22T09:38:36.2236818+01:00" testType="13cdc9d9-ddb5-4fa4-a97d-d965ccfc6d4b" outcome="Passed" testListId="8c84fa94-04c1-424b-9868-57a2d4851a1d" relativeResultsDirectory="9013e87f-f3eb-490e-adce-2003c3fbaf91" />
    <UnitTestResult executionId="181f0ff4-4fe4-4108-976d-37acb360dbe6" testId="8fad5930-640a-f193-8986-d1e8191830e2" testName="PatrollingProfileViewModelTest_IsInEditMode_IsNotInEditMode_Set" computerName="DKSR-EFI-04" duration="00:00:00.0018790" startTime="2023-12-22T09:39:32.1915798+01:00" endTime="2023-12-22T09:39:32.1935944+01:00" testType="13cdc9d9-ddb5-4fa4-a97d-d965ccfc6d4b" outcome="Passed" testListId="8c84fa94-04c1-424b-9868-57a2d4851a1d" relativeResultsDirectory="181f0ff4-4fe4-4108-976d-37acb360dbe6" />
    <UnitTestResult executionId="485feb4d-ab7f-49c7-a55d-473684a0b164" testId="abed422e-8ff0-5810-3b31-84bfdebdfcc3" testName="Constructor_ShouldRaiseArgumentNullException_WhenGisMapModelIsNull" computerName="DKSR-EFI-04" duration="00:00:00.0069099" startTime="2023-12-22T09:38:39.6986005+01:00" endTime="2023-12-22T09:38:39.7097963+01:00" testType="13cdc9d9-ddb5-4fa4-a97d-d965ccfc6d4b" outcome="Passed" testListId="8c84fa94-04c1-424b-9868-57a2d4851a1d" relativeResultsDirectory="485feb4d-ab7f-49c7-a55d-473684a0b164" />
    <UnitTestResult executionId="7153a732-f82d-4f42-bbed-065bdc54c4a8" testId="60b3c6a0-382d-f239-6234-5e6df72cc9b2" testName="SmartMapGoToAreaHandler_WhenDataIsNotSmartMapGoToAreaCommandData_ShouldWriteToLog" computerName="DKSR-EFI-04" duration="00:00:00.0016245" startTime="2023-12-22T09:38:38.6448136+01:00" endTime="2023-12-22T09:38:38.6465541+01:00" testType="13cdc9d9-ddb5-4fa4-a97d-d965ccfc6d4b" outcome="Passed" testListId="8c84fa94-04c1-424b-9868-57a2d4851a1d" relativeResultsDirectory="7153a732-f82d-4f42-bbed-065bdc54c4a8" />
    <UnitTestResult executionId="2887522f-19cb-41b8-aafb-ab09d6c44f5e" testId="1a9497ea-544a-7067-529f-b7c94b2f8c7f" testName="MicrophoneMapItem_UpdateName_Rejected" computerName="DKSR-EFI-04" duration="00:00:00.0084602" startTime="2023-12-22T09:39:30.3160157+01:00" endTime="2023-12-22T09:39:30.3271922+01:00" testType="13cdc9d9-ddb5-4fa4-a97d-d965ccfc6d4b" outcome="Passed" testListId="8c84fa94-04c1-424b-9868-57a2d4851a1d" relativeResultsDirectory="2887522f-19cb-41b8-aafb-ab09d6c44f5e" />
    <UnitTestResult executionId="c003be96-1536-4f5c-b0da-9c7f5cc176c0" testId="406cee59-f4cd-7984-c0a3-27cb754058dc" testName="ClipLength_ValueCorrect" computerName="DKSR-EFI-04" duration="00:00:00.0215755" startTime="2023-12-22T09:39:25.8730245+01:00" endTime="2023-12-22T09:39:25.8973664+01:00" testType="13cdc9d9-ddb5-4fa4-a97d-d965ccfc6d4b" outcome="Passed" testListId="8c84fa94-04c1-424b-9868-57a2d4851a1d" relativeResultsDirectory="c003be96-1536-4f5c-b0da-9c7f5cc176c0" />
    <UnitTestResult executionId="54158aed-ca20-4b27-9929-0c73f0823998" testId="fc8ab86d-a099-7d02-2f3d-3dc65e5166d3" testName="Not forced" computerName="DKSR-EFI-04" duration="00:00:00.0046880" startTime="2023-12-22T09:38:40.2506698+01:00" endTime="2023-12-22T09:38:40.2555174+01:00" testType="13cdc9d9-ddb5-4fa4-a97d-d965ccfc6d4b" outcome="Passed" testListId="8c84fa94-04c1-424b-9868-57a2d4851a1d" relativeResultsDirectory="54158aed-ca20-4b27-9929-0c73f0823998" />
    <UnitTestResult executionId="9bc70fc5-6975-4dab-8ed2-c42a566fa715" testId="095585f6-4ef2-27a8-ee5b-098ad467f567" testName="Forced" computerName="DKSR-EFI-04" duration="00:00:00.0040592" startTime="2023-12-22T09:38:40.2559785+01:00" endTime="2023-12-22T09:38:40.2602283+01:00" testType="13cdc9d9-ddb5-4fa4-a97d-d965ccfc6d4b" outcome="Passed" testListId="8c84fa94-04c1-424b-9868-57a2d4851a1d" relativeResultsDirectory="9bc70fc5-6975-4dab-8ed2-c42a566fa715" />
    <UnitTestResult executionId="d73df074-a0ab-49fb-98c2-808cddcc8d9a" testId="03176de6-d0a5-5d83-9bd0-bdcb94c2ab49" testName="Compare_NullVsNotNull_GreaterThan" computerName="DKSR-EFI-04" duration="00:00:00.0002330" startTime="2023-12-22T09:39:14.6564630+01:00" endTime="2023-12-22T09:39:14.6568864+01:00" testType="13cdc9d9-ddb5-4fa4-a97d-d965ccfc6d4b" outcome="Passed" testListId="8c84fa94-04c1-424b-9868-57a2d4851a1d" relativeResultsDirectory="d73df074-a0ab-49fb-98c2-808cddcc8d9a" />
    <UnitTestResult executionId="4ae79f02-0d53-4989-be7f-e78026b87da6" testId="cd667223-fa51-4fa7-4447-c5ef6b869998" testName="AddToExportDevices_ShouldReturnCorrectResult (1,1,0)" computerName="DKSR-EFI-04" duration="00:00:00.0013620" startTime="2023-12-22T09:39:33.6685641+01:00" endTime="2023-12-22T09:39:33.6701228+01:00" testType="13cdc9d9-ddb5-4fa4-a97d-d965ccfc6d4b" outcome="Passed" testListId="8c84fa94-04c1-424b-9868-57a2d4851a1d" relativeResultsDirectory="4ae79f02-0d53-4989-be7f-e78026b87da6" />
    <UnitTestResult executionId="7ebba62a-cd6f-42b0-b147-faa577c50ee2" testId="df3f8216-c259-3e39-24bc-16b94a530f01" testName="SearchResultContainerView_OnItemActivated_AnimationEnabled_DetailsViewAddedToDetailsViewControl" computerName="DKSR-EFI-04" duration="00:00:00.6714752" startTime="2023-12-22T09:38:46.7269393+01:00" endTime="2023-12-22T09:38:47.4014472+01:00" testType="13cdc9d9-ddb5-4fa4-a97d-d965ccfc6d4b" outcome="Passed" testListId="8c84fa94-04c1-424b-9868-57a2d4851a1d" relativeResultsDirectory="7ebba62a-cd6f-42b0-b147-faa577c50ee2" />
    <UnitTestResult executionId="c1c12d85-c89b-4467-bbb5-ba61db742a0a" testId="23c856d5-b6c3-19f8-8013-074be7c600aa" testName="Retrieve_ExceptionHandled" computerName="DKSR-EFI-04" duration="00:00:00.0020321" startTime="2023-12-22T09:38:38.6642691+01:00" endTime="2023-12-22T09:38:38.6664289+01:00" testType="13cdc9d9-ddb5-4fa4-a97d-d965ccfc6d4b" outcome="Passed" testListId="8c84fa94-04c1-424b-9868-57a2d4851a1d" relativeResultsDirectory="c1c12d85-c89b-4467-bbb5-ba61db742a0a" />
    <UnitTestResult executionId="aced1e96-089e-4c52-8724-18b0fe056886" testId="b78c4a54-8a8a-cc80-cfbb-7be5b5023229" testName="DeserializeAlianXml_Fail" computerName="DKSR-EFI-04" duration="00:00:00.0001250" startTime="2023-12-22T09:39:39.8386278+01:00" endTime="2023-12-22T09:39:39.8388678+01:00" testType="13cdc9d9-ddb5-4fa4-a97d-d965ccfc6d4b" outcome="Passed" testListId="8c84fa94-04c1-424b-9868-57a2d4851a1d" relativeResultsDirectory="aced1e96-089e-4c52-8724-18b0fe056886" />
    <UnitTestResult executionId="91b6fa85-1cef-4586-b7bb-6cdcb4d33148" testId="584617a4-8322-97bf-2a6c-744ce8c991ef" testName="Constructor_WhenPassingNullCredentials_ShouldThrowException" computerName="DKSR-EFI-04" duration="00:00:00.1435998" startTime="2023-12-22T09:38:29.2686258+01:00" endTime="2023-12-22T09:38:29.4314266+01:00" testType="13cdc9d9-ddb5-4fa4-a97d-d965ccfc6d4b" outcome="Passed" testListId="8c84fa94-04c1-424b-9868-57a2d4851a1d" relativeResultsDirectory="91b6fa85-1cef-4586-b7bb-6cdcb4d33148" />
    <UnitTestResult executionId="41d3667d-6a1c-46c0-84d9-7c45aba87e03" testId="b7095fa5-4f07-bfb6-a358-0338e32383f9" testName="MapCameraIcons_WhenPinkOemResource_ShouldReturnTenIcons" computerName="DKSR-EFI-04" duration="00:00:00.0214852" startTime="2023-12-22T09:39:37.6246497+01:00" endTime="2023-12-22T09:39:37.6463096+01:00" testType="13cdc9d9-ddb5-4fa4-a97d-d965ccfc6d4b" outcome="Passed" testListId="8c84fa94-04c1-424b-9868-57a2d4851a1d" relativeResultsDirectory="41d3667d-6a1c-46c0-84d9-7c45aba87e03" />
    <UnitTestResult executionId="1aec371b-0cd1-4e0f-ac21-61dc179d15c2" testId="a65d3f02-ca6d-a89f-9465-6c592d8f6d71" testName="Constructor_ShouldThrowArgumentNullException_WhenServerConfigurationIsNull" computerName="DKSR-EFI-04" duration="00:00:00.0016559" startTime="2023-12-22T09:39:32.3491803+01:00" endTime="2023-12-22T09:39:32.3509630+01:00" testType="13cdc9d9-ddb5-4fa4-a97d-d965ccfc6d4b" outcome="Passed" testListId="8c84fa94-04c1-424b-9868-57a2d4851a1d" relativeResultsDirectory="1aec371b-0cd1-4e0f-ac21-61dc179d15c2" />
    <UnitTestResult executionId="b01d6c12-5dec-4eb4-9dea-081c8342b637" testId="20ac81fe-1ffb-543e-951e-5e427e17f69b" testName="AddSelectedWindowsToExport_ShouldShowCorrectToastMessages (0,1,0)" computerName="DKSR-EFI-04" duration="00:00:00.0019455" startTime="2023-12-22T09:39:33.7208576+01:00" endTime="2023-12-22T09:39:33.7230178+01:00" testType="13cdc9d9-ddb5-4fa4-a97d-d965ccfc6d4b" outcome="Passed" testListId="8c84fa94-04c1-424b-9868-57a2d4851a1d" relativeResultsDirectory="b01d6c12-5dec-4eb4-9dea-081c8342b637" />
    <UnitTestResult executionId="21794b10-39d1-469e-9889-4e4492a00296" testId="b802935f-0eb0-14ff-4c95-9725f194073b" testName="GetItemsIn_InBuildingNoLevels_Returns2Items" computerName="DKSR-EFI-04" duration="00:00:00.0561175" startTime="2023-12-22T09:39:31.5005223+01:00" endTime="2023-12-22T09:39:31.5568049+01:00" testType="13cdc9d9-ddb5-4fa4-a97d-d965ccfc6d4b" outcome="Passed" testListId="8c84fa94-04c1-424b-9868-57a2d4851a1d" relativeResultsDirectory="21794b10-39d1-469e-9889-4e4492a00296" />
    <UnitTestResult executionId="5da262bf-77a9-44c9-b8a6-e07a4c4f6f88" testId="e684ed15-3e02-0285-5052-2e5ac2fddade" testName="AddToExportTuples_ShouldReturnCorrectResult (0,0,1)" computerName="DKSR-EFI-04" duration="00:00:00.0015450" startTime="2023-12-22T09:39:33.5748349+01:00" endTime="2023-12-22T09:39:33.5765517+01:00" testType="13cdc9d9-ddb5-4fa4-a97d-d965ccfc6d4b" outcome="Passed" testListId="8c84fa94-04c1-424b-9868-57a2d4851a1d" relativeResultsDirectory="5da262bf-77a9-44c9-b8a6-e07a4c4f6f88" />
    <UnitTestResult executionId="b17264b4-3fb0-4fb2-a6e5-c7aae0274945" testId="5304ef5f-6f68-f464-023c-0e8f2792256b" testName="Command_WithNullActivateResult_PluginInstanceActivatedCalled" computerName="DKSR-EFI-04" duration="00:00:00.0026629" startTime="2023-12-22T09:39:11.4651083+01:00" endTime="2023-12-22T09:39:11.4679481+01:00" testType="13cdc9d9-ddb5-4fa4-a97d-d965ccfc6d4b" outcome="Passed" testListId="8c84fa94-04c1-424b-9868-57a2d4851a1d" relativeResultsDirectory="b17264b4-3fb0-4fb2-a6e5-c7aae0274945" />
    <UnitTestResult executionId="0cd83713-45f2-4e26-b6a2-751a2d54b597" testId="e2466cfc-7e0f-fee8-93df-e8c746cb8a63" testName="OnMarkerRightClicked_ShouldUseCrossTypeMenuItems_WhenMultipleItemsFromDifferentLayersAreSelected" computerName="DKSR-EFI-04" duration="00:00:00.0168142" startTime="2023-12-22T09:38:36.0385977+01:00" endTime="2023-12-22T09:38:36.0583165+01:00" testType="13cdc9d9-ddb5-4fa4-a97d-d965ccfc6d4b" outcome="Passed" testListId="8c84fa94-04c1-424b-9868-57a2d4851a1d" relativeResultsDirectory="0cd83713-45f2-4e26-b6a2-751a2d54b597" />
    <UnitTestResult executionId="4f06c76b-2389-438f-816e-e561fb2fa496" testId="c91e348e-da6a-7f91-b16a-f6b11cfb0f4a" testName="GetGisMapLayerFlyoutName_ShouldReturnOpenStreetMap_WhenGeographicLayerIsNull" computerName="DKSR-EFI-04" duration="00:00:00.0007732" startTime="2023-12-22T09:39:31.3168670+01:00" endTime="2023-12-22T09:39:31.3177833+01:00" testType="13cdc9d9-ddb5-4fa4-a97d-d965ccfc6d4b" outcome="Passed" testListId="8c84fa94-04c1-424b-9868-57a2d4851a1d" relativeResultsDirectory="4f06c76b-2389-438f-816e-e561fb2fa496" />
    <UnitTestResult executionId="0cd7de87-c979-43cd-9934-f75fa32da899" testId="550475a3-cdd8-1a4c-8164-53657594f4b5" testName="RemoveWorkroom_ShouldThrowException_WhenWorkroomToRemoveIsNull" computerName="DKSR-EFI-04" duration="00:00:00.0047603" startTime="2023-12-22T09:39:38.3941817+01:00" endTime="2023-12-22T09:39:38.3991528+01:00" testType="13cdc9d9-ddb5-4fa4-a97d-d965ccfc6d4b" outcome="Passed" testListId="8c84fa94-04c1-424b-9868-57a2d4851a1d" relativeResultsDirectory="0cd7de87-c979-43cd-9934-f75fa32da899" />
    <UnitTestResult executionId="b0b4278d-1e3e-497f-b556-0153e666b43f" testId="91f26bca-4ab5-824b-aa90-84778c7aa540" testName="SearchModelOnSearchResultsReady_OnUiThread_Success" computerName="DKSR-EFI-04" duration="00:00:00.0104436" startTime="2023-12-22T09:39:12.9333356+01:00" endTime="2023-12-22T09:39:12.9439552+01:00" testType="13cdc9d9-ddb5-4fa4-a97d-d965ccfc6d4b" outcome="Passed" testListId="8c84fa94-04c1-424b-9868-57a2d4851a1d" relativeResultsDirectory="b0b4278d-1e3e-497f-b556-0153e666b43f" />
    <UnitTestResult executionId="007cb0e5-a633-4ebe-baf9-db1968da3bec" testId="4359d1f6-24c0-77e3-a295-f1f91acd7a66" testName="OutputItemsLayer_NotIsGeographic_Load_Success" computerName="DKSR-EFI-04" duration="00:00:00.0096485" startTime="2023-12-22T09:39:26.8636076+01:00" endTime="2023-12-22T09:39:26.8734045+01:00" testType="13cdc9d9-ddb5-4fa4-a97d-d965ccfc6d4b" outcome="Passed" testListId="8c84fa94-04c1-424b-9868-57a2d4851a1d" relativeResultsDirectory="007cb0e5-a633-4ebe-baf9-db1968da3bec" />
    <UnitTestResult executionId="56fb9d86-22d6-4e12-bfae-c24beaab8bb7" testId="6c2035c4-97e2-d122-0c36-23cf8131de7d" testName="PtzSessionControllerInfoConstructorTest_From_PtzSessionInfo_Basic_User_Current" computerName="DKSR-EFI-04" duration="00:00:00.0006176" startTime="2023-12-22T09:38:32.1760527+01:00" endTime="2023-12-22T09:38:32.1768156+01:00" testType="13cdc9d9-ddb5-4fa4-a97d-d965ccfc6d4b" outcome="Passed" testListId="8c84fa94-04c1-424b-9868-57a2d4851a1d" relativeResultsDirectory="56fb9d86-22d6-4e12-bfae-c24beaab8bb7" />
    <UnitTestResult executionId="9c01880f-6fcb-4a80-960e-5450e1737871" testId="d8e86d95-613e-e989-d6c8-a98a3e38c1b2" testName="MipItemsMapLayer_Saved_Success" computerName="DKSR-EFI-04" duration="00:00:00.0102458" startTime="2023-12-22T09:39:26.9001005+01:00" endTime="2023-12-22T09:39:26.9104945+01:00" testType="13cdc9d9-ddb5-4fa4-a97d-d965ccfc6d4b" outcome="Passed" testListId="8c84fa94-04c1-424b-9868-57a2d4851a1d" relativeResultsDirectory="9c01880f-6fcb-4a80-960e-5450e1737871" />
    <UnitTestResult executionId="8942c082-7c8b-40fd-95b7-904775a3624f" testId="afb5f821-aab1-c9e5-0826-d01d69508cc0" testName="Passwords are not the same, lower length" computerName="DKSR-EFI-04" duration="00:00:00.0002877" startTime="2023-12-22T09:38:40.9720500+01:00" endTime="2023-12-22T09:38:40.9724900+01:00" testType="13cdc9d9-ddb5-4fa4-a97d-d965ccfc6d4b" outcome="Passed" testListId="8c84fa94-04c1-424b-9868-57a2d4851a1d" relativeResultsDirectory="8942c082-7c8b-40fd-95b7-904775a3624f" />
    <UnitTestResult executionId="fd731801-e29a-4dea-9322-1802337b3f22" testId="ac29b4b5-8534-78d0-60ee-ce2fc38c2fe4" testName="SearchResultsActionBarActions_ActionResultModified_Success" computerName="DKSR-EFI-04" duration="00:00:00.0089664" startTime="2023-12-22T09:39:11.1324042+01:00" endTime="2023-12-22T09:39:11.1415471+01:00" testType="13cdc9d9-ddb5-4fa4-a97d-d965ccfc6d4b" outcome="Passed" testListId="8c84fa94-04c1-424b-9868-57a2d4851a1d" relativeResultsDirectory="fd731801-e29a-4dea-9322-1802337b3f22" />
    <UnitTestResult executionId="5943cb4b-f871-4670-b63a-9a685d134736" testId="dc0d2b36-aa1d-1594-0d6a-cf1fe6649772" testName="DeleteLevel2Of12_Success" computerName="DKSR-EFI-04" duration="00:00:00.0303858" startTime="2023-12-22T09:39:31.1295617+01:00" endTime="2023-12-22T09:39:31.1601285+01:00" testType="13cdc9d9-ddb5-4fa4-a97d-d965ccfc6d4b" outcome="Passed" testListId="8c84fa94-04c1-424b-9868-57a2d4851a1d" relativeResultsDirectory="5943cb4b-f871-4670-b63a-9a685d134736">
      <Output>
        <StdOut>Debug Trace:&#xD;
 &gt;&gt;&gt; ERROR: System.NullReferenceException: Object reference not set to an instance of an object.&#xD;
   at VideoOS.RemoteClient.GisMapData.MapBuildings.MapLevel.LoadLayersAsync(UIContext context) in D:\actions-runner\_work\XPCO\XPCO\SC\Components\dotNet\VideoOS.RemoteClient.GisMapData\MapBuildings\MapLevel.cs:line 283&#xD;
 &gt;&gt;&gt; Stack:    at VideoOS.RemoteClient.GisMapData.MapBuildings.MapLevel.LoadLayersAsync(UIContext context) in D:\actions-runner\_work\XPCO\XPCO\SC\Components\dotNet\VideoOS.RemoteClient.GisMapData\MapBuildings\MapLevel.cs:line 283&#xD;
 &gt;&gt;&gt; ERROR: System.NullReferenceException: Object reference not set to an instance of an object.&#xD;
   at VideoOS.RemoteClient.GisMapData.MapBuildings.MapLevel.LoadLayersAsync(UIContext context) in D:\actions-runner\_work\XPCO\XPCO\SC\Components\dotNet\VideoOS.RemoteClient.GisMapData\MapBuildings\MapLevel.cs:line 283&#xD;
 &gt;&gt;&gt; Stack:    at VideoOS.RemoteClient.GisMapData.MapBuildings.MapLevel.LoadLayersAsync(UIContext context) in D:\actions-runner\_work\XPCO\XPCO\SC\Components\dotNet\VideoOS.RemoteClient.GisMapData\MapBuildings\MapLevel.cs:line 283&#xD;
 &gt;&gt;&gt; ERROR: System.NullReferenceException: Object reference not set to an instance of an object.&#xD;
   at VideoOS.RemoteClient.GisMapData.MapBuildings.MapLevel.LoadLayersAsync(UIContext context) in D:\actions-runner\_work\XPCO\XPCO\SC\Components\dotNet\VideoOS.RemoteClient.GisMapData\MapBuildings\MapLevel.cs:line 283&#xD;
 &gt;&gt;&gt; Stack:    at VideoOS.RemoteClient.GisMapData.MapBuildings.MapLevel.LoadLayersAsync(UIContext context) in D:\actions-runner\_work\XPCO\XPCO\SC\Components\dotNet\VideoOS.RemoteClient.GisMapData\MapBuildings\MapLevel.cs:line 283</StdOut>
      </Output>
    </UnitTestResult>
    <UnitTestResult executionId="4a33e608-8936-4ea5-9892-6a8b28febdac" testId="9c878434-1b6f-51cd-943c-ef6ecaa488ad" testName="Password too short" computerName="DKSR-EFI-04" duration="00:00:00.0002703" startTime="2023-12-22T09:38:40.9682387+01:00" endTime="2023-12-22T09:38:40.9686378+01:00" testType="13cdc9d9-ddb5-4fa4-a97d-d965ccfc6d4b" outcome="Passed" testListId="8c84fa94-04c1-424b-9868-57a2d4851a1d" relativeResultsDirectory="4a33e608-8936-4ea5-9892-6a8b28febdac" />
    <UnitTestResult executionId="ef7c6dd0-d182-408e-be64-def09be5302f" testId="a6e357f5-5043-640f-dc7b-7f6d8536f9c8" testName="PtzSessionController_Constructor_ArgumentNull_PtzSessionInfoCommunication_Test" computerName="DKSR-EFI-04" duration="00:00:00.0003325" startTime="2023-12-22T09:38:32.0364774+01:00" endTime="2023-12-22T09:38:32.0369626+01:00" testType="13cdc9d9-ddb5-4fa4-a97d-d965ccfc6d4b" outcome="Passed" testListId="8c84fa94-04c1-424b-9868-57a2d4851a1d" relativeResultsDirectory="ef7c6dd0-d182-408e-be64-def09be5302f" />
    <UnitTestResult executionId="a4772415-dd81-40e3-96ce-45c4fdb270a4" testId="6fb4919f-9275-fa65-8704-748d9ebfe4e0" testName="SmartMapGoToPositionHandler_WhenLongitudeIsInvalid_ShouldWriteToLog" computerName="DKSR-EFI-04" duration="00:00:00.0014318" startTime="2023-12-22T09:38:38.6383680+01:00" endTime="2023-12-22T09:38:38.6399138+01:00" testType="13cdc9d9-ddb5-4fa4-a97d-d965ccfc6d4b" outcome="Passed" testListId="8c84fa94-04c1-424b-9868-57a2d4851a1d" relativeResultsDirectory="a4772415-dd81-40e3-96ce-45c4fdb270a4" />
    <UnitTestResult executionId="dbddc6fd-bf91-40eb-bfa6-ef0b0e1a1e65" testId="23832ca3-0067-c599-3202-0d4d2bcc2035" testName="AddToExportDevices_ShouldReturnCorrectResult (1,1,1)" computerName="DKSR-EFI-04" duration="00:00:00.0015590" startTime="2023-12-22T09:39:33.6706375+01:00" endTime="2023-12-22T09:39:33.6723655+01:00" testType="13cdc9d9-ddb5-4fa4-a97d-d965ccfc6d4b" outcome="Passed" testListId="8c84fa94-04c1-424b-9868-57a2d4851a1d" relativeResultsDirectory="dbddc6fd-bf91-40eb-bfa6-ef0b0e1a1e65" />
    <UnitTestResult executionId="f8fe624e-a81e-4967-ac7b-678c19c545d7" testId="89439a20-c712-15bd-9c46-c5709b4b0f9d" testName="SearchResultsActionBarActions_AddBookmark_NotEnabled" computerName="DKSR-EFI-04" duration="00:00:00.0068051" startTime="2023-12-22T09:39:10.8803902+01:00" endTime="2023-12-22T09:39:10.8873487+01:00" testType="13cdc9d9-ddb5-4fa4-a97d-d965ccfc6d4b" outcome="Passed" testListId="8c84fa94-04c1-424b-9868-57a2d4851a1d" relativeResultsDirectory="f8fe624e-a81e-4967-ac7b-678c19c545d7" />
    <UnitTestResult executionId="33496f93-a795-4804-9582-6361fc8c5011" testId="ee49bb23-cebf-abdf-0b3d-a9f5e1a1dc4f" testName="SearchResultsActionBarActions_AddBookmark_BookmarkAgentAdded_SingleResult_CreateBookmarkInvoked" computerName="DKSR-EFI-04" duration="00:00:00.0117021" startTime="2023-12-22T09:39:10.9224294+01:00" endTime="2023-12-22T09:39:10.9343054+01:00" testType="13cdc9d9-ddb5-4fa4-a97d-d965ccfc6d4b" outcome="Passed" testListId="8c84fa94-04c1-424b-9868-57a2d4851a1d" relativeResultsDirectory="33496f93-a795-4804-9582-6361fc8c5011" />
    <UnitTestResult executionId="e3ccfb44-df4b-487e-9499-93e640ff6a0a" testId="59991295-e7c5-ae1a-4d3d-515c29cc9e2b" testName="ResolveSearchDefinitions_ShouldReturnResultSearchDefinition_WhenCombinedSearchResultWithMultipleSubResultAndSearchDefinitionsContainingCorrectSearchDefinitionsAreGiven" computerName="DKSR-EFI-04" duration="00:00:00.0006810" startTime="2023-12-22T09:39:13.8584991+01:00" endTime="2023-12-22T09:39:13.8593156+01:00" testType="13cdc9d9-ddb5-4fa4-a97d-d965ccfc6d4b" outcome="Passed" testListId="8c84fa94-04c1-424b-9868-57a2d4851a1d" relativeResultsDirectory="e3ccfb44-df4b-487e-9499-93e640ff6a0a" />
    <UnitTestResult executionId="d4b4fc31-99eb-435b-b9ed-ea97b5418857" testId="11e45243-c796-e305-ccb2-ad123da6b869" testName="SearchModelOnSearchResultsReady_NotOnUiThread_Success" computerName="DKSR-EFI-04" duration="00:00:00.0101325" startTime="2023-12-22T09:39:12.9453613+01:00" endTime="2023-12-22T09:39:12.9556747+01:00" testType="13cdc9d9-ddb5-4fa4-a97d-d965ccfc6d4b" outcome="Passed" testListId="8c84fa94-04c1-424b-9868-57a2d4851a1d" relativeResultsDirectory="d4b4fc31-99eb-435b-b9ed-ea97b5418857" />
    <UnitTestResult executionId="c28873fe-190a-4710-97ef-8e39566d2471" testId="680b5a30-8d08-87c3-1561-38e60980ac40" testName="ConnectSlave_FailToConnectAndAllowingSecureConnection_ShouldReturnFalse" computerName="DKSR-EFI-04" duration="00:00:00.0009105" startTime="2023-12-22T09:38:29.6958985+01:00" endTime="2023-12-22T09:38:29.6969208+01:00" testType="13cdc9d9-ddb5-4fa4-a97d-d965ccfc6d4b" outcome="Passed" testListId="8c84fa94-04c1-424b-9868-57a2d4851a1d" relativeResultsDirectory="c28873fe-190a-4710-97ef-8e39566d2471" />
    <UnitTestResult executionId="2ad53e97-716d-4de2-a3ad-3983c8de82d6" testId="a68fe85a-0571-5cf5-4ec4-cc94366f30ee" testName="GetProductDisplayVersion_ShouldReturnDefault_WhenSmartClientVersionIsNull" computerName="DKSR-EFI-04" duration="00:00:00.0005479" startTime="2023-12-22T09:39:38.4910722+01:00" endTime="2023-12-22T09:39:38.4917534+01:00" testType="13cdc9d9-ddb5-4fa4-a97d-d965ccfc6d4b" outcome="Passed" testListId="8c84fa94-04c1-424b-9868-57a2d4851a1d" relativeResultsDirectory="2ad53e97-716d-4de2-a3ad-3983c8de82d6" />
    <UnitTestResult executionId="aa15e4e8-fdb3-42b7-83ad-d178bfd509c8" testId="8252077b-13bd-fcd5-946c-4ceaed8bb503" testName="Id_ShouldBeDifferent_WhenSearchResultIdIsGuidEmpty" computerName="DKSR-EFI-04" duration="00:00:00.0004080" startTime="2023-12-22T09:39:14.6106622+01:00" endTime="2023-12-22T09:39:14.6111974+01:00" testType="13cdc9d9-ddb5-4fa4-a97d-d965ccfc6d4b" outcome="Passed" testListId="8c84fa94-04c1-424b-9868-57a2d4851a1d" relativeResultsDirectory="aa15e4e8-fdb3-42b7-83ad-d178bfd509c8" />
    <UnitTestResult executionId="6fff2d18-cf76-4da9-ae56-c7b1b99ebb43" testId="0b48726b-7d83-90f3-a7e6-6509817ad105" testName="SelectTemplate_NullViewModel_Throws" computerName="DKSR-EFI-04" duration="00:00:00.0004460" startTime="2023-12-22T09:38:41.2845266+01:00" endTime="2023-12-22T09:38:41.2851197+01:00" testType="13cdc9d9-ddb5-4fa4-a97d-d965ccfc6d4b" outcome="Passed" testListId="8c84fa94-04c1-424b-9868-57a2d4851a1d" relativeResultsDirectory="6fff2d18-cf76-4da9-ae56-c7b1b99ebb43" />
    <UnitTestResult executionId="d931e9ae-7160-4a04-94a0-4d5a6a9a100f" testId="f4a81b1f-d65d-e48b-b006-18eab3f2b023" testName="Map_DeleteLayer_ImageLayer_Success" computerName="DKSR-EFI-04" duration="00:00:00.0198396" startTime="2023-12-22T09:39:28.7183638+01:00" endTime="2023-12-22T09:39:28.7383901+01:00" testType="13cdc9d9-ddb5-4fa4-a97d-d965ccfc6d4b" outcome="Passed" testListId="8c84fa94-04c1-424b-9868-57a2d4851a1d" relativeResultsDirectory="d931e9ae-7160-4a04-94a0-4d5a6a9a100f" />
    <UnitTestResult executionId="2ce1b47b-78ef-4e8b-956f-d7bdf7a4bb8c" testId="1181cb63-0543-4806-6972-5950350789da" testName="ToMipSearchResultData_ShouldReturnCorrectSearchResult" computerName="DKSR-EFI-04" duration="00:00:00.0002616" startTime="2023-12-22T09:39:14.6171433+01:00" endTime="2023-12-22T09:39:14.6175916+01:00" testType="13cdc9d9-ddb5-4fa4-a97d-d965ccfc6d4b" outcome="Passed" testListId="8c84fa94-04c1-424b-9868-57a2d4851a1d" relativeResultsDirectory="2ce1b47b-78ef-4e8b-956f-d7bdf7a4bb8c" />
    <UnitTestResult executionId="0221fb9f-2ffc-4738-b1bd-5178a186126d" testId="f50ada7c-d947-8c69-ca9d-bb57a8cda16a" testName="OnSizeChanged_PluginButtonsPresentInActionBar_PluginButtonsMovedToOverflowMenu" computerName="DKSR-EFI-04" duration="00:00:00.0331856" startTime="2023-12-22T09:38:42.6082453+01:00" endTime="2023-12-22T09:38:42.6439630+01:00" testType="13cdc9d9-ddb5-4fa4-a97d-d965ccfc6d4b" outcome="Passed" testListId="8c84fa94-04c1-424b-9868-57a2d4851a1d" relativeResultsDirectory="0221fb9f-2ffc-4738-b1bd-5178a186126d" />
    <UnitTestResult executionId="bd3c8e9d-1700-4792-ba07-2b12fcc29278" testId="9b54b5db-74ce-7f6e-1fd4-798a1baa40f1" testName="IsBasicUser_ShouldReturnTrue_WhenConstructedUsingSimple" computerName="DKSR-EFI-04" duration="00:00:00.0002240" startTime="2023-12-22T09:38:32.3347024+01:00" endTime="2023-12-22T09:38:32.3350509+01:00" testType="13cdc9d9-ddb5-4fa4-a97d-d965ccfc6d4b" outcome="Passed" testListId="8c84fa94-04c1-424b-9868-57a2d4851a1d" relativeResultsDirectory="bd3c8e9d-1700-4792-ba07-2b12fcc29278" />
    <UnitTestResult executionId="1b10bfbc-1908-4f21-8339-b6c347595f8a" testId="9b197971-a4a0-f2e7-cf86-c42cab4fc0ac" testName="RightClick_ShouldNotSetContextMenu_WhenHostIsContextMenuAware" computerName="DKSR-EFI-04" duration="00:00:00.0103734" startTime="2023-12-22T09:38:36.3008364+01:00" endTime="2023-12-22T09:38:36.3143111+01:00" testType="13cdc9d9-ddb5-4fa4-a97d-d965ccfc6d4b" outcome="Passed" testListId="8c84fa94-04c1-424b-9868-57a2d4851a1d" relativeResultsDirectory="1b10bfbc-1908-4f21-8339-b6c347595f8a" />
    <UnitTestResult executionId="127ece18-1a24-4c1e-8265-17bf4c83dc75" testId="ad2137f8-da12-9879-f4e4-b1576d0429b7" testName="InitialPassword_ShouldBePropagatedToPasswords" computerName="DKSR-EFI-04" duration="00:00:00.0006659" startTime="2023-12-22T09:38:40.9571249+01:00" endTime="2023-12-22T09:38:40.9579246+01:00" testType="13cdc9d9-ddb5-4fa4-a97d-d965ccfc6d4b" outcome="Passed" testListId="8c84fa94-04c1-424b-9868-57a2d4851a1d" relativeResultsDirectory="127ece18-1a24-4c1e-8265-17bf4c83dc75" />
    <UnitTestResult executionId="53facb01-9bc7-4562-9da5-556539acb0b8" testId="efcae59c-c765-a30f-3362-183bf9168666" testName="Ctor_OneBuiltInIncompleteGroupDefined_NoCompositeAgentsAdded" computerName="DKSR-EFI-04" duration="00:00:00.0009221" startTime="2023-12-22T09:39:25.6076587+01:00" endTime="2023-12-22T09:39:25.6087190+01:00" testType="13cdc9d9-ddb5-4fa4-a97d-d965ccfc6d4b" outcome="Passed" testListId="8c84fa94-04c1-424b-9868-57a2d4851a1d" relativeResultsDirectory="53facb01-9bc7-4562-9da5-556539acb0b8" />
    <UnitTestResult executionId="f70bc144-ba0d-470c-930a-3537f907d355" testId="8b541578-adaa-009d-fcd7-342c1711308d" testName="HandleSetLayerFeatures_ShouldRaiseArgumentException_WhenOutputKindAndNotOutputLayerFeatures" computerName="DKSR-EFI-04" duration="00:00:00.0013032" startTime="2023-12-22T09:39:31.3106869+01:00" endTime="2023-12-22T09:39:31.3121470+01:00" testType="13cdc9d9-ddb5-4fa4-a97d-d965ccfc6d4b" outcome="Passed" testListId="8c84fa94-04c1-424b-9868-57a2d4851a1d" relativeResultsDirectory="f70bc144-ba0d-470c-930a-3537f907d355" />
    <UnitTestResult executionId="d2e99dcf-40a7-4b93-b9d9-9ed1cd080dd6" testId="95bdcbe4-e420-deb8-8439-dbd680e08a25" testName="ActiveInteractionStateBinding_ShouldNotBeNull_WhenCtorIsCalled" computerName="DKSR-EFI-04" duration="00:00:00.0404063" startTime="2023-12-22T09:38:37.7656739+01:00" endTime="2023-12-22T09:38:37.8091483+01:00" testType="13cdc9d9-ddb5-4fa4-a97d-d965ccfc6d4b" outcome="Passed" testListId="8c84fa94-04c1-424b-9868-57a2d4851a1d" relativeResultsDirectory="d2e99dcf-40a7-4b93-b9d9-9ed1cd080dd6" />
    <UnitTestResult executionId="6498c8ac-be6d-4111-ba97-65c3d594b66f" testId="fbe353e8-c445-3d4e-0596-dbc13a8e8e1e" testName="GetMapLayerArguments_ShouldReturnIGisMapModelAndAlarmsObservables_WhenCalled" computerName="DKSR-EFI-04" duration="00:00:00.0006482" startTime="2023-12-22T09:39:29.0168559+01:00" endTime="2023-12-22T09:39:29.0176360+01:00" testType="13cdc9d9-ddb5-4fa4-a97d-d965ccfc6d4b" outcome="Passed" testListId="8c84fa94-04c1-424b-9868-57a2d4851a1d" relativeResultsDirectory="6498c8ac-be6d-4111-ba97-65c3d594b66f" />
    <UnitTestResult executionId="44b904e1-d100-41ec-beb3-8e18411af03a" testId="c383fd61-e302-4310-1a46-101c91056cfd" testName="When password 1 is invalid, password 2 is valid" computerName="DKSR-EFI-04" duration="00:00:00.0002279" startTime="2023-12-22T09:38:40.9755492+01:00" endTime="2023-12-22T09:38:40.9759807+01:00" testType="13cdc9d9-ddb5-4fa4-a97d-d965ccfc6d4b" outcome="Passed" testListId="8c84fa94-04c1-424b-9868-57a2d4851a1d" relativeResultsDirectory="44b904e1-d100-41ec-beb3-8e18411af03a" />
    <UnitTestResult executionId="316273b7-165f-47c4-b917-83d4cf95073c" testId="ffa5f9ad-66df-b9a8-3ecf-eff774a0ebee" testName="BoundingBoxErrorOccurred" computerName="DKSR-EFI-04" duration="00:00:00.0023880" startTime="2023-12-22T09:39:34.8565812+01:00" endTime="2023-12-22T09:39:34.8591129+01:00" testType="13cdc9d9-ddb5-4fa4-a97d-d965ccfc6d4b" outcome="Passed" testListId="8c84fa94-04c1-424b-9868-57a2d4851a1d" relativeResultsDirectory="316273b7-165f-47c4-b917-83d4cf95073c" />
    <UnitTestResult executionId="0585ae52-6d18-44f3-81d5-b07d83001b3c" testId="5f08cd58-65ec-6481-8a3e-55fd6d8233b0" testName="Ctor_CentralizedSearchState_ViewModelUpdatedAccordingly" computerName="DKSR-EFI-04" duration="00:00:00.0101916" startTime="2023-12-22T09:39:12.7583775+01:00" endTime="2023-12-22T09:39:12.7687348+01:00" testType="13cdc9d9-ddb5-4fa4-a97d-d965ccfc6d4b" outcome="Passed" testListId="8c84fa94-04c1-424b-9868-57a2d4851a1d" relativeResultsDirectory="0585ae52-6d18-44f3-81d5-b07d83001b3c" />
    <UnitTestResult executionId="d37994e7-5c43-4d39-8024-94f10d6690c9" testId="94e0ce4f-cd23-de5e-8ee5-c8db45188d88" testName="SidePanelToggleButtonIsVisible_DependingOnConditions (FullScreen,False,False,False)" computerName="DKSR-EFI-04" duration="00:00:00.0170881" startTime="2023-12-22T09:39:33.0700122+01:00" endTime="2023-12-22T09:39:33.0873660+01:00" testType="13cdc9d9-ddb5-4fa4-a97d-d965ccfc6d4b" outcome="Passed" testListId="8c84fa94-04c1-424b-9868-57a2d4851a1d" relativeResultsDirectory="d37994e7-5c43-4d39-8024-94f10d6690c9" />
    <UnitTestResult executionId="6c27a932-7025-435e-8b3b-8e29042c9b18" testId="80cc67c7-792e-07c8-c20a-98cfccf11348" testName="UpdateAttributeValue_ValidAttributeAndCriteria_DisplayValueUpdated" computerName="DKSR-EFI-04" duration="00:00:00.0009855" startTime="2023-12-22T09:39:10.3110141+01:00" endTime="2023-12-22T09:39:10.3121355+01:00" testType="13cdc9d9-ddb5-4fa4-a97d-d965ccfc6d4b" outcome="Passed" testListId="8c84fa94-04c1-424b-9868-57a2d4851a1d" relativeResultsDirectory="6c27a932-7025-435e-8b3b-8e29042c9b18" />
    <UnitTestResult executionId="05f3a4d9-3799-4241-81ac-c1352ad5d3f1" testId="3127eee9-b24b-38fc-7372-b6a7a8378a18" testName="SearchResultsActionBarActions_CreateEvidenceLock_OptionAvailable_Enabled" computerName="DKSR-EFI-04" duration="00:00:00.0065927" startTime="2023-12-22T09:39:11.0141651+01:00" endTime="2023-12-22T09:39:11.0209262+01:00" testType="13cdc9d9-ddb5-4fa4-a97d-d965ccfc6d4b" outcome="Passed" testListId="8c84fa94-04c1-424b-9868-57a2d4851a1d" relativeResultsDirectory="05f3a4d9-3799-4241-81ac-c1352ad5d3f1" />
    <UnitTestResult executionId="b939cc25-464e-4b5b-a4e1-d8575c1d60e8" testId="75ab4f71-3b38-2c11-9aa3-99e6e265b21d" testName="Compare_Ascending_Success" computerName="DKSR-EFI-04" duration="00:00:00.0040177" startTime="2023-12-22T09:39:14.6250623+01:00" endTime="2023-12-22T09:39:14.6292265+01:00" testType="13cdc9d9-ddb5-4fa4-a97d-d965ccfc6d4b" outcome="Passed" testListId="8c84fa94-04c1-424b-9868-57a2d4851a1d" relativeResultsDirectory="b939cc25-464e-4b5b-a4e1-d8575c1d60e8" />
    <UnitTestResult executionId="83ec3202-2242-45f1-87c1-f6b9c96211b9" testId="94358fa8-5ab7-9379-cdbb-784e07581698" testName="Cameras_where_the_user_has_no_RetentionCreate_rights_can_be_still_re_added" computerName="DKSR-EFI-04" duration="00:00:00.0023395" startTime="2023-12-22T09:39:39.4522681+01:00" endTime="2023-12-22T09:39:39.4547336+01:00" testType="13cdc9d9-ddb5-4fa4-a97d-d965ccfc6d4b" outcome="Passed" testListId="8c84fa94-04c1-424b-9868-57a2d4851a1d" relativeResultsDirectory="83ec3202-2242-45f1-87c1-f6b9c96211b9" />
    <UnitTestResult executionId="02884d52-5ed0-4cfe-baa0-cb10b66a732a" testId="a890ab18-0d5c-e9a7-db4d-696ea60071f9" testName="IsServer_ShouldReturnTrue_WhenAllServersSelected" computerName="DKSR-EFI-04" duration="00:00:00.0014263" startTime="2023-12-22T09:39:35.0353309+01:00" endTime="2023-12-22T09:39:35.0369346+01:00" testType="13cdc9d9-ddb5-4fa4-a97d-d965ccfc6d4b" outcome="Passed" testListId="8c84fa94-04c1-424b-9868-57a2d4851a1d" relativeResultsDirectory="02884d52-5ed0-4cfe-baa0-cb10b66a732a" />
    <UnitTestResult executionId="c6db31b4-5310-4cf6-9889-ae8d23544929" testId="999506c9-e472-e23b-a3ad-3d977990564e" testName="SupportsRightClick_ShouldBeTrue_WhenInteractionStateIsNormal" computerName="DKSR-EFI-04" duration="00:00:00.0168193" startTime="2023-12-22T09:38:36.4846704+01:00" endTime="2023-12-22T09:38:36.5041347+01:00" testType="13cdc9d9-ddb5-4fa4-a97d-d965ccfc6d4b" outcome="Passed" testListId="8c84fa94-04c1-424b-9868-57a2d4851a1d" relativeResultsDirectory="c6db31b4-5310-4cf6-9889-ae8d23544929" />
    <UnitTestResult executionId="f37e4baa-bcdc-4d05-bb7f-5f4ac5918977" testId="1947d432-ac4e-8ff4-6a61-109d18cd0bdb" testName="ConvertToNewLevel_OneLevelDown_Success" computerName="DKSR-EFI-04" duration="00:00:00.0001814" startTime="2023-12-22T09:39:31.9733920+01:00" endTime="2023-12-22T09:39:31.9737070+01:00" testType="13cdc9d9-ddb5-4fa4-a97d-d965ccfc6d4b" outcome="Passed" testListId="8c84fa94-04c1-424b-9868-57a2d4851a1d" relativeResultsDirectory="f37e4baa-bcdc-4d05-bb7f-5f4ac5918977" />
    <UnitTestResult executionId="5acd75c4-5a7c-4325-8438-3eb271720736" testId="01b97152-1f28-3a19-acee-e24e8fccadd4" testName="Reactivated_Success" computerName="DKSR-EFI-04" duration="00:00:00.0037789" startTime="2023-12-22T09:38:41.2302925+01:00" endTime="2023-12-22T09:38:41.2341979+01:00" testType="13cdc9d9-ddb5-4fa4-a97d-d965ccfc6d4b" outcome="Passed" testListId="8c84fa94-04c1-424b-9868-57a2d4851a1d" relativeResultsDirectory="5acd75c4-5a7c-4325-8438-3eb271720736" />
    <UnitTestResult executionId="1d02ec6a-5440-48ea-a005-ca04a364d1e5" testId="62bfa639-11d3-81b7-beea-8fc58ddae302" testName="BuildState_SelectionWithSingleSearchDefinition_Success" computerName="DKSR-EFI-04" duration="00:00:00.0058389" startTime="2023-12-22T09:38:41.2068075+01:00" endTime="2023-12-22T09:38:41.2127899+01:00" testType="13cdc9d9-ddb5-4fa4-a97d-d965ccfc6d4b" outcome="Passed" testListId="8c84fa94-04c1-424b-9868-57a2d4851a1d" relativeResultsDirectory="1d02ec6a-5440-48ea-a005-ca04a364d1e5" />
    <UnitTestResult executionId="22654c54-e33a-4f60-b191-49ec10b1b10d" testId="0d8d7f88-cdb1-c8e3-59a9-3cff81206fb2" testName="UpdateMarkers_OnResize_Success" computerName="DKSR-EFI-04" duration="00:00:00.0273118" startTime="2023-12-22T09:39:01.3512531+01:00" endTime="2023-12-22T09:39:01.3814802+01:00" testType="13cdc9d9-ddb5-4fa4-a97d-d965ccfc6d4b" outcome="Passed" testListId="8c84fa94-04c1-424b-9868-57a2d4851a1d" relativeResultsDirectory="22654c54-e33a-4f60-b191-49ec10b1b10d" />
    <UnitTestResult executionId="72d83e7c-b857-4801-a0c9-c482dd113d1e" testId="41f04a9d-5df2-9e79-b05d-aaa6c4b08e60" testName="CreateNewGroup_NewUser" computerName="DKSR-EFI-04" duration="00:00:00.0023107" startTime="2023-12-22T09:38:32.3140166+01:00" endTime="2023-12-22T09:38:32.3164470+01:00" testType="13cdc9d9-ddb5-4fa4-a97d-d965ccfc6d4b" outcome="Passed" testListId="8c84fa94-04c1-424b-9868-57a2d4851a1d" relativeResultsDirectory="72d83e7c-b857-4801-a0c9-c482dd113d1e" />
    <UnitTestResult executionId="10a40b55-1f90-4beb-a555-72b2f1c02802" testId="96d03a8b-2bb7-344f-928f-f0c6a7f00e22" testName="UserName_ShouldThrow_InvalidOperationException_WhenConstructedUsingExternal" computerName="DKSR-EFI-04" duration="00:00:00.0005526" startTime="2023-12-22T09:38:32.3640700+01:00" endTime="2023-12-22T09:38:32.3648032+01:00" testType="13cdc9d9-ddb5-4fa4-a97d-d965ccfc6d4b" outcome="Passed" testListId="8c84fa94-04c1-424b-9868-57a2d4851a1d" relativeResultsDirectory="10a40b55-1f90-4beb-a555-72b2f1c02802" />
    <UnitTestResult executionId="da4a42a5-d32e-4a19-9730-02ce97633242" testId="113f0a6f-863e-d128-89b6-fd830e00edfd" testName="DoubleClickOnPreviewPlayer_ShouldNotOpenDetailsView_WhenFocusedItemIsNull" computerName="DKSR-EFI-04" duration="00:00:00.9636773" startTime="2023-12-22T09:38:56.1462214+01:00" endTime="2023-12-22T09:38:57.1128854+01:00" testType="13cdc9d9-ddb5-4fa4-a97d-d965ccfc6d4b" outcome="Passed" testListId="8c84fa94-04c1-424b-9868-57a2d4851a1d" relativeResultsDirectory="da4a42a5-d32e-4a19-9730-02ce97633242" />
    <UnitTestResult executionId="5d5f9c5b-abfb-45e6-bd08-6232a2ca7f5e" testId="02af0d15-e099-b0e6-50ad-6fe37219924b" testName="AddResults_NoPartialResults_Success" computerName="DKSR-EFI-04" duration="00:00:00.0019404" startTime="2023-12-22T09:39:14.5087428+01:00" endTime="2023-12-22T09:39:14.5108205+01:00" testType="13cdc9d9-ddb5-4fa4-a97d-d965ccfc6d4b" outcome="Passed" testListId="8c84fa94-04c1-424b-9868-57a2d4851a1d" relativeResultsDirectory="5d5f9c5b-abfb-45e6-bd08-6232a2ca7f5e" />
    <UnitTestResult executionId="ecbd73c7-f6db-4853-a590-c7f453b5a67c" testId="d5380333-0029-a673-b16f-5047c88c70d6" testName="OnIsVisiblePropertyChanged_ShouldDeactivateSoundOfAllUnmutedMicrophones_WhenHidingMicrophonesLayer" computerName="DKSR-EFI-04" duration="00:00:00.0138186" startTime="2023-12-22T09:39:29.2310760+01:00" endTime="2023-12-22T09:39:29.2474167+01:00" testType="13cdc9d9-ddb5-4fa4-a97d-d965ccfc6d4b" outcome="Passed" testListId="8c84fa94-04c1-424b-9868-57a2d4851a1d" relativeResultsDirectory="ecbd73c7-f6db-4853-a590-c7f453b5a67c" />
    <UnitTestResult executionId="efdc76c8-9804-44fb-8efd-fbd6001b6b29" testId="c2dd673d-ca57-2691-c104-7023a833ff11" testName="Ctor_CentralizedSearchStateWithSelectedSearchTemplate_ActiveSearchTemplateSet" computerName="DKSR-EFI-04" duration="00:00:00.0160171" startTime="2023-12-22T09:39:12.7775139+01:00" endTime="2023-12-22T09:39:12.7937043+01:00" testType="13cdc9d9-ddb5-4fa4-a97d-d965ccfc6d4b" outcome="Passed" testListId="8c84fa94-04c1-424b-9868-57a2d4851a1d" relativeResultsDirectory="efdc76c8-9804-44fb-8efd-fbd6001b6b29" />
    <UnitTestResult executionId="c3284dac-347f-4a45-b9d3-17a838e5908a" testId="bf43b520-f013-6f88-54e2-4da33d00fc9f" testName="PtzSessionController_Unregister_None_Registered_Camera_Test" computerName="DKSR-EFI-04" duration="00:00:00.0011706" startTime="2023-12-22T09:38:32.1591153+01:00" endTime="2023-12-22T09:38:32.1604060+01:00" testType="13cdc9d9-ddb5-4fa4-a97d-d965ccfc6d4b" outcome="Passed" testListId="8c84fa94-04c1-424b-9868-57a2d4851a1d" relativeResultsDirectory="c3284dac-347f-4a45-b9d3-17a838e5908a" />
    <UnitTestResult executionId="9811c502-bb4b-4781-9532-bc8726a6885e" testId="2b329938-e3b1-01ad-a60f-47df5d0a331f" testName="FocusedSearchResultChanged_CameraNotOnMap_NavigateToHomeAndShowWarning" computerName="DKSR-EFI-04" duration="00:00:00.0081287" startTime="2023-12-22T09:39:10.0472239+01:00" endTime="2023-12-22T09:39:10.0577815+01:00" testType="13cdc9d9-ddb5-4fa4-a97d-d965ccfc6d4b" outcome="Passed" testListId="8c84fa94-04c1-424b-9868-57a2d4851a1d" relativeResultsDirectory="9811c502-bb4b-4781-9532-bc8726a6885e" />
    <UnitTestResult executionId="34d8e65e-ebfe-4733-a31c-edaa85f56525" testId="5fe6e33e-4c74-05bc-98e6-058910f0ab96" testName="CameraMapItem_AddMapItemsAsync_ShouldSetCameraLayerVisible_IfNotVisibleWhenAddingCamera" computerName="DKSR-EFI-04" duration="00:00:00.0340707" startTime="2023-12-22T09:39:27.5270578+01:00" endTime="2023-12-22T09:39:27.5613244+01:00" testType="13cdc9d9-ddb5-4fa4-a97d-d965ccfc6d4b" outcome="Passed" testListId="8c84fa94-04c1-424b-9868-57a2d4851a1d" relativeResultsDirectory="34d8e65e-ebfe-4733-a31c-edaa85f56525" />
    <UnitTestResult executionId="a17780e4-c4b2-4d7b-bb45-83744887d1a1" testId="0f3901de-ced3-95a2-d7b7-1fb73bba7570" testName="SearchCriteriaOnChanged_ShouldUpdateSmartSearchFilterValue_WhenCameraScopeIsUpdated" computerName="DKSR-EFI-04" duration="00:00:00.0021541" startTime="2023-12-22T09:39:14.6037659+01:00" endTime="2023-12-22T09:39:14.6060646+01:00" testType="13cdc9d9-ddb5-4fa4-a97d-d965ccfc6d4b" outcome="Passed" testListId="8c84fa94-04c1-424b-9868-57a2d4851a1d" relativeResultsDirectory="a17780e4-c4b2-4d7b-bb45-83744887d1a1" />
    <UnitTestResult executionId="4fda25ad-a2e5-42de-8b28-4e5324bc0301" testId="c4726943-b1e4-7dec-138b-79d3b9940013" testName="BoundingBoxNewLiveData" computerName="DKSR-EFI-04" duration="00:00:00.0039785" startTime="2023-12-22T09:39:34.5962596+01:00" endTime="2023-12-22T09:39:34.6004057+01:00" testType="13cdc9d9-ddb5-4fa4-a97d-d965ccfc6d4b" outcome="Passed" testListId="8c84fa94-04c1-424b-9868-57a2d4851a1d" relativeResultsDirectory="4fda25ad-a2e5-42de-8b28-4e5324bc0301" />
    <UnitTestResult executionId="f46df576-467c-4a7f-a5b2-613d5b0d1ec8" testId="d4781dc2-7c6c-059d-3535-c27ddbecee56" testName="LoadBoundingShapes_RectangleShape_AddedToUIAndSizedCorrectly" computerName="DKSR-EFI-04" duration="00:00:00.0157368" startTime="2023-12-22T09:39:25.8978989+01:00" endTime="2023-12-22T09:39:25.9161972+01:00" testType="13cdc9d9-ddb5-4fa4-a97d-d965ccfc6d4b" outcome="Passed" testListId="8c84fa94-04c1-424b-9868-57a2d4851a1d" relativeResultsDirectory="f46df576-467c-4a7f-a5b2-613d5b0d1ec8" />
    <UnitTestResult executionId="917dd9c2-115b-404b-8952-64c9d56ca959" testId="f1b8d3af-7232-b482-4982-8c83d005f2cf" testName="CreateExportDialog_ProjectCommentOnlyVisible_WhenSmartClientFormatIsIncluded" computerName="DKSR-EFI-04" duration="00:00:00.0050121" startTime="2023-12-22T09:38:40.1599616+01:00" endTime="2023-12-22T09:38:40.1651177+01:00" testType="13cdc9d9-ddb5-4fa4-a97d-d965ccfc6d4b" outcome="Passed" testListId="8c84fa94-04c1-424b-9868-57a2d4851a1d" relativeResultsDirectory="917dd9c2-115b-404b-8952-64c9d56ca959" />
    <UnitTestResult executionId="c4bb2ed1-6244-47be-b66e-f28124fb1f1e" testId="18d974d6-a642-8807-34d7-9a9c256df013" testName="Loaded_NoActionBarPlugins_NoActionButtonsPresent" computerName="DKSR-EFI-04" duration="00:00:00.0355816" startTime="2023-12-22T09:38:42.4318200+01:00" endTime="2023-12-22T09:38:42.4700498+01:00" testType="13cdc9d9-ddb5-4fa4-a97d-d965ccfc6d4b" outcome="Passed" testListId="8c84fa94-04c1-424b-9868-57a2d4851a1d" relativeResultsDirectory="c4bb2ed1-6244-47be-b66e-f28124fb1f1e" />
    <UnitTestResult executionId="62f3c6f5-a7d9-4218-9c80-6465563935c5" testId="d267b36b-f7e7-25e9-6fde-c14a7c8d614c" testName="FilterValueHasRegionSelectionForCamera_ShouldReturnTrue_WhenFilterValueDoesHaveRegionSelectionForCamera" computerName="DKSR-EFI-04" duration="00:00:00.0004026" startTime="2023-12-22T09:39:26.2514206+01:00" endTime="2023-12-22T09:39:26.2519648+01:00" testType="13cdc9d9-ddb5-4fa4-a97d-d965ccfc6d4b" outcome="Passed" testListId="8c84fa94-04c1-424b-9868-57a2d4851a1d" relativeResultsDirectory="62f3c6f5-a7d9-4218-9c80-6465563935c5" />
    <UnitTestResult executionId="907fedd6-f2db-43f3-a11d-bcfbdd1bff9c" testId="540a3b23-7cf4-4873-bac2-ebb7a9a2a9f2" testName="ActiveInteractionStateBinding_ShouldOnlyContainNormalAndNewDevice_WhenCtorIsCalled" computerName="DKSR-EFI-04" duration="00:00:00.0374784" startTime="2023-12-22T09:38:38.1363452+01:00" endTime="2023-12-22T09:38:38.1766048+01:00" testType="13cdc9d9-ddb5-4fa4-a97d-d965ccfc6d4b" outcome="Passed" testListId="8c84fa94-04c1-424b-9868-57a2d4851a1d" relativeResultsDirectory="907fedd6-f2db-43f3-a11d-bcfbdd1bff9c" />
    <UnitTestResult executionId="ac6ecc6f-4afd-4a76-ac1b-9a8d45b5c8ad" testId="84b3e980-bdbe-5014-755b-538d50035c46" testName="ToDenormalizedDirection_0_75" computerName="DKSR-EFI-04" duration="00:00:00.0000841" startTime="2023-12-22T09:39:26.7950895+01:00" endTime="2023-12-22T09:39:26.7952969+01:00" testType="13cdc9d9-ddb5-4fa4-a97d-d965ccfc6d4b" outcome="Passed" testListId="8c84fa94-04c1-424b-9868-57a2d4851a1d" relativeResultsDirectory="ac6ecc6f-4afd-4a76-ac1b-9a8d45b5c8ad" />
    <UnitTestResult executionId="b92e16ef-4741-4ea4-8622-2b0c8febaaaf" testId="ff572efe-33da-3147-c10c-1641937b78fe" testName="TestHasCapapability_DoesNotHave_Success" computerName="DKSR-EFI-04" duration="00:00:00.0001198" startTime="2023-12-22T09:39:31.4712802+01:00" endTime="2023-12-22T09:39:31.4715174+01:00" testType="13cdc9d9-ddb5-4fa4-a97d-d965ccfc6d4b" outcome="Passed" testListId="8c84fa94-04c1-424b-9868-57a2d4851a1d" relativeResultsDirectory="b92e16ef-4741-4ea4-8622-2b0c8febaaaf" />
    <UnitTestResult executionId="37d399d3-f5d3-4b2b-a697-487c75bbd65e" testId="0edc3f32-14dd-b812-075b-a9e435bcc1ca" testName="Ctor_NullPassedToNotNullParameters_Failure" computerName="DKSR-EFI-04" duration="00:00:00.0789131" startTime="2023-12-22T09:39:13.9770830+01:00" endTime="2023-12-22T09:39:14.0564483+01:00" testType="13cdc9d9-ddb5-4fa4-a97d-d965ccfc6d4b" outcome="Passed" testListId="8c84fa94-04c1-424b-9868-57a2d4851a1d" relativeResultsDirectory="37d399d3-f5d3-4b2b-a697-487c75bbd65e" />
    <UnitTestResult executionId="8ef84e78-9d36-4ac6-b68f-de9f561c75d9" testId="06671719-51c0-06b8-b1b7-8927e1da93cb" testName="SupportsRightClick_ShouldBeFalse_WhenInteractionStateIsNotNormal" computerName="DKSR-EFI-04" duration="00:00:00.0319301" startTime="2023-12-22T09:38:37.3525965+01:00" endTime="2023-12-22T09:38:37.3872225+01:00" testType="13cdc9d9-ddb5-4fa4-a97d-d965ccfc6d4b" outcome="Passed" testListId="8c84fa94-04c1-424b-9868-57a2d4851a1d" relativeResultsDirectory="8ef84e78-9d36-4ac6-b68f-de9f561c75d9" />
    <UnitTestResult executionId="de810f10-9113-42fb-a4f3-8fcffb9c620a" testId="d59c7867-81fa-72b0-e0e7-f75e74dd41dd" testName="Convert_ShouldReturnFalse_WhenValueIsNull" computerName="DKSR-EFI-04" duration="00:00:00.0065881" startTime="2023-12-22T09:38:33.3368256+01:00" endTime="2023-12-22T09:38:33.3436886+01:00" testType="13cdc9d9-ddb5-4fa4-a97d-d965ccfc6d4b" outcome="Passed" testListId="8c84fa94-04c1-424b-9868-57a2d4851a1d" relativeResultsDirectory="de810f10-9113-42fb-a4f3-8fcffb9c620a" />
    <UnitTestResult executionId="aede5877-b728-4766-9b4f-250c9c313234" testId="a5317ab4-d180-d0ab-5f5b-a18f8fb41f6e" testName="TestConstructor_Success" computerName="DKSR-EFI-04" duration="00:00:00.0001626" startTime="2023-12-22T09:39:31.4673015+01:00" endTime="2023-12-22T09:39:31.4676920+01:00" testType="13cdc9d9-ddb5-4fa4-a97d-d965ccfc6d4b" outcome="Passed" testListId="8c84fa94-04c1-424b-9868-57a2d4851a1d" relativeResultsDirectory="aede5877-b728-4766-9b4f-250c9c313234" />
    <UnitTestResult executionId="a2726de3-c6ee-4829-a4ad-cc05e172c12e" testId="f5d9ddfe-7809-e6c0-f589-d7f4a1e2a8af" testName="Compare_SameTriggerTimeDeterministicBehavior_Id_Success" computerName="DKSR-EFI-04" duration="00:00:00.0008977" startTime="2023-12-22T09:39:14.6658926+01:00" endTime="2023-12-22T09:39:14.6669721+01:00" testType="13cdc9d9-ddb5-4fa4-a97d-d965ccfc6d4b" outcome="Passed" testListId="8c84fa94-04c1-424b-9868-57a2d4851a1d" relativeResultsDirectory="a2726de3-c6ee-4829-a4ad-cc05e172c12e" />
    <UnitTestResult executionId="2d757e22-a9af-453b-916b-a1245b741072" testId="633b1573-6042-ec26-9f10-dd2e2dcea040" testName="ScrollIntoView_Sync_DefinitionViewInViewPort_NotScrolled" computerName="DKSR-EFI-04" duration="00:00:00.0455849" startTime="2023-12-22T09:38:41.7525012+01:00" endTime="2023-12-22T09:38:41.8006192+01:00" testType="13cdc9d9-ddb5-4fa4-a97d-d965ccfc6d4b" outcome="Passed" testListId="8c84fa94-04c1-424b-9868-57a2d4851a1d" relativeResultsDirectory="2d757e22-a9af-453b-916b-a1245b741072" />
    <UnitTestResult executionId="46abcf6a-f412-4c4a-8b8b-3403ba40b092" testId="a159b604-532f-6996-d93d-757652430688" testName="PatrollingStepListViewModel_AddStepExecute_NoPreset" computerName="DKSR-EFI-04" duration="00:00:00.0012331" startTime="2023-12-22T09:39:32.2379130+01:00" endTime="2023-12-22T09:39:32.2392726+01:00" testType="13cdc9d9-ddb5-4fa4-a97d-d965ccfc6d4b" outcome="Passed" testListId="8c84fa94-04c1-424b-9868-57a2d4851a1d" relativeResultsDirectory="46abcf6a-f412-4c4a-8b8b-3403ba40b092" />
    <UnitTestResult executionId="69617d3c-5d5a-47f9-a307-b2233b9b9b42" testId="84735ce6-0802-6c3e-660b-0ce9dcdbafe2" testName="Connect_WhenUriIsNull_ShouldThrowException" computerName="DKSR-EFI-04" duration="00:00:00.0003690" startTime="2023-12-22T09:38:29.7787331+01:00" endTime="2023-12-22T09:38:29.7792491+01:00" testType="13cdc9d9-ddb5-4fa4-a97d-d965ccfc6d4b" outcome="Passed" testListId="8c84fa94-04c1-424b-9868-57a2d4851a1d" relativeResultsDirectory="69617d3c-5d5a-47f9-a307-b2233b9b9b42" />
    <UnitTestResult executionId="7d00a418-26d4-47e5-b623-6569ad8598d5" testId="0fea2cc1-51cc-e0fa-152a-f6a58ad22a37" testName="DeviceIcons_ShouldHaveSevenElements_WhenCalled" computerName="DKSR-EFI-04" duration="00:00:00.0001427" startTime="2023-12-22T09:39:29.0434251+01:00" endTime="2023-12-22T09:39:29.0436917+01:00" testType="13cdc9d9-ddb5-4fa4-a97d-d965ccfc6d4b" outcome="Passed" testListId="8c84fa94-04c1-424b-9868-57a2d4851a1d" relativeResultsDirectory="7d00a418-26d4-47e5-b623-6569ad8598d5" />
    <UnitTestResult executionId="7c9542e0-346a-4045-bba7-bf470f550ec7" testId="f47f6c44-9fa8-d010-756e-7b3d112428c4" testName="UpdateScope_FromTimeChangedWithNullScopeDuration_ReturnsTrue" computerName="DKSR-EFI-04" duration="00:00:00.0001731" startTime="2023-12-22T09:39:14.5378744+01:00" endTime="2023-12-22T09:39:14.5382284+01:00" testType="13cdc9d9-ddb5-4fa4-a97d-d965ccfc6d4b" outcome="Passed" testListId="8c84fa94-04c1-424b-9868-57a2d4851a1d" relativeResultsDirectory="7c9542e0-346a-4045-bba7-bf470f550ec7" />
    <UnitTestResult executionId="211feab1-eb75-44d3-8d95-7971926a0fda" testId="776120a9-8caa-dd82-0111-de02703fa844" testName="ImageMaskDto_ShouldYieldSameValues_WhenRoundTripConverted" computerName="DKSR-EFI-04" duration="00:00:00.0017800" startTime="2023-12-22T09:38:29.7116105+01:00" endTime="2023-12-22T09:38:29.7135309+01:00" testType="13cdc9d9-ddb5-4fa4-a97d-d965ccfc6d4b" outcome="Passed" testListId="8c84fa94-04c1-424b-9868-57a2d4851a1d" relativeResultsDirectory="211feab1-eb75-44d3-8d95-7971926a0fda" />
    <UnitTestResult executionId="8c6e1167-eaf5-4661-9fb3-fdb58576685b" testId="074ff88b-4399-26b0-d5af-74bb943b8f07" testName="FilterValueHasRegionSelectionForCamera_ShouldReturnFalse_WhenFilterValueDoesNotHaveRegionSelectionForCamera" computerName="DKSR-EFI-04" duration="00:00:00.0079798" startTime="2023-12-22T09:39:26.2647829+01:00" endTime="2023-12-22T09:39:26.2729035+01:00" testType="13cdc9d9-ddb5-4fa4-a97d-d965ccfc6d4b" outcome="Passed" testListId="8c84fa94-04c1-424b-9868-57a2d4851a1d" relativeResultsDirectory="8c6e1167-eaf5-4661-9fb3-fdb58576685b" />
    <UnitTestResult executionId="9e14c609-e4ee-4bee-818e-39983a203dd2" testId="07dba9c8-887e-44e6-63b8-7e227b9aaff8" testName="Ctor_NoBuiltInGroupsDefined_NoCompositeAgentsAdded" computerName="DKSR-EFI-04" duration="00:00:00.0022569" startTime="2023-12-22T09:39:25.6022332+01:00" endTime="2023-12-22T09:39:25.6046412+01:00" testType="13cdc9d9-ddb5-4fa4-a97d-d965ccfc6d4b" outcome="Passed" testListId="8c84fa94-04c1-424b-9868-57a2d4851a1d" relativeResultsDirectory="9e14c609-e4ee-4bee-818e-39983a203dd2" />
    <UnitTestResult executionId="b5143bf0-f0c9-4809-a47f-8b2e63a9fbbf" testId="4a1a2788-2d06-5b60-601c-3b966d1658c3" testName="Serialize_ScopeDurationOnly_Success" computerName="DKSR-EFI-04" duration="00:00:00.0006890" startTime="2023-12-22T09:39:14.6721188+01:00" endTime="2023-12-22T09:39:14.6729413+01:00" testType="13cdc9d9-ddb5-4fa4-a97d-d965ccfc6d4b" outcome="Passed" testListId="8c84fa94-04c1-424b-9868-57a2d4851a1d" relativeResultsDirectory="b5143bf0-f0c9-4809-a47f-8b2e63a9fbbf" />
    <UnitTestResult executionId="06bbda3e-37a1-467d-8f29-642a7e131a1a" testId="a181eeb7-1c31-8890-a7e0-69f2adb601a4" testName="GetClusters_ShouldMergeSimpleClustersToSuperCluster_WhenZoomingOut" computerName="DKSR-EFI-04" duration="00:00:00.0041043" startTime="2023-12-22T09:39:32.0638923+01:00" endTime="2023-12-22T09:39:32.0682488+01:00" testType="13cdc9d9-ddb5-4fa4-a97d-d965ccfc6d4b" outcome="Passed" testListId="8c84fa94-04c1-424b-9868-57a2d4851a1d" relativeResultsDirectory="06bbda3e-37a1-467d-8f29-642a7e131a1a" />
    <UnitTestResult executionId="703fa203-49b6-462a-ac93-cf2acbad7d50" testId="b788bde6-97e9-6ba8-c7c6-e8edebf2372e" testName="PatrollingProfileViewModelTest_SelectEndPosition" computerName="DKSR-EFI-04" duration="00:00:00.0019904" startTime="2023-12-22T09:39:32.1964080+01:00" endTime="2023-12-22T09:39:32.1985336+01:00" testType="13cdc9d9-ddb5-4fa4-a97d-d965ccfc6d4b" outcome="Passed" testListId="8c84fa94-04c1-424b-9868-57a2d4851a1d" relativeResultsDirectory="703fa203-49b6-462a-ac93-cf2acbad7d50" />
    <UnitTestResult executionId="13d6799c-f7ef-41af-9497-1d6575d063a3" testId="eaf31246-ac2a-9db5-b972-39aa2ca6d2e0" testName="AddToExportTuples_ShouldReturnCorrectResult (0,1,0)" computerName="DKSR-EFI-04" duration="00:00:00.0022040" startTime="2023-12-22T09:39:33.5719135+01:00" endTime="2023-12-22T09:39:33.5743372+01:00" testType="13cdc9d9-ddb5-4fa4-a97d-d965ccfc6d4b" outcome="Passed" testListId="8c84fa94-04c1-424b-9868-57a2d4851a1d" relativeResultsDirectory="13d6799c-f7ef-41af-9497-1d6575d063a3" />
    <UnitTestResult executionId="ae252dc6-9eff-464f-b2cc-6c36cbd23ee9" testId="010d6867-68dc-06fa-3b39-c2d7f5b85291" testName="PatrollingProfileViewModelTest_NameBeforeEdit" computerName="DKSR-EFI-04" duration="00:00:00.0018593" startTime="2023-12-22T09:39:32.1891450+01:00" endTime="2023-12-22T09:39:32.1911400+01:00" testType="13cdc9d9-ddb5-4fa4-a97d-d965ccfc6d4b" outcome="Passed" testListId="8c84fa94-04c1-424b-9868-57a2d4851a1d" relativeResultsDirectory="ae252dc6-9eff-464f-b2cc-6c36cbd23ee9" />
    <UnitTestResult executionId="db9bae44-a760-4758-a5f4-684c35d266f1" testId="e5973daf-eb52-605d-f256-024d8a961fe9" testName="Search_EmptyFilterValue_WarningTextNotApplied" computerName="DKSR-EFI-04" duration="00:00:00.0100587" startTime="2023-12-22T09:39:25.5852055+01:00" endTime="2023-12-22T09:39:25.5954232+01:00" testType="13cdc9d9-ddb5-4fa4-a97d-d965ccfc6d4b" outcome="Passed" testListId="8c84fa94-04c1-424b-9868-57a2d4851a1d" relativeResultsDirectory="db9bae44-a760-4758-a5f4-684c35d266f1" />
    <UnitTestResult executionId="78fc53f9-b5ef-402f-9223-b7083cde7e2d" testId="7f46d23c-5d7c-d0cd-6885-7066d3b47889" testName="GetLayerFeatures_ShouldReturnInputLayerFeatures_WhenMicrophoneKind" computerName="DKSR-EFI-04" duration="00:00:00.0032540" startTime="2023-12-22T09:39:31.3545046+01:00" endTime="2023-12-22T09:39:31.3578911+01:00" testType="13cdc9d9-ddb5-4fa4-a97d-d965ccfc6d4b" outcome="Passed" testListId="8c84fa94-04c1-424b-9868-57a2d4851a1d" relativeResultsDirectory="78fc53f9-b5ef-402f-9223-b7083cde7e2d" />
    <UnitTestResult executionId="e2dfe524-4931-4ce9-8ca5-e8379d429ca7" testId="c90acf43-beb9-9440-08e2-aeffc5687d1e" testName="DetermineUserAllowsUnsecureConnection_WhereUserIsAskedAndChoiceIsSaved_ShouldCallLoginManager" computerName="DKSR-EFI-04" duration="00:00:00.0124689" startTime="2023-12-22T09:38:30.4274750+01:00" endTime="2023-12-22T09:38:30.4407269+01:00" testType="13cdc9d9-ddb5-4fa4-a97d-d965ccfc6d4b" outcome="Passed" testListId="8c84fa94-04c1-424b-9868-57a2d4851a1d" relativeResultsDirectory="e2dfe524-4931-4ce9-8ca5-e8379d429ca7" />
    <UnitTestResult executionId="b42f1bb2-ee2c-460c-9d2b-90f63e35b347" testId="b9fc609a-8ca2-2be6-d0e9-1319545fa745" testName="PatrollingProfileListViewModel_Save_DeleteProfile_Failed" computerName="DKSR-EFI-04" duration="00:00:00.0027062" startTime="2023-12-22T09:39:32.1677223+01:00" endTime="2023-12-22T09:39:32.1705606+01:00" testType="13cdc9d9-ddb5-4fa4-a97d-d965ccfc6d4b" outcome="Passed" testListId="8c84fa94-04c1-424b-9868-57a2d4851a1d" relativeResultsDirectory="b42f1bb2-ee2c-460c-9d2b-90f63e35b347" />
    <UnitTestResult executionId="9fd6fb1a-7661-42e2-9e9e-f6342e2e1d99" testId="a7e344e1-2528-5469-f149-8c729b6a9d91" testName="SupportsRightClick_ShouldBeFalse_WhenInteractionStateIsNotNormal" computerName="DKSR-EFI-04" duration="00:00:00.0146162" startTime="2023-12-22T09:38:36.5047750+01:00" endTime="2023-12-22T09:38:36.5224275+01:00" testType="13cdc9d9-ddb5-4fa4-a97d-d965ccfc6d4b" outcome="Passed" testListId="8c84fa94-04c1-424b-9868-57a2d4851a1d" relativeResultsDirectory="9fd6fb1a-7661-42e2-9e9e-f6342e2e1d99" />
    <UnitTestResult executionId="7add2a60-3f18-449f-895a-7aacb81ae932" testId="4b7dc18b-d6d1-94cf-67c8-cfdd48ab9288" testName="Connect_WhenMajorServerVersionIsBelow3_ShouldNotStartAnySchClient" computerName="DKSR-EFI-04" duration="00:00:00.1163210" startTime="2023-12-22T09:38:29.7805473+01:00" endTime="2023-12-22T09:38:29.8970078+01:00" testType="13cdc9d9-ddb5-4fa4-a97d-d965ccfc6d4b" outcome="Passed" testListId="8c84fa94-04c1-424b-9868-57a2d4851a1d" relativeResultsDirectory="7add2a60-3f18-449f-895a-7aacb81ae932" />
    <UnitTestResult executionId="977feadc-8754-4c7d-b9d2-16ae2365b987" testId="3dd075ba-7c20-36ac-fd3e-ad2d99db0844" testName="TestSelectedWorkroom_GetSelectedWorkroomWithNoWorkroomsInCollection_FailWithInvalidOperationException" computerName="DKSR-EFI-04" duration="00:00:00.0011857" startTime="2023-12-22T09:38:31.9852968+01:00" endTime="2023-12-22T09:38:31.9866617+01:00" testType="13cdc9d9-ddb5-4fa4-a97d-d965ccfc6d4b" outcome="Passed" testListId="8c84fa94-04c1-424b-9868-57a2d4851a1d" relativeResultsDirectory="977feadc-8754-4c7d-b9d2-16ae2365b987" />
    <UnitTestResult executionId="1f82dd38-df7a-4dce-87e8-660ebce0f0db" testId="0fc44201-8e69-82b3-88da-4213b7a1319c" testName="Constructor_ShouldRaiseArgumentNullException_WhenGisMapModelIsNull" computerName="DKSR-EFI-04" duration="00:00:00.0053460" startTime="2023-12-22T09:38:39.7976555+01:00" endTime="2023-12-22T09:38:39.8032421+01:00" testType="13cdc9d9-ddb5-4fa4-a97d-d965ccfc6d4b" outcome="Passed" testListId="8c84fa94-04c1-424b-9868-57a2d4851a1d" relativeResultsDirectory="1f82dd38-df7a-4dce-87e8-660ebce0f0db" />
    <UnitTestResult executionId="46359bae-c3c9-4793-881d-d53fb578a5d7" testId="cecff56d-f2c2-5f4f-f26a-46e190ce7353" testName="Ctor_ValidParameters_ParametersSetCorrectly" computerName="DKSR-EFI-04" duration="00:00:00.0106840" startTime="2023-12-22T09:39:33.2786610+01:00" endTime="2023-12-22T09:39:33.2894868+01:00" testType="13cdc9d9-ddb5-4fa4-a97d-d965ccfc6d4b" outcome="Passed" testListId="8c84fa94-04c1-424b-9868-57a2d4851a1d" relativeResultsDirectory="46359bae-c3c9-4793-881d-d53fb578a5d7" />
    <UnitTestResult executionId="2d15bba2-7e9e-433c-b149-834ee935fc07" testId="aa6b509d-ef33-e576-b983-961276c69241" testName="SearchResultsActionBarActions_SendToFloatingWindow_InvokeCommand_Success" computerName="DKSR-EFI-04" duration="00:00:00.0157790" startTime="2023-12-22T09:39:10.8290899+01:00" endTime="2023-12-22T09:39:10.8450402+01:00" testType="13cdc9d9-ddb5-4fa4-a97d-d965ccfc6d4b" outcome="Passed" testListId="8c84fa94-04c1-424b-9868-57a2d4851a1d" relativeResultsDirectory="2d15bba2-7e9e-433c-b149-834ee935fc07" />
    <UnitTestResult executionId="9e51f9a1-b24c-4c0c-ae4c-be11c32942ac" testId="52708fc0-86f2-693c-d699-4f89eda92f77" testName="Toolbar_IsVisible_WhenNotInLiveOrPlayback_ReactsTo_WindowStateChange" computerName="DKSR-EFI-04" duration="00:00:00.0280353" startTime="2023-12-22T09:39:33.2064382+01:00" endTime="2023-12-22T09:39:33.2346781+01:00" testType="13cdc9d9-ddb5-4fa4-a97d-d965ccfc6d4b" outcome="Passed" testListId="8c84fa94-04c1-424b-9868-57a2d4851a1d" relativeResultsDirectory="9e51f9a1-b24c-4c0c-ae4c-be11c32942ac" />
    <UnitTestResult executionId="341b3124-5d6a-4032-835c-639d6142506d" testId="62a83c18-891b-449e-7f90-a5e43688fbf0" testName="TrySelectAvailableExportNameTest_ShouldNotDoInfiniteLoop_WhenValidateExportPathIsNotOk" computerName="DKSR-EFI-04" duration="00:00:00.0024837" startTime="2023-12-22T09:39:34.9364276+01:00" endTime="2023-12-22T09:39:34.9390446+01:00" testType="13cdc9d9-ddb5-4fa4-a97d-d965ccfc6d4b" outcome="Passed" testListId="8c84fa94-04c1-424b-9868-57a2d4851a1d" relativeResultsDirectory="341b3124-5d6a-4032-835c-639d6142506d" />
    <UnitTestResult executionId="487608ed-b545-45f0-a128-7bbecc01efbd" testId="a6f9c41f-5ed0-c96c-bb7f-fb5d30d812a5" testName="ComparingSameInstance" computerName="DKSR-EFI-04" duration="00:00:00.0013216" startTime="2023-12-22T09:39:33.2541848+01:00" endTime="2023-12-22T09:39:33.2558110+01:00" testType="13cdc9d9-ddb5-4fa4-a97d-d965ccfc6d4b" outcome="Passed" testListId="8c84fa94-04c1-424b-9868-57a2d4851a1d" relativeResultsDirectory="487608ed-b545-45f0-a128-7bbecc01efbd" />
    <UnitTestResult executionId="18228863-bf79-4aee-90dc-6accf7f0c034" testId="20b32a9d-1528-d876-b23d-11423094b46d" testName="Unrelated_devices_removed_when_unrelated_camera_with_related_devices_added" computerName="DKSR-EFI-04" duration="00:00:00.0018848" startTime="2023-12-22T09:39:39.4804496+01:00" endTime="2023-12-22T09:39:39.4824624+01:00" testType="13cdc9d9-ddb5-4fa4-a97d-d965ccfc6d4b" outcome="Passed" testListId="8c84fa94-04c1-424b-9868-57a2d4851a1d" relativeResultsDirectory="18228863-bf79-4aee-90dc-6accf7f0c034" />
    <UnitTestResult executionId="ab5eea77-26db-4cd3-bc8c-4a22f2fb777b" testId="00f0e371-214b-3362-fe49-cbc53292d7d9" testName="TryGetOsmServerTileAddress_ShouldReturnTrue_WhenOsmServerAddressIsValidUrl" computerName="DKSR-EFI-04" duration="00:00:00.0001589" startTime="2023-12-22T09:39:31.3459860+01:00" endTime="2023-12-22T09:39:31.3462858+01:00" testType="13cdc9d9-ddb5-4fa4-a97d-d965ccfc6d4b" outcome="Passed" testListId="8c84fa94-04c1-424b-9868-57a2d4851a1d" relativeResultsDirectory="ab5eea77-26db-4cd3-bc8c-4a22f2fb777b" />
    <UnitTestResult executionId="bccca2ab-65e0-4d6a-90f0-b59ced499595" testId="60b9be0e-76ba-0ec0-0f7c-3f59c1ff8d12" testName="AddItemGetClusters_Milestone_ItemIsInCluster" computerName="DKSR-EFI-04" duration="00:00:00.0445703" startTime="2023-12-22T09:39:31.7198880+01:00" endTime="2023-12-22T09:39:31.7646407+01:00" testType="13cdc9d9-ddb5-4fa4-a97d-d965ccfc6d4b" outcome="Passed" testListId="8c84fa94-04c1-424b-9868-57a2d4851a1d" relativeResultsDirectory="bccca2ab-65e0-4d6a-90f0-b59ced499595" />
    <UnitTestResult executionId="ec2a64f8-e377-41b1-b10b-9f67eabbfbf8" testId="ac3585d4-59ce-87ee-5312-f23049732097" testName="FilteredItems_FilterApplied_SubsetOfItemsVisible" computerName="DKSR-EFI-04" duration="00:00:00.0118375" startTime="2023-12-22T09:39:26.1089095+01:00" endTime="2023-12-22T09:39:26.1235340+01:00" testType="13cdc9d9-ddb5-4fa4-a97d-d965ccfc6d4b" outcome="Passed" testListId="8c84fa94-04c1-424b-9868-57a2d4851a1d" relativeResultsDirectory="ec2a64f8-e377-41b1-b10b-9f67eabbfbf8" />
    <UnitTestResult executionId="f06f6002-8663-4962-be8e-ccae485443df" testId="61db488c-fd57-8a4d-714e-e5d3bad8b45f" testName="ScrollIntoView_Synchronous_DefinitionViewBelowOutOfViewPort_Scrolled" computerName="DKSR-EFI-04" duration="00:00:00.3070691" startTime="2023-12-22T09:38:41.2966447+01:00" endTime="2023-12-22T09:38:41.6066442+01:00" testType="13cdc9d9-ddb5-4fa4-a97d-d965ccfc6d4b" outcome="Passed" testListId="8c84fa94-04c1-424b-9868-57a2d4851a1d" relativeResultsDirectory="f06f6002-8663-4962-be8e-ccae485443df" />
    <UnitTestResult executionId="d445102f-e805-401c-9e87-83cc301ee4b4" testId="450403dd-612e-6c5e-cdd7-e2b614d0687c" testName="ParseExceptionToTokenError_ShouldReturnTokenErrors_WhenExceptionIsKnown" computerName="DKSR-EFI-04" duration="00:00:00.0115292" startTime="2023-12-22T09:39:38.3477388+01:00" endTime="2023-12-22T09:39:38.3595716+01:00" testType="13cdc9d9-ddb5-4fa4-a97d-d965ccfc6d4b" outcome="Passed" testListId="8c84fa94-04c1-424b-9868-57a2d4851a1d" relativeResultsDirectory="d445102f-e805-401c-9e87-83cc301ee4b4" />
    <UnitTestResult executionId="8f899269-0472-447f-832f-ddcd722eb58c" testId="814ca95b-3749-a755-e5cd-7c6f8bffd2b6" testName="DeserializeBrokenState_Fail" computerName="DKSR-EFI-04" duration="00:00:00.0079367" startTime="2023-12-22T09:39:39.8392754+01:00" endTime="2023-12-22T09:39:39.8483587+01:00" testType="13cdc9d9-ddb5-4fa4-a97d-d965ccfc6d4b" outcome="Passed" testListId="8c84fa94-04c1-424b-9868-57a2d4851a1d" relativeResultsDirectory="8f899269-0472-447f-832f-ddcd722eb58c" />
    <UnitTestResult executionId="b16cc069-e70b-48e8-8a85-b5d0197bb07b" testId="709c7513-9237-87e3-38c3-aa85300198a4" testName="GetClusters_ShouldNotIncludeItemFromBuildingIntoSuperClusterOutsideBuilding_WhenBuildingIsRendered" computerName="DKSR-EFI-04" duration="00:00:00.0053457" startTime="2023-12-22T09:39:31.9463877+01:00" endTime="2023-12-22T09:39:31.9518772+01:00" testType="13cdc9d9-ddb5-4fa4-a97d-d965ccfc6d4b" outcome="Passed" testListId="8c84fa94-04c1-424b-9868-57a2d4851a1d" relativeResultsDirectory="b16cc069-e70b-48e8-8a85-b5d0197bb07b" />
    <UnitTestResult executionId="171434d4-1371-48b2-82d6-e7f6a6db5d4e" testId="b00294e4-8686-0263-7a25-105dca27e462" testName="HandleGetLayerFeatures_ShouldReturnOutputLayerFeatures_WhenOutputKind" computerName="DKSR-EFI-04" duration="00:00:00.0013736" startTime="2023-12-22T09:39:31.3030410+01:00" endTime="2023-12-22T09:39:31.3045673+01:00" testType="13cdc9d9-ddb5-4fa4-a97d-d965ccfc6d4b" outcome="Passed" testListId="8c84fa94-04c1-424b-9868-57a2d4851a1d" relativeResultsDirectory="171434d4-1371-48b2-82d6-e7f6a6db5d4e" />
    <UnitTestResult executionId="eee984a9-0f5f-4c34-b5f0-e7356d49d90d" testId="232f8949-7296-2b4c-d535-61493d92276d" testName="BuildContentOptions_ShouldReturnCorrectTimeSpan" computerName="DKSR-EFI-04" duration="00:00:00.0007231" startTime="2023-12-22T09:39:38.5269532+01:00" endTime="2023-12-22T09:39:38.5278063+01:00" testType="13cdc9d9-ddb5-4fa4-a97d-d965ccfc6d4b" outcome="Passed" testListId="8c84fa94-04c1-424b-9868-57a2d4851a1d" relativeResultsDirectory="eee984a9-0f5f-4c34-b5f0-e7356d49d90d" />
    <UnitTestResult executionId="1f06ceec-1162-48df-8757-a6a4065f5062" testId="2a7cf9dc-e9f0-7632-64c7-f92d98f50bd4" testName="CalculateNewExtent_ShouldScaleEvenly_WhenWithinMax" computerName="DKSR-EFI-04" duration="00:00:00.0001943" startTime="2023-12-22T09:38:38.8221643+01:00" endTime="2023-12-22T09:38:38.8224836+01:00" testType="13cdc9d9-ddb5-4fa4-a97d-d965ccfc6d4b" outcome="Passed" testListId="8c84fa94-04c1-424b-9868-57a2d4851a1d" relativeResultsDirectory="1f06ceec-1162-48df-8757-a6a4065f5062" />
    <UnitTestResult executionId="517debfd-6046-4bec-830e-d7d5311c6af8" testId="c852f0f2-cc0b-cd32-55ea-6f08f26c6103" testName="Instance_ShouldBeSingleton_WhenCalled" computerName="DKSR-EFI-04" duration="00:00:00.0002007" startTime="2023-12-22T09:39:29.0338174+01:00" endTime="2023-12-22T09:39:29.0342208+01:00" testType="13cdc9d9-ddb5-4fa4-a97d-d965ccfc6d4b" outcome="Passed" testListId="8c84fa94-04c1-424b-9868-57a2d4851a1d" relativeResultsDirectory="517debfd-6046-4bec-830e-d7d5311c6af8" />
    <UnitTestResult executionId="55ca67d7-17af-4a10-bc05-45f215904663" testId="284b6dde-d469-e7b6-918d-53acf8f9cd77" testName="IconResourceKey_ShouldBeValid_WhenInteractionStateIsAddOutput" computerName="DKSR-EFI-04" duration="00:00:00.0001552" startTime="2023-12-22T09:38:34.9189116+01:00" endTime="2023-12-22T09:38:34.9191809+01:00" testType="13cdc9d9-ddb5-4fa4-a97d-d965ccfc6d4b" outcome="Passed" testListId="8c84fa94-04c1-424b-9868-57a2d4851a1d" relativeResultsDirectory="55ca67d7-17af-4a10-bc05-45f215904663" />
    <UnitTestResult executionId="d22f4b21-f158-4957-b315-92734ceb794f" testId="174bdb8c-ca63-6d38-8008-0e1813915a8c" testName="TestForAssemblyCoverage" computerName="DKSR-EFI-04" duration="00:00:00.0409357" startTime="2023-12-22T09:38:32.4632026+01:00" endTime="2023-12-22T09:38:32.5043620+01:00" testType="13cdc9d9-ddb5-4fa4-a97d-d965ccfc6d4b" outcome="Passed" testListId="8c84fa94-04c1-424b-9868-57a2d4851a1d" relativeResultsDirectory="d22f4b21-f158-4957-b315-92734ceb794f" />
    <UnitTestResult executionId="68d0f36f-a83d-4228-9190-4935103db448" testId="ea1b5845-13e0-a3f9-5ed1-720958ca2d0a" testName="SetItemOutlines_ItemNull_Exception" computerName="DKSR-EFI-04" duration="00:00:00.0081981" startTime="2023-12-22T09:38:38.9188389+01:00" endTime="2023-12-22T09:38:38.9294079+01:00" testType="13cdc9d9-ddb5-4fa4-a97d-d965ccfc6d4b" outcome="Passed" testListId="8c84fa94-04c1-424b-9868-57a2d4851a1d" relativeResultsDirectory="68d0f36f-a83d-4228-9190-4935103db448" />
    <UnitTestResult executionId="1bad870d-c13c-4889-8b11-31401a492157" testId="6e25d482-aece-59bc-9c5e-d67985d22dcc" testName="TryAddInterval_ShouldReturnCorrectValue (False,False,PermissionDenied)" computerName="DKSR-EFI-04" duration="00:00:00.0016094" startTime="2023-12-22T09:39:33.4421613+01:00" endTime="2023-12-22T09:39:33.4439351+01:00" testType="13cdc9d9-ddb5-4fa4-a97d-d965ccfc6d4b" outcome="Passed" testListId="8c84fa94-04c1-424b-9868-57a2d4851a1d" relativeResultsDirectory="1bad870d-c13c-4889-8b11-31401a492157" />
    <UnitTestResult executionId="45de2b80-db4d-40c3-ac2e-113df98e005f" testId="b56ba348-15c5-c13d-2c63-319be0707c78" testName="TimeToStringConverter_ConvertBack_Fail" computerName="DKSR-EFI-04" duration="00:00:00.0008070" startTime="2023-12-22T09:38:59.0644325+01:00" endTime="2023-12-22T09:38:59.0654017+01:00" testType="13cdc9d9-ddb5-4fa4-a97d-d965ccfc6d4b" outcome="Passed" testListId="8c84fa94-04c1-424b-9868-57a2d4851a1d" relativeResultsDirectory="45de2b80-db4d-40c3-ac2e-113df98e005f" />
    <UnitTestResult executionId="d905502f-cadc-442b-a9d3-dda8265b7b43" testId="23557db4-cf2f-5c4a-81e2-b54970cb5a80" testName="LoadMapAsyncWithBuildings_Success" computerName="DKSR-EFI-04" duration="00:00:00.0500086" startTime="2023-12-22T09:39:28.5313998+01:00" endTime="2023-12-22T09:39:28.5818123+01:00" testType="13cdc9d9-ddb5-4fa4-a97d-d965ccfc6d4b" outcome="Passed" testListId="8c84fa94-04c1-424b-9868-57a2d4851a1d" relativeResultsDirectory="d905502f-cadc-442b-a9d3-dda8265b7b43" />
    <UnitTestResult executionId="8278ad69-6686-4e8b-afd5-badde4db4734" testId="6cf12226-4d60-3448-6119-955749ad1a56" testName="ClearSelectedCommand_ClearsTheSelectedResults" computerName="DKSR-EFI-04" duration="00:00:00.0101092" startTime="2023-12-22T09:39:10.5225430+01:00" endTime="2023-12-22T09:39:10.5328633+01:00" testType="13cdc9d9-ddb5-4fa4-a97d-d965ccfc6d4b" outcome="Passed" testListId="8c84fa94-04c1-424b-9868-57a2d4851a1d" relativeResultsDirectory="8278ad69-6686-4e8b-afd5-badde4db4734" />
    <UnitTestResult executionId="8b37a9d2-f32e-42ae-b151-ae640d46d868" testId="feb3bdce-3024-5a59-89ff-b1ebe27d119c" testName="SearchResultsActionBarActions_SelectedSearchResults_ExportActionEnabled" computerName="DKSR-EFI-04" duration="00:00:00.0065790" startTime="2023-12-22T09:39:10.5403142+01:00" endTime="2023-12-22T09:39:10.5470425+01:00" testType="13cdc9d9-ddb5-4fa4-a97d-d965ccfc6d4b" outcome="Passed" testListId="8c84fa94-04c1-424b-9868-57a2d4851a1d" relativeResultsDirectory="8b37a9d2-f32e-42ae-b151-ae640d46d868" />
    <UnitTestResult executionId="d2dc7512-3cbd-4e6e-aa56-9240cd2deba1" testId="f6638888-72f9-3abc-824d-07e5504a43a5" testName="IconResourceKey_ShouldBeValid_WhenInteractionStateIsAddMicrophone" computerName="DKSR-EFI-04" duration="00:00:00.0001996" startTime="2023-12-22T09:38:34.9512133+01:00" endTime="2023-12-22T09:38:34.9516148+01:00" testType="13cdc9d9-ddb5-4fa4-a97d-d965ccfc6d4b" outcome="Passed" testListId="8c84fa94-04c1-424b-9868-57a2d4851a1d" relativeResultsDirectory="d2dc7512-3cbd-4e6e-aa56-9240cd2deba1" />
    <UnitTestResult executionId="4e7d2aef-330a-4c90-b6b8-935842fb4a39" testId="8d8eee96-464d-c577-6270-884494a6a9b2" testName="SelectOptions_ShouldNotChangeSelectedComponent_WhenGivenComponentIsNull" computerName="DKSR-EFI-04" duration="00:00:00.0020965" startTime="2023-12-22T09:39:32.3750658+01:00" endTime="2023-12-22T09:39:32.3772952+01:00" testType="13cdc9d9-ddb5-4fa4-a97d-d965ccfc6d4b" outcome="Passed" testListId="8c84fa94-04c1-424b-9868-57a2d4851a1d" relativeResultsDirectory="4e7d2aef-330a-4c90-b6b8-935842fb4a39" />
    <UnitTestResult executionId="6b568d2e-b8c8-4191-987e-5fcfd4c949ad" testId="f8d3c854-1d0a-1d27-f1f9-7cfc35295620" testName="GridSizeTest" computerName="DKSR-EFI-04" duration="00:00:00.0117977" startTime="2023-12-22T09:39:36.4751596+01:00" endTime="2023-12-22T09:39:36.4871844+01:00" testType="13cdc9d9-ddb5-4fa4-a97d-d965ccfc6d4b" outcome="Passed" testListId="8c84fa94-04c1-424b-9868-57a2d4851a1d" relativeResultsDirectory="6b568d2e-b8c8-4191-987e-5fcfd4c949ad" />
    <UnitTestResult executionId="0a769f6f-b6ac-4cf8-9333-0515cdbc77ba" testId="aae708ca-94a3-f452-ba7c-adc8143fc2ae" testName="LeftButtonUpEvent_ShouldDeselectMapItems_WhenInteractionStateIsAddNewDeviceState" computerName="DKSR-EFI-04" duration="00:00:00.0234760" startTime="2023-12-22T09:38:35.0969807+01:00" endTime="2023-12-22T09:38:35.1234095+01:00" testType="13cdc9d9-ddb5-4fa4-a97d-d965ccfc6d4b" outcome="Passed" testListId="8c84fa94-04c1-424b-9868-57a2d4851a1d" relativeResultsDirectory="0a769f6f-b6ac-4cf8-9333-0515cdbc77ba">
      <Output>
        <StdOut>Debug Trace:&#xD;
 &gt;&gt;&gt; IsAddNewDeviceState: MapPoint: (long, lat, alt): 0, 0, 0, ScreenPoint: 0,0, scale: 0, extent: GisRectangle isEmpty:True ul[(long, lat, alt): 0, 0, 0]:lr[(long, lat, alt): 0, 0, 0], extentInMeters:</StdOut>
      </Output>
    </UnitTestResult>
    <UnitTestResult executionId="f16a2238-4aee-4421-ab4e-7284b12ee17b" testId="126ce091-c6ba-ecff-2f2d-3c69aa56bf21" testName="Deserialize_FilterIdInvalid_Error" computerName="DKSR-EFI-04" duration="00:00:00.0012584" startTime="2023-12-22T09:39:14.7115072+01:00" endTime="2023-12-22T09:39:14.7129388+01:00" testType="13cdc9d9-ddb5-4fa4-a97d-d965ccfc6d4b" outcome="Passed" testListId="8c84fa94-04c1-424b-9868-57a2d4851a1d" relativeResultsDirectory="f16a2238-4aee-4421-ab4e-7284b12ee17b" />
    <UnitTestResult executionId="0aa75e4c-c2e3-4b15-9ea5-8c610f5f7cf7" testId="9f2f58ff-e9c2-3880-dcf4-b319d054c9c6" testName="ObjectToEnabledConverter_Convert_Null" computerName="DKSR-EFI-04" duration="00:00:00.0001374" startTime="2023-12-22T09:39:32.2967421+01:00" endTime="2023-12-22T09:39:32.2970044+01:00" testType="13cdc9d9-ddb5-4fa4-a97d-d965ccfc6d4b" outcome="Passed" testListId="8c84fa94-04c1-424b-9868-57a2d4851a1d" relativeResultsDirectory="0aa75e4c-c2e3-4b15-9ea5-8c610f5f7cf7" />
    <UnitTestResult executionId="8d83b57e-1982-4c43-b6d6-f0b4a0cb52cc" testId="79dc6ade-1fb5-e53a-3895-120821ee0ad1" testName="Combine_ShouldPassAllHardcodedEdgeCaseTests" computerName="DKSR-EFI-04" duration="00:00:00.0908213" startTime="2023-12-22T09:39:25.3025365+01:00" endTime="2023-12-22T09:39:25.3935581+01:00" testType="13cdc9d9-ddb5-4fa4-a97d-d965ccfc6d4b" outcome="Passed" testListId="8c84fa94-04c1-424b-9868-57a2d4851a1d" relativeResultsDirectory="8d83b57e-1982-4c43-b6d6-f0b4a0cb52cc">
      <Output>
        <StdOut>Debug Trace:&#xD;
&#xD;
&#xD;
************* TEST RESULTS *************&#xD;
Total tests: 224&#xD;
Passed tests: 224&#xD;
Failed tests: 0</StdOut>
      </Output>
    </UnitTestResult>
    <UnitTestResult executionId="7ecdb224-9f64-486f-8224-53d12ba3a446" testId="b2858415-8d80-7600-7fe5-6b1b7d183235" testName="Create_Success" computerName="DKSR-EFI-04" duration="00:00:00.0684358" startTime="2023-12-22T09:38:38.4549713+01:00" endTime="2023-12-22T09:38:38.5260609+01:00" testType="13cdc9d9-ddb5-4fa4-a97d-d965ccfc6d4b" outcome="Passed" testListId="8c84fa94-04c1-424b-9868-57a2d4851a1d" relativeResultsDirectory="7ecdb224-9f64-486f-8224-53d12ba3a446" />
    <UnitTestResult executionId="cf8ca13f-662b-47d7-b14f-7148d2d1a9c8" testId="626588a6-8954-1a80-be96-bc32494f9793" testName="SearchResultCombineType_ShouldNotSetSearchTemplateAsModified_WhenValueChangesAndSearchTemplateIsNotActive" computerName="DKSR-EFI-04" duration="00:00:00.0055937" startTime="2023-12-22T09:39:13.2086610+01:00" endTime="2023-12-22T09:39:13.2143992+01:00" testType="13cdc9d9-ddb5-4fa4-a97d-d965ccfc6d4b" outcome="Passed" testListId="8c84fa94-04c1-424b-9868-57a2d4851a1d" relativeResultsDirectory="cf8ca13f-662b-47d7-b14f-7148d2d1a9c8" />
    <UnitTestResult executionId="a281cd3a-50de-407f-9ab1-ae22955d23cf" testId="cb9d51a2-5e3a-42d0-6e0f-8acb24bb5634" testName="True" computerName="DKSR-EFI-04" duration="00:00:00.0013754" startTime="2023-12-22T09:39:33.9008795+01:00" endTime="2023-12-22T09:39:33.9045656+01:00" testType="13cdc9d9-ddb5-4fa4-a97d-d965ccfc6d4b" outcome="Passed" testListId="8c84fa94-04c1-424b-9868-57a2d4851a1d" relativeResultsDirectory="a281cd3a-50de-407f-9ab1-ae22955d23cf" />
    <UnitTestResult executionId="2c7b9113-7393-4e29-b67f-b4b6669790ab" testId="fd527641-542a-2899-2dcd-c9ca191cdf52" testName="GetUnmutedMicrophoneIconId_ShouldRaiseArgumentException_WhenArgumentIsNotAMutedMicrophoneIconId" computerName="DKSR-EFI-04" duration="00:00:00.0003019" startTime="2023-12-22T09:39:29.0750709+01:00" endTime="2023-12-22T09:39:29.0755282+01:00" testType="13cdc9d9-ddb5-4fa4-a97d-d965ccfc6d4b" outcome="Passed" testListId="8c84fa94-04c1-424b-9868-57a2d4851a1d" relativeResultsDirectory="2c7b9113-7393-4e29-b67f-b4b6669790ab" />
    <UnitTestResult executionId="0c11c0eb-ff20-4cd2-941b-6fb5d65a3b64" testId="c0b0990b-db80-5ada-cdd8-224bb5ed398a" testName="BoundingBoxPlaybackNoLiveHandler" computerName="DKSR-EFI-04" duration="00:00:00.0022256" startTime="2023-12-22T09:39:34.8668051+01:00" endTime="2023-12-22T09:39:34.8692262+01:00" testType="13cdc9d9-ddb5-4fa4-a97d-d965ccfc6d4b" outcome="Passed" testListId="8c84fa94-04c1-424b-9868-57a2d4851a1d" relativeResultsDirectory="0c11c0eb-ff20-4cd2-941b-6fb5d65a3b64" />
    <UnitTestResult executionId="711b5f59-fce2-4ca8-94e6-388538479a70" testId="3dd17c2d-4aaa-fdf7-41d3-a00ff3aff086" testName="Constructor_ShouldRaiseArgumentNullException_WhenNextDeviceDataHandlerIsNull" computerName="DKSR-EFI-04" duration="00:00:00.0050549" startTime="2023-12-22T09:38:39.6141203+01:00" endTime="2023-12-22T09:38:39.6193373+01:00" testType="13cdc9d9-ddb5-4fa4-a97d-d965ccfc6d4b" outcome="Passed" testListId="8c84fa94-04c1-424b-9868-57a2d4851a1d" relativeResultsDirectory="711b5f59-fce2-4ca8-94e6-388538479a70" />
    <UnitTestResult executionId="582905ba-cd0f-4631-9f0a-828763fee293" testId="3355c355-6b0a-3812-de70-8d7a8a005906" testName="TestWriteXml" computerName="DKSR-EFI-04" duration="00:00:00.0005194" startTime="2023-12-22T09:39:34.3025531+01:00" endTime="2023-12-22T09:39:34.3031988+01:00" testType="13cdc9d9-ddb5-4fa4-a97d-d965ccfc6d4b" outcome="Passed" testListId="8c84fa94-04c1-424b-9868-57a2d4851a1d" relativeResultsDirectory="582905ba-cd0f-4631-9f0a-828763fee293" />
    <UnitTestResult executionId="2f8ffe31-9098-4227-9bb4-01c644d94c5a" testId="7540b45d-6ef8-10a5-03bf-82e202908376" testName="BoundingBoxPlaybackNoPlaybackHandler" computerName="DKSR-EFI-04" duration="00:00:00.0016455" startTime="2023-12-22T09:39:34.8643472+01:00" endTime="2023-12-22T09:39:34.8661353+01:00" testType="13cdc9d9-ddb5-4fa4-a97d-d965ccfc6d4b" outcome="Passed" testListId="8c84fa94-04c1-424b-9868-57a2d4851a1d" relativeResultsDirectory="2f8ffe31-9098-4227-9bb4-01c644d94c5a" />
    <UnitTestResult executionId="c3d2f784-7491-4953-94d8-85a698254b38" testId="da72df1e-3911-6673-65ef-dc8a157dd1ea" testName="SelectTemplate_NullItem_ReturnsPopupTemplate" computerName="DKSR-EFI-04" duration="00:00:00.0342321" startTime="2023-12-22T09:38:41.2346127+01:00" endTime="2023-12-22T09:38:41.2691247+01:00" testType="13cdc9d9-ddb5-4fa4-a97d-d965ccfc6d4b" outcome="Passed" testListId="8c84fa94-04c1-424b-9868-57a2d4851a1d" relativeResultsDirectory="c3d2f784-7491-4953-94d8-85a698254b38" />
    <UnitTestResult executionId="4a699997-f235-4104-9c09-7a2a13880607" testId="e0397ba9-9217-2c04-c95a-ff9b50a208f5" testName="GetSnapshots_UnknownErrorWhileRetrievingImage_Failure" computerName="DKSR-EFI-04" duration="00:00:00.0021298" startTime="2023-12-22T09:39:13.7284075+01:00" endTime="2023-12-22T09:39:13.7306836+01:00" testType="13cdc9d9-ddb5-4fa4-a97d-d965ccfc6d4b" outcome="Passed" testListId="8c84fa94-04c1-424b-9868-57a2d4851a1d" relativeResultsDirectory="4a699997-f235-4104-9c09-7a2a13880607" />
    <UnitTestResult executionId="e0103ab8-68a6-4426-b025-3f7fad2988c3" testId="3396378a-9ca0-08c0-5632-b84c1a5adbad" testName="RemoveWorkroom_ShouldChangeSelectionToPreviousWorkroom_WhenSelectedWorkroomIsRemovedAndThereIsNoNextWorkroom" computerName="DKSR-EFI-04" duration="00:00:00.0073608" startTime="2023-12-22T09:39:38.4275525+01:00" endTime="2023-12-22T09:39:38.4350751+01:00" testType="13cdc9d9-ddb5-4fa4-a97d-d965ccfc6d4b" outcome="Passed" testListId="8c84fa94-04c1-424b-9868-57a2d4851a1d" relativeResultsDirectory="e0103ab8-68a6-4426-b025-3f7fad2988c3" />
    <UnitTestResult executionId="f75087df-47c4-411b-919f-d358b0bb8ab6" testId="103905f4-9b3f-baa3-099f-93a0f91d8394" testName="SetFeatures_CameraMapItemsLayer_Success" computerName="DKSR-EFI-04" duration="00:00:00.0357433" startTime="2023-12-22T09:39:28.3969843+01:00" endTime="2023-12-22T09:39:28.4329675+01:00" testType="13cdc9d9-ddb5-4fa4-a97d-d965ccfc6d4b" outcome="Passed" testListId="8c84fa94-04c1-424b-9868-57a2d4851a1d" relativeResultsDirectory="f75087df-47c4-411b-919f-d358b0bb8ab6" />
    <UnitTestResult executionId="f3e8c57e-cb26-4965-9bef-9398cc5285ac" testId="ac0bff77-e4ee-0120-d789-0cc06032e8d1" testName="CanMoreRegionsBeAdded_ShouldReturnFalse_WhenMaximumRegionsAllowedIsReached" computerName="DKSR-EFI-04" duration="00:00:00.0011271" startTime="2023-12-22T09:39:26.2554720+01:00" endTime="2023-12-22T09:39:26.2567422+01:00" testType="13cdc9d9-ddb5-4fa4-a97d-d965ccfc6d4b" outcome="Passed" testListId="8c84fa94-04c1-424b-9868-57a2d4851a1d" relativeResultsDirectory="f3e8c57e-cb26-4965-9bef-9398cc5285ac" />
    <UnitTestResult executionId="1e4403f1-fd8d-4c58-b9eb-401e78dd7864" testId="2c6723b1-fdb4-937b-160d-3f3a2b624a13" testName="Valid password bigger length" computerName="DKSR-EFI-04" duration="00:00:00.0001365" startTime="2023-12-22T09:38:40.9704901+01:00" endTime="2023-12-22T09:38:40.9707494+01:00" testType="13cdc9d9-ddb5-4fa4-a97d-d965ccfc6d4b" outcome="Passed" testListId="8c84fa94-04c1-424b-9868-57a2d4851a1d" relativeResultsDirectory="1e4403f1-fd8d-4c58-b9eb-401e78dd7864" />
    <UnitTestResult executionId="4a8769c6-d844-49dc-b2c1-341ba653539b" testId="df32f1cb-82fe-5f6f-2fce-2d11c090b877" testName="TryGetOsmServerTileAddress_ShouldSetEmptyAddress_WhenOsmServerAddressIsNull" computerName="DKSR-EFI-04" duration="00:00:00.0004286" startTime="2023-12-22T09:39:31.3386830+01:00" endTime="2023-12-22T09:39:31.3392459+01:00" testType="13cdc9d9-ddb5-4fa4-a97d-d965ccfc6d4b" outcome="Passed" testListId="8c84fa94-04c1-424b-9868-57a2d4851a1d" relativeResultsDirectory="4a8769c6-d844-49dc-b2c1-341ba653539b" />
    <UnitTestResult executionId="60296b80-efba-4195-89fb-96169479c8ed" testId="b5ee2c9c-1f7c-6f06-e4ae-c68c87fb3f67" testName="DeleteBookmarksAsync_DeleteBookmark_ServerError_ErrorRaised" computerName="DKSR-EFI-04" duration="00:00:00.0031331" startTime="2023-12-22T09:39:10.3053089+01:00" endTime="2023-12-22T09:39:10.3085817+01:00" testType="13cdc9d9-ddb5-4fa4-a97d-d965ccfc6d4b" outcome="Passed" testListId="8c84fa94-04c1-424b-9868-57a2d4851a1d" relativeResultsDirectory="60296b80-efba-4195-89fb-96169479c8ed" />
    <UnitTestResult executionId="73b98274-1c9e-4bad-bfdb-7a1e68f08c25" testId="4190041e-4d7b-4cda-212b-4ae0c9029e36" testName="GetGisMapLayerFlyoutName_ShouldReturnMilestoneGisMapServiceName_WhenGeographicLayerIsAvailableAndAlternativeServerIsEmpty" computerName="DKSR-EFI-04" duration="00:00:00.0013909" startTime="2023-12-22T09:39:31.3182961+01:00" endTime="2023-12-22T09:39:31.3198283+01:00" testType="13cdc9d9-ddb5-4fa4-a97d-d965ccfc6d4b" outcome="Passed" testListId="8c84fa94-04c1-424b-9868-57a2d4851a1d" relativeResultsDirectory="73b98274-1c9e-4bad-bfdb-7a1e68f08c25" />
    <UnitTestResult executionId="1e9617d1-6d5c-4135-945b-e247a5a6c238" testId="9dcaedba-c848-3b00-d622-5c7b863dca11" testName="GetSLC_ShouldReturnCorrectSLC" computerName="DKSR-EFI-04" duration="00:00:00.0008437" startTime="2023-12-22T09:39:38.4936188+01:00" endTime="2023-12-22T09:39:38.4945932+01:00" testType="13cdc9d9-ddb5-4fa4-a97d-d965ccfc6d4b" outcome="Passed" testListId="8c84fa94-04c1-424b-9868-57a2d4851a1d" relativeResultsDirectory="1e9617d1-6d5c-4135-945b-e247a5a6c238" />
    <UnitTestResult executionId="e0d7abed-4da5-48b7-84cc-36c707c55cb9" testId="8029d216-4010-3441-1bae-329046b8b3a9" testName="OnLoaded_UserControlIsLoadingEventChanges_Success" computerName="DKSR-EFI-04" duration="00:00:00.0120215" startTime="2023-12-22T09:38:43.2688990+01:00" endTime="2023-12-22T09:38:43.2834707+01:00" testType="13cdc9d9-ddb5-4fa4-a97d-d965ccfc6d4b" outcome="Passed" testListId="8c84fa94-04c1-424b-9868-57a2d4851a1d" relativeResultsDirectory="e0d7abed-4da5-48b7-84cc-36c707c55cb9" />
    <UnitTestResult executionId="b4cf35c3-2638-44d0-94af-83b1857cdf19" testId="47579cf9-48ad-7878-45dc-383da1251400" testName="AddToExportTuples_ShouldReturnCorrectResult (0,0,5)" computerName="DKSR-EFI-04" duration="00:00:00.0038925" startTime="2023-12-22T09:39:33.5981961+01:00" endTime="2023-12-22T09:39:33.6022860+01:00" testType="13cdc9d9-ddb5-4fa4-a97d-d965ccfc6d4b" outcome="Passed" testListId="8c84fa94-04c1-424b-9868-57a2d4851a1d" relativeResultsDirectory="b4cf35c3-2638-44d0-94af-83b1857cdf19" />
    <UnitTestResult executionId="55ad874a-9fab-43d3-ad6b-b1fad6d1f76d" testId="e975a99c-1f61-f6af-a603-7683bb9bab62" testName="DateToStringConverter_Convert_InvalidParameter_ReturnUnsetValue" computerName="DKSR-EFI-04" duration="00:00:00.0003842" startTime="2023-12-22T09:38:59.0147212+01:00" endTime="2023-12-22T09:38:59.0152365+01:00" testType="13cdc9d9-ddb5-4fa4-a97d-d965ccfc6d4b" outcome="Passed" testListId="8c84fa94-04c1-424b-9868-57a2d4851a1d" relativeResultsDirectory="55ad874a-9fab-43d3-ad6b-b1fad6d1f76d" />
    <UnitTestResult executionId="e56dffca-1ef8-4891-b2f3-0744fd461e98" testId="be46907d-a173-13ad-6a6b-f04367a3abb5" testName="RightClick_ShouldSetContextMenu_WhenHostIsNotContextMenuAware" computerName="DKSR-EFI-04" duration="00:00:00.0088055" startTime="2023-12-22T09:38:36.2888995+01:00" endTime="2023-12-22T09:38:36.3001875+01:00" testType="13cdc9d9-ddb5-4fa4-a97d-d965ccfc6d4b" outcome="Passed" testListId="8c84fa94-04c1-424b-9868-57a2d4851a1d" relativeResultsDirectory="e56dffca-1ef8-4891-b2f3-0744fd461e98" />
    <UnitTestResult executionId="7ef0519f-6c24-4a01-8b67-31aa4af4c762" testId="2696c9e3-385a-1f49-5d53-6a80871ac3fe" testName="SequenceTypeDto_ShouldYieldSameValues_WhenRoundTripConverted" computerName="DKSR-EFI-04" duration="00:00:00.0008504" startTime="2023-12-22T09:38:29.7416540+01:00" endTime="2023-12-22T09:38:29.7426121+01:00" testType="13cdc9d9-ddb5-4fa4-a97d-d965ccfc6d4b" outcome="Passed" testListId="8c84fa94-04c1-424b-9868-57a2d4851a1d" relativeResultsDirectory="7ef0519f-6c24-4a01-8b67-31aa4af4c762" />
    <UnitTestResult executionId="dc1dde5f-2eef-4edc-8f78-43204df94994" testId="d1148632-27af-a6b6-932c-c9e12abeebb9" testName="SearchResultsActionBarActions_EditBookmark_NotEnabled" computerName="DKSR-EFI-04" duration="00:00:00.0071403" startTime="2023-12-22T09:39:10.9545474+01:00" endTime="2023-12-22T09:39:10.9618387+01:00" testType="13cdc9d9-ddb5-4fa4-a97d-d965ccfc6d4b" outcome="Passed" testListId="8c84fa94-04c1-424b-9868-57a2d4851a1d" relativeResultsDirectory="dc1dde5f-2eef-4edc-8f78-43204df94994" />
    <UnitTestResult executionId="5a4a680e-e77f-463c-b861-10fcbf076a17" testId="9060f73f-d5fa-875e-8bed-572cba260200" testName="CloseDeviceSelectorUserControl_ShouldCallDispose_WhenUserControlImplementsIDisposable" computerName="DKSR-EFI-04" duration="00:00:00.0009678" startTime="2023-12-22T09:38:34.9205033+01:00" endTime="2023-12-22T09:38:34.9239777+01:00" testType="13cdc9d9-ddb5-4fa4-a97d-d965ccfc6d4b" outcome="Passed" testListId="8c84fa94-04c1-424b-9868-57a2d4851a1d" relativeResultsDirectory="5a4a680e-e77f-463c-b861-10fcbf076a17" />
    <UnitTestResult executionId="5408162d-3fc9-449b-85eb-ee61b7145695" testId="165e0853-e6ec-d7d3-2c96-375c649002cc" testName="LoadSearchTemplate_NoActiveToNewActiveSuppressEvent_UpdateAndNoEvent" computerName="DKSR-EFI-04" duration="00:00:00.0004030" startTime="2023-12-22T09:39:13.8944023+01:00" endTime="2023-12-22T09:39:13.8949401+01:00" testType="13cdc9d9-ddb5-4fa4-a97d-d965ccfc6d4b" outcome="Passed" testListId="8c84fa94-04c1-424b-9868-57a2d4851a1d" relativeResultsDirectory="5408162d-3fc9-449b-85eb-ee61b7145695" />
    <UnitTestResult executionId="09defff6-14b7-4d06-942b-83774f357517" testId="7cef2a09-ed80-a76c-b595-1833aff59ca7" testName="EndTimeWithPadding_ShouldBeSetToValueOfSearchResult" computerName="DKSR-EFI-04" duration="00:00:00.0003212" startTime="2023-12-22T09:39:14.6159821+01:00" endTime="2023-12-22T09:39:14.6164430+01:00" testType="13cdc9d9-ddb5-4fa4-a97d-d965ccfc6d4b" outcome="Passed" testListId="8c84fa94-04c1-424b-9868-57a2d4851a1d" relativeResultsDirectory="09defff6-14b7-4d06-942b-83774f357517" />
    <UnitTestResult executionId="b3553270-3fe6-423f-9f42-8c76e65e0357" testId="fdaa70b5-d6a7-4b1c-2dcb-1ad653aa4853" testName="ConvertGridMaskTestImageServerFormat" computerName="DKSR-EFI-04" duration="00:00:00.0007928" startTime="2023-12-22T09:39:36.4717526+01:00" endTime="2023-12-22T09:39:36.4726861+01:00" testType="13cdc9d9-ddb5-4fa4-a97d-d965ccfc6d4b" outcome="Passed" testListId="8c84fa94-04c1-424b-9868-57a2d4851a1d" relativeResultsDirectory="b3553270-3fe6-423f-9f42-8c76e65e0357" />
    <UnitTestResult executionId="062d445c-d1b2-4985-b7bd-9ef5f181885d" testId="45464de9-2088-da3a-85ed-a8a4fecb083d" testName="Ctor_ShouldThrowException_WhenCredentialsAreNull" computerName="DKSR-EFI-04" duration="00:00:00.0006539" startTime="2023-12-22T09:38:32.3296524+01:00" endTime="2023-12-22T09:38:32.3304363+01:00" testType="13cdc9d9-ddb5-4fa4-a97d-d965ccfc6d4b" outcome="Passed" testListId="8c84fa94-04c1-424b-9868-57a2d4851a1d" relativeResultsDirectory="062d445c-d1b2-4985-b7bd-9ef5f181885d" />
    <UnitTestResult executionId="d7d7ce20-f6ce-49c4-b447-b8a9dfe6e071" testId="91a78aeb-428a-f6ff-e2d1-52651e1feb62" testName="CopyPasteInternalClipBoardTest" computerName="DKSR-EFI-04" duration="00:00:00.0004145" startTime="2023-12-22T09:39:36.5894298+01:00" endTime="2023-12-22T09:39:36.5900611+01:00" testType="13cdc9d9-ddb5-4fa4-a97d-d965ccfc6d4b" outcome="Passed" testListId="8c84fa94-04c1-424b-9868-57a2d4851a1d" relativeResultsDirectory="d7d7ce20-f6ce-49c4-b447-b8a9dfe6e071" />
    <UnitTestResult executionId="0f8da192-536d-4a79-a905-6ec37a5b9650" testId="b93013c3-d297-89cf-1fce-624bcbbbca6c" testName="Ctor_AllTypesConfigured" computerName="DKSR-EFI-04" duration="00:00:00.0312961" startTime="2023-12-22T09:39:25.6161708+01:00" endTime="2023-12-22T09:39:25.6512296+01:00" testType="13cdc9d9-ddb5-4fa4-a97d-d965ccfc6d4b" outcome="Passed" testListId="8c84fa94-04c1-424b-9868-57a2d4851a1d" relativeResultsDirectory="0f8da192-536d-4a79-a905-6ec37a5b9650" />
    <UnitTestResult executionId="01c49b26-b8c4-422d-a382-5ecd5985a99e" testId="701d42cf-3ef2-9e45-4405-09554e002cc2" testName="TestForAssemblyCoverage" computerName="DKSR-EFI-04" duration="00:00:00.0038660" startTime="2023-12-22T09:38:32.4586763+01:00" endTime="2023-12-22T09:38:32.4627433+01:00" testType="13cdc9d9-ddb5-4fa4-a97d-d965ccfc6d4b" outcome="Passed" testListId="8c84fa94-04c1-424b-9868-57a2d4851a1d" relativeResultsDirectory="01c49b26-b8c4-422d-a382-5ecd5985a99e" />
    <UnitTestResult executionId="01a6efd5-1ca7-45e4-b0a2-25cd7391a71c" testId="b7e1ee47-1435-7822-cf95-e3720fecc94e" testName="StartSelection_ShouldNotClearAnyExistingSelections_WhenAddingToExitingSelection" computerName="DKSR-EFI-04" duration="00:00:00.0009227" startTime="2023-12-22T09:38:36.1354559+01:00" endTime="2023-12-22T09:38:36.1387390+01:00" testType="13cdc9d9-ddb5-4fa4-a97d-d965ccfc6d4b" outcome="Passed" testListId="8c84fa94-04c1-424b-9868-57a2d4851a1d" relativeResultsDirectory="01a6efd5-1ca7-45e4-b0a2-25cd7391a71c" />
    <UnitTestResult executionId="961fdfcd-c588-4814-b975-17d91fdd6a28" testId="6bd5f4c7-c179-311a-1fc1-8d1f4fd89099" testName="AddResults_ExcludePartialResults_OnePartialResult_Success" computerName="DKSR-EFI-04" duration="00:00:00.0018186" startTime="2023-12-22T09:39:14.5154021+01:00" endTime="2023-12-22T09:39:14.5173584+01:00" testType="13cdc9d9-ddb5-4fa4-a97d-d965ccfc6d4b" outcome="Passed" testListId="8c84fa94-04c1-424b-9868-57a2d4851a1d" relativeResultsDirectory="961fdfcd-c588-4814-b975-17d91fdd6a28" />
    <UnitTestResult executionId="cfd5e5d6-3ae2-40e1-9d93-7c801380df0c" testId="95b39f8a-1d05-ef16-b7bc-9f5670cd4fdd" testName="ManualRecordingResultDto_ShouldYieldSameValues_WhenRoundTripConverted" computerName="DKSR-EFI-04" duration="00:00:00.0013064" startTime="2023-12-22T09:38:29.7184714+01:00" endTime="2023-12-22T09:38:29.7199137+01:00" testType="13cdc9d9-ddb5-4fa4-a97d-d965ccfc6d4b" outcome="Passed" testListId="8c84fa94-04c1-424b-9868-57a2d4851a1d" relativeResultsDirectory="cfd5e5d6-3ae2-40e1-9d93-7c801380df0c" />
    <UnitTestResult executionId="61d94084-bd56-4123-b3fe-1e02305b3131" testId="3df39c27-f4f5-5c42-c9cb-c9b3731ba9be" testName="TestHasCapability_Success" computerName="DKSR-EFI-04" duration="00:00:00.0001593" startTime="2023-12-22T09:39:31.4705205+01:00" endTime="2023-12-22T09:39:31.4708619+01:00" testType="13cdc9d9-ddb5-4fa4-a97d-d965ccfc6d4b" outcome="Passed" testListId="8c84fa94-04c1-424b-9868-57a2d4851a1d" relativeResultsDirectory="61d94084-bd56-4123-b3fe-1e02305b3131" />
    <UnitTestResult executionId="d1bde83f-7f5b-499d-9ce2-336899a54ce7" testId="b4dcaf4b-c8a6-a3d6-898f-051609cb706b" testName="Search_SearchResultReceivedFromDefinitionOnlySupportingSubsetOfFilters_WarningTextAppliedAndEventFired" computerName="DKSR-EFI-04" duration="00:00:00.0093547" startTime="2023-12-22T09:39:25.5751988+01:00" endTime="2023-12-22T09:39:25.5847191+01:00" testType="13cdc9d9-ddb5-4fa4-a97d-d965ccfc6d4b" outcome="Passed" testListId="8c84fa94-04c1-424b-9868-57a2d4851a1d" relativeResultsDirectory="d1bde83f-7f5b-499d-9ce2-336899a54ce7" />
    <UnitTestResult executionId="cce6290c-705c-40fa-a1a5-134d3cc9de01" testId="62360bb2-0571-b412-04d5-fd14e8294ea1" testName="OnMarkerRightClicked_ShouldLetMapLayerControlMenuItems_WhenSingleMapItemSelected" computerName="DKSR-EFI-04" duration="00:00:00.3883144" startTime="2023-12-22T09:38:35.6314981+01:00" endTime="2023-12-22T09:38:36.0226508+01:00" testType="13cdc9d9-ddb5-4fa4-a97d-d965ccfc6d4b" outcome="Passed" testListId="8c84fa94-04c1-424b-9868-57a2d4851a1d" relativeResultsDirectory="cce6290c-705c-40fa-a1a5-134d3cc9de01" />
    <UnitTestResult executionId="658c5ed6-d203-4199-8c17-4865331b8be5" testId="f63c2d26-77b7-377e-2b59-219fb8f0f7b9" testName="CameraMapItem_UpdateName_Rejected" computerName="DKSR-EFI-04" duration="00:00:00.0205688" startTime="2023-12-22T09:39:27.5625991+01:00" endTime="2023-12-22T09:39:27.5833783+01:00" testType="13cdc9d9-ddb5-4fa4-a97d-d965ccfc6d4b" outcome="Passed" testListId="8c84fa94-04c1-424b-9868-57a2d4851a1d" relativeResultsDirectory="658c5ed6-d203-4199-8c17-4865331b8be5" />
    <UnitTestResult executionId="d8874110-ca50-4058-b30d-cea5869fbc8b" testId="98514a87-c9e9-a001-7d97-02b7ed802ee7" testName="GisMapModel_AddBuilding_ServerFail_ErrorReported" computerName="DKSR-EFI-04" duration="00:00:00.0575870" startTime="2023-12-22T09:39:27.1570727+01:00" endTime="2023-12-22T09:39:27.2148833+01:00" testType="13cdc9d9-ddb5-4fa4-a97d-d965ccfc6d4b" outcome="Passed" testListId="8c84fa94-04c1-424b-9868-57a2d4851a1d" relativeResultsDirectory="d8874110-ca50-4058-b30d-cea5869fbc8b">
      <Output>
        <StdOut>Debug Trace:&#xD;
 &gt;&gt;&gt; ERROR: System.ArgumentNullException: Value cannot be null. (Parameter 'response')&#xD;
   at VideoOS.RemoteClient.GisMapData.Utilities.VersionHelper.ReportUnsupportedData(Type sourceType, String operation, UnsupportedRespBase response) in D:\actions-runner\_work\XPCO\XPCO\SC\Components\dotNet\VideoOS.RemoteClient.GisMapData\Utilities\VersionHelper.cs:line 55&#xD;
   at VideoOS.RemoteClient.GisMapData.GisMapModelController.&lt;&gt;c__DisplayClass50_0.&lt;AddBuildings&gt;b__0() in D:\actions-runner\_work\XPCO\XPCO\SC\Components\dotNet\VideoOS.RemoteClient.GisMapData\GisMapModelController.cs:line 686&#xD;
   at System.Threading.Tasks.Task`1.InnerInvoke()&#xD;
   at System.Threading.ExecutionContext.RunInternal(ExecutionContext executionContext, ContextCallback callback, Object state)&#xD;
--- End of stack trace from previous location ---&#xD;
   at System.Threading.Tasks.Task.ExecuteWithThreadLocal(Task&amp; currentTaskSlot, Thread threadPoolThread)&#xD;
 &gt;&gt;&gt; Stack:    at VideoOS.RemoteClient.GisMapData.Utilities.VersionHelper.ReportUnsupportedData(Type sourceType, String operation, UnsupportedRespBase response) in D:\actions-runner\_work\XPCO\XPCO\SC\Components\dotNet\VideoOS.RemoteClient.GisMapData\Utilities\VersionHelper.cs:line 55&#xD;    at VideoOS.RemoteClient.GisMapData.GisMapModelController.&lt;&gt;c__DisplayClass50_0.&lt;AddBuildings&gt;b__0() in D:\actions-runner\_work\XPCO\XPCO\SC\Components\dotNet\VideoOS.RemoteClient.GisMapData\GisMapModelController.cs:line 686&#xD;    at System.Threading.Tasks.Task`1.InnerInvoke()&#xD;    at System.Threading.ExecutionContext.RunInternal(ExecutionContext executionContext, ContextCallback callback, Object state)&#xD; --- End of stack trace from previous location ---&#xD;    at System.Threading.Tasks.Task.ExecuteWithThreadLocal(Task&amp; currentTaskSlot, Thread threadPoolThread)</StdOut>
      </Output>
    </UnitTestResult>
    <UnitTestResult executionId="05eaae3a-e6e3-444d-a17a-f34f97b6d0e2" testId="6847ebb6-e732-c391-be2d-0bdf0abaf563" testName="TestReadXmlCreated" computerName="DKSR-EFI-04" duration="00:00:00.0002684" startTime="2023-12-22T09:39:34.3058881+01:00" endTime="2023-12-22T09:39:34.3062846+01:00" testType="13cdc9d9-ddb5-4fa4-a97d-d965ccfc6d4b" outcome="Passed" testListId="8c84fa94-04c1-424b-9868-57a2d4851a1d" relativeResultsDirectory="05eaae3a-e6e3-444d-a17a-f34f97b6d0e2" />
    <UnitTestResult executionId="8fd0d7ba-c63c-46b1-896a-c93c5239ef55" testId="9b908469-0451-8cb6-bea4-479be46ad482" testName="OnLoaded_ValidConfigurationInlineEdit_InlineAttributeEditControlSet" computerName="DKSR-EFI-04" duration="00:00:00.4123162" startTime="2023-12-22T09:38:42.0033414+01:00" endTime="2023-12-22T09:38:42.4182120+01:00" testType="13cdc9d9-ddb5-4fa4-a97d-d965ccfc6d4b" outcome="Passed" testListId="8c84fa94-04c1-424b-9868-57a2d4851a1d" relativeResultsDirectory="8fd0d7ba-c63c-46b1-896a-c93c5239ef55" />
    <UnitTestResult executionId="c2151bf2-70b9-4c36-8be9-25a04917bbcc" testId="dfe3fd2e-b517-b2eb-b2e2-30f7a11293dd" testName="PatrollingProfileListViewModel_CanExecuteDeleteProfile_No_Profile_Selected" computerName="DKSR-EFI-04" duration="00:00:00.0011723" startTime="2023-12-22T09:39:32.1433618+01:00" endTime="2023-12-22T09:39:32.1446738+01:00" testType="13cdc9d9-ddb5-4fa4-a97d-d965ccfc6d4b" outcome="Passed" testListId="8c84fa94-04c1-424b-9868-57a2d4851a1d" relativeResultsDirectory="c2151bf2-70b9-4c36-8be9-25a04917bbcc" />
    <UnitTestResult executionId="8b525fcd-987d-4430-90b2-59d7a26baca8" testId="2efbf2d6-dad1-cfe2-2063-c228f2b12aef" testName="TimeToStringConverter_Convert_Success" computerName="DKSR-EFI-04" duration="00:00:00.0015642" startTime="2023-12-22T09:38:59.0600150+01:00" endTime="2023-12-22T09:38:59.0617196+01:00" testType="13cdc9d9-ddb5-4fa4-a97d-d965ccfc6d4b" outcome="Passed" testListId="8c84fa94-04c1-424b-9868-57a2d4851a1d" relativeResultsDirectory="8b525fcd-987d-4430-90b2-59d7a26baca8" />
    <UnitTestResult executionId="eee79568-9931-4e99-b993-2a64bbc32214" testId="06afff30-aa98-f03f-ebfe-83961e8caf5d" testName="ButtonVisibilityProperties_ShouldSetPropertyValues_WhenPropertiesLoaded" computerName="DKSR-EFI-04" duration="00:00:00.0020860" startTime="2023-12-22T09:38:33.2857847+01:00" endTime="2023-12-22T09:38:33.2880113+01:00" testType="13cdc9d9-ddb5-4fa4-a97d-d965ccfc6d4b" outcome="Passed" testListId="8c84fa94-04c1-424b-9868-57a2d4851a1d" relativeResultsDirectory="eee79568-9931-4e99-b993-2a64bbc32214" />
    <UnitTestResult executionId="2f90d35f-cba4-4b95-a79a-ac583550c309" testId="c3f29bf2-4c11-11c6-eb66-4e32acc46d8c" testName="MainScopeTitleMaxWidthConverter_ProvideValueSuccess" computerName="DKSR-EFI-04" duration="00:00:00.0005144" startTime="2023-12-22T09:38:59.0425689+01:00" endTime="2023-12-22T09:38:59.0433025+01:00" testType="13cdc9d9-ddb5-4fa4-a97d-d965ccfc6d4b" outcome="Passed" testListId="8c84fa94-04c1-424b-9868-57a2d4851a1d" relativeResultsDirectory="2f90d35f-cba4-4b95-a79a-ac583550c309" />
    <UnitTestResult executionId="afacaff5-0b4e-44b3-8d91-b7d73ec73a76" testId="cc634d85-ac00-a639-0e52-434691164702" testName="Search_MultipleCategoriesWithOverlappingFilter_AppropriateFiltersUpdatedInSubDefinitions" computerName="DKSR-EFI-04" duration="00:00:00.0047555" startTime="2023-12-22T09:39:25.5268712+01:00" endTime="2023-12-22T09:39:25.5317751+01:00" testType="13cdc9d9-ddb5-4fa4-a97d-d965ccfc6d4b" outcome="Passed" testListId="8c84fa94-04c1-424b-9868-57a2d4851a1d" relativeResultsDirectory="afacaff5-0b4e-44b3-8d91-b7d73ec73a76" />
    <UnitTestResult executionId="bbf554b2-7c8d-41be-b6fc-a9696ea4e2ed" testId="0882c6fe-e955-9a8a-eee5-7ae62c8b3178" testName="DateToStringConverter_ProvideValue_Success" computerName="DKSR-EFI-04" duration="00:00:00.0002909" startTime="2023-12-22T09:38:59.0271896+01:00" endTime="2023-12-22T09:38:59.0276129+01:00" testType="13cdc9d9-ddb5-4fa4-a97d-d965ccfc6d4b" outcome="Passed" testListId="8c84fa94-04c1-424b-9868-57a2d4851a1d" relativeResultsDirectory="bbf554b2-7c8d-41be-b6fc-a9696ea4e2ed" />
    <UnitTestResult executionId="19159e9d-b21b-4ec6-ad39-5a647e63a140" testId="1c3a0b3c-9d39-e423-34b0-23113deccc9a" testName="ActiveInteractionStateBinding_ShouldOnlyContainNormal_WhenCtorIsCalled" computerName="DKSR-EFI-04" duration="00:00:00.0065912" startTime="2023-12-22T09:38:38.4250153+01:00" endTime="2023-12-22T09:38:38.4339748+01:00" testType="13cdc9d9-ddb5-4fa4-a97d-d965ccfc6d4b" outcome="Passed" testListId="8c84fa94-04c1-424b-9868-57a2d4851a1d" relativeResultsDirectory="19159e9d-b21b-4ec6-ad39-5a647e63a140" />
    <UnitTestResult executionId="6e3a8b64-057b-4194-8820-f57eca647f6b" testId="b87a1c99-d996-5e0b-a096-13dd2701c2c1" testName="RemoveItems_EmptyCollection_NoClusterChanges" computerName="DKSR-EFI-04" duration="00:00:00.0071310" startTime="2023-12-22T09:39:32.0251434+01:00" endTime="2023-12-22T09:39:32.0324290+01:00" testType="13cdc9d9-ddb5-4fa4-a97d-d965ccfc6d4b" outcome="Passed" testListId="8c84fa94-04c1-424b-9868-57a2d4851a1d" relativeResultsDirectory="6e3a8b64-057b-4194-8820-f57eca647f6b" />
    <UnitTestResult executionId="c16d9c2c-bab1-4516-b608-a4a18206dcb6" testId="2ee6bce4-4d10-a7ff-ad46-044be6c8e9a0" testName="Dispose_ShouldCloseAndRelease_WhenInvoked" computerName="DKSR-EFI-04" duration="00:00:00.0078742" startTime="2023-12-22T09:38:35.5293503+01:00" endTime="2023-12-22T09:38:35.5394653+01:00" testType="13cdc9d9-ddb5-4fa4-a97d-d965ccfc6d4b" outcome="Passed" testListId="8c84fa94-04c1-424b-9868-57a2d4851a1d" relativeResultsDirectory="c16d9c2c-bab1-4516-b608-a4a18206dcb6" />
    <UnitTestResult executionId="d27d11e3-336c-4427-a80e-a9702d49e422" testId="443c2399-34e1-f6f5-cccc-278f0b0d999a" testName="AudioControllerOnDevicesLockEvent_ShouldNotEnableMicrophones_WhenUnlockingAudioDevicesAndApplicationIsInBrowseMode" computerName="DKSR-EFI-04" duration="00:00:00.0128781" startTime="2023-12-22T09:39:29.5347639+01:00" endTime="2023-12-22T09:39:29.5501152+01:00" testType="13cdc9d9-ddb5-4fa4-a97d-d965ccfc6d4b" outcome="Passed" testListId="8c84fa94-04c1-424b-9868-57a2d4851a1d" relativeResultsDirectory="d27d11e3-336c-4427-a80e-a9702d49e422" />
    <UnitTestResult executionId="7d910530-3997-48ef-8342-7d741264f8c4" testId="0fc9e9bc-717c-57dc-ce36-115b2e3717aa" testName="SearchAction_BrowseMode_OneYearInThePast" computerName="DKSR-EFI-04" duration="00:00:00.0056266" startTime="2023-12-22T09:39:36.5576678+01:00" endTime="2023-12-22T09:39:36.5634346+01:00" testType="13cdc9d9-ddb5-4fa4-a97d-d965ccfc6d4b" outcome="Passed" testListId="8c84fa94-04c1-424b-9868-57a2d4851a1d" relativeResultsDirectory="7d910530-3997-48ef-8342-7d741264f8c4" />
    <UnitTestResult executionId="3bf94664-a309-4169-b9c7-108e542c16ad" testId="917a5570-b519-84b9-98e6-e30d662a605f" testName="AttributeValueGet_NoItems_ReturnsEmptyList" computerName="DKSR-EFI-04" duration="00:00:00.0085084" startTime="2023-12-22T09:39:26.1249372+01:00" endTime="2023-12-22T09:39:26.1362168+01:00" testType="13cdc9d9-ddb5-4fa4-a97d-d965ccfc6d4b" outcome="Passed" testListId="8c84fa94-04c1-424b-9868-57a2d4851a1d" relativeResultsDirectory="3bf94664-a309-4169-b9c7-108e542c16ad" />
    <UnitTestResult executionId="197550ff-f18d-4514-8c68-3870df9c896d" testId="ad0fb3f5-59c6-f38e-8f48-61ec61251228" testName="TryGetOsmServerTileAddress_ShouldSetUriWithOsmTileSuffix_WhenOsmServerAddressDoesNotIncludeOsmTileSuffix" computerName="DKSR-EFI-04" duration="00:00:00.0001725" startTime="2023-12-22T09:39:31.3413617+01:00" endTime="2023-12-22T09:39:31.3416618+01:00" testType="13cdc9d9-ddb5-4fa4-a97d-d965ccfc6d4b" outcome="Passed" testListId="8c84fa94-04c1-424b-9868-57a2d4851a1d" relativeResultsDirectory="197550ff-f18d-4514-8c68-3870df9c896d" />
    <UnitTestResult executionId="f6b72fa2-dec1-4deb-888e-ec4acba8ab47" testId="4c99feff-404f-f1d9-19da-f0e8d2262427" testName="Both enabled, forced" computerName="DKSR-EFI-04" duration="00:00:00.0040732" startTime="2023-12-22T09:38:40.2037854+01:00" endTime="2023-12-22T09:38:40.2081367+01:00" testType="13cdc9d9-ddb5-4fa4-a97d-d965ccfc6d4b" outcome="Passed" testListId="8c84fa94-04c1-424b-9868-57a2d4851a1d" relativeResultsDirectory="f6b72fa2-dec1-4deb-888e-ec4acba8ab47" />
    <UnitTestResult executionId="cfd8bd35-4163-4588-a198-d4c0cadbd28d" testId="1ff772ea-316c-7a4b-bb91-f3ab3f44e05b" testName="CreateExportDialog_CannotCreateExport_WithInvalidExportPath" computerName="DKSR-EFI-04" duration="00:00:00.0087799" startTime="2023-12-22T09:38:40.1161941+01:00" endTime="2023-12-22T09:38:40.1285166+01:00" testType="13cdc9d9-ddb5-4fa4-a97d-d965ccfc6d4b" outcome="Passed" testListId="8c84fa94-04c1-424b-9868-57a2d4851a1d" relativeResultsDirectory="cfd8bd35-4163-4588-a198-d4c0cadbd28d" />
    <UnitTestResult executionId="36b791fb-7ca4-44f8-967d-eb53284df6c7" testId="a1ef0514-5d41-eded-e838-32de99602a54" testName="TestLoadLevelsAsync_Success" computerName="DKSR-EFI-04" duration="00:00:00.0343505" startTime="2023-12-22T09:39:26.3935420+01:00" endTime="2023-12-22T09:39:26.4280628+01:00" testType="13cdc9d9-ddb5-4fa4-a97d-d965ccfc6d4b" outcome="Passed" testListId="8c84fa94-04c1-424b-9868-57a2d4851a1d" relativeResultsDirectory="36b791fb-7ca4-44f8-967d-eb53284df6c7" />
    <UnitTestResult executionId="a1c38415-9f89-49b6-b63b-64ad9cc07947" testId="20e8ccab-a0f4-bc81-8521-21ef899c1e27" testName="Map_DeleteLayers_OSM_ImageLayer_Success" computerName="DKSR-EFI-04" duration="00:00:00.0165905" startTime="2023-12-22T09:39:28.7396893+01:00" endTime="2023-12-22T09:39:28.7564794+01:00" testType="13cdc9d9-ddb5-4fa4-a97d-d965ccfc6d4b" outcome="Passed" testListId="8c84fa94-04c1-424b-9868-57a2d4851a1d" relativeResultsDirectory="a1c38415-9f89-49b6-b63b-64ad9cc07947" />
    <UnitTestResult executionId="644c90b2-e173-4a56-8320-a5b29b33e611" testId="bdb27dac-eff0-8887-ff55-d405cca80355" testName="Ctor_WpfMessageBoxButtonIsSetToYesNoCancel_OnlyYesNoCancelButtonsVisible" computerName="DKSR-EFI-04" duration="00:00:00.0004794" startTime="2023-12-22T09:39:33.2995149+01:00" endTime="2023-12-22T09:39:33.3001377+01:00" testType="13cdc9d9-ddb5-4fa4-a97d-d965ccfc6d4b" outcome="Passed" testListId="8c84fa94-04c1-424b-9868-57a2d4851a1d" relativeResultsDirectory="644c90b2-e173-4a56-8320-a5b29b33e611" />
    <UnitTestResult executionId="2bd4f7cd-62a7-4f4e-ae18-f7d2b009c481" testId="027cffda-5eae-8a36-c1cb-ccd49ea8a655" testName="BuildEvidenceLockFilterProperties_ShouldReturnCorrectValues (False,2,3,All,Custom)" computerName="DKSR-EFI-04" duration="00:00:00.0028597" startTime="2023-12-22T09:39:38.5472161+01:00" endTime="2023-12-22T09:39:38.5502608+01:00" testType="13cdc9d9-ddb5-4fa4-a97d-d965ccfc6d4b" outcome="Passed" testListId="8c84fa94-04c1-424b-9868-57a2d4851a1d" relativeResultsDirectory="2bd4f7cd-62a7-4f4e-ae18-f7d2b009c481" />
    <UnitTestResult executionId="d831a613-25bb-4fe6-bc0e-805ccc1987dd" testId="828aa887-d61e-2965-7b2f-bafe3c7dac25" testName="Constructor_ShouldThrow_ArgumentNullException_WhenConstructedWithNullClientCredentials" computerName="DKSR-EFI-04" duration="00:00:00.0006904" startTime="2023-12-22T09:38:32.3598982+01:00" endTime="2023-12-22T09:38:32.3607289+01:00" testType="13cdc9d9-ddb5-4fa4-a97d-d965ccfc6d4b" outcome="Passed" testListId="8c84fa94-04c1-424b-9868-57a2d4851a1d" relativeResultsDirectory="d831a613-25bb-4fe6-bc0e-805ccc1987dd" />
    <UnitTestResult executionId="b53303b9-8f1c-4e8c-9fbc-83c9c7ae2891" testId="8ed2a60a-eeda-1585-64ac-27fd20cde828" testName="ToMipSearchResultData_ShouldIncludeMetadataObjectsFromAllSubResults" computerName="DKSR-EFI-04" duration="00:00:00.0051821" startTime="2023-12-22T09:39:14.5602558+01:00" endTime="2023-12-22T09:39:14.5655924+01:00" testType="13cdc9d9-ddb5-4fa4-a97d-d965ccfc6d4b" outcome="Passed" testListId="8c84fa94-04c1-424b-9868-57a2d4851a1d" relativeResultsDirectory="b53303b9-8f1c-4e8c-9fbc-83c9c7ae2891" />
    <UnitTestResult executionId="d5dd3f61-f494-4726-a40a-76b01cffa1a1" testId="f4609267-8826-6634-3e91-b8471488e292" testName="GetServerTypes_ShouldReturnRecordingServiceType" computerName="DKSR-EFI-04" duration="00:00:00.0003066" startTime="2023-12-22T09:39:35.0127665+01:00" endTime="2023-12-22T09:39:35.0132327+01:00" testType="13cdc9d9-ddb5-4fa4-a97d-d965ccfc6d4b" outcome="Passed" testListId="8c84fa94-04c1-424b-9868-57a2d4851a1d" relativeResultsDirectory="d5dd3f61-f494-4726-a40a-76b01cffa1a1" />
    <UnitTestResult executionId="c19e130a-c21d-42ba-aada-8e22513ea7f1" testId="0a626f9c-1fcc-6ba0-e354-bb3374659d02" testName="PermanentMarkers_ShouldAdd_WhenTryInitExecuted" computerName="DKSR-EFI-04" duration="00:00:00.0260972" startTime="2023-12-22T09:38:35.2894618+01:00" endTime="2023-12-22T09:38:35.3181587+01:00" testType="13cdc9d9-ddb5-4fa4-a97d-d965ccfc6d4b" outcome="Passed" testListId="8c84fa94-04c1-424b-9868-57a2d4851a1d" relativeResultsDirectory="c19e130a-c21d-42ba-aada-8e22513ea7f1" />
    <UnitTestResult executionId="0d3dbefb-f68a-4814-b809-a928bd7757dd" testId="29c77f9c-4048-1470-9159-cedbe420b5fd" testName="Ctor_NullMessage_ThrowsException" computerName="DKSR-EFI-04" duration="00:00:00.0003272" startTime="2023-12-22T09:39:33.2768759+01:00" endTime="2023-12-22T09:39:33.2773928+01:00" testType="13cdc9d9-ddb5-4fa4-a97d-d965ccfc6d4b" outcome="Passed" testListId="8c84fa94-04c1-424b-9868-57a2d4851a1d" relativeResultsDirectory="0d3dbefb-f68a-4814-b809-a928bd7757dd" />
    <UnitTestResult executionId="194c4597-de8b-46be-9f20-e6c9b280f652" testId="dddb1835-bc62-9ecf-f6da-266a9e5d6d03" testName="SerializeDeserialize_RoundTripNoValues_Equals" computerName="DKSR-EFI-04" duration="00:00:00.0011268" startTime="2023-12-22T09:39:34.2941611+01:00" endTime="2023-12-22T09:39:34.2955310+01:00" testType="13cdc9d9-ddb5-4fa4-a97d-d965ccfc6d4b" outcome="Passed" testListId="8c84fa94-04c1-424b-9868-57a2d4851a1d" relativeResultsDirectory="194c4597-de8b-46be-9f20-e6c9b280f652" />
    <UnitTestResult executionId="a30b976b-9e6f-4e3d-8d5a-a58a38feac2a" testId="30021480-71a7-de84-e2a2-5d33b74ca139" testName="ValidateExportName_ShouldReturnFailResult_InvalidCharactersInExportName (1213&gt;)" computerName="DKSR-EFI-04" duration="00:00:00.0023895" startTime="2023-12-22T09:38:40.7376872+01:00" endTime="2023-12-22T09:38:40.7402291+01:00" testType="13cdc9d9-ddb5-4fa4-a97d-d965ccfc6d4b" outcome="Passed" testListId="8c84fa94-04c1-424b-9868-57a2d4851a1d" relativeResultsDirectory="a30b976b-9e6f-4e3d-8d5a-a58a38feac2a" />
    <UnitTestResult executionId="6d29c51f-9a50-47a7-97ae-e1f1af004e13" testId="fde63fcf-969d-dfa6-38ad-696fd5d00bc2" testName="GetLayerFeatures_ShouldReturnInputLayerFeatures_WhenInputKind" computerName="DKSR-EFI-04" duration="00:00:00.0019626" startTime="2023-12-22T09:39:31.3519675+01:00" endTime="2023-12-22T09:39:31.3540624+01:00" testType="13cdc9d9-ddb5-4fa4-a97d-d965ccfc6d4b" outcome="Passed" testListId="8c84fa94-04c1-424b-9868-57a2d4851a1d" relativeResultsDirectory="6d29c51f-9a50-47a7-97ae-e1f1af004e13" />
    <UnitTestResult executionId="85646cfd-8d6d-47bc-987b-591a6a928900" testId="8f3e7c48-bb88-696a-3cb3-b7922e8f86c1" testName="Empty password" computerName="DKSR-EFI-04" duration="00:00:00.0001410" startTime="2023-12-22T09:38:40.9690891+01:00" endTime="2023-12-22T09:38:40.9693631+01:00" testType="13cdc9d9-ddb5-4fa4-a97d-d965ccfc6d4b" outcome="Passed" testListId="8c84fa94-04c1-424b-9868-57a2d4851a1d" relativeResultsDirectory="85646cfd-8d6d-47bc-987b-591a6a928900" />
    <UnitTestResult executionId="c72466cd-753e-4d38-ac72-23ca997cf554" testId="f6b2dd1a-21fb-6c4a-e3a3-9cff7ca08b77" testName="SignUrl_WhereUrlIsValid_ReturnsUrlWithSignature" computerName="DKSR-EFI-04" duration="00:00:00.0004689" startTime="2023-12-22T09:38:34.9078901+01:00" endTime="2023-12-22T09:38:34.9084817+01:00" testType="13cdc9d9-ddb5-4fa4-a97d-d965ccfc6d4b" outcome="Passed" testListId="8c84fa94-04c1-424b-9868-57a2d4851a1d" relativeResultsDirectory="c72466cd-753e-4d38-ac72-23ca997cf554" />
    <UnitTestResult executionId="dd86575d-873a-4852-ae92-ef211dc05c85" testId="1d64d188-2f85-c3c0-9756-83b6a2cd8474" testName="Constructor_ShouldAttachOnUpdateUnmutedMicrophonesRaised_WhenCalled" computerName="DKSR-EFI-04" duration="00:00:00.1014512" startTime="2023-12-22T09:39:29.3673020+01:00" endTime="2023-12-22T09:39:29.4715894+01:00" testType="13cdc9d9-ddb5-4fa4-a97d-d965ccfc6d4b" outcome="Passed" testListId="8c84fa94-04c1-424b-9868-57a2d4851a1d" relativeResultsDirectory="dd86575d-873a-4852-ae92-ef211dc05c85" />
    <UnitTestResult executionId="21f4f850-9ad0-4924-aa95-cb2c4376080d" testId="195cadae-c368-871e-b908-a48bf7f49ea5" testName="Constructor2_ShouldNotAllowInjectionOfNulls" computerName="DKSR-EFI-04" duration="00:00:00.0005617" startTime="2023-12-22T09:38:40.9559738+01:00" endTime="2023-12-22T09:38:40.9566949+01:00" testType="13cdc9d9-ddb5-4fa4-a97d-d965ccfc6d4b" outcome="Passed" testListId="8c84fa94-04c1-424b-9868-57a2d4851a1d" relativeResultsDirectory="21f4f850-9ad0-4924-aa95-cb2c4376080d" />
    <UnitTestResult executionId="14c53b1b-0e13-42da-8f45-410f970ba0f5" testId="b3aaeac2-8a8e-15b7-f149-450ef9d8d467" testName="Parse_TwentyFourHours_Success" computerName="DKSR-EFI-04" duration="00:00:00.0000995" startTime="2023-12-22T09:39:13.9646311+01:00" endTime="2023-12-22T09:39:13.9648585+01:00" testType="13cdc9d9-ddb5-4fa4-a97d-d965ccfc6d4b" outcome="Passed" testListId="8c84fa94-04c1-424b-9868-57a2d4851a1d" relativeResultsDirectory="14c53b1b-0e13-42da-8f45-410f970ba0f5" />
    <UnitTestResult executionId="58c37a34-cc39-4195-b43f-7f507b54c055" testId="44391416-6606-c8bf-b0af-1a0952a7ad26" testName="AddSelectedWindowsToExport_ShouldShowCorrectToastMessages (0,1,1)" computerName="DKSR-EFI-04" duration="00:00:00.0021451" startTime="2023-12-22T09:39:33.7260685+01:00" endTime="2023-12-22T09:39:33.7283834+01:00" testType="13cdc9d9-ddb5-4fa4-a97d-d965ccfc6d4b" outcome="Passed" testListId="8c84fa94-04c1-424b-9868-57a2d4851a1d" relativeResultsDirectory="58c37a34-cc39-4195-b43f-7f507b54c055" />
    <UnitTestResult executionId="c93ef7d9-0125-4cda-8f8c-a36c2d47820b" testId="edbdb0fc-44d8-43ee-8589-e03588652149" testName="SearchCriteriaFilterValues_ValidatePopupFunctionalityWithUnknownConfiguration_Success" computerName="DKSR-EFI-04" duration="00:00:00.0676308" startTime="2023-12-22T09:39:10.1361117+01:00" endTime="2023-12-22T09:39:10.2065523+01:00" testType="13cdc9d9-ddb5-4fa4-a97d-d965ccfc6d4b" outcome="Passed" testListId="8c84fa94-04c1-424b-9868-57a2d4851a1d" relativeResultsDirectory="c93ef7d9-0125-4cda-8f8c-a36c2d47820b" />
    <UnitTestResult executionId="7fe112d3-9898-4bee-89ec-90f8346411a0" testId="142d7f64-df34-9fff-6e19-8f208ebae02f" testName="BuildEvidenceCreatedProperties_ShouldReturnCorrectValues (some headline,some description,03:00:00,Days,1.22:00:00,0,True,True,03:00:00,Days,1.22:00:00,0)" computerName="DKSR-EFI-04" duration="00:00:00.0133326" startTime="2023-12-22T09:39:38.5635305+01:00" endTime="2023-12-22T09:39:38.5771161+01:00" testType="13cdc9d9-ddb5-4fa4-a97d-d965ccfc6d4b" outcome="Passed" testListId="8c84fa94-04c1-424b-9868-57a2d4851a1d" relativeResultsDirectory="7fe112d3-9898-4bee-89ec-90f8346411a0" />
    <UnitTestResult executionId="ba4359d5-84b8-4e1c-a8a2-e25cec8519e3" testId="91ffcb1a-560f-f3c6-61e7-9aaab2d982dc" testName="SmartSearchStatusType_ShouldYieldSameValuesForAllEnumValues_WhenRoundTripConverted (SearchCancelled,SearchCancelled)" computerName="DKSR-EFI-04" duration="00:00:00.0013642" startTime="2023-12-22T09:38:29.7497476+01:00" endTime="2023-12-22T09:38:29.7551007+01:00" testType="13cdc9d9-ddb5-4fa4-a97d-d965ccfc6d4b" outcome="Passed" testListId="8c84fa94-04c1-424b-9868-57a2d4851a1d" relativeResultsDirectory="ba4359d5-84b8-4e1c-a8a2-e25cec8519e3" />
    <UnitTestResult executionId="11857601-0738-4629-ae5c-59812258f7f3" testId="5a8fb903-2861-1882-49ca-4356404c3995" testName="IsMicrophoneDisabled_ShouldBeFalse_WhenMicrophoneIsEnabled" computerName="DKSR-EFI-04" duration="00:00:00.0152724" startTime="2023-12-22T09:39:29.3220970+01:00" endTime="2023-12-22T09:39:29.3398809+01:00" testType="13cdc9d9-ddb5-4fa4-a97d-d965ccfc6d4b" outcome="Passed" testListId="8c84fa94-04c1-424b-9868-57a2d4851a1d" relativeResultsDirectory="11857601-0738-4629-ae5c-59812258f7f3" />
    <UnitTestResult executionId="b960403e-c229-40fe-8c1f-ee5ff7672030" testId="2ee134e1-115d-c1eb-9935-4d228f8143e5" testName="OnLoaded_ValidConfigurationNoInlineEdit_InlineAttributeEditControlNotSet" computerName="DKSR-EFI-04" duration="00:00:00.0751180" startTime="2023-12-22T09:38:41.9250283+01:00" endTime="2023-12-22T09:38:42.0028509+01:00" testType="13cdc9d9-ddb5-4fa4-a97d-d965ccfc6d4b" outcome="Passed" testListId="8c84fa94-04c1-424b-9868-57a2d4851a1d" relativeResultsDirectory="b960403e-c229-40fe-8c1f-ee5ff7672030" />
    <UnitTestResult executionId="13945610-2109-4321-9be9-b5a6baf4b73b" testId="19c9cf52-9433-0ae2-27f1-e1c0ebb67acf" testName="Initialize_NullState_DoesNotCrash" computerName="DKSR-EFI-04" duration="00:00:00.0065082" startTime="2023-12-22T09:38:58.9813976+01:00" endTime="2023-12-22T09:38:58.9904886+01:00" testType="13cdc9d9-ddb5-4fa4-a97d-d965ccfc6d4b" outcome="Passed" testListId="8c84fa94-04c1-424b-9868-57a2d4851a1d" relativeResultsDirectory="13945610-2109-4321-9be9-b5a6baf4b73b" />
    <UnitTestResult executionId="81d3017d-7410-439e-99ab-fad22fe041c8" testId="24643fe7-0bf9-5382-835f-f9f91ed814f3" testName="ReorderLevels123to312_Success" computerName="DKSR-EFI-04" duration="00:00:00.0632994" startTime="2023-12-22T09:39:26.6346797+01:00" endTime="2023-12-22T09:39:26.6981913+01:00" testType="13cdc9d9-ddb5-4fa4-a97d-d965ccfc6d4b" outcome="Passed" testListId="8c84fa94-04c1-424b-9868-57a2d4851a1d" relativeResultsDirectory="81d3017d-7410-439e-99ab-fad22fe041c8" />
    <UnitTestResult executionId="898b58c9-c969-4cca-8658-c94eec173038" testId="0abf48ed-aa70-1dda-b2cb-ff714665e116" testName="UpdateSearchFilter_SingleFilterWithoutValues_NotAdded" computerName="DKSR-EFI-04" duration="00:00:00.0006256" startTime="2023-12-22T09:39:10.3276968+01:00" endTime="2023-12-22T09:39:10.3284946+01:00" testType="13cdc9d9-ddb5-4fa4-a97d-d965ccfc6d4b" outcome="Passed" testListId="8c84fa94-04c1-424b-9868-57a2d4851a1d" relativeResultsDirectory="898b58c9-c969-4cca-8658-c94eec173038" />
    <UnitTestResult executionId="90c3557c-5955-4d1a-bc59-71c8d620a67b" testId="0d68917f-e0c8-8b03-5d02-6e8d6b862245" testName="ConvertBack_Throws" computerName="DKSR-EFI-04" duration="00:00:00.0003353" startTime="2023-12-22T09:38:59.0476957+01:00" endTime="2023-12-22T09:38:59.0481885+01:00" testType="13cdc9d9-ddb5-4fa4-a97d-d965ccfc6d4b" outcome="Passed" testListId="8c84fa94-04c1-424b-9868-57a2d4851a1d" relativeResultsDirectory="90c3557c-5955-4d1a-bc59-71c8d620a67b" />
    <UnitTestResult executionId="12308073-f0bb-4b98-a8a5-b62fe4e8b48e" testId="45f53e24-e644-c161-a854-8f98e8cdbf61" testName="DisplayErrorOnNotificationArea_UnknownSearchError_LoggingDisabled_Success" computerName="DKSR-EFI-04" duration="00:00:00.0071670" startTime="2023-12-22T09:39:13.0101302+01:00" endTime="2023-12-22T09:39:13.0174978+01:00" testType="13cdc9d9-ddb5-4fa4-a97d-d965ccfc6d4b" outcome="Passed" testListId="8c84fa94-04c1-424b-9868-57a2d4851a1d" relativeResultsDirectory="12308073-f0bb-4b98-a8a5-b62fe4e8b48e" />
    <UnitTestResult executionId="c0eb1f1f-a9d3-42e1-b114-30fd1677052a" testId="e16392e0-b74b-20a1-bfd8-cf04cd22dc42" testName="Constructor_ShouldRaiseArgumentNullException_WhenHeadlinesIsNull" computerName="DKSR-EFI-04" duration="00:00:00.0014063" startTime="2023-12-22T09:38:34.8721541+01:00" endTime="2023-12-22T09:38:34.8738764+01:00" testType="13cdc9d9-ddb5-4fa4-a97d-d965ccfc6d4b" outcome="Passed" testListId="8c84fa94-04c1-424b-9868-57a2d4851a1d" relativeResultsDirectory="c0eb1f1f-a9d3-42e1-b114-30fd1677052a" />
    <UnitTestResult executionId="ba533148-9a7b-48b8-9e81-c82256710909" testId="a5677ca9-068f-1409-b05b-617b1124d3e3" testName="GetBoundingShapesForMetadataObjectsAsync_ShouldIncludeNonFirstMetadataObject_WhenRequestedTimeIsWithinMetadataTimespan" computerName="DKSR-EFI-04" duration="00:00:00.0018133" startTime="2023-12-22T09:39:13.8075279+01:00" endTime="2023-12-22T09:39:13.8094983+01:00" testType="13cdc9d9-ddb5-4fa4-a97d-d965ccfc6d4b" outcome="Passed" testListId="8c84fa94-04c1-424b-9868-57a2d4851a1d" relativeResultsDirectory="ba533148-9a7b-48b8-9e81-c82256710909" />
    <UnitTestResult executionId="61793c7b-a0c5-4439-8fae-9fc2ae2d6989" testId="acb150f5-b42c-e1e1-4437-dd62b031592b" testName="Dispose_ShouldDetachOnUpdateUnmutedMicrophonesRaised_WhenCalled" computerName="DKSR-EFI-04" duration="00:00:00.0108538" startTime="2023-12-22T09:39:29.4870275+01:00" endTime="2023-12-22T09:39:29.5001319+01:00" testType="13cdc9d9-ddb5-4fa4-a97d-d965ccfc6d4b" outcome="Passed" testListId="8c84fa94-04c1-424b-9868-57a2d4851a1d" relativeResultsDirectory="61793c7b-a0c5-4439-8fae-9fc2ae2d6989" />
    <UnitTestResult executionId="136dedf7-7084-4dc1-90d8-499800a53f60" testId="13e00d9f-1356-be26-5e63-c3874f003845" testName="SmartMapPositionChanged_WhenMapPositionIsChanged_ShouldCallPostMessage" computerName="DKSR-EFI-04" duration="00:00:00.0535344" startTime="2023-12-22T09:38:38.5419747+01:00" endTime="2023-12-22T09:38:38.5958161+01:00" testType="13cdc9d9-ddb5-4fa4-a97d-d965ccfc6d4b" outcome="Passed" testListId="8c84fa94-04c1-424b-9868-57a2d4851a1d" relativeResultsDirectory="136dedf7-7084-4dc1-90d8-499800a53f60" />
    <UnitTestResult executionId="3b2a8af2-f1e9-4907-9704-88f1ca88d83d" testId="4092a02b-aad1-4cd2-975c-e2b5b68e9e4b" testName="HandleSetLayerFeatures_ShouldRaiseArgumentException_WhenNotInputKindAndInputLayerFeatures" computerName="DKSR-EFI-04" duration="00:00:00.0009387" startTime="2023-12-22T09:39:31.2726096+01:00" endTime="2023-12-22T09:39:31.2737240+01:00" testType="13cdc9d9-ddb5-4fa4-a97d-d965ccfc6d4b" outcome="Passed" testListId="8c84fa94-04c1-424b-9868-57a2d4851a1d" relativeResultsDirectory="3b2a8af2-f1e9-4907-9704-88f1ca88d83d" />
    <UnitTestResult executionId="8547c9c6-18f7-41eb-a672-067cc65017aa" testId="c5a3b45d-5e96-20b3-b548-6f1303bc7108" testName="ShowAlreadyAddedToast_ShouldShowCorrectNumberOfToasts (5,1)" computerName="DKSR-EFI-04" duration="00:00:00.0031242" startTime="2023-12-22T09:39:33.8014083+01:00" endTime="2023-12-22T09:39:33.8046908+01:00" testType="13cdc9d9-ddb5-4fa4-a97d-d965ccfc6d4b" outcome="Passed" testListId="8c84fa94-04c1-424b-9868-57a2d4851a1d" relativeResultsDirectory="8547c9c6-18f7-41eb-a672-067cc65017aa" />
    <UnitTestResult executionId="2cee03c2-4c68-47c4-a1fb-9dc8f1381514" testId="ba333333-3cb8-334f-91af-f5ad79143e8f" testName="ToDenormalizedDirection_Minus1_0" computerName="DKSR-EFI-04" duration="00:00:00.0000865" startTime="2023-12-22T09:39:26.7990907+01:00" endTime="2023-12-22T09:39:26.7993069+01:00" testType="13cdc9d9-ddb5-4fa4-a97d-d965ccfc6d4b" outcome="Passed" testListId="8c84fa94-04c1-424b-9868-57a2d4851a1d" relativeResultsDirectory="2cee03c2-4c68-47c4-a1fb-9dc8f1381514" />
    <UnitTestResult executionId="b321aa2b-71d0-4d64-8a4c-8534c25a3964" testId="a31ae58a-ac3b-c32e-1d10-665517748c9e" testName="Deserialize_UnknownFilterCategory_Error" computerName="DKSR-EFI-04" duration="00:00:00.0022240" startTime="2023-12-22T09:39:14.7035616+01:00" endTime="2023-12-22T09:39:14.7059245+01:00" testType="13cdc9d9-ddb5-4fa4-a97d-d965ccfc6d4b" outcome="Passed" testListId="8c84fa94-04c1-424b-9868-57a2d4851a1d" relativeResultsDirectory="b321aa2b-71d0-4d64-8a4c-8534c25a3964" />
    <UnitTestResult executionId="69ca68a8-6f6e-4526-9a86-8e8844f9103d" testId="f52b7516-be31-9d30-cb41-04f4b2fe00bf" testName="SetFeatures_NonCameraMapItemsLayer_ArgumentException" computerName="DKSR-EFI-04" duration="00:00:00.0358348" startTime="2023-12-22T09:39:28.4944988+01:00" endTime="2023-12-22T09:39:28.5305885+01:00" testType="13cdc9d9-ddb5-4fa4-a97d-d965ccfc6d4b" outcome="Passed" testListId="8c84fa94-04c1-424b-9868-57a2d4851a1d" relativeResultsDirectory="69ca68a8-6f6e-4526-9a86-8e8844f9103d" />
    <UnitTestResult executionId="8294d727-68a2-4b03-8739-eed138e8fac2" testId="be546a67-03cf-7dc5-701c-f28c8929b881" testName="AddItems_ThreeMapItems_ThreeClusterChanges" computerName="DKSR-EFI-04" duration="00:00:00.0141036" startTime="2023-12-22T09:39:32.0104011+01:00" endTime="2023-12-22T09:39:32.0246513+01:00" testType="13cdc9d9-ddb5-4fa4-a97d-d965ccfc6d4b" outcome="Passed" testListId="8c84fa94-04c1-424b-9868-57a2d4851a1d" relativeResultsDirectory="8294d727-68a2-4b03-8739-eed138e8fac2" />
    <UnitTestResult executionId="fbe30bf9-136c-4b7e-9839-45e7ed4eb4dc" testId="af1e35a2-62a8-4a4f-249d-2b9ad620f97f" testName="SupportsRightClick_ShouldBeTrue_WhenInteractionStateIsNormal" computerName="DKSR-EFI-04" duration="00:00:00.0220350" startTime="2023-12-22T09:38:37.8335774+01:00" endTime="2023-12-22T09:38:37.8589691+01:00" testType="13cdc9d9-ddb5-4fa4-a97d-d965ccfc6d4b" outcome="Passed" testListId="8c84fa94-04c1-424b-9868-57a2d4851a1d" relativeResultsDirectory="fbe30bf9-136c-4b7e-9839-45e7ed4eb4dc" />
    <UnitTestResult executionId="15f3ce1c-5f49-4e92-81f0-9d020f774e4a" testId="2f8a4bab-4df9-e4ff-fb91-be0d70ec975d" testName="PatrollingProfileListViewModel_AddProfileExecute" computerName="DKSR-EFI-04" duration="00:00:00.0038449" startTime="2023-12-22T09:39:32.1308768+01:00" endTime="2023-12-22T09:39:32.1348651+01:00" testType="13cdc9d9-ddb5-4fa4-a97d-d965ccfc6d4b" outcome="Passed" testListId="8c84fa94-04c1-424b-9868-57a2d4851a1d" relativeResultsDirectory="15f3ce1c-5f49-4e92-81f0-9d020f774e4a" />
    <UnitTestResult executionId="fa0e3784-82a8-4e94-8be2-0d0ed7a308eb" testId="881744e7-6022-e700-6b80-eadb3836c4cd" testName="Connect_SucceedeInConnectingWithOAuthUnsecure_ShouldReturnTrue" computerName="DKSR-EFI-04" duration="00:00:00.0006724" startTime="2023-12-22T09:38:29.6791873+01:00" endTime="2023-12-22T09:38:29.6799607+01:00" testType="13cdc9d9-ddb5-4fa4-a97d-d965ccfc6d4b" outcome="Passed" testListId="8c84fa94-04c1-424b-9868-57a2d4851a1d" relativeResultsDirectory="fa0e3784-82a8-4e94-8be2-0d0ed7a308eb" />
    <UnitTestResult executionId="1bf3e088-2267-4d5c-89e5-385b0b283968" testId="3011877c-371c-af3a-5f96-72aad6f976b4" testName="GetUserOptions_ShouldReturnCustomSettingsFromOldAndNewKey_WhenDataIsAvailableInTheSystem" computerName="DKSR-EFI-04" duration="00:00:00.0022954" startTime="2023-12-22T09:39:33.8544793+01:00" endTime="2023-12-22T09:39:33.8569304+01:00" testType="13cdc9d9-ddb5-4fa4-a97d-d965ccfc6d4b" outcome="Passed" testListId="8c84fa94-04c1-424b-9868-57a2d4851a1d" relativeResultsDirectory="1bf3e088-2267-4d5c-89e5-385b0b283968" />
    <UnitTestResult executionId="5b40faa5-5750-4ff0-96d0-d7bb7d47e9da" testId="931ed933-de82-365f-5037-e2d1c5c2f2a2" testName="PtzSessionControllerInfo_TimeChangedTest_Different_CameraId" computerName="DKSR-EFI-04" duration="00:00:00.0002173" startTime="2023-12-22T09:38:32.1972155+01:00" endTime="2023-12-22T09:38:32.1975579+01:00" testType="13cdc9d9-ddb5-4fa4-a97d-d965ccfc6d4b" outcome="Passed" testListId="8c84fa94-04c1-424b-9868-57a2d4851a1d" relativeResultsDirectory="5b40faa5-5750-4ff0-96d0-d7bb7d47e9da" />
    <UnitTestResult executionId="a38fb92f-6ac9-4e43-bb3d-3a2d3478bb77" testId="88fa8516-0d21-8d70-a765-06ab5bfbd249" testName="GetUserOptions_ShouldReturnNullForNewKey_WhenOnlyOldSystemDataIsAvailableInTheSystem" computerName="DKSR-EFI-04" duration="00:00:00.0017422" startTime="2023-12-22T09:39:33.8574764+01:00" endTime="2023-12-22T09:39:33.8593999+01:00" testType="13cdc9d9-ddb5-4fa4-a97d-d965ccfc6d4b" outcome="Passed" testListId="8c84fa94-04c1-424b-9868-57a2d4851a1d" relativeResultsDirectory="a38fb92f-6ac9-4e43-bb3d-3a2d3478bb77" />
    <UnitTestResult executionId="1fb94988-16d9-49ce-b1b5-d01811b89bf3" testId="32fec1f9-c048-b0a8-7432-484e5a8663c8" testName="ReorderLevels123to213_Success" computerName="DKSR-EFI-04" duration="00:00:00.0513088" startTime="2023-12-22T09:39:26.5826259+01:00" endTime="2023-12-22T09:39:26.6341500+01:00" testType="13cdc9d9-ddb5-4fa4-a97d-d965ccfc6d4b" outcome="Passed" testListId="8c84fa94-04c1-424b-9868-57a2d4851a1d" relativeResultsDirectory="1fb94988-16d9-49ce-b1b5-d01811b89bf3" />
    <UnitTestResult executionId="e15bd8c7-16c3-4f40-b6e4-42083252de96" testId="d3a599a4-935b-da5b-b016-03413c57fddc" testName="CameraMapItem_Delete_Success" computerName="DKSR-EFI-04" duration="00:00:00.0098536" startTime="2023-12-22T09:39:27.5838832+01:00" endTime="2023-12-22T09:39:27.5939010+01:00" testType="13cdc9d9-ddb5-4fa4-a97d-d965ccfc6d4b" outcome="Passed" testListId="8c84fa94-04c1-424b-9868-57a2d4851a1d" relativeResultsDirectory="e15bd8c7-16c3-4f40-b6e4-42083252de96" />
    <UnitTestResult executionId="03618d06-ec13-48bf-bf77-827abb4c81a2" testId="47525e4b-96e7-dfdf-5445-9a26f7449bd8" testName="CameraListCleared_ShouldRemoveAnyPendingSearches" computerName="DKSR-EFI-04" duration="00:00:00.0039907" startTime="2023-12-22T09:39:14.3464416+01:00" endTime="2023-12-22T09:39:14.3505740+01:00" testType="13cdc9d9-ddb5-4fa4-a97d-d965ccfc6d4b" outcome="Passed" testListId="8c84fa94-04c1-424b-9868-57a2d4851a1d" relativeResultsDirectory="03618d06-ec13-48bf-bf77-827abb4c81a2" />
    <UnitTestResult executionId="d5976dd5-5173-4b2c-aa04-7a2746b4c5b9" testId="947e66f8-3edd-6840-266f-9e5f8a6ffe6e" testName="PointMapItem_Load_Output_Success" computerName="DKSR-EFI-04" duration="00:00:00.0246748" startTime="2023-12-22T09:39:29.7449961+01:00" endTime="2023-12-22T09:39:29.7699860+01:00" testType="13cdc9d9-ddb5-4fa4-a97d-d965ccfc6d4b" outcome="Passed" testListId="8c84fa94-04c1-424b-9868-57a2d4851a1d" relativeResultsDirectory="d5976dd5-5173-4b2c-aa04-7a2746b4c5b9" />
    <UnitTestResult executionId="ff0adec9-0bc0-455a-bca9-f297c3c37f13" testId="1079a229-fd63-4e8b-6131-749f5fa842df" testName="ConvertBack_ShouldRaiseInvalidCastException_WhenValueIsNotABoolean" computerName="DKSR-EFI-04" duration="00:00:00.0004245" startTime="2023-12-22T09:38:33.3544325+01:00" endTime="2023-12-22T09:38:33.3550448+01:00" testType="13cdc9d9-ddb5-4fa4-a97d-d965ccfc6d4b" outcome="Passed" testListId="8c84fa94-04c1-424b-9868-57a2d4851a1d" relativeResultsDirectory="ff0adec9-0bc0-455a-bca9-f297c3c37f13" />
    <UnitTestResult executionId="0bcd9eee-5611-4720-94b4-ed4b5bcbc9dd" testId="0f9a112c-49fc-58b4-a426-aaecb19145b0" testName="AddToExportTuples_ShouldReturnCorrectResult (1,0,1)" computerName="DKSR-EFI-04" duration="00:00:00.0020426" startTime="2023-12-22T09:39:33.5797170+01:00" endTime="2023-12-22T09:39:33.5819217+01:00" testType="13cdc9d9-ddb5-4fa4-a97d-d965ccfc6d4b" outcome="Passed" testListId="8c84fa94-04c1-424b-9868-57a2d4851a1d" relativeResultsDirectory="0bcd9eee-5611-4720-94b4-ed4b5bcbc9dd" />
    <UnitTestResult executionId="44df6804-8440-44bf-a56b-ff8d343b91a5" testId="795c0b9d-f299-8ffa-d2ce-4bce515e128c" testName="ConvertBack_ShouldReturnIsNormalState_WhenValueFalse" computerName="DKSR-EFI-04" duration="00:00:00.0002835" startTime="2023-12-22T09:38:33.3580767+01:00" endTime="2023-12-22T09:38:33.3585143+01:00" testType="13cdc9d9-ddb5-4fa4-a97d-d965ccfc6d4b" outcome="Passed" testListId="8c84fa94-04c1-424b-9868-57a2d4851a1d" relativeResultsDirectory="44df6804-8440-44bf-a56b-ff8d343b91a5" />
    <UnitTestResult executionId="ae9f5618-c64f-40da-bd08-6d4a5a3f9ec8" testId="9dc38d44-5d89-36d6-7b22-483d30b44b5f" testName="DefaultConstructor_Success" computerName="DKSR-EFI-04" duration="00:00:00.0129273" startTime="2023-12-22T09:39:26.3029623+01:00" endTime="2023-12-22T09:39:26.3161930+01:00" testType="13cdc9d9-ddb5-4fa4-a97d-d965ccfc6d4b" outcome="Passed" testListId="8c84fa94-04c1-424b-9868-57a2d4851a1d" relativeResultsDirectory="ae9f5618-c64f-40da-bd08-6d4a5a3f9ec8" />
    <UnitTestResult executionId="40ef40f1-0feb-4b96-9f41-5f35346d937f" testId="691eb3a3-a73e-41ff-6b2b-39e88e7d8bd1" testName="AddToExportTuples_ShouldReturnCorrectResult (5,0,0)" computerName="DKSR-EFI-04" duration="00:00:00.0036499" startTime="2023-12-22T09:39:33.5891424+01:00" endTime="2023-12-22T09:39:33.5929563+01:00" testType="13cdc9d9-ddb5-4fa4-a97d-d965ccfc6d4b" outcome="Passed" testListId="8c84fa94-04c1-424b-9868-57a2d4851a1d" relativeResultsDirectory="40ef40f1-0feb-4b96-9f41-5f35346d937f" />
    <UnitTestResult executionId="6156f4fa-ddae-49ef-b00c-076037e1c052" testId="b380b0ee-9aa4-cd9d-29ce-2b0885fdf47b" testName="BoundingBoxBrowseTimeChangedTestYoungData" computerName="DKSR-EFI-04" duration="00:00:00.0046186" startTime="2023-12-22T09:39:34.8999429+01:00" endTime="2023-12-22T09:39:34.9047120+01:00" testType="13cdc9d9-ddb5-4fa4-a97d-d965ccfc6d4b" outcome="Passed" testListId="8c84fa94-04c1-424b-9868-57a2d4851a1d" relativeResultsDirectory="6156f4fa-ddae-49ef-b00c-076037e1c052" />
    <UnitTestResult executionId="26d66b05-5423-4812-977c-cd05332b04db" testId="380c2d79-325d-3409-b945-e63fa33fc5f3" testName="ToDenormalizedDirection_LesserThanMinus1_0_Failure" computerName="DKSR-EFI-04" duration="00:00:00.0002309" startTime="2023-12-22T09:39:26.7919164+01:00" endTime="2023-12-22T09:39:26.7923184+01:00" testType="13cdc9d9-ddb5-4fa4-a97d-d965ccfc6d4b" outcome="Passed" testListId="8c84fa94-04c1-424b-9868-57a2d4851a1d" relativeResultsDirectory="26d66b05-5423-4812-977c-cd05332b04db" />
    <UnitTestResult executionId="9e67f592-0731-462d-bbfd-db583bff5833" testId="eafedef4-77b0-0ba7-44ca-5ee1ec158773" testName="ValidEncryptionStrengthsForExport_ShouldOnlyReturnAllAesStrengths_WhenLegacyEncryptionEnabledInAppConfigAndFipsEnabled" computerName="DKSR-EFI-04" duration="00:00:00.0003930" startTime="2023-12-22T09:39:34.9478671+01:00" endTime="2023-12-22T09:39:34.9484080+01:00" testType="13cdc9d9-ddb5-4fa4-a97d-d965ccfc6d4b" outcome="Passed" testListId="8c84fa94-04c1-424b-9868-57a2d4851a1d" relativeResultsDirectory="9e67f592-0731-462d-bbfd-db583bff5833" />
    <UnitTestResult executionId="57ef5405-45f4-4290-a040-565884f2b95d" testId="aa1fb81d-7b98-7b44-90a1-fd0ecea840da" testName="IsProcessing_ClearWhileUnprocessedItems_Success" computerName="DKSR-EFI-04" duration="00:00:00.0012502" startTime="2023-12-22T09:39:14.4982595+01:00" endTime="2023-12-22T09:39:14.4996462+01:00" testType="13cdc9d9-ddb5-4fa4-a97d-d965ccfc6d4b" outcome="Passed" testListId="8c84fa94-04c1-424b-9868-57a2d4851a1d" relativeResultsDirectory="57ef5405-45f4-4290-a040-565884f2b95d" />
    <UnitTestResult executionId="37fa2a68-088e-46fd-8a8e-eb4cc3db8e79" testId="5660124e-2746-e525-af63-46d6c656faea" testName="Toolbar_HasNoButtonsVisibleByDefault_WhenNotInLiveOrPlayback" computerName="DKSR-EFI-04" duration="00:00:00.0129741" startTime="2023-12-22T09:39:33.0879012+01:00" endTime="2023-12-22T09:39:33.1010723+01:00" testType="13cdc9d9-ddb5-4fa4-a97d-d965ccfc6d4b" outcome="Passed" testListId="8c84fa94-04c1-424b-9868-57a2d4851a1d" relativeResultsDirectory="37fa2a68-088e-46fd-8a8e-eb4cc3db8e79" />
    <UnitTestResult executionId="19b7ff7f-379a-422a-b05f-ad6b6867c1ac" testId="007b902b-e17d-c451-d588-1b1be6581913" testName="AssignPanTiltValue_WhenValueJustAboveDeadzone_ShouldReturnJustAboveCenterValue" computerName="DKSR-EFI-04" duration="00:00:00.0001085" startTime="2023-12-22T09:38:32.5650704+01:00" endTime="2023-12-22T09:38:32.5652953+01:00" testType="13cdc9d9-ddb5-4fa4-a97d-d965ccfc6d4b" outcome="Passed" testListId="8c84fa94-04c1-424b-9868-57a2d4851a1d" relativeResultsDirectory="19b7ff7f-379a-422a-b05f-ad6b6867c1ac" />
    <UnitTestResult executionId="7ef14575-1de1-4e6f-8594-9eb7f3a3d9ba" testId="0431698b-89c7-961c-1219-e2a2171a4f5c" testName="PtzSessionTimer_ConstructorTest" computerName="DKSR-EFI-04" duration="00:00:00.0003108" startTime="2023-12-22T09:38:32.2023516+01:00" endTime="2023-12-22T09:38:32.2027745+01:00" testType="13cdc9d9-ddb5-4fa4-a97d-d965ccfc6d4b" outcome="Passed" testListId="8c84fa94-04c1-424b-9868-57a2d4851a1d" relativeResultsDirectory="7ef14575-1de1-4e6f-8594-9eb7f3a3d9ba" />
    <UnitTestResult executionId="8c33fd3b-ed07-49d9-a6f3-2afe7e5fbce2" testId="5ce1375e-46fd-90ff-af6f-56b477f36294" testName="GetWorkspaceToolbarItems_ShouldNotReturnGroupedToolbarItem_WhenGroupIdIsNull" computerName="DKSR-EFI-04" duration="00:00:00.0715518" startTime="2023-12-22T09:39:32.4884723+01:00" endTime="2023-12-22T09:39:32.5602046+01:00" testType="13cdc9d9-ddb5-4fa4-a97d-d965ccfc6d4b" outcome="Passed" testListId="8c84fa94-04c1-424b-9868-57a2d4851a1d" relativeResultsDirectory="8c33fd3b-ed07-49d9-a6f3-2afe7e5fbce2" />
    <UnitTestResult executionId="817845c2-a740-4422-97bf-efbb3d26057e" testId="e2bc20ac-f49d-eabf-edc0-8474eb6a4a1c" testName="SmartMapGoToPositionHandler_WhenDataIsNotSmartMapGoToPositionCommandData_ShouldWriteToLog" computerName="DKSR-EFI-04" duration="00:00:00.0020092" startTime="2023-12-22T09:38:38.6280873+01:00" endTime="2023-12-22T09:38:38.6302502+01:00" testType="13cdc9d9-ddb5-4fa4-a97d-d965ccfc6d4b" outcome="Passed" testListId="8c84fa94-04c1-424b-9868-57a2d4851a1d" relativeResultsDirectory="817845c2-a740-4422-97bf-efbb3d26057e" />
    <UnitTestResult executionId="bc22d734-b345-4abf-9a86-ca6cf8c01bd2" testId="a50d2941-a3c6-9371-026f-bc022ac6c222" testName="Toolbar_IsVisible_WhenNotInLiveOrPlayback_ReactsTo_ButtonBecomingVisible" computerName="DKSR-EFI-04" duration="00:00:00.0182603" startTime="2023-12-22T09:39:33.2352086+01:00" endTime="2023-12-22T09:39:33.2536663+01:00" testType="13cdc9d9-ddb5-4fa4-a97d-d965ccfc6d4b" outcome="Passed" testListId="8c84fa94-04c1-424b-9868-57a2d4851a1d" relativeResultsDirectory="bc22d734-b345-4abf-9a86-ca6cf8c01bd2" />
    <UnitTestResult executionId="c6f981f4-c9e6-4e8d-bd91-81dab962dabc" testId="ef92f893-79c7-0d51-127f-8470ebdbc768" testName="GetViewGroup_SubGroup_WithMissingGroupsElement" computerName="DKSR-EFI-04" duration="00:00:00.0090462" startTime="2023-12-22T09:38:32.3034435+01:00" endTime="2023-12-22T09:38:32.3126377+01:00" testType="13cdc9d9-ddb5-4fa4-a97d-d965ccfc6d4b" outcome="Passed" testListId="8c84fa94-04c1-424b-9868-57a2d4851a1d" relativeResultsDirectory="c6f981f4-c9e6-4e8d-bd91-81dab962dabc" />
    <UnitTestResult executionId="60f079ce-071a-4383-9d20-5a0c200ee583" testId="fc5fd650-f337-b166-89da-483c36c8a94d" testName="SearchResultCombineType_OneSearchDefinition_SearchResultCombineTypeSetToDefaultValue" computerName="DKSR-EFI-04" duration="00:00:00.0108951" startTime="2023-12-22T09:39:13.2219476+01:00" endTime="2023-12-22T09:39:13.2329902+01:00" testType="13cdc9d9-ddb5-4fa4-a97d-d965ccfc6d4b" outcome="Passed" testListId="8c84fa94-04c1-424b-9868-57a2d4851a1d" relativeResultsDirectory="60f079ce-071a-4383-9d20-5a0c200ee583" />
    <UnitTestResult executionId="86153a22-d647-4c2c-a00b-1e776aef5fa2" testId="a316d943-455b-a96d-fb1b-0c24977fe437" testName="Create_Retention_Time_Cannot_Be_Before_1900_Test_Rollback_After_Valid_Value" computerName="DKSR-EFI-04" duration="00:00:00.0018944" startTime="2023-12-22T09:39:39.4104330+01:00" endTime="2023-12-22T09:39:39.4124522+01:00" testType="13cdc9d9-ddb5-4fa4-a97d-d965ccfc6d4b" outcome="Passed" testListId="8c84fa94-04c1-424b-9868-57a2d4851a1d" relativeResultsDirectory="86153a22-d647-4c2c-a00b-1e776aef5fa2" />
    <UnitTestResult executionId="00ca8d83-286c-49ca-9cd1-f424d732476d" testId="83ccd97a-3d39-ee6a-e0f8-f15f62764577" testName="GetIsOpenStreetMapValid_ShouldReturnTrue_WhenGeographicLayerIsNullAndAlternativeServerHasValidUrl" computerName="DKSR-EFI-04" duration="00:00:00.0004932" startTime="2023-12-22T09:39:31.3245463+01:00" endTime="2023-12-22T09:39:31.3251690+01:00" testType="13cdc9d9-ddb5-4fa4-a97d-d965ccfc6d4b" outcome="Passed" testListId="8c84fa94-04c1-424b-9868-57a2d4851a1d" relativeResultsDirectory="00ca8d83-286c-49ca-9cd1-f424d732476d" />
    <UnitTestResult executionId="f9908b73-3d34-4695-8b56-3c322ba05450" testId="076479ee-f448-9ceb-4230-0072b1a0e768" testName="SortLayersByOrderAndTypes_Success" computerName="DKSR-EFI-04" duration="00:00:00.0094339" startTime="2023-12-22T09:39:28.9651461+01:00" endTime="2023-12-22T09:39:28.9747584+01:00" testType="13cdc9d9-ddb5-4fa4-a97d-d965ccfc6d4b" outcome="Passed" testListId="8c84fa94-04c1-424b-9868-57a2d4851a1d" relativeResultsDirectory="f9908b73-3d34-4695-8b56-3c322ba05450" />
    <UnitTestResult executionId="161cd26f-5e6e-465b-a2d3-863ec92d9bcb" testId="b918b474-74ff-1345-54cb-cdaf09a7e1fc" testName="TryGetOsmServerTileAddress_ShouldReturnUri_WhenOsmServerIncludesOsmTileSuffix" computerName="DKSR-EFI-04" duration="00:00:00.0001615" startTime="2023-12-22T09:39:31.3421880+01:00" endTime="2023-12-22T09:39:31.3424801+01:00" testType="13cdc9d9-ddb5-4fa4-a97d-d965ccfc6d4b" outcome="Passed" testListId="8c84fa94-04c1-424b-9868-57a2d4851a1d" relativeResultsDirectory="161cd26f-5e6e-465b-a2d3-863ec92d9bcb" />
    <UnitTestResult executionId="36a631b7-b57d-4845-ac1b-6f98ef634277" testId="81d4eeef-857b-5bf1-5cd0-3e8726c4f84c" testName="GetSearchReportDialog_SelectedSearchResults_Empty_Failure" computerName="DKSR-EFI-04" duration="00:00:00.0098576" startTime="2023-12-22T09:39:13.2607096+01:00" endTime="2023-12-22T09:39:13.2730051+01:00" testType="13cdc9d9-ddb5-4fa4-a97d-d965ccfc6d4b" outcome="Passed" testListId="8c84fa94-04c1-424b-9868-57a2d4851a1d" relativeResultsDirectory="36a631b7-b57d-4845-ac1b-6f98ef634277" />
    <UnitTestResult executionId="ddab6ac7-1d1f-41ee-a1c7-d4ece4695eaa" testId="b023ed0a-de55-261e-b76b-b001235c2a21" testName="WhenActionExecutedWithNoAlarmsThenNoObserverNotified" computerName="DKSR-EFI-04" duration="00:00:00.0448294" startTime="2023-12-22T09:39:31.4081974+01:00" endTime="2023-12-22T09:39:31.4532679+01:00" testType="13cdc9d9-ddb5-4fa4-a97d-d965ccfc6d4b" outcome="Passed" testListId="8c84fa94-04c1-424b-9868-57a2d4851a1d" relativeResultsDirectory="ddab6ac7-1d1f-41ee-a1c7-d4ece4695eaa" />
    <UnitTestResult executionId="225e3060-d5ef-4194-b167-348dff4099ec" testId="57630e13-6376-5ac4-f876-8b3113252cf4" testName="HandleGetLayerFeatures_ShouldReturnMicrophoneLayerFeatures_WhenMicrophoneKind" computerName="DKSR-EFI-04" duration="00:00:00.0027153" startTime="2023-12-22T09:39:31.2809439+01:00" endTime="2023-12-22T09:39:31.2838076+01:00" testType="13cdc9d9-ddb5-4fa4-a97d-d965ccfc6d4b" outcome="Passed" testListId="8c84fa94-04c1-424b-9868-57a2d4851a1d" relativeResultsDirectory="225e3060-d5ef-4194-b167-348dff4099ec" />
    <UnitTestResult executionId="fe651411-42fc-4274-bcf2-d78e98d0344c" testId="da581dbd-fdf9-2018-b5c2-8286b59a8ac1" testName="UpgradeToOAuth_ShouldUpgradeToSecureOAuth_WhenRequested" computerName="DKSR-EFI-04" duration="00:00:00.0012867" startTime="2023-12-22T09:38:32.3461568+01:00" endTime="2023-12-22T09:38:32.3475664+01:00" testType="13cdc9d9-ddb5-4fa4-a97d-d965ccfc6d4b" outcome="Passed" testListId="8c84fa94-04c1-424b-9868-57a2d4851a1d" relativeResultsDirectory="fe651411-42fc-4274-bcf2-d78e98d0344c" />
    <UnitTestResult executionId="f772c344-62a6-44fd-ac20-4796835d9b66" testId="13ba617e-c06d-6b6c-0709-611e06771ad4" testName="Constructor_ShouldRaiseArgumentNullException_WhenLayersIsNull" computerName="DKSR-EFI-04" duration="00:00:00.0019724" startTime="2023-12-22T09:39:31.2452511+01:00" endTime="2023-12-22T09:39:31.2475320+01:00" testType="13cdc9d9-ddb5-4fa4-a97d-d965ccfc6d4b" outcome="Passed" testListId="8c84fa94-04c1-424b-9868-57a2d4851a1d" relativeResultsDirectory="f772c344-62a6-44fd-ac20-4796835d9b66" />
    <UnitTestResult executionId="ff1ed3b9-e3b6-451c-a15f-f89e20d54133" testId="57d998ab-72e0-6699-7a67-4312514fd442" testName="ToTimeScope_YesterdayInTransitionToDST_Success" computerName="DKSR-EFI-04" duration="00:00:00.0008882" startTime="2023-12-22T09:39:13.9755498+01:00" endTime="2023-12-22T09:39:13.9765812+01:00" testType="13cdc9d9-ddb5-4fa4-a97d-d965ccfc6d4b" outcome="Passed" testListId="8c84fa94-04c1-424b-9868-57a2d4851a1d" relativeResultsDirectory="ff1ed3b9-e3b6-451c-a15f-f89e20d54133" />
    <UnitTestResult executionId="456bcb5d-6856-4dc6-9b76-0c0d988fc5ed" testId="06d17b56-b174-7e5f-cf96-64396547a14e" testName="IconValueConverter_Convert_ValidIconSource_Success" computerName="DKSR-EFI-04" duration="00:00:00.0006580" startTime="2023-12-22T09:38:59.0280449+01:00" endTime="2023-12-22T09:38:59.0289202+01:00" testType="13cdc9d9-ddb5-4fa4-a97d-d965ccfc6d4b" outcome="Passed" testListId="8c84fa94-04c1-424b-9868-57a2d4851a1d" relativeResultsDirectory="456bcb5d-6856-4dc6-9b76-0c0d988fc5ed" />
    <UnitTestResult executionId="c0436ca0-93c1-4254-9f2f-c26b3098ab3b" testId="1f280893-1f72-6f45-77a3-2457f07e9bd2" testName="ResolveSearchDefinitions_ShouldReturnResultSearchDefinition_WhenCombinedSearchResultWithSingleSubResultAndSearchDefinitionsNotContainingCorrectSearchDefinitionsAreGiven" computerName="DKSR-EFI-04" duration="00:00:00.0005421" startTime="2023-12-22T09:39:13.8490398+01:00" endTime="2023-12-22T09:39:13.8497276+01:00" testType="13cdc9d9-ddb5-4fa4-a97d-d965ccfc6d4b" outcome="Passed" testListId="8c84fa94-04c1-424b-9868-57a2d4851a1d" relativeResultsDirectory="c0436ca0-93c1-4254-9f2f-c26b3098ab3b" />
    <UnitTestResult executionId="ab6c1e32-816d-43d2-bc5c-9157d1f6b7e3" testId="efa5f5d5-e246-d31e-90ae-ee25a83e9147" testName="LoadBuilding_DefaultLevel_Selected" computerName="DKSR-EFI-04" duration="00:00:00.0152036" startTime="2023-12-22T09:39:26.7485054+01:00" endTime="2023-12-22T09:39:26.7639058+01:00" testType="13cdc9d9-ddb5-4fa4-a97d-d965ccfc6d4b" outcome="Passed" testListId="8c84fa94-04c1-424b-9868-57a2d4851a1d" relativeResultsDirectory="ab6c1e32-816d-43d2-bc5c-9157d1f6b7e3" />
    <UnitTestResult executionId="e5ce09ed-15ea-446b-9de8-74e2b7fbfdcc" testId="102b1376-858e-c079-f8d2-05ad7ca84e2b" testName="PerfCnt_ExecuteUnknownCounter_Success" computerName="DKSR-EFI-04" duration="00:00:00.0010438" startTime="2023-12-22T09:39:33.3315901+01:00" endTime="2023-12-22T09:39:33.3328742+01:00" testType="13cdc9d9-ddb5-4fa4-a97d-d965ccfc6d4b" outcome="Passed" testListId="8c84fa94-04c1-424b-9868-57a2d4851a1d" relativeResultsDirectory="e5ce09ed-15ea-446b-9de8-74e2b7fbfdcc" />
    <UnitTestResult executionId="34f0aa00-7939-4e34-9e39-9db6289269d6" testId="3073894f-f138-694b-5154-436b92ff7cb8" testName="UpdateSearchAttributes_MultipleFiltersWithValues_Added" computerName="DKSR-EFI-04" duration="00:00:00.0011696" startTime="2023-12-22T09:39:10.3259435+01:00" endTime="2023-12-22T09:39:10.3272550+01:00" testType="13cdc9d9-ddb5-4fa4-a97d-d965ccfc6d4b" outcome="Passed" testListId="8c84fa94-04c1-424b-9868-57a2d4851a1d" relativeResultsDirectory="34f0aa00-7939-4e34-9e39-9db6289269d6" />
    <UnitTestResult executionId="a8a51144-64c0-4e66-9f10-72d36a5145b9" testId="872d533c-7618-1f1f-1814-b113065309ba" testName="VideoResultSearchResult_PropertiesWhenCombinedResultSameCategoryName_CollectedAndDisplayed" computerName="DKSR-EFI-04" duration="00:00:00.0293287" startTime="2023-12-22T09:39:01.2301149+01:00" endTime="2023-12-22T09:39:01.2621931+01:00" testType="13cdc9d9-ddb5-4fa4-a97d-d965ccfc6d4b" outcome="Passed" testListId="8c84fa94-04c1-424b-9868-57a2d4851a1d" relativeResultsDirectory="a8a51144-64c0-4e66-9f10-72d36a5145b9" />
    <UnitTestResult executionId="f4854fc1-2fb5-4bb7-a626-7018179bac30" testId="3166ce8a-6864-b5e2-c1c8-2bea9adde082" testName="MonitorPlaybackState_Deserialize_Success" computerName="DKSR-EFI-04" duration="00:00:00.0031810" startTime="2023-12-22T09:39:39.8322176+01:00" endTime="2023-12-22T09:39:39.8355348+01:00" testType="13cdc9d9-ddb5-4fa4-a97d-d965ccfc6d4b" outcome="Passed" testListId="8c84fa94-04c1-424b-9868-57a2d4851a1d" relativeResultsDirectory="f4854fc1-2fb5-4bb7-a626-7018179bac30" />
    <UnitTestResult executionId="4b734c79-af60-4fdc-9761-6eca6a3e1d85" testId="80e1e452-82cf-b088-db40-d28f7d32c62d" testName="EdgeRetrieve when Live" computerName="DKSR-EFI-04" duration="00:00:00.0169487" startTime="2023-12-22T09:39:32.6751425+01:00" endTime="2023-12-22T09:39:32.8945907+01:00" testType="13cdc9d9-ddb5-4fa4-a97d-d965ccfc6d4b" outcome="Passed" testListId="8c84fa94-04c1-424b-9868-57a2d4851a1d" relativeResultsDirectory="4b734c79-af60-4fdc-9761-6eca6a3e1d85" />
    <UnitTestResult executionId="209ee156-06df-405a-8a69-fa13eb5da83b" testId="4b6fecb5-59c1-ea5f-e98e-45127e9005f6" testName="ValidateExportLocation_ShouldReturnFailResult_DestinationRequired" computerName="DKSR-EFI-04" duration="00:00:00.0367072" startTime="2023-12-22T09:38:40.7548830+01:00" endTime="2023-12-22T09:38:40.7918215+01:00" testType="13cdc9d9-ddb5-4fa4-a97d-d965ccfc6d4b" outcome="Passed" testListId="8c84fa94-04c1-424b-9868-57a2d4851a1d" relativeResultsDirectory="209ee156-06df-405a-8a69-fa13eb5da83b" />
    <UnitTestResult executionId="2b32d4a9-e5ba-45bf-aaba-e2acac4901d5" testId="17891e0b-7823-7706-f334-6ca55cc2528c" testName="RemoveSelectedCameraCommand_CameraInList_CameraRemoved" computerName="DKSR-EFI-04" duration="00:00:00.0056590" startTime="2023-12-22T09:39:12.6751609+01:00" endTime="2023-12-22T09:39:12.6809734+01:00" testType="13cdc9d9-ddb5-4fa4-a97d-d965ccfc6d4b" outcome="Passed" testListId="8c84fa94-04c1-424b-9868-57a2d4851a1d" relativeResultsDirectory="2b32d4a9-e5ba-45bf-aaba-e2acac4901d5" />
    <UnitTestResult executionId="79aaa249-fd17-4372-ae0d-b3f331bce7f8" testId="da60daa2-2199-7e98-b742-6cba793e7440" testName="AddSelectedWindowsToExport_ShouldShowCorrectToastMessages (5,5,5)" computerName="DKSR-EFI-04" duration="00:00:00.0086364" startTime="2023-12-22T09:39:33.7658591+01:00" endTime="2023-12-22T09:39:33.7746722+01:00" testType="13cdc9d9-ddb5-4fa4-a97d-d965ccfc6d4b" outcome="Passed" testListId="8c84fa94-04c1-424b-9868-57a2d4851a1d" relativeResultsDirectory="79aaa249-fd17-4372-ae0d-b3f331bce7f8" />
    <UnitTestResult executionId="c57fad44-38f4-43ca-ba73-11bde732733a" testId="305136ec-e536-ca06-24de-c6336ceb8a55" testName="DeleteMapItems_ShouldReturnTrue_WhenUserAcknowledgesDeletionOfMultipleItems" computerName="DKSR-EFI-04" duration="00:00:00.0032854" startTime="2023-12-22T09:39:29.0084002+01:00" endTime="2023-12-22T09:39:29.0118289+01:00" testType="13cdc9d9-ddb5-4fa4-a97d-d965ccfc6d4b" outcome="Passed" testListId="8c84fa94-04c1-424b-9868-57a2d4851a1d" relativeResultsDirectory="c57fad44-38f4-43ca-ba73-11bde732733a" />
    <UnitTestResult executionId="b6680cc5-c836-4555-bee0-36dcfb9e5846" testId="a96b347d-5d1c-d89b-916b-371c05303b3e" testName="ActiveInteractionStateBinding_ShouldNotBeNull_WhenCtorIsCalled" computerName="DKSR-EFI-04" duration="00:00:00.0293066" startTime="2023-12-22T09:38:36.6037601+01:00" endTime="2023-12-22T09:38:36.6363224+01:00" testType="13cdc9d9-ddb5-4fa4-a97d-d965ccfc6d4b" outcome="Passed" testListId="8c84fa94-04c1-424b-9868-57a2d4851a1d" relativeResultsDirectory="b6680cc5-c836-4555-bee0-36dcfb9e5846" />
    <UnitTestResult executionId="78a823f8-22b2-406a-8de8-787cdc121a5b" testId="3601e411-06fe-e014-7da4-87000446bebe" testName="MapCameraIcons_WhenMilestoneOemResource_ShouldReturnTenIcons" computerName="DKSR-EFI-04" duration="00:00:00.0281002" startTime="2023-12-22T09:39:37.5958253+01:00" endTime="2023-12-22T09:39:37.6241192+01:00" testType="13cdc9d9-ddb5-4fa4-a97d-d965ccfc6d4b" outcome="Passed" testListId="8c84fa94-04c1-424b-9868-57a2d4851a1d" relativeResultsDirectory="78a823f8-22b2-406a-8de8-787cdc121a5b" />
    <UnitTestResult executionId="c3b44b46-d66a-46c1-84f3-777911da93b4" testId="744b677d-0c71-fc1a-e1ca-cb97cabb4a84" testName="TryGetOsmServerTileAddress_ShouldReturnFalse_WhenOsmServerAddressIsNull" computerName="DKSR-EFI-04" duration="00:00:00.0001633" startTime="2023-12-22T09:39:31.3429053+01:00" endTime="2023-12-22T09:39:31.3431939+01:00" testType="13cdc9d9-ddb5-4fa4-a97d-d965ccfc6d4b" outcome="Passed" testListId="8c84fa94-04c1-424b-9868-57a2d4851a1d" relativeResultsDirectory="c3b44b46-d66a-46c1-84f3-777911da93b4" />
    <UnitTestResult executionId="4faea90b-509a-445d-ac14-785f41280ca2" testId="9a284a1d-156e-907f-d45e-bf23dce7a8b2" testName="HandleGetLayerFeatures_ShouldRaiseArgumentException_WhenNotInputKind" computerName="DKSR-EFI-04" duration="00:00:00.0009462" startTime="2023-12-22T09:39:31.2664892+01:00" endTime="2023-12-22T09:39:31.2676042+01:00" testType="13cdc9d9-ddb5-4fa4-a97d-d965ccfc6d4b" outcome="Passed" testListId="8c84fa94-04c1-424b-9868-57a2d4851a1d" relativeResultsDirectory="4faea90b-509a-445d-ac14-785f41280ca2" />
    <UnitTestResult executionId="58a7292c-7d1a-47fe-b9e8-2e67f318d763" testId="f8f6e293-a84f-8369-75b0-8cd14fb32ce3" testName="MicrophoneItemsLayer_NotIsGeographic_Load_Success" computerName="DKSR-EFI-04" duration="00:00:00.0098036" startTime="2023-12-22T09:39:26.8738698+01:00" endTime="2023-12-22T09:39:26.8838255+01:00" testType="13cdc9d9-ddb5-4fa4-a97d-d965ccfc6d4b" outcome="Passed" testListId="8c84fa94-04c1-424b-9868-57a2d4851a1d" relativeResultsDirectory="58a7292c-7d1a-47fe-b9e8-2e67f318d763" />
    <UnitTestResult executionId="8a54579d-af52-4f81-8767-cadb207a6e7a" testId="d84399e7-2094-11f2-58a1-ad3cf8b39c94" testName="IconTooltip_ShouldBeValid_WhenInteractionStateIsAddInput" computerName="DKSR-EFI-04" duration="00:00:00.0002506" startTime="2023-12-22T09:38:34.9173681+01:00" endTime="2023-12-22T09:38:34.9177467+01:00" testType="13cdc9d9-ddb5-4fa4-a97d-d965ccfc6d4b" outcome="Passed" testListId="8c84fa94-04c1-424b-9868-57a2d4851a1d" relativeResultsDirectory="8a54579d-af52-4f81-8767-cadb207a6e7a" />
    <UnitTestResult executionId="f109c43a-9b89-45f0-a08c-951c4a0d907c" testId="02e79180-7231-3946-3d30-86e386fbe7e5" testName="CreateExportDialog_CanSelectExportToOptics_WithOpticalDrivesPresent" computerName="DKSR-EFI-04" duration="00:00:00.0091286" startTime="2023-12-22T09:38:40.1410265+01:00" endTime="2023-12-22T09:38:40.1503006+01:00" testType="13cdc9d9-ddb5-4fa4-a97d-d965ccfc6d4b" outcome="Passed" testListId="8c84fa94-04c1-424b-9868-57a2d4851a1d" relativeResultsDirectory="f109c43a-9b89-45f0-a08c-951c4a0d907c" />
    <UnitTestResult executionId="201f5de0-85bb-472e-978c-c79f0573a3f6" testId="e36d7108-5c81-aaf4-329c-24a028699d61" testName="GetCamera_ShouldReturnCorrectCameraTest" computerName="DKSR-EFI-04" duration="00:00:00.0284952" startTime="2023-12-22T09:39:34.9488504+01:00" endTime="2023-12-22T09:39:34.9775869+01:00" testType="13cdc9d9-ddb5-4fa4-a97d-d965ccfc6d4b" outcome="Passed" testListId="8c84fa94-04c1-424b-9868-57a2d4851a1d" relativeResultsDirectory="201f5de0-85bb-472e-978c-c79f0573a3f6" />
    <UnitTestResult executionId="c13daba1-fd87-4b8a-8c06-17cfa4d6b1a2" testId="c01b7aad-2de6-9625-9d52-27adc6cc7bd7" testName="IconTooltip_ShouldBeValid_WhenInteractionStateIsAddMicrophone" computerName="DKSR-EFI-04" duration="00:00:00.0003357" startTime="2023-12-22T09:38:34.9502412+01:00" endTime="2023-12-22T09:38:34.9507537+01:00" testType="13cdc9d9-ddb5-4fa4-a97d-d965ccfc6d4b" outcome="Passed" testListId="8c84fa94-04c1-424b-9868-57a2d4851a1d" relativeResultsDirectory="c13daba1-fd87-4b8a-8c06-17cfa4d6b1a2" />
    <UnitTestResult executionId="af1fac09-ce50-4577-a9a6-8f0bce9e506f" testId="fcfc9cad-5753-f6cc-59a6-f568d4caf2fd" testName="Ctor_Success" computerName="DKSR-EFI-04" duration="00:00:00.0011139" startTime="2023-12-22T09:39:10.2544522+01:00" endTime="2023-12-22T09:39:10.2557162+01:00" testType="13cdc9d9-ddb5-4fa4-a97d-d965ccfc6d4b" outcome="Passed" testListId="8c84fa94-04c1-424b-9868-57a2d4851a1d" relativeResultsDirectory="af1fac09-ce50-4577-a9a6-8f0bce9e506f" />
    <UnitTestResult executionId="cce0a05c-33aa-4962-b168-75736013feb8" testId="3898ccc9-d005-6a67-598e-bc078f848ef1" testName="IsMicrophoneUnmuted_ShouldBeTrue_WhenMicrophoneIsUnmuted" computerName="DKSR-EFI-04" duration="00:00:00.0141548" startTime="2023-12-22T09:39:29.2809170+01:00" endTime="2023-12-22T09:39:29.2978792+01:00" testType="13cdc9d9-ddb5-4fa4-a97d-d965ccfc6d4b" outcome="Passed" testListId="8c84fa94-04c1-424b-9868-57a2d4851a1d" relativeResultsDirectory="cce0a05c-33aa-4962-b168-75736013feb8" />
    <UnitTestResult executionId="701a5652-efd7-403f-ab52-37854c4a4cb1" testId="4a5dc23b-ffe3-e948-472d-9d60d6e22bd4" testName="TestForAssemblyCoverage" computerName="DKSR-EFI-04" duration="00:00:00.0001761" startTime="2023-12-22T09:38:32.4382312+01:00" endTime="2023-12-22T09:38:32.4385846+01:00" testType="13cdc9d9-ddb5-4fa4-a97d-d965ccfc6d4b" outcome="Passed" testListId="8c84fa94-04c1-424b-9868-57a2d4851a1d" relativeResultsDirectory="701a5652-efd7-403f-ab52-37854c4a4cb1" />
    <UnitTestResult executionId="b76ed4af-89c5-4b86-af59-e8a64b6d242f" testId="3adcd1f6-966f-7457-7e36-7976f4188830" testName="CameraItemsMapLayer_Load_Save_DataIsSame" computerName="DKSR-EFI-04" duration="00:00:00.0114986" startTime="2023-12-22T09:39:26.9983385+01:00" endTime="2023-12-22T09:39:27.0100079+01:00" testType="13cdc9d9-ddb5-4fa4-a97d-d965ccfc6d4b" outcome="Passed" testListId="8c84fa94-04c1-424b-9868-57a2d4851a1d" relativeResultsDirectory="b76ed4af-89c5-4b86-af59-e8a64b6d242f" />
    <UnitTestResult executionId="dd11982a-e31a-44aa-aa78-5f6cf70b94d4" testId="e56a4d58-0ff2-e6be-cab4-b17c9aa01d74" testName="ValueWithFallbackConverterTests_Convert_FirstValueNotNull_SecondValueNotNull_Success" computerName="DKSR-EFI-04" duration="00:00:00.0001811" startTime="2023-12-22T09:38:59.0683577+01:00" endTime="2023-12-22T09:38:59.0686761+01:00" testType="13cdc9d9-ddb5-4fa4-a97d-d965ccfc6d4b" outcome="Passed" testListId="8c84fa94-04c1-424b-9868-57a2d4851a1d" relativeResultsDirectory="dd11982a-e31a-44aa-aa78-5f6cf70b94d4" />
    <UnitTestResult executionId="7281f65a-061c-445b-827f-49689620e714" testId="fb103779-d04c-1686-3285-367738634a78" testName="HandleGetDeviceData_ShouldReturnMicrophoneData_WhenMicrophoneKindAndExistingMicrophoneId" computerName="DKSR-EFI-04" duration="00:00:00.0258552" startTime="2023-12-22T09:38:39.7161845+01:00" endTime="2023-12-22T09:38:39.7422047+01:00" testType="13cdc9d9-ddb5-4fa4-a97d-d965ccfc6d4b" outcome="Passed" testListId="8c84fa94-04c1-424b-9868-57a2d4851a1d" relativeResultsDirectory="7281f65a-061c-445b-827f-49689620e714" />
    <UnitTestResult executionId="4167b990-f759-4d39-a5e3-fd80710de841" testId="f386bd71-4890-9925-d3d2-7dcbf0b9febe" testName="AndOrSearchDefinitionToVisibilityMultiConverter_CallConvert_NotFirstInListOr" computerName="DKSR-EFI-04" duration="00:00:00.0004032" startTime="2023-12-22T09:38:58.9953036+01:00" endTime="2023-12-22T09:38:58.9958371+01:00" testType="13cdc9d9-ddb5-4fa4-a97d-d965ccfc6d4b" outcome="Passed" testListId="8c84fa94-04c1-424b-9868-57a2d4851a1d" relativeResultsDirectory="4167b990-f759-4d39-a5e3-fd80710de841" />
    <UnitTestResult executionId="c138bf3d-2321-4c10-9979-36d02d3870a4" testId="95a21395-b040-7ff7-fe99-d443a657de60" testName="MonitorPlaybackState_Serialize_Success" computerName="DKSR-EFI-04" duration="00:00:00.0066881" startTime="2023-12-22T09:39:39.8249505+01:00" endTime="2023-12-22T09:39:39.8317772+01:00" testType="13cdc9d9-ddb5-4fa4-a97d-d965ccfc6d4b" outcome="Passed" testListId="8c84fa94-04c1-424b-9868-57a2d4851a1d" relativeResultsDirectory="c138bf3d-2321-4c10-9979-36d02d3870a4" />
    <UnitTestResult executionId="09985865-0810-44b3-aa07-c9dfd0ea3255" testId="dd385b74-b0ce-69dd-5bae-8f3c49a74f34" testName="SupportsRightClick_ShouldBeFalse_WhenInteractionStateIsNotNormal" computerName="DKSR-EFI-04" duration="00:00:00.0196632" startTime="2023-12-22T09:38:36.8877972+01:00" endTime="2023-12-22T09:38:36.9143913+01:00" testType="13cdc9d9-ddb5-4fa4-a97d-d965ccfc6d4b" outcome="Passed" testListId="8c84fa94-04c1-424b-9868-57a2d4851a1d" relativeResultsDirectory="09985865-0810-44b3-aa07-c9dfd0ea3255" />
    <UnitTestResult executionId="223eede5-0a36-4418-8f3b-e64345f8493c" testId="3a324bfc-234e-c9df-2934-23de7ff42e44" testName="TriggerTime_ShouldBeSetToValueOfSearchResult" computerName="DKSR-EFI-04" duration="00:00:00.0002731" startTime="2023-12-22T09:39:14.6141643+01:00" endTime="2023-12-22T09:39:14.6145729+01:00" testType="13cdc9d9-ddb5-4fa4-a97d-d965ccfc6d4b" outcome="Passed" testListId="8c84fa94-04c1-424b-9868-57a2d4851a1d" relativeResultsDirectory="223eede5-0a36-4418-8f3b-e64345f8493c" />
    <UnitTestResult executionId="747e952c-1ca4-4cc7-9167-9b1d53cd7572" testId="0910d3e9-c4fa-4b0a-4db0-a2f6efd079c5" testName="AssignPanTiltValue_WhenValueMin_ShouldReturnMinValue" computerName="DKSR-EFI-04" duration="00:00:00.0001076" startTime="2023-12-22T09:38:32.5635889+01:00" endTime="2023-12-22T09:38:32.5638077+01:00" testType="13cdc9d9-ddb5-4fa4-a97d-d965ccfc6d4b" outcome="Passed" testListId="8c84fa94-04c1-424b-9868-57a2d4851a1d" relativeResultsDirectory="747e952c-1ca4-4cc7-9167-9b1d53cd7572" />
    <UnitTestResult executionId="075dae31-3318-4b33-b888-c913787b69e2" testId="826dae12-7497-2482-cdc9-2d594ce22a1a" testName="ValidateExportLocation_ShouldReturnFailResult_ExportPathIsInvalid (aaaaaaaaaaaaaaaaaaaaaaaaaaaaaaaaaaaaaaaaaaaaaaaaaaaaaaaaaaaaaaaaaaaaaaaaaaaaaaaaaaaaaaaaaaaaaaaaaaaaaaaaaaaaaaaaaaaaaaaaaaaaaaaaaaaaaaaaaaaaaaaaaaaaaaaaaaaaaaaaaaaaaaaaaaaaaaaaaaaaaaa)" computerName="DKSR-EFI-04" duration="00:00:00.0070786" startTime="2023-12-22T09:38:40.8182245+01:00" endTime="2023-12-22T09:38:40.8254811+01:00" testType="13cdc9d9-ddb5-4fa4-a97d-d965ccfc6d4b" outcome="Passed" testListId="8c84fa94-04c1-424b-9868-57a2d4851a1d" relativeResultsDirectory="075dae31-3318-4b33-b888-c913787b69e2" />
    <UnitTestResult executionId="3a36909a-1a8d-4845-85b1-0a0f3bd3327d" testId="afb51d05-f3b7-7ba8-3b5a-420afd719c13" testName="SetMapItemCluster_ShouldSetIcon_WhenNotSuperCluster" computerName="DKSR-EFI-04" duration="00:00:00.0220167" startTime="2023-12-22T09:38:38.0357018+01:00" endTime="2023-12-22T09:38:38.0604189+01:00" testType="13cdc9d9-ddb5-4fa4-a97d-d965ccfc6d4b" outcome="Passed" testListId="8c84fa94-04c1-424b-9868-57a2d4851a1d" relativeResultsDirectory="3a36909a-1a8d-4845-85b1-0a0f3bd3327d" />
    <UnitTestResult executionId="1ed28259-0fa0-4e87-855b-4e48363e214b" testId="19f414fb-e29e-e53a-f5c0-dddd8004a79d" testName="ObjectToEnabledConverter_Convert_Success" computerName="DKSR-EFI-04" duration="00:00:00.0004371" startTime="2023-12-22T09:39:32.2956595+01:00" endTime="2023-12-22T09:39:32.2963053+01:00" testType="13cdc9d9-ddb5-4fa4-a97d-d965ccfc6d4b" outcome="Passed" testListId="8c84fa94-04c1-424b-9868-57a2d4851a1d" relativeResultsDirectory="1ed28259-0fa0-4e87-855b-4e48363e214b" />
    <UnitTestResult executionId="1a79e7f8-e521-491f-ba6d-1f6f5b404906" testId="c6c12d45-27fb-4bdb-9c70-a3598bb5e949" testName="GetCameraTypes_ShouldReturnCameraGroupType" computerName="DKSR-EFI-04" duration="00:00:00.0003283" startTime="2023-12-22T09:39:35.0168120+01:00" endTime="2023-12-22T09:39:35.0173074+01:00" testType="13cdc9d9-ddb5-4fa4-a97d-d965ccfc6d4b" outcome="Passed" testListId="8c84fa94-04c1-424b-9868-57a2d4851a1d" relativeResultsDirectory="1a79e7f8-e521-491f-ba6d-1f6f5b404906" />
    <UnitTestResult executionId="99476997-ebb0-41e1-bd3e-304ce75ab9ba" testId="855e6bd6-0b07-1dab-aa8f-031499a76818" testName="Valid password exact length" computerName="DKSR-EFI-04" duration="00:00:00.0001317" startTime="2023-12-22T09:38:40.9698000+01:00" endTime="2023-12-22T09:38:40.9700552+01:00" testType="13cdc9d9-ddb5-4fa4-a97d-d965ccfc6d4b" outcome="Passed" testListId="8c84fa94-04c1-424b-9868-57a2d4851a1d" relativeResultsDirectory="99476997-ebb0-41e1-bd3e-304ce75ab9ba" />
    <UnitTestResult executionId="5fea0095-1ce7-4167-ba45-f8f4b89a8e73" testId="1bd47a22-fa5c-5334-c7fb-8e1b4053f662" testName="Map_Layers_InsertDirectly_Fail" computerName="DKSR-EFI-04" duration="00:00:00.0057875" startTime="2023-12-22T09:39:28.7954328+01:00" endTime="2023-12-22T09:39:28.8014079+01:00" testType="13cdc9d9-ddb5-4fa4-a97d-d965ccfc6d4b" outcome="Passed" testListId="8c84fa94-04c1-424b-9868-57a2d4851a1d" relativeResultsDirectory="5fea0095-1ce7-4167-ba45-f8f4b89a8e73" />
    <UnitTestResult executionId="70d804d9-91a5-4255-887d-9a0a5d86d694" testId="a6af3342-e82c-99d7-7280-f0bc3b6ef111" testName="SupportsDoubleClick_ShouldBeTrue_WhenInteractionStateIsNewDevice" computerName="DKSR-EFI-04" duration="00:00:00.0230147" startTime="2023-12-22T09:38:37.1562021+01:00" endTime="2023-12-22T09:38:37.1818331+01:00" testType="13cdc9d9-ddb5-4fa4-a97d-d965ccfc6d4b" outcome="Passed" testListId="8c84fa94-04c1-424b-9868-57a2d4851a1d" relativeResultsDirectory="70d804d9-91a5-4255-887d-9a0a5d86d694" />
    <UnitTestResult executionId="2fe69e1e-5fbe-4685-8572-a26ae493deac" testId="55d96512-5a91-19ab-11b5-5b61e2c70e29" testName="DisplayErrorOnNotificationArea_CustomSearchError_Success" computerName="DKSR-EFI-04" duration="00:00:00.0072049" startTime="2023-12-22T09:39:13.0179807+01:00" endTime="2023-12-22T09:39:13.0253403+01:00" testType="13cdc9d9-ddb5-4fa4-a97d-d965ccfc6d4b" outcome="Passed" testListId="8c84fa94-04c1-424b-9868-57a2d4851a1d" relativeResultsDirectory="2fe69e1e-5fbe-4685-8572-a26ae493deac" />
    <UnitTestResult executionId="4f8325ee-294f-4bcd-bb11-687369cb16ce" testId="befe5650-f39d-378d-4992-3ef8f2152fe0" testName="Custom, not forced" computerName="DKSR-EFI-04" duration="00:00:00.0040966" startTime="2023-12-22T09:38:40.2410932+01:00" endTime="2023-12-22T09:38:40.2453703+01:00" testType="13cdc9d9-ddb5-4fa4-a97d-d965ccfc6d4b" outcome="Passed" testListId="8c84fa94-04c1-424b-9868-57a2d4851a1d" relativeResultsDirectory="4f8325ee-294f-4bcd-bb11-687369cb16ce" />
    <UnitTestResult executionId="953d7b51-9946-4805-a4a8-710e6025a320" testId="7ca171df-e98e-0a85-0373-bda8d8a6f93c" testName="Init_NullState_CorrectViewModelSetOnView" computerName="DKSR-EFI-04" duration="00:00:00.3334076" startTime="2023-12-22T09:38:40.2606566+01:00" endTime="2023-12-22T09:38:40.5943450+01:00" testType="13cdc9d9-ddb5-4fa4-a97d-d965ccfc6d4b" outcome="Passed" testListId="8c84fa94-04c1-424b-9868-57a2d4851a1d" relativeResultsDirectory="953d7b51-9946-4805-a4a8-710e6025a320" />
    <UnitTestResult executionId="d4283000-b156-4e4d-9de4-f8d33989e128" testId="22f81f95-90ca-baa7-300b-797405eeaf34" testName="InitializeTokenException_ShouldReturnTokenException_ForValidTokenErrors" computerName="DKSR-EFI-04" duration="00:00:00.0006894" startTime="2023-12-22T09:39:38.3608871+01:00" endTime="2023-12-22T09:39:38.3617584+01:00" testType="13cdc9d9-ddb5-4fa4-a97d-d965ccfc6d4b" outcome="Passed" testListId="8c84fa94-04c1-424b-9868-57a2d4851a1d" relativeResultsDirectory="d4283000-b156-4e4d-9de4-f8d33989e128" />
    <UnitTestResult executionId="0e2c46fa-2b8d-436d-9e66-e0b6ffe2d2e5" testId="d2076066-545c-8d0e-4e0a-900f85db5e1f" testName="AddSelectedWindowsToExport_ShouldShowCorrectToastMessages (0,0,1)" computerName="DKSR-EFI-04" duration="00:00:00.0018686" startTime="2023-12-22T09:39:33.7235283+01:00" endTime="2023-12-22T09:39:33.7255700+01:00" testType="13cdc9d9-ddb5-4fa4-a97d-d965ccfc6d4b" outcome="Passed" testListId="8c84fa94-04c1-424b-9868-57a2d4851a1d" relativeResultsDirectory="0e2c46fa-2b8d-436d-9e66-e0b6ffe2d2e5" />
    <UnitTestResult executionId="88f0619c-ee71-4a28-bf3d-13e9ccb4be20" testId="4ac44c86-bed3-2106-179e-e12e5a83e7dd" testName="TestGetWorkroom_UnknownWorkSpaceId_Success" computerName="DKSR-EFI-04" duration="00:00:00.0016904" startTime="2023-12-22T09:38:31.9879835+01:00" endTime="2023-12-22T09:38:31.9898187+01:00" testType="13cdc9d9-ddb5-4fa4-a97d-d965ccfc6d4b" outcome="Passed" testListId="8c84fa94-04c1-424b-9868-57a2d4851a1d" relativeResultsDirectory="88f0619c-ee71-4a28-bf3d-13e9ccb4be20" />
    <UnitTestResult executionId="ee9976e6-24e3-4ff3-8305-5ea7e1f0cd4f" testId="37b7b1e5-9323-fb29-1885-37b5c9283b82" testName="GetCameraTiles_ShouldReturnCorrectCameraTilesWithSingleCameraTest" computerName="DKSR-EFI-04" duration="00:00:00.0034658" startTime="2023-12-22T09:39:35.0705028+01:00" endTime="2023-12-22T09:39:35.0741335+01:00" testType="13cdc9d9-ddb5-4fa4-a97d-d965ccfc6d4b" outcome="Passed" testListId="8c84fa94-04c1-424b-9868-57a2d4851a1d" relativeResultsDirectory="ee9976e6-24e3-4ff3-8305-5ea7e1f0cd4f" />
    <UnitTestResult executionId="421650f1-7051-4c62-9530-ba9816a95dbb" testId="198a7352-93d7-0944-f1ae-7a5a353fc2ea" testName="PtzSessionController_Register_Camera_Test" computerName="DKSR-EFI-04" duration="00:00:00.0978308" startTime="2023-12-22T09:38:32.0498201+01:00" endTime="2023-12-22T09:38:32.1478084+01:00" testType="13cdc9d9-ddb5-4fa4-a97d-d965ccfc6d4b" outcome="Passed" testListId="8c84fa94-04c1-424b-9868-57a2d4851a1d" relativeResultsDirectory="421650f1-7051-4c62-9530-ba9816a95dbb" />
    <UnitTestResult executionId="9db7a3af-6662-4765-9641-5423a3e68a17" testId="ea8f64f7-705b-0857-7b53-590a46740227" testName="AddSelectedCameras_TooManyCamerasSingle_AddedUntilMaxAndWarningMessageDisplayed" computerName="DKSR-EFI-04" duration="00:00:00.0289312" startTime="2023-12-22T09:39:11.8762148+01:00" endTime="2023-12-22T09:39:11.9053249+01:00" testType="13cdc9d9-ddb5-4fa4-a97d-d965ccfc6d4b" outcome="Passed" testListId="8c84fa94-04c1-424b-9868-57a2d4851a1d" relativeResultsDirectory="9db7a3af-6662-4765-9641-5423a3e68a17" />
    <UnitTestResult executionId="0c4bbf2d-61b9-495b-a1ad-e28a3b45d6bb" testId="052697c7-c6ac-9c36-6e57-c8105d8c8917" testName="SupportsDoubleClick_ShouldBeTrue_WhenInteractionStateIsNewDevice" computerName="DKSR-EFI-04" duration="00:00:00.0439310" startTime="2023-12-22T09:38:38.3173549+01:00" endTime="2023-12-22T09:38:38.3640282+01:00" testType="13cdc9d9-ddb5-4fa4-a97d-d965ccfc6d4b" outcome="Passed" testListId="8c84fa94-04c1-424b-9868-57a2d4851a1d" relativeResultsDirectory="0c4bbf2d-61b9-495b-a1ad-e28a3b45d6bb" />
    <UnitTestResult executionId="582ffff4-ae9e-43e3-930a-e8ca23a4a632" testId="3c6da4f1-e15b-e209-7afc-b41a7ac6ff10" testName="AuthType_ShouldReturnNegotiate_WhenConstructedUsingWindowsDefault" computerName="DKSR-EFI-04" duration="00:00:00.0001380" startTime="2023-12-22T09:38:32.3395706+01:00" endTime="2023-12-22T09:38:32.3398180+01:00" testType="13cdc9d9-ddb5-4fa4-a97d-d965ccfc6d4b" outcome="Passed" testListId="8c84fa94-04c1-424b-9868-57a2d4851a1d" relativeResultsDirectory="582ffff4-ae9e-43e3-930a-e8ca23a4a632" />
    <UnitTestResult executionId="2cfb1011-10f7-49bf-a88d-c2c0211a80b0" testId="dc096e9d-933e-6e98-213b-490659477502" testName="ToSafeName_NullString_Success" computerName="DKSR-EFI-04" duration="00:00:00.0005456" startTime="2023-12-22T09:39:38.6125782+01:00" endTime="2023-12-22T09:39:38.6132565+01:00" testType="13cdc9d9-ddb5-4fa4-a97d-d965ccfc6d4b" outcome="Passed" testListId="8c84fa94-04c1-424b-9868-57a2d4851a1d" relativeResultsDirectory="2cfb1011-10f7-49bf-a88d-c2c0211a80b0" />
    <UnitTestResult executionId="f0a4fea5-6ee3-4bf8-87b0-ad3b07f40911" testId="e9b6f05b-8b63-04bd-4d02-75ef2000b3a9" testName="DetermineUserAllowsUnsecureConnection_WhereUserIsNotAskedAndUnsecureIsNotAllow_ShouldReturnFalse" computerName="DKSR-EFI-04" duration="00:00:00.0152642" startTime="2023-12-22T09:38:29.9360478+01:00" endTime="2023-12-22T09:38:29.9528201+01:00" testType="13cdc9d9-ddb5-4fa4-a97d-d965ccfc6d4b" outcome="Passed" testListId="8c84fa94-04c1-424b-9868-57a2d4851a1d" relativeResultsDirectory="f0a4fea5-6ee3-4bf8-87b0-ad3b07f40911" />
    <UnitTestResult executionId="0e3ded1b-9eff-4ff5-b440-2a0a049d40f2" testId="5effecc7-0d7c-71b0-4a5d-1b5e24448f32" testName="SaveAsNewSearchTemplateAsync_Succeeds_Success" computerName="DKSR-EFI-04" duration="00:00:00.0043264" startTime="2023-12-22T09:39:13.9083643+01:00" endTime="2023-12-22T09:39:13.9128322+01:00" testType="13cdc9d9-ddb5-4fa4-a97d-d965ccfc6d4b" outcome="Passed" testListId="8c84fa94-04c1-424b-9868-57a2d4851a1d" relativeResultsDirectory="0e3ded1b-9eff-4ff5-b440-2a0a049d40f2" />
    <UnitTestResult executionId="0caf2576-306f-41f2-9bee-27417015b547" testId="5fa2d48f-d59e-30ed-e88d-ec6e2699e6a0" testName="MapInputIcons_WhenPinkOemResource_ShouldReturnSevenIcons" computerName="DKSR-EFI-04" duration="00:00:00.0205181" startTime="2023-12-22T09:39:37.6716698+01:00" endTime="2023-12-22T09:39:37.6923520+01:00" testType="13cdc9d9-ddb5-4fa4-a97d-d965ccfc6d4b" outcome="Passed" testListId="8c84fa94-04c1-424b-9868-57a2d4851a1d" relativeResultsDirectory="0caf2576-306f-41f2-9bee-27417015b547" />
    <UnitTestResult executionId="4fb40e33-479c-4bab-9c76-3703401a8802" testId="30f4ca0f-0cfa-0e61-edff-19f1044181dc" testName="PatrollingProfileViewModelTest_patrollingStepListViewModel_PropertyChanged" computerName="DKSR-EFI-04" duration="00:00:00.0018291" startTime="2023-12-22T09:39:32.2240752+01:00" endTime="2023-12-22T09:39:32.2260394+01:00" testType="13cdc9d9-ddb5-4fa4-a97d-d965ccfc6d4b" outcome="Passed" testListId="8c84fa94-04c1-424b-9868-57a2d4851a1d" relativeResultsDirectory="4fb40e33-479c-4bab-9c76-3703401a8802" />
    <UnitTestResult executionId="7338a8ae-88c6-4063-8b97-d9d37f369d0e" testId="ac028d00-9e94-7167-70c4-eff006ef19bc" testName="Command_WithNullResults_PluginInstanceActivatedCalled" computerName="DKSR-EFI-04" duration="00:00:00.0025791" startTime="2023-12-22T09:39:11.4684130+01:00" endTime="2023-12-22T09:39:11.4711313+01:00" testType="13cdc9d9-ddb5-4fa4-a97d-d965ccfc6d4b" outcome="Passed" testListId="8c84fa94-04c1-424b-9868-57a2d4851a1d" relativeResultsDirectory="7338a8ae-88c6-4063-8b97-d9d37f369d0e" />
    <UnitTestResult executionId="d14efb1e-2561-46c1-8d21-2f38621b8581" testId="8ad53d84-7b7f-42f1-3c0f-a181a1bcf187" testName="FieldOfView_XPCO_SC_RoundtripTransform_Success" computerName="DKSR-EFI-04" duration="00:00:00.0003983" startTime="2023-12-22T09:39:26.8140266+01:00" endTime="2023-12-22T09:39:26.8145738+01:00" testType="13cdc9d9-ddb5-4fa4-a97d-d965ccfc6d4b" outcome="Passed" testListId="8c84fa94-04c1-424b-9868-57a2d4851a1d" relativeResultsDirectory="d14efb1e-2561-46c1-8d21-2f38621b8581" />
    <UnitTestResult executionId="77221d64-ae85-421f-991b-3aaebb116af8" testId="72855fe1-8be2-532b-4d86-61e95119c906" testName="PatrollingStepListViewModel_MoveStepUpExecute" computerName="DKSR-EFI-04" duration="00:00:00.0021378" startTime="2023-12-22T09:39:32.2508987+01:00" endTime="2023-12-22T09:39:32.2531727+01:00" testType="13cdc9d9-ddb5-4fa4-a97d-d965ccfc6d4b" outcome="Passed" testListId="8c84fa94-04c1-424b-9868-57a2d4851a1d" relativeResultsDirectory="77221d64-ae85-421f-991b-3aaebb116af8" />
    <UnitTestResult executionId="210e9bfb-cdab-4bd6-ab03-e50f63030200" testId="a480eb88-b28c-a072-8d06-d39cc9a234d7" testName="Outline_ShouldRejectSet_WhenOutlineIsSelfcrossing" computerName="DKSR-EFI-04" duration="00:00:00.0069152" startTime="2023-12-22T09:39:26.7709682+01:00" endTime="2023-12-22T09:39:26.7780675+01:00" testType="13cdc9d9-ddb5-4fa4-a97d-d965ccfc6d4b" outcome="Passed" testListId="8c84fa94-04c1-424b-9868-57a2d4851a1d" relativeResultsDirectory="210e9bfb-cdab-4bd6-ab03-e50f63030200" />
    <UnitTestResult executionId="a8fa0d6d-c5a3-4604-a11c-132824a98cfd" testId="ee5f0f9a-0e04-d5a2-b25f-f40f3b08b3de" testName="ToDenormalizedDirection_0_0" computerName="DKSR-EFI-04" duration="00:00:00.0001007" startTime="2023-12-22T09:39:26.7927645+01:00" endTime="2023-12-22T09:39:26.7929931+01:00" testType="13cdc9d9-ddb5-4fa4-a97d-d965ccfc6d4b" outcome="Passed" testListId="8c84fa94-04c1-424b-9868-57a2d4851a1d" relativeResultsDirectory="a8fa0d6d-c5a3-4604-a11c-132824a98cfd" />
    <UnitTestResult executionId="41e4464f-3ce8-4640-b57f-284f3071ef22" testId="5af784fc-9243-ca85-aed0-526fe2586632" testName="BuildState_Success" computerName="DKSR-EFI-04" duration="00:00:00.0327428" startTime="2023-12-22T09:38:41.1421412+01:00" endTime="2023-12-22T09:38:41.1750441+01:00" testType="13cdc9d9-ddb5-4fa4-a97d-d965ccfc6d4b" outcome="Passed" testListId="8c84fa94-04c1-424b-9868-57a2d4851a1d" relativeResultsDirectory="41e4464f-3ce8-4640-b57f-284f3071ef22" />
    <UnitTestResult executionId="fbbb79d0-a929-4b72-bbdc-750670fc77c3" testId="68a0cb09-28c6-2900-d9b8-f1de6e183f62" testName="ToDenormalizedFieldOfView_GreaterThan1_0_Failure" computerName="DKSR-EFI-04" duration="00:00:00.0002468" startTime="2023-12-22T09:39:26.7997387+01:00" endTime="2023-12-22T09:39:26.8001349+01:00" testType="13cdc9d9-ddb5-4fa4-a97d-d965ccfc6d4b" outcome="Passed" testListId="8c84fa94-04c1-424b-9868-57a2d4851a1d" relativeResultsDirectory="fbbb79d0-a929-4b72-bbdc-750670fc77c3" />
    <UnitTestResult executionId="7912bfb8-35ed-40ac-a598-1e4814bdc730" testId="03c0368b-e341-b507-4b7e-610a5973bcc4" testName="WhenActionExecutedWithAlarmsThenEveryObserverNotified" computerName="DKSR-EFI-04" duration="00:00:00.0043478" startTime="2023-12-22T09:39:31.4537527+01:00" endTime="2023-12-22T09:39:31.4582482+01:00" testType="13cdc9d9-ddb5-4fa4-a97d-d965ccfc6d4b" outcome="Passed" testListId="8c84fa94-04c1-424b-9868-57a2d4851a1d" relativeResultsDirectory="7912bfb8-35ed-40ac-a598-1e4814bdc730" />
    <UnitTestResult executionId="37842bf0-f185-4c62-aa4c-b9478abfe8a5" testId="800f9645-615e-ad0a-a2cb-53e0d1e48385" testName="GetSearchReportDialog_SelectedSearchResults_SingleResult_Success" computerName="DKSR-EFI-04" duration="00:00:00.1046020" startTime="2023-12-22T09:39:13.2735104+01:00" endTime="2023-12-22T09:39:13.3806240+01:00" testType="13cdc9d9-ddb5-4fa4-a97d-d965ccfc6d4b" outcome="Passed" testListId="8c84fa94-04c1-424b-9868-57a2d4851a1d" relativeResultsDirectory="37842bf0-f185-4c62-aa4c-b9478abfe8a5" />
    <UnitTestResult executionId="f42e8cfa-3642-4ab7-8035-ae4d0a2fc35e" testId="ce972480-9742-1510-efc9-f75d1c2264f7" testName="ValidateExportFormats_SmartClientPlayerFormat_ShouldReturnFailResult_ExportPathIsTooLong (c:\aaaaaaaaaaaaaaaaaaaaaaaaaaaaaaaaaaaaaaaaaaaaaaaaaaaaaaaaaaaaaaaaaaaaaaaaaaaaaaaaaaaaaaaaaaaaaaaaaaaaaaaaaaaaaaaaaaaaaaaaaaaaaaaaaaaaaaaaaaaaaaaaaaaaaaaaaaaaaaaaaaaaaaaaaaaaaaaaaaaaaaa)" computerName="DKSR-EFI-04" duration="00:00:00.0076255" startTime="2023-12-22T09:38:40.8803710+01:00" endTime="2023-12-22T09:38:40.8881689+01:00" testType="13cdc9d9-ddb5-4fa4-a97d-d965ccfc6d4b" outcome="Passed" testListId="8c84fa94-04c1-424b-9868-57a2d4851a1d" relativeResultsDirectory="f42e8cfa-3642-4ab7-8035-ae4d0a2fc35e" />
    <UnitTestResult executionId="9e7417c8-22c4-4144-a4e7-b5cdde2a5cd1" testId="63fb96d5-d28e-59d8-da39-0b1d1307a3be" testName="ShouldReturnTrueWhenBuildingsChanged" computerName="DKSR-EFI-04" duration="00:00:00.0149043" startTime="2023-12-22T09:38:38.7964327+01:00" endTime="2023-12-22T09:38:38.8114597+01:00" testType="13cdc9d9-ddb5-4fa4-a97d-d965ccfc6d4b" outcome="Passed" testListId="8c84fa94-04c1-424b-9868-57a2d4851a1d" relativeResultsDirectory="9e7417c8-22c4-4144-a4e7-b5cdde2a5cd1" />
    <UnitTestResult executionId="e0d4041b-6ff8-45de-a923-6e158af455d2" testId="ed1d90ee-8339-654e-30f1-a3356e61f489" testName="PatrollingStepListViewModel_MoveStepUpCommand" computerName="DKSR-EFI-04" duration="00:00:00.0014618" startTime="2023-12-22T09:39:32.2488873+01:00" endTime="2023-12-22T09:39:32.2504781+01:00" testType="13cdc9d9-ddb5-4fa4-a97d-d965ccfc6d4b" outcome="Passed" testListId="8c84fa94-04c1-424b-9868-57a2d4851a1d" relativeResultsDirectory="e0d4041b-6ff8-45de-a923-6e158af455d2" />
    <UnitTestResult executionId="3e3f937f-265a-45c3-a366-3a3bc9ccf2bb" testId="5b38455f-575a-f0bf-1374-9f24005465f7" testName="Ctor_UnknownEditControl_DropDownAttributeEditorUsed" computerName="DKSR-EFI-04" duration="00:00:00.0090019" startTime="2023-12-22T09:39:10.3515661+01:00" endTime="2023-12-22T09:39:10.3633479+01:00" testType="13cdc9d9-ddb5-4fa4-a97d-d965ccfc6d4b" outcome="Passed" testListId="8c84fa94-04c1-424b-9868-57a2d4851a1d" relativeResultsDirectory="3e3f937f-265a-45c3-a366-3a3bc9ccf2bb" />
    <UnitTestResult executionId="77a76ba7-89af-437c-bfc3-d91503a1378b" testId="1d5225e4-5ff0-424d-ae91-6d7aa1287493" testName="Deserialize_ShouldReportInvalidCombineType_WhenCombineTypeValueIsNotAnInteger" computerName="DKSR-EFI-04" duration="00:00:00.0005632" startTime="2023-12-22T09:39:14.6900604+01:00" endTime="2023-12-22T09:39:14.6907600+01:00" testType="13cdc9d9-ddb5-4fa4-a97d-d965ccfc6d4b" outcome="Passed" testListId="8c84fa94-04c1-424b-9868-57a2d4851a1d" relativeResultsDirectory="77a76ba7-89af-437c-bfc3-d91503a1378b" />
    <UnitTestResult executionId="187fb44d-1448-49ef-85d7-c7ee16e94fa3" testId="2978490b-f335-bd98-3d44-ea762b2e8674" testName="CalculateNewExtent_ShouldLimitExtent_WhenBeyondMaxOnUpperLeftEdge" computerName="DKSR-EFI-04" duration="00:00:00.0001856" startTime="2023-12-22T09:38:38.8206095+01:00" endTime="2023-12-22T09:38:38.8209110+01:00" testType="13cdc9d9-ddb5-4fa4-a97d-d965ccfc6d4b" outcome="Passed" testListId="8c84fa94-04c1-424b-9868-57a2d4851a1d" relativeResultsDirectory="187fb44d-1448-49ef-85d7-c7ee16e94fa3" />
    <UnitTestResult executionId="4df617a8-0a64-4c62-bd1a-626b5d3276aa" testId="5ea77848-9cab-6829-7cc9-030d32485ccd" testName="TryGetOsmServerTileAddress_ShouldReturnFalse_WhenOsmServerAddressIsEmpty" computerName="DKSR-EFI-04" duration="00:00:00.0001600" startTime="2023-12-22T09:39:31.3436205+01:00" endTime="2023-12-22T09:39:31.3439061+01:00" testType="13cdc9d9-ddb5-4fa4-a97d-d965ccfc6d4b" outcome="Passed" testListId="8c84fa94-04c1-424b-9868-57a2d4851a1d" relativeResultsDirectory="4df617a8-0a64-4c62-bd1a-626b5d3276aa" />
    <UnitTestResult executionId="b5d73595-3926-494a-84cb-012d8235f9d6" testId="3d65563e-5c93-99b0-3def-2e75403bb40e" testName="CreateDefinition_NoItems_SearchNotStarted" computerName="DKSR-EFI-04" duration="00:00:00.0030784" startTime="2023-12-22T09:39:14.2435039+01:00" endTime="2023-12-22T09:39:14.2467199+01:00" testType="13cdc9d9-ddb5-4fa4-a97d-d965ccfc6d4b" outcome="Passed" testListId="8c84fa94-04c1-424b-9868-57a2d4851a1d" relativeResultsDirectory="b5d73595-3926-494a-84cb-012d8235f9d6" />
    <UnitTestResult executionId="b7d61858-a625-4924-8006-766534b1c91c" testId="9c9fd855-69d4-9918-84e1-a8e0fcc2b097" testName="SearchAction_Carrousel_PlaybackMode" computerName="DKSR-EFI-04" duration="00:00:00.0100566" startTime="2023-12-22T09:39:34.2088146+01:00" endTime="2023-12-22T09:39:34.2190491+01:00" testType="13cdc9d9-ddb5-4fa4-a97d-d965ccfc6d4b" outcome="Passed" testListId="8c84fa94-04c1-424b-9868-57a2d4851a1d" relativeResultsDirectory="b7d61858-a625-4924-8006-766534b1c91c" />
    <UnitTestResult executionId="c8f02fc4-bcc8-449c-b3b1-21c3a3d3c3da" testId="a82486f4-91e1-c778-be1c-6489525080cf" testName="PtzSessionControllerInfoConstructorTest_From_PtzSessionInfo_Windows_User" computerName="DKSR-EFI-04" duration="00:00:00.0070554" startTime="2023-12-22T09:38:32.1660124+01:00" endTime="2023-12-22T09:38:32.1732021+01:00" testType="13cdc9d9-ddb5-4fa4-a97d-d965ccfc6d4b" outcome="Passed" testListId="8c84fa94-04c1-424b-9868-57a2d4851a1d" relativeResultsDirectory="c8f02fc4-bcc8-449c-b3b1-21c3a3d3c3da" />
    <UnitTestResult executionId="f5a99035-848f-4570-b3ae-18c5a52a0957" testId="d4a56e7d-608d-82d0-94be-2ee3ccb3dc5e" testName="ResolveSearchDefinitions_ShouldReturnResultSearchDefinition_WhenCombinedSearchResultWithSingleSubResultAndEmptySearchDefinitionsAreGiven" computerName="DKSR-EFI-04" duration="00:00:00.0004907" startTime="2023-12-22T09:39:13.8471895+01:00" endTime="2023-12-22T09:39:13.8478185+01:00" testType="13cdc9d9-ddb5-4fa4-a97d-d965ccfc6d4b" outcome="Passed" testListId="8c84fa94-04c1-424b-9868-57a2d4851a1d" relativeResultsDirectory="f5a99035-848f-4570-b3ae-18c5a52a0957" />
    <UnitTestResult executionId="06a08550-1d5d-46fc-9f08-98ce3559ed3f" testId="7800ded3-3f95-f40a-3aae-7b7a07c1c0ae" testName="GetLayerVisibilityItemsData_ShouldRenameViewZoneLayer_WhenDeviceLayersAreProvided" computerName="DKSR-EFI-04" duration="00:00:00.0044704" startTime="2023-12-22T09:38:34.8557878+01:00" endTime="2023-12-22T09:38:34.8604164+01:00" testType="13cdc9d9-ddb5-4fa4-a97d-d965ccfc6d4b" outcome="Passed" testListId="8c84fa94-04c1-424b-9868-57a2d4851a1d" relativeResultsDirectory="06a08550-1d5d-46fc-9f08-98ce3559ed3f" />
    <UnitTestResult executionId="58747e53-d116-4d63-9f01-f5a2c0b5ccc1" testId="2f07bb8b-cd50-f2c2-1839-7178b31bc8e9" testName="GetMapLayerArguments_ShouldReturnIGisMapModelAndAlarmsObservables_WhenCalled" computerName="DKSR-EFI-04" duration="00:00:00.0004764" startTime="2023-12-22T09:39:29.0309663+01:00" endTime="2023-12-22T09:39:29.0316560+01:00" testType="13cdc9d9-ddb5-4fa4-a97d-d965ccfc6d4b" outcome="Passed" testListId="8c84fa94-04c1-424b-9868-57a2d4851a1d" relativeResultsDirectory="58747e53-d116-4d63-9f01-f5a2c0b5ccc1" />
    <UnitTestResult executionId="2ad0e7d8-2330-428b-a273-ae1d07e285b2" testId="f4c83ffd-478a-19b7-4825-b6d0081bab21" testName="Convert_NoCamerasSelectionsButOneSearchDefinition_Collapsed" computerName="DKSR-EFI-04" duration="00:00:00.0001708" startTime="2023-12-22T09:38:59.0554694+01:00" endTime="2023-12-22T09:38:59.0557682+01:00" testType="13cdc9d9-ddb5-4fa4-a97d-d965ccfc6d4b" outcome="Passed" testListId="8c84fa94-04c1-424b-9868-57a2d4851a1d" relativeResultsDirectory="2ad0e7d8-2330-428b-a273-ae1d07e285b2" />
    <UnitTestResult executionId="f37010a8-1dd3-4515-9cd9-284ba5b7350f" testId="2a52f03a-cddc-7860-41d6-2e4a73025212" testName="VideoResultSearchResult_ShouldOnlyHavePropertiesFromSecondContext_WhenSetTwiceAndThrowingOnTokenCancellation" computerName="DKSR-EFI-04" duration="00:00:02.0267232" startTime="2023-12-22T09:38:59.1995048+01:00" endTime="2023-12-22T09:39:01.2295424+01:00" testType="13cdc9d9-ddb5-4fa4-a97d-d965ccfc6d4b" outcome="Passed" testListId="8c84fa94-04c1-424b-9868-57a2d4851a1d" relativeResultsDirectory="f37010a8-1dd3-4515-9cd9-284ba5b7350f" />
    <UnitTestResult executionId="9a359f13-b3fc-43e1-8d18-253a2966e371" testId="8e306d02-bff6-2147-0601-d259a33cfc75" testName="IsProductionEnvironment_ShouldReturnCorrectValue (wtst,False)" computerName="DKSR-EFI-04" duration="00:00:00.0000044" startTime="2023-12-22T09:39:38.6094039+01:00" endTime="2023-12-22T09:39:38.6095502+01:00" testType="13cdc9d9-ddb5-4fa4-a97d-d965ccfc6d4b" outcome="Passed" testListId="8c84fa94-04c1-424b-9868-57a2d4851a1d" relativeResultsDirectory="9a359f13-b3fc-43e1-8d18-253a2966e371" />
    <UnitTestResult executionId="e75d1bac-d1cc-44ed-943a-fd53dce4a6c5" testId="6ed649e1-03e1-4590-3da9-e33c23ab658c" testName="Retrieve_InnerExceptionLogged" computerName="DKSR-EFI-04" duration="00:00:00.0018507" startTime="2023-12-22T09:38:38.6668435+01:00" endTime="2023-12-22T09:38:38.6688164+01:00" testType="13cdc9d9-ddb5-4fa4-a97d-d965ccfc6d4b" outcome="Passed" testListId="8c84fa94-04c1-424b-9868-57a2d4851a1d" relativeResultsDirectory="e75d1bac-d1cc-44ed-943a-fd53dce4a6c5" />
    <UnitTestResult executionId="fc785f2e-fa88-4bb1-ab3c-ae358f4d5232" testId="c619b254-8c86-c5cf-c771-3ea358787f56" testName="TestSwitchWorkroom_ByWorkSpaceId_Success" computerName="DKSR-EFI-04" duration="00:00:00.0186952" startTime="2023-12-22T09:38:32.0102723+01:00" endTime="2023-12-22T09:38:32.0291265+01:00" testType="13cdc9d9-ddb5-4fa4-a97d-d965ccfc6d4b" outcome="Passed" testListId="8c84fa94-04c1-424b-9868-57a2d4851a1d" relativeResultsDirectory="fc785f2e-fa88-4bb1-ab3c-ae358f4d5232" />
    <UnitTestResult executionId="4ae441cb-153b-4a2c-8987-47677d8741b0" testId="37275f45-b603-68a0-1bd8-9697e06c83fc" testName="Domain_ShouldThrow_InvalidOperationException_WhenConstructedUsingExternal" computerName="DKSR-EFI-04" duration="00:00:00.0004515" startTime="2023-12-22T09:38:32.3612714+01:00" endTime="2023-12-22T09:38:32.3618563+01:00" testType="13cdc9d9-ddb5-4fa4-a97d-d965ccfc6d4b" outcome="Passed" testListId="8c84fa94-04c1-424b-9868-57a2d4851a1d" relativeResultsDirectory="4ae441cb-153b-4a2c-8987-47677d8741b0" />
    <UnitTestResult executionId="69957976-b287-4233-a6a9-9561c0b71adf" testId="623a898d-977d-5b91-e1b8-7c6682d95502" testName="MapLayerType_ShouldBeNull_WhenCalled" computerName="DKSR-EFI-04" duration="00:00:00.0002195" startTime="2023-12-22T09:39:29.0214877+01:00" endTime="2023-12-22T09:39:29.0219353+01:00" testType="13cdc9d9-ddb5-4fa4-a97d-d965ccfc6d4b" outcome="Passed" testListId="8c84fa94-04c1-424b-9868-57a2d4851a1d" relativeResultsDirectory="69957976-b287-4233-a6a9-9561c0b71adf" />
    <UnitTestResult executionId="a052635f-10c8-4367-a854-d229ff947fca" testId="187ee319-c305-31ec-cc6d-df00e81417f3" testName="SupportsDoubleClick_ShouldBeFalse_WhenInteractionStateIsNormalAndNotInSetupMode" computerName="DKSR-EFI-04" duration="00:00:00.0260533" startTime="2023-12-22T09:38:36.7477389+01:00" endTime="2023-12-22T09:38:36.7772398+01:00" testType="13cdc9d9-ddb5-4fa4-a97d-d965ccfc6d4b" outcome="Passed" testListId="8c84fa94-04c1-424b-9868-57a2d4851a1d" relativeResultsDirectory="a052635f-10c8-4367-a854-d229ff947fca" />
    <UnitTestResult executionId="e413d55c-00b8-40b9-a558-d2a2414126a6" testId="299b8bc8-9ed0-5ee6-8aa2-46e5da15a4a2" testName="UserHasEditPublicSearchPermission_HasEditPermission_ReturnsTrue" computerName="DKSR-EFI-04" duration="00:00:00.0003740" startTime="2023-12-22T09:39:13.9510037+01:00" endTime="2023-12-22T09:39:13.9515115+01:00" testType="13cdc9d9-ddb5-4fa4-a97d-d965ccfc6d4b" outcome="Passed" testListId="8c84fa94-04c1-424b-9868-57a2d4851a1d" relativeResultsDirectory="e413d55c-00b8-40b9-a558-d2a2414126a6" />
    <UnitTestResult executionId="efa0e37c-1deb-4e08-b3f4-f14dae3e6e87" testId="f0c6f445-2735-407d-8bd8-efde582fd792" testName="Ctor_ShouldApplyRelevanceComparer_WhenViewModelIsCreated" computerName="DKSR-EFI-04" duration="00:00:00.0038929" startTime="2023-12-22T09:39:11.5523603+01:00" endTime="2023-12-22T09:39:11.5563903+01:00" testType="13cdc9d9-ddb5-4fa4-a97d-d965ccfc6d4b" outcome="Passed" testListId="8c84fa94-04c1-424b-9868-57a2d4851a1d" relativeResultsDirectory="efa0e37c-1deb-4e08-b3f4-f14dae3e6e87" />
    <UnitTestResult executionId="f79f5f82-d39e-4829-bcb2-246b56198a9e" testId="3a19b5c0-1365-ca23-ee7f-bd0c0b6da0fe" testName="AddToExportDevices_ShouldAddToExportData (0)" computerName="DKSR-EFI-04" duration="00:00:00.0052874" startTime="2023-12-22T09:39:33.6397859+01:00" endTime="2023-12-22T09:39:33.6453309+01:00" testType="13cdc9d9-ddb5-4fa4-a97d-d965ccfc6d4b" outcome="Passed" testListId="8c84fa94-04c1-424b-9868-57a2d4851a1d" relativeResultsDirectory="f79f5f82-d39e-4829-bcb2-246b56198a9e" />
    <UnitTestResult executionId="e5249c8e-70d2-4ab4-99f3-4b47666cc7e8" testId="4fb20969-8818-625a-fe73-6165a97fd7c8" testName="SetIncludePartialResults_ShouldRespectResultsToReselect_WhenResultsToReselectIsNotEmpty" computerName="DKSR-EFI-04" duration="00:00:00.0019262" startTime="2023-12-22T09:39:14.5289903+01:00" endTime="2023-12-22T09:39:14.5310503+01:00" testType="13cdc9d9-ddb5-4fa4-a97d-d965ccfc6d4b" outcome="Passed" testListId="8c84fa94-04c1-424b-9868-57a2d4851a1d" relativeResultsDirectory="e5249c8e-70d2-4ab4-99f3-4b47666cc7e8" />
    <UnitTestResult executionId="d336be88-866d-4dce-bb1f-f3adc4fc281e" testId="9febb6f2-deb2-94da-aa47-7dc5befd915e" testName="DeactivatedOutputIcons_ShouldReturnIconsInAProperOrder_WhenCalled" computerName="DKSR-EFI-04" duration="00:00:00.0017468" startTime="2023-12-22T09:39:29.0821698+01:00" endTime="2023-12-22T09:39:29.0840479+01:00" testType="13cdc9d9-ddb5-4fa4-a97d-d965ccfc6d4b" outcome="Passed" testListId="8c84fa94-04c1-424b-9868-57a2d4851a1d" relativeResultsDirectory="d336be88-866d-4dce-bb1f-f3adc4fc281e" />
    <UnitTestResult executionId="83f62430-78be-4a44-a15d-a42cc89bc8a8" testId="8c07f686-6c37-5afb-9e2e-861969346f9f" testName="AddResults_IncludePartialResults_OnePartialResult_Success" computerName="DKSR-EFI-04" duration="00:00:00.0035299" startTime="2023-12-22T09:39:14.5112755+01:00" endTime="2023-12-22T09:39:14.5149422+01:00" testType="13cdc9d9-ddb5-4fa4-a97d-d965ccfc6d4b" outcome="Passed" testListId="8c84fa94-04c1-424b-9868-57a2d4851a1d" relativeResultsDirectory="83f62430-78be-4a44-a15d-a42cc89bc8a8" />
    <UnitTestResult executionId="a53a3782-b5cd-4d6b-8820-c685c75e4083" testId="34490af8-d3d6-7a91-eac4-416d37c4c03b" testName="SerializeDeserialize_Success" computerName="DKSR-EFI-04" duration="00:00:00.0003882" startTime="2023-12-22T09:39:13.9536785+01:00" endTime="2023-12-22T09:39:13.9542742+01:00" testType="13cdc9d9-ddb5-4fa4-a97d-d965ccfc6d4b" outcome="Passed" testListId="8c84fa94-04c1-424b-9868-57a2d4851a1d" relativeResultsDirectory="a53a3782-b5cd-4d6b-8820-c685c75e4083" />
    <UnitTestResult executionId="f65242a0-f614-4849-9c22-6578372d8d88" testId="56fde5b0-e4df-3dd0-b924-b3d8168ff571" testName="PatrollingProfileViewModelTest_Name" computerName="DKSR-EFI-04" duration="00:00:00.0022004" startTime="2023-12-22T09:39:32.1863010+01:00" endTime="2023-12-22T09:39:32.1887035+01:00" testType="13cdc9d9-ddb5-4fa4-a97d-d965ccfc6d4b" outcome="Passed" testListId="8c84fa94-04c1-424b-9868-57a2d4851a1d" relativeResultsDirectory="f65242a0-f614-4849-9c22-6578372d8d88" />
    <UnitTestResult executionId="b92d0616-3ff9-4ec8-85f2-5ad02e4db161" testId="96abbcdd-783c-a6e6-4e38-7f3dc42ebf4f" testName="FilteredItems_NoFilter_AllItemsVisible" computerName="DKSR-EFI-04" duration="00:00:00.0116689" startTime="2023-12-22T09:39:26.0937681+01:00" endTime="2023-12-22T09:39:26.1083921+01:00" testType="13cdc9d9-ddb5-4fa4-a97d-d965ccfc6d4b" outcome="Passed" testListId="8c84fa94-04c1-424b-9868-57a2d4851a1d" relativeResultsDirectory="b92d0616-3ff9-4ec8-85f2-5ad02e4db161" />
    <UnitTestResult executionId="b5d160a0-c386-4edb-b8f8-16571671a9cb" testId="b95925c6-4417-d47a-19a9-e46062ab44bc" testName="IOState_ShouldYieldSameValuesForAllEnumValues_WhenRoundTripConverted (NotAvailable,Unknown)" computerName="DKSR-EFI-04" duration="00:00:00.0000043" startTime="2023-12-22T09:38:29.7619103+01:00" endTime="2023-12-22T09:38:29.7620202+01:00" testType="13cdc9d9-ddb5-4fa4-a97d-d965ccfc6d4b" outcome="Passed" testListId="8c84fa94-04c1-424b-9868-57a2d4851a1d" relativeResultsDirectory="b5d160a0-c386-4edb-b8f8-16571671a9cb" />
    <UnitTestResult executionId="3b862d7b-d84e-491a-8bc4-ea1d1c6057c7" testId="fb67ea71-6b78-1dc1-49b9-30224c6a1bae" testName="Enabled_WhenInterrupted_ThenNoSubscribers" computerName="DKSR-EFI-04" duration="00:00:00.0029034" startTime="2023-12-22T09:39:29.0999349+01:00" endTime="2023-12-22T09:39:29.1029879+01:00" testType="13cdc9d9-ddb5-4fa4-a97d-d965ccfc6d4b" outcome="Passed" testListId="8c84fa94-04c1-424b-9868-57a2d4851a1d" relativeResultsDirectory="3b862d7b-d84e-491a-8bc4-ea1d1c6057c7" />
    <UnitTestResult executionId="89fada33-1d23-4b61-9b59-40b6aba4d3b9" testId="02ca40da-1acc-291d-7447-d3e7fda89520" testName="Retention_Options_Are_Intersected" computerName="DKSR-EFI-04" duration="00:00:00.0391416" startTime="2023-12-22T09:39:39.3617659+01:00" endTime="2023-12-22T09:39:39.4011684+01:00" testType="13cdc9d9-ddb5-4fa4-a97d-d965ccfc6d4b" outcome="Passed" testListId="8c84fa94-04c1-424b-9868-57a2d4851a1d" relativeResultsDirectory="89fada33-1d23-4b61-9b59-40b6aba4d3b9" />
    <UnitTestResult executionId="ab247cd6-5b25-483e-aac1-259567d4176d" testId="771137e7-8711-d371-fedf-d100a6d214c7" testName="IsDisabled_ShouldBeTrue_WhenApplicationIsInBrowseMode" computerName="DKSR-EFI-04" duration="00:00:00.0148779" startTime="2023-12-22T09:39:30.4273668+01:00" endTime="2023-12-22T09:39:30.4452253+01:00" testType="13cdc9d9-ddb5-4fa4-a97d-d965ccfc6d4b" outcome="Passed" testListId="8c84fa94-04c1-424b-9868-57a2d4851a1d" relativeResultsDirectory="ab247cd6-5b25-483e-aac1-259567d4176d" />
    <UnitTestResult executionId="2470e0cd-c702-4ca5-9258-89c9200dbbbf" testId="a7b3a0a1-b567-86d1-d16a-ead40656c5fa" testName="ZoomOut_MapSet_MapZoomOutInvoked" computerName="DKSR-EFI-04" duration="00:00:00.0005288" startTime="2023-12-22T09:38:34.9590304+01:00" endTime="2023-12-22T09:38:34.9597266+01:00" testType="13cdc9d9-ddb5-4fa4-a97d-d965ccfc6d4b" outcome="Passed" testListId="8c84fa94-04c1-424b-9868-57a2d4851a1d" relativeResultsDirectory="2470e0cd-c702-4ca5-9258-89c9200dbbbf" />
    <UnitTestResult executionId="4f13e019-40cf-4d66-b6b6-1feceda09238" testId="3a3cca08-f659-9a8e-cc12-ee5c6f4e3dbd" testName="ValidateExportLocation_ShouldReturnFailResult_ExportPathIsInvalid (qwerty)" computerName="DKSR-EFI-04" duration="00:00:00.0068839" startTime="2023-12-22T09:38:40.8106767+01:00" endTime="2023-12-22T09:38:40.8177402+01:00" testType="13cdc9d9-ddb5-4fa4-a97d-d965ccfc6d4b" outcome="Passed" testListId="8c84fa94-04c1-424b-9868-57a2d4851a1d" relativeResultsDirectory="4f13e019-40cf-4d66-b6b6-1feceda09238" />
    <UnitTestResult executionId="75c3d294-e628-4cad-8212-0bf055cd845e" testId="283f9f13-cb3e-1218-3fcd-08b263d8e990" testName="Initialize_ShouldAttachOptionChanged_WhenAllowOnlyFipsAlgorithmsIsFalse" computerName="DKSR-EFI-04" duration="00:00:00.1653661" startTime="2023-12-22T09:39:39.5394103+01:00" endTime="2023-12-22T09:39:39.7049400+01:00" testType="13cdc9d9-ddb5-4fa4-a97d-d965ccfc6d4b" outcome="Passed" testListId="8c84fa94-04c1-424b-9868-57a2d4851a1d" relativeResultsDirectory="75c3d294-e628-4cad-8212-0bf055cd845e" />
    <UnitTestResult executionId="9339fbb4-9a93-428e-88f7-54750c718a56" testId="f7f3f6a6-4ba1-e9bb-d8fc-f000e145af31" testName="ToDenormalizedDirection_GreaterThan1_0_Failure" computerName="DKSR-EFI-04" duration="00:00:00.0003288" startTime="2023-12-22T09:39:26.7900484+01:00" endTime="2023-12-22T09:39:26.7906971+01:00" testType="13cdc9d9-ddb5-4fa4-a97d-d965ccfc6d4b" outcome="Passed" testListId="8c84fa94-04c1-424b-9868-57a2d4851a1d" relativeResultsDirectory="9339fbb4-9a93-428e-88f7-54750c718a56" />
    <UnitTestResult executionId="23e8007c-dda3-418a-a53b-6e02757bd93f" testId="29952541-0072-8c3b-e8db-a524fa1509da" testName="RemoveSelectedCameraCommand_WithActiveSearchTemplateAndValidCamera_ActiveSearchTemplateModifiedSet" computerName="DKSR-EFI-04" duration="00:00:00.0061484" startTime="2023-12-22T09:39:12.6814477+01:00" endTime="2023-12-22T09:39:12.6877464+01:00" testType="13cdc9d9-ddb5-4fa4-a97d-d965ccfc6d4b" outcome="Passed" testListId="8c84fa94-04c1-424b-9868-57a2d4851a1d" relativeResultsDirectory="23e8007c-dda3-418a-a53b-6e02757bd93f" />
    <UnitTestResult executionId="f7cf4962-e151-4759-b232-6b477dcfa924" testId="2393804e-4c64-30b5-d8f4-67c3cee41ca1" testName="ShowAccessControlSystems_ShouldReturnTrue_WhenTwoACSystemsAvailable" computerName="DKSR-EFI-04" duration="00:00:00.0012936" startTime="2023-12-22T09:39:39.7765749+01:00" endTime="2023-12-22T09:39:39.7780068+01:00" testType="13cdc9d9-ddb5-4fa4-a97d-d965ccfc6d4b" outcome="Passed" testListId="8c84fa94-04c1-424b-9868-57a2d4851a1d" relativeResultsDirectory="f7cf4962-e151-4759-b232-6b477dcfa924" />
    <UnitTestResult executionId="f26d27e6-5eda-49be-b3ba-021304995853" testId="bcf3e398-10f5-c5db-c0c4-dde95790e302" testName="GetDeviceData_ShouldReturnNotFoundDeviceData_WhenNotSupportedKind" computerName="DKSR-EFI-04" duration="00:00:00.0254563" startTime="2023-12-22T09:38:40.0264311+01:00" endTime="2023-12-22T09:38:40.0520697+01:00" testType="13cdc9d9-ddb5-4fa4-a97d-d965ccfc6d4b" outcome="Passed" testListId="8c84fa94-04c1-424b-9868-57a2d4851a1d" relativeResultsDirectory="f26d27e6-5eda-49be-b3ba-021304995853" />
    <UnitTestResult executionId="d159842b-c1e6-4cc9-bcb6-786e08c654de" testId="c31b76c8-61cb-842b-101d-3527fdf73529" testName="MakeId_ShouldGenerateUniqueId_WhenTwoDefinitionsGenerateSameResultIds" computerName="DKSR-EFI-04" duration="00:00:00.0006535" startTime="2023-12-22T09:39:14.6065205+01:00" endTime="2023-12-22T09:39:14.6074360+01:00" testType="13cdc9d9-ddb5-4fa4-a97d-d965ccfc6d4b" outcome="Passed" testListId="8c84fa94-04c1-424b-9868-57a2d4851a1d" relativeResultsDirectory="d159842b-c1e6-4cc9-bcb6-786e08c654de" />
    <UnitTestResult executionId="1ac8b26d-d07f-4a70-bc11-9803225262cb" testId="f97a9c11-337a-9db0-c57e-d2aa1b5d357d" testName="Toolbar_IsNotVisible_WhenNotInLiveOrPlayback" computerName="DKSR-EFI-04" duration="00:00:00.0171651" startTime="2023-12-22T09:39:33.1523259+01:00" endTime="2023-12-22T09:39:33.1696686+01:00" testType="13cdc9d9-ddb5-4fa4-a97d-d965ccfc6d4b" outcome="Passed" testListId="8c84fa94-04c1-424b-9868-57a2d4851a1d" relativeResultsDirectory="1ac8b26d-d07f-4a70-bc11-9803225262cb" />
    <UnitTestResult executionId="8a3ce772-02c5-4cab-825e-3a5bdeb83377" testId="2f100db4-2fb5-00e2-487e-75a3a7b6d272" testName="PtzPresetsMenuViewModel_PtzCotrolledByUserTest" computerName="DKSR-EFI-04" duration="00:00:00.0008547" startTime="2023-12-22T09:39:36.4948062+01:00" endTime="2023-12-22T09:39:36.4957918+01:00" testType="13cdc9d9-ddb5-4fa4-a97d-d965ccfc6d4b" outcome="Passed" testListId="8c84fa94-04c1-424b-9868-57a2d4851a1d" relativeResultsDirectory="8a3ce772-02c5-4cab-825e-3a5bdeb83377" />
    <UnitTestResult executionId="203c1820-0c0d-400c-bf71-bb5c557787aa" testId="bddb2a40-1daa-d4bf-c455-d8a073e5d8cf" testName="SelectTemplate_UseInDialogEdit_ReturnsInDialogTemplate" computerName="DKSR-EFI-04" duration="00:00:00.0005008" startTime="2023-12-22T09:38:41.2956322+01:00" endTime="2023-12-22T09:38:41.2962507+01:00" testType="13cdc9d9-ddb5-4fa4-a97d-d965ccfc6d4b" outcome="Passed" testListId="8c84fa94-04c1-424b-9868-57a2d4851a1d" relativeResultsDirectory="203c1820-0c0d-400c-bf71-bb5c557787aa" />
    <UnitTestResult executionId="c453b45a-ca03-4425-a7f9-2f502e93fa29" testId="cf688c28-2d6d-a793-dedf-06d48b63f6f1" testName="PatrollingStepViewModel_SelectedPatrollingPreset" computerName="DKSR-EFI-04" duration="00:00:00.0029502" startTime="2023-12-22T09:39:32.2853045+01:00" endTime="2023-12-22T09:39:32.2883888+01:00" testType="13cdc9d9-ddb5-4fa4-a97d-d965ccfc6d4b" outcome="Passed" testListId="8c84fa94-04c1-424b-9868-57a2d4851a1d" relativeResultsDirectory="c453b45a-ca03-4425-a7f9-2f502e93fa29" />
    <UnitTestResult executionId="9523aa46-8e14-49f9-b4ef-d3b4b897e9cc" testId="8e2c4cca-7551-4f11-2133-425fd4297ee4" testName="SelectedComponent_ShouldDefaultToFirstComponent_WhenSettingsDialogIsOpened" computerName="DKSR-EFI-04" duration="00:00:00.0157225" startTime="2023-12-22T09:39:32.3513908+01:00" endTime="2023-12-22T09:39:32.3672467+01:00" testType="13cdc9d9-ddb5-4fa4-a97d-d965ccfc6d4b" outcome="Passed" testListId="8c84fa94-04c1-424b-9868-57a2d4851a1d" relativeResultsDirectory="9523aa46-8e14-49f9-b4ef-d3b4b897e9cc" />
    <UnitTestResult executionId="df2eac71-3a51-4c9c-bfb9-06fa8ede894e" testId="3f089a4c-2d32-ba99-dedb-fa96b9528cb6" testName="HandleGetDeviceData_ShouldReturnNotFoundDeviceData_WhenMicrophoneKindAndNonExistingMicrophoneId" computerName="DKSR-EFI-04" duration="00:00:00.0256519" startTime="2023-12-22T09:38:39.7434398+01:00" endTime="2023-12-22T09:38:39.7692698+01:00" testType="13cdc9d9-ddb5-4fa4-a97d-d965ccfc6d4b" outcome="Passed" testListId="8c84fa94-04c1-424b-9868-57a2d4851a1d" relativeResultsDirectory="df2eac71-3a51-4c9c-bfb9-06fa8ede894e" />
    <UnitTestResult executionId="05f7c83d-0128-4cc3-93da-4a57c358409b" testId="e2a3c11c-1944-c086-d9fe-0c8ab6c0a314" testName="SearchResultsActionBarActions_Export_OptionUnavailable_NotVisible" computerName="DKSR-EFI-04" duration="00:00:00.0070114" startTime="2023-12-22T09:39:10.7622193+01:00" endTime="2023-12-22T09:39:10.7693821+01:00" testType="13cdc9d9-ddb5-4fa4-a97d-d965ccfc6d4b" outcome="Passed" testListId="8c84fa94-04c1-424b-9868-57a2d4851a1d" relativeResultsDirectory="05f7c83d-0128-4cc3-93da-4a57c358409b" />
    <UnitTestResult executionId="70386e29-6891-483f-973d-63c992cc2342" testId="c16f8099-6dbb-2cba-9e36-c36b7b8492a9" testName="Compare_SameTriggerTimeDeterministicBehavior_CameraId_Success" computerName="DKSR-EFI-04" duration="00:00:00.0006999" startTime="2023-12-22T09:39:14.6674229+01:00" endTime="2023-12-22T09:39:14.6682587+01:00" testType="13cdc9d9-ddb5-4fa4-a97d-d965ccfc6d4b" outcome="Passed" testListId="8c84fa94-04c1-424b-9868-57a2d4851a1d" relativeResultsDirectory="70386e29-6891-483f-973d-63c992cc2342" />
    <UnitTestResult executionId="b3238fab-0ca3-4ed1-be98-b472717d8e42" testId="c78705d8-4e54-e5cc-d7aa-358b1af77cf7" testName="ValueWithFallbackConverterTests_Ctor_Success" computerName="DKSR-EFI-04" duration="00:00:00.0002422" startTime="2023-12-22T09:38:59.0658383+01:00" endTime="2023-12-22T09:38:59.0662961+01:00" testType="13cdc9d9-ddb5-4fa4-a97d-d965ccfc6d4b" outcome="Passed" testListId="8c84fa94-04c1-424b-9868-57a2d4851a1d" relativeResultsDirectory="b3238fab-0ca3-4ed1-be98-b472717d8e42" />
    <UnitTestResult executionId="a4093a98-9385-4a71-8d52-32be42466f04" testId="6bac4380-8ca1-03ec-b0fa-87faadf2b614" testName="TestChangeProperties_Note_Success" computerName="DKSR-EFI-04" duration="00:00:00.0054305" startTime="2023-12-22T09:39:26.3682200+01:00" endTime="2023-12-22T09:39:26.3737943+01:00" testType="13cdc9d9-ddb5-4fa4-a97d-d965ccfc6d4b" outcome="Passed" testListId="8c84fa94-04c1-424b-9868-57a2d4851a1d" relativeResultsDirectory="a4093a98-9385-4a71-8d52-32be42466f04" />
    <UnitTestResult executionId="fff02c8e-0e9d-4057-a775-6dafb90b4062" testId="2fb66288-907e-6f79-7496-8522636043b2" testName="HandleGetDeviceData_ShouldReturnNotFoundDeviceData_WhenNotSupportedKind" computerName="DKSR-EFI-04" duration="00:00:00.0263020" startTime="2023-12-22T09:38:39.7697312+01:00" endTime="2023-12-22T09:38:39.7962114+01:00" testType="13cdc9d9-ddb5-4fa4-a97d-d965ccfc6d4b" outcome="Passed" testListId="8c84fa94-04c1-424b-9868-57a2d4851a1d" relativeResultsDirectory="fff02c8e-0e9d-4057-a775-6dafb90b4062" />
    <UnitTestResult executionId="17eb6902-8bc9-4d40-bd65-127746de3ec5" testId="131db61b-d56f-3e66-34f7-f920cef250e0" testName="ShowPermissionDeniedToasts_ShouldShowCorrectNumberOfToasts (1,1)" computerName="DKSR-EFI-04" duration="00:00:00.0013483" startTime="2023-12-22T09:39:33.8069560+01:00" endTime="2023-12-22T09:39:33.8084602+01:00" testType="13cdc9d9-ddb5-4fa4-a97d-d965ccfc6d4b" outcome="Passed" testListId="8c84fa94-04c1-424b-9868-57a2d4851a1d" relativeResultsDirectory="17eb6902-8bc9-4d40-bd65-127746de3ec5" />
    <UnitTestResult executionId="95b93417-0bd3-449d-81b5-acea549553af" testId="fcd118df-d28f-9914-22b6-30e2ce26737f" testName="OpenStreetMapLayerIsDisabled_ShouldReturnFalse_WhenOpenStreetMapGeographicLayerOptionIsAvailableAndOpenStreetMapAlternativeServerIsEmpty" computerName="DKSR-EFI-04" duration="00:00:00.0126654" startTime="2023-12-22T09:39:26.9320020+01:00" endTime="2023-12-22T09:39:26.9449153+01:00" testType="13cdc9d9-ddb5-4fa4-a97d-d965ccfc6d4b" outcome="Passed" testListId="8c84fa94-04c1-424b-9868-57a2d4851a1d" relativeResultsDirectory="95b93417-0bd3-449d-81b5-acea549553af" />
    <UnitTestResult executionId="2033b6c4-763a-46da-9f91-38759a702d97" testId="ae9b7ba8-a455-9b25-0586-eaded100e724" testName="GetPartialDiffBetweenDictionaries_ShouldReturnCorrectValues (System.Collections.Generic.Dictionary`2[System.String,System.String],System.Collections.Generic.Dictionary`2[System.String,System.String],System.Collections.Generic.Dictionary`2[System.String,System.String])" computerName="DKSR-EFI-04" duration="00:00:00.0002272" startTime="2023-12-22T09:39:38.5609607+01:00" endTime="2023-12-22T09:39:38.5614140+01:00" testType="13cdc9d9-ddb5-4fa4-a97d-d965ccfc6d4b" outcome="Passed" testListId="8c84fa94-04c1-424b-9868-57a2d4851a1d" relativeResultsDirectory="2033b6c4-763a-46da-9f91-38759a702d97" />
    <UnitTestResult executionId="95521872-1136-445c-b3ee-0c4205aa26e9" testId="8cc6d850-7864-120d-52a3-07064eb9831b" testName="IconResourceKey_ShouldBeValid_WhenInteractionStateIsAddCamera" computerName="DKSR-EFI-04" duration="00:00:00.0004616" startTime="2023-12-22T09:38:34.9112010+01:00" endTime="2023-12-22T09:38:34.9117938+01:00" testType="13cdc9d9-ddb5-4fa4-a97d-d965ccfc6d4b" outcome="Passed" testListId="8c84fa94-04c1-424b-9868-57a2d4851a1d" relativeResultsDirectory="95521872-1136-445c-b3ee-0c4205aa26e9" />
    <UnitTestResult executionId="59b8d8f8-13c8-404f-982a-c4f90b1f58bf" testId="6cafc5ed-fe23-6238-885d-2059ca1b7427" testName="HandleSetLayerFeatures_ShouldRaiseArgumentException_WhenNotCameraKindAndCameraLayerFeaturesAndOutputLayer" computerName="DKSR-EFI-04" duration="00:00:00.0009033" startTime="2023-12-22T09:39:31.2587153+01:00" endTime="2023-12-22T09:39:31.2597765+01:00" testType="13cdc9d9-ddb5-4fa4-a97d-d965ccfc6d4b" outcome="Passed" testListId="8c84fa94-04c1-424b-9868-57a2d4851a1d" relativeResultsDirectory="59b8d8f8-13c8-404f-982a-c4f90b1f58bf" />
    <UnitTestResult executionId="d2992332-3eb9-4d3f-aad2-cc2be8bfb2c3" testId="d02218a8-fae4-70d3-39b6-dbd98bfacc73" testName="PinkOemResourcesTest" computerName="DKSR-EFI-04" duration="00:00:00.5944521" startTime="2023-12-22T09:39:37.7298430+01:00" endTime="2023-12-22T09:39:38.3244763+01:00" testType="13cdc9d9-ddb5-4fa4-a97d-d965ccfc6d4b" outcome="Passed" testListId="8c84fa94-04c1-424b-9868-57a2d4851a1d" relativeResultsDirectory="d2992332-3eb9-4d3f-aad2-cc2be8bfb2c3" />
    <UnitTestResult executionId="e56fc99a-2d24-41a8-9685-d83f095bde63" testId="ba253b92-69e3-4e4f-d52c-11bff46fb10e" testName="DeleteLevel1Of12_Success" computerName="DKSR-EFI-04" duration="00:00:00.0268316" startTime="2023-12-22T09:39:31.1020293+01:00" endTime="2023-12-22T09:39:31.1290486+01:00" testType="13cdc9d9-ddb5-4fa4-a97d-d965ccfc6d4b" outcome="Passed" testListId="8c84fa94-04c1-424b-9868-57a2d4851a1d" relativeResultsDirectory="e56fc99a-2d24-41a8-9685-d83f095bde63">
      <Output>
        <StdOut>Debug Trace:&#xD;
 &gt;&gt;&gt; ERROR: System.NullReferenceException: Object reference not set to an instance of an object.&#xD;
   at VideoOS.RemoteClient.GisMapData.MapBuildings.MapLevel.LoadLayersAsync(UIContext context) in D:\actions-runner\_work\XPCO\XPCO\SC\Components\dotNet\VideoOS.RemoteClient.GisMapData\MapBuildings\MapLevel.cs:line 283&#xD;
 &gt;&gt;&gt; Stack:    at VideoOS.RemoteClient.GisMapData.MapBuildings.MapLevel.LoadLayersAsync(UIContext context) in D:\actions-runner\_work\XPCO\XPCO\SC\Components\dotNet\VideoOS.RemoteClient.GisMapData\MapBuildings\MapLevel.cs:line 283&#xD;
 &gt;&gt;&gt; ERROR: System.NullReferenceException: Object reference not set to an instance of an object.&#xD;
   at VideoOS.RemoteClient.GisMapData.MapBuildings.MapLevel.LoadLayersAsync(UIContext context) in D:\actions-runner\_work\XPCO\XPCO\SC\Components\dotNet\VideoOS.RemoteClient.GisMapData\MapBuildings\MapLevel.cs:line 283&#xD;
 &gt;&gt;&gt; Stack:    at VideoOS.RemoteClient.GisMapData.MapBuildings.MapLevel.LoadLayersAsync(UIContext context) in D:\actions-runner\_work\XPCO\XPCO\SC\Components\dotNet\VideoOS.RemoteClient.GisMapData\MapBuildings\MapLevel.cs:line 283</StdOut>
      </Output>
    </UnitTestResult>
  </Results>
  <TestDefinitions>
    <UnitTest name="CreateCameraListItem_ShouldNotAddRegionSelectionToFilterValue_WhenAlreadyPresent" storage="d:\actions-runner\_work\xpco\xpco\allsolutions\..\sc\components\remoteviewer\smartclient\tst\zsmartclient_unittest\bin\x64\debug\net6.0-windows\zsmartclient_unittest.dll" id="199cdec6-ec51-273d-006c-9fb34f580f59">
      <TestCategory>
        <TestCategoryItem TestCategory="Search.Filters.ViewModels" />
      </TestCategory>
      <Execution id="f7920ebe-38f4-498d-87cb-201e4a3edefe" />
      <TestMethod codeBase="D:\actions-runner\_work\XPCO\XPCO\AllSolutions\..\SC\Components\RemoteViewer\SmartClient\tst\zSmartClient_UnitTest\bin\x64\Debug\net6.0-windows\zSmartClient_UnitTest.dll" adapterTypeName="executor://mstestadapter/v2" className="SmartClient_UnitTest.VideoOS.RemoteClient.Plugin.CentralizedSearch.MIPPlugin.Criteria.ViewModels.SmartSearchCameraListItemHelperTests" name="CreateCameraListItem_ShouldNotAddRegionSelectionToFilterValue_WhenAlreadyPresent" />
    </UnitTest>
    <UnitTest name="SerializeDeserialize_RoundTripWithValues_Equals" storage="d:\actions-runner\_work\xpco\xpco\allsolutions\..\sc\components\remoteviewer\smartclient\tst\zsmartclient_unittest\bin\x64\debug\net6.0-windows\zsmartclient_unittest.dll" id="c5b82386-ac03-bc8b-608e-5bd976068876">
      <Execution id="edf40bbb-2176-4e2c-8fbd-1e0029ab34bd" />
      <TestMethod codeBase="D:\actions-runner\_work\XPCO\XPCO\AllSolutions\..\SC\Components\RemoteViewer\SmartClient\tst\zSmartClient_UnitTest\bin\x64\Debug\net6.0-windows\zSmartClient_UnitTest.dll" adapterTypeName="executor://mstestadapter/v2" className="SmartClient_UnitTest.VideoOS.RemoteClient.Application.Data.States.CentralizedSearchStateTest" name="SerializeDeserialize_RoundTripWithValues_Equals" />
    </UnitTest>
    <UnitTest name="UpdateSearchTemplateAsync_Succeeds_Success" storage="d:\actions-runner\_work\xpco\xpco\allsolutions\..\sc\components\remoteviewer\smartclient\tst\zsmartclient_unittest\bin\x64\debug\net6.0-windows\zsmartclient_unittest.dll" id="eef2616b-2ca4-c350-22c0-5b72ecd848dd">
      <TestCategory>
        <TestCategoryItem TestCategory="SearchTemplates" />
      </TestCategory>
      <Execution id="6f071443-5d68-4efe-ad3a-56d1152e90ab" />
      <TestMethod codeBase="D:\actions-runner\_work\XPCO\XPCO\AllSolutions\..\SC\Components\RemoteViewer\SmartClient\tst\zSmartClient_UnitTest\bin\x64\Debug\net6.0-windows\zSmartClient_UnitTest.dll" adapterTypeName="executor://mstestadapter/v2" className="SmartClient_UnitTest.VideoOS.RemoteClient.Plugin.CentralizedSearch.SearchTemplates.SearchTemplateManagerTests" name="UpdateSearchTemplateAsync_Succeeds_Success" />
    </UnitTest>
    <UnitTest name="PopulateTooltip_ManyResultsFromManyCameras12Hours_ValidText" storage="d:\actions-runner\_work\xpco\xpco\allsolutions\..\sc\components\remoteviewer\smartclient\tst\zsmartclient_unittest\bin\x64\debug\net6.0-windows\zsmartclient_unittest.dll" id="11e32396-3f3f-284e-b683-2e3e119136e4">
      <TestCategory>
        <TestCategoryItem TestCategory="SearchControls" />
      </TestCategory>
      <Execution id="4f3d60e8-ae55-462f-aba5-28da37cb6fc1" />
      <TestMethod codeBase="D:\actions-runner\_work\XPCO\XPCO\AllSolutions\..\SC\Components\RemoteViewer\SmartClient\tst\zSmartClient_UnitTest\bin\x64\Debug\net6.0-windows\zSmartClient_UnitTest.dll" adapterTypeName="executor://mstestadapter/v2" className="SmartClient_UnitTest.VideoOS.RemoteClient.Plugin.CentralizedSearch.Views.Controls.TimelineRuler.TimelineRulerControlTests" name="PopulateTooltip_ManyResultsFromManyCameras12Hours_ValidText" />
    </UnitTest>
    <UnitTest name="Id_ShouldBeSame_WhenSearchResultIdIsIdentical" storage="d:\actions-runner\_work\xpco\xpco\allsolutions\..\sc\components\remoteviewer\smartclient\tst\zsmartclient_unittest\bin\x64\debug\net6.0-windows\zsmartclient_unittest.dll" id="53c0737c-9e1d-a506-fd7e-f73a88cea37f">
      <TestCategory>
        <TestCategoryItem TestCategory="Search.Wrappers" />
      </TestCategory>
      <Execution id="cffdf7df-4e3a-40d7-bae7-38993cfe191e" />
      <TestMethod codeBase="D:\actions-runner\_work\XPCO\XPCO\AllSolutions\..\SC\Components\RemoteViewer\SmartClient\tst\zSmartClient_UnitTest\bin\x64\Debug\net6.0-windows\zSmartClient_UnitTest.dll" adapterTypeName="executor://mstestadapter/v2" className="SmartClient_UnitTest.VideoOS.RemoteClient.Plugin.CentralizedSearch.Models.Wrappers.SearchResultDataWrapperTests" name="Id_ShouldBeSame_WhenSearchResultIdIsIdentical" />
    </UnitTest>
    <UnitTest name="AddToExportTuples_ShouldReturnCorrectResult (0,5,0)" storage="d:\actions-runner\_work\xpco\xpco\allsolutions\..\sc\components\remoteviewer\smartclient\tst\zsmartclient_unittest\bin\x64\debug\net6.0-windows\zsmartclient_unittest.dll" id="a32220e9-95d2-d3ef-9079-aef9756aa4b6">
      <TestCategory>
        <TestCategoryItem TestCategory="Managers" />
      </TestCategory>
      <Execution id="a458d334-4dcc-4f29-bf52-9571c2ae7c6b" />
      <TestMethod codeBase="D:\actions-runner\_work\XPCO\XPCO\AllSolutions\..\SC\Components\RemoteViewer\SmartClient\tst\zSmartClient_UnitTest\bin\x64\Debug\net6.0-windows\zSmartClient_UnitTest.dll" adapterTypeName="executor://mstestadapter/v2" className="SmartClient_UnitTest.VideoOS.RemoteClient.Application.Managers.ExportManagerTests" name="AddToExportTuples_ShouldReturnCorrectResult" />
    </UnitTest>
    <UnitTest name="SetLayerFeatures_ShouldUpdateCameraItemsMapLayer_WhenCameraKindAndCameraLayerFeatures" storage="d:\actions-runner\_work\xpco\xpco\allsolutions\..\sc\components\remoteviewer\smartclient\tst\zsmartclient_unittest\bin\x64\debug\net6.0-windows\zsmartclient_unittest.dll" id="76f9de2a-47c0-eaaa-3675-ac942aca2f32">
      <TestCategory>
        <TestCategoryItem TestCategory="GisMapData.Controllers.LayerFeatures" />
      </TestCategory>
      <Execution id="bb0f23de-cbfd-48b8-83f2-7deb4fdc70d6" />
      <TestMethod codeBase="D:\actions-runner\_work\XPCO\XPCO\AllSolutions\..\SC\Components\RemoteViewer\SmartClient\tst\zSmartClient_UnitTest\bin\x64\Debug\net6.0-windows\zSmartClient_UnitTest.dll" adapterTypeName="executor://mstestadapter/v2" className="SmartClient_UnitTest.VideoOS.RemoteClient.GisMapData.Controllers.LayerFeatures.LayerFeaturesControllerTests" name="SetLayerFeatures_ShouldUpdateCameraItemsMapLayer_WhenCameraKindAndCameraLayerFeatures" />
    </UnitTest>
    <UnitTest name="ScrollIntoView_Synchronous_DefinitionViewAboveOutOfViewPort_Scrolled" storage="d:\actions-runner\_work\xpco\xpco\allsolutions\..\sc\components\remoteviewer\smartclient\tst\zsmartclient_unittest\bin\x64\debug\net6.0-windows\zsmartclient_unittest.dll" id="9f407d44-4f3f-f1b2-0cc2-8c4bc65e5f39">
      <TestCategory>
        <TestCategoryItem TestCategory="Search" />
      </TestCategory>
      <Execution id="1c59a563-10b4-4b2d-a7ea-c78c9b2754d3" />
      <TestMethod codeBase="D:\actions-runner\_work\XPCO\XPCO\AllSolutions\..\SC\Components\RemoteViewer\SmartClient\tst\zSmartClient_UnitTest\bin\x64\Debug\net6.0-windows\zSmartClient_UnitTest.dll" adapterTypeName="executor://mstestadapter/v2" className="SmartClient_UnitTest.VideoOS.RemoteClient.Plugin.CentralizedSearch.Views.CriteriaViewTests" name="ScrollIntoView_Synchronous_DefinitionViewAboveOutOfViewPort_Scrolled" />
    </UnitTest>
    <UnitTest name="DateToStringConverter_ProvideValue_Success" storage="d:\actions-runner\_work\xpco\xpco\allsolutions\..\sc\components\remoteviewer\smartclient\tst\zsmartclient_unittest\bin\x64\debug\net6.0-windows\zsmartclient_unittest.dll" id="0882c6fe-e955-9a8a-eee5-7ae62c8b3178">
      <TestCategory>
        <TestCategoryItem TestCategory="SearchConverter" />
      </TestCategory>
      <Execution id="bbf554b2-7c8d-41be-b6fc-a9696ea4e2ed" />
      <TestMethod codeBase="D:\actions-runner\_work\XPCO\XPCO\AllSolutions\..\SC\Components\RemoteViewer\SmartClient\tst\zSmartClient_UnitTest\bin\x64\Debug\net6.0-windows\zSmartClient_UnitTest.dll" adapterTypeName="executor://mstestadapter/v2" className="SmartClient_UnitTest.VideoOS.RemoteClient.Plugin.CentralizedSearch.Views.Converters.DurationToStringConverterTests" name="DateToStringConverter_ProvideValue_Success" />
    </UnitTest>
    <UnitTest name="UpdateSearchFilter_SingleFilterWithoutValues_NotAdded" storage="d:\actions-runner\_work\xpco\xpco\allsolutions\..\sc\components\remoteviewer\smartclient\tst\zsmartclient_unittest\bin\x64\debug\net6.0-windows\zsmartclient_unittest.dll" id="0abf48ed-aa70-1dda-b2cb-ff714665e116">
      <TestCategory>
        <TestCategoryItem TestCategory="Search" />
      </TestCategory>
      <Execution id="898b58c9-c969-4cca-8658-c94eec173038" />
      <TestMethod codeBase="D:\actions-runner\_work\XPCO\XPCO\AllSolutions\..\SC\Components\RemoteViewer\SmartClient\tst\zSmartClient_UnitTest\bin\x64\Debug\net6.0-windows\zSmartClient_UnitTest.dll" adapterTypeName="executor://mstestadapter/v2" className="SmartClient_UnitTest.VideoOS.RemoteClient.Plugin.CentralizedSearch.ViewModels.SearchDefinitionViewModelTests" name="UpdateSearchFilter_SingleFilterWithoutValues_NotAdded" />
    </UnitTest>
    <UnitTest name="GetWorkspaceToolbarItems_ShouldNotReturnGroupedToolbarItem_WhenPluginGroupIsNotSetInPluginDefinition" storage="d:\actions-runner\_work\xpco\xpco\allsolutions\..\sc\components\remoteviewer\smartclient\tst\zsmartclient_unittest\bin\x64\debug\net6.0-windows\zsmartclient_unittest.dll" id="7a29bb4c-872a-7722-5bfa-4ff03f288d37">
      <TestCategory>
        <TestCategoryItem TestCategory="WorkspaceToolbar" />
      </TestCategory>
      <Execution id="bfdaf1c4-c2ec-41fc-905e-b52e50dccfcc" />
      <TestMethod codeBase="D:\actions-runner\_work\XPCO\XPCO\AllSolutions\..\SC\Components\RemoteViewer\SmartClient\tst\zSmartClient_UnitTest\bin\x64\Debug\net6.0-windows\zSmartClient_UnitTest.dll" adapterTypeName="executor://mstestadapter/v2" className="SmartClient_UnitTest.VideoOS.RemoteClient.Application.UI.Content.WorkspaceToolbar.MIPWorkspaceToolbarItemManagerTests" name="GetWorkspaceToolbarItems_ShouldNotReturnGroupedToolbarItem_WhenPluginGroupIsNotSetInPluginDefinition" />
    </UnitTest>
    <UnitTest name="DisplayErrorOnNotificationArea_ServerNotAvailableSearchError_Success" storage="d:\actions-runner\_work\xpco\xpco\allsolutions\..\sc\components\remoteviewer\smartclient\tst\zsmartclient_unittest\bin\x64\debug\net6.0-windows\zsmartclient_unittest.dll" id="4d11492e-27b0-719b-9344-aa3d6645e529">
      <TestCategory>
        <TestCategoryItem TestCategory="SearchViewModels" />
      </TestCategory>
      <Execution id="1d868022-d36b-4357-b71b-ce581aeb955b" />
      <TestMethod codeBase="D:\actions-runner\_work\XPCO\XPCO\AllSolutions\..\SC\Components\RemoteViewer\SmartClient\tst\zSmartClient_UnitTest\bin\x64\Debug\net6.0-windows\zSmartClient_UnitTest.dll" adapterTypeName="executor://mstestadapter/v2" className="SmartClient_UnitTest.VideoOS.RemoteClient.Plugin.CentralizedSearch.ViewModels.SearchViewModelTests" name="DisplayErrorOnNotificationArea_ServerNotAvailableSearchError_Success" />
    </UnitTest>
    <UnitTest name="ShowOrHidePartialResultsCommand_Triggered_ButtonTextChanged" storage="d:\actions-runner\_work\xpco\xpco\allsolutions\..\sc\components\remoteviewer\smartclient\tst\zsmartclient_unittest\bin\x64\debug\net6.0-windows\zsmartclient_unittest.dll" id="ecf13227-e49d-1db7-a97a-21cf256d2c96">
      <TestCategory>
        <TestCategoryItem TestCategory="Search" />
      </TestCategory>
      <Execution id="d0dfb098-a8eb-4d9f-b865-127300324a01" />
      <TestMethod codeBase="D:\actions-runner\_work\XPCO\XPCO\AllSolutions\..\SC\Components\RemoteViewer\SmartClient\tst\zSmartClient_UnitTest\bin\x64\Debug\net6.0-windows\zSmartClient_UnitTest.dll" adapterTypeName="executor://mstestadapter/v2" className="SmartClient_UnitTest.VideoOS.RemoteClient.Plugin.CentralizedSearch.ViewModels.CompositeSearchWarningViewModelTests" name="ShowOrHidePartialResultsCommand_Triggered_ButtonTextChanged" />
    </UnitTest>
    <UnitTest name="Deserialize_FromTimeOnly_Success" storage="d:\actions-runner\_work\xpco\xpco\allsolutions\..\sc\components\remoteviewer\smartclient\tst\zsmartclient_unittest\bin\x64\debug\net6.0-windows\zsmartclient_unittest.dll" id="81fc8aa1-de6a-e087-adfe-af829f91bad7">
      <TestCategory>
        <TestCategoryItem TestCategory="SearchSerialization" />
      </TestCategory>
      <Execution id="131a4016-a174-4b50-a1bf-b0092ecfcfc6" />
      <TestMethod codeBase="D:\actions-runner\_work\XPCO\XPCO\AllSolutions\..\SC\Components\RemoteViewer\SmartClient\tst\zSmartClient_UnitTest\bin\x64\Debug\net6.0-windows\zSmartClient_UnitTest.dll" adapterTypeName="executor://mstestadapter/v2" className="SmartClient_UnitTest.VideoOS.RemoteClient.Plugin.CentralizedSearch.Models.Serialization.SearchSerializerTests" name="Deserialize_FromTimeOnly_Success" />
    </UnitTest>
    <UnitTest name="CreateItemUserControl_CombinedSearchResultDataWrapperParameter_ControlCreatedAndInitialized" storage="d:\actions-runner\_work\xpco\xpco\allsolutions\..\sc\components\remoteviewer\smartclient\tst\zsmartclient_unittest\bin\x64\debug\net6.0-windows\zsmartclient_unittest.dll" id="d381fedf-8c58-4a19-b08e-ee127d4421c9">
      <TestCategory>
        <TestCategoryItem TestCategory="SearchViews" />
      </TestCategory>
      <Execution id="849bbb45-c172-4483-a8b6-8d710f8be5f3" />
      <TestMethod codeBase="D:\actions-runner\_work\XPCO\XPCO\AllSolutions\..\SC\Components\RemoteViewer\SmartClient\tst\zSmartClient_UnitTest\bin\x64\Debug\net6.0-windows\zSmartClient_UnitTest.dll" adapterTypeName="executor://mstestadapter/v2" className="SmartClient_UnitTest.VideoOS.RemoteClient.Plugin.CentralizedSearch.Views.SearchResultsViewTests" name="CreateItemUserControl_CombinedSearchResultDataWrapperParameter_ControlCreatedAndInitialized" />
    </UnitTest>
    <UnitTest name="EnsureLayersOrderIsValidBy_AddLayersAt_Success" storage="d:\actions-runner\_work\xpco\xpco\allsolutions\..\sc\components\remoteviewer\smartclient\tst\zsmartclient_unittest\bin\x64\debug\net6.0-windows\zsmartclient_unittest.dll" id="dacad55c-89db-4a83-ada9-6fb14502b91c">
      <TestCategory>
        <TestCategoryItem TestCategory="GisMapLayers" />
      </TestCategory>
      <Execution id="7ab32a46-3ee5-4c5a-8a47-27042709947f" />
      <TestMethod codeBase="D:\actions-runner\_work\XPCO\XPCO\AllSolutions\..\SC\Components\RemoteViewer\SmartClient\tst\zSmartClient_UnitTest\bin\x64\Debug\net6.0-windows\zSmartClient_UnitTest.dll" adapterTypeName="executor://mstestadapter/v2" className="SmartClient_UnitTest.VideoOS.RemoteClient.GisMapData.GisMapLayerZOrderTests" name="EnsureLayersOrderIsValidBy_AddLayersAt_Success" />
    </UnitTest>
    <UnitTest name="SearchResultsActionBarActions_CreateSnapshot_InvokeCommand_NoSnapshotSucceeded_CorrectStatusTextShown" storage="d:\actions-runner\_work\xpco\xpco\allsolutions\..\sc\components\remoteviewer\smartclient\tst\zsmartclient_unittest\bin\x64\debug\net6.0-windows\zsmartclient_unittest.dll" id="9cb22239-8c05-3795-1d49-f4debbc5193e">
      <TestCategory>
        <TestCategoryItem TestCategory="SearchResultActionBarViewModel" />
      </TestCategory>
      <Execution id="812f3ebc-ad66-4dc1-a6c5-03a583c066d0" />
      <TestMethod codeBase="D:\actions-runner\_work\XPCO\XPCO\AllSolutions\..\SC\Components\RemoteViewer\SmartClient\tst\zSmartClient_UnitTest\bin\x64\Debug\net6.0-windows\zSmartClient_UnitTest.dll" adapterTypeName="executor://mstestadapter/v2" className="SmartClient_UnitTest.VideoOS.RemoteClient.Plugin.CentralizedSearch.ViewModels.SearchResultsActionBarViewModelTest" name="SearchResultsActionBarActions_CreateSnapshot_InvokeCommand_NoSnapshotSucceeded_CorrectStatusTextShown" />
    </UnitTest>
    <UnitTest name="MoveToTop_ShouldNotChangeZOrder_WhenItemIdIsNotFound" storage="d:\actions-runner\_work\xpco\xpco\allsolutions\..\sc\components\remoteviewer\smartclient\tst\zsmartclient_unittest\bin\x64\debug\net6.0-windows\zsmartclient_unittest.dll" id="6d90f09d-ac26-1a78-00bb-8e50418f096e">
      <TestCategory>
        <TestCategoryItem TestCategory="SmartMap.MapItemsOverlay" />
      </TestCategory>
      <Execution id="715e1df9-cb35-443e-b191-380d3c15b5a8" />
      <TestMethod codeBase="D:\actions-runner\_work\XPCO\XPCO\AllSolutions\..\SC\Components\RemoteViewer\SmartClient\tst\zSmartClient_UnitTest\bin\x64\Debug\net6.0-windows\zSmartClient_UnitTest.dll" adapterTypeName="executor://mstestadapter/v2" className="SmartClient_UnitTest.VideoOS.RemoteClient.Plugin.GisMap.ThinkGeoMap.SpecializedOverlays.Overlays.MapItemsOverlayTests" name="MoveToTop_ShouldNotChangeZOrder_WhenItemIdIsNotFound" />
    </UnitTest>
    <UnitTest name="DrawItems_TimeZoneUtcPlus1_MarksShifted" storage="d:\actions-runner\_work\xpco\xpco\allsolutions\..\sc\components\remoteviewer\smartclient\tst\zsmartclient_unittest\bin\x64\debug\net6.0-windows\zsmartclient_unittest.dll" id="b0092946-2776-e7d9-62f7-adb16861e4a5">
      <TestCategory>
        <TestCategoryItem TestCategory="SearchControls" />
      </TestCategory>
      <Execution id="b09965c7-98be-4a7b-9c49-81175bd9bf60" />
      <TestMethod codeBase="D:\actions-runner\_work\XPCO\XPCO\AllSolutions\..\SC\Components\RemoteViewer\SmartClient\tst\zSmartClient_UnitTest\bin\x64\Debug\net6.0-windows\zSmartClient_UnitTest.dll" adapterTypeName="executor://mstestadapter/v2" className="SmartClient_UnitTest.VideoOS.RemoteClient.Plugin.CentralizedSearch.Views.Controls.TimelineRuler.TimelineRulerControlTests" name="DrawItems_TimeZoneUtcPlus1_MarksShifted" />
    </UnitTest>
    <UnitTest name="OpenStreetMapLayerIsDisabled_ShouldReturnFalse_WhenOpenStreetMapGeographicLayerOptionIsAvailableAndOpenStreetMapAlternativeServerIsEmpty" storage="d:\actions-runner\_work\xpco\xpco\allsolutions\..\sc\components\remoteviewer\smartclient\tst\zsmartclient_unittest\bin\x64\debug\net6.0-windows\zsmartclient_unittest.dll" id="fcd118df-d28f-9914-22b6-30e2ce26737f">
      <TestCategory>
        <TestCategoryItem TestCategory="GisMapLayer" />
      </TestCategory>
      <Execution id="95b93417-0bd3-449d-81b5-acea549553af" />
      <TestMethod codeBase="D:\actions-runner\_work\XPCO\XPCO\AllSolutions\..\SC\Components\RemoteViewer\SmartClient\tst\zSmartClient_UnitTest\bin\x64\Debug\net6.0-windows\zSmartClient_UnitTest.dll" adapterTypeName="executor://mstestadapter/v2" className="SmartClient_UnitTest.VideoOS.RemoteClient.GisMap.MapLayers.GisMapLayerTests" name="OpenStreetMapLayerIsDisabled_ShouldReturnFalse_WhenOpenStreetMapGeographicLayerOptionIsAvailableAndOpenStreetMapAlternativeServerIsEmpty" />
    </UnitTest>
    <UnitTest name="CreateExportDialog_CannotCreateExport_WithNoDestinationsSelected" storage="d:\actions-runner\_work\xpco\xpco\allsolutions\..\sc\components\remoteviewer\smartclient\tst\zsmartclient_unittest\bin\x64\debug\net6.0-windows\zsmartclient_unittest.dll" id="0ba8e521-cdf8-1d32-c711-88b35489e15b">
      <TestCategory>
        <TestCategoryItem TestCategory="Export" />
      </TestCategory>
      <Execution id="fa01e25c-50f1-461e-a8f8-def73e7389c7" />
      <TestMethod codeBase="D:\actions-runner\_work\XPCO\XPCO\AllSolutions\..\SC\Components\RemoteViewer\SmartClient\tst\zSmartClient_UnitTest\bin\x64\Debug\net6.0-windows\zSmartClient_UnitTest.dll" adapterTypeName="executor://mstestadapter/v2" className="SmartClient_UnitTest.VideoOS.RemoteClient.Plugin.Export.CreateExportDialogViewModelTests" name="CreateExportDialog_CannotCreateExport_WithNoDestinationsSelected" />
    </UnitTest>
    <UnitTest name="InitializeTokenException_ShouldThrow_WhenErrorOutOfRangeLow" storage="d:\actions-runner\_work\xpco\xpco\allsolutions\..\sc\components\remoteviewer\smartclient\tst\zsmartclient_unittest\bin\x64\debug\net6.0-windows\zsmartclient_unittest.dll" id="0daa0cf2-f08f-9af5-8f90-3afbe873dbac">
      <TestCategory>
        <TestCategoryItem TestCategory="ServerCommandController.IDPToken" />
      </TestCategory>
      <Execution id="315e7f2d-d5cd-44e2-953f-e0e3b331868c" />
      <TestMethod codeBase="D:\actions-runner\_work\XPCO\XPCO\AllSolutions\..\SC\Components\RemoteViewer\SmartClient\tst\zSmartClient_UnitTest\bin\x64\Debug\net6.0-windows\zSmartClient_UnitTest.dll" adapterTypeName="executor://mstestadapter/v2" className="SmartClient_UnitTest.VideoOS.RemoteClient.Application.Controllers.TokenExceptionsConverterTests" name="InitializeTokenException_ShouldThrow_WhenErrorOutOfRangeLow" />
    </UnitTest>
    <UnitTest name="ApplicationController_SystemInformationChangedEvent_ShouldUnregisterActions_WhenUserLoggedOut" storage="d:\actions-runner\_work\xpco\xpco\allsolutions\..\sc\components\remoteviewer\smartclient\tst\zsmartclient_unittest\bin\x64\debug\net6.0-windows\zsmartclient_unittest.dll" id="00fca5c1-405d-b820-34ef-a1a0e9446a86">
      <TestCategory>
        <TestCategoryItem TestCategory="Application.Actions" />
      </TestCategory>
      <Execution id="90d3151b-607c-423e-be6f-ee36f6b341da" />
      <TestMethod codeBase="D:\actions-runner\_work\XPCO\XPCO\AllSolutions\..\SC\Components\RemoteViewer\SmartClient\tst\zSmartClient_UnitTest\bin\x64\Debug\net6.0-windows\zSmartClient_UnitTest.dll" adapterTypeName="executor://mstestadapter/v2" className="SmartClient_UnitTest.VideoOS.RemoteClient.Application.Actions.PresetActionTests" name="ApplicationController_SystemInformationChangedEvent_ShouldUnregisterActions_WhenUserLoggedOut" />
    </UnitTest>
    <UnitTest name="DeviceIcons_ShouldNotBeNull_WhenCalled" storage="d:\actions-runner\_work\xpco\xpco\allsolutions\..\sc\components\remoteviewer\smartclient\tst\zsmartclient_unittest\bin\x64\debug\net6.0-windows\zsmartclient_unittest.dll" id="9636a1f1-1232-f981-d42a-36589836bff4">
      <TestCategory>
        <TestCategoryItem TestCategory="GisMapData.OutputOemResourcesProviderTests" />
      </TestCategory>
      <Execution id="18036f58-0694-41b8-8a57-01c03a499bf4" />
      <TestMethod codeBase="D:\actions-runner\_work\XPCO\XPCO\AllSolutions\..\SC\Components\RemoteViewer\SmartClient\tst\zSmartClient_UnitTest\bin\x64\Debug\net6.0-windows\zSmartClient_UnitTest.dll" adapterTypeName="executor://mstestadapter/v2" className="SmartClient_UnitTest.VideoOS.RemoteClient.GisMapData.Resources.OutputOemResourcesProviderTests" name="DeviceIcons_ShouldNotBeNull_WhenCalled" />
    </UnitTest>
    <UnitTest name="GetDomain_ShouldReturnEmptyDomainPartOfNetworkCredentials_WhenNetworkCredentialsContainsNoDomain" storage="d:\actions-runner\_work\xpco\xpco\allsolutions\..\sc\components\remoteviewer\smartclient\tst\zsmartclient_unittest\bin\x64\debug\net6.0-windows\zsmartclient_unittest.dll" id="f84b750e-f7b1-dfa1-6239-ac206a9e1008">
      <TestCategory>
        <TestCategoryItem TestCategory="Authentication.ClientCredentials" />
      </TestCategory>
      <Execution id="68913374-0b27-4891-bcb8-b16371d1adcf" />
      <TestMethod codeBase="D:\actions-runner\_work\XPCO\XPCO\AllSolutions\..\SC\Components\RemoteViewer\SmartClient\tst\zSmartClient_UnitTest\bin\x64\Debug\net6.0-windows\zSmartClient_UnitTest.dll" adapterTypeName="executor://mstestadapter/v2" className="SmartClient_UnitTest.VideoOS.Shared.ServerAPI.ClientCredentialsTest" name="GetDomain_ShouldReturnEmptyDomainPartOfNetworkCredentials_WhenNetworkCredentialsContainsNoDomain" />
    </UnitTest>
    <UnitTest name="PatrollingStepListViewModel_MoveStepUpExecute" storage="d:\actions-runner\_work\xpco\xpco\allsolutions\..\sc\components\remoteviewer\smartclient\tst\zsmartclient_unittest\bin\x64\debug\net6.0-windows\zsmartclient_unittest.dll" id="72855fe1-8be2-532b-4d86-61e95119c906">
      <Execution id="77221d64-ae85-421f-991b-3aaebb116af8" />
      <TestMethod codeBase="D:\actions-runner\_work\XPCO\XPCO\AllSolutions\..\SC\Components\RemoteViewer\SmartClient\tst\zSmartClient_UnitTest\bin\x64\Debug\net6.0-windows\zSmartClient_UnitTest.dll" adapterTypeName="executor://mstestadapter/v2" className="SmartClient_UnitTest.VideoOS.RemoteClient.Application.UI.PtzPreset.PatrollingViewModel.PatrollingStepListViewModelTest" name="PatrollingStepListViewModel_MoveStepUpExecute" />
    </UnitTest>
    <UnitTest name="TryAddInterval_ShouldReturnCorrectValue (True,True,Success)" storage="d:\actions-runner\_work\xpco\xpco\allsolutions\..\sc\components\remoteviewer\smartclient\tst\zsmartclient_unittest\bin\x64\debug\net6.0-windows\zsmartclient_unittest.dll" id="0e950736-8c33-6909-c85f-78e931c25e77">
      <TestCategory>
        <TestCategoryItem TestCategory="Managers" />
      </TestCategory>
      <Execution id="c383b8a7-8d1e-4697-8bf8-d1e541c0cbf8" />
      <TestMethod codeBase="D:\actions-runner\_work\XPCO\XPCO\AllSolutions\..\SC\Components\RemoteViewer\SmartClient\tst\zSmartClient_UnitTest\bin\x64\Debug\net6.0-windows\zSmartClient_UnitTest.dll" adapterTypeName="executor://mstestadapter/v2" className="SmartClient_UnitTest.VideoOS.RemoteClient.Application.Managers.ExportManagerTests" name="TryAddInterval_ShouldReturnCorrectValue" />
    </UnitTest>
    <UnitTest name="SmartMapGoToPositionHandler_WhenZoomIsInvalid_ShouldWriteToLog" storage="d:\actions-runner\_work\xpco\xpco\allsolutions\..\sc\components\remoteviewer\smartclient\tst\zsmartclient_unittest\bin\x64\debug\net6.0-windows\zsmartclient_unittest.dll" id="a2942f2b-9678-3c30-9d53-cbabd8538e8a">
      <Execution id="647f07ee-8888-4287-8956-676cfb35025e" />
      <TestMethod codeBase="D:\actions-runner\_work\XPCO\XPCO\AllSolutions\..\SC\Components\RemoteViewer\SmartClient\tst\zSmartClient_UnitTest\bin\x64\Debug\net6.0-windows\zSmartClient_UnitTest.dll" adapterTypeName="executor://mstestadapter/v2" className="SmartClient_UnitTest.VideoOS.RemoteClient.Plugin.GisMap.MIP.ContentHolderMipMessageManagerTests" name="SmartMapGoToPositionHandler_WhenZoomIsInvalid_ShouldWriteToLog" />
    </UnitTest>
    <UnitTest name="FilteredItems_NoFilter_AllItemsVisible" storage="d:\actions-runner\_work\xpco\xpco\allsolutions\..\sc\components\remoteviewer\smartclient\tst\zsmartclient_unittest\bin\x64\debug\net6.0-windows\zsmartclient_unittest.dll" id="96abbcdd-783c-a6e6-4e38-7f3dc42ebf4f">
      <TestCategory>
        <TestCategoryItem TestCategory="Search" />
      </TestCategory>
      <Execution id="b92d0616-3ff9-4ec8-85f2-5ad02e4db161" />
      <TestMethod codeBase="D:\actions-runner\_work\XPCO\XPCO\AllSolutions\..\SC\Components\RemoteViewer\SmartClient\tst\zSmartClient_UnitTest\bin\x64\Debug\net6.0-windows\zSmartClient_UnitTest.dll" adapterTypeName="executor://mstestadapter/v2" className="SmartClient_UnitTest.VideoOS.RemoteClient.Plugin.CentralizedSearch.MIPPlugin.Criteria.MultipleSelectionAttributeEditControlTest" name="FilteredItems_NoFilter_AllItemsVisible" />
    </UnitTest>
    <UnitTest name="AndOrSearchDefinitionToVisibilityMultiConverter_CallConvert_WithNullSearchDefinitionWrapper" storage="d:\actions-runner\_work\xpco\xpco\allsolutions\..\sc\components\remoteviewer\smartclient\tst\zsmartclient_unittest\bin\x64\debug\net6.0-windows\zsmartclient_unittest.dll" id="bc1eab18-b23a-a958-6a7b-2426121871d6">
      <TestCategory>
        <TestCategoryItem TestCategory="SearchConverter" />
      </TestCategory>
      <Execution id="897a6d87-1326-4782-95b6-c833fcc476f8" />
      <TestMethod codeBase="D:\actions-runner\_work\XPCO\XPCO\AllSolutions\..\SC\Components\RemoteViewer\SmartClient\tst\zSmartClient_UnitTest\bin\x64\Debug\net6.0-windows\zSmartClient_UnitTest.dll" adapterTypeName="executor://mstestadapter/v2" className="SmartClient_UnitTest.VideoOS.RemoteClient.Plugin.CentralizedSearch.Views.Converters.AndOrSearchDefinitionMultiConverterTests" name="AndOrSearchDefinitionToVisibilityMultiConverter_CallConvert_WithNullSearchDefinitionWrapper" />
    </UnitTest>
    <UnitTest name="Re_adding_cameras_with_no_RetentionCreate_rights_after_extending_retention_interval" storage="d:\actions-runner\_work\xpco\xpco\allsolutions\..\sc\components\remoteviewer\smartclient\tst\zsmartclient_unittest\bin\x64\debug\net6.0-windows\zsmartclient_unittest.dll" id="9040b640-fe7c-9575-9486-622077ffb232">
      <Execution id="0a2ededc-069c-4095-bdd5-4dcacc407291" />
      <TestMethod codeBase="D:\actions-runner\_work\XPCO\XPCO\AllSolutions\..\SC\Components\RemoteViewer\SmartClient\tst\zSmartClient_UnitTest\bin\x64\Debug\net6.0-windows\zSmartClient_UnitTest.dll" adapterTypeName="executor://mstestadapter/v2" className="SmartClient_UnitTest.VideoOS.RemoteClient.Application.Components.EvidenceLock.EvidenceLockEditModeUserRightTests" name="Re_adding_cameras_with_no_RetentionCreate_rights_after_extending_retention_interval" />
    </UnitTest>
    <UnitTest name="CameraMapItem_Delete_Success" storage="d:\actions-runner\_work\xpco\xpco\allsolutions\..\sc\components\remoteviewer\smartclient\tst\zsmartclient_unittest\bin\x64\debug\net6.0-windows\zsmartclient_unittest.dll" id="d3a599a4-935b-da5b-b016-03413c57fddc">
      <TestCategory>
        <TestCategoryItem TestCategory="GisMapMapItem" />
      </TestCategory>
      <Execution id="e15bd8c7-16c3-4f40-b6e4-42083252de96" />
      <TestMethod codeBase="D:\actions-runner\_work\XPCO\XPCO\AllSolutions\..\SC\Components\RemoteViewer\SmartClient\tst\zSmartClient_UnitTest\bin\x64\Debug\net6.0-windows\zSmartClient_UnitTest.dll" adapterTypeName="executor://mstestadapter/v2" className="SmartClient_UnitTest.VideoOS.RemoteClient.GisMap.MapItem.MapItemTests" name="CameraMapItem_Delete_Success" />
    </UnitTest>
    <UnitTest name="GetServerTypes_ShouldReturnManagementServerType" storage="d:\actions-runner\_work\xpco\xpco\allsolutions\..\sc\components\remoteviewer\smartclient\tst\zsmartclient_unittest\bin\x64\debug\net6.0-windows\zsmartclient_unittest.dll" id="d9cf4840-605e-c89a-3f41-61314ef11e52">
      <Execution id="1b37910d-b8cd-43a2-ad79-45a084735c55" />
      <TestMethod codeBase="D:\actions-runner\_work\XPCO\XPCO\AllSolutions\..\SC\Components\RemoteViewer\SmartClient\tst\zSmartClient_UnitTest\bin\x64\Debug\net6.0-windows\zSmartClient_UnitTest.dll" adapterTypeName="executor://mstestadapter/v2" className="SmartClient_UnitTest.VideoOS.RemoteClient.Application.Data.ContentTypes.ReportingContentType.DashboardExtentionsTest" name="GetServerTypes_ShouldReturnManagementServerType" />
    </UnitTest>
    <UnitTest name="Password1 invalid, Password 2 invalid" storage="d:\actions-runner\_work\xpco\xpco\allsolutions\..\sc\components\remoteviewer\smartclient\tst\zsmartclient_unittest\bin\x64\debug\net6.0-windows\zsmartclient_unittest.dll" id="b520e9be-bd72-d8ea-61ca-a3966da610ee">
      <TestCategory>
        <TestCategoryItem TestCategory="Export" />
      </TestCategory>
      <Execution id="c16c9ddd-8aee-46bf-af21-f04588200a0e" />
      <TestMethod codeBase="D:\actions-runner\_work\XPCO\XPCO\AllSolutions\..\SC\Components\RemoteViewer\SmartClient\tst\zSmartClient_UnitTest\bin\x64\Debug\net6.0-windows\zSmartClient_UnitTest.dll" adapterTypeName="executor://mstestadapter/v2" className="SmartClient_UnitTest.VideoOS.RemoteClient.Plugin.Export.PasswordDialogViewModelTests" name="ArePasswordsValid_ShouldDependOnPassword1AndPassword2" />
    </UnitTest>
    <UnitTest name="LoadSearchTemplate_ActiveToNewActiveSuppressEvent_UpdateAndNoEvent" storage="d:\actions-runner\_work\xpco\xpco\allsolutions\..\sc\components\remoteviewer\smartclient\tst\zsmartclient_unittest\bin\x64\debug\net6.0-windows\zsmartclient_unittest.dll" id="a8fe3325-ab25-7197-00a6-eb64a10d8cb7">
      <TestCategory>
        <TestCategoryItem TestCategory="SearchTemplates" />
      </TestCategory>
      <Execution id="dc64b6c5-c95a-4b60-81d4-668b318490eb" />
      <TestMethod codeBase="D:\actions-runner\_work\XPCO\XPCO\AllSolutions\..\SC\Components\RemoteViewer\SmartClient\tst\zSmartClient_UnitTest\bin\x64\Debug\net6.0-windows\zSmartClient_UnitTest.dll" adapterTypeName="executor://mstestadapter/v2" className="SmartClient_UnitTest.VideoOS.RemoteClient.Plugin.CentralizedSearch.SearchTemplates.SearchTemplateManagerTests" name="LoadSearchTemplate_ActiveToNewActiveSuppressEvent_UpdateAndNoEvent" />
    </UnitTest>
    <UnitTest name="GetLayerVisibilityItemsData_ShouldAddOneFixedLayer_WhenOnlyDeviceMapLayersAreProvided" storage="d:\actions-runner\_work\xpco\xpco\allsolutions\..\sc\components\remoteviewer\smartclient\tst\zsmartclient_unittest\bin\x64\debug\net6.0-windows\zsmartclient_unittest.dll" id="076370ef-98dd-553b-4db5-16eb7626b01e">
      <TestCategory>
        <TestCategoryItem TestCategory="GisMap.DefaultFixedLayerManagerStrategyTests" />
      </TestCategory>
      <Execution id="1359cac1-14a3-421f-b5f1-7e8fc45e3294" />
      <TestMethod codeBase="D:\actions-runner\_work\XPCO\XPCO\AllSolutions\..\SC\Components\RemoteViewer\SmartClient\tst\zSmartClient_UnitTest\bin\x64\Debug\net6.0-windows\zSmartClient_UnitTest.dll" adapterTypeName="executor://mstestadapter/v2" className="SmartClient_UnitTest.VideoOS.RemoteClient.Plugin.GisMap.ViewModels.LayersVisibility.FixedLayers.DefaultFixedLayerManagerStrategyTests" name="GetLayerVisibilityItemsData_ShouldAddOneFixedLayer_WhenOnlyDeviceMapLayersAreProvided" />
    </UnitTest>
    <UnitTest name="TestMultipleTaskUpdate" storage="d:\actions-runner\_work\xpco\xpco\allsolutions\..\sc\components\remoteviewer\smartclient\tst\zsmartclient_unittest\bin\x64\debug\net6.0-windows\zsmartclient_unittest.dll" id="f16a12ad-889f-384d-d0eb-cbbdfad076fe">
      <Execution id="e692c5ad-d0ac-4dda-a860-b13aefffa578" />
      <TestMethod codeBase="D:\actions-runner\_work\XPCO\XPCO\AllSolutions\..\SC\Components\RemoteViewer\SmartClient\tst\zSmartClient_UnitTest\bin\x64\Debug\net6.0-windows\zSmartClient_UnitTest.dll" adapterTypeName="executor://mstestadapter/v2" className="SmartClient_UnitTest.VideoOS.RemoteClient.Application.Managers.EdgeRetrievalTaskManagerUnitTest" name="TestMultipleTaskUpdate" />
    </UnitTest>
    <UnitTest name="Close_ShouldBeInvoked_WhenMarkerIsDisposed" storage="d:\actions-runner\_work\xpco\xpco\allsolutions\..\sc\components\remoteviewer\smartclient\tst\zsmartclient_unittest\bin\x64\debug\net6.0-windows\zsmartclient_unittest.dll" id="d2ac6e2c-d244-6600-ac41-33c9ad0aa47c">
      <TestCategory>
        <TestCategoryItem TestCategory="MapItemMarkerBase" />
      </TestCategory>
      <Execution id="69f38393-2b5a-4d69-a3f8-a1781020aa4c" />
      <TestMethod codeBase="D:\actions-runner\_work\XPCO\XPCO\AllSolutions\..\SC\Components\RemoteViewer\SmartClient\tst\zSmartClient_UnitTest\bin\x64\Debug\net6.0-windows\zSmartClient_UnitTest.dll" adapterTypeName="executor://mstestadapter/v2" className="SmartClient_UnitTest.VideoOS.RemoteClient.Plugin.GisMap.ThinkGeoMap.Markers.MapItemMarkerBaseTests" name="Close_ShouldBeInvoked_WhenMarkerIsDisposed" />
    </UnitTest>
    <UnitTest name="InputItemsMapLayer_Load_Save_DataIsSame_WhenInputIsEnabled" storage="d:\actions-runner\_work\xpco\xpco\allsolutions\..\sc\components\remoteviewer\smartclient\tst\zsmartclient_unittest\bin\x64\debug\net6.0-windows\zsmartclient_unittest.dll" id="e7e1ec7e-8e1e-7f8d-e3da-59506c852ed4">
      <TestCategory>
        <TestCategoryItem TestCategory="GisMapLayer" />
      </TestCategory>
      <Execution id="ba13df5c-635b-40df-b5e3-5a525c957dc8" />
      <TestMethod codeBase="D:\actions-runner\_work\XPCO\XPCO\AllSolutions\..\SC\Components\RemoteViewer\SmartClient\tst\zSmartClient_UnitTest\bin\x64\Debug\net6.0-windows\zSmartClient_UnitTest.dll" adapterTypeName="executor://mstestadapter/v2" className="SmartClient_UnitTest.VideoOS.RemoteClient.GisMap.MapLayers.GisMapLayerTests" name="InputItemsMapLayer_Load_Save_DataIsSame_WhenInputIsEnabled" />
    </UnitTest>
    <UnitTest name="NavigateAndSelectAsync_DeselectCamera_ReCenterCommandEnabled" storage="d:\actions-runner\_work\xpco\xpco\allsolutions\..\sc\components\remoteviewer\smartclient\tst\zsmartclient_unittest\bin\x64\debug\net6.0-windows\zsmartclient_unittest.dll" id="317e86cb-de5d-7ed1-da85-650314a8d400">
      <TestCategory>
        <TestCategoryItem TestCategory="GisMap.GisMapViewModel" />
      </TestCategory>
      <Execution id="53009f76-21c0-428a-9805-57a8d6a6dcf1" />
      <TestMethod codeBase="D:\actions-runner\_work\XPCO\XPCO\AllSolutions\..\SC\Components\RemoteViewer\SmartClient\tst\zSmartClient_UnitTest\bin\x64\Debug\net6.0-windows\zSmartClient_UnitTest.dll" adapterTypeName="executor://mstestadapter/v2" className="SmartClient_UnitTest.VideoOS.RemoteClient.Plugin.GisMap.ViewModels.GisMapViewModelTests" name="NavigateAndSelectAsync_DeselectCamera_ReCenterCommandEnabled" />
    </UnitTest>
    <UnitTest name="Ctor_TwoBuiltInGroupsDefined_TwoCompositeAgentsAddedAndOneStandardAgentAdded" storage="d:\actions-runner\_work\xpco\xpco\allsolutions\..\sc\components\remoteviewer\smartclient\tst\zsmartclient_unittest\bin\x64\debug\net6.0-windows\zsmartclient_unittest.dll" id="a39ae70d-c88f-1b05-e852-22bd9620ca7b">
      <TestCategory>
        <TestCategoryItem TestCategory="ScSearchManager" />
      </TestCategory>
      <Execution id="1152edb7-7e84-403f-90af-87ac64f45a3b" />
      <TestMethod codeBase="D:\actions-runner\_work\XPCO\XPCO\AllSolutions\..\SC\Components\RemoteViewer\SmartClient\tst\zSmartClient_UnitTest\bin\x64\Debug\net6.0-windows\zSmartClient_UnitTest.dll" adapterTypeName="executor://mstestadapter/v2" className="SmartClient_UnitTest.VideoOS.RemoteClient.Plugin.CentralizedSearch.MIPPlugin.ScSearchManagerTests" name="Ctor_TwoBuiltInGroupsDefined_TwoCompositeAgentsAddedAndOneStandardAgentAdded" />
    </UnitTest>
    <UnitTest name="Constructor_ShouldRaiseArgumentNullException_WhenLayersIsNull" storage="d:\actions-runner\_work\xpco\xpco\allsolutions\..\sc\components\remoteviewer\smartclient\tst\zsmartclient_unittest\bin\x64\debug\net6.0-windows\zsmartclient_unittest.dll" id="4b4d5e86-475e-c148-8766-115d68041442">
      <TestCategory>
        <TestCategoryItem TestCategory="GisMap.Controllers.Devices.MapItems" />
      </TestCategory>
      <Execution id="3c37871c-9c32-44b8-91e4-f1b31d9f8d6c" />
      <TestMethod codeBase="D:\actions-runner\_work\XPCO\XPCO\AllSolutions\..\SC\Components\RemoteViewer\SmartClient\tst\zSmartClient_UnitTest\bin\x64\Debug\net6.0-windows\zSmartClient_UnitTest.dll" adapterTypeName="executor://mstestadapter/v2" className="SmartClient_UnitTest.VideoOS.RemoteClient.Plugin.GisMap.Controllers.Devices.MapItems.DeviceDataControllerTests" name="Constructor_ShouldRaiseArgumentNullException_WhenLayersIsNull" />
    </UnitTest>
    <UnitTest name="Execute_YesCommand_DialogResultReturnsTrue" storage="d:\actions-runner\_work\xpco\xpco\allsolutions\..\sc\components\remoteviewer\smartclient\tst\zsmartclient_unittest\bin\x64\debug\net6.0-windows\zsmartclient_unittest.dll" id="c122d3c0-e65a-97bc-0031-9b0adfb0a20b">
      <Execution id="7bf20977-f1ac-4a76-b963-7929b1c38b49" />
      <TestMethod codeBase="D:\actions-runner\_work\XPCO\XPCO\AllSolutions\..\SC\Components\RemoteViewer\SmartClient\tst\zSmartClient_UnitTest\bin\x64\Debug\net6.0-windows\zSmartClient_UnitTest.dll" adapterTypeName="executor://mstestadapter/v2" className="SmartClient_UnitTest.VideoOS.RemoteClient.Application.UI.Common.MessageBoxWithList.MessageBoxWithListViewModelTests" name="Execute_YesCommand_DialogResultReturnsTrue" />
    </UnitTest>
    <UnitTest name="Convert_InvalidSecondArgument_Collapsed" storage="d:\actions-runner\_work\xpco\xpco\allsolutions\..\sc\components\remoteviewer\smartclient\tst\zsmartclient_unittest\bin\x64\debug\net6.0-windows\zsmartclient_unittest.dll" id="5c9e3b97-385d-08ab-8be4-492336c43670">
      <TestCategory>
        <TestCategoryItem TestCategory="SearchConverter" />
      </TestCategory>
      <Execution id="cd338c81-c568-4011-bc9d-7d67bd41f4cb" />
      <TestMethod codeBase="D:\actions-runner\_work\XPCO\XPCO\AllSolutions\..\SC\Components\RemoteViewer\SmartClient\tst\zSmartClient_UnitTest\bin\x64\Debug\net6.0-windows\zSmartClient_UnitTest.dll" adapterTypeName="executor://mstestadapter/v2" className="SmartClient_UnitTest.VideoOS.RemoteClient.Plugin.CentralizedSearch.Views.Converters.NoCriteriaSelectedGridVisibilityConverterTests" name="Convert_InvalidSecondArgument_Collapsed" />
    </UnitTest>
    <UnitTest name="ActionBarPluginsEnabled_TwoPluginsWithDifferentOverflowModes_PluginButtonPresentInActionBarAndSortedCorrectly" storage="d:\actions-runner\_work\xpco\xpco\allsolutions\..\sc\components\remoteviewer\smartclient\tst\zsmartclient_unittest\bin\x64\debug\net6.0-windows\zsmartclient_unittest.dll" id="f4a64d46-5162-ebbc-c6d5-bf9ee224f0ba">
      <TestCategory>
        <TestCategoryItem TestCategory="SearchViews" />
      </TestCategory>
      <Execution id="d57cd08a-b51f-472a-a0d8-a273be22acf5" />
      <TestMethod codeBase="D:\actions-runner\_work\XPCO\XPCO\AllSolutions\..\SC\Components\RemoteViewer\SmartClient\tst\zSmartClient_UnitTest\bin\x64\Debug\net6.0-windows\zSmartClient_UnitTest.dll" adapterTypeName="executor://mstestadapter/v2" className="SmartClient_UnitTest.VideoOS.RemoteClient.Plugin.CentralizedSearch.Views.SearchResultActionBarViewTests" name="ActionBarPluginsEnabled_TwoPluginsWithDifferentOverflowModes_PluginButtonPresentInActionBarAndSortedCorrectly" />
    </UnitTest>
    <UnitTest name="RemoveDefinition_NullDefinition_Throws" storage="d:\actions-runner\_work\xpco\xpco\allsolutions\..\sc\components\remoteviewer\smartclient\tst\zsmartclient_unittest\bin\x64\debug\net6.0-windows\zsmartclient_unittest.dll" id="dc2a73b2-537f-23c2-17dd-b62bfff2142a">
      <TestCategory>
        <TestCategoryItem TestCategory="SearchModels" />
      </TestCategory>
      <Execution id="c14ed8a1-12d5-4719-9d0a-b400c5fef12e" />
      <TestMethod codeBase="D:\actions-runner\_work\XPCO\XPCO\AllSolutions\..\SC\Components\RemoteViewer\SmartClient\tst\zSmartClient_UnitTest\bin\x64\Debug\net6.0-windows\zSmartClient_UnitTest.dll" adapterTypeName="executor://mstestadapter/v2" className="SmartClient_UnitTest.VideoOS.RemoteClient.Plugin.CentralizedSearch.Models.SearchModelTests" name="RemoveDefinition_NullDefinition_Throws" />
    </UnitTest>
    <UnitTest name="SearchResultsActionBarActions_SendToFloatingWindowMaxCamerasExceededButAccepted_InvokeCommand_WarningDialogDisplayed" storage="d:\actions-runner\_work\xpco\xpco\allsolutions\..\sc\components\remoteviewer\smartclient\tst\zsmartclient_unittest\bin\x64\debug\net6.0-windows\zsmartclient_unittest.dll" id="c7772852-e1ce-5a56-9e2d-f376c5ee0d2f">
      <TestCategory>
        <TestCategoryItem TestCategory="SearchResultActionBarViewModel" />
      </TestCategory>
      <Execution id="a9a82b33-cada-4dc9-bef8-3fcbd6ffa201" />
      <TestMethod codeBase="D:\actions-runner\_work\XPCO\XPCO\AllSolutions\..\SC\Components\RemoteViewer\SmartClient\tst\zSmartClient_UnitTest\bin\x64\Debug\net6.0-windows\zSmartClient_UnitTest.dll" adapterTypeName="executor://mstestadapter/v2" className="SmartClient_UnitTest.VideoOS.RemoteClient.Plugin.CentralizedSearch.ViewModels.SearchResultsActionBarViewModelTest" name="SearchResultsActionBarActions_SendToFloatingWindowMaxCamerasExceededButAccepted_InvokeCommand_WarningDialogDisplayed" />
    </UnitTest>
    <UnitTest name="Ctor_WpfMessageBoxButtonIsSetToYesNo_OnlyYesNoButtonsVisible" storage="d:\actions-runner\_work\xpco\xpco\allsolutions\..\sc\components\remoteviewer\smartclient\tst\zsmartclient_unittest\bin\x64\debug\net6.0-windows\zsmartclient_unittest.dll" id="2e3adaa4-ba6e-d91b-783c-2bb11efe1b7a">
      <Execution id="c3dbe55b-c602-4273-8c21-7f22ed79259b" />
      <TestMethod codeBase="D:\actions-runner\_work\XPCO\XPCO\AllSolutions\..\SC\Components\RemoteViewer\SmartClient\tst\zSmartClient_UnitTest\bin\x64\Debug\net6.0-windows\zSmartClient_UnitTest.dll" adapterTypeName="executor://mstestadapter/v2" className="SmartClient_UnitTest.VideoOS.RemoteClient.Application.UI.Common.MessageBoxWithList.MessageBoxWithListViewModelTests" name="Ctor_WpfMessageBoxButtonIsSetToYesNo_OnlyYesNoButtonsVisible" />
    </UnitTest>
    <UnitTest name="VideoResultSearchResult_ShouldOnlyHavePropertiesFromSecondContext_WhenSetTwiceAndThrowingOnTokenCancellation" storage="d:\actions-runner\_work\xpco\xpco\allsolutions\..\sc\components\remoteviewer\smartclient\tst\zsmartclient_unittest\bin\x64\debug\net6.0-windows\zsmartclient_unittest.dll" id="2a52f03a-cddc-7860-41d6-2e4a73025212">
      <TestCategory>
        <TestCategoryItem TestCategory="SearchControls" />
      </TestCategory>
      <Execution id="f37010a8-1dd3-4515-9cd9-284ba5b7350f" />
      <TestMethod codeBase="D:\actions-runner\_work\XPCO\XPCO\AllSolutions\..\SC\Components\RemoteViewer\SmartClient\tst\zSmartClient_UnitTest\bin\x64\Debug\net6.0-windows\zSmartClient_UnitTest.dll" adapterTypeName="executor://mstestadapter/v2" className="SmartClient_UnitTest.VideoOS.RemoteClient.Plugin.CentralizedSearch.Views.Controls.SearchResultDetailsControlTests" name="VideoResultSearchResult_ShouldOnlyHavePropertiesFromSecondContext_WhenSetTwiceAndThrowingOnTokenCancellation" />
    </UnitTest>
    <UnitTest name="SearchAction_BrowseMode_Now" storage="d:\actions-runner\_work\xpco\xpco\allsolutions\..\sc\components\remoteviewer\smartclient\tst\zsmartclient_unittest\bin\x64\debug\net6.0-windows\zsmartclient_unittest.dll" id="e81278a0-f697-84b0-67b1-ed0b5035a30c">
      <TestCategory>
        <TestCategoryItem TestCategory="WorkspaceToolbar" />
      </TestCategory>
      <Execution id="1c2e43e7-4ff2-4b5f-a913-92a63880faa6" />
      <TestMethod codeBase="D:\actions-runner\_work\XPCO\XPCO\AllSolutions\..\SC\Components\RemoteViewer\SmartClient\tst\zSmartClient_UnitTest\bin\x64\Debug\net6.0-windows\zSmartClient_UnitTest.dll" adapterTypeName="executor://mstestadapter/v2" className="SmartClient_UnitTest.VideoOS.RemoteClient.Application.Data.WorkspaceToolbar.WorkspaceToolbarItemSmartSearchTests" name="SearchAction_BrowseMode_Now" />
    </UnitTest>
    <UnitTest name="RemoveSelectedCameraCommand_WithActiveSearchTemplateAndValidCamera_ActiveSearchTemplateModifiedSet" storage="d:\actions-runner\_work\xpco\xpco\allsolutions\..\sc\components\remoteviewer\smartclient\tst\zsmartclient_unittest\bin\x64\debug\net6.0-windows\zsmartclient_unittest.dll" id="29952541-0072-8c3b-e8db-a524fa1509da">
      <TestCategory>
        <TestCategoryItem TestCategory="SearchViewModels" />
      </TestCategory>
      <Execution id="23e8007c-dda3-418a-a53b-6e02757bd93f" />
      <TestMethod codeBase="D:\actions-runner\_work\XPCO\XPCO\AllSolutions\..\SC\Components\RemoteViewer\SmartClient\tst\zSmartClient_UnitTest\bin\x64\Debug\net6.0-windows\zSmartClient_UnitTest.dll" adapterTypeName="executor://mstestadapter/v2" className="SmartClient_UnitTest.VideoOS.RemoteClient.Plugin.CentralizedSearch.ViewModels.SearchViewModelTests" name="RemoveSelectedCameraCommand_WithActiveSearchTemplateAndValidCamera_ActiveSearchTemplateModifiedSet" />
    </UnitTest>
    <UnitTest name="GetBoundingShapesForMetadataObjectsAsync_ShouldIncludeNonFirstMetadataObject_WhenRequestedTimeIsWithinMetadataTimespan" storage="d:\actions-runner\_work\xpco\xpco\allsolutions\..\sc\components\remoteviewer\smartclient\tst\zsmartclient_unittest\bin\x64\debug\net6.0-windows\zsmartclient_unittest.dll" id="a5677ca9-068f-1409-b05b-617b1124d3e3">
      <Execution id="ba533148-9a7b-48b8-9e81-c82256710909" />
      <TestMethod codeBase="D:\actions-runner\_work\XPCO\XPCO\AllSolutions\..\SC\Components\RemoteViewer\SmartClient\tst\zSmartClient_UnitTest\bin\x64\Debug\net6.0-windows\zSmartClient_UnitTest.dll" adapterTypeName="executor://mstestadapter/v2" className="SmartClient_UnitTest.VideoOS.RemoteClient.Plugin.CentralizedSearch.Utils.MetadataUtilTests" name="GetBoundingShapesForMetadataObjectsAsync_ShouldIncludeNonFirstMetadataObject_WhenRequestedTimeIsWithinMetadataTimespan" />
    </UnitTest>
    <UnitTest name="GetSKU_ShouldReturnEmptyString_WhenLicenseIsNull" storage="d:\actions-runner\_work\xpco\xpco\allsolutions\..\sc\components\remoteviewer\smartclient\tst\zsmartclient_unittest\bin\x64\debug\net6.0-windows\zsmartclient_unittest.dll" id="57bd8ba2-a7b1-3773-dd72-99c3e39978da">
      <Execution id="66afd3db-897b-48f8-aa35-d2a9ca4fcd27" />
      <TestMethod codeBase="D:\actions-runner\_work\XPCO\XPCO\AllSolutions\..\SC\Components\RemoteViewer\SmartClient\tst\zSmartClient_UnitTest\bin\x64\Debug\net6.0-windows\zSmartClient_UnitTest.dll" adapterTypeName="executor://mstestadapter/v2" className="SmartClient_UnitTest.VideoOS.RemoteClient.Application.Common.Telemetry.SCTelemetrySpecificsTests" name="GetSKU_ShouldReturnEmptyString_WhenLicenseIsNull" />
    </UnitTest>
    <UnitTest name="CreateExportDialog_CannotCreateExport_WithMissingExportName" storage="d:\actions-runner\_work\xpco\xpco\allsolutions\..\sc\components\remoteviewer\smartclient\tst\zsmartclient_unittest\bin\x64\debug\net6.0-windows\zsmartclient_unittest.dll" id="6e8c0e78-ac96-07f6-2327-5c670bb6a7bf">
      <TestCategory>
        <TestCategoryItem TestCategory="Export" />
      </TestCategory>
      <Execution id="05068fab-e14b-4bbc-92bd-690344983881" />
      <TestMethod codeBase="D:\actions-runner\_work\XPCO\XPCO\AllSolutions\..\SC\Components\RemoteViewer\SmartClient\tst\zSmartClient_UnitTest\bin\x64\Debug\net6.0-windows\zSmartClient_UnitTest.dll" adapterTypeName="executor://mstestadapter/v2" className="SmartClient_UnitTest.VideoOS.RemoteClient.Plugin.Export.CreateExportDialogViewModelTests" name="CreateExportDialog_CannotCreateExport_WithMissingExportName" />
    </UnitTest>
    <UnitTest name="SuspendedPropertyChanged_Success" storage="d:\actions-runner\_work\xpco\xpco\allsolutions\..\sc\components\remoteviewer\smartclient\tst\zsmartclient_unittest\bin\x64\debug\net6.0-windows\zsmartclient_unittest.dll" id="f192461d-c04b-ccd8-4669-21b5fa7a7ede">
      <TestCategory>
        <TestCategoryItem TestCategory="SearchViews" />
      </TestCategory>
      <Execution id="0db82330-64e2-45b9-ad5e-e9863cacfad1" />
      <TestMethod codeBase="D:\actions-runner\_work\XPCO\XPCO\AllSolutions\..\SC\Components\RemoteViewer\SmartClient\tst\zSmartClient_UnitTest\bin\x64\Debug\net6.0-windows\zSmartClient_UnitTest.dll" adapterTypeName="executor://mstestadapter/v2" className="SmartClient_UnitTest.VideoOS.RemoteClient.Plugin.CentralizedSearch.Views.SearchResultsViewTests" name="SuspendedPropertyChanged_Success" />
    </UnitTest>
    <UnitTest name="Compare_NullVsNotNull_GreaterThan" storage="d:\actions-runner\_work\xpco\xpco\allsolutions\..\sc\components\remoteviewer\smartclient\tst\zsmartclient_unittest\bin\x64\debug\net6.0-windows\zsmartclient_unittest.dll" id="03176de6-d0a5-5d83-9bd0-bdcb94c2ab49">
      <TestCategory>
        <TestCategoryItem TestCategory="SearchComparers" />
      </TestCategory>
      <Execution id="d73df074-a0ab-49fb-98c2-808cddcc8d9a" />
      <TestMethod codeBase="D:\actions-runner\_work\XPCO\XPCO\AllSolutions\..\SC\Components\RemoteViewer\SmartClient\tst\zSmartClient_UnitTest\bin\x64\Debug\net6.0-windows\zSmartClient_UnitTest.dll" adapterTypeName="executor://mstestadapter/v2" className="SmartClient_UnitTest.VideoOS.RemoteClient.Plugin.CentralizedSearch.Models.Wrappers.Comparers.TriggerTimeComparerTests" name="Compare_NullVsNotNull_GreaterThan" />
    </UnitTest>
    <UnitTest name="SupportsRightClick_ShouldBeFalse_WhenInteractionStateIsNotNormal" storage="d:\actions-runner\_work\xpco\xpco\allsolutions\..\sc\components\remoteviewer\smartclient\tst\zsmartclient_unittest\bin\x64\debug\net6.0-windows\zsmartclient_unittest.dll" id="2c1f07ec-ce8f-9b5e-788c-417096e2b9e1">
      <TestCategory>
        <TestCategoryItem TestCategory="GisMap.MipItemMarker" />
      </TestCategory>
      <Execution id="ba83bf5f-bf7e-45df-8e43-f3ad15a6e90e" />
      <TestMethod codeBase="D:\actions-runner\_work\XPCO\XPCO\AllSolutions\..\SC\Components\RemoteViewer\SmartClient\tst\zSmartClient_UnitTest\bin\x64\Debug\net6.0-windows\zSmartClient_UnitTest.dll" adapterTypeName="executor://mstestadapter/v2" className="SmartClient_UnitTest.VideoOS.RemoteClient.Plugin.GisMap.ThinkGeoMap.Markers.MipItemMarker.MipItemMarkerTests" name="SupportsRightClick_ShouldBeFalse_WhenInteractionStateIsNotNormal" />
    </UnitTest>
    <UnitTest name="PatrollingProfileViewModelTest_Name" storage="d:\actions-runner\_work\xpco\xpco\allsolutions\..\sc\components\remoteviewer\smartclient\tst\zsmartclient_unittest\bin\x64\debug\net6.0-windows\zsmartclient_unittest.dll" id="56fde5b0-e4df-3dd0-b924-b3d8168ff571">
      <Execution id="f65242a0-f614-4849-9c22-6578372d8d88" />
      <TestMethod codeBase="D:\actions-runner\_work\XPCO\XPCO\AllSolutions\..\SC\Components\RemoteViewer\SmartClient\tst\zSmartClient_UnitTest\bin\x64\Debug\net6.0-windows\zSmartClient_UnitTest.dll" adapterTypeName="executor://mstestadapter/v2" className="SmartClient_UnitTest.VideoOS.RemoteClient.Application.UI.PtzPreset.PatrollingViewModel.PatrollingProfileViewModelTest" name="PatrollingProfileViewModelTest_Name" />
    </UnitTest>
    <UnitTest name="PerformAction_Success" storage="d:\actions-runner\_work\xpco\xpco\allsolutions\..\sc\components\remoteviewer\smartclient\tst\zsmartclient_unittest\bin\x64\debug\net6.0-windows\zsmartclient_unittest.dll" id="4b3691e7-07b6-0fb9-2d54-63140b399b3d">
      <TestCategory>
        <TestCategoryItem TestCategory="MipItemsRetriever" />
      </TestCategory>
      <Execution id="8affd19a-619d-45c8-be45-d7ee345b9325" />
      <TestMethod codeBase="D:\actions-runner\_work\XPCO\XPCO\AllSolutions\..\SC\Components\RemoteViewer\SmartClient\tst\zSmartClient_UnitTest\bin\x64\Debug\net6.0-windows\zSmartClient_UnitTest.dll" adapterTypeName="executor://mstestadapter/v2" className="SmartClient_UnitTest.VideoOS.RemoteClient.Plugin.GisMap.MIP.MipItemActionsCommunicatorTests" name="PerformAction_Success" />
    </UnitTest>
    <UnitTest name="TryAddInterval_ShouldReturnCorrectValue (False,True,PermissionDenied)" storage="d:\actions-runner\_work\xpco\xpco\allsolutions\..\sc\components\remoteviewer\smartclient\tst\zsmartclient_unittest\bin\x64\debug\net6.0-windows\zsmartclient_unittest.dll" id="7b3d70cd-81e1-008c-e609-47fa8092a379">
      <TestCategory>
        <TestCategoryItem TestCategory="Managers" />
      </TestCategory>
      <Execution id="8eea4b93-49dc-4a3d-8b52-490737fd36b3" />
      <TestMethod codeBase="D:\actions-runner\_work\XPCO\XPCO\AllSolutions\..\SC\Components\RemoteViewer\SmartClient\tst\zSmartClient_UnitTest\bin\x64\Debug\net6.0-windows\zSmartClient_UnitTest.dll" adapterTypeName="executor://mstestadapter/v2" className="SmartClient_UnitTest.VideoOS.RemoteClient.Application.Managers.ExportManagerTests" name="TryAddInterval_ShouldReturnCorrectValue" />
    </UnitTest>
    <UnitTest name="GetServerTypes_ShouldReturnFailoverServerType" storage="d:\actions-runner\_work\xpco\xpco\allsolutions\..\sc\components\remoteviewer\smartclient\tst\zsmartclient_unittest\bin\x64\debug\net6.0-windows\zsmartclient_unittest.dll" id="5b8ffd61-7472-5d07-a1e1-10f78205a31d">
      <Execution id="d7d4d14a-226b-4ee5-b15f-531a23d873b7" />
      <TestMethod codeBase="D:\actions-runner\_work\XPCO\XPCO\AllSolutions\..\SC\Components\RemoteViewer\SmartClient\tst\zSmartClient_UnitTest\bin\x64\Debug\net6.0-windows\zSmartClient_UnitTest.dll" adapterTypeName="executor://mstestadapter/v2" className="SmartClient_UnitTest.VideoOS.RemoteClient.Application.Data.ContentTypes.ReportingContentType.DashboardExtentionsTest" name="GetServerTypes_ShouldReturnFailoverServerType" />
    </UnitTest>
    <UnitTest name="Convert_NoCamerasSelectionsAndNoSearchDefinitions_Collapsed" storage="d:\actions-runner\_work\xpco\xpco\allsolutions\..\sc\components\remoteviewer\smartclient\tst\zsmartclient_unittest\bin\x64\debug\net6.0-windows\zsmartclient_unittest.dll" id="092a5f5d-5e92-e7c2-e812-620b9e6c3275">
      <TestCategory>
        <TestCategoryItem TestCategory="SearchConverter" />
      </TestCategory>
      <Execution id="7c91d98f-8663-4ac7-8f01-4e08353d630e" />
      <TestMethod codeBase="D:\actions-runner\_work\XPCO\XPCO\AllSolutions\..\SC\Components\RemoteViewer\SmartClient\tst\zSmartClient_UnitTest\bin\x64\Debug\net6.0-windows\zSmartClient_UnitTest.dll" adapterTypeName="executor://mstestadapter/v2" className="SmartClient_UnitTest.VideoOS.RemoteClient.Plugin.CentralizedSearch.Views.Converters.NoCriteriaSelectedGridVisibilityConverterTests" name="Convert_NoCamerasSelectionsAndNoSearchDefinitions_Collapsed" />
    </UnitTest>
    <UnitTest name="Parse_Yesterday_Success" storage="d:\actions-runner\_work\xpco\xpco\allsolutions\..\sc\components\remoteviewer\smartclient\tst\zsmartclient_unittest\bin\x64\debug\net6.0-windows\zsmartclient_unittest.dll" id="6c232766-0173-c070-73ea-ec002545c357">
      <TestCategory>
        <TestCategoryItem TestCategory="Search" />
      </TestCategory>
      <Execution id="b84c8476-fc03-4b87-97b8-0705167bf40e" />
      <TestMethod codeBase="D:\actions-runner\_work\XPCO\XPCO\AllSolutions\..\SC\Components\RemoteViewer\SmartClient\tst\zSmartClient_UnitTest\bin\x64\Debug\net6.0-windows\zSmartClient_UnitTest.dll" adapterTypeName="executor://mstestadapter/v2" className="SmartClient_UnitTest.VideoOS.RemoteClient.Plugin.CentralizedSearch.Models.ScopeDurationTests" name="Parse_Yesterday_Success" />
    </UnitTest>
    <UnitTest name="ServerAuthentication_ShouldReturnLegacyWindowsCurrentUser_WhenConstructedUsingWindowsDefault" storage="d:\actions-runner\_work\xpco\xpco\allsolutions\..\sc\components\remoteviewer\smartclient\tst\zsmartclient_unittest\bin\x64\debug\net6.0-windows\zsmartclient_unittest.dll" id="910648d0-f58e-b40c-710a-20818471b114">
      <TestCategory>
        <TestCategoryItem TestCategory="Authentication.ClientCredentials" />
      </TestCategory>
      <Execution id="e1ed0b8c-874a-4190-af1b-fe194f898d86" />
      <TestMethod codeBase="D:\actions-runner\_work\XPCO\XPCO\AllSolutions\..\SC\Components\RemoteViewer\SmartClient\tst\zSmartClient_UnitTest\bin\x64\Debug\net6.0-windows\zSmartClient_UnitTest.dll" adapterTypeName="executor://mstestadapter/v2" className="SmartClient_UnitTest.VideoOS.Shared.ServerAPI.ClientCredentialsTest" name="ServerAuthentication_ShouldReturnLegacyWindowsCurrentUser_WhenConstructedUsingWindowsDefault" />
    </UnitTest>
    <UnitTest name="PtzSessionController_Constructor_Test" storage="d:\actions-runner\_work\xpco\xpco\allsolutions\..\sc\components\remoteviewer\smartclient\tst\zsmartclient_unittest\bin\x64\debug\net6.0-windows\zsmartclient_unittest.dll" id="bdaa8c04-85d7-4ee8-e951-82186f7309ad">
      <Execution id="22f7b5c9-d1ae-4d8d-bab2-b3542b66c172" />
      <TestMethod codeBase="D:\actions-runner\_work\XPCO\XPCO\AllSolutions\..\SC\Components\RemoteViewer\SmartClient\tst\zSmartClient_UnitTest\bin\x64\Debug\net6.0-windows\zSmartClient_UnitTest.dll" adapterTypeName="executor://mstestadapter/v2" className="VideoOS.RemoteClient.Application.Controllers.UnitTest.PtzSessionControllerTest" name="PtzSessionController_Constructor_Test" />
    </UnitTest>
    <UnitTest name="PatrollingStepViewModel_IsDirty" storage="d:\actions-runner\_work\xpco\xpco\allsolutions\..\sc\components\remoteviewer\smartclient\tst\zsmartclient_unittest\bin\x64\debug\net6.0-windows\zsmartclient_unittest.dll" id="bdfc4999-ccbe-91b3-0eb1-52f2f541ba00">
      <Execution id="f4dae8e7-4b61-4c70-ad66-172a95d96d9e" />
      <TestMethod codeBase="D:\actions-runner\_work\XPCO\XPCO\AllSolutions\..\SC\Components\RemoteViewer\SmartClient\tst\zSmartClient_UnitTest\bin\x64\Debug\net6.0-windows\zSmartClient_UnitTest.dll" adapterTypeName="executor://mstestadapter/v2" className="SmartClient_UnitTest.VideoOS.RemoteClient.Application.UI.PtzPreset.PatrollingViewModel.PatrollingStepViewModelTest" name="PatrollingStepViewModel_IsDirty" />
    </UnitTest>
    <UnitTest name="SupportsDoubleClick_ShouldBeFalse_WhenInteractionStateIsNormalAndNotInSetupMode" storage="d:\actions-runner\_work\xpco\xpco\allsolutions\..\sc\components\remoteviewer\smartclient\tst\zsmartclient_unittest\bin\x64\debug\net6.0-windows\zsmartclient_unittest.dll" id="08b3ace1-45f6-6e1d-2bc1-52f8ecd0e63e">
      <TestCategory>
        <TestCategoryItem TestCategory="GisMap.LocationMarker" />
      </TestCategory>
      <Execution id="5767b34d-763b-4526-a8ac-02eaec6f1f07" />
      <TestMethod codeBase="D:\actions-runner\_work\XPCO\XPCO\AllSolutions\..\SC\Components\RemoteViewer\SmartClient\tst\zSmartClient_UnitTest\bin\x64\Debug\net6.0-windows\zSmartClient_UnitTest.dll" adapterTypeName="executor://mstestadapter/v2" className="SmartClient_UnitTest.VideoOS.RemoteClient.Plugin.GisMap.ThinkGeoMap.Markers.LocationMarker.LocationMarkerTests" name="SupportsDoubleClick_ShouldBeFalse_WhenInteractionStateIsNormalAndNotInSetupMode" />
    </UnitTest>
    <UnitTest name="LoadSearchTemplate_ActiveToNewActive_UpdateAndEvent" storage="d:\actions-runner\_work\xpco\xpco\allsolutions\..\sc\components\remoteviewer\smartclient\tst\zsmartclient_unittest\bin\x64\debug\net6.0-windows\zsmartclient_unittest.dll" id="575a32bf-8dea-b537-a592-8290f971bf09">
      <TestCategory>
        <TestCategoryItem TestCategory="SearchTemplates" />
      </TestCategory>
      <Execution id="ad4ee40b-ad9e-4a34-804e-74b7319fd631" />
      <TestMethod codeBase="D:\actions-runner\_work\XPCO\XPCO\AllSolutions\..\SC\Components\RemoteViewer\SmartClient\tst\zSmartClient_UnitTest\bin\x64\Debug\net6.0-windows\zSmartClient_UnitTest.dll" adapterTypeName="executor://mstestadapter/v2" className="SmartClient_UnitTest.VideoOS.RemoteClient.Plugin.CentralizedSearch.SearchTemplates.SearchTemplateManagerTests" name="LoadSearchTemplate_ActiveToNewActive_UpdateAndEvent" />
    </UnitTest>
    <UnitTest name="UpdateAction_SingleRejected_AddSuffixToToolTip" storage="d:\actions-runner\_work\xpco\xpco\allsolutions\..\sc\components\remoteviewer\smartclient\tst\zsmartclient_unittest\bin\x64\debug\net6.0-windows\zsmartclient_unittest.dll" id="046e87a4-129e-e9d1-b689-ff12d71bb7aa">
      <TestCategory>
        <TestCategoryItem TestCategory="SearchResultsAction" />
      </TestCategory>
      <Execution id="378a0ba0-64c4-413e-9539-0ba3805cb30b" />
      <TestMethod codeBase="D:\actions-runner\_work\XPCO\XPCO\AllSolutions\..\SC\Components\RemoteViewer\SmartClient\tst\zSmartClient_UnitTest\bin\x64\Debug\net6.0-windows\zSmartClient_UnitTest.dll" adapterTypeName="executor://mstestadapter/v2" className="SmartClient_UnitTest.VideoOS.RemoteClient.Plugin.CentralizedSearch.ViewModels.SearchResultsActionViewModelTests" name="UpdateAction_SingleRejected_AddSuffixToToolTip" />
    </UnitTest>
    <UnitTest name="GetItemsIn_InBuildingNoLevels_Returns2Items" storage="d:\actions-runner\_work\xpco\xpco\allsolutions\..\sc\components\remoteviewer\smartclient\tst\zsmartclient_unittest\bin\x64\debug\net6.0-windows\zsmartclient_unittest.dll" id="b802935f-0eb0-14ff-4c95-9725f194073b">
      <TestCategory>
        <TestCategoryItem TestCategory="GisMapIndex" />
      </TestCategory>
      <Execution id="21794b10-39d1-469e-9889-4e4492a00296" />
      <TestMethod codeBase="D:\actions-runner\_work\XPCO\XPCO\AllSolutions\..\SC\Components\RemoteViewer\SmartClient\tst\zSmartClient_UnitTest\bin\x64\Debug\net6.0-windows\zSmartClient_UnitTest.dll" adapterTypeName="executor://mstestadapter/v2" className="SmartClient_UnitTest.VideoOS.RemoteClient.GisMapData.Common.Indexer.BuildingsAwareIndexerTests" name="GetItemsIn_InBuildingNoLevels_Returns2Items" />
    </UnitTest>
    <UnitTest name="LeftButtonDown_ShouldNotRaiseAnException_WhenFired" storage="d:\actions-runner\_work\xpco\xpco\allsolutions\..\sc\components\remoteviewer\smartclient\tst\zsmartclient_unittest\bin\x64\debug\net6.0-windows\zsmartclient_unittest.dll" id="2031c616-1edd-8f7a-639e-5fd173aaa18e">
      <TestCategory>
        <TestCategoryItem TestCategory="GisMap.WindowsBases" />
      </TestCategory>
      <Execution id="fafe1fa4-366c-4ecc-a955-8297c723491a" />
      <TestMethod codeBase="D:\actions-runner\_work\XPCO\XPCO\AllSolutions\..\SC\Components\RemoteViewer\SmartClient\tst\zSmartClient_UnitTest\bin\x64\Debug\net6.0-windows\zSmartClient_UnitTest.dll" adapterTypeName="executor://mstestadapter/v2" className="SmartClient_UnitTest.VideoOS.RemoteClient.Plugin.GisMap.Windows.Bases.DragWindowDecoratorTests" name="LeftButtonDown_ShouldNotRaiseAnException_WhenFired" />
    </UnitTest>
    <UnitTest name="CreateGeometry_NullPointsCollection_ThrowsArgNullException" storage="d:\actions-runner\_work\xpco\xpco\allsolutions\..\sc\components\remoteviewer\smartclient\tst\zsmartclient_unittest\bin\x64\debug\net6.0-windows\zsmartclient_unittest.dll" id="8b769f83-03d1-54d2-bd91-c30ba7e579fb">
      <TestCategory>
        <TestCategoryItem TestCategory="GisMapIndex" />
      </TestCategory>
      <Execution id="acc37577-7726-4417-ae7a-7248149c5079" />
      <TestMethod codeBase="D:\actions-runner\_work\XPCO\XPCO\AllSolutions\..\SC\Components\RemoteViewer\SmartClient\tst\zSmartClient_UnitTest\bin\x64\Debug\net6.0-windows\zSmartClient_UnitTest.dll" adapterTypeName="executor://mstestadapter/v2" className="SmartClient_UnitTest.VideoOS.RemoteClient.GisMapData.Common.Indexer.IndexUtilTests" name="CreateGeometry_NullPointsCollection_ThrowsArgNullException" />
    </UnitTest>
    <UnitTest name="LoadInitialState_OfflineMode_ReturnsStateWithTimeScopeFromOfflineManager" storage="d:\actions-runner\_work\xpco\xpco\allsolutions\..\sc\components\remoteviewer\smartclient\tst\zsmartclient_unittest\bin\x64\debug\net6.0-windows\zsmartclient_unittest.dll" id="2d9d257b-dc7a-dd0a-92c1-64a2f9201d0f">
      <TestCategory>
        <TestCategoryItem TestCategory="Search" />
      </TestCategory>
      <Execution id="ffb86914-b00e-46f8-97f4-b1b7b329ca79" />
      <TestMethod codeBase="D:\actions-runner\_work\XPCO\XPCO\AllSolutions\..\SC\Components\RemoteViewer\SmartClient\tst\zSmartClient_UnitTest\bin\x64\Debug\net6.0-windows\zSmartClient_UnitTest.dll" adapterTypeName="executor://mstestadapter/v2" className="SmartClient_UnitTest.VideoOS.RemoteClient.Plugin.CentralizedSearch.CentralizedSearchContentHolderTests" name="LoadInitialState_OfflineMode_ReturnsStateWithTimeScopeFromOfflineManager" />
    </UnitTest>
    <UnitTest name="MapLayerType_ShouldBeInputItemsMapLayer_WhenCalled" storage="d:\actions-runner\_work\xpco\xpco\allsolutions\..\sc\components\remoteviewer\smartclient\tst\zsmartclient_unittest\bin\x64\debug\net6.0-windows\zsmartclient_unittest.dll" id="ca442d25-1d56-7ce4-2a08-3c581c8826e1">
      <Execution id="7b89b86a-0fab-4dd8-9a81-71c35afc5127" />
      <TestMethod codeBase="D:\actions-runner\_work\XPCO\XPCO\AllSolutions\..\SC\Components\RemoteViewer\SmartClient\tst\zSmartClient_UnitTest\bin\x64\Debug\net6.0-windows\zSmartClient_UnitTest.dll" adapterTypeName="executor://mstestadapter/v2" className="SmartClient_UnitTest.VideoOS.RemoteClient.GisMapData.Strategies.MapLayers.InputMapLayerDatagramClassFactoryStrategyTests" name="MapLayerType_ShouldBeInputItemsMapLayer_WhenCalled" />
    </UnitTest>
    <UnitTest name="ValidateExportItems_ShouldReturnFailResult_ViewItemRequired" storage="d:\actions-runner\_work\xpco\xpco\allsolutions\..\sc\components\remoteviewer\smartclient\tst\zsmartclient_unittest\bin\x64\debug\net6.0-windows\zsmartclient_unittest.dll" id="c56f457f-add8-fe75-61ba-d07e5ee3df6d">
      <TestCategory>
        <TestCategoryItem TestCategory="Export" />
      </TestCategory>
      <Execution id="2731e798-eb59-46ec-88e3-4532b9191fcb" />
      <TestMethod codeBase="D:\actions-runner\_work\XPCO\XPCO\AllSolutions\..\SC\Components\RemoteViewer\SmartClient\tst\zSmartClient_UnitTest\bin\x64\Debug\net6.0-windows\zSmartClient_UnitTest.dll" adapterTypeName="executor://mstestadapter/v2" className="SmartClient_UnitTest.VideoOS.RemoteClient.Plugin.Export.ExportDataValidatorTests" name="ValidateExportItems_ShouldReturnFailResult_ViewItemRequired" />
    </UnitTest>
    <UnitTest name="Toolbar_IsVisible_WhenNotInLiveOrPlayback_ReactsTo_WindowStateChange" storage="d:\actions-runner\_work\xpco\xpco\allsolutions\..\sc\components\remoteviewer\smartclient\tst\zsmartclient_unittest\bin\x64\debug\net6.0-windows\zsmartclient_unittest.dll" id="52708fc0-86f2-693c-d699-4f89eda92f77">
      <TestCategory>
        <TestCategoryItem TestCategory="WorkspaceToolbar" />
      </TestCategory>
      <Execution id="9e51f9a1-b24c-4c0c-ae4c-be11c32942ac" />
      <TestMethod codeBase="D:\actions-runner\_work\XPCO\XPCO\AllSolutions\..\SC\Components\RemoteViewer\SmartClient\tst\zSmartClient_UnitTest\bin\x64\Debug\net6.0-windows\zSmartClient_UnitTest.dll" adapterTypeName="executor://mstestadapter/v2" className="SmartClient_UnitTest.VideoOS.RemoteClient.Application.UI.Content.WorkspaceToolbar.WorkspaceToolbarViewModelTests" name="Toolbar_IsVisible_WhenNotInLiveOrPlayback_ReactsTo_WindowStateChange" />
    </UnitTest>
    <UnitTest name="SmartMapGoToAreaHandler_WhenDataIsNotSmartMapGoToAreaCommandData_ShouldWriteToLog" storage="d:\actions-runner\_work\xpco\xpco\allsolutions\..\sc\components\remoteviewer\smartclient\tst\zsmartclient_unittest\bin\x64\debug\net6.0-windows\zsmartclient_unittest.dll" id="60b3c6a0-382d-f239-6234-5e6df72cc9b2">
      <Execution id="7153a732-f82d-4f42-bbed-065bdc54c4a8" />
      <TestMethod codeBase="D:\actions-runner\_work\XPCO\XPCO\AllSolutions\..\SC\Components\RemoteViewer\SmartClient\tst\zSmartClient_UnitTest\bin\x64\Debug\net6.0-windows\zSmartClient_UnitTest.dll" adapterTypeName="executor://mstestadapter/v2" className="SmartClient_UnitTest.VideoOS.RemoteClient.Plugin.GisMap.MIP.ContentHolderMipMessageManagerTests" name="SmartMapGoToAreaHandler_WhenDataIsNotSmartMapGoToAreaCommandData_ShouldWriteToLog" />
    </UnitTest>
    <UnitTest name="HandleGetDeviceData_ShouldReturnOutputData_WhenOutputKindAndExistingOutputId" storage="d:\actions-runner\_work\xpco\xpco\allsolutions\..\sc\components\remoteviewer\smartclient\tst\zsmartclient_unittest\bin\x64\debug\net6.0-windows\zsmartclient_unittest.dll" id="4f555e67-dae7-b67f-1beb-febf2b9b4968">
      <TestCategory>
        <TestCategoryItem TestCategory="GisMap.Handlers.Devices.MapItems" />
      </TestCategory>
      <Execution id="09ad2e5d-2abc-4f55-be7d-6e86bfb10deb" />
      <TestMethod codeBase="D:\actions-runner\_work\XPCO\XPCO\AllSolutions\..\SC\Components\RemoteViewer\SmartClient\tst\zSmartClient_UnitTest\bin\x64\Debug\net6.0-windows\zSmartClient_UnitTest.dll" adapterTypeName="executor://mstestadapter/v2" className="SmartClient_UnitTest.VideoOS.RemoteClient.Plugin.GisMap.Handlers.Devices.MapItems.OutputDataHandlerTests" name="HandleGetDeviceData_ShouldReturnOutputData_WhenOutputKindAndExistingOutputId" />
    </UnitTest>
    <UnitTest name="AddAttributeValueCommand_NullValue_AttributeValueSet" storage="d:\actions-runner\_work\xpco\xpco\allsolutions\..\sc\components\remoteviewer\smartclient\tst\zsmartclient_unittest\bin\x64\debug\net6.0-windows\zsmartclient_unittest.dll" id="3f3233bd-4893-b779-69f6-789d6f6a1d9a">
      <TestCategory>
        <TestCategoryItem TestCategory="Search" />
      </TestCategory>
      <Execution id="739cc4f3-0ecd-4f14-bbe0-b4d4164ba1f4" />
      <TestMethod codeBase="D:\actions-runner\_work\XPCO\XPCO\AllSolutions\..\SC\Components\RemoteViewer\SmartClient\tst\zSmartClient_UnitTest\bin\x64\Debug\net6.0-windows\zSmartClient_UnitTest.dll" adapterTypeName="executor://mstestadapter/v2" className="SmartClient_UnitTest.VideoOS.RemoteClient.Plugin.CentralizedSearch.ViewModels.SearchAttributeViewModelTests" name="AddAttributeValueCommand_NullValue_AttributeValueSet" />
    </UnitTest>
    <UnitTest name="PtzPresetsMenuViewModelConstructorTest" storage="d:\actions-runner\_work\xpco\xpco\allsolutions\..\sc\components\remoteviewer\smartclient\tst\zsmartclient_unittest\bin\x64\debug\net6.0-windows\zsmartclient_unittest.dll" id="d44210af-46ab-fec2-8d60-032381467d22">
      <Execution id="7ae3c035-39e2-4913-92c5-b91b32890227" />
      <TestMethod codeBase="D:\actions-runner\_work\XPCO\XPCO\AllSolutions\..\SC\Components\RemoteViewer\SmartClient\tst\zSmartClient_UnitTest\bin\x64\Debug\net6.0-windows\zSmartClient_UnitTest.dll" adapterTypeName="executor://mstestadapter/v2" className="SmartClient_UnitTest.VideoOS.RemoteClient.Application.Data.ContentTypes.CameraContentType.PtzPresetsMenuViewModelTest" name="PtzPresetsMenuViewModelConstructorTest" />
    </UnitTest>
    <UnitTest name="Connect_SucceedeInConnectingWithBasicUser_ShouldReturnTrue" storage="d:\actions-runner\_work\xpco\xpco\allsolutions\..\sc\components\remoteviewer\smartclient\tst\zsmartclient_unittest\bin\x64\debug\net6.0-windows\zsmartclient_unittest.dll" id="071ac8b1-07a6-4ae6-7403-5c16e58426a3">
      <Execution id="40484f00-d64d-4af7-82c9-1a72c0b26c7d" />
      <TestMethod codeBase="D:\actions-runner\_work\XPCO\XPCO\AllSolutions\..\SC\Components\RemoteViewer\SmartClient\tst\zSmartClient_UnitTest\bin\x64\Debug\net6.0-windows\zSmartClient_UnitTest.dll" adapterTypeName="executor://mstestadapter/v2" className="VideoOS.Shared.ServerAPI.VMOViewerClientFacade.UnitTest.VMOViewerClientFacadeTests" name="Connect_SucceedeInConnectingWithBasicUser_ShouldReturnTrue" />
    </UnitTest>
    <UnitTest name="TestSelectedWorkroom_GetSelectedWorkroomWithNoWorkroomsInCollection_FailWithInvalidOperationException" storage="d:\actions-runner\_work\xpco\xpco\allsolutions\..\sc\components\remoteviewer\smartclient\tst\zsmartclient_unittest\bin\x64\debug\net6.0-windows\zsmartclient_unittest.dll" id="3dd075ba-7c20-36ac-fd3e-ad2d99db0844">
      <TestCategory>
        <TestCategoryItem TestCategory="WorkroomController" />
      </TestCategory>
      <Execution id="977feadc-8754-4c7d-b9d2-16ae2365b987" />
      <TestMethod codeBase="D:\actions-runner\_work\XPCO\XPCO\AllSolutions\..\SC\Components\RemoteViewer\SmartClient\tst\zSmartClient_UnitTest\bin\x64\Debug\net6.0-windows\zSmartClient_UnitTest.dll" adapterTypeName="executor://mstestadapter/v2" className="VideoOS.RemoteClient.Application.Controllers.WorkroomController.UnitTest.TabWorkroomControllerTest" name="TestSelectedWorkroom_GetSelectedWorkroomWithNoWorkroomsInCollection_FailWithInvalidOperationException" />
    </UnitTest>
    <UnitTest name="SixHours_Success" storage="d:\actions-runner\_work\xpco\xpco\allsolutions\..\sc\components\remoteviewer\smartclient\tst\zsmartclient_unittest\bin\x64\debug\net6.0-windows\zsmartclient_unittest.dll" id="87907f38-5e5a-055c-b4ad-972d80a0d676">
      <TestCategory>
        <TestCategoryItem TestCategory="Search" />
      </TestCategory>
      <Execution id="a0edef46-be53-484a-95ae-4f0e5a53c84a" />
      <TestMethod codeBase="D:\actions-runner\_work\XPCO\XPCO\AllSolutions\..\SC\Components\RemoteViewer\SmartClient\tst\zSmartClient_UnitTest\bin\x64\Debug\net6.0-windows\zSmartClient_UnitTest.dll" adapterTypeName="executor://mstestadapter/v2" className="SmartClient_UnitTest.VideoOS.RemoteClient.Plugin.CentralizedSearch.Models.ScopeDurationTests" name="SixHours_Success" />
    </UnitTest>
    <UnitTest name="ToggleMicrophoneStateAsync_ShouldUnMuteMicrophone_WhenMicrophoneWasMuted" storage="d:\actions-runner\_work\xpco\xpco\allsolutions\..\sc\components\remoteviewer\smartclient\tst\zsmartclient_unittest\bin\x64\debug\net6.0-windows\zsmartclient_unittest.dll" id="d7c6fd34-24a6-6d61-4f74-e11b861b527b">
      <TestCategory>
        <TestCategoryItem TestCategory="GisMapAudioController" />
      </TestCategory>
      <Execution id="15a84732-5255-4321-a0aa-daf1d162f1aa" />
      <TestMethod codeBase="D:\actions-runner\_work\XPCO\XPCO\AllSolutions\..\SC\Components\RemoteViewer\SmartClient\tst\zSmartClient_UnitTest\bin\x64\Debug\net6.0-windows\zSmartClient_UnitTest.dll" adapterTypeName="executor://mstestadapter/v2" className="SmartClient_UnitTest.VideoOS.RemoteClient.GisMapData.GisMapAudioControllerTests" name="ToggleMicrophoneStateAsync_ShouldUnMuteMicrophone_WhenMicrophoneWasMuted" />
    </UnitTest>
    <UnitTest name="Search_MultipleCategoriesWithOverlappingFilter_AppropriateFiltersUpdatedInSubDefinitions" storage="d:\actions-runner\_work\xpco\xpco\allsolutions\..\sc\components\remoteviewer\smartclient\tst\zsmartclient_unittest\bin\x64\debug\net6.0-windows\zsmartclient_unittest.dll" id="cc634d85-ac00-a639-0e52-434691164702">
      <TestCategory>
        <TestCategoryItem TestCategory="Search" />
      </TestCategory>
      <Execution id="afacaff5-0b4e-44b3-8d91-b7d73ec73a76" />
      <TestMethod codeBase="D:\actions-runner\_work\XPCO\XPCO\AllSolutions\..\SC\Components\RemoteViewer\SmartClient\tst\zSmartClient_UnitTest\bin\x64\Debug\net6.0-windows\zSmartClient_UnitTest.dll" adapterTypeName="executor://mstestadapter/v2" className="SmartClient_UnitTest.VideoOS.RemoteClient.Plugin.CentralizedSearch.MIPPlugin.CompositeSearchDefinitionTests" name="Search_MultipleCategoriesWithOverlappingFilter_AppropriateFiltersUpdatedInSubDefinitions" />
    </UnitTest>
    <UnitTest name="IsProductionEnvironment_ShouldReturnCorrectValue (,True)" storage="d:\actions-runner\_work\xpco\xpco\allsolutions\..\sc\components\remoteviewer\smartclient\tst\zsmartclient_unittest\bin\x64\debug\net6.0-windows\zsmartclient_unittest.dll" id="715b0ee1-c454-706c-d41f-d24a89af9ced">
      <Execution id="0c5d61b2-f974-4fd5-9b05-dc02c5e54041" />
      <TestMethod codeBase="D:\actions-runner\_work\XPCO\XPCO\AllSolutions\..\SC\Components\RemoteViewer\SmartClient\tst\zSmartClient_UnitTest\bin\x64\Debug\net6.0-windows\zSmartClient_UnitTest.dll" adapterTypeName="executor://mstestadapter/v2" className="SmartClient_UnitTest.VideoOS.RemoteClient.Application.Common.Telemetry.TelemetryKeyProviderTests" name="IsProductionEnvironment_ShouldReturnCorrectValue" />
    </UnitTest>
    <UnitTest name="PtzPresetsMenuViewModel_SetInfo_PtzSessionControllerInfo_ArgumentNullCheckTest" storage="d:\actions-runner\_work\xpco\xpco\allsolutions\..\sc\components\remoteviewer\smartclient\tst\zsmartclient_unittest\bin\x64\debug\net6.0-windows\zsmartclient_unittest.dll" id="b0add685-1c58-f35e-e4aa-57de22bf2774">
      <Execution id="e0b04094-b8ef-4288-b929-cbbc2dbc2f67" />
      <TestMethod codeBase="D:\actions-runner\_work\XPCO\XPCO\AllSolutions\..\SC\Components\RemoteViewer\SmartClient\tst\zSmartClient_UnitTest\bin\x64\Debug\net6.0-windows\zSmartClient_UnitTest.dll" adapterTypeName="executor://mstestadapter/v2" className="SmartClient_UnitTest.VideoOS.RemoteClient.Application.Data.ContentTypes.CameraContentType.PtzPresetsMenuViewModelTest" name="PtzPresetsMenuViewModel_SetInfo_PtzSessionControllerInfo_ArgumentNullCheckTest" />
    </UnitTest>
    <UnitTest name="Compare_SameBeginTimeDeterministicBehavior_CameraId_Success" storage="d:\actions-runner\_work\xpco\xpco\allsolutions\..\sc\components\remoteviewer\smartclient\tst\zsmartclient_unittest\bin\x64\debug\net6.0-windows\zsmartclient_unittest.dll" id="43001655-6df0-fd55-49b4-09a30b307ee3">
      <TestCategory>
        <TestCategoryItem TestCategory="SearchComparers" />
      </TestCategory>
      <Execution id="a9b1309b-cc95-4236-bf3c-77cbca82c686" />
      <TestMethod codeBase="D:\actions-runner\_work\XPCO\XPCO\AllSolutions\..\SC\Components\RemoteViewer\SmartClient\tst\zSmartClient_UnitTest\bin\x64\Debug\net6.0-windows\zSmartClient_UnitTest.dll" adapterTypeName="executor://mstestadapter/v2" className="SmartClient_UnitTest.VideoOS.RemoteClient.Plugin.CentralizedSearch.Models.Wrappers.Comparers.BeginTimeWithPaddingComparerTests" name="Compare_SameBeginTimeDeterministicBehavior_CameraId_Success" />
    </UnitTest>
    <UnitTest name="SearchResultCombineType_ShouldNotSetSearchTemplateAsModified_WhenValueChangesAndSearchTemplateIsNotActive" storage="d:\actions-runner\_work\xpco\xpco\allsolutions\..\sc\components\remoteviewer\smartclient\tst\zsmartclient_unittest\bin\x64\debug\net6.0-windows\zsmartclient_unittest.dll" id="626588a6-8954-1a80-be96-bc32494f9793">
      <TestCategory>
        <TestCategoryItem TestCategory="SearchViewModels" />
      </TestCategory>
      <Execution id="cf8ca13f-662b-47d7-b14f-7148d2d1a9c8" />
      <TestMethod codeBase="D:\actions-runner\_work\XPCO\XPCO\AllSolutions\..\SC\Components\RemoteViewer\SmartClient\tst\zSmartClient_UnitTest\bin\x64\Debug\net6.0-windows\zSmartClient_UnitTest.dll" adapterTypeName="executor://mstestadapter/v2" className="SmartClient_UnitTest.VideoOS.RemoteClient.Plugin.CentralizedSearch.ViewModels.SearchViewModelTests" name="SearchResultCombineType_ShouldNotSetSearchTemplateAsModified_WhenValueChangesAndSearchTemplateIsNotActive" />
    </UnitTest>
    <UnitTest name="Constructor_ShouldThrowException_WhenStateHandlerFactoryIsNull" storage="d:\actions-runner\_work\xpco\xpco\allsolutions\..\sc\components\remoteviewer\smartclient\tst\zsmartclient_unittest\bin\x64\debug\net6.0-windows\zsmartclient_unittest.dll" id="046c17a3-2693-b379-a8a6-25e6537747cf">
      <TestCategory>
        <TestCategoryItem TestCategory="ReportingContentType" />
      </TestCategory>
      <Execution id="8cd4dcbd-45fb-4951-ac6f-914047f68e62" />
      <TestMethod codeBase="D:\actions-runner\_work\XPCO\XPCO\AllSolutions\..\SC\Components\RemoteViewer\SmartClient\tst\zSmartClient_UnitTest\bin\x64\Debug\net6.0-windows\zSmartClient_UnitTest.dll" adapterTypeName="executor://mstestadapter/v2" className="SmartClient_UnitTest.VideoOS.RemoteClient.Application.Data.ContentTypes.ReportingContentType.ReportViewerViewModelTest" name="Constructor_ShouldThrowException_WhenStateHandlerFactoryIsNull" />
    </UnitTest>
    <UnitTest name="GetWorkspaceToolbarItems_ShouldReturnGroupedToolbarItemAsHidden_WhenAllSubItemsAreHidden" storage="d:\actions-runner\_work\xpco\xpco\allsolutions\..\sc\components\remoteviewer\smartclient\tst\zsmartclient_unittest\bin\x64\debug\net6.0-windows\zsmartclient_unittest.dll" id="53185803-f30d-3a94-55f9-276f689abca4">
      <TestCategory>
        <TestCategoryItem TestCategory="WorkspaceToolbar" />
      </TestCategory>
      <Execution id="9b154f13-fa2f-4edf-895b-bb18d640217f" />
      <TestMethod codeBase="D:\actions-runner\_work\XPCO\XPCO\AllSolutions\..\SC\Components\RemoteViewer\SmartClient\tst\zSmartClient_UnitTest\bin\x64\Debug\net6.0-windows\zSmartClient_UnitTest.dll" adapterTypeName="executor://mstestadapter/v2" className="SmartClient_UnitTest.VideoOS.RemoteClient.Application.UI.Content.WorkspaceToolbar.MIPWorkspaceToolbarItemManagerTests" name="GetWorkspaceToolbarItems_ShouldReturnGroupedToolbarItemAsHidden_WhenAllSubItemsAreHidden" />
    </UnitTest>
    <UnitTest name="OutputMapItem_ForceActivateAsync_InBuilding_MapLayerHidden_Success" storage="d:\actions-runner\_work\xpco\xpco\allsolutions\..\sc\components\remoteviewer\smartclient\tst\zsmartclient_unittest\bin\x64\debug\net6.0-windows\zsmartclient_unittest.dll" id="c3727fbd-7b27-2b58-8aac-80b9993febce">
      <TestCategory>
        <TestCategoryItem TestCategory="GisMapData.MapItem.Outputs" />
      </TestCategory>
      <Execution id="5c2516b7-c38e-4c77-81d4-8470f0fdce29" />
      <TestMethod codeBase="D:\actions-runner\_work\XPCO\XPCO\AllSolutions\..\SC\Components\RemoteViewer\SmartClient\tst\zSmartClient_UnitTest\bin\x64\Debug\net6.0-windows\zSmartClient_UnitTest.dll" adapterTypeName="executor://mstestadapter/v2" className="SmartClient_UnitTest.VideoOS.RemoteClient.GisMapData.MapItem.Outputs.OutputMapItemTests" name="OutputMapItem_ForceActivateAsync_InBuilding_MapLayerHidden_Success" />
    </UnitTest>
    <UnitTest name="BoundingBoxPlaybackStart" storage="d:\actions-runner\_work\xpco\xpco\allsolutions\..\sc\components\remoteviewer\smartclient\tst\zsmartclient_unittest\bin\x64\debug\net6.0-windows\zsmartclient_unittest.dll" id="56b7fe15-643b-5b55-8dfa-1ded6df183bf">
      <Execution id="eefdbca5-08e5-44de-b3e6-9ec3a713997e" />
      <TestMethod codeBase="D:\actions-runner\_work\XPCO\XPCO\AllSolutions\..\SC\Components\RemoteViewer\SmartClient\tst\zSmartClient_UnitTest\bin\x64\Debug\net6.0-windows\zSmartClient_UnitTest.dll" adapterTypeName="executor://mstestadapter/v2" className="SmartClient_UnitTest.VideoOS.RemoteClient.Application.Data.Metadata.BoundingBoxes.BoundingBoxProviderTest" name="BoundingBoxPlaybackStart" />
    </UnitTest>
    <UnitTest name="HoverBehaviour_MouseLeave_HoverTickIsHidden" storage="d:\actions-runner\_work\xpco\xpco\allsolutions\..\sc\components\remoteviewer\smartclient\tst\zsmartclient_unittest\bin\x64\debug\net6.0-windows\zsmartclient_unittest.dll" id="8c46d0ed-f3b9-c5f4-aaef-9879232f4518">
      <TestCategory>
        <TestCategoryItem TestCategory="SearchControls" />
      </TestCategory>
      <Execution id="43a2e503-bf67-4993-9d7a-3be684f74990" />
      <TestMethod codeBase="D:\actions-runner\_work\XPCO\XPCO\AllSolutions\..\SC\Components\RemoteViewer\SmartClient\tst\zSmartClient_UnitTest\bin\x64\Debug\net6.0-windows\zSmartClient_UnitTest.dll" adapterTypeName="executor://mstestadapter/v2" className="SmartClient_UnitTest.VideoOS.RemoteClient.Plugin.CentralizedSearch.Views.Controls.TimelineRuler.TimelineRulerControlTests" name="HoverBehaviour_MouseLeave_HoverTickIsHidden" />
    </UnitTest>
    <UnitTest name="NavigateAndSelectAsync_ReCenterCommandDisabled_Success" storage="d:\actions-runner\_work\xpco\xpco\allsolutions\..\sc\components\remoteviewer\smartclient\tst\zsmartclient_unittest\bin\x64\debug\net6.0-windows\zsmartclient_unittest.dll" id="dc3b0316-49f0-426f-b38e-3bcd6e62bfdd">
      <TestCategory>
        <TestCategoryItem TestCategory="GisMap.GisMapViewModel" />
      </TestCategory>
      <Execution id="d90904bd-4f22-419e-ac0e-3b1403b181f0" />
      <TestMethod codeBase="D:\actions-runner\_work\XPCO\XPCO\AllSolutions\..\SC\Components\RemoteViewer\SmartClient\tst\zSmartClient_UnitTest\bin\x64\Debug\net6.0-windows\zSmartClient_UnitTest.dll" adapterTypeName="executor://mstestadapter/v2" className="SmartClient_UnitTest.VideoOS.RemoteClient.Plugin.GisMap.ViewModels.GisMapViewModelTests" name="NavigateAndSelectAsync_ReCenterCommandDisabled_Success" />
    </UnitTest>
    <UnitTest name="GetUserOptions_ShouldNotDecryptOptions_WhenServerIs2020R3OrNewer" storage="d:\actions-runner\_work\xpco\xpco\allsolutions\..\sc\components\remoteviewer\smartclient\tst\zsmartclient_unittest\bin\x64\debug\net6.0-windows\zsmartclient_unittest.dll" id="db58b9a0-b265-e010-375f-3c8e68defc73">
      <TestCategory>
        <TestCategoryItem TestCategory="Managers" />
      </TestCategory>
      <Execution id="d7d09a7c-a534-4d3e-9d0f-69a0f6747923" />
      <TestMethod codeBase="D:\actions-runner\_work\XPCO\XPCO\AllSolutions\..\SC\Components\RemoteViewer\SmartClient\tst\zSmartClient_UnitTest\bin\x64\Debug\net6.0-windows\zSmartClient_UnitTest.dll" adapterTypeName="executor://mstestadapter/v2" className="SmartClient_UnitTest.VideoOS.RemoteClient.Application.Managers.OptionManagerTests" name="GetUserOptions_ShouldNotDecryptOptions_WhenServerIs2020R3OrNewer" />
    </UnitTest>
    <UnitTest name="TryGetOsmServerTileAddress_ShouldSetEmptyAddress_WhenOsmServerAddressIsNull" storage="d:\actions-runner\_work\xpco\xpco\allsolutions\..\sc\components\remoteviewer\smartclient\tst\zsmartclient_unittest\bin\x64\debug\net6.0-windows\zsmartclient_unittest.dll" id="df32f1cb-82fe-5f6f-2fce-2d11c090b877">
      <TestCategory>
        <TestCategoryItem TestCategory="GisMapData.Controllers.Osm" />
      </TestCategory>
      <Execution id="4a8769c6-d844-49dc-b2c1-341ba653539b" />
      <TestMethod codeBase="D:\actions-runner\_work\XPCO\XPCO\AllSolutions\..\SC\Components\RemoteViewer\SmartClient\tst\zSmartClient_UnitTest\bin\x64\Debug\net6.0-windows\zSmartClient_UnitTest.dll" adapterTypeName="executor://mstestadapter/v2" className="SmartClient_UnitTest.VideoOS.RemoteClient.GisMapData.Controllers.Osm.GisMapOsmControllerTests" name="TryGetOsmServerTileAddress_ShouldSetEmptyAddress_WhenOsmServerAddressIsNull" />
    </UnitTest>
    <UnitTest name="InputMapItem_ForceActivateAsync_InBuilding_UseLastLevel_Success" storage="d:\actions-runner\_work\xpco\xpco\allsolutions\..\sc\components\remoteviewer\smartclient\tst\zsmartclient_unittest\bin\x64\debug\net6.0-windows\zsmartclient_unittest.dll" id="de27c998-c190-9d93-e424-7870d21a123c">
      <TestCategory>
        <TestCategoryItem TestCategory="GisMapData.MapItem.Inputs" />
      </TestCategory>
      <Execution id="e18eb917-80df-439e-b703-df19697c5d7b" />
      <TestMethod codeBase="D:\actions-runner\_work\XPCO\XPCO\AllSolutions\..\SC\Components\RemoteViewer\SmartClient\tst\zSmartClient_UnitTest\bin\x64\Debug\net6.0-windows\zSmartClient_UnitTest.dll" adapterTypeName="executor://mstestadapter/v2" className="SmartClient_UnitTest.VideoOS.RemoteClient.GisMapData.MapItem.Inputs.InputMapItemTests" name="InputMapItem_ForceActivateAsync_InBuilding_UseLastLevel_Success" />
    </UnitTest>
    <UnitTest name="HandleGetLayerFeatures_ShouldRaiseArgumentException_WhenNotCameraKind" storage="d:\actions-runner\_work\xpco\xpco\allsolutions\..\sc\components\remoteviewer\smartclient\tst\zsmartclient_unittest\bin\x64\debug\net6.0-windows\zsmartclient_unittest.dll" id="e9263aa8-347f-0f52-1f4b-0a131d318784">
      <TestCategory>
        <TestCategoryItem TestCategory="GisMapData.Handlers.LayerFeatures" />
      </TestCategory>
      <Execution id="6e54e942-8497-49a4-844a-008cada33099" />
      <TestMethod codeBase="D:\actions-runner\_work\XPCO\XPCO\AllSolutions\..\SC\Components\RemoteViewer\SmartClient\tst\zSmartClient_UnitTest\bin\x64\Debug\net6.0-windows\zSmartClient_UnitTest.dll" adapterTypeName="executor://mstestadapter/v2" className="SmartClient_UnitTest.VideoOS.RemoteClient.GisMapData.Handlers.LayerFeatures.CameraLayerFeaturesHandlerTests" name="HandleGetLayerFeatures_ShouldRaiseArgumentException_WhenNotCameraKind" />
    </UnitTest>
    <UnitTest name="TestChangeProperties_Note_Success" storage="d:\actions-runner\_work\xpco\xpco\allsolutions\..\sc\components\remoteviewer\smartclient\tst\zsmartclient_unittest\bin\x64\debug\net6.0-windows\zsmartclient_unittest.dll" id="6bac4380-8ca1-03ec-b0fa-87faadf2b614">
      <TestCategory>
        <TestCategoryItem TestCategory="GisMapBuilding" />
      </TestCategory>
      <Execution id="a4093a98-9385-4a71-8d52-32be42466f04" />
      <TestMethod codeBase="D:\actions-runner\_work\XPCO\XPCO\AllSolutions\..\SC\Components\RemoteViewer\SmartClient\tst\zSmartClient_UnitTest\bin\x64\Debug\net6.0-windows\zSmartClient_UnitTest.dll" adapterTypeName="executor://mstestadapter/v2" className="SmartClient_UnitTest.VideoOS.RemoteClient.GisMap.MapBuildingTests" name="TestChangeProperties_Note_Success" />
    </UnitTest>
    <UnitTest name="FilterValueHasRegionSelectionForCamera_ShouldReturnTrue_WhenFilterValueDoesHaveRegionSelectionForCamera" storage="d:\actions-runner\_work\xpco\xpco\allsolutions\..\sc\components\remoteviewer\smartclient\tst\zsmartclient_unittest\bin\x64\debug\net6.0-windows\zsmartclient_unittest.dll" id="77cba9e9-3a3f-2b38-cfa1-fd20ef6dec97">
      <TestCategory>
        <TestCategoryItem TestCategory="Search.Filters.ViewModels" />
      </TestCategory>
      <Execution id="526bd161-e334-4e54-bd80-9c79d88d2586" />
      <TestMethod codeBase="D:\actions-runner\_work\XPCO\XPCO\AllSolutions\..\SC\Components\RemoteViewer\SmartClient\tst\zSmartClient_UnitTest\bin\x64\Debug\net6.0-windows\zSmartClient_UnitTest.dll" adapterTypeName="executor://mstestadapter/v2" className="SmartClient_UnitTest.VideoOS.RemoteClient.Plugin.CentralizedSearch.MIPPlugin.Criteria.ViewModels.SmartSearchCameraListItemHelperTests" name="FilterValueHasRegionSelectionForCamera_ShouldReturnTrue_WhenFilterValueDoesHaveRegionSelectionForCamera" />
    </UnitTest>
    <UnitTest name="ToTimeScope_YesterdayInNonDST_Success" storage="d:\actions-runner\_work\xpco\xpco\allsolutions\..\sc\components\remoteviewer\smartclient\tst\zsmartclient_unittest\bin\x64\debug\net6.0-windows\zsmartclient_unittest.dll" id="2864b3eb-0ab6-4da0-5436-4c6f89cc4874">
      <TestCategory>
        <TestCategoryItem TestCategory="Search" />
      </TestCategory>
      <Execution id="3bb36b15-1b77-406a-963f-ffda1516ae4b" />
      <TestMethod codeBase="D:\actions-runner\_work\XPCO\XPCO\AllSolutions\..\SC\Components\RemoteViewer\SmartClient\tst\zSmartClient_UnitTest\bin\x64\Debug\net6.0-windows\zSmartClient_UnitTest.dll" adapterTypeName="executor://mstestadapter/v2" className="SmartClient_UnitTest.VideoOS.RemoteClient.Plugin.CentralizedSearch.Models.ScopeDurationTests" name="ToTimeScope_YesterdayInNonDST_Success" />
    </UnitTest>
    <UnitTest name="GetWorkspaceToolbarItems_ShouldNotReturnGroupedToolbarItem_WhenGroupIdIsNull" storage="d:\actions-runner\_work\xpco\xpco\allsolutions\..\sc\components\remoteviewer\smartclient\tst\zsmartclient_unittest\bin\x64\debug\net6.0-windows\zsmartclient_unittest.dll" id="5ce1375e-46fd-90ff-af6f-56b477f36294">
      <TestCategory>
        <TestCategoryItem TestCategory="WorkspaceToolbar" />
      </TestCategory>
      <Execution id="8c33fd3b-ed07-49d9-a6f3-2afe7e5fbce2" />
      <TestMethod codeBase="D:\actions-runner\_work\XPCO\XPCO\AllSolutions\..\SC\Components\RemoteViewer\SmartClient\tst\zSmartClient_UnitTest\bin\x64\Debug\net6.0-windows\zSmartClient_UnitTest.dll" adapterTypeName="executor://mstestadapter/v2" className="SmartClient_UnitTest.VideoOS.RemoteClient.Application.UI.Content.WorkspaceToolbar.MIPWorkspaceToolbarItemManagerTests" name="GetWorkspaceToolbarItems_ShouldNotReturnGroupedToolbarItem_WhenGroupIdIsNull" />
    </UnitTest>
    <UnitTest name="Combine_ShouldPassAllStringInputValidationTests_OnlyFirstPermutationUsed" storage="d:\actions-runner\_work\xpco\xpco\allsolutions\..\sc\components\remoteviewer\smartclient\tst\zsmartclient_unittest\bin\x64\debug\net6.0-windows\zsmartclient_unittest.dll" id="33dd535d-bccc-f095-c4f3-483569c16d21">
      <Execution id="e79c18f3-0495-47e0-baad-de7660560b84" />
      <TestMethod codeBase="D:\actions-runner\_work\XPCO\XPCO\AllSolutions\..\SC\Components\RemoteViewer\SmartClient\tst\zSmartClient_UnitTest\bin\x64\Debug\net6.0-windows\zSmartClient_UnitTest.dll" adapterTypeName="executor://mstestadapter/v2" className="SmartClient_UnitTest.VideoOS.RemoteClient.Plugin.CentralizedSearch.Models.Combiners.SearchResultCombinerTests" name="Combine_ShouldPassAllStringInputValidationTests_OnlyFirstPermutationUsed" />
    </UnitTest>
    <UnitTest name="TwelveHours_Success" storage="d:\actions-runner\_work\xpco\xpco\allsolutions\..\sc\components\remoteviewer\smartclient\tst\zsmartclient_unittest\bin\x64\debug\net6.0-windows\zsmartclient_unittest.dll" id="43ebd83e-9e77-e80a-e383-3f96bfb58151">
      <TestCategory>
        <TestCategoryItem TestCategory="Search" />
      </TestCategory>
      <Execution id="7a531245-75af-46a1-8991-2cc666a9d108" />
      <TestMethod codeBase="D:\actions-runner\_work\XPCO\XPCO\AllSolutions\..\SC\Components\RemoteViewer\SmartClient\tst\zSmartClient_UnitTest\bin\x64\Debug\net6.0-windows\zSmartClient_UnitTest.dll" adapterTypeName="executor://mstestadapter/v2" className="SmartClient_UnitTest.VideoOS.RemoteClient.Plugin.CentralizedSearch.Models.ScopeDurationTests" name="TwelveHours_Success" />
    </UnitTest>
    <UnitTest name="IgnoredFiltersChanged_WarningTextChanges" storage="d:\actions-runner\_work\xpco\xpco\allsolutions\..\sc\components\remoteviewer\smartclient\tst\zsmartclient_unittest\bin\x64\debug\net6.0-windows\zsmartclient_unittest.dll" id="a2a9cc5c-ea62-0899-d27a-81da48bb47d1">
      <TestCategory>
        <TestCategoryItem TestCategory="Search" />
      </TestCategory>
      <Execution id="9fe6e424-6f68-42a0-b37b-632060946953" />
      <TestMethod codeBase="D:\actions-runner\_work\XPCO\XPCO\AllSolutions\..\SC\Components\RemoteViewer\SmartClient\tst\zSmartClient_UnitTest\bin\x64\Debug\net6.0-windows\zSmartClient_UnitTest.dll" adapterTypeName="executor://mstestadapter/v2" className="SmartClient_UnitTest.VideoOS.RemoteClient.Plugin.CentralizedSearch.ViewModels.CompositeSearchWarningViewModelTests" name="IgnoredFiltersChanged_WarningTextChanges" />
    </UnitTest>
    <UnitTest name="Enable_WhenInvoked_ThenAlarmEnableAndSubscribers" storage="d:\actions-runner\_work\xpco\xpco\allsolutions\..\sc\components\remoteviewer\smartclient\tst\zsmartclient_unittest\bin\x64\debug\net6.0-windows\zsmartclient_unittest.dll" id="885a9095-1f49-3411-918f-5cf4108e4b7b">
      <Execution id="b34ca47c-e19e-4024-b7ef-c99a2a1adb96" />
      <TestMethod codeBase="D:\actions-runner\_work\XPCO\XPCO\AllSolutions\..\SC\Components\RemoteViewer\SmartClient\tst\zSmartClient_UnitTest\bin\x64\Debug\net6.0-windows\zSmartClient_UnitTest.dll" adapterTypeName="executor://mstestadapter/v2" className="SmartClient_UnitTest.VideoOS.RemoteClient.GisMapData.MapLayers.LayerAlarmNotificationTest" name="Enable_WhenInvoked_ThenAlarmEnableAndSubscribers" />
    </UnitTest>
    <UnitTest name="Create_Retention_Times_Cannot_Be_Before_1900" storage="d:\actions-runner\_work\xpco\xpco\allsolutions\..\sc\components\remoteviewer\smartclient\tst\zsmartclient_unittest\bin\x64\debug\net6.0-windows\zsmartclient_unittest.dll" id="c9640990-b6c9-dafb-a909-cdccd9fc41e7">
      <Execution id="b934df31-9836-4ead-a6b7-01a7fb2bad5a" />
      <TestMethod codeBase="D:\actions-runner\_work\XPCO\XPCO\AllSolutions\..\SC\Components\RemoteViewer\SmartClient\tst\zSmartClient_UnitTest\bin\x64\Debug\net6.0-windows\zSmartClient_UnitTest.dll" adapterTypeName="executor://mstestadapter/v2" className="SmartClient_UnitTest.VideoOS.RemoteClient.Application.Components.EvidenceLock.EvidenceLockCreateEditTests" name="Create_Retention_Times_Cannot_Be_Before_1900" />
    </UnitTest>
    <UnitTest name="IsProcessing_ClearWhileUnprocessedItems_Success" storage="d:\actions-runner\_work\xpco\xpco\allsolutions\..\sc\components\remoteviewer\smartclient\tst\zsmartclient_unittest\bin\x64\debug\net6.0-windows\zsmartclient_unittest.dll" id="aa1fb81d-7b98-7b44-90a1-fd0ecea840da">
      <TestCategory>
        <TestCategoryItem TestCategory="SearchResultsPreprocessor" />
      </TestCategory>
      <Execution id="57ef5405-45f4-4290-a040-565884f2b95d" />
      <TestMethod codeBase="D:\actions-runner\_work\XPCO\XPCO\AllSolutions\..\SC\Components\RemoteViewer\SmartClient\tst\zSmartClient_UnitTest\bin\x64\Debug\net6.0-windows\zSmartClient_UnitTest.dll" adapterTypeName="executor://mstestadapter/v2" className="SmartClient_UnitTest.VideoOS.RemoteClient.Plugin.CentralizedSearch.Models.SearchResultsPreprocessorTests" name="IsProcessing_ClearWhileUnprocessedItems_Success" />
    </UnitTest>
    <UnitTest name="SaveAsNewSearchTemplateAsync_Succeeds_Success" storage="d:\actions-runner\_work\xpco\xpco\allsolutions\..\sc\components\remoteviewer\smartclient\tst\zsmartclient_unittest\bin\x64\debug\net6.0-windows\zsmartclient_unittest.dll" id="5effecc7-0d7c-71b0-4a5d-1b5e24448f32">
      <TestCategory>
        <TestCategoryItem TestCategory="SearchTemplates" />
      </TestCategory>
      <Execution id="0e3ded1b-9eff-4ff5-b440-2a0a049d40f2" />
      <TestMethod codeBase="D:\actions-runner\_work\XPCO\XPCO\AllSolutions\..\SC\Components\RemoteViewer\SmartClient\tst\zSmartClient_UnitTest\bin\x64\Debug\net6.0-windows\zSmartClient_UnitTest.dll" adapterTypeName="executor://mstestadapter/v2" className="SmartClient_UnitTest.VideoOS.RemoteClient.Plugin.CentralizedSearch.SearchTemplates.SearchTemplateManagerTests" name="SaveAsNewSearchTemplateAsync_Succeeds_Success" />
    </UnitTest>
    <UnitTest name="IconValueConverter_ConvertInvalidIconSourceFallbackBuiltIn_Success" storage="d:\actions-runner\_work\xpco\xpco\allsolutions\..\sc\components\remoteviewer\smartclient\tst\zsmartclient_unittest\bin\x64\debug\net6.0-windows\zsmartclient_unittest.dll" id="3a31272a-a65c-0e34-46f8-f3357cdba23a">
      <TestCategory>
        <TestCategoryItem TestCategory="SearchConverter" />
      </TestCategory>
      <Execution id="29787b8e-9218-4513-8bb6-1c93e8b1c1c7" />
      <TestMethod codeBase="D:\actions-runner\_work\XPCO\XPCO\AllSolutions\..\SC\Components\RemoteViewer\SmartClient\tst\zSmartClient_UnitTest\bin\x64\Debug\net6.0-windows\zSmartClient_UnitTest.dll" adapterTypeName="executor://mstestadapter/v2" className="SmartClient_UnitTest.VideoOS.RemoteClient.Plugin.CentralizedSearch.Views.Converters.IconValueConverterTests" name="IconValueConverter_ConvertInvalidIconSourceFallbackBuiltIn_Success" />
    </UnitTest>
    <UnitTest name="ValidateExportLocation_ShouldReturnFailResult_ExportFolderIsIllegal (True,True)" storage="d:\actions-runner\_work\xpco\xpco\allsolutions\..\sc\components\remoteviewer\smartclient\tst\zsmartclient_unittest\bin\x64\debug\net6.0-windows\zsmartclient_unittest.dll" id="2328c08a-6b16-a28c-b157-2e48d92660b0">
      <TestCategory>
        <TestCategoryItem TestCategory="Export" />
      </TestCategory>
      <Execution id="9b2c7bbf-1a5b-48b0-a4fc-5529208ae65e" />
      <TestMethod codeBase="D:\actions-runner\_work\XPCO\XPCO\AllSolutions\..\SC\Components\RemoteViewer\SmartClient\tst\zSmartClient_UnitTest\bin\x64\Debug\net6.0-windows\zSmartClient_UnitTest.dll" adapterTypeName="executor://mstestadapter/v2" className="SmartClient_UnitTest.VideoOS.RemoteClient.Plugin.Export.ExportDataValidatorTests" name="ValidateExportLocation_ShouldReturnFailResult_ExportFolderIsIllegal" />
    </UnitTest>
    <UnitTest name="Optics enabled, forced" storage="d:\actions-runner\_work\xpco\xpco\allsolutions\..\sc\components\remoteviewer\smartclient\tst\zsmartclient_unittest\bin\x64\debug\net6.0-windows\zsmartclient_unittest.dll" id="49cfd12e-5617-bd5e-66b7-297865e8d56f">
      <TestCategory>
        <TestCategoryItem TestCategory="Export" />
      </TestCategory>
      <Execution id="17d0932e-fff3-47f5-8f7e-5baf231c846e" />
      <TestMethod codeBase="D:\actions-runner\_work\XPCO\XPCO\AllSolutions\..\SC\Components\RemoteViewer\SmartClient\tst\zSmartClient_UnitTest\bin\x64\Debug\net6.0-windows\zSmartClient_UnitTest.dll" adapterTypeName="executor://mstestadapter/v2" className="SmartClient_UnitTest.VideoOS.RemoteClient.Plugin.Export.CreateExportDialogViewModelTests" name="CreateExportDialog_ExportDestinationSelectionEnabled_BasedOnOptions" />
    </UnitTest>
    <UnitTest name="CreateDetailsViewControl_ValidSearchResult_Success" storage="d:\actions-runner\_work\xpco\xpco\allsolutions\..\sc\components\remoteviewer\smartclient\tst\zsmartclient_unittest\bin\x64\debug\net6.0-windows\zsmartclient_unittest.dll" id="86e972ed-14c6-3ad2-ddf5-8b4f957f0006">
      <TestCategory>
        <TestCategoryItem TestCategory="SearchViews" />
      </TestCategory>
      <Execution id="b1410cf7-cdef-49fd-b943-787662be69f2" />
      <TestMethod codeBase="D:\actions-runner\_work\XPCO\XPCO\AllSolutions\..\SC\Components\RemoteViewer\SmartClient\tst\zSmartClient_UnitTest\bin\x64\Debug\net6.0-windows\zSmartClient_UnitTest.dll" adapterTypeName="executor://mstestadapter/v2" className="SmartClient_UnitTest.VideoOS.RemoteClient.Plugin.CentralizedSearch.Views.SearchResultsViewTests" name="CreateDetailsViewControl_ValidSearchResult_Success" />
    </UnitTest>
    <UnitTest name="LeftButtonUpEvent_ShouldHidePreviewOfCameras_WhenInteractionStateIsAddNewDeviceState" storage="d:\actions-runner\_work\xpco\xpco\allsolutions\..\sc\components\remoteviewer\smartclient\tst\zsmartclient_unittest\bin\x64\debug\net6.0-windows\zsmartclient_unittest.dll" id="32ed77af-24ae-94bc-03f8-4122e838d29f">
      <TestCategory>
        <TestCategoryItem TestCategory="GisMap.MapControl" />
      </TestCategory>
      <Execution id="8dee17ab-7ba8-42f2-892a-9007d06bf23e" />
      <TestMethod codeBase="D:\actions-runner\_work\XPCO\XPCO\AllSolutions\..\SC\Components\RemoteViewer\SmartClient\tst\zSmartClient_UnitTest\bin\x64\Debug\net6.0-windows\zSmartClient_UnitTest.dll" adapterTypeName="executor://mstestadapter/v2" className="SmartClient_UnitTest.VideoOS.RemoteClient.Plugin.GisMap.ThinkGeoMap.ThinkGeoMapControlTests" name="LeftButtonUpEvent_ShouldHidePreviewOfCameras_WhenInteractionStateIsAddNewDeviceState" />
    </UnitTest>
    <UnitTest name="True" storage="d:\actions-runner\_work\xpco\xpco\allsolutions\..\sc\components\remoteviewer\smartclient\tst\zsmartclient_unittest\bin\x64\debug\net6.0-windows\zsmartclient_unittest.dll" id="cb9d51a2-5e3a-42d0-6e0f-8acb24bb5634">
      <TestCategory>
        <TestCategoryItem TestCategory="WorkspaceToolbar" />
      </TestCategory>
      <Execution id="a281cd3a-50de-407f-9ab1-ae22955d23cf" />
      <TestMethod codeBase="D:\actions-runner\_work\XPCO\XPCO\AllSolutions\..\SC\Components\RemoteViewer\SmartClient\tst\zSmartClient_UnitTest\bin\x64\Debug\net6.0-windows\zSmartClient_UnitTest.dll" adapterTypeName="executor://mstestadapter/v2" className="SmartClient_UnitTest.VideoOS.RemoteClient.Application.Data.WorkspaceToolbar.WorkspaceToolbarItemMipPluginTests" name="BindingModelEnabled_Matches_PluginInstanceEnabled" />
    </UnitTest>
    <UnitTest name="DateToStringConverter_Convert_InvalidParameter_ReturnUnsetValue" storage="d:\actions-runner\_work\xpco\xpco\allsolutions\..\sc\components\remoteviewer\smartclient\tst\zsmartclient_unittest\bin\x64\debug\net6.0-windows\zsmartclient_unittest.dll" id="e975a99c-1f61-f6af-a603-7683bb9bab62">
      <TestCategory>
        <TestCategoryItem TestCategory="SearchConverter" />
      </TestCategory>
      <Execution id="55ad874a-9fab-43d3-ad6b-b1fad6d1f76d" />
      <TestMethod codeBase="D:\actions-runner\_work\XPCO\XPCO\AllSolutions\..\SC\Components\RemoteViewer\SmartClient\tst\zSmartClient_UnitTest\bin\x64\Debug\net6.0-windows\zSmartClient_UnitTest.dll" adapterTypeName="executor://mstestadapter/v2" className="SmartClient_UnitTest.VideoOS.RemoteClient.Plugin.CentralizedSearch.Views.Converters.DateToStringConverterTests" name="DateToStringConverter_Convert_InvalidParameter_ReturnUnsetValue" />
    </UnitTest>
    <UnitTest name="DisplayErrorOnNotificationArea_UnknownSearchError_LoggingEnabled_Success" storage="d:\actions-runner\_work\xpco\xpco\allsolutions\..\sc\components\remoteviewer\smartclient\tst\zsmartclient_unittest\bin\x64\debug\net6.0-windows\zsmartclient_unittest.dll" id="84f8043b-4691-c526-0edb-4d71ad8832d8">
      <TestCategory>
        <TestCategoryItem TestCategory="SearchViewModels" />
      </TestCategory>
      <Execution id="4273f46f-3795-42b6-ac6c-bf036b3c961f" />
      <TestMethod codeBase="D:\actions-runner\_work\XPCO\XPCO\AllSolutions\..\SC\Components\RemoteViewer\SmartClient\tst\zSmartClient_UnitTest\bin\x64\Debug\net6.0-windows\zSmartClient_UnitTest.dll" adapterTypeName="executor://mstestadapter/v2" className="SmartClient_UnitTest.VideoOS.RemoteClient.Plugin.CentralizedSearch.ViewModels.SearchViewModelTests" name="DisplayErrorOnNotificationArea_UnknownSearchError_LoggingEnabled_Success" />
    </UnitTest>
    <UnitTest name="Unrelated_devices_removed_when_unrelated_camera_with_related_devices_added" storage="d:\actions-runner\_work\xpco\xpco\allsolutions\..\sc\components\remoteviewer\smartclient\tst\zsmartclient_unittest\bin\x64\debug\net6.0-windows\zsmartclient_unittest.dll" id="20b32a9d-1528-d876-b23d-11423094b46d">
      <Execution id="18228863-bf79-4aee-90dc-6accf7f0c034" />
      <TestMethod codeBase="D:\actions-runner\_work\XPCO\XPCO\AllSolutions\..\SC\Components\RemoteViewer\SmartClient\tst\zSmartClient_UnitTest\bin\x64\Debug\net6.0-windows\zSmartClient_UnitTest.dll" adapterTypeName="executor://mstestadapter/v2" className="SmartClient_UnitTest.VideoOS.RemoteClient.Application.Components.EvidenceLock.EvidenceLockRelatedDeviceTests" name="Unrelated_devices_removed_when_unrelated_camera_with_related_devices_added" />
    </UnitTest>
    <UnitTest name="InputItemsLayer_NotIsGeographic_Load_Success" storage="d:\actions-runner\_work\xpco\xpco\allsolutions\..\sc\components\remoteviewer\smartclient\tst\zsmartclient_unittest\bin\x64\debug\net6.0-windows\zsmartclient_unittest.dll" id="5ff0df64-4714-54ce-b6d1-3a4063918e93">
      <TestCategory>
        <TestCategoryItem TestCategory="GisMapLayer" />
      </TestCategory>
      <Execution id="df0c4f86-8efe-4b9b-9bfa-0007e7d4647b" />
      <TestMethod codeBase="D:\actions-runner\_work\XPCO\XPCO\AllSolutions\..\SC\Components\RemoteViewer\SmartClient\tst\zSmartClient_UnitTest\bin\x64\Debug\net6.0-windows\zSmartClient_UnitTest.dll" adapterTypeName="executor://mstestadapter/v2" className="SmartClient_UnitTest.VideoOS.RemoteClient.GisMap.MapLayers.GisMapLayerTests" name="InputItemsLayer_NotIsGeographic_Load_Success" />
    </UnitTest>
    <UnitTest name="OnLayersRetrieved_ShouldSetComponentsToCameraAndInput_WhenLayersCollectionContainsCameraAndInputAndOutput" storage="d:\actions-runner\_work\xpco\xpco\allsolutions\..\sc\components\remoteviewer\smartclient\tst\zsmartclient_unittest\bin\x64\debug\net6.0-windows\zsmartclient_unittest.dll" id="bfbae833-a487-affd-e910-685bd64afc57">
      <TestCategory>
        <TestCategoryItem TestCategory="GisMap.DeviceSelectorWindowViewModel" />
      </TestCategory>
      <Execution id="418fe090-164f-43c6-8811-76d98f33771f" />
      <TestMethod codeBase="D:\actions-runner\_work\XPCO\XPCO\AllSolutions\..\SC\Components\RemoteViewer\SmartClient\tst\zSmartClient_UnitTest\bin\x64\Debug\net6.0-windows\zSmartClient_UnitTest.dll" adapterTypeName="executor://mstestadapter/v2" className="SmartClient_UnitTest.VideoOS.RemoteClient.Plugin.GisMap.ViewModels.DeviceSelectorWindowViewModelTests" name="OnLayersRetrieved_ShouldSetComponentsToCameraAndInput_WhenLayersCollectionContainsCameraAndInputAndOutput" />
    </UnitTest>
    <UnitTest name="SearchResultsActionBarActions_SendToFloatingWindow_InvokeCommand_Success" storage="d:\actions-runner\_work\xpco\xpco\allsolutions\..\sc\components\remoteviewer\smartclient\tst\zsmartclient_unittest\bin\x64\debug\net6.0-windows\zsmartclient_unittest.dll" id="aa6b509d-ef33-e576-b983-961276c69241">
      <TestCategory>
        <TestCategoryItem TestCategory="SearchResultActionBarViewModel" />
      </TestCategory>
      <Execution id="2d15bba2-7e9e-433c-b149-834ee935fc07" />
      <TestMethod codeBase="D:\actions-runner\_work\XPCO\XPCO\AllSolutions\..\SC\Components\RemoteViewer\SmartClient\tst\zSmartClient_UnitTest\bin\x64\Debug\net6.0-windows\zSmartClient_UnitTest.dll" adapterTypeName="executor://mstestadapter/v2" className="SmartClient_UnitTest.VideoOS.RemoteClient.Plugin.CentralizedSearch.ViewModels.SearchResultsActionBarViewModelTest" name="SearchResultsActionBarActions_SendToFloatingWindow_InvokeCommand_Success" />
    </UnitTest>
    <UnitTest name="Parse_SixHours_Success" storage="d:\actions-runner\_work\xpco\xpco\allsolutions\..\sc\components\remoteviewer\smartclient\tst\zsmartclient_unittest\bin\x64\debug\net6.0-windows\zsmartclient_unittest.dll" id="90ade623-c933-13b0-3f87-d92db5a5c117">
      <TestCategory>
        <TestCategoryItem TestCategory="Search" />
      </TestCategory>
      <Execution id="72ede567-e1db-4922-8313-90b36683a0b0" />
      <TestMethod codeBase="D:\actions-runner\_work\XPCO\XPCO\AllSolutions\..\SC\Components\RemoteViewer\SmartClient\tst\zSmartClient_UnitTest\bin\x64\Debug\net6.0-windows\zSmartClient_UnitTest.dll" adapterTypeName="executor://mstestadapter/v2" className="SmartClient_UnitTest.VideoOS.RemoteClient.Plugin.CentralizedSearch.Models.ScopeDurationTests" name="Parse_SixHours_Success" />
    </UnitTest>
    <UnitTest name="Compare_NullVsNotNull_GreaterThan" storage="d:\actions-runner\_work\xpco\xpco\allsolutions\..\sc\components\remoteviewer\smartclient\tst\zsmartclient_unittest\bin\x64\debug\net6.0-windows\zsmartclient_unittest.dll" id="8304cf81-7f4f-297c-5609-3851440a85fa">
      <TestCategory>
        <TestCategoryItem TestCategory="SearchComparers" />
      </TestCategory>
      <Execution id="2d4ddf00-6722-435c-8057-8eea47bd1d51" />
      <TestMethod codeBase="D:\actions-runner\_work\XPCO\XPCO\AllSolutions\..\SC\Components\RemoteViewer\SmartClient\tst\zSmartClient_UnitTest\bin\x64\Debug\net6.0-windows\zSmartClient_UnitTest.dll" adapterTypeName="executor://mstestadapter/v2" className="SmartClient_UnitTest.VideoOS.RemoteClient.Plugin.CentralizedSearch.Models.Wrappers.Comparers.BeginTimeWithPaddingComparerTests" name="Compare_NullVsNotNull_GreaterThan" />
    </UnitTest>
    <UnitTest name="SearchResultsActionBarActions_EditBookmark_Enabled" storage="d:\actions-runner\_work\xpco\xpco\allsolutions\..\sc\components\remoteviewer\smartclient\tst\zsmartclient_unittest\bin\x64\debug\net6.0-windows\zsmartclient_unittest.dll" id="9c89c59d-b4e1-b0e6-38b6-740ac9ec96bd">
      <TestCategory>
        <TestCategoryItem TestCategory="SearchResultActionBarViewModel" />
      </TestCategory>
      <Execution id="7b3f69b7-396d-4af4-b9bf-a9fb074bf789" />
      <TestMethod codeBase="D:\actions-runner\_work\XPCO\XPCO\AllSolutions\..\SC\Components\RemoteViewer\SmartClient\tst\zSmartClient_UnitTest\bin\x64\Debug\net6.0-windows\zSmartClient_UnitTest.dll" adapterTypeName="executor://mstestadapter/v2" className="SmartClient_UnitTest.VideoOS.RemoteClient.Plugin.CentralizedSearch.ViewModels.SearchResultsActionBarViewModelTest" name="SearchResultsActionBarActions_EditBookmark_Enabled" />
    </UnitTest>
    <UnitTest name="PatrollingStepListViewModel_DeleteStepCommand" storage="d:\actions-runner\_work\xpco\xpco\allsolutions\..\sc\components\remoteviewer\smartclient\tst\zsmartclient_unittest\bin\x64\debug\net6.0-windows\zsmartclient_unittest.dll" id="9ef40f5e-38f9-a518-38bf-9ae97100aebe">
      <Execution id="25762e37-ac4f-41b5-9fdc-ce21cc6f778c" />
      <TestMethod codeBase="D:\actions-runner\_work\XPCO\XPCO\AllSolutions\..\SC\Components\RemoteViewer\SmartClient\tst\zSmartClient_UnitTest\bin\x64\Debug\net6.0-windows\zSmartClient_UnitTest.dll" adapterTypeName="executor://mstestadapter/v2" className="SmartClient_UnitTest.VideoOS.RemoteClient.Application.UI.PtzPreset.PatrollingViewModel.PatrollingStepListViewModelTest" name="PatrollingStepListViewModel_DeleteStepCommand" />
    </UnitTest>
    <UnitTest name="Deserialize_InvalidXml_Error" storage="d:\actions-runner\_work\xpco\xpco\allsolutions\..\sc\components\remoteviewer\smartclient\tst\zsmartclient_unittest\bin\x64\debug\net6.0-windows\zsmartclient_unittest.dll" id="a727049e-baa7-2030-caa3-50ce4db896ae">
      <TestCategory>
        <TestCategoryItem TestCategory="SearchSerialization" />
      </TestCategory>
      <Execution id="870e6946-e30f-4aaf-9164-29a7e2e7b7ce" />
      <TestMethod codeBase="D:\actions-runner\_work\XPCO\XPCO\AllSolutions\..\SC\Components\RemoteViewer\SmartClient\tst\zSmartClient_UnitTest\bin\x64\Debug\net6.0-windows\zSmartClient_UnitTest.dll" adapterTypeName="executor://mstestadapter/v2" className="SmartClient_UnitTest.VideoOS.RemoteClient.Plugin.CentralizedSearch.Models.Serialization.SearchSerializerTests" name="Deserialize_InvalidXml_Error" />
    </UnitTest>
    <UnitTest name="InitialPassword_ShouldBePropagatedToPasswords" storage="d:\actions-runner\_work\xpco\xpco\allsolutions\..\sc\components\remoteviewer\smartclient\tst\zsmartclient_unittest\bin\x64\debug\net6.0-windows\zsmartclient_unittest.dll" id="ad2137f8-da12-9879-f4e4-b1576d0429b7">
      <TestCategory>
        <TestCategoryItem TestCategory="Export" />
      </TestCategory>
      <Execution id="127ece18-1a24-4c1e-8265-17bf4c83dc75" />
      <TestMethod codeBase="D:\actions-runner\_work\XPCO\XPCO\AllSolutions\..\SC\Components\RemoteViewer\SmartClient\tst\zSmartClient_UnitTest\bin\x64\Debug\net6.0-windows\zSmartClient_UnitTest.dll" adapterTypeName="executor://mstestadapter/v2" className="SmartClient_UnitTest.VideoOS.RemoteClient.Plugin.Export.PasswordDialogViewModelTests" name="InitialPassword_ShouldBePropagatedToPasswords" />
    </UnitTest>
    <UnitTest name="ValidateExportLocation_ShouldReturnFailResult_ExportPathIsInvalid (qq:\qwerty\qwerty)" storage="d:\actions-runner\_work\xpco\xpco\allsolutions\..\sc\components\remoteviewer\smartclient\tst\zsmartclient_unittest\bin\x64\debug\net6.0-windows\zsmartclient_unittest.dll" id="14ff6e15-92ef-6cb2-b0ea-d4519c199b41">
      <TestCategory>
        <TestCategoryItem TestCategory="Export" />
      </TestCategory>
      <Execution id="548e5a85-3f1b-4617-967c-1656af0f297f" />
      <TestMethod codeBase="D:\actions-runner\_work\XPCO\XPCO\AllSolutions\..\SC\Components\RemoteViewer\SmartClient\tst\zSmartClient_UnitTest\bin\x64\Debug\net6.0-windows\zSmartClient_UnitTest.dll" adapterTypeName="executor://mstestadapter/v2" className="SmartClient_UnitTest.VideoOS.RemoteClient.Plugin.Export.ExportDataValidatorTests" name="ValidateExportLocation_ShouldReturnFailResult_ExportPathIsInvalid" />
    </UnitTest>
    <UnitTest name="HandleGetDeviceData_ShouldReturnNotFoundDeviceData_WhenMicrophoneKindAndNonExistingMicrophoneId" storage="d:\actions-runner\_work\xpco\xpco\allsolutions\..\sc\components\remoteviewer\smartclient\tst\zsmartclient_unittest\bin\x64\debug\net6.0-windows\zsmartclient_unittest.dll" id="3f089a4c-2d32-ba99-dedb-fa96b9528cb6">
      <TestCategory>
        <TestCategoryItem TestCategory="GisMap.Handlers.Devices.MapItems" />
      </TestCategory>
      <Execution id="df2eac71-3a51-4c9c-bfb9-06fa8ede894e" />
      <TestMethod codeBase="D:\actions-runner\_work\XPCO\XPCO\AllSolutions\..\SC\Components\RemoteViewer\SmartClient\tst\zSmartClient_UnitTest\bin\x64\Debug\net6.0-windows\zSmartClient_UnitTest.dll" adapterTypeName="executor://mstestadapter/v2" className="SmartClient_UnitTest.VideoOS.RemoteClient.Plugin.GisMap.Handlers.Devices.MapItems.MicrophoneDataHandlerTests" name="HandleGetDeviceData_ShouldReturnNotFoundDeviceData_WhenMicrophoneKindAndNonExistingMicrophoneId" />
    </UnitTest>
    <UnitTest name="AddSelectedCameras_ValidCamera_CameraAdded" storage="d:\actions-runner\_work\xpco\xpco\allsolutions\..\sc\components\remoteviewer\smartclient\tst\zsmartclient_unittest\bin\x64\debug\net6.0-windows\zsmartclient_unittest.dll" id="3dff5113-fbc5-85c4-6443-3894194c92b8">
      <TestCategory>
        <TestCategoryItem TestCategory="SearchViewModels" />
      </TestCategory>
      <Execution id="905d3d78-f9c1-47fa-8dee-56f158a52578" />
      <TestMethod codeBase="D:\actions-runner\_work\XPCO\XPCO\AllSolutions\..\SC\Components\RemoteViewer\SmartClient\tst\zSmartClient_UnitTest\bin\x64\Debug\net6.0-windows\zSmartClient_UnitTest.dll" adapterTypeName="executor://mstestadapter/v2" className="SmartClient_UnitTest.VideoOS.RemoteClient.Plugin.CentralizedSearch.ViewModels.SearchViewModelTests" name="AddSelectedCameras_ValidCamera_CameraAdded" />
    </UnitTest>
    <UnitTest name="DisplayErrorOnNotificationArea_UnknownSearchError_LoggingDisabled_Success" storage="d:\actions-runner\_work\xpco\xpco\allsolutions\..\sc\components\remoteviewer\smartclient\tst\zsmartclient_unittest\bin\x64\debug\net6.0-windows\zsmartclient_unittest.dll" id="45f53e24-e644-c161-a854-8f98e8cdbf61">
      <TestCategory>
        <TestCategoryItem TestCategory="SearchViewModels" />
      </TestCategory>
      <Execution id="12308073-f0bb-4b98-a8a5-b62fe4e8b48e" />
      <TestMethod codeBase="D:\actions-runner\_work\XPCO\XPCO\AllSolutions\..\SC\Components\RemoteViewer\SmartClient\tst\zSmartClient_UnitTest\bin\x64\Debug\net6.0-windows\zSmartClient_UnitTest.dll" adapterTypeName="executor://mstestadapter/v2" className="SmartClient_UnitTest.VideoOS.RemoteClient.Plugin.CentralizedSearch.ViewModels.SearchViewModelTests" name="DisplayErrorOnNotificationArea_UnknownSearchError_LoggingDisabled_Success" />
    </UnitTest>
    <UnitTest name="UpdateScope_AbsoluteScopeDurationFromTimeChanged_ReturnsTrue" storage="d:\actions-runner\_work\xpco\xpco\allsolutions\..\sc\components\remoteviewer\smartclient\tst\zsmartclient_unittest\bin\x64\debug\net6.0-windows\zsmartclient_unittest.dll" id="d8d8f61c-66c0-35aa-72e8-108d872447d5">
      <TestCategory>
        <TestCategoryItem TestCategory="SearchModels" />
      </TestCategory>
      <Execution id="ed5a3f44-e607-438b-997e-97b04d8dec30" />
      <TestMethod codeBase="D:\actions-runner\_work\XPCO\XPCO\AllSolutions\..\SC\Components\RemoteViewer\SmartClient\tst\zSmartClient_UnitTest\bin\x64\Debug\net6.0-windows\zSmartClient_UnitTest.dll" adapterTypeName="executor://mstestadapter/v2" className="SmartClient_UnitTest.VideoOS.RemoteClient.Plugin.CentralizedSearch.Models.SearchScopeTests" name="UpdateScope_AbsoluteScopeDurationFromTimeChanged_ReturnsTrue" />
    </UnitTest>
    <UnitTest name="GetPrivacyMaskTest" storage="d:\actions-runner\_work\xpco\xpco\allsolutions\..\sc\components\remoteviewer\smartclient\tst\zsmartclient_unittest\bin\x64\debug\net6.0-windows\zsmartclient_unittest.dll" id="f6cae615-2487-dbea-6964-0ccca1418db3">
      <Execution id="db06666f-c894-40da-976e-e74dbb5356c6" />
      <TestMethod codeBase="D:\actions-runner\_work\XPCO\XPCO\AllSolutions\..\SC\Components\RemoteViewer\SmartClient\tst\zSmartClient_UnitTest\bin\x64\Debug\net6.0-windows\zSmartClient_UnitTest.dll" adapterTypeName="executor://mstestadapter/v2" className="SmartClient_UnitTest.VideoOS.RemoteClient.Application.Data.ContentTypes.CameraContentType.PrivacyMaskTest" name="GetPrivacyMaskTest" />
    </UnitTest>
    <UnitTest name="PopulateTooltip_FewResultsFromSingleCamera24Hours_ValidText" storage="d:\actions-runner\_work\xpco\xpco\allsolutions\..\sc\components\remoteviewer\smartclient\tst\zsmartclient_unittest\bin\x64\debug\net6.0-windows\zsmartclient_unittest.dll" id="0d83c1ac-5a73-d746-bd8b-9b4e86108c9b">
      <TestCategory>
        <TestCategoryItem TestCategory="SearchControls" />
      </TestCategory>
      <Execution id="b21f749c-dfca-4b1c-bef1-620f33d75fb8" />
      <TestMethod codeBase="D:\actions-runner\_work\XPCO\XPCO\AllSolutions\..\SC\Components\RemoteViewer\SmartClient\tst\zSmartClient_UnitTest\bin\x64\Debug\net6.0-windows\zSmartClient_UnitTest.dll" adapterTypeName="executor://mstestadapter/v2" className="SmartClient_UnitTest.VideoOS.RemoteClient.Plugin.CentralizedSearch.Views.Controls.TimelineRuler.TimelineRulerControlTests" name="PopulateTooltip_FewResultsFromSingleCamera24Hours_ValidText" />
    </UnitTest>
    <UnitTest name="PtzSessionControllerInfo_UserChangedTest_NoChange_Anonymous" storage="d:\actions-runner\_work\xpco\xpco\allsolutions\..\sc\components\remoteviewer\smartclient\tst\zsmartclient_unittest\bin\x64\debug\net6.0-windows\zsmartclient_unittest.dll" id="537b2445-9bec-85ec-3d34-ba15ef73d25d">
      <Execution id="097d478f-81e3-470c-ae1e-dc04c6c6aa53" />
      <TestMethod codeBase="D:\actions-runner\_work\XPCO\XPCO\AllSolutions\..\SC\Components\RemoteViewer\SmartClient\tst\zSmartClient_UnitTest\bin\x64\Debug\net6.0-windows\zSmartClient_UnitTest.dll" adapterTypeName="executor://mstestadapter/v2" className="VideoOS.RemoteClient.Application.Controllers.UnitTest.PtzSessionControllerTest" name="PtzSessionControllerInfo_UserChangedTest_NoChange_Anonymous" />
    </UnitTest>
    <UnitTest name="Parse_Custom_Success" storage="d:\actions-runner\_work\xpco\xpco\allsolutions\..\sc\components\remoteviewer\smartclient\tst\zsmartclient_unittest\bin\x64\debug\net6.0-windows\zsmartclient_unittest.dll" id="74b99f6c-f52d-e611-9fc2-7e56383e4299">
      <TestCategory>
        <TestCategoryItem TestCategory="Search" />
      </TestCategory>
      <Execution id="9370a848-63d5-4bd5-a21f-0006824f6c99" />
      <TestMethod codeBase="D:\actions-runner\_work\XPCO\XPCO\AllSolutions\..\SC\Components\RemoteViewer\SmartClient\tst\zSmartClient_UnitTest\bin\x64\Debug\net6.0-windows\zSmartClient_UnitTest.dll" adapterTypeName="executor://mstestadapter/v2" className="SmartClient_UnitTest.VideoOS.RemoteClient.Plugin.CentralizedSearch.Models.ScopeDurationTests" name="Parse_Custom_Success" />
    </UnitTest>
    <UnitTest name="Ctor_AllTypesConfigured" storage="d:\actions-runner\_work\xpco\xpco\allsolutions\..\sc\components\remoteviewer\smartclient\tst\zsmartclient_unittest\bin\x64\debug\net6.0-windows\zsmartclient_unittest.dll" id="b93013c3-d297-89cf-1fce-624bcbbbca6c">
      <TestCategory>
        <TestCategoryItem TestCategory="Search" />
      </TestCategory>
      <Execution id="0f8da192-536d-4a79-a905-6ec37a5b9650" />
      <TestMethod codeBase="D:\actions-runner\_work\XPCO\XPCO\AllSolutions\..\SC\Components\RemoteViewer\SmartClient\tst\zSmartClient_UnitTest\bin\x64\Debug\net6.0-windows\zSmartClient_UnitTest.dll" adapterTypeName="executor://mstestadapter/v2" className="SmartClient_UnitTest.VideoOS.RemoteClient.Plugin.CentralizedSearch.MIPPlugin.ScSearchUserControlPluginTest" name="Ctor_AllTypesConfigured" />
    </UnitTest>
    <UnitTest name="DeviceIcons_ShouldBeCached_WhenCalled" storage="d:\actions-runner\_work\xpco\xpco\allsolutions\..\sc\components\remoteviewer\smartclient\tst\zsmartclient_unittest\bin\x64\debug\net6.0-windows\zsmartclient_unittest.dll" id="669fc029-8875-e129-8d0c-bd7a31bdd15f">
      <TestCategory>
        <TestCategoryItem TestCategory="GisMapData.CameraOemResourcesProviderTests" />
      </TestCategory>
      <Execution id="22d794a4-0c9e-477d-9dcc-6eb85ff20b4c" />
      <TestMethod codeBase="D:\actions-runner\_work\XPCO\XPCO\AllSolutions\..\SC\Components\RemoteViewer\SmartClient\tst\zSmartClient_UnitTest\bin\x64\Debug\net6.0-windows\zSmartClient_UnitTest.dll" adapterTypeName="executor://mstestadapter/v2" className="SmartClient_UnitTest.VideoOS.RemoteClient.GisMapData.Resources.CameraOemResourcesProviderTests" name="DeviceIcons_ShouldBeCached_WhenCalled" />
    </UnitTest>
    <UnitTest name="State_ShouldUpdateMicrophoneIconImage_WhenSetToMute" storage="d:\actions-runner\_work\xpco\xpco\allsolutions\..\sc\components\remoteviewer\smartclient\tst\zsmartclient_unittest\bin\x64\debug\net6.0-windows\zsmartclient_unittest.dll" id="2baa9530-1f3b-08c8-d90b-9f25fb854e03">
      <TestCategory>
        <TestCategoryItem TestCategory="GisMapData.MapItem.Microphones" />
      </TestCategory>
      <Execution id="2d86f879-4961-4abf-8f6a-003ffa6e658e" />
      <TestMethod codeBase="D:\actions-runner\_work\XPCO\XPCO\AllSolutions\..\SC\Components\RemoteViewer\SmartClient\tst\zSmartClient_UnitTest\bin\x64\Debug\net6.0-windows\zSmartClient_UnitTest.dll" adapterTypeName="executor://mstestadapter/v2" className="SmartClient_UnitTest.VideoOS.RemoteClient.GisMapData.MapItem.Microphones.MicrophoneMapItemTests" name="State_ShouldUpdateMicrophoneIconImage_WhenSetToMute" />
    </UnitTest>
    <UnitTest name="ActiveInteractionStateBinding_ShouldOnlyContainNormalAndNewDevice_WhenCtorIsCalled" storage="d:\actions-runner\_work\xpco\xpco\allsolutions\..\sc\components\remoteviewer\smartclient\tst\zsmartclient_unittest\bin\x64\debug\net6.0-windows\zsmartclient_unittest.dll" id="29cd7680-6529-be15-6bcd-e95b8579b607">
      <TestCategory>
        <TestCategoryItem TestCategory="GisMap.OutputMarkerTest" />
      </TestCategory>
      <Execution id="23a7c384-48c9-4c88-a2c5-09eeca6d082f" />
      <TestMethod codeBase="D:\actions-runner\_work\XPCO\XPCO\AllSolutions\..\SC\Components\RemoteViewer\SmartClient\tst\zSmartClient_UnitTest\bin\x64\Debug\net6.0-windows\zSmartClient_UnitTest.dll" adapterTypeName="executor://mstestadapter/v2" className="SmartClient_UnitTest.VideoOS.RemoteClient.Plugin.GisMap.ThinkGeoMap.Markers.DeviceMarkers.OutputMarker.OutputMarkerTests" name="ActiveInteractionStateBinding_ShouldOnlyContainNormalAndNewDevice_WhenCtorIsCalled" />
    </UnitTest>
    <UnitTest name="ShowPermissionDeniedStatusBarError_ShouldSendAMessage (0,0)" storage="d:\actions-runner\_work\xpco\xpco\allsolutions\..\sc\components\remoteviewer\smartclient\tst\zsmartclient_unittest\bin\x64\debug\net6.0-windows\zsmartclient_unittest.dll" id="dd092419-abd8-e0ce-fcc9-f98f58bba7cb">
      <TestCategory>
        <TestCategoryItem TestCategory="Managers" />
      </TestCategory>
      <Execution id="499f78b4-bcdd-41ce-a0f3-55c2b206e938" />
      <TestMethod codeBase="D:\actions-runner\_work\XPCO\XPCO\AllSolutions\..\SC\Components\RemoteViewer\SmartClient\tst\zSmartClient_UnitTest\bin\x64\Debug\net6.0-windows\zSmartClient_UnitTest.dll" adapterTypeName="executor://mstestadapter/v2" className="SmartClient_UnitTest.VideoOS.RemoteClient.Application.Managers.ExportResultsNotificationHelperTests" name="ShowPermissionDeniedStatusBarError_ShouldSendAMessage" />
    </UnitTest>
    <UnitTest name="SetItemOutlines_ItemNotCameraKind_Exception" storage="d:\actions-runner\_work\xpco\xpco\allsolutions\..\sc\components\remoteviewer\smartclient\tst\zsmartclient_unittest\bin\x64\debug\net6.0-windows\zsmartclient_unittest.dll" id="bc299358-874f-d04a-92ad-e691bf3c092e">
      <TestCategory>
        <TestCategoryItem TestCategory="GisMap.GisMapViewFacade" />
      </TestCategory>
      <Execution id="ac72fd13-43ee-41f6-93d1-879c22685f93" />
      <TestMethod codeBase="D:\actions-runner\_work\XPCO\XPCO\AllSolutions\..\SC\Components\RemoteViewer\SmartClient\tst\zSmartClient_UnitTest\bin\x64\Debug\net6.0-windows\zSmartClient_UnitTest.dll" adapterTypeName="executor://mstestadapter/v2" className="SmartClient_UnitTest.VideoOS.RemoteClient.Plugin.GisMap.IoC.GisMapViewFacadeTests" name="SetItemOutlines_ItemNotCameraKind_Exception" />
    </UnitTest>
    <UnitTest name="Deserialize_ScopeDurationOnly_Success" storage="d:\actions-runner\_work\xpco\xpco\allsolutions\..\sc\components\remoteviewer\smartclient\tst\zsmartclient_unittest\bin\x64\debug\net6.0-windows\zsmartclient_unittest.dll" id="4729feb7-4741-1ecd-d16a-200494d70780">
      <TestCategory>
        <TestCategoryItem TestCategory="SearchSerialization" />
      </TestCategory>
      <Execution id="c05f0190-b325-48da-96ec-d9bf93464946" />
      <TestMethod codeBase="D:\actions-runner\_work\XPCO\XPCO\AllSolutions\..\SC\Components\RemoteViewer\SmartClient\tst\zSmartClient_UnitTest\bin\x64\Debug\net6.0-windows\zSmartClient_UnitTest.dll" adapterTypeName="executor://mstestadapter/v2" className="SmartClient_UnitTest.VideoOS.RemoteClient.Plugin.CentralizedSearch.Models.Serialization.SearchSerializerTests" name="Deserialize_ScopeDurationOnly_Success" />
    </UnitTest>
    <UnitTest name="TestReadXml" storage="d:\actions-runner\_work\xpco\xpco\allsolutions\..\sc\components\remoteviewer\smartclient\tst\zsmartclient_unittest\bin\x64\debug\net6.0-windows\zsmartclient_unittest.dll" id="1bb961de-3244-ec3d-ba9c-efd8693da7cb">
      <Execution id="167786fa-34a7-4706-8824-a270106f1ec9" />
      <TestMethod codeBase="D:\actions-runner\_work\XPCO\XPCO\AllSolutions\..\SC\Components\RemoteViewer\SmartClient\tst\zSmartClient_UnitTest\bin\x64\Debug\net6.0-windows\zSmartClient_UnitTest.dll" adapterTypeName="executor://mstestadapter/v2" className="SmartClient_UnitTest.VideoOS.RemoteClient.Application.Data.Retrievals.RetrievalMetadataTest" name="TestReadXml" />
    </UnitTest>
    <UnitTest name="PatrollingProfileViewModelTest_Constructor_Success" storage="d:\actions-runner\_work\xpco\xpco\allsolutions\..\sc\components\remoteviewer\smartclient\tst\zsmartclient_unittest\bin\x64\debug\net6.0-windows\zsmartclient_unittest.dll" id="971ae998-f6f4-2825-fcc4-633419b90bb1">
      <Execution id="37aae765-052c-4b6b-af0f-cafbcddb98ad" />
      <TestMethod codeBase="D:\actions-runner\_work\XPCO\XPCO\AllSolutions\..\SC\Components\RemoteViewer\SmartClient\tst\zSmartClient_UnitTest\bin\x64\Debug\net6.0-windows\zSmartClient_UnitTest.dll" adapterTypeName="executor://mstestadapter/v2" className="SmartClient_UnitTest.VideoOS.RemoteClient.Application.UI.PtzPreset.PatrollingViewModel.PatrollingProfileViewModelTest" name="PatrollingProfileViewModelTest_Constructor_Success" />
    </UnitTest>
    <UnitTest name="Search_EmptyFilterValue_WarningTextNotApplied" storage="d:\actions-runner\_work\xpco\xpco\allsolutions\..\sc\components\remoteviewer\smartclient\tst\zsmartclient_unittest\bin\x64\debug\net6.0-windows\zsmartclient_unittest.dll" id="e5973daf-eb52-605d-f256-024d8a961fe9">
      <TestCategory>
        <TestCategoryItem TestCategory="Search" />
      </TestCategory>
      <Execution id="db9bae44-a760-4758-a5f4-684c35d266f1" />
      <TestMethod codeBase="D:\actions-runner\_work\XPCO\XPCO\AllSolutions\..\SC\Components\RemoteViewer\SmartClient\tst\zSmartClient_UnitTest\bin\x64\Debug\net6.0-windows\zSmartClient_UnitTest.dll" adapterTypeName="executor://mstestadapter/v2" className="SmartClient_UnitTest.VideoOS.RemoteClient.Plugin.CentralizedSearch.MIPPlugin.CompositeSearchDefinitionTests" name="Search_EmptyFilterValue_WarningTextNotApplied" />
    </UnitTest>
    <UnitTest name="ConvertToNewLevel_ThreeLevelsUp_Success" storage="d:\actions-runner\_work\xpco\xpco\allsolutions\..\sc\components\remoteviewer\smartclient\tst\zsmartclient_unittest\bin\x64\debug\net6.0-windows\zsmartclient_unittest.dll" id="d6a59c85-6c58-584e-c43d-f10c50d7e1a2">
      <TestCategory>
        <TestCategoryItem TestCategory="GisMapIndex" />
      </TestCategory>
      <Execution id="95cb3c0d-02ff-4e53-b01f-669622f855ab" />
      <TestMethod codeBase="D:\actions-runner\_work\XPCO\XPCO\AllSolutions\..\SC\Components\RemoteViewer\SmartClient\tst\zSmartClient_UnitTest\bin\x64\Debug\net6.0-windows\zSmartClient_UnitTest.dll" adapterTypeName="executor://mstestadapter/v2" className="SmartClient_UnitTest.VideoOS.RemoteClient.GisMapData.Common.Indexer.IndexGridExtentTest" name="ConvertToNewLevel_ThreeLevelsUp_Success" />
    </UnitTest>
    <UnitTest name="GetSLC_ShouldReturnCorrectSLC" storage="d:\actions-runner\_work\xpco\xpco\allsolutions\..\sc\components\remoteviewer\smartclient\tst\zsmartclient_unittest\bin\x64\debug\net6.0-windows\zsmartclient_unittest.dll" id="9dcaedba-c848-3b00-d622-5c7b863dca11">
      <Execution id="1e9617d1-6d5c-4135-945b-e247a5a6c238" />
      <TestMethod codeBase="D:\actions-runner\_work\XPCO\XPCO\AllSolutions\..\SC\Components\RemoteViewer\SmartClient\tst\zSmartClient_UnitTest\bin\x64\Debug\net6.0-windows\zSmartClient_UnitTest.dll" adapterTypeName="executor://mstestadapter/v2" className="SmartClient_UnitTest.VideoOS.RemoteClient.Application.Common.Telemetry.SCTelemetrySpecificsTests" name="GetSLC_ShouldReturnCorrectSLC" />
    </UnitTest>
    <UnitTest name="OpenStreetMapLayerIsDisabled_ShouldReturnFalse_WhenOpenStreetMapGeographicLayerOptionIsNotAvailableAndOpenStreetMapAlternativeServerIsNotEmpty" storage="d:\actions-runner\_work\xpco\xpco\allsolutions\..\sc\components\remoteviewer\smartclient\tst\zsmartclient_unittest\bin\x64\debug\net6.0-windows\zsmartclient_unittest.dll" id="cc0eb8f4-de0d-0d2a-a312-64bcc8b88edd">
      <TestCategory>
        <TestCategoryItem TestCategory="GisMapLayer" />
      </TestCategory>
      <Execution id="01ddb964-403a-4273-ae26-31fb2f627e63" />
      <TestMethod codeBase="D:\actions-runner\_work\XPCO\XPCO\AllSolutions\..\SC\Components\RemoteViewer\SmartClient\tst\zSmartClient_UnitTest\bin\x64\Debug\net6.0-windows\zSmartClient_UnitTest.dll" adapterTypeName="executor://mstestadapter/v2" className="SmartClient_UnitTest.VideoOS.RemoteClient.GisMap.MapLayers.GisMapLayerTests" name="OpenStreetMapLayerIsDisabled_ShouldReturnFalse_WhenOpenStreetMapGeographicLayerOptionIsNotAvailableAndOpenStreetMapAlternativeServerIsNotEmpty" />
    </UnitTest>
    <UnitTest name="Outline_ShouldAcceptSet_WhenNon4CornersOutline" storage="d:\actions-runner\_work\xpco\xpco\allsolutions\..\sc\components\remoteviewer\smartclient\tst\zsmartclient_unittest\bin\x64\debug\net6.0-windows\zsmartclient_unittest.dll" id="c6214463-25ef-9b77-19c9-f227068e9681">
      <TestCategory>
        <TestCategoryItem TestCategory="GisMapBuilding" />
      </TestCategory>
      <Execution id="4b085b04-b140-4f4f-9df3-086158bad1f4" />
      <TestMethod codeBase="D:\actions-runner\_work\XPCO\XPCO\AllSolutions\..\SC\Components\RemoteViewer\SmartClient\tst\zSmartClient_UnitTest\bin\x64\Debug\net6.0-windows\zSmartClient_UnitTest.dll" adapterTypeName="executor://mstestadapter/v2" className="SmartClient_UnitTest.VideoOS.RemoteClient.GisMap.MapBuildingTests" name="Outline_ShouldAcceptSet_WhenNon4CornersOutline" />
    </UnitTest>
    <UnitTest name="Password1 valid, Password 2 invalid, shorter length" storage="d:\actions-runner\_work\xpco\xpco\allsolutions\..\sc\components\remoteviewer\smartclient\tst\zsmartclient_unittest\bin\x64\debug\net6.0-windows\zsmartclient_unittest.dll" id="f8f5c82b-0b68-e133-2fe6-a6f0cc722426">
      <TestCategory>
        <TestCategoryItem TestCategory="Export" />
      </TestCategory>
      <Execution id="75c38fb3-bced-4e03-8419-e6b64030fd01" />
      <TestMethod codeBase="D:\actions-runner\_work\XPCO\XPCO\AllSolutions\..\SC\Components\RemoteViewer\SmartClient\tst\zSmartClient_UnitTest\bin\x64\Debug\net6.0-windows\zSmartClient_UnitTest.dll" adapterTypeName="executor://mstestadapter/v2" className="SmartClient_UnitTest.VideoOS.RemoteClient.Plugin.Export.PasswordDialogViewModelTests" name="ArePasswordsValid_ShouldDependOnPassword1AndPassword2" />
    </UnitTest>
    <UnitTest name="ScrollIntoView_Async_DefinitionViewAboveOutOfViewPort_Scrolled" storage="d:\actions-runner\_work\xpco\xpco\allsolutions\..\sc\components\remoteviewer\smartclient\tst\zsmartclient_unittest\bin\x64\debug\net6.0-windows\zsmartclient_unittest.dll" id="1a438984-8e5e-2cb0-c251-969595afcd3b">
      <TestCategory>
        <TestCategoryItem TestCategory="Search" />
      </TestCategory>
      <Execution id="40f8f0fc-b4e9-43a4-90e2-aaddd9c56ec4" />
      <TestMethod codeBase="D:\actions-runner\_work\XPCO\XPCO\AllSolutions\..\SC\Components\RemoteViewer\SmartClient\tst\zSmartClient_UnitTest\bin\x64\Debug\net6.0-windows\zSmartClient_UnitTest.dll" adapterTypeName="executor://mstestadapter/v2" className="SmartClient_UnitTest.VideoOS.RemoteClient.Plugin.CentralizedSearch.Views.CriteriaViewTests" name="ScrollIntoView_Async_DefinitionViewAboveOutOfViewPort_Scrolled" />
    </UnitTest>
    <UnitTest name="SelectTemplate_InvalidItemType_ReturnsPopupTemplate" storage="d:\actions-runner\_work\xpco\xpco\allsolutions\..\sc\components\remoteviewer\smartclient\tst\zsmartclient_unittest\bin\x64\debug\net6.0-windows\zsmartclient_unittest.dll" id="7d70a72d-3886-6952-72a5-a740f2010644">
      <TestCategory>
        <TestCategoryItem TestCategory="SearchViews" />
      </TestCategory>
      <Execution id="df75e640-0a8e-4ab4-b899-3e68d4defb2a" />
      <TestMethod codeBase="D:\actions-runner\_work\XPCO\XPCO\AllSolutions\..\SC\Components\RemoteViewer\SmartClient\tst\zSmartClient_UnitTest\bin\x64\Debug\net6.0-windows\zSmartClient_UnitTest.dll" adapterTypeName="executor://mstestadapter/v2" className="SmartClient_UnitTest.VideoOS.RemoteClient.Plugin.CentralizedSearch.Views.AttributeEditControlTemplateSelectorTests" name="SelectTemplate_InvalidItemType_ReturnsPopupTemplate" />
    </UnitTest>
    <UnitTest name="AddToExportDevices_ShouldReturnCorrectResult (0,0,0)" storage="d:\actions-runner\_work\xpco\xpco\allsolutions\..\sc\components\remoteviewer\smartclient\tst\zsmartclient_unittest\bin\x64\debug\net6.0-windows\zsmartclient_unittest.dll" id="8fbd09a9-7857-948c-1090-871fb08766df">
      <TestCategory>
        <TestCategoryItem TestCategory="Managers" />
      </TestCategory>
      <Execution id="939f7d23-fd06-4a73-9f40-732e4200aae6" />
      <TestMethod codeBase="D:\actions-runner\_work\XPCO\XPCO\AllSolutions\..\SC\Components\RemoteViewer\SmartClient\tst\zSmartClient_UnitTest\bin\x64\Debug\net6.0-windows\zSmartClient_UnitTest.dll" adapterTypeName="executor://mstestadapter/v2" className="SmartClient_UnitTest.VideoOS.RemoteClient.Application.Managers.ExportManagerTests" name="AddToExportDevices_ShouldReturnCorrectResult" />
    </UnitTest>
    <UnitTest name="IsLocationSelectionVisible_MappedToViewModel_Success" storage="d:\actions-runner\_work\xpco\xpco\allsolutions\..\sc\components\remoteviewer\smartclient\tst\zsmartclient_unittest\bin\x64\debug\net6.0-windows\zsmartclient_unittest.dll" id="d39f566a-6448-5523-5e51-422943258ba3">
      <TestCategory>
        <TestCategoryItem TestCategory="GisMap.GisMapViewFacade" />
      </TestCategory>
      <Execution id="e0aa6860-b963-4efd-a17f-e30e88f42c2b" />
      <TestMethod codeBase="D:\actions-runner\_work\XPCO\XPCO\AllSolutions\..\SC\Components\RemoteViewer\SmartClient\tst\zSmartClient_UnitTest\bin\x64\Debug\net6.0-windows\zSmartClient_UnitTest.dll" adapterTypeName="executor://mstestadapter/v2" className="SmartClient_UnitTest.VideoOS.RemoteClient.Plugin.GisMap.IoC.GisMapViewFacadeTests" name="IsLocationSelectionVisible_MappedToViewModel_Success" />
    </UnitTest>
    <UnitTest name="OutputItemsLayer_NotIsGeographic_Load_Success" storage="d:\actions-runner\_work\xpco\xpco\allsolutions\..\sc\components\remoteviewer\smartclient\tst\zsmartclient_unittest\bin\x64\debug\net6.0-windows\zsmartclient_unittest.dll" id="4359d1f6-24c0-77e3-a295-f1f91acd7a66">
      <TestCategory>
        <TestCategoryItem TestCategory="GisMapLayer" />
      </TestCategory>
      <Execution id="007cb0e5-a633-4ebe-baf9-db1968da3bec" />
      <TestMethod codeBase="D:\actions-runner\_work\XPCO\XPCO\AllSolutions\..\SC\Components\RemoteViewer\SmartClient\tst\zSmartClient_UnitTest\bin\x64\Debug\net6.0-windows\zSmartClient_UnitTest.dll" adapterTypeName="executor://mstestadapter/v2" className="SmartClient_UnitTest.VideoOS.RemoteClient.GisMap.MapLayers.GisMapLayerTests" name="OutputItemsLayer_NotIsGeographic_Load_Success" />
    </UnitTest>
    <UnitTest name="BuildEvidenceCreatedProperties_ShouldReturnCorrectValues (some headline,some description,03:00:00,Days,1.22:00:00,0,True,True,03:00:00,Days,1.22:00:00,0)" storage="d:\actions-runner\_work\xpco\xpco\allsolutions\..\sc\components\remoteviewer\smartclient\tst\zsmartclient_unittest\bin\x64\debug\net6.0-windows\zsmartclient_unittest.dll" id="142d7f64-df34-9fff-6e19-8f208ebae02f">
      <Execution id="7fe112d3-9898-4bee-89ec-90f8346411a0" />
      <TestMethod codeBase="D:\actions-runner\_work\XPCO\XPCO\AllSolutions\..\SC\Components\RemoteViewer\SmartClient\tst\zSmartClient_UnitTest\bin\x64\Debug\net6.0-windows\zSmartClient_UnitTest.dll" adapterTypeName="executor://mstestadapter/v2" className="SmartClient_UnitTest.VideoOS.RemoteClient.Application.Common.Telemetry.TelemetryBuilderTests" name="BuildEvidenceCreatedProperties_ShouldReturnCorrectValues" />
    </UnitTest>
    <UnitTest name="AddLevelWithLoadNewLevel_Success" storage="d:\actions-runner\_work\xpco\xpco\allsolutions\..\sc\components\remoteviewer\smartclient\tst\zsmartclient_unittest\bin\x64\debug\net6.0-windows\zsmartclient_unittest.dll" id="10a1b738-5399-5e92-e2ed-009c7ed9c454">
      <TestCategory>
        <TestCategoryItem TestCategory="GisMapBuilding" />
      </TestCategory>
      <Execution id="4884e902-cdc5-49bc-9b40-8a446a7877bc" />
      <TestMethod codeBase="D:\actions-runner\_work\XPCO\XPCO\AllSolutions\..\SC\Components\RemoteViewer\SmartClient\tst\zSmartClient_UnitTest\bin\x64\Debug\net6.0-windows\zSmartClient_UnitTest.dll" adapterTypeName="executor://mstestadapter/v2" className="SmartClient_UnitTest.VideoOS.RemoteClient.GisMapData.MapBuildings.MapLevelTests" name="AddLevelWithLoadNewLevel_Success" />
    </UnitTest>
    <UnitTest name="ActiveInteractionStateBinding_ShouldNotBeNull_WhenCtorIsCalled" storage="d:\actions-runner\_work\xpco\xpco\allsolutions\..\sc\components\remoteviewer\smartclient\tst\zsmartclient_unittest\bin\x64\debug\net6.0-windows\zsmartclient_unittest.dll" id="69d36869-4d47-77af-11ea-1700a11c2aa4">
      <TestCategory>
        <TestCategoryItem TestCategory="GisMap.OutputMarkerTest" />
      </TestCategory>
      <Execution id="688d4caa-611e-415b-8f38-9379f7754a23" />
      <TestMethod codeBase="D:\actions-runner\_work\XPCO\XPCO\AllSolutions\..\SC\Components\RemoteViewer\SmartClient\tst\zSmartClient_UnitTest\bin\x64\Debug\net6.0-windows\zSmartClient_UnitTest.dll" adapterTypeName="executor://mstestadapter/v2" className="SmartClient_UnitTest.VideoOS.RemoteClient.Plugin.GisMap.ThinkGeoMap.Markers.DeviceMarkers.OutputMarker.OutputMarkerTests" name="ActiveInteractionStateBinding_ShouldNotBeNull_WhenCtorIsCalled" />
    </UnitTest>
    <UnitTest name="HandleGetDeviceData_ShouldReturnNotFoundDeviceData_WhenNotSupportedKind" storage="d:\actions-runner\_work\xpco\xpco\allsolutions\..\sc\components\remoteviewer\smartclient\tst\zsmartclient_unittest\bin\x64\debug\net6.0-windows\zsmartclient_unittest.dll" id="e833bb24-3fa7-84ca-0015-97d61c5799eb">
      <TestCategory>
        <TestCategoryItem TestCategory="GisMap.Handlers.Devices.MapItems" />
      </TestCategory>
      <Execution id="3e1eb042-38b6-4351-ad8a-776bd3f3dc97" />
      <TestMethod codeBase="D:\actions-runner\_work\XPCO\XPCO\AllSolutions\..\SC\Components\RemoteViewer\SmartClient\tst\zSmartClient_UnitTest\bin\x64\Debug\net6.0-windows\zSmartClient_UnitTest.dll" adapterTypeName="executor://mstestadapter/v2" className="SmartClient_UnitTest.VideoOS.RemoteClient.Plugin.GisMap.Handlers.Devices.MapItems.InputDataHandlerTests" name="HandleGetDeviceData_ShouldReturnNotFoundDeviceData_WhenNotSupportedKind" />
    </UnitTest>
    <UnitTest name="PatrollingProfileListViewModel_AddProfileCommand" storage="d:\actions-runner\_work\xpco\xpco\allsolutions\..\sc\components\remoteviewer\smartclient\tst\zsmartclient_unittest\bin\x64\debug\net6.0-windows\zsmartclient_unittest.dll" id="720fe66f-b8b5-d4e5-7a83-b546dcd33e63">
      <Execution id="ceb0801d-4e53-48fc-b6e3-49b1a45c345f" />
      <TestMethod codeBase="D:\actions-runner\_work\XPCO\XPCO\AllSolutions\..\SC\Components\RemoteViewer\SmartClient\tst\zSmartClient_UnitTest\bin\x64\Debug\net6.0-windows\zSmartClient_UnitTest.dll" adapterTypeName="executor://mstestadapter/v2" className="SmartClient_UnitTest.VideoOS.RemoteClient.Application.UI.PtzPreset.PatrollingViewModel.PatrollingProfileListViewModelTest" name="PatrollingProfileListViewModel_AddProfileCommand" />
    </UnitTest>
    <UnitTest name="Compare_Descending_Success" storage="d:\actions-runner\_work\xpco\xpco\allsolutions\..\sc\components\remoteviewer\smartclient\tst\zsmartclient_unittest\bin\x64\debug\net6.0-windows\zsmartclient_unittest.dll" id="c6e098df-93ea-edd9-9f8d-a8296c3d60ed">
      <TestCategory>
        <TestCategoryItem TestCategory="SearchComparers" />
      </TestCategory>
      <Execution id="484835a2-d6e7-4e5d-b0db-57a6d76b1a8b" />
      <TestMethod codeBase="D:\actions-runner\_work\XPCO\XPCO\AllSolutions\..\SC\Components\RemoteViewer\SmartClient\tst\zSmartClient_UnitTest\bin\x64\Debug\net6.0-windows\zSmartClient_UnitTest.dll" adapterTypeName="executor://mstestadapter/v2" className="SmartClient_UnitTest.VideoOS.RemoteClient.Plugin.CentralizedSearch.Models.Wrappers.Comparers.BeginTimeWithPaddingComparerTests" name="Compare_Descending_Success" />
    </UnitTest>
    <UnitTest name="SelectTemplate_TextBoxFilterConfiguration_ReturnsInlineTemplate" storage="d:\actions-runner\_work\xpco\xpco\allsolutions\..\sc\components\remoteviewer\smartclient\tst\zsmartclient_unittest\bin\x64\debug\net6.0-windows\zsmartclient_unittest.dll" id="87f381e7-d9c3-dd59-a7de-147f1cb1e49c">
      <TestCategory>
        <TestCategoryItem TestCategory="SearchViews" />
      </TestCategory>
      <Execution id="2806d152-3d8b-4728-b710-0ef758114020" />
      <TestMethod codeBase="D:\actions-runner\_work\XPCO\XPCO\AllSolutions\..\SC\Components\RemoteViewer\SmartClient\tst\zSmartClient_UnitTest\bin\x64\Debug\net6.0-windows\zSmartClient_UnitTest.dll" adapterTypeName="executor://mstestadapter/v2" className="SmartClient_UnitTest.VideoOS.RemoteClient.Plugin.CentralizedSearch.Views.AttributeEditControlTemplateSelectorTests" name="SelectTemplate_TextBoxFilterConfiguration_ReturnsInlineTemplate" />
    </UnitTest>
    <UnitTest name="AddToExportTuples_ShouldReturnCorrectResult (0,1,1)" storage="d:\actions-runner\_work\xpco\xpco\allsolutions\..\sc\components\remoteviewer\smartclient\tst\zsmartclient_unittest\bin\x64\debug\net6.0-windows\zsmartclient_unittest.dll" id="ec6a1fe9-3af6-63ab-879a-5b325bb75a96">
      <TestCategory>
        <TestCategoryItem TestCategory="Managers" />
      </TestCategory>
      <Execution id="ae269e6a-b349-4e8c-9817-add11d6fa527" />
      <TestMethod codeBase="D:\actions-runner\_work\XPCO\XPCO\AllSolutions\..\SC\Components\RemoteViewer\SmartClient\tst\zSmartClient_UnitTest\bin\x64\Debug\net6.0-windows\zSmartClient_UnitTest.dll" adapterTypeName="executor://mstestadapter/v2" className="SmartClient_UnitTest.VideoOS.RemoteClient.Application.Managers.ExportManagerTests" name="AddToExportTuples_ShouldReturnCorrectResult" />
    </UnitTest>
    <UnitTest name="MonitorLiveState_Deserialize_Success" storage="d:\actions-runner\_work\xpco\xpco\allsolutions\..\sc\components\remoteviewer\smartclient\tst\zsmartclient_unittest\bin\x64\debug\net6.0-windows\zsmartclient_unittest.dll" id="62ccd416-325f-fc18-4621-c0f70b480ec4">
      <Execution id="9bbbf7c3-4d7a-4117-b70c-37203440c8ee" />
      <TestMethod codeBase="D:\actions-runner\_work\XPCO\XPCO\AllSolutions\..\SC\Components\RemoteViewer\SmartClient\tst\zSmartClient_UnitTest\bin\x64\Debug\net6.0-windows\zSmartClient_UnitTest.dll" adapterTypeName="executor://mstestadapter/v2" className="SmartClient_UnitTest.VideoOS.RemoteClient.Data.VideoWall.MonitorStateTests" name="MonitorLiveState_Deserialize_Success" />
    </UnitTest>
    <UnitTest name="SevenDays_Success" storage="d:\actions-runner\_work\xpco\xpco\allsolutions\..\sc\components\remoteviewer\smartclient\tst\zsmartclient_unittest\bin\x64\debug\net6.0-windows\zsmartclient_unittest.dll" id="de09b4c2-8c85-fd07-a4bd-ac2ed052171a">
      <TestCategory>
        <TestCategoryItem TestCategory="Search" />
      </TestCategory>
      <Execution id="0e31c4a7-284c-4d94-891b-8433f443ef22" />
      <TestMethod codeBase="D:\actions-runner\_work\XPCO\XPCO\AllSolutions\..\SC\Components\RemoteViewer\SmartClient\tst\zSmartClient_UnitTest\bin\x64\Debug\net6.0-windows\zSmartClient_UnitTest.dll" adapterTypeName="executor://mstestadapter/v2" className="SmartClient_UnitTest.VideoOS.RemoteClient.Plugin.CentralizedSearch.Models.ScopeDurationTests" name="SevenDays_Success" />
    </UnitTest>
    <UnitTest name="AddToExportTuples_ShouldAddToExportData (5)" storage="d:\actions-runner\_work\xpco\xpco\allsolutions\..\sc\components\remoteviewer\smartclient\tst\zsmartclient_unittest\bin\x64\debug\net6.0-windows\zsmartclient_unittest.dll" id="018fb1d0-368a-28a4-c323-ba8d6e4a76b9">
      <TestCategory>
        <TestCategoryItem TestCategory="Managers" />
      </TestCategory>
      <Execution id="d414cb9d-0fad-4b6e-bb2b-16d5cf86fe36" />
      <TestMethod codeBase="D:\actions-runner\_work\XPCO\XPCO\AllSolutions\..\SC\Components\RemoteViewer\SmartClient\tst\zSmartClient_UnitTest\bin\x64\Debug\net6.0-windows\zSmartClient_UnitTest.dll" adapterTypeName="executor://mstestadapter/v2" className="SmartClient_UnitTest.VideoOS.RemoteClient.Application.Managers.ExportManagerTests" name="AddToExportTuples_ShouldAddToExportData" />
    </UnitTest>
    <UnitTest name="AddGetConfigurationMicrophoneTest" storage="d:\actions-runner\_work\xpco\xpco\allsolutions\..\sc\components\remoteviewer\smartclient\tst\zsmartclient_unittest\bin\x64\debug\net6.0-windows\zsmartclient_unittest.dll" id="dfccc8b7-199c-9ea3-3acb-490aa9ca096b">
      <Execution id="f4d6ed63-8786-4be8-afd8-cc2780c6abcf" />
      <TestMethod codeBase="D:\actions-runner\_work\XPCO\XPCO\AllSolutions\..\SC\Components\RemoteViewer\SmartClient\tst\zSmartClient_UnitTest\bin\x64\Debug\net6.0-windows\zSmartClient_UnitTest.dll" adapterTypeName="executor://mstestadapter/v2" className="SmartClient_UnitTest.VideoOS.Shared.ServerAPI.IServerConfigurationTest" name="AddGetConfigurationMicrophoneTest" />
    </UnitTest>
    <UnitTest name="TryGetEventServerIdByACSystemId_ShouldReturnProperEventServerId_WhenEventServerIdIsPartOfServerConfiguredAccessControlSystemsDictionary" storage="d:\actions-runner\_work\xpco\xpco\allsolutions\..\sc\components\remoteviewer\smartclient\tst\zsmartclient_unittest\bin\x64\debug\net6.0-windows\zsmartclient_unittest.dll" id="e722e3a9-2981-c54f-b874-d266f762bbea">
      <TestCategory>
        <TestCategoryItem TestCategory="AccessControl" />
      </TestCategory>
      <Execution id="08c59a19-bc40-498d-b6cc-d91bb49007c4" />
      <TestMethod codeBase="D:\actions-runner\_work\XPCO\XPCO\AllSolutions\..\SC\Components\RemoteViewer\SmartClient\tst\zSmartClient_UnitTest\bin\x64\Debug\net6.0-windows\zSmartClient_UnitTest.dll" adapterTypeName="executor://mstestadapter/v2" className="SmartClient_UnitTest.VideoOS.RemoteClient.AccessControl.AccessControlLoginInfoTests" name="TryGetEventServerIdByACSystemId_ShouldReturnProperEventServerId_WhenEventServerIdIsPartOfServerConfiguredAccessControlSystemsDictionary" />
    </UnitTest>
    <UnitTest name="BeginTime_ShouldBeSetToValueOfSearchResult" storage="d:\actions-runner\_work\xpco\xpco\allsolutions\..\sc\components\remoteviewer\smartclient\tst\zsmartclient_unittest\bin\x64\debug\net6.0-windows\zsmartclient_unittest.dll" id="17258b23-ff23-da1c-73fb-351e418fb581">
      <TestCategory>
        <TestCategoryItem TestCategory="Search.Wrappers" />
      </TestCategory>
      <Execution id="d6f34023-d8a5-4ac4-a6f1-a3ea10ae33d6" />
      <TestMethod codeBase="D:\actions-runner\_work\XPCO\XPCO\AllSolutions\..\SC\Components\RemoteViewer\SmartClient\tst\zSmartClient_UnitTest\bin\x64\Debug\net6.0-windows\zSmartClient_UnitTest.dll" adapterTypeName="executor://mstestadapter/v2" className="SmartClient_UnitTest.VideoOS.RemoteClient.Plugin.CentralizedSearch.Models.Wrappers.SearchResultDataWrapperTests" name="BeginTime_ShouldBeSetToValueOfSearchResult" />
    </UnitTest>
    <UnitTest name="TestForAssemblyCoverage" storage="d:\actions-runner\_work\xpco\xpco\allsolutions\..\sc\components\remoteviewer\smartclient\tst\zsmartclient_unittest\bin\x64\debug\net6.0-windows\zsmartclient_unittest.dll" id="332d7c0b-99e9-8913-1359-6d2df137b355">
      <Execution id="7a822e49-3c60-4de5-8d1b-e2439c73b4b1" />
      <TestMethod codeBase="D:\actions-runner\_work\XPCO\XPCO\AllSolutions\..\SC\Components\RemoteViewer\SmartClient\tst\zSmartClient_UnitTest\bin\x64\Debug\net6.0-windows\zSmartClient_UnitTest.dll" adapterTypeName="executor://mstestadapter/v2" className="SmartClient_UnitTest.VideoOS.RemoteClient.Plugin.VideoWall.UnitTest1" name="TestForAssemblyCoverage" />
    </UnitTest>
    <UnitTest name="GetGuidProviderStrategyByEventServerId_ShouldReturnOneSHA1Strategy_WhenEventServerIdIsFipsCompliant" storage="d:\actions-runner\_work\xpco\xpco\allsolutions\..\sc\components\remoteviewer\smartclient\tst\zsmartclient_unittest\bin\x64\debug\net6.0-windows\zsmartclient_unittest.dll" id="d5b52bb5-55cf-dc85-f26b-7b0562d6b30f">
      <TestCategory>
        <TestCategoryItem TestCategory="AccessControl.Services" />
      </TestCategory>
      <Execution id="af94e849-e877-4fba-ba84-7de43fa7899e" />
      <TestMethod codeBase="D:\actions-runner\_work\XPCO\XPCO\AllSolutions\..\SC\Components\RemoteViewer\SmartClient\tst\zSmartClient_UnitTest\bin\x64\Debug\net6.0-windows\zSmartClient_UnitTest.dll" adapterTypeName="executor://mstestadapter/v2" className="SmartClient_UnitTest.VideoOS.RemoteClient.AccessControl.Services.AccessControlGuidProviderTests" name="GetGuidProviderStrategyByEventServerId_ShouldReturnOneSHA1Strategy_WhenEventServerIdIsFipsCompliant" />
    </UnitTest>
    <UnitTest name="Toolbar_IsNotVisible_WhenNotInLiveOrPlayback" storage="d:\actions-runner\_work\xpco\xpco\allsolutions\..\sc\components\remoteviewer\smartclient\tst\zsmartclient_unittest\bin\x64\debug\net6.0-windows\zsmartclient_unittest.dll" id="f97a9c11-337a-9db0-c57e-d2aa1b5d357d">
      <TestCategory>
        <TestCategoryItem TestCategory="WorkspaceToolbar" />
      </TestCategory>
      <Execution id="1ac8b26d-d07f-4a70-bc11-9803225262cb" />
      <TestMethod codeBase="D:\actions-runner\_work\XPCO\XPCO\AllSolutions\..\SC\Components\RemoteViewer\SmartClient\tst\zSmartClient_UnitTest\bin\x64\Debug\net6.0-windows\zSmartClient_UnitTest.dll" adapterTypeName="executor://mstestadapter/v2" className="SmartClient_UnitTest.VideoOS.RemoteClient.Application.UI.Content.WorkspaceToolbar.WorkspaceToolbarViewModelTests" name="Toolbar_IsNotVisible_WhenNotInLiveOrPlayback" />
    </UnitTest>
    <UnitTest name="GetServer_ShouldReturnCorrectServerTest" storage="d:\actions-runner\_work\xpco\xpco\allsolutions\..\sc\components\remoteviewer\smartclient\tst\zsmartclient_unittest\bin\x64\debug\net6.0-windows\zsmartclient_unittest.dll" id="c1617589-7ab5-2785-7153-f5d42b13af57">
      <Execution id="a3f4640a-29b5-430a-9188-03e1e2dd09f2" />
      <TestMethod codeBase="D:\actions-runner\_work\XPCO\XPCO\AllSolutions\..\SC\Components\RemoteViewer\SmartClient\tst\zSmartClient_UnitTest\bin\x64\Debug\net6.0-windows\zSmartClient_UnitTest.dll" adapterTypeName="executor://mstestadapter/v2" className="SmartClient_UnitTest.VideoOS.RemoteClient.Application.Data.ContentTypes.ReportingContentType.DashboardDetailsProviderTest" name="GetServer_ShouldReturnCorrectServerTest" />
    </UnitTest>
    <UnitTest name="Parse_AttributeMissing_SuccessWithWarning" storage="d:\actions-runner\_work\xpco\xpco\allsolutions\..\sc\components\remoteviewer\smartclient\tst\zsmartclient_unittest\bin\x64\debug\net6.0-windows\zsmartclient_unittest.dll" id="957f9b92-e025-9215-a70c-c67cce904d02">
      <Execution id="5e4908ea-e1b4-40b4-9cfd-b24102ec687f" />
      <TestMethod codeBase="D:\actions-runner\_work\XPCO\XPCO\AllSolutions\..\SC\Components\RemoteViewer\SmartClient\tst\zSmartClient_UnitTest\bin\x64\Debug\net6.0-windows\zSmartClient_UnitTest.dll" adapterTypeName="executor://mstestadapter/v2" className="SmartClient_UnitTest.VideoOS.RemoteClient.Application.PerformanceCounters.ConfigurationTests" name="Parse_AttributeMissing_SuccessWithWarning" />
    </UnitTest>
    <UnitTest name="SearchResultsActionBarActions_MipActionSpecificallySupportsOneAndNotTheOtherSelectedSearchResult_ActionEnabled" storage="d:\actions-runner\_work\xpco\xpco\allsolutions\..\sc\components\remoteviewer\smartclient\tst\zsmartclient_unittest\bin\x64\debug\net6.0-windows\zsmartclient_unittest.dll" id="dbcf26cf-e43a-3a61-c59e-b7d73dca07b5">
      <TestCategory>
        <TestCategoryItem TestCategory="SearchResultActionBarViewModel" />
      </TestCategory>
      <Execution id="cc40263e-0e78-453f-a474-4e9f686c3d4d" />
      <TestMethod codeBase="D:\actions-runner\_work\XPCO\XPCO\AllSolutions\..\SC\Components\RemoteViewer\SmartClient\tst\zSmartClient_UnitTest\bin\x64\Debug\net6.0-windows\zSmartClient_UnitTest.dll" adapterTypeName="executor://mstestadapter/v2" className="SmartClient_UnitTest.VideoOS.RemoteClient.Plugin.CentralizedSearch.ViewModels.SearchResultsActionBarViewModelTest" name="SearchResultsActionBarActions_MipActionSpecificallySupportsOneAndNotTheOtherSelectedSearchResult_ActionEnabled" />
    </UnitTest>
    <UnitTest name="MonitorLiveState_Serialize_Success" storage="d:\actions-runner\_work\xpco\xpco\allsolutions\..\sc\components\remoteviewer\smartclient\tst\zsmartclient_unittest\bin\x64\debug\net6.0-windows\zsmartclient_unittest.dll" id="d48c488e-fbbb-1e36-d1b4-d630148880b0">
      <Execution id="bf81398c-04c7-4d7f-a56b-b48c98fbf2d1" />
      <TestMethod codeBase="D:\actions-runner\_work\XPCO\XPCO\AllSolutions\..\SC\Components\RemoteViewer\SmartClient\tst\zSmartClient_UnitTest\bin\x64\Debug\net6.0-windows\zSmartClient_UnitTest.dll" adapterTypeName="executor://mstestadapter/v2" className="SmartClient_UnitTest.VideoOS.RemoteClient.Data.VideoWall.MonitorStateTests" name="MonitorLiveState_Serialize_Success" />
    </UnitTest>
    <UnitTest name="DeleteItems_ShouldOnlyHandleMipMapItems_WhenCalled" storage="d:\actions-runner\_work\xpco\xpco\allsolutions\..\sc\components\remoteviewer\smartclient\tst\zsmartclient_unittest\bin\x64\debug\net6.0-windows\zsmartclient_unittest.dll" id="234ad1b4-c3ca-386c-029e-422d8061eab6">
      <Execution id="de4ba5f4-3e95-4def-903e-6da19a3ab738" />
      <TestMethod codeBase="D:\actions-runner\_work\XPCO\XPCO\AllSolutions\..\SC\Components\RemoteViewer\SmartClient\tst\zSmartClient_UnitTest\bin\x64\Debug\net6.0-windows\zSmartClient_UnitTest.dll" adapterTypeName="executor://mstestadapter/v2" className="SmartClient_UnitTest.VideoOS.RemoteClient.GisMapData.MapLayers.MipItemsMapLayerTests" name="DeleteItems_ShouldOnlyHandleMipMapItems_WhenCalled" />
    </UnitTest>
    <UnitTest name="ReorderLevels123to312_Success" storage="d:\actions-runner\_work\xpco\xpco\allsolutions\..\sc\components\remoteviewer\smartclient\tst\zsmartclient_unittest\bin\x64\debug\net6.0-windows\zsmartclient_unittest.dll" id="24643fe7-0bf9-5382-835f-f9f91ed814f3">
      <TestCategory>
        <TestCategoryItem TestCategory="GisMapBuilding" />
      </TestCategory>
      <Execution id="81d3017d-7410-439e-99ab-fad22fe041c8" />
      <TestMethod codeBase="D:\actions-runner\_work\XPCO\XPCO\AllSolutions\..\SC\Components\RemoteViewer\SmartClient\tst\zSmartClient_UnitTest\bin\x64\Debug\net6.0-windows\zSmartClient_UnitTest.dll" adapterTypeName="executor://mstestadapter/v2" className="SmartClient_UnitTest.VideoOS.RemoteClient.GisMap.MapBuildingTests" name="ReorderLevels123to312_Success" />
    </UnitTest>
    <UnitTest name="Ctor_ShouldThrowException_WhenCredentialsAreNull" storage="d:\actions-runner\_work\xpco\xpco\allsolutions\..\sc\components\remoteviewer\smartclient\tst\zsmartclient_unittest\bin\x64\debug\net6.0-windows\zsmartclient_unittest.dll" id="45464de9-2088-da3a-85ed-a8a4fecb083d">
      <TestCategory>
        <TestCategoryItem TestCategory="Authentication.ClientCredentials" />
      </TestCategory>
      <Execution id="062d445c-d1b2-4985-b7bd-9ef5f181885d" />
      <TestMethod codeBase="D:\actions-runner\_work\XPCO\XPCO\AllSolutions\..\SC\Components\RemoteViewer\SmartClient\tst\zSmartClient_UnitTest\bin\x64\Debug\net6.0-windows\zSmartClient_UnitTest.dll" adapterTypeName="executor://mstestadapter/v2" className="SmartClient_UnitTest.VideoOS.Shared.ServerAPI.ClientCredentialsTest" name="Ctor_ShouldThrowException_WhenCredentialsAreNull" />
    </UnitTest>
    <UnitTest name="Deserialize_ManagerUnableToCreateSearchDefinition_Error" storage="d:\actions-runner\_work\xpco\xpco\allsolutions\..\sc\components\remoteviewer\smartclient\tst\zsmartclient_unittest\bin\x64\debug\net6.0-windows\zsmartclient_unittest.dll" id="d77fa2b3-cd91-4a80-9070-a6c107df2662">
      <TestCategory>
        <TestCategoryItem TestCategory="SearchSerialization" />
      </TestCategory>
      <Execution id="e7ec022d-0b58-4178-a6c9-cdb7fe449a2b" />
      <TestMethod codeBase="D:\actions-runner\_work\XPCO\XPCO\AllSolutions\..\SC\Components\RemoteViewer\SmartClient\tst\zSmartClient_UnitTest\bin\x64\Debug\net6.0-windows\zSmartClient_UnitTest.dll" adapterTypeName="executor://mstestadapter/v2" className="SmartClient_UnitTest.VideoOS.RemoteClient.Plugin.CentralizedSearch.Models.Serialization.SearchSerializerTests" name="Deserialize_ManagerUnableToCreateSearchDefinition_Error" />
    </UnitTest>
    <UnitTest name="Parse_TwoHours_Success" storage="d:\actions-runner\_work\xpco\xpco\allsolutions\..\sc\components\remoteviewer\smartclient\tst\zsmartclient_unittest\bin\x64\debug\net6.0-windows\zsmartclient_unittest.dll" id="780b91d2-0044-d042-dc26-f60de2f5b427">
      <TestCategory>
        <TestCategoryItem TestCategory="Search" />
      </TestCategory>
      <Execution id="78d090aa-7f26-4d5c-9410-546e1d979c84" />
      <TestMethod codeBase="D:\actions-runner\_work\XPCO\XPCO\AllSolutions\..\SC\Components\RemoteViewer\SmartClient\tst\zSmartClient_UnitTest\bin\x64\Debug\net6.0-windows\zSmartClient_UnitTest.dll" adapterTypeName="executor://mstestadapter/v2" className="SmartClient_UnitTest.VideoOS.RemoteClient.Plugin.CentralizedSearch.Models.ScopeDurationTests" name="Parse_TwoHours_Success" />
    </UnitTest>
    <UnitTest name="Edit_Is_Enabled_When_Both_Update_And_Create_Rights_Present" storage="d:\actions-runner\_work\xpco\xpco\allsolutions\..\sc\components\remoteviewer\smartclient\tst\zsmartclient_unittest\bin\x64\debug\net6.0-windows\zsmartclient_unittest.dll" id="7e7082ae-fc95-11b5-f109-06c5d9d16b4c">
      <Execution id="d6682cce-c6a4-423c-a7cc-1c0a55e42818" />
      <TestMethod codeBase="D:\actions-runner\_work\XPCO\XPCO\AllSolutions\..\SC\Components\RemoteViewer\SmartClient\tst\zSmartClient_UnitTest\bin\x64\Debug\net6.0-windows\zSmartClient_UnitTest.dll" adapterTypeName="executor://mstestadapter/v2" className="SmartClient_UnitTest.VideoOS.RemoteClient.Application.Components.EvidenceLock.EvidenceLockEditModeUserRightTests" name="Edit_Is_Enabled_When_Both_Update_And_Create_Rights_Present" />
    </UnitTest>
    <UnitTest name="BuildMapOptions_ShouldHandleSecretStringOptionsCorrectly (GisMapBingMapKey,,False)" storage="d:\actions-runner\_work\xpco\xpco\allsolutions\..\sc\components\remoteviewer\smartclient\tst\zsmartclient_unittest\bin\x64\debug\net6.0-windows\zsmartclient_unittest.dll" id="a43f900e-4fec-3e1d-f2a5-059d8a29dd3c">
      <Execution id="a27dfd14-c64c-48e3-b11e-3ccf797a47b3" />
      <TestMethod codeBase="D:\actions-runner\_work\XPCO\XPCO\AllSolutions\..\SC\Components\RemoteViewer\SmartClient\tst\zSmartClient_UnitTest\bin\x64\Debug\net6.0-windows\zSmartClient_UnitTest.dll" adapterTypeName="executor://mstestadapter/v2" className="SmartClient_UnitTest.VideoOS.RemoteClient.Application.Common.Telemetry.TelemetryBuilderTests" name="BuildMapOptions_ShouldHandleSecretStringOptionsCorrectly" />
    </UnitTest>
    <UnitTest name="UpdateScope_RelativeScopeDurationFromTimeChanged_ReturnsFalse" storage="d:\actions-runner\_work\xpco\xpco\allsolutions\..\sc\components\remoteviewer\smartclient\tst\zsmartclient_unittest\bin\x64\debug\net6.0-windows\zsmartclient_unittest.dll" id="dc781f78-aa42-d9b1-8797-d2b3767e846c">
      <TestCategory>
        <TestCategoryItem TestCategory="SearchModels" />
      </TestCategory>
      <Execution id="24478af3-9939-482e-b425-a92a99456d22" />
      <TestMethod codeBase="D:\actions-runner\_work\XPCO\XPCO\AllSolutions\..\SC\Components\RemoteViewer\SmartClient\tst\zSmartClient_UnitTest\bin\x64\Debug\net6.0-windows\zSmartClient_UnitTest.dll" adapterTypeName="executor://mstestadapter/v2" className="SmartClient_UnitTest.VideoOS.RemoteClient.Plugin.CentralizedSearch.Models.SearchScopeTests" name="UpdateScope_RelativeScopeDurationFromTimeChanged_ReturnsFalse" />
    </UnitTest>
    <UnitTest name="ShouldReturnFalseWhenScaleChangedButOverlayTypeIsNotRedraw" storage="d:\actions-runner\_work\xpco\xpco\allsolutions\..\sc\components\remoteviewer\smartclient\tst\zsmartclient_unittest\bin\x64\debug\net6.0-windows\zsmartclient_unittest.dll" id="31ae9737-3293-daff-e7b1-357b7daf0b9b">
      <TestCategory>
        <TestCategoryItem TestCategory="MipItemsUpdateStrategy" />
      </TestCategory>
      <Execution id="32771779-931f-4506-ac01-65742c6ff4eb" />
      <TestMethod codeBase="D:\actions-runner\_work\XPCO\XPCO\AllSolutions\..\SC\Components\RemoteViewer\SmartClient\tst\zSmartClient_UnitTest\bin\x64\Debug\net6.0-windows\zSmartClient_UnitTest.dll" adapterTypeName="executor://mstestadapter/v2" className="SmartClient_UnitTest.VideoOS.RemoteClient.Plugin.GisMap.MIP.MipItemsUpdateStrategyTests" name="ShouldReturnFalseWhenScaleChangedButOverlayTypeIsNotRedraw" />
    </UnitTest>
    <UnitTest name="ManualRecordingInfoDto_ShouldYieldSameValues_WhenRoundTripConverted" storage="d:\actions-runner\_work\xpco\xpco\allsolutions\..\sc\components\remoteviewer\smartclient\tst\zsmartclient_unittest\bin\x64\debug\net6.0-windows\zsmartclient_unittest.dll" id="d33238ac-1e47-b12a-5f1e-c0efc2aabbf1">
      <TestCategory>
        <TestCategoryItem TestCategory="RecorderProxyToDtoMapping" />
      </TestCategory>
      <Execution id="18b11336-cc64-4072-9ccd-9dc3bc10aebd" />
      <TestMethod codeBase="D:\actions-runner\_work\XPCO\XPCO\AllSolutions\..\SC\Components\RemoteViewer\SmartClient\tst\zSmartClient_UnitTest\bin\x64\Debug\net6.0-windows\zSmartClient_UnitTest.dll" adapterTypeName="executor://mstestadapter/v2" className="VideoOS.Shared.ServerAPI.SOAP.RecorderClientMappingTests" name="ManualRecordingInfoDto_ShouldYieldSameValues_WhenRoundTripConverted" />
    </UnitTest>
    <UnitTest name="SmartMapSelectItemHandler_WhenItemCanNotBeFound_ShouldWriteToLog" storage="d:\actions-runner\_work\xpco\xpco\allsolutions\..\sc\components\remoteviewer\smartclient\tst\zsmartclient_unittest\bin\x64\debug\net6.0-windows\zsmartclient_unittest.dll" id="63f149e4-246e-312e-204b-29ba70cef87d">
      <Execution id="d0253cd9-1a6f-478f-940b-3e64bbd228b7" />
      <TestMethod codeBase="D:\actions-runner\_work\XPCO\XPCO\AllSolutions\..\SC\Components\RemoteViewer\SmartClient\tst\zSmartClient_UnitTest\bin\x64\Debug\net6.0-windows\zSmartClient_UnitTest.dll" adapterTypeName="executor://mstestadapter/v2" className="SmartClient_UnitTest.VideoOS.RemoteClient.Plugin.GisMap.MIP.ContentHolderMipMessageManagerTests" name="SmartMapSelectItemHandler_WhenItemCanNotBeFound_ShouldWriteToLog" />
    </UnitTest>
    <UnitTest name="GetPassword_ShouldReturnPasswordPartOfNetworkCredentials_WhenNetworkCredentialsContainsAPassword" storage="d:\actions-runner\_work\xpco\xpco\allsolutions\..\sc\components\remoteviewer\smartclient\tst\zsmartclient_unittest\bin\x64\debug\net6.0-windows\zsmartclient_unittest.dll" id="1c883c92-bef7-61b1-c07f-4369319c74ff">
      <TestCategory>
        <TestCategoryItem TestCategory="Authentication.ClientCredentials" />
      </TestCategory>
      <Execution id="b31f5a24-1424-4e54-bb43-b196c9111568" />
      <TestMethod codeBase="D:\actions-runner\_work\XPCO\XPCO\AllSolutions\..\SC\Components\RemoteViewer\SmartClient\tst\zSmartClient_UnitTest\bin\x64\Debug\net6.0-windows\zSmartClient_UnitTest.dll" adapterTypeName="executor://mstestadapter/v2" className="SmartClient_UnitTest.VideoOS.Shared.ServerAPI.ClientCredentialsTest" name="GetPassword_ShouldReturnPasswordPartOfNetworkCredentials_WhenNetworkCredentialsContainsAPassword" />
    </UnitTest>
    <UnitTest name="CreateSearchDefinition_FactoryInvokedWithCorrectParameters" storage="d:\actions-runner\_work\xpco\xpco\allsolutions\..\sc\components\remoteviewer\smartclient\tst\zsmartclient_unittest\bin\x64\debug\net6.0-windows\zsmartclient_unittest.dll" id="bd1c2cab-1265-633f-739a-62f24eef82f7">
      <TestCategory>
        <TestCategoryItem TestCategory="Search" />
      </TestCategory>
      <Execution id="388ca8ea-3dac-4bb3-8485-1a2b9ad8001e" />
      <TestMethod codeBase="D:\actions-runner\_work\XPCO\XPCO\AllSolutions\..\SC\Components\RemoteViewer\SmartClient\tst\zSmartClient_UnitTest\bin\x64\Debug\net6.0-windows\zSmartClient_UnitTest.dll" adapterTypeName="executor://mstestadapter/v2" className="SmartClient_UnitTest.VideoOS.RemoteClient.Plugin.CentralizedSearch.MIPPlugin.CompositeSearchAgentTests" name="CreateSearchDefinition_FactoryInvokedWithCorrectParameters" />
    </UnitTest>
    <UnitTest name="LoadBoundingShapes_EllipseShape_AddedToUIAndSizedCorrectly" storage="d:\actions-runner\_work\xpco\xpco\allsolutions\..\sc\components\remoteviewer\smartclient\tst\zsmartclient_unittest\bin\x64\debug\net6.0-windows\zsmartclient_unittest.dll" id="b99d652b-8f29-0344-acef-87a042a63281">
      <Execution id="f371fbca-32fc-43a5-98e7-ad6ae2ad3f72" />
      <TestMethod codeBase="D:\actions-runner\_work\XPCO\XPCO\AllSolutions\..\SC\Components\RemoteViewer\SmartClient\tst\zSmartClient_UnitTest\bin\x64\Debug\net6.0-windows\zSmartClient_UnitTest.dll" adapterTypeName="executor://mstestadapter/v2" className="SmartClient_UnitTest.VideoOS.RemoteClient.Plugin.CentralizedSearch.MIPPlugin.Results.VideoSearchResultUserControlTests" name="LoadBoundingShapes_EllipseShape_AddedToUIAndSizedCorrectly" />
    </UnitTest>
    <UnitTest name="AddLevel_Success" storage="d:\actions-runner\_work\xpco\xpco\allsolutions\..\sc\components\remoteviewer\smartclient\tst\zsmartclient_unittest\bin\x64\debug\net6.0-windows\zsmartclient_unittest.dll" id="2c45a0c4-a819-6921-a82a-e9167bcfa09d">
      <TestCategory>
        <TestCategoryItem TestCategory="GisMapBuilding" />
      </TestCategory>
      <Execution id="e20055f0-ec55-4d48-aadf-9cdafad65657" />
      <TestMethod codeBase="D:\actions-runner\_work\XPCO\XPCO\AllSolutions\..\SC\Components\RemoteViewer\SmartClient\tst\zSmartClient_UnitTest\bin\x64\Debug\net6.0-windows\zSmartClient_UnitTest.dll" adapterTypeName="executor://mstestadapter/v2" className="SmartClient_UnitTest.VideoOS.RemoteClient.GisMapData.MapBuildings.MapLevelTests" name="AddLevel_Success" />
    </UnitTest>
    <UnitTest name="OnMarkerRightClicked_ShouldUseCrossTypeMenuItems_WhenMultipleItemsFromDifferentLayersAreSelected" storage="d:\actions-runner\_work\xpco\xpco\allsolutions\..\sc\components\remoteviewer\smartclient\tst\zsmartclient_unittest\bin\x64\debug\net6.0-windows\zsmartclient_unittest.dll" id="e2466cfc-7e0f-fee8-93df-e8c746cb8a63">
      <TestCategory>
        <TestCategoryItem TestCategory="SmartMap.MapItemsOverlay" />
      </TestCategory>
      <Execution id="0cd83713-45f2-4e26-b6a2-751a2d54b597" />
      <TestMethod codeBase="D:\actions-runner\_work\XPCO\XPCO\AllSolutions\..\SC\Components\RemoteViewer\SmartClient\tst\zSmartClient_UnitTest\bin\x64\Debug\net6.0-windows\zSmartClient_UnitTest.dll" adapterTypeName="executor://mstestadapter/v2" className="SmartClient_UnitTest.VideoOS.RemoteClient.Plugin.GisMap.ThinkGeoMap.SpecializedOverlays.Overlays.MapItemsOverlayTests" name="OnMarkerRightClicked_ShouldUseCrossTypeMenuItems_WhenMultipleItemsFromDifferentLayersAreSelected" />
    </UnitTest>
    <UnitTest name="SupportsDoubleClick_ShouldBeTrue_WhenInteractionStateIsNormal" storage="d:\actions-runner\_work\xpco\xpco\allsolutions\..\sc\components\remoteviewer\smartclient\tst\zsmartclient_unittest\bin\x64\debug\net6.0-windows\zsmartclient_unittest.dll" id="6800db71-c8bd-80f4-55c4-def277b5aa8f">
      <TestCategory>
        <TestCategoryItem TestCategory="GisMap.CameraMarker" />
      </TestCategory>
      <Execution id="0ecbf2d8-69a0-476c-9278-e4aec2b2068c" />
      <TestMethod codeBase="D:\actions-runner\_work\XPCO\XPCO\AllSolutions\..\SC\Components\RemoteViewer\SmartClient\tst\zSmartClient_UnitTest\bin\x64\Debug\net6.0-windows\zSmartClient_UnitTest.dll" adapterTypeName="executor://mstestadapter/v2" className="SmartClient_UnitTest.VideoOS.RemoteClient.Plugin.GisMap.ThinkGeoMap.Markers.DeviceMarkers.CameraMarker.CameraMarkerTests" name="SupportsDoubleClick_ShouldBeTrue_WhenInteractionStateIsNormal" />
    </UnitTest>
    <UnitTest name="IsSuperCluster_ShouldReturnFalse_WhenMapItemsClusterIsNull" storage="d:\actions-runner\_work\xpco\xpco\allsolutions\..\sc\components\remoteviewer\smartclient\tst\zsmartclient_unittest\bin\x64\debug\net6.0-windows\zsmartclient_unittest.dll" id="3faa4dab-caeb-2298-7011-c6556cbbddc1">
      <TestCategory>
        <TestCategoryItem TestCategory="GisMap.ClusterMarkerTests" />
      </TestCategory>
      <Execution id="54d6f008-72c3-4383-820e-acf0bd026d99" />
      <TestMethod codeBase="D:\actions-runner\_work\XPCO\XPCO\AllSolutions\..\SC\Components\RemoteViewer\SmartClient\tst\zSmartClient_UnitTest\bin\x64\Debug\net6.0-windows\zSmartClient_UnitTest.dll" adapterTypeName="executor://mstestadapter/v2" className="SmartClient_UnitTest.VideoOS.RemoteClient.Plugin.GisMap.ThinkGeoMap.Markers.DeviceMarkers.ClusterMarker.ClusterMarkerTests" name="IsSuperCluster_ShouldReturnFalse_WhenMapItemsClusterIsNull" />
    </UnitTest>
    <UnitTest name="DisplayErrorOnNotificationArea_UnauthorizedDeviceAccessSearchError_Success" storage="d:\actions-runner\_work\xpco\xpco\allsolutions\..\sc\components\remoteviewer\smartclient\tst\zsmartclient_unittest\bin\x64\debug\net6.0-windows\zsmartclient_unittest.dll" id="903b9858-a52e-2d97-0254-7f3a20fa6f17">
      <TestCategory>
        <TestCategoryItem TestCategory="SearchViewModels" />
      </TestCategory>
      <Execution id="0bec457a-8afa-4704-862d-d96b81603eb3" />
      <TestMethod codeBase="D:\actions-runner\_work\XPCO\XPCO\AllSolutions\..\SC\Components\RemoteViewer\SmartClient\tst\zSmartClient_UnitTest\bin\x64\Debug\net6.0-windows\zSmartClient_UnitTest.dll" adapterTypeName="executor://mstestadapter/v2" className="SmartClient_UnitTest.VideoOS.RemoteClient.Plugin.CentralizedSearch.ViewModels.SearchViewModelTests" name="DisplayErrorOnNotificationArea_UnauthorizedDeviceAccessSearchError_Success" />
    </UnitTest>
    <UnitTest name="SupportsRightClick_ShouldBeTrue_WhenInteractionStateIsNormal" storage="d:\actions-runner\_work\xpco\xpco\allsolutions\..\sc\components\remoteviewer\smartclient\tst\zsmartclient_unittest\bin\x64\debug\net6.0-windows\zsmartclient_unittest.dll" id="7e58be8f-9941-69cb-e59f-eb5323ed9f2d">
      <TestCategory>
        <TestCategoryItem TestCategory="GisMap.CameraMarker" />
      </TestCategory>
      <Execution id="3e541096-937c-4d83-8a82-171d9dcb9ec2" />
      <TestMethod codeBase="D:\actions-runner\_work\XPCO\XPCO\AllSolutions\..\SC\Components\RemoteViewer\SmartClient\tst\zSmartClient_UnitTest\bin\x64\Debug\net6.0-windows\zSmartClient_UnitTest.dll" adapterTypeName="executor://mstestadapter/v2" className="SmartClient_UnitTest.VideoOS.RemoteClient.Plugin.GisMap.ThinkGeoMap.Markers.DeviceMarkers.CameraMarker.CameraMarkerTests" name="SupportsRightClick_ShouldBeTrue_WhenInteractionStateIsNormal" />
    </UnitTest>
    <UnitTest name="Serialize_ShouldNotSerializeCombineType_WhenNotPresentInData" storage="d:\actions-runner\_work\xpco\xpco\allsolutions\..\sc\components\remoteviewer\smartclient\tst\zsmartclient_unittest\bin\x64\debug\net6.0-windows\zsmartclient_unittest.dll" id="69439449-9ebe-29e2-c62e-065951471c5d">
      <TestCategory>
        <TestCategoryItem TestCategory="SearchSerialization" />
      </TestCategory>
      <Execution id="d232df05-3b5e-40f9-9023-c47d9eb88357" />
      <TestMethod codeBase="D:\actions-runner\_work\XPCO\XPCO\AllSolutions\..\SC\Components\RemoteViewer\SmartClient\tst\zSmartClient_UnitTest\bin\x64\Debug\net6.0-windows\zSmartClient_UnitTest.dll" adapterTypeName="executor://mstestadapter/v2" className="SmartClient_UnitTest.VideoOS.RemoteClient.Plugin.CentralizedSearch.Models.Serialization.SearchSerializerTests" name="Serialize_ShouldNotSerializeCombineType_WhenNotPresentInData" />
    </UnitTest>
    <UnitTest name="GetMetadataObjectsAsync_ShouldIgnoreNullMetadataObjectsCollectionFromSubResults" storage="d:\actions-runner\_work\xpco\xpco\allsolutions\..\sc\components\remoteviewer\smartclient\tst\zsmartclient_unittest\bin\x64\debug\net6.0-windows\zsmartclient_unittest.dll" id="f997409a-cc5a-67e4-b0e7-5e198ad107a1">
      <TestCategory>
        <TestCategoryItem TestCategory="Search.Wrappers" />
      </TestCategory>
      <Execution id="71ac170f-7dff-45c9-b7d9-6a1c46c09830" />
      <TestMethod codeBase="D:\actions-runner\_work\XPCO\XPCO\AllSolutions\..\SC\Components\RemoteViewer\SmartClient\tst\zSmartClient_UnitTest\bin\x64\Debug\net6.0-windows\zSmartClient_UnitTest.dll" adapterTypeName="executor://mstestadapter/v2" className="SmartClient_UnitTest.VideoOS.RemoteClient.Plugin.CentralizedSearch.Models.Wrappers.CombinedSearchResultDataWrapperTests" name="GetMetadataObjectsAsync_ShouldIgnoreNullMetadataObjectsCollectionFromSubResults" />
    </UnitTest>
    <UnitTest name="BoundingBoxLiveStartNoLiveOrPlaybackHandler" storage="d:\actions-runner\_work\xpco\xpco\allsolutions\..\sc\components\remoteviewer\smartclient\tst\zsmartclient_unittest\bin\x64\debug\net6.0-windows\zsmartclient_unittest.dll" id="134dc4da-478b-60fb-2dfc-b3d26508bd1a">
      <Execution id="fb49c03d-d7bf-45c1-9785-8c22b8c5f26b" />
      <TestMethod codeBase="D:\actions-runner\_work\XPCO\XPCO\AllSolutions\..\SC\Components\RemoteViewer\SmartClient\tst\zSmartClient_UnitTest\bin\x64\Debug\net6.0-windows\zSmartClient_UnitTest.dll" adapterTypeName="executor://mstestadapter/v2" className="SmartClient_UnitTest.VideoOS.RemoteClient.Application.Data.Metadata.BoundingBoxes.BoundingBoxProviderTest" name="BoundingBoxLiveStartNoLiveOrPlaybackHandler" />
    </UnitTest>
    <UnitTest name="Deserialize_ScopeOnly_ErrorReported" storage="d:\actions-runner\_work\xpco\xpco\allsolutions\..\sc\components\remoteviewer\smartclient\tst\zsmartclient_unittest\bin\x64\debug\net6.0-windows\zsmartclient_unittest.dll" id="fca58915-8fae-a999-eb21-fb7a250b2818">
      <TestCategory>
        <TestCategoryItem TestCategory="SearchModels" />
      </TestCategory>
      <Execution id="6e60398b-7f25-448e-8048-7f5d11b9eb1d" />
      <TestMethod codeBase="D:\actions-runner\_work\XPCO\XPCO\AllSolutions\..\SC\Components\RemoteViewer\SmartClient\tst\zSmartClient_UnitTest\bin\x64\Debug\net6.0-windows\zSmartClient_UnitTest.dll" adapterTypeName="executor://mstestadapter/v2" className="SmartClient_UnitTest.VideoOS.RemoteClient.Plugin.CentralizedSearch.Models.SearchModelTests" name="Deserialize_ScopeOnly_ErrorReported" />
    </UnitTest>
    <UnitTest name="BoundingBoxPlaybackNoPlaybackHandler" storage="d:\actions-runner\_work\xpco\xpco\allsolutions\..\sc\components\remoteviewer\smartclient\tst\zsmartclient_unittest\bin\x64\debug\net6.0-windows\zsmartclient_unittest.dll" id="7540b45d-6ef8-10a5-03bf-82e202908376">
      <Execution id="2f8ffe31-9098-4227-9bb4-01c644d94c5a" />
      <TestMethod codeBase="D:\actions-runner\_work\XPCO\XPCO\AllSolutions\..\SC\Components\RemoteViewer\SmartClient\tst\zSmartClient_UnitTest\bin\x64\Debug\net6.0-windows\zSmartClient_UnitTest.dll" adapterTypeName="executor://mstestadapter/v2" className="SmartClient_UnitTest.VideoOS.RemoteClient.Application.Data.Metadata.BoundingBoxes.BoundingBoxProviderTest" name="BoundingBoxPlaybackNoPlaybackHandler" />
    </UnitTest>
    <UnitTest name="Included_ShouldAddViewItemToIncludedViewItems_WhenSetToTrue" storage="d:\actions-runner\_work\xpco\xpco\allsolutions\..\sc\components\remoteviewer\smartclient\tst\zsmartclient_unittest\bin\x64\debug\net6.0-windows\zsmartclient_unittest.dll" id="28b7e0ab-6c4a-f8e2-76d8-c7775c82dbd0">
      <TestCategory>
        <TestCategoryItem TestCategory="ContentHolder" />
      </TestCategory>
      <Execution id="ec726221-9e80-46e7-b537-d73bdfacd3c3" />
      <TestMethod codeBase="D:\actions-runner\_work\XPCO\XPCO\AllSolutions\..\SC\Components\RemoteViewer\SmartClient\tst\zSmartClient_UnitTest\bin\x64\Debug\net6.0-windows\zSmartClient_UnitTest.dll" adapterTypeName="executor://mstestadapter/v2" className="SmartClient_UnitTest.VideoOS.RemoteClient.Application.Data.ContentTypes.ContentTypeBase.ContentHolderBaseTests" name="Included_ShouldAddViewItemToIncludedViewItems_WhenSetToTrue" />
    </UnitTest>
    <UnitTest name="RaiseUpdateUnmutedMicrophonesAsync_ShouldUnmutedMicrophones_WhenEventIsRaised" storage="d:\actions-runner\_work\xpco\xpco\allsolutions\..\sc\components\remoteviewer\smartclient\tst\zsmartclient_unittest\bin\x64\debug\net6.0-windows\zsmartclient_unittest.dll" id="71d3bf04-2f4b-0825-76a5-fe6f8626ce91">
      <TestCategory>
        <TestCategoryItem TestCategory="GisMapAudioController" />
      </TestCategory>
      <Execution id="b2742b4c-1e0c-411f-b434-eb8752b49f09" />
      <TestMethod codeBase="D:\actions-runner\_work\XPCO\XPCO\AllSolutions\..\SC\Components\RemoteViewer\SmartClient\tst\zSmartClient_UnitTest\bin\x64\Debug\net6.0-windows\zSmartClient_UnitTest.dll" adapterTypeName="executor://mstestadapter/v2" className="SmartClient_UnitTest.VideoOS.RemoteClient.GisMapData.GisMapAudioControllerTests" name="RaiseUpdateUnmutedMicrophonesAsync_ShouldUnmutedMicrophones_WhenEventIsRaised" />
    </UnitTest>
    <UnitTest name="GisPointToIndexGridPosition_Milestone_Success" storage="d:\actions-runner\_work\xpco\xpco\allsolutions\..\sc\components\remoteviewer\smartclient\tst\zsmartclient_unittest\bin\x64\debug\net6.0-windows\zsmartclient_unittest.dll" id="6a126318-594d-0412-acf1-03ec27689761">
      <TestCategory>
        <TestCategoryItem TestCategory="GisMapIndex" />
      </TestCategory>
      <Execution id="e1afcc9f-920c-4358-a129-36e187c391b1" />
      <TestMethod codeBase="D:\actions-runner\_work\XPCO\XPCO\AllSolutions\..\SC\Components\RemoteViewer\SmartClient\tst\zSmartClient_UnitTest\bin\x64\Debug\net6.0-windows\zSmartClient_UnitTest.dll" adapterTypeName="executor://mstestadapter/v2" className="SmartClient_UnitTest.VideoOS.RemoteClient.GisMapData.Common.Indexer.IndexUtilTests" name="GisPointToIndexGridPosition_Milestone_Success" />
    </UnitTest>
    <UnitTest name="SelectTemplate_ListSelectionFilterConfiguration_LessThanThreeItems_ReturnsInlineTemplate" storage="d:\actions-runner\_work\xpco\xpco\allsolutions\..\sc\components\remoteviewer\smartclient\tst\zsmartclient_unittest\bin\x64\debug\net6.0-windows\zsmartclient_unittest.dll" id="fb732742-5469-4819-2a2e-a73e08e91605">
      <TestCategory>
        <TestCategoryItem TestCategory="SearchViews" />
      </TestCategory>
      <Execution id="1c1db329-cfce-4db4-acb6-c3397f120dba" />
      <TestMethod codeBase="D:\actions-runner\_work\XPCO\XPCO\AllSolutions\..\SC\Components\RemoteViewer\SmartClient\tst\zSmartClient_UnitTest\bin\x64\Debug\net6.0-windows\zSmartClient_UnitTest.dll" adapterTypeName="executor://mstestadapter/v2" className="SmartClient_UnitTest.VideoOS.RemoteClient.Plugin.CentralizedSearch.Views.AttributeEditControlTemplateSelectorTests" name="SelectTemplate_ListSelectionFilterConfiguration_LessThanThreeItems_ReturnsInlineTemplate" />
    </UnitTest>
    <UnitTest name="DisplayErrorOnNotificationArea_DuplicateResultSearchError_Success" storage="d:\actions-runner\_work\xpco\xpco\allsolutions\..\sc\components\remoteviewer\smartclient\tst\zsmartclient_unittest\bin\x64\debug\net6.0-windows\zsmartclient_unittest.dll" id="adafff31-7445-4899-a64a-9d78ba6fa82f">
      <TestCategory>
        <TestCategoryItem TestCategory="SearchViewModels" />
      </TestCategory>
      <Execution id="e0443197-285b-4020-88fd-1b5bf388bbe3" />
      <TestMethod codeBase="D:\actions-runner\_work\XPCO\XPCO\AllSolutions\..\SC\Components\RemoteViewer\SmartClient\tst\zSmartClient_UnitTest\bin\x64\Debug\net6.0-windows\zSmartClient_UnitTest.dll" adapterTypeName="executor://mstestadapter/v2" className="SmartClient_UnitTest.VideoOS.RemoteClient.Plugin.CentralizedSearch.ViewModels.SearchViewModelTests" name="DisplayErrorOnNotificationArea_DuplicateResultSearchError_Success" />
    </UnitTest>
    <UnitTest name="ToSafeName_SingleSafeName_Success" storage="d:\actions-runner\_work\xpco\xpco\allsolutions\..\sc\components\remoteviewer\smartclient\tst\zsmartclient_unittest\bin\x64\debug\net6.0-windows\zsmartclient_unittest.dll" id="df4fc108-b9f8-183e-9857-a0352a34d2c9">
      <Execution id="bcb378c0-36b2-4b33-a73e-94d1724af589" />
      <TestMethod codeBase="D:\actions-runner\_work\XPCO\XPCO\AllSolutions\..\SC\Components\RemoteViewer\SmartClient\tst\zSmartClient_UnitTest\bin\x64\Debug\net6.0-windows\zSmartClient_UnitTest.dll" adapterTypeName="executor://mstestadapter/v2" className="SmartClient_UnitTest.VideoOS.RemoteClient.Application.Common.Scripting.ReservedJavascriptKeywordsTests" name="ToSafeName_SingleSafeName_Success" />
    </UnitTest>
    <UnitTest name="Compare_Ascending_Success" storage="d:\actions-runner\_work\xpco\xpco\allsolutions\..\sc\components\remoteviewer\smartclient\tst\zsmartclient_unittest\bin\x64\debug\net6.0-windows\zsmartclient_unittest.dll" id="affa63ad-42e7-9452-c5a5-b0d4d8cb39a1">
      <TestCategory>
        <TestCategoryItem TestCategory="SearchComparers" />
      </TestCategory>
      <Execution id="4859274a-5690-43d9-bc13-b44b00dbf1c4" />
      <TestMethod codeBase="D:\actions-runner\_work\XPCO\XPCO\AllSolutions\..\SC\Components\RemoteViewer\SmartClient\tst\zSmartClient_UnitTest\bin\x64\Debug\net6.0-windows\zSmartClient_UnitTest.dll" adapterTypeName="executor://mstestadapter/v2" className="SmartClient_UnitTest.VideoOS.RemoteClient.Plugin.CentralizedSearch.Models.Wrappers.Comparers.TriggerTimeComparerTests" name="Compare_Ascending_Success" />
    </UnitTest>
    <UnitTest name="Both enabled, not forced" storage="d:\actions-runner\_work\xpco\xpco\allsolutions\..\sc\components\remoteviewer\smartclient\tst\zsmartclient_unittest\bin\x64\debug\net6.0-windows\zsmartclient_unittest.dll" id="4538bbe9-6c80-e720-7ee4-7c47011c9f08">
      <TestCategory>
        <TestCategoryItem TestCategory="Export" />
      </TestCategory>
      <Execution id="8f898722-a790-413a-b3a2-85cdd516ba01" />
      <TestMethod codeBase="D:\actions-runner\_work\XPCO\XPCO\AllSolutions\..\SC\Components\RemoteViewer\SmartClient\tst\zSmartClient_UnitTest\bin\x64\Debug\net6.0-windows\zSmartClient_UnitTest.dll" adapterTypeName="executor://mstestadapter/v2" className="SmartClient_UnitTest.VideoOS.RemoteClient.Plugin.Export.CreateExportDialogViewModelTests" name="CreateExportDialog_ExportDestinationSelectionEnabled_BasedOnOptions" />
    </UnitTest>
    <UnitTest name="ResultsAvailable_SomeResults_Success" storage="d:\actions-runner\_work\xpco\xpco\allsolutions\..\sc\components\remoteviewer\smartclient\tst\zsmartclient_unittest\bin\x64\debug\net6.0-windows\zsmartclient_unittest.dll" id="cd13bfee-f8b4-3d5e-a0f6-00049079c32f">
      <TestCategory>
        <TestCategoryItem TestCategory="SearchResultViewModels" />
      </TestCategory>
      <Execution id="92ebe5cd-0009-4ae0-905f-c19b11e38ba6" />
      <TestMethod codeBase="D:\actions-runner\_work\XPCO\XPCO\AllSolutions\..\SC\Components\RemoteViewer\SmartClient\tst\zSmartClient_UnitTest\bin\x64\Debug\net6.0-windows\zSmartClient_UnitTest.dll" adapterTypeName="executor://mstestadapter/v2" className="SmartClient_UnitTest.VideoOS.RemoteClient.Plugin.CentralizedSearch.ViewModels.SearchResultsViewModelTest" name="ResultsAvailable_SomeResults_Success" />
    </UnitTest>
    <UnitTest name="DeleteSearchTemplateAsync_Succeeds_Success" storage="d:\actions-runner\_work\xpco\xpco\allsolutions\..\sc\components\remoteviewer\smartclient\tst\zsmartclient_unittest\bin\x64\debug\net6.0-windows\zsmartclient_unittest.dll" id="20efb3d3-79c6-bd77-1370-aab1347bcb2b">
      <TestCategory>
        <TestCategoryItem TestCategory="SearchTemplates" />
      </TestCategory>
      <Execution id="5d77ea69-09f7-49f8-921b-3670690da9b5" />
      <TestMethod codeBase="D:\actions-runner\_work\XPCO\XPCO\AllSolutions\..\SC\Components\RemoteViewer\SmartClient\tst\zSmartClient_UnitTest\bin\x64\Debug\net6.0-windows\zSmartClient_UnitTest.dll" adapterTypeName="executor://mstestadapter/v2" className="SmartClient_UnitTest.VideoOS.RemoteClient.Plugin.CentralizedSearch.SearchTemplates.SearchTemplateManagerTests" name="DeleteSearchTemplateAsync_Succeeds_Success" />
    </UnitTest>
    <UnitTest name="IsServer_ShouldReturnTrue_WhenSingleServerGroupSelected" storage="d:\actions-runner\_work\xpco\xpco\allsolutions\..\sc\components\remoteviewer\smartclient\tst\zsmartclient_unittest\bin\x64\debug\net6.0-windows\zsmartclient_unittest.dll" id="df09f867-7de1-e38f-53d1-73f889393669">
      <Execution id="c5bcc422-9dbb-4440-a541-1a62a816d023" />
      <TestMethod codeBase="D:\actions-runner\_work\XPCO\XPCO\AllSolutions\..\SC\Components\RemoteViewer\SmartClient\tst\zSmartClient_UnitTest\bin\x64\Debug\net6.0-windows\zSmartClient_UnitTest.dll" adapterTypeName="executor://mstestadapter/v2" className="SmartClient_UnitTest.VideoOS.RemoteClient.Application.Data.ContentTypes.ReportingContentType.DashboardExtentionsTest" name="IsServer_ShouldReturnTrue_WhenSingleServerGroupSelected" />
    </UnitTest>
    <UnitTest name="SearchResultsReady_ShouldReturnUniqueResults_WhenSomeResultIdsAreDuplicated" storage="d:\actions-runner\_work\xpco\xpco\allsolutions\..\sc\components\remoteviewer\smartclient\tst\zsmartclient_unittest\bin\x64\debug\net6.0-windows\zsmartclient_unittest.dll" id="8ff6a0dd-30dd-b7ad-a8c3-0633bc0cf3f8">
      <TestCategory>
        <TestCategoryItem TestCategory="SearchModels" />
      </TestCategory>
      <Execution id="5f25dd55-31a2-4b9a-9bff-df8cfd54a0a6" />
      <TestMethod codeBase="D:\actions-runner\_work\XPCO\XPCO\AllSolutions\..\SC\Components\RemoteViewer\SmartClient\tst\zSmartClient_UnitTest\bin\x64\Debug\net6.0-windows\zSmartClient_UnitTest.dll" adapterTypeName="executor://mstestadapter/v2" className="SmartClient_UnitTest.VideoOS.RemoteClient.Plugin.CentralizedSearch.Models.SearchModelTests" name="SearchResultsReady_ShouldReturnUniqueResults_WhenSomeResultIdsAreDuplicated" />
    </UnitTest>
    <UnitTest name="ResolveBaseResultProperties_ShouldReturnTwoTriggerTimes_WhenTwoTriggerTimesAreWithinBeginEnd" storage="d:\actions-runner\_work\xpco\xpco\allsolutions\..\sc\components\remoteviewer\smartclient\tst\zsmartclient_unittest\bin\x64\debug\net6.0-windows\zsmartclient_unittest.dll" id="4be5efe6-8790-c0c6-bead-44c751febe9d">
      <TestCategory>
        <TestCategoryItem TestCategory="Search" />
      </TestCategory>
      <Execution id="56ae97db-df4e-42c0-b3a7-912216756774" />
      <TestMethod codeBase="D:\actions-runner\_work\XPCO\XPCO\AllSolutions\..\SC\Components\RemoteViewer\SmartClient\tst\zSmartClient_UnitTest\bin\x64\Debug\net6.0-windows\zSmartClient_UnitTest.dll" adapterTypeName="executor://mstestadapter/v2" className="SmartClient_UnitTest.VideoOS.RemoteClient.Plugin.CentralizedSearch.Utils.SearchResultDataWrapperExtensionsTests" name="ResolveBaseResultProperties_ShouldReturnTwoTriggerTimes_WhenTwoTriggerTimesAreWithinBeginEnd" />
    </UnitTest>
    <UnitTest name="Init_NullState_CorrectViewAppliedAsContent" storage="d:\actions-runner\_work\xpco\xpco\allsolutions\..\sc\components\remoteviewer\smartclient\tst\zsmartclient_unittest\bin\x64\debug\net6.0-windows\zsmartclient_unittest.dll" id="d054dd78-c223-2b18-9e0c-69480854f65f">
      <TestCategory>
        <TestCategoryItem TestCategory="Export" />
      </TestCategory>
      <Execution id="03133602-88d1-42a5-af15-973edfc4d8ab" />
      <TestMethod codeBase="D:\actions-runner\_work\XPCO\XPCO\AllSolutions\..\SC\Components\RemoteViewer\SmartClient\tst\zSmartClient_UnitTest\bin\x64\Debug\net6.0-windows\zSmartClient_UnitTest.dll" adapterTypeName="executor://mstestadapter/v2" className="SmartClient_UnitTest.VideoOS.RemoteClient.Plugin.Export.ExportContentHolderTests" name="Init_NullState_CorrectViewAppliedAsContent" />
    </UnitTest>
    <UnitTest name="CreateDashboardViewModel_UsesIdentityTokenCache_WhenAuthenticationIsOAuth" storage="d:\actions-runner\_work\xpco\xpco\allsolutions\..\sc\components\remoteviewer\smartclient\tst\zsmartclient_unittest\bin\x64\debug\net6.0-windows\zsmartclient_unittest.dll" id="4ead98c0-ed43-b791-ad04-b3743cb5d69b">
      <TestCategory>
        <TestCategoryItem TestCategory="ReportingContentType" />
      </TestCategory>
      <Execution id="b4da4af4-6661-4279-99a9-9c08629407e5" />
      <TestMethod codeBase="D:\actions-runner\_work\XPCO\XPCO\AllSolutions\..\SC\Components\RemoteViewer\SmartClient\tst\zSmartClient_UnitTest\bin\x64\Debug\net6.0-windows\zSmartClient_UnitTest.dll" adapterTypeName="executor://mstestadapter/v2" className="SmartClient_UnitTest.VideoOS.RemoteClient.Application.Data.ContentTypes.ReportingContentType.ReportViewerViewModelTest" name="CreateDashboardViewModel_UsesIdentityTokenCache_WhenAuthenticationIsOAuth" />
    </UnitTest>
    <UnitTest name="EndSelection_ShouldStartInPlaceEditMode_WhenItemIsTheOnlySelectedItem" storage="d:\actions-runner\_work\xpco\xpco\allsolutions\..\sc\components\remoteviewer\smartclient\tst\zsmartclient_unittest\bin\x64\debug\net6.0-windows\zsmartclient_unittest.dll" id="92049893-c7c1-0d80-70d7-8d0471e997cf">
      <TestCategory>
        <TestCategoryItem TestCategory="SmartMap.SelectionHelper" />
      </TestCategory>
      <Execution id="a35b5c5e-7999-4039-b752-3e51377d4207" />
      <TestMethod codeBase="D:\actions-runner\_work\XPCO\XPCO\AllSolutions\..\SC\Components\RemoteViewer\SmartClient\tst\zSmartClient_UnitTest\bin\x64\Debug\net6.0-windows\zSmartClient_UnitTest.dll" adapterTypeName="executor://mstestadapter/v2" className="SmartClient_UnitTest.VideoOS.RemoteClient.Plugin.GisMap.ThinkGeoMap.SpecializedOverlays.Overlays.SelectionHelperTests" name="EndSelection_ShouldStartInPlaceEditMode_WhenItemIsTheOnlySelectedItem" />
    </UnitTest>
    <UnitTest name="GisMapModel_SaveAggregates_Success" storage="d:\actions-runner\_work\xpco\xpco\allsolutions\..\sc\components\remoteviewer\smartclient\tst\zsmartclient_unittest\bin\x64\debug\net6.0-windows\zsmartclient_unittest.dll" id="ee53e0e4-b55d-0010-076b-5818fc51a7bf">
      <TestCategory>
        <TestCategoryItem TestCategory="GisMap" />
      </TestCategory>
      <Execution id="46b696b0-1e91-4c61-80ec-787eedae4e4c" />
      <TestMethod codeBase="D:\actions-runner\_work\XPCO\XPCO\AllSolutions\..\SC\Components\RemoteViewer\SmartClient\tst\zSmartClient_UnitTest\bin\x64\Debug\net6.0-windows\zSmartClient_UnitTest.dll" adapterTypeName="executor://mstestadapter/v2" className="SmartClient_UnitTest.VideoOS.RemoteClient.GisMapData.GisMapBasicTests" name="GisMapModel_SaveAggregates_Success" />
    </UnitTest>
    <UnitTest name="SupportsRightClick_ShouldBeTrue_WhenInteractionStateIsNormal" storage="d:\actions-runner\_work\xpco\xpco\allsolutions\..\sc\components\remoteviewer\smartclient\tst\zsmartclient_unittest\bin\x64\debug\net6.0-windows\zsmartclient_unittest.dll" id="999506c9-e472-e23b-a3ad-3d977990564e">
      <TestCategory>
        <TestCategoryItem TestCategory="GisMap.LocationMarker" />
      </TestCategory>
      <Execution id="c6db31b4-5310-4cf6-9889-ae8d23544929" />
      <TestMethod codeBase="D:\actions-runner\_work\XPCO\XPCO\AllSolutions\..\SC\Components\RemoteViewer\SmartClient\tst\zSmartClient_UnitTest\bin\x64\Debug\net6.0-windows\zSmartClient_UnitTest.dll" adapterTypeName="executor://mstestadapter/v2" className="SmartClient_UnitTest.VideoOS.RemoteClient.Plugin.GisMap.ThinkGeoMap.Markers.LocationMarker.LocationMarkerTests" name="SupportsRightClick_ShouldBeTrue_WhenInteractionStateIsNormal" />
    </UnitTest>
    <UnitTest name="TestConstructor_Success" storage="d:\actions-runner\_work\xpco\xpco\allsolutions\..\sc\components\remoteviewer\smartclient\tst\zsmartclient_unittest\bin\x64\debug\net6.0-windows\zsmartclient_unittest.dll" id="a5317ab4-d180-d0ab-5f5b-a18f8fb41f6e">
      <Execution id="aede5877-b728-4766-9b4f-250c9c313234" />
      <TestMethod codeBase="D:\actions-runner\_work\XPCO\XPCO\AllSolutions\..\SC\Components\RemoteViewer\SmartClient\tst\zSmartClient_UnitTest\bin\x64\Debug\net6.0-windows\zSmartClient_UnitTest.dll" adapterTypeName="executor://mstestadapter/v2" className="SmartClient_UnitTest.VideoOS.RemoteClient.GisMapData.Common.GisMapServerCapabilitiesTest" name="TestConstructor_Success" />
    </UnitTest>
    <UnitTest name="AddToExportTuples_ShouldReturnCorrectResult (5,0,0)" storage="d:\actions-runner\_work\xpco\xpco\allsolutions\..\sc\components\remoteviewer\smartclient\tst\zsmartclient_unittest\bin\x64\debug\net6.0-windows\zsmartclient_unittest.dll" id="691eb3a3-a73e-41ff-6b2b-39e88e7d8bd1">
      <TestCategory>
        <TestCategoryItem TestCategory="Managers" />
      </TestCategory>
      <Execution id="40ef40f1-0feb-4b96-9f41-5f35346d937f" />
      <TestMethod codeBase="D:\actions-runner\_work\XPCO\XPCO\AllSolutions\..\SC\Components\RemoteViewer\SmartClient\tst\zSmartClient_UnitTest\bin\x64\Debug\net6.0-windows\zSmartClient_UnitTest.dll" adapterTypeName="executor://mstestadapter/v2" className="SmartClient_UnitTest.VideoOS.RemoteClient.Application.Managers.ExportManagerTests" name="AddToExportTuples_ShouldReturnCorrectResult" />
    </UnitTest>
    <UnitTest name="UpdateItems_WhenServerCallThrowsException_ShouldResultInErrorLog" storage="d:\actions-runner\_work\xpco\xpco\allsolutions\..\sc\components\remoteviewer\smartclient\tst\zsmartclient_unittest\bin\x64\debug\net6.0-windows\zsmartclient_unittest.dll" id="3ce53063-c90f-436d-4a7d-2e3b5be274ef">
      <TestCategory>
        <TestCategoryItem TestCategory="MipItemsRetriever" />
      </TestCategory>
      <Execution id="49960f18-0aeb-48fb-9431-00030be591b6" />
      <TestMethod codeBase="D:\actions-runner\_work\XPCO\XPCO\AllSolutions\..\SC\Components\RemoteViewer\SmartClient\tst\zSmartClient_UnitTest\bin\x64\Debug\net6.0-windows\zSmartClient_UnitTest.dll" adapterTypeName="executor://mstestadapter/v2" className="SmartClient_UnitTest.VideoOS.RemoteClient.Plugin.GisMap.MIP.MipItemsRetrieverTests" name="UpdateItems_WhenServerCallThrowsException_ShouldResultInErrorLog" />
    </UnitTest>
    <UnitTest name="SetMapItemCluster_ShouldSetIcon_WhenNotSuperCluster" storage="d:\actions-runner\_work\xpco\xpco\allsolutions\..\sc\components\remoteviewer\smartclient\tst\zsmartclient_unittest\bin\x64\debug\net6.0-windows\zsmartclient_unittest.dll" id="afb51d05-f3b7-7ba8-3b5a-420afd719c13">
      <TestCategory>
        <TestCategoryItem TestCategory="GisMap.ClusterMarkerTests" />
      </TestCategory>
      <Execution id="3a36909a-1a8d-4845-85b1-0a0f3bd3327d" />
      <TestMethod codeBase="D:\actions-runner\_work\XPCO\XPCO\AllSolutions\..\SC\Components\RemoteViewer\SmartClient\tst\zSmartClient_UnitTest\bin\x64\Debug\net6.0-windows\zSmartClient_UnitTest.dll" adapterTypeName="executor://mstestadapter/v2" className="SmartClient_UnitTest.VideoOS.RemoteClient.Plugin.GisMap.ThinkGeoMap.Markers.DeviceMarkers.ClusterMarker.ClusterMarkerTests" name="SetMapItemCluster_ShouldSetIcon_WhenNotSuperCluster" />
    </UnitTest>
    <UnitTest name="SearchResultsActionBarActions_EditBookmark_SingleResult_EditBookmarkInvoked" storage="d:\actions-runner\_work\xpco\xpco\allsolutions\..\sc\components\remoteviewer\smartclient\tst\zsmartclient_unittest\bin\x64\debug\net6.0-windows\zsmartclient_unittest.dll" id="d9f777ed-3466-7c99-be02-84bb7ebbad4b">
      <TestCategory>
        <TestCategoryItem TestCategory="SearchResultActionBarViewModel" />
      </TestCategory>
      <Execution id="79a98b47-6c1a-4ab4-bf07-cf29b65c5c7a" />
      <TestMethod codeBase="D:\actions-runner\_work\XPCO\XPCO\AllSolutions\..\SC\Components\RemoteViewer\SmartClient\tst\zSmartClient_UnitTest\bin\x64\Debug\net6.0-windows\zSmartClient_UnitTest.dll" adapterTypeName="executor://mstestadapter/v2" className="SmartClient_UnitTest.VideoOS.RemoteClient.Plugin.CentralizedSearch.ViewModels.SearchResultsActionBarViewModelTest" name="SearchResultsActionBarActions_EditBookmark_SingleResult_EditBookmarkInvoked" />
    </UnitTest>
    <UnitTest name="SearchCriteriaFilterValues_ValidatePopupFunctionalityWithUnknownConfiguration_Success" storage="d:\actions-runner\_work\xpco\xpco\allsolutions\..\sc\components\remoteviewer\smartclient\tst\zsmartclient_unittest\bin\x64\debug\net6.0-windows\zsmartclient_unittest.dll" id="edbdb0fc-44d8-43ee-8589-e03588652149">
      <TestCategory>
        <TestCategoryItem TestCategory="SearchControls" />
      </TestCategory>
      <Execution id="c93ef7d9-0125-4cda-8f8c-a36c2d47820b" />
      <TestMethod codeBase="D:\actions-runner\_work\XPCO\XPCO\AllSolutions\..\SC\Components\RemoteViewer\SmartClient\tst\zSmartClient_UnitTest\bin\x64\Debug\net6.0-windows\zSmartClient_UnitTest.dll" adapterTypeName="executor://mstestadapter/v2" className="SmartClient_UnitTest.VideoOS.RemoteClient.Plugin.CentralizedSearch.Views.Controls.SearchDefinitions.EditSearchDefinitionPopupTests" name="SearchCriteriaFilterValues_ValidatePopupFunctionalityWithUnknownConfiguration_Success" />
    </UnitTest>
    <UnitTest name="CanMoreRegionsBeAdded_ShouldReturnTrue" storage="d:\actions-runner\_work\xpco\xpco\allsolutions\..\sc\components\remoteviewer\smartclient\tst\zsmartclient_unittest\bin\x64\debug\net6.0-windows\zsmartclient_unittest.dll" id="035a2e7c-4006-749c-7663-f769d610c2cb">
      <TestCategory>
        <TestCategoryItem TestCategory="Search.Filters.ViewModels" />
      </TestCategory>
      <Execution id="1c6e815b-4391-452e-9e96-8f096505efb8" />
      <TestMethod codeBase="D:\actions-runner\_work\XPCO\XPCO\AllSolutions\..\SC\Components\RemoteViewer\SmartClient\tst\zSmartClient_UnitTest\bin\x64\Debug\net6.0-windows\zSmartClient_UnitTest.dll" adapterTypeName="executor://mstestadapter/v2" className="SmartClient_UnitTest.VideoOS.RemoteClient.Plugin.CentralizedSearch.MIPPlugin.Criteria.ViewModels.SmartSearchCameraListItemHelperTests" name="CanMoreRegionsBeAdded_ShouldReturnTrue" />
    </UnitTest>
    <UnitTest name="SupportsDoubleClick_ShouldBeTrue_WhenInteractionStateIsNormal" storage="d:\actions-runner\_work\xpco\xpco\allsolutions\..\sc\components\remoteviewer\smartclient\tst\zsmartclient_unittest\bin\x64\debug\net6.0-windows\zsmartclient_unittest.dll" id="acb1a3bd-713e-4d7a-4e0c-8e617e64d48b">
      <TestCategory>
        <TestCategoryItem TestCategory="GisMap.MipItemMarker" />
      </TestCategory>
      <Execution id="6d03b495-9c80-4a80-8292-37793db36ff7" />
      <TestMethod codeBase="D:\actions-runner\_work\XPCO\XPCO\AllSolutions\..\SC\Components\RemoteViewer\SmartClient\tst\zSmartClient_UnitTest\bin\x64\Debug\net6.0-windows\zSmartClient_UnitTest.dll" adapterTypeName="executor://mstestadapter/v2" className="SmartClient_UnitTest.VideoOS.RemoteClient.Plugin.GisMap.ThinkGeoMap.Markers.MipItemMarker.MipItemMarkerTests" name="SupportsDoubleClick_ShouldBeTrue_WhenInteractionStateIsNormal" />
    </UnitTest>
    <UnitTest name="AddSelectedWindowsToExport_ShouldAddToExportData (5)" storage="d:\actions-runner\_work\xpco\xpco\allsolutions\..\sc\components\remoteviewer\smartclient\tst\zsmartclient_unittest\bin\x64\debug\net6.0-windows\zsmartclient_unittest.dll" id="5f26c092-7e48-0463-47d6-e2236b104caa">
      <TestCategory>
        <TestCategoryItem TestCategory="Managers" />
      </TestCategory>
      <Execution id="0cabeb5f-aec8-4437-b65d-b2f7c29ecd31" />
      <TestMethod codeBase="D:\actions-runner\_work\XPCO\XPCO\AllSolutions\..\SC\Components\RemoteViewer\SmartClient\tst\zSmartClient_UnitTest\bin\x64\Debug\net6.0-windows\zSmartClient_UnitTest.dll" adapterTypeName="executor://mstestadapter/v2" className="SmartClient_UnitTest.VideoOS.RemoteClient.Application.Managers.ExportManagerTests" name="AddSelectedWindowsToExport_ShouldAddToExportData" />
    </UnitTest>
    <UnitTest name="Dispose_ShouldDetachOnUpdateMutedMicrophonesRaised_WhenCalled" storage="d:\actions-runner\_work\xpco\xpco\allsolutions\..\sc\components\remoteviewer\smartclient\tst\zsmartclient_unittest\bin\x64\debug\net6.0-windows\zsmartclient_unittest.dll" id="57e42158-c478-d557-913f-3f7cb2a55e4f">
      <TestCategory>
        <TestCategoryItem TestCategory="GisMapData.MapLayers" />
      </TestCategory>
      <Execution id="27101cc7-71ee-4f6a-a6d1-1cc33a5f114a" />
      <TestMethod codeBase="D:\actions-runner\_work\XPCO\XPCO\AllSolutions\..\SC\Components\RemoteViewer\SmartClient\tst\zSmartClient_UnitTest\bin\x64\Debug\net6.0-windows\zSmartClient_UnitTest.dll" adapterTypeName="executor://mstestadapter/v2" className="SmartClient_UnitTest.VideoOS.RemoteClient.GisMapData.MapLayers.MicrophoneItemsMapLayerTests" name="Dispose_ShouldDetachOnUpdateMutedMicrophonesRaised_WhenCalled" />
    </UnitTest>
    <UnitTest name="ScrollWheelInTileLayout_ScrollUp_IncreaseItemSize" storage="d:\actions-runner\_work\xpco\xpco\allsolutions\..\sc\components\remoteviewer\smartclient\tst\zsmartclient_unittest\bin\x64\debug\net6.0-windows\zsmartclient_unittest.dll" id="c8fac7fa-4b08-7ff4-1155-d669516586fe">
      <TestCategory>
        <TestCategoryItem TestCategory="SearchViews" />
      </TestCategory>
      <Execution id="f88e204a-d572-4bdc-952c-133bcdaaf3c8" />
      <TestMethod codeBase="D:\actions-runner\_work\XPCO\XPCO\AllSolutions\..\SC\Components\RemoteViewer\SmartClient\tst\zSmartClient_UnitTest\bin\x64\Debug\net6.0-windows\zSmartClient_UnitTest.dll" adapterTypeName="executor://mstestadapter/v2" className="SmartClient_UnitTest.VideoOS.RemoteClient.Plugin.CentralizedSearch.Views.SearchResultsViewTests" name="ScrollWheelInTileLayout_ScrollUp_IncreaseItemSize" />
    </UnitTest>
    <UnitTest name="LoadMapAsyncWithBuildings_Success" storage="d:\actions-runner\_work\xpco\xpco\allsolutions\..\sc\components\remoteviewer\smartclient\tst\zsmartclient_unittest\bin\x64\debug\net6.0-windows\zsmartclient_unittest.dll" id="23557db4-cf2f-5c4a-81e2-b54970cb5a80">
      <TestCategory>
        <TestCategoryItem TestCategory="GisMapBuilding" />
      </TestCategory>
      <Execution id="d905502f-cadc-442b-a9d3-dda8265b7b43" />
      <TestMethod codeBase="D:\actions-runner\_work\XPCO\XPCO\AllSolutions\..\SC\Components\RemoteViewer\SmartClient\tst\zSmartClient_UnitTest\bin\x64\Debug\net6.0-windows\zSmartClient_UnitTest.dll" adapterTypeName="executor://mstestadapter/v2" className="SmartClient_UnitTest.VideoOS.RemoteClient.GisMapData.GisMapBuildingTests" name="LoadMapAsyncWithBuildings_Success" />
    </UnitTest>
    <UnitTest name="PtzSessionControllerInfoConstructorTest_From_PtzSessionInfo_Windows_User" storage="d:\actions-runner\_work\xpco\xpco\allsolutions\..\sc\components\remoteviewer\smartclient\tst\zsmartclient_unittest\bin\x64\debug\net6.0-windows\zsmartclient_unittest.dll" id="a82486f4-91e1-c778-be1c-6489525080cf">
      <Execution id="c8f02fc4-bcc8-449c-b3b1-21c3a3d3c3da" />
      <TestMethod codeBase="D:\actions-runner\_work\XPCO\XPCO\AllSolutions\..\SC\Components\RemoteViewer\SmartClient\tst\zSmartClient_UnitTest\bin\x64\Debug\net6.0-windows\zSmartClient_UnitTest.dll" adapterTypeName="executor://mstestadapter/v2" className="VideoOS.RemoteClient.Application.Controllers.UnitTest.PtzSessionControllerTest" name="PtzSessionControllerInfoConstructorTest_From_PtzSessionInfo_Windows_User" />
    </UnitTest>
    <UnitTest name="Dispose_ShouldReleaseResources_WhenCalled" storage="d:\actions-runner\_work\xpco\xpco\allsolutions\..\sc\components\remoteviewer\smartclient\tst\zsmartclient_unittest\bin\x64\debug\net6.0-windows\zsmartclient_unittest.dll" id="e5d0a93d-5262-e4d0-5f45-ee6b0db6945d">
      <TestCategory>
        <TestCategoryItem TestCategory="GisMap.DeviceSelectorWindowViewModel" />
      </TestCategory>
      <Execution id="7cb8da2e-7075-4611-8c2b-04d373b82791" />
      <TestMethod codeBase="D:\actions-runner\_work\XPCO\XPCO\AllSolutions\..\SC\Components\RemoteViewer\SmartClient\tst\zSmartClient_UnitTest\bin\x64\Debug\net6.0-windows\zSmartClient_UnitTest.dll" adapterTypeName="executor://mstestadapter/v2" className="SmartClient_UnitTest.VideoOS.RemoteClient.Plugin.GisMap.ViewModels.DeviceSelectorWindowViewModelTests" name="Dispose_ShouldReleaseResources_WhenCalled" />
    </UnitTest>
    <UnitTest name="ConvertBack_ShouldRaiseInvalidCastException_WhenValueIsNotABoolean" storage="d:\actions-runner\_work\xpco\xpco\allsolutions\..\sc\components\remoteviewer\smartclient\tst\zsmartclient_unittest\bin\x64\debug\net6.0-windows\zsmartclient_unittest.dll" id="1079a229-fd63-4e8b-6131-749f5fa842df">
      <TestCategory>
        <TestCategoryItem TestCategory="GisMap.InteractionStateConverter" />
      </TestCategory>
      <Execution id="ff0adec9-0bc0-455a-bca9-f297c3c37f13" />
      <TestMethod codeBase="D:\actions-runner\_work\XPCO\XPCO\AllSolutions\..\SC\Components\RemoteViewer\SmartClient\tst\zSmartClient_UnitTest\bin\x64\Debug\net6.0-windows\zSmartClient_UnitTest.dll" adapterTypeName="executor://mstestadapter/v2" className="SmartClient_UnitTest.VideoOS.RemoteClient.Plugin.GisMap.View.InteractionStateConverterTests" name="ConvertBack_ShouldRaiseInvalidCastException_WhenValueIsNotABoolean" />
    </UnitTest>
    <UnitTest name="Initialize_ShouldCreateAllCameraItems_WhenInitializedWithNonEmptyScope" storage="d:\actions-runner\_work\xpco\xpco\allsolutions\..\sc\components\remoteviewer\smartclient\tst\zsmartclient_unittest\bin\x64\debug\net6.0-windows\zsmartclient_unittest.dll" id="a0bf150c-e557-e095-022b-d649c58ba210">
      <TestCategory>
        <TestCategoryItem TestCategory="Search.Filters.ViewModels" />
      </TestCategory>
      <Execution id="528a71c4-1217-4d0b-b67c-4a40e46aa092" />
      <TestMethod codeBase="D:\actions-runner\_work\XPCO\XPCO\AllSolutions\..\SC\Components\RemoteViewer\SmartClient\tst\zSmartClient_UnitTest\bin\x64\Debug\net6.0-windows\zSmartClient_UnitTest.dll" adapterTypeName="executor://mstestadapter/v2" className="SmartClient_UnitTest.VideoOS.RemoteClient.Plugin.CentralizedSearch.MIPPlugin.Criteria.ViewModels.RegionSelectionAttributeEditControlViewModelTests" name="Initialize_ShouldCreateAllCameraItems_WhenInitializedWithNonEmptyScope" />
    </UnitTest>
    <UnitTest name="PatrollingStepListViewModel_CanExecuteMoveDown" storage="d:\actions-runner\_work\xpco\xpco\allsolutions\..\sc\components\remoteviewer\smartclient\tst\zsmartclient_unittest\bin\x64\debug\net6.0-windows\zsmartclient_unittest.dll" id="9deaeb24-21b9-9f12-691a-fda61c229e90">
      <Execution id="d1724266-13c2-4ac9-a6cf-b3214d50fb1b" />
      <TestMethod codeBase="D:\actions-runner\_work\XPCO\XPCO\AllSolutions\..\SC\Components\RemoteViewer\SmartClient\tst\zSmartClient_UnitTest\bin\x64\Debug\net6.0-windows\zSmartClient_UnitTest.dll" adapterTypeName="executor://mstestadapter/v2" className="SmartClient_UnitTest.VideoOS.RemoteClient.Application.UI.PtzPreset.PatrollingViewModel.PatrollingStepListViewModelTest" name="PatrollingStepListViewModel_CanExecuteMoveDown" />
    </UnitTest>
    <UnitTest name="SupportsDoubleClick_ShouldBeTrue_WhenInteractionStateIsNormal" storage="d:\actions-runner\_work\xpco\xpco\allsolutions\..\sc\components\remoteviewer\smartclient\tst\zsmartclient_unittest\bin\x64\debug\net6.0-windows\zsmartclient_unittest.dll" id="06bd284b-d73d-920f-7739-efb670bc85e0">
      <TestCategory>
        <TestCategoryItem TestCategory="GisMap.InputMarkerTest" />
      </TestCategory>
      <Execution id="7377e25c-2fde-400a-8502-2b92e52d8701" />
      <TestMethod codeBase="D:\actions-runner\_work\XPCO\XPCO\AllSolutions\..\SC\Components\RemoteViewer\SmartClient\tst\zSmartClient_UnitTest\bin\x64\Debug\net6.0-windows\zSmartClient_UnitTest.dll" adapterTypeName="executor://mstestadapter/v2" className="SmartClient_UnitTest.VideoOS.RemoteClient.Plugin.GisMap.ThinkGeoMap.Markers.DeviceMarkers.InputMarker.InputMarkerTests" name="SupportsDoubleClick_ShouldBeTrue_WhenInteractionStateIsNormal" />
    </UnitTest>
    <UnitTest name="ClearSelectedCamerasCommand_NonEmptyList_ListCleared" storage="d:\actions-runner\_work\xpco\xpco\allsolutions\..\sc\components\remoteviewer\smartclient\tst\zsmartclient_unittest\bin\x64\debug\net6.0-windows\zsmartclient_unittest.dll" id="35b5f995-b2f1-b0ad-4d21-7b40aa694ec8">
      <TestCategory>
        <TestCategoryItem TestCategory="SearchViewModels" />
      </TestCategory>
      <Execution id="696fbed3-2347-4a35-bc78-6e75c56cc16b" />
      <TestMethod codeBase="D:\actions-runner\_work\XPCO\XPCO\AllSolutions\..\SC\Components\RemoteViewer\SmartClient\tst\zSmartClient_UnitTest\bin\x64\Debug\net6.0-windows\zSmartClient_UnitTest.dll" adapterTypeName="executor://mstestadapter/v2" className="SmartClient_UnitTest.VideoOS.RemoteClient.Plugin.CentralizedSearch.ViewModels.SearchViewModelTests" name="ClearSelectedCamerasCommand_NonEmptyList_ListCleared" />
    </UnitTest>
    <UnitTest name="Compare_ShouldSortByPrimaryEventTime_WhenOnlySingleResults" storage="d:\actions-runner\_work\xpco\xpco\allsolutions\..\sc\components\remoteviewer\smartclient\tst\zsmartclient_unittest\bin\x64\debug\net6.0-windows\zsmartclient_unittest.dll" id="ff39d078-db32-05c4-cda1-a2362a7ad157">
      <TestCategory>
        <TestCategoryItem TestCategory="SearchComparers" />
      </TestCategory>
      <Execution id="2e700b6b-61ae-4d97-8e25-9db18e625d18" />
      <TestMethod codeBase="D:\actions-runner\_work\XPCO\XPCO\AllSolutions\..\SC\Components\RemoteViewer\SmartClient\tst\zSmartClient_UnitTest\bin\x64\Debug\net6.0-windows\zSmartClient_UnitTest.dll" adapterTypeName="executor://mstestadapter/v2" className="SmartClient_UnitTest.VideoOS.RemoteClient.Plugin.CentralizedSearch.Models.Wrappers.Comparers.RelevanceComparerTests" name="Compare_ShouldSortByPrimaryEventTime_WhenOnlySingleResults" />
    </UnitTest>
    <UnitTest name="UpdateItems_WhenStrategyReturnsUpdateNotNeeded_ShouldNotResultInMipItemsReadyEvent" storage="d:\actions-runner\_work\xpco\xpco\allsolutions\..\sc\components\remoteviewer\smartclient\tst\zsmartclient_unittest\bin\x64\debug\net6.0-windows\zsmartclient_unittest.dll" id="cab07565-7102-ab00-4f85-136d84889f35">
      <TestCategory>
        <TestCategoryItem TestCategory="MipItemsRetriever" />
      </TestCategory>
      <Execution id="f5be02df-b98e-4f65-8471-f523849f095e" />
      <TestMethod codeBase="D:\actions-runner\_work\XPCO\XPCO\AllSolutions\..\SC\Components\RemoteViewer\SmartClient\tst\zSmartClient_UnitTest\bin\x64\Debug\net6.0-windows\zSmartClient_UnitTest.dll" adapterTypeName="executor://mstestadapter/v2" className="SmartClient_UnitTest.VideoOS.RemoteClient.Plugin.GisMap.MIP.MipItemsRetrieverTests" name="UpdateItems_WhenStrategyReturnsUpdateNotNeeded_ShouldNotResultInMipItemsReadyEvent" />
    </UnitTest>
    <UnitTest name="ScrollIntoView_Synchronous_DefinitionViewBelowOutOfViewPort_Scrolled" storage="d:\actions-runner\_work\xpco\xpco\allsolutions\..\sc\components\remoteviewer\smartclient\tst\zsmartclient_unittest\bin\x64\debug\net6.0-windows\zsmartclient_unittest.dll" id="61db488c-fd57-8a4d-714e-e5d3bad8b45f">
      <TestCategory>
        <TestCategoryItem TestCategory="Search" />
      </TestCategory>
      <Execution id="f06f6002-8663-4962-be8e-ccae485443df" />
      <TestMethod codeBase="D:\actions-runner\_work\XPCO\XPCO\AllSolutions\..\SC\Components\RemoteViewer\SmartClient\tst\zSmartClient_UnitTest\bin\x64\Debug\net6.0-windows\zSmartClient_UnitTest.dll" adapterTypeName="executor://mstestadapter/v2" className="SmartClient_UnitTest.VideoOS.RemoteClient.Plugin.CentralizedSearch.Views.CriteriaViewTests" name="ScrollIntoView_Synchronous_DefinitionViewBelowOutOfViewPort_Scrolled" />
    </UnitTest>
    <UnitTest name="ReCreateOverlay_WhereOverlayIsRecreable_OverlayRequestToBeReCreated" storage="d:\actions-runner\_work\xpco\xpco\allsolutions\..\sc\components\remoteviewer\smartclient\tst\zsmartclient_unittest\bin\x64\debug\net6.0-windows\zsmartclient_unittest.dll" id="361cc772-0d75-885b-698f-f995fb066fc5">
      <Execution id="ead2370b-06c8-4490-8bd2-4db7b96914bc" />
      <TestMethod codeBase="D:\actions-runner\_work\XPCO\XPCO\AllSolutions\..\SC\Components\RemoteViewer\SmartClient\tst\zSmartClient_UnitTest\bin\x64\Debug\net6.0-windows\zSmartClient_UnitTest.dll" adapterTypeName="executor://mstestadapter/v2" className="SmartClient_UnitTest.VideoOS.RemoteClient.Plugin.GisMap.ThinkGeoMap.ThinkGeoOverlaysManagerTests" name="ReCreateOverlay_WhereOverlayIsRecreable_OverlayRequestToBeReCreated" />
    </UnitTest>
    <UnitTest name="PatrollingProfileViewModelTest_Save_UpdateProfile" storage="d:\actions-runner\_work\xpco\xpco\allsolutions\..\sc\components\remoteviewer\smartclient\tst\zsmartclient_unittest\bin\x64\debug\net6.0-windows\zsmartclient_unittest.dll" id="1b215d44-dc60-3855-41b7-391caaf25646">
      <Execution id="0f5c1b14-802c-4c14-9659-0e1ebfee6750" />
      <TestMethod codeBase="D:\actions-runner\_work\XPCO\XPCO\AllSolutions\..\SC\Components\RemoteViewer\SmartClient\tst\zSmartClient_UnitTest\bin\x64\Debug\net6.0-windows\zSmartClient_UnitTest.dll" adapterTypeName="executor://mstestadapter/v2" className="SmartClient_UnitTest.VideoOS.RemoteClient.Application.UI.PtzPreset.PatrollingViewModel.PatrollingProfileViewModelTest" name="PatrollingProfileViewModelTest_Save_UpdateProfile" />
    </UnitTest>
    <UnitTest name="ResolveBaseResultProperties_ShouldOnlyReturnTriggerTimesThatAreWithinBeginEndWithPadding" storage="d:\actions-runner\_work\xpco\xpco\allsolutions\..\sc\components\remoteviewer\smartclient\tst\zsmartclient_unittest\bin\x64\debug\net6.0-windows\zsmartclient_unittest.dll" id="2674b7c4-7076-fd3a-f5df-01507f4b862a">
      <TestCategory>
        <TestCategoryItem TestCategory="Search" />
      </TestCategory>
      <Execution id="5f873c86-88e6-4a53-98c4-b6cb6fe83137" />
      <TestMethod codeBase="D:\actions-runner\_work\XPCO\XPCO\AllSolutions\..\SC\Components\RemoteViewer\SmartClient\tst\zSmartClient_UnitTest\bin\x64\Debug\net6.0-windows\zSmartClient_UnitTest.dll" adapterTypeName="executor://mstestadapter/v2" className="SmartClient_UnitTest.VideoOS.RemoteClient.Plugin.CentralizedSearch.Utils.SearchResultDataWrapperExtensionsTests" name="ResolveBaseResultProperties_ShouldOnlyReturnTriggerTimesThatAreWithinBeginEndWithPadding" />
    </UnitTest>
    <UnitTest name="IsOutputEnabled_ShouldBeFalse_WhenOutputIsDisabled" storage="d:\actions-runner\_work\xpco\xpco\allsolutions\..\sc\components\remoteviewer\smartclient\tst\zsmartclient_unittest\bin\x64\debug\net6.0-windows\zsmartclient_unittest.dll" id="727eace4-6f24-f89e-4093-133963eb0bdd">
      <TestCategory>
        <TestCategoryItem TestCategory="GisMapData.MapLayers" />
      </TestCategory>
      <Execution id="a6a226b4-8647-4935-8aa2-9b123460c288" />
      <TestMethod codeBase="D:\actions-runner\_work\XPCO\XPCO\AllSolutions\..\SC\Components\RemoteViewer\SmartClient\tst\zSmartClient_UnitTest\bin\x64\Debug\net6.0-windows\zSmartClient_UnitTest.dll" adapterTypeName="executor://mstestadapter/v2" className="SmartClient_UnitTest.VideoOS.RemoteClient.GisMapData.MapLayers.OutputItemsMapLayerTests" name="IsOutputEnabled_ShouldBeFalse_WhenOutputIsDisabled" />
    </UnitTest>
    <UnitTest name="Forced" storage="d:\actions-runner\_work\xpco\xpco\allsolutions\..\sc\components\remoteviewer\smartclient\tst\zsmartclient_unittest\bin\x64\debug\net6.0-windows\zsmartclient_unittest.dll" id="095585f6-4ef2-27a8-ee5b-098ad467f567">
      <TestCategory>
        <TestCategoryItem TestCategory="Export" />
      </TestCategory>
      <Execution id="9bc70fc5-6975-4dab-8ed2-c42a566fa715" />
      <TestMethod codeBase="D:\actions-runner\_work\XPCO\XPCO\AllSolutions\..\SC\Components\RemoteViewer\SmartClient\tst\zSmartClient_UnitTest\bin\x64\Debug\net6.0-windows\zSmartClient_UnitTest.dll" adapterTypeName="executor://mstestadapter/v2" className="SmartClient_UnitTest.VideoOS.RemoteClient.Plugin.Export.CreateExportDialogViewModelTests" name="CreateExportDialog_GlobalCommentCanBeModified_BasedOnOptions" />
    </UnitTest>
    <UnitTest name="WhenActionExecutedWithNoAlarmsThenNoObserverNotified" storage="d:\actions-runner\_work\xpco\xpco\allsolutions\..\sc\components\remoteviewer\smartclient\tst\zsmartclient_unittest\bin\x64\debug\net6.0-windows\zsmartclient_unittest.dll" id="b023ed0a-de55-261e-b76b-b001235c2a21">
      <Execution id="ddab6ac7-1d1f-41ee-a1c7-d4ece4695eaa" />
      <TestMethod codeBase="D:\actions-runner\_work\XPCO\XPCO\AllSolutions\..\SC\Components\RemoteViewer\SmartClient\tst\zSmartClient_UnitTest\bin\x64\Debug\net6.0-windows\zSmartClient_UnitTest.dll" adapterTypeName="executor://mstestadapter/v2" className="SmartClient_UnitTest.VideoOS.RemoteClient.GisMapData.Common.AlarmObservableTest" name="WhenActionExecutedWithNoAlarmsThenNoObserverNotified" />
    </UnitTest>
    <UnitTest name="ActiveInteractionStateBinding_ShouldNotBeNull_WhenCtorIsCalled" storage="d:\actions-runner\_work\xpco\xpco\allsolutions\..\sc\components\remoteviewer\smartclient\tst\zsmartclient_unittest\bin\x64\debug\net6.0-windows\zsmartclient_unittest.dll" id="a96b347d-5d1c-d89b-916b-371c05303b3e">
      <TestCategory>
        <TestCategoryItem TestCategory="GisMap.LinkMarker" />
      </TestCategory>
      <Execution id="b6680cc5-c836-4555-bee0-36dcfb9e5846" />
      <TestMethod codeBase="D:\actions-runner\_work\XPCO\XPCO\AllSolutions\..\SC\Components\RemoteViewer\SmartClient\tst\zSmartClient_UnitTest\bin\x64\Debug\net6.0-windows\zSmartClient_UnitTest.dll" adapterTypeName="executor://mstestadapter/v2" className="SmartClient_UnitTest.VideoOS.RemoteClient.Plugin.GisMap.ThinkGeoMap.Markers.LinkMarker.LinkMarkerTests" name="ActiveInteractionStateBinding_ShouldNotBeNull_WhenCtorIsCalled" />
    </UnitTest>
    <UnitTest name="SearchFilterCategoryGet_OneSearchAgent_FiltersMatch" storage="d:\actions-runner\_work\xpco\xpco\allsolutions\..\sc\components\remoteviewer\smartclient\tst\zsmartclient_unittest\bin\x64\debug\net6.0-windows\zsmartclient_unittest.dll" id="44e92960-87da-bcfa-c839-b0dd09a9d8ba">
      <TestCategory>
        <TestCategoryItem TestCategory="Search" />
      </TestCategory>
      <Execution id="5adf5d1b-15ce-477c-a110-22f6d23e8616" />
      <TestMethod codeBase="D:\actions-runner\_work\XPCO\XPCO\AllSolutions\..\SC\Components\RemoteViewer\SmartClient\tst\zSmartClient_UnitTest\bin\x64\Debug\net6.0-windows\zSmartClient_UnitTest.dll" adapterTypeName="executor://mstestadapter/v2" className="SmartClient_UnitTest.VideoOS.RemoteClient.Plugin.CentralizedSearch.MIPPlugin.CompositeSearchAgentTests" name="SearchFilterCategoryGet_OneSearchAgent_FiltersMatch" />
    </UnitTest>
    <UnitTest name="ConvertBack_ShouldReturnTheParameterInteractionState_WhenValueIsTrueAndParameterIsAnInteractionState" storage="d:\actions-runner\_work\xpco\xpco\allsolutions\..\sc\components\remoteviewer\smartclient\tst\zsmartclient_unittest\bin\x64\debug\net6.0-windows\zsmartclient_unittest.dll" id="949114ce-b635-6899-abf2-c4e97a411c85">
      <TestCategory>
        <TestCategoryItem TestCategory="GisMap.InteractionStateConverter" />
      </TestCategory>
      <Execution id="0a343b59-056b-4801-843d-1437cbbb5d92" />
      <TestMethod codeBase="D:\actions-runner\_work\XPCO\XPCO\AllSolutions\..\SC\Components\RemoteViewer\SmartClient\tst\zSmartClient_UnitTest\bin\x64\Debug\net6.0-windows\zSmartClient_UnitTest.dll" adapterTypeName="executor://mstestadapter/v2" className="SmartClient_UnitTest.VideoOS.RemoteClient.Plugin.GisMap.View.InteractionStateConverterTests" name="ConvertBack_ShouldReturnTheParameterInteractionState_WhenValueIsTrueAndParameterIsAnInteractionState" />
    </UnitTest>
    <UnitTest name="SearchModelOnSearchResultsExpired_NotOnUiThread_Success" storage="d:\actions-runner\_work\xpco\xpco\allsolutions\..\sc\components\remoteviewer\smartclient\tst\zsmartclient_unittest\bin\x64\debug\net6.0-windows\zsmartclient_unittest.dll" id="48054fb2-bd75-c8f4-21b2-fc21c0457ce0">
      <TestCategory>
        <TestCategoryItem TestCategory="SearchViewModels" />
      </TestCategory>
      <Execution id="fd35fb55-22b1-4bb4-8d96-1f54f89e465f" />
      <TestMethod codeBase="D:\actions-runner\_work\XPCO\XPCO\AllSolutions\..\SC\Components\RemoteViewer\SmartClient\tst\zSmartClient_UnitTest\bin\x64\Debug\net6.0-windows\zSmartClient_UnitTest.dll" adapterTypeName="executor://mstestadapter/v2" className="SmartClient_UnitTest.VideoOS.RemoteClient.Plugin.CentralizedSearch.ViewModels.SearchViewModelTests" name="SearchModelOnSearchResultsExpired_NotOnUiThread_Success" />
    </UnitTest>
    <UnitTest name="PatrollingProfileListViewModel_CanExecuteAddProfile" storage="d:\actions-runner\_work\xpco\xpco\allsolutions\..\sc\components\remoteviewer\smartclient\tst\zsmartclient_unittest\bin\x64\debug\net6.0-windows\zsmartclient_unittest.dll" id="38ec599c-8886-9abd-0e90-9384d2644f53">
      <Execution id="c7be5305-8260-44fe-b004-b5be18d2ff19" />
      <TestMethod codeBase="D:\actions-runner\_work\XPCO\XPCO\AllSolutions\..\SC\Components\RemoteViewer\SmartClient\tst\zSmartClient_UnitTest\bin\x64\Debug\net6.0-windows\zSmartClient_UnitTest.dll" adapterTypeName="executor://mstestadapter/v2" className="SmartClient_UnitTest.VideoOS.RemoteClient.Application.UI.PtzPreset.PatrollingViewModel.PatrollingProfileListViewModelTest" name="PatrollingProfileListViewModel_CanExecuteAddProfile" />
    </UnitTest>
    <UnitTest name="PermanentMarkers_ShouldAdd_WhenTryInitExecuted" storage="d:\actions-runner\_work\xpco\xpco\allsolutions\..\sc\components\remoteviewer\smartclient\tst\zsmartclient_unittest\bin\x64\debug\net6.0-windows\zsmartclient_unittest.dll" id="0a626f9c-1fcc-6ba0-e354-bb3374659d02">
      <TestCategory>
        <TestCategoryItem TestCategory="SmartMap.MapItemsOverlay" />
      </TestCategory>
      <Execution id="c19e130a-c21d-42ba-aada-8e22513ea7f1" />
      <TestMethod codeBase="D:\actions-runner\_work\XPCO\XPCO\AllSolutions\..\SC\Components\RemoteViewer\SmartClient\tst\zSmartClient_UnitTest\bin\x64\Debug\net6.0-windows\zSmartClient_UnitTest.dll" adapterTypeName="executor://mstestadapter/v2" className="SmartClient_UnitTest.VideoOS.RemoteClient.Plugin.GisMap.ThinkGeoMap.SpecializedOverlays.Overlays.MapItemsOverlayTests" name="PermanentMarkers_ShouldAdd_WhenTryInitExecuted" />
    </UnitTest>
    <UnitTest name="PatrollingStepListViewModel_DeleteStepExecute" storage="d:\actions-runner\_work\xpco\xpco\allsolutions\..\sc\components\remoteviewer\smartclient\tst\zsmartclient_unittest\bin\x64\debug\net6.0-windows\zsmartclient_unittest.dll" id="64e7256a-b290-3467-22a6-88571ed2d255">
      <Execution id="90ea84ff-f0c6-4e3f-b4a9-33578bb1ea0b" />
      <TestMethod codeBase="D:\actions-runner\_work\XPCO\XPCO\AllSolutions\..\SC\Components\RemoteViewer\SmartClient\tst\zSmartClient_UnitTest\bin\x64\Debug\net6.0-windows\zSmartClient_UnitTest.dll" adapterTypeName="executor://mstestadapter/v2" className="SmartClient_UnitTest.VideoOS.RemoteClient.Application.UI.PtzPreset.PatrollingViewModel.PatrollingStepListViewModelTest" name="PatrollingStepListViewModel_DeleteStepExecute" />
    </UnitTest>
    <UnitTest name="ScWorkspaceStateChangedEvent_ShouldSetDeviceIsDisabledToFalse_WhenSwitchingToSetupModeAndDeviceIsDisabled" storage="d:\actions-runner\_work\xpco\xpco\allsolutions\..\sc\components\remoteviewer\smartclient\tst\zsmartclient_unittest\bin\x64\debug\net6.0-windows\zsmartclient_unittest.dll" id="0642a600-4a64-e9cb-eb5f-0984d3d228c6">
      <TestCategory>
        <TestCategoryItem TestCategory="GisMapData.MapLayers" />
      </TestCategory>
      <Execution id="b97779a3-0032-47c2-85b0-c69901f639ac" />
      <TestMethod codeBase="D:\actions-runner\_work\XPCO\XPCO\AllSolutions\..\SC\Components\RemoteViewer\SmartClient\tst\zSmartClient_UnitTest\bin\x64\Debug\net6.0-windows\zSmartClient_UnitTest.dll" adapterTypeName="executor://mstestadapter/v2" className="SmartClient_UnitTest.VideoOS.RemoteClient.GisMapData.MapLayers.OutputItemsMapLayerTests" name="ScWorkspaceStateChangedEvent_ShouldSetDeviceIsDisabledToFalse_WhenSwitchingToSetupModeAndDeviceIsDisabled" />
    </UnitTest>
    <UnitTest name="SmartMapGoToAreaHandler_WhenDataIsValid_ShouldCallNavigateTo" storage="d:\actions-runner\_work\xpco\xpco\allsolutions\..\sc\components\remoteviewer\smartclient\tst\zsmartclient_unittest\bin\x64\debug\net6.0-windows\zsmartclient_unittest.dll" id="8ccd7a8f-ef67-0ae3-b153-d3f9ffe8fcc3">
      <Execution id="4877a92f-6182-41f0-b3ca-c9967589221d" />
      <TestMethod codeBase="D:\actions-runner\_work\XPCO\XPCO\AllSolutions\..\SC\Components\RemoteViewer\SmartClient\tst\zSmartClient_UnitTest\bin\x64\Debug\net6.0-windows\zSmartClient_UnitTest.dll" adapterTypeName="executor://mstestadapter/v2" className="SmartClient_UnitTest.VideoOS.RemoteClient.Plugin.GisMap.MIP.ContentHolderMipMessageManagerTests" name="SmartMapGoToAreaHandler_WhenDataIsValid_ShouldCallNavigateTo" />
    </UnitTest>
    <UnitTest name="SearchResultsActionBarActions_MipActionSpecificallySupportsSelectedSearchResult_ActionEnabled" storage="d:\actions-runner\_work\xpco\xpco\allsolutions\..\sc\components\remoteviewer\smartclient\tst\zsmartclient_unittest\bin\x64\debug\net6.0-windows\zsmartclient_unittest.dll" id="3375033a-d5e6-72b6-24f8-d995495958e4">
      <TestCategory>
        <TestCategoryItem TestCategory="SearchResultActionBarViewModel" />
      </TestCategory>
      <Execution id="543acac3-05ec-4cae-b540-0db977cc6738" />
      <TestMethod codeBase="D:\actions-runner\_work\XPCO\XPCO\AllSolutions\..\SC\Components\RemoteViewer\SmartClient\tst\zSmartClient_UnitTest\bin\x64\Debug\net6.0-windows\zSmartClient_UnitTest.dll" adapterTypeName="executor://mstestadapter/v2" className="SmartClient_UnitTest.VideoOS.RemoteClient.Plugin.CentralizedSearch.ViewModels.SearchResultsActionBarViewModelTest" name="SearchResultsActionBarActions_MipActionSpecificallySupportsSelectedSearchResult_ActionEnabled" />
    </UnitTest>
    <UnitTest name="GetCameraTypes_ShouldReturnSingleCameraType" storage="d:\actions-runner\_work\xpco\xpco\allsolutions\..\sc\components\remoteviewer\smartclient\tst\zsmartclient_unittest\bin\x64\debug\net6.0-windows\zsmartclient_unittest.dll" id="da8fd7da-175b-17d6-2b65-b1622f31efd6">
      <Execution id="43ec3b31-2c6d-478e-a298-99ba4c3d18b3" />
      <TestMethod codeBase="D:\actions-runner\_work\XPCO\XPCO\AllSolutions\..\SC\Components\RemoteViewer\SmartClient\tst\zSmartClient_UnitTest\bin\x64\Debug\net6.0-windows\zSmartClient_UnitTest.dll" adapterTypeName="executor://mstestadapter/v2" className="SmartClient_UnitTest.VideoOS.RemoteClient.Application.Data.ContentTypes.ReportingContentType.DashboardExtentionsTest" name="GetCameraTypes_ShouldReturnSingleCameraType" />
    </UnitTest>
    <UnitTest name="Search_MultipleCategories_SearchCallsDelegatedToSearchManager" storage="d:\actions-runner\_work\xpco\xpco\allsolutions\..\sc\components\remoteviewer\smartclient\tst\zsmartclient_unittest\bin\x64\debug\net6.0-windows\zsmartclient_unittest.dll" id="a28e9689-4e5e-848d-448b-9fc289af2ecb">
      <TestCategory>
        <TestCategoryItem TestCategory="Search" />
      </TestCategory>
      <Execution id="daba05f6-1076-4264-a436-dc052dba2711" />
      <TestMethod codeBase="D:\actions-runner\_work\XPCO\XPCO\AllSolutions\..\SC\Components\RemoteViewer\SmartClient\tst\zSmartClient_UnitTest\bin\x64\Debug\net6.0-windows\zSmartClient_UnitTest.dll" adapterTypeName="executor://mstestadapter/v2" className="SmartClient_UnitTest.VideoOS.RemoteClient.Plugin.CentralizedSearch.MIPPlugin.CompositeSearchDefinitionTests" name="Search_MultipleCategories_SearchCallsDelegatedToSearchManager" />
    </UnitTest>
    <UnitTest name="ScWorkspaceStateChangedEvent_ShouldKeepIsSelected_WhenSwitchingToSetupMode" storage="d:\actions-runner\_work\xpco\xpco\allsolutions\..\sc\components\remoteviewer\smartclient\tst\zsmartclient_unittest\bin\x64\debug\net6.0-windows\zsmartclient_unittest.dll" id="fd11af71-a4c4-5921-60ab-2b01bfd9ee13">
      <TestCategory>
        <TestCategoryItem TestCategory="GisMapData.MapLayers" />
      </TestCategory>
      <Execution id="94a673a3-3982-4307-bd44-6e413b5f96f1" />
      <TestMethod codeBase="D:\actions-runner\_work\XPCO\XPCO\AllSolutions\..\SC\Components\RemoteViewer\SmartClient\tst\zSmartClient_UnitTest\bin\x64\Debug\net6.0-windows\zSmartClient_UnitTest.dll" adapterTypeName="executor://mstestadapter/v2" className="SmartClient_UnitTest.VideoOS.RemoteClient.GisMapData.MapLayers.MicrophoneItemsMapLayerTests" name="ScWorkspaceStateChangedEvent_ShouldKeepIsSelected_WhenSwitchingToSetupMode" />
    </UnitTest>
    <UnitTest name="CallingAction_Generates_PopoverUserControl_WhenToolbarPluginTypeIsUserControl" storage="d:\actions-runner\_work\xpco\xpco\allsolutions\..\sc\components\remoteviewer\smartclient\tst\zsmartclient_unittest\bin\x64\debug\net6.0-windows\zsmartclient_unittest.dll" id="663795a0-d44e-108c-adbb-753bfdf4d621">
      <TestCategory>
        <TestCategoryItem TestCategory="WorkspaceToolbar" />
      </TestCategory>
      <Execution id="54dfb5c0-8667-4dba-a3e4-00b491121061" />
      <TestMethod codeBase="D:\actions-runner\_work\XPCO\XPCO\AllSolutions\..\SC\Components\RemoteViewer\SmartClient\tst\zSmartClient_UnitTest\bin\x64\Debug\net6.0-windows\zSmartClient_UnitTest.dll" adapterTypeName="executor://mstestadapter/v2" className="SmartClient_UnitTest.VideoOS.RemoteClient.Application.Data.WorkspaceToolbar.WorkspaceToolbarItemMipPluginTests" name="CallingAction_Generates_PopoverUserControl_WhenToolbarPluginTypeIsUserControl" />
    </UnitTest>
    <UnitTest name="IsDisabled_ShouldBeTrue_WhenApplicationIsInBrowseMode" storage="d:\actions-runner\_work\xpco\xpco\allsolutions\..\sc\components\remoteviewer\smartclient\tst\zsmartclient_unittest\bin\x64\debug\net6.0-windows\zsmartclient_unittest.dll" id="5e16f1a5-ac2f-de21-a1b1-de59b21f35bb">
      <TestCategory>
        <TestCategoryItem TestCategory="GisMapData.MapItem.Outputs" />
      </TestCategory>
      <Execution id="2c2d77be-77af-4972-bf91-80efcaa91627" />
      <TestMethod codeBase="D:\actions-runner\_work\XPCO\XPCO\AllSolutions\..\SC\Components\RemoteViewer\SmartClient\tst\zSmartClient_UnitTest\bin\x64\Debug\net6.0-windows\zSmartClient_UnitTest.dll" adapterTypeName="executor://mstestadapter/v2" className="SmartClient_UnitTest.VideoOS.RemoteClient.GisMapData.MapItem.Outputs.OutputMapItemTests" name="IsDisabled_ShouldBeTrue_WhenApplicationIsInBrowseMode" />
    </UnitTest>
    <UnitTest name="RemoveSelectedCameraCommand_CameraInList_CameraRemoved" storage="d:\actions-runner\_work\xpco\xpco\allsolutions\..\sc\components\remoteviewer\smartclient\tst\zsmartclient_unittest\bin\x64\debug\net6.0-windows\zsmartclient_unittest.dll" id="17891e0b-7823-7706-f334-6ca55cc2528c">
      <TestCategory>
        <TestCategoryItem TestCategory="SearchViewModels" />
      </TestCategory>
      <Execution id="2b32d4a9-e5ba-45bf-aaba-e2acac4901d5" />
      <TestMethod codeBase="D:\actions-runner\_work\XPCO\XPCO\AllSolutions\..\SC\Components\RemoteViewer\SmartClient\tst\zSmartClient_UnitTest\bin\x64\Debug\net6.0-windows\zSmartClient_UnitTest.dll" adapterTypeName="executor://mstestadapter/v2" className="SmartClient_UnitTest.VideoOS.RemoteClient.Plugin.CentralizedSearch.ViewModels.SearchViewModelTests" name="RemoveSelectedCameraCommand_CameraInList_CameraRemoved" />
    </UnitTest>
    <UnitTest name="MutedMicrophoneIconsId_ShouldReturnMutedIconsInAProperOrder_WhenCalled" storage="d:\actions-runner\_work\xpco\xpco\allsolutions\..\sc\components\remoteviewer\smartclient\tst\zsmartclient_unittest\bin\x64\debug\net6.0-windows\zsmartclient_unittest.dll" id="d7aebc88-d17a-4418-cff4-f3007ce02d1e">
      <TestCategory>
        <TestCategoryItem TestCategory="GisMapData.MicrophoneOemResourcesProviderTests" />
      </TestCategory>
      <Execution id="d0cde3d2-3b67-4282-8fe8-e3d47b55f719" />
      <TestMethod codeBase="D:\actions-runner\_work\XPCO\XPCO\AllSolutions\..\SC\Components\RemoteViewer\SmartClient\tst\zSmartClient_UnitTest\bin\x64\Debug\net6.0-windows\zSmartClient_UnitTest.dll" adapterTypeName="executor://mstestadapter/v2" className="SmartClient_UnitTest.VideoOS.RemoteClient.GisMapData.Resources.MicrophoneOemResourcesProviderTests" name="MutedMicrophoneIconsId_ShouldReturnMutedIconsInAProperOrder_WhenCalled" />
    </UnitTest>
    <UnitTest name="BoundingBoxNewLiveData" storage="d:\actions-runner\_work\xpco\xpco\allsolutions\..\sc\components\remoteviewer\smartclient\tst\zsmartclient_unittest\bin\x64\debug\net6.0-windows\zsmartclient_unittest.dll" id="c4726943-b1e4-7dec-138b-79d3b9940013">
      <Execution id="4fda25ad-a2e5-42de-8b28-4e5324bc0301" />
      <TestMethod codeBase="D:\actions-runner\_work\XPCO\XPCO\AllSolutions\..\SC\Components\RemoteViewer\SmartClient\tst\zSmartClient_UnitTest\bin\x64\Debug\net6.0-windows\zSmartClient_UnitTest.dll" adapterTypeName="executor://mstestadapter/v2" className="SmartClient_UnitTest.VideoOS.RemoteClient.Application.Data.Metadata.BoundingBoxes.BoundingBoxProviderTest" name="BoundingBoxNewLiveData" />
    </UnitTest>
    <UnitTest name="Deserialize_ShouldReportMissingCombineType_WhenCombineTypeIsNotPresentInXml" storage="d:\actions-runner\_work\xpco\xpco\allsolutions\..\sc\components\remoteviewer\smartclient\tst\zsmartclient_unittest\bin\x64\debug\net6.0-windows\zsmartclient_unittest.dll" id="2920c2e0-39a3-dd93-5693-d4ce08512159">
      <TestCategory>
        <TestCategoryItem TestCategory="SearchSerialization" />
      </TestCategory>
      <Execution id="aa953953-bcee-4a62-b19b-e3e6c2821698" />
      <TestMethod codeBase="D:\actions-runner\_work\XPCO\XPCO\AllSolutions\..\SC\Components\RemoteViewer\SmartClient\tst\zSmartClient_UnitTest\bin\x64\Debug\net6.0-windows\zSmartClient_UnitTest.dll" adapterTypeName="executor://mstestadapter/v2" className="SmartClient_UnitTest.VideoOS.RemoteClient.Plugin.CentralizedSearch.Models.Serialization.SearchSerializerTests" name="Deserialize_ShouldReportMissingCombineType_WhenCombineTypeIsNotPresentInXml" />
    </UnitTest>
    <UnitTest name="TestMultipleTaskSubscription" storage="d:\actions-runner\_work\xpco\xpco\allsolutions\..\sc\components\remoteviewer\smartclient\tst\zsmartclient_unittest\bin\x64\debug\net6.0-windows\zsmartclient_unittest.dll" id="5fd3f98c-c6c1-c9ae-ace1-6e51d9ce104b">
      <Execution id="a270fa5f-2333-4ff7-83d1-33b25154fdac" />
      <TestMethod codeBase="D:\actions-runner\_work\XPCO\XPCO\AllSolutions\..\SC\Components\RemoteViewer\SmartClient\tst\zSmartClient_UnitTest\bin\x64\Debug\net6.0-windows\zSmartClient_UnitTest.dll" adapterTypeName="executor://mstestadapter/v2" className="SmartClient_UnitTest.VideoOS.RemoteClient.Application.Managers.EdgeRetrievalTaskManagerUnitTest" name="TestMultipleTaskSubscription" />
    </UnitTest>
    <UnitTest name="GetMutedMicrophoneIconId_ShouldReturnValidMutedMicrophoneIconId_WhenValidUnmutedMicrophoneIconIdIsProvided" storage="d:\actions-runner\_work\xpco\xpco\allsolutions\..\sc\components\remoteviewer\smartclient\tst\zsmartclient_unittest\bin\x64\debug\net6.0-windows\zsmartclient_unittest.dll" id="47771962-fd80-aab3-ebc0-33717839eb97">
      <TestCategory>
        <TestCategoryItem TestCategory="GisMapData.MicrophoneOemResourcesProviderTests" />
      </TestCategory>
      <Execution id="88d51ca8-78e4-4652-b7cf-95a65b3dcc81" />
      <TestMethod codeBase="D:\actions-runner\_work\XPCO\XPCO\AllSolutions\..\SC\Components\RemoteViewer\SmartClient\tst\zSmartClient_UnitTest\bin\x64\Debug\net6.0-windows\zSmartClient_UnitTest.dll" adapterTypeName="executor://mstestadapter/v2" className="SmartClient_UnitTest.VideoOS.RemoteClient.GisMapData.Resources.MicrophoneOemResourcesProviderTests" name="GetMutedMicrophoneIconId_ShouldReturnValidMutedMicrophoneIconId_WhenValidUnmutedMicrophoneIconIdIsProvided" />
    </UnitTest>
    <UnitTest name="RenameDeviceTest" storage="d:\actions-runner\_work\xpco\xpco\allsolutions\..\sc\components\remoteviewer\smartclient\tst\zsmartclient_unittest\bin\x64\debug\net6.0-windows\zsmartclient_unittest.dll" id="3460e6f3-0dd6-9361-76e4-41731c8ee6fa">
      <Execution id="ed7d4bfa-970d-459f-8105-fd2def475f50" />
      <TestMethod codeBase="D:\actions-runner\_work\XPCO\XPCO\AllSolutions\..\SC\Components\RemoteViewer\SmartClient\tst\zSmartClient_UnitTest\bin\x64\Debug\net6.0-windows\zSmartClient_UnitTest.dll" adapterTypeName="executor://mstestadapter/v2" className="SmartClient_UnitTest.VideoOS.Shared.ServerAPI.IServerConfigurationTest" name="RenameDeviceTest" />
    </UnitTest>
    <UnitTest name="FocusedSearchResultChanged_CameraNotOnMap_NavigateToHomeAndShowWarning" storage="d:\actions-runner\_work\xpco\xpco\allsolutions\..\sc\components\remoteviewer\smartclient\tst\zsmartclient_unittest\bin\x64\debug\net6.0-windows\zsmartclient_unittest.dll" id="2b329938-e3b1-01ad-a60f-47df5d0a331f">
      <TestCategory>
        <TestCategoryItem TestCategory="Search.SmartMapPreview" />
      </TestCategory>
      <Execution id="9811c502-bb4b-4781-9532-bc8726a6885e" />
      <TestMethod codeBase="D:\actions-runner\_work\XPCO\XPCO\AllSolutions\..\SC\Components\RemoteViewer\SmartClient\tst\zSmartClient_UnitTest\bin\x64\Debug\net6.0-windows\zSmartClient_UnitTest.dll" adapterTypeName="executor://mstestadapter/v2" className="SmartClient_UnitTest.VideoOS.RemoteClient.Plugin.CentralizedSearch.Views.Controls.SmartMap.SmartMapPreviewTests" name="FocusedSearchResultChanged_CameraNotOnMap_NavigateToHomeAndShowWarning" />
    </UnitTest>
    <UnitTest name="GetServerGroups_ShouldReturnServerGroupsType" storage="d:\actions-runner\_work\xpco\xpco\allsolutions\..\sc\components\remoteviewer\smartclient\tst\zsmartclient_unittest\bin\x64\debug\net6.0-windows\zsmartclient_unittest.dll" id="8647f015-786e-4211-7702-95ed8f5c87dc">
      <Execution id="529d9084-0829-4d97-a8a6-1343c598b4e8" />
      <TestMethod codeBase="D:\actions-runner\_work\XPCO\XPCO\AllSolutions\..\SC\Components\RemoteViewer\SmartClient\tst\zSmartClient_UnitTest\bin\x64\Debug\net6.0-windows\zSmartClient_UnitTest.dll" adapterTypeName="executor://mstestadapter/v2" className="SmartClient_UnitTest.VideoOS.RemoteClient.Application.Data.ContentTypes.ReportingContentType.DashboardExtentionsTest" name="GetServerGroups_ShouldReturnServerGroupsType" />
    </UnitTest>
    <UnitTest name="IsMicrophoneDisabled_ShouldBeFalse_WhenMicrophoneIsEnabled" storage="d:\actions-runner\_work\xpco\xpco\allsolutions\..\sc\components\remoteviewer\smartclient\tst\zsmartclient_unittest\bin\x64\debug\net6.0-windows\zsmartclient_unittest.dll" id="5a8fb903-2861-1882-49ca-4356404c3995">
      <TestCategory>
        <TestCategoryItem TestCategory="GisMapData.MapLayers" />
      </TestCategory>
      <Execution id="11857601-0738-4629-ae5c-59812258f7f3" />
      <TestMethod codeBase="D:\actions-runner\_work\XPCO\XPCO\AllSolutions\..\SC\Components\RemoteViewer\SmartClient\tst\zSmartClient_UnitTest\bin\x64\Debug\net6.0-windows\zSmartClient_UnitTest.dll" adapterTypeName="executor://mstestadapter/v2" className="SmartClient_UnitTest.VideoOS.RemoteClient.GisMapData.MapLayers.MicrophoneItemsMapLayerTests" name="IsMicrophoneDisabled_ShouldBeFalse_WhenMicrophoneIsEnabled" />
    </UnitTest>
    <UnitTest name="TestGetWorkroom_ByWorkSpaceId_Success" storage="d:\actions-runner\_work\xpco\xpco\allsolutions\..\sc\components\remoteviewer\smartclient\tst\zsmartclient_unittest\bin\x64\debug\net6.0-windows\zsmartclient_unittest.dll" id="3a44bf9a-8ca0-1e46-e5d0-584bd0cbe223">
      <TestCategory>
        <TestCategoryItem TestCategory="WorkroomController" />
      </TestCategory>
      <Execution id="1349277d-a9ee-49fb-ad52-c243069812b9" />
      <TestMethod codeBase="D:\actions-runner\_work\XPCO\XPCO\AllSolutions\..\SC\Components\RemoteViewer\SmartClient\tst\zSmartClient_UnitTest\bin\x64\Debug\net6.0-windows\zSmartClient_UnitTest.dll" adapterTypeName="executor://mstestadapter/v2" className="VideoOS.RemoteClient.Application.Controllers.WorkroomController.UnitTest.TabWorkroomControllerTest" name="TestGetWorkroom_ByWorkSpaceId_Success" />
    </UnitTest>
    <UnitTest name="Execute_NoCommand_DialogResultReturnsFalse" storage="d:\actions-runner\_work\xpco\xpco\allsolutions\..\sc\components\remoteviewer\smartclient\tst\zsmartclient_unittest\bin\x64\debug\net6.0-windows\zsmartclient_unittest.dll" id="156bd96a-a805-e045-2ce9-1615a20e29fa">
      <Execution id="816ea70b-6878-47ce-93ae-5aae3a654fcf" />
      <TestMethod codeBase="D:\actions-runner\_work\XPCO\XPCO\AllSolutions\..\SC\Components\RemoteViewer\SmartClient\tst\zSmartClient_UnitTest\bin\x64\Debug\net6.0-windows\zSmartClient_UnitTest.dll" adapterTypeName="executor://mstestadapter/v2" className="SmartClient_UnitTest.VideoOS.RemoteClient.Application.UI.Common.MessageBoxWithList.MessageBoxWithListViewModelTests" name="Execute_NoCommand_DialogResultReturnsFalse" />
    </UnitTest>
    <UnitTest name="SaveSearchTemplateAsync_ActiveAndSaveFails_Success" storage="d:\actions-runner\_work\xpco\xpco\allsolutions\..\sc\components\remoteviewer\smartclient\tst\zsmartclient_unittest\bin\x64\debug\net6.0-windows\zsmartclient_unittest.dll" id="7e66b483-7a2b-eb7e-b3f4-08fdb2d87edb">
      <TestCategory>
        <TestCategoryItem TestCategory="SearchTemplates" />
      </TestCategory>
      <Execution id="69aa326d-051d-4512-84c0-134095a166ae" />
      <TestMethod codeBase="D:\actions-runner\_work\XPCO\XPCO\AllSolutions\..\SC\Components\RemoteViewer\SmartClient\tst\zSmartClient_UnitTest\bin\x64\Debug\net6.0-windows\zSmartClient_UnitTest.dll" adapterTypeName="executor://mstestadapter/v2" className="SmartClient_UnitTest.VideoOS.RemoteClient.Plugin.CentralizedSearch.SearchTemplates.SearchTemplateManagerTests" name="SaveSearchTemplateAsync_ActiveAndSaveFails_Success" />
    </UnitTest>
    <UnitTest name="ScWorkSpaceModeChangedEvent_ShouldSetDeviceIsDisabledToFalse_WhenSwitchingToLiveModeAndDeviceIsDisabled" storage="d:\actions-runner\_work\xpco\xpco\allsolutions\..\sc\components\remoteviewer\smartclient\tst\zsmartclient_unittest\bin\x64\debug\net6.0-windows\zsmartclient_unittest.dll" id="5d25dc9f-b119-d464-f93e-42b850f6a1ac">
      <TestCategory>
        <TestCategoryItem TestCategory="GisMapData.MapLayers" />
      </TestCategory>
      <Execution id="a24213c6-9d03-4b29-81c8-194e24e23df4" />
      <TestMethod codeBase="D:\actions-runner\_work\XPCO\XPCO\AllSolutions\..\SC\Components\RemoteViewer\SmartClient\tst\zSmartClient_UnitTest\bin\x64\Debug\net6.0-windows\zSmartClient_UnitTest.dll" adapterTypeName="executor://mstestadapter/v2" className="SmartClient_UnitTest.VideoOS.RemoteClient.GisMapData.MapLayers.MicrophoneItemsMapLayerTests" name="ScWorkSpaceModeChangedEvent_ShouldSetDeviceIsDisabledToFalse_WhenSwitchingToLiveModeAndDeviceIsDisabled" />
    </UnitTest>
    <UnitTest name="TestForAssemblyCoverage" storage="d:\actions-runner\_work\xpco\xpco\allsolutions\..\sc\components\remoteviewer\smartclient\tst\zsmartclient_unittest\bin\x64\debug\net6.0-windows\zsmartclient_unittest.dll" id="3682e780-aa17-fe02-e0c3-3a38eee876d9">
      <Execution id="e995f0cc-df57-487e-a388-eb94c3977c94" />
      <TestMethod codeBase="D:\actions-runner\_work\XPCO\XPCO\AllSolutions\..\SC\Components\RemoteViewer\SmartClient\tst\zSmartClient_UnitTest\bin\x64\Debug\net6.0-windows\zSmartClient_UnitTest.dll" adapterTypeName="executor://mstestadapter/v2" className="SmartClient_UnitTest.VideoOS.Common.MulticastRegistration.UnitTest1" name="TestForAssemblyCoverage" />
    </UnitTest>
    <UnitTest name="UpdateHomeLocationInModel_NoUpdate_Succes" storage="d:\actions-runner\_work\xpco\xpco\allsolutions\..\sc\components\remoteviewer\smartclient\tst\zsmartclient_unittest\bin\x64\debug\net6.0-windows\zsmartclient_unittest.dll" id="71b3373f-dea8-3cfe-2919-2c270031d8d7">
      <TestCategory>
        <TestCategoryItem TestCategory="GisMapContentHolderTests" />
      </TestCategory>
      <Execution id="9e352a0a-3bb1-4941-8694-f66b7c56e984" />
      <TestMethod codeBase="D:\actions-runner\_work\XPCO\XPCO\AllSolutions\..\SC\Components\RemoteViewer\SmartClient\tst\zSmartClient_UnitTest\bin\x64\Debug\net6.0-windows\zSmartClient_UnitTest.dll" adapterTypeName="executor://mstestadapter/v2" className="SmartClient_UnitTest.VideoOS.RemoteClient.Plugin.GisMap.ContentHolderTests" name="UpdateHomeLocationInModel_NoUpdate_Succes" />
    </UnitTest>
    <UnitTest name="DateToStringConverter_MultiConvertBack_Fail" storage="d:\actions-runner\_work\xpco\xpco\allsolutions\..\sc\components\remoteviewer\smartclient\tst\zsmartclient_unittest\bin\x64\debug\net6.0-windows\zsmartclient_unittest.dll" id="e91df096-2318-b52c-fe1f-08261834359a">
      <TestCategory>
        <TestCategoryItem TestCategory="SearchConverter" />
      </TestCategory>
      <Execution id="6576b310-1fd8-42de-9c20-fc08aa80a515" />
      <TestMethod codeBase="D:\actions-runner\_work\XPCO\XPCO\AllSolutions\..\SC\Components\RemoteViewer\SmartClient\tst\zSmartClient_UnitTest\bin\x64\Debug\net6.0-windows\zSmartClient_UnitTest.dll" adapterTypeName="executor://mstestadapter/v2" className="SmartClient_UnitTest.VideoOS.RemoteClient.Plugin.CentralizedSearch.Views.Converters.DurationToStringConverterTests" name="DateToStringConverter_MultiConvertBack_Fail" />
    </UnitTest>
    <UnitTest name="DeviceIcons_ShouldNotBeEmpty_WhenCalled" storage="d:\actions-runner\_work\xpco\xpco\allsolutions\..\sc\components\remoteviewer\smartclient\tst\zsmartclient_unittest\bin\x64\debug\net6.0-windows\zsmartclient_unittest.dll" id="2720977a-3c1d-8925-ae8c-f10491ee0903">
      <TestCategory>
        <TestCategoryItem TestCategory="GisMapData.CameraOemResourcesProviderTests" />
      </TestCategory>
      <Execution id="8c9539e3-3e6d-40ec-8634-fc3dee42eb96" />
      <TestMethod codeBase="D:\actions-runner\_work\XPCO\XPCO\AllSolutions\..\SC\Components\RemoteViewer\SmartClient\tst\zSmartClient_UnitTest\bin\x64\Debug\net6.0-windows\zSmartClient_UnitTest.dll" adapterTypeName="executor://mstestadapter/v2" className="SmartClient_UnitTest.VideoOS.RemoteClient.GisMapData.Resources.CameraOemResourcesProviderTests" name="DeviceIcons_ShouldNotBeEmpty_WhenCalled" />
    </UnitTest>
    <UnitTest name="Dispose_NoActiveSearchResults_Success" storage="d:\actions-runner\_work\xpco\xpco\allsolutions\..\sc\components\remoteviewer\smartclient\tst\zsmartclient_unittest\bin\x64\debug\net6.0-windows\zsmartclient_unittest.dll" id="1b422f57-785f-39b3-2e48-19335b37060e">
      <TestCategory>
        <TestCategoryItem TestCategory="SearchModels" />
      </TestCategory>
      <Execution id="150888fa-3a18-4e14-b856-f7c168f242b3" />
      <TestMethod codeBase="D:\actions-runner\_work\XPCO\XPCO\AllSolutions\..\SC\Components\RemoteViewer\SmartClient\tst\zSmartClient_UnitTest\bin\x64\Debug\net6.0-windows\zSmartClient_UnitTest.dll" adapterTypeName="executor://mstestadapter/v2" className="SmartClient_UnitTest.VideoOS.RemoteClient.Plugin.CentralizedSearch.Models.SearchModelTests" name="Dispose_NoActiveSearchResults_Success" />
    </UnitTest>
    <UnitTest name="IsMicrophoneEnabled_ShouldBeFalse_WhenMicrophoneIsDisabled" storage="d:\actions-runner\_work\xpco\xpco\allsolutions\..\sc\components\remoteviewer\smartclient\tst\zsmartclient_unittest\bin\x64\debug\net6.0-windows\zsmartclient_unittest.dll" id="f8c8d11d-62f5-abc3-7817-a973cfa3607a">
      <TestCategory>
        <TestCategoryItem TestCategory="GisMapData.MapLayers" />
      </TestCategory>
      <Execution id="f6dedbfb-5f7d-4149-8b95-45f221d82eb7" />
      <TestMethod codeBase="D:\actions-runner\_work\XPCO\XPCO\AllSolutions\..\SC\Components\RemoteViewer\SmartClient\tst\zSmartClient_UnitTest\bin\x64\Debug\net6.0-windows\zSmartClient_UnitTest.dll" adapterTypeName="executor://mstestadapter/v2" className="SmartClient_UnitTest.VideoOS.RemoteClient.GisMapData.MapLayers.MicrophoneItemsMapLayerTests" name="IsMicrophoneEnabled_ShouldBeFalse_WhenMicrophoneIsDisabled" />
    </UnitTest>
    <UnitTest name="TryGetOsmServerTileAddress_ShouldReturnFalse_WhenOsmServerAddressIsNull" storage="d:\actions-runner\_work\xpco\xpco\allsolutions\..\sc\components\remoteviewer\smartclient\tst\zsmartclient_unittest\bin\x64\debug\net6.0-windows\zsmartclient_unittest.dll" id="744b677d-0c71-fc1a-e1ca-cb97cabb4a84">
      <TestCategory>
        <TestCategoryItem TestCategory="GisMapData.Controllers.Osm" />
      </TestCategory>
      <Execution id="c3b44b46-d66a-46c1-84f3-777911da93b4" />
      <TestMethod codeBase="D:\actions-runner\_work\XPCO\XPCO\AllSolutions\..\SC\Components\RemoteViewer\SmartClient\tst\zSmartClient_UnitTest\bin\x64\Debug\net6.0-windows\zSmartClient_UnitTest.dll" adapterTypeName="executor://mstestadapter/v2" className="SmartClient_UnitTest.VideoOS.RemoteClient.GisMapData.Controllers.Osm.GisMapOsmControllerTests" name="TryGetOsmServerTileAddress_ShouldReturnFalse_WhenOsmServerAddressIsNull" />
    </UnitTest>
    <UnitTest name="ConnectSlave_FailToConnectAndAllowingSecureConnection_ShouldReturnFalse" storage="d:\actions-runner\_work\xpco\xpco\allsolutions\..\sc\components\remoteviewer\smartclient\tst\zsmartclient_unittest\bin\x64\debug\net6.0-windows\zsmartclient_unittest.dll" id="680b5a30-8d08-87c3-1561-38e60980ac40">
      <Execution id="c28873fe-190a-4710-97ef-8e39566d2471" />
      <TestMethod codeBase="D:\actions-runner\_work\XPCO\XPCO\AllSolutions\..\SC\Components\RemoteViewer\SmartClient\tst\zSmartClient_UnitTest\bin\x64\Debug\net6.0-windows\zSmartClient_UnitTest.dll" adapterTypeName="executor://mstestadapter/v2" className="VideoOS.Shared.ServerAPI.VMOViewerClientFacade.UnitTest.VMOViewerClientFacadeTests" name="ConnectSlave_FailToConnectAndAllowingSecureConnection_ShouldReturnFalse" />
    </UnitTest>
    <UnitTest name="Ctor_ShouldThrowException_WhenServerAuthenticationIsUnknown" storage="d:\actions-runner\_work\xpco\xpco\allsolutions\..\sc\components\remoteviewer\smartclient\tst\zsmartclient_unittest\bin\x64\debug\net6.0-windows\zsmartclient_unittest.dll" id="08e5fbd3-af06-8bc6-9a21-3f68283f610d">
      <TestCategory>
        <TestCategoryItem TestCategory="Authentication.ClientCredentials" />
      </TestCategory>
      <Execution id="1f517326-40e8-419c-9833-2b818fa159f1" />
      <TestMethod codeBase="D:\actions-runner\_work\XPCO\XPCO\AllSolutions\..\SC\Components\RemoteViewer\SmartClient\tst\zSmartClient_UnitTest\bin\x64\Debug\net6.0-windows\zSmartClient_UnitTest.dll" adapterTypeName="executor://mstestadapter/v2" className="SmartClient_UnitTest.VideoOS.Shared.ServerAPI.ClientCredentialsTest" name="Ctor_ShouldThrowException_WhenServerAuthenticationIsUnknown" />
    </UnitTest>
    <UnitTest name="MaxRegionsAllowed_ShouldBeIntMaxValue_WhenProvidedMaxIsZero" storage="d:\actions-runner\_work\xpco\xpco\allsolutions\..\sc\components\remoteviewer\smartclient\tst\zsmartclient_unittest\bin\x64\debug\net6.0-windows\zsmartclient_unittest.dll" id="ede7971d-d588-349a-0279-c271f7ada06e">
      <TestCategory>
        <TestCategoryItem TestCategory="Search.Filters.ViewModels" />
      </TestCategory>
      <Execution id="e2f22cad-a42c-47c5-a1d9-12511a0ba014" />
      <TestMethod codeBase="D:\actions-runner\_work\XPCO\XPCO\AllSolutions\..\SC\Components\RemoteViewer\SmartClient\tst\zSmartClient_UnitTest\bin\x64\Debug\net6.0-windows\zSmartClient_UnitTest.dll" adapterTypeName="executor://mstestadapter/v2" className="SmartClient_UnitTest.VideoOS.RemoteClient.Plugin.CentralizedSearch.MIPPlugin.Criteria.ViewModels.RegionSelectionCameraListItemHelperTests" name="MaxRegionsAllowed_ShouldBeIntMaxValue_WhenProvidedMaxIsZero" />
    </UnitTest>
    <UnitTest name="MicrophoneItemsLayer_NotIsGeographic_Load_Success" storage="d:\actions-runner\_work\xpco\xpco\allsolutions\..\sc\components\remoteviewer\smartclient\tst\zsmartclient_unittest\bin\x64\debug\net6.0-windows\zsmartclient_unittest.dll" id="f8f6e293-a84f-8369-75b0-8cd14fb32ce3">
      <TestCategory>
        <TestCategoryItem TestCategory="GisMapLayer" />
      </TestCategory>
      <Execution id="58a7292c-7d1a-47fe-b9e8-2e67f318d763" />
      <TestMethod codeBase="D:\actions-runner\_work\XPCO\XPCO\AllSolutions\..\SC\Components\RemoteViewer\SmartClient\tst\zSmartClient_UnitTest\bin\x64\Debug\net6.0-windows\zSmartClient_UnitTest.dll" adapterTypeName="executor://mstestadapter/v2" className="SmartClient_UnitTest.VideoOS.RemoteClient.GisMap.MapLayers.GisMapLayerTests" name="MicrophoneItemsLayer_NotIsGeographic_Load_Success" />
    </UnitTest>
    <UnitTest name="PatrollingProfileListViewModel_Save_DeleteProfile_Failed" storage="d:\actions-runner\_work\xpco\xpco\allsolutions\..\sc\components\remoteviewer\smartclient\tst\zsmartclient_unittest\bin\x64\debug\net6.0-windows\zsmartclient_unittest.dll" id="b9fc609a-8ca2-2be6-d0e9-1319545fa745">
      <Execution id="b42f1bb2-ee2c-460c-9d2b-90f63e35b347" />
      <TestMethod codeBase="D:\actions-runner\_work\XPCO\XPCO\AllSolutions\..\SC\Components\RemoteViewer\SmartClient\tst\zSmartClient_UnitTest\bin\x64\Debug\net6.0-windows\zSmartClient_UnitTest.dll" adapterTypeName="executor://mstestadapter/v2" className="SmartClient_UnitTest.VideoOS.RemoteClient.Application.UI.PtzPreset.PatrollingViewModel.PatrollingProfileListViewModelTest" name="PatrollingProfileListViewModel_Save_DeleteProfile_Failed" />
    </UnitTest>
    <UnitTest name="IconTooltip_ShouldBeValid_WhenInteractionStateIsAddMicrophone" storage="d:\actions-runner\_work\xpco\xpco\allsolutions\..\sc\components\remoteviewer\smartclient\tst\zsmartclient_unittest\bin\x64\debug\net6.0-windows\zsmartclient_unittest.dll" id="c01b7aad-2de6-9625-9d52-27adc6cc7bd7">
      <TestCategory>
        <TestCategoryItem TestCategory="GisMap.UI.DeviceSelectors.PanelComponents" />
      </TestCategory>
      <Execution id="c13daba1-fd87-4b8a-8c06-17cfa4d6b1a2" />
      <TestMethod codeBase="D:\actions-runner\_work\XPCO\XPCO\AllSolutions\..\SC\Components\RemoteViewer\SmartClient\tst\zSmartClient_UnitTest\bin\x64\Debug\net6.0-windows\zSmartClient_UnitTest.dll" adapterTypeName="executor://mstestadapter/v2" className="SmartClient_UnitTest.VideoOS.RemoteClient.Plugin.GisMap.UI.DeviceSelectors.PanelComponents.DeviceSelectorPanelComponentTests" name="IconTooltip_ShouldBeValid_WhenInteractionStateIsAddMicrophone" />
    </UnitTest>
    <UnitTest name="Combine_ShouldPassAllHardcodedEdgeCaseTests" storage="d:\actions-runner\_work\xpco\xpco\allsolutions\..\sc\components\remoteviewer\smartclient\tst\zsmartclient_unittest\bin\x64\debug\net6.0-windows\zsmartclient_unittest.dll" id="79dc6ade-1fb5-e53a-3895-120821ee0ad1">
      <Execution id="8d83b57e-1982-4c43-b6d6-f0b4a0cb52cc" />
      <TestMethod codeBase="D:\actions-runner\_work\XPCO\XPCO\AllSolutions\..\SC\Components\RemoteViewer\SmartClient\tst\zSmartClient_UnitTest\bin\x64\Debug\net6.0-windows\zSmartClient_UnitTest.dll" adapterTypeName="executor://mstestadapter/v2" className="SmartClient_UnitTest.VideoOS.RemoteClient.Plugin.CentralizedSearch.Models.Combiners.SearchResultCombinerTests" name="Combine_ShouldPassAllHardcodedEdgeCaseTests" />
    </UnitTest>
    <UnitTest name="WorkspaceToolBarItemEdgeRetrieve_ShouldGoIntoSelectionMode_WhenNotInSelectionMode" storage="d:\actions-runner\_work\xpco\xpco\allsolutions\..\sc\components\remoteviewer\smartclient\tst\zsmartclient_unittest\bin\x64\debug\net6.0-windows\zsmartclient_unittest.dll" id="e9871a8e-a7b1-7767-3712-747754e9915c">
      <Execution id="fbb3db4e-d6ac-4875-a244-79706da34b1a" />
      <TestMethod codeBase="D:\actions-runner\_work\XPCO\XPCO\AllSolutions\..\SC\Components\RemoteViewer\SmartClient\tst\zSmartClient_UnitTest\bin\x64\Debug\net6.0-windows\zSmartClient_UnitTest.dll" adapterTypeName="executor://mstestadapter/v2" className="SmartClient_UnitTest.VideoOS.RemoteClient.Application.Data.WorkspaceToolbar.WorkspaceToolbarItemsTimelineSelectionModeTests" name="WorkspaceToolBarItemEdgeRetrieve_ShouldGoIntoSelectionMode_WhenNotInSelectionMode" />
    </UnitTest>
    <UnitTest name="Unrelated_device_unchanged_when_camera_with_same_related_device_added" storage="d:\actions-runner\_work\xpco\xpco\allsolutions\..\sc\components\remoteviewer\smartclient\tst\zsmartclient_unittest\bin\x64\debug\net6.0-windows\zsmartclient_unittest.dll" id="6ea25a13-961a-d8b8-8741-00e7f42d7603">
      <Execution id="16d42164-4ca8-4b53-887e-a06471b42992" />
      <TestMethod codeBase="D:\actions-runner\_work\XPCO\XPCO\AllSolutions\..\SC\Components\RemoteViewer\SmartClient\tst\zSmartClient_UnitTest\bin\x64\Debug\net6.0-windows\zSmartClient_UnitTest.dll" adapterTypeName="executor://mstestadapter/v2" className="SmartClient_UnitTest.VideoOS.RemoteClient.Application.Components.EvidenceLock.EvidenceLockRelatedDeviceTests" name="Unrelated_device_unchanged_when_camera_with_same_related_device_added" />
    </UnitTest>
    <UnitTest name="ActiveInteractionStateBinding_ShouldOnlyContainNormal_WhenCtorIsCalled" storage="d:\actions-runner\_work\xpco\xpco\allsolutions\..\sc\components\remoteviewer\smartclient\tst\zsmartclient_unittest\bin\x64\debug\net6.0-windows\zsmartclient_unittest.dll" id="dd8d755a-3eba-5a94-2039-0ce20505a681">
      <TestCategory>
        <TestCategoryItem TestCategory="GisMap.LocationMarker" />
      </TestCategory>
      <Execution id="6de06025-42ce-457f-8b03-2f0fd730a555" />
      <TestMethod codeBase="D:\actions-runner\_work\XPCO\XPCO\AllSolutions\..\SC\Components\RemoteViewer\SmartClient\tst\zSmartClient_UnitTest\bin\x64\Debug\net6.0-windows\zSmartClient_UnitTest.dll" adapterTypeName="executor://mstestadapter/v2" className="SmartClient_UnitTest.VideoOS.RemoteClient.Plugin.GisMap.ThinkGeoMap.Markers.LocationMarker.LocationMarkerTests" name="ActiveInteractionStateBinding_ShouldOnlyContainNormal_WhenCtorIsCalled" />
    </UnitTest>
    <UnitTest name="GetSearchReportDialog_SelectedSearchResults_Null_Failure" storage="d:\actions-runner\_work\xpco\xpco\allsolutions\..\sc\components\remoteviewer\smartclient\tst\zsmartclient_unittest\bin\x64\debug\net6.0-windows\zsmartclient_unittest.dll" id="5175ef0f-a0f9-284b-e221-701056f8c5c0">
      <TestCategory>
        <TestCategoryItem TestCategory="Search" />
      </TestCategory>
      <Execution id="f1e4a40c-c004-4b49-9756-aa64a249d313" />
      <TestMethod codeBase="D:\actions-runner\_work\XPCO\XPCO\AllSolutions\..\SC\Components\RemoteViewer\SmartClient\tst\zSmartClient_UnitTest\bin\x64\Debug\net6.0-windows\zSmartClient_UnitTest.dll" adapterTypeName="executor://mstestadapter/v2" className="SmartClient_UnitTest.VideoOS.RemoteClient.Plugin.CentralizedSearch.ViewModels.Utility.SearchReportHandlerTests" name="GetSearchReportDialog_SelectedSearchResults_Null_Failure" />
    </UnitTest>
    <UnitTest name="BuildMapOptions_ShouldHandleSecretStringOptionsCorrectly (GisMapBingMapKey,,False)" storage="d:\actions-runner\_work\xpco\xpco\allsolutions\..\sc\components\remoteviewer\smartclient\tst\zsmartclient_unittest\bin\x64\debug\net6.0-windows\zsmartclient_unittest.dll" id="a8a4e835-940f-7215-5269-967ee52ddfcd">
      <Execution id="22347779-ad2b-4ea1-b55c-f0e1a66cad0d" />
      <TestMethod codeBase="D:\actions-runner\_work\XPCO\XPCO\AllSolutions\..\SC\Components\RemoteViewer\SmartClient\tst\zSmartClient_UnitTest\bin\x64\Debug\net6.0-windows\zSmartClient_UnitTest.dll" adapterTypeName="executor://mstestadapter/v2" className="SmartClient_UnitTest.VideoOS.RemoteClient.Application.Common.Telemetry.TelemetryBuilderTests" name="BuildMapOptions_ShouldHandleSecretStringOptionsCorrectly" />
    </UnitTest>
    <UnitTest name="IOState_ShouldYieldSameValuesForAllEnumValues_WhenRoundTripConverted (Deactivated,Deactivated)" storage="d:\actions-runner\_work\xpco\xpco\allsolutions\..\sc\components\remoteviewer\smartclient\tst\zsmartclient_unittest\bin\x64\debug\net6.0-windows\zsmartclient_unittest.dll" id="82925021-fc8d-b0e6-5578-b84c5fa8b18a">
      <TestCategory>
        <TestCategoryItem TestCategory="RecorderProxyToDtoMapping" />
      </TestCategory>
      <Execution id="6b174700-56c5-44e8-857a-c9fa30c0b9a0" />
      <TestMethod codeBase="D:\actions-runner\_work\XPCO\XPCO\AllSolutions\..\SC\Components\RemoteViewer\SmartClient\tst\zSmartClient_UnitTest\bin\x64\Debug\net6.0-windows\zSmartClient_UnitTest.dll" adapterTypeName="executor://mstestadapter/v2" className="VideoOS.Shared.ServerAPI.SOAP.RecorderClientMappingTests" name="IOState_ShouldYieldSameValuesForAllEnumValues_WhenRoundTripConverted" />
    </UnitTest>
    <UnitTest name="PatrollingProfileListViewModel_CanExecuteDeleteProfile_No_Profile_Selected" storage="d:\actions-runner\_work\xpco\xpco\allsolutions\..\sc\components\remoteviewer\smartclient\tst\zsmartclient_unittest\bin\x64\debug\net6.0-windows\zsmartclient_unittest.dll" id="dfe3fd2e-b517-b2eb-b2e2-30f7a11293dd">
      <Execution id="c2151bf2-70b9-4c36-8be9-25a04917bbcc" />
      <TestMethod codeBase="D:\actions-runner\_work\XPCO\XPCO\AllSolutions\..\SC\Components\RemoteViewer\SmartClient\tst\zSmartClient_UnitTest\bin\x64\Debug\net6.0-windows\zSmartClient_UnitTest.dll" adapterTypeName="executor://mstestadapter/v2" className="SmartClient_UnitTest.VideoOS.RemoteClient.Application.UI.PtzPreset.PatrollingViewModel.PatrollingProfileListViewModelTest" name="PatrollingProfileListViewModel_CanExecuteDeleteProfile_No_Profile_Selected" />
    </UnitTest>
    <UnitTest name="TestLoadAsyncWithNullDatagram_Failure" storage="d:\actions-runner\_work\xpco\xpco\allsolutions\..\sc\components\remoteviewer\smartclient\tst\zsmartclient_unittest\bin\x64\debug\net6.0-windows\zsmartclient_unittest.dll" id="7ed35012-584a-2fe3-a716-cd0afc4bf24c">
      <TestCategory>
        <TestCategoryItem TestCategory="GisMapBuilding" />
      </TestCategory>
      <Execution id="3ffb8664-cc64-484c-ac08-66378e5732a5" />
      <TestMethod codeBase="D:\actions-runner\_work\XPCO\XPCO\AllSolutions\..\SC\Components\RemoteViewer\SmartClient\tst\zSmartClient_UnitTest\bin\x64\Debug\net6.0-windows\zSmartClient_UnitTest.dll" adapterTypeName="executor://mstestadapter/v2" className="SmartClient_UnitTest.VideoOS.RemoteClient.GisMap.MapBuildingTests" name="TestLoadAsyncWithNullDatagram_Failure" />
    </UnitTest>
    <UnitTest name="TryGetOsmServerTileAddress_ShouldReturnTrue_WhenOsmServerAddressIsValidUrl" storage="d:\actions-runner\_work\xpco\xpco\allsolutions\..\sc\components\remoteviewer\smartclient\tst\zsmartclient_unittest\bin\x64\debug\net6.0-windows\zsmartclient_unittest.dll" id="00f0e371-214b-3362-fe49-cbc53292d7d9">
      <TestCategory>
        <TestCategoryItem TestCategory="GisMapData.Controllers.Osm" />
      </TestCategory>
      <Execution id="ab5eea77-26db-4cd3-bc8c-4a22f2fb777b" />
      <TestMethod codeBase="D:\actions-runner\_work\XPCO\XPCO\AllSolutions\..\SC\Components\RemoteViewer\SmartClient\tst\zSmartClient_UnitTest\bin\x64\Debug\net6.0-windows\zSmartClient_UnitTest.dll" adapterTypeName="executor://mstestadapter/v2" className="SmartClient_UnitTest.VideoOS.RemoteClient.GisMapData.Controllers.Osm.GisMapOsmControllerTests" name="TryGetOsmServerTileAddress_ShouldReturnTrue_WhenOsmServerAddressIsValidUrl" />
    </UnitTest>
    <UnitTest name="CreateGeometry_FourCornerBuilding_Success" storage="d:\actions-runner\_work\xpco\xpco\allsolutions\..\sc\components\remoteviewer\smartclient\tst\zsmartclient_unittest\bin\x64\debug\net6.0-windows\zsmartclient_unittest.dll" id="a4f00ade-c810-bdc2-a419-06f9196522bd">
      <TestCategory>
        <TestCategoryItem TestCategory="GisMapIndex" />
      </TestCategory>
      <Execution id="dd02d7c9-035e-432e-ab0e-c45c0f0883bd" />
      <TestMethod codeBase="D:\actions-runner\_work\XPCO\XPCO\AllSolutions\..\SC\Components\RemoteViewer\SmartClient\tst\zSmartClient_UnitTest\bin\x64\Debug\net6.0-windows\zSmartClient_UnitTest.dll" adapterTypeName="executor://mstestadapter/v2" className="SmartClient_UnitTest.VideoOS.RemoteClient.GisMapData.Common.Indexer.IndexUtilTests" name="CreateGeometry_FourCornerBuilding_Success" />
    </UnitTest>
    <UnitTest name="GetLayerFeatures_ShouldReturnCameraLayerFeaturesBasedOnCameraItemsMapLayer_WhenCameraKind" storage="d:\actions-runner\_work\xpco\xpco\allsolutions\..\sc\components\remoteviewer\smartclient\tst\zsmartclient_unittest\bin\x64\debug\net6.0-windows\zsmartclient_unittest.dll" id="651e8dde-0b5e-5bed-5256-d6a71b2a59d0">
      <TestCategory>
        <TestCategoryItem TestCategory="GisMapData.Controllers.LayerFeatures" />
      </TestCategory>
      <Execution id="e1fefda7-ebd9-4159-9a75-ec5079cee07c" />
      <TestMethod codeBase="D:\actions-runner\_work\XPCO\XPCO\AllSolutions\..\SC\Components\RemoteViewer\SmartClient\tst\zSmartClient_UnitTest\bin\x64\Debug\net6.0-windows\zSmartClient_UnitTest.dll" adapterTypeName="executor://mstestadapter/v2" className="SmartClient_UnitTest.VideoOS.RemoteClient.GisMapData.Controllers.LayerFeatures.LayerFeaturesControllerTests" name="GetLayerFeatures_ShouldReturnCameraLayerFeaturesBasedOnCameraItemsMapLayer_WhenCameraKind" />
    </UnitTest>
    <UnitTest name="IconResourceKey_ShouldBeValid_WhenInteractionStateIsAddMicrophone" storage="d:\actions-runner\_work\xpco\xpco\allsolutions\..\sc\components\remoteviewer\smartclient\tst\zsmartclient_unittest\bin\x64\debug\net6.0-windows\zsmartclient_unittest.dll" id="f6638888-72f9-3abc-824d-07e5504a43a5">
      <TestCategory>
        <TestCategoryItem TestCategory="GisMap.UI.DeviceSelectors.PanelComponents" />
      </TestCategory>
      <Execution id="d2dc7512-3cbd-4e6e-aa56-9240cd2deba1" />
      <TestMethod codeBase="D:\actions-runner\_work\XPCO\XPCO\AllSolutions\..\SC\Components\RemoteViewer\SmartClient\tst\zSmartClient_UnitTest\bin\x64\Debug\net6.0-windows\zSmartClient_UnitTest.dll" adapterTypeName="executor://mstestadapter/v2" className="SmartClient_UnitTest.VideoOS.RemoteClient.Plugin.GisMap.UI.DeviceSelectors.PanelComponents.DeviceSelectorPanelComponentTests" name="IconResourceKey_ShouldBeValid_WhenInteractionStateIsAddMicrophone" />
    </UnitTest>
    <UnitTest name="RequiredGuidProviderStrategies_ShouldHaveOneMd5AndOneSHA1Strategy_WhenEventServerIdsAreNonFipsCompliantAndFipsCompliant" storage="d:\actions-runner\_work\xpco\xpco\allsolutions\..\sc\components\remoteviewer\smartclient\tst\zsmartclient_unittest\bin\x64\debug\net6.0-windows\zsmartclient_unittest.dll" id="b45956e1-d5fa-0cc5-9bb7-ea079e1e5f1e">
      <TestCategory>
        <TestCategoryItem TestCategory="AccessControl.Services" />
      </TestCategory>
      <Execution id="d85a6918-64be-485b-ac44-61c6d0917c74" />
      <TestMethod codeBase="D:\actions-runner\_work\XPCO\XPCO\AllSolutions\..\SC\Components\RemoteViewer\SmartClient\tst\zSmartClient_UnitTest\bin\x64\Debug\net6.0-windows\zSmartClient_UnitTest.dll" adapterTypeName="executor://mstestadapter/v2" className="SmartClient_UnitTest.VideoOS.RemoteClient.AccessControl.Services.AccessControlGuidProviderTests" name="RequiredGuidProviderStrategies_ShouldHaveOneMd5AndOneSHA1Strategy_WhenEventServerIdsAreNonFipsCompliantAndFipsCompliant" />
    </UnitTest>
    <UnitTest name="Compare_ShouldPrioritizeCombinedResultsWithMostSearchCategories_WhenResultsDoNotMatchTheSameNumberOfCategories" storage="d:\actions-runner\_work\xpco\xpco\allsolutions\..\sc\components\remoteviewer\smartclient\tst\zsmartclient_unittest\bin\x64\debug\net6.0-windows\zsmartclient_unittest.dll" id="ba03e836-1476-7d35-ae0b-6b2da7f85509">
      <TestCategory>
        <TestCategoryItem TestCategory="SearchComparers" />
      </TestCategory>
      <Execution id="220f6398-188a-42d3-a57b-c9aeb3afc35a" />
      <TestMethod codeBase="D:\actions-runner\_work\XPCO\XPCO\AllSolutions\..\SC\Components\RemoteViewer\SmartClient\tst\zSmartClient_UnitTest\bin\x64\Debug\net6.0-windows\zSmartClient_UnitTest.dll" adapterTypeName="executor://mstestadapter/v2" className="SmartClient_UnitTest.VideoOS.RemoteClient.Plugin.CentralizedSearch.Models.Wrappers.Comparers.RelevanceComparerTests" name="Compare_ShouldPrioritizeCombinedResultsWithMostSearchCategories_WhenResultsDoNotMatchTheSameNumberOfCategories" />
    </UnitTest>
    <UnitTest name="FetchDeviceConfiguration_ShouldLoadCache_WhenCacheFileIsPresent" storage="d:\actions-runner\_work\xpco\xpco\allsolutions\..\sc\components\remoteviewer\smartclient\tst\zsmartclient_unittest\bin\x64\debug\net6.0-windows\zsmartclient_unittest.dll" id="6e48d542-e9b0-81b3-6d86-e61f8dff61ca">
      <Execution id="80475284-ec98-4801-8655-b819943ea249" />
      <TestMethod codeBase="D:\actions-runner\_work\XPCO\XPCO\AllSolutions\..\SC\Components\RemoteViewer\SmartClient\tst\zSmartClient_UnitTest\bin\x64\Debug\net6.0-windows\zSmartClient_UnitTest.dll" adapterTypeName="executor://mstestadapter/v2" className="SmartClient_UnitTest.VideoOS.RemoteClient.Application.Controllers.Helpers.DeviceConfigurationFetcherTests" name="FetchDeviceConfiguration_ShouldLoadCache_WhenCacheFileIsPresent" />
    </UnitTest>
    <UnitTest name="SetIncludePartialResults_ShouldRespectResultsToReselect_WhenResultsToReselectIsNotEmpty" storage="d:\actions-runner\_work\xpco\xpco\allsolutions\..\sc\components\remoteviewer\smartclient\tst\zsmartclient_unittest\bin\x64\debug\net6.0-windows\zsmartclient_unittest.dll" id="4fb20969-8818-625a-fe73-6165a97fd7c8">
      <TestCategory>
        <TestCategoryItem TestCategory="SearchResultsPreprocessor" />
      </TestCategory>
      <Execution id="e5249c8e-70d2-4ab4-99f3-4b47666cc7e8" />
      <TestMethod codeBase="D:\actions-runner\_work\XPCO\XPCO\AllSolutions\..\SC\Components\RemoteViewer\SmartClient\tst\zSmartClient_UnitTest\bin\x64\Debug\net6.0-windows\zSmartClient_UnitTest.dll" adapterTypeName="executor://mstestadapter/v2" className="SmartClient_UnitTest.VideoOS.RemoteClient.Plugin.CentralizedSearch.Models.SearchResultsPreprocessorTests" name="SetIncludePartialResults_ShouldRespectResultsToReselect_WhenResultsToReselectIsNotEmpty" />
    </UnitTest>
    <UnitTest name="PopulateTooltip_ManyResultsFromFewCameras24Hours_ValidText" storage="d:\actions-runner\_work\xpco\xpco\allsolutions\..\sc\components\remoteviewer\smartclient\tst\zsmartclient_unittest\bin\x64\debug\net6.0-windows\zsmartclient_unittest.dll" id="b58eb60e-3eb1-72c6-0301-c9875128ee4e">
      <TestCategory>
        <TestCategoryItem TestCategory="SearchControls" />
      </TestCategory>
      <Execution id="04c168cd-f1a2-4a7f-8657-caeec37e2c19" />
      <TestMethod codeBase="D:\actions-runner\_work\XPCO\XPCO\AllSolutions\..\SC\Components\RemoteViewer\SmartClient\tst\zSmartClient_UnitTest\bin\x64\Debug\net6.0-windows\zSmartClient_UnitTest.dll" adapterTypeName="executor://mstestadapter/v2" className="SmartClient_UnitTest.VideoOS.RemoteClient.Plugin.CentralizedSearch.Views.Controls.TimelineRuler.TimelineRulerControlTests" name="PopulateTooltip_ManyResultsFromFewCameras24Hours_ValidText" />
    </UnitTest>
    <UnitTest name="PatrollingStepViewModel_ConvertToIPatrollingStep" storage="d:\actions-runner\_work\xpco\xpco\allsolutions\..\sc\components\remoteviewer\smartclient\tst\zsmartclient_unittest\bin\x64\debug\net6.0-windows\zsmartclient_unittest.dll" id="aa78a0a1-2106-fb0e-c153-f9f2a07b5821">
      <Execution id="8b5e799e-34cb-407f-837a-0c4ed0d7e7c6" />
      <TestMethod codeBase="D:\actions-runner\_work\XPCO\XPCO\AllSolutions\..\SC\Components\RemoteViewer\SmartClient\tst\zSmartClient_UnitTest\bin\x64\Debug\net6.0-windows\zSmartClient_UnitTest.dll" adapterTypeName="executor://mstestadapter/v2" className="SmartClient_UnitTest.VideoOS.RemoteClient.Application.UI.PtzPreset.PatrollingViewModel.PatrollingStepViewModelTest" name="PatrollingStepViewModel_ConvertToIPatrollingStep" />
    </UnitTest>
    <UnitTest name="PopulateTooltip_ManyResultsFromSingleCamera24Hours_ValidText" storage="d:\actions-runner\_work\xpco\xpco\allsolutions\..\sc\components\remoteviewer\smartclient\tst\zsmartclient_unittest\bin\x64\debug\net6.0-windows\zsmartclient_unittest.dll" id="ae62f6d0-4efb-1563-b9f4-62dadf9c392c">
      <TestCategory>
        <TestCategoryItem TestCategory="SearchControls" />
      </TestCategory>
      <Execution id="806b85eb-c8c1-4bf5-93ad-f372562e0885" />
      <TestMethod codeBase="D:\actions-runner\_work\XPCO\XPCO\AllSolutions\..\SC\Components\RemoteViewer\SmartClient\tst\zSmartClient_UnitTest\bin\x64\Debug\net6.0-windows\zSmartClient_UnitTest.dll" adapterTypeName="executor://mstestadapter/v2" className="SmartClient_UnitTest.VideoOS.RemoteClient.Plugin.CentralizedSearch.Views.Controls.TimelineRuler.TimelineRulerControlTests" name="PopulateTooltip_ManyResultsFromSingleCamera24Hours_ValidText" />
    </UnitTest>
    <UnitTest name="SearchResultsActionBarActions_SelectedSearchResults_ExportActionEnabled" storage="d:\actions-runner\_work\xpco\xpco\allsolutions\..\sc\components\remoteviewer\smartclient\tst\zsmartclient_unittest\bin\x64\debug\net6.0-windows\zsmartclient_unittest.dll" id="feb3bdce-3024-5a59-89ff-b1ebe27d119c">
      <TestCategory>
        <TestCategoryItem TestCategory="SearchResultActionBarViewModel" />
      </TestCategory>
      <Execution id="8b37a9d2-f32e-42ae-b151-ae640d46d868" />
      <TestMethod codeBase="D:\actions-runner\_work\XPCO\XPCO\AllSolutions\..\SC\Components\RemoteViewer\SmartClient\tst\zSmartClient_UnitTest\bin\x64\Debug\net6.0-windows\zSmartClient_UnitTest.dll" adapterTypeName="executor://mstestadapter/v2" className="SmartClient_UnitTest.VideoOS.RemoteClient.Plugin.CentralizedSearch.ViewModels.SearchResultsActionBarViewModelTest" name="SearchResultsActionBarActions_SelectedSearchResults_ExportActionEnabled" />
    </UnitTest>
    <UnitTest name="FetchDeviceConfiguration_ShouldNotLoadCache_WhenCacheFileIsNotPresent" storage="d:\actions-runner\_work\xpco\xpco\allsolutions\..\sc\components\remoteviewer\smartclient\tst\zsmartclient_unittest\bin\x64\debug\net6.0-windows\zsmartclient_unittest.dll" id="9a208f53-2994-a17f-1d39-9e17cb2164bd">
      <Execution id="ec6a673e-37af-4bf9-8cfc-7e14854bdf77" />
      <TestMethod codeBase="D:\actions-runner\_work\XPCO\XPCO\AllSolutions\..\SC\Components\RemoteViewer\SmartClient\tst\zSmartClient_UnitTest\bin\x64\Debug\net6.0-windows\zSmartClient_UnitTest.dll" adapterTypeName="executor://mstestadapter/v2" className="SmartClient_UnitTest.VideoOS.RemoteClient.Application.Controllers.Helpers.DeviceConfigurationFetcherTests" name="FetchDeviceConfiguration_ShouldNotLoadCache_WhenCacheFileIsNotPresent" />
    </UnitTest>
    <UnitTest name="Ctor_NullPassedToNotNullParameters_Failure" storage="d:\actions-runner\_work\xpco\xpco\allsolutions\..\sc\components\remoteviewer\smartclient\tst\zsmartclient_unittest\bin\x64\debug\net6.0-windows\zsmartclient_unittest.dll" id="cad8e770-6b34-3ed1-d5b9-aff90025f291">
      <TestCategory>
        <TestCategoryItem TestCategory="SearchResultActionBarViewModel" />
      </TestCategory>
      <Execution id="b2ee75be-1130-42c2-b73a-32e72f3fe1ff" />
      <TestMethod codeBase="D:\actions-runner\_work\XPCO\XPCO\AllSolutions\..\SC\Components\RemoteViewer\SmartClient\tst\zSmartClient_UnitTest\bin\x64\Debug\net6.0-windows\zSmartClient_UnitTest.dll" adapterTypeName="executor://mstestadapter/v2" className="SmartClient_UnitTest.VideoOS.RemoteClient.Plugin.CentralizedSearch.ViewModels.SearchResultsActionBarViewModelTest" name="Ctor_NullPassedToNotNullParameters_Failure" />
    </UnitTest>
    <UnitTest name="Search_SingleCategory_FiltersUpdatedInSubDefinition" storage="d:\actions-runner\_work\xpco\xpco\allsolutions\..\sc\components\remoteviewer\smartclient\tst\zsmartclient_unittest\bin\x64\debug\net6.0-windows\zsmartclient_unittest.dll" id="4c20bf32-144e-f991-5a67-7f381a38b0ef">
      <TestCategory>
        <TestCategoryItem TestCategory="Search" />
      </TestCategory>
      <Execution id="8af5c8ec-077d-490b-8e5a-bb6818116c4b" />
      <TestMethod codeBase="D:\actions-runner\_work\XPCO\XPCO\AllSolutions\..\SC\Components\RemoteViewer\SmartClient\tst\zSmartClient_UnitTest\bin\x64\Debug\net6.0-windows\zSmartClient_UnitTest.dll" adapterTypeName="executor://mstestadapter/v2" className="SmartClient_UnitTest.VideoOS.RemoteClient.Plugin.CentralizedSearch.MIPPlugin.CompositeSearchDefinitionTests" name="Search_SingleCategory_FiltersUpdatedInSubDefinition" />
    </UnitTest>
    <UnitTest name="SearchAction_BrowseMode_OneYearInThePast" storage="d:\actions-runner\_work\xpco\xpco\allsolutions\..\sc\components\remoteviewer\smartclient\tst\zsmartclient_unittest\bin\x64\debug\net6.0-windows\zsmartclient_unittest.dll" id="0fc9e9bc-717c-57dc-ce36-115b2e3717aa">
      <TestCategory>
        <TestCategoryItem TestCategory="ContentHolderToolbar" />
      </TestCategory>
      <Execution id="7d910530-3997-48ef-8342-7d741264f8c4" />
      <TestMethod codeBase="D:\actions-runner\_work\XPCO\XPCO\AllSolutions\..\SC\Components\RemoteViewer\SmartClient\tst\zSmartClient_UnitTest\bin\x64\Debug\net6.0-windows\zSmartClient_UnitTest.dll" adapterTypeName="executor://mstestadapter/v2" className="SmartClient_UnitTest.VideoOS.RemoteClient.Application.Data.ContentHolderToolbar.ToolBarItemSearchTests" name="SearchAction_BrowseMode_OneYearInThePast" />
    </UnitTest>
    <UnitTest name="SerializeDeserialize_ExcludeNotPersistedProperties_Success" storage="d:\actions-runner\_work\xpco\xpco\allsolutions\..\sc\components\remoteviewer\smartclient\tst\zsmartclient_unittest\bin\x64\debug\net6.0-windows\zsmartclient_unittest.dll" id="efe4db7d-9fc9-dd9f-492e-e4ff6529fb1e">
      <Execution id="653c22eb-59fa-47a1-8eb0-4b274168e959" />
      <TestMethod codeBase="D:\actions-runner\_work\XPCO\XPCO\AllSolutions\..\SC\Components\RemoteViewer\SmartClient\tst\zSmartClient_UnitTest\bin\x64\Debug\net6.0-windows\zSmartClient_UnitTest.dll" adapterTypeName="executor://mstestadapter/v2" className="SmartClient_UnitTest.VideoOS.RemoteClient.Application.Data.States.CentralizedSearchStateTest" name="SerializeDeserialize_ExcludeNotPersistedProperties_Success" />
    </UnitTest>
    <UnitTest name="OnMarkerRightClicked_ShouldLetMapLayerControlMenuItems_WhenSingleMapItemSelected" storage="d:\actions-runner\_work\xpco\xpco\allsolutions\..\sc\components\remoteviewer\smartclient\tst\zsmartclient_unittest\bin\x64\debug\net6.0-windows\zsmartclient_unittest.dll" id="62360bb2-0571-b412-04d5-fd14e8294ea1">
      <TestCategory>
        <TestCategoryItem TestCategory="SmartMap.MapItemsOverlay" />
      </TestCategory>
      <Execution id="cce6290c-705c-40fa-a1a5-134d3cc9de01" />
      <TestMethod codeBase="D:\actions-runner\_work\XPCO\XPCO\AllSolutions\..\SC\Components\RemoteViewer\SmartClient\tst\zSmartClient_UnitTest\bin\x64\Debug\net6.0-windows\zSmartClient_UnitTest.dll" adapterTypeName="executor://mstestadapter/v2" className="SmartClient_UnitTest.VideoOS.RemoteClient.Plugin.GisMap.ThinkGeoMap.SpecializedOverlays.Overlays.MapItemsOverlayTests" name="OnMarkerRightClicked_ShouldLetMapLayerControlMenuItems_WhenSingleMapItemSelected" />
    </UnitTest>
    <UnitTest name="ConvertBack_ShouldReturnIsNormalState_WhenValueIsNull" storage="d:\actions-runner\_work\xpco\xpco\allsolutions\..\sc\components\remoteviewer\smartclient\tst\zsmartclient_unittest\bin\x64\debug\net6.0-windows\zsmartclient_unittest.dll" id="4dadd341-55c4-2c66-0797-5674a8d63b8b">
      <TestCategory>
        <TestCategoryItem TestCategory="GisMap.InteractionStateConverter" />
      </TestCategory>
      <Execution id="b63f1102-f7d3-4d40-806d-4ff1f0c6e2c0" />
      <TestMethod codeBase="D:\actions-runner\_work\XPCO\XPCO\AllSolutions\..\SC\Components\RemoteViewer\SmartClient\tst\zSmartClient_UnitTest\bin\x64\Debug\net6.0-windows\zSmartClient_UnitTest.dll" adapterTypeName="executor://mstestadapter/v2" className="SmartClient_UnitTest.VideoOS.RemoteClient.Plugin.GisMap.View.InteractionStateConverterTests" name="ConvertBack_ShouldReturnIsNormalState_WhenValueIsNull" />
    </UnitTest>
    <UnitTest name="SupportsDoubleClick_ShouldBeFalse_WhenInteractionStateIsNotNormalAndInSetupMode" storage="d:\actions-runner\_work\xpco\xpco\allsolutions\..\sc\components\remoteviewer\smartclient\tst\zsmartclient_unittest\bin\x64\debug\net6.0-windows\zsmartclient_unittest.dll" id="46dd7f69-3eb9-c12b-fd9e-271331372eba">
      <TestCategory>
        <TestCategoryItem TestCategory="GisMap.LegacyLinkMarker" />
      </TestCategory>
      <Execution id="500e6e91-d280-4639-9347-0599ac288971" />
      <TestMethod codeBase="D:\actions-runner\_work\XPCO\XPCO\AllSolutions\..\SC\Components\RemoteViewer\SmartClient\tst\zSmartClient_UnitTest\bin\x64\Debug\net6.0-windows\zSmartClient_UnitTest.dll" adapterTypeName="executor://mstestadapter/v2" className="SmartClient_UnitTest.VideoOS.RemoteClient.Plugin.GisMap.ThinkGeoMap.Markers.LegacyLinkMarker.LegacyLinkMarkerTests" name="SupportsDoubleClick_ShouldBeFalse_WhenInteractionStateIsNotNormalAndInSetupMode" />
    </UnitTest>
    <UnitTest name="TestHasCapapability_DoesNotHave_Success" storage="d:\actions-runner\_work\xpco\xpco\allsolutions\..\sc\components\remoteviewer\smartclient\tst\zsmartclient_unittest\bin\x64\debug\net6.0-windows\zsmartclient_unittest.dll" id="ff572efe-33da-3147-c10c-1641937b78fe">
      <Execution id="b92e16ef-4741-4ea4-8622-2b0c8febaaaf" />
      <TestMethod codeBase="D:\actions-runner\_work\XPCO\XPCO\AllSolutions\..\SC\Components\RemoteViewer\SmartClient\tst\zSmartClient_UnitTest\bin\x64\Debug\net6.0-windows\zSmartClient_UnitTest.dll" adapterTypeName="executor://mstestadapter/v2" className="SmartClient_UnitTest.VideoOS.RemoteClient.GisMapData.Common.GisMapServerCapabilitiesTest" name="TestHasCapapability_DoesNotHave_Success" />
    </UnitTest>
    <UnitTest name="MapInputIcons_WhenPinkOemResource_ShouldReturnSevenIcons" storage="d:\actions-runner\_work\xpco\xpco\allsolutions\..\sc\components\remoteviewer\smartclient\tst\zsmartclient_unittest\bin\x64\debug\net6.0-windows\zsmartclient_unittest.dll" id="5fa2d48f-d59e-30ed-e88d-ec6e2699e6a0">
      <Execution id="0caf2576-306f-41f2-9bee-27417015b547" />
      <TestMethod codeBase="D:\actions-runner\_work\XPCO\XPCO\AllSolutions\..\SC\Components\RemoteViewer\SmartClient\tst\zSmartClient_UnitTest\bin\x64\Debug\net6.0-windows\zSmartClient_UnitTest.dll" adapterTypeName="executor://mstestadapter/v2" className="SmartClient_UnitTest.VideoOS.RemoteClient.Application.Controllers.OemResourceControllerTest" name="MapInputIcons_WhenPinkOemResource_ShouldReturnSevenIcons" />
    </UnitTest>
    <UnitTest name="FocusedSearchResultChanged_CameraOnMap_NavigateToCamera" storage="d:\actions-runner\_work\xpco\xpco\allsolutions\..\sc\components\remoteviewer\smartclient\tst\zsmartclient_unittest\bin\x64\debug\net6.0-windows\zsmartclient_unittest.dll" id="dd098655-ce3b-b407-bc7d-fa88b3ed5381">
      <TestCategory>
        <TestCategoryItem TestCategory="Search.SmartMapPreview" />
      </TestCategory>
      <Execution id="985f5893-6e48-449e-a470-534c0382815d" />
      <TestMethod codeBase="D:\actions-runner\_work\XPCO\XPCO\AllSolutions\..\SC\Components\RemoteViewer\SmartClient\tst\zSmartClient_UnitTest\bin\x64\Debug\net6.0-windows\zSmartClient_UnitTest.dll" adapterTypeName="executor://mstestadapter/v2" className="SmartClient_UnitTest.VideoOS.RemoteClient.Plugin.CentralizedSearch.Views.Controls.SmartMap.SmartMapPreviewTests" name="FocusedSearchResultChanged_CameraOnMap_NavigateToCamera" />
    </UnitTest>
    <UnitTest name="PtzSessionControllerInfo_UserChangedTest_Argument_Null_1" storage="d:\actions-runner\_work\xpco\xpco\allsolutions\..\sc\components\remoteviewer\smartclient\tst\zsmartclient_unittest\bin\x64\debug\net6.0-windows\zsmartclient_unittest.dll" id="3204b6d4-271a-3c48-7f1c-1d8f9fa8fb2f">
      <Execution id="9d1718a4-e431-4bd4-b615-fa49c507b28b" />
      <TestMethod codeBase="D:\actions-runner\_work\XPCO\XPCO\AllSolutions\..\SC\Components\RemoteViewer\SmartClient\tst\zSmartClient_UnitTest\bin\x64\Debug\net6.0-windows\zSmartClient_UnitTest.dll" adapterTypeName="executor://mstestadapter/v2" className="VideoOS.RemoteClient.Application.Controllers.UnitTest.PtzSessionControllerTest" name="PtzSessionControllerInfo_UserChangedTest_Argument_Null_1" />
    </UnitTest>
    <UnitTest name="TestSaveMap_BuildingsChanges_Success" storage="d:\actions-runner\_work\xpco\xpco\allsolutions\..\sc\components\remoteviewer\smartclient\tst\zsmartclient_unittest\bin\x64\debug\net6.0-windows\zsmartclient_unittest.dll" id="1e268e1f-9f4f-f655-e5bb-e50feefd0bab">
      <TestCategory>
        <TestCategoryItem TestCategory="GisMapBuilding" />
      </TestCategory>
      <Execution id="3f442919-e9c1-4f2e-8b5c-919a9af36362" />
      <TestMethod codeBase="D:\actions-runner\_work\XPCO\XPCO\AllSolutions\..\SC\Components\RemoteViewer\SmartClient\tst\zSmartClient_UnitTest\bin\x64\Debug\net6.0-windows\zSmartClient_UnitTest.dll" adapterTypeName="executor://mstestadapter/v2" className="SmartClient_UnitTest.VideoOS.RemoteClient.GisMapData.GisMapBuildingTests" name="TestSaveMap_BuildingsChanges_Success" />
    </UnitTest>
    <UnitTest name="GetItemsFor_Building2Levels_Success" storage="d:\actions-runner\_work\xpco\xpco\allsolutions\..\sc\components\remoteviewer\smartclient\tst\zsmartclient_unittest\bin\x64\debug\net6.0-windows\zsmartclient_unittest.dll" id="95e53d06-c2c3-70e9-48e1-6d7859b93b61">
      <TestCategory>
        <TestCategoryItem TestCategory="GisMapIndex" />
      </TestCategory>
      <Execution id="4488f4cd-ad2b-47f2-800e-e00e60628c84" />
      <TestMethod codeBase="D:\actions-runner\_work\XPCO\XPCO\AllSolutions\..\SC\Components\RemoteViewer\SmartClient\tst\zSmartClient_UnitTest\bin\x64\Debug\net6.0-windows\zSmartClient_UnitTest.dll" adapterTypeName="executor://mstestadapter/v2" className="SmartClient_UnitTest.VideoOS.RemoteClient.GisMapData.Common.Indexer.BuildingsAwareIndexerTests" name="GetItemsFor_Building2Levels_Success" />
    </UnitTest>
    <UnitTest name="ActiveInteractionStateBinding_ShouldOnlyContainNormal_WhenCtorIsCalled" storage="d:\actions-runner\_work\xpco\xpco\allsolutions\..\sc\components\remoteviewer\smartclient\tst\zsmartclient_unittest\bin\x64\debug\net6.0-windows\zsmartclient_unittest.dll" id="8f59d74f-1387-b481-45ba-5b4638b6eca1">
      <TestCategory>
        <TestCategoryItem TestCategory="GisMap.LegacyLinkMarker" />
      </TestCategory>
      <Execution id="91a57bf9-f726-43fe-819e-855e41b0be60" />
      <TestMethod codeBase="D:\actions-runner\_work\XPCO\XPCO\AllSolutions\..\SC\Components\RemoteViewer\SmartClient\tst\zSmartClient_UnitTest\bin\x64\Debug\net6.0-windows\zSmartClient_UnitTest.dll" adapterTypeName="executor://mstestadapter/v2" className="SmartClient_UnitTest.VideoOS.RemoteClient.Plugin.GisMap.ThinkGeoMap.Markers.LegacyLinkMarker.LegacyLinkMarkerTests" name="ActiveInteractionStateBinding_ShouldOnlyContainNormal_WhenCtorIsCalled" />
    </UnitTest>
    <UnitTest name="NavigateAndSelectAsync_SelectAnotherCamera_ReCenterCommandEnabled" storage="d:\actions-runner\_work\xpco\xpco\allsolutions\..\sc\components\remoteviewer\smartclient\tst\zsmartclient_unittest\bin\x64\debug\net6.0-windows\zsmartclient_unittest.dll" id="5725dc6b-38b3-44b7-6936-015732fd6b4c">
      <TestCategory>
        <TestCategoryItem TestCategory="GisMap.GisMapViewModel" />
      </TestCategory>
      <Execution id="ee0cb033-ea84-4dce-b69f-cd668849a8d7" />
      <TestMethod codeBase="D:\actions-runner\_work\XPCO\XPCO\AllSolutions\..\SC\Components\RemoteViewer\SmartClient\tst\zSmartClient_UnitTest\bin\x64\Debug\net6.0-windows\zSmartClient_UnitTest.dll" adapterTypeName="executor://mstestadapter/v2" className="SmartClient_UnitTest.VideoOS.RemoteClient.Plugin.GisMap.ViewModels.GisMapViewModelTests" name="NavigateAndSelectAsync_SelectAnotherCamera_ReCenterCommandEnabled" />
    </UnitTest>
    <UnitTest name="CreateDetailsViewControl_ValidSearchResult_DetailsViewPlaybackSpeedSet_Success" storage="d:\actions-runner\_work\xpco\xpco\allsolutions\..\sc\components\remoteviewer\smartclient\tst\zsmartclient_unittest\bin\x64\debug\net6.0-windows\zsmartclient_unittest.dll" id="e571b35d-57ce-9cb9-ba77-a93c8415ec13">
      <TestCategory>
        <TestCategoryItem TestCategory="SearchViews" />
      </TestCategory>
      <Execution id="963ddc92-eff8-44d2-bb5e-a076fb1eafa0" />
      <TestMethod codeBase="D:\actions-runner\_work\XPCO\XPCO\AllSolutions\..\SC\Components\RemoteViewer\SmartClient\tst\zSmartClient_UnitTest\bin\x64\Debug\net6.0-windows\zSmartClient_UnitTest.dll" adapterTypeName="executor://mstestadapter/v2" className="SmartClient_UnitTest.VideoOS.RemoteClient.Plugin.CentralizedSearch.Views.SearchResultsViewTests" name="CreateDetailsViewControl_ValidSearchResult_DetailsViewPlaybackSpeedSet_Success" />
    </UnitTest>
    <UnitTest name="MicrophoneMapItem_UpdateName_Rejected" storage="d:\actions-runner\_work\xpco\xpco\allsolutions\..\sc\components\remoteviewer\smartclient\tst\zsmartclient_unittest\bin\x64\debug\net6.0-windows\zsmartclient_unittest.dll" id="1a9497ea-544a-7067-529f-b7c94b2f8c7f">
      <TestCategory>
        <TestCategoryItem TestCategory="GisMapData.MapItem.Microphones" />
      </TestCategory>
      <Execution id="2887522f-19cb-41b8-aafb-ab09d6c44f5e" />
      <TestMethod codeBase="D:\actions-runner\_work\XPCO\XPCO\AllSolutions\..\SC\Components\RemoteViewer\SmartClient\tst\zSmartClient_UnitTest\bin\x64\Debug\net6.0-windows\zSmartClient_UnitTest.dll" adapterTypeName="executor://mstestadapter/v2" className="SmartClient_UnitTest.VideoOS.RemoteClient.GisMapData.MapItem.Microphones.MicrophoneMapItemTests" name="MicrophoneMapItem_UpdateName_Rejected" />
    </UnitTest>
    <UnitTest name="GetDuration_OneMinute_Success" storage="d:\actions-runner\_work\xpco\xpco\allsolutions\..\sc\components\remoteviewer\smartclient\tst\zsmartclient_unittest\bin\x64\debug\net6.0-windows\zsmartclient_unittest.dll" id="5004265f-fd28-da5b-c559-ead79e5384bf">
      <TestCategory>
        <TestCategoryItem TestCategory="Search" />
      </TestCategory>
      <Execution id="ce444162-bc8b-48fe-a567-e31db7ec4fc5" />
      <TestMethod codeBase="D:\actions-runner\_work\XPCO\XPCO\AllSolutions\..\SC\Components\RemoteViewer\SmartClient\tst\zSmartClient_UnitTest\bin\x64\Debug\net6.0-windows\zSmartClient_UnitTest.dll" adapterTypeName="executor://mstestadapter/v2" className="SmartClient_UnitTest.VideoOS.RemoteClient.Plugin.CentralizedSearch.ViewModels.Data.TimeScopeTests" name="GetDuration_OneMinute_Success" />
    </UnitTest>
    <UnitTest name="BoundingBoxBrowseTimeChangedTestYoungData" storage="d:\actions-runner\_work\xpco\xpco\allsolutions\..\sc\components\remoteviewer\smartclient\tst\zsmartclient_unittest\bin\x64\debug\net6.0-windows\zsmartclient_unittest.dll" id="b380b0ee-9aa4-cd9d-29ce-2b0885fdf47b">
      <Execution id="6156f4fa-ddae-49ef-b00c-076037e1c052" />
      <TestMethod codeBase="D:\actions-runner\_work\XPCO\XPCO\AllSolutions\..\SC\Components\RemoteViewer\SmartClient\tst\zSmartClient_UnitTest\bin\x64\Debug\net6.0-windows\zSmartClient_UnitTest.dll" adapterTypeName="executor://mstestadapter/v2" className="SmartClient_UnitTest.VideoOS.RemoteClient.Application.Data.Metadata.BoundingBoxes.BoundingBoxProviderTest" name="BoundingBoxBrowseTimeChangedTestYoungData" />
    </UnitTest>
    <UnitTest name="Parse_TwentyFourHours_Success" storage="d:\actions-runner\_work\xpco\xpco\allsolutions\..\sc\components\remoteviewer\smartclient\tst\zsmartclient_unittest\bin\x64\debug\net6.0-windows\zsmartclient_unittest.dll" id="b3aaeac2-8a8e-15b7-f149-450ef9d8d467">
      <TestCategory>
        <TestCategoryItem TestCategory="Search" />
      </TestCategory>
      <Execution id="14c53b1b-0e13-42da-8f45-410f970ba0f5" />
      <TestMethod codeBase="D:\actions-runner\_work\XPCO\XPCO\AllSolutions\..\SC\Components\RemoteViewer\SmartClient\tst\zSmartClient_UnitTest\bin\x64\Debug\net6.0-windows\zSmartClient_UnitTest.dll" adapterTypeName="executor://mstestadapter/v2" className="SmartClient_UnitTest.VideoOS.RemoteClient.Plugin.CentralizedSearch.Models.ScopeDurationTests" name="Parse_TwentyFourHours_Success" />
    </UnitTest>
    <UnitTest name="PatrollingProfileViewModelTest_Save_UpdateProfile_Failed" storage="d:\actions-runner\_work\xpco\xpco\allsolutions\..\sc\components\remoteviewer\smartclient\tst\zsmartclient_unittest\bin\x64\debug\net6.0-windows\zsmartclient_unittest.dll" id="dcedc9aa-0a2b-4f0d-afad-d14fe62fdbd7">
      <Execution id="8ab7c887-773a-4c9d-9c60-f65597d39c7b" />
      <TestMethod codeBase="D:\actions-runner\_work\XPCO\XPCO\AllSolutions\..\SC\Components\RemoteViewer\SmartClient\tst\zSmartClient_UnitTest\bin\x64\Debug\net6.0-windows\zSmartClient_UnitTest.dll" adapterTypeName="executor://mstestadapter/v2" className="SmartClient_UnitTest.VideoOS.RemoteClient.Application.UI.PtzPreset.PatrollingViewModel.PatrollingProfileViewModelTest" name="PatrollingProfileViewModelTest_Save_UpdateProfile_Failed" />
    </UnitTest>
    <UnitTest name="DisplayErrorOnNotificationArea_InvalidAttributeSearchError_Success" storage="d:\actions-runner\_work\xpco\xpco\allsolutions\..\sc\components\remoteviewer\smartclient\tst\zsmartclient_unittest\bin\x64\debug\net6.0-windows\zsmartclient_unittest.dll" id="973652a4-37ac-8c5a-9df8-ff32f79b8968">
      <TestCategory>
        <TestCategoryItem TestCategory="SearchViewModels" />
      </TestCategory>
      <Execution id="665bbe3f-992d-4c0c-a866-50d8257b1c03" />
      <TestMethod codeBase="D:\actions-runner\_work\XPCO\XPCO\AllSolutions\..\SC\Components\RemoteViewer\SmartClient\tst\zSmartClient_UnitTest\bin\x64\Debug\net6.0-windows\zSmartClient_UnitTest.dll" adapterTypeName="executor://mstestadapter/v2" className="SmartClient_UnitTest.VideoOS.RemoteClient.Plugin.CentralizedSearch.ViewModels.SearchViewModelTests" name="DisplayErrorOnNotificationArea_InvalidAttributeSearchError_Success" />
    </UnitTest>
    <UnitTest name="Combine_ShouldPassAllStringInputValidationTests" storage="d:\actions-runner\_work\xpco\xpco\allsolutions\..\sc\components\remoteviewer\smartclient\tst\zsmartclient_unittest\bin\x64\debug\net6.0-windows\zsmartclient_unittest.dll" id="47de8f42-b82b-27c9-e6cb-af47f9988997">
      <Execution id="308aee1b-8882-4b42-a287-1074f2dcd6a2" />
      <TestMethod codeBase="D:\actions-runner\_work\XPCO\XPCO\AllSolutions\..\SC\Components\RemoteViewer\SmartClient\tst\zSmartClient_UnitTest\bin\x64\Debug\net6.0-windows\zSmartClient_UnitTest.dll" adapterTypeName="executor://mstestadapter/v2" className="SmartClient_UnitTest.VideoOS.RemoteClient.Plugin.CentralizedSearch.Models.Combiners.SearchResultCombinerTests" name="Combine_ShouldPassAllStringInputValidationTests" />
    </UnitTest>
    <UnitTest name="GetBoundingShapesPathsAsync_ShouldGetBoundingShapesFromBoundingShapesSourceOnly_WhenOnlyBoundingShapesSourceIsPassedIn" storage="d:\actions-runner\_work\xpco\xpco\allsolutions\..\sc\components\remoteviewer\smartclient\tst\zsmartclient_unittest\bin\x64\debug\net6.0-windows\zsmartclient_unittest.dll" id="dd25e118-a384-e666-07c3-e9a0431950f6">
      <Execution id="1f3b3642-bc55-41b2-8f60-028a032350bb" />
      <TestMethod codeBase="D:\actions-runner\_work\XPCO\XPCO\AllSolutions\..\SC\Components\RemoteViewer\SmartClient\tst\zSmartClient_UnitTest\bin\x64\Debug\net6.0-windows\zSmartClient_UnitTest.dll" adapterTypeName="executor://mstestadapter/v2" className="SmartClient_UnitTest.VideoOS.RemoteClient.Plugin.CentralizedSearch.Utils.SearchResultDataExtensionsTests" name="GetBoundingShapesPathsAsync_ShouldGetBoundingShapesFromBoundingShapesSourceOnly_WhenOnlyBoundingShapesSourceIsPassedIn" />
    </UnitTest>
    <UnitTest name="MuteMicrophone_ShouldBeCalled_WhenMicrophoneStateGoesFromUnmutedToMuted" storage="d:\actions-runner\_work\xpco\xpco\allsolutions\..\sc\components\remoteviewer\smartclient\tst\zsmartclient_unittest\bin\x64\debug\net6.0-windows\zsmartclient_unittest.dll" id="40053e00-4502-6843-1f1d-ac2a3e574fe1">
      <TestCategory>
        <TestCategoryItem TestCategory="GisMapAudioController" />
      </TestCategory>
      <Execution id="878a1e83-a743-4edd-b970-3f5a9e88e4d9" />
      <TestMethod codeBase="D:\actions-runner\_work\XPCO\XPCO\AllSolutions\..\SC\Components\RemoteViewer\SmartClient\tst\zSmartClient_UnitTest\bin\x64\Debug\net6.0-windows\zSmartClient_UnitTest.dll" adapterTypeName="executor://mstestadapter/v2" className="SmartClient_UnitTest.VideoOS.RemoteClient.GisMapData.GisMapAudioControllerTests" name="MuteMicrophone_ShouldBeCalled_WhenMicrophoneStateGoesFromUnmutedToMuted" />
    </UnitTest>
    <UnitTest name="ValidateExportLocation_ShouldReturnFailResult_ExportPathIsInvalid (qwerty)" storage="d:\actions-runner\_work\xpco\xpco\allsolutions\..\sc\components\remoteviewer\smartclient\tst\zsmartclient_unittest\bin\x64\debug\net6.0-windows\zsmartclient_unittest.dll" id="3a3cca08-f659-9a8e-cc12-ee5c6f4e3dbd">
      <TestCategory>
        <TestCategoryItem TestCategory="Export" />
      </TestCategory>
      <Execution id="4f13e019-40cf-4d66-b6b6-1feceda09238" />
      <TestMethod codeBase="D:\actions-runner\_work\XPCO\XPCO\AllSolutions\..\SC\Components\RemoteViewer\SmartClient\tst\zSmartClient_UnitTest\bin\x64\Debug\net6.0-windows\zSmartClient_UnitTest.dll" adapterTypeName="executor://mstestadapter/v2" className="SmartClient_UnitTest.VideoOS.RemoteClient.Plugin.Export.ExportDataValidatorTests" name="ValidateExportLocation_ShouldReturnFailResult_ExportPathIsInvalid" />
    </UnitTest>
    <UnitTest name="GetUserOptions_ShouldReturnCustomSettingsFromOldAndNewKey_WhenDataIsAvailableInTheSystem" storage="d:\actions-runner\_work\xpco\xpco\allsolutions\..\sc\components\remoteviewer\smartclient\tst\zsmartclient_unittest\bin\x64\debug\net6.0-windows\zsmartclient_unittest.dll" id="3011877c-371c-af3a-5f96-72aad6f976b4">
      <TestCategory>
        <TestCategoryItem TestCategory="Managers" />
      </TestCategory>
      <Execution id="1bf3e088-2267-4d5c-89e5-385b0b283968" />
      <TestMethod codeBase="D:\actions-runner\_work\XPCO\XPCO\AllSolutions\..\SC\Components\RemoteViewer\SmartClient\tst\zSmartClient_UnitTest\bin\x64\Debug\net6.0-windows\zSmartClient_UnitTest.dll" adapterTypeName="executor://mstestadapter/v2" className="SmartClient_UnitTest.VideoOS.RemoteClient.Application.Managers.OptionManagerTests" name="GetUserOptions_ShouldReturnCustomSettingsFromOldAndNewKey_WhenDataIsAvailableInTheSystem" />
    </UnitTest>
    <UnitTest name="ActiveInteractionStateBinding_ShouldNotBeNull_WhenCtorIsCalled" storage="d:\actions-runner\_work\xpco\xpco\allsolutions\..\sc\components\remoteviewer\smartclient\tst\zsmartclient_unittest\bin\x64\debug\net6.0-windows\zsmartclient_unittest.dll" id="e886f146-563d-6db0-f755-1724a8f2f2c8">
      <TestCategory>
        <TestCategoryItem TestCategory="GisMap.MipItemMarker" />
      </TestCategory>
      <Execution id="7dad5a97-a994-4355-a37a-93d048823efe" />
      <TestMethod codeBase="D:\actions-runner\_work\XPCO\XPCO\AllSolutions\..\SC\Components\RemoteViewer\SmartClient\tst\zSmartClient_UnitTest\bin\x64\Debug\net6.0-windows\zSmartClient_UnitTest.dll" adapterTypeName="executor://mstestadapter/v2" className="SmartClient_UnitTest.VideoOS.RemoteClient.Plugin.GisMap.ThinkGeoMap.Markers.MipItemMarker.MipItemMarkerTests" name="ActiveInteractionStateBinding_ShouldNotBeNull_WhenCtorIsCalled" />
    </UnitTest>
    <UnitTest name="PtzInfoViewModel_PtzReservedByAnonymousOwnUserTest" storage="d:\actions-runner\_work\xpco\xpco\allsolutions\..\sc\components\remoteviewer\smartclient\tst\zsmartclient_unittest\bin\x64\debug\net6.0-windows\zsmartclient_unittest.dll" id="59d7ce5a-9242-f1c0-ee68-764d8def5314">
      <Execution id="182f63ac-8647-4c04-a409-b6636109fe6c" />
      <TestMethod codeBase="D:\actions-runner\_work\XPCO\XPCO\AllSolutions\..\SC\Components\RemoteViewer\SmartClient\tst\zSmartClient_UnitTest\bin\x64\Debug\net6.0-windows\zSmartClient_UnitTest.dll" adapterTypeName="executor://mstestadapter/v2" className="SmartClient_UnitTest.VideoOS.RemoteClient.Plugin.Map.WPFObjects.PtzInfoViewModelUnitTest" name="PtzInfoViewModel_PtzReservedByAnonymousOwnUserTest" />
    </UnitTest>
    <UnitTest name="Compare_NullVsNotNullDescending_LessThan" storage="d:\actions-runner\_work\xpco\xpco\allsolutions\..\sc\components\remoteviewer\smartclient\tst\zsmartclient_unittest\bin\x64\debug\net6.0-windows\zsmartclient_unittest.dll" id="4e201780-8be5-36cf-a6cd-fc75ae04350d">
      <TestCategory>
        <TestCategoryItem TestCategory="SearchComparers" />
      </TestCategory>
      <Execution id="86f6f269-ee3b-4809-8721-a28fa2e3498f" />
      <TestMethod codeBase="D:\actions-runner\_work\XPCO\XPCO\AllSolutions\..\SC\Components\RemoteViewer\SmartClient\tst\zSmartClient_UnitTest\bin\x64\Debug\net6.0-windows\zSmartClient_UnitTest.dll" adapterTypeName="executor://mstestadapter/v2" className="SmartClient_UnitTest.VideoOS.RemoteClient.Plugin.CentralizedSearch.Models.Wrappers.Comparers.TriggerTimeComparerTests" name="Compare_NullVsNotNullDescending_LessThan" />
    </UnitTest>
    <UnitTest name="ToSafeName_DifferentSeperator_Success" storage="d:\actions-runner\_work\xpco\xpco\allsolutions\..\sc\components\remoteviewer\smartclient\tst\zsmartclient_unittest\bin\x64\debug\net6.0-windows\zsmartclient_unittest.dll" id="0de77785-462a-9bb1-5b6c-6230796bd88d">
      <Execution id="5e380403-3bcd-4c05-9ad9-d01ef3f52ff0" />
      <TestMethod codeBase="D:\actions-runner\_work\XPCO\XPCO\AllSolutions\..\SC\Components\RemoteViewer\SmartClient\tst\zSmartClient_UnitTest\bin\x64\Debug\net6.0-windows\zSmartClient_UnitTest.dll" adapterTypeName="executor://mstestadapter/v2" className="SmartClient_UnitTest.VideoOS.RemoteClient.Application.Common.Scripting.ReservedJavascriptKeywordsTests" name="ToSafeName_DifferentSeperator_Success" />
    </UnitTest>
    <UnitTest name="SearchResultsActionBarActions_AddBookmark_BookmarkAgentAdded_SingleResult_CreateBookmarkInvoked" storage="d:\actions-runner\_work\xpco\xpco\allsolutions\..\sc\components\remoteviewer\smartclient\tst\zsmartclient_unittest\bin\x64\debug\net6.0-windows\zsmartclient_unittest.dll" id="ee49bb23-cebf-abdf-0b3d-a9f5e1a1dc4f">
      <TestCategory>
        <TestCategoryItem TestCategory="SearchResultActionBarViewModel" />
      </TestCategory>
      <Execution id="33496f93-a795-4804-9582-6361fc8c5011" />
      <TestMethod codeBase="D:\actions-runner\_work\XPCO\XPCO\AllSolutions\..\SC\Components\RemoteViewer\SmartClient\tst\zSmartClient_UnitTest\bin\x64\Debug\net6.0-windows\zSmartClient_UnitTest.dll" adapterTypeName="executor://mstestadapter/v2" className="SmartClient_UnitTest.VideoOS.RemoteClient.Plugin.CentralizedSearch.ViewModels.SearchResultsActionBarViewModelTest" name="SearchResultsActionBarActions_AddBookmark_BookmarkAgentAdded_SingleResult_CreateBookmarkInvoked" />
    </UnitTest>
    <UnitTest name="HandleGetDeviceData_ShouldReturnNotFoundDeviceData_WhenNotSupportedKind" storage="d:\actions-runner\_work\xpco\xpco\allsolutions\..\sc\components\remoteviewer\smartclient\tst\zsmartclient_unittest\bin\x64\debug\net6.0-windows\zsmartclient_unittest.dll" id="64c5fa93-8c90-e61b-c74e-24c3a14c685e">
      <TestCategory>
        <TestCategoryItem TestCategory="GisMap.Handlers.Devices.MapItems" />
      </TestCategory>
      <Execution id="38d4194a-9090-4c09-8bd8-52c98382986f" />
      <TestMethod codeBase="D:\actions-runner\_work\XPCO\XPCO\AllSolutions\..\SC\Components\RemoteViewer\SmartClient\tst\zSmartClient_UnitTest\bin\x64\Debug\net6.0-windows\zSmartClient_UnitTest.dll" adapterTypeName="executor://mstestadapter/v2" className="SmartClient_UnitTest.VideoOS.RemoteClient.Plugin.GisMap.Handlers.Devices.MapItems.CameraDataHandlerTests" name="HandleGetDeviceData_ShouldReturnNotFoundDeviceData_WhenNotSupportedKind" />
    </UnitTest>
    <UnitTest name="ValidateExportFormats_SmartClientPlayerFormat_ShouldNotReturnFailResult_ExportPathIsTooLong_WhenLongPathsEnabled (c:\aaaaaaaaaaaaaaaaaaaaaaaaaaaaaaaaaaaaaaaaaaaaaaaaaaaaaaaaaaaaaaaaaaaaaaaaaaaaaaaaaaaaaaaaaaaaaaaaaaaaaaaaaaaaaaaaaaaaaaaaaaaaaaaaaaaaaaaaaaaaaaaaaaaaaaaaaaaaaaaaaaaaaaaaaaaaaaaaaaaaaaa)" storage="d:\actions-runner\_work\xpco\xpco\allsolutions\..\sc\components\remoteviewer\smartclient\tst\zsmartclient_unittest\bin\x64\debug\net6.0-windows\zsmartclient_unittest.dll" id="4acad5f8-ff5f-402e-c75e-bdbe46a00538">
      <TestCategory>
        <TestCategoryItem TestCategory="Export" />
      </TestCategory>
      <Execution id="299820e9-ba35-4ad5-bb83-d746258eeab2" />
      <TestMethod codeBase="D:\actions-runner\_work\XPCO\XPCO\AllSolutions\..\SC\Components\RemoteViewer\SmartClient\tst\zSmartClient_UnitTest\bin\x64\Debug\net6.0-windows\zSmartClient_UnitTest.dll" adapterTypeName="executor://mstestadapter/v2" className="SmartClient_UnitTest.VideoOS.RemoteClient.Plugin.Export.ExportDataValidatorTests" name="ValidateExportFormats_SmartClientPlayerFormat_ShouldNotReturnFailResult_ExportPathIsTooLong_WhenLongPathsEnabled" />
    </UnitTest>
    <UnitTest name="TestForAssemblyCoverage" storage="d:\actions-runner\_work\xpco\xpco\allsolutions\..\sc\components\remoteviewer\smartclient\tst\zsmartclient_unittest\bin\x64\debug\net6.0-windows\zsmartclient_unittest.dll" id="7df9b500-6856-6e35-de99-08c43bb682f1">
      <Execution id="248fa747-5b39-4b32-bb85-a2fd5afc36dd" />
      <TestMethod codeBase="D:\actions-runner\_work\XPCO\XPCO\AllSolutions\..\SC\Components\RemoteViewer\SmartClient\tst\zSmartClient_UnitTest\bin\x64\Debug\net6.0-windows\zSmartClient_UnitTest.dll" adapterTypeName="executor://mstestadapter/v2" className="SmartClient_UnitTest.VideoOS.RemoteClient.Plugin.KeyboardSupport.UnitTest1" name="TestForAssemblyCoverage" />
    </UnitTest>
    <UnitTest name="ZoomOut_MapNotSet_DoesNotCrash" storage="d:\actions-runner\_work\xpco\xpco\allsolutions\..\sc\components\remoteviewer\smartclient\tst\zsmartclient_unittest\bin\x64\debug\net6.0-windows\zsmartclient_unittest.dll" id="f5cd0ea9-70e1-1cbd-01d3-fa2672fe0616">
      <Execution id="0c936f0f-726c-47b8-ba49-b368d0f4fab1" />
      <TestMethod codeBase="D:\actions-runner\_work\XPCO\XPCO\AllSolutions\..\SC\Components\RemoteViewer\SmartClient\tst\zSmartClient_UnitTest\bin\x64\Debug\net6.0-windows\zSmartClient_UnitTest.dll" adapterTypeName="executor://mstestadapter/v2" className="SmartClient_UnitTest.VideoOS.RemoteClient.Plugin.GisMap.ThinkGeoMap.DefaultZoomHandlerTests" name="ZoomOut_MapNotSet_DoesNotCrash" />
    </UnitTest>
    <UnitTest name="Ctor_ShouldAddNegotiateUserCredentialsToCache_WhenServerAuthenticationIsNotSimple" storage="d:\actions-runner\_work\xpco\xpco\allsolutions\..\sc\components\remoteviewer\smartclient\tst\zsmartclient_unittest\bin\x64\debug\net6.0-windows\zsmartclient_unittest.dll" id="e2e868a3-fc1a-6808-398b-537acaa38f26">
      <TestCategory>
        <TestCategoryItem TestCategory="Authentication.ClientCredentials" />
      </TestCategory>
      <Execution id="c1e85975-c7a4-4756-a118-b16f12d4c33b" />
      <TestMethod codeBase="D:\actions-runner\_work\XPCO\XPCO\AllSolutions\..\SC\Components\RemoteViewer\SmartClient\tst\zSmartClient_UnitTest\bin\x64\Debug\net6.0-windows\zSmartClient_UnitTest.dll" adapterTypeName="executor://mstestadapter/v2" className="SmartClient_UnitTest.VideoOS.Shared.ServerAPI.ClientCredentialsTest" name="Ctor_ShouldAddNegotiateUserCredentialsToCache_WhenServerAuthenticationIsNotSimple" />
    </UnitTest>
    <UnitTest name="SelectedDuration_ShouldRevertToPreviousSelection_WhenCustomIntervalSelectionIsCancelled" storage="d:\actions-runner\_work\xpco\xpco\allsolutions\..\sc\components\remoteviewer\smartclient\tst\zsmartclient_unittest\bin\x64\debug\net6.0-windows\zsmartclient_unittest.dll" id="91ccec24-6878-75d9-83f5-29ad2ed9f604">
      <TestCategory>
        <TestCategoryItem TestCategory="SearchViewModels" />
      </TestCategory>
      <Execution id="42796114-5df1-41ea-90a2-681457f1f5e2" />
      <TestMethod codeBase="D:\actions-runner\_work\XPCO\XPCO\AllSolutions\..\SC\Components\RemoteViewer\SmartClient\tst\zSmartClient_UnitTest\bin\x64\Debug\net6.0-windows\zSmartClient_UnitTest.dll" adapterTypeName="executor://mstestadapter/v2" className="SmartClient_UnitTest.VideoOS.RemoteClient.Plugin.CentralizedSearch.ViewModels.SearchViewModelTests" name="SelectedDuration_ShouldRevertToPreviousSelection_WhenCustomIntervalSelectionIsCancelled" />
    </UnitTest>
    <UnitTest name="SetLayerFeatures_ShouldRaiseArgumentException_WhenCameraKindAndNoneCameraLayerFeatures" storage="d:\actions-runner\_work\xpco\xpco\allsolutions\..\sc\components\remoteviewer\smartclient\tst\zsmartclient_unittest\bin\x64\debug\net6.0-windows\zsmartclient_unittest.dll" id="43a12b2e-14a7-1d5f-4fc9-a448b6cf0edd">
      <TestCategory>
        <TestCategoryItem TestCategory="GisMapData.Controllers.LayerFeatures" />
      </TestCategory>
      <Execution id="ecb00f32-6f58-4dc1-8072-6785c95e2b6a" />
      <TestMethod codeBase="D:\actions-runner\_work\XPCO\XPCO\AllSolutions\..\SC\Components\RemoteViewer\SmartClient\tst\zSmartClient_UnitTest\bin\x64\Debug\net6.0-windows\zSmartClient_UnitTest.dll" adapterTypeName="executor://mstestadapter/v2" className="SmartClient_UnitTest.VideoOS.RemoteClient.GisMapData.Controllers.LayerFeatures.LayerFeaturesControllerTests" name="SetLayerFeatures_ShouldRaiseArgumentException_WhenCameraKindAndNoneCameraLayerFeatures" />
    </UnitTest>
    <UnitTest name="GetClusters_ShouldNotIncludeItemFromBuildingIntoSuperClusterOutsideBuilding_WhenBuildingIsRendered" storage="d:\actions-runner\_work\xpco\xpco\allsolutions\..\sc\components\remoteviewer\smartclient\tst\zsmartclient_unittest\bin\x64\debug\net6.0-windows\zsmartclient_unittest.dll" id="709c7513-9237-87e3-38c3-aa85300198a4">
      <TestCategory>
        <TestCategoryItem TestCategory="GisMapIndex.SuperClusters" />
      </TestCategory>
      <Execution id="b16cc069-e70b-48e8-8a85-b5d0197bb07b" />
      <TestMethod codeBase="D:\actions-runner\_work\XPCO\XPCO\AllSolutions\..\SC\Components\RemoteViewer\SmartClient\tst\zSmartClient_UnitTest\bin\x64\Debug\net6.0-windows\zSmartClient_UnitTest.dll" adapterTypeName="executor://mstestadapter/v2" className="SmartClient_UnitTest.VideoOS.RemoteClient.GisMapData.Common.Indexer.BuildingsAwareIndexerTests_SuperCluster" name="GetClusters_ShouldNotIncludeItemFromBuildingIntoSuperClusterOutsideBuilding_WhenBuildingIsRendered" />
    </UnitTest>
    <UnitTest name="PopulateTooltip_SingleResultsFromSingleCamera12Hours_ValidText" storage="d:\actions-runner\_work\xpco\xpco\allsolutions\..\sc\components\remoteviewer\smartclient\tst\zsmartclient_unittest\bin\x64\debug\net6.0-windows\zsmartclient_unittest.dll" id="207c734e-48ea-b6e3-83cc-3b0a65265019">
      <TestCategory>
        <TestCategoryItem TestCategory="SearchControls" />
      </TestCategory>
      <Execution id="70c49015-d3b0-45bf-ae53-7d1e878321aa" />
      <TestMethod codeBase="D:\actions-runner\_work\XPCO\XPCO\AllSolutions\..\SC\Components\RemoteViewer\SmartClient\tst\zSmartClient_UnitTest\bin\x64\Debug\net6.0-windows\zSmartClient_UnitTest.dll" adapterTypeName="executor://mstestadapter/v2" className="SmartClient_UnitTest.VideoOS.RemoteClient.Plugin.CentralizedSearch.Views.Controls.TimelineRuler.TimelineRulerControlTests" name="PopulateTooltip_SingleResultsFromSingleCamera12Hours_ValidText" />
    </UnitTest>
    <UnitTest name="SearchResultsActionBarActions_MipActionDoesSupportsSelectedSearchResult_ActionDisabled" storage="d:\actions-runner\_work\xpco\xpco\allsolutions\..\sc\components\remoteviewer\smartclient\tst\zsmartclient_unittest\bin\x64\debug\net6.0-windows\zsmartclient_unittest.dll" id="ae7f298e-edeb-46f5-3d43-4270f80b5ca8">
      <TestCategory>
        <TestCategoryItem TestCategory="SearchResultActionBarViewModel" />
      </TestCategory>
      <Execution id="3d85328f-cec6-4165-a2d7-d88d7d86a8ff" />
      <TestMethod codeBase="D:\actions-runner\_work\XPCO\XPCO\AllSolutions\..\SC\Components\RemoteViewer\SmartClient\tst\zSmartClient_UnitTest\bin\x64\Debug\net6.0-windows\zSmartClient_UnitTest.dll" adapterTypeName="executor://mstestadapter/v2" className="SmartClient_UnitTest.VideoOS.RemoteClient.Plugin.CentralizedSearch.ViewModels.SearchResultsActionBarViewModelTest" name="SearchResultsActionBarActions_MipActionDoesSupportsSelectedSearchResult_ActionDisabled" />
    </UnitTest>
    <UnitTest name="PtzInfoViewModel_PtzCotrolledByPatrollingTest" storage="d:\actions-runner\_work\xpco\xpco\allsolutions\..\sc\components\remoteviewer\smartclient\tst\zsmartclient_unittest\bin\x64\debug\net6.0-windows\zsmartclient_unittest.dll" id="ed8ce939-1ecb-5339-ef24-908cae52144a">
      <Execution id="613d0345-40ed-47e9-a186-e12bfa6eb9e8" />
      <TestMethod codeBase="D:\actions-runner\_work\XPCO\XPCO\AllSolutions\..\SC\Components\RemoteViewer\SmartClient\tst\zSmartClient_UnitTest\bin\x64\Debug\net6.0-windows\zSmartClient_UnitTest.dll" adapterTypeName="executor://mstestadapter/v2" className="SmartClient_UnitTest.VideoOS.RemoteClient.Plugin.Map.WPFObjects.PtzInfoViewModelUnitTest" name="PtzInfoViewModel_PtzCotrolledByPatrollingTest" />
    </UnitTest>
    <UnitTest name="Valid password bigger length" storage="d:\actions-runner\_work\xpco\xpco\allsolutions\..\sc\components\remoteviewer\smartclient\tst\zsmartclient_unittest\bin\x64\debug\net6.0-windows\zsmartclient_unittest.dll" id="2c6723b1-fdb4-937b-160d-3f3a2b624a13">
      <TestCategory>
        <TestCategoryItem TestCategory="Export" />
      </TestCategory>
      <Execution id="1e4403f1-fd8d-4c58-b9eb-401e78dd7864" />
      <TestMethod codeBase="D:\actions-runner\_work\XPCO\XPCO\AllSolutions\..\SC\Components\RemoteViewer\SmartClient\tst\zSmartClient_UnitTest\bin\x64\Debug\net6.0-windows\zSmartClient_UnitTest.dll" adapterTypeName="executor://mstestadapter/v2" className="SmartClient_UnitTest.VideoOS.RemoteClient.Plugin.Export.PasswordDialogViewModelTests" name="SettingPassword1_ShouldSetIsPassword1Valid" />
    </UnitTest>
    <UnitTest name="BoundingBoxInvalidData" storage="d:\actions-runner\_work\xpco\xpco\allsolutions\..\sc\components\remoteviewer\smartclient\tst\zsmartclient_unittest\bin\x64\debug\net6.0-windows\zsmartclient_unittest.dll" id="55521edb-a4b7-bc99-96a2-4a68c93fc884">
      <Execution id="63bc7da3-58cd-4743-b10b-a3ffa8d77064" />
      <TestMethod codeBase="D:\actions-runner\_work\XPCO\XPCO\AllSolutions\..\SC\Components\RemoteViewer\SmartClient\tst\zSmartClient_UnitTest\bin\x64\Debug\net6.0-windows\zSmartClient_UnitTest.dll" adapterTypeName="executor://mstestadapter/v2" className="SmartClient_UnitTest.VideoOS.RemoteClient.Application.Data.Metadata.BoundingBoxes.BoundingBoxProviderTest" name="BoundingBoxInvalidData" />
    </UnitTest>
    <UnitTest name="GetOsmServerAddress_ShouldReturnAlternativeServerValue_WhenGeographicLayerIsNullAndAlternativeServerHasValidUrl" storage="d:\actions-runner\_work\xpco\xpco\allsolutions\..\sc\components\remoteviewer\smartclient\tst\zsmartclient_unittest\bin\x64\debug\net6.0-windows\zsmartclient_unittest.dll" id="63f12d9f-b048-76b8-264d-b989df0bfbca">
      <TestCategory>
        <TestCategoryItem TestCategory="GisMapData.Controllers.Osm" />
      </TestCategory>
      <Execution id="7629d457-0e74-4733-a89a-6de4ad61adae" />
      <TestMethod codeBase="D:\actions-runner\_work\XPCO\XPCO\AllSolutions\..\SC\Components\RemoteViewer\SmartClient\tst\zSmartClient_UnitTest\bin\x64\Debug\net6.0-windows\zSmartClient_UnitTest.dll" adapterTypeName="executor://mstestadapter/v2" className="SmartClient_UnitTest.VideoOS.RemoteClient.GisMapData.Controllers.Osm.GisMapOsmControllerTests" name="GetOsmServerAddress_ShouldReturnAlternativeServerValue_WhenGeographicLayerIsNullAndAlternativeServerHasValidUrl" />
    </UnitTest>
    <UnitTest name="OnLoaded_NullSmartMapControl_DoesNotCrash" storage="d:\actions-runner\_work\xpco\xpco\allsolutions\..\sc\components\remoteviewer\smartclient\tst\zsmartclient_unittest\bin\x64\debug\net6.0-windows\zsmartclient_unittest.dll" id="e1ce66f6-03d2-e28b-bcfb-64c1c424a716">
      <TestCategory>
        <TestCategoryItem TestCategory="Search.SmartMapPreview" />
      </TestCategory>
      <Execution id="c31acec8-91d2-48e3-9e00-9fa5d8d06b57" />
      <TestMethod codeBase="D:\actions-runner\_work\XPCO\XPCO\AllSolutions\..\SC\Components\RemoteViewer\SmartClient\tst\zSmartClient_UnitTest\bin\x64\Debug\net6.0-windows\zSmartClient_UnitTest.dll" adapterTypeName="executor://mstestadapter/v2" className="SmartClient_UnitTest.VideoOS.RemoteClient.Plugin.CentralizedSearch.Views.Controls.SmartMap.SmartMapPreviewTests" name="OnLoaded_NullSmartMapControl_DoesNotCrash" />
    </UnitTest>
    <UnitTest name="GetClusters_ShouldSplitSuperClusterIntoSimpleClusters_WhenZoomingIn" storage="d:\actions-runner\_work\xpco\xpco\allsolutions\..\sc\components\remoteviewer\smartclient\tst\zsmartclient_unittest\bin\x64\debug\net6.0-windows\zsmartclient_unittest.dll" id="611c2ae8-85c7-442b-a5ec-d38ddebdb9be">
      <TestCategory>
        <TestCategoryItem TestCategory="GisMapIndex.SuperClusters" />
      </TestCategory>
      <Execution id="d29720e6-1aa7-4976-b55e-1db6dc04eae7" />
      <TestMethod codeBase="D:\actions-runner\_work\XPCO\XPCO\AllSolutions\..\SC\Components\RemoteViewer\SmartClient\tst\zSmartClient_UnitTest\bin\x64\Debug\net6.0-windows\zSmartClient_UnitTest.dll" adapterTypeName="executor://mstestadapter/v2" className="SmartClient_UnitTest.VideoOS.RemoteClient.GisMapData.Common.Indexer.MapItemIndexerTests_SuperClusters" name="GetClusters_ShouldSplitSuperClusterIntoSimpleClusters_WhenZoomingIn" />
    </UnitTest>
    <UnitTest name="Decorate_ShouldAttachWindowMouseDownEvent_WhenDecorateIsCalled" storage="d:\actions-runner\_work\xpco\xpco\allsolutions\..\sc\components\remoteviewer\smartclient\tst\zsmartclient_unittest\bin\x64\debug\net6.0-windows\zsmartclient_unittest.dll" id="c3476bd9-ab82-3913-af01-2849b9aa1d17">
      <TestCategory>
        <TestCategoryItem TestCategory="GisMap.WindowsBases" />
      </TestCategory>
      <Execution id="61be30cd-360c-46f7-91dd-8a96d34968bd" />
      <TestMethod codeBase="D:\actions-runner\_work\XPCO\XPCO\AllSolutions\..\SC\Components\RemoteViewer\SmartClient\tst\zSmartClient_UnitTest\bin\x64\Debug\net6.0-windows\zSmartClient_UnitTest.dll" adapterTypeName="executor://mstestadapter/v2" className="SmartClient_UnitTest.VideoOS.RemoteClient.Plugin.GisMap.Windows.Bases.DragWindowDecoratorTests" name="Decorate_ShouldAttachWindowMouseDownEvent_WhenDecorateIsCalled" />
    </UnitTest>
    <UnitTest name="BoundingBoxLiveStartNoPlaybackHandler" storage="d:\actions-runner\_work\xpco\xpco\allsolutions\..\sc\components\remoteviewer\smartclient\tst\zsmartclient_unittest\bin\x64\debug\net6.0-windows\zsmartclient_unittest.dll" id="736d5841-1c67-3c66-a8df-caf0433686aa">
      <Execution id="0b3effe4-bd05-41bd-97df-3670602f83c8" />
      <TestMethod codeBase="D:\actions-runner\_work\XPCO\XPCO\AllSolutions\..\SC\Components\RemoteViewer\SmartClient\tst\zSmartClient_UnitTest\bin\x64\Debug\net6.0-windows\zSmartClient_UnitTest.dll" adapterTypeName="executor://mstestadapter/v2" className="SmartClient_UnitTest.VideoOS.RemoteClient.Application.Data.Metadata.BoundingBoxes.BoundingBoxProviderTest" name="BoundingBoxLiveStartNoPlaybackHandler" />
    </UnitTest>
    <UnitTest name="JPEGDataDto_ShouldYieldSameValues_WhenRoundTripConverted" storage="d:\actions-runner\_work\xpco\xpco\allsolutions\..\sc\components\remoteviewer\smartclient\tst\zsmartclient_unittest\bin\x64\debug\net6.0-windows\zsmartclient_unittest.dll" id="b3439aa9-ae3f-b685-1de2-36964f947d35">
      <TestCategory>
        <TestCategoryItem TestCategory="RecorderProxyToDtoMapping" />
      </TestCategory>
      <Execution id="4db3e282-dbc6-4b66-98d6-869be6abae89" />
      <TestMethod codeBase="D:\actions-runner\_work\XPCO\XPCO\AllSolutions\..\SC\Components\RemoteViewer\SmartClient\tst\zSmartClient_UnitTest\bin\x64\Debug\net6.0-windows\zSmartClient_UnitTest.dll" adapterTypeName="executor://mstestadapter/v2" className="VideoOS.Shared.ServerAPI.SOAP.RecorderClientMappingTests" name="JPEGDataDto_ShouldYieldSameValues_WhenRoundTripConverted" />
    </UnitTest>
    <UnitTest name="RemoveItems_SingleMapItem_OneClusterChange" storage="d:\actions-runner\_work\xpco\xpco\allsolutions\..\sc\components\remoteviewer\smartclient\tst\zsmartclient_unittest\bin\x64\debug\net6.0-windows\zsmartclient_unittest.dll" id="ea3dc3ca-b9db-c951-f087-38b03fc1d7df">
      <TestCategory>
        <TestCategoryItem TestCategory="GisMapIndex" />
      </TestCategory>
      <Execution id="807bd701-635b-4d17-87c5-ab7229e5d4cd" />
      <TestMethod codeBase="D:\actions-runner\_work\XPCO\XPCO\AllSolutions\..\SC\Components\RemoteViewer\SmartClient\tst\zSmartClient_UnitTest\bin\x64\Debug\net6.0-windows\zSmartClient_UnitTest.dll" adapterTypeName="executor://mstestadapter/v2" className="SmartClient_UnitTest.VideoOS.RemoteClient.GisMapData.Common.Indexer.MapItemIndexerTests" name="RemoveItems_SingleMapItem_OneClusterChange" />
    </UnitTest>
    <UnitTest name="GetSnapshots_UnknownErrorWhileRetrievingImage_Failure" storage="d:\actions-runner\_work\xpco\xpco\allsolutions\..\sc\components\remoteviewer\smartclient\tst\zsmartclient_unittest\bin\x64\debug\net6.0-windows\zsmartclient_unittest.dll" id="e0397ba9-9217-2c04-c95a-ff9b50a208f5">
      <TestCategory>
        <TestCategoryItem TestCategory="Search" />
      </TestCategory>
      <Execution id="4a699997-f235-4104-9c09-7a2a13880607" />
      <TestMethod codeBase="D:\actions-runner\_work\XPCO\XPCO\AllSolutions\..\SC\Components\RemoteViewer\SmartClient\tst\zSmartClient_UnitTest\bin\x64\Debug\net6.0-windows\zSmartClient_UnitTest.dll" adapterTypeName="executor://mstestadapter/v2" className="SmartClient_UnitTest.VideoOS.RemoteClient.Plugin.CentralizedSearch.ViewModels.Data.SnapshotHandlerTests" name="GetSnapshots_UnknownErrorWhileRetrievingImage_Failure" />
    </UnitTest>
    <UnitTest name="PatrollingStepViewModel_WaitTime" storage="d:\actions-runner\_work\xpco\xpco\allsolutions\..\sc\components\remoteviewer\smartclient\tst\zsmartclient_unittest\bin\x64\debug\net6.0-windows\zsmartclient_unittest.dll" id="f41a40ab-384f-e635-88d2-0deb0549b00c">
      <Execution id="dff388be-8adf-4bef-ae9b-5464250eb725" />
      <TestMethod codeBase="D:\actions-runner\_work\XPCO\XPCO\AllSolutions\..\SC\Components\RemoteViewer\SmartClient\tst\zSmartClient_UnitTest\bin\x64\Debug\net6.0-windows\zSmartClient_UnitTest.dll" adapterTypeName="executor://mstestadapter/v2" className="SmartClient_UnitTest.VideoOS.RemoteClient.Application.UI.PtzPreset.PatrollingViewModel.PatrollingStepViewModelTest" name="PatrollingStepViewModel_WaitTime" />
    </UnitTest>
    <UnitTest name="PtzInfoViewModel_PtzReservedByCurrentUserTest" storage="d:\actions-runner\_work\xpco\xpco\allsolutions\..\sc\components\remoteviewer\smartclient\tst\zsmartclient_unittest\bin\x64\debug\net6.0-windows\zsmartclient_unittest.dll" id="15256628-10ab-395d-cdc0-982196f2d384">
      <Execution id="8fd8343d-2068-42ee-bba2-c1233979184b" />
      <TestMethod codeBase="D:\actions-runner\_work\XPCO\XPCO\AllSolutions\..\SC\Components\RemoteViewer\SmartClient\tst\zSmartClient_UnitTest\bin\x64\Debug\net6.0-windows\zSmartClient_UnitTest.dll" adapterTypeName="executor://mstestadapter/v2" className="SmartClient_UnitTest.VideoOS.RemoteClient.Plugin.Map.WPFObjects.PtzInfoViewModelUnitTest" name="PtzInfoViewModel_PtzReservedByCurrentUserTest" />
    </UnitTest>
    <UnitTest name="AddSelectedWindowsToExport_ShouldShowCorrectToastMessages (0,5,5)" storage="d:\actions-runner\_work\xpco\xpco\allsolutions\..\sc\components\remoteviewer\smartclient\tst\zsmartclient_unittest\bin\x64\debug\net6.0-windows\zsmartclient_unittest.dll" id="33935880-2468-ac2a-2804-1f3918d25628">
      <TestCategory>
        <TestCategoryItem TestCategory="Managers" />
      </TestCategory>
      <Execution id="bf965f04-1632-4d39-b7cf-be5508fe59d9" />
      <TestMethod codeBase="D:\actions-runner\_work\XPCO\XPCO\AllSolutions\..\SC\Components\RemoteViewer\SmartClient\tst\zSmartClient_UnitTest\bin\x64\Debug\net6.0-windows\zSmartClient_UnitTest.dll" adapterTypeName="executor://mstestadapter/v2" className="SmartClient_UnitTest.VideoOS.RemoteClient.Application.Managers.ExportManagerTests" name="AddSelectedWindowsToExport_ShouldShowCorrectToastMessages" />
    </UnitTest>
    <UnitTest name="ConnectSlave_FailToConnectAndDoNotAllowgSecureConnection_ShouldThrowException" storage="d:\actions-runner\_work\xpco\xpco\allsolutions\..\sc\components\remoteviewer\smartclient\tst\zsmartclient_unittest\bin\x64\debug\net6.0-windows\zsmartclient_unittest.dll" id="05aeaa8c-7d80-f9e7-54a6-810812bf76ac">
      <Execution id="4b93f55d-623d-46b1-a979-35c530e3a4bb" />
      <TestMethod codeBase="D:\actions-runner\_work\XPCO\XPCO\AllSolutions\..\SC\Components\RemoteViewer\SmartClient\tst\zSmartClient_UnitTest\bin\x64\Debug\net6.0-windows\zSmartClient_UnitTest.dll" adapterTypeName="executor://mstestadapter/v2" className="VideoOS.Shared.ServerAPI.VMOViewerClientFacade.UnitTest.VMOViewerClientFacadeTests" name="ConnectSlave_FailToConnectAndDoNotAllowgSecureConnection_ShouldThrowException" />
    </UnitTest>
    <UnitTest name="PointMapItem_Load_Microphone_Success" storage="d:\actions-runner\_work\xpco\xpco\allsolutions\..\sc\components\remoteviewer\smartclient\tst\zsmartclient_unittest\bin\x64\debug\net6.0-windows\zsmartclient_unittest.dll" id="6cd2234b-585d-b823-54fb-25eb6199902f">
      <TestCategory>
        <TestCategoryItem TestCategory="GisMapData.MapItem.Microphones" />
      </TestCategory>
      <Execution id="1ce62936-1590-42f6-9b19-631a19cc53c8" />
      <TestMethod codeBase="D:\actions-runner\_work\XPCO\XPCO\AllSolutions\..\SC\Components\RemoteViewer\SmartClient\tst\zSmartClient_UnitTest\bin\x64\Debug\net6.0-windows\zSmartClient_UnitTest.dll" adapterTypeName="executor://mstestadapter/v2" className="SmartClient_UnitTest.VideoOS.RemoteClient.GisMapData.MapItem.Microphones.MicrophoneMapItemTests" name="PointMapItem_Load_Microphone_Success" />
    </UnitTest>
    <UnitTest name="IconTooltip_ShouldBeValid_WhenInteractionStateIsAddInput" storage="d:\actions-runner\_work\xpco\xpco\allsolutions\..\sc\components\remoteviewer\smartclient\tst\zsmartclient_unittest\bin\x64\debug\net6.0-windows\zsmartclient_unittest.dll" id="d84399e7-2094-11f2-58a1-ad3cf8b39c94">
      <TestCategory>
        <TestCategoryItem TestCategory="GisMap.UI.DeviceSelectors.PanelComponents" />
      </TestCategory>
      <Execution id="8a54579d-af52-4f81-8767-cadb207a6e7a" />
      <TestMethod codeBase="D:\actions-runner\_work\XPCO\XPCO\AllSolutions\..\SC\Components\RemoteViewer\SmartClient\tst\zSmartClient_UnitTest\bin\x64\Debug\net6.0-windows\zSmartClient_UnitTest.dll" adapterTypeName="executor://mstestadapter/v2" className="SmartClient_UnitTest.VideoOS.RemoteClient.Plugin.GisMap.UI.DeviceSelectors.PanelComponents.DeviceSelectorPanelComponentTests" name="IconTooltip_ShouldBeValid_WhenInteractionStateIsAddInput" />
    </UnitTest>
    <UnitTest name="GetGuidProviderStrategyByEventServerId_ShouldRaiseArgumentOutOfRangeException_WhenEventServerIdsHasNotBeenInjectedAtTheConstructor" storage="d:\actions-runner\_work\xpco\xpco\allsolutions\..\sc\components\remoteviewer\smartclient\tst\zsmartclient_unittest\bin\x64\debug\net6.0-windows\zsmartclient_unittest.dll" id="194c53c7-91a0-a39c-19f4-75d99e8bf5f1">
      <TestCategory>
        <TestCategoryItem TestCategory="AccessControl.Services" />
      </TestCategory>
      <Execution id="5a1c0ec3-2b80-4a20-a33f-2a92ab98ad89" />
      <TestMethod codeBase="D:\actions-runner\_work\XPCO\XPCO\AllSolutions\..\SC\Components\RemoteViewer\SmartClient\tst\zSmartClient_UnitTest\bin\x64\Debug\net6.0-windows\zSmartClient_UnitTest.dll" adapterTypeName="executor://mstestadapter/v2" className="SmartClient_UnitTest.VideoOS.RemoteClient.AccessControl.Services.AccessControlGuidProviderTests" name="GetGuidProviderStrategyByEventServerId_ShouldRaiseArgumentOutOfRangeException_WhenEventServerIdsHasNotBeenInjectedAtTheConstructor" />
    </UnitTest>
    <UnitTest name="DeleteDefaultLevel_Success" storage="d:\actions-runner\_work\xpco\xpco\allsolutions\..\sc\components\remoteviewer\smartclient\tst\zsmartclient_unittest\bin\x64\debug\net6.0-windows\zsmartclient_unittest.dll" id="5ffa61d1-ba0a-5c24-5f29-257815c65d94">
      <TestCategory>
        <TestCategoryItem TestCategory="GisMapBuilding" />
      </TestCategory>
      <Execution id="fe12593f-5a0b-433d-8b33-fe49d1a99ae8" />
      <TestMethod codeBase="D:\actions-runner\_work\XPCO\XPCO\AllSolutions\..\SC\Components\RemoteViewer\SmartClient\tst\zSmartClient_UnitTest\bin\x64\Debug\net6.0-windows\zSmartClient_UnitTest.dll" adapterTypeName="executor://mstestadapter/v2" className="SmartClient_UnitTest.VideoOS.RemoteClient.GisMap.MapBuildingTests" name="DeleteDefaultLevel_Success" />
    </UnitTest>
    <UnitTest name="ResolveGenericResultProperties_ShouldAppendNumberOnDuplicateTitles_WhenGivenCombinedSearchResultsWithDuplicateTitles" storage="d:\actions-runner\_work\xpco\xpco\allsolutions\..\sc\components\remoteviewer\smartclient\tst\zsmartclient_unittest\bin\x64\debug\net6.0-windows\zsmartclient_unittest.dll" id="e6354ff1-9ff3-d19c-6313-930a0e558467">
      <TestCategory>
        <TestCategoryItem TestCategory="Search" />
      </TestCategory>
      <Execution id="4f7ef024-52c0-4dc3-b269-d9fcaa770e2d" />
      <TestMethod codeBase="D:\actions-runner\_work\XPCO\XPCO\AllSolutions\..\SC\Components\RemoteViewer\SmartClient\tst\zSmartClient_UnitTest\bin\x64\Debug\net6.0-windows\zSmartClient_UnitTest.dll" adapterTypeName="executor://mstestadapter/v2" className="SmartClient_UnitTest.VideoOS.RemoteClient.Plugin.CentralizedSearch.Utils.SearchResultDataWrapperExtensionsTests" name="ResolveGenericResultProperties_ShouldAppendNumberOnDuplicateTitles_WhenGivenCombinedSearchResultsWithDuplicateTitles" />
    </UnitTest>
    <UnitTest name="ValueWithFallbackConverterTests_Convert_FirstValueNull_SecondValueNull_Failure" storage="d:\actions-runner\_work\xpco\xpco\allsolutions\..\sc\components\remoteviewer\smartclient\tst\zsmartclient_unittest\bin\x64\debug\net6.0-windows\zsmartclient_unittest.dll" id="a3a279c4-f3f7-95fe-94ce-1de6e3205e7e">
      <TestCategory>
        <TestCategoryItem TestCategory="SearchConverter" />
      </TestCategory>
      <Execution id="428648b9-5789-4938-9491-2bfc0f8f20c3" />
      <TestMethod codeBase="D:\actions-runner\_work\XPCO\XPCO\AllSolutions\..\SC\Components\RemoteViewer\SmartClient\tst\zSmartClient_UnitTest\bin\x64\Debug\net6.0-windows\zSmartClient_UnitTest.dll" adapterTypeName="executor://mstestadapter/v2" className="SmartClient_UnitTest.VideoOS.RemoteClient.Plugin.CentralizedSearch.Views.Converters.ValueWithFallbackConverterTests" name="ValueWithFallbackConverterTests_Convert_FirstValueNull_SecondValueNull_Failure" />
    </UnitTest>
    <UnitTest name="PatrollingPresetViewModel_Constructor_ArgumentNull" storage="d:\actions-runner\_work\xpco\xpco\allsolutions\..\sc\components\remoteviewer\smartclient\tst\zsmartclient_unittest\bin\x64\debug\net6.0-windows\zsmartclient_unittest.dll" id="84f87709-ca75-b015-fe61-63a08c2421fb">
      <Execution id="516e2bbf-acdf-4839-860f-ff2432316a3d" />
      <TestMethod codeBase="D:\actions-runner\_work\XPCO\XPCO\AllSolutions\..\SC\Components\RemoteViewer\SmartClient\tst\zSmartClient_UnitTest\bin\x64\Debug\net6.0-windows\zSmartClient_UnitTest.dll" adapterTypeName="executor://mstestadapter/v2" className="SmartClient_UnitTest.VideoOS.RemoteClient.Application.UI.PtzPreset.PatrollingViewModel.PatrollingPresetViewModelTest" name="PatrollingPresetViewModel_Constructor_ArgumentNull" />
    </UnitTest>
    <UnitTest name="RightButtonDown_SingleClick_DoesNotZoom" storage="d:\actions-runner\_work\xpco\xpco\allsolutions\..\sc\components\remoteviewer\smartclient\tst\zsmartclient_unittest\bin\x64\debug\net6.0-windows\zsmartclient_unittest.dll" id="c41fdcd8-e2bb-ccbb-e17c-f63252358ede">
      <TestCategory>
        <TestCategoryItem TestCategory="GisMap.MapControl" />
      </TestCategory>
      <Execution id="6d6b30e4-dbab-4713-9280-6398c80897ab" />
      <TestMethod codeBase="D:\actions-runner\_work\XPCO\XPCO\AllSolutions\..\SC\Components\RemoteViewer\SmartClient\tst\zSmartClient_UnitTest\bin\x64\Debug\net6.0-windows\zSmartClient_UnitTest.dll" adapterTypeName="executor://mstestadapter/v2" className="SmartClient_UnitTest.VideoOS.RemoteClient.Plugin.GisMap.ThinkGeoMap.ThinkGeoMapControlTests" name="RightButtonDown_SingleClick_DoesNotZoom" />
    </UnitTest>
    <UnitTest name="SmartSearchStatusType_ShouldYieldSameValuesForAllEnumValues_WhenRoundTripConverted (SearchInProgress,SearchInProgress)" storage="d:\actions-runner\_work\xpco\xpco\allsolutions\..\sc\components\remoteviewer\smartclient\tst\zsmartclient_unittest\bin\x64\debug\net6.0-windows\zsmartclient_unittest.dll" id="96e8936d-0390-58bc-a96b-c2ae29467c1e">
      <TestCategory>
        <TestCategoryItem TestCategory="RecorderProxyToDtoMapping" />
      </TestCategory>
      <Execution id="0c013990-3916-4ddd-88ae-d1141b661fb5" />
      <TestMethod codeBase="D:\actions-runner\_work\XPCO\XPCO\AllSolutions\..\SC\Components\RemoteViewer\SmartClient\tst\zSmartClient_UnitTest\bin\x64\Debug\net6.0-windows\zSmartClient_UnitTest.dll" adapterTypeName="executor://mstestadapter/v2" className="VideoOS.Shared.ServerAPI.SOAP.RecorderClientMappingTests" name="SmartSearchStatusType_ShouldYieldSameValuesForAllEnumValues_WhenRoundTripConverted" />
    </UnitTest>
    <UnitTest name="FromByteArray_Success" storage="d:\actions-runner\_work\xpco\xpco\allsolutions\..\sc\components\remoteviewer\smartclient\tst\zsmartclient_unittest\bin\x64\debug\net6.0-windows\zsmartclient_unittest.dll" id="d974494d-63ae-7806-8273-c958d7210490">
      <Execution id="bf7e327b-190f-40fe-b54a-e9fb2e106999" />
      <TestMethod codeBase="D:\actions-runner\_work\XPCO\XPCO\AllSolutions\..\SC\Components\RemoteViewer\SmartClient\tst\zSmartClient_UnitTest\bin\x64\Debug\net6.0-windows\zSmartClient_UnitTest.dll" adapterTypeName="executor://mstestadapter/v2" className="SmartClient_UnitTest.VideoOS.RemoteClient.Application.Data.ContentTypes.ImageContentType.ImageUtilsTests" name="FromByteArray_Success" />
    </UnitTest>
    <UnitTest name="GetServers_ShouldReturnCorrectServerByTypesTest" storage="d:\actions-runner\_work\xpco\xpco\allsolutions\..\sc\components\remoteviewer\smartclient\tst\zsmartclient_unittest\bin\x64\debug\net6.0-windows\zsmartclient_unittest.dll" id="86edbbe8-5149-0aa3-dcd3-1e89f5303917">
      <Execution id="b3be8d59-6f3d-49dd-aa54-11e1dc6352cf" />
      <TestMethod codeBase="D:\actions-runner\_work\XPCO\XPCO\AllSolutions\..\SC\Components\RemoteViewer\SmartClient\tst\zSmartClient_UnitTest\bin\x64\Debug\net6.0-windows\zSmartClient_UnitTest.dll" adapterTypeName="executor://mstestadapter/v2" className="SmartClient_UnitTest.VideoOS.RemoteClient.Application.Data.ContentTypes.ReportingContentType.DashboardDetailsProviderTest" name="GetServers_ShouldReturnCorrectServerByTypesTest" />
    </UnitTest>
    <UnitTest name="FilteredItems_FilterApplied_SubsetOfItemsVisible" storage="d:\actions-runner\_work\xpco\xpco\allsolutions\..\sc\components\remoteviewer\smartclient\tst\zsmartclient_unittest\bin\x64\debug\net6.0-windows\zsmartclient_unittest.dll" id="ac3585d4-59ce-87ee-5312-f23049732097">
      <TestCategory>
        <TestCategoryItem TestCategory="Search" />
      </TestCategory>
      <Execution id="ec2a64f8-e377-41b1-b10b-9f67eabbfbf8" />
      <TestMethod codeBase="D:\actions-runner\_work\XPCO\XPCO\AllSolutions\..\SC\Components\RemoteViewer\SmartClient\tst\zSmartClient_UnitTest\bin\x64\Debug\net6.0-windows\zSmartClient_UnitTest.dll" adapterTypeName="executor://mstestadapter/v2" className="SmartClient_UnitTest.VideoOS.RemoteClient.Plugin.CentralizedSearch.MIPPlugin.Criteria.MultipleSelectionAttributeEditControlTest" name="FilteredItems_FilterApplied_SubsetOfItemsVisible" />
    </UnitTest>
    <UnitTest name="Execute_RemoveCommand_DialogResultReturnsTrue" storage="d:\actions-runner\_work\xpco\xpco\allsolutions\..\sc\components\remoteviewer\smartclient\tst\zsmartclient_unittest\bin\x64\debug\net6.0-windows\zsmartclient_unittest.dll" id="12e3f3e5-87cc-94c2-7b91-aad929301ec9">
      <Execution id="373b3b22-8d47-4943-8f02-24d35946a131" />
      <TestMethod codeBase="D:\actions-runner\_work\XPCO\XPCO\AllSolutions\..\SC\Components\RemoteViewer\SmartClient\tst\zSmartClient_UnitTest\bin\x64\Debug\net6.0-windows\zSmartClient_UnitTest.dll" adapterTypeName="executor://mstestadapter/v2" className="SmartClient_UnitTest.VideoOS.RemoteClient.Application.UI.Common.MessageBoxWithList.MessageBoxWithListViewModelTests" name="Execute_RemoveCommand_DialogResultReturnsTrue" />
    </UnitTest>
    <UnitTest name="TestUpdateState_NotIsLiveOrPlayback" storage="d:\actions-runner\_work\xpco\xpco\allsolutions\..\sc\components\remoteviewer\smartclient\tst\zsmartclient_unittest\bin\x64\debug\net6.0-windows\zsmartclient_unittest.dll" id="84f93f59-fd44-afa7-32df-18fcfc62c68f">
      <TestCategory>
        <TestCategoryItem TestCategory="WorkspaceToolbar" />
      </TestCategory>
      <Execution id="dbfbc1ed-561d-4532-a566-129c4a6a52be" />
      <TestMethod codeBase="D:\actions-runner\_work\XPCO\XPCO\AllSolutions\..\SC\Components\RemoteViewer\SmartClient\tst\zSmartClient_UnitTest\bin\x64\Debug\net6.0-windows\zSmartClient_UnitTest.dll" adapterTypeName="executor://mstestadapter/v2" className="SmartClient_UnitTest.VideoOS.RemoteClient.Application.Data.WorkspaceToolbar.WorkspaceToolbarItemSmartSearchTests" name="TestUpdateState_NotIsLiveOrPlayback" />
    </UnitTest>
    <UnitTest name="Init_NullStateAndManagerReturnsNullState_InitialStateCreatedFromScratch" storage="d:\actions-runner\_work\xpco\xpco\allsolutions\..\sc\components\remoteviewer\smartclient\tst\zsmartclient_unittest\bin\x64\debug\net6.0-windows\zsmartclient_unittest.dll" id="2c3cc6dd-0ecc-2298-ce4a-d064661bf1a0">
      <TestCategory>
        <TestCategoryItem TestCategory="Search" />
      </TestCategory>
      <Execution id="2f912841-20e6-46dc-bf8c-222b7a4dae38" />
      <TestMethod codeBase="D:\actions-runner\_work\XPCO\XPCO\AllSolutions\..\SC\Components\RemoteViewer\SmartClient\tst\zSmartClient_UnitTest\bin\x64\Debug\net6.0-windows\zSmartClient_UnitTest.dll" adapterTypeName="executor://mstestadapter/v2" className="SmartClient_UnitTest.VideoOS.RemoteClient.Plugin.CentralizedSearch.CentralizedSearchContentHolderTests" name="Init_NullStateAndManagerReturnsNullState_InitialStateCreatedFromScratch" />
    </UnitTest>
    <UnitTest name="Close_ViewIsDisposed" storage="d:\actions-runner\_work\xpco\xpco\allsolutions\..\sc\components\remoteviewer\smartclient\tst\zsmartclient_unittest\bin\x64\debug\net6.0-windows\zsmartclient_unittest.dll" id="35fc3a4c-edd3-265e-4852-719b6a1e2df7">
      <TestCategory>
        <TestCategoryItem TestCategory="Export" />
      </TestCategory>
      <Execution id="630f2c1b-fd03-4955-84e0-fece178b1189" />
      <TestMethod codeBase="D:\actions-runner\_work\XPCO\XPCO\AllSolutions\..\SC\Components\RemoteViewer\SmartClient\tst\zSmartClient_UnitTest\bin\x64\Debug\net6.0-windows\zSmartClient_UnitTest.dll" adapterTypeName="executor://mstestadapter/v2" className="SmartClient_UnitTest.VideoOS.RemoteClient.Plugin.Export.ExportContentHolderTests" name="Close_ViewIsDisposed" />
    </UnitTest>
    <UnitTest name="Connect_WhenUriIsNull_ShouldThrowException" storage="d:\actions-runner\_work\xpco\xpco\allsolutions\..\sc\components\remoteviewer\smartclient\tst\zsmartclient_unittest\bin\x64\debug\net6.0-windows\zsmartclient_unittest.dll" id="84735ce6-0802-6c3e-660b-0ce9dcdbafe2">
      <Execution id="69617d3c-5d5a-47f9-a307-b2233b9b9b42" />
      <TestMethod codeBase="D:\actions-runner\_work\XPCO\XPCO\AllSolutions\..\SC\Components\RemoteViewer\SmartClient\tst\zSmartClient_UnitTest\bin\x64\Debug\net6.0-windows\zSmartClient_UnitTest.dll" adapterTypeName="executor://mstestadapter/v2" className="VideoOS.Shared.ServerAPI.ServiceChannel.UnitTest.ServiceChannelCommandServiceTests" name="Connect_WhenUriIsNull_ShouldThrowException" />
    </UnitTest>
    <UnitTest name="TestConstructor_LongLat_Success" storage="d:\actions-runner\_work\xpco\xpco\allsolutions\..\sc\components\remoteviewer\smartclient\tst\zsmartclient_unittest\bin\x64\debug\net6.0-windows\zsmartclient_unittest.dll" id="3f8e6f27-c942-75f1-d43c-4f4dbc2ed891">
      <Execution id="975f1f72-39b8-49a6-a340-f638b68e3272" />
      <TestMethod codeBase="D:\actions-runner\_work\XPCO\XPCO\AllSolutions\..\SC\Components\RemoteViewer\SmartClient\tst\zSmartClient_UnitTest\bin\x64\Debug\net6.0-windows\zSmartClient_UnitTest.dll" adapterTypeName="executor://mstestadapter/v2" className="SmartClient_UnitTest.VideoOS.RemoteClient.GisMap.Common.MapPoint2DTest" name="TestConstructor_LongLat_Success" />
    </UnitTest>
    <UnitTest name="Compare_SameTriggerTimeDeterministicBehavior_Id_Success" storage="d:\actions-runner\_work\xpco\xpco\allsolutions\..\sc\components\remoteviewer\smartclient\tst\zsmartclient_unittest\bin\x64\debug\net6.0-windows\zsmartclient_unittest.dll" id="f5d9ddfe-7809-e6c0-f589-d7f4a1e2a8af">
      <TestCategory>
        <TestCategoryItem TestCategory="SearchComparers" />
      </TestCategory>
      <Execution id="a2726de3-c6ee-4829-a4ad-cc05e172c12e" />
      <TestMethod codeBase="D:\actions-runner\_work\XPCO\XPCO\AllSolutions\..\SC\Components\RemoteViewer\SmartClient\tst\zSmartClient_UnitTest\bin\x64\Debug\net6.0-windows\zSmartClient_UnitTest.dll" adapterTypeName="executor://mstestadapter/v2" className="SmartClient_UnitTest.VideoOS.RemoteClient.Plugin.CentralizedSearch.Models.Wrappers.Comparers.TriggerTimeComparerTests" name="Compare_SameTriggerTimeDeterministicBehavior_Id_Success" />
    </UnitTest>
    <UnitTest name="FocusedSearchResultChanged_MapControlDisposed_CallIgnored" storage="d:\actions-runner\_work\xpco\xpco\allsolutions\..\sc\components\remoteviewer\smartclient\tst\zsmartclient_unittest\bin\x64\debug\net6.0-windows\zsmartclient_unittest.dll" id="135e5704-6a7d-41be-b6f0-09a10aa88b3e">
      <TestCategory>
        <TestCategoryItem TestCategory="Search.SmartMapPreview" />
      </TestCategory>
      <Execution id="05753c9a-9c49-4c0d-a418-ecb8995068ac" />
      <TestMethod codeBase="D:\actions-runner\_work\XPCO\XPCO\AllSolutions\..\SC\Components\RemoteViewer\SmartClient\tst\zSmartClient_UnitTest\bin\x64\Debug\net6.0-windows\zSmartClient_UnitTest.dll" adapterTypeName="executor://mstestadapter/v2" className="SmartClient_UnitTest.VideoOS.RemoteClient.Plugin.CentralizedSearch.Views.Controls.SmartMap.SmartMapPreviewTests" name="FocusedSearchResultChanged_MapControlDisposed_CallIgnored" />
    </UnitTest>
    <UnitTest name="SupportsDoubleClick_ShouldBeTrue_WhenInteractionStateIsNewDevice" storage="d:\actions-runner\_work\xpco\xpco\allsolutions\..\sc\components\remoteviewer\smartclient\tst\zsmartclient_unittest\bin\x64\debug\net6.0-windows\zsmartclient_unittest.dll" id="5a499a63-0d2f-5e8b-f84d-d4c0ec13dea2">
      <TestCategory>
        <TestCategoryItem TestCategory="GisMap.InputMarkerTest" />
      </TestCategory>
      <Execution id="2a67361f-04c4-4f0a-96be-32ed6b87c246" />
      <TestMethod codeBase="D:\actions-runner\_work\XPCO\XPCO\AllSolutions\..\SC\Components\RemoteViewer\SmartClient\tst\zSmartClient_UnitTest\bin\x64\Debug\net6.0-windows\zSmartClient_UnitTest.dll" adapterTypeName="executor://mstestadapter/v2" className="SmartClient_UnitTest.VideoOS.RemoteClient.Plugin.GisMap.ThinkGeoMap.Markers.DeviceMarkers.InputMarker.InputMarkerTests" name="SupportsDoubleClick_ShouldBeTrue_WhenInteractionStateIsNewDevice" />
    </UnitTest>
    <UnitTest name="Execute_CancelCommand_DialogResultReturnsFalse" storage="d:\actions-runner\_work\xpco\xpco\allsolutions\..\sc\components\remoteviewer\smartclient\tst\zsmartclient_unittest\bin\x64\debug\net6.0-windows\zsmartclient_unittest.dll" id="2690c66e-1a17-c167-c5a2-9a34963b7540">
      <Execution id="b39eb2e4-0ca4-4094-8ce9-615d0f748d56" />
      <TestMethod codeBase="D:\actions-runner\_work\XPCO\XPCO\AllSolutions\..\SC\Components\RemoteViewer\SmartClient\tst\zSmartClient_UnitTest\bin\x64\Debug\net6.0-windows\zSmartClient_UnitTest.dll" adapterTypeName="executor://mstestadapter/v2" className="SmartClient_UnitTest.VideoOS.RemoteClient.Application.UI.Common.MessageBoxWithList.MessageBoxWithListViewModelTests" name="Execute_CancelCommand_DialogResultReturnsFalse" />
    </UnitTest>
    <UnitTest name="SelectTemplate_UseInDialogEdit_ReturnsInDialogTemplate" storage="d:\actions-runner\_work\xpco\xpco\allsolutions\..\sc\components\remoteviewer\smartclient\tst\zsmartclient_unittest\bin\x64\debug\net6.0-windows\zsmartclient_unittest.dll" id="bddb2a40-1daa-d4bf-c455-d8a073e5d8cf">
      <TestCategory>
        <TestCategoryItem TestCategory="SearchViews" />
      </TestCategory>
      <Execution id="203c1820-0c0d-400c-bf71-bb5c557787aa" />
      <TestMethod codeBase="D:\actions-runner\_work\XPCO\XPCO\AllSolutions\..\SC\Components\RemoteViewer\SmartClient\tst\zSmartClient_UnitTest\bin\x64\Debug\net6.0-windows\zSmartClient_UnitTest.dll" adapterTypeName="executor://mstestadapter/v2" className="SmartClient_UnitTest.VideoOS.RemoteClient.Plugin.CentralizedSearch.Views.AttributeEditControlTemplateSelectorTests" name="SelectTemplate_UseInDialogEdit_ReturnsInDialogTemplate" />
    </UnitTest>
    <UnitTest name="Ctor_NullArgs_ArgNullException" storage="d:\actions-runner\_work\xpco\xpco\allsolutions\..\sc\components\remoteviewer\smartclient\tst\zsmartclient_unittest\bin\x64\debug\net6.0-windows\zsmartclient_unittest.dll" id="03a16989-cfc5-ab34-8c7c-ef90806b02a7">
      <TestCategory>
        <TestCategoryItem TestCategory="Search.Bookmarks" />
      </TestCategory>
      <Execution id="3f9f842c-7c2d-40e8-a01b-57ed52d0a346" />
      <TestMethod codeBase="D:\actions-runner\_work\XPCO\XPCO\AllSolutions\..\SC\Components\RemoteViewer\SmartClient\tst\zSmartClient_UnitTest\bin\x64\Debug\net6.0-windows\zSmartClient_UnitTest.dll" adapterTypeName="executor://mstestadapter/v2" className="SmartClient_UnitTest.VideoOS.RemoteClient.Plugin.CentralizedSearch.ViewModels.DeleteBookmarkHandlerTests" name="Ctor_NullArgs_ArgNullException" />
    </UnitTest>
    <UnitTest name="GetMapLayerArguments_ShouldReturnIGisMapModelAndAlarmsObservables_WhenCalled" storage="d:\actions-runner\_work\xpco\xpco\allsolutions\..\sc\components\remoteviewer\smartclient\tst\zsmartclient_unittest\bin\x64\debug\net6.0-windows\zsmartclient_unittest.dll" id="fbe353e8-c445-3d4e-0596-dbc13a8e8e1e">
      <Execution id="6498c8ac-be6d-4111-ba97-65c3d594b66f" />
      <TestMethod codeBase="D:\actions-runner\_work\XPCO\XPCO\AllSolutions\..\SC\Components\RemoteViewer\SmartClient\tst\zSmartClient_UnitTest\bin\x64\Debug\net6.0-windows\zSmartClient_UnitTest.dll" adapterTypeName="executor://mstestadapter/v2" className="SmartClient_UnitTest.VideoOS.RemoteClient.GisMapData.Strategies.MapLayers.CameraMapLayerDatagramClassFactoryStrategyTests" name="GetMapLayerArguments_ShouldReturnIGisMapModelAndAlarmsObservables_WhenCalled" />
    </UnitTest>
    <UnitTest name="ResolveSearchDefinitions_ShouldReturnResultSearchDefinition_WhenSingleSearchResultAndSearchDefinitionsNotContainingCorrectSearchDefinitionsAreGiven" storage="d:\actions-runner\_work\xpco\xpco\allsolutions\..\sc\components\remoteviewer\smartclient\tst\zsmartclient_unittest\bin\x64\debug\net6.0-windows\zsmartclient_unittest.dll" id="e36cf31f-4200-8205-4a12-8df912fdbdf1">
      <TestCategory>
        <TestCategoryItem TestCategory="Search" />
      </TestCategory>
      <Execution id="eb5db7a4-5150-44ba-9c02-fa2a5a95257e" />
      <TestMethod codeBase="D:\actions-runner\_work\XPCO\XPCO\AllSolutions\..\SC\Components\RemoteViewer\SmartClient\tst\zSmartClient_UnitTest\bin\x64\Debug\net6.0-windows\zSmartClient_UnitTest.dll" adapterTypeName="executor://mstestadapter/v2" className="SmartClient_UnitTest.VideoOS.RemoteClient.Plugin.CentralizedSearch.Utils.SearchResultDataWrapperExtensionsTests" name="ResolveSearchDefinitions_ShouldReturnResultSearchDefinition_WhenSingleSearchResultAndSearchDefinitionsNotContainingCorrectSearchDefinitionsAreGiven" />
    </UnitTest>
    <UnitTest name="Serialize_ScopeDurationOnly_Success" storage="d:\actions-runner\_work\xpco\xpco\allsolutions\..\sc\components\remoteviewer\smartclient\tst\zsmartclient_unittest\bin\x64\debug\net6.0-windows\zsmartclient_unittest.dll" id="4a1a2788-2d06-5b60-601c-3b966d1658c3">
      <TestCategory>
        <TestCategoryItem TestCategory="SearchSerialization" />
      </TestCategory>
      <Execution id="b5143bf0-f0c9-4809-a47f-8b2e63a9fbbf" />
      <TestMethod codeBase="D:\actions-runner\_work\XPCO\XPCO\AllSolutions\..\SC\Components\RemoteViewer\SmartClient\tst\zSmartClient_UnitTest\bin\x64\Debug\net6.0-windows\zSmartClient_UnitTest.dll" adapterTypeName="executor://mstestadapter/v2" className="SmartClient_UnitTest.VideoOS.RemoteClient.Plugin.CentralizedSearch.Models.Serialization.SearchSerializerTests" name="Serialize_ScopeDurationOnly_Success" />
    </UnitTest>
    <UnitTest name="PtzSessionControllerInfo_ReservedChangedTest_Argument_Null_2" storage="d:\actions-runner\_work\xpco\xpco\allsolutions\..\sc\components\remoteviewer\smartclient\tst\zsmartclient_unittest\bin\x64\debug\net6.0-windows\zsmartclient_unittest.dll" id="c2089cd7-1abb-31da-c4ba-3d9555a4f6a0">
      <Execution id="063a8083-9933-44f8-99ab-447254626228" />
      <TestMethod codeBase="D:\actions-runner\_work\XPCO\XPCO\AllSolutions\..\SC\Components\RemoteViewer\SmartClient\tst\zSmartClient_UnitTest\bin\x64\Debug\net6.0-windows\zSmartClient_UnitTest.dll" adapterTypeName="executor://mstestadapter/v2" className="VideoOS.RemoteClient.Application.Controllers.UnitTest.PtzSessionControllerTest" name="PtzSessionControllerInfo_ReservedChangedTest_Argument_Null_2" />
    </UnitTest>
    <UnitTest name="FindSearchTemplatesAsync_Succeeds_Success" storage="d:\actions-runner\_work\xpco\xpco\allsolutions\..\sc\components\remoteviewer\smartclient\tst\zsmartclient_unittest\bin\x64\debug\net6.0-windows\zsmartclient_unittest.dll" id="96dce277-8e08-3c8a-12f9-10c2b51249cb">
      <TestCategory>
        <TestCategoryItem TestCategory="SearchTemplates" />
      </TestCategory>
      <Execution id="edf31844-9ce2-4cd3-a526-d88bdf79a837" />
      <TestMethod codeBase="D:\actions-runner\_work\XPCO\XPCO\AllSolutions\..\SC\Components\RemoteViewer\SmartClient\tst\zSmartClient_UnitTest\bin\x64\Debug\net6.0-windows\zSmartClient_UnitTest.dll" adapterTypeName="executor://mstestadapter/v2" className="SmartClient_UnitTest.VideoOS.RemoteClient.Plugin.CentralizedSearch.SearchTemplates.SearchTemplateManagerTests" name="FindSearchTemplatesAsync_Succeeds_Success" />
    </UnitTest>
    <UnitTest name="GeNumberOfMonitors_ShouldReturnValidValue" storage="d:\actions-runner\_work\xpco\xpco\allsolutions\..\sc\components\remoteviewer\smartclient\tst\zsmartclient_unittest\bin\x64\debug\net6.0-windows\zsmartclient_unittest.dll" id="a6aa36e2-697d-2507-2a34-be6ba6cdbea9">
      <Execution id="f48b8186-b8f4-4d9a-951f-8dcaa96699a0" />
      <TestMethod codeBase="D:\actions-runner\_work\XPCO\XPCO\AllSolutions\..\SC\Components\RemoteViewer\SmartClient\tst\zSmartClient_UnitTest\bin\x64\Debug\net6.0-windows\zSmartClient_UnitTest.dll" adapterTypeName="executor://mstestadapter/v2" className="SmartClient_UnitTest.VideoOS.RemoteClient.Application.Common.Telemetry.SCTelemetrySpecificsTests" name="GeNumberOfMonitors_ShouldReturnValidValue" />
    </UnitTest>
    <UnitTest name="PatrollingProfileViewModelTest_patrollingStepListViewModel_PropertyChanged" storage="d:\actions-runner\_work\xpco\xpco\allsolutions\..\sc\components\remoteviewer\smartclient\tst\zsmartclient_unittest\bin\x64\debug\net6.0-windows\zsmartclient_unittest.dll" id="30f4ca0f-0cfa-0e61-edff-19f1044181dc">
      <Execution id="4fb40e33-479c-4bab-9c76-3703401a8802" />
      <TestMethod codeBase="D:\actions-runner\_work\XPCO\XPCO\AllSolutions\..\SC\Components\RemoteViewer\SmartClient\tst\zSmartClient_UnitTest\bin\x64\Debug\net6.0-windows\zSmartClient_UnitTest.dll" adapterTypeName="executor://mstestadapter/v2" className="SmartClient_UnitTest.VideoOS.RemoteClient.Application.UI.PtzPreset.PatrollingViewModel.PatrollingProfileViewModelTest" name="PatrollingProfileViewModelTest_patrollingStepListViewModel_PropertyChanged" />
    </UnitTest>
    <UnitTest name="Deserialize_ShouldReturnCombineTypeOr_WhenCombineTypeIsNotPresentInXml" storage="d:\actions-runner\_work\xpco\xpco\allsolutions\..\sc\components\remoteviewer\smartclient\tst\zsmartclient_unittest\bin\x64\debug\net6.0-windows\zsmartclient_unittest.dll" id="3284ea6f-a6ad-01dc-f291-bda78cd8c320">
      <TestCategory>
        <TestCategoryItem TestCategory="SearchModels" />
      </TestCategory>
      <Execution id="af4e170c-980a-4980-a548-c0afcfb05c1f" />
      <TestMethod codeBase="D:\actions-runner\_work\XPCO\XPCO\AllSolutions\..\SC\Components\RemoteViewer\SmartClient\tst\zSmartClient_UnitTest\bin\x64\Debug\net6.0-windows\zSmartClient_UnitTest.dll" adapterTypeName="executor://mstestadapter/v2" className="SmartClient_UnitTest.VideoOS.RemoteClient.Plugin.CentralizedSearch.Models.SearchModelTests" name="Deserialize_ShouldReturnCombineTypeOr_WhenCombineTypeIsNotPresentInXml" />
    </UnitTest>
    <UnitTest name="SearchAction_BrowseMode_OneYearInThePast" storage="d:\actions-runner\_work\xpco\xpco\allsolutions\..\sc\components\remoteviewer\smartclient\tst\zsmartclient_unittest\bin\x64\debug\net6.0-windows\zsmartclient_unittest.dll" id="642e6019-2faa-a30d-dbaf-ea59f97e9c72">
      <TestCategory>
        <TestCategoryItem TestCategory="WorkspaceToolbar" />
      </TestCategory>
      <Execution id="b97d873c-ad08-4005-a4c1-f34b88d1d336" />
      <TestMethod codeBase="D:\actions-runner\_work\XPCO\XPCO\AllSolutions\..\SC\Components\RemoteViewer\SmartClient\tst\zSmartClient_UnitTest\bin\x64\Debug\net6.0-windows\zSmartClient_UnitTest.dll" adapterTypeName="executor://mstestadapter/v2" className="SmartClient_UnitTest.VideoOS.RemoteClient.Application.Data.WorkspaceToolbar.WorkspaceToolbarItemSmartSearchTests" name="SearchAction_BrowseMode_OneYearInThePast" />
    </UnitTest>
    <UnitTest name="Compare_ShouldPrioritizeCombinedResultsWithMostTriggerTimesInTimespan_WhenNotAllTriggerTimesAreCounted" storage="d:\actions-runner\_work\xpco\xpco\allsolutions\..\sc\components\remoteviewer\smartclient\tst\zsmartclient_unittest\bin\x64\debug\net6.0-windows\zsmartclient_unittest.dll" id="dbbcef65-1aa6-a5c1-32ef-04150022dcf1">
      <TestCategory>
        <TestCategoryItem TestCategory="SearchComparers" />
      </TestCategory>
      <Execution id="8ec7d1c8-6154-486f-a56b-47fead3f20b0" />
      <TestMethod codeBase="D:\actions-runner\_work\XPCO\XPCO\AllSolutions\..\SC\Components\RemoteViewer\SmartClient\tst\zSmartClient_UnitTest\bin\x64\Debug\net6.0-windows\zSmartClient_UnitTest.dll" adapterTypeName="executor://mstestadapter/v2" className="SmartClient_UnitTest.VideoOS.RemoteClient.Plugin.CentralizedSearch.Models.Wrappers.Comparers.RelevanceComparerTests" name="Compare_ShouldPrioritizeCombinedResultsWithMostTriggerTimesInTimespan_WhenNotAllTriggerTimesAreCounted" />
    </UnitTest>
    <UnitTest name="SearchModelOnSearchResultsReady_OnUiThread_Success" storage="d:\actions-runner\_work\xpco\xpco\allsolutions\..\sc\components\remoteviewer\smartclient\tst\zsmartclient_unittest\bin\x64\debug\net6.0-windows\zsmartclient_unittest.dll" id="91f26bca-4ab5-824b-aa90-84778c7aa540">
      <TestCategory>
        <TestCategoryItem TestCategory="SearchViewModels" />
      </TestCategory>
      <Execution id="b0b4278d-1e3e-497f-b556-0153e666b43f" />
      <TestMethod codeBase="D:\actions-runner\_work\XPCO\XPCO\AllSolutions\..\SC\Components\RemoteViewer\SmartClient\tst\zSmartClient_UnitTest\bin\x64\Debug\net6.0-windows\zSmartClient_UnitTest.dll" adapterTypeName="executor://mstestadapter/v2" className="SmartClient_UnitTest.VideoOS.RemoteClient.Plugin.CentralizedSearch.ViewModels.SearchViewModelTests" name="SearchModelOnSearchResultsReady_OnUiThread_Success" />
    </UnitTest>
    <UnitTest name="TestCreateMipTabWorkroom_Single_Success" storage="d:\actions-runner\_work\xpco\xpco\allsolutions\..\sc\components\remoteviewer\smartclient\tst\zsmartclient_unittest\bin\x64\debug\net6.0-windows\zsmartclient_unittest.dll" id="77b1b206-b293-8add-d0dd-e8f3149cd45e">
      <TestCategory>
        <TestCategoryItem TestCategory="WorkroomController" />
      </TestCategory>
      <Execution id="01cb8d61-3c48-4c63-b77a-0bd7d42d3d1f" />
      <TestMethod codeBase="D:\actions-runner\_work\XPCO\XPCO\AllSolutions\..\SC\Components\RemoteViewer\SmartClient\tst\zSmartClient_UnitTest\bin\x64\Debug\net6.0-windows\zSmartClient_UnitTest.dll" adapterTypeName="executor://mstestadapter/v2" className="VideoOS.RemoteClient.Application.Controllers.WorkroomController.UnitTest.TabWorkroomControllerTest" name="TestCreateMipTabWorkroom_Single_Success" />
    </UnitTest>
    <UnitTest name="ConvertBack_ShouldRaiseInvalidCastException_WhenValueIsTrueAndParameterIsNotAnInteractionState" storage="d:\actions-runner\_work\xpco\xpco\allsolutions\..\sc\components\remoteviewer\smartclient\tst\zsmartclient_unittest\bin\x64\debug\net6.0-windows\zsmartclient_unittest.dll" id="5da91449-988e-883d-873e-5998d198d64c">
      <TestCategory>
        <TestCategoryItem TestCategory="GisMap.InteractionStateConverter" />
      </TestCategory>
      <Execution id="ffcb546c-aed3-4913-9cc2-02ef52de59aa" />
      <TestMethod codeBase="D:\actions-runner\_work\XPCO\XPCO\AllSolutions\..\SC\Components\RemoteViewer\SmartClient\tst\zSmartClient_UnitTest\bin\x64\Debug\net6.0-windows\zSmartClient_UnitTest.dll" adapterTypeName="executor://mstestadapter/v2" className="SmartClient_UnitTest.VideoOS.RemoteClient.Plugin.GisMap.View.InteractionStateConverterTests" name="ConvertBack_ShouldRaiseInvalidCastException_WhenValueIsTrueAndParameterIsNotAnInteractionState" />
    </UnitTest>
    <UnitTest name="FilterValueHasRegionSelectionForCamera_ShouldReturnFalse_WhenFilterValueDoesNotHaveRegionSelectionForCamera" storage="d:\actions-runner\_work\xpco\xpco\allsolutions\..\sc\components\remoteviewer\smartclient\tst\zsmartclient_unittest\bin\x64\debug\net6.0-windows\zsmartclient_unittest.dll" id="074ff88b-4399-26b0-d5af-74bb943b8f07">
      <TestCategory>
        <TestCategoryItem TestCategory="Search.Filters.ViewModels" />
      </TestCategory>
      <Execution id="8c6e1167-eaf5-4661-9fb3-fdb58576685b" />
      <TestMethod codeBase="D:\actions-runner\_work\XPCO\XPCO\AllSolutions\..\SC\Components\RemoteViewer\SmartClient\tst\zSmartClient_UnitTest\bin\x64\Debug\net6.0-windows\zSmartClient_UnitTest.dll" adapterTypeName="executor://mstestadapter/v2" className="SmartClient_UnitTest.VideoOS.RemoteClient.Plugin.CentralizedSearch.MIPPlugin.Criteria.ViewModels.SmartSearchCameraListItemHelperTests" name="FilterValueHasRegionSelectionForCamera_ShouldReturnFalse_WhenFilterValueDoesNotHaveRegionSelectionForCamera" />
    </UnitTest>
    <UnitTest name="AuthType_ShouldReturnNegotiate_WhenConstructedUsingWindows" storage="d:\actions-runner\_work\xpco\xpco\allsolutions\..\sc\components\remoteviewer\smartclient\tst\zsmartclient_unittest\bin\x64\debug\net6.0-windows\zsmartclient_unittest.dll" id="3369c6d4-ee50-9d6e-0705-4fc6884cc7fb">
      <TestCategory>
        <TestCategoryItem TestCategory="Authentication.ClientCredentials" />
      </TestCategory>
      <Execution id="d5f25e22-921c-4b57-a2b4-033f89bbbec6" />
      <TestMethod codeBase="D:\actions-runner\_work\XPCO\XPCO\AllSolutions\..\SC\Components\RemoteViewer\SmartClient\tst\zSmartClient_UnitTest\bin\x64\Debug\net6.0-windows\zSmartClient_UnitTest.dll" adapterTypeName="executor://mstestadapter/v2" className="SmartClient_UnitTest.VideoOS.Shared.ServerAPI.ClientCredentialsTest" name="AuthType_ShouldReturnNegotiate_WhenConstructedUsingWindows" />
    </UnitTest>
    <UnitTest name="TestGetWorkroom_UnknownWorkSpaceId_Success" storage="d:\actions-runner\_work\xpco\xpco\allsolutions\..\sc\components\remoteviewer\smartclient\tst\zsmartclient_unittest\bin\x64\debug\net6.0-windows\zsmartclient_unittest.dll" id="4ac44c86-bed3-2106-179e-e12e5a83e7dd">
      <TestCategory>
        <TestCategoryItem TestCategory="WorkroomController" />
      </TestCategory>
      <Execution id="88f0619c-ee71-4a28-bf3d-13e9ccb4be20" />
      <TestMethod codeBase="D:\actions-runner\_work\XPCO\XPCO\AllSolutions\..\SC\Components\RemoteViewer\SmartClient\tst\zSmartClient_UnitTest\bin\x64\Debug\net6.0-windows\zSmartClient_UnitTest.dll" adapterTypeName="executor://mstestadapter/v2" className="VideoOS.RemoteClient.Application.Controllers.WorkroomController.UnitTest.TabWorkroomControllerTest" name="TestGetWorkroom_UnknownWorkSpaceId_Success" />
    </UnitTest>
    <UnitTest name="ShowSuccessToast_ShouldShowCorrectNumberOfToasts (0,0)" storage="d:\actions-runner\_work\xpco\xpco\allsolutions\..\sc\components\remoteviewer\smartclient\tst\zsmartclient_unittest\bin\x64\debug\net6.0-windows\zsmartclient_unittest.dll" id="6e64b1c1-2e75-35e1-101c-1ff9cd084eb0">
      <TestCategory>
        <TestCategoryItem TestCategory="Managers" />
      </TestCategory>
      <Execution id="fc5391e3-9362-49d6-8e10-56f15bcb9a7e" />
      <TestMethod codeBase="D:\actions-runner\_work\XPCO\XPCO\AllSolutions\..\SC\Components\RemoteViewer\SmartClient\tst\zSmartClient_UnitTest\bin\x64\Debug\net6.0-windows\zSmartClient_UnitTest.dll" adapterTypeName="executor://mstestadapter/v2" className="SmartClient_UnitTest.VideoOS.RemoteClient.Application.Managers.ExportResultsNotificationHelperTests" name="ShowSuccessToast_ShouldShowCorrectNumberOfToasts" />
    </UnitTest>
    <UnitTest name="DeviceIcons_ShouldNotBeNull_WhenCalled" storage="d:\actions-runner\_work\xpco\xpco\allsolutions\..\sc\components\remoteviewer\smartclient\tst\zsmartclient_unittest\bin\x64\debug\net6.0-windows\zsmartclient_unittest.dll" id="bedf46db-baeb-e070-62c2-ab54242ce982">
      <TestCategory>
        <TestCategoryItem TestCategory="GisMapData.MicrophoneOemResourcesProviderTests" />
      </TestCategory>
      <Execution id="d912b60a-51d5-404d-93a7-afeb5e32baf3" />
      <TestMethod codeBase="D:\actions-runner\_work\XPCO\XPCO\AllSolutions\..\SC\Components\RemoteViewer\SmartClient\tst\zSmartClient_UnitTest\bin\x64\Debug\net6.0-windows\zSmartClient_UnitTest.dll" adapterTypeName="executor://mstestadapter/v2" className="SmartClient_UnitTest.VideoOS.RemoteClient.GisMapData.Resources.MicrophoneOemResourcesProviderTests" name="DeviceIcons_ShouldNotBeNull_WhenCalled" />
    </UnitTest>
    <UnitTest name="PtzSessionControllerInfoConstructorTest_From_PtzSessionInfo_Anonymous_User" storage="d:\actions-runner\_work\xpco\xpco\allsolutions\..\sc\components\remoteviewer\smartclient\tst\zsmartclient_unittest\bin\x64\debug\net6.0-windows\zsmartclient_unittest.dll" id="205d3986-407b-ed3e-b9d7-5c5108416447">
      <Execution id="caef958a-c30e-42be-9c61-72ef78305d8c" />
      <TestMethod codeBase="D:\actions-runner\_work\XPCO\XPCO\AllSolutions\..\SC\Components\RemoteViewer\SmartClient\tst\zSmartClient_UnitTest\bin\x64\Debug\net6.0-windows\zSmartClient_UnitTest.dll" adapterTypeName="executor://mstestadapter/v2" className="VideoOS.RemoteClient.Application.Controllers.UnitTest.PtzSessionControllerTest" name="PtzSessionControllerInfoConstructorTest_From_PtzSessionInfo_Anonymous_User" />
    </UnitTest>
    <UnitTest name="GetIsOpenStreetMapValid_ShouldReturnFalse_WhenGeographicLayerIsNullAndAlternativeServerIsEmpty" storage="d:\actions-runner\_work\xpco\xpco\allsolutions\..\sc\components\remoteviewer\smartclient\tst\zsmartclient_unittest\bin\x64\debug\net6.0-windows\zsmartclient_unittest.dll" id="9ccd04df-3e0c-6d9f-958b-55fa47ad0ff1">
      <TestCategory>
        <TestCategoryItem TestCategory="GisMapData.Controllers.Osm" />
      </TestCategory>
      <Execution id="fb1cdd61-9bf2-4366-9ed3-fff62f0e6699" />
      <TestMethod codeBase="D:\actions-runner\_work\XPCO\XPCO\AllSolutions\..\SC\Components\RemoteViewer\SmartClient\tst\zSmartClient_UnitTest\bin\x64\Debug\net6.0-windows\zSmartClient_UnitTest.dll" adapterTypeName="executor://mstestadapter/v2" className="SmartClient_UnitTest.VideoOS.RemoteClient.GisMapData.Controllers.Osm.GisMapOsmControllerTests" name="GetIsOpenStreetMapValid_ShouldReturnFalse_WhenGeographicLayerIsNullAndAlternativeServerIsEmpty" />
    </UnitTest>
    <UnitTest name="PatrollingStepListViewModel_AddStepExecute" storage="d:\actions-runner\_work\xpco\xpco\allsolutions\..\sc\components\remoteviewer\smartclient\tst\zsmartclient_unittest\bin\x64\debug\net6.0-windows\zsmartclient_unittest.dll" id="10f7e539-95db-7d97-e660-3fdca86f07c0">
      <Execution id="81944e86-29b8-4cd2-b582-78ef9be095eb" />
      <TestMethod codeBase="D:\actions-runner\_work\XPCO\XPCO\AllSolutions\..\SC\Components\RemoteViewer\SmartClient\tst\zSmartClient_UnitTest\bin\x64\Debug\net6.0-windows\zSmartClient_UnitTest.dll" adapterTypeName="executor://mstestadapter/v2" className="SmartClient_UnitTest.VideoOS.RemoteClient.Application.UI.PtzPreset.PatrollingViewModel.PatrollingStepListViewModelTest" name="PatrollingStepListViewModel_AddStepExecute" />
    </UnitTest>
    <UnitTest name="MipItemsMapLayer_Loaded_Success" storage="d:\actions-runner\_work\xpco\xpco\allsolutions\..\sc\components\remoteviewer\smartclient\tst\zsmartclient_unittest\bin\x64\debug\net6.0-windows\zsmartclient_unittest.dll" id="1038d0a8-74b6-4dd8-b766-1b08a5e0b707">
      <TestCategory>
        <TestCategoryItem TestCategory="GisMapLayer" />
      </TestCategory>
      <Execution id="9cfa40d4-eec2-4c23-a331-3f92b8d46d78" />
      <TestMethod codeBase="D:\actions-runner\_work\XPCO\XPCO\AllSolutions\..\SC\Components\RemoteViewer\SmartClient\tst\zSmartClient_UnitTest\bin\x64\Debug\net6.0-windows\zSmartClient_UnitTest.dll" adapterTypeName="executor://mstestadapter/v2" className="SmartClient_UnitTest.VideoOS.RemoteClient.GisMap.MapLayers.GisMapLayerTests" name="MipItemsMapLayer_Loaded_Success" />
    </UnitTest>
    <UnitTest name="PtzSessionControllerInfo_UserChangedTest_Different_CameraId" storage="d:\actions-runner\_work\xpco\xpco\allsolutions\..\sc\components\remoteviewer\smartclient\tst\zsmartclient_unittest\bin\x64\debug\net6.0-windows\zsmartclient_unittest.dll" id="4ded814a-816b-915a-dcce-433d1dc05ab0">
      <Execution id="3fcc4cc4-fc0a-4206-9869-5418a223da21" />
      <TestMethod codeBase="D:\actions-runner\_work\XPCO\XPCO\AllSolutions\..\SC\Components\RemoteViewer\SmartClient\tst\zSmartClient_UnitTest\bin\x64\Debug\net6.0-windows\zSmartClient_UnitTest.dll" adapterTypeName="executor://mstestadapter/v2" className="VideoOS.RemoteClient.Application.Controllers.UnitTest.PtzSessionControllerTest" name="PtzSessionControllerInfo_UserChangedTest_Different_CameraId" />
    </UnitTest>
    <UnitTest name="PatrollingProfileListViewModel_AddProfileExecute" storage="d:\actions-runner\_work\xpco\xpco\allsolutions\..\sc\components\remoteviewer\smartclient\tst\zsmartclient_unittest\bin\x64\debug\net6.0-windows\zsmartclient_unittest.dll" id="2f8a4bab-4df9-e4ff-fb91-be0d70ec975d">
      <Execution id="15f3ce1c-5f49-4e92-81f0-9d020f774e4a" />
      <TestMethod codeBase="D:\actions-runner\_work\XPCO\XPCO\AllSolutions\..\SC\Components\RemoteViewer\SmartClient\tst\zSmartClient_UnitTest\bin\x64\Debug\net6.0-windows\zSmartClient_UnitTest.dll" adapterTypeName="executor://mstestadapter/v2" className="SmartClient_UnitTest.VideoOS.RemoteClient.Application.UI.PtzPreset.PatrollingViewModel.PatrollingProfileListViewModelTest" name="PatrollingProfileListViewModel_AddProfileExecute" />
    </UnitTest>
    <UnitTest name="GetMutedMicrophoneIconId_ShouldRaiseArgumentException_WhenArgumentIsNotAUnmutedMicrophoneIconId" storage="d:\actions-runner\_work\xpco\xpco\allsolutions\..\sc\components\remoteviewer\smartclient\tst\zsmartclient_unittest\bin\x64\debug\net6.0-windows\zsmartclient_unittest.dll" id="b0e10c91-c024-4a15-62c7-840e030250c4">
      <TestCategory>
        <TestCategoryItem TestCategory="GisMapData.MicrophoneOemResourcesProviderTests" />
      </TestCategory>
      <Execution id="9347448d-63a4-4c02-9900-02531dcee012" />
      <TestMethod codeBase="D:\actions-runner\_work\XPCO\XPCO\AllSolutions\..\SC\Components\RemoteViewer\SmartClient\tst\zSmartClient_UnitTest\bin\x64\Debug\net6.0-windows\zSmartClient_UnitTest.dll" adapterTypeName="executor://mstestadapter/v2" className="SmartClient_UnitTest.VideoOS.RemoteClient.GisMapData.Resources.MicrophoneOemResourcesProviderTests" name="GetMutedMicrophoneIconId_ShouldRaiseArgumentException_WhenArgumentIsNotAUnmutedMicrophoneIconId" />
    </UnitTest>
    <UnitTest name="MakeId_ShouldGenerateSameId_WhenResultsChangeOrderButResultsAreSame" storage="d:\actions-runner\_work\xpco\xpco\allsolutions\..\sc\components\remoteviewer\smartclient\tst\zsmartclient_unittest\bin\x64\debug\net6.0-windows\zsmartclient_unittest.dll" id="310bd126-7eaa-5bf4-39f9-05d7e2e492eb">
      <TestCategory>
        <TestCategoryItem TestCategory="Search.Wrappers" />
      </TestCategory>
      <Execution id="172c3aa1-341c-4bc1-a1a2-b93e8b3f2a59" />
      <TestMethod codeBase="D:\actions-runner\_work\XPCO\XPCO\AllSolutions\..\SC\Components\RemoteViewer\SmartClient\tst\zSmartClient_UnitTest\bin\x64\Debug\net6.0-windows\zSmartClient_UnitTest.dll" adapterTypeName="executor://mstestadapter/v2" className="SmartClient_UnitTest.VideoOS.RemoteClient.Plugin.CentralizedSearch.Models.Wrappers.SearchResultDataWrapperTests" name="MakeId_ShouldGenerateSameId_WhenResultsChangeOrderButResultsAreSame" />
    </UnitTest>
    <UnitTest name="UpdateSearchAttributes_MultipleFiltersWithoutValues_NotAdded" storage="d:\actions-runner\_work\xpco\xpco\allsolutions\..\sc\components\remoteviewer\smartclient\tst\zsmartclient_unittest\bin\x64\debug\net6.0-windows\zsmartclient_unittest.dll" id="eccebb4b-dd86-ffbc-9874-555886a9ecd8">
      <TestCategory>
        <TestCategoryItem TestCategory="Search" />
      </TestCategory>
      <Execution id="1e09719c-f990-41f6-85a3-16710a4cd60a" />
      <TestMethod codeBase="D:\actions-runner\_work\XPCO\XPCO\AllSolutions\..\SC\Components\RemoteViewer\SmartClient\tst\zSmartClient_UnitTest\bin\x64\Debug\net6.0-windows\zSmartClient_UnitTest.dll" adapterTypeName="executor://mstestadapter/v2" className="SmartClient_UnitTest.VideoOS.RemoteClient.Plugin.CentralizedSearch.ViewModels.SearchDefinitionViewModelTests" name="UpdateSearchAttributes_MultipleFiltersWithoutValues_NotAdded" />
    </UnitTest>
    <UnitTest name="SortBuildingLayers_Success" storage="d:\actions-runner\_work\xpco\xpco\allsolutions\..\sc\components\remoteviewer\smartclient\tst\zsmartclient_unittest\bin\x64\debug\net6.0-windows\zsmartclient_unittest.dll" id="e6dcebe5-b6cc-8c91-5e65-857f5572db4e">
      <TestCategory>
        <TestCategoryItem TestCategory="GisMapLayers" />
      </TestCategory>
      <Execution id="81ad6a25-c00f-4ac2-af2d-9eeba50b584e" />
      <TestMethod codeBase="D:\actions-runner\_work\XPCO\XPCO\AllSolutions\..\SC\Components\RemoteViewer\SmartClient\tst\zSmartClient_UnitTest\bin\x64\Debug\net6.0-windows\zSmartClient_UnitTest.dll" adapterTypeName="executor://mstestadapter/v2" className="SmartClient_UnitTest.VideoOS.RemoteClient.GisMapData.GisMapLayerZOrderTests" name="SortBuildingLayers_Success" />
    </UnitTest>
    <UnitTest name="ZoomIn_MapNotSet_DoesNotCrash" storage="d:\actions-runner\_work\xpco\xpco\allsolutions\..\sc\components\remoteviewer\smartclient\tst\zsmartclient_unittest\bin\x64\debug\net6.0-windows\zsmartclient_unittest.dll" id="50ac9240-7e70-f521-a930-8425f2e1e8c4">
      <Execution id="b3c94bd1-9184-49a3-a358-58316fd4d0d1" />
      <TestMethod codeBase="D:\actions-runner\_work\XPCO\XPCO\AllSolutions\..\SC\Components\RemoteViewer\SmartClient\tst\zSmartClient_UnitTest\bin\x64\Debug\net6.0-windows\zSmartClient_UnitTest.dll" adapterTypeName="executor://mstestadapter/v2" className="SmartClient_UnitTest.VideoOS.RemoteClient.Plugin.GisMap.ThinkGeoMap.DefaultZoomHandlerTests" name="ZoomIn_MapNotSet_DoesNotCrash" />
    </UnitTest>
    <UnitTest name="OnLoaded_ValidConfigurationNoInlineEdit_InlineAttributeEditControlNotSet" storage="d:\actions-runner\_work\xpco\xpco\allsolutions\..\sc\components\remoteviewer\smartclient\tst\zsmartclient_unittest\bin\x64\debug\net6.0-windows\zsmartclient_unittest.dll" id="2ee134e1-115d-c1eb-9935-4d228f8143e5">
      <TestCategory>
        <TestCategoryItem TestCategory="SearchViews" />
      </TestCategory>
      <Execution id="b960403e-c229-40fe-8c1f-ee5ff7672030" />
      <TestMethod codeBase="D:\actions-runner\_work\XPCO\XPCO\AllSolutions\..\SC\Components\RemoteViewer\SmartClient\tst\zSmartClient_UnitTest\bin\x64\Debug\net6.0-windows\zSmartClient_UnitTest.dll" adapterTypeName="executor://mstestadapter/v2" className="SmartClient_UnitTest.VideoOS.RemoteClient.Plugin.CentralizedSearch.Views.SearchAttributeViewTests" name="OnLoaded_ValidConfigurationNoInlineEdit_InlineAttributeEditControlNotSet" />
    </UnitTest>
    <UnitTest name="SmartMapGoToPositionHandler_WhenDataIsValid_ShouldCallNavigateTo" storage="d:\actions-runner\_work\xpco\xpco\allsolutions\..\sc\components\remoteviewer\smartclient\tst\zsmartclient_unittest\bin\x64\debug\net6.0-windows\zsmartclient_unittest.dll" id="17f82cf7-4d92-18c7-4ec3-228bc2e9056a">
      <Execution id="408248dd-5e2a-428c-bda3-3189928db8c5" />
      <TestMethod codeBase="D:\actions-runner\_work\XPCO\XPCO\AllSolutions\..\SC\Components\RemoteViewer\SmartClient\tst\zSmartClient_UnitTest\bin\x64\Debug\net6.0-windows\zSmartClient_UnitTest.dll" adapterTypeName="executor://mstestadapter/v2" className="SmartClient_UnitTest.VideoOS.RemoteClient.Plugin.GisMap.MIP.ContentHolderMipMessageManagerTests" name="SmartMapGoToPositionHandler_WhenDataIsValid_ShouldCallNavigateTo" />
    </UnitTest>
    <UnitTest name="CameraMapItem_Start_AlarmObservable_SetAlarms" storage="d:\actions-runner\_work\xpco\xpco\allsolutions\..\sc\components\remoteviewer\smartclient\tst\zsmartclient_unittest\bin\x64\debug\net6.0-windows\zsmartclient_unittest.dll" id="7279d631-5e65-263e-b126-502467fa7c3a">
      <TestCategory>
        <TestCategoryItem TestCategory="GisMapMapItem" />
      </TestCategory>
      <Execution id="0547d26f-9d74-4a9c-ade2-aeb52fc8be50" />
      <TestMethod codeBase="D:\actions-runner\_work\XPCO\XPCO\AllSolutions\..\SC\Components\RemoteViewer\SmartClient\tst\zSmartClient_UnitTest\bin\x64\Debug\net6.0-windows\zSmartClient_UnitTest.dll" adapterTypeName="executor://mstestadapter/v2" className="SmartClient_UnitTest.VideoOS.RemoteClient.GisMap.MapItem.MapItemTests" name="CameraMapItem_Start_AlarmObservable_SetAlarms" />
    </UnitTest>
    <UnitTest name="CameraItemsLayer_NotIsGeographic_Load_Success" storage="d:\actions-runner\_work\xpco\xpco\allsolutions\..\sc\components\remoteviewer\smartclient\tst\zsmartclient_unittest\bin\x64\debug\net6.0-windows\zsmartclient_unittest.dll" id="b063cbf8-fbea-b941-bdb6-591483cd4018">
      <TestCategory>
        <TestCategoryItem TestCategory="GisMapLayer" />
      </TestCategory>
      <Execution id="dadef5cb-80ae-430d-8338-46b8583d4aba" />
      <TestMethod codeBase="D:\actions-runner\_work\XPCO\XPCO\AllSolutions\..\SC\Components\RemoteViewer\SmartClient\tst\zSmartClient_UnitTest\bin\x64\Debug\net6.0-windows\zSmartClient_UnitTest.dll" adapterTypeName="executor://mstestadapter/v2" className="SmartClient_UnitTest.VideoOS.RemoteClient.GisMap.MapLayers.GisMapLayerTests" name="CameraItemsLayer_NotIsGeographic_Load_Success" />
    </UnitTest>
    <UnitTest name="RemoveWorkroom_ShouldThrowException_WhenWorkroomToRemoveIsNull" storage="d:\actions-runner\_work\xpco\xpco\allsolutions\..\sc\components\remoteviewer\smartclient\tst\zsmartclient_unittest\bin\x64\debug\net6.0-windows\zsmartclient_unittest.dll" id="550475a3-cdd8-1a4c-8164-53657594f4b5">
      <TestCategory>
        <TestCategoryItem TestCategory="WorkroomController" />
      </TestCategory>
      <Execution id="0cd7de87-c979-43cd-9934-f75fa32da899" />
      <TestMethod codeBase="D:\actions-runner\_work\XPCO\XPCO\AllSolutions\..\SC\Components\RemoteViewer\SmartClient\tst\zSmartClient_UnitTest\bin\x64\Debug\net6.0-windows\zSmartClient_UnitTest.dll" adapterTypeName="executor://mstestadapter/v2" className="SmartClient_UnitTest.VideoOS.RemoteClient.Application.Controllers.WorkroomController.WorkroomControllerBaseTest" name="RemoveWorkroom_ShouldThrowException_WhenWorkroomToRemoveIsNull" />
    </UnitTest>
    <UnitTest name="VideoResultSearchResult_SetThenReset_PropertiesEmptied" storage="d:\actions-runner\_work\xpco\xpco\allsolutions\..\sc\components\remoteviewer\smartclient\tst\zsmartclient_unittest\bin\x64\debug\net6.0-windows\zsmartclient_unittest.dll" id="30fe8312-9877-ebd0-79b2-11d30d1e5b58">
      <TestCategory>
        <TestCategoryItem TestCategory="SearchControls" />
      </TestCategory>
      <Execution id="f1306c17-0b0b-45e1-b485-954789b22a5c" />
      <TestMethod codeBase="D:\actions-runner\_work\XPCO\XPCO\AllSolutions\..\SC\Components\RemoteViewer\SmartClient\tst\zSmartClient_UnitTest\bin\x64\Debug\net6.0-windows\zSmartClient_UnitTest.dll" adapterTypeName="executor://mstestadapter/v2" className="SmartClient_UnitTest.VideoOS.RemoteClient.Plugin.CentralizedSearch.Views.Controls.SearchResultDetailsControlTests" name="VideoResultSearchResult_SetThenReset_PropertiesEmptied" />
    </UnitTest>
    <UnitTest name="GetLayerVisibilityItemsData_ShouldAddTwoToggleableVisibilityItemData_WhenAnyDeviceMapLayerIsProvided" storage="d:\actions-runner\_work\xpco\xpco\allsolutions\..\sc\components\remoteviewer\smartclient\tst\zsmartclient_unittest\bin\x64\debug\net6.0-windows\zsmartclient_unittest.dll" id="361fc6c6-0e8b-67f9-3bea-df214e20d9d1">
      <TestCategory>
        <TestCategoryItem TestCategory="GisMap.DefaultFixedLayerManagerStrategyTests" />
      </TestCategory>
      <Execution id="7deaa597-e106-4004-ba01-c25a099e1b7a" />
      <TestMethod codeBase="D:\actions-runner\_work\XPCO\XPCO\AllSolutions\..\SC\Components\RemoteViewer\SmartClient\tst\zSmartClient_UnitTest\bin\x64\Debug\net6.0-windows\zSmartClient_UnitTest.dll" adapterTypeName="executor://mstestadapter/v2" className="SmartClient_UnitTest.VideoOS.RemoteClient.Plugin.GisMap.ViewModels.LayersVisibility.FixedLayers.DefaultFixedLayerManagerStrategyTests" name="GetLayerVisibilityItemsData_ShouldAddTwoToggleableVisibilityItemData_WhenAnyDeviceMapLayerIsProvided" />
    </UnitTest>
    <UnitTest name="SortLayersByOrderAndTypes_Success" storage="d:\actions-runner\_work\xpco\xpco\allsolutions\..\sc\components\remoteviewer\smartclient\tst\zsmartclient_unittest\bin\x64\debug\net6.0-windows\zsmartclient_unittest.dll" id="076479ee-f448-9ceb-4230-0072b1a0e768">
      <TestCategory>
        <TestCategoryItem TestCategory="GisMapLayers" />
      </TestCategory>
      <Execution id="f9908b73-3d34-4695-8b56-3c322ba05450" />
      <TestMethod codeBase="D:\actions-runner\_work\XPCO\XPCO\AllSolutions\..\SC\Components\RemoteViewer\SmartClient\tst\zSmartClient_UnitTest\bin\x64\Debug\net6.0-windows\zSmartClient_UnitTest.dll" adapterTypeName="executor://mstestadapter/v2" className="SmartClient_UnitTest.VideoOS.RemoteClient.GisMapData.GisMapLayerZOrderTests" name="SortLayersByOrderAndTypes_Success" />
    </UnitTest>
    <UnitTest name="AutomationId_ShouldBeValid_WhenInteractionStateIsAddMicrophone" storage="d:\actions-runner\_work\xpco\xpco\allsolutions\..\sc\components\remoteviewer\smartclient\tst\zsmartclient_unittest\bin\x64\debug\net6.0-windows\zsmartclient_unittest.dll" id="0352ab5e-ef5f-b291-c33f-bb3ed2d6f909">
      <TestCategory>
        <TestCategoryItem TestCategory="GisMap.UI.DeviceSelectors.PanelComponents" />
      </TestCategory>
      <Execution id="fa0d25de-a1f9-4915-9e60-59c934b80b16" />
      <TestMethod codeBase="D:\actions-runner\_work\XPCO\XPCO\AllSolutions\..\SC\Components\RemoteViewer\SmartClient\tst\zSmartClient_UnitTest\bin\x64\Debug\net6.0-windows\zSmartClient_UnitTest.dll" adapterTypeName="executor://mstestadapter/v2" className="SmartClient_UnitTest.VideoOS.RemoteClient.Plugin.GisMap.UI.DeviceSelectors.PanelComponents.DeviceSelectorPanelComponentTests" name="AutomationId_ShouldBeValid_WhenInteractionStateIsAddMicrophone" />
    </UnitTest>
    <UnitTest name="ErrorOccurred_Exception_Success" storage="d:\actions-runner\_work\xpco\xpco\allsolutions\..\sc\components\remoteviewer\smartclient\tst\zsmartclient_unittest\bin\x64\debug\net6.0-windows\zsmartclient_unittest.dll" id="1576a34d-4425-e758-2eec-5a2e4ef4d6ef">
      <TestCategory>
        <TestCategoryItem TestCategory="SearchModels" />
      </TestCategory>
      <Execution id="3dfab5ec-8d20-43d7-9cae-55bcbe8d11a9" />
      <TestMethod codeBase="D:\actions-runner\_work\XPCO\XPCO\AllSolutions\..\SC\Components\RemoteViewer\SmartClient\tst\zSmartClient_UnitTest\bin\x64\Debug\net6.0-windows\zSmartClient_UnitTest.dll" adapterTypeName="executor://mstestadapter/v2" className="SmartClient_UnitTest.VideoOS.RemoteClient.Plugin.CentralizedSearch.Models.SearchModelTests" name="ErrorOccurred_Exception_Success" />
    </UnitTest>
    <UnitTest name="LoadInitialState_InvalidState_ReturnsNewEmptyState" storage="d:\actions-runner\_work\xpco\xpco\allsolutions\..\sc\components\remoteviewer\smartclient\tst\zsmartclient_unittest\bin\x64\debug\net6.0-windows\zsmartclient_unittest.dll" id="cd84e885-1918-e01a-687a-a984ec9c18f5">
      <TestCategory>
        <TestCategoryItem TestCategory="Search" />
      </TestCategory>
      <Execution id="f99fd15f-0326-4d1d-aaad-6a03159ee7a8" />
      <TestMethod codeBase="D:\actions-runner\_work\XPCO\XPCO\AllSolutions\..\SC\Components\RemoteViewer\SmartClient\tst\zSmartClient_UnitTest\bin\x64\Debug\net6.0-windows\zSmartClient_UnitTest.dll" adapterTypeName="executor://mstestadapter/v2" className="SmartClient_UnitTest.VideoOS.RemoteClient.Plugin.CentralizedSearch.CentralizedSearchContentHolderTests" name="LoadInitialState_InvalidState_ReturnsNewEmptyState" />
    </UnitTest>
    <UnitTest name="PtzPresetsMenuViewModel_PtzNotCotrolledTest" storage="d:\actions-runner\_work\xpco\xpco\allsolutions\..\sc\components\remoteviewer\smartclient\tst\zsmartclient_unittest\bin\x64\debug\net6.0-windows\zsmartclient_unittest.dll" id="db0bdc8c-751d-0e6e-b46c-9ca8002153fd">
      <Execution id="9f6e8d9e-9698-4d4d-9d78-4dd286e26148" />
      <TestMethod codeBase="D:\actions-runner\_work\XPCO\XPCO\AllSolutions\..\SC\Components\RemoteViewer\SmartClient\tst\zSmartClient_UnitTest\bin\x64\Debug\net6.0-windows\zSmartClient_UnitTest.dll" adapterTypeName="executor://mstestadapter/v2" className="SmartClient_UnitTest.VideoOS.RemoteClient.Application.Data.ContentTypes.CameraContentType.PtzPresetsMenuViewModelTest" name="PtzPresetsMenuViewModel_PtzNotCotrolledTest" />
    </UnitTest>
    <UnitTest name="SearchResultsActionBarActions_Export_OptionMediaPlayerAvailable_OtherExportOptionsUnavailable_NotVisible" storage="d:\actions-runner\_work\xpco\xpco\allsolutions\..\sc\components\remoteviewer\smartclient\tst\zsmartclient_unittest\bin\x64\debug\net6.0-windows\zsmartclient_unittest.dll" id="cb87ae3f-127d-d533-f5f1-ec7b4f65cbcc">
      <TestCategory>
        <TestCategoryItem TestCategory="SearchResultActionBarViewModel" />
      </TestCategory>
      <Execution id="f3e6ecd2-6a50-466b-87f6-5f7ba511207c" />
      <TestMethod codeBase="D:\actions-runner\_work\XPCO\XPCO\AllSolutions\..\SC\Components\RemoteViewer\SmartClient\tst\zSmartClient_UnitTest\bin\x64\Debug\net6.0-windows\zSmartClient_UnitTest.dll" adapterTypeName="executor://mstestadapter/v2" className="SmartClient_UnitTest.VideoOS.RemoteClient.Plugin.CentralizedSearch.ViewModels.SearchResultsActionBarViewModelTest" name="SearchResultsActionBarActions_Export_OptionMediaPlayerAvailable_OtherExportOptionsUnavailable_NotVisible" />
    </UnitTest>
    <UnitTest name="ResolveSearchDefinitions_ShouldReturnResultSearchDefinition_WhenCombinedSearchResultWithSingleSubResultAndSearchDefinitionsContainingCorrectSearchDefinitionsAreGiven" storage="d:\actions-runner\_work\xpco\xpco\allsolutions\..\sc\components\remoteviewer\smartclient\tst\zsmartclient_unittest\bin\x64\debug\net6.0-windows\zsmartclient_unittest.dll" id="9a38b1c7-2744-f7db-489b-6f81a442d11b">
      <TestCategory>
        <TestCategoryItem TestCategory="Search" />
      </TestCategory>
      <Execution id="8d804127-08c0-458a-a452-368bb21fbbea" />
      <TestMethod codeBase="D:\actions-runner\_work\XPCO\XPCO\AllSolutions\..\SC\Components\RemoteViewer\SmartClient\tst\zSmartClient_UnitTest\bin\x64\Debug\net6.0-windows\zSmartClient_UnitTest.dll" adapterTypeName="executor://mstestadapter/v2" className="SmartClient_UnitTest.VideoOS.RemoteClient.Plugin.CentralizedSearch.Utils.SearchResultDataWrapperExtensionsTests" name="ResolveSearchDefinitions_ShouldReturnResultSearchDefinition_WhenCombinedSearchResultWithSingleSubResultAndSearchDefinitionsContainingCorrectSearchDefinitionsAreGiven" />
    </UnitTest>
    <UnitTest name="BuildContentOptions_ShouldReturnCorrectNumberOfViewItems" storage="d:\actions-runner\_work\xpco\xpco\allsolutions\..\sc\components\remoteviewer\smartclient\tst\zsmartclient_unittest\bin\x64\debug\net6.0-windows\zsmartclient_unittest.dll" id="0d816db9-c190-9338-49a3-bd0095232832">
      <Execution id="bd0a1d37-f4ad-4060-b26d-1594a0454c11" />
      <TestMethod codeBase="D:\actions-runner\_work\XPCO\XPCO\AllSolutions\..\SC\Components\RemoteViewer\SmartClient\tst\zSmartClient_UnitTest\bin\x64\Debug\net6.0-windows\zSmartClient_UnitTest.dll" adapterTypeName="executor://mstestadapter/v2" className="SmartClient_UnitTest.VideoOS.RemoteClient.Application.Common.Telemetry.TelemetryBuilderTests" name="BuildContentOptions_ShouldReturnCorrectNumberOfViewItems" />
    </UnitTest>
    <UnitTest name="CreateExportDialog_CannotCreateExport_WithInvalidExportPath" storage="d:\actions-runner\_work\xpco\xpco\allsolutions\..\sc\components\remoteviewer\smartclient\tst\zsmartclient_unittest\bin\x64\debug\net6.0-windows\zsmartclient_unittest.dll" id="1ff772ea-316c-7a4b-bb91-f3ab3f44e05b">
      <TestCategory>
        <TestCategoryItem TestCategory="Export" />
      </TestCategory>
      <Execution id="cfd8bd35-4163-4588-a198-d4c0cadbd28d" />
      <TestMethod codeBase="D:\actions-runner\_work\XPCO\XPCO\AllSolutions\..\SC\Components\RemoteViewer\SmartClient\tst\zSmartClient_UnitTest\bin\x64\Debug\net6.0-windows\zSmartClient_UnitTest.dll" adapterTypeName="executor://mstestadapter/v2" className="SmartClient_UnitTest.VideoOS.RemoteClient.Plugin.Export.CreateExportDialogViewModelTests" name="CreateExportDialog_CannotCreateExport_WithInvalidExportPath" />
    </UnitTest>
    <UnitTest name="Deserialize_MissingItemId_Error" storage="d:\actions-runner\_work\xpco\xpco\allsolutions\..\sc\components\remoteviewer\smartclient\tst\zsmartclient_unittest\bin\x64\debug\net6.0-windows\zsmartclient_unittest.dll" id="ab974738-a590-83df-60ac-92b301ef7ab8">
      <TestCategory>
        <TestCategoryItem TestCategory="SearchSerialization" />
      </TestCategory>
      <Execution id="e64259f4-29fb-4919-aa29-686aafaeb815" />
      <TestMethod codeBase="D:\actions-runner\_work\XPCO\XPCO\AllSolutions\..\SC\Components\RemoteViewer\SmartClient\tst\zSmartClient_UnitTest\bin\x64\Debug\net6.0-windows\zSmartClient_UnitTest.dll" adapterTypeName="executor://mstestadapter/v2" className="SmartClient_UnitTest.VideoOS.RemoteClient.Plugin.CentralizedSearch.Models.Serialization.SearchSerializerTests" name="Deserialize_MissingItemId_Error" />
    </UnitTest>
    <UnitTest name="GetIndexCell_Milestone_Success" storage="d:\actions-runner\_work\xpco\xpco\allsolutions\..\sc\components\remoteviewer\smartclient\tst\zsmartclient_unittest\bin\x64\debug\net6.0-windows\zsmartclient_unittest.dll" id="4e54cb2c-d65b-9738-63c7-b5798acdd38c">
      <TestCategory>
        <TestCategoryItem TestCategory="GisMapIndex" />
      </TestCategory>
      <Execution id="f15ffe0f-8821-4527-9330-5a9bf2d14c2e" />
      <TestMethod codeBase="D:\actions-runner\_work\XPCO\XPCO\AllSolutions\..\SC\Components\RemoteViewer\SmartClient\tst\zSmartClient_UnitTest\bin\x64\Debug\net6.0-windows\zSmartClient_UnitTest.dll" adapterTypeName="executor://mstestadapter/v2" className="SmartClient_UnitTest.VideoOS.RemoteClient.GisMapData.Common.Indexer.IndexUtilTests" name="GetIndexCell_Milestone_Success" />
    </UnitTest>
    <UnitTest name="ScWorkSpaceModeChangedEvent_ShouldSetDeviceIsDisabledToTrue_WhenSwitchingToBrowseMode" storage="d:\actions-runner\_work\xpco\xpco\allsolutions\..\sc\components\remoteviewer\smartclient\tst\zsmartclient_unittest\bin\x64\debug\net6.0-windows\zsmartclient_unittest.dll" id="65b86002-200e-c55e-a53f-146aec337152">
      <TestCategory>
        <TestCategoryItem TestCategory="GisMapData.MapLayers" />
      </TestCategory>
      <Execution id="52798993-d846-4aea-ab5e-2f7efd9adc6b" />
      <TestMethod codeBase="D:\actions-runner\_work\XPCO\XPCO\AllSolutions\..\SC\Components\RemoteViewer\SmartClient\tst\zSmartClient_UnitTest\bin\x64\Debug\net6.0-windows\zSmartClient_UnitTest.dll" adapterTypeName="executor://mstestadapter/v2" className="SmartClient_UnitTest.VideoOS.RemoteClient.GisMapData.MapLayers.OutputItemsMapLayerTests" name="ScWorkSpaceModeChangedEvent_ShouldSetDeviceIsDisabledToTrue_WhenSwitchingToBrowseMode" />
    </UnitTest>
    <UnitTest name="PopulateTooltip_FewResultsFromManyCameras24Hours_ValidText" storage="d:\actions-runner\_work\xpco\xpco\allsolutions\..\sc\components\remoteviewer\smartclient\tst\zsmartclient_unittest\bin\x64\debug\net6.0-windows\zsmartclient_unittest.dll" id="d7ec089c-29ea-169c-5410-9af8ec475d2d">
      <TestCategory>
        <TestCategoryItem TestCategory="SearchControls" />
      </TestCategory>
      <Execution id="b715613a-da24-44e6-ba4b-9490b74fb817" />
      <TestMethod codeBase="D:\actions-runner\_work\XPCO\XPCO\AllSolutions\..\SC\Components\RemoteViewer\SmartClient\tst\zSmartClient_UnitTest\bin\x64\Debug\net6.0-windows\zSmartClient_UnitTest.dll" adapterTypeName="executor://mstestadapter/v2" className="SmartClient_UnitTest.VideoOS.RemoteClient.Plugin.CentralizedSearch.Views.Controls.TimelineRuler.TimelineRulerControlTests" name="PopulateTooltip_FewResultsFromManyCameras24Hours_ValidText" />
    </UnitTest>
    <UnitTest name="AddResults_IncludePartialResults_TwoPartialResult_Success" storage="d:\actions-runner\_work\xpco\xpco\allsolutions\..\sc\components\remoteviewer\smartclient\tst\zsmartclient_unittest\bin\x64\debug\net6.0-windows\zsmartclient_unittest.dll" id="f472fa58-6e18-42be-4063-867fef6b02e5">
      <TestCategory>
        <TestCategoryItem TestCategory="SearchResultsPreprocessor.PartialResults" />
      </TestCategory>
      <Execution id="ebf2d903-264a-496e-98e8-f5aa578fdf71" />
      <TestMethod codeBase="D:\actions-runner\_work\XPCO\XPCO\AllSolutions\..\SC\Components\RemoteViewer\SmartClient\tst\zSmartClient_UnitTest\bin\x64\Debug\net6.0-windows\zSmartClient_UnitTest.dll" adapterTypeName="executor://mstestadapter/v2" className="SmartClient_UnitTest.VideoOS.RemoteClient.Plugin.CentralizedSearch.Models.SearchResultsPreprocessorTests" name="AddResults_IncludePartialResults_TwoPartialResult_Success" />
    </UnitTest>
    <UnitTest name="TestGetAllTasks" storage="d:\actions-runner\_work\xpco\xpco\allsolutions\..\sc\components\remoteviewer\smartclient\tst\zsmartclient_unittest\bin\x64\debug\net6.0-windows\zsmartclient_unittest.dll" id="bf3342cd-aa37-ec7a-aed8-02a15815d43f">
      <Execution id="faa658cf-de33-4586-aab6-8c6eebfb2bcf" />
      <TestMethod codeBase="D:\actions-runner\_work\XPCO\XPCO\AllSolutions\..\SC\Components\RemoteViewer\SmartClient\tst\zSmartClient_UnitTest\bin\x64\Debug\net6.0-windows\zSmartClient_UnitTest.dll" adapterTypeName="executor://mstestadapter/v2" className="SmartClient_UnitTest.VideoOS.RemoteClient.Application.Managers.EdgeRetrievalTaskManagerUnitTest" name="TestGetAllTasks" />
    </UnitTest>
    <UnitTest name="MonitorPlaybackState_Serialize_Success" storage="d:\actions-runner\_work\xpco\xpco\allsolutions\..\sc\components\remoteviewer\smartclient\tst\zsmartclient_unittest\bin\x64\debug\net6.0-windows\zsmartclient_unittest.dll" id="95a21395-b040-7ff7-fe99-d443a657de60">
      <Execution id="c138bf3d-2321-4c10-9979-36d02d3870a4" />
      <TestMethod codeBase="D:\actions-runner\_work\XPCO\XPCO\AllSolutions\..\SC\Components\RemoteViewer\SmartClient\tst\zSmartClient_UnitTest\bin\x64\Debug\net6.0-windows\zSmartClient_UnitTest.dll" adapterTypeName="executor://mstestadapter/v2" className="SmartClient_UnitTest.VideoOS.RemoteClient.Data.VideoWall.MonitorStateTests" name="MonitorPlaybackState_Serialize_Success" />
    </UnitTest>
    <UnitTest name="PatrollingStepListViewModel_UpdatePositions" storage="d:\actions-runner\_work\xpco\xpco\allsolutions\..\sc\components\remoteviewer\smartclient\tst\zsmartclient_unittest\bin\x64\debug\net6.0-windows\zsmartclient_unittest.dll" id="86a445c9-5dff-52f1-c98f-77ae4a8bc915">
      <Execution id="3d12fbd9-a07d-496e-818d-f005f85dc12d" />
      <TestMethod codeBase="D:\actions-runner\_work\XPCO\XPCO\AllSolutions\..\SC\Components\RemoteViewer\SmartClient\tst\zSmartClient_UnitTest\bin\x64\Debug\net6.0-windows\zSmartClient_UnitTest.dll" adapterTypeName="executor://mstestadapter/v2" className="SmartClient_UnitTest.VideoOS.RemoteClient.Application.UI.PtzPreset.PatrollingViewModel.PatrollingStepListViewModelTest" name="PatrollingStepListViewModel_UpdatePositions" />
    </UnitTest>
    <UnitTest name="Constructor_ShouldRaiseArgumentNullException_WhenLayersIsNull" storage="d:\actions-runner\_work\xpco\xpco\allsolutions\..\sc\components\remoteviewer\smartclient\tst\zsmartclient_unittest\bin\x64\debug\net6.0-windows\zsmartclient_unittest.dll" id="f23cbfaa-bd0e-0a68-964c-aedac70dbd89">
      <TestCategory>
        <TestCategoryItem TestCategory="GisMapData.Controllers.LayerFeatures" />
      </TestCategory>
      <Execution id="efd3c5f2-0734-4796-a629-4fb4c66adc1d" />
      <TestMethod codeBase="D:\actions-runner\_work\XPCO\XPCO\AllSolutions\..\SC\Components\RemoteViewer\SmartClient\tst\zSmartClient_UnitTest\bin\x64\Debug\net6.0-windows\zSmartClient_UnitTest.dll" adapterTypeName="executor://mstestadapter/v2" className="SmartClient_UnitTest.VideoOS.RemoteClient.GisMapData.Controllers.LayerFeatures.LayerFeaturesControllerTests" name="Constructor_ShouldRaiseArgumentNullException_WhenLayersIsNull" />
    </UnitTest>
    <UnitTest name="SearchResultsActionBarActions_ActionResultDeleted_Success" storage="d:\actions-runner\_work\xpco\xpco\allsolutions\..\sc\components\remoteviewer\smartclient\tst\zsmartclient_unittest\bin\x64\debug\net6.0-windows\zsmartclient_unittest.dll" id="88eff823-fbf7-7507-7019-8e0b7f4937d4">
      <TestCategory>
        <TestCategoryItem TestCategory="SearchResultActionBarViewModel" />
      </TestCategory>
      <Execution id="95a115bc-4d10-4628-8fb6-ea67abab72ea" />
      <TestMethod codeBase="D:\actions-runner\_work\XPCO\XPCO\AllSolutions\..\SC\Components\RemoteViewer\SmartClient\tst\zSmartClient_UnitTest\bin\x64\Debug\net6.0-windows\zSmartClient_UnitTest.dll" adapterTypeName="executor://mstestadapter/v2" className="SmartClient_UnitTest.VideoOS.RemoteClient.Plugin.CentralizedSearch.ViewModels.SearchResultsActionBarViewModelTest" name="SearchResultsActionBarActions_ActionResultDeleted_Success" />
    </UnitTest>
    <UnitTest name="Keywords_Built" storage="d:\actions-runner\_work\xpco\xpco\allsolutions\..\sc\components\remoteviewer\smartclient\tst\zsmartclient_unittest\bin\x64\debug\net6.0-windows\zsmartclient_unittest.dll" id="704f12b7-2603-a060-9466-3d44ec217344">
      <Execution id="5408ba92-73ca-4567-b5d6-c131f91bc7fa" />
      <TestMethod codeBase="D:\actions-runner\_work\XPCO\XPCO\AllSolutions\..\SC\Components\RemoteViewer\SmartClient\tst\zSmartClient_UnitTest\bin\x64\Debug\net6.0-windows\zSmartClient_UnitTest.dll" adapterTypeName="executor://mstestadapter/v2" className="SmartClient_UnitTest.VideoOS.RemoteClient.Application.Components.Search.SearchManagerTest" name="Keywords_Built" />
    </UnitTest>
    <UnitTest name="AddToExportTuples_ShouldReturnCorrectResult (1,1,0)" storage="d:\actions-runner\_work\xpco\xpco\allsolutions\..\sc\components\remoteviewer\smartclient\tst\zsmartclient_unittest\bin\x64\debug\net6.0-windows\zsmartclient_unittest.dll" id="e2ce302e-d97a-5953-2969-daecd520b54e">
      <TestCategory>
        <TestCategoryItem TestCategory="Managers" />
      </TestCategory>
      <Execution id="9d71eadd-5ded-4d1a-aace-5763bc5efb40" />
      <TestMethod codeBase="D:\actions-runner\_work\XPCO\XPCO\AllSolutions\..\SC\Components\RemoteViewer\SmartClient\tst\zSmartClient_UnitTest\bin\x64\Debug\net6.0-windows\zSmartClient_UnitTest.dll" adapterTypeName="executor://mstestadapter/v2" className="SmartClient_UnitTest.VideoOS.RemoteClient.Application.Managers.ExportManagerTests" name="AddToExportTuples_ShouldReturnCorrectResult" />
    </UnitTest>
    <UnitTest name="Narrowing_Is_Disabled_When_Update_Rights_Missing" storage="d:\actions-runner\_work\xpco\xpco\allsolutions\..\sc\components\remoteviewer\smartclient\tst\zsmartclient_unittest\bin\x64\debug\net6.0-windows\zsmartclient_unittest.dll" id="cdb294e5-a11e-c1b8-28c0-e318e116348c">
      <Execution id="c2002161-1066-4e1b-b450-0db0edbe81c7" />
      <TestMethod codeBase="D:\actions-runner\_work\XPCO\XPCO\AllSolutions\..\SC\Components\RemoteViewer\SmartClient\tst\zSmartClient_UnitTest\bin\x64\Debug\net6.0-windows\zSmartClient_UnitTest.dll" adapterTypeName="executor://mstestadapter/v2" className="SmartClient_UnitTest.VideoOS.RemoteClient.Application.Components.EvidenceLock.EvidenceLockEditModeUserRightTests" name="Narrowing_Is_Disabled_When_Update_Rights_Missing" />
    </UnitTest>
    <UnitTest name="PtzInfoViewModel_PtzReservedByOtherUserTest" storage="d:\actions-runner\_work\xpco\xpco\allsolutions\..\sc\components\remoteviewer\smartclient\tst\zsmartclient_unittest\bin\x64\debug\net6.0-windows\zsmartclient_unittest.dll" id="694752a6-f80f-3cf2-2854-db6d5b4b1e01">
      <Execution id="9e48c0e3-254d-4c2a-b954-03593b7e55ab" />
      <TestMethod codeBase="D:\actions-runner\_work\XPCO\XPCO\AllSolutions\..\SC\Components\RemoteViewer\SmartClient\tst\zSmartClient_UnitTest\bin\x64\Debug\net6.0-windows\zSmartClient_UnitTest.dll" adapterTypeName="executor://mstestadapter/v2" className="SmartClient_UnitTest.VideoOS.RemoteClient.Plugin.Map.WPFObjects.PtzInfoViewModelUnitTest" name="PtzInfoViewModel_PtzReservedByOtherUserTest" />
    </UnitTest>
    <UnitTest name="DeleteItems_ShouldResetGisPointAndRaiseEvent_WhenAnItemIsDeleted" storage="d:\actions-runner\_work\xpco\xpco\allsolutions\..\sc\components\remoteviewer\smartclient\tst\zsmartclient_unittest\bin\x64\debug\net6.0-windows\zsmartclient_unittest.dll" id="9e8c2141-20ec-ba37-0f1b-2e2277c88211">
      <Execution id="c27047e8-99fc-42b2-9c4b-5311dc655362" />
      <TestMethod codeBase="D:\actions-runner\_work\XPCO\XPCO\AllSolutions\..\SC\Components\RemoteViewer\SmartClient\tst\zSmartClient_UnitTest\bin\x64\Debug\net6.0-windows\zSmartClient_UnitTest.dll" adapterTypeName="executor://mstestadapter/v2" className="SmartClient_UnitTest.VideoOS.RemoteClient.GisMapData.MapLayers.MipItemsMapLayerTests" name="DeleteItems_ShouldResetGisPointAndRaiseEvent_WhenAnItemIsDeleted" />
    </UnitTest>
    <UnitTest name="BindingModelVisible_ReactsTo_PluginInstanceVisibleUpdate" storage="d:\actions-runner\_work\xpco\xpco\allsolutions\..\sc\components\remoteviewer\smartclient\tst\zsmartclient_unittest\bin\x64\debug\net6.0-windows\zsmartclient_unittest.dll" id="68273da4-d8f3-7604-23b1-9e7df4a52b5c">
      <TestCategory>
        <TestCategoryItem TestCategory="WorkspaceToolbar" />
      </TestCategory>
      <Execution id="e00c644a-a9c8-458b-b51d-a709f4aef28c" />
      <TestMethod codeBase="D:\actions-runner\_work\XPCO\XPCO\AllSolutions\..\SC\Components\RemoteViewer\SmartClient\tst\zSmartClient_UnitTest\bin\x64\Debug\net6.0-windows\zSmartClient_UnitTest.dll" adapterTypeName="executor://mstestadapter/v2" className="SmartClient_UnitTest.VideoOS.RemoteClient.Application.Data.WorkspaceToolbar.WorkspaceToolbarItemMipPluginTests" name="BindingModelVisible_ReactsTo_PluginInstanceVisibleUpdate" />
    </UnitTest>
    <UnitTest name="ValidateExportFormats_SmartClientPlayerFormat_ShouldNotReturnFailResult_ExportPathIsTooLong_WhenLongPathsEnabled (c:\aaaaaaaaaaaaaaaaaaaaaaaaaaaaaaaaaaaaaaaaaaaaaaaaaaaaaaaaaaaaaaaaaaaaaaaaaaaaaaaaaaaaaaaaaaaaaaaaaaaaaaaaaaaaaaaaaaaaaaaaaaaaaaaaaaaaaaaaaaaaaaaaaaaaaaaaaaaaaaaaaaaaaaaaaaaaaaaaaaaaaaa\aaaaaaaaaaaaaaaaaaaaaaaaaaaaaaaaaaaaaaaaaaaaaaaaaaaaaaaaaaaaaaaaaaaaaaaaaaaaaaaaaaaaaaaaaaaaaaaaaaaaaaaaaaaaaaaaaaaaaaaaaaaaaaaaaaaaaaaaaaaaaaaaaaaaaaaaaaaaaaaaaaaaaaaaaaaaaaaaaaaaaaa)" storage="d:\actions-runner\_work\xpco\xpco\allsolutions\..\sc\components\remoteviewer\smartclient\tst\zsmartclient_unittest\bin\x64\debug\net6.0-windows\zsmartclient_unittest.dll" id="682e27e5-2d38-b387-eab4-fececdef538a">
      <TestCategory>
        <TestCategoryItem TestCategory="Export" />
      </TestCategory>
      <Execution id="c1cb5524-3a61-4286-beff-768c7514f024" />
      <TestMethod codeBase="D:\actions-runner\_work\XPCO\XPCO\AllSolutions\..\SC\Components\RemoteViewer\SmartClient\tst\zSmartClient_UnitTest\bin\x64\Debug\net6.0-windows\zSmartClient_UnitTest.dll" adapterTypeName="executor://mstestadapter/v2" className="SmartClient_UnitTest.VideoOS.RemoteClient.Plugin.Export.ExportDataValidatorTests" name="ValidateExportFormats_SmartClientPlayerFormat_ShouldNotReturnFailResult_ExportPathIsTooLong_WhenLongPathsEnabled" />
    </UnitTest>
    <UnitTest name="IsDeviceSupported_ShouldReturnTrue_WhenInputKind" storage="d:\actions-runner\_work\xpco\xpco\allsolutions\..\sc\components\remoteviewer\smartclient\tst\zsmartclient_unittest\bin\x64\debug\net6.0-windows\zsmartclient_unittest.dll" id="830bf89f-dfc4-5715-2ff6-ae54ad42b242">
      <TestCategory>
        <TestCategoryItem TestCategory="GisMap.Controllers.Devices" />
      </TestCategory>
      <Execution id="2059c531-57be-4d73-82f7-d2faf967b90d" />
      <TestMethod codeBase="D:\actions-runner\_work\XPCO\XPCO\AllSolutions\..\SC\Components\RemoteViewer\SmartClient\tst\zSmartClient_UnitTest\bin\x64\Debug\net6.0-windows\zSmartClient_UnitTest.dll" adapterTypeName="executor://mstestadapter/v2" className="SmartClient_UnitTest.VideoOS.RemoteClient.Plugin.GisMap.Controllers.Devices.DeviceControllerTests" name="IsDeviceSupported_ShouldReturnTrue_WhenInputKind" />
    </UnitTest>
    <UnitTest name="TestReadXmlTaskId" storage="d:\actions-runner\_work\xpco\xpco\allsolutions\..\sc\components\remoteviewer\smartclient\tst\zsmartclient_unittest\bin\x64\debug\net6.0-windows\zsmartclient_unittest.dll" id="8f3c7e47-c7ba-15e0-4ea3-5c99da54e2cf">
      <Execution id="24df1582-ba98-4fe9-9084-f54789106382" />
      <TestMethod codeBase="D:\actions-runner\_work\XPCO\XPCO\AllSolutions\..\SC\Components\RemoteViewer\SmartClient\tst\zSmartClient_UnitTest\bin\x64\Debug\net6.0-windows\zSmartClient_UnitTest.dll" adapterTypeName="executor://mstestadapter/v2" className="SmartClient_UnitTest.VideoOS.RemoteClient.Application.Data.Retrievals.RetrievalMetadataTest" name="TestReadXmlTaskId" />
    </UnitTest>
    <UnitTest name="Constructor_ShouldThrowException_WhenControllerManagerIsNull" storage="d:\actions-runner\_work\xpco\xpco\allsolutions\..\sc\components\remoteviewer\smartclient\tst\zsmartclient_unittest\bin\x64\debug\net6.0-windows\zsmartclient_unittest.dll" id="97644baf-75da-2d1d-90ad-632f1839ba1c">
      <TestCategory>
        <TestCategoryItem TestCategory="ReportingContentType" />
      </TestCategory>
      <Execution id="8bf93c82-2014-4c35-9a8a-972598175700" />
      <TestMethod codeBase="D:\actions-runner\_work\XPCO\XPCO\AllSolutions\..\SC\Components\RemoteViewer\SmartClient\tst\zSmartClient_UnitTest\bin\x64\Debug\net6.0-windows\zSmartClient_UnitTest.dll" adapterTypeName="executor://mstestadapter/v2" className="SmartClient_UnitTest.VideoOS.RemoteClient.Application.Data.ContentTypes.ReportingContentType.ReportViewerViewModelTest" name="Constructor_ShouldThrowException_WhenControllerManagerIsNull" />
    </UnitTest>
    <UnitTest name="SupportsDoubleClick_ShouldBeFalse_WhenInteractionStateIsNotNormalAndInSetupMode" storage="d:\actions-runner\_work\xpco\xpco\allsolutions\..\sc\components\remoteviewer\smartclient\tst\zsmartclient_unittest\bin\x64\debug\net6.0-windows\zsmartclient_unittest.dll" id="b4acbf62-a814-6c5c-b0cb-e93db772efce">
      <TestCategory>
        <TestCategoryItem TestCategory="GisMap.LocationMarker" />
      </TestCategory>
      <Execution id="a10d8471-fd07-4993-b75f-d4514f207e27" />
      <TestMethod codeBase="D:\actions-runner\_work\XPCO\XPCO\AllSolutions\..\SC\Components\RemoteViewer\SmartClient\tst\zSmartClient_UnitTest\bin\x64\Debug\net6.0-windows\zSmartClient_UnitTest.dll" adapterTypeName="executor://mstestadapter/v2" className="SmartClient_UnitTest.VideoOS.RemoteClient.Plugin.GisMap.ThinkGeoMap.Markers.LocationMarker.LocationMarkerTests" name="SupportsDoubleClick_ShouldBeFalse_WhenInteractionStateIsNotNormalAndInSetupMode" />
    </UnitTest>
    <UnitTest name="OpenStreetMapLayerIsDisabled_ShouldReturnFalse_WhenOpenStreetMapGeographicLayerOptionIsAvailableAndOpenStreetMapAlternativeServerIsNotEmpty" storage="d:\actions-runner\_work\xpco\xpco\allsolutions\..\sc\components\remoteviewer\smartclient\tst\zsmartclient_unittest\bin\x64\debug\net6.0-windows\zsmartclient_unittest.dll" id="4b94700f-6e5c-855d-b131-f805331c5a39">
      <TestCategory>
        <TestCategoryItem TestCategory="GisMapLayer" />
      </TestCategory>
      <Execution id="7320bacd-a4ff-462b-bcbc-0f8edec56b5f" />
      <TestMethod codeBase="D:\actions-runner\_work\XPCO\XPCO\AllSolutions\..\SC\Components\RemoteViewer\SmartClient\tst\zSmartClient_UnitTest\bin\x64\Debug\net6.0-windows\zSmartClient_UnitTest.dll" adapterTypeName="executor://mstestadapter/v2" className="SmartClient_UnitTest.VideoOS.RemoteClient.GisMap.MapLayers.GisMapLayerTests" name="OpenStreetMapLayerIsDisabled_ShouldReturnFalse_WhenOpenStreetMapGeographicLayerOptionIsAvailableAndOpenStreetMapAlternativeServerIsNotEmpty" />
    </UnitTest>
    <UnitTest name="SelectTemplate_RegionSelectionFilterConfiguration_ReturnsPopupTemplate" storage="d:\actions-runner\_work\xpco\xpco\allsolutions\..\sc\components\remoteviewer\smartclient\tst\zsmartclient_unittest\bin\x64\debug\net6.0-windows\zsmartclient_unittest.dll" id="2960add4-9952-f70d-dcad-c47d9da5fd58">
      <TestCategory>
        <TestCategoryItem TestCategory="SearchViews" />
      </TestCategory>
      <Execution id="32301d93-bebc-4fe6-bbc8-d46e2f83a768" />
      <TestMethod codeBase="D:\actions-runner\_work\XPCO\XPCO\AllSolutions\..\SC\Components\RemoteViewer\SmartClient\tst\zSmartClient_UnitTest\bin\x64\Debug\net6.0-windows\zSmartClient_UnitTest.dll" adapterTypeName="executor://mstestadapter/v2" className="SmartClient_UnitTest.VideoOS.RemoteClient.Plugin.CentralizedSearch.Views.AttributeEditControlTemplateSelectorTests" name="SelectTemplate_RegionSelectionFilterConfiguration_ReturnsPopupTemplate" />
    </UnitTest>
    <UnitTest name="CreateUniqeNameTest" storage="d:\actions-runner\_work\xpco\xpco\allsolutions\..\sc\components\remoteviewer\smartclient\tst\zsmartclient_unittest\bin\x64\debug\net6.0-windows\zsmartclient_unittest.dll" id="2f70380e-1d07-1023-936c-dd584dd81a70">
      <Execution id="2ee87505-4d15-4bc7-8811-1df90b1f75bd" />
      <TestMethod codeBase="D:\actions-runner\_work\XPCO\XPCO\AllSolutions\..\SC\Components\RemoteViewer\SmartClient\tst\zSmartClient_UnitTest\bin\x64\Debug\net6.0-windows\zSmartClient_UnitTest.dll" adapterTypeName="executor://mstestadapter/v2" className="SmartClient_UnitTest.VideoOS.RemoteClient.Application.Data.Configuration.ViewGroupManagerTest" name="CreateUniqeNameTest" />
    </UnitTest>
    <UnitTest name="HandleSetLayerFeatures_ShouldRaiseArgumentException_WhenNotOutputKindAndOutputLayerFeatures" storage="d:\actions-runner\_work\xpco\xpco\allsolutions\..\sc\components\remoteviewer\smartclient\tst\zsmartclient_unittest\bin\x64\debug\net6.0-windows\zsmartclient_unittest.dll" id="a1f63b95-bed0-b504-3aa1-12bbb203c9f9">
      <TestCategory>
        <TestCategoryItem TestCategory="GisMapData.Handlers.LayerFeatures" />
      </TestCategory>
      <Execution id="cef6c979-4497-473c-9b99-a399f405d2c1" />
      <TestMethod codeBase="D:\actions-runner\_work\XPCO\XPCO\AllSolutions\..\SC\Components\RemoteViewer\SmartClient\tst\zSmartClient_UnitTest\bin\x64\Debug\net6.0-windows\zSmartClient_UnitTest.dll" adapterTypeName="executor://mstestadapter/v2" className="SmartClient_UnitTest.VideoOS.RemoteClient.GisMapData.Handlers.LayerFeatures.OutputLayerFeaturesHandlerTests" name="HandleSetLayerFeatures_ShouldRaiseArgumentException_WhenNotOutputKindAndOutputLayerFeatures" />
    </UnitTest>
    <UnitTest name="CreateMenuItem_Success" storage="d:\actions-runner\_work\xpco\xpco\allsolutions\..\sc\components\remoteviewer\smartclient\tst\zsmartclient_unittest\bin\x64\debug\net6.0-windows\zsmartclient_unittest.dll" id="a476d913-853e-9006-57bf-9e825d119810">
      <TestCategory>
        <TestCategoryItem TestCategory="GisMapMip" />
      </TestCategory>
      <Execution id="865c9e73-75c2-428c-ac2c-a4357fc40bb6" />
      <TestMethod codeBase="D:\actions-runner\_work\XPCO\XPCO\AllSolutions\..\SC\Components\RemoteViewer\SmartClient\tst\zSmartClient_UnitTest\bin\x64\Debug\net6.0-windows\zSmartClient_UnitTest.dll" adapterTypeName="executor://mstestadapter/v2" className="SmartClient_UnitTest.VideoOS.RemoteClient.Plugin.GisMap.ThinkGeoMap.ContextMenuUtils.MipItemActionsContextMenuTests" name="CreateMenuItem_Success" />
    </UnitTest>
    <UnitTest name="ScrollIntoView_Async_3DefinitionViewsBelowViewPort_ScrolledToTopmost" storage="d:\actions-runner\_work\xpco\xpco\allsolutions\..\sc\components\remoteviewer\smartclient\tst\zsmartclient_unittest\bin\x64\debug\net6.0-windows\zsmartclient_unittest.dll" id="14586c69-09d9-7b16-15c8-c6b5e4ea64f4">
      <TestCategory>
        <TestCategoryItem TestCategory="Search" />
      </TestCategory>
      <Execution id="c6bfd5fa-09ad-4dda-b8b9-d51961ec3c99" />
      <TestMethod codeBase="D:\actions-runner\_work\XPCO\XPCO\AllSolutions\..\SC\Components\RemoteViewer\SmartClient\tst\zSmartClient_UnitTest\bin\x64\Debug\net6.0-windows\zSmartClient_UnitTest.dll" adapterTypeName="executor://mstestadapter/v2" className="SmartClient_UnitTest.VideoOS.RemoteClient.Plugin.CentralizedSearch.Views.CriteriaViewTests" name="ScrollIntoView_Async_3DefinitionViewsBelowViewPort_ScrolledToTopmost" />
    </UnitTest>
    <UnitTest name="Command_WithNullActivateResult_PluginInstanceActivatedCalled" storage="d:\actions-runner\_work\xpco\xpco\allsolutions\..\sc\components\remoteviewer\smartclient\tst\zsmartclient_unittest\bin\x64\debug\net6.0-windows\zsmartclient_unittest.dll" id="5304ef5f-6f68-f464-023c-0e8f2792256b">
      <TestCategory>
        <TestCategoryItem TestCategory="SearchResultsAction" />
      </TestCategory>
      <Execution id="b17264b4-3fb0-4fb2-a6e5-c7aae0274945" />
      <TestMethod codeBase="D:\actions-runner\_work\XPCO\XPCO\AllSolutions\..\SC\Components\RemoteViewer\SmartClient\tst\zSmartClient_UnitTest\bin\x64\Debug\net6.0-windows\zSmartClient_UnitTest.dll" adapterTypeName="executor://mstestadapter/v2" className="SmartClient_UnitTest.VideoOS.RemoteClient.Plugin.CentralizedSearch.ViewModels.SearchResultsActionViewModelTests" name="Command_WithNullActivateResult_PluginInstanceActivatedCalled" />
    </UnitTest>
    <UnitTest name="Ctor_NullPassedToNotNullParameters_Failure" storage="d:\actions-runner\_work\xpco\xpco\allsolutions\..\sc\components\remoteviewer\smartclient\tst\zsmartclient_unittest\bin\x64\debug\net6.0-windows\zsmartclient_unittest.dll" id="4fb1e9eb-976d-db8c-6efc-0c953d97980e">
      <TestCategory>
        <TestCategoryItem TestCategory="SearchViewModels" />
      </TestCategory>
      <Execution id="75769a7e-b379-4a88-898f-9f6ae82b4e00" />
      <TestMethod codeBase="D:\actions-runner\_work\XPCO\XPCO\AllSolutions\..\SC\Components\RemoteViewer\SmartClient\tst\zSmartClient_UnitTest\bin\x64\Debug\net6.0-windows\zSmartClient_UnitTest.dll" adapterTypeName="executor://mstestadapter/v2" className="SmartClient_UnitTest.VideoOS.RemoteClient.Plugin.CentralizedSearch.ViewModels.SearchViewModelTests" name="Ctor_NullPassedToNotNullParameters_Failure" />
    </UnitTest>
    <UnitTest name="Ctor_CentralizedSearchStateWithSelectedSearchResults_SelectionHelperInitialized" storage="d:\actions-runner\_work\xpco\xpco\allsolutions\..\sc\components\remoteviewer\smartclient\tst\zsmartclient_unittest\bin\x64\debug\net6.0-windows\zsmartclient_unittest.dll" id="daba4ba3-c0c2-8c2c-c76e-9c5fdbf89a9e">
      <TestCategory>
        <TestCategoryItem TestCategory="SearchViewModels" />
      </TestCategory>
      <Execution id="3f3cd488-2839-49e9-a5f5-a28e8b93982f" />
      <TestMethod codeBase="D:\actions-runner\_work\XPCO\XPCO\AllSolutions\..\SC\Components\RemoteViewer\SmartClient\tst\zSmartClient_UnitTest\bin\x64\Debug\net6.0-windows\zSmartClient_UnitTest.dll" adapterTypeName="executor://mstestadapter/v2" className="SmartClient_UnitTest.VideoOS.RemoteClient.Plugin.CentralizedSearch.ViewModels.SearchViewModelTests" name="Ctor_CentralizedSearchStateWithSelectedSearchResults_SelectionHelperInitialized" />
    </UnitTest>
    <UnitTest name="ToUnsafeName_MultipleSafeNames_Success" storage="d:\actions-runner\_work\xpco\xpco\allsolutions\..\sc\components\remoteviewer\smartclient\tst\zsmartclient_unittest\bin\x64\debug\net6.0-windows\zsmartclient_unittest.dll" id="bc03d8ec-092f-15f4-b2b5-81687d93c9f8">
      <Execution id="1d5d23f1-1cbc-4849-9ecf-2e129dbf6f2b" />
      <TestMethod codeBase="D:\actions-runner\_work\XPCO\XPCO\AllSolutions\..\SC\Components\RemoteViewer\SmartClient\tst\zSmartClient_UnitTest\bin\x64\Debug\net6.0-windows\zSmartClient_UnitTest.dll" adapterTypeName="executor://mstestadapter/v2" className="SmartClient_UnitTest.VideoOS.RemoteClient.Application.Common.Scripting.ReservedJavascriptKeywordsTests" name="ToUnsafeName_MultipleSafeNames_Success" />
    </UnitTest>
    <UnitTest name="DeactivateView_Success" storage="d:\actions-runner\_work\xpco\xpco\allsolutions\..\sc\components\remoteviewer\smartclient\tst\zsmartclient_unittest\bin\x64\debug\net6.0-windows\zsmartclient_unittest.dll" id="5ab2a160-0b3e-3ddc-61b5-6572c40a7f10">
      <TestCategory>
        <TestCategoryItem TestCategory="SearchViewModels" />
      </TestCategory>
      <Execution id="25b88427-a4c7-40bb-90dd-da3c88cc92fc" />
      <TestMethod codeBase="D:\actions-runner\_work\XPCO\XPCO\AllSolutions\..\SC\Components\RemoteViewer\SmartClient\tst\zSmartClient_UnitTest\bin\x64\Debug\net6.0-windows\zSmartClient_UnitTest.dll" adapterTypeName="executor://mstestadapter/v2" className="SmartClient_UnitTest.VideoOS.RemoteClient.Plugin.CentralizedSearch.ViewModels.SearchViewModelTests" name="DeactivateView_Success" />
    </UnitTest>
    <UnitTest name="IsVisible_OneSelectedResult_ReturnsTrue" storage="d:\actions-runner\_work\xpco\xpco\allsolutions\..\sc\components\remoteviewer\smartclient\tst\zsmartclient_unittest\bin\x64\debug\net6.0-windows\zsmartclient_unittest.dll" id="4acf2e12-f867-ff67-73aa-be136e127327">
      <TestCategory>
        <TestCategoryItem TestCategory="SearchResultActionBarViewModel" />
      </TestCategory>
      <Execution id="2039253f-66a9-429c-b073-94f5ac647053" />
      <TestMethod codeBase="D:\actions-runner\_work\XPCO\XPCO\AllSolutions\..\SC\Components\RemoteViewer\SmartClient\tst\zSmartClient_UnitTest\bin\x64\Debug\net6.0-windows\zSmartClient_UnitTest.dll" adapterTypeName="executor://mstestadapter/v2" className="SmartClient_UnitTest.VideoOS.RemoteClient.Plugin.CentralizedSearch.ViewModels.SearchResultsActionBarViewModelTest" name="IsVisible_OneSelectedResult_ReturnsTrue" />
    </UnitTest>
    <UnitTest name="ShowAlreadyAddedToast_ShouldShowCorrectNumberOfToasts (0,0)" storage="d:\actions-runner\_work\xpco\xpco\allsolutions\..\sc\components\remoteviewer\smartclient\tst\zsmartclient_unittest\bin\x64\debug\net6.0-windows\zsmartclient_unittest.dll" id="0fed5cd0-f477-3126-e159-48e4c927506e">
      <TestCategory>
        <TestCategoryItem TestCategory="Managers" />
      </TestCategory>
      <Execution id="12d32a01-a0dd-4c5e-b99c-7877decce66b" />
      <TestMethod codeBase="D:\actions-runner\_work\XPCO\XPCO\AllSolutions\..\SC\Components\RemoteViewer\SmartClient\tst\zSmartClient_UnitTest\bin\x64\Debug\net6.0-windows\zSmartClient_UnitTest.dll" adapterTypeName="executor://mstestadapter/v2" className="SmartClient_UnitTest.VideoOS.RemoteClient.Application.Managers.ExportResultsNotificationHelperTests" name="ShowAlreadyAddedToast_ShouldShowCorrectNumberOfToasts" />
    </UnitTest>
    <UnitTest name="Selected_retention_option_is_not_cleared_when_available" storage="d:\actions-runner\_work\xpco\xpco\allsolutions\..\sc\components\remoteviewer\smartclient\tst\zsmartclient_unittest\bin\x64\debug\net6.0-windows\zsmartclient_unittest.dll" id="9aaaf4ba-8359-75df-6568-0739721a7d97">
      <Execution id="b9d95fac-859c-49f5-85f1-52e368ed643a" />
      <TestMethod codeBase="D:\actions-runner\_work\XPCO\XPCO\AllSolutions\..\SC\Components\RemoteViewer\SmartClient\tst\zSmartClient_UnitTest\bin\x64\Debug\net6.0-windows\zSmartClient_UnitTest.dll" adapterTypeName="executor://mstestadapter/v2" className="SmartClient_UnitTest.VideoOS.RemoteClient.Application.Components.EvidenceLock.EvidenceLockCreateEditTests" name="Selected_retention_option_is_not_cleared_when_available" />
    </UnitTest>
    <UnitTest name="DateToStringConverter_Ctor_Success" storage="d:\actions-runner\_work\xpco\xpco\allsolutions\..\sc\components\remoteviewer\smartclient\tst\zsmartclient_unittest\bin\x64\debug\net6.0-windows\zsmartclient_unittest.dll" id="c0f25cd3-6ed3-eae8-438d-18b69791b31c">
      <TestCategory>
        <TestCategoryItem TestCategory="SearchConverter" />
      </TestCategory>
      <Execution id="f32c0101-7d05-438a-9871-554194356cb7" />
      <TestMethod codeBase="D:\actions-runner\_work\XPCO\XPCO\AllSolutions\..\SC\Components\RemoteViewer\SmartClient\tst\zSmartClient_UnitTest\bin\x64\Debug\net6.0-windows\zSmartClient_UnitTest.dll" adapterTypeName="executor://mstestadapter/v2" className="SmartClient_UnitTest.VideoOS.RemoteClient.Plugin.CentralizedSearch.Views.Converters.DateToStringConverterTests" name="DateToStringConverter_Ctor_Success" />
    </UnitTest>
    <UnitTest name="Deserialize_ShouldReturnCombineTypeAnd_WhenCombineTypeIsAndInXml" storage="d:\actions-runner\_work\xpco\xpco\allsolutions\..\sc\components\remoteviewer\smartclient\tst\zsmartclient_unittest\bin\x64\debug\net6.0-windows\zsmartclient_unittest.dll" id="2833457c-1856-8c1e-4496-190a417e49d0">
      <TestCategory>
        <TestCategoryItem TestCategory="SearchModels" />
      </TestCategory>
      <Execution id="36599b6e-b344-44a9-b80b-1ad48da63c5a" />
      <TestMethod codeBase="D:\actions-runner\_work\XPCO\XPCO\AllSolutions\..\SC\Components\RemoteViewer\SmartClient\tst\zSmartClient_UnitTest\bin\x64\Debug\net6.0-windows\zSmartClient_UnitTest.dll" adapterTypeName="executor://mstestadapter/v2" className="SmartClient_UnitTest.VideoOS.RemoteClient.Plugin.CentralizedSearch.Models.SearchModelTests" name="Deserialize_ShouldReturnCombineTypeAnd_WhenCombineTypeIsAndInXml" />
    </UnitTest>
    <UnitTest name="PatrollingPresetViewModel_Constructor_1_Success" storage="d:\actions-runner\_work\xpco\xpco\allsolutions\..\sc\components\remoteviewer\smartclient\tst\zsmartclient_unittest\bin\x64\debug\net6.0-windows\zsmartclient_unittest.dll" id="7ce02435-55dc-be77-8a7d-085f35894996">
      <Execution id="46bb695b-a96f-4c70-8b36-fe6dca8fc732" />
      <TestMethod codeBase="D:\actions-runner\_work\XPCO\XPCO\AllSolutions\..\SC\Components\RemoteViewer\SmartClient\tst\zSmartClient_UnitTest\bin\x64\Debug\net6.0-windows\zSmartClient_UnitTest.dll" adapterTypeName="executor://mstestadapter/v2" className="SmartClient_UnitTest.VideoOS.RemoteClient.Application.UI.PtzPreset.PatrollingViewModel.PatrollingPresetViewModelTest" name="PatrollingPresetViewModel_Constructor_1_Success" />
    </UnitTest>
    <UnitTest name="CreateGeometry_OnePointsCollection_ThrowsArgException" storage="d:\actions-runner\_work\xpco\xpco\allsolutions\..\sc\components\remoteviewer\smartclient\tst\zsmartclient_unittest\bin\x64\debug\net6.0-windows\zsmartclient_unittest.dll" id="3b4fccf6-70be-2d9b-f5f2-d6283b7fde7b">
      <TestCategory>
        <TestCategoryItem TestCategory="GisMapIndex" />
      </TestCategory>
      <Execution id="9813b696-e762-4a77-9438-f22a1b9ff403" />
      <TestMethod codeBase="D:\actions-runner\_work\XPCO\XPCO\AllSolutions\..\SC\Components\RemoteViewer\SmartClient\tst\zSmartClient_UnitTest\bin\x64\Debug\net6.0-windows\zSmartClient_UnitTest.dll" adapterTypeName="executor://mstestadapter/v2" className="SmartClient_UnitTest.VideoOS.RemoteClient.GisMapData.Common.Indexer.IndexUtilTests" name="CreateGeometry_OnePointsCollection_ThrowsArgException" />
    </UnitTest>
    <UnitTest name="ToMipSearchResultData_ShouldIncludeCorrectBoundingShapesFromAllSubResults" storage="d:\actions-runner\_work\xpco\xpco\allsolutions\..\sc\components\remoteviewer\smartclient\tst\zsmartclient_unittest\bin\x64\debug\net6.0-windows\zsmartclient_unittest.dll" id="6ee9d76c-102e-6b0c-a05d-d3b2cd96bee2">
      <TestCategory>
        <TestCategoryItem TestCategory="Search.Wrappers" />
      </TestCategory>
      <Execution id="3169e7f8-43fa-413c-8d95-077eca637f1e" />
      <TestMethod codeBase="D:\actions-runner\_work\XPCO\XPCO\AllSolutions\..\SC\Components\RemoteViewer\SmartClient\tst\zSmartClient_UnitTest\bin\x64\Debug\net6.0-windows\zSmartClient_UnitTest.dll" adapterTypeName="executor://mstestadapter/v2" className="SmartClient_UnitTest.VideoOS.RemoteClient.Plugin.CentralizedSearch.Models.Wrappers.CombinedSearchResultDataWrapperTests" name="ToMipSearchResultData_ShouldIncludeCorrectBoundingShapesFromAllSubResults" />
    </UnitTest>
    <UnitTest name="Search_SearchResultReceivedFromDefinitionOnlySupportingSubsetOfFilters_WarningTextAppliedAndEventFired" storage="d:\actions-runner\_work\xpco\xpco\allsolutions\..\sc\components\remoteviewer\smartclient\tst\zsmartclient_unittest\bin\x64\debug\net6.0-windows\zsmartclient_unittest.dll" id="b4dcaf4b-c8a6-a3d6-898f-051609cb706b">
      <TestCategory>
        <TestCategoryItem TestCategory="Search" />
      </TestCategory>
      <Execution id="d1bde83f-7f5b-499d-9ce2-336899a54ce7" />
      <TestMethod codeBase="D:\actions-runner\_work\XPCO\XPCO\AllSolutions\..\SC\Components\RemoteViewer\SmartClient\tst\zSmartClient_UnitTest\bin\x64\Debug\net6.0-windows\zSmartClient_UnitTest.dll" adapterTypeName="executor://mstestadapter/v2" className="SmartClient_UnitTest.VideoOS.RemoteClient.Plugin.CentralizedSearch.MIPPlugin.CompositeSearchDefinitionTests" name="Search_SearchResultReceivedFromDefinitionOnlySupportingSubsetOfFilters_WarningTextAppliedAndEventFired" />
    </UnitTest>
    <UnitTest name="PinkOemResourcesTest" storage="d:\actions-runner\_work\xpco\xpco\allsolutions\..\sc\components\remoteviewer\smartclient\tst\zsmartclient_unittest\bin\x64\debug\net6.0-windows\zsmartclient_unittest.dll" id="d02218a8-fae4-70d3-39b6-dbd98bfacc73">
      <Execution id="d2992332-3eb9-4d3f-aad2-cc2be8bfb2c3" />
      <TestMethod codeBase="D:\actions-runner\_work\XPCO\XPCO\AllSolutions\..\SC\Components\RemoteViewer\SmartClient\tst\zSmartClient_UnitTest\bin\x64\Debug\net6.0-windows\zSmartClient_UnitTest.dll" adapterTypeName="executor://mstestadapter/v2" className="SmartClient_UnitTest.VideoOS.RemoteClient.Application.Controllers.OemResourceControllerTest" name="PinkOemResourcesTest" />
    </UnitTest>
    <UnitTest name="GetUtcToday_DayOffsetIncluded_Success" storage="d:\actions-runner\_work\xpco\xpco\allsolutions\..\sc\components\remoteviewer\smartclient\tst\zsmartclient_unittest\bin\x64\debug\net6.0-windows\zsmartclient_unittest.dll" id="bd7d68bd-5950-0934-2e64-6a07c08a54b7">
      <TestCategory>
        <TestCategoryItem TestCategory="Search" />
      </TestCategory>
      <Execution id="6aef9073-6a76-4935-b4b0-00123d7cebc1" />
      <TestMethod codeBase="D:\actions-runner\_work\XPCO\XPCO\AllSolutions\..\SC\Components\RemoteViewer\SmartClient\tst\zSmartClient_UnitTest\bin\x64\Debug\net6.0-windows\zSmartClient_UnitTest.dll" adapterTypeName="executor://mstestadapter/v2" className="SmartClient_UnitTest.VideoOS.RemoteClient.Plugin.CentralizedSearch.ViewModels.Data.TimeScopeTests" name="GetUtcToday_DayOffsetIncluded_Success" />
    </UnitTest>
    <UnitTest name="AddMapLayer_CheckPersistedDatagramUpdated_And_RolledbackOnEnterSetupMode_Success" storage="d:\actions-runner\_work\xpco\xpco\allsolutions\..\sc\components\remoteviewer\smartclient\tst\zsmartclient_unittest\bin\x64\debug\net6.0-windows\zsmartclient_unittest.dll" id="d8c85228-fbef-6713-8b24-27f4eac58477">
      <TestCategory>
        <TestCategoryItem TestCategory="GisMapLayers" />
      </TestCategory>
      <Execution id="66e0814c-f644-4e79-b446-c15bdad9bd14" />
      <TestMethod codeBase="D:\actions-runner\_work\XPCO\XPCO\AllSolutions\..\SC\Components\RemoteViewer\SmartClient\tst\zSmartClient_UnitTest\bin\x64\Debug\net6.0-windows\zSmartClient_UnitTest.dll" adapterTypeName="executor://mstestadapter/v2" className="SmartClient_UnitTest.VideoOS.RemoteClient.GisMapData.GisMapLayerTests" name="AddMapLayer_CheckPersistedDatagramUpdated_And_RolledbackOnEnterSetupMode_Success" />
    </UnitTest>
    <UnitTest name="ResultTick_MouseClick_FirstItemSelected" storage="d:\actions-runner\_work\xpco\xpco\allsolutions\..\sc\components\remoteviewer\smartclient\tst\zsmartclient_unittest\bin\x64\debug\net6.0-windows\zsmartclient_unittest.dll" id="95782b76-412a-a409-a816-e93155ca7714">
      <TestCategory>
        <TestCategoryItem TestCategory="SearchControls" />
      </TestCategory>
      <Execution id="fc73df18-5251-4c0d-8824-e644bd8c4285" />
      <TestMethod codeBase="D:\actions-runner\_work\XPCO\XPCO\AllSolutions\..\SC\Components\RemoteViewer\SmartClient\tst\zSmartClient_UnitTest\bin\x64\Debug\net6.0-windows\zSmartClient_UnitTest.dll" adapterTypeName="executor://mstestadapter/v2" className="SmartClient_UnitTest.VideoOS.RemoteClient.Plugin.CentralizedSearch.Views.Controls.TimelineRuler.TimelineRulerControlTests" name="ResultTick_MouseClick_FirstItemSelected" />
    </UnitTest>
    <UnitTest name="GetDomainAndUserName_ShouldReturnDomainAndUserNamePartOfNetworkCredentials_WhenNetworkCredentialsContainsAUserNameAndDomain" storage="d:\actions-runner\_work\xpco\xpco\allsolutions\..\sc\components\remoteviewer\smartclient\tst\zsmartclient_unittest\bin\x64\debug\net6.0-windows\zsmartclient_unittest.dll" id="6b0b8696-32c2-657c-f281-65444866a1da">
      <TestCategory>
        <TestCategoryItem TestCategory="Authentication.ClientCredentials" />
      </TestCategory>
      <Execution id="0b5b3f26-00fd-44f0-bbf3-8350e8fe5487" />
      <TestMethod codeBase="D:\actions-runner\_work\XPCO\XPCO\AllSolutions\..\SC\Components\RemoteViewer\SmartClient\tst\zSmartClient_UnitTest\bin\x64\Debug\net6.0-windows\zSmartClient_UnitTest.dll" adapterTypeName="executor://mstestadapter/v2" className="SmartClient_UnitTest.VideoOS.Shared.ServerAPI.ClientCredentialsTest" name="GetDomainAndUserName_ShouldReturnDomainAndUserNamePartOfNetworkCredentials_WhenNetworkCredentialsContainsAUserNameAndDomain" />
    </UnitTest>
    <UnitTest name="InputMapItem_Delete_Failure_PositionRevertsToGisPoint" storage="d:\actions-runner\_work\xpco\xpco\allsolutions\..\sc\components\remoteviewer\smartclient\tst\zsmartclient_unittest\bin\x64\debug\net6.0-windows\zsmartclient_unittest.dll" id="52d5db23-51cb-3736-9800-a010b174438e">
      <TestCategory>
        <TestCategoryItem TestCategory="GisMapData.MapItem.Inputs" />
      </TestCategory>
      <Execution id="5c19f262-13ad-4d85-a36c-a8ba372013e3" />
      <TestMethod codeBase="D:\actions-runner\_work\XPCO\XPCO\AllSolutions\..\SC\Components\RemoteViewer\SmartClient\tst\zSmartClient_UnitTest\bin\x64\Debug\net6.0-windows\zSmartClient_UnitTest.dll" adapterTypeName="executor://mstestadapter/v2" className="SmartClient_UnitTest.VideoOS.RemoteClient.GisMapData.MapItem.Inputs.InputMapItemTests" name="InputMapItem_Delete_Failure_PositionRevertsToGisPoint" />
    </UnitTest>
    <UnitTest name="DateToStringConverter_Convert_Success" storage="d:\actions-runner\_work\xpco\xpco\allsolutions\..\sc\components\remoteviewer\smartclient\tst\zsmartclient_unittest\bin\x64\debug\net6.0-windows\zsmartclient_unittest.dll" id="221c6f5c-67df-3e64-4570-740aa30cf80e">
      <TestCategory>
        <TestCategoryItem TestCategory="SearchConverter" />
      </TestCategory>
      <Execution id="be6bf39c-0a4e-4e0a-bdc8-b36b5fc12b5c" />
      <TestMethod codeBase="D:\actions-runner\_work\XPCO\XPCO\AllSolutions\..\SC\Components\RemoteViewer\SmartClient\tst\zSmartClient_UnitTest\bin\x64\Debug\net6.0-windows\zSmartClient_UnitTest.dll" adapterTypeName="executor://mstestadapter/v2" className="SmartClient_UnitTest.VideoOS.RemoteClient.Plugin.CentralizedSearch.Views.Converters.DateToStringConverterTests" name="DateToStringConverter_Convert_Success" />
    </UnitTest>
    <UnitTest name="AndOrSearchDefinitionToVisibilityMultiConverter_CallConvert_NotFirstInListAnd" storage="d:\actions-runner\_work\xpco\xpco\allsolutions\..\sc\components\remoteviewer\smartclient\tst\zsmartclient_unittest\bin\x64\debug\net6.0-windows\zsmartclient_unittest.dll" id="3a384c62-a21e-fecb-daa1-7890a574eea7">
      <TestCategory>
        <TestCategoryItem TestCategory="SearchConverter" />
      </TestCategory>
      <Execution id="edabfc06-c0a6-4a6c-852a-172806bb34b3" />
      <TestMethod codeBase="D:\actions-runner\_work\XPCO\XPCO\AllSolutions\..\SC\Components\RemoteViewer\SmartClient\tst\zSmartClient_UnitTest\bin\x64\Debug\net6.0-windows\zSmartClient_UnitTest.dll" adapterTypeName="executor://mstestadapter/v2" className="SmartClient_UnitTest.VideoOS.RemoteClient.Plugin.CentralizedSearch.Views.Converters.AndOrSearchDefinitionMultiConverterTests" name="AndOrSearchDefinitionToVisibilityMultiConverter_CallConvert_NotFirstInListAnd" />
    </UnitTest>
    <UnitTest name="BindingModelTitle_ReactsTo_PluginInstanceTitleUpdate" storage="d:\actions-runner\_work\xpco\xpco\allsolutions\..\sc\components\remoteviewer\smartclient\tst\zsmartclient_unittest\bin\x64\debug\net6.0-windows\zsmartclient_unittest.dll" id="a233d66c-f313-1e74-e181-b2dafdf7eda1">
      <TestCategory>
        <TestCategoryItem TestCategory="WorkspaceToolbar" />
      </TestCategory>
      <Execution id="36a1598a-4858-40ca-b53f-0ef45dce73ce" />
      <TestMethod codeBase="D:\actions-runner\_work\XPCO\XPCO\AllSolutions\..\SC\Components\RemoteViewer\SmartClient\tst\zSmartClient_UnitTest\bin\x64\Debug\net6.0-windows\zSmartClient_UnitTest.dll" adapterTypeName="executor://mstestadapter/v2" className="SmartClient_UnitTest.VideoOS.RemoteClient.Application.Data.WorkspaceToolbar.WorkspaceToolbarItemMipPluginTests" name="BindingModelTitle_ReactsTo_PluginInstanceTitleUpdate" />
    </UnitTest>
    <UnitTest name="SupportsDoubleClick_ShouldBeFalse_WhenInteractionStateIsNotNormalOrNewDevice" storage="d:\actions-runner\_work\xpco\xpco\allsolutions\..\sc\components\remoteviewer\smartclient\tst\zsmartclient_unittest\bin\x64\debug\net6.0-windows\zsmartclient_unittest.dll" id="0b5a5a76-188a-3cd1-7ad8-530b93b01a49">
      <TestCategory>
        <TestCategoryItem TestCategory="GisMap.InputMarkerTest" />
      </TestCategory>
      <Execution id="3b23b5db-82c2-484b-add9-0a9a24726b80" />
      <TestMethod codeBase="D:\actions-runner\_work\XPCO\XPCO\AllSolutions\..\SC\Components\RemoteViewer\SmartClient\tst\zSmartClient_UnitTest\bin\x64\Debug\net6.0-windows\zSmartClient_UnitTest.dll" adapterTypeName="executor://mstestadapter/v2" className="SmartClient_UnitTest.VideoOS.RemoteClient.Plugin.GisMap.ThinkGeoMap.Markers.DeviceMarkers.InputMarker.InputMarkerTests" name="SupportsDoubleClick_ShouldBeFalse_WhenInteractionStateIsNotNormalOrNewDevice" />
    </UnitTest>
    <UnitTest name="EdgeRetrievalDisabled_WithNoRetrieveEdgeRecordingsDevices" storage="d:\actions-runner\_work\xpco\xpco\allsolutions\..\sc\components\remoteviewer\smartclient\tst\zsmartclient_unittest\bin\x64\debug\net6.0-windows\zsmartclient_unittest.dll" id="cee32012-58c3-68f0-2859-0edd65456cf2">
      <TestCategory>
        <TestCategoryItem TestCategory="WorkspaceToolbar" />
      </TestCategory>
      <Execution id="8079979b-5ec7-47d7-87ee-38d65efd7ba6" />
      <TestMethod codeBase="D:\actions-runner\_work\XPCO\XPCO\AllSolutions\..\SC\Components\RemoteViewer\SmartClient\tst\zSmartClient_UnitTest\bin\x64\Debug\net6.0-windows\zSmartClient_UnitTest.dll" adapterTypeName="executor://mstestadapter/v2" className="SmartClient_UnitTest.VideoOS.RemoteClient.Application.UI.Content.WorkspaceToolbar.WorkspaceToolbarViewModelTests" name="EdgeRetrievalDisabled_WithNoRetrieveEdgeRecordingsDevices" />
    </UnitTest>
    <UnitTest name="ClientCapabilitiesDto_ShouldYieldSameValues_WhenRoundTripConverted" storage="d:\actions-runner\_work\xpco\xpco\allsolutions\..\sc\components\remoteviewer\smartclient\tst\zsmartclient_unittest\bin\x64\debug\net6.0-windows\zsmartclient_unittest.dll" id="876c309e-bcb3-56f1-e371-740d48449c19">
      <TestCategory>
        <TestCategoryItem TestCategory="RecorderProxyToDtoMapping" />
      </TestCategory>
      <Execution id="53e68864-8be3-4a67-86ae-35d0f789031e" />
      <TestMethod codeBase="D:\actions-runner\_work\XPCO\XPCO\AllSolutions\..\SC\Components\RemoteViewer\SmartClient\tst\zSmartClient_UnitTest\bin\x64\Debug\net6.0-windows\zSmartClient_UnitTest.dll" adapterTypeName="executor://mstestadapter/v2" className="VideoOS.Shared.ServerAPI.SOAP.RecorderClientMappingTests" name="ClientCapabilitiesDto_ShouldYieldSameValues_WhenRoundTripConverted" />
    </UnitTest>
    <UnitTest name="TestSwitchWorkroom_UnknownWorkroom_Refuse" storage="d:\actions-runner\_work\xpco\xpco\allsolutions\..\sc\components\remoteviewer\smartclient\tst\zsmartclient_unittest\bin\x64\debug\net6.0-windows\zsmartclient_unittest.dll" id="ea5a4ea7-1d9c-b14b-b54d-c59f326749f2">
      <TestCategory>
        <TestCategoryItem TestCategory="WorkroomController" />
      </TestCategory>
      <Execution id="31f6ffbf-0f27-4b97-b687-12f706d88fc5" />
      <TestMethod codeBase="D:\actions-runner\_work\XPCO\XPCO\AllSolutions\..\SC\Components\RemoteViewer\SmartClient\tst\zSmartClient_UnitTest\bin\x64\Debug\net6.0-windows\zSmartClient_UnitTest.dll" adapterTypeName="executor://mstestadapter/v2" className="VideoOS.RemoteClient.Application.Controllers.WorkroomController.UnitTest.TabWorkroomControllerTest" name="TestSwitchWorkroom_UnknownWorkroom_Refuse" />
    </UnitTest>
    <UnitTest name="TestWriteXmlTaskId" storage="d:\actions-runner\_work\xpco\xpco\allsolutions\..\sc\components\remoteviewer\smartclient\tst\zsmartclient_unittest\bin\x64\debug\net6.0-windows\zsmartclient_unittest.dll" id="74ee50b8-0598-e8ca-7e2f-330081ea45bc">
      <Execution id="f6557b5c-8e15-4f3f-bf21-b2e1e6724384" />
      <TestMethod codeBase="D:\actions-runner\_work\XPCO\XPCO\AllSolutions\..\SC\Components\RemoteViewer\SmartClient\tst\zSmartClient_UnitTest\bin\x64\Debug\net6.0-windows\zSmartClient_UnitTest.dll" adapterTypeName="executor://mstestadapter/v2" className="SmartClient_UnitTest.VideoOS.RemoteClient.Application.Data.Retrievals.RetrievalMetadataTest" name="TestWriteXmlTaskId" />
    </UnitTest>
    <UnitTest name="DeviceSelectorUserControl_ShouldRaiseMissingMethodException_WhenUserControlLacksConstructorWithInteractionStateParameter" storage="d:\actions-runner\_work\xpco\xpco\allsolutions\..\sc\components\remoteviewer\smartclient\tst\zsmartclient_unittest\bin\x64\debug\net6.0-windows\zsmartclient_unittest.dll" id="2a74f75f-14b3-bc86-2d45-d53566346d28">
      <TestCategory>
        <TestCategoryItem TestCategory="GisMap.UI.DeviceSelectors.PanelComponents" />
      </TestCategory>
      <Execution id="b6a77d26-8eae-45be-a0ad-479df9e5fb6b" />
      <TestMethod codeBase="D:\actions-runner\_work\XPCO\XPCO\AllSolutions\..\SC\Components\RemoteViewer\SmartClient\tst\zSmartClient_UnitTest\bin\x64\Debug\net6.0-windows\zSmartClient_UnitTest.dll" adapterTypeName="executor://mstestadapter/v2" className="SmartClient_UnitTest.VideoOS.RemoteClient.Plugin.GisMap.UI.DeviceSelectors.PanelComponents.DeviceSelectorPanelComponentTests" name="DeviceSelectorUserControl_ShouldRaiseMissingMethodException_WhenUserControlLacksConstructorWithInteractionStateParameter" />
    </UnitTest>
    <UnitTest name="DrawCore_ShouldDisplayClusterMarkers_WhenClusteringEnabled" storage="d:\actions-runner\_work\xpco\xpco\allsolutions\..\sc\components\remoteviewer\smartclient\tst\zsmartclient_unittest\bin\x64\debug\net6.0-windows\zsmartclient_unittest.dll" id="b3f386a5-07aa-a732-a6bd-e0f6659489a9">
      <TestCategory>
        <TestCategoryItem TestCategory="SmartMap.MapItemsOverlay" />
      </TestCategory>
      <Execution id="7349b437-efab-4ca8-a34d-f6b8cdfc9312" />
      <TestMethod codeBase="D:\actions-runner\_work\XPCO\XPCO\AllSolutions\..\SC\Components\RemoteViewer\SmartClient\tst\zSmartClient_UnitTest\bin\x64\Debug\net6.0-windows\zSmartClient_UnitTest.dll" adapterTypeName="executor://mstestadapter/v2" className="SmartClient_UnitTest.VideoOS.RemoteClient.Plugin.GisMap.ThinkGeoMap.SpecializedOverlays.Overlays.MapItemsOverlayTests" name="DrawCore_ShouldDisplayClusterMarkers_WhenClusteringEnabled" />
    </UnitTest>
    <UnitTest name="IsHomeButtonVisible_MappedToViewModel_Success" storage="d:\actions-runner\_work\xpco\xpco\allsolutions\..\sc\components\remoteviewer\smartclient\tst\zsmartclient_unittest\bin\x64\debug\net6.0-windows\zsmartclient_unittest.dll" id="929085e5-a3c9-9121-b306-acebdc919f57">
      <TestCategory>
        <TestCategoryItem TestCategory="GisMap.GisMapViewFacade" />
      </TestCategory>
      <Execution id="2f18f2b9-e425-4294-be72-da11b71acc0c" />
      <TestMethod codeBase="D:\actions-runner\_work\XPCO\XPCO\AllSolutions\..\SC\Components\RemoteViewer\SmartClient\tst\zSmartClient_UnitTest\bin\x64\Debug\net6.0-windows\zSmartClient_UnitTest.dll" adapterTypeName="executor://mstestadapter/v2" className="SmartClient_UnitTest.VideoOS.RemoteClient.Plugin.GisMap.IoC.GisMapViewFacadeTests" name="IsHomeButtonVisible_MappedToViewModel_Success" />
    </UnitTest>
    <UnitTest name="Close_NotMainController_StateNotSaved" storage="d:\actions-runner\_work\xpco\xpco\allsolutions\..\sc\components\remoteviewer\smartclient\tst\zsmartclient_unittest\bin\x64\debug\net6.0-windows\zsmartclient_unittest.dll" id="2a44ed0f-e637-248d-7f45-7c53931a1bbe">
      <TestCategory>
        <TestCategoryItem TestCategory="Search" />
      </TestCategory>
      <Execution id="dbf52686-cf92-45d0-a58f-c01e260f0981" />
      <TestMethod codeBase="D:\actions-runner\_work\XPCO\XPCO\AllSolutions\..\SC\Components\RemoteViewer\SmartClient\tst\zSmartClient_UnitTest\bin\x64\Debug\net6.0-windows\zSmartClient_UnitTest.dll" adapterTypeName="executor://mstestadapter/v2" className="SmartClient_UnitTest.VideoOS.RemoteClient.Plugin.CentralizedSearch.CentralizedSearchContentHolderTests" name="Close_NotMainController_StateNotSaved" />
    </UnitTest>
    <UnitTest name="Deserialize_ShouldReportInvalidCombineType_WhenCombineTypeValueIsNotAnInteger" storage="d:\actions-runner\_work\xpco\xpco\allsolutions\..\sc\components\remoteviewer\smartclient\tst\zsmartclient_unittest\bin\x64\debug\net6.0-windows\zsmartclient_unittest.dll" id="1d5225e4-5ff0-424d-ae91-6d7aa1287493">
      <TestCategory>
        <TestCategoryItem TestCategory="SearchSerialization" />
      </TestCategory>
      <Execution id="77a76ba7-89af-437c-bfc3-d91503a1378b" />
      <TestMethod codeBase="D:\actions-runner\_work\XPCO\XPCO\AllSolutions\..\SC\Components\RemoteViewer\SmartClient\tst\zSmartClient_UnitTest\bin\x64\Debug\net6.0-windows\zSmartClient_UnitTest.dll" adapterTypeName="executor://mstestadapter/v2" className="SmartClient_UnitTest.VideoOS.RemoteClient.Plugin.CentralizedSearch.Models.Serialization.SearchSerializerTests" name="Deserialize_ShouldReportInvalidCombineType_WhenCombineTypeValueIsNotAnInteger" />
    </UnitTest>
    <UnitTest name="ActiveInteractionStateBinding_ShouldNotBeNull_WhenCtorIsCalled" storage="d:\actions-runner\_work\xpco\xpco\allsolutions\..\sc\components\remoteviewer\smartclient\tst\zsmartclient_unittest\bin\x64\debug\net6.0-windows\zsmartclient_unittest.dll" id="eca2f5e0-8a90-6eb5-1db4-f1eb3f5fb4f4">
      <TestCategory>
        <TestCategoryItem TestCategory="GisMap.CameraMarker" />
      </TestCategory>
      <Execution id="dadea487-2028-4d94-9fed-b6a9be5872da" />
      <TestMethod codeBase="D:\actions-runner\_work\XPCO\XPCO\AllSolutions\..\SC\Components\RemoteViewer\SmartClient\tst\zSmartClient_UnitTest\bin\x64\Debug\net6.0-windows\zSmartClient_UnitTest.dll" adapterTypeName="executor://mstestadapter/v2" className="SmartClient_UnitTest.VideoOS.RemoteClient.Plugin.GisMap.ThinkGeoMap.Markers.DeviceMarkers.CameraMarker.CameraMarkerTests" name="ActiveInteractionStateBinding_ShouldNotBeNull_WhenCtorIsCalled" />
    </UnitTest>
    <UnitTest name="AddToExportDevices_ShouldReturnCorrectResult (5,0,5)" storage="d:\actions-runner\_work\xpco\xpco\allsolutions\..\sc\components\remoteviewer\smartclient\tst\zsmartclient_unittest\bin\x64\debug\net6.0-windows\zsmartclient_unittest.dll" id="a9f42cf1-dbcf-e8c2-1ef1-a003ae0c7ff8">
      <TestCategory>
        <TestCategoryItem TestCategory="Managers" />
      </TestCategory>
      <Execution id="d4a7e37d-a2d4-4ced-8046-d27f8dd9fbe6" />
      <TestMethod codeBase="D:\actions-runner\_work\XPCO\XPCO\AllSolutions\..\SC\Components\RemoteViewer\SmartClient\tst\zSmartClient_UnitTest\bin\x64\Debug\net6.0-windows\zSmartClient_UnitTest.dll" adapterTypeName="executor://mstestadapter/v2" className="SmartClient_UnitTest.VideoOS.RemoteClient.Application.Managers.ExportManagerTests" name="AddToExportDevices_ShouldReturnCorrectResult" />
    </UnitTest>
    <UnitTest name="SetItemOutlines_OutlinesSome_Success" storage="d:\actions-runner\_work\xpco\xpco\allsolutions\..\sc\components\remoteviewer\smartclient\tst\zsmartclient_unittest\bin\x64\debug\net6.0-windows\zsmartclient_unittest.dll" id="6da1ad54-af03-13ff-88b0-777550297923">
      <TestCategory>
        <TestCategoryItem TestCategory="GisMap.GisMapViewFacade" />
      </TestCategory>
      <Execution id="eb815d0c-0462-4c3a-99fc-ebdd5d38e0f0" />
      <TestMethod codeBase="D:\actions-runner\_work\XPCO\XPCO\AllSolutions\..\SC\Components\RemoteViewer\SmartClient\tst\zSmartClient_UnitTest\bin\x64\Debug\net6.0-windows\zSmartClient_UnitTest.dll" adapterTypeName="executor://mstestadapter/v2" className="SmartClient_UnitTest.VideoOS.RemoteClient.Plugin.GisMap.IoC.GisMapViewFacadeTests" name="SetItemOutlines_OutlinesSome_Success" />
    </UnitTest>
    <UnitTest name="UpdateAction_SingleAccepted_DoesNotChangeToolTip" storage="d:\actions-runner\_work\xpco\xpco\allsolutions\..\sc\components\remoteviewer\smartclient\tst\zsmartclient_unittest\bin\x64\debug\net6.0-windows\zsmartclient_unittest.dll" id="1995aa56-764e-e077-7015-d7ad96740ef7">
      <TestCategory>
        <TestCategoryItem TestCategory="SearchResultsAction" />
      </TestCategory>
      <Execution id="9376dfb8-926a-4314-b669-b44398961fc6" />
      <TestMethod codeBase="D:\actions-runner\_work\XPCO\XPCO\AllSolutions\..\SC\Components\RemoteViewer\SmartClient\tst\zSmartClient_UnitTest\bin\x64\Debug\net6.0-windows\zSmartClient_UnitTest.dll" adapterTypeName="executor://mstestadapter/v2" className="SmartClient_UnitTest.VideoOS.RemoteClient.Plugin.CentralizedSearch.ViewModels.SearchResultsActionViewModelTests" name="UpdateAction_SingleAccepted_DoesNotChangeToolTip" />
    </UnitTest>
    <UnitTest name="DeleteIndexFor_Milestone_ItemsAreInGlobalCluster" storage="d:\actions-runner\_work\xpco\xpco\allsolutions\..\sc\components\remoteviewer\smartclient\tst\zsmartclient_unittest\bin\x64\debug\net6.0-windows\zsmartclient_unittest.dll" id="80d36421-2cec-943f-7f34-60be14e9a632">
      <TestCategory>
        <TestCategoryItem TestCategory="GisMapIndex" />
      </TestCategory>
      <Execution id="b7e12b1c-9902-41f0-9da4-29b678ed6dde" />
      <TestMethod codeBase="D:\actions-runner\_work\XPCO\XPCO\AllSolutions\..\SC\Components\RemoteViewer\SmartClient\tst\zSmartClient_UnitTest\bin\x64\Debug\net6.0-windows\zSmartClient_UnitTest.dll" adapterTypeName="executor://mstestadapter/v2" className="SmartClient_UnitTest.VideoOS.RemoteClient.GisMapData.Common.Indexer.BuildingsAwareIndexerTests" name="DeleteIndexFor_Milestone_ItemsAreInGlobalCluster" />
    </UnitTest>
    <UnitTest name="LoadInitialState_NullState_ReturnsNewEmptyState" storage="d:\actions-runner\_work\xpco\xpco\allsolutions\..\sc\components\remoteviewer\smartclient\tst\zsmartclient_unittest\bin\x64\debug\net6.0-windows\zsmartclient_unittest.dll" id="1f86583b-e772-053b-5dde-1a3c6a164dcd">
      <TestCategory>
        <TestCategoryItem TestCategory="Search" />
      </TestCategory>
      <Execution id="db3f3da7-de4a-42ef-9928-885069232ca4" />
      <TestMethod codeBase="D:\actions-runner\_work\XPCO\XPCO\AllSolutions\..\SC\Components\RemoteViewer\SmartClient\tst\zSmartClient_UnitTest\bin\x64\Debug\net6.0-windows\zSmartClient_UnitTest.dll" adapterTypeName="executor://mstestadapter/v2" className="SmartClient_UnitTest.VideoOS.RemoteClient.Plugin.CentralizedSearch.CentralizedSearchContentHolderTests" name="LoadInitialState_NullState_ReturnsNewEmptyState" />
    </UnitTest>
    <UnitTest name="SetLayerFeatures_ShouldUpdateMicrophoneItemsMapLayer_WhenMicrophoneKindAndMicrophoneLayerFeatures" storage="d:\actions-runner\_work\xpco\xpco\allsolutions\..\sc\components\remoteviewer\smartclient\tst\zsmartclient_unittest\bin\x64\debug\net6.0-windows\zsmartclient_unittest.dll" id="743f0fe4-79cc-4cbd-b2f9-4683eb98d09d">
      <TestCategory>
        <TestCategoryItem TestCategory="GisMapData.Controllers.LayerFeatures" />
      </TestCategory>
      <Execution id="37a0ace6-1887-40f6-bb84-f47c081f3aa9" />
      <TestMethod codeBase="D:\actions-runner\_work\XPCO\XPCO\AllSolutions\..\SC\Components\RemoteViewer\SmartClient\tst\zSmartClient_UnitTest\bin\x64\Debug\net6.0-windows\zSmartClient_UnitTest.dll" adapterTypeName="executor://mstestadapter/v2" className="SmartClient_UnitTest.VideoOS.RemoteClient.GisMapData.Controllers.LayerFeatures.LayerFeaturesControllerTests" name="SetLayerFeatures_ShouldUpdateMicrophoneItemsMapLayer_WhenMicrophoneKindAndMicrophoneLayerFeatures" />
    </UnitTest>
    <UnitTest name="PopulateTooltip_SingleResultsFromSingleCamera24Hours_ValidText" storage="d:\actions-runner\_work\xpco\xpco\allsolutions\..\sc\components\remoteviewer\smartclient\tst\zsmartclient_unittest\bin\x64\debug\net6.0-windows\zsmartclient_unittest.dll" id="15d239ea-71aa-55f8-a2eb-41474406f678">
      <TestCategory>
        <TestCategoryItem TestCategory="SearchControls" />
      </TestCategory>
      <Execution id="ffc48eae-3bc2-4a96-a03f-ae9c44a7a439" />
      <TestMethod codeBase="D:\actions-runner\_work\XPCO\XPCO\AllSolutions\..\SC\Components\RemoteViewer\SmartClient\tst\zSmartClient_UnitTest\bin\x64\Debug\net6.0-windows\zSmartClient_UnitTest.dll" adapterTypeName="executor://mstestadapter/v2" className="SmartClient_UnitTest.VideoOS.RemoteClient.Plugin.CentralizedSearch.Views.Controls.TimelineRuler.TimelineRulerControlTests" name="PopulateTooltip_SingleResultsFromSingleCamera24Hours_ValidText" />
    </UnitTest>
    <UnitTest name="GetDuration_AllCombined_Success" storage="d:\actions-runner\_work\xpco\xpco\allsolutions\..\sc\components\remoteviewer\smartclient\tst\zsmartclient_unittest\bin\x64\debug\net6.0-windows\zsmartclient_unittest.dll" id="63df17ff-7d87-8f4d-112e-c1a3760436bb">
      <TestCategory>
        <TestCategoryItem TestCategory="Search" />
      </TestCategory>
      <Execution id="dbd10a99-d834-4392-9105-bfcaa9e207e5" />
      <TestMethod codeBase="D:\actions-runner\_work\XPCO\XPCO\AllSolutions\..\SC\Components\RemoteViewer\SmartClient\tst\zSmartClient_UnitTest\bin\x64\Debug\net6.0-windows\zSmartClient_UnitTest.dll" adapterTypeName="executor://mstestadapter/v2" className="SmartClient_UnitTest.VideoOS.RemoteClient.Plugin.CentralizedSearch.ViewModels.Data.TimeScopeTests" name="GetDuration_AllCombined_Success" />
    </UnitTest>
    <UnitTest name="CameraMapItem_Delete_Failure_PositionRevertsToGisPoint" storage="d:\actions-runner\_work\xpco\xpco\allsolutions\..\sc\components\remoteviewer\smartclient\tst\zsmartclient_unittest\bin\x64\debug\net6.0-windows\zsmartclient_unittest.dll" id="c15ffa78-e595-57a3-d2fc-5e6f27b46541">
      <TestCategory>
        <TestCategoryItem TestCategory="GisMapMapItem" />
      </TestCategory>
      <Execution id="538ecea7-3fc5-4632-94a6-f0196f5a63d5" />
      <TestMethod codeBase="D:\actions-runner\_work\XPCO\XPCO\AllSolutions\..\SC\Components\RemoteViewer\SmartClient\tst\zSmartClient_UnitTest\bin\x64\Debug\net6.0-windows\zSmartClient_UnitTest.dll" adapterTypeName="executor://mstestadapter/v2" className="SmartClient_UnitTest.VideoOS.RemoteClient.GisMap.MapItem.MapItemTests" name="CameraMapItem_Delete_Failure_PositionRevertsToGisPoint" />
    </UnitTest>
    <UnitTest name="PtzSessionControllerInfo_TimeChangedTest_Different_CameraId" storage="d:\actions-runner\_work\xpco\xpco\allsolutions\..\sc\components\remoteviewer\smartclient\tst\zsmartclient_unittest\bin\x64\debug\net6.0-windows\zsmartclient_unittest.dll" id="931ed933-de82-365f-5037-e2d1c5c2f2a2">
      <Execution id="5b40faa5-5750-4ff0-96d0-d7bb7d47e9da" />
      <TestMethod codeBase="D:\actions-runner\_work\XPCO\XPCO\AllSolutions\..\SC\Components\RemoteViewer\SmartClient\tst\zSmartClient_UnitTest\bin\x64\Debug\net6.0-windows\zSmartClient_UnitTest.dll" adapterTypeName="executor://mstestadapter/v2" className="VideoOS.RemoteClient.Application.Controllers.UnitTest.PtzSessionControllerTest" name="PtzSessionControllerInfo_TimeChangedTest_Different_CameraId" />
    </UnitTest>
    <UnitTest name="Serialize_FromTimeOnly_Success" storage="d:\actions-runner\_work\xpco\xpco\allsolutions\..\sc\components\remoteviewer\smartclient\tst\zsmartclient_unittest\bin\x64\debug\net6.0-windows\zsmartclient_unittest.dll" id="99ee5135-30d5-eb69-226f-d05fc552bf85">
      <TestCategory>
        <TestCategoryItem TestCategory="SearchSerialization" />
      </TestCategory>
      <Execution id="354abb8b-06a6-488a-99fe-b48bc098cfd0" />
      <TestMethod codeBase="D:\actions-runner\_work\XPCO\XPCO\AllSolutions\..\SC\Components\RemoteViewer\SmartClient\tst\zSmartClient_UnitTest\bin\x64\Debug\net6.0-windows\zSmartClient_UnitTest.dll" adapterTypeName="executor://mstestadapter/v2" className="SmartClient_UnitTest.VideoOS.RemoteClient.Plugin.CentralizedSearch.Models.Serialization.SearchSerializerTests" name="Serialize_FromTimeOnly_Success" />
    </UnitTest>
    <UnitTest name="BuildEvidenceLockFilterProperties_ShouldReturnCorrectValues (False,2,3,All,Custom)" storage="d:\actions-runner\_work\xpco\xpco\allsolutions\..\sc\components\remoteviewer\smartclient\tst\zsmartclient_unittest\bin\x64\debug\net6.0-windows\zsmartclient_unittest.dll" id="027cffda-5eae-8a36-c1cb-ccd49ea8a655">
      <Execution id="2bd4f7cd-62a7-4f4e-ae18-f7d2b009c481" />
      <TestMethod codeBase="D:\actions-runner\_work\XPCO\XPCO\AllSolutions\..\SC\Components\RemoteViewer\SmartClient\tst\zSmartClient_UnitTest\bin\x64\Debug\net6.0-windows\zSmartClient_UnitTest.dll" adapterTypeName="executor://mstestadapter/v2" className="SmartClient_UnitTest.VideoOS.RemoteClient.Application.Common.Telemetry.TelemetryBuilderTests" name="BuildEvidenceLockFilterProperties_ShouldReturnCorrectValues" />
    </UnitTest>
    <UnitTest name="ShouldReturnTrueWhenBuildingsLayerChanged" storage="d:\actions-runner\_work\xpco\xpco\allsolutions\..\sc\components\remoteviewer\smartclient\tst\zsmartclient_unittest\bin\x64\debug\net6.0-windows\zsmartclient_unittest.dll" id="f80158fa-d75f-54b9-6b80-4f00a7c4aaf2">
      <TestCategory>
        <TestCategoryItem TestCategory="MipItemsUpdateStrategy" />
      </TestCategory>
      <Execution id="4046a3f8-2f72-4cc4-9405-46359ba292fe" />
      <TestMethod codeBase="D:\actions-runner\_work\XPCO\XPCO\AllSolutions\..\SC\Components\RemoteViewer\SmartClient\tst\zSmartClient_UnitTest\bin\x64\Debug\net6.0-windows\zSmartClient_UnitTest.dll" adapterTypeName="executor://mstestadapter/v2" className="SmartClient_UnitTest.VideoOS.RemoteClient.Plugin.GisMap.MIP.MipItemsUpdateStrategyTests" name="ShouldReturnTrueWhenBuildingsLayerChanged" />
    </UnitTest>
    <UnitTest name="AddToExportTuples_ShouldReturnCorrectResult (0,0,1)" storage="d:\actions-runner\_work\xpco\xpco\allsolutions\..\sc\components\remoteviewer\smartclient\tst\zsmartclient_unittest\bin\x64\debug\net6.0-windows\zsmartclient_unittest.dll" id="e684ed15-3e02-0285-5052-2e5ac2fddade">
      <TestCategory>
        <TestCategoryItem TestCategory="Managers" />
      </TestCategory>
      <Execution id="5da262bf-77a9-44c9-b8a6-e07a4c4f6f88" />
      <TestMethod codeBase="D:\actions-runner\_work\XPCO\XPCO\AllSolutions\..\SC\Components\RemoteViewer\SmartClient\tst\zSmartClient_UnitTest\bin\x64\Debug\net6.0-windows\zSmartClient_UnitTest.dll" adapterTypeName="executor://mstestadapter/v2" className="SmartClient_UnitTest.VideoOS.RemoteClient.Application.Managers.ExportManagerTests" name="AddToExportTuples_ShouldReturnCorrectResult" />
    </UnitTest>
    <UnitTest name="ScrollIntoView_Async_DefinitionViewBelowOutOfViewPort_Scrolled" storage="d:\actions-runner\_work\xpco\xpco\allsolutions\..\sc\components\remoteviewer\smartclient\tst\zsmartclient_unittest\bin\x64\debug\net6.0-windows\zsmartclient_unittest.dll" id="411bf916-58a4-1dad-e0e6-3f86688192cf">
      <TestCategory>
        <TestCategoryItem TestCategory="Search" />
      </TestCategory>
      <Execution id="437c3cdf-3bba-419f-9a3a-cd080249ebe2" />
      <TestMethod codeBase="D:\actions-runner\_work\XPCO\XPCO\AllSolutions\..\SC\Components\RemoteViewer\SmartClient\tst\zSmartClient_UnitTest\bin\x64\Debug\net6.0-windows\zSmartClient_UnitTest.dll" adapterTypeName="executor://mstestadapter/v2" className="SmartClient_UnitTest.VideoOS.RemoteClient.Plugin.CentralizedSearch.Views.CriteriaViewTests" name="ScrollIntoView_Async_DefinitionViewBelowOutOfViewPort_Scrolled" />
    </UnitTest>
    <UnitTest name="Constructor_ShouldRaiseArgumentNullException_WhenGisMapViewModelIsNull" storage="d:\actions-runner\_work\xpco\xpco\allsolutions\..\sc\components\remoteviewer\smartclient\tst\zsmartclient_unittest\bin\x64\debug\net6.0-windows\zsmartclient_unittest.dll" id="3d6545fc-4bd4-f8dd-090b-7fa4464a971d">
      <TestCategory>
        <TestCategoryItem TestCategory="GisMap.DeviceSelectorWindowViewModel" />
      </TestCategory>
      <Execution id="affe8804-45f5-4fd7-ad01-3260bf1aac58" />
      <TestMethod codeBase="D:\actions-runner\_work\XPCO\XPCO\AllSolutions\..\SC\Components\RemoteViewer\SmartClient\tst\zSmartClient_UnitTest\bin\x64\Debug\net6.0-windows\zSmartClient_UnitTest.dll" adapterTypeName="executor://mstestadapter/v2" className="SmartClient_UnitTest.VideoOS.RemoteClient.Plugin.GisMap.ViewModels.DeviceSelectorWindowViewModelTests" name="Constructor_ShouldRaiseArgumentNullException_WhenGisMapViewModelIsNull" />
    </UnitTest>
    <UnitTest name="SearchResultsActionBarActions_Export_OptionStillAvailable_OtherExportOptionsUnavailable_NotVisible" storage="d:\actions-runner\_work\xpco\xpco\allsolutions\..\sc\components\remoteviewer\smartclient\tst\zsmartclient_unittest\bin\x64\debug\net6.0-windows\zsmartclient_unittest.dll" id="37ae04ae-6997-0ecf-07a1-64b6d7659569">
      <TestCategory>
        <TestCategoryItem TestCategory="SearchResultActionBarViewModel" />
      </TestCategory>
      <Execution id="10c0cdc8-d579-4c84-bc1c-715dab26cabd" />
      <TestMethod codeBase="D:\actions-runner\_work\XPCO\XPCO\AllSolutions\..\SC\Components\RemoteViewer\SmartClient\tst\zSmartClient_UnitTest\bin\x64\Debug\net6.0-windows\zSmartClient_UnitTest.dll" adapterTypeName="executor://mstestadapter/v2" className="SmartClient_UnitTest.VideoOS.RemoteClient.Plugin.CentralizedSearch.ViewModels.SearchResultsActionBarViewModelTest" name="SearchResultsActionBarActions_Export_OptionStillAvailable_OtherExportOptionsUnavailable_NotVisible" />
    </UnitTest>
    <UnitTest name="Constructor_ShouldRaiseArgumentNullException_WhenMapLayersIsNull" storage="d:\actions-runner\_work\xpco\xpco\allsolutions\..\sc\components\remoteviewer\smartclient\tst\zsmartclient_unittest\bin\x64\debug\net6.0-windows\zsmartclient_unittest.dll" id="13a4d90a-2e75-f52a-90e5-614716c51196">
      <TestCategory>
        <TestCategoryItem TestCategory="GisMap.LayerVisibilityItemDataChildrenToggleItemDecoratorTests" />
      </TestCategory>
      <Execution id="dcf12507-39d3-4c7d-8d16-b5568dc2129c" />
      <TestMethod codeBase="D:\actions-runner\_work\XPCO\XPCO\AllSolutions\..\SC\Components\RemoteViewer\SmartClient\tst\zSmartClient_UnitTest\bin\x64\Debug\net6.0-windows\zSmartClient_UnitTest.dll" adapterTypeName="executor://mstestadapter/v2" className="SmartClient_UnitTest.VideoOS.RemoteClient.Plugin.GisMap.ViewModels.LayersVisibility.Decorators.LayerVisibilityItemDataChildrenToggleItemDecoratorTests" name="Constructor_ShouldRaiseArgumentNullException_WhenMapLayersIsNull" />
    </UnitTest>
    <UnitTest name="MapCameraIcons_WhenPinkOemResource_ShouldReturnTenIcons" storage="d:\actions-runner\_work\xpco\xpco\allsolutions\..\sc\components\remoteviewer\smartclient\tst\zsmartclient_unittest\bin\x64\debug\net6.0-windows\zsmartclient_unittest.dll" id="b7095fa5-4f07-bfb6-a358-0338e32383f9">
      <Execution id="41d3667d-6a1c-46c0-84d9-7c45aba87e03" />
      <TestMethod codeBase="D:\actions-runner\_work\XPCO\XPCO\AllSolutions\..\SC\Components\RemoteViewer\SmartClient\tst\zSmartClient_UnitTest\bin\x64\Debug\net6.0-windows\zSmartClient_UnitTest.dll" adapterTypeName="executor://mstestadapter/v2" className="SmartClient_UnitTest.VideoOS.RemoteClient.Application.Controllers.OemResourceControllerTest" name="MapCameraIcons_WhenPinkOemResource_ShouldReturnTenIcons" />
    </UnitTest>
    <UnitTest name="DeactivatedOutputIcons_ShouldReturnIconsInAProperOrder_WhenCalled" storage="d:\actions-runner\_work\xpco\xpco\allsolutions\..\sc\components\remoteviewer\smartclient\tst\zsmartclient_unittest\bin\x64\debug\net6.0-windows\zsmartclient_unittest.dll" id="9febb6f2-deb2-94da-aa47-7dc5befd915e">
      <TestCategory>
        <TestCategoryItem TestCategory="GisMapData.OutputOemResourcesProviderTests" />
      </TestCategory>
      <Execution id="d336be88-866d-4dce-bb1f-f3adc4fc281e" />
      <TestMethod codeBase="D:\actions-runner\_work\XPCO\XPCO\AllSolutions\..\SC\Components\RemoteViewer\SmartClient\tst\zSmartClient_UnitTest\bin\x64\Debug\net6.0-windows\zSmartClient_UnitTest.dll" adapterTypeName="executor://mstestadapter/v2" className="SmartClient_UnitTest.VideoOS.RemoteClient.GisMapData.Resources.OutputOemResourcesProviderTests" name="DeactivatedOutputIcons_ShouldReturnIconsInAProperOrder_WhenCalled" />
    </UnitTest>
    <UnitTest name="State_ShouldUpdateMicrophoneIconId_WhenSetToMute" storage="d:\actions-runner\_work\xpco\xpco\allsolutions\..\sc\components\remoteviewer\smartclient\tst\zsmartclient_unittest\bin\x64\debug\net6.0-windows\zsmartclient_unittest.dll" id="593930ca-a7df-1408-b332-7a4bf0c72a54">
      <TestCategory>
        <TestCategoryItem TestCategory="GisMapData.MapItem.Microphones" />
      </TestCategory>
      <Execution id="4e295972-2c4c-4354-9a08-d5ce26b2d9fc" />
      <TestMethod codeBase="D:\actions-runner\_work\XPCO\XPCO\AllSolutions\..\SC\Components\RemoteViewer\SmartClient\tst\zSmartClient_UnitTest\bin\x64\Debug\net6.0-windows\zSmartClient_UnitTest.dll" adapterTypeName="executor://mstestadapter/v2" className="SmartClient_UnitTest.VideoOS.RemoteClient.GisMapData.MapItem.Microphones.MicrophoneMapItemTests" name="State_ShouldUpdateMicrophoneIconId_WhenSetToMute" />
    </UnitTest>
    <UnitTest name="TestForAssemblyCoverage" storage="d:\actions-runner\_work\xpco\xpco\allsolutions\..\sc\components\remoteviewer\smartclient\tst\zsmartclient_unittest\bin\x64\debug\net6.0-windows\zsmartclient_unittest.dll" id="b9339d47-1b08-2f87-b4ed-bf554f7069bd">
      <Execution id="fe756ce6-c01b-4560-b40a-d82bba7a0dd4" />
      <TestMethod codeBase="D:\actions-runner\_work\XPCO\XPCO\AllSolutions\..\SC\Components\RemoteViewer\SmartClient\tst\zSmartClient_UnitTest\bin\x64\Debug\net6.0-windows\zSmartClient_UnitTest.dll" adapterTypeName="executor://mstestadapter/v2" className="SmartClient_UnitTest.VideoOS.RemoteClient.Plugin.Hotspot.UnitTest1" name="TestForAssemblyCoverage" />
    </UnitTest>
    <UnitTest name="HandleGetLayerFeatures_ShouldRaiseArgumentException_WhenIsCalled" storage="d:\actions-runner\_work\xpco\xpco\allsolutions\..\sc\components\remoteviewer\smartclient\tst\zsmartclient_unittest\bin\x64\debug\net6.0-windows\zsmartclient_unittest.dll" id="9d2adb93-4837-25dd-c5fc-bdfa01122682">
      <TestCategory>
        <TestCategoryItem TestCategory="GisMapData.Handlers.LayerFeatures" />
      </TestCategory>
      <Execution id="53344d09-2725-4b75-b2e5-4c02b75cac02" />
      <TestMethod codeBase="D:\actions-runner\_work\XPCO\XPCO\AllSolutions\..\SC\Components\RemoteViewer\SmartClient\tst\zSmartClient_UnitTest\bin\x64\Debug\net6.0-windows\zSmartClient_UnitTest.dll" adapterTypeName="executor://mstestadapter/v2" className="SmartClient_UnitTest.VideoOS.RemoteClient.GisMapData.Handlers.LayerFeatures.NotSupportedLayerFeaturesHandlerTests" name="HandleGetLayerFeatures_ShouldRaiseArgumentException_WhenIsCalled" />
    </UnitTest>
    <UnitTest name="IsBasicUser_ShouldReturnTrue_WhenConstructedUsingWindowsDefault" storage="d:\actions-runner\_work\xpco\xpco\allsolutions\..\sc\components\remoteviewer\smartclient\tst\zsmartclient_unittest\bin\x64\debug\net6.0-windows\zsmartclient_unittest.dll" id="e55520ca-13b9-16e0-7c91-282920a34b8a">
      <TestCategory>
        <TestCategoryItem TestCategory="Authentication.ClientCredentials" />
      </TestCategory>
      <Execution id="6ebb0c2d-bb5b-4868-b61d-d07f26aeb4b3" />
      <TestMethod codeBase="D:\actions-runner\_work\XPCO\XPCO\AllSolutions\..\SC\Components\RemoteViewer\SmartClient\tst\zSmartClient_UnitTest\bin\x64\Debug\net6.0-windows\zSmartClient_UnitTest.dll" adapterTypeName="executor://mstestadapter/v2" className="SmartClient_UnitTest.VideoOS.Shared.ServerAPI.ClientCredentialsTest" name="IsBasicUser_ShouldReturnTrue_WhenConstructedUsingWindowsDefault" />
    </UnitTest>
    <UnitTest name="IsVisible_ZeroSelectedResults_ReturnsFalse" storage="d:\actions-runner\_work\xpco\xpco\allsolutions\..\sc\components\remoteviewer\smartclient\tst\zsmartclient_unittest\bin\x64\debug\net6.0-windows\zsmartclient_unittest.dll" id="fe22a4f5-f49f-f59f-57fa-2e035d1a94ac">
      <TestCategory>
        <TestCategoryItem TestCategory="SearchResultActionBarViewModel" />
      </TestCategory>
      <Execution id="8475e86b-5575-4cf5-a2bc-691650773fe3" />
      <TestMethod codeBase="D:\actions-runner\_work\XPCO\XPCO\AllSolutions\..\SC\Components\RemoteViewer\SmartClient\tst\zSmartClient_UnitTest\bin\x64\Debug\net6.0-windows\zSmartClient_UnitTest.dll" adapterTypeName="executor://mstestadapter/v2" className="SmartClient_UnitTest.VideoOS.RemoteClient.Plugin.CentralizedSearch.ViewModels.SearchResultsActionBarViewModelTest" name="IsVisible_ZeroSelectedResults_ReturnsFalse" />
    </UnitTest>
    <UnitTest name="IsProductionEnvironment_ShouldReturnCorrectValue (wtst,False)" storage="d:\actions-runner\_work\xpco\xpco\allsolutions\..\sc\components\remoteviewer\smartclient\tst\zsmartclient_unittest\bin\x64\debug\net6.0-windows\zsmartclient_unittest.dll" id="8e306d02-bff6-2147-0601-d259a33cfc75">
      <Execution id="9a359f13-b3fc-43e1-8d18-253a2966e371" />
      <TestMethod codeBase="D:\actions-runner\_work\XPCO\XPCO\AllSolutions\..\SC\Components\RemoteViewer\SmartClient\tst\zSmartClient_UnitTest\bin\x64\Debug\net6.0-windows\zSmartClient_UnitTest.dll" adapterTypeName="executor://mstestadapter/v2" className="SmartClient_UnitTest.VideoOS.RemoteClient.Application.Common.Telemetry.TelemetryKeyProviderTests" name="IsProductionEnvironment_ShouldReturnCorrectValue" />
    </UnitTest>
    <UnitTest name="Constructor_ShouldRaiseArgumentNullException_WhenGisMapViewModelIsNull" storage="d:\actions-runner\_work\xpco\xpco\allsolutions\..\sc\components\remoteviewer\smartclient\tst\zsmartclient_unittest\bin\x64\debug\net6.0-windows\zsmartclient_unittest.dll" id="451bffc0-3ae5-2acf-fc45-f7a1232d7fdf">
      <TestCategory>
        <TestCategoryItem TestCategory="GisMap.DefaultFixedLayerManagerStrategyTests" />
      </TestCategory>
      <Execution id="62ca02e3-4b7d-46f6-9357-ce79dc58f955" />
      <TestMethod codeBase="D:\actions-runner\_work\XPCO\XPCO\AllSolutions\..\SC\Components\RemoteViewer\SmartClient\tst\zSmartClient_UnitTest\bin\x64\Debug\net6.0-windows\zSmartClient_UnitTest.dll" adapterTypeName="executor://mstestadapter/v2" className="SmartClient_UnitTest.VideoOS.RemoteClient.Plugin.GisMap.ViewModels.LayersVisibility.FixedLayers.DefaultFixedLayerManagerStrategyTests" name="Constructor_ShouldRaiseArgumentNullException_WhenGisMapViewModelIsNull" />
    </UnitTest>
    <UnitTest name="Detach_ShouldDetachWindowMouseDownEvent_WhenAttachWasCalledPreviously" storage="d:\actions-runner\_work\xpco\xpco\allsolutions\..\sc\components\remoteviewer\smartclient\tst\zsmartclient_unittest\bin\x64\debug\net6.0-windows\zsmartclient_unittest.dll" id="faa83ec7-f24a-086a-e966-e8c82cf7330a">
      <TestCategory>
        <TestCategoryItem TestCategory="GisMap.WindowsBases" />
      </TestCategory>
      <Execution id="f055a1f4-adcb-4157-94ad-ce18426787fa" />
      <TestMethod codeBase="D:\actions-runner\_work\XPCO\XPCO\AllSolutions\..\SC\Components\RemoteViewer\SmartClient\tst\zSmartClient_UnitTest\bin\x64\Debug\net6.0-windows\zSmartClient_UnitTest.dll" adapterTypeName="executor://mstestadapter/v2" className="SmartClient_UnitTest.VideoOS.RemoteClient.Plugin.GisMap.Windows.Bases.DragWindowDecoratorTests" name="Detach_ShouldDetachWindowMouseDownEvent_WhenAttachWasCalledPreviously" />
    </UnitTest>
    <UnitTest name="ToggleMicrophoneStateAsync_ShouldMuteAllOtherMicrophonesAndUnmuteOneMicrophone_WhenThereAreOtherUnmutedMicrophones" storage="d:\actions-runner\_work\xpco\xpco\allsolutions\..\sc\components\remoteviewer\smartclient\tst\zsmartclient_unittest\bin\x64\debug\net6.0-windows\zsmartclient_unittest.dll" id="68b8744b-0d04-5ccf-e59d-98d1006236e5">
      <TestCategory>
        <TestCategoryItem TestCategory="GisMapAudioController" />
      </TestCategory>
      <Execution id="79cdf920-3f7c-44b9-b79a-5f02abf16f51" />
      <TestMethod codeBase="D:\actions-runner\_work\XPCO\XPCO\AllSolutions\..\SC\Components\RemoteViewer\SmartClient\tst\zSmartClient_UnitTest\bin\x64\Debug\net6.0-windows\zSmartClient_UnitTest.dll" adapterTypeName="executor://mstestadapter/v2" className="SmartClient_UnitTest.VideoOS.RemoteClient.GisMapData.GisMapAudioControllerTests" name="ToggleMicrophoneStateAsync_ShouldMuteAllOtherMicrophonesAndUnmuteOneMicrophone_WhenThereAreOtherUnmutedMicrophones" />
    </UnitTest>
    <UnitTest name="PtzSessionControllerInfo_UserChangedTest_Different_Domain" storage="d:\actions-runner\_work\xpco\xpco\allsolutions\..\sc\components\remoteviewer\smartclient\tst\zsmartclient_unittest\bin\x64\debug\net6.0-windows\zsmartclient_unittest.dll" id="db2886ea-13dd-b03a-a528-49fda3ee9983">
      <Execution id="e2366849-a2f5-43fa-a597-de24be10a8f2" />
      <TestMethod codeBase="D:\actions-runner\_work\XPCO\XPCO\AllSolutions\..\SC\Components\RemoteViewer\SmartClient\tst\zSmartClient_UnitTest\bin\x64\Debug\net6.0-windows\zSmartClient_UnitTest.dll" adapterTypeName="executor://mstestadapter/v2" className="VideoOS.RemoteClient.Application.Controllers.UnitTest.PtzSessionControllerTest" name="PtzSessionControllerInfo_UserChangedTest_Different_Domain" />
    </UnitTest>
    <UnitTest name="EvidenceLockNotVisible_WhenFeatureDisabled" storage="d:\actions-runner\_work\xpco\xpco\allsolutions\..\sc\components\remoteviewer\smartclient\tst\zsmartclient_unittest\bin\x64\debug\net6.0-windows\zsmartclient_unittest.dll" id="e7590a2a-9404-cfd8-85e4-42ebf7fee746">
      <TestCategory>
        <TestCategoryItem TestCategory="WorkspaceToolbar" />
      </TestCategory>
      <Execution id="35dfdcca-6bc9-4432-a5a3-ba4613a71556" />
      <TestMethod codeBase="D:\actions-runner\_work\XPCO\XPCO\AllSolutions\..\SC\Components\RemoteViewer\SmartClient\tst\zSmartClient_UnitTest\bin\x64\Debug\net6.0-windows\zSmartClient_UnitTest.dll" adapterTypeName="executor://mstestadapter/v2" className="SmartClient_UnitTest.VideoOS.RemoteClient.Application.UI.Content.WorkspaceToolbar.WorkspaceToolbarViewModelTests" name="EvidenceLockNotVisible_WhenFeatureDisabled" />
    </UnitTest>
    <UnitTest name="PointMapItem_Load_Success" storage="d:\actions-runner\_work\xpco\xpco\allsolutions\..\sc\components\remoteviewer\smartclient\tst\zsmartclient_unittest\bin\x64\debug\net6.0-windows\zsmartclient_unittest.dll" id="f8050766-a819-6e5a-f094-40b949fa7692">
      <TestCategory>
        <TestCategoryItem TestCategory="GisMapMapItem" />
      </TestCategory>
      <Execution id="239b4479-6a49-4f54-b785-dd0da24a1f9a" />
      <TestMethod codeBase="D:\actions-runner\_work\XPCO\XPCO\AllSolutions\..\SC\Components\RemoteViewer\SmartClient\tst\zSmartClient_UnitTest\bin\x64\Debug\net6.0-windows\zSmartClient_UnitTest.dll" adapterTypeName="executor://mstestadapter/v2" className="SmartClient_UnitTest.VideoOS.RemoteClient.GisMap.MapItem.MapItemTests" name="PointMapItem_Load_Success" />
    </UnitTest>
    <UnitTest name="GetWorkspaceToolbarItems_ShouldReturnLiveToolbarItemEnabledPlaybackToolbarItemDisabled_WhenWorkspaceIsLive" storage="d:\actions-runner\_work\xpco\xpco\allsolutions\..\sc\components\remoteviewer\smartclient\tst\zsmartclient_unittest\bin\x64\debug\net6.0-windows\zsmartclient_unittest.dll" id="4daaf6d7-7b46-8260-2000-7f96a4364f19">
      <TestCategory>
        <TestCategoryItem TestCategory="WorkspaceToolbar" />
      </TestCategory>
      <Execution id="76bc3a1d-375f-4f00-b5d9-831892a60919" />
      <TestMethod codeBase="D:\actions-runner\_work\XPCO\XPCO\AllSolutions\..\SC\Components\RemoteViewer\SmartClient\tst\zSmartClient_UnitTest\bin\x64\Debug\net6.0-windows\zSmartClient_UnitTest.dll" adapterTypeName="executor://mstestadapter/v2" className="SmartClient_UnitTest.VideoOS.RemoteClient.Application.UI.Content.WorkspaceToolbar.MIPWorkspaceToolbarItemManagerTests" name="GetWorkspaceToolbarItems_ShouldReturnLiveToolbarItemEnabledPlaybackToolbarItemDisabled_WhenWorkspaceIsLive" />
    </UnitTest>
    <UnitTest name="TestProperties_Note_Success" storage="d:\actions-runner\_work\xpco\xpco\allsolutions\..\sc\components\remoteviewer\smartclient\tst\zsmartclient_unittest\bin\x64\debug\net6.0-windows\zsmartclient_unittest.dll" id="b09a1385-ea97-6649-75a7-4f5d4ef865f4">
      <TestCategory>
        <TestCategoryItem TestCategory="GisMapBuilding" />
      </TestCategory>
      <Execution id="25bb30f9-5235-4a68-a0c4-1a502ac3146d" />
      <TestMethod codeBase="D:\actions-runner\_work\XPCO\XPCO\AllSolutions\..\SC\Components\RemoteViewer\SmartClient\tst\zSmartClient_UnitTest\bin\x64\Debug\net6.0-windows\zSmartClient_UnitTest.dll" adapterTypeName="executor://mstestadapter/v2" className="SmartClient_UnitTest.VideoOS.RemoteClient.GisMapData.MapBuildings.MapLevelTests" name="TestProperties_Note_Success" />
    </UnitTest>
    <UnitTest name="DeviceIcons_ShouldHaveSevenElements_WhenCalled" storage="d:\actions-runner\_work\xpco\xpco\allsolutions\..\sc\components\remoteviewer\smartclient\tst\zsmartclient_unittest\bin\x64\debug\net6.0-windows\zsmartclient_unittest.dll" id="0fea2cc1-51cc-e0fa-152a-f6a58ad22a37">
      <TestCategory>
        <TestCategoryItem TestCategory="GisMapData.InputOemResourcesProviderTests" />
      </TestCategory>
      <Execution id="7d00a418-26d4-47e5-b623-6569ad8598d5" />
      <TestMethod codeBase="D:\actions-runner\_work\XPCO\XPCO\AllSolutions\..\SC\Components\RemoteViewer\SmartClient\tst\zSmartClient_UnitTest\bin\x64\Debug\net6.0-windows\zSmartClient_UnitTest.dll" adapterTypeName="executor://mstestadapter/v2" className="SmartClient_UnitTest.VideoOS.RemoteClient.GisMapData.Resources.InputOemResourcesProviderTests" name="DeviceIcons_ShouldHaveSevenElements_WhenCalled" />
    </UnitTest>
    <UnitTest name="SetResultsToReselect_ShouldBeReflectedInResultsProcessedEvent" storage="d:\actions-runner\_work\xpco\xpco\allsolutions\..\sc\components\remoteviewer\smartclient\tst\zsmartclient_unittest\bin\x64\debug\net6.0-windows\zsmartclient_unittest.dll" id="c0f6f50e-70bb-6ec7-7cb1-70b1c03dbf38">
      <TestCategory>
        <TestCategoryItem TestCategory="SearchResultsPreprocessor" />
      </TestCategory>
      <Execution id="708f4e92-22fc-4da8-beff-ee094fb6585a" />
      <TestMethod codeBase="D:\actions-runner\_work\XPCO\XPCO\AllSolutions\..\SC\Components\RemoteViewer\SmartClient\tst\zSmartClient_UnitTest\bin\x64\Debug\net6.0-windows\zSmartClient_UnitTest.dll" adapterTypeName="executor://mstestadapter/v2" className="SmartClient_UnitTest.VideoOS.RemoteClient.Plugin.CentralizedSearch.Models.SearchResultsPreprocessorTests" name="SetResultsToReselect_ShouldBeReflectedInResultsProcessedEvent" />
    </UnitTest>
    <UnitTest name="SearchResultsActionBarActions_Export_OptionUnavailable_NotVisible" storage="d:\actions-runner\_work\xpco\xpco\allsolutions\..\sc\components\remoteviewer\smartclient\tst\zsmartclient_unittest\bin\x64\debug\net6.0-windows\zsmartclient_unittest.dll" id="e2a3c11c-1944-c086-d9fe-0c8ab6c0a314">
      <TestCategory>
        <TestCategoryItem TestCategory="SearchResultActionBarViewModel" />
      </TestCategory>
      <Execution id="05f7c83d-0128-4cc3-93da-4a57c358409b" />
      <TestMethod codeBase="D:\actions-runner\_work\XPCO\XPCO\AllSolutions\..\SC\Components\RemoteViewer\SmartClient\tst\zSmartClient_UnitTest\bin\x64\Debug\net6.0-windows\zSmartClient_UnitTest.dll" adapterTypeName="executor://mstestadapter/v2" className="SmartClient_UnitTest.VideoOS.RemoteClient.Plugin.CentralizedSearch.ViewModels.SearchResultsActionBarViewModelTest" name="SearchResultsActionBarActions_Export_OptionUnavailable_NotVisible" />
    </UnitTest>
    <UnitTest name="AuthType_ShouldReturnBasic_WhenConstructedUsingSimple" storage="d:\actions-runner\_work\xpco\xpco\allsolutions\..\sc\components\remoteviewer\smartclient\tst\zsmartclient_unittest\bin\x64\debug\net6.0-windows\zsmartclient_unittest.dll" id="b53cbe33-730e-fb6f-4fda-1e9679963edf">
      <TestCategory>
        <TestCategoryItem TestCategory="Authentication.ClientCredentials" />
      </TestCategory>
      <Execution id="a89da6a6-1e5e-4a28-852d-bd8f5af8124c" />
      <TestMethod codeBase="D:\actions-runner\_work\XPCO\XPCO\AllSolutions\..\SC\Components\RemoteViewer\SmartClient\tst\zSmartClient_UnitTest\bin\x64\Debug\net6.0-windows\zSmartClient_UnitTest.dll" adapterTypeName="executor://mstestadapter/v2" className="SmartClient_UnitTest.VideoOS.Shared.ServerAPI.ClientCredentialsTest" name="AuthType_ShouldReturnBasic_WhenConstructedUsingSimple" />
    </UnitTest>
    <UnitTest name="DeserializeBrokenState_Fail" storage="d:\actions-runner\_work\xpco\xpco\allsolutions\..\sc\components\remoteviewer\smartclient\tst\zsmartclient_unittest\bin\x64\debug\net6.0-windows\zsmartclient_unittest.dll" id="814ca95b-3749-a755-e5cd-7c6f8bffd2b6">
      <Execution id="8f899269-0472-447f-832f-ddcd722eb58c" />
      <TestMethod codeBase="D:\actions-runner\_work\XPCO\XPCO\AllSolutions\..\SC\Components\RemoteViewer\SmartClient\tst\zSmartClient_UnitTest\bin\x64\Debug\net6.0-windows\zSmartClient_UnitTest.dll" adapterTypeName="executor://mstestadapter/v2" className="SmartClient_UnitTest.VideoOS.RemoteClient.Data.VideoWall.MonitorStateTests" name="DeserializeBrokenState_Fail" />
    </UnitTest>
    <UnitTest name="VideoResultSearchResult_ShouldOnlyHavePropertiesFromSecondContext_WhenSetTwiceWithoutThrowingOnTokenCancellation" storage="d:\actions-runner\_work\xpco\xpco\allsolutions\..\sc\components\remoteviewer\smartclient\tst\zsmartclient_unittest\bin\x64\debug\net6.0-windows\zsmartclient_unittest.dll" id="d6a182f6-1abb-4c06-28b1-3486154a7ed6">
      <TestCategory>
        <TestCategoryItem TestCategory="SearchControls" />
      </TestCategory>
      <Execution id="3e557520-3f09-4a6b-bf78-1d5371a23065" />
      <TestMethod codeBase="D:\actions-runner\_work\XPCO\XPCO\AllSolutions\..\SC\Components\RemoteViewer\SmartClient\tst\zSmartClient_UnitTest\bin\x64\Debug\net6.0-windows\zSmartClient_UnitTest.dll" adapterTypeName="executor://mstestadapter/v2" className="SmartClient_UnitTest.VideoOS.RemoteClient.Plugin.CentralizedSearch.Views.Controls.SearchResultDetailsControlTests" name="VideoResultSearchResult_ShouldOnlyHavePropertiesFromSecondContext_WhenSetTwiceWithoutThrowingOnTokenCancellation" />
    </UnitTest>
    <UnitTest name="Constructor_ShouldInitialiseDeviceSelectorWindowViewModel_WhenCreatingInstance" storage="d:\actions-runner\_work\xpco\xpco\allsolutions\..\sc\components\remoteviewer\smartclient\tst\zsmartclient_unittest\bin\x64\debug\net6.0-windows\zsmartclient_unittest.dll" id="97233566-784e-0a25-ecca-3d6658603571">
      <TestCategory>
        <TestCategoryItem TestCategory="GisMap.GisMapViewModel" />
      </TestCategory>
      <Execution id="01ad1985-c06e-495c-a0b4-3079a3eb6d36" />
      <TestMethod codeBase="D:\actions-runner\_work\XPCO\XPCO\AllSolutions\..\SC\Components\RemoteViewer\SmartClient\tst\zSmartClient_UnitTest\bin\x64\Debug\net6.0-windows\zSmartClient_UnitTest.dll" adapterTypeName="executor://mstestadapter/v2" className="SmartClient_UnitTest.VideoOS.RemoteClient.Plugin.GisMap.ViewModels.GisMapViewModelTests" name="Constructor_ShouldInitialiseDeviceSelectorWindowViewModel_WhenCreatingInstance" />
    </UnitTest>
    <UnitTest name="HandleSetLayerFeatures_ShouldUpdateMicrophoneLayerFeatures_WhenMicrophoneKindAndMicrophoneLayerFeatures" storage="d:\actions-runner\_work\xpco\xpco\allsolutions\..\sc\components\remoteviewer\smartclient\tst\zsmartclient_unittest\bin\x64\debug\net6.0-windows\zsmartclient_unittest.dll" id="eb1477a2-2fb7-b3cb-5428-9b4cc8d1e650">
      <TestCategory>
        <TestCategoryItem TestCategory="GisMapData.Handlers.LayerFeatures" />
      </TestCategory>
      <Execution id="7ab7de48-2327-441d-81b0-8e68b649a2fb" />
      <TestMethod codeBase="D:\actions-runner\_work\XPCO\XPCO\AllSolutions\..\SC\Components\RemoteViewer\SmartClient\tst\zSmartClient_UnitTest\bin\x64\Debug\net6.0-windows\zSmartClient_UnitTest.dll" adapterTypeName="executor://mstestadapter/v2" className="SmartClient_UnitTest.VideoOS.RemoteClient.GisMapData.Handlers.LayerFeatures.MicrophoneLayerFeaturesHandlerTests" name="HandleSetLayerFeatures_ShouldUpdateMicrophoneLayerFeatures_WhenMicrophoneKindAndMicrophoneLayerFeatures" />
    </UnitTest>
    <UnitTest name="SaveSearchTemplateAsync_NoActive_Fails" storage="d:\actions-runner\_work\xpco\xpco\allsolutions\..\sc\components\remoteviewer\smartclient\tst\zsmartclient_unittest\bin\x64\debug\net6.0-windows\zsmartclient_unittest.dll" id="a414dc23-7c3d-099a-1001-11be32d85424">
      <TestCategory>
        <TestCategoryItem TestCategory="SearchTemplates" />
      </TestCategory>
      <Execution id="889d7337-12b1-4d61-871c-591aec1210fe" />
      <TestMethod codeBase="D:\actions-runner\_work\XPCO\XPCO\AllSolutions\..\SC\Components\RemoteViewer\SmartClient\tst\zSmartClient_UnitTest\bin\x64\Debug\net6.0-windows\zSmartClient_UnitTest.dll" adapterTypeName="executor://mstestadapter/v2" className="SmartClient_UnitTest.VideoOS.RemoteClient.Plugin.CentralizedSearch.SearchTemplates.SearchTemplateManagerTests" name="SaveSearchTemplateAsync_NoActive_Fails" />
    </UnitTest>
    <UnitTest name="EnsureLayersOrderIsValidBy_AddLayersAt_AfterLast_Success" storage="d:\actions-runner\_work\xpco\xpco\allsolutions\..\sc\components\remoteviewer\smartclient\tst\zsmartclient_unittest\bin\x64\debug\net6.0-windows\zsmartclient_unittest.dll" id="1827dddb-e32e-3062-ab3d-687741a79313">
      <TestCategory>
        <TestCategoryItem TestCategory="GisMapLayers" />
      </TestCategory>
      <Execution id="53da7f3b-ad7e-4cfa-a466-e71c38c54076" />
      <TestMethod codeBase="D:\actions-runner\_work\XPCO\XPCO\AllSolutions\..\SC\Components\RemoteViewer\SmartClient\tst\zSmartClient_UnitTest\bin\x64\Debug\net6.0-windows\zSmartClient_UnitTest.dll" adapterTypeName="executor://mstestadapter/v2" className="SmartClient_UnitTest.VideoOS.RemoteClient.GisMapData.GisMapLayerZOrderTests" name="EnsureLayersOrderIsValidBy_AddLayersAt_AfterLast_Success" />
    </UnitTest>
    <UnitTest name="FieldOfView_XPCO_SC_RoundtripTransform_Success" storage="d:\actions-runner\_work\xpco\xpco\allsolutions\..\sc\components\remoteviewer\smartclient\tst\zsmartclient_unittest\bin\x64\debug\net6.0-windows\zsmartclient_unittest.dll" id="8ad53d84-7b7f-42f1-3c0f-a181a1bcf187">
      <TestCategory>
        <TestCategoryItem TestCategory="GisMap" />
      </TestCategory>
      <Execution id="d14efb1e-2561-46c1-8d21-2f38621b8581" />
      <TestMethod codeBase="D:\actions-runner\_work\XPCO\XPCO\AllSolutions\..\SC\Components\RemoteViewer\SmartClient\tst\zSmartClient_UnitTest\bin\x64\Debug\net6.0-windows\zSmartClient_UnitTest.dll" adapterTypeName="executor://mstestadapter/v2" className="SmartClient_UnitTest.VideoOS.RemoteClient.GisMap.Utilities.GisUtilityTests" name="FieldOfView_XPCO_SC_RoundtripTransform_Success" />
    </UnitTest>
    <UnitTest name="HandleGetDeviceData_ShouldReturnNotFoundDeviceData_WhenNotSupportedKind" storage="d:\actions-runner\_work\xpco\xpco\allsolutions\..\sc\components\remoteviewer\smartclient\tst\zsmartclient_unittest\bin\x64\debug\net6.0-windows\zsmartclient_unittest.dll" id="e5ac7c8b-5d6c-e4aa-7715-b9b1e7a9023f">
      <TestCategory>
        <TestCategoryItem TestCategory="GisMap.Handlers.Devices.MapItems" />
      </TestCategory>
      <Execution id="ef993768-620b-4bcd-95a0-3633083e6c5a" />
      <TestMethod codeBase="D:\actions-runner\_work\XPCO\XPCO\AllSolutions\..\SC\Components\RemoteViewer\SmartClient\tst\zSmartClient_UnitTest\bin\x64\Debug\net6.0-windows\zSmartClient_UnitTest.dll" adapterTypeName="executor://mstestadapter/v2" className="SmartClient_UnitTest.VideoOS.RemoteClient.Plugin.GisMap.Handlers.Devices.MapItems.OutputDataHandlerTests" name="HandleGetDeviceData_ShouldReturnNotFoundDeviceData_WhenNotSupportedKind" />
    </UnitTest>
    <UnitTest name="ValidateExportName_ShouldReturnFailResult_InvalidCharactersInExportName (1213?)" storage="d:\actions-runner\_work\xpco\xpco\allsolutions\..\sc\components\remoteviewer\smartclient\tst\zsmartclient_unittest\bin\x64\debug\net6.0-windows\zsmartclient_unittest.dll" id="c3c6004f-1cee-dde7-31e1-dc9ac6e20c92">
      <TestCategory>
        <TestCategoryItem TestCategory="Export" />
      </TestCategory>
      <Execution id="716df86e-de1b-4d36-80da-d6710caf84c1" />
      <TestMethod codeBase="D:\actions-runner\_work\XPCO\XPCO\AllSolutions\..\SC\Components\RemoteViewer\SmartClient\tst\zSmartClient_UnitTest\bin\x64\Debug\net6.0-windows\zSmartClient_UnitTest.dll" adapterTypeName="executor://mstestadapter/v2" className="SmartClient_UnitTest.VideoOS.RemoteClient.Plugin.Export.ExportDataValidatorTests" name="ValidateExportName_ShouldReturnFailResult_InvalidCharactersInExportName" />
    </UnitTest>
    <UnitTest name="Constructor_ShouldRaiseArgumentNullException_WhenGisMapViewModelInteractionStateControllerIsNull" storage="d:\actions-runner\_work\xpco\xpco\allsolutions\..\sc\components\remoteviewer\smartclient\tst\zsmartclient_unittest\bin\x64\debug\net6.0-windows\zsmartclient_unittest.dll" id="5b36a0fc-0af7-9466-52bd-af4aae9184ca">
      <TestCategory>
        <TestCategoryItem TestCategory="GisMap.DeviceSelectorWindowViewModel" />
      </TestCategory>
      <Execution id="d540df40-a3ef-49f8-bed4-ba8e22d89b89" />
      <TestMethod codeBase="D:\actions-runner\_work\XPCO\XPCO\AllSolutions\..\SC\Components\RemoteViewer\SmartClient\tst\zSmartClient_UnitTest\bin\x64\Debug\net6.0-windows\zSmartClient_UnitTest.dll" adapterTypeName="executor://mstestadapter/v2" className="SmartClient_UnitTest.VideoOS.RemoteClient.Plugin.GisMap.ViewModels.DeviceSelectorWindowViewModelTests" name="Constructor_ShouldRaiseArgumentNullException_WhenGisMapViewModelInteractionStateControllerIsNull" />
    </UnitTest>
    <UnitTest name="RetrievalTestStop" storage="d:\actions-runner\_work\xpco\xpco\allsolutions\..\sc\components\remoteviewer\smartclient\tst\zsmartclient_unittest\bin\x64\debug\net6.0-windows\zsmartclient_unittest.dll" id="e3eaed0d-86bd-8f89-51b2-10bb869eeb76">
      <Execution id="1c2534e2-e2b1-404c-a154-7d9340f0d02d" />
      <TestMethod codeBase="D:\actions-runner\_work\XPCO\XPCO\AllSolutions\..\SC\Components\RemoteViewer\SmartClient\tst\zSmartClient_UnitTest\bin\x64\Debug\net6.0-windows\zSmartClient_UnitTest.dll" adapterTypeName="executor://mstestadapter/v2" className="SmartClient_UnitTest.VideoOS.RemoteClient.Application.Managers.EdgeRetrievalTaskManagerUnitTest" name="RetrievalTestStop" />
    </UnitTest>
    <UnitTest name="PatrollingStepViewModel_Position" storage="d:\actions-runner\_work\xpco\xpco\allsolutions\..\sc\components\remoteviewer\smartclient\tst\zsmartclient_unittest\bin\x64\debug\net6.0-windows\zsmartclient_unittest.dll" id="24c926a6-ee97-c276-700e-e9cf4f4112ef">
      <Execution id="6f1d07a8-1c8d-4f71-ae4d-5e8b3f210ad7" />
      <TestMethod codeBase="D:\actions-runner\_work\XPCO\XPCO\AllSolutions\..\SC\Components\RemoteViewer\SmartClient\tst\zSmartClient_UnitTest\bin\x64\Debug\net6.0-windows\zSmartClient_UnitTest.dll" adapterTypeName="executor://mstestadapter/v2" className="SmartClient_UnitTest.VideoOS.RemoteClient.Application.UI.PtzPreset.PatrollingViewModel.PatrollingStepViewModelTest" name="PatrollingStepViewModel_Position" />
    </UnitTest>
    <UnitTest name="CameraItemsLayer_NotIsGeographic_Save_Success" storage="d:\actions-runner\_work\xpco\xpco\allsolutions\..\sc\components\remoteviewer\smartclient\tst\zsmartclient_unittest\bin\x64\debug\net6.0-windows\zsmartclient_unittest.dll" id="6b9d0101-5179-e1bc-9826-482bb244b50e">
      <TestCategory>
        <TestCategoryItem TestCategory="GisMapLayer" />
      </TestCategory>
      <Execution id="fadaa8d1-0bfb-4c48-8eb5-6fc73f123d57" />
      <TestMethod codeBase="D:\actions-runner\_work\XPCO\XPCO\AllSolutions\..\SC\Components\RemoteViewer\SmartClient\tst\zSmartClient_UnitTest\bin\x64\Debug\net6.0-windows\zSmartClient_UnitTest.dll" adapterTypeName="executor://mstestadapter/v2" className="SmartClient_UnitTest.VideoOS.RemoteClient.GisMap.MapLayers.GisMapLayerTests" name="CameraItemsLayer_NotIsGeographic_Save_Success" />
    </UnitTest>
    <UnitTest name="SupportsDoubleClick_ShouldBeTrue_WhenInteractionStateIsNormal" storage="d:\actions-runner\_work\xpco\xpco\allsolutions\..\sc\components\remoteviewer\smartclient\tst\zsmartclient_unittest\bin\x64\debug\net6.0-windows\zsmartclient_unittest.dll" id="390e2c5d-d097-3631-576d-cd317912483e">
      <TestCategory>
        <TestCategoryItem TestCategory="GisMap.OutputMarkerTest" />
      </TestCategory>
      <Execution id="5ae98d0b-b4db-49b1-85d1-9426a149d897" />
      <TestMethod codeBase="D:\actions-runner\_work\XPCO\XPCO\AllSolutions\..\SC\Components\RemoteViewer\SmartClient\tst\zSmartClient_UnitTest\bin\x64\Debug\net6.0-windows\zSmartClient_UnitTest.dll" adapterTypeName="executor://mstestadapter/v2" className="SmartClient_UnitTest.VideoOS.RemoteClient.Plugin.GisMap.ThinkGeoMap.Markers.DeviceMarkers.OutputMarker.OutputMarkerTests" name="SupportsDoubleClick_ShouldBeTrue_WhenInteractionStateIsNormal" />
    </UnitTest>
    <UnitTest name="ClearTest" storage="d:\actions-runner\_work\xpco\xpco\allsolutions\..\sc\components\remoteviewer\smartclient\tst\zsmartclient_unittest\bin\x64\debug\net6.0-windows\zsmartclient_unittest.dll" id="b8af5950-498b-c4c9-4d6a-619dcb6074cf">
      <Execution id="aeae8590-05c2-4bc0-98d3-313dd803a990" />
      <TestMethod codeBase="D:\actions-runner\_work\XPCO\XPCO\AllSolutions\..\SC\Components\RemoteViewer\SmartClient\tst\zSmartClient_UnitTest\bin\x64\Debug\net6.0-windows\zSmartClient_UnitTest.dll" adapterTypeName="executor://mstestadapter/v2" className="SmartClient_UnitTest.VideoOS.RemoteClient.Application.Data.ContentTypes.CameraContentType.PrivacyMaskTest" name="ClearTest" />
    </UnitTest>
    <UnitTest name="Constructor_ShouldThrowArgumentNullException_WhenStateManagerIsNull" storage="d:\actions-runner\_work\xpco\xpco\allsolutions\..\sc\components\remoteviewer\smartclient\tst\zsmartclient_unittest\bin\x64\debug\net6.0-windows\zsmartclient_unittest.dll" id="d01a472c-8c79-6237-bbd9-99dcce00cbb8">
      <Execution id="9c1d28cb-bcd9-45f7-9e3d-6ce59f4a7ded" />
      <TestMethod codeBase="D:\actions-runner\_work\XPCO\XPCO\AllSolutions\..\SC\Components\RemoteViewer\SmartClient\tst\zSmartClient_UnitTest\bin\x64\Debug\net6.0-windows\zSmartClient_UnitTest.dll" adapterTypeName="executor://mstestadapter/v2" className="SmartClient_UnitTest.VideoOS.RemoteClient.Application.UI.Settings.SettingsDialogViewModelTests" name="Constructor_ShouldThrowArgumentNullException_WhenStateManagerIsNull" />
    </UnitTest>
    <UnitTest name="Retention_Options_Are_Intersected" storage="d:\actions-runner\_work\xpco\xpco\allsolutions\..\sc\components\remoteviewer\smartclient\tst\zsmartclient_unittest\bin\x64\debug\net6.0-windows\zsmartclient_unittest.dll" id="02ca40da-1acc-291d-7447-d3e7fda89520">
      <Execution id="89fada33-1d23-4b61-9b59-40b6aba4d3b9" />
      <TestMethod codeBase="D:\actions-runner\_work\XPCO\XPCO\AllSolutions\..\SC\Components\RemoteViewer\SmartClient\tst\zSmartClient_UnitTest\bin\x64\Debug\net6.0-windows\zSmartClient_UnitTest.dll" adapterTypeName="executor://mstestadapter/v2" className="SmartClient_UnitTest.VideoOS.RemoteClient.Application.Components.EvidenceLock.EvidenceLockCreateEditTests" name="Retention_Options_Are_Intersected" />
    </UnitTest>
    <UnitTest name="ShowAccessControlSystems_ShouldReturnFalse_WhenTwoACSystemsNotSupportingCardholdersAvailable" storage="d:\actions-runner\_work\xpco\xpco\allsolutions\..\sc\components\remoteviewer\smartclient\tst\zsmartclient_unittest\bin\x64\debug\net6.0-windows\zsmartclient_unittest.dll" id="e591cb66-07e5-1b9d-9e29-d469d485e69c">
      <Execution id="90f5a314-f297-44dc-8aa1-5a54c17a6d95" />
      <TestMethod codeBase="D:\actions-runner\_work\XPCO\XPCO\AllSolutions\..\SC\Components\RemoteViewer\SmartClient\tst\zSmartClient_UnitTest\bin\x64\Debug\net6.0-windows\zSmartClient_UnitTest.dll" adapterTypeName="executor://mstestadapter/v2" className="SmartClient_UnitTest.VideoOS.RemoteClient.AccessControl.ViewModel.CardholdersTabViewModelTests" name="ShowAccessControlSystems_ShouldReturnFalse_WhenTwoACSystemsNotSupportingCardholdersAvailable" />
    </UnitTest>
    <UnitTest name="TestInitializeWorkrooms_AllBuiltinWorkroomsWithSearchTabAsInitialWorkroom_Success" storage="d:\actions-runner\_work\xpco\xpco\allsolutions\..\sc\components\remoteviewer\smartclient\tst\zsmartclient_unittest\bin\x64\debug\net6.0-windows\zsmartclient_unittest.dll" id="d02a9bfe-ef70-0b80-6768-a063d853aefd">
      <TestCategory>
        <TestCategoryItem TestCategory="WorkroomController" />
      </TestCategory>
      <Execution id="e4f7060a-74ab-472b-b908-674ac8f2f89d" />
      <TestMethod codeBase="D:\actions-runner\_work\XPCO\XPCO\AllSolutions\..\SC\Components\RemoteViewer\SmartClient\tst\zSmartClient_UnitTest\bin\x64\Debug\net6.0-windows\zSmartClient_UnitTest.dll" adapterTypeName="executor://mstestadapter/v2" className="VideoOS.RemoteClient.Application.Controllers.WorkroomController.UnitTest.TabWorkroomControllerTest" name="TestInitializeWorkrooms_AllBuiltinWorkroomsWithSearchTabAsInitialWorkroom_Success" />
    </UnitTest>
    <UnitTest name="RemoveAttributeValueCommand_NotNullValue_AttributeValueCleared" storage="d:\actions-runner\_work\xpco\xpco\allsolutions\..\sc\components\remoteviewer\smartclient\tst\zsmartclient_unittest\bin\x64\debug\net6.0-windows\zsmartclient_unittest.dll" id="ed35a7f0-03d4-ea75-0507-862afb897619">
      <TestCategory>
        <TestCategoryItem TestCategory="Search" />
      </TestCategory>
      <Execution id="8106f1ef-0cde-4dc9-a249-dfba562d6d73" />
      <TestMethod codeBase="D:\actions-runner\_work\XPCO\XPCO\AllSolutions\..\SC\Components\RemoteViewer\SmartClient\tst\zSmartClient_UnitTest\bin\x64\Debug\net6.0-windows\zSmartClient_UnitTest.dll" adapterTypeName="executor://mstestadapter/v2" className="SmartClient_UnitTest.VideoOS.RemoteClient.Plugin.CentralizedSearch.ViewModels.SearchAttributeViewModelTests" name="RemoveAttributeValueCommand_NotNullValue_AttributeValueCleared" />
    </UnitTest>
    <UnitTest name="PatrollingStepViewModel_SelectedPatrollingPreset" storage="d:\actions-runner\_work\xpco\xpco\allsolutions\..\sc\components\remoteviewer\smartclient\tst\zsmartclient_unittest\bin\x64\debug\net6.0-windows\zsmartclient_unittest.dll" id="cf688c28-2d6d-a793-dedf-06d48b63f6f1">
      <Execution id="c453b45a-ca03-4425-a7f9-2f502e93fa29" />
      <TestMethod codeBase="D:\actions-runner\_work\XPCO\XPCO\AllSolutions\..\SC\Components\RemoteViewer\SmartClient\tst\zSmartClient_UnitTest\bin\x64\Debug\net6.0-windows\zSmartClient_UnitTest.dll" adapterTypeName="executor://mstestadapter/v2" className="SmartClient_UnitTest.VideoOS.RemoteClient.Application.UI.PtzPreset.PatrollingViewModel.PatrollingStepViewModelTest" name="PatrollingStepViewModel_SelectedPatrollingPreset" />
    </UnitTest>
    <UnitTest name="ModelSerialization_DeserializeSerialize_SerializationXmlIsSame" storage="d:\actions-runner\_work\xpco\xpco\allsolutions\..\sc\components\remoteviewer\smartclient\tst\zsmartclient_unittest\bin\x64\debug\net6.0-windows\zsmartclient_unittest.dll" id="1663762a-2500-b801-aa4a-60e46d01fc4b">
      <TestCategory>
        <TestCategoryItem TestCategory="SearchModels" />
      </TestCategory>
      <Execution id="c16b956a-de11-4d77-8122-6e95f7eb4ec3" />
      <TestMethod codeBase="D:\actions-runner\_work\XPCO\XPCO\AllSolutions\..\SC\Components\RemoteViewer\SmartClient\tst\zSmartClient_UnitTest\bin\x64\Debug\net6.0-windows\zSmartClient_UnitTest.dll" adapterTypeName="executor://mstestadapter/v2" className="SmartClient_UnitTest.VideoOS.RemoteClient.Plugin.CentralizedSearch.Models.SearchModelTests" name="ModelSerialization_DeserializeSerialize_SerializationXmlIsSame" />
    </UnitTest>
    <UnitTest name="EnsureLayersOrderIsValidBy_Swap210_Success" storage="d:\actions-runner\_work\xpco\xpco\allsolutions\..\sc\components\remoteviewer\smartclient\tst\zsmartclient_unittest\bin\x64\debug\net6.0-windows\zsmartclient_unittest.dll" id="4203d4af-b5bf-b00b-9139-2a7c647d28e9">
      <TestCategory>
        <TestCategoryItem TestCategory="GisMapLayers" />
      </TestCategory>
      <Execution id="2938ec0b-c911-4212-86f7-bcf03e48ef3c" />
      <TestMethod codeBase="D:\actions-runner\_work\XPCO\XPCO\AllSolutions\..\SC\Components\RemoteViewer\SmartClient\tst\zSmartClient_UnitTest\bin\x64\Debug\net6.0-windows\zSmartClient_UnitTest.dll" adapterTypeName="executor://mstestadapter/v2" className="SmartClient_UnitTest.VideoOS.RemoteClient.GisMapData.GisMapLayerZOrderTests" name="EnsureLayersOrderIsValidBy_Swap210_Success" />
    </UnitTest>
    <UnitTest name="MapLayerType_ShouldBeNull_WhenCalled" storage="d:\actions-runner\_work\xpco\xpco\allsolutions\..\sc\components\remoteviewer\smartclient\tst\zsmartclient_unittest\bin\x64\debug\net6.0-windows\zsmartclient_unittest.dll" id="623a898d-977d-5b91-e1b8-7c6682d95502">
      <Execution id="69957976-b287-4233-a6a9-9561c0b71adf" />
      <TestMethod codeBase="D:\actions-runner\_work\XPCO\XPCO\AllSolutions\..\SC\Components\RemoteViewer\SmartClient\tst\zSmartClient_UnitTest\bin\x64\Debug\net6.0-windows\zSmartClient_UnitTest.dll" adapterTypeName="executor://mstestadapter/v2" className="SmartClient_UnitTest.VideoOS.RemoteClient.GisMapData.Strategies.MapLayers.MipMapLayerDatagramClassFactoryStrategyTests" name="MapLayerType_ShouldBeNull_WhenCalled" />
    </UnitTest>
    <UnitTest name="Outline_ShouldRejectSet_WhenOutlineIsNull" storage="d:\actions-runner\_work\xpco\xpco\allsolutions\..\sc\components\remoteviewer\smartclient\tst\zsmartclient_unittest\bin\x64\debug\net6.0-windows\zsmartclient_unittest.dll" id="5d6c44db-c687-1340-5e99-d0beeace71f3">
      <TestCategory>
        <TestCategoryItem TestCategory="GisMapBuilding" />
      </TestCategory>
      <Execution id="a90aa39c-3438-4437-ba9b-fa7eba7945df" />
      <TestMethod codeBase="D:\actions-runner\_work\XPCO\XPCO\AllSolutions\..\SC\Components\RemoteViewer\SmartClient\tst\zSmartClient_UnitTest\bin\x64\Debug\net6.0-windows\zSmartClient_UnitTest.dll" adapterTypeName="executor://mstestadapter/v2" className="SmartClient_UnitTest.VideoOS.RemoteClient.GisMap.MapBuildingTests" name="Outline_ShouldRejectSet_WhenOutlineIsNull" />
    </UnitTest>
    <UnitTest name="TestBuildingLoadAsync_Success" storage="d:\actions-runner\_work\xpco\xpco\allsolutions\..\sc\components\remoteviewer\smartclient\tst\zsmartclient_unittest\bin\x64\debug\net6.0-windows\zsmartclient_unittest.dll" id="1828ecd5-bb3e-6d98-809c-f913ae167b2a">
      <TestCategory>
        <TestCategoryItem TestCategory="GisMapBuilding" />
      </TestCategory>
      <Execution id="d5b689ce-2df5-49f0-ba83-287a81a0fb91" />
      <TestMethod codeBase="D:\actions-runner\_work\XPCO\XPCO\AllSolutions\..\SC\Components\RemoteViewer\SmartClient\tst\zSmartClient_UnitTest\bin\x64\Debug\net6.0-windows\zSmartClient_UnitTest.dll" adapterTypeName="executor://mstestadapter/v2" className="SmartClient_UnitTest.VideoOS.RemoteClient.GisMap.MapBuildingTests" name="TestBuildingLoadAsync_Success" />
    </UnitTest>
    <UnitTest name="GetWorkspaceToolbarItems_ShouldReturnLiveToolbarItemDisabledPlaybackToolbarItemEnabled_WhenWorkspaceIsPlayback" storage="d:\actions-runner\_work\xpco\xpco\allsolutions\..\sc\components\remoteviewer\smartclient\tst\zsmartclient_unittest\bin\x64\debug\net6.0-windows\zsmartclient_unittest.dll" id="94ba17e6-30fb-3cd3-1d80-21c645e8deb9">
      <TestCategory>
        <TestCategoryItem TestCategory="WorkspaceToolbar" />
      </TestCategory>
      <Execution id="871c987b-b744-4146-8bcd-d02e9ed9d12b" />
      <TestMethod codeBase="D:\actions-runner\_work\XPCO\XPCO\AllSolutions\..\SC\Components\RemoteViewer\SmartClient\tst\zSmartClient_UnitTest\bin\x64\Debug\net6.0-windows\zSmartClient_UnitTest.dll" adapterTypeName="executor://mstestadapter/v2" className="SmartClient_UnitTest.VideoOS.RemoteClient.Application.UI.Content.WorkspaceToolbar.MIPWorkspaceToolbarItemManagerTests" name="GetWorkspaceToolbarItems_ShouldReturnLiveToolbarItemDisabledPlaybackToolbarItemEnabled_WhenWorkspaceIsPlayback" />
    </UnitTest>
    <UnitTest name="Warning_Shown_When_Removing_Camera" storage="d:\actions-runner\_work\xpco\xpco\allsolutions\..\sc\components\remoteviewer\smartclient\tst\zsmartclient_unittest\bin\x64\debug\net6.0-windows\zsmartclient_unittest.dll" id="8ecade2b-3ad6-f16a-0138-df9b1b58928f">
      <Execution id="087da9ce-b6aa-40d8-b859-6fcb2d7334cf" />
      <TestMethod codeBase="D:\actions-runner\_work\XPCO\XPCO\AllSolutions\..\SC\Components\RemoteViewer\SmartClient\tst\zSmartClient_UnitTest\bin\x64\Debug\net6.0-windows\zSmartClient_UnitTest.dll" adapterTypeName="executor://mstestadapter/v2" className="SmartClient_UnitTest.VideoOS.RemoteClient.Application.Components.EvidenceLock.EvidenceLockCreateEditTests" name="Warning_Shown_When_Removing_Camera" />
    </UnitTest>
    <UnitTest name="SupportsDoubleClick_ShouldBeFalse_WhenInteractionStateIsNotNormalOrNewDevice" storage="d:\actions-runner\_work\xpco\xpco\allsolutions\..\sc\components\remoteviewer\smartclient\tst\zsmartclient_unittest\bin\x64\debug\net6.0-windows\zsmartclient_unittest.dll" id="c0d12a95-e15f-6166-5a13-d922c014e85f">
      <TestCategory>
        <TestCategoryItem TestCategory="GisMap.CameraMarker" />
      </TestCategory>
      <Execution id="eee40031-8732-474a-b6ed-fc11dd1a0510" />
      <TestMethod codeBase="D:\actions-runner\_work\XPCO\XPCO\AllSolutions\..\SC\Components\RemoteViewer\SmartClient\tst\zSmartClient_UnitTest\bin\x64\Debug\net6.0-windows\zSmartClient_UnitTest.dll" adapterTypeName="executor://mstestadapter/v2" className="SmartClient_UnitTest.VideoOS.RemoteClient.Plugin.GisMap.ThinkGeoMap.Markers.DeviceMarkers.CameraMarker.CameraMarkerTests" name="SupportsDoubleClick_ShouldBeFalse_WhenInteractionStateIsNotNormalOrNewDevice" />
    </UnitTest>
    <UnitTest name="SmartWallButtonHidden_WhenNotInSmartWallView" storage="d:\actions-runner\_work\xpco\xpco\allsolutions\..\sc\components\remoteviewer\smartclient\tst\zsmartclient_unittest\bin\x64\debug\net6.0-windows\zsmartclient_unittest.dll" id="ba697472-1eee-6276-10b8-517f33455021">
      <TestCategory>
        <TestCategoryItem TestCategory="WorkspaceToolbar" />
      </TestCategory>
      <Execution id="5578db20-f1d4-4a93-aa4a-0f7844eeae66" />
      <TestMethod codeBase="D:\actions-runner\_work\XPCO\XPCO\AllSolutions\..\SC\Components\RemoteViewer\SmartClient\tst\zSmartClient_UnitTest\bin\x64\Debug\net6.0-windows\zSmartClient_UnitTest.dll" adapterTypeName="executor://mstestadapter/v2" className="SmartClient_UnitTest.VideoOS.RemoteClient.Application.UI.Content.WorkspaceToolbar.WorkspaceToolbarViewModelTests" name="SmartWallButtonHidden_WhenNotInSmartWallView" />
    </UnitTest>
    <UnitTest name="RemoveItems_EmptyCollection_NoClusterChanges" storage="d:\actions-runner\_work\xpco\xpco\allsolutions\..\sc\components\remoteviewer\smartclient\tst\zsmartclient_unittest\bin\x64\debug\net6.0-windows\zsmartclient_unittest.dll" id="b87a1c99-d996-5e0b-a096-13dd2701c2c1">
      <TestCategory>
        <TestCategoryItem TestCategory="GisMapIndex" />
      </TestCategory>
      <Execution id="6e3a8b64-057b-4194-8820-f57eca647f6b" />
      <TestMethod codeBase="D:\actions-runner\_work\XPCO\XPCO\AllSolutions\..\SC\Components\RemoteViewer\SmartClient\tst\zSmartClient_UnitTest\bin\x64\Debug\net6.0-windows\zSmartClient_UnitTest.dll" adapterTypeName="executor://mstestadapter/v2" className="SmartClient_UnitTest.VideoOS.RemoteClient.GisMapData.Common.Indexer.MapItemIndexerTests" name="RemoveItems_EmptyCollection_NoClusterChanges" />
    </UnitTest>
    <UnitTest name="IsOAuth_ShouldReturnFalse_WhenConstructedUsingWindows" storage="d:\actions-runner\_work\xpco\xpco\allsolutions\..\sc\components\remoteviewer\smartclient\tst\zsmartclient_unittest\bin\x64\debug\net6.0-windows\zsmartclient_unittest.dll" id="95263003-a60e-ad32-6d79-b2420a12e34b">
      <TestCategory>
        <TestCategoryItem TestCategory="Authentication.ClientCredentials" />
      </TestCategory>
      <Execution id="f81113d5-9970-454a-b852-8f8d7ee451f1" />
      <TestMethod codeBase="D:\actions-runner\_work\XPCO\XPCO\AllSolutions\..\SC\Components\RemoteViewer\SmartClient\tst\zSmartClient_UnitTest\bin\x64\Debug\net6.0-windows\zSmartClient_UnitTest.dll" adapterTypeName="executor://mstestadapter/v2" className="SmartClient_UnitTest.VideoOS.Shared.ServerAPI.ClientCredentialsTest" name="IsOAuth_ShouldReturnFalse_WhenConstructedUsingWindows" />
    </UnitTest>
    <UnitTest name="ScWorkSpaceModeChangedEvent_ShouldSetDeviceIsDisabledToTrue_WhenSwitchingToBrowseMode" storage="d:\actions-runner\_work\xpco\xpco\allsolutions\..\sc\components\remoteviewer\smartclient\tst\zsmartclient_unittest\bin\x64\debug\net6.0-windows\zsmartclient_unittest.dll" id="42b5cf79-6dbd-73ce-f336-4c9a97122aad">
      <TestCategory>
        <TestCategoryItem TestCategory="GisMapData.MapLayers" />
      </TestCategory>
      <Execution id="f3525de3-a5dc-4dd8-a20d-99ccd14019d1" />
      <TestMethod codeBase="D:\actions-runner\_work\XPCO\XPCO\AllSolutions\..\SC\Components\RemoteViewer\SmartClient\tst\zSmartClient_UnitTest\bin\x64\Debug\net6.0-windows\zSmartClient_UnitTest.dll" adapterTypeName="executor://mstestadapter/v2" className="SmartClient_UnitTest.VideoOS.RemoteClient.GisMapData.MapLayers.MicrophoneItemsMapLayerTests" name="ScWorkSpaceModeChangedEvent_ShouldSetDeviceIsDisabledToTrue_WhenSwitchingToBrowseMode" />
    </UnitTest>
    <UnitTest name="PtzSessionControllerInfo_UserChangedTest_NoChange" storage="d:\actions-runner\_work\xpco\xpco\allsolutions\..\sc\components\remoteviewer\smartclient\tst\zsmartclient_unittest\bin\x64\debug\net6.0-windows\zsmartclient_unittest.dll" id="d72e9a2a-9534-badd-5a74-22ef698e678e">
      <Execution id="9678cf6b-e93f-400e-bdca-45db6cb4c37a" />
      <TestMethod codeBase="D:\actions-runner\_work\XPCO\XPCO\AllSolutions\..\SC\Components\RemoteViewer\SmartClient\tst\zSmartClient_UnitTest\bin\x64\Debug\net6.0-windows\zSmartClient_UnitTest.dll" adapterTypeName="executor://mstestadapter/v2" className="VideoOS.RemoteClient.Application.Controllers.UnitTest.PtzSessionControllerTest" name="PtzSessionControllerInfo_UserChangedTest_NoChange" />
    </UnitTest>
    <UnitTest name="TestConstructor_NullMapBuilding_Failure" storage="d:\actions-runner\_work\xpco\xpco\allsolutions\..\sc\components\remoteviewer\smartclient\tst\zsmartclient_unittest\bin\x64\debug\net6.0-windows\zsmartclient_unittest.dll" id="1fb4c865-1faa-3cb2-dba2-5caed6ef1c09">
      <TestCategory>
        <TestCategoryItem TestCategory="GisMapBuilding" />
      </TestCategory>
      <Execution id="32fc8530-05eb-45c5-ac1f-64c69d6432ec" />
      <TestMethod codeBase="D:\actions-runner\_work\XPCO\XPCO\AllSolutions\..\SC\Components\RemoteViewer\SmartClient\tst\zSmartClient_UnitTest\bin\x64\Debug\net6.0-windows\zSmartClient_UnitTest.dll" adapterTypeName="executor://mstestadapter/v2" className="SmartClient_UnitTest.VideoOS.RemoteClient.GisMapData.MapBuildings.MapLevelTests" name="TestConstructor_NullMapBuilding_Failure" />
    </UnitTest>
    <UnitTest name="Decorate_ShouldAddChildren_WhenThereAreLayersImplementingITitleToggleableWithItems" storage="d:\actions-runner\_work\xpco\xpco\allsolutions\..\sc\components\remoteviewer\smartclient\tst\zsmartclient_unittest\bin\x64\debug\net6.0-windows\zsmartclient_unittest.dll" id="3215309a-c170-3a90-36e8-c896704e6333">
      <TestCategory>
        <TestCategoryItem TestCategory="GisMap.LayerVisibilityItemDataChildrenToggleItemDecoratorTests" />
      </TestCategory>
      <Execution id="6d3d0f58-d9f8-4b82-af1d-74790dc0a8b8" />
      <TestMethod codeBase="D:\actions-runner\_work\XPCO\XPCO\AllSolutions\..\SC\Components\RemoteViewer\SmartClient\tst\zSmartClient_UnitTest\bin\x64\Debug\net6.0-windows\zSmartClient_UnitTest.dll" adapterTypeName="executor://mstestadapter/v2" className="SmartClient_UnitTest.VideoOS.RemoteClient.Plugin.GisMap.ViewModels.LayersVisibility.Decorators.LayerVisibilityItemDataChildrenToggleItemDecoratorTests" name="Decorate_ShouldAddChildren_WhenThereAreLayersImplementingITitleToggleableWithItems" />
    </UnitTest>
    <UnitTest name="NavigateAndSelectAsync_SelectAdditionalCamera_ReCenterCommandEnabled" storage="d:\actions-runner\_work\xpco\xpco\allsolutions\..\sc\components\remoteviewer\smartclient\tst\zsmartclient_unittest\bin\x64\debug\net6.0-windows\zsmartclient_unittest.dll" id="60bdbe1c-556f-ee06-0399-2842675c306a">
      <TestCategory>
        <TestCategoryItem TestCategory="GisMap.GisMapViewModel" />
      </TestCategory>
      <Execution id="e9802c33-47f4-40ce-87d6-5ae0f2f270ad" />
      <TestMethod codeBase="D:\actions-runner\_work\XPCO\XPCO\AllSolutions\..\SC\Components\RemoteViewer\SmartClient\tst\zSmartClient_UnitTest\bin\x64\Debug\net6.0-windows\zSmartClient_UnitTest.dll" adapterTypeName="executor://mstestadapter/v2" className="SmartClient_UnitTest.VideoOS.RemoteClient.Plugin.GisMap.ViewModels.GisMapViewModelTests" name="NavigateAndSelectAsync_SelectAdditionalCamera_ReCenterCommandEnabled" />
    </UnitTest>
    <UnitTest name="Optics enabled, not forced" storage="d:\actions-runner\_work\xpco\xpco\allsolutions\..\sc\components\remoteviewer\smartclient\tst\zsmartclient_unittest\bin\x64\debug\net6.0-windows\zsmartclient_unittest.dll" id="ff8eb243-16fd-8ea6-b898-642c78c53e2e">
      <TestCategory>
        <TestCategoryItem TestCategory="Export" />
      </TestCategory>
      <Execution id="768b5959-7a35-4af0-973e-38136ee55ee1" />
      <TestMethod codeBase="D:\actions-runner\_work\XPCO\XPCO\AllSolutions\..\SC\Components\RemoteViewer\SmartClient\tst\zSmartClient_UnitTest\bin\x64\Debug\net6.0-windows\zSmartClient_UnitTest.dll" adapterTypeName="executor://mstestadapter/v2" className="SmartClient_UnitTest.VideoOS.RemoteClient.Plugin.Export.CreateExportDialogViewModelTests" name="CreateExportDialog_ExportDestinationSelectionEnabled_BasedOnOptions" />
    </UnitTest>
    <UnitTest name="AddToExportTuples_ShouldReturnCorrectResult (5,5,5)" storage="d:\actions-runner\_work\xpco\xpco\allsolutions\..\sc\components\remoteviewer\smartclient\tst\zsmartclient_unittest\bin\x64\debug\net6.0-windows\zsmartclient_unittest.dll" id="81ad0f4d-94e1-c01b-9944-7761641e9301">
      <TestCategory>
        <TestCategoryItem TestCategory="Managers" />
      </TestCategory>
      <Execution id="2ce440be-77b7-4372-b16c-28d2671612f8" />
      <TestMethod codeBase="D:\actions-runner\_work\XPCO\XPCO\AllSolutions\..\SC\Components\RemoteViewer\SmartClient\tst\zSmartClient_UnitTest\bin\x64\Debug\net6.0-windows\zSmartClient_UnitTest.dll" adapterTypeName="executor://mstestadapter/v2" className="SmartClient_UnitTest.VideoOS.RemoteClient.Application.Managers.ExportManagerTests" name="AddToExportTuples_ShouldReturnCorrectResult" />
    </UnitTest>
    <UnitTest name="CreateNewGroup_NewUser" storage="d:\actions-runner\_work\xpco\xpco\allsolutions\..\sc\components\remoteviewer\smartclient\tst\zsmartclient_unittest\bin\x64\debug\net6.0-windows\zsmartclient_unittest.dll" id="41f04a9d-5df2-9e79-b05d-aaa6c4b08e60">
      <Execution id="72d83e7c-b857-4801-a0c9-c482dd113d1e" />
      <TestMethod codeBase="D:\actions-runner\_work\XPCO\XPCO\AllSolutions\..\SC\Components\RemoteViewer\SmartClient\tst\zSmartClient_UnitTest\bin\x64\Debug\net6.0-windows\zSmartClient_UnitTest.dll" adapterTypeName="executor://mstestadapter/v2" className="SmartClient_UnitTest.VideoOS.Shared.ViewGroupSerializationControllerTests" name="CreateNewGroup_NewUser" />
    </UnitTest>
    <UnitTest name="GetLayerVisibilityItemsData_ShouldAddDeviceFixedLayerInOrder_WhenMultipleLayersAreProvided" storage="d:\actions-runner\_work\xpco\xpco\allsolutions\..\sc\components\remoteviewer\smartclient\tst\zsmartclient_unittest\bin\x64\debug\net6.0-windows\zsmartclient_unittest.dll" id="caaa1ff0-9d50-8a88-cc0f-12986835057f">
      <TestCategory>
        <TestCategoryItem TestCategory="GisMap.DefaultFixedLayerManagerStrategyTests" />
      </TestCategory>
      <Execution id="979e004b-1cf3-425e-8d22-18e6478fc96d" />
      <TestMethod codeBase="D:\actions-runner\_work\XPCO\XPCO\AllSolutions\..\SC\Components\RemoteViewer\SmartClient\tst\zSmartClient_UnitTest\bin\x64\Debug\net6.0-windows\zSmartClient_UnitTest.dll" adapterTypeName="executor://mstestadapter/v2" className="SmartClient_UnitTest.VideoOS.RemoteClient.Plugin.GisMap.ViewModels.LayersVisibility.FixedLayers.DefaultFixedLayerManagerStrategyTests" name="GetLayerVisibilityItemsData_ShouldAddDeviceFixedLayerInOrder_WhenMultipleLayersAreProvided" />
    </UnitTest>
    <UnitTest name="InputMapItem_UpdateName_Rejected" storage="d:\actions-runner\_work\xpco\xpco\allsolutions\..\sc\components\remoteviewer\smartclient\tst\zsmartclient_unittest\bin\x64\debug\net6.0-windows\zsmartclient_unittest.dll" id="dd6a6056-335a-e790-dd5c-836d1beab39a">
      <TestCategory>
        <TestCategoryItem TestCategory="GisMapData.MapItem.Inputs" />
      </TestCategory>
      <Execution id="ef417ac7-3ae6-47f7-b763-9724aad930be" />
      <TestMethod codeBase="D:\actions-runner\_work\XPCO\XPCO\AllSolutions\..\SC\Components\RemoteViewer\SmartClient\tst\zSmartClient_UnitTest\bin\x64\Debug\net6.0-windows\zSmartClient_UnitTest.dll" adapterTypeName="executor://mstestadapter/v2" className="SmartClient_UnitTest.VideoOS.RemoteClient.GisMapData.MapItem.Inputs.InputMapItemTests" name="InputMapItem_UpdateName_Rejected" />
    </UnitTest>
    <UnitTest name="DeviceIcons_ShouldBeCached_WhenCalled" storage="d:\actions-runner\_work\xpco\xpco\allsolutions\..\sc\components\remoteviewer\smartclient\tst\zsmartclient_unittest\bin\x64\debug\net6.0-windows\zsmartclient_unittest.dll" id="e788a2d0-4486-022b-835a-f533cc3033d2">
      <TestCategory>
        <TestCategoryItem TestCategory="GisMapData.OutputOemResourcesProviderTests" />
      </TestCategory>
      <Execution id="a57a9d2a-6772-4454-9782-467461cf395d" />
      <TestMethod codeBase="D:\actions-runner\_work\XPCO\XPCO\AllSolutions\..\SC\Components\RemoteViewer\SmartClient\tst\zSmartClient_UnitTest\bin\x64\Debug\net6.0-windows\zSmartClient_UnitTest.dll" adapterTypeName="executor://mstestadapter/v2" className="SmartClient_UnitTest.VideoOS.RemoteClient.GisMapData.Resources.OutputOemResourcesProviderTests" name="DeviceIcons_ShouldBeCached_WhenCalled" />
    </UnitTest>
    <UnitTest name="GetMapLayerArguments_ShouldReturnIGisMapModelAndAlarmsObservables_WhenCalled" storage="d:\actions-runner\_work\xpco\xpco\allsolutions\..\sc\components\remoteviewer\smartclient\tst\zsmartclient_unittest\bin\x64\debug\net6.0-windows\zsmartclient_unittest.dll" id="2f07bb8b-cd50-f2c2-1839-7178b31bc8e9">
      <Execution id="58747e53-d116-4d63-9f01-f5a2c0b5ccc1" />
      <TestMethod codeBase="D:\actions-runner\_work\XPCO\XPCO\AllSolutions\..\SC\Components\RemoteViewer\SmartClient\tst\zSmartClient_UnitTest\bin\x64\Debug\net6.0-windows\zSmartClient_UnitTest.dll" adapterTypeName="executor://mstestadapter/v2" className="SmartClient_UnitTest.VideoOS.RemoteClient.GisMapData.Strategies.MapLayers.OutputMapLayerDatagramClassFactoryStrategyTests" name="GetMapLayerArguments_ShouldReturnIGisMapModelAndAlarmsObservables_WhenCalled" />
    </UnitTest>
    <UnitTest name="LoadBoundingShapes_PolygonShape_AddedToUI" storage="d:\actions-runner\_work\xpco\xpco\allsolutions\..\sc\components\remoteviewer\smartclient\tst\zsmartclient_unittest\bin\x64\debug\net6.0-windows\zsmartclient_unittest.dll" id="03362dc6-019e-7120-2944-4e9a1bc66b6d">
      <Execution id="f7ce4840-8c9d-4c90-91c6-70404a6021b4" />
      <TestMethod codeBase="D:\actions-runner\_work\XPCO\XPCO\AllSolutions\..\SC\Components\RemoteViewer\SmartClient\tst\zSmartClient_UnitTest\bin\x64\Debug\net6.0-windows\zSmartClient_UnitTest.dll" adapterTypeName="executor://mstestadapter/v2" className="SmartClient_UnitTest.VideoOS.RemoteClient.Plugin.CentralizedSearch.MIPPlugin.Results.VideoSearchResultUserControlTests" name="LoadBoundingShapes_PolygonShape_AddedToUI" />
    </UnitTest>
    <UnitTest name="ToNormalizedDirection_OutOfRange_Minus2PI_Fail" storage="d:\actions-runner\_work\xpco\xpco\allsolutions\..\sc\components\remoteviewer\smartclient\tst\zsmartclient_unittest\bin\x64\debug\net6.0-windows\zsmartclient_unittest.dll" id="4b45c6e7-7f37-b930-8977-ed2b5f3bab07">
      <TestCategory>
        <TestCategoryItem TestCategory="GisMap" />
      </TestCategory>
      <Execution id="d754cfab-5e56-4b05-aab2-cef58d3d80d2" />
      <TestMethod codeBase="D:\actions-runner\_work\XPCO\XPCO\AllSolutions\..\SC\Components\RemoteViewer\SmartClient\tst\zSmartClient_UnitTest\bin\x64\Debug\net6.0-windows\zSmartClient_UnitTest.dll" adapterTypeName="executor://mstestadapter/v2" className="SmartClient_UnitTest.VideoOS.RemoteClient.GisMap.Utilities.GisUtilityTests" name="ToNormalizedDirection_OutOfRange_Minus2PI_Fail" />
    </UnitTest>
    <UnitTest name="UpdateItemState_Hidden_WrongServerTypes" storage="d:\actions-runner\_work\xpco\xpco\allsolutions\..\sc\components\remoteviewer\smartclient\tst\zsmartclient_unittest\bin\x64\debug\net6.0-windows\zsmartclient_unittest.dll" id="cc5bf0e8-1cf1-748c-6f30-7b7cfd04c1dc">
      <TestCategory>
        <TestCategoryItem TestCategory="ContentHolderToolbar" />
      </TestCategory>
      <Execution id="f88582a1-efab-409a-89ac-305e084ca6d0" />
      <TestMethod codeBase="D:\actions-runner\_work\XPCO\XPCO\AllSolutions\..\SC\Components\RemoteViewer\SmartClient\tst\zSmartClient_UnitTest\bin\x64\Debug\net6.0-windows\zSmartClient_UnitTest.dll" adapterTypeName="executor://mstestadapter/v2" className="SmartClient_UnitTest.VideoOS.RemoteClient.Application.Data.ContentHolderToolbar.ToolBarItemSearchTests" name="UpdateItemState_Hidden_WrongServerTypes" />
    </UnitTest>
    <UnitTest name="OnSizeChanged_FivePluginButtonsPresentInActionBar_WithRoomForLessThenFourPluginButtonsPluginsMoveToSecondLine" storage="d:\actions-runner\_work\xpco\xpco\allsolutions\..\sc\components\remoteviewer\smartclient\tst\zsmartclient_unittest\bin\x64\debug\net6.0-windows\zsmartclient_unittest.dll" id="af2a8788-f2d5-ea21-a188-f51e4691cee7">
      <TestCategory>
        <TestCategoryItem TestCategory="SearchViews" />
      </TestCategory>
      <Execution id="a062f2c7-8c42-4912-ab31-42d26901c0a9" />
      <TestMethod codeBase="D:\actions-runner\_work\XPCO\XPCO\AllSolutions\..\SC\Components\RemoteViewer\SmartClient\tst\zSmartClient_UnitTest\bin\x64\Debug\net6.0-windows\zSmartClient_UnitTest.dll" adapterTypeName="executor://mstestadapter/v2" className="SmartClient_UnitTest.VideoOS.RemoteClient.Plugin.CentralizedSearch.Views.SearchResultActionBarViewTests" name="OnSizeChanged_FivePluginButtonsPresentInActionBar_WithRoomForLessThenFourPluginButtonsPluginsMoveToSecondLine" />
    </UnitTest>
    <UnitTest name="OnLoaded_UserControlIsLoadingEventChanges_Success" storage="d:\actions-runner\_work\xpco\xpco\allsolutions\..\sc\components\remoteviewer\smartclient\tst\zsmartclient_unittest\bin\x64\debug\net6.0-windows\zsmartclient_unittest.dll" id="8029d216-4010-3441-1bae-329046b8b3a9">
      <TestCategory>
        <TestCategoryItem TestCategory="Search" />
      </TestCategory>
      <Execution id="e0d7abed-4da5-48b7-84cc-36c707c55cb9" />
      <TestMethod codeBase="D:\actions-runner\_work\XPCO\XPCO\AllSolutions\..\SC\Components\RemoteViewer\SmartClient\tst\zSmartClient_UnitTest\bin\x64\Debug\net6.0-windows\zSmartClient_UnitTest.dll" adapterTypeName="executor://mstestadapter/v2" className="SmartClient_UnitTest.VideoOS.RemoteClient.Plugin.CentralizedSearch.Views.SearchResultContainerViewTests" name="OnLoaded_UserControlIsLoadingEventChanges_Success" />
    </UnitTest>
    <UnitTest name="BuildMapOptions_ShouldHandleEnumOptionsCorrectly (GisMapOpenStreetMapGeographicLayer,Available,True)" storage="d:\actions-runner\_work\xpco\xpco\allsolutions\..\sc\components\remoteviewer\smartclient\tst\zsmartclient_unittest\bin\x64\debug\net6.0-windows\zsmartclient_unittest.dll" id="0c425759-ee83-6c6c-bbbc-12b94eca1c61">
      <Execution id="04f5cfcb-f283-443a-84c5-e6f41b0737a9" />
      <TestMethod codeBase="D:\actions-runner\_work\XPCO\XPCO\AllSolutions\..\SC\Components\RemoteViewer\SmartClient\tst\zSmartClient_UnitTest\bin\x64\Debug\net6.0-windows\zSmartClient_UnitTest.dll" adapterTypeName="executor://mstestadapter/v2" className="SmartClient_UnitTest.VideoOS.RemoteClient.Application.Common.Telemetry.TelemetryBuilderTests" name="BuildMapOptions_ShouldHandleEnumOptionsCorrectly" />
    </UnitTest>
    <UnitTest name="State_ShouldBeMuted_WhenMicrophoneIsDisabled" storage="d:\actions-runner\_work\xpco\xpco\allsolutions\..\sc\components\remoteviewer\smartclient\tst\zsmartclient_unittest\bin\x64\debug\net6.0-windows\zsmartclient_unittest.dll" id="1991c578-2343-4df2-6af1-b0db3a798f44">
      <TestCategory>
        <TestCategoryItem TestCategory="GisMapData.MapItem.Microphones" />
      </TestCategory>
      <Execution id="69d2cc03-7f00-43f7-8603-2c2f22298728" />
      <TestMethod codeBase="D:\actions-runner\_work\XPCO\XPCO\AllSolutions\..\SC\Components\RemoteViewer\SmartClient\tst\zSmartClient_UnitTest\bin\x64\Debug\net6.0-windows\zSmartClient_UnitTest.dll" adapterTypeName="executor://mstestadapter/v2" className="SmartClient_UnitTest.VideoOS.RemoteClient.GisMapData.MapItem.Microphones.MicrophoneMapItemTests" name="State_ShouldBeMuted_WhenMicrophoneIsDisabled" />
    </UnitTest>
    <UnitTest name="NearestPossibleZoomLevel_ShouldReturnZoomLevel19_WhenScaleIsJustBelowZoomLevel19" storage="d:\actions-runner\_work\xpco\xpco\allsolutions\..\sc\components\remoteviewer\smartclient\tst\zsmartclient_unittest\bin\x64\debug\net6.0-windows\zsmartclient_unittest.dll" id="6c45a0dd-5772-753d-7493-6b1e41606871">
      <TestCategory>
        <TestCategoryItem TestCategory="MapExtentManager" />
      </TestCategory>
      <Execution id="358fd30f-6c5f-486d-8d84-ff2c8e5ce5cd" />
      <TestMethod codeBase="D:\actions-runner\_work\XPCO\XPCO\AllSolutions\..\SC\Components\RemoteViewer\SmartClient\tst\zSmartClient_UnitTest\bin\x64\Debug\net6.0-windows\zSmartClient_UnitTest.dll" adapterTypeName="executor://mstestadapter/v2" className="SmartClient_UnitTest.VideoOS.RemoteClient.Plugin.GisMap.ThinkGeoMap.Settings.ThinkGeoMapExtentManagerTests" name="NearestPossibleZoomLevel_ShouldReturnZoomLevel19_WhenScaleIsJustBelowZoomLevel19" />
    </UnitTest>
    <UnitTest name="Deserialize_FilterIdMissing_Error" storage="d:\actions-runner\_work\xpco\xpco\allsolutions\..\sc\components\remoteviewer\smartclient\tst\zsmartclient_unittest\bin\x64\debug\net6.0-windows\zsmartclient_unittest.dll" id="72a98ab7-40b5-c78d-22d4-3cffe98aa29f">
      <TestCategory>
        <TestCategoryItem TestCategory="SearchSerialization" />
      </TestCategory>
      <Execution id="0fdfb6d6-337e-4450-ba39-78915eb94c91" />
      <TestMethod codeBase="D:\actions-runner\_work\XPCO\XPCO\AllSolutions\..\SC\Components\RemoteViewer\SmartClient\tst\zSmartClient_UnitTest\bin\x64\Debug\net6.0-windows\zSmartClient_UnitTest.dll" adapterTypeName="executor://mstestadapter/v2" className="SmartClient_UnitTest.VideoOS.RemoteClient.Plugin.CentralizedSearch.Models.Serialization.SearchSerializerTests" name="Deserialize_FilterIdMissing_Error" />
    </UnitTest>
    <UnitTest name="IsDisabled_ShouldBeTrue_WhenIsDetachedControllerManager" storage="d:\actions-runner\_work\xpco\xpco\allsolutions\..\sc\components\remoteviewer\smartclient\tst\zsmartclient_unittest\bin\x64\debug\net6.0-windows\zsmartclient_unittest.dll" id="ebcc233a-fd3e-8478-fead-9ccf15ebc250">
      <TestCategory>
        <TestCategoryItem TestCategory="GisMapData.MapItem.Microphones" />
      </TestCategory>
      <Execution id="626abf8e-8329-4b15-8970-17a9f529e90f" />
      <TestMethod codeBase="D:\actions-runner\_work\XPCO\XPCO\AllSolutions\..\SC\Components\RemoteViewer\SmartClient\tst\zSmartClient_UnitTest\bin\x64\Debug\net6.0-windows\zSmartClient_UnitTest.dll" adapterTypeName="executor://mstestadapter/v2" className="SmartClient_UnitTest.VideoOS.RemoteClient.GisMapData.MapItem.Microphones.MicrophoneMapItemTests" name="IsDisabled_ShouldBeTrue_WhenIsDetachedControllerManager" />
    </UnitTest>
    <UnitTest name="TestLoadLevelsAsync_CommunicationFailure_Success" storage="d:\actions-runner\_work\xpco\xpco\allsolutions\..\sc\components\remoteviewer\smartclient\tst\zsmartclient_unittest\bin\x64\debug\net6.0-windows\zsmartclient_unittest.dll" id="cb7e0b0b-265a-1cd7-8d28-4bc375b72be8">
      <TestCategory>
        <TestCategoryItem TestCategory="GisMapBuilding" />
      </TestCategory>
      <Execution id="d78ea6cc-f53e-43a7-a22c-586ccc3c8a05" />
      <TestMethod codeBase="D:\actions-runner\_work\XPCO\XPCO\AllSolutions\..\SC\Components\RemoteViewer\SmartClient\tst\zSmartClient_UnitTest\bin\x64\Debug\net6.0-windows\zSmartClient_UnitTest.dll" adapterTypeName="executor://mstestadapter/v2" className="SmartClient_UnitTest.VideoOS.RemoteClient.GisMap.MapBuildingTests" name="TestLoadLevelsAsync_CommunicationFailure_Success" />
    </UnitTest>
    <UnitTest name="AddItems_ShouldAcceptItems_WhenItemsAreOfDifferentTypes" storage="d:\actions-runner\_work\xpco\xpco\allsolutions\..\sc\components\remoteviewer\smartclient\tst\zsmartclient_unittest\bin\x64\debug\net6.0-windows\zsmartclient_unittest.dll" id="bf38d087-b471-df6a-7d14-7824df80030c">
      <TestCategory>
        <TestCategoryItem TestCategory="GisMapIndex" />
      </TestCategory>
      <Execution id="1fd07029-43a4-4a8d-913a-62f5d0a45ce8" />
      <TestMethod codeBase="D:\actions-runner\_work\XPCO\XPCO\AllSolutions\..\SC\Components\RemoteViewer\SmartClient\tst\zSmartClient_UnitTest\bin\x64\Debug\net6.0-windows\zSmartClient_UnitTest.dll" adapterTypeName="executor://mstestadapter/v2" className="SmartClient_UnitTest.VideoOS.RemoteClient.GisMapData.Common.Indexer.BuildingsAwareIndexerTests" name="AddItems_ShouldAcceptItems_WhenItemsAreOfDifferentTypes" />
    </UnitTest>
    <UnitTest name="ToDenormalizedDirection_GreaterThan1_0_Failure" storage="d:\actions-runner\_work\xpco\xpco\allsolutions\..\sc\components\remoteviewer\smartclient\tst\zsmartclient_unittest\bin\x64\debug\net6.0-windows\zsmartclient_unittest.dll" id="f7f3f6a6-4ba1-e9bb-d8fc-f000e145af31">
      <TestCategory>
        <TestCategoryItem TestCategory="GisMap" />
      </TestCategory>
      <Execution id="9339fbb4-9a93-428e-88f7-54750c718a56" />
      <TestMethod codeBase="D:\actions-runner\_work\XPCO\XPCO\AllSolutions\..\SC\Components\RemoteViewer\SmartClient\tst\zSmartClient_UnitTest\bin\x64\Debug\net6.0-windows\zSmartClient_UnitTest.dll" adapterTypeName="executor://mstestadapter/v2" className="SmartClient_UnitTest.VideoOS.RemoteClient.GisMap.Utilities.GisUtilityTests" name="ToDenormalizedDirection_GreaterThan1_0_Failure" />
    </UnitTest>
    <UnitTest name="ActiveIncomingMicrophones_ShouldHave_OneMicrophoneWhenMicrophoneIsUnmuted" storage="d:\actions-runner\_work\xpco\xpco\allsolutions\..\sc\components\remoteviewer\smartclient\tst\zsmartclient_unittest\bin\x64\debug\net6.0-windows\zsmartclient_unittest.dll" id="7a648730-a880-ab42-6524-73337b3605fc">
      <TestCategory>
        <TestCategoryItem TestCategory="GisMapAudioController" />
      </TestCategory>
      <Execution id="b26fdadc-c3b1-41ed-ae08-8d9699b2dcba" />
      <TestMethod codeBase="D:\actions-runner\_work\XPCO\XPCO\AllSolutions\..\SC\Components\RemoteViewer\SmartClient\tst\zSmartClient_UnitTest\bin\x64\Debug\net6.0-windows\zSmartClient_UnitTest.dll" adapterTypeName="executor://mstestadapter/v2" className="SmartClient_UnitTest.VideoOS.RemoteClient.GisMapData.GisMapAudioControllerTests" name="ActiveIncomingMicrophones_ShouldHave_OneMicrophoneWhenMicrophoneIsUnmuted" />
    </UnitTest>
    <UnitTest name="SearchCriteriaOnChanged_ShouldUpdateSmartSearchFilterValue_WhenCameraScopeIsUpdated" storage="d:\actions-runner\_work\xpco\xpco\allsolutions\..\sc\components\remoteviewer\smartclient\tst\zsmartclient_unittest\bin\x64\debug\net6.0-windows\zsmartclient_unittest.dll" id="0f3901de-ced3-95a2-d7b7-1fb73bba7570">
      <TestCategory>
        <TestCategoryItem TestCategory="Search.Wrappers" />
      </TestCategory>
      <Execution id="a17780e4-c4b2-4d7b-bb45-83744887d1a1" />
      <TestMethod codeBase="D:\actions-runner\_work\XPCO\XPCO\AllSolutions\..\SC\Components\RemoteViewer\SmartClient\tst\zSmartClient_UnitTest\bin\x64\Debug\net6.0-windows\zSmartClient_UnitTest.dll" adapterTypeName="executor://mstestadapter/v2" className="SmartClient_UnitTest.VideoOS.RemoteClient.Plugin.CentralizedSearch.Models.Wrappers.SearchDefinitionWrapperTests" name="SearchCriteriaOnChanged_ShouldUpdateSmartSearchFilterValue_WhenCameraScopeIsUpdated" />
    </UnitTest>
    <UnitTest name="Map_DeleteLayer_InvalidArg_Failed" storage="d:\actions-runner\_work\xpco\xpco\allsolutions\..\sc\components\remoteviewer\smartclient\tst\zsmartclient_unittest\bin\x64\debug\net6.0-windows\zsmartclient_unittest.dll" id="ff4c1a2e-8962-452c-b4bc-b163c724e109">
      <TestCategory>
        <TestCategoryItem TestCategory="GisMapLayers" />
      </TestCategory>
      <Execution id="9f0f3e29-256c-485a-90d0-4fd8f85fff70" />
      <TestMethod codeBase="D:\actions-runner\_work\XPCO\XPCO\AllSolutions\..\SC\Components\RemoteViewer\SmartClient\tst\zSmartClient_UnitTest\bin\x64\Debug\net6.0-windows\zSmartClient_UnitTest.dll" adapterTypeName="executor://mstestadapter/v2" className="SmartClient_UnitTest.VideoOS.RemoteClient.GisMapData.GisMapLayerTests" name="Map_DeleteLayer_InvalidArg_Failed" />
    </UnitTest>
    <UnitTest name="Tokenizer_Test" storage="d:\actions-runner\_work\xpco\xpco\allsolutions\..\sc\components\remoteviewer\smartclient\tst\zsmartclient_unittest\bin\x64\debug\net6.0-windows\zsmartclient_unittest.dll" id="bb9524ad-acf8-1507-0ed6-9348671a86fe">
      <Execution id="ffce1a5b-7054-4e6f-9d5b-1e53bf115454" />
      <TestMethod codeBase="D:\actions-runner\_work\XPCO\XPCO\AllSolutions\..\SC\Components\RemoteViewer\SmartClient\tst\zSmartClient_UnitTest\bin\x64\Debug\net6.0-windows\zSmartClient_UnitTest.dll" adapterTypeName="executor://mstestadapter/v2" className="SmartClient_UnitTest.VideoOS.RemoteClient.Application.Components.Search.SearchTextTokenizerTest" name="Tokenizer_Test" />
    </UnitTest>
    <UnitTest name="LanguageOptionsData_NullsIgnored_Success" storage="d:\actions-runner\_work\xpco\xpco\allsolutions\..\sc\components\remoteviewer\smartclient\tst\zsmartclient_unittest\bin\x64\debug\net6.0-windows\zsmartclient_unittest.dll" id="ac8d1b70-d786-34c4-5f08-7e56322f2a79">
      <Execution id="aad0bdfc-8540-462f-a2bb-c11bbb83194a" />
      <TestMethod codeBase="D:\actions-runner\_work\XPCO\XPCO\AllSolutions\..\SC\Components\RemoteViewer\SmartClient\tst\zSmartClient_UnitTest\bin\x64\Debug\net6.0-windows\zSmartClient_UnitTest.dll" adapterTypeName="executor://mstestadapter/v2" className="SmartClient_UnitTest.VideoOS.RemoteClient.Application.UI.Settings.LanguageOptionComponentModelTests" name="LanguageOptionsData_NullsIgnored_Success" />
    </UnitTest>
    <UnitTest name="ShouldCameraListItemBeEnabledForCamera_ShouldReturnFalse_WhenSmartSearchIsNotAllowedForTheCamera" storage="d:\actions-runner\_work\xpco\xpco\allsolutions\..\sc\components\remoteviewer\smartclient\tst\zsmartclient_unittest\bin\x64\debug\net6.0-windows\zsmartclient_unittest.dll" id="1e845a4d-c6af-6717-84e9-62ec3d2affe9">
      <TestCategory>
        <TestCategoryItem TestCategory="Search.Filters.ViewModels" />
      </TestCategory>
      <Execution id="cf1876c5-b44e-4ad4-8465-b841bf119537" />
      <TestMethod codeBase="D:\actions-runner\_work\XPCO\XPCO\AllSolutions\..\SC\Components\RemoteViewer\SmartClient\tst\zSmartClient_UnitTest\bin\x64\Debug\net6.0-windows\zSmartClient_UnitTest.dll" adapterTypeName="executor://mstestadapter/v2" className="SmartClient_UnitTest.VideoOS.RemoteClient.Plugin.CentralizedSearch.MIPPlugin.Criteria.ViewModels.SmartSearchCameraListItemHelperTests" name="ShouldCameraListItemBeEnabledForCamera_ShouldReturnFalse_WhenSmartSearchIsNotAllowedForTheCamera" />
    </UnitTest>
    <UnitTest name="TryGetOsmServerTileAddress_ShouldSetUriWithOsmTileSuffix_WhenOsmServerAddressDoesNotIncludeOsmTileSuffix" storage="d:\actions-runner\_work\xpco\xpco\allsolutions\..\sc\components\remoteviewer\smartclient\tst\zsmartclient_unittest\bin\x64\debug\net6.0-windows\zsmartclient_unittest.dll" id="ad0fb3f5-59c6-f38e-8f48-61ec61251228">
      <TestCategory>
        <TestCategoryItem TestCategory="GisMapData.Controllers.Osm" />
      </TestCategory>
      <Execution id="197550ff-f18d-4514-8c68-3870df9c896d" />
      <TestMethod codeBase="D:\actions-runner\_work\XPCO\XPCO\AllSolutions\..\SC\Components\RemoteViewer\SmartClient\tst\zSmartClient_UnitTest\bin\x64\Debug\net6.0-windows\zSmartClient_UnitTest.dll" adapterTypeName="executor://mstestadapter/v2" className="SmartClient_UnitTest.VideoOS.RemoteClient.GisMapData.Controllers.Osm.GisMapOsmControllerTests" name="TryGetOsmServerTileAddress_ShouldSetUriWithOsmTileSuffix_WhenOsmServerAddressDoesNotIncludeOsmTileSuffix" />
    </UnitTest>
    <UnitTest name="Cameras_where_the_user_has_RetentionUpdate_rights_can_be_removed_from_the_evidence_lock" storage="d:\actions-runner\_work\xpco\xpco\allsolutions\..\sc\components\remoteviewer\smartclient\tst\zsmartclient_unittest\bin\x64\debug\net6.0-windows\zsmartclient_unittest.dll" id="97763cfc-7d38-77f7-1969-32e195ae413f">
      <Execution id="8335324d-c7d5-47fb-bc7a-a05e9b63a752" />
      <TestMethod codeBase="D:\actions-runner\_work\XPCO\XPCO\AllSolutions\..\SC\Components\RemoteViewer\SmartClient\tst\zSmartClient_UnitTest\bin\x64\Debug\net6.0-windows\zSmartClient_UnitTest.dll" adapterTypeName="executor://mstestadapter/v2" className="SmartClient_UnitTest.VideoOS.RemoteClient.Application.Components.EvidenceLock.EvidenceLockEditModeUserRightTests" name="Cameras_where_the_user_has_RetentionUpdate_rights_can_be_removed_from_the_evidence_lock" />
    </UnitTest>
    <UnitTest name="Ctor_ValidParameters_ParametersSetCorrectly" storage="d:\actions-runner\_work\xpco\xpco\allsolutions\..\sc\components\remoteviewer\smartclient\tst\zsmartclient_unittest\bin\x64\debug\net6.0-windows\zsmartclient_unittest.dll" id="cecff56d-f2c2-5f4f-f26a-46e190ce7353">
      <Execution id="46359bae-c3c9-4793-881d-d53fb578a5d7" />
      <TestMethod codeBase="D:\actions-runner\_work\XPCO\XPCO\AllSolutions\..\SC\Components\RemoteViewer\SmartClient\tst\zSmartClient_UnitTest\bin\x64\Debug\net6.0-windows\zSmartClient_UnitTest.dll" adapterTypeName="executor://mstestadapter/v2" className="SmartClient_UnitTest.VideoOS.RemoteClient.Application.UI.Common.MessageBoxWithList.MessageBoxWithListViewModelTests" name="Ctor_ValidParameters_ParametersSetCorrectly" />
    </UnitTest>
    <UnitTest name="GetCameraGroups_ShouldReturnCameraGroupsType" storage="d:\actions-runner\_work\xpco\xpco\allsolutions\..\sc\components\remoteviewer\smartclient\tst\zsmartclient_unittest\bin\x64\debug\net6.0-windows\zsmartclient_unittest.dll" id="fbf1e532-d446-55e3-818a-b4fc676cabf8">
      <Execution id="6ae684ec-3779-4d0e-8cd3-393bbee5a312" />
      <TestMethod codeBase="D:\actions-runner\_work\XPCO\XPCO\AllSolutions\..\SC\Components\RemoteViewer\SmartClient\tst\zSmartClient_UnitTest\bin\x64\Debug\net6.0-windows\zSmartClient_UnitTest.dll" adapterTypeName="executor://mstestadapter/v2" className="SmartClient_UnitTest.VideoOS.RemoteClient.Application.Data.ContentTypes.ReportingContentType.DashboardExtentionsTest" name="GetCameraGroups_ShouldReturnCameraGroupsType" />
    </UnitTest>
    <UnitTest name="TestInitializeWorkrooms_OnlySearchWorkroom_Success" storage="d:\actions-runner\_work\xpco\xpco\allsolutions\..\sc\components\remoteviewer\smartclient\tst\zsmartclient_unittest\bin\x64\debug\net6.0-windows\zsmartclient_unittest.dll" id="a463440b-2916-b6c4-8a71-e3deeca8173f">
      <TestCategory>
        <TestCategoryItem TestCategory="WorkroomController" />
      </TestCategory>
      <Execution id="642266a4-16c1-44a2-b8fc-68ae49d1d71d" />
      <TestMethod codeBase="D:\actions-runner\_work\XPCO\XPCO\AllSolutions\..\SC\Components\RemoteViewer\SmartClient\tst\zSmartClient_UnitTest\bin\x64\Debug\net6.0-windows\zSmartClient_UnitTest.dll" adapterTypeName="executor://mstestadapter/v2" className="VideoOS.RemoteClient.Application.Controllers.WorkroomController.UnitTest.TabWorkroomControllerTest" name="TestInitializeWorkrooms_OnlySearchWorkroom_Success" />
    </UnitTest>
    <UnitTest name="StartSearch_Success" storage="d:\actions-runner\_work\xpco\xpco\allsolutions\..\sc\components\remoteviewer\smartclient\tst\zsmartclient_unittest\bin\x64\debug\net6.0-windows\zsmartclient_unittest.dll" id="2106a4d7-5b05-e5c0-8033-860c82b0ad6a">
      <TestCategory>
        <TestCategoryItem TestCategory="SearchViewModels" />
      </TestCategory>
      <Execution id="9fc79732-63c3-46a6-a93d-ea1af8d38555" />
      <TestMethod codeBase="D:\actions-runner\_work\XPCO\XPCO\AllSolutions\..\SC\Components\RemoteViewer\SmartClient\tst\zSmartClient_UnitTest\bin\x64\Debug\net6.0-windows\zSmartClient_UnitTest.dll" adapterTypeName="executor://mstestadapter/v2" className="SmartClient_UnitTest.VideoOS.RemoteClient.Plugin.CentralizedSearch.ViewModels.SearchViewModelTests" name="StartSearch_Success" />
    </UnitTest>
    <UnitTest name="Retrieve_ExceptionHandled" storage="d:\actions-runner\_work\xpco\xpco\allsolutions\..\sc\components\remoteviewer\smartclient\tst\zsmartclient_unittest\bin\x64\debug\net6.0-windows\zsmartclient_unittest.dll" id="23c856d5-b6c3-19f8-8013-074be7c600aa">
      <TestCategory>
        <TestCategoryItem TestCategory="MipItemsRetriever" />
      </TestCategory>
      <Execution id="c1c12d85-c89b-4467-bbb5-ba61db742a0a" />
      <TestMethod codeBase="D:\actions-runner\_work\XPCO\XPCO\AllSolutions\..\SC\Components\RemoteViewer\SmartClient\tst\zSmartClient_UnitTest\bin\x64\Debug\net6.0-windows\zSmartClient_UnitTest.dll" adapterTypeName="executor://mstestadapter/v2" className="SmartClient_UnitTest.VideoOS.RemoteClient.Plugin.GisMap.MIP.MipItemActionsCommunicatorTests" name="Retrieve_ExceptionHandled" />
    </UnitTest>
    <UnitTest name="CreateDefinition_ValidCategory_SearchStarted" storage="d:\actions-runner\_work\xpco\xpco\allsolutions\..\sc\components\remoteviewer\smartclient\tst\zsmartclient_unittest\bin\x64\debug\net6.0-windows\zsmartclient_unittest.dll" id="c5afb81b-9473-e705-4713-ff021498a318">
      <TestCategory>
        <TestCategoryItem TestCategory="SearchModels" />
      </TestCategory>
      <Execution id="5ac36bb5-5731-41fa-ab4d-044434751558" />
      <TestMethod codeBase="D:\actions-runner\_work\XPCO\XPCO\AllSolutions\..\SC\Components\RemoteViewer\SmartClient\tst\zSmartClient_UnitTest\bin\x64\Debug\net6.0-windows\zSmartClient_UnitTest.dll" adapterTypeName="executor://mstestadapter/v2" className="SmartClient_UnitTest.VideoOS.RemoteClient.Plugin.CentralizedSearch.Models.SearchModelTests" name="CreateDefinition_ValidCategory_SearchStarted" />
    </UnitTest>
    <UnitTest name="VideoResultSearchResult_PropertiesWhenCombinedResultBothSameAndDifferentCategoryNames_CollectedAndDisplayed" storage="d:\actions-runner\_work\xpco\xpco\allsolutions\..\sc\components\remoteviewer\smartclient\tst\zsmartclient_unittest\bin\x64\debug\net6.0-windows\zsmartclient_unittest.dll" id="dbc60698-0cd7-03e9-b63e-13b29d5c84fe">
      <TestCategory>
        <TestCategoryItem TestCategory="SearchControls" />
      </TestCategory>
      <Execution id="d2f987b8-654c-4e40-9258-ac2dae93b31e" />
      <TestMethod codeBase="D:\actions-runner\_work\XPCO\XPCO\AllSolutions\..\SC\Components\RemoteViewer\SmartClient\tst\zSmartClient_UnitTest\bin\x64\Debug\net6.0-windows\zSmartClient_UnitTest.dll" adapterTypeName="executor://mstestadapter/v2" className="SmartClient_UnitTest.VideoOS.RemoteClient.Plugin.CentralizedSearch.Views.Controls.SearchResultDetailsControlTests" name="VideoResultSearchResult_PropertiesWhenCombinedResultBothSameAndDifferentCategoryNames_CollectedAndDisplayed" />
    </UnitTest>
    <UnitTest name="GetDuration_OneDayAndTwoHours_Success" storage="d:\actions-runner\_work\xpco\xpco\allsolutions\..\sc\components\remoteviewer\smartclient\tst\zsmartclient_unittest\bin\x64\debug\net6.0-windows\zsmartclient_unittest.dll" id="e5b3b709-ebd8-5410-dfc8-207021a3b5a1">
      <TestCategory>
        <TestCategoryItem TestCategory="Search" />
      </TestCategory>
      <Execution id="2af56a69-201f-458a-b69d-0a05203fd885" />
      <TestMethod codeBase="D:\actions-runner\_work\XPCO\XPCO\AllSolutions\..\SC\Components\RemoteViewer\SmartClient\tst\zSmartClient_UnitTest\bin\x64\Debug\net6.0-windows\zSmartClient_UnitTest.dll" adapterTypeName="executor://mstestadapter/v2" className="SmartClient_UnitTest.VideoOS.RemoteClient.Plugin.CentralizedSearch.ViewModels.Data.TimeScopeTests" name="GetDuration_OneDayAndTwoHours_Success" />
    </UnitTest>
    <UnitTest name="Command_WithZeroResults_PluginInstanceActivatedCalled" storage="d:\actions-runner\_work\xpco\xpco\allsolutions\..\sc\components\remoteviewer\smartclient\tst\zsmartclient_unittest\bin\x64\debug\net6.0-windows\zsmartclient_unittest.dll" id="c675d4e8-953d-dd95-1e7d-aaf53b345df4">
      <TestCategory>
        <TestCategoryItem TestCategory="SearchResultsAction" />
      </TestCategory>
      <Execution id="82251749-953b-4c9e-90ae-4105419941d6" />
      <TestMethod codeBase="D:\actions-runner\_work\XPCO\XPCO\AllSolutions\..\SC\Components\RemoteViewer\SmartClient\tst\zSmartClient_UnitTest\bin\x64\Debug\net6.0-windows\zSmartClient_UnitTest.dll" adapterTypeName="executor://mstestadapter/v2" className="SmartClient_UnitTest.VideoOS.RemoteClient.Plugin.CentralizedSearch.ViewModels.SearchResultsActionViewModelTests" name="Command_WithZeroResults_PluginInstanceActivatedCalled" />
    </UnitTest>
    <UnitTest name="GetIndexExtent_MilestoneCampusZoomMax_MilestoneBuildingIsConvered" storage="d:\actions-runner\_work\xpco\xpco\allsolutions\..\sc\components\remoteviewer\smartclient\tst\zsmartclient_unittest\bin\x64\debug\net6.0-windows\zsmartclient_unittest.dll" id="7e7d56df-e811-fb96-c231-b34d18240573">
      <TestCategory>
        <TestCategoryItem TestCategory="GisMapIndex" />
      </TestCategory>
      <Execution id="f3a7cff0-d1dc-434e-9d16-948d740afc64" />
      <TestMethod codeBase="D:\actions-runner\_work\XPCO\XPCO\AllSolutions\..\SC\Components\RemoteViewer\SmartClient\tst\zSmartClient_UnitTest\bin\x64\Debug\net6.0-windows\zSmartClient_UnitTest.dll" adapterTypeName="executor://mstestadapter/v2" className="SmartClient_UnitTest.VideoOS.RemoteClient.GisMapData.Common.Indexer.IndexUtilTests" name="GetIndexExtent_MilestoneCampusZoomMax_MilestoneBuildingIsConvered" />
    </UnitTest>
    <UnitTest name="SearchResultsActionBarActions_SendToFloatingWindowVerifyTimeSelectionInterval_InvokeCommand_WarningDialogDisplayed" storage="d:\actions-runner\_work\xpco\xpco\allsolutions\..\sc\components\remoteviewer\smartclient\tst\zsmartclient_unittest\bin\x64\debug\net6.0-windows\zsmartclient_unittest.dll" id="905c94e4-bdc8-1fe6-5444-613a4eb6d1c7">
      <TestCategory>
        <TestCategoryItem TestCategory="SearchResultActionBarViewModel" />
      </TestCategory>
      <Execution id="502aa07c-e3f4-4e99-b762-0ed9b4363663" />
      <TestMethod codeBase="D:\actions-runner\_work\XPCO\XPCO\AllSolutions\..\SC\Components\RemoteViewer\SmartClient\tst\zSmartClient_UnitTest\bin\x64\Debug\net6.0-windows\zSmartClient_UnitTest.dll" adapterTypeName="executor://mstestadapter/v2" className="SmartClient_UnitTest.VideoOS.RemoteClient.Plugin.CentralizedSearch.ViewModels.SearchResultsActionBarViewModelTest" name="SearchResultsActionBarActions_SendToFloatingWindowVerifyTimeSelectionInterval_InvokeCommand_WarningDialogDisplayed" />
    </UnitTest>
    <UnitTest name="Cameras_where_the_user_has_RetentionCreate_rights_can_be_added_to_the_evidence_lock" storage="d:\actions-runner\_work\xpco\xpco\allsolutions\..\sc\components\remoteviewer\smartclient\tst\zsmartclient_unittest\bin\x64\debug\net6.0-windows\zsmartclient_unittest.dll" id="13753856-9a1f-9357-f48e-ccc42a00eb0c">
      <Execution id="b09f1c7d-0659-4db7-810c-6ec9c1ba06bf" />
      <TestMethod codeBase="D:\actions-runner\_work\XPCO\XPCO\AllSolutions\..\SC\Components\RemoteViewer\SmartClient\tst\zSmartClient_UnitTest\bin\x64\Debug\net6.0-windows\zSmartClient_UnitTest.dll" adapterTypeName="executor://mstestadapter/v2" className="SmartClient_UnitTest.VideoOS.RemoteClient.Application.Components.EvidenceLock.EvidenceLockEditModeUserRightTests" name="Cameras_where_the_user_has_RetentionCreate_rights_can_be_added_to_the_evidence_lock" />
    </UnitTest>
    <UnitTest name="ActiveInteractionStateBinding_ShouldOnlyContainNormal_WhenCtorIsCalled" storage="d:\actions-runner\_work\xpco\xpco\allsolutions\..\sc\components\remoteviewer\smartclient\tst\zsmartclient_unittest\bin\x64\debug\net6.0-windows\zsmartclient_unittest.dll" id="56af3ae0-30c5-e2c9-265d-9763c2af0b14">
      <TestCategory>
        <TestCategoryItem TestCategory="GisMap.LinkMarker" />
      </TestCategory>
      <Execution id="f38e8eee-b70e-47b8-b27a-d27f23bc10b1" />
      <TestMethod codeBase="D:\actions-runner\_work\XPCO\XPCO\AllSolutions\..\SC\Components\RemoteViewer\SmartClient\tst\zSmartClient_UnitTest\bin\x64\Debug\net6.0-windows\zSmartClient_UnitTest.dll" adapterTypeName="executor://mstestadapter/v2" className="SmartClient_UnitTest.VideoOS.RemoteClient.Plugin.GisMap.ThinkGeoMap.Markers.LinkMarker.LinkMarkerTests" name="ActiveInteractionStateBinding_ShouldOnlyContainNormal_WhenCtorIsCalled" />
    </UnitTest>
    <UnitTest name="LoginPlugins_ShouldContainOneAccessControlLoginPluginElement_WhenIsInitialized" storage="d:\actions-runner\_work\xpco\xpco\allsolutions\..\sc\components\remoteviewer\smartclient\tst\zsmartclient_unittest\bin\x64\debug\net6.0-windows\zsmartclient_unittest.dll" id="3ed7a399-d9a7-d9be-39f4-d877ad4e286e">
      <TestCategory>
        <TestCategoryItem TestCategory="AccessControl.MipPlugins.WorkSpace" />
      </TestCategory>
      <Execution id="24daf19d-107a-4347-805b-4ea4a2f26bd3" />
      <TestMethod codeBase="D:\actions-runner\_work\XPCO\XPCO\AllSolutions\..\SC\Components\RemoteViewer\SmartClient\tst\zSmartClient_UnitTest\bin\x64\Debug\net6.0-windows\zSmartClient_UnitTest.dll" adapterTypeName="executor://mstestadapter/v2" className="SmartClient_UnitTest.VideoOS.RemoteClient.AccessControl.MipPlugins.WorkSpace.AccessControlPluginDefinitionTests" name="LoginPlugins_ShouldContainOneAccessControlLoginPluginElement_WhenIsInitialized" />
    </UnitTest>
    <UnitTest name="PointMapItem_Load_CameraDevice_Success" storage="d:\actions-runner\_work\xpco\xpco\allsolutions\..\sc\components\remoteviewer\smartclient\tst\zsmartclient_unittest\bin\x64\debug\net6.0-windows\zsmartclient_unittest.dll" id="184dde77-5a92-558e-ebbc-812bb20e2c0f">
      <TestCategory>
        <TestCategoryItem TestCategory="GisMapMapItem" />
      </TestCategory>
      <Execution id="745ab8b4-95b1-42af-8bfa-e363214fee20" />
      <TestMethod codeBase="D:\actions-runner\_work\XPCO\XPCO\AllSolutions\..\SC\Components\RemoteViewer\SmartClient\tst\zSmartClient_UnitTest\bin\x64\Debug\net6.0-windows\zSmartClient_UnitTest.dll" adapterTypeName="executor://mstestadapter/v2" className="SmartClient_UnitTest.VideoOS.RemoteClient.GisMap.MapItem.MapItemTests" name="PointMapItem_Load_CameraDevice_Success" />
    </UnitTest>
    <UnitTest name="ChangeSorting_WithNoFocusItem_Success" storage="d:\actions-runner\_work\xpco\xpco\allsolutions\..\sc\components\remoteviewer\smartclient\tst\zsmartclient_unittest\bin\x64\debug\net6.0-windows\zsmartclient_unittest.dll" id="6785fdff-345e-55ce-2159-cac1962fde04">
      <TestCategory>
        <TestCategoryItem TestCategory="SearchViewModels" />
      </TestCategory>
      <Execution id="8f164729-bba0-4c7c-8439-a2b38a1c5c1d" />
      <TestMethod codeBase="D:\actions-runner\_work\XPCO\XPCO\AllSolutions\..\SC\Components\RemoteViewer\SmartClient\tst\zSmartClient_UnitTest\bin\x64\Debug\net6.0-windows\zSmartClient_UnitTest.dll" adapterTypeName="executor://mstestadapter/v2" className="SmartClient_UnitTest.VideoOS.RemoteClient.Plugin.CentralizedSearch.ViewModels.SearchViewModelTests" name="ChangeSorting_WithNoFocusItem_Success" />
    </UnitTest>
    <UnitTest name="DeleteBookmarksAsync_NoPermissionDeleteBookmark_ErrorRaised" storage="d:\actions-runner\_work\xpco\xpco\allsolutions\..\sc\components\remoteviewer\smartclient\tst\zsmartclient_unittest\bin\x64\debug\net6.0-windows\zsmartclient_unittest.dll" id="54d37202-700f-6df9-4a02-04121275df7c">
      <TestCategory>
        <TestCategoryItem TestCategory="Search.Bookmarks" />
      </TestCategory>
      <Execution id="4201af67-c2fd-46ad-97ee-7a9d528d1808" />
      <TestMethod codeBase="D:\actions-runner\_work\XPCO\XPCO\AllSolutions\..\SC\Components\RemoteViewer\SmartClient\tst\zSmartClient_UnitTest\bin\x64\Debug\net6.0-windows\zSmartClient_UnitTest.dll" adapterTypeName="executor://mstestadapter/v2" className="SmartClient_UnitTest.VideoOS.RemoteClient.Plugin.CentralizedSearch.ViewModels.DeleteBookmarkHandlerTests" name="DeleteBookmarksAsync_NoPermissionDeleteBookmark_ErrorRaised" />
    </UnitTest>
    <UnitTest name="PopulateTooltip_FewResultsFromSingleCamera12Hours_ValidText" storage="d:\actions-runner\_work\xpco\xpco\allsolutions\..\sc\components\remoteviewer\smartclient\tst\zsmartclient_unittest\bin\x64\debug\net6.0-windows\zsmartclient_unittest.dll" id="21be0112-22bc-28e4-3be0-7f0713407426">
      <TestCategory>
        <TestCategoryItem TestCategory="SearchControls" />
      </TestCategory>
      <Execution id="5c6291be-9c69-4273-9c76-6057651e1539" />
      <TestMethod codeBase="D:\actions-runner\_work\XPCO\XPCO\AllSolutions\..\SC\Components\RemoteViewer\SmartClient\tst\zSmartClient_UnitTest\bin\x64\Debug\net6.0-windows\zSmartClient_UnitTest.dll" adapterTypeName="executor://mstestadapter/v2" className="SmartClient_UnitTest.VideoOS.RemoteClient.Plugin.CentralizedSearch.Views.Controls.TimelineRuler.TimelineRulerControlTests" name="PopulateTooltip_FewResultsFromSingleCamera12Hours_ValidText" />
    </UnitTest>
    <UnitTest name="FilterValueHasRegionSelectionForCamera_ShouldReturnTrue_WhenFilterValueDoesHaveRegionSelectionForCamera" storage="d:\actions-runner\_work\xpco\xpco\allsolutions\..\sc\components\remoteviewer\smartclient\tst\zsmartclient_unittest\bin\x64\debug\net6.0-windows\zsmartclient_unittest.dll" id="d267b36b-f7e7-25e9-6fde-c14a7c8d614c">
      <TestCategory>
        <TestCategoryItem TestCategory="Search.Filters.ViewModels" />
      </TestCategory>
      <Execution id="62f3c6f5-a7d9-4218-9c80-6465563935c5" />
      <TestMethod codeBase="D:\actions-runner\_work\XPCO\XPCO\AllSolutions\..\SC\Components\RemoteViewer\SmartClient\tst\zSmartClient_UnitTest\bin\x64\Debug\net6.0-windows\zSmartClient_UnitTest.dll" adapterTypeName="executor://mstestadapter/v2" className="SmartClient_UnitTest.VideoOS.RemoteClient.Plugin.CentralizedSearch.MIPPlugin.Criteria.ViewModels.RegionSelectionCameraListItemHelperTests" name="FilterValueHasRegionSelectionForCamera_ShouldReturnTrue_WhenFilterValueDoesHaveRegionSelectionForCamera" />
    </UnitTest>
    <UnitTest name="PatrollingStepListViewModel_MoveStepDownCommand" storage="d:\actions-runner\_work\xpco\xpco\allsolutions\..\sc\components\remoteviewer\smartclient\tst\zsmartclient_unittest\bin\x64\debug\net6.0-windows\zsmartclient_unittest.dll" id="03169915-5e36-4862-8f40-5f0139419946">
      <Execution id="b6ad4e68-3358-4547-9b34-fb65e6b2e15e" />
      <TestMethod codeBase="D:\actions-runner\_work\XPCO\XPCO\AllSolutions\..\SC\Components\RemoteViewer\SmartClient\tst\zSmartClient_UnitTest\bin\x64\Debug\net6.0-windows\zSmartClient_UnitTest.dll" adapterTypeName="executor://mstestadapter/v2" className="SmartClient_UnitTest.VideoOS.RemoteClient.Application.UI.PtzPreset.PatrollingViewModel.PatrollingStepListViewModelTest" name="PatrollingStepListViewModel_MoveStepDownCommand" />
    </UnitTest>
    <UnitTest name="BuildContentOptions_ShouldReturnCorrectTimeSpan" storage="d:\actions-runner\_work\xpco\xpco\allsolutions\..\sc\components\remoteviewer\smartclient\tst\zsmartclient_unittest\bin\x64\debug\net6.0-windows\zsmartclient_unittest.dll" id="232f8949-7296-2b4c-d535-61493d92276d">
      <Execution id="eee984a9-0f5f-4c34-b5f0-e7356d49d90d" />
      <TestMethod codeBase="D:\actions-runner\_work\XPCO\XPCO\AllSolutions\..\SC\Components\RemoteViewer\SmartClient\tst\zSmartClient_UnitTest\bin\x64\Debug\net6.0-windows\zSmartClient_UnitTest.dll" adapterTypeName="executor://mstestadapter/v2" className="SmartClient_UnitTest.VideoOS.RemoteClient.Application.Common.Telemetry.TelemetryBuilderTests" name="BuildContentOptions_ShouldReturnCorrectTimeSpan" />
    </UnitTest>
    <UnitTest name="EditButtonClicked_EditViewCollapsed_StartEdit" storage="d:\actions-runner\_work\xpco\xpco\allsolutions\..\sc\components\remoteviewer\smartclient\tst\zsmartclient_unittest\bin\x64\debug\net6.0-windows\zsmartclient_unittest.dll" id="549593cd-e3e2-290a-18b6-e153b1543b39">
      <TestCategory>
        <TestCategoryItem TestCategory="SearchControls" />
      </TestCategory>
      <Execution id="d7036199-1062-4f89-bc7a-6e691bae17c3" />
      <TestMethod codeBase="D:\actions-runner\_work\XPCO\XPCO\AllSolutions\..\SC\Components\RemoteViewer\SmartClient\tst\zSmartClient_UnitTest\bin\x64\Debug\net6.0-windows\zSmartClient_UnitTest.dll" adapterTypeName="executor://mstestadapter/v2" className="SmartClient_UnitTest.VideoOS.RemoteClient.Plugin.CentralizedSearch.Views.Controls.DropDownAttributeEditor.DropDownAttributeEditorTests" name="EditButtonClicked_EditViewCollapsed_StartEdit" />
    </UnitTest>
    <UnitTest name="AddToExportDevices_ShouldReturnCorrectResult (0,0,5)" storage="d:\actions-runner\_work\xpco\xpco\allsolutions\..\sc\components\remoteviewer\smartclient\tst\zsmartclient_unittest\bin\x64\debug\net6.0-windows\zsmartclient_unittest.dll" id="dc737986-5f31-39b1-5b21-1df0ec0bc6e2">
      <TestCategory>
        <TestCategoryItem TestCategory="Managers" />
      </TestCategory>
      <Execution id="9c448f45-6811-4228-8a3e-7f7272c3966e" />
      <TestMethod codeBase="D:\actions-runner\_work\XPCO\XPCO\AllSolutions\..\SC\Components\RemoteViewer\SmartClient\tst\zSmartClient_UnitTest\bin\x64\Debug\net6.0-windows\zSmartClient_UnitTest.dll" adapterTypeName="executor://mstestadapter/v2" className="SmartClient_UnitTest.VideoOS.RemoteClient.Application.Managers.ExportManagerTests" name="AddToExportDevices_ShouldReturnCorrectResult" />
    </UnitTest>
    <UnitTest name="ValidateExportFormats_SmartClientPlayerFormat_ShouldReturnFailResult_ProjectCommentRequired" storage="d:\actions-runner\_work\xpco\xpco\allsolutions\..\sc\components\remoteviewer\smartclient\tst\zsmartclient_unittest\bin\x64\debug\net6.0-windows\zsmartclient_unittest.dll" id="489bb6c1-57c4-1ecc-b27a-2b7660cd9960">
      <TestCategory>
        <TestCategoryItem TestCategory="Export" />
      </TestCategory>
      <Execution id="e6f3ce85-64ae-4366-91b9-56bd7837f1ff" />
      <TestMethod codeBase="D:\actions-runner\_work\XPCO\XPCO\AllSolutions\..\SC\Components\RemoteViewer\SmartClient\tst\zSmartClient_UnitTest\bin\x64\Debug\net6.0-windows\zSmartClient_UnitTest.dll" adapterTypeName="executor://mstestadapter/v2" className="SmartClient_UnitTest.VideoOS.RemoteClient.Plugin.Export.ExportDataValidatorTests" name="ValidateExportFormats_SmartClientPlayerFormat_ShouldReturnFailResult_ProjectCommentRequired" />
    </UnitTest>
    <UnitTest name="LanguageOptionsData_IsSorted_Success" storage="d:\actions-runner\_work\xpco\xpco\allsolutions\..\sc\components\remoteviewer\smartclient\tst\zsmartclient_unittest\bin\x64\debug\net6.0-windows\zsmartclient_unittest.dll" id="518a8b99-6420-184f-272c-7fecbc8732ca">
      <Execution id="0163e3a1-bc22-432f-9534-f55955aa6711" />
      <TestMethod codeBase="D:\actions-runner\_work\XPCO\XPCO\AllSolutions\..\SC\Components\RemoteViewer\SmartClient\tst\zSmartClient_UnitTest\bin\x64\Debug\net6.0-windows\zSmartClient_UnitTest.dll" adapterTypeName="executor://mstestadapter/v2" className="SmartClient_UnitTest.VideoOS.RemoteClient.Application.UI.Settings.LanguageOptionComponentModelTests" name="LanguageOptionsData_IsSorted_Success" />
    </UnitTest>
    <UnitTest name="GetOsmServerAddress_ShouldReturnGeographicLayerValue_WhenGeographicLayerIsAvailableAndAlternativeServerIsEmpty" storage="d:\actions-runner\_work\xpco\xpco\allsolutions\..\sc\components\remoteviewer\smartclient\tst\zsmartclient_unittest\bin\x64\debug\net6.0-windows\zsmartclient_unittest.dll" id="491df381-b5ce-67d7-d550-c29421a6f155">
      <TestCategory>
        <TestCategoryItem TestCategory="GisMapData.Controllers.Osm" />
      </TestCategory>
      <Execution id="ccfeaca8-53e1-40de-9df8-5b8c96d3ffeb" />
      <TestMethod codeBase="D:\actions-runner\_work\XPCO\XPCO\AllSolutions\..\SC\Components\RemoteViewer\SmartClient\tst\zSmartClient_UnitTest\bin\x64\Debug\net6.0-windows\zSmartClient_UnitTest.dll" adapterTypeName="executor://mstestadapter/v2" className="SmartClient_UnitTest.VideoOS.RemoteClient.GisMapData.Controllers.Osm.GisMapOsmControllerTests" name="GetOsmServerAddress_ShouldReturnGeographicLayerValue_WhenGeographicLayerIsAvailableAndAlternativeServerIsEmpty" />
    </UnitTest>
    <UnitTest name="Convert_InvalidArgumentCount_LessThanExpected_Collapsed" storage="d:\actions-runner\_work\xpco\xpco\allsolutions\..\sc\components\remoteviewer\smartclient\tst\zsmartclient_unittest\bin\x64\debug\net6.0-windows\zsmartclient_unittest.dll" id="73c84d82-bb7d-01f8-8894-e9f1d48f8356">
      <TestCategory>
        <TestCategoryItem TestCategory="SearchConverter" />
      </TestCategory>
      <Execution id="4ef3ea25-17e4-485f-a70f-e1949743e73b" />
      <TestMethod codeBase="D:\actions-runner\_work\XPCO\XPCO\AllSolutions\..\SC\Components\RemoteViewer\SmartClient\tst\zSmartClient_UnitTest\bin\x64\Debug\net6.0-windows\zSmartClient_UnitTest.dll" adapterTypeName="executor://mstestadapter/v2" className="SmartClient_UnitTest.VideoOS.RemoteClient.Plugin.CentralizedSearch.Views.Converters.NoCriteriaSelectedGridVisibilityConverterTests" name="Convert_InvalidArgumentCount_LessThanExpected_Collapsed" />
    </UnitTest>
    <UnitTest name="SignUrl_WhereUrlIsInvalid_ThrowException" storage="d:\actions-runner\_work\xpco\xpco\allsolutions\..\sc\components\remoteviewer\smartclient\tst\zsmartclient_unittest\bin\x64\debug\net6.0-windows\zsmartclient_unittest.dll" id="e5d551bc-1dd2-666f-0864-398b71d25710">
      <Execution id="4054ed3d-5e7e-42f3-b08f-bd56ca3045c6" />
      <TestMethod codeBase="D:\actions-runner\_work\XPCO\XPCO\AllSolutions\..\SC\Components\RemoteViewer\SmartClient\tst\zSmartClient_UnitTest\bin\x64\Debug\net6.0-windows\zSmartClient_UnitTest.dll" adapterTypeName="executor://mstestadapter/v2" className="SmartClient_UnitTest.VideoOS.RemoteClient.Plugin.GisMap.Utilities.GoogleApiUrlTest" name="SignUrl_WhereUrlIsInvalid_ThrowException" />
    </UnitTest>
    <UnitTest name="DeleteBookmarksAsync_DeleteBookmark_ServerError_ErrorRaised" storage="d:\actions-runner\_work\xpco\xpco\allsolutions\..\sc\components\remoteviewer\smartclient\tst\zsmartclient_unittest\bin\x64\debug\net6.0-windows\zsmartclient_unittest.dll" id="b5ee2c9c-1f7c-6f06-e4ae-c68c87fb3f67">
      <TestCategory>
        <TestCategoryItem TestCategory="Search.Bookmarks" />
      </TestCategory>
      <Execution id="60296b80-efba-4195-89fb-96169479c8ed" />
      <TestMethod codeBase="D:\actions-runner\_work\XPCO\XPCO\AllSolutions\..\SC\Components\RemoteViewer\SmartClient\tst\zSmartClient_UnitTest\bin\x64\Debug\net6.0-windows\zSmartClient_UnitTest.dll" adapterTypeName="executor://mstestadapter/v2" className="SmartClient_UnitTest.VideoOS.RemoteClient.Plugin.CentralizedSearch.ViewModels.DeleteBookmarkHandlerTests" name="DeleteBookmarksAsync_DeleteBookmark_ServerError_ErrorRaised" />
    </UnitTest>
    <UnitTest name="CameraMapItem_AddWithViewZone_EvsServer_Success" storage="d:\actions-runner\_work\xpco\xpco\allsolutions\..\sc\components\remoteviewer\smartclient\tst\zsmartclient_unittest\bin\x64\debug\net6.0-windows\zsmartclient_unittest.dll" id="b8dcd7c2-d643-4004-06b6-71dd24bea1c1">
      <TestCategory>
        <TestCategoryItem TestCategory="GisMapMapItem" />
      </TestCategory>
      <Execution id="781fc0bc-4969-4ab5-a31b-aadcded66efa" />
      <TestMethod codeBase="D:\actions-runner\_work\XPCO\XPCO\AllSolutions\..\SC\Components\RemoteViewer\SmartClient\tst\zSmartClient_UnitTest\bin\x64\Debug\net6.0-windows\zSmartClient_UnitTest.dll" adapterTypeName="executor://mstestadapter/v2" className="SmartClient_UnitTest.VideoOS.RemoteClient.GisMap.MapItem.MapItemTests" name="CameraMapItem_AddWithViewZone_EvsServer_Success" />
    </UnitTest>
    <UnitTest name="ScWorkspaceStateChangedEvent_ShouldKeepIsSelected_WhenSwitchingToSetupMode" storage="d:\actions-runner\_work\xpco\xpco\allsolutions\..\sc\components\remoteviewer\smartclient\tst\zsmartclient_unittest\bin\x64\debug\net6.0-windows\zsmartclient_unittest.dll" id="e26b2205-c180-7f1b-f046-b9155ed9b951">
      <TestCategory>
        <TestCategoryItem TestCategory="GisMapData.MapLayers" />
      </TestCategory>
      <Execution id="9936c48f-5d80-4803-9fcd-1e2ff4aa20e6" />
      <TestMethod codeBase="D:\actions-runner\_work\XPCO\XPCO\AllSolutions\..\SC\Components\RemoteViewer\SmartClient\tst\zSmartClient_UnitTest\bin\x64\Debug\net6.0-windows\zSmartClient_UnitTest.dll" adapterTypeName="executor://mstestadapter/v2" className="SmartClient_UnitTest.VideoOS.RemoteClient.GisMapData.MapLayers.OutputItemsMapLayerTests" name="ScWorkspaceStateChangedEvent_ShouldKeepIsSelected_WhenSwitchingToSetupMode" />
    </UnitTest>
    <UnitTest name="GisMap_Load_Success" storage="d:\actions-runner\_work\xpco\xpco\allsolutions\..\sc\components\remoteviewer\smartclient\tst\zsmartclient_unittest\bin\x64\debug\net6.0-windows\zsmartclient_unittest.dll" id="7480cb9c-3d2a-334b-c8f7-266fc8075bc0">
      <TestCategory>
        <TestCategoryItem TestCategory="GisMap" />
      </TestCategory>
      <Execution id="11046e7a-c48f-407a-bed6-088a1bc54409" />
      <TestMethod codeBase="D:\actions-runner\_work\XPCO\XPCO\AllSolutions\..\SC\Components\RemoteViewer\SmartClient\tst\zSmartClient_UnitTest\bin\x64\Debug\net6.0-windows\zSmartClient_UnitTest.dll" adapterTypeName="executor://mstestadapter/v2" className="SmartClient_UnitTest.VideoOS.RemoteClient.GisMapData.GisMapBasicTests" name="GisMap_Load_Success" />
    </UnitTest>
    <UnitTest name="Decorate_ShouldAddChildren_WhenThereIsCameraLayerAndViewZoneLayer" storage="d:\actions-runner\_work\xpco\xpco\allsolutions\..\sc\components\remoteviewer\smartclient\tst\zsmartclient_unittest\bin\x64\debug\net6.0-windows\zsmartclient_unittest.dll" id="f212a945-9645-4128-b861-6596693a6fad">
      <TestCategory>
        <TestCategoryItem TestCategory="GisMap.LayerVisibilityItemDataChildrenViewZoneDecoratorTests" />
      </TestCategory>
      <Execution id="333b74f0-5bda-45fe-866d-ab9ff7858eda" />
      <TestMethod codeBase="D:\actions-runner\_work\XPCO\XPCO\AllSolutions\..\SC\Components\RemoteViewer\SmartClient\tst\zSmartClient_UnitTest\bin\x64\Debug\net6.0-windows\zSmartClient_UnitTest.dll" adapterTypeName="executor://mstestadapter/v2" className="SmartClient_UnitTest.VideoOS.RemoteClient.Plugin.GisMap.ViewModels.LayersVisibility.Decorators.LayerVisibilityItemDataChildrenViewZoneDecoratorTests" name="Decorate_ShouldAddChildren_WhenThereIsCameraLayerAndViewZoneLayer" />
    </UnitTest>
    <UnitTest name="HandleGetLayerFeatures_ShouldReturnInputLayerFeatures_WhenInputKind" storage="d:\actions-runner\_work\xpco\xpco\allsolutions\..\sc\components\remoteviewer\smartclient\tst\zsmartclient_unittest\bin\x64\debug\net6.0-windows\zsmartclient_unittest.dll" id="4bc203d8-dd85-c0c7-a002-24dc9564ca84">
      <TestCategory>
        <TestCategoryItem TestCategory="GisMapData.Handlers.LayerFeatures" />
      </TestCategory>
      <Execution id="7e2abfa5-687c-49bd-90ab-1ca79dbe8de2" />
      <TestMethod codeBase="D:\actions-runner\_work\XPCO\XPCO\AllSolutions\..\SC\Components\RemoteViewer\SmartClient\tst\zSmartClient_UnitTest\bin\x64\Debug\net6.0-windows\zSmartClient_UnitTest.dll" adapterTypeName="executor://mstestadapter/v2" className="SmartClient_UnitTest.VideoOS.RemoteClient.GisMapData.Handlers.LayerFeatures.InputLayerFeaturesHandlerTests" name="HandleGetLayerFeatures_ShouldReturnInputLayerFeatures_WhenInputKind" />
    </UnitTest>
    <UnitTest name="Constructor2_ShouldNotAllowInjectionOfNulls" storage="d:\actions-runner\_work\xpco\xpco\allsolutions\..\sc\components\remoteviewer\smartclient\tst\zsmartclient_unittest\bin\x64\debug\net6.0-windows\zsmartclient_unittest.dll" id="195cadae-c368-871e-b908-a48bf7f49ea5">
      <Execution id="21f4f850-9ad0-4924-aa95-cb2c4376080d" />
      <TestMethod codeBase="D:\actions-runner\_work\XPCO\XPCO\AllSolutions\..\SC\Components\RemoteViewer\SmartClient\tst\zSmartClient_UnitTest\bin\x64\Debug\net6.0-windows\zSmartClient_UnitTest.dll" adapterTypeName="executor://mstestadapter/v2" className="SmartClient_UnitTest.VideoOS.RemoteClient.Plugin.Export.PasswordDialogViewModelTests" name="Constructor2_ShouldNotAllowInjectionOfNulls" />
    </UnitTest>
    <UnitTest name="ShouldCameraListItemBeEnabledForCamera_ShouldReturnTrue_WhenSmartSearchIsAllowedForTheCamera" storage="d:\actions-runner\_work\xpco\xpco\allsolutions\..\sc\components\remoteviewer\smartclient\tst\zsmartclient_unittest\bin\x64\debug\net6.0-windows\zsmartclient_unittest.dll" id="5e38d847-a6e1-c044-80d4-91e6d7b293f2">
      <TestCategory>
        <TestCategoryItem TestCategory="Search.Filters.ViewModels" />
      </TestCategory>
      <Execution id="3df8082f-bc3d-4b6c-876b-b2aa7e88b3d4" />
      <TestMethod codeBase="D:\actions-runner\_work\XPCO\XPCO\AllSolutions\..\SC\Components\RemoteViewer\SmartClient\tst\zSmartClient_UnitTest\bin\x64\Debug\net6.0-windows\zSmartClient_UnitTest.dll" adapterTypeName="executor://mstestadapter/v2" className="SmartClient_UnitTest.VideoOS.RemoteClient.Plugin.CentralizedSearch.MIPPlugin.Criteria.ViewModels.SmartSearchCameraListItemHelperTests" name="ShouldCameraListItemBeEnabledForCamera_ShouldReturnTrue_WhenSmartSearchIsAllowedForTheCamera" />
    </UnitTest>
    <UnitTest name="GetBoundingShapesPathsAsync_ShouldGetBoundingShapesFromAllSources_WhenAllSourcesArePassedIn" storage="d:\actions-runner\_work\xpco\xpco\allsolutions\..\sc\components\remoteviewer\smartclient\tst\zsmartclient_unittest\bin\x64\debug\net6.0-windows\zsmartclient_unittest.dll" id="8f3be891-cc07-82e3-b944-406561072d26">
      <Execution id="dee59ad0-1e68-4148-9b73-9a234579ccd2" />
      <TestMethod codeBase="D:\actions-runner\_work\XPCO\XPCO\AllSolutions\..\SC\Components\RemoteViewer\SmartClient\tst\zSmartClient_UnitTest\bin\x64\Debug\net6.0-windows\zSmartClient_UnitTest.dll" adapterTypeName="executor://mstestadapter/v2" className="SmartClient_UnitTest.VideoOS.RemoteClient.Plugin.CentralizedSearch.Utils.SearchResultDataExtensionsTests" name="GetBoundingShapesPathsAsync_ShouldGetBoundingShapesFromAllSources_WhenAllSourcesArePassedIn" />
    </UnitTest>
    <UnitTest name="CreateItemUserControl_SingleSearchResultDataWrapperParameter_ControlCreatedAndInitialized" storage="d:\actions-runner\_work\xpco\xpco\allsolutions\..\sc\components\remoteviewer\smartclient\tst\zsmartclient_unittest\bin\x64\debug\net6.0-windows\zsmartclient_unittest.dll" id="de8654eb-af61-aa53-49f9-84c165fb21f5">
      <TestCategory>
        <TestCategoryItem TestCategory="SearchViews" />
      </TestCategory>
      <Execution id="9b75994b-e1bf-4651-9ada-c73c8fedc220" />
      <TestMethod codeBase="D:\actions-runner\_work\XPCO\XPCO\AllSolutions\..\SC\Components\RemoteViewer\SmartClient\tst\zSmartClient_UnitTest\bin\x64\Debug\net6.0-windows\zSmartClient_UnitTest.dll" adapterTypeName="executor://mstestadapter/v2" className="SmartClient_UnitTest.VideoOS.RemoteClient.Plugin.CentralizedSearch.Views.SearchResultsViewTests" name="CreateItemUserControl_SingleSearchResultDataWrapperParameter_ControlCreatedAndInitialized" />
    </UnitTest>
    <UnitTest name="OpenEdit_EditControlAvailable_EditContentControlUpdated" storage="d:\actions-runner\_work\xpco\xpco\allsolutions\..\sc\components\remoteviewer\smartclient\tst\zsmartclient_unittest\bin\x64\debug\net6.0-windows\zsmartclient_unittest.dll" id="75abe4ea-20eb-3ee5-eee8-f4f3f43cc779">
      <TestCategory>
        <TestCategoryItem TestCategory="SearchControls" />
      </TestCategory>
      <Execution id="e75ea3af-5c5d-4ca7-a6a7-f8d0f6660198" />
      <TestMethod codeBase="D:\actions-runner\_work\XPCO\XPCO\AllSolutions\..\SC\Components\RemoteViewer\SmartClient\tst\zSmartClient_UnitTest\bin\x64\Debug\net6.0-windows\zSmartClient_UnitTest.dll" adapterTypeName="executor://mstestadapter/v2" className="SmartClient_UnitTest.VideoOS.RemoteClient.Plugin.CentralizedSearch.Views.Controls.DropDownAttributeEditor.DropDownAttributeEditorTests" name="OpenEdit_EditControlAvailable_EditContentControlUpdated" />
    </UnitTest>
    <UnitTest name="PtzSessionController_Register_Camera_Generates_PtzSessionUserChangedEvent_Test" storage="d:\actions-runner\_work\xpco\xpco\allsolutions\..\sc\components\remoteviewer\smartclient\tst\zsmartclient_unittest\bin\x64\debug\net6.0-windows\zsmartclient_unittest.dll" id="1242f06f-0c87-0502-1a6f-b0f180763fd7">
      <Execution id="353bbac9-d13f-40e0-a578-d713ed46bf44" />
      <TestMethod codeBase="D:\actions-runner\_work\XPCO\XPCO\AllSolutions\..\SC\Components\RemoteViewer\SmartClient\tst\zSmartClient_UnitTest\bin\x64\Debug\net6.0-windows\zSmartClient_UnitTest.dll" adapterTypeName="executor://mstestadapter/v2" className="VideoOS.RemoteClient.Application.Controllers.UnitTest.PtzSessionControllerTest" name="PtzSessionController_Register_Camera_Generates_PtzSessionUserChangedEvent_Test" />
    </UnitTest>
    <UnitTest name="ShouldReturnTrueFirstTimeAndFalseWhenNothingChanged" storage="d:\actions-runner\_work\xpco\xpco\allsolutions\..\sc\components\remoteviewer\smartclient\tst\zsmartclient_unittest\bin\x64\debug\net6.0-windows\zsmartclient_unittest.dll" id="074b42c5-f1ad-52e6-005b-319d157cb31a">
      <TestCategory>
        <TestCategoryItem TestCategory="MipItemsUpdateStrategy" />
      </TestCategory>
      <Execution id="2c203ce3-7472-4da4-a0e9-a4febf55cfac" />
      <TestMethod codeBase="D:\actions-runner\_work\XPCO\XPCO\AllSolutions\..\SC\Components\RemoteViewer\SmartClient\tst\zSmartClient_UnitTest\bin\x64\Debug\net6.0-windows\zSmartClient_UnitTest.dll" adapterTypeName="executor://mstestadapter/v2" className="SmartClient_UnitTest.VideoOS.RemoteClient.Plugin.GisMap.MIP.MipItemsUpdateStrategyTests" name="ShouldReturnTrueFirstTimeAndFalseWhenNothingChanged" />
    </UnitTest>
    <UnitTest name="DateToStringConverter_SingleConvertValidInput_Success" storage="d:\actions-runner\_work\xpco\xpco\allsolutions\..\sc\components\remoteviewer\smartclient\tst\zsmartclient_unittest\bin\x64\debug\net6.0-windows\zsmartclient_unittest.dll" id="8005e8bb-64fd-8f7e-b8b0-c5f3354ecb07">
      <TestCategory>
        <TestCategoryItem TestCategory="SearchConverter" />
      </TestCategory>
      <Execution id="97796430-0c51-4631-97a8-568ba277b9d0" />
      <TestMethod codeBase="D:\actions-runner\_work\XPCO\XPCO\AllSolutions\..\SC\Components\RemoteViewer\SmartClient\tst\zSmartClient_UnitTest\bin\x64\Debug\net6.0-windows\zSmartClient_UnitTest.dll" adapterTypeName="executor://mstestadapter/v2" className="SmartClient_UnitTest.VideoOS.RemoteClient.Plugin.CentralizedSearch.Views.Converters.DurationToStringConverterTests" name="DateToStringConverter_SingleConvertValidInput_Success" />
    </UnitTest>
    <UnitTest name="SupportsDoubleClick_ShouldBeFalse_WhenInteractionStateIsNormalAndNotInSetupMode" storage="d:\actions-runner\_work\xpco\xpco\allsolutions\..\sc\components\remoteviewer\smartclient\tst\zsmartclient_unittest\bin\x64\debug\net6.0-windows\zsmartclient_unittest.dll" id="187ee319-c305-31ec-cc6d-df00e81417f3">
      <TestCategory>
        <TestCategoryItem TestCategory="GisMap.LinkMarker" />
      </TestCategory>
      <Execution id="a052635f-10c8-4367-a854-d229ff947fca" />
      <TestMethod codeBase="D:\actions-runner\_work\XPCO\XPCO\AllSolutions\..\SC\Components\RemoteViewer\SmartClient\tst\zSmartClient_UnitTest\bin\x64\Debug\net6.0-windows\zSmartClient_UnitTest.dll" adapterTypeName="executor://mstestadapter/v2" className="SmartClient_UnitTest.VideoOS.RemoteClient.Plugin.GisMap.ThinkGeoMap.Markers.LinkMarker.LinkMarkerTests" name="SupportsDoubleClick_ShouldBeFalse_WhenInteractionStateIsNormalAndNotInSetupMode" />
    </UnitTest>
    <UnitTest name="UpdateSearchTemplateAsync_ActiveSearchTemplateUpdated_Success" storage="d:\actions-runner\_work\xpco\xpco\allsolutions\..\sc\components\remoteviewer\smartclient\tst\zsmartclient_unittest\bin\x64\debug\net6.0-windows\zsmartclient_unittest.dll" id="4ac17529-5b95-5a72-033f-f220f1f85e71">
      <TestCategory>
        <TestCategoryItem TestCategory="SearchTemplates" />
      </TestCategory>
      <Execution id="9fe62f9e-2b6c-4f96-bd10-11c5026679f1" />
      <TestMethod codeBase="D:\actions-runner\_work\XPCO\XPCO\AllSolutions\..\SC\Components\RemoteViewer\SmartClient\tst\zSmartClient_UnitTest\bin\x64\Debug\net6.0-windows\zSmartClient_UnitTest.dll" adapterTypeName="executor://mstestadapter/v2" className="SmartClient_UnitTest.VideoOS.RemoteClient.Plugin.CentralizedSearch.SearchTemplates.SearchTemplateManagerTests" name="UpdateSearchTemplateAsync_ActiveSearchTemplateUpdated_Success" />
    </UnitTest>
    <UnitTest name="ShouldReturnTrueWhenExtentChanged" storage="d:\actions-runner\_work\xpco\xpco\allsolutions\..\sc\components\remoteviewer\smartclient\tst\zsmartclient_unittest\bin\x64\debug\net6.0-windows\zsmartclient_unittest.dll" id="f2eafc92-05e6-6561-5ea1-9b5fc4ef5a32">
      <TestCategory>
        <TestCategoryItem TestCategory="MipItemsUpdateStrategy" />
      </TestCategory>
      <Execution id="e0604b74-77e1-418b-9227-5e5c4b8f6e28" />
      <TestMethod codeBase="D:\actions-runner\_work\XPCO\XPCO\AllSolutions\..\SC\Components\RemoteViewer\SmartClient\tst\zSmartClient_UnitTest\bin\x64\Debug\net6.0-windows\zSmartClient_UnitTest.dll" adapterTypeName="executor://mstestadapter/v2" className="SmartClient_UnitTest.VideoOS.RemoteClient.Plugin.GisMap.MIP.MipItemsUpdateStrategyTests" name="ShouldReturnTrueWhenExtentChanged" />
    </UnitTest>
    <UnitTest name="ExportNotVisible_WhenFeatureDisabled" storage="d:\actions-runner\_work\xpco\xpco\allsolutions\..\sc\components\remoteviewer\smartclient\tst\zsmartclient_unittest\bin\x64\debug\net6.0-windows\zsmartclient_unittest.dll" id="54f7979c-7440-2cc5-5665-679c43abe566">
      <TestCategory>
        <TestCategoryItem TestCategory="WorkspaceToolbar" />
      </TestCategory>
      <Execution id="a0131944-737a-4b97-bd40-dbe5d9417713" />
      <TestMethod codeBase="D:\actions-runner\_work\XPCO\XPCO\AllSolutions\..\SC\Components\RemoteViewer\SmartClient\tst\zSmartClient_UnitTest\bin\x64\Debug\net6.0-windows\zSmartClient_UnitTest.dll" adapterTypeName="executor://mstestadapter/v2" className="SmartClient_UnitTest.VideoOS.RemoteClient.Application.UI.Content.WorkspaceToolbar.WorkspaceToolbarViewModelTests" name="ExportNotVisible_WhenFeatureDisabled" />
    </UnitTest>
    <UnitTest name="ZoomIn_MapSet_MapZoomInInvoked" storage="d:\actions-runner\_work\xpco\xpco\allsolutions\..\sc\components\remoteviewer\smartclient\tst\zsmartclient_unittest\bin\x64\debug\net6.0-windows\zsmartclient_unittest.dll" id="daa7dc49-f207-f73b-e691-533a5b8c5990">
      <Execution id="49668962-02d3-4730-bb75-2f24df7dafdb" />
      <TestMethod codeBase="D:\actions-runner\_work\XPCO\XPCO\AllSolutions\..\SC\Components\RemoteViewer\SmartClient\tst\zSmartClient_UnitTest\bin\x64\Debug\net6.0-windows\zSmartClient_UnitTest.dll" adapterTypeName="executor://mstestadapter/v2" className="SmartClient_UnitTest.VideoOS.RemoteClient.Plugin.GisMap.ThinkGeoMap.DefaultZoomHandlerTests" name="ZoomIn_MapSet_MapZoomInInvoked" />
    </UnitTest>
    <UnitTest name="MoveToTop_ShouldMoveMarkerTopmost_WhenNotAlreadyTopmostButHasPreviouslyBeenMovedToTop" storage="d:\actions-runner\_work\xpco\xpco\allsolutions\..\sc\components\remoteviewer\smartclient\tst\zsmartclient_unittest\bin\x64\debug\net6.0-windows\zsmartclient_unittest.dll" id="6247c776-b6f2-69b6-74d1-6fc24161e71e">
      <TestCategory>
        <TestCategoryItem TestCategory="SmartMap.MapItemsOverlay" />
      </TestCategory>
      <Execution id="a3174d2a-cbe0-4b6e-bf3d-1d7b255e1695" />
      <TestMethod codeBase="D:\actions-runner\_work\XPCO\XPCO\AllSolutions\..\SC\Components\RemoteViewer\SmartClient\tst\zSmartClient_UnitTest\bin\x64\Debug\net6.0-windows\zSmartClient_UnitTest.dll" adapterTypeName="executor://mstestadapter/v2" className="SmartClient_UnitTest.VideoOS.RemoteClient.Plugin.GisMap.ThinkGeoMap.SpecializedOverlays.Overlays.MapItemsOverlayTests" name="MoveToTop_ShouldMoveMarkerTopmost_WhenNotAlreadyTopmostButHasPreviouslyBeenMovedToTop" />
    </UnitTest>
    <UnitTest name="HandleSetLayerFeatures_ShouldRaiseArgumentException_WhenCameraKindAndNotCameraLayerFeaturesAndOutputLayer" storage="d:\actions-runner\_work\xpco\xpco\allsolutions\..\sc\components\remoteviewer\smartclient\tst\zsmartclient_unittest\bin\x64\debug\net6.0-windows\zsmartclient_unittest.dll" id="6a9c6020-889e-b6db-aa72-939d2660cb16">
      <TestCategory>
        <TestCategoryItem TestCategory="GisMapData.Handlers.LayerFeatures" />
      </TestCategory>
      <Execution id="d9ca7182-bbf4-4e58-be5c-c3ec91c83673" />
      <TestMethod codeBase="D:\actions-runner\_work\XPCO\XPCO\AllSolutions\..\SC\Components\RemoteViewer\SmartClient\tst\zSmartClient_UnitTest\bin\x64\Debug\net6.0-windows\zSmartClient_UnitTest.dll" adapterTypeName="executor://mstestadapter/v2" className="SmartClient_UnitTest.VideoOS.RemoteClient.GisMapData.Handlers.LayerFeatures.CameraLayerFeaturesHandlerTests" name="HandleSetLayerFeatures_ShouldRaiseArgumentException_WhenCameraKindAndNotCameraLayerFeaturesAndOutputLayer" />
    </UnitTest>
    <UnitTest name="PtzSessionControllerInfo_UserChangedTest_Different_User_Type" storage="d:\actions-runner\_work\xpco\xpco\allsolutions\..\sc\components\remoteviewer\smartclient\tst\zsmartclient_unittest\bin\x64\debug\net6.0-windows\zsmartclient_unittest.dll" id="3787704c-f9e0-e566-1c87-02188e388c59">
      <Execution id="14078e55-a045-47ba-a194-df3104031068" />
      <TestMethod codeBase="D:\actions-runner\_work\XPCO\XPCO\AllSolutions\..\SC\Components\RemoteViewer\SmartClient\tst\zSmartClient_UnitTest\bin\x64\Debug\net6.0-windows\zSmartClient_UnitTest.dll" adapterTypeName="executor://mstestadapter/v2" className="VideoOS.RemoteClient.Application.Controllers.UnitTest.PtzSessionControllerTest" name="PtzSessionControllerInfo_UserChangedTest_Different_User_Type" />
    </UnitTest>
    <UnitTest name="FromBase64_Success" storage="d:\actions-runner\_work\xpco\xpco\allsolutions\..\sc\components\remoteviewer\smartclient\tst\zsmartclient_unittest\bin\x64\debug\net6.0-windows\zsmartclient_unittest.dll" id="eafd993c-1009-37c6-4ede-de325862c5a7">
      <Execution id="a63233fa-b9ba-4f14-b622-9dceaa938a6a" />
      <TestMethod codeBase="D:\actions-runner\_work\XPCO\XPCO\AllSolutions\..\SC\Components\RemoteViewer\SmartClient\tst\zSmartClient_UnitTest\bin\x64\Debug\net6.0-windows\zSmartClient_UnitTest.dll" adapterTypeName="executor://mstestadapter/v2" className="SmartClient_UnitTest.VideoOS.RemoteClient.Application.Data.ContentTypes.ImageContentType.ImageUtilsTests" name="FromBase64_Success" />
    </UnitTest>
    <UnitTest name="Convert_NullArgument_Collapsed" storage="d:\actions-runner\_work\xpco\xpco\allsolutions\..\sc\components\remoteviewer\smartclient\tst\zsmartclient_unittest\bin\x64\debug\net6.0-windows\zsmartclient_unittest.dll" id="47bead1c-a537-8842-47a7-b3ba583fe988">
      <TestCategory>
        <TestCategoryItem TestCategory="SearchConverter" />
      </TestCategory>
      <Execution id="9a9014a4-1076-4bba-b90d-df18ade7bd1c" />
      <TestMethod codeBase="D:\actions-runner\_work\XPCO\XPCO\AllSolutions\..\SC\Components\RemoteViewer\SmartClient\tst\zSmartClient_UnitTest\bin\x64\Debug\net6.0-windows\zSmartClient_UnitTest.dll" adapterTypeName="executor://mstestadapter/v2" className="SmartClient_UnitTest.VideoOS.RemoteClient.Plugin.CentralizedSearch.Views.Converters.NoCriteriaSelectedGridVisibilityConverterTests" name="Convert_NullArgument_Collapsed" />
    </UnitTest>
    <UnitTest name="AddCriteriaCommand_WithActiveSearchTemplate_ActiveSearchTemplateModifiedSet" storage="d:\actions-runner\_work\xpco\xpco\allsolutions\..\sc\components\remoteviewer\smartclient\tst\zsmartclient_unittest\bin\x64\debug\net6.0-windows\zsmartclient_unittest.dll" id="161a0e40-6dbd-cbdc-3714-f2442765e338">
      <TestCategory>
        <TestCategoryItem TestCategory="SearchViewModels" />
      </TestCategory>
      <Execution id="5a4a9e9c-58c1-46a6-b648-3e31ba9b5415" />
      <TestMethod codeBase="D:\actions-runner\_work\XPCO\XPCO\AllSolutions\..\SC\Components\RemoteViewer\SmartClient\tst\zSmartClient_UnitTest\bin\x64\Debug\net6.0-windows\zSmartClient_UnitTest.dll" adapterTypeName="executor://mstestadapter/v2" className="SmartClient_UnitTest.VideoOS.RemoteClient.Plugin.CentralizedSearch.ViewModels.SearchViewModelTests" name="AddCriteriaCommand_WithActiveSearchTemplate_ActiveSearchTemplateModifiedSet" />
    </UnitTest>
    <UnitTest name="GetCamera_ShouldReturnCorrectCameraTest" storage="d:\actions-runner\_work\xpco\xpco\allsolutions\..\sc\components\remoteviewer\smartclient\tst\zsmartclient_unittest\bin\x64\debug\net6.0-windows\zsmartclient_unittest.dll" id="e36d7108-5c81-aaf4-329c-24a028699d61">
      <Execution id="201f5de0-85bb-472e-978c-c79f0573a3f6" />
      <TestMethod codeBase="D:\actions-runner\_work\XPCO\XPCO\AllSolutions\..\SC\Components\RemoteViewer\SmartClient\tst\zSmartClient_UnitTest\bin\x64\Debug\net6.0-windows\zSmartClient_UnitTest.dll" adapterTypeName="executor://mstestadapter/v2" className="SmartClient_UnitTest.VideoOS.RemoteClient.Application.Data.ContentTypes.ReportingContentType.DashboardDetailsProviderTest" name="GetCamera_ShouldReturnCorrectCameraTest" />
    </UnitTest>
    <UnitTest name="Constructor_ShouldThrowArgumentNullException_WhenControllerManagerIsNull" storage="d:\actions-runner\_work\xpco\xpco\allsolutions\..\sc\components\remoteviewer\smartclient\tst\zsmartclient_unittest\bin\x64\debug\net6.0-windows\zsmartclient_unittest.dll" id="26493e2f-f09a-fd85-4932-ec0c6378d5e5">
      <Execution id="138cc910-d657-42ea-ad7f-97028aa0c6dc" />
      <TestMethod codeBase="D:\actions-runner\_work\XPCO\XPCO\AllSolutions\..\SC\Components\RemoteViewer\SmartClient\tst\zSmartClient_UnitTest\bin\x64\Debug\net6.0-windows\zSmartClient_UnitTest.dll" adapterTypeName="executor://mstestadapter/v2" className="SmartClient_UnitTest.VideoOS.RemoteClient.Application.UI.Settings.SettingsDialogViewModelTests" name="Constructor_ShouldThrowArgumentNullException_WhenControllerManagerIsNull" />
    </UnitTest>
    <UnitTest name="AddApiKey_WhereApiKeyNull_ThrowException" storage="d:\actions-runner\_work\xpco\xpco\allsolutions\..\sc\components\remoteviewer\smartclient\tst\zsmartclient_unittest\bin\x64\debug\net6.0-windows\zsmartclient_unittest.dll" id="5b1fb637-3ca1-9a80-d25d-3a01eede0458">
      <Execution id="ce0ea6ab-7eb7-4d06-8f22-5072e9c0f365" />
      <TestMethod codeBase="D:\actions-runner\_work\XPCO\XPCO\AllSolutions\..\SC\Components\RemoteViewer\SmartClient\tst\zSmartClient_UnitTest\bin\x64\Debug\net6.0-windows\zSmartClient_UnitTest.dll" adapterTypeName="executor://mstestadapter/v2" className="SmartClient_UnitTest.VideoOS.RemoteClient.Plugin.GisMap.Utilities.GoogleApiUrlTest" name="AddApiKey_WhereApiKeyNull_ThrowException" />
    </UnitTest>
    <UnitTest name="SupportsRightClick_ShouldBeTrue_WhenInteractionStateIsNormal" storage="d:\actions-runner\_work\xpco\xpco\allsolutions\..\sc\components\remoteviewer\smartclient\tst\zsmartclient_unittest\bin\x64\debug\net6.0-windows\zsmartclient_unittest.dll" id="afde7264-8c54-4b55-3afb-8cc9db7bdd2c">
      <TestCategory>
        <TestCategoryItem TestCategory="GisMap.MicrophoneMarkerTest" />
      </TestCategory>
      <Execution id="71bf33fc-9d33-4132-ade4-ddbef203bce9" />
      <TestMethod codeBase="D:\actions-runner\_work\XPCO\XPCO\AllSolutions\..\SC\Components\RemoteViewer\SmartClient\tst\zSmartClient_UnitTest\bin\x64\Debug\net6.0-windows\zSmartClient_UnitTest.dll" adapterTypeName="executor://mstestadapter/v2" className="SmartClient_UnitTest.VideoOS.RemoteClient.Plugin.GisMap.ThinkGeoMap.Markers.DeviceMarkers.MicrophoneMarker.MicrophoneMarkerTests" name="SupportsRightClick_ShouldBeTrue_WhenInteractionStateIsNormal" />
    </UnitTest>
    <UnitTest name="ToNormalizedDirection_OutOfRange_2PI_Fail" storage="d:\actions-runner\_work\xpco\xpco\allsolutions\..\sc\components\remoteviewer\smartclient\tst\zsmartclient_unittest\bin\x64\debug\net6.0-windows\zsmartclient_unittest.dll" id="af78caca-a27e-9e6b-678d-4aa454a90502">
      <TestCategory>
        <TestCategoryItem TestCategory="GisMap" />
      </TestCategory>
      <Execution id="21c34051-4f51-4c17-92c4-fc10d8b90411" />
      <TestMethod codeBase="D:\actions-runner\_work\XPCO\XPCO\AllSolutions\..\SC\Components\RemoteViewer\SmartClient\tst\zSmartClient_UnitTest\bin\x64\Debug\net6.0-windows\zSmartClient_UnitTest.dll" adapterTypeName="executor://mstestadapter/v2" className="SmartClient_UnitTest.VideoOS.RemoteClient.GisMap.Utilities.GisUtilityTests" name="ToNormalizedDirection_OutOfRange_2PI_Fail" />
    </UnitTest>
    <UnitTest name="Ctor_UnknownEditControl_InlineEditControl_Success" storage="d:\actions-runner\_work\xpco\xpco\allsolutions\..\sc\components\remoteviewer\smartclient\tst\zsmartclient_unittest\bin\x64\debug\net6.0-windows\zsmartclient_unittest.dll" id="e6be9160-5cc6-c513-67c4-14d959e49ad9">
      <TestCategory>
        <TestCategoryItem TestCategory="Search" />
      </TestCategory>
      <Execution id="a6e60605-7e3f-45bc-a545-9a3aef01ffae" />
      <TestMethod codeBase="D:\actions-runner\_work\XPCO\XPCO\AllSolutions\..\SC\Components\RemoteViewer\SmartClient\tst\zSmartClient_UnitTest\bin\x64\Debug\net6.0-windows\zSmartClient_UnitTest.dll" adapterTypeName="executor://mstestadapter/v2" className="SmartClient_UnitTest.VideoOS.RemoteClient.Plugin.CentralizedSearch.ViewModels.SearchFilterViewModelTests" name="Ctor_UnknownEditControl_InlineEditControl_Success" />
    </UnitTest>
    <UnitTest name="LoadSearchTemplate_ActiveToSameActive_NoUpdateAndEvent" storage="d:\actions-runner\_work\xpco\xpco\allsolutions\..\sc\components\remoteviewer\smartclient\tst\zsmartclient_unittest\bin\x64\debug\net6.0-windows\zsmartclient_unittest.dll" id="08f82558-d98c-02af-8d5e-3581c5e98c4c">
      <TestCategory>
        <TestCategoryItem TestCategory="SearchTemplates" />
      </TestCategory>
      <Execution id="a46e3c0f-0e08-4435-995d-3a9985055019" />
      <TestMethod codeBase="D:\actions-runner\_work\XPCO\XPCO\AllSolutions\..\SC\Components\RemoteViewer\SmartClient\tst\zSmartClient_UnitTest\bin\x64\Debug\net6.0-windows\zSmartClient_UnitTest.dll" adapterTypeName="executor://mstestadapter/v2" className="SmartClient_UnitTest.VideoOS.RemoteClient.Plugin.CentralizedSearch.SearchTemplates.SearchTemplateManagerTests" name="LoadSearchTemplate_ActiveToSameActive_NoUpdateAndEvent" />
    </UnitTest>
    <UnitTest name="PatrollingStepListViewModel_MoveStepDownExecute" storage="d:\actions-runner\_work\xpco\xpco\allsolutions\..\sc\components\remoteviewer\smartclient\tst\zsmartclient_unittest\bin\x64\debug\net6.0-windows\zsmartclient_unittest.dll" id="ef7eb1a4-404f-fda1-15f0-bcd1e692326a">
      <Execution id="92162e1e-1c92-4f0a-b16f-8b246e3153e5" />
      <TestMethod codeBase="D:\actions-runner\_work\XPCO\XPCO\AllSolutions\..\SC\Components\RemoteViewer\SmartClient\tst\zSmartClient_UnitTest\bin\x64\Debug\net6.0-windows\zSmartClient_UnitTest.dll" adapterTypeName="executor://mstestadapter/v2" className="SmartClient_UnitTest.VideoOS.RemoteClient.Application.UI.PtzPreset.PatrollingViewModel.PatrollingStepListViewModelTest" name="PatrollingStepListViewModel_MoveStepDownExecute" />
    </UnitTest>
    <UnitTest name="NavigateAndSelectAsync_PanMap_ReCenterCommandEnabled" storage="d:\actions-runner\_work\xpco\xpco\allsolutions\..\sc\components\remoteviewer\smartclient\tst\zsmartclient_unittest\bin\x64\debug\net6.0-windows\zsmartclient_unittest.dll" id="4c310887-8495-4e52-0457-4cbe13b9a200">
      <TestCategory>
        <TestCategoryItem TestCategory="GisMap.GisMapViewModel" />
      </TestCategory>
      <Execution id="9f85d3b0-03de-4a1d-9eb9-ae55a4bcabbd" />
      <TestMethod codeBase="D:\actions-runner\_work\XPCO\XPCO\AllSolutions\..\SC\Components\RemoteViewer\SmartClient\tst\zSmartClient_UnitTest\bin\x64\Debug\net6.0-windows\zSmartClient_UnitTest.dll" adapterTypeName="executor://mstestadapter/v2" className="SmartClient_UnitTest.VideoOS.RemoteClient.Plugin.GisMap.ViewModels.GisMapViewModelTests" name="NavigateAndSelectAsync_PanMap_ReCenterCommandEnabled" />
    </UnitTest>
    <UnitTest name="HandleSetLayerFeatures_ShouldRaiseArgumentException_WhenNotMicrophoneKindAndMicrophoneLayerFeatures" storage="d:\actions-runner\_work\xpco\xpco\allsolutions\..\sc\components\remoteviewer\smartclient\tst\zsmartclient_unittest\bin\x64\debug\net6.0-windows\zsmartclient_unittest.dll" id="b7cfc484-cb4b-49fc-a4f0-d587f8a4ea1f">
      <TestCategory>
        <TestCategoryItem TestCategory="GisMapData.Handlers.LayerFeatures" />
      </TestCategory>
      <Execution id="0e003ee5-6a67-46e0-8ba8-4c19b83dbbda" />
      <TestMethod codeBase="D:\actions-runner\_work\XPCO\XPCO\AllSolutions\..\SC\Components\RemoteViewer\SmartClient\tst\zSmartClient_UnitTest\bin\x64\Debug\net6.0-windows\zSmartClient_UnitTest.dll" adapterTypeName="executor://mstestadapter/v2" className="SmartClient_UnitTest.VideoOS.RemoteClient.GisMapData.Handlers.LayerFeatures.MicrophoneLayerFeaturesHandlerTests" name="HandleSetLayerFeatures_ShouldRaiseArgumentException_WhenNotMicrophoneKindAndMicrophoneLayerFeatures" />
    </UnitTest>
    <UnitTest name="IsDisabled_ShouldBeTrue_WhenApplicationIsInBrowseMode" storage="d:\actions-runner\_work\xpco\xpco\allsolutions\..\sc\components\remoteviewer\smartclient\tst\zsmartclient_unittest\bin\x64\debug\net6.0-windows\zsmartclient_unittest.dll" id="771137e7-8711-d371-fedf-d100a6d214c7">
      <TestCategory>
        <TestCategoryItem TestCategory="GisMapData.MapItem.Microphones" />
      </TestCategory>
      <Execution id="ab247cd6-5b25-483e-aac1-259567d4176d" />
      <TestMethod codeBase="D:\actions-runner\_work\XPCO\XPCO\AllSolutions\..\SC\Components\RemoteViewer\SmartClient\tst\zSmartClient_UnitTest\bin\x64\Debug\net6.0-windows\zSmartClient_UnitTest.dll" adapterTypeName="executor://mstestadapter/v2" className="SmartClient_UnitTest.VideoOS.RemoteClient.GisMapData.MapItem.Microphones.MicrophoneMapItemTests" name="IsDisabled_ShouldBeTrue_WhenApplicationIsInBrowseMode" />
    </UnitTest>
    <UnitTest name="GetUtcToday_UtcTimeZoneDst_Success" storage="d:\actions-runner\_work\xpco\xpco\allsolutions\..\sc\components\remoteviewer\smartclient\tst\zsmartclient_unittest\bin\x64\debug\net6.0-windows\zsmartclient_unittest.dll" id="fcc71f98-4fa9-3c89-a58d-cfe34dc4476c">
      <TestCategory>
        <TestCategoryItem TestCategory="Search" />
      </TestCategory>
      <Execution id="ed09105a-20ad-4703-b498-72ad23c47e3f" />
      <TestMethod codeBase="D:\actions-runner\_work\XPCO\XPCO\AllSolutions\..\SC\Components\RemoteViewer\SmartClient\tst\zSmartClient_UnitTest\bin\x64\Debug\net6.0-windows\zSmartClient_UnitTest.dll" adapterTypeName="executor://mstestadapter/v2" className="SmartClient_UnitTest.VideoOS.RemoteClient.Plugin.CentralizedSearch.ViewModels.Data.TimeScopeTests" name="GetUtcToday_UtcTimeZoneDst_Success" />
    </UnitTest>
    <UnitTest name="Search_SortOrderSpecified_Success" storage="d:\actions-runner\_work\xpco\xpco\allsolutions\..\sc\components\remoteviewer\smartclient\tst\zsmartclient_unittest\bin\x64\debug\net6.0-windows\zsmartclient_unittest.dll" id="1131d610-fdb8-bf14-5dd7-5607c21d80e3">
      <TestCategory>
        <TestCategoryItem TestCategory="Search" />
      </TestCategory>
      <Execution id="a56fcbfc-fe2f-4d8b-aa5a-d4e3c51ec19e" />
      <TestMethod codeBase="D:\actions-runner\_work\XPCO\XPCO\AllSolutions\..\SC\Components\RemoteViewer\SmartClient\tst\zSmartClient_UnitTest\bin\x64\Debug\net6.0-windows\zSmartClient_UnitTest.dll" adapterTypeName="executor://mstestadapter/v2" className="SmartClient_UnitTest.VideoOS.RemoteClient.Plugin.CentralizedSearch.MIPPlugin.CompositeSearchDefinitionTests" name="Search_SortOrderSpecified_Success" />
    </UnitTest>
    <UnitTest name="PtzSessionControllerInfo_TimeChangedTest_Different_TimeLeft" storage="d:\actions-runner\_work\xpco\xpco\allsolutions\..\sc\components\remoteviewer\smartclient\tst\zsmartclient_unittest\bin\x64\debug\net6.0-windows\zsmartclient_unittest.dll" id="7e6ab9bc-6be0-57ee-f082-006f13f3fda7">
      <Execution id="d15b56e3-8078-40aa-ae83-8b5ea4a19316" />
      <TestMethod codeBase="D:\actions-runner\_work\XPCO\XPCO\AllSolutions\..\SC\Components\RemoteViewer\SmartClient\tst\zSmartClient_UnitTest\bin\x64\Debug\net6.0-windows\zSmartClient_UnitTest.dll" adapterTypeName="executor://mstestadapter/v2" className="VideoOS.RemoteClient.Application.Controllers.UnitTest.PtzSessionControllerTest" name="PtzSessionControllerInfo_TimeChangedTest_Different_TimeLeft" />
    </UnitTest>
    <UnitTest name="MergeWith_EmptyCluster_ThisNotChanged" storage="d:\actions-runner\_work\xpco\xpco\allsolutions\..\sc\components\remoteviewer\smartclient\tst\zsmartclient_unittest\bin\x64\debug\net6.0-windows\zsmartclient_unittest.dll" id="c16412a0-c100-f8dd-8f2b-f63db635bf73">
      <TestCategory>
        <TestCategoryItem TestCategory="GisMapIndex" />
      </TestCategory>
      <Execution id="a21a5da0-c1d9-46d7-9cd9-ed7239f6b5c7" />
      <TestMethod codeBase="D:\actions-runner\_work\XPCO\XPCO\AllSolutions\..\SC\Components\RemoteViewer\SmartClient\tst\zSmartClient_UnitTest\bin\x64\Debug\net6.0-windows\zSmartClient_UnitTest.dll" adapterTypeName="executor://mstestadapter/v2" className="SmartClient_UnitTest.VideoOS.RemoteClient.GisMapData.Common.Indexer.ClusterDataTests" name="MergeWith_EmptyCluster_ThisNotChanged" />
    </UnitTest>
    <UnitTest name="RemoveDefinition_ExistingDefinitionWithSearchResult_SearchResultsCleared" storage="d:\actions-runner\_work\xpco\xpco\allsolutions\..\sc\components\remoteviewer\smartclient\tst\zsmartclient_unittest\bin\x64\debug\net6.0-windows\zsmartclient_unittest.dll" id="102f1558-5f20-a6d5-8bb1-2bdfa2e7b50e">
      <TestCategory>
        <TestCategoryItem TestCategory="SearchModels" />
      </TestCategory>
      <Execution id="3050ae97-dfe7-4566-a2bf-d832fb797b38" />
      <TestMethod codeBase="D:\actions-runner\_work\XPCO\XPCO\AllSolutions\..\SC\Components\RemoteViewer\SmartClient\tst\zSmartClient_UnitTest\bin\x64\Debug\net6.0-windows\zSmartClient_UnitTest.dll" adapterTypeName="executor://mstestadapter/v2" className="SmartClient_UnitTest.VideoOS.RemoteClient.Plugin.CentralizedSearch.Models.SearchModelTests" name="RemoveDefinition_ExistingDefinitionWithSearchResult_SearchResultsCleared" />
    </UnitTest>
    <UnitTest name="MergeWith_ClusterItems_ItemAdded" storage="d:\actions-runner\_work\xpco\xpco\allsolutions\..\sc\components\remoteviewer\smartclient\tst\zsmartclient_unittest\bin\x64\debug\net6.0-windows\zsmartclient_unittest.dll" id="f252f3f1-2ddc-5f57-0a09-9fe0a66fde7a">
      <TestCategory>
        <TestCategoryItem TestCategory="GisMapIndex" />
      </TestCategory>
      <Execution id="cff2e80e-606f-4fd1-af0a-0207c270b72f" />
      <TestMethod codeBase="D:\actions-runner\_work\XPCO\XPCO\AllSolutions\..\SC\Components\RemoteViewer\SmartClient\tst\zSmartClient_UnitTest\bin\x64\Debug\net6.0-windows\zSmartClient_UnitTest.dll" adapterTypeName="executor://mstestadapter/v2" className="SmartClient_UnitTest.VideoOS.RemoteClient.GisMapData.Common.Indexer.ClusterDataTests" name="MergeWith_ClusterItems_ItemAdded" />
    </UnitTest>
    <UnitTest name="IsSelected_ShouldBeTrue_WhenSelectedMicrophoneGetsDisabled" storage="d:\actions-runner\_work\xpco\xpco\allsolutions\..\sc\components\remoteviewer\smartclient\tst\zsmartclient_unittest\bin\x64\debug\net6.0-windows\zsmartclient_unittest.dll" id="d4294147-b6f1-1dea-474b-6d1ef066918c">
      <TestCategory>
        <TestCategoryItem TestCategory="GisMapData.MapItem.Microphones" />
      </TestCategory>
      <Execution id="0e49abdb-2a7b-44f6-a0fb-2f4ab83f2218" />
      <TestMethod codeBase="D:\actions-runner\_work\XPCO\XPCO\AllSolutions\..\SC\Components\RemoteViewer\SmartClient\tst\zSmartClient_UnitTest\bin\x64\Debug\net6.0-windows\zSmartClient_UnitTest.dll" adapterTypeName="executor://mstestadapter/v2" className="SmartClient_UnitTest.VideoOS.RemoteClient.GisMapData.MapItem.Microphones.MicrophoneMapItemTests" name="IsSelected_ShouldBeTrue_WhenSelectedMicrophoneGetsDisabled" />
    </UnitTest>
    <UnitTest name="SearchCriteriaFilterValues_ValidatePopupFunctionality_Success" storage="d:\actions-runner\_work\xpco\xpco\allsolutions\..\sc\components\remoteviewer\smartclient\tst\zsmartclient_unittest\bin\x64\debug\net6.0-windows\zsmartclient_unittest.dll" id="daf95640-1ecb-1c8c-09bc-d8c8490777c1">
      <TestCategory>
        <TestCategoryItem TestCategory="SearchControls" />
      </TestCategory>
      <Execution id="0c2571d3-3714-44fa-81aa-001ccfddc77f" />
      <TestMethod codeBase="D:\actions-runner\_work\XPCO\XPCO\AllSolutions\..\SC\Components\RemoteViewer\SmartClient\tst\zSmartClient_UnitTest\bin\x64\Debug\net6.0-windows\zSmartClient_UnitTest.dll" adapterTypeName="executor://mstestadapter/v2" className="SmartClient_UnitTest.VideoOS.RemoteClient.Plugin.CentralizedSearch.Views.Controls.SearchDefinitions.EditSearchDefinitionPopupTests" name="SearchCriteriaFilterValues_ValidatePopupFunctionality_Success" />
    </UnitTest>
    <UnitTest name="DeviceIcons_ShouldBeCached_WhenCalled" storage="d:\actions-runner\_work\xpco\xpco\allsolutions\..\sc\components\remoteviewer\smartclient\tst\zsmartclient_unittest\bin\x64\debug\net6.0-windows\zsmartclient_unittest.dll" id="bbef5494-4e92-f5fc-3633-d07397508d79">
      <TestCategory>
        <TestCategoryItem TestCategory="GisMapData.MicrophoneOemResourcesProviderTests" />
      </TestCategory>
      <Execution id="03fa95d2-60e0-4d8c-add4-45e9e507a984" />
      <TestMethod codeBase="D:\actions-runner\_work\XPCO\XPCO\AllSolutions\..\SC\Components\RemoteViewer\SmartClient\tst\zSmartClient_UnitTest\bin\x64\Debug\net6.0-windows\zSmartClient_UnitTest.dll" adapterTypeName="executor://mstestadapter/v2" className="SmartClient_UnitTest.VideoOS.RemoteClient.GisMapData.Resources.MicrophoneOemResourcesProviderTests" name="DeviceIcons_ShouldBeCached_WhenCalled" />
    </UnitTest>
    <UnitTest name="PatrollingStepListViewModel_CanDeleteStepExecute" storage="d:\actions-runner\_work\xpco\xpco\allsolutions\..\sc\components\remoteviewer\smartclient\tst\zsmartclient_unittest\bin\x64\debug\net6.0-windows\zsmartclient_unittest.dll" id="863152b5-1e2c-356b-c14c-cd62911ba167">
      <Execution id="28081e82-d632-48b2-9884-ef3db37c03bf" />
      <TestMethod codeBase="D:\actions-runner\_work\XPCO\XPCO\AllSolutions\..\SC\Components\RemoteViewer\SmartClient\tst\zSmartClient_UnitTest\bin\x64\Debug\net6.0-windows\zSmartClient_UnitTest.dll" adapterTypeName="executor://mstestadapter/v2" className="SmartClient_UnitTest.VideoOS.RemoteClient.Application.UI.PtzPreset.PatrollingViewModel.PatrollingStepListViewModelTest" name="PatrollingStepListViewModel_CanDeleteStepExecute" />
    </UnitTest>
    <UnitTest name="SupportsRightClick_ShouldBeFalse_WhenInteractionStateIsNotNormal" storage="d:\actions-runner\_work\xpco\xpco\allsolutions\..\sc\components\remoteviewer\smartclient\tst\zsmartclient_unittest\bin\x64\debug\net6.0-windows\zsmartclient_unittest.dll" id="06671719-51c0-06b8-b1b7-8927e1da93cb">
      <TestCategory>
        <TestCategoryItem TestCategory="GisMap.MicrophoneMarkerTest" />
      </TestCategory>
      <Execution id="8ef84e78-9d36-4ac6-b68f-de9f561c75d9" />
      <TestMethod codeBase="D:\actions-runner\_work\XPCO\XPCO\AllSolutions\..\SC\Components\RemoteViewer\SmartClient\tst\zSmartClient_UnitTest\bin\x64\Debug\net6.0-windows\zSmartClient_UnitTest.dll" adapterTypeName="executor://mstestadapter/v2" className="SmartClient_UnitTest.VideoOS.RemoteClient.Plugin.GisMap.ThinkGeoMap.Markers.DeviceMarkers.MicrophoneMarker.MicrophoneMarkerTests" name="SupportsRightClick_ShouldBeFalse_WhenInteractionStateIsNotNormal" />
    </UnitTest>
    <UnitTest name="ValueWithFallbackConverterTests_Ctor_Success" storage="d:\actions-runner\_work\xpco\xpco\allsolutions\..\sc\components\remoteviewer\smartclient\tst\zsmartclient_unittest\bin\x64\debug\net6.0-windows\zsmartclient_unittest.dll" id="c78705d8-4e54-e5cc-d7aa-358b1af77cf7">
      <TestCategory>
        <TestCategoryItem TestCategory="SearchConverter" />
      </TestCategory>
      <Execution id="b3238fab-0ca3-4ed1-be98-b472717d8e42" />
      <TestMethod codeBase="D:\actions-runner\_work\XPCO\XPCO\AllSolutions\..\SC\Components\RemoteViewer\SmartClient\tst\zSmartClient_UnitTest\bin\x64\Debug\net6.0-windows\zSmartClient_UnitTest.dll" adapterTypeName="executor://mstestadapter/v2" className="SmartClient_UnitTest.VideoOS.RemoteClient.Plugin.CentralizedSearch.Views.Converters.ValueWithFallbackConverterTests" name="ValueWithFallbackConverterTests_Ctor_Success" />
    </UnitTest>
    <UnitTest name="GetServerTypes_ShouldReturnMobileServerType" storage="d:\actions-runner\_work\xpco\xpco\allsolutions\..\sc\components\remoteviewer\smartclient\tst\zsmartclient_unittest\bin\x64\debug\net6.0-windows\zsmartclient_unittest.dll" id="17c23f4a-d1aa-c7f2-4b0c-28e098799329">
      <Execution id="caa2d3a0-d5fb-4aba-8e50-4771d1b66fae" />
      <TestMethod codeBase="D:\actions-runner\_work\XPCO\XPCO\AllSolutions\..\SC\Components\RemoteViewer\SmartClient\tst\zSmartClient_UnitTest\bin\x64\Debug\net6.0-windows\zSmartClient_UnitTest.dll" adapterTypeName="executor://mstestadapter/v2" className="SmartClient_UnitTest.VideoOS.RemoteClient.Application.Data.ContentTypes.ReportingContentType.DashboardExtentionsTest" name="GetServerTypes_ShouldReturnMobileServerType" />
    </UnitTest>
    <UnitTest name="UpdateItems_WhenStrategyReturnsUpdateNeeded_ShouldResultInMipItemsReadyEvent" storage="d:\actions-runner\_work\xpco\xpco\allsolutions\..\sc\components\remoteviewer\smartclient\tst\zsmartclient_unittest\bin\x64\debug\net6.0-windows\zsmartclient_unittest.dll" id="eb41b80f-fe87-ec26-1817-78a947446eac">
      <TestCategory>
        <TestCategoryItem TestCategory="MipItemsRetriever" />
      </TestCategory>
      <Execution id="1b546f2a-e1a7-4f8c-baf6-5f14f3af2e09" />
      <TestMethod codeBase="D:\actions-runner\_work\XPCO\XPCO\AllSolutions\..\SC\Components\RemoteViewer\SmartClient\tst\zSmartClient_UnitTest\bin\x64\Debug\net6.0-windows\zSmartClient_UnitTest.dll" adapterTypeName="executor://mstestadapter/v2" className="SmartClient_UnitTest.VideoOS.RemoteClient.Plugin.GisMap.MIP.MipItemsRetrieverTests" name="UpdateItems_WhenStrategyReturnsUpdateNeeded_ShouldResultInMipItemsReadyEvent" />
    </UnitTest>
    <UnitTest name="TimeLineInformationDataDto_ShouldYieldSameValues_WhenRoundTripConverted" storage="d:\actions-runner\_work\xpco\xpco\allsolutions\..\sc\components\remoteviewer\smartclient\tst\zsmartclient_unittest\bin\x64\debug\net6.0-windows\zsmartclient_unittest.dll" id="64bb4b70-7e25-7afc-6d81-0c3474ed7a2b">
      <TestCategory>
        <TestCategoryItem TestCategory="RecorderProxyToDtoMapping" />
      </TestCategory>
      <Execution id="592e06dc-5411-4474-93ba-e526947a9f1f" />
      <TestMethod codeBase="D:\actions-runner\_work\XPCO\XPCO\AllSolutions\..\SC\Components\RemoteViewer\SmartClient\tst\zSmartClient_UnitTest\bin\x64\Debug\net6.0-windows\zSmartClient_UnitTest.dll" adapterTypeName="executor://mstestadapter/v2" className="VideoOS.Shared.ServerAPI.SOAP.RecorderClientMappingTests" name="TimeLineInformationDataDto_ShouldYieldSameValues_WhenRoundTripConverted" />
    </UnitTest>
    <UnitTest name="ToTimeScope_YesterdayInDST_Success" storage="d:\actions-runner\_work\xpco\xpco\allsolutions\..\sc\components\remoteviewer\smartclient\tst\zsmartclient_unittest\bin\x64\debug\net6.0-windows\zsmartclient_unittest.dll" id="293008c2-9745-d477-0bc6-1ddbf5e8b276">
      <TestCategory>
        <TestCategoryItem TestCategory="Search" />
      </TestCategory>
      <Execution id="cae6fb19-e975-455e-9cef-6b0407607fb3" />
      <TestMethod codeBase="D:\actions-runner\_work\XPCO\XPCO\AllSolutions\..\SC\Components\RemoteViewer\SmartClient\tst\zSmartClient_UnitTest\bin\x64\Debug\net6.0-windows\zSmartClient_UnitTest.dll" adapterTypeName="executor://mstestadapter/v2" className="SmartClient_UnitTest.VideoOS.RemoteClient.Plugin.CentralizedSearch.Models.ScopeDurationTests" name="ToTimeScope_YesterdayInDST_Success" />
    </UnitTest>
    <UnitTest name="Connect_SucceedeInConnectingWithOAuthSecure_ShouldReturnTrue" storage="d:\actions-runner\_work\xpco\xpco\allsolutions\..\sc\components\remoteviewer\smartclient\tst\zsmartclient_unittest\bin\x64\debug\net6.0-windows\zsmartclient_unittest.dll" id="618671da-f82c-c489-4e50-3ec438e9a9d0">
      <Execution id="e307ebbd-ffff-4705-a862-4c19a757ff1e" />
      <TestMethod codeBase="D:\actions-runner\_work\XPCO\XPCO\AllSolutions\..\SC\Components\RemoteViewer\SmartClient\tst\zSmartClient_UnitTest\bin\x64\Debug\net6.0-windows\zSmartClient_UnitTest.dll" adapterTypeName="executor://mstestadapter/v2" className="VideoOS.Shared.ServerAPI.VMOViewerClientFacade.UnitTest.VMOViewerClientFacadeTests" name="Connect_SucceedeInConnectingWithOAuthSecure_ShouldReturnTrue" />
    </UnitTest>
    <UnitTest name="Constructor_WhenPassingNullCredentials_ShouldThrowException" storage="d:\actions-runner\_work\xpco\xpco\allsolutions\..\sc\components\remoteviewer\smartclient\tst\zsmartclient_unittest\bin\x64\debug\net6.0-windows\zsmartclient_unittest.dll" id="584617a4-8322-97bf-2a6c-744ce8c991ef">
      <Execution id="91b6fa85-1cef-4586-b7bb-6cdcb4d33148" />
      <TestMethod codeBase="D:\actions-runner\_work\XPCO\XPCO\AllSolutions\..\SC\Components\RemoteViewer\SmartClient\tst\zSmartClient_UnitTest\bin\x64\Debug\net6.0-windows\zSmartClient_UnitTest.dll" adapterTypeName="executor://mstestadapter/v2" className="VideoOS.Shared.ServerAPI.VMOViewerClientFacade.UnitTest.VMOViewerClientFacadeTests" name="Constructor_WhenPassingNullCredentials_ShouldThrowException" />
    </UnitTest>
    <UnitTest name="Init_NullState_InitialStateObtainedFromStateManager" storage="d:\actions-runner\_work\xpco\xpco\allsolutions\..\sc\components\remoteviewer\smartclient\tst\zsmartclient_unittest\bin\x64\debug\net6.0-windows\zsmartclient_unittest.dll" id="84a40563-ae3e-05c4-e02d-b8d79f27ea48">
      <TestCategory>
        <TestCategoryItem TestCategory="Search" />
      </TestCategory>
      <Execution id="840d78e7-0798-4a0f-a40c-d783e7b9a425" />
      <TestMethod codeBase="D:\actions-runner\_work\XPCO\XPCO\AllSolutions\..\SC\Components\RemoteViewer\SmartClient\tst\zSmartClient_UnitTest\bin\x64\Debug\net6.0-windows\zSmartClient_UnitTest.dll" adapterTypeName="executor://mstestadapter/v2" className="SmartClient_UnitTest.VideoOS.RemoteClient.Plugin.CentralizedSearch.CentralizedSearchContentHolderTests" name="Init_NullState_InitialStateObtainedFromStateManager" />
    </UnitTest>
    <UnitTest name="GetFeatures_NonCameraMapItemsLayer_ArgumentException" storage="d:\actions-runner\_work\xpco\xpco\allsolutions\..\sc\components\remoteviewer\smartclient\tst\zsmartclient_unittest\bin\x64\debug\net6.0-windows\zsmartclient_unittest.dll" id="1e269b48-31d1-e9d9-6456-feb927b5229e">
      <TestCategory>
        <TestCategoryItem TestCategory="GisMap" />
      </TestCategory>
      <Execution id="ba79cc7f-37ac-4607-9383-d0705c9a4a50" />
      <TestMethod codeBase="D:\actions-runner\_work\XPCO\XPCO\AllSolutions\..\SC\Components\RemoteViewer\SmartClient\tst\zSmartClient_UnitTest\bin\x64\Debug\net6.0-windows\zSmartClient_UnitTest.dll" adapterTypeName="executor://mstestadapter/v2" className="SmartClient_UnitTest.VideoOS.RemoteClient.GisMapData.GisMapBasicTests" name="GetFeatures_NonCameraMapItemsLayer_ArgumentException" />
    </UnitTest>
    <UnitTest name="OnSizeChanged_FivePluginButtonsPresentInActionBar_WithRoomForFourPluginButtonsTwoPluginsMoveToOverflowMenu" storage="d:\actions-runner\_work\xpco\xpco\allsolutions\..\sc\components\remoteviewer\smartclient\tst\zsmartclient_unittest\bin\x64\debug\net6.0-windows\zsmartclient_unittest.dll" id="c2a70a77-deae-9615-f302-cf5bc25a63ec">
      <TestCategory>
        <TestCategoryItem TestCategory="SearchViews" />
      </TestCategory>
      <Execution id="253079e9-ec2e-4852-910f-8dbbef03a513" />
      <TestMethod codeBase="D:\actions-runner\_work\XPCO\XPCO\AllSolutions\..\SC\Components\RemoteViewer\SmartClient\tst\zSmartClient_UnitTest\bin\x64\Debug\net6.0-windows\zSmartClient_UnitTest.dll" adapterTypeName="executor://mstestadapter/v2" className="SmartClient_UnitTest.VideoOS.RemoteClient.Plugin.CentralizedSearch.Views.SearchResultActionBarViewTests" name="OnSizeChanged_FivePluginButtonsPresentInActionBar_WithRoomForFourPluginButtonsTwoPluginsMoveToOverflowMenu" />
    </UnitTest>
    <UnitTest name="AddToExportDevices_ShouldReturnCorrectResult (0,5,5)" storage="d:\actions-runner\_work\xpco\xpco\allsolutions\..\sc\components\remoteviewer\smartclient\tst\zsmartclient_unittest\bin\x64\debug\net6.0-windows\zsmartclient_unittest.dll" id="7cf8856e-c7a5-694a-07b3-b67149d2c5fd">
      <TestCategory>
        <TestCategoryItem TestCategory="Managers" />
      </TestCategory>
      <Execution id="73dc5605-d4be-461e-b45b-9b152d7b68ca" />
      <TestMethod codeBase="D:\actions-runner\_work\XPCO\XPCO\AllSolutions\..\SC\Components\RemoteViewer\SmartClient\tst\zSmartClient_UnitTest\bin\x64\Debug\net6.0-windows\zSmartClient_UnitTest.dll" adapterTypeName="executor://mstestadapter/v2" className="SmartClient_UnitTest.VideoOS.RemoteClient.Application.Managers.ExportManagerTests" name="AddToExportDevices_ShouldReturnCorrectResult" />
    </UnitTest>
    <UnitTest name="Compare_NullVsNull_Equals" storage="d:\actions-runner\_work\xpco\xpco\allsolutions\..\sc\components\remoteviewer\smartclient\tst\zsmartclient_unittest\bin\x64\debug\net6.0-windows\zsmartclient_unittest.dll" id="fab13144-dbad-5831-0a01-3cacac990e32">
      <TestCategory>
        <TestCategoryItem TestCategory="SearchComparers" />
      </TestCategory>
      <Execution id="a5049c11-3a5e-49fe-9c4b-f989a7e13d98" />
      <TestMethod codeBase="D:\actions-runner\_work\XPCO\XPCO\AllSolutions\..\SC\Components\RemoteViewer\SmartClient\tst\zSmartClient_UnitTest\bin\x64\Debug\net6.0-windows\zSmartClient_UnitTest.dll" adapterTypeName="executor://mstestadapter/v2" className="SmartClient_UnitTest.VideoOS.RemoteClient.Plugin.CentralizedSearch.Models.Wrappers.Comparers.BeginTimeWithPaddingComparerTests" name="Compare_NullVsNull_Equals" />
    </UnitTest>
    <UnitTest name="BuildMapOptions_ShouldReturnCorrectNumberOfOptions" storage="d:\actions-runner\_work\xpco\xpco\allsolutions\..\sc\components\remoteviewer\smartclient\tst\zsmartclient_unittest\bin\x64\debug\net6.0-windows\zsmartclient_unittest.dll" id="a8f9d2e6-a062-909a-f825-43244fd288c9">
      <Execution id="449bb1eb-58ae-4a82-ada8-55bb227879ce" />
      <TestMethod codeBase="D:\actions-runner\_work\XPCO\XPCO\AllSolutions\..\SC\Components\RemoteViewer\SmartClient\tst\zSmartClient_UnitTest\bin\x64\Debug\net6.0-windows\zSmartClient_UnitTest.dll" adapterTypeName="executor://mstestadapter/v2" className="SmartClient_UnitTest.VideoOS.RemoteClient.Application.Common.Telemetry.TelemetryBuilderTests" name="BuildMapOptions_ShouldReturnCorrectNumberOfOptions" />
    </UnitTest>
    <UnitTest name="ShowPermissionDeniedToasts_ShouldShowCorrectNumberOfToasts (1,1)" storage="d:\actions-runner\_work\xpco\xpco\allsolutions\..\sc\components\remoteviewer\smartclient\tst\zsmartclient_unittest\bin\x64\debug\net6.0-windows\zsmartclient_unittest.dll" id="131db61b-d56f-3e66-34f7-f920cef250e0">
      <TestCategory>
        <TestCategoryItem TestCategory="Managers" />
      </TestCategory>
      <Execution id="17eb6902-8bc9-4d40-bd65-127746de3ec5" />
      <TestMethod codeBase="D:\actions-runner\_work\XPCO\XPCO\AllSolutions\..\SC\Components\RemoteViewer\SmartClient\tst\zSmartClient_UnitTest\bin\x64\Debug\net6.0-windows\zSmartClient_UnitTest.dll" adapterTypeName="executor://mstestadapter/v2" className="SmartClient_UnitTest.VideoOS.RemoteClient.Application.Managers.ExportResultsNotificationHelperTests" name="ShowPermissionDeniedToasts_ShouldShowCorrectNumberOfToasts" />
    </UnitTest>
    <UnitTest name="ShowAccessControlSystems_ShouldReturnTrue_WhenTwoACSystemsOnlyOneSupportingCardholdersAvailable" storage="d:\actions-runner\_work\xpco\xpco\allsolutions\..\sc\components\remoteviewer\smartclient\tst\zsmartclient_unittest\bin\x64\debug\net6.0-windows\zsmartclient_unittest.dll" id="f144e82e-b1a8-81fa-ae3f-f634d720ce68">
      <Execution id="1d727f87-7377-4044-97e4-8d9ea8e1bf0e" />
      <TestMethod codeBase="D:\actions-runner\_work\XPCO\XPCO\AllSolutions\..\SC\Components\RemoteViewer\SmartClient\tst\zSmartClient_UnitTest\bin\x64\Debug\net6.0-windows\zSmartClient_UnitTest.dll" adapterTypeName="executor://mstestadapter/v2" className="SmartClient_UnitTest.VideoOS.RemoteClient.AccessControl.ViewModel.CardholdersTabViewModelTests" name="ShowAccessControlSystems_ShouldReturnTrue_WhenTwoACSystemsOnlyOneSupportingCardholdersAvailable" />
    </UnitTest>
    <UnitTest name="BindingModelNotEnabled_When_WorkspaceStateDoesNotMatchPlaceDefinition" storage="d:\actions-runner\_work\xpco\xpco\allsolutions\..\sc\components\remoteviewer\smartclient\tst\zsmartclient_unittest\bin\x64\debug\net6.0-windows\zsmartclient_unittest.dll" id="3beeed46-879f-7c95-5996-20291cefba2d">
      <TestCategory>
        <TestCategoryItem TestCategory="WorkspaceToolbar" />
      </TestCategory>
      <Execution id="4c6362f7-0ca7-4fff-b16c-24cb7b9e9f58" />
      <TestMethod codeBase="D:\actions-runner\_work\XPCO\XPCO\AllSolutions\..\SC\Components\RemoteViewer\SmartClient\tst\zSmartClient_UnitTest\bin\x64\Debug\net6.0-windows\zSmartClient_UnitTest.dll" adapterTypeName="executor://mstestadapter/v2" className="SmartClient_UnitTest.VideoOS.RemoteClient.Application.Data.WorkspaceToolbar.WorkspaceToolbarItemMipPluginTests" name="BindingModelNotEnabled_When_WorkspaceStateDoesNotMatchPlaceDefinition" />
    </UnitTest>
    <UnitTest name="Connect_WhenMajorServerVersionIsBelow13_ShouldCreateOldSchClient" storage="d:\actions-runner\_work\xpco\xpco\allsolutions\..\sc\components\remoteviewer\smartclient\tst\zsmartclient_unittest\bin\x64\debug\net6.0-windows\zsmartclient_unittest.dll" id="a2c49861-8cfa-cfb9-a354-4ffbac34fc0c">
      <Execution id="708f9130-0584-4cbd-96c9-710da9bb1932" />
      <TestMethod codeBase="D:\actions-runner\_work\XPCO\XPCO\AllSolutions\..\SC\Components\RemoteViewer\SmartClient\tst\zSmartClient_UnitTest\bin\x64\Debug\net6.0-windows\zSmartClient_UnitTest.dll" adapterTypeName="executor://mstestadapter/v2" className="VideoOS.Shared.ServerAPI.ServiceChannel.UnitTest.ServiceChannelCommandServiceTests" name="Connect_WhenMajorServerVersionIsBelow13_ShouldCreateOldSchClient" />
    </UnitTest>
    <UnitTest name="HandleGetLayerFeatures_ShouldReturnOutputLayerFeatures_WhenOutputKind" storage="d:\actions-runner\_work\xpco\xpco\allsolutions\..\sc\components\remoteviewer\smartclient\tst\zsmartclient_unittest\bin\x64\debug\net6.0-windows\zsmartclient_unittest.dll" id="b00294e4-8686-0263-7a25-105dca27e462">
      <TestCategory>
        <TestCategoryItem TestCategory="GisMapData.Handlers.LayerFeatures" />
      </TestCategory>
      <Execution id="171434d4-1371-48b2-82d6-e7f6a6db5d4e" />
      <TestMethod codeBase="D:\actions-runner\_work\XPCO\XPCO\AllSolutions\..\SC\Components\RemoteViewer\SmartClient\tst\zSmartClient_UnitTest\bin\x64\Debug\net6.0-windows\zSmartClient_UnitTest.dll" adapterTypeName="executor://mstestadapter/v2" className="SmartClient_UnitTest.VideoOS.RemoteClient.GisMapData.Handlers.LayerFeatures.OutputLayerFeaturesHandlerTests" name="HandleGetLayerFeatures_ShouldReturnOutputLayerFeatures_WhenOutputKind" />
    </UnitTest>
    <UnitTest name="ToUnsafeName_SingleNonKeywordName_Success" storage="d:\actions-runner\_work\xpco\xpco\allsolutions\..\sc\components\remoteviewer\smartclient\tst\zsmartclient_unittest\bin\x64\debug\net6.0-windows\zsmartclient_unittest.dll" id="6bf98392-1073-05ae-8e9e-5a0aa6674b1b">
      <Execution id="667387e3-b52b-4e29-a912-403262534743" />
      <TestMethod codeBase="D:\actions-runner\_work\XPCO\XPCO\AllSolutions\..\SC\Components\RemoteViewer\SmartClient\tst\zSmartClient_UnitTest\bin\x64\Debug\net6.0-windows\zSmartClient_UnitTest.dll" adapterTypeName="executor://mstestadapter/v2" className="SmartClient_UnitTest.VideoOS.RemoteClient.Application.Common.Scripting.ReservedJavascriptKeywordsTests" name="ToUnsafeName_SingleNonKeywordName_Success" />
    </UnitTest>
    <UnitTest name="CalculateNewExtent_ShouldScaleEvenly_WhenWithinMax" storage="d:\actions-runner\_work\xpco\xpco\allsolutions\..\sc\components\remoteviewer\smartclient\tst\zsmartclient_unittest\bin\x64\debug\net6.0-windows\zsmartclient_unittest.dll" id="2a7cf9dc-e9f0-7632-64c7-f92d98f50bd4">
      <TestCategory>
        <TestCategoryItem TestCategory="MipItemsUpdateStrategy" />
      </TestCategory>
      <Execution id="1f06ceec-1162-48df-8757-a6a4065f5062" />
      <TestMethod codeBase="D:\actions-runner\_work\XPCO\XPCO\AllSolutions\..\SC\Components\RemoteViewer\SmartClient\tst\zSmartClient_UnitTest\bin\x64\Debug\net6.0-windows\zSmartClient_UnitTest.dll" adapterTypeName="executor://mstestadapter/v2" className="SmartClient_UnitTest.VideoOS.RemoteClient.Plugin.GisMap.MIP.MipItemsUpdateStrategyTests" name="CalculateNewExtent_ShouldScaleEvenly_WhenWithinMax" />
    </UnitTest>
    <UnitTest name="FocusedSearchResultChanged_NoSearchResultSelected_NavigateToHome" storage="d:\actions-runner\_work\xpco\xpco\allsolutions\..\sc\components\remoteviewer\smartclient\tst\zsmartclient_unittest\bin\x64\debug\net6.0-windows\zsmartclient_unittest.dll" id="10564402-f576-f83c-7508-dc98243ffb4b">
      <TestCategory>
        <TestCategoryItem TestCategory="Search.SmartMapPreview" />
      </TestCategory>
      <Execution id="9addfe2f-61a4-4270-ac54-fc0265b1a472" />
      <TestMethod codeBase="D:\actions-runner\_work\XPCO\XPCO\AllSolutions\..\SC\Components\RemoteViewer\SmartClient\tst\zSmartClient_UnitTest\bin\x64\Debug\net6.0-windows\zSmartClient_UnitTest.dll" adapterTypeName="executor://mstestadapter/v2" className="SmartClient_UnitTest.VideoOS.RemoteClient.Plugin.CentralizedSearch.Views.Controls.SmartMap.SmartMapPreviewTests" name="FocusedSearchResultChanged_NoSearchResultSelected_NavigateToHome" />
    </UnitTest>
    <UnitTest name="ActiveInteractionStateBinding_ShouldNotBeNull_WhenCtorIsCalled" storage="d:\actions-runner\_work\xpco\xpco\allsolutions\..\sc\components\remoteviewer\smartclient\tst\zsmartclient_unittest\bin\x64\debug\net6.0-windows\zsmartclient_unittest.dll" id="965180e6-a25e-a55d-955c-d1e2d083f58f">
      <TestCategory>
        <TestCategoryItem TestCategory="GisMap.LocationMarker" />
      </TestCategory>
      <Execution id="b38ba61d-a486-4e7e-84d5-708b67ebbb7e" />
      <TestMethod codeBase="D:\actions-runner\_work\XPCO\XPCO\AllSolutions\..\SC\Components\RemoteViewer\SmartClient\tst\zSmartClient_UnitTest\bin\x64\Debug\net6.0-windows\zSmartClient_UnitTest.dll" adapterTypeName="executor://mstestadapter/v2" className="SmartClient_UnitTest.VideoOS.RemoteClient.Plugin.GisMap.ThinkGeoMap.Markers.LocationMarker.LocationMarkerTests" name="ActiveInteractionStateBinding_ShouldNotBeNull_WhenCtorIsCalled" />
    </UnitTest>
    <UnitTest name="LeftButtonDown_DoubleClickNoZoomHandler_DoesNotCrash" storage="d:\actions-runner\_work\xpco\xpco\allsolutions\..\sc\components\remoteviewer\smartclient\tst\zsmartclient_unittest\bin\x64\debug\net6.0-windows\zsmartclient_unittest.dll" id="9436abbf-5e35-6c76-dd3c-5e8e30ea43e2">
      <TestCategory>
        <TestCategoryItem TestCategory="GisMap.MapControl" />
      </TestCategory>
      <Execution id="84846b7f-8ad2-4c1b-8363-c4978e79e403" />
      <TestMethod codeBase="D:\actions-runner\_work\XPCO\XPCO\AllSolutions\..\SC\Components\RemoteViewer\SmartClient\tst\zSmartClient_UnitTest\bin\x64\Debug\net6.0-windows\zSmartClient_UnitTest.dll" adapterTypeName="executor://mstestadapter/v2" className="SmartClient_UnitTest.VideoOS.RemoteClient.Plugin.GisMap.ThinkGeoMap.ThinkGeoMapControlTests" name="LeftButtonDown_DoubleClickNoZoomHandler_DoesNotCrash" />
    </UnitTest>
    <UnitTest name="TwoHours_Success" storage="d:\actions-runner\_work\xpco\xpco\allsolutions\..\sc\components\remoteviewer\smartclient\tst\zsmartclient_unittest\bin\x64\debug\net6.0-windows\zsmartclient_unittest.dll" id="028566f8-b92e-8888-84dd-3fb5690b9d88">
      <TestCategory>
        <TestCategoryItem TestCategory="Search" />
      </TestCategory>
      <Execution id="4144875c-0606-4789-a7b1-44c4e9c08574" />
      <TestMethod codeBase="D:\actions-runner\_work\XPCO\XPCO\AllSolutions\..\SC\Components\RemoteViewer\SmartClient\tst\zSmartClient_UnitTest\bin\x64\Debug\net6.0-windows\zSmartClient_UnitTest.dll" adapterTypeName="executor://mstestadapter/v2" className="SmartClient_UnitTest.VideoOS.RemoteClient.Plugin.CentralizedSearch.Models.ScopeDurationTests" name="TwoHours_Success" />
    </UnitTest>
    <UnitTest name="SearchResultsActionBarActions_Export_InvokeCommand_DeviceNotAvailable_Failure" storage="d:\actions-runner\_work\xpco\xpco\allsolutions\..\sc\components\remoteviewer\smartclient\tst\zsmartclient_unittest\bin\x64\debug\net6.0-windows\zsmartclient_unittest.dll" id="9338997c-d9a9-672b-42cd-fbb543d1c72e">
      <TestCategory>
        <TestCategoryItem TestCategory="SearchResultActionBarViewModel" />
      </TestCategory>
      <Execution id="fe4ce001-3fa0-4500-b7b4-ab5c8ccac839" />
      <TestMethod codeBase="D:\actions-runner\_work\XPCO\XPCO\AllSolutions\..\SC\Components\RemoteViewer\SmartClient\tst\zSmartClient_UnitTest\bin\x64\Debug\net6.0-windows\zSmartClient_UnitTest.dll" adapterTypeName="executor://mstestadapter/v2" className="SmartClient_UnitTest.VideoOS.RemoteClient.Plugin.CentralizedSearch.ViewModels.SearchResultsActionBarViewModelTest" name="SearchResultsActionBarActions_Export_InvokeCommand_DeviceNotAvailable_Failure" />
    </UnitTest>
    <UnitTest name="TestChangeProperties_Outline_Success" storage="d:\actions-runner\_work\xpco\xpco\allsolutions\..\sc\components\remoteviewer\smartclient\tst\zsmartclient_unittest\bin\x64\debug\net6.0-windows\zsmartclient_unittest.dll" id="2373c7df-8688-ecca-12e2-43612d6b960f">
      <TestCategory>
        <TestCategoryItem TestCategory="GisMapBuilding" />
      </TestCategory>
      <Execution id="6148dda1-121a-45d1-a0a2-095094c30e8e" />
      <TestMethod codeBase="D:\actions-runner\_work\XPCO\XPCO\AllSolutions\..\SC\Components\RemoteViewer\SmartClient\tst\zSmartClient_UnitTest\bin\x64\Debug\net6.0-windows\zSmartClient_UnitTest.dll" adapterTypeName="executor://mstestadapter/v2" className="SmartClient_UnitTest.VideoOS.RemoteClient.GisMap.MapBuildingTests" name="TestChangeProperties_Outline_Success" />
    </UnitTest>
    <UnitTest name="DeleteLevel_WhereLevelsHasBeenRenumbered_Success" storage="d:\actions-runner\_work\xpco\xpco\allsolutions\..\sc\components\remoteviewer\smartclient\tst\zsmartclient_unittest\bin\x64\debug\net6.0-windows\zsmartclient_unittest.dll" id="81b361c4-c965-939e-7e57-636c62f4161d">
      <TestCategory>
        <TestCategoryItem TestCategory="GisMapBuilding" />
      </TestCategory>
      <Execution id="ccef8a04-1d00-4014-8ec1-9460c18dce36" />
      <TestMethod codeBase="D:\actions-runner\_work\XPCO\XPCO\AllSolutions\..\SC\Components\RemoteViewer\SmartClient\tst\zSmartClient_UnitTest\bin\x64\Debug\net6.0-windows\zSmartClient_UnitTest.dll" adapterTypeName="executor://mstestadapter/v2" className="SmartClient_UnitTest.VideoOS.RemoteClient.GisMapData.MapBuildings.MapLevelTests" name="DeleteLevel_WhereLevelsHasBeenRenumbered_Success" />
    </UnitTest>
    <UnitTest name="AutomationId_ShouldBeValid_WhenInteractionStateIsAddCamera" storage="d:\actions-runner\_work\xpco\xpco\allsolutions\..\sc\components\remoteviewer\smartclient\tst\zsmartclient_unittest\bin\x64\debug\net6.0-windows\zsmartclient_unittest.dll" id="9aef69ad-5102-e920-d6a1-4c0ddf8b9303">
      <TestCategory>
        <TestCategoryItem TestCategory="GisMap.UI.DeviceSelectors.PanelComponents" />
      </TestCategory>
      <Execution id="9ccbe6f5-cd5b-4dd6-ab44-62b7fae7c8c3" />
      <TestMethod codeBase="D:\actions-runner\_work\XPCO\XPCO\AllSolutions\..\SC\Components\RemoteViewer\SmartClient\tst\zSmartClient_UnitTest\bin\x64\Debug\net6.0-windows\zSmartClient_UnitTest.dll" adapterTypeName="executor://mstestadapter/v2" className="SmartClient_UnitTest.VideoOS.RemoteClient.Plugin.GisMap.UI.DeviceSelectors.PanelComponents.DeviceSelectorPanelComponentTests" name="AutomationId_ShouldBeValid_WhenInteractionStateIsAddCamera" />
    </UnitTest>
    <UnitTest name="ToDenormalizedDirection_1_0" storage="d:\actions-runner\_work\xpco\xpco\allsolutions\..\sc\components\remoteviewer\smartclient\tst\zsmartclient_unittest\bin\x64\debug\net6.0-windows\zsmartclient_unittest.dll" id="d1eb0766-e5d9-4c32-2713-e353a5504dcf">
      <TestCategory>
        <TestCategoryItem TestCategory="GisMap" />
      </TestCategory>
      <Execution id="6e62d05e-df50-4b8a-91e0-5343a83b9b50" />
      <TestMethod codeBase="D:\actions-runner\_work\XPCO\XPCO\AllSolutions\..\SC\Components\RemoteViewer\SmartClient\tst\zSmartClient_UnitTest\bin\x64\Debug\net6.0-windows\zSmartClient_UnitTest.dll" adapterTypeName="executor://mstestadapter/v2" className="SmartClient_UnitTest.VideoOS.RemoteClient.GisMap.Utilities.GisUtilityTests" name="ToDenormalizedDirection_1_0" />
    </UnitTest>
    <UnitTest name="AddToExportTuples_ShouldReturnCorrectResult (1,0,0)" storage="d:\actions-runner\_work\xpco\xpco\allsolutions\..\sc\components\remoteviewer\smartclient\tst\zsmartclient_unittest\bin\x64\debug\net6.0-windows\zsmartclient_unittest.dll" id="db290d1d-343a-aa78-7298-12912ae25f44">
      <TestCategory>
        <TestCategoryItem TestCategory="Managers" />
      </TestCategory>
      <Execution id="b4ba0e34-29b9-49ee-bfd0-3856fba7b3b4" />
      <TestMethod codeBase="D:\actions-runner\_work\XPCO\XPCO\AllSolutions\..\SC\Components\RemoteViewer\SmartClient\tst\zSmartClient_UnitTest\bin\x64\Debug\net6.0-windows\zSmartClient_UnitTest.dll" adapterTypeName="executor://mstestadapter/v2" className="SmartClient_UnitTest.VideoOS.RemoteClient.Application.Managers.ExportManagerTests" name="AddToExportTuples_ShouldReturnCorrectResult" />
    </UnitTest>
    <UnitTest name="AttributeValueGet_NoItems_ReturnsEmptyList" storage="d:\actions-runner\_work\xpco\xpco\allsolutions\..\sc\components\remoteviewer\smartclient\tst\zsmartclient_unittest\bin\x64\debug\net6.0-windows\zsmartclient_unittest.dll" id="917a5570-b519-84b9-98e6-e30d662a605f">
      <TestCategory>
        <TestCategoryItem TestCategory="Search" />
      </TestCategory>
      <Execution id="3bf94664-a309-4169-b9c7-108e542c16ad" />
      <TestMethod codeBase="D:\actions-runner\_work\XPCO\XPCO\AllSolutions\..\SC\Components\RemoteViewer\SmartClient\tst\zSmartClient_UnitTest\bin\x64\Debug\net6.0-windows\zSmartClient_UnitTest.dll" adapterTypeName="executor://mstestadapter/v2" className="SmartClient_UnitTest.VideoOS.RemoteClient.Plugin.CentralizedSearch.MIPPlugin.Criteria.MultipleSelectionAttributeEditControlTest" name="AttributeValueGet_NoItems_ReturnsEmptyList" />
    </UnitTest>
    <UnitTest name="PtzSessionControllerInfo_UserChangedTest_Different_User" storage="d:\actions-runner\_work\xpco\xpco\allsolutions\..\sc\components\remoteviewer\smartclient\tst\zsmartclient_unittest\bin\x64\debug\net6.0-windows\zsmartclient_unittest.dll" id="c8da5140-6bbf-d2bf-c522-f95e06d6a595">
      <Execution id="8014d5ed-677e-49ff-b86d-9b9321eb6573" />
      <TestMethod codeBase="D:\actions-runner\_work\XPCO\XPCO\AllSolutions\..\SC\Components\RemoteViewer\SmartClient\tst\zSmartClient_UnitTest\bin\x64\Debug\net6.0-windows\zSmartClient_UnitTest.dll" adapterTypeName="executor://mstestadapter/v2" className="VideoOS.RemoteClient.Application.Controllers.UnitTest.PtzSessionControllerTest" name="PtzSessionControllerInfo_UserChangedTest_Different_User" />
    </UnitTest>
    <UnitTest name="AddToExportDevices_ShouldReturnCorrectResult (1,0,1)" storage="d:\actions-runner\_work\xpco\xpco\allsolutions\..\sc\components\remoteviewer\smartclient\tst\zsmartclient_unittest\bin\x64\debug\net6.0-windows\zsmartclient_unittest.dll" id="861f7062-4b72-e737-65a5-00e91edfb64b">
      <TestCategory>
        <TestCategoryItem TestCategory="Managers" />
      </TestCategory>
      <Execution id="7872d5de-c144-4ce1-b696-1cbf82dec9bb" />
      <TestMethod codeBase="D:\actions-runner\_work\XPCO\XPCO\AllSolutions\..\SC\Components\RemoteViewer\SmartClient\tst\zSmartClient_UnitTest\bin\x64\Debug\net6.0-windows\zSmartClient_UnitTest.dll" adapterTypeName="executor://mstestadapter/v2" className="SmartClient_UnitTest.VideoOS.RemoteClient.Application.Managers.ExportManagerTests" name="AddToExportDevices_ShouldReturnCorrectResult" />
    </UnitTest>
    <UnitTest name="ModelSerialization_Serialize_Success" storage="d:\actions-runner\_work\xpco\xpco\allsolutions\..\sc\components\remoteviewer\smartclient\tst\zsmartclient_unittest\bin\x64\debug\net6.0-windows\zsmartclient_unittest.dll" id="82ab9888-0e8e-be7c-a27b-7d4882e76ad2">
      <TestCategory>
        <TestCategoryItem TestCategory="SearchModels" />
      </TestCategory>
      <Execution id="af376c60-1d0c-4eb3-b49a-772a86991b80" />
      <TestMethod codeBase="D:\actions-runner\_work\XPCO\XPCO\AllSolutions\..\SC\Components\RemoteViewer\SmartClient\tst\zSmartClient_UnitTest\bin\x64\Debug\net6.0-windows\zSmartClient_UnitTest.dll" adapterTypeName="executor://mstestadapter/v2" className="SmartClient_UnitTest.VideoOS.RemoteClient.Plugin.CentralizedSearch.Models.SearchModelTests" name="ModelSerialization_Serialize_Success" />
    </UnitTest>
    <UnitTest name="ValidateExportLocation_ShouldReturnFailResult_ExportPathIsInvalid (1213&lt;&gt;!?%)" storage="d:\actions-runner\_work\xpco\xpco\allsolutions\..\sc\components\remoteviewer\smartclient\tst\zsmartclient_unittest\bin\x64\debug\net6.0-windows\zsmartclient_unittest.dll" id="d3281eee-0976-1fa7-ba3c-3f048bbeb9e7">
      <TestCategory>
        <TestCategoryItem TestCategory="Export" />
      </TestCategory>
      <Execution id="aecd91ff-474c-4e28-b274-3fced3e44f66" />
      <TestMethod codeBase="D:\actions-runner\_work\XPCO\XPCO\AllSolutions\..\SC\Components\RemoteViewer\SmartClient\tst\zSmartClient_UnitTest\bin\x64\Debug\net6.0-windows\zSmartClient_UnitTest.dll" adapterTypeName="executor://mstestadapter/v2" className="SmartClient_UnitTest.VideoOS.RemoteClient.Plugin.Export.ExportDataValidatorTests" name="ValidateExportLocation_ShouldReturnFailResult_ExportPathIsInvalid" />
    </UnitTest>
    <UnitTest name="TestChangeProperties_Name_Success" storage="d:\actions-runner\_work\xpco\xpco\allsolutions\..\sc\components\remoteviewer\smartclient\tst\zsmartclient_unittest\bin\x64\debug\net6.0-windows\zsmartclient_unittest.dll" id="ed8d77e0-76a5-81b3-8198-30c2ee7d220a">
      <TestCategory>
        <TestCategoryItem TestCategory="GisMapBuilding" />
      </TestCategory>
      <Execution id="95fa7fce-cf23-43e8-88ef-d9006d3c5582" />
      <TestMethod codeBase="D:\actions-runner\_work\XPCO\XPCO\AllSolutions\..\SC\Components\RemoteViewer\SmartClient\tst\zSmartClient_UnitTest\bin\x64\Debug\net6.0-windows\zSmartClient_UnitTest.dll" adapterTypeName="executor://mstestadapter/v2" className="SmartClient_UnitTest.VideoOS.RemoteClient.GisMap.MapBuildingTests" name="TestChangeProperties_Name_Success" />
    </UnitTest>
    <UnitTest name="OutputMapItem_ForceActivateAsync_InBuilding_UseLastLevel_Success" storage="d:\actions-runner\_work\xpco\xpco\allsolutions\..\sc\components\remoteviewer\smartclient\tst\zsmartclient_unittest\bin\x64\debug\net6.0-windows\zsmartclient_unittest.dll" id="b77ab5c7-4e76-dc3e-b1c6-67decc6894df">
      <TestCategory>
        <TestCategoryItem TestCategory="GisMapData.MapItem.Outputs" />
      </TestCategory>
      <Execution id="553d6412-a854-4e3e-8956-6435cc38501b" />
      <TestMethod codeBase="D:\actions-runner\_work\XPCO\XPCO\AllSolutions\..\SC\Components\RemoteViewer\SmartClient\tst\zSmartClient_UnitTest\bin\x64\Debug\net6.0-windows\zSmartClient_UnitTest.dll" adapterTypeName="executor://mstestadapter/v2" className="SmartClient_UnitTest.VideoOS.RemoteClient.GisMapData.MapItem.Outputs.OutputMapItemTests" name="OutputMapItem_ForceActivateAsync_InBuilding_UseLastLevel_Success" />
    </UnitTest>
    <UnitTest name="Toolbar_IsVisible_WhenInPlayback" storage="d:\actions-runner\_work\xpco\xpco\allsolutions\..\sc\components\remoteviewer\smartclient\tst\zsmartclient_unittest\bin\x64\debug\net6.0-windows\zsmartclient_unittest.dll" id="60f76d2a-8443-d6c5-ab49-4b19e96bdb7e">
      <TestCategory>
        <TestCategoryItem TestCategory="WorkspaceToolbar" />
      </TestCategory>
      <Execution id="4cc63ab5-1377-4c19-ba68-72eb73322d1f" />
      <TestMethod codeBase="D:\actions-runner\_work\XPCO\XPCO\AllSolutions\..\SC\Components\RemoteViewer\SmartClient\tst\zSmartClient_UnitTest\bin\x64\Debug\net6.0-windows\zSmartClient_UnitTest.dll" adapterTypeName="executor://mstestadapter/v2" className="SmartClient_UnitTest.VideoOS.RemoteClient.Application.UI.Content.WorkspaceToolbar.WorkspaceToolbarViewModelTests" name="Toolbar_IsVisible_WhenInPlayback" />
    </UnitTest>
    <UnitTest name="SupportsRightClick_ShouldBeFalse_WhenInteractionStateIsNotNormal" storage="d:\actions-runner\_work\xpco\xpco\allsolutions\..\sc\components\remoteviewer\smartclient\tst\zsmartclient_unittest\bin\x64\debug\net6.0-windows\zsmartclient_unittest.dll" id="d8157b41-29f4-4a55-1811-3e5273ac9071">
      <TestCategory>
        <TestCategoryItem TestCategory="GisMap.LinkMarker" />
      </TestCategory>
      <Execution id="494b2c59-ad3a-4cec-a28b-7289c918f23e" />
      <TestMethod codeBase="D:\actions-runner\_work\XPCO\XPCO\AllSolutions\..\SC\Components\RemoteViewer\SmartClient\tst\zSmartClient_UnitTest\bin\x64\Debug\net6.0-windows\zSmartClient_UnitTest.dll" adapterTypeName="executor://mstestadapter/v2" className="SmartClient_UnitTest.VideoOS.RemoteClient.Plugin.GisMap.ThinkGeoMap.Markers.LinkMarker.LinkMarkerTests" name="SupportsRightClick_ShouldBeFalse_WhenInteractionStateIsNotNormal" />
    </UnitTest>
    <UnitTest name="LoginPlugins_ShouldContainOneAccessControlLoginPluginElement_WhenCloseHasBeenPreviouslyCalled" storage="d:\actions-runner\_work\xpco\xpco\allsolutions\..\sc\components\remoteviewer\smartclient\tst\zsmartclient_unittest\bin\x64\debug\net6.0-windows\zsmartclient_unittest.dll" id="885e02ef-e416-e860-c427-66861a1cef8a">
      <TestCategory>
        <TestCategoryItem TestCategory="AccessControl.MipPlugins.WorkSpace" />
      </TestCategory>
      <Execution id="514794c8-9e24-4f73-a07f-cfb14d83bfcf" />
      <TestMethod codeBase="D:\actions-runner\_work\XPCO\XPCO\AllSolutions\..\SC\Components\RemoteViewer\SmartClient\tst\zSmartClient_UnitTest\bin\x64\Debug\net6.0-windows\zSmartClient_UnitTest.dll" adapterTypeName="executor://mstestadapter/v2" className="SmartClient_UnitTest.VideoOS.RemoteClient.AccessControl.MipPlugins.WorkSpace.AccessControlPluginDefinitionTests" name="LoginPlugins_ShouldContainOneAccessControlLoginPluginElement_WhenCloseHasBeenPreviouslyCalled" />
    </UnitTest>
    <UnitTest name="HandlePermissionDeniedResults_ShouldShowMessageAndToast (1,1)" storage="d:\actions-runner\_work\xpco\xpco\allsolutions\..\sc\components\remoteviewer\smartclient\tst\zsmartclient_unittest\bin\x64\debug\net6.0-windows\zsmartclient_unittest.dll" id="0c9a7b17-025a-1c6f-0a94-cc61778b84eb">
      <TestCategory>
        <TestCategoryItem TestCategory="Managers" />
      </TestCategory>
      <Execution id="84a444e8-6973-4e59-9b83-01964416c3b4" />
      <TestMethod codeBase="D:\actions-runner\_work\XPCO\XPCO\AllSolutions\..\SC\Components\RemoteViewer\SmartClient\tst\zSmartClient_UnitTest\bin\x64\Debug\net6.0-windows\zSmartClient_UnitTest.dll" adapterTypeName="executor://mstestadapter/v2" className="SmartClient_UnitTest.VideoOS.RemoteClient.Application.Managers.ExportResultsNotificationHelperTests" name="HandlePermissionDeniedResults_ShouldShowMessageAndToast" />
    </UnitTest>
    <UnitTest name="Load_Save_Success" storage="d:\actions-runner\_work\xpco\xpco\allsolutions\..\sc\components\remoteviewer\smartclient\tst\zsmartclient_unittest\bin\x64\debug\net6.0-windows\zsmartclient_unittest.dll" id="47884aeb-7497-b6ff-3c54-8cf7d508053b">
      <TestCategory>
        <TestCategoryItem TestCategory="GisMapMapItem" />
      </TestCategory>
      <Execution id="473c06ab-94fa-40d7-af44-56231da5cb49" />
      <TestMethod codeBase="D:\actions-runner\_work\XPCO\XPCO\AllSolutions\..\SC\Components\RemoteViewer\SmartClient\tst\zSmartClient_UnitTest\bin\x64\Debug\net6.0-windows\zSmartClient_UnitTest.dll" adapterTypeName="executor://mstestadapter/v2" className="SmartClient_UnitTest.VideoOS.RemoteClient.GisMap.MapItem.LocationMapItemTests" name="Load_Save_Success" />
    </UnitTest>
    <UnitTest name="TestLoadLevelsAsync_Success" storage="d:\actions-runner\_work\xpco\xpco\allsolutions\..\sc\components\remoteviewer\smartclient\tst\zsmartclient_unittest\bin\x64\debug\net6.0-windows\zsmartclient_unittest.dll" id="a1ef0514-5d41-eded-e838-32de99602a54">
      <TestCategory>
        <TestCategoryItem TestCategory="GisMapBuilding" />
      </TestCategory>
      <Execution id="36b791fb-7ca4-44f8-967d-eb53284df6c7" />
      <TestMethod codeBase="D:\actions-runner\_work\XPCO\XPCO\AllSolutions\..\SC\Components\RemoteViewer\SmartClient\tst\zSmartClient_UnitTest\bin\x64\Debug\net6.0-windows\zSmartClient_UnitTest.dll" adapterTypeName="executor://mstestadapter/v2" className="SmartClient_UnitTest.VideoOS.RemoteClient.GisMap.MapBuildingTests" name="TestLoadLevelsAsync_Success" />
    </UnitTest>
    <UnitTest name="AndOrSearchDefinitionToCornerRadiusMultiConverter_CallConvert_SingleAnd" storage="d:\actions-runner\_work\xpco\xpco\allsolutions\..\sc\components\remoteviewer\smartclient\tst\zsmartclient_unittest\bin\x64\debug\net6.0-windows\zsmartclient_unittest.dll" id="90f79a7f-93e8-4862-4be1-6691fb292404">
      <TestCategory>
        <TestCategoryItem TestCategory="SearchConverter" />
      </TestCategory>
      <Execution id="5f265e38-9581-48ca-8e71-2c40701b1669" />
      <TestMethod codeBase="D:\actions-runner\_work\XPCO\XPCO\AllSolutions\..\SC\Components\RemoteViewer\SmartClient\tst\zSmartClient_UnitTest\bin\x64\Debug\net6.0-windows\zSmartClient_UnitTest.dll" adapterTypeName="executor://mstestadapter/v2" className="SmartClient_UnitTest.VideoOS.RemoteClient.Plugin.CentralizedSearch.Views.Converters.AndOrSearchDefinitionMultiConverterTests" name="AndOrSearchDefinitionToCornerRadiusMultiConverter_CallConvert_SingleAnd" />
    </UnitTest>
    <UnitTest name="GetUnmutedMicrophoneIconId_ShouldReturnValidUnMutedMicrophoneIconId_WhenValidMutedMicrophoneIconIdIsProvided" storage="d:\actions-runner\_work\xpco\xpco\allsolutions\..\sc\components\remoteviewer\smartclient\tst\zsmartclient_unittest\bin\x64\debug\net6.0-windows\zsmartclient_unittest.dll" id="0110325c-27e3-3325-4a17-71d49ff6f036">
      <TestCategory>
        <TestCategoryItem TestCategory="GisMapData.MicrophoneOemResourcesProviderTests" />
      </TestCategory>
      <Execution id="7409883b-ab41-4c84-af7f-174e07251c1b" />
      <TestMethod codeBase="D:\actions-runner\_work\XPCO\XPCO\AllSolutions\..\SC\Components\RemoteViewer\SmartClient\tst\zSmartClient_UnitTest\bin\x64\Debug\net6.0-windows\zSmartClient_UnitTest.dll" adapterTypeName="executor://mstestadapter/v2" className="SmartClient_UnitTest.VideoOS.RemoteClient.GisMapData.Resources.MicrophoneOemResourcesProviderTests" name="GetUnmutedMicrophoneIconId_ShouldReturnValidUnMutedMicrophoneIconId_WhenValidMutedMicrophoneIconIdIsProvided" />
    </UnitTest>
    <UnitTest name="ComparerSet_NewValue_EventFired" storage="d:\actions-runner\_work\xpco\xpco\allsolutions\..\sc\components\remoteviewer\smartclient\tst\zsmartclient_unittest\bin\x64\debug\net6.0-windows\zsmartclient_unittest.dll" id="07465ce7-6373-2a9f-806a-3101b38a9200">
      <TestCategory>
        <TestCategoryItem TestCategory="SearchResultsPreprocessor" />
      </TestCategory>
      <Execution id="668447e0-e04b-43f9-9168-4ec9d60db9ef" />
      <TestMethod codeBase="D:\actions-runner\_work\XPCO\XPCO\AllSolutions\..\SC\Components\RemoteViewer\SmartClient\tst\zSmartClient_UnitTest\bin\x64\Debug\net6.0-windows\zSmartClient_UnitTest.dll" adapterTypeName="executor://mstestadapter/v2" className="SmartClient_UnitTest.VideoOS.RemoteClient.Plugin.CentralizedSearch.Models.SearchResultsPreprocessorTests" name="ComparerSet_NewValue_EventFired" />
    </UnitTest>
    <UnitTest name="TestForAssemblyCoverage" storage="d:\actions-runner\_work\xpco\xpco\allsolutions\..\sc\components\remoteviewer\smartclient\tst\zsmartclient_unittest\bin\x64\debug\net6.0-windows\zsmartclient_unittest.dll" id="cb3c2aec-6735-d3a0-5cab-578bcfb4d46d">
      <Execution id="19ee2e00-f4b3-4bf1-be00-ceafad4fd9e9" />
      <TestMethod codeBase="D:\actions-runner\_work\XPCO\XPCO\AllSolutions\..\SC\Components\RemoteViewer\SmartClient\tst\zSmartClient_UnitTest\bin\x64\Debug\net6.0-windows\zSmartClient_UnitTest.dll" adapterTypeName="executor://mstestadapter/v2" className="SmartClient_UnitTest.VideoOS.RemoteClient.Plugin.Carrousel.UnitTest1" name="TestForAssemblyCoverage" />
    </UnitTest>
    <UnitTest name="Constructor_ShouldThrowAnException_WhenWorkroomIsNull" storage="d:\actions-runner\_work\xpco\xpco\allsolutions\..\sc\components\remoteviewer\smartclient\tst\zsmartclient_unittest\bin\x64\debug\net6.0-windows\zsmartclient_unittest.dll" id="47224733-ad21-5fec-3afd-19ad43870d88">
      <TestCategory>
        <TestCategoryItem TestCategory="WorkspaceToolbar" />
      </TestCategory>
      <Execution id="25a5ac44-71f3-488a-946a-5f2944fd4678" />
      <TestMethod codeBase="D:\actions-runner\_work\XPCO\XPCO\AllSolutions\..\SC\Components\RemoteViewer\SmartClient\tst\zSmartClient_UnitTest\bin\x64\Debug\net6.0-windows\zSmartClient_UnitTest.dll" adapterTypeName="executor://mstestadapter/v2" className="SmartClient_UnitTest.VideoOS.RemoteClient.Application.Data.WorkspaceToolbar.WorkspaceToolbarItemMipPluginTests" name="Constructor_ShouldThrowAnException_WhenWorkroomIsNull" />
    </UnitTest>
    <UnitTest name="Constructor_ShouldAttachOnUpdateMutedMicrophonesRaised_WhenCalled" storage="d:\actions-runner\_work\xpco\xpco\allsolutions\..\sc\components\remoteviewer\smartclient\tst\zsmartclient_unittest\bin\x64\debug\net6.0-windows\zsmartclient_unittest.dll" id="fd55daeb-7419-55fa-3178-07b8b00e171d">
      <TestCategory>
        <TestCategoryItem TestCategory="GisMapData.MapLayers" />
      </TestCategory>
      <Execution id="6f460d39-939b-4aa4-b43e-9daa9e5b75b6" />
      <TestMethod codeBase="D:\actions-runner\_work\XPCO\XPCO\AllSolutions\..\SC\Components\RemoteViewer\SmartClient\tst\zSmartClient_UnitTest\bin\x64\Debug\net6.0-windows\zSmartClient_UnitTest.dll" adapterTypeName="executor://mstestadapter/v2" className="SmartClient_UnitTest.VideoOS.RemoteClient.GisMapData.MapLayers.MicrophoneItemsMapLayerTests" name="Constructor_ShouldAttachOnUpdateMutedMicrophonesRaised_WhenCalled" />
    </UnitTest>
    <UnitTest name="Ctor_NullPassedToNotNullParameters_Failure" storage="d:\actions-runner\_work\xpco\xpco\allsolutions\..\sc\components\remoteviewer\smartclient\tst\zsmartclient_unittest\bin\x64\debug\net6.0-windows\zsmartclient_unittest.dll" id="ff37e13a-ef96-a965-37b4-7e2b5b7bc7cd">
      <TestCategory>
        <TestCategoryItem TestCategory="Search" />
      </TestCategory>
      <Execution id="6759e7e0-dba8-4645-836f-3133e1f6f0f8" />
      <TestMethod codeBase="D:\actions-runner\_work\XPCO\XPCO\AllSolutions\..\SC\Components\RemoteViewer\SmartClient\tst\zSmartClient_UnitTest\bin\x64\Debug\net6.0-windows\zSmartClient_UnitTest.dll" adapterTypeName="executor://mstestadapter/v2" className="SmartClient_UnitTest.VideoOS.RemoteClient.Plugin.CentralizedSearch.MIPPlugin.CompositeSearchDefinitionTests" name="Ctor_NullPassedToNotNullParameters_Failure" />
    </UnitTest>
    <UnitTest name="PatrollingStepViewModel_CreatePatrollingStepViewModel_Success" storage="d:\actions-runner\_work\xpco\xpco\allsolutions\..\sc\components\remoteviewer\smartclient\tst\zsmartclient_unittest\bin\x64\debug\net6.0-windows\zsmartclient_unittest.dll" id="a23b4ce6-5a10-4f53-6d78-06dd8b92b431">
      <Execution id="fb252528-2805-442f-822d-3c4bbe129783" />
      <TestMethod codeBase="D:\actions-runner\_work\XPCO\XPCO\AllSolutions\..\SC\Components\RemoteViewer\SmartClient\tst\zSmartClient_UnitTest\bin\x64\Debug\net6.0-windows\zSmartClient_UnitTest.dll" adapterTypeName="executor://mstestadapter/v2" className="SmartClient_UnitTest.VideoOS.RemoteClient.Application.UI.PtzPreset.PatrollingViewModel.PatrollingStepViewModelTest" name="PatrollingStepViewModel_CreatePatrollingStepViewModel_Success" />
    </UnitTest>
    <UnitTest name="PatrollingStepListViewModel_AddStepExecute_NoPreset" storage="d:\actions-runner\_work\xpco\xpco\allsolutions\..\sc\components\remoteviewer\smartclient\tst\zsmartclient_unittest\bin\x64\debug\net6.0-windows\zsmartclient_unittest.dll" id="a159b604-532f-6996-d93d-757652430688">
      <Execution id="46abcf6a-f412-4c4a-8b8b-3403ba40b092" />
      <TestMethod codeBase="D:\actions-runner\_work\XPCO\XPCO\AllSolutions\..\SC\Components\RemoteViewer\SmartClient\tst\zSmartClient_UnitTest\bin\x64\Debug\net6.0-windows\zSmartClient_UnitTest.dll" adapterTypeName="executor://mstestadapter/v2" className="SmartClient_UnitTest.VideoOS.RemoteClient.Application.UI.PtzPreset.PatrollingViewModel.PatrollingStepListViewModelTest" name="PatrollingStepListViewModel_AddStepExecute_NoPreset" />
    </UnitTest>
    <UnitTest name="TestUpdateState_NotLoggedIn" storage="d:\actions-runner\_work\xpco\xpco\allsolutions\..\sc\components\remoteviewer\smartclient\tst\zsmartclient_unittest\bin\x64\debug\net6.0-windows\zsmartclient_unittest.dll" id="c98d87e1-2599-14ad-dad8-186cb5a68eb4">
      <TestCategory>
        <TestCategoryItem TestCategory="WorkspaceToolbar" />
      </TestCategory>
      <Execution id="96413f63-fb59-416d-b0b4-963d3a1666c2" />
      <TestMethod codeBase="D:\actions-runner\_work\XPCO\XPCO\AllSolutions\..\SC\Components\RemoteViewer\SmartClient\tst\zSmartClient_UnitTest\bin\x64\Debug\net6.0-windows\zSmartClient_UnitTest.dll" adapterTypeName="executor://mstestadapter/v2" className="SmartClient_UnitTest.VideoOS.RemoteClient.Application.Data.WorkspaceToolbar.WorkspaceToolbarItemSmartSearchTests" name="TestUpdateState_NotLoggedIn" />
    </UnitTest>
    <UnitTest name="MainScopeTitleMaxWidthConverter_ProvideValueSuccess" storage="d:\actions-runner\_work\xpco\xpco\allsolutions\..\sc\components\remoteviewer\smartclient\tst\zsmartclient_unittest\bin\x64\debug\net6.0-windows\zsmartclient_unittest.dll" id="c3f29bf2-4c11-11c6-eb66-4e32acc46d8c">
      <TestCategory>
        <TestCategoryItem TestCategory="SearchConverter" />
      </TestCategory>
      <Execution id="2f90d35f-cba4-4b95-a79a-ac583550c309" />
      <TestMethod codeBase="D:\actions-runner\_work\XPCO\XPCO\AllSolutions\..\SC\Components\RemoteViewer\SmartClient\tst\zSmartClient_UnitTest\bin\x64\Debug\net6.0-windows\zSmartClient_UnitTest.dll" adapterTypeName="executor://mstestadapter/v2" className="SmartClient_UnitTest.VideoOS.RemoteClient.Plugin.CentralizedSearch.Views.Converters.MainScopeTitleMaxWidthConverterTests" name="MainScopeTitleMaxWidthConverter_ProvideValueSuccess" />
    </UnitTest>
    <UnitTest name="BoundingBoxPlaybackNoLiveOrPlaybackHandler" storage="d:\actions-runner\_work\xpco\xpco\allsolutions\..\sc\components\remoteviewer\smartclient\tst\zsmartclient_unittest\bin\x64\debug\net6.0-windows\zsmartclient_unittest.dll" id="c8bbc1da-c94e-b071-1c1c-4c9621410661">
      <Execution id="92e994a7-7d2d-48fe-ae90-d5b1757a6f89" />
      <TestMethod codeBase="D:\actions-runner\_work\XPCO\XPCO\AllSolutions\..\SC\Components\RemoteViewer\SmartClient\tst\zSmartClient_UnitTest\bin\x64\Debug\net6.0-windows\zSmartClient_UnitTest.dll" adapterTypeName="executor://mstestadapter/v2" className="SmartClient_UnitTest.VideoOS.RemoteClient.Application.Data.Metadata.BoundingBoxes.BoundingBoxProviderTest" name="BoundingBoxPlaybackNoLiveOrPlaybackHandler" />
    </UnitTest>
    <UnitTest name="GetGisMapLayerFlyoutName_ShouldRaiseArgumentNullException_WhenCultureInfoIsNull" storage="d:\actions-runner\_work\xpco\xpco\allsolutions\..\sc\components\remoteviewer\smartclient\tst\zsmartclient_unittest\bin\x64\debug\net6.0-windows\zsmartclient_unittest.dll" id="702b2a99-3d22-8fb5-d555-a5570edf1677">
      <TestCategory>
        <TestCategoryItem TestCategory="GisMapData.Controllers.Osm" />
      </TestCategory>
      <Execution id="4d413b10-5445-4e9a-95fd-24cce6cb1dea" />
      <TestMethod codeBase="D:\actions-runner\_work\XPCO\XPCO\AllSolutions\..\SC\Components\RemoteViewer\SmartClient\tst\zSmartClient_UnitTest\bin\x64\Debug\net6.0-windows\zSmartClient_UnitTest.dll" adapterTypeName="executor://mstestadapter/v2" className="SmartClient_UnitTest.VideoOS.RemoteClient.GisMapData.Controllers.Osm.GisMapOsmControllerTests" name="GetGisMapLayerFlyoutName_ShouldRaiseArgumentNullException_WhenCultureInfoIsNull" />
    </UnitTest>
    <UnitTest name="HandleGetLayerFeatures_ShouldRaiseArgumentException_WhenNotOutputKind" storage="d:\actions-runner\_work\xpco\xpco\allsolutions\..\sc\components\remoteviewer\smartclient\tst\zsmartclient_unittest\bin\x64\debug\net6.0-windows\zsmartclient_unittest.dll" id="873b07ed-167b-fa39-bd63-4c1afd4d93c5">
      <TestCategory>
        <TestCategoryItem TestCategory="GisMapData.Handlers.LayerFeatures" />
      </TestCategory>
      <Execution id="35c9f654-c5f8-40d5-82b8-bde1fc88dc92" />
      <TestMethod codeBase="D:\actions-runner\_work\XPCO\XPCO\AllSolutions\..\SC\Components\RemoteViewer\SmartClient\tst\zSmartClient_UnitTest\bin\x64\Debug\net6.0-windows\zSmartClient_UnitTest.dll" adapterTypeName="executor://mstestadapter/v2" className="SmartClient_UnitTest.VideoOS.RemoteClient.GisMapData.Handlers.LayerFeatures.OutputLayerFeaturesHandlerTests" name="HandleGetLayerFeatures_ShouldRaiseArgumentException_WhenNotOutputKind" />
    </UnitTest>
    <UnitTest name="Constructor_ShouldRaiseArgumentNullException_WhenNextDeviceDataHandlerIsNull" storage="d:\actions-runner\_work\xpco\xpco\allsolutions\..\sc\components\remoteviewer\smartclient\tst\zsmartclient_unittest\bin\x64\debug\net6.0-windows\zsmartclient_unittest.dll" id="88adc3c3-8805-8765-8e54-e11a02ee63c8">
      <TestCategory>
        <TestCategoryItem TestCategory="GisMap.Handlers.Devices.MapItems" />
      </TestCategory>
      <Execution id="86662ee7-0c18-4fec-b86f-1744df92f4e7" />
      <TestMethod codeBase="D:\actions-runner\_work\XPCO\XPCO\AllSolutions\..\SC\Components\RemoteViewer\SmartClient\tst\zSmartClient_UnitTest\bin\x64\Debug\net6.0-windows\zSmartClient_UnitTest.dll" adapterTypeName="executor://mstestadapter/v2" className="SmartClient_UnitTest.VideoOS.RemoteClient.Plugin.GisMap.Handlers.Devices.MapItems.OutputDataHandlerTests" name="Constructor_ShouldRaiseArgumentNullException_WhenNextDeviceDataHandlerIsNull" />
    </UnitTest>
    <UnitTest name="Command_WithInputValues_PluginInstanceActivateCalled" storage="d:\actions-runner\_work\xpco\xpco\allsolutions\..\sc\components\remoteviewer\smartclient\tst\zsmartclient_unittest\bin\x64\debug\net6.0-windows\zsmartclient_unittest.dll" id="2e48f727-377d-16c5-c400-f5ba4ec6882c">
      <TestCategory>
        <TestCategoryItem TestCategory="SearchResultsAction" />
      </TestCategory>
      <Execution id="c3677e31-093d-4d3b-921b-f5e2333afc6e" />
      <TestMethod codeBase="D:\actions-runner\_work\XPCO\XPCO\AllSolutions\..\SC\Components\RemoteViewer\SmartClient\tst\zSmartClient_UnitTest\bin\x64\Debug\net6.0-windows\zSmartClient_UnitTest.dll" adapterTypeName="executor://mstestadapter/v2" className="SmartClient_UnitTest.VideoOS.RemoteClient.Plugin.CentralizedSearch.ViewModels.SearchResultsActionViewModelTests" name="Command_WithInputValues_PluginInstanceActivateCalled" />
    </UnitTest>
    <UnitTest name="TryAddInterval_ShouldReturnCorrectValue (False,False,PermissionDenied)" storage="d:\actions-runner\_work\xpco\xpco\allsolutions\..\sc\components\remoteviewer\smartclient\tst\zsmartclient_unittest\bin\x64\debug\net6.0-windows\zsmartclient_unittest.dll" id="6e25d482-aece-59bc-9c5e-d67985d22dcc">
      <TestCategory>
        <TestCategoryItem TestCategory="Managers" />
      </TestCategory>
      <Execution id="1bad870d-c13c-4889-8b11-31401a492157" />
      <TestMethod codeBase="D:\actions-runner\_work\XPCO\XPCO\AllSolutions\..\SC\Components\RemoteViewer\SmartClient\tst\zSmartClient_UnitTest\bin\x64\Debug\net6.0-windows\zSmartClient_UnitTest.dll" adapterTypeName="executor://mstestadapter/v2" className="SmartClient_UnitTest.VideoOS.RemoteClient.Application.Managers.ExportManagerTests" name="TryAddInterval_ShouldReturnCorrectValue" />
    </UnitTest>
    <UnitTest name="ShouldReturnFalseWhenExtentChangedButWithinPrevious" storage="d:\actions-runner\_work\xpco\xpco\allsolutions\..\sc\components\remoteviewer\smartclient\tst\zsmartclient_unittest\bin\x64\debug\net6.0-windows\zsmartclient_unittest.dll" id="9c5832f3-6c80-ca09-af3f-21dab48f2284">
      <TestCategory>
        <TestCategoryItem TestCategory="MipItemsUpdateStrategy" />
      </TestCategory>
      <Execution id="f05ec4d7-5383-4afd-86aa-e888f1ecdb4d" />
      <TestMethod codeBase="D:\actions-runner\_work\XPCO\XPCO\AllSolutions\..\SC\Components\RemoteViewer\SmartClient\tst\zSmartClient_UnitTest\bin\x64\Debug\net6.0-windows\zSmartClient_UnitTest.dll" adapterTypeName="executor://mstestadapter/v2" className="SmartClient_UnitTest.VideoOS.RemoteClient.Plugin.GisMap.MIP.MipItemsUpdateStrategyTests" name="ShouldReturnFalseWhenExtentChangedButWithinPrevious" />
    </UnitTest>
    <UnitTest name="ValidEncryptionStrengthsForExport_ShouldOnlyReturnAes256_WhenLegacyEncryptionNotEnabledInAppConfig" storage="d:\actions-runner\_work\xpco\xpco\allsolutions\..\sc\components\remoteviewer\smartclient\tst\zsmartclient_unittest\bin\x64\debug\net6.0-windows\zsmartclient_unittest.dll" id="7303b39e-095c-d519-9482-2df53e696cb0">
      <TestCategory>
        <TestCategoryItem TestCategory="Encryption" />
      </TestCategory>
      <Execution id="8b27137b-dc73-4955-80b0-74cb5bf5e4f8" />
      <TestMethod codeBase="D:\actions-runner\_work\XPCO\XPCO\AllSolutions\..\SC\Components\RemoteViewer\SmartClient\tst\zSmartClient_UnitTest\bin\x64\Debug\net6.0-windows\zSmartClient_UnitTest.dll" adapterTypeName="executor://mstestadapter/v2" className="SmartClient_UnitTest.VideoOS.RemoteClient.Application.Data.Export.Validation.ValidateEncryptionStrengthTests" name="ValidEncryptionStrengthsForExport_ShouldOnlyReturnAes256_WhenLegacyEncryptionNotEnabledInAppConfig" />
    </UnitTest>
    <UnitTest name="LoadBuilding_DefaultLevel_Selected" storage="d:\actions-runner\_work\xpco\xpco\allsolutions\..\sc\components\remoteviewer\smartclient\tst\zsmartclient_unittest\bin\x64\debug\net6.0-windows\zsmartclient_unittest.dll" id="efa5f5d5-e246-d31e-90ae-ee25a83e9147">
      <TestCategory>
        <TestCategoryItem TestCategory="GisMapBuilding" />
      </TestCategory>
      <Execution id="ab6c1e32-816d-43d2-bc5c-9157d1f6b7e3" />
      <TestMethod codeBase="D:\actions-runner\_work\XPCO\XPCO\AllSolutions\..\SC\Components\RemoteViewer\SmartClient\tst\zSmartClient_UnitTest\bin\x64\Debug\net6.0-windows\zSmartClient_UnitTest.dll" adapterTypeName="executor://mstestadapter/v2" className="SmartClient_UnitTest.VideoOS.RemoteClient.GisMap.MapBuildingTests" name="LoadBuilding_DefaultLevel_Selected" />
    </UnitTest>
    <UnitTest name="AddClientId_WhereClientIsValid_ReturnsGoogleMapsUrl" storage="d:\actions-runner\_work\xpco\xpco\allsolutions\..\sc\components\remoteviewer\smartclient\tst\zsmartclient_unittest\bin\x64\debug\net6.0-windows\zsmartclient_unittest.dll" id="96b04f8c-f777-c014-a499-dfe98011948d">
      <Execution id="877ad2ac-70c7-48d7-a934-8e676ca62a05" />
      <TestMethod codeBase="D:\actions-runner\_work\XPCO\XPCO\AllSolutions\..\SC\Components\RemoteViewer\SmartClient\tst\zSmartClient_UnitTest\bin\x64\Debug\net6.0-windows\zSmartClient_UnitTest.dll" adapterTypeName="executor://mstestadapter/v2" className="SmartClient_UnitTest.VideoOS.RemoteClient.Plugin.GisMap.Utilities.GoogleApiUrlTest" name="AddClientId_WhereClientIsValid_ReturnsGoogleMapsUrl" />
    </UnitTest>
    <UnitTest name="Password too short" storage="d:\actions-runner\_work\xpco\xpco\allsolutions\..\sc\components\remoteviewer\smartclient\tst\zsmartclient_unittest\bin\x64\debug\net6.0-windows\zsmartclient_unittest.dll" id="9c878434-1b6f-51cd-943c-ef6ecaa488ad">
      <TestCategory>
        <TestCategoryItem TestCategory="Export" />
      </TestCategory>
      <Execution id="4a33e608-8936-4ea5-9892-6a8b28febdac" />
      <TestMethod codeBase="D:\actions-runner\_work\XPCO\XPCO\AllSolutions\..\SC\Components\RemoteViewer\SmartClient\tst\zSmartClient_UnitTest\bin\x64\Debug\net6.0-windows\zSmartClient_UnitTest.dll" adapterTypeName="executor://mstestadapter/v2" className="SmartClient_UnitTest.VideoOS.RemoteClient.Plugin.Export.PasswordDialogViewModelTests" name="SettingPassword1_ShouldSetIsPassword1Valid" />
    </UnitTest>
    <UnitTest name="GetSearchReportDialog_SelectedSearchResults_MultiResults_Success" storage="d:\actions-runner\_work\xpco\xpco\allsolutions\..\sc\components\remoteviewer\smartclient\tst\zsmartclient_unittest\bin\x64\debug\net6.0-windows\zsmartclient_unittest.dll" id="76aaeca3-fba5-a4e3-743c-70ebeb58a048">
      <TestCategory>
        <TestCategoryItem TestCategory="Search" />
      </TestCategory>
      <Execution id="2dfda43c-8664-4463-b0b0-a3f5f4d45e33" />
      <TestMethod codeBase="D:\actions-runner\_work\XPCO\XPCO\AllSolutions\..\SC\Components\RemoteViewer\SmartClient\tst\zSmartClient_UnitTest\bin\x64\Debug\net6.0-windows\zSmartClient_UnitTest.dll" adapterTypeName="executor://mstestadapter/v2" className="SmartClient_UnitTest.VideoOS.RemoteClient.Plugin.CentralizedSearch.ViewModels.Utility.SearchReportHandlerTests" name="GetSearchReportDialog_SelectedSearchResults_MultiResults_Success" />
    </UnitTest>
    <UnitTest name="CameraListCleared_ShouldRemoveAnyPendingSearches" storage="d:\actions-runner\_work\xpco\xpco\allsolutions\..\sc\components\remoteviewer\smartclient\tst\zsmartclient_unittest\bin\x64\debug\net6.0-windows\zsmartclient_unittest.dll" id="47525e4b-96e7-dfdf-5445-9a26f7449bd8">
      <TestCategory>
        <TestCategoryItem TestCategory="SearchModels" />
      </TestCategory>
      <Execution id="03618d06-ec13-48bf-bf77-827abb4c81a2" />
      <TestMethod codeBase="D:\actions-runner\_work\XPCO\XPCO\AllSolutions\..\SC\Components\RemoteViewer\SmartClient\tst\zSmartClient_UnitTest\bin\x64\Debug\net6.0-windows\zSmartClient_UnitTest.dll" adapterTypeName="executor://mstestadapter/v2" className="SmartClient_UnitTest.VideoOS.RemoteClient.Plugin.CentralizedSearch.Models.SearchModelTests" name="CameraListCleared_ShouldRemoveAnyPendingSearches" />
    </UnitTest>
    <UnitTest name="SmartMapSelectItemHandler_WhenDataIsValid_ShouldCallNavigateAndSelect" storage="d:\actions-runner\_work\xpco\xpco\allsolutions\..\sc\components\remoteviewer\smartclient\tst\zsmartclient_unittest\bin\x64\debug\net6.0-windows\zsmartclient_unittest.dll" id="8019e7cd-2b2b-285d-fe92-717617455fd4">
      <Execution id="8f99af21-1d98-4d58-acc3-51c13a3e5490" />
      <TestMethod codeBase="D:\actions-runner\_work\XPCO\XPCO\AllSolutions\..\SC\Components\RemoteViewer\SmartClient\tst\zSmartClient_UnitTest\bin\x64\Debug\net6.0-windows\zSmartClient_UnitTest.dll" adapterTypeName="executor://mstestadapter/v2" className="SmartClient_UnitTest.VideoOS.RemoteClient.Plugin.GisMap.MIP.ContentHolderMipMessageManagerTests" name="SmartMapSelectItemHandler_WhenDataIsValid_ShouldCallNavigateAndSelect" />
    </UnitTest>
    <UnitTest name="UpdateSearchAttributes_MultipleFiltersWithValues_Added" storage="d:\actions-runner\_work\xpco\xpco\allsolutions\..\sc\components\remoteviewer\smartclient\tst\zsmartclient_unittest\bin\x64\debug\net6.0-windows\zsmartclient_unittest.dll" id="3073894f-f138-694b-5154-436b92ff7cb8">
      <TestCategory>
        <TestCategoryItem TestCategory="Search" />
      </TestCategory>
      <Execution id="34f0aa00-7939-4e34-9e39-9db6289269d6" />
      <TestMethod codeBase="D:\actions-runner\_work\XPCO\XPCO\AllSolutions\..\SC\Components\RemoteViewer\SmartClient\tst\zSmartClient_UnitTest\bin\x64\Debug\net6.0-windows\zSmartClient_UnitTest.dll" adapterTypeName="executor://mstestadapter/v2" className="SmartClient_UnitTest.VideoOS.RemoteClient.Plugin.CentralizedSearch.ViewModels.SearchDefinitionViewModelTests" name="UpdateSearchAttributes_MultipleFiltersWithValues_Added" />
    </UnitTest>
    <UnitTest name="Connect_SucceedeInConnectingWithWindowsUser_ShouldReturnTrue" storage="d:\actions-runner\_work\xpco\xpco\allsolutions\..\sc\components\remoteviewer\smartclient\tst\zsmartclient_unittest\bin\x64\debug\net6.0-windows\zsmartclient_unittest.dll" id="6ebc1c3a-7886-6ea1-878f-b64af57e9527">
      <Execution id="19f4c261-00cd-4686-a5a4-93a894d38dca" />
      <TestMethod codeBase="D:\actions-runner\_work\XPCO\XPCO\AllSolutions\..\SC\Components\RemoteViewer\SmartClient\tst\zSmartClient_UnitTest\bin\x64\Debug\net6.0-windows\zSmartClient_UnitTest.dll" adapterTypeName="executor://mstestadapter/v2" className="VideoOS.Shared.ServerAPI.VMOViewerClientFacade.UnitTest.VMOViewerClientFacadeTests" name="Connect_SucceedeInConnectingWithWindowsUser_ShouldReturnTrue" />
    </UnitTest>
    <UnitTest name="GetItemsIn_BuildingNoLevels_EdgeItem" storage="d:\actions-runner\_work\xpco\xpco\allsolutions\..\sc\components\remoteviewer\smartclient\tst\zsmartclient_unittest\bin\x64\debug\net6.0-windows\zsmartclient_unittest.dll" id="d0c51da7-1dd7-d068-f152-d898ea188859">
      <TestCategory>
        <TestCategoryItem TestCategory="GisMapIndex" />
      </TestCategory>
      <Execution id="578d58a9-a5f2-4155-b322-efc5d520a5be" />
      <TestMethod codeBase="D:\actions-runner\_work\XPCO\XPCO\AllSolutions\..\SC\Components\RemoteViewer\SmartClient\tst\zSmartClient_UnitTest\bin\x64\Debug\net6.0-windows\zSmartClient_UnitTest.dll" adapterTypeName="executor://mstestadapter/v2" className="SmartClient_UnitTest.VideoOS.RemoteClient.GisMapData.Common.Indexer.BuildingsAwareIndexerTests" name="GetItemsIn_BuildingNoLevels_EdgeItem" />
    </UnitTest>
    <UnitTest name="TimeToStringConverter_ConvertBack_Fail" storage="d:\actions-runner\_work\xpco\xpco\allsolutions\..\sc\components\remoteviewer\smartclient\tst\zsmartclient_unittest\bin\x64\debug\net6.0-windows\zsmartclient_unittest.dll" id="b56ba348-15c5-c13d-2c63-319be0707c78">
      <TestCategory>
        <TestCategoryItem TestCategory="SearchConverter" />
      </TestCategory>
      <Execution id="45de2b80-db4d-40c3-ac2e-113df98e005f" />
      <TestMethod codeBase="D:\actions-runner\_work\XPCO\XPCO\AllSolutions\..\SC\Components\RemoteViewer\SmartClient\tst\zSmartClient_UnitTest\bin\x64\Debug\net6.0-windows\zSmartClient_UnitTest.dll" adapterTypeName="executor://mstestadapter/v2" className="SmartClient_UnitTest.VideoOS.RemoteClient.Plugin.CentralizedSearch.Views.Converters.TimeToStringConverterTests" name="TimeToStringConverter_ConvertBack_Fail" />
    </UnitTest>
    <UnitTest name="When password 1 is invalid, password 2 is valid, even when different" storage="d:\actions-runner\_work\xpco\xpco\allsolutions\..\sc\components\remoteviewer\smartclient\tst\zsmartclient_unittest\bin\x64\debug\net6.0-windows\zsmartclient_unittest.dll" id="35c37eb8-e213-391e-0beb-46923447e480">
      <TestCategory>
        <TestCategoryItem TestCategory="Export" />
      </TestCategory>
      <Execution id="0e86aa38-658d-47e0-a8f6-9d4b8488ea37" />
      <TestMethod codeBase="D:\actions-runner\_work\XPCO\XPCO\AllSolutions\..\SC\Components\RemoteViewer\SmartClient\tst\zSmartClient_UnitTest\bin\x64\Debug\net6.0-windows\zSmartClient_UnitTest.dll" adapterTypeName="executor://mstestadapter/v2" className="SmartClient_UnitTest.VideoOS.RemoteClient.Plugin.Export.PasswordDialogViewModelTests" name="SettingPassword1AndPassword2_ShouldSetIsPassword2Valid" />
    </UnitTest>
    <UnitTest name="Disable_WhenInvoked_ThenAlarmsDisabledAndNoSubscribers" storage="d:\actions-runner\_work\xpco\xpco\allsolutions\..\sc\components\remoteviewer\smartclient\tst\zsmartclient_unittest\bin\x64\debug\net6.0-windows\zsmartclient_unittest.dll" id="1b5117b5-2de0-24e5-94e2-f368e4d15b39">
      <Execution id="ccc4ec76-de8a-4253-a9e8-22037ff2e2da" />
      <TestMethod codeBase="D:\actions-runner\_work\XPCO\XPCO\AllSolutions\..\SC\Components\RemoteViewer\SmartClient\tst\zSmartClient_UnitTest\bin\x64\Debug\net6.0-windows\zSmartClient_UnitTest.dll" adapterTypeName="executor://mstestadapter/v2" className="SmartClient_UnitTest.VideoOS.RemoteClient.GisMapData.MapLayers.LayerAlarmNotificationTest" name="Disable_WhenInvoked_ThenAlarmsDisabledAndNoSubscribers" />
    </UnitTest>
    <UnitTest name="LeftButtonUpEvent_ShouldDeselectMapItems_WhenInteractionStateIsAddNewDeviceState" storage="d:\actions-runner\_work\xpco\xpco\allsolutions\..\sc\components\remoteviewer\smartclient\tst\zsmartclient_unittest\bin\x64\debug\net6.0-windows\zsmartclient_unittest.dll" id="aae708ca-94a3-f452-ba7c-adc8143fc2ae">
      <TestCategory>
        <TestCategoryItem TestCategory="GisMap.MapControl" />
      </TestCategory>
      <Execution id="0a769f6f-b6ac-4cf8-9333-0515cdbc77ba" />
      <TestMethod codeBase="D:\actions-runner\_work\XPCO\XPCO\AllSolutions\..\SC\Components\RemoteViewer\SmartClient\tst\zSmartClient_UnitTest\bin\x64\Debug\net6.0-windows\zSmartClient_UnitTest.dll" adapterTypeName="executor://mstestadapter/v2" className="SmartClient_UnitTest.VideoOS.RemoteClient.Plugin.GisMap.ThinkGeoMap.ThinkGeoMapControlTests" name="LeftButtonUpEvent_ShouldDeselectMapItems_WhenInteractionStateIsAddNewDeviceState" />
    </UnitTest>
    <UnitTest name="PatrollingProfileListViewModel_DeleteProfileExecute" storage="d:\actions-runner\_work\xpco\xpco\allsolutions\..\sc\components\remoteviewer\smartclient\tst\zsmartclient_unittest\bin\x64\debug\net6.0-windows\zsmartclient_unittest.dll" id="a2ceebde-d242-3694-fb90-e4ca65781850">
      <Execution id="5cfb427c-c781-4df4-91a7-7c58ea0f07f1" />
      <TestMethod codeBase="D:\actions-runner\_work\XPCO\XPCO\AllSolutions\..\SC\Components\RemoteViewer\SmartClient\tst\zSmartClient_UnitTest\bin\x64\Debug\net6.0-windows\zSmartClient_UnitTest.dll" adapterTypeName="executor://mstestadapter/v2" className="SmartClient_UnitTest.VideoOS.RemoteClient.Application.UI.PtzPreset.PatrollingViewModel.PatrollingProfileListViewModelTest" name="PatrollingProfileListViewModel_DeleteProfileExecute" />
    </UnitTest>
    <UnitTest name="Password1 invalid, Password 2 valid" storage="d:\actions-runner\_work\xpco\xpco\allsolutions\..\sc\components\remoteviewer\smartclient\tst\zsmartclient_unittest\bin\x64\debug\net6.0-windows\zsmartclient_unittest.dll" id="9161b7a2-9233-72ad-eb95-c7d6bfabd975">
      <TestCategory>
        <TestCategoryItem TestCategory="Export" />
      </TestCategory>
      <Execution id="0a666dba-8bc6-48f9-bc43-846d924e5fe1" />
      <TestMethod codeBase="D:\actions-runner\_work\XPCO\XPCO\AllSolutions\..\SC\Components\RemoteViewer\SmartClient\tst\zSmartClient_UnitTest\bin\x64\Debug\net6.0-windows\zSmartClient_UnitTest.dll" adapterTypeName="executor://mstestadapter/v2" className="SmartClient_UnitTest.VideoOS.RemoteClient.Plugin.Export.PasswordDialogViewModelTests" name="ArePasswordsValid_ShouldDependOnPassword1AndPassword2" />
    </UnitTest>
    <UnitTest name="TestHasCapapability_GreaterThan_Success" storage="d:\actions-runner\_work\xpco\xpco\allsolutions\..\sc\components\remoteviewer\smartclient\tst\zsmartclient_unittest\bin\x64\debug\net6.0-windows\zsmartclient_unittest.dll" id="a29ab1db-8305-8d4c-4b34-cf235b407b90">
      <Execution id="5a591f8a-9d20-46ec-a360-3e302cff8723" />
      <TestMethod codeBase="D:\actions-runner\_work\XPCO\XPCO\AllSolutions\..\SC\Components\RemoteViewer\SmartClient\tst\zSmartClient_UnitTest\bin\x64\Debug\net6.0-windows\zSmartClient_UnitTest.dll" adapterTypeName="executor://mstestadapter/v2" className="SmartClient_UnitTest.VideoOS.RemoteClient.GisMapData.Common.GisMapServerCapabilitiesTest" name="TestHasCapapability_GreaterThan_Success" />
    </UnitTest>
    <UnitTest name="TestKeepInMemory_WithAttachedView_Success" storage="d:\actions-runner\_work\xpco\xpco\allsolutions\..\sc\components\remoteviewer\smartclient\tst\zsmartclient_unittest\bin\x64\debug\net6.0-windows\zsmartclient_unittest.dll" id="188f8c25-7b8a-3022-0d47-4b40a28cebbb">
      <Execution id="67226d20-8778-4ae9-ac4b-8ce0e6bb3f59" />
      <TestMethod codeBase="D:\actions-runner\_work\XPCO\XPCO\AllSolutions\..\SC\Components\RemoteViewer\SmartClient\tst\zSmartClient_UnitTest\bin\x64\Debug\net6.0-windows\zSmartClient_UnitTest.dll" adapterTypeName="executor://mstestadapter/v2" className="SmartClient_UnitTest.VideoOS.RemoteClient.Application.Controllers.WorkSpace.WorkSpaceItemTest" name="TestKeepInMemory_WithAttachedView_Success" />
    </UnitTest>
    <UnitTest name="SearchResultContainerView_OnItemActivated_AnimationDisabled_DetailsViewAddedToDetailsViewControl" storage="d:\actions-runner\_work\xpco\xpco\allsolutions\..\sc\components\remoteviewer\smartclient\tst\zsmartclient_unittest\bin\x64\debug\net6.0-windows\zsmartclient_unittest.dll" id="c49afcd7-de27-7990-5754-d54f7b7c14ac">
      <TestCategory>
        <TestCategoryItem TestCategory="SearchViews" />
      </TestCategory>
      <Execution id="5665e349-5b56-4a1e-8375-ebe7dcf66057" />
      <TestMethod codeBase="D:\actions-runner\_work\XPCO\XPCO\AllSolutions\..\SC\Components\RemoteViewer\SmartClient\tst\zSmartClient_UnitTest\bin\x64\Debug\net6.0-windows\zSmartClient_UnitTest.dll" adapterTypeName="executor://mstestadapter/v2" className="SmartClient_UnitTest.VideoOS.RemoteClient.Plugin.CentralizedSearch.Views.SearchResultsViewTests" name="SearchResultContainerView_OnItemActivated_AnimationDisabled_DetailsViewAddedToDetailsViewControl" />
    </UnitTest>
    <UnitTest name="UserHasReadPublicSearchPermission_HasReadPermission_ReturnsTrue" storage="d:\actions-runner\_work\xpco\xpco\allsolutions\..\sc\components\remoteviewer\smartclient\tst\zsmartclient_unittest\bin\x64\debug\net6.0-windows\zsmartclient_unittest.dll" id="a97eb8e2-cea3-70dd-d5ee-19b9b7f4e4bf">
      <TestCategory>
        <TestCategoryItem TestCategory="SearchTemplates" />
      </TestCategory>
      <Execution id="b026cc49-dbb4-41dd-b9fc-b3dedd048463" />
      <TestMethod codeBase="D:\actions-runner\_work\XPCO\XPCO\AllSolutions\..\SC\Components\RemoteViewer\SmartClient\tst\zSmartClient_UnitTest\bin\x64\Debug\net6.0-windows\zSmartClient_UnitTest.dll" adapterTypeName="executor://mstestadapter/v2" className="SmartClient_UnitTest.VideoOS.RemoteClient.Plugin.CentralizedSearch.SearchTemplates.SearchTemplateManagerTests" name="UserHasReadPublicSearchPermission_HasReadPermission_ReturnsTrue" />
    </UnitTest>
    <UnitTest name="PointMapItem_OutputWithNoShortName_Success" storage="d:\actions-runner\_work\xpco\xpco\allsolutions\..\sc\components\remoteviewer\smartclient\tst\zsmartclient_unittest\bin\x64\debug\net6.0-windows\zsmartclient_unittest.dll" id="4aba77ec-b883-b9a3-2441-be573e48795b">
      <TestCategory>
        <TestCategoryItem TestCategory="GisMapData.MapItem.Outputs" />
      </TestCategory>
      <Execution id="0e3d4420-6d2f-4731-9b29-ebc5848c23b2" />
      <TestMethod codeBase="D:\actions-runner\_work\XPCO\XPCO\AllSolutions\..\SC\Components\RemoteViewer\SmartClient\tst\zSmartClient_UnitTest\bin\x64\Debug\net6.0-windows\zSmartClient_UnitTest.dll" adapterTypeName="executor://mstestadapter/v2" className="SmartClient_UnitTest.VideoOS.RemoteClient.GisMapData.MapItem.Outputs.OutputMapItemTests" name="PointMapItem_OutputWithNoShortName_Success" />
    </UnitTest>
    <UnitTest name="Constructor_ShouldRaiseArgumentNullException_WhenWorkroomIsNull" storage="d:\actions-runner\_work\xpco\xpco\allsolutions\..\sc\components\remoteviewer\smartclient\tst\zsmartclient_unittest\bin\x64\debug\net6.0-windows\zsmartclient_unittest.dll" id="cf2bce97-0784-515c-e2f5-b39bb123cf9f">
      <TestCategory>
        <TestCategoryItem TestCategory="GisMap.GisMapViewModel" />
      </TestCategory>
      <Execution id="c604703e-e18c-4db5-a3f4-041a6f52893b" />
      <TestMethod codeBase="D:\actions-runner\_work\XPCO\XPCO\AllSolutions\..\SC\Components\RemoteViewer\SmartClient\tst\zSmartClient_UnitTest\bin\x64\Debug\net6.0-windows\zSmartClient_UnitTest.dll" adapterTypeName="executor://mstestadapter/v2" className="SmartClient_UnitTest.VideoOS.RemoteClient.Plugin.GisMap.ViewModels.GisMapViewModelTests" name="Constructor_ShouldRaiseArgumentNullException_WhenWorkroomIsNull" />
    </UnitTest>
    <UnitTest name="AddToExportTuples_ShouldReturnCorrectResult (0,0,5)" storage="d:\actions-runner\_work\xpco\xpco\allsolutions\..\sc\components\remoteviewer\smartclient\tst\zsmartclient_unittest\bin\x64\debug\net6.0-windows\zsmartclient_unittest.dll" id="47579cf9-48ad-7878-45dc-383da1251400">
      <TestCategory>
        <TestCategoryItem TestCategory="Managers" />
      </TestCategory>
      <Execution id="b4cf35c3-2638-44d0-94af-83b1857cdf19" />
      <TestMethod codeBase="D:\actions-runner\_work\XPCO\XPCO\AllSolutions\..\SC\Components\RemoteViewer\SmartClient\tst\zSmartClient_UnitTest\bin\x64\Debug\net6.0-windows\zSmartClient_UnitTest.dll" adapterTypeName="executor://mstestadapter/v2" className="SmartClient_UnitTest.VideoOS.RemoteClient.Application.Managers.ExportManagerTests" name="AddToExportTuples_ShouldReturnCorrectResult" />
    </UnitTest>
    <UnitTest name="When password 1 is invalid, password 2 is valid" storage="d:\actions-runner\_work\xpco\xpco\allsolutions\..\sc\components\remoteviewer\smartclient\tst\zsmartclient_unittest\bin\x64\debug\net6.0-windows\zsmartclient_unittest.dll" id="c383fd61-e302-4310-1a46-101c91056cfd">
      <TestCategory>
        <TestCategoryItem TestCategory="Export" />
      </TestCategory>
      <Execution id="44b904e1-d100-41ec-beb3-8e18411af03a" />
      <TestMethod codeBase="D:\actions-runner\_work\XPCO\XPCO\AllSolutions\..\SC\Components\RemoteViewer\SmartClient\tst\zSmartClient_UnitTest\bin\x64\Debug\net6.0-windows\zSmartClient_UnitTest.dll" adapterTypeName="executor://mstestadapter/v2" className="SmartClient_UnitTest.VideoOS.RemoteClient.Plugin.Export.PasswordDialogViewModelTests" name="SettingPassword1AndPassword2_ShouldSetIsPassword2Valid" />
    </UnitTest>
    <UnitTest name="Constructor_ShouldRaiseArgumentNullException_WhenNextDeviceDataHandlerIsNull" storage="d:\actions-runner\_work\xpco\xpco\allsolutions\..\sc\components\remoteviewer\smartclient\tst\zsmartclient_unittest\bin\x64\debug\net6.0-windows\zsmartclient_unittest.dll" id="b3f5f35c-92f5-1335-49e4-d72ffb56774b">
      <TestCategory>
        <TestCategoryItem TestCategory="GisMap.Handlers.Devices.MapItems" />
      </TestCategory>
      <Execution id="cac6d934-77d7-4774-9f90-1ff47dc96d23" />
      <TestMethod codeBase="D:\actions-runner\_work\XPCO\XPCO\AllSolutions\..\SC\Components\RemoteViewer\SmartClient\tst\zSmartClient_UnitTest\bin\x64\Debug\net6.0-windows\zSmartClient_UnitTest.dll" adapterTypeName="executor://mstestadapter/v2" className="SmartClient_UnitTest.VideoOS.RemoteClient.Plugin.GisMap.Handlers.Devices.MapItems.MicrophoneDataHandlerTests" name="Constructor_ShouldRaiseArgumentNullException_WhenNextDeviceDataHandlerIsNull" />
    </UnitTest>
    <UnitTest name="AddToExportDevices_ShouldReturnCorrectResult (0,1,0)" storage="d:\actions-runner\_work\xpco\xpco\allsolutions\..\sc\components\remoteviewer\smartclient\tst\zsmartclient_unittest\bin\x64\debug\net6.0-windows\zsmartclient_unittest.dll" id="1fc3baec-2132-0d3b-0fbb-cac33cb1b4b4">
      <TestCategory>
        <TestCategoryItem TestCategory="Managers" />
      </TestCategory>
      <Execution id="4dcf1da0-53b0-452f-9558-5b233069ea78" />
      <TestMethod codeBase="D:\actions-runner\_work\XPCO\XPCO\AllSolutions\..\SC\Components\RemoteViewer\SmartClient\tst\zSmartClient_UnitTest\bin\x64\Debug\net6.0-windows\zSmartClient_UnitTest.dll" adapterTypeName="executor://mstestadapter/v2" className="SmartClient_UnitTest.VideoOS.RemoteClient.Application.Managers.ExportManagerTests" name="AddToExportDevices_ShouldReturnCorrectResult" />
    </UnitTest>
    <UnitTest name="Loaded_NoActionBarPlugins_NoActionButtonsPresent" storage="d:\actions-runner\_work\xpco\xpco\allsolutions\..\sc\components\remoteviewer\smartclient\tst\zsmartclient_unittest\bin\x64\debug\net6.0-windows\zsmartclient_unittest.dll" id="18d974d6-a642-8807-34d7-9a9c256df013">
      <TestCategory>
        <TestCategoryItem TestCategory="SearchViews" />
      </TestCategory>
      <Execution id="c4bb2ed1-6244-47be-b66e-f28124fb1f1e" />
      <TestMethod codeBase="D:\actions-runner\_work\XPCO\XPCO\AllSolutions\..\SC\Components\RemoteViewer\SmartClient\tst\zSmartClient_UnitTest\bin\x64\Debug\net6.0-windows\zSmartClient_UnitTest.dll" adapterTypeName="executor://mstestadapter/v2" className="SmartClient_UnitTest.VideoOS.RemoteClient.Plugin.CentralizedSearch.Views.SearchResultActionBarViewTests" name="Loaded_NoActionBarPlugins_NoActionButtonsPresent" />
    </UnitTest>
    <UnitTest name="Constructor_ShouldRaiseArgumentNullException_WhenCursorIsNull" storage="d:\actions-runner\_work\xpco\xpco\allsolutions\..\sc\components\remoteviewer\smartclient\tst\zsmartclient_unittest\bin\x64\debug\net6.0-windows\zsmartclient_unittest.dll" id="f4957e0d-8b3e-6f39-d235-00a44690d337">
      <Execution id="9057f8bb-efec-4e29-b113-e37cf4e8d356" />
      <TestMethod codeBase="D:\actions-runner\_work\XPCO\XPCO\AllSolutions\..\SC\Components\RemoteViewer\SmartClient\tst\zSmartClient_UnitTest\bin\x64\Debug\net6.0-windows\zSmartClient_UnitTest.dll" adapterTypeName="executor://mstestadapter/v2" className="SmartClient_UnitTest.VideoOS.RemoteClient.Application.Data.ContentTypes.DevicesContentType.SelectCameraControlTests" name="Constructor_ShouldRaiseArgumentNullException_WhenCursorIsNull" />
    </UnitTest>
    <UnitTest name="GetLayerFeatures_ShouldReturnInputLayerFeatures_WhenMicrophoneKind" storage="d:\actions-runner\_work\xpco\xpco\allsolutions\..\sc\components\remoteviewer\smartclient\tst\zsmartclient_unittest\bin\x64\debug\net6.0-windows\zsmartclient_unittest.dll" id="7f46d23c-5d7c-d0cd-6885-7066d3b47889">
      <TestCategory>
        <TestCategoryItem TestCategory="GisMapData.Controllers.LayerFeatures" />
      </TestCategory>
      <Execution id="78fc53f9-b5ef-402f-9223-b7083cde7e2d" />
      <TestMethod codeBase="D:\actions-runner\_work\XPCO\XPCO\AllSolutions\..\SC\Components\RemoteViewer\SmartClient\tst\zSmartClient_UnitTest\bin\x64\Debug\net6.0-windows\zSmartClient_UnitTest.dll" adapterTypeName="executor://mstestadapter/v2" className="SmartClient_UnitTest.VideoOS.RemoteClient.GisMapData.Controllers.LayerFeatures.LayerFeaturesControllerTests" name="GetLayerFeatures_ShouldReturnInputLayerFeatures_WhenMicrophoneKind" />
    </UnitTest>
    <UnitTest name="PopulateTooltip_SingleResultsFromManyCameras24Hours_ValidText" storage="d:\actions-runner\_work\xpco\xpco\allsolutions\..\sc\components\remoteviewer\smartclient\tst\zsmartclient_unittest\bin\x64\debug\net6.0-windows\zsmartclient_unittest.dll" id="ab584460-bac9-0990-0924-68a8db1e4a1e">
      <TestCategory>
        <TestCategoryItem TestCategory="SearchControls" />
      </TestCategory>
      <Execution id="0bae913c-ddb1-49d5-93b1-5ae44d188301" />
      <TestMethod codeBase="D:\actions-runner\_work\XPCO\XPCO\AllSolutions\..\SC\Components\RemoteViewer\SmartClient\tst\zSmartClient_UnitTest\bin\x64\Debug\net6.0-windows\zSmartClient_UnitTest.dll" adapterTypeName="executor://mstestadapter/v2" className="SmartClient_UnitTest.VideoOS.RemoteClient.Plugin.CentralizedSearch.Views.Controls.TimelineRuler.TimelineRulerControlTests" name="PopulateTooltip_SingleResultsFromManyCameras24Hours_ValidText" />
    </UnitTest>
    <UnitTest name="Command_PluginInstanceActivateCalled" storage="d:\actions-runner\_work\xpco\xpco\allsolutions\..\sc\components\remoteviewer\smartclient\tst\zsmartclient_unittest\bin\x64\debug\net6.0-windows\zsmartclient_unittest.dll" id="f68d42a3-acec-6b53-6243-cbfed90e3b19">
      <TestCategory>
        <TestCategoryItem TestCategory="SearchResultsAction" />
      </TestCategory>
      <Execution id="eea01e10-8633-4d11-bf2b-e6a28ea6e4e8" />
      <TestMethod codeBase="D:\actions-runner\_work\XPCO\XPCO\AllSolutions\..\SC\Components\RemoteViewer\SmartClient\tst\zSmartClient_UnitTest\bin\x64\Debug\net6.0-windows\zSmartClient_UnitTest.dll" adapterTypeName="executor://mstestadapter/v2" className="SmartClient_UnitTest.VideoOS.RemoteClient.Plugin.CentralizedSearch.ViewModels.SearchResultsActionViewModelTests" name="Command_PluginInstanceActivateCalled" />
    </UnitTest>
    <UnitTest name="Dispose_WhenWaitingToPerformAction_CancelsAction" storage="d:\actions-runner\_work\xpco\xpco\allsolutions\..\sc\components\remoteviewer\smartclient\tst\zsmartclient_unittest\bin\x64\debug\net6.0-windows\zsmartclient_unittest.dll" id="58baf932-aaa1-22e9-3f8a-ec584346b657">
      <TestCategory>
        <TestCategoryItem TestCategory="UI.Facilitators" />
      </TestCategory>
      <Execution id="db9659a3-c9be-4ef4-83b2-ffde02ae0281" />
      <TestMethod codeBase="D:\actions-runner\_work\XPCO\XPCO\AllSolutions\..\SC\Components\RemoteViewer\SmartClient\tst\zSmartClient_UnitTest\bin\x64\Debug\net6.0-windows\zSmartClient_UnitTest.dll" adapterTypeName="executor://mstestadapter/v2" className="SmartClient_UnitTest.VideoOS.UI.Common.EventDrivenBufferWithDelayTests" name="Dispose_WhenWaitingToPerformAction_CancelsAction" />
    </UnitTest>
    <UnitTest name="SearchDefinitionCountSet_NewValue_EventFired" storage="d:\actions-runner\_work\xpco\xpco\allsolutions\..\sc\components\remoteviewer\smartclient\tst\zsmartclient_unittest\bin\x64\debug\net6.0-windows\zsmartclient_unittest.dll" id="84d3c143-14c2-3de5-71ff-f8eed6db60b1">
      <TestCategory>
        <TestCategoryItem TestCategory="SearchResultsPreprocessor" />
      </TestCategory>
      <Execution id="c9a27da3-1ac2-465b-a4b4-3776ad71a56c" />
      <TestMethod codeBase="D:\actions-runner\_work\XPCO\XPCO\AllSolutions\..\SC\Components\RemoteViewer\SmartClient\tst\zSmartClient_UnitTest\bin\x64\Debug\net6.0-windows\zSmartClient_UnitTest.dll" adapterTypeName="executor://mstestadapter/v2" className="SmartClient_UnitTest.VideoOS.RemoteClient.Plugin.CentralizedSearch.Models.SearchResultsPreprocessorTests" name="SearchDefinitionCountSet_NewValue_EventFired" />
    </UnitTest>
    <UnitTest name="Deserialize_ToTimeOnly_Success" storage="d:\actions-runner\_work\xpco\xpco\allsolutions\..\sc\components\remoteviewer\smartclient\tst\zsmartclient_unittest\bin\x64\debug\net6.0-windows\zsmartclient_unittest.dll" id="91badbed-8323-8970-07a3-e3c2481d7a72">
      <TestCategory>
        <TestCategoryItem TestCategory="SearchSerialization" />
      </TestCategory>
      <Execution id="d9427786-581f-4eb4-9fe6-26260ee2307b" />
      <TestMethod codeBase="D:\actions-runner\_work\XPCO\XPCO\AllSolutions\..\SC\Components\RemoteViewer\SmartClient\tst\zSmartClient_UnitTest\bin\x64\Debug\net6.0-windows\zSmartClient_UnitTest.dll" adapterTypeName="executor://mstestadapter/v2" className="SmartClient_UnitTest.VideoOS.RemoteClient.Plugin.CentralizedSearch.Models.Serialization.SearchSerializerTests" name="Deserialize_ToTimeOnly_Success" />
    </UnitTest>
    <UnitTest name="AddSelectedWindowsToExport_ShouldShowCorrectToastMessages (1,1,1)" storage="d:\actions-runner\_work\xpco\xpco\allsolutions\..\sc\components\remoteviewer\smartclient\tst\zsmartclient_unittest\bin\x64\debug\net6.0-windows\zsmartclient_unittest.dll" id="75d313b7-2668-4983-0b95-cd2be76f4cd0">
      <TestCategory>
        <TestCategoryItem TestCategory="Managers" />
      </TestCategory>
      <Execution id="c20d3bb9-03d5-4798-8a18-1bd8cd2c75ab" />
      <TestMethod codeBase="D:\actions-runner\_work\XPCO\XPCO\AllSolutions\..\SC\Components\RemoteViewer\SmartClient\tst\zSmartClient_UnitTest\bin\x64\Debug\net6.0-windows\zSmartClient_UnitTest.dll" adapterTypeName="executor://mstestadapter/v2" className="SmartClient_UnitTest.VideoOS.RemoteClient.Application.Managers.ExportManagerTests" name="AddSelectedWindowsToExport_ShouldShowCorrectToastMessages" />
    </UnitTest>
    <UnitTest name="State_ShouldUpdateMicrophoneIconId_WhenSetToUnMute" storage="d:\actions-runner\_work\xpco\xpco\allsolutions\..\sc\components\remoteviewer\smartclient\tst\zsmartclient_unittest\bin\x64\debug\net6.0-windows\zsmartclient_unittest.dll" id="59a60e54-e35c-c435-6281-92cda5ac809d">
      <TestCategory>
        <TestCategoryItem TestCategory="GisMapData.MapItem.Microphones" />
      </TestCategory>
      <Execution id="64a980d8-3ec1-4fb2-b6f7-2862d36c1746" />
      <TestMethod codeBase="D:\actions-runner\_work\XPCO\XPCO\AllSolutions\..\SC\Components\RemoteViewer\SmartClient\tst\zSmartClient_UnitTest\bin\x64\Debug\net6.0-windows\zSmartClient_UnitTest.dll" adapterTypeName="executor://mstestadapter/v2" className="SmartClient_UnitTest.VideoOS.RemoteClient.GisMapData.MapItem.Microphones.MicrophoneMapItemTests" name="State_ShouldUpdateMicrophoneIconId_WhenSetToUnMute" />
    </UnitTest>
    <UnitTest name="HandleSetLayerFeatures_ShouldRaiseArgumentException_WhenNotCameraKindAndCameraLayerFeaturesAndOutputLayer" storage="d:\actions-runner\_work\xpco\xpco\allsolutions\..\sc\components\remoteviewer\smartclient\tst\zsmartclient_unittest\bin\x64\debug\net6.0-windows\zsmartclient_unittest.dll" id="6cafc5ed-fe23-6238-885d-2059ca1b7427">
      <TestCategory>
        <TestCategoryItem TestCategory="GisMapData.Handlers.LayerFeatures" />
      </TestCategory>
      <Execution id="59b8d8f8-13c8-404f-982a-c4f90b1f58bf" />
      <TestMethod codeBase="D:\actions-runner\_work\XPCO\XPCO\AllSolutions\..\SC\Components\RemoteViewer\SmartClient\tst\zSmartClient_UnitTest\bin\x64\Debug\net6.0-windows\zSmartClient_UnitTest.dll" adapterTypeName="executor://mstestadapter/v2" className="SmartClient_UnitTest.VideoOS.RemoteClient.GisMapData.Handlers.LayerFeatures.CameraLayerFeaturesHandlerTests" name="HandleSetLayerFeatures_ShouldRaiseArgumentException_WhenNotCameraKindAndCameraLayerFeaturesAndOutputLayer" />
    </UnitTest>
    <UnitTest name="IsCamera_ShouldReturnTrue_WhenAllCamerasSelected" storage="d:\actions-runner\_work\xpco\xpco\allsolutions\..\sc\components\remoteviewer\smartclient\tst\zsmartclient_unittest\bin\x64\debug\net6.0-windows\zsmartclient_unittest.dll" id="4927bb5b-1d8a-626c-1d59-507b7cca82e7">
      <Execution id="7e151519-0525-4a7e-97de-e68dee93edda" />
      <TestMethod codeBase="D:\actions-runner\_work\XPCO\XPCO\AllSolutions\..\SC\Components\RemoteViewer\SmartClient\tst\zSmartClient_UnitTest\bin\x64\Debug\net6.0-windows\zSmartClient_UnitTest.dll" adapterTypeName="executor://mstestadapter/v2" className="SmartClient_UnitTest.VideoOS.RemoteClient.Application.Data.ContentTypes.ReportingContentType.DashboardExtentionsTest" name="IsCamera_ShouldReturnTrue_WhenAllCamerasSelected" />
    </UnitTest>
    <UnitTest name="PointMapItem_Load_Input_Success" storage="d:\actions-runner\_work\xpco\xpco\allsolutions\..\sc\components\remoteviewer\smartclient\tst\zsmartclient_unittest\bin\x64\debug\net6.0-windows\zsmartclient_unittest.dll" id="1ce67353-df26-d1bd-d2aa-05733d1ac693">
      <TestCategory>
        <TestCategoryItem TestCategory="GisMapData.MapItem.Inputs" />
      </TestCategory>
      <Execution id="66c7d59d-912c-41ec-abad-109f5679385a" />
      <TestMethod codeBase="D:\actions-runner\_work\XPCO\XPCO\AllSolutions\..\SC\Components\RemoteViewer\SmartClient\tst\zSmartClient_UnitTest\bin\x64\Debug\net6.0-windows\zSmartClient_UnitTest.dll" adapterTypeName="executor://mstestadapter/v2" className="SmartClient_UnitTest.VideoOS.RemoteClient.GisMapData.MapItem.Inputs.InputMapItemTests" name="PointMapItem_Load_Input_Success" />
    </UnitTest>
    <UnitTest name="PopulateTooltip_SingleResultsFromManyCameras12Hours_ValidText" storage="d:\actions-runner\_work\xpco\xpco\allsolutions\..\sc\components\remoteviewer\smartclient\tst\zsmartclient_unittest\bin\x64\debug\net6.0-windows\zsmartclient_unittest.dll" id="dafe6617-7d77-6bca-77a9-2080de8d8ac3">
      <TestCategory>
        <TestCategoryItem TestCategory="SearchControls" />
      </TestCategory>
      <Execution id="2311674e-d4ec-41ae-978b-17b971919fa3" />
      <TestMethod codeBase="D:\actions-runner\_work\XPCO\XPCO\AllSolutions\..\SC\Components\RemoteViewer\SmartClient\tst\zSmartClient_UnitTest\bin\x64\Debug\net6.0-windows\zSmartClient_UnitTest.dll" adapterTypeName="executor://mstestadapter/v2" className="SmartClient_UnitTest.VideoOS.RemoteClient.Plugin.CentralizedSearch.Views.Controls.TimelineRuler.TimelineRulerControlTests" name="PopulateTooltip_SingleResultsFromManyCameras12Hours_ValidText" />
    </UnitTest>
    <UnitTest name="Search_SearchResultReceived_EventFired" storage="d:\actions-runner\_work\xpco\xpco\allsolutions\..\sc\components\remoteviewer\smartclient\tst\zsmartclient_unittest\bin\x64\debug\net6.0-windows\zsmartclient_unittest.dll" id="7d900372-2011-73f8-033d-c6e57807e942">
      <TestCategory>
        <TestCategoryItem TestCategory="Search" />
      </TestCategory>
      <Execution id="b2b0d7ba-6ddd-421a-870d-8339764cb696" />
      <TestMethod codeBase="D:\actions-runner\_work\XPCO\XPCO\AllSolutions\..\SC\Components\RemoteViewer\SmartClient\tst\zSmartClient_UnitTest\bin\x64\Debug\net6.0-windows\zSmartClient_UnitTest.dll" adapterTypeName="executor://mstestadapter/v2" className="SmartClient_UnitTest.VideoOS.RemoteClient.Plugin.CentralizedSearch.MIPPlugin.CompositeSearchDefinitionTests" name="Search_SearchResultReceived_EventFired" />
    </UnitTest>
    <UnitTest name="GetServerTypes_ShouldReturnLPRType" storage="d:\actions-runner\_work\xpco\xpco\allsolutions\..\sc\components\remoteviewer\smartclient\tst\zsmartclient_unittest\bin\x64\debug\net6.0-windows\zsmartclient_unittest.dll" id="2227d8a1-1292-2ada-1845-295f40381449">
      <Execution id="a8cb0b44-64a4-42ad-b520-a78b2c9b7be0" />
      <TestMethod codeBase="D:\actions-runner\_work\XPCO\XPCO\AllSolutions\..\SC\Components\RemoteViewer\SmartClient\tst\zSmartClient_UnitTest\bin\x64\Debug\net6.0-windows\zSmartClient_UnitTest.dll" adapterTypeName="executor://mstestadapter/v2" className="SmartClient_UnitTest.VideoOS.RemoteClient.Application.Data.ContentTypes.ReportingContentType.DashboardExtentionsTest" name="GetServerTypes_ShouldReturnLPRType" />
    </UnitTest>
    <UnitTest name="SetIncludePartialResults_ShouldFireEvent_WhenNewValueApplied" storage="d:\actions-runner\_work\xpco\xpco\allsolutions\..\sc\components\remoteviewer\smartclient\tst\zsmartclient_unittest\bin\x64\debug\net6.0-windows\zsmartclient_unittest.dll" id="37f14c37-5c5d-2aca-7f78-44d1e6498fe0">
      <TestCategory>
        <TestCategoryItem TestCategory="SearchResultsPreprocessor" />
      </TestCategory>
      <Execution id="47b17ee3-7d76-48a4-a729-15849ca49652" />
      <TestMethod codeBase="D:\actions-runner\_work\XPCO\XPCO\AllSolutions\..\SC\Components\RemoteViewer\SmartClient\tst\zSmartClient_UnitTest\bin\x64\Debug\net6.0-windows\zSmartClient_UnitTest.dll" adapterTypeName="executor://mstestadapter/v2" className="SmartClient_UnitTest.VideoOS.RemoteClient.Plugin.CentralizedSearch.Models.SearchResultsPreprocessorTests" name="SetIncludePartialResults_ShouldFireEvent_WhenNewValueApplied" />
    </UnitTest>
    <UnitTest name="PtzInfoViewModel_PtzCotrolledByAnonymousTest" storage="d:\actions-runner\_work\xpco\xpco\allsolutions\..\sc\components\remoteviewer\smartclient\tst\zsmartclient_unittest\bin\x64\debug\net6.0-windows\zsmartclient_unittest.dll" id="46662b5d-bee1-3465-212d-6cf5f23d5fcf">
      <Execution id="1af9b9d3-2a5c-4c79-8ecd-d004ace29d19" />
      <TestMethod codeBase="D:\actions-runner\_work\XPCO\XPCO\AllSolutions\..\SC\Components\RemoteViewer\SmartClient\tst\zSmartClient_UnitTest\bin\x64\Debug\net6.0-windows\zSmartClient_UnitTest.dll" adapterTypeName="executor://mstestadapter/v2" className="SmartClient_UnitTest.VideoOS.RemoteClient.Plugin.Map.WPFObjects.PtzInfoViewModelUnitTest" name="PtzInfoViewModel_PtzCotrolledByAnonymousTest" />
    </UnitTest>
    <UnitTest name="GetBoundingShapesPathsAsync_ShouldGetBoundingShapesFromFromMetadataObjectsSourceOnly_WhenOnlyFromMetadataObjectsSourceIsPassedIn" storage="d:\actions-runner\_work\xpco\xpco\allsolutions\..\sc\components\remoteviewer\smartclient\tst\zsmartclient_unittest\bin\x64\debug\net6.0-windows\zsmartclient_unittest.dll" id="b960a51a-07ce-5c77-9c47-9b7d49f68b04">
      <Execution id="dd2b90f6-f229-4def-8bf0-740eaaa84fc6" />
      <TestMethod codeBase="D:\actions-runner\_work\XPCO\XPCO\AllSolutions\..\SC\Components\RemoteViewer\SmartClient\tst\zSmartClient_UnitTest\bin\x64\Debug\net6.0-windows\zSmartClient_UnitTest.dll" adapterTypeName="executor://mstestadapter/v2" className="SmartClient_UnitTest.VideoOS.RemoteClient.Plugin.CentralizedSearch.Utils.SearchResultDataExtensionsTests" name="GetBoundingShapesPathsAsync_ShouldGetBoundingShapesFromFromMetadataObjectsSourceOnly_WhenOnlyFromMetadataObjectsSourceIsPassedIn" />
    </UnitTest>
    <UnitTest name="SupportsDoubleClick_ShouldBeFalse_WhenInteractionStateIsNotNormalAndNotInSetupMode" storage="d:\actions-runner\_work\xpco\xpco\allsolutions\..\sc\components\remoteviewer\smartclient\tst\zsmartclient_unittest\bin\x64\debug\net6.0-windows\zsmartclient_unittest.dll" id="d9a71493-8a98-1ce2-4921-b216ae947c71">
      <TestCategory>
        <TestCategoryItem TestCategory="GisMap.LegacyLinkMarker" />
      </TestCategory>
      <Execution id="b9247157-d490-4142-aa20-67bef289cd78" />
      <TestMethod codeBase="D:\actions-runner\_work\XPCO\XPCO\AllSolutions\..\SC\Components\RemoteViewer\SmartClient\tst\zSmartClient_UnitTest\bin\x64\Debug\net6.0-windows\zSmartClient_UnitTest.dll" adapterTypeName="executor://mstestadapter/v2" className="SmartClient_UnitTest.VideoOS.RemoteClient.Plugin.GisMap.ThinkGeoMap.Markers.LegacyLinkMarker.LegacyLinkMarkerTests" name="SupportsDoubleClick_ShouldBeFalse_WhenInteractionStateIsNotNormalAndNotInSetupMode" />
    </UnitTest>
    <UnitTest name="TestForAssemblyCoverage" storage="d:\actions-runner\_work\xpco\xpco\allsolutions\..\sc\components\remoteviewer\smartclient\tst\zsmartclient_unittest\bin\x64\debug\net6.0-windows\zsmartclient_unittest.dll" id="001c0c93-73e4-b3d7-1e2b-249f259f59d0">
      <Execution id="d5d5d59d-5b7f-4cac-8905-d0f05e14727f" />
      <TestMethod codeBase="D:\actions-runner\_work\XPCO\XPCO\AllSolutions\..\SC\Components\RemoteViewer\SmartClient\tst\zSmartClient_UnitTest\bin\x64\Debug\net6.0-windows\zSmartClient_UnitTest.dll" adapterTypeName="executor://mstestadapter/v2" className="SmartClient_UnitTest.VideoOS.RemoteClient.Plugin.JoystickSupport.UnitTest1" name="TestForAssemblyCoverage" />
    </UnitTest>
    <UnitTest name="Initialize_ShouldSelectTheFirstCameraWithRegionSelected_WhenInitializedWithFilterValueThatHasRegionSelected" storage="d:\actions-runner\_work\xpco\xpco\allsolutions\..\sc\components\remoteviewer\smartclient\tst\zsmartclient_unittest\bin\x64\debug\net6.0-windows\zsmartclient_unittest.dll" id="bfa2e036-0b0c-2621-93e6-fae23f6d7c6d">
      <TestCategory>
        <TestCategoryItem TestCategory="Search.Filters.ViewModels" />
      </TestCategory>
      <Execution id="f8f95359-a5db-4601-ba2f-2b4ccb85b949" />
      <TestMethod codeBase="D:\actions-runner\_work\XPCO\XPCO\AllSolutions\..\SC\Components\RemoteViewer\SmartClient\tst\zSmartClient_UnitTest\bin\x64\Debug\net6.0-windows\zSmartClient_UnitTest.dll" adapterTypeName="executor://mstestadapter/v2" className="SmartClient_UnitTest.VideoOS.RemoteClient.Plugin.CentralizedSearch.MIPPlugin.Criteria.ViewModels.RegionSelectionAttributeEditControlViewModelTests" name="Initialize_ShouldSelectTheFirstCameraWithRegionSelected_WhenInitializedWithFilterValueThatHasRegionSelected" />
    </UnitTest>
    <UnitTest name="SearchAction_BrowseMode_30MinutesInTheFuture" storage="d:\actions-runner\_work\xpco\xpco\allsolutions\..\sc\components\remoteviewer\smartclient\tst\zsmartclient_unittest\bin\x64\debug\net6.0-windows\zsmartclient_unittest.dll" id="65a9b794-921a-eae9-026a-f733825b3d4a">
      <TestCategory>
        <TestCategoryItem TestCategory="WorkspaceToolbar" />
      </TestCategory>
      <Execution id="458da63c-94a6-4a51-b540-8ac6c5939f84" />
      <TestMethod codeBase="D:\actions-runner\_work\XPCO\XPCO\AllSolutions\..\SC\Components\RemoteViewer\SmartClient\tst\zSmartClient_UnitTest\bin\x64\Debug\net6.0-windows\zSmartClient_UnitTest.dll" adapterTypeName="executor://mstestadapter/v2" className="SmartClient_UnitTest.VideoOS.RemoteClient.Application.Data.WorkspaceToolbar.WorkspaceToolbarItemSmartSearchTests" name="SearchAction_BrowseMode_30MinutesInTheFuture" />
    </UnitTest>
    <UnitTest name="TestProperties_Name_Success" storage="d:\actions-runner\_work\xpco\xpco\allsolutions\..\sc\components\remoteviewer\smartclient\tst\zsmartclient_unittest\bin\x64\debug\net6.0-windows\zsmartclient_unittest.dll" id="67ee2264-2350-9541-5091-2e559be75dbe">
      <TestCategory>
        <TestCategoryItem TestCategory="GisMapBuilding" />
      </TestCategory>
      <Execution id="ccd74ba0-c80e-471c-8ea9-b0396e2f7a71" />
      <TestMethod codeBase="D:\actions-runner\_work\XPCO\XPCO\AllSolutions\..\SC\Components\RemoteViewer\SmartClient\tst\zSmartClient_UnitTest\bin\x64\Debug\net6.0-windows\zSmartClient_UnitTest.dll" adapterTypeName="executor://mstestadapter/v2" className="SmartClient_UnitTest.VideoOS.RemoteClient.GisMapData.MapBuildings.MapLevelTests" name="TestProperties_Name_Success" />
    </UnitTest>
    <UnitTest name="PtzInfoViewModel_PtzCotrolledByUserTest" storage="d:\actions-runner\_work\xpco\xpco\allsolutions\..\sc\components\remoteviewer\smartclient\tst\zsmartclient_unittest\bin\x64\debug\net6.0-windows\zsmartclient_unittest.dll" id="6bcb61d5-27f5-0fda-d895-8ea5b1245aab">
      <Execution id="08eb9002-18bb-455c-af7a-e2e403dd7630" />
      <TestMethod codeBase="D:\actions-runner\_work\XPCO\XPCO\AllSolutions\..\SC\Components\RemoteViewer\SmartClient\tst\zSmartClient_UnitTest\bin\x64\Debug\net6.0-windows\zSmartClient_UnitTest.dll" adapterTypeName="executor://mstestadapter/v2" className="SmartClient_UnitTest.VideoOS.RemoteClient.Plugin.Map.WPFObjects.PtzInfoViewModelUnitTest" name="PtzInfoViewModel_PtzCotrolledByUserTest" />
    </UnitTest>
    <UnitTest name="ToDenormalizedDirection_0_75" storage="d:\actions-runner\_work\xpco\xpco\allsolutions\..\sc\components\remoteviewer\smartclient\tst\zsmartclient_unittest\bin\x64\debug\net6.0-windows\zsmartclient_unittest.dll" id="84b3e980-bdbe-5014-755b-538d50035c46">
      <TestCategory>
        <TestCategoryItem TestCategory="GisMap" />
      </TestCategory>
      <Execution id="ac6ecc6f-4afd-4a76-ac1b-9a8d45b5c8ad" />
      <TestMethod codeBase="D:\actions-runner\_work\XPCO\XPCO\AllSolutions\..\SC\Components\RemoteViewer\SmartClient\tst\zSmartClient_UnitTest\bin\x64\Debug\net6.0-windows\zSmartClient_UnitTest.dll" adapterTypeName="executor://mstestadapter/v2" className="SmartClient_UnitTest.VideoOS.RemoteClient.GisMap.Utilities.GisUtilityTests" name="ToDenormalizedDirection_0_75" />
    </UnitTest>
    <UnitTest name="StartSelection_ShouldNotClearAnyExistingSelections_WhenCtrlKeyIsPressed" storage="d:\actions-runner\_work\xpco\xpco\allsolutions\..\sc\components\remoteviewer\smartclient\tst\zsmartclient_unittest\bin\x64\debug\net6.0-windows\zsmartclient_unittest.dll" id="01eab79c-bc50-d06f-cdd9-f0cb405d3b66">
      <TestCategory>
        <TestCategoryItem TestCategory="SmartMap.SelectionHelper" />
      </TestCategory>
      <Execution id="1fbfd567-4d0a-4713-9f7e-6ebd8fe9e4a3" />
      <TestMethod codeBase="D:\actions-runner\_work\XPCO\XPCO\AllSolutions\..\SC\Components\RemoteViewer\SmartClient\tst\zSmartClient_UnitTest\bin\x64\Debug\net6.0-windows\zSmartClient_UnitTest.dll" adapterTypeName="executor://mstestadapter/v2" className="SmartClient_UnitTest.VideoOS.RemoteClient.Plugin.GisMap.ThinkGeoMap.SpecializedOverlays.Overlays.SelectionHelperTests" name="StartSelection_ShouldNotClearAnyExistingSelections_WhenCtrlKeyIsPressed" />
    </UnitTest>
    <UnitTest name="Constructor_ShouldRaiseArgumentNullException_WhenDeviceIdsIsNull" storage="d:\actions-runner\_work\xpco\xpco\allsolutions\..\sc\components\remoteviewer\smartclient\tst\zsmartclient_unittest\bin\x64\debug\net6.0-windows\zsmartclient_unittest.dll" id="6480e990-929e-4f74-6838-96e2b97d0c00">
      <TestCategory>
        <TestCategoryItem TestCategory="GisMapData.Common.EventsArgs" />
      </TestCategory>
      <Execution id="57dc56c5-534c-45d1-ad7a-7abb10176636" />
      <TestMethod codeBase="D:\actions-runner\_work\XPCO\XPCO\AllSolutions\..\SC\Components\RemoteViewer\SmartClient\tst\zSmartClient_UnitTest\bin\x64\Debug\net6.0-windows\zSmartClient_UnitTest.dll" adapterTypeName="executor://mstestadapter/v2" className="SmartClient_UnitTest.VideoOS.RemoteClient.GisMapData.Common.EventsArgs.UpdateMicrophonesEventArgsTests" name="Constructor_ShouldRaiseArgumentNullException_WhenDeviceIdsIsNull" />
    </UnitTest>
    <UnitTest name="ZoomOut_MapSet_MapZoomOutInvoked" storage="d:\actions-runner\_work\xpco\xpco\allsolutions\..\sc\components\remoteviewer\smartclient\tst\zsmartclient_unittest\bin\x64\debug\net6.0-windows\zsmartclient_unittest.dll" id="a7b3a0a1-b567-86d1-d16a-ead40656c5fa">
      <Execution id="2470e0cd-c702-4ca5-9258-89c9200dbbbf" />
      <TestMethod codeBase="D:\actions-runner\_work\XPCO\XPCO\AllSolutions\..\SC\Components\RemoteViewer\SmartClient\tst\zSmartClient_UnitTest\bin\x64\Debug\net6.0-windows\zSmartClient_UnitTest.dll" adapterTypeName="executor://mstestadapter/v2" className="SmartClient_UnitTest.VideoOS.RemoteClient.Plugin.GisMap.ThinkGeoMap.DefaultZoomHandlerTests" name="ZoomOut_MapSet_MapZoomOutInvoked" />
    </UnitTest>
    <UnitTest name="CameraMapItem_ForceActivateAsync_InBuilding_UseLastLevel_Success" storage="d:\actions-runner\_work\xpco\xpco\allsolutions\..\sc\components\remoteviewer\smartclient\tst\zsmartclient_unittest\bin\x64\debug\net6.0-windows\zsmartclient_unittest.dll" id="84d62aca-a413-46a5-c8ba-3602e6cd8798">
      <TestCategory>
        <TestCategoryItem TestCategory="GisMapMapItem" />
      </TestCategory>
      <Execution id="a98d1cc8-7f11-4437-9e9f-68bc54160a1b" />
      <TestMethod codeBase="D:\actions-runner\_work\XPCO\XPCO\AllSolutions\..\SC\Components\RemoteViewer\SmartClient\tst\zSmartClient_UnitTest\bin\x64\Debug\net6.0-windows\zSmartClient_UnitTest.dll" adapterTypeName="executor://mstestadapter/v2" className="SmartClient_UnitTest.VideoOS.RemoteClient.GisMap.MapItem.MapItemTests" name="CameraMapItem_ForceActivateAsync_InBuilding_UseLastLevel_Success" />
    </UnitTest>
    <UnitTest name="Constructor_ShouldThrowException_WhenReportViewerStateIsNull" storage="d:\actions-runner\_work\xpco\xpco\allsolutions\..\sc\components\remoteviewer\smartclient\tst\zsmartclient_unittest\bin\x64\debug\net6.0-windows\zsmartclient_unittest.dll" id="27433e55-5768-6c79-0b23-c4648c647a81">
      <TestCategory>
        <TestCategoryItem TestCategory="ReportingContentType" />
      </TestCategory>
      <Execution id="a5ad2a1e-071c-4f07-84e8-474ceb158fce" />
      <TestMethod codeBase="D:\actions-runner\_work\XPCO\XPCO\AllSolutions\..\SC\Components\RemoteViewer\SmartClient\tst\zSmartClient_UnitTest\bin\x64\Debug\net6.0-windows\zSmartClient_UnitTest.dll" adapterTypeName="executor://mstestadapter/v2" className="SmartClient_UnitTest.VideoOS.RemoteClient.Application.Data.ContentTypes.ReportingContentType.ReportViewerViewModelTest" name="Constructor_ShouldThrowException_WhenReportViewerStateIsNull" />
    </UnitTest>
    <UnitTest name="Deserialize_NothingToDeserialize_Success" storage="d:\actions-runner\_work\xpco\xpco\allsolutions\..\sc\components\remoteviewer\smartclient\tst\zsmartclient_unittest\bin\x64\debug\net6.0-windows\zsmartclient_unittest.dll" id="962aa215-0703-be2d-ae49-5fe79d594412">
      <TestCategory>
        <TestCategoryItem TestCategory="SearchSerialization" />
      </TestCategory>
      <Execution id="55b93483-db29-4aea-8570-acb0fa15a7e9" />
      <TestMethod codeBase="D:\actions-runner\_work\XPCO\XPCO\AllSolutions\..\SC\Components\RemoteViewer\SmartClient\tst\zSmartClient_UnitTest\bin\x64\Debug\net6.0-windows\zSmartClient_UnitTest.dll" adapterTypeName="executor://mstestadapter/v2" className="SmartClient_UnitTest.VideoOS.RemoteClient.Plugin.CentralizedSearch.Models.Serialization.SearchSerializerTests" name="Deserialize_NothingToDeserialize_Success" />
    </UnitTest>
    <UnitTest name="TestGetAllTasksAsync" storage="d:\actions-runner\_work\xpco\xpco\allsolutions\..\sc\components\remoteviewer\smartclient\tst\zsmartclient_unittest\bin\x64\debug\net6.0-windows\zsmartclient_unittest.dll" id="19146f14-6143-cfb7-4c8f-467081c697c0">
      <Execution id="495a6ae6-fd44-40a5-83a5-3ea1b188da60" />
      <TestMethod codeBase="D:\actions-runner\_work\XPCO\XPCO\AllSolutions\..\SC\Components\RemoteViewer\SmartClient\tst\zSmartClient_UnitTest\bin\x64\Debug\net6.0-windows\zSmartClient_UnitTest.dll" adapterTypeName="executor://mstestadapter/v2" className="SmartClient_UnitTest.VideoOS.RemoteClient.Application.Managers.EdgeRetrievalTaskManagerUnitTest" name="TestGetAllTasksAsync" />
    </UnitTest>
    <UnitTest name="UpdateAction_SingleAcceptedAndSingleRejected_EnabledAndAddSuffixToToolTip" storage="d:\actions-runner\_work\xpco\xpco\allsolutions\..\sc\components\remoteviewer\smartclient\tst\zsmartclient_unittest\bin\x64\debug\net6.0-windows\zsmartclient_unittest.dll" id="da74414c-6059-a1d1-7697-c9f6a432ab01">
      <TestCategory>
        <TestCategoryItem TestCategory="SearchResultsAction" />
      </TestCategory>
      <Execution id="f3c26c76-123e-4771-b351-a27d2fa0fa1a" />
      <TestMethod codeBase="D:\actions-runner\_work\XPCO\XPCO\AllSolutions\..\SC\Components\RemoteViewer\SmartClient\tst\zSmartClient_UnitTest\bin\x64\Debug\net6.0-windows\zSmartClient_UnitTest.dll" adapterTypeName="executor://mstestadapter/v2" className="SmartClient_UnitTest.VideoOS.RemoteClient.Plugin.CentralizedSearch.ViewModels.SearchResultsActionViewModelTests" name="UpdateAction_SingleAcceptedAndSingleRejected_EnabledAndAddSuffixToToolTip" />
    </UnitTest>
    <UnitTest name="HandleGetLayerFeatures_ShouldReturnMicrophoneLayerFeatures_WhenMicrophoneKind" storage="d:\actions-runner\_work\xpco\xpco\allsolutions\..\sc\components\remoteviewer\smartclient\tst\zsmartclient_unittest\bin\x64\debug\net6.0-windows\zsmartclient_unittest.dll" id="57630e13-6376-5ac4-f876-8b3113252cf4">
      <TestCategory>
        <TestCategoryItem TestCategory="GisMapData.Handlers.LayerFeatures" />
      </TestCategory>
      <Execution id="225e3060-d5ef-4194-b167-348dff4099ec" />
      <TestMethod codeBase="D:\actions-runner\_work\XPCO\XPCO\AllSolutions\..\SC\Components\RemoteViewer\SmartClient\tst\zSmartClient_UnitTest\bin\x64\Debug\net6.0-windows\zSmartClient_UnitTest.dll" adapterTypeName="executor://mstestadapter/v2" className="SmartClient_UnitTest.VideoOS.RemoteClient.GisMapData.Handlers.LayerFeatures.MicrophoneLayerFeaturesHandlerTests" name="HandleGetLayerFeatures_ShouldReturnMicrophoneLayerFeatures_WhenMicrophoneKind" />
    </UnitTest>
    <UnitTest name="TestKeepInMemory_Success" storage="d:\actions-runner\_work\xpco\xpco\allsolutions\..\sc\components\remoteviewer\smartclient\tst\zsmartclient_unittest\bin\x64\debug\net6.0-windows\zsmartclient_unittest.dll" id="8ffeda3d-e799-7be5-92e9-cd0ffd88ed12">
      <Execution id="b634ea04-9b81-4edb-82f5-098177af1702" />
      <TestMethod codeBase="D:\actions-runner\_work\XPCO\XPCO\AllSolutions\..\SC\Components\RemoteViewer\SmartClient\tst\zSmartClient_UnitTest\bin\x64\Debug\net6.0-windows\zSmartClient_UnitTest.dll" adapterTypeName="executor://mstestadapter/v2" className="SmartClient_UnitTest.VideoOS.RemoteClient.Application.Controllers.WorkSpace.WorkSpaceItemTest" name="TestKeepInMemory_Success" />
    </UnitTest>
    <UnitTest name="ScrollIntoView_Sync_DefinitionViewInViewPort_NotScrolled" storage="d:\actions-runner\_work\xpco\xpco\allsolutions\..\sc\components\remoteviewer\smartclient\tst\zsmartclient_unittest\bin\x64\debug\net6.0-windows\zsmartclient_unittest.dll" id="633b1573-6042-ec26-9f10-dd2e2dcea040">
      <TestCategory>
        <TestCategoryItem TestCategory="Search" />
      </TestCategory>
      <Execution id="2d757e22-a9af-453b-916b-a1245b741072" />
      <TestMethod codeBase="D:\actions-runner\_work\XPCO\XPCO\AllSolutions\..\SC\Components\RemoteViewer\SmartClient\tst\zSmartClient_UnitTest\bin\x64\Debug\net6.0-windows\zSmartClient_UnitTest.dll" adapterTypeName="executor://mstestadapter/v2" className="SmartClient_UnitTest.VideoOS.RemoteClient.Plugin.CentralizedSearch.Views.CriteriaViewTests" name="ScrollIntoView_Sync_DefinitionViewInViewPort_NotScrolled" />
    </UnitTest>
    <UnitTest name="SelectTemplate_NullViewModelSearchAttribute_Throws" storage="d:\actions-runner\_work\xpco\xpco\allsolutions\..\sc\components\remoteviewer\smartclient\tst\zsmartclient_unittest\bin\x64\debug\net6.0-windows\zsmartclient_unittest.dll" id="d8b647c6-ef54-f676-621e-8f04d1dc548d">
      <TestCategory>
        <TestCategoryItem TestCategory="SearchViews" />
      </TestCategory>
      <Execution id="3e1ee7a3-3779-4109-9559-688d5222e96c" />
      <TestMethod codeBase="D:\actions-runner\_work\XPCO\XPCO\AllSolutions\..\SC\Components\RemoteViewer\SmartClient\tst\zSmartClient_UnitTest\bin\x64\Debug\net6.0-windows\zSmartClient_UnitTest.dll" adapterTypeName="executor://mstestadapter/v2" className="SmartClient_UnitTest.VideoOS.RemoteClient.Plugin.CentralizedSearch.Views.AttributeEditControlTemplateSelectorTests" name="SelectTemplate_NullViewModelSearchAttribute_Throws" />
    </UnitTest>
    <UnitTest name="SmartSearchStatusType_ShouldYieldSameValuesForAllEnumValues_WhenRoundTripConverted (SearchEndTimeReached,SearchEndTimeReached)" storage="d:\actions-runner\_work\xpco\xpco\allsolutions\..\sc\components\remoteviewer\smartclient\tst\zsmartclient_unittest\bin\x64\debug\net6.0-windows\zsmartclient_unittest.dll" id="454652c1-c285-915f-adae-d89d6726087e">
      <TestCategory>
        <TestCategoryItem TestCategory="RecorderProxyToDtoMapping" />
      </TestCategory>
      <Execution id="79a5b73e-c361-4388-9e6a-f20a2fa697e8" />
      <TestMethod codeBase="D:\actions-runner\_work\XPCO\XPCO\AllSolutions\..\SC\Components\RemoteViewer\SmartClient\tst\zSmartClient_UnitTest\bin\x64\Debug\net6.0-windows\zSmartClient_UnitTest.dll" adapterTypeName="executor://mstestadapter/v2" className="VideoOS.Shared.ServerAPI.SOAP.RecorderClientMappingTests" name="SmartSearchStatusType_ShouldYieldSameValuesForAllEnumValues_WhenRoundTripConverted" />
    </UnitTest>
    <UnitTest name="SmartSearchStatusDto_ShouldYieldSameValues_WhenRoundTripConverted" storage="d:\actions-runner\_work\xpco\xpco\allsolutions\..\sc\components\remoteviewer\smartclient\tst\zsmartclient_unittest\bin\x64\debug\net6.0-windows\zsmartclient_unittest.dll" id="eccb1112-d77c-887e-87bf-b7f65298e1a6">
      <TestCategory>
        <TestCategoryItem TestCategory="RecorderProxyToDtoMapping" />
      </TestCategory>
      <Execution id="36e891a2-7a77-46ed-80ae-b8f086ba0d09" />
      <TestMethod codeBase="D:\actions-runner\_work\XPCO\XPCO\AllSolutions\..\SC\Components\RemoteViewer\SmartClient\tst\zSmartClient_UnitTest\bin\x64\Debug\net6.0-windows\zSmartClient_UnitTest.dll" adapterTypeName="executor://mstestadapter/v2" className="VideoOS.Shared.ServerAPI.SOAP.RecorderClientMappingTests" name="SmartSearchStatusDto_ShouldYieldSameValues_WhenRoundTripConverted" />
    </UnitTest>
    <UnitTest name="OnSearchResultsSelectionChangedByUser_ShouldUpdateSelectedResults_WhenSelectionChangedByUser" storage="d:\actions-runner\_work\xpco\xpco\allsolutions\..\sc\components\remoteviewer\smartclient\tst\zsmartclient_unittest\bin\x64\debug\net6.0-windows\zsmartclient_unittest.dll" id="4d525835-86fa-0619-e484-37026867a280">
      <TestCategory>
        <TestCategoryItem TestCategory="SearchViewModels" />
      </TestCategory>
      <Execution id="8d40570b-8cad-453b-8934-51d65dffbb8d" />
      <TestMethod codeBase="D:\actions-runner\_work\XPCO\XPCO\AllSolutions\..\SC\Components\RemoteViewer\SmartClient\tst\zSmartClient_UnitTest\bin\x64\Debug\net6.0-windows\zSmartClient_UnitTest.dll" adapterTypeName="executor://mstestadapter/v2" className="SmartClient_UnitTest.VideoOS.RemoteClient.Plugin.CentralizedSearch.ViewModels.SearchViewModelTests" name="OnSearchResultsSelectionChangedByUser_ShouldUpdateSelectedResults_WhenSelectionChangedByUser" />
    </UnitTest>
    <UnitTest name="Deserialize_ShouldReportInvalidCombineType_WhenCombineTypeValueIsNotInEnumeration" storage="d:\actions-runner\_work\xpco\xpco\allsolutions\..\sc\components\remoteviewer\smartclient\tst\zsmartclient_unittest\bin\x64\debug\net6.0-windows\zsmartclient_unittest.dll" id="a90fcb60-5904-342b-4fdf-2acce1eecc2f">
      <TestCategory>
        <TestCategoryItem TestCategory="SearchSerialization" />
      </TestCategory>
      <Execution id="c458b1fd-54f4-4763-b705-750d539c3d72" />
      <TestMethod codeBase="D:\actions-runner\_work\XPCO\XPCO\AllSolutions\..\SC\Components\RemoteViewer\SmartClient\tst\zSmartClient_UnitTest\bin\x64\Debug\net6.0-windows\zSmartClient_UnitTest.dll" adapterTypeName="executor://mstestadapter/v2" className="SmartClient_UnitTest.VideoOS.RemoteClient.Plugin.CentralizedSearch.Models.Serialization.SearchSerializerTests" name="Deserialize_ShouldReportInvalidCombineType_WhenCombineTypeValueIsNotInEnumeration" />
    </UnitTest>
    <UnitTest name="IsDisabled_ShouldBeTrue_WhenIsDetachedControllerManager" storage="d:\actions-runner\_work\xpco\xpco\allsolutions\..\sc\components\remoteviewer\smartclient\tst\zsmartclient_unittest\bin\x64\debug\net6.0-windows\zsmartclient_unittest.dll" id="0d4811ec-9931-fb19-edc0-7bcc796825fb">
      <TestCategory>
        <TestCategoryItem TestCategory="GisMapData.MapItem.Outputs" />
      </TestCategory>
      <Execution id="9daf3a70-e31b-4ba1-9ad2-5f37f222d4a0" />
      <TestMethod codeBase="D:\actions-runner\_work\XPCO\XPCO\AllSolutions\..\SC\Components\RemoteViewer\SmartClient\tst\zSmartClient_UnitTest\bin\x64\Debug\net6.0-windows\zSmartClient_UnitTest.dll" adapterTypeName="executor://mstestadapter/v2" className="SmartClient_UnitTest.VideoOS.RemoteClient.GisMapData.MapItem.Outputs.OutputMapItemTests" name="IsDisabled_ShouldBeTrue_WhenIsDetachedControllerManager" />
    </UnitTest>
    <UnitTest name="VideoResultSearchResult_PropertiesWhenCombinedResultSameCategoryName_CollectedAndDisplayed" storage="d:\actions-runner\_work\xpco\xpco\allsolutions\..\sc\components\remoteviewer\smartclient\tst\zsmartclient_unittest\bin\x64\debug\net6.0-windows\zsmartclient_unittest.dll" id="872d533c-7618-1f1f-1814-b113065309ba">
      <TestCategory>
        <TestCategoryItem TestCategory="SearchControls" />
      </TestCategory>
      <Execution id="a8a51144-64c0-4e66-9f10-72d36a5145b9" />
      <TestMethod codeBase="D:\actions-runner\_work\XPCO\XPCO\AllSolutions\..\SC\Components\RemoteViewer\SmartClient\tst\zSmartClient_UnitTest\bin\x64\Debug\net6.0-windows\zSmartClient_UnitTest.dll" adapterTypeName="executor://mstestadapter/v2" className="SmartClient_UnitTest.VideoOS.RemoteClient.Plugin.CentralizedSearch.Views.Controls.SearchResultDetailsControlTests" name="VideoResultSearchResult_PropertiesWhenCombinedResultSameCategoryName_CollectedAndDisplayed" />
    </UnitTest>
    <UnitTest name="GetDomainAndUserName_ShouldReturnOnlyUserNamePartOfNetworkCredentials_WhenNetworkCredentialsContainsNoDomain" storage="d:\actions-runner\_work\xpco\xpco\allsolutions\..\sc\components\remoteviewer\smartclient\tst\zsmartclient_unittest\bin\x64\debug\net6.0-windows\zsmartclient_unittest.dll" id="e5baebdf-dd33-61d2-8622-e7904797fee0">
      <TestCategory>
        <TestCategoryItem TestCategory="Authentication.ClientCredentials" />
      </TestCategory>
      <Execution id="d5aa05a4-0b10-48e7-9324-bdfc3ea0705a" />
      <TestMethod codeBase="D:\actions-runner\_work\XPCO\XPCO\AllSolutions\..\SC\Components\RemoteViewer\SmartClient\tst\zSmartClient_UnitTest\bin\x64\Debug\net6.0-windows\zSmartClient_UnitTest.dll" adapterTypeName="executor://mstestadapter/v2" className="SmartClient_UnitTest.VideoOS.Shared.ServerAPI.ClientCredentialsTest" name="GetDomainAndUserName_ShouldReturnOnlyUserNamePartOfNetworkCredentials_WhenNetworkCredentialsContainsNoDomain" />
    </UnitTest>
    <UnitTest name="Ctor_OneBuiltInGroupDefined_OneCompositeAgentAddedAndOneStandardAgentAdded" storage="d:\actions-runner\_work\xpco\xpco\allsolutions\..\sc\components\remoteviewer\smartclient\tst\zsmartclient_unittest\bin\x64\debug\net6.0-windows\zsmartclient_unittest.dll" id="6fee5694-49d5-a68c-4692-637882795255">
      <TestCategory>
        <TestCategoryItem TestCategory="ScSearchManager" />
      </TestCategory>
      <Execution id="6fbe7782-cbce-4f56-9a85-531cd3401024" />
      <TestMethod codeBase="D:\actions-runner\_work\XPCO\XPCO\AllSolutions\..\SC\Components\RemoteViewer\SmartClient\tst\zSmartClient_UnitTest\bin\x64\Debug\net6.0-windows\zSmartClient_UnitTest.dll" adapterTypeName="executor://mstestadapter/v2" className="SmartClient_UnitTest.VideoOS.RemoteClient.Plugin.CentralizedSearch.MIPPlugin.ScSearchManagerTests" name="Ctor_OneBuiltInGroupDefined_OneCompositeAgentAddedAndOneStandardAgentAdded" />
    </UnitTest>
    <UnitTest name="Dispose_ShouldDisposeDeviceSelectorWindowViewModel_WhenDisposingInstance" storage="d:\actions-runner\_work\xpco\xpco\allsolutions\..\sc\components\remoteviewer\smartclient\tst\zsmartclient_unittest\bin\x64\debug\net6.0-windows\zsmartclient_unittest.dll" id="3a37d654-c030-a07d-9c40-73fc97223ffe">
      <TestCategory>
        <TestCategoryItem TestCategory="GisMap.GisMapViewModel" />
      </TestCategory>
      <Execution id="b7cb6880-58f4-4896-8ffc-9a9547a70dce" />
      <TestMethod codeBase="D:\actions-runner\_work\XPCO\XPCO\AllSolutions\..\SC\Components\RemoteViewer\SmartClient\tst\zSmartClient_UnitTest\bin\x64\Debug\net6.0-windows\zSmartClient_UnitTest.dll" adapterTypeName="executor://mstestadapter/v2" className="SmartClient_UnitTest.VideoOS.RemoteClient.Plugin.GisMap.ViewModels.GisMapViewModelTests" name="Dispose_ShouldDisposeDeviceSelectorWindowViewModel_WhenDisposingInstance" />
    </UnitTest>
    <UnitTest name="Passwords are the same" storage="d:\actions-runner\_work\xpco\xpco\allsolutions\..\sc\components\remoteviewer\smartclient\tst\zsmartclient_unittest\bin\x64\debug\net6.0-windows\zsmartclient_unittest.dll" id="e34756db-13d7-7720-a8fd-b5442759c6e4">
      <TestCategory>
        <TestCategoryItem TestCategory="Export" />
      </TestCategory>
      <Execution id="e4f57f31-b495-4c57-8e50-fb29f38ee435" />
      <TestMethod codeBase="D:\actions-runner\_work\XPCO\XPCO\AllSolutions\..\SC\Components\RemoteViewer\SmartClient\tst\zSmartClient_UnitTest\bin\x64\Debug\net6.0-windows\zSmartClient_UnitTest.dll" adapterTypeName="executor://mstestadapter/v2" className="SmartClient_UnitTest.VideoOS.RemoteClient.Plugin.Export.PasswordDialogViewModelTests" name="SettingPassword1AndPassword2_ShouldSetIsPassword2Valid" />
    </UnitTest>
    <UnitTest name="Constructor_ShouldRaiseArgumentNullException_WhenLayersIsNull" storage="d:\actions-runner\_work\xpco\xpco\allsolutions\..\sc\components\remoteviewer\smartclient\tst\zsmartclient_unittest\bin\x64\debug\net6.0-windows\zsmartclient_unittest.dll" id="7a16e0cb-4e01-7898-4d17-e4adaaac865e">
      <TestCategory>
        <TestCategoryItem TestCategory="GisMapData.Handlers.LayerFeatures" />
      </TestCategory>
      <Execution id="0f9f5fe1-4801-4ac6-b52d-4d46def88ab2" />
      <TestMethod codeBase="D:\actions-runner\_work\XPCO\XPCO\AllSolutions\..\SC\Components\RemoteViewer\SmartClient\tst\zSmartClient_UnitTest\bin\x64\Debug\net6.0-windows\zSmartClient_UnitTest.dll" adapterTypeName="executor://mstestadapter/v2" className="SmartClient_UnitTest.VideoOS.RemoteClient.GisMapData.Handlers.LayerFeatures.OutputLayerFeaturesHandlerTests" name="Constructor_ShouldRaiseArgumentNullException_WhenLayersIsNull" />
    </UnitTest>
    <UnitTest name="MapLayer_LoadSave_DataIsSame" storage="d:\actions-runner\_work\xpco\xpco\allsolutions\..\sc\components\remoteviewer\smartclient\tst\zsmartclient_unittest\bin\x64\debug\net6.0-windows\zsmartclient_unittest.dll" id="903924a4-7ced-4d98-9edf-15f9a7cfa0d7">
      <TestCategory>
        <TestCategoryItem TestCategory="GisMapLayer" />
      </TestCategory>
      <Execution id="5f53de5a-32d0-4fa4-920f-be5cfbdabcb9" />
      <TestMethod codeBase="D:\actions-runner\_work\XPCO\XPCO\AllSolutions\..\SC\Components\RemoteViewer\SmartClient\tst\zSmartClient_UnitTest\bin\x64\Debug\net6.0-windows\zSmartClient_UnitTest.dll" adapterTypeName="executor://mstestadapter/v2" className="SmartClient_UnitTest.VideoOS.RemoteClient.GisMap.MapLayers.GisMapLayerTests" name="MapLayer_LoadSave_DataIsSame" />
    </UnitTest>
    <UnitTest name="AssignPanTiltValue_WhenValueJustBelowDeadzone_ShouldReturnJustBelowCenterValue" storage="d:\actions-runner\_work\xpco\xpco\allsolutions\..\sc\components\remoteviewer\smartclient\tst\zsmartclient_unittest\bin\x64\debug\net6.0-windows\zsmartclient_unittest.dll" id="39116a4a-80db-ce36-d47f-ad7c599fcdc1">
      <Execution id="0350333c-91b5-48f2-af54-2630b0f34430" />
      <TestMethod codeBase="D:\actions-runner\_work\XPCO\XPCO\AllSolutions\..\SC\Components\RemoteViewer\SmartClient\tst\zSmartClient_UnitTest\bin\x64\Debug\net6.0-windows\zSmartClient_UnitTest.dll" adapterTypeName="executor://mstestadapter/v2" className="SmartClient_UnitTest.VideoOS.RemoteClient.Plugin.JoystickSupport.JoystickDeviceTests" name="AssignPanTiltValue_WhenValueJustBelowDeadzone_ShouldReturnJustBelowCenterValue" />
    </UnitTest>
    <UnitTest name="UpdateScope_ItemsChangedWithNullScopeDuration_ReturnsTrue" storage="d:\actions-runner\_work\xpco\xpco\allsolutions\..\sc\components\remoteviewer\smartclient\tst\zsmartclient_unittest\bin\x64\debug\net6.0-windows\zsmartclient_unittest.dll" id="cb87cf1a-c232-cb4e-8509-02ba48adec73">
      <TestCategory>
        <TestCategoryItem TestCategory="SearchModels" />
      </TestCategory>
      <Execution id="2affd1a2-65aa-441a-a76e-f6e7ad07ca48" />
      <TestMethod codeBase="D:\actions-runner\_work\XPCO\XPCO\AllSolutions\..\SC\Components\RemoteViewer\SmartClient\tst\zSmartClient_UnitTest\bin\x64\Debug\net6.0-windows\zSmartClient_UnitTest.dll" adapterTypeName="executor://mstestadapter/v2" className="SmartClient_UnitTest.VideoOS.RemoteClient.Plugin.CentralizedSearch.Models.SearchScopeTests" name="UpdateScope_ItemsChangedWithNullScopeDuration_ReturnsTrue" />
    </UnitTest>
    <UnitTest name="SelectTemplate_NullViewModel_Throws" storage="d:\actions-runner\_work\xpco\xpco\allsolutions\..\sc\components\remoteviewer\smartclient\tst\zsmartclient_unittest\bin\x64\debug\net6.0-windows\zsmartclient_unittest.dll" id="0b48726b-7d83-90f3-a7e6-6509817ad105">
      <TestCategory>
        <TestCategoryItem TestCategory="SearchViews" />
      </TestCategory>
      <Execution id="6fff2d18-cf76-4da9-ae56-c7b1b99ebb43" />
      <TestMethod codeBase="D:\actions-runner\_work\XPCO\XPCO\AllSolutions\..\SC\Components\RemoteViewer\SmartClient\tst\zSmartClient_UnitTest\bin\x64\Debug\net6.0-windows\zSmartClient_UnitTest.dll" adapterTypeName="executor://mstestadapter/v2" className="SmartClient_UnitTest.VideoOS.RemoteClient.Plugin.CentralizedSearch.Views.AttributeEditControlTemplateSelectorTests" name="SelectTemplate_NullViewModel_Throws" />
    </UnitTest>
    <UnitTest name="BuildEvidenceCreatedProperties_ShouldReturnCorrectValues (some headline,,03:00:00,Weeks,1.22:00:00,3,True,False,03:00:00,Weeks,1.22:00:00,3)" storage="d:\actions-runner\_work\xpco\xpco\allsolutions\..\sc\components\remoteviewer\smartclient\tst\zsmartclient_unittest\bin\x64\debug\net6.0-windows\zsmartclient_unittest.dll" id="97f51352-286e-4e1f-35c9-41d9a4f5e756">
      <Execution id="5ec4c89b-a2ec-4a56-8552-437690193769" />
      <TestMethod codeBase="D:\actions-runner\_work\XPCO\XPCO\AllSolutions\..\SC\Components\RemoteViewer\SmartClient\tst\zSmartClient_UnitTest\bin\x64\Debug\net6.0-windows\zSmartClient_UnitTest.dll" adapterTypeName="executor://mstestadapter/v2" className="SmartClient_UnitTest.VideoOS.RemoteClient.Application.Common.Telemetry.TelemetryBuilderTests" name="BuildEvidenceCreatedProperties_ShouldReturnCorrectValues" />
    </UnitTest>
    <UnitTest name="Perform_ActionLongAfterFirst_Success" storage="d:\actions-runner\_work\xpco\xpco\allsolutions\..\sc\components\remoteviewer\smartclient\tst\zsmartclient_unittest\bin\x64\debug\net6.0-windows\zsmartclient_unittest.dll" id="1cf78aaf-7e14-43de-6645-da2adf43991c">
      <TestCategory>
        <TestCategoryItem TestCategory="UI.Facilitators" />
      </TestCategory>
      <Execution id="8aacc0ae-663a-4cc1-86ad-0c45b8c01f7c" />
      <TestMethod codeBase="D:\actions-runner\_work\XPCO\XPCO\AllSolutions\..\SC\Components\RemoteViewer\SmartClient\tst\zSmartClient_UnitTest\bin\x64\Debug\net6.0-windows\zSmartClient_UnitTest.dll" adapterTypeName="executor://mstestadapter/v2" className="SmartClient_UnitTest.VideoOS.UI.Common.EventDrivenBufferWithDelayTests" name="Perform_ActionLongAfterFirst_Success" />
    </UnitTest>
    <UnitTest name="ToUnsafeName_DifferentSeperator_Success" storage="d:\actions-runner\_work\xpco\xpco\allsolutions\..\sc\components\remoteviewer\smartclient\tst\zsmartclient_unittest\bin\x64\debug\net6.0-windows\zsmartclient_unittest.dll" id="6bb54fbb-dfac-5d0a-56dc-de94512d7ee7">
      <Execution id="858311d2-91b1-444d-b276-9accaedf3f2b" />
      <TestMethod codeBase="D:\actions-runner\_work\XPCO\XPCO\AllSolutions\..\SC\Components\RemoteViewer\SmartClient\tst\zSmartClient_UnitTest\bin\x64\Debug\net6.0-windows\zSmartClient_UnitTest.dll" adapterTypeName="executor://mstestadapter/v2" className="SmartClient_UnitTest.VideoOS.RemoteClient.Application.Common.Scripting.ReservedJavascriptKeywordsTests" name="ToUnsafeName_DifferentSeperator_Success" />
    </UnitTest>
    <UnitTest name="ScrollIntoView_Sync_DataContextChange_Scrolled" storage="d:\actions-runner\_work\xpco\xpco\allsolutions\..\sc\components\remoteviewer\smartclient\tst\zsmartclient_unittest\bin\x64\debug\net6.0-windows\zsmartclient_unittest.dll" id="e0d78dcd-5614-964a-05ab-ebe0da0d939b">
      <TestCategory>
        <TestCategoryItem TestCategory="Search" />
      </TestCategory>
      <Execution id="ca305f8d-d3e1-462a-8b2e-8b4c97490ecb" />
      <TestMethod codeBase="D:\actions-runner\_work\XPCO\XPCO\AllSolutions\..\SC\Components\RemoteViewer\SmartClient\tst\zSmartClient_UnitTest\bin\x64\Debug\net6.0-windows\zSmartClient_UnitTest.dll" adapterTypeName="executor://mstestadapter/v2" className="SmartClient_UnitTest.VideoOS.RemoteClient.Plugin.CentralizedSearch.Views.CriteriaViewTests" name="ScrollIntoView_Sync_DataContextChange_Scrolled" />
    </UnitTest>
    <UnitTest name="NavigateAndSelectAsync_CameraKind_CallDelegatedToViewModel" storage="d:\actions-runner\_work\xpco\xpco\allsolutions\..\sc\components\remoteviewer\smartclient\tst\zsmartclient_unittest\bin\x64\debug\net6.0-windows\zsmartclient_unittest.dll" id="73f202f0-6b9c-f5c0-5b33-e4aa7777d3dd">
      <TestCategory>
        <TestCategoryItem TestCategory="GisMap.GisMapViewFacade" />
      </TestCategory>
      <Execution id="7bdecdba-0505-4d8c-9fb3-4f59ec88269b" />
      <TestMethod codeBase="D:\actions-runner\_work\XPCO\XPCO\AllSolutions\..\SC\Components\RemoteViewer\SmartClient\tst\zSmartClient_UnitTest\bin\x64\Debug\net6.0-windows\zSmartClient_UnitTest.dll" adapterTypeName="executor://mstestadapter/v2" className="SmartClient_UnitTest.VideoOS.RemoteClient.Plugin.GisMap.IoC.GisMapViewFacadeTests" name="NavigateAndSelectAsync_CameraKind_CallDelegatedToViewModel" />
    </UnitTest>
    <UnitTest name="PtzSessionControllerInfo_ReservedChangedTest_Argument_Null_1" storage="d:\actions-runner\_work\xpco\xpco\allsolutions\..\sc\components\remoteviewer\smartclient\tst\zsmartclient_unittest\bin\x64\debug\net6.0-windows\zsmartclient_unittest.dll" id="047ae752-4baa-4950-c45b-96826b207ed0">
      <Execution id="c81d5b14-192a-429a-ae2c-c9f76cbd5d90" />
      <TestMethod codeBase="D:\actions-runner\_work\XPCO\XPCO\AllSolutions\..\SC\Components\RemoteViewer\SmartClient\tst\zSmartClient_UnitTest\bin\x64\Debug\net6.0-windows\zSmartClient_UnitTest.dll" adapterTypeName="executor://mstestadapter/v2" className="VideoOS.RemoteClient.Application.Controllers.UnitTest.PtzSessionControllerTest" name="PtzSessionControllerInfo_ReservedChangedTest_Argument_Null_1" />
    </UnitTest>
    <UnitTest name="SearchResultsActionBarActions_Export_InvokeCommand_Success" storage="d:\actions-runner\_work\xpco\xpco\allsolutions\..\sc\components\remoteviewer\smartclient\tst\zsmartclient_unittest\bin\x64\debug\net6.0-windows\zsmartclient_unittest.dll" id="b1732416-dfe0-9e87-af0e-b787555e9f9f">
      <TestCategory>
        <TestCategoryItem TestCategory="SearchResultActionBarViewModel" />
      </TestCategory>
      <Execution id="4024c303-6533-4713-bc61-95a84a2aa514" />
      <TestMethod codeBase="D:\actions-runner\_work\XPCO\XPCO\AllSolutions\..\SC\Components\RemoteViewer\SmartClient\tst\zSmartClient_UnitTest\bin\x64\Debug\net6.0-windows\zSmartClient_UnitTest.dll" adapterTypeName="executor://mstestadapter/v2" className="SmartClient_UnitTest.VideoOS.RemoteClient.Plugin.CentralizedSearch.ViewModels.SearchResultsActionBarViewModelTest" name="SearchResultsActionBarActions_Export_InvokeCommand_Success" />
    </UnitTest>
    <UnitTest name="GetIsOpenStreetMapValid_ShouldReturnFalse_WhenGeographicLayerIsUnavailableAndAlternativeServerIsEmpty" storage="d:\actions-runner\_work\xpco\xpco\allsolutions\..\sc\components\remoteviewer\smartclient\tst\zsmartclient_unittest\bin\x64\debug\net6.0-windows\zsmartclient_unittest.dll" id="fb9b6cec-ea3c-18e4-a458-d89d0dfaac9b">
      <TestCategory>
        <TestCategoryItem TestCategory="GisMapData.Controllers.Osm" />
      </TestCategory>
      <Execution id="542a5a69-9d26-4d13-ace0-98bf4a2c935c" />
      <TestMethod codeBase="D:\actions-runner\_work\XPCO\XPCO\AllSolutions\..\SC\Components\RemoteViewer\SmartClient\tst\zSmartClient_UnitTest\bin\x64\Debug\net6.0-windows\zSmartClient_UnitTest.dll" adapterTypeName="executor://mstestadapter/v2" className="SmartClient_UnitTest.VideoOS.RemoteClient.GisMapData.Controllers.Osm.GisMapOsmControllerTests" name="GetIsOpenStreetMapValid_ShouldReturnFalse_WhenGeographicLayerIsUnavailableAndAlternativeServerIsEmpty" />
    </UnitTest>
    <UnitTest name="TestUpdateState_SmartWallViewType" storage="d:\actions-runner\_work\xpco\xpco\allsolutions\..\sc\components\remoteviewer\smartclient\tst\zsmartclient_unittest\bin\x64\debug\net6.0-windows\zsmartclient_unittest.dll" id="bf66e757-0492-e485-8a4b-fc8c1a4bef3b">
      <TestCategory>
        <TestCategoryItem TestCategory="WorkspaceToolbar" />
      </TestCategory>
      <Execution id="8d462c4b-a81c-4151-9fc5-1c8c73e82594" />
      <TestMethod codeBase="D:\actions-runner\_work\XPCO\XPCO\AllSolutions\..\SC\Components\RemoteViewer\SmartClient\tst\zSmartClient_UnitTest\bin\x64\Debug\net6.0-windows\zSmartClient_UnitTest.dll" adapterTypeName="executor://mstestadapter/v2" className="SmartClient_UnitTest.VideoOS.RemoteClient.Application.Data.WorkspaceToolbar.WorkspaceToolbarItemSmartSearchTests" name="TestUpdateState_SmartWallViewType" />
    </UnitTest>
    <UnitTest name="MulticastInfoDto_ShouldYieldSameValues_WhenRoundTripConverted" storage="d:\actions-runner\_work\xpco\xpco\allsolutions\..\sc\components\remoteviewer\smartclient\tst\zsmartclient_unittest\bin\x64\debug\net6.0-windows\zsmartclient_unittest.dll" id="fcff554d-34c8-97ff-ebce-88a9ec7d660a">
      <TestCategory>
        <TestCategoryItem TestCategory="RecorderProxyToDtoMapping" />
      </TestCategory>
      <Execution id="372f1e5c-5cc5-49d9-a340-0d4ced76b049" />
      <TestMethod codeBase="D:\actions-runner\_work\XPCO\XPCO\AllSolutions\..\SC\Components\RemoteViewer\SmartClient\tst\zSmartClient_UnitTest\bin\x64\Debug\net6.0-windows\zSmartClient_UnitTest.dll" adapterTypeName="executor://mstestadapter/v2" className="VideoOS.Shared.ServerAPI.SOAP.RecorderClientMappingTests" name="MulticastInfoDto_ShouldYieldSameValues_WhenRoundTripConverted" />
    </UnitTest>
    <UnitTest name="FocussedSearchResult_FocussedSearchResultIsKeptWhenShowPartialResultsChanges" storage="d:\actions-runner\_work\xpco\xpco\allsolutions\..\sc\components\remoteviewer\smartclient\tst\zsmartclient_unittest\bin\x64\debug\net6.0-windows\zsmartclient_unittest.dll" id="f482a2f5-ee23-f9e4-c2fa-729d4fc94abb">
      <TestCategory>
        <TestCategoryItem TestCategory="SearchViewModels" />
      </TestCategory>
      <Execution id="53991cf8-7871-4388-a9e3-259df61a120c" />
      <TestMethod codeBase="D:\actions-runner\_work\XPCO\XPCO\AllSolutions\..\SC\Components\RemoteViewer\SmartClient\tst\zSmartClient_UnitTest\bin\x64\Debug\net6.0-windows\zSmartClient_UnitTest.dll" adapterTypeName="executor://mstestadapter/v2" className="SmartClient_UnitTest.VideoOS.RemoteClient.Plugin.CentralizedSearch.ViewModels.SearchViewModelTests" name="FocussedSearchResult_FocussedSearchResultIsKeptWhenShowPartialResultsChanges" />
    </UnitTest>
    <UnitTest name="SearchTemplatesEnabled_SaveSearchesServerOptionIsTrue_ReturnsTrue" storage="d:\actions-runner\_work\xpco\xpco\allsolutions\..\sc\components\remoteviewer\smartclient\tst\zsmartclient_unittest\bin\x64\debug\net6.0-windows\zsmartclient_unittest.dll" id="56ff3fa9-0890-e06e-62f8-d4c54f830dfc">
      <TestCategory>
        <TestCategoryItem TestCategory="SearchViewModels" />
      </TestCategory>
      <Execution id="0ea98356-dc66-4827-9c2d-e9317be91436" />
      <TestMethod codeBase="D:\actions-runner\_work\XPCO\XPCO\AllSolutions\..\SC\Components\RemoteViewer\SmartClient\tst\zSmartClient_UnitTest\bin\x64\Debug\net6.0-windows\zSmartClient_UnitTest.dll" adapterTypeName="executor://mstestadapter/v2" className="SmartClient_UnitTest.VideoOS.RemoteClient.Plugin.CentralizedSearch.ViewModels.SearchViewModelTests" name="SearchTemplatesEnabled_SaveSearchesServerOptionIsTrue_ReturnsTrue" />
    </UnitTest>
    <UnitTest name="UpdateItemState_Hidden_WrongServerProtocol" storage="d:\actions-runner\_work\xpco\xpco\allsolutions\..\sc\components\remoteviewer\smartclient\tst\zsmartclient_unittest\bin\x64\debug\net6.0-windows\zsmartclient_unittest.dll" id="abb67912-1d6f-1304-0ce6-d0a01fbfb2dc">
      <TestCategory>
        <TestCategoryItem TestCategory="ContentHolderToolbar" />
      </TestCategory>
      <Execution id="57ed7198-ac48-42ec-895d-a9b228d4d7f2" />
      <TestMethod codeBase="D:\actions-runner\_work\XPCO\XPCO\AllSolutions\..\SC\Components\RemoteViewer\SmartClient\tst\zSmartClient_UnitTest\bin\x64\Debug\net6.0-windows\zSmartClient_UnitTest.dll" adapterTypeName="executor://mstestadapter/v2" className="SmartClient_UnitTest.VideoOS.RemoteClient.Application.Data.ContentHolderToolbar.ToolBarItemSearchTests" name="UpdateItemState_Hidden_WrongServerProtocol" />
    </UnitTest>
    <UnitTest name="SupportsDoubleClick_ShouldBeFalse_WhenInteractionStateIsNormalAndNotInSetupMode" storage="d:\actions-runner\_work\xpco\xpco\allsolutions\..\sc\components\remoteviewer\smartclient\tst\zsmartclient_unittest\bin\x64\debug\net6.0-windows\zsmartclient_unittest.dll" id="59476004-430a-3b34-3bb3-3229ecde9f89">
      <TestCategory>
        <TestCategoryItem TestCategory="GisMap.LegacyLinkMarker" />
      </TestCategory>
      <Execution id="c7b5912d-96b5-456c-8c67-a9b3e19825e3" />
      <TestMethod codeBase="D:\actions-runner\_work\XPCO\XPCO\AllSolutions\..\SC\Components\RemoteViewer\SmartClient\tst\zSmartClient_UnitTest\bin\x64\Debug\net6.0-windows\zSmartClient_UnitTest.dll" adapterTypeName="executor://mstestadapter/v2" className="SmartClient_UnitTest.VideoOS.RemoteClient.Plugin.GisMap.ThinkGeoMap.Markers.LegacyLinkMarker.LegacyLinkMarkerTests" name="SupportsDoubleClick_ShouldBeFalse_WhenInteractionStateIsNormalAndNotInSetupMode" />
    </UnitTest>
    <UnitTest name="Initialize_ShouldAttachOptionChanged_WhenAllowOnlyFipsAlgorithmsIsFalse" storage="d:\actions-runner\_work\xpco\xpco\allsolutions\..\sc\components\remoteviewer\smartclient\tst\zsmartclient_unittest\bin\x64\debug\net6.0-windows\zsmartclient_unittest.dll" id="283f9f13-cb3e-1218-3fcd-08b263d8e990">
      <TestCategory>
        <TestCategoryItem TestCategory="AccessControl" />
      </TestCategory>
      <Execution id="75c3d294-e628-4cad-8212-0bf055cd845e" />
      <TestMethod codeBase="D:\actions-runner\_work\XPCO\XPCO\AllSolutions\..\SC\Components\RemoteViewer\SmartClient\tst\zSmartClient_UnitTest\bin\x64\Debug\net6.0-windows\zSmartClient_UnitTest.dll" adapterTypeName="executor://mstestadapter/v2" className="SmartClient_UnitTest.VideoOS.RemoteClient.AccessControl.AccessControlManagerCoreTests" name="Initialize_ShouldAttachOptionChanged_WhenAllowOnlyFipsAlgorithmsIsFalse" />
    </UnitTest>
    <UnitTest name="GisMapModel_Save_Success" storage="d:\actions-runner\_work\xpco\xpco\allsolutions\..\sc\components\remoteviewer\smartclient\tst\zsmartclient_unittest\bin\x64\debug\net6.0-windows\zsmartclient_unittest.dll" id="e9266c48-cfc4-e144-1936-f643e910fdf5">
      <TestCategory>
        <TestCategoryItem TestCategory="GisMap" />
      </TestCategory>
      <Execution id="77182af6-a6d3-43fc-9f72-a95e5ca79894" />
      <TestMethod codeBase="D:\actions-runner\_work\XPCO\XPCO\AllSolutions\..\SC\Components\RemoteViewer\SmartClient\tst\zSmartClient_UnitTest\bin\x64\Debug\net6.0-windows\zSmartClient_UnitTest.dll" adapterTypeName="executor://mstestadapter/v2" className="SmartClient_UnitTest.VideoOS.RemoteClient.GisMapData.GisMapBasicTests" name="GisMapModel_Save_Success" />
    </UnitTest>
    <UnitTest name="UserHasEditPublicSearchPermission_HasEditPermission_ReturnsTrue" storage="d:\actions-runner\_work\xpco\xpco\allsolutions\..\sc\components\remoteviewer\smartclient\tst\zsmartclient_unittest\bin\x64\debug\net6.0-windows\zsmartclient_unittest.dll" id="299b8bc8-9ed0-5ee6-8aa2-46e5da15a4a2">
      <TestCategory>
        <TestCategoryItem TestCategory="SearchTemplates" />
      </TestCategory>
      <Execution id="e413d55c-00b8-40b9-a558-d2a2414126a6" />
      <TestMethod codeBase="D:\actions-runner\_work\XPCO\XPCO\AllSolutions\..\SC\Components\RemoteViewer\SmartClient\tst\zSmartClient_UnitTest\bin\x64\Debug\net6.0-windows\zSmartClient_UnitTest.dll" adapterTypeName="executor://mstestadapter/v2" className="SmartClient_UnitTest.VideoOS.RemoteClient.Plugin.CentralizedSearch.SearchTemplates.SearchTemplateManagerTests" name="UserHasEditPublicSearchPermission_HasEditPermission_ReturnsTrue" />
    </UnitTest>
    <UnitTest name="LoadBoundingShapes_RectangleShapeWithNegativeHeight_NotAddedToUI" storage="d:\actions-runner\_work\xpco\xpco\allsolutions\..\sc\components\remoteviewer\smartclient\tst\zsmartclient_unittest\bin\x64\debug\net6.0-windows\zsmartclient_unittest.dll" id="ece9c0c6-7f24-79de-902b-ae084a6701cb">
      <Execution id="40ae6b08-4ed8-4f5e-b75c-55cfd1356974" />
      <TestMethod codeBase="D:\actions-runner\_work\XPCO\XPCO\AllSolutions\..\SC\Components\RemoteViewer\SmartClient\tst\zSmartClient_UnitTest\bin\x64\Debug\net6.0-windows\zSmartClient_UnitTest.dll" adapterTypeName="executor://mstestadapter/v2" className="SmartClient_UnitTest.VideoOS.RemoteClient.Plugin.CentralizedSearch.MIPPlugin.Results.VideoSearchResultUserControlTests" name="LoadBoundingShapes_RectangleShapeWithNegativeHeight_NotAddedToUI" />
    </UnitTest>
    <UnitTest name="SearchResultsActionBarActions_CreateSnapshot_OptionAvailable_Enabled" storage="d:\actions-runner\_work\xpco\xpco\allsolutions\..\sc\components\remoteviewer\smartclient\tst\zsmartclient_unittest\bin\x64\debug\net6.0-windows\zsmartclient_unittest.dll" id="c4b0d9bd-4b80-996e-41b7-0bd28fc67a52">
      <TestCategory>
        <TestCategoryItem TestCategory="SearchResultActionBarViewModel" />
      </TestCategory>
      <Execution id="63357d4e-ff55-43ba-836f-c11f8214e2a8" />
      <TestMethod codeBase="D:\actions-runner\_work\XPCO\XPCO\AllSolutions\..\SC\Components\RemoteViewer\SmartClient\tst\zSmartClient_UnitTest\bin\x64\Debug\net6.0-windows\zSmartClient_UnitTest.dll" adapterTypeName="executor://mstestadapter/v2" className="SmartClient_UnitTest.VideoOS.RemoteClient.Plugin.CentralizedSearch.ViewModels.SearchResultsActionBarViewModelTest" name="SearchResultsActionBarActions_CreateSnapshot_OptionAvailable_Enabled" />
    </UnitTest>
    <UnitTest name="PtzPresetsMenuViewModel_PtzReservedByCurrentUserTest" storage="d:\actions-runner\_work\xpco\xpco\allsolutions\..\sc\components\remoteviewer\smartclient\tst\zsmartclient_unittest\bin\x64\debug\net6.0-windows\zsmartclient_unittest.dll" id="eaeacd17-7709-0ad4-3782-3c779da7e956">
      <Execution id="a9869b9a-329a-4d6c-91b8-96dedf0eab15" />
      <TestMethod codeBase="D:\actions-runner\_work\XPCO\XPCO\AllSolutions\..\SC\Components\RemoteViewer\SmartClient\tst\zSmartClient_UnitTest\bin\x64\Debug\net6.0-windows\zSmartClient_UnitTest.dll" adapterTypeName="executor://mstestadapter/v2" className="SmartClient_UnitTest.VideoOS.RemoteClient.Application.Data.ContentTypes.CameraContentType.PtzPresetsMenuViewModelTest" name="PtzPresetsMenuViewModel_PtzReservedByCurrentUserTest" />
    </UnitTest>
    <UnitTest name="OnMarkerSelected_ShouldAddMarkerToSelectionButNotStartInPlaceEditing_WhenExistingSelectionAndAddToSelectionIsTrue" storage="d:\actions-runner\_work\xpco\xpco\allsolutions\..\sc\components\remoteviewer\smartclient\tst\zsmartclient_unittest\bin\x64\debug\net6.0-windows\zsmartclient_unittest.dll" id="6681258b-ffc2-f0da-0c92-25b111f465fa">
      <TestCategory>
        <TestCategoryItem TestCategory="SmartMap.SelectionHelper" />
      </TestCategory>
      <Execution id="f6fd42a2-88f3-409b-9262-930f032beee1" />
      <TestMethod codeBase="D:\actions-runner\_work\XPCO\XPCO\AllSolutions\..\SC\Components\RemoteViewer\SmartClient\tst\zSmartClient_UnitTest\bin\x64\Debug\net6.0-windows\zSmartClient_UnitTest.dll" adapterTypeName="executor://mstestadapter/v2" className="SmartClient_UnitTest.VideoOS.RemoteClient.Plugin.GisMap.ThinkGeoMap.SpecializedOverlays.Overlays.SelectionHelperTests" name="OnMarkerSelected_ShouldAddMarkerToSelectionButNotStartInPlaceEditing_WhenExistingSelectionAndAddToSelectionIsTrue" />
    </UnitTest>
    <UnitTest name="DetermineUserAllowsUnsecureConnection_WhereUserIsNotAskedAndUnsecureIsNotAllow_ShouldReturnFalse" storage="d:\actions-runner\_work\xpco\xpco\allsolutions\..\sc\components\remoteviewer\smartclient\tst\zsmartclient_unittest\bin\x64\debug\net6.0-windows\zsmartclient_unittest.dll" id="e9b6f05b-8b63-04bd-4d02-75ef2000b3a9">
      <Execution id="f0a4fea5-6ee3-4bf8-87b0-ad3b07f40911" />
      <TestMethod codeBase="D:\actions-runner\_work\XPCO\XPCO\AllSolutions\..\SC\Components\RemoteViewer\SmartClient\tst\zSmartClient_UnitTest\bin\x64\Debug\net6.0-windows\zSmartClient_UnitTest.dll" adapterTypeName="executor://mstestadapter/v2" className="VideoOS.RemoteClient.Application.Managers.UnitTest.AllowUnsecureConnectionManagerTests" name="DetermineUserAllowsUnsecureConnection_WhereUserIsNotAskedAndUnsecureIsNotAllow_ShouldReturnFalse" />
    </UnitTest>
    <UnitTest name="SearchAction_BrowseMode_30MinutesInTheFuture" storage="d:\actions-runner\_work\xpco\xpco\allsolutions\..\sc\components\remoteviewer\smartclient\tst\zsmartclient_unittest\bin\x64\debug\net6.0-windows\zsmartclient_unittest.dll" id="61320e3d-b3bf-23f6-1c7c-0aea9f2fda01">
      <TestCategory>
        <TestCategoryItem TestCategory="ContentHolderToolbar" />
      </TestCategory>
      <Execution id="6b15017c-db77-4136-a5e5-e8cfd3efe288" />
      <TestMethod codeBase="D:\actions-runner\_work\XPCO\XPCO\AllSolutions\..\SC\Components\RemoteViewer\SmartClient\tst\zSmartClient_UnitTest\bin\x64\Debug\net6.0-windows\zSmartClient_UnitTest.dll" adapterTypeName="executor://mstestadapter/v2" className="SmartClient_UnitTest.VideoOS.RemoteClient.Application.Data.ContentHolderToolbar.ToolBarItemSearchTests" name="SearchAction_BrowseMode_30MinutesInTheFuture" />
    </UnitTest>
    <UnitTest name="DeviceIcons_ShouldNotBeNull_WhenCalled" storage="d:\actions-runner\_work\xpco\xpco\allsolutions\..\sc\components\remoteviewer\smartclient\tst\zsmartclient_unittest\bin\x64\debug\net6.0-windows\zsmartclient_unittest.dll" id="e087b5f0-3763-6f36-256a-40fa9b7a8fcb">
      <TestCategory>
        <TestCategoryItem TestCategory="GisMapData.CameraOemResourcesProviderTests" />
      </TestCategory>
      <Execution id="e6c47841-1f4a-40e0-92f9-21119f8a6e5a" />
      <TestMethod codeBase="D:\actions-runner\_work\XPCO\XPCO\AllSolutions\..\SC\Components\RemoteViewer\SmartClient\tst\zSmartClient_UnitTest\bin\x64\Debug\net6.0-windows\zSmartClient_UnitTest.dll" adapterTypeName="executor://mstestadapter/v2" className="SmartClient_UnitTest.VideoOS.RemoteClient.GisMapData.Resources.CameraOemResourcesProviderTests" name="DeviceIcons_ShouldNotBeNull_WhenCalled" />
    </UnitTest>
    <UnitTest name="BuildMapOptions_ShouldHandleStringOptionsCorrectly (GisMapOpenStreetMapAlternativeServer,someText,True)" storage="d:\actions-runner\_work\xpco\xpco\allsolutions\..\sc\components\remoteviewer\smartclient\tst\zsmartclient_unittest\bin\x64\debug\net6.0-windows\zsmartclient_unittest.dll" id="529d26b0-b0f1-46a8-1a06-060aa004de23">
      <Execution id="d594c998-6377-40fd-b82d-768eb8d16c3d" />
      <TestMethod codeBase="D:\actions-runner\_work\XPCO\XPCO\AllSolutions\..\SC\Components\RemoteViewer\SmartClient\tst\zSmartClient_UnitTest\bin\x64\Debug\net6.0-windows\zSmartClient_UnitTest.dll" adapterTypeName="executor://mstestadapter/v2" className="SmartClient_UnitTest.VideoOS.RemoteClient.Application.Common.Telemetry.TelemetryBuilderTests" name="BuildMapOptions_ShouldHandleStringOptionsCorrectly" />
    </UnitTest>
    <UnitTest name="SmartMapGetPositionRequestHandler_WhenDataIsNotSmartMapGetPositionRequestData_ShouldWriteToLog" storage="d:\actions-runner\_work\xpco\xpco\allsolutions\..\sc\components\remoteviewer\smartclient\tst\zsmartclient_unittest\bin\x64\debug\net6.0-windows\zsmartclient_unittest.dll" id="5fd77bc3-628f-79b5-9bc7-14dea7ab0867">
      <Execution id="05f0b964-c041-471f-b363-dec371827ec2" />
      <TestMethod codeBase="D:\actions-runner\_work\XPCO\XPCO\AllSolutions\..\SC\Components\RemoteViewer\SmartClient\tst\zSmartClient_UnitTest\bin\x64\Debug\net6.0-windows\zSmartClient_UnitTest.dll" adapterTypeName="executor://mstestadapter/v2" className="SmartClient_UnitTest.VideoOS.RemoteClient.Plugin.GisMap.MIP.ContentHolderMipMessageManagerTests" name="SmartMapGetPositionRequestHandler_WhenDataIsNotSmartMapGetPositionRequestData_ShouldWriteToLog" />
    </UnitTest>
    <UnitTest name="GetFeatures_CameraMapItemsLayer_FeaturesCollected" storage="d:\actions-runner\_work\xpco\xpco\allsolutions\..\sc\components\remoteviewer\smartclient\tst\zsmartclient_unittest\bin\x64\debug\net6.0-windows\zsmartclient_unittest.dll" id="8c7cfc0f-91dd-5926-50e6-959c77c2ec34">
      <TestCategory>
        <TestCategoryItem TestCategory="GisMap" />
      </TestCategory>
      <Execution id="b4ca6af8-25aa-4343-bd5c-fd6c0ad6875e" />
      <TestMethod codeBase="D:\actions-runner\_work\XPCO\XPCO\AllSolutions\..\SC\Components\RemoteViewer\SmartClient\tst\zSmartClient_UnitTest\bin\x64\Debug\net6.0-windows\zSmartClient_UnitTest.dll" adapterTypeName="executor://mstestadapter/v2" className="SmartClient_UnitTest.VideoOS.RemoteClient.GisMapData.GisMapBasicTests" name="GetFeatures_CameraMapItemsLayer_FeaturesCollected" />
    </UnitTest>
    <UnitTest name="AssignPanTiltValue_WhenValueIsOutsideDeadzone_ShouldReturnCenterValue" storage="d:\actions-runner\_work\xpco\xpco\allsolutions\..\sc\components\remoteviewer\smartclient\tst\zsmartclient_unittest\bin\x64\debug\net6.0-windows\zsmartclient_unittest.dll" id="dacf30eb-2932-4de8-bb63-28183a1f0765">
      <Execution id="1ecf07a1-9b46-494a-b9c3-acc4b7e72133" />
      <TestMethod codeBase="D:\actions-runner\_work\XPCO\XPCO\AllSolutions\..\SC\Components\RemoteViewer\SmartClient\tst\zSmartClient_UnitTest\bin\x64\Debug\net6.0-windows\zSmartClient_UnitTest.dll" adapterTypeName="executor://mstestadapter/v2" className="SmartClient_UnitTest.VideoOS.RemoteClient.Plugin.JoystickSupport.JoystickDeviceTests" name="AssignPanTiltValue_WhenValueIsOutsideDeadzone_ShouldReturnCenterValue" />
    </UnitTest>
    <UnitTest name="Password1 valid, Password 2 valid" storage="d:\actions-runner\_work\xpco\xpco\allsolutions\..\sc\components\remoteviewer\smartclient\tst\zsmartclient_unittest\bin\x64\debug\net6.0-windows\zsmartclient_unittest.dll" id="8376a42a-500a-809e-e536-1b6e6744ec3b">
      <TestCategory>
        <TestCategoryItem TestCategory="Export" />
      </TestCategory>
      <Execution id="1951fadb-5498-4350-ad00-034c6a5fba1d" />
      <TestMethod codeBase="D:\actions-runner\_work\XPCO\XPCO\AllSolutions\..\SC\Components\RemoteViewer\SmartClient\tst\zSmartClient_UnitTest\bin\x64\Debug\net6.0-windows\zSmartClient_UnitTest.dll" adapterTypeName="executor://mstestadapter/v2" className="SmartClient_UnitTest.VideoOS.RemoteClient.Plugin.Export.PasswordDialogViewModelTests" name="ArePasswordsValid_ShouldDependOnPassword1AndPassword2" />
    </UnitTest>
    <UnitTest name="Yesterday_Success" storage="d:\actions-runner\_work\xpco\xpco\allsolutions\..\sc\components\remoteviewer\smartclient\tst\zsmartclient_unittest\bin\x64\debug\net6.0-windows\zsmartclient_unittest.dll" id="7b69f7ac-73d5-55bc-5045-f13549ae846c">
      <TestCategory>
        <TestCategoryItem TestCategory="Search" />
      </TestCategory>
      <Execution id="aa0d1e32-86fe-4155-a857-a116bad7abcd" />
      <TestMethod codeBase="D:\actions-runner\_work\XPCO\XPCO\AllSolutions\..\SC\Components\RemoteViewer\SmartClient\tst\zSmartClient_UnitTest\bin\x64\Debug\net6.0-windows\zSmartClient_UnitTest.dll" adapterTypeName="executor://mstestadapter/v2" className="SmartClient_UnitTest.VideoOS.RemoteClient.Plugin.CentralizedSearch.Models.ScopeDurationTests" name="Yesterday_Success" />
    </UnitTest>
    <UnitTest name="Connect_WhenMajorServerVersionIs13AndMinorServerVersionIs2_ShouldCreateOldSchClient" storage="d:\actions-runner\_work\xpco\xpco\allsolutions\..\sc\components\remoteviewer\smartclient\tst\zsmartclient_unittest\bin\x64\debug\net6.0-windows\zsmartclient_unittest.dll" id="a466016b-4a7a-12db-67a6-4d7bfdd8044c">
      <Execution id="090b2603-483a-4340-be96-b222ceec3760" />
      <TestMethod codeBase="D:\actions-runner\_work\XPCO\XPCO\AllSolutions\..\SC\Components\RemoteViewer\SmartClient\tst\zSmartClient_UnitTest\bin\x64\Debug\net6.0-windows\zSmartClient_UnitTest.dll" adapterTypeName="executor://mstestadapter/v2" className="VideoOS.Shared.ServerAPI.ServiceChannel.UnitTest.ServiceChannelCommandServiceTests" name="Connect_WhenMajorServerVersionIs13AndMinorServerVersionIs2_ShouldCreateOldSchClient" />
    </UnitTest>
    <UnitTest name="TestForAssemblyCoverage" storage="d:\actions-runner\_work\xpco\xpco\allsolutions\..\sc\components\remoteviewer\smartclient\tst\zsmartclient_unittest\bin\x64\debug\net6.0-windows\zsmartclient_unittest.dll" id="7b7ac52a-fd20-eae1-4eee-941b2f9ad41c">
      <Execution id="cb70525e-2860-4bcb-82ef-0b7c4e574c92" />
      <TestMethod codeBase="D:\actions-runner\_work\XPCO\XPCO\AllSolutions\..\SC\Components\RemoteViewer\SmartClient\tst\zSmartClient_UnitTest\bin\x64\Debug\net6.0-windows\zSmartClient_UnitTest.dll" adapterTypeName="executor://mstestadapter/v2" className="SmartClient_UnitTest.VideoOS.RemoteClient.Plugin.AdvKeyControl.UnitTest1" name="TestForAssemblyCoverage" />
    </UnitTest>
    <UnitTest name="AddResults_ExcludePartialResults_TwoPartialResult_Success" storage="d:\actions-runner\_work\xpco\xpco\allsolutions\..\sc\components\remoteviewer\smartclient\tst\zsmartclient_unittest\bin\x64\debug\net6.0-windows\zsmartclient_unittest.dll" id="b00af7f0-604c-fe77-ba1c-c7a5845e3353">
      <TestCategory>
        <TestCategoryItem TestCategory="SearchResultsPreprocessor.PartialResults" />
      </TestCategory>
      <Execution id="973629a3-7a3f-40f5-8970-a25c672d317d" />
      <TestMethod codeBase="D:\actions-runner\_work\XPCO\XPCO\AllSolutions\..\SC\Components\RemoteViewer\SmartClient\tst\zSmartClient_UnitTest\bin\x64\Debug\net6.0-windows\zSmartClient_UnitTest.dll" adapterTypeName="executor://mstestadapter/v2" className="SmartClient_UnitTest.VideoOS.RemoteClient.Plugin.CentralizedSearch.Models.SearchResultsPreprocessorTests" name="AddResults_ExcludePartialResults_TwoPartialResult_Success" />
    </UnitTest>
    <UnitTest name="PtzSessionControllerInfo_TimeChangedTest_Different_Timeout" storage="d:\actions-runner\_work\xpco\xpco\allsolutions\..\sc\components\remoteviewer\smartclient\tst\zsmartclient_unittest\bin\x64\debug\net6.0-windows\zsmartclient_unittest.dll" id="5f62afcf-78b1-cf27-ec49-8afca2d6fc38">
      <Execution id="6c1a8371-f7e6-46f3-87af-8fdd6260deb4" />
      <TestMethod codeBase="D:\actions-runner\_work\XPCO\XPCO\AllSolutions\..\SC\Components\RemoteViewer\SmartClient\tst\zSmartClient_UnitTest\bin\x64\Debug\net6.0-windows\zSmartClient_UnitTest.dll" adapterTypeName="executor://mstestadapter/v2" className="VideoOS.RemoteClient.Application.Controllers.UnitTest.PtzSessionControllerTest" name="PtzSessionControllerInfo_TimeChangedTest_Different_Timeout" />
    </UnitTest>
    <UnitTest name="WhenActionExecutedWithAlarmsForSoSubscribedObserverThenNoObserverNotified" storage="d:\actions-runner\_work\xpco\xpco\allsolutions\..\sc\components\remoteviewer\smartclient\tst\zsmartclient_unittest\bin\x64\debug\net6.0-windows\zsmartclient_unittest.dll" id="a9a49dd9-77fa-e02e-a80e-c665ef39753c">
      <Execution id="60ace04f-2aa2-4d5c-9d22-6b6db1c47a51" />
      <TestMethod codeBase="D:\actions-runner\_work\XPCO\XPCO\AllSolutions\..\SC\Components\RemoteViewer\SmartClient\tst\zSmartClient_UnitTest\bin\x64\Debug\net6.0-windows\zSmartClient_UnitTest.dll" adapterTypeName="executor://mstestadapter/v2" className="SmartClient_UnitTest.VideoOS.RemoteClient.GisMapData.Common.AlarmObservableTest" name="WhenActionExecutedWithAlarmsForSoSubscribedObserverThenNoObserverNotified" />
    </UnitTest>
    <UnitTest name="Dispose_ShouldCloseAndRelease_WhenInvoked" storage="d:\actions-runner\_work\xpco\xpco\allsolutions\..\sc\components\remoteviewer\smartclient\tst\zsmartclient_unittest\bin\x64\debug\net6.0-windows\zsmartclient_unittest.dll" id="2ee6bce4-4d10-a7ff-ad46-044be6c8e9a0">
      <TestCategory>
        <TestCategoryItem TestCategory="SmartMap.MapItemsOverlay" />
      </TestCategory>
      <Execution id="c16d9c2c-bab1-4516-b608-a4a18206dcb6" />
      <TestMethod codeBase="D:\actions-runner\_work\XPCO\XPCO\AllSolutions\..\SC\Components\RemoteViewer\SmartClient\tst\zSmartClient_UnitTest\bin\x64\Debug\net6.0-windows\zSmartClient_UnitTest.dll" adapterTypeName="executor://mstestadapter/v2" className="SmartClient_UnitTest.VideoOS.RemoteClient.Plugin.GisMap.ThinkGeoMap.SpecializedOverlays.Overlays.MapItemsOverlayTests" name="Dispose_ShouldCloseAndRelease_WhenInvoked" />
    </UnitTest>
    <UnitTest name="GetUtcToday_DifferentTimeZoneDst_Success" storage="d:\actions-runner\_work\xpco\xpco\allsolutions\..\sc\components\remoteviewer\smartclient\tst\zsmartclient_unittest\bin\x64\debug\net6.0-windows\zsmartclient_unittest.dll" id="7c80c5ff-8206-70cb-2a46-eb970cd4a208">
      <TestCategory>
        <TestCategoryItem TestCategory="Search" />
      </TestCategory>
      <Execution id="436c21a7-b812-4332-b730-1bf6100c84cd" />
      <TestMethod codeBase="D:\actions-runner\_work\XPCO\XPCO\AllSolutions\..\SC\Components\RemoteViewer\SmartClient\tst\zSmartClient_UnitTest\bin\x64\Debug\net6.0-windows\zSmartClient_UnitTest.dll" adapterTypeName="executor://mstestadapter/v2" className="SmartClient_UnitTest.VideoOS.RemoteClient.Plugin.CentralizedSearch.ViewModels.Data.TimeScopeTests" name="GetUtcToday_DifferentTimeZoneDst_Success" />
    </UnitTest>
    <UnitTest name="SearchAction_BrowseMode_30MinutesInThePast" storage="d:\actions-runner\_work\xpco\xpco\allsolutions\..\sc\components\remoteviewer\smartclient\tst\zsmartclient_unittest\bin\x64\debug\net6.0-windows\zsmartclient_unittest.dll" id="da81eaec-1453-f24c-a30b-9b3f5e23a05c">
      <TestCategory>
        <TestCategoryItem TestCategory="WorkspaceToolbar" />
      </TestCategory>
      <Execution id="3c40cace-c90e-4b53-910d-5b1cd3f9dec8" />
      <TestMethod codeBase="D:\actions-runner\_work\XPCO\XPCO\AllSolutions\..\SC\Components\RemoteViewer\SmartClient\tst\zSmartClient_UnitTest\bin\x64\Debug\net6.0-windows\zSmartClient_UnitTest.dll" adapterTypeName="executor://mstestadapter/v2" className="SmartClient_UnitTest.VideoOS.RemoteClient.Application.Data.WorkspaceToolbar.WorkspaceToolbarItemSmartSearchTests" name="SearchAction_BrowseMode_30MinutesInThePast" />
    </UnitTest>
    <UnitTest name="EditCriteriaCommand_InEditSearchDefinition_Set" storage="d:\actions-runner\_work\xpco\xpco\allsolutions\..\sc\components\remoteviewer\smartclient\tst\zsmartclient_unittest\bin\x64\debug\net6.0-windows\zsmartclient_unittest.dll" id="c0259e91-f91b-42ff-6977-459d0c7782fd">
      <TestCategory>
        <TestCategoryItem TestCategory="SearchViewModels" />
      </TestCategory>
      <Execution id="5decce6a-6af3-4916-8e35-74522954f9e4" />
      <TestMethod codeBase="D:\actions-runner\_work\XPCO\XPCO\AllSolutions\..\SC\Components\RemoteViewer\SmartClient\tst\zSmartClient_UnitTest\bin\x64\Debug\net6.0-windows\zSmartClient_UnitTest.dll" adapterTypeName="executor://mstestadapter/v2" className="SmartClient_UnitTest.VideoOS.RemoteClient.Plugin.CentralizedSearch.ViewModels.SearchViewModelTests" name="EditCriteriaCommand_InEditSearchDefinition_Set" />
    </UnitTest>
    <UnitTest name="SearchResultsActionBarActions_CreateSnapshot_InvokeCommand_MultipleSnapshotsFailed_CorrectErrorMessageShown" storage="d:\actions-runner\_work\xpco\xpco\allsolutions\..\sc\components\remoteviewer\smartclient\tst\zsmartclient_unittest\bin\x64\debug\net6.0-windows\zsmartclient_unittest.dll" id="f18dd244-4a09-e214-2e8b-a1adb5d41997">
      <TestCategory>
        <TestCategoryItem TestCategory="SearchResultActionBarViewModel" />
      </TestCategory>
      <Execution id="b1a42370-cdb0-42f9-9585-d49fdd3191c7" />
      <TestMethod codeBase="D:\actions-runner\_work\XPCO\XPCO\AllSolutions\..\SC\Components\RemoteViewer\SmartClient\tst\zSmartClient_UnitTest\bin\x64\Debug\net6.0-windows\zSmartClient_UnitTest.dll" adapterTypeName="executor://mstestadapter/v2" className="SmartClient_UnitTest.VideoOS.RemoteClient.Plugin.CentralizedSearch.ViewModels.SearchResultsActionBarViewModelTest" name="SearchResultsActionBarActions_CreateSnapshot_InvokeCommand_MultipleSnapshotsFailed_CorrectErrorMessageShown" />
    </UnitTest>
    <UnitTest name="Tooltip_ShouldShowMicrophoneName_WhenMicrophoneIsDisabled" storage="d:\actions-runner\_work\xpco\xpco\allsolutions\..\sc\components\remoteviewer\smartclient\tst\zsmartclient_unittest\bin\x64\debug\net6.0-windows\zsmartclient_unittest.dll" id="77538764-96ab-d361-cc57-e43d65dc3ccd">
      <TestCategory>
        <TestCategoryItem TestCategory="GisMap.MicrophoneMarkerTest" />
      </TestCategory>
      <Execution id="bb47115c-f20b-4d3f-99d6-af47152639e6" />
      <TestMethod codeBase="D:\actions-runner\_work\XPCO\XPCO\AllSolutions\..\SC\Components\RemoteViewer\SmartClient\tst\zSmartClient_UnitTest\bin\x64\Debug\net6.0-windows\zSmartClient_UnitTest.dll" adapterTypeName="executor://mstestadapter/v2" className="SmartClient_UnitTest.VideoOS.RemoteClient.Plugin.GisMap.ThinkGeoMap.Markers.DeviceMarkers.MicrophoneMarker.MicrophoneMarkerTests" name="Tooltip_ShouldShowMicrophoneName_WhenMicrophoneIsDisabled" />
    </UnitTest>
    <UnitTest name="DateToStringConverter_SingleConvertInvalidInput_UnsetValue" storage="d:\actions-runner\_work\xpco\xpco\allsolutions\..\sc\components\remoteviewer\smartclient\tst\zsmartclient_unittest\bin\x64\debug\net6.0-windows\zsmartclient_unittest.dll" id="48d0aa96-83b2-ad6d-f963-8245525eabe9">
      <TestCategory>
        <TestCategoryItem TestCategory="SearchConverter" />
      </TestCategory>
      <Execution id="046586b6-f160-40f7-ab63-0f619682058c" />
      <TestMethod codeBase="D:\actions-runner\_work\XPCO\XPCO\AllSolutions\..\SC\Components\RemoteViewer\SmartClient\tst\zSmartClient_UnitTest\bin\x64\Debug\net6.0-windows\zSmartClient_UnitTest.dll" adapterTypeName="executor://mstestadapter/v2" className="SmartClient_UnitTest.VideoOS.RemoteClient.Plugin.CentralizedSearch.Views.Converters.DurationToStringConverterTests" name="DateToStringConverter_SingleConvertInvalidInput_UnsetValue" />
    </UnitTest>
    <UnitTest name="Deserialize_UnknownFilterCategory_Error" storage="d:\actions-runner\_work\xpco\xpco\allsolutions\..\sc\components\remoteviewer\smartclient\tst\zsmartclient_unittest\bin\x64\debug\net6.0-windows\zsmartclient_unittest.dll" id="a31ae58a-ac3b-c32e-1d10-665517748c9e">
      <TestCategory>
        <TestCategoryItem TestCategory="SearchSerialization" />
      </TestCategory>
      <Execution id="b321aa2b-71d0-4d64-8a4c-8534c25a3964" />
      <TestMethod codeBase="D:\actions-runner\_work\XPCO\XPCO\AllSolutions\..\SC\Components\RemoteViewer\SmartClient\tst\zSmartClient_UnitTest\bin\x64\Debug\net6.0-windows\zSmartClient_UnitTest.dll" adapterTypeName="executor://mstestadapter/v2" className="SmartClient_UnitTest.VideoOS.RemoteClient.Plugin.CentralizedSearch.Models.Serialization.SearchSerializerTests" name="Deserialize_UnknownFilterCategory_Error" />
    </UnitTest>
    <UnitTest name="IsProcessing_AddResults_Success" storage="d:\actions-runner\_work\xpco\xpco\allsolutions\..\sc\components\remoteviewer\smartclient\tst\zsmartclient_unittest\bin\x64\debug\net6.0-windows\zsmartclient_unittest.dll" id="1d30d716-63ba-8629-37de-621fcc2f5f57">
      <TestCategory>
        <TestCategoryItem TestCategory="SearchResultsPreprocessor" />
      </TestCategory>
      <Execution id="f0660604-6fcc-4575-8a63-c8e7e86d1f45" />
      <TestMethod codeBase="D:\actions-runner\_work\XPCO\XPCO\AllSolutions\..\SC\Components\RemoteViewer\SmartClient\tst\zSmartClient_UnitTest\bin\x64\Debug\net6.0-windows\zSmartClient_UnitTest.dll" adapterTypeName="executor://mstestadapter/v2" className="SmartClient_UnitTest.VideoOS.RemoteClient.Plugin.CentralizedSearch.Models.SearchResultsPreprocessorTests" name="IsProcessing_AddResults_Success" />
    </UnitTest>
    <UnitTest name="ScrollWheelInTileLayout_ScrollDownWithoutCtrl_NoChangeInItemSize" storage="d:\actions-runner\_work\xpco\xpco\allsolutions\..\sc\components\remoteviewer\smartclient\tst\zsmartclient_unittest\bin\x64\debug\net6.0-windows\zsmartclient_unittest.dll" id="54618795-0b49-cc31-65f0-11068addceea">
      <TestCategory>
        <TestCategoryItem TestCategory="SearchViews" />
      </TestCategory>
      <Execution id="7515caf8-9eba-44e4-a357-8680bf0cecb9" />
      <TestMethod codeBase="D:\actions-runner\_work\XPCO\XPCO\AllSolutions\..\SC\Components\RemoteViewer\SmartClient\tst\zSmartClient_UnitTest\bin\x64\Debug\net6.0-windows\zSmartClient_UnitTest.dll" adapterTypeName="executor://mstestadapter/v2" className="SmartClient_UnitTest.VideoOS.RemoteClient.Plugin.CentralizedSearch.Views.SearchResultsViewTests" name="ScrollWheelInTileLayout_ScrollDownWithoutCtrl_NoChangeInItemSize" />
    </UnitTest>
    <UnitTest name="MapLayerType_ShouldBeViewZoneItemsMapLayer_WhenCalled" storage="d:\actions-runner\_work\xpco\xpco\allsolutions\..\sc\components\remoteviewer\smartclient\tst\zsmartclient_unittest\bin\x64\debug\net6.0-windows\zsmartclient_unittest.dll" id="b89300df-44ea-f5d9-8c31-b46cc2e57c07">
      <Execution id="d19baf00-20af-4c8f-86d1-b09aa24ccbbc" />
      <TestMethod codeBase="D:\actions-runner\_work\XPCO\XPCO\AllSolutions\..\SC\Components\RemoteViewer\SmartClient\tst\zSmartClient_UnitTest\bin\x64\Debug\net6.0-windows\zSmartClient_UnitTest.dll" adapterTypeName="executor://mstestadapter/v2" className="SmartClient_UnitTest.VideoOS.RemoteClient.GisMapData.Strategies.MapLayers.ViewZoneItemsMapLayerDatagramClassFactoryStrategyTests" name="MapLayerType_ShouldBeViewZoneItemsMapLayer_WhenCalled" />
    </UnitTest>
    <UnitTest name="CreateDefinition_ValidCategoryAndSortOrderSpecified_SearchStarted" storage="d:\actions-runner\_work\xpco\xpco\allsolutions\..\sc\components\remoteviewer\smartclient\tst\zsmartclient_unittest\bin\x64\debug\net6.0-windows\zsmartclient_unittest.dll" id="d2a4e8f1-b2e6-68f0-1810-a5d540d2f7a3">
      <TestCategory>
        <TestCategoryItem TestCategory="SearchModels" />
      </TestCategory>
      <Execution id="feb3135d-941b-40b7-9a94-cbabec130b76" />
      <TestMethod codeBase="D:\actions-runner\_work\XPCO\XPCO\AllSolutions\..\SC\Components\RemoteViewer\SmartClient\tst\zSmartClient_UnitTest\bin\x64\Debug\net6.0-windows\zSmartClient_UnitTest.dll" adapterTypeName="executor://mstestadapter/v2" className="SmartClient_UnitTest.VideoOS.RemoteClient.Plugin.CentralizedSearch.Models.SearchModelTests" name="CreateDefinition_ValidCategoryAndSortOrderSpecified_SearchStarted" />
    </UnitTest>
    <UnitTest name="PtzSessionControllerInfoConstructorTest_From_PtzSessionInfo_Basic_User_Current" storage="d:\actions-runner\_work\xpco\xpco\allsolutions\..\sc\components\remoteviewer\smartclient\tst\zsmartclient_unittest\bin\x64\debug\net6.0-windows\zsmartclient_unittest.dll" id="6c2035c4-97e2-d122-0c36-23cf8131de7d">
      <Execution id="56fb9d86-22d6-4e12-bfae-c24beaab8bb7" />
      <TestMethod codeBase="D:\actions-runner\_work\XPCO\XPCO\AllSolutions\..\SC\Components\RemoteViewer\SmartClient\tst\zSmartClient_UnitTest\bin\x64\Debug\net6.0-windows\zSmartClient_UnitTest.dll" adapterTypeName="executor://mstestadapter/v2" className="VideoOS.RemoteClient.Application.Controllers.UnitTest.PtzSessionControllerTest" name="PtzSessionControllerInfoConstructorTest_From_PtzSessionInfo_Basic_User_Current" />
    </UnitTest>
    <UnitTest name="Ctor_Success" storage="d:\actions-runner\_work\xpco\xpco\allsolutions\..\sc\components\remoteviewer\smartclient\tst\zsmartclient_unittest\bin\x64\debug\net6.0-windows\zsmartclient_unittest.dll" id="fcfc9cad-5753-f6cc-59a6-f568d4caf2fd">
      <TestCategory>
        <TestCategoryItem TestCategory="Search" />
      </TestCategory>
      <Execution id="af1fac09-ce50-4577-a9a6-8f0bce9e506f" />
      <TestMethod codeBase="D:\actions-runner\_work\XPCO\XPCO\AllSolutions\..\SC\Components\RemoteViewer\SmartClient\tst\zSmartClient_UnitTest\bin\x64\Debug\net6.0-windows\zSmartClient_UnitTest.dll" adapterTypeName="executor://mstestadapter/v2" className="SmartClient_UnitTest.VideoOS.RemoteClient.Plugin.CentralizedSearch.ViewModels.CompositeSearchWarningViewModelTests" name="Ctor_Success" />
    </UnitTest>
    <UnitTest name="DeleteMapItems_ShouldReturnFalse_WhenUserDeclinesDeletionOfMultipleItems" storage="d:\actions-runner\_work\xpco\xpco\allsolutions\..\sc\components\remoteviewer\smartclient\tst\zsmartclient_unittest\bin\x64\debug\net6.0-windows\zsmartclient_unittest.dll" id="7693c0df-b71c-2c4d-9039-a2e154577900">
      <TestCategory>
        <TestCategoryItem TestCategory="GisMapModelController" />
      </TestCategory>
      <Execution id="5c3ea4e0-0b8e-4a23-a181-b140dc8876a3" />
      <TestMethod codeBase="D:\actions-runner\_work\XPCO\XPCO\AllSolutions\..\SC\Components\RemoteViewer\SmartClient\tst\zSmartClient_UnitTest\bin\x64\Debug\net6.0-windows\zSmartClient_UnitTest.dll" adapterTypeName="executor://mstestadapter/v2" className="SmartClient_UnitTest.VideoOS.RemoteClient.GisMapData.GisMapModelControllerTests" name="DeleteMapItems_ShouldReturnFalse_WhenUserDeclinesDeletionOfMultipleItems" />
    </UnitTest>
    <UnitTest name="IsDeviceSupported_ShouldReturnTrue_WhenMicrophoneKind" storage="d:\actions-runner\_work\xpco\xpco\allsolutions\..\sc\components\remoteviewer\smartclient\tst\zsmartclient_unittest\bin\x64\debug\net6.0-windows\zsmartclient_unittest.dll" id="2c8890ce-c89d-6a9e-b8c6-3ef6c4bffec5">
      <TestCategory>
        <TestCategoryItem TestCategory="GisMap.Controllers.Devices" />
      </TestCategory>
      <Execution id="2e8dc863-1695-4478-a2c1-95b4041e5fd3" />
      <TestMethod codeBase="D:\actions-runner\_work\XPCO\XPCO\AllSolutions\..\SC\Components\RemoteViewer\SmartClient\tst\zSmartClient_UnitTest\bin\x64\Debug\net6.0-windows\zSmartClient_UnitTest.dll" adapterTypeName="executor://mstestadapter/v2" className="SmartClient_UnitTest.VideoOS.RemoteClient.Plugin.GisMap.Controllers.Devices.DeviceControllerTests" name="IsDeviceSupported_ShouldReturnTrue_WhenMicrophoneKind" />
    </UnitTest>
    <UnitTest name="SearchAction_BrowseMode_OneYearInTheFuture" storage="d:\actions-runner\_work\xpco\xpco\allsolutions\..\sc\components\remoteviewer\smartclient\tst\zsmartclient_unittest\bin\x64\debug\net6.0-windows\zsmartclient_unittest.dll" id="58415a14-73c9-7515-7cc6-10b983611842">
      <TestCategory>
        <TestCategoryItem TestCategory="ContentHolderToolbar" />
      </TestCategory>
      <Execution id="8962a993-d1da-4aab-bf2e-b0b4893c73ba" />
      <TestMethod codeBase="D:\actions-runner\_work\XPCO\XPCO\AllSolutions\..\SC\Components\RemoteViewer\SmartClient\tst\zSmartClient_UnitTest\bin\x64\Debug\net6.0-windows\zSmartClient_UnitTest.dll" adapterTypeName="executor://mstestadapter/v2" className="SmartClient_UnitTest.VideoOS.RemoteClient.Application.Data.ContentHolderToolbar.ToolBarItemSearchTests" name="SearchAction_BrowseMode_OneYearInTheFuture" />
    </UnitTest>
    <UnitTest name="CreateDefinition_NullValue_Throws" storage="d:\actions-runner\_work\xpco\xpco\allsolutions\..\sc\components\remoteviewer\smartclient\tst\zsmartclient_unittest\bin\x64\debug\net6.0-windows\zsmartclient_unittest.dll" id="044f4a26-7cbd-7c3b-61fb-5e7facd7c43c">
      <TestCategory>
        <TestCategoryItem TestCategory="SearchModels" />
      </TestCategory>
      <Execution id="dac5d3f5-3d89-4b0f-944f-95de5700ffdc" />
      <TestMethod codeBase="D:\actions-runner\_work\XPCO\XPCO\AllSolutions\..\SC\Components\RemoteViewer\SmartClient\tst\zSmartClient_UnitTest\bin\x64\Debug\net6.0-windows\zSmartClient_UnitTest.dll" adapterTypeName="executor://mstestadapter/v2" className="SmartClient_UnitTest.VideoOS.RemoteClient.Plugin.CentralizedSearch.Models.SearchModelTests" name="CreateDefinition_NullValue_Throws" />
    </UnitTest>
    <UnitTest name="ShowPermissionDeniedToasts_ShouldShowCorrectNumberOfToasts (0,0)" storage="d:\actions-runner\_work\xpco\xpco\allsolutions\..\sc\components\remoteviewer\smartclient\tst\zsmartclient_unittest\bin\x64\debug\net6.0-windows\zsmartclient_unittest.dll" id="9bd8fc1b-1a96-e8b5-9458-0cf7f053c050">
      <TestCategory>
        <TestCategoryItem TestCategory="Managers" />
      </TestCategory>
      <Execution id="3d45ce4b-c256-47d0-af16-3e9d452fc3d9" />
      <TestMethod codeBase="D:\actions-runner\_work\XPCO\XPCO\AllSolutions\..\SC\Components\RemoteViewer\SmartClient\tst\zSmartClient_UnitTest\bin\x64\Debug\net6.0-windows\zSmartClient_UnitTest.dll" adapterTypeName="executor://mstestadapter/v2" className="SmartClient_UnitTest.VideoOS.RemoteClient.Application.Managers.ExportResultsNotificationHelperTests" name="ShowPermissionDeniedToasts_ShouldShowCorrectNumberOfToasts" />
    </UnitTest>
    <UnitTest name="ClearSelectedCamerasCommand_EmptyList_CommandNotExecutable" storage="d:\actions-runner\_work\xpco\xpco\allsolutions\..\sc\components\remoteviewer\smartclient\tst\zsmartclient_unittest\bin\x64\debug\net6.0-windows\zsmartclient_unittest.dll" id="00ac5168-01a9-aa78-532b-b6d6c419a156">
      <TestCategory>
        <TestCategoryItem TestCategory="SearchViewModels" />
      </TestCategory>
      <Execution id="fe80fce1-ed47-441d-9e7f-bf56e6f27b88" />
      <TestMethod codeBase="D:\actions-runner\_work\XPCO\XPCO\AllSolutions\..\SC\Components\RemoteViewer\SmartClient\tst\zSmartClient_UnitTest\bin\x64\Debug\net6.0-windows\zSmartClient_UnitTest.dll" adapterTypeName="executor://mstestadapter/v2" className="SmartClient_UnitTest.VideoOS.RemoteClient.Plugin.CentralizedSearch.ViewModels.SearchViewModelTests" name="ClearSelectedCamerasCommand_EmptyList_CommandNotExecutable" />
    </UnitTest>
    <UnitTest name="ShouldReturnTrueWhenScaleChanged" storage="d:\actions-runner\_work\xpco\xpco\allsolutions\..\sc\components\remoteviewer\smartclient\tst\zsmartclient_unittest\bin\x64\debug\net6.0-windows\zsmartclient_unittest.dll" id="0d6c642a-81af-572a-f3ab-8e4b1d302c6a">
      <TestCategory>
        <TestCategoryItem TestCategory="MipItemsUpdateStrategy" />
      </TestCategory>
      <Execution id="3d3451f4-b26b-4530-852e-603ae0808334" />
      <TestMethod codeBase="D:\actions-runner\_work\XPCO\XPCO\AllSolutions\..\SC\Components\RemoteViewer\SmartClient\tst\zSmartClient_UnitTest\bin\x64\Debug\net6.0-windows\zSmartClient_UnitTest.dll" adapterTypeName="executor://mstestadapter/v2" className="SmartClient_UnitTest.VideoOS.RemoteClient.Plugin.GisMap.MIP.MipItemsUpdateStrategyTests" name="ShouldReturnTrueWhenScaleChanged" />
    </UnitTest>
    <UnitTest name="ValidateExportName_ShouldReturnFailResult_InvalidCharactersInExportName (1213&gt;)" storage="d:\actions-runner\_work\xpco\xpco\allsolutions\..\sc\components\remoteviewer\smartclient\tst\zsmartclient_unittest\bin\x64\debug\net6.0-windows\zsmartclient_unittest.dll" id="30021480-71a7-de84-e2a2-5d33b74ca139">
      <TestCategory>
        <TestCategoryItem TestCategory="Export" />
      </TestCategory>
      <Execution id="a30b976b-9e6f-4e3d-8d5a-a58a38feac2a" />
      <TestMethod codeBase="D:\actions-runner\_work\XPCO\XPCO\AllSolutions\..\SC\Components\RemoteViewer\SmartClient\tst\zSmartClient_UnitTest\bin\x64\Debug\net6.0-windows\zSmartClient_UnitTest.dll" adapterTypeName="executor://mstestadapter/v2" className="SmartClient_UnitTest.VideoOS.RemoteClient.Plugin.Export.ExportDataValidatorTests" name="ValidateExportName_ShouldReturnFailResult_InvalidCharactersInExportName" />
    </UnitTest>
    <UnitTest name="GetSnapshots_NoImageAvailable_Failure" storage="d:\actions-runner\_work\xpco\xpco\allsolutions\..\sc\components\remoteviewer\smartclient\tst\zsmartclient_unittest\bin\x64\debug\net6.0-windows\zsmartclient_unittest.dll" id="ec15ac28-e259-9e0e-79de-b4c8ed950c52">
      <TestCategory>
        <TestCategoryItem TestCategory="Search" />
      </TestCategory>
      <Execution id="d3dfb6d6-3fa5-4b98-bd7a-814ddd910005" />
      <TestMethod codeBase="D:\actions-runner\_work\XPCO\XPCO\AllSolutions\..\SC\Components\RemoteViewer\SmartClient\tst\zSmartClient_UnitTest\bin\x64\Debug\net6.0-windows\zSmartClient_UnitTest.dll" adapterTypeName="executor://mstestadapter/v2" className="SmartClient_UnitTest.VideoOS.RemoteClient.Plugin.CentralizedSearch.ViewModels.Data.SnapshotHandlerTests" name="GetSnapshots_NoImageAvailable_Failure" />
    </UnitTest>
    <UnitTest name="ActiveInteractionStateBinding_ShouldOnlyContainNormalAndNewDevice_WhenCtorIsCalled" storage="d:\actions-runner\_work\xpco\xpco\allsolutions\..\sc\components\remoteviewer\smartclient\tst\zsmartclient_unittest\bin\x64\debug\net6.0-windows\zsmartclient_unittest.dll" id="540a3b23-7cf4-4873-bac2-ebb7a9a2a9f2">
      <TestCategory>
        <TestCategoryItem TestCategory="GisMap.CameraMarker" />
      </TestCategory>
      <Execution id="907fedd6-f2db-43f3-a11d-bcfbdd1bff9c" />
      <TestMethod codeBase="D:\actions-runner\_work\XPCO\XPCO\AllSolutions\..\SC\Components\RemoteViewer\SmartClient\tst\zSmartClient_UnitTest\bin\x64\Debug\net6.0-windows\zSmartClient_UnitTest.dll" adapterTypeName="executor://mstestadapter/v2" className="SmartClient_UnitTest.VideoOS.RemoteClient.Plugin.GisMap.ThinkGeoMap.Markers.DeviceMarkers.CameraMarker.CameraMarkerTests" name="ActiveInteractionStateBinding_ShouldOnlyContainNormalAndNewDevice_WhenCtorIsCalled" />
    </UnitTest>
    <UnitTest name="OnIsVisiblePropertyChanged_ShouldActivateSoundOfAllUnmutedMicrophones_WhenShowingMicrophonesLayer" storage="d:\actions-runner\_work\xpco\xpco\allsolutions\..\sc\components\remoteviewer\smartclient\tst\zsmartclient_unittest\bin\x64\debug\net6.0-windows\zsmartclient_unittest.dll" id="0aa70671-374f-7770-8a94-a9ce6a48572f">
      <TestCategory>
        <TestCategoryItem TestCategory="GisMapData.MapLayers" />
      </TestCategory>
      <Execution id="386e1100-b98c-4bdf-a2d1-d4393086c1e7" />
      <TestMethod codeBase="D:\actions-runner\_work\XPCO\XPCO\AllSolutions\..\SC\Components\RemoteViewer\SmartClient\tst\zSmartClient_UnitTest\bin\x64\Debug\net6.0-windows\zSmartClient_UnitTest.dll" adapterTypeName="executor://mstestadapter/v2" className="SmartClient_UnitTest.VideoOS.RemoteClient.GisMapData.MapLayers.MicrophoneItemsMapLayerTests" name="OnIsVisiblePropertyChanged_ShouldActivateSoundOfAllUnmutedMicrophones_WhenShowingMicrophonesLayer" />
    </UnitTest>
    <UnitTest name="SetCustomPickerResult_Set_CustomIntervalOpenResetAndNotificationFired" storage="d:\actions-runner\_work\xpco\xpco\allsolutions\..\sc\components\remoteviewer\smartclient\tst\zsmartclient_unittest\bin\x64\debug\net6.0-windows\zsmartclient_unittest.dll" id="c5313a02-9751-5e36-b637-63c29c825679">
      <TestCategory>
        <TestCategoryItem TestCategory="SearchViewModels" />
      </TestCategory>
      <Execution id="3c47c0ae-982e-4608-ac83-2ad63ab22269" />
      <TestMethod codeBase="D:\actions-runner\_work\XPCO\XPCO\AllSolutions\..\SC\Components\RemoteViewer\SmartClient\tst\zSmartClient_UnitTest\bin\x64\Debug\net6.0-windows\zSmartClient_UnitTest.dll" adapterTypeName="executor://mstestadapter/v2" className="SmartClient_UnitTest.VideoOS.RemoteClient.Plugin.CentralizedSearch.ViewModels.SearchViewModelTests" name="SetCustomPickerResult_Set_CustomIntervalOpenResetAndNotificationFired" />
    </UnitTest>
    <UnitTest name="SearchResultsActionBarActions_CreateSnapshot_InvokeCommand_SingleSnapshotFailed_CorrectErrorMessageShown" storage="d:\actions-runner\_work\xpco\xpco\allsolutions\..\sc\components\remoteviewer\smartclient\tst\zsmartclient_unittest\bin\x64\debug\net6.0-windows\zsmartclient_unittest.dll" id="c1c2bc59-f0a7-06da-8b9c-e5d38bba111a">
      <TestCategory>
        <TestCategoryItem TestCategory="SearchResultActionBarViewModel" />
      </TestCategory>
      <Execution id="cd5af4e4-08f0-4866-b3ac-5e93ca03e22e" />
      <TestMethod codeBase="D:\actions-runner\_work\XPCO\XPCO\AllSolutions\..\SC\Components\RemoteViewer\SmartClient\tst\zSmartClient_UnitTest\bin\x64\Debug\net6.0-windows\zSmartClient_UnitTest.dll" adapterTypeName="executor://mstestadapter/v2" className="SmartClient_UnitTest.VideoOS.RemoteClient.Plugin.CentralizedSearch.ViewModels.SearchResultsActionBarViewModelTest" name="SearchResultsActionBarActions_CreateSnapshot_InvokeCommand_SingleSnapshotFailed_CorrectErrorMessageShown" />
    </UnitTest>
    <UnitTest name="AddResults_ExcludePartialResults_OnePartialResult_Success" storage="d:\actions-runner\_work\xpco\xpco\allsolutions\..\sc\components\remoteviewer\smartclient\tst\zsmartclient_unittest\bin\x64\debug\net6.0-windows\zsmartclient_unittest.dll" id="6bd5f4c7-c179-311a-1fc1-8d1f4fd89099">
      <TestCategory>
        <TestCategoryItem TestCategory="SearchResultsPreprocessor.PartialResults" />
      </TestCategory>
      <Execution id="961fdfcd-c588-4814-b975-17d91fdd6a28" />
      <TestMethod codeBase="D:\actions-runner\_work\XPCO\XPCO\AllSolutions\..\SC\Components\RemoteViewer\SmartClient\tst\zSmartClient_UnitTest\bin\x64\Debug\net6.0-windows\zSmartClient_UnitTest.dll" adapterTypeName="executor://mstestadapter/v2" className="SmartClient_UnitTest.VideoOS.RemoteClient.Plugin.CentralizedSearch.Models.SearchResultsPreprocessorTests" name="AddResults_ExcludePartialResults_OnePartialResult_Success" />
    </UnitTest>
    <UnitTest name="SetFeatures_CameraMapItemsLayer_Success" storage="d:\actions-runner\_work\xpco\xpco\allsolutions\..\sc\components\remoteviewer\smartclient\tst\zsmartclient_unittest\bin\x64\debug\net6.0-windows\zsmartclient_unittest.dll" id="103905f4-9b3f-baa3-099f-93a0f91d8394">
      <TestCategory>
        <TestCategoryItem TestCategory="GisMap" />
      </TestCategory>
      <Execution id="f75087df-47c4-411b-919f-d358b0bb8ab6" />
      <TestMethod codeBase="D:\actions-runner\_work\XPCO\XPCO\AllSolutions\..\SC\Components\RemoteViewer\SmartClient\tst\zSmartClient_UnitTest\bin\x64\Debug\net6.0-windows\zSmartClient_UnitTest.dll" adapterTypeName="executor://mstestadapter/v2" className="SmartClient_UnitTest.VideoOS.RemoteClient.GisMapData.GisMapBasicTests" name="SetFeatures_CameraMapItemsLayer_Success" />
    </UnitTest>
    <UnitTest name="RemoveMicTest" storage="d:\actions-runner\_work\xpco\xpco\allsolutions\..\sc\components\remoteviewer\smartclient\tst\zsmartclient_unittest\bin\x64\debug\net6.0-windows\zsmartclient_unittest.dll" id="c182b392-9fcc-95a2-7938-cd3b2c46ad54">
      <Execution id="b993fa06-31f7-4540-92cd-ab770a437590" />
      <TestMethod codeBase="D:\actions-runner\_work\XPCO\XPCO\AllSolutions\..\SC\Components\RemoteViewer\SmartClient\tst\zSmartClient_UnitTest\bin\x64\Debug\net6.0-windows\zSmartClient_UnitTest.dll" adapterTypeName="executor://mstestadapter/v2" className="SmartClient_UnitTest.VideoOS.Shared.ServerAPI.IServerConfigurationTest" name="RemoveMicTest" />
    </UnitTest>
    <UnitTest name="ParseExceptionToTokenError_ShouldReturnTokenErrors_WhenExceptionIsKnown" storage="d:\actions-runner\_work\xpco\xpco\allsolutions\..\sc\components\remoteviewer\smartclient\tst\zsmartclient_unittest\bin\x64\debug\net6.0-windows\zsmartclient_unittest.dll" id="450403dd-612e-6c5e-cdd7-e2b614d0687c">
      <TestCategory>
        <TestCategoryItem TestCategory="ServerCommandController.IDPToken" />
      </TestCategory>
      <Execution id="d445102f-e805-401c-9e87-83cc301ee4b4" />
      <TestMethod codeBase="D:\actions-runner\_work\XPCO\XPCO\AllSolutions\..\SC\Components\RemoteViewer\SmartClient\tst\zSmartClient_UnitTest\bin\x64\Debug\net6.0-windows\zSmartClient_UnitTest.dll" adapterTypeName="executor://mstestadapter/v2" className="SmartClient_UnitTest.VideoOS.RemoteClient.Application.Controllers.TokenExceptionsConverterTests" name="ParseExceptionToTokenError_ShouldReturnTokenErrors_WhenExceptionIsKnown" />
    </UnitTest>
    <UnitTest name="OnLayersRetrieved_ShouldSetComponentsOrdered_WhenLayersCollectionContainsInput" storage="d:\actions-runner\_work\xpco\xpco\allsolutions\..\sc\components\remoteviewer\smartclient\tst\zsmartclient_unittest\bin\x64\debug\net6.0-windows\zsmartclient_unittest.dll" id="23e6b65b-70a8-06de-4fd2-1098c3da7047">
      <TestCategory>
        <TestCategoryItem TestCategory="GisMap.DeviceSelectorWindowViewModel" />
      </TestCategory>
      <Execution id="f2ffe569-e8ad-42e2-97f0-cd420898a347" />
      <TestMethod codeBase="D:\actions-runner\_work\XPCO\XPCO\AllSolutions\..\SC\Components\RemoteViewer\SmartClient\tst\zSmartClient_UnitTest\bin\x64\Debug\net6.0-windows\zSmartClient_UnitTest.dll" adapterTypeName="executor://mstestadapter/v2" className="SmartClient_UnitTest.VideoOS.RemoteClient.Plugin.GisMap.ViewModels.DeviceSelectorWindowViewModelTests" name="OnLayersRetrieved_ShouldSetComponentsOrdered_WhenLayersCollectionContainsInput" />
    </UnitTest>
    <UnitTest name="TestConstructor_Copy_Success" storage="d:\actions-runner\_work\xpco\xpco\allsolutions\..\sc\components\remoteviewer\smartclient\tst\zsmartclient_unittest\bin\x64\debug\net6.0-windows\zsmartclient_unittest.dll" id="eaed56d6-5fe7-43a9-6be3-9e902b595505">
      <Execution id="d9e080f7-5047-4523-9c53-6ce30618fc52" />
      <TestMethod codeBase="D:\actions-runner\_work\XPCO\XPCO\AllSolutions\..\SC\Components\RemoteViewer\SmartClient\tst\zSmartClient_UnitTest\bin\x64\Debug\net6.0-windows\zSmartClient_UnitTest.dll" adapterTypeName="executor://mstestadapter/v2" className="SmartClient_UnitTest.VideoOS.RemoteClient.GisMap.Common.MapPoint2DTest" name="TestConstructor_Copy_Success" />
    </UnitTest>
    <UnitTest name="SearchAction_LiveMode" storage="d:\actions-runner\_work\xpco\xpco\allsolutions\..\sc\components\remoteviewer\smartclient\tst\zsmartclient_unittest\bin\x64\debug\net6.0-windows\zsmartclient_unittest.dll" id="b747edf0-9262-f0c5-aca1-78a34402aa92">
      <TestCategory>
        <TestCategoryItem TestCategory="WorkspaceToolbar" />
      </TestCategory>
      <Execution id="262ef07c-cbce-425e-b996-f2d4564e1acc" />
      <TestMethod codeBase="D:\actions-runner\_work\XPCO\XPCO\AllSolutions\..\SC\Components\RemoteViewer\SmartClient\tst\zSmartClient_UnitTest\bin\x64\Debug\net6.0-windows\zSmartClient_UnitTest.dll" adapterTypeName="executor://mstestadapter/v2" className="SmartClient_UnitTest.VideoOS.RemoteClient.Application.Data.WorkspaceToolbar.WorkspaceToolbarItemSmartSearchTests" name="SearchAction_LiveMode" />
    </UnitTest>
    <UnitTest name="WorkspaceToolBarItemExportAdd_ShouldGoIntoSelectionMode_WhenNotInSelectionMode" storage="d:\actions-runner\_work\xpco\xpco\allsolutions\..\sc\components\remoteviewer\smartclient\tst\zsmartclient_unittest\bin\x64\debug\net6.0-windows\zsmartclient_unittest.dll" id="b532dcb5-d46e-e627-c8a2-132588b28593">
      <Execution id="aeb69db7-79e1-4b53-8954-448613d058dc" />
      <TestMethod codeBase="D:\actions-runner\_work\XPCO\XPCO\AllSolutions\..\SC\Components\RemoteViewer\SmartClient\tst\zSmartClient_UnitTest\bin\x64\Debug\net6.0-windows\zSmartClient_UnitTest.dll" adapterTypeName="executor://mstestadapter/v2" className="SmartClient_UnitTest.VideoOS.RemoteClient.Application.Data.WorkspaceToolbar.WorkspaceToolbarItemsTimelineSelectionModeTests" name="WorkspaceToolBarItemExportAdd_ShouldGoIntoSelectionMode_WhenNotInSelectionMode" />
    </UnitTest>
    <UnitTest name="TryGetEventServerIdByACSystemId_ShouldReturnFalse_WhenEventServerIdIsNotPartOfServerConfiguredAccessControlSystemsDictionary" storage="d:\actions-runner\_work\xpco\xpco\allsolutions\..\sc\components\remoteviewer\smartclient\tst\zsmartclient_unittest\bin\x64\debug\net6.0-windows\zsmartclient_unittest.dll" id="1f3c2e70-43ac-a9e9-ce4b-d72a9af7f0f0">
      <TestCategory>
        <TestCategoryItem TestCategory="AccessControl" />
      </TestCategory>
      <Execution id="6ff40d64-eb5b-42b5-b81a-937dab9bbaca" />
      <TestMethod codeBase="D:\actions-runner\_work\XPCO\XPCO\AllSolutions\..\SC\Components\RemoteViewer\SmartClient\tst\zSmartClient_UnitTest\bin\x64\Debug\net6.0-windows\zSmartClient_UnitTest.dll" adapterTypeName="executor://mstestadapter/v2" className="SmartClient_UnitTest.VideoOS.RemoteClient.AccessControl.AccessControlLoginInfoTests" name="TryGetEventServerIdByACSystemId_ShouldReturnFalse_WhenEventServerIdIsNotPartOfServerConfiguredAccessControlSystemsDictionary" />
    </UnitTest>
    <UnitTest name="SmartMapGoToLocationHandler_WhenDataIsNotSmartMapGoToLocationCommandData_ShouldWriteToLog" storage="d:\actions-runner\_work\xpco\xpco\allsolutions\..\sc\components\remoteviewer\smartclient\tst\zsmartclient_unittest\bin\x64\debug\net6.0-windows\zsmartclient_unittest.dll" id="45576843-c696-061d-15e3-1a981d4c54b2">
      <Execution id="29506386-a2dc-4ef7-824a-531ddb7b08d4" />
      <TestMethod codeBase="D:\actions-runner\_work\XPCO\XPCO\AllSolutions\..\SC\Components\RemoteViewer\SmartClient\tst\zSmartClient_UnitTest\bin\x64\Debug\net6.0-windows\zSmartClient_UnitTest.dll" adapterTypeName="executor://mstestadapter/v2" className="SmartClient_UnitTest.VideoOS.RemoteClient.Plugin.GisMap.MIP.ContentHolderMipMessageManagerTests" name="SmartMapGoToLocationHandler_WhenDataIsNotSmartMapGoToLocationCommandData_ShouldWriteToLog" />
    </UnitTest>
    <UnitTest name="InputMapItem_ForceActivateAsync_InBuilding_MapLayerHidden_Success" storage="d:\actions-runner\_work\xpco\xpco\allsolutions\..\sc\components\remoteviewer\smartclient\tst\zsmartclient_unittest\bin\x64\debug\net6.0-windows\zsmartclient_unittest.dll" id="117fa8ef-1259-0f08-beca-cde4c7f00c30">
      <TestCategory>
        <TestCategoryItem TestCategory="GisMapData.MapItem.Inputs" />
      </TestCategory>
      <Execution id="60d5a4bc-74e0-4691-95c0-4523c8d052e1" />
      <TestMethod codeBase="D:\actions-runner\_work\XPCO\XPCO\AllSolutions\..\SC\Components\RemoteViewer\SmartClient\tst\zSmartClient_UnitTest\bin\x64\Debug\net6.0-windows\zSmartClient_UnitTest.dll" adapterTypeName="executor://mstestadapter/v2" className="SmartClient_UnitTest.VideoOS.RemoteClient.GisMapData.MapItem.Inputs.InputMapItemTests" name="InputMapItem_ForceActivateAsync_InBuilding_MapLayerHidden_Success" />
    </UnitTest>
    <UnitTest name="GetGisMapLayerFlyoutName_ShouldReturnOpenStreetMap_WhenGeographicLayerIsNull" storage="d:\actions-runner\_work\xpco\xpco\allsolutions\..\sc\components\remoteviewer\smartclient\tst\zsmartclient_unittest\bin\x64\debug\net6.0-windows\zsmartclient_unittest.dll" id="c91e348e-da6a-7f91-b16a-f6b11cfb0f4a">
      <TestCategory>
        <TestCategoryItem TestCategory="GisMapData.Controllers.Osm" />
      </TestCategory>
      <Execution id="4f06c76b-2389-438f-816e-e561fb2fa496" />
      <TestMethod codeBase="D:\actions-runner\_work\XPCO\XPCO\AllSolutions\..\SC\Components\RemoteViewer\SmartClient\tst\zSmartClient_UnitTest\bin\x64\Debug\net6.0-windows\zSmartClient_UnitTest.dll" adapterTypeName="executor://mstestadapter/v2" className="SmartClient_UnitTest.VideoOS.RemoteClient.GisMapData.Controllers.Osm.GisMapOsmControllerTests" name="GetGisMapLayerFlyoutName_ShouldReturnOpenStreetMap_WhenGeographicLayerIsNull" />
    </UnitTest>
    <UnitTest name="IconValueConverter_Convert_ValidIconSource_Success" storage="d:\actions-runner\_work\xpco\xpco\allsolutions\..\sc\components\remoteviewer\smartclient\tst\zsmartclient_unittest\bin\x64\debug\net6.0-windows\zsmartclient_unittest.dll" id="06d17b56-b174-7e5f-cf96-64396547a14e">
      <TestCategory>
        <TestCategoryItem TestCategory="SearchConverter" />
      </TestCategory>
      <Execution id="456bcb5d-6856-4dc6-9b76-0c0d988fc5ed" />
      <TestMethod codeBase="D:\actions-runner\_work\XPCO\XPCO\AllSolutions\..\SC\Components\RemoteViewer\SmartClient\tst\zSmartClient_UnitTest\bin\x64\Debug\net6.0-windows\zSmartClient_UnitTest.dll" adapterTypeName="executor://mstestadapter/v2" className="SmartClient_UnitTest.VideoOS.RemoteClient.Plugin.CentralizedSearch.Views.Converters.IconValueConverterTests" name="IconValueConverter_Convert_ValidIconSource_Success" />
    </UnitTest>
    <UnitTest name="TestLoad_WithNullDatagram_Failure" storage="d:\actions-runner\_work\xpco\xpco\allsolutions\..\sc\components\remoteviewer\smartclient\tst\zsmartclient_unittest\bin\x64\debug\net6.0-windows\zsmartclient_unittest.dll" id="e9c28755-a991-4a05-f44d-1683b9f1f037">
      <TestCategory>
        <TestCategoryItem TestCategory="GisMapBuilding" />
      </TestCategory>
      <Execution id="d3c5c43e-1511-4dfb-8e14-55544959e776" />
      <TestMethod codeBase="D:\actions-runner\_work\XPCO\XPCO\AllSolutions\..\SC\Components\RemoteViewer\SmartClient\tst\zSmartClient_UnitTest\bin\x64\Debug\net6.0-windows\zSmartClient_UnitTest.dll" adapterTypeName="executor://mstestadapter/v2" className="SmartClient_UnitTest.VideoOS.RemoteClient.GisMapData.MapBuildings.MapLevelTests" name="TestLoad_WithNullDatagram_Failure" />
    </UnitTest>
    <UnitTest name="Constructor_ShouldCreateNewGenericClient_WhenPassedWithNotOldVersion" storage="d:\actions-runner\_work\xpco\xpco\allsolutions\..\sc\components\remoteviewer\smartclient\tst\zsmartclient_unittest\bin\x64\debug\net6.0-windows\zsmartclient_unittest.dll" id="23c3222c-43bf-12ab-6d71-69f32f727a99">
      <Execution id="38c11867-613f-4b2b-bca4-81727251e151" />
      <TestMethod codeBase="D:\actions-runner\_work\XPCO\XPCO\AllSolutions\..\SC\Components\RemoteViewer\SmartClient\tst\zSmartClient_UnitTest\bin\x64\Debug\net6.0-windows\zSmartClient_UnitTest.dll" adapterTypeName="executor://mstestadapter/v2" className="VideoOS.RemoteClient.ServiceChannel.UnitTest.SmartClientClientTests" name="Constructor_ShouldCreateNewGenericClient_WhenPassedWithNotOldVersion" />
    </UnitTest>
    <UnitTest name="BindingModelVisible_ReactsTo_PluginInstanceEnabledUpdate" storage="d:\actions-runner\_work\xpco\xpco\allsolutions\..\sc\components\remoteviewer\smartclient\tst\zsmartclient_unittest\bin\x64\debug\net6.0-windows\zsmartclient_unittest.dll" id="e6f18f4e-717d-7e35-b333-de26f141ac91">
      <TestCategory>
        <TestCategoryItem TestCategory="WorkspaceToolbar" />
      </TestCategory>
      <Execution id="97f811ed-51fc-460f-9e07-6695c4787b39" />
      <TestMethod codeBase="D:\actions-runner\_work\XPCO\XPCO\AllSolutions\..\SC\Components\RemoteViewer\SmartClient\tst\zSmartClient_UnitTest\bin\x64\Debug\net6.0-windows\zSmartClient_UnitTest.dll" adapterTypeName="executor://mstestadapter/v2" className="SmartClient_UnitTest.VideoOS.RemoteClient.Application.Data.WorkspaceToolbar.WorkspaceToolbarItemMipPluginTests" name="BindingModelVisible_ReactsTo_PluginInstanceEnabledUpdate" />
    </UnitTest>
    <UnitTest name="GetClusters_NotInitialized_NoClusters" storage="d:\actions-runner\_work\xpco\xpco\allsolutions\..\sc\components\remoteviewer\smartclient\tst\zsmartclient_unittest\bin\x64\debug\net6.0-windows\zsmartclient_unittest.dll" id="e9e0e7d6-a421-cf24-61f6-b52746752039">
      <TestCategory>
        <TestCategoryItem TestCategory="GisMapIndex" />
      </TestCategory>
      <Execution id="03070c64-ff54-407e-9906-069c461c5b41" />
      <TestMethod codeBase="D:\actions-runner\_work\XPCO\XPCO\AllSolutions\..\SC\Components\RemoteViewer\SmartClient\tst\zSmartClient_UnitTest\bin\x64\Debug\net6.0-windows\zSmartClient_UnitTest.dll" adapterTypeName="executor://mstestadapter/v2" className="SmartClient_UnitTest.VideoOS.RemoteClient.GisMapData.Common.Indexer.MapItemIndexerTests" name="GetClusters_NotInitialized_NoClusters" />
    </UnitTest>
    <UnitTest name="DetermineUserAllowsUnsecureConnection_WhereUserIsAskedAndUnsecureIsAllowIsSelected_ShouldReturnTrue" storage="d:\actions-runner\_work\xpco\xpco\allsolutions\..\sc\components\remoteviewer\smartclient\tst\zsmartclient_unittest\bin\x64\debug\net6.0-windows\zsmartclient_unittest.dll" id="0c0629d0-f6ea-17eb-459f-54981f9ede50">
      <Execution id="fbaa2a3b-e411-416e-a9c3-a52969fd3dea" />
      <TestMethod codeBase="D:\actions-runner\_work\XPCO\XPCO\AllSolutions\..\SC\Components\RemoteViewer\SmartClient\tst\zSmartClient_UnitTest\bin\x64\Debug\net6.0-windows\zSmartClient_UnitTest.dll" adapterTypeName="executor://mstestadapter/v2" className="VideoOS.RemoteClient.Application.Managers.UnitTest.AllowUnsecureConnectionManagerTests" name="DetermineUserAllowsUnsecureConnection_WhereUserIsAskedAndUnsecureIsAllowIsSelected_ShouldReturnTrue" />
    </UnitTest>
    <UnitTest name="GetLayerVisibilityItemsData_ShouldAddCameraWithViewZoneFixedLayer_WhenCameraMapAndViewZoneLayersAreProvided" storage="d:\actions-runner\_work\xpco\xpco\allsolutions\..\sc\components\remoteviewer\smartclient\tst\zsmartclient_unittest\bin\x64\debug\net6.0-windows\zsmartclient_unittest.dll" id="4adcb6de-d6b1-ce7d-930d-8dcc82e4f478">
      <TestCategory>
        <TestCategoryItem TestCategory="GisMap.DefaultFixedLayerManagerStrategyTests" />
      </TestCategory>
      <Execution id="84c761b0-aac1-4c04-af03-c107b9d5936f" />
      <TestMethod codeBase="D:\actions-runner\_work\XPCO\XPCO\AllSolutions\..\SC\Components\RemoteViewer\SmartClient\tst\zSmartClient_UnitTest\bin\x64\Debug\net6.0-windows\zSmartClient_UnitTest.dll" adapterTypeName="executor://mstestadapter/v2" className="SmartClient_UnitTest.VideoOS.RemoteClient.Plugin.GisMap.ViewModels.LayersVisibility.FixedLayers.DefaultFixedLayerManagerStrategyTests" name="GetLayerVisibilityItemsData_ShouldAddCameraWithViewZoneFixedLayer_WhenCameraMapAndViewZoneLayersAreProvided" />
    </UnitTest>
    <UnitTest name="CanMoreRegionsBeAdded_ShouldReturnTrue_WhenMaximumRegionsAllowedIsReachedAndSelectedCameraHasRegionsSelected" storage="d:\actions-runner\_work\xpco\xpco\allsolutions\..\sc\components\remoteviewer\smartclient\tst\zsmartclient_unittest\bin\x64\debug\net6.0-windows\zsmartclient_unittest.dll" id="e136a8cd-3f63-a904-c5bb-437c3044bc59">
      <TestCategory>
        <TestCategoryItem TestCategory="Search.Filters.ViewModels" />
      </TestCategory>
      <Execution id="a67bf512-8f18-4456-a807-6c417ae1b69a" />
      <TestMethod codeBase="D:\actions-runner\_work\XPCO\XPCO\AllSolutions\..\SC\Components\RemoteViewer\SmartClient\tst\zSmartClient_UnitTest\bin\x64\Debug\net6.0-windows\zSmartClient_UnitTest.dll" adapterTypeName="executor://mstestadapter/v2" className="SmartClient_UnitTest.VideoOS.RemoteClient.Plugin.CentralizedSearch.MIPPlugin.Criteria.ViewModels.RegionSelectionCameraListItemHelperTests" name="CanMoreRegionsBeAdded_ShouldReturnTrue_WhenMaximumRegionsAllowedIsReachedAndSelectedCameraHasRegionsSelected" />
    </UnitTest>
    <UnitTest name="Connect_SucceedeInConnectingWithCurrentWindowsUser_ShouldReturnTrue" storage="d:\actions-runner\_work\xpco\xpco\allsolutions\..\sc\components\remoteviewer\smartclient\tst\zsmartclient_unittest\bin\x64\debug\net6.0-windows\zsmartclient_unittest.dll" id="27e4287b-6aa8-a5c7-2e9e-fe37ab9970d9">
      <Execution id="7aee7749-71f5-4bce-8a06-85347fca9992" />
      <TestMethod codeBase="D:\actions-runner\_work\XPCO\XPCO\AllSolutions\..\SC\Components\RemoteViewer\SmartClient\tst\zSmartClient_UnitTest\bin\x64\Debug\net6.0-windows\zSmartClient_UnitTest.dll" adapterTypeName="executor://mstestadapter/v2" className="VideoOS.Shared.ServerAPI.VMOViewerClientFacade.UnitTest.VMOViewerClientFacadeTests" name="Connect_SucceedeInConnectingWithCurrentWindowsUser_ShouldReturnTrue" />
    </UnitTest>
    <UnitTest name="PtzSessionController_Register_Camera_Test" storage="d:\actions-runner\_work\xpco\xpco\allsolutions\..\sc\components\remoteviewer\smartclient\tst\zsmartclient_unittest\bin\x64\debug\net6.0-windows\zsmartclient_unittest.dll" id="198a7352-93d7-0944-f1ae-7a5a353fc2ea">
      <Execution id="421650f1-7051-4c62-9530-ba9816a95dbb" />
      <TestMethod codeBase="D:\actions-runner\_work\XPCO\XPCO\AllSolutions\..\SC\Components\RemoteViewer\SmartClient\tst\zSmartClient_UnitTest\bin\x64\Debug\net6.0-windows\zSmartClient_UnitTest.dll" adapterTypeName="executor://mstestadapter/v2" className="VideoOS.RemoteClient.Application.Controllers.UnitTest.PtzSessionControllerTest" name="PtzSessionController_Register_Camera_Test" />
    </UnitTest>
    <UnitTest name="TestHasCapability_Success" storage="d:\actions-runner\_work\xpco\xpco\allsolutions\..\sc\components\remoteviewer\smartclient\tst\zsmartclient_unittest\bin\x64\debug\net6.0-windows\zsmartclient_unittest.dll" id="3df39c27-f4f5-5c42-c9cb-c9b3731ba9be">
      <Execution id="61d94084-bd56-4123-b3fe-1e02305b3131" />
      <TestMethod codeBase="D:\actions-runner\_work\XPCO\XPCO\AllSolutions\..\SC\Components\RemoteViewer\SmartClient\tst\zSmartClient_UnitTest\bin\x64\Debug\net6.0-windows\zSmartClient_UnitTest.dll" adapterTypeName="executor://mstestadapter/v2" className="SmartClient_UnitTest.VideoOS.RemoteClient.GisMapData.Common.GisMapServerCapabilitiesTest" name="TestHasCapability_Success" />
    </UnitTest>
    <UnitTest name="ToSafeName_UnderscoreSeperator_Failure" storage="d:\actions-runner\_work\xpco\xpco\allsolutions\..\sc\components\remoteviewer\smartclient\tst\zsmartclient_unittest\bin\x64\debug\net6.0-windows\zsmartclient_unittest.dll" id="4f80de53-a9c2-6ff5-bbd6-96cbb2c56bea">
      <Execution id="9145c53c-f214-4318-b2fc-0691bd5dfcee" />
      <TestMethod codeBase="D:\actions-runner\_work\XPCO\XPCO\AllSolutions\..\SC\Components\RemoteViewer\SmartClient\tst\zSmartClient_UnitTest\bin\x64\Debug\net6.0-windows\zSmartClient_UnitTest.dll" adapterTypeName="executor://mstestadapter/v2" className="SmartClient_UnitTest.VideoOS.RemoteClient.Application.Common.Scripting.ReservedJavascriptKeywordsTests" name="ToSafeName_UnderscoreSeperator_Failure" />
    </UnitTest>
    <UnitTest name="IsBasicUser_ShouldReturnTrue_WhenConstructedUsingSimple" storage="d:\actions-runner\_work\xpco\xpco\allsolutions\..\sc\components\remoteviewer\smartclient\tst\zsmartclient_unittest\bin\x64\debug\net6.0-windows\zsmartclient_unittest.dll" id="9b54b5db-74ce-7f6e-1fd4-798a1baa40f1">
      <TestCategory>
        <TestCategoryItem TestCategory="Authentication.ClientCredentials" />
      </TestCategory>
      <Execution id="bd3c8e9d-1700-4792-ba07-2b12fcc29278" />
      <TestMethod codeBase="D:\actions-runner\_work\XPCO\XPCO\AllSolutions\..\SC\Components\RemoteViewer\SmartClient\tst\zSmartClient_UnitTest\bin\x64\Debug\net6.0-windows\zSmartClient_UnitTest.dll" adapterTypeName="executor://mstestadapter/v2" className="SmartClient_UnitTest.VideoOS.Shared.ServerAPI.ClientCredentialsTest" name="IsBasicUser_ShouldReturnTrue_WhenConstructedUsingSimple" />
    </UnitTest>
    <UnitTest name="Init_InitialStateLoaded_Success" storage="d:\actions-runner\_work\xpco\xpco\allsolutions\..\sc\components\remoteviewer\smartclient\tst\zsmartclient_unittest\bin\x64\debug\net6.0-windows\zsmartclient_unittest.dll" id="00c9ed3e-1b96-abed-4b9f-a4e09fd426a6">
      <TestCategory>
        <TestCategoryItem TestCategory="Search" />
      </TestCategory>
      <Execution id="07e5c66f-35db-49b6-a8e6-ef45bda69187" />
      <TestMethod codeBase="D:\actions-runner\_work\XPCO\XPCO\AllSolutions\..\SC\Components\RemoteViewer\SmartClient\tst\zSmartClient_UnitTest\bin\x64\Debug\net6.0-windows\zSmartClient_UnitTest.dll" adapterTypeName="executor://mstestadapter/v2" className="SmartClient_UnitTest.VideoOS.RemoteClient.Plugin.CentralizedSearch.CentralizedSearchContentHolderTests" name="Init_InitialStateLoaded_Success" />
    </UnitTest>
    <UnitTest name="Ctor_CentralizedSearchState_ViewModelUpdatedAccordingly" storage="d:\actions-runner\_work\xpco\xpco\allsolutions\..\sc\components\remoteviewer\smartclient\tst\zsmartclient_unittest\bin\x64\debug\net6.0-windows\zsmartclient_unittest.dll" id="5f08cd58-65ec-6481-8a3e-55fd6d8233b0">
      <TestCategory>
        <TestCategoryItem TestCategory="SearchViewModels" />
      </TestCategory>
      <Execution id="0585ae52-6d18-44f3-81d5-b07d83001b3c" />
      <TestMethod codeBase="D:\actions-runner\_work\XPCO\XPCO\AllSolutions\..\SC\Components\RemoteViewer\SmartClient\tst\zSmartClient_UnitTest\bin\x64\Debug\net6.0-windows\zSmartClient_UnitTest.dll" adapterTypeName="executor://mstestadapter/v2" className="SmartClient_UnitTest.VideoOS.RemoteClient.Plugin.CentralizedSearch.ViewModels.SearchViewModelTests" name="Ctor_CentralizedSearchState_ViewModelUpdatedAccordingly" />
    </UnitTest>
    <UnitTest name="HandlePermissionDeniedResults_ShouldShowMessageAndToast (0,0)" storage="d:\actions-runner\_work\xpco\xpco\allsolutions\..\sc\components\remoteviewer\smartclient\tst\zsmartclient_unittest\bin\x64\debug\net6.0-windows\zsmartclient_unittest.dll" id="2601cc3d-6e23-30c8-fd9c-9008204c7b14">
      <TestCategory>
        <TestCategoryItem TestCategory="Managers" />
      </TestCategory>
      <Execution id="e7bdbb2e-5f7d-4235-b400-f7a7d5bcfe3f" />
      <TestMethod codeBase="D:\actions-runner\_work\XPCO\XPCO\AllSolutions\..\SC\Components\RemoteViewer\SmartClient\tst\zSmartClient_UnitTest\bin\x64\Debug\net6.0-windows\zSmartClient_UnitTest.dll" adapterTypeName="executor://mstestadapter/v2" className="SmartClient_UnitTest.VideoOS.RemoteClient.Application.Managers.ExportResultsNotificationHelperTests" name="HandlePermissionDeniedResults_ShouldShowMessageAndToast" />
    </UnitTest>
    <UnitTest name="AddItems_ThreeMapItems_ThreeClusterChanges" storage="d:\actions-runner\_work\xpco\xpco\allsolutions\..\sc\components\remoteviewer\smartclient\tst\zsmartclient_unittest\bin\x64\debug\net6.0-windows\zsmartclient_unittest.dll" id="be546a67-03cf-7dc5-701c-f28c8929b881">
      <TestCategory>
        <TestCategoryItem TestCategory="GisMapIndex" />
      </TestCategory>
      <Execution id="8294d727-68a2-4b03-8739-eed138e8fac2" />
      <TestMethod codeBase="D:\actions-runner\_work\XPCO\XPCO\AllSolutions\..\SC\Components\RemoteViewer\SmartClient\tst\zSmartClient_UnitTest\bin\x64\Debug\net6.0-windows\zSmartClient_UnitTest.dll" adapterTypeName="executor://mstestadapter/v2" className="SmartClient_UnitTest.VideoOS.RemoteClient.GisMapData.Common.Indexer.MapItemIndexerTests" name="AddItems_ThreeMapItems_ThreeClusterChanges" />
    </UnitTest>
    <UnitTest name="SetIncludePartialResults_ShouldRespectResultsToReselect_WhenResultsToReselectIsEmpty" storage="d:\actions-runner\_work\xpco\xpco\allsolutions\..\sc\components\remoteviewer\smartclient\tst\zsmartclient_unittest\bin\x64\debug\net6.0-windows\zsmartclient_unittest.dll" id="b6f07467-7831-36e3-42f4-7ae0ac1fdc16">
      <TestCategory>
        <TestCategoryItem TestCategory="SearchResultsPreprocessor" />
      </TestCategory>
      <Execution id="b5e8f886-9d78-4e34-ba81-b3ac9d8a7b45" />
      <TestMethod codeBase="D:\actions-runner\_work\XPCO\XPCO\AllSolutions\..\SC\Components\RemoteViewer\SmartClient\tst\zSmartClient_UnitTest\bin\x64\Debug\net6.0-windows\zSmartClient_UnitTest.dll" adapterTypeName="executor://mstestadapter/v2" className="SmartClient_UnitTest.VideoOS.RemoteClient.Plugin.CentralizedSearch.Models.SearchResultsPreprocessorTests" name="SetIncludePartialResults_ShouldRespectResultsToReselect_WhenResultsToReselectIsEmpty" />
    </UnitTest>
    <UnitTest name="AddToExportDevices_ShouldAddToExportData (1)" storage="d:\actions-runner\_work\xpco\xpco\allsolutions\..\sc\components\remoteviewer\smartclient\tst\zsmartclient_unittest\bin\x64\debug\net6.0-windows\zsmartclient_unittest.dll" id="28ffae2f-901e-9d67-b616-b08f110fa5e0">
      <TestCategory>
        <TestCategoryItem TestCategory="Managers" />
      </TestCategory>
      <Execution id="8d4c9126-2a74-4ca5-9dbd-c97b4a1555a2" />
      <TestMethod codeBase="D:\actions-runner\_work\XPCO\XPCO\AllSolutions\..\SC\Components\RemoteViewer\SmartClient\tst\zSmartClient_UnitTest\bin\x64\Debug\net6.0-windows\zSmartClient_UnitTest.dll" adapterTypeName="executor://mstestadapter/v2" className="SmartClient_UnitTest.VideoOS.RemoteClient.Application.Managers.ExportManagerTests" name="AddToExportDevices_ShouldAddToExportData" />
    </UnitTest>
    <UnitTest name="SearchResultContainerView_OnItemActivated_SearchResultSelectedAndPreviousSelectionKept" storage="d:\actions-runner\_work\xpco\xpco\allsolutions\..\sc\components\remoteviewer\smartclient\tst\zsmartclient_unittest\bin\x64\debug\net6.0-windows\zsmartclient_unittest.dll" id="3439b9dc-7196-e05d-43e6-c0e2ac91454a">
      <TestCategory>
        <TestCategoryItem TestCategory="SearchViews" />
      </TestCategory>
      <Execution id="1248edc3-6f7c-48dd-986e-9b212a824fd7" />
      <TestMethod codeBase="D:\actions-runner\_work\XPCO\XPCO\AllSolutions\..\SC\Components\RemoteViewer\SmartClient\tst\zSmartClient_UnitTest\bin\x64\Debug\net6.0-windows\zSmartClient_UnitTest.dll" adapterTypeName="executor://mstestadapter/v2" className="SmartClient_UnitTest.VideoOS.RemoteClient.Plugin.CentralizedSearch.Views.SearchResultsViewTests" name="SearchResultContainerView_OnItemActivated_SearchResultSelectedAndPreviousSelectionKept" />
    </UnitTest>
    <UnitTest name="BuildMapOptions_ShouldHandleStringOptionsCorrectly (GisMapOpenStreetMapAlternativeServer,,False)" storage="d:\actions-runner\_work\xpco\xpco\allsolutions\..\sc\components\remoteviewer\smartclient\tst\zsmartclient_unittest\bin\x64\debug\net6.0-windows\zsmartclient_unittest.dll" id="634e382c-e414-92b0-7810-237df6007505">
      <Execution id="135bdb0f-da04-4c4b-afde-0c8037f22a7b" />
      <TestMethod codeBase="D:\actions-runner\_work\XPCO\XPCO\AllSolutions\..\SC\Components\RemoteViewer\SmartClient\tst\zSmartClient_UnitTest\bin\x64\Debug\net6.0-windows\zSmartClient_UnitTest.dll" adapterTypeName="executor://mstestadapter/v2" className="SmartClient_UnitTest.VideoOS.RemoteClient.Application.Common.Telemetry.TelemetryBuilderTests" name="BuildMapOptions_ShouldHandleStringOptionsCorrectly" />
    </UnitTest>
    <UnitTest name="OutputItemsMapLayer_Load_Save_DataIsSame_WhenOutputIsEnabled" storage="d:\actions-runner\_work\xpco\xpco\allsolutions\..\sc\components\remoteviewer\smartclient\tst\zsmartclient_unittest\bin\x64\debug\net6.0-windows\zsmartclient_unittest.dll" id="3fc559f5-bb13-876b-1485-1faebe02441c">
      <TestCategory>
        <TestCategoryItem TestCategory="GisMapLayer" />
      </TestCategory>
      <Execution id="385a7248-6e18-475e-9807-3d2f4f7c0569" />
      <TestMethod codeBase="D:\actions-runner\_work\XPCO\XPCO\AllSolutions\..\SC\Components\RemoteViewer\SmartClient\tst\zSmartClient_UnitTest\bin\x64\Debug\net6.0-windows\zSmartClient_UnitTest.dll" adapterTypeName="executor://mstestadapter/v2" className="SmartClient_UnitTest.VideoOS.RemoteClient.GisMap.MapLayers.GisMapLayerTests" name="OutputItemsMapLayer_Load_Save_DataIsSame_WhenOutputIsEnabled" />
    </UnitTest>
    <UnitTest name="ToUnsafeName_UnderscoreSeperator_Failure" storage="d:\actions-runner\_work\xpco\xpco\allsolutions\..\sc\components\remoteviewer\smartclient\tst\zsmartclient_unittest\bin\x64\debug\net6.0-windows\zsmartclient_unittest.dll" id="ab87a2ac-ff1e-bd5f-59b1-9c79c2ca68fe">
      <Execution id="01bbf0f9-299d-420f-b1a6-6a9b1a66c6aa" />
      <TestMethod codeBase="D:\actions-runner\_work\XPCO\XPCO\AllSolutions\..\SC\Components\RemoteViewer\SmartClient\tst\zSmartClient_UnitTest\bin\x64\Debug\net6.0-windows\zSmartClient_UnitTest.dll" adapterTypeName="executor://mstestadapter/v2" className="SmartClient_UnitTest.VideoOS.RemoteClient.Application.Common.Scripting.ReservedJavascriptKeywordsTests" name="ToUnsafeName_UnderscoreSeperator_Failure" />
    </UnitTest>
    <UnitTest name="GetPartialDiffBetweenDictionaries_ShouldReturnCorrectValues (System.Collections.Generic.Dictionary`2[System.String,System.String],System.Collections.Generic.Dictionary`2[System.String,System.String],System.Collections.Generic.Dictionary`2[System.String,System.String])" storage="d:\actions-runner\_work\xpco\xpco\allsolutions\..\sc\components\remoteviewer\smartclient\tst\zsmartclient_unittest\bin\x64\debug\net6.0-windows\zsmartclient_unittest.dll" id="23522416-a281-f08a-eb85-d8c0fbc81978">
      <Execution id="a348fa9a-1a20-4749-91c8-0076bc7834f5" />
      <TestMethod codeBase="D:\actions-runner\_work\XPCO\XPCO\AllSolutions\..\SC\Components\RemoteViewer\SmartClient\tst\zSmartClient_UnitTest\bin\x64\Debug\net6.0-windows\zSmartClient_UnitTest.dll" adapterTypeName="executor://mstestadapter/v2" className="SmartClient_UnitTest.VideoOS.RemoteClient.Application.Common.Telemetry.TelemetryBuilderTests" name="GetPartialDiffBetweenDictionaries_ShouldReturnCorrectValues" />
    </UnitTest>
    <UnitTest name="RemoveWorkroom_ShouldReturnFalse_WhenWorkroomToRemoveIsNotInWorkroomController" storage="d:\actions-runner\_work\xpco\xpco\allsolutions\..\sc\components\remoteviewer\smartclient\tst\zsmartclient_unittest\bin\x64\debug\net6.0-windows\zsmartclient_unittest.dll" id="89b47aac-6f01-eda4-d247-3a79dc9d2cab">
      <TestCategory>
        <TestCategoryItem TestCategory="WorkroomController" />
      </TestCategory>
      <Execution id="d652fed4-026b-4f54-a859-8287d5155d21" />
      <TestMethod codeBase="D:\actions-runner\_work\XPCO\XPCO\AllSolutions\..\SC\Components\RemoteViewer\SmartClient\tst\zSmartClient_UnitTest\bin\x64\Debug\net6.0-windows\zSmartClient_UnitTest.dll" adapterTypeName="executor://mstestadapter/v2" className="SmartClient_UnitTest.VideoOS.RemoteClient.Application.Controllers.WorkroomController.WorkroomControllerBaseTest" name="RemoveWorkroom_ShouldReturnFalse_WhenWorkroomToRemoveIsNotInWorkroomController" />
    </UnitTest>
    <UnitTest name="GetGisMapLayerFlyoutName_ShouldReturnMilestoneGisMapServiceName_WhenGeographicLayerIsAvailableAndAlternativeServerIsEmpty" storage="d:\actions-runner\_work\xpco\xpco\allsolutions\..\sc\components\remoteviewer\smartclient\tst\zsmartclient_unittest\bin\x64\debug\net6.0-windows\zsmartclient_unittest.dll" id="4190041e-4d7b-4cda-212b-4ae0c9029e36">
      <TestCategory>
        <TestCategoryItem TestCategory="GisMapData.Controllers.Osm" />
      </TestCategory>
      <Execution id="73b98274-1c9e-4bad-bfdb-7a1e68f08c25" />
      <TestMethod codeBase="D:\actions-runner\_work\XPCO\XPCO\AllSolutions\..\SC\Components\RemoteViewer\SmartClient\tst\zSmartClient_UnitTest\bin\x64\Debug\net6.0-windows\zSmartClient_UnitTest.dll" adapterTypeName="executor://mstestadapter/v2" className="SmartClient_UnitTest.VideoOS.RemoteClient.GisMapData.Controllers.Osm.GisMapOsmControllerTests" name="GetGisMapLayerFlyoutName_ShouldReturnMilestoneGisMapServiceName_WhenGeographicLayerIsAvailableAndAlternativeServerIsEmpty" />
    </UnitTest>
    <UnitTest name="Related_devices_removed_when_camera_removed" storage="d:\actions-runner\_work\xpco\xpco\allsolutions\..\sc\components\remoteviewer\smartclient\tst\zsmartclient_unittest\bin\x64\debug\net6.0-windows\zsmartclient_unittest.dll" id="cdf3455a-ff33-49bd-8e27-f8c9df19be38">
      <Execution id="6c0f9301-8fce-4d9a-9f57-97d2f486a233" />
      <TestMethod codeBase="D:\actions-runner\_work\XPCO\XPCO\AllSolutions\..\SC\Components\RemoteViewer\SmartClient\tst\zSmartClient_UnitTest\bin\x64\Debug\net6.0-windows\zSmartClient_UnitTest.dll" adapterTypeName="executor://mstestadapter/v2" className="SmartClient_UnitTest.VideoOS.RemoteClient.Application.Components.EvidenceLock.EvidenceLockRelatedDeviceTests" name="Related_devices_removed_when_camera_removed" />
    </UnitTest>
    <UnitTest name="AddApiKey_WhereApiKeyValid_ReturnsGoogleMapsUrl" storage="d:\actions-runner\_work\xpco\xpco\allsolutions\..\sc\components\remoteviewer\smartclient\tst\zsmartclient_unittest\bin\x64\debug\net6.0-windows\zsmartclient_unittest.dll" id="beb419e5-5bec-3550-745e-1f14592b96f7">
      <Execution id="d5faba17-bf06-4ed7-8da1-53e7714c8088" />
      <TestMethod codeBase="D:\actions-runner\_work\XPCO\XPCO\AllSolutions\..\SC\Components\RemoteViewer\SmartClient\tst\zSmartClient_UnitTest\bin\x64\Debug\net6.0-windows\zSmartClient_UnitTest.dll" adapterTypeName="executor://mstestadapter/v2" className="SmartClient_UnitTest.VideoOS.RemoteClient.Plugin.GisMap.Utilities.GoogleApiUrlTest" name="AddApiKey_WhereApiKeyValid_ReturnsGoogleMapsUrl" />
    </UnitTest>
    <UnitTest name="ShowNotificationMessage_SetsCorrectDisplayProperties_WhenCalled" storage="d:\actions-runner\_work\xpco\xpco\allsolutions\..\sc\components\remoteviewer\smartclient\tst\zsmartclient_unittest\bin\x64\debug\net6.0-windows\zsmartclient_unittest.dll" id="4672bcf4-734d-4ad9-761e-d152a3dbb36b">
      <TestCategory>
        <TestCategoryItem TestCategory="GisMapContentHolderTests" />
      </TestCategory>
      <Execution id="582763ec-068c-42e9-a97c-fba6ff565253" />
      <TestMethod codeBase="D:\actions-runner\_work\XPCO\XPCO\AllSolutions\..\SC\Components\RemoteViewer\SmartClient\tst\zSmartClient_UnitTest\bin\x64\Debug\net6.0-windows\zSmartClient_UnitTest.dll" adapterTypeName="executor://mstestadapter/v2" className="SmartClient_UnitTest.VideoOS.RemoteClient.Plugin.GisMap.ContentHolderTests" name="ShowNotificationMessage_SetsCorrectDisplayProperties_WhenCalled" />
    </UnitTest>
    <UnitTest name="Dispose_ActiveSearchResults_DefinitionsCancelled" storage="d:\actions-runner\_work\xpco\xpco\allsolutions\..\sc\components\remoteviewer\smartclient\tst\zsmartclient_unittest\bin\x64\debug\net6.0-windows\zsmartclient_unittest.dll" id="83e5fe5b-931d-f217-a151-96bc1abdc89d">
      <TestCategory>
        <TestCategoryItem TestCategory="SearchModels" />
      </TestCategory>
      <Execution id="53ac91cb-3059-4490-b8e0-7a73395f4b25" />
      <TestMethod codeBase="D:\actions-runner\_work\XPCO\XPCO\AllSolutions\..\SC\Components\RemoteViewer\SmartClient\tst\zSmartClient_UnitTest\bin\x64\Debug\net6.0-windows\zSmartClient_UnitTest.dll" adapterTypeName="executor://mstestadapter/v2" className="SmartClient_UnitTest.VideoOS.RemoteClient.Plugin.CentralizedSearch.Models.SearchModelTests" name="Dispose_ActiveSearchResults_DefinitionsCancelled" />
    </UnitTest>
    <UnitTest name="Convert_ShouldReturnTextBlock_WhenValueIsString" storage="d:\actions-runner\_work\xpco\xpco\allsolutions\..\sc\components\remoteviewer\smartclient\tst\zsmartclient_unittest\bin\x64\debug\net6.0-windows\zsmartclient_unittest.dll" id="782e99d7-36f7-67c7-e68d-cb6d91a4a048">
      <Execution id="5ed66510-bb4a-458c-b570-e92beabbd4d4" />
      <TestMethod codeBase="D:\actions-runner\_work\XPCO\XPCO\AllSolutions\..\SC\Components\RemoteViewer\SmartClient\tst\zSmartClient_UnitTest\bin\x64\Debug\net6.0-windows\zSmartClient_UnitTest.dll" adapterTypeName="executor://mstestadapter/v2" className="SmartClient_UnitTest.VideoOS.Common.UIThemes.ContentToTooltipTextConverterTests" name="Convert_ShouldReturnTextBlock_WhenValueIsString" />
    </UnitTest>
    <UnitTest name="PointMapItem_CameraDeviceWithNoShortName_Success" storage="d:\actions-runner\_work\xpco\xpco\allsolutions\..\sc\components\remoteviewer\smartclient\tst\zsmartclient_unittest\bin\x64\debug\net6.0-windows\zsmartclient_unittest.dll" id="2b4d39ea-1010-36f3-4fa9-2911297ae4a4">
      <TestCategory>
        <TestCategoryItem TestCategory="GisMapMapItem" />
      </TestCategory>
      <Execution id="256358f4-753a-4633-91b3-b7c4d44a409f" />
      <TestMethod codeBase="D:\actions-runner\_work\XPCO\XPCO\AllSolutions\..\SC\Components\RemoteViewer\SmartClient\tst\zSmartClient_UnitTest\bin\x64\Debug\net6.0-windows\zSmartClient_UnitTest.dll" adapterTypeName="executor://mstestadapter/v2" className="SmartClient_UnitTest.VideoOS.RemoteClient.GisMap.MapItem.MapItemTests" name="PointMapItem_CameraDeviceWithNoShortName_Success" />
    </UnitTest>
    <UnitTest name="Deserialize_MissingScopeDurationAndFromToValues_DefaultsToTwoHours" storage="d:\actions-runner\_work\xpco\xpco\allsolutions\..\sc\components\remoteviewer\smartclient\tst\zsmartclient_unittest\bin\x64\debug\net6.0-windows\zsmartclient_unittest.dll" id="65cfed84-d8b7-91f1-c7b3-2b30cf50cfed">
      <TestCategory>
        <TestCategoryItem TestCategory="SearchModels" />
      </TestCategory>
      <Execution id="60de9695-93ea-4e0f-ac7a-f60b2ca55ee9" />
      <TestMethod codeBase="D:\actions-runner\_work\XPCO\XPCO\AllSolutions\..\SC\Components\RemoteViewer\SmartClient\tst\zSmartClient_UnitTest\bin\x64\Debug\net6.0-windows\zSmartClient_UnitTest.dll" adapterTypeName="executor://mstestadapter/v2" className="SmartClient_UnitTest.VideoOS.RemoteClient.Plugin.CentralizedSearch.Models.SearchModelTests" name="Deserialize_MissingScopeDurationAndFromToValues_DefaultsToTwoHours" />
    </UnitTest>
    <UnitTest name="Convert_NoCamerasSelectionsButOneSearchDefinition_Collapsed" storage="d:\actions-runner\_work\xpco\xpco\allsolutions\..\sc\components\remoteviewer\smartclient\tst\zsmartclient_unittest\bin\x64\debug\net6.0-windows\zsmartclient_unittest.dll" id="f4c83ffd-478a-19b7-4825-b6d0081bab21">
      <TestCategory>
        <TestCategoryItem TestCategory="SearchConverter" />
      </TestCategory>
      <Execution id="2ad0e7d8-2330-428b-a273-ae1d07e285b2" />
      <TestMethod codeBase="D:\actions-runner\_work\XPCO\XPCO\AllSolutions\..\SC\Components\RemoteViewer\SmartClient\tst\zSmartClient_UnitTest\bin\x64\Debug\net6.0-windows\zSmartClient_UnitTest.dll" adapterTypeName="executor://mstestadapter/v2" className="SmartClient_UnitTest.VideoOS.RemoteClient.Plugin.CentralizedSearch.Views.Converters.NoCriteriaSelectedGridVisibilityConverterTests" name="Convert_NoCamerasSelectionsButOneSearchDefinition_Collapsed" />
    </UnitTest>
    <UnitTest name="Close_MultipleSearchFilterCategoriesInManager_SearchDefinitionDestroyedForEachCategory" storage="d:\actions-runner\_work\xpco\xpco\allsolutions\..\sc\components\remoteviewer\smartclient\tst\zsmartclient_unittest\bin\x64\debug\net6.0-windows\zsmartclient_unittest.dll" id="3ff67012-33f7-cd39-573d-f3e6ab37a120">
      <TestCategory>
        <TestCategoryItem TestCategory="Search" />
      </TestCategory>
      <Execution id="b5e0edb6-03e1-43c9-b623-e7592533a028" />
      <TestMethod codeBase="D:\actions-runner\_work\XPCO\XPCO\AllSolutions\..\SC\Components\RemoteViewer\SmartClient\tst\zSmartClient_UnitTest\bin\x64\Debug\net6.0-windows\zSmartClient_UnitTest.dll" adapterTypeName="executor://mstestadapter/v2" className="SmartClient_UnitTest.VideoOS.RemoteClient.Plugin.CentralizedSearch.MIPPlugin.CompositeSearchDefinitionTests" name="Close_MultipleSearchFilterCategoriesInManager_SearchDefinitionDestroyedForEachCategory" />
    </UnitTest>
    <UnitTest name="CreateGeometry_FourCornerBuildingNotClosed_Success" storage="d:\actions-runner\_work\xpco\xpco\allsolutions\..\sc\components\remoteviewer\smartclient\tst\zsmartclient_unittest\bin\x64\debug\net6.0-windows\zsmartclient_unittest.dll" id="8338d7c2-18e7-4534-499f-88d705208b50">
      <TestCategory>
        <TestCategoryItem TestCategory="GisMapIndex" />
      </TestCategory>
      <Execution id="6ddac46f-d301-4649-9ed7-829a2801b2d0" />
      <TestMethod codeBase="D:\actions-runner\_work\XPCO\XPCO\AllSolutions\..\SC\Components\RemoteViewer\SmartClient\tst\zSmartClient_UnitTest\bin\x64\Debug\net6.0-windows\zSmartClient_UnitTest.dll" adapterTypeName="executor://mstestadapter/v2" className="SmartClient_UnitTest.VideoOS.RemoteClient.GisMapData.Common.Indexer.IndexUtilTests" name="CreateGeometry_FourCornerBuildingNotClosed_Success" />
    </UnitTest>
    <UnitTest name="GetDuration_SeveralDays_Success" storage="d:\actions-runner\_work\xpco\xpco\allsolutions\..\sc\components\remoteviewer\smartclient\tst\zsmartclient_unittest\bin\x64\debug\net6.0-windows\zsmartclient_unittest.dll" id="866f7855-bb2c-7de3-0df1-014de8905cab">
      <TestCategory>
        <TestCategoryItem TestCategory="Search" />
      </TestCategory>
      <Execution id="54b674f1-80d7-478c-96e1-81592c50fba5" />
      <TestMethod codeBase="D:\actions-runner\_work\XPCO\XPCO\AllSolutions\..\SC\Components\RemoteViewer\SmartClient\tst\zSmartClient_UnitTest\bin\x64\Debug\net6.0-windows\zSmartClient_UnitTest.dll" adapterTypeName="executor://mstestadapter/v2" className="SmartClient_UnitTest.VideoOS.RemoteClient.Plugin.CentralizedSearch.ViewModels.Data.TimeScopeTests" name="GetDuration_SeveralDays_Success" />
    </UnitTest>
    <UnitTest name="OpenStreetMapLayer_IsGeographic_Save_Success" storage="d:\actions-runner\_work\xpco\xpco\allsolutions\..\sc\components\remoteviewer\smartclient\tst\zsmartclient_unittest\bin\x64\debug\net6.0-windows\zsmartclient_unittest.dll" id="d15a2abd-55c2-7d70-0462-a973f8ec2ac3">
      <TestCategory>
        <TestCategoryItem TestCategory="GisMapLayer" />
      </TestCategory>
      <Execution id="16d3765f-65a0-4619-9daf-825e8db631de" />
      <TestMethod codeBase="D:\actions-runner\_work\XPCO\XPCO\AllSolutions\..\SC\Components\RemoteViewer\SmartClient\tst\zSmartClient_UnitTest\bin\x64\Debug\net6.0-windows\zSmartClient_UnitTest.dll" adapterTypeName="executor://mstestadapter/v2" className="SmartClient_UnitTest.VideoOS.RemoteClient.GisMap.MapLayers.GisMapLayerTests" name="OpenStreetMapLayer_IsGeographic_Save_Success" />
    </UnitTest>
    <UnitTest name="AddSelectedWindowsToExport_ShouldShowCorrectToastMessages (0,5,0)" storage="d:\actions-runner\_work\xpco\xpco\allsolutions\..\sc\components\remoteviewer\smartclient\tst\zsmartclient_unittest\bin\x64\debug\net6.0-windows\zsmartclient_unittest.dll" id="cbf3c026-1275-2ce4-480a-ebd0ee5d1112">
      <TestCategory>
        <TestCategoryItem TestCategory="Managers" />
      </TestCategory>
      <Execution id="39aac1f3-7161-497b-9ca1-9ff9906686fb" />
      <TestMethod codeBase="D:\actions-runner\_work\XPCO\XPCO\AllSolutions\..\SC\Components\RemoteViewer\SmartClient\tst\zSmartClient_UnitTest\bin\x64\Debug\net6.0-windows\zSmartClient_UnitTest.dll" adapterTypeName="executor://mstestadapter/v2" className="SmartClient_UnitTest.VideoOS.RemoteClient.Application.Managers.ExportManagerTests" name="AddSelectedWindowsToExport_ShouldShowCorrectToastMessages" />
    </UnitTest>
    <UnitTest name="Extending_Is_Disabled_When_Create_Rights_Missing" storage="d:\actions-runner\_work\xpco\xpco\allsolutions\..\sc\components\remoteviewer\smartclient\tst\zsmartclient_unittest\bin\x64\debug\net6.0-windows\zsmartclient_unittest.dll" id="6da29afb-8acf-3f8d-692b-690d3f268744">
      <Execution id="d1c236b7-b35e-415c-b6cf-088585b7fef3" />
      <TestMethod codeBase="D:\actions-runner\_work\XPCO\XPCO\AllSolutions\..\SC\Components\RemoteViewer\SmartClient\tst\zSmartClient_UnitTest\bin\x64\Debug\net6.0-windows\zSmartClient_UnitTest.dll" adapterTypeName="executor://mstestadapter/v2" className="SmartClient_UnitTest.VideoOS.RemoteClient.Application.Components.EvidenceLock.EvidenceLockEditModeUserRightTests" name="Extending_Is_Disabled_When_Create_Rights_Missing" />
    </UnitTest>
    <UnitTest name="Ctor_WpfMessageBoxButtonIsSetToYesNoCancel_OnlyYesNoCancelButtonsVisible" storage="d:\actions-runner\_work\xpco\xpco\allsolutions\..\sc\components\remoteviewer\smartclient\tst\zsmartclient_unittest\bin\x64\debug\net6.0-windows\zsmartclient_unittest.dll" id="bdb27dac-eff0-8887-ff55-d405cca80355">
      <Execution id="644c90b2-e173-4a56-8320-a5b29b33e611" />
      <TestMethod codeBase="D:\actions-runner\_work\XPCO\XPCO\AllSolutions\..\SC\Components\RemoteViewer\SmartClient\tst\zSmartClient_UnitTest\bin\x64\Debug\net6.0-windows\zSmartClient_UnitTest.dll" adapterTypeName="executor://mstestadapter/v2" className="SmartClient_UnitTest.VideoOS.RemoteClient.Application.UI.Common.MessageBoxWithList.MessageBoxWithListViewModelTests" name="Ctor_WpfMessageBoxButtonIsSetToYesNoCancel_OnlyYesNoCancelButtonsVisible" />
    </UnitTest>
    <UnitTest name="GetCredential_ShouldReturnContainedWindowsCredentials_WhenUriAndAuthTypeAreNotNull" storage="d:\actions-runner\_work\xpco\xpco\allsolutions\..\sc\components\remoteviewer\smartclient\tst\zsmartclient_unittest\bin\x64\debug\net6.0-windows\zsmartclient_unittest.dll" id="2b8f6313-6f64-c487-2e4c-3d07b5bd4159">
      <TestCategory>
        <TestCategoryItem TestCategory="Authentication.ClientCredentials" />
      </TestCategory>
      <Execution id="65730fef-81d8-44f0-86e1-0a851921c487" />
      <TestMethod codeBase="D:\actions-runner\_work\XPCO\XPCO\AllSolutions\..\SC\Components\RemoteViewer\SmartClient\tst\zSmartClient_UnitTest\bin\x64\Debug\net6.0-windows\zSmartClient_UnitTest.dll" adapterTypeName="executor://mstestadapter/v2" className="SmartClient_UnitTest.VideoOS.Shared.ServerAPI.ClientCredentialsTest" name="GetCredential_ShouldReturnContainedWindowsCredentials_WhenUriAndAuthTypeAreNotNull" />
    </UnitTest>
    <UnitTest name="DrawCore_ShouldRemoveAllTransientMarkers_WhenNoTransientItemsToDisplay" storage="d:\actions-runner\_work\xpco\xpco\allsolutions\..\sc\components\remoteviewer\smartclient\tst\zsmartclient_unittest\bin\x64\debug\net6.0-windows\zsmartclient_unittest.dll" id="efaca709-8a13-6b06-ae96-68d58720423e">
      <TestCategory>
        <TestCategoryItem TestCategory="SmartMap.MapItemsOverlay" />
      </TestCategory>
      <Execution id="c866c91a-6171-4256-a7bd-50d58146932a" />
      <TestMethod codeBase="D:\actions-runner\_work\XPCO\XPCO\AllSolutions\..\SC\Components\RemoteViewer\SmartClient\tst\zSmartClient_UnitTest\bin\x64\Debug\net6.0-windows\zSmartClient_UnitTest.dll" adapterTypeName="executor://mstestadapter/v2" className="SmartClient_UnitTest.VideoOS.RemoteClient.Plugin.GisMap.ThinkGeoMap.SpecializedOverlays.Overlays.MapItemsOverlayTests" name="DrawCore_ShouldRemoveAllTransientMarkers_WhenNoTransientItemsToDisplay" />
    </UnitTest>
    <UnitTest name="GetPartialDiffBetweenDictionaries_ShouldReturnCorrectValues (System.Collections.Generic.Dictionary`2[System.String,System.String],System.Collections.Generic.Dictionary`2[System.String,System.String],System.Collections.Generic.Dictionary`2[System.String,System.String])" storage="d:\actions-runner\_work\xpco\xpco\allsolutions\..\sc\components\remoteviewer\smartclient\tst\zsmartclient_unittest\bin\x64\debug\net6.0-windows\zsmartclient_unittest.dll" id="2477d472-bfaa-26c5-aa9b-d6406e79167b">
      <Execution id="21b5c86c-ef97-43ef-ae2a-3dfd8f58f5ba" />
      <TestMethod codeBase="D:\actions-runner\_work\XPCO\XPCO\AllSolutions\..\SC\Components\RemoteViewer\SmartClient\tst\zSmartClient_UnitTest\bin\x64\Debug\net6.0-windows\zSmartClient_UnitTest.dll" adapterTypeName="executor://mstestadapter/v2" className="SmartClient_UnitTest.VideoOS.RemoteClient.Application.Common.Telemetry.TelemetryBuilderTests" name="GetPartialDiffBetweenDictionaries_ShouldReturnCorrectValues" />
    </UnitTest>
    <UnitTest name="OnLoaded_NullFactory_DoesNotCrash" storage="d:\actions-runner\_work\xpco\xpco\allsolutions\..\sc\components\remoteviewer\smartclient\tst\zsmartclient_unittest\bin\x64\debug\net6.0-windows\zsmartclient_unittest.dll" id="025863ce-ac84-e56c-d6b6-947b70b4b25d">
      <TestCategory>
        <TestCategoryItem TestCategory="Search.SmartMapPreview" />
      </TestCategory>
      <Execution id="fbfc2d84-06ce-4137-8ee3-1a16c5db0237" />
      <TestMethod codeBase="D:\actions-runner\_work\XPCO\XPCO\AllSolutions\..\SC\Components\RemoteViewer\SmartClient\tst\zSmartClient_UnitTest\bin\x64\Debug\net6.0-windows\zSmartClient_UnitTest.dll" adapterTypeName="executor://mstestadapter/v2" className="SmartClient_UnitTest.VideoOS.RemoteClient.Plugin.CentralizedSearch.Views.Controls.SmartMap.SmartMapPreviewTests" name="OnLoaded_NullFactory_DoesNotCrash" />
    </UnitTest>
    <UnitTest name="TestCreateWorkroom_Two_Success" storage="d:\actions-runner\_work\xpco\xpco\allsolutions\..\sc\components\remoteviewer\smartclient\tst\zsmartclient_unittest\bin\x64\debug\net6.0-windows\zsmartclient_unittest.dll" id="7e90dd26-5432-8bfa-3839-6557709d9ac8">
      <TestCategory>
        <TestCategoryItem TestCategory="WorkroomController" />
      </TestCategory>
      <Execution id="37a3e6e6-b5d0-4df2-b606-9abea19263d2" />
      <TestMethod codeBase="D:\actions-runner\_work\XPCO\XPCO\AllSolutions\..\SC\Components\RemoteViewer\SmartClient\tst\zSmartClient_UnitTest\bin\x64\Debug\net6.0-windows\zSmartClient_UnitTest.dll" adapterTypeName="executor://mstestadapter/v2" className="VideoOS.RemoteClient.Application.Controllers.WorkroomController.UnitTest.TabWorkroomControllerTest" name="TestCreateWorkroom_Two_Success" />
    </UnitTest>
    <UnitTest name="AddToExportDevices_ShouldReturnCorrectResult (0,0,1)" storage="d:\actions-runner\_work\xpco\xpco\allsolutions\..\sc\components\remoteviewer\smartclient\tst\zsmartclient_unittest\bin\x64\debug\net6.0-windows\zsmartclient_unittest.dll" id="a4454a32-a746-255e-e8d1-796a08c296b1">
      <TestCategory>
        <TestCategoryItem TestCategory="Managers" />
      </TestCategory>
      <Execution id="3471edb0-3950-4443-8185-da3d7989d32a" />
      <TestMethod codeBase="D:\actions-runner\_work\XPCO\XPCO\AllSolutions\..\SC\Components\RemoteViewer\SmartClient\tst\zSmartClient_UnitTest\bin\x64\Debug\net6.0-windows\zSmartClient_UnitTest.dll" adapterTypeName="executor://mstestadapter/v2" className="SmartClient_UnitTest.VideoOS.RemoteClient.Application.Managers.ExportManagerTests" name="AddToExportDevices_ShouldReturnCorrectResult" />
    </UnitTest>
    <UnitTest name="RaiseUpdateMutedMicrophonesAsync_ShouldMutedMicrophones_WhenEventIsRaised" storage="d:\actions-runner\_work\xpco\xpco\allsolutions\..\sc\components\remoteviewer\smartclient\tst\zsmartclient_unittest\bin\x64\debug\net6.0-windows\zsmartclient_unittest.dll" id="895eb9fc-2343-3650-d2d8-97e69df3493b">
      <TestCategory>
        <TestCategoryItem TestCategory="GisMapAudioController" />
      </TestCategory>
      <Execution id="51432b69-2df1-4d53-abbb-8a1636bd1682" />
      <TestMethod codeBase="D:\actions-runner\_work\XPCO\XPCO\AllSolutions\..\SC\Components\RemoteViewer\SmartClient\tst\zSmartClient_UnitTest\bin\x64\Debug\net6.0-windows\zSmartClient_UnitTest.dll" adapterTypeName="executor://mstestadapter/v2" className="SmartClient_UnitTest.VideoOS.RemoteClient.GisMapData.GisMapAudioControllerTests" name="RaiseUpdateMutedMicrophonesAsync_ShouldMutedMicrophones_WhenEventIsRaised" />
    </UnitTest>
    <UnitTest name="MapLayerType_ShouldBeOutputItemsMapLayer_WhenCalled" storage="d:\actions-runner\_work\xpco\xpco\allsolutions\..\sc\components\remoteviewer\smartclient\tst\zsmartclient_unittest\bin\x64\debug\net6.0-windows\zsmartclient_unittest.dll" id="d1c49c69-fe5f-8257-84d6-6eb683f2a033">
      <Execution id="facf8349-fb6c-40cf-bea9-dbb9125fc440" />
      <TestMethod codeBase="D:\actions-runner\_work\XPCO\XPCO\AllSolutions\..\SC\Components\RemoteViewer\SmartClient\tst\zSmartClient_UnitTest\bin\x64\Debug\net6.0-windows\zSmartClient_UnitTest.dll" adapterTypeName="executor://mstestadapter/v2" className="SmartClient_UnitTest.VideoOS.RemoteClient.GisMapData.Strategies.MapLayers.OutputMapLayerDatagramClassFactoryStrategyTests" name="MapLayerType_ShouldBeOutputItemsMapLayer_WhenCalled" />
    </UnitTest>
    <UnitTest name="SidePanelToggleButtonIsVisible_DependingOnConditions (Normal,False,False,False)" storage="d:\actions-runner\_work\xpco\xpco\allsolutions\..\sc\components\remoteviewer\smartclient\tst\zsmartclient_unittest\bin\x64\debug\net6.0-windows\zsmartclient_unittest.dll" id="34039ecd-ee8b-6055-7cde-d7cfbc3f929e">
      <TestCategory>
        <TestCategoryItem TestCategory="WorkspaceToolbar" />
      </TestCategory>
      <Execution id="6d5f4109-e259-45dd-9c25-b17554ce4b62" />
      <TestMethod codeBase="D:\actions-runner\_work\XPCO\XPCO\AllSolutions\..\SC\Components\RemoteViewer\SmartClient\tst\zSmartClient_UnitTest\bin\x64\Debug\net6.0-windows\zSmartClient_UnitTest.dll" adapterTypeName="executor://mstestadapter/v2" className="SmartClient_UnitTest.VideoOS.RemoteClient.Application.UI.Content.WorkspaceToolbar.WorkspaceToolbarViewModelTests" name="SidePanelToggleButtonIsVisible_DependingOnConditions" />
    </UnitTest>
    <UnitTest name="Convert_ShouldRaiseInvalidCastException_WhenParameterIsAnInteractionState" storage="d:\actions-runner\_work\xpco\xpco\allsolutions\..\sc\components\remoteviewer\smartclient\tst\zsmartclient_unittest\bin\x64\debug\net6.0-windows\zsmartclient_unittest.dll" id="a00003bd-aa50-3927-aba0-52fe02475d39">
      <TestCategory>
        <TestCategoryItem TestCategory="GisMap.InteractionStateConverter" />
      </TestCategory>
      <Execution id="17901cf8-fb4d-4c69-9c11-cc3c14b32832" />
      <TestMethod codeBase="D:\actions-runner\_work\XPCO\XPCO\AllSolutions\..\SC\Components\RemoteViewer\SmartClient\tst\zSmartClient_UnitTest\bin\x64\Debug\net6.0-windows\zSmartClient_UnitTest.dll" adapterTypeName="executor://mstestadapter/v2" className="SmartClient_UnitTest.VideoOS.RemoteClient.Plugin.GisMap.View.InteractionStateConverterTests" name="Convert_ShouldRaiseInvalidCastException_WhenParameterIsAnInteractionState" />
    </UnitTest>
    <UnitTest name="GetSnapshots_UnauthorizedAccess_Failure" storage="d:\actions-runner\_work\xpco\xpco\allsolutions\..\sc\components\remoteviewer\smartclient\tst\zsmartclient_unittest\bin\x64\debug\net6.0-windows\zsmartclient_unittest.dll" id="40de1517-d6a6-7e31-1713-862fa25a82b9">
      <TestCategory>
        <TestCategoryItem TestCategory="Search" />
      </TestCategory>
      <Execution id="63b3da9b-ed5b-4432-b214-cc972656dc1e" />
      <TestMethod codeBase="D:\actions-runner\_work\XPCO\XPCO\AllSolutions\..\SC\Components\RemoteViewer\SmartClient\tst\zSmartClient_UnitTest\bin\x64\Debug\net6.0-windows\zSmartClient_UnitTest.dll" adapterTypeName="executor://mstestadapter/v2" className="SmartClient_UnitTest.VideoOS.RemoteClient.Plugin.CentralizedSearch.ViewModels.Data.SnapshotHandlerTests" name="GetSnapshots_UnauthorizedAccess_Failure" />
    </UnitTest>
    <UnitTest name="Convert_ShouldReturnUnchangedObject_WhenCustomObjectIsUsed" storage="d:\actions-runner\_work\xpco\xpco\allsolutions\..\sc\components\remoteviewer\smartclient\tst\zsmartclient_unittest\bin\x64\debug\net6.0-windows\zsmartclient_unittest.dll" id="7e1fdf53-1cce-0f14-6eba-6df4732e28ac">
      <Execution id="1a0ea268-6aa2-4676-9341-62a92f699c2e" />
      <TestMethod codeBase="D:\actions-runner\_work\XPCO\XPCO\AllSolutions\..\SC\Components\RemoteViewer\SmartClient\tst\zSmartClient_UnitTest\bin\x64\Debug\net6.0-windows\zSmartClient_UnitTest.dll" adapterTypeName="executor://mstestadapter/v2" className="SmartClient_UnitTest.VideoOS.Common.UIThemes.ContentToTooltipTextConverterTests" name="Convert_ShouldReturnUnchangedObject_WhenCustomObjectIsUsed" />
    </UnitTest>
    <UnitTest name="CalculateNewExtent_ShouldLimitExtent_WhenBeyondMaxOnUpperLeftEdge" storage="d:\actions-runner\_work\xpco\xpco\allsolutions\..\sc\components\remoteviewer\smartclient\tst\zsmartclient_unittest\bin\x64\debug\net6.0-windows\zsmartclient_unittest.dll" id="2978490b-f335-bd98-3d44-ea762b2e8674">
      <TestCategory>
        <TestCategoryItem TestCategory="MipItemsUpdateStrategy" />
      </TestCategory>
      <Execution id="187fb44d-1448-49ef-85d7-c7ee16e94fa3" />
      <TestMethod codeBase="D:\actions-runner\_work\XPCO\XPCO\AllSolutions\..\SC\Components\RemoteViewer\SmartClient\tst\zSmartClient_UnitTest\bin\x64\Debug\net6.0-windows\zSmartClient_UnitTest.dll" adapterTypeName="executor://mstestadapter/v2" className="SmartClient_UnitTest.VideoOS.RemoteClient.Plugin.GisMap.MIP.MipItemsUpdateStrategyTests" name="CalculateNewExtent_ShouldLimitExtent_WhenBeyondMaxOnUpperLeftEdge" />
    </UnitTest>
    <UnitTest name="GetOsmServerAddress_ShouldReturnEmptyString_WhenGeographicLayerIsNullAndAlternativeServerIsEmpty" storage="d:\actions-runner\_work\xpco\xpco\allsolutions\..\sc\components\remoteviewer\smartclient\tst\zsmartclient_unittest\bin\x64\debug\net6.0-windows\zsmartclient_unittest.dll" id="0aadc201-49e1-bf75-6608-564242125dc2">
      <TestCategory>
        <TestCategoryItem TestCategory="GisMapData.Controllers.Osm" />
      </TestCategory>
      <Execution id="3139558c-6b6b-4efc-8f5d-a97b689d62e6" />
      <TestMethod codeBase="D:\actions-runner\_work\XPCO\XPCO\AllSolutions\..\SC\Components\RemoteViewer\SmartClient\tst\zSmartClient_UnitTest\bin\x64\Debug\net6.0-windows\zSmartClient_UnitTest.dll" adapterTypeName="executor://mstestadapter/v2" className="SmartClient_UnitTest.VideoOS.RemoteClient.GisMapData.Controllers.Osm.GisMapOsmControllerTests" name="GetOsmServerAddress_ShouldReturnEmptyString_WhenGeographicLayerIsNullAndAlternativeServerIsEmpty" />
    </UnitTest>
    <UnitTest name="PointMapItem_Load_Output_Success" storage="d:\actions-runner\_work\xpco\xpco\allsolutions\..\sc\components\remoteviewer\smartclient\tst\zsmartclient_unittest\bin\x64\debug\net6.0-windows\zsmartclient_unittest.dll" id="947e66f8-3edd-6840-266f-9e5f8a6ffe6e">
      <TestCategory>
        <TestCategoryItem TestCategory="GisMapData.MapItem.Outputs" />
      </TestCategory>
      <Execution id="d5976dd5-5173-4b2c-aa04-7a2746b4c5b9" />
      <TestMethod codeBase="D:\actions-runner\_work\XPCO\XPCO\AllSolutions\..\SC\Components\RemoteViewer\SmartClient\tst\zSmartClient_UnitTest\bin\x64\Debug\net6.0-windows\zSmartClient_UnitTest.dll" adapterTypeName="executor://mstestadapter/v2" className="SmartClient_UnitTest.VideoOS.RemoteClient.GisMapData.MapItem.Outputs.OutputMapItemTests" name="PointMapItem_Load_Output_Success" />
    </UnitTest>
    <UnitTest name="WaitForItemAsync_WhenAdded_WaitsCorrectlyForItem" storage="d:\actions-runner\_work\xpco\xpco\allsolutions\..\sc\components\remoteviewer\smartclient\tst\zsmartclient_unittest\bin\x64\debug\net6.0-windows\zsmartclient_unittest.dll" id="5aee1987-ec48-787b-31d3-fe2a9e31e772">
      <Execution id="88720d54-2a78-4eea-a3ab-13a92ed8eaf0" />
      <TestMethod codeBase="D:\actions-runner\_work\XPCO\XPCO\AllSolutions\..\SC\Components\RemoteViewer\SmartClient\tst\zSmartClient_UnitTest\bin\x64\Debug\net6.0-windows\zSmartClient_UnitTest.dll" adapterTypeName="executor://mstestadapter/v2" className="SmartClient_UnitTest.VideoOS.RemoteClient.Plugin.GisMap.MIP.MipMapitemWaiterTests" name="WaitForItemAsync_WhenAdded_WaitsCorrectlyForItem" />
    </UnitTest>
    <UnitTest name="Compare_SameTriggerTimeDeterministicBehavior_CameraId_Success" storage="d:\actions-runner\_work\xpco\xpco\allsolutions\..\sc\components\remoteviewer\smartclient\tst\zsmartclient_unittest\bin\x64\debug\net6.0-windows\zsmartclient_unittest.dll" id="c16f8099-6dbb-2cba-9e36-c36b7b8492a9">
      <TestCategory>
        <TestCategoryItem TestCategory="SearchComparers" />
      </TestCategory>
      <Execution id="70386e29-6891-483f-973d-63c992cc2342" />
      <TestMethod codeBase="D:\actions-runner\_work\XPCO\XPCO\AllSolutions\..\SC\Components\RemoteViewer\SmartClient\tst\zSmartClient_UnitTest\bin\x64\Debug\net6.0-windows\zSmartClient_UnitTest.dll" adapterTypeName="executor://mstestadapter/v2" className="SmartClient_UnitTest.VideoOS.RemoteClient.Plugin.CentralizedSearch.Models.Wrappers.Comparers.TriggerTimeComparerTests" name="Compare_SameTriggerTimeDeterministicBehavior_CameraId_Success" />
    </UnitTest>
    <UnitTest name="TestWriteXml" storage="d:\actions-runner\_work\xpco\xpco\allsolutions\..\sc\components\remoteviewer\smartclient\tst\zsmartclient_unittest\bin\x64\debug\net6.0-windows\zsmartclient_unittest.dll" id="3355c355-6b0a-3812-de70-8d7a8a005906">
      <Execution id="582905ba-cd0f-4631-9f0a-828763fee293" />
      <TestMethod codeBase="D:\actions-runner\_work\XPCO\XPCO\AllSolutions\..\SC\Components\RemoteViewer\SmartClient\tst\zSmartClient_UnitTest\bin\x64\Debug\net6.0-windows\zSmartClient_UnitTest.dll" adapterTypeName="executor://mstestadapter/v2" className="SmartClient_UnitTest.VideoOS.RemoteClient.Application.Data.Retrievals.RetrievalMetadataTest" name="TestWriteXml" />
    </UnitTest>
    <UnitTest name="HandlePermissionDeniedResults_ShouldShowMessageAndToast (5,1)" storage="d:\actions-runner\_work\xpco\xpco\allsolutions\..\sc\components\remoteviewer\smartclient\tst\zsmartclient_unittest\bin\x64\debug\net6.0-windows\zsmartclient_unittest.dll" id="675dccfc-0aea-7dad-70d9-a1466b62191d">
      <TestCategory>
        <TestCategoryItem TestCategory="Managers" />
      </TestCategory>
      <Execution id="d394748d-9453-40d3-9ee7-c10bc2f50b6c" />
      <TestMethod codeBase="D:\actions-runner\_work\XPCO\XPCO\AllSolutions\..\SC\Components\RemoteViewer\SmartClient\tst\zSmartClient_UnitTest\bin\x64\Debug\net6.0-windows\zSmartClient_UnitTest.dll" adapterTypeName="executor://mstestadapter/v2" className="SmartClient_UnitTest.VideoOS.RemoteClient.Application.Managers.ExportResultsNotificationHelperTests" name="HandlePermissionDeniedResults_ShouldShowMessageAndToast" />
    </UnitTest>
    <UnitTest name="ValidateExportName_ShouldReturnFailResult_InvalidCharactersInExportName (1213&lt;&gt;!?%)" storage="d:\actions-runner\_work\xpco\xpco\allsolutions\..\sc\components\remoteviewer\smartclient\tst\zsmartclient_unittest\bin\x64\debug\net6.0-windows\zsmartclient_unittest.dll" id="d21502bc-4956-5d51-6721-5ae0421be750">
      <TestCategory>
        <TestCategoryItem TestCategory="Export" />
      </TestCategory>
      <Execution id="25483ce1-e691-4da4-a156-07601233cca5" />
      <TestMethod codeBase="D:\actions-runner\_work\XPCO\XPCO\AllSolutions\..\SC\Components\RemoteViewer\SmartClient\tst\zSmartClient_UnitTest\bin\x64\Debug\net6.0-windows\zSmartClient_UnitTest.dll" adapterTypeName="executor://mstestadapter/v2" className="SmartClient_UnitTest.VideoOS.RemoteClient.Plugin.Export.ExportDataValidatorTests" name="ValidateExportName_ShouldReturnFailResult_InvalidCharactersInExportName" />
    </UnitTest>
    <UnitTest name="Tooltip_ShouldShowMicrophoneName_WhenMicrophoneIsMutedOnLiveModeAndUserHasListenPermissions" storage="d:\actions-runner\_work\xpco\xpco\allsolutions\..\sc\components\remoteviewer\smartclient\tst\zsmartclient_unittest\bin\x64\debug\net6.0-windows\zsmartclient_unittest.dll" id="500812c7-2caf-0961-5585-75ab839884c8">
      <TestCategory>
        <TestCategoryItem TestCategory="GisMap.MicrophoneMarkerTest" />
      </TestCategory>
      <Execution id="79dff727-e637-4cac-9ee6-0407bc74d97c" />
      <TestMethod codeBase="D:\actions-runner\_work\XPCO\XPCO\AllSolutions\..\SC\Components\RemoteViewer\SmartClient\tst\zSmartClient_UnitTest\bin\x64\Debug\net6.0-windows\zSmartClient_UnitTest.dll" adapterTypeName="executor://mstestadapter/v2" className="SmartClient_UnitTest.VideoOS.RemoteClient.Plugin.GisMap.ThinkGeoMap.Markers.DeviceMarkers.MicrophoneMarker.MicrophoneMarkerTests" name="Tooltip_ShouldShowMicrophoneName_WhenMicrophoneIsMutedOnLiveModeAndUserHasListenPermissions" />
    </UnitTest>
    <UnitTest name="AddToExportDevices_ShouldReturnCorrectResult (5,5,0)" storage="d:\actions-runner\_work\xpco\xpco\allsolutions\..\sc\components\remoteviewer\smartclient\tst\zsmartclient_unittest\bin\x64\debug\net6.0-windows\zsmartclient_unittest.dll" id="3c6b6456-74c4-1dda-6116-e2d0816b5ed7">
      <TestCategory>
        <TestCategoryItem TestCategory="Managers" />
      </TestCategory>
      <Execution id="a28f8c5f-6b8b-4ee3-9eff-2af03f0ff055" />
      <TestMethod codeBase="D:\actions-runner\_work\XPCO\XPCO\AllSolutions\..\SC\Components\RemoteViewer\SmartClient\tst\zSmartClient_UnitTest\bin\x64\Debug\net6.0-windows\zSmartClient_UnitTest.dll" adapterTypeName="executor://mstestadapter/v2" className="SmartClient_UnitTest.VideoOS.RemoteClient.Application.Managers.ExportManagerTests" name="AddToExportDevices_ShouldReturnCorrectResult" />
    </UnitTest>
    <UnitTest name="SmartMapPositionChanged_WhenMapPositionIsChanged_ShouldCallPostMessage" storage="d:\actions-runner\_work\xpco\xpco\allsolutions\..\sc\components\remoteviewer\smartclient\tst\zsmartclient_unittest\bin\x64\debug\net6.0-windows\zsmartclient_unittest.dll" id="13e00d9f-1356-be26-5e63-c3874f003845">
      <Execution id="136dedf7-7084-4dc1-90d8-499800a53f60" />
      <TestMethod codeBase="D:\actions-runner\_work\XPCO\XPCO\AllSolutions\..\SC\Components\RemoteViewer\SmartClient\tst\zSmartClient_UnitTest\bin\x64\Debug\net6.0-windows\zSmartClient_UnitTest.dll" adapterTypeName="executor://mstestadapter/v2" className="SmartClient_UnitTest.VideoOS.RemoteClient.Plugin.GisMap.MIP.ContentHolderMipMessageManagerTests" name="SmartMapPositionChanged_WhenMapPositionIsChanged_ShouldCallPostMessage" />
    </UnitTest>
    <UnitTest name="VideoResultSearchResult_PropertiesWhenCombinedResultDifferentCategoryName_CollectedAndDisplayed" storage="d:\actions-runner\_work\xpco\xpco\allsolutions\..\sc\components\remoteviewer\smartclient\tst\zsmartclient_unittest\bin\x64\debug\net6.0-windows\zsmartclient_unittest.dll" id="98f162c3-7789-0517-6acc-2e2623f261ea">
      <TestCategory>
        <TestCategoryItem TestCategory="SearchControls" />
      </TestCategory>
      <Execution id="adc13c35-6e23-43d9-8394-2880ead5fa84" />
      <TestMethod codeBase="D:\actions-runner\_work\XPCO\XPCO\AllSolutions\..\SC\Components\RemoteViewer\SmartClient\tst\zSmartClient_UnitTest\bin\x64\Debug\net6.0-windows\zSmartClient_UnitTest.dll" adapterTypeName="executor://mstestadapter/v2" className="SmartClient_UnitTest.VideoOS.RemoteClient.Plugin.CentralizedSearch.Views.Controls.SearchResultDetailsControlTests" name="VideoResultSearchResult_PropertiesWhenCombinedResultDifferentCategoryName_CollectedAndDisplayed" />
    </UnitTest>
    <UnitTest name="SerializeDeserialize_RoundTripNoValues_Equals" storage="d:\actions-runner\_work\xpco\xpco\allsolutions\..\sc\components\remoteviewer\smartclient\tst\zsmartclient_unittest\bin\x64\debug\net6.0-windows\zsmartclient_unittest.dll" id="dddb1835-bc62-9ecf-f6da-266a9e5d6d03">
      <Execution id="194c4597-de8b-46be-9f20-e6c9b280f652" />
      <TestMethod codeBase="D:\actions-runner\_work\XPCO\XPCO\AllSolutions\..\SC\Components\RemoteViewer\SmartClient\tst\zSmartClient_UnitTest\bin\x64\Debug\net6.0-windows\zSmartClient_UnitTest.dll" adapterTypeName="executor://mstestadapter/v2" className="SmartClient_UnitTest.VideoOS.RemoteClient.Application.Data.States.CentralizedSearchStateTest" name="SerializeDeserialize_RoundTripNoValues_Equals" />
    </UnitTest>
    <UnitTest name="HandleSetLayerFeatures_ShouldRaiseArgumentException_WhenCameraKindAndNotCameraLayerFeaturesAndInputLayer" storage="d:\actions-runner\_work\xpco\xpco\allsolutions\..\sc\components\remoteviewer\smartclient\tst\zsmartclient_unittest\bin\x64\debug\net6.0-windows\zsmartclient_unittest.dll" id="2670b347-ae46-c79b-6a32-846917e5ef9a">
      <TestCategory>
        <TestCategoryItem TestCategory="GisMapData.Handlers.LayerFeatures" />
      </TestCategory>
      <Execution id="59207a17-c84f-4e55-970e-0364445ab1db" />
      <TestMethod codeBase="D:\actions-runner\_work\XPCO\XPCO\AllSolutions\..\SC\Components\RemoteViewer\SmartClient\tst\zSmartClient_UnitTest\bin\x64\Debug\net6.0-windows\zSmartClient_UnitTest.dll" adapterTypeName="executor://mstestadapter/v2" className="SmartClient_UnitTest.VideoOS.RemoteClient.GisMapData.Handlers.LayerFeatures.CameraLayerFeaturesHandlerTests" name="HandleSetLayerFeatures_ShouldRaiseArgumentException_WhenCameraKindAndNotCameraLayerFeaturesAndInputLayer" />
    </UnitTest>
    <UnitTest name="GetClusters_ShouldIncludeItemFromBuildingIntoSuperClusterOutsideBuilding_WhenBuildingLayerIsHidden" storage="d:\actions-runner\_work\xpco\xpco\allsolutions\..\sc\components\remoteviewer\smartclient\tst\zsmartclient_unittest\bin\x64\debug\net6.0-windows\zsmartclient_unittest.dll" id="533b05cc-a804-1759-db1f-d456efa129c0">
      <TestCategory>
        <TestCategoryItem TestCategory="GisMapIndex.SuperClusters" />
      </TestCategory>
      <Execution id="2c8f9388-f952-4e73-bf7a-f19086ad2ad5" />
      <TestMethod codeBase="D:\actions-runner\_work\XPCO\XPCO\AllSolutions\..\SC\Components\RemoteViewer\SmartClient\tst\zSmartClient_UnitTest\bin\x64\Debug\net6.0-windows\zSmartClient_UnitTest.dll" adapterTypeName="executor://mstestadapter/v2" className="SmartClient_UnitTest.VideoOS.RemoteClient.GisMapData.Common.Indexer.BuildingsAwareIndexerTests_SuperCluster" name="GetClusters_ShouldIncludeItemFromBuildingIntoSuperClusterOutsideBuilding_WhenBuildingLayerIsHidden" />
    </UnitTest>
    <UnitTest name="PopulateTooltip_FewResultsFromFewCameras12Hours_ValidText" storage="d:\actions-runner\_work\xpco\xpco\allsolutions\..\sc\components\remoteviewer\smartclient\tst\zsmartclient_unittest\bin\x64\debug\net6.0-windows\zsmartclient_unittest.dll" id="17ba5638-6ea6-b4d6-f1bc-1949b3768658">
      <TestCategory>
        <TestCategoryItem TestCategory="SearchControls" />
      </TestCategory>
      <Execution id="36018b81-915c-4526-8fa3-1754e1aa8ead" />
      <TestMethod codeBase="D:\actions-runner\_work\XPCO\XPCO\AllSolutions\..\SC\Components\RemoteViewer\SmartClient\tst\zSmartClient_UnitTest\bin\x64\Debug\net6.0-windows\zSmartClient_UnitTest.dll" adapterTypeName="executor://mstestadapter/v2" className="SmartClient_UnitTest.VideoOS.RemoteClient.Plugin.CentralizedSearch.Views.Controls.TimelineRuler.TimelineRulerControlTests" name="PopulateTooltip_FewResultsFromFewCameras12Hours_ValidText" />
    </UnitTest>
    <UnitTest name="BuildState_Success" storage="d:\actions-runner\_work\xpco\xpco\allsolutions\..\sc\components\remoteviewer\smartclient\tst\zsmartclient_unittest\bin\x64\debug\net6.0-windows\zsmartclient_unittest.dll" id="5af784fc-9243-ca85-aed0-526fe2586632">
      <TestCategory>
        <TestCategoryItem TestCategory="Search" />
      </TestCategory>
      <Execution id="41e4464f-3ce8-4640-b57f-284f3071ef22" />
      <TestMethod codeBase="D:\actions-runner\_work\XPCO\XPCO\AllSolutions\..\SC\Components\RemoteViewer\SmartClient\tst\zSmartClient_UnitTest\bin\x64\Debug\net6.0-windows\zSmartClient_UnitTest.dll" adapterTypeName="executor://mstestadapter/v2" className="SmartClient_UnitTest.VideoOS.RemoteClient.Plugin.CentralizedSearch.CentralizedSearchContentHolderTests" name="BuildState_Success" />
    </UnitTest>
    <UnitTest name="Compare_NotNullVsNullDescending_GreaterThan" storage="d:\actions-runner\_work\xpco\xpco\allsolutions\..\sc\components\remoteviewer\smartclient\tst\zsmartclient_unittest\bin\x64\debug\net6.0-windows\zsmartclient_unittest.dll" id="112015e3-431e-b435-09f5-dc36bf2bbc1b">
      <TestCategory>
        <TestCategoryItem TestCategory="SearchComparers" />
      </TestCategory>
      <Execution id="9e401534-7e77-4521-ab08-d4d770a45b64" />
      <TestMethod codeBase="D:\actions-runner\_work\XPCO\XPCO\AllSolutions\..\SC\Components\RemoteViewer\SmartClient\tst\zSmartClient_UnitTest\bin\x64\Debug\net6.0-windows\zSmartClient_UnitTest.dll" adapterTypeName="executor://mstestadapter/v2" className="SmartClient_UnitTest.VideoOS.RemoteClient.Plugin.CentralizedSearch.Models.Wrappers.Comparers.BeginTimeWithPaddingComparerTests" name="Compare_NotNullVsNullDescending_GreaterThan" />
    </UnitTest>
    <UnitTest name="SearchResultDataHasChanged_ShouldCallAllSubResults" storage="d:\actions-runner\_work\xpco\xpco\allsolutions\..\sc\components\remoteviewer\smartclient\tst\zsmartclient_unittest\bin\x64\debug\net6.0-windows\zsmartclient_unittest.dll" id="13db29e1-271e-aab2-3bce-87640b8c6e48">
      <TestCategory>
        <TestCategoryItem TestCategory="Search.Wrappers" />
      </TestCategory>
      <Execution id="f0641f10-73e0-4569-857e-ca5c9c8e1b37" />
      <TestMethod codeBase="D:\actions-runner\_work\XPCO\XPCO\AllSolutions\..\SC\Components\RemoteViewer\SmartClient\tst\zSmartClient_UnitTest\bin\x64\Debug\net6.0-windows\zSmartClient_UnitTest.dll" adapterTypeName="executor://mstestadapter/v2" className="SmartClient_UnitTest.VideoOS.RemoteClient.Plugin.CentralizedSearch.Models.Wrappers.CombinedSearchResultDataWrapperTests" name="SearchResultDataHasChanged_ShouldCallAllSubResults" />
    </UnitTest>
    <UnitTest name="DisplayErrorOnNotificationArea_UnknownDerivedFromSearchError_LoggingEnabled_Success" storage="d:\actions-runner\_work\xpco\xpco\allsolutions\..\sc\components\remoteviewer\smartclient\tst\zsmartclient_unittest\bin\x64\debug\net6.0-windows\zsmartclient_unittest.dll" id="4a1694b5-7db1-bf67-dca4-8860f0f31e9d">
      <TestCategory>
        <TestCategoryItem TestCategory="SearchViewModels" />
      </TestCategory>
      <Execution id="63a726a6-8239-4210-9061-2505b51ab3f7" />
      <TestMethod codeBase="D:\actions-runner\_work\XPCO\XPCO\AllSolutions\..\SC\Components\RemoteViewer\SmartClient\tst\zSmartClient_UnitTest\bin\x64\Debug\net6.0-windows\zSmartClient_UnitTest.dll" adapterTypeName="executor://mstestadapter/v2" className="SmartClient_UnitTest.VideoOS.RemoteClient.Plugin.CentralizedSearch.ViewModels.SearchViewModelTests" name="DisplayErrorOnNotificationArea_UnknownDerivedFromSearchError_LoggingEnabled_Success" />
    </UnitTest>
    <UnitTest name="Decorate_ShouldAddChildren_WhenThereAreLayersWithItemsImplementingITitleToggleableAndIBackgroundDiskToggleable" storage="d:\actions-runner\_work\xpco\xpco\allsolutions\..\sc\components\remoteviewer\smartclient\tst\zsmartclient_unittest\bin\x64\debug\net6.0-windows\zsmartclient_unittest.dll" id="284a6b15-0a7d-d4a1-ae93-88897a496866">
      <TestCategory>
        <TestCategoryItem TestCategory="GisMap.LayerVisibilityItemDataChildrenToggleItemDecoratorTests" />
      </TestCategory>
      <Execution id="27fc8959-4a91-4372-9108-1d075c9d11b8" />
      <TestMethod codeBase="D:\actions-runner\_work\XPCO\XPCO\AllSolutions\..\SC\Components\RemoteViewer\SmartClient\tst\zSmartClient_UnitTest\bin\x64\Debug\net6.0-windows\zSmartClient_UnitTest.dll" adapterTypeName="executor://mstestadapter/v2" className="SmartClient_UnitTest.VideoOS.RemoteClient.Plugin.GisMap.ViewModels.LayersVisibility.Decorators.LayerVisibilityItemDataChildrenToggleItemDecoratorTests" name="Decorate_ShouldAddChildren_WhenThereAreLayersWithItemsImplementingITitleToggleableAndIBackgroundDiskToggleable" />
    </UnitTest>
    <UnitTest name="SequenceEntryDto_ShouldYieldSameValues_WhenRoundTripConverted" storage="d:\actions-runner\_work\xpco\xpco\allsolutions\..\sc\components\remoteviewer\smartclient\tst\zsmartclient_unittest\bin\x64\debug\net6.0-windows\zsmartclient_unittest.dll" id="9293549a-e4d8-25ee-0a7e-0a58daedfd4d">
      <TestCategory>
        <TestCategoryItem TestCategory="RecorderProxyToDtoMapping" />
      </TestCategory>
      <Execution id="34246981-bc95-45e4-a180-74915b2d86dc" />
      <TestMethod codeBase="D:\actions-runner\_work\XPCO\XPCO\AllSolutions\..\SC\Components\RemoteViewer\SmartClient\tst\zSmartClient_UnitTest\bin\x64\Debug\net6.0-windows\zSmartClient_UnitTest.dll" adapterTypeName="executor://mstestadapter/v2" className="VideoOS.Shared.ServerAPI.SOAP.RecorderClientMappingTests" name="SequenceEntryDto_ShouldYieldSameValues_WhenRoundTripConverted" />
    </UnitTest>
    <UnitTest name="BoundingBoxErrorOccurred" storage="d:\actions-runner\_work\xpco\xpco\allsolutions\..\sc\components\remoteviewer\smartclient\tst\zsmartclient_unittest\bin\x64\debug\net6.0-windows\zsmartclient_unittest.dll" id="ffa5f9ad-66df-b9a8-3ecf-eff774a0ebee">
      <Execution id="316273b7-165f-47c4-b917-83d4cf95073c" />
      <TestMethod codeBase="D:\actions-runner\_work\XPCO\XPCO\AllSolutions\..\SC\Components\RemoteViewer\SmartClient\tst\zSmartClient_UnitTest\bin\x64\Debug\net6.0-windows\zSmartClient_UnitTest.dll" adapterTypeName="executor://mstestadapter/v2" className="SmartClient_UnitTest.VideoOS.RemoteClient.Application.Data.Metadata.BoundingBoxes.BoundingBoxProviderTest" name="BoundingBoxErrorOccurred" />
    </UnitTest>
    <UnitTest name="DeleteBookmarksAsync_3items_Success" storage="d:\actions-runner\_work\xpco\xpco\allsolutions\..\sc\components\remoteviewer\smartclient\tst\zsmartclient_unittest\bin\x64\debug\net6.0-windows\zsmartclient_unittest.dll" id="e858b755-e862-b910-8b81-43167ff825a3">
      <TestCategory>
        <TestCategoryItem TestCategory="Search.Bookmarks" />
      </TestCategory>
      <Execution id="85d605ca-d51b-4efd-9226-5082547f71f4" />
      <TestMethod codeBase="D:\actions-runner\_work\XPCO\XPCO\AllSolutions\..\SC\Components\RemoteViewer\SmartClient\tst\zSmartClient_UnitTest\bin\x64\Debug\net6.0-windows\zSmartClient_UnitTest.dll" adapterTypeName="executor://mstestadapter/v2" className="SmartClient_UnitTest.VideoOS.RemoteClient.Plugin.CentralizedSearch.ViewModels.DeleteBookmarkHandlerTests" name="DeleteBookmarksAsync_3items_Success" />
    </UnitTest>
    <UnitTest name="SelectionCountDisplayText_OneSelectedResult_ReturnsSingleString" storage="d:\actions-runner\_work\xpco\xpco\allsolutions\..\sc\components\remoteviewer\smartclient\tst\zsmartclient_unittest\bin\x64\debug\net6.0-windows\zsmartclient_unittest.dll" id="101686f8-0bec-03ef-e5aa-8afcc05984fe">
      <TestCategory>
        <TestCategoryItem TestCategory="SearchResultActionBarViewModel" />
      </TestCategory>
      <Execution id="2ccd917e-fc2e-4aea-a415-49e8b9e65f35" />
      <TestMethod codeBase="D:\actions-runner\_work\XPCO\XPCO\AllSolutions\..\SC\Components\RemoteViewer\SmartClient\tst\zSmartClient_UnitTest\bin\x64\Debug\net6.0-windows\zSmartClient_UnitTest.dll" adapterTypeName="executor://mstestadapter/v2" className="SmartClient_UnitTest.VideoOS.RemoteClient.Plugin.CentralizedSearch.ViewModels.SearchResultsActionBarViewModelTest" name="SelectionCountDisplayText_OneSelectedResult_ReturnsSingleString" />
    </UnitTest>
    <UnitTest name="ValidEncryptionStrengthsForExport_ShouldOnlyReturnAllAesStrengths_WhenLegacyEncryptionEnabledInAppConfigAndFipsEnabled" storage="d:\actions-runner\_work\xpco\xpco\allsolutions\..\sc\components\remoteviewer\smartclient\tst\zsmartclient_unittest\bin\x64\debug\net6.0-windows\zsmartclient_unittest.dll" id="eafedef4-77b0-0ba7-44ca-5ee1ec158773">
      <TestCategory>
        <TestCategoryItem TestCategory="Encryption" />
      </TestCategory>
      <Execution id="9e67f592-0731-462d-bbfd-db583bff5833" />
      <TestMethod codeBase="D:\actions-runner\_work\XPCO\XPCO\AllSolutions\..\SC\Components\RemoteViewer\SmartClient\tst\zSmartClient_UnitTest\bin\x64\Debug\net6.0-windows\zSmartClient_UnitTest.dll" adapterTypeName="executor://mstestadapter/v2" className="SmartClient_UnitTest.VideoOS.RemoteClient.Application.Data.Export.Validation.ValidateEncryptionStrengthTests" name="ValidEncryptionStrengthsForExport_ShouldOnlyReturnAllAesStrengths_WhenLegacyEncryptionEnabledInAppConfigAndFipsEnabled" />
    </UnitTest>
    <UnitTest name="Password 1 too short" storage="d:\actions-runner\_work\xpco\xpco\allsolutions\..\sc\components\remoteviewer\smartclient\tst\zsmartclient_unittest\bin\x64\debug\net6.0-windows\zsmartclient_unittest.dll" id="8bab2c7c-237e-3496-9a26-8fcdcf393dae">
      <TestCategory>
        <TestCategoryItem TestCategory="Export" />
      </TestCategory>
      <Execution id="1e5c31a1-6c65-4654-b9db-6a85c22038a4" />
      <TestMethod codeBase="D:\actions-runner\_work\XPCO\XPCO\AllSolutions\..\SC\Components\RemoteViewer\SmartClient\tst\zSmartClient_UnitTest\bin\x64\Debug\net6.0-windows\zSmartClient_UnitTest.dll" adapterTypeName="executor://mstestadapter/v2" className="SmartClient_UnitTest.VideoOS.RemoteClient.Plugin.Export.PasswordDialogViewModelTests" name="InitialPassword_ShouldResultInCorrectValidity" />
    </UnitTest>
    <UnitTest name="DisplayErrorOnNotificationArea_CustomSearchError_Success" storage="d:\actions-runner\_work\xpco\xpco\allsolutions\..\sc\components\remoteviewer\smartclient\tst\zsmartclient_unittest\bin\x64\debug\net6.0-windows\zsmartclient_unittest.dll" id="55d96512-5a91-19ab-11b5-5b61e2c70e29">
      <TestCategory>
        <TestCategoryItem TestCategory="SearchViewModels" />
      </TestCategory>
      <Execution id="2fe69e1e-5fbe-4685-8572-a26ae493deac" />
      <TestMethod codeBase="D:\actions-runner\_work\XPCO\XPCO\AllSolutions\..\SC\Components\RemoteViewer\SmartClient\tst\zSmartClient_UnitTest\bin\x64\Debug\net6.0-windows\zSmartClient_UnitTest.dll" adapterTypeName="executor://mstestadapter/v2" className="SmartClient_UnitTest.VideoOS.RemoteClient.Plugin.CentralizedSearch.ViewModels.SearchViewModelTests" name="DisplayErrorOnNotificationArea_CustomSearchError_Success" />
    </UnitTest>
    <UnitTest name="BoundingBoxBrowseTimeChangedTestSameData" storage="d:\actions-runner\_work\xpco\xpco\allsolutions\..\sc\components\remoteviewer\smartclient\tst\zsmartclient_unittest\bin\x64\debug\net6.0-windows\zsmartclient_unittest.dll" id="f3077786-632a-26ad-8d51-86ff9f306fe4">
      <Execution id="e57f7e52-7167-4f3c-9907-67b87395b005" />
      <TestMethod codeBase="D:\actions-runner\_work\XPCO\XPCO\AllSolutions\..\SC\Components\RemoteViewer\SmartClient\tst\zSmartClient_UnitTest\bin\x64\Debug\net6.0-windows\zSmartClient_UnitTest.dll" adapterTypeName="executor://mstestadapter/v2" className="SmartClient_UnitTest.VideoOS.RemoteClient.Application.Data.Metadata.BoundingBoxes.BoundingBoxProviderTest" name="BoundingBoxBrowseTimeChangedTestSameData" />
    </UnitTest>
    <UnitTest name="CreateCameraListItem_ShouldNotAddRegionSelectionToFilterValue_WhenAlreadyPresent" storage="d:\actions-runner\_work\xpco\xpco\allsolutions\..\sc\components\remoteviewer\smartclient\tst\zsmartclient_unittest\bin\x64\debug\net6.0-windows\zsmartclient_unittest.dll" id="896580b1-84f1-933f-fef3-e601288590b2">
      <TestCategory>
        <TestCategoryItem TestCategory="Search.Filters.ViewModels" />
      </TestCategory>
      <Execution id="fd3eaee4-b9a8-450f-8d4e-8a8c48ebe020" />
      <TestMethod codeBase="D:\actions-runner\_work\XPCO\XPCO\AllSolutions\..\SC\Components\RemoteViewer\SmartClient\tst\zSmartClient_UnitTest\bin\x64\Debug\net6.0-windows\zSmartClient_UnitTest.dll" adapterTypeName="executor://mstestadapter/v2" className="SmartClient_UnitTest.VideoOS.RemoteClient.Plugin.CentralizedSearch.MIPPlugin.Criteria.ViewModels.RegionSelectionCameraListItemHelperTests" name="CreateCameraListItem_ShouldNotAddRegionSelectionToFilterValue_WhenAlreadyPresent" />
    </UnitTest>
    <UnitTest name="AudioControllerOnDevicesLockEvent_ShouldNotEnableMicrophones_WhenUnlockingAudioDevicesAndApplicationIsInBrowseMode" storage="d:\actions-runner\_work\xpco\xpco\allsolutions\..\sc\components\remoteviewer\smartclient\tst\zsmartclient_unittest\bin\x64\debug\net6.0-windows\zsmartclient_unittest.dll" id="443c2399-34e1-f6f5-cccc-278f0b0d999a">
      <TestCategory>
        <TestCategoryItem TestCategory="GisMapData.MapLayers" />
      </TestCategory>
      <Execution id="d27d11e3-336c-4427-a80e-a9702d49e422" />
      <TestMethod codeBase="D:\actions-runner\_work\XPCO\XPCO\AllSolutions\..\SC\Components\RemoteViewer\SmartClient\tst\zSmartClient_UnitTest\bin\x64\Debug\net6.0-windows\zSmartClient_UnitTest.dll" adapterTypeName="executor://mstestadapter/v2" className="SmartClient_UnitTest.VideoOS.RemoteClient.GisMapData.MapLayers.MicrophoneItemsMapLayerTests" name="AudioControllerOnDevicesLockEvent_ShouldNotEnableMicrophones_WhenUnlockingAudioDevicesAndApplicationIsInBrowseMode" />
    </UnitTest>
    <UnitTest name="IOState_ShouldYieldSameValuesForAllEnumValues_WhenRoundTripConverted (Activated,Activated)" storage="d:\actions-runner\_work\xpco\xpco\allsolutions\..\sc\components\remoteviewer\smartclient\tst\zsmartclient_unittest\bin\x64\debug\net6.0-windows\zsmartclient_unittest.dll" id="34b0562a-74f3-0cb2-347b-f7ebddcca606">
      <TestCategory>
        <TestCategoryItem TestCategory="RecorderProxyToDtoMapping" />
      </TestCategory>
      <Execution id="14a85433-a1aa-42ba-9249-383107f9de21" />
      <TestMethod codeBase="D:\actions-runner\_work\XPCO\XPCO\AllSolutions\..\SC\Components\RemoteViewer\SmartClient\tst\zSmartClient_UnitTest\bin\x64\Debug\net6.0-windows\zSmartClient_UnitTest.dll" adapterTypeName="executor://mstestadapter/v2" className="VideoOS.Shared.ServerAPI.SOAP.RecorderClientMappingTests" name="IOState_ShouldYieldSameValuesForAllEnumValues_WhenRoundTripConverted" />
    </UnitTest>
    <UnitTest name="Everything_Is_Disabled_When_Both_Create_And_Update_Rights_Missing" storage="d:\actions-runner\_work\xpco\xpco\allsolutions\..\sc\components\remoteviewer\smartclient\tst\zsmartclient_unittest\bin\x64\debug\net6.0-windows\zsmartclient_unittest.dll" id="343adaa4-a6b4-4217-fe91-ea0e91bd35db">
      <Execution id="53765e5f-59bb-481e-81f5-56c7337a33a0" />
      <TestMethod codeBase="D:\actions-runner\_work\XPCO\XPCO\AllSolutions\..\SC\Components\RemoteViewer\SmartClient\tst\zSmartClient_UnitTest\bin\x64\Debug\net6.0-windows\zSmartClient_UnitTest.dll" adapterTypeName="executor://mstestadapter/v2" className="SmartClient_UnitTest.VideoOS.RemoteClient.Application.Components.EvidenceLock.EvidenceLockEditModeUserRightTests" name="Everything_Is_Disabled_When_Both_Create_And_Update_Rights_Missing" />
    </UnitTest>
    <UnitTest name="Compare_NotNullVsNullDescending_GreaterThan" storage="d:\actions-runner\_work\xpco\xpco\allsolutions\..\sc\components\remoteviewer\smartclient\tst\zsmartclient_unittest\bin\x64\debug\net6.0-windows\zsmartclient_unittest.dll" id="8f6cd5c2-e849-6c20-9267-83c3d531958e">
      <TestCategory>
        <TestCategoryItem TestCategory="SearchComparers" />
      </TestCategory>
      <Execution id="0651eda2-dd73-44a6-aa1e-f78b90f29873" />
      <TestMethod codeBase="D:\actions-runner\_work\XPCO\XPCO\AllSolutions\..\SC\Components\RemoteViewer\SmartClient\tst\zSmartClient_UnitTest\bin\x64\Debug\net6.0-windows\zSmartClient_UnitTest.dll" adapterTypeName="executor://mstestadapter/v2" className="SmartClient_UnitTest.VideoOS.RemoteClient.Plugin.CentralizedSearch.Models.Wrappers.Comparers.TriggerTimeComparerTests" name="Compare_NotNullVsNullDescending_GreaterThan" />
    </UnitTest>
    <UnitTest name="DeleteMapItems_ShouldReturnTrue_WhenUserAcknowledgesDeletionOfMultipleItems" storage="d:\actions-runner\_work\xpco\xpco\allsolutions\..\sc\components\remoteviewer\smartclient\tst\zsmartclient_unittest\bin\x64\debug\net6.0-windows\zsmartclient_unittest.dll" id="305136ec-e536-ca06-24de-c6336ceb8a55">
      <TestCategory>
        <TestCategoryItem TestCategory="GisMapModelController" />
      </TestCategory>
      <Execution id="c57fad44-38f4-43ca-ba73-11bde732733a" />
      <TestMethod codeBase="D:\actions-runner\_work\XPCO\XPCO\AllSolutions\..\SC\Components\RemoteViewer\SmartClient\tst\zSmartClient_UnitTest\bin\x64\Debug\net6.0-windows\zSmartClient_UnitTest.dll" adapterTypeName="executor://mstestadapter/v2" className="SmartClient_UnitTest.VideoOS.RemoteClient.GisMapData.GisMapModelControllerTests" name="DeleteMapItems_ShouldReturnTrue_WhenUserAcknowledgesDeletionOfMultipleItems" />
    </UnitTest>
    <UnitTest name="PtzSessionController_Constructor_ArgumentNull_ApplicationController_Test" storage="d:\actions-runner\_work\xpco\xpco\allsolutions\..\sc\components\remoteviewer\smartclient\tst\zsmartclient_unittest\bin\x64\debug\net6.0-windows\zsmartclient_unittest.dll" id="68eba393-9613-4207-7542-82e0b37e4100">
      <Execution id="fd9c0099-a556-4a8f-8313-da35f0b2219c" />
      <TestMethod codeBase="D:\actions-runner\_work\XPCO\XPCO\AllSolutions\..\SC\Components\RemoteViewer\SmartClient\tst\zSmartClient_UnitTest\bin\x64\Debug\net6.0-windows\zSmartClient_UnitTest.dll" adapterTypeName="executor://mstestadapter/v2" className="VideoOS.RemoteClient.Application.Controllers.UnitTest.PtzSessionControllerTest" name="PtzSessionController_Constructor_ArgumentNull_ApplicationController_Test" />
    </UnitTest>
    <UnitTest name="AutomationId_ShouldBeValid_WhenInteractionStateIsOutput" storage="d:\actions-runner\_work\xpco\xpco\allsolutions\..\sc\components\remoteviewer\smartclient\tst\zsmartclient_unittest\bin\x64\debug\net6.0-windows\zsmartclient_unittest.dll" id="6dc834ce-7990-c21f-5442-e578c180d56f">
      <TestCategory>
        <TestCategoryItem TestCategory="GisMap.UI.DeviceSelectors.PanelComponents" />
      </TestCategory>
      <Execution id="72afc205-fc93-4673-9774-cdcd42b98f65" />
      <TestMethod codeBase="D:\actions-runner\_work\XPCO\XPCO\AllSolutions\..\SC\Components\RemoteViewer\SmartClient\tst\zSmartClient_UnitTest\bin\x64\Debug\net6.0-windows\zSmartClient_UnitTest.dll" adapterTypeName="executor://mstestadapter/v2" className="SmartClient_UnitTest.VideoOS.RemoteClient.Plugin.GisMap.UI.DeviceSelectors.PanelComponents.DeviceSelectorPanelComponentTests" name="AutomationId_ShouldBeValid_WhenInteractionStateIsOutput" />
    </UnitTest>
    <UnitTest name="CreateCameraListItem_ShouldAddRegionSelectionToFilterValue_WhenNotAlreadyPresent" storage="d:\actions-runner\_work\xpco\xpco\allsolutions\..\sc\components\remoteviewer\smartclient\tst\zsmartclient_unittest\bin\x64\debug\net6.0-windows\zsmartclient_unittest.dll" id="aa8972af-4006-c6fd-4be2-6ab7cf64c83f">
      <TestCategory>
        <TestCategoryItem TestCategory="Search.Filters.ViewModels" />
      </TestCategory>
      <Execution id="e91180cf-493f-451e-b533-c99c98fa5564" />
      <TestMethod codeBase="D:\actions-runner\_work\XPCO\XPCO\AllSolutions\..\SC\Components\RemoteViewer\SmartClient\tst\zSmartClient_UnitTest\bin\x64\Debug\net6.0-windows\zSmartClient_UnitTest.dll" adapterTypeName="executor://mstestadapter/v2" className="SmartClient_UnitTest.VideoOS.RemoteClient.Plugin.CentralizedSearch.MIPPlugin.Criteria.ViewModels.RegionSelectionCameraListItemHelperTests" name="CreateCameraListItem_ShouldAddRegionSelectionToFilterValue_WhenNotAlreadyPresent" />
    </UnitTest>
    <UnitTest name="Compare_ShouldBeDeterministic_WhenOnlyIdOfResultsDiffer" storage="d:\actions-runner\_work\xpco\xpco\allsolutions\..\sc\components\remoteviewer\smartclient\tst\zsmartclient_unittest\bin\x64\debug\net6.0-windows\zsmartclient_unittest.dll" id="d9e596ab-93a9-7684-fb6f-71e1dbbc0c03">
      <TestCategory>
        <TestCategoryItem TestCategory="SearchComparers" />
      </TestCategory>
      <Execution id="9a477e2e-581a-48ba-90ec-a2b8b3bb6b9e" />
      <TestMethod codeBase="D:\actions-runner\_work\XPCO\XPCO\AllSolutions\..\SC\Components\RemoteViewer\SmartClient\tst\zSmartClient_UnitTest\bin\x64\Debug\net6.0-windows\zSmartClient_UnitTest.dll" adapterTypeName="executor://mstestadapter/v2" className="SmartClient_UnitTest.VideoOS.RemoteClient.Plugin.CentralizedSearch.Models.Wrappers.Comparers.RelevanceComparerTests" name="Compare_ShouldBeDeterministic_WhenOnlyIdOfResultsDiffer" />
    </UnitTest>
    <UnitTest name="DeleteLevel2Of123_Success" storage="d:\actions-runner\_work\xpco\xpco\allsolutions\..\sc\components\remoteviewer\smartclient\tst\zsmartclient_unittest\bin\x64\debug\net6.0-windows\zsmartclient_unittest.dll" id="0d6f4d12-30c4-770e-7e76-c3c94335926a">
      <TestCategory>
        <TestCategoryItem TestCategory="GisMapBuilding" />
      </TestCategory>
      <Execution id="00721e67-d264-45bf-8c73-189c5f947c59" />
      <TestMethod codeBase="D:\actions-runner\_work\XPCO\XPCO\AllSolutions\..\SC\Components\RemoteViewer\SmartClient\tst\zSmartClient_UnitTest\bin\x64\Debug\net6.0-windows\zSmartClient_UnitTest.dll" adapterTypeName="executor://mstestadapter/v2" className="SmartClient_UnitTest.VideoOS.RemoteClient.GisMapData.MapBuildings.MapLevelTests" name="DeleteLevel2Of123_Success" />
    </UnitTest>
    <UnitTest name="TestConstructor_CastToPolygon_Success" storage="d:\actions-runner\_work\xpco\xpco\allsolutions\..\sc\components\remoteviewer\smartclient\tst\zsmartclient_unittest\bin\x64\debug\net6.0-windows\zsmartclient_unittest.dll" id="772d579c-1f25-0ecf-1421-f86f202fcaa5">
      <TestCategory>
        <TestCategoryItem TestCategory="GisMap" />
      </TestCategory>
      <Execution id="f6a91ea6-64a3-4f0a-813d-b75fa77b4ed5" />
      <TestMethod codeBase="D:\actions-runner\_work\XPCO\XPCO\AllSolutions\..\SC\Components\RemoteViewer\SmartClient\tst\zSmartClient_UnitTest\bin\x64\Debug\net6.0-windows\zSmartClient_UnitTest.dll" adapterTypeName="executor://mstestadapter/v2" className="SmartClient_UnitTest.VideoOS.RemoteClient.GisMap.Common.MapPolygonTest" name="TestConstructor_CastToPolygon_Success" />
    </UnitTest>
    <UnitTest name="UpdateSearchFilter_SingleFilterWithValues_Added" storage="d:\actions-runner\_work\xpco\xpco\allsolutions\..\sc\components\remoteviewer\smartclient\tst\zsmartclient_unittest\bin\x64\debug\net6.0-windows\zsmartclient_unittest.dll" id="1757e59b-40da-bd94-15dd-39f1d4194c31">
      <TestCategory>
        <TestCategoryItem TestCategory="Search" />
      </TestCategory>
      <Execution id="64db757a-dbef-4e9b-b113-fdfa1a951cfe" />
      <TestMethod codeBase="D:\actions-runner\_work\XPCO\XPCO\AllSolutions\..\SC\Components\RemoteViewer\SmartClient\tst\zSmartClient_UnitTest\bin\x64\Debug\net6.0-windows\zSmartClient_UnitTest.dll" adapterTypeName="executor://mstestadapter/v2" className="SmartClient_UnitTest.VideoOS.RemoteClient.Plugin.CentralizedSearch.ViewModels.SearchDefinitionViewModelTests" name="UpdateSearchFilter_SingleFilterWithValues_Added" />
    </UnitTest>
    <UnitTest name="Initial_Result_Object_Correct" storage="d:\actions-runner\_work\xpco\xpco\allsolutions\..\sc\components\remoteviewer\smartclient\tst\zsmartclient_unittest\bin\x64\debug\net6.0-windows\zsmartclient_unittest.dll" id="eaa1d30c-5f58-30c3-2f20-3844e46318d4">
      <Execution id="eaeacfac-1ed1-4001-a8af-b9efe5733a47" />
      <TestMethod codeBase="D:\actions-runner\_work\XPCO\XPCO\AllSolutions\..\SC\Components\RemoteViewer\SmartClient\tst\zSmartClient_UnitTest\bin\x64\Debug\net6.0-windows\zSmartClient_UnitTest.dll" adapterTypeName="executor://mstestadapter/v2" className="SmartClient_UnitTest.VideoOS.RemoteClient.Application.Components.Search.SearchManagerTest" name="Initial_Result_Object_Correct" />
    </UnitTest>
    <UnitTest name="IsOAuth_ShouldReturnFalse_WhenConstructedUsingWindowsDefault" storage="d:\actions-runner\_work\xpco\xpco\allsolutions\..\sc\components\remoteviewer\smartclient\tst\zsmartclient_unittest\bin\x64\debug\net6.0-windows\zsmartclient_unittest.dll" id="370610a6-40ac-68fd-6f42-3e5c99313cb3">
      <TestCategory>
        <TestCategoryItem TestCategory="Authentication.ClientCredentials" />
      </TestCategory>
      <Execution id="171e9e1d-2c96-400b-99ff-e9afe3dcfe6f" />
      <TestMethod codeBase="D:\actions-runner\_work\XPCO\XPCO\AllSolutions\..\SC\Components\RemoteViewer\SmartClient\tst\zSmartClient_UnitTest\bin\x64\Debug\net6.0-windows\zSmartClient_UnitTest.dll" adapterTypeName="executor://mstestadapter/v2" className="SmartClient_UnitTest.VideoOS.Shared.ServerAPI.ClientCredentialsTest" name="IsOAuth_ShouldReturnFalse_WhenConstructedUsingWindowsDefault" />
    </UnitTest>
    <UnitTest name="MergeOptionNodes_ShouldReturnOptionsFromOldKey_WhenOptionsForNewKeyIsNull" storage="d:\actions-runner\_work\xpco\xpco\allsolutions\..\sc\components\remoteviewer\smartclient\tst\zsmartclient_unittest\bin\x64\debug\net6.0-windows\zsmartclient_unittest.dll" id="88b4d386-4c27-112e-bb74-c07845596dd9">
      <TestCategory>
        <TestCategoryItem TestCategory="Managers" />
      </TestCategory>
      <Execution id="f45e991c-9f65-4590-b1a0-0ab40e63f987" />
      <TestMethod codeBase="D:\actions-runner\_work\XPCO\XPCO\AllSolutions\..\SC\Components\RemoteViewer\SmartClient\tst\zSmartClient_UnitTest\bin\x64\Debug\net6.0-windows\zSmartClient_UnitTest.dll" adapterTypeName="executor://mstestadapter/v2" className="SmartClient_UnitTest.VideoOS.RemoteClient.Application.Managers.OptionManagerTests" name="MergeOptionNodes_ShouldReturnOptionsFromOldKey_WhenOptionsForNewKeyIsNull" />
    </UnitTest>
    <UnitTest name="CreateSearchAttributeEditControl_AllMappings_Success" storage="d:\actions-runner\_work\xpco\xpco\allsolutions\..\sc\components\remoteviewer\smartclient\tst\zsmartclient_unittest\bin\x64\debug\net6.0-windows\zsmartclient_unittest.dll" id="c4ff8731-9813-5df7-e5dd-207c7cca1b16">
      <TestCategory>
        <TestCategoryItem TestCategory="Search" />
      </TestCategory>
      <Execution id="3fe14d4d-fb33-4454-a412-4d2d8af35e5e" />
      <TestMethod codeBase="D:\actions-runner\_work\XPCO\XPCO\AllSolutions\..\SC\Components\RemoteViewer\SmartClient\tst\zSmartClient_UnitTest\bin\x64\Debug\net6.0-windows\zSmartClient_UnitTest.dll" adapterTypeName="executor://mstestadapter/v2" className="SmartClient_UnitTest.VideoOS.RemoteClient.Plugin.CentralizedSearch.MIPPlugin.ScSearchUserControlPluginTest" name="CreateSearchAttributeEditControl_AllMappings_Success" />
    </UnitTest>
    <UnitTest name="AddSelectedWindowsToExport_ShouldShowCorrectToastMessages (5,5,0)" storage="d:\actions-runner\_work\xpco\xpco\allsolutions\..\sc\components\remoteviewer\smartclient\tst\zsmartclient_unittest\bin\x64\debug\net6.0-windows\zsmartclient_unittest.dll" id="7353773e-46a1-eddc-a4ca-f5b4ae8543b5">
      <TestCategory>
        <TestCategoryItem TestCategory="Managers" />
      </TestCategory>
      <Execution id="a6bf8564-ced1-40b6-97df-157b081cc6a8" />
      <TestMethod codeBase="D:\actions-runner\_work\XPCO\XPCO\AllSolutions\..\SC\Components\RemoteViewer\SmartClient\tst\zSmartClient_UnitTest\bin\x64\Debug\net6.0-windows\zSmartClient_UnitTest.dll" adapterTypeName="executor://mstestadapter/v2" className="SmartClient_UnitTest.VideoOS.RemoteClient.Application.Managers.ExportManagerTests" name="AddSelectedWindowsToExport_ShouldShowCorrectToastMessages" />
    </UnitTest>
    <UnitTest name="GetProductDisplayVersion_ShouldReturnSomething" storage="d:\actions-runner\_work\xpco\xpco\allsolutions\..\sc\components\remoteviewer\smartclient\tst\zsmartclient_unittest\bin\x64\debug\net6.0-windows\zsmartclient_unittest.dll" id="92a9af5f-4b73-82b6-5006-408d1559b096">
      <Execution id="f9450530-c23f-46ff-8744-96ccf78f2a22" />
      <TestMethod codeBase="D:\actions-runner\_work\XPCO\XPCO\AllSolutions\..\SC\Components\RemoteViewer\SmartClient\tst\zSmartClient_UnitTest\bin\x64\Debug\net6.0-windows\zSmartClient_UnitTest.dll" adapterTypeName="executor://mstestadapter/v2" className="SmartClient_UnitTest.VideoOS.RemoteClient.Application.Common.Telemetry.SCTelemetrySpecificsTests" name="GetProductDisplayVersion_ShouldReturnSomething" />
    </UnitTest>
    <UnitTest name="SmartSearchStatusType_ShouldYieldSameValuesForAllEnumValues_WhenRoundTripConverted (SearchCancelled,SearchCancelled)" storage="d:\actions-runner\_work\xpco\xpco\allsolutions\..\sc\components\remoteviewer\smartclient\tst\zsmartclient_unittest\bin\x64\debug\net6.0-windows\zsmartclient_unittest.dll" id="91ffcb1a-560f-f3c6-61e7-9aaab2d982dc">
      <TestCategory>
        <TestCategoryItem TestCategory="RecorderProxyToDtoMapping" />
      </TestCategory>
      <Execution id="ba4359d5-84b8-4e1c-a8a2-e25cec8519e3" />
      <TestMethod codeBase="D:\actions-runner\_work\XPCO\XPCO\AllSolutions\..\SC\Components\RemoteViewer\SmartClient\tst\zSmartClient_UnitTest\bin\x64\Debug\net6.0-windows\zSmartClient_UnitTest.dll" adapterTypeName="executor://mstestadapter/v2" className="VideoOS.Shared.ServerAPI.SOAP.RecorderClientMappingTests" name="SmartSearchStatusType_ShouldYieldSameValuesForAllEnumValues_WhenRoundTripConverted" />
    </UnitTest>
    <UnitTest name="DataTypeTest" storage="d:\actions-runner\_work\xpco\xpco\allsolutions\..\sc\components\remoteviewer\smartclient\tst\zsmartclient_unittest\bin\x64\debug\net6.0-windows\zsmartclient_unittest.dll" id="6ac3daf7-7d17-a19c-0567-b6e3340bf41b">
      <Execution id="40aebf1a-9c22-4dc0-bae8-0bc680741cef" />
      <TestMethod codeBase="D:\actions-runner\_work\XPCO\XPCO\AllSolutions\..\SC\Components\RemoteViewer\SmartClient\tst\zSmartClient_UnitTest\bin\x64\Debug\net6.0-windows\zSmartClient_UnitTest.dll" adapterTypeName="executor://mstestadapter/v2" className="SmartClient_UnitTest.VideoOS.RemoteClient.Application.Data.Configuration.ViewGroupClipboardManagerTest" name="DataTypeTest" />
    </UnitTest>
    <UnitTest name="SearchAction_BrowseMode_30MinutesInThePast" storage="d:\actions-runner\_work\xpco\xpco\allsolutions\..\sc\components\remoteviewer\smartclient\tst\zsmartclient_unittest\bin\x64\debug\net6.0-windows\zsmartclient_unittest.dll" id="5bb54e26-c71e-f619-e4ab-387584c60929">
      <TestCategory>
        <TestCategoryItem TestCategory="ContentHolderToolbar" />
      </TestCategory>
      <Execution id="6f542733-7192-4539-9825-197d483e169c" />
      <TestMethod codeBase="D:\actions-runner\_work\XPCO\XPCO\AllSolutions\..\SC\Components\RemoteViewer\SmartClient\tst\zSmartClient_UnitTest\bin\x64\Debug\net6.0-windows\zSmartClient_UnitTest.dll" adapterTypeName="executor://mstestadapter/v2" className="SmartClient_UnitTest.VideoOS.RemoteClient.Application.Data.ContentHolderToolbar.ToolBarItemSearchTests" name="SearchAction_BrowseMode_30MinutesInThePast" />
    </UnitTest>
    <UnitTest name="UpdateItemState_Hidden_WrongWorkSpaceState" storage="d:\actions-runner\_work\xpco\xpco\allsolutions\..\sc\components\remoteviewer\smartclient\tst\zsmartclient_unittest\bin\x64\debug\net6.0-windows\zsmartclient_unittest.dll" id="d640e950-edb7-4ec2-9af0-4b559a6b67cf">
      <TestCategory>
        <TestCategoryItem TestCategory="ContentHolderToolbar" />
      </TestCategory>
      <Execution id="6c81c67f-b6d0-488c-8275-b8dabd647a05" />
      <TestMethod codeBase="D:\actions-runner\_work\XPCO\XPCO\AllSolutions\..\SC\Components\RemoteViewer\SmartClient\tst\zSmartClient_UnitTest\bin\x64\Debug\net6.0-windows\zSmartClient_UnitTest.dll" adapterTypeName="executor://mstestadapter/v2" className="SmartClient_UnitTest.VideoOS.RemoteClient.Application.Data.ContentHolderToolbar.ToolBarItemSearchTests" name="UpdateItemState_Hidden_WrongWorkSpaceState" />
    </UnitTest>
    <UnitTest name="Unrelated_devices_removed_when_camera_removed" storage="d:\actions-runner\_work\xpco\xpco\allsolutions\..\sc\components\remoteviewer\smartclient\tst\zsmartclient_unittest\bin\x64\debug\net6.0-windows\zsmartclient_unittest.dll" id="62c0f445-e4f5-0b37-109b-e9362caf5a8c">
      <Execution id="2a585503-855b-4e2f-87e7-f439d83ab8e3" />
      <TestMethod codeBase="D:\actions-runner\_work\XPCO\XPCO\AllSolutions\..\SC\Components\RemoteViewer\SmartClient\tst\zSmartClient_UnitTest\bin\x64\Debug\net6.0-windows\zSmartClient_UnitTest.dll" adapterTypeName="executor://mstestadapter/v2" className="SmartClient_UnitTest.VideoOS.RemoteClient.Application.Components.EvidenceLock.EvidenceLockRelatedDeviceTests" name="Unrelated_devices_removed_when_camera_removed" />
    </UnitTest>
    <UnitTest name="Ctor_NoBuiltInGroupsDefined_NoAgentsAdded" storage="d:\actions-runner\_work\xpco\xpco\allsolutions\..\sc\components\remoteviewer\smartclient\tst\zsmartclient_unittest\bin\x64\debug\net6.0-windows\zsmartclient_unittest.dll" id="b6df7e61-5cd3-7534-d237-3d944ef5fa3d">
      <TestCategory>
        <TestCategoryItem TestCategory="ScSearchManager" />
      </TestCategory>
      <Execution id="17081515-a9dc-49b6-93fe-cde7632737ca" />
      <TestMethod codeBase="D:\actions-runner\_work\XPCO\XPCO\AllSolutions\..\SC\Components\RemoteViewer\SmartClient\tst\zSmartClient_UnitTest\bin\x64\Debug\net6.0-windows\zSmartClient_UnitTest.dll" adapterTypeName="executor://mstestadapter/v2" className="SmartClient_UnitTest.VideoOS.RemoteClient.Plugin.CentralizedSearch.MIPPlugin.ScSearchManagerTests" name="Ctor_NoBuiltInGroupsDefined_NoAgentsAdded" />
    </UnitTest>
    <UnitTest name="Compare_SameBeginTimeDeterministicBehavior_HashCode_Success" storage="d:\actions-runner\_work\xpco\xpco\allsolutions\..\sc\components\remoteviewer\smartclient\tst\zsmartclient_unittest\bin\x64\debug\net6.0-windows\zsmartclient_unittest.dll" id="574bf290-6995-ff93-7ee5-b70a6ace7d84">
      <TestCategory>
        <TestCategoryItem TestCategory="SearchComparers" />
      </TestCategory>
      <Execution id="7000348a-f462-4ccd-a667-1bd1ed378575" />
      <TestMethod codeBase="D:\actions-runner\_work\XPCO\XPCO\AllSolutions\..\SC\Components\RemoteViewer\SmartClient\tst\zSmartClient_UnitTest\bin\x64\Debug\net6.0-windows\zSmartClient_UnitTest.dll" adapterTypeName="executor://mstestadapter/v2" className="SmartClient_UnitTest.VideoOS.RemoteClient.Plugin.CentralizedSearch.Models.Wrappers.Comparers.BeginTimeWithPaddingComparerTests" name="Compare_SameBeginTimeDeterministicBehavior_HashCode_Success" />
    </UnitTest>
    <UnitTest name="TestForAssemblyCoverage" storage="d:\actions-runner\_work\xpco\xpco\allsolutions\..\sc\components\remoteviewer\smartclient\tst\zsmartclient_unittest\bin\x64\debug\net6.0-windows\zsmartclient_unittest.dll" id="52f7905c-ef65-6a99-dc3b-01a6a292c041">
      <Execution id="f6c55f47-19cf-4703-9fbd-b9e451eb8c99" />
      <TestMethod codeBase="D:\actions-runner\_work\XPCO\XPCO\AllSolutions\..\SC\Components\RemoteViewer\SmartClient\tst\zSmartClient_UnitTest\bin\x64\Debug\net6.0-windows\zSmartClient_UnitTest.dll" adapterTypeName="executor://mstestadapter/v2" className="SmartClient_UnitTest.VideoOS.CommonUtility.Plugin.UnitTest1" name="TestForAssemblyCoverage" />
    </UnitTest>
    <UnitTest name="AddItemGetClusters_Milestone_ItemIsInCluster" storage="d:\actions-runner\_work\xpco\xpco\allsolutions\..\sc\components\remoteviewer\smartclient\tst\zsmartclient_unittest\bin\x64\debug\net6.0-windows\zsmartclient_unittest.dll" id="60b9be0e-76ba-0ec0-0f7c-3f59c1ff8d12">
      <TestCategory>
        <TestCategoryItem TestCategory="GisMapIndex" />
      </TestCategory>
      <Execution id="bccca2ab-65e0-4d6a-90f0-b59ced499595" />
      <TestMethod codeBase="D:\actions-runner\_work\XPCO\XPCO\AllSolutions\..\SC\Components\RemoteViewer\SmartClient\tst\zSmartClient_UnitTest\bin\x64\Debug\net6.0-windows\zSmartClient_UnitTest.dll" adapterTypeName="executor://mstestadapter/v2" className="SmartClient_UnitTest.VideoOS.RemoteClient.GisMapData.Common.Indexer.BuildingsAwareIndexerTests" name="AddItemGetClusters_Milestone_ItemIsInCluster" />
    </UnitTest>
    <UnitTest name="GetViewGroup_SubGroup_WithMissingGroupsElement" storage="d:\actions-runner\_work\xpco\xpco\allsolutions\..\sc\components\remoteviewer\smartclient\tst\zsmartclient_unittest\bin\x64\debug\net6.0-windows\zsmartclient_unittest.dll" id="ef92f893-79c7-0d51-127f-8470ebdbc768">
      <Execution id="c6f981f4-c9e6-4e8d-bd91-81dab962dabc" />
      <TestMethod codeBase="D:\actions-runner\_work\XPCO\XPCO\AllSolutions\..\SC\Components\RemoteViewer\SmartClient\tst\zSmartClient_UnitTest\bin\x64\Debug\net6.0-windows\zSmartClient_UnitTest.dll" adapterTypeName="executor://mstestadapter/v2" className="SmartClient_UnitTest.VideoOS.Shared.ViewGroupSerializationControllerTests" name="GetViewGroup_SubGroup_WithMissingGroupsElement" />
    </UnitTest>
    <UnitTest name="SearchResultsActionBarActions_EditBookmark_NotEnabled" storage="d:\actions-runner\_work\xpco\xpco\allsolutions\..\sc\components\remoteviewer\smartclient\tst\zsmartclient_unittest\bin\x64\debug\net6.0-windows\zsmartclient_unittest.dll" id="d1148632-27af-a6b6-932c-c9e12abeebb9">
      <TestCategory>
        <TestCategoryItem TestCategory="SearchResultActionBarViewModel" />
      </TestCategory>
      <Execution id="dc1dde5f-2eef-4edc-8f78-43204df94994" />
      <TestMethod codeBase="D:\actions-runner\_work\XPCO\XPCO\AllSolutions\..\SC\Components\RemoteViewer\SmartClient\tst\zSmartClient_UnitTest\bin\x64\Debug\net6.0-windows\zSmartClient_UnitTest.dll" adapterTypeName="executor://mstestadapter/v2" className="SmartClient_UnitTest.VideoOS.RemoteClient.Plugin.CentralizedSearch.ViewModels.SearchResultsActionBarViewModelTest" name="SearchResultsActionBarActions_EditBookmark_NotEnabled" />
    </UnitTest>
    <UnitTest name="MakeId_ShouldGenerateSameId_WhenDefinitionsChangeOrderButResultsAreSame" storage="d:\actions-runner\_work\xpco\xpco\allsolutions\..\sc\components\remoteviewer\smartclient\tst\zsmartclient_unittest\bin\x64\debug\net6.0-windows\zsmartclient_unittest.dll" id="4e8d1cbd-b8ef-6778-0ee2-4c64d9b96b59">
      <TestCategory>
        <TestCategoryItem TestCategory="Search.Wrappers" />
      </TestCategory>
      <Execution id="73e17fee-24bf-4a14-aa56-128fc97fbfbb" />
      <TestMethod codeBase="D:\actions-runner\_work\XPCO\XPCO\AllSolutions\..\SC\Components\RemoteViewer\SmartClient\tst\zSmartClient_UnitTest\bin\x64\Debug\net6.0-windows\zSmartClient_UnitTest.dll" adapterTypeName="executor://mstestadapter/v2" className="SmartClient_UnitTest.VideoOS.RemoteClient.Plugin.CentralizedSearch.Models.Wrappers.SearchResultDataWrapperTests" name="MakeId_ShouldGenerateSameId_WhenDefinitionsChangeOrderButResultsAreSame" />
    </UnitTest>
    <UnitTest name="ValidEncryptionStrengthsForExport_ShouldReturnAllStrengths_WhenLegacyEncryptionEnabledInAppConfigAndFipsDisabled" storage="d:\actions-runner\_work\xpco\xpco\allsolutions\..\sc\components\remoteviewer\smartclient\tst\zsmartclient_unittest\bin\x64\debug\net6.0-windows\zsmartclient_unittest.dll" id="8fb02973-b048-8216-b7ce-b352b4c4fa12">
      <TestCategory>
        <TestCategoryItem TestCategory="Encryption" />
      </TestCategory>
      <Execution id="d326d425-73c0-492d-bb82-f1a998539aa5" />
      <TestMethod codeBase="D:\actions-runner\_work\XPCO\XPCO\AllSolutions\..\SC\Components\RemoteViewer\SmartClient\tst\zSmartClient_UnitTest\bin\x64\Debug\net6.0-windows\zSmartClient_UnitTest.dll" adapterTypeName="executor://mstestadapter/v2" className="SmartClient_UnitTest.VideoOS.RemoteClient.Application.Data.Export.Validation.ValidateEncryptionStrengthTests" name="ValidEncryptionStrengthsForExport_ShouldReturnAllStrengths_WhenLegacyEncryptionEnabledInAppConfigAndFipsDisabled" />
    </UnitTest>
    <UnitTest name="Valid password" storage="d:\actions-runner\_work\xpco\xpco\allsolutions\..\sc\components\remoteviewer\smartclient\tst\zsmartclient_unittest\bin\x64\debug\net6.0-windows\zsmartclient_unittest.dll" id="ec2e4d78-7e33-854f-807c-b8709b69648c">
      <TestCategory>
        <TestCategoryItem TestCategory="Export" />
      </TestCategory>
      <Execution id="c1da0def-58d1-4dd2-83af-8c49a6457e6c" />
      <TestMethod codeBase="D:\actions-runner\_work\XPCO\XPCO\AllSolutions\..\SC\Components\RemoteViewer\SmartClient\tst\zSmartClient_UnitTest\bin\x64\Debug\net6.0-windows\zSmartClient_UnitTest.dll" adapterTypeName="executor://mstestadapter/v2" className="SmartClient_UnitTest.VideoOS.RemoteClient.Plugin.Export.PasswordDialogViewModelTests" name="InitialPassword_ShouldResultInCorrectValidity" />
    </UnitTest>
    <UnitTest name="BoundingBoxRefreshWithData" storage="d:\actions-runner\_work\xpco\xpco\allsolutions\..\sc\components\remoteviewer\smartclient\tst\zsmartclient_unittest\bin\x64\debug\net6.0-windows\zsmartclient_unittest.dll" id="1b048c4f-8dd0-574f-1458-26bf1df29b58">
      <Execution id="5cc04aae-95a9-484e-a8d3-2a402334f86d" />
      <TestMethod codeBase="D:\actions-runner\_work\XPCO\XPCO\AllSolutions\..\SC\Components\RemoteViewer\SmartClient\tst\zSmartClient_UnitTest\bin\x64\Debug\net6.0-windows\zSmartClient_UnitTest.dll" adapterTypeName="executor://mstestadapter/v2" className="SmartClient_UnitTest.VideoOS.RemoteClient.Application.Data.Metadata.BoundingBoxes.BoundingBoxProviderTest" name="BoundingBoxRefreshWithData" />
    </UnitTest>
    <UnitTest name="GisMapModel_DeleteBuildings_Success" storage="d:\actions-runner\_work\xpco\xpco\allsolutions\..\sc\components\remoteviewer\smartclient\tst\zsmartclient_unittest\bin\x64\debug\net6.0-windows\zsmartclient_unittest.dll" id="10a72da7-6e6a-e08f-6884-b1f500f16a56">
      <TestCategory>
        <TestCategoryItem TestCategory="GisMapBuilding" />
      </TestCategory>
      <Execution id="d87b5a5f-499d-4619-9543-7204bd59e803" />
      <TestMethod codeBase="D:\actions-runner\_work\XPCO\XPCO\AllSolutions\..\SC\Components\RemoteViewer\SmartClient\tst\zSmartClient_UnitTest\bin\x64\Debug\net6.0-windows\zSmartClient_UnitTest.dll" adapterTypeName="executor://mstestadapter/v2" className="SmartClient_UnitTest.VideoOS.RemoteClient.GisMap.MapLayers.GisMapLayerTests" name="GisMapModel_DeleteBuildings_Success" />
    </UnitTest>
    <UnitTest name="GetMapLayerArguments_ShouldReturnIGisMapModelAndAlarmsObservables_WhenCalled" storage="d:\actions-runner\_work\xpco\xpco\allsolutions\..\sc\components\remoteviewer\smartclient\tst\zsmartclient_unittest\bin\x64\debug\net6.0-windows\zsmartclient_unittest.dll" id="6816708f-fdf2-3222-9491-91819f8c817b">
      <Execution id="7f1384dc-a2f4-4a60-b9ac-533472a0f5f4" />
      <TestMethod codeBase="D:\actions-runner\_work\XPCO\XPCO\AllSolutions\..\SC\Components\RemoteViewer\SmartClient\tst\zSmartClient_UnitTest\bin\x64\Debug\net6.0-windows\zSmartClient_UnitTest.dll" adapterTypeName="executor://mstestadapter/v2" className="SmartClient_UnitTest.VideoOS.RemoteClient.GisMapData.Strategies.MapLayers.InputMapLayerDatagramClassFactoryStrategyTests" name="GetMapLayerArguments_ShouldReturnIGisMapModelAndAlarmsObservables_WhenCalled" />
    </UnitTest>
    <UnitTest name="AddSelectedWindowsToExport_ShouldShowCorrectToastMessages (0,0,1)" storage="d:\actions-runner\_work\xpco\xpco\allsolutions\..\sc\components\remoteviewer\smartclient\tst\zsmartclient_unittest\bin\x64\debug\net6.0-windows\zsmartclient_unittest.dll" id="d2076066-545c-8d0e-4e0a-900f85db5e1f">
      <TestCategory>
        <TestCategoryItem TestCategory="Managers" />
      </TestCategory>
      <Execution id="0e2c46fa-2b8d-436d-9e66-e0b6ffe2d2e5" />
      <TestMethod codeBase="D:\actions-runner\_work\XPCO\XPCO\AllSolutions\..\SC\Components\RemoteViewer\SmartClient\tst\zSmartClient_UnitTest\bin\x64\Debug\net6.0-windows\zSmartClient_UnitTest.dll" adapterTypeName="executor://mstestadapter/v2" className="SmartClient_UnitTest.VideoOS.RemoteClient.Application.Managers.ExportManagerTests" name="AddSelectedWindowsToExport_ShouldShowCorrectToastMessages" />
    </UnitTest>
    <UnitTest name="SetItemOutlines_OutlinesNull_Success" storage="d:\actions-runner\_work\xpco\xpco\allsolutions\..\sc\components\remoteviewer\smartclient\tst\zsmartclient_unittest\bin\x64\debug\net6.0-windows\zsmartclient_unittest.dll" id="f959810f-2600-c7c3-3e3a-8928298ba128">
      <TestCategory>
        <TestCategoryItem TestCategory="GisMap.GisMapViewFacade" />
      </TestCategory>
      <Execution id="b8287654-6b9b-464f-8f28-eda805012630" />
      <TestMethod codeBase="D:\actions-runner\_work\XPCO\XPCO\AllSolutions\..\SC\Components\RemoteViewer\SmartClient\tst\zSmartClient_UnitTest\bin\x64\Debug\net6.0-windows\zSmartClient_UnitTest.dll" adapterTypeName="executor://mstestadapter/v2" className="SmartClient_UnitTest.VideoOS.RemoteClient.Plugin.GisMap.IoC.GisMapViewFacadeTests" name="SetItemOutlines_OutlinesNull_Success" />
    </UnitTest>
    <UnitTest name="GetLayerVisibilityItemsData_ShouldRenameViewZoneLayer_WhenDeviceLayersAreProvided" storage="d:\actions-runner\_work\xpco\xpco\allsolutions\..\sc\components\remoteviewer\smartclient\tst\zsmartclient_unittest\bin\x64\debug\net6.0-windows\zsmartclient_unittest.dll" id="7800ded3-3f95-f40a-3aae-7b7a07c1c0ae">
      <TestCategory>
        <TestCategoryItem TestCategory="GisMap.DefaultFixedLayerManagerStrategyTests" />
      </TestCategory>
      <Execution id="06a08550-1d5d-46fc-9f08-98ce3559ed3f" />
      <TestMethod codeBase="D:\actions-runner\_work\XPCO\XPCO\AllSolutions\..\SC\Components\RemoteViewer\SmartClient\tst\zSmartClient_UnitTest\bin\x64\Debug\net6.0-windows\zSmartClient_UnitTest.dll" adapterTypeName="executor://mstestadapter/v2" className="SmartClient_UnitTest.VideoOS.RemoteClient.Plugin.GisMap.ViewModels.LayersVisibility.FixedLayers.DefaultFixedLayerManagerStrategyTests" name="GetLayerVisibilityItemsData_ShouldRenameViewZoneLayer_WhenDeviceLayersAreProvided" />
    </UnitTest>
    <UnitTest name="BuildContentOptions_ShouldReturnInternalTab (00000000-0000-0000-0000-000000000000,False)" storage="d:\actions-runner\_work\xpco\xpco\allsolutions\..\sc\components\remoteviewer\smartclient\tst\zsmartclient_unittest\bin\x64\debug\net6.0-windows\zsmartclient_unittest.dll" id="aeb3ec96-26ad-062b-455a-de324c4a715b">
      <Execution id="a2f4f38c-2e09-40dc-b698-d87dc3dcc7c4" />
      <TestMethod codeBase="D:\actions-runner\_work\XPCO\XPCO\AllSolutions\..\SC\Components\RemoteViewer\SmartClient\tst\zSmartClient_UnitTest\bin\x64\Debug\net6.0-windows\zSmartClient_UnitTest.dll" adapterTypeName="executor://mstestadapter/v2" className="SmartClient_UnitTest.VideoOS.RemoteClient.Application.Common.Telemetry.TelemetryBuilderTests" name="BuildContentOptions_ShouldReturnInternalTab" />
    </UnitTest>
    <UnitTest name="AddCriteriaCommand_AddCriteriaCommand_InEditSearchDefinitionCorrect" storage="d:\actions-runner\_work\xpco\xpco\allsolutions\..\sc\components\remoteviewer\smartclient\tst\zsmartclient_unittest\bin\x64\debug\net6.0-windows\zsmartclient_unittest.dll" id="fb699dcc-5e5e-47d1-e653-08665478eed9">
      <TestCategory>
        <TestCategoryItem TestCategory="SearchViewModels" />
      </TestCategory>
      <Execution id="a8984ecc-e22a-428f-8dbb-e96f5a3acc52" />
      <TestMethod codeBase="D:\actions-runner\_work\XPCO\XPCO\AllSolutions\..\SC\Components\RemoteViewer\SmartClient\tst\zSmartClient_UnitTest\bin\x64\Debug\net6.0-windows\zSmartClient_UnitTest.dll" adapterTypeName="executor://mstestadapter/v2" className="SmartClient_UnitTest.VideoOS.RemoteClient.Plugin.CentralizedSearch.ViewModels.SearchViewModelTests" name="AddCriteriaCommand_AddCriteriaCommand_InEditSearchDefinitionCorrect" />
    </UnitTest>
    <UnitTest name="AddSelectedWindowsToExport_ShouldShowCorrectToastMessages (5,0,0)" storage="d:\actions-runner\_work\xpco\xpco\allsolutions\..\sc\components\remoteviewer\smartclient\tst\zsmartclient_unittest\bin\x64\debug\net6.0-windows\zsmartclient_unittest.dll" id="a1d9d132-2e0d-40a7-b61c-5ad666efa8c0">
      <TestCategory>
        <TestCategoryItem TestCategory="Managers" />
      </TestCategory>
      <Execution id="95f074e4-7a5a-4e72-97b7-81ddb1bf2158" />
      <TestMethod codeBase="D:\actions-runner\_work\XPCO\XPCO\AllSolutions\..\SC\Components\RemoteViewer\SmartClient\tst\zSmartClient_UnitTest\bin\x64\Debug\net6.0-windows\zSmartClient_UnitTest.dll" adapterTypeName="executor://mstestadapter/v2" className="SmartClient_UnitTest.VideoOS.RemoteClient.Application.Managers.ExportManagerTests" name="AddSelectedWindowsToExport_ShouldShowCorrectToastMessages" />
    </UnitTest>
    <UnitTest name="IsProcessing_CancelWhileUnprocessedItems_Success" storage="d:\actions-runner\_work\xpco\xpco\allsolutions\..\sc\components\remoteviewer\smartclient\tst\zsmartclient_unittest\bin\x64\debug\net6.0-windows\zsmartclient_unittest.dll" id="8b851834-9d1b-52ee-4c1e-eca26c60010d">
      <TestCategory>
        <TestCategoryItem TestCategory="SearchResultsPreprocessor" />
      </TestCategory>
      <Execution id="1beecfcf-b2eb-4e78-b30d-48c2d14a2c17" />
      <TestMethod codeBase="D:\actions-runner\_work\XPCO\XPCO\AllSolutions\..\SC\Components\RemoteViewer\SmartClient\tst\zSmartClient_UnitTest\bin\x64\Debug\net6.0-windows\zSmartClient_UnitTest.dll" adapterTypeName="executor://mstestadapter/v2" className="SmartClient_UnitTest.VideoOS.RemoteClient.Plugin.CentralizedSearch.Models.SearchResultsPreprocessorTests" name="IsProcessing_CancelWhileUnprocessedItems_Success" />
    </UnitTest>
    <UnitTest name="Convert_ShouldRaiseInvalidCastException_WhenParameterIsNotAnArrayOfInteractionState" storage="d:\actions-runner\_work\xpco\xpco\allsolutions\..\sc\components\remoteviewer\smartclient\tst\zsmartclient_unittest\bin\x64\debug\net6.0-windows\zsmartclient_unittest.dll" id="842bf4ca-6371-3a8a-228b-d721ac1b9eb1">
      <TestCategory>
        <TestCategoryItem TestCategory="GisMap.InteractionStateConverter" />
      </TestCategory>
      <Execution id="5bc20c0b-02df-43b1-a2f0-3e4ed0c29870" />
      <TestMethod codeBase="D:\actions-runner\_work\XPCO\XPCO\AllSolutions\..\SC\Components\RemoteViewer\SmartClient\tst\zSmartClient_UnitTest\bin\x64\Debug\net6.0-windows\zSmartClient_UnitTest.dll" adapterTypeName="executor://mstestadapter/v2" className="SmartClient_UnitTest.VideoOS.RemoteClient.Plugin.GisMap.View.InteractionStateConverterTests" name="Convert_ShouldRaiseInvalidCastException_WhenParameterIsNotAnArrayOfInteractionState" />
    </UnitTest>
    <UnitTest name="ChangeSorting_UnknownSortResultsBy_Success" storage="d:\actions-runner\_work\xpco\xpco\allsolutions\..\sc\components\remoteviewer\smartclient\tst\zsmartclient_unittest\bin\x64\debug\net6.0-windows\zsmartclient_unittest.dll" id="c64dde4b-44bc-09e7-e376-39c843a2f827">
      <TestCategory>
        <TestCategoryItem TestCategory="SearchViewModels" />
      </TestCategory>
      <Execution id="c7cc8a18-f7d5-417f-9a90-deee25afefce" />
      <TestMethod codeBase="D:\actions-runner\_work\XPCO\XPCO\AllSolutions\..\SC\Components\RemoteViewer\SmartClient\tst\zSmartClient_UnitTest\bin\x64\Debug\net6.0-windows\zSmartClient_UnitTest.dll" adapterTypeName="executor://mstestadapter/v2" className="SmartClient_UnitTest.VideoOS.RemoteClient.Plugin.CentralizedSearch.ViewModels.SearchViewModelTests" name="ChangeSorting_UnknownSortResultsBy_Success" />
    </UnitTest>
    <UnitTest name="CreateDefinition_OneFiltersInCategory_OneFilterValuesAddedToSearchCriteria" storage="d:\actions-runner\_work\xpco\xpco\allsolutions\..\sc\components\remoteviewer\smartclient\tst\zsmartclient_unittest\bin\x64\debug\net6.0-windows\zsmartclient_unittest.dll" id="c6fc9995-4feb-7741-7b1f-15f47389f965">
      <TestCategory>
        <TestCategoryItem TestCategory="SearchModels" />
      </TestCategory>
      <Execution id="dd29b9cd-28f7-4696-b9f7-c38cfbfcc1c8" />
      <TestMethod codeBase="D:\actions-runner\_work\XPCO\XPCO\AllSolutions\..\SC\Components\RemoteViewer\SmartClient\tst\zSmartClient_UnitTest\bin\x64\Debug\net6.0-windows\zSmartClient_UnitTest.dll" adapterTypeName="executor://mstestadapter/v2" className="SmartClient_UnitTest.VideoOS.RemoteClient.Plugin.CentralizedSearch.Models.SearchModelTests" name="CreateDefinition_OneFiltersInCategory_OneFilterValuesAddedToSearchCriteria" />
    </UnitTest>
    <UnitTest name="TryGetEventServerIdByACSystemId_ShouldReturnTrue_WhenEventServerIdIsPartOfServerConfiguredAccessControlSystemsDictionary" storage="d:\actions-runner\_work\xpco\xpco\allsolutions\..\sc\components\remoteviewer\smartclient\tst\zsmartclient_unittest\bin\x64\debug\net6.0-windows\zsmartclient_unittest.dll" id="4fbe1405-2b3d-d3ff-a663-0a6e5d9aa972">
      <TestCategory>
        <TestCategoryItem TestCategory="AccessControl" />
      </TestCategory>
      <Execution id="877eff72-eeda-46b9-9898-465dca8680d2" />
      <TestMethod codeBase="D:\actions-runner\_work\XPCO\XPCO\AllSolutions\..\SC\Components\RemoteViewer\SmartClient\tst\zSmartClient_UnitTest\bin\x64\Debug\net6.0-windows\zSmartClient_UnitTest.dll" adapterTypeName="executor://mstestadapter/v2" className="SmartClient_UnitTest.VideoOS.RemoteClient.AccessControl.AccessControlLoginInfoTests" name="TryGetEventServerIdByACSystemId_ShouldReturnTrue_WhenEventServerIdIsPartOfServerConfiguredAccessControlSystemsDictionary" />
    </UnitTest>
    <UnitTest name="SearchDefinitionCountSet_SameValue_NoEventFired" storage="d:\actions-runner\_work\xpco\xpco\allsolutions\..\sc\components\remoteviewer\smartclient\tst\zsmartclient_unittest\bin\x64\debug\net6.0-windows\zsmartclient_unittest.dll" id="7ca40658-07ed-4fea-d08c-7887f7c6e388">
      <TestCategory>
        <TestCategoryItem TestCategory="SearchResultsPreprocessor" />
      </TestCategory>
      <Execution id="45be221e-a0ad-4e67-a748-3f0d952f6f01" />
      <TestMethod codeBase="D:\actions-runner\_work\XPCO\XPCO\AllSolutions\..\SC\Components\RemoteViewer\SmartClient\tst\zSmartClient_UnitTest\bin\x64\Debug\net6.0-windows\zSmartClient_UnitTest.dll" adapterTypeName="executor://mstestadapter/v2" className="SmartClient_UnitTest.VideoOS.RemoteClient.Plugin.CentralizedSearch.Models.SearchResultsPreprocessorTests" name="SearchDefinitionCountSet_SameValue_NoEventFired" />
    </UnitTest>
    <UnitTest name="BindingModelTitle_Matches_PluginInstanceTitle" storage="d:\actions-runner\_work\xpco\xpco\allsolutions\..\sc\components\remoteviewer\smartclient\tst\zsmartclient_unittest\bin\x64\debug\net6.0-windows\zsmartclient_unittest.dll" id="478d0236-e1c2-77c9-69c0-a72f12637e60">
      <TestCategory>
        <TestCategoryItem TestCategory="WorkspaceToolbar" />
      </TestCategory>
      <Execution id="2d9771a8-2200-4e3e-9788-529cadea5218" />
      <TestMethod codeBase="D:\actions-runner\_work\XPCO\XPCO\AllSolutions\..\SC\Components\RemoteViewer\SmartClient\tst\zSmartClient_UnitTest\bin\x64\Debug\net6.0-windows\zSmartClient_UnitTest.dll" adapterTypeName="executor://mstestadapter/v2" className="SmartClient_UnitTest.VideoOS.RemoteClient.Application.Data.WorkspaceToolbar.WorkspaceToolbarItemMipPluginTests" name="BindingModelTitle_Matches_PluginInstanceTitle" />
    </UnitTest>
    <UnitTest name="ShowAccessControlSystems_ShouldReturnFalse_WhenNoACSystemsAvailable" storage="d:\actions-runner\_work\xpco\xpco\allsolutions\..\sc\components\remoteviewer\smartclient\tst\zsmartclient_unittest\bin\x64\debug\net6.0-windows\zsmartclient_unittest.dll" id="cfda1da7-2899-4bbe-17b2-c69d57b6f85d">
      <Execution id="64f73396-7a2d-42a2-b512-97a5ab9dd9da" />
      <TestMethod codeBase="D:\actions-runner\_work\XPCO\XPCO\AllSolutions\..\SC\Components\RemoteViewer\SmartClient\tst\zSmartClient_UnitTest\bin\x64\Debug\net6.0-windows\zSmartClient_UnitTest.dll" adapterTypeName="executor://mstestadapter/v2" className="SmartClient_UnitTest.VideoOS.RemoteClient.AccessControl.ViewModel.CardholdersTabViewModelTests" name="ShowAccessControlSystems_ShouldReturnFalse_WhenNoACSystemsAvailable" />
    </UnitTest>
    <UnitTest name="Combine_Guids_Succeded" storage="d:\actions-runner\_work\xpco\xpco\allsolutions\..\sc\components\remoteviewer\smartclient\tst\zsmartclient_unittest\bin\x64\debug\net6.0-windows\zsmartclient_unittest.dll" id="f92d7d34-ac45-0e70-f396-9fcde6a3e066">
      <TestCategory>
        <TestCategoryItem TestCategory="GisMap" />
      </TestCategory>
      <Execution id="f6e9b041-31c2-4397-9414-c9c8bf205a6c" />
      <TestMethod codeBase="D:\actions-runner\_work\XPCO\XPCO\AllSolutions\..\SC\Components\RemoteViewer\SmartClient\tst\zSmartClient_UnitTest\bin\x64\Debug\net6.0-windows\zSmartClient_UnitTest.dll" adapterTypeName="executor://mstestadapter/v2" className="SmartClient_UnitTest.VideoOS.RemoteClient.GisMap.MapLayers.GuidAsBinTests" name="Combine_Guids_Succeded" />
    </UnitTest>
    <UnitTest name="PtzInfoViewModel_PtzReservedByAnonymousOtherUserTest" storage="d:\actions-runner\_work\xpco\xpco\allsolutions\..\sc\components\remoteviewer\smartclient\tst\zsmartclient_unittest\bin\x64\debug\net6.0-windows\zsmartclient_unittest.dll" id="75b7a6d2-cb73-668d-0435-045642c36b2f">
      <Execution id="f8164ac1-0d34-452d-a451-75a8cdc1dbbc" />
      <TestMethod codeBase="D:\actions-runner\_work\XPCO\XPCO\AllSolutions\..\SC\Components\RemoteViewer\SmartClient\tst\zSmartClient_UnitTest\bin\x64\Debug\net6.0-windows\zSmartClient_UnitTest.dll" adapterTypeName="executor://mstestadapter/v2" className="SmartClient_UnitTest.VideoOS.RemoteClient.Plugin.Map.WPFObjects.PtzInfoViewModelUnitTest" name="PtzInfoViewModel_PtzReservedByAnonymousOtherUserTest" />
    </UnitTest>
    <UnitTest name="PatrollingStepViewModel_Constructor_Success" storage="d:\actions-runner\_work\xpco\xpco\allsolutions\..\sc\components\remoteviewer\smartclient\tst\zsmartclient_unittest\bin\x64\debug\net6.0-windows\zsmartclient_unittest.dll" id="058170fd-69e2-a7d3-64d2-1a307243ea90">
      <Execution id="c730c760-dd79-44b0-aa77-4fb6af9791c1" />
      <TestMethod codeBase="D:\actions-runner\_work\XPCO\XPCO\AllSolutions\..\SC\Components\RemoteViewer\SmartClient\tst\zSmartClient_UnitTest\bin\x64\Debug\net6.0-windows\zSmartClient_UnitTest.dll" adapterTypeName="executor://mstestadapter/v2" className="SmartClient_UnitTest.VideoOS.RemoteClient.Application.UI.PtzPreset.PatrollingViewModel.PatrollingStepViewModelTest" name="PatrollingStepViewModel_Constructor_Success" />
    </UnitTest>
    <UnitTest name="ToDenormalizedDirection_0_50" storage="d:\actions-runner\_work\xpco\xpco\allsolutions\..\sc\components\remoteviewer\smartclient\tst\zsmartclient_unittest\bin\x64\debug\net6.0-windows\zsmartclient_unittest.dll" id="edafcc43-4593-3e69-06bb-d94b360979cb">
      <TestCategory>
        <TestCategoryItem TestCategory="GisMap" />
      </TestCategory>
      <Execution id="fb6ddf7a-5263-45ff-9f9e-ba68e390dc0f" />
      <TestMethod codeBase="D:\actions-runner\_work\XPCO\XPCO\AllSolutions\..\SC\Components\RemoteViewer\SmartClient\tst\zSmartClient_UnitTest\bin\x64\Debug\net6.0-windows\zSmartClient_UnitTest.dll" adapterTypeName="executor://mstestadapter/v2" className="SmartClient_UnitTest.VideoOS.RemoteClient.GisMap.Utilities.GisUtilityTests" name="ToDenormalizedDirection_0_50" />
    </UnitTest>
    <UnitTest name="SetMapItemCluster_ShouldClearIcon_WhenSuperCluster" storage="d:\actions-runner\_work\xpco\xpco\allsolutions\..\sc\components\remoteviewer\smartclient\tst\zsmartclient_unittest\bin\x64\debug\net6.0-windows\zsmartclient_unittest.dll" id="048d6a52-6981-f00b-b420-3b6a2fb00ce8">
      <TestCategory>
        <TestCategoryItem TestCategory="GisMap.ClusterMarkerTests" />
      </TestCategory>
      <Execution id="eed6ba39-11ff-449d-8118-9e5dcd4e1a31" />
      <TestMethod codeBase="D:\actions-runner\_work\XPCO\XPCO\AllSolutions\..\SC\Components\RemoteViewer\SmartClient\tst\zSmartClient_UnitTest\bin\x64\Debug\net6.0-windows\zSmartClient_UnitTest.dll" adapterTypeName="executor://mstestadapter/v2" className="SmartClient_UnitTest.VideoOS.RemoteClient.Plugin.GisMap.ThinkGeoMap.Markers.DeviceMarkers.ClusterMarker.ClusterMarkerTests" name="SetMapItemCluster_ShouldClearIcon_WhenSuperCluster" />
    </UnitTest>
    <UnitTest name="HandleGetLayerFeatures_ShouldRaiseArgumentException_WhenNotInputKind" storage="d:\actions-runner\_work\xpco\xpco\allsolutions\..\sc\components\remoteviewer\smartclient\tst\zsmartclient_unittest\bin\x64\debug\net6.0-windows\zsmartclient_unittest.dll" id="9a284a1d-156e-907f-d45e-bf23dce7a8b2">
      <TestCategory>
        <TestCategoryItem TestCategory="GisMapData.Handlers.LayerFeatures" />
      </TestCategory>
      <Execution id="4faea90b-509a-445d-ac14-785f41280ca2" />
      <TestMethod codeBase="D:\actions-runner\_work\XPCO\XPCO\AllSolutions\..\SC\Components\RemoteViewer\SmartClient\tst\zSmartClient_UnitTest\bin\x64\Debug\net6.0-windows\zSmartClient_UnitTest.dll" adapterTypeName="executor://mstestadapter/v2" className="SmartClient_UnitTest.VideoOS.RemoteClient.GisMapData.Handlers.LayerFeatures.InputLayerFeaturesHandlerTests" name="HandleGetLayerFeatures_ShouldRaiseArgumentException_WhenNotInputKind" />
    </UnitTest>
    <UnitTest name="Serialize_ShouldSerializeCombineType_WhenPresentInData" storage="d:\actions-runner\_work\xpco\xpco\allsolutions\..\sc\components\remoteviewer\smartclient\tst\zsmartclient_unittest\bin\x64\debug\net6.0-windows\zsmartclient_unittest.dll" id="9db4bf7e-3e99-c9d1-0a71-7ee3bc093993">
      <TestCategory>
        <TestCategoryItem TestCategory="SearchSerialization" />
      </TestCategory>
      <Execution id="9057049d-6ce8-4224-9fce-4b72f0c2653b" />
      <TestMethod codeBase="D:\actions-runner\_work\XPCO\XPCO\AllSolutions\..\SC\Components\RemoteViewer\SmartClient\tst\zSmartClient_UnitTest\bin\x64\Debug\net6.0-windows\zSmartClient_UnitTest.dll" adapterTypeName="executor://mstestadapter/v2" className="SmartClient_UnitTest.VideoOS.RemoteClient.Plugin.CentralizedSearch.Models.Serialization.SearchSerializerTests" name="Serialize_ShouldSerializeCombineType_WhenPresentInData" />
    </UnitTest>
    <UnitTest name="NavigateAndSelectAsync_ZoomOut_ReCenterCommandEnabled" storage="d:\actions-runner\_work\xpco\xpco\allsolutions\..\sc\components\remoteviewer\smartclient\tst\zsmartclient_unittest\bin\x64\debug\net6.0-windows\zsmartclient_unittest.dll" id="820765dc-029b-30df-a6e4-7e3395cecf69">
      <TestCategory>
        <TestCategoryItem TestCategory="GisMap.GisMapViewModel" />
      </TestCategory>
      <Execution id="940dff6d-4b1d-4322-a0f0-53f3fb65fb63" />
      <TestMethod codeBase="D:\actions-runner\_work\XPCO\XPCO\AllSolutions\..\SC\Components\RemoteViewer\SmartClient\tst\zSmartClient_UnitTest\bin\x64\Debug\net6.0-windows\zSmartClient_UnitTest.dll" adapterTypeName="executor://mstestadapter/v2" className="SmartClient_UnitTest.VideoOS.RemoteClient.Plugin.GisMap.ViewModels.GisMapViewModelTests" name="NavigateAndSelectAsync_ZoomOut_ReCenterCommandEnabled" />
    </UnitTest>
    <UnitTest name="DeleteMapItems_ShouldReturnFalse_WhenItemListIsNullOrEmpty" storage="d:\actions-runner\_work\xpco\xpco\allsolutions\..\sc\components\remoteviewer\smartclient\tst\zsmartclient_unittest\bin\x64\debug\net6.0-windows\zsmartclient_unittest.dll" id="3a461286-4d9a-bb6f-bf27-81b491059d6a">
      <TestCategory>
        <TestCategoryItem TestCategory="GisMapModelController" />
      </TestCategory>
      <Execution id="e262f36c-cc71-4c8a-ad15-f520a0e2ced3" />
      <TestMethod codeBase="D:\actions-runner\_work\XPCO\XPCO\AllSolutions\..\SC\Components\RemoteViewer\SmartClient\tst\zSmartClient_UnitTest\bin\x64\Debug\net6.0-windows\zSmartClient_UnitTest.dll" adapterTypeName="executor://mstestadapter/v2" className="SmartClient_UnitTest.VideoOS.RemoteClient.GisMapData.GisMapModelControllerTests" name="DeleteMapItems_ShouldReturnFalse_WhenItemListIsNullOrEmpty" />
    </UnitTest>
    <UnitTest name="TimeToStringConverter_Convert_InvalidParameter_ReturnUnsetValue" storage="d:\actions-runner\_work\xpco\xpco\allsolutions\..\sc\components\remoteviewer\smartclient\tst\zsmartclient_unittest\bin\x64\debug\net6.0-windows\zsmartclient_unittest.dll" id="4037f8f9-6ca0-fb62-ee52-1ab0cb3db5fb">
      <TestCategory>
        <TestCategoryItem TestCategory="SearchConverter" />
      </TestCategory>
      <Execution id="15c994b1-c5b1-42ad-a44f-4804986402a3" />
      <TestMethod codeBase="D:\actions-runner\_work\XPCO\XPCO\AllSolutions\..\SC\Components\RemoteViewer\SmartClient\tst\zSmartClient_UnitTest\bin\x64\Debug\net6.0-windows\zSmartClient_UnitTest.dll" adapterTypeName="executor://mstestadapter/v2" className="SmartClient_UnitTest.VideoOS.RemoteClient.Plugin.CentralizedSearch.Views.Converters.TimeToStringConverterTests" name="TimeToStringConverter_Convert_InvalidParameter_ReturnUnsetValue" />
    </UnitTest>
    <UnitTest name="PatrollingProfileListViewModel_ResolvePresetName_Update_Name" storage="d:\actions-runner\_work\xpco\xpco\allsolutions\..\sc\components\remoteviewer\smartclient\tst\zsmartclient_unittest\bin\x64\debug\net6.0-windows\zsmartclient_unittest.dll" id="d99b4f5e-d723-6b95-fc42-5b32d4349edc">
      <Execution id="21397c12-f641-48de-9cbe-c46bd1a9cecd" />
      <TestMethod codeBase="D:\actions-runner\_work\XPCO\XPCO\AllSolutions\..\SC\Components\RemoteViewer\SmartClient\tst\zSmartClient_UnitTest\bin\x64\Debug\net6.0-windows\zSmartClient_UnitTest.dll" adapterTypeName="executor://mstestadapter/v2" className="SmartClient_UnitTest.VideoOS.RemoteClient.Application.UI.PtzPreset.PatrollingViewModel.PatrollingProfileListViewModelTest" name="PatrollingProfileListViewModel_ResolvePresetName_Update_Name" />
    </UnitTest>
    <UnitTest name="GetLayerFeatures_ShouldReturnCameraLayerFeatures_WhenCameraKind" storage="d:\actions-runner\_work\xpco\xpco\allsolutions\..\sc\components\remoteviewer\smartclient\tst\zsmartclient_unittest\bin\x64\debug\net6.0-windows\zsmartclient_unittest.dll" id="cb536c37-af93-5a21-739a-c12d45516012">
      <TestCategory>
        <TestCategoryItem TestCategory="GisMapData.Controllers.LayerFeatures" />
      </TestCategory>
      <Execution id="10f82fc3-cda3-4dbf-915b-491c299bfb28" />
      <TestMethod codeBase="D:\actions-runner\_work\XPCO\XPCO\AllSolutions\..\SC\Components\RemoteViewer\SmartClient\tst\zSmartClient_UnitTest\bin\x64\Debug\net6.0-windows\zSmartClient_UnitTest.dll" adapterTypeName="executor://mstestadapter/v2" className="SmartClient_UnitTest.VideoOS.RemoteClient.GisMapData.Controllers.LayerFeatures.LayerFeaturesControllerTests" name="GetLayerFeatures_ShouldReturnCameraLayerFeatures_WhenCameraKind" />
    </UnitTest>
    <UnitTest name="SearchAction_Carrousel_PlaybackMode" storage="d:\actions-runner\_work\xpco\xpco\allsolutions\..\sc\components\remoteviewer\smartclient\tst\zsmartclient_unittest\bin\x64\debug\net6.0-windows\zsmartclient_unittest.dll" id="9c9fd855-69d4-9918-84e1-a8e0fcc2b097">
      <TestCategory>
        <TestCategoryItem TestCategory="WorkspaceToolbar" />
      </TestCategory>
      <Execution id="b7d61858-a625-4924-8006-766534b1c91c" />
      <TestMethod codeBase="D:\actions-runner\_work\XPCO\XPCO\AllSolutions\..\SC\Components\RemoteViewer\SmartClient\tst\zSmartClient_UnitTest\bin\x64\Debug\net6.0-windows\zSmartClient_UnitTest.dll" adapterTypeName="executor://mstestadapter/v2" className="SmartClient_UnitTest.VideoOS.RemoteClient.Application.Data.WorkspaceToolbar.WorkspaceToolbarItemSmartSearchTests" name="SearchAction_Carrousel_PlaybackMode" />
    </UnitTest>
    <UnitTest name="ValueWithFallbackConverterTests_Convert_FirstValueNull_SecondValueNotNull_Success" storage="d:\actions-runner\_work\xpco\xpco\allsolutions\..\sc\components\remoteviewer\smartclient\tst\zsmartclient_unittest\bin\x64\debug\net6.0-windows\zsmartclient_unittest.dll" id="cfadad16-7fef-9797-8a05-f69be03fa506">
      <TestCategory>
        <TestCategoryItem TestCategory="SearchConverter" />
      </TestCategory>
      <Execution id="cf8f9c03-ee43-4f0a-8836-372dab834745" />
      <TestMethod codeBase="D:\actions-runner\_work\XPCO\XPCO\AllSolutions\..\SC\Components\RemoteViewer\SmartClient\tst\zSmartClient_UnitTest\bin\x64\Debug\net6.0-windows\zSmartClient_UnitTest.dll" adapterTypeName="executor://mstestadapter/v2" className="SmartClient_UnitTest.VideoOS.RemoteClient.Plugin.CentralizedSearch.Views.Converters.ValueWithFallbackConverterTests" name="ValueWithFallbackConverterTests_Convert_FirstValueNull_SecondValueNotNull_Success" />
    </UnitTest>
    <UnitTest name="DateToStringConverter_Convert_NullParameter_ReturnUnsetValue" storage="d:\actions-runner\_work\xpco\xpco\allsolutions\..\sc\components\remoteviewer\smartclient\tst\zsmartclient_unittest\bin\x64\debug\net6.0-windows\zsmartclient_unittest.dll" id="9f0f6d30-f426-c7af-d9b6-15317c05ddf1">
      <TestCategory>
        <TestCategoryItem TestCategory="SearchConverter" />
      </TestCategory>
      <Execution id="ab6f4dca-acc4-41a2-8d26-402fbc7fc7c7" />
      <TestMethod codeBase="D:\actions-runner\_work\XPCO\XPCO\AllSolutions\..\SC\Components\RemoteViewer\SmartClient\tst\zSmartClient_UnitTest\bin\x64\Debug\net6.0-windows\zSmartClient_UnitTest.dll" adapterTypeName="executor://mstestadapter/v2" className="SmartClient_UnitTest.VideoOS.RemoteClient.Plugin.CentralizedSearch.Views.Converters.DateToStringConverterTests" name="DateToStringConverter_Convert_NullParameter_ReturnUnsetValue" />
    </UnitTest>
    <UnitTest name="UpdateScope_ToTimeChangedWithNullScopeDuration_ReturnsTrue" storage="d:\actions-runner\_work\xpco\xpco\allsolutions\..\sc\components\remoteviewer\smartclient\tst\zsmartclient_unittest\bin\x64\debug\net6.0-windows\zsmartclient_unittest.dll" id="63b5e857-7c0f-1bfb-6bac-ed0592160bce">
      <TestCategory>
        <TestCategoryItem TestCategory="SearchModels" />
      </TestCategory>
      <Execution id="868a9e5b-5884-469b-9412-e28137210184" />
      <TestMethod codeBase="D:\actions-runner\_work\XPCO\XPCO\AllSolutions\..\SC\Components\RemoteViewer\SmartClient\tst\zSmartClient_UnitTest\bin\x64\Debug\net6.0-windows\zSmartClient_UnitTest.dll" adapterTypeName="executor://mstestadapter/v2" className="SmartClient_UnitTest.VideoOS.RemoteClient.Plugin.CentralizedSearch.Models.SearchScopeTests" name="UpdateScope_ToTimeChangedWithNullScopeDuration_ReturnsTrue" />
    </UnitTest>
    <UnitTest name="DeviceIcons_ShouldNotBeEmpty_WhenCalled" storage="d:\actions-runner\_work\xpco\xpco\allsolutions\..\sc\components\remoteviewer\smartclient\tst\zsmartclient_unittest\bin\x64\debug\net6.0-windows\zsmartclient_unittest.dll" id="42206c17-853c-7b3a-7834-e4be8b79460f">
      <TestCategory>
        <TestCategoryItem TestCategory="GisMapData.MicrophoneOemResourcesProviderTests" />
      </TestCategory>
      <Execution id="b86f0fdd-f934-4b36-82b1-06c0051197fe" />
      <TestMethod codeBase="D:\actions-runner\_work\XPCO\XPCO\AllSolutions\..\SC\Components\RemoteViewer\SmartClient\tst\zSmartClient_UnitTest\bin\x64\Debug\net6.0-windows\zSmartClient_UnitTest.dll" adapterTypeName="executor://mstestadapter/v2" className="SmartClient_UnitTest.VideoOS.RemoteClient.GisMapData.Resources.MicrophoneOemResourcesProviderTests" name="DeviceIcons_ShouldNotBeEmpty_WhenCalled" />
    </UnitTest>
    <UnitTest name="DefaultConstructor_Success" storage="d:\actions-runner\_work\xpco\xpco\allsolutions\..\sc\components\remoteviewer\smartclient\tst\zsmartclient_unittest\bin\x64\debug\net6.0-windows\zsmartclient_unittest.dll" id="9dc38d44-5d89-36d6-7b22-483d30b44b5f">
      <TestCategory>
        <TestCategoryItem TestCategory="GisMapBuilding" />
      </TestCategory>
      <Execution id="ae9f5618-c64f-40da-bd08-6d4a5a3f9ec8" />
      <TestMethod codeBase="D:\actions-runner\_work\XPCO\XPCO\AllSolutions\..\SC\Components\RemoteViewer\SmartClient\tst\zSmartClient_UnitTest\bin\x64\Debug\net6.0-windows\zSmartClient_UnitTest.dll" adapterTypeName="executor://mstestadapter/v2" className="SmartClient_UnitTest.VideoOS.RemoteClient.GisMap.MapBuildingTests" name="DefaultConstructor_Success" />
    </UnitTest>
    <UnitTest name="Convert_ShouldSetWrapAndReturnTextBlock_WhenValueIsVideoOSTextBlock" storage="d:\actions-runner\_work\xpco\xpco\allsolutions\..\sc\components\remoteviewer\smartclient\tst\zsmartclient_unittest\bin\x64\debug\net6.0-windows\zsmartclient_unittest.dll" id="0049d7ff-34d0-b659-c849-7e7744f6d7ff">
      <Execution id="36166d1d-0b7d-4e54-9c1c-46e5428e46d4" />
      <TestMethod codeBase="D:\actions-runner\_work\XPCO\XPCO\AllSolutions\..\SC\Components\RemoteViewer\SmartClient\tst\zSmartClient_UnitTest\bin\x64\Debug\net6.0-windows\zSmartClient_UnitTest.dll" adapterTypeName="executor://mstestadapter/v2" className="SmartClient_UnitTest.VideoOS.Common.UIThemes.ContentToTooltipTextConverterTests" name="Convert_ShouldSetWrapAndReturnTextBlock_WhenValueIsVideoOSTextBlock" />
    </UnitTest>
    <UnitTest name="TryGetOsmServerTileAddress_ShouldReturnFalse_WhenOsmServerAddressIsInvalid" storage="d:\actions-runner\_work\xpco\xpco\allsolutions\..\sc\components\remoteviewer\smartclient\tst\zsmartclient_unittest\bin\x64\debug\net6.0-windows\zsmartclient_unittest.dll" id="eabf48e5-196a-32f6-d385-edcb8e627a16">
      <TestCategory>
        <TestCategoryItem TestCategory="GisMapData.Controllers.Osm" />
      </TestCategory>
      <Execution id="cfcefc18-0562-422d-afa0-8695fdc6751a" />
      <TestMethod codeBase="D:\actions-runner\_work\XPCO\XPCO\AllSolutions\..\SC\Components\RemoteViewer\SmartClient\tst\zSmartClient_UnitTest\bin\x64\Debug\net6.0-windows\zSmartClient_UnitTest.dll" adapterTypeName="executor://mstestadapter/v2" className="SmartClient_UnitTest.VideoOS.RemoteClient.GisMapData.Controllers.Osm.GisMapOsmControllerTests" name="TryGetOsmServerTileAddress_ShouldReturnFalse_WhenOsmServerAddressIsInvalid" />
    </UnitTest>
    <UnitTest name="TestHasCapapability_LesserThan_Success" storage="d:\actions-runner\_work\xpco\xpco\allsolutions\..\sc\components\remoteviewer\smartclient\tst\zsmartclient_unittest\bin\x64\debug\net6.0-windows\zsmartclient_unittest.dll" id="6d62f599-0f0c-18d4-6cc8-c03dee27684a">
      <Execution id="76addff2-079d-43d8-9919-83b3253a670e" />
      <TestMethod codeBase="D:\actions-runner\_work\XPCO\XPCO\AllSolutions\..\SC\Components\RemoteViewer\SmartClient\tst\zSmartClient_UnitTest\bin\x64\Debug\net6.0-windows\zSmartClient_UnitTest.dll" adapterTypeName="executor://mstestadapter/v2" className="SmartClient_UnitTest.VideoOS.RemoteClient.GisMapData.Common.GisMapServerCapabilitiesTest" name="TestHasCapapability_LesserThan_Success" />
    </UnitTest>
    <UnitTest name="MipItemsMapLayer_Constructed_Success" storage="d:\actions-runner\_work\xpco\xpco\allsolutions\..\sc\components\remoteviewer\smartclient\tst\zsmartclient_unittest\bin\x64\debug\net6.0-windows\zsmartclient_unittest.dll" id="965562eb-8289-311d-8c35-1161a699ffcd">
      <TestCategory>
        <TestCategoryItem TestCategory="GisMapLayer" />
      </TestCategory>
      <Execution id="2d9c39f1-fccb-4273-b4be-ae2dcb7aacc9" />
      <TestMethod codeBase="D:\actions-runner\_work\XPCO\XPCO\AllSolutions\..\SC\Components\RemoteViewer\SmartClient\tst\zSmartClient_UnitTest\bin\x64\Debug\net6.0-windows\zSmartClient_UnitTest.dll" adapterTypeName="executor://mstestadapter/v2" className="SmartClient_UnitTest.VideoOS.RemoteClient.GisMap.MapLayers.GisMapLayerTests" name="MipItemsMapLayer_Constructed_Success" />
    </UnitTest>
    <UnitTest name="RightButtonDown_ShouldNotRaiseAnException_WhenFired" storage="d:\actions-runner\_work\xpco\xpco\allsolutions\..\sc\components\remoteviewer\smartclient\tst\zsmartclient_unittest\bin\x64\debug\net6.0-windows\zsmartclient_unittest.dll" id="0fd90a39-90c9-a28c-8d05-c52712094258">
      <TestCategory>
        <TestCategoryItem TestCategory="GisMap.WindowsBases" />
      </TestCategory>
      <Execution id="01e556c8-d883-4c74-b260-25181ea00d7c" />
      <TestMethod codeBase="D:\actions-runner\_work\XPCO\XPCO\AllSolutions\..\SC\Components\RemoteViewer\SmartClient\tst\zSmartClient_UnitTest\bin\x64\Debug\net6.0-windows\zSmartClient_UnitTest.dll" adapterTypeName="executor://mstestadapter/v2" className="SmartClient_UnitTest.VideoOS.RemoteClient.Plugin.GisMap.Windows.Bases.DragWindowDecoratorTests" name="RightButtonDown_ShouldNotRaiseAnException_WhenFired" />
    </UnitTest>
    <UnitTest name="BoundingBoxLiveStart" storage="d:\actions-runner\_work\xpco\xpco\allsolutions\..\sc\components\remoteviewer\smartclient\tst\zsmartclient_unittest\bin\x64\debug\net6.0-windows\zsmartclient_unittest.dll" id="6041a665-a5c2-d6e3-acc3-d07918acde37">
      <Execution id="7b61fda7-7c9f-4f5a-9804-e961174f71a9" />
      <TestMethod codeBase="D:\actions-runner\_work\XPCO\XPCO\AllSolutions\..\SC\Components\RemoteViewer\SmartClient\tst\zSmartClient_UnitTest\bin\x64\Debug\net6.0-windows\zSmartClient_UnitTest.dll" adapterTypeName="executor://mstestadapter/v2" className="SmartClient_UnitTest.VideoOS.RemoteClient.Application.Data.Metadata.BoundingBoxes.BoundingBoxProviderTest" name="BoundingBoxLiveStart" />
    </UnitTest>
    <UnitTest name="OnMarkerRightClicked_ShouldLetMapLayerControlMenuItems_WhenNoMapItemSelected" storage="d:\actions-runner\_work\xpco\xpco\allsolutions\..\sc\components\remoteviewer\smartclient\tst\zsmartclient_unittest\bin\x64\debug\net6.0-windows\zsmartclient_unittest.dll" id="9ee3310d-df68-3208-bd43-511bd668f4d5">
      <TestCategory>
        <TestCategoryItem TestCategory="SmartMap.MapItemsOverlay" />
      </TestCategory>
      <Execution id="e5ab1ffe-ec69-4654-83d2-0a04f717cdd8" />
      <TestMethod codeBase="D:\actions-runner\_work\XPCO\XPCO\AllSolutions\..\SC\Components\RemoteViewer\SmartClient\tst\zSmartClient_UnitTest\bin\x64\Debug\net6.0-windows\zSmartClient_UnitTest.dll" adapterTypeName="executor://mstestadapter/v2" className="SmartClient_UnitTest.VideoOS.RemoteClient.Plugin.GisMap.ThinkGeoMap.SpecializedOverlays.Overlays.MapItemsOverlayTests" name="OnMarkerRightClicked_ShouldLetMapLayerControlMenuItems_WhenNoMapItemSelected" />
    </UnitTest>
    <UnitTest name="Ctor_NullDefinition_Throws" storage="d:\actions-runner\_work\xpco\xpco\allsolutions\..\sc\components\remoteviewer\smartclient\tst\zsmartclient_unittest\bin\x64\debug\net6.0-windows\zsmartclient_unittest.dll" id="9b54bf22-f513-708f-8279-2654a94cc1cf">
      <TestCategory>
        <TestCategoryItem TestCategory="Search" />
      </TestCategory>
      <Execution id="c66eb477-b80d-4a25-ba99-c4d2b3e3363d" />
      <TestMethod codeBase="D:\actions-runner\_work\XPCO\XPCO\AllSolutions\..\SC\Components\RemoteViewer\SmartClient\tst\zSmartClient_UnitTest\bin\x64\Debug\net6.0-windows\zSmartClient_UnitTest.dll" adapterTypeName="executor://mstestadapter/v2" className="SmartClient_UnitTest.VideoOS.RemoteClient.Plugin.CentralizedSearch.ViewModels.SearchDefinitionViewModelTests" name="Ctor_NullDefinition_Throws" />
    </UnitTest>
    <UnitTest name="Ctor_OneBuiltInGroupDefined_OneCompositeAgentAddedAndTwoStandardAgentsAdded" storage="d:\actions-runner\_work\xpco\xpco\allsolutions\..\sc\components\remoteviewer\smartclient\tst\zsmartclient_unittest\bin\x64\debug\net6.0-windows\zsmartclient_unittest.dll" id="14f3ec32-0fa4-5f7a-4835-a25af4f36100">
      <TestCategory>
        <TestCategoryItem TestCategory="ScSearchManager" />
      </TestCategory>
      <Execution id="e6e5cbf0-ba1c-4ffa-a285-8485ca15354f" />
      <TestMethod codeBase="D:\actions-runner\_work\XPCO\XPCO\AllSolutions\..\SC\Components\RemoteViewer\SmartClient\tst\zSmartClient_UnitTest\bin\x64\Debug\net6.0-windows\zSmartClient_UnitTest.dll" adapterTypeName="executor://mstestadapter/v2" className="SmartClient_UnitTest.VideoOS.RemoteClient.Plugin.CentralizedSearch.MIPPlugin.ScSearchManagerTests" name="Ctor_OneBuiltInGroupDefined_OneCompositeAgentAddedAndTwoStandardAgentsAdded" />
    </UnitTest>
    <UnitTest name="AssignPanTiltValue_WhenValueIsInsideDeadzone_ShouldReturnCenterValue" storage="d:\actions-runner\_work\xpco\xpco\allsolutions\..\sc\components\remoteviewer\smartclient\tst\zsmartclient_unittest\bin\x64\debug\net6.0-windows\zsmartclient_unittest.dll" id="72e0aaef-b782-3799-5f94-2f93780a25bc">
      <Execution id="efe93246-cdfc-4824-80cb-c83c5346d496" />
      <TestMethod codeBase="D:\actions-runner\_work\XPCO\XPCO\AllSolutions\..\SC\Components\RemoteViewer\SmartClient\tst\zSmartClient_UnitTest\bin\x64\Debug\net6.0-windows\zSmartClient_UnitTest.dll" adapterTypeName="executor://mstestadapter/v2" className="SmartClient_UnitTest.VideoOS.RemoteClient.Plugin.JoystickSupport.JoystickDeviceTests" name="AssignPanTiltValue_WhenValueIsInsideDeadzone_ShouldReturnCenterValue" />
    </UnitTest>
    <UnitTest name="Constructor_ShouldThrowAnException_WhenWorkroomIsNull" storage="d:\actions-runner\_work\xpco\xpco\allsolutions\..\sc\components\remoteviewer\smartclient\tst\zsmartclient_unittest\bin\x64\debug\net6.0-windows\zsmartclient_unittest.dll" id="2ebfe8ce-3c37-b151-62ae-982463586759">
      <TestCategory>
        <TestCategoryItem TestCategory="WorkspaceToolbar" />
      </TestCategory>
      <Execution id="84463113-46e6-4fd3-affb-3909500445c6" />
      <TestMethod codeBase="D:\actions-runner\_work\XPCO\XPCO\AllSolutions\..\SC\Components\RemoteViewer\SmartClient\tst\zSmartClient_UnitTest\bin\x64\Debug\net6.0-windows\zSmartClient_UnitTest.dll" adapterTypeName="executor://mstestadapter/v2" className="SmartClient_UnitTest.VideoOS.RemoteClient.Application.UI.Content.WorkspaceToolbar.WorkspaceToolbarViewModelTests" name="Constructor_ShouldThrowAnException_WhenWorkroomIsNull" />
    </UnitTest>
    <UnitTest name="Ctor_ShouldApplyNewestTriggerTimeComparer_WhenMultipleSimultaneousSearchesIsNotAllowed" storage="d:\actions-runner\_work\xpco\xpco\allsolutions\..\sc\components\remoteviewer\smartclient\tst\zsmartclient_unittest\bin\x64\debug\net6.0-windows\zsmartclient_unittest.dll" id="7ed10e38-acaf-fb97-a236-10882c020ef0">
      <TestCategory>
        <TestCategoryItem TestCategory="SearchResultViewModels" />
      </TestCategory>
      <Execution id="fc71ab31-e1d6-4f0f-b04a-c0133af49e27" />
      <TestMethod codeBase="D:\actions-runner\_work\XPCO\XPCO\AllSolutions\..\SC\Components\RemoteViewer\SmartClient\tst\zSmartClient_UnitTest\bin\x64\Debug\net6.0-windows\zSmartClient_UnitTest.dll" adapterTypeName="executor://mstestadapter/v2" className="SmartClient_UnitTest.VideoOS.RemoteClient.Plugin.CentralizedSearch.ViewModels.SearchResultsViewModelTest" name="Ctor_ShouldApplyNewestTriggerTimeComparer_WhenMultipleSimultaneousSearchesIsNotAllowed" />
    </UnitTest>
    <UnitTest name="ResolveSearchDefinitions_ShouldReturnResultSearchDefinition_WhenCombinedSearchResultWithSingleSubResultAndSearchDefinitionsNotContainingCorrectSearchDefinitionsAreGiven" storage="d:\actions-runner\_work\xpco\xpco\allsolutions\..\sc\components\remoteviewer\smartclient\tst\zsmartclient_unittest\bin\x64\debug\net6.0-windows\zsmartclient_unittest.dll" id="1f280893-1f72-6f45-77a3-2457f07e9bd2">
      <TestCategory>
        <TestCategoryItem TestCategory="Search" />
      </TestCategory>
      <Execution id="c0436ca0-93c1-4254-9f2f-c26b3098ab3b" />
      <TestMethod codeBase="D:\actions-runner\_work\XPCO\XPCO\AllSolutions\..\SC\Components\RemoteViewer\SmartClient\tst\zSmartClient_UnitTest\bin\x64\Debug\net6.0-windows\zSmartClient_UnitTest.dll" adapterTypeName="executor://mstestadapter/v2" className="SmartClient_UnitTest.VideoOS.RemoteClient.Plugin.CentralizedSearch.Utils.SearchResultDataWrapperExtensionsTests" name="ResolveSearchDefinitions_ShouldReturnResultSearchDefinition_WhenCombinedSearchResultWithSingleSubResultAndSearchDefinitionsNotContainingCorrectSearchDefinitionsAreGiven" />
    </UnitTest>
    <UnitTest name="SelectOptions_ShouldSetSelectedComponent_WhenGivenOptionGroupWithCorrelatedComponent" storage="d:\actions-runner\_work\xpco\xpco\allsolutions\..\sc\components\remoteviewer\smartclient\tst\zsmartclient_unittest\bin\x64\debug\net6.0-windows\zsmartclient_unittest.dll" id="54fe689a-094b-c2b1-eff8-7a88071b8275">
      <Execution id="25a0fe83-ef7e-4add-aad1-0c25d5f955c8" />
      <TestMethod codeBase="D:\actions-runner\_work\XPCO\XPCO\AllSolutions\..\SC\Components\RemoteViewer\SmartClient\tst\zSmartClient_UnitTest\bin\x64\Debug\net6.0-windows\zSmartClient_UnitTest.dll" adapterTypeName="executor://mstestadapter/v2" className="SmartClient_UnitTest.VideoOS.RemoteClient.Application.UI.Settings.SettingsDialogViewModelTests" name="SelectOptions_ShouldSetSelectedComponent_WhenGivenOptionGroupWithCorrelatedComponent" />
    </UnitTest>
    <UnitTest name="TestConstructor_EmptyOuterRing_GetBounds_Success" storage="d:\actions-runner\_work\xpco\xpco\allsolutions\..\sc\components\remoteviewer\smartclient\tst\zsmartclient_unittest\bin\x64\debug\net6.0-windows\zsmartclient_unittest.dll" id="88071ce5-6a3f-f4ed-8ba6-7bfde6e1c46a">
      <TestCategory>
        <TestCategoryItem TestCategory="GisMap" />
      </TestCategory>
      <Execution id="224b6d85-8be4-4750-af98-21e73f0ac7db" />
      <TestMethod codeBase="D:\actions-runner\_work\XPCO\XPCO\AllSolutions\..\SC\Components\RemoteViewer\SmartClient\tst\zSmartClient_UnitTest\bin\x64\Debug\net6.0-windows\zSmartClient_UnitTest.dll" adapterTypeName="executor://mstestadapter/v2" className="SmartClient_UnitTest.VideoOS.RemoteClient.GisMap.Common.MapPolygonTest" name="TestConstructor_EmptyOuterRing_GetBounds_Success" />
    </UnitTest>
    <UnitTest name="Instance_ShouldBeSingleton_WhenCalled" storage="d:\actions-runner\_work\xpco\xpco\allsolutions\..\sc\components\remoteviewer\smartclient\tst\zsmartclient_unittest\bin\x64\debug\net6.0-windows\zsmartclient_unittest.dll" id="0ed09f5c-e815-112c-6aff-fe0dbd9b6f36">
      <TestCategory>
        <TestCategoryItem TestCategory="GisMapData.InputOemResourcesProviderTests" />
      </TestCategory>
      <Execution id="50324d42-8874-40d9-a0d1-fb940f6a5f19" />
      <TestMethod codeBase="D:\actions-runner\_work\XPCO\XPCO\AllSolutions\..\SC\Components\RemoteViewer\SmartClient\tst\zSmartClient_UnitTest\bin\x64\Debug\net6.0-windows\zSmartClient_UnitTest.dll" adapterTypeName="executor://mstestadapter/v2" className="SmartClient_UnitTest.VideoOS.RemoteClient.GisMapData.Resources.InputOemResourcesProviderTests" name="Instance_ShouldBeSingleton_WhenCalled" />
    </UnitTest>
    <UnitTest name="Selected_retention_option_is_cleared_when_not_available" storage="d:\actions-runner\_work\xpco\xpco\allsolutions\..\sc\components\remoteviewer\smartclient\tst\zsmartclient_unittest\bin\x64\debug\net6.0-windows\zsmartclient_unittest.dll" id="8afe4c58-19f6-dd1a-c67e-b2b4ee85f2ac">
      <Execution id="f24c386b-ba2d-4d1d-8ccc-85b658f8aac0" />
      <TestMethod codeBase="D:\actions-runner\_work\XPCO\XPCO\AllSolutions\..\SC\Components\RemoteViewer\SmartClient\tst\zSmartClient_UnitTest\bin\x64\Debug\net6.0-windows\zSmartClient_UnitTest.dll" adapterTypeName="executor://mstestadapter/v2" className="SmartClient_UnitTest.VideoOS.RemoteClient.Application.Components.EvidenceLock.EvidenceLockCreateEditTests" name="Selected_retention_option_is_cleared_when_not_available" />
    </UnitTest>
    <UnitTest name="Connect_FailToConnect_ShouldReturnFalse" storage="d:\actions-runner\_work\xpco\xpco\allsolutions\..\sc\components\remoteviewer\smartclient\tst\zsmartclient_unittest\bin\x64\debug\net6.0-windows\zsmartclient_unittest.dll" id="a994a568-3e00-625c-a6cf-5145a11d5bf6">
      <Execution id="14ad2db4-01e3-47d3-b265-f723838d3782" />
      <TestMethod codeBase="D:\actions-runner\_work\XPCO\XPCO\AllSolutions\..\SC\Components\RemoteViewer\SmartClient\tst\zSmartClient_UnitTest\bin\x64\Debug\net6.0-windows\zSmartClient_UnitTest.dll" adapterTypeName="executor://mstestadapter/v2" className="VideoOS.Shared.ServerAPI.VMOViewerClientFacade.UnitTest.VMOViewerClientFacadeTests" name="Connect_FailToConnect_ShouldReturnFalse" />
    </UnitTest>
    <UnitTest name="VideoResultSearchResult_Properties_CollectedAndDisplayed" storage="d:\actions-runner\_work\xpco\xpco\allsolutions\..\sc\components\remoteviewer\smartclient\tst\zsmartclient_unittest\bin\x64\debug\net6.0-windows\zsmartclient_unittest.dll" id="c0fbebe8-662e-1768-fb63-e3fa6064e5a1">
      <TestCategory>
        <TestCategoryItem TestCategory="SearchControls" />
      </TestCategory>
      <Execution id="d4228765-7824-4a59-8f1c-e180b12fd6db" />
      <TestMethod codeBase="D:\actions-runner\_work\XPCO\XPCO\AllSolutions\..\SC\Components\RemoteViewer\SmartClient\tst\zSmartClient_UnitTest\bin\x64\Debug\net6.0-windows\zSmartClient_UnitTest.dll" adapterTypeName="executor://mstestadapter/v2" className="SmartClient_UnitTest.VideoOS.RemoteClient.Plugin.CentralizedSearch.Views.Controls.SearchResultDetailsControlTests" name="VideoResultSearchResult_Properties_CollectedAndDisplayed" />
    </UnitTest>
    <UnitTest name="Path enabled, forced" storage="d:\actions-runner\_work\xpco\xpco\allsolutions\..\sc\components\remoteviewer\smartclient\tst\zsmartclient_unittest\bin\x64\debug\net6.0-windows\zsmartclient_unittest.dll" id="98080849-b9da-3c6c-854e-942231adfd8f">
      <TestCategory>
        <TestCategoryItem TestCategory="Export" />
      </TestCategory>
      <Execution id="8cde92ae-6a19-41b0-8319-1e39947783d2" />
      <TestMethod codeBase="D:\actions-runner\_work\XPCO\XPCO\AllSolutions\..\SC\Components\RemoteViewer\SmartClient\tst\zSmartClient_UnitTest\bin\x64\Debug\net6.0-windows\zSmartClient_UnitTest.dll" adapterTypeName="executor://mstestadapter/v2" className="SmartClient_UnitTest.VideoOS.RemoteClient.Plugin.Export.CreateExportDialogViewModelTests" name="CreateExportDialog_ExportDestinationPreSelected_BasedOnOptions" />
    </UnitTest>
    <UnitTest name="CalculateNewExtent_ShouldScaleEvenly_WhenWithinMaxInLowerLeft" storage="d:\actions-runner\_work\xpco\xpco\allsolutions\..\sc\components\remoteviewer\smartclient\tst\zsmartclient_unittest\bin\x64\debug\net6.0-windows\zsmartclient_unittest.dll" id="d334a597-c565-285a-8550-3b9ea2cba29c">
      <TestCategory>
        <TestCategoryItem TestCategory="MipItemsUpdateStrategy" />
      </TestCategory>
      <Execution id="304c5e1b-cc2d-4bed-990c-ea3c93f9fde1" />
      <TestMethod codeBase="D:\actions-runner\_work\XPCO\XPCO\AllSolutions\..\SC\Components\RemoteViewer\SmartClient\tst\zSmartClient_UnitTest\bin\x64\Debug\net6.0-windows\zSmartClient_UnitTest.dll" adapterTypeName="executor://mstestadapter/v2" className="SmartClient_UnitTest.VideoOS.RemoteClient.Plugin.GisMap.MIP.MipItemsUpdateStrategyTests" name="CalculateNewExtent_ShouldScaleEvenly_WhenWithinMaxInLowerLeft" />
    </UnitTest>
    <UnitTest name="ConvertToValidPath_WhenAllowDirectories_ConvertToValidPath" storage="d:\actions-runner\_work\xpco\xpco\allsolutions\..\sc\components\remoteviewer\smartclient\tst\zsmartclient_unittest\bin\x64\debug\net6.0-windows\zsmartclient_unittest.dll" id="7a5350b3-34d1-bd37-e8d8-d06d15c440d2">
      <Execution id="e35e3c1e-d83f-4b84-a51d-0b3fbed08cc2" />
      <TestMethod codeBase="D:\actions-runner\_work\XPCO\XPCO\AllSolutions\..\SC\Components\RemoteViewer\SmartClient\tst\zSmartClient_UnitTest\bin\x64\Debug\net6.0-windows\zSmartClient_UnitTest.dll" adapterTypeName="executor://mstestadapter/v2" className="SmartClient_UnitTest.VideoOS.RemoteClient.Application.Common.FilePathValidatorTest" name="ConvertToValidPath_WhenAllowDirectories_ConvertToValidPath" />
    </UnitTest>
    <UnitTest name="ToDenormalizedDirection_LesserThanMinus1_0_Failure" storage="d:\actions-runner\_work\xpco\xpco\allsolutions\..\sc\components\remoteviewer\smartclient\tst\zsmartclient_unittest\bin\x64\debug\net6.0-windows\zsmartclient_unittest.dll" id="380c2d79-325d-3409-b945-e63fa33fc5f3">
      <TestCategory>
        <TestCategoryItem TestCategory="GisMap" />
      </TestCategory>
      <Execution id="26d66b05-5423-4812-977c-cd05332b04db" />
      <TestMethod codeBase="D:\actions-runner\_work\XPCO\XPCO\AllSolutions\..\SC\Components\RemoteViewer\SmartClient\tst\zSmartClient_UnitTest\bin\x64\Debug\net6.0-windows\zSmartClient_UnitTest.dll" adapterTypeName="executor://mstestadapter/v2" className="SmartClient_UnitTest.VideoOS.RemoteClient.GisMap.Utilities.GisUtilityTests" name="ToDenormalizedDirection_LesserThanMinus1_0_Failure" />
    </UnitTest>
    <UnitTest name="Convert_OneCamerasSelectionAndOneSearchDefinition_Collapsed" storage="d:\actions-runner\_work\xpco\xpco\allsolutions\..\sc\components\remoteviewer\smartclient\tst\zsmartclient_unittest\bin\x64\debug\net6.0-windows\zsmartclient_unittest.dll" id="f2b7929b-9477-2b09-878d-9dcd16e02623">
      <TestCategory>
        <TestCategoryItem TestCategory="SearchConverter" />
      </TestCategory>
      <Execution id="c7f7884e-5db8-4030-ac89-89f6b36f109e" />
      <TestMethod codeBase="D:\actions-runner\_work\XPCO\XPCO\AllSolutions\..\SC\Components\RemoteViewer\SmartClient\tst\zSmartClient_UnitTest\bin\x64\Debug\net6.0-windows\zSmartClient_UnitTest.dll" adapterTypeName="executor://mstestadapter/v2" className="SmartClient_UnitTest.VideoOS.RemoteClient.Plugin.CentralizedSearch.Views.Converters.NoCriteriaSelectedGridVisibilityConverterTests" name="Convert_OneCamerasSelectionAndOneSearchDefinition_Collapsed" />
    </UnitTest>
    <UnitTest name="Ctor_WpfMessageBoxButtonIsSetToOk_OnlyOkButtonVisible" storage="d:\actions-runner\_work\xpco\xpco\allsolutions\..\sc\components\remoteviewer\smartclient\tst\zsmartclient_unittest\bin\x64\debug\net6.0-windows\zsmartclient_unittest.dll" id="3419854c-a58b-26c0-1755-df23f4de0fe4">
      <Execution id="1371e68b-9733-4599-bc20-0df0087f5316" />
      <TestMethod codeBase="D:\actions-runner\_work\XPCO\XPCO\AllSolutions\..\SC\Components\RemoteViewer\SmartClient\tst\zSmartClient_UnitTest\bin\x64\Debug\net6.0-windows\zSmartClient_UnitTest.dll" adapterTypeName="executor://mstestadapter/v2" className="SmartClient_UnitTest.VideoOS.RemoteClient.Application.UI.Common.MessageBoxWithList.MessageBoxWithListViewModelTests" name="Ctor_WpfMessageBoxButtonIsSetToOk_OnlyOkButtonVisible" />
    </UnitTest>
    <UnitTest name="SelectedComponent_ShouldDefaultToFirstComponent_WhenSettingsDialogIsOpened" storage="d:\actions-runner\_work\xpco\xpco\allsolutions\..\sc\components\remoteviewer\smartclient\tst\zsmartclient_unittest\bin\x64\debug\net6.0-windows\zsmartclient_unittest.dll" id="8e2c4cca-7551-4f11-2133-425fd4297ee4">
      <Execution id="9523aa46-8e14-49f9-b4ef-d3b4b897e9cc" />
      <TestMethod codeBase="D:\actions-runner\_work\XPCO\XPCO\AllSolutions\..\SC\Components\RemoteViewer\SmartClient\tst\zSmartClient_UnitTest\bin\x64\Debug\net6.0-windows\zSmartClient_UnitTest.dll" adapterTypeName="executor://mstestadapter/v2" className="SmartClient_UnitTest.VideoOS.RemoteClient.Application.UI.Settings.SettingsDialogViewModelTests" name="SelectedComponent_ShouldDefaultToFirstComponent_WhenSettingsDialogIsOpened" />
    </UnitTest>
    <UnitTest name="GetDeviceData_ShouldReturnDeviceData_WhenCameraKindAndExistingCameraId" storage="d:\actions-runner\_work\xpco\xpco\allsolutions\..\sc\components\remoteviewer\smartclient\tst\zsmartclient_unittest\bin\x64\debug\net6.0-windows\zsmartclient_unittest.dll" id="2a4dd686-62ac-c714-9f30-f0d81a07f831">
      <TestCategory>
        <TestCategoryItem TestCategory="GisMap.Controllers.Devices.MapItems" />
      </TestCategory>
      <Execution id="847364f7-068e-4a40-910b-385a4014e135" />
      <TestMethod codeBase="D:\actions-runner\_work\XPCO\XPCO\AllSolutions\..\SC\Components\RemoteViewer\SmartClient\tst\zSmartClient_UnitTest\bin\x64\Debug\net6.0-windows\zSmartClient_UnitTest.dll" adapterTypeName="executor://mstestadapter/v2" className="SmartClient_UnitTest.VideoOS.RemoteClient.Plugin.GisMap.Controllers.Devices.MapItems.DeviceDataControllerTests" name="GetDeviceData_ShouldReturnDeviceData_WhenCameraKindAndExistingCameraId" />
    </UnitTest>
    <UnitTest name="Command_ShouldInvokeRemoveMipMapItem_WhenExecutedForMultipleSelectedItem" storage="d:\actions-runner\_work\xpco\xpco\allsolutions\..\sc\components\remoteviewer\smartclient\tst\zsmartclient_unittest\bin\x64\debug\net6.0-windows\zsmartclient_unittest.dll" id="84796659-ba8c-65c7-7760-1f800728b555">
      <TestCategory>
        <TestCategoryItem TestCategory="GisMapMip" />
      </TestCategory>
      <Execution id="4dbe188b-4d20-4dd2-b68c-0973cd7be8b2" />
      <TestMethod codeBase="D:\actions-runner\_work\XPCO\XPCO\AllSolutions\..\SC\Components\RemoteViewer\SmartClient\tst\zSmartClient_UnitTest\bin\x64\Debug\net6.0-windows\zSmartClient_UnitTest.dll" adapterTypeName="executor://mstestadapter/v2" className="SmartClient_UnitTest.VideoOS.RemoteClient.Plugin.GisMap.ThinkGeoMap.ContextMenuUtils.RemoveMipItemContextMenuTests" name="Command_ShouldInvokeRemoveMipMapItem_WhenExecutedForMultipleSelectedItem" />
    </UnitTest>
    <UnitTest name="TestConstructor_WithNullParameter_Failure" storage="d:\actions-runner\_work\xpco\xpco\allsolutions\..\sc\components\remoteviewer\smartclient\tst\zsmartclient_unittest\bin\x64\debug\net6.0-windows\zsmartclient_unittest.dll" id="2ea7f788-a228-7eb9-ef8c-629855bfb76d">
      <Execution id="3d7818f7-6fd6-499b-80f1-b91ba5f5b7bf" />
      <TestMethod codeBase="D:\actions-runner\_work\XPCO\XPCO\AllSolutions\..\SC\Components\RemoteViewer\SmartClient\tst\zSmartClient_UnitTest\bin\x64\Debug\net6.0-windows\zSmartClient_UnitTest.dll" adapterTypeName="executor://mstestadapter/v2" className="SmartClient_UnitTest.VideoOS.RemoteClient.GisMapData.Common.GisMapServerCapabilitiesTest" name="TestConstructor_WithNullParameter_Failure" />
    </UnitTest>
    <UnitTest name="ValidateExportLocation_ShouldReturnFailResult_ExportFolderIsIllegal (True,False)" storage="d:\actions-runner\_work\xpco\xpco\allsolutions\..\sc\components\remoteviewer\smartclient\tst\zsmartclient_unittest\bin\x64\debug\net6.0-windows\zsmartclient_unittest.dll" id="d4c8bd44-a5f8-3ff8-b16d-c714a3420f05">
      <TestCategory>
        <TestCategoryItem TestCategory="Export" />
      </TestCategory>
      <Execution id="1455a0dc-f348-47f6-a5ba-a22a5d59273a" />
      <TestMethod codeBase="D:\actions-runner\_work\XPCO\XPCO\AllSolutions\..\SC\Components\RemoteViewer\SmartClient\tst\zSmartClient_UnitTest\bin\x64\Debug\net6.0-windows\zSmartClient_UnitTest.dll" adapterTypeName="executor://mstestadapter/v2" className="SmartClient_UnitTest.VideoOS.RemoteClient.Plugin.Export.ExportDataValidatorTests" name="ValidateExportLocation_ShouldReturnFailResult_ExportFolderIsIllegal" />
    </UnitTest>
    <UnitTest name="ActionBarPluginEnabled_SinglePluginWithEnoughRoom_PluginButtonPresentInActionBar" storage="d:\actions-runner\_work\xpco\xpco\allsolutions\..\sc\components\remoteviewer\smartclient\tst\zsmartclient_unittest\bin\x64\debug\net6.0-windows\zsmartclient_unittest.dll" id="baa96bb4-9a62-b146-14d8-03dbee056087">
      <TestCategory>
        <TestCategoryItem TestCategory="SearchViews" />
      </TestCategory>
      <Execution id="1265b790-9b6e-4491-affa-daf2d10f53c1" />
      <TestMethod codeBase="D:\actions-runner\_work\XPCO\XPCO\AllSolutions\..\SC\Components\RemoteViewer\SmartClient\tst\zSmartClient_UnitTest\bin\x64\Debug\net6.0-windows\zSmartClient_UnitTest.dll" adapterTypeName="executor://mstestadapter/v2" className="SmartClient_UnitTest.VideoOS.RemoteClient.Plugin.CentralizedSearch.Views.SearchResultActionBarViewTests" name="ActionBarPluginEnabled_SinglePluginWithEnoughRoom_PluginButtonPresentInActionBar" />
    </UnitTest>
    <UnitTest name="Result_Updates_Correctly" storage="d:\actions-runner\_work\xpco\xpco\allsolutions\..\sc\components\remoteviewer\smartclient\tst\zsmartclient_unittest\bin\x64\debug\net6.0-windows\zsmartclient_unittest.dll" id="64807985-c509-c615-5e46-3ee5e8e0197e">
      <Execution id="aecd0314-d18f-4fd2-b2b3-9b3d1ea8cff1" />
      <TestMethod codeBase="D:\actions-runner\_work\XPCO\XPCO\AllSolutions\..\SC\Components\RemoteViewer\SmartClient\tst\zSmartClient_UnitTest\bin\x64\Debug\net6.0-windows\zSmartClient_UnitTest.dll" adapterTypeName="executor://mstestadapter/v2" className="SmartClient_UnitTest.VideoOS.RemoteClient.Application.Components.Search.SearchManagerTest" name="Result_Updates_Correctly" />
    </UnitTest>
    <UnitTest name="Optics enabled, not forced" storage="d:\actions-runner\_work\xpco\xpco\allsolutions\..\sc\components\remoteviewer\smartclient\tst\zsmartclient_unittest\bin\x64\debug\net6.0-windows\zsmartclient_unittest.dll" id="81d55e49-1ae7-4ea3-83a6-f68b4a9992bd">
      <TestCategory>
        <TestCategoryItem TestCategory="Export" />
      </TestCategory>
      <Execution id="8b2777e6-f2d5-4453-90c4-2a826e2c11ba" />
      <TestMethod codeBase="D:\actions-runner\_work\XPCO\XPCO\AllSolutions\..\SC\Components\RemoteViewer\SmartClient\tst\zSmartClient_UnitTest\bin\x64\Debug\net6.0-windows\zSmartClient_UnitTest.dll" adapterTypeName="executor://mstestadapter/v2" className="SmartClient_UnitTest.VideoOS.RemoteClient.Plugin.Export.CreateExportDialogViewModelTests" name="CreateExportDialog_ExportDestinationPreSelected_BasedOnOptions" />
    </UnitTest>
    <UnitTest name="CameraMapItem_UpdateName_Rejected" storage="d:\actions-runner\_work\xpco\xpco\allsolutions\..\sc\components\remoteviewer\smartclient\tst\zsmartclient_unittest\bin\x64\debug\net6.0-windows\zsmartclient_unittest.dll" id="f63c2d26-77b7-377e-2b59-219fb8f0f7b9">
      <TestCategory>
        <TestCategoryItem TestCategory="GisMapMapItem" />
      </TestCategory>
      <Execution id="658c5ed6-d203-4199-8c17-4865331b8be5" />
      <TestMethod codeBase="D:\actions-runner\_work\XPCO\XPCO\AllSolutions\..\SC\Components\RemoteViewer\SmartClient\tst\zSmartClient_UnitTest\bin\x64\Debug\net6.0-windows\zSmartClient_UnitTest.dll" adapterTypeName="executor://mstestadapter/v2" className="SmartClient_UnitTest.VideoOS.RemoteClient.GisMap.MapItem.MapItemTests" name="CameraMapItem_UpdateName_Rejected" />
    </UnitTest>
    <UnitTest name="PointMapItem_InputWithNoShortName_Success" storage="d:\actions-runner\_work\xpco\xpco\allsolutions\..\sc\components\remoteviewer\smartclient\tst\zsmartclient_unittest\bin\x64\debug\net6.0-windows\zsmartclient_unittest.dll" id="b504ac94-d24b-65b3-ca37-c7d43c96a4da">
      <TestCategory>
        <TestCategoryItem TestCategory="GisMapData.MapItem.Inputs" />
      </TestCategory>
      <Execution id="02139ca9-d2ee-4f8b-aff2-fe6173ee2a5e" />
      <TestMethod codeBase="D:\actions-runner\_work\XPCO\XPCO\AllSolutions\..\SC\Components\RemoteViewer\SmartClient\tst\zSmartClient_UnitTest\bin\x64\Debug\net6.0-windows\zSmartClient_UnitTest.dll" adapterTypeName="executor://mstestadapter/v2" className="SmartClient_UnitTest.VideoOS.RemoteClient.GisMapData.MapItem.Inputs.InputMapItemTests" name="PointMapItem_InputWithNoShortName_Success" />
    </UnitTest>
    <UnitTest name="ToString_ShouldSuccess_Always" storage="d:\actions-runner\_work\xpco\xpco\allsolutions\..\sc\components\remoteviewer\smartclient\tst\zsmartclient_unittest\bin\x64\debug\net6.0-windows\zsmartclient_unittest.dll" id="d88de873-7cef-0143-495e-05b7d2b41757">
      <TestCategory>
        <TestCategoryItem TestCategory="GisMapIndex" />
      </TestCategory>
      <Execution id="4be4c4d7-92ea-4e90-a6c3-5110eadd5760" />
      <TestMethod codeBase="D:\actions-runner\_work\XPCO\XPCO\AllSolutions\..\SC\Components\RemoteViewer\SmartClient\tst\zSmartClient_UnitTest\bin\x64\Debug\net6.0-windows\zSmartClient_UnitTest.dll" adapterTypeName="executor://mstestadapter/v2" className="SmartClient_UnitTest.VideoOS.RemoteClient.GisMapData.Common.Indexer.BuildingsAwareIndexerTests" name="ToString_ShouldSuccess_Always" />
    </UnitTest>
    <UnitTest name="WhenActionExecutedWithAlarmsWithRelatedDeviceThenEveryObserverNotifiedWithRelated" storage="d:\actions-runner\_work\xpco\xpco\allsolutions\..\sc\components\remoteviewer\smartclient\tst\zsmartclient_unittest\bin\x64\debug\net6.0-windows\zsmartclient_unittest.dll" id="56b52fe7-501e-5059-ffb3-616a27cb0414">
      <Execution id="a68b12e2-73bf-451c-a9a7-5a92a5a3bac7" />
      <TestMethod codeBase="D:\actions-runner\_work\XPCO\XPCO\AllSolutions\..\SC\Components\RemoteViewer\SmartClient\tst\zSmartClient_UnitTest\bin\x64\Debug\net6.0-windows\zSmartClient_UnitTest.dll" adapterTypeName="executor://mstestadapter/v2" className="SmartClient_UnitTest.VideoOS.RemoteClient.GisMapData.Common.AlarmObservableTest" name="WhenActionExecutedWithAlarmsWithRelatedDeviceThenEveryObserverNotifiedWithRelated" />
    </UnitTest>
    <UnitTest name="CreateDefinition_DisposeModelWhileWaitingForStartSearch_ModelDisposed" storage="d:\actions-runner\_work\xpco\xpco\allsolutions\..\sc\components\remoteviewer\smartclient\tst\zsmartclient_unittest\bin\x64\debug\net6.0-windows\zsmartclient_unittest.dll" id="84ba2f48-d35e-2565-b5d6-9096907c8416">
      <TestCategory>
        <TestCategoryItem TestCategory="SearchModels" />
      </TestCategory>
      <Execution id="4a3d3b8f-b8ea-44ff-8835-519e5e059578" />
      <TestMethod codeBase="D:\actions-runner\_work\XPCO\XPCO\AllSolutions\..\SC\Components\RemoteViewer\SmartClient\tst\zSmartClient_UnitTest\bin\x64\Debug\net6.0-windows\zSmartClient_UnitTest.dll" adapterTypeName="executor://mstestadapter/v2" className="SmartClient_UnitTest.VideoOS.RemoteClient.Plugin.CentralizedSearch.Models.SearchModelTests" name="CreateDefinition_DisposeModelWhileWaitingForStartSearch_ModelDisposed" />
    </UnitTest>
    <UnitTest name="SupportsDoubleClick_ShouldBeTrue_WhenInteractionStateIsNormalAndInSetupMode" storage="d:\actions-runner\_work\xpco\xpco\allsolutions\..\sc\components\remoteviewer\smartclient\tst\zsmartclient_unittest\bin\x64\debug\net6.0-windows\zsmartclient_unittest.dll" id="e8f3b5b9-78ec-f897-d51a-a5d2a544c215">
      <TestCategory>
        <TestCategoryItem TestCategory="GisMap.LocationMarker" />
      </TestCategory>
      <Execution id="de677610-15b2-432f-8085-4adfb1948a20" />
      <TestMethod codeBase="D:\actions-runner\_work\XPCO\XPCO\AllSolutions\..\SC\Components\RemoteViewer\SmartClient\tst\zSmartClient_UnitTest\bin\x64\Debug\net6.0-windows\zSmartClient_UnitTest.dll" adapterTypeName="executor://mstestadapter/v2" className="SmartClient_UnitTest.VideoOS.RemoteClient.Plugin.GisMap.ThinkGeoMap.Markers.LocationMarker.LocationMarkerTests" name="SupportsDoubleClick_ShouldBeTrue_WhenInteractionStateIsNormalAndInSetupMode" />
    </UnitTest>
    <UnitTest name="Ctor_NullOptionManager_Failure" storage="d:\actions-runner\_work\xpco\xpco\allsolutions\..\sc\components\remoteviewer\smartclient\tst\zsmartclient_unittest\bin\x64\debug\net6.0-windows\zsmartclient_unittest.dll" id="3e00ced7-c9ef-e081-8698-0bfc18ba5ea0">
      <TestCategory>
        <TestCategoryItem TestCategory="Search" />
      </TestCategory>
      <Execution id="0a4b98d3-ccf0-4949-b426-9e0ecbe7e840" />
      <TestMethod codeBase="D:\actions-runner\_work\XPCO\XPCO\AllSolutions\..\SC\Components\RemoteViewer\SmartClient\tst\zSmartClient_UnitTest\bin\x64\Debug\net6.0-windows\zSmartClient_UnitTest.dll" adapterTypeName="executor://mstestadapter/v2" className="SmartClient_UnitTest.VideoOS.RemoteClient.Plugin.CentralizedSearch.ViewModels.Data.SnapshotHandlerTests" name="Ctor_NullOptionManager_Failure" />
    </UnitTest>
    <UnitTest name="MilestoneOemResourcesTest" storage="d:\actions-runner\_work\xpco\xpco\allsolutions\..\sc\components\remoteviewer\smartclient\tst\zsmartclient_unittest\bin\x64\debug\net6.0-windows\zsmartclient_unittest.dll" id="5f330a2c-7575-4b82-cdc2-dae925c0e744">
      <Execution id="f262e337-0037-4f09-975e-7bfa410ea37b" />
      <TestMethod codeBase="D:\actions-runner\_work\XPCO\XPCO\AllSolutions\..\SC\Components\RemoteViewer\SmartClient\tst\zSmartClient_UnitTest\bin\x64\Debug\net6.0-windows\zSmartClient_UnitTest.dll" adapterTypeName="executor://mstestadapter/v2" className="SmartClient_UnitTest.VideoOS.RemoteClient.Application.Controllers.OemResourceControllerTest" name="MilestoneOemResourcesTest" />
    </UnitTest>
    <UnitTest name="SearchResultsActionBarActions_ActionResultCreateReport_ProgressUpdate_Success" storage="d:\actions-runner\_work\xpco\xpco\allsolutions\..\sc\components\remoteviewer\smartclient\tst\zsmartclient_unittest\bin\x64\debug\net6.0-windows\zsmartclient_unittest.dll" id="e6de12d3-0261-772c-f490-e9dbb1bb9e62">
      <TestCategory>
        <TestCategoryItem TestCategory="SearchResultActionBarViewModel" />
      </TestCategory>
      <Execution id="2fa6dca5-691e-4fd0-bff0-3c470451a936" />
      <TestMethod codeBase="D:\actions-runner\_work\XPCO\XPCO\AllSolutions\..\SC\Components\RemoteViewer\SmartClient\tst\zSmartClient_UnitTest\bin\x64\Debug\net6.0-windows\zSmartClient_UnitTest.dll" adapterTypeName="executor://mstestadapter/v2" className="SmartClient_UnitTest.VideoOS.RemoteClient.Plugin.CentralizedSearch.ViewModels.SearchResultsActionBarViewModelTest" name="SearchResultsActionBarActions_ActionResultCreateReport_ProgressUpdate_Success" />
    </UnitTest>
    <UnitTest name="ShowPermissionDeniedToasts_ShouldShowCorrectNumberOfToasts (5,1)" storage="d:\actions-runner\_work\xpco\xpco\allsolutions\..\sc\components\remoteviewer\smartclient\tst\zsmartclient_unittest\bin\x64\debug\net6.0-windows\zsmartclient_unittest.dll" id="1346e005-ae3a-56c9-a07e-e25c215c66a3">
      <TestCategory>
        <TestCategoryItem TestCategory="Managers" />
      </TestCategory>
      <Execution id="e41f8f67-c82b-4751-aa2f-fab4f7e2f8f2" />
      <TestMethod codeBase="D:\actions-runner\_work\XPCO\XPCO\AllSolutions\..\SC\Components\RemoteViewer\SmartClient\tst\zSmartClient_UnitTest\bin\x64\Debug\net6.0-windows\zSmartClient_UnitTest.dll" adapterTypeName="executor://mstestadapter/v2" className="SmartClient_UnitTest.VideoOS.RemoteClient.Application.Managers.ExportResultsNotificationHelperTests" name="ShowPermissionDeniedToasts_ShouldShowCorrectNumberOfToasts" />
    </UnitTest>
    <UnitTest name="GetLayerFeatures_ShouldReturnOutputLayerFeaturesBasedOnOutputItemsMapLayer_WhenOutputKind" storage="d:\actions-runner\_work\xpco\xpco\allsolutions\..\sc\components\remoteviewer\smartclient\tst\zsmartclient_unittest\bin\x64\debug\net6.0-windows\zsmartclient_unittest.dll" id="d628b9e8-ecd7-5880-2e1a-54156c671e9a">
      <TestCategory>
        <TestCategoryItem TestCategory="GisMapData.Controllers.LayerFeatures" />
      </TestCategory>
      <Execution id="f3688cd3-3662-4173-b881-8ccbfc683461" />
      <TestMethod codeBase="D:\actions-runner\_work\XPCO\XPCO\AllSolutions\..\SC\Components\RemoteViewer\SmartClient\tst\zSmartClient_UnitTest\bin\x64\Debug\net6.0-windows\zSmartClient_UnitTest.dll" adapterTypeName="executor://mstestadapter/v2" className="SmartClient_UnitTest.VideoOS.RemoteClient.GisMapData.Controllers.LayerFeatures.LayerFeaturesControllerTests" name="GetLayerFeatures_ShouldReturnOutputLayerFeaturesBasedOnOutputItemsMapLayer_WhenOutputKind" />
    </UnitTest>
    <UnitTest name="PtzPresetsMenuViewModel_PtzCotrolledByUserTest" storage="d:\actions-runner\_work\xpco\xpco\allsolutions\..\sc\components\remoteviewer\smartclient\tst\zsmartclient_unittest\bin\x64\debug\net6.0-windows\zsmartclient_unittest.dll" id="2f100db4-2fb5-00e2-487e-75a3a7b6d272">
      <Execution id="8a3ce772-02c5-4cab-825e-3a5bdeb83377" />
      <TestMethod codeBase="D:\actions-runner\_work\XPCO\XPCO\AllSolutions\..\SC\Components\RemoteViewer\SmartClient\tst\zSmartClient_UnitTest\bin\x64\Debug\net6.0-windows\zSmartClient_UnitTest.dll" adapterTypeName="executor://mstestadapter/v2" className="SmartClient_UnitTest.VideoOS.RemoteClient.Application.Data.ContentTypes.CameraContentType.PtzPresetsMenuViewModelTest" name="PtzPresetsMenuViewModel_PtzCotrolledByUserTest" />
    </UnitTest>
    <UnitTest name="SupportsDoubleClick_ShouldBeTrue_WhenInteractionStateIsNormalAndInSetupMode" storage="d:\actions-runner\_work\xpco\xpco\allsolutions\..\sc\components\remoteviewer\smartclient\tst\zsmartclient_unittest\bin\x64\debug\net6.0-windows\zsmartclient_unittest.dll" id="8a331f63-bf32-57ca-e19f-2c5fb3b70109">
      <TestCategory>
        <TestCategoryItem TestCategory="GisMap.LinkMarker" />
      </TestCategory>
      <Execution id="394a21d3-2351-487f-99b1-3bd6a2da3b04" />
      <TestMethod codeBase="D:\actions-runner\_work\XPCO\XPCO\AllSolutions\..\SC\Components\RemoteViewer\SmartClient\tst\zSmartClient_UnitTest\bin\x64\Debug\net6.0-windows\zSmartClient_UnitTest.dll" adapterTypeName="executor://mstestadapter/v2" className="SmartClient_UnitTest.VideoOS.RemoteClient.Plugin.GisMap.ThinkGeoMap.Markers.LinkMarker.LinkMarkerTests" name="SupportsDoubleClick_ShouldBeTrue_WhenInteractionStateIsNormalAndInSetupMode" />
    </UnitTest>
    <UnitTest name="GetSearchReportDialog_SelectedSearchResults_Empty_Failure" storage="d:\actions-runner\_work\xpco\xpco\allsolutions\..\sc\components\remoteviewer\smartclient\tst\zsmartclient_unittest\bin\x64\debug\net6.0-windows\zsmartclient_unittest.dll" id="81d4eeef-857b-5bf1-5cd0-3e8726c4f84c">
      <TestCategory>
        <TestCategoryItem TestCategory="Search" />
      </TestCategory>
      <Execution id="36a631b7-b57d-4845-ac1b-6f98ef634277" />
      <TestMethod codeBase="D:\actions-runner\_work\XPCO\XPCO\AllSolutions\..\SC\Components\RemoteViewer\SmartClient\tst\zSmartClient_UnitTest\bin\x64\Debug\net6.0-windows\zSmartClient_UnitTest.dll" adapterTypeName="executor://mstestadapter/v2" className="SmartClient_UnitTest.VideoOS.RemoteClient.Plugin.CentralizedSearch.ViewModels.Utility.SearchReportHandlerTests" name="GetSearchReportDialog_SelectedSearchResults_Empty_Failure" />
    </UnitTest>
    <UnitTest name="Ctor_NullPassedToNotNullParameters_Failure" storage="d:\actions-runner\_work\xpco\xpco\allsolutions\..\sc\components\remoteviewer\smartclient\tst\zsmartclient_unittest\bin\x64\debug\net6.0-windows\zsmartclient_unittest.dll" id="0edc3f32-14dd-b812-075b-a9e435bcc1ca">
      <TestCategory>
        <TestCategoryItem TestCategory="SearchModels" />
      </TestCategory>
      <Execution id="37d399d3-f5d3-4b2b-a697-487c75bbd65e" />
      <TestMethod codeBase="D:\actions-runner\_work\XPCO\XPCO\AllSolutions\..\SC\Components\RemoteViewer\SmartClient\tst\zSmartClient_UnitTest\bin\x64\Debug\net6.0-windows\zSmartClient_UnitTest.dll" adapterTypeName="executor://mstestadapter/v2" className="SmartClient_UnitTest.VideoOS.RemoteClient.Plugin.CentralizedSearch.Models.SearchModelTests" name="Ctor_NullPassedToNotNullParameters_Failure" />
    </UnitTest>
    <UnitTest name="PtzSessionController_DisposeTest" storage="d:\actions-runner\_work\xpco\xpco\allsolutions\..\sc\components\remoteviewer\smartclient\tst\zsmartclient_unittest\bin\x64\debug\net6.0-windows\zsmartclient_unittest.dll" id="ceb42b69-4329-8c68-9d19-b6fb1b9c3ef1">
      <Execution id="f08480cf-dcd6-46e0-abfe-59004f100fe8" />
      <TestMethod codeBase="D:\actions-runner\_work\XPCO\XPCO\AllSolutions\..\SC\Components\RemoteViewer\SmartClient\tst\zSmartClient_UnitTest\bin\x64\Debug\net6.0-windows\zSmartClient_UnitTest.dll" adapterTypeName="executor://mstestadapter/v2" className="VideoOS.RemoteClient.Application.Controllers.UnitTest.PtzSessionControllerTest" name="PtzSessionController_DisposeTest" />
    </UnitTest>
    <UnitTest name="LoadSearchTemplate_NoActiveToNoActive_NoUpdateAndEvent" storage="d:\actions-runner\_work\xpco\xpco\allsolutions\..\sc\components\remoteviewer\smartclient\tst\zsmartclient_unittest\bin\x64\debug\net6.0-windows\zsmartclient_unittest.dll" id="6e9ddeeb-8237-28ab-191f-f32e87858c27">
      <TestCategory>
        <TestCategoryItem TestCategory="SearchTemplates" />
      </TestCategory>
      <Execution id="9cb8c391-913e-405b-9f5c-bd982bb89780" />
      <TestMethod codeBase="D:\actions-runner\_work\XPCO\XPCO\AllSolutions\..\SC\Components\RemoteViewer\SmartClient\tst\zSmartClient_UnitTest\bin\x64\Debug\net6.0-windows\zSmartClient_UnitTest.dll" adapterTypeName="executor://mstestadapter/v2" className="SmartClient_UnitTest.VideoOS.RemoteClient.Plugin.CentralizedSearch.SearchTemplates.SearchTemplateManagerTests" name="LoadSearchTemplate_NoActiveToNoActive_NoUpdateAndEvent" />
    </UnitTest>
    <UnitTest name="Compare_SameTriggerTimeDeterministicBehavior_HashCode_Success" storage="d:\actions-runner\_work\xpco\xpco\allsolutions\..\sc\components\remoteviewer\smartclient\tst\zsmartclient_unittest\bin\x64\debug\net6.0-windows\zsmartclient_unittest.dll" id="d4db1bde-02f2-af75-8dda-4a9596de1dfd">
      <TestCategory>
        <TestCategoryItem TestCategory="SearchComparers" />
      </TestCategory>
      <Execution id="3de33b38-4988-42ef-81bf-45b8d49231b6" />
      <TestMethod codeBase="D:\actions-runner\_work\XPCO\XPCO\AllSolutions\..\SC\Components\RemoteViewer\SmartClient\tst\zSmartClient_UnitTest\bin\x64\Debug\net6.0-windows\zSmartClient_UnitTest.dll" adapterTypeName="executor://mstestadapter/v2" className="SmartClient_UnitTest.VideoOS.RemoteClient.Plugin.CentralizedSearch.Models.Wrappers.Comparers.TriggerTimeComparerTests" name="Compare_SameTriggerTimeDeterministicBehavior_HashCode_Success" />
    </UnitTest>
    <UnitTest name="AddToExportTuples_ShouldReturnCorrectResult (1,0,1)" storage="d:\actions-runner\_work\xpco\xpco\allsolutions\..\sc\components\remoteviewer\smartclient\tst\zsmartclient_unittest\bin\x64\debug\net6.0-windows\zsmartclient_unittest.dll" id="0f9a112c-49fc-58b4-a426-aaecb19145b0">
      <TestCategory>
        <TestCategoryItem TestCategory="Managers" />
      </TestCategory>
      <Execution id="0bcd9eee-5611-4720-94b4-ed4b5bcbc9dd" />
      <TestMethod codeBase="D:\actions-runner\_work\XPCO\XPCO\AllSolutions\..\SC\Components\RemoteViewer\SmartClient\tst\zSmartClient_UnitTest\bin\x64\Debug\net6.0-windows\zSmartClient_UnitTest.dll" adapterTypeName="executor://mstestadapter/v2" className="SmartClient_UnitTest.VideoOS.RemoteClient.Application.Managers.ExportManagerTests" name="AddToExportTuples_ShouldReturnCorrectResult" />
    </UnitTest>
    <UnitTest name="SearchResultDetailsView_MouseDoubleClick_AnimationEnabled_DetailsViewRemovedFromMainGrid" storage="d:\actions-runner\_work\xpco\xpco\allsolutions\..\sc\components\remoteviewer\smartclient\tst\zsmartclient_unittest\bin\x64\debug\net6.0-windows\zsmartclient_unittest.dll" id="d4287150-22c1-db59-46c8-b3a46f9472fc">
      <TestCategory>
        <TestCategoryItem TestCategory="SearchViews" />
      </TestCategory>
      <Execution id="5c2f9a21-bc7c-4e2a-8939-afe5f1c97294" />
      <TestMethod codeBase="D:\actions-runner\_work\XPCO\XPCO\AllSolutions\..\SC\Components\RemoteViewer\SmartClient\tst\zSmartClient_UnitTest\bin\x64\Debug\net6.0-windows\zSmartClient_UnitTest.dll" adapterTypeName="executor://mstestadapter/v2" className="SmartClient_UnitTest.VideoOS.RemoteClient.Plugin.CentralizedSearch.Views.SearchResultsViewTests" name="SearchResultDetailsView_MouseDoubleClick_AnimationEnabled_DetailsViewRemovedFromMainGrid" />
    </UnitTest>
    <UnitTest name="AddItems_SingleMapItem_OneClusterChange" storage="d:\actions-runner\_work\xpco\xpco\allsolutions\..\sc\components\remoteviewer\smartclient\tst\zsmartclient_unittest\bin\x64\debug\net6.0-windows\zsmartclient_unittest.dll" id="7b469b70-7a6f-7a92-2723-c93cd3a56c6f">
      <TestCategory>
        <TestCategoryItem TestCategory="GisMapIndex" />
      </TestCategory>
      <Execution id="b56c1ac9-f434-4f87-92f9-62f644ee2afb" />
      <TestMethod codeBase="D:\actions-runner\_work\XPCO\XPCO\AllSolutions\..\SC\Components\RemoteViewer\SmartClient\tst\zSmartClient_UnitTest\bin\x64\Debug\net6.0-windows\zSmartClient_UnitTest.dll" adapterTypeName="executor://mstestadapter/v2" className="SmartClient_UnitTest.VideoOS.RemoteClient.GisMapData.Common.Indexer.MapItemIndexerTests" name="AddItems_SingleMapItem_OneClusterChange" />
    </UnitTest>
    <UnitTest name="Ctor_OneBuiltInIncompleteGroupDefined_NoCompositeAgentsAdded" storage="d:\actions-runner\_work\xpco\xpco\allsolutions\..\sc\components\remoteviewer\smartclient\tst\zsmartclient_unittest\bin\x64\debug\net6.0-windows\zsmartclient_unittest.dll" id="efcae59c-c765-a30f-3362-183bf9168666">
      <TestCategory>
        <TestCategoryItem TestCategory="ScSearchManager" />
      </TestCategory>
      <Execution id="53facb01-9bc7-4562-9da5-556539acb0b8" />
      <TestMethod codeBase="D:\actions-runner\_work\XPCO\XPCO\AllSolutions\..\SC\Components\RemoteViewer\SmartClient\tst\zSmartClient_UnitTest\bin\x64\Debug\net6.0-windows\zSmartClient_UnitTest.dll" adapterTypeName="executor://mstestadapter/v2" className="SmartClient_UnitTest.VideoOS.RemoteClient.Plugin.CentralizedSearch.MIPPlugin.ScSearchManagerTests" name="Ctor_OneBuiltInIncompleteGroupDefined_NoCompositeAgentsAdded" />
    </UnitTest>
    <UnitTest name="ResultsAvailable_NoResults_Success" storage="d:\actions-runner\_work\xpco\xpco\allsolutions\..\sc\components\remoteviewer\smartclient\tst\zsmartclient_unittest\bin\x64\debug\net6.0-windows\zsmartclient_unittest.dll" id="65f38f06-9057-2883-e0bd-60370f8d7d0d">
      <TestCategory>
        <TestCategoryItem TestCategory="SearchResultViewModels" />
      </TestCategory>
      <Execution id="189d7999-5fcb-479f-bda6-92df946d60bd" />
      <TestMethod codeBase="D:\actions-runner\_work\XPCO\XPCO\AllSolutions\..\SC\Components\RemoteViewer\SmartClient\tst\zSmartClient_UnitTest\bin\x64\Debug\net6.0-windows\zSmartClient_UnitTest.dll" adapterTypeName="executor://mstestadapter/v2" className="SmartClient_UnitTest.VideoOS.RemoteClient.Plugin.CentralizedSearch.ViewModels.SearchResultsViewModelTest" name="ResultsAvailable_NoResults_Success" />
    </UnitTest>
    <UnitTest name="SearchAction_BrowseMode_Now" storage="d:\actions-runner\_work\xpco\xpco\allsolutions\..\sc\components\remoteviewer\smartclient\tst\zsmartclient_unittest\bin\x64\debug\net6.0-windows\zsmartclient_unittest.dll" id="c3ba5d7c-9bf9-1a13-3c27-8e6b50e0674e">
      <TestCategory>
        <TestCategoryItem TestCategory="ContentHolderToolbar" />
      </TestCategory>
      <Execution id="d4d6284b-86a6-440c-b186-c725a34adcb0" />
      <TestMethod codeBase="D:\actions-runner\_work\XPCO\XPCO\AllSolutions\..\SC\Components\RemoteViewer\SmartClient\tst\zSmartClient_UnitTest\bin\x64\Debug\net6.0-windows\zSmartClient_UnitTest.dll" adapterTypeName="executor://mstestadapter/v2" className="SmartClient_UnitTest.VideoOS.RemoteClient.Application.Data.ContentHolderToolbar.ToolBarItemSearchTests" name="SearchAction_BrowseMode_Now" />
    </UnitTest>
    <UnitTest name="ScWorkspaceStateChangedEvent_ShouldSetDeviceStateToDeactivated_WhenSwitchingToSetupMode" storage="d:\actions-runner\_work\xpco\xpco\allsolutions\..\sc\components\remoteviewer\smartclient\tst\zsmartclient_unittest\bin\x64\debug\net6.0-windows\zsmartclient_unittest.dll" id="91d14b34-4712-1785-f0d4-572e813a795e">
      <TestCategory>
        <TestCategoryItem TestCategory="GisMapData.MapLayers" />
      </TestCategory>
      <Execution id="0b32b662-76a7-4b1e-a406-4ffe064cc982" />
      <TestMethod codeBase="D:\actions-runner\_work\XPCO\XPCO\AllSolutions\..\SC\Components\RemoteViewer\SmartClient\tst\zSmartClient_UnitTest\bin\x64\Debug\net6.0-windows\zSmartClient_UnitTest.dll" adapterTypeName="executor://mstestadapter/v2" className="SmartClient_UnitTest.VideoOS.RemoteClient.GisMapData.MapLayers.OutputItemsMapLayerTests" name="ScWorkspaceStateChangedEvent_ShouldSetDeviceStateToDeactivated_WhenSwitchingToSetupMode" />
    </UnitTest>
    <UnitTest name="Toolbar_IsVisible_WhenNotInLiveOrPlayback_ReactsTo_ButtonBecomingVisible" storage="d:\actions-runner\_work\xpco\xpco\allsolutions\..\sc\components\remoteviewer\smartclient\tst\zsmartclient_unittest\bin\x64\debug\net6.0-windows\zsmartclient_unittest.dll" id="a50d2941-a3c6-9371-026f-bc022ac6c222">
      <TestCategory>
        <TestCategoryItem TestCategory="WorkspaceToolbar" />
      </TestCategory>
      <Execution id="bc22d734-b345-4abf-9a86-ca6cf8c01bd2" />
      <TestMethod codeBase="D:\actions-runner\_work\XPCO\XPCO\AllSolutions\..\SC\Components\RemoteViewer\SmartClient\tst\zSmartClient_UnitTest\bin\x64\Debug\net6.0-windows\zSmartClient_UnitTest.dll" adapterTypeName="executor://mstestadapter/v2" className="SmartClient_UnitTest.VideoOS.RemoteClient.Application.UI.Content.WorkspaceToolbar.WorkspaceToolbarViewModelTests" name="Toolbar_IsVisible_WhenNotInLiveOrPlayback_ReactsTo_ButtonBecomingVisible" />
    </UnitTest>
    <UnitTest name="PtzSessionController_Start_Test" storage="d:\actions-runner\_work\xpco\xpco\allsolutions\..\sc\components\remoteviewer\smartclient\tst\zsmartclient_unittest\bin\x64\debug\net6.0-windows\zsmartclient_unittest.dll" id="2111d8db-c64b-ce9e-32b3-88fa21541431">
      <Execution id="d2cea984-352a-4abb-a550-ce361af98408" />
      <TestMethod codeBase="D:\actions-runner\_work\XPCO\XPCO\AllSolutions\..\SC\Components\RemoteViewer\SmartClient\tst\zSmartClient_UnitTest\bin\x64\Debug\net6.0-windows\zSmartClient_UnitTest.dll" adapterTypeName="executor://mstestadapter/v2" className="VideoOS.RemoteClient.Application.Controllers.UnitTest.PtzSessionControllerTest" name="PtzSessionController_Start_Test" />
    </UnitTest>
    <UnitTest name="SearchResultsActionBarActions_CreateEvidenceLock_OptionUnavailable_NotEnabled" storage="d:\actions-runner\_work\xpco\xpco\allsolutions\..\sc\components\remoteviewer\smartclient\tst\zsmartclient_unittest\bin\x64\debug\net6.0-windows\zsmartclient_unittest.dll" id="b15c0dd5-d448-b8b2-12b9-2297f983e50d">
      <TestCategory>
        <TestCategoryItem TestCategory="SearchResultActionBarViewModel" />
      </TestCategory>
      <Execution id="30030794-51db-477c-840f-8007a8114b05" />
      <TestMethod codeBase="D:\actions-runner\_work\XPCO\XPCO\AllSolutions\..\SC\Components\RemoteViewer\SmartClient\tst\zSmartClient_UnitTest\bin\x64\Debug\net6.0-windows\zSmartClient_UnitTest.dll" adapterTypeName="executor://mstestadapter/v2" className="SmartClient_UnitTest.VideoOS.RemoteClient.Plugin.CentralizedSearch.ViewModels.SearchResultsActionBarViewModelTest" name="SearchResultsActionBarActions_CreateEvidenceLock_OptionUnavailable_NotEnabled" />
    </UnitTest>
    <UnitTest name="SelectedDuration_ShouldRevertToPreviousSelection_WhenCustomIntervalSelectionPopupIsClosedWithoutBeingSetOrCancelled" storage="d:\actions-runner\_work\xpco\xpco\allsolutions\..\sc\components\remoteviewer\smartclient\tst\zsmartclient_unittest\bin\x64\debug\net6.0-windows\zsmartclient_unittest.dll" id="f4ab981e-0c0f-f2f3-f99e-665599b904ff">
      <TestCategory>
        <TestCategoryItem TestCategory="SearchViewModels" />
      </TestCategory>
      <Execution id="7a5cf5ac-7754-4ad4-a6e7-e57727f83716" />
      <TestMethod codeBase="D:\actions-runner\_work\XPCO\XPCO\AllSolutions\..\SC\Components\RemoteViewer\SmartClient\tst\zSmartClient_UnitTest\bin\x64\Debug\net6.0-windows\zSmartClient_UnitTest.dll" adapterTypeName="executor://mstestadapter/v2" className="SmartClient_UnitTest.VideoOS.RemoteClient.Plugin.CentralizedSearch.ViewModels.SearchViewModelTests" name="SelectedDuration_ShouldRevertToPreviousSelection_WhenCustomIntervalSelectionPopupIsClosedWithoutBeingSetOrCancelled" />
    </UnitTest>
    <UnitTest name="PatrollingProfileListViewModel_Constructor_ArgumentNull" storage="d:\actions-runner\_work\xpco\xpco\allsolutions\..\sc\components\remoteviewer\smartclient\tst\zsmartclient_unittest\bin\x64\debug\net6.0-windows\zsmartclient_unittest.dll" id="fe59fd9d-eb33-67df-fe2b-87a233e68931">
      <Execution id="ba40b5b5-f31b-4bb6-9a72-fddac7268747" />
      <TestMethod codeBase="D:\actions-runner\_work\XPCO\XPCO\AllSolutions\..\SC\Components\RemoteViewer\SmartClient\tst\zSmartClient_UnitTest\bin\x64\Debug\net6.0-windows\zSmartClient_UnitTest.dll" adapterTypeName="executor://mstestadapter/v2" className="SmartClient_UnitTest.VideoOS.RemoteClient.Application.UI.PtzPreset.PatrollingViewModel.PatrollingProfileListViewModelTest" name="PatrollingProfileListViewModel_Constructor_ArgumentNull" />
    </UnitTest>
    <UnitTest name="CloseDeviceSelectorUserControl_ShouldCallDispose_WhenUserControlImplementsIDisposable" storage="d:\actions-runner\_work\xpco\xpco\allsolutions\..\sc\components\remoteviewer\smartclient\tst\zsmartclient_unittest\bin\x64\debug\net6.0-windows\zsmartclient_unittest.dll" id="9060f73f-d5fa-875e-8bed-572cba260200">
      <TestCategory>
        <TestCategoryItem TestCategory="GisMap.UI.DeviceSelectors.PanelComponents" />
      </TestCategory>
      <Execution id="5a4a680e-e77f-463c-b861-10fcbf076a17" />
      <TestMethod codeBase="D:\actions-runner\_work\XPCO\XPCO\AllSolutions\..\SC\Components\RemoteViewer\SmartClient\tst\zSmartClient_UnitTest\bin\x64\Debug\net6.0-windows\zSmartClient_UnitTest.dll" adapterTypeName="executor://mstestadapter/v2" className="SmartClient_UnitTest.VideoOS.RemoteClient.Plugin.GisMap.UI.DeviceSelectors.PanelComponents.DeviceSelectorPanelComponentTests" name="CloseDeviceSelectorUserControl_ShouldCallDispose_WhenUserControlImplementsIDisposable" />
    </UnitTest>
    <UnitTest name="CreateDefinition_NoItems_SearchNotStarted" storage="d:\actions-runner\_work\xpco\xpco\allsolutions\..\sc\components\remoteviewer\smartclient\tst\zsmartclient_unittest\bin\x64\debug\net6.0-windows\zsmartclient_unittest.dll" id="3d65563e-5c93-99b0-3def-2e75403bb40e">
      <TestCategory>
        <TestCategoryItem TestCategory="SearchModels" />
      </TestCategory>
      <Execution id="b5d73595-3926-494a-84cb-012d8235f9d6" />
      <TestMethod codeBase="D:\actions-runner\_work\XPCO\XPCO\AllSolutions\..\SC\Components\RemoteViewer\SmartClient\tst\zSmartClient_UnitTest\bin\x64\Debug\net6.0-windows\zSmartClient_UnitTest.dll" adapterTypeName="executor://mstestadapter/v2" className="SmartClient_UnitTest.VideoOS.RemoteClient.Plugin.CentralizedSearch.Models.SearchModelTests" name="CreateDefinition_NoItems_SearchNotStarted" />
    </UnitTest>
    <UnitTest name="SignUrl_WhereUrlIsValid_ReturnsUrlWithSignature" storage="d:\actions-runner\_work\xpco\xpco\allsolutions\..\sc\components\remoteviewer\smartclient\tst\zsmartclient_unittest\bin\x64\debug\net6.0-windows\zsmartclient_unittest.dll" id="f6b2dd1a-21fb-6c4a-e3a3-9cff7ca08b77">
      <Execution id="c72466cd-753e-4d38-ac72-23ca997cf554" />
      <TestMethod codeBase="D:\actions-runner\_work\XPCO\XPCO\AllSolutions\..\SC\Components\RemoteViewer\SmartClient\tst\zSmartClient_UnitTest\bin\x64\Debug\net6.0-windows\zSmartClient_UnitTest.dll" adapterTypeName="executor://mstestadapter/v2" className="SmartClient_UnitTest.VideoOS.RemoteClient.Plugin.GisMap.Utilities.GoogleApiUrlTest" name="SignUrl_WhereUrlIsValid_ReturnsUrlWithSignature" />
    </UnitTest>
    <UnitTest name="AddSelectedWindowsToExport_ShouldShowCorrectToastMessages (5,5,5)" storage="d:\actions-runner\_work\xpco\xpco\allsolutions\..\sc\components\remoteviewer\smartclient\tst\zsmartclient_unittest\bin\x64\debug\net6.0-windows\zsmartclient_unittest.dll" id="da60daa2-2199-7e98-b742-6cba793e7440">
      <TestCategory>
        <TestCategoryItem TestCategory="Managers" />
      </TestCategory>
      <Execution id="79aaa249-fd17-4372-ae0d-b3f331bce7f8" />
      <TestMethod codeBase="D:\actions-runner\_work\XPCO\XPCO\AllSolutions\..\SC\Components\RemoteViewer\SmartClient\tst\zSmartClient_UnitTest\bin\x64\Debug\net6.0-windows\zSmartClient_UnitTest.dll" adapterTypeName="executor://mstestadapter/v2" className="SmartClient_UnitTest.VideoOS.RemoteClient.Application.Managers.ExportManagerTests" name="AddSelectedWindowsToExport_ShouldShowCorrectToastMessages" />
    </UnitTest>
    <UnitTest name="PtzSessionInfoDto_ShouldYieldSameValues_WhenRoundTripConverted" storage="d:\actions-runner\_work\xpco\xpco\allsolutions\..\sc\components\remoteviewer\smartclient\tst\zsmartclient_unittest\bin\x64\debug\net6.0-windows\zsmartclient_unittest.dll" id="fdf9438a-27a4-c417-e139-bbc64b5e5709">
      <TestCategory>
        <TestCategoryItem TestCategory="RecorderProxyToDtoMapping" />
      </TestCategory>
      <Execution id="7aca1d7c-7d6d-4103-94b9-80ac83b3b7e2" />
      <TestMethod codeBase="D:\actions-runner\_work\XPCO\XPCO\AllSolutions\..\SC\Components\RemoteViewer\SmartClient\tst\zSmartClient_UnitTest\bin\x64\Debug\net6.0-windows\zSmartClient_UnitTest.dll" adapterTypeName="executor://mstestadapter/v2" className="VideoOS.Shared.ServerAPI.SOAP.RecorderClientMappingTests" name="PtzSessionInfoDto_ShouldYieldSameValues_WhenRoundTripConverted" />
    </UnitTest>
    <UnitTest name="PatrollingStepListViewModel_AddStepCommand" storage="d:\actions-runner\_work\xpco\xpco\allsolutions\..\sc\components\remoteviewer\smartclient\tst\zsmartclient_unittest\bin\x64\debug\net6.0-windows\zsmartclient_unittest.dll" id="7b500be0-a5d4-b64a-b894-c5511ab58617">
      <Execution id="27a9bea7-6053-47e8-84bd-31996cf5d0df" />
      <TestMethod codeBase="D:\actions-runner\_work\XPCO\XPCO\AllSolutions\..\SC\Components\RemoteViewer\SmartClient\tst\zSmartClient_UnitTest\bin\x64\Debug\net6.0-windows\zSmartClient_UnitTest.dll" adapterTypeName="executor://mstestadapter/v2" className="SmartClient_UnitTest.VideoOS.RemoteClient.Application.UI.PtzPreset.PatrollingViewModel.PatrollingStepListViewModelTest" name="PatrollingStepListViewModel_AddStepCommand" />
    </UnitTest>
    <UnitTest name="TestAttachedView_WithKeepInMemory_Success" storage="d:\actions-runner\_work\xpco\xpco\allsolutions\..\sc\components\remoteviewer\smartclient\tst\zsmartclient_unittest\bin\x64\debug\net6.0-windows\zsmartclient_unittest.dll" id="2ce1ff21-6093-7b3b-54d2-6773bfebe33a">
      <Execution id="4131c705-034b-4c3e-ac83-73c5dbc1c0fc" />
      <TestMethod codeBase="D:\actions-runner\_work\XPCO\XPCO\AllSolutions\..\SC\Components\RemoteViewer\SmartClient\tst\zSmartClient_UnitTest\bin\x64\Debug\net6.0-windows\zSmartClient_UnitTest.dll" adapterTypeName="executor://mstestadapter/v2" className="SmartClient_UnitTest.VideoOS.RemoteClient.Application.Controllers.WorkSpace.WorkSpaceItemTest" name="TestAttachedView_WithKeepInMemory_Success" />
    </UnitTest>
    <UnitTest name="AlwaysPutViewGroupsBeforeGroupsAndViews" storage="d:\actions-runner\_work\xpco\xpco\allsolutions\..\sc\components\remoteviewer\smartclient\tst\zsmartclient_unittest\bin\x64\debug\net6.0-windows\zsmartclient_unittest.dll" id="fab1182a-1ea1-5a85-a52f-fa7890fd3d44">
      <Execution id="147ce22d-bd71-4d57-a7a6-6f233ac68a3f" />
      <TestMethod codeBase="D:\actions-runner\_work\XPCO\XPCO\AllSolutions\..\SC\Components\RemoteViewer\SmartClient\tst\zSmartClient_UnitTest\bin\x64\Debug\net6.0-windows\zSmartClient_UnitTest.dll" adapterTypeName="executor://mstestadapter/v2" className="SmartClient_UnitTest.VideoOS.RemoteClient.Application.UI.Common.ViewTree.SortingTests" name="AlwaysPutViewGroupsBeforeGroupsAndViews" />
    </UnitTest>
    <UnitTest name="GisMap_Create_MembersInitializedOK" storage="d:\actions-runner\_work\xpco\xpco\allsolutions\..\sc\components\remoteviewer\smartclient\tst\zsmartclient_unittest\bin\x64\debug\net6.0-windows\zsmartclient_unittest.dll" id="923f1aa7-880c-4c72-8f5e-a07409280a9b">
      <TestCategory>
        <TestCategoryItem TestCategory="GisMap" />
      </TestCategory>
      <Execution id="e4a58269-1f84-4059-b8bb-7b9fb87a8f1e" />
      <TestMethod codeBase="D:\actions-runner\_work\XPCO\XPCO\AllSolutions\..\SC\Components\RemoteViewer\SmartClient\tst\zSmartClient_UnitTest\bin\x64\Debug\net6.0-windows\zSmartClient_UnitTest.dll" adapterTypeName="executor://mstestadapter/v2" className="SmartClient_UnitTest.VideoOS.RemoteClient.GisMapData.GisMapBasicTests" name="GisMap_Create_MembersInitializedOK" />
    </UnitTest>
    <UnitTest name="HandleGetDeviceData_ShouldReturnNotFoundDeviceData_WhenCameraKindAndNonExistingCameraId" storage="d:\actions-runner\_work\xpco\xpco\allsolutions\..\sc\components\remoteviewer\smartclient\tst\zsmartclient_unittest\bin\x64\debug\net6.0-windows\zsmartclient_unittest.dll" id="945b4c83-9f91-b5d9-8e70-c736523c2f6f">
      <TestCategory>
        <TestCategoryItem TestCategory="GisMap.Handlers.Devices.MapItems" />
      </TestCategory>
      <Execution id="d3d32ba0-7daa-4dd3-b77c-d26291f1afdd" />
      <TestMethod codeBase="D:\actions-runner\_work\XPCO\XPCO\AllSolutions\..\SC\Components\RemoteViewer\SmartClient\tst\zSmartClient_UnitTest\bin\x64\Debug\net6.0-windows\zSmartClient_UnitTest.dll" adapterTypeName="executor://mstestadapter/v2" className="SmartClient_UnitTest.VideoOS.RemoteClient.Plugin.GisMap.Handlers.Devices.MapItems.CameraDataHandlerTests" name="HandleGetDeviceData_ShouldReturnNotFoundDeviceData_WhenCameraKindAndNonExistingCameraId" />
    </UnitTest>
    <UnitTest name="SearchResultContainerView_OnItemActivated_SearchResultNotSelected" storage="d:\actions-runner\_work\xpco\xpco\allsolutions\..\sc\components\remoteviewer\smartclient\tst\zsmartclient_unittest\bin\x64\debug\net6.0-windows\zsmartclient_unittest.dll" id="a54693d6-edca-b2f0-c9d1-6e253deb3c9c">
      <TestCategory>
        <TestCategoryItem TestCategory="SearchViews" />
      </TestCategory>
      <Execution id="2accc798-2a0b-4c7c-bade-6c11c491cc9d" />
      <TestMethod codeBase="D:\actions-runner\_work\XPCO\XPCO\AllSolutions\..\SC\Components\RemoteViewer\SmartClient\tst\zSmartClient_UnitTest\bin\x64\Debug\net6.0-windows\zSmartClient_UnitTest.dll" adapterTypeName="executor://mstestadapter/v2" className="SmartClient_UnitTest.VideoOS.RemoteClient.Plugin.CentralizedSearch.Views.SearchResultsViewTests" name="SearchResultContainerView_OnItemActivated_SearchResultNotSelected" />
    </UnitTest>
    <UnitTest name="UpdateAttributeValue_ValidAttributeAndCriteria_DisplayValueUpdated" storage="d:\actions-runner\_work\xpco\xpco\allsolutions\..\sc\components\remoteviewer\smartclient\tst\zsmartclient_unittest\bin\x64\debug\net6.0-windows\zsmartclient_unittest.dll" id="80cc67c7-792e-07c8-c20a-98cfccf11348">
      <TestCategory>
        <TestCategoryItem TestCategory="Search" />
      </TestCategory>
      <Execution id="6c27a932-7025-435e-8b3b-8e29042c9b18" />
      <TestMethod codeBase="D:\actions-runner\_work\XPCO\XPCO\AllSolutions\..\SC\Components\RemoteViewer\SmartClient\tst\zSmartClient_UnitTest\bin\x64\Debug\net6.0-windows\zSmartClient_UnitTest.dll" adapterTypeName="executor://mstestadapter/v2" className="SmartClient_UnitTest.VideoOS.RemoteClient.Plugin.CentralizedSearch.ViewModels.SearchAttributeViewModelTests" name="UpdateAttributeValue_ValidAttributeAndCriteria_DisplayValueUpdated" />
    </UnitTest>
    <UnitTest name="AudioControllerOnDevicesLockEvent_ShouldDisableMicrophones_WhenLockingAudioDevicesAndApplicationIsInLiveMode" storage="d:\actions-runner\_work\xpco\xpco\allsolutions\..\sc\components\remoteviewer\smartclient\tst\zsmartclient_unittest\bin\x64\debug\net6.0-windows\zsmartclient_unittest.dll" id="47ac3dda-7749-2f44-950d-c0fd39257f55">
      <TestCategory>
        <TestCategoryItem TestCategory="GisMapData.MapLayers" />
      </TestCategory>
      <Execution id="12c31af8-cfcd-4e2a-be02-29e28546d5f5" />
      <TestMethod codeBase="D:\actions-runner\_work\XPCO\XPCO\AllSolutions\..\SC\Components\RemoteViewer\SmartClient\tst\zSmartClient_UnitTest\bin\x64\Debug\net6.0-windows\zSmartClient_UnitTest.dll" adapterTypeName="executor://mstestadapter/v2" className="SmartClient_UnitTest.VideoOS.RemoteClient.GisMapData.MapLayers.MicrophoneItemsMapLayerTests" name="AudioControllerOnDevicesLockEvent_ShouldDisableMicrophones_WhenLockingAudioDevicesAndApplicationIsInLiveMode" />
    </UnitTest>
    <UnitTest name="UpdateScope_ScopeDurationChange_ReturnsTrue" storage="d:\actions-runner\_work\xpco\xpco\allsolutions\..\sc\components\remoteviewer\smartclient\tst\zsmartclient_unittest\bin\x64\debug\net6.0-windows\zsmartclient_unittest.dll" id="27f45b32-e46d-1c8f-ae71-a8a2f0519cb3">
      <TestCategory>
        <TestCategoryItem TestCategory="SearchModels" />
      </TestCategory>
      <Execution id="fc8ab8f2-3642-4819-abf9-3dea87e69880" />
      <TestMethod codeBase="D:\actions-runner\_work\XPCO\XPCO\AllSolutions\..\SC\Components\RemoteViewer\SmartClient\tst\zSmartClient_UnitTest\bin\x64\Debug\net6.0-windows\zSmartClient_UnitTest.dll" adapterTypeName="executor://mstestadapter/v2" className="SmartClient_UnitTest.VideoOS.RemoteClient.Plugin.CentralizedSearch.Models.SearchScopeTests" name="UpdateScope_ScopeDurationChange_ReturnsTrue" />
    </UnitTest>
    <UnitTest name="ValidateExportFormats_SmartClientPlayerFormat_ShouldReturnFailResult_ViewItemCommentRequired" storage="d:\actions-runner\_work\xpco\xpco\allsolutions\..\sc\components\remoteviewer\smartclient\tst\zsmartclient_unittest\bin\x64\debug\net6.0-windows\zsmartclient_unittest.dll" id="e18e3570-53c3-3508-0442-177c4a2f785b">
      <TestCategory>
        <TestCategoryItem TestCategory="Export" />
      </TestCategory>
      <Execution id="09da9fa2-1dc4-4fbb-a0d2-0010f8e4ab5c" />
      <TestMethod codeBase="D:\actions-runner\_work\XPCO\XPCO\AllSolutions\..\SC\Components\RemoteViewer\SmartClient\tst\zSmartClient_UnitTest\bin\x64\Debug\net6.0-windows\zSmartClient_UnitTest.dll" adapterTypeName="executor://mstestadapter/v2" className="SmartClient_UnitTest.VideoOS.RemoteClient.Plugin.Export.ExportDataValidatorTests" name="ValidateExportFormats_SmartClientPlayerFormat_ShouldReturnFailResult_ViewItemCommentRequired" />
    </UnitTest>
    <UnitTest name="Model_UpdateBuildingMapItems_Success" storage="d:\actions-runner\_work\xpco\xpco\allsolutions\..\sc\components\remoteviewer\smartclient\tst\zsmartclient_unittest\bin\x64\debug\net6.0-windows\zsmartclient_unittest.dll" id="2f768a08-79d1-a2fa-f632-631b61e890cb">
      <TestCategory>
        <TestCategoryItem TestCategory="GisMap" />
      </TestCategory>
      <Execution id="5b12fb45-09b9-4c8d-933a-f4f2e8b49326" />
      <TestMethod codeBase="D:\actions-runner\_work\XPCO\XPCO\AllSolutions\..\SC\Components\RemoteViewer\SmartClient\tst\zSmartClient_UnitTest\bin\x64\Debug\net6.0-windows\zSmartClient_UnitTest.dll" adapterTypeName="executor://mstestadapter/v2" className="SmartClient_UnitTest.VideoOS.RemoteClient.GisMapData.GisMapBasicTests" name="Model_UpdateBuildingMapItems_Success" />
    </UnitTest>
    <UnitTest name="ErrorInModel_Updates_LastError" storage="d:\actions-runner\_work\xpco\xpco\allsolutions\..\sc\components\remoteviewer\smartclient\tst\zsmartclient_unittest\bin\x64\debug\net6.0-windows\zsmartclient_unittest.dll" id="b6d0f186-52a1-85f5-8e22-24d46ac1ac11">
      <TestCategory>
        <TestCategoryItem TestCategory="GisMap" />
      </TestCategory>
      <Execution id="c7163e52-5ef5-46e5-9232-836ea26f77f8" />
      <TestMethod codeBase="D:\actions-runner\_work\XPCO\XPCO\AllSolutions\..\SC\Components\RemoteViewer\SmartClient\tst\zSmartClient_UnitTest\bin\x64\Debug\net6.0-windows\zSmartClient_UnitTest.dll" adapterTypeName="executor://mstestadapter/v2" className="SmartClient_UnitTest.VideoOS.RemoteClient.GisMapData.GisMapBasicTests" name="ErrorInModel_Updates_LastError" />
    </UnitTest>
    <UnitTest name="PatrollingStepListViewModel_ConvertToIPatrollingSteps" storage="d:\actions-runner\_work\xpco\xpco\allsolutions\..\sc\components\remoteviewer\smartclient\tst\zsmartclient_unittest\bin\x64\debug\net6.0-windows\zsmartclient_unittest.dll" id="e36d83f9-6b5d-9305-3ea9-821cb3744fa4">
      <Execution id="d1687091-d33d-4356-b3b7-6a5c41136613" />
      <TestMethod codeBase="D:\actions-runner\_work\XPCO\XPCO\AllSolutions\..\SC\Components\RemoteViewer\SmartClient\tst\zSmartClient_UnitTest\bin\x64\Debug\net6.0-windows\zSmartClient_UnitTest.dll" adapterTypeName="executor://mstestadapter/v2" className="SmartClient_UnitTest.VideoOS.RemoteClient.Application.UI.PtzPreset.PatrollingViewModel.PatrollingStepListViewModelTest" name="PatrollingStepListViewModel_ConvertToIPatrollingSteps" />
    </UnitTest>
    <UnitTest name="Ctor_Success" storage="d:\actions-runner\_work\xpco\xpco\allsolutions\..\sc\components\remoteviewer\smartclient\tst\zsmartclient_unittest\bin\x64\debug\net6.0-windows\zsmartclient_unittest.dll" id="6754b662-82b1-e1e8-5fb7-5034b721677b">
      <TestCategory>
        <TestCategoryItem TestCategory="Search" />
      </TestCategory>
      <Execution id="26def3d4-9f44-4f2a-ae65-616884336179" />
      <TestMethod codeBase="D:\actions-runner\_work\XPCO\XPCO\AllSolutions\..\SC\Components\RemoteViewer\SmartClient\tst\zSmartClient_UnitTest\bin\x64\Debug\net6.0-windows\zSmartClient_UnitTest.dll" adapterTypeName="executor://mstestadapter/v2" className="SmartClient_UnitTest.VideoOS.RemoteClient.Plugin.CentralizedSearch.ViewModels.Data.SnapshotHandlerTests" name="Ctor_Success" />
    </UnitTest>
    <UnitTest name="Password_ShouldThrow_InvalidOperationException_WhenConstructedUsingExternal" storage="d:\actions-runner\_work\xpco\xpco\allsolutions\..\sc\components\remoteviewer\smartclient\tst\zsmartclient_unittest\bin\x64\debug\net6.0-windows\zsmartclient_unittest.dll" id="1ae4eff8-6b2f-6b05-41a0-15eb97967c7f">
      <TestCategory>
        <TestCategoryItem TestCategory="Authentication.ClientCredentials" />
      </TestCategory>
      <Execution id="90e69944-0539-45fa-91c7-b23a93391236" />
      <TestMethod codeBase="D:\actions-runner\_work\XPCO\XPCO\AllSolutions\..\SC\Components\RemoteViewer\SmartClient\tst\zSmartClient_UnitTest\bin\x64\Debug\net6.0-windows\zSmartClient_UnitTest.dll" adapterTypeName="executor://mstestadapter/v2" className="SmartClient_UnitTest.VideoOS.Shared.ServerAPI.ClientCredentialsTest" name="Password_ShouldThrow_InvalidOperationException_WhenConstructedUsingExternal" />
    </UnitTest>
    <UnitTest name="SaveStateTo_OrderResultsBy_Success" storage="d:\actions-runner\_work\xpco\xpco\allsolutions\..\sc\components\remoteviewer\smartclient\tst\zsmartclient_unittest\bin\x64\debug\net6.0-windows\zsmartclient_unittest.dll" id="6a53a4fc-af98-30a6-3b55-6aeeac9be0be">
      <TestCategory>
        <TestCategoryItem TestCategory="SearchResultViewModels" />
      </TestCategory>
      <Execution id="c9b37ec0-89a4-4e04-9412-48e4db519caa" />
      <TestMethod codeBase="D:\actions-runner\_work\XPCO\XPCO\AllSolutions\..\SC\Components\RemoteViewer\SmartClient\tst\zSmartClient_UnitTest\bin\x64\Debug\net6.0-windows\zSmartClient_UnitTest.dll" adapterTypeName="executor://mstestadapter/v2" className="SmartClient_UnitTest.VideoOS.RemoteClient.Plugin.CentralizedSearch.ViewModels.SearchResultsViewModelTest" name="SaveStateTo_OrderResultsBy_Success" />
    </UnitTest>
    <UnitTest name="ToDenormalizedDirection_Minus0_75" storage="d:\actions-runner\_work\xpco\xpco\allsolutions\..\sc\components\remoteviewer\smartclient\tst\zsmartclient_unittest\bin\x64\debug\net6.0-windows\zsmartclient_unittest.dll" id="7b659e8c-3001-c494-d28a-2939a6d49456">
      <TestCategory>
        <TestCategoryItem TestCategory="GisMap" />
      </TestCategory>
      <Execution id="5dadf5b4-aacb-4f83-92df-309f9082c0f1" />
      <TestMethod codeBase="D:\actions-runner\_work\XPCO\XPCO\AllSolutions\..\SC\Components\RemoteViewer\SmartClient\tst\zSmartClient_UnitTest\bin\x64\Debug\net6.0-windows\zSmartClient_UnitTest.dll" adapterTypeName="executor://mstestadapter/v2" className="SmartClient_UnitTest.VideoOS.RemoteClient.GisMap.Utilities.GisUtilityTests" name="ToDenormalizedDirection_Minus0_75" />
    </UnitTest>
    <UnitTest name="AttributeValueGet_NotNullValue_Success" storage="d:\actions-runner\_work\xpco\xpco\allsolutions\..\sc\components\remoteviewer\smartclient\tst\zsmartclient_unittest\bin\x64\debug\net6.0-windows\zsmartclient_unittest.dll" id="98e4ae88-2a6f-4ea6-fc3c-66faedd2526c">
      <TestCategory>
        <TestCategoryItem TestCategory="Search" />
      </TestCategory>
      <Execution id="90090404-1515-4316-b3e3-4182c665e75c" />
      <TestMethod codeBase="D:\actions-runner\_work\XPCO\XPCO\AllSolutions\..\SC\Components\RemoteViewer\SmartClient\tst\zSmartClient_UnitTest\bin\x64\Debug\net6.0-windows\zSmartClient_UnitTest.dll" adapterTypeName="executor://mstestadapter/v2" className="SmartClient_UnitTest.VideoOS.RemoteClient.Plugin.CentralizedSearch.MIPPlugin.Criteria.TextBoxAttributeEditControlTest" name="AttributeValueGet_NotNullValue_Success" />
    </UnitTest>
    <UnitTest name="GisMapLayerSource_CreateFrom_Success" storage="d:\actions-runner\_work\xpco\xpco\allsolutions\..\sc\components\remoteviewer\smartclient\tst\zsmartclient_unittest\bin\x64\debug\net6.0-windows\zsmartclient_unittest.dll" id="d64e21f7-4ea3-a5fe-a361-c369ca14a84e">
      <TestCategory>
        <TestCategoryItem TestCategory="GisMap" />
      </TestCategory>
      <Execution id="a40b772d-0b90-4959-913d-b0623eaf1b3b" />
      <TestMethod codeBase="D:\actions-runner\_work\XPCO\XPCO\AllSolutions\..\SC\Components\RemoteViewer\SmartClient\tst\zSmartClient_UnitTest\bin\x64\Debug\net6.0-windows\zSmartClient_UnitTest.dll" adapterTypeName="executor://mstestadapter/v2" className="SmartClient_UnitTest.VideoOS.RemoteClient.GisMapData.GisMapBasicTests" name="GisMapLayerSource_CreateFrom_Success" />
    </UnitTest>
    <UnitTest name="SequenceTypeDto_ShouldYieldSameValues_WhenRoundTripConverted" storage="d:\actions-runner\_work\xpco\xpco\allsolutions\..\sc\components\remoteviewer\smartclient\tst\zsmartclient_unittest\bin\x64\debug\net6.0-windows\zsmartclient_unittest.dll" id="2696c9e3-385a-1f49-5d53-6a80871ac3fe">
      <TestCategory>
        <TestCategoryItem TestCategory="RecorderProxyToDtoMapping" />
      </TestCategory>
      <Execution id="7ef0519f-6c24-4a01-8b67-31aa4af4c762" />
      <TestMethod codeBase="D:\actions-runner\_work\XPCO\XPCO\AllSolutions\..\SC\Components\RemoteViewer\SmartClient\tst\zSmartClient_UnitTest\bin\x64\Debug\net6.0-windows\zSmartClient_UnitTest.dll" adapterTypeName="executor://mstestadapter/v2" className="VideoOS.Shared.ServerAPI.SOAP.RecorderClientMappingTests" name="SequenceTypeDto_ShouldYieldSameValues_WhenRoundTripConverted" />
    </UnitTest>
    <UnitTest name="DeleteMapItems_ShouldReturnFalse_WhenUserDeclinesDeletionOfSingleItem" storage="d:\actions-runner\_work\xpco\xpco\allsolutions\..\sc\components\remoteviewer\smartclient\tst\zsmartclient_unittest\bin\x64\debug\net6.0-windows\zsmartclient_unittest.dll" id="dd8ceee9-e0da-460a-3a9b-41ccef9e8e3e">
      <TestCategory>
        <TestCategoryItem TestCategory="GisMapModelController" />
      </TestCategory>
      <Execution id="8d207b88-3983-442f-b9d9-9022e6108e98" />
      <TestMethod codeBase="D:\actions-runner\_work\XPCO\XPCO\AllSolutions\..\SC\Components\RemoteViewer\SmartClient\tst\zSmartClient_UnitTest\bin\x64\Debug\net6.0-windows\zSmartClient_UnitTest.dll" adapterTypeName="executor://mstestadapter/v2" className="SmartClient_UnitTest.VideoOS.RemoteClient.GisMapData.GisMapModelControllerTests" name="DeleteMapItems_ShouldReturnFalse_WhenUserDeclinesDeletionOfSingleItem" />
    </UnitTest>
    <UnitTest name="GetDeviceData_ShouldReturnNotFoundDeviceData_WhenNotSupportedKind" storage="d:\actions-runner\_work\xpco\xpco\allsolutions\..\sc\components\remoteviewer\smartclient\tst\zsmartclient_unittest\bin\x64\debug\net6.0-windows\zsmartclient_unittest.dll" id="bcf3e398-10f5-c5db-c0c4-dde95790e302">
      <TestCategory>
        <TestCategoryItem TestCategory="GisMap.Controllers.Devices.MapItems" />
      </TestCategory>
      <Execution id="f26d27e6-5eda-49be-b3ba-021304995853" />
      <TestMethod codeBase="D:\actions-runner\_work\XPCO\XPCO\AllSolutions\..\SC\Components\RemoteViewer\SmartClient\tst\zSmartClient_UnitTest\bin\x64\Debug\net6.0-windows\zSmartClient_UnitTest.dll" adapterTypeName="executor://mstestadapter/v2" className="SmartClient_UnitTest.VideoOS.RemoteClient.Plugin.GisMap.Controllers.Devices.MapItems.DeviceDataControllerTests" name="GetDeviceData_ShouldReturnNotFoundDeviceData_WhenNotSupportedKind" />
    </UnitTest>
    <UnitTest name="Compare_NullVsNotNullDescending_LessThan" storage="d:\actions-runner\_work\xpco\xpco\allsolutions\..\sc\components\remoteviewer\smartclient\tst\zsmartclient_unittest\bin\x64\debug\net6.0-windows\zsmartclient_unittest.dll" id="a112e5f5-c328-3fe0-6f6d-307e1fa97026">
      <TestCategory>
        <TestCategoryItem TestCategory="SearchComparers" />
      </TestCategory>
      <Execution id="c95fb80f-812d-4262-a49b-bee2b9f7ee67" />
      <TestMethod codeBase="D:\actions-runner\_work\XPCO\XPCO\AllSolutions\..\SC\Components\RemoteViewer\SmartClient\tst\zSmartClient_UnitTest\bin\x64\Debug\net6.0-windows\zSmartClient_UnitTest.dll" adapterTypeName="executor://mstestadapter/v2" className="SmartClient_UnitTest.VideoOS.RemoteClient.Plugin.CentralizedSearch.Models.Wrappers.Comparers.BeginTimeWithPaddingComparerTests" name="Compare_NullVsNotNullDescending_LessThan" />
    </UnitTest>
    <UnitTest name="NavigateAndSelectAsync_ReCenterCommandUsesOriginalValues" storage="d:\actions-runner\_work\xpco\xpco\allsolutions\..\sc\components\remoteviewer\smartclient\tst\zsmartclient_unittest\bin\x64\debug\net6.0-windows\zsmartclient_unittest.dll" id="4af45186-897f-200d-9f00-a1608aaab093">
      <TestCategory>
        <TestCategoryItem TestCategory="GisMap.GisMapViewModel" />
      </TestCategory>
      <Execution id="8d6f39ba-1a25-4b44-aaec-e8314ded7c8d" />
      <TestMethod codeBase="D:\actions-runner\_work\XPCO\XPCO\AllSolutions\..\SC\Components\RemoteViewer\SmartClient\tst\zSmartClient_UnitTest\bin\x64\Debug\net6.0-windows\zSmartClient_UnitTest.dll" adapterTypeName="executor://mstestadapter/v2" className="SmartClient_UnitTest.VideoOS.RemoteClient.Plugin.GisMap.ViewModels.GisMapViewModelTests" name="NavigateAndSelectAsync_ReCenterCommandUsesOriginalValues" />
    </UnitTest>
    <UnitTest name="UserHasCreatePublicSearchPermission_HasCreatePermission_ReturnsTrue" storage="d:\actions-runner\_work\xpco\xpco\allsolutions\..\sc\components\remoteviewer\smartclient\tst\zsmartclient_unittest\bin\x64\debug\net6.0-windows\zsmartclient_unittest.dll" id="6bca5693-82fe-719f-17b6-6224c9668233">
      <TestCategory>
        <TestCategoryItem TestCategory="SearchTemplates" />
      </TestCategory>
      <Execution id="274ee987-6e25-4e7a-bf6c-a3b0f6c5834c" />
      <TestMethod codeBase="D:\actions-runner\_work\XPCO\XPCO\AllSolutions\..\SC\Components\RemoteViewer\SmartClient\tst\zSmartClient_UnitTest\bin\x64\Debug\net6.0-windows\zSmartClient_UnitTest.dll" adapterTypeName="executor://mstestadapter/v2" className="SmartClient_UnitTest.VideoOS.RemoteClient.Plugin.CentralizedSearch.SearchTemplates.SearchTemplateManagerTests" name="UserHasCreatePublicSearchPermission_HasCreatePermission_ReturnsTrue" />
    </UnitTest>
    <UnitTest name="Ctor_OneBuiltInGroupDefined_OneCompositeAgentAdded" storage="d:\actions-runner\_work\xpco\xpco\allsolutions\..\sc\components\remoteviewer\smartclient\tst\zsmartclient_unittest\bin\x64\debug\net6.0-windows\zsmartclient_unittest.dll" id="5358a71c-808a-a4c2-6851-01de58a4759c">
      <TestCategory>
        <TestCategoryItem TestCategory="ScSearchManager" />
      </TestCategory>
      <Execution id="323bd22c-8ffe-4f0d-84c1-24d8acb658de" />
      <TestMethod codeBase="D:\actions-runner\_work\XPCO\XPCO\AllSolutions\..\SC\Components\RemoteViewer\SmartClient\tst\zSmartClient_UnitTest\bin\x64\Debug\net6.0-windows\zSmartClient_UnitTest.dll" adapterTypeName="executor://mstestadapter/v2" className="SmartClient_UnitTest.VideoOS.RemoteClient.Plugin.CentralizedSearch.MIPPlugin.ScSearchManagerTests" name="Ctor_OneBuiltInGroupDefined_OneCompositeAgentAdded" />
    </UnitTest>
    <UnitTest name="DoubleClickOnPreviewPlayer_ShouldOpenDetailsViewWithoutAnimation_WhenFocusedItemIsNotNullAndAnimationsAreDisabled" storage="d:\actions-runner\_work\xpco\xpco\allsolutions\..\sc\components\remoteviewer\smartclient\tst\zsmartclient_unittest\bin\x64\debug\net6.0-windows\zsmartclient_unittest.dll" id="c0728f95-ecc1-be8f-b46d-a960462fa608">
      <TestCategory>
        <TestCategoryItem TestCategory="SearchViews" />
      </TestCategory>
      <Execution id="9d257cb7-6f9c-49c3-92f9-77aa164706f6" />
      <TestMethod codeBase="D:\actions-runner\_work\XPCO\XPCO\AllSolutions\..\SC\Components\RemoteViewer\SmartClient\tst\zSmartClient_UnitTest\bin\x64\Debug\net6.0-windows\zSmartClient_UnitTest.dll" adapterTypeName="executor://mstestadapter/v2" className="SmartClient_UnitTest.VideoOS.RemoteClient.Plugin.CentralizedSearch.Views.SearchResultsViewTests" name="DoubleClickOnPreviewPlayer_ShouldOpenDetailsViewWithoutAnimation_WhenFocusedItemIsNotNullAndAnimationsAreDisabled" />
    </UnitTest>
    <UnitTest name="UpdateRecorderInfoTest" storage="d:\actions-runner\_work\xpco\xpco\allsolutions\..\sc\components\remoteviewer\smartclient\tst\zsmartclient_unittest\bin\x64\debug\net6.0-windows\zsmartclient_unittest.dll" id="6e09ad1b-dc7a-2da6-6085-ead018e4d60b">
      <Execution id="000b4e97-4a7c-4c10-9b5f-21ddaa0b571e" />
      <TestMethod codeBase="D:\actions-runner\_work\XPCO\XPCO\AllSolutions\..\SC\Components\RemoteViewer\SmartClient\tst\zSmartClient_UnitTest\bin\x64\Debug\net6.0-windows\zSmartClient_UnitTest.dll" adapterTypeName="executor://mstestadapter/v2" className="SmartClient_UnitTest.VideoOS.Shared.ServerAPI.IServerConfigurationTest" name="UpdateRecorderInfoTest" />
    </UnitTest>
    <UnitTest name="Empty password" storage="d:\actions-runner\_work\xpco\xpco\allsolutions\..\sc\components\remoteviewer\smartclient\tst\zsmartclient_unittest\bin\x64\debug\net6.0-windows\zsmartclient_unittest.dll" id="8f3e7c48-bb88-696a-3cb3-b7922e8f86c1">
      <TestCategory>
        <TestCategoryItem TestCategory="Export" />
      </TestCategory>
      <Execution id="85646cfd-8d6d-47bc-987b-591a6a928900" />
      <TestMethod codeBase="D:\actions-runner\_work\XPCO\XPCO\AllSolutions\..\SC\Components\RemoteViewer\SmartClient\tst\zSmartClient_UnitTest\bin\x64\Debug\net6.0-windows\zSmartClient_UnitTest.dll" adapterTypeName="executor://mstestadapter/v2" className="SmartClient_UnitTest.VideoOS.RemoteClient.Plugin.Export.PasswordDialogViewModelTests" name="SettingPassword1_ShouldSetIsPassword1Valid" />
    </UnitTest>
    <UnitTest name="ActiveInteractionStateBinding_ShouldOnlyContainNormalAndNewDevice_WhenCtorIsCalled" storage="d:\actions-runner\_work\xpco\xpco\allsolutions\..\sc\components\remoteviewer\smartclient\tst\zsmartclient_unittest\bin\x64\debug\net6.0-windows\zsmartclient_unittest.dll" id="3ff6b5d8-f141-7a2b-08b3-b0a5923ed411">
      <TestCategory>
        <TestCategoryItem TestCategory="GisMap.InputMarkerTest" />
      </TestCategory>
      <Execution id="ab29428c-743d-49bd-bddb-6934c3249702" />
      <TestMethod codeBase="D:\actions-runner\_work\XPCO\XPCO\AllSolutions\..\SC\Components\RemoteViewer\SmartClient\tst\zSmartClient_UnitTest\bin\x64\Debug\net6.0-windows\zSmartClient_UnitTest.dll" adapterTypeName="executor://mstestadapter/v2" className="SmartClient_UnitTest.VideoOS.RemoteClient.Plugin.GisMap.ThinkGeoMap.Markers.DeviceMarkers.InputMarker.InputMarkerTests" name="ActiveInteractionStateBinding_ShouldOnlyContainNormalAndNewDevice_WhenCtorIsCalled" />
    </UnitTest>
    <UnitTest name="Ctor_NullItems_ThrowsException" storage="d:\actions-runner\_work\xpco\xpco\allsolutions\..\sc\components\remoteviewer\smartclient\tst\zsmartclient_unittest\bin\x64\debug\net6.0-windows\zsmartclient_unittest.dll" id="27f390ff-a294-3ac4-6f34-9d39f621e68b">
      <Execution id="71a2b6c4-c06e-40e7-bbd1-6d375512eda2" />
      <TestMethod codeBase="D:\actions-runner\_work\XPCO\XPCO\AllSolutions\..\SC\Components\RemoteViewer\SmartClient\tst\zSmartClient_UnitTest\bin\x64\Debug\net6.0-windows\zSmartClient_UnitTest.dll" adapterTypeName="executor://mstestadapter/v2" className="SmartClient_UnitTest.VideoOS.RemoteClient.Application.UI.Common.MessageBoxWithList.MessageBoxWithListViewModelTests" name="Ctor_NullItems_ThrowsException" />
    </UnitTest>
    <UnitTest name="AddToExportTuples_ShouldReturnCorrectResult (0,1,0)" storage="d:\actions-runner\_work\xpco\xpco\allsolutions\..\sc\components\remoteviewer\smartclient\tst\zsmartclient_unittest\bin\x64\debug\net6.0-windows\zsmartclient_unittest.dll" id="eaf31246-ac2a-9db5-b972-39aa2ca6d2e0">
      <TestCategory>
        <TestCategoryItem TestCategory="Managers" />
      </TestCategory>
      <Execution id="13d6799c-f7ef-41af-9497-1d6575d063a3" />
      <TestMethod codeBase="D:\actions-runner\_work\XPCO\XPCO\AllSolutions\..\SC\Components\RemoteViewer\SmartClient\tst\zSmartClient_UnitTest\bin\x64\Debug\net6.0-windows\zSmartClient_UnitTest.dll" adapterTypeName="executor://mstestadapter/v2" className="SmartClient_UnitTest.VideoOS.RemoteClient.Application.Managers.ExportManagerTests" name="AddToExportTuples_ShouldReturnCorrectResult" />
    </UnitTest>
    <UnitTest name="CameraMapItem_AddWithViewZone_XpcoServer_Success" storage="d:\actions-runner\_work\xpco\xpco\allsolutions\..\sc\components\remoteviewer\smartclient\tst\zsmartclient_unittest\bin\x64\debug\net6.0-windows\zsmartclient_unittest.dll" id="8a1568a6-ad98-67e4-8764-7fa07b40b0f4">
      <TestCategory>
        <TestCategoryItem TestCategory="GisMapMapItem" />
      </TestCategory>
      <Execution id="029b4ebb-ffcb-46f7-966e-5204c3830041" />
      <TestMethod codeBase="D:\actions-runner\_work\XPCO\XPCO\AllSolutions\..\SC\Components\RemoteViewer\SmartClient\tst\zSmartClient_UnitTest\bin\x64\Debug\net6.0-windows\zSmartClient_UnitTest.dll" adapterTypeName="executor://mstestadapter/v2" className="SmartClient_UnitTest.VideoOS.RemoteClient.GisMap.MapItem.MapItemTests" name="CameraMapItem_AddWithViewZone_XpcoServer_Success" />
    </UnitTest>
    <UnitTest name="DeviceIcons_ShouldBeCached_WhenCalled" storage="d:\actions-runner\_work\xpco\xpco\allsolutions\..\sc\components\remoteviewer\smartclient\tst\zsmartclient_unittest\bin\x64\debug\net6.0-windows\zsmartclient_unittest.dll" id="98a7490b-a0d5-3f84-ad1f-205206139c5a">
      <TestCategory>
        <TestCategoryItem TestCategory="GisMapData.InputOemResourcesProviderTests" />
      </TestCategory>
      <Execution id="baf446a2-68b0-4106-beba-0406f11fc552" />
      <TestMethod codeBase="D:\actions-runner\_work\XPCO\XPCO\AllSolutions\..\SC\Components\RemoteViewer\SmartClient\tst\zSmartClient_UnitTest\bin\x64\Debug\net6.0-windows\zSmartClient_UnitTest.dll" adapterTypeName="executor://mstestadapter/v2" className="SmartClient_UnitTest.VideoOS.RemoteClient.GisMapData.Resources.InputOemResourcesProviderTests" name="DeviceIcons_ShouldBeCached_WhenCalled" />
    </UnitTest>
    <UnitTest name="Create_Retention_Time_Cannot_Be_Before_1900_Test_Rollback_After_Valid_Value" storage="d:\actions-runner\_work\xpco\xpco\allsolutions\..\sc\components\remoteviewer\smartclient\tst\zsmartclient_unittest\bin\x64\debug\net6.0-windows\zsmartclient_unittest.dll" id="a316d943-455b-a96d-fb1b-0c24977fe437">
      <Execution id="86153a22-d647-4c2c-a00b-1e776aef5fa2" />
      <TestMethod codeBase="D:\actions-runner\_work\XPCO\XPCO\AllSolutions\..\SC\Components\RemoteViewer\SmartClient\tst\zSmartClient_UnitTest\bin\x64\Debug\net6.0-windows\zSmartClient_UnitTest.dll" adapterTypeName="executor://mstestadapter/v2" className="SmartClient_UnitTest.VideoOS.RemoteClient.Application.Components.EvidenceLock.EvidenceLockCreateEditTests" name="Create_Retention_Time_Cannot_Be_Before_1900_Test_Rollback_After_Valid_Value" />
    </UnitTest>
    <UnitTest name="Serialize_ScopeItemsOnly_Success" storage="d:\actions-runner\_work\xpco\xpco\allsolutions\..\sc\components\remoteviewer\smartclient\tst\zsmartclient_unittest\bin\x64\debug\net6.0-windows\zsmartclient_unittest.dll" id="cf838b6b-7995-4cd7-4849-142f7382a183">
      <TestCategory>
        <TestCategoryItem TestCategory="SearchSerialization" />
      </TestCategory>
      <Execution id="7b32e4aa-78d9-4f76-8191-121610ba1afc" />
      <TestMethod codeBase="D:\actions-runner\_work\XPCO\XPCO\AllSolutions\..\SC\Components\RemoteViewer\SmartClient\tst\zSmartClient_UnitTest\bin\x64\Debug\net6.0-windows\zSmartClient_UnitTest.dll" adapterTypeName="executor://mstestadapter/v2" className="SmartClient_UnitTest.VideoOS.RemoteClient.Plugin.CentralizedSearch.Models.Serialization.SearchSerializerTests" name="Serialize_ScopeItemsOnly_Success" />
    </UnitTest>
    <UnitTest name="Toolbar_IsVisible_WhenInLive" storage="d:\actions-runner\_work\xpco\xpco\allsolutions\..\sc\components\remoteviewer\smartclient\tst\zsmartclient_unittest\bin\x64\debug\net6.0-windows\zsmartclient_unittest.dll" id="1153276a-4acc-8389-9593-9aed2f86bdf6">
      <TestCategory>
        <TestCategoryItem TestCategory="WorkspaceToolbar" />
      </TestCategory>
      <Execution id="b69498b0-0390-4ee2-84e2-87fdd153afc4" />
      <TestMethod codeBase="D:\actions-runner\_work\XPCO\XPCO\AllSolutions\..\SC\Components\RemoteViewer\SmartClient\tst\zSmartClient_UnitTest\bin\x64\Debug\net6.0-windows\zSmartClient_UnitTest.dll" adapterTypeName="executor://mstestadapter/v2" className="SmartClient_UnitTest.VideoOS.RemoteClient.Application.UI.Content.WorkspaceToolbar.WorkspaceToolbarViewModelTests" name="Toolbar_IsVisible_WhenInLive" />
    </UnitTest>
    <UnitTest name="CreateSearchResultUserControl_AllMappings_Success" storage="d:\actions-runner\_work\xpco\xpco\allsolutions\..\sc\components\remoteviewer\smartclient\tst\zsmartclient_unittest\bin\x64\debug\net6.0-windows\zsmartclient_unittest.dll" id="ff967a29-b052-9b02-d0d2-90cfa45b8b4f">
      <TestCategory>
        <TestCategoryItem TestCategory="Search" />
      </TestCategory>
      <Execution id="b89262a9-de9f-4eac-94d0-29033f4283a4" />
      <TestMethod codeBase="D:\actions-runner\_work\XPCO\XPCO\AllSolutions\..\SC\Components\RemoteViewer\SmartClient\tst\zSmartClient_UnitTest\bin\x64\Debug\net6.0-windows\zSmartClient_UnitTest.dll" adapterTypeName="executor://mstestadapter/v2" className="SmartClient_UnitTest.VideoOS.RemoteClient.Plugin.CentralizedSearch.MIPPlugin.ScSearchUserControlPluginTest" name="CreateSearchResultUserControl_AllMappings_Success" />
    </UnitTest>
    <UnitTest name="LoadInitialState_ValidStateInStateManage_ReturnsStateFromStateManager" storage="d:\actions-runner\_work\xpco\xpco\allsolutions\..\sc\components\remoteviewer\smartclient\tst\zsmartclient_unittest\bin\x64\debug\net6.0-windows\zsmartclient_unittest.dll" id="9dcc893b-d6ef-d5e3-81ca-720cad492687">
      <TestCategory>
        <TestCategoryItem TestCategory="Search" />
      </TestCategory>
      <Execution id="94cbc650-aac5-4383-af80-d1ee69171cac" />
      <TestMethod codeBase="D:\actions-runner\_work\XPCO\XPCO\AllSolutions\..\SC\Components\RemoteViewer\SmartClient\tst\zSmartClient_UnitTest\bin\x64\Debug\net6.0-windows\zSmartClient_UnitTest.dll" adapterTypeName="executor://mstestadapter/v2" className="SmartClient_UnitTest.VideoOS.RemoteClient.Plugin.CentralizedSearch.CentralizedSearchContentHolderTests" name="LoadInitialState_ValidStateInStateManage_ReturnsStateFromStateManager" />
    </UnitTest>
    <UnitTest name="SetSelectedDuration_ValidScopeDurations_SelectedTimeScopeSet" storage="d:\actions-runner\_work\xpco\xpco\allsolutions\..\sc\components\remoteviewer\smartclient\tst\zsmartclient_unittest\bin\x64\debug\net6.0-windows\zsmartclient_unittest.dll" id="b1a54d71-5c4b-5e18-0c40-6a96ee3db5e8">
      <TestCategory>
        <TestCategoryItem TestCategory="SearchViewModels" />
      </TestCategory>
      <Execution id="2f478b93-202e-4d46-ad2e-6196f6e358d8" />
      <TestMethod codeBase="D:\actions-runner\_work\XPCO\XPCO\AllSolutions\..\SC\Components\RemoteViewer\SmartClient\tst\zSmartClient_UnitTest\bin\x64\Debug\net6.0-windows\zSmartClient_UnitTest.dll" adapterTypeName="executor://mstestadapter/v2" className="SmartClient_UnitTest.VideoOS.RemoteClient.Plugin.CentralizedSearch.ViewModels.SearchViewModelTests" name="SetSelectedDuration_ValidScopeDurations_SelectedTimeScopeSet" />
    </UnitTest>
    <UnitTest name="SearchFilterCategoryGet_TwoSearchAgentsWithOverlappingFilters_AllFiltersAdded" storage="d:\actions-runner\_work\xpco\xpco\allsolutions\..\sc\components\remoteviewer\smartclient\tst\zsmartclient_unittest\bin\x64\debug\net6.0-windows\zsmartclient_unittest.dll" id="a3b47612-c41f-b6f9-cd26-71a4607bc51d">
      <TestCategory>
        <TestCategoryItem TestCategory="Search" />
      </TestCategory>
      <Execution id="00b74338-0c0b-4e62-87b5-459dcc8755ad" />
      <TestMethod codeBase="D:\actions-runner\_work\XPCO\XPCO\AllSolutions\..\SC\Components\RemoteViewer\SmartClient\tst\zSmartClient_UnitTest\bin\x64\Debug\net6.0-windows\zSmartClient_UnitTest.dll" adapterTypeName="executor://mstestadapter/v2" className="SmartClient_UnitTest.VideoOS.RemoteClient.Plugin.CentralizedSearch.MIPPlugin.CompositeSearchAgentTests" name="SearchFilterCategoryGet_TwoSearchAgentsWithOverlappingFilters_AllFiltersAdded" />
    </UnitTest>
    <UnitTest name="DoubleClickOnPreviewPlayer_ShouldNotOpenDetailsView_WhenFocusedItemIsNull" storage="d:\actions-runner\_work\xpco\xpco\allsolutions\..\sc\components\remoteviewer\smartclient\tst\zsmartclient_unittest\bin\x64\debug\net6.0-windows\zsmartclient_unittest.dll" id="113f0a6f-863e-d128-89b6-fd830e00edfd">
      <TestCategory>
        <TestCategoryItem TestCategory="SearchViews" />
      </TestCategory>
      <Execution id="da4a42a5-d32e-4a19-9730-02ce97633242" />
      <TestMethod codeBase="D:\actions-runner\_work\XPCO\XPCO\AllSolutions\..\SC\Components\RemoteViewer\SmartClient\tst\zSmartClient_UnitTest\bin\x64\Debug\net6.0-windows\zSmartClient_UnitTest.dll" adapterTypeName="executor://mstestadapter/v2" className="SmartClient_UnitTest.VideoOS.RemoteClient.Plugin.CentralizedSearch.Views.SearchResultsViewTests" name="DoubleClickOnPreviewPlayer_ShouldNotOpenDetailsView_WhenFocusedItemIsNull" />
    </UnitTest>
    <UnitTest name="ResolveGenericResultProperties_ShouldReturnGenericPropertiesFromASingleSearchResult_WhenGivenASingleSearchResult" storage="d:\actions-runner\_work\xpco\xpco\allsolutions\..\sc\components\remoteviewer\smartclient\tst\zsmartclient_unittest\bin\x64\debug\net6.0-windows\zsmartclient_unittest.dll" id="cbb16c95-d728-15c5-f7f7-7aec1e98ffde">
      <TestCategory>
        <TestCategoryItem TestCategory="Search" />
      </TestCategory>
      <Execution id="c2397f77-09c2-419e-9185-aaf4b35d4075" />
      <TestMethod codeBase="D:\actions-runner\_work\XPCO\XPCO\AllSolutions\..\SC\Components\RemoteViewer\SmartClient\tst\zSmartClient_UnitTest\bin\x64\Debug\net6.0-windows\zSmartClient_UnitTest.dll" adapterTypeName="executor://mstestadapter/v2" className="SmartClient_UnitTest.VideoOS.RemoteClient.Plugin.CentralizedSearch.Utils.SearchResultDataWrapperExtensionsTests" name="ResolveGenericResultProperties_ShouldReturnGenericPropertiesFromASingleSearchResult_WhenGivenASingleSearchResult" />
    </UnitTest>
    <UnitTest name="TestSave_Success" storage="d:\actions-runner\_work\xpco\xpco\allsolutions\..\sc\components\remoteviewer\smartclient\tst\zsmartclient_unittest\bin\x64\debug\net6.0-windows\zsmartclient_unittest.dll" id="6eb63bb3-0a07-3cfb-8d0a-86ee2a28be11">
      <TestCategory>
        <TestCategoryItem TestCategory="GisMapBuilding" />
      </TestCategory>
      <Execution id="3e666fe9-edca-4f4a-b4ea-8433ccb97cd1" />
      <TestMethod codeBase="D:\actions-runner\_work\XPCO\XPCO\AllSolutions\..\SC\Components\RemoteViewer\SmartClient\tst\zSmartClient_UnitTest\bin\x64\Debug\net6.0-windows\zSmartClient_UnitTest.dll" adapterTypeName="executor://mstestadapter/v2" className="SmartClient_UnitTest.VideoOS.RemoteClient.GisMapData.MapBuildings.MapLevelTests" name="TestSave_Success" />
    </UnitTest>
    <UnitTest name="CreateExportDialog_CanSelectExportToOptics_WithOpticalDrivesPresent" storage="d:\actions-runner\_work\xpco\xpco\allsolutions\..\sc\components\remoteviewer\smartclient\tst\zsmartclient_unittest\bin\x64\debug\net6.0-windows\zsmartclient_unittest.dll" id="02e79180-7231-3946-3d30-86e386fbe7e5">
      <TestCategory>
        <TestCategoryItem TestCategory="Export" />
      </TestCategory>
      <Execution id="f109c43a-9b89-45f0-a08c-951c4a0d907c" />
      <TestMethod codeBase="D:\actions-runner\_work\XPCO\XPCO\AllSolutions\..\SC\Components\RemoteViewer\SmartClient\tst\zSmartClient_UnitTest\bin\x64\Debug\net6.0-windows\zSmartClient_UnitTest.dll" adapterTypeName="executor://mstestadapter/v2" className="SmartClient_UnitTest.VideoOS.RemoteClient.Plugin.Export.CreateExportDialogViewModelTests" name="CreateExportDialog_CanSelectExportToOptics_WithOpticalDrivesPresent" />
    </UnitTest>
    <UnitTest name="LoadSearchTemplate_NoActiveToNewActive_UpdateAndEvent" storage="d:\actions-runner\_work\xpco\xpco\allsolutions\..\sc\components\remoteviewer\smartclient\tst\zsmartclient_unittest\bin\x64\debug\net6.0-windows\zsmartclient_unittest.dll" id="165287bc-bef0-3870-c69b-a17243fed1fc">
      <TestCategory>
        <TestCategoryItem TestCategory="SearchTemplates" />
      </TestCategory>
      <Execution id="5d014f27-6ce7-4c37-aea0-fbedbf6b3bac" />
      <TestMethod codeBase="D:\actions-runner\_work\XPCO\XPCO\AllSolutions\..\SC\Components\RemoteViewer\SmartClient\tst\zSmartClient_UnitTest\bin\x64\Debug\net6.0-windows\zSmartClient_UnitTest.dll" adapterTypeName="executor://mstestadapter/v2" className="SmartClient_UnitTest.VideoOS.RemoteClient.Plugin.CentralizedSearch.SearchTemplates.SearchTemplateManagerTests" name="LoadSearchTemplate_NoActiveToNewActive_UpdateAndEvent" />
    </UnitTest>
    <UnitTest name="Convert_InvalidArgumentCount_MoreThanExpected_Collapsed" storage="d:\actions-runner\_work\xpco\xpco\allsolutions\..\sc\components\remoteviewer\smartclient\tst\zsmartclient_unittest\bin\x64\debug\net6.0-windows\zsmartclient_unittest.dll" id="f8f04b21-fad0-48a3-39ca-a5f162fe7d64">
      <TestCategory>
        <TestCategoryItem TestCategory="SearchConverter" />
      </TestCategory>
      <Execution id="01730046-7a6a-4871-8536-ea4fd13d3844" />
      <TestMethod codeBase="D:\actions-runner\_work\XPCO\XPCO\AllSolutions\..\SC\Components\RemoteViewer\SmartClient\tst\zSmartClient_UnitTest\bin\x64\Debug\net6.0-windows\zSmartClient_UnitTest.dll" adapterTypeName="executor://mstestadapter/v2" className="SmartClient_UnitTest.VideoOS.RemoteClient.Plugin.CentralizedSearch.Views.Converters.NoCriteriaSelectedGridVisibilityConverterTests" name="Convert_InvalidArgumentCount_MoreThanExpected_Collapsed" />
    </UnitTest>
    <UnitTest name="ConvertBack_ShouldAlwaysThrowException" storage="d:\actions-runner\_work\xpco\xpco\allsolutions\..\sc\components\remoteviewer\smartclient\tst\zsmartclient_unittest\bin\x64\debug\net6.0-windows\zsmartclient_unittest.dll" id="8d265b40-4d86-0fef-5f08-51df41bf9c7a">
      <Execution id="ae94893a-d85a-4be4-bbb3-3a130645dca9" />
      <TestMethod codeBase="D:\actions-runner\_work\XPCO\XPCO\AllSolutions\..\SC\Components\RemoteViewer\SmartClient\tst\zSmartClient_UnitTest\bin\x64\Debug\net6.0-windows\zSmartClient_UnitTest.dll" adapterTypeName="executor://mstestadapter/v2" className="SmartClient_UnitTest.VideoOS.Common.UIThemes.ContentToTooltipTextConverterTests" name="ConvertBack_ShouldAlwaysThrowException" />
    </UnitTest>
    <UnitTest name="Cameras_where_the_user_has_no_RetentionCreate_rights_can_be_still_re_added" storage="d:\actions-runner\_work\xpco\xpco\allsolutions\..\sc\components\remoteviewer\smartclient\tst\zsmartclient_unittest\bin\x64\debug\net6.0-windows\zsmartclient_unittest.dll" id="94358fa8-5ab7-9379-cdbb-784e07581698">
      <Execution id="83ec3202-2242-45f1-87c1-f6b9c96211b9" />
      <TestMethod codeBase="D:\actions-runner\_work\XPCO\XPCO\AllSolutions\..\SC\Components\RemoteViewer\SmartClient\tst\zSmartClient_UnitTest\bin\x64\Debug\net6.0-windows\zSmartClient_UnitTest.dll" adapterTypeName="executor://mstestadapter/v2" className="SmartClient_UnitTest.VideoOS.RemoteClient.Application.Components.EvidenceLock.EvidenceLockEditModeUserRightTests" name="Cameras_where_the_user_has_no_RetentionCreate_rights_can_be_still_re_added" />
    </UnitTest>
    <UnitTest name="TestMethod1" storage="d:\actions-runner\_work\xpco\xpco\allsolutions\..\sc\components\remoteviewer\smartclient\tst\zsmartclient_unittest\bin\x64\debug\net6.0-windows\zsmartclient_unittest.dll" id="55b69ff1-41fd-5c44-e2a8-b279d7828993">
      <Execution id="0de6e436-49e1-4ed7-ba8d-0352de186910" />
      <TestMethod codeBase="D:\actions-runner\_work\XPCO\XPCO\AllSolutions\..\SC\Components\RemoteViewer\SmartClient\tst\zSmartClient_UnitTest\bin\x64\Debug\net6.0-windows\zSmartClient_UnitTest.dll" adapterTypeName="executor://mstestadapter/v2" className="SmartClient_UnitTest.VideoOS.RemoteClient.GisMap.ViewModels.ContextMenu.ContextMenuViewModelTests" name="TestMethod1" />
    </UnitTest>
    <UnitTest name="PopulateTooltip_ManyResultsFromManyCameras24Hours_ValidText" storage="d:\actions-runner\_work\xpco\xpco\allsolutions\..\sc\components\remoteviewer\smartclient\tst\zsmartclient_unittest\bin\x64\debug\net6.0-windows\zsmartclient_unittest.dll" id="85b176e4-fb59-5c82-65b9-233680a9d61b">
      <TestCategory>
        <TestCategoryItem TestCategory="SearchControls" />
      </TestCategory>
      <Execution id="d0567369-6d04-43ae-854c-6b012035139a" />
      <TestMethod codeBase="D:\actions-runner\_work\XPCO\XPCO\AllSolutions\..\SC\Components\RemoteViewer\SmartClient\tst\zSmartClient_UnitTest\bin\x64\Debug\net6.0-windows\zSmartClient_UnitTest.dll" adapterTypeName="executor://mstestadapter/v2" className="SmartClient_UnitTest.VideoOS.RemoteClient.Plugin.CentralizedSearch.Views.Controls.TimelineRuler.TimelineRulerControlTests" name="PopulateTooltip_ManyResultsFromManyCameras24Hours_ValidText" />
    </UnitTest>
    <UnitTest name="PopulateTooltip_SingleResultsFromFewCameras24Hours_ValidText" storage="d:\actions-runner\_work\xpco\xpco\allsolutions\..\sc\components\remoteviewer\smartclient\tst\zsmartclient_unittest\bin\x64\debug\net6.0-windows\zsmartclient_unittest.dll" id="07e2d80c-1c7c-425d-45d2-9a4739a86a66">
      <TestCategory>
        <TestCategoryItem TestCategory="SearchControls" />
      </TestCategory>
      <Execution id="00ed3eee-c6b2-4fb6-b4d9-f419282dfcc3" />
      <TestMethod codeBase="D:\actions-runner\_work\XPCO\XPCO\AllSolutions\..\SC\Components\RemoteViewer\SmartClient\tst\zSmartClient_UnitTest\bin\x64\Debug\net6.0-windows\zSmartClient_UnitTest.dll" adapterTypeName="executor://mstestadapter/v2" className="SmartClient_UnitTest.VideoOS.RemoteClient.Plugin.CentralizedSearch.Views.Controls.TimelineRuler.TimelineRulerControlTests" name="PopulateTooltip_SingleResultsFromFewCameras24Hours_ValidText" />
    </UnitTest>
    <UnitTest name="SmartSearchResultDto_ShouldYieldSameValues_WhenRoundTripConverted" storage="d:\actions-runner\_work\xpco\xpco\allsolutions\..\sc\components\remoteviewer\smartclient\tst\zsmartclient_unittest\bin\x64\debug\net6.0-windows\zsmartclient_unittest.dll" id="13732851-1316-f3ba-505c-1b7f66e1148d">
      <TestCategory>
        <TestCategoryItem TestCategory="RecorderProxyToDtoMapping" />
      </TestCategory>
      <Execution id="7c395173-dd75-4e25-b262-19706416ff70" />
      <TestMethod codeBase="D:\actions-runner\_work\XPCO\XPCO\AllSolutions\..\SC\Components\RemoteViewer\SmartClient\tst\zSmartClient_UnitTest\bin\x64\Debug\net6.0-windows\zSmartClient_UnitTest.dll" adapterTypeName="executor://mstestadapter/v2" className="VideoOS.Shared.ServerAPI.SOAP.RecorderClientMappingTests" name="SmartSearchResultDto_ShouldYieldSameValues_WhenRoundTripConverted" />
    </UnitTest>
    <UnitTest name="AndOrSearchDefinitionToCornerRadiusMultiConverter_CallConvert_FirstAnd" storage="d:\actions-runner\_work\xpco\xpco\allsolutions\..\sc\components\remoteviewer\smartclient\tst\zsmartclient_unittest\bin\x64\debug\net6.0-windows\zsmartclient_unittest.dll" id="06bd11df-bf70-d0e2-a507-7181600bcc81">
      <TestCategory>
        <TestCategoryItem TestCategory="SearchConverter" />
      </TestCategory>
      <Execution id="13864d3f-43f4-4258-ae5f-6dbaab7ef96a" />
      <TestMethod codeBase="D:\actions-runner\_work\XPCO\XPCO\AllSolutions\..\SC\Components\RemoteViewer\SmartClient\tst\zSmartClient_UnitTest\bin\x64\Debug\net6.0-windows\zSmartClient_UnitTest.dll" adapterTypeName="executor://mstestadapter/v2" className="SmartClient_UnitTest.VideoOS.RemoteClient.Plugin.CentralizedSearch.Views.Converters.AndOrSearchDefinitionMultiConverterTests" name="AndOrSearchDefinitionToCornerRadiusMultiConverter_CallConvert_FirstAnd" />
    </UnitTest>
    <UnitTest name="MarkerFactory_WhenMipMapItemIsGiven_ShouldReturnNull" storage="d:\actions-runner\_work\xpco\xpco\allsolutions\..\sc\components\remoteviewer\smartclient\tst\zsmartclient_unittest\bin\x64\debug\net6.0-windows\zsmartclient_unittest.dll" id="35fdccc0-c07e-b0f5-43ff-b8462db1e66e">
      <TestCategory>
        <TestCategoryItem TestCategory="GisMap.MarkerFactory" />
      </TestCategory>
      <Execution id="05a87a27-4ba7-49bd-9b26-9302037cf08f" />
      <TestMethod codeBase="D:\actions-runner\_work\XPCO\XPCO\AllSolutions\..\SC\Components\RemoteViewer\SmartClient\tst\zSmartClient_UnitTest\bin\x64\Debug\net6.0-windows\zSmartClient_UnitTest.dll" adapterTypeName="executor://mstestadapter/v2" className="SmartClient_UnitTest.VideoOS.RemoteClient.Plugin.GisMap.IoC.MarkerFactoryTests" name="MarkerFactory_WhenMipMapItemIsGiven_ShouldReturnNull" />
    </UnitTest>
    <UnitTest name="No_warning_when_removing_camera_with_related_device_with_no_update_rights" storage="d:\actions-runner\_work\xpco\xpco\allsolutions\..\sc\components\remoteviewer\smartclient\tst\zsmartclient_unittest\bin\x64\debug\net6.0-windows\zsmartclient_unittest.dll" id="593594fc-46c9-b9c0-d561-0e066e80633b">
      <Execution id="fe78a02a-8bfc-4932-80ea-7ede7eddc256" />
      <TestMethod codeBase="D:\actions-runner\_work\XPCO\XPCO\AllSolutions\..\SC\Components\RemoteViewer\SmartClient\tst\zSmartClient_UnitTest\bin\x64\Debug\net6.0-windows\zSmartClient_UnitTest.dll" adapterTypeName="executor://mstestadapter/v2" className="SmartClient_UnitTest.VideoOS.RemoteClient.Application.Components.EvidenceLock.EvidenceLockRelatedDeviceRightsTests" name="No_warning_when_removing_camera_with_related_device_with_no_update_rights" />
    </UnitTest>
    <UnitTest name="OnIsVisiblePropertyChanged_ShouldDeactivateSoundOfAllUnmutedMicrophones_WhenHidingMicrophonesLayer" storage="d:\actions-runner\_work\xpco\xpco\allsolutions\..\sc\components\remoteviewer\smartclient\tst\zsmartclient_unittest\bin\x64\debug\net6.0-windows\zsmartclient_unittest.dll" id="d5380333-0029-a673-b16f-5047c88c70d6">
      <TestCategory>
        <TestCategoryItem TestCategory="GisMapData.MapLayers" />
      </TestCategory>
      <Execution id="ecbd73c7-f6db-4853-a590-c7f453b5a67c" />
      <TestMethod codeBase="D:\actions-runner\_work\XPCO\XPCO\AllSolutions\..\SC\Components\RemoteViewer\SmartClient\tst\zSmartClient_UnitTest\bin\x64\Debug\net6.0-windows\zSmartClient_UnitTest.dll" adapterTypeName="executor://mstestadapter/v2" className="SmartClient_UnitTest.VideoOS.RemoteClient.GisMapData.MapLayers.MicrophoneItemsMapLayerTests" name="OnIsVisiblePropertyChanged_ShouldDeactivateSoundOfAllUnmutedMicrophones_WhenHidingMicrophonesLayer" />
    </UnitTest>
    <UnitTest name="CanMoreRegionsBeAdded_ShouldReturnFalse_WhenMaximumRegionsAllowedIsReached" storage="d:\actions-runner\_work\xpco\xpco\allsolutions\..\sc\components\remoteviewer\smartclient\tst\zsmartclient_unittest\bin\x64\debug\net6.0-windows\zsmartclient_unittest.dll" id="ac0bff77-e4ee-0120-d789-0cc06032e8d1">
      <TestCategory>
        <TestCategoryItem TestCategory="Search.Filters.ViewModels" />
      </TestCategory>
      <Execution id="f3e8c57e-cb26-4965-9bef-9398cc5285ac" />
      <TestMethod codeBase="D:\actions-runner\_work\XPCO\XPCO\AllSolutions\..\SC\Components\RemoteViewer\SmartClient\tst\zSmartClient_UnitTest\bin\x64\Debug\net6.0-windows\zSmartClient_UnitTest.dll" adapterTypeName="executor://mstestadapter/v2" className="SmartClient_UnitTest.VideoOS.RemoteClient.Plugin.CentralizedSearch.MIPPlugin.Criteria.ViewModels.RegionSelectionCameraListItemHelperTests" name="CanMoreRegionsBeAdded_ShouldReturnFalse_WhenMaximumRegionsAllowedIsReached" />
    </UnitTest>
    <UnitTest name="MapCameraIcons_WhenMilestoneOemResource_ShouldReturnTenIcons" storage="d:\actions-runner\_work\xpco\xpco\allsolutions\..\sc\components\remoteviewer\smartclient\tst\zsmartclient_unittest\bin\x64\debug\net6.0-windows\zsmartclient_unittest.dll" id="3601e411-06fe-e014-7da4-87000446bebe">
      <Execution id="78a823f8-22b2-406a-8de8-787cdc121a5b" />
      <TestMethod codeBase="D:\actions-runner\_work\XPCO\XPCO\AllSolutions\..\SC\Components\RemoteViewer\SmartClient\tst\zSmartClient_UnitTest\bin\x64\Debug\net6.0-windows\zSmartClient_UnitTest.dll" adapterTypeName="executor://mstestadapter/v2" className="SmartClient_UnitTest.VideoOS.RemoteClient.Application.Controllers.OemResourceControllerTest" name="MapCameraIcons_WhenMilestoneOemResource_ShouldReturnTenIcons" />
    </UnitTest>
    <UnitTest name="Decorate_ShouldNotAddChildren_WhenLayerVisibilityItemDataHasANonCameraLayer" storage="d:\actions-runner\_work\xpco\xpco\allsolutions\..\sc\components\remoteviewer\smartclient\tst\zsmartclient_unittest\bin\x64\debug\net6.0-windows\zsmartclient_unittest.dll" id="d35bc711-77c3-11d0-bc06-2b27557cb244">
      <TestCategory>
        <TestCategoryItem TestCategory="GisMap.LayerVisibilityItemDataChildrenViewZoneDecoratorTests" />
      </TestCategory>
      <Execution id="08f0e841-34d3-4261-817d-bbada2aa8011" />
      <TestMethod codeBase="D:\actions-runner\_work\XPCO\XPCO\AllSolutions\..\SC\Components\RemoteViewer\SmartClient\tst\zSmartClient_UnitTest\bin\x64\Debug\net6.0-windows\zSmartClient_UnitTest.dll" adapterTypeName="executor://mstestadapter/v2" className="SmartClient_UnitTest.VideoOS.RemoteClient.Plugin.GisMap.ViewModels.LayersVisibility.Decorators.LayerVisibilityItemDataChildrenViewZoneDecoratorTests" name="Decorate_ShouldNotAddChildren_WhenLayerVisibilityItemDataHasANonCameraLayer" />
    </UnitTest>
    <UnitTest name="ValidateExportName_ShouldReturnFailResult_InvalidCharactersInExportName (1213*)" storage="d:\actions-runner\_work\xpco\xpco\allsolutions\..\sc\components\remoteviewer\smartclient\tst\zsmartclient_unittest\bin\x64\debug\net6.0-windows\zsmartclient_unittest.dll" id="c964705f-6969-fef5-5dde-bc78d56a598a">
      <TestCategory>
        <TestCategoryItem TestCategory="Export" />
      </TestCategory>
      <Execution id="9a596a4c-25f5-4cce-a12b-ef6b955b4d0a" />
      <TestMethod codeBase="D:\actions-runner\_work\XPCO\XPCO\AllSolutions\..\SC\Components\RemoteViewer\SmartClient\tst\zSmartClient_UnitTest\bin\x64\Debug\net6.0-windows\zSmartClient_UnitTest.dll" adapterTypeName="executor://mstestadapter/v2" className="SmartClient_UnitTest.VideoOS.RemoteClient.Plugin.Export.ExportDataValidatorTests" name="ValidateExportName_ShouldReturnFailResult_InvalidCharactersInExportName" />
    </UnitTest>
    <UnitTest name="SearchModelOnSearchResultsReady_NotOnUiThread_Success" storage="d:\actions-runner\_work\xpco\xpco\allsolutions\..\sc\components\remoteviewer\smartclient\tst\zsmartclient_unittest\bin\x64\debug\net6.0-windows\zsmartclient_unittest.dll" id="11e45243-c796-e305-ccb2-ad123da6b869">
      <TestCategory>
        <TestCategoryItem TestCategory="SearchViewModels" />
      </TestCategory>
      <Execution id="d4b4fc31-99eb-435b-b9ed-ea97b5418857" />
      <TestMethod codeBase="D:\actions-runner\_work\XPCO\XPCO\AllSolutions\..\SC\Components\RemoteViewer\SmartClient\tst\zSmartClient_UnitTest\bin\x64\Debug\net6.0-windows\zSmartClient_UnitTest.dll" adapterTypeName="executor://mstestadapter/v2" className="SmartClient_UnitTest.VideoOS.RemoteClient.Plugin.CentralizedSearch.ViewModels.SearchViewModelTests" name="SearchModelOnSearchResultsReady_NotOnUiThread_Success" />
    </UnitTest>
    <UnitTest name="UserName_ShouldThrow_InvalidOperationException_WhenConstructedUsingExternal" storage="d:\actions-runner\_work\xpco\xpco\allsolutions\..\sc\components\remoteviewer\smartclient\tst\zsmartclient_unittest\bin\x64\debug\net6.0-windows\zsmartclient_unittest.dll" id="96d03a8b-2bb7-344f-928f-f0c6a7f00e22">
      <TestCategory>
        <TestCategoryItem TestCategory="Authentication.ClientCredentials" />
      </TestCategory>
      <Execution id="10a40b55-1f90-4beb-a555-72b2f1c02802" />
      <TestMethod codeBase="D:\actions-runner\_work\XPCO\XPCO\AllSolutions\..\SC\Components\RemoteViewer\SmartClient\tst\zSmartClient_UnitTest\bin\x64\Debug\net6.0-windows\zSmartClient_UnitTest.dll" adapterTypeName="executor://mstestadapter/v2" className="SmartClient_UnitTest.VideoOS.Shared.ServerAPI.ClientCredentialsTest" name="UserName_ShouldThrow_InvalidOperationException_WhenConstructedUsingExternal" />
    </UnitTest>
    <UnitTest name="Reactivated_Success" storage="d:\actions-runner\_work\xpco\xpco\allsolutions\..\sc\components\remoteviewer\smartclient\tst\zsmartclient_unittest\bin\x64\debug\net6.0-windows\zsmartclient_unittest.dll" id="01b97152-1f28-3a19-acee-e24e8fccadd4">
      <TestCategory>
        <TestCategoryItem TestCategory="Search" />
      </TestCategory>
      <Execution id="5acd75c4-5a7c-4325-8438-3eb271720736" />
      <TestMethod codeBase="D:\actions-runner\_work\XPCO\XPCO\AllSolutions\..\SC\Components\RemoteViewer\SmartClient\tst\zSmartClient_UnitTest\bin\x64\Debug\net6.0-windows\zSmartClient_UnitTest.dll" adapterTypeName="executor://mstestadapter/v2" className="SmartClient_UnitTest.VideoOS.RemoteClient.Plugin.CentralizedSearch.CentralizedSearchContentHolderTests" name="Reactivated_Success" />
    </UnitTest>
    <UnitTest name="InputMapItem_ForceActivateAsync_InBuilding_MapLevelsNotLoaded_Success" storage="d:\actions-runner\_work\xpco\xpco\allsolutions\..\sc\components\remoteviewer\smartclient\tst\zsmartclient_unittest\bin\x64\debug\net6.0-windows\zsmartclient_unittest.dll" id="c733db05-5b7b-4d43-767f-ec9ea4306b0e">
      <TestCategory>
        <TestCategoryItem TestCategory="GisMapData.MapItem.Inputs" />
      </TestCategory>
      <Execution id="60b01541-2a4d-4185-be97-d557ef8ca3df" />
      <TestMethod codeBase="D:\actions-runner\_work\XPCO\XPCO\AllSolutions\..\SC\Components\RemoteViewer\SmartClient\tst\zSmartClient_UnitTest\bin\x64\Debug\net6.0-windows\zSmartClient_UnitTest.dll" adapterTypeName="executor://mstestadapter/v2" className="SmartClient_UnitTest.VideoOS.RemoteClient.GisMapData.MapItem.Inputs.InputMapItemTests" name="InputMapItem_ForceActivateAsync_InBuilding_MapLevelsNotLoaded_Success" />
    </UnitTest>
    <UnitTest name="ShowSuccessToast_ShouldShowCorrectNumberOfToasts (1,1)" storage="d:\actions-runner\_work\xpco\xpco\allsolutions\..\sc\components\remoteviewer\smartclient\tst\zsmartclient_unittest\bin\x64\debug\net6.0-windows\zsmartclient_unittest.dll" id="f2e999d7-fcf7-7136-bb2b-42136c5b53f0">
      <TestCategory>
        <TestCategoryItem TestCategory="Managers" />
      </TestCategory>
      <Execution id="6733f595-f2f2-4858-a6fd-e0b0cc2c99c3" />
      <TestMethod codeBase="D:\actions-runner\_work\XPCO\XPCO\AllSolutions\..\SC\Components\RemoteViewer\SmartClient\tst\zSmartClient_UnitTest\bin\x64\Debug\net6.0-windows\zSmartClient_UnitTest.dll" adapterTypeName="executor://mstestadapter/v2" className="SmartClient_UnitTest.VideoOS.RemoteClient.Application.Managers.ExportResultsNotificationHelperTests" name="ShowSuccessToast_ShouldShowCorrectNumberOfToasts" />
    </UnitTest>
    <UnitTest name="SelectionCountDisplayText_MultipleSelectedResults_ReturnsMultipleString" storage="d:\actions-runner\_work\xpco\xpco\allsolutions\..\sc\components\remoteviewer\smartclient\tst\zsmartclient_unittest\bin\x64\debug\net6.0-windows\zsmartclient_unittest.dll" id="a8a50f03-3329-f171-e632-4989e995a587">
      <TestCategory>
        <TestCategoryItem TestCategory="SearchResultActionBarViewModel" />
      </TestCategory>
      <Execution id="2fb540f1-2eae-48c8-8694-d73d2f1dbc66" />
      <TestMethod codeBase="D:\actions-runner\_work\XPCO\XPCO\AllSolutions\..\SC\Components\RemoteViewer\SmartClient\tst\zSmartClient_UnitTest\bin\x64\Debug\net6.0-windows\zSmartClient_UnitTest.dll" adapterTypeName="executor://mstestadapter/v2" className="SmartClient_UnitTest.VideoOS.RemoteClient.Plugin.CentralizedSearch.ViewModels.SearchResultsActionBarViewModelTest" name="SelectionCountDisplayText_MultipleSelectedResults_ReturnsMultipleString" />
    </UnitTest>
    <UnitTest name="SetFeatures_NonCameraMapItemsLayer_ArgumentException" storage="d:\actions-runner\_work\xpco\xpco\allsolutions\..\sc\components\remoteviewer\smartclient\tst\zsmartclient_unittest\bin\x64\debug\net6.0-windows\zsmartclient_unittest.dll" id="f52b7516-be31-9d30-cb41-04f4b2fe00bf">
      <TestCategory>
        <TestCategoryItem TestCategory="GisMap" />
      </TestCategory>
      <Execution id="69ca68a8-6f6e-4526-9a86-8e8844f9103d" />
      <TestMethod codeBase="D:\actions-runner\_work\XPCO\XPCO\AllSolutions\..\SC\Components\RemoteViewer\SmartClient\tst\zSmartClient_UnitTest\bin\x64\Debug\net6.0-windows\zSmartClient_UnitTest.dll" adapterTypeName="executor://mstestadapter/v2" className="SmartClient_UnitTest.VideoOS.RemoteClient.GisMapData.GisMapBasicTests" name="SetFeatures_NonCameraMapItemsLayer_ArgumentException" />
    </UnitTest>
    <UnitTest name="TwentyFourHours_Success" storage="d:\actions-runner\_work\xpco\xpco\allsolutions\..\sc\components\remoteviewer\smartclient\tst\zsmartclient_unittest\bin\x64\debug\net6.0-windows\zsmartclient_unittest.dll" id="91b2687b-d336-be96-6484-dd3e01d48bcc">
      <TestCategory>
        <TestCategoryItem TestCategory="Search" />
      </TestCategory>
      <Execution id="8dc1be9b-b2fe-4333-addc-f66bef3887a9" />
      <TestMethod codeBase="D:\actions-runner\_work\XPCO\XPCO\AllSolutions\..\SC\Components\RemoteViewer\SmartClient\tst\zSmartClient_UnitTest\bin\x64\Debug\net6.0-windows\zSmartClient_UnitTest.dll" adapterTypeName="executor://mstestadapter/v2" className="SmartClient_UnitTest.VideoOS.RemoteClient.Plugin.CentralizedSearch.Models.ScopeDurationTests" name="TwentyFourHours_Success" />
    </UnitTest>
    <UnitTest name="HandleGetDeviceData_ShouldReturnMicrophoneData_WhenMicrophoneKindAndExistingMicrophoneId" storage="d:\actions-runner\_work\xpco\xpco\allsolutions\..\sc\components\remoteviewer\smartclient\tst\zsmartclient_unittest\bin\x64\debug\net6.0-windows\zsmartclient_unittest.dll" id="fb103779-d04c-1686-3285-367738634a78">
      <TestCategory>
        <TestCategoryItem TestCategory="GisMap.Handlers.Devices.MapItems" />
      </TestCategory>
      <Execution id="7281f65a-061c-445b-827f-49689620e714" />
      <TestMethod codeBase="D:\actions-runner\_work\XPCO\XPCO\AllSolutions\..\SC\Components\RemoteViewer\SmartClient\tst\zSmartClient_UnitTest\bin\x64\Debug\net6.0-windows\zSmartClient_UnitTest.dll" adapterTypeName="executor://mstestadapter/v2" className="SmartClient_UnitTest.VideoOS.RemoteClient.Plugin.GisMap.Handlers.Devices.MapItems.MicrophoneDataHandlerTests" name="HandleGetDeviceData_ShouldReturnMicrophoneData_WhenMicrophoneKindAndExistingMicrophoneId" />
    </UnitTest>
    <UnitTest name="AddSelectedWindowsToExport_ShouldAddToExportData (0)" storage="d:\actions-runner\_work\xpco\xpco\allsolutions\..\sc\components\remoteviewer\smartclient\tst\zsmartclient_unittest\bin\x64\debug\net6.0-windows\zsmartclient_unittest.dll" id="122455fe-79f5-1209-2010-58a75f33896d">
      <TestCategory>
        <TestCategoryItem TestCategory="Managers" />
      </TestCategory>
      <Execution id="6ccb7a00-3dbd-424a-9dcf-adbd990f2bc0" />
      <TestMethod codeBase="D:\actions-runner\_work\XPCO\XPCO\AllSolutions\..\SC\Components\RemoteViewer\SmartClient\tst\zSmartClient_UnitTest\bin\x64\Debug\net6.0-windows\zSmartClient_UnitTest.dll" adapterTypeName="executor://mstestadapter/v2" className="SmartClient_UnitTest.VideoOS.RemoteClient.Application.Managers.ExportManagerTests" name="AddSelectedWindowsToExport_ShouldAddToExportData" />
    </UnitTest>
    <UnitTest name="AddCriteriaCommand_SearchAttributeCategoryNull" storage="d:\actions-runner\_work\xpco\xpco\allsolutions\..\sc\components\remoteviewer\smartclient\tst\zsmartclient_unittest\bin\x64\debug\net6.0-windows\zsmartclient_unittest.dll" id="8803b728-b3cd-d0f6-6a9a-d85dc1ecbb9f">
      <TestCategory>
        <TestCategoryItem TestCategory="SearchViewModels" />
      </TestCategory>
      <Execution id="a4323982-381f-4608-aaad-89a170ba4e9f" />
      <TestMethod codeBase="D:\actions-runner\_work\XPCO\XPCO\AllSolutions\..\SC\Components\RemoteViewer\SmartClient\tst\zSmartClient_UnitTest\bin\x64\Debug\net6.0-windows\zSmartClient_UnitTest.dll" adapterTypeName="executor://mstestadapter/v2" className="SmartClient_UnitTest.VideoOS.RemoteClient.Plugin.CentralizedSearch.ViewModels.SearchViewModelTests" name="AddCriteriaCommand_SearchAttributeCategoryNull" />
    </UnitTest>
    <UnitTest name="Convert_ShouldReturnFalse_WhenValueIsNull" storage="d:\actions-runner\_work\xpco\xpco\allsolutions\..\sc\components\remoteviewer\smartclient\tst\zsmartclient_unittest\bin\x64\debug\net6.0-windows\zsmartclient_unittest.dll" id="d59c7867-81fa-72b0-e0e7-f75e74dd41dd">
      <TestCategory>
        <TestCategoryItem TestCategory="GisMap.InteractionStateConverter" />
      </TestCategory>
      <Execution id="de810f10-9113-42fb-a4f3-8fcffb9c620a" />
      <TestMethod codeBase="D:\actions-runner\_work\XPCO\XPCO\AllSolutions\..\SC\Components\RemoteViewer\SmartClient\tst\zSmartClient_UnitTest\bin\x64\Debug\net6.0-windows\zSmartClient_UnitTest.dll" adapterTypeName="executor://mstestadapter/v2" className="SmartClient_UnitTest.VideoOS.RemoteClient.Plugin.GisMap.View.InteractionStateConverterTests" name="Convert_ShouldReturnFalse_WhenValueIsNull" />
    </UnitTest>
    <UnitTest name="Constructor_ShouldThrowArgumentNullException_WhenServerConfigurationIsNull" storage="d:\actions-runner\_work\xpco\xpco\allsolutions\..\sc\components\remoteviewer\smartclient\tst\zsmartclient_unittest\bin\x64\debug\net6.0-windows\zsmartclient_unittest.dll" id="a65d3f02-ca6d-a89f-9465-6c592d8f6d71">
      <Execution id="1aec371b-0cd1-4e0f-ac21-61dc179d15c2" />
      <TestMethod codeBase="D:\actions-runner\_work\XPCO\XPCO\AllSolutions\..\SC\Components\RemoteViewer\SmartClient\tst\zSmartClient_UnitTest\bin\x64\Debug\net6.0-windows\zSmartClient_UnitTest.dll" adapterTypeName="executor://mstestadapter/v2" className="SmartClient_UnitTest.VideoOS.RemoteClient.Application.UI.Settings.SettingsDialogViewModelTests" name="Constructor_ShouldThrowArgumentNullException_WhenServerConfigurationIsNull" />
    </UnitTest>
    <UnitTest name="UpdateScope_RelativeScopeDurationToTimeChanged_ReturnsFalse" storage="d:\actions-runner\_work\xpco\xpco\allsolutions\..\sc\components\remoteviewer\smartclient\tst\zsmartclient_unittest\bin\x64\debug\net6.0-windows\zsmartclient_unittest.dll" id="d47eb9ec-3b5d-0e31-8fe7-d1a0340bf1c0">
      <TestCategory>
        <TestCategoryItem TestCategory="SearchModels" />
      </TestCategory>
      <Execution id="e3712032-415a-4cd2-aee0-789268f80031" />
      <TestMethod codeBase="D:\actions-runner\_work\XPCO\XPCO\AllSolutions\..\SC\Components\RemoteViewer\SmartClient\tst\zSmartClient_UnitTest\bin\x64\Debug\net6.0-windows\zSmartClient_UnitTest.dll" adapterTypeName="executor://mstestadapter/v2" className="SmartClient_UnitTest.VideoOS.RemoteClient.Plugin.CentralizedSearch.Models.SearchScopeTests" name="UpdateScope_RelativeScopeDurationToTimeChanged_ReturnsFalse" />
    </UnitTest>
    <UnitTest name="CameraMapItem_Select_WithAlarm_Activates_Related" storage="d:\actions-runner\_work\xpco\xpco\allsolutions\..\sc\components\remoteviewer\smartclient\tst\zsmartclient_unittest\bin\x64\debug\net6.0-windows\zsmartclient_unittest.dll" id="91442c7a-e900-c7e6-67e7-639e8a44931b">
      <TestCategory>
        <TestCategoryItem TestCategory="GisMapMapItem" />
      </TestCategory>
      <Execution id="034c60f7-6c0a-41be-9f3e-a843afad510e" />
      <TestMethod codeBase="D:\actions-runner\_work\XPCO\XPCO\AllSolutions\..\SC\Components\RemoteViewer\SmartClient\tst\zSmartClient_UnitTest\bin\x64\Debug\net6.0-windows\zSmartClient_UnitTest.dll" adapterTypeName="executor://mstestadapter/v2" className="SmartClient_UnitTest.VideoOS.RemoteClient.GisMap.MapItem.MapItemTests" name="CameraMapItem_Select_WithAlarm_Activates_Related" />
    </UnitTest>
    <UnitTest name="TestImplicitOperator_Position2D_Success" storage="d:\actions-runner\_work\xpco\xpco\allsolutions\..\sc\components\remoteviewer\smartclient\tst\zsmartclient_unittest\bin\x64\debug\net6.0-windows\zsmartclient_unittest.dll" id="f27b2734-7e6c-c464-7643-e40625bfd46a">
      <Execution id="0ce79474-72b2-436e-9c9c-2b612235795e" />
      <TestMethod codeBase="D:\actions-runner\_work\XPCO\XPCO\AllSolutions\..\SC\Components\RemoteViewer\SmartClient\tst\zSmartClient_UnitTest\bin\x64\Debug\net6.0-windows\zSmartClient_UnitTest.dll" adapterTypeName="executor://mstestadapter/v2" className="SmartClient_UnitTest.VideoOS.RemoteClient.GisMap.Common.MapPoint2DTest" name="TestImplicitOperator_Position2D_Success" />
    </UnitTest>
    <UnitTest name="TestReadXmlCreated" storage="d:\actions-runner\_work\xpco\xpco\allsolutions\..\sc\components\remoteviewer\smartclient\tst\zsmartclient_unittest\bin\x64\debug\net6.0-windows\zsmartclient_unittest.dll" id="6847ebb6-e732-c391-be2d-0bdf0abaf563">
      <Execution id="05eaae3a-e6e3-444d-a17a-f34f97b6d0e2" />
      <TestMethod codeBase="D:\actions-runner\_work\XPCO\XPCO\AllSolutions\..\SC\Components\RemoteViewer\SmartClient\tst\zSmartClient_UnitTest\bin\x64\Debug\net6.0-windows\zSmartClient_UnitTest.dll" adapterTypeName="executor://mstestadapter/v2" className="SmartClient_UnitTest.VideoOS.RemoteClient.Application.Data.Retrievals.RetrievalMetadataTest" name="TestReadXmlCreated" />
    </UnitTest>
    <UnitTest name="IsCamera_ShouldReturnTrue_WhenSingleCameraGourpSelected" storage="d:\actions-runner\_work\xpco\xpco\allsolutions\..\sc\components\remoteviewer\smartclient\tst\zsmartclient_unittest\bin\x64\debug\net6.0-windows\zsmartclient_unittest.dll" id="e8fbfc8d-82fa-6534-4e95-6007f14b30c3">
      <Execution id="9bb9ffe4-5d28-4169-92b1-62bb11cdd37d" />
      <TestMethod codeBase="D:\actions-runner\_work\XPCO\XPCO\AllSolutions\..\SC\Components\RemoteViewer\SmartClient\tst\zSmartClient_UnitTest\bin\x64\Debug\net6.0-windows\zSmartClient_UnitTest.dll" adapterTypeName="executor://mstestadapter/v2" className="SmartClient_UnitTest.VideoOS.RemoteClient.Application.Data.ContentTypes.ReportingContentType.DashboardExtentionsTest" name="IsCamera_ShouldReturnTrue_WhenSingleCameraGourpSelected" />
    </UnitTest>
    <UnitTest name="GetDeactivatedOutputIconId_ShouldReturnValidDeactivatedOutputIconId_WhenValidActivatedOutputIconIdIsProvided" storage="d:\actions-runner\_work\xpco\xpco\allsolutions\..\sc\components\remoteviewer\smartclient\tst\zsmartclient_unittest\bin\x64\debug\net6.0-windows\zsmartclient_unittest.dll" id="3cc1b7a3-6a23-5d4a-8d17-b87aa291e5cf">
      <TestCategory>
        <TestCategoryItem TestCategory="GisMapData.OutputOemResourcesProviderTests" />
      </TestCategory>
      <Execution id="979c0bbe-c2bf-4ca9-bdfe-b7d197f84f73" />
      <TestMethod codeBase="D:\actions-runner\_work\XPCO\XPCO\AllSolutions\..\SC\Components\RemoteViewer\SmartClient\tst\zSmartClient_UnitTest\bin\x64\Debug\net6.0-windows\zSmartClient_UnitTest.dll" adapterTypeName="executor://mstestadapter/v2" className="SmartClient_UnitTest.VideoOS.RemoteClient.GisMapData.Resources.OutputOemResourcesProviderTests" name="GetDeactivatedOutputIconId_ShouldReturnValidDeactivatedOutputIconId_WhenValidActivatedOutputIconIdIsProvided" />
    </UnitTest>
    <UnitTest name="DisplayErrorOnNotificationArea_NoItemsSupportedSearchError_Success" storage="d:\actions-runner\_work\xpco\xpco\allsolutions\..\sc\components\remoteviewer\smartclient\tst\zsmartclient_unittest\bin\x64\debug\net6.0-windows\zsmartclient_unittest.dll" id="5c82a30b-ee73-73a7-ae23-b19a1b7c7820">
      <TestCategory>
        <TestCategoryItem TestCategory="SearchViewModels" />
      </TestCategory>
      <Execution id="5e4debfd-af4b-4e3a-bcb0-1b94db2325c1" />
      <TestMethod codeBase="D:\actions-runner\_work\XPCO\XPCO\AllSolutions\..\SC\Components\RemoteViewer\SmartClient\tst\zSmartClient_UnitTest\bin\x64\Debug\net6.0-windows\zSmartClient_UnitTest.dll" adapterTypeName="executor://mstestadapter/v2" className="SmartClient_UnitTest.VideoOS.RemoteClient.Plugin.CentralizedSearch.ViewModels.SearchViewModelTests" name="DisplayErrorOnNotificationArea_NoItemsSupportedSearchError_Success" />
    </UnitTest>
    <UnitTest name="AddSelectedCameras_WithActiveSearchTemplateAndValidCamera_ActiveSearchTemplateModifiedSet" storage="d:\actions-runner\_work\xpco\xpco\allsolutions\..\sc\components\remoteviewer\smartclient\tst\zsmartclient_unittest\bin\x64\debug\net6.0-windows\zsmartclient_unittest.dll" id="432a45cf-3feb-7030-7c65-5254973ebb20">
      <TestCategory>
        <TestCategoryItem TestCategory="SearchViewModels" />
      </TestCategory>
      <Execution id="1eb7f67e-4140-4fa6-9271-0a45221e87c2" />
      <TestMethod codeBase="D:\actions-runner\_work\XPCO\XPCO\AllSolutions\..\SC\Components\RemoteViewer\SmartClient\tst\zSmartClient_UnitTest\bin\x64\Debug\net6.0-windows\zSmartClient_UnitTest.dll" adapterTypeName="executor://mstestadapter/v2" className="SmartClient_UnitTest.VideoOS.RemoteClient.Plugin.CentralizedSearch.ViewModels.SearchViewModelTests" name="AddSelectedCameras_WithActiveSearchTemplateAndValidCamera_ActiveSearchTemplateModifiedSet" />
    </UnitTest>
    <UnitTest name="MapOutputIcons_WhenMilestoneOemResource_ShouldReturnTwoIcons" storage="d:\actions-runner\_work\xpco\xpco\allsolutions\..\sc\components\remoteviewer\smartclient\tst\zsmartclient_unittest\bin\x64\debug\net6.0-windows\zsmartclient_unittest.dll" id="d2403e41-fe85-53e9-35b9-5ba516826082">
      <Execution id="eaea1284-d1b0-476e-b84f-177c0e38406d" />
      <TestMethod codeBase="D:\actions-runner\_work\XPCO\XPCO\AllSolutions\..\SC\Components\RemoteViewer\SmartClient\tst\zSmartClient_UnitTest\bin\x64\Debug\net6.0-windows\zSmartClient_UnitTest.dll" adapterTypeName="executor://mstestadapter/v2" className="SmartClient_UnitTest.VideoOS.RemoteClient.Application.Controllers.OemResourceControllerTest" name="MapOutputIcons_WhenMilestoneOemResource_ShouldReturnTwoIcons" />
    </UnitTest>
    <UnitTest name="GetLayerFeatures_ShouldReturnInputLayerFeatures_WhenInputKind" storage="d:\actions-runner\_work\xpco\xpco\allsolutions\..\sc\components\remoteviewer\smartclient\tst\zsmartclient_unittest\bin\x64\debug\net6.0-windows\zsmartclient_unittest.dll" id="fde63fcf-969d-dfa6-38ad-696fd5d00bc2">
      <TestCategory>
        <TestCategoryItem TestCategory="GisMapData.Controllers.LayerFeatures" />
      </TestCategory>
      <Execution id="6d29c51f-9a50-47a7-97ae-e1f1af004e13" />
      <TestMethod codeBase="D:\actions-runner\_work\XPCO\XPCO\AllSolutions\..\SC\Components\RemoteViewer\SmartClient\tst\zSmartClient_UnitTest\bin\x64\Debug\net6.0-windows\zSmartClient_UnitTest.dll" adapterTypeName="executor://mstestadapter/v2" className="SmartClient_UnitTest.VideoOS.RemoteClient.GisMapData.Controllers.LayerFeatures.LayerFeaturesControllerTests" name="GetLayerFeatures_ShouldReturnInputLayerFeatures_WhenInputKind" />
    </UnitTest>
    <UnitTest name="BuildContentOptions_ShouldReturnCorrectWorkspaceName (00000000-0000-0000-0000-000000000000,Default title,00000000-0000-0000-0000-000000000000)" storage="d:\actions-runner\_work\xpco\xpco\allsolutions\..\sc\components\remoteviewer\smartclient\tst\zsmartclient_unittest\bin\x64\debug\net6.0-windows\zsmartclient_unittest.dll" id="652f52e4-9689-ca02-1038-58cbd6e682e8">
      <Execution id="04408a0a-8c4c-4df4-81d8-bbdfc720814e" />
      <TestMethod codeBase="D:\actions-runner\_work\XPCO\XPCO\AllSolutions\..\SC\Components\RemoteViewer\SmartClient\tst\zSmartClient_UnitTest\bin\x64\Debug\net6.0-windows\zSmartClient_UnitTest.dll" adapterTypeName="executor://mstestadapter/v2" className="SmartClient_UnitTest.VideoOS.RemoteClient.Application.Common.Telemetry.TelemetryBuilderTests" name="BuildContentOptions_ShouldReturnCorrectWorkspaceName" />
    </UnitTest>
    <UnitTest name="SupportsRightClick_ShouldBeTrue_WhenInteractionStateIsNormal" storage="d:\actions-runner\_work\xpco\xpco\allsolutions\..\sc\components\remoteviewer\smartclient\tst\zsmartclient_unittest\bin\x64\debug\net6.0-windows\zsmartclient_unittest.dll" id="10dd7bf8-f28a-4f0c-1dc0-23b4c2def703">
      <TestCategory>
        <TestCategoryItem TestCategory="GisMap.OutputMarkerTest" />
      </TestCategory>
      <Execution id="f9299565-e9ca-439b-9266-27b63efd0491" />
      <TestMethod codeBase="D:\actions-runner\_work\XPCO\XPCO\AllSolutions\..\SC\Components\RemoteViewer\SmartClient\tst\zSmartClient_UnitTest\bin\x64\Debug\net6.0-windows\zSmartClient_UnitTest.dll" adapterTypeName="executor://mstestadapter/v2" className="SmartClient_UnitTest.VideoOS.RemoteClient.Plugin.GisMap.ThinkGeoMap.Markers.DeviceMarkers.OutputMarker.OutputMarkerTests" name="SupportsRightClick_ShouldBeTrue_WhenInteractionStateIsNormal" />
    </UnitTest>
    <UnitTest name="PatrollingProfileListViewModel_CanExecuteDeleteProfile_Profile_Selected" storage="d:\actions-runner\_work\xpco\xpco\allsolutions\..\sc\components\remoteviewer\smartclient\tst\zsmartclient_unittest\bin\x64\debug\net6.0-windows\zsmartclient_unittest.dll" id="227dae21-47d4-ba20-0c10-f41a6c7e9f9c">
      <Execution id="73f2a1f5-c310-42a7-b17b-c62981b81ebf" />
      <TestMethod codeBase="D:\actions-runner\_work\XPCO\XPCO\AllSolutions\..\SC\Components\RemoteViewer\SmartClient\tst\zSmartClient_UnitTest\bin\x64\Debug\net6.0-windows\zSmartClient_UnitTest.dll" adapterTypeName="executor://mstestadapter/v2" className="SmartClient_UnitTest.VideoOS.RemoteClient.Application.UI.PtzPreset.PatrollingViewModel.PatrollingProfileListViewModelTest" name="PatrollingProfileListViewModel_CanExecuteDeleteProfile_Profile_Selected" />
    </UnitTest>
    <UnitTest name="Ctor_NullControllerManager_Throws" storage="d:\actions-runner\_work\xpco\xpco\allsolutions\..\sc\components\remoteviewer\smartclient\tst\zsmartclient_unittest\bin\x64\debug\net6.0-windows\zsmartclient_unittest.dll" id="ae8385af-29cc-f7d5-51ff-84300db47ada">
      <TestCategory>
        <TestCategoryItem TestCategory="Search" />
      </TestCategory>
      <Execution id="9e20a002-19ad-4923-8f18-90fb9e8eff38" />
      <TestMethod codeBase="D:\actions-runner\_work\XPCO\XPCO\AllSolutions\..\SC\Components\RemoteViewer\SmartClient\tst\zSmartClient_UnitTest\bin\x64\Debug\net6.0-windows\zSmartClient_UnitTest.dll" adapterTypeName="executor://mstestadapter/v2" className="SmartClient_UnitTest.VideoOS.RemoteClient.Plugin.CentralizedSearch.ViewModels.SearchDefinitionViewModelTests" name="Ctor_NullControllerManager_Throws" />
    </UnitTest>
    <UnitTest name="CreateSearchDefinition_MultipleCalls_FactoryInvokedWithUniqueSearchManagers" storage="d:\actions-runner\_work\xpco\xpco\allsolutions\..\sc\components\remoteviewer\smartclient\tst\zsmartclient_unittest\bin\x64\debug\net6.0-windows\zsmartclient_unittest.dll" id="9d8dbace-9130-7ffd-4719-3c557ceeb743">
      <TestCategory>
        <TestCategoryItem TestCategory="Search" />
      </TestCategory>
      <Execution id="b26a6dc3-e4e4-48f4-8f2a-e2c75d8efc64" />
      <TestMethod codeBase="D:\actions-runner\_work\XPCO\XPCO\AllSolutions\..\SC\Components\RemoteViewer\SmartClient\tst\zSmartClient_UnitTest\bin\x64\Debug\net6.0-windows\zSmartClient_UnitTest.dll" adapterTypeName="executor://mstestadapter/v2" className="SmartClient_UnitTest.VideoOS.RemoteClient.Plugin.CentralizedSearch.MIPPlugin.CompositeSearchAgentTests" name="CreateSearchDefinition_MultipleCalls_FactoryInvokedWithUniqueSearchManagers" />
    </UnitTest>
    <UnitTest name="Decorate_ShouldRaiseArgumentNullException_WhenLayerVisibilityItemDataIsNull" storage="d:\actions-runner\_work\xpco\xpco\allsolutions\..\sc\components\remoteviewer\smartclient\tst\zsmartclient_unittest\bin\x64\debug\net6.0-windows\zsmartclient_unittest.dll" id="fd462d91-75b7-b364-0ac2-28f926aa5acd">
      <TestCategory>
        <TestCategoryItem TestCategory="GisMap.LayerVisibilityItemDataChildrenToggleItemDecoratorTests" />
      </TestCategory>
      <Execution id="721865c3-bc6b-443d-904c-520777a8005c" />
      <TestMethod codeBase="D:\actions-runner\_work\XPCO\XPCO\AllSolutions\..\SC\Components\RemoteViewer\SmartClient\tst\zSmartClient_UnitTest\bin\x64\Debug\net6.0-windows\zSmartClient_UnitTest.dll" adapterTypeName="executor://mstestadapter/v2" className="SmartClient_UnitTest.VideoOS.RemoteClient.Plugin.GisMap.ViewModels.LayersVisibility.Decorators.LayerVisibilityItemDataChildrenToggleItemDecoratorTests" name="Decorate_ShouldRaiseArgumentNullException_WhenLayerVisibilityItemDataIsNull" />
    </UnitTest>
    <UnitTest name="Convert_ShouldRaiseInvalidCastException_WhenValueIsNotAnInteractionState" storage="d:\actions-runner\_work\xpco\xpco\allsolutions\..\sc\components\remoteviewer\smartclient\tst\zsmartclient_unittest\bin\x64\debug\net6.0-windows\zsmartclient_unittest.dll" id="c30ded44-b30e-59c8-d179-eddc682c6ef5">
      <TestCategory>
        <TestCategoryItem TestCategory="GisMap.InteractionStateConverter" />
      </TestCategory>
      <Execution id="a5463a39-75de-4cb3-9ac7-d0e718b69b7f" />
      <TestMethod codeBase="D:\actions-runner\_work\XPCO\XPCO\AllSolutions\..\SC\Components\RemoteViewer\SmartClient\tst\zSmartClient_UnitTest\bin\x64\Debug\net6.0-windows\zSmartClient_UnitTest.dll" adapterTypeName="executor://mstestadapter/v2" className="SmartClient_UnitTest.VideoOS.RemoteClient.Plugin.GisMap.View.InteractionStateConverterTests" name="Convert_ShouldRaiseInvalidCastException_WhenValueIsNotAnInteractionState" />
    </UnitTest>
    <UnitTest name="SearchResultCombineType_ShouldNotStartSearch_WhenValueDoesNotChanges" storage="d:\actions-runner\_work\xpco\xpco\allsolutions\..\sc\components\remoteviewer\smartclient\tst\zsmartclient_unittest\bin\x64\debug\net6.0-windows\zsmartclient_unittest.dll" id="1189299d-d6c8-7716-1cc1-5c418c696590">
      <TestCategory>
        <TestCategoryItem TestCategory="SearchViewModels" />
      </TestCategory>
      <Execution id="7a86c344-80f0-4b57-8ba2-b7d02ddeea93" />
      <TestMethod codeBase="D:\actions-runner\_work\XPCO\XPCO\AllSolutions\..\SC\Components\RemoteViewer\SmartClient\tst\zSmartClient_UnitTest\bin\x64\Debug\net6.0-windows\zSmartClient_UnitTest.dll" adapterTypeName="executor://mstestadapter/v2" className="SmartClient_UnitTest.VideoOS.RemoteClient.Plugin.CentralizedSearch.ViewModels.SearchViewModelTests" name="SearchResultCombineType_ShouldNotStartSearch_WhenValueDoesNotChanges" />
    </UnitTest>
    <UnitTest name="FetchDeviceConfiguration_ShouldNotLoadCache_WhenCacheFileIsPresentButFetchTypeIsOnlyServer" storage="d:\actions-runner\_work\xpco\xpco\allsolutions\..\sc\components\remoteviewer\smartclient\tst\zsmartclient_unittest\bin\x64\debug\net6.0-windows\zsmartclient_unittest.dll" id="e6a27a32-2825-5e2a-a774-c78b32a20322">
      <Execution id="c8cf2433-5bd7-4c83-b4aa-5aa6efed6fa7" />
      <TestMethod codeBase="D:\actions-runner\_work\XPCO\XPCO\AllSolutions\..\SC\Components\RemoteViewer\SmartClient\tst\zSmartClient_UnitTest\bin\x64\Debug\net6.0-windows\zSmartClient_UnitTest.dll" adapterTypeName="executor://mstestadapter/v2" className="SmartClient_UnitTest.VideoOS.RemoteClient.Application.Controllers.Helpers.DeviceConfigurationFetcherTests" name="FetchDeviceConfiguration_ShouldNotLoadCache_WhenCacheFileIsPresentButFetchTypeIsOnlyServer" />
    </UnitTest>
    <UnitTest name="IsProductionEnvironment_ShouldReturnCorrectValue (,True)" storage="d:\actions-runner\_work\xpco\xpco\allsolutions\..\sc\components\remoteviewer\smartclient\tst\zsmartclient_unittest\bin\x64\debug\net6.0-windows\zsmartclient_unittest.dll" id="11fef51e-1413-6166-5290-53a01cd14134">
      <Execution id="dcc12804-2e8f-4e43-b22c-9e311f3bde2c" />
      <TestMethod codeBase="D:\actions-runner\_work\XPCO\XPCO\AllSolutions\..\SC\Components\RemoteViewer\SmartClient\tst\zSmartClient_UnitTest\bin\x64\Debug\net6.0-windows\zSmartClient_UnitTest.dll" adapterTypeName="executor://mstestadapter/v2" className="SmartClient_UnitTest.VideoOS.RemoteClient.Application.Common.Telemetry.TelemetryKeyProviderTests" name="IsProductionEnvironment_ShouldReturnCorrectValue" />
    </UnitTest>
    <UnitTest name="UpdateWorkspaceToolbarItemsState_ShouldUpdateToolbarItemState_WhenWorkspaceStateChanges" storage="d:\actions-runner\_work\xpco\xpco\allsolutions\..\sc\components\remoteviewer\smartclient\tst\zsmartclient_unittest\bin\x64\debug\net6.0-windows\zsmartclient_unittest.dll" id="6ce0ebd1-2fbb-36d1-63ea-8fff8a05554e">
      <TestCategory>
        <TestCategoryItem TestCategory="WorkspaceToolbar" />
      </TestCategory>
      <Execution id="36a9e6af-4335-4df0-a5e1-f406d602c4f2" />
      <TestMethod codeBase="D:\actions-runner\_work\XPCO\XPCO\AllSolutions\..\SC\Components\RemoteViewer\SmartClient\tst\zSmartClient_UnitTest\bin\x64\Debug\net6.0-windows\zSmartClient_UnitTest.dll" adapterTypeName="executor://mstestadapter/v2" className="SmartClient_UnitTest.VideoOS.RemoteClient.Application.UI.Content.WorkspaceToolbar.MIPWorkspaceToolbarItemManagerTests" name="UpdateWorkspaceToolbarItemsState_ShouldUpdateToolbarItemState_WhenWorkspaceStateChanges" />
    </UnitTest>
    <UnitTest name="GetGuidProviderStrategyByEventServerId_ShouldReturnOneMd5Strategy_WhenEventServerIdIsNonFipsCompliant" storage="d:\actions-runner\_work\xpco\xpco\allsolutions\..\sc\components\remoteviewer\smartclient\tst\zsmartclient_unittest\bin\x64\debug\net6.0-windows\zsmartclient_unittest.dll" id="fefc1ca8-7f95-c638-84b7-b1c00b90c427">
      <TestCategory>
        <TestCategoryItem TestCategory="AccessControl.Services" />
      </TestCategory>
      <Execution id="1a55d9b4-f882-4591-bfe0-331d1313eff6" />
      <TestMethod codeBase="D:\actions-runner\_work\XPCO\XPCO\AllSolutions\..\SC\Components\RemoteViewer\SmartClient\tst\zSmartClient_UnitTest\bin\x64\Debug\net6.0-windows\zSmartClient_UnitTest.dll" adapterTypeName="executor://mstestadapter/v2" className="SmartClient_UnitTest.VideoOS.RemoteClient.AccessControl.Services.AccessControlGuidProviderTests" name="GetGuidProviderStrategyByEventServerId_ShouldReturnOneMd5Strategy_WhenEventServerIdIsNonFipsCompliant" />
    </UnitTest>
    <UnitTest name="GetUserName_ShouldReturnUserNamePartOfNetworkCredentials_WhenNetworkCredentialsContainsAUserName" storage="d:\actions-runner\_work\xpco\xpco\allsolutions\..\sc\components\remoteviewer\smartclient\tst\zsmartclient_unittest\bin\x64\debug\net6.0-windows\zsmartclient_unittest.dll" id="c6be3c70-f05e-da41-cdde-2e744b71ec65">
      <TestCategory>
        <TestCategoryItem TestCategory="Authentication.ClientCredentials" />
      </TestCategory>
      <Execution id="b3b710b7-abb8-4a55-8209-96cf5f9c066f" />
      <TestMethod codeBase="D:\actions-runner\_work\XPCO\XPCO\AllSolutions\..\SC\Components\RemoteViewer\SmartClient\tst\zSmartClient_UnitTest\bin\x64\Debug\net6.0-windows\zSmartClient_UnitTest.dll" adapterTypeName="executor://mstestadapter/v2" className="SmartClient_UnitTest.VideoOS.Shared.ServerAPI.ClientCredentialsTest" name="GetUserName_ShouldReturnUserNamePartOfNetworkCredentials_WhenNetworkCredentialsContainsAUserName" />
    </UnitTest>
    <UnitTest name="Parse_Success" storage="d:\actions-runner\_work\xpco\xpco\allsolutions\..\sc\components\remoteviewer\smartclient\tst\zsmartclient_unittest\bin\x64\debug\net6.0-windows\zsmartclient_unittest.dll" id="56f5cfe7-c187-684a-c730-d4624e106c42">
      <Execution id="6a4a81e4-e873-4083-ae3c-91c80f0b5428" />
      <TestMethod codeBase="D:\actions-runner\_work\XPCO\XPCO\AllSolutions\..\SC\Components\RemoteViewer\SmartClient\tst\zSmartClient_UnitTest\bin\x64\Debug\net6.0-windows\zSmartClient_UnitTest.dll" adapterTypeName="executor://mstestadapter/v2" className="SmartClient_UnitTest.VideoOS.RemoteClient.Application.PerformanceCounters.ConfigurationTests" name="Parse_Success" />
    </UnitTest>
    <UnitTest name="SearchCriteriaOnChanged_ShouldNotThrow_WhenNoRegionSelectionOrSmartSearchFilterValuesAdded" storage="d:\actions-runner\_work\xpco\xpco\allsolutions\..\sc\components\remoteviewer\smartclient\tst\zsmartclient_unittest\bin\x64\debug\net6.0-windows\zsmartclient_unittest.dll" id="63135864-bbed-7d2f-1686-fca6f6a9f030">
      <TestCategory>
        <TestCategoryItem TestCategory="Search.Wrappers" />
      </TestCategory>
      <Execution id="fb0d6603-ba3a-432a-ab36-c0394b2f7978" />
      <TestMethod codeBase="D:\actions-runner\_work\XPCO\XPCO\AllSolutions\..\SC\Components\RemoteViewer\SmartClient\tst\zSmartClient_UnitTest\bin\x64\Debug\net6.0-windows\zSmartClient_UnitTest.dll" adapterTypeName="executor://mstestadapter/v2" className="SmartClient_UnitTest.VideoOS.RemoteClient.Plugin.CentralizedSearch.Models.Wrappers.SearchDefinitionWrapperTests" name="SearchCriteriaOnChanged_ShouldNotThrow_WhenNoRegionSelectionOrSmartSearchFilterValuesAdded" />
    </UnitTest>
    <UnitTest name="Execute_OkCommand_DialogResultReturnsTrue" storage="d:\actions-runner\_work\xpco\xpco\allsolutions\..\sc\components\remoteviewer\smartclient\tst\zsmartclient_unittest\bin\x64\debug\net6.0-windows\zsmartclient_unittest.dll" id="c277206d-3ad5-99fa-fd35-5b55265763de">
      <Execution id="26bf42ea-21cb-49ac-9ac3-2e129c5167de" />
      <TestMethod codeBase="D:\actions-runner\_work\XPCO\XPCO\AllSolutions\..\SC\Components\RemoteViewer\SmartClient\tst\zSmartClient_UnitTest\bin\x64\Debug\net6.0-windows\zSmartClient_UnitTest.dll" adapterTypeName="executor://mstestadapter/v2" className="SmartClient_UnitTest.VideoOS.RemoteClient.Application.UI.Common.MessageBoxWithList.MessageBoxWithListViewModelTests" name="Execute_OkCommand_DialogResultReturnsTrue" />
    </UnitTest>
    <UnitTest name="ToSafeName_MultpleUnsafeName_Success" storage="d:\actions-runner\_work\xpco\xpco\allsolutions\..\sc\components\remoteviewer\smartclient\tst\zsmartclient_unittest\bin\x64\debug\net6.0-windows\zsmartclient_unittest.dll" id="c0babfb5-0c51-8e86-82e8-b342920c9494">
      <Execution id="76c59461-2871-44c7-a0e9-87a36b8e1cbd" />
      <TestMethod codeBase="D:\actions-runner\_work\XPCO\XPCO\AllSolutions\..\SC\Components\RemoteViewer\SmartClient\tst\zSmartClient_UnitTest\bin\x64\Debug\net6.0-windows\zSmartClient_UnitTest.dll" adapterTypeName="executor://mstestadapter/v2" className="SmartClient_UnitTest.VideoOS.RemoteClient.Application.Common.Scripting.ReservedJavascriptKeywordsTests" name="ToSafeName_MultpleUnsafeName_Success" />
    </UnitTest>
    <UnitTest name="Ctor_NullCaption_ThrowsException" storage="d:\actions-runner\_work\xpco\xpco\allsolutions\..\sc\components\remoteviewer\smartclient\tst\zsmartclient_unittest\bin\x64\debug\net6.0-windows\zsmartclient_unittest.dll" id="935f9d23-02e5-8e42-a5d2-10f08e3ce4fe">
      <Execution id="6235849f-5bd9-442a-bbe2-43d8455c0e18" />
      <TestMethod codeBase="D:\actions-runner\_work\XPCO\XPCO\AllSolutions\..\SC\Components\RemoteViewer\SmartClient\tst\zSmartClient_UnitTest\bin\x64\Debug\net6.0-windows\zSmartClient_UnitTest.dll" adapterTypeName="executor://mstestadapter/v2" className="SmartClient_UnitTest.VideoOS.RemoteClient.Application.UI.Common.MessageBoxWithList.MessageBoxWithListViewModelTests" name="Ctor_NullCaption_ThrowsException" />
    </UnitTest>
    <UnitTest name="HandleGetDeviceData_ShouldReturnCameraData_WhenCameraKindAndExistingCameraId" storage="d:\actions-runner\_work\xpco\xpco\allsolutions\..\sc\components\remoteviewer\smartclient\tst\zsmartclient_unittest\bin\x64\debug\net6.0-windows\zsmartclient_unittest.dll" id="06d7b27d-6e66-2e53-04a1-64a9308dafcb">
      <TestCategory>
        <TestCategoryItem TestCategory="GisMap.Handlers.Devices.MapItems" />
      </TestCategory>
      <Execution id="e7724716-804c-4045-818e-6e71f4f35ec8" />
      <TestMethod codeBase="D:\actions-runner\_work\XPCO\XPCO\AllSolutions\..\SC\Components\RemoteViewer\SmartClient\tst\zSmartClient_UnitTest\bin\x64\Debug\net6.0-windows\zSmartClient_UnitTest.dll" adapterTypeName="executor://mstestadapter/v2" className="SmartClient_UnitTest.VideoOS.RemoteClient.Plugin.GisMap.Handlers.Devices.MapItems.CameraDataHandlerTests" name="HandleGetDeviceData_ShouldReturnCameraData_WhenCameraKindAndExistingCameraId" />
    </UnitTest>
    <UnitTest name="TestUpdateState_3NonCamera" storage="d:\actions-runner\_work\xpco\xpco\allsolutions\..\sc\components\remoteviewer\smartclient\tst\zsmartclient_unittest\bin\x64\debug\net6.0-windows\zsmartclient_unittest.dll" id="da571dbb-0f8b-5648-4221-79651d811e25">
      <TestCategory>
        <TestCategoryItem TestCategory="WorkspaceToolbar" />
      </TestCategory>
      <Execution id="8b1922fb-6a61-4b39-a22c-eeb7550f1271" />
      <TestMethod codeBase="D:\actions-runner\_work\XPCO\XPCO\AllSolutions\..\SC\Components\RemoteViewer\SmartClient\tst\zSmartClient_UnitTest\bin\x64\Debug\net6.0-windows\zSmartClient_UnitTest.dll" adapterTypeName="executor://mstestadapter/v2" className="SmartClient_UnitTest.VideoOS.RemoteClient.Application.Data.WorkspaceToolbar.WorkspaceToolbarItemSmartSearchTests" name="TestUpdateState_3NonCamera" />
    </UnitTest>
    <UnitTest name="Deserialize_MissingItemKind_Error" storage="d:\actions-runner\_work\xpco\xpco\allsolutions\..\sc\components\remoteviewer\smartclient\tst\zsmartclient_unittest\bin\x64\debug\net6.0-windows\zsmartclient_unittest.dll" id="60c69ff5-89b2-197d-90c0-5219587cb80d">
      <TestCategory>
        <TestCategoryItem TestCategory="SearchSerialization" />
      </TestCategory>
      <Execution id="71060ecb-1b86-418e-af2b-26df7430250c" />
      <TestMethod codeBase="D:\actions-runner\_work\XPCO\XPCO\AllSolutions\..\SC\Components\RemoteViewer\SmartClient\tst\zSmartClient_UnitTest\bin\x64\Debug\net6.0-windows\zSmartClient_UnitTest.dll" adapterTypeName="executor://mstestadapter/v2" className="SmartClient_UnitTest.VideoOS.RemoteClient.Plugin.CentralizedSearch.Models.Serialization.SearchSerializerTests" name="Deserialize_MissingItemKind_Error" />
    </UnitTest>
    <UnitTest name="Tooltip_ShouldShowUnmuteText_WhenMicrophoneIsMutedOnLiveModeAndUserHasListenPermissions" storage="d:\actions-runner\_work\xpco\xpco\allsolutions\..\sc\components\remoteviewer\smartclient\tst\zsmartclient_unittest\bin\x64\debug\net6.0-windows\zsmartclient_unittest.dll" id="79e1afa4-43dc-dcc8-f757-ad97cc1a6215">
      <TestCategory>
        <TestCategoryItem TestCategory="GisMap.MicrophoneMarkerTest" />
      </TestCategory>
      <Execution id="5ef966c3-9998-46e6-861c-987596139ef1" />
      <TestMethod codeBase="D:\actions-runner\_work\XPCO\XPCO\AllSolutions\..\SC\Components\RemoteViewer\SmartClient\tst\zSmartClient_UnitTest\bin\x64\Debug\net6.0-windows\zSmartClient_UnitTest.dll" adapterTypeName="executor://mstestadapter/v2" className="SmartClient_UnitTest.VideoOS.RemoteClient.Plugin.GisMap.ThinkGeoMap.Markers.DeviceMarkers.MicrophoneMarker.MicrophoneMarkerTests" name="Tooltip_ShouldShowUnmuteText_WhenMicrophoneIsMutedOnLiveModeAndUserHasListenPermissions" />
    </UnitTest>
    <UnitTest name="GetCredential_ShouldThrowException_WhenUriIsNull" storage="d:\actions-runner\_work\xpco\xpco\allsolutions\..\sc\components\remoteviewer\smartclient\tst\zsmartclient_unittest\bin\x64\debug\net6.0-windows\zsmartclient_unittest.dll" id="a86403c6-a793-aab2-0ab7-ce467563d7d6">
      <TestCategory>
        <TestCategoryItem TestCategory="Authentication.ClientCredentials" />
      </TestCategory>
      <Execution id="7fa1d854-8430-48da-b017-774ea77cae92" />
      <TestMethod codeBase="D:\actions-runner\_work\XPCO\XPCO\AllSolutions\..\SC\Components\RemoteViewer\SmartClient\tst\zSmartClient_UnitTest\bin\x64\Debug\net6.0-windows\zSmartClient_UnitTest.dll" adapterTypeName="executor://mstestadapter/v2" className="SmartClient_UnitTest.VideoOS.Shared.ServerAPI.ClientCredentialsTest" name="GetCredential_ShouldThrowException_WhenUriIsNull" />
    </UnitTest>
    <UnitTest name="Optics enabled, forced" storage="d:\actions-runner\_work\xpco\xpco\allsolutions\..\sc\components\remoteviewer\smartclient\tst\zsmartclient_unittest\bin\x64\debug\net6.0-windows\zsmartclient_unittest.dll" id="276b5f57-b83c-bd25-6650-6ee4475653b5">
      <TestCategory>
        <TestCategoryItem TestCategory="Export" />
      </TestCategory>
      <Execution id="be496ce8-81ba-4cfc-a53c-2e56a0670af0" />
      <TestMethod codeBase="D:\actions-runner\_work\XPCO\XPCO\AllSolutions\..\SC\Components\RemoteViewer\SmartClient\tst\zSmartClient_UnitTest\bin\x64\Debug\net6.0-windows\zSmartClient_UnitTest.dll" adapterTypeName="executor://mstestadapter/v2" className="SmartClient_UnitTest.VideoOS.RemoteClient.Plugin.Export.CreateExportDialogViewModelTests" name="CreateExportDialog_ExportDestinationPreSelected_BasedOnOptions" />
    </UnitTest>
    <UnitTest name="Compare_NotNullVsNull_LessThan" storage="d:\actions-runner\_work\xpco\xpco\allsolutions\..\sc\components\remoteviewer\smartclient\tst\zsmartclient_unittest\bin\x64\debug\net6.0-windows\zsmartclient_unittest.dll" id="42e0893f-9727-8df7-fab4-99edc06f1ca2">
      <TestCategory>
        <TestCategoryItem TestCategory="SearchComparers" />
      </TestCategory>
      <Execution id="40065878-2e5f-4002-bc4d-78c37f678a43" />
      <TestMethod codeBase="D:\actions-runner\_work\XPCO\XPCO\AllSolutions\..\SC\Components\RemoteViewer\SmartClient\tst\zSmartClient_UnitTest\bin\x64\Debug\net6.0-windows\zSmartClient_UnitTest.dll" adapterTypeName="executor://mstestadapter/v2" className="SmartClient_UnitTest.VideoOS.RemoteClient.Plugin.CentralizedSearch.Models.Wrappers.Comparers.TriggerTimeComparerTests" name="Compare_NotNullVsNull_LessThan" />
    </UnitTest>
    <UnitTest name="TestSwitchWorkroom_ByWorkSpaceId_Success" storage="d:\actions-runner\_work\xpco\xpco\allsolutions\..\sc\components\remoteviewer\smartclient\tst\zsmartclient_unittest\bin\x64\debug\net6.0-windows\zsmartclient_unittest.dll" id="c619b254-8c86-c5cf-c771-3ea358787f56">
      <TestCategory>
        <TestCategoryItem TestCategory="WorkroomController" />
      </TestCategory>
      <Execution id="fc785f2e-fa88-4bb1-ab3c-ae358f4d5232" />
      <TestMethod codeBase="D:\actions-runner\_work\XPCO\XPCO\AllSolutions\..\SC\Components\RemoteViewer\SmartClient\tst\zSmartClient_UnitTest\bin\x64\Debug\net6.0-windows\zSmartClient_UnitTest.dll" adapterTypeName="executor://mstestadapter/v2" className="VideoOS.RemoteClient.Application.Controllers.WorkroomController.UnitTest.TabWorkroomControllerTest" name="TestSwitchWorkroom_ByWorkSpaceId_Success" />
    </UnitTest>
    <UnitTest name="PatrollingProfileListViewModel_Constructor_Success" storage="d:\actions-runner\_work\xpco\xpco\allsolutions\..\sc\components\remoteviewer\smartclient\tst\zsmartclient_unittest\bin\x64\debug\net6.0-windows\zsmartclient_unittest.dll" id="15dcfbd5-f39d-5642-bf0e-0d9eb38e85f1">
      <Execution id="3e44723d-8007-4245-b29c-d949fda594dc" />
      <TestMethod codeBase="D:\actions-runner\_work\XPCO\XPCO\AllSolutions\..\SC\Components\RemoteViewer\SmartClient\tst\zSmartClient_UnitTest\bin\x64\Debug\net6.0-windows\zSmartClient_UnitTest.dll" adapterTypeName="executor://mstestadapter/v2" className="SmartClient_UnitTest.VideoOS.RemoteClient.Application.UI.PtzPreset.PatrollingViewModel.PatrollingProfileListViewModelTest" name="PatrollingProfileListViewModel_Constructor_Success" />
    </UnitTest>
    <UnitTest name="CanEditRegionSelection_ShouldBeFalse_WhenHelperDoesNotAllowMoreRegionsToBeAdded" storage="d:\actions-runner\_work\xpco\xpco\allsolutions\..\sc\components\remoteviewer\smartclient\tst\zsmartclient_unittest\bin\x64\debug\net6.0-windows\zsmartclient_unittest.dll" id="c2441b73-f50b-2134-daff-42ee09341afb">
      <TestCategory>
        <TestCategoryItem TestCategory="Search.Filters.ViewModels" />
      </TestCategory>
      <Execution id="893f37ff-cbba-4fcf-b2af-1389e175b272" />
      <TestMethod codeBase="D:\actions-runner\_work\XPCO\XPCO\AllSolutions\..\SC\Components\RemoteViewer\SmartClient\tst\zSmartClient_UnitTest\bin\x64\Debug\net6.0-windows\zSmartClient_UnitTest.dll" adapterTypeName="executor://mstestadapter/v2" className="SmartClient_UnitTest.VideoOS.RemoteClient.Plugin.CentralizedSearch.MIPPlugin.Criteria.ViewModels.RegionSelectionAttributeEditControlViewModelTests" name="CanEditRegionSelection_ShouldBeFalse_WhenHelperDoesNotAllowMoreRegionsToBeAdded" />
    </UnitTest>
    <UnitTest name="IsMicrophoneUnmuted_ShouldBeTrue_WhenMicrophoneIsUnmuted" storage="d:\actions-runner\_work\xpco\xpco\allsolutions\..\sc\components\remoteviewer\smartclient\tst\zsmartclient_unittest\bin\x64\debug\net6.0-windows\zsmartclient_unittest.dll" id="3898ccc9-d005-6a67-598e-bc078f848ef1">
      <TestCategory>
        <TestCategoryItem TestCategory="GisMapData.MapLayers" />
      </TestCategory>
      <Execution id="cce0a05c-33aa-4962-b168-75736013feb8" />
      <TestMethod codeBase="D:\actions-runner\_work\XPCO\XPCO\AllSolutions\..\SC\Components\RemoteViewer\SmartClient\tst\zSmartClient_UnitTest\bin\x64\Debug\net6.0-windows\zSmartClient_UnitTest.dll" adapterTypeName="executor://mstestadapter/v2" className="SmartClient_UnitTest.VideoOS.RemoteClient.GisMapData.MapLayers.MicrophoneItemsMapLayerTests" name="IsMicrophoneUnmuted_ShouldBeTrue_WhenMicrophoneIsUnmuted" />
    </UnitTest>
    <UnitTest name="TestLoad_Success" storage="d:\actions-runner\_work\xpco\xpco\allsolutions\..\sc\components\remoteviewer\smartclient\tst\zsmartclient_unittest\bin\x64\debug\net6.0-windows\zsmartclient_unittest.dll" id="8f753e63-32d9-0333-cd9b-b93644536674">
      <TestCategory>
        <TestCategoryItem TestCategory="GisMapBuilding" />
      </TestCategory>
      <Execution id="62c24a36-20d3-423c-b8cd-a21b0c83ce7d" />
      <TestMethod codeBase="D:\actions-runner\_work\XPCO\XPCO\AllSolutions\..\SC\Components\RemoteViewer\SmartClient\tst\zSmartClient_UnitTest\bin\x64\Debug\net6.0-windows\zSmartClient_UnitTest.dll" adapterTypeName="executor://mstestadapter/v2" className="SmartClient_UnitTest.VideoOS.RemoteClient.GisMapData.MapBuildings.MapLevelTests" name="TestLoad_Success" />
    </UnitTest>
    <UnitTest name="IconValueConverter_ConvertInvalidIconSourceFallback_Success" storage="d:\actions-runner\_work\xpco\xpco\allsolutions\..\sc\components\remoteviewer\smartclient\tst\zsmartclient_unittest\bin\x64\debug\net6.0-windows\zsmartclient_unittest.dll" id="9245a3fe-e6e8-4a14-f7b3-94227339454e">
      <TestCategory>
        <TestCategoryItem TestCategory="SearchConverter" />
      </TestCategory>
      <Execution id="d4974ed4-8209-461d-a398-e64a752e022a" />
      <TestMethod codeBase="D:\actions-runner\_work\XPCO\XPCO\AllSolutions\..\SC\Components\RemoteViewer\SmartClient\tst\zSmartClient_UnitTest\bin\x64\Debug\net6.0-windows\zSmartClient_UnitTest.dll" adapterTypeName="executor://mstestadapter/v2" className="SmartClient_UnitTest.VideoOS.RemoteClient.Plugin.CentralizedSearch.Views.Converters.IconValueConverterTests" name="IconValueConverter_ConvertInvalidIconSourceFallback_Success" />
    </UnitTest>
    <UnitTest name="OnLayersRetrieved_ShouldSetComponentsOrdered_WhenLayersCollectionContainsCamera" storage="d:\actions-runner\_work\xpco\xpco\allsolutions\..\sc\components\remoteviewer\smartclient\tst\zsmartclient_unittest\bin\x64\debug\net6.0-windows\zsmartclient_unittest.dll" id="d9d0601b-6afc-d56b-58cd-43bff45267f6">
      <TestCategory>
        <TestCategoryItem TestCategory="GisMap.DeviceSelectorWindowViewModel" />
      </TestCategory>
      <Execution id="fdb0816f-be28-49a8-bd1d-e2016ea9aac7" />
      <TestMethod codeBase="D:\actions-runner\_work\XPCO\XPCO\AllSolutions\..\SC\Components\RemoteViewer\SmartClient\tst\zSmartClient_UnitTest\bin\x64\Debug\net6.0-windows\zSmartClient_UnitTest.dll" adapterTypeName="executor://mstestadapter/v2" className="SmartClient_UnitTest.VideoOS.RemoteClient.Plugin.GisMap.ViewModels.DeviceSelectorWindowViewModelTests" name="OnLayersRetrieved_ShouldSetComponentsOrdered_WhenLayersCollectionContainsCamera" />
    </UnitTest>
    <UnitTest name="Dispose_ShouldSetGisMapViewModelToNull_WhenCalled" storage="d:\actions-runner\_work\xpco\xpco\allsolutions\..\sc\components\remoteviewer\smartclient\tst\zsmartclient_unittest\bin\x64\debug\net6.0-windows\zsmartclient_unittest.dll" id="cdf55ccf-9363-1335-a916-7ffe8ada8675">
      <TestCategory>
        <TestCategoryItem TestCategory="GisMap.LayerVisibilityViewModelTests" />
      </TestCategory>
      <Execution id="0d13a0ef-9629-4037-a2df-37977f909143" />
      <TestMethod codeBase="D:\actions-runner\_work\XPCO\XPCO\AllSolutions\..\SC\Components\RemoteViewer\SmartClient\tst\zSmartClient_UnitTest\bin\x64\Debug\net6.0-windows\zSmartClient_UnitTest.dll" adapterTypeName="executor://mstestadapter/v2" className="SmartClient_UnitTest.VideoOS.RemoteClient.Plugin.GisMap.ViewModels.LayerVisibilityViewModelTests" name="Dispose_ShouldSetGisMapViewModelToNull_WhenCalled" />
    </UnitTest>
    <UnitTest name="DrawCore_ShouldUseCachedMarkers_WhenRedrawSameData" storage="d:\actions-runner\_work\xpco\xpco\allsolutions\..\sc\components\remoteviewer\smartclient\tst\zsmartclient_unittest\bin\x64\debug\net6.0-windows\zsmartclient_unittest.dll" id="c3862469-efa6-2b47-619c-2ccf15cc9a36">
      <TestCategory>
        <TestCategoryItem TestCategory="SmartMap.MapItemsOverlay" />
      </TestCategory>
      <Execution id="5a0e2cf6-c92e-4dd0-942a-f46d8e467aa6" />
      <TestMethod codeBase="D:\actions-runner\_work\XPCO\XPCO\AllSolutions\..\SC\Components\RemoteViewer\SmartClient\tst\zSmartClient_UnitTest\bin\x64\Debug\net6.0-windows\zSmartClient_UnitTest.dll" adapterTypeName="executor://mstestadapter/v2" className="SmartClient_UnitTest.VideoOS.RemoteClient.Plugin.GisMap.ThinkGeoMap.SpecializedOverlays.Overlays.MapItemsOverlayTests" name="DrawCore_ShouldUseCachedMarkers_WhenRedrawSameData" />
    </UnitTest>
    <UnitTest name="GetLayerFeatures_ShouldReturnMicrophoneLayerFeaturesBasedOnMicrophoneItemsMapLayer_WhenMicrophoneKind" storage="d:\actions-runner\_work\xpco\xpco\allsolutions\..\sc\components\remoteviewer\smartclient\tst\zsmartclient_unittest\bin\x64\debug\net6.0-windows\zsmartclient_unittest.dll" id="616c12d5-722e-e683-3114-c8a71232eef2">
      <TestCategory>
        <TestCategoryItem TestCategory="GisMapData.Controllers.LayerFeatures" />
      </TestCategory>
      <Execution id="ca64f857-9f9c-46ad-bcc2-48d411ad4c00" />
      <TestMethod codeBase="D:\actions-runner\_work\XPCO\XPCO\AllSolutions\..\SC\Components\RemoteViewer\SmartClient\tst\zSmartClient_UnitTest\bin\x64\Debug\net6.0-windows\zSmartClient_UnitTest.dll" adapterTypeName="executor://mstestadapter/v2" className="SmartClient_UnitTest.VideoOS.RemoteClient.GisMapData.Controllers.LayerFeatures.LayerFeaturesControllerTests" name="GetLayerFeatures_ShouldReturnMicrophoneLayerFeaturesBasedOnMicrophoneItemsMapLayer_WhenMicrophoneKind" />
    </UnitTest>
    <UnitTest name="MapLayerType_ShouldBeCameraItemsMapLayer_WhenCalled" storage="d:\actions-runner\_work\xpco\xpco\allsolutions\..\sc\components\remoteviewer\smartclient\tst\zsmartclient_unittest\bin\x64\debug\net6.0-windows\zsmartclient_unittest.dll" id="c6bb27a1-5619-6a1e-cb9a-a062fa5050e7">
      <Execution id="d18f9bed-4d73-46c3-9422-64221e9c5fca" />
      <TestMethod codeBase="D:\actions-runner\_work\XPCO\XPCO\AllSolutions\..\SC\Components\RemoteViewer\SmartClient\tst\zSmartClient_UnitTest\bin\x64\Debug\net6.0-windows\zSmartClient_UnitTest.dll" adapterTypeName="executor://mstestadapter/v2" className="SmartClient_UnitTest.VideoOS.RemoteClient.GisMapData.Strategies.MapLayers.CameraMapLayerDatagramClassFactoryStrategyTests" name="MapLayerType_ShouldBeCameraItemsMapLayer_WhenCalled" />
    </UnitTest>
    <UnitTest name="OpenStreetMapLayerIsDisabled_ShouldReturnTrue_WhenOpenStreetMapGeographicLayerOptionIsNotAvailableAndOpenStreetMapAlternativeServerIsEmpty" storage="d:\actions-runner\_work\xpco\xpco\allsolutions\..\sc\components\remoteviewer\smartclient\tst\zsmartclient_unittest\bin\x64\debug\net6.0-windows\zsmartclient_unittest.dll" id="a11326b9-3454-b2a2-061f-4440307800dc">
      <TestCategory>
        <TestCategoryItem TestCategory="GisMapLayer" />
      </TestCategory>
      <Execution id="b488c48c-e321-4460-aa9a-0112b0184cbb" />
      <TestMethod codeBase="D:\actions-runner\_work\XPCO\XPCO\AllSolutions\..\SC\Components\RemoteViewer\SmartClient\tst\zSmartClient_UnitTest\bin\x64\Debug\net6.0-windows\zSmartClient_UnitTest.dll" adapterTypeName="executor://mstestadapter/v2" className="SmartClient_UnitTest.VideoOS.RemoteClient.GisMap.MapLayers.GisMapLayerTests" name="OpenStreetMapLayerIsDisabled_ShouldReturnTrue_WhenOpenStreetMapGeographicLayerOptionIsNotAvailableAndOpenStreetMapAlternativeServerIsEmpty" />
    </UnitTest>
    <UnitTest name="Connect_WhenCredentialsIsNull_ShouldThrowException" storage="d:\actions-runner\_work\xpco\xpco\allsolutions\..\sc\components\remoteviewer\smartclient\tst\zsmartclient_unittest\bin\x64\debug\net6.0-windows\zsmartclient_unittest.dll" id="a3df582b-9242-8550-dbc2-e8cf5432b6b2">
      <Execution id="c02aca8b-e0bf-4ab6-901f-6f918a01ff7e" />
      <TestMethod codeBase="D:\actions-runner\_work\XPCO\XPCO\AllSolutions\..\SC\Components\RemoteViewer\SmartClient\tst\zSmartClient_UnitTest\bin\x64\Debug\net6.0-windows\zSmartClient_UnitTest.dll" adapterTypeName="executor://mstestadapter/v2" className="VideoOS.Shared.ServerAPI.ServiceChannel.UnitTest.ServiceChannelCommandServiceTests" name="Connect_WhenCredentialsIsNull_ShouldThrowException" />
    </UnitTest>
    <UnitTest name="Tooltip_ShouldShowMuteText_WhenMicrophoneIsUnmutedOnLiveModeAndUserHasListenPermissions" storage="d:\actions-runner\_work\xpco\xpco\allsolutions\..\sc\components\remoteviewer\smartclient\tst\zsmartclient_unittest\bin\x64\debug\net6.0-windows\zsmartclient_unittest.dll" id="6a8a8393-b45c-5684-e668-393262a5478a">
      <TestCategory>
        <TestCategoryItem TestCategory="GisMap.MicrophoneMarkerTest" />
      </TestCategory>
      <Execution id="d09e7e3a-5c3d-40fa-95fe-821169f459bc" />
      <TestMethod codeBase="D:\actions-runner\_work\XPCO\XPCO\AllSolutions\..\SC\Components\RemoteViewer\SmartClient\tst\zSmartClient_UnitTest\bin\x64\Debug\net6.0-windows\zSmartClient_UnitTest.dll" adapterTypeName="executor://mstestadapter/v2" className="SmartClient_UnitTest.VideoOS.RemoteClient.Plugin.GisMap.ThinkGeoMap.Markers.DeviceMarkers.MicrophoneMarker.MicrophoneMarkerTests" name="Tooltip_ShouldShowMuteText_WhenMicrophoneIsUnmutedOnLiveModeAndUserHasListenPermissions" />
    </UnitTest>
    <UnitTest name="PatrollingProfileViewModelTest_CreatePatrollingProfileViewModel_Success" storage="d:\actions-runner\_work\xpco\xpco\allsolutions\..\sc\components\remoteviewer\smartclient\tst\zsmartclient_unittest\bin\x64\debug\net6.0-windows\zsmartclient_unittest.dll" id="7487436c-f2c5-4df4-5b49-6474bc347b87">
      <Execution id="fa52e5ba-81a7-4530-bb29-fa88ea955236" />
      <TestMethod codeBase="D:\actions-runner\_work\XPCO\XPCO\AllSolutions\..\SC\Components\RemoteViewer\SmartClient\tst\zSmartClient_UnitTest\bin\x64\Debug\net6.0-windows\zSmartClient_UnitTest.dll" adapterTypeName="executor://mstestadapter/v2" className="SmartClient_UnitTest.VideoOS.RemoteClient.Application.UI.PtzPreset.PatrollingViewModel.PatrollingProfileViewModelTest" name="PatrollingProfileViewModelTest_CreatePatrollingProfileViewModel_Success" />
    </UnitTest>
    <UnitTest name="Constructor1_ShouldNotAllowInjectionOfNulls" storage="d:\actions-runner\_work\xpco\xpco\allsolutions\..\sc\components\remoteviewer\smartclient\tst\zsmartclient_unittest\bin\x64\debug\net6.0-windows\zsmartclient_unittest.dll" id="7e5f1658-9579-80ac-0889-217afa2e8ebf">
      <Execution id="da3f3f63-6ff4-4ac3-a887-167c17fc3801" />
      <TestMethod codeBase="D:\actions-runner\_work\XPCO\XPCO\AllSolutions\..\SC\Components\RemoteViewer\SmartClient\tst\zSmartClient_UnitTest\bin\x64\Debug\net6.0-windows\zSmartClient_UnitTest.dll" adapterTypeName="executor://mstestadapter/v2" className="SmartClient_UnitTest.VideoOS.RemoteClient.Plugin.Export.PasswordDialogViewModelTests" name="Constructor1_ShouldNotAllowInjectionOfNulls" />
    </UnitTest>
    <UnitTest name="BuildSessionStarted_ShouldReturnCorrectValues" storage="d:\actions-runner\_work\xpco\xpco\allsolutions\..\sc\components\remoteviewer\smartclient\tst\zsmartclient_unittest\bin\x64\debug\net6.0-windows\zsmartclient_unittest.dll" id="790684f3-79cb-8225-0da5-fcb35e52e25a">
      <Execution id="25a812de-dde4-4f0c-8681-cded862b97eb" />
      <TestMethod codeBase="D:\actions-runner\_work\XPCO\XPCO\AllSolutions\..\SC\Components\RemoteViewer\SmartClient\tst\zSmartClient_UnitTest\bin\x64\Debug\net6.0-windows\zSmartClient_UnitTest.dll" adapterTypeName="executor://mstestadapter/v2" className="SmartClient_UnitTest.VideoOS.RemoteClient.Application.Common.Telemetry.TelemetryBuilderTests" name="BuildSessionStarted_ShouldReturnCorrectValues" />
    </UnitTest>
    <UnitTest name="GetKey_ShouldReturnValidConnectionString" storage="d:\actions-runner\_work\xpco\xpco\allsolutions\..\sc\components\remoteviewer\smartclient\tst\zsmartclient_unittest\bin\x64\debug\net6.0-windows\zsmartclient_unittest.dll" id="89633d51-0a7e-1e94-929d-ec9b25c6de3a">
      <Execution id="3109a961-29b9-4b99-a0c5-14a4b2ffd491" />
      <TestMethod codeBase="D:\actions-runner\_work\XPCO\XPCO\AllSolutions\..\SC\Components\RemoteViewer\SmartClient\tst\zSmartClient_UnitTest\bin\x64\Debug\net6.0-windows\zSmartClient_UnitTest.dll" adapterTypeName="executor://mstestadapter/v2" className="SmartClient_UnitTest.VideoOS.RemoteClient.Application.Common.Telemetry.TelemetryKeyProviderTests" name="GetKey_ShouldReturnValidConnectionString" />
    </UnitTest>
    <UnitTest name="Decorate_ShouldAddChildrenWithProperName_WhenThereAreLayersWithItemsImplementingITitleToggleable" storage="d:\actions-runner\_work\xpco\xpco\allsolutions\..\sc\components\remoteviewer\smartclient\tst\zsmartclient_unittest\bin\x64\debug\net6.0-windows\zsmartclient_unittest.dll" id="a5f3c4e3-2515-5b34-ca88-e1bb40637adf">
      <TestCategory>
        <TestCategoryItem TestCategory="GisMap.LayerVisibilityItemDataChildrenToggleItemDecoratorTests" />
      </TestCategory>
      <Execution id="fdc2c8dd-a8e3-4088-a786-f0d5db751c46" />
      <TestMethod codeBase="D:\actions-runner\_work\XPCO\XPCO\AllSolutions\..\SC\Components\RemoteViewer\SmartClient\tst\zSmartClient_UnitTest\bin\x64\Debug\net6.0-windows\zSmartClient_UnitTest.dll" adapterTypeName="executor://mstestadapter/v2" className="SmartClient_UnitTest.VideoOS.RemoteClient.Plugin.GisMap.ViewModels.LayersVisibility.Decorators.LayerVisibilityItemDataChildrenToggleItemDecoratorTests" name="Decorate_ShouldAddChildrenWithProperName_WhenThereAreLayersWithItemsImplementingITitleToggleable" />
    </UnitTest>
    <UnitTest name="GetMapLayerArguments_ShouldReturnIGisMapModel_WhenCalled" storage="d:\actions-runner\_work\xpco\xpco\allsolutions\..\sc\components\remoteviewer\smartclient\tst\zsmartclient_unittest\bin\x64\debug\net6.0-windows\zsmartclient_unittest.dll" id="654dfcc7-b76a-e7bb-4995-363927b604e0">
      <Execution id="86eb579b-6131-4836-b5c9-f1a4276649e6" />
      <TestMethod codeBase="D:\actions-runner\_work\XPCO\XPCO\AllSolutions\..\SC\Components\RemoteViewer\SmartClient\tst\zSmartClient_UnitTest\bin\x64\Debug\net6.0-windows\zSmartClient_UnitTest.dll" adapterTypeName="executor://mstestadapter/v2" className="SmartClient_UnitTest.VideoOS.RemoteClient.GisMapData.Strategies.MapLayers.ViewZoneItemsMapLayerDatagramClassFactoryStrategyTests" name="GetMapLayerArguments_ShouldReturnIGisMapModel_WhenCalled" />
    </UnitTest>
    <UnitTest name="CreateDefinition_TwoFiltersInCategory_TwoFilterValuesAddedToSearchCriteria" storage="d:\actions-runner\_work\xpco\xpco\allsolutions\..\sc\components\remoteviewer\smartclient\tst\zsmartclient_unittest\bin\x64\debug\net6.0-windows\zsmartclient_unittest.dll" id="5837e4ca-1cc6-6c6e-80e5-27206d993c91">
      <TestCategory>
        <TestCategoryItem TestCategory="SearchModels" />
      </TestCategory>
      <Execution id="63d69b55-2d58-4042-b66c-6867f16c306b" />
      <TestMethod codeBase="D:\actions-runner\_work\XPCO\XPCO\AllSolutions\..\SC\Components\RemoteViewer\SmartClient\tst\zSmartClient_UnitTest\bin\x64\Debug\net6.0-windows\zSmartClient_UnitTest.dll" adapterTypeName="executor://mstestadapter/v2" className="SmartClient_UnitTest.VideoOS.RemoteClient.Plugin.CentralizedSearch.Models.SearchModelTests" name="CreateDefinition_TwoFiltersInCategory_TwoFilterValuesAddedToSearchCriteria" />
    </UnitTest>
    <UnitTest name="AddToExportDevices_ShouldReturnCorrectResult (5,0,0)" storage="d:\actions-runner\_work\xpco\xpco\allsolutions\..\sc\components\remoteviewer\smartclient\tst\zsmartclient_unittest\bin\x64\debug\net6.0-windows\zsmartclient_unittest.dll" id="efa5e684-eb87-76bd-ab26-0cf3ca05e354">
      <TestCategory>
        <TestCategoryItem TestCategory="Managers" />
      </TestCategory>
      <Execution id="7ac9c5a9-1702-452b-bbe8-d29bec0f7756" />
      <TestMethod codeBase="D:\actions-runner\_work\XPCO\XPCO\AllSolutions\..\SC\Components\RemoteViewer\SmartClient\tst\zSmartClient_UnitTest\bin\x64\Debug\net6.0-windows\zSmartClient_UnitTest.dll" adapterTypeName="executor://mstestadapter/v2" className="SmartClient_UnitTest.VideoOS.RemoteClient.Application.Managers.ExportManagerTests" name="AddToExportDevices_ShouldReturnCorrectResult" />
    </UnitTest>
    <UnitTest name="SelectedSearchResultsChanged_InitiallyNotVisible_BecomesVisible" storage="d:\actions-runner\_work\xpco\xpco\allsolutions\..\sc\components\remoteviewer\smartclient\tst\zsmartclient_unittest\bin\x64\debug\net6.0-windows\zsmartclient_unittest.dll" id="f31307eb-7ac9-c75e-b886-051d44063f63">
      <TestCategory>
        <TestCategoryItem TestCategory="SearchResultActionBarViewModel" />
      </TestCategory>
      <Execution id="19b6a60a-23d1-4d6b-89a5-7a79297b63f9" />
      <TestMethod codeBase="D:\actions-runner\_work\XPCO\XPCO\AllSolutions\..\SC\Components\RemoteViewer\SmartClient\tst\zSmartClient_UnitTest\bin\x64\Debug\net6.0-windows\zSmartClient_UnitTest.dll" adapterTypeName="executor://mstestadapter/v2" className="SmartClient_UnitTest.VideoOS.RemoteClient.Plugin.CentralizedSearch.ViewModels.SearchResultsActionBarViewModelTest" name="SelectedSearchResultsChanged_InitiallyNotVisible_BecomesVisible" />
    </UnitTest>
    <UnitTest name="ViewsAreSortedCorrectly" storage="d:\actions-runner\_work\xpco\xpco\allsolutions\..\sc\components\remoteviewer\smartclient\tst\zsmartclient_unittest\bin\x64\debug\net6.0-windows\zsmartclient_unittest.dll" id="9f58f9ac-c237-b302-81b2-6eb6c67dcabf">
      <Execution id="53e96288-6bec-4636-a972-cafe955af49d" />
      <TestMethod codeBase="D:\actions-runner\_work\XPCO\XPCO\AllSolutions\..\SC\Components\RemoteViewer\SmartClient\tst\zSmartClient_UnitTest\bin\x64\Debug\net6.0-windows\zSmartClient_UnitTest.dll" adapterTypeName="executor://mstestadapter/v2" className="SmartClient_UnitTest.VideoOS.RemoteClient.Application.UI.Common.ViewTree.SortingTests" name="ViewsAreSortedCorrectly" />
    </UnitTest>
    <UnitTest name="SupportsDoubleClick_ShouldBeFalse_WhenInteractionStateIsNotNormalAndNotInSetupMode" storage="d:\actions-runner\_work\xpco\xpco\allsolutions\..\sc\components\remoteviewer\smartclient\tst\zsmartclient_unittest\bin\x64\debug\net6.0-windows\zsmartclient_unittest.dll" id="63448ae4-3822-6161-d46b-a6dd1dfe44fd">
      <TestCategory>
        <TestCategoryItem TestCategory="GisMap.LocationMarker" />
      </TestCategory>
      <Execution id="ceceb671-669c-429d-bb4f-a0cfbff23418" />
      <TestMethod codeBase="D:\actions-runner\_work\XPCO\XPCO\AllSolutions\..\SC\Components\RemoteViewer\SmartClient\tst\zSmartClient_UnitTest\bin\x64\Debug\net6.0-windows\zSmartClient_UnitTest.dll" adapterTypeName="executor://mstestadapter/v2" className="SmartClient_UnitTest.VideoOS.RemoteClient.Plugin.GisMap.ThinkGeoMap.Markers.LocationMarker.LocationMarkerTests" name="SupportsDoubleClick_ShouldBeFalse_WhenInteractionStateIsNotNormalAndNotInSetupMode" />
    </UnitTest>
    <UnitTest name="EndTime_ShouldBeSetToValueOfSearchResult" storage="d:\actions-runner\_work\xpco\xpco\allsolutions\..\sc\components\remoteviewer\smartclient\tst\zsmartclient_unittest\bin\x64\debug\net6.0-windows\zsmartclient_unittest.dll" id="65ef895f-879d-2d2d-7aa0-966d606f5376">
      <TestCategory>
        <TestCategoryItem TestCategory="Search.Wrappers" />
      </TestCategory>
      <Execution id="c5d7b37d-146c-4c1e-81cc-2f3f81675c46" />
      <TestMethod codeBase="D:\actions-runner\_work\XPCO\XPCO\AllSolutions\..\SC\Components\RemoteViewer\SmartClient\tst\zSmartClient_UnitTest\bin\x64\Debug\net6.0-windows\zSmartClient_UnitTest.dll" adapterTypeName="executor://mstestadapter/v2" className="SmartClient_UnitTest.VideoOS.RemoteClient.Plugin.CentralizedSearch.Models.Wrappers.SearchResultDataWrapperTests" name="EndTime_ShouldBeSetToValueOfSearchResult" />
    </UnitTest>
    <UnitTest name="ConvertToNewLevel_OneLevelDown_Success" storage="d:\actions-runner\_work\xpco\xpco\allsolutions\..\sc\components\remoteviewer\smartclient\tst\zsmartclient_unittest\bin\x64\debug\net6.0-windows\zsmartclient_unittest.dll" id="1947d432-ac4e-8ff4-6a61-109d18cd0bdb">
      <TestCategory>
        <TestCategoryItem TestCategory="GisMapIndex" />
      </TestCategory>
      <Execution id="f37e4baa-bcdc-4d05-bb7f-5f4ac5918977" />
      <TestMethod codeBase="D:\actions-runner\_work\XPCO\XPCO\AllSolutions\..\SC\Components\RemoteViewer\SmartClient\tst\zSmartClient_UnitTest\bin\x64\Debug\net6.0-windows\zSmartClient_UnitTest.dll" adapterTypeName="executor://mstestadapter/v2" className="SmartClient_UnitTest.VideoOS.RemoteClient.GisMapData.Common.Indexer.IndexGridExtentTest" name="ConvertToNewLevel_OneLevelDown_Success" />
    </UnitTest>
    <UnitTest name="AddSelectedCameras_TooManyCameras_ValidateAllOptionCentralizedSearchMaxDeviceCountValues" storage="d:\actions-runner\_work\xpco\xpco\allsolutions\..\sc\components\remoteviewer\smartclient\tst\zsmartclient_unittest\bin\x64\debug\net6.0-windows\zsmartclient_unittest.dll" id="90e28b3e-a0b2-cd0c-c5a2-021ebe10799d">
      <TestCategory>
        <TestCategoryItem TestCategory="SearchViewModels" />
      </TestCategory>
      <Execution id="5fb02fb5-66a9-4174-a515-ce86643d49be" />
      <TestMethod codeBase="D:\actions-runner\_work\XPCO\XPCO\AllSolutions\..\SC\Components\RemoteViewer\SmartClient\tst\zSmartClient_UnitTest\bin\x64\Debug\net6.0-windows\zSmartClient_UnitTest.dll" adapterTypeName="executor://mstestadapter/v2" className="SmartClient_UnitTest.VideoOS.RemoteClient.Plugin.CentralizedSearch.ViewModels.SearchViewModelTests" name="AddSelectedCameras_TooManyCameras_ValidateAllOptionCentralizedSearchMaxDeviceCountValues" />
    </UnitTest>
    <UnitTest name="LoadBoundingShapes_ManyVariants_LeastPossiblePathsAddedToUI" storage="d:\actions-runner\_work\xpco\xpco\allsolutions\..\sc\components\remoteviewer\smartclient\tst\zsmartclient_unittest\bin\x64\debug\net6.0-windows\zsmartclient_unittest.dll" id="62414311-f47b-f1ac-7284-9bb4f606ff0e">
      <Execution id="ef622f14-0924-428c-a3fe-12ccab0a134e" />
      <TestMethod codeBase="D:\actions-runner\_work\XPCO\XPCO\AllSolutions\..\SC\Components\RemoteViewer\SmartClient\tst\zSmartClient_UnitTest\bin\x64\Debug\net6.0-windows\zSmartClient_UnitTest.dll" adapterTypeName="executor://mstestadapter/v2" className="SmartClient_UnitTest.VideoOS.RemoteClient.Plugin.CentralizedSearch.MIPPlugin.Results.VideoSearchResultUserControlTests" name="LoadBoundingShapes_ManyVariants_LeastPossiblePathsAddedToUI" />
    </UnitTest>
    <UnitTest name="HandleGetDeviceData_ShouldReturnNotFoundDeviceData_WhenCalled" storage="d:\actions-runner\_work\xpco\xpco\allsolutions\..\sc\components\remoteviewer\smartclient\tst\zsmartclient_unittest\bin\x64\debug\net6.0-windows\zsmartclient_unittest.dll" id="9a94a475-1b0f-e9b3-ba5e-634b89ce686f">
      <TestCategory>
        <TestCategoryItem TestCategory="GisMap.Handlers.Devices.MapItems" />
      </TestCategory>
      <Execution id="88e2f275-ed44-4603-b649-1a3f21af4548" />
      <TestMethod codeBase="D:\actions-runner\_work\XPCO\XPCO\AllSolutions\..\SC\Components\RemoteViewer\SmartClient\tst\zSmartClient_UnitTest\bin\x64\Debug\net6.0-windows\zSmartClient_UnitTest.dll" adapterTypeName="executor://mstestadapter/v2" className="SmartClient_UnitTest.VideoOS.RemoteClient.Plugin.GisMap.Handlers.Devices.MapItems.NotFoundDeviceDataHandlerTests" name="HandleGetDeviceData_ShouldReturnNotFoundDeviceData_WhenCalled" />
    </UnitTest>
    <UnitTest name="SupportsDoubleClick_ShouldBeTrue_WhenInteractionStateIsNewDevice" storage="d:\actions-runner\_work\xpco\xpco\allsolutions\..\sc\components\remoteviewer\smartclient\tst\zsmartclient_unittest\bin\x64\debug\net6.0-windows\zsmartclient_unittest.dll" id="b6fde623-a6bd-ca8b-1185-e73065d6312e">
      <TestCategory>
        <TestCategoryItem TestCategory="GisMap.MicrophoneMarkerTest" />
      </TestCategory>
      <Execution id="e23cbb62-eaa8-4e21-8e73-cb72e624a10a" />
      <TestMethod codeBase="D:\actions-runner\_work\XPCO\XPCO\AllSolutions\..\SC\Components\RemoteViewer\SmartClient\tst\zSmartClient_UnitTest\bin\x64\Debug\net6.0-windows\zSmartClient_UnitTest.dll" adapterTypeName="executor://mstestadapter/v2" className="SmartClient_UnitTest.VideoOS.RemoteClient.Plugin.GisMap.ThinkGeoMap.Markers.DeviceMarkers.MicrophoneMarker.MicrophoneMarkerTests" name="SupportsDoubleClick_ShouldBeTrue_WhenInteractionStateIsNewDevice" />
    </UnitTest>
    <UnitTest name="Perform_ActionFastAfterFirst_Delay" storage="d:\actions-runner\_work\xpco\xpco\allsolutions\..\sc\components\remoteviewer\smartclient\tst\zsmartclient_unittest\bin\x64\debug\net6.0-windows\zsmartclient_unittest.dll" id="c9e65ace-67e8-aaf0-227a-cc6ee9b8878a">
      <TestCategory>
        <TestCategoryItem TestCategory="UI.Facilitators" />
      </TestCategory>
      <Execution id="619b37e3-16f1-40d1-adfd-f32b23332c66" />
      <TestMethod codeBase="D:\actions-runner\_work\XPCO\XPCO\AllSolutions\..\SC\Components\RemoteViewer\SmartClient\tst\zSmartClient_UnitTest\bin\x64\Debug\net6.0-windows\zSmartClient_UnitTest.dll" adapterTypeName="executor://mstestadapter/v2" className="SmartClient_UnitTest.VideoOS.UI.Common.EventDrivenBufferWithDelayTests" name="Perform_ActionFastAfterFirst_Delay" />
    </UnitTest>
    <UnitTest name="PatrollingProfileViewModelTest_IsDirty" storage="d:\actions-runner\_work\xpco\xpco\allsolutions\..\sc\components\remoteviewer\smartclient\tst\zsmartclient_unittest\bin\x64\debug\net6.0-windows\zsmartclient_unittest.dll" id="18ccdda0-c082-96fc-d95c-7842b85332a3">
      <Execution id="a60d878d-8b9a-432b-a959-34c8bab832dc" />
      <TestMethod codeBase="D:\actions-runner\_work\XPCO\XPCO\AllSolutions\..\SC\Components\RemoteViewer\SmartClient\tst\zSmartClient_UnitTest\bin\x64\Debug\net6.0-windows\zSmartClient_UnitTest.dll" adapterTypeName="executor://mstestadapter/v2" className="SmartClient_UnitTest.VideoOS.RemoteClient.Application.UI.PtzPreset.PatrollingViewModel.PatrollingProfileViewModelTest" name="PatrollingProfileViewModelTest_IsDirty" />
    </UnitTest>
    <UnitTest name="Add_ShouldAddViewItemToIncludedViewItemsForSelectedView" storage="d:\actions-runner\_work\xpco\xpco\allsolutions\..\sc\components\remoteviewer\smartclient\tst\zsmartclient_unittest\bin\x64\debug\net6.0-windows\zsmartclient_unittest.dll" id="78ae1d5d-740b-66e6-7a5c-ade2279f3a28">
      <TestCategory>
        <TestCategoryItem TestCategory="ApplicationController" />
      </TestCategory>
      <Execution id="7f874171-1acb-4b15-bda9-08302f6f640c" />
      <TestMethod codeBase="D:\actions-runner\_work\XPCO\XPCO\AllSolutions\..\SC\Components\RemoteViewer\SmartClient\tst\zSmartClient_UnitTest\bin\x64\Debug\net6.0-windows\zSmartClient_UnitTest.dll" adapterTypeName="executor://mstestadapter/v2" className="VideoOS.RemoteClient.Application.Controllers.UnitTest.IncludedViewItemsTest" name="Add_ShouldAddViewItemToIncludedViewItemsForSelectedView" />
    </UnitTest>
    <UnitTest name="AddToExportDevices_ShouldReturnCorrectResult (0,5,0)" storage="d:\actions-runner\_work\xpco\xpco\allsolutions\..\sc\components\remoteviewer\smartclient\tst\zsmartclient_unittest\bin\x64\debug\net6.0-windows\zsmartclient_unittest.dll" id="9f986ee2-f890-4bb4-9d18-dc0473ae370b">
      <TestCategory>
        <TestCategoryItem TestCategory="Managers" />
      </TestCategory>
      <Execution id="1cb0b6f2-524d-4082-863c-9d5bf7d87d68" />
      <TestMethod codeBase="D:\actions-runner\_work\XPCO\XPCO\AllSolutions\..\SC\Components\RemoteViewer\SmartClient\tst\zSmartClient_UnitTest\bin\x64\Debug\net6.0-windows\zSmartClient_UnitTest.dll" adapterTypeName="executor://mstestadapter/v2" className="SmartClient_UnitTest.VideoOS.RemoteClient.Application.Managers.ExportManagerTests" name="AddToExportDevices_ShouldReturnCorrectResult" />
    </UnitTest>
    <UnitTest name="Ctor_CentralizedSearchStateWithNoSelectedSearchTemplate_ActiveSearchTemplateNotSet" storage="d:\actions-runner\_work\xpco\xpco\allsolutions\..\sc\components\remoteviewer\smartclient\tst\zsmartclient_unittest\bin\x64\debug\net6.0-windows\zsmartclient_unittest.dll" id="cea1f122-04c5-bf3d-5adc-09ad4dc7f7c2">
      <TestCategory>
        <TestCategoryItem TestCategory="SearchViewModels" />
      </TestCategory>
      <Execution id="7b37257b-ab1f-409c-9307-f4e91f723636" />
      <TestMethod codeBase="D:\actions-runner\_work\XPCO\XPCO\AllSolutions\..\SC\Components\RemoteViewer\SmartClient\tst\zSmartClient_UnitTest\bin\x64\Debug\net6.0-windows\zSmartClient_UnitTest.dll" adapterTypeName="executor://mstestadapter/v2" className="SmartClient_UnitTest.VideoOS.RemoteClient.Plugin.CentralizedSearch.ViewModels.SearchViewModelTests" name="Ctor_CentralizedSearchStateWithNoSelectedSearchTemplate_ActiveSearchTemplateNotSet" />
    </UnitTest>
    <UnitTest name="MonitorsAreSortedCorrectly" storage="d:\actions-runner\_work\xpco\xpco\allsolutions\..\sc\components\remoteviewer\smartclient\tst\zsmartclient_unittest\bin\x64\debug\net6.0-windows\zsmartclient_unittest.dll" id="907e6cbe-4234-cd51-c51e-c0122588864e">
      <Execution id="fda56d23-4350-43f8-8ba3-aaae87141b38" />
      <TestMethod codeBase="D:\actions-runner\_work\XPCO\XPCO\AllSolutions\..\SC\Components\RemoteViewer\SmartClient\tst\zSmartClient_UnitTest\bin\x64\Debug\net6.0-windows\zSmartClient_UnitTest.dll" adapterTypeName="executor://mstestadapter/v2" className="SmartClient_UnitTest.VideoOS.RemoteClient.Application.UI.Common.ViewTree.SortingTests" name="MonitorsAreSortedCorrectly" />
    </UnitTest>
    <UnitTest name="IsProcessing_CancelWhileUnprocessedItemsAndThenResumeSearch_Success" storage="d:\actions-runner\_work\xpco\xpco\allsolutions\..\sc\components\remoteviewer\smartclient\tst\zsmartclient_unittest\bin\x64\debug\net6.0-windows\zsmartclient_unittest.dll" id="920a2918-af9a-e3ed-e910-d0d07bf9fed3">
      <TestCategory>
        <TestCategoryItem TestCategory="SearchResultsPreprocessor" />
      </TestCategory>
      <Execution id="35bb56dc-5cd4-4d61-a1f0-23af903575b8" />
      <TestMethod codeBase="D:\actions-runner\_work\XPCO\XPCO\AllSolutions\..\SC\Components\RemoteViewer\SmartClient\tst\zSmartClient_UnitTest\bin\x64\Debug\net6.0-windows\zSmartClient_UnitTest.dll" adapterTypeName="executor://mstestadapter/v2" className="SmartClient_UnitTest.VideoOS.RemoteClient.Plugin.CentralizedSearch.Models.SearchResultsPreprocessorTests" name="IsProcessing_CancelWhileUnprocessedItemsAndThenResumeSearch_Success" />
    </UnitTest>
    <UnitTest name="AlwaysPutGroupsBeforeViews" storage="d:\actions-runner\_work\xpco\xpco\allsolutions\..\sc\components\remoteviewer\smartclient\tst\zsmartclient_unittest\bin\x64\debug\net6.0-windows\zsmartclient_unittest.dll" id="846a9eb5-5d29-1fe6-2752-1629db0ce419">
      <Execution id="7cb6defa-0afb-4c4c-b6eb-067e9bb4f125" />
      <TestMethod codeBase="D:\actions-runner\_work\XPCO\XPCO\AllSolutions\..\SC\Components\RemoteViewer\SmartClient\tst\zSmartClient_UnitTest\bin\x64\Debug\net6.0-windows\zSmartClient_UnitTest.dll" adapterTypeName="executor://mstestadapter/v2" className="SmartClient_UnitTest.VideoOS.RemoteClient.Application.UI.Common.ViewTree.SortingTests" name="AlwaysPutGroupsBeforeViews" />
    </UnitTest>
    <UnitTest name="ActiveInteractionStateBinding_ShouldNotBeNull_WhenCtorIsCalled" storage="d:\actions-runner\_work\xpco\xpco\allsolutions\..\sc\components\remoteviewer\smartclient\tst\zsmartclient_unittest\bin\x64\debug\net6.0-windows\zsmartclient_unittest.dll" id="ac48ab08-0586-5064-3572-983965e5b6b6">
      <TestCategory>
        <TestCategoryItem TestCategory="GisMap.MicrophoneMarkerTest" />
      </TestCategory>
      <Execution id="7f7a88a1-09b0-420f-b4b2-5116b5e12b90" />
      <TestMethod codeBase="D:\actions-runner\_work\XPCO\XPCO\AllSolutions\..\SC\Components\RemoteViewer\SmartClient\tst\zSmartClient_UnitTest\bin\x64\Debug\net6.0-windows\zSmartClient_UnitTest.dll" adapterTypeName="executor://mstestadapter/v2" className="SmartClient_UnitTest.VideoOS.RemoteClient.Plugin.GisMap.ThinkGeoMap.Markers.DeviceMarkers.MicrophoneMarker.MicrophoneMarkerTests" name="ActiveInteractionStateBinding_ShouldNotBeNull_WhenCtorIsCalled" />
    </UnitTest>
    <UnitTest name="Command_WithNullResults_PluginInstanceActivatedCalled" storage="d:\actions-runner\_work\xpco\xpco\allsolutions\..\sc\components\remoteviewer\smartclient\tst\zsmartclient_unittest\bin\x64\debug\net6.0-windows\zsmartclient_unittest.dll" id="ac028d00-9e94-7167-70c4-eff006ef19bc">
      <TestCategory>
        <TestCategoryItem TestCategory="SearchResultsAction" />
      </TestCategory>
      <Execution id="7338a8ae-88c6-4063-8b97-d9d37f369d0e" />
      <TestMethod codeBase="D:\actions-runner\_work\XPCO\XPCO\AllSolutions\..\SC\Components\RemoteViewer\SmartClient\tst\zSmartClient_UnitTest\bin\x64\Debug\net6.0-windows\zSmartClient_UnitTest.dll" adapterTypeName="executor://mstestadapter/v2" className="SmartClient_UnitTest.VideoOS.RemoteClient.Plugin.CentralizedSearch.ViewModels.SearchResultsActionViewModelTests" name="Command_WithNullResults_PluginInstanceActivatedCalled" />
    </UnitTest>
    <UnitTest name="GetServerTypes_ShouldReturnLogServiceType" storage="d:\actions-runner\_work\xpco\xpco\allsolutions\..\sc\components\remoteviewer\smartclient\tst\zsmartclient_unittest\bin\x64\debug\net6.0-windows\zsmartclient_unittest.dll" id="e671fc0c-9f3c-71e0-8b22-c4f68d735e7f">
      <Execution id="951138d9-9d76-4f5b-aa01-ef1ce29ae428" />
      <TestMethod codeBase="D:\actions-runner\_work\XPCO\XPCO\AllSolutions\..\SC\Components\RemoteViewer\SmartClient\tst\zSmartClient_UnitTest\bin\x64\Debug\net6.0-windows\zSmartClient_UnitTest.dll" adapterTypeName="executor://mstestadapter/v2" className="SmartClient_UnitTest.VideoOS.RemoteClient.Application.Data.ContentTypes.ReportingContentType.DashboardExtentionsTest" name="GetServerTypes_ShouldReturnLogServiceType" />
    </UnitTest>
    <UnitTest name="DeviceIcons_ShouldNotBeNull_WhenCalled" storage="d:\actions-runner\_work\xpco\xpco\allsolutions\..\sc\components\remoteviewer\smartclient\tst\zsmartclient_unittest\bin\x64\debug\net6.0-windows\zsmartclient_unittest.dll" id="532cb81a-df32-0fbd-c0b0-8629f10837bd">
      <TestCategory>
        <TestCategoryItem TestCategory="GisMapData.InputOemResourcesProviderTests" />
      </TestCategory>
      <Execution id="c71fafe8-50a3-42a4-861d-3bddb38232d4" />
      <TestMethod codeBase="D:\actions-runner\_work\XPCO\XPCO\AllSolutions\..\SC\Components\RemoteViewer\SmartClient\tst\zSmartClient_UnitTest\bin\x64\Debug\net6.0-windows\zSmartClient_UnitTest.dll" adapterTypeName="executor://mstestadapter/v2" className="SmartClient_UnitTest.VideoOS.RemoteClient.GisMapData.Resources.InputOemResourcesProviderTests" name="DeviceIcons_ShouldNotBeNull_WhenCalled" />
    </UnitTest>
    <UnitTest name="HandleSetLayerFeatures_ShouldUpdateCameraLayerFeatures_WhenCameraKindAndCameraLayerFeatures" storage="d:\actions-runner\_work\xpco\xpco\allsolutions\..\sc\components\remoteviewer\smartclient\tst\zsmartclient_unittest\bin\x64\debug\net6.0-windows\zsmartclient_unittest.dll" id="222612dc-51ac-9b64-f67c-78952b32c155">
      <TestCategory>
        <TestCategoryItem TestCategory="GisMapData.Handlers.LayerFeatures" />
      </TestCategory>
      <Execution id="a7bfbd09-e6c8-48a3-9005-6d03bdce5910" />
      <TestMethod codeBase="D:\actions-runner\_work\XPCO\XPCO\AllSolutions\..\SC\Components\RemoteViewer\SmartClient\tst\zSmartClient_UnitTest\bin\x64\Debug\net6.0-windows\zSmartClient_UnitTest.dll" adapterTypeName="executor://mstestadapter/v2" className="SmartClient_UnitTest.VideoOS.RemoteClient.GisMapData.Handlers.LayerFeatures.CameraLayerFeaturesHandlerTests" name="HandleSetLayerFeatures_ShouldUpdateCameraLayerFeatures_WhenCameraKindAndCameraLayerFeatures" />
    </UnitTest>
    <UnitTest name="Enabled_WhenInterrupted_ThenNoSubscribers" storage="d:\actions-runner\_work\xpco\xpco\allsolutions\..\sc\components\remoteviewer\smartclient\tst\zsmartclient_unittest\bin\x64\debug\net6.0-windows\zsmartclient_unittest.dll" id="fb67ea71-6b78-1dc1-49b9-30224c6a1bae">
      <Execution id="3b862d7b-d84e-491a-8bc4-ea1d1c6057c7" />
      <TestMethod codeBase="D:\actions-runner\_work\XPCO\XPCO\AllSolutions\..\SC\Components\RemoteViewer\SmartClient\tst\zSmartClient_UnitTest\bin\x64\Debug\net6.0-windows\zSmartClient_UnitTest.dll" adapterTypeName="executor://mstestadapter/v2" className="SmartClient_UnitTest.VideoOS.RemoteClient.GisMapData.MapLayers.LayerAlarmNotificationTest" name="Enabled_WhenInterrupted_ThenNoSubscribers" />
    </UnitTest>
    <UnitTest name="GetSearchReportDialog_SelectedSearchResults_SingleResult_Success" storage="d:\actions-runner\_work\xpco\xpco\allsolutions\..\sc\components\remoteviewer\smartclient\tst\zsmartclient_unittest\bin\x64\debug\net6.0-windows\zsmartclient_unittest.dll" id="800f9645-615e-ad0a-a2cb-53e0d1e48385">
      <TestCategory>
        <TestCategoryItem TestCategory="Search" />
      </TestCategory>
      <Execution id="37842bf0-f185-4c62-aa4c-b9478abfe8a5" />
      <TestMethod codeBase="D:\actions-runner\_work\XPCO\XPCO\AllSolutions\..\SC\Components\RemoteViewer\SmartClient\tst\zSmartClient_UnitTest\bin\x64\Debug\net6.0-windows\zSmartClient_UnitTest.dll" adapterTypeName="executor://mstestadapter/v2" className="SmartClient_UnitTest.VideoOS.RemoteClient.Plugin.CentralizedSearch.ViewModels.Utility.SearchReportHandlerTests" name="GetSearchReportDialog_SelectedSearchResults_SingleResult_Success" />
    </UnitTest>
    <UnitTest name="Path enabled, not forced" storage="d:\actions-runner\_work\xpco\xpco\allsolutions\..\sc\components\remoteviewer\smartclient\tst\zsmartclient_unittest\bin\x64\debug\net6.0-windows\zsmartclient_unittest.dll" id="0c42f315-9eeb-2ce5-c75f-9a00eaad39ea">
      <TestCategory>
        <TestCategoryItem TestCategory="Export" />
      </TestCategory>
      <Execution id="6b8d8e84-02e8-49de-a6f3-51f71bb089f5" />
      <TestMethod codeBase="D:\actions-runner\_work\XPCO\XPCO\AllSolutions\..\SC\Components\RemoteViewer\SmartClient\tst\zSmartClient_UnitTest\bin\x64\Debug\net6.0-windows\zSmartClient_UnitTest.dll" adapterTypeName="executor://mstestadapter/v2" className="SmartClient_UnitTest.VideoOS.RemoteClient.Plugin.Export.CreateExportDialogViewModelTests" name="CreateExportDialog_ExportDestinationPreSelected_BasedOnOptions" />
    </UnitTest>
    <UnitTest name="HandleSetLayerFeatures_ShouldRaiseArgumentException_WhenOutputKindAndNotOutputLayerFeatures" storage="d:\actions-runner\_work\xpco\xpco\allsolutions\..\sc\components\remoteviewer\smartclient\tst\zsmartclient_unittest\bin\x64\debug\net6.0-windows\zsmartclient_unittest.dll" id="8b541578-adaa-009d-fcd7-342c1711308d">
      <TestCategory>
        <TestCategoryItem TestCategory="GisMapData.Handlers.LayerFeatures" />
      </TestCategory>
      <Execution id="f70bc144-ba0d-470c-930a-3537f907d355" />
      <TestMethod codeBase="D:\actions-runner\_work\XPCO\XPCO\AllSolutions\..\SC\Components\RemoteViewer\SmartClient\tst\zSmartClient_UnitTest\bin\x64\Debug\net6.0-windows\zSmartClient_UnitTest.dll" adapterTypeName="executor://mstestadapter/v2" className="SmartClient_UnitTest.VideoOS.RemoteClient.GisMapData.Handlers.LayerFeatures.OutputLayerFeaturesHandlerTests" name="HandleSetLayerFeatures_ShouldRaiseArgumentException_WhenOutputKindAndNotOutputLayerFeatures" />
    </UnitTest>
    <UnitTest name="HandleRemoveItem_ShouldNotAffectMarkersCache_WhenRemovingPermanentMarkers" storage="d:\actions-runner\_work\xpco\xpco\allsolutions\..\sc\components\remoteviewer\smartclient\tst\zsmartclient_unittest\bin\x64\debug\net6.0-windows\zsmartclient_unittest.dll" id="a565b306-850e-b284-c6c4-6f49c2eabf91">
      <TestCategory>
        <TestCategoryItem TestCategory="SmartMap.MapItemsOverlay" />
      </TestCategory>
      <Execution id="c7e4f7e6-7eb2-4a8b-915e-9c088c18629c" />
      <TestMethod codeBase="D:\actions-runner\_work\XPCO\XPCO\AllSolutions\..\SC\Components\RemoteViewer\SmartClient\tst\zSmartClient_UnitTest\bin\x64\Debug\net6.0-windows\zSmartClient_UnitTest.dll" adapterTypeName="executor://mstestadapter/v2" className="SmartClient_UnitTest.VideoOS.RemoteClient.Plugin.GisMap.ThinkGeoMap.SpecializedOverlays.Overlays.MapItemsOverlayTests" name="HandleRemoveItem_ShouldNotAffectMarkersCache_WhenRemovingPermanentMarkers" />
    </UnitTest>
    <UnitTest name="MergeOptionNodes_ShouldMergeOptionsFromOldKeyAndNewKey_WhenBothSettingsHaveOptions" storage="d:\actions-runner\_work\xpco\xpco\allsolutions\..\sc\components\remoteviewer\smartclient\tst\zsmartclient_unittest\bin\x64\debug\net6.0-windows\zsmartclient_unittest.dll" id="7066e281-486d-b17e-901e-9424698e9f74">
      <TestCategory>
        <TestCategoryItem TestCategory="Managers" />
      </TestCategory>
      <Execution id="a9d032ac-b867-4ef7-853b-87832165b7a1" />
      <TestMethod codeBase="D:\actions-runner\_work\XPCO\XPCO\AllSolutions\..\SC\Components\RemoteViewer\SmartClient\tst\zSmartClient_UnitTest\bin\x64\Debug\net6.0-windows\zSmartClient_UnitTest.dll" adapterTypeName="executor://mstestadapter/v2" className="SmartClient_UnitTest.VideoOS.RemoteClient.Application.Managers.OptionManagerTests" name="MergeOptionNodes_ShouldMergeOptionsFromOldKeyAndNewKey_WhenBothSettingsHaveOptions" />
    </UnitTest>
    <UnitTest name="SaveAsNewSearchTemplateAsync_Fails_Success" storage="d:\actions-runner\_work\xpco\xpco\allsolutions\..\sc\components\remoteviewer\smartclient\tst\zsmartclient_unittest\bin\x64\debug\net6.0-windows\zsmartclient_unittest.dll" id="2fac8697-42a0-e62c-c584-1a27c1834f8e">
      <TestCategory>
        <TestCategoryItem TestCategory="SearchTemplates" />
      </TestCategory>
      <Execution id="14a1bd0a-d168-40e8-af1e-d46f3fd0c2df" />
      <TestMethod codeBase="D:\actions-runner\_work\XPCO\XPCO\AllSolutions\..\SC\Components\RemoteViewer\SmartClient\tst\zSmartClient_UnitTest\bin\x64\Debug\net6.0-windows\zSmartClient_UnitTest.dll" adapterTypeName="executor://mstestadapter/v2" className="SmartClient_UnitTest.VideoOS.RemoteClient.Plugin.CentralizedSearch.SearchTemplates.SearchTemplateManagerTests" name="SaveAsNewSearchTemplateAsync_Fails_Success" />
    </UnitTest>
    <UnitTest name="AuthType_ShouldThrow_InvalidOperationException_WhenConstructedUsingExternal" storage="d:\actions-runner\_work\xpco\xpco\allsolutions\..\sc\components\remoteviewer\smartclient\tst\zsmartclient_unittest\bin\x64\debug\net6.0-windows\zsmartclient_unittest.dll" id="647cadee-21ed-ea7f-d1b6-56ee51403b46">
      <TestCategory>
        <TestCategoryItem TestCategory="Authentication.ClientCredentials" />
      </TestCategory>
      <Execution id="dd2d3fa1-c83c-4183-9c24-162403650d80" />
      <TestMethod codeBase="D:\actions-runner\_work\XPCO\XPCO\AllSolutions\..\SC\Components\RemoteViewer\SmartClient\tst\zSmartClient_UnitTest\bin\x64\Debug\net6.0-windows\zSmartClient_UnitTest.dll" adapterTypeName="executor://mstestadapter/v2" className="SmartClient_UnitTest.VideoOS.Shared.ServerAPI.ClientCredentialsTest" name="AuthType_ShouldThrow_InvalidOperationException_WhenConstructedUsingExternal" />
    </UnitTest>
    <UnitTest name="LoadStateFrom_OrderResultsBy_Success" storage="d:\actions-runner\_work\xpco\xpco\allsolutions\..\sc\components\remoteviewer\smartclient\tst\zsmartclient_unittest\bin\x64\debug\net6.0-windows\zsmartclient_unittest.dll" id="18ef78f3-1eb2-cc48-74e1-3d0d69ec27f2">
      <TestCategory>
        <TestCategoryItem TestCategory="SearchResultViewModels" />
      </TestCategory>
      <Execution id="2d2464ce-48df-45e0-a86f-1b71adbc72ad" />
      <TestMethod codeBase="D:\actions-runner\_work\XPCO\XPCO\AllSolutions\..\SC\Components\RemoteViewer\SmartClient\tst\zSmartClient_UnitTest\bin\x64\Debug\net6.0-windows\zSmartClient_UnitTest.dll" adapterTypeName="executor://mstestadapter/v2" className="SmartClient_UnitTest.VideoOS.RemoteClient.Plugin.CentralizedSearch.ViewModels.SearchResultsViewModelTest" name="LoadStateFrom_OrderResultsBy_Success" />
    </UnitTest>
    <UnitTest name="ToMipSearchResultData_ShouldIncludeResultPropertiesFromAllSubResults" storage="d:\actions-runner\_work\xpco\xpco\allsolutions\..\sc\components\remoteviewer\smartclient\tst\zsmartclient_unittest\bin\x64\debug\net6.0-windows\zsmartclient_unittest.dll" id="52643794-b083-7c0f-47d3-00e62a4cf8ea">
      <TestCategory>
        <TestCategoryItem TestCategory="Search.Wrappers" />
      </TestCategory>
      <Execution id="d010e585-69e6-49de-b9cc-c991eaa57fee" />
      <TestMethod codeBase="D:\actions-runner\_work\XPCO\XPCO\AllSolutions\..\SC\Components\RemoteViewer\SmartClient\tst\zSmartClient_UnitTest\bin\x64\Debug\net6.0-windows\zSmartClient_UnitTest.dll" adapterTypeName="executor://mstestadapter/v2" className="SmartClient_UnitTest.VideoOS.RemoteClient.Plugin.CentralizedSearch.Models.Wrappers.CombinedSearchResultDataWrapperTests" name="ToMipSearchResultData_ShouldIncludeResultPropertiesFromAllSubResults" />
    </UnitTest>
    <UnitTest name="Map_AddExtraBackgroundLayer_Success" storage="d:\actions-runner\_work\xpco\xpco\allsolutions\..\sc\components\remoteviewer\smartclient\tst\zsmartclient_unittest\bin\x64\debug\net6.0-windows\zsmartclient_unittest.dll" id="88e52a12-1a52-4078-5db4-c86ba1c3b447">
      <TestCategory>
        <TestCategoryItem TestCategory="GisMapLayers" />
      </TestCategory>
      <Execution id="10ef1349-e45b-47cd-8fbd-64e785ba8b1b" />
      <TestMethod codeBase="D:\actions-runner\_work\XPCO\XPCO\AllSolutions\..\SC\Components\RemoteViewer\SmartClient\tst\zSmartClient_UnitTest\bin\x64\Debug\net6.0-windows\zSmartClient_UnitTest.dll" adapterTypeName="executor://mstestadapter/v2" className="SmartClient_UnitTest.VideoOS.RemoteClient.GisMapData.GisMapLayerTests" name="Map_AddExtraBackgroundLayer_Success" />
    </UnitTest>
    <UnitTest name="OpenEditAndChangeAttributeValue_ValidChange_EditValueUpdated" storage="d:\actions-runner\_work\xpco\xpco\allsolutions\..\sc\components\remoteviewer\smartclient\tst\zsmartclient_unittest\bin\x64\debug\net6.0-windows\zsmartclient_unittest.dll" id="a45efc73-9982-c081-715a-b39f84b6a0cd">
      <TestCategory>
        <TestCategoryItem TestCategory="SearchControls" />
      </TestCategory>
      <Execution id="edaaccf2-930d-44fd-80d6-44fafd3a58e1" />
      <TestMethod codeBase="D:\actions-runner\_work\XPCO\XPCO\AllSolutions\..\SC\Components\RemoteViewer\SmartClient\tst\zSmartClient_UnitTest\bin\x64\Debug\net6.0-windows\zSmartClient_UnitTest.dll" adapterTypeName="executor://mstestadapter/v2" className="SmartClient_UnitTest.VideoOS.RemoteClient.Plugin.CentralizedSearch.Views.Controls.DropDownAttributeEditor.DropDownAttributeEditorTests" name="OpenEditAndChangeAttributeValue_ValidChange_EditValueUpdated" />
    </UnitTest>
    <UnitTest name="Ctor_NoBuiltInGroupsDefined_NoCompositeAgentsAdded" storage="d:\actions-runner\_work\xpco\xpco\allsolutions\..\sc\components\remoteviewer\smartclient\tst\zsmartclient_unittest\bin\x64\debug\net6.0-windows\zsmartclient_unittest.dll" id="07dba9c8-887e-44e6-63b8-7e227b9aaff8">
      <TestCategory>
        <TestCategoryItem TestCategory="ScSearchManager" />
      </TestCategory>
      <Execution id="9e14c609-e4ee-4bee-818e-39983a203dd2" />
      <TestMethod codeBase="D:\actions-runner\_work\XPCO\XPCO\AllSolutions\..\SC\Components\RemoteViewer\SmartClient\tst\zSmartClient_UnitTest\bin\x64\Debug\net6.0-windows\zSmartClient_UnitTest.dll" adapterTypeName="executor://mstestadapter/v2" className="SmartClient_UnitTest.VideoOS.RemoteClient.Plugin.CentralizedSearch.MIPPlugin.ScSearchManagerTests" name="Ctor_NoBuiltInGroupsDefined_NoCompositeAgentsAdded" />
    </UnitTest>
    <UnitTest name="PtzSessionTimer_ConstructorTest" storage="d:\actions-runner\_work\xpco\xpco\allsolutions\..\sc\components\remoteviewer\smartclient\tst\zsmartclient_unittest\bin\x64\debug\net6.0-windows\zsmartclient_unittest.dll" id="0431698b-89c7-961c-1219-e2a2171a4f5c">
      <Execution id="7ef14575-1de1-4e6f-8594-9eb7f3a3d9ba" />
      <TestMethod codeBase="D:\actions-runner\_work\XPCO\XPCO\AllSolutions\..\SC\Components\RemoteViewer\SmartClient\tst\zSmartClient_UnitTest\bin\x64\Debug\net6.0-windows\zSmartClient_UnitTest.dll" adapterTypeName="executor://mstestadapter/v2" className="VideoOS.RemoteClient.Application.Controllers.UnitTest.PtzSessionControllerTest" name="PtzSessionTimer_ConstructorTest" />
    </UnitTest>
    <UnitTest name="Create_Success" storage="d:\actions-runner\_work\xpco\xpco\allsolutions\..\sc\components\remoteviewer\smartclient\tst\zsmartclient_unittest\bin\x64\debug\net6.0-windows\zsmartclient_unittest.dll" id="b2858415-8d80-7600-7fe5-6b1b7d183235">
      <TestCategory>
        <TestCategoryItem TestCategory="GisMapMip" />
      </TestCategory>
      <Execution id="7ecdb224-9f64-486f-8224-53d12ba3a446" />
      <TestMethod codeBase="D:\actions-runner\_work\XPCO\XPCO\AllSolutions\..\SC\Components\RemoteViewer\SmartClient\tst\zSmartClient_UnitTest\bin\x64\Debug\net6.0-windows\zSmartClient_UnitTest.dll" adapterTypeName="executor://mstestadapter/v2" className="SmartClient_UnitTest.VideoOS.RemoteClient.Plugin.GisMap.ThinkGeoMap.ContextMenuUtils.RemoveMipItemContextMenuTests" name="Create_Success" />
    </UnitTest>
    <UnitTest name="TestForAssemblyCoverage" storage="d:\actions-runner\_work\xpco\xpco\allsolutions\..\sc\components\remoteviewer\smartclient\tst\zsmartclient_unittest\bin\x64\debug\net6.0-windows\zsmartclient_unittest.dll" id="aa5c4da8-abb1-5dab-502e-bd81c20e341d">
      <Execution id="38485f17-ed8e-4c12-b8b4-58610fd635b3" />
      <TestMethod codeBase="D:\actions-runner\_work\XPCO\XPCO\AllSolutions\..\SC\Components\RemoteViewer\SmartClient\tst\zSmartClient_UnitTest\bin\x64\Debug\net6.0-windows\zSmartClient_UnitTest.dll" adapterTypeName="executor://mstestadapter/v2" className="SmartClient_UnitTest.VideoOS.RemoteClient.Plugin.TextViewItem.UnitTest1" name="TestForAssemblyCoverage" />
    </UnitTest>
    <UnitTest name="Ctor_NullArgument_Throws" storage="d:\actions-runner\_work\xpco\xpco\allsolutions\..\sc\components\remoteviewer\smartclient\tst\zsmartclient_unittest\bin\x64\debug\net6.0-windows\zsmartclient_unittest.dll" id="f7312006-b3af-0869-4d9b-ec9b8e868889">
      <TestCategory>
        <TestCategoryItem TestCategory="Search" />
      </TestCategory>
      <Execution id="648cd2c1-2daf-46a1-930a-9527235c0fa0" />
      <TestMethod codeBase="D:\actions-runner\_work\XPCO\XPCO\AllSolutions\..\SC\Components\RemoteViewer\SmartClient\tst\zSmartClient_UnitTest\bin\x64\Debug\net6.0-windows\zSmartClient_UnitTest.dll" adapterTypeName="executor://mstestadapter/v2" className="SmartClient_UnitTest.VideoOS.RemoteClient.Plugin.CentralizedSearch.ViewModels.SearchAttributeViewModelTests" name="Ctor_NullArgument_Throws" />
    </UnitTest>
    <UnitTest name="TestGetBuildingClient_WithBuildingSupport_Success" storage="d:\actions-runner\_work\xpco\xpco\allsolutions\..\sc\components\remoteviewer\smartclient\tst\zsmartclient_unittest\bin\x64\debug\net6.0-windows\zsmartclient_unittest.dll" id="d02f35d6-61fd-fd34-88f9-5255843d0782">
      <Execution id="bc840586-dea8-4acb-b87d-4dc275709964" />
      <TestMethod codeBase="D:\actions-runner\_work\XPCO\XPCO\AllSolutions\..\SC\Components\RemoteViewer\SmartClient\tst\zSmartClient_UnitTest\bin\x64\Debug\net6.0-windows\zSmartClient_UnitTest.dll" adapterTypeName="executor://mstestadapter/v2" className="SmartClient_UnitTest.VideoOS.RemoteClient.GisMapData.Communication.CommunicationFacadeTests" name="TestGetBuildingClient_WithBuildingSupport_Success" />
    </UnitTest>
    <UnitTest name="IsVisible_MultipleSelectedResult_ReturnsTrue" storage="d:\actions-runner\_work\xpco\xpco\allsolutions\..\sc\components\remoteviewer\smartclient\tst\zsmartclient_unittest\bin\x64\debug\net6.0-windows\zsmartclient_unittest.dll" id="4aa175c2-c268-2aa8-a9f4-2e34c2367c47">
      <TestCategory>
        <TestCategoryItem TestCategory="SearchResultActionBarViewModel" />
      </TestCategory>
      <Execution id="116d4895-fdcf-4b54-8761-83263170f813" />
      <TestMethod codeBase="D:\actions-runner\_work\XPCO\XPCO\AllSolutions\..\SC\Components\RemoteViewer\SmartClient\tst\zSmartClient_UnitTest\bin\x64\Debug\net6.0-windows\zSmartClient_UnitTest.dll" adapterTypeName="executor://mstestadapter/v2" className="SmartClient_UnitTest.VideoOS.RemoteClient.Plugin.CentralizedSearch.ViewModels.SearchResultsActionBarViewModelTest" name="IsVisible_MultipleSelectedResult_ReturnsTrue" />
    </UnitTest>
    <UnitTest name="BindingModelEnabled_ReactsTo_UpdateState" storage="d:\actions-runner\_work\xpco\xpco\allsolutions\..\sc\components\remoteviewer\smartclient\tst\zsmartclient_unittest\bin\x64\debug\net6.0-windows\zsmartclient_unittest.dll" id="2f225332-0e21-75f7-07f4-8bdf7706d8a6">
      <TestCategory>
        <TestCategoryItem TestCategory="WorkspaceToolbar" />
      </TestCategory>
      <Execution id="566001c0-0765-4184-9560-2421d087c151" />
      <TestMethod codeBase="D:\actions-runner\_work\XPCO\XPCO\AllSolutions\..\SC\Components\RemoteViewer\SmartClient\tst\zSmartClient_UnitTest\bin\x64\Debug\net6.0-windows\zSmartClient_UnitTest.dll" adapterTypeName="executor://mstestadapter/v2" className="SmartClient_UnitTest.VideoOS.RemoteClient.Application.Data.WorkspaceToolbar.WorkspaceToolbarItemMipPluginTests" name="BindingModelEnabled_ReactsTo_UpdateState" />
    </UnitTest>
    <UnitTest name="Decorate_ShouldNotAddChildren_WhenThereLayersImplementingITitleToggleableHasNoItems" storage="d:\actions-runner\_work\xpco\xpco\allsolutions\..\sc\components\remoteviewer\smartclient\tst\zsmartclient_unittest\bin\x64\debug\net6.0-windows\zsmartclient_unittest.dll" id="dce39246-34e9-ee17-be45-81df055ba9b7">
      <TestCategory>
        <TestCategoryItem TestCategory="GisMap.LayerVisibilityItemDataChildrenToggleItemDecoratorTests" />
      </TestCategory>
      <Execution id="bac958b3-cff5-4344-9ce3-e7c0fd3ae4aa" />
      <TestMethod codeBase="D:\actions-runner\_work\XPCO\XPCO\AllSolutions\..\SC\Components\RemoteViewer\SmartClient\tst\zSmartClient_UnitTest\bin\x64\Debug\net6.0-windows\zSmartClient_UnitTest.dll" adapterTypeName="executor://mstestadapter/v2" className="SmartClient_UnitTest.VideoOS.RemoteClient.Plugin.GisMap.ViewModels.LayersVisibility.Decorators.LayerVisibilityItemDataChildrenToggleItemDecoratorTests" name="Decorate_ShouldNotAddChildren_WhenThereLayersImplementingITitleToggleableHasNoItems" />
    </UnitTest>
    <UnitTest name="ValidateExportLocation_ShouldReturnFailResult_ExportFolderIsIllegal (False,False)" storage="d:\actions-runner\_work\xpco\xpco\allsolutions\..\sc\components\remoteviewer\smartclient\tst\zsmartclient_unittest\bin\x64\debug\net6.0-windows\zsmartclient_unittest.dll" id="936773db-b795-e78b-bd48-047185555c32">
      <TestCategory>
        <TestCategoryItem TestCategory="Export" />
      </TestCategory>
      <Execution id="e6526203-69f1-4d79-afcb-391cacaad06b" />
      <TestMethod codeBase="D:\actions-runner\_work\XPCO\XPCO\AllSolutions\..\SC\Components\RemoteViewer\SmartClient\tst\zSmartClient_UnitTest\bin\x64\Debug\net6.0-windows\zSmartClient_UnitTest.dll" adapterTypeName="executor://mstestadapter/v2" className="SmartClient_UnitTest.VideoOS.RemoteClient.Plugin.Export.ExportDataValidatorTests" name="ValidateExportLocation_ShouldReturnFailResult_ExportFolderIsIllegal" />
    </UnitTest>
    <UnitTest name="GetClusters_Milestone_DifferentZoom_Success" storage="d:\actions-runner\_work\xpco\xpco\allsolutions\..\sc\components\remoteviewer\smartclient\tst\zsmartclient_unittest\bin\x64\debug\net6.0-windows\zsmartclient_unittest.dll" id="b11ed0cb-92ec-eb39-adbe-7566a1ca86ed">
      <TestCategory>
        <TestCategoryItem TestCategory="GisMapIndex" />
      </TestCategory>
      <Execution id="9dd32026-23d8-4ae1-b0ea-711d74de69cb" />
      <TestMethod codeBase="D:\actions-runner\_work\XPCO\XPCO\AllSolutions\..\SC\Components\RemoteViewer\SmartClient\tst\zSmartClient_UnitTest\bin\x64\Debug\net6.0-windows\zSmartClient_UnitTest.dll" adapterTypeName="executor://mstestadapter/v2" className="SmartClient_UnitTest.VideoOS.RemoteClient.GisMapData.Common.Indexer.BuildingsAwareIndexerTests" name="GetClusters_Milestone_DifferentZoom_Success" />
    </UnitTest>
    <UnitTest name="ConvertBack_ShouldReturnIsNormalState_WhenValueFalse" storage="d:\actions-runner\_work\xpco\xpco\allsolutions\..\sc\components\remoteviewer\smartclient\tst\zsmartclient_unittest\bin\x64\debug\net6.0-windows\zsmartclient_unittest.dll" id="795c0b9d-f299-8ffa-d2ce-4bce515e128c">
      <TestCategory>
        <TestCategoryItem TestCategory="GisMap.InteractionStateConverter" />
      </TestCategory>
      <Execution id="44df6804-8440-44bf-a56b-ff8d343b91a5" />
      <TestMethod codeBase="D:\actions-runner\_work\XPCO\XPCO\AllSolutions\..\SC\Components\RemoteViewer\SmartClient\tst\zSmartClient_UnitTest\bin\x64\Debug\net6.0-windows\zSmartClient_UnitTest.dll" adapterTypeName="executor://mstestadapter/v2" className="SmartClient_UnitTest.VideoOS.RemoteClient.Plugin.GisMap.View.InteractionStateConverterTests" name="ConvertBack_ShouldReturnIsNormalState_WhenValueFalse" />
    </UnitTest>
    <UnitTest name="BoundingBoxPlaybackNoLiveHandler" storage="d:\actions-runner\_work\xpco\xpco\allsolutions\..\sc\components\remoteviewer\smartclient\tst\zsmartclient_unittest\bin\x64\debug\net6.0-windows\zsmartclient_unittest.dll" id="c0b0990b-db80-5ada-cdd8-224bb5ed398a">
      <Execution id="0c11c0eb-ff20-4cd2-941b-6fb5d65a3b64" />
      <TestMethod codeBase="D:\actions-runner\_work\XPCO\XPCO\AllSolutions\..\SC\Components\RemoteViewer\SmartClient\tst\zSmartClient_UnitTest\bin\x64\Debug\net6.0-windows\zSmartClient_UnitTest.dll" adapterTypeName="executor://mstestadapter/v2" className="SmartClient_UnitTest.VideoOS.RemoteClient.Application.Data.Metadata.BoundingBoxes.BoundingBoxProviderTest" name="BoundingBoxPlaybackNoLiveHandler" />
    </UnitTest>
    <UnitTest name="UnmutedMicrophoneIconsId_ShouldReturnUnMutedIconsInAProperOrder_WhenCalled" storage="d:\actions-runner\_work\xpco\xpco\allsolutions\..\sc\components\remoteviewer\smartclient\tst\zsmartclient_unittest\bin\x64\debug\net6.0-windows\zsmartclient_unittest.dll" id="bca73f19-3fcc-16d4-a031-f2f6afaf40ee">
      <TestCategory>
        <TestCategoryItem TestCategory="GisMapData.MicrophoneOemResourcesProviderTests" />
      </TestCategory>
      <Execution id="c3ba33a2-4cce-4a0b-a4a3-22966f1be97c" />
      <TestMethod codeBase="D:\actions-runner\_work\XPCO\XPCO\AllSolutions\..\SC\Components\RemoteViewer\SmartClient\tst\zSmartClient_UnitTest\bin\x64\Debug\net6.0-windows\zSmartClient_UnitTest.dll" adapterTypeName="executor://mstestadapter/v2" className="SmartClient_UnitTest.VideoOS.RemoteClient.GisMapData.Resources.MicrophoneOemResourcesProviderTests" name="UnmutedMicrophoneIconsId_ShouldReturnUnMutedIconsInAProperOrder_WhenCalled" />
    </UnitTest>
    <UnitTest name="SupportsDoubleClick_ShouldBeTrue_WhenInteractionStateIsNewDevice" storage="d:\actions-runner\_work\xpco\xpco\allsolutions\..\sc\components\remoteviewer\smartclient\tst\zsmartclient_unittest\bin\x64\debug\net6.0-windows\zsmartclient_unittest.dll" id="a6af3342-e82c-99d7-7280-f0bc3b6ef111">
      <TestCategory>
        <TestCategoryItem TestCategory="GisMap.OutputMarkerTest" />
      </TestCategory>
      <Execution id="70d804d9-91a5-4255-887d-9a0a5d86d694" />
      <TestMethod codeBase="D:\actions-runner\_work\XPCO\XPCO\AllSolutions\..\SC\Components\RemoteViewer\SmartClient\tst\zSmartClient_UnitTest\bin\x64\Debug\net6.0-windows\zSmartClient_UnitTest.dll" adapterTypeName="executor://mstestadapter/v2" className="SmartClient_UnitTest.VideoOS.RemoteClient.Plugin.GisMap.ThinkGeoMap.Markers.DeviceMarkers.OutputMarker.OutputMarkerTests" name="SupportsDoubleClick_ShouldBeTrue_WhenInteractionStateIsNewDevice" />
    </UnitTest>
    <UnitTest name="OpenStreetMapLayer_IsGeographic_Load_Success" storage="d:\actions-runner\_work\xpco\xpco\allsolutions\..\sc\components\remoteviewer\smartclient\tst\zsmartclient_unittest\bin\x64\debug\net6.0-windows\zsmartclient_unittest.dll" id="376aa488-622a-ef3d-865f-34b9990a82be">
      <TestCategory>
        <TestCategoryItem TestCategory="GisMapLayer" />
      </TestCategory>
      <Execution id="962726d3-1e34-47c5-956f-e35c2246ee68" />
      <TestMethod codeBase="D:\actions-runner\_work\XPCO\XPCO\AllSolutions\..\SC\Components\RemoteViewer\SmartClient\tst\zSmartClient_UnitTest\bin\x64\Debug\net6.0-windows\zSmartClient_UnitTest.dll" adapterTypeName="executor://mstestadapter/v2" className="SmartClient_UnitTest.VideoOS.RemoteClient.GisMap.MapLayers.GisMapLayerTests" name="OpenStreetMapLayer_IsGeographic_Load_Success" />
    </UnitTest>
    <UnitTest name="CameraItemsMapLayer_Load_Save_DataIsSame" storage="d:\actions-runner\_work\xpco\xpco\allsolutions\..\sc\components\remoteviewer\smartclient\tst\zsmartclient_unittest\bin\x64\debug\net6.0-windows\zsmartclient_unittest.dll" id="3adcd1f6-966f-7457-7e36-7976f4188830">
      <TestCategory>
        <TestCategoryItem TestCategory="GisMapLayer" />
      </TestCategory>
      <Execution id="b76ed4af-89c5-4b86-af59-e8a64b6d242f" />
      <TestMethod codeBase="D:\actions-runner\_work\XPCO\XPCO\AllSolutions\..\SC\Components\RemoteViewer\SmartClient\tst\zSmartClient_UnitTest\bin\x64\Debug\net6.0-windows\zSmartClient_UnitTest.dll" adapterTypeName="executor://mstestadapter/v2" className="SmartClient_UnitTest.VideoOS.RemoteClient.GisMap.MapLayers.GisMapLayerTests" name="CameraItemsMapLayer_Load_Save_DataIsSame" />
    </UnitTest>
    <UnitTest name="PatrollingProfileViewModelTest_IsInEditMode_IsNotInEditMode_Set" storage="d:\actions-runner\_work\xpco\xpco\allsolutions\..\sc\components\remoteviewer\smartclient\tst\zsmartclient_unittest\bin\x64\debug\net6.0-windows\zsmartclient_unittest.dll" id="8fad5930-640a-f193-8986-d1e8191830e2">
      <Execution id="181f0ff4-4fe4-4108-976d-37acb360dbe6" />
      <TestMethod codeBase="D:\actions-runner\_work\XPCO\XPCO\AllSolutions\..\SC\Components\RemoteViewer\SmartClient\tst\zSmartClient_UnitTest\bin\x64\Debug\net6.0-windows\zSmartClient_UnitTest.dll" adapterTypeName="executor://mstestadapter/v2" className="SmartClient_UnitTest.VideoOS.RemoteClient.Application.UI.PtzPreset.PatrollingViewModel.PatrollingProfileViewModelTest" name="PatrollingProfileViewModelTest_IsInEditMode_IsNotInEditMode_Set" />
    </UnitTest>
    <UnitTest name="UpdateScope_ItemsChangedButSameCollectionSize_ReturnsTrue" storage="d:\actions-runner\_work\xpco\xpco\allsolutions\..\sc\components\remoteviewer\smartclient\tst\zsmartclient_unittest\bin\x64\debug\net6.0-windows\zsmartclient_unittest.dll" id="9fe32e3c-1f4e-e7ac-2652-a48159917634">
      <TestCategory>
        <TestCategoryItem TestCategory="SearchModels" />
      </TestCategory>
      <Execution id="c1810fbd-4a23-407b-9e61-c15abb1a25ea" />
      <TestMethod codeBase="D:\actions-runner\_work\XPCO\XPCO\AllSolutions\..\SC\Components\RemoteViewer\SmartClient\tst\zSmartClient_UnitTest\bin\x64\Debug\net6.0-windows\zSmartClient_UnitTest.dll" adapterTypeName="executor://mstestadapter/v2" className="SmartClient_UnitTest.VideoOS.RemoteClient.Plugin.CentralizedSearch.Models.SearchScopeTests" name="UpdateScope_ItemsChangedButSameCollectionSize_ReturnsTrue" />
    </UnitTest>
    <UnitTest name="Deserialize_CustomScopeDurationAndFromToValues_ToAndFromValuesUsed" storage="d:\actions-runner\_work\xpco\xpco\allsolutions\..\sc\components\remoteviewer\smartclient\tst\zsmartclient_unittest\bin\x64\debug\net6.0-windows\zsmartclient_unittest.dll" id="326c0813-dde1-1e08-607c-dc55537bd92d">
      <TestCategory>
        <TestCategoryItem TestCategory="SearchModels" />
      </TestCategory>
      <Execution id="eb841786-c599-4d1b-89a5-f168fc1a3067" />
      <TestMethod codeBase="D:\actions-runner\_work\XPCO\XPCO\AllSolutions\..\SC\Components\RemoteViewer\SmartClient\tst\zSmartClient_UnitTest\bin\x64\Debug\net6.0-windows\zSmartClient_UnitTest.dll" adapterTypeName="executor://mstestadapter/v2" className="SmartClient_UnitTest.VideoOS.RemoteClient.Plugin.CentralizedSearch.Models.SearchModelTests" name="Deserialize_CustomScopeDurationAndFromToValues_ToAndFromValuesUsed" />
    </UnitTest>
    <UnitTest name="TryGetEventServerIdByACSystemId_ShouldReturnAnEmptyGuid_WhenEventServerIdIsNotPartOfServerConfiguredAccessControlSystemsDictionary" storage="d:\actions-runner\_work\xpco\xpco\allsolutions\..\sc\components\remoteviewer\smartclient\tst\zsmartclient_unittest\bin\x64\debug\net6.0-windows\zsmartclient_unittest.dll" id="785adfea-b9ff-19b0-fdb3-0e5d5ad68924">
      <TestCategory>
        <TestCategoryItem TestCategory="AccessControl" />
      </TestCategory>
      <Execution id="0fe68c41-691d-469b-ab1b-d6ed12c6fe55" />
      <TestMethod codeBase="D:\actions-runner\_work\XPCO\XPCO\AllSolutions\..\SC\Components\RemoteViewer\SmartClient\tst\zSmartClient_UnitTest\bin\x64\Debug\net6.0-windows\zSmartClient_UnitTest.dll" adapterTypeName="executor://mstestadapter/v2" className="SmartClient_UnitTest.VideoOS.RemoteClient.AccessControl.AccessControlLoginInfoTests" name="TryGetEventServerIdByACSystemId_ShouldReturnAnEmptyGuid_WhenEventServerIdIsNotPartOfServerConfiguredAccessControlSystemsDictionary" />
    </UnitTest>
    <UnitTest name="AddToExportDevices_ShouldAddToExportData (0)" storage="d:\actions-runner\_work\xpco\xpco\allsolutions\..\sc\components\remoteviewer\smartclient\tst\zsmartclient_unittest\bin\x64\debug\net6.0-windows\zsmartclient_unittest.dll" id="3a19b5c0-1365-ca23-ee7f-bd0c0b6da0fe">
      <TestCategory>
        <TestCategoryItem TestCategory="Managers" />
      </TestCategory>
      <Execution id="f79f5f82-d39e-4829-bcb2-246b56198a9e" />
      <TestMethod codeBase="D:\actions-runner\_work\XPCO\XPCO\AllSolutions\..\SC\Components\RemoteViewer\SmartClient\tst\zSmartClient_UnitTest\bin\x64\Debug\net6.0-windows\zSmartClient_UnitTest.dll" adapterTypeName="executor://mstestadapter/v2" className="SmartClient_UnitTest.VideoOS.RemoteClient.Application.Managers.ExportManagerTests" name="AddToExportDevices_ShouldAddToExportData" />
    </UnitTest>
    <UnitTest name="FilterValueHasRegionSelectionForCamera_ShouldReturnFalse_WhenFilterValueDoesNotHaveRegionSelectionForCamera" storage="d:\actions-runner\_work\xpco\xpco\allsolutions\..\sc\components\remoteviewer\smartclient\tst\zsmartclient_unittest\bin\x64\debug\net6.0-windows\zsmartclient_unittest.dll" id="57c51b3e-0bbc-373f-47ab-9b946ca10dfa">
      <TestCategory>
        <TestCategoryItem TestCategory="Search.Filters.ViewModels" />
      </TestCategory>
      <Execution id="579d7cc3-4f05-4007-a708-34f63ccfb4f2" />
      <TestMethod codeBase="D:\actions-runner\_work\XPCO\XPCO\AllSolutions\..\SC\Components\RemoteViewer\SmartClient\tst\zSmartClient_UnitTest\bin\x64\Debug\net6.0-windows\zSmartClient_UnitTest.dll" adapterTypeName="executor://mstestadapter/v2" className="SmartClient_UnitTest.VideoOS.RemoteClient.Plugin.CentralizedSearch.MIPPlugin.Criteria.ViewModels.RegionSelectionCameraListItemHelperTests" name="FilterValueHasRegionSelectionForCamera_ShouldReturnFalse_WhenFilterValueDoesNotHaveRegionSelectionForCamera" />
    </UnitTest>
    <UnitTest name="ShouldExposeCalculatedValues" storage="d:\actions-runner\_work\xpco\xpco\allsolutions\..\sc\components\remoteviewer\smartclient\tst\zsmartclient_unittest\bin\x64\debug\net6.0-windows\zsmartclient_unittest.dll" id="9121a1cd-2d02-27fe-e6a5-6751e2d93e61">
      <TestCategory>
        <TestCategoryItem TestCategory="MipItemsUpdateStrategy" />
      </TestCategory>
      <Execution id="4a4564c8-a548-4a89-99f4-a02346f5b085" />
      <TestMethod codeBase="D:\actions-runner\_work\XPCO\XPCO\AllSolutions\..\SC\Components\RemoteViewer\SmartClient\tst\zSmartClient_UnitTest\bin\x64\Debug\net6.0-windows\zSmartClient_UnitTest.dll" adapterTypeName="executor://mstestadapter/v2" className="SmartClient_UnitTest.VideoOS.RemoteClient.Plugin.GisMap.MIP.MipItemsUpdateStrategyTests" name="ShouldExposeCalculatedValues" />
    </UnitTest>
    <UnitTest name="SelectionCountDisplayText_ZeroSelectedResults_ReturnsEmptyString" storage="d:\actions-runner\_work\xpco\xpco\allsolutions\..\sc\components\remoteviewer\smartclient\tst\zsmartclient_unittest\bin\x64\debug\net6.0-windows\zsmartclient_unittest.dll" id="0e000a76-c424-1348-5a62-7f5cf04c0b5a">
      <TestCategory>
        <TestCategoryItem TestCategory="SearchResultActionBarViewModel" />
      </TestCategory>
      <Execution id="d652a3b1-00f7-4697-99ae-feb6421b1d48" />
      <TestMethod codeBase="D:\actions-runner\_work\XPCO\XPCO\AllSolutions\..\SC\Components\RemoteViewer\SmartClient\tst\zSmartClient_UnitTest\bin\x64\Debug\net6.0-windows\zSmartClient_UnitTest.dll" adapterTypeName="executor://mstestadapter/v2" className="SmartClient_UnitTest.VideoOS.RemoteClient.Plugin.CentralizedSearch.ViewModels.SearchResultsActionBarViewModelTest" name="SelectionCountDisplayText_ZeroSelectedResults_ReturnsEmptyString" />
    </UnitTest>
    <UnitTest name="AssignPanTiltValue_WhenValueJustAboveDeadzone_ShouldReturnJustAboveCenterValue" storage="d:\actions-runner\_work\xpco\xpco\allsolutions\..\sc\components\remoteviewer\smartclient\tst\zsmartclient_unittest\bin\x64\debug\net6.0-windows\zsmartclient_unittest.dll" id="007b902b-e17d-c451-d588-1b1be6581913">
      <Execution id="19b7ff7f-379a-422a-b05f-ad6b6867c1ac" />
      <TestMethod codeBase="D:\actions-runner\_work\XPCO\XPCO\AllSolutions\..\SC\Components\RemoteViewer\SmartClient\tst\zSmartClient_UnitTest\bin\x64\Debug\net6.0-windows\zSmartClient_UnitTest.dll" adapterTypeName="executor://mstestadapter/v2" className="SmartClient_UnitTest.VideoOS.RemoteClient.Plugin.JoystickSupport.JoystickDeviceTests" name="AssignPanTiltValue_WhenValueJustAboveDeadzone_ShouldReturnJustAboveCenterValue" />
    </UnitTest>
    <UnitTest name="Connect_WhenServerAuthenticationIsOAuthSecure_ShouldCreateSecureSchClient" storage="d:\actions-runner\_work\xpco\xpco\allsolutions\..\sc\components\remoteviewer\smartclient\tst\zsmartclient_unittest\bin\x64\debug\net6.0-windows\zsmartclient_unittest.dll" id="41ffe1b6-1bbb-2400-999f-02df2a743ad6">
      <Execution id="7d5732c8-be92-4e32-82c1-af15afafe620" />
      <TestMethod codeBase="D:\actions-runner\_work\XPCO\XPCO\AllSolutions\..\SC\Components\RemoteViewer\SmartClient\tst\zSmartClient_UnitTest\bin\x64\Debug\net6.0-windows\zSmartClient_UnitTest.dll" adapterTypeName="executor://mstestadapter/v2" className="VideoOS.Shared.ServerAPI.ServiceChannel.UnitTest.ServiceChannelCommandServiceTests" name="Connect_WhenServerAuthenticationIsOAuthSecure_ShouldCreateSecureSchClient" />
    </UnitTest>
    <UnitTest name="SidePanelToggleButtonIsVisible_DependingOnConditions (Normal,True,True,False)" storage="d:\actions-runner\_work\xpco\xpco\allsolutions\..\sc\components\remoteviewer\smartclient\tst\zsmartclient_unittest\bin\x64\debug\net6.0-windows\zsmartclient_unittest.dll" id="53482988-7657-3aab-fcf9-974d42e0179b">
      <TestCategory>
        <TestCategoryItem TestCategory="WorkspaceToolbar" />
      </TestCategory>
      <Execution id="765d7a13-59f5-428c-b0fc-3cac5847693f" />
      <TestMethod codeBase="D:\actions-runner\_work\XPCO\XPCO\AllSolutions\..\SC\Components\RemoteViewer\SmartClient\tst\zSmartClient_UnitTest\bin\x64\Debug\net6.0-windows\zSmartClient_UnitTest.dll" adapterTypeName="executor://mstestadapter/v2" className="SmartClient_UnitTest.VideoOS.RemoteClient.Application.UI.Content.WorkspaceToolbar.WorkspaceToolbarViewModelTests" name="SidePanelToggleButtonIsVisible_DependingOnConditions" />
    </UnitTest>
    <UnitTest name="TestSaveMap_MapAndLayerChanges_Success" storage="d:\actions-runner\_work\xpco\xpco\allsolutions\..\sc\components\remoteviewer\smartclient\tst\zsmartclient_unittest\bin\x64\debug\net6.0-windows\zsmartclient_unittest.dll" id="4ad3fc13-c11a-f5b6-2594-d08a3607b0ec">
      <TestCategory>
        <TestCategoryItem TestCategory="GisMapBuilding" />
      </TestCategory>
      <Execution id="1d18fb01-cd6b-436e-8348-fe28b998c0d6" />
      <TestMethod codeBase="D:\actions-runner\_work\XPCO\XPCO\AllSolutions\..\SC\Components\RemoteViewer\SmartClient\tst\zSmartClient_UnitTest\bin\x64\Debug\net6.0-windows\zSmartClient_UnitTest.dll" adapterTypeName="executor://mstestadapter/v2" className="SmartClient_UnitTest.VideoOS.RemoteClient.GisMapData.GisMapBuildingTests" name="TestSaveMap_MapAndLayerChanges_Success" />
    </UnitTest>
    <UnitTest name="MainScopeTitleMaxWidthConverter_ConvertBack_Fails" storage="d:\actions-runner\_work\xpco\xpco\allsolutions\..\sc\components\remoteviewer\smartclient\tst\zsmartclient_unittest\bin\x64\debug\net6.0-windows\zsmartclient_unittest.dll" id="b734b426-c8b0-ef6c-467b-1212971e7759">
      <TestCategory>
        <TestCategoryItem TestCategory="SearchConverter" />
      </TestCategory>
      <Execution id="78cbc006-f9bf-4c35-b1ae-d0dc94090018" />
      <TestMethod codeBase="D:\actions-runner\_work\XPCO\XPCO\AllSolutions\..\SC\Components\RemoteViewer\SmartClient\tst\zSmartClient_UnitTest\bin\x64\Debug\net6.0-windows\zSmartClient_UnitTest.dll" adapterTypeName="executor://mstestadapter/v2" className="SmartClient_UnitTest.VideoOS.RemoteClient.Plugin.CentralizedSearch.Views.Converters.MainScopeTitleMaxWidthConverterTests" name="MainScopeTitleMaxWidthConverter_ConvertBack_Fails" />
    </UnitTest>
    <UnitTest name="HandleGetDeviceData_ShouldReturnNotFoundDeviceData_WhenInputKindAndNonExistingInputId" storage="d:\actions-runner\_work\xpco\xpco\allsolutions\..\sc\components\remoteviewer\smartclient\tst\zsmartclient_unittest\bin\x64\debug\net6.0-windows\zsmartclient_unittest.dll" id="4a1a72a9-3748-b54f-9812-2fd52873801b">
      <TestCategory>
        <TestCategoryItem TestCategory="GisMap.Handlers.Devices.MapItems" />
      </TestCategory>
      <Execution id="b59a7bb6-7262-4b75-889e-f238dd38e2d2" />
      <TestMethod codeBase="D:\actions-runner\_work\XPCO\XPCO\AllSolutions\..\SC\Components\RemoteViewer\SmartClient\tst\zSmartClient_UnitTest\bin\x64\Debug\net6.0-windows\zSmartClient_UnitTest.dll" adapterTypeName="executor://mstestadapter/v2" className="SmartClient_UnitTest.VideoOS.RemoteClient.Plugin.GisMap.Handlers.Devices.MapItems.InputDataHandlerTests" name="HandleGetDeviceData_ShouldReturnNotFoundDeviceData_WhenInputKindAndNonExistingInputId" />
    </UnitTest>
    <UnitTest name="GetGisMapLayerFlyoutName_ShouldReturnOpenStreetMap_WhenGeographicLayerIsAvailableAndAlternativeServerIsNotEmpty" storage="d:\actions-runner\_work\xpco\xpco\allsolutions\..\sc\components\remoteviewer\smartclient\tst\zsmartclient_unittest\bin\x64\debug\net6.0-windows\zsmartclient_unittest.dll" id="9e654779-7c3a-a723-682e-e39ebed74684">
      <TestCategory>
        <TestCategoryItem TestCategory="GisMapData.Controllers.Osm" />
      </TestCategory>
      <Execution id="f5219c7f-981d-47e1-863d-1993938f9b83" />
      <TestMethod codeBase="D:\actions-runner\_work\XPCO\XPCO\AllSolutions\..\SC\Components\RemoteViewer\SmartClient\tst\zSmartClient_UnitTest\bin\x64\Debug\net6.0-windows\zSmartClient_UnitTest.dll" adapterTypeName="executor://mstestadapter/v2" className="SmartClient_UnitTest.VideoOS.RemoteClient.GisMapData.Controllers.Osm.GisMapOsmControllerTests" name="GetGisMapLayerFlyoutName_ShouldReturnOpenStreetMap_WhenGeographicLayerIsAvailableAndAlternativeServerIsNotEmpty" />
    </UnitTest>
    <UnitTest name="GetCameraTiles_ShouldReturnCorrectCameraTilesWithSingleCameraTest" storage="d:\actions-runner\_work\xpco\xpco\allsolutions\..\sc\components\remoteviewer\smartclient\tst\zsmartclient_unittest\bin\x64\debug\net6.0-windows\zsmartclient_unittest.dll" id="37b7b1e5-9323-fb29-1885-37b5c9283b82">
      <Execution id="ee9976e6-24e3-4ff3-8305-5ea7e1f0cd4f" />
      <TestMethod codeBase="D:\actions-runner\_work\XPCO\XPCO\AllSolutions\..\SC\Components\RemoteViewer\SmartClient\tst\zSmartClient_UnitTest\bin\x64\Debug\net6.0-windows\zSmartClient_UnitTest.dll" adapterTypeName="executor://mstestadapter/v2" className="SmartClient_UnitTest.VideoOS.RemoteClient.Application.Data.ContentTypes.ReportingContentType.DashboardTileProviderTest" name="GetCameraTiles_ShouldReturnCorrectCameraTilesWithSingleCameraTest" />
    </UnitTest>
    <UnitTest name="DeleteSearchTemplateAsync_Fails_Success" storage="d:\actions-runner\_work\xpco\xpco\allsolutions\..\sc\components\remoteviewer\smartclient\tst\zsmartclient_unittest\bin\x64\debug\net6.0-windows\zsmartclient_unittest.dll" id="0b37f41d-8f42-9020-28e4-8cbe84e05257">
      <TestCategory>
        <TestCategoryItem TestCategory="SearchTemplates" />
      </TestCategory>
      <Execution id="bca8584d-9b2e-40fb-896b-9936678eeffe" />
      <TestMethod codeBase="D:\actions-runner\_work\XPCO\XPCO\AllSolutions\..\SC\Components\RemoteViewer\SmartClient\tst\zSmartClient_UnitTest\bin\x64\Debug\net6.0-windows\zSmartClient_UnitTest.dll" adapterTypeName="executor://mstestadapter/v2" className="SmartClient_UnitTest.VideoOS.RemoteClient.Plugin.CentralizedSearch.SearchTemplates.SearchTemplateManagerTests" name="DeleteSearchTemplateAsync_Fails_Success" />
    </UnitTest>
    <UnitTest name="Command_WithResults_PluginInstanceActivatedCalled" storage="d:\actions-runner\_work\xpco\xpco\allsolutions\..\sc\components\remoteviewer\smartclient\tst\zsmartclient_unittest\bin\x64\debug\net6.0-windows\zsmartclient_unittest.dll" id="f107b2f8-e52e-2d8a-eafb-dc1e00450b6b">
      <TestCategory>
        <TestCategoryItem TestCategory="SearchResultsAction" />
      </TestCategory>
      <Execution id="fe07c7e6-f718-4bed-bc0b-973a5f3eaef4" />
      <TestMethod codeBase="D:\actions-runner\_work\XPCO\XPCO\AllSolutions\..\SC\Components\RemoteViewer\SmartClient\tst\zSmartClient_UnitTest\bin\x64\Debug\net6.0-windows\zSmartClient_UnitTest.dll" adapterTypeName="executor://mstestadapter/v2" className="SmartClient_UnitTest.VideoOS.RemoteClient.Plugin.CentralizedSearch.ViewModels.SearchResultsActionViewModelTests" name="Command_WithResults_PluginInstanceActivatedCalled" />
    </UnitTest>
    <UnitTest name="Serialize_NothingToSerialize_Success" storage="d:\actions-runner\_work\xpco\xpco\allsolutions\..\sc\components\remoteviewer\smartclient\tst\zsmartclient_unittest\bin\x64\debug\net6.0-windows\zsmartclient_unittest.dll" id="660d3fbc-11c9-2181-8c43-b82c5f6b1504">
      <TestCategory>
        <TestCategoryItem TestCategory="SearchSerialization" />
      </TestCategory>
      <Execution id="4888bd0d-011b-490c-b5d1-dc0d863a1835" />
      <TestMethod codeBase="D:\actions-runner\_work\XPCO\XPCO\AllSolutions\..\SC\Components\RemoteViewer\SmartClient\tst\zSmartClient_UnitTest\bin\x64\Debug\net6.0-windows\zSmartClient_UnitTest.dll" adapterTypeName="executor://mstestadapter/v2" className="SmartClient_UnitTest.VideoOS.RemoteClient.Plugin.CentralizedSearch.Models.Serialization.SearchSerializerTests" name="Serialize_NothingToSerialize_Success" />
    </UnitTest>
    <UnitTest name="SidePanelToggleButtonIsVisible_DependingOnConditions (FullScreen,True,True,False)" storage="d:\actions-runner\_work\xpco\xpco\allsolutions\..\sc\components\remoteviewer\smartclient\tst\zsmartclient_unittest\bin\x64\debug\net6.0-windows\zsmartclient_unittest.dll" id="f5f7c350-0036-6cce-ab16-407f71b81cb4">
      <TestCategory>
        <TestCategoryItem TestCategory="WorkspaceToolbar" />
      </TestCategory>
      <Execution id="d93cefda-3494-4aeb-acf9-cd5dce3ff161" />
      <TestMethod codeBase="D:\actions-runner\_work\XPCO\XPCO\AllSolutions\..\SC\Components\RemoteViewer\SmartClient\tst\zSmartClient_UnitTest\bin\x64\Debug\net6.0-windows\zSmartClient_UnitTest.dll" adapterTypeName="executor://mstestadapter/v2" className="SmartClient_UnitTest.VideoOS.RemoteClient.Application.UI.Content.WorkspaceToolbar.WorkspaceToolbarViewModelTests" name="SidePanelToggleButtonIsVisible_DependingOnConditions" />
    </UnitTest>
    <UnitTest name="IconResourceKey_ShouldBeValid_WhenInteractionStateIsAddInput" storage="d:\actions-runner\_work\xpco\xpco\allsolutions\..\sc\components\remoteviewer\smartclient\tst\zsmartclient_unittest\bin\x64\debug\net6.0-windows\zsmartclient_unittest.dll" id="bc93f730-cf4f-b2fd-70c0-19446c70f746">
      <TestCategory>
        <TestCategoryItem TestCategory="GisMap.UI.DeviceSelectors.PanelComponents" />
      </TestCategory>
      <Execution id="609a845d-7b89-4ba8-b552-660ac61b9205" />
      <TestMethod codeBase="D:\actions-runner\_work\XPCO\XPCO\AllSolutions\..\SC\Components\RemoteViewer\SmartClient\tst\zSmartClient_UnitTest\bin\x64\Debug\net6.0-windows\zSmartClient_UnitTest.dll" adapterTypeName="executor://mstestadapter/v2" className="SmartClient_UnitTest.VideoOS.RemoteClient.Plugin.GisMap.UI.DeviceSelectors.PanelComponents.DeviceSelectorPanelComponentTests" name="IconResourceKey_ShouldBeValid_WhenInteractionStateIsAddInput" />
    </UnitTest>
    <UnitTest name="ResolveSearchDefinitions_ShouldReturnResultSearchDefinition_WhenSingleSearchResultAndEmptySearchDefinitionsAreGiven" storage="d:\actions-runner\_work\xpco\xpco\allsolutions\..\sc\components\remoteviewer\smartclient\tst\zsmartclient_unittest\bin\x64\debug\net6.0-windows\zsmartclient_unittest.dll" id="8bf4ac3f-d50d-8962-2b87-11176401d4e7">
      <TestCategory>
        <TestCategoryItem TestCategory="Search" />
      </TestCategory>
      <Execution id="cf8bff20-704a-4545-ae02-f8499cf35696" />
      <TestMethod codeBase="D:\actions-runner\_work\XPCO\XPCO\AllSolutions\..\SC\Components\RemoteViewer\SmartClient\tst\zSmartClient_UnitTest\bin\x64\Debug\net6.0-windows\zSmartClient_UnitTest.dll" adapterTypeName="executor://mstestadapter/v2" className="SmartClient_UnitTest.VideoOS.RemoteClient.Plugin.CentralizedSearch.Utils.SearchResultDataWrapperExtensionsTests" name="ResolveSearchDefinitions_ShouldReturnResultSearchDefinition_WhenSingleSearchResultAndEmptySearchDefinitionsAreGiven" />
    </UnitTest>
    <UnitTest name="GetItemsIn_BuildingNoLevels_Returns2Items" storage="d:\actions-runner\_work\xpco\xpco\allsolutions\..\sc\components\remoteviewer\smartclient\tst\zsmartclient_unittest\bin\x64\debug\net6.0-windows\zsmartclient_unittest.dll" id="568e27a2-2d92-2560-0d4d-7360cf22e5e8">
      <TestCategory>
        <TestCategoryItem TestCategory="GisMapIndex" />
      </TestCategory>
      <Execution id="7815c3b6-7f15-4dcc-b893-0435de755ac8" />
      <TestMethod codeBase="D:\actions-runner\_work\XPCO\XPCO\AllSolutions\..\SC\Components\RemoteViewer\SmartClient\tst\zSmartClient_UnitTest\bin\x64\Debug\net6.0-windows\zSmartClient_UnitTest.dll" adapterTypeName="executor://mstestadapter/v2" className="SmartClient_UnitTest.VideoOS.RemoteClient.GisMapData.Common.Indexer.BuildingsAwareIndexerTests" name="GetItemsIn_BuildingNoLevels_Returns2Items" />
    </UnitTest>
    <UnitTest name="Perform_NewActionDuringDelay_OverwritesPrevious" storage="d:\actions-runner\_work\xpco\xpco\allsolutions\..\sc\components\remoteviewer\smartclient\tst\zsmartclient_unittest\bin\x64\debug\net6.0-windows\zsmartclient_unittest.dll" id="3c716f34-734b-16bb-9f28-27f6b4a026ec">
      <TestCategory>
        <TestCategoryItem TestCategory="UI.Facilitators" />
      </TestCategory>
      <Execution id="e08ead0b-b1a8-4757-84ab-71d595fc11da" />
      <TestMethod codeBase="D:\actions-runner\_work\XPCO\XPCO\AllSolutions\..\SC\Components\RemoteViewer\SmartClient\tst\zSmartClient_UnitTest\bin\x64\Debug\net6.0-windows\zSmartClient_UnitTest.dll" adapterTypeName="executor://mstestadapter/v2" className="SmartClient_UnitTest.VideoOS.UI.Common.EventDrivenBufferWithDelayTests" name="Perform_NewActionDuringDelay_OverwritesPrevious" />
    </UnitTest>
    <UnitTest name="MapInputIcons_WhenMilestoneOemResource_ShouldReturnSevenIcons" storage="d:\actions-runner\_work\xpco\xpco\allsolutions\..\sc\components\remoteviewer\smartclient\tst\zsmartclient_unittest\bin\x64\debug\net6.0-windows\zsmartclient_unittest.dll" id="2e98d886-c9c5-7fb8-f647-7bfb037cf4a5">
      <Execution id="3e86e353-921a-4fd1-8ac9-d4d54be199f5" />
      <TestMethod codeBase="D:\actions-runner\_work\XPCO\XPCO\AllSolutions\..\SC\Components\RemoteViewer\SmartClient\tst\zSmartClient_UnitTest\bin\x64\Debug\net6.0-windows\zSmartClient_UnitTest.dll" adapterTypeName="executor://mstestadapter/v2" className="SmartClient_UnitTest.VideoOS.RemoteClient.Application.Controllers.OemResourceControllerTest" name="MapInputIcons_WhenMilestoneOemResource_ShouldReturnSevenIcons" />
    </UnitTest>
    <UnitTest name="SearchResultsActionBarActions_CreateSnapshot_OptionUnavailable_NotEnabled" storage="d:\actions-runner\_work\xpco\xpco\allsolutions\..\sc\components\remoteviewer\smartclient\tst\zsmartclient_unittest\bin\x64\debug\net6.0-windows\zsmartclient_unittest.dll" id="d6051bbc-d4c3-a2f2-5d50-05eb2d368bda">
      <TestCategory>
        <TestCategoryItem TestCategory="SearchResultActionBarViewModel" />
      </TestCategory>
      <Execution id="d99c3811-42c8-4d37-beaa-a4e0db7dee30" />
      <TestMethod codeBase="D:\actions-runner\_work\XPCO\XPCO\AllSolutions\..\SC\Components\RemoteViewer\SmartClient\tst\zSmartClient_UnitTest\bin\x64\Debug\net6.0-windows\zSmartClient_UnitTest.dll" adapterTypeName="executor://mstestadapter/v2" className="SmartClient_UnitTest.VideoOS.RemoteClient.Plugin.CentralizedSearch.ViewModels.SearchResultsActionBarViewModelTest" name="SearchResultsActionBarActions_CreateSnapshot_OptionUnavailable_NotEnabled" />
    </UnitTest>
    <UnitTest name="GetOSFullName_ShouldReturnSomething" storage="d:\actions-runner\_work\xpco\xpco\allsolutions\..\sc\components\remoteviewer\smartclient\tst\zsmartclient_unittest\bin\x64\debug\net6.0-windows\zsmartclient_unittest.dll" id="55e4f137-ee25-d174-0329-0df4a0a2d62a">
      <Execution id="6f45ba32-2a77-4e2b-8600-ee7ff57d99ff" />
      <TestMethod codeBase="D:\actions-runner\_work\XPCO\XPCO\AllSolutions\..\SC\Components\RemoteViewer\SmartClient\tst\zSmartClient_UnitTest\bin\x64\Debug\net6.0-windows\zSmartClient_UnitTest.dll" adapterTypeName="executor://mstestadapter/v2" className="SmartClient_UnitTest.VideoOS.RemoteClient.Application.Common.Telemetry.SCTelemetrySpecificsTests" name="GetOSFullName_ShouldReturnSomething" />
    </UnitTest>
    <UnitTest name="Dispose_ShouldDetachOnUpdateUnmutedMicrophonesRaised_WhenCalled" storage="d:\actions-runner\_work\xpco\xpco\allsolutions\..\sc\components\remoteviewer\smartclient\tst\zsmartclient_unittest\bin\x64\debug\net6.0-windows\zsmartclient_unittest.dll" id="acb150f5-b42c-e1e1-4437-dd62b031592b">
      <TestCategory>
        <TestCategoryItem TestCategory="GisMapData.MapLayers" />
      </TestCategory>
      <Execution id="61793c7b-a0c5-4439-8fae-9fc2ae2d6989" />
      <TestMethod codeBase="D:\actions-runner\_work\XPCO\XPCO\AllSolutions\..\SC\Components\RemoteViewer\SmartClient\tst\zSmartClient_UnitTest\bin\x64\Debug\net6.0-windows\zSmartClient_UnitTest.dll" adapterTypeName="executor://mstestadapter/v2" className="SmartClient_UnitTest.VideoOS.RemoteClient.GisMapData.MapLayers.MicrophoneItemsMapLayerTests" name="Dispose_ShouldDetachOnUpdateUnmutedMicrophonesRaised_WhenCalled" />
    </UnitTest>
    <UnitTest name="BuildContentOptions_ShouldReturnCorrectWorkspaceName (73576FEA-BD0E-43C4-AD9D-589FBE4DC29B,Default title,Live)" storage="d:\actions-runner\_work\xpco\xpco\allsolutions\..\sc\components\remoteviewer\smartclient\tst\zsmartclient_unittest\bin\x64\debug\net6.0-windows\zsmartclient_unittest.dll" id="943426cc-a0b6-5655-2737-0a0d3026e0a7">
      <Execution id="2e136dd1-9889-4a1f-a745-ce381cfaa5d8" />
      <TestMethod codeBase="D:\actions-runner\_work\XPCO\XPCO\AllSolutions\..\SC\Components\RemoteViewer\SmartClient\tst\zSmartClient_UnitTest\bin\x64\Debug\net6.0-windows\zSmartClient_UnitTest.dll" adapterTypeName="executor://mstestadapter/v2" className="SmartClient_UnitTest.VideoOS.RemoteClient.Application.Common.Telemetry.TelemetryBuilderTests" name="BuildContentOptions_ShouldReturnCorrectWorkspaceName" />
    </UnitTest>
    <UnitTest name="SmartMapGetPositionRequestHandler_WhenDataIsValid_ShouldCallNavigateTo" storage="d:\actions-runner\_work\xpco\xpco\allsolutions\..\sc\components\remoteviewer\smartclient\tst\zsmartclient_unittest\bin\x64\debug\net6.0-windows\zsmartclient_unittest.dll" id="e60bae60-c13a-330d-734d-4108f8865d47">
      <Execution id="80f7ff44-d0ea-4b9f-be4d-e97d06abb0af" />
      <TestMethod codeBase="D:\actions-runner\_work\XPCO\XPCO\AllSolutions\..\SC\Components\RemoteViewer\SmartClient\tst\zSmartClient_UnitTest\bin\x64\Debug\net6.0-windows\zSmartClient_UnitTest.dll" adapterTypeName="executor://mstestadapter/v2" className="SmartClient_UnitTest.VideoOS.RemoteClient.Plugin.GisMap.MIP.ContentHolderMipMessageManagerTests" name="SmartMapGetPositionRequestHandler_WhenDataIsValid_ShouldCallNavigateTo" />
    </UnitTest>
    <UnitTest name="ValidateExportName_ShouldReturnFailResult_ExportNameRequired" storage="d:\actions-runner\_work\xpco\xpco\allsolutions\..\sc\components\remoteviewer\smartclient\tst\zsmartclient_unittest\bin\x64\debug\net6.0-windows\zsmartclient_unittest.dll" id="017cc019-8cef-3e6e-38b3-9860b15006c5">
      <TestCategory>
        <TestCategoryItem TestCategory="Export" />
      </TestCategory>
      <Execution id="c7c3443b-ccb6-4ad6-b6c4-1ca5963af4ac" />
      <TestMethod codeBase="D:\actions-runner\_work\XPCO\XPCO\AllSolutions\..\SC\Components\RemoteViewer\SmartClient\tst\zSmartClient_UnitTest\bin\x64\Debug\net6.0-windows\zSmartClient_UnitTest.dll" adapterTypeName="executor://mstestadapter/v2" className="SmartClient_UnitTest.VideoOS.RemoteClient.Plugin.Export.ExportDataValidatorTests" name="ValidateExportName_ShouldReturnFailResult_ExportNameRequired" />
    </UnitTest>
    <UnitTest name="BoundingBoxLiveStartNoLiveHandler" storage="d:\actions-runner\_work\xpco\xpco\allsolutions\..\sc\components\remoteviewer\smartclient\tst\zsmartclient_unittest\bin\x64\debug\net6.0-windows\zsmartclient_unittest.dll" id="80e60020-24f2-b8c1-7ee1-a8544259cfd1">
      <Execution id="79cf0807-9aa8-4911-9f3f-6a88a45086ff" />
      <TestMethod codeBase="D:\actions-runner\_work\XPCO\XPCO\AllSolutions\..\SC\Components\RemoteViewer\SmartClient\tst\zSmartClient_UnitTest\bin\x64\Debug\net6.0-windows\zSmartClient_UnitTest.dll" adapterTypeName="executor://mstestadapter/v2" className="SmartClient_UnitTest.VideoOS.RemoteClient.Application.Data.Metadata.BoundingBoxes.BoundingBoxProviderTest" name="BoundingBoxLiveStartNoLiveHandler" />
    </UnitTest>
    <UnitTest name="ToNormalizedFieldOfView_OutOfRange_LessZero_Fail" storage="d:\actions-runner\_work\xpco\xpco\allsolutions\..\sc\components\remoteviewer\smartclient\tst\zsmartclient_unittest\bin\x64\debug\net6.0-windows\zsmartclient_unittest.dll" id="7191513c-28f2-659c-e5d2-897223e1317f">
      <TestCategory>
        <TestCategoryItem TestCategory="GisMap" />
      </TestCategory>
      <Execution id="9916d0fc-a8eb-4779-bcf2-46bcfef1e0cf" />
      <TestMethod codeBase="D:\actions-runner\_work\XPCO\XPCO\AllSolutions\..\SC\Components\RemoteViewer\SmartClient\tst\zSmartClient_UnitTest\bin\x64\Debug\net6.0-windows\zSmartClient_UnitTest.dll" adapterTypeName="executor://mstestadapter/v2" className="SmartClient_UnitTest.VideoOS.RemoteClient.GisMap.Utilities.GisUtilityTests" name="ToNormalizedFieldOfView_OutOfRange_LessZero_Fail" />
    </UnitTest>
    <UnitTest name="TrySelectAvailableExportNameTest_ShouldThrowException_WhenExportDataValidatorIsNull" storage="d:\actions-runner\_work\xpco\xpco\allsolutions\..\sc\components\remoteviewer\smartclient\tst\zsmartclient_unittest\bin\x64\debug\net6.0-windows\zsmartclient_unittest.dll" id="0acd9aea-66db-23f1-2f4e-7c9500451a5d">
      <Execution id="76f43d66-d901-4faa-a262-4117267a7a8a" />
      <TestMethod codeBase="D:\actions-runner\_work\XPCO\XPCO\AllSolutions\..\SC\Components\RemoteViewer\SmartClient\tst\zSmartClient_UnitTest\bin\x64\Debug\net6.0-windows\zSmartClient_UnitTest.dll" adapterTypeName="executor://mstestadapter/v2" className="SmartClient_UnitTest.VideoOS.RemoteClient.Application.Data.Export.ExportDataHelperTests" name="TrySelectAvailableExportNameTest_ShouldThrowException_WhenExportDataValidatorIsNull" />
    </UnitTest>
    <UnitTest name="SearchResultContainerView_OnItemActivated_AnimationEnabled_DetailsViewAddedToDetailsViewControl" storage="d:\actions-runner\_work\xpco\xpco\allsolutions\..\sc\components\remoteviewer\smartclient\tst\zsmartclient_unittest\bin\x64\debug\net6.0-windows\zsmartclient_unittest.dll" id="df3f8216-c259-3e39-24bc-16b94a530f01">
      <TestCategory>
        <TestCategoryItem TestCategory="SearchViews" />
      </TestCategory>
      <Execution id="7ebba62a-cd6f-42b0-b147-faa577c50ee2" />
      <TestMethod codeBase="D:\actions-runner\_work\XPCO\XPCO\AllSolutions\..\SC\Components\RemoteViewer\SmartClient\tst\zSmartClient_UnitTest\bin\x64\Debug\net6.0-windows\zSmartClient_UnitTest.dll" adapterTypeName="executor://mstestadapter/v2" className="SmartClient_UnitTest.VideoOS.RemoteClient.Plugin.CentralizedSearch.Views.SearchResultsViewTests" name="SearchResultContainerView_OnItemActivated_AnimationEnabled_DetailsViewAddedToDetailsViewControl" />
    </UnitTest>
    <UnitTest name="CreateDefinition_ModifyOneDefinition_DelayedSearchStartedForAllDefinitions" storage="d:\actions-runner\_work\xpco\xpco\allsolutions\..\sc\components\remoteviewer\smartclient\tst\zsmartclient_unittest\bin\x64\debug\net6.0-windows\zsmartclient_unittest.dll" id="6ec299cf-433f-6019-4dfb-ce39d2dfd94a">
      <TestCategory>
        <TestCategoryItem TestCategory="SearchModels" />
      </TestCategory>
      <Execution id="b41103c1-dde6-4748-9a3a-ee20ce1cb665" />
      <TestMethod codeBase="D:\actions-runner\_work\XPCO\XPCO\AllSolutions\..\SC\Components\RemoteViewer\SmartClient\tst\zSmartClient_UnitTest\bin\x64\Debug\net6.0-windows\zSmartClient_UnitTest.dll" adapterTypeName="executor://mstestadapter/v2" className="SmartClient_UnitTest.VideoOS.RemoteClient.Plugin.CentralizedSearch.Models.SearchModelTests" name="CreateDefinition_ModifyOneDefinition_DelayedSearchStartedForAllDefinitions" />
    </UnitTest>
    <UnitTest name="AlwaysPutSmartWallBeforeViews" storage="d:\actions-runner\_work\xpco\xpco\allsolutions\..\sc\components\remoteviewer\smartclient\tst\zsmartclient_unittest\bin\x64\debug\net6.0-windows\zsmartclient_unittest.dll" id="add162a8-f1ad-a5bc-d7cc-f7fa5d66acf8">
      <Execution id="3657bb85-5a06-429c-891a-de5f2306bbf3" />
      <TestMethod codeBase="D:\actions-runner\_work\XPCO\XPCO\AllSolutions\..\SC\Components\RemoteViewer\SmartClient\tst\zSmartClient_UnitTest\bin\x64\Debug\net6.0-windows\zSmartClient_UnitTest.dll" adapterTypeName="executor://mstestadapter/v2" className="SmartClient_UnitTest.VideoOS.RemoteClient.Application.UI.Common.ViewTree.SortingTests" name="AlwaysPutSmartWallBeforeViews" />
    </UnitTest>
    <UnitTest name="SearchResultDetailsView_EscapeKey_AnimationDisabled_DetailsViewRemovedFromDetailsViewControl" storage="d:\actions-runner\_work\xpco\xpco\allsolutions\..\sc\components\remoteviewer\smartclient\tst\zsmartclient_unittest\bin\x64\debug\net6.0-windows\zsmartclient_unittest.dll" id="2f6c3871-63b7-76a6-f56a-4c6dd0f4f467">
      <TestCategory>
        <TestCategoryItem TestCategory="SearchViews" />
      </TestCategory>
      <Execution id="bab6e590-ff50-441c-aca7-b694925bbc02" />
      <TestMethod codeBase="D:\actions-runner\_work\XPCO\XPCO\AllSolutions\..\SC\Components\RemoteViewer\SmartClient\tst\zSmartClient_UnitTest\bin\x64\Debug\net6.0-windows\zSmartClient_UnitTest.dll" adapterTypeName="executor://mstestadapter/v2" className="SmartClient_UnitTest.VideoOS.RemoteClient.Plugin.CentralizedSearch.Views.SearchResultsViewTests" name="SearchResultDetailsView_EscapeKey_AnimationDisabled_DetailsViewRemovedFromDetailsViewControl" />
    </UnitTest>
    <UnitTest name="GetIsOpenStreetMapValid_ShouldReturnFalse_WhenGeographicLayerIsUnavailableAndAlternativeServerHasInvalidUrl" storage="d:\actions-runner\_work\xpco\xpco\allsolutions\..\sc\components\remoteviewer\smartclient\tst\zsmartclient_unittest\bin\x64\debug\net6.0-windows\zsmartclient_unittest.dll" id="72ff64d9-b16e-e940-9856-804e7e3a62f9">
      <TestCategory>
        <TestCategoryItem TestCategory="GisMapData.Controllers.Osm" />
      </TestCategory>
      <Execution id="15ecf5e7-11b0-48bb-bac5-3e6c1a1c7d43" />
      <TestMethod codeBase="D:\actions-runner\_work\XPCO\XPCO\AllSolutions\..\SC\Components\RemoteViewer\SmartClient\tst\zSmartClient_UnitTest\bin\x64\Debug\net6.0-windows\zSmartClient_UnitTest.dll" adapterTypeName="executor://mstestadapter/v2" className="SmartClient_UnitTest.VideoOS.RemoteClient.GisMapData.Controllers.Osm.GisMapOsmControllerTests" name="GetIsOpenStreetMapValid_ShouldReturnFalse_WhenGeographicLayerIsUnavailableAndAlternativeServerHasInvalidUrl" />
    </UnitTest>
    <UnitTest name="PatrollingProfileViewModelTest_SelectEndPosition_SamePosition" storage="d:\actions-runner\_work\xpco\xpco\allsolutions\..\sc\components\remoteviewer\smartclient\tst\zsmartclient_unittest\bin\x64\debug\net6.0-windows\zsmartclient_unittest.dll" id="1bcc3d33-eed0-82c1-06ce-172f567f9802">
      <Execution id="d46ce48f-92aa-462e-b58f-6622be96caf5" />
      <TestMethod codeBase="D:\actions-runner\_work\XPCO\XPCO\AllSolutions\..\SC\Components\RemoteViewer\SmartClient\tst\zSmartClient_UnitTest\bin\x64\Debug\net6.0-windows\zSmartClient_UnitTest.dll" adapterTypeName="executor://mstestadapter/v2" className="SmartClient_UnitTest.VideoOS.RemoteClient.Application.UI.PtzPreset.PatrollingViewModel.PatrollingProfileViewModelTest" name="PatrollingProfileViewModelTest_SelectEndPosition_SamePosition" />
    </UnitTest>
    <UnitTest name="HandleGetDeviceData_ShouldReturnNotFoundDeviceData_WhenNotSupportedKind" storage="d:\actions-runner\_work\xpco\xpco\allsolutions\..\sc\components\remoteviewer\smartclient\tst\zsmartclient_unittest\bin\x64\debug\net6.0-windows\zsmartclient_unittest.dll" id="2fb66288-907e-6f79-7496-8522636043b2">
      <TestCategory>
        <TestCategoryItem TestCategory="GisMap.Handlers.Devices.MapItems" />
      </TestCategory>
      <Execution id="fff02c8e-0e9d-4057-a775-6dafb90b4062" />
      <TestMethod codeBase="D:\actions-runner\_work\XPCO\XPCO\AllSolutions\..\SC\Components\RemoteViewer\SmartClient\tst\zSmartClient_UnitTest\bin\x64\Debug\net6.0-windows\zSmartClient_UnitTest.dll" adapterTypeName="executor://mstestadapter/v2" className="SmartClient_UnitTest.VideoOS.RemoteClient.Plugin.GisMap.Handlers.Devices.MapItems.MicrophoneDataHandlerTests" name="HandleGetDeviceData_ShouldReturnNotFoundDeviceData_WhenNotSupportedKind" />
    </UnitTest>
    <UnitTest name="Compare_ShouldSortByPrimaryEventTime_WhenCombinedResultsAreEquallyRelevant" storage="d:\actions-runner\_work\xpco\xpco\allsolutions\..\sc\components\remoteviewer\smartclient\tst\zsmartclient_unittest\bin\x64\debug\net6.0-windows\zsmartclient_unittest.dll" id="bcd71d5d-281d-5d3b-7426-e01e3ca8b29e">
      <TestCategory>
        <TestCategoryItem TestCategory="SearchComparers" />
      </TestCategory>
      <Execution id="0fc0ddbb-86a5-48bf-8cb4-0b19c9377e66" />
      <TestMethod codeBase="D:\actions-runner\_work\XPCO\XPCO\AllSolutions\..\SC\Components\RemoteViewer\SmartClient\tst\zSmartClient_UnitTest\bin\x64\Debug\net6.0-windows\zSmartClient_UnitTest.dll" adapterTypeName="executor://mstestadapter/v2" className="SmartClient_UnitTest.VideoOS.RemoteClient.Plugin.CentralizedSearch.Models.Wrappers.Comparers.RelevanceComparerTests" name="Compare_ShouldSortByPrimaryEventTime_WhenCombinedResultsAreEquallyRelevant" />
    </UnitTest>
    <UnitTest name="CreateExportDialog_CanCreateExport_WhenOnlyExportToOpticsAndInvalidExportPath" storage="d:\actions-runner\_work\xpco\xpco\allsolutions\..\sc\components\remoteviewer\smartclient\tst\zsmartclient_unittest\bin\x64\debug\net6.0-windows\zsmartclient_unittest.dll" id="e0ddb94a-4c42-ee26-7803-7c8bb915b98c">
      <TestCategory>
        <TestCategoryItem TestCategory="Export" />
      </TestCategory>
      <Execution id="b8d90427-78d7-4847-b4eb-e9140b12f8a9" />
      <TestMethod codeBase="D:\actions-runner\_work\XPCO\XPCO\AllSolutions\..\SC\Components\RemoteViewer\SmartClient\tst\zSmartClient_UnitTest\bin\x64\Debug\net6.0-windows\zSmartClient_UnitTest.dll" adapterTypeName="executor://mstestadapter/v2" className="SmartClient_UnitTest.VideoOS.RemoteClient.Plugin.Export.CreateExportDialogViewModelTests" name="CreateExportDialog_CanCreateExport_WhenOnlyExportToOpticsAndInvalidExportPath" />
    </UnitTest>
    <UnitTest name="DoubleClickOnPreviewPlayer_ShouldOpenDetailsViewWithAnimation_WhenFocusedItemIsNotNullAndAnimationsAreEnabled" storage="d:\actions-runner\_work\xpco\xpco\allsolutions\..\sc\components\remoteviewer\smartclient\tst\zsmartclient_unittest\bin\x64\debug\net6.0-windows\zsmartclient_unittest.dll" id="7899bcea-7118-cfa0-aa3f-14444c7eb8ac">
      <TestCategory>
        <TestCategoryItem TestCategory="SearchViews" />
      </TestCategory>
      <Execution id="a40aed1a-24b4-4a33-8a50-d951df7c4031" />
      <TestMethod codeBase="D:\actions-runner\_work\XPCO\XPCO\AllSolutions\..\SC\Components\RemoteViewer\SmartClient\tst\zSmartClient_UnitTest\bin\x64\Debug\net6.0-windows\zSmartClient_UnitTest.dll" adapterTypeName="executor://mstestadapter/v2" className="SmartClient_UnitTest.VideoOS.RemoteClient.Plugin.CentralizedSearch.Views.SearchResultsViewTests" name="DoubleClickOnPreviewPlayer_ShouldOpenDetailsViewWithAnimation_WhenFocusedItemIsNotNullAndAnimationsAreEnabled" />
    </UnitTest>
    <UnitTest name="IconTooltip_ShouldBeValid_WhenInteractionStateIsAddCamera" storage="d:\actions-runner\_work\xpco\xpco\allsolutions\..\sc\components\remoteviewer\smartclient\tst\zsmartclient_unittest\bin\x64\debug\net6.0-windows\zsmartclient_unittest.dll" id="6447c994-5b95-325f-325b-e1016ffa29e1">
      <TestCategory>
        <TestCategoryItem TestCategory="GisMap.UI.DeviceSelectors.PanelComponents" />
      </TestCategory>
      <Execution id="fde1fdb1-1369-450e-afff-4e37e5732848" />
      <TestMethod codeBase="D:\actions-runner\_work\XPCO\XPCO\AllSolutions\..\SC\Components\RemoteViewer\SmartClient\tst\zSmartClient_UnitTest\bin\x64\Debug\net6.0-windows\zSmartClient_UnitTest.dll" adapterTypeName="executor://mstestadapter/v2" className="SmartClient_UnitTest.VideoOS.RemoteClient.Plugin.GisMap.UI.DeviceSelectors.PanelComponents.DeviceSelectorPanelComponentTests" name="IconTooltip_ShouldBeValid_WhenInteractionStateIsAddCamera" />
    </UnitTest>
    <UnitTest name="MotionAreaInfoDto_ShouldYieldSameValues_WhenRoundTripConverted" storage="d:\actions-runner\_work\xpco\xpco\allsolutions\..\sc\components\remoteviewer\smartclient\tst\zsmartclient_unittest\bin\x64\debug\net6.0-windows\zsmartclient_unittest.dll" id="ee6192d4-4913-e5e7-42dd-becf117dbb37">
      <TestCategory>
        <TestCategoryItem TestCategory="RecorderProxyToDtoMapping" />
      </TestCategory>
      <Execution id="b4b96ccb-50bb-481e-9fcf-d08e0b8eb1dd" />
      <TestMethod codeBase="D:\actions-runner\_work\XPCO\XPCO\AllSolutions\..\SC\Components\RemoteViewer\SmartClient\tst\zSmartClient_UnitTest\bin\x64\Debug\net6.0-windows\zSmartClient_UnitTest.dll" adapterTypeName="executor://mstestadapter/v2" className="VideoOS.Shared.ServerAPI.SOAP.RecorderClientMappingTests" name="MotionAreaInfoDto_ShouldYieldSameValues_WhenRoundTripConverted" />
    </UnitTest>
    <UnitTest name="Map_Layers_InsertDirectly_Fail" storage="d:\actions-runner\_work\xpco\xpco\allsolutions\..\sc\components\remoteviewer\smartclient\tst\zsmartclient_unittest\bin\x64\debug\net6.0-windows\zsmartclient_unittest.dll" id="1bd47a22-fa5c-5334-c7fb-8e1b4053f662">
      <TestCategory>
        <TestCategoryItem TestCategory="GisMapLayers" />
      </TestCategory>
      <Execution id="5fea0095-1ce7-4167-ba45-f8f4b89a8e73" />
      <TestMethod codeBase="D:\actions-runner\_work\XPCO\XPCO\AllSolutions\..\SC\Components\RemoteViewer\SmartClient\tst\zSmartClient_UnitTest\bin\x64\Debug\net6.0-windows\zSmartClient_UnitTest.dll" adapterTypeName="executor://mstestadapter/v2" className="SmartClient_UnitTest.VideoOS.RemoteClient.GisMapData.GisMapLayerTests" name="Map_Layers_InsertDirectly_Fail" />
    </UnitTest>
    <UnitTest name="SmartSearchStatusType_ShouldYieldSameValuesForAllEnumValues_WhenRoundTripConverted (SearchResultReady,SearchResultReady)" storage="d:\actions-runner\_work\xpco\xpco\allsolutions\..\sc\components\remoteviewer\smartclient\tst\zsmartclient_unittest\bin\x64\debug\net6.0-windows\zsmartclient_unittest.dll" id="337537ae-5ca8-61cb-549e-269d84719921">
      <TestCategory>
        <TestCategoryItem TestCategory="RecorderProxyToDtoMapping" />
      </TestCategory>
      <Execution id="3bb33f32-07c8-4125-b4c1-909e23e8a84d" />
      <TestMethod codeBase="D:\actions-runner\_work\XPCO\XPCO\AllSolutions\..\SC\Components\RemoteViewer\SmartClient\tst\zSmartClient_UnitTest\bin\x64\Debug\net6.0-windows\zSmartClient_UnitTest.dll" adapterTypeName="executor://mstestadapter/v2" className="VideoOS.Shared.ServerAPI.SOAP.RecorderClientMappingTests" name="SmartSearchStatusType_ShouldYieldSameValuesForAllEnumValues_WhenRoundTripConverted" />
    </UnitTest>
    <UnitTest name="IsCamera_ShouldReturnTrue_WhenSingleCameraSelected" storage="d:\actions-runner\_work\xpco\xpco\allsolutions\..\sc\components\remoteviewer\smartclient\tst\zsmartclient_unittest\bin\x64\debug\net6.0-windows\zsmartclient_unittest.dll" id="18372786-9c22-e3d6-04ef-6b4e808d181a">
      <Execution id="c49f30ba-2b5f-4606-b1c9-b55bf124eadf" />
      <TestMethod codeBase="D:\actions-runner\_work\XPCO\XPCO\AllSolutions\..\SC\Components\RemoteViewer\SmartClient\tst\zSmartClient_UnitTest\bin\x64\Debug\net6.0-windows\zSmartClient_UnitTest.dll" adapterTypeName="executor://mstestadapter/v2" className="SmartClient_UnitTest.VideoOS.RemoteClient.Application.Data.ContentTypes.ReportingContentType.DashboardExtentionsTest" name="IsCamera_ShouldReturnTrue_WhenSingleCameraSelected" />
    </UnitTest>
    <UnitTest name="Connect_SucceedeInConnectingWithOAuthUnsecure_ShouldReturnTrue" storage="d:\actions-runner\_work\xpco\xpco\allsolutions\..\sc\components\remoteviewer\smartclient\tst\zsmartclient_unittest\bin\x64\debug\net6.0-windows\zsmartclient_unittest.dll" id="881744e7-6022-e700-6b80-eadb3836c4cd">
      <Execution id="fa0e3784-82a8-4e94-8be2-0d0ed7a308eb" />
      <TestMethod codeBase="D:\actions-runner\_work\XPCO\XPCO\AllSolutions\..\SC\Components\RemoteViewer\SmartClient\tst\zSmartClient_UnitTest\bin\x64\Debug\net6.0-windows\zSmartClient_UnitTest.dll" adapterTypeName="executor://mstestadapter/v2" className="VideoOS.Shared.ServerAPI.VMOViewerClientFacade.UnitTest.VMOViewerClientFacadeTests" name="Connect_SucceedeInConnectingWithOAuthUnsecure_ShouldReturnTrue" />
    </UnitTest>
    <UnitTest name="AddToExportTuples_ShouldReturnCorrectResult (5,5,0)" storage="d:\actions-runner\_work\xpco\xpco\allsolutions\..\sc\components\remoteviewer\smartclient\tst\zsmartclient_unittest\bin\x64\debug\net6.0-windows\zsmartclient_unittest.dll" id="78ae4795-b159-3f03-06f0-3f211a86b0c5">
      <TestCategory>
        <TestCategoryItem TestCategory="Managers" />
      </TestCategory>
      <Execution id="495c5574-6e33-4498-9ea0-207c99611c0f" />
      <TestMethod codeBase="D:\actions-runner\_work\XPCO\XPCO\AllSolutions\..\SC\Components\RemoteViewer\SmartClient\tst\zSmartClient_UnitTest\bin\x64\Debug\net6.0-windows\zSmartClient_UnitTest.dll" adapterTypeName="executor://mstestadapter/v2" className="SmartClient_UnitTest.VideoOS.RemoteClient.Application.Managers.ExportManagerTests" name="AddToExportTuples_ShouldReturnCorrectResult" />
    </UnitTest>
    <UnitTest name="GetDuration_OneHour_Success" storage="d:\actions-runner\_work\xpco\xpco\allsolutions\..\sc\components\remoteviewer\smartclient\tst\zsmartclient_unittest\bin\x64\debug\net6.0-windows\zsmartclient_unittest.dll" id="b583fd3b-a208-f88c-adeb-f397f1f95808">
      <TestCategory>
        <TestCategoryItem TestCategory="Search" />
      </TestCategory>
      <Execution id="2fa16ac7-10f6-4b0f-914e-014e6c929249" />
      <TestMethod codeBase="D:\actions-runner\_work\XPCO\XPCO\AllSolutions\..\SC\Components\RemoteViewer\SmartClient\tst\zSmartClient_UnitTest\bin\x64\Debug\net6.0-windows\zSmartClient_UnitTest.dll" adapterTypeName="executor://mstestadapter/v2" className="SmartClient_UnitTest.VideoOS.RemoteClient.Plugin.CentralizedSearch.ViewModels.Data.TimeScopeTests" name="GetDuration_OneHour_Success" />
    </UnitTest>
    <UnitTest name="ValidateExportLocation_ShouldReturnFailResult_DestinationRequired" storage="d:\actions-runner\_work\xpco\xpco\allsolutions\..\sc\components\remoteviewer\smartclient\tst\zsmartclient_unittest\bin\x64\debug\net6.0-windows\zsmartclient_unittest.dll" id="4b6fecb5-59c1-ea5f-e98e-45127e9005f6">
      <TestCategory>
        <TestCategoryItem TestCategory="Export" />
      </TestCategory>
      <Execution id="209ee156-06df-405a-8a69-fa13eb5da83b" />
      <TestMethod codeBase="D:\actions-runner\_work\XPCO\XPCO\AllSolutions\..\SC\Components\RemoteViewer\SmartClient\tst\zSmartClient_UnitTest\bin\x64\Debug\net6.0-windows\zSmartClient_UnitTest.dll" adapterTypeName="executor://mstestadapter/v2" className="SmartClient_UnitTest.VideoOS.RemoteClient.Plugin.Export.ExportDataValidatorTests" name="ValidateExportLocation_ShouldReturnFailResult_DestinationRequired" />
    </UnitTest>
    <UnitTest name="GetServerTypes_ShouldReturnServiceChannelType" storage="d:\actions-runner\_work\xpco\xpco\allsolutions\..\sc\components\remoteviewer\smartclient\tst\zsmartclient_unittest\bin\x64\debug\net6.0-windows\zsmartclient_unittest.dll" id="7ef6fc17-41f7-b6dd-5a72-5e5de8ea26a4">
      <Execution id="e5d80fb4-9b14-4118-b6cc-7567b6e345c8" />
      <TestMethod codeBase="D:\actions-runner\_work\XPCO\XPCO\AllSolutions\..\SC\Components\RemoteViewer\SmartClient\tst\zSmartClient_UnitTest\bin\x64\Debug\net6.0-windows\zSmartClient_UnitTest.dll" adapterTypeName="executor://mstestadapter/v2" className="SmartClient_UnitTest.VideoOS.RemoteClient.Application.Data.ContentTypes.ReportingContentType.DashboardExtentionsTest" name="GetServerTypes_ShouldReturnServiceChannelType" />
    </UnitTest>
    <UnitTest name="PopulateTooltip_SingleResultsFromFewCameras12Hours_ValidText" storage="d:\actions-runner\_work\xpco\xpco\allsolutions\..\sc\components\remoteviewer\smartclient\tst\zsmartclient_unittest\bin\x64\debug\net6.0-windows\zsmartclient_unittest.dll" id="6999d28b-b0a1-0e27-60a0-97e9ac879716">
      <TestCategory>
        <TestCategoryItem TestCategory="SearchControls" />
      </TestCategory>
      <Execution id="bc76c299-9ac6-43c8-b7a2-c8695a158410" />
      <TestMethod codeBase="D:\actions-runner\_work\XPCO\XPCO\AllSolutions\..\SC\Components\RemoteViewer\SmartClient\tst\zSmartClient_UnitTest\bin\x64\Debug\net6.0-windows\zSmartClient_UnitTest.dll" adapterTypeName="executor://mstestadapter/v2" className="SmartClient_UnitTest.VideoOS.RemoteClient.Plugin.CentralizedSearch.Views.Controls.TimelineRuler.TimelineRulerControlTests" name="PopulateTooltip_SingleResultsFromFewCameras12Hours_ValidText" />
    </UnitTest>
    <UnitTest name="Constructor_ShouldRaiseArgumentNullException_WhenLayersIsNull" storage="d:\actions-runner\_work\xpco\xpco\allsolutions\..\sc\components\remoteviewer\smartclient\tst\zsmartclient_unittest\bin\x64\debug\net6.0-windows\zsmartclient_unittest.dll" id="13ba617e-c06d-6b6c-0709-611e06771ad4">
      <TestCategory>
        <TestCategoryItem TestCategory="GisMapData.Handlers.LayerFeatures" />
      </TestCategory>
      <Execution id="f772c344-62a6-44fd-ac20-4796835d9b66" />
      <TestMethod codeBase="D:\actions-runner\_work\XPCO\XPCO\AllSolutions\..\SC\Components\RemoteViewer\SmartClient\tst\zSmartClient_UnitTest\bin\x64\Debug\net6.0-windows\zSmartClient_UnitTest.dll" adapterTypeName="executor://mstestadapter/v2" className="SmartClient_UnitTest.VideoOS.RemoteClient.GisMapData.Handlers.LayerFeatures.CameraLayerFeaturesHandlerTests" name="Constructor_ShouldRaiseArgumentNullException_WhenLayersIsNull" />
    </UnitTest>
    <UnitTest name="AutomationId_ShouldBeValid_WhenInteractionStateIsInput" storage="d:\actions-runner\_work\xpco\xpco\allsolutions\..\sc\components\remoteviewer\smartclient\tst\zsmartclient_unittest\bin\x64\debug\net6.0-windows\zsmartclient_unittest.dll" id="c7b7da64-3485-b2c1-376a-4a2776f7bf98">
      <TestCategory>
        <TestCategoryItem TestCategory="GisMap.UI.DeviceSelectors.PanelComponents" />
      </TestCategory>
      <Execution id="185aec89-10da-4b29-a5b2-935df54c66c8" />
      <TestMethod codeBase="D:\actions-runner\_work\XPCO\XPCO\AllSolutions\..\SC\Components\RemoteViewer\SmartClient\tst\zSmartClient_UnitTest\bin\x64\Debug\net6.0-windows\zSmartClient_UnitTest.dll" adapterTypeName="executor://mstestadapter/v2" className="SmartClient_UnitTest.VideoOS.RemoteClient.Plugin.GisMap.UI.DeviceSelectors.PanelComponents.DeviceSelectorPanelComponentTests" name="AutomationId_ShouldBeValid_WhenInteractionStateIsInput" />
    </UnitTest>
    <UnitTest name="PopulateTooltip_FewResultsFromFewCameras24Hours_ValidText" storage="d:\actions-runner\_work\xpco\xpco\allsolutions\..\sc\components\remoteviewer\smartclient\tst\zsmartclient_unittest\bin\x64\debug\net6.0-windows\zsmartclient_unittest.dll" id="86b5c5b9-f5c0-2dad-738f-2d685bd44644">
      <TestCategory>
        <TestCategoryItem TestCategory="SearchControls" />
      </TestCategory>
      <Execution id="04c0af21-4674-4e33-896f-5ddb1a76ea59" />
      <TestMethod codeBase="D:\actions-runner\_work\XPCO\XPCO\AllSolutions\..\SC\Components\RemoteViewer\SmartClient\tst\zSmartClient_UnitTest\bin\x64\Debug\net6.0-windows\zSmartClient_UnitTest.dll" adapterTypeName="executor://mstestadapter/v2" className="SmartClient_UnitTest.VideoOS.RemoteClient.Plugin.CentralizedSearch.Views.Controls.TimelineRuler.TimelineRulerControlTests" name="PopulateTooltip_FewResultsFromFewCameras24Hours_ValidText" />
    </UnitTest>
    <UnitTest name="PatrollingPresetViewModel_Constructor_2_Success" storage="d:\actions-runner\_work\xpco\xpco\allsolutions\..\sc\components\remoteviewer\smartclient\tst\zsmartclient_unittest\bin\x64\debug\net6.0-windows\zsmartclient_unittest.dll" id="0d43d95c-82c9-c386-cdd6-8d869ea0afd9">
      <Execution id="9106e465-bbb3-443e-8fc5-cb32b5a03b1d" />
      <TestMethod codeBase="D:\actions-runner\_work\XPCO\XPCO\AllSolutions\..\SC\Components\RemoteViewer\SmartClient\tst\zSmartClient_UnitTest\bin\x64\Debug\net6.0-windows\zSmartClient_UnitTest.dll" adapterTypeName="executor://mstestadapter/v2" className="SmartClient_UnitTest.VideoOS.RemoteClient.Application.UI.PtzPreset.PatrollingViewModel.PatrollingPresetViewModelTest" name="PatrollingPresetViewModel_Constructor_2_Success" />
    </UnitTest>
    <UnitTest name="BuildMapOptions_ShouldHandleEnumOptionsCorrectly (GisMapOpenStreetMapGeographicLayer,Unavailable,False)" storage="d:\actions-runner\_work\xpco\xpco\allsolutions\..\sc\components\remoteviewer\smartclient\tst\zsmartclient_unittest\bin\x64\debug\net6.0-windows\zsmartclient_unittest.dll" id="50fd2e3e-e95c-2e26-b861-12f593cf9a0f">
      <Execution id="61f17f72-083c-483e-911a-e5946b2bcb3e" />
      <TestMethod codeBase="D:\actions-runner\_work\XPCO\XPCO\AllSolutions\..\SC\Components\RemoteViewer\SmartClient\tst\zSmartClient_UnitTest\bin\x64\Debug\net6.0-windows\zSmartClient_UnitTest.dll" adapterTypeName="executor://mstestadapter/v2" className="SmartClient_UnitTest.VideoOS.RemoteClient.Application.Common.Telemetry.TelemetryBuilderTests" name="BuildMapOptions_ShouldHandleEnumOptionsCorrectly" />
    </UnitTest>
    <UnitTest name="Detach_ShouldNotRaiseAnException_WhenAttachWasNotCalledPreviously" storage="d:\actions-runner\_work\xpco\xpco\allsolutions\..\sc\components\remoteviewer\smartclient\tst\zsmartclient_unittest\bin\x64\debug\net6.0-windows\zsmartclient_unittest.dll" id="935f6e0f-c97b-5019-7e62-2a29c5b4df2c">
      <TestCategory>
        <TestCategoryItem TestCategory="GisMap.WindowsBases" />
      </TestCategory>
      <Execution id="39fa8fdc-285f-4059-b2b1-102f97fc9973" />
      <TestMethod codeBase="D:\actions-runner\_work\XPCO\XPCO\AllSolutions\..\SC\Components\RemoteViewer\SmartClient\tst\zSmartClient_UnitTest\bin\x64\Debug\net6.0-windows\zSmartClient_UnitTest.dll" adapterTypeName="executor://mstestadapter/v2" className="SmartClient_UnitTest.VideoOS.RemoteClient.Plugin.GisMap.Windows.Bases.DragWindowDecoratorTests" name="Detach_ShouldNotRaiseAnException_WhenAttachWasNotCalledPreviously" />
    </UnitTest>
    <UnitTest name="AddResults_NoPartialResults_Success" storage="d:\actions-runner\_work\xpco\xpco\allsolutions\..\sc\components\remoteviewer\smartclient\tst\zsmartclient_unittest\bin\x64\debug\net6.0-windows\zsmartclient_unittest.dll" id="02af0d15-e099-b0e6-50ad-6fe37219924b">
      <TestCategory>
        <TestCategoryItem TestCategory="SearchResultsPreprocessor.PartialResults" />
      </TestCategory>
      <Execution id="5d5f9c5b-abfb-45e6-bd08-6232a2ca7f5e" />
      <TestMethod codeBase="D:\actions-runner\_work\XPCO\XPCO\AllSolutions\..\SC\Components\RemoteViewer\SmartClient\tst\zSmartClient_UnitTest\bin\x64\Debug\net6.0-windows\zSmartClient_UnitTest.dll" adapterTypeName="executor://mstestadapter/v2" className="SmartClient_UnitTest.VideoOS.RemoteClient.Plugin.CentralizedSearch.Models.SearchResultsPreprocessorTests" name="AddResults_NoPartialResults_Success" />
    </UnitTest>
    <UnitTest name="PreprocessorResultsProcessed_ShouldAppendReselectedSearchResults_WhenPreprocessorHasResultsToReselect" storage="d:\actions-runner\_work\xpco\xpco\allsolutions\..\sc\components\remoteviewer\smartclient\tst\zsmartclient_unittest\bin\x64\debug\net6.0-windows\zsmartclient_unittest.dll" id="d6e18f4d-928d-faa8-fd00-f4b6e0b7623e">
      <TestCategory>
        <TestCategoryItem TestCategory="SearchViewModels" />
      </TestCategory>
      <Execution id="d5833301-8d2f-4eb9-8b90-eb12f8f504b3" />
      <TestMethod codeBase="D:\actions-runner\_work\XPCO\XPCO\AllSolutions\..\SC\Components\RemoteViewer\SmartClient\tst\zSmartClient_UnitTest\bin\x64\Debug\net6.0-windows\zSmartClient_UnitTest.dll" adapterTypeName="executor://mstestadapter/v2" className="SmartClient_UnitTest.VideoOS.RemoteClient.Plugin.CentralizedSearch.ViewModels.SearchViewModelTests" name="PreprocessorResultsProcessed_ShouldAppendReselectedSearchResults_WhenPreprocessorHasResultsToReselect" />
    </UnitTest>
    <UnitTest name="SetItemOutlines_ItemNull_Exception" storage="d:\actions-runner\_work\xpco\xpco\allsolutions\..\sc\components\remoteviewer\smartclient\tst\zsmartclient_unittest\bin\x64\debug\net6.0-windows\zsmartclient_unittest.dll" id="ea1b5845-13e0-a3f9-5ed1-720958ca2d0a">
      <TestCategory>
        <TestCategoryItem TestCategory="GisMap.GisMapViewFacade" />
      </TestCategory>
      <Execution id="68d0f36f-a83d-4228-9190-4935103db448" />
      <TestMethod codeBase="D:\actions-runner\_work\XPCO\XPCO\AllSolutions\..\SC\Components\RemoteViewer\SmartClient\tst\zSmartClient_UnitTest\bin\x64\Debug\net6.0-windows\zSmartClient_UnitTest.dll" adapterTypeName="executor://mstestadapter/v2" className="SmartClient_UnitTest.VideoOS.RemoteClient.Plugin.GisMap.IoC.GisMapViewFacadeTests" name="SetItemOutlines_ItemNull_Exception" />
    </UnitTest>
    <UnitTest name="SearchFilterCategoryGet_TwoSearchAgents_AllFiltersAdded" storage="d:\actions-runner\_work\xpco\xpco\allsolutions\..\sc\components\remoteviewer\smartclient\tst\zsmartclient_unittest\bin\x64\debug\net6.0-windows\zsmartclient_unittest.dll" id="3457bd27-1f00-b005-3af0-cc532182e652">
      <TestCategory>
        <TestCategoryItem TestCategory="Search" />
      </TestCategory>
      <Execution id="8abbd152-252d-451b-9b4b-f53704ffca1f" />
      <TestMethod codeBase="D:\actions-runner\_work\XPCO\XPCO\AllSolutions\..\SC\Components\RemoteViewer\SmartClient\tst\zSmartClient_UnitTest\bin\x64\Debug\net6.0-windows\zSmartClient_UnitTest.dll" adapterTypeName="executor://mstestadapter/v2" className="SmartClient_UnitTest.VideoOS.RemoteClient.Plugin.CentralizedSearch.MIPPlugin.CompositeSearchAgentTests" name="SearchFilterCategoryGet_TwoSearchAgents_AllFiltersAdded" />
    </UnitTest>
    <UnitTest name="ScWorkSpaceModeChangedEvent_ShouldSetDeviceIsDisabledToFalse_WhenSwitchingToLiveModeAndDeviceIsDisabled" storage="d:\actions-runner\_work\xpco\xpco\allsolutions\..\sc\components\remoteviewer\smartclient\tst\zsmartclient_unittest\bin\x64\debug\net6.0-windows\zsmartclient_unittest.dll" id="dbc1a342-48a8-affa-8d55-c00e2654c55f">
      <TestCategory>
        <TestCategoryItem TestCategory="GisMapData.MapLayers" />
      </TestCategory>
      <Execution id="88d9b8e7-e475-45c1-be98-1cd4517fa46d" />
      <TestMethod codeBase="D:\actions-runner\_work\XPCO\XPCO\AllSolutions\..\SC\Components\RemoteViewer\SmartClient\tst\zSmartClient_UnitTest\bin\x64\Debug\net6.0-windows\zSmartClient_UnitTest.dll" adapterTypeName="executor://mstestadapter/v2" className="SmartClient_UnitTest.VideoOS.RemoteClient.GisMapData.MapLayers.OutputItemsMapLayerTests" name="ScWorkSpaceModeChangedEvent_ShouldSetDeviceIsDisabledToFalse_WhenSwitchingToLiveModeAndDeviceIsDisabled" />
    </UnitTest>
    <UnitTest name="BoundingBoxBrowseTimeChangedTestOldData" storage="d:\actions-runner\_work\xpco\xpco\allsolutions\..\sc\components\remoteviewer\smartclient\tst\zsmartclient_unittest\bin\x64\debug\net6.0-windows\zsmartclient_unittest.dll" id="dc5553ed-c8db-34b6-aa61-f33cd39a8ce9">
      <Execution id="bd468cdc-b23e-445f-af2a-cc31cf11e2c2" />
      <TestMethod codeBase="D:\actions-runner\_work\XPCO\XPCO\AllSolutions\..\SC\Components\RemoteViewer\SmartClient\tst\zSmartClient_UnitTest\bin\x64\Debug\net6.0-windows\zSmartClient_UnitTest.dll" adapterTypeName="executor://mstestadapter/v2" className="SmartClient_UnitTest.VideoOS.RemoteClient.Application.Data.Metadata.BoundingBoxes.BoundingBoxProviderTest" name="BoundingBoxBrowseTimeChangedTestOldData" />
    </UnitTest>
    <UnitTest name="TestTaskUpdate" storage="d:\actions-runner\_work\xpco\xpco\allsolutions\..\sc\components\remoteviewer\smartclient\tst\zsmartclient_unittest\bin\x64\debug\net6.0-windows\zsmartclient_unittest.dll" id="e0f9e943-40a9-c69d-3157-2bda05edf6aa">
      <Execution id="06839851-16c1-4d2b-895c-4c3f012c7456" />
      <TestMethod codeBase="D:\actions-runner\_work\XPCO\XPCO\AllSolutions\..\SC\Components\RemoteViewer\SmartClient\tst\zSmartClient_UnitTest\bin\x64\Debug\net6.0-windows\zSmartClient_UnitTest.dll" adapterTypeName="executor://mstestadapter/v2" className="SmartClient_UnitTest.VideoOS.RemoteClient.Application.Managers.EdgeRetrievalTaskManagerUnitTest" name="TestTaskUpdate" />
    </UnitTest>
    <UnitTest name="TimeToStringConverter_Convert_Success" storage="d:\actions-runner\_work\xpco\xpco\allsolutions\..\sc\components\remoteviewer\smartclient\tst\zsmartclient_unittest\bin\x64\debug\net6.0-windows\zsmartclient_unittest.dll" id="2efbf2d6-dad1-cfe2-2063-c228f2b12aef">
      <TestCategory>
        <TestCategoryItem TestCategory="SearchConverter" />
      </TestCategory>
      <Execution id="8b525fcd-987d-4430-90b2-59d7a26baca8" />
      <TestMethod codeBase="D:\actions-runner\_work\XPCO\XPCO\AllSolutions\..\SC\Components\RemoteViewer\SmartClient\tst\zSmartClient_UnitTest\bin\x64\Debug\net6.0-windows\zSmartClient_UnitTest.dll" adapterTypeName="executor://mstestadapter/v2" className="SmartClient_UnitTest.VideoOS.RemoteClient.Plugin.CentralizedSearch.Views.Converters.TimeToStringConverterTests" name="TimeToStringConverter_Convert_Success" />
    </UnitTest>
    <UnitTest name="ResolveSearchDefinitions_ShouldReturnResultSearchDefinition_WhenSingleSearchResultAndSearchDefinitionsContainingCorrectSearchDefinitionsAreGiven" storage="d:\actions-runner\_work\xpco\xpco\allsolutions\..\sc\components\remoteviewer\smartclient\tst\zsmartclient_unittest\bin\x64\debug\net6.0-windows\zsmartclient_unittest.dll" id="575af213-6f43-c554-7582-c09e43d49cdb">
      <TestCategory>
        <TestCategoryItem TestCategory="Search" />
      </TestCategory>
      <Execution id="a47f0294-bffa-4b80-bf8d-a1360b1eeff9" />
      <TestMethod codeBase="D:\actions-runner\_work\XPCO\XPCO\AllSolutions\..\SC\Components\RemoteViewer\SmartClient\tst\zSmartClient_UnitTest\bin\x64\Debug\net6.0-windows\zSmartClient_UnitTest.dll" adapterTypeName="executor://mstestadapter/v2" className="SmartClient_UnitTest.VideoOS.RemoteClient.Plugin.CentralizedSearch.Utils.SearchResultDataWrapperExtensionsTests" name="ResolveSearchDefinitions_ShouldReturnResultSearchDefinition_WhenSingleSearchResultAndSearchDefinitionsContainingCorrectSearchDefinitionsAreGiven" />
    </UnitTest>
    <UnitTest name="UpdateItemSize_ItemSizeChangedAndEventFired" storage="d:\actions-runner\_work\xpco\xpco\allsolutions\..\sc\components\remoteviewer\smartclient\tst\zsmartclient_unittest\bin\x64\debug\net6.0-windows\zsmartclient_unittest.dll" id="d90a523b-e1ac-2a8a-dd1a-2b2e05a4e8cb">
      <TestCategory>
        <TestCategoryItem TestCategory="SearchViews" />
      </TestCategory>
      <Execution id="5324349d-972c-42f3-ab68-d6574b1cacf3" />
      <TestMethod codeBase="D:\actions-runner\_work\XPCO\XPCO\AllSolutions\..\SC\Components\RemoteViewer\SmartClient\tst\zSmartClient_UnitTest\bin\x64\Debug\net6.0-windows\zSmartClient_UnitTest.dll" adapterTypeName="executor://mstestadapter/v2" className="SmartClient_UnitTest.VideoOS.RemoteClient.Plugin.CentralizedSearch.Views.SearchResultsViewTests" name="UpdateItemSize_ItemSizeChangedAndEventFired" />
    </UnitTest>
    <UnitTest name="AddToExportTuples_ShouldReturnCorrectResult (5,0,5)" storage="d:\actions-runner\_work\xpco\xpco\allsolutions\..\sc\components\remoteviewer\smartclient\tst\zsmartclient_unittest\bin\x64\debug\net6.0-windows\zsmartclient_unittest.dll" id="d49deff6-a41c-933f-0317-09cc05fa0974">
      <TestCategory>
        <TestCategoryItem TestCategory="Managers" />
      </TestCategory>
      <Execution id="3808f9c8-90c1-4aa6-8f9c-da6ec65f6b18" />
      <TestMethod codeBase="D:\actions-runner\_work\XPCO\XPCO\AllSolutions\..\SC\Components\RemoteViewer\SmartClient\tst\zSmartClient_UnitTest\bin\x64\Debug\net6.0-windows\zSmartClient_UnitTest.dll" adapterTypeName="executor://mstestadapter/v2" className="SmartClient_UnitTest.VideoOS.RemoteClient.Application.Managers.ExportManagerTests" name="AddToExportTuples_ShouldReturnCorrectResult" />
    </UnitTest>
    <UnitTest name="Unrelated_devices_removed_when_unrelated_camera_added" storage="d:\actions-runner\_work\xpco\xpco\allsolutions\..\sc\components\remoteviewer\smartclient\tst\zsmartclient_unittest\bin\x64\debug\net6.0-windows\zsmartclient_unittest.dll" id="f1e0caf2-26c1-7e52-0baf-d74ce88aa74e">
      <Execution id="ee108039-f963-4f18-b251-aff9359e3ee0" />
      <TestMethod codeBase="D:\actions-runner\_work\XPCO\XPCO\AllSolutions\..\SC\Components\RemoteViewer\SmartClient\tst\zSmartClient_UnitTest\bin\x64\Debug\net6.0-windows\zSmartClient_UnitTest.dll" adapterTypeName="executor://mstestadapter/v2" className="SmartClient_UnitTest.VideoOS.RemoteClient.Application.Components.EvidenceLock.EvidenceLockRelatedDeviceTests" name="Unrelated_devices_removed_when_unrelated_camera_added" />
    </UnitTest>
    <UnitTest name="SupportsRightClick_ShouldBeFalse_WhenInteractionStateIsNotNormal" storage="d:\actions-runner\_work\xpco\xpco\allsolutions\..\sc\components\remoteviewer\smartclient\tst\zsmartclient_unittest\bin\x64\debug\net6.0-windows\zsmartclient_unittest.dll" id="dd385b74-b0ce-69dd-5bae-8f3c49a74f34">
      <TestCategory>
        <TestCategoryItem TestCategory="GisMap.LegacyLinkMarker" />
      </TestCategory>
      <Execution id="09985865-0810-44b3-aa07-c9dfd0ea3255" />
      <TestMethod codeBase="D:\actions-runner\_work\XPCO\XPCO\AllSolutions\..\SC\Components\RemoteViewer\SmartClient\tst\zSmartClient_UnitTest\bin\x64\Debug\net6.0-windows\zSmartClient_UnitTest.dll" adapterTypeName="executor://mstestadapter/v2" className="SmartClient_UnitTest.VideoOS.RemoteClient.Plugin.GisMap.ThinkGeoMap.Markers.LegacyLinkMarker.LegacyLinkMarkerTests" name="SupportsRightClick_ShouldBeFalse_WhenInteractionStateIsNotNormal" />
    </UnitTest>
    <UnitTest name="Constructor_ShouldThrowAnException_WhenSearchManagerIsNull" storage="d:\actions-runner\_work\xpco\xpco\allsolutions\..\sc\components\remoteviewer\smartclient\tst\zsmartclient_unittest\bin\x64\debug\net6.0-windows\zsmartclient_unittest.dll" id="50437517-5fc5-21fb-fd24-7bb70ccad1c0">
      <TestCategory>
        <TestCategoryItem TestCategory="WorkspaceToolbar" />
      </TestCategory>
      <Execution id="996abbaf-44e2-46a4-828a-5f984ac16b92" />
      <TestMethod codeBase="D:\actions-runner\_work\XPCO\XPCO\AllSolutions\..\SC\Components\RemoteViewer\SmartClient\tst\zSmartClient_UnitTest\bin\x64\Debug\net6.0-windows\zSmartClient_UnitTest.dll" adapterTypeName="executor://mstestadapter/v2" className="SmartClient_UnitTest.VideoOS.RemoteClient.Application.UI.Content.WorkspaceToolbar.WorkspaceToolbarViewModelTests" name="Constructor_ShouldThrowAnException_WhenSearchManagerIsNull" />
    </UnitTest>
    <UnitTest name="Deserialize_ShouldIncludeCombineTypeAnd_WhenCombineTypeIsAndInXml" storage="d:\actions-runner\_work\xpco\xpco\allsolutions\..\sc\components\remoteviewer\smartclient\tst\zsmartclient_unittest\bin\x64\debug\net6.0-windows\zsmartclient_unittest.dll" id="417be307-97e0-4052-1dcd-f4ea8d9db811">
      <TestCategory>
        <TestCategoryItem TestCategory="SearchSerialization" />
      </TestCategory>
      <Execution id="b264680e-143c-4ded-acb4-0df9b93dd47d" />
      <TestMethod codeBase="D:\actions-runner\_work\XPCO\XPCO\AllSolutions\..\SC\Components\RemoteViewer\SmartClient\tst\zSmartClient_UnitTest\bin\x64\Debug\net6.0-windows\zSmartClient_UnitTest.dll" adapterTypeName="executor://mstestadapter/v2" className="SmartClient_UnitTest.VideoOS.RemoteClient.Plugin.CentralizedSearch.Models.Serialization.SearchSerializerTests" name="Deserialize_ShouldIncludeCombineTypeAnd_WhenCombineTypeIsAndInXml" />
    </UnitTest>
    <UnitTest name="TryGetOsmServerTileAddress_ShouldSetEmptyUriAddress_WhenOsmServerAddressIsEmpty" storage="d:\actions-runner\_work\xpco\xpco\allsolutions\..\sc\components\remoteviewer\smartclient\tst\zsmartclient_unittest\bin\x64\debug\net6.0-windows\zsmartclient_unittest.dll" id="f9180ab0-97a0-1d07-1493-896e111e86f4">
      <TestCategory>
        <TestCategoryItem TestCategory="GisMapData.Controllers.Osm" />
      </TestCategory>
      <Execution id="54a823b7-93cd-447a-aacc-9b8356dde4f6" />
      <TestMethod codeBase="D:\actions-runner\_work\XPCO\XPCO\AllSolutions\..\SC\Components\RemoteViewer\SmartClient\tst\zSmartClient_UnitTest\bin\x64\Debug\net6.0-windows\zSmartClient_UnitTest.dll" adapterTypeName="executor://mstestadapter/v2" className="SmartClient_UnitTest.VideoOS.RemoteClient.GisMapData.Controllers.Osm.GisMapOsmControllerTests" name="TryGetOsmServerTileAddress_ShouldSetEmptyUriAddress_WhenOsmServerAddressIsEmpty" />
    </UnitTest>
    <UnitTest name="SupportsDoubleClick_ShouldBeFalse_WhenInteractionStateIsNotNormalOrNewDevice" storage="d:\actions-runner\_work\xpco\xpco\allsolutions\..\sc\components\remoteviewer\smartclient\tst\zsmartclient_unittest\bin\x64\debug\net6.0-windows\zsmartclient_unittest.dll" id="f086d804-d792-85ee-7f01-0c6bad93eebb">
      <TestCategory>
        <TestCategoryItem TestCategory="GisMap.OutputMarkerTest" />
      </TestCategory>
      <Execution id="fbf4b9be-d441-4326-aedb-a6d7860b6f89" />
      <TestMethod codeBase="D:\actions-runner\_work\XPCO\XPCO\AllSolutions\..\SC\Components\RemoteViewer\SmartClient\tst\zSmartClient_UnitTest\bin\x64\Debug\net6.0-windows\zSmartClient_UnitTest.dll" adapterTypeName="executor://mstestadapter/v2" className="SmartClient_UnitTest.VideoOS.RemoteClient.Plugin.GisMap.ThinkGeoMap.Markers.DeviceMarkers.OutputMarker.OutputMarkerTests" name="SupportsDoubleClick_ShouldBeFalse_WhenInteractionStateIsNotNormalOrNewDevice" />
    </UnitTest>
    <UnitTest name="GetUtcToday_UtcTimeZoneNoDst_Success" storage="d:\actions-runner\_work\xpco\xpco\allsolutions\..\sc\components\remoteviewer\smartclient\tst\zsmartclient_unittest\bin\x64\debug\net6.0-windows\zsmartclient_unittest.dll" id="dd886858-691f-731d-ef45-b4933e1e6cbf">
      <TestCategory>
        <TestCategoryItem TestCategory="Search" />
      </TestCategory>
      <Execution id="65f52d01-0179-4e4c-bb7d-acfe52e18eb7" />
      <TestMethod codeBase="D:\actions-runner\_work\XPCO\XPCO\AllSolutions\..\SC\Components\RemoteViewer\SmartClient\tst\zSmartClient_UnitTest\bin\x64\Debug\net6.0-windows\zSmartClient_UnitTest.dll" adapterTypeName="executor://mstestadapter/v2" className="SmartClient_UnitTest.VideoOS.RemoteClient.Plugin.CentralizedSearch.ViewModels.Data.TimeScopeTests" name="GetUtcToday_UtcTimeZoneNoDst_Success" />
    </UnitTest>
    <UnitTest name="ButtonVisibilityProperties_ShouldSetDefaultValues_WhenNoPropertiesLoaded" storage="d:\actions-runner\_work\xpco\xpco\allsolutions\..\sc\components\remoteviewer\smartclient\tst\zsmartclient_unittest\bin\x64\debug\net6.0-windows\zsmartclient_unittest.dll" id="cb1f6500-ecbe-a116-4190-78f304902ad9">
      <TestCategory>
        <TestCategoryItem TestCategory="GisMapViewItemTests" />
      </TestCategory>
      <Execution id="988d8233-ec94-475d-9d5b-9eae247ba4f4" />
      <TestMethod codeBase="D:\actions-runner\_work\XPCO\XPCO\AllSolutions\..\SC\Components\RemoteViewer\SmartClient\tst\zSmartClient_UnitTest\bin\x64\Debug\net6.0-windows\zSmartClient_UnitTest.dll" adapterTypeName="executor://mstestadapter/v2" className="SmartClient_UnitTest.VideoOS.RemoteClient.Plugin.GisMap.GisMapViewItemTests" name="ButtonVisibilityProperties_ShouldSetDefaultValues_WhenNoPropertiesLoaded" />
    </UnitTest>
    <UnitTest name="Password1 valid, Password 2 invalid, same length" storage="d:\actions-runner\_work\xpco\xpco\allsolutions\..\sc\components\remoteviewer\smartclient\tst\zsmartclient_unittest\bin\x64\debug\net6.0-windows\zsmartclient_unittest.dll" id="e00876fb-cb05-16ea-34dd-7b76a35afbc9">
      <TestCategory>
        <TestCategoryItem TestCategory="Export" />
      </TestCategory>
      <Execution id="625a4810-6045-4407-a098-0610316e6740" />
      <TestMethod codeBase="D:\actions-runner\_work\XPCO\XPCO\AllSolutions\..\SC\Components\RemoteViewer\SmartClient\tst\zSmartClient_UnitTest\bin\x64\Debug\net6.0-windows\zSmartClient_UnitTest.dll" adapterTypeName="executor://mstestadapter/v2" className="SmartClient_UnitTest.VideoOS.RemoteClient.Plugin.Export.PasswordDialogViewModelTests" name="ArePasswordsValid_ShouldDependOnPassword1AndPassword2" />
    </UnitTest>
    <UnitTest name="ResolveSearchDefinitions_ShouldReturnResultSearchDefinition_WhenCombinedSearchResultWithMultipleSubResultAndEmptySearchDefinitionsAreGiven" storage="d:\actions-runner\_work\xpco\xpco\allsolutions\..\sc\components\remoteviewer\smartclient\tst\zsmartclient_unittest\bin\x64\debug\net6.0-windows\zsmartclient_unittest.dll" id="7ceab3e2-a3b0-9c8f-80fc-83722cb5c583">
      <TestCategory>
        <TestCategoryItem TestCategory="Search" />
      </TestCategory>
      <Execution id="e33cc6d7-cb36-4ea7-8992-3297cd819d49" />
      <TestMethod codeBase="D:\actions-runner\_work\XPCO\XPCO\AllSolutions\..\SC\Components\RemoteViewer\SmartClient\tst\zSmartClient_UnitTest\bin\x64\Debug\net6.0-windows\zSmartClient_UnitTest.dll" adapterTypeName="executor://mstestadapter/v2" className="SmartClient_UnitTest.VideoOS.RemoteClient.Plugin.CentralizedSearch.Utils.SearchResultDataWrapperExtensionsTests" name="ResolveSearchDefinitions_ShouldReturnResultSearchDefinition_WhenCombinedSearchResultWithMultipleSubResultAndEmptySearchDefinitionsAreGiven" />
    </UnitTest>
    <UnitTest name="GisPointToIndexGridPosition_00_ReturnsPowerScaleMinusOne" storage="d:\actions-runner\_work\xpco\xpco\allsolutions\..\sc\components\remoteviewer\smartclient\tst\zsmartclient_unittest\bin\x64\debug\net6.0-windows\zsmartclient_unittest.dll" id="4ca2f8f4-021b-5238-c299-1b1fb7ab3fab">
      <TestCategory>
        <TestCategoryItem TestCategory="GisMapIndex" />
      </TestCategory>
      <Execution id="9abd6d76-bb23-4921-ad5d-ce21803592a3" />
      <TestMethod codeBase="D:\actions-runner\_work\XPCO\XPCO\AllSolutions\..\SC\Components\RemoteViewer\SmartClient\tst\zSmartClient_UnitTest\bin\x64\Debug\net6.0-windows\zSmartClient_UnitTest.dll" adapterTypeName="executor://mstestadapter/v2" className="SmartClient_UnitTest.VideoOS.RemoteClient.GisMapData.Common.Indexer.IndexUtilTests" name="GisPointToIndexGridPosition_00_ReturnsPowerScaleMinusOne" />
    </UnitTest>
    <UnitTest name="GetSnapshots_PathTooLong_Failure" storage="d:\actions-runner\_work\xpco\xpco\allsolutions\..\sc\components\remoteviewer\smartclient\tst\zsmartclient_unittest\bin\x64\debug\net6.0-windows\zsmartclient_unittest.dll" id="483cfce3-3ff7-5b57-4c23-5d8fbcaf1d0a">
      <TestCategory>
        <TestCategoryItem TestCategory="Search" />
      </TestCategory>
      <Execution id="55ec8100-e0a0-4ef3-a836-a67501333d11" />
      <TestMethod codeBase="D:\actions-runner\_work\XPCO\XPCO\AllSolutions\..\SC\Components\RemoteViewer\SmartClient\tst\zSmartClient_UnitTest\bin\x64\Debug\net6.0-windows\zSmartClient_UnitTest.dll" adapterTypeName="executor://mstestadapter/v2" className="SmartClient_UnitTest.VideoOS.RemoteClient.Plugin.CentralizedSearch.ViewModels.Data.SnapshotHandlerTests" name="GetSnapshots_PathTooLong_Failure" />
    </UnitTest>
    <UnitTest name="Convert_OneCamerasSelectionAndZeroSearchDefinitions_Visible" storage="d:\actions-runner\_work\xpco\xpco\allsolutions\..\sc\components\remoteviewer\smartclient\tst\zsmartclient_unittest\bin\x64\debug\net6.0-windows\zsmartclient_unittest.dll" id="47672882-b255-5356-2127-17a9bbfd997e">
      <TestCategory>
        <TestCategoryItem TestCategory="SearchConverter" />
      </TestCategory>
      <Execution id="c88e7102-921d-4f2a-84ed-9d2f5e27b163" />
      <TestMethod codeBase="D:\actions-runner\_work\XPCO\XPCO\AllSolutions\..\SC\Components\RemoteViewer\SmartClient\tst\zSmartClient_UnitTest\bin\x64\Debug\net6.0-windows\zSmartClient_UnitTest.dll" adapterTypeName="executor://mstestadapter/v2" className="SmartClient_UnitTest.VideoOS.RemoteClient.Plugin.CentralizedSearch.Views.Converters.NoCriteriaSelectedGridVisibilityConverterTests" name="Convert_OneCamerasSelectionAndZeroSearchDefinitions_Visible" />
    </UnitTest>
    <UnitTest name="Path enabled, forced" storage="d:\actions-runner\_work\xpco\xpco\allsolutions\..\sc\components\remoteviewer\smartclient\tst\zsmartclient_unittest\bin\x64\debug\net6.0-windows\zsmartclient_unittest.dll" id="8402d0b2-2627-8799-bef9-7a7055750766">
      <TestCategory>
        <TestCategoryItem TestCategory="Export" />
      </TestCategory>
      <Execution id="3b451c6f-1ce1-42ca-8814-6e6bf4f8b85b" />
      <TestMethod codeBase="D:\actions-runner\_work\XPCO\XPCO\AllSolutions\..\SC\Components\RemoteViewer\SmartClient\tst\zSmartClient_UnitTest\bin\x64\Debug\net6.0-windows\zSmartClient_UnitTest.dll" adapterTypeName="executor://mstestadapter/v2" className="SmartClient_UnitTest.VideoOS.RemoteClient.Plugin.Export.CreateExportDialogViewModelTests" name="CreateExportDialog_ExportDestinationSelectionEnabled_BasedOnOptions" />
    </UnitTest>
    <UnitTest name="Map_Layers_AddDirectly_Fail" storage="d:\actions-runner\_work\xpco\xpco\allsolutions\..\sc\components\remoteviewer\smartclient\tst\zsmartclient_unittest\bin\x64\debug\net6.0-windows\zsmartclient_unittest.dll" id="eeed665d-fc4a-36d4-2080-835d14f41e2a">
      <TestCategory>
        <TestCategoryItem TestCategory="GisMapLayers" />
      </TestCategory>
      <Execution id="06bdfe45-c444-4389-bbf7-eefd3b7d2b07" />
      <TestMethod codeBase="D:\actions-runner\_work\XPCO\XPCO\AllSolutions\..\SC\Components\RemoteViewer\SmartClient\tst\zSmartClient_UnitTest\bin\x64\Debug\net6.0-windows\zSmartClient_UnitTest.dll" adapterTypeName="executor://mstestadapter/v2" className="SmartClient_UnitTest.VideoOS.RemoteClient.GisMapData.GisMapLayerTests" name="Map_Layers_AddDirectly_Fail" />
    </UnitTest>
    <UnitTest name="DateToStringConverter_ConvertBack_Fail" storage="d:\actions-runner\_work\xpco\xpco\allsolutions\..\sc\components\remoteviewer\smartclient\tst\zsmartclient_unittest\bin\x64\debug\net6.0-windows\zsmartclient_unittest.dll" id="af9e36c7-6a97-f2e2-549f-4bcadfe1d626">
      <TestCategory>
        <TestCategoryItem TestCategory="SearchConverter" />
      </TestCategory>
      <Execution id="9946243a-bbab-48fd-aca5-047364048506" />
      <TestMethod codeBase="D:\actions-runner\_work\XPCO\XPCO\AllSolutions\..\SC\Components\RemoteViewer\SmartClient\tst\zSmartClient_UnitTest\bin\x64\Debug\net6.0-windows\zSmartClient_UnitTest.dll" adapterTypeName="executor://mstestadapter/v2" className="SmartClient_UnitTest.VideoOS.RemoteClient.Plugin.CentralizedSearch.Views.Converters.DateToStringConverterTests" name="DateToStringConverter_ConvertBack_Fail" />
    </UnitTest>
    <UnitTest name="ActiveInteractionStateBinding_ShouldNotBeNull_WhenCtorIsCalled" storage="d:\actions-runner\_work\xpco\xpco\allsolutions\..\sc\components\remoteviewer\smartclient\tst\zsmartclient_unittest\bin\x64\debug\net6.0-windows\zsmartclient_unittest.dll" id="41b6c041-6264-4714-8517-a042a107be15">
      <TestCategory>
        <TestCategoryItem TestCategory="GisMap.ClusterMipItemMarker" />
      </TestCategory>
      <Execution id="dbea18ff-f6c3-49c4-b8b5-0d2cda014975" />
      <TestMethod codeBase="D:\actions-runner\_work\XPCO\XPCO\AllSolutions\..\SC\Components\RemoteViewer\SmartClient\tst\zSmartClient_UnitTest\bin\x64\Debug\net6.0-windows\zSmartClient_UnitTest.dll" adapterTypeName="executor://mstestadapter/v2" className="SmartClient_UnitTest.VideoOS.RemoteClient.Plugin.GisMap.ThinkGeoMap.Markers.ClusterMipItemMarker.ClusterMipItemMarkerTests" name="ActiveInteractionStateBinding_ShouldNotBeNull_WhenCtorIsCalled" />
    </UnitTest>
    <UnitTest name="UpdateSearchAttributes_NoAttributes_NoChange" storage="d:\actions-runner\_work\xpco\xpco\allsolutions\..\sc\components\remoteviewer\smartclient\tst\zsmartclient_unittest\bin\x64\debug\net6.0-windows\zsmartclient_unittest.dll" id="1a4e885e-6ffc-c617-8987-ed7778452758">
      <TestCategory>
        <TestCategoryItem TestCategory="Search" />
      </TestCategory>
      <Execution id="c6f40f44-9dc6-40c4-ac48-a0a3cad759a1" />
      <TestMethod codeBase="D:\actions-runner\_work\XPCO\XPCO\AllSolutions\..\SC\Components\RemoteViewer\SmartClient\tst\zSmartClient_UnitTest\bin\x64\Debug\net6.0-windows\zSmartClient_UnitTest.dll" adapterTypeName="executor://mstestadapter/v2" className="SmartClient_UnitTest.VideoOS.RemoteClient.Plugin.CentralizedSearch.ViewModels.SearchDefinitionViewModelTests" name="UpdateSearchAttributes_NoAttributes_NoChange" />
    </UnitTest>
    <UnitTest name="ResolveSearchDefinitions_ShouldReturnResultSearchDefinition_WhenCombinedSearchResultWithSingleSubResultAndEmptySearchDefinitionsAreGiven" storage="d:\actions-runner\_work\xpco\xpco\allsolutions\..\sc\components\remoteviewer\smartclient\tst\zsmartclient_unittest\bin\x64\debug\net6.0-windows\zsmartclient_unittest.dll" id="d4a56e7d-608d-82d0-94be-2ee3ccb3dc5e">
      <TestCategory>
        <TestCategoryItem TestCategory="Search" />
      </TestCategory>
      <Execution id="f5a99035-848f-4570-b3ae-18c5a52a0957" />
      <TestMethod codeBase="D:\actions-runner\_work\XPCO\XPCO\AllSolutions\..\SC\Components\RemoteViewer\SmartClient\tst\zSmartClient_UnitTest\bin\x64\Debug\net6.0-windows\zSmartClient_UnitTest.dll" adapterTypeName="executor://mstestadapter/v2" className="SmartClient_UnitTest.VideoOS.RemoteClient.Plugin.CentralizedSearch.Utils.SearchResultDataWrapperExtensionsTests" name="ResolveSearchDefinitions_ShouldReturnResultSearchDefinition_WhenCombinedSearchResultWithSingleSubResultAndEmptySearchDefinitionsAreGiven" />
    </UnitTest>
    <UnitTest name="State_ShouldUpdateMicrophoneIconImage_WhenSetToUnMute" storage="d:\actions-runner\_work\xpco\xpco\allsolutions\..\sc\components\remoteviewer\smartclient\tst\zsmartclient_unittest\bin\x64\debug\net6.0-windows\zsmartclient_unittest.dll" id="c91a6029-2d3a-0f60-dab5-db888083c7c3">
      <TestCategory>
        <TestCategoryItem TestCategory="GisMapData.MapItem.Microphones" />
      </TestCategory>
      <Execution id="3505d3f9-af04-4288-b425-7a4ce75a7a70" />
      <TestMethod codeBase="D:\actions-runner\_work\XPCO\XPCO\AllSolutions\..\SC\Components\RemoteViewer\SmartClient\tst\zSmartClient_UnitTest\bin\x64\Debug\net6.0-windows\zSmartClient_UnitTest.dll" adapterTypeName="executor://mstestadapter/v2" className="SmartClient_UnitTest.VideoOS.RemoteClient.GisMapData.MapItem.Microphones.MicrophoneMapItemTests" name="State_ShouldUpdateMicrophoneIconImage_WhenSetToUnMute" />
    </UnitTest>
    <UnitTest name="ChangeSorting_ShouldApplyRelevanceComparerAndNewestEventTimeSortOrder_WhenRelevanceEnumValueIsApplied" storage="d:\actions-runner\_work\xpco\xpco\allsolutions\..\sc\components\remoteviewer\smartclient\tst\zsmartclient_unittest\bin\x64\debug\net6.0-windows\zsmartclient_unittest.dll" id="110c5f83-752f-57c6-1e06-5ba87b7d2a16">
      <TestCategory>
        <TestCategoryItem TestCategory="SearchViewModels" />
      </TestCategory>
      <Execution id="6d27d69a-694d-40b2-acf7-cfba5ebafb91" />
      <TestMethod codeBase="D:\actions-runner\_work\XPCO\XPCO\AllSolutions\..\SC\Components\RemoteViewer\SmartClient\tst\zSmartClient_UnitTest\bin\x64\Debug\net6.0-windows\zSmartClient_UnitTest.dll" adapterTypeName="executor://mstestadapter/v2" className="SmartClient_UnitTest.VideoOS.RemoteClient.Plugin.CentralizedSearch.ViewModels.SearchViewModelTests" name="ChangeSorting_ShouldApplyRelevanceComparerAndNewestEventTimeSortOrder_WhenRelevanceEnumValueIsApplied" />
    </UnitTest>
    <UnitTest name="ToDenormalizedFieldOfView_1_0" storage="d:\actions-runner\_work\xpco\xpco\allsolutions\..\sc\components\remoteviewer\smartclient\tst\zsmartclient_unittest\bin\x64\debug\net6.0-windows\zsmartclient_unittest.dll" id="a1232aab-9143-95b0-ed05-58af3d018f0d">
      <TestCategory>
        <TestCategoryItem TestCategory="GisMap" />
      </TestCategory>
      <Execution id="e427e746-a532-4336-be28-38502aef609f" />
      <TestMethod codeBase="D:\actions-runner\_work\XPCO\XPCO\AllSolutions\..\SC\Components\RemoteViewer\SmartClient\tst\zSmartClient_UnitTest\bin\x64\Debug\net6.0-windows\zSmartClient_UnitTest.dll" adapterTypeName="executor://mstestadapter/v2" className="SmartClient_UnitTest.VideoOS.RemoteClient.GisMap.Utilities.GisUtilityTests" name="ToDenormalizedFieldOfView_1_0" />
    </UnitTest>
    <UnitTest name="ComparingSameInstance" storage="d:\actions-runner\_work\xpco\xpco\allsolutions\..\sc\components\remoteviewer\smartclient\tst\zsmartclient_unittest\bin\x64\debug\net6.0-windows\zsmartclient_unittest.dll" id="a6f9c41f-5ed0-c96c-bb7f-fb5d30d812a5">
      <Execution id="487608ed-b545-45f0-a128-7bbecc01efbd" />
      <TestMethod codeBase="D:\actions-runner\_work\XPCO\XPCO\AllSolutions\..\SC\Components\RemoteViewer\SmartClient\tst\zSmartClient_UnitTest\bin\x64\Debug\net6.0-windows\zSmartClient_UnitTest.dll" adapterTypeName="executor://mstestadapter/v2" className="SmartClient_UnitTest.VideoOS.RemoteClient.Application.UI.Common.ViewTree.SortingTests" name="ComparingSameInstance" />
    </UnitTest>
    <UnitTest name="Constructor_ShouldThrowException_WhenFunctorCollectionIsNull" storage="d:\actions-runner\_work\xpco\xpco\allsolutions\..\sc\components\remoteviewer\smartclient\tst\zsmartclient_unittest\bin\x64\debug\net6.0-windows\zsmartclient_unittest.dll" id="97333588-528f-b816-eec2-32c062436864">
      <TestCategory>
        <TestCategoryItem TestCategory="ReportingContentType" />
      </TestCategory>
      <Execution id="68fffb4e-73c7-4cb1-8560-fd7074831f2e" />
      <TestMethod codeBase="D:\actions-runner\_work\XPCO\XPCO\AllSolutions\..\SC\Components\RemoteViewer\SmartClient\tst\zSmartClient_UnitTest\bin\x64\Debug\net6.0-windows\zSmartClient_UnitTest.dll" adapterTypeName="executor://mstestadapter/v2" className="SmartClient_UnitTest.VideoOS.RemoteClient.Application.Data.ContentTypes.ReportingContentType.ReportViewerViewModelTest" name="Constructor_ShouldThrowException_WhenFunctorCollectionIsNull" />
    </UnitTest>
    <UnitTest name="LeftButtonDown_DoubleClick_ZoomsIn" storage="d:\actions-runner\_work\xpco\xpco\allsolutions\..\sc\components\remoteviewer\smartclient\tst\zsmartclient_unittest\bin\x64\debug\net6.0-windows\zsmartclient_unittest.dll" id="504360c9-285d-3030-32b3-a9a95cfffe51">
      <TestCategory>
        <TestCategoryItem TestCategory="GisMap.MapControl" />
      </TestCategory>
      <Execution id="a5b0a4cb-02c9-45df-a2fa-9f5523fbee73" />
      <TestMethod codeBase="D:\actions-runner\_work\XPCO\XPCO\AllSolutions\..\SC\Components\RemoteViewer\SmartClient\tst\zSmartClient_UnitTest\bin\x64\Debug\net6.0-windows\zSmartClient_UnitTest.dll" adapterTypeName="executor://mstestadapter/v2" className="SmartClient_UnitTest.VideoOS.RemoteClient.Plugin.GisMap.ThinkGeoMap.ThinkGeoMapControlTests" name="LeftButtonDown_DoubleClick_ZoomsIn" />
    </UnitTest>
    <UnitTest name="AttributeValueGet_NullValue_Success" storage="d:\actions-runner\_work\xpco\xpco\allsolutions\..\sc\components\remoteviewer\smartclient\tst\zsmartclient_unittest\bin\x64\debug\net6.0-windows\zsmartclient_unittest.dll" id="17fe6ff4-b5d4-9e8c-2ff8-d274a9cc9666">
      <TestCategory>
        <TestCategoryItem TestCategory="Search" />
      </TestCategory>
      <Execution id="28f8d421-2a81-4ac9-86db-0a639c39d0af" />
      <TestMethod codeBase="D:\actions-runner\_work\XPCO\XPCO\AllSolutions\..\SC\Components\RemoteViewer\SmartClient\tst\zSmartClient_UnitTest\bin\x64\Debug\net6.0-windows\zSmartClient_UnitTest.dll" adapterTypeName="executor://mstestadapter/v2" className="SmartClient_UnitTest.VideoOS.RemoteClient.Plugin.CentralizedSearch.MIPPlugin.Criteria.TextBoxAttributeEditControlTest" name="AttributeValueGet_NullValue_Success" />
    </UnitTest>
    <UnitTest name="ValidateExportFormats_ShouldReturnFailResult_ExportFormatRequired" storage="d:\actions-runner\_work\xpco\xpco\allsolutions\..\sc\components\remoteviewer\smartclient\tst\zsmartclient_unittest\bin\x64\debug\net6.0-windows\zsmartclient_unittest.dll" id="4e7c1dac-cca0-02a1-db28-32ba9bd6a0cf">
      <TestCategory>
        <TestCategoryItem TestCategory="Export" />
      </TestCategory>
      <Execution id="af4994de-52c8-46f8-8c2c-317feba3ed7e" />
      <TestMethod codeBase="D:\actions-runner\_work\XPCO\XPCO\AllSolutions\..\SC\Components\RemoteViewer\SmartClient\tst\zSmartClient_UnitTest\bin\x64\Debug\net6.0-windows\zSmartClient_UnitTest.dll" adapterTypeName="executor://mstestadapter/v2" className="SmartClient_UnitTest.VideoOS.RemoteClient.Plugin.Export.ExportDataValidatorTests" name="ValidateExportFormats_ShouldReturnFailResult_ExportFormatRequired" />
    </UnitTest>
    <UnitTest name="OnLoaded_ValidUserControl_Success" storage="d:\actions-runner\_work\xpco\xpco\allsolutions\..\sc\components\remoteviewer\smartclient\tst\zsmartclient_unittest\bin\x64\debug\net6.0-windows\zsmartclient_unittest.dll" id="673f3e73-dfeb-8ed6-a405-443eef7a608a">
      <TestCategory>
        <TestCategoryItem TestCategory="Search" />
      </TestCategory>
      <Execution id="84feca2d-29ed-46df-88a3-fd179581e801" />
      <TestMethod codeBase="D:\actions-runner\_work\XPCO\XPCO\AllSolutions\..\SC\Components\RemoteViewer\SmartClient\tst\zSmartClient_UnitTest\bin\x64\Debug\net6.0-windows\zSmartClient_UnitTest.dll" adapterTypeName="executor://mstestadapter/v2" className="SmartClient_UnitTest.VideoOS.RemoteClient.Plugin.CentralizedSearch.Views.SearchResultContainerViewTests" name="OnLoaded_ValidUserControl_Success" />
    </UnitTest>
    <UnitTest name="ProvideValue_ReturnsThis" storage="d:\actions-runner\_work\xpco\xpco\allsolutions\..\sc\components\remoteviewer\smartclient\tst\zsmartclient_unittest\bin\x64\debug\net6.0-windows\zsmartclient_unittest.dll" id="b162402f-2c1b-0582-f67d-d6b489572737">
      <TestCategory>
        <TestCategoryItem TestCategory="SearchConverter" />
      </TestCategory>
      <Execution id="3d6cf2f5-f28e-47b5-a4c7-d90b82388265" />
      <TestMethod codeBase="D:\actions-runner\_work\XPCO\XPCO\AllSolutions\..\SC\Components\RemoteViewer\SmartClient\tst\zSmartClient_UnitTest\bin\x64\Debug\net6.0-windows\zSmartClient_UnitTest.dll" adapterTypeName="executor://mstestadapter/v2" className="SmartClient_UnitTest.VideoOS.RemoteClient.Plugin.CentralizedSearch.Views.Converters.NoCriteriaSelectedGridVisibilityConverterTests" name="ProvideValue_ReturnsThis" />
    </UnitTest>
    <UnitTest name="GetSnapshots_NoPlaybackRight_Failure" storage="d:\actions-runner\_work\xpco\xpco\allsolutions\..\sc\components\remoteviewer\smartclient\tst\zsmartclient_unittest\bin\x64\debug\net6.0-windows\zsmartclient_unittest.dll" id="0235937d-7835-1be7-a6de-aa25a4b10aac">
      <TestCategory>
        <TestCategoryItem TestCategory="Search" />
      </TestCategory>
      <Execution id="8d4f5935-0bd0-47ce-bf5d-ecadcae28980" />
      <TestMethod codeBase="D:\actions-runner\_work\XPCO\XPCO\AllSolutions\..\SC\Components\RemoteViewer\SmartClient\tst\zSmartClient_UnitTest\bin\x64\Debug\net6.0-windows\zSmartClient_UnitTest.dll" adapterTypeName="executor://mstestadapter/v2" className="SmartClient_UnitTest.VideoOS.RemoteClient.Plugin.CentralizedSearch.ViewModels.Data.SnapshotHandlerTests" name="GetSnapshots_NoPlaybackRight_Failure" />
    </UnitTest>
    <UnitTest name="SetMapItemCluster_ShouldSetIcon_WhenNotSuperClusterAndNotCamera" storage="d:\actions-runner\_work\xpco\xpco\allsolutions\..\sc\components\remoteviewer\smartclient\tst\zsmartclient_unittest\bin\x64\debug\net6.0-windows\zsmartclient_unittest.dll" id="9aeccaa7-2271-ee00-99ac-96f3fa1164be">
      <TestCategory>
        <TestCategoryItem TestCategory="GisMap.ClusterMarkerTests" />
      </TestCategory>
      <Execution id="777ca1af-1431-43dd-a6cd-a79a8cf03a83" />
      <TestMethod codeBase="D:\actions-runner\_work\XPCO\XPCO\AllSolutions\..\SC\Components\RemoteViewer\SmartClient\tst\zSmartClient_UnitTest\bin\x64\Debug\net6.0-windows\zSmartClient_UnitTest.dll" adapterTypeName="executor://mstestadapter/v2" className="SmartClient_UnitTest.VideoOS.RemoteClient.Plugin.GisMap.ThinkGeoMap.Markers.DeviceMarkers.ClusterMarker.ClusterMarkerTests" name="SetMapItemCluster_ShouldSetIcon_WhenNotSuperClusterAndNotCamera" />
    </UnitTest>
    <UnitTest name="PtzPresetsMenuViewModel_PtzReservedByOtherUserTest" storage="d:\actions-runner\_work\xpco\xpco\allsolutions\..\sc\components\remoteviewer\smartclient\tst\zsmartclient_unittest\bin\x64\debug\net6.0-windows\zsmartclient_unittest.dll" id="c80f6705-aed7-e74b-8edd-9b2f7c5971b3">
      <Execution id="f130006b-b879-4048-ac6f-0473d574735c" />
      <TestMethod codeBase="D:\actions-runner\_work\XPCO\XPCO\AllSolutions\..\SC\Components\RemoteViewer\SmartClient\tst\zSmartClient_UnitTest\bin\x64\Debug\net6.0-windows\zSmartClient_UnitTest.dll" adapterTypeName="executor://mstestadapter/v2" className="SmartClient_UnitTest.VideoOS.RemoteClient.Application.Data.ContentTypes.CameraContentType.PtzPresetsMenuViewModelTest" name="PtzPresetsMenuViewModel_PtzReservedByOtherUserTest" />
    </UnitTest>
    <UnitTest name="CompareMilestonePinkTest" storage="d:\actions-runner\_work\xpco\xpco\allsolutions\..\sc\components\remoteviewer\smartclient\tst\zsmartclient_unittest\bin\x64\debug\net6.0-windows\zsmartclient_unittest.dll" id="b89a6798-9691-5fa5-5f0c-53d6c5a0e9aa">
      <Execution id="2934bd3e-aeb7-4cc0-8c8d-ce499194cb4a" />
      <TestMethod codeBase="D:\actions-runner\_work\XPCO\XPCO\AllSolutions\..\SC\Components\RemoteViewer\SmartClient\tst\zSmartClient_UnitTest\bin\x64\Debug\net6.0-windows\zSmartClient_UnitTest.dll" adapterTypeName="executor://mstestadapter/v2" className="SmartClient_UnitTest.VideoOS.RemoteClient.Application.Controllers.OemResourceControllerTest" name="CompareMilestonePinkTest" />
    </UnitTest>
    <UnitTest name="IsOutputDisabled_ShouldBeFalse_WhenOutputIsEnabled" storage="d:\actions-runner\_work\xpco\xpco\allsolutions\..\sc\components\remoteviewer\smartclient\tst\zsmartclient_unittest\bin\x64\debug\net6.0-windows\zsmartclient_unittest.dll" id="02e91707-aab1-0a11-fa7b-f648cd0fd36e">
      <TestCategory>
        <TestCategoryItem TestCategory="GisMapData.MapLayers" />
      </TestCategory>
      <Execution id="68130e85-cc61-468b-a930-bda00d146314" />
      <TestMethod codeBase="D:\actions-runner\_work\XPCO\XPCO\AllSolutions\..\SC\Components\RemoteViewer\SmartClient\tst\zSmartClient_UnitTest\bin\x64\Debug\net6.0-windows\zSmartClient_UnitTest.dll" adapterTypeName="executor://mstestadapter/v2" className="SmartClient_UnitTest.VideoOS.RemoteClient.GisMapData.MapLayers.OutputItemsMapLayerTests" name="IsOutputDisabled_ShouldBeFalse_WhenOutputIsEnabled" />
    </UnitTest>
    <UnitTest name="IsMicrophoneMuted_ShouldBeTrue_WhenMicrophoneIsMuted" storage="d:\actions-runner\_work\xpco\xpco\allsolutions\..\sc\components\remoteviewer\smartclient\tst\zsmartclient_unittest\bin\x64\debug\net6.0-windows\zsmartclient_unittest.dll" id="0cc7d5be-9117-6a7b-5cf3-0699f110c80e">
      <TestCategory>
        <TestCategoryItem TestCategory="GisMapData.MapLayers" />
      </TestCategory>
      <Execution id="76c15ca9-0fdf-426e-80d0-ac0d94bdc166" />
      <TestMethod codeBase="D:\actions-runner\_work\XPCO\XPCO\AllSolutions\..\SC\Components\RemoteViewer\SmartClient\tst\zSmartClient_UnitTest\bin\x64\Debug\net6.0-windows\zSmartClient_UnitTest.dll" adapterTypeName="executor://mstestadapter/v2" className="SmartClient_UnitTest.VideoOS.RemoteClient.GisMapData.MapLayers.MicrophoneItemsMapLayerTests" name="IsMicrophoneMuted_ShouldBeTrue_WhenMicrophoneIsMuted" />
    </UnitTest>
    <UnitTest name="PatrollingProfileListViewModel_SelectedPatrollingProfileViewModel_Selected_PatrollingStep" storage="d:\actions-runner\_work\xpco\xpco\allsolutions\..\sc\components\remoteviewer\smartclient\tst\zsmartclient_unittest\bin\x64\debug\net6.0-windows\zsmartclient_unittest.dll" id="2521704e-7859-65c2-160f-02af43e2aa44">
      <Execution id="47150fca-3bf0-49f7-b105-a59dead11211" />
      <TestMethod codeBase="D:\actions-runner\_work\XPCO\XPCO\AllSolutions\..\SC\Components\RemoteViewer\SmartClient\tst\zSmartClient_UnitTest\bin\x64\Debug\net6.0-windows\zSmartClient_UnitTest.dll" adapterTypeName="executor://mstestadapter/v2" className="SmartClient_UnitTest.VideoOS.RemoteClient.Application.UI.PtzPreset.PatrollingViewModel.PatrollingProfileListViewModelTest" name="PatrollingProfileListViewModel_SelectedPatrollingProfileViewModel_Selected_PatrollingStep" />
    </UnitTest>
    <UnitTest name="Result_Expands_Correctly" storage="d:\actions-runner\_work\xpco\xpco\allsolutions\..\sc\components\remoteviewer\smartclient\tst\zsmartclient_unittest\bin\x64\debug\net6.0-windows\zsmartclient_unittest.dll" id="8717c557-1272-1ca3-c2f1-71d1819ddb50">
      <Execution id="ab23e32d-f739-4e4f-8009-47b98f43b4be" />
      <TestMethod codeBase="D:\actions-runner\_work\XPCO\XPCO\AllSolutions\..\SC\Components\RemoteViewer\SmartClient\tst\zSmartClient_UnitTest\bin\x64\Debug\net6.0-windows\zSmartClient_UnitTest.dll" adapterTypeName="executor://mstestadapter/v2" className="SmartClient_UnitTest.VideoOS.RemoteClient.Application.Components.Search.SearchManagerTest" name="Result_Expands_Correctly" />
    </UnitTest>
    <UnitTest name="FindSearchTemplatesAsync_Fails_Success" storage="d:\actions-runner\_work\xpco\xpco\allsolutions\..\sc\components\remoteviewer\smartclient\tst\zsmartclient_unittest\bin\x64\debug\net6.0-windows\zsmartclient_unittest.dll" id="d697ec40-0cdc-2a97-6199-7cace147591a">
      <TestCategory>
        <TestCategoryItem TestCategory="SearchTemplates" />
      </TestCategory>
      <Execution id="6429ad97-0cde-48a1-ab57-7cc17de6d554" />
      <TestMethod codeBase="D:\actions-runner\_work\XPCO\XPCO\AllSolutions\..\SC\Components\RemoteViewer\SmartClient\tst\zSmartClient_UnitTest\bin\x64\Debug\net6.0-windows\zSmartClient_UnitTest.dll" adapterTypeName="executor://mstestadapter/v2" className="SmartClient_UnitTest.VideoOS.RemoteClient.Plugin.CentralizedSearch.SearchTemplates.SearchTemplateManagerTests" name="FindSearchTemplatesAsync_Fails_Success" />
    </UnitTest>
    <UnitTest name="PtzSessionControllerInfo_TimeChangedTest_Argument_Null_1" storage="d:\actions-runner\_work\xpco\xpco\allsolutions\..\sc\components\remoteviewer\smartclient\tst\zsmartclient_unittest\bin\x64\debug\net6.0-windows\zsmartclient_unittest.dll" id="aa81343a-5273-d050-4734-4d568d0cd256">
      <Execution id="a74147e7-a323-4329-8ce5-9539e892b01a" />
      <TestMethod codeBase="D:\actions-runner\_work\XPCO\XPCO\AllSolutions\..\SC\Components\RemoteViewer\SmartClient\tst\zSmartClient_UnitTest\bin\x64\Debug\net6.0-windows\zSmartClient_UnitTest.dll" adapterTypeName="executor://mstestadapter/v2" className="VideoOS.RemoteClient.Application.Controllers.UnitTest.PtzSessionControllerTest" name="PtzSessionControllerInfo_TimeChangedTest_Argument_Null_1" />
    </UnitTest>
    <UnitTest name="Ctor_NullMessage_ThrowsException" storage="d:\actions-runner\_work\xpco\xpco\allsolutions\..\sc\components\remoteviewer\smartclient\tst\zsmartclient_unittest\bin\x64\debug\net6.0-windows\zsmartclient_unittest.dll" id="29c77f9c-4048-1470-9159-cedbe420b5fd">
      <Execution id="0d3dbefb-f68a-4814-b809-a928bd7757dd" />
      <TestMethod codeBase="D:\actions-runner\_work\XPCO\XPCO\AllSolutions\..\SC\Components\RemoteViewer\SmartClient\tst\zSmartClient_UnitTest\bin\x64\Debug\net6.0-windows\zSmartClient_UnitTest.dll" adapterTypeName="executor://mstestadapter/v2" className="SmartClient_UnitTest.VideoOS.RemoteClient.Application.UI.Common.MessageBoxWithList.MessageBoxWithListViewModelTests" name="Ctor_NullMessage_ThrowsException" />
    </UnitTest>
    <UnitTest name="PatrollingProfileListViewModel_SelectedPatrollingProfileViewModel_No_Selected_PatrollingStep" storage="d:\actions-runner\_work\xpco\xpco\allsolutions\..\sc\components\remoteviewer\smartclient\tst\zsmartclient_unittest\bin\x64\debug\net6.0-windows\zsmartclient_unittest.dll" id="27438fb6-5317-1252-e840-ea85e2375f48">
      <Execution id="50f9ed59-3159-454f-a42b-7e54ba8e812b" />
      <TestMethod codeBase="D:\actions-runner\_work\XPCO\XPCO\AllSolutions\..\SC\Components\RemoteViewer\SmartClient\tst\zSmartClient_UnitTest\bin\x64\Debug\net6.0-windows\zSmartClient_UnitTest.dll" adapterTypeName="executor://mstestadapter/v2" className="SmartClient_UnitTest.VideoOS.RemoteClient.Application.UI.PtzPreset.PatrollingViewModel.PatrollingProfileListViewModelTest" name="PatrollingProfileListViewModel_SelectedPatrollingProfileViewModel_No_Selected_PatrollingStep" />
    </UnitTest>
    <UnitTest name="OnUnloaded_ResultControl_ResultControlClosed" storage="d:\actions-runner\_work\xpco\xpco\allsolutions\..\sc\components\remoteviewer\smartclient\tst\zsmartclient_unittest\bin\x64\debug\net6.0-windows\zsmartclient_unittest.dll" id="0eacc291-f328-de4d-1a1f-8a8b3e1cccd7">
      <TestCategory>
        <TestCategoryItem TestCategory="Search" />
      </TestCategory>
      <Execution id="4cc1cdef-6738-48dc-b9c3-80719d48825f" />
      <TestMethod codeBase="D:\actions-runner\_work\XPCO\XPCO\AllSolutions\..\SC\Components\RemoteViewer\SmartClient\tst\zSmartClient_UnitTest\bin\x64\Debug\net6.0-windows\zSmartClient_UnitTest.dll" adapterTypeName="executor://mstestadapter/v2" className="SmartClient_UnitTest.VideoOS.RemoteClient.Plugin.CentralizedSearch.Views.SearchResultContainerViewTests" name="OnUnloaded_ResultControl_ResultControlClosed" />
    </UnitTest>
    <UnitTest name="Decorate_ShouldRaiseArgumentNullException_WhenLayerVisibilityItemDataIsNull" storage="d:\actions-runner\_work\xpco\xpco\allsolutions\..\sc\components\remoteviewer\smartclient\tst\zsmartclient_unittest\bin\x64\debug\net6.0-windows\zsmartclient_unittest.dll" id="a2522359-b2a2-5229-47e0-a441d8ac2c1e">
      <TestCategory>
        <TestCategoryItem TestCategory="GisMap.LayerVisibilityItemDataChildrenViewZoneDecoratorTests" />
      </TestCategory>
      <Execution id="e5c4b368-8bb8-4df9-a645-baa48fb757e0" />
      <TestMethod codeBase="D:\actions-runner\_work\XPCO\XPCO\AllSolutions\..\SC\Components\RemoteViewer\SmartClient\tst\zSmartClient_UnitTest\bin\x64\Debug\net6.0-windows\zSmartClient_UnitTest.dll" adapterTypeName="executor://mstestadapter/v2" className="SmartClient_UnitTest.VideoOS.RemoteClient.Plugin.GisMap.ViewModels.LayersVisibility.Decorators.LayerVisibilityItemDataChildrenViewZoneDecoratorTests" name="Decorate_ShouldRaiseArgumentNullException_WhenLayerVisibilityItemDataIsNull" />
    </UnitTest>
    <UnitTest name="GetDeviceData_ShouldReturnDeviceData_WhenMicrophoneKindAndExistingMicrophoneId" storage="d:\actions-runner\_work\xpco\xpco\allsolutions\..\sc\components\remoteviewer\smartclient\tst\zsmartclient_unittest\bin\x64\debug\net6.0-windows\zsmartclient_unittest.dll" id="93ef99d9-ca73-69ac-4d15-4561a881ee1d">
      <TestCategory>
        <TestCategoryItem TestCategory="GisMap.Controllers.Devices.MapItems" />
      </TestCategory>
      <Execution id="3e2563b0-56d1-4fbc-880b-d6f33587ccc0" />
      <TestMethod codeBase="D:\actions-runner\_work\XPCO\XPCO\AllSolutions\..\SC\Components\RemoteViewer\SmartClient\tst\zSmartClient_UnitTest\bin\x64\Debug\net6.0-windows\zSmartClient_UnitTest.dll" adapterTypeName="executor://mstestadapter/v2" className="SmartClient_UnitTest.VideoOS.RemoteClient.Plugin.GisMap.Controllers.Devices.MapItems.DeviceDataControllerTests" name="GetDeviceData_ShouldReturnDeviceData_WhenMicrophoneKindAndExistingMicrophoneId" />
    </UnitTest>
    <UnitTest name="Convert_ShouldReturnTrue_WhenParameterArrayContainsValue" storage="d:\actions-runner\_work\xpco\xpco\allsolutions\..\sc\components\remoteviewer\smartclient\tst\zsmartclient_unittest\bin\x64\debug\net6.0-windows\zsmartclient_unittest.dll" id="847f64c7-3f64-8d01-6913-77b9ebb56919">
      <TestCategory>
        <TestCategoryItem TestCategory="GisMap.InteractionStateConverter" />
      </TestCategory>
      <Execution id="648ce97f-b9e6-4f6e-983d-8e197979b74b" />
      <TestMethod codeBase="D:\actions-runner\_work\XPCO\XPCO\AllSolutions\..\SC\Components\RemoteViewer\SmartClient\tst\zSmartClient_UnitTest\bin\x64\Debug\net6.0-windows\zSmartClient_UnitTest.dll" adapterTypeName="executor://mstestadapter/v2" className="SmartClient_UnitTest.VideoOS.RemoteClient.Plugin.GisMap.View.InteractionStateConverterTests" name="Convert_ShouldReturnTrue_WhenParameterArrayContainsValue" />
    </UnitTest>
    <UnitTest name="AndOrSearchDefinitionToCornerRadiusMultiConverter_CallConvert_LastAnd" storage="d:\actions-runner\_work\xpco\xpco\allsolutions\..\sc\components\remoteviewer\smartclient\tst\zsmartclient_unittest\bin\x64\debug\net6.0-windows\zsmartclient_unittest.dll" id="d87bb820-5df8-b7cb-0dc2-a51e231db935">
      <TestCategory>
        <TestCategoryItem TestCategory="SearchConverter" />
      </TestCategory>
      <Execution id="1ca53f55-18b7-4a50-b507-e05c14d5ddd3" />
      <TestMethod codeBase="D:\actions-runner\_work\XPCO\XPCO\AllSolutions\..\SC\Components\RemoteViewer\SmartClient\tst\zSmartClient_UnitTest\bin\x64\Debug\net6.0-windows\zSmartClient_UnitTest.dll" adapterTypeName="executor://mstestadapter/v2" className="SmartClient_UnitTest.VideoOS.RemoteClient.Plugin.CentralizedSearch.Views.Converters.AndOrSearchDefinitionMultiConverterTests" name="AndOrSearchDefinitionToCornerRadiusMultiConverter_CallConvert_LastAnd" />
    </UnitTest>
    <UnitTest name="DeleteLevel1Of12_Success" storage="d:\actions-runner\_work\xpco\xpco\allsolutions\..\sc\components\remoteviewer\smartclient\tst\zsmartclient_unittest\bin\x64\debug\net6.0-windows\zsmartclient_unittest.dll" id="ba253b92-69e3-4e4f-d52c-11bff46fb10e">
      <TestCategory>
        <TestCategoryItem TestCategory="GisMapBuilding" />
      </TestCategory>
      <Execution id="e56fc99a-2d24-41a8-9685-d83f095bde63" />
      <TestMethod codeBase="D:\actions-runner\_work\XPCO\XPCO\AllSolutions\..\SC\Components\RemoteViewer\SmartClient\tst\zSmartClient_UnitTest\bin\x64\Debug\net6.0-windows\zSmartClient_UnitTest.dll" adapterTypeName="executor://mstestadapter/v2" className="SmartClient_UnitTest.VideoOS.RemoteClient.GisMapData.MapBuildings.MapLevelTests" name="DeleteLevel1Of12_Success" />
    </UnitTest>
    <UnitTest name="PopulateTooltip_FewResultsFromManyCameras12Hours_ValidText" storage="d:\actions-runner\_work\xpco\xpco\allsolutions\..\sc\components\remoteviewer\smartclient\tst\zsmartclient_unittest\bin\x64\debug\net6.0-windows\zsmartclient_unittest.dll" id="aad7f35a-646d-e848-06d9-3817cba16168">
      <TestCategory>
        <TestCategoryItem TestCategory="SearchControls" />
      </TestCategory>
      <Execution id="d041406b-2bd2-4186-8905-5130bdde34ea" />
      <TestMethod codeBase="D:\actions-runner\_work\XPCO\XPCO\AllSolutions\..\SC\Components\RemoteViewer\SmartClient\tst\zSmartClient_UnitTest\bin\x64\Debug\net6.0-windows\zSmartClient_UnitTest.dll" adapterTypeName="executor://mstestadapter/v2" className="SmartClient_UnitTest.VideoOS.RemoteClient.Plugin.CentralizedSearch.Views.Controls.TimelineRuler.TimelineRulerControlTests" name="PopulateTooltip_FewResultsFromManyCameras12Hours_ValidText" />
    </UnitTest>
    <UnitTest name="SupportsDoubleClick_ShouldBeFalse_WhenInteractionStateIsNotNormalOrNewDevice" storage="d:\actions-runner\_work\xpco\xpco\allsolutions\..\sc\components\remoteviewer\smartclient\tst\zsmartclient_unittest\bin\x64\debug\net6.0-windows\zsmartclient_unittest.dll" id="e76f4094-8dcd-5aeb-e147-a8a4e7a18b8c">
      <TestCategory>
        <TestCategoryItem TestCategory="GisMap.MicrophoneMarkerTest" />
      </TestCategory>
      <Execution id="668695a4-2fd2-4351-a95d-95bbf3ab75e3" />
      <TestMethod codeBase="D:\actions-runner\_work\XPCO\XPCO\AllSolutions\..\SC\Components\RemoteViewer\SmartClient\tst\zSmartClient_UnitTest\bin\x64\Debug\net6.0-windows\zSmartClient_UnitTest.dll" adapterTypeName="executor://mstestadapter/v2" className="SmartClient_UnitTest.VideoOS.RemoteClient.Plugin.GisMap.ThinkGeoMap.Markers.DeviceMarkers.MicrophoneMarker.MicrophoneMarkerTests" name="SupportsDoubleClick_ShouldBeFalse_WhenInteractionStateIsNotNormalOrNewDevice" />
    </UnitTest>
    <UnitTest name="PerfCnt_ExecuteUnknownCounter_Success" storage="d:\actions-runner\_work\xpco\xpco\allsolutions\..\sc\components\remoteviewer\smartclient\tst\zsmartclient_unittest\bin\x64\debug\net6.0-windows\zsmartclient_unittest.dll" id="102b1376-858e-c079-f8d2-05ad7ca84e2b">
      <Execution id="e5ce09ed-15ea-446b-9de8-74e2b7fbfdcc" />
      <TestMethod codeBase="D:\actions-runner\_work\XPCO\XPCO\AllSolutions\..\SC\Components\RemoteViewer\SmartClient\tst\zSmartClient_UnitTest\bin\x64\Debug\net6.0-windows\zSmartClient_UnitTest.dll" adapterTypeName="executor://mstestadapter/v2" className="SmartClient_UnitTest.VideoOS.RemoteClient.Application.PerformanceCounters.SourcingTests" name="PerfCnt_ExecuteUnknownCounter_Success" />
    </UnitTest>
    <UnitTest name="False" storage="d:\actions-runner\_work\xpco\xpco\allsolutions\..\sc\components\remoteviewer\smartclient\tst\zsmartclient_unittest\bin\x64\debug\net6.0-windows\zsmartclient_unittest.dll" id="8b87f0b1-f144-8df8-ff9c-dd082dee0789">
      <TestCategory>
        <TestCategoryItem TestCategory="WorkspaceToolbar" />
      </TestCategory>
      <Execution id="4e78acb1-d9f4-4eb0-9d4a-2971ef1908f6" />
      <TestMethod codeBase="D:\actions-runner\_work\XPCO\XPCO\AllSolutions\..\SC\Components\RemoteViewer\SmartClient\tst\zSmartClient_UnitTest\bin\x64\Debug\net6.0-windows\zSmartClient_UnitTest.dll" adapterTypeName="executor://mstestadapter/v2" className="SmartClient_UnitTest.VideoOS.RemoteClient.Application.Data.WorkspaceToolbar.WorkspaceToolbarItemMipPluginTests" name="BindingModelEnabled_Matches_PluginInstanceEnabled" />
    </UnitTest>
    <UnitTest name="OnLayersRetrieved_ShouldSetComponentsToInput_WhenLayersCollectionContainsInput" storage="d:\actions-runner\_work\xpco\xpco\allsolutions\..\sc\components\remoteviewer\smartclient\tst\zsmartclient_unittest\bin\x64\debug\net6.0-windows\zsmartclient_unittest.dll" id="a68d8bd1-83c1-7dcf-88ae-373561151afd">
      <TestCategory>
        <TestCategoryItem TestCategory="GisMap.DeviceSelectorWindowViewModel" />
      </TestCategory>
      <Execution id="e61de7fc-9b12-4fcb-b86b-69b40f29430a" />
      <TestMethod codeBase="D:\actions-runner\_work\XPCO\XPCO\AllSolutions\..\SC\Components\RemoteViewer\SmartClient\tst\zSmartClient_UnitTest\bin\x64\Debug\net6.0-windows\zSmartClient_UnitTest.dll" adapterTypeName="executor://mstestadapter/v2" className="SmartClient_UnitTest.VideoOS.RemoteClient.Plugin.GisMap.ViewModels.DeviceSelectorWindowViewModelTests" name="OnLayersRetrieved_ShouldSetComponentsToInput_WhenLayersCollectionContainsInput" />
    </UnitTest>
    <UnitTest name="CameraMapItem_ForceActivateAsync_InBuilding_MapLevelsNotLoaded_Success" storage="d:\actions-runner\_work\xpco\xpco\allsolutions\..\sc\components\remoteviewer\smartclient\tst\zsmartclient_unittest\bin\x64\debug\net6.0-windows\zsmartclient_unittest.dll" id="0b4d5c4e-e489-765d-d3a8-0ce9513428a5">
      <TestCategory>
        <TestCategoryItem TestCategory="GisMapMapItem" />
      </TestCategory>
      <Execution id="c2e47050-264e-4a24-a46e-2c44824b1b02" />
      <TestMethod codeBase="D:\actions-runner\_work\XPCO\XPCO\AllSolutions\..\SC\Components\RemoteViewer\SmartClient\tst\zSmartClient_UnitTest\bin\x64\Debug\net6.0-windows\zSmartClient_UnitTest.dll" adapterTypeName="executor://mstestadapter/v2" className="SmartClient_UnitTest.VideoOS.RemoteClient.GisMap.MapItem.MapItemTests" name="CameraMapItem_ForceActivateAsync_InBuilding_MapLevelsNotLoaded_Success" />
    </UnitTest>
    <UnitTest name="SelectTemplate_UseInlineEditFalse_ReturnsPopupTemplate" storage="d:\actions-runner\_work\xpco\xpco\allsolutions\..\sc\components\remoteviewer\smartclient\tst\zsmartclient_unittest\bin\x64\debug\net6.0-windows\zsmartclient_unittest.dll" id="e1f594ff-5c37-d66b-07f6-82e1c4cb1481">
      <TestCategory>
        <TestCategoryItem TestCategory="SearchViews" />
      </TestCategory>
      <Execution id="e54ee9fd-623b-4adf-94b3-320bfeb74a2d" />
      <TestMethod codeBase="D:\actions-runner\_work\XPCO\XPCO\AllSolutions\..\SC\Components\RemoteViewer\SmartClient\tst\zSmartClient_UnitTest\bin\x64\Debug\net6.0-windows\zSmartClient_UnitTest.dll" adapterTypeName="executor://mstestadapter/v2" className="SmartClient_UnitTest.VideoOS.RemoteClient.Plugin.CentralizedSearch.Views.AttributeEditControlTemplateSelectorTests" name="SelectTemplate_UseInlineEditFalse_ReturnsPopupTemplate" />
    </UnitTest>
    <UnitTest name="Deserialize_ShouldReturnCombineTypeOr_WhenCombineTypeIsInvalidInXml" storage="d:\actions-runner\_work\xpco\xpco\allsolutions\..\sc\components\remoteviewer\smartclient\tst\zsmartclient_unittest\bin\x64\debug\net6.0-windows\zsmartclient_unittest.dll" id="a2769260-4eb7-daf9-b4d2-f155ed354d1b">
      <TestCategory>
        <TestCategoryItem TestCategory="SearchModels" />
      </TestCategory>
      <Execution id="c75df727-7837-484d-9e39-f69fa3b208b3" />
      <TestMethod codeBase="D:\actions-runner\_work\XPCO\XPCO\AllSolutions\..\SC\Components\RemoteViewer\SmartClient\tst\zSmartClient_UnitTest\bin\x64\Debug\net6.0-windows\zSmartClient_UnitTest.dll" adapterTypeName="executor://mstestadapter/v2" className="SmartClient_UnitTest.VideoOS.RemoteClient.Plugin.CentralizedSearch.Models.SearchModelTests" name="Deserialize_ShouldReturnCombineTypeOr_WhenCombineTypeIsInvalidInXml" />
    </UnitTest>
    <UnitTest name="ObjectToEnabledConverter_Convert_Null" storage="d:\actions-runner\_work\xpco\xpco\allsolutions\..\sc\components\remoteviewer\smartclient\tst\zsmartclient_unittest\bin\x64\debug\net6.0-windows\zsmartclient_unittest.dll" id="9f2f58ff-e9c2-3880-dcf4-b319d054c9c6">
      <Execution id="0aa75e4c-c2e3-4b15-9ea5-8c610f5f7cf7" />
      <TestMethod codeBase="D:\actions-runner\_work\XPCO\XPCO\AllSolutions\..\SC\Components\RemoteViewer\SmartClient\tst\zSmartClient_UnitTest\bin\x64\Debug\net6.0-windows\zSmartClient_UnitTest.dll" adapterTypeName="executor://mstestadapter/v2" className="SmartClient_UnitTest.VideoOS.RemoteClient.Application.UI.PtzPreset.PatrollingConverters.ObjectToEnabledConverterTest" name="ObjectToEnabledConverter_Convert_Null" />
    </UnitTest>
    <UnitTest name="AndOrSearchDefinitionToCornerRadiusMultiConverter_CallConvert_WithNullSearchDefinitionWrapper" storage="d:\actions-runner\_work\xpco\xpco\allsolutions\..\sc\components\remoteviewer\smartclient\tst\zsmartclient_unittest\bin\x64\debug\net6.0-windows\zsmartclient_unittest.dll" id="f33717b2-6c8e-2361-6ace-29e4108005a6">
      <TestCategory>
        <TestCategoryItem TestCategory="SearchConverter" />
      </TestCategory>
      <Execution id="a47a4088-f643-466e-a908-f004f0e90353" />
      <TestMethod codeBase="D:\actions-runner\_work\XPCO\XPCO\AllSolutions\..\SC\Components\RemoteViewer\SmartClient\tst\zSmartClient_UnitTest\bin\x64\Debug\net6.0-windows\zSmartClient_UnitTest.dll" adapterTypeName="executor://mstestadapter/v2" className="SmartClient_UnitTest.VideoOS.RemoteClient.Plugin.CentralizedSearch.Views.Converters.AndOrSearchDefinitionMultiConverterTests" name="AndOrSearchDefinitionToCornerRadiusMultiConverter_CallConvert_WithNullSearchDefinitionWrapper" />
    </UnitTest>
    <UnitTest name="GetResultGroups_ShouldReturnGroupsMatchingSearchAgentIds_WhenResultsAreNotCombined" storage="d:\actions-runner\_work\xpco\xpco\allsolutions\..\sc\components\remoteviewer\smartclient\tst\zsmartclient_unittest\bin\x64\debug\net6.0-windows\zsmartclient_unittest.dll" id="eeeef62f-490f-22e7-a2d2-ec5886a54dce">
      <TestCategory>
        <TestCategoryItem TestCategory="SearchResultActionBarViewModel" />
      </TestCategory>
      <Execution id="0069accd-82c4-4146-8a49-b8a951d3606d" />
      <TestMethod codeBase="D:\actions-runner\_work\XPCO\XPCO\AllSolutions\..\SC\Components\RemoteViewer\SmartClient\tst\zSmartClient_UnitTest\bin\x64\Debug\net6.0-windows\zSmartClient_UnitTest.dll" adapterTypeName="executor://mstestadapter/v2" className="SmartClient_UnitTest.VideoOS.RemoteClient.Plugin.CentralizedSearch.ViewModels.SearchResultsActionBarViewModelTest" name="GetResultGroups_ShouldReturnGroupsMatchingSearchAgentIds_WhenResultsAreNotCombined" />
    </UnitTest>
    <UnitTest name="Convert_ShouldReturnFalse_WhenParameterContainsValue" storage="d:\actions-runner\_work\xpco\xpco\allsolutions\..\sc\components\remoteviewer\smartclient\tst\zsmartclient_unittest\bin\x64\debug\net6.0-windows\zsmartclient_unittest.dll" id="f5dc02d2-c831-9a51-1ebc-8f8a343ea344">
      <TestCategory>
        <TestCategoryItem TestCategory="GisMap.InteractionStateConverter" />
      </TestCategory>
      <Execution id="085c895b-3607-46c0-9ea4-92bcd64f839e" />
      <TestMethod codeBase="D:\actions-runner\_work\XPCO\XPCO\AllSolutions\..\SC\Components\RemoteViewer\SmartClient\tst\zSmartClient_UnitTest\bin\x64\Debug\net6.0-windows\zSmartClient_UnitTest.dll" adapterTypeName="executor://mstestadapter/v2" className="SmartClient_UnitTest.VideoOS.RemoteClient.Plugin.GisMap.View.InteractionStateConverterTests" name="Convert_ShouldReturnFalse_WhenParameterContainsValue" />
    </UnitTest>
    <UnitTest name="HandleSetLayerFeatures_ShouldUpdateInputLayerFeatures_WhenInputKindAndInputLayerFeatures" storage="d:\actions-runner\_work\xpco\xpco\allsolutions\..\sc\components\remoteviewer\smartclient\tst\zsmartclient_unittest\bin\x64\debug\net6.0-windows\zsmartclient_unittest.dll" id="f342c369-1b63-ac09-7592-3bbf19ea7792">
      <TestCategory>
        <TestCategoryItem TestCategory="GisMapData.Handlers.LayerFeatures" />
      </TestCategory>
      <Execution id="b882634c-cd50-4c35-ad2e-963ddd330a4c" />
      <TestMethod codeBase="D:\actions-runner\_work\XPCO\XPCO\AllSolutions\..\SC\Components\RemoteViewer\SmartClient\tst\zSmartClient_UnitTest\bin\x64\Debug\net6.0-windows\zSmartClient_UnitTest.dll" adapterTypeName="executor://mstestadapter/v2" className="SmartClient_UnitTest.VideoOS.RemoteClient.GisMapData.Handlers.LayerFeatures.InputLayerFeaturesHandlerTests" name="HandleSetLayerFeatures_ShouldUpdateInputLayerFeatures_WhenInputKindAndInputLayerFeatures" />
    </UnitTest>
    <UnitTest name="SelectOptions_ShouldNotChangeSelectedComponent_WhenGivenComponentIsNull" storage="d:\actions-runner\_work\xpco\xpco\allsolutions\..\sc\components\remoteviewer\smartclient\tst\zsmartclient_unittest\bin\x64\debug\net6.0-windows\zsmartclient_unittest.dll" id="8d8eee96-464d-c577-6270-884494a6a9b2">
      <Execution id="4e7d2aef-330a-4c90-b6b8-935842fb4a39" />
      <TestMethod codeBase="D:\actions-runner\_work\XPCO\XPCO\AllSolutions\..\SC\Components\RemoteViewer\SmartClient\tst\zSmartClient_UnitTest\bin\x64\Debug\net6.0-windows\zSmartClient_UnitTest.dll" adapterTypeName="executor://mstestadapter/v2" className="SmartClient_UnitTest.VideoOS.RemoteClient.Application.UI.Settings.SettingsDialogViewModelTests" name="SelectOptions_ShouldNotChangeSelectedComponent_WhenGivenComponentIsNull" />
    </UnitTest>
    <UnitTest name="ServerAuthentication_ShouldReturnLegacyWindows_WhenConstructedUsingWindows" storage="d:\actions-runner\_work\xpco\xpco\allsolutions\..\sc\components\remoteviewer\smartclient\tst\zsmartclient_unittest\bin\x64\debug\net6.0-windows\zsmartclient_unittest.dll" id="dcdbbe69-ab49-7246-fc1b-b94cfe92e639">
      <TestCategory>
        <TestCategoryItem TestCategory="Authentication.ClientCredentials" />
      </TestCategory>
      <Execution id="6b1c2f67-a5bd-4e48-8379-5fcb9cd734e2" />
      <TestMethod codeBase="D:\actions-runner\_work\XPCO\XPCO\AllSolutions\..\SC\Components\RemoteViewer\SmartClient\tst\zSmartClient_UnitTest\bin\x64\Debug\net6.0-windows\zSmartClient_UnitTest.dll" adapterTypeName="executor://mstestadapter/v2" className="SmartClient_UnitTest.VideoOS.Shared.ServerAPI.ClientCredentialsTest" name="ServerAuthentication_ShouldReturnLegacyWindows_WhenConstructedUsingWindows" />
    </UnitTest>
    <UnitTest name="ToMipSearchResultData_ShouldIncludeMetadataObjectsFromAllSubResults" storage="d:\actions-runner\_work\xpco\xpco\allsolutions\..\sc\components\remoteviewer\smartclient\tst\zsmartclient_unittest\bin\x64\debug\net6.0-windows\zsmartclient_unittest.dll" id="8ed2a60a-eeda-1585-64ac-27fd20cde828">
      <TestCategory>
        <TestCategoryItem TestCategory="Search.Wrappers" />
      </TestCategory>
      <Execution id="b53303b9-8f1c-4e8c-9fbc-83c9c7ae2891" />
      <TestMethod codeBase="D:\actions-runner\_work\XPCO\XPCO\AllSolutions\..\SC\Components\RemoteViewer\SmartClient\tst\zSmartClient_UnitTest\bin\x64\Debug\net6.0-windows\zSmartClient_UnitTest.dll" adapterTypeName="executor://mstestadapter/v2" className="SmartClient_UnitTest.VideoOS.RemoteClient.Plugin.CentralizedSearch.Models.Wrappers.CombinedSearchResultDataWrapperTests" name="ToMipSearchResultData_ShouldIncludeMetadataObjectsFromAllSubResults" />
    </UnitTest>
    <UnitTest name="ValidateExportFormats_VideoClipFormat_ShouldReturnFailResult_NoAudioToExport" storage="d:\actions-runner\_work\xpco\xpco\allsolutions\..\sc\components\remoteviewer\smartclient\tst\zsmartclient_unittest\bin\x64\debug\net6.0-windows\zsmartclient_unittest.dll" id="3346e13c-f7e8-cb19-f9f1-938fc47b8c60">
      <TestCategory>
        <TestCategoryItem TestCategory="Export" />
      </TestCategory>
      <Execution id="9143f465-a600-471f-abee-e0149788f8a4" />
      <TestMethod codeBase="D:\actions-runner\_work\XPCO\XPCO\AllSolutions\..\SC\Components\RemoteViewer\SmartClient\tst\zSmartClient_UnitTest\bin\x64\Debug\net6.0-windows\zSmartClient_UnitTest.dll" adapterTypeName="executor://mstestadapter/v2" className="SmartClient_UnitTest.VideoOS.RemoteClient.Plugin.Export.ExportDataValidatorTests" name="ValidateExportFormats_VideoClipFormat_ShouldReturnFailResult_NoAudioToExport" />
    </UnitTest>
    <UnitTest name="Constructor_ShouldRaiseArgumentNullException_WhenGisMapModelIsNull" storage="d:\actions-runner\_work\xpco\xpco\allsolutions\..\sc\components\remoteviewer\smartclient\tst\zsmartclient_unittest\bin\x64\debug\net6.0-windows\zsmartclient_unittest.dll" id="abed422e-8ff0-5810-3b31-84bfdebdfcc3">
      <TestCategory>
        <TestCategoryItem TestCategory="GisMap.Handlers.Devices.MapItems" />
      </TestCategory>
      <Execution id="485feb4d-ab7f-49c7-a55d-473684a0b164" />
      <TestMethod codeBase="D:\actions-runner\_work\XPCO\XPCO\AllSolutions\..\SC\Components\RemoteViewer\SmartClient\tst\zSmartClient_UnitTest\bin\x64\Debug\net6.0-windows\zSmartClient_UnitTest.dll" adapterTypeName="executor://mstestadapter/v2" className="SmartClient_UnitTest.VideoOS.RemoteClient.Plugin.GisMap.Handlers.Devices.MapItems.MicrophoneDataHandlerTests" name="Constructor_ShouldRaiseArgumentNullException_WhenGisMapModelIsNull" />
    </UnitTest>
    <UnitTest name="ApplyStatesToUi_StateWithItemSize_UpdateItemSizeCalled" storage="d:\actions-runner\_work\xpco\xpco\allsolutions\..\sc\components\remoteviewer\smartclient\tst\zsmartclient_unittest\bin\x64\debug\net6.0-windows\zsmartclient_unittest.dll" id="84fbc41b-f8b3-97c4-0d80-49164e74cf8a">
      <TestCategory>
        <TestCategoryItem TestCategory="SearchViews" />
      </TestCategory>
      <Execution id="a54ff548-c35a-49e7-bf46-abadffcb1402" />
      <TestMethod codeBase="D:\actions-runner\_work\XPCO\XPCO\AllSolutions\..\SC\Components\RemoteViewer\SmartClient\tst\zSmartClient_UnitTest\bin\x64\Debug\net6.0-windows\zSmartClient_UnitTest.dll" adapterTypeName="executor://mstestadapter/v2" className="SmartClient_UnitTest.VideoOS.RemoteClient.Plugin.CentralizedSearch.Views.SearchResultsViewTests" name="ApplyStatesToUi_StateWithItemSize_UpdateItemSizeCalled" />
    </UnitTest>
    <UnitTest name="Compare_ShouldPrioritizeCombinedResults_WhenSingleAndCombinedResultsArePresent" storage="d:\actions-runner\_work\xpco\xpco\allsolutions\..\sc\components\remoteviewer\smartclient\tst\zsmartclient_unittest\bin\x64\debug\net6.0-windows\zsmartclient_unittest.dll" id="f952c068-f034-3ff2-3bf8-7e5b673c1e64">
      <TestCategory>
        <TestCategoryItem TestCategory="SearchComparers" />
      </TestCategory>
      <Execution id="d4214b0d-1a9b-487c-9e81-62164d32b5a7" />
      <TestMethod codeBase="D:\actions-runner\_work\XPCO\XPCO\AllSolutions\..\SC\Components\RemoteViewer\SmartClient\tst\zSmartClient_UnitTest\bin\x64\Debug\net6.0-windows\zSmartClient_UnitTest.dll" adapterTypeName="executor://mstestadapter/v2" className="SmartClient_UnitTest.VideoOS.RemoteClient.Plugin.CentralizedSearch.Models.Wrappers.Comparers.RelevanceComparerTests" name="Compare_ShouldPrioritizeCombinedResults_WhenSingleAndCombinedResultsArePresent" />
    </UnitTest>
    <UnitTest name="Initialize_ShouldRaiseServerUpgradeRequiredAccessControlInitException_WhenAllowOnlyFipsAlgorithmsIsTrueAndSomeEventServerIdsAreNonFipsCompliant" storage="d:\actions-runner\_work\xpco\xpco\allsolutions\..\sc\components\remoteviewer\smartclient\tst\zsmartclient_unittest\bin\x64\debug\net6.0-windows\zsmartclient_unittest.dll" id="232e38bc-f1e6-d745-c4df-2efcf25dd919">
      <TestCategory>
        <TestCategoryItem TestCategory="AccessControl" />
      </TestCategory>
      <Execution id="0552bdf2-755f-4db9-8a3e-12d4ddaf1968" />
      <TestMethod codeBase="D:\actions-runner\_work\XPCO\XPCO\AllSolutions\..\SC\Components\RemoteViewer\SmartClient\tst\zSmartClient_UnitTest\bin\x64\Debug\net6.0-windows\zSmartClient_UnitTest.dll" adapterTypeName="executor://mstestadapter/v2" className="SmartClient_UnitTest.VideoOS.RemoteClient.AccessControl.AccessControlManagerCoreTests" name="Initialize_ShouldRaiseServerUpgradeRequiredAccessControlInitException_WhenAllowOnlyFipsAlgorithmsIsTrueAndSomeEventServerIdsAreNonFipsCompliant" />
    </UnitTest>
    <UnitTest name="SearchResultCombineType_ShouldSetSearchTemplateAsModified_WhenValueChangesAndSearchTemplateIsActive" storage="d:\actions-runner\_work\xpco\xpco\allsolutions\..\sc\components\remoteviewer\smartclient\tst\zsmartclient_unittest\bin\x64\debug\net6.0-windows\zsmartclient_unittest.dll" id="38c61dcc-3a50-a0a7-0dea-c65fb41e4802">
      <TestCategory>
        <TestCategoryItem TestCategory="SearchViewModels" />
      </TestCategory>
      <Execution id="7166ccc7-6d23-49a0-8cd0-327b55265515" />
      <TestMethod codeBase="D:\actions-runner\_work\XPCO\XPCO\AllSolutions\..\SC\Components\RemoteViewer\SmartClient\tst\zSmartClient_UnitTest\bin\x64\Debug\net6.0-windows\zSmartClient_UnitTest.dll" adapterTypeName="executor://mstestadapter/v2" className="SmartClient_UnitTest.VideoOS.RemoteClient.Plugin.CentralizedSearch.ViewModels.SearchViewModelTests" name="SearchResultCombineType_ShouldSetSearchTemplateAsModified_WhenValueChangesAndSearchTemplateIsActive" />
    </UnitTest>
    <UnitTest name="OutputMapItem_ForceActivateAsync_InBuilding_Success" storage="d:\actions-runner\_work\xpco\xpco\allsolutions\..\sc\components\remoteviewer\smartclient\tst\zsmartclient_unittest\bin\x64\debug\net6.0-windows\zsmartclient_unittest.dll" id="31863e20-a64d-0b66-e341-1da2a444bd4d">
      <TestCategory>
        <TestCategoryItem TestCategory="GisMapData.MapItem.Outputs" />
      </TestCategory>
      <Execution id="408742fd-84ed-4785-b1b0-3b5ebebb382f" />
      <TestMethod codeBase="D:\actions-runner\_work\XPCO\XPCO\AllSolutions\..\SC\Components\RemoteViewer\SmartClient\tst\zSmartClient_UnitTest\bin\x64\Debug\net6.0-windows\zSmartClient_UnitTest.dll" adapterTypeName="executor://mstestadapter/v2" className="SmartClient_UnitTest.VideoOS.RemoteClient.GisMapData.MapItem.Outputs.OutputMapItemTests" name="OutputMapItem_ForceActivateAsync_InBuilding_Success" />
    </UnitTest>
    <UnitTest name="Valid password bigger length" storage="d:\actions-runner\_work\xpco\xpco\allsolutions\..\sc\components\remoteviewer\smartclient\tst\zsmartclient_unittest\bin\x64\debug\net6.0-windows\zsmartclient_unittest.dll" id="d83a6664-b710-0c77-9aee-d0cf89f7ee93">
      <TestCategory>
        <TestCategoryItem TestCategory="Export" />
      </TestCategory>
      <Execution id="a5930d37-89f7-4f4f-83de-9b8e441406c7" />
      <TestMethod codeBase="D:\actions-runner\_work\XPCO\XPCO\AllSolutions\..\SC\Components\RemoteViewer\SmartClient\tst\zSmartClient_UnitTest\bin\x64\Debug\net6.0-windows\zSmartClient_UnitTest.dll" adapterTypeName="executor://mstestadapter/v2" className="SmartClient_UnitTest.VideoOS.RemoteClient.Plugin.Export.PasswordDialogViewModelTests" name="InitialPassword_ShouldResultInCorrectValidity" />
    </UnitTest>
    <UnitTest name="AssignPanTiltValue_WhenValueMax_ShouldReturnMaxValue" storage="d:\actions-runner\_work\xpco\xpco\allsolutions\..\sc\components\remoteviewer\smartclient\tst\zsmartclient_unittest\bin\x64\debug\net6.0-windows\zsmartclient_unittest.dll" id="8893b278-aa55-a685-d169-59d2e6a2a2db">
      <Execution id="f9b4580c-df93-438d-a362-0cc4caa4bf01" />
      <TestMethod codeBase="D:\actions-runner\_work\XPCO\XPCO\AllSolutions\..\SC\Components\RemoteViewer\SmartClient\tst\zSmartClient_UnitTest\bin\x64\Debug\net6.0-windows\zSmartClient_UnitTest.dll" adapterTypeName="executor://mstestadapter/v2" className="SmartClient_UnitTest.VideoOS.RemoteClient.Plugin.JoystickSupport.JoystickDeviceTests" name="AssignPanTiltValue_WhenValueMax_ShouldReturnMaxValue" />
    </UnitTest>
    <UnitTest name="EmptySearchResult_PropertiesCollection_IsEmpty" storage="d:\actions-runner\_work\xpco\xpco\allsolutions\..\sc\components\remoteviewer\smartclient\tst\zsmartclient_unittest\bin\x64\debug\net6.0-windows\zsmartclient_unittest.dll" id="87830711-b32c-2c47-4ef6-67875858e949">
      <TestCategory>
        <TestCategoryItem TestCategory="SearchControls" />
      </TestCategory>
      <Execution id="97e8f18f-bbe4-41cd-b46b-f7f3be5ce1e2" />
      <TestMethod codeBase="D:\actions-runner\_work\XPCO\XPCO\AllSolutions\..\SC\Components\RemoteViewer\SmartClient\tst\zSmartClient_UnitTest\bin\x64\Debug\net6.0-windows\zSmartClient_UnitTest.dll" adapterTypeName="executor://mstestadapter/v2" className="SmartClient_UnitTest.VideoOS.RemoteClient.Plugin.CentralizedSearch.Views.Controls.SearchResultDetailsControlTests" name="EmptySearchResult_PropertiesCollection_IsEmpty" />
    </UnitTest>
    <UnitTest name="GetCredential_ShouldReturnNull_WhenAuthTypeIsNull" storage="d:\actions-runner\_work\xpco\xpco\allsolutions\..\sc\components\remoteviewer\smartclient\tst\zsmartclient_unittest\bin\x64\debug\net6.0-windows\zsmartclient_unittest.dll" id="8ad35947-3018-f160-b80e-8c54c467a21a">
      <TestCategory>
        <TestCategoryItem TestCategory="Authentication.ClientCredentials" />
      </TestCategory>
      <Execution id="46f534c8-660f-430f-a3a0-a0e909c393e8" />
      <TestMethod codeBase="D:\actions-runner\_work\XPCO\XPCO\AllSolutions\..\SC\Components\RemoteViewer\SmartClient\tst\zSmartClient_UnitTest\bin\x64\Debug\net6.0-windows\zSmartClient_UnitTest.dll" adapterTypeName="executor://mstestadapter/v2" className="SmartClient_UnitTest.VideoOS.Shared.ServerAPI.ClientCredentialsTest" name="GetCredential_ShouldReturnNull_WhenAuthTypeIsNull" />
    </UnitTest>
    <UnitTest name="LoadSaveStateFrom_UnknownOrderResultsBy_Success" storage="d:\actions-runner\_work\xpco\xpco\allsolutions\..\sc\components\remoteviewer\smartclient\tst\zsmartclient_unittest\bin\x64\debug\net6.0-windows\zsmartclient_unittest.dll" id="98d6e5bd-b7db-7e62-faab-cf0ab9b4f07d">
      <TestCategory>
        <TestCategoryItem TestCategory="SearchResultViewModels" />
      </TestCategory>
      <Execution id="b50a9718-e31b-41d2-a41c-920315a61f1b" />
      <TestMethod codeBase="D:\actions-runner\_work\XPCO\XPCO\AllSolutions\..\SC\Components\RemoteViewer\SmartClient\tst\zSmartClient_UnitTest\bin\x64\Debug\net6.0-windows\zSmartClient_UnitTest.dll" adapterTypeName="executor://mstestadapter/v2" className="SmartClient_UnitTest.VideoOS.RemoteClient.Plugin.CentralizedSearch.ViewModels.SearchResultsViewModelTest" name="LoadSaveStateFrom_UnknownOrderResultsBy_Success" />
    </UnitTest>
    <UnitTest name="DomainAndUserName_ShouldThrow_InvalidOperationException_WhenConstructedUsingExternal" storage="d:\actions-runner\_work\xpco\xpco\allsolutions\..\sc\components\remoteviewer\smartclient\tst\zsmartclient_unittest\bin\x64\debug\net6.0-windows\zsmartclient_unittest.dll" id="cefd37a3-357f-d082-971e-590f86c9275f">
      <TestCategory>
        <TestCategoryItem TestCategory="Authentication.ClientCredentials" />
      </TestCategory>
      <Execution id="299757e7-b5b5-4efc-a1be-d9c53f5efef2" />
      <TestMethod codeBase="D:\actions-runner\_work\XPCO\XPCO\AllSolutions\..\SC\Components\RemoteViewer\SmartClient\tst\zSmartClient_UnitTest\bin\x64\Debug\net6.0-windows\zSmartClient_UnitTest.dll" adapterTypeName="executor://mstestadapter/v2" className="SmartClient_UnitTest.VideoOS.Shared.ServerAPI.ClientCredentialsTest" name="DomainAndUserName_ShouldThrow_InvalidOperationException_WhenConstructedUsingExternal" />
    </UnitTest>
    <UnitTest name="DeserializeAlianXml_Fail" storage="d:\actions-runner\_work\xpco\xpco\allsolutions\..\sc\components\remoteviewer\smartclient\tst\zsmartclient_unittest\bin\x64\debug\net6.0-windows\zsmartclient_unittest.dll" id="b78c4a54-8a8a-cc80-cfbb-7be5b5023229">
      <Execution id="aced1e96-089e-4c52-8724-18b0fe056886" />
      <TestMethod codeBase="D:\actions-runner\_work\XPCO\XPCO\AllSolutions\..\SC\Components\RemoteViewer\SmartClient\tst\zSmartClient_UnitTest\bin\x64\Debug\net6.0-windows\zSmartClient_UnitTest.dll" adapterTypeName="executor://mstestadapter/v2" className="SmartClient_UnitTest.VideoOS.RemoteClient.Data.VideoWall.MonitorStateTests" name="DeserializeAlianXml_Fail" />
    </UnitTest>
    <UnitTest name="SetItemOutlines_OutlinesEmpty_Success" storage="d:\actions-runner\_work\xpco\xpco\allsolutions\..\sc\components\remoteviewer\smartclient\tst\zsmartclient_unittest\bin\x64\debug\net6.0-windows\zsmartclient_unittest.dll" id="1ab5d979-4667-2003-c0dc-5c23807afc87">
      <TestCategory>
        <TestCategoryItem TestCategory="GisMap.GisMapViewFacade" />
      </TestCategory>
      <Execution id="16a21a6a-c52d-4eeb-8c97-095f6434c4d5" />
      <TestMethod codeBase="D:\actions-runner\_work\XPCO\XPCO\AllSolutions\..\SC\Components\RemoteViewer\SmartClient\tst\zSmartClient_UnitTest\bin\x64\Debug\net6.0-windows\zSmartClient_UnitTest.dll" adapterTypeName="executor://mstestadapter/v2" className="SmartClient_UnitTest.VideoOS.RemoteClient.Plugin.GisMap.IoC.GisMapViewFacadeTests" name="SetItemOutlines_OutlinesEmpty_Success" />
    </UnitTest>
    <UnitTest name="ImageMaskDto_ShouldYieldSameValues_WhenRoundTripConverted" storage="d:\actions-runner\_work\xpco\xpco\allsolutions\..\sc\components\remoteviewer\smartclient\tst\zsmartclient_unittest\bin\x64\debug\net6.0-windows\zsmartclient_unittest.dll" id="776120a9-8caa-dd82-0111-de02703fa844">
      <TestCategory>
        <TestCategoryItem TestCategory="RecorderProxyToDtoMapping" />
      </TestCategory>
      <Execution id="211feab1-eb75-44d3-8d95-7971926a0fda" />
      <TestMethod codeBase="D:\actions-runner\_work\XPCO\XPCO\AllSolutions\..\SC\Components\RemoteViewer\SmartClient\tst\zSmartClient_UnitTest\bin\x64\Debug\net6.0-windows\zSmartClient_UnitTest.dll" adapterTypeName="executor://mstestadapter/v2" className="VideoOS.Shared.ServerAPI.SOAP.RecorderClientMappingTests" name="ImageMaskDto_ShouldYieldSameValues_WhenRoundTripConverted" />
    </UnitTest>
    <UnitTest name="Default, not forced" storage="d:\actions-runner\_work\xpco\xpco\allsolutions\..\sc\components\remoteviewer\smartclient\tst\zsmartclient_unittest\bin\x64\debug\net6.0-windows\zsmartclient_unittest.dll" id="ed7779e7-8a74-5c39-caff-a41255fdc4f9">
      <TestCategory>
        <TestCategoryItem TestCategory="Export" />
      </TestCategory>
      <Execution id="29eeedce-ae0c-433c-ad3e-dc453e67971c" />
      <TestMethod codeBase="D:\actions-runner\_work\XPCO\XPCO\AllSolutions\..\SC\Components\RemoteViewer\SmartClient\tst\zSmartClient_UnitTest\bin\x64\Debug\net6.0-windows\zSmartClient_UnitTest.dll" adapterTypeName="executor://mstestadapter/v2" className="SmartClient_UnitTest.VideoOS.RemoteClient.Plugin.Export.CreateExportDialogViewModelTests" name="CreateExportDialog_ExportPathCanBeModified_BasedOnOptions" />
    </UnitTest>
    <UnitTest name="TestCreateMipTabWorkroom_workSpaceItemIsNull_FailWithArgumentNullException" storage="d:\actions-runner\_work\xpco\xpco\allsolutions\..\sc\components\remoteviewer\smartclient\tst\zsmartclient_unittest\bin\x64\debug\net6.0-windows\zsmartclient_unittest.dll" id="8711fcc3-eab8-86a0-2ca3-46b7c717fdd4">
      <TestCategory>
        <TestCategoryItem TestCategory="WorkroomController" />
      </TestCategory>
      <Execution id="59a7501c-7bf3-49a8-b22d-f62e3f2b9e98" />
      <TestMethod codeBase="D:\actions-runner\_work\XPCO\XPCO\AllSolutions\..\SC\Components\RemoteViewer\SmartClient\tst\zSmartClient_UnitTest\bin\x64\Debug\net6.0-windows\zSmartClient_UnitTest.dll" adapterTypeName="executor://mstestadapter/v2" className="VideoOS.RemoteClient.Application.Controllers.WorkroomController.UnitTest.TabWorkroomControllerTest" name="TestCreateMipTabWorkroom_workSpaceItemIsNull_FailWithArgumentNullException" />
    </UnitTest>
    <UnitTest name="CanEditRegionSelection_ShouldBeTrue_WhenHelperAllowsMoreRegionsToBeAdded" storage="d:\actions-runner\_work\xpco\xpco\allsolutions\..\sc\components\remoteviewer\smartclient\tst\zsmartclient_unittest\bin\x64\debug\net6.0-windows\zsmartclient_unittest.dll" id="ebc58dfd-14b7-49e6-e46a-09a44593433d">
      <TestCategory>
        <TestCategoryItem TestCategory="Search.Filters.ViewModels" />
      </TestCategory>
      <Execution id="7248edc5-a2b6-48db-b65c-f221a21d08e4" />
      <TestMethod codeBase="D:\actions-runner\_work\XPCO\XPCO\AllSolutions\..\SC\Components\RemoteViewer\SmartClient\tst\zSmartClient_UnitTest\bin\x64\Debug\net6.0-windows\zSmartClient_UnitTest.dll" adapterTypeName="executor://mstestadapter/v2" className="SmartClient_UnitTest.VideoOS.RemoteClient.Plugin.CentralizedSearch.MIPPlugin.Criteria.ViewModels.RegionSelectionAttributeEditControlViewModelTests" name="CanEditRegionSelection_ShouldBeTrue_WhenHelperAllowsMoreRegionsToBeAdded" />
    </UnitTest>
    <UnitTest name="BuildMapOptions_ShouldHandleSecretStringOptionsCorrectly (GisMapBingMapKey,someText,True)" storage="d:\actions-runner\_work\xpco\xpco\allsolutions\..\sc\components\remoteviewer\smartclient\tst\zsmartclient_unittest\bin\x64\debug\net6.0-windows\zsmartclient_unittest.dll" id="4ada3711-10ca-c9da-9e10-113cd53a94af">
      <Execution id="0677beca-7109-4b35-a99e-1bd71f5f066a" />
      <TestMethod codeBase="D:\actions-runner\_work\XPCO\XPCO\AllSolutions\..\SC\Components\RemoteViewer\SmartClient\tst\zSmartClient_UnitTest\bin\x64\Debug\net6.0-windows\zSmartClient_UnitTest.dll" adapterTypeName="executor://mstestadapter/v2" className="SmartClient_UnitTest.VideoOS.RemoteClient.Application.Common.Telemetry.TelemetryBuilderTests" name="BuildMapOptions_ShouldHandleSecretStringOptionsCorrectly" />
    </UnitTest>
    <UnitTest name="HandleSetLayerFeatures_ShouldRaiseArgumentException_WhenNotInputKindAndInputLayerFeatures" storage="d:\actions-runner\_work\xpco\xpco\allsolutions\..\sc\components\remoteviewer\smartclient\tst\zsmartclient_unittest\bin\x64\debug\net6.0-windows\zsmartclient_unittest.dll" id="4092a02b-aad1-4cd2-975c-e2b5b68e9e4b">
      <TestCategory>
        <TestCategoryItem TestCategory="GisMapData.Handlers.LayerFeatures" />
      </TestCategory>
      <Execution id="3b2a8af2-f1e9-4907-9704-88f1ca88d83d" />
      <TestMethod codeBase="D:\actions-runner\_work\XPCO\XPCO\AllSolutions\..\SC\Components\RemoteViewer\SmartClient\tst\zSmartClient_UnitTest\bin\x64\Debug\net6.0-windows\zSmartClient_UnitTest.dll" adapterTypeName="executor://mstestadapter/v2" className="SmartClient_UnitTest.VideoOS.RemoteClient.GisMapData.Handlers.LayerFeatures.InputLayerFeaturesHandlerTests" name="HandleSetLayerFeatures_ShouldRaiseArgumentException_WhenNotInputKindAndInputLayerFeatures" />
    </UnitTest>
    <UnitTest name="ActiveInteractionStateBinding_ShouldOnlyContainNormal_WhenCtorIsCalled" storage="d:\actions-runner\_work\xpco\xpco\allsolutions\..\sc\components\remoteviewer\smartclient\tst\zsmartclient_unittest\bin\x64\debug\net6.0-windows\zsmartclient_unittest.dll" id="1c3a0b3c-9d39-e423-34b0-23113deccc9a">
      <TestCategory>
        <TestCategoryItem TestCategory="GisMap.ClusterMipItemMarker" />
      </TestCategory>
      <Execution id="19159e9d-b21b-4ec6-ad39-5a647e63a140" />
      <TestMethod codeBase="D:\actions-runner\_work\XPCO\XPCO\AllSolutions\..\SC\Components\RemoteViewer\SmartClient\tst\zSmartClient_UnitTest\bin\x64\Debug\net6.0-windows\zSmartClient_UnitTest.dll" adapterTypeName="executor://mstestadapter/v2" className="SmartClient_UnitTest.VideoOS.RemoteClient.Plugin.GisMap.ThinkGeoMap.Markers.ClusterMipItemMarker.ClusterMipItemMarkerTests" name="ActiveInteractionStateBinding_ShouldOnlyContainNormal_WhenCtorIsCalled" />
    </UnitTest>
    <UnitTest name="Both enabled, forced" storage="d:\actions-runner\_work\xpco\xpco\allsolutions\..\sc\components\remoteviewer\smartclient\tst\zsmartclient_unittest\bin\x64\debug\net6.0-windows\zsmartclient_unittest.dll" id="4c99feff-404f-f1d9-19da-f0e8d2262427">
      <TestCategory>
        <TestCategoryItem TestCategory="Export" />
      </TestCategory>
      <Execution id="f6b72fa2-dec1-4deb-888e-ec4acba8ab47" />
      <TestMethod codeBase="D:\actions-runner\_work\XPCO\XPCO\AllSolutions\..\SC\Components\RemoteViewer\SmartClient\tst\zSmartClient_UnitTest\bin\x64\Debug\net6.0-windows\zSmartClient_UnitTest.dll" adapterTypeName="executor://mstestadapter/v2" className="SmartClient_UnitTest.VideoOS.RemoteClient.Plugin.Export.CreateExportDialogViewModelTests" name="CreateExportDialog_ExportDestinationPreSelected_BasedOnOptions" />
    </UnitTest>
    <UnitTest name="Decorate_ShouldRaiseArgumentNullException_WhenWindowIsNull" storage="d:\actions-runner\_work\xpco\xpco\allsolutions\..\sc\components\remoteviewer\smartclient\tst\zsmartclient_unittest\bin\x64\debug\net6.0-windows\zsmartclient_unittest.dll" id="91c02083-3eab-8cf1-1555-f235b60671d1">
      <TestCategory>
        <TestCategoryItem TestCategory="GisMap.WindowsBases" />
      </TestCategory>
      <Execution id="2fd5ddbb-1a7a-4659-8114-d6099ecdcd63" />
      <TestMethod codeBase="D:\actions-runner\_work\XPCO\XPCO\AllSolutions\..\SC\Components\RemoteViewer\SmartClient\tst\zSmartClient_UnitTest\bin\x64\Debug\net6.0-windows\zSmartClient_UnitTest.dll" adapterTypeName="executor://mstestadapter/v2" className="SmartClient_UnitTest.VideoOS.RemoteClient.Plugin.GisMap.Windows.Bases.DragWindowDecoratorTests" name="Decorate_ShouldRaiseArgumentNullException_WhenWindowIsNull" />
    </UnitTest>
    <UnitTest name="TestLoadSave_WithUnknownMapItems_Success" storage="d:\actions-runner\_work\xpco\xpco\allsolutions\..\sc\components\remoteviewer\smartclient\tst\zsmartclient_unittest\bin\x64\debug\net6.0-windows\zsmartclient_unittest.dll" id="13877fd5-e79d-3ae7-6015-10213c2263cb">
      <TestCategory>
        <TestCategoryItem TestCategory="GisMapBuilding" />
      </TestCategory>
      <Execution id="ebed628b-7048-4c87-8dc5-5ad9b11ea2fb" />
      <TestMethod codeBase="D:\actions-runner\_work\XPCO\XPCO\AllSolutions\..\SC\Components\RemoteViewer\SmartClient\tst\zSmartClient_UnitTest\bin\x64\Debug\net6.0-windows\zSmartClient_UnitTest.dll" adapterTypeName="executor://mstestadapter/v2" className="SmartClient_UnitTest.VideoOS.RemoteClient.GisMapData.MapBuildings.MapLevelTests" name="TestLoadSave_WithUnknownMapItems_Success" />
    </UnitTest>
    <UnitTest name="SearchResultsActionBarActions_CreateEvidenceLock_InvokeCommand_Success" storage="d:\actions-runner\_work\xpco\xpco\allsolutions\..\sc\components\remoteviewer\smartclient\tst\zsmartclient_unittest\bin\x64\debug\net6.0-windows\zsmartclient_unittest.dll" id="bcf60051-ecc6-b8b5-1879-3df57ae16566">
      <TestCategory>
        <TestCategoryItem TestCategory="SearchResultActionBarViewModel" />
      </TestCategory>
      <Execution id="fe9b10d6-43a2-4b0b-b90a-2b9ded685015" />
      <TestMethod codeBase="D:\actions-runner\_work\XPCO\XPCO\AllSolutions\..\SC\Components\RemoteViewer\SmartClient\tst\zSmartClient_UnitTest\bin\x64\Debug\net6.0-windows\zSmartClient_UnitTest.dll" adapterTypeName="executor://mstestadapter/v2" className="SmartClient_UnitTest.VideoOS.RemoteClient.Plugin.CentralizedSearch.ViewModels.SearchResultsActionBarViewModelTest" name="SearchResultsActionBarActions_CreateEvidenceLock_InvokeCommand_Success" />
    </UnitTest>
    <UnitTest name="Command_ShouldInvokeRemoveMipMapItem_WhenExecutedForSingleSelectedItem" storage="d:\actions-runner\_work\xpco\xpco\allsolutions\..\sc\components\remoteviewer\smartclient\tst\zsmartclient_unittest\bin\x64\debug\net6.0-windows\zsmartclient_unittest.dll" id="2716e864-2686-b94f-0317-399f0994a985">
      <TestCategory>
        <TestCategoryItem TestCategory="GisMapMip" />
      </TestCategory>
      <Execution id="9af82cb4-da50-4dcc-9803-c9fc44340850" />
      <TestMethod codeBase="D:\actions-runner\_work\XPCO\XPCO\AllSolutions\..\SC\Components\RemoteViewer\SmartClient\tst\zSmartClient_UnitTest\bin\x64\Debug\net6.0-windows\zSmartClient_UnitTest.dll" adapterTypeName="executor://mstestadapter/v2" className="SmartClient_UnitTest.VideoOS.RemoteClient.Plugin.GisMap.ThinkGeoMap.ContextMenuUtils.RemoveMipItemContextMenuTests" name="Command_ShouldInvokeRemoveMipMapItem_WhenExecutedForSingleSelectedItem" />
    </UnitTest>
    <UnitTest name="ToDenormalizedDirection_0_25" storage="d:\actions-runner\_work\xpco\xpco\allsolutions\..\sc\components\remoteviewer\smartclient\tst\zsmartclient_unittest\bin\x64\debug\net6.0-windows\zsmartclient_unittest.dll" id="898a040b-fc5b-2cd2-659c-46113f65fe38">
      <TestCategory>
        <TestCategoryItem TestCategory="GisMap" />
      </TestCategory>
      <Execution id="2eed59a7-e2bf-45e7-b728-b2ca8ec11cb1" />
      <TestMethod codeBase="D:\actions-runner\_work\XPCO\XPCO\AllSolutions\..\SC\Components\RemoteViewer\SmartClient\tst\zSmartClient_UnitTest\bin\x64\Debug\net6.0-windows\zSmartClient_UnitTest.dll" adapterTypeName="executor://mstestadapter/v2" className="SmartClient_UnitTest.VideoOS.RemoteClient.GisMap.Utilities.GisUtilityTests" name="ToDenormalizedDirection_0_25" />
    </UnitTest>
    <UnitTest name="AndOrSearchDefinitionToCornerRadiusMultiConverter_CallConvert_MiddleAnd" storage="d:\actions-runner\_work\xpco\xpco\allsolutions\..\sc\components\remoteviewer\smartclient\tst\zsmartclient_unittest\bin\x64\debug\net6.0-windows\zsmartclient_unittest.dll" id="ed5d2d51-b6a2-01b7-2ce0-6c8ba87417c3">
      <TestCategory>
        <TestCategoryItem TestCategory="SearchConverter" />
      </TestCategory>
      <Execution id="788152dc-6b2c-41b7-a59c-9139c723d040" />
      <TestMethod codeBase="D:\actions-runner\_work\XPCO\XPCO\AllSolutions\..\SC\Components\RemoteViewer\SmartClient\tst\zSmartClient_UnitTest\bin\x64\Debug\net6.0-windows\zSmartClient_UnitTest.dll" adapterTypeName="executor://mstestadapter/v2" className="SmartClient_UnitTest.VideoOS.RemoteClient.Plugin.CentralizedSearch.Views.Converters.AndOrSearchDefinitionMultiConverterTests" name="AndOrSearchDefinitionToCornerRadiusMultiConverter_CallConvert_MiddleAnd" />
    </UnitTest>
    <UnitTest name="AddSelectedWindowsToExport_ShouldShowCorrectToastMessages (1,1,0)" storage="d:\actions-runner\_work\xpco\xpco\allsolutions\..\sc\components\remoteviewer\smartclient\tst\zsmartclient_unittest\bin\x64\debug\net6.0-windows\zsmartclient_unittest.dll" id="69ce5361-06cb-10c5-3157-d27adff1ce44">
      <TestCategory>
        <TestCategoryItem TestCategory="Managers" />
      </TestCategory>
      <Execution id="88704628-195a-4412-8f84-47e3f4379fc4" />
      <TestMethod codeBase="D:\actions-runner\_work\XPCO\XPCO\AllSolutions\..\SC\Components\RemoteViewer\SmartClient\tst\zSmartClient_UnitTest\bin\x64\Debug\net6.0-windows\zSmartClient_UnitTest.dll" adapterTypeName="executor://mstestadapter/v2" className="SmartClient_UnitTest.VideoOS.RemoteClient.Application.Managers.ExportManagerTests" name="AddSelectedWindowsToExport_ShouldShowCorrectToastMessages" />
    </UnitTest>
    <UnitTest name="TestCreateWorkroom_Single_Success" storage="d:\actions-runner\_work\xpco\xpco\allsolutions\..\sc\components\remoteviewer\smartclient\tst\zsmartclient_unittest\bin\x64\debug\net6.0-windows\zsmartclient_unittest.dll" id="8a8e4fe8-cc44-1592-1359-5f4e8b98044b">
      <TestCategory>
        <TestCategoryItem TestCategory="WorkroomController" />
      </TestCategory>
      <Execution id="6acaf14b-a00a-4473-ab3e-51b851e59aab" />
      <TestMethod codeBase="D:\actions-runner\_work\XPCO\XPCO\AllSolutions\..\SC\Components\RemoteViewer\SmartClient\tst\zSmartClient_UnitTest\bin\x64\Debug\net6.0-windows\zSmartClient_UnitTest.dll" adapterTypeName="executor://mstestadapter/v2" className="VideoOS.RemoteClient.Application.Controllers.WorkroomController.UnitTest.TabWorkroomControllerTest" name="TestCreateWorkroom_Single_Success" />
    </UnitTest>
    <UnitTest name="DetermineUserAllowsUnsecureConnection_WhereUserIsAskedAndUnsecureIsAllow_ShouldReturnTrue" storage="d:\actions-runner\_work\xpco\xpco\allsolutions\..\sc\components\remoteviewer\smartclient\tst\zsmartclient_unittest\bin\x64\debug\net6.0-windows\zsmartclient_unittest.dll" id="8d3921c6-4c1a-b1d4-4584-3d6429a3707e">
      <Execution id="6d965bac-f1b5-4fc6-ab34-f91d01015255" />
      <TestMethod codeBase="D:\actions-runner\_work\XPCO\XPCO\AllSolutions\..\SC\Components\RemoteViewer\SmartClient\tst\zSmartClient_UnitTest\bin\x64\Debug\net6.0-windows\zSmartClient_UnitTest.dll" adapterTypeName="executor://mstestadapter/v2" className="VideoOS.RemoteClient.Application.Managers.UnitTest.AllowUnsecureConnectionManagerTests" name="DetermineUserAllowsUnsecureConnection_WhereUserIsAskedAndUnsecureIsAllow_ShouldReturnTrue" />
    </UnitTest>
    <UnitTest name="NavigateAndSelectAsync_NotCameraKind_ReturnsFalse" storage="d:\actions-runner\_work\xpco\xpco\allsolutions\..\sc\components\remoteviewer\smartclient\tst\zsmartclient_unittest\bin\x64\debug\net6.0-windows\zsmartclient_unittest.dll" id="272037c0-f590-39e8-9884-c04de913150c">
      <TestCategory>
        <TestCategoryItem TestCategory="GisMap.GisMapViewFacade" />
      </TestCategory>
      <Execution id="e26d50fb-f257-4843-93ae-6ad5a8f4a094" />
      <TestMethod codeBase="D:\actions-runner\_work\XPCO\XPCO\AllSolutions\..\SC\Components\RemoteViewer\SmartClient\tst\zSmartClient_UnitTest\bin\x64\Debug\net6.0-windows\zSmartClient_UnitTest.dll" adapterTypeName="executor://mstestadapter/v2" className="SmartClient_UnitTest.VideoOS.RemoteClient.Plugin.GisMap.IoC.GisMapViewFacadeTests" name="NavigateAndSelectAsync_NotCameraKind_ReturnsFalse" />
    </UnitTest>
    <UnitTest name="DeleteLevel2Of12_Success" storage="d:\actions-runner\_work\xpco\xpco\allsolutions\..\sc\components\remoteviewer\smartclient\tst\zsmartclient_unittest\bin\x64\debug\net6.0-windows\zsmartclient_unittest.dll" id="dc0d2b36-aa1d-1594-0d6a-cf1fe6649772">
      <TestCategory>
        <TestCategoryItem TestCategory="GisMapBuilding" />
      </TestCategory>
      <Execution id="5943cb4b-f871-4670-b63a-9a685d134736" />
      <TestMethod codeBase="D:\actions-runner\_work\XPCO\XPCO\AllSolutions\..\SC\Components\RemoteViewer\SmartClient\tst\zSmartClient_UnitTest\bin\x64\Debug\net6.0-windows\zSmartClient_UnitTest.dll" adapterTypeName="executor://mstestadapter/v2" className="SmartClient_UnitTest.VideoOS.RemoteClient.GisMapData.MapBuildings.MapLevelTests" name="DeleteLevel2Of12_Success" />
    </UnitTest>
    <UnitTest name="ShowSuccessToast_ShouldShowCorrectNumberOfToasts (5,1)" storage="d:\actions-runner\_work\xpco\xpco\allsolutions\..\sc\components\remoteviewer\smartclient\tst\zsmartclient_unittest\bin\x64\debug\net6.0-windows\zsmartclient_unittest.dll" id="5af9722d-cb32-cd5c-d7d3-430177f73975">
      <TestCategory>
        <TestCategoryItem TestCategory="Managers" />
      </TestCategory>
      <Execution id="44ef21de-c54c-44ff-a5d8-7e81e812202e" />
      <TestMethod codeBase="D:\actions-runner\_work\XPCO\XPCO\AllSolutions\..\SC\Components\RemoteViewer\SmartClient\tst\zSmartClient_UnitTest\bin\x64\Debug\net6.0-windows\zSmartClient_UnitTest.dll" adapterTypeName="executor://mstestadapter/v2" className="SmartClient_UnitTest.VideoOS.RemoteClient.Application.Managers.ExportResultsNotificationHelperTests" name="ShowSuccessToast_ShouldShowCorrectNumberOfToasts" />
    </UnitTest>
    <UnitTest name="ValidateExportFormats_VideoClipFormat_ShouldValidate" storage="d:\actions-runner\_work\xpco\xpco\allsolutions\..\sc\components\remoteviewer\smartclient\tst\zsmartclient_unittest\bin\x64\debug\net6.0-windows\zsmartclient_unittest.dll" id="92df0312-a314-f2ad-872b-182bbef5a446">
      <TestCategory>
        <TestCategoryItem TestCategory="Export" />
      </TestCategory>
      <Execution id="2c3c5798-803b-445d-b039-743ffde27b11" />
      <TestMethod codeBase="D:\actions-runner\_work\XPCO\XPCO\AllSolutions\..\SC\Components\RemoteViewer\SmartClient\tst\zSmartClient_UnitTest\bin\x64\Debug\net6.0-windows\zSmartClient_UnitTest.dll" adapterTypeName="executor://mstestadapter/v2" className="SmartClient_UnitTest.VideoOS.RemoteClient.Plugin.Export.ExportDataValidatorTests" name="ValidateExportFormats_VideoClipFormat_ShouldValidate" />
    </UnitTest>
    <UnitTest name="Valid password exact length" storage="d:\actions-runner\_work\xpco\xpco\allsolutions\..\sc\components\remoteviewer\smartclient\tst\zsmartclient_unittest\bin\x64\debug\net6.0-windows\zsmartclient_unittest.dll" id="855e6bd6-0b07-1dab-aa8f-031499a76818">
      <TestCategory>
        <TestCategoryItem TestCategory="Export" />
      </TestCategory>
      <Execution id="99476997-ebb0-41e1-bd3e-304ce75ab9ba" />
      <TestMethod codeBase="D:\actions-runner\_work\XPCO\XPCO\AllSolutions\..\SC\Components\RemoteViewer\SmartClient\tst\zSmartClient_UnitTest\bin\x64\Debug\net6.0-windows\zSmartClient_UnitTest.dll" adapterTypeName="executor://mstestadapter/v2" className="SmartClient_UnitTest.VideoOS.RemoteClient.Plugin.Export.PasswordDialogViewModelTests" name="SettingPassword1_ShouldSetIsPassword1Valid" />
    </UnitTest>
    <UnitTest name="RemoveSelectedCameraCommand_CameraInList_OnlySelectedCameraRemoved" storage="d:\actions-runner\_work\xpco\xpco\allsolutions\..\sc\components\remoteviewer\smartclient\tst\zsmartclient_unittest\bin\x64\debug\net6.0-windows\zsmartclient_unittest.dll" id="7d3b3df9-6c4c-813c-3fe6-820682e70bdf">
      <TestCategory>
        <TestCategoryItem TestCategory="SearchViewModels" />
      </TestCategory>
      <Execution id="db20a6eb-fa37-4131-8cdb-70b6288ec92b" />
      <TestMethod codeBase="D:\actions-runner\_work\XPCO\XPCO\AllSolutions\..\SC\Components\RemoteViewer\SmartClient\tst\zSmartClient_UnitTest\bin\x64\Debug\net6.0-windows\zSmartClient_UnitTest.dll" adapterTypeName="executor://mstestadapter/v2" className="SmartClient_UnitTest.VideoOS.RemoteClient.Plugin.CentralizedSearch.ViewModels.SearchViewModelTests" name="RemoveSelectedCameraCommand_CameraInList_OnlySelectedCameraRemoved" />
    </UnitTest>
    <UnitTest name="Toolbar_IsVisible_WhenNotInLiveOrPlayback_ButCanShowSidePane" storage="d:\actions-runner\_work\xpco\xpco\allsolutions\..\sc\components\remoteviewer\smartclient\tst\zsmartclient_unittest\bin\x64\debug\net6.0-windows\zsmartclient_unittest.dll" id="cc482776-e68c-2c6f-b7ea-c8334df0cc99">
      <TestCategory>
        <TestCategoryItem TestCategory="WorkspaceToolbar" />
      </TestCategory>
      <Execution id="b82e3522-e25f-43e5-ad7b-94595a9a6dcb" />
      <TestMethod codeBase="D:\actions-runner\_work\XPCO\XPCO\AllSolutions\..\SC\Components\RemoteViewer\SmartClient\tst\zSmartClient_UnitTest\bin\x64\Debug\net6.0-windows\zSmartClient_UnitTest.dll" adapterTypeName="executor://mstestadapter/v2" className="SmartClient_UnitTest.VideoOS.RemoteClient.Application.UI.Content.WorkspaceToolbar.WorkspaceToolbarViewModelTests" name="Toolbar_IsVisible_WhenNotInLiveOrPlayback_ButCanShowSidePane" />
    </UnitTest>
    <UnitTest name="SearchResultsActionBarActions_AddBookmark_NotEnabled" storage="d:\actions-runner\_work\xpco\xpco\allsolutions\..\sc\components\remoteviewer\smartclient\tst\zsmartclient_unittest\bin\x64\debug\net6.0-windows\zsmartclient_unittest.dll" id="89439a20-c712-15bd-9c46-c5709b4b0f9d">
      <TestCategory>
        <TestCategoryItem TestCategory="SearchResultActionBarViewModel" />
      </TestCategory>
      <Execution id="f8fe624e-a81e-4967-ac7b-678c19c545d7" />
      <TestMethod codeBase="D:\actions-runner\_work\XPCO\XPCO\AllSolutions\..\SC\Components\RemoteViewer\SmartClient\tst\zSmartClient_UnitTest\bin\x64\Debug\net6.0-windows\zSmartClient_UnitTest.dll" adapterTypeName="executor://mstestadapter/v2" className="SmartClient_UnitTest.VideoOS.RemoteClient.Plugin.CentralizedSearch.ViewModels.SearchResultsActionBarViewModelTest" name="SearchResultsActionBarActions_AddBookmark_NotEnabled" />
    </UnitTest>
    <UnitTest name="GetDuration_OneDay_Success" storage="d:\actions-runner\_work\xpco\xpco\allsolutions\..\sc\components\remoteviewer\smartclient\tst\zsmartclient_unittest\bin\x64\debug\net6.0-windows\zsmartclient_unittest.dll" id="131a26fa-18ee-ab45-1c25-e4348e5f16b7">
      <TestCategory>
        <TestCategoryItem TestCategory="Search" />
      </TestCategory>
      <Execution id="65401e64-418d-4879-91e8-828b0dc88ab7" />
      <TestMethod codeBase="D:\actions-runner\_work\XPCO\XPCO\AllSolutions\..\SC\Components\RemoteViewer\SmartClient\tst\zSmartClient_UnitTest\bin\x64\Debug\net6.0-windows\zSmartClient_UnitTest.dll" adapterTypeName="executor://mstestadapter/v2" className="SmartClient_UnitTest.VideoOS.RemoteClient.Plugin.CentralizedSearch.ViewModels.Data.TimeScopeTests" name="GetDuration_OneDay_Success" />
    </UnitTest>
    <UnitTest name="SidePanelToggleButtonIsVisible_DependingOnConditions (FullScreen,False,False,False)" storage="d:\actions-runner\_work\xpco\xpco\allsolutions\..\sc\components\remoteviewer\smartclient\tst\zsmartclient_unittest\bin\x64\debug\net6.0-windows\zsmartclient_unittest.dll" id="94e0ce4f-cd23-de5e-8ee5-c8db45188d88">
      <TestCategory>
        <TestCategoryItem TestCategory="WorkspaceToolbar" />
      </TestCategory>
      <Execution id="d37994e7-5c43-4d39-8024-94f10d6690c9" />
      <TestMethod codeBase="D:\actions-runner\_work\XPCO\XPCO\AllSolutions\..\SC\Components\RemoteViewer\SmartClient\tst\zSmartClient_UnitTest\bin\x64\Debug\net6.0-windows\zSmartClient_UnitTest.dll" adapterTypeName="executor://mstestadapter/v2" className="SmartClient_UnitTest.VideoOS.RemoteClient.Application.UI.Content.WorkspaceToolbar.WorkspaceToolbarViewModelTests" name="SidePanelToggleButtonIsVisible_DependingOnConditions" />
    </UnitTest>
    <UnitTest name="SearchResultsActionBarActions_MipAction_Exists" storage="d:\actions-runner\_work\xpco\xpco\allsolutions\..\sc\components\remoteviewer\smartclient\tst\zsmartclient_unittest\bin\x64\debug\net6.0-windows\zsmartclient_unittest.dll" id="c28e213e-317a-4527-5d0b-e1f50d0ea576">
      <TestCategory>
        <TestCategoryItem TestCategory="SearchResultActionBarViewModel" />
      </TestCategory>
      <Execution id="bc568f9c-a99c-4036-ba71-edef6a346822" />
      <TestMethod codeBase="D:\actions-runner\_work\XPCO\XPCO\AllSolutions\..\SC\Components\RemoteViewer\SmartClient\tst\zSmartClient_UnitTest\bin\x64\Debug\net6.0-windows\zSmartClient_UnitTest.dll" adapterTypeName="executor://mstestadapter/v2" className="SmartClient_UnitTest.VideoOS.RemoteClient.Plugin.CentralizedSearch.ViewModels.SearchResultsActionBarViewModelTest" name="SearchResultsActionBarActions_MipAction_Exists" />
    </UnitTest>
    <UnitTest name="ResultCountText_NoResults_Success" storage="d:\actions-runner\_work\xpco\xpco\allsolutions\..\sc\components\remoteviewer\smartclient\tst\zsmartclient_unittest\bin\x64\debug\net6.0-windows\zsmartclient_unittest.dll" id="f982a6b2-b7fa-97b9-3ee1-04eced2a82e8">
      <TestCategory>
        <TestCategoryItem TestCategory="SearchResultViewModels" />
      </TestCategory>
      <Execution id="90308c29-0dd1-4b8b-9d8e-dfaa40d21db7" />
      <TestMethod codeBase="D:\actions-runner\_work\XPCO\XPCO\AllSolutions\..\SC\Components\RemoteViewer\SmartClient\tst\zSmartClient_UnitTest\bin\x64\Debug\net6.0-windows\zSmartClient_UnitTest.dll" adapterTypeName="executor://mstestadapter/v2" className="SmartClient_UnitTest.VideoOS.RemoteClient.Plugin.CentralizedSearch.ViewModels.SearchResultsViewModelTest" name="ResultCountText_NoResults_Success" />
    </UnitTest>
    <UnitTest name="Deserialize_ShouldReturnCombineTypeOr_WhenCombineTypeIsOrInXml" storage="d:\actions-runner\_work\xpco\xpco\allsolutions\..\sc\components\remoteviewer\smartclient\tst\zsmartclient_unittest\bin\x64\debug\net6.0-windows\zsmartclient_unittest.dll" id="9b69c053-abc5-671a-966c-e8011ea8926f">
      <TestCategory>
        <TestCategoryItem TestCategory="SearchModels" />
      </TestCategory>
      <Execution id="0c825265-9195-439a-be1e-024c256a238a" />
      <TestMethod codeBase="D:\actions-runner\_work\XPCO\XPCO\AllSolutions\..\SC\Components\RemoteViewer\SmartClient\tst\zSmartClient_UnitTest\bin\x64\Debug\net6.0-windows\zSmartClient_UnitTest.dll" adapterTypeName="executor://mstestadapter/v2" className="SmartClient_UnitTest.VideoOS.RemoteClient.Plugin.CentralizedSearch.Models.SearchModelTests" name="Deserialize_ShouldReturnCombineTypeOr_WhenCombineTypeIsOrInXml" />
    </UnitTest>
    <UnitTest name="CallingAction_Activates_WorkSpaceToolbarPluginInstance_WhenToolbarPluginTypeIsAction" storage="d:\actions-runner\_work\xpco\xpco\allsolutions\..\sc\components\remoteviewer\smartclient\tst\zsmartclient_unittest\bin\x64\debug\net6.0-windows\zsmartclient_unittest.dll" id="fe6f2295-84a6-bdea-0225-d326e31ab62b">
      <TestCategory>
        <TestCategoryItem TestCategory="WorkspaceToolbar" />
      </TestCategory>
      <Execution id="df2de106-58d9-410d-91bf-9d2e1640cac9" />
      <TestMethod codeBase="D:\actions-runner\_work\XPCO\XPCO\AllSolutions\..\SC\Components\RemoteViewer\SmartClient\tst\zSmartClient_UnitTest\bin\x64\Debug\net6.0-windows\zSmartClient_UnitTest.dll" adapterTypeName="executor://mstestadapter/v2" className="SmartClient_UnitTest.VideoOS.RemoteClient.Application.Data.WorkspaceToolbar.WorkspaceToolbarItemMipPluginTests" name="CallingAction_Activates_WorkSpaceToolbarPluginInstance_WhenToolbarPluginTypeIsAction" />
    </UnitTest>
    <UnitTest name="GetServerTiles_ShouldReturnCorrectServerTilesWithSingleServerTest" storage="d:\actions-runner\_work\xpco\xpco\allsolutions\..\sc\components\remoteviewer\smartclient\tst\zsmartclient_unittest\bin\x64\debug\net6.0-windows\zsmartclient_unittest.dll" id="73bd23e6-7d5d-17da-f712-c442eb016e35">
      <Execution id="8e7738fc-03fb-480e-9da1-14c1e007427e" />
      <TestMethod codeBase="D:\actions-runner\_work\XPCO\XPCO\AllSolutions\..\SC\Components\RemoteViewer\SmartClient\tst\zSmartClient_UnitTest\bin\x64\Debug\net6.0-windows\zSmartClient_UnitTest.dll" adapterTypeName="executor://mstestadapter/v2" className="SmartClient_UnitTest.VideoOS.RemoteClient.Application.Data.ContentTypes.ReportingContentType.DashboardTileProviderTest" name="GetServerTiles_ShouldReturnCorrectServerTilesWithSingleServerTest" />
    </UnitTest>
    <UnitTest name="CameraMapItem_AddMapItemsAsync_ShouldSetCameraLayerVisible_IfNotVisibleWhenAddingCamera" storage="d:\actions-runner\_work\xpco\xpco\allsolutions\..\sc\components\remoteviewer\smartclient\tst\zsmartclient_unittest\bin\x64\debug\net6.0-windows\zsmartclient_unittest.dll" id="5fe6e33e-4c74-05bc-98e6-058910f0ab96">
      <TestCategory>
        <TestCategoryItem TestCategory="GisMapMapItem" />
      </TestCategory>
      <Execution id="34d8e65e-ebfe-4733-a31c-edaa85f56525" />
      <TestMethod codeBase="D:\actions-runner\_work\XPCO\XPCO\AllSolutions\..\SC\Components\RemoteViewer\SmartClient\tst\zSmartClient_UnitTest\bin\x64\Debug\net6.0-windows\zSmartClient_UnitTest.dll" adapterTypeName="executor://mstestadapter/v2" className="SmartClient_UnitTest.VideoOS.RemoteClient.GisMap.MapItem.MapItemTests" name="CameraMapItem_AddMapItemsAsync_ShouldSetCameraLayerVisible_IfNotVisibleWhenAddingCamera" />
    </UnitTest>
    <UnitTest name="SearchResultDetailsView_EscapeKey_AnimationEnabled_DetailsViewRemovedFromMainGrid" storage="d:\actions-runner\_work\xpco\xpco\allsolutions\..\sc\components\remoteviewer\smartclient\tst\zsmartclient_unittest\bin\x64\debug\net6.0-windows\zsmartclient_unittest.dll" id="0f2fab4c-9ed0-8156-9134-b17ff014dc4a">
      <TestCategory>
        <TestCategoryItem TestCategory="SearchViews" />
      </TestCategory>
      <Execution id="51054ac3-0fae-4728-8edd-85f8088a1040" />
      <TestMethod codeBase="D:\actions-runner\_work\XPCO\XPCO\AllSolutions\..\SC\Components\RemoteViewer\SmartClient\tst\zSmartClient_UnitTest\bin\x64\Debug\net6.0-windows\zSmartClient_UnitTest.dll" adapterTypeName="executor://mstestadapter/v2" className="SmartClient_UnitTest.VideoOS.RemoteClient.Plugin.CentralizedSearch.Views.SearchResultsViewTests" name="SearchResultDetailsView_EscapeKey_AnimationEnabled_DetailsViewRemovedFromMainGrid" />
    </UnitTest>
    <UnitTest name="Close_MainController_Success" storage="d:\actions-runner\_work\xpco\xpco\allsolutions\..\sc\components\remoteviewer\smartclient\tst\zsmartclient_unittest\bin\x64\debug\net6.0-windows\zsmartclient_unittest.dll" id="19ae25b4-0231-fc97-1b8f-0232f3086906">
      <TestCategory>
        <TestCategoryItem TestCategory="Search" />
      </TestCategory>
      <Execution id="0f91bef1-c9a9-45b6-a95b-75afa9f24431" />
      <TestMethod codeBase="D:\actions-runner\_work\XPCO\XPCO\AllSolutions\..\SC\Components\RemoteViewer\SmartClient\tst\zSmartClient_UnitTest\bin\x64\Debug\net6.0-windows\zSmartClient_UnitTest.dll" adapterTypeName="executor://mstestadapter/v2" className="SmartClient_UnitTest.VideoOS.RemoteClient.Plugin.CentralizedSearch.CentralizedSearchContentHolderTests" name="Close_MainController_Success" />
    </UnitTest>
    <UnitTest name="SelectTemplate_UseInlineEditTrue_ReturnsInlineTemplate" storage="d:\actions-runner\_work\xpco\xpco\allsolutions\..\sc\components\remoteviewer\smartclient\tst\zsmartclient_unittest\bin\x64\debug\net6.0-windows\zsmartclient_unittest.dll" id="04c83cca-8782-2962-eccb-1c1b5d4d8166">
      <TestCategory>
        <TestCategoryItem TestCategory="SearchViews" />
      </TestCategory>
      <Execution id="b251bc86-0d80-4a4f-93de-7a7fd94021d2" />
      <TestMethod codeBase="D:\actions-runner\_work\XPCO\XPCO\AllSolutions\..\SC\Components\RemoteViewer\SmartClient\tst\zSmartClient_UnitTest\bin\x64\Debug\net6.0-windows\zSmartClient_UnitTest.dll" adapterTypeName="executor://mstestadapter/v2" className="SmartClient_UnitTest.VideoOS.RemoteClient.Plugin.CentralizedSearch.Views.AttributeEditControlTemplateSelectorTests" name="SelectTemplate_UseInlineEditTrue_ReturnsInlineTemplate" />
    </UnitTest>
    <UnitTest name="ObjectToEnabledConverter_Convert_Success" storage="d:\actions-runner\_work\xpco\xpco\allsolutions\..\sc\components\remoteviewer\smartclient\tst\zsmartclient_unittest\bin\x64\debug\net6.0-windows\zsmartclient_unittest.dll" id="19f414fb-e29e-e53a-f5c0-dddd8004a79d">
      <Execution id="1ed28259-0fa0-4e87-855b-4e48363e214b" />
      <TestMethod codeBase="D:\actions-runner\_work\XPCO\XPCO\AllSolutions\..\SC\Components\RemoteViewer\SmartClient\tst\zSmartClient_UnitTest\bin\x64\Debug\net6.0-windows\zSmartClient_UnitTest.dll" adapterTypeName="executor://mstestadapter/v2" className="SmartClient_UnitTest.VideoOS.RemoteClient.Application.UI.PtzPreset.PatrollingConverters.ObjectToEnabledConverterTest" name="ObjectToEnabledConverter_Convert_Success" />
    </UnitTest>
    <UnitTest name="SearchResultsActionBarActions_DeleteBookmark_SingleResult_DeleteBookmarkInvoked" storage="d:\actions-runner\_work\xpco\xpco\allsolutions\..\sc\components\remoteviewer\smartclient\tst\zsmartclient_unittest\bin\x64\debug\net6.0-windows\zsmartclient_unittest.dll" id="311fde88-c34a-c749-87ef-d691bdbb01e5">
      <TestCategory>
        <TestCategoryItem TestCategory="Search.Bookmarks" />
      </TestCategory>
      <Execution id="b08dcf8e-d61b-4dd8-9703-d5357696e028" />
      <TestMethod codeBase="D:\actions-runner\_work\XPCO\XPCO\AllSolutions\..\SC\Components\RemoteViewer\SmartClient\tst\zSmartClient_UnitTest\bin\x64\Debug\net6.0-windows\zSmartClient_UnitTest.dll" adapterTypeName="executor://mstestadapter/v2" className="SmartClient_UnitTest.VideoOS.RemoteClient.Plugin.CentralizedSearch.ViewModels.SearchResultsActionBarViewModelTest" name="SearchResultsActionBarActions_DeleteBookmark_SingleResult_DeleteBookmarkInvoked" />
    </UnitTest>
    <UnitTest name="GetSKU_ShouldReturnCorrectSKU" storage="d:\actions-runner\_work\xpco\xpco\allsolutions\..\sc\components\remoteviewer\smartclient\tst\zsmartclient_unittest\bin\x64\debug\net6.0-windows\zsmartclient_unittest.dll" id="7249d529-4797-4846-66f9-a36e8ab1d5c8">
      <Execution id="82590c0b-dea4-479a-97d5-81274a95ff69" />
      <TestMethod codeBase="D:\actions-runner\_work\XPCO\XPCO\AllSolutions\..\SC\Components\RemoteViewer\SmartClient\tst\zSmartClient_UnitTest\bin\x64\Debug\net6.0-windows\zSmartClient_UnitTest.dll" adapterTypeName="executor://mstestadapter/v2" className="SmartClient_UnitTest.VideoOS.RemoteClient.Application.Common.Telemetry.SCTelemetrySpecificsTests" name="GetSKU_ShouldReturnCorrectSKU" />
    </UnitTest>
    <UnitTest name="Instance_ShouldBeSingleton_WhenCalled" storage="d:\actions-runner\_work\xpco\xpco\allsolutions\..\sc\components\remoteviewer\smartclient\tst\zsmartclient_unittest\bin\x64\debug\net6.0-windows\zsmartclient_unittest.dll" id="cd58fbcf-a8ec-7be0-672d-3675d644b67c">
      <TestCategory>
        <TestCategoryItem TestCategory="GisMapData.OutputOemResourcesProviderTests" />
      </TestCategory>
      <Execution id="7299c90e-4de6-446b-915b-0b46f92290c5" />
      <TestMethod codeBase="D:\actions-runner\_work\XPCO\XPCO\AllSolutions\..\SC\Components\RemoteViewer\SmartClient\tst\zSmartClient_UnitTest\bin\x64\Debug\net6.0-windows\zSmartClient_UnitTest.dll" adapterTypeName="executor://mstestadapter/v2" className="SmartClient_UnitTest.VideoOS.RemoteClient.GisMapData.Resources.OutputOemResourcesProviderTests" name="Instance_ShouldBeSingleton_WhenCalled" />
    </UnitTest>
    <UnitTest name="DeactivatedOutputIconsId_ShouldReturnDeactivatedIconsInAProperOrder_WhenCalled" storage="d:\actions-runner\_work\xpco\xpco\allsolutions\..\sc\components\remoteviewer\smartclient\tst\zsmartclient_unittest\bin\x64\debug\net6.0-windows\zsmartclient_unittest.dll" id="04187fa0-5851-9668-dfce-6611bb5be8f1">
      <TestCategory>
        <TestCategoryItem TestCategory="GisMapData.OutputOemResourcesProviderTests" />
      </TestCategory>
      <Execution id="378666ac-d1bd-450b-9082-cc99314faac7" />
      <TestMethod codeBase="D:\actions-runner\_work\XPCO\XPCO\AllSolutions\..\SC\Components\RemoteViewer\SmartClient\tst\zSmartClient_UnitTest\bin\x64\Debug\net6.0-windows\zSmartClient_UnitTest.dll" adapterTypeName="executor://mstestadapter/v2" className="SmartClient_UnitTest.VideoOS.RemoteClient.GisMapData.Resources.OutputOemResourcesProviderTests" name="DeactivatedOutputIconsId_ShouldReturnDeactivatedIconsInAProperOrder_WhenCalled" />
    </UnitTest>
    <UnitTest name="TestConstructor_MultipleGenerations_Success" storage="d:\actions-runner\_work\xpco\xpco\allsolutions\..\sc\components\remoteviewer\smartclient\tst\zsmartclient_unittest\bin\x64\debug\net6.0-windows\zsmartclient_unittest.dll" id="f82ee61b-ae97-d19b-9f9c-9b68d981c021">
      <Execution id="2547c6b7-1e82-446c-85df-e31fc4bca6e1" />
      <TestMethod codeBase="D:\actions-runner\_work\XPCO\XPCO\AllSolutions\..\SC\Components\RemoteViewer\SmartClient\tst\zSmartClient_UnitTest\bin\x64\Debug\net6.0-windows\zSmartClient_UnitTest.dll" adapterTypeName="executor://mstestadapter/v2" className="SmartClient_UnitTest.VideoOS.RemoteClient.GisMapData.Common.GisMapServerCapabilitiesTest" name="TestConstructor_MultipleGenerations_Success" />
    </UnitTest>
    <UnitTest name="SmartMapGoToPositionHandler_WhenLatitudeIsInvalid_ShouldWriteToLog" storage="d:\actions-runner\_work\xpco\xpco\allsolutions\..\sc\components\remoteviewer\smartclient\tst\zsmartclient_unittest\bin\x64\debug\net6.0-windows\zsmartclient_unittest.dll" id="bebeb62d-71fa-2720-42c0-f4320951d2ce">
      <Execution id="3c987542-61ee-4e98-8417-110de17551be" />
      <TestMethod codeBase="D:\actions-runner\_work\XPCO\XPCO\AllSolutions\..\SC\Components\RemoteViewer\SmartClient\tst\zSmartClient_UnitTest\bin\x64\Debug\net6.0-windows\zSmartClient_UnitTest.dll" adapterTypeName="executor://mstestadapter/v2" className="SmartClient_UnitTest.VideoOS.RemoteClient.Plugin.GisMap.MIP.ContentHolderMipMessageManagerTests" name="SmartMapGoToPositionHandler_WhenLatitudeIsInvalid_ShouldWriteToLog" />
    </UnitTest>
    <UnitTest name="Retrieve_Success" storage="d:\actions-runner\_work\xpco\xpco\allsolutions\..\sc\components\remoteviewer\smartclient\tst\zsmartclient_unittest\bin\x64\debug\net6.0-windows\zsmartclient_unittest.dll" id="c845158a-13c6-a74d-17c8-bb3ff5beabf6">
      <TestCategory>
        <TestCategoryItem TestCategory="MipItemsRetriever" />
      </TestCategory>
      <Execution id="a4d00d8b-accd-4182-8a6c-d7c92eb56790" />
      <TestMethod codeBase="D:\actions-runner\_work\XPCO\XPCO\AllSolutions\..\SC\Components\RemoteViewer\SmartClient\tst\zSmartClient_UnitTest\bin\x64\Debug\net6.0-windows\zSmartClient_UnitTest.dll" adapterTypeName="executor://mstestadapter/v2" className="SmartClient_UnitTest.VideoOS.RemoteClient.Plugin.GisMap.MIP.MipItemActionsCommunicatorTests" name="Retrieve_Success" />
    </UnitTest>
    <UnitTest name="SearchModelOnSearchResultsExpired_OnUiThread_Success" storage="d:\actions-runner\_work\xpco\xpco\allsolutions\..\sc\components\remoteviewer\smartclient\tst\zsmartclient_unittest\bin\x64\debug\net6.0-windows\zsmartclient_unittest.dll" id="8427d757-e615-3911-b8e1-c6a9d939c66c">
      <TestCategory>
        <TestCategoryItem TestCategory="SearchViewModels" />
      </TestCategory>
      <Execution id="7d9c8680-e0be-4938-a661-396ffe14836c" />
      <TestMethod codeBase="D:\actions-runner\_work\XPCO\XPCO\AllSolutions\..\SC\Components\RemoteViewer\SmartClient\tst\zSmartClient_UnitTest\bin\x64\Debug\net6.0-windows\zSmartClient_UnitTest.dll" adapterTypeName="executor://mstestadapter/v2" className="SmartClient_UnitTest.VideoOS.RemoteClient.Plugin.CentralizedSearch.ViewModels.SearchViewModelTests" name="SearchModelOnSearchResultsExpired_OnUiThread_Success" />
    </UnitTest>
    <UnitTest name="IconResourceKey_ShouldBeValid_WhenInteractionStateIsAddOutput" storage="d:\actions-runner\_work\xpco\xpco\allsolutions\..\sc\components\remoteviewer\smartclient\tst\zsmartclient_unittest\bin\x64\debug\net6.0-windows\zsmartclient_unittest.dll" id="284b6dde-d469-e7b6-918d-53acf8f9cd77">
      <TestCategory>
        <TestCategoryItem TestCategory="GisMap.UI.DeviceSelectors.PanelComponents" />
      </TestCategory>
      <Execution id="55ca67d7-17af-4a10-bc05-45f215904663" />
      <TestMethod codeBase="D:\actions-runner\_work\XPCO\XPCO\AllSolutions\..\SC\Components\RemoteViewer\SmartClient\tst\zSmartClient_UnitTest\bin\x64\Debug\net6.0-windows\zSmartClient_UnitTest.dll" adapterTypeName="executor://mstestadapter/v2" className="SmartClient_UnitTest.VideoOS.RemoteClient.Plugin.GisMap.UI.DeviceSelectors.PanelComponents.DeviceSelectorPanelComponentTests" name="IconResourceKey_ShouldBeValid_WhenInteractionStateIsAddOutput" />
    </UnitTest>
    <UnitTest name="SearchResultsActionBarActions_MipActionSupportsSelectedSearchResult_ActionEnabled" storage="d:\actions-runner\_work\xpco\xpco\allsolutions\..\sc\components\remoteviewer\smartclient\tst\zsmartclient_unittest\bin\x64\debug\net6.0-windows\zsmartclient_unittest.dll" id="3e265c80-d18d-ffa2-733c-86a2e1bcbc61">
      <TestCategory>
        <TestCategoryItem TestCategory="SearchResultActionBarViewModel" />
      </TestCategory>
      <Execution id="035a7767-9d12-4d58-b5c2-3c188c4bd186" />
      <TestMethod codeBase="D:\actions-runner\_work\XPCO\XPCO\AllSolutions\..\SC\Components\RemoteViewer\SmartClient\tst\zSmartClient_UnitTest\bin\x64\Debug\net6.0-windows\zSmartClient_UnitTest.dll" adapterTypeName="executor://mstestadapter/v2" className="SmartClient_UnitTest.VideoOS.RemoteClient.Plugin.CentralizedSearch.ViewModels.SearchResultsActionBarViewModelTest" name="SearchResultsActionBarActions_MipActionSupportsSelectedSearchResult_ActionEnabled" />
    </UnitTest>
    <UnitTest name="TestUpdateState_InSetup" storage="d:\actions-runner\_work\xpco\xpco\allsolutions\..\sc\components\remoteviewer\smartclient\tst\zsmartclient_unittest\bin\x64\debug\net6.0-windows\zsmartclient_unittest.dll" id="4ac872cb-6eae-9e1a-7612-37a387bb363b">
      <TestCategory>
        <TestCategoryItem TestCategory="WorkspaceToolbar" />
      </TestCategory>
      <Execution id="08259d99-1bc6-491e-b5b0-2dd47e1cbd19" />
      <TestMethod codeBase="D:\actions-runner\_work\XPCO\XPCO\AllSolutions\..\SC\Components\RemoteViewer\SmartClient\tst\zSmartClient_UnitTest\bin\x64\Debug\net6.0-windows\zSmartClient_UnitTest.dll" adapterTypeName="executor://mstestadapter/v2" className="SmartClient_UnitTest.VideoOS.RemoteClient.Application.Data.WorkspaceToolbar.WorkspaceToolbarItemSmartSearchTests" name="TestUpdateState_InSetup" />
    </UnitTest>
    <UnitTest name="ConvertBack_Throws" storage="d:\actions-runner\_work\xpco\xpco\allsolutions\..\sc\components\remoteviewer\smartclient\tst\zsmartclient_unittest\bin\x64\debug\net6.0-windows\zsmartclient_unittest.dll" id="0d68917f-e0c8-8b03-5d02-6e8d6b862245">
      <TestCategory>
        <TestCategoryItem TestCategory="SearchConverter" />
      </TestCategory>
      <Execution id="90c3557c-5955-4d1a-bc59-71c8d620a67b" />
      <TestMethod codeBase="D:\actions-runner\_work\XPCO\XPCO\AllSolutions\..\SC\Components\RemoteViewer\SmartClient\tst\zSmartClient_UnitTest\bin\x64\Debug\net6.0-windows\zSmartClient_UnitTest.dll" adapterTypeName="executor://mstestadapter/v2" className="SmartClient_UnitTest.VideoOS.RemoteClient.Plugin.CentralizedSearch.Views.Converters.NoCriteriaSelectedGridVisibilityConverterTests" name="ConvertBack_Throws" />
    </UnitTest>
    <UnitTest name="RightButtonDown_DoubleClick_ZoomsOut" storage="d:\actions-runner\_work\xpco\xpco\allsolutions\..\sc\components\remoteviewer\smartclient\tst\zsmartclient_unittest\bin\x64\debug\net6.0-windows\zsmartclient_unittest.dll" id="de275d14-569b-3727-dc66-e87b528f415d">
      <TestCategory>
        <TestCategoryItem TestCategory="GisMap.MapControl" />
      </TestCategory>
      <Execution id="945bd2ad-5bc9-4f37-a424-11d6a014d008" />
      <TestMethod codeBase="D:\actions-runner\_work\XPCO\XPCO\AllSolutions\..\SC\Components\RemoteViewer\SmartClient\tst\zSmartClient_UnitTest\bin\x64\Debug\net6.0-windows\zSmartClient_UnitTest.dll" adapterTypeName="executor://mstestadapter/v2" className="SmartClient_UnitTest.VideoOS.RemoteClient.Plugin.GisMap.ThinkGeoMap.ThinkGeoMapControlTests" name="RightButtonDown_DoubleClick_ZoomsOut" />
    </UnitTest>
    <UnitTest name="GetGisMapLayerFlyoutName_ShouldRaiseArgumentNullException_WhenOptionManagerIsNull" storage="d:\actions-runner\_work\xpco\xpco\allsolutions\..\sc\components\remoteviewer\smartclient\tst\zsmartclient_unittest\bin\x64\debug\net6.0-windows\zsmartclient_unittest.dll" id="52501ffb-ac7e-ad78-d1e0-6621a5b53480">
      <TestCategory>
        <TestCategoryItem TestCategory="GisMapData.Controllers.Osm" />
      </TestCategory>
      <Execution id="fc51527f-4523-4680-aae4-f16134d71815" />
      <TestMethod codeBase="D:\actions-runner\_work\XPCO\XPCO\AllSolutions\..\SC\Components\RemoteViewer\SmartClient\tst\zSmartClient_UnitTest\bin\x64\Debug\net6.0-windows\zSmartClient_UnitTest.dll" adapterTypeName="executor://mstestadapter/v2" className="SmartClient_UnitTest.VideoOS.RemoteClient.GisMapData.Controllers.Osm.GisMapOsmControllerTests" name="GetGisMapLayerFlyoutName_ShouldRaiseArgumentNullException_WhenOptionManagerIsNull" />
    </UnitTest>
    <UnitTest name="Update_Retention_Times_Cannot_Be_Before_1900" storage="d:\actions-runner\_work\xpco\xpco\allsolutions\..\sc\components\remoteviewer\smartclient\tst\zsmartclient_unittest\bin\x64\debug\net6.0-windows\zsmartclient_unittest.dll" id="cb294e8a-66b3-92e4-9b3b-b2ff0e864477">
      <Execution id="ab08b3dc-0738-44d7-b8de-05a43f34e023" />
      <TestMethod codeBase="D:\actions-runner\_work\XPCO\XPCO\AllSolutions\..\SC\Components\RemoteViewer\SmartClient\tst\zSmartClient_UnitTest\bin\x64\Debug\net6.0-windows\zSmartClient_UnitTest.dll" adapterTypeName="executor://mstestadapter/v2" className="SmartClient_UnitTest.VideoOS.RemoteClient.Application.Components.EvidenceLock.EvidenceLockCreateEditTests" name="Update_Retention_Times_Cannot_Be_Before_1900" />
    </UnitTest>
    <UnitTest name="GetDomain_ShouldReturnDomainPartOfNetworkCredentials_WhenNetworkCredentialsContainsADomain" storage="d:\actions-runner\_work\xpco\xpco\allsolutions\..\sc\components\remoteviewer\smartclient\tst\zsmartclient_unittest\bin\x64\debug\net6.0-windows\zsmartclient_unittest.dll" id="e07f5d01-bfa0-04f4-825e-59c493d5b5f5">
      <TestCategory>
        <TestCategoryItem TestCategory="Authentication.ClientCredentials" />
      </TestCategory>
      <Execution id="9ef5beb6-96c5-47d7-a743-7f18341e7ad1" />
      <TestMethod codeBase="D:\actions-runner\_work\XPCO\XPCO\AllSolutions\..\SC\Components\RemoteViewer\SmartClient\tst\zSmartClient_UnitTest\bin\x64\Debug\net6.0-windows\zSmartClient_UnitTest.dll" adapterTypeName="executor://mstestadapter/v2" className="SmartClient_UnitTest.VideoOS.Shared.ServerAPI.ClientCredentialsTest" name="GetDomain_ShouldReturnDomainPartOfNetworkCredentials_WhenNetworkCredentialsContainsADomain" />
    </UnitTest>
    <UnitTest name="OutputMapItem_ForceActivateAsync_NotInBuilding_Success" storage="d:\actions-runner\_work\xpco\xpco\allsolutions\..\sc\components\remoteviewer\smartclient\tst\zsmartclient_unittest\bin\x64\debug\net6.0-windows\zsmartclient_unittest.dll" id="55849d48-8f3f-820c-27fa-98e4f30a7358">
      <TestCategory>
        <TestCategoryItem TestCategory="GisMapData.MapItem.Outputs" />
      </TestCategory>
      <Execution id="dc68a175-c08d-4566-92f5-359d495f9a44" />
      <TestMethod codeBase="D:\actions-runner\_work\XPCO\XPCO\AllSolutions\..\SC\Components\RemoteViewer\SmartClient\tst\zSmartClient_UnitTest\bin\x64\Debug\net6.0-windows\zSmartClient_UnitTest.dll" adapterTypeName="executor://mstestadapter/v2" className="SmartClient_UnitTest.VideoOS.RemoteClient.GisMapData.MapItem.Outputs.OutputMapItemTests" name="OutputMapItem_ForceActivateAsync_NotInBuilding_Success" />
    </UnitTest>
    <UnitTest name="GetDuration_SeveralMinutes_Success" storage="d:\actions-runner\_work\xpco\xpco\allsolutions\..\sc\components\remoteviewer\smartclient\tst\zsmartclient_unittest\bin\x64\debug\net6.0-windows\zsmartclient_unittest.dll" id="1522f9c5-5447-f8a7-7916-026ac691e6f0">
      <TestCategory>
        <TestCategoryItem TestCategory="Search" />
      </TestCategory>
      <Execution id="b44f80fb-a17a-45ed-b130-75a3459393cb" />
      <TestMethod codeBase="D:\actions-runner\_work\XPCO\XPCO\AllSolutions\..\SC\Components\RemoteViewer\SmartClient\tst\zSmartClient_UnitTest\bin\x64\Debug\net6.0-windows\zSmartClient_UnitTest.dll" adapterTypeName="executor://mstestadapter/v2" className="SmartClient_UnitTest.VideoOS.RemoteClient.Plugin.CentralizedSearch.ViewModels.Data.TimeScopeTests" name="GetDuration_SeveralMinutes_Success" />
    </UnitTest>
    <UnitTest name="SearchAction_BrowseMode_OneYearInTheFuture" storage="d:\actions-runner\_work\xpco\xpco\allsolutions\..\sc\components\remoteviewer\smartclient\tst\zsmartclient_unittest\bin\x64\debug\net6.0-windows\zsmartclient_unittest.dll" id="cb217fc0-412f-9e5e-8b31-b39324af2ee8">
      <TestCategory>
        <TestCategoryItem TestCategory="WorkspaceToolbar" />
      </TestCategory>
      <Execution id="8ed3f8b5-7f91-438a-8957-a490adb3d0ad" />
      <TestMethod codeBase="D:\actions-runner\_work\XPCO\XPCO\AllSolutions\..\SC\Components\RemoteViewer\SmartClient\tst\zSmartClient_UnitTest\bin\x64\Debug\net6.0-windows\zSmartClient_UnitTest.dll" adapterTypeName="executor://mstestadapter/v2" className="SmartClient_UnitTest.VideoOS.RemoteClient.Application.Data.WorkspaceToolbar.WorkspaceToolbarItemSmartSearchTests" name="SearchAction_BrowseMode_OneYearInTheFuture" />
    </UnitTest>
    <UnitTest name="TestGetBuildingClient_WithoutBuildingSupport_Success" storage="d:\actions-runner\_work\xpco\xpco\allsolutions\..\sc\components\remoteviewer\smartclient\tst\zsmartclient_unittest\bin\x64\debug\net6.0-windows\zsmartclient_unittest.dll" id="94665017-ba44-93eb-512e-f9565e558eb5">
      <Execution id="d85f7c80-7cbe-49c6-9b38-fd33598615b2" />
      <TestMethod codeBase="D:\actions-runner\_work\XPCO\XPCO\AllSolutions\..\SC\Components\RemoteViewer\SmartClient\tst\zSmartClient_UnitTest\bin\x64\Debug\net6.0-windows\zSmartClient_UnitTest.dll" adapterTypeName="executor://mstestadapter/v2" className="SmartClient_UnitTest.VideoOS.RemoteClient.GisMapData.Communication.CommunicationFacadeTests" name="TestGetBuildingClient_WithoutBuildingSupport_Success" />
    </UnitTest>
    <UnitTest name="SupportsRightClick_ShouldBeTrue_WhenInteractionStateIsNormal" storage="d:\actions-runner\_work\xpco\xpco\allsolutions\..\sc\components\remoteviewer\smartclient\tst\zsmartclient_unittest\bin\x64\debug\net6.0-windows\zsmartclient_unittest.dll" id="7f983a5e-5f3c-ed76-0115-273409a0ed19">
      <TestCategory>
        <TestCategoryItem TestCategory="GisMap.LegacyLinkMarker" />
      </TestCategory>
      <Execution id="fc91a6d7-3004-4da8-9f75-ed5aa598032c" />
      <TestMethod codeBase="D:\actions-runner\_work\XPCO\XPCO\AllSolutions\..\SC\Components\RemoteViewer\SmartClient\tst\zSmartClient_UnitTest\bin\x64\Debug\net6.0-windows\zSmartClient_UnitTest.dll" adapterTypeName="executor://mstestadapter/v2" className="SmartClient_UnitTest.VideoOS.RemoteClient.Plugin.GisMap.ThinkGeoMap.Markers.LegacyLinkMarker.LegacyLinkMarkerTests" name="SupportsRightClick_ShouldBeTrue_WhenInteractionStateIsNormal" />
    </UnitTest>
    <UnitTest name="AudioControllerOnDevicesLockEvent_ShouldEnableMicrophones_WhenUnlockingAudioDevicesAndApplicationIsInLiveMode" storage="d:\actions-runner\_work\xpco\xpco\allsolutions\..\sc\components\remoteviewer\smartclient\tst\zsmartclient_unittest\bin\x64\debug\net6.0-windows\zsmartclient_unittest.dll" id="7aa665c6-6d05-2641-5b0e-6f3ba4797370">
      <TestCategory>
        <TestCategoryItem TestCategory="GisMapData.MapLayers" />
      </TestCategory>
      <Execution id="6edcee81-2e87-4cbe-907c-ab82fb329fb8" />
      <TestMethod codeBase="D:\actions-runner\_work\XPCO\XPCO\AllSolutions\..\SC\Components\RemoteViewer\SmartClient\tst\zSmartClient_UnitTest\bin\x64\Debug\net6.0-windows\zSmartClient_UnitTest.dll" adapterTypeName="executor://mstestadapter/v2" className="SmartClient_UnitTest.VideoOS.RemoteClient.GisMapData.MapLayers.MicrophoneItemsMapLayerTests" name="AudioControllerOnDevicesLockEvent_ShouldEnableMicrophones_WhenUnlockingAudioDevicesAndApplicationIsInLiveMode" />
    </UnitTest>
    <UnitTest name="MarkerFactory_WhenMapItemIsGiven_ShouldReturnMarker" storage="d:\actions-runner\_work\xpco\xpco\allsolutions\..\sc\components\remoteviewer\smartclient\tst\zsmartclient_unittest\bin\x64\debug\net6.0-windows\zsmartclient_unittest.dll" id="c66f0344-0d06-e154-dea7-64ff1ea75851">
      <TestCategory>
        <TestCategoryItem TestCategory="GisMap.MarkerFactory" />
      </TestCategory>
      <Execution id="5e152555-1bc8-431d-90bb-3187dea9d826" />
      <TestMethod codeBase="D:\actions-runner\_work\XPCO\XPCO\AllSolutions\..\SC\Components\RemoteViewer\SmartClient\tst\zSmartClient_UnitTest\bin\x64\Debug\net6.0-windows\zSmartClient_UnitTest.dll" adapterTypeName="executor://mstestadapter/v2" className="SmartClient_UnitTest.VideoOS.RemoteClient.Plugin.GisMap.IoC.MarkerFactoryTests" name="MarkerFactory_WhenMapItemIsGiven_ShouldReturnMarker" />
    </UnitTest>
    <UnitTest name="JobData_SetsCorrect_StatusText_And_SortOrder" storage="d:\actions-runner\_work\xpco\xpco\allsolutions\..\sc\components\remoteviewer\smartclient\tst\zsmartclient_unittest\bin\x64\debug\net6.0-windows\zsmartclient_unittest.dll" id="3ab16e75-8a5c-b09f-3b52-52df61cf6c95">
      <Execution id="7b898d32-c696-433d-a9cc-113e58ea8421" />
      <TestMethod codeBase="D:\actions-runner\_work\XPCO\XPCO\AllSolutions\..\SC\Components\RemoteViewer\SmartClient\tst\zSmartClient_UnitTest\bin\x64\Debug\net6.0-windows\zSmartClient_UnitTest.dll" adapterTypeName="executor://mstestadapter/v2" className="SmartClient_UnitTest.VideoOS.RemoteClient.Application.UI.GlobalTools.ServerJobsTests" name="JobData_SetsCorrect_StatusText_And_SortOrder" />
    </UnitTest>
    <UnitTest name="SearchResultsActionBarActions_AddBookmark_MultipleResult_CreateBookmarkInvokedForAllItems" storage="d:\actions-runner\_work\xpco\xpco\allsolutions\..\sc\components\remoteviewer\smartclient\tst\zsmartclient_unittest\bin\x64\debug\net6.0-windows\zsmartclient_unittest.dll" id="dd9fef57-cc98-7ad4-c53a-0bf4ce117b29">
      <TestCategory>
        <TestCategoryItem TestCategory="SearchResultActionBarViewModel" />
      </TestCategory>
      <Execution id="4b132595-c46f-4916-b0f8-76fd8c959935" />
      <TestMethod codeBase="D:\actions-runner\_work\XPCO\XPCO\AllSolutions\..\SC\Components\RemoteViewer\SmartClient\tst\zSmartClient_UnitTest\bin\x64\Debug\net6.0-windows\zSmartClient_UnitTest.dll" adapterTypeName="executor://mstestadapter/v2" className="SmartClient_UnitTest.VideoOS.RemoteClient.Plugin.CentralizedSearch.ViewModels.SearchResultsActionBarViewModelTest" name="SearchResultsActionBarActions_AddBookmark_MultipleResult_CreateBookmarkInvokedForAllItems" />
    </UnitTest>
    <UnitTest name="ScWorkspaceStateChangedEvent_ShouldSetDeviceStateToMuted_WhenSwitchingToSetupModeAndDeviceStateIsUnMuted" storage="d:\actions-runner\_work\xpco\xpco\allsolutions\..\sc\components\remoteviewer\smartclient\tst\zsmartclient_unittest\bin\x64\debug\net6.0-windows\zsmartclient_unittest.dll" id="8a54600b-ddfe-122f-8fbb-15179853629f">
      <TestCategory>
        <TestCategoryItem TestCategory="GisMapData.MapLayers" />
      </TestCategory>
      <Execution id="28a32d28-cdd0-4718-adfc-bb5fab0d6649" />
      <TestMethod codeBase="D:\actions-runner\_work\XPCO\XPCO\AllSolutions\..\SC\Components\RemoteViewer\SmartClient\tst\zSmartClient_UnitTest\bin\x64\Debug\net6.0-windows\zSmartClient_UnitTest.dll" adapterTypeName="executor://mstestadapter/v2" className="SmartClient_UnitTest.VideoOS.RemoteClient.GisMapData.MapLayers.MicrophoneItemsMapLayerTests" name="ScWorkspaceStateChangedEvent_ShouldSetDeviceStateToMuted_WhenSwitchingToSetupModeAndDeviceStateIsUnMuted" />
    </UnitTest>
    <UnitTest name="GetClusters_ShouldIncludeItemFromBuildingIntoSuperClusterOutsideBuilding_WhenBuildingIsTooSmallToRender" storage="d:\actions-runner\_work\xpco\xpco\allsolutions\..\sc\components\remoteviewer\smartclient\tst\zsmartclient_unittest\bin\x64\debug\net6.0-windows\zsmartclient_unittest.dll" id="5e9a784a-512a-9e3c-4365-749c6efbd67e">
      <TestCategory>
        <TestCategoryItem TestCategory="GisMapIndex.SuperClusters" />
      </TestCategory>
      <Execution id="28d37a0d-c043-4b75-b05c-66b6bc445877" />
      <TestMethod codeBase="D:\actions-runner\_work\XPCO\XPCO\AllSolutions\..\SC\Components\RemoteViewer\SmartClient\tst\zSmartClient_UnitTest\bin\x64\Debug\net6.0-windows\zSmartClient_UnitTest.dll" adapterTypeName="executor://mstestadapter/v2" className="SmartClient_UnitTest.VideoOS.RemoteClient.GisMapData.Common.Indexer.BuildingsAwareIndexerTests_SuperCluster" name="GetClusters_ShouldIncludeItemFromBuildingIntoSuperClusterOutsideBuilding_WhenBuildingIsTooSmallToRender" />
    </UnitTest>
    <UnitTest name="TestAttachedView_WithNull_Success" storage="d:\actions-runner\_work\xpco\xpco\allsolutions\..\sc\components\remoteviewer\smartclient\tst\zsmartclient_unittest\bin\x64\debug\net6.0-windows\zsmartclient_unittest.dll" id="05f48571-d878-d35c-a36e-2898473abdf2">
      <Execution id="15c2fd59-0c3a-49db-8dd4-d8d00d949457" />
      <TestMethod codeBase="D:\actions-runner\_work\XPCO\XPCO\AllSolutions\..\SC\Components\RemoteViewer\SmartClient\tst\zSmartClient_UnitTest\bin\x64\Debug\net6.0-windows\zSmartClient_UnitTest.dll" adapterTypeName="executor://mstestadapter/v2" className="SmartClient_UnitTest.VideoOS.RemoteClient.Application.Controllers.WorkSpace.WorkSpaceItemTest" name="TestAttachedView_WithNull_Success" />
    </UnitTest>
    <UnitTest name="ToDenormalizedFieldOfView_LesserThan0_0_Failure" storage="d:\actions-runner\_work\xpco\xpco\allsolutions\..\sc\components\remoteviewer\smartclient\tst\zsmartclient_unittest\bin\x64\debug\net6.0-windows\zsmartclient_unittest.dll" id="ef6e5d44-4248-113e-0569-ec93691b2771">
      <TestCategory>
        <TestCategoryItem TestCategory="GisMap" />
      </TestCategory>
      <Execution id="cbd16c0d-f42b-45c1-9440-be07d6f0bc50" />
      <TestMethod codeBase="D:\actions-runner\_work\XPCO\XPCO\AllSolutions\..\SC\Components\RemoteViewer\SmartClient\tst\zSmartClient_UnitTest\bin\x64\Debug\net6.0-windows\zSmartClient_UnitTest.dll" adapterTypeName="executor://mstestadapter/v2" className="SmartClient_UnitTest.VideoOS.RemoteClient.GisMap.Utilities.GisUtilityTests" name="ToDenormalizedFieldOfView_LesserThan0_0_Failure" />
    </UnitTest>
    <UnitTest name="Decorate_ShouldNotAddChildren_WhenThereAreNoLayersImplementingITitleToggleable" storage="d:\actions-runner\_work\xpco\xpco\allsolutions\..\sc\components\remoteviewer\smartclient\tst\zsmartclient_unittest\bin\x64\debug\net6.0-windows\zsmartclient_unittest.dll" id="4fdd99bf-6905-0af0-30e5-6e050f489153">
      <TestCategory>
        <TestCategoryItem TestCategory="GisMap.LayerVisibilityItemDataChildrenToggleItemDecoratorTests" />
      </TestCategory>
      <Execution id="ee867c81-7517-4b75-9bab-ce3a1f5dc2de" />
      <TestMethod codeBase="D:\actions-runner\_work\XPCO\XPCO\AllSolutions\..\SC\Components\RemoteViewer\SmartClient\tst\zSmartClient_UnitTest\bin\x64\Debug\net6.0-windows\zSmartClient_UnitTest.dll" adapterTypeName="executor://mstestadapter/v2" className="SmartClient_UnitTest.VideoOS.RemoteClient.Plugin.GisMap.ViewModels.LayersVisibility.Decorators.LayerVisibilityItemDataChildrenToggleItemDecoratorTests" name="Decorate_ShouldNotAddChildren_WhenThereAreNoLayersImplementingITitleToggleable" />
    </UnitTest>
    <UnitTest name="PtzSessionController_GetPtzSessionInfo_Unregistered_Camera_Test" storage="d:\actions-runner\_work\xpco\xpco\allsolutions\..\sc\components\remoteviewer\smartclient\tst\zsmartclient_unittest\bin\x64\debug\net6.0-windows\zsmartclient_unittest.dll" id="65173ca9-ca7a-eecb-f51e-664ba3987e33">
      <Execution id="de816cfe-5f69-441a-9f6c-db1644058068" />
      <TestMethod codeBase="D:\actions-runner\_work\XPCO\XPCO\AllSolutions\..\SC\Components\RemoteViewer\SmartClient\tst\zSmartClient_UnitTest\bin\x64\Debug\net6.0-windows\zSmartClient_UnitTest.dll" adapterTypeName="executor://mstestadapter/v2" className="VideoOS.RemoteClient.Application.Controllers.UnitTest.PtzSessionControllerTest" name="PtzSessionController_GetPtzSessionInfo_Unregistered_Camera_Test" />
    </UnitTest>
    <UnitTest name="ExcludeItem_CameraItem_Excluded" storage="d:\actions-runner\_work\xpco\xpco\allsolutions\..\sc\components\remoteviewer\smartclient\tst\zsmartclient_unittest\bin\x64\debug\net6.0-windows\zsmartclient_unittest.dll" id="4fb4182c-2a3f-97bb-507b-d3ceb3937b43">
      <TestCategory>
        <TestCategoryItem TestCategory="GisMapIndex" />
      </TestCategory>
      <Execution id="698f781f-1a23-4e7a-9d34-b7eeedae511b" />
      <TestMethod codeBase="D:\actions-runner\_work\XPCO\XPCO\AllSolutions\..\SC\Components\RemoteViewer\SmartClient\tst\zSmartClient_UnitTest\bin\x64\Debug\net6.0-windows\zSmartClient_UnitTest.dll" adapterTypeName="executor://mstestadapter/v2" className="SmartClient_UnitTest.VideoOS.RemoteClient.GisMapData.Common.Indexer.BuildingsAwareIndexerTests" name="ExcludeItem_CameraItem_Excluded" />
    </UnitTest>
    <UnitTest name="RemoveWorkroom_ShouldChangeSelectionToNextWorkroom_WhenSelectedWorkroomIsRemoved" storage="d:\actions-runner\_work\xpco\xpco\allsolutions\..\sc\components\remoteviewer\smartclient\tst\zsmartclient_unittest\bin\x64\debug\net6.0-windows\zsmartclient_unittest.dll" id="4fc92a95-da20-ab9b-15d1-74f6c3c27fe0">
      <TestCategory>
        <TestCategoryItem TestCategory="WorkroomController" />
      </TestCategory>
      <Execution id="1ff756c5-9641-4eda-bc57-b7141d384317" />
      <TestMethod codeBase="D:\actions-runner\_work\XPCO\XPCO\AllSolutions\..\SC\Components\RemoteViewer\SmartClient\tst\zSmartClient_UnitTest\bin\x64\Debug\net6.0-windows\zSmartClient_UnitTest.dll" adapterTypeName="executor://mstestadapter/v2" className="SmartClient_UnitTest.VideoOS.RemoteClient.Application.Controllers.WorkroomController.WorkroomControllerBaseTest" name="RemoveWorkroom_ShouldChangeSelectionToNextWorkroom_WhenSelectedWorkroomIsRemoved" />
    </UnitTest>
    <UnitTest name="PtzSessionController_Constructor_ArgumentNull_PtzSessionTimer_Test" storage="d:\actions-runner\_work\xpco\xpco\allsolutions\..\sc\components\remoteviewer\smartclient\tst\zsmartclient_unittest\bin\x64\debug\net6.0-windows\zsmartclient_unittest.dll" id="6005aa8f-bfed-16e6-eb0c-0e72997b485a">
      <Execution id="daed44dc-dd18-45fa-bb05-5bb253c0e216" />
      <TestMethod codeBase="D:\actions-runner\_work\XPCO\XPCO\AllSolutions\..\SC\Components\RemoteViewer\SmartClient\tst\zSmartClient_UnitTest\bin\x64\Debug\net6.0-windows\zSmartClient_UnitTest.dll" adapterTypeName="executor://mstestadapter/v2" className="VideoOS.RemoteClient.Application.Controllers.UnitTest.PtzSessionControllerTest" name="PtzSessionController_Constructor_ArgumentNull_PtzSessionTimer_Test" />
    </UnitTest>
    <UnitTest name="Constructor_ShouldRaiseArgumentNullException_WhenNavigationHistoryIsNull" storage="d:\actions-runner\_work\xpco\xpco\allsolutions\..\sc\components\remoteviewer\smartclient\tst\zsmartclient_unittest\bin\x64\debug\net6.0-windows\zsmartclient_unittest.dll" id="70311a0a-2853-d903-384a-e493017e2da4">
      <TestCategory>
        <TestCategoryItem TestCategory="GisMap.GisMapViewModel" />
      </TestCategory>
      <Execution id="c8694740-d311-45ae-9fae-68ba62004727" />
      <TestMethod codeBase="D:\actions-runner\_work\XPCO\XPCO\AllSolutions\..\SC\Components\RemoteViewer\SmartClient\tst\zSmartClient_UnitTest\bin\x64\Debug\net6.0-windows\zSmartClient_UnitTest.dll" adapterTypeName="executor://mstestadapter/v2" className="SmartClient_UnitTest.VideoOS.RemoteClient.Plugin.GisMap.ViewModels.GisMapViewModelTests" name="Constructor_ShouldRaiseArgumentNullException_WhenNavigationHistoryIsNull" />
    </UnitTest>
    <UnitTest name="PatrollingStepListViewModel_CanAddStepExecute" storage="d:\actions-runner\_work\xpco\xpco\allsolutions\..\sc\components\remoteviewer\smartclient\tst\zsmartclient_unittest\bin\x64\debug\net6.0-windows\zsmartclient_unittest.dll" id="cc27b110-75f5-fa85-b001-d22c68a54aec">
      <Execution id="634d2c38-676d-4df7-8156-de011950b5aa" />
      <TestMethod codeBase="D:\actions-runner\_work\XPCO\XPCO\AllSolutions\..\SC\Components\RemoteViewer\SmartClient\tst\zSmartClient_UnitTest\bin\x64\Debug\net6.0-windows\zSmartClient_UnitTest.dll" adapterTypeName="executor://mstestadapter/v2" className="SmartClient_UnitTest.VideoOS.RemoteClient.Application.UI.PtzPreset.PatrollingViewModel.PatrollingStepListViewModelTest" name="PatrollingStepListViewModel_CanAddStepExecute" />
    </UnitTest>
    <UnitTest name="PatrollingStepViewModel_ExpectedTransitionTimeToPreset" storage="d:\actions-runner\_work\xpco\xpco\allsolutions\..\sc\components\remoteviewer\smartclient\tst\zsmartclient_unittest\bin\x64\debug\net6.0-windows\zsmartclient_unittest.dll" id="db90aeda-99d3-8862-c893-f6a75596efbc">
      <Execution id="403e9104-f6e7-4333-943b-96f697db8b91" />
      <TestMethod codeBase="D:\actions-runner\_work\XPCO\XPCO\AllSolutions\..\SC\Components\RemoteViewer\SmartClient\tst\zSmartClient_UnitTest\bin\x64\Debug\net6.0-windows\zSmartClient_UnitTest.dll" adapterTypeName="executor://mstestadapter/v2" className="SmartClient_UnitTest.VideoOS.RemoteClient.Application.UI.PtzPreset.PatrollingViewModel.PatrollingStepViewModelTest" name="PatrollingStepViewModel_ExpectedTransitionTimeToPreset" />
    </UnitTest>
    <UnitTest name="Constructor_ShouldRaiseArgumentNullException_WhenGisMapModelIsNull" storage="d:\actions-runner\_work\xpco\xpco\allsolutions\..\sc\components\remoteviewer\smartclient\tst\zsmartclient_unittest\bin\x64\debug\net6.0-windows\zsmartclient_unittest.dll" id="b7dfb3e8-2e47-78f3-b474-5d161942d69f">
      <TestCategory>
        <TestCategoryItem TestCategory="GisMap.GisMapViewModel" />
      </TestCategory>
      <Execution id="b847f5e7-4395-4d3d-8112-6c290b6be64c" />
      <TestMethod codeBase="D:\actions-runner\_work\XPCO\XPCO\AllSolutions\..\SC\Components\RemoteViewer\SmartClient\tst\zSmartClient_UnitTest\bin\x64\Debug\net6.0-windows\zSmartClient_UnitTest.dll" adapterTypeName="executor://mstestadapter/v2" className="SmartClient_UnitTest.VideoOS.RemoteClient.Plugin.GisMap.ViewModels.GisMapViewModelTests" name="Constructor_ShouldRaiseArgumentNullException_WhenGisMapModelIsNull" />
    </UnitTest>
    <UnitTest name="TrySelectAvailableExportNameTest_ShouldReturnValidationResultOk_When2ndDirectoryDoNotExistsIsFalse" storage="d:\actions-runner\_work\xpco\xpco\allsolutions\..\sc\components\remoteviewer\smartclient\tst\zsmartclient_unittest\bin\x64\debug\net6.0-windows\zsmartclient_unittest.dll" id="20b83e96-bb0c-eaa7-3f17-8420c76ddd7b">
      <Execution id="4d5a843b-588a-4451-999e-019504a13538" />
      <TestMethod codeBase="D:\actions-runner\_work\XPCO\XPCO\AllSolutions\..\SC\Components\RemoteViewer\SmartClient\tst\zSmartClient_UnitTest\bin\x64\Debug\net6.0-windows\zSmartClient_UnitTest.dll" adapterTypeName="executor://mstestadapter/v2" className="SmartClient_UnitTest.VideoOS.RemoteClient.Application.Data.Export.ExportDataHelperTests" name="TrySelectAvailableExportNameTest_ShouldReturnValidationResultOk_When2ndDirectoryDoNotExistsIsFalse" />
    </UnitTest>
    <UnitTest name="ToggleMicrophoneStateAsync_ShouldRaiseArgumentNullException_WhenMicrophoneIsNull" storage="d:\actions-runner\_work\xpco\xpco\allsolutions\..\sc\components\remoteviewer\smartclient\tst\zsmartclient_unittest\bin\x64\debug\net6.0-windows\zsmartclient_unittest.dll" id="76f56124-31a2-88ce-2d55-72b9a34a85b7">
      <TestCategory>
        <TestCategoryItem TestCategory="GisMapAudioController" />
      </TestCategory>
      <Execution id="7abf8896-9bec-4d30-9170-2ac8c5be9b83" />
      <TestMethod codeBase="D:\actions-runner\_work\XPCO\XPCO\AllSolutions\..\SC\Components\RemoteViewer\SmartClient\tst\zSmartClient_UnitTest\bin\x64\Debug\net6.0-windows\zSmartClient_UnitTest.dll" adapterTypeName="executor://mstestadapter/v2" className="SmartClient_UnitTest.VideoOS.RemoteClient.GisMapData.GisMapAudioControllerTests" name="ToggleMicrophoneStateAsync_ShouldRaiseArgumentNullException_WhenMicrophoneIsNull" />
    </UnitTest>
    <UnitTest name="ShowAccessControlSystems_ShouldReturnFalse_WhenOneACSystemsAvailable" storage="d:\actions-runner\_work\xpco\xpco\allsolutions\..\sc\components\remoteviewer\smartclient\tst\zsmartclient_unittest\bin\x64\debug\net6.0-windows\zsmartclient_unittest.dll" id="0888e3f9-abd4-4799-6395-fe5ed75b869d">
      <Execution id="57984acd-bd87-4e8b-940e-d5da249e7898" />
      <TestMethod codeBase="D:\actions-runner\_work\XPCO\XPCO\AllSolutions\..\SC\Components\RemoteViewer\SmartClient\tst\zSmartClient_UnitTest\bin\x64\Debug\net6.0-windows\zSmartClient_UnitTest.dll" adapterTypeName="executor://mstestadapter/v2" className="SmartClient_UnitTest.VideoOS.RemoteClient.AccessControl.ViewModel.CardholdersTabViewModelTests" name="ShowAccessControlSystems_ShouldReturnFalse_WhenOneACSystemsAvailable" />
    </UnitTest>
    <UnitTest name="CloseCommand_ShouldSetInteractionStateToNormal_WhenInvoked" storage="d:\actions-runner\_work\xpco\xpco\allsolutions\..\sc\components\remoteviewer\smartclient\tst\zsmartclient_unittest\bin\x64\debug\net6.0-windows\zsmartclient_unittest.dll" id="5b878309-5fba-ade9-5fb0-a0b0fe46423a">
      <TestCategory>
        <TestCategoryItem TestCategory="GisMap.DeviceSelectorWindowViewModel" />
      </TestCategory>
      <Execution id="53f36229-8ca8-4252-b7f6-7edfdcaddab6" />
      <TestMethod codeBase="D:\actions-runner\_work\XPCO\XPCO\AllSolutions\..\SC\Components\RemoteViewer\SmartClient\tst\zSmartClient_UnitTest\bin\x64\Debug\net6.0-windows\zSmartClient_UnitTest.dll" adapterTypeName="executor://mstestadapter/v2" className="SmartClient_UnitTest.VideoOS.RemoteClient.Plugin.GisMap.ViewModels.DeviceSelectorWindowViewModelTests" name="CloseCommand_ShouldSetInteractionStateToNormal_WhenInvoked" />
    </UnitTest>
    <UnitTest name="Password 1 empty" storage="d:\actions-runner\_work\xpco\xpco\allsolutions\..\sc\components\remoteviewer\smartclient\tst\zsmartclient_unittest\bin\x64\debug\net6.0-windows\zsmartclient_unittest.dll" id="6c760899-d63e-372b-347e-f2aa62fff100">
      <TestCategory>
        <TestCategoryItem TestCategory="Export" />
      </TestCategory>
      <Execution id="2edc771c-4fc3-4ff7-884d-d1ec96ef7516" />
      <TestMethod codeBase="D:\actions-runner\_work\XPCO\XPCO\AllSolutions\..\SC\Components\RemoteViewer\SmartClient\tst\zSmartClient_UnitTest\bin\x64\Debug\net6.0-windows\zSmartClient_UnitTest.dll" adapterTypeName="executor://mstestadapter/v2" className="SmartClient_UnitTest.VideoOS.RemoteClient.Plugin.Export.PasswordDialogViewModelTests" name="InitialPassword_ShouldResultInCorrectValidity" />
    </UnitTest>
    <UnitTest name="IsOAuth_ShouldReturnFalse_WhenConstructedUsingSimple" storage="d:\actions-runner\_work\xpco\xpco\allsolutions\..\sc\components\remoteviewer\smartclient\tst\zsmartclient_unittest\bin\x64\debug\net6.0-windows\zsmartclient_unittest.dll" id="edaf9c06-ff2c-62ed-be08-4c1afe57f05b">
      <TestCategory>
        <TestCategoryItem TestCategory="Authentication.ClientCredentials" />
      </TestCategory>
      <Execution id="3c9ebf93-8817-4d65-8875-0634fd662802" />
      <TestMethod codeBase="D:\actions-runner\_work\XPCO\XPCO\AllSolutions\..\SC\Components\RemoteViewer\SmartClient\tst\zSmartClient_UnitTest\bin\x64\Debug\net6.0-windows\zSmartClient_UnitTest.dll" adapterTypeName="executor://mstestadapter/v2" className="SmartClient_UnitTest.VideoOS.Shared.ServerAPI.ClientCredentialsTest" name="IsOAuth_ShouldReturnFalse_WhenConstructedUsingSimple" />
    </UnitTest>
    <UnitTest name="Deserialize_MissingPluginIdElement_Error" storage="d:\actions-runner\_work\xpco\xpco\allsolutions\..\sc\components\remoteviewer\smartclient\tst\zsmartclient_unittest\bin\x64\debug\net6.0-windows\zsmartclient_unittest.dll" id="5be7c8bc-c613-0652-ed73-c4eee352182b">
      <TestCategory>
        <TestCategoryItem TestCategory="SearchSerialization" />
      </TestCategory>
      <Execution id="9df1ec22-2edc-4be6-866d-33f0240082b4" />
      <TestMethod codeBase="D:\actions-runner\_work\XPCO\XPCO\AllSolutions\..\SC\Components\RemoteViewer\SmartClient\tst\zSmartClient_UnitTest\bin\x64\Debug\net6.0-windows\zSmartClient_UnitTest.dll" adapterTypeName="executor://mstestadapter/v2" className="SmartClient_UnitTest.VideoOS.RemoteClient.Plugin.CentralizedSearch.Models.Serialization.SearchSerializerTests" name="Deserialize_MissingPluginIdElement_Error" />
    </UnitTest>
    <UnitTest name="GetMapLayerArguments_ShouldReturnIGisMapModelAndMapLayerDataId_WhenCalled" storage="d:\actions-runner\_work\xpco\xpco\allsolutions\..\sc\components\remoteviewer\smartclient\tst\zsmartclient_unittest\bin\x64\debug\net6.0-windows\zsmartclient_unittest.dll" id="31b9ac86-ff3a-2d5f-32cb-aba7e18815ce">
      <Execution id="be20f8ae-9f54-4f40-be59-04d93c0dee1a" />
      <TestMethod codeBase="D:\actions-runner\_work\XPCO\XPCO\AllSolutions\..\SC\Components\RemoteViewer\SmartClient\tst\zSmartClient_UnitTest\bin\x64\Debug\net6.0-windows\zSmartClient_UnitTest.dll" adapterTypeName="executor://mstestadapter/v2" className="SmartClient_UnitTest.VideoOS.RemoteClient.GisMapData.Strategies.MapLayers.MipMapLayerDatagramClassFactoryStrategyTests" name="GetMapLayerArguments_ShouldReturnIGisMapModelAndMapLayerDataId_WhenCalled" />
    </UnitTest>
    <UnitTest name="WhenActionExecutedWithAlarmsThenEveryObserverNotified" storage="d:\actions-runner\_work\xpco\xpco\allsolutions\..\sc\components\remoteviewer\smartclient\tst\zsmartclient_unittest\bin\x64\debug\net6.0-windows\zsmartclient_unittest.dll" id="03c0368b-e341-b507-4b7e-610a5973bcc4">
      <Execution id="7912bfb8-35ed-40ac-a598-1e4814bdc730" />
      <TestMethod codeBase="D:\actions-runner\_work\XPCO\XPCO\AllSolutions\..\SC\Components\RemoteViewer\SmartClient\tst\zSmartClient_UnitTest\bin\x64\Debug\net6.0-windows\zSmartClient_UnitTest.dll" adapterTypeName="executor://mstestadapter/v2" className="SmartClient_UnitTest.VideoOS.RemoteClient.GisMapData.Common.AlarmObservableTest" name="WhenActionExecutedWithAlarmsThenEveryObserverNotified" />
    </UnitTest>
    <UnitTest name="UserHasDeletePublicSearchPermission_HasDeletePermission_ReturnsTrue" storage="d:\actions-runner\_work\xpco\xpco\allsolutions\..\sc\components\remoteviewer\smartclient\tst\zsmartclient_unittest\bin\x64\debug\net6.0-windows\zsmartclient_unittest.dll" id="b292696a-1665-7718-2677-c233de8e9b49">
      <TestCategory>
        <TestCategoryItem TestCategory="SearchTemplates" />
      </TestCategory>
      <Execution id="3b4f57ea-aa11-4104-93dc-b6c35d53818d" />
      <TestMethod codeBase="D:\actions-runner\_work\XPCO\XPCO\AllSolutions\..\SC\Components\RemoteViewer\SmartClient\tst\zSmartClient_UnitTest\bin\x64\Debug\net6.0-windows\zSmartClient_UnitTest.dll" adapterTypeName="executor://mstestadapter/v2" className="SmartClient_UnitTest.VideoOS.RemoteClient.Plugin.CentralizedSearch.SearchTemplates.SearchTemplateManagerTests" name="UserHasDeletePublicSearchPermission_HasDeletePermission_ReturnsTrue" />
    </UnitTest>
    <UnitTest name="RightButtonDown_DoubleClickNoZoomHandler_DoesNotCrash" storage="d:\actions-runner\_work\xpco\xpco\allsolutions\..\sc\components\remoteviewer\smartclient\tst\zsmartclient_unittest\bin\x64\debug\net6.0-windows\zsmartclient_unittest.dll" id="1dfcecbd-375a-81ed-2ce9-6d3e61013acd">
      <TestCategory>
        <TestCategoryItem TestCategory="GisMap.MapControl" />
      </TestCategory>
      <Execution id="d4e8e3fe-b9c5-4a5f-ab6c-2480fec01fb8" />
      <TestMethod codeBase="D:\actions-runner\_work\XPCO\XPCO\AllSolutions\..\SC\Components\RemoteViewer\SmartClient\tst\zSmartClient_UnitTest\bin\x64\Debug\net6.0-windows\zSmartClient_UnitTest.dll" adapterTypeName="executor://mstestadapter/v2" className="SmartClient_UnitTest.VideoOS.RemoteClient.Plugin.GisMap.ThinkGeoMap.ThinkGeoMapControlTests" name="RightButtonDown_DoubleClickNoZoomHandler_DoesNotCrash" />
    </UnitTest>
    <UnitTest name="GetLayerVisibilityItemsData_ShouldAddThreeFixedLayersInOrder_WhenThreeNonRelatedMapLayersAreProvided" storage="d:\actions-runner\_work\xpco\xpco\allsolutions\..\sc\components\remoteviewer\smartclient\tst\zsmartclient_unittest\bin\x64\debug\net6.0-windows\zsmartclient_unittest.dll" id="958a4635-0d5e-dda4-f61e-9578d9aa3b40">
      <TestCategory>
        <TestCategoryItem TestCategory="GisMap.DefaultFixedLayerManagerStrategyTests" />
      </TestCategory>
      <Execution id="84f12bcd-28ac-47d1-9719-01a7cf78b904" />
      <TestMethod codeBase="D:\actions-runner\_work\XPCO\XPCO\AllSolutions\..\SC\Components\RemoteViewer\SmartClient\tst\zSmartClient_UnitTest\bin\x64\Debug\net6.0-windows\zSmartClient_UnitTest.dll" adapterTypeName="executor://mstestadapter/v2" className="SmartClient_UnitTest.VideoOS.RemoteClient.Plugin.GisMap.ViewModels.LayersVisibility.FixedLayers.DefaultFixedLayerManagerStrategyTests" name="GetLayerVisibilityItemsData_ShouldAddThreeFixedLayersInOrder_WhenThreeNonRelatedMapLayersAreProvided" />
    </UnitTest>
    <UnitTest name="GetLayerFeatures_ShouldReturnOutputLayerFeatures_WhenMicrophoneKind" storage="d:\actions-runner\_work\xpco\xpco\allsolutions\..\sc\components\remoteviewer\smartclient\tst\zsmartclient_unittest\bin\x64\debug\net6.0-windows\zsmartclient_unittest.dll" id="858fcac7-e389-8062-ee0a-81085946f8a2">
      <TestCategory>
        <TestCategoryItem TestCategory="GisMapData.Controllers.LayerFeatures" />
      </TestCategory>
      <Execution id="0a085d32-78a2-414f-8f48-ef5e5eeaeaef" />
      <TestMethod codeBase="D:\actions-runner\_work\XPCO\XPCO\AllSolutions\..\SC\Components\RemoteViewer\SmartClient\tst\zSmartClient_UnitTest\bin\x64\Debug\net6.0-windows\zSmartClient_UnitTest.dll" adapterTypeName="executor://mstestadapter/v2" className="SmartClient_UnitTest.VideoOS.RemoteClient.GisMapData.Controllers.LayerFeatures.LayerFeaturesControllerTests" name="GetLayerFeatures_ShouldReturnOutputLayerFeatures_WhenMicrophoneKind" />
    </UnitTest>
    <UnitTest name="DrawEntries_BeginMidAndEndDatesRange_Success" storage="d:\actions-runner\_work\xpco\xpco\allsolutions\..\sc\components\remoteviewer\smartclient\tst\zsmartclient_unittest\bin\x64\debug\net6.0-windows\zsmartclient_unittest.dll" id="30200921-e950-e3ac-a65b-a4bfe480ca8a">
      <TestCategory>
        <TestCategoryItem TestCategory="SearchControls" />
      </TestCategory>
      <Execution id="93c6b752-f00f-46e7-a32e-45525424720d" />
      <TestMethod codeBase="D:\actions-runner\_work\XPCO\XPCO\AllSolutions\..\SC\Components\RemoteViewer\SmartClient\tst\zSmartClient_UnitTest\bin\x64\Debug\net6.0-windows\zSmartClient_UnitTest.dll" adapterTypeName="executor://mstestadapter/v2" className="SmartClient_UnitTest.VideoOS.RemoteClient.Plugin.CentralizedSearch.Views.Controls.TimelineRuler.TimelineRulerControlTests" name="DrawEntries_BeginMidAndEndDatesRange_Success" />
    </UnitTest>
    <UnitTest name="ServerAuthentication_ShouldReturnLegacyBasic_WhenConstructedUsingSimple" storage="d:\actions-runner\_work\xpco\xpco\allsolutions\..\sc\components\remoteviewer\smartclient\tst\zsmartclient_unittest\bin\x64\debug\net6.0-windows\zsmartclient_unittest.dll" id="5711c871-ad4e-1c97-b7af-50ef5d9eff82">
      <TestCategory>
        <TestCategoryItem TestCategory="Authentication.ClientCredentials" />
      </TestCategory>
      <Execution id="57fe210b-907a-4059-a355-3e64aafd1712" />
      <TestMethod codeBase="D:\actions-runner\_work\XPCO\XPCO\AllSolutions\..\SC\Components\RemoteViewer\SmartClient\tst\zSmartClient_UnitTest\bin\x64\Debug\net6.0-windows\zSmartClient_UnitTest.dll" adapterTypeName="executor://mstestadapter/v2" className="SmartClient_UnitTest.VideoOS.Shared.ServerAPI.ClientCredentialsTest" name="ServerAuthentication_ShouldReturnLegacyBasic_WhenConstructedUsingSimple" />
    </UnitTest>
    <UnitTest name="IOState_ShouldYieldSameValuesForAllEnumValues_WhenRoundTripConverted (NotAvailable,Unknown)" storage="d:\actions-runner\_work\xpco\xpco\allsolutions\..\sc\components\remoteviewer\smartclient\tst\zsmartclient_unittest\bin\x64\debug\net6.0-windows\zsmartclient_unittest.dll" id="b95925c6-4417-d47a-19a9-e46062ab44bc">
      <TestCategory>
        <TestCategoryItem TestCategory="RecorderProxyToDtoMapping" />
      </TestCategory>
      <Execution id="b5d160a0-c386-4edb-b8f8-16571671a9cb" />
      <TestMethod codeBase="D:\actions-runner\_work\XPCO\XPCO\AllSolutions\..\SC\Components\RemoteViewer\SmartClient\tst\zSmartClient_UnitTest\bin\x64\Debug\net6.0-windows\zSmartClient_UnitTest.dll" adapterTypeName="executor://mstestadapter/v2" className="VideoOS.Shared.ServerAPI.SOAP.RecorderClientMappingTests" name="IOState_ShouldYieldSameValuesForAllEnumValues_WhenRoundTripConverted" />
    </UnitTest>
    <UnitTest name="Deserialize_FilterMissing_Error" storage="d:\actions-runner\_work\xpco\xpco\allsolutions\..\sc\components\remoteviewer\smartclient\tst\zsmartclient_unittest\bin\x64\debug\net6.0-windows\zsmartclient_unittest.dll" id="6f750899-6999-d05b-77b7-f266affebcca">
      <TestCategory>
        <TestCategoryItem TestCategory="SearchSerialization" />
      </TestCategory>
      <Execution id="0213fd32-7972-4476-a7af-c880712d6ab6" />
      <TestMethod codeBase="D:\actions-runner\_work\XPCO\XPCO\AllSolutions\..\SC\Components\RemoteViewer\SmartClient\tst\zSmartClient_UnitTest\bin\x64\Debug\net6.0-windows\zSmartClient_UnitTest.dll" adapterTypeName="executor://mstestadapter/v2" className="SmartClient_UnitTest.VideoOS.RemoteClient.Plugin.CentralizedSearch.Models.Serialization.SearchSerializerTests" name="Deserialize_FilterMissing_Error" />
    </UnitTest>
    <UnitTest name="ToMipSearchResultData_ShouldReturnCorrectSearchResult" storage="d:\actions-runner\_work\xpco\xpco\allsolutions\..\sc\components\remoteviewer\smartclient\tst\zsmartclient_unittest\bin\x64\debug\net6.0-windows\zsmartclient_unittest.dll" id="1181cb63-0543-4806-6972-5950350789da">
      <TestCategory>
        <TestCategoryItem TestCategory="Search.Wrappers" />
      </TestCategory>
      <Execution id="2ce1b47b-78ef-4e8b-956f-d7bdf7a4bb8c" />
      <TestMethod codeBase="D:\actions-runner\_work\XPCO\XPCO\AllSolutions\..\SC\Components\RemoteViewer\SmartClient\tst\zSmartClient_UnitTest\bin\x64\Debug\net6.0-windows\zSmartClient_UnitTest.dll" adapterTypeName="executor://mstestadapter/v2" className="SmartClient_UnitTest.VideoOS.RemoteClient.Plugin.CentralizedSearch.Models.Wrappers.SearchResultDataWrapperTests" name="ToMipSearchResultData_ShouldReturnCorrectSearchResult" />
    </UnitTest>
    <UnitTest name="CreateGeometry_ThreeCornerBuilding_Success" storage="d:\actions-runner\_work\xpco\xpco\allsolutions\..\sc\components\remoteviewer\smartclient\tst\zsmartclient_unittest\bin\x64\debug\net6.0-windows\zsmartclient_unittest.dll" id="a660afa4-f5aa-b923-9ed9-b3aed02ce38b">
      <TestCategory>
        <TestCategoryItem TestCategory="GisMapIndex" />
      </TestCategory>
      <Execution id="03416fbe-2f81-435c-8b75-84c9783a4feb" />
      <TestMethod codeBase="D:\actions-runner\_work\XPCO\XPCO\AllSolutions\..\SC\Components\RemoteViewer\SmartClient\tst\zSmartClient_UnitTest\bin\x64\Debug\net6.0-windows\zSmartClient_UnitTest.dll" adapterTypeName="executor://mstestadapter/v2" className="SmartClient_UnitTest.VideoOS.RemoteClient.GisMapData.Common.Indexer.IndexUtilTests" name="CreateGeometry_ThreeCornerBuilding_Success" />
    </UnitTest>
    <UnitTest name="Both enabled, forced" storage="d:\actions-runner\_work\xpco\xpco\allsolutions\..\sc\components\remoteviewer\smartclient\tst\zsmartclient_unittest\bin\x64\debug\net6.0-windows\zsmartclient_unittest.dll" id="20d15238-c18d-570b-67ce-21919cbfc0d7">
      <TestCategory>
        <TestCategoryItem TestCategory="Export" />
      </TestCategory>
      <Execution id="72fe80be-3f2d-4d8d-b193-85bbc441a7fb" />
      <TestMethod codeBase="D:\actions-runner\_work\XPCO\XPCO\AllSolutions\..\SC\Components\RemoteViewer\SmartClient\tst\zSmartClient_UnitTest\bin\x64\Debug\net6.0-windows\zSmartClient_UnitTest.dll" adapterTypeName="executor://mstestadapter/v2" className="SmartClient_UnitTest.VideoOS.RemoteClient.Plugin.Export.CreateExportDialogViewModelTests" name="CreateExportDialog_ExportDestinationSelectionEnabled_BasedOnOptions" />
    </UnitTest>
    <UnitTest name="DownsizeImageSuccess" storage="d:\actions-runner\_work\xpco\xpco\allsolutions\..\sc\components\remoteviewer\smartclient\tst\zsmartclient_unittest\bin\x64\debug\net6.0-windows\zsmartclient_unittest.dll" id="1b358bc1-458b-910a-26a9-b665d6fb08b0">
      <Execution id="9477889a-70fd-4881-905e-59b7267f3eff" />
      <TestMethod codeBase="D:\actions-runner\_work\XPCO\XPCO\AllSolutions\..\SC\Components\RemoteViewer\SmartClient\tst\zSmartClient_UnitTest\bin\x64\Debug\net6.0-windows\zSmartClient_UnitTest.dll" adapterTypeName="executor://mstestadapter/v2" className="SmartClient_UnitTest.VideoOS.RemoteClient.Application.Data.ContentTypes.ImageContentType.ImageUtilsTests" name="DownsizeImageSuccess" />
    </UnitTest>
    <UnitTest name="TestUpdateState_3Cameras" storage="d:\actions-runner\_work\xpco\xpco\allsolutions\..\sc\components\remoteviewer\smartclient\tst\zsmartclient_unittest\bin\x64\debug\net6.0-windows\zsmartclient_unittest.dll" id="80faadd3-7ee5-fd40-aebd-98e719e96493">
      <TestCategory>
        <TestCategoryItem TestCategory="WorkspaceToolbar" />
      </TestCategory>
      <Execution id="328ae736-942f-49bf-96a7-ec6f6558049c" />
      <TestMethod codeBase="D:\actions-runner\_work\XPCO\XPCO\AllSolutions\..\SC\Components\RemoteViewer\SmartClient\tst\zSmartClient_UnitTest\bin\x64\Debug\net6.0-windows\zSmartClient_UnitTest.dll" adapterTypeName="executor://mstestadapter/v2" className="SmartClient_UnitTest.VideoOS.RemoteClient.Application.Data.WorkspaceToolbar.WorkspaceToolbarItemSmartSearchTests" name="TestUpdateState_3Cameras" />
    </UnitTest>
    <UnitTest name="Ctor_CentralizedSearchStateWithSelectedSearchTemplate_ActiveSearchTemplateSet" storage="d:\actions-runner\_work\xpco\xpco\allsolutions\..\sc\components\remoteviewer\smartclient\tst\zsmartclient_unittest\bin\x64\debug\net6.0-windows\zsmartclient_unittest.dll" id="c2dd673d-ca57-2691-c104-7023a833ff11">
      <TestCategory>
        <TestCategoryItem TestCategory="SearchViewModels" />
      </TestCategory>
      <Execution id="efdc76c8-9804-44fb-8efd-fbd6001b6b29" />
      <TestMethod codeBase="D:\actions-runner\_work\XPCO\XPCO\AllSolutions\..\SC\Components\RemoteViewer\SmartClient\tst\zSmartClient_UnitTest\bin\x64\Debug\net6.0-windows\zSmartClient_UnitTest.dll" adapterTypeName="executor://mstestadapter/v2" className="SmartClient_UnitTest.VideoOS.RemoteClient.Plugin.CentralizedSearch.ViewModels.SearchViewModelTests" name="Ctor_CentralizedSearchStateWithSelectedSearchTemplate_ActiveSearchTemplateSet" />
    </UnitTest>
    <UnitTest name="BoundingBoxRefresh" storage="d:\actions-runner\_work\xpco\xpco\allsolutions\..\sc\components\remoteviewer\smartclient\tst\zsmartclient_unittest\bin\x64\debug\net6.0-windows\zsmartclient_unittest.dll" id="45bd735f-7812-dc55-613d-6b72234baad1">
      <Execution id="5cc2c56a-7704-4616-b80c-d5787a587daa" />
      <TestMethod codeBase="D:\actions-runner\_work\XPCO\XPCO\AllSolutions\..\SC\Components\RemoteViewer\SmartClient\tst\zSmartClient_UnitTest\bin\x64\Debug\net6.0-windows\zSmartClient_UnitTest.dll" adapterTypeName="executor://mstestadapter/v2" className="SmartClient_UnitTest.VideoOS.RemoteClient.Application.Data.Metadata.BoundingBoxes.BoundingBoxProviderTest" name="BoundingBoxRefresh" />
    </UnitTest>
    <UnitTest name="Constructor_ShouldRaiseArgumentException_WhenEventServerIdsAreRepeated" storage="d:\actions-runner\_work\xpco\xpco\allsolutions\..\sc\components\remoteviewer\smartclient\tst\zsmartclient_unittest\bin\x64\debug\net6.0-windows\zsmartclient_unittest.dll" id="48a343bd-9a05-413c-06ca-9a257f76938b">
      <TestCategory>
        <TestCategoryItem TestCategory="AccessControl.Services" />
      </TestCategory>
      <Execution id="dc99711b-ae09-4c49-bb22-26a9b9e8ed76" />
      <TestMethod codeBase="D:\actions-runner\_work\XPCO\XPCO\AllSolutions\..\SC\Components\RemoteViewer\SmartClient\tst\zSmartClient_UnitTest\bin\x64\Debug\net6.0-windows\zSmartClient_UnitTest.dll" adapterTypeName="executor://mstestadapter/v2" className="SmartClient_UnitTest.VideoOS.RemoteClient.AccessControl.Services.AccessControlGuidProviderTests" name="Constructor_ShouldRaiseArgumentException_WhenEventServerIdsAreRepeated" />
    </UnitTest>
    <UnitTest name="ResolveBaseResultProperties_ShouldReturnASingleTriggerTime_WhenASingleSearchResultIsGiven" storage="d:\actions-runner\_work\xpco\xpco\allsolutions\..\sc\components\remoteviewer\smartclient\tst\zsmartclient_unittest\bin\x64\debug\net6.0-windows\zsmartclient_unittest.dll" id="00f3f438-e702-19f0-4f30-bd3e4320eea7">
      <TestCategory>
        <TestCategoryItem TestCategory="Search" />
      </TestCategory>
      <Execution id="2f6a31a0-037d-4534-a9f0-a209b7b461cc" />
      <TestMethod codeBase="D:\actions-runner\_work\XPCO\XPCO\AllSolutions\..\SC\Components\RemoteViewer\SmartClient\tst\zSmartClient_UnitTest\bin\x64\Debug\net6.0-windows\zSmartClient_UnitTest.dll" adapterTypeName="executor://mstestadapter/v2" className="SmartClient_UnitTest.VideoOS.RemoteClient.Plugin.CentralizedSearch.Utils.SearchResultDataWrapperExtensionsTests" name="ResolveBaseResultProperties_ShouldReturnASingleTriggerTime_WhenASingleSearchResultIsGiven" />
    </UnitTest>
    <UnitTest name="BoundingBoxClear" storage="d:\actions-runner\_work\xpco\xpco\allsolutions\..\sc\components\remoteviewer\smartclient\tst\zsmartclient_unittest\bin\x64\debug\net6.0-windows\zsmartclient_unittest.dll" id="9a20c48e-d269-b782-9e2c-26946688cee6">
      <Execution id="3cd62b08-0f5a-4e7d-bb44-2e81d133b700" />
      <TestMethod codeBase="D:\actions-runner\_work\XPCO\XPCO\AllSolutions\..\SC\Components\RemoteViewer\SmartClient\tst\zSmartClient_UnitTest\bin\x64\Debug\net6.0-windows\zSmartClient_UnitTest.dll" adapterTypeName="executor://mstestadapter/v2" className="SmartClient_UnitTest.VideoOS.RemoteClient.Application.Data.Metadata.BoundingBoxes.BoundingBoxProviderTest" name="BoundingBoxClear" />
    </UnitTest>
    <UnitTest name="OnUnloaded_NoResultControl_DoesNotCrash" storage="d:\actions-runner\_work\xpco\xpco\allsolutions\..\sc\components\remoteviewer\smartclient\tst\zsmartclient_unittest\bin\x64\debug\net6.0-windows\zsmartclient_unittest.dll" id="2b48bd6d-d40f-68da-88e6-66c25aa42362">
      <TestCategory>
        <TestCategoryItem TestCategory="Search" />
      </TestCategory>
      <Execution id="08d96626-71bd-4fec-b865-14c0920e98d2" />
      <TestMethod codeBase="D:\actions-runner\_work\XPCO\XPCO\AllSolutions\..\SC\Components\RemoteViewer\SmartClient\tst\zSmartClient_UnitTest\bin\x64\Debug\net6.0-windows\zSmartClient_UnitTest.dll" adapterTypeName="executor://mstestadapter/v2" className="SmartClient_UnitTest.VideoOS.RemoteClient.Plugin.CentralizedSearch.Views.SearchResultContainerViewTests" name="OnUnloaded_NoResultControl_DoesNotCrash" />
    </UnitTest>
    <UnitTest name="IsReCenterButtonVisible_MappedToViewModel_Success" storage="d:\actions-runner\_work\xpco\xpco\allsolutions\..\sc\components\remoteviewer\smartclient\tst\zsmartclient_unittest\bin\x64\debug\net6.0-windows\zsmartclient_unittest.dll" id="145e0ff6-94b3-8f9e-a3e6-3b43ce77eb33">
      <TestCategory>
        <TestCategoryItem TestCategory="GisMap.GisMapViewFacade" />
      </TestCategory>
      <Execution id="a4fdd367-674c-4b6f-bc35-cfe595f338b7" />
      <TestMethod codeBase="D:\actions-runner\_work\XPCO\XPCO\AllSolutions\..\SC\Components\RemoteViewer\SmartClient\tst\zSmartClient_UnitTest\bin\x64\Debug\net6.0-windows\zSmartClient_UnitTest.dll" adapterTypeName="executor://mstestadapter/v2" className="SmartClient_UnitTest.VideoOS.RemoteClient.Plugin.GisMap.IoC.GisMapViewFacadeTests" name="IsReCenterButtonVisible_MappedToViewModel_Success" />
    </UnitTest>
    <UnitTest name="ToDenormalizedFieldOfView_0_0" storage="d:\actions-runner\_work\xpco\xpco\allsolutions\..\sc\components\remoteviewer\smartclient\tst\zsmartclient_unittest\bin\x64\debug\net6.0-windows\zsmartclient_unittest.dll" id="0df0cb69-797b-9ae4-83ed-e8c0cce4f5b0">
      <TestCategory>
        <TestCategoryItem TestCategory="GisMap" />
      </TestCategory>
      <Execution id="bd2ab53e-a9b6-4da2-9871-e561a85d8797" />
      <TestMethod codeBase="D:\actions-runner\_work\XPCO\XPCO\AllSolutions\..\SC\Components\RemoteViewer\SmartClient\tst\zSmartClient_UnitTest\bin\x64\Debug\net6.0-windows\zSmartClient_UnitTest.dll" adapterTypeName="executor://mstestadapter/v2" className="SmartClient_UnitTest.VideoOS.RemoteClient.GisMap.Utilities.GisUtilityTests" name="ToDenormalizedFieldOfView_0_0" />
    </UnitTest>
    <UnitTest name="HideNotificationMessage_SetsIsNotificationMessageShownToFalse_WhenCalled" storage="d:\actions-runner\_work\xpco\xpco\allsolutions\..\sc\components\remoteviewer\smartclient\tst\zsmartclient_unittest\bin\x64\debug\net6.0-windows\zsmartclient_unittest.dll" id="3def0511-4e40-2e00-f9b9-6bb18ace3fe8">
      <TestCategory>
        <TestCategoryItem TestCategory="GisMapContentHolderTests" />
      </TestCategory>
      <Execution id="da77257e-4284-44df-9195-4748331ac3e1" />
      <TestMethod codeBase="D:\actions-runner\_work\XPCO\XPCO\AllSolutions\..\SC\Components\RemoteViewer\SmartClient\tst\zSmartClient_UnitTest\bin\x64\Debug\net6.0-windows\zSmartClient_UnitTest.dll" adapterTypeName="executor://mstestadapter/v2" className="SmartClient_UnitTest.VideoOS.RemoteClient.Plugin.GisMap.ContentHolderTests" name="HideNotificationMessage_SetsIsNotificationMessageShownToFalse_WhenCalled" />
    </UnitTest>
    <UnitTest name="Convert_InvalidFirstArgument_Collapsed" storage="d:\actions-runner\_work\xpco\xpco\allsolutions\..\sc\components\remoteviewer\smartclient\tst\zsmartclient_unittest\bin\x64\debug\net6.0-windows\zsmartclient_unittest.dll" id="65ba2efa-0759-8a99-b7e3-1a551182172b">
      <TestCategory>
        <TestCategoryItem TestCategory="SearchConverter" />
      </TestCategory>
      <Execution id="8db200bc-092a-4628-9b29-5c4516cf6e7b" />
      <TestMethod codeBase="D:\actions-runner\_work\XPCO\XPCO\AllSolutions\..\SC\Components\RemoteViewer\SmartClient\tst\zSmartClient_UnitTest\bin\x64\Debug\net6.0-windows\zSmartClient_UnitTest.dll" adapterTypeName="executor://mstestadapter/v2" className="SmartClient_UnitTest.VideoOS.RemoteClient.Plugin.CentralizedSearch.Views.Converters.NoCriteriaSelectedGridVisibilityConverterTests" name="Convert_InvalidFirstArgument_Collapsed" />
    </UnitTest>
    <UnitTest name="ValueWithFallbackConverterTests_Convert_OneValue_Success" storage="d:\actions-runner\_work\xpco\xpco\allsolutions\..\sc\components\remoteviewer\smartclient\tst\zsmartclient_unittest\bin\x64\debug\net6.0-windows\zsmartclient_unittest.dll" id="9f2d8267-74f7-ee47-e40a-a9214d8b0149">
      <TestCategory>
        <TestCategoryItem TestCategory="SearchConverter" />
      </TestCategory>
      <Execution id="466312d5-d752-4a31-b232-82d57bd58a6b" />
      <TestMethod codeBase="D:\actions-runner\_work\XPCO\XPCO\AllSolutions\..\SC\Components\RemoteViewer\SmartClient\tst\zSmartClient_UnitTest\bin\x64\Debug\net6.0-windows\zSmartClient_UnitTest.dll" adapterTypeName="executor://mstestadapter/v2" className="SmartClient_UnitTest.VideoOS.RemoteClient.Plugin.CentralizedSearch.Views.Converters.ValueWithFallbackConverterTests" name="ValueWithFallbackConverterTests_Convert_OneValue_Success" />
    </UnitTest>
    <UnitTest name="SearchResultsActionBarActions_CreateSnapshot_InvokeCommand_SingleSnapshotSucceeded_CorrectStatusTextShown" storage="d:\actions-runner\_work\xpco\xpco\allsolutions\..\sc\components\remoteviewer\smartclient\tst\zsmartclient_unittest\bin\x64\debug\net6.0-windows\zsmartclient_unittest.dll" id="c92b65c5-6961-9b98-a1f9-2c2587ff0054">
      <TestCategory>
        <TestCategoryItem TestCategory="SearchResultActionBarViewModel" />
      </TestCategory>
      <Execution id="e194f62f-f53f-4b94-863a-662020b9181a" />
      <TestMethod codeBase="D:\actions-runner\_work\XPCO\XPCO\AllSolutions\..\SC\Components\RemoteViewer\SmartClient\tst\zSmartClient_UnitTest\bin\x64\Debug\net6.0-windows\zSmartClient_UnitTest.dll" adapterTypeName="executor://mstestadapter/v2" className="SmartClient_UnitTest.VideoOS.RemoteClient.Plugin.CentralizedSearch.ViewModels.SearchResultsActionBarViewModelTest" name="SearchResultsActionBarActions_CreateSnapshot_InvokeCommand_SingleSnapshotSucceeded_CorrectStatusTextShown" />
    </UnitTest>
    <UnitTest name="UpdateMarkers_OnResize_Success" storage="d:\actions-runner\_work\xpco\xpco\allsolutions\..\sc\components\remoteviewer\smartclient\tst\zsmartclient_unittest\bin\x64\debug\net6.0-windows\zsmartclient_unittest.dll" id="0d8d7f88-cdb1-c8e3-59a9-3cff81206fb2">
      <TestCategory>
        <TestCategoryItem TestCategory="SearchControls" />
      </TestCategory>
      <Execution id="22654c54-e33a-4f60-b191-49ec10b1b10d" />
      <TestMethod codeBase="D:\actions-runner\_work\XPCO\XPCO\AllSolutions\..\SC\Components\RemoteViewer\SmartClient\tst\zSmartClient_UnitTest\bin\x64\Debug\net6.0-windows\zSmartClient_UnitTest.dll" adapterTypeName="executor://mstestadapter/v2" className="SmartClient_UnitTest.VideoOS.RemoteClient.Plugin.CentralizedSearch.Views.Controls.TimelineRuler.TimelineRulerControlTests" name="UpdateMarkers_OnResize_Success" />
    </UnitTest>
    <UnitTest name="PtzSessionController_Stop_Test" storage="d:\actions-runner\_work\xpco\xpco\allsolutions\..\sc\components\remoteviewer\smartclient\tst\zsmartclient_unittest\bin\x64\debug\net6.0-windows\zsmartclient_unittest.dll" id="e0e4a25c-da24-71c2-6a4d-30260f82e840">
      <Execution id="6b11bc82-da0a-493e-91e1-10983684a31c" />
      <TestMethod codeBase="D:\actions-runner\_work\XPCO\XPCO\AllSolutions\..\SC\Components\RemoteViewer\SmartClient\tst\zSmartClient_UnitTest\bin\x64\Debug\net6.0-windows\zSmartClient_UnitTest.dll" adapterTypeName="executor://mstestadapter/v2" className="VideoOS.RemoteClient.Application.Controllers.UnitTest.PtzSessionControllerTest" name="PtzSessionController_Stop_Test" />
    </UnitTest>
    <UnitTest name="SearchResultsActionBarActions_ActionResultModified_Success" storage="d:\actions-runner\_work\xpco\xpco\allsolutions\..\sc\components\remoteviewer\smartclient\tst\zsmartclient_unittest\bin\x64\debug\net6.0-windows\zsmartclient_unittest.dll" id="ac29b4b5-8534-78d0-60ee-ce2fc38c2fe4">
      <TestCategory>
        <TestCategoryItem TestCategory="SearchResultActionBarViewModel" />
      </TestCategory>
      <Execution id="fd731801-e29a-4dea-9322-1802337b3f22" />
      <TestMethod codeBase="D:\actions-runner\_work\XPCO\XPCO\AllSolutions\..\SC\Components\RemoteViewer\SmartClient\tst\zSmartClient_UnitTest\bin\x64\Debug\net6.0-windows\zSmartClient_UnitTest.dll" adapterTypeName="executor://mstestadapter/v2" className="SmartClient_UnitTest.VideoOS.RemoteClient.Plugin.CentralizedSearch.ViewModels.SearchResultsActionBarViewModelTest" name="SearchResultsActionBarActions_ActionResultModified_Success" />
    </UnitTest>
    <UnitTest name="SupportsRightClick_ShouldBeFalse_WhenInteractionStateIsNotNormal" storage="d:\actions-runner\_work\xpco\xpco\allsolutions\..\sc\components\remoteviewer\smartclient\tst\zsmartclient_unittest\bin\x64\debug\net6.0-windows\zsmartclient_unittest.dll" id="bab1654e-c8b6-f4c1-eb14-25680f0e8712">
      <TestCategory>
        <TestCategoryItem TestCategory="GisMap.OutputMarkerTest" />
      </TestCategory>
      <Execution id="f1190dad-892f-45bd-ad18-6533fac57250" />
      <TestMethod codeBase="D:\actions-runner\_work\XPCO\XPCO\AllSolutions\..\SC\Components\RemoteViewer\SmartClient\tst\zSmartClient_UnitTest\bin\x64\Debug\net6.0-windows\zSmartClient_UnitTest.dll" adapterTypeName="executor://mstestadapter/v2" className="SmartClient_UnitTest.VideoOS.RemoteClient.Plugin.GisMap.ThinkGeoMap.Markers.DeviceMarkers.OutputMarker.OutputMarkerTests" name="SupportsRightClick_ShouldBeFalse_WhenInteractionStateIsNotNormal" />
    </UnitTest>
    <UnitTest name="ActiveIncomingMicrophones_ShouldHave_NoMicrophonesWhenMicrophoneIsMuted" storage="d:\actions-runner\_work\xpco\xpco\allsolutions\..\sc\components\remoteviewer\smartclient\tst\zsmartclient_unittest\bin\x64\debug\net6.0-windows\zsmartclient_unittest.dll" id="3d676a9f-bbcb-bc89-c504-7e67ca06500e">
      <TestCategory>
        <TestCategoryItem TestCategory="GisMapAudioController" />
      </TestCategory>
      <Execution id="239b7094-cfc1-4596-a436-60083e75ea34" />
      <TestMethod codeBase="D:\actions-runner\_work\XPCO\XPCO\AllSolutions\..\SC\Components\RemoteViewer\SmartClient\tst\zSmartClient_UnitTest\bin\x64\Debug\net6.0-windows\zSmartClient_UnitTest.dll" adapterTypeName="executor://mstestadapter/v2" className="SmartClient_UnitTest.VideoOS.RemoteClient.GisMapData.GisMapAudioControllerTests" name="ActiveIncomingMicrophones_ShouldHave_NoMicrophonesWhenMicrophoneIsMuted" />
    </UnitTest>
    <UnitTest name="GetDuration_LessThanOneMinute_Success" storage="d:\actions-runner\_work\xpco\xpco\allsolutions\..\sc\components\remoteviewer\smartclient\tst\zsmartclient_unittest\bin\x64\debug\net6.0-windows\zsmartclient_unittest.dll" id="0fb4b7bb-e522-c3cc-c43e-c8a8d68a12cc">
      <TestCategory>
        <TestCategoryItem TestCategory="Search" />
      </TestCategory>
      <Execution id="1f9b9f01-33ac-4174-8dfb-57afe63f8818" />
      <TestMethod codeBase="D:\actions-runner\_work\XPCO\XPCO\AllSolutions\..\SC\Components\RemoteViewer\SmartClient\tst\zSmartClient_UnitTest\bin\x64\Debug\net6.0-windows\zSmartClient_UnitTest.dll" adapterTypeName="executor://mstestadapter/v2" className="SmartClient_UnitTest.VideoOS.RemoteClient.Plugin.CentralizedSearch.ViewModels.Data.TimeScopeTests" name="GetDuration_LessThanOneMinute_Success" />
    </UnitTest>
    <UnitTest name="UpdateStartupLocationInModel_NoUpdate_Success" storage="d:\actions-runner\_work\xpco\xpco\allsolutions\..\sc\components\remoteviewer\smartclient\tst\zsmartclient_unittest\bin\x64\debug\net6.0-windows\zsmartclient_unittest.dll" id="138f94fd-09a3-ac1a-466f-d3cf0cc3562a">
      <TestCategory>
        <TestCategoryItem TestCategory="GisMapContentHolderTests" />
      </TestCategory>
      <Execution id="c9e3cb9e-6c4a-478f-9594-7a8dc281bca7" />
      <TestMethod codeBase="D:\actions-runner\_work\XPCO\XPCO\AllSolutions\..\SC\Components\RemoteViewer\SmartClient\tst\zSmartClient_UnitTest\bin\x64\Debug\net6.0-windows\zSmartClient_UnitTest.dll" adapterTypeName="executor://mstestadapter/v2" className="SmartClient_UnitTest.VideoOS.RemoteClient.Plugin.GisMap.ContentHolderTests" name="UpdateStartupLocationInModel_NoUpdate_Success" />
    </UnitTest>
    <UnitTest name="TrySelectAvailableExportNameTest_ShouldNotDoInfiniteLoop_WhenValidateExportPathIsNotOk" storage="d:\actions-runner\_work\xpco\xpco\allsolutions\..\sc\components\remoteviewer\smartclient\tst\zsmartclient_unittest\bin\x64\debug\net6.0-windows\zsmartclient_unittest.dll" id="62a83c18-891b-449e-7f90-a5e43688fbf0">
      <Execution id="341b3124-5d6a-4032-835c-639d6142506d" />
      <TestMethod codeBase="D:\actions-runner\_work\XPCO\XPCO\AllSolutions\..\SC\Components\RemoteViewer\SmartClient\tst\zSmartClient_UnitTest\bin\x64\Debug\net6.0-windows\zSmartClient_UnitTest.dll" adapterTypeName="executor://mstestadapter/v2" className="SmartClient_UnitTest.VideoOS.RemoteClient.Application.Data.Export.ExportDataHelperTests" name="TrySelectAvailableExportNameTest_ShouldNotDoInfiniteLoop_WhenValidateExportPathIsNotOk" />
    </UnitTest>
    <UnitTest name="ParseFromName_SecondPartNotZero_MinutesRoundedUp" storage="d:\actions-runner\_work\xpco\xpco\allsolutions\..\sc\components\remoteviewer\smartclient\tst\zsmartclient_unittest\bin\x64\debug\net6.0-windows\zsmartclient_unittest.dll" id="41d4421e-5dd5-6cec-027d-d4227fb48184">
      <TestCategory>
        <TestCategoryItem TestCategory="Search" />
      </TestCategory>
      <Execution id="004e655b-c085-4d9c-b960-ff10a79d9f2e" />
      <TestMethod codeBase="D:\actions-runner\_work\XPCO\XPCO\AllSolutions\..\SC\Components\RemoteViewer\SmartClient\tst\zSmartClient_UnitTest\bin\x64\Debug\net6.0-windows\zSmartClient_UnitTest.dll" adapterTypeName="executor://mstestadapter/v2" className="SmartClient_UnitTest.VideoOS.RemoteClient.Plugin.CentralizedSearch.ViewModels.Data.TimeScopeTests" name="ParseFromName_SecondPartNotZero_MinutesRoundedUp" />
    </UnitTest>
    <UnitTest name="ToDenormalizedDirection_Minus0_25" storage="d:\actions-runner\_work\xpco\xpco\allsolutions\..\sc\components\remoteviewer\smartclient\tst\zsmartclient_unittest\bin\x64\debug\net6.0-windows\zsmartclient_unittest.dll" id="fc2cbc5b-c2b1-3d19-f684-8de533e0344a">
      <TestCategory>
        <TestCategoryItem TestCategory="GisMap" />
      </TestCategory>
      <Execution id="ef4870b7-1e66-4216-b047-f2d0dc9a26cd" />
      <TestMethod codeBase="D:\actions-runner\_work\XPCO\XPCO\AllSolutions\..\SC\Components\RemoteViewer\SmartClient\tst\zSmartClient_UnitTest\bin\x64\Debug\net6.0-windows\zSmartClient_UnitTest.dll" adapterTypeName="executor://mstestadapter/v2" className="SmartClient_UnitTest.VideoOS.RemoteClient.GisMap.Utilities.GisUtilityTests" name="ToDenormalizedDirection_Minus0_25" />
    </UnitTest>
    <UnitTest name="MaxRegionsAllowed_ShouldBeIntMaxValue_WhenProvidedMaxIsNegative" storage="d:\actions-runner\_work\xpco\xpco\allsolutions\..\sc\components\remoteviewer\smartclient\tst\zsmartclient_unittest\bin\x64\debug\net6.0-windows\zsmartclient_unittest.dll" id="ee325437-e5fe-a792-f60f-ba53523f3b7b">
      <TestCategory>
        <TestCategoryItem TestCategory="Search.Filters.ViewModels" />
      </TestCategory>
      <Execution id="6e8ae94e-5984-4374-a6d7-90d394f888b6" />
      <TestMethod codeBase="D:\actions-runner\_work\XPCO\XPCO\AllSolutions\..\SC\Components\RemoteViewer\SmartClient\tst\zSmartClient_UnitTest\bin\x64\Debug\net6.0-windows\zSmartClient_UnitTest.dll" adapterTypeName="executor://mstestadapter/v2" className="SmartClient_UnitTest.VideoOS.RemoteClient.Plugin.CentralizedSearch.MIPPlugin.Criteria.ViewModels.RegionSelectionCameraListItemHelperTests" name="MaxRegionsAllowed_ShouldBeIntMaxValue_WhenProvidedMaxIsNegative" />
    </UnitTest>
    <UnitTest name="SearchCriteriaChanged_ActiveSearchResults_SearchRestartedAndResultsCleared" storage="d:\actions-runner\_work\xpco\xpco\allsolutions\..\sc\components\remoteviewer\smartclient\tst\zsmartclient_unittest\bin\x64\debug\net6.0-windows\zsmartclient_unittest.dll" id="2618920c-aa56-2790-77ca-5dcd9d1e0fd1">
      <TestCategory>
        <TestCategoryItem TestCategory="SearchModels" />
      </TestCategory>
      <Execution id="d3a0123a-882e-4482-91c6-07372b351e96" />
      <TestMethod codeBase="D:\actions-runner\_work\XPCO\XPCO\AllSolutions\..\SC\Components\RemoteViewer\SmartClient\tst\zSmartClient_UnitTest\bin\x64\Debug\net6.0-windows\zSmartClient_UnitTest.dll" adapterTypeName="executor://mstestadapter/v2" className="SmartClient_UnitTest.VideoOS.RemoteClient.Plugin.CentralizedSearch.Models.SearchModelTests" name="SearchCriteriaChanged_ActiveSearchResults_SearchRestartedAndResultsCleared" />
    </UnitTest>
    <UnitTest name="ActionBarPluginsEnabled_TwoPluginsOneThirdPartyAndOneNot_ThirdPartyPrioritizedLowerThanNonThirdParty" storage="d:\actions-runner\_work\xpco\xpco\allsolutions\..\sc\components\remoteviewer\smartclient\tst\zsmartclient_unittest\bin\x64\debug\net6.0-windows\zsmartclient_unittest.dll" id="b2f0581d-5dcb-6a8a-df35-b5108915cfe4">
      <TestCategory>
        <TestCategoryItem TestCategory="SearchViews" />
      </TestCategory>
      <Execution id="0bdfd72f-fb5a-4366-aa53-0a18700dccdd" />
      <TestMethod codeBase="D:\actions-runner\_work\XPCO\XPCO\AllSolutions\..\SC\Components\RemoteViewer\SmartClient\tst\zSmartClient_UnitTest\bin\x64\Debug\net6.0-windows\zSmartClient_UnitTest.dll" adapterTypeName="executor://mstestadapter/v2" className="SmartClient_UnitTest.VideoOS.RemoteClient.Plugin.CentralizedSearch.Views.SearchResultActionBarViewTests" name="ActionBarPluginsEnabled_TwoPluginsOneThirdPartyAndOneNot_ThirdPartyPrioritizedLowerThanNonThirdParty" />
    </UnitTest>
    <UnitTest name="SearchResultDetailsView_MouseDoubleClick_AnimationDisabled_DetailsViewRemovedFromDetailsViewControl" storage="d:\actions-runner\_work\xpco\xpco\allsolutions\..\sc\components\remoteviewer\smartclient\tst\zsmartclient_unittest\bin\x64\debug\net6.0-windows\zsmartclient_unittest.dll" id="b39b8640-a4cc-96cc-891a-64310b2030c3">
      <TestCategory>
        <TestCategoryItem TestCategory="SearchViews" />
      </TestCategory>
      <Execution id="67febfec-8c1c-42ad-be33-74962630cb9b" />
      <TestMethod codeBase="D:\actions-runner\_work\XPCO\XPCO\AllSolutions\..\SC\Components\RemoteViewer\SmartClient\tst\zSmartClient_UnitTest\bin\x64\Debug\net6.0-windows\zSmartClient_UnitTest.dll" adapterTypeName="executor://mstestadapter/v2" className="SmartClient_UnitTest.VideoOS.RemoteClient.Plugin.CentralizedSearch.Views.SearchResultsViewTests" name="SearchResultDetailsView_MouseDoubleClick_AnimationDisabled_DetailsViewRemovedFromDetailsViewControl" />
    </UnitTest>
    <UnitTest name="Search_SingleCategory_SearchCallDelegatedToSearchManager" storage="d:\actions-runner\_work\xpco\xpco\allsolutions\..\sc\components\remoteviewer\smartclient\tst\zsmartclient_unittest\bin\x64\debug\net6.0-windows\zsmartclient_unittest.dll" id="20cd3c5b-85a9-064a-ae50-0db9b4c55966">
      <TestCategory>
        <TestCategoryItem TestCategory="Search" />
      </TestCategory>
      <Execution id="73368c1d-cc38-4ac3-8172-736fb99e2499" />
      <TestMethod codeBase="D:\actions-runner\_work\XPCO\XPCO\AllSolutions\..\SC\Components\RemoteViewer\SmartClient\tst\zSmartClient_UnitTest\bin\x64\Debug\net6.0-windows\zSmartClient_UnitTest.dll" adapterTypeName="executor://mstestadapter/v2" className="SmartClient_UnitTest.VideoOS.RemoteClient.Plugin.CentralizedSearch.MIPPlugin.CompositeSearchDefinitionTests" name="Search_SingleCategory_SearchCallDelegatedToSearchManager" />
    </UnitTest>
    <UnitTest name="GetCredential_ShouldReturnContainedBasicCredentials_WhenUriAndAuthTypeAreNotNull" storage="d:\actions-runner\_work\xpco\xpco\allsolutions\..\sc\components\remoteviewer\smartclient\tst\zsmartclient_unittest\bin\x64\debug\net6.0-windows\zsmartclient_unittest.dll" id="63e96068-9f53-27fa-ddcd-94b9c2880dd5">
      <TestCategory>
        <TestCategoryItem TestCategory="Authentication.ClientCredentials" />
      </TestCategory>
      <Execution id="0d34cffe-c154-4065-93ad-746d5559a270" />
      <TestMethod codeBase="D:\actions-runner\_work\XPCO\XPCO\AllSolutions\..\SC\Components\RemoteViewer\SmartClient\tst\zSmartClient_UnitTest\bin\x64\Debug\net6.0-windows\zSmartClient_UnitTest.dll" adapterTypeName="executor://mstestadapter/v2" className="SmartClient_UnitTest.VideoOS.Shared.ServerAPI.ClientCredentialsTest" name="GetCredential_ShouldReturnContainedBasicCredentials_WhenUriAndAuthTypeAreNotNull" />
    </UnitTest>
    <UnitTest name="BuildState_SelectionWithSearchDefinitionIndices_Success" storage="d:\actions-runner\_work\xpco\xpco\allsolutions\..\sc\components\remoteviewer\smartclient\tst\zsmartclient_unittest\bin\x64\debug\net6.0-windows\zsmartclient_unittest.dll" id="086df0e0-5aad-7a70-c738-24f763045ce7">
      <TestCategory>
        <TestCategoryItem TestCategory="Search" />
      </TestCategory>
      <Execution id="130c4861-55cb-4b0b-a16b-fc6bd5448159" />
      <TestMethod codeBase="D:\actions-runner\_work\XPCO\XPCO\AllSolutions\..\SC\Components\RemoteViewer\SmartClient\tst\zSmartClient_UnitTest\bin\x64\Debug\net6.0-windows\zSmartClient_UnitTest.dll" adapterTypeName="executor://mstestadapter/v2" className="SmartClient_UnitTest.VideoOS.RemoteClient.Plugin.CentralizedSearch.CentralizedSearchContentHolderTests" name="BuildState_SelectionWithSearchDefinitionIndices_Success" />
    </UnitTest>
    <UnitTest name="CreateCameraListItem_ShouldAddRegionSelectionToFilterValue_WhenNotAlreadyPresent" storage="d:\actions-runner\_work\xpco\xpco\allsolutions\..\sc\components\remoteviewer\smartclient\tst\zsmartclient_unittest\bin\x64\debug\net6.0-windows\zsmartclient_unittest.dll" id="a7073313-f063-a674-8d00-3ff21318e1ce">
      <TestCategory>
        <TestCategoryItem TestCategory="Search.Filters.ViewModels" />
      </TestCategory>
      <Execution id="38c1921b-af46-4b61-8548-a84ff4fc08c2" />
      <TestMethod codeBase="D:\actions-runner\_work\XPCO\XPCO\AllSolutions\..\SC\Components\RemoteViewer\SmartClient\tst\zSmartClient_UnitTest\bin\x64\Debug\net6.0-windows\zSmartClient_UnitTest.dll" adapterTypeName="executor://mstestadapter/v2" className="SmartClient_UnitTest.VideoOS.RemoteClient.Plugin.CentralizedSearch.MIPPlugin.Criteria.ViewModels.SmartSearchCameraListItemHelperTests" name="CreateCameraListItem_ShouldAddRegionSelectionToFilterValue_WhenNotAlreadyPresent" />
    </UnitTest>
    <UnitTest name="ValueWithFallbackConverterTests_Convert_FirstValueNotNull_SecondValueNotNull_Success" storage="d:\actions-runner\_work\xpco\xpco\allsolutions\..\sc\components\remoteviewer\smartclient\tst\zsmartclient_unittest\bin\x64\debug\net6.0-windows\zsmartclient_unittest.dll" id="e56a4d58-0ff2-e6be-cab4-b17c9aa01d74">
      <TestCategory>
        <TestCategoryItem TestCategory="SearchConverter" />
      </TestCategory>
      <Execution id="dd11982a-e31a-44aa-aa78-5f6cf70b94d4" />
      <TestMethod codeBase="D:\actions-runner\_work\XPCO\XPCO\AllSolutions\..\SC\Components\RemoteViewer\SmartClient\tst\zSmartClient_UnitTest\bin\x64\Debug\net6.0-windows\zSmartClient_UnitTest.dll" adapterTypeName="executor://mstestadapter/v2" className="SmartClient_UnitTest.VideoOS.RemoteClient.Plugin.CentralizedSearch.Views.Converters.ValueWithFallbackConverterTests" name="ValueWithFallbackConverterTests_Convert_FirstValueNotNull_SecondValueNotNull_Success" />
    </UnitTest>
    <UnitTest name="Included_ShouldRemoveViewItemFromIncludedViewItems_WhenSetToFalse" storage="d:\actions-runner\_work\xpco\xpco\allsolutions\..\sc\components\remoteviewer\smartclient\tst\zsmartclient_unittest\bin\x64\debug\net6.0-windows\zsmartclient_unittest.dll" id="59d09cb9-f05a-ad0a-27b2-ae8fd67c3518">
      <TestCategory>
        <TestCategoryItem TestCategory="ContentHolder" />
      </TestCategory>
      <Execution id="751ec32a-53f3-44a0-a93f-53007fd90078" />
      <TestMethod codeBase="D:\actions-runner\_work\XPCO\XPCO\AllSolutions\..\SC\Components\RemoteViewer\SmartClient\tst\zSmartClient_UnitTest\bin\x64\Debug\net6.0-windows\zSmartClient_UnitTest.dll" adapterTypeName="executor://mstestadapter/v2" className="SmartClient_UnitTest.VideoOS.RemoteClient.Application.Data.ContentTypes.ContentTypeBase.ContentHolderBaseTests" name="Included_ShouldRemoveViewItemFromIncludedViewItems_WhenSetToFalse" />
    </UnitTest>
    <UnitTest name="GetIndexExtent_ZoomMin_WholeWorldIsCovered" storage="d:\actions-runner\_work\xpco\xpco\allsolutions\..\sc\components\remoteviewer\smartclient\tst\zsmartclient_unittest\bin\x64\debug\net6.0-windows\zsmartclient_unittest.dll" id="788a6834-d7c6-3652-9af3-0c73bb9d6301">
      <TestCategory>
        <TestCategoryItem TestCategory="GisMapIndex" />
      </TestCategory>
      <Execution id="c8de0a44-fbfd-4891-bcfd-839c6d898465" />
      <TestMethod codeBase="D:\actions-runner\_work\XPCO\XPCO\AllSolutions\..\SC\Components\RemoteViewer\SmartClient\tst\zSmartClient_UnitTest\bin\x64\Debug\net6.0-windows\zSmartClient_UnitTest.dll" adapterTypeName="executor://mstestadapter/v2" className="SmartClient_UnitTest.VideoOS.RemoteClient.GisMapData.Common.Indexer.IndexUtilTests" name="GetIndexExtent_ZoomMin_WholeWorldIsCovered" />
    </UnitTest>
    <UnitTest name="TestConstructor_Success" storage="d:\actions-runner\_work\xpco\xpco\allsolutions\..\sc\components\remoteviewer\smartclient\tst\zsmartclient_unittest\bin\x64\debug\net6.0-windows\zsmartclient_unittest.dll" id="51eb78b3-47f8-22f8-16bb-8f1455db269f">
      <TestCategory>
        <TestCategoryItem TestCategory="GisMapBuilding" />
      </TestCategory>
      <Execution id="18f7c7e4-aa8b-47d5-9bdc-86dd592ed46a" />
      <TestMethod codeBase="D:\actions-runner\_work\XPCO\XPCO\AllSolutions\..\SC\Components\RemoteViewer\SmartClient\tst\zSmartClient_UnitTest\bin\x64\Debug\net6.0-windows\zSmartClient_UnitTest.dll" adapterTypeName="executor://mstestadapter/v2" className="SmartClient_UnitTest.VideoOS.RemoteClient.GisMapData.MapBuildings.MapLevelTests" name="TestConstructor_Success" />
    </UnitTest>
    <UnitTest name="Categories_ValidateCollection" storage="d:\actions-runner\_work\xpco\xpco\allsolutions\..\sc\components\remoteviewer\smartclient\tst\zsmartclient_unittest\bin\x64\debug\net6.0-windows\zsmartclient_unittest.dll" id="8dd7c6d4-048f-e61d-123a-5b91a453390c">
      <TestCategory>
        <TestCategoryItem TestCategory="SearchModels" />
      </TestCategory>
      <Execution id="794b95b7-97b0-4d77-9952-3e7dee8271dd" />
      <TestMethod codeBase="D:\actions-runner\_work\XPCO\XPCO\AllSolutions\..\SC\Components\RemoteViewer\SmartClient\tst\zSmartClient_UnitTest\bin\x64\Debug\net6.0-windows\zSmartClient_UnitTest.dll" adapterTypeName="executor://mstestadapter/v2" className="SmartClient_UnitTest.VideoOS.RemoteClient.Plugin.CentralizedSearch.Models.SearchModelTests" name="Categories_ValidateCollection" />
    </UnitTest>
    <UnitTest name="PtzSessionControllerInfoConstructorTest_From_PtzSessionInfo_Other_User" storage="d:\actions-runner\_work\xpco\xpco\allsolutions\..\sc\components\remoteviewer\smartclient\tst\zsmartclient_unittest\bin\x64\debug\net6.0-windows\zsmartclient_unittest.dll" id="026dfb6f-c080-58ce-2d5a-796a4588997d">
      <Execution id="a226652b-4f8f-4a70-8ab7-2945a75e542f" />
      <TestMethod codeBase="D:\actions-runner\_work\XPCO\XPCO\AllSolutions\..\SC\Components\RemoteViewer\SmartClient\tst\zSmartClient_UnitTest\bin\x64\Debug\net6.0-windows\zSmartClient_UnitTest.dll" adapterTypeName="executor://mstestadapter/v2" className="VideoOS.RemoteClient.Application.Controllers.UnitTest.PtzSessionControllerTest" name="PtzSessionControllerInfoConstructorTest_From_PtzSessionInfo_Other_User" />
    </UnitTest>
    <UnitTest name="SmartMapGoToPositionHandler_WhenViewIndexDoesNotMatch_ShouldDoNothing" storage="d:\actions-runner\_work\xpco\xpco\allsolutions\..\sc\components\remoteviewer\smartclient\tst\zsmartclient_unittest\bin\x64\debug\net6.0-windows\zsmartclient_unittest.dll" id="ebe31b64-a15f-5d1c-5a6d-837a5656ceb3">
      <Execution id="645ec24d-3fad-4d9a-8a34-387665e1ade1" />
      <TestMethod codeBase="D:\actions-runner\_work\XPCO\XPCO\AllSolutions\..\SC\Components\RemoteViewer\SmartClient\tst\zSmartClient_UnitTest\bin\x64\Debug\net6.0-windows\zSmartClient_UnitTest.dll" adapterTypeName="executor://mstestadapter/v2" className="SmartClient_UnitTest.VideoOS.RemoteClient.Plugin.GisMap.MIP.ContentHolderMipMessageManagerTests" name="SmartMapGoToPositionHandler_WhenViewIndexDoesNotMatch_ShouldDoNothing" />
    </UnitTest>
    <UnitTest name="Detach_ShouldRaiseArgumentNullException_WhenWindowIsNull" storage="d:\actions-runner\_work\xpco\xpco\allsolutions\..\sc\components\remoteviewer\smartclient\tst\zsmartclient_unittest\bin\x64\debug\net6.0-windows\zsmartclient_unittest.dll" id="708fbd07-d518-bb6a-de51-1d178c785f47">
      <TestCategory>
        <TestCategoryItem TestCategory="GisMap.WindowsBases" />
      </TestCategory>
      <Execution id="fab5ff10-cca3-49ad-a521-25e03c6bf2bb" />
      <TestMethod codeBase="D:\actions-runner\_work\XPCO\XPCO\AllSolutions\..\SC\Components\RemoteViewer\SmartClient\tst\zSmartClient_UnitTest\bin\x64\Debug\net6.0-windows\zSmartClient_UnitTest.dll" adapterTypeName="executor://mstestadapter/v2" className="SmartClient_UnitTest.VideoOS.RemoteClient.Plugin.GisMap.Windows.Bases.DragWindowDecoratorTests" name="Detach_ShouldRaiseArgumentNullException_WhenWindowIsNull" />
    </UnitTest>
    <UnitTest name="GetOsmServerAddress_ShouldRaiseArgumentNullException_WhenOptionManagerIsNull" storage="d:\actions-runner\_work\xpco\xpco\allsolutions\..\sc\components\remoteviewer\smartclient\tst\zsmartclient_unittest\bin\x64\debug\net6.0-windows\zsmartclient_unittest.dll" id="0ea16923-06ad-6887-3f6e-aa5fa78ff65a">
      <TestCategory>
        <TestCategoryItem TestCategory="GisMapData.Controllers.Osm" />
      </TestCategory>
      <Execution id="a0c673de-5fa3-4fc3-9e9f-27c62096f1a8" />
      <TestMethod codeBase="D:\actions-runner\_work\XPCO\XPCO\AllSolutions\..\SC\Components\RemoteViewer\SmartClient\tst\zSmartClient_UnitTest\bin\x64\Debug\net6.0-windows\zSmartClient_UnitTest.dll" adapterTypeName="executor://mstestadapter/v2" className="SmartClient_UnitTest.VideoOS.RemoteClient.GisMapData.Controllers.Osm.GisMapOsmControllerTests" name="GetOsmServerAddress_ShouldRaiseArgumentNullException_WhenOptionManagerIsNull" />
    </UnitTest>
    <UnitTest name="GetBoundingShapesForMetadataObjectsAsync_ShouldIncludeMetadataObject_WhenRequestedTimeIsWithinMetadataTimespan" storage="d:\actions-runner\_work\xpco\xpco\allsolutions\..\sc\components\remoteviewer\smartclient\tst\zsmartclient_unittest\bin\x64\debug\net6.0-windows\zsmartclient_unittest.dll" id="59a4f4a0-e2da-d6b5-1323-31e33b78b21f">
      <Execution id="19a4acd3-eeee-4200-b3c0-50195a8ab375" />
      <TestMethod codeBase="D:\actions-runner\_work\XPCO\XPCO\AllSolutions\..\SC\Components\RemoteViewer\SmartClient\tst\zSmartClient_UnitTest\bin\x64\Debug\net6.0-windows\zSmartClient_UnitTest.dll" adapterTypeName="executor://mstestadapter/v2" className="SmartClient_UnitTest.VideoOS.RemoteClient.Plugin.CentralizedSearch.Utils.MetadataUtilTests" name="GetBoundingShapesForMetadataObjectsAsync_ShouldIncludeMetadataObject_WhenRequestedTimeIsWithinMetadataTimespan" />
    </UnitTest>
    <UnitTest name="ToUnsafeName_NullName_Failure" storage="d:\actions-runner\_work\xpco\xpco\allsolutions\..\sc\components\remoteviewer\smartclient\tst\zsmartclient_unittest\bin\x64\debug\net6.0-windows\zsmartclient_unittest.dll" id="49c08253-b1e4-f17b-bbba-a7e45be6cbd0">
      <Execution id="172aef32-24ed-47d2-b733-a52f08e7cd6b" />
      <TestMethod codeBase="D:\actions-runner\_work\XPCO\XPCO\AllSolutions\..\SC\Components\RemoteViewer\SmartClient\tst\zSmartClient_UnitTest\bin\x64\Debug\net6.0-windows\zSmartClient_UnitTest.dll" adapterTypeName="executor://mstestadapter/v2" className="SmartClient_UnitTest.VideoOS.RemoteClient.Application.Common.Scripting.ReservedJavascriptKeywordsTests" name="ToUnsafeName_NullName_Failure" />
    </UnitTest>
    <UnitTest name="TestReloadView_Success" storage="d:\actions-runner\_work\xpco\xpco\allsolutions\..\sc\components\remoteviewer\smartclient\tst\zsmartclient_unittest\bin\x64\debug\net6.0-windows\zsmartclient_unittest.dll" id="7ca8a434-7012-c34d-5866-6521f620a2e4">
      <TestCategory>
        <TestCategoryItem TestCategory="WorkroomController" />
      </TestCategory>
      <Execution id="0ff65fd6-d9cd-46bf-b1e5-2c82d9e7ba1c" />
      <TestMethod codeBase="D:\actions-runner\_work\XPCO\XPCO\AllSolutions\..\SC\Components\RemoteViewer\SmartClient\tst\zSmartClient_UnitTest\bin\x64\Debug\net6.0-windows\zSmartClient_UnitTest.dll" adapterTypeName="executor://mstestadapter/v2" className="VideoOS.RemoteClient.Application.Controllers.WorkroomController.UnitTest.TabWorkroomControllerTest" name="TestReloadView_Success" />
    </UnitTest>
    <UnitTest name="GisMapModel_AddBuilding_Success" storage="d:\actions-runner\_work\xpco\xpco\allsolutions\..\sc\components\remoteviewer\smartclient\tst\zsmartclient_unittest\bin\x64\debug\net6.0-windows\zsmartclient_unittest.dll" id="b9c24147-fbc0-a069-bdd6-759f76e4ceca">
      <TestCategory>
        <TestCategoryItem TestCategory="GisMapLayer" />
        <TestCategoryItem TestCategory="GisMapBuilding" />
      </TestCategory>
      <Execution id="3066e630-f7db-45c8-ab21-ba5a7eeee02d" />
      <TestMethod codeBase="D:\actions-runner\_work\XPCO\XPCO\AllSolutions\..\SC\Components\RemoteViewer\SmartClient\tst\zSmartClient_UnitTest\bin\x64\Debug\net6.0-windows\zSmartClient_UnitTest.dll" adapterTypeName="executor://mstestadapter/v2" className="SmartClient_UnitTest.VideoOS.RemoteClient.GisMap.MapLayers.GisMapLayerTests" name="GisMapModel_AddBuilding_Success" />
    </UnitTest>
    <UnitTest name="AddCriteriaCommand_SearchAttributeCategoryNotNull" storage="d:\actions-runner\_work\xpco\xpco\allsolutions\..\sc\components\remoteviewer\smartclient\tst\zsmartclient_unittest\bin\x64\debug\net6.0-windows\zsmartclient_unittest.dll" id="fc1071f1-9dc8-3652-9848-fa70b1167397">
      <TestCategory>
        <TestCategoryItem TestCategory="SearchViewModels" />
      </TestCategory>
      <Execution id="9fe89890-b034-4728-9b19-291c28da10ea" />
      <TestMethod codeBase="D:\actions-runner\_work\XPCO\XPCO\AllSolutions\..\SC\Components\RemoteViewer\SmartClient\tst\zSmartClient_UnitTest\bin\x64\Debug\net6.0-windows\zSmartClient_UnitTest.dll" adapterTypeName="executor://mstestadapter/v2" className="SmartClient_UnitTest.VideoOS.RemoteClient.Plugin.CentralizedSearch.ViewModels.SearchViewModelTests" name="AddCriteriaCommand_SearchAttributeCategoryNotNull" />
    </UnitTest>
    <UnitTest name="MapLayerType_ShouldBeNull_WhenCalled" storage="d:\actions-runner\_work\xpco\xpco\allsolutions\..\sc\components\remoteviewer\smartclient\tst\zsmartclient_unittest\bin\x64\debug\net6.0-windows\zsmartclient_unittest.dll" id="64de8207-d2f2-0b11-e8d3-5f4ca79e44ca">
      <Execution id="c54a81a4-c4fe-4c0a-939d-75a4637a375e" />
      <TestMethod codeBase="D:\actions-runner\_work\XPCO\XPCO\AllSolutions\..\SC\Components\RemoteViewer\SmartClient\tst\zSmartClient_UnitTest\bin\x64\Debug\net6.0-windows\zSmartClient_UnitTest.dll" adapterTypeName="executor://mstestadapter/v2" className="SmartClient_UnitTest.VideoOS.RemoteClient.GisMapData.Strategies.MapLayers.DefaultMapLayerDatagramClassFactoryStrategyTests" name="MapLayerType_ShouldBeNull_WhenCalled" />
    </UnitTest>
    <UnitTest name="Deserialize_InvalidValidate_ErrorCollectionNotEmpty" storage="d:\actions-runner\_work\xpco\xpco\allsolutions\..\sc\components\remoteviewer\smartclient\tst\zsmartclient_unittest\bin\x64\debug\net6.0-windows\zsmartclient_unittest.dll" id="d516c9f8-a086-c688-a8dc-fd4cd17c2bf6">
      <TestCategory>
        <TestCategoryItem TestCategory="SearchModels" />
      </TestCategory>
      <Execution id="83470b52-209d-4166-a467-975dd25433a9" />
      <TestMethod codeBase="D:\actions-runner\_work\XPCO\XPCO\AllSolutions\..\SC\Components\RemoteViewer\SmartClient\tst\zSmartClient_UnitTest\bin\x64\Debug\net6.0-windows\zSmartClient_UnitTest.dll" adapterTypeName="executor://mstestadapter/v2" className="SmartClient_UnitTest.VideoOS.RemoteClient.Plugin.CentralizedSearch.Models.SearchModelTests" name="Deserialize_InvalidValidate_ErrorCollectionNotEmpty" />
    </UnitTest>
    <UnitTest name="Serialize_SearchDefinitionsOnly_Success" storage="d:\actions-runner\_work\xpco\xpco\allsolutions\..\sc\components\remoteviewer\smartclient\tst\zsmartclient_unittest\bin\x64\debug\net6.0-windows\zsmartclient_unittest.dll" id="ed095898-1909-8564-6a3c-b8e3252b52c8">
      <TestCategory>
        <TestCategoryItem TestCategory="SearchSerialization" />
      </TestCategory>
      <Execution id="5988b156-8d74-4cda-9079-e6c2b227ca87" />
      <TestMethod codeBase="D:\actions-runner\_work\XPCO\XPCO\AllSolutions\..\SC\Components\RemoteViewer\SmartClient\tst\zSmartClient_UnitTest\bin\x64\Debug\net6.0-windows\zSmartClient_UnitTest.dll" adapterTypeName="executor://mstestadapter/v2" className="SmartClient_UnitTest.VideoOS.RemoteClient.Plugin.CentralizedSearch.Models.Serialization.SearchSerializerTests" name="Serialize_SearchDefinitionsOnly_Success" />
    </UnitTest>
    <UnitTest name="ConvertToNewLevel_ThreeLevelsDown_Success" storage="d:\actions-runner\_work\xpco\xpco\allsolutions\..\sc\components\remoteviewer\smartclient\tst\zsmartclient_unittest\bin\x64\debug\net6.0-windows\zsmartclient_unittest.dll" id="b77b4041-c2a1-a348-dd99-14c2acc50a9c">
      <TestCategory>
        <TestCategoryItem TestCategory="GisMapIndex" />
      </TestCategory>
      <Execution id="88782c49-4389-4c40-afd6-094942446125" />
      <TestMethod codeBase="D:\actions-runner\_work\XPCO\XPCO\AllSolutions\..\SC\Components\RemoteViewer\SmartClient\tst\zSmartClient_UnitTest\bin\x64\Debug\net6.0-windows\zSmartClient_UnitTest.dll" adapterTypeName="executor://mstestadapter/v2" className="SmartClient_UnitTest.VideoOS.RemoteClient.GisMapData.Common.Indexer.IndexGridExtentTest" name="ConvertToNewLevel_ThreeLevelsDown_Success" />
    </UnitTest>
    <UnitTest name="ToMipSearchResultData_ShouldIncludeCommonProperties" storage="d:\actions-runner\_work\xpco\xpco\allsolutions\..\sc\components\remoteviewer\smartclient\tst\zsmartclient_unittest\bin\x64\debug\net6.0-windows\zsmartclient_unittest.dll" id="85a2369e-6316-dbc2-97b3-7104e8e43977">
      <TestCategory>
        <TestCategoryItem TestCategory="Search.Wrappers" />
      </TestCategory>
      <Execution id="a946a368-5544-428e-a47f-c42c7335ddd7" />
      <TestMethod codeBase="D:\actions-runner\_work\XPCO\XPCO\AllSolutions\..\SC\Components\RemoteViewer\SmartClient\tst\zSmartClient_UnitTest\bin\x64\Debug\net6.0-windows\zSmartClient_UnitTest.dll" adapterTypeName="executor://mstestadapter/v2" className="SmartClient_UnitTest.VideoOS.RemoteClient.Plugin.CentralizedSearch.Models.Wrappers.CombinedSearchResultDataWrapperTests" name="ToMipSearchResultData_ShouldIncludeCommonProperties" />
    </UnitTest>
    <UnitTest name="AddItems_EmptyCollection_NoClusterChanges" storage="d:\actions-runner\_work\xpco\xpco\allsolutions\..\sc\components\remoteviewer\smartclient\tst\zsmartclient_unittest\bin\x64\debug\net6.0-windows\zsmartclient_unittest.dll" id="4857c902-d3db-1acf-7754-f8c2fceb17a8">
      <TestCategory>
        <TestCategoryItem TestCategory="GisMapIndex" />
      </TestCategory>
      <Execution id="b0245887-082a-4d39-b3cf-23dd5ed75e9d" />
      <TestMethod codeBase="D:\actions-runner\_work\XPCO\XPCO\AllSolutions\..\SC\Components\RemoteViewer\SmartClient\tst\zSmartClient_UnitTest\bin\x64\Debug\net6.0-windows\zSmartClient_UnitTest.dll" adapterTypeName="executor://mstestadapter/v2" className="SmartClient_UnitTest.VideoOS.RemoteClient.GisMapData.Common.Indexer.MapItemIndexerTests" name="AddItems_EmptyCollection_NoClusterChanges" />
    </UnitTest>
    <UnitTest name="GetIsOpenStreetMapValid_ShouldReturnTrue_WhenGeographicLayerIsAvailableAndAlternativeServerHasInvalidUrl" storage="d:\actions-runner\_work\xpco\xpco\allsolutions\..\sc\components\remoteviewer\smartclient\tst\zsmartclient_unittest\bin\x64\debug\net6.0-windows\zsmartclient_unittest.dll" id="0d69c7de-0a79-1b02-2fcf-9739b7f2143b">
      <TestCategory>
        <TestCategoryItem TestCategory="GisMapData.Controllers.Osm" />
      </TestCategory>
      <Execution id="0d65abc3-331e-4f62-adbc-eece4acef0f7" />
      <TestMethod codeBase="D:\actions-runner\_work\XPCO\XPCO\AllSolutions\..\SC\Components\RemoteViewer\SmartClient\tst\zSmartClient_UnitTest\bin\x64\Debug\net6.0-windows\zSmartClient_UnitTest.dll" adapterTypeName="executor://mstestadapter/v2" className="SmartClient_UnitTest.VideoOS.RemoteClient.GisMapData.Controllers.Osm.GisMapOsmControllerTests" name="GetIsOpenStreetMapValid_ShouldReturnTrue_WhenGeographicLayerIsAvailableAndAlternativeServerHasInvalidUrl" />
    </UnitTest>
    <UnitTest name="CreateSearchResultUserControl_UnmappedConfiguration_ReturnsUnknownSearchResultUserControl" storage="d:\actions-runner\_work\xpco\xpco\allsolutions\..\sc\components\remoteviewer\smartclient\tst\zsmartclient_unittest\bin\x64\debug\net6.0-windows\zsmartclient_unittest.dll" id="8558e7ab-4f92-48f5-6cd7-72956b247ea9">
      <TestCategory>
        <TestCategoryItem TestCategory="Search" />
      </TestCategory>
      <Execution id="066dde5c-30d3-4e64-9b73-087170f0a80c" />
      <TestMethod codeBase="D:\actions-runner\_work\XPCO\XPCO\AllSolutions\..\SC\Components\RemoteViewer\SmartClient\tst\zSmartClient_UnitTest\bin\x64\Debug\net6.0-windows\zSmartClient_UnitTest.dll" adapterTypeName="executor://mstestadapter/v2" className="SmartClient_UnitTest.VideoOS.RemoteClient.Plugin.CentralizedSearch.MIPPlugin.ScSearchUserControlPluginTest" name="CreateSearchResultUserControl_UnmappedConfiguration_ReturnsUnknownSearchResultUserControl" />
    </UnitTest>
    <UnitTest name="UpdateScope_NullItems_Throws" storage="d:\actions-runner\_work\xpco\xpco\allsolutions\..\sc\components\remoteviewer\smartclient\tst\zsmartclient_unittest\bin\x64\debug\net6.0-windows\zsmartclient_unittest.dll" id="06412854-071a-034e-5a5f-ce51d467c3ae">
      <TestCategory>
        <TestCategoryItem TestCategory="SearchModels" />
      </TestCategory>
      <Execution id="3fdfb79b-b5d9-4097-a7bb-9b493e131249" />
      <TestMethod codeBase="D:\actions-runner\_work\XPCO\XPCO\AllSolutions\..\SC\Components\RemoteViewer\SmartClient\tst\zSmartClient_UnitTest\bin\x64\Debug\net6.0-windows\zSmartClient_UnitTest.dll" adapterTypeName="executor://mstestadapter/v2" className="SmartClient_UnitTest.VideoOS.RemoteClient.Plugin.CentralizedSearch.Models.SearchScopeTests" name="UpdateScope_NullItems_Throws" />
    </UnitTest>
    <UnitTest name="ResolveSearchDefinitions_ShouldReturnResultSearchDefinition_WhenCombinedSearchResultWithMultipleSubResultAndSearchDefinitionsNotContainingCorrectSearchDefinitionsAreGiven" storage="d:\actions-runner\_work\xpco\xpco\allsolutions\..\sc\components\remoteviewer\smartclient\tst\zsmartclient_unittest\bin\x64\debug\net6.0-windows\zsmartclient_unittest.dll" id="a64a4521-eb75-1b0e-49ca-196652940e73">
      <TestCategory>
        <TestCategoryItem TestCategory="Search" />
      </TestCategory>
      <Execution id="19265993-81e7-43f4-bbe3-ba3816b15c09" />
      <TestMethod codeBase="D:\actions-runner\_work\XPCO\XPCO\AllSolutions\..\SC\Components\RemoteViewer\SmartClient\tst\zSmartClient_UnitTest\bin\x64\Debug\net6.0-windows\zSmartClient_UnitTest.dll" adapterTypeName="executor://mstestadapter/v2" className="SmartClient_UnitTest.VideoOS.RemoteClient.Plugin.CentralizedSearch.Utils.SearchResultDataWrapperExtensionsTests" name="ResolveSearchDefinitions_ShouldReturnResultSearchDefinition_WhenCombinedSearchResultWithMultipleSubResultAndSearchDefinitionsNotContainingCorrectSearchDefinitionsAreGiven" />
    </UnitTest>
    <UnitTest name="AddToExportTuples_ShouldReturnCorrectResult (0,0,0)" storage="d:\actions-runner\_work\xpco\xpco\allsolutions\..\sc\components\remoteviewer\smartclient\tst\zsmartclient_unittest\bin\x64\debug\net6.0-windows\zsmartclient_unittest.dll" id="28d25576-55a8-249b-51e4-77a3368a8672">
      <TestCategory>
        <TestCategoryItem TestCategory="Managers" />
      </TestCategory>
      <Execution id="5d5c8098-cc56-4a02-aa39-d1c0e522a9eb" />
      <TestMethod codeBase="D:\actions-runner\_work\XPCO\XPCO\AllSolutions\..\SC\Components\RemoteViewer\SmartClient\tst\zSmartClient_UnitTest\bin\x64\Debug\net6.0-windows\zSmartClient_UnitTest.dll" adapterTypeName="executor://mstestadapter/v2" className="SmartClient_UnitTest.VideoOS.RemoteClient.Application.Managers.ExportManagerTests" name="AddToExportTuples_ShouldReturnCorrectResult" />
    </UnitTest>
    <UnitTest name="Id_ShouldBeDifferent_WhenSearchResultIdIsGuidEmpty" storage="d:\actions-runner\_work\xpco\xpco\allsolutions\..\sc\components\remoteviewer\smartclient\tst\zsmartclient_unittest\bin\x64\debug\net6.0-windows\zsmartclient_unittest.dll" id="8252077b-13bd-fcd5-946c-4ceaed8bb503">
      <TestCategory>
        <TestCategoryItem TestCategory="Search.Wrappers" />
      </TestCategory>
      <Execution id="aa15e4e8-fdb3-42b7-83ad-d178bfd509c8" />
      <TestMethod codeBase="D:\actions-runner\_work\XPCO\XPCO\AllSolutions\..\SC\Components\RemoteViewer\SmartClient\tst\zSmartClient_UnitTest\bin\x64\Debug\net6.0-windows\zSmartClient_UnitTest.dll" adapterTypeName="executor://mstestadapter/v2" className="SmartClient_UnitTest.VideoOS.RemoteClient.Plugin.CentralizedSearch.Models.Wrappers.SearchResultDataWrapperTests" name="Id_ShouldBeDifferent_WhenSearchResultIdIsGuidEmpty" />
    </UnitTest>
    <UnitTest name="OnMarkerRightClicked_ShouldLetMapLayerControlMenuItems_WhenMultipleItemsFromSameLayerAreSelected" storage="d:\actions-runner\_work\xpco\xpco\allsolutions\..\sc\components\remoteviewer\smartclient\tst\zsmartclient_unittest\bin\x64\debug\net6.0-windows\zsmartclient_unittest.dll" id="0ad4b394-46f3-87fb-eed4-e2c73091dff3">
      <TestCategory>
        <TestCategoryItem TestCategory="SmartMap.MapItemsOverlay" />
      </TestCategory>
      <Execution id="241b74d2-c507-4daa-9dc9-6d187add203e" />
      <TestMethod codeBase="D:\actions-runner\_work\XPCO\XPCO\AllSolutions\..\SC\Components\RemoteViewer\SmartClient\tst\zSmartClient_UnitTest\bin\x64\Debug\net6.0-windows\zSmartClient_UnitTest.dll" adapterTypeName="executor://mstestadapter/v2" className="SmartClient_UnitTest.VideoOS.RemoteClient.Plugin.GisMap.ThinkGeoMap.SpecializedOverlays.Overlays.MapItemsOverlayTests" name="OnMarkerRightClicked_ShouldLetMapLayerControlMenuItems_WhenMultipleItemsFromSameLayerAreSelected" />
    </UnitTest>
    <UnitTest name="CreateExportDialog_CannotSelectExportToOptics_WithNoOpticalDrivesPresent" storage="d:\actions-runner\_work\xpco\xpco\allsolutions\..\sc\components\remoteviewer\smartclient\tst\zsmartclient_unittest\bin\x64\debug\net6.0-windows\zsmartclient_unittest.dll" id="9e1c156c-7717-458a-15e2-7e227d19e93b">
      <TestCategory>
        <TestCategoryItem TestCategory="Export" />
      </TestCategory>
      <Execution id="c86819fd-262b-4081-b7e9-fe935d365393" />
      <TestMethod codeBase="D:\actions-runner\_work\XPCO\XPCO\AllSolutions\..\SC\Components\RemoteViewer\SmartClient\tst\zSmartClient_UnitTest\bin\x64\Debug\net6.0-windows\zSmartClient_UnitTest.dll" adapterTypeName="executor://mstestadapter/v2" className="SmartClient_UnitTest.VideoOS.RemoteClient.Plugin.Export.CreateExportDialogViewModelTests" name="CreateExportDialog_CannotSelectExportToOptics_WithNoOpticalDrivesPresent" />
    </UnitTest>
    <UnitTest name="True" storage="d:\actions-runner\_work\xpco\xpco\allsolutions\..\sc\components\remoteviewer\smartclient\tst\zsmartclient_unittest\bin\x64\debug\net6.0-windows\zsmartclient_unittest.dll" id="3389b6dd-689a-11ef-38a7-5096963ffea8">
      <TestCategory>
        <TestCategoryItem TestCategory="WorkspaceToolbar" />
      </TestCategory>
      <Execution id="81150c2f-b291-44a9-9b57-7a2b2ff2affc" />
      <TestMethod codeBase="D:\actions-runner\_work\XPCO\XPCO\AllSolutions\..\SC\Components\RemoteViewer\SmartClient\tst\zSmartClient_UnitTest\bin\x64\Debug\net6.0-windows\zSmartClient_UnitTest.dll" adapterTypeName="executor://mstestadapter/v2" className="SmartClient_UnitTest.VideoOS.RemoteClient.Application.Data.WorkspaceToolbar.WorkspaceToolbarItemMipPluginTests" name="BindingModelVisible_Matches_PluginInstanceVisible" />
    </UnitTest>
    <UnitTest name="HandleSetLayerFeatures_ShouldUpdateOutputLayerFeatures_WhenOutputKindAndOutputLayerFeatures" storage="d:\actions-runner\_work\xpco\xpco\allsolutions\..\sc\components\remoteviewer\smartclient\tst\zsmartclient_unittest\bin\x64\debug\net6.0-windows\zsmartclient_unittest.dll" id="013b26f2-09bd-8917-4b17-0706864d4c14">
      <TestCategory>
        <TestCategoryItem TestCategory="GisMapData.Handlers.LayerFeatures" />
      </TestCategory>
      <Execution id="3d4d8b2b-6237-41c5-bf1d-9070143f5cc5" />
      <TestMethod codeBase="D:\actions-runner\_work\XPCO\XPCO\AllSolutions\..\SC\Components\RemoteViewer\SmartClient\tst\zSmartClient_UnitTest\bin\x64\Debug\net6.0-windows\zSmartClient_UnitTest.dll" adapterTypeName="executor://mstestadapter/v2" className="SmartClient_UnitTest.VideoOS.RemoteClient.GisMapData.Handlers.LayerFeatures.OutputLayerFeaturesHandlerTests" name="HandleSetLayerFeatures_ShouldUpdateOutputLayerFeatures_WhenOutputKindAndOutputLayerFeatures" />
    </UnitTest>
    <UnitTest name="ComparerSet_SameValue_NoEventFired" storage="d:\actions-runner\_work\xpco\xpco\allsolutions\..\sc\components\remoteviewer\smartclient\tst\zsmartclient_unittest\bin\x64\debug\net6.0-windows\zsmartclient_unittest.dll" id="af2fff69-ede4-2bff-61e9-6a132589f2de">
      <TestCategory>
        <TestCategoryItem TestCategory="SearchResultsPreprocessor" />
      </TestCategory>
      <Execution id="d0f313ff-971c-43cd-8e23-462e8fd35b13" />
      <TestMethod codeBase="D:\actions-runner\_work\XPCO\XPCO\AllSolutions\..\SC\Components\RemoteViewer\SmartClient\tst\zSmartClient_UnitTest\bin\x64\Debug\net6.0-windows\zSmartClient_UnitTest.dll" adapterTypeName="executor://mstestadapter/v2" className="SmartClient_UnitTest.VideoOS.RemoteClient.Plugin.CentralizedSearch.Models.SearchResultsPreprocessorTests" name="ComparerSet_SameValue_NoEventFired" />
    </UnitTest>
    <UnitTest name="TestConstructor_NormalParameters_Success" storage="d:\actions-runner\_work\xpco\xpco\allsolutions\..\sc\components\remoteviewer\smartclient\tst\zsmartclient_unittest\bin\x64\debug\net6.0-windows\zsmartclient_unittest.dll" id="a62f73f0-335e-a678-1617-1f76a60aab0f">
      <TestCategory>
        <TestCategoryItem TestCategory="WorkroomController" />
      </TestCategory>
      <Execution id="dded5a98-deb1-4801-b4d4-8b0bb371bdad" />
      <TestMethod codeBase="D:\actions-runner\_work\XPCO\XPCO\AllSolutions\..\SC\Components\RemoteViewer\SmartClient\tst\zSmartClient_UnitTest\bin\x64\Debug\net6.0-windows\zSmartClient_UnitTest.dll" adapterTypeName="executor://mstestadapter/v2" className="VideoOS.RemoteClient.Application.Controllers.WorkroomController.UnitTest.TabWorkroomControllerTest" name="TestConstructor_NormalParameters_Success" />
    </UnitTest>
    <UnitTest name="Compare_Ascending_Success" storage="d:\actions-runner\_work\xpco\xpco\allsolutions\..\sc\components\remoteviewer\smartclient\tst\zsmartclient_unittest\bin\x64\debug\net6.0-windows\zsmartclient_unittest.dll" id="75ab4f71-3b38-2c11-9aa3-99e6e265b21d">
      <TestCategory>
        <TestCategoryItem TestCategory="SearchComparers" />
      </TestCategory>
      <Execution id="b939cc25-464e-4b5b-a4e1-d8575c1d60e8" />
      <TestMethod codeBase="D:\actions-runner\_work\XPCO\XPCO\AllSolutions\..\SC\Components\RemoteViewer\SmartClient\tst\zSmartClient_UnitTest\bin\x64\Debug\net6.0-windows\zSmartClient_UnitTest.dll" adapterTypeName="executor://mstestadapter/v2" className="SmartClient_UnitTest.VideoOS.RemoteClient.Plugin.CentralizedSearch.Models.Wrappers.Comparers.BeginTimeWithPaddingComparerTests" name="Compare_Ascending_Success" />
    </UnitTest>
    <UnitTest name="Clear_EventFired" storage="d:\actions-runner\_work\xpco\xpco\allsolutions\..\sc\components\remoteviewer\smartclient\tst\zsmartclient_unittest\bin\x64\debug\net6.0-windows\zsmartclient_unittest.dll" id="5038381c-1ef8-8dbb-06ed-8a9f21662b0a">
      <TestCategory>
        <TestCategoryItem TestCategory="SearchResultsPreprocessor" />
      </TestCategory>
      <Execution id="fdad3612-22a5-441c-ada9-257ddd1a10ae" />
      <TestMethod codeBase="D:\actions-runner\_work\XPCO\XPCO\AllSolutions\..\SC\Components\RemoteViewer\SmartClient\tst\zSmartClient_UnitTest\bin\x64\Debug\net6.0-windows\zSmartClient_UnitTest.dll" adapterTypeName="executor://mstestadapter/v2" className="SmartClient_UnitTest.VideoOS.RemoteClient.Plugin.CentralizedSearch.Models.SearchResultsPreprocessorTests" name="Clear_EventFired" />
    </UnitTest>
    <UnitTest name="Constructor_ShouldRaiseArgumentNullException_WhenGisMapModelIsNull" storage="d:\actions-runner\_work\xpco\xpco\allsolutions\..\sc\components\remoteviewer\smartclient\tst\zsmartclient_unittest\bin\x64\debug\net6.0-windows\zsmartclient_unittest.dll" id="cedacd39-cebe-080f-c95c-117129a33131">
      <TestCategory>
        <TestCategoryItem TestCategory="GisMap.Handlers.Devices.MapItems" />
      </TestCategory>
      <Execution id="b79bf350-1b5c-4c2d-95fe-dfa502681713" />
      <TestMethod codeBase="D:\actions-runner\_work\XPCO\XPCO\AllSolutions\..\SC\Components\RemoteViewer\SmartClient\tst\zSmartClient_UnitTest\bin\x64\Debug\net6.0-windows\zSmartClient_UnitTest.dll" adapterTypeName="executor://mstestadapter/v2" className="SmartClient_UnitTest.VideoOS.RemoteClient.Plugin.GisMap.Handlers.Devices.MapItems.InputDataHandlerTests" name="Constructor_ShouldRaiseArgumentNullException_WhenGisMapModelIsNull" />
    </UnitTest>
    <UnitTest name="TimeToStringConverter_Convert_NullParameter_ReturnUnsetValue" storage="d:\actions-runner\_work\xpco\xpco\allsolutions\..\sc\components\remoteviewer\smartclient\tst\zsmartclient_unittest\bin\x64\debug\net6.0-windows\zsmartclient_unittest.dll" id="4007ec22-794b-cf4d-bda6-76bc701e6452">
      <TestCategory>
        <TestCategoryItem TestCategory="SearchConverter" />
      </TestCategory>
      <Execution id="00a4c284-8b38-45d5-91a4-697273de9c77" />
      <TestMethod codeBase="D:\actions-runner\_work\XPCO\XPCO\AllSolutions\..\SC\Components\RemoteViewer\SmartClient\tst\zSmartClient_UnitTest\bin\x64\Debug\net6.0-windows\zSmartClient_UnitTest.dll" adapterTypeName="executor://mstestadapter/v2" className="SmartClient_UnitTest.VideoOS.RemoteClient.Plugin.CentralizedSearch.Views.Converters.TimeToStringConverterTests" name="TimeToStringConverter_Convert_NullParameter_ReturnUnsetValue" />
    </UnitTest>
    <UnitTest name="IsCurrentScaleEqualTo_ShouldReturnTrue_WhenValuesAreEqualWithinGivenPrecision" storage="d:\actions-runner\_work\xpco\xpco\allsolutions\..\sc\components\remoteviewer\smartclient\tst\zsmartclient_unittest\bin\x64\debug\net6.0-windows\zsmartclient_unittest.dll" id="7863e25b-2679-2198-6c24-80dcdc161cf9">
      <TestCategory>
        <TestCategoryItem TestCategory="MapExtentManager" />
      </TestCategory>
      <Execution id="23d257b1-9065-48d1-a9fa-8b0ac4c38bc5" />
      <TestMethod codeBase="D:\actions-runner\_work\XPCO\XPCO\AllSolutions\..\SC\Components\RemoteViewer\SmartClient\tst\zSmartClient_UnitTest\bin\x64\Debug\net6.0-windows\zSmartClient_UnitTest.dll" adapterTypeName="executor://mstestadapter/v2" className="SmartClient_UnitTest.VideoOS.RemoteClient.Plugin.GisMap.ThinkGeoMap.Settings.ThinkGeoMapExtentManagerTests" name="IsCurrentScaleEqualTo_ShouldReturnTrue_WhenValuesAreEqualWithinGivenPrecision" />
    </UnitTest>
    <UnitTest name="OutputMapItem_ForceActivateAsync_InBuilding_MapLevelsNotLoaded_Success" storage="d:\actions-runner\_work\xpco\xpco\allsolutions\..\sc\components\remoteviewer\smartclient\tst\zsmartclient_unittest\bin\x64\debug\net6.0-windows\zsmartclient_unittest.dll" id="1326eca0-5707-a15c-4eaf-c5b6ab9d34ec">
      <TestCategory>
        <TestCategoryItem TestCategory="GisMapData.MapItem.Outputs" />
      </TestCategory>
      <Execution id="17007b67-23f0-4063-955c-33186c612794" />
      <TestMethod codeBase="D:\actions-runner\_work\XPCO\XPCO\AllSolutions\..\SC\Components\RemoteViewer\SmartClient\tst\zSmartClient_UnitTest\bin\x64\Debug\net6.0-windows\zSmartClient_UnitTest.dll" adapterTypeName="executor://mstestadapter/v2" className="SmartClient_UnitTest.VideoOS.RemoteClient.GisMapData.MapItem.Outputs.OutputMapItemTests" name="OutputMapItem_ForceActivateAsync_InBuilding_MapLevelsNotLoaded_Success" />
    </UnitTest>
    <UnitTest name="PatrollingStepListViewModel_CanExecuteMoveUp" storage="d:\actions-runner\_work\xpco\xpco\allsolutions\..\sc\components\remoteviewer\smartclient\tst\zsmartclient_unittest\bin\x64\debug\net6.0-windows\zsmartclient_unittest.dll" id="e7c0b876-bbe6-d4df-1806-4ff85a920c2f">
      <Execution id="f3b4345b-c21a-4435-b816-fc1608fd09c6" />
      <TestMethod codeBase="D:\actions-runner\_work\XPCO\XPCO\AllSolutions\..\SC\Components\RemoteViewer\SmartClient\tst\zSmartClient_UnitTest\bin\x64\Debug\net6.0-windows\zSmartClient_UnitTest.dll" adapterTypeName="executor://mstestadapter/v2" className="SmartClient_UnitTest.VideoOS.RemoteClient.Application.UI.PtzPreset.PatrollingViewModel.PatrollingStepListViewModelTest" name="PatrollingStepListViewModel_CanExecuteMoveUp" />
    </UnitTest>
    <UnitTest name="BoundingShapesCanvasVisibility_UpdateCorrectly" storage="d:\actions-runner\_work\xpco\xpco\allsolutions\..\sc\components\remoteviewer\smartclient\tst\zsmartclient_unittest\bin\x64\debug\net6.0-windows\zsmartclient_unittest.dll" id="d84aea0e-76b6-55d2-4b7e-5e6eebfaed0e">
      <Execution id="4acd0713-cae6-4a65-a1c2-a6602f748268" />
      <TestMethod codeBase="D:\actions-runner\_work\XPCO\XPCO\AllSolutions\..\SC\Components\RemoteViewer\SmartClient\tst\zSmartClient_UnitTest\bin\x64\Debug\net6.0-windows\zSmartClient_UnitTest.dll" adapterTypeName="executor://mstestadapter/v2" className="SmartClient_UnitTest.VideoOS.RemoteClient.Plugin.CentralizedSearch.MIPPlugin.Results.VideoSearchResultUserControlTests" name="BoundingShapesCanvasVisibility_UpdateCorrectly" />
    </UnitTest>
    <UnitTest name="FetchDeviceConfiguration_ShouldNotLoadFromServer_WhenCacheFileIsPresentAndFetchTypeIsOnlyCache" storage="d:\actions-runner\_work\xpco\xpco\allsolutions\..\sc\components\remoteviewer\smartclient\tst\zsmartclient_unittest\bin\x64\debug\net6.0-windows\zsmartclient_unittest.dll" id="e9caefce-c71e-206f-c8b4-a603b26c14bb">
      <Execution id="7b55494c-2987-4209-9170-8e183190b11d" />
      <TestMethod codeBase="D:\actions-runner\_work\XPCO\XPCO\AllSolutions\..\SC\Components\RemoteViewer\SmartClient\tst\zSmartClient_UnitTest\bin\x64\Debug\net6.0-windows\zSmartClient_UnitTest.dll" adapterTypeName="executor://mstestadapter/v2" className="SmartClient_UnitTest.VideoOS.RemoteClient.Application.Controllers.Helpers.DeviceConfigurationFetcherTests" name="FetchDeviceConfiguration_ShouldNotLoadFromServer_WhenCacheFileIsPresentAndFetchTypeIsOnlyCache" />
    </UnitTest>
    <UnitTest name="ToolbarItems_VisibleEnabledStates_WhenInLiveOrPlayback" storage="d:\actions-runner\_work\xpco\xpco\allsolutions\..\sc\components\remoteviewer\smartclient\tst\zsmartclient_unittest\bin\x64\debug\net6.0-windows\zsmartclient_unittest.dll" id="80e1e452-82cf-b088-db40-d28f7d32c62d">
      <TestCategory>
        <TestCategoryItem TestCategory="WorkspaceToolbar" />
      </TestCategory>
      <Execution id="42f811a3-cf4a-452b-9f8a-caa2d577bce6" />
      <TestMethod codeBase="D:\actions-runner\_work\XPCO\XPCO\AllSolutions\..\SC\Components\RemoteViewer\SmartClient\tst\zSmartClient_UnitTest\bin\x64\Debug\net6.0-windows\zSmartClient_UnitTest.dll" adapterTypeName="executor://mstestadapter/v2" className="SmartClient_UnitTest.VideoOS.RemoteClient.Application.UI.Content.WorkspaceToolbar.WorkspaceToolbarViewModelTests" name="ToolbarItems_VisibleEnabledStates_WhenInLiveOrPlayback" />
    </UnitTest>
    <UnitTest name="AddResults_IncludePartialResults_OnePartialResult_Success" storage="d:\actions-runner\_work\xpco\xpco\allsolutions\..\sc\components\remoteviewer\smartclient\tst\zsmartclient_unittest\bin\x64\debug\net6.0-windows\zsmartclient_unittest.dll" id="8c07f686-6c37-5afb-9e2e-861969346f9f">
      <TestCategory>
        <TestCategoryItem TestCategory="SearchResultsPreprocessor.PartialResults" />
      </TestCategory>
      <Execution id="83f62430-78be-4a44-a15d-a42cc89bc8a8" />
      <TestMethod codeBase="D:\actions-runner\_work\XPCO\XPCO\AllSolutions\..\SC\Components\RemoteViewer\SmartClient\tst\zSmartClient_UnitTest\bin\x64\Debug\net6.0-windows\zSmartClient_UnitTest.dll" adapterTypeName="executor://mstestadapter/v2" className="SmartClient_UnitTest.VideoOS.RemoteClient.Plugin.CentralizedSearch.Models.SearchResultsPreprocessorTests" name="AddResults_IncludePartialResults_OnePartialResult_Success" />
    </UnitTest>
    <UnitTest name="Ctor_NullScreen_ThrowsException" storage="d:\actions-runner\_work\xpco\xpco\allsolutions\..\sc\components\remoteviewer\smartclient\tst\zsmartclient_unittest\bin\x64\debug\net6.0-windows\zsmartclient_unittest.dll" id="30772405-8178-0ea1-63c6-a4f72d01f565">
      <TestCategory>
        <TestCategoryItem TestCategory="ViewPanel" />
      </TestCategory>
      <Execution id="a339ed1d-3be2-4394-8fd9-30bf836a5b81" />
      <TestMethod codeBase="D:\actions-runner\_work\XPCO\XPCO\AllSolutions\..\SC\Components\RemoteViewer\SmartClient\tst\zSmartClient_UnitTest\bin\x64\Debug\net6.0-windows\zSmartClient_UnitTest.dll" adapterTypeName="executor://mstestadapter/v2" className="SmartClient_UnitTest.VideoOS.RemoteClient.Application.UI.Panel.Controls.SendToScreenMarkerTests" name="Ctor_NullScreen_ThrowsException" />
    </UnitTest>
    <UnitTest name="MoveToTop_ShouldMoveMarkerTopmost_WhenClusterMarkerMovedToTopBeforehand" storage="d:\actions-runner\_work\xpco\xpco\allsolutions\..\sc\components\remoteviewer\smartclient\tst\zsmartclient_unittest\bin\x64\debug\net6.0-windows\zsmartclient_unittest.dll" id="aaab9dde-be84-0ade-c90f-e582e149ad8f">
      <TestCategory>
        <TestCategoryItem TestCategory="SmartMap.MapItemsOverlay" />
      </TestCategory>
      <Execution id="75846c8f-815c-45c9-a4e9-5135309e4c94" />
      <TestMethod codeBase="D:\actions-runner\_work\XPCO\XPCO\AllSolutions\..\SC\Components\RemoteViewer\SmartClient\tst\zSmartClient_UnitTest\bin\x64\Debug\net6.0-windows\zSmartClient_UnitTest.dll" adapterTypeName="executor://mstestadapter/v2" className="SmartClient_UnitTest.VideoOS.RemoteClient.Plugin.GisMap.ThinkGeoMap.SpecializedOverlays.Overlays.MapItemsOverlayTests" name="MoveToTop_ShouldMoveMarkerTopmost_WhenClusterMarkerMovedToTopBeforehand" />
    </UnitTest>
    <UnitTest name="PointMapItem_MicrophoneWithNoShortName_Success" storage="d:\actions-runner\_work\xpco\xpco\allsolutions\..\sc\components\remoteviewer\smartclient\tst\zsmartclient_unittest\bin\x64\debug\net6.0-windows\zsmartclient_unittest.dll" id="8d2c3378-22f0-b4e2-6833-c26077a86417">
      <TestCategory>
        <TestCategoryItem TestCategory="GisMapData.MapItem.Microphones" />
      </TestCategory>
      <Execution id="45cf6a9b-1af2-43a6-8be3-3a8a38de9297" />
      <TestMethod codeBase="D:\actions-runner\_work\XPCO\XPCO\AllSolutions\..\SC\Components\RemoteViewer\SmartClient\tst\zSmartClient_UnitTest\bin\x64\Debug\net6.0-windows\zSmartClient_UnitTest.dll" adapterTypeName="executor://mstestadapter/v2" className="SmartClient_UnitTest.VideoOS.RemoteClient.GisMapData.MapItem.Microphones.MicrophoneMapItemTests" name="PointMapItem_MicrophoneWithNoShortName_Success" />
    </UnitTest>
    <UnitTest name="Parse_LastSevenDays_Success" storage="d:\actions-runner\_work\xpco\xpco\allsolutions\..\sc\components\remoteviewer\smartclient\tst\zsmartclient_unittest\bin\x64\debug\net6.0-windows\zsmartclient_unittest.dll" id="9a0fb96e-e4fc-b2c2-ba48-82a57235f1f3">
      <TestCategory>
        <TestCategoryItem TestCategory="Search" />
      </TestCategory>
      <Execution id="8df84286-4eea-42ff-b5a2-8d68b6e32058" />
      <TestMethod codeBase="D:\actions-runner\_work\XPCO\XPCO\AllSolutions\..\SC\Components\RemoteViewer\SmartClient\tst\zSmartClient_UnitTest\bin\x64\Debug\net6.0-windows\zSmartClient_UnitTest.dll" adapterTypeName="executor://mstestadapter/v2" className="SmartClient_UnitTest.VideoOS.RemoteClient.Plugin.CentralizedSearch.Models.ScopeDurationTests" name="Parse_LastSevenDays_Success" />
    </UnitTest>
    <UnitTest name="SupportsRightClick_ShouldBeFalse_WhenInteractionStateIsNotNormal" storage="d:\actions-runner\_work\xpco\xpco\allsolutions\..\sc\components\remoteviewer\smartclient\tst\zsmartclient_unittest\bin\x64\debug\net6.0-windows\zsmartclient_unittest.dll" id="2d399f3a-cd79-9af4-db68-ab2622857a87">
      <TestCategory>
        <TestCategoryItem TestCategory="GisMap.InputMarkerTest" />
      </TestCategory>
      <Execution id="270f97ca-5c38-4064-8836-77b65efa954f" />
      <TestMethod codeBase="D:\actions-runner\_work\XPCO\XPCO\AllSolutions\..\SC\Components\RemoteViewer\SmartClient\tst\zSmartClient_UnitTest\bin\x64\Debug\net6.0-windows\zSmartClient_UnitTest.dll" adapterTypeName="executor://mstestadapter/v2" className="SmartClient_UnitTest.VideoOS.RemoteClient.Plugin.GisMap.ThinkGeoMap.Markers.DeviceMarkers.InputMarker.InputMarkerTests" name="SupportsRightClick_ShouldBeFalse_WhenInteractionStateIsNotNormal" />
    </UnitTest>
    <UnitTest name="PtzSessionController_Unregister_None_Registered_Camera_Test" storage="d:\actions-runner\_work\xpco\xpco\allsolutions\..\sc\components\remoteviewer\smartclient\tst\zsmartclient_unittest\bin\x64\debug\net6.0-windows\zsmartclient_unittest.dll" id="bf43b520-f013-6f88-54e2-4da33d00fc9f">
      <Execution id="c3284dac-347f-4a45-b9d3-17a838e5908a" />
      <TestMethod codeBase="D:\actions-runner\_work\XPCO\XPCO\AllSolutions\..\SC\Components\RemoteViewer\SmartClient\tst\zSmartClient_UnitTest\bin\x64\Debug\net6.0-windows\zSmartClient_UnitTest.dll" adapterTypeName="executor://mstestadapter/v2" className="VideoOS.RemoteClient.Application.Controllers.UnitTest.PtzSessionControllerTest" name="PtzSessionController_Unregister_None_Registered_Camera_Test" />
    </UnitTest>
    <UnitTest name="SmartMapGoToPositionHandler_WhenDataIsNotSmartMapGoToPositionCommandData_ShouldWriteToLog" storage="d:\actions-runner\_work\xpco\xpco\allsolutions\..\sc\components\remoteviewer\smartclient\tst\zsmartclient_unittest\bin\x64\debug\net6.0-windows\zsmartclient_unittest.dll" id="e2bc20ac-f49d-eabf-edc0-8474eb6a4a1c">
      <Execution id="817845c2-a740-4422-97bf-efbb3d26057e" />
      <TestMethod codeBase="D:\actions-runner\_work\XPCO\XPCO\AllSolutions\..\SC\Components\RemoteViewer\SmartClient\tst\zSmartClient_UnitTest\bin\x64\Debug\net6.0-windows\zSmartClient_UnitTest.dll" adapterTypeName="executor://mstestadapter/v2" className="SmartClient_UnitTest.VideoOS.RemoteClient.Plugin.GisMap.MIP.ContentHolderMipMessageManagerTests" name="SmartMapGoToPositionHandler_WhenDataIsNotSmartMapGoToPositionCommandData_ShouldWriteToLog" />
    </UnitTest>
    <UnitTest name="ToNormalizedFieldOfView_OutOfRange_2PI_Fail" storage="d:\actions-runner\_work\xpco\xpco\allsolutions\..\sc\components\remoteviewer\smartclient\tst\zsmartclient_unittest\bin\x64\debug\net6.0-windows\zsmartclient_unittest.dll" id="3483fd74-40ab-caaa-a1c3-b598cd24d905">
      <TestCategory>
        <TestCategoryItem TestCategory="GisMap" />
      </TestCategory>
      <Execution id="27653af6-740e-4bcd-bd0c-3665fa762fde" />
      <TestMethod codeBase="D:\actions-runner\_work\XPCO\XPCO\AllSolutions\..\SC\Components\RemoteViewer\SmartClient\tst\zSmartClient_UnitTest\bin\x64\Debug\net6.0-windows\zSmartClient_UnitTest.dll" adapterTypeName="executor://mstestadapter/v2" className="SmartClient_UnitTest.VideoOS.RemoteClient.GisMap.Utilities.GisUtilityTests" name="ToNormalizedFieldOfView_OutOfRange_2PI_Fail" />
    </UnitTest>
    <UnitTest name="DeserializeEmptyState_Fail" storage="d:\actions-runner\_work\xpco\xpco\allsolutions\..\sc\components\remoteviewer\smartclient\tst\zsmartclient_unittest\bin\x64\debug\net6.0-windows\zsmartclient_unittest.dll" id="14084b93-5aba-08b1-aca1-53c6d97f4819">
      <Execution id="dcd75be0-b6d1-4a0a-a0ee-1982d10254b9" />
      <TestMethod codeBase="D:\actions-runner\_work\XPCO\XPCO\AllSolutions\..\SC\Components\RemoteViewer\SmartClient\tst\zSmartClient_UnitTest\bin\x64\Debug\net6.0-windows\zSmartClient_UnitTest.dll" adapterTypeName="executor://mstestadapter/v2" className="SmartClient_UnitTest.VideoOS.RemoteClient.Data.VideoWall.MonitorStateTests" name="DeserializeEmptyState_Fail" />
    </UnitTest>
    <UnitTest name="ResultCountText_OneResults_Success" storage="d:\actions-runner\_work\xpco\xpco\allsolutions\..\sc\components\remoteviewer\smartclient\tst\zsmartclient_unittest\bin\x64\debug\net6.0-windows\zsmartclient_unittest.dll" id="c453d029-07d1-c3a5-eeb3-4f67d3418e09">
      <TestCategory>
        <TestCategoryItem TestCategory="SearchResultViewModels" />
      </TestCategory>
      <Execution id="5a4523ef-87a4-46a1-947a-1fffcb6d2ddb" />
      <TestMethod codeBase="D:\actions-runner\_work\XPCO\XPCO\AllSolutions\..\SC\Components\RemoteViewer\SmartClient\tst\zSmartClient_UnitTest\bin\x64\Debug\net6.0-windows\zSmartClient_UnitTest.dll" adapterTypeName="executor://mstestadapter/v2" className="SmartClient_UnitTest.VideoOS.RemoteClient.Plugin.CentralizedSearch.ViewModels.SearchResultsViewModelTest" name="ResultCountText_OneResults_Success" />
    </UnitTest>
    <UnitTest name="Both enabled, not forced" storage="d:\actions-runner\_work\xpco\xpco\allsolutions\..\sc\components\remoteviewer\smartclient\tst\zsmartclient_unittest\bin\x64\debug\net6.0-windows\zsmartclient_unittest.dll" id="d85ccb45-df39-85fa-0735-81b50d6ae30d">
      <TestCategory>
        <TestCategoryItem TestCategory="Export" />
      </TestCategory>
      <Execution id="3a34fd95-64a6-4756-bd7a-ac3b1a182388" />
      <TestMethod codeBase="D:\actions-runner\_work\XPCO\XPCO\AllSolutions\..\SC\Components\RemoteViewer\SmartClient\tst\zSmartClient_UnitTest\bin\x64\Debug\net6.0-windows\zSmartClient_UnitTest.dll" adapterTypeName="executor://mstestadapter/v2" className="SmartClient_UnitTest.VideoOS.RemoteClient.Plugin.Export.CreateExportDialogViewModelTests" name="CreateExportDialog_ExportDestinationPreSelected_BasedOnOptions" />
    </UnitTest>
    <UnitTest name="GisMapModel_MapVersion_IsCorrect" storage="d:\actions-runner\_work\xpco\xpco\allsolutions\..\sc\components\remoteviewer\smartclient\tst\zsmartclient_unittest\bin\x64\debug\net6.0-windows\zsmartclient_unittest.dll" id="35fc797f-8043-748e-70a2-2388d5cb8d3d">
      <TestCategory>
        <TestCategoryItem TestCategory="GisMap" />
      </TestCategory>
      <Execution id="4f333efb-18fb-499b-bb53-81d4285c1885" />
      <TestMethod codeBase="D:\actions-runner\_work\XPCO\XPCO\AllSolutions\..\SC\Components\RemoteViewer\SmartClient\tst\zSmartClient_UnitTest\bin\x64\Debug\net6.0-windows\zSmartClient_UnitTest.dll" adapterTypeName="executor://mstestadapter/v2" className="SmartClient_UnitTest.VideoOS.RemoteClient.GisMapData.GisMapBasicTests" name="GisMapModel_MapVersion_IsCorrect" />
    </UnitTest>
    <UnitTest name="LoadSearchTemplate_NoActiveToNewActiveSuppressEvent_UpdateAndNoEvent" storage="d:\actions-runner\_work\xpco\xpco\allsolutions\..\sc\components\remoteviewer\smartclient\tst\zsmartclient_unittest\bin\x64\debug\net6.0-windows\zsmartclient_unittest.dll" id="165e0853-e6ec-d7d3-2c96-375c649002cc">
      <TestCategory>
        <TestCategoryItem TestCategory="SearchTemplates" />
      </TestCategory>
      <Execution id="5408162d-3fc9-449b-85eb-ee61b7145695" />
      <TestMethod codeBase="D:\actions-runner\_work\XPCO\XPCO\AllSolutions\..\SC\Components\RemoteViewer\SmartClient\tst\zSmartClient_UnitTest\bin\x64\Debug\net6.0-windows\zSmartClient_UnitTest.dll" adapterTypeName="executor://mstestadapter/v2" className="SmartClient_UnitTest.VideoOS.RemoteClient.Plugin.CentralizedSearch.SearchTemplates.SearchTemplateManagerTests" name="LoadSearchTemplate_NoActiveToNewActiveSuppressEvent_UpdateAndNoEvent" />
    </UnitTest>
    <UnitTest name="Toolbar_HasNoButtonsVisibleByDefault_WhenNotInLiveOrPlayback" storage="d:\actions-runner\_work\xpco\xpco\allsolutions\..\sc\components\remoteviewer\smartclient\tst\zsmartclient_unittest\bin\x64\debug\net6.0-windows\zsmartclient_unittest.dll" id="5660124e-2746-e525-af63-46d6c656faea">
      <TestCategory>
        <TestCategoryItem TestCategory="WorkspaceToolbar" />
      </TestCategory>
      <Execution id="37fa2a68-088e-46fd-8a8e-eb4cc3db8e79" />
      <TestMethod codeBase="D:\actions-runner\_work\XPCO\XPCO\AllSolutions\..\SC\Components\RemoteViewer\SmartClient\tst\zSmartClient_UnitTest\bin\x64\Debug\net6.0-windows\zSmartClient_UnitTest.dll" adapterTypeName="executor://mstestadapter/v2" className="SmartClient_UnitTest.VideoOS.RemoteClient.Application.UI.Content.WorkspaceToolbar.WorkspaceToolbarViewModelTests" name="Toolbar_HasNoButtonsVisibleByDefault_WhenNotInLiveOrPlayback" />
    </UnitTest>
    <UnitTest name="AddGetConfigurationCameraTest" storage="d:\actions-runner\_work\xpco\xpco\allsolutions\..\sc\components\remoteviewer\smartclient\tst\zsmartclient_unittest\bin\x64\debug\net6.0-windows\zsmartclient_unittest.dll" id="8b087bdb-e613-2682-1659-90f070e3535d">
      <Execution id="112d2415-5be6-4fba-9cad-f759892ceaed" />
      <TestMethod codeBase="D:\actions-runner\_work\XPCO\XPCO\AllSolutions\..\SC\Components\RemoteViewer\SmartClient\tst\zSmartClient_UnitTest\bin\x64\Debug\net6.0-windows\zSmartClient_UnitTest.dll" adapterTypeName="executor://mstestadapter/v2" className="SmartClient_UnitTest.VideoOS.Shared.ServerAPI.IServerConfigurationTest" name="AddGetConfigurationCameraTest" />
    </UnitTest>
    <UnitTest name="PTZArgsDto_ShouldYieldSameValues_WhenRoundTripConverted" storage="d:\actions-runner\_work\xpco\xpco\allsolutions\..\sc\components\remoteviewer\smartclient\tst\zsmartclient_unittest\bin\x64\debug\net6.0-windows\zsmartclient_unittest.dll" id="0dee4a37-8d38-ef6d-98a5-3e594bce7f88">
      <TestCategory>
        <TestCategoryItem TestCategory="RecorderProxyToDtoMapping" />
      </TestCategory>
      <Execution id="a2a9565d-3c1f-42a3-8162-3aae8449f60b" />
      <TestMethod codeBase="D:\actions-runner\_work\XPCO\XPCO\AllSolutions\..\SC\Components\RemoteViewer\SmartClient\tst\zSmartClient_UnitTest\bin\x64\Debug\net6.0-windows\zSmartClient_UnitTest.dll" adapterTypeName="executor://mstestadapter/v2" className="VideoOS.Shared.ServerAPI.SOAP.RecorderClientMappingTests" name="PTZArgsDto_ShouldYieldSameValues_WhenRoundTripConverted" />
    </UnitTest>
    <UnitTest name="ToDenormalizedDirection_Minus1_0" storage="d:\actions-runner\_work\xpco\xpco\allsolutions\..\sc\components\remoteviewer\smartclient\tst\zsmartclient_unittest\bin\x64\debug\net6.0-windows\zsmartclient_unittest.dll" id="ba333333-3cb8-334f-91af-f5ad79143e8f">
      <TestCategory>
        <TestCategoryItem TestCategory="GisMap" />
      </TestCategory>
      <Execution id="2cee03c2-4c68-47c4-a1fb-9dc8f1381514" />
      <TestMethod codeBase="D:\actions-runner\_work\XPCO\XPCO\AllSolutions\..\SC\Components\RemoteViewer\SmartClient\tst\zSmartClient_UnitTest\bin\x64\Debug\net6.0-windows\zSmartClient_UnitTest.dll" adapterTypeName="executor://mstestadapter/v2" className="SmartClient_UnitTest.VideoOS.RemoteClient.GisMap.Utilities.GisUtilityTests" name="ToDenormalizedDirection_Minus1_0" />
    </UnitTest>
    <UnitTest name="AddSelectedCameras_AddedUnsorted_Sorted" storage="d:\actions-runner\_work\xpco\xpco\allsolutions\..\sc\components\remoteviewer\smartclient\tst\zsmartclient_unittest\bin\x64\debug\net6.0-windows\zsmartclient_unittest.dll" id="f2392ab0-78ba-8d94-1e9f-3ff53d3d1da4">
      <TestCategory>
        <TestCategoryItem TestCategory="SearchViewModels" />
      </TestCategory>
      <Execution id="48b1965c-d453-4815-a87e-ad45a828701a" />
      <TestMethod codeBase="D:\actions-runner\_work\XPCO\XPCO\AllSolutions\..\SC\Components\RemoteViewer\SmartClient\tst\zSmartClient_UnitTest\bin\x64\Debug\net6.0-windows\zSmartClient_UnitTest.dll" adapterTypeName="executor://mstestadapter/v2" className="SmartClient_UnitTest.VideoOS.RemoteClient.Plugin.CentralizedSearch.ViewModels.SearchViewModelTests" name="AddSelectedCameras_AddedUnsorted_Sorted" />
    </UnitTest>
    <UnitTest name="MutedMicrophoneIcons_ShouldReturnIconsInAProperOrder_WhenCalled" storage="d:\actions-runner\_work\xpco\xpco\allsolutions\..\sc\components\remoteviewer\smartclient\tst\zsmartclient_unittest\bin\x64\debug\net6.0-windows\zsmartclient_unittest.dll" id="9337e38c-4624-4f1b-786d-f8be59a53622">
      <TestCategory>
        <TestCategoryItem TestCategory="GisMapData.MicrophoneOemResourcesProviderTests" />
      </TestCategory>
      <Execution id="8ed9ef7b-a0bc-4804-b6ab-32b1db352880" />
      <TestMethod codeBase="D:\actions-runner\_work\XPCO\XPCO\AllSolutions\..\SC\Components\RemoteViewer\SmartClient\tst\zSmartClient_UnitTest\bin\x64\Debug\net6.0-windows\zSmartClient_UnitTest.dll" adapterTypeName="executor://mstestadapter/v2" className="SmartClient_UnitTest.VideoOS.RemoteClient.GisMapData.Resources.MicrophoneOemResourcesProviderTests" name="MutedMicrophoneIcons_ShouldReturnIconsInAProperOrder_WhenCalled" />
    </UnitTest>
    <UnitTest name="SearchResultsActionBarActions_DeleteBookmark_ConfirmDeleteNo_DeleteCancelled" storage="d:\actions-runner\_work\xpco\xpco\allsolutions\..\sc\components\remoteviewer\smartclient\tst\zsmartclient_unittest\bin\x64\debug\net6.0-windows\zsmartclient_unittest.dll" id="883ed386-0af3-88ca-5bd9-30da25d79f41">
      <TestCategory>
        <TestCategoryItem TestCategory="Search.Bookmarks" />
      </TestCategory>
      <Execution id="b34e9e15-791f-48c5-82e9-29a3b25582eb" />
      <TestMethod codeBase="D:\actions-runner\_work\XPCO\XPCO\AllSolutions\..\SC\Components\RemoteViewer\SmartClient\tst\zSmartClient_UnitTest\bin\x64\Debug\net6.0-windows\zSmartClient_UnitTest.dll" adapterTypeName="executor://mstestadapter/v2" className="SmartClient_UnitTest.VideoOS.RemoteClient.Plugin.CentralizedSearch.ViewModels.SearchResultsActionBarViewModelTest" name="SearchResultsActionBarActions_DeleteBookmark_ConfirmDeleteNo_DeleteCancelled" />
    </UnitTest>
    <UnitTest name="SetLayerFeatures_ShouldRaiseArgumentException_WhenNoneCameraKindAndCameraLayerFeatures" storage="d:\actions-runner\_work\xpco\xpco\allsolutions\..\sc\components\remoteviewer\smartclient\tst\zsmartclient_unittest\bin\x64\debug\net6.0-windows\zsmartclient_unittest.dll" id="7b5ff511-526b-7adf-f4f4-c89931ab0b4e">
      <TestCategory>
        <TestCategoryItem TestCategory="GisMapData.Controllers.LayerFeatures" />
      </TestCategory>
      <Execution id="26f84851-35c2-448d-b798-55e845026b8a" />
      <TestMethod codeBase="D:\actions-runner\_work\XPCO\XPCO\AllSolutions\..\SC\Components\RemoteViewer\SmartClient\tst\zSmartClient_UnitTest\bin\x64\Debug\net6.0-windows\zSmartClient_UnitTest.dll" adapterTypeName="executor://mstestadapter/v2" className="SmartClient_UnitTest.VideoOS.RemoteClient.GisMapData.Controllers.LayerFeatures.LayerFeaturesControllerTests" name="SetLayerFeatures_ShouldRaiseArgumentException_WhenNoneCameraKindAndCameraLayerFeatures" />
    </UnitTest>
    <UnitTest name="OnMarkerSelected_ShouldDeselectAndReselectMarker_WhenSingleSelectionAndAlreadySelected" storage="d:\actions-runner\_work\xpco\xpco\allsolutions\..\sc\components\remoteviewer\smartclient\tst\zsmartclient_unittest\bin\x64\debug\net6.0-windows\zsmartclient_unittest.dll" id="e28ccd3c-119e-ea01-443c-a177bc7fcafe">
      <TestCategory>
        <TestCategoryItem TestCategory="SmartMap.SelectionHelper" />
      </TestCategory>
      <Execution id="a8ac5e9c-810c-4785-8c62-bd0e030dcd2d" />
      <TestMethod codeBase="D:\actions-runner\_work\XPCO\XPCO\AllSolutions\..\SC\Components\RemoteViewer\SmartClient\tst\zSmartClient_UnitTest\bin\x64\Debug\net6.0-windows\zSmartClient_UnitTest.dll" adapterTypeName="executor://mstestadapter/v2" className="SmartClient_UnitTest.VideoOS.RemoteClient.Plugin.GisMap.ThinkGeoMap.SpecializedOverlays.Overlays.SelectionHelperTests" name="OnMarkerSelected_ShouldDeselectAndReselectMarker_WhenSingleSelectionAndAlreadySelected" />
    </UnitTest>
    <UnitTest name="GetDeactivatedOutputIconId_ShouldRaiseArgumentException_WhenArgumentIsNotAActivatedOutputIconId" storage="d:\actions-runner\_work\xpco\xpco\allsolutions\..\sc\components\remoteviewer\smartclient\tst\zsmartclient_unittest\bin\x64\debug\net6.0-windows\zsmartclient_unittest.dll" id="1435e2a2-bee2-1d2d-95b6-bab177d11e01">
      <TestCategory>
        <TestCategoryItem TestCategory="GisMapData.OutputOemResourcesProviderTests" />
      </TestCategory>
      <Execution id="e772f1e3-6b11-47c3-9b69-09a87f413cdd" />
      <TestMethod codeBase="D:\actions-runner\_work\XPCO\XPCO\AllSolutions\..\SC\Components\RemoteViewer\SmartClient\tst\zSmartClient_UnitTest\bin\x64\Debug\net6.0-windows\zSmartClient_UnitTest.dll" adapterTypeName="executor://mstestadapter/v2" className="SmartClient_UnitTest.VideoOS.RemoteClient.GisMapData.Resources.OutputOemResourcesProviderTests" name="GetDeactivatedOutputIconId_ShouldRaiseArgumentException_WhenArgumentIsNotAActivatedOutputIconId" />
    </UnitTest>
    <UnitTest name="PtzPresetsMenuViewModel_PtzCotrolledByPatrollingTest" storage="d:\actions-runner\_work\xpco\xpco\allsolutions\..\sc\components\remoteviewer\smartclient\tst\zsmartclient_unittest\bin\x64\debug\net6.0-windows\zsmartclient_unittest.dll" id="29212116-6a0b-3ffd-ae50-19c86a9244cc">
      <Execution id="80b0b45b-f6f2-478f-bf79-4cb82e1928c4" />
      <TestMethod codeBase="D:\actions-runner\_work\XPCO\XPCO\AllSolutions\..\SC\Components\RemoteViewer\SmartClient\tst\zSmartClient_UnitTest\bin\x64\Debug\net6.0-windows\zSmartClient_UnitTest.dll" adapterTypeName="executor://mstestadapter/v2" className="SmartClient_UnitTest.VideoOS.RemoteClient.Application.Data.ContentTypes.CameraContentType.PtzPresetsMenuViewModelTest" name="PtzPresetsMenuViewModel_PtzCotrolledByPatrollingTest" />
    </UnitTest>
    <UnitTest name="ScWorkspaceStateChangedEvent_ShouldSetDeviceIsDisabledToFalse_WhenSwitchingToSetupModeAndDeviceIsDisabled" storage="d:\actions-runner\_work\xpco\xpco\allsolutions\..\sc\components\remoteviewer\smartclient\tst\zsmartclient_unittest\bin\x64\debug\net6.0-windows\zsmartclient_unittest.dll" id="9060a50a-9771-de76-4b8f-daa876d7df09">
      <TestCategory>
        <TestCategoryItem TestCategory="GisMapData.MapLayers" />
      </TestCategory>
      <Execution id="8d9e4f74-efc2-4ea9-9f40-713f5318e68d" />
      <TestMethod codeBase="D:\actions-runner\_work\XPCO\XPCO\AllSolutions\..\SC\Components\RemoteViewer\SmartClient\tst\zSmartClient_UnitTest\bin\x64\Debug\net6.0-windows\zSmartClient_UnitTest.dll" adapterTypeName="executor://mstestadapter/v2" className="SmartClient_UnitTest.VideoOS.RemoteClient.GisMapData.MapLayers.MicrophoneItemsMapLayerTests" name="ScWorkspaceStateChangedEvent_ShouldSetDeviceIsDisabledToFalse_WhenSwitchingToSetupModeAndDeviceIsDisabled" />
    </UnitTest>
    <UnitTest name="BoundingBoxValidAndInValidData" storage="d:\actions-runner\_work\xpco\xpco\allsolutions\..\sc\components\remoteviewer\smartclient\tst\zsmartclient_unittest\bin\x64\debug\net6.0-windows\zsmartclient_unittest.dll" id="d2f75ecd-c8ef-a49e-a7d9-9ac8db3c0867">
      <Execution id="6cb65099-a1fd-4f57-bbf7-d09f1d0582b9" />
      <TestMethod codeBase="D:\actions-runner\_work\XPCO\XPCO\AllSolutions\..\SC\Components\RemoteViewer\SmartClient\tst\zSmartClient_UnitTest\bin\x64\Debug\net6.0-windows\zSmartClient_UnitTest.dll" adapterTypeName="executor://mstestadapter/v2" className="SmartClient_UnitTest.VideoOS.RemoteClient.Application.Data.Metadata.BoundingBoxes.BoundingBoxProviderTest" name="BoundingBoxValidAndInValidData" />
    </UnitTest>
    <UnitTest name="ParseFromName_SecondZero_MinutesNotRoundedUp" storage="d:\actions-runner\_work\xpco\xpco\allsolutions\..\sc\components\remoteviewer\smartclient\tst\zsmartclient_unittest\bin\x64\debug\net6.0-windows\zsmartclient_unittest.dll" id="195570df-9817-b542-b94a-a76463a05b14">
      <TestCategory>
        <TestCategoryItem TestCategory="Search" />
      </TestCategory>
      <Execution id="2d392807-5df5-49b9-a7f4-bf4c6b884f65" />
      <TestMethod codeBase="D:\actions-runner\_work\XPCO\XPCO\AllSolutions\..\SC\Components\RemoteViewer\SmartClient\tst\zSmartClient_UnitTest\bin\x64\Debug\net6.0-windows\zSmartClient_UnitTest.dll" adapterTypeName="executor://mstestadapter/v2" className="SmartClient_UnitTest.VideoOS.RemoteClient.Plugin.CentralizedSearch.ViewModels.Data.TimeScopeTests" name="ParseFromName_SecondZero_MinutesNotRoundedUp" />
    </UnitTest>
    <UnitTest name="ValidateExportFormats_SmartClientPlayerFormat_ShouldReturnFailResult_ExportPathIsTooLong (c:\aaaaaaaaaaaaaaaaaaaaaaaaaaaaaaaaaaaaaaaaaaaaaaaaaaaaaaaaaaaaaaaaaaaaaaaaaaaaaaaaaaaaaaaaaaaaaaaaaaaaaaaaaaaaaaaaaaaaaaaaaaaaaaaaaaaaaaaaaaaaaaaaaaaaaaaaaaaaaaaaaaaaaaaaaaaaaaaaaaaaaaa)" storage="d:\actions-runner\_work\xpco\xpco\allsolutions\..\sc\components\remoteviewer\smartclient\tst\zsmartclient_unittest\bin\x64\debug\net6.0-windows\zsmartclient_unittest.dll" id="ce972480-9742-1510-efc9-f75d1c2264f7">
      <TestCategory>
        <TestCategoryItem TestCategory="Export" />
      </TestCategory>
      <Execution id="f42e8cfa-3642-4ab7-8035-ae4d0a2fc35e" />
      <TestMethod codeBase="D:\actions-runner\_work\XPCO\XPCO\AllSolutions\..\SC\Components\RemoteViewer\SmartClient\tst\zSmartClient_UnitTest\bin\x64\Debug\net6.0-windows\zSmartClient_UnitTest.dll" adapterTypeName="executor://mstestadapter/v2" className="SmartClient_UnitTest.VideoOS.RemoteClient.Plugin.Export.ExportDataValidatorTests" name="ValidateExportFormats_SmartClientPlayerFormat_ShouldReturnFailResult_ExportPathIsTooLong" />
    </UnitTest>
    <UnitTest name="AddToExportDevices_ShouldReturnCorrectResult (1,1,1)" storage="d:\actions-runner\_work\xpco\xpco\allsolutions\..\sc\components\remoteviewer\smartclient\tst\zsmartclient_unittest\bin\x64\debug\net6.0-windows\zsmartclient_unittest.dll" id="23832ca3-0067-c599-3202-0d4d2bcc2035">
      <TestCategory>
        <TestCategoryItem TestCategory="Managers" />
      </TestCategory>
      <Execution id="dbddc6fd-bf91-40eb-bfa6-ef0b0e1a1e65" />
      <TestMethod codeBase="D:\actions-runner\_work\XPCO\XPCO\AllSolutions\..\SC\Components\RemoteViewer\SmartClient\tst\zSmartClient_UnitTest\bin\x64\Debug\net6.0-windows\zSmartClient_UnitTest.dll" adapterTypeName="executor://mstestadapter/v2" className="SmartClient_UnitTest.VideoOS.RemoteClient.Application.Managers.ExportManagerTests" name="AddToExportDevices_ShouldReturnCorrectResult" />
    </UnitTest>
    <UnitTest name="InputMapItem_Delete_Success" storage="d:\actions-runner\_work\xpco\xpco\allsolutions\..\sc\components\remoteviewer\smartclient\tst\zsmartclient_unittest\bin\x64\debug\net6.0-windows\zsmartclient_unittest.dll" id="86c3c546-c6cf-be65-f34c-24ab64b4ab72">
      <TestCategory>
        <TestCategoryItem TestCategory="GisMapData.MapItem.Inputs" />
      </TestCategory>
      <Execution id="acd6a602-0785-43ca-bfef-241e4b45075e" />
      <TestMethod codeBase="D:\actions-runner\_work\XPCO\XPCO\AllSolutions\..\SC\Components\RemoteViewer\SmartClient\tst\zSmartClient_UnitTest\bin\x64\Debug\net6.0-windows\zSmartClient_UnitTest.dll" adapterTypeName="executor://mstestadapter/v2" className="SmartClient_UnitTest.VideoOS.RemoteClient.GisMapData.MapItem.Inputs.InputMapItemTests" name="InputMapItem_Delete_Success" />
    </UnitTest>
    <UnitTest name="GetClusters_ShouldMergeSimpleClustersToSuperCluster_WhenZoomingOut" storage="d:\actions-runner\_work\xpco\xpco\allsolutions\..\sc\components\remoteviewer\smartclient\tst\zsmartclient_unittest\bin\x64\debug\net6.0-windows\zsmartclient_unittest.dll" id="a181eeb7-1c31-8890-a7e0-69f2adb601a4">
      <TestCategory>
        <TestCategoryItem TestCategory="GisMapIndex.SuperClusters" />
      </TestCategory>
      <Execution id="06bbda3e-37a1-467d-8f29-642a7e131a1a" />
      <TestMethod codeBase="D:\actions-runner\_work\XPCO\XPCO\AllSolutions\..\SC\Components\RemoteViewer\SmartClient\tst\zSmartClient_UnitTest\bin\x64\Debug\net6.0-windows\zSmartClient_UnitTest.dll" adapterTypeName="executor://mstestadapter/v2" className="SmartClient_UnitTest.VideoOS.RemoteClient.GisMapData.Common.Indexer.MapItemIndexerTests_SuperClusters" name="GetClusters_ShouldMergeSimpleClustersToSuperCluster_WhenZoomingOut" />
    </UnitTest>
    <UnitTest name="Close_ViewModelIsClosed" storage="d:\actions-runner\_work\xpco\xpco\allsolutions\..\sc\components\remoteviewer\smartclient\tst\zsmartclient_unittest\bin\x64\debug\net6.0-windows\zsmartclient_unittest.dll" id="eb8cc7fe-9fe8-0f19-c373-e4f56eaad478">
      <TestCategory>
        <TestCategoryItem TestCategory="Export" />
      </TestCategory>
      <Execution id="278fd6c3-0348-439c-b290-b86d3a4a8f97" />
      <TestMethod codeBase="D:\actions-runner\_work\XPCO\XPCO\AllSolutions\..\SC\Components\RemoteViewer\SmartClient\tst\zSmartClient_UnitTest\bin\x64\Debug\net6.0-windows\zSmartClient_UnitTest.dll" adapterTypeName="executor://mstestadapter/v2" className="SmartClient_UnitTest.VideoOS.RemoteClient.Plugin.Export.ExportContentHolderTests" name="Close_ViewModelIsClosed" />
    </UnitTest>
    <UnitTest name="TryGetOsmServerTileAddress_ShouldReturnFalse_WhenOsmServerAddressIsEmpty" storage="d:\actions-runner\_work\xpco\xpco\allsolutions\..\sc\components\remoteviewer\smartclient\tst\zsmartclient_unittest\bin\x64\debug\net6.0-windows\zsmartclient_unittest.dll" id="5ea77848-9cab-6829-7cc9-030d32485ccd">
      <TestCategory>
        <TestCategoryItem TestCategory="GisMapData.Controllers.Osm" />
      </TestCategory>
      <Execution id="4df617a8-0a64-4c62-bd1a-626b5d3276aa" />
      <TestMethod codeBase="D:\actions-runner\_work\XPCO\XPCO\AllSolutions\..\SC\Components\RemoteViewer\SmartClient\tst\zSmartClient_UnitTest\bin\x64\Debug\net6.0-windows\zSmartClient_UnitTest.dll" adapterTypeName="executor://mstestadapter/v2" className="SmartClient_UnitTest.VideoOS.RemoteClient.GisMapData.Controllers.Osm.GisMapOsmControllerTests" name="TryGetOsmServerTileAddress_ShouldReturnFalse_WhenOsmServerAddressIsEmpty" />
    </UnitTest>
    <UnitTest name="PtzSessionControllerInfo_UserChangedTest_NoChange_Patrolling" storage="d:\actions-runner\_work\xpco\xpco\allsolutions\..\sc\components\remoteviewer\smartclient\tst\zsmartclient_unittest\bin\x64\debug\net6.0-windows\zsmartclient_unittest.dll" id="0bc3c781-e5e2-4061-bcbc-7fa16190d596">
      <Execution id="48f8727f-5358-41bd-b4b0-d071b13b78f9" />
      <TestMethod codeBase="D:\actions-runner\_work\XPCO\XPCO\AllSolutions\..\SC\Components\RemoteViewer\SmartClient\tst\zSmartClient_UnitTest\bin\x64\Debug\net6.0-windows\zSmartClient_UnitTest.dll" adapterTypeName="executor://mstestadapter/v2" className="VideoOS.RemoteClient.Application.Controllers.UnitTest.PtzSessionControllerTest" name="PtzSessionControllerInfo_UserChangedTest_NoChange_Patrolling" />
    </UnitTest>
    <UnitTest name="UpdateItemState_Hidden_NullCamera" storage="d:\actions-runner\_work\xpco\xpco\allsolutions\..\sc\components\remoteviewer\smartclient\tst\zsmartclient_unittest\bin\x64\debug\net6.0-windows\zsmartclient_unittest.dll" id="73ba8d8b-63f0-7559-fdd9-22c8ccb33146">
      <TestCategory>
        <TestCategoryItem TestCategory="ContentHolderToolbar" />
      </TestCategory>
      <Execution id="2676bea5-e69d-4581-bd8b-09fe4a0aa65a" />
      <TestMethod codeBase="D:\actions-runner\_work\XPCO\XPCO\AllSolutions\..\SC\Components\RemoteViewer\SmartClient\tst\zSmartClient_UnitTest\bin\x64\Debug\net6.0-windows\zSmartClient_UnitTest.dll" adapterTypeName="executor://mstestadapter/v2" className="SmartClient_UnitTest.VideoOS.RemoteClient.Application.Data.ContentHolderToolbar.ToolBarItemSearchTests" name="UpdateItemState_Hidden_NullCamera" />
    </UnitTest>
    <UnitTest name="GetUtcToday_DifferentTimeZoneNoDst_Success" storage="d:\actions-runner\_work\xpco\xpco\allsolutions\..\sc\components\remoteviewer\smartclient\tst\zsmartclient_unittest\bin\x64\debug\net6.0-windows\zsmartclient_unittest.dll" id="4ab80538-8920-6bd3-f5bf-6a692e875394">
      <TestCategory>
        <TestCategoryItem TestCategory="Search" />
      </TestCategory>
      <Execution id="11693849-6d9c-4dd1-8dc6-6199b3b76326" />
      <TestMethod codeBase="D:\actions-runner\_work\XPCO\XPCO\AllSolutions\..\SC\Components\RemoteViewer\SmartClient\tst\zSmartClient_UnitTest\bin\x64\Debug\net6.0-windows\zSmartClient_UnitTest.dll" adapterTypeName="executor://mstestadapter/v2" className="SmartClient_UnitTest.VideoOS.RemoteClient.Plugin.CentralizedSearch.ViewModels.Data.TimeScopeTests" name="GetUtcToday_DifferentTimeZoneNoDst_Success" />
    </UnitTest>
    <UnitTest name="SearchResultsActionBarActions_Export_OptionAvailable_Enabled" storage="d:\actions-runner\_work\xpco\xpco\allsolutions\..\sc\components\remoteviewer\smartclient\tst\zsmartclient_unittest\bin\x64\debug\net6.0-windows\zsmartclient_unittest.dll" id="12b1647d-efe3-c366-079d-2236800d0935">
      <TestCategory>
        <TestCategoryItem TestCategory="SearchResultActionBarViewModel" />
      </TestCategory>
      <Execution id="c4b2db75-fda8-40e0-9801-352c9b34606a" />
      <TestMethod codeBase="D:\actions-runner\_work\XPCO\XPCO\AllSolutions\..\SC\Components\RemoteViewer\SmartClient\tst\zSmartClient_UnitTest\bin\x64\Debug\net6.0-windows\zSmartClient_UnitTest.dll" adapterTypeName="executor://mstestadapter/v2" className="SmartClient_UnitTest.VideoOS.RemoteClient.Plugin.CentralizedSearch.ViewModels.SearchResultsActionBarViewModelTest" name="SearchResultsActionBarActions_Export_OptionAvailable_Enabled" />
    </UnitTest>
    <UnitTest name="DeleteMapItems_ShouldReturnTrue_WhenUserAcknowledgesDeletionOfSingleItem" storage="d:\actions-runner\_work\xpco\xpco\allsolutions\..\sc\components\remoteviewer\smartclient\tst\zsmartclient_unittest\bin\x64\debug\net6.0-windows\zsmartclient_unittest.dll" id="b7bca108-da6d-1f8c-7ea5-81ba3e07496a">
      <TestCategory>
        <TestCategoryItem TestCategory="GisMapModelController" />
      </TestCategory>
      <Execution id="35dc12c1-8143-47c7-83b0-4093d78c66cb" />
      <TestMethod codeBase="D:\actions-runner\_work\XPCO\XPCO\AllSolutions\..\SC\Components\RemoteViewer\SmartClient\tst\zSmartClient_UnitTest\bin\x64\Debug\net6.0-windows\zSmartClient_UnitTest.dll" adapterTypeName="executor://mstestadapter/v2" className="SmartClient_UnitTest.VideoOS.RemoteClient.GisMapData.GisMapModelControllerTests" name="DeleteMapItems_ShouldReturnTrue_WhenUserAcknowledgesDeletionOfSingleItem" />
    </UnitTest>
    <UnitTest name="UpdateHomeLocationInModel_Updated_Succes" storage="d:\actions-runner\_work\xpco\xpco\allsolutions\..\sc\components\remoteviewer\smartclient\tst\zsmartclient_unittest\bin\x64\debug\net6.0-windows\zsmartclient_unittest.dll" id="7bbe3c7b-c7f6-b4cd-97f0-8c1f6db6c80e">
      <TestCategory>
        <TestCategoryItem TestCategory="GisMapContentHolderTests" />
      </TestCategory>
      <Execution id="2da3ceed-5bff-4481-977a-3451a5a007bc" />
      <TestMethod codeBase="D:\actions-runner\_work\XPCO\XPCO\AllSolutions\..\SC\Components\RemoteViewer\SmartClient\tst\zSmartClient_UnitTest\bin\x64\Debug\net6.0-windows\zSmartClient_UnitTest.dll" adapterTypeName="executor://mstestadapter/v2" className="SmartClient_UnitTest.VideoOS.RemoteClient.Plugin.GisMap.ContentHolderTests" name="UpdateHomeLocationInModel_Updated_Succes" />
    </UnitTest>
    <UnitTest name="MakeId_ShouldGenerateUniqueId_WhenTwoDefinitionsGenerateSameResultIds" storage="d:\actions-runner\_work\xpco\xpco\allsolutions\..\sc\components\remoteviewer\smartclient\tst\zsmartclient_unittest\bin\x64\debug\net6.0-windows\zsmartclient_unittest.dll" id="c31b76c8-61cb-842b-101d-3527fdf73529">
      <TestCategory>
        <TestCategoryItem TestCategory="Search.Wrappers" />
      </TestCategory>
      <Execution id="d159842b-c1e6-4cc9-bcb6-786e08c654de" />
      <TestMethod codeBase="D:\actions-runner\_work\XPCO\XPCO\AllSolutions\..\SC\Components\RemoteViewer\SmartClient\tst\zSmartClient_UnitTest\bin\x64\Debug\net6.0-windows\zSmartClient_UnitTest.dll" adapterTypeName="executor://mstestadapter/v2" className="SmartClient_UnitTest.VideoOS.RemoteClient.Plugin.CentralizedSearch.Models.Wrappers.SearchResultDataWrapperTests" name="MakeId_ShouldGenerateUniqueId_WhenTwoDefinitionsGenerateSameResultIds" />
    </UnitTest>
    <UnitTest name="PatrollingProfileListViewModel_ResolvePresetName_New_Preset" storage="d:\actions-runner\_work\xpco\xpco\allsolutions\..\sc\components\remoteviewer\smartclient\tst\zsmartclient_unittest\bin\x64\debug\net6.0-windows\zsmartclient_unittest.dll" id="f8edaabc-4dde-c771-27c5-00bf75b12606">
      <Execution id="cc40d443-2d09-4a7a-9fa4-97a35299eec0" />
      <TestMethod codeBase="D:\actions-runner\_work\XPCO\XPCO\AllSolutions\..\SC\Components\RemoteViewer\SmartClient\tst\zSmartClient_UnitTest\bin\x64\Debug\net6.0-windows\zSmartClient_UnitTest.dll" adapterTypeName="executor://mstestadapter/v2" className="SmartClient_UnitTest.VideoOS.RemoteClient.Application.UI.PtzPreset.PatrollingViewModel.PatrollingProfileListViewModelTest" name="PatrollingProfileListViewModel_ResolvePresetName_New_Preset" />
    </UnitTest>
    <UnitTest name="UpdateScope_AbsoluteScopeDurationToTimeChanged_ReturnsTrue" storage="d:\actions-runner\_work\xpco\xpco\allsolutions\..\sc\components\remoteviewer\smartclient\tst\zsmartclient_unittest\bin\x64\debug\net6.0-windows\zsmartclient_unittest.dll" id="a4234a76-75fb-b47f-57a5-6def17414cfd">
      <TestCategory>
        <TestCategoryItem TestCategory="SearchModels" />
      </TestCategory>
      <Execution id="0827b86d-0ad4-4eeb-8a46-3e2ba8d79fac" />
      <TestMethod codeBase="D:\actions-runner\_work\XPCO\XPCO\AllSolutions\..\SC\Components\RemoteViewer\SmartClient\tst\zSmartClient_UnitTest\bin\x64\Debug\net6.0-windows\zSmartClient_UnitTest.dll" adapterTypeName="executor://mstestadapter/v2" className="SmartClient_UnitTest.VideoOS.RemoteClient.Plugin.CentralizedSearch.Models.SearchScopeTests" name="UpdateScope_AbsoluteScopeDurationToTimeChanged_ReturnsTrue" />
    </UnitTest>
    <UnitTest name="PtzInfoViewModel_PtzCotrolledByUnknownTest" storage="d:\actions-runner\_work\xpco\xpco\allsolutions\..\sc\components\remoteviewer\smartclient\tst\zsmartclient_unittest\bin\x64\debug\net6.0-windows\zsmartclient_unittest.dll" id="604833d7-d8a0-cb51-77cf-d5e2a38bc181">
      <Execution id="d603c86b-f745-4d87-929d-a26c218eed82" />
      <TestMethod codeBase="D:\actions-runner\_work\XPCO\XPCO\AllSolutions\..\SC\Components\RemoteViewer\SmartClient\tst\zSmartClient_UnitTest\bin\x64\Debug\net6.0-windows\zSmartClient_UnitTest.dll" adapterTypeName="executor://mstestadapter/v2" className="SmartClient_UnitTest.VideoOS.RemoteClient.Plugin.Map.WPFObjects.PtzInfoViewModelUnitTest" name="PtzInfoViewModel_PtzCotrolledByUnknownTest" />
    </UnitTest>
    <UnitTest name="Convert_ShouldReturnFalse_WhenParameterIsNotEqualToValue" storage="d:\actions-runner\_work\xpco\xpco\allsolutions\..\sc\components\remoteviewer\smartclient\tst\zsmartclient_unittest\bin\x64\debug\net6.0-windows\zsmartclient_unittest.dll" id="5ed08d6e-1829-53d6-39c2-5824072e1015">
      <TestCategory>
        <TestCategoryItem TestCategory="GisMap.InteractionStateConverter" />
      </TestCategory>
      <Execution id="a837fae9-de70-472a-95dd-8f3cc6717763" />
      <TestMethod codeBase="D:\actions-runner\_work\XPCO\XPCO\AllSolutions\..\SC\Components\RemoteViewer\SmartClient\tst\zSmartClient_UnitTest\bin\x64\Debug\net6.0-windows\zSmartClient_UnitTest.dll" adapterTypeName="executor://mstestadapter/v2" className="SmartClient_UnitTest.VideoOS.RemoteClient.Plugin.GisMap.View.InteractionStateConverterTests" name="Convert_ShouldReturnFalse_WhenParameterIsNotEqualToValue" />
    </UnitTest>
    <UnitTest name="GetPartialDiffBetweenDictionaries_ShouldReturnCorrectValues (System.Collections.Generic.Dictionary`2[System.String,System.String],System.Collections.Generic.Dictionary`2[System.String,System.String],System.Collections.Generic.Dictionary`2[System.String,System.String])" storage="d:\actions-runner\_work\xpco\xpco\allsolutions\..\sc\components\remoteviewer\smartclient\tst\zsmartclient_unittest\bin\x64\debug\net6.0-windows\zsmartclient_unittest.dll" id="ae9b7ba8-a455-9b25-0586-eaded100e724">
      <Execution id="2033b6c4-763a-46da-9f91-38759a702d97" />
      <TestMethod codeBase="D:\actions-runner\_work\XPCO\XPCO\AllSolutions\..\SC\Components\RemoteViewer\SmartClient\tst\zSmartClient_UnitTest\bin\x64\Debug\net6.0-windows\zSmartClient_UnitTest.dll" adapterTypeName="executor://mstestadapter/v2" className="SmartClient_UnitTest.VideoOS.RemoteClient.Application.Common.Telemetry.TelemetryBuilderTests" name="GetPartialDiffBetweenDictionaries_ShouldReturnCorrectValues" />
    </UnitTest>
    <UnitTest name="StartSelection_ShouldClearAnyExistingSelections_WhenNotAddingToExitingSelection" storage="d:\actions-runner\_work\xpco\xpco\allsolutions\..\sc\components\remoteviewer\smartclient\tst\zsmartclient_unittest\bin\x64\debug\net6.0-windows\zsmartclient_unittest.dll" id="455c6da2-80f5-0fe8-cc92-891d7de0d2ac">
      <TestCategory>
        <TestCategoryItem TestCategory="SmartMap.SelectionHelper" />
      </TestCategory>
      <Execution id="1a02a6fb-685a-442e-90b5-7634cb973a22" />
      <TestMethod codeBase="D:\actions-runner\_work\XPCO\XPCO\AllSolutions\..\SC\Components\RemoteViewer\SmartClient\tst\zSmartClient_UnitTest\bin\x64\Debug\net6.0-windows\zSmartClient_UnitTest.dll" adapterTypeName="executor://mstestadapter/v2" className="SmartClient_UnitTest.VideoOS.RemoteClient.Plugin.GisMap.ThinkGeoMap.SpecializedOverlays.Overlays.SelectionHelperTests" name="StartSelection_ShouldClearAnyExistingSelections_WhenNotAddingToExitingSelection" />
    </UnitTest>
    <UnitTest name="IsCurrentScaleEqualTo_ShouldReturnFalse_WhenValuesAreNotEqualWithinGivenPrecision" storage="d:\actions-runner\_work\xpco\xpco\allsolutions\..\sc\components\remoteviewer\smartclient\tst\zsmartclient_unittest\bin\x64\debug\net6.0-windows\zsmartclient_unittest.dll" id="e5f806d4-832f-52ef-8b31-b0825a471642">
      <TestCategory>
        <TestCategoryItem TestCategory="MapExtentManager" />
      </TestCategory>
      <Execution id="d9ed421a-3c7f-43a9-b0fb-345c4d09f8ea" />
      <TestMethod codeBase="D:\actions-runner\_work\XPCO\XPCO\AllSolutions\..\SC\Components\RemoteViewer\SmartClient\tst\zSmartClient_UnitTest\bin\x64\Debug\net6.0-windows\zSmartClient_UnitTest.dll" adapterTypeName="executor://mstestadapter/v2" className="SmartClient_UnitTest.VideoOS.RemoteClient.Plugin.GisMap.ThinkGeoMap.Settings.ThinkGeoMapExtentManagerTests" name="IsCurrentScaleEqualTo_ShouldReturnFalse_WhenValuesAreNotEqualWithinGivenPrecision" />
    </UnitTest>
    <UnitTest name="Toolbar_IsVisible_WhenNotInLiveOrPlayback_ButFullscreen" storage="d:\actions-runner\_work\xpco\xpco\allsolutions\..\sc\components\remoteviewer\smartclient\tst\zsmartclient_unittest\bin\x64\debug\net6.0-windows\zsmartclient_unittest.dll" id="d8aaa504-6178-a22d-3fb8-ce2b255c46bf">
      <TestCategory>
        <TestCategoryItem TestCategory="WorkspaceToolbar" />
      </TestCategory>
      <Execution id="74499611-add2-45a5-b6e1-f2d114caea5e" />
      <TestMethod codeBase="D:\actions-runner\_work\XPCO\XPCO\AllSolutions\..\SC\Components\RemoteViewer\SmartClient\tst\zSmartClient_UnitTest\bin\x64\Debug\net6.0-windows\zSmartClient_UnitTest.dll" adapterTypeName="executor://mstestadapter/v2" className="SmartClient_UnitTest.VideoOS.RemoteClient.Application.UI.Content.WorkspaceToolbar.WorkspaceToolbarViewModelTests" name="Toolbar_IsVisible_WhenNotInLiveOrPlayback_ButFullscreen" />
    </UnitTest>
    <UnitTest name="GisPointToIndexGridPosition_SouthPole_Success" storage="d:\actions-runner\_work\xpco\xpco\allsolutions\..\sc\components\remoteviewer\smartclient\tst\zsmartclient_unittest\bin\x64\debug\net6.0-windows\zsmartclient_unittest.dll" id="f524f1c4-1318-ce7b-3939-10f70b1c9bd9">
      <TestCategory>
        <TestCategoryItem TestCategory="GisMapIndex" />
      </TestCategory>
      <Execution id="71d18b9f-9ae7-49f8-8d94-84986dfb6161" />
      <TestMethod codeBase="D:\actions-runner\_work\XPCO\XPCO\AllSolutions\..\SC\Components\RemoteViewer\SmartClient\tst\zSmartClient_UnitTest\bin\x64\Debug\net6.0-windows\zSmartClient_UnitTest.dll" adapterTypeName="executor://mstestadapter/v2" className="SmartClient_UnitTest.VideoOS.RemoteClient.GisMapData.Common.Indexer.IndexUtilTests" name="GisPointToIndexGridPosition_SouthPole_Success" />
    </UnitTest>
    <UnitTest name="ConvertGridMaskTestImageViewerFormat" storage="d:\actions-runner\_work\xpco\xpco\allsolutions\..\sc\components\remoteviewer\smartclient\tst\zsmartclient_unittest\bin\x64\debug\net6.0-windows\zsmartclient_unittest.dll" id="78819630-2935-1e63-9860-8c1336d44889">
      <Execution id="a53865d5-986d-4063-9a86-303a7d8f316f" />
      <TestMethod codeBase="D:\actions-runner\_work\XPCO\XPCO\AllSolutions\..\SC\Components\RemoteViewer\SmartClient\tst\zSmartClient_UnitTest\bin\x64\Debug\net6.0-windows\zSmartClient_UnitTest.dll" adapterTypeName="executor://mstestadapter/v2" className="SmartClient_UnitTest.VideoOS.RemoteClient.Application.Data.ContentTypes.CameraContentType.PrivacyMaskTest" name="ConvertGridMaskTestImageViewerFormat" />
    </UnitTest>
    <UnitTest name="ActiveInteractionStateBinding_ShouldOnlyContainNormalAndNewDevice_WhenCtorIsCalled" storage="d:\actions-runner\_work\xpco\xpco\allsolutions\..\sc\components\remoteviewer\smartclient\tst\zsmartclient_unittest\bin\x64\debug\net6.0-windows\zsmartclient_unittest.dll" id="e5d871b7-fc8e-4988-1624-5f0f63d734ec">
      <TestCategory>
        <TestCategoryItem TestCategory="GisMap.MicrophoneMarkerTest" />
      </TestCategory>
      <Execution id="ff8eca19-fe5e-4fd3-9a82-5bda8386e0fc" />
      <TestMethod codeBase="D:\actions-runner\_work\XPCO\XPCO\AllSolutions\..\SC\Components\RemoteViewer\SmartClient\tst\zSmartClient_UnitTest\bin\x64\Debug\net6.0-windows\zSmartClient_UnitTest.dll" adapterTypeName="executor://mstestadapter/v2" className="SmartClient_UnitTest.VideoOS.RemoteClient.Plugin.GisMap.ThinkGeoMap.Markers.DeviceMarkers.MicrophoneMarker.MicrophoneMarkerTests" name="ActiveInteractionStateBinding_ShouldOnlyContainNormalAndNewDevice_WhenCtorIsCalled" />
    </UnitTest>
    <UnitTest name="GetWorkspaceToolbarItems_ShouldReturnNoToolbarItems_WhenNoPluginsAndPluginGroupsAreSet" storage="d:\actions-runner\_work\xpco\xpco\allsolutions\..\sc\components\remoteviewer\smartclient\tst\zsmartclient_unittest\bin\x64\debug\net6.0-windows\zsmartclient_unittest.dll" id="cd274a06-2388-99e3-3a1d-9499479d5159">
      <TestCategory>
        <TestCategoryItem TestCategory="WorkspaceToolbar" />
      </TestCategory>
      <Execution id="fb48ffc3-6444-4b7d-8c16-449304eaccde" />
      <TestMethod codeBase="D:\actions-runner\_work\XPCO\XPCO\AllSolutions\..\SC\Components\RemoteViewer\SmartClient\tst\zSmartClient_UnitTest\bin\x64\Debug\net6.0-windows\zSmartClient_UnitTest.dll" adapterTypeName="executor://mstestadapter/v2" className="SmartClient_UnitTest.VideoOS.RemoteClient.Application.UI.Content.WorkspaceToolbar.MIPWorkspaceToolbarItemManagerTests" name="GetWorkspaceToolbarItems_ShouldReturnNoToolbarItems_WhenNoPluginsAndPluginGroupsAreSet" />
    </UnitTest>
    <UnitTest name="SupportsRightClick_ShouldBeFalse_WhenInteractionStateIsNotNormal" storage="d:\actions-runner\_work\xpco\xpco\allsolutions\..\sc\components\remoteviewer\smartclient\tst\zsmartclient_unittest\bin\x64\debug\net6.0-windows\zsmartclient_unittest.dll" id="2d0e7e74-3dc2-b64e-e8df-81c281af4e3d">
      <TestCategory>
        <TestCategoryItem TestCategory="GisMap.CameraMarker" />
      </TestCategory>
      <Execution id="838d7b06-4626-4fe5-8d54-2eec6fa22857" />
      <TestMethod codeBase="D:\actions-runner\_work\XPCO\XPCO\AllSolutions\..\SC\Components\RemoteViewer\SmartClient\tst\zSmartClient_UnitTest\bin\x64\Debug\net6.0-windows\zSmartClient_UnitTest.dll" adapterTypeName="executor://mstestadapter/v2" className="SmartClient_UnitTest.VideoOS.RemoteClient.Plugin.GisMap.ThinkGeoMap.Markers.DeviceMarkers.CameraMarker.CameraMarkerTests" name="SupportsRightClick_ShouldBeFalse_WhenInteractionStateIsNotNormal" />
    </UnitTest>
    <UnitTest name="MaxRegionsAllowed_ShouldBeProvidedMax_WhenProvidedMaxIsPositive" storage="d:\actions-runner\_work\xpco\xpco\allsolutions\..\sc\components\remoteviewer\smartclient\tst\zsmartclient_unittest\bin\x64\debug\net6.0-windows\zsmartclient_unittest.dll" id="d7f3ae8c-bf97-f47d-48ab-b1fc5ef00c66">
      <TestCategory>
        <TestCategoryItem TestCategory="Search.Filters.ViewModels" />
      </TestCategory>
      <Execution id="27e951ab-a0a6-4f92-83ec-468c0ec7d73f" />
      <TestMethod codeBase="D:\actions-runner\_work\XPCO\XPCO\AllSolutions\..\SC\Components\RemoteViewer\SmartClient\tst\zSmartClient_UnitTest\bin\x64\Debug\net6.0-windows\zSmartClient_UnitTest.dll" adapterTypeName="executor://mstestadapter/v2" className="SmartClient_UnitTest.VideoOS.RemoteClient.Plugin.CentralizedSearch.MIPPlugin.Criteria.ViewModels.RegionSelectionCameraListItemHelperTests" name="MaxRegionsAllowed_ShouldBeProvidedMax_WhenProvidedMaxIsPositive" />
    </UnitTest>
    <UnitTest name="ToDenormalizedDirection_0_0" storage="d:\actions-runner\_work\xpco\xpco\allsolutions\..\sc\components\remoteviewer\smartclient\tst\zsmartclient_unittest\bin\x64\debug\net6.0-windows\zsmartclient_unittest.dll" id="ee5f0f9a-0e04-d5a2-b25f-f40f3b08b3de">
      <TestCategory>
        <TestCategoryItem TestCategory="GisMap" />
      </TestCategory>
      <Execution id="a8fa0d6d-c5a3-4604-a11c-132824a98cfd" />
      <TestMethod codeBase="D:\actions-runner\_work\XPCO\XPCO\AllSolutions\..\SC\Components\RemoteViewer\SmartClient\tst\zSmartClient_UnitTest\bin\x64\Debug\net6.0-windows\zSmartClient_UnitTest.dll" adapterTypeName="executor://mstestadapter/v2" className="SmartClient_UnitTest.VideoOS.RemoteClient.GisMap.Utilities.GisUtilityTests" name="ToDenormalizedDirection_0_0" />
    </UnitTest>
    <UnitTest name="Outline_ShouldRejectSet_WhenOutlineIsSelfcrossing" storage="d:\actions-runner\_work\xpco\xpco\allsolutions\..\sc\components\remoteviewer\smartclient\tst\zsmartclient_unittest\bin\x64\debug\net6.0-windows\zsmartclient_unittest.dll" id="a480eb88-b28c-a072-8d06-d39cc9a234d7">
      <TestCategory>
        <TestCategoryItem TestCategory="GisMapBuilding" />
      </TestCategory>
      <Execution id="210e9bfb-cdab-4bd6-ab03-e50f63030200" />
      <TestMethod codeBase="D:\actions-runner\_work\XPCO\XPCO\AllSolutions\..\SC\Components\RemoteViewer\SmartClient\tst\zSmartClient_UnitTest\bin\x64\Debug\net6.0-windows\zSmartClient_UnitTest.dll" adapterTypeName="executor://mstestadapter/v2" className="SmartClient_UnitTest.VideoOS.RemoteClient.GisMap.MapBuildingTests" name="Outline_ShouldRejectSet_WhenOutlineIsSelfcrossing" />
    </UnitTest>
    <UnitTest name="Passwords are not the same, same length" storage="d:\actions-runner\_work\xpco\xpco\allsolutions\..\sc\components\remoteviewer\smartclient\tst\zsmartclient_unittest\bin\x64\debug\net6.0-windows\zsmartclient_unittest.dll" id="d0982f73-d6e4-f513-6ec6-0568fe669026">
      <TestCategory>
        <TestCategoryItem TestCategory="Export" />
      </TestCategory>
      <Execution id="2c5c90ae-76bc-447e-b9a9-37d56846175f" />
      <TestMethod codeBase="D:\actions-runner\_work\XPCO\XPCO\AllSolutions\..\SC\Components\RemoteViewer\SmartClient\tst\zSmartClient_UnitTest\bin\x64\Debug\net6.0-windows\zSmartClient_UnitTest.dll" adapterTypeName="executor://mstestadapter/v2" className="SmartClient_UnitTest.VideoOS.RemoteClient.Plugin.Export.PasswordDialogViewModelTests" name="SettingPassword1AndPassword2_ShouldSetIsPassword2Valid" />
    </UnitTest>
    <UnitTest name="SearchAction_Carrousel_LiveMode" storage="d:\actions-runner\_work\xpco\xpco\allsolutions\..\sc\components\remoteviewer\smartclient\tst\zsmartclient_unittest\bin\x64\debug\net6.0-windows\zsmartclient_unittest.dll" id="fe450cea-9ffb-3719-460a-cf60fe446421">
      <TestCategory>
        <TestCategoryItem TestCategory="WorkspaceToolbar" />
      </TestCategory>
      <Execution id="9ee1c305-63d6-4f61-9105-846fb241b56d" />
      <TestMethod codeBase="D:\actions-runner\_work\XPCO\XPCO\AllSolutions\..\SC\Components\RemoteViewer\SmartClient\tst\zSmartClient_UnitTest\bin\x64\Debug\net6.0-windows\zSmartClient_UnitTest.dll" adapterTypeName="executor://mstestadapter/v2" className="SmartClient_UnitTest.VideoOS.RemoteClient.Application.Data.WorkspaceToolbar.WorkspaceToolbarItemSmartSearchTests" name="SearchAction_Carrousel_LiveMode" />
    </UnitTest>
    <UnitTest name="SetIncludePartialResults_ShouldNotReselectResult_WhenResultToReselectIsPartialAndPartialResultsAreExcluded" storage="d:\actions-runner\_work\xpco\xpco\allsolutions\..\sc\components\remoteviewer\smartclient\tst\zsmartclient_unittest\bin\x64\debug\net6.0-windows\zsmartclient_unittest.dll" id="bed8c8de-bd82-cb94-6967-81e34fce6907">
      <TestCategory>
        <TestCategoryItem TestCategory="SearchResultsPreprocessor" />
      </TestCategory>
      <Execution id="4154ce1a-0a8e-47db-b8dd-8160d8700ad3" />
      <TestMethod codeBase="D:\actions-runner\_work\XPCO\XPCO\AllSolutions\..\SC\Components\RemoteViewer\SmartClient\tst\zSmartClient_UnitTest\bin\x64\Debug\net6.0-windows\zSmartClient_UnitTest.dll" adapterTypeName="executor://mstestadapter/v2" className="SmartClient_UnitTest.VideoOS.RemoteClient.Plugin.CentralizedSearch.Models.SearchResultsPreprocessorTests" name="SetIncludePartialResults_ShouldNotReselectResult_WhenResultToReselectIsPartialAndPartialResultsAreExcluded" />
    </UnitTest>
    <UnitTest name="TryAddInterval_ShouldReturnCorrectValue (True,False,AlreadyAdded)" storage="d:\actions-runner\_work\xpco\xpco\allsolutions\..\sc\components\remoteviewer\smartclient\tst\zsmartclient_unittest\bin\x64\debug\net6.0-windows\zsmartclient_unittest.dll" id="279d4c50-473d-8932-e5b9-1021814604da">
      <TestCategory>
        <TestCategoryItem TestCategory="Managers" />
      </TestCategory>
      <Execution id="cd298893-ee3f-4539-876e-ad106d2d4295" />
      <TestMethod codeBase="D:\actions-runner\_work\XPCO\XPCO\AllSolutions\..\SC\Components\RemoteViewer\SmartClient\tst\zSmartClient_UnitTest\bin\x64\Debug\net6.0-windows\zSmartClient_UnitTest.dll" adapterTypeName="executor://mstestadapter/v2" className="SmartClient_UnitTest.VideoOS.RemoteClient.Application.Managers.ExportManagerTests" name="TryAddInterval_ShouldReturnCorrectValue" />
    </UnitTest>
    <UnitTest name="PatrollingProfileListViewModel_Save_DeleteProfile" storage="d:\actions-runner\_work\xpco\xpco\allsolutions\..\sc\components\remoteviewer\smartclient\tst\zsmartclient_unittest\bin\x64\debug\net6.0-windows\zsmartclient_unittest.dll" id="04268900-3302-a699-5943-bbf486b565e8">
      <Execution id="7d038b97-9d96-48c5-be44-1c2016f33100" />
      <TestMethod codeBase="D:\actions-runner\_work\XPCO\XPCO\AllSolutions\..\SC\Components\RemoteViewer\SmartClient\tst\zSmartClient_UnitTest\bin\x64\Debug\net6.0-windows\zSmartClient_UnitTest.dll" adapterTypeName="executor://mstestadapter/v2" className="SmartClient_UnitTest.VideoOS.RemoteClient.Application.UI.PtzPreset.PatrollingViewModel.PatrollingProfileListViewModelTest" name="PatrollingProfileListViewModel_Save_DeleteProfile" />
    </UnitTest>
    <UnitTest name="HasMd5ProviderStrategy2_ShouldReturnFalse_WhenAllEventServerIdAreFipsCompliant" storage="d:\actions-runner\_work\xpco\xpco\allsolutions\..\sc\components\remoteviewer\smartclient\tst\zsmartclient_unittest\bin\x64\debug\net6.0-windows\zsmartclient_unittest.dll" id="df434b1a-bd33-b3a0-035c-8fb9149eaa0e">
      <TestCategory>
        <TestCategoryItem TestCategory="AccessControl.Services" />
      </TestCategory>
      <Execution id="cd408300-720a-473d-a061-e435dc6eed80" />
      <TestMethod codeBase="D:\actions-runner\_work\XPCO\XPCO\AllSolutions\..\SC\Components\RemoteViewer\SmartClient\tst\zSmartClient_UnitTest\bin\x64\Debug\net6.0-windows\zSmartClient_UnitTest.dll" adapterTypeName="executor://mstestadapter/v2" className="SmartClient_UnitTest.VideoOS.RemoteClient.AccessControl.Services.AccessControlGuidProviderTests" name="HasMd5ProviderStrategy2_ShouldReturnFalse_WhenAllEventServerIdAreFipsCompliant" />
    </UnitTest>
    <UnitTest name="SetLayerFeatures_ShouldUpdateOutputItemsMapLayer_WhenOutputKindAndOutputLayerFeatures" storage="d:\actions-runner\_work\xpco\xpco\allsolutions\..\sc\components\remoteviewer\smartclient\tst\zsmartclient_unittest\bin\x64\debug\net6.0-windows\zsmartclient_unittest.dll" id="e63df314-54b1-32a3-73ac-881577d2c079">
      <TestCategory>
        <TestCategoryItem TestCategory="GisMapData.Controllers.LayerFeatures" />
      </TestCategory>
      <Execution id="e8693121-47e3-490f-bc27-9b9dbacb5e75" />
      <TestMethod codeBase="D:\actions-runner\_work\XPCO\XPCO\AllSolutions\..\SC\Components\RemoteViewer\SmartClient\tst\zSmartClient_UnitTest\bin\x64\Debug\net6.0-windows\zSmartClient_UnitTest.dll" adapterTypeName="executor://mstestadapter/v2" className="SmartClient_UnitTest.VideoOS.RemoteClient.GisMapData.Controllers.LayerFeatures.LayerFeaturesControllerTests" name="SetLayerFeatures_ShouldUpdateOutputItemsMapLayer_WhenOutputKindAndOutputLayerFeatures" />
    </UnitTest>
    <UnitTest name="ActiveInteractionStateBinding_ShouldNotBeNull_WhenCtorIsCalled" storage="d:\actions-runner\_work\xpco\xpco\allsolutions\..\sc\components\remoteviewer\smartclient\tst\zsmartclient_unittest\bin\x64\debug\net6.0-windows\zsmartclient_unittest.dll" id="c716e274-8d35-b2a1-4808-fe6779275a47">
      <TestCategory>
        <TestCategoryItem TestCategory="GisMap.LegacyLinkMarker" />
      </TestCategory>
      <Execution id="2f4017fa-aaa6-4310-aea1-80bfe11ca5f6" />
      <TestMethod codeBase="D:\actions-runner\_work\XPCO\XPCO\AllSolutions\..\SC\Components\RemoteViewer\SmartClient\tst\zSmartClient_UnitTest\bin\x64\Debug\net6.0-windows\zSmartClient_UnitTest.dll" adapterTypeName="executor://mstestadapter/v2" className="SmartClient_UnitTest.VideoOS.RemoteClient.Plugin.GisMap.ThinkGeoMap.Markers.LegacyLinkMarker.LegacyLinkMarkerTests" name="ActiveInteractionStateBinding_ShouldNotBeNull_WhenCtorIsCalled" />
    </UnitTest>
    <UnitTest name="GetPartialDiffBetweenDictionaries_ShouldReturnCorrectValues (System.Collections.Generic.Dictionary`2[System.String,System.String],System.Collections.Generic.Dictionary`2[System.String,System.String],System.Collections.Generic.Dictionary`2[System.String,System.String])" storage="d:\actions-runner\_work\xpco\xpco\allsolutions\..\sc\components\remoteviewer\smartclient\tst\zsmartclient_unittest\bin\x64\debug\net6.0-windows\zsmartclient_unittest.dll" id="a8baabf8-3dd2-5f04-30ff-1f9d2fc1237b">
      <Execution id="a33dcd16-ad5c-41f9-a06f-f4b2a0d63b12" />
      <TestMethod codeBase="D:\actions-runner\_work\XPCO\XPCO\AllSolutions\..\SC\Components\RemoteViewer\SmartClient\tst\zSmartClient_UnitTest\bin\x64\Debug\net6.0-windows\zSmartClient_UnitTest.dll" adapterTypeName="executor://mstestadapter/v2" className="SmartClient_UnitTest.VideoOS.RemoteClient.Application.Common.Telemetry.TelemetryBuilderTests" name="GetPartialDiffBetweenDictionaries_ShouldReturnCorrectValues" />
    </UnitTest>
    <UnitTest name="Ctor_WpfMessageBoxButtonIsSetToOkCancel_OnlyOkCancelButtonsVisible" storage="d:\actions-runner\_work\xpco\xpco\allsolutions\..\sc\components\remoteviewer\smartclient\tst\zsmartclient_unittest\bin\x64\debug\net6.0-windows\zsmartclient_unittest.dll" id="53f5a1ce-14d4-a418-d0ff-8ef725db7d01">
      <Execution id="43ca45bb-d538-40fe-8cc4-3cf20d41fcf9" />
      <TestMethod codeBase="D:\actions-runner\_work\XPCO\XPCO\AllSolutions\..\SC\Components\RemoteViewer\SmartClient\tst\zSmartClient_UnitTest\bin\x64\Debug\net6.0-windows\zSmartClient_UnitTest.dll" adapterTypeName="executor://mstestadapter/v2" className="SmartClient_UnitTest.VideoOS.RemoteClient.Application.UI.Common.MessageBoxWithList.MessageBoxWithListViewModelTests" name="Ctor_WpfMessageBoxButtonIsSetToOkCancel_OnlyOkCancelButtonsVisible" />
    </UnitTest>
    <UnitTest name="AddToExportDevices_ShouldAddToExportData (5)" storage="d:\actions-runner\_work\xpco\xpco\allsolutions\..\sc\components\remoteviewer\smartclient\tst\zsmartclient_unittest\bin\x64\debug\net6.0-windows\zsmartclient_unittest.dll" id="d2b449cb-82fb-dec3-6452-d5d13d9ac572">
      <TestCategory>
        <TestCategoryItem TestCategory="Managers" />
      </TestCategory>
      <Execution id="d6f122b4-1d50-4bb5-b735-bae8c6845c8e" />
      <TestMethod codeBase="D:\actions-runner\_work\XPCO\XPCO\AllSolutions\..\SC\Components\RemoteViewer\SmartClient\tst\zSmartClient_UnitTest\bin\x64\Debug\net6.0-windows\zSmartClient_UnitTest.dll" adapterTypeName="executor://mstestadapter/v2" className="SmartClient_UnitTest.VideoOS.RemoteClient.Application.Managers.ExportManagerTests" name="AddToExportDevices_ShouldAddToExportData" />
    </UnitTest>
    <UnitTest name="Constructor_ShouldRaiseArgumentNullException_WhenLayersIsNull" storage="d:\actions-runner\_work\xpco\xpco\allsolutions\..\sc\components\remoteviewer\smartclient\tst\zsmartclient_unittest\bin\x64\debug\net6.0-windows\zsmartclient_unittest.dll" id="7b2ce89e-8bf2-0763-c57e-0285adbdcf5c">
      <TestCategory>
        <TestCategoryItem TestCategory="GisMapData.Handlers.LayerFeatures" />
      </TestCategory>
      <Execution id="5050b83c-35b1-42a2-857a-1b5010929546" />
      <TestMethod codeBase="D:\actions-runner\_work\XPCO\XPCO\AllSolutions\..\SC\Components\RemoteViewer\SmartClient\tst\zSmartClient_UnitTest\bin\x64\Debug\net6.0-windows\zSmartClient_UnitTest.dll" adapterTypeName="executor://mstestadapter/v2" className="SmartClient_UnitTest.VideoOS.RemoteClient.GisMapData.Handlers.LayerFeatures.InputLayerFeaturesHandlerTests" name="Constructor_ShouldRaiseArgumentNullException_WhenLayersIsNull" />
    </UnitTest>
    <UnitTest name="AddSelectedWindowsToExport_ShouldShowCorrectToastMessages (0,0,5)" storage="d:\actions-runner\_work\xpco\xpco\allsolutions\..\sc\components\remoteviewer\smartclient\tst\zsmartclient_unittest\bin\x64\debug\net6.0-windows\zsmartclient_unittest.dll" id="b38d8b7d-1c96-2deb-5466-9a0f98a87dce">
      <TestCategory>
        <TestCategoryItem TestCategory="Managers" />
      </TestCategory>
      <Execution id="3a0e88f4-1e2f-413e-babd-613fdd45efd7" />
      <TestMethod codeBase="D:\actions-runner\_work\XPCO\XPCO\AllSolutions\..\SC\Components\RemoteViewer\SmartClient\tst\zSmartClient_UnitTest\bin\x64\Debug\net6.0-windows\zSmartClient_UnitTest.dll" adapterTypeName="executor://mstestadapter/v2" className="SmartClient_UnitTest.VideoOS.RemoteClient.Application.Managers.ExportManagerTests" name="AddSelectedWindowsToExport_ShouldShowCorrectToastMessages" />
    </UnitTest>
    <UnitTest name="Ctor_ShouldAddBasicUserCredentialsToCache_WhenServerAuthenticationIsSimple" storage="d:\actions-runner\_work\xpco\xpco\allsolutions\..\sc\components\remoteviewer\smartclient\tst\zsmartclient_unittest\bin\x64\debug\net6.0-windows\zsmartclient_unittest.dll" id="76c6e850-3966-de20-82b6-519095d891a6">
      <TestCategory>
        <TestCategoryItem TestCategory="Authentication.ClientCredentials" />
      </TestCategory>
      <Execution id="ff0c1628-6712-4be3-b69b-c72784d72781" />
      <TestMethod codeBase="D:\actions-runner\_work\XPCO\XPCO\AllSolutions\..\SC\Components\RemoteViewer\SmartClient\tst\zSmartClient_UnitTest\bin\x64\Debug\net6.0-windows\zSmartClient_UnitTest.dll" adapterTypeName="executor://mstestadapter/v2" className="SmartClient_UnitTest.VideoOS.Shared.ServerAPI.ClientCredentialsTest" name="Ctor_ShouldAddBasicUserCredentialsToCache_WhenServerAuthenticationIsSimple" />
    </UnitTest>
    <UnitTest name="PtzSessionControllerInfoConstructorTest_Success" storage="d:\actions-runner\_work\xpco\xpco\allsolutions\..\sc\components\remoteviewer\smartclient\tst\zsmartclient_unittest\bin\x64\debug\net6.0-windows\zsmartclient_unittest.dll" id="7a75352d-c73e-5868-4a6f-939343fd10a2">
      <Execution id="f2c41684-0f9b-4332-8915-a9ddeb43897e" />
      <TestMethod codeBase="D:\actions-runner\_work\XPCO\XPCO\AllSolutions\..\SC\Components\RemoteViewer\SmartClient\tst\zSmartClient_UnitTest\bin\x64\Debug\net6.0-windows\zSmartClient_UnitTest.dll" adapterTypeName="executor://mstestadapter/v2" className="VideoOS.RemoteClient.Application.Controllers.UnitTest.PtzSessionControllerTest" name="PtzSessionControllerInfoConstructorTest_Success" />
    </UnitTest>
    <UnitTest name="SerializeDeserialize_Success" storage="d:\actions-runner\_work\xpco\xpco\allsolutions\..\sc\components\remoteviewer\smartclient\tst\zsmartclient_unittest\bin\x64\debug\net6.0-windows\zsmartclient_unittest.dll" id="34490af8-d3d6-7a91-eac4-416d37c4c03b">
      <TestCategory>
        <TestCategoryItem TestCategory="SearchTemplates" />
      </TestCategory>
      <Execution id="a53a3782-b5cd-4d6b-8820-c685c75e4083" />
      <TestMethod codeBase="D:\actions-runner\_work\XPCO\XPCO\AllSolutions\..\SC\Components\RemoteViewer\SmartClient\tst\zSmartClient_UnitTest\bin\x64\Debug\net6.0-windows\zSmartClient_UnitTest.dll" adapterTypeName="executor://mstestadapter/v2" className="SmartClient_UnitTest.VideoOS.RemoteClient.Plugin.CentralizedSearch.SearchTemplates.SearchTemplateTests" name="SerializeDeserialize_Success" />
    </UnitTest>
    <UnitTest name="BuildContentOptions_ShouldReturnInternalTab (73576FEA-BD0E-43C4-AD9D-589FBE4DC29B,True)" storage="d:\actions-runner\_work\xpco\xpco\allsolutions\..\sc\components\remoteviewer\smartclient\tst\zsmartclient_unittest\bin\x64\debug\net6.0-windows\zsmartclient_unittest.dll" id="7f829730-4be6-05ca-a995-3feee848e3f2">
      <Execution id="59527e62-488b-496b-8404-64653aacf280" />
      <TestMethod codeBase="D:\actions-runner\_work\XPCO\XPCO\AllSolutions\..\SC\Components\RemoteViewer\SmartClient\tst\zSmartClient_UnitTest\bin\x64\Debug\net6.0-windows\zSmartClient_UnitTest.dll" adapterTypeName="executor://mstestadapter/v2" className="SmartClient_UnitTest.VideoOS.RemoteClient.Application.Common.Telemetry.TelemetryBuilderTests" name="BuildContentOptions_ShouldReturnInternalTab" />
    </UnitTest>
    <UnitTest name="PopulateTooltip_ManyResultsFromFewCameras12Hours_ValidText" storage="d:\actions-runner\_work\xpco\xpco\allsolutions\..\sc\components\remoteviewer\smartclient\tst\zsmartclient_unittest\bin\x64\debug\net6.0-windows\zsmartclient_unittest.dll" id="3147bc1a-6400-429f-1c8f-cd7dc6defaa1">
      <TestCategory>
        <TestCategoryItem TestCategory="SearchControls" />
      </TestCategory>
      <Execution id="928775af-e309-4c9a-9dc4-fdc291fd90b7" />
      <TestMethod codeBase="D:\actions-runner\_work\XPCO\XPCO\AllSolutions\..\SC\Components\RemoteViewer\SmartClient\tst\zSmartClient_UnitTest\bin\x64\Debug\net6.0-windows\zSmartClient_UnitTest.dll" adapterTypeName="executor://mstestadapter/v2" className="SmartClient_UnitTest.VideoOS.RemoteClient.Plugin.CentralizedSearch.Views.Controls.TimelineRuler.TimelineRulerControlTests" name="PopulateTooltip_ManyResultsFromFewCameras12Hours_ValidText" />
    </UnitTest>
    <UnitTest name="OnMarkerSelected_ShouldSelectMarkerExcludeItFromClusteringAndBeginInPlaceEditMode_WhenSingleSelection" storage="d:\actions-runner\_work\xpco\xpco\allsolutions\..\sc\components\remoteviewer\smartclient\tst\zsmartclient_unittest\bin\x64\debug\net6.0-windows\zsmartclient_unittest.dll" id="37c23154-aec4-129b-8dc2-bb50808aef9e">
      <TestCategory>
        <TestCategoryItem TestCategory="SmartMap.SelectionHelper" />
      </TestCategory>
      <Execution id="ea18a7c4-70c0-4d01-8007-c88d1f5bc307" />
      <TestMethod codeBase="D:\actions-runner\_work\XPCO\XPCO\AllSolutions\..\SC\Components\RemoteViewer\SmartClient\tst\zSmartClient_UnitTest\bin\x64\Debug\net6.0-windows\zSmartClient_UnitTest.dll" adapterTypeName="executor://mstestadapter/v2" className="SmartClient_UnitTest.VideoOS.RemoteClient.Plugin.GisMap.ThinkGeoMap.SpecializedOverlays.Overlays.SelectionHelperTests" name="OnMarkerSelected_ShouldSelectMarkerExcludeItFromClusteringAndBeginInPlaceEditMode_WhenSingleSelection" />
    </UnitTest>
    <UnitTest name="AddToExportDevices_ShouldReturnCorrectResult (1,1,0)" storage="d:\actions-runner\_work\xpco\xpco\allsolutions\..\sc\components\remoteviewer\smartclient\tst\zsmartclient_unittest\bin\x64\debug\net6.0-windows\zsmartclient_unittest.dll" id="cd667223-fa51-4fa7-4447-c5ef6b869998">
      <TestCategory>
        <TestCategoryItem TestCategory="Managers" />
      </TestCategory>
      <Execution id="4ae79f02-0d53-4989-be7f-e78026b87da6" />
      <TestMethod codeBase="D:\actions-runner\_work\XPCO\XPCO\AllSolutions\..\SC\Components\RemoteViewer\SmartClient\tst\zSmartClient_UnitTest\bin\x64\Debug\net6.0-windows\zSmartClient_UnitTest.dll" adapterTypeName="executor://mstestadapter/v2" className="SmartClient_UnitTest.VideoOS.RemoteClient.Application.Managers.ExportManagerTests" name="AddToExportDevices_ShouldReturnCorrectResult" />
    </UnitTest>
    <UnitTest name="GetPropertiesAsync_ShouldIgnoreNullPropertyCollectionFromSubResults" storage="d:\actions-runner\_work\xpco\xpco\allsolutions\..\sc\components\remoteviewer\smartclient\tst\zsmartclient_unittest\bin\x64\debug\net6.0-windows\zsmartclient_unittest.dll" id="f7a4182b-ffd3-38f8-408e-5d4264f4f5e8">
      <TestCategory>
        <TestCategoryItem TestCategory="Search.Wrappers" />
      </TestCategory>
      <Execution id="57fc89dc-978e-48b7-9864-473f7052dc14" />
      <TestMethod codeBase="D:\actions-runner\_work\XPCO\XPCO\AllSolutions\..\SC\Components\RemoteViewer\SmartClient\tst\zSmartClient_UnitTest\bin\x64\Debug\net6.0-windows\zSmartClient_UnitTest.dll" adapterTypeName="executor://mstestadapter/v2" className="SmartClient_UnitTest.VideoOS.RemoteClient.Plugin.CentralizedSearch.Models.Wrappers.CombinedSearchResultDataWrapperTests" name="GetPropertiesAsync_ShouldIgnoreNullPropertyCollectionFromSubResults" />
    </UnitTest>
    <UnitTest name="HandleSetLayerFeatures_ShouldRaiseArgumentException_WhenMicrophoneKindAndNotMicrophoneLayerFeatures" storage="d:\actions-runner\_work\xpco\xpco\allsolutions\..\sc\components\remoteviewer\smartclient\tst\zsmartclient_unittest\bin\x64\debug\net6.0-windows\zsmartclient_unittest.dll" id="ce2cf82c-5810-0ccc-465a-37da15418741">
      <TestCategory>
        <TestCategoryItem TestCategory="GisMapData.Handlers.LayerFeatures" />
      </TestCategory>
      <Execution id="53b13fbb-95cd-4d38-809d-212b9be52c14" />
      <TestMethod codeBase="D:\actions-runner\_work\XPCO\XPCO\AllSolutions\..\SC\Components\RemoteViewer\SmartClient\tst\zSmartClient_UnitTest\bin\x64\Debug\net6.0-windows\zSmartClient_UnitTest.dll" adapterTypeName="executor://mstestadapter/v2" className="SmartClient_UnitTest.VideoOS.RemoteClient.GisMapData.Handlers.LayerFeatures.MicrophoneLayerFeaturesHandlerTests" name="HandleSetLayerFeatures_ShouldRaiseArgumentException_WhenMicrophoneKindAndNotMicrophoneLayerFeatures" />
    </UnitTest>
    <UnitTest name="GisPointToIndexGridPosition_FarWest_Success" storage="d:\actions-runner\_work\xpco\xpco\allsolutions\..\sc\components\remoteviewer\smartclient\tst\zsmartclient_unittest\bin\x64\debug\net6.0-windows\zsmartclient_unittest.dll" id="8208e4be-3fed-2de3-3add-7c787e622e9d">
      <TestCategory>
        <TestCategoryItem TestCategory="GisMapIndex" />
      </TestCategory>
      <Execution id="ca6c471f-2d98-46ef-a406-2d7eda0de0fa" />
      <TestMethod codeBase="D:\actions-runner\_work\XPCO\XPCO\AllSolutions\..\SC\Components\RemoteViewer\SmartClient\tst\zSmartClient_UnitTest\bin\x64\Debug\net6.0-windows\zSmartClient_UnitTest.dll" adapterTypeName="executor://mstestadapter/v2" className="SmartClient_UnitTest.VideoOS.RemoteClient.GisMapData.Common.Indexer.IndexUtilTests" name="GisPointToIndexGridPosition_FarWest_Success" />
    </UnitTest>
    <UnitTest name="CalculateNewExtent_ShouldLimitExtent_WhenBeyondMax" storage="d:\actions-runner\_work\xpco\xpco\allsolutions\..\sc\components\remoteviewer\smartclient\tst\zsmartclient_unittest\bin\x64\debug\net6.0-windows\zsmartclient_unittest.dll" id="c5f981d9-37f1-54c9-b862-4fbb2d02666f">
      <TestCategory>
        <TestCategoryItem TestCategory="MipItemsUpdateStrategy" />
      </TestCategory>
      <Execution id="f71090de-0a03-4eb0-9c73-f4939fc68345" />
      <TestMethod codeBase="D:\actions-runner\_work\XPCO\XPCO\AllSolutions\..\SC\Components\RemoteViewer\SmartClient\tst\zSmartClient_UnitTest\bin\x64\Debug\net6.0-windows\zSmartClient_UnitTest.dll" adapterTypeName="executor://mstestadapter/v2" className="SmartClient_UnitTest.VideoOS.RemoteClient.Plugin.GisMap.MIP.MipItemsUpdateStrategyTests" name="CalculateNewExtent_ShouldLimitExtent_WhenBeyondMax" />
    </UnitTest>
    <UnitTest name="AddSelectedWindowsToExport_ShouldShowCorrectToastMessages (1,0,0)" storage="d:\actions-runner\_work\xpco\xpco\allsolutions\..\sc\components\remoteviewer\smartclient\tst\zsmartclient_unittest\bin\x64\debug\net6.0-windows\zsmartclient_unittest.dll" id="7121c8df-41fa-8d5a-4925-b5acec70433e">
      <TestCategory>
        <TestCategoryItem TestCategory="Managers" />
      </TestCategory>
      <Execution id="3d2d7f0c-f845-49a0-95bb-e335f09b8ff3" />
      <TestMethod codeBase="D:\actions-runner\_work\XPCO\XPCO\AllSolutions\..\SC\Components\RemoteViewer\SmartClient\tst\zSmartClient_UnitTest\bin\x64\Debug\net6.0-windows\zSmartClient_UnitTest.dll" adapterTypeName="executor://mstestadapter/v2" className="SmartClient_UnitTest.VideoOS.RemoteClient.Application.Managers.ExportManagerTests" name="AddSelectedWindowsToExport_ShouldShowCorrectToastMessages" />
    </UnitTest>
    <UnitTest name="Constructor_ShouldRaiseArgumentNullException_WhenMapLayersIsNull" storage="d:\actions-runner\_work\xpco\xpco\allsolutions\..\sc\components\remoteviewer\smartclient\tst\zsmartclient_unittest\bin\x64\debug\net6.0-windows\zsmartclient_unittest.dll" id="49758d16-90af-426b-1c8f-f4b8f8b9a8ad">
      <TestCategory>
        <TestCategoryItem TestCategory="GisMap.LayerVisibilityItemDataChildrenViewZoneDecoratorTests" />
      </TestCategory>
      <Execution id="de72c71d-2e70-4b74-922b-cd565a3580f4" />
      <TestMethod codeBase="D:\actions-runner\_work\XPCO\XPCO\AllSolutions\..\SC\Components\RemoteViewer\SmartClient\tst\zSmartClient_UnitTest\bin\x64\Debug\net6.0-windows\zSmartClient_UnitTest.dll" adapterTypeName="executor://mstestadapter/v2" className="SmartClient_UnitTest.VideoOS.RemoteClient.Plugin.GisMap.ViewModels.LayersVisibility.Decorators.LayerVisibilityItemDataChildrenViewZoneDecoratorTests" name="Constructor_ShouldRaiseArgumentNullException_WhenMapLayersIsNull" />
    </UnitTest>
    <UnitTest name="TestAttribute_Success" storage="d:\actions-runner\_work\xpco\xpco\allsolutions\..\sc\components\remoteviewer\smartclient\tst\zsmartclient_unittest\bin\x64\debug\net6.0-windows\zsmartclient_unittest.dll" id="08662725-81c0-39ee-21c2-6a500f721bcc">
      <TestCategory>
        <TestCategoryItem TestCategory="GisMapBuilding" />
      </TestCategory>
      <Execution id="cc703333-9751-48a3-b752-836c72f922d6" />
      <TestMethod codeBase="D:\actions-runner\_work\XPCO\XPCO\AllSolutions\..\SC\Components\RemoteViewer\SmartClient\tst\zSmartClient_UnitTest\bin\x64\Debug\net6.0-windows\zSmartClient_UnitTest.dll" adapterTypeName="executor://mstestadapter/v2" className="SmartClient_UnitTest.VideoOS.RemoteClient.GisMap.MapBuildingTests" name="TestAttribute_Success" />
    </UnitTest>
    <UnitTest name="DetermineUserAllowsUnsecureConnection_WhereUserIsNotAskedAndUnsecureIsAllow_ShouldReturnTrue" storage="d:\actions-runner\_work\xpco\xpco\allsolutions\..\sc\components\remoteviewer\smartclient\tst\zsmartclient_unittest\bin\x64\debug\net6.0-windows\zsmartclient_unittest.dll" id="c3441c18-6d91-a3fc-0eb6-245d76a8e060">
      <Execution id="7b93e4cf-7ea0-4ee7-8ac4-95f58d17b1fc" />
      <TestMethod codeBase="D:\actions-runner\_work\XPCO\XPCO\AllSolutions\..\SC\Components\RemoteViewer\SmartClient\tst\zSmartClient_UnitTest\bin\x64\Debug\net6.0-windows\zSmartClient_UnitTest.dll" adapterTypeName="executor://mstestadapter/v2" className="VideoOS.RemoteClient.Application.Managers.UnitTest.AllowUnsecureConnectionManagerTests" name="DetermineUserAllowsUnsecureConnection_WhereUserIsNotAskedAndUnsecureIsAllow_ShouldReturnTrue" />
    </UnitTest>
    <UnitTest name="ReorderLevels123to213_Success" storage="d:\actions-runner\_work\xpco\xpco\allsolutions\..\sc\components\remoteviewer\smartclient\tst\zsmartclient_unittest\bin\x64\debug\net6.0-windows\zsmartclient_unittest.dll" id="32fec1f9-c048-b0a8-7432-484e5a8663c8">
      <TestCategory>
        <TestCategoryItem TestCategory="GisMapBuilding" />
      </TestCategory>
      <Execution id="1fb94988-16d9-49ce-b1b5-d01811b89bf3" />
      <TestMethod codeBase="D:\actions-runner\_work\XPCO\XPCO\AllSolutions\..\SC\Components\RemoteViewer\SmartClient\tst\zSmartClient_UnitTest\bin\x64\Debug\net6.0-windows\zSmartClient_UnitTest.dll" adapterTypeName="executor://mstestadapter/v2" className="SmartClient_UnitTest.VideoOS.RemoteClient.GisMap.MapBuildingTests" name="ReorderLevels123to213_Success" />
    </UnitTest>
    <UnitTest name="HandleGetLayerFeatures_ShouldReturnCameraLayerFeatures_WhenCameraKind" storage="d:\actions-runner\_work\xpco\xpco\allsolutions\..\sc\components\remoteviewer\smartclient\tst\zsmartclient_unittest\bin\x64\debug\net6.0-windows\zsmartclient_unittest.dll" id="dda1789b-98bf-2ab4-b6fb-aff5b89b7425">
      <TestCategory>
        <TestCategoryItem TestCategory="GisMapData.Handlers.LayerFeatures" />
      </TestCategory>
      <Execution id="5ac179c5-0b7a-41a1-af25-39035345bf54" />
      <TestMethod codeBase="D:\actions-runner\_work\XPCO\XPCO\AllSolutions\..\SC\Components\RemoteViewer\SmartClient\tst\zSmartClient_UnitTest\bin\x64\Debug\net6.0-windows\zSmartClient_UnitTest.dll" adapterTypeName="executor://mstestadapter/v2" className="SmartClient_UnitTest.VideoOS.RemoteClient.GisMapData.Handlers.LayerFeatures.CameraLayerFeaturesHandlerTests" name="HandleGetLayerFeatures_ShouldReturnCameraLayerFeatures_WhenCameraKind" />
    </UnitTest>
    <UnitTest name="SearchCriteria_AddAndRemoveFilterValues_SearchAttributesCorrect" storage="d:\actions-runner\_work\xpco\xpco\allsolutions\..\sc\components\remoteviewer\smartclient\tst\zsmartclient_unittest\bin\x64\debug\net6.0-windows\zsmartclient_unittest.dll" id="3013af1b-1881-534b-ca91-63b1a27651d6">
      <TestCategory>
        <TestCategoryItem TestCategory="Search" />
      </TestCategory>
      <Execution id="18005a79-7bef-40fb-a31f-41207b6c0a35" />
      <TestMethod codeBase="D:\actions-runner\_work\XPCO\XPCO\AllSolutions\..\SC\Components\RemoteViewer\SmartClient\tst\zSmartClient_UnitTest\bin\x64\Debug\net6.0-windows\zSmartClient_UnitTest.dll" adapterTypeName="executor://mstestadapter/v2" className="SmartClient_UnitTest.VideoOS.RemoteClient.Plugin.CentralizedSearch.ViewModels.SearchDefinitionViewModelTests" name="SearchCriteria_AddAndRemoveFilterValues_SearchAttributesCorrect" />
    </UnitTest>
    <UnitTest name="IsProductionEnvironment_ShouldReturnCorrectValue (somethingRandom,False)" storage="d:\actions-runner\_work\xpco\xpco\allsolutions\..\sc\components\remoteviewer\smartclient\tst\zsmartclient_unittest\bin\x64\debug\net6.0-windows\zsmartclient_unittest.dll" id="e670b983-4ada-5f80-307a-cf5e26b6c0b2">
      <Execution id="a1428288-52c8-4250-a92e-36b8ab296abf" />
      <TestMethod codeBase="D:\actions-runner\_work\XPCO\XPCO\AllSolutions\..\SC\Components\RemoteViewer\SmartClient\tst\zSmartClient_UnitTest\bin\x64\Debug\net6.0-windows\zSmartClient_UnitTest.dll" adapterTypeName="executor://mstestadapter/v2" className="SmartClient_UnitTest.VideoOS.RemoteClient.Application.Common.Telemetry.TelemetryKeyProviderTests" name="IsProductionEnvironment_ShouldReturnCorrectValue" />
    </UnitTest>
    <UnitTest name="GetCameraTiles_ShouldReturnCorrectCameraTilesWithGroupTest" storage="d:\actions-runner\_work\xpco\xpco\allsolutions\..\sc\components\remoteviewer\smartclient\tst\zsmartclient_unittest\bin\x64\debug\net6.0-windows\zsmartclient_unittest.dll" id="2eb02be1-be5b-c75f-226f-8371b8170b9a">
      <Execution id="da40f642-fe04-46b1-bea7-cd81348fe9bf" />
      <TestMethod codeBase="D:\actions-runner\_work\XPCO\XPCO\AllSolutions\..\SC\Components\RemoteViewer\SmartClient\tst\zSmartClient_UnitTest\bin\x64\Debug\net6.0-windows\zSmartClient_UnitTest.dll" adapterTypeName="executor://mstestadapter/v2" className="SmartClient_UnitTest.VideoOS.RemoteClient.Application.Data.ContentTypes.ReportingContentType.DashboardTileProviderTest" name="GetCameraTiles_ShouldReturnCorrectCameraTilesWithGroupTest" />
    </UnitTest>
    <UnitTest name="SelectTemplate_CheckBoxFilterConfiguration_ReturnsInlineTemplate" storage="d:\actions-runner\_work\xpco\xpco\allsolutions\..\sc\components\remoteviewer\smartclient\tst\zsmartclient_unittest\bin\x64\debug\net6.0-windows\zsmartclient_unittest.dll" id="e00615fe-3a8d-1512-20d9-8abe6916016f">
      <TestCategory>
        <TestCategoryItem TestCategory="SearchViews" />
      </TestCategory>
      <Execution id="db1e3b67-5033-4d2e-b88e-58d422fe0d17" />
      <TestMethod codeBase="D:\actions-runner\_work\XPCO\XPCO\AllSolutions\..\SC\Components\RemoteViewer\SmartClient\tst\zSmartClient_UnitTest\bin\x64\Debug\net6.0-windows\zSmartClient_UnitTest.dll" adapterTypeName="executor://mstestadapter/v2" className="SmartClient_UnitTest.VideoOS.RemoteClient.Plugin.CentralizedSearch.Views.AttributeEditControlTemplateSelectorTests" name="SelectTemplate_CheckBoxFilterConfiguration_ReturnsInlineTemplate" />
    </UnitTest>
    <UnitTest name="MonitorPlaybackState_Deserialize_Success" storage="d:\actions-runner\_work\xpco\xpco\allsolutions\..\sc\components\remoteviewer\smartclient\tst\zsmartclient_unittest\bin\x64\debug\net6.0-windows\zsmartclient_unittest.dll" id="3166ce8a-6864-b5e2-c1c8-2bea9adde082">
      <Execution id="f4854fc1-2fb5-4bb7-a626-7018179bac30" />
      <TestMethod codeBase="D:\actions-runner\_work\XPCO\XPCO\AllSolutions\..\SC\Components\RemoteViewer\SmartClient\tst\zSmartClient_UnitTest\bin\x64\Debug\net6.0-windows\zSmartClient_UnitTest.dll" adapterTypeName="executor://mstestadapter/v2" className="SmartClient_UnitTest.VideoOS.RemoteClient.Data.VideoWall.MonitorStateTests" name="MonitorPlaybackState_Deserialize_Success" />
    </UnitTest>
    <UnitTest name="ApplyStatesFromUi_ValidState_StateUpdated" storage="d:\actions-runner\_work\xpco\xpco\allsolutions\..\sc\components\remoteviewer\smartclient\tst\zsmartclient_unittest\bin\x64\debug\net6.0-windows\zsmartclient_unittest.dll" id="24e7c2bb-215e-6687-9176-48e72f6cf85e">
      <TestCategory>
        <TestCategoryItem TestCategory="SearchViews" />
      </TestCategory>
      <Execution id="92bb64fc-4024-4846-92aa-ab82a9040983" />
      <TestMethod codeBase="D:\actions-runner\_work\XPCO\XPCO\AllSolutions\..\SC\Components\RemoteViewer\SmartClient\tst\zSmartClient_UnitTest\bin\x64\Debug\net6.0-windows\zSmartClient_UnitTest.dll" adapterTypeName="executor://mstestadapter/v2" className="SmartClient_UnitTest.VideoOS.RemoteClient.Plugin.CentralizedSearch.Views.SearchResultsViewTests" name="ApplyStatesFromUi_ValidState_StateUpdated" />
    </UnitTest>
    <UnitTest name="GetOsmServerAddress_ShouldReturnAlternativeServerValue_WhenGeographicLayerIsAvailableAndAlternativeServerIsNotEmpty" storage="d:\actions-runner\_work\xpco\xpco\allsolutions\..\sc\components\remoteviewer\smartclient\tst\zsmartclient_unittest\bin\x64\debug\net6.0-windows\zsmartclient_unittest.dll" id="f5719a53-45a7-6c3f-5ed7-93d8143fc0a6">
      <TestCategory>
        <TestCategoryItem TestCategory="GisMapData.Controllers.Osm" />
      </TestCategory>
      <Execution id="a1a3b5ea-2c0a-40ae-93b4-542577934779" />
      <TestMethod codeBase="D:\actions-runner\_work\XPCO\XPCO\AllSolutions\..\SC\Components\RemoteViewer\SmartClient\tst\zSmartClient_UnitTest\bin\x64\Debug\net6.0-windows\zSmartClient_UnitTest.dll" adapterTypeName="executor://mstestadapter/v2" className="SmartClient_UnitTest.VideoOS.RemoteClient.GisMapData.Controllers.Osm.GisMapOsmControllerTests" name="GetOsmServerAddress_ShouldReturnAlternativeServerValue_WhenGeographicLayerIsAvailableAndAlternativeServerIsNotEmpty" />
    </UnitTest>
    <UnitTest name="Init_NullState_CorrectViewModelSetOnView" storage="d:\actions-runner\_work\xpco\xpco\allsolutions\..\sc\components\remoteviewer\smartclient\tst\zsmartclient_unittest\bin\x64\debug\net6.0-windows\zsmartclient_unittest.dll" id="7ca171df-e98e-0a85-0373-bda8d8a6f93c">
      <TestCategory>
        <TestCategoryItem TestCategory="Export" />
      </TestCategory>
      <Execution id="953d7b51-9946-4805-a4a8-710e6025a320" />
      <TestMethod codeBase="D:\actions-runner\_work\XPCO\XPCO\AllSolutions\..\SC\Components\RemoteViewer\SmartClient\tst\zSmartClient_UnitTest\bin\x64\Debug\net6.0-windows\zSmartClient_UnitTest.dll" adapterTypeName="executor://mstestadapter/v2" className="SmartClient_UnitTest.VideoOS.RemoteClient.Plugin.Export.ExportContentHolderTests" name="Init_NullState_CorrectViewModelSetOnView" />
    </UnitTest>
    <UnitTest name="IconResourceKey_ShouldBeValid_WhenInteractionStateIsAddCamera" storage="d:\actions-runner\_work\xpco\xpco\allsolutions\..\sc\components\remoteviewer\smartclient\tst\zsmartclient_unittest\bin\x64\debug\net6.0-windows\zsmartclient_unittest.dll" id="8cc6d850-7864-120d-52a3-07064eb9831b">
      <TestCategory>
        <TestCategoryItem TestCategory="GisMap.UI.DeviceSelectors.PanelComponents" />
      </TestCategory>
      <Execution id="95521872-1136-445c-b3ee-0c4205aa26e9" />
      <TestMethod codeBase="D:\actions-runner\_work\XPCO\XPCO\AllSolutions\..\SC\Components\RemoteViewer\SmartClient\tst\zSmartClient_UnitTest\bin\x64\Debug\net6.0-windows\zSmartClient_UnitTest.dll" adapterTypeName="executor://mstestadapter/v2" className="SmartClient_UnitTest.VideoOS.RemoteClient.Plugin.GisMap.UI.DeviceSelectors.PanelComponents.DeviceSelectorPanelComponentTests" name="IconResourceKey_ShouldBeValid_WhenInteractionStateIsAddCamera" />
    </UnitTest>
    <UnitTest name="PatrollingProfileListViewModel_Save_CreateProfile" storage="d:\actions-runner\_work\xpco\xpco\allsolutions\..\sc\components\remoteviewer\smartclient\tst\zsmartclient_unittest\bin\x64\debug\net6.0-windows\zsmartclient_unittest.dll" id="e119e886-63ff-9e4b-f30c-287618dff31a">
      <Execution id="e7577d4e-1ece-4dfe-a03f-d44d9ab8f129" />
      <TestMethod codeBase="D:\actions-runner\_work\XPCO\XPCO\AllSolutions\..\SC\Components\RemoteViewer\SmartClient\tst\zSmartClient_UnitTest\bin\x64\Debug\net6.0-windows\zSmartClient_UnitTest.dll" adapterTypeName="executor://mstestadapter/v2" className="SmartClient_UnitTest.VideoOS.RemoteClient.Application.UI.PtzPreset.PatrollingViewModel.PatrollingProfileListViewModelTest" name="PatrollingProfileListViewModel_Save_CreateProfile" />
    </UnitTest>
    <UnitTest name="OnLoaded_ValidConfigurationInlineEdit_InlineAttributeEditControlSet" storage="d:\actions-runner\_work\xpco\xpco\allsolutions\..\sc\components\remoteviewer\smartclient\tst\zsmartclient_unittest\bin\x64\debug\net6.0-windows\zsmartclient_unittest.dll" id="9b908469-0451-8cb6-bea4-479be46ad482">
      <TestCategory>
        <TestCategoryItem TestCategory="SearchViews" />
      </TestCategory>
      <Execution id="8fd0d7ba-c63c-46b1-896a-c93c5239ef55" />
      <TestMethod codeBase="D:\actions-runner\_work\XPCO\XPCO\AllSolutions\..\SC\Components\RemoteViewer\SmartClient\tst\zSmartClient_UnitTest\bin\x64\Debug\net6.0-windows\zSmartClient_UnitTest.dll" adapterTypeName="executor://mstestadapter/v2" className="SmartClient_UnitTest.VideoOS.RemoteClient.Plugin.CentralizedSearch.Views.SearchAttributeViewTests" name="OnLoaded_ValidConfigurationInlineEdit_InlineAttributeEditControlSet" />
    </UnitTest>
    <UnitTest name="ActiveInteractionStateBinding_ShouldOnlyContainNormal_WhenCtorIsCalled" storage="d:\actions-runner\_work\xpco\xpco\allsolutions\..\sc\components\remoteviewer\smartclient\tst\zsmartclient_unittest\bin\x64\debug\net6.0-windows\zsmartclient_unittest.dll" id="37999a11-7cfa-34e4-a6d5-5a66aba3e122">
      <TestCategory>
        <TestCategoryItem TestCategory="GisMap.MipItemMarker" />
      </TestCategory>
      <Execution id="c1043227-0a33-4a53-8c51-10af0b7a0cca" />
      <TestMethod codeBase="D:\actions-runner\_work\XPCO\XPCO\AllSolutions\..\SC\Components\RemoteViewer\SmartClient\tst\zSmartClient_UnitTest\bin\x64\Debug\net6.0-windows\zSmartClient_UnitTest.dll" adapterTypeName="executor://mstestadapter/v2" className="SmartClient_UnitTest.VideoOS.RemoteClient.Plugin.GisMap.ThinkGeoMap.Markers.MipItemMarker.MipItemMarkerTests" name="ActiveInteractionStateBinding_ShouldOnlyContainNormal_WhenCtorIsCalled" />
    </UnitTest>
    <UnitTest name="SelectTemplate_SliderFilterConfiguration_ReturnsInlineTemplate" storage="d:\actions-runner\_work\xpco\xpco\allsolutions\..\sc\components\remoteviewer\smartclient\tst\zsmartclient_unittest\bin\x64\debug\net6.0-windows\zsmartclient_unittest.dll" id="c0bd9a37-5d67-88a0-bfcd-3be0c84b2355">
      <TestCategory>
        <TestCategoryItem TestCategory="SearchViews" />
      </TestCategory>
      <Execution id="05e9909d-9342-49e9-ba0f-02e3a23fee2c" />
      <TestMethod codeBase="D:\actions-runner\_work\XPCO\XPCO\AllSolutions\..\SC\Components\RemoteViewer\SmartClient\tst\zSmartClient_UnitTest\bin\x64\Debug\net6.0-windows\zSmartClient_UnitTest.dll" adapterTypeName="executor://mstestadapter/v2" className="SmartClient_UnitTest.VideoOS.RemoteClient.Plugin.CentralizedSearch.Views.AttributeEditControlTemplateSelectorTests" name="SelectTemplate_SliderFilterConfiguration_ReturnsInlineTemplate" />
    </UnitTest>
    <UnitTest name="ResolveBaseResultProperties_ShouldOnlyReturnASingleTriggerTime_WhenThreeOutOfFourTriggerTimesAreOutsideBeginEnd" storage="d:\actions-runner\_work\xpco\xpco\allsolutions\..\sc\components\remoteviewer\smartclient\tst\zsmartclient_unittest\bin\x64\debug\net6.0-windows\zsmartclient_unittest.dll" id="834cde2d-9602-045a-ea86-c849382faa06">
      <TestCategory>
        <TestCategoryItem TestCategory="Search" />
      </TestCategory>
      <Execution id="328087bf-d372-469c-9ebc-339b41754810" />
      <TestMethod codeBase="D:\actions-runner\_work\XPCO\XPCO\AllSolutions\..\SC\Components\RemoteViewer\SmartClient\tst\zSmartClient_UnitTest\bin\x64\Debug\net6.0-windows\zSmartClient_UnitTest.dll" adapterTypeName="executor://mstestadapter/v2" className="SmartClient_UnitTest.VideoOS.RemoteClient.Plugin.CentralizedSearch.Utils.SearchResultDataWrapperExtensionsTests" name="ResolveBaseResultProperties_ShouldOnlyReturnASingleTriggerTime_WhenThreeOutOfFourTriggerTimesAreOutsideBeginEnd" />
    </UnitTest>
    <UnitTest name="ConvertToValidPath_WhenNotAllowDirectories_ConvertToValidPath" storage="d:\actions-runner\_work\xpco\xpco\allsolutions\..\sc\components\remoteviewer\smartclient\tst\zsmartclient_unittest\bin\x64\debug\net6.0-windows\zsmartclient_unittest.dll" id="670e500e-5c39-dd47-a9de-bf38c3c1554c">
      <Execution id="71add84c-188d-44eb-a938-b02bcbfe3cdb" />
      <TestMethod codeBase="D:\actions-runner\_work\XPCO\XPCO\AllSolutions\..\SC\Components\RemoteViewer\SmartClient\tst\zSmartClient_UnitTest\bin\x64\Debug\net6.0-windows\zSmartClient_UnitTest.dll" adapterTypeName="executor://mstestadapter/v2" className="SmartClient_UnitTest.VideoOS.RemoteClient.Application.Common.FilePathValidatorTest" name="ConvertToValidPath_WhenNotAllowDirectories_ConvertToValidPath" />
    </UnitTest>
    <UnitTest name="AddToExportTuples_ShouldReturnCorrectResult (0,5,5)" storage="d:\actions-runner\_work\xpco\xpco\allsolutions\..\sc\components\remoteviewer\smartclient\tst\zsmartclient_unittest\bin\x64\debug\net6.0-windows\zsmartclient_unittest.dll" id="2a4a8a87-4dad-d886-826d-05e25ab2a6a2">
      <TestCategory>
        <TestCategoryItem TestCategory="Managers" />
      </TestCategory>
      <Execution id="266e7c68-091d-4c07-aab9-b50607c6b9f4" />
      <TestMethod codeBase="D:\actions-runner\_work\XPCO\XPCO\AllSolutions\..\SC\Components\RemoteViewer\SmartClient\tst\zSmartClient_UnitTest\bin\x64\Debug\net6.0-windows\zSmartClient_UnitTest.dll" adapterTypeName="executor://mstestadapter/v2" className="SmartClient_UnitTest.VideoOS.RemoteClient.Application.Managers.ExportManagerTests" name="AddToExportTuples_ShouldReturnCorrectResult" />
    </UnitTest>
    <UnitTest name="BuildMapOptions_ShouldHandleStringOptionsCorrectly (GisMapOpenStreetMapAlternativeServer,,False)" storage="d:\actions-runner\_work\xpco\xpco\allsolutions\..\sc\components\remoteviewer\smartclient\tst\zsmartclient_unittest\bin\x64\debug\net6.0-windows\zsmartclient_unittest.dll" id="3cdeee93-383b-1b35-6fc8-87b7d5d7dcac">
      <Execution id="db3d8b4f-a121-4e3d-8bee-c49def92fdc3" />
      <TestMethod codeBase="D:\actions-runner\_work\XPCO\XPCO\AllSolutions\..\SC\Components\RemoteViewer\SmartClient\tst\zSmartClient_UnitTest\bin\x64\Debug\net6.0-windows\zSmartClient_UnitTest.dll" adapterTypeName="executor://mstestadapter/v2" className="SmartClient_UnitTest.VideoOS.RemoteClient.Application.Common.Telemetry.TelemetryBuilderTests" name="BuildMapOptions_ShouldHandleStringOptionsCorrectly" />
    </UnitTest>
    <UnitTest name="ForceUpdate_CallsUpdateStrategyForceUpdate" storage="d:\actions-runner\_work\xpco\xpco\allsolutions\..\sc\components\remoteviewer\smartclient\tst\zsmartclient_unittest\bin\x64\debug\net6.0-windows\zsmartclient_unittest.dll" id="737570f7-4183-1643-93e9-5894a6ee837f">
      <TestCategory>
        <TestCategoryItem TestCategory="MipItemsRetriever" />
      </TestCategory>
      <Execution id="389165a0-da08-4158-9bf7-f18f6a8c0de5" />
      <TestMethod codeBase="D:\actions-runner\_work\XPCO\XPCO\AllSolutions\..\SC\Components\RemoteViewer\SmartClient\tst\zSmartClient_UnitTest\bin\x64\Debug\net6.0-windows\zSmartClient_UnitTest.dll" adapterTypeName="executor://mstestadapter/v2" className="SmartClient_UnitTest.VideoOS.RemoteClient.Plugin.GisMap.MIP.MipItemsRetrieverTests" name="ForceUpdate_CallsUpdateStrategyForceUpdate" />
    </UnitTest>
    <UnitTest name="BuildState_SelectionWithSingleSearchDefinition_Success" storage="d:\actions-runner\_work\xpco\xpco\allsolutions\..\sc\components\remoteviewer\smartclient\tst\zsmartclient_unittest\bin\x64\debug\net6.0-windows\zsmartclient_unittest.dll" id="62bfa639-11d3-81b7-beea-8fc58ddae302">
      <TestCategory>
        <TestCategoryItem TestCategory="Search" />
      </TestCategory>
      <Execution id="1d02ec6a-5440-48ea-a005-ca04a364d1e5" />
      <TestMethod codeBase="D:\actions-runner\_work\XPCO\XPCO\AllSolutions\..\SC\Components\RemoteViewer\SmartClient\tst\zSmartClient_UnitTest\bin\x64\Debug\net6.0-windows\zSmartClient_UnitTest.dll" adapterTypeName="executor://mstestadapter/v2" className="SmartClient_UnitTest.VideoOS.RemoteClient.Plugin.CentralizedSearch.CentralizedSearchContentHolderTests" name="BuildState_SelectionWithSingleSearchDefinition_Success" />
    </UnitTest>
    <UnitTest name="CreateGeometry_EmptyPointsCollection_ThrowsArgException" storage="d:\actions-runner\_work\xpco\xpco\allsolutions\..\sc\components\remoteviewer\smartclient\tst\zsmartclient_unittest\bin\x64\debug\net6.0-windows\zsmartclient_unittest.dll" id="11bc7ddd-0334-e311-f2a7-f381145ec805">
      <TestCategory>
        <TestCategoryItem TestCategory="GisMapIndex" />
      </TestCategory>
      <Execution id="d2003e93-186f-4347-aecb-81faa65a3f56" />
      <TestMethod codeBase="D:\actions-runner\_work\XPCO\XPCO\AllSolutions\..\SC\Components\RemoteViewer\SmartClient\tst\zSmartClient_UnitTest\bin\x64\Debug\net6.0-windows\zSmartClient_UnitTest.dll" adapterTypeName="executor://mstestadapter/v2" className="SmartClient_UnitTest.VideoOS.RemoteClient.GisMapData.Common.Indexer.IndexUtilTests" name="CreateGeometry_EmptyPointsCollection_ThrowsArgException" />
    </UnitTest>
    <UnitTest name="GetLayerFeatures_ShouldReturnInputLayerFeaturesBasedOnInputItemsMapLayer_WhenInputKind" storage="d:\actions-runner\_work\xpco\xpco\allsolutions\..\sc\components\remoteviewer\smartclient\tst\zsmartclient_unittest\bin\x64\debug\net6.0-windows\zsmartclient_unittest.dll" id="6fad06d6-6e6b-b6b2-c6ce-b133426e326c">
      <TestCategory>
        <TestCategoryItem TestCategory="GisMapData.Controllers.LayerFeatures" />
      </TestCategory>
      <Execution id="a182b653-2540-4687-98ba-c8d6dbaa6807" />
      <TestMethod codeBase="D:\actions-runner\_work\XPCO\XPCO\AllSolutions\..\SC\Components\RemoteViewer\SmartClient\tst\zSmartClient_UnitTest\bin\x64\Debug\net6.0-windows\zSmartClient_UnitTest.dll" adapterTypeName="executor://mstestadapter/v2" className="SmartClient_UnitTest.VideoOS.RemoteClient.GisMapData.Controllers.LayerFeatures.LayerFeaturesControllerTests" name="GetLayerFeatures_ShouldReturnInputLayerFeaturesBasedOnInputItemsMapLayer_WhenInputKind" />
    </UnitTest>
    <UnitTest name="WorkspaceChangedEvent_ShouldSetLayerDeviceVisibilityItemDataCached_WhenEnteringIntoSetupMode" storage="d:\actions-runner\_work\xpco\xpco\allsolutions\..\sc\components\remoteviewer\smartclient\tst\zsmartclient_unittest\bin\x64\debug\net6.0-windows\zsmartclient_unittest.dll" id="54665edf-a1f2-e9fe-2f83-fd5f97c5627f">
      <TestCategory>
        <TestCategoryItem TestCategory="GisMap.DefaultFixedLayerManagerStrategyTests" />
      </TestCategory>
      <Execution id="28a69e29-183f-40ff-8457-ba4041b5106f" />
      <TestMethod codeBase="D:\actions-runner\_work\XPCO\XPCO\AllSolutions\..\SC\Components\RemoteViewer\SmartClient\tst\zSmartClient_UnitTest\bin\x64\Debug\net6.0-windows\zSmartClient_UnitTest.dll" adapterTypeName="executor://mstestadapter/v2" className="SmartClient_UnitTest.VideoOS.RemoteClient.Plugin.GisMap.ViewModels.LayersVisibility.FixedLayers.DefaultFixedLayerManagerStrategyTests" name="WorkspaceChangedEvent_ShouldSetLayerDeviceVisibilityItemDataCached_WhenEnteringIntoSetupMode" />
    </UnitTest>
    <UnitTest name="GetActivatedOutputIconId_ShouldRaiseArgumentException_WhenArgumentIsNotADeactivatedOutputIconId" storage="d:\actions-runner\_work\xpco\xpco\allsolutions\..\sc\components\remoteviewer\smartclient\tst\zsmartclient_unittest\bin\x64\debug\net6.0-windows\zsmartclient_unittest.dll" id="9f080b69-ff73-e1e5-ebe4-dd30c3c983a4">
      <TestCategory>
        <TestCategoryItem TestCategory="GisMapData.OutputOemResourcesProviderTests" />
      </TestCategory>
      <Execution id="5a45c54d-3105-44f7-b4b6-1aed3c96760d" />
      <TestMethod codeBase="D:\actions-runner\_work\XPCO\XPCO\AllSolutions\..\SC\Components\RemoteViewer\SmartClient\tst\zSmartClient_UnitTest\bin\x64\Debug\net6.0-windows\zSmartClient_UnitTest.dll" adapterTypeName="executor://mstestadapter/v2" className="SmartClient_UnitTest.VideoOS.RemoteClient.GisMapData.Resources.OutputOemResourcesProviderTests" name="GetActivatedOutputIconId_ShouldRaiseArgumentException_WhenArgumentIsNotADeactivatedOutputIconId" />
    </UnitTest>
    <UnitTest name="SearchResultsActionBarActions_CreateEvidenceLock_OptionAvailable_Enabled" storage="d:\actions-runner\_work\xpco\xpco\allsolutions\..\sc\components\remoteviewer\smartclient\tst\zsmartclient_unittest\bin\x64\debug\net6.0-windows\zsmartclient_unittest.dll" id="3127eee9-b24b-38fc-7372-b6a7a8378a18">
      <TestCategory>
        <TestCategoryItem TestCategory="SearchResultActionBarViewModel" />
      </TestCategory>
      <Execution id="05f3a4d9-3799-4241-81ac-c1352ad5d3f1" />
      <TestMethod codeBase="D:\actions-runner\_work\XPCO\XPCO\AllSolutions\..\SC\Components\RemoteViewer\SmartClient\tst\zSmartClient_UnitTest\bin\x64\Debug\net6.0-windows\zSmartClient_UnitTest.dll" adapterTypeName="executor://mstestadapter/v2" className="SmartClient_UnitTest.VideoOS.RemoteClient.Plugin.CentralizedSearch.ViewModels.SearchResultsActionBarViewModelTest" name="SearchResultsActionBarActions_CreateEvidenceLock_OptionAvailable_Enabled" />
    </UnitTest>
    <UnitTest name="ManualRecordingResultDto_ShouldYieldSameValues_WhenRoundTripConverted" storage="d:\actions-runner\_work\xpco\xpco\allsolutions\..\sc\components\remoteviewer\smartclient\tst\zsmartclient_unittest\bin\x64\debug\net6.0-windows\zsmartclient_unittest.dll" id="95b39f8a-1d05-ef16-b7bc-9f5670cd4fdd">
      <TestCategory>
        <TestCategoryItem TestCategory="RecorderProxyToDtoMapping" />
      </TestCategory>
      <Execution id="cfd5e5d6-3ae2-40e1-9d93-7c801380df0c" />
      <TestMethod codeBase="D:\actions-runner\_work\XPCO\XPCO\AllSolutions\..\SC\Components\RemoteViewer\SmartClient\tst\zSmartClient_UnitTest\bin\x64\Debug\net6.0-windows\zSmartClient_UnitTest.dll" adapterTypeName="executor://mstestadapter/v2" className="VideoOS.Shared.ServerAPI.SOAP.RecorderClientMappingTests" name="ManualRecordingResultDto_ShouldYieldSameValues_WhenRoundTripConverted" />
    </UnitTest>
    <UnitTest name="SidePanelToggleButtonIsVisible_DependingOnConditions (FullScreen,True,False,False)" storage="d:\actions-runner\_work\xpco\xpco\allsolutions\..\sc\components\remoteviewer\smartclient\tst\zsmartclient_unittest\bin\x64\debug\net6.0-windows\zsmartclient_unittest.dll" id="691d68a9-645d-890d-6c67-c584c444916d">
      <TestCategory>
        <TestCategoryItem TestCategory="WorkspaceToolbar" />
      </TestCategory>
      <Execution id="c3afcb79-2ae6-4860-b71b-c9a261588b81" />
      <TestMethod codeBase="D:\actions-runner\_work\XPCO\XPCO\AllSolutions\..\SC\Components\RemoteViewer\SmartClient\tst\zSmartClient_UnitTest\bin\x64\Debug\net6.0-windows\zSmartClient_UnitTest.dll" adapterTypeName="executor://mstestadapter/v2" className="SmartClient_UnitTest.VideoOS.RemoteClient.Application.UI.Content.WorkspaceToolbar.WorkspaceToolbarViewModelTests" name="SidePanelToggleButtonIsVisible_DependingOnConditions" />
    </UnitTest>
    <UnitTest name="CalculateNewExtent_ShouldLimitExtent_WhenBeyondMaxOnLowerRightEdge" storage="d:\actions-runner\_work\xpco\xpco\allsolutions\..\sc\components\remoteviewer\smartclient\tst\zsmartclient_unittest\bin\x64\debug\net6.0-windows\zsmartclient_unittest.dll" id="eee00570-2c88-ed70-4bff-bb8eb4983fd1">
      <TestCategory>
        <TestCategoryItem TestCategory="MipItemsUpdateStrategy" />
      </TestCategory>
      <Execution id="104597f0-0020-4416-a05b-36e38815678d" />
      <TestMethod codeBase="D:\actions-runner\_work\XPCO\XPCO\AllSolutions\..\SC\Components\RemoteViewer\SmartClient\tst\zSmartClient_UnitTest\bin\x64\Debug\net6.0-windows\zSmartClient_UnitTest.dll" adapterTypeName="executor://mstestadapter/v2" className="SmartClient_UnitTest.VideoOS.RemoteClient.Plugin.GisMap.MIP.MipItemsUpdateStrategyTests" name="CalculateNewExtent_ShouldLimitExtent_WhenBeyondMaxOnLowerRightEdge" />
    </UnitTest>
    <UnitTest name="Connect_WhenMajorServerVersionIs13AndMinorServerVersionIs3_ShouldCreateNewSchClient" storage="d:\actions-runner\_work\xpco\xpco\allsolutions\..\sc\components\remoteviewer\smartclient\tst\zsmartclient_unittest\bin\x64\debug\net6.0-windows\zsmartclient_unittest.dll" id="5a96ab5f-7525-5e8b-4ceb-aece78f169bb">
      <Execution id="e30ffc13-9b6a-4062-8d08-5a30c836fe82" />
      <TestMethod codeBase="D:\actions-runner\_work\XPCO\XPCO\AllSolutions\..\SC\Components\RemoteViewer\SmartClient\tst\zSmartClient_UnitTest\bin\x64\Debug\net6.0-windows\zSmartClient_UnitTest.dll" adapterTypeName="executor://mstestadapter/v2" className="VideoOS.Shared.ServerAPI.ServiceChannel.UnitTest.ServiceChannelCommandServiceTests" name="Connect_WhenMajorServerVersionIs13AndMinorServerVersionIs3_ShouldCreateNewSchClient" />
    </UnitTest>
    <UnitTest name="TestLoadAsync_Success" storage="d:\actions-runner\_work\xpco\xpco\allsolutions\..\sc\components\remoteviewer\smartclient\tst\zsmartclient_unittest\bin\x64\debug\net6.0-windows\zsmartclient_unittest.dll" id="34f71d61-40e4-8716-5c83-5c84a7e66552">
      <TestCategory>
        <TestCategoryItem TestCategory="GisMapBuilding" />
      </TestCategory>
      <Execution id="ca2de2e1-ed28-452a-9d5e-76232c0ce622" />
      <TestMethod codeBase="D:\actions-runner\_work\XPCO\XPCO\AllSolutions\..\SC\Components\RemoteViewer\SmartClient\tst\zSmartClient_UnitTest\bin\x64\Debug\net6.0-windows\zSmartClient_UnitTest.dll" adapterTypeName="executor://mstestadapter/v2" className="SmartClient_UnitTest.VideoOS.RemoteClient.GisMapData.MapBuildings.MapLevelTests" name="TestLoadAsync_Success" />
    </UnitTest>
    <UnitTest name="GetWorkspaceToolbarItems_ShouldReturnCorrectToolbarItemAsVisible_WhenWorkspaceIsDifferentForPlugins" storage="d:\actions-runner\_work\xpco\xpco\allsolutions\..\sc\components\remoteviewer\smartclient\tst\zsmartclient_unittest\bin\x64\debug\net6.0-windows\zsmartclient_unittest.dll" id="fca611f3-84ae-9eb6-8d99-31763ce69bf9">
      <TestCategory>
        <TestCategoryItem TestCategory="WorkspaceToolbar" />
      </TestCategory>
      <Execution id="4128480f-2faa-476f-837c-c28cb4d87b3d" />
      <TestMethod codeBase="D:\actions-runner\_work\XPCO\XPCO\AllSolutions\..\SC\Components\RemoteViewer\SmartClient\tst\zSmartClient_UnitTest\bin\x64\Debug\net6.0-windows\zSmartClient_UnitTest.dll" adapterTypeName="executor://mstestadapter/v2" className="SmartClient_UnitTest.VideoOS.RemoteClient.Application.UI.Content.WorkspaceToolbar.MIPWorkspaceToolbarItemManagerTests" name="GetWorkspaceToolbarItems_ShouldReturnCorrectToolbarItemAsVisible_WhenWorkspaceIsDifferentForPlugins" />
    </UnitTest>
    <UnitTest name="AddToExportTuples_ShouldAddToExportData (0)" storage="d:\actions-runner\_work\xpco\xpco\allsolutions\..\sc\components\remoteviewer\smartclient\tst\zsmartclient_unittest\bin\x64\debug\net6.0-windows\zsmartclient_unittest.dll" id="729824cb-41bb-e743-d160-027404f863b6">
      <TestCategory>
        <TestCategoryItem TestCategory="Managers" />
      </TestCategory>
      <Execution id="c46a45ca-cca1-4494-9014-4d27ec96ae89" />
      <TestMethod codeBase="D:\actions-runner\_work\XPCO\XPCO\AllSolutions\..\SC\Components\RemoteViewer\SmartClient\tst\zSmartClient_UnitTest\bin\x64\Debug\net6.0-windows\zSmartClient_UnitTest.dll" adapterTypeName="executor://mstestadapter/v2" className="SmartClient_UnitTest.VideoOS.RemoteClient.Application.Managers.ExportManagerTests" name="AddToExportTuples_ShouldAddToExportData" />
    </UnitTest>
    <UnitTest name="Search_PreviouslyAddedFilterValueRemoved_SubDefinitionOnlyUsesRemainingFilterValues" storage="d:\actions-runner\_work\xpco\xpco\allsolutions\..\sc\components\remoteviewer\smartclient\tst\zsmartclient_unittest\bin\x64\debug\net6.0-windows\zsmartclient_unittest.dll" id="09064739-d6f3-b35b-43e1-f9b5634afbd3">
      <TestCategory>
        <TestCategoryItem TestCategory="Search" />
      </TestCategory>
      <Execution id="9485892d-59f7-4999-8847-70ce2920ad79" />
      <TestMethod codeBase="D:\actions-runner\_work\XPCO\XPCO\AllSolutions\..\SC\Components\RemoteViewer\SmartClient\tst\zSmartClient_UnitTest\bin\x64\Debug\net6.0-windows\zSmartClient_UnitTest.dll" adapterTypeName="executor://mstestadapter/v2" className="SmartClient_UnitTest.VideoOS.RemoteClient.Plugin.CentralizedSearch.MIPPlugin.CompositeSearchDefinitionTests" name="Search_PreviouslyAddedFilterValueRemoved_SubDefinitionOnlyUsesRemainingFilterValues" />
    </UnitTest>
    <UnitTest name="AddToExportTuples_ShouldReturnCorrectResult (1,1,1)" storage="d:\actions-runner\_work\xpco\xpco\allsolutions\..\sc\components\remoteviewer\smartclient\tst\zsmartclient_unittest\bin\x64\debug\net6.0-windows\zsmartclient_unittest.dll" id="c3caedc7-efe3-78cd-a186-06b5b57b0f65">
      <TestCategory>
        <TestCategoryItem TestCategory="Managers" />
      </TestCategory>
      <Execution id="87ba0cf1-e464-4e1b-98eb-e7b2afac1f91" />
      <TestMethod codeBase="D:\actions-runner\_work\XPCO\XPCO\AllSolutions\..\SC\Components\RemoteViewer\SmartClient\tst\zSmartClient_UnitTest\bin\x64\Debug\net6.0-windows\zSmartClient_UnitTest.dll" adapterTypeName="executor://mstestadapter/v2" className="SmartClient_UnitTest.VideoOS.RemoteClient.Application.Managers.ExportManagerTests" name="AddToExportTuples_ShouldReturnCorrectResult" />
    </UnitTest>
    <UnitTest name="Map_DeleteLayer_ImageLayer_Success" storage="d:\actions-runner\_work\xpco\xpco\allsolutions\..\sc\components\remoteviewer\smartclient\tst\zsmartclient_unittest\bin\x64\debug\net6.0-windows\zsmartclient_unittest.dll" id="f4a81b1f-d65d-e48b-b006-18eab3f2b023">
      <TestCategory>
        <TestCategoryItem TestCategory="GisMapLayers" />
      </TestCategory>
      <Execution id="d931e9ae-7160-4a04-94a0-4d5a6a9a100f" />
      <TestMethod codeBase="D:\actions-runner\_work\XPCO\XPCO\AllSolutions\..\SC\Components\RemoteViewer\SmartClient\tst\zSmartClient_UnitTest\bin\x64\Debug\net6.0-windows\zSmartClient_UnitTest.dll" adapterTypeName="executor://mstestadapter/v2" className="SmartClient_UnitTest.VideoOS.RemoteClient.GisMapData.GisMapLayerTests" name="Map_DeleteLayer_ImageLayer_Success" />
    </UnitTest>
    <UnitTest name="EndSelection_ShouldNotStartInPlaceEditMode_WhenItemIsNotSelected" storage="d:\actions-runner\_work\xpco\xpco\allsolutions\..\sc\components\remoteviewer\smartclient\tst\zsmartclient_unittest\bin\x64\debug\net6.0-windows\zsmartclient_unittest.dll" id="9bd36f2b-bb15-3fec-5cc0-8da29f15f2eb">
      <TestCategory>
        <TestCategoryItem TestCategory="SmartMap.SelectionHelper" />
      </TestCategory>
      <Execution id="88591f0e-15a1-4877-b022-6d12997fa090" />
      <TestMethod codeBase="D:\actions-runner\_work\XPCO\XPCO\AllSolutions\..\SC\Components\RemoteViewer\SmartClient\tst\zSmartClient_UnitTest\bin\x64\Debug\net6.0-windows\zSmartClient_UnitTest.dll" adapterTypeName="executor://mstestadapter/v2" className="SmartClient_UnitTest.VideoOS.RemoteClient.Plugin.GisMap.ThinkGeoMap.SpecializedOverlays.Overlays.SelectionHelperTests" name="EndSelection_ShouldNotStartInPlaceEditMode_WhenItemIsNotSelected" />
    </UnitTest>
    <UnitTest name="GetLayerFeatures_ShouldReturnOutputLayerFeatures_WhenOutputKind" storage="d:\actions-runner\_work\xpco\xpco\allsolutions\..\sc\components\remoteviewer\smartclient\tst\zsmartclient_unittest\bin\x64\debug\net6.0-windows\zsmartclient_unittest.dll" id="2b33b0ae-9699-070c-729a-42132d028501">
      <TestCategory>
        <TestCategoryItem TestCategory="GisMapData.Controllers.LayerFeatures" />
      </TestCategory>
      <Execution id="8e4b5582-cf56-4b71-8ce0-3b5a8c146769" />
      <TestMethod codeBase="D:\actions-runner\_work\XPCO\XPCO\AllSolutions\..\SC\Components\RemoteViewer\SmartClient\tst\zSmartClient_UnitTest\bin\x64\Debug\net6.0-windows\zSmartClient_UnitTest.dll" adapterTypeName="executor://mstestadapter/v2" className="SmartClient_UnitTest.VideoOS.RemoteClient.GisMapData.Controllers.LayerFeatures.LayerFeaturesControllerTests" name="GetLayerFeatures_ShouldReturnOutputLayerFeatures_WhenOutputKind" />
    </UnitTest>
    <UnitTest name="MainScopeTitleMaxWidthConverter_ConvertSuccess" storage="d:\actions-runner\_work\xpco\xpco\allsolutions\..\sc\components\remoteviewer\smartclient\tst\zsmartclient_unittest\bin\x64\debug\net6.0-windows\zsmartclient_unittest.dll" id="b875a004-85a0-61f0-5a06-f872b9bf4ce4">
      <TestCategory>
        <TestCategoryItem TestCategory="SearchConverter" />
      </TestCategory>
      <Execution id="e590728e-eb15-452b-b2ba-cfa1e8399fbb" />
      <TestMethod codeBase="D:\actions-runner\_work\XPCO\XPCO\AllSolutions\..\SC\Components\RemoteViewer\SmartClient\tst\zSmartClient_UnitTest\bin\x64\Debug\net6.0-windows\zSmartClient_UnitTest.dll" adapterTypeName="executor://mstestadapter/v2" className="SmartClient_UnitTest.VideoOS.RemoteClient.Plugin.CentralizedSearch.Views.Converters.MainScopeTitleMaxWidthConverterTests" name="MainScopeTitleMaxWidthConverter_ConvertSuccess" />
    </UnitTest>
    <UnitTest name="Warning_Shown_When_Reducing_Protection_Expiry" storage="d:\actions-runner\_work\xpco\xpco\allsolutions\..\sc\components\remoteviewer\smartclient\tst\zsmartclient_unittest\bin\x64\debug\net6.0-windows\zsmartclient_unittest.dll" id="0b44e872-d464-60e7-3348-83243bc0d155">
      <Execution id="67eec4fe-14f6-4891-aea2-c99577a76172" />
      <TestMethod codeBase="D:\actions-runner\_work\XPCO\XPCO\AllSolutions\..\SC\Components\RemoteViewer\SmartClient\tst\zSmartClient_UnitTest\bin\x64\Debug\net6.0-windows\zSmartClient_UnitTest.dll" adapterTypeName="executor://mstestadapter/v2" className="SmartClient_UnitTest.VideoOS.RemoteClient.Application.Components.EvidenceLock.EvidenceLockCreateEditTests" name="Warning_Shown_When_Reducing_Protection_Expiry" />
    </UnitTest>
    <UnitTest name="Constructor_ShouldRaiseArgumentNullException_WhenLoggerIsNull" storage="d:\actions-runner\_work\xpco\xpco\allsolutions\..\sc\components\remoteviewer\smartclient\tst\zsmartclient_unittest\bin\x64\debug\net6.0-windows\zsmartclient_unittest.dll" id="88c2b0d8-15cc-99cf-0786-93c215c0f665">
      <TestCategory>
        <TestCategoryItem TestCategory="GisMapAudioController" />
      </TestCategory>
      <Execution id="13988038-524e-42ed-a506-ed78ce6ca79c" />
      <TestMethod codeBase="D:\actions-runner\_work\XPCO\XPCO\AllSolutions\..\SC\Components\RemoteViewer\SmartClient\tst\zSmartClient_UnitTest\bin\x64\Debug\net6.0-windows\zSmartClient_UnitTest.dll" adapterTypeName="executor://mstestadapter/v2" className="SmartClient_UnitTest.VideoOS.RemoteClient.GisMapData.GisMapAudioControllerTests" name="Constructor_ShouldRaiseArgumentNullException_WhenLoggerIsNull" />
    </UnitTest>
    <UnitTest name="TestForAssemblyCoverage" storage="d:\actions-runner\_work\xpco\xpco\allsolutions\..\sc\components\remoteviewer\smartclient\tst\zsmartclient_unittest\bin\x64\debug\net6.0-windows\zsmartclient_unittest.dll" id="4a5dc23b-ffe3-e948-472d-9d60d6e22bd4">
      <Execution id="701a5652-efd7-403f-ab52-37854c4a4cb1" />
      <TestMethod codeBase="D:\actions-runner\_work\XPCO\XPCO\AllSolutions\..\SC\Components\RemoteViewer\SmartClient\tst\zSmartClient_UnitTest\bin\x64\Debug\net6.0-windows\zSmartClient_UnitTest.dll" adapterTypeName="executor://mstestadapter/v2" className="SmartClient_UnitTest.VideoOS.RemoteClient.VMOData.UnitTest1" name="TestForAssemblyCoverage" />
    </UnitTest>
    <UnitTest name="OnSizeChanged_PluginButtonsPresentInActionBar_PluginButtonsMovedToOverflowMenu" storage="d:\actions-runner\_work\xpco\xpco\allsolutions\..\sc\components\remoteviewer\smartclient\tst\zsmartclient_unittest\bin\x64\debug\net6.0-windows\zsmartclient_unittest.dll" id="f50ada7c-d947-8c69-ca9d-bb57a8cda16a">
      <TestCategory>
        <TestCategoryItem TestCategory="SearchViews" />
      </TestCategory>
      <Execution id="0221fb9f-2ffc-4738-b1bd-5178a186126d" />
      <TestMethod codeBase="D:\actions-runner\_work\XPCO\XPCO\AllSolutions\..\SC\Components\RemoteViewer\SmartClient\tst\zSmartClient_UnitTest\bin\x64\Debug\net6.0-windows\zSmartClient_UnitTest.dll" adapterTypeName="executor://mstestadapter/v2" className="SmartClient_UnitTest.VideoOS.RemoteClient.Plugin.CentralizedSearch.Views.SearchResultActionBarViewTests" name="OnSizeChanged_PluginButtonsPresentInActionBar_PluginButtonsMovedToOverflowMenu" />
    </UnitTest>
    <UnitTest name="Constructor_ShouldRaiseArgumentNullException_WhenGisMapViewModelIsNull" storage="d:\actions-runner\_work\xpco\xpco\allsolutions\..\sc\components\remoteviewer\smartclient\tst\zsmartclient_unittest\bin\x64\debug\net6.0-windows\zsmartclient_unittest.dll" id="d971de1e-b31f-31c2-fa67-f30dd423d56b">
      <TestCategory>
        <TestCategoryItem TestCategory="GisMap.LayerVisibilityViewModelTests" />
      </TestCategory>
      <Execution id="245f1326-9e41-48a0-a2f0-aa8b19c394c8" />
      <TestMethod codeBase="D:\actions-runner\_work\XPCO\XPCO\AllSolutions\..\SC\Components\RemoteViewer\SmartClient\tst\zSmartClient_UnitTest\bin\x64\Debug\net6.0-windows\zSmartClient_UnitTest.dll" adapterTypeName="executor://mstestadapter/v2" className="SmartClient_UnitTest.VideoOS.RemoteClient.Plugin.GisMap.ViewModels.LayerVisibilityViewModelTests" name="Constructor_ShouldRaiseArgumentNullException_WhenGisMapViewModelIsNull" />
    </UnitTest>
    <UnitTest name="Constructor_ShouldRaiseArgumentNullException_WhenGisMapModelIsNull" storage="d:\actions-runner\_work\xpco\xpco\allsolutions\..\sc\components\remoteviewer\smartclient\tst\zsmartclient_unittest\bin\x64\debug\net6.0-windows\zsmartclient_unittest.dll" id="80316af5-ff8d-d096-8b7d-158b3853fd75">
      <TestCategory>
        <TestCategoryItem TestCategory="GisMap.Handlers.Devices.MapItems" />
      </TestCategory>
      <Execution id="90de8286-a5ce-44bf-b673-d10c344d7979" />
      <TestMethod codeBase="D:\actions-runner\_work\XPCO\XPCO\AllSolutions\..\SC\Components\RemoteViewer\SmartClient\tst\zSmartClient_UnitTest\bin\x64\Debug\net6.0-windows\zSmartClient_UnitTest.dll" adapterTypeName="executor://mstestadapter/v2" className="SmartClient_UnitTest.VideoOS.RemoteClient.Plugin.GisMap.Handlers.Devices.MapItems.CameraDataHandlerTests" name="Constructor_ShouldRaiseArgumentNullException_WhenGisMapModelIsNull" />
    </UnitTest>
    <UnitTest name="Parse_TwelveHours_Success" storage="d:\actions-runner\_work\xpco\xpco\allsolutions\..\sc\components\remoteviewer\smartclient\tst\zsmartclient_unittest\bin\x64\debug\net6.0-windows\zsmartclient_unittest.dll" id="24de239e-634e-94d1-f05a-2dd6d4c77c91">
      <TestCategory>
        <TestCategoryItem TestCategory="Search" />
      </TestCategory>
      <Execution id="c1ab92d7-5e54-4c0a-b2de-d0187dc8dc3d" />
      <TestMethod codeBase="D:\actions-runner\_work\XPCO\XPCO\AllSolutions\..\SC\Components\RemoteViewer\SmartClient\tst\zSmartClient_UnitTest\bin\x64\Debug\net6.0-windows\zSmartClient_UnitTest.dll" adapterTypeName="executor://mstestadapter/v2" className="SmartClient_UnitTest.VideoOS.RemoteClient.Plugin.CentralizedSearch.Models.ScopeDurationTests" name="Parse_TwelveHours_Success" />
    </UnitTest>
    <UnitTest name="MotionAreaInfosDto_ShouldYieldSameValues_WhenRoundTripConverted" storage="d:\actions-runner\_work\xpco\xpco\allsolutions\..\sc\components\remoteviewer\smartclient\tst\zsmartclient_unittest\bin\x64\debug\net6.0-windows\zsmartclient_unittest.dll" id="5479df44-d54f-1884-c573-5213e20618b0">
      <TestCategory>
        <TestCategoryItem TestCategory="RecorderProxyToDtoMapping" />
      </TestCategory>
      <Execution id="4de13cd7-a4b5-4bbb-8582-5e8532b6d481" />
      <TestMethod codeBase="D:\actions-runner\_work\XPCO\XPCO\AllSolutions\..\SC\Components\RemoteViewer\SmartClient\tst\zSmartClient_UnitTest\bin\x64\Debug\net6.0-windows\zSmartClient_UnitTest.dll" adapterTypeName="executor://mstestadapter/v2" className="VideoOS.Shared.ServerAPI.SOAP.RecorderClientMappingTests" name="MotionAreaInfosDto_ShouldYieldSameValues_WhenRoundTripConverted" />
    </UnitTest>
    <UnitTest name="SearchResultsActionBarActions_Export_Exists" storage="d:\actions-runner\_work\xpco\xpco\allsolutions\..\sc\components\remoteviewer\smartclient\tst\zsmartclient_unittest\bin\x64\debug\net6.0-windows\zsmartclient_unittest.dll" id="74bce2b8-452d-5f85-d604-2ca1701607c3">
      <TestCategory>
        <TestCategoryItem TestCategory="SearchResultActionBarViewModel" />
      </TestCategory>
      <Execution id="7a03dd69-13e8-421a-b474-4f4b59742ea3" />
      <TestMethod codeBase="D:\actions-runner\_work\XPCO\XPCO\AllSolutions\..\SC\Components\RemoteViewer\SmartClient\tst\zSmartClient_UnitTest\bin\x64\Debug\net6.0-windows\zSmartClient_UnitTest.dll" adapterTypeName="executor://mstestadapter/v2" className="SmartClient_UnitTest.VideoOS.RemoteClient.Plugin.CentralizedSearch.ViewModels.SearchResultsActionBarViewModelTest" name="SearchResultsActionBarActions_Export_Exists" />
    </UnitTest>
    <UnitTest name="CreateDefinition_ModelReturnsNullDefinition_ReturnsNull" storage="d:\actions-runner\_work\xpco\xpco\allsolutions\..\sc\components\remoteviewer\smartclient\tst\zsmartclient_unittest\bin\x64\debug\net6.0-windows\zsmartclient_unittest.dll" id="401d2e62-9623-23c2-8f1c-f70d5a6debc1">
      <TestCategory>
        <TestCategoryItem TestCategory="SearchModels" />
      </TestCategory>
      <Execution id="55953011-709f-49c5-a61d-23d7ba77b1b0" />
      <TestMethod codeBase="D:\actions-runner\_work\XPCO\XPCO\AllSolutions\..\SC\Components\RemoteViewer\SmartClient\tst\zSmartClient_UnitTest\bin\x64\Debug\net6.0-windows\zSmartClient_UnitTest.dll" adapterTypeName="executor://mstestadapter/v2" className="SmartClient_UnitTest.VideoOS.RemoteClient.Plugin.CentralizedSearch.Models.SearchModelTests" name="CreateDefinition_ModelReturnsNullDefinition_ReturnsNull" />
    </UnitTest>
    <UnitTest name="GetUserOptions_ShouldDecryptOptions_WhenServerIs2020R2OrOlder" storage="d:\actions-runner\_work\xpco\xpco\allsolutions\..\sc\components\remoteviewer\smartclient\tst\zsmartclient_unittest\bin\x64\debug\net6.0-windows\zsmartclient_unittest.dll" id="9a8b0630-7fe0-b955-d569-785b1cb3be21">
      <TestCategory>
        <TestCategoryItem TestCategory="Managers" />
      </TestCategory>
      <Execution id="3b20333a-a70d-429a-9ad2-544ba8d857c6" />
      <TestMethod codeBase="D:\actions-runner\_work\XPCO\XPCO\AllSolutions\..\SC\Components\RemoteViewer\SmartClient\tst\zSmartClient_UnitTest\bin\x64\Debug\net6.0-windows\zSmartClient_UnitTest.dll" adapterTypeName="executor://mstestadapter/v2" className="SmartClient_UnitTest.VideoOS.RemoteClient.Application.Managers.OptionManagerTests" name="GetUserOptions_ShouldDecryptOptions_WhenServerIs2020R2OrOlder" />
    </UnitTest>
    <UnitTest name="DetermineUserAllowsUnsecureConnection_WhereUserIsAskedAndChoiceIsSaved_ShouldCallLoginManager" storage="d:\actions-runner\_work\xpco\xpco\allsolutions\..\sc\components\remoteviewer\smartclient\tst\zsmartclient_unittest\bin\x64\debug\net6.0-windows\zsmartclient_unittest.dll" id="c90acf43-beb9-9440-08e2-aeffc5687d1e">
      <Execution id="e2dfe524-4931-4ce9-8ca5-e8379d429ca7" />
      <TestMethod codeBase="D:\actions-runner\_work\XPCO\XPCO\AllSolutions\..\SC\Components\RemoteViewer\SmartClient\tst\zSmartClient_UnitTest\bin\x64\Debug\net6.0-windows\zSmartClient_UnitTest.dll" adapterTypeName="executor://mstestadapter/v2" className="VideoOS.RemoteClient.Application.Managers.UnitTest.AllowUnsecureConnectionManagerTests" name="DetermineUserAllowsUnsecureConnection_WhereUserIsAskedAndChoiceIsSaved_ShouldCallLoginManager" />
    </UnitTest>
    <UnitTest name="ShouldReturnTrueWhenLevelChanged" storage="d:\actions-runner\_work\xpco\xpco\allsolutions\..\sc\components\remoteviewer\smartclient\tst\zsmartclient_unittest\bin\x64\debug\net6.0-windows\zsmartclient_unittest.dll" id="14375da6-0c80-56ea-8d0d-fd5af8584025">
      <TestCategory>
        <TestCategoryItem TestCategory="MipItemsUpdateStrategy" />
      </TestCategory>
      <Execution id="e19487c2-0a6a-4364-9457-187ee07507bb" />
      <TestMethod codeBase="D:\actions-runner\_work\XPCO\XPCO\AllSolutions\..\SC\Components\RemoteViewer\SmartClient\tst\zSmartClient_UnitTest\bin\x64\Debug\net6.0-windows\zSmartClient_UnitTest.dll" adapterTypeName="executor://mstestadapter/v2" className="SmartClient_UnitTest.VideoOS.RemoteClient.Plugin.GisMap.MIP.MipItemsUpdateStrategyTests" name="ShouldReturnTrueWhenLevelChanged" />
    </UnitTest>
    <UnitTest name="GetUnmutedMicrophoneIconId_ShouldRaiseArgumentException_WhenArgumentIsNotAMutedMicrophoneIconId" storage="d:\actions-runner\_work\xpco\xpco\allsolutions\..\sc\components\remoteviewer\smartclient\tst\zsmartclient_unittest\bin\x64\debug\net6.0-windows\zsmartclient_unittest.dll" id="fd527641-542a-2899-2dcd-c9ca191cdf52">
      <TestCategory>
        <TestCategoryItem TestCategory="GisMapData.MicrophoneOemResourcesProviderTests" />
      </TestCategory>
      <Execution id="2c7b9113-7393-4e29-b67f-b4b6669790ab" />
      <TestMethod codeBase="D:\actions-runner\_work\XPCO\XPCO\AllSolutions\..\SC\Components\RemoteViewer\SmartClient\tst\zSmartClient_UnitTest\bin\x64\Debug\net6.0-windows\zSmartClient_UnitTest.dll" adapterTypeName="executor://mstestadapter/v2" className="SmartClient_UnitTest.VideoOS.RemoteClient.GisMapData.Resources.MicrophoneOemResourcesProviderTests" name="GetUnmutedMicrophoneIconId_ShouldRaiseArgumentException_WhenArgumentIsNotAMutedMicrophoneIconId" />
    </UnitTest>
    <UnitTest name="Constructor_ShouldRaiseArgumentNullException_WhenLayersIsNull" storage="d:\actions-runner\_work\xpco\xpco\allsolutions\..\sc\components\remoteviewer\smartclient\tst\zsmartclient_unittest\bin\x64\debug\net6.0-windows\zsmartclient_unittest.dll" id="f56fd28f-91dc-8b5a-3f0d-995472c1fd21">
      <TestCategory>
        <TestCategoryItem TestCategory="GisMapData.Handlers.LayerFeatures" />
      </TestCategory>
      <Execution id="575e89f8-b2c9-4fb7-a057-b8db3ff6155f" />
      <TestMethod codeBase="D:\actions-runner\_work\XPCO\XPCO\AllSolutions\..\SC\Components\RemoteViewer\SmartClient\tst\zSmartClient_UnitTest\bin\x64\Debug\net6.0-windows\zSmartClient_UnitTest.dll" adapterTypeName="executor://mstestadapter/v2" className="SmartClient_UnitTest.VideoOS.RemoteClient.GisMapData.Handlers.LayerFeatures.MicrophoneLayerFeaturesHandlerTests" name="Constructor_ShouldRaiseArgumentNullException_WhenLayersIsNull" />
    </UnitTest>
    <UnitTest name="Decorate_ShouldNotRaiseMoreThanOneWindowMouseDownEvent_WhenCalledMultipleTimes" storage="d:\actions-runner\_work\xpco\xpco\allsolutions\..\sc\components\remoteviewer\smartclient\tst\zsmartclient_unittest\bin\x64\debug\net6.0-windows\zsmartclient_unittest.dll" id="425d7941-e1e0-5212-c622-83e7ab8c692e">
      <TestCategory>
        <TestCategoryItem TestCategory="GisMap.WindowsBases" />
      </TestCategory>
      <Execution id="9f1a12e2-dd61-46a9-a09a-536734c466c5" />
      <TestMethod codeBase="D:\actions-runner\_work\XPCO\XPCO\AllSolutions\..\SC\Components\RemoteViewer\SmartClient\tst\zSmartClient_UnitTest\bin\x64\Debug\net6.0-windows\zSmartClient_UnitTest.dll" adapterTypeName="executor://mstestadapter/v2" className="SmartClient_UnitTest.VideoOS.RemoteClient.Plugin.GisMap.Windows.Bases.DragWindowDecoratorTests" name="Decorate_ShouldNotRaiseMoreThanOneWindowMouseDownEvent_WhenCalledMultipleTimes" />
    </UnitTest>
    <UnitTest name="AddSelectedWindowsToExport_ShouldShowCorrectToastMessages (1,0,1)" storage="d:\actions-runner\_work\xpco\xpco\allsolutions\..\sc\components\remoteviewer\smartclient\tst\zsmartclient_unittest\bin\x64\debug\net6.0-windows\zsmartclient_unittest.dll" id="cf94cc5e-3853-d775-7ab9-b0e9c7ff54bd">
      <TestCategory>
        <TestCategoryItem TestCategory="Managers" />
      </TestCategory>
      <Execution id="651a34ee-401b-4883-98dd-363806b8fa4e" />
      <TestMethod codeBase="D:\actions-runner\_work\XPCO\XPCO\AllSolutions\..\SC\Components\RemoteViewer\SmartClient\tst\zSmartClient_UnitTest\bin\x64\Debug\net6.0-windows\zSmartClient_UnitTest.dll" adapterTypeName="executor://mstestadapter/v2" className="SmartClient_UnitTest.VideoOS.RemoteClient.Application.Managers.ExportManagerTests" name="AddSelectedWindowsToExport_ShouldShowCorrectToastMessages" />
    </UnitTest>
    <UnitTest name="PatrollingProfileViewModelTest_patrollingProfileViewModel_PropertyChanged" storage="d:\actions-runner\_work\xpco\xpco\allsolutions\..\sc\components\remoteviewer\smartclient\tst\zsmartclient_unittest\bin\x64\debug\net6.0-windows\zsmartclient_unittest.dll" id="c1d7928e-75c0-4c88-3fea-e132fd775b5e">
      <Execution id="f6b53946-592f-47ce-873d-cdbd903af5c4" />
      <TestMethod codeBase="D:\actions-runner\_work\XPCO\XPCO\AllSolutions\..\SC\Components\RemoteViewer\SmartClient\tst\zSmartClient_UnitTest\bin\x64\Debug\net6.0-windows\zSmartClient_UnitTest.dll" adapterTypeName="executor://mstestadapter/v2" className="SmartClient_UnitTest.VideoOS.RemoteClient.Application.UI.PtzPreset.PatrollingViewModel.PatrollingProfileListViewModelTest" name="PatrollingProfileViewModelTest_patrollingProfileViewModel_PropertyChanged" />
    </UnitTest>
    <UnitTest name="AddClientId_WhereClientIsNull_ThrowException" storage="d:\actions-runner\_work\xpco\xpco\allsolutions\..\sc\components\remoteviewer\smartclient\tst\zsmartclient_unittest\bin\x64\debug\net6.0-windows\zsmartclient_unittest.dll" id="f5cc9535-b7e6-daa3-8b93-880b7a1798ad">
      <Execution id="a29fd271-266e-47d2-a186-9dd68b47c079" />
      <TestMethod codeBase="D:\actions-runner\_work\XPCO\XPCO\AllSolutions\..\SC\Components\RemoteViewer\SmartClient\tst\zSmartClient_UnitTest\bin\x64\Debug\net6.0-windows\zSmartClient_UnitTest.dll" adapterTypeName="executor://mstestadapter/v2" className="SmartClient_UnitTest.VideoOS.RemoteClient.Plugin.GisMap.Utilities.GoogleApiUrlTest" name="AddClientId_WhereClientIsNull_ThrowException" />
    </UnitTest>
    <UnitTest name="WorkspaceToolBarItemEvidenceLockCreate_ShouldGoIntoSelectionMode_WhenNotInSelectionMode" storage="d:\actions-runner\_work\xpco\xpco\allsolutions\..\sc\components\remoteviewer\smartclient\tst\zsmartclient_unittest\bin\x64\debug\net6.0-windows\zsmartclient_unittest.dll" id="00898047-0053-d119-5ff1-919a14dc0313">
      <Execution id="d07dedfe-3386-47d4-abf9-a8c957ffab07" />
      <TestMethod codeBase="D:\actions-runner\_work\XPCO\XPCO\AllSolutions\..\SC\Components\RemoteViewer\SmartClient\tst\zSmartClient_UnitTest\bin\x64\Debug\net6.0-windows\zSmartClient_UnitTest.dll" adapterTypeName="executor://mstestadapter/v2" className="SmartClient_UnitTest.VideoOS.RemoteClient.Application.Data.WorkspaceToolbar.WorkspaceToolbarItemsTimelineSelectionModeTests" name="WorkspaceToolBarItemEvidenceLockCreate_ShouldGoIntoSelectionMode_WhenNotInSelectionMode" />
    </UnitTest>
    <UnitTest name="RetrievalTestStopping" storage="d:\actions-runner\_work\xpco\xpco\allsolutions\..\sc\components\remoteviewer\smartclient\tst\zsmartclient_unittest\bin\x64\debug\net6.0-windows\zsmartclient_unittest.dll" id="93ea4899-517e-c6f1-21bb-544e5f026df8">
      <Execution id="f7edc4c3-97af-4f1f-aa96-116d616c304c" />
      <TestMethod codeBase="D:\actions-runner\_work\XPCO\XPCO\AllSolutions\..\SC\Components\RemoteViewer\SmartClient\tst\zSmartClient_UnitTest\bin\x64\Debug\net6.0-windows\zSmartClient_UnitTest.dll" adapterTypeName="executor://mstestadapter/v2" className="SmartClient_UnitTest.VideoOS.RemoteClient.Application.Managers.EdgeRetrievalTaskManagerUnitTest" name="RetrievalTestStopping" />
    </UnitTest>
    <UnitTest name="SidePanelToggleButtonIsVisible_DependingOnConditions (Normal,True,False,True)" storage="d:\actions-runner\_work\xpco\xpco\allsolutions\..\sc\components\remoteviewer\smartclient\tst\zsmartclient_unittest\bin\x64\debug\net6.0-windows\zsmartclient_unittest.dll" id="350c59fa-eaf2-6336-6861-38da01aa1d5e">
      <TestCategory>
        <TestCategoryItem TestCategory="WorkspaceToolbar" />
      </TestCategory>
      <Execution id="20414ee7-cbf6-463f-b4a2-ed59c8724973" />
      <TestMethod codeBase="D:\actions-runner\_work\XPCO\XPCO\AllSolutions\..\SC\Components\RemoteViewer\SmartClient\tst\zSmartClient_UnitTest\bin\x64\Debug\net6.0-windows\zSmartClient_UnitTest.dll" adapterTypeName="executor://mstestadapter/v2" className="SmartClient_UnitTest.VideoOS.RemoteClient.Application.UI.Content.WorkspaceToolbar.WorkspaceToolbarViewModelTests" name="SidePanelToggleButtonIsVisible_DependingOnConditions" />
    </UnitTest>
    <UnitTest name="OnMarkerSelected_ShouldSelectMarker_WhenNoExistingSelectionAndAddToSelectionIsTrue" storage="d:\actions-runner\_work\xpco\xpco\allsolutions\..\sc\components\remoteviewer\smartclient\tst\zsmartclient_unittest\bin\x64\debug\net6.0-windows\zsmartclient_unittest.dll" id="c34f42eb-c62c-cd70-fefe-eae8d43a9ea6">
      <TestCategory>
        <TestCategoryItem TestCategory="SmartMap.SelectionHelper" />
      </TestCategory>
      <Execution id="d569d33f-b091-412d-a678-de2ecd985b45" />
      <TestMethod codeBase="D:\actions-runner\_work\XPCO\XPCO\AllSolutions\..\SC\Components\RemoteViewer\SmartClient\tst\zSmartClient_UnitTest\bin\x64\Debug\net6.0-windows\zSmartClient_UnitTest.dll" adapterTypeName="executor://mstestadapter/v2" className="SmartClient_UnitTest.VideoOS.RemoteClient.Plugin.GisMap.ThinkGeoMap.SpecializedOverlays.Overlays.SelectionHelperTests" name="OnMarkerSelected_ShouldSelectMarker_WhenNoExistingSelectionAndAddToSelectionIsTrue" />
    </UnitTest>
    <UnitTest name="DeviceIcons_ShouldHaveTenElements_WhenCalled" storage="d:\actions-runner\_work\xpco\xpco\allsolutions\..\sc\components\remoteviewer\smartclient\tst\zsmartclient_unittest\bin\x64\debug\net6.0-windows\zsmartclient_unittest.dll" id="ef4e21c0-7da5-c60c-260f-ced0773f5f69">
      <TestCategory>
        <TestCategoryItem TestCategory="GisMapData.CameraOemResourcesProviderTests" />
      </TestCategory>
      <Execution id="1ee2af2e-54d1-4924-8918-6b6613d36716" />
      <TestMethod codeBase="D:\actions-runner\_work\XPCO\XPCO\AllSolutions\..\SC\Components\RemoteViewer\SmartClient\tst\zSmartClient_UnitTest\bin\x64\Debug\net6.0-windows\zSmartClient_UnitTest.dll" adapterTypeName="executor://mstestadapter/v2" className="SmartClient_UnitTest.VideoOS.RemoteClient.GisMapData.Resources.CameraOemResourcesProviderTests" name="DeviceIcons_ShouldHaveTenElements_WhenCalled" />
    </UnitTest>
    <UnitTest name="Compare_SameBeginTimeDeterministicBehavior_Id_Success" storage="d:\actions-runner\_work\xpco\xpco\allsolutions\..\sc\components\remoteviewer\smartclient\tst\zsmartclient_unittest\bin\x64\debug\net6.0-windows\zsmartclient_unittest.dll" id="b7e67eb3-5e37-470d-ad59-462ac69a420c">
      <TestCategory>
        <TestCategoryItem TestCategory="SearchComparers" />
      </TestCategory>
      <Execution id="68687f6d-b4bf-4718-a701-0fd0d087d594" />
      <TestMethod codeBase="D:\actions-runner\_work\XPCO\XPCO\AllSolutions\..\SC\Components\RemoteViewer\SmartClient\tst\zSmartClient_UnitTest\bin\x64\Debug\net6.0-windows\zSmartClient_UnitTest.dll" adapterTypeName="executor://mstestadapter/v2" className="SmartClient_UnitTest.VideoOS.RemoteClient.Plugin.CentralizedSearch.Models.Wrappers.Comparers.BeginTimeWithPaddingComparerTests" name="Compare_SameBeginTimeDeterministicBehavior_Id_Success" />
    </UnitTest>
    <UnitTest name="PopulateTooltip_HoverOverEmpty_TooltipIsEmpty" storage="d:\actions-runner\_work\xpco\xpco\allsolutions\..\sc\components\remoteviewer\smartclient\tst\zsmartclient_unittest\bin\x64\debug\net6.0-windows\zsmartclient_unittest.dll" id="526844e8-d693-bdcc-23f1-06de8a485eea">
      <TestCategory>
        <TestCategoryItem TestCategory="SearchControls" />
      </TestCategory>
      <Execution id="76254128-66d0-4f3b-a40f-1e916a16471e" />
      <TestMethod codeBase="D:\actions-runner\_work\XPCO\XPCO\AllSolutions\..\SC\Components\RemoteViewer\SmartClient\tst\zSmartClient_UnitTest\bin\x64\Debug\net6.0-windows\zSmartClient_UnitTest.dll" adapterTypeName="executor://mstestadapter/v2" className="SmartClient_UnitTest.VideoOS.RemoteClient.Plugin.CentralizedSearch.Views.Controls.TimelineRuler.TimelineRulerControlTests" name="PopulateTooltip_HoverOverEmpty_TooltipIsEmpty" />
    </UnitTest>
    <UnitTest name="SelectTemplate_ListSelectionFilterConfiguration_ThreeOrMoreItems_ReturnsPopupTemplate" storage="d:\actions-runner\_work\xpco\xpco\allsolutions\..\sc\components\remoteviewer\smartclient\tst\zsmartclient_unittest\bin\x64\debug\net6.0-windows\zsmartclient_unittest.dll" id="bb4bb142-b438-3655-29db-1dd962632a41">
      <TestCategory>
        <TestCategoryItem TestCategory="SearchViews" />
      </TestCategory>
      <Execution id="e07c4914-5ee2-42cb-b551-87a2035d4534" />
      <TestMethod codeBase="D:\actions-runner\_work\XPCO\XPCO\AllSolutions\..\SC\Components\RemoteViewer\SmartClient\tst\zSmartClient_UnitTest\bin\x64\Debug\net6.0-windows\zSmartClient_UnitTest.dll" adapterTypeName="executor://mstestadapter/v2" className="SmartClient_UnitTest.VideoOS.RemoteClient.Plugin.CentralizedSearch.Views.AttributeEditControlTemplateSelectorTests" name="SelectTemplate_ListSelectionFilterConfiguration_ThreeOrMoreItems_ReturnsPopupTemplate" />
    </UnitTest>
    <UnitTest name="No_warning_when_removing_camera_with_unrelated_device_with_no_update_rights" storage="d:\actions-runner\_work\xpco\xpco\allsolutions\..\sc\components\remoteviewer\smartclient\tst\zsmartclient_unittest\bin\x64\debug\net6.0-windows\zsmartclient_unittest.dll" id="51b24619-a3ed-9418-8456-52beb88978c3">
      <Execution id="eb59c3eb-9f12-41d3-87f9-50672f4777fc" />
      <TestMethod codeBase="D:\actions-runner\_work\XPCO\XPCO\AllSolutions\..\SC\Components\RemoteViewer\SmartClient\tst\zSmartClient_UnitTest\bin\x64\Debug\net6.0-windows\zSmartClient_UnitTest.dll" adapterTypeName="executor://mstestadapter/v2" className="SmartClient_UnitTest.VideoOS.RemoteClient.Application.Components.EvidenceLock.EvidenceLockRelatedDeviceRightsTests" name="No_warning_when_removing_camera_with_unrelated_device_with_no_update_rights" />
    </UnitTest>
    <UnitTest name="SearchResultsActionBarActions_AddBookmark_Enabled" storage="d:\actions-runner\_work\xpco\xpco\allsolutions\..\sc\components\remoteviewer\smartclient\tst\zsmartclient_unittest\bin\x64\debug\net6.0-windows\zsmartclient_unittest.dll" id="bbaeb53f-2674-b2c2-8841-ab6f6884b997">
      <TestCategory>
        <TestCategoryItem TestCategory="SearchResultActionBarViewModel" />
      </TestCategory>
      <Execution id="2cade3d4-a0c2-43ba-b56b-afb28bfe1e98" />
      <TestMethod codeBase="D:\actions-runner\_work\XPCO\XPCO\AllSolutions\..\SC\Components\RemoteViewer\SmartClient\tst\zSmartClient_UnitTest\bin\x64\Debug\net6.0-windows\zSmartClient_UnitTest.dll" adapterTypeName="executor://mstestadapter/v2" className="SmartClient_UnitTest.VideoOS.RemoteClient.Plugin.CentralizedSearch.ViewModels.SearchResultsActionBarViewModelTest" name="SearchResultsActionBarActions_AddBookmark_Enabled" />
    </UnitTest>
    <UnitTest name="NearestPossibleZoomLevel_ShouldReturnZoomLevel3_WhenScaleIsGreaterThanZoomlevel3" storage="d:\actions-runner\_work\xpco\xpco\allsolutions\..\sc\components\remoteviewer\smartclient\tst\zsmartclient_unittest\bin\x64\debug\net6.0-windows\zsmartclient_unittest.dll" id="3f5e157c-fd88-4f5a-fa14-5f5e1b9a695a">
      <TestCategory>
        <TestCategoryItem TestCategory="MapExtentManager" />
      </TestCategory>
      <Execution id="16ff8721-704e-4974-9337-0befe54f30c9" />
      <TestMethod codeBase="D:\actions-runner\_work\XPCO\XPCO\AllSolutions\..\SC\Components\RemoteViewer\SmartClient\tst\zSmartClient_UnitTest\bin\x64\Debug\net6.0-windows\zSmartClient_UnitTest.dll" adapterTypeName="executor://mstestadapter/v2" className="SmartClient_UnitTest.VideoOS.RemoteClient.Plugin.GisMap.ThinkGeoMap.Settings.ThinkGeoMapExtentManagerTests" name="NearestPossibleZoomLevel_ShouldReturnZoomLevel3_WhenScaleIsGreaterThanZoomlevel3" />
    </UnitTest>
    <UnitTest name="ConnectSlave_SucceedeInConnectingAndAllowingSecureConnection_ShouldReturnTrueAndAValidUrl" storage="d:\actions-runner\_work\xpco\xpco\allsolutions\..\sc\components\remoteviewer\smartclient\tst\zsmartclient_unittest\bin\x64\debug\net6.0-windows\zsmartclient_unittest.dll" id="27a95cc0-3e4b-dbea-fc7f-0563168b8940">
      <Execution id="55fb08b3-14bb-401a-a9c8-8b9d91fc0bc8" />
      <TestMethod codeBase="D:\actions-runner\_work\XPCO\XPCO\AllSolutions\..\SC\Components\RemoteViewer\SmartClient\tst\zSmartClient_UnitTest\bin\x64\Debug\net6.0-windows\zSmartClient_UnitTest.dll" adapterTypeName="executor://mstestadapter/v2" className="VideoOS.Shared.ServerAPI.VMOViewerClientFacade.UnitTest.VMOViewerClientFacadeTests" name="ConnectSlave_SucceedeInConnectingAndAllowingSecureConnection_ShouldReturnTrueAndAValidUrl" />
    </UnitTest>
    <UnitTest name="Compare_Descending_Success" storage="d:\actions-runner\_work\xpco\xpco\allsolutions\..\sc\components\remoteviewer\smartclient\tst\zsmartclient_unittest\bin\x64\debug\net6.0-windows\zsmartclient_unittest.dll" id="9cc6be48-d93e-7fa9-ac2d-151cc03c3ec0">
      <TestCategory>
        <TestCategoryItem TestCategory="SearchComparers" />
      </TestCategory>
      <Execution id="1894a625-515e-4644-81d1-ba5530e6ad58" />
      <TestMethod codeBase="D:\actions-runner\_work\XPCO\XPCO\AllSolutions\..\SC\Components\RemoteViewer\SmartClient\tst\zSmartClient_UnitTest\bin\x64\Debug\net6.0-windows\zSmartClient_UnitTest.dll" adapterTypeName="executor://mstestadapter/v2" className="SmartClient_UnitTest.VideoOS.RemoteClient.Plugin.CentralizedSearch.Models.Wrappers.Comparers.TriggerTimeComparerTests" name="Compare_Descending_Success" />
    </UnitTest>
    <UnitTest name="ValidateExportLocation_ShouldReturnFailResult_ExportPathIsInvalid (aaaaaaaaaaaaaaaaaaaaaaaaaaaaaaaaaaaaaaaaaaaaaaaaaaaaaaaaaaaaaaaaaaaaaaaaaaaaaaaaaaaaaaaaaaaaaaaaaaaaaaaaaaaaaaaaaaaaaaaaaaaaaaaaaaaaaaaaaaaaaaaaaaaaaaaaaaaaaaaaaaaaaaaaaaaaaaaaaaaaaaa)" storage="d:\actions-runner\_work\xpco\xpco\allsolutions\..\sc\components\remoteviewer\smartclient\tst\zsmartclient_unittest\bin\x64\debug\net6.0-windows\zsmartclient_unittest.dll" id="826dae12-7497-2482-cdc9-2d594ce22a1a">
      <TestCategory>
        <TestCategoryItem TestCategory="Export" />
      </TestCategory>
      <Execution id="075dae31-3318-4b33-b888-c913787b69e2" />
      <TestMethod codeBase="D:\actions-runner\_work\XPCO\XPCO\AllSolutions\..\SC\Components\RemoteViewer\SmartClient\tst\zSmartClient_UnitTest\bin\x64\Debug\net6.0-windows\zSmartClient_UnitTest.dll" adapterTypeName="executor://mstestadapter/v2" className="SmartClient_UnitTest.VideoOS.RemoteClient.Plugin.Export.ExportDataValidatorTests" name="ValidateExportLocation_ShouldReturnFailResult_ExportPathIsInvalid" />
    </UnitTest>
    <UnitTest name="DeviceIcons_ShouldNotBeEmpty_WhenCalled" storage="d:\actions-runner\_work\xpco\xpco\allsolutions\..\sc\components\remoteviewer\smartclient\tst\zsmartclient_unittest\bin\x64\debug\net6.0-windows\zsmartclient_unittest.dll" id="92da1333-fabd-2900-5a70-ee9fd98edfc4">
      <TestCategory>
        <TestCategoryItem TestCategory="GisMapData.InputOemResourcesProviderTests" />
      </TestCategory>
      <Execution id="72205b36-a8d7-4f89-88ac-69b5e68ae26e" />
      <TestMethod codeBase="D:\actions-runner\_work\XPCO\XPCO\AllSolutions\..\SC\Components\RemoteViewer\SmartClient\tst\zSmartClient_UnitTest\bin\x64\Debug\net6.0-windows\zSmartClient_UnitTest.dll" adapterTypeName="executor://mstestadapter/v2" className="SmartClient_UnitTest.VideoOS.RemoteClient.GisMapData.Resources.InputOemResourcesProviderTests" name="DeviceIcons_ShouldNotBeEmpty_WhenCalled" />
    </UnitTest>
    <UnitTest name="HandleGetDeviceData_ShouldReturnNotFoundDeviceData_WhenOutputKindAndNonExistingOutputId" storage="d:\actions-runner\_work\xpco\xpco\allsolutions\..\sc\components\remoteviewer\smartclient\tst\zsmartclient_unittest\bin\x64\debug\net6.0-windows\zsmartclient_unittest.dll" id="3c8130e7-463f-39e3-1454-66e2409862a6">
      <TestCategory>
        <TestCategoryItem TestCategory="GisMap.Handlers.Devices.MapItems" />
      </TestCategory>
      <Execution id="8f712dc3-6354-4421-b4b9-60b0969b8435" />
      <TestMethod codeBase="D:\actions-runner\_work\XPCO\XPCO\AllSolutions\..\SC\Components\RemoteViewer\SmartClient\tst\zSmartClient_UnitTest\bin\x64\Debug\net6.0-windows\zSmartClient_UnitTest.dll" adapterTypeName="executor://mstestadapter/v2" className="SmartClient_UnitTest.VideoOS.RemoteClient.Plugin.GisMap.Handlers.Devices.MapItems.OutputDataHandlerTests" name="HandleGetDeviceData_ShouldReturnNotFoundDeviceData_WhenOutputKindAndNonExistingOutputId" />
    </UnitTest>
    <UnitTest name="GetMapLayerArguments_ShouldReturnIGisMapModel_WhenCalled" storage="d:\actions-runner\_work\xpco\xpco\allsolutions\..\sc\components\remoteviewer\smartclient\tst\zsmartclient_unittest\bin\x64\debug\net6.0-windows\zsmartclient_unittest.dll" id="55ff5278-ace4-0f2e-f8ad-9f5f257b511f">
      <Execution id="5db98fe5-bebe-44cd-9def-14926341fb5e" />
      <TestMethod codeBase="D:\actions-runner\_work\XPCO\XPCO\AllSolutions\..\SC\Components\RemoteViewer\SmartClient\tst\zSmartClient_UnitTest\bin\x64\Debug\net6.0-windows\zSmartClient_UnitTest.dll" adapterTypeName="executor://mstestadapter/v2" className="SmartClient_UnitTest.VideoOS.RemoteClient.GisMapData.Strategies.MapLayers.DefaultMapLayerDatagramClassFactoryStrategyTests" name="GetMapLayerArguments_ShouldReturnIGisMapModel_WhenCalled" />
    </UnitTest>
    <UnitTest name="Ctor_UnknownEditControl_DropDownAttributeEditorUsed" storage="d:\actions-runner\_work\xpco\xpco\allsolutions\..\sc\components\remoteviewer\smartclient\tst\zsmartclient_unittest\bin\x64\debug\net6.0-windows\zsmartclient_unittest.dll" id="5b38455f-575a-f0bf-1374-9f24005465f7">
      <TestCategory>
        <TestCategoryItem TestCategory="Search" />
      </TestCategory>
      <Execution id="3e3f937f-265a-45c3-a366-3a3bc9ccf2bb" />
      <TestMethod codeBase="D:\actions-runner\_work\XPCO\XPCO\AllSolutions\..\SC\Components\RemoteViewer\SmartClient\tst\zSmartClient_UnitTest\bin\x64\Debug\net6.0-windows\zSmartClient_UnitTest.dll" adapterTypeName="executor://mstestadapter/v2" className="SmartClient_UnitTest.VideoOS.RemoteClient.Plugin.CentralizedSearch.ViewModels.SearchFilterViewModelTests" name="Ctor_UnknownEditControl_DropDownAttributeEditorUsed" />
    </UnitTest>
    <UnitTest name="UpdateStartupLocationInModel_Updated_Success" storage="d:\actions-runner\_work\xpco\xpco\allsolutions\..\sc\components\remoteviewer\smartclient\tst\zsmartclient_unittest\bin\x64\debug\net6.0-windows\zsmartclient_unittest.dll" id="e692b3e0-3f04-ab27-9ec5-4a69402a8875">
      <TestCategory>
        <TestCategoryItem TestCategory="GisMapContentHolderTests" />
      </TestCategory>
      <Execution id="1ea9b79d-4653-4944-b738-d8e59b6a1e40" />
      <TestMethod codeBase="D:\actions-runner\_work\XPCO\XPCO\AllSolutions\..\SC\Components\RemoteViewer\SmartClient\tst\zSmartClient_UnitTest\bin\x64\Debug\net6.0-windows\zSmartClient_UnitTest.dll" adapterTypeName="executor://mstestadapter/v2" className="SmartClient_UnitTest.VideoOS.RemoteClient.Plugin.GisMap.ContentHolderTests" name="UpdateStartupLocationInModel_Updated_Success" />
    </UnitTest>
    <UnitTest name="Initialize_ShouldNotHaveAnyCameras_WhenInitializedWithEmptyScope" storage="d:\actions-runner\_work\xpco\xpco\allsolutions\..\sc\components\remoteviewer\smartclient\tst\zsmartclient_unittest\bin\x64\debug\net6.0-windows\zsmartclient_unittest.dll" id="dbcd5ac4-1055-621c-a685-f7e5c606ee46">
      <TestCategory>
        <TestCategoryItem TestCategory="Search.Filters.ViewModels" />
      </TestCategory>
      <Execution id="add26ac4-f9b0-4738-bae0-0446278833be" />
      <TestMethod codeBase="D:\actions-runner\_work\XPCO\XPCO\AllSolutions\..\SC\Components\RemoteViewer\SmartClient\tst\zSmartClient_UnitTest\bin\x64\Debug\net6.0-windows\zSmartClient_UnitTest.dll" adapterTypeName="executor://mstestadapter/v2" className="SmartClient_UnitTest.VideoOS.RemoteClient.Plugin.CentralizedSearch.MIPPlugin.Criteria.ViewModels.RegionSelectionAttributeEditControlViewModelTests" name="Initialize_ShouldNotHaveAnyCameras_WhenInitializedWithEmptyScope" />
    </UnitTest>
    <UnitTest name="EnsureSnapshotIsPngFormat" storage="d:\actions-runner\_work\xpco\xpco\allsolutions\..\sc\components\remoteviewer\smartclient\tst\zsmartclient_unittest\bin\x64\debug\net6.0-windows\zsmartclient_unittest.dll" id="01ab0198-4b7e-8a94-e88d-b1f770a7248f">
      <Execution id="dd5a803c-2572-479f-8496-80f1061fd730" />
      <TestMethod codeBase="D:\actions-runner\_work\XPCO\XPCO\AllSolutions\..\SC\Components\RemoteViewer\SmartClient\tst\zSmartClient_UnitTest\bin\x64\Debug\net6.0-windows\zSmartClient_UnitTest.dll" adapterTypeName="executor://mstestadapter/v2" className="SmartClient_UnitTest.VideoOS.RemoteClient.Application.Data.ContentTypes.CameraContentType.CameraContentHolderTest" name="EnsureSnapshotIsPngFormat" />
    </UnitTest>
    <UnitTest name="ButtonVisibilityProperties_ShouldSetPropertyValues_WhenPropertiesLoaded" storage="d:\actions-runner\_work\xpco\xpco\allsolutions\..\sc\components\remoteviewer\smartclient\tst\zsmartclient_unittest\bin\x64\debug\net6.0-windows\zsmartclient_unittest.dll" id="06afff30-aa98-f03f-ebfe-83961e8caf5d">
      <TestCategory>
        <TestCategoryItem TestCategory="GisMapViewItemTests" />
      </TestCategory>
      <Execution id="eee79568-9931-4e99-b993-2a64bbc32214" />
      <TestMethod codeBase="D:\actions-runner\_work\XPCO\XPCO\AllSolutions\..\SC\Components\RemoteViewer\SmartClient\tst\zSmartClient_UnitTest\bin\x64\Debug\net6.0-windows\zSmartClient_UnitTest.dll" adapterTypeName="executor://mstestadapter/v2" className="SmartClient_UnitTest.VideoOS.RemoteClient.Plugin.GisMap.GisMapViewItemTests" name="ButtonVisibilityProperties_ShouldSetPropertyValues_WhenPropertiesLoaded" />
    </UnitTest>
    <UnitTest name="ShowAlreadyAddedToast_ShouldShowCorrectNumberOfToasts (5,1)" storage="d:\actions-runner\_work\xpco\xpco\allsolutions\..\sc\components\remoteviewer\smartclient\tst\zsmartclient_unittest\bin\x64\debug\net6.0-windows\zsmartclient_unittest.dll" id="c5a3b45d-5e96-20b3-b548-6f1303bc7108">
      <TestCategory>
        <TestCategoryItem TestCategory="Managers" />
      </TestCategory>
      <Execution id="8547c9c6-18f7-41eb-a672-067cc65017aa" />
      <TestMethod codeBase="D:\actions-runner\_work\XPCO\XPCO\AllSolutions\..\SC\Components\RemoteViewer\SmartClient\tst\zSmartClient_UnitTest\bin\x64\Debug\net6.0-windows\zSmartClient_UnitTest.dll" adapterTypeName="executor://mstestadapter/v2" className="SmartClient_UnitTest.VideoOS.RemoteClient.Application.Managers.ExportResultsNotificationHelperTests" name="ShowAlreadyAddedToast_ShouldShowCorrectNumberOfToasts" />
    </UnitTest>
    <UnitTest name="ClearSelectedCamerasCommand_WithActiveSearchTemplate_ActiveSearchTemplateModifiedSet" storage="d:\actions-runner\_work\xpco\xpco\allsolutions\..\sc\components\remoteviewer\smartclient\tst\zsmartclient_unittest\bin\x64\debug\net6.0-windows\zsmartclient_unittest.dll" id="8db91f9d-1fce-7008-7fb4-f88012013950">
      <TestCategory>
        <TestCategoryItem TestCategory="SearchViewModels" />
      </TestCategory>
      <Execution id="36583178-be2e-4ba9-bf08-4232399b2ef6" />
      <TestMethod codeBase="D:\actions-runner\_work\XPCO\XPCO\AllSolutions\..\SC\Components\RemoteViewer\SmartClient\tst\zSmartClient_UnitTest\bin\x64\Debug\net6.0-windows\zSmartClient_UnitTest.dll" adapterTypeName="executor://mstestadapter/v2" className="SmartClient_UnitTest.VideoOS.RemoteClient.Plugin.CentralizedSearch.ViewModels.SearchViewModelTests" name="ClearSelectedCamerasCommand_WithActiveSearchTemplate_ActiveSearchTemplateModifiedSet" />
    </UnitTest>
    <UnitTest name="SearchResultCombineType_ShouldStartSearchWithEmptyCollection_WhenValueChanges" storage="d:\actions-runner\_work\xpco\xpco\allsolutions\..\sc\components\remoteviewer\smartclient\tst\zsmartclient_unittest\bin\x64\debug\net6.0-windows\zsmartclient_unittest.dll" id="6a069b88-27e1-e70c-13f9-4c619372c66b">
      <TestCategory>
        <TestCategoryItem TestCategory="SearchViewModels" />
      </TestCategory>
      <Execution id="52e625fe-9b0d-4a35-b09d-3d61acfadf63" />
      <TestMethod codeBase="D:\actions-runner\_work\XPCO\XPCO\AllSolutions\..\SC\Components\RemoteViewer\SmartClient\tst\zSmartClient_UnitTest\bin\x64\Debug\net6.0-windows\zSmartClient_UnitTest.dll" adapterTypeName="executor://mstestadapter/v2" className="SmartClient_UnitTest.VideoOS.RemoteClient.Plugin.CentralizedSearch.ViewModels.SearchViewModelTests" name="SearchResultCombineType_ShouldStartSearchWithEmptyCollection_WhenValueChanges" />
    </UnitTest>
    <UnitTest name="AssignPanTiltValue_WhenValueMin_ShouldReturnMinValue" storage="d:\actions-runner\_work\xpco\xpco\allsolutions\..\sc\components\remoteviewer\smartclient\tst\zsmartclient_unittest\bin\x64\debug\net6.0-windows\zsmartclient_unittest.dll" id="0910d3e9-c4fa-4b0a-4db0-a2f6efd079c5">
      <Execution id="747e952c-1ca4-4cc7-9167-9b1d53cd7572" />
      <TestMethod codeBase="D:\actions-runner\_work\XPCO\XPCO\AllSolutions\..\SC\Components\RemoteViewer\SmartClient\tst\zSmartClient_UnitTest\bin\x64\Debug\net6.0-windows\zSmartClient_UnitTest.dll" adapterTypeName="executor://mstestadapter/v2" className="SmartClient_UnitTest.VideoOS.RemoteClient.Plugin.JoystickSupport.JoystickDeviceTests" name="AssignPanTiltValue_WhenValueMin_ShouldReturnMinValue" />
    </UnitTest>
    <UnitTest name="DateToStringConverter_MultiConvertValidInput_Success" storage="d:\actions-runner\_work\xpco\xpco\allsolutions\..\sc\components\remoteviewer\smartclient\tst\zsmartclient_unittest\bin\x64\debug\net6.0-windows\zsmartclient_unittest.dll" id="628ededf-b510-91fa-7712-c59b72f0952a">
      <TestCategory>
        <TestCategoryItem TestCategory="SearchConverter" />
      </TestCategory>
      <Execution id="7466bf25-09e7-41ea-8dae-b28226ca9d8c" />
      <TestMethod codeBase="D:\actions-runner\_work\XPCO\XPCO\AllSolutions\..\SC\Components\RemoteViewer\SmartClient\tst\zSmartClient_UnitTest\bin\x64\Debug\net6.0-windows\zSmartClient_UnitTest.dll" adapterTypeName="executor://mstestadapter/v2" className="SmartClient_UnitTest.VideoOS.RemoteClient.Plugin.CentralizedSearch.Views.Converters.DurationToStringConverterTests" name="DateToStringConverter_MultiConvertValidInput_Success" />
    </UnitTest>
    <UnitTest name="PtzSessionControllerInfo_ReservedChangedTest_Different_CameraId" storage="d:\actions-runner\_work\xpco\xpco\allsolutions\..\sc\components\remoteviewer\smartclient\tst\zsmartclient_unittest\bin\x64\debug\net6.0-windows\zsmartclient_unittest.dll" id="ddbacd2a-c40a-102c-db67-c9bb149b6b99">
      <Execution id="b0fdf36d-129b-417f-a111-a9ba6daefe4f" />
      <TestMethod codeBase="D:\actions-runner\_work\XPCO\XPCO\AllSolutions\..\SC\Components\RemoteViewer\SmartClient\tst\zSmartClient_UnitTest\bin\x64\Debug\net6.0-windows\zSmartClient_UnitTest.dll" adapterTypeName="executor://mstestadapter/v2" className="VideoOS.RemoteClient.Application.Controllers.UnitTest.PtzSessionControllerTest" name="PtzSessionControllerInfo_ReservedChangedTest_Different_CameraId" />
    </UnitTest>
    <UnitTest name="SmartSearchStatusType_ShouldYieldSameValuesForAllEnumValues_WhenRoundTripConverted (UnspecifiedError,UnspecifiedError)" storage="d:\actions-runner\_work\xpco\xpco\allsolutions\..\sc\components\remoteviewer\smartclient\tst\zsmartclient_unittest\bin\x64\debug\net6.0-windows\zsmartclient_unittest.dll" id="1742c7aa-b082-d69c-8853-7ede68919ffd">
      <TestCategory>
        <TestCategoryItem TestCategory="RecorderProxyToDtoMapping" />
      </TestCategory>
      <Execution id="4a7ba7fa-1707-42b0-97db-862679870c35" />
      <TestMethod codeBase="D:\actions-runner\_work\XPCO\XPCO\AllSolutions\..\SC\Components\RemoteViewer\SmartClient\tst\zSmartClient_UnitTest\bin\x64\Debug\net6.0-windows\zSmartClient_UnitTest.dll" adapterTypeName="executor://mstestadapter/v2" className="VideoOS.Shared.ServerAPI.SOAP.RecorderClientMappingTests" name="SmartSearchStatusType_ShouldYieldSameValuesForAllEnumValues_WhenRoundTripConverted" />
    </UnitTest>
    <UnitTest name="AndOrSearchDefinitionToVisibilityMultiConverter_CallConvert_FirstInList" storage="d:\actions-runner\_work\xpco\xpco\allsolutions\..\sc\components\remoteviewer\smartclient\tst\zsmartclient_unittest\bin\x64\debug\net6.0-windows\zsmartclient_unittest.dll" id="8a4d4995-3c1b-876f-b006-d12439f37a6d">
      <TestCategory>
        <TestCategoryItem TestCategory="SearchConverter" />
      </TestCategory>
      <Execution id="73ab9e15-616d-4e11-a3bc-368eea389f00" />
      <TestMethod codeBase="D:\actions-runner\_work\XPCO\XPCO\AllSolutions\..\SC\Components\RemoteViewer\SmartClient\tst\zSmartClient_UnitTest\bin\x64\Debug\net6.0-windows\zSmartClient_UnitTest.dll" adapterTypeName="executor://mstestadapter/v2" className="SmartClient_UnitTest.VideoOS.RemoteClient.Plugin.CentralizedSearch.Views.Converters.AndOrSearchDefinitionMultiConverterTests" name="AndOrSearchDefinitionToVisibilityMultiConverter_CallConvert_FirstInList" />
    </UnitTest>
    <UnitTest name="PtzInfoViewModel_SetInfo_PtzSessionControllerInfo_ArgumentNullCheckTest" storage="d:\actions-runner\_work\xpco\xpco\allsolutions\..\sc\components\remoteviewer\smartclient\tst\zsmartclient_unittest\bin\x64\debug\net6.0-windows\zsmartclient_unittest.dll" id="84cdc42c-8723-3f7f-aeea-e185addc7b1d">
      <Execution id="ece25652-54b0-485d-85e8-e2a6397a9444" />
      <TestMethod codeBase="D:\actions-runner\_work\XPCO\XPCO\AllSolutions\..\SC\Components\RemoteViewer\SmartClient\tst\zSmartClient_UnitTest\bin\x64\Debug\net6.0-windows\zSmartClient_UnitTest.dll" adapterTypeName="executor://mstestadapter/v2" className="SmartClient_UnitTest.VideoOS.RemoteClient.Plugin.Map.WPFObjects.PtzInfoViewModelUnitTest" name="PtzInfoViewModel_SetInfo_PtzSessionControllerInfo_ArgumentNullCheckTest" />
    </UnitTest>
    <UnitTest name="ClearAllItemOutlines_MappedToViewModel_Success" storage="d:\actions-runner\_work\xpco\xpco\allsolutions\..\sc\components\remoteviewer\smartclient\tst\zsmartclient_unittest\bin\x64\debug\net6.0-windows\zsmartclient_unittest.dll" id="a189583c-978a-c969-def3-f27770df3054">
      <TestCategory>
        <TestCategoryItem TestCategory="GisMap.GisMapViewFacade" />
      </TestCategory>
      <Execution id="e2df15bc-0f4d-415e-8205-3128396bfb5d" />
      <TestMethod codeBase="D:\actions-runner\_work\XPCO\XPCO\AllSolutions\..\SC\Components\RemoteViewer\SmartClient\tst\zSmartClient_UnitTest\bin\x64\Debug\net6.0-windows\zSmartClient_UnitTest.dll" adapterTypeName="executor://mstestadapter/v2" className="SmartClient_UnitTest.VideoOS.RemoteClient.Plugin.GisMap.IoC.GisMapViewFacadeTests" name="ClearAllItemOutlines_MappedToViewModel_Success" />
    </UnitTest>
    <UnitTest name="ResolveSearchDefinitions_ShouldReturnResultSearchDefinition_WhenSingleSearchResultAndNullSearchDefinitionsAreGiven" storage="d:\actions-runner\_work\xpco\xpco\allsolutions\..\sc\components\remoteviewer\smartclient\tst\zsmartclient_unittest\bin\x64\debug\net6.0-windows\zsmartclient_unittest.dll" id="ed1eba09-8472-7b1b-0969-bd05029178c2">
      <TestCategory>
        <TestCategoryItem TestCategory="Search" />
      </TestCategory>
      <Execution id="63f5eb75-83b0-42f5-99bd-a2a862032163" />
      <TestMethod codeBase="D:\actions-runner\_work\XPCO\XPCO\AllSolutions\..\SC\Components\RemoteViewer\SmartClient\tst\zSmartClient_UnitTest\bin\x64\Debug\net6.0-windows\zSmartClient_UnitTest.dll" adapterTypeName="executor://mstestadapter/v2" className="SmartClient_UnitTest.VideoOS.RemoteClient.Plugin.CentralizedSearch.Utils.SearchResultDataWrapperExtensionsTests" name="ResolveSearchDefinitions_ShouldReturnResultSearchDefinition_WhenSingleSearchResultAndNullSearchDefinitionsAreGiven" />
    </UnitTest>
    <UnitTest name="Instance_ShouldBeSingleton_WhenCalled" storage="d:\actions-runner\_work\xpco\xpco\allsolutions\..\sc\components\remoteviewer\smartclient\tst\zsmartclient_unittest\bin\x64\debug\net6.0-windows\zsmartclient_unittest.dll" id="5234d1ee-ef9d-50d7-130b-4f673d2d6420">
      <TestCategory>
        <TestCategoryItem TestCategory="GisMapData.MicrophoneOemResourcesProviderTests" />
      </TestCategory>
      <Execution id="431c5980-43ea-42c9-8eb5-689ac2f9b625" />
      <TestMethod codeBase="D:\actions-runner\_work\XPCO\XPCO\AllSolutions\..\SC\Components\RemoteViewer\SmartClient\tst\zSmartClient_UnitTest\bin\x64\Debug\net6.0-windows\zSmartClient_UnitTest.dll" adapterTypeName="executor://mstestadapter/v2" className="SmartClient_UnitTest.VideoOS.RemoteClient.GisMapData.Resources.MicrophoneOemResourcesProviderTests" name="Instance_ShouldBeSingleton_WhenCalled" />
    </UnitTest>
    <UnitTest name="IsCurrentCenterEqualTo_ShouldReturnTrue_WhenValuesAreEqualWithinGivenPrecision" storage="d:\actions-runner\_work\xpco\xpco\allsolutions\..\sc\components\remoteviewer\smartclient\tst\zsmartclient_unittest\bin\x64\debug\net6.0-windows\zsmartclient_unittest.dll" id="addbc64d-1bd3-678f-14d6-6dd2dda6bd02">
      <TestCategory>
        <TestCategoryItem TestCategory="MapExtentManager" />
      </TestCategory>
      <Execution id="81056ca9-9d20-429d-821c-90a921da789b" />
      <TestMethod codeBase="D:\actions-runner\_work\XPCO\XPCO\AllSolutions\..\SC\Components\RemoteViewer\SmartClient\tst\zSmartClient_UnitTest\bin\x64\Debug\net6.0-windows\zSmartClient_UnitTest.dll" adapterTypeName="executor://mstestadapter/v2" className="SmartClient_UnitTest.VideoOS.RemoteClient.Plugin.GisMap.ThinkGeoMap.Settings.ThinkGeoMapExtentManagerTests" name="IsCurrentCenterEqualTo_ShouldReturnTrue_WhenValuesAreEqualWithinGivenPrecision" />
    </UnitTest>
    <UnitTest name="UpdateHomeLocationInModel_HomeLocationId_NoUpdated_DragDataSet_Succes" storage="d:\actions-runner\_work\xpco\xpco\allsolutions\..\sc\components\remoteviewer\smartclient\tst\zsmartclient_unittest\bin\x64\debug\net6.0-windows\zsmartclient_unittest.dll" id="ca24c09d-a214-cd57-9506-eb63722a25cc">
      <TestCategory>
        <TestCategoryItem TestCategory="GisMapContentHolderTests" />
      </TestCategory>
      <Execution id="ed3a6b85-431b-4397-b79c-c92234e349a0" />
      <TestMethod codeBase="D:\actions-runner\_work\XPCO\XPCO\AllSolutions\..\SC\Components\RemoteViewer\SmartClient\tst\zSmartClient_UnitTest\bin\x64\Debug\net6.0-windows\zSmartClient_UnitTest.dll" adapterTypeName="executor://mstestadapter/v2" className="SmartClient_UnitTest.VideoOS.RemoteClient.Plugin.GisMap.ContentHolderTests" name="UpdateHomeLocationInModel_HomeLocationId_NoUpdated_DragDataSet_Succes" />
    </UnitTest>
    <UnitTest name="GetDeviceData_ShouldReturnDeviceData_WhenInputKindAndExistingInputId" storage="d:\actions-runner\_work\xpco\xpco\allsolutions\..\sc\components\remoteviewer\smartclient\tst\zsmartclient_unittest\bin\x64\debug\net6.0-windows\zsmartclient_unittest.dll" id="8781c4e8-8f6b-fc4e-fad2-e4adb8260be9">
      <TestCategory>
        <TestCategoryItem TestCategory="GisMap.Controllers.Devices.MapItems" />
      </TestCategory>
      <Execution id="406fd7c7-6836-4ee8-8638-7340d5688333" />
      <TestMethod codeBase="D:\actions-runner\_work\XPCO\XPCO\AllSolutions\..\SC\Components\RemoteViewer\SmartClient\tst\zSmartClient_UnitTest\bin\x64\Debug\net6.0-windows\zSmartClient_UnitTest.dll" adapterTypeName="executor://mstestadapter/v2" className="SmartClient_UnitTest.VideoOS.RemoteClient.Plugin.GisMap.Controllers.Devices.MapItems.DeviceDataControllerTests" name="GetDeviceData_ShouldReturnDeviceData_WhenInputKindAndExistingInputId" />
    </UnitTest>
    <UnitTest name="CreateDefinition_FireSingleSearchResult_SearchFinishedWithResults" storage="d:\actions-runner\_work\xpco\xpco\allsolutions\..\sc\components\remoteviewer\smartclient\tst\zsmartclient_unittest\bin\x64\debug\net6.0-windows\zsmartclient_unittest.dll" id="ae1ed87e-08b0-6456-55b5-f1c7e9a80148">
      <TestCategory>
        <TestCategoryItem TestCategory="SearchModels" />
      </TestCategory>
      <Execution id="2c31bdd2-f95f-41ee-9263-3925f8915d60" />
      <TestMethod codeBase="D:\actions-runner\_work\XPCO\XPCO\AllSolutions\..\SC\Components\RemoteViewer\SmartClient\tst\zSmartClient_UnitTest\bin\x64\Debug\net6.0-windows\zSmartClient_UnitTest.dll" adapterTypeName="executor://mstestadapter/v2" className="SmartClient_UnitTest.VideoOS.RemoteClient.Plugin.CentralizedSearch.Models.SearchModelTests" name="CreateDefinition_FireSingleSearchResult_SearchFinishedWithResults" />
    </UnitTest>
    <UnitTest name="Custom, not forced" storage="d:\actions-runner\_work\xpco\xpco\allsolutions\..\sc\components\remoteviewer\smartclient\tst\zsmartclient_unittest\bin\x64\debug\net6.0-windows\zsmartclient_unittest.dll" id="befe5650-f39d-378d-4992-3ef8f2152fe0">
      <TestCategory>
        <TestCategoryItem TestCategory="Export" />
      </TestCategory>
      <Execution id="4f8325ee-294f-4bcd-bb11-687369cb16ce" />
      <TestMethod codeBase="D:\actions-runner\_work\XPCO\XPCO\AllSolutions\..\SC\Components\RemoteViewer\SmartClient\tst\zSmartClient_UnitTest\bin\x64\Debug\net6.0-windows\zSmartClient_UnitTest.dll" adapterTypeName="executor://mstestadapter/v2" className="SmartClient_UnitTest.VideoOS.RemoteClient.Plugin.Export.CreateExportDialogViewModelTests" name="CreateExportDialog_ExportPathCanBeModified_BasedOnOptions" />
    </UnitTest>
    <UnitTest name="AddSelectedWindowsToExport_ShouldShowCorrectToastMessages (0,1,0)" storage="d:\actions-runner\_work\xpco\xpco\allsolutions\..\sc\components\remoteviewer\smartclient\tst\zsmartclient_unittest\bin\x64\debug\net6.0-windows\zsmartclient_unittest.dll" id="20ac81fe-1ffb-543e-951e-5e427e17f69b">
      <TestCategory>
        <TestCategoryItem TestCategory="Managers" />
      </TestCategory>
      <Execution id="b01d6c12-5dec-4eb4-9dea-081c8342b637" />
      <TestMethod codeBase="D:\actions-runner\_work\XPCO\XPCO\AllSolutions\..\SC\Components\RemoteViewer\SmartClient\tst\zSmartClient_UnitTest\bin\x64\Debug\net6.0-windows\zSmartClient_UnitTest.dll" adapterTypeName="executor://mstestadapter/v2" className="SmartClient_UnitTest.VideoOS.RemoteClient.Application.Managers.ExportManagerTests" name="AddSelectedWindowsToExport_ShouldShowCorrectToastMessages" />
    </UnitTest>
    <UnitTest name="TimeToStringConverter_Ctor_Success" storage="d:\actions-runner\_work\xpco\xpco\allsolutions\..\sc\components\remoteviewer\smartclient\tst\zsmartclient_unittest\bin\x64\debug\net6.0-windows\zsmartclient_unittest.dll" id="417d2775-4be3-356c-d0c6-5cff4570afc9">
      <TestCategory>
        <TestCategoryItem TestCategory="SearchConverter" />
      </TestCategory>
      <Execution id="85f7198e-226b-4a03-9da3-9f4d72d166c5" />
      <TestMethod codeBase="D:\actions-runner\_work\XPCO\XPCO\AllSolutions\..\SC\Components\RemoteViewer\SmartClient\tst\zSmartClient_UnitTest\bin\x64\Debug\net6.0-windows\zSmartClient_UnitTest.dll" adapterTypeName="executor://mstestadapter/v2" className="SmartClient_UnitTest.VideoOS.RemoteClient.Plugin.CentralizedSearch.Views.Converters.TimeToStringConverterTests" name="TimeToStringConverter_Ctor_Success" />
    </UnitTest>
    <UnitTest name="CameraMapItem_ForceActivateAsync_InBuilding_MapLayerHidden_Success" storage="d:\actions-runner\_work\xpco\xpco\allsolutions\..\sc\components\remoteviewer\smartclient\tst\zsmartclient_unittest\bin\x64\debug\net6.0-windows\zsmartclient_unittest.dll" id="a6493ade-3aba-8e55-3d5b-e3a18089f41b">
      <TestCategory>
        <TestCategoryItem TestCategory="GisMapMapItem" />
      </TestCategory>
      <Execution id="8816096e-5f09-4dab-bf32-a15020441c74" />
      <TestMethod codeBase="D:\actions-runner\_work\XPCO\XPCO\AllSolutions\..\SC\Components\RemoteViewer\SmartClient\tst\zSmartClient_UnitTest\bin\x64\Debug\net6.0-windows\zSmartClient_UnitTest.dll" adapterTypeName="executor://mstestadapter/v2" className="SmartClient_UnitTest.VideoOS.RemoteClient.GisMap.MapItem.MapItemTests" name="CameraMapItem_ForceActivateAsync_InBuilding_MapLayerHidden_Success" />
    </UnitTest>
    <UnitTest name="Constructor_ShouldRaiseArgumentNullException_WhenEventServerIdsIsNull" storage="d:\actions-runner\_work\xpco\xpco\allsolutions\..\sc\components\remoteviewer\smartclient\tst\zsmartclient_unittest\bin\x64\debug\net6.0-windows\zsmartclient_unittest.dll" id="4f0f0f05-4e54-c98a-97cd-1164c4d7679e">
      <TestCategory>
        <TestCategoryItem TestCategory="AccessControl.Services" />
      </TestCategory>
      <Execution id="8dc935d6-f239-4e18-ab20-0705cc72421c" />
      <TestMethod codeBase="D:\actions-runner\_work\XPCO\XPCO\AllSolutions\..\SC\Components\RemoteViewer\SmartClient\tst\zSmartClient_UnitTest\bin\x64\Debug\net6.0-windows\zSmartClient_UnitTest.dll" adapterTypeName="executor://mstestadapter/v2" className="SmartClient_UnitTest.VideoOS.RemoteClient.AccessControl.Services.AccessControlGuidProviderTests" name="Constructor_ShouldRaiseArgumentNullException_WhenEventServerIdsIsNull" />
    </UnitTest>
    <UnitTest name="Passwords are not the same, lower length" storage="d:\actions-runner\_work\xpco\xpco\allsolutions\..\sc\components\remoteviewer\smartclient\tst\zsmartclient_unittest\bin\x64\debug\net6.0-windows\zsmartclient_unittest.dll" id="afb5f821-aab1-c9e5-0826-d01d69508cc0">
      <TestCategory>
        <TestCategoryItem TestCategory="Export" />
      </TestCategory>
      <Execution id="8942c082-7c8b-40fd-95b7-904775a3624f" />
      <TestMethod codeBase="D:\actions-runner\_work\XPCO\XPCO\AllSolutions\..\SC\Components\RemoteViewer\SmartClient\tst\zSmartClient_UnitTest\bin\x64\Debug\net6.0-windows\zSmartClient_UnitTest.dll" adapterTypeName="executor://mstestadapter/v2" className="SmartClient_UnitTest.VideoOS.RemoteClient.Plugin.Export.PasswordDialogViewModelTests" name="SettingPassword1AndPassword2_ShouldSetIsPassword2Valid" />
    </UnitTest>
    <UnitTest name="Search_ShouldPopulateSearchResult_WhenSuccessful" storage="d:\actions-runner\_work\xpco\xpco\allsolutions\..\sc\components\remoteviewer\smartclient\tst\zsmartclient_unittest\bin\x64\debug\net6.0-windows\zsmartclient_unittest.dll" id="833aec2e-c0ac-4112-94cf-5fa375595a9e">
      <Execution id="f68919b7-1b63-4675-bcc6-a8c2e9370842" />
      <TestMethod codeBase="D:\actions-runner\_work\XPCO\XPCO\AllSolutions\..\SC\Components\RemoteViewer\SmartClient\tst\zSmartClient_UnitTest\bin\x64\Debug\net6.0-windows\zSmartClient_UnitTest.dll" adapterTypeName="executor://mstestadapter/v2" className="SmartClient_UnitTest.VideoOS.RemoteClient.AccessControl.ViewModel.CardholdersTabViewModelTests" name="Search_ShouldPopulateSearchResult_WhenSuccessful" />
    </UnitTest>
    <UnitTest name="OpenStreetMapLayerIsDisabled_ShouldReturnTrue_WhenOpenStreetMapGeographicLayerOptionIsNotAvailableAndOpenStreetMapAlternativeServerIsInvalidURl" storage="d:\actions-runner\_work\xpco\xpco\allsolutions\..\sc\components\remoteviewer\smartclient\tst\zsmartclient_unittest\bin\x64\debug\net6.0-windows\zsmartclient_unittest.dll" id="89928fee-575e-9986-6b1d-9005971a41e3">
      <TestCategory>
        <TestCategoryItem TestCategory="GisMapLayer" />
      </TestCategory>
      <Execution id="6e61007c-1d54-4f6b-beea-1d600693a40d" />
      <TestMethod codeBase="D:\actions-runner\_work\XPCO\XPCO\AllSolutions\..\SC\Components\RemoteViewer\SmartClient\tst\zSmartClient_UnitTest\bin\x64\Debug\net6.0-windows\zSmartClient_UnitTest.dll" adapterTypeName="executor://mstestadapter/v2" className="SmartClient_UnitTest.VideoOS.RemoteClient.GisMap.MapLayers.GisMapLayerTests" name="OpenStreetMapLayerIsDisabled_ShouldReturnTrue_WhenOpenStreetMapGeographicLayerOptionIsNotAvailableAndOpenStreetMapAlternativeServerIsInvalidURl" />
    </UnitTest>
    <UnitTest name="StartSelection_ShouldNotClearAnyExistingSelections_WhenAddingToExitingSelection" storage="d:\actions-runner\_work\xpco\xpco\allsolutions\..\sc\components\remoteviewer\smartclient\tst\zsmartclient_unittest\bin\x64\debug\net6.0-windows\zsmartclient_unittest.dll" id="b7e1ee47-1435-7822-cf95-e3720fecc94e">
      <TestCategory>
        <TestCategoryItem TestCategory="SmartMap.SelectionHelper" />
      </TestCategory>
      <Execution id="01a6efd5-1ca7-45e4-b0a2-25cd7391a71c" />
      <TestMethod codeBase="D:\actions-runner\_work\XPCO\XPCO\AllSolutions\..\SC\Components\RemoteViewer\SmartClient\tst\zSmartClient_UnitTest\bin\x64\Debug\net6.0-windows\zSmartClient_UnitTest.dll" adapterTypeName="executor://mstestadapter/v2" className="SmartClient_UnitTest.VideoOS.RemoteClient.Plugin.GisMap.ThinkGeoMap.SpecializedOverlays.Overlays.SelectionHelperTests" name="StartSelection_ShouldNotClearAnyExistingSelections_WhenAddingToExitingSelection" />
    </UnitTest>
    <UnitTest name="SupportsRightClick_ShouldBeTrue_WhenInteractionStateIsNormal" storage="d:\actions-runner\_work\xpco\xpco\allsolutions\..\sc\components\remoteviewer\smartclient\tst\zsmartclient_unittest\bin\x64\debug\net6.0-windows\zsmartclient_unittest.dll" id="f666c42d-aace-c940-638f-8ab4e58f4377">
      <TestCategory>
        <TestCategoryItem TestCategory="GisMap.MipItemMarker" />
      </TestCategory>
      <Execution id="7e1ade49-d600-4fd7-b8b9-b49cdb67c861" />
      <TestMethod codeBase="D:\actions-runner\_work\XPCO\XPCO\AllSolutions\..\SC\Components\RemoteViewer\SmartClient\tst\zSmartClient_UnitTest\bin\x64\Debug\net6.0-windows\zSmartClient_UnitTest.dll" adapterTypeName="executor://mstestadapter/v2" className="SmartClient_UnitTest.VideoOS.RemoteClient.Plugin.GisMap.ThinkGeoMap.Markers.MipItemMarker.MipItemMarkerTests" name="SupportsRightClick_ShouldBeTrue_WhenInteractionStateIsNormal" />
    </UnitTest>
    <UnitTest name="PtzSessionControllerInfo_TimeChangedTest_NoChange" storage="d:\actions-runner\_work\xpco\xpco\allsolutions\..\sc\components\remoteviewer\smartclient\tst\zsmartclient_unittest\bin\x64\debug\net6.0-windows\zsmartclient_unittest.dll" id="319e9db8-8f37-6739-0cbb-83eff6d39b32">
      <Execution id="afbefcd2-afff-41b3-8ca4-b4e253f5ee83" />
      <TestMethod codeBase="D:\actions-runner\_work\XPCO\XPCO\AllSolutions\..\SC\Components\RemoteViewer\SmartClient\tst\zSmartClient_UnitTest\bin\x64\Debug\net6.0-windows\zSmartClient_UnitTest.dll" adapterTypeName="executor://mstestadapter/v2" className="VideoOS.RemoteClient.Application.Controllers.UnitTest.PtzSessionControllerTest" name="PtzSessionControllerInfo_TimeChangedTest_NoChange" />
    </UnitTest>
    <UnitTest name="UpdateScope_FromTimeChangedWithNullScopeDuration_ReturnsTrue" storage="d:\actions-runner\_work\xpco\xpco\allsolutions\..\sc\components\remoteviewer\smartclient\tst\zsmartclient_unittest\bin\x64\debug\net6.0-windows\zsmartclient_unittest.dll" id="f47f6c44-9fa8-d010-756e-7b3d112428c4">
      <TestCategory>
        <TestCategoryItem TestCategory="SearchModels" />
      </TestCategory>
      <Execution id="7c9542e0-346a-4045-bba7-bf470f550ec7" />
      <TestMethod codeBase="D:\actions-runner\_work\XPCO\XPCO\AllSolutions\..\SC\Components\RemoteViewer\SmartClient\tst\zSmartClient_UnitTest\bin\x64\Debug\net6.0-windows\zSmartClient_UnitTest.dll" adapterTypeName="executor://mstestadapter/v2" className="SmartClient_UnitTest.VideoOS.RemoteClient.Plugin.CentralizedSearch.Models.SearchScopeTests" name="UpdateScope_FromTimeChangedWithNullScopeDuration_ReturnsTrue" />
    </UnitTest>
    <UnitTest name="BuildEvidenceLockFilterProperties_ShouldReturnCorrectValues (True,1,0,Only me,All)" storage="d:\actions-runner\_work\xpco\xpco\allsolutions\..\sc\components\remoteviewer\smartclient\tst\zsmartclient_unittest\bin\x64\debug\net6.0-windows\zsmartclient_unittest.dll" id="7864a8c4-a573-3a51-886b-b27b4cabfd5e">
      <Execution id="1ff12955-ec22-41f2-9856-3909e2154921" />
      <TestMethod codeBase="D:\actions-runner\_work\XPCO\XPCO\AllSolutions\..\SC\Components\RemoteViewer\SmartClient\tst\zSmartClient_UnitTest\bin\x64\Debug\net6.0-windows\zSmartClient_UnitTest.dll" adapterTypeName="executor://mstestadapter/v2" className="SmartClient_UnitTest.VideoOS.RemoteClient.Application.Common.Telemetry.TelemetryBuilderTests" name="BuildEvidenceLockFilterProperties_ShouldReturnCorrectValues" />
    </UnitTest>
    <UnitTest name="BuildingChangeProperty_Persisted_Success" storage="d:\actions-runner\_work\xpco\xpco\allsolutions\..\sc\components\remoteviewer\smartclient\tst\zsmartclient_unittest\bin\x64\debug\net6.0-windows\zsmartclient_unittest.dll" id="0e8eb8b8-1a42-be54-07c1-244508590add">
      <TestCategory>
        <TestCategoryItem TestCategory="GisMapBuilding" />
      </TestCategory>
      <Execution id="dd2084ac-9299-4739-89de-011833374401" />
      <TestMethod codeBase="D:\actions-runner\_work\XPCO\XPCO\AllSolutions\..\SC\Components\RemoteViewer\SmartClient\tst\zSmartClient_UnitTest\bin\x64\Debug\net6.0-windows\zSmartClient_UnitTest.dll" adapterTypeName="executor://mstestadapter/v2" className="SmartClient_UnitTest.VideoOS.RemoteClient.GisMap.MapBuildingTests" name="BuildingChangeProperty_Persisted_Success" />
    </UnitTest>
    <UnitTest name="Tooltip_ShouldShowMicrophoneName_OnSetupMode" storage="d:\actions-runner\_work\xpco\xpco\allsolutions\..\sc\components\remoteviewer\smartclient\tst\zsmartclient_unittest\bin\x64\debug\net6.0-windows\zsmartclient_unittest.dll" id="ed7bec68-0198-a68e-a9fa-29c0dcede6d8">
      <TestCategory>
        <TestCategoryItem TestCategory="GisMap.MicrophoneMarkerTest" />
      </TestCategory>
      <Execution id="7c5f5c64-d379-4b79-b4d9-c52a7d13406f" />
      <TestMethod codeBase="D:\actions-runner\_work\XPCO\XPCO\AllSolutions\..\SC\Components\RemoteViewer\SmartClient\tst\zSmartClient_UnitTest\bin\x64\Debug\net6.0-windows\zSmartClient_UnitTest.dll" adapterTypeName="executor://mstestadapter/v2" className="SmartClient_UnitTest.VideoOS.RemoteClient.Plugin.GisMap.ThinkGeoMap.Markers.DeviceMarkers.MicrophoneMarker.MicrophoneMarkerTests" name="Tooltip_ShouldShowMicrophoneName_OnSetupMode" />
    </UnitTest>
    <UnitTest name="ResolveBaseResultProperties_ShouldReturnOrderedTriggerTimes_WhenGivenUnorderedTriggerTimes" storage="d:\actions-runner\_work\xpco\xpco\allsolutions\..\sc\components\remoteviewer\smartclient\tst\zsmartclient_unittest\bin\x64\debug\net6.0-windows\zsmartclient_unittest.dll" id="4552c7a0-9f71-d2b4-51c4-e785ac828b42">
      <TestCategory>
        <TestCategoryItem TestCategory="Search" />
      </TestCategory>
      <Execution id="a1fad7ae-a92f-4718-a0e6-31632fc50ca0" />
      <TestMethod codeBase="D:\actions-runner\_work\XPCO\XPCO\AllSolutions\..\SC\Components\RemoteViewer\SmartClient\tst\zSmartClient_UnitTest\bin\x64\Debug\net6.0-windows\zSmartClient_UnitTest.dll" adapterTypeName="executor://mstestadapter/v2" className="SmartClient_UnitTest.VideoOS.RemoteClient.Plugin.CentralizedSearch.Utils.SearchResultDataWrapperExtensionsTests" name="ResolveBaseResultProperties_ShouldReturnOrderedTriggerTimes_WhenGivenUnorderedTriggerTimes" />
    </UnitTest>
    <UnitTest name="Dispose_ClosesPluginInstance" storage="d:\actions-runner\_work\xpco\xpco\allsolutions\..\sc\components\remoteviewer\smartclient\tst\zsmartclient_unittest\bin\x64\debug\net6.0-windows\zsmartclient_unittest.dll" id="227dc5e8-fd61-64c5-c58b-a4363d10733d">
      <TestCategory>
        <TestCategoryItem TestCategory="SearchResultsAction" />
      </TestCategory>
      <Execution id="6424aa1e-1cc4-426b-aab5-524bc513a20b" />
      <TestMethod codeBase="D:\actions-runner\_work\XPCO\XPCO\AllSolutions\..\SC\Components\RemoteViewer\SmartClient\tst\zSmartClient_UnitTest\bin\x64\Debug\net6.0-windows\zSmartClient_UnitTest.dll" adapterTypeName="executor://mstestadapter/v2" className="SmartClient_UnitTest.VideoOS.RemoteClient.Plugin.CentralizedSearch.ViewModels.SearchResultsActionViewModelTests" name="Dispose_ClosesPluginInstance" />
    </UnitTest>
    <UnitTest name="GetServerTiles_ShouldReturnCorrectServerTilesWithGroupTest" storage="d:\actions-runner\_work\xpco\xpco\allsolutions\..\sc\components\remoteviewer\smartclient\tst\zsmartclient_unittest\bin\x64\debug\net6.0-windows\zsmartclient_unittest.dll" id="52b60312-f92a-489e-ac83-49b5962a1a66">
      <Execution id="03f9463b-0cef-447d-90c0-cfdec7d1907d" />
      <TestMethod codeBase="D:\actions-runner\_work\XPCO\XPCO\AllSolutions\..\SC\Components\RemoteViewer\SmartClient\tst\zSmartClient_UnitTest\bin\x64\Debug\net6.0-windows\zSmartClient_UnitTest.dll" adapterTypeName="executor://mstestadapter/v2" className="SmartClient_UnitTest.VideoOS.RemoteClient.Application.Data.ContentTypes.ReportingContentType.DashboardTileProviderTest" name="GetServerTiles_ShouldReturnCorrectServerTilesWithGroupTest" />
    </UnitTest>
    <UnitTest name="Path enabled, not forced" storage="d:\actions-runner\_work\xpco\xpco\allsolutions\..\sc\components\remoteviewer\smartclient\tst\zsmartclient_unittest\bin\x64\debug\net6.0-windows\zsmartclient_unittest.dll" id="76910e07-84c2-5cad-3bab-54e8df118d90">
      <TestCategory>
        <TestCategoryItem TestCategory="Export" />
      </TestCategory>
      <Execution id="45c5f4e4-ba27-42ad-b6b5-d389f14bf8f7" />
      <TestMethod codeBase="D:\actions-runner\_work\XPCO\XPCO\AllSolutions\..\SC\Components\RemoteViewer\SmartClient\tst\zSmartClient_UnitTest\bin\x64\Debug\net6.0-windows\zSmartClient_UnitTest.dll" adapterTypeName="executor://mstestadapter/v2" className="SmartClient_UnitTest.VideoOS.RemoteClient.Plugin.Export.CreateExportDialogViewModelTests" name="CreateExportDialog_ExportDestinationSelectionEnabled_BasedOnOptions" />
    </UnitTest>
    <UnitTest name="SetLayerFeatures_ShouldUpdateInputItemsMapLayer_WhenInputKindAndInputLayerFeatures" storage="d:\actions-runner\_work\xpco\xpco\allsolutions\..\sc\components\remoteviewer\smartclient\tst\zsmartclient_unittest\bin\x64\debug\net6.0-windows\zsmartclient_unittest.dll" id="5a96435f-7bfb-674d-9228-2eed29df56f2">
      <TestCategory>
        <TestCategoryItem TestCategory="GisMapData.Controllers.LayerFeatures" />
      </TestCategory>
      <Execution id="32cac331-26b1-47f9-8a61-8fcf9f93ebed" />
      <TestMethod codeBase="D:\actions-runner\_work\XPCO\XPCO\AllSolutions\..\SC\Components\RemoteViewer\SmartClient\tst\zSmartClient_UnitTest\bin\x64\Debug\net6.0-windows\zSmartClient_UnitTest.dll" adapterTypeName="executor://mstestadapter/v2" className="SmartClient_UnitTest.VideoOS.RemoteClient.GisMapData.Controllers.LayerFeatures.LayerFeaturesControllerTests" name="SetLayerFeatures_ShouldUpdateInputItemsMapLayer_WhenInputKindAndInputLayerFeatures" />
    </UnitTest>
    <UnitTest name="Connect_WhenMajorServerVersionIsBelow3_ShouldNotStartAnySchClient" storage="d:\actions-runner\_work\xpco\xpco\allsolutions\..\sc\components\remoteviewer\smartclient\tst\zsmartclient_unittest\bin\x64\debug\net6.0-windows\zsmartclient_unittest.dll" id="4b7dc18b-d6d1-94cf-67c8-cfdd48ab9288">
      <Execution id="7add2a60-3f18-449f-895a-7aacb81ae932" />
      <TestMethod codeBase="D:\actions-runner\_work\XPCO\XPCO\AllSolutions\..\SC\Components\RemoteViewer\SmartClient\tst\zSmartClient_UnitTest\bin\x64\Debug\net6.0-windows\zSmartClient_UnitTest.dll" adapterTypeName="executor://mstestadapter/v2" className="VideoOS.Shared.ServerAPI.ServiceChannel.UnitTest.ServiceChannelCommandServiceTests" name="Connect_WhenMajorServerVersionIsBelow3_ShouldNotStartAnySchClient" />
    </UnitTest>
    <UnitTest name="GetIsOpenStreetMapValid_ShouldReturnTrue_WhenGeographicLayerIsNullAndAlternativeServerHasValidUrl" storage="d:\actions-runner\_work\xpco\xpco\allsolutions\..\sc\components\remoteviewer\smartclient\tst\zsmartclient_unittest\bin\x64\debug\net6.0-windows\zsmartclient_unittest.dll" id="83ccd97a-3d39-ee6a-e0f8-f15f62764577">
      <TestCategory>
        <TestCategoryItem TestCategory="GisMapData.Controllers.Osm" />
      </TestCategory>
      <Execution id="00ca8d83-286c-49ca-9cd1-f424d732476d" />
      <TestMethod codeBase="D:\actions-runner\_work\XPCO\XPCO\AllSolutions\..\SC\Components\RemoteViewer\SmartClient\tst\zSmartClient_UnitTest\bin\x64\Debug\net6.0-windows\zSmartClient_UnitTest.dll" adapterTypeName="executor://mstestadapter/v2" className="SmartClient_UnitTest.VideoOS.RemoteClient.GisMapData.Controllers.Osm.GisMapOsmControllerTests" name="GetIsOpenStreetMapValid_ShouldReturnTrue_WhenGeographicLayerIsNullAndAlternativeServerHasValidUrl" />
    </UnitTest>
    <UnitTest name="SmartMapGoToLocationHandler_WhenDataIsValid_ShouldCallNavigateTo" storage="d:\actions-runner\_work\xpco\xpco\allsolutions\..\sc\components\remoteviewer\smartclient\tst\zsmartclient_unittest\bin\x64\debug\net6.0-windows\zsmartclient_unittest.dll" id="15776c9e-bed1-aa30-abbc-b85a9e95cf84">
      <Execution id="ecd21de9-cf5b-4b09-b38a-792f4953b35d" />
      <TestMethod codeBase="D:\actions-runner\_work\XPCO\XPCO\AllSolutions\..\SC\Components\RemoteViewer\SmartClient\tst\zSmartClient_UnitTest\bin\x64\Debug\net6.0-windows\zSmartClient_UnitTest.dll" adapterTypeName="executor://mstestadapter/v2" className="SmartClient_UnitTest.VideoOS.RemoteClient.Plugin.GisMap.MIP.ContentHolderMipMessageManagerTests" name="SmartMapGoToLocationHandler_WhenDataIsValid_ShouldCallNavigateTo" />
    </UnitTest>
    <UnitTest name="TestMethod1" storage="d:\actions-runner\_work\xpco\xpco\allsolutions\..\sc\components\remoteviewer\smartclient\tst\zsmartclient_unittest\bin\x64\debug\net6.0-windows\zsmartclient_unittest.dll" id="db35590a-caad-391c-4e81-fbc7dc664cab">
      <Execution id="6def4109-3830-45f8-8241-5c2d7450ad78" />
      <TestMethod codeBase="D:\actions-runner\_work\XPCO\XPCO\AllSolutions\..\SC\Components\RemoteViewer\SmartClient\tst\zSmartClient_UnitTest\bin\x64\Debug\net6.0-windows\zSmartClient_UnitTest.dll" adapterTypeName="executor://mstestadapter/v2" className="SmartClient_UnitTest.VideoOS.RemoteClient.Application.Data.Retrievals.RetrievalTaskAggregationTest" name="TestMethod1" />
    </UnitTest>
    <UnitTest name="AddItemsRemoveItems_SingleMapItem_OneClusterChangeForEach" storage="d:\actions-runner\_work\xpco\xpco\allsolutions\..\sc\components\remoteviewer\smartclient\tst\zsmartclient_unittest\bin\x64\debug\net6.0-windows\zsmartclient_unittest.dll" id="9b11dd70-a212-4435-b232-2bb1537ea05b">
      <TestCategory>
        <TestCategoryItem TestCategory="GisMapIndex" />
      </TestCategory>
      <Execution id="a6598b49-fc6e-41b8-ac67-c1574f95a25a" />
      <TestMethod codeBase="D:\actions-runner\_work\XPCO\XPCO\AllSolutions\..\SC\Components\RemoteViewer\SmartClient\tst\zSmartClient_UnitTest\bin\x64\Debug\net6.0-windows\zSmartClient_UnitTest.dll" adapterTypeName="executor://mstestadapter/v2" className="SmartClient_UnitTest.VideoOS.RemoteClient.GisMapData.Common.Indexer.MapItemIndexerTests" name="AddItemsRemoveItems_SingleMapItem_OneClusterChangeForEach" />
    </UnitTest>
    <UnitTest name="ToTimeScope_YesterdayInTransitionToNonDST_Success" storage="d:\actions-runner\_work\xpco\xpco\allsolutions\..\sc\components\remoteviewer\smartclient\tst\zsmartclient_unittest\bin\x64\debug\net6.0-windows\zsmartclient_unittest.dll" id="e38866b9-8332-5f7b-d7b8-fb3e9c3d9029">
      <TestCategory>
        <TestCategoryItem TestCategory="Search" />
      </TestCategory>
      <Execution id="23c9318a-7ebc-4114-8a9f-6f392b2714d7" />
      <TestMethod codeBase="D:\actions-runner\_work\XPCO\XPCO\AllSolutions\..\SC\Components\RemoteViewer\SmartClient\tst\zSmartClient_UnitTest\bin\x64\Debug\net6.0-windows\zSmartClient_UnitTest.dll" adapterTypeName="executor://mstestadapter/v2" className="SmartClient_UnitTest.VideoOS.RemoteClient.Plugin.CentralizedSearch.Models.ScopeDurationTests" name="ToTimeScope_YesterdayInTransitionToNonDST_Success" />
    </UnitTest>
    <UnitTest name="SmartMapSelectItemHandler_WhenDataIsNotSmartMapSelectItemCommandData_ShouldWriteToLog" storage="d:\actions-runner\_work\xpco\xpco\allsolutions\..\sc\components\remoteviewer\smartclient\tst\zsmartclient_unittest\bin\x64\debug\net6.0-windows\zsmartclient_unittest.dll" id="1b7a8e72-6c5b-1b1a-773c-d218457056e9">
      <Execution id="acf9dc92-3476-44bb-bc62-0d58ee943e6b" />
      <TestMethod codeBase="D:\actions-runner\_work\XPCO\XPCO\AllSolutions\..\SC\Components\RemoteViewer\SmartClient\tst\zSmartClient_UnitTest\bin\x64\Debug\net6.0-windows\zSmartClient_UnitTest.dll" adapterTypeName="executor://mstestadapter/v2" className="SmartClient_UnitTest.VideoOS.RemoteClient.Plugin.GisMap.MIP.ContentHolderMipMessageManagerTests" name="SmartMapSelectItemHandler_WhenDataIsNotSmartMapSelectItemCommandData_ShouldWriteToLog" />
    </UnitTest>
    <UnitTest name="PatrollingStepViewModel_Speed" storage="d:\actions-runner\_work\xpco\xpco\allsolutions\..\sc\components\remoteviewer\smartclient\tst\zsmartclient_unittest\bin\x64\debug\net6.0-windows\zsmartclient_unittest.dll" id="731f7e19-89ff-c108-ad63-9eb46b5c0a59">
      <Execution id="ef7b9913-876d-4fcf-a19d-3f0fce6c26df" />
      <TestMethod codeBase="D:\actions-runner\_work\XPCO\XPCO\AllSolutions\..\SC\Components\RemoteViewer\SmartClient\tst\zSmartClient_UnitTest\bin\x64\Debug\net6.0-windows\zSmartClient_UnitTest.dll" adapterTypeName="executor://mstestadapter/v2" className="SmartClient_UnitTest.VideoOS.RemoteClient.Application.UI.PtzPreset.PatrollingViewModel.PatrollingStepViewModelTest" name="PatrollingStepViewModel_Speed" />
    </UnitTest>
    <UnitTest name="Not forced" storage="d:\actions-runner\_work\xpco\xpco\allsolutions\..\sc\components\remoteviewer\smartclient\tst\zsmartclient_unittest\bin\x64\debug\net6.0-windows\zsmartclient_unittest.dll" id="fc8ab86d-a099-7d02-2f3d-3dc65e5166d3">
      <TestCategory>
        <TestCategoryItem TestCategory="Export" />
      </TestCategory>
      <Execution id="54158aed-ca20-4b27-9929-0c73f0823998" />
      <TestMethod codeBase="D:\actions-runner\_work\XPCO\XPCO\AllSolutions\..\SC\Components\RemoteViewer\SmartClient\tst\zSmartClient_UnitTest\bin\x64\Debug\net6.0-windows\zSmartClient_UnitTest.dll" adapterTypeName="executor://mstestadapter/v2" className="SmartClient_UnitTest.VideoOS.RemoteClient.Plugin.Export.CreateExportDialogViewModelTests" name="CreateExportDialog_GlobalCommentCanBeModified_BasedOnOptions" />
    </UnitTest>
    <UnitTest name="HandleSetLayerFeatures_ShouldRaiseArgumentException_WhenNotCameraKindAndCameraLayerFeaturesAndInputLayer" storage="d:\actions-runner\_work\xpco\xpco\allsolutions\..\sc\components\remoteviewer\smartclient\tst\zsmartclient_unittest\bin\x64\debug\net6.0-windows\zsmartclient_unittest.dll" id="1ff412f4-a550-fccb-f616-ee490e039d87">
      <TestCategory>
        <TestCategoryItem TestCategory="GisMapData.Handlers.LayerFeatures" />
      </TestCategory>
      <Execution id="b28ae7f3-e993-44a8-baf1-6d490e5171e7" />
      <TestMethod codeBase="D:\actions-runner\_work\XPCO\XPCO\AllSolutions\..\SC\Components\RemoteViewer\SmartClient\tst\zSmartClient_UnitTest\bin\x64\Debug\net6.0-windows\zSmartClient_UnitTest.dll" adapterTypeName="executor://mstestadapter/v2" className="SmartClient_UnitTest.VideoOS.RemoteClient.GisMapData.Handlers.LayerFeatures.CameraLayerFeaturesHandlerTests" name="HandleSetLayerFeatures_ShouldRaiseArgumentException_WhenNotCameraKindAndCameraLayerFeaturesAndInputLayer" />
    </UnitTest>
    <UnitTest name="ValidateExportName_ShouldReturnFailResult_InvalidCharactersInExportName (1213/)" storage="d:\actions-runner\_work\xpco\xpco\allsolutions\..\sc\components\remoteviewer\smartclient\tst\zsmartclient_unittest\bin\x64\debug\net6.0-windows\zsmartclient_unittest.dll" id="8696aa0c-12a3-d654-df89-f1e1b8ee687b">
      <TestCategory>
        <TestCategoryItem TestCategory="Export" />
      </TestCategory>
      <Execution id="4da03164-5d50-4ea0-966b-2af6b52188c4" />
      <TestMethod codeBase="D:\actions-runner\_work\XPCO\XPCO\AllSolutions\..\SC\Components\RemoteViewer\SmartClient\tst\zSmartClient_UnitTest\bin\x64\Debug\net6.0-windows\zSmartClient_UnitTest.dll" adapterTypeName="executor://mstestadapter/v2" className="SmartClient_UnitTest.VideoOS.RemoteClient.Plugin.Export.ExportDataValidatorTests" name="ValidateExportName_ShouldReturnFailResult_InvalidCharactersInExportName" />
    </UnitTest>
    <UnitTest name="DateToStringConverter_MultiConvertInvalidInput_UnsetValue" storage="d:\actions-runner\_work\xpco\xpco\allsolutions\..\sc\components\remoteviewer\smartclient\tst\zsmartclient_unittest\bin\x64\debug\net6.0-windows\zsmartclient_unittest.dll" id="c37e3ceb-4de2-f887-5ba0-5f1d4459693f">
      <TestCategory>
        <TestCategoryItem TestCategory="SearchConverter" />
      </TestCategory>
      <Execution id="b3100867-ee09-4d1a-84bf-f080111065d6" />
      <TestMethod codeBase="D:\actions-runner\_work\XPCO\XPCO\AllSolutions\..\SC\Components\RemoteViewer\SmartClient\tst\zSmartClient_UnitTest\bin\x64\Debug\net6.0-windows\zSmartClient_UnitTest.dll" adapterTypeName="executor://mstestadapter/v2" className="SmartClient_UnitTest.VideoOS.RemoteClient.Plugin.CentralizedSearch.Views.Converters.DurationToStringConverterTests" name="DateToStringConverter_MultiConvertInvalidInput_UnsetValue" />
    </UnitTest>
    <UnitTest name="ClearFilterCommand_ClearsFilter" storage="d:\actions-runner\_work\xpco\xpco\allsolutions\..\sc\components\remoteviewer\smartclient\tst\zsmartclient_unittest\bin\x64\debug\net6.0-windows\zsmartclient_unittest.dll" id="adae62f9-2b72-4530-ee33-22d9b99a1467">
      <TestCategory>
        <TestCategoryItem TestCategory="Search" />
      </TestCategory>
      <Execution id="99f00400-d52b-48ab-aed9-69125e6cd6d2" />
      <TestMethod codeBase="D:\actions-runner\_work\XPCO\XPCO\AllSolutions\..\SC\Components\RemoteViewer\SmartClient\tst\zSmartClient_UnitTest\bin\x64\Debug\net6.0-windows\zSmartClient_UnitTest.dll" adapterTypeName="executor://mstestadapter/v2" className="SmartClient_UnitTest.VideoOS.RemoteClient.Plugin.CentralizedSearch.MIPPlugin.Criteria.MultipleSelectionAttributeEditControlTest" name="ClearFilterCommand_ClearsFilter" />
    </UnitTest>
    <UnitTest name="Ctor_ShouldApplyRelevanceComparer_WhenViewModelIsCreated" storage="d:\actions-runner\_work\xpco\xpco\allsolutions\..\sc\components\remoteviewer\smartclient\tst\zsmartclient_unittest\bin\x64\debug\net6.0-windows\zsmartclient_unittest.dll" id="f0c6f445-2735-407d-8bd8-efde582fd792">
      <TestCategory>
        <TestCategoryItem TestCategory="SearchResultViewModels" />
      </TestCategory>
      <Execution id="efa0e37c-1deb-4e08-b3f4-f14dae3e6e87" />
      <TestMethod codeBase="D:\actions-runner\_work\XPCO\XPCO\AllSolutions\..\SC\Components\RemoteViewer\SmartClient\tst\zSmartClient_UnitTest\bin\x64\Debug\net6.0-windows\zSmartClient_UnitTest.dll" adapterTypeName="executor://mstestadapter/v2" className="SmartClient_UnitTest.VideoOS.RemoteClient.Plugin.CentralizedSearch.ViewModels.SearchResultsViewModelTest" name="Ctor_ShouldApplyRelevanceComparer_WhenViewModelIsCreated" />
    </UnitTest>
    <UnitTest name="RemoveWorkroom_ShouldNotChangeSelection_WhenWorkroomThatIsNotSelectedIsRemoved" storage="d:\actions-runner\_work\xpco\xpco\allsolutions\..\sc\components\remoteviewer\smartclient\tst\zsmartclient_unittest\bin\x64\debug\net6.0-windows\zsmartclient_unittest.dll" id="ff22d43a-17fa-db51-d7fd-2f5ea3ee7dbb">
      <TestCategory>
        <TestCategoryItem TestCategory="WorkroomController" />
      </TestCategory>
      <Execution id="24a35538-c77b-45dc-b0d6-7739e0fd202d" />
      <TestMethod codeBase="D:\actions-runner\_work\XPCO\XPCO\AllSolutions\..\SC\Components\RemoteViewer\SmartClient\tst\zSmartClient_UnitTest\bin\x64\Debug\net6.0-windows\zSmartClient_UnitTest.dll" adapterTypeName="executor://mstestadapter/v2" className="SmartClient_UnitTest.VideoOS.RemoteClient.Application.Controllers.WorkroomController.WorkroomControllerBaseTest" name="RemoveWorkroom_ShouldNotChangeSelection_WhenWorkroomThatIsNotSelectedIsRemoved" />
    </UnitTest>
    <UnitTest name="GetUserOptions_ShouldReturnNullForNewKey_WhenOnlyOldSystemDataIsAvailableInTheSystem" storage="d:\actions-runner\_work\xpco\xpco\allsolutions\..\sc\components\remoteviewer\smartclient\tst\zsmartclient_unittest\bin\x64\debug\net6.0-windows\zsmartclient_unittest.dll" id="88fa8516-0d21-8d70-a765-06ab5bfbd249">
      <TestCategory>
        <TestCategoryItem TestCategory="Managers" />
      </TestCategory>
      <Execution id="a38fb92f-6ac9-4e43-bb3d-3a2d3478bb77" />
      <TestMethod codeBase="D:\actions-runner\_work\XPCO\XPCO\AllSolutions\..\SC\Components\RemoteViewer\SmartClient\tst\zSmartClient_UnitTest\bin\x64\Debug\net6.0-windows\zSmartClient_UnitTest.dll" adapterTypeName="executor://mstestadapter/v2" className="SmartClient_UnitTest.VideoOS.RemoteClient.Application.Managers.OptionManagerTests" name="GetUserOptions_ShouldReturnNullForNewKey_WhenOnlyOldSystemDataIsAvailableInTheSystem" />
    </UnitTest>
    <UnitTest name="Session_Built" storage="d:\actions-runner\_work\xpco\xpco\allsolutions\..\sc\components\remoteviewer\smartclient\tst\zsmartclient_unittest\bin\x64\debug\net6.0-windows\zsmartclient_unittest.dll" id="eb5a9d83-2458-0842-7b16-6cd517958096">
      <Execution id="48bc14db-102b-43ef-8f4a-0c1446d6e062" />
      <TestMethod codeBase="D:\actions-runner\_work\XPCO\XPCO\AllSolutions\..\SC\Components\RemoteViewer\SmartClient\tst\zSmartClient_UnitTest\bin\x64\Debug\net6.0-windows\zSmartClient_UnitTest.dll" adapterTypeName="executor://mstestadapter/v2" className="SmartClient_UnitTest.VideoOS.RemoteClient.Application.Components.Search.SearchManagerTest" name="Session_Built" />
    </UnitTest>
    <UnitTest name="Constructor_ShouldRaiseArgumentException_WhenEventServerIdsIsEmpty" storage="d:\actions-runner\_work\xpco\xpco\allsolutions\..\sc\components\remoteviewer\smartclient\tst\zsmartclient_unittest\bin\x64\debug\net6.0-windows\zsmartclient_unittest.dll" id="89935175-7a1b-8472-5162-947ab445be3b">
      <TestCategory>
        <TestCategoryItem TestCategory="AccessControl.Services" />
      </TestCategory>
      <Execution id="aa160d4a-2369-48de-9b83-6f308312de12" />
      <TestMethod codeBase="D:\actions-runner\_work\XPCO\XPCO\AllSolutions\..\SC\Components\RemoteViewer\SmartClient\tst\zSmartClient_UnitTest\bin\x64\Debug\net6.0-windows\zSmartClient_UnitTest.dll" adapterTypeName="executor://mstestadapter/v2" className="SmartClient_UnitTest.VideoOS.RemoteClient.AccessControl.Services.AccessControlGuidProviderTests" name="Constructor_ShouldRaiseArgumentException_WhenEventServerIdsIsEmpty" />
    </UnitTest>
    <UnitTest name="Map_DeleteLayers_OSM_ImageLayer_Success" storage="d:\actions-runner\_work\xpco\xpco\allsolutions\..\sc\components\remoteviewer\smartclient\tst\zsmartclient_unittest\bin\x64\debug\net6.0-windows\zsmartclient_unittest.dll" id="20e8ccab-a0f4-bc81-8521-21ef899c1e27">
      <TestCategory>
        <TestCategoryItem TestCategory="GisMapLayers" />
      </TestCategory>
      <Execution id="a1c38415-9f89-49b6-b63b-64ad9cc07947" />
      <TestMethod codeBase="D:\actions-runner\_work\XPCO\XPCO\AllSolutions\..\SC\Components\RemoteViewer\SmartClient\tst\zSmartClient_UnitTest\bin\x64\Debug\net6.0-windows\zSmartClient_UnitTest.dll" adapterTypeName="executor://mstestadapter/v2" className="SmartClient_UnitTest.VideoOS.RemoteClient.GisMapData.GisMapLayerTests" name="Map_DeleteLayers_OSM_ImageLayer_Success" />
    </UnitTest>
    <UnitTest name="TestConstructor_EmptyPolygon_Success" storage="d:\actions-runner\_work\xpco\xpco\allsolutions\..\sc\components\remoteviewer\smartclient\tst\zsmartclient_unittest\bin\x64\debug\net6.0-windows\zsmartclient_unittest.dll" id="149b064f-9ac3-44fb-3775-5acbf6f1cace">
      <TestCategory>
        <TestCategoryItem TestCategory="GisMap" />
      </TestCategory>
      <Execution id="a0ef7423-dde1-4f40-88fa-3f6a2f5f1396" />
      <TestMethod codeBase="D:\actions-runner\_work\XPCO\XPCO\AllSolutions\..\SC\Components\RemoteViewer\SmartClient\tst\zSmartClient_UnitTest\bin\x64\Debug\net6.0-windows\zSmartClient_UnitTest.dll" adapterTypeName="executor://mstestadapter/v2" className="SmartClient_UnitTest.VideoOS.RemoteClient.GisMap.Common.MapPolygonTest" name="TestConstructor_EmptyPolygon_Success" />
    </UnitTest>
    <UnitTest name="InitializeTokenException_ShouldThrow_WhenErrorOutOfRangeHigh" storage="d:\actions-runner\_work\xpco\xpco\allsolutions\..\sc\components\remoteviewer\smartclient\tst\zsmartclient_unittest\bin\x64\debug\net6.0-windows\zsmartclient_unittest.dll" id="86d2f9a3-cd73-6e30-e154-d9542034e978">
      <TestCategory>
        <TestCategoryItem TestCategory="ServerCommandController.IDPToken" />
      </TestCategory>
      <Execution id="8f16483e-a678-486a-9074-04a318b637f0" />
      <TestMethod codeBase="D:\actions-runner\_work\XPCO\XPCO\AllSolutions\..\SC\Components\RemoteViewer\SmartClient\tst\zSmartClient_UnitTest\bin\x64\Debug\net6.0-windows\zSmartClient_UnitTest.dll" adapterTypeName="executor://mstestadapter/v2" className="SmartClient_UnitTest.VideoOS.RemoteClient.Application.Controllers.TokenExceptionsConverterTests" name="InitializeTokenException_ShouldThrow_WhenErrorOutOfRangeHigh" />
    </UnitTest>
    <UnitTest name="MarkerOnMouseLeftButtonDoubleClicked_ShouldCallToggleMicrophoneStateAsync_WhenIsInLiveMode" storage="d:\actions-runner\_work\xpco\xpco\allsolutions\..\sc\components\remoteviewer\smartclient\tst\zsmartclient_unittest\bin\x64\debug\net6.0-windows\zsmartclient_unittest.dll" id="4586ccb8-434e-a6fb-3efe-7ae23e91a4a4">
      <TestCategory>
        <TestCategoryItem TestCategory="GisMap.MicrophoneMarkerTest" />
      </TestCategory>
      <Execution id="1c859b57-5582-4939-9323-4753fbd81628" />
      <TestMethod codeBase="D:\actions-runner\_work\XPCO\XPCO\AllSolutions\..\SC\Components\RemoteViewer\SmartClient\tst\zSmartClient_UnitTest\bin\x64\Debug\net6.0-windows\zSmartClient_UnitTest.dll" adapterTypeName="executor://mstestadapter/v2" className="SmartClient_UnitTest.VideoOS.RemoteClient.Plugin.GisMap.ThinkGeoMap.Markers.DeviceMarkers.MicrophoneMarker.MicrophoneMarkerTests" name="MarkerOnMouseLeftButtonDoubleClicked_ShouldCallToggleMicrophoneStateAsync_WhenIsInLiveMode" />
    </UnitTest>
    <UnitTest name="Deserialize_ScopeItemsOnly_Success" storage="d:\actions-runner\_work\xpco\xpco\allsolutions\..\sc\components\remoteviewer\smartclient\tst\zsmartclient_unittest\bin\x64\debug\net6.0-windows\zsmartclient_unittest.dll" id="05cdc091-f2e6-9c3b-1f81-118e480d95e3">
      <TestCategory>
        <TestCategoryItem TestCategory="SearchSerialization" />
      </TestCategory>
      <Execution id="87390260-15a4-4e22-a2fd-101d8488949e" />
      <TestMethod codeBase="D:\actions-runner\_work\XPCO\XPCO\AllSolutions\..\SC\Components\RemoteViewer\SmartClient\tst\zSmartClient_UnitTest\bin\x64\Debug\net6.0-windows\zSmartClient_UnitTest.dll" adapterTypeName="executor://mstestadapter/v2" className="SmartClient_UnitTest.VideoOS.RemoteClient.Plugin.CentralizedSearch.Models.Serialization.SearchSerializerTests" name="Deserialize_ScopeItemsOnly_Success" />
    </UnitTest>
    <UnitTest name="Deserialize_UnknownItem_Error" storage="d:\actions-runner\_work\xpco\xpco\allsolutions\..\sc\components\remoteviewer\smartclient\tst\zsmartclient_unittest\bin\x64\debug\net6.0-windows\zsmartclient_unittest.dll" id="e0bc5994-1c1d-ed47-7ea9-5075ce14af91">
      <TestCategory>
        <TestCategoryItem TestCategory="SearchSerialization" />
      </TestCategory>
      <Execution id="7a9b76bd-cd47-4022-bebd-046f6904f28f" />
      <TestMethod codeBase="D:\actions-runner\_work\XPCO\XPCO\AllSolutions\..\SC\Components\RemoteViewer\SmartClient\tst\zSmartClient_UnitTest\bin\x64\Debug\net6.0-windows\zSmartClient_UnitTest.dll" adapterTypeName="executor://mstestadapter/v2" className="SmartClient_UnitTest.VideoOS.RemoteClient.Plugin.CentralizedSearch.Models.Serialization.SearchSerializerTests" name="Deserialize_UnknownItem_Error" />
    </UnitTest>
    <UnitTest name="SupportsRightClick_ShouldBeTrue_WhenInteractionStateIsNormal" storage="d:\actions-runner\_work\xpco\xpco\allsolutions\..\sc\components\remoteviewer\smartclient\tst\zsmartclient_unittest\bin\x64\debug\net6.0-windows\zsmartclient_unittest.dll" id="d096cf54-9fe3-48d3-6b60-9dbe5862c472">
      <TestCategory>
        <TestCategoryItem TestCategory="GisMap.LinkMarker" />
      </TestCategory>
      <Execution id="c7e36f64-9185-4c1f-977e-870db29c295e" />
      <TestMethod codeBase="D:\actions-runner\_work\XPCO\XPCO\AllSolutions\..\SC\Components\RemoteViewer\SmartClient\tst\zSmartClient_UnitTest\bin\x64\Debug\net6.0-windows\zSmartClient_UnitTest.dll" adapterTypeName="executor://mstestadapter/v2" className="SmartClient_UnitTest.VideoOS.RemoteClient.Plugin.GisMap.ThinkGeoMap.Markers.LinkMarker.LinkMarkerTests" name="SupportsRightClick_ShouldBeTrue_WhenInteractionStateIsNormal" />
    </UnitTest>
    <UnitTest name="UpgradeToOAuth_ShouldUpgradeToUnsecureOAuth_WhenRequested" storage="d:\actions-runner\_work\xpco\xpco\allsolutions\..\sc\components\remoteviewer\smartclient\tst\zsmartclient_unittest\bin\x64\debug\net6.0-windows\zsmartclient_unittest.dll" id="62ccc5b1-eb5f-4644-e919-a3a7e7740785">
      <TestCategory>
        <TestCategoryItem TestCategory="Authentication.ClientCredentials" />
      </TestCategory>
      <Execution id="a0a7f835-4a14-451f-93ce-e7bfdfc0ce56" />
      <TestMethod codeBase="D:\actions-runner\_work\XPCO\XPCO\AllSolutions\..\SC\Components\RemoteViewer\SmartClient\tst\zSmartClient_UnitTest\bin\x64\Debug\net6.0-windows\zSmartClient_UnitTest.dll" adapterTypeName="executor://mstestadapter/v2" className="SmartClient_UnitTest.VideoOS.Shared.ServerAPI.ClientCredentialsTest" name="UpgradeToOAuth_ShouldUpgradeToUnsecureOAuth_WhenRequested" />
    </UnitTest>
    <UnitTest name="LoadInitialState_ValidState_ReturnsValidState" storage="d:\actions-runner\_work\xpco\xpco\allsolutions\..\sc\components\remoteviewer\smartclient\tst\zsmartclient_unittest\bin\x64\debug\net6.0-windows\zsmartclient_unittest.dll" id="2aeb0604-7864-ac0e-7483-a1a86a3f6f67">
      <TestCategory>
        <TestCategoryItem TestCategory="Search" />
      </TestCategory>
      <Execution id="569e918a-a938-4d14-b198-2a6007f43a29" />
      <TestMethod codeBase="D:\actions-runner\_work\XPCO\XPCO\AllSolutions\..\SC\Components\RemoteViewer\SmartClient\tst\zSmartClient_UnitTest\bin\x64\Debug\net6.0-windows\zSmartClient_UnitTest.dll" adapterTypeName="executor://mstestadapter/v2" className="SmartClient_UnitTest.VideoOS.RemoteClient.Plugin.CentralizedSearch.CentralizedSearchContentHolderTests" name="LoadInitialState_ValidState_ReturnsValidState" />
    </UnitTest>
    <UnitTest name="PtzSessionController_Register_Non_PTZ_Camera_Test" storage="d:\actions-runner\_work\xpco\xpco\allsolutions\..\sc\components\remoteviewer\smartclient\tst\zsmartclient_unittest\bin\x64\debug\net6.0-windows\zsmartclient_unittest.dll" id="6235db2c-29a6-4a28-c065-7643ea0e2363">
      <Execution id="0d86fc19-fb0c-4200-b84b-4ba938b06a7d" />
      <TestMethod codeBase="D:\actions-runner\_work\XPCO\XPCO\AllSolutions\..\SC\Components\RemoteViewer\SmartClient\tst\zSmartClient_UnitTest\bin\x64\Debug\net6.0-windows\zSmartClient_UnitTest.dll" adapterTypeName="executor://mstestadapter/v2" className="VideoOS.RemoteClient.Application.Controllers.UnitTest.PtzSessionControllerTest" name="PtzSessionController_Register_Non_PTZ_Camera_Test" />
    </UnitTest>
    <UnitTest name="FocusedSearchResultChanged_CameraOnMap_CameraMapLevelFeaturesSavedAndRestored" storage="d:\actions-runner\_work\xpco\xpco\allsolutions\..\sc\components\remoteviewer\smartclient\tst\zsmartclient_unittest\bin\x64\debug\net6.0-windows\zsmartclient_unittest.dll" id="b228f7b3-2a35-5ed1-38ba-c95d5b6752e4">
      <TestCategory>
        <TestCategoryItem TestCategory="Search.SmartMapPreview" />
      </TestCategory>
      <Execution id="f38e50c1-c7aa-448d-9a82-352b6b625da6" />
      <TestMethod codeBase="D:\actions-runner\_work\XPCO\XPCO\AllSolutions\..\SC\Components\RemoteViewer\SmartClient\tst\zSmartClient_UnitTest\bin\x64\Debug\net6.0-windows\zSmartClient_UnitTest.dll" adapterTypeName="executor://mstestadapter/v2" className="SmartClient_UnitTest.VideoOS.RemoteClient.Plugin.CentralizedSearch.Views.Controls.SmartMap.SmartMapPreviewTests" name="FocusedSearchResultChanged_CameraOnMap_CameraMapLevelFeaturesSavedAndRestored" />
    </UnitTest>
    <UnitTest name="Constructor_ShouldThrow_ArgumentNullException_WhenConstructedWithNullClientCredentials" storage="d:\actions-runner\_work\xpco\xpco\allsolutions\..\sc\components\remoteviewer\smartclient\tst\zsmartclient_unittest\bin\x64\debug\net6.0-windows\zsmartclient_unittest.dll" id="828aa887-d61e-2965-7b2f-bafe3c7dac25">
      <TestCategory>
        <TestCategoryItem TestCategory="Authentication.ClientCredentials" />
      </TestCategory>
      <Execution id="d831a613-25bb-4fe6-bc0e-805ccc1987dd" />
      <TestMethod codeBase="D:\actions-runner\_work\XPCO\XPCO\AllSolutions\..\SC\Components\RemoteViewer\SmartClient\tst\zSmartClient_UnitTest\bin\x64\Debug\net6.0-windows\zSmartClient_UnitTest.dll" adapterTypeName="executor://mstestadapter/v2" className="SmartClient_UnitTest.VideoOS.Shared.ServerAPI.ClientCredentialsTest" name="Constructor_ShouldThrow_ArgumentNullException_WhenConstructedWithNullClientCredentials" />
    </UnitTest>
    <UnitTest name="Ctor_MultipleSearchFilterCategoriesInManager_SearchDefinitionCreatedForEachCategory" storage="d:\actions-runner\_work\xpco\xpco\allsolutions\..\sc\components\remoteviewer\smartclient\tst\zsmartclient_unittest\bin\x64\debug\net6.0-windows\zsmartclient_unittest.dll" id="6e668805-e583-b333-030a-20aba32624a1">
      <TestCategory>
        <TestCategoryItem TestCategory="Search" />
      </TestCategory>
      <Execution id="3c4fb07f-8bed-4c54-9f95-135e1fd6602d" />
      <TestMethod codeBase="D:\actions-runner\_work\XPCO\XPCO\AllSolutions\..\SC\Components\RemoteViewer\SmartClient\tst\zSmartClient_UnitTest\bin\x64\Debug\net6.0-windows\zSmartClient_UnitTest.dll" adapterTypeName="executor://mstestadapter/v2" className="SmartClient_UnitTest.VideoOS.RemoteClient.Plugin.CentralizedSearch.MIPPlugin.CompositeSearchDefinitionTests" name="Ctor_MultipleSearchFilterCategoriesInManager_SearchDefinitionCreatedForEachCategory" />
    </UnitTest>
    <UnitTest name="Constructor_ShouldRaiseArgumentNullException_WhenControllerManagerIsNull" storage="d:\actions-runner\_work\xpco\xpco\allsolutions\..\sc\components\remoteviewer\smartclient\tst\zsmartclient_unittest\bin\x64\debug\net6.0-windows\zsmartclient_unittest.dll" id="d3a153fd-0e88-372e-ad4d-024de9ccde9a">
      <TestCategory>
        <TestCategoryItem TestCategory="GisMapAudioController" />
      </TestCategory>
      <Execution id="e1d6cad7-66f6-4ecd-8254-942fefb45541" />
      <TestMethod codeBase="D:\actions-runner\_work\XPCO\XPCO\AllSolutions\..\SC\Components\RemoteViewer\SmartClient\tst\zSmartClient_UnitTest\bin\x64\Debug\net6.0-windows\zSmartClient_UnitTest.dll" adapterTypeName="executor://mstestadapter/v2" className="SmartClient_UnitTest.VideoOS.RemoteClient.GisMapData.GisMapAudioControllerTests" name="Constructor_ShouldRaiseArgumentNullException_WhenControllerManagerIsNull" />
    </UnitTest>
    <UnitTest name="PatrollingStepListViewModel_PresetModified" storage="d:\actions-runner\_work\xpco\xpco\allsolutions\..\sc\components\remoteviewer\smartclient\tst\zsmartclient_unittest\bin\x64\debug\net6.0-windows\zsmartclient_unittest.dll" id="85091bf5-79fb-de26-dea4-3270f148dbfd">
      <Execution id="4aac7378-3e9f-4084-864d-5e15c5c932e7" />
      <TestMethod codeBase="D:\actions-runner\_work\XPCO\XPCO\AllSolutions\..\SC\Components\RemoteViewer\SmartClient\tst\zSmartClient_UnitTest\bin\x64\Debug\net6.0-windows\zSmartClient_UnitTest.dll" adapterTypeName="executor://mstestadapter/v2" className="SmartClient_UnitTest.VideoOS.RemoteClient.Application.UI.PtzPreset.PatrollingViewModel.PatrollingStepListViewModelTest" name="PatrollingStepListViewModel_PresetModified" />
    </UnitTest>
    <UnitTest name="Constructor_ShouldRaiseArgumentNullException_WhenNextDeviceDataHandlerIsNull" storage="d:\actions-runner\_work\xpco\xpco\allsolutions\..\sc\components\remoteviewer\smartclient\tst\zsmartclient_unittest\bin\x64\debug\net6.0-windows\zsmartclient_unittest.dll" id="f19f66f7-3714-6457-44d8-9a0c3461226c">
      <TestCategory>
        <TestCategoryItem TestCategory="GisMap.Handlers.Devices.MapItems" />
      </TestCategory>
      <Execution id="21183b72-ddba-40c9-89f4-18d147c4da2b" />
      <TestMethod codeBase="D:\actions-runner\_work\XPCO\XPCO\AllSolutions\..\SC\Components\RemoteViewer\SmartClient\tst\zSmartClient_UnitTest\bin\x64\Debug\net6.0-windows\zSmartClient_UnitTest.dll" adapterTypeName="executor://mstestadapter/v2" className="SmartClient_UnitTest.VideoOS.RemoteClient.Plugin.GisMap.Handlers.Devices.MapItems.CameraDataHandlerTests" name="Constructor_ShouldRaiseArgumentNullException_WhenNextDeviceDataHandlerIsNull" />
    </UnitTest>
    <UnitTest name="Execute_CopyToClipboardCommand_ClipboardContainsText" storage="d:\actions-runner\_work\xpco\xpco\allsolutions\..\sc\components\remoteviewer\smartclient\tst\zsmartclient_unittest\bin\x64\debug\net6.0-windows\zsmartclient_unittest.dll" id="f710e014-90ce-d71f-9c5f-5c71e6c4af0c">
      <Execution id="cac948bb-2f5a-4310-ab9a-340e9c4102b8" />
      <TestMethod codeBase="D:\actions-runner\_work\XPCO\XPCO\AllSolutions\..\SC\Components\RemoteViewer\SmartClient\tst\zSmartClient_UnitTest\bin\x64\Debug\net6.0-windows\zSmartClient_UnitTest.dll" adapterTypeName="executor://mstestadapter/v2" className="SmartClient_UnitTest.VideoOS.RemoteClient.Application.UI.Common.MessageBoxWithList.MessageBoxWithListViewModelTests" name="Execute_CopyToClipboardCommand_ClipboardContainsText" />
    </UnitTest>
    <UnitTest name="MergeOptionNodes_ShouldMergeOptionsFromOldKeyAndNewKey_WhenBothSettingsHaveOptionsAndEmptyNamespaceAddedToOptionsElement" storage="d:\actions-runner\_work\xpco\xpco\allsolutions\..\sc\components\remoteviewer\smartclient\tst\zsmartclient_unittest\bin\x64\debug\net6.0-windows\zsmartclient_unittest.dll" id="40975595-da4a-f761-4446-28adcce54b50">
      <TestCategory>
        <TestCategoryItem TestCategory="Managers" />
      </TestCategory>
      <Execution id="9875dd9e-0f5f-4b9b-a526-b81632923689" />
      <TestMethod codeBase="D:\actions-runner\_work\XPCO\XPCO\AllSolutions\..\SC\Components\RemoteViewer\SmartClient\tst\zSmartClient_UnitTest\bin\x64\Debug\net6.0-windows\zSmartClient_UnitTest.dll" adapterTypeName="executor://mstestadapter/v2" className="SmartClient_UnitTest.VideoOS.RemoteClient.Application.Managers.OptionManagerTests" name="MergeOptionNodes_ShouldMergeOptionsFromOldKeyAndNewKey_WhenBothSettingsHaveOptionsAndEmptyNamespaceAddedToOptionsElement" />
    </UnitTest>
    <UnitTest name="MapOutputIcons_WhenPinkOemResource_ShouldReturnTwoIcons" storage="d:\actions-runner\_work\xpco\xpco\allsolutions\..\sc\components\remoteviewer\smartclient\tst\zsmartclient_unittest\bin\x64\debug\net6.0-windows\zsmartclient_unittest.dll" id="c6dda2cd-bb4c-abf6-4c9e-75c0a7c49325">
      <Execution id="d5ef4aea-e505-411f-bb64-74a01b2ad42f" />
      <TestMethod codeBase="D:\actions-runner\_work\XPCO\XPCO\AllSolutions\..\SC\Components\RemoteViewer\SmartClient\tst\zSmartClient_UnitTest\bin\x64\Debug\net6.0-windows\zSmartClient_UnitTest.dll" adapterTypeName="executor://mstestadapter/v2" className="SmartClient_UnitTest.VideoOS.RemoteClient.Application.Controllers.OemResourceControllerTest" name="MapOutputIcons_WhenPinkOemResource_ShouldReturnTwoIcons" />
    </UnitTest>
    <UnitTest name="PtzSessionControllerInfo_ReservedChangedTest_Different" storage="d:\actions-runner\_work\xpco\xpco\allsolutions\..\sc\components\remoteviewer\smartclient\tst\zsmartclient_unittest\bin\x64\debug\net6.0-windows\zsmartclient_unittest.dll" id="831c9d38-b235-c32d-79f4-dc554e18bb06">
      <Execution id="a42d0b5c-2dda-4be2-9bad-aa7f263e8aaf" />
      <TestMethod codeBase="D:\actions-runner\_work\XPCO\XPCO\AllSolutions\..\SC\Components\RemoteViewer\SmartClient\tst\zSmartClient_UnitTest\bin\x64\Debug\net6.0-windows\zSmartClient_UnitTest.dll" adapterTypeName="executor://mstestadapter/v2" className="VideoOS.RemoteClient.Application.Controllers.UnitTest.PtzSessionControllerTest" name="PtzSessionControllerInfo_ReservedChangedTest_Different" />
    </UnitTest>
    <UnitTest name="ConvertToNewLevel_OneLevelUp_Success" storage="d:\actions-runner\_work\xpco\xpco\allsolutions\..\sc\components\remoteviewer\smartclient\tst\zsmartclient_unittest\bin\x64\debug\net6.0-windows\zsmartclient_unittest.dll" id="25e21b40-8b6b-75c0-de39-11c840b2c816">
      <TestCategory>
        <TestCategoryItem TestCategory="GisMapIndex" />
      </TestCategory>
      <Execution id="0112f10f-a5e2-4194-8c2a-6c1477b02fce" />
      <TestMethod codeBase="D:\actions-runner\_work\XPCO\XPCO\AllSolutions\..\SC\Components\RemoteViewer\SmartClient\tst\zSmartClient_UnitTest\bin\x64\Debug\net6.0-windows\zSmartClient_UnitTest.dll" adapterTypeName="executor://mstestadapter/v2" className="SmartClient_UnitTest.VideoOS.RemoteClient.GisMapData.Common.Indexer.IndexGridExtentTest" name="ConvertToNewLevel_OneLevelUp_Success" />
    </UnitTest>
    <UnitTest name="Constructor_ShouldRaiseArgumentNullException_WhenHeadlinesIsNull" storage="d:\actions-runner\_work\xpco\xpco\allsolutions\..\sc\components\remoteviewer\smartclient\tst\zsmartclient_unittest\bin\x64\debug\net6.0-windows\zsmartclient_unittest.dll" id="e16392e0-b74b-20a1-bfd8-cf04cd22dc42">
      <TestCategory>
        <TestCategoryItem TestCategory="GisMap.LayerVisibilityItemDataChildrenToggleItemDecoratorTests" />
      </TestCategory>
      <Execution id="c0eb1f1f-a9d3-42e1-b114-30fd1677052a" />
      <TestMethod codeBase="D:\actions-runner\_work\XPCO\XPCO\AllSolutions\..\SC\Components\RemoteViewer\SmartClient\tst\zSmartClient_UnitTest\bin\x64\Debug\net6.0-windows\zSmartClient_UnitTest.dll" adapterTypeName="executor://mstestadapter/v2" className="SmartClient_UnitTest.VideoOS.RemoteClient.Plugin.GisMap.ViewModels.LayersVisibility.Decorators.LayerVisibilityItemDataChildrenToggleItemDecoratorTests" name="Constructor_ShouldRaiseArgumentNullException_WhenHeadlinesIsNull" />
    </UnitTest>
    <UnitTest name="Deserialize_InvalidPluginIdElement_Error" storage="d:\actions-runner\_work\xpco\xpco\allsolutions\..\sc\components\remoteviewer\smartclient\tst\zsmartclient_unittest\bin\x64\debug\net6.0-windows\zsmartclient_unittest.dll" id="9586cc92-f1bb-653a-bd17-70b79fb89f50">
      <TestCategory>
        <TestCategoryItem TestCategory="SearchSerialization" />
      </TestCategory>
      <Execution id="3a3491b6-a97c-4f38-ba8c-e10d2adbd003" />
      <TestMethod codeBase="D:\actions-runner\_work\XPCO\XPCO\AllSolutions\..\SC\Components\RemoteViewer\SmartClient\tst\zSmartClient_UnitTest\bin\x64\Debug\net6.0-windows\zSmartClient_UnitTest.dll" adapterTypeName="executor://mstestadapter/v2" className="SmartClient_UnitTest.VideoOS.RemoteClient.Plugin.CentralizedSearch.Models.Serialization.SearchSerializerTests" name="Deserialize_InvalidPluginIdElement_Error" />
    </UnitTest>
    <UnitTest name="OnMarkerRightClicked_ShouldUseCrossTypeMenuItems_WhenNotInSetupModeAndMultipleItemsFromDifferentLayersIncludingAtLeastOneCameraAreSelected" storage="d:\actions-runner\_work\xpco\xpco\allsolutions\..\sc\components\remoteviewer\smartclient\tst\zsmartclient_unittest\bin\x64\debug\net6.0-windows\zsmartclient_unittest.dll" id="cd8ebcc2-066f-cdc6-6883-57e1205bcf51">
      <TestCategory>
        <TestCategoryItem TestCategory="SmartMap.MapItemsOverlay" />
      </TestCategory>
      <Execution id="1fca5293-7033-46da-a7d3-890abd1b63ab" />
      <TestMethod codeBase="D:\actions-runner\_work\XPCO\XPCO\AllSolutions\..\SC\Components\RemoteViewer\SmartClient\tst\zSmartClient_UnitTest\bin\x64\Debug\net6.0-windows\zSmartClient_UnitTest.dll" adapterTypeName="executor://mstestadapter/v2" className="SmartClient_UnitTest.VideoOS.RemoteClient.Plugin.GisMap.ThinkGeoMap.SpecializedOverlays.Overlays.MapItemsOverlayTests" name="OnMarkerRightClicked_ShouldUseCrossTypeMenuItems_WhenNotInSetupModeAndMultipleItemsFromDifferentLayersIncludingAtLeastOneCameraAreSelected" />
    </UnitTest>
    <UnitTest name="PatrollingStepListViewModel_SelectedPatrollingStepViewModel" storage="d:\actions-runner\_work\xpco\xpco\allsolutions\..\sc\components\remoteviewer\smartclient\tst\zsmartclient_unittest\bin\x64\debug\net6.0-windows\zsmartclient_unittest.dll" id="224208d0-b60c-0e1e-7362-af15735beb49">
      <Execution id="93b22a8b-0e19-4995-b4f5-d6711349bc36" />
      <TestMethod codeBase="D:\actions-runner\_work\XPCO\XPCO\AllSolutions\..\SC\Components\RemoteViewer\SmartClient\tst\zSmartClient_UnitTest\bin\x64\Debug\net6.0-windows\zSmartClient_UnitTest.dll" adapterTypeName="executor://mstestadapter/v2" className="SmartClient_UnitTest.VideoOS.RemoteClient.Application.UI.PtzPreset.PatrollingViewModel.PatrollingStepListViewModelTest" name="PatrollingStepListViewModel_SelectedPatrollingStepViewModel" />
    </UnitTest>
    <UnitTest name="LoadBoundingShapes_ShouldMergeBoundingShapes_WhenResultProvidesBoundingShapesAndMetadataObjects" storage="d:\actions-runner\_work\xpco\xpco\allsolutions\..\sc\components\remoteviewer\smartclient\tst\zsmartclient_unittest\bin\x64\debug\net6.0-windows\zsmartclient_unittest.dll" id="e70bd816-d0ac-eace-44c7-520cb1bd1024">
      <Execution id="423b1c82-17c0-43ab-91c4-eb03434ce8ae" />
      <TestMethod codeBase="D:\actions-runner\_work\XPCO\XPCO\AllSolutions\..\SC\Components\RemoteViewer\SmartClient\tst\zSmartClient_UnitTest\bin\x64\Debug\net6.0-windows\zSmartClient_UnitTest.dll" adapterTypeName="executor://mstestadapter/v2" className="SmartClient_UnitTest.VideoOS.RemoteClient.Plugin.CentralizedSearch.MIPPlugin.Results.VideoSearchResultUserControlTests" name="LoadBoundingShapes_ShouldMergeBoundingShapes_WhenResultProvidesBoundingShapesAndMetadataObjects" />
    </UnitTest>
    <UnitTest name="BeginTimeWithPadding_ShouldBeSetToValueOfSearchResult" storage="d:\actions-runner\_work\xpco\xpco\allsolutions\..\sc\components\remoteviewer\smartclient\tst\zsmartclient_unittest\bin\x64\debug\net6.0-windows\zsmartclient_unittest.dll" id="2b698e66-74fb-6c00-069a-969a34e3db3a">
      <TestCategory>
        <TestCategoryItem TestCategory="Search.Wrappers" />
      </TestCategory>
      <Execution id="bb0cb8a9-eaaf-4426-8a31-6b45848ef660" />
      <TestMethod codeBase="D:\actions-runner\_work\XPCO\XPCO\AllSolutions\..\SC\Components\RemoteViewer\SmartClient\tst\zSmartClient_UnitTest\bin\x64\Debug\net6.0-windows\zSmartClient_UnitTest.dll" adapterTypeName="executor://mstestadapter/v2" className="SmartClient_UnitTest.VideoOS.RemoteClient.Plugin.CentralizedSearch.Models.Wrappers.SearchResultDataWrapperTests" name="BeginTimeWithPadding_ShouldBeSetToValueOfSearchResult" />
    </UnitTest>
    <UnitTest name="OnLoaded_NoUserControl_Success" storage="d:\actions-runner\_work\xpco\xpco\allsolutions\..\sc\components\remoteviewer\smartclient\tst\zsmartclient_unittest\bin\x64\debug\net6.0-windows\zsmartclient_unittest.dll" id="45e90a7e-78c2-d92a-c93a-505afc46f1ab">
      <TestCategory>
        <TestCategoryItem TestCategory="Search" />
      </TestCategory>
      <Execution id="81d412a6-3c17-4135-9242-1ef14e6b1daf" />
      <TestMethod codeBase="D:\actions-runner\_work\XPCO\XPCO\AllSolutions\..\SC\Components\RemoteViewer\SmartClient\tst\zSmartClient_UnitTest\bin\x64\Debug\net6.0-windows\zSmartClient_UnitTest.dll" adapterTypeName="executor://mstestadapter/v2" className="SmartClient_UnitTest.VideoOS.RemoteClient.Plugin.CentralizedSearch.Views.SearchResultContainerViewTests" name="OnLoaded_NoUserControl_Success" />
    </UnitTest>
    <UnitTest name="CreateDefinition_FireMultipleSearchResultsInMultipleEvents_SearchFinishedWithResults" storage="d:\actions-runner\_work\xpco\xpco\allsolutions\..\sc\components\remoteviewer\smartclient\tst\zsmartclient_unittest\bin\x64\debug\net6.0-windows\zsmartclient_unittest.dll" id="0af4332b-024f-1289-6f42-007e21f2be10">
      <TestCategory>
        <TestCategoryItem TestCategory="SearchModels" />
      </TestCategory>
      <Execution id="4100e6a3-3c51-405e-9c0a-c00b2a413ce0" />
      <TestMethod codeBase="D:\actions-runner\_work\XPCO\XPCO\AllSolutions\..\SC\Components\RemoteViewer\SmartClient\tst\zSmartClient_UnitTest\bin\x64\Debug\net6.0-windows\zSmartClient_UnitTest.dll" adapterTypeName="executor://mstestadapter/v2" className="SmartClient_UnitTest.VideoOS.RemoteClient.Plugin.CentralizedSearch.Models.SearchModelTests" name="CreateDefinition_FireMultipleSearchResultsInMultipleEvents_SearchFinishedWithResults" />
    </UnitTest>
    <UnitTest name="SmartMapGoToAreaHandler_WhenDataIsInvalid_ShouldWriteToLog" storage="d:\actions-runner\_work\xpco\xpco\allsolutions\..\sc\components\remoteviewer\smartclient\tst\zsmartclient_unittest\bin\x64\debug\net6.0-windows\zsmartclient_unittest.dll" id="7bad54ac-e807-b7de-c086-e2462b8bfb21">
      <Execution id="701cf3fc-d51f-4a91-8a1c-f0858d33726f" />
      <TestMethod codeBase="D:\actions-runner\_work\XPCO\XPCO\AllSolutions\..\SC\Components\RemoteViewer\SmartClient\tst\zSmartClient_UnitTest\bin\x64\Debug\net6.0-windows\zSmartClient_UnitTest.dll" adapterTypeName="executor://mstestadapter/v2" className="SmartClient_UnitTest.VideoOS.RemoteClient.Plugin.GisMap.MIP.ContentHolderMipMessageManagerTests" name="SmartMapGoToAreaHandler_WhenDataIsInvalid_ShouldWriteToLog" />
    </UnitTest>
    <UnitTest name="UpgradeToOAuth_ShouldUpgradeToSecureOAuth_WhenRequested" storage="d:\actions-runner\_work\xpco\xpco\allsolutions\..\sc\components\remoteviewer\smartclient\tst\zsmartclient_unittest\bin\x64\debug\net6.0-windows\zsmartclient_unittest.dll" id="da581dbd-fdf9-2018-b5c2-8286b59a8ac1">
      <TestCategory>
        <TestCategoryItem TestCategory="Authentication.ClientCredentials" />
      </TestCategory>
      <Execution id="fe651411-42fc-4274-bcf2-d78e98d0344c" />
      <TestMethod codeBase="D:\actions-runner\_work\XPCO\XPCO\AllSolutions\..\SC\Components\RemoteViewer\SmartClient\tst\zSmartClient_UnitTest\bin\x64\Debug\net6.0-windows\zSmartClient_UnitTest.dll" adapterTypeName="executor://mstestadapter/v2" className="SmartClient_UnitTest.VideoOS.Shared.ServerAPI.ClientCredentialsTest" name="UpgradeToOAuth_ShouldUpgradeToSecureOAuth_WhenRequested" />
    </UnitTest>
    <UnitTest name="RemoveWorkroom_ShouldChangeSelectionToPreviousWorkroom_WhenSelectedWorkroomIsRemovedAndThereIsNoNextWorkroom" storage="d:\actions-runner\_work\xpco\xpco\allsolutions\..\sc\components\remoteviewer\smartclient\tst\zsmartclient_unittest\bin\x64\debug\net6.0-windows\zsmartclient_unittest.dll" id="3396378a-9ca0-08c0-5632-b84c1a5adbad">
      <TestCategory>
        <TestCategoryItem TestCategory="WorkroomController" />
      </TestCategory>
      <Execution id="e0103ab8-68a6-4426-b025-3f7fad2988c3" />
      <TestMethod codeBase="D:\actions-runner\_work\XPCO\XPCO\AllSolutions\..\SC\Components\RemoteViewer\SmartClient\tst\zSmartClient_UnitTest\bin\x64\Debug\net6.0-windows\zSmartClient_UnitTest.dll" adapterTypeName="executor://mstestadapter/v2" className="SmartClient_UnitTest.VideoOS.RemoteClient.Application.Controllers.WorkroomController.WorkroomControllerBaseTest" name="RemoveWorkroom_ShouldChangeSelectionToPreviousWorkroom_WhenSelectedWorkroomIsRemovedAndThereIsNoNextWorkroom" />
    </UnitTest>
    <UnitTest name="GetServers_ShouldReturnCorrectServerByIdsTest" storage="d:\actions-runner\_work\xpco\xpco\allsolutions\..\sc\components\remoteviewer\smartclient\tst\zsmartclient_unittest\bin\x64\debug\net6.0-windows\zsmartclient_unittest.dll" id="6f067ff4-f915-05c2-a0a4-f5e23793ba9b">
      <Execution id="0e1105ff-8163-4d1a-817d-431bd95ca6dd" />
      <TestMethod codeBase="D:\actions-runner\_work\XPCO\XPCO\AllSolutions\..\SC\Components\RemoteViewer\SmartClient\tst\zSmartClient_UnitTest\bin\x64\Debug\net6.0-windows\zSmartClient_UnitTest.dll" adapterTypeName="executor://mstestadapter/v2" className="SmartClient_UnitTest.VideoOS.RemoteClient.Application.Data.ContentTypes.ReportingContentType.DashboardDetailsProviderTest" name="GetServers_ShouldReturnCorrectServerByIdsTest" />
    </UnitTest>
    <UnitTest name="DeviceIcons_ShouldReturnIconsInAProperOrder_WhenCalled" storage="d:\actions-runner\_work\xpco\xpco\allsolutions\..\sc\components\remoteviewer\smartclient\tst\zsmartclient_unittest\bin\x64\debug\net6.0-windows\zsmartclient_unittest.dll" id="c6aa84d9-56b3-333b-31b6-309528e6353e">
      <TestCategory>
        <TestCategoryItem TestCategory="GisMapData.OutputOemResourcesProviderTests" />
      </TestCategory>
      <Execution id="039be0e2-bff8-4aa8-92c1-8af3afbea630" />
      <TestMethod codeBase="D:\actions-runner\_work\XPCO\XPCO\AllSolutions\..\SC\Components\RemoteViewer\SmartClient\tst\zSmartClient_UnitTest\bin\x64\Debug\net6.0-windows\zSmartClient_UnitTest.dll" adapterTypeName="executor://mstestadapter/v2" className="SmartClient_UnitTest.VideoOS.RemoteClient.GisMapData.Resources.OutputOemResourcesProviderTests" name="DeviceIcons_ShouldReturnIconsInAProperOrder_WhenCalled" />
    </UnitTest>
    <UnitTest name="TryGetOsmServerTileAddress_ShouldSetEmptyAddress_WhenOsmServerAddressIsInvalid" storage="d:\actions-runner\_work\xpco\xpco\allsolutions\..\sc\components\remoteviewer\smartclient\tst\zsmartclient_unittest\bin\x64\debug\net6.0-windows\zsmartclient_unittest.dll" id="87d4d6f3-e417-2505-d5bd-2afd34871ea6">
      <TestCategory>
        <TestCategoryItem TestCategory="GisMapData.Controllers.Osm" />
      </TestCategory>
      <Execution id="469bdb11-af0e-4cd8-bf0f-d946ab69f847" />
      <TestMethod codeBase="D:\actions-runner\_work\XPCO\XPCO\AllSolutions\..\SC\Components\RemoteViewer\SmartClient\tst\zSmartClient_UnitTest\bin\x64\Debug\net6.0-windows\zSmartClient_UnitTest.dll" adapterTypeName="executor://mstestadapter/v2" className="SmartClient_UnitTest.VideoOS.RemoteClient.GisMapData.Controllers.Osm.GisMapOsmControllerTests" name="TryGetOsmServerTileAddress_ShouldSetEmptyAddress_WhenOsmServerAddressIsInvalid" />
    </UnitTest>
    <UnitTest name="Constructor_ShouldThrowAnException_WhenWorkspaceToolbarPluginIsNull" storage="d:\actions-runner\_work\xpco\xpco\allsolutions\..\sc\components\remoteviewer\smartclient\tst\zsmartclient_unittest\bin\x64\debug\net6.0-windows\zsmartclient_unittest.dll" id="e0ca0f50-e0fe-3af6-65f6-228d57aa9d13">
      <TestCategory>
        <TestCategoryItem TestCategory="WorkspaceToolbar" />
      </TestCategory>
      <Execution id="8ff9e862-06f3-4c1e-970f-fd456984dc4e" />
      <TestMethod codeBase="D:\actions-runner\_work\XPCO\XPCO\AllSolutions\..\SC\Components\RemoteViewer\SmartClient\tst\zSmartClient_UnitTest\bin\x64\Debug\net6.0-windows\zSmartClient_UnitTest.dll" adapterTypeName="executor://mstestadapter/v2" className="SmartClient_UnitTest.VideoOS.RemoteClient.Application.Data.WorkspaceToolbar.WorkspaceToolbarItemMipPluginTests" name="Constructor_ShouldThrowAnException_WhenWorkspaceToolbarPluginIsNull" />
    </UnitTest>
    <UnitTest name="TrySelectAvailableExportNameTest_ShouldReturnValidationResultOk_WhenEverythingIsOk" storage="d:\actions-runner\_work\xpco\xpco\allsolutions\..\sc\components\remoteviewer\smartclient\tst\zsmartclient_unittest\bin\x64\debug\net6.0-windows\zsmartclient_unittest.dll" id="2a89a08d-dc4f-9b66-c54a-43d74ab324c2">
      <Execution id="8994c76b-4ed4-436e-8d4a-946068b17e9c" />
      <TestMethod codeBase="D:\actions-runner\_work\XPCO\XPCO\AllSolutions\..\SC\Components\RemoteViewer\SmartClient\tst\zSmartClient_UnitTest\bin\x64\Debug\net6.0-windows\zSmartClient_UnitTest.dll" adapterTypeName="executor://mstestadapter/v2" className="SmartClient_UnitTest.VideoOS.RemoteClient.Application.Data.Export.ExportDataHelperTests" name="TrySelectAvailableExportNameTest_ShouldReturnValidationResultOk_WhenEverythingIsOk" />
    </UnitTest>
    <UnitTest name="GetItemsIn_BuildingNoLevelsNotIndexed_NoException" storage="d:\actions-runner\_work\xpco\xpco\allsolutions\..\sc\components\remoteviewer\smartclient\tst\zsmartclient_unittest\bin\x64\debug\net6.0-windows\zsmartclient_unittest.dll" id="9a1e0638-3454-96aa-be92-9d9c7a4bfa39">
      <TestCategory>
        <TestCategoryItem TestCategory="GisMapIndex" />
      </TestCategory>
      <Execution id="1676387d-46e9-49c6-98a3-7b70e06152c1" />
      <TestMethod codeBase="D:\actions-runner\_work\XPCO\XPCO\AllSolutions\..\SC\Components\RemoteViewer\SmartClient\tst\zSmartClient_UnitTest\bin\x64\Debug\net6.0-windows\zSmartClient_UnitTest.dll" adapterTypeName="executor://mstestadapter/v2" className="SmartClient_UnitTest.VideoOS.RemoteClient.GisMapData.Common.Indexer.BuildingsAwareIndexerTests" name="GetItemsIn_BuildingNoLevelsNotIndexed_NoException" />
    </UnitTest>
    <UnitTest name="ResultCountText_SeveralResults_Success" storage="d:\actions-runner\_work\xpco\xpco\allsolutions\..\sc\components\remoteviewer\smartclient\tst\zsmartclient_unittest\bin\x64\debug\net6.0-windows\zsmartclient_unittest.dll" id="f7bcbf5e-0012-a0f0-d3f0-82ca6b14f5dd">
      <TestCategory>
        <TestCategoryItem TestCategory="SearchResultViewModels" />
      </TestCategory>
      <Execution id="6a75836c-87b7-425e-916e-9366fcba3869" />
      <TestMethod codeBase="D:\actions-runner\_work\XPCO\XPCO\AllSolutions\..\SC\Components\RemoteViewer\SmartClient\tst\zSmartClient_UnitTest\bin\x64\Debug\net6.0-windows\zSmartClient_UnitTest.dll" adapterTypeName="executor://mstestadapter/v2" className="SmartClient_UnitTest.VideoOS.RemoteClient.Plugin.CentralizedSearch.ViewModels.SearchResultsViewModelTest" name="ResultCountText_SeveralResults_Success" />
    </UnitTest>
    <UnitTest name="SetSelectedDuration_CustomInterval_CustomIntervalOpenSet" storage="d:\actions-runner\_work\xpco\xpco\allsolutions\..\sc\components\remoteviewer\smartclient\tst\zsmartclient_unittest\bin\x64\debug\net6.0-windows\zsmartclient_unittest.dll" id="2e1f1a04-832c-f244-dd8a-e5aa199150f1">
      <TestCategory>
        <TestCategoryItem TestCategory="SearchViewModels" />
      </TestCategory>
      <Execution id="59d8a6cf-1d59-49bc-bb42-ace980b1adc5" />
      <TestMethod codeBase="D:\actions-runner\_work\XPCO\XPCO\AllSolutions\..\SC\Components\RemoteViewer\SmartClient\tst\zSmartClient_UnitTest\bin\x64\Debug\net6.0-windows\zSmartClient_UnitTest.dll" adapterTypeName="executor://mstestadapter/v2" className="SmartClient_UnitTest.VideoOS.RemoteClient.Plugin.CentralizedSearch.ViewModels.SearchViewModelTests" name="SetSelectedDuration_CustomInterval_CustomIntervalOpenSet" />
    </UnitTest>
    <UnitTest name="GetCameraTypes_ShouldReturnCameraGroupType" storage="d:\actions-runner\_work\xpco\xpco\allsolutions\..\sc\components\remoteviewer\smartclient\tst\zsmartclient_unittest\bin\x64\debug\net6.0-windows\zsmartclient_unittest.dll" id="c6c12d45-27fb-4bdb-9c70-a3598bb5e949">
      <Execution id="1a79e7f8-e521-491f-ba6d-1f6f5b404906" />
      <TestMethod codeBase="D:\actions-runner\_work\XPCO\XPCO\AllSolutions\..\SC\Components\RemoteViewer\SmartClient\tst\zSmartClient_UnitTest\bin\x64\Debug\net6.0-windows\zSmartClient_UnitTest.dll" adapterTypeName="executor://mstestadapter/v2" className="SmartClient_UnitTest.VideoOS.RemoteClient.Application.Data.ContentTypes.ReportingContentType.DashboardExtentionsTest" name="GetCameraTypes_ShouldReturnCameraGroupType" />
    </UnitTest>
    <UnitTest name="TestForAssemblyCoverage" storage="d:\actions-runner\_work\xpco\xpco\allsolutions\..\sc\components\remoteviewer\smartclient\tst\zsmartclient_unittest\bin\x64\debug\net6.0-windows\zsmartclient_unittest.dll" id="174bdb8c-ca63-6d38-8008-0e1813915a8c">
      <Execution id="d22f4b21-f158-4957-b315-92734ceb794f" />
      <TestMethod codeBase="D:\actions-runner\_work\XPCO\XPCO\AllSolutions\..\SC\Components\RemoteViewer\SmartClient\tst\zSmartClient_UnitTest\bin\x64\Debug\net6.0-windows\zSmartClient_UnitTest.dll" adapterTypeName="executor://mstestadapter/v2" className="SmartClient_UnitTest.VideoOS.RemoteClient.Plugin.Map.UnitTest1" name="TestForAssemblyCoverage" />
    </UnitTest>
    <UnitTest name="DetermineUserAllowsUnsecureConnection_WhereUserIsAskedAndUnsecureIsNotAllow_ShouldReturnFalse" storage="d:\actions-runner\_work\xpco\xpco\allsolutions\..\sc\components\remoteviewer\smartclient\tst\zsmartclient_unittest\bin\x64\debug\net6.0-windows\zsmartclient_unittest.dll" id="17b36dbd-a0b1-7dd9-4d17-df2b3239cefc">
      <Execution id="0573dea6-6e75-44b7-b79a-0573f42b6bd9" />
      <TestMethod codeBase="D:\actions-runner\_work\XPCO\XPCO\AllSolutions\..\SC\Components\RemoteViewer\SmartClient\tst\zSmartClient_UnitTest\bin\x64\Debug\net6.0-windows\zSmartClient_UnitTest.dll" adapterTypeName="executor://mstestadapter/v2" className="VideoOS.RemoteClient.Application.Managers.UnitTest.AllowUnsecureConnectionManagerTests" name="DetermineUserAllowsUnsecureConnection_WhereUserIsAskedAndUnsecureIsNotAllow_ShouldReturnFalse" />
    </UnitTest>
    <UnitTest name="MoveToTop_ShouldMoveMarkerTopmost_WhenNotAlreadyTopmost" storage="d:\actions-runner\_work\xpco\xpco\allsolutions\..\sc\components\remoteviewer\smartclient\tst\zsmartclient_unittest\bin\x64\debug\net6.0-windows\zsmartclient_unittest.dll" id="45426788-53bd-fdd6-9e67-f15e7f5b5490">
      <TestCategory>
        <TestCategoryItem TestCategory="SmartMap.MapItemsOverlay" />
      </TestCategory>
      <Execution id="2b073fc1-11af-42bf-a809-41b00d90fb05" />
      <TestMethod codeBase="D:\actions-runner\_work\XPCO\XPCO\AllSolutions\..\SC\Components\RemoteViewer\SmartClient\tst\zSmartClient_UnitTest\bin\x64\Debug\net6.0-windows\zSmartClient_UnitTest.dll" adapterTypeName="executor://mstestadapter/v2" className="SmartClient_UnitTest.VideoOS.RemoteClient.Plugin.GisMap.ThinkGeoMap.SpecializedOverlays.Overlays.MapItemsOverlayTests" name="MoveToTop_ShouldMoveMarkerTopmost_WhenNotAlreadyTopmost" />
    </UnitTest>
    <UnitTest name="InitializeTokenException_ShouldReturnTokenException_ForValidTokenErrors" storage="d:\actions-runner\_work\xpco\xpco\allsolutions\..\sc\components\remoteviewer\smartclient\tst\zsmartclient_unittest\bin\x64\debug\net6.0-windows\zsmartclient_unittest.dll" id="22f81f95-90ca-baa7-300b-797405eeaf34">
      <TestCategory>
        <TestCategoryItem TestCategory="ServerCommandController.IDPToken" />
      </TestCategory>
      <Execution id="d4283000-b156-4e4d-9de4-f8d33989e128" />
      <TestMethod codeBase="D:\actions-runner\_work\XPCO\XPCO\AllSolutions\..\SC\Components\RemoteViewer\SmartClient\tst\zSmartClient_UnitTest\bin\x64\Debug\net6.0-windows\zSmartClient_UnitTest.dll" adapterTypeName="executor://mstestadapter/v2" className="SmartClient_UnitTest.VideoOS.RemoteClient.Application.Controllers.TokenExceptionsConverterTests" name="InitializeTokenException_ShouldReturnTokenException_ForValidTokenErrors" />
    </UnitTest>
    <UnitTest name="PopulateTooltip_ManyResultsFromSingleCamera12Hours_ValidText" storage="d:\actions-runner\_work\xpco\xpco\allsolutions\..\sc\components\remoteviewer\smartclient\tst\zsmartclient_unittest\bin\x64\debug\net6.0-windows\zsmartclient_unittest.dll" id="5fef5e10-fc69-5d3e-4101-c050ab62c33a">
      <TestCategory>
        <TestCategoryItem TestCategory="SearchControls" />
      </TestCategory>
      <Execution id="44460c29-97ea-4101-aa86-58fd0745f204" />
      <TestMethod codeBase="D:\actions-runner\_work\XPCO\XPCO\AllSolutions\..\SC\Components\RemoteViewer\SmartClient\tst\zSmartClient_UnitTest\bin\x64\Debug\net6.0-windows\zSmartClient_UnitTest.dll" adapterTypeName="executor://mstestadapter/v2" className="SmartClient_UnitTest.VideoOS.RemoteClient.Plugin.CentralizedSearch.Views.Controls.TimelineRuler.TimelineRulerControlTests" name="PopulateTooltip_ManyResultsFromSingleCamera12Hours_ValidText" />
    </UnitTest>
    <UnitTest name="UpdateSearchTemplateAsync_Fails_Success" storage="d:\actions-runner\_work\xpco\xpco\allsolutions\..\sc\components\remoteviewer\smartclient\tst\zsmartclient_unittest\bin\x64\debug\net6.0-windows\zsmartclient_unittest.dll" id="9c84fcaa-119c-eb3e-55a7-125cbe865eba">
      <TestCategory>
        <TestCategoryItem TestCategory="SearchTemplates" />
      </TestCategory>
      <Execution id="0d264923-df61-4571-8b84-451fe0d827f3" />
      <TestMethod codeBase="D:\actions-runner\_work\XPCO\XPCO\AllSolutions\..\SC\Components\RemoteViewer\SmartClient\tst\zSmartClient_UnitTest\bin\x64\Debug\net6.0-windows\zSmartClient_UnitTest.dll" adapterTypeName="executor://mstestadapter/v2" className="SmartClient_UnitTest.VideoOS.RemoteClient.Plugin.CentralizedSearch.SearchTemplates.SearchTemplateManagerTests" name="UpdateSearchTemplateAsync_Fails_Success" />
    </UnitTest>
    <UnitTest name="TestConstructor_viewSelectionSetterIsNull_FailWithArgumentNullException" storage="d:\actions-runner\_work\xpco\xpco\allsolutions\..\sc\components\remoteviewer\smartclient\tst\zsmartclient_unittest\bin\x64\debug\net6.0-windows\zsmartclient_unittest.dll" id="81128042-c745-b3dd-d6e9-cc3789c8a026">
      <TestCategory>
        <TestCategoryItem TestCategory="WorkroomController" />
      </TestCategory>
      <Execution id="9cd71ff4-a26e-4e86-913b-42e2966ab5a1" />
      <TestMethod codeBase="D:\actions-runner\_work\XPCO\XPCO\AllSolutions\..\SC\Components\RemoteViewer\SmartClient\tst\zSmartClient_UnitTest\bin\x64\Debug\net6.0-windows\zSmartClient_UnitTest.dll" adapterTypeName="executor://mstestadapter/v2" className="VideoOS.RemoteClient.Application.Controllers.WorkroomController.UnitTest.TabWorkroomControllerTest" name="TestConstructor_viewSelectionSetterIsNull_FailWithArgumentNullException" />
    </UnitTest>
    <UnitTest name="CreateSearchAttributeEditControl_UnmappedConfiguration_ReturnsNull" storage="d:\actions-runner\_work\xpco\xpco\allsolutions\..\sc\components\remoteviewer\smartclient\tst\zsmartclient_unittest\bin\x64\debug\net6.0-windows\zsmartclient_unittest.dll" id="1cdbc1c1-e214-17d8-9ab0-1390398a8948">
      <TestCategory>
        <TestCategoryItem TestCategory="Search" />
      </TestCategory>
      <Execution id="5d7d4622-9346-4350-81d3-d55875a13241" />
      <TestMethod codeBase="D:\actions-runner\_work\XPCO\XPCO\AllSolutions\..\SC\Components\RemoteViewer\SmartClient\tst\zSmartClient_UnitTest\bin\x64\Debug\net6.0-windows\zSmartClient_UnitTest.dll" adapterTypeName="executor://mstestadapter/v2" className="SmartClient_UnitTest.VideoOS.RemoteClient.Plugin.CentralizedSearch.MIPPlugin.ScSearchUserControlPluginTest" name="CreateSearchAttributeEditControl_UnmappedConfiguration_ReturnsNull" />
    </UnitTest>
    <UnitTest name="Compare_NullVsNull_Equals" storage="d:\actions-runner\_work\xpco\xpco\allsolutions\..\sc\components\remoteviewer\smartclient\tst\zsmartclient_unittest\bin\x64\debug\net6.0-windows\zsmartclient_unittest.dll" id="cbd28a6e-603b-cdc1-8dd3-9bb5df99a9b4">
      <TestCategory>
        <TestCategoryItem TestCategory="SearchComparers" />
      </TestCategory>
      <Execution id="8d05ff90-0c35-4661-b421-a03286778fb1" />
      <TestMethod codeBase="D:\actions-runner\_work\XPCO\XPCO\AllSolutions\..\SC\Components\RemoteViewer\SmartClient\tst\zSmartClient_UnitTest\bin\x64\Debug\net6.0-windows\zSmartClient_UnitTest.dll" adapterTypeName="executor://mstestadapter/v2" className="SmartClient_UnitTest.VideoOS.RemoteClient.Plugin.CentralizedSearch.Models.Wrappers.Comparers.TriggerTimeComparerTests" name="Compare_NullVsNull_Equals" />
    </UnitTest>
    <UnitTest name="PerformAction_ExceptionHandled" storage="d:\actions-runner\_work\xpco\xpco\allsolutions\..\sc\components\remoteviewer\smartclient\tst\zsmartclient_unittest\bin\x64\debug\net6.0-windows\zsmartclient_unittest.dll" id="671ee35e-217f-e976-440a-afae3aff818a">
      <TestCategory>
        <TestCategoryItem TestCategory="MipItemsRetriever" />
      </TestCategory>
      <Execution id="50975a07-ffae-4d6e-8058-305896a8ab70" />
      <TestMethod codeBase="D:\actions-runner\_work\XPCO\XPCO\AllSolutions\..\SC\Components\RemoteViewer\SmartClient\tst\zSmartClient_UnitTest\bin\x64\Debug\net6.0-windows\zSmartClient_UnitTest.dll" adapterTypeName="executor://mstestadapter/v2" className="SmartClient_UnitTest.VideoOS.RemoteClient.Plugin.GisMap.MIP.MipItemActionsCommunicatorTests" name="PerformAction_ExceptionHandled" />
    </UnitTest>
    <UnitTest name="IsProductionEnvironment_ShouldReturnFalse_WhenSystemLicenseIsNull" storage="d:\actions-runner\_work\xpco\xpco\allsolutions\..\sc\components\remoteviewer\smartclient\tst\zsmartclient_unittest\bin\x64\debug\net6.0-windows\zsmartclient_unittest.dll" id="03b9d988-af55-c02a-fb0b-6c811350a612">
      <Execution id="46bd073c-8d45-4319-9330-ea4541b366ba" />
      <TestMethod codeBase="D:\actions-runner\_work\XPCO\XPCO\AllSolutions\..\SC\Components\RemoteViewer\SmartClient\tst\zSmartClient_UnitTest\bin\x64\Debug\net6.0-windows\zSmartClient_UnitTest.dll" adapterTypeName="executor://mstestadapter/v2" className="SmartClient_UnitTest.VideoOS.RemoteClient.Application.Common.Telemetry.TelemetryKeyProviderTests" name="IsProductionEnvironment_ShouldReturnFalse_WhenSystemLicenseIsNull" />
    </UnitTest>
    <UnitTest name="Compare_NotNullVsNull_LessThan" storage="d:\actions-runner\_work\xpco\xpco\allsolutions\..\sc\components\remoteviewer\smartclient\tst\zsmartclient_unittest\bin\x64\debug\net6.0-windows\zsmartclient_unittest.dll" id="b0e999aa-6f2d-cdfd-39f2-77fd8d2611be">
      <TestCategory>
        <TestCategoryItem TestCategory="SearchComparers" />
      </TestCategory>
      <Execution id="a223b59b-4dd4-4f30-b733-ce2483a1e816" />
      <TestMethod codeBase="D:\actions-runner\_work\XPCO\XPCO\AllSolutions\..\SC\Components\RemoteViewer\SmartClient\tst\zSmartClient_UnitTest\bin\x64\Debug\net6.0-windows\zSmartClient_UnitTest.dll" adapterTypeName="executor://mstestadapter/v2" className="SmartClient_UnitTest.VideoOS.RemoteClient.Plugin.CentralizedSearch.Models.Wrappers.Comparers.BeginTimeWithPaddingComparerTests" name="Compare_NotNullVsNull_LessThan" />
    </UnitTest>
    <UnitTest name="ActionBarPluginsEnabled_TwoPluginsWithDifferentOverflowModes_OnePluginButtonPresentInActionBarAndOnePresentInOverflowMenu" storage="d:\actions-runner\_work\xpco\xpco\allsolutions\..\sc\components\remoteviewer\smartclient\tst\zsmartclient_unittest\bin\x64\debug\net6.0-windows\zsmartclient_unittest.dll" id="e5776fdb-2ce3-71cf-fd30-74705513040a">
      <TestCategory>
        <TestCategoryItem TestCategory="SearchViews" />
      </TestCategory>
      <Execution id="88a8ba7f-272e-4b6c-ba7c-4f9ae4fec2df" />
      <TestMethod codeBase="D:\actions-runner\_work\XPCO\XPCO\AllSolutions\..\SC\Components\RemoteViewer\SmartClient\tst\zSmartClient_UnitTest\bin\x64\Debug\net6.0-windows\zSmartClient_UnitTest.dll" adapterTypeName="executor://mstestadapter/v2" className="SmartClient_UnitTest.VideoOS.RemoteClient.Plugin.CentralizedSearch.Views.SearchResultActionBarViewTests" name="ActionBarPluginsEnabled_TwoPluginsWithDifferentOverflowModes_OnePluginButtonPresentInActionBarAndOnePresentInOverflowMenu" />
    </UnitTest>
    <UnitTest name="Serialize_ToTimeOnly_Success" storage="d:\actions-runner\_work\xpco\xpco\allsolutions\..\sc\components\remoteviewer\smartclient\tst\zsmartclient_unittest\bin\x64\debug\net6.0-windows\zsmartclient_unittest.dll" id="8b0909b5-769b-12ea-d91a-88a0ad4a6e48">
      <TestCategory>
        <TestCategoryItem TestCategory="SearchSerialization" />
      </TestCategory>
      <Execution id="c14537d1-4a52-49c3-837d-1524fe4677ad" />
      <TestMethod codeBase="D:\actions-runner\_work\XPCO\XPCO\AllSolutions\..\SC\Components\RemoteViewer\SmartClient\tst\zSmartClient_UnitTest\bin\x64\Debug\net6.0-windows\zSmartClient_UnitTest.dll" adapterTypeName="executor://mstestadapter/v2" className="SmartClient_UnitTest.VideoOS.RemoteClient.Plugin.CentralizedSearch.Models.Serialization.SearchSerializerTests" name="Serialize_ToTimeOnly_Success" />
    </UnitTest>
    <UnitTest name="LoadBoundingShapes_Cancelled_NoBoundingShapesAddedToUI" storage="d:\actions-runner\_work\xpco\xpco\allsolutions\..\sc\components\remoteviewer\smartclient\tst\zsmartclient_unittest\bin\x64\debug\net6.0-windows\zsmartclient_unittest.dll" id="3d5c9967-0460-2f6a-3450-76146b434884">
      <Execution id="a5cb820b-598b-4775-874a-8831fa06364a" />
      <TestMethod codeBase="D:\actions-runner\_work\XPCO\XPCO\AllSolutions\..\SC\Components\RemoteViewer\SmartClient\tst\zSmartClient_UnitTest\bin\x64\Debug\net6.0-windows\zSmartClient_UnitTest.dll" adapterTypeName="executor://mstestadapter/v2" className="SmartClient_UnitTest.VideoOS.RemoteClient.Plugin.CentralizedSearch.MIPPlugin.Results.VideoSearchResultUserControlTests" name="LoadBoundingShapes_Cancelled_NoBoundingShapesAddedToUI" />
    </UnitTest>
    <UnitTest name="HandleGetLayerFeatures_ShouldRaiseArgumentException_WhenNotMicrophoneKind" storage="d:\actions-runner\_work\xpco\xpco\allsolutions\..\sc\components\remoteviewer\smartclient\tst\zsmartclient_unittest\bin\x64\debug\net6.0-windows\zsmartclient_unittest.dll" id="37dfb702-000b-b79c-bfb4-f3293626a799">
      <TestCategory>
        <TestCategoryItem TestCategory="GisMapData.Handlers.LayerFeatures" />
      </TestCategory>
      <Execution id="778a6f86-1ca2-4d62-b218-82142c3982a9" />
      <TestMethod codeBase="D:\actions-runner\_work\XPCO\XPCO\AllSolutions\..\SC\Components\RemoteViewer\SmartClient\tst\zSmartClient_UnitTest\bin\x64\Debug\net6.0-windows\zSmartClient_UnitTest.dll" adapterTypeName="executor://mstestadapter/v2" className="SmartClient_UnitTest.VideoOS.RemoteClient.GisMapData.Handlers.LayerFeatures.MicrophoneLayerFeaturesHandlerTests" name="HandleGetLayerFeatures_ShouldRaiseArgumentException_WhenNotMicrophoneKind" />
    </UnitTest>
    <UnitTest name="OutputMapItem_Delete_Success" storage="d:\actions-runner\_work\xpco\xpco\allsolutions\..\sc\components\remoteviewer\smartclient\tst\zsmartclient_unittest\bin\x64\debug\net6.0-windows\zsmartclient_unittest.dll" id="8911612a-a11f-ae1d-ffaf-716d141c41ca">
      <TestCategory>
        <TestCategoryItem TestCategory="GisMapData.MapItem.Outputs" />
      </TestCategory>
      <Execution id="4f3898ea-bc06-47c6-a29d-b281e4bf04e3" />
      <TestMethod codeBase="D:\actions-runner\_work\XPCO\XPCO\AllSolutions\..\SC\Components\RemoteViewer\SmartClient\tst\zSmartClient_UnitTest\bin\x64\Debug\net6.0-windows\zSmartClient_UnitTest.dll" adapterTypeName="executor://mstestadapter/v2" className="SmartClient_UnitTest.VideoOS.RemoteClient.GisMapData.MapItem.Outputs.OutputMapItemTests" name="OutputMapItem_Delete_Success" />
    </UnitTest>
    <UnitTest name="Deserialize_RelativeScopeDurationAndFromToValues_ToAndFromValuesIgnored" storage="d:\actions-runner\_work\xpco\xpco\allsolutions\..\sc\components\remoteviewer\smartclient\tst\zsmartclient_unittest\bin\x64\debug\net6.0-windows\zsmartclient_unittest.dll" id="13b2a1dd-d764-6ad5-a674-3e86cc761e8a">
      <TestCategory>
        <TestCategoryItem TestCategory="SearchModels" />
      </TestCategory>
      <Execution id="392f67ac-29c6-4b6f-b582-495c35bc62f7" />
      <TestMethod codeBase="D:\actions-runner\_work\XPCO\XPCO\AllSolutions\..\SC\Components\RemoteViewer\SmartClient\tst\zSmartClient_UnitTest\bin\x64\Debug\net6.0-windows\zSmartClient_UnitTest.dll" adapterTypeName="executor://mstestadapter/v2" className="SmartClient_UnitTest.VideoOS.RemoteClient.Plugin.CentralizedSearch.Models.SearchModelTests" name="Deserialize_RelativeScopeDurationAndFromToValues_ToAndFromValuesIgnored" />
    </UnitTest>
    <UnitTest name="ActiveInteractionStateBinding_ShouldNotBeNull_WhenCtorIsCalled" storage="d:\actions-runner\_work\xpco\xpco\allsolutions\..\sc\components\remoteviewer\smartclient\tst\zsmartclient_unittest\bin\x64\debug\net6.0-windows\zsmartclient_unittest.dll" id="95bdcbe4-e420-deb8-8439-dbd680e08a25">
      <TestCategory>
        <TestCategoryItem TestCategory="GisMap.InputMarkerTest" />
      </TestCategory>
      <Execution id="d2e99dcf-40a7-4b93-b9d9-9ed1cd080dd6" />
      <TestMethod codeBase="D:\actions-runner\_work\XPCO\XPCO\AllSolutions\..\SC\Components\RemoteViewer\SmartClient\tst\zSmartClient_UnitTest\bin\x64\Debug\net6.0-windows\zSmartClient_UnitTest.dll" adapterTypeName="executor://mstestadapter/v2" className="SmartClient_UnitTest.VideoOS.RemoteClient.Plugin.GisMap.ThinkGeoMap.Markers.DeviceMarkers.InputMarker.InputMarkerTests" name="ActiveInteractionStateBinding_ShouldNotBeNull_WhenCtorIsCalled" />
    </UnitTest>
    <UnitTest name="GetActivatedOutputIconId_ShouldReturnValidUnDeactivatedOutputIconId_WhenValidDeactivatedOutputIconIdIsProvided" storage="d:\actions-runner\_work\xpco\xpco\allsolutions\..\sc\components\remoteviewer\smartclient\tst\zsmartclient_unittest\bin\x64\debug\net6.0-windows\zsmartclient_unittest.dll" id="854a54be-59a6-d3a9-c68f-32fd5f490d07">
      <TestCategory>
        <TestCategoryItem TestCategory="GisMapData.OutputOemResourcesProviderTests" />
      </TestCategory>
      <Execution id="c9f73f6f-2b38-4020-a6a7-07ae84284bec" />
      <TestMethod codeBase="D:\actions-runner\_work\XPCO\XPCO\AllSolutions\..\SC\Components\RemoteViewer\SmartClient\tst\zSmartClient_UnitTest\bin\x64\Debug\net6.0-windows\zSmartClient_UnitTest.dll" adapterTypeName="executor://mstestadapter/v2" className="SmartClient_UnitTest.VideoOS.RemoteClient.GisMapData.Resources.OutputOemResourcesProviderTests" name="GetActivatedOutputIconId_ShouldReturnValidUnDeactivatedOutputIconId_WhenValidDeactivatedOutputIconIdIsProvided" />
    </UnitTest>
    <UnitTest name="SerializationRoundTrip_Success" storage="d:\actions-runner\_work\xpco\xpco\allsolutions\..\sc\components\remoteviewer\smartclient\tst\zsmartclient_unittest\bin\x64\debug\net6.0-windows\zsmartclient_unittest.dll" id="49457dc4-3aa6-62c6-38a6-fe0fa14f8508">
      <TestCategory>
        <TestCategoryItem TestCategory="SearchSerialization" />
      </TestCategory>
      <Execution id="1cd14fe7-099d-4b5c-91c4-2f103596124a" />
      <TestMethod codeBase="D:\actions-runner\_work\XPCO\XPCO\AllSolutions\..\SC\Components\RemoteViewer\SmartClient\tst\zSmartClient_UnitTest\bin\x64\Debug\net6.0-windows\zSmartClient_UnitTest.dll" adapterTypeName="executor://mstestadapter/v2" className="SmartClient_UnitTest.VideoOS.RemoteClient.Plugin.CentralizedSearch.Models.Serialization.SearchSerializerTests" name="SerializationRoundTrip_Success" />
    </UnitTest>
    <UnitTest name="LeftButtonDown_SingleClick_DoesNotZoom" storage="d:\actions-runner\_work\xpco\xpco\allsolutions\..\sc\components\remoteviewer\smartclient\tst\zsmartclient_unittest\bin\x64\debug\net6.0-windows\zsmartclient_unittest.dll" id="f7f1fade-22dc-b3ee-b4cb-477d416d63d2">
      <TestCategory>
        <TestCategoryItem TestCategory="GisMap.MapControl" />
      </TestCategory>
      <Execution id="bce0adb0-5be7-4c71-92b1-a73b7715566a" />
      <TestMethod codeBase="D:\actions-runner\_work\XPCO\XPCO\AllSolutions\..\SC\Components\RemoteViewer\SmartClient\tst\zSmartClient_UnitTest\bin\x64\Debug\net6.0-windows\zSmartClient_UnitTest.dll" adapterTypeName="executor://mstestadapter/v2" className="SmartClient_UnitTest.VideoOS.RemoteClient.Plugin.GisMap.ThinkGeoMap.ThinkGeoMapControlTests" name="LeftButtonDown_SingleClick_DoesNotZoom" />
    </UnitTest>
    <UnitTest name="Warning_Shown_When_Reducing_Protection_Interval" storage="d:\actions-runner\_work\xpco\xpco\allsolutions\..\sc\components\remoteviewer\smartclient\tst\zsmartclient_unittest\bin\x64\debug\net6.0-windows\zsmartclient_unittest.dll" id="4ef99c33-c023-cc35-d098-ffd6c1e453c8">
      <Execution id="ca336ea4-73ea-4a96-afaf-245709bf7365" />
      <TestMethod codeBase="D:\actions-runner\_work\XPCO\XPCO\AllSolutions\..\SC\Components\RemoteViewer\SmartClient\tst\zSmartClient_UnitTest\bin\x64\Debug\net6.0-windows\zSmartClient_UnitTest.dll" adapterTypeName="executor://mstestadapter/v2" className="SmartClient_UnitTest.VideoOS.RemoteClient.Application.Components.EvidenceLock.EvidenceLockCreateEditTests" name="Warning_Shown_When_Reducing_Protection_Interval" />
    </UnitTest>
    <UnitTest name="SearchResultCombineType_OneSearchDefinition_SearchResultCombineTypeSetToDefaultValue" storage="d:\actions-runner\_work\xpco\xpco\allsolutions\..\sc\components\remoteviewer\smartclient\tst\zsmartclient_unittest\bin\x64\debug\net6.0-windows\zsmartclient_unittest.dll" id="fc5fd650-f337-b166-89da-483c36c8a94d">
      <TestCategory>
        <TestCategoryItem TestCategory="SearchViewModels" />
      </TestCategory>
      <Execution id="60f079ce-071a-4383-9d20-5a0c200ee583" />
      <TestMethod codeBase="D:\actions-runner\_work\XPCO\XPCO\AllSolutions\..\SC\Components\RemoteViewer\SmartClient\tst\zSmartClient_UnitTest\bin\x64\Debug\net6.0-windows\zSmartClient_UnitTest.dll" adapterTypeName="executor://mstestadapter/v2" className="SmartClient_UnitTest.VideoOS.RemoteClient.Plugin.CentralizedSearch.ViewModels.SearchViewModelTests" name="SearchResultCombineType_OneSearchDefinition_SearchResultCombineTypeSetToDefaultValue" />
    </UnitTest>
    <UnitTest name="ShouldReturnTrueWhenBuildingsChanged" storage="d:\actions-runner\_work\xpco\xpco\allsolutions\..\sc\components\remoteviewer\smartclient\tst\zsmartclient_unittest\bin\x64\debug\net6.0-windows\zsmartclient_unittest.dll" id="63fb96d5-d28e-59d8-da39-0b1d1307a3be">
      <TestCategory>
        <TestCategoryItem TestCategory="MipItemsUpdateStrategy" />
      </TestCategory>
      <Execution id="9e7417c8-22c4-4144-a4e7-b5cdde2a5cd1" />
      <TestMethod codeBase="D:\actions-runner\_work\XPCO\XPCO\AllSolutions\..\SC\Components\RemoteViewer\SmartClient\tst\zSmartClient_UnitTest\bin\x64\Debug\net6.0-windows\zSmartClient_UnitTest.dll" adapterTypeName="executor://mstestadapter/v2" className="SmartClient_UnitTest.VideoOS.RemoteClient.Plugin.GisMap.MIP.MipItemsUpdateStrategyTests" name="ShouldReturnTrueWhenBuildingsChanged" />
    </UnitTest>
    <UnitTest name="Ctor_ValidParameterWithTimeZoneManager_Success" storage="d:\actions-runner\_work\xpco\xpco\allsolutions\..\sc\components\remoteviewer\smartclient\tst\zsmartclient_unittest\bin\x64\debug\net6.0-windows\zsmartclient_unittest.dll" id="27664859-4d07-7aa6-2422-c69fa8d16b38">
      <TestCategory>
        <TestCategoryItem TestCategory="SearchViewModels" />
      </TestCategory>
      <Execution id="fe3fc9c9-04a6-44e9-9dab-8b66573b23c1" />
      <TestMethod codeBase="D:\actions-runner\_work\XPCO\XPCO\AllSolutions\..\SC\Components\RemoteViewer\SmartClient\tst\zSmartClient_UnitTest\bin\x64\Debug\net6.0-windows\zSmartClient_UnitTest.dll" adapterTypeName="executor://mstestadapter/v2" className="SmartClient_UnitTest.VideoOS.RemoteClient.Plugin.CentralizedSearch.ViewModels.SearchViewModelTests" name="Ctor_ValidParameterWithTimeZoneManager_Success" />
    </UnitTest>
    <UnitTest name="SearchResultsActionBarActions_EditBookmark_BookmarkServiceException_WarningDialogShown" storage="d:\actions-runner\_work\xpco\xpco\allsolutions\..\sc\components\remoteviewer\smartclient\tst\zsmartclient_unittest\bin\x64\debug\net6.0-windows\zsmartclient_unittest.dll" id="0ca96c98-4279-a38d-8923-cfc233650b07">
      <TestCategory>
        <TestCategoryItem TestCategory="SearchResultActionBarViewModel" />
      </TestCategory>
      <Execution id="d4eaec15-8a1a-48b5-a25f-a437e7add31f" />
      <TestMethod codeBase="D:\actions-runner\_work\XPCO\XPCO\AllSolutions\..\SC\Components\RemoteViewer\SmartClient\tst\zSmartClient_UnitTest\bin\x64\Debug\net6.0-windows\zSmartClient_UnitTest.dll" adapterTypeName="executor://mstestadapter/v2" className="SmartClient_UnitTest.VideoOS.RemoteClient.Plugin.CentralizedSearch.ViewModels.SearchResultsActionBarViewModelTest" name="SearchResultsActionBarActions_EditBookmark_BookmarkServiceException_WarningDialogShown" />
    </UnitTest>
    <UnitTest name="RightButtonUp_ShouldSetActiveInteractionStateToNormal_WhenInteractionStateIsNotAddNewDevice" storage="d:\actions-runner\_work\xpco\xpco\allsolutions\..\sc\components\remoteviewer\smartclient\tst\zsmartclient_unittest\bin\x64\debug\net6.0-windows\zsmartclient_unittest.dll" id="76f114f4-6a41-0573-26af-b718e6fbb07c">
      <TestCategory>
        <TestCategoryItem TestCategory="GisMap.MapControl" />
      </TestCategory>
      <Execution id="e84c1936-92c6-4a28-a6eb-199beb429edb" />
      <TestMethod codeBase="D:\actions-runner\_work\XPCO\XPCO\AllSolutions\..\SC\Components\RemoteViewer\SmartClient\tst\zSmartClient_UnitTest\bin\x64\Debug\net6.0-windows\zSmartClient_UnitTest.dll" adapterTypeName="executor://mstestadapter/v2" className="SmartClient_UnitTest.VideoOS.RemoteClient.Plugin.GisMap.ThinkGeoMap.ThinkGeoMapControlTests" name="RightButtonUp_ShouldSetActiveInteractionStateToNormal_WhenInteractionStateIsNotAddNewDevice" />
    </UnitTest>
    <UnitTest name="AddSelectedWindowsToExport_ShouldShowCorrectToastMessages (5,0,5)" storage="d:\actions-runner\_work\xpco\xpco\allsolutions\..\sc\components\remoteviewer\smartclient\tst\zsmartclient_unittest\bin\x64\debug\net6.0-windows\zsmartclient_unittest.dll" id="910b3a11-f68d-a7b6-6ade-0d038502d017">
      <TestCategory>
        <TestCategoryItem TestCategory="Managers" />
      </TestCategory>
      <Execution id="1b90e6e3-a26d-4478-846c-488ee481e828" />
      <TestMethod codeBase="D:\actions-runner\_work\XPCO\XPCO\AllSolutions\..\SC\Components\RemoteViewer\SmartClient\tst\zSmartClient_UnitTest\bin\x64\Debug\net6.0-windows\zSmartClient_UnitTest.dll" adapterTypeName="executor://mstestadapter/v2" className="SmartClient_UnitTest.VideoOS.RemoteClient.Application.Managers.ExportManagerTests" name="AddSelectedWindowsToExport_ShouldShowCorrectToastMessages" />
    </UnitTest>
    <UnitTest name="ClearCommand_Invoke_ClearsText" storage="d:\actions-runner\_work\xpco\xpco\allsolutions\..\sc\components\remoteviewer\smartclient\tst\zsmartclient_unittest\bin\x64\debug\net6.0-windows\zsmartclient_unittest.dll" id="79131a3d-642e-dea5-31f3-3e3bb8d72cf5">
      <TestCategory>
        <TestCategoryItem TestCategory="Search" />
      </TestCategory>
      <Execution id="e8f965cf-7b73-4b62-aaa6-8052f174905c" />
      <TestMethod codeBase="D:\actions-runner\_work\XPCO\XPCO\AllSolutions\..\SC\Components\RemoteViewer\SmartClient\tst\zSmartClient_UnitTest\bin\x64\Debug\net6.0-windows\zSmartClient_UnitTest.dll" adapterTypeName="executor://mstestadapter/v2" className="SmartClient_UnitTest.VideoOS.RemoteClient.Plugin.CentralizedSearch.MIPPlugin.Criteria.TextBoxAttributeEditControlTest" name="ClearCommand_Invoke_ClearsText" />
    </UnitTest>
    <UnitTest name="ShowAlreadyAddedToast_ShouldShowCorrectNumberOfToasts (1,1)" storage="d:\actions-runner\_work\xpco\xpco\allsolutions\..\sc\components\remoteviewer\smartclient\tst\zsmartclient_unittest\bin\x64\debug\net6.0-windows\zsmartclient_unittest.dll" id="35b5794f-dc92-a851-4d12-94da292a02d3">
      <TestCategory>
        <TestCategoryItem TestCategory="Managers" />
      </TestCategory>
      <Execution id="39e0a97a-45c6-490b-aed2-e33515b6c26e" />
      <TestMethod codeBase="D:\actions-runner\_work\XPCO\XPCO\AllSolutions\..\SC\Components\RemoteViewer\SmartClient\tst\zSmartClient_UnitTest\bin\x64\Debug\net6.0-windows\zSmartClient_UnitTest.dll" adapterTypeName="executor://mstestadapter/v2" className="SmartClient_UnitTest.VideoOS.RemoteClient.Application.Managers.ExportResultsNotificationHelperTests" name="ShowAlreadyAddedToast_ShouldShowCorrectNumberOfToasts" />
    </UnitTest>
    <UnitTest name="GetGisMapLayerFlyoutName_ShouldReturnOpenStreetMap_WhenGeographicLayerIsUnavailableAndAlternativeServerIsNotEmpty" storage="d:\actions-runner\_work\xpco\xpco\allsolutions\..\sc\components\remoteviewer\smartclient\tst\zsmartclient_unittest\bin\x64\debug\net6.0-windows\zsmartclient_unittest.dll" id="8655e08e-93f9-ea96-e1a5-f913a90803b9">
      <TestCategory>
        <TestCategoryItem TestCategory="GisMapData.Controllers.Osm" />
      </TestCategory>
      <Execution id="f5796e4e-b0e1-4962-bcae-8d55cddc85a9" />
      <TestMethod codeBase="D:\actions-runner\_work\XPCO\XPCO\AllSolutions\..\SC\Components\RemoteViewer\SmartClient\tst\zSmartClient_UnitTest\bin\x64\Debug\net6.0-windows\zSmartClient_UnitTest.dll" adapterTypeName="executor://mstestadapter/v2" className="SmartClient_UnitTest.VideoOS.RemoteClient.GisMapData.Controllers.Osm.GisMapOsmControllerTests" name="GetGisMapLayerFlyoutName_ShouldReturnOpenStreetMap_WhenGeographicLayerIsUnavailableAndAlternativeServerIsNotEmpty" />
    </UnitTest>
    <UnitTest name="ShowPermissionDeniedStatusBarError_ShouldSendAMessage (1,1)" storage="d:\actions-runner\_work\xpco\xpco\allsolutions\..\sc\components\remoteviewer\smartclient\tst\zsmartclient_unittest\bin\x64\debug\net6.0-windows\zsmartclient_unittest.dll" id="33fadc7a-7504-99fb-d972-36e4180a8a48">
      <TestCategory>
        <TestCategoryItem TestCategory="Managers" />
      </TestCategory>
      <Execution id="40eb1c62-45a3-427d-9791-7897683df138" />
      <TestMethod codeBase="D:\actions-runner\_work\XPCO\XPCO\AllSolutions\..\SC\Components\RemoteViewer\SmartClient\tst\zSmartClient_UnitTest\bin\x64\Debug\net6.0-windows\zSmartClient_UnitTest.dll" adapterTypeName="executor://mstestadapter/v2" className="SmartClient_UnitTest.VideoOS.RemoteClient.Application.Managers.ExportResultsNotificationHelperTests" name="ShowPermissionDeniedStatusBarError_ShouldSendAMessage" />
    </UnitTest>
    <UnitTest name="NavigateAndSelectAsync_ZoomIn_ReCenterCommandEnabled" storage="d:\actions-runner\_work\xpco\xpco\allsolutions\..\sc\components\remoteviewer\smartclient\tst\zsmartclient_unittest\bin\x64\debug\net6.0-windows\zsmartclient_unittest.dll" id="ba590efe-de31-f5db-8328-f1cc3382ad35">
      <TestCategory>
        <TestCategoryItem TestCategory="GisMap.GisMapViewModel" />
      </TestCategory>
      <Execution id="dc3f267f-bd05-4bf9-8d31-ff91598c5683" />
      <TestMethod codeBase="D:\actions-runner\_work\XPCO\XPCO\AllSolutions\..\SC\Components\RemoteViewer\SmartClient\tst\zSmartClient_UnitTest\bin\x64\Debug\net6.0-windows\zSmartClient_UnitTest.dll" adapterTypeName="executor://mstestadapter/v2" className="SmartClient_UnitTest.VideoOS.RemoteClient.Plugin.GisMap.ViewModels.GisMapViewModelTests" name="NavigateAndSelectAsync_ZoomIn_ReCenterCommandEnabled" />
    </UnitTest>
    <UnitTest name="SelectTemplate_RangeSliderFilterConfiguration_ReturnsInlineTemplate" storage="d:\actions-runner\_work\xpco\xpco\allsolutions\..\sc\components\remoteviewer\smartclient\tst\zsmartclient_unittest\bin\x64\debug\net6.0-windows\zsmartclient_unittest.dll" id="10efcc4c-555d-12e7-645e-f8f3c9a79e16">
      <TestCategory>
        <TestCategoryItem TestCategory="SearchViews" />
      </TestCategory>
      <Execution id="72007c99-3b87-4a65-8679-3e9eef7dac02" />
      <TestMethod codeBase="D:\actions-runner\_work\XPCO\XPCO\AllSolutions\..\SC\Components\RemoteViewer\SmartClient\tst\zSmartClient_UnitTest\bin\x64\Debug\net6.0-windows\zSmartClient_UnitTest.dll" adapterTypeName="executor://mstestadapter/v2" className="SmartClient_UnitTest.VideoOS.RemoteClient.Plugin.CentralizedSearch.Views.AttributeEditControlTemplateSelectorTests" name="SelectTemplate_RangeSliderFilterConfiguration_ReturnsInlineTemplate" />
    </UnitTest>
    <UnitTest name="SmartMapGoToPositionHandler_WhenWindowIdDoesNotMatch_ShouldDoNothing" storage="d:\actions-runner\_work\xpco\xpco\allsolutions\..\sc\components\remoteviewer\smartclient\tst\zsmartclient_unittest\bin\x64\debug\net6.0-windows\zsmartclient_unittest.dll" id="f655cfd1-db07-f37a-bdd0-c0091f35a2db">
      <Execution id="73d792b5-54e8-420e-b61f-c9d1b3b18af8" />
      <TestMethod codeBase="D:\actions-runner\_work\XPCO\XPCO\AllSolutions\..\SC\Components\RemoteViewer\SmartClient\tst\zSmartClient_UnitTest\bin\x64\Debug\net6.0-windows\zSmartClient_UnitTest.dll" adapterTypeName="executor://mstestadapter/v2" className="SmartClient_UnitTest.VideoOS.RemoteClient.Plugin.GisMap.MIP.ContentHolderMipMessageManagerTests" name="SmartMapGoToPositionHandler_WhenWindowIdDoesNotMatch_ShouldDoNothing" />
    </UnitTest>
    <UnitTest name="ResolveSearchDefinitions_ShouldReturnResultSearchDefinition_WhenCombinedSearchResultWithMultipleSubResultAndSearchDefinitionsContainingCorrectSearchDefinitionsAreGiven" storage="d:\actions-runner\_work\xpco\xpco\allsolutions\..\sc\components\remoteviewer\smartclient\tst\zsmartclient_unittest\bin\x64\debug\net6.0-windows\zsmartclient_unittest.dll" id="59991295-e7c5-ae1a-4d3d-515c29cc9e2b">
      <TestCategory>
        <TestCategoryItem TestCategory="Search" />
      </TestCategory>
      <Execution id="e3ccfb44-df4b-487e-9499-93e640ff6a0a" />
      <TestMethod codeBase="D:\actions-runner\_work\XPCO\XPCO\AllSolutions\..\SC\Components\RemoteViewer\SmartClient\tst\zSmartClient_UnitTest\bin\x64\Debug\net6.0-windows\zSmartClient_UnitTest.dll" adapterTypeName="executor://mstestadapter/v2" className="SmartClient_UnitTest.VideoOS.RemoteClient.Plugin.CentralizedSearch.Utils.SearchResultDataWrapperExtensionsTests" name="ResolveSearchDefinitions_ShouldReturnResultSearchDefinition_WhenCombinedSearchResultWithMultipleSubResultAndSearchDefinitionsContainingCorrectSearchDefinitionsAreGiven" />
    </UnitTest>
    <UnitTest name="SignUrl_WhereUrlIsNull_ThrowException" storage="d:\actions-runner\_work\xpco\xpco\allsolutions\..\sc\components\remoteviewer\smartclient\tst\zsmartclient_unittest\bin\x64\debug\net6.0-windows\zsmartclient_unittest.dll" id="4a97d8d2-9fcf-7559-c175-69939d513efc">
      <Execution id="58f15ca3-7bc5-4be4-8ff5-b2844251bec1" />
      <TestMethod codeBase="D:\actions-runner\_work\XPCO\XPCO\AllSolutions\..\SC\Components\RemoteViewer\SmartClient\tst\zSmartClient_UnitTest\bin\x64\Debug\net6.0-windows\zSmartClient_UnitTest.dll" adapterTypeName="executor://mstestadapter/v2" className="SmartClient_UnitTest.VideoOS.RemoteClient.Plugin.GisMap.Utilities.GoogleApiUrlTest" name="SignUrl_WhereUrlIsNull_ThrowException" />
    </UnitTest>
    <UnitTest name="ResolveSearchDefinitions_ShouldReturnResultSearchDefinition_WhenCombinedSearchResultWithMultipleSubResultAndNullSearchDefinitionsAreGiven" storage="d:\actions-runner\_work\xpco\xpco\allsolutions\..\sc\components\remoteviewer\smartclient\tst\zsmartclient_unittest\bin\x64\debug\net6.0-windows\zsmartclient_unittest.dll" id="229876bb-741e-424e-6d09-7576e2519ca6">
      <TestCategory>
        <TestCategoryItem TestCategory="Search" />
      </TestCategory>
      <Execution id="af2e9eec-520d-426f-8f1b-56164cebb499" />
      <TestMethod codeBase="D:\actions-runner\_work\XPCO\XPCO\AllSolutions\..\SC\Components\RemoteViewer\SmartClient\tst\zSmartClient_UnitTest\bin\x64\Debug\net6.0-windows\zSmartClient_UnitTest.dll" adapterTypeName="executor://mstestadapter/v2" className="SmartClient_UnitTest.VideoOS.RemoteClient.Plugin.CentralizedSearch.Utils.SearchResultDataWrapperExtensionsTests" name="ResolveSearchDefinitions_ShouldReturnResultSearchDefinition_WhenCombinedSearchResultWithMultipleSubResultAndNullSearchDefinitionsAreGiven" />
    </UnitTest>
    <UnitTest name="AddToExportDevices_ShouldReturnCorrectResult (0,1,1)" storage="d:\actions-runner\_work\xpco\xpco\allsolutions\..\sc\components\remoteviewer\smartclient\tst\zsmartclient_unittest\bin\x64\debug\net6.0-windows\zsmartclient_unittest.dll" id="0752bb7c-c3d4-544b-c01c-361928ebd10e">
      <TestCategory>
        <TestCategoryItem TestCategory="Managers" />
      </TestCategory>
      <Execution id="2500eb1b-3d4a-4e9c-9768-77c9bcafc437" />
      <TestMethod codeBase="D:\actions-runner\_work\XPCO\XPCO\AllSolutions\..\SC\Components\RemoteViewer\SmartClient\tst\zSmartClient_UnitTest\bin\x64\Debug\net6.0-windows\zSmartClient_UnitTest.dll" adapterTypeName="executor://mstestadapter/v2" className="SmartClient_UnitTest.VideoOS.RemoteClient.Application.Managers.ExportManagerTests" name="AddToExportDevices_ShouldReturnCorrectResult" />
    </UnitTest>
    <UnitTest name="SupportsRightClick_ShouldBeTrue_WhenInteractionStateIsNormal" storage="d:\actions-runner\_work\xpco\xpco\allsolutions\..\sc\components\remoteviewer\smartclient\tst\zsmartclient_unittest\bin\x64\debug\net6.0-windows\zsmartclient_unittest.dll" id="af1e35a2-62a8-4a4f-249d-2b9ad620f97f">
      <TestCategory>
        <TestCategoryItem TestCategory="GisMap.InputMarkerTest" />
      </TestCategory>
      <Execution id="fbe30bf9-136c-4b7e-9839-45e7ed4eb4dc" />
      <TestMethod codeBase="D:\actions-runner\_work\XPCO\XPCO\AllSolutions\..\SC\Components\RemoteViewer\SmartClient\tst\zSmartClient_UnitTest\bin\x64\Debug\net6.0-windows\zSmartClient_UnitTest.dll" adapterTypeName="executor://mstestadapter/v2" className="SmartClient_UnitTest.VideoOS.RemoteClient.Plugin.GisMap.ThinkGeoMap.Markers.DeviceMarkers.InputMarker.InputMarkerTests" name="SupportsRightClick_ShouldBeTrue_WhenInteractionStateIsNormal" />
    </UnitTest>
    <UnitTest name="PtzSessionController_Unregister_Camera_Test" storage="d:\actions-runner\_work\xpco\xpco\allsolutions\..\sc\components\remoteviewer\smartclient\tst\zsmartclient_unittest\bin\x64\debug\net6.0-windows\zsmartclient_unittest.dll" id="b4b53b4f-883e-94e0-fef4-aaf250b86eec">
      <Execution id="6d42a35a-13c3-4bdf-99dc-9fdaa8920749" />
      <TestMethod codeBase="D:\actions-runner\_work\XPCO\XPCO\AllSolutions\..\SC\Components\RemoteViewer\SmartClient\tst\zSmartClient_UnitTest\bin\x64\Debug\net6.0-windows\zSmartClient_UnitTest.dll" adapterTypeName="executor://mstestadapter/v2" className="VideoOS.RemoteClient.Application.Controllers.UnitTest.PtzSessionControllerTest" name="PtzSessionController_Unregister_Camera_Test" />
    </UnitTest>
    <UnitTest name="Ctor_NullPlugin_Throws" storage="d:\actions-runner\_work\xpco\xpco\allsolutions\..\sc\components\remoteviewer\smartclient\tst\zsmartclient_unittest\bin\x64\debug\net6.0-windows\zsmartclient_unittest.dll" id="1a5d20b5-3e71-5ce5-a87e-e4e29bb0d7d5">
      <TestCategory>
        <TestCategoryItem TestCategory="SearchResultsAction" />
      </TestCategory>
      <Execution id="2136c02f-9251-43f3-b74e-80feb4f052f7" />
      <TestMethod codeBase="D:\actions-runner\_work\XPCO\XPCO\AllSolutions\..\SC\Components\RemoteViewer\SmartClient\tst\zSmartClient_UnitTest\bin\x64\Debug\net6.0-windows\zSmartClient_UnitTest.dll" adapterTypeName="executor://mstestadapter/v2" className="SmartClient_UnitTest.VideoOS.RemoteClient.Plugin.CentralizedSearch.ViewModels.SearchResultsActionViewModelTests" name="Ctor_NullPlugin_Throws" />
    </UnitTest>
    <UnitTest name="CreateDefinition_StartSearch_ExecutedAfterDelay" storage="d:\actions-runner\_work\xpco\xpco\allsolutions\..\sc\components\remoteviewer\smartclient\tst\zsmartclient_unittest\bin\x64\debug\net6.0-windows\zsmartclient_unittest.dll" id="c98efbf5-2f3d-50a2-5f38-9c6abe3c1c8e">
      <TestCategory>
        <TestCategoryItem TestCategory="SearchModels" />
      </TestCategory>
      <Execution id="c1655857-c70c-4502-88d2-a641d04709de" />
      <TestMethod codeBase="D:\actions-runner\_work\XPCO\XPCO\AllSolutions\..\SC\Components\RemoteViewer\SmartClient\tst\zSmartClient_UnitTest\bin\x64\Debug\net6.0-windows\zSmartClient_UnitTest.dll" adapterTypeName="executor://mstestadapter/v2" className="SmartClient_UnitTest.VideoOS.RemoteClient.Plugin.CentralizedSearch.Models.SearchModelTests" name="CreateDefinition_StartSearch_ExecutedAfterDelay" />
    </UnitTest>
    <UnitTest name="TestSaveMap_NoChanges_Success" storage="d:\actions-runner\_work\xpco\xpco\allsolutions\..\sc\components\remoteviewer\smartclient\tst\zsmartclient_unittest\bin\x64\debug\net6.0-windows\zsmartclient_unittest.dll" id="e310b5f1-c455-40bf-82e5-d008ba1db855">
      <TestCategory>
        <TestCategoryItem TestCategory="GisMap" />
      </TestCategory>
      <Execution id="cf8ee00b-0e23-40c9-b201-1498b05f55e5" />
      <TestMethod codeBase="D:\actions-runner\_work\XPCO\XPCO\AllSolutions\..\SC\Components\RemoteViewer\SmartClient\tst\zSmartClient_UnitTest\bin\x64\Debug\net6.0-windows\zSmartClient_UnitTest.dll" adapterTypeName="executor://mstestadapter/v2" className="SmartClient_UnitTest.VideoOS.RemoteClient.GisMapData.GisMapBasicTests" name="TestSaveMap_NoChanges_Success" />
    </UnitTest>
    <UnitTest name="TriggerTime_ShouldBeSetToValueOfSearchResult" storage="d:\actions-runner\_work\xpco\xpco\allsolutions\..\sc\components\remoteviewer\smartclient\tst\zsmartclient_unittest\bin\x64\debug\net6.0-windows\zsmartclient_unittest.dll" id="3a324bfc-234e-c9df-2934-23de7ff42e44">
      <TestCategory>
        <TestCategoryItem TestCategory="Search.Wrappers" />
      </TestCategory>
      <Execution id="223eede5-0a36-4418-8f3b-e64345f8493c" />
      <TestMethod codeBase="D:\actions-runner\_work\XPCO\XPCO\AllSolutions\..\SC\Components\RemoteViewer\SmartClient\tst\zSmartClient_UnitTest\bin\x64\Debug\net6.0-windows\zSmartClient_UnitTest.dll" adapterTypeName="executor://mstestadapter/v2" className="SmartClient_UnitTest.VideoOS.RemoteClient.Plugin.CentralizedSearch.Models.Wrappers.SearchResultDataWrapperTests" name="TriggerTime_ShouldBeSetToValueOfSearchResult" />
    </UnitTest>
    <UnitTest name="WaitForItemAsync_WhenNotAdded_QuitsOnTimeout" storage="d:\actions-runner\_work\xpco\xpco\allsolutions\..\sc\components\remoteviewer\smartclient\tst\zsmartclient_unittest\bin\x64\debug\net6.0-windows\zsmartclient_unittest.dll" id="0cd872bf-1428-c181-b201-48c4c96402b3">
      <Execution id="e7414989-9efe-4a4d-9760-1e6b53ac807e" />
      <TestMethod codeBase="D:\actions-runner\_work\XPCO\XPCO\AllSolutions\..\SC\Components\RemoteViewer\SmartClient\tst\zSmartClient_UnitTest\bin\x64\Debug\net6.0-windows\zSmartClient_UnitTest.dll" adapterTypeName="executor://mstestadapter/v2" className="SmartClient_UnitTest.VideoOS.RemoteClient.Plugin.GisMap.MIP.MipMapitemWaiterTests" name="WaitForItemAsync_WhenNotAdded_QuitsOnTimeout" />
    </UnitTest>
    <UnitTest name="Dispose_Success" storage="d:\actions-runner\_work\xpco\xpco\allsolutions\..\sc\components\remoteviewer\smartclient\tst\zsmartclient_unittest\bin\x64\debug\net6.0-windows\zsmartclient_unittest.dll" id="01c01ca3-1cfc-215a-ffeb-b8e6d0ef2e1f">
      <TestCategory>
        <TestCategoryItem TestCategory="Search" />
      </TestCategory>
      <Execution id="7abf9aa6-a1fb-49b0-8f35-dab6c47ecee4" />
      <TestMethod codeBase="D:\actions-runner\_work\XPCO\XPCO\AllSolutions\..\SC\Components\RemoteViewer\SmartClient\tst\zSmartClient_UnitTest\bin\x64\Debug\net6.0-windows\zSmartClient_UnitTest.dll" adapterTypeName="executor://mstestadapter/v2" className="SmartClient_UnitTest.VideoOS.RemoteClient.Plugin.CentralizedSearch.ViewModels.CompositeSearchWarningViewModelTests" name="Dispose_Success" />
    </UnitTest>
    <UnitTest name="EnsureLayersOrderIsValidBy_AddLayerAt_Success" storage="d:\actions-runner\_work\xpco\xpco\allsolutions\..\sc\components\remoteviewer\smartclient\tst\zsmartclient_unittest\bin\x64\debug\net6.0-windows\zsmartclient_unittest.dll" id="043e653c-51c1-1e91-2072-c6aa4ad8dfeb">
      <TestCategory>
        <TestCategoryItem TestCategory="GisMapLayers" />
      </TestCategory>
      <Execution id="bbf38780-b1fb-4ca4-9070-4ac62747c1b7" />
      <TestMethod codeBase="D:\actions-runner\_work\XPCO\XPCO\AllSolutions\..\SC\Components\RemoteViewer\SmartClient\tst\zSmartClient_UnitTest\bin\x64\Debug\net6.0-windows\zSmartClient_UnitTest.dll" adapterTypeName="executor://mstestadapter/v2" className="SmartClient_UnitTest.VideoOS.RemoteClient.GisMapData.GisMapLayerZOrderTests" name="EnsureLayersOrderIsValidBy_AddLayerAt_Success" />
    </UnitTest>
    <UnitTest name="ValidateExportFormats_SmartClientPlayerFormat_ShouldValidate" storage="d:\actions-runner\_work\xpco\xpco\allsolutions\..\sc\components\remoteviewer\smartclient\tst\zsmartclient_unittest\bin\x64\debug\net6.0-windows\zsmartclient_unittest.dll" id="69a471d5-b0a2-5fd2-ad73-823b3f723b44">
      <TestCategory>
        <TestCategoryItem TestCategory="Export" />
      </TestCategory>
      <Execution id="3c2e14a4-6ad8-479d-b6b1-0fe0460afad4" />
      <TestMethod codeBase="D:\actions-runner\_work\XPCO\XPCO\AllSolutions\..\SC\Components\RemoteViewer\SmartClient\tst\zSmartClient_UnitTest\bin\x64\Debug\net6.0-windows\zSmartClient_UnitTest.dll" adapterTypeName="executor://mstestadapter/v2" className="SmartClient_UnitTest.VideoOS.RemoteClient.Plugin.Export.ExportDataValidatorTests" name="ValidateExportFormats_SmartClientPlayerFormat_ShouldValidate" />
    </UnitTest>
    <UnitTest name="AddSelectedWindowsToExport_ShouldAddToExportData (1)" storage="d:\actions-runner\_work\xpco\xpco\allsolutions\..\sc\components\remoteviewer\smartclient\tst\zsmartclient_unittest\bin\x64\debug\net6.0-windows\zsmartclient_unittest.dll" id="9b6f16d4-c136-10d2-3821-bfa9982ae3af">
      <TestCategory>
        <TestCategoryItem TestCategory="Managers" />
      </TestCategory>
      <Execution id="95cd0d64-21ff-4413-806a-790d4c88a04f" />
      <TestMethod codeBase="D:\actions-runner\_work\XPCO\XPCO\AllSolutions\..\SC\Components\RemoteViewer\SmartClient\tst\zSmartClient_UnitTest\bin\x64\Debug\net6.0-windows\zSmartClient_UnitTest.dll" adapterTypeName="executor://mstestadapter/v2" className="SmartClient_UnitTest.VideoOS.RemoteClient.Application.Managers.ExportManagerTests" name="AddSelectedWindowsToExport_ShouldAddToExportData" />
    </UnitTest>
    <UnitTest name="AllMappingsIncluded" storage="d:\actions-runner\_work\xpco\xpco\allsolutions\..\sc\components\remoteviewer\smartclient\tst\zsmartclient_unittest\bin\x64\debug\net6.0-windows\zsmartclient_unittest.dll" id="cf366775-ad88-dfab-044d-7fd00fe030bf">
      <TestCategory>
        <TestCategoryItem TestCategory="Search" />
      </TestCategory>
      <Execution id="204f322c-1254-4c4a-bee4-ec0e9a1497bd" />
      <TestMethod codeBase="D:\actions-runner\_work\XPCO\XPCO\AllSolutions\..\SC\Components\RemoteViewer\SmartClient\tst\zSmartClient_UnitTest\bin\x64\Debug\net6.0-windows\zSmartClient_UnitTest.dll" adapterTypeName="executor://mstestadapter/v2" className="SmartClient_UnitTest.VideoOS.RemoteClient.Plugin.CentralizedSearch.MIPPlugin.ScSearchUserControlPluginTest" name="AllMappingsIncluded" />
    </UnitTest>
    <UnitTest name="IconValueConverter_ConvertBack_Fail" storage="d:\actions-runner\_work\xpco\xpco\allsolutions\..\sc\components\remoteviewer\smartclient\tst\zsmartclient_unittest\bin\x64\debug\net6.0-windows\zsmartclient_unittest.dll" id="24aad481-07c1-3aaa-142a-c2bdd14112ca">
      <TestCategory>
        <TestCategoryItem TestCategory="SearchConverter" />
      </TestCategory>
      <Execution id="34d0353a-7a86-43d4-b0f4-e548ef4e6aa2" />
      <TestMethod codeBase="D:\actions-runner\_work\XPCO\XPCO\AllSolutions\..\SC\Components\RemoteViewer\SmartClient\tst\zSmartClient_UnitTest\bin\x64\Debug\net6.0-windows\zSmartClient_UnitTest.dll" adapterTypeName="executor://mstestadapter/v2" className="SmartClient_UnitTest.VideoOS.RemoteClient.Plugin.CentralizedSearch.Views.Converters.IconValueConverterTests" name="IconValueConverter_ConvertBack_Fail" />
    </UnitTest>
    <UnitTest name="CopyPasteInternalClipBoardTest" storage="d:\actions-runner\_work\xpco\xpco\allsolutions\..\sc\components\remoteviewer\smartclient\tst\zsmartclient_unittest\bin\x64\debug\net6.0-windows\zsmartclient_unittest.dll" id="91a78aeb-428a-f6ff-e2d1-52651e1feb62">
      <Execution id="d7d7ce20-f6ce-49c4-b447-b8a9dfe6e071" />
      <TestMethod codeBase="D:\actions-runner\_work\XPCO\XPCO\AllSolutions\..\SC\Components\RemoteViewer\SmartClient\tst\zSmartClient_UnitTest\bin\x64\Debug\net6.0-windows\zSmartClient_UnitTest.dll" adapterTypeName="executor://mstestadapter/v2" className="SmartClient_UnitTest.VideoOS.RemoteClient.Application.Data.Configuration.ViewGroupClipboardManagerTest" name="CopyPasteInternalClipBoardTest" />
    </UnitTest>
    <UnitTest name="SelectOptions_ShouldNotChangeSelectedComponent_WhenGivenNonExistingComponent" storage="d:\actions-runner\_work\xpco\xpco\allsolutions\..\sc\components\remoteviewer\smartclient\tst\zsmartclient_unittest\bin\x64\debug\net6.0-windows\zsmartclient_unittest.dll" id="c3c8acd6-ab82-9706-0dfb-389b90288a20">
      <Execution id="31945526-11b2-462f-b635-48a8325d3ca0" />
      <TestMethod codeBase="D:\actions-runner\_work\XPCO\XPCO\AllSolutions\..\SC\Components\RemoteViewer\SmartClient\tst\zSmartClient_UnitTest\bin\x64\Debug\net6.0-windows\zSmartClient_UnitTest.dll" adapterTypeName="executor://mstestadapter/v2" className="SmartClient_UnitTest.VideoOS.RemoteClient.Application.UI.Settings.SettingsDialogViewModelTests" name="SelectOptions_ShouldNotChangeSelectedComponent_WhenGivenNonExistingComponent" />
    </UnitTest>
    <UnitTest name="EnsureLayersOrderIsValidBy_Swap201_Success" storage="d:\actions-runner\_work\xpco\xpco\allsolutions\..\sc\components\remoteviewer\smartclient\tst\zsmartclient_unittest\bin\x64\debug\net6.0-windows\zsmartclient_unittest.dll" id="b18c5783-3346-0ed2-7230-790ae4df554b">
      <TestCategory>
        <TestCategoryItem TestCategory="GisMapLayers" />
      </TestCategory>
      <Execution id="0e47c33a-b4a2-47ca-a4b0-d7bfe3f5b92d" />
      <TestMethod codeBase="D:\actions-runner\_work\XPCO\XPCO\AllSolutions\..\SC\Components\RemoteViewer\SmartClient\tst\zSmartClient_UnitTest\bin\x64\Debug\net6.0-windows\zSmartClient_UnitTest.dll" adapterTypeName="executor://mstestadapter/v2" className="SmartClient_UnitTest.VideoOS.RemoteClient.GisMapData.GisMapLayerZOrderTests" name="EnsureLayersOrderIsValidBy_Swap201_Success" />
    </UnitTest>
    <UnitTest name="New_related_device_added_when_unrelated_camera_added" storage="d:\actions-runner\_work\xpco\xpco\allsolutions\..\sc\components\remoteviewer\smartclient\tst\zsmartclient_unittest\bin\x64\debug\net6.0-windows\zsmartclient_unittest.dll" id="50eff704-edc5-bb65-d2be-7ddc270e7a86">
      <Execution id="6ef76b66-efbf-4103-ab75-64b51776cd22" />
      <TestMethod codeBase="D:\actions-runner\_work\XPCO\XPCO\AllSolutions\..\SC\Components\RemoteViewer\SmartClient\tst\zSmartClient_UnitTest\bin\x64\Debug\net6.0-windows\zSmartClient_UnitTest.dll" adapterTypeName="executor://mstestadapter/v2" className="SmartClient_UnitTest.VideoOS.RemoteClient.Application.Components.EvidenceLock.EvidenceLockRelatedDeviceTests" name="New_related_device_added_when_unrelated_camera_added" />
    </UnitTest>
    <UnitTest name="Compare_ShouldPrioritizeCombinedResultsWithMostTriggerTimesInTimespan_WhenAllTriggerTimesAreCounted" storage="d:\actions-runner\_work\xpco\xpco\allsolutions\..\sc\components\remoteviewer\smartclient\tst\zsmartclient_unittest\bin\x64\debug\net6.0-windows\zsmartclient_unittest.dll" id="4e7ccc39-dfc0-cf1c-eb6a-128de9b59e45">
      <TestCategory>
        <TestCategoryItem TestCategory="SearchComparers" />
      </TestCategory>
      <Execution id="cc63818c-aa5a-42a3-8f8d-5dbbb6e25149" />
      <TestMethod codeBase="D:\actions-runner\_work\XPCO\XPCO\AllSolutions\..\SC\Components\RemoteViewer\SmartClient\tst\zSmartClient_UnitTest\bin\x64\Debug\net6.0-windows\zSmartClient_UnitTest.dll" adapterTypeName="executor://mstestadapter/v2" className="SmartClient_UnitTest.VideoOS.RemoteClient.Plugin.CentralizedSearch.Models.Wrappers.Comparers.RelevanceComparerTests" name="Compare_ShouldPrioritizeCombinedResultsWithMostTriggerTimesInTimespan_WhenAllTriggerTimesAreCounted" />
    </UnitTest>
    <UnitTest name="GetWorkspaceToolbarItems_ShouldReturnNormalToolbarItemEnabledSetupToolbarItemDisabled_WhenWorkspaceStateIsNormal" storage="d:\actions-runner\_work\xpco\xpco\allsolutions\..\sc\components\remoteviewer\smartclient\tst\zsmartclient_unittest\bin\x64\debug\net6.0-windows\zsmartclient_unittest.dll" id="2e79e419-e74e-f445-7799-1adbaa35d399">
      <TestCategory>
        <TestCategoryItem TestCategory="WorkspaceToolbar" />
      </TestCategory>
      <Execution id="ad2f97ce-af3c-439e-bc57-e79df0394beb" />
      <TestMethod codeBase="D:\actions-runner\_work\XPCO\XPCO\AllSolutions\..\SC\Components\RemoteViewer\SmartClient\tst\zSmartClient_UnitTest\bin\x64\Debug\net6.0-windows\zSmartClient_UnitTest.dll" adapterTypeName="executor://mstestadapter/v2" className="SmartClient_UnitTest.VideoOS.RemoteClient.Application.UI.Content.WorkspaceToolbar.MIPWorkspaceToolbarItemManagerTests" name="GetWorkspaceToolbarItems_ShouldReturnNormalToolbarItemEnabledSetupToolbarItemDisabled_WhenWorkspaceStateIsNormal" />
    </UnitTest>
    <UnitTest name="ApplyStatesToUi_StateWithoutItemSize_UpdateItemSizeNotCalled" storage="d:\actions-runner\_work\xpco\xpco\allsolutions\..\sc\components\remoteviewer\smartclient\tst\zsmartclient_unittest\bin\x64\debug\net6.0-windows\zsmartclient_unittest.dll" id="d075e987-3000-b723-e176-5d1d494fc6f2">
      <TestCategory>
        <TestCategoryItem TestCategory="SearchViews" />
      </TestCategory>
      <Execution id="bfcb63c0-5449-453c-aa8c-1eb925279ea9" />
      <TestMethod codeBase="D:\actions-runner\_work\XPCO\XPCO\AllSolutions\..\SC\Components\RemoteViewer\SmartClient\tst\zSmartClient_UnitTest\bin\x64\Debug\net6.0-windows\zSmartClient_UnitTest.dll" adapterTypeName="executor://mstestadapter/v2" className="SmartClient_UnitTest.VideoOS.RemoteClient.Plugin.CentralizedSearch.Views.SearchResultsViewTests" name="ApplyStatesToUi_StateWithoutItemSize_UpdateItemSizeNotCalled" />
    </UnitTest>
    <UnitTest name="Convert_ShouldReturnTrue_WhenParameterIsEqualToValue" storage="d:\actions-runner\_work\xpco\xpco\allsolutions\..\sc\components\remoteviewer\smartclient\tst\zsmartclient_unittest\bin\x64\debug\net6.0-windows\zsmartclient_unittest.dll" id="475f68bd-aa4e-7080-1be5-54155a49acfc">
      <TestCategory>
        <TestCategoryItem TestCategory="GisMap.InteractionStateConverter" />
      </TestCategory>
      <Execution id="91441d75-711b-4285-b3c8-e4531c000937" />
      <TestMethod codeBase="D:\actions-runner\_work\XPCO\XPCO\AllSolutions\..\SC\Components\RemoteViewer\SmartClient\tst\zSmartClient_UnitTest\bin\x64\Debug\net6.0-windows\zSmartClient_UnitTest.dll" adapterTypeName="executor://mstestadapter/v2" className="SmartClient_UnitTest.VideoOS.RemoteClient.Plugin.GisMap.View.InteractionStateConverterTests" name="Convert_ShouldReturnTrue_WhenParameterIsEqualToValue" />
    </UnitTest>
    <UnitTest name="GetWorkspaceToolbarItems_ShouldReturnGroupedToolbarItemAsDisabled_WhenAllSubItemsAreDisabled" storage="d:\actions-runner\_work\xpco\xpco\allsolutions\..\sc\components\remoteviewer\smartclient\tst\zsmartclient_unittest\bin\x64\debug\net6.0-windows\zsmartclient_unittest.dll" id="91423947-d9d3-4bfd-cfab-68c119421239">
      <TestCategory>
        <TestCategoryItem TestCategory="WorkspaceToolbar" />
      </TestCategory>
      <Execution id="88dcdada-dcf4-444c-922f-b962105bf07f" />
      <TestMethod codeBase="D:\actions-runner\_work\XPCO\XPCO\AllSolutions\..\SC\Components\RemoteViewer\SmartClient\tst\zSmartClient_UnitTest\bin\x64\Debug\net6.0-windows\zSmartClient_UnitTest.dll" adapterTypeName="executor://mstestadapter/v2" className="SmartClient_UnitTest.VideoOS.RemoteClient.Application.UI.Content.WorkspaceToolbar.MIPWorkspaceToolbarItemManagerTests" name="GetWorkspaceToolbarItems_ShouldReturnGroupedToolbarItemAsDisabled_WhenAllSubItemsAreDisabled" />
    </UnitTest>
    <UnitTest name="GetDuration_SeveralHours_Success" storage="d:\actions-runner\_work\xpco\xpco\allsolutions\..\sc\components\remoteviewer\smartclient\tst\zsmartclient_unittest\bin\x64\debug\net6.0-windows\zsmartclient_unittest.dll" id="14ce9c46-40b0-3cf1-b65d-94e20f3f850c">
      <TestCategory>
        <TestCategoryItem TestCategory="Search" />
      </TestCategory>
      <Execution id="7bee7278-037c-4dac-9e76-7aecf3f188b9" />
      <TestMethod codeBase="D:\actions-runner\_work\XPCO\XPCO\AllSolutions\..\SC\Components\RemoteViewer\SmartClient\tst\zSmartClient_UnitTest\bin\x64\Debug\net6.0-windows\zSmartClient_UnitTest.dll" adapterTypeName="executor://mstestadapter/v2" className="SmartClient_UnitTest.VideoOS.RemoteClient.Plugin.CentralizedSearch.ViewModels.Data.TimeScopeTests" name="GetDuration_SeveralHours_Success" />
    </UnitTest>
    <UnitTest name="AddSelectedCameras_TooManyCamerasSingle_AddedUntilMaxAndWarningMessageDisplayed" storage="d:\actions-runner\_work\xpco\xpco\allsolutions\..\sc\components\remoteviewer\smartclient\tst\zsmartclient_unittest\bin\x64\debug\net6.0-windows\zsmartclient_unittest.dll" id="ea8f64f7-705b-0857-7b53-590a46740227">
      <TestCategory>
        <TestCategoryItem TestCategory="SearchViewModels" />
      </TestCategory>
      <Execution id="9db7a3af-6662-4765-9641-5423a3e68a17" />
      <TestMethod codeBase="D:\actions-runner\_work\XPCO\XPCO\AllSolutions\..\SC\Components\RemoteViewer\SmartClient\tst\zSmartClient_UnitTest\bin\x64\Debug\net6.0-windows\zSmartClient_UnitTest.dll" adapterTypeName="executor://mstestadapter/v2" className="SmartClient_UnitTest.VideoOS.RemoteClient.Plugin.CentralizedSearch.ViewModels.SearchViewModelTests" name="AddSelectedCameras_TooManyCamerasSingle_AddedUntilMaxAndWarningMessageDisplayed" />
    </UnitTest>
    <UnitTest name="Search_TokenCancelled_SearchCallNotDelegatedToSearchManager" storage="d:\actions-runner\_work\xpco\xpco\allsolutions\..\sc\components\remoteviewer\smartclient\tst\zsmartclient_unittest\bin\x64\debug\net6.0-windows\zsmartclient_unittest.dll" id="99a87674-ee88-dca5-48a5-598cbe7cb43b">
      <TestCategory>
        <TestCategoryItem TestCategory="Search" />
      </TestCategory>
      <Execution id="d0c39d29-65d0-474d-b065-7bb1e0979963" />
      <TestMethod codeBase="D:\actions-runner\_work\XPCO\XPCO\AllSolutions\..\SC\Components\RemoteViewer\SmartClient\tst\zSmartClient_UnitTest\bin\x64\Debug\net6.0-windows\zSmartClient_UnitTest.dll" adapterTypeName="executor://mstestadapter/v2" className="SmartClient_UnitTest.VideoOS.RemoteClient.Plugin.CentralizedSearch.MIPPlugin.CompositeSearchDefinitionTests" name="Search_TokenCancelled_SearchCallNotDelegatedToSearchManager" />
    </UnitTest>
    <UnitTest name="AlwaysPutSmartWallGroupLast" storage="d:\actions-runner\_work\xpco\xpco\allsolutions\..\sc\components\remoteviewer\smartclient\tst\zsmartclient_unittest\bin\x64\debug\net6.0-windows\zsmartclient_unittest.dll" id="233a6bed-ae00-b023-a337-828767e08ee8">
      <Execution id="4b5eb7bd-84f4-4aee-b0e0-4eec3b204bed" />
      <TestMethod codeBase="D:\actions-runner\_work\XPCO\XPCO\AllSolutions\..\SC\Components\RemoteViewer\SmartClient\tst\zSmartClient_UnitTest\bin\x64\Debug\net6.0-windows\zSmartClient_UnitTest.dll" adapterTypeName="executor://mstestadapter/v2" className="SmartClient_UnitTest.VideoOS.RemoteClient.Application.UI.Common.ViewTree.SortingTests" name="AlwaysPutSmartWallGroupLast" />
    </UnitTest>
    <UnitTest name="UpdateItemState_Enabled_AllTrue" storage="d:\actions-runner\_work\xpco\xpco\allsolutions\..\sc\components\remoteviewer\smartclient\tst\zsmartclient_unittest\bin\x64\debug\net6.0-windows\zsmartclient_unittest.dll" id="ca54778c-c4c5-e9c4-6078-1f6eb9837f98">
      <TestCategory>
        <TestCategoryItem TestCategory="ContentHolderToolbar" />
      </TestCategory>
      <Execution id="a96b34bb-4482-42ab-b1fe-bbb3be3a903a" />
      <TestMethod codeBase="D:\actions-runner\_work\XPCO\XPCO\AllSolutions\..\SC\Components\RemoteViewer\SmartClient\tst\zSmartClient_UnitTest\bin\x64\Debug\net6.0-windows\zSmartClient_UnitTest.dll" adapterTypeName="executor://mstestadapter/v2" className="SmartClient_UnitTest.VideoOS.RemoteClient.Application.Data.ContentHolderToolbar.ToolBarItemSearchTests" name="UpdateItemState_Enabled_AllTrue" />
    </UnitTest>
    <UnitTest name="GetServerTypes_ShouldReturnRecordingServiceType" storage="d:\actions-runner\_work\xpco\xpco\allsolutions\..\sc\components\remoteviewer\smartclient\tst\zsmartclient_unittest\bin\x64\debug\net6.0-windows\zsmartclient_unittest.dll" id="f4609267-8826-6634-3e91-b8471488e292">
      <Execution id="d5dd3f61-f494-4726-a40a-76b01cffa1a1" />
      <TestMethod codeBase="D:\actions-runner\_work\XPCO\XPCO\AllSolutions\..\SC\Components\RemoteViewer\SmartClient\tst\zSmartClient_UnitTest\bin\x64\Debug\net6.0-windows\zSmartClient_UnitTest.dll" adapterTypeName="executor://mstestadapter/v2" className="SmartClient_UnitTest.VideoOS.RemoteClient.Application.Data.ContentTypes.ReportingContentType.DashboardExtentionsTest" name="GetServerTypes_ShouldReturnRecordingServiceType" />
    </UnitTest>
    <UnitTest name="RightClick_ShouldSetContextMenu_WhenHostIsNotContextMenuAware" storage="d:\actions-runner\_work\xpco\xpco\allsolutions\..\sc\components\remoteviewer\smartclient\tst\zsmartclient_unittest\bin\x64\debug\net6.0-windows\zsmartclient_unittest.dll" id="be46907d-a173-13ad-6a6b-f04367a3abb5">
      <TestCategory>
        <TestCategoryItem TestCategory="MapItemMarkerBase" />
      </TestCategory>
      <Execution id="e56dffca-1ef8-4891-b2f3-0744fd461e98" />
      <TestMethod codeBase="D:\actions-runner\_work\XPCO\XPCO\AllSolutions\..\SC\Components\RemoteViewer\SmartClient\tst\zSmartClient_UnitTest\bin\x64\Debug\net6.0-windows\zSmartClient_UnitTest.dll" adapterTypeName="executor://mstestadapter/v2" className="SmartClient_UnitTest.VideoOS.RemoteClient.Plugin.GisMap.ThinkGeoMap.Markers.MapItemMarkerBaseTests" name="RightClick_ShouldSetContextMenu_WhenHostIsNotContextMenuAware" />
    </UnitTest>
    <UnitTest name="ScrollWheelInTileLayout_ScrollDown_DecreasesItemSize" storage="d:\actions-runner\_work\xpco\xpco\allsolutions\..\sc\components\remoteviewer\smartclient\tst\zsmartclient_unittest\bin\x64\debug\net6.0-windows\zsmartclient_unittest.dll" id="fb9b27c6-d958-01c3-0bba-3a3e5a814ae8">
      <TestCategory>
        <TestCategoryItem TestCategory="SearchViews" />
      </TestCategory>
      <Execution id="d3d11dad-73de-4d22-a8ea-9ea050988e45" />
      <TestMethod codeBase="D:\actions-runner\_work\XPCO\XPCO\AllSolutions\..\SC\Components\RemoteViewer\SmartClient\tst\zSmartClient_UnitTest\bin\x64\Debug\net6.0-windows\zSmartClient_UnitTest.dll" adapterTypeName="executor://mstestadapter/v2" className="SmartClient_UnitTest.VideoOS.RemoteClient.Plugin.CentralizedSearch.Views.SearchResultsViewTests" name="ScrollWheelInTileLayout_ScrollDown_DecreasesItemSize" />
    </UnitTest>
    <UnitTest name="Ctor_WpfMessageBoxButtonIsSetToRemoveCancel_OnlyRemoveCancelButtonsVisible" storage="d:\actions-runner\_work\xpco\xpco\allsolutions\..\sc\components\remoteviewer\smartclient\tst\zsmartclient_unittest\bin\x64\debug\net6.0-windows\zsmartclient_unittest.dll" id="07ec7b90-4f80-77d6-d19d-abca75ed0c64">
      <Execution id="acf4295c-ee68-4dfa-b675-8baa1fd1f4dc" />
      <TestMethod codeBase="D:\actions-runner\_work\XPCO\XPCO\AllSolutions\..\SC\Components\RemoteViewer\SmartClient\tst\zSmartClient_UnitTest\bin\x64\Debug\net6.0-windows\zSmartClient_UnitTest.dll" adapterTypeName="executor://mstestadapter/v2" className="SmartClient_UnitTest.VideoOS.RemoteClient.Application.UI.Common.MessageBoxWithList.MessageBoxWithListViewModelTests" name="Ctor_WpfMessageBoxButtonIsSetToRemoveCancel_OnlyRemoveCancelButtonsVisible" />
    </UnitTest>
    <UnitTest name="PtzSessionController_Constructor_ArgumentNull_PtzSessionInfoCommunication_Test" storage="d:\actions-runner\_work\xpco\xpco\allsolutions\..\sc\components\remoteviewer\smartclient\tst\zsmartclient_unittest\bin\x64\debug\net6.0-windows\zsmartclient_unittest.dll" id="a6e357f5-5043-640f-dc7b-7f6d8536f9c8">
      <Execution id="ef7c6dd0-d182-408e-be64-def09be5302f" />
      <TestMethod codeBase="D:\actions-runner\_work\XPCO\XPCO\AllSolutions\..\SC\Components\RemoteViewer\SmartClient\tst\zSmartClient_UnitTest\bin\x64\Debug\net6.0-windows\zSmartClient_UnitTest.dll" adapterTypeName="executor://mstestadapter/v2" className="VideoOS.RemoteClient.Application.Controllers.UnitTest.PtzSessionControllerTest" name="PtzSessionController_Constructor_ArgumentNull_PtzSessionInfoCommunication_Test" />
    </UnitTest>
    <UnitTest name="Deserialize_FilterIdInvalid_Error" storage="d:\actions-runner\_work\xpco\xpco\allsolutions\..\sc\components\remoteviewer\smartclient\tst\zsmartclient_unittest\bin\x64\debug\net6.0-windows\zsmartclient_unittest.dll" id="126ce091-c6ba-ecff-2f2d-3c69aa56bf21">
      <TestCategory>
        <TestCategoryItem TestCategory="SearchSerialization" />
      </TestCategory>
      <Execution id="f16a2238-4aee-4421-ab4e-7284b12ee17b" />
      <TestMethod codeBase="D:\actions-runner\_work\XPCO\XPCO\AllSolutions\..\SC\Components\RemoteViewer\SmartClient\tst\zSmartClient_UnitTest\bin\x64\Debug\net6.0-windows\zSmartClient_UnitTest.dll" adapterTypeName="executor://mstestadapter/v2" className="SmartClient_UnitTest.VideoOS.RemoteClient.Plugin.CentralizedSearch.Models.Serialization.SearchSerializerTests" name="Deserialize_FilterIdInvalid_Error" />
    </UnitTest>
    <UnitTest name="PtzSessionControllerInfo_TimeChangedTest_Argument_Null_2" storage="d:\actions-runner\_work\xpco\xpco\allsolutions\..\sc\components\remoteviewer\smartclient\tst\zsmartclient_unittest\bin\x64\debug\net6.0-windows\zsmartclient_unittest.dll" id="54a7733a-514e-04cf-6d1f-91eeef43fa83">
      <Execution id="943a4924-a2c1-4579-956f-03c8dc9a2d27" />
      <TestMethod codeBase="D:\actions-runner\_work\XPCO\XPCO\AllSolutions\..\SC\Components\RemoteViewer\SmartClient\tst\zSmartClient_UnitTest\bin\x64\Debug\net6.0-windows\zSmartClient_UnitTest.dll" adapterTypeName="executor://mstestadapter/v2" className="VideoOS.RemoteClient.Application.Controllers.UnitTest.PtzSessionControllerTest" name="PtzSessionControllerInfo_TimeChangedTest_Argument_Null_2" />
    </UnitTest>
    <UnitTest name="PatrollingStepListViewModel_MoveStepUpCommand" storage="d:\actions-runner\_work\xpco\xpco\allsolutions\..\sc\components\remoteviewer\smartclient\tst\zsmartclient_unittest\bin\x64\debug\net6.0-windows\zsmartclient_unittest.dll" id="ed1d90ee-8339-654e-30f1-a3356e61f489">
      <Execution id="e0d4041b-6ff8-45de-a923-6e158af455d2" />
      <TestMethod codeBase="D:\actions-runner\_work\XPCO\XPCO\AllSolutions\..\SC\Components\RemoteViewer\SmartClient\tst\zSmartClient_UnitTest\bin\x64\Debug\net6.0-windows\zSmartClient_UnitTest.dll" adapterTypeName="executor://mstestadapter/v2" className="SmartClient_UnitTest.VideoOS.RemoteClient.Application.UI.PtzPreset.PatrollingViewModel.PatrollingStepListViewModelTest" name="PatrollingStepListViewModel_MoveStepUpCommand" />
    </UnitTest>
    <UnitTest name="SearchResultsActionBarActions_EditBookmark_ResultMovedOutOfSearchScope_EditBookmarkInvokedAndSearchStarted" storage="d:\actions-runner\_work\xpco\xpco\allsolutions\..\sc\components\remoteviewer\smartclient\tst\zsmartclient_unittest\bin\x64\debug\net6.0-windows\zsmartclient_unittest.dll" id="a0ce8b18-c0e1-b20c-c79e-d473edcc8518">
      <TestCategory>
        <TestCategoryItem TestCategory="SearchResultActionBarViewModel" />
      </TestCategory>
      <Execution id="d6173db6-e6f4-45c7-a712-3407f7d4fa0e" />
      <TestMethod codeBase="D:\actions-runner\_work\XPCO\XPCO\AllSolutions\..\SC\Components\RemoteViewer\SmartClient\tst\zSmartClient_UnitTest\bin\x64\Debug\net6.0-windows\zSmartClient_UnitTest.dll" adapterTypeName="executor://mstestadapter/v2" className="SmartClient_UnitTest.VideoOS.RemoteClient.Plugin.CentralizedSearch.ViewModels.SearchResultsActionBarViewModelTest" name="SearchResultsActionBarActions_EditBookmark_ResultMovedOutOfSearchScope_EditBookmarkInvokedAndSearchStarted" />
    </UnitTest>
    <UnitTest name="PtzSessionControllerInfoConstructorTest_From_PtzSessionInfo_Patrolling_User" storage="d:\actions-runner\_work\xpco\xpco\allsolutions\..\sc\components\remoteviewer\smartclient\tst\zsmartclient_unittest\bin\x64\debug\net6.0-windows\zsmartclient_unittest.dll" id="073071ee-a9ec-09b5-e762-5a4e8dd50939">
      <Execution id="4d63d4f5-f3bc-4d82-9891-e5b4e31ceffe" />
      <TestMethod codeBase="D:\actions-runner\_work\XPCO\XPCO\AllSolutions\..\SC\Components\RemoteViewer\SmartClient\tst\zSmartClient_UnitTest\bin\x64\Debug\net6.0-windows\zSmartClient_UnitTest.dll" adapterTypeName="executor://mstestadapter/v2" className="VideoOS.RemoteClient.Application.Controllers.UnitTest.PtzSessionControllerTest" name="PtzSessionControllerInfoConstructorTest_From_PtzSessionInfo_Patrolling_User" />
    </UnitTest>
    <UnitTest name="Ctor_NoSearchAgents_Throws" storage="d:\actions-runner\_work\xpco\xpco\allsolutions\..\sc\components\remoteviewer\smartclient\tst\zsmartclient_unittest\bin\x64\debug\net6.0-windows\zsmartclient_unittest.dll" id="7f664b57-7413-e68a-c6c0-a58e6b75f164">
      <TestCategory>
        <TestCategoryItem TestCategory="Search" />
      </TestCategory>
      <Execution id="6be7a9a8-fd0b-4ce3-9252-35a71d1f117a" />
      <TestMethod codeBase="D:\actions-runner\_work\XPCO\XPCO\AllSolutions\..\SC\Components\RemoteViewer\SmartClient\tst\zSmartClient_UnitTest\bin\x64\Debug\net6.0-windows\zSmartClient_UnitTest.dll" adapterTypeName="executor://mstestadapter/v2" className="SmartClient_UnitTest.VideoOS.RemoteClient.Plugin.CentralizedSearch.MIPPlugin.CompositeSearchAgentTests" name="Ctor_NoSearchAgents_Throws" />
    </UnitTest>
    <UnitTest name="SearchResultsActionBarActions_ActionResultCreateReport_Success" storage="d:\actions-runner\_work\xpco\xpco\allsolutions\..\sc\components\remoteviewer\smartclient\tst\zsmartclient_unittest\bin\x64\debug\net6.0-windows\zsmartclient_unittest.dll" id="f5f2e97a-f5f8-6deb-42be-a32de8760af2">
      <TestCategory>
        <TestCategoryItem TestCategory="SearchResultActionBarViewModel" />
      </TestCategory>
      <Execution id="11bea682-49e4-473c-b08d-ed9891e536bd" />
      <TestMethod codeBase="D:\actions-runner\_work\XPCO\XPCO\AllSolutions\..\SC\Components\RemoteViewer\SmartClient\tst\zSmartClient_UnitTest\bin\x64\Debug\net6.0-windows\zSmartClient_UnitTest.dll" adapterTypeName="executor://mstestadapter/v2" className="SmartClient_UnitTest.VideoOS.RemoteClient.Plugin.CentralizedSearch.ViewModels.SearchResultsActionBarViewModelTest" name="SearchResultsActionBarActions_ActionResultCreateReport_Success" />
    </UnitTest>
    <UnitTest name="SetIncludePartialResults_ShouldNotFireEvent_WhenSameValueApplied" storage="d:\actions-runner\_work\xpco\xpco\allsolutions\..\sc\components\remoteviewer\smartclient\tst\zsmartclient_unittest\bin\x64\debug\net6.0-windows\zsmartclient_unittest.dll" id="9dd385ef-b7c1-a45d-9dea-e00dc401f11c">
      <TestCategory>
        <TestCategoryItem TestCategory="SearchResultsPreprocessor" />
      </TestCategory>
      <Execution id="358cdc56-2ac8-407d-8535-d23dbab8209c" />
      <TestMethod codeBase="D:\actions-runner\_work\XPCO\XPCO\AllSolutions\..\SC\Components\RemoteViewer\SmartClient\tst\zSmartClient_UnitTest\bin\x64\Debug\net6.0-windows\zSmartClient_UnitTest.dll" adapterTypeName="executor://mstestadapter/v2" className="SmartClient_UnitTest.VideoOS.RemoteClient.Plugin.CentralizedSearch.Models.SearchResultsPreprocessorTests" name="SetIncludePartialResults_ShouldNotFireEvent_WhenSameValueApplied" />
    </UnitTest>
    <UnitTest name="RemoveSelectedCameraCommand_NoCameraSelected_NoChange" storage="d:\actions-runner\_work\xpco\xpco\allsolutions\..\sc\components\remoteviewer\smartclient\tst\zsmartclient_unittest\bin\x64\debug\net6.0-windows\zsmartclient_unittest.dll" id="535a6c4c-9d95-551a-92bd-bde3b28a38d2">
      <TestCategory>
        <TestCategoryItem TestCategory="SearchViewModels" />
      </TestCategory>
      <Execution id="4bdfcd95-83a3-4513-bdfd-c2e93963b8c0" />
      <TestMethod codeBase="D:\actions-runner\_work\XPCO\XPCO\AllSolutions\..\SC\Components\RemoteViewer\SmartClient\tst\zSmartClient_UnitTest\bin\x64\Debug\net6.0-windows\zSmartClient_UnitTest.dll" adapterTypeName="executor://mstestadapter/v2" className="SmartClient_UnitTest.VideoOS.RemoteClient.Plugin.CentralizedSearch.ViewModels.SearchViewModelTests" name="RemoveSelectedCameraCommand_NoCameraSelected_NoChange" />
    </UnitTest>
    <UnitTest name="Map_Layers_AddRangeDirectly_Fail" storage="d:\actions-runner\_work\xpco\xpco\allsolutions\..\sc\components\remoteviewer\smartclient\tst\zsmartclient_unittest\bin\x64\debug\net6.0-windows\zsmartclient_unittest.dll" id="3377fc03-ebfb-5203-3a6a-1a517b97bfcd">
      <TestCategory>
        <TestCategoryItem TestCategory="GisMapLayers" />
      </TestCategory>
      <Execution id="471d1635-0733-4146-b090-c25ede117892" />
      <TestMethod codeBase="D:\actions-runner\_work\XPCO\XPCO\AllSolutions\..\SC\Components\RemoteViewer\SmartClient\tst\zSmartClient_UnitTest\bin\x64\Debug\net6.0-windows\zSmartClient_UnitTest.dll" adapterTypeName="executor://mstestadapter/v2" className="SmartClient_UnitTest.VideoOS.RemoteClient.GisMapData.GisMapLayerTests" name="Map_Layers_AddRangeDirectly_Fail" />
    </UnitTest>
    <UnitTest name="TestTaskCreation" storage="d:\actions-runner\_work\xpco\xpco\allsolutions\..\sc\components\remoteviewer\smartclient\tst\zsmartclient_unittest\bin\x64\debug\net6.0-windows\zsmartclient_unittest.dll" id="0a4bd700-62ec-92c2-9d2a-4cd013e53bcb">
      <Execution id="f815b8b1-58ac-4ff4-8981-057b6566e31e" />
      <TestMethod codeBase="D:\actions-runner\_work\XPCO\XPCO\AllSolutions\..\SC\Components\RemoteViewer\SmartClient\tst\zSmartClient_UnitTest\bin\x64\Debug\net6.0-windows\zSmartClient_UnitTest.dll" adapterTypeName="executor://mstestadapter/v2" className="SmartClient_UnitTest.VideoOS.RemoteClient.Application.Managers.EdgeRetrievalTaskManagerUnitTest" name="TestTaskCreation" />
    </UnitTest>
    <UnitTest name="SearchCriteriaOnChanged_ShouldUpdateRegionSelectionFilterValue_WhenCameraScopeIsUpdated" storage="d:\actions-runner\_work\xpco\xpco\allsolutions\..\sc\components\remoteviewer\smartclient\tst\zsmartclient_unittest\bin\x64\debug\net6.0-windows\zsmartclient_unittest.dll" id="a2d013ca-7402-4f94-4ab9-860cc766f7d2">
      <TestCategory>
        <TestCategoryItem TestCategory="Search.Wrappers" />
      </TestCategory>
      <Execution id="347b55dd-a2d6-4484-95a0-01b161ce7c0d" />
      <TestMethod codeBase="D:\actions-runner\_work\XPCO\XPCO\AllSolutions\..\SC\Components\RemoteViewer\SmartClient\tst\zSmartClient_UnitTest\bin\x64\Debug\net6.0-windows\zSmartClient_UnitTest.dll" adapterTypeName="executor://mstestadapter/v2" className="SmartClient_UnitTest.VideoOS.RemoteClient.Plugin.CentralizedSearch.Models.Wrappers.SearchDefinitionWrapperTests" name="SearchCriteriaOnChanged_ShouldUpdateRegionSelectionFilterValue_WhenCameraScopeIsUpdated" />
    </UnitTest>
    <UnitTest name="ChangeSorting_WithFocusItem_Success" storage="d:\actions-runner\_work\xpco\xpco\allsolutions\..\sc\components\remoteviewer\smartclient\tst\zsmartclient_unittest\bin\x64\debug\net6.0-windows\zsmartclient_unittest.dll" id="1e94fe66-ebdd-242f-d52f-6bae60dddc8c">
      <TestCategory>
        <TestCategoryItem TestCategory="SearchViewModels" />
      </TestCategory>
      <Execution id="ea0f724b-95c9-4908-8cca-f4da80586df8" />
      <TestMethod codeBase="D:\actions-runner\_work\XPCO\XPCO\AllSolutions\..\SC\Components\RemoteViewer\SmartClient\tst\zSmartClient_UnitTest\bin\x64\Debug\net6.0-windows\zSmartClient_UnitTest.dll" adapterTypeName="executor://mstestadapter/v2" className="SmartClient_UnitTest.VideoOS.RemoteClient.Plugin.CentralizedSearch.ViewModels.SearchViewModelTests" name="ChangeSorting_WithFocusItem_Success" />
    </UnitTest>
    <UnitTest name="LoadStateFrom_OrderResultsBy_RelevanceNotAllowed_ShouldChangeToNewestTriggerTime" storage="d:\actions-runner\_work\xpco\xpco\allsolutions\..\sc\components\remoteviewer\smartclient\tst\zsmartclient_unittest\bin\x64\debug\net6.0-windows\zsmartclient_unittest.dll" id="aad983c5-8e27-f320-9ef1-f25fd06b1fff">
      <TestCategory>
        <TestCategoryItem TestCategory="SearchResultViewModels" />
      </TestCategory>
      <Execution id="5da6a958-8bba-428d-9e12-408d608b3bf3" />
      <TestMethod codeBase="D:\actions-runner\_work\XPCO\XPCO\AllSolutions\..\SC\Components\RemoteViewer\SmartClient\tst\zSmartClient_UnitTest\bin\x64\Debug\net6.0-windows\zSmartClient_UnitTest.dll" adapterTypeName="executor://mstestadapter/v2" className="SmartClient_UnitTest.VideoOS.RemoteClient.Plugin.CentralizedSearch.ViewModels.SearchResultsViewModelTest" name="LoadStateFrom_OrderResultsBy_RelevanceNotAllowed_ShouldChangeToNewestTriggerTime" />
    </UnitTest>
    <UnitTest name="PtzSessionControllerInfo_ReservedChangedTest_NoChange" storage="d:\actions-runner\_work\xpco\xpco\allsolutions\..\sc\components\remoteviewer\smartclient\tst\zsmartclient_unittest\bin\x64\debug\net6.0-windows\zsmartclient_unittest.dll" id="f701d271-970d-88b5-079f-6601babfed26">
      <Execution id="03917813-0e08-46dd-b7d7-47bbc2c6aaa9" />
      <TestMethod codeBase="D:\actions-runner\_work\XPCO\XPCO\AllSolutions\..\SC\Components\RemoteViewer\SmartClient\tst\zSmartClient_UnitTest\bin\x64\Debug\net6.0-windows\zSmartClient_UnitTest.dll" adapterTypeName="executor://mstestadapter/v2" className="VideoOS.RemoteClient.Application.Controllers.UnitTest.PtzSessionControllerTest" name="PtzSessionControllerInfo_ReservedChangedTest_NoChange" />
    </UnitTest>
    <UnitTest name="MicrophoneItemsMapLayer_Load_Save_DataIsSame" storage="d:\actions-runner\_work\xpco\xpco\allsolutions\..\sc\components\remoteviewer\smartclient\tst\zsmartclient_unittest\bin\x64\debug\net6.0-windows\zsmartclient_unittest.dll" id="58078e76-fc8c-090d-f603-a4db3d83abcc">
      <TestCategory>
        <TestCategoryItem TestCategory="GisMapLayer" />
      </TestCategory>
      <Execution id="3ea54735-8f1d-4500-9cd8-0826d9081fac" />
      <TestMethod codeBase="D:\actions-runner\_work\XPCO\XPCO\AllSolutions\..\SC\Components\RemoteViewer\SmartClient\tst\zSmartClient_UnitTest\bin\x64\Debug\net6.0-windows\zSmartClient_UnitTest.dll" adapterTypeName="executor://mstestadapter/v2" className="SmartClient_UnitTest.VideoOS.RemoteClient.GisMap.MapLayers.GisMapLayerTests" name="MicrophoneItemsMapLayer_Load_Save_DataIsSame" />
    </UnitTest>
    <UnitTest name="Decorate_ShouldNotAddChildren_WhenThereIsCameraLayerButNotViewZoneLayer" storage="d:\actions-runner\_work\xpco\xpco\allsolutions\..\sc\components\remoteviewer\smartclient\tst\zsmartclient_unittest\bin\x64\debug\net6.0-windows\zsmartclient_unittest.dll" id="369c6e4e-5e84-29f7-23b9-0a90869fcac4">
      <TestCategory>
        <TestCategoryItem TestCategory="GisMap.LayerVisibilityItemDataChildrenViewZoneDecoratorTests" />
      </TestCategory>
      <Execution id="c1597858-ef38-47ef-a491-8f9dd98bd1e0" />
      <TestMethod codeBase="D:\actions-runner\_work\XPCO\XPCO\AllSolutions\..\SC\Components\RemoteViewer\SmartClient\tst\zSmartClient_UnitTest\bin\x64\Debug\net6.0-windows\zSmartClient_UnitTest.dll" adapterTypeName="executor://mstestadapter/v2" className="SmartClient_UnitTest.VideoOS.RemoteClient.Plugin.GisMap.ViewModels.LayersVisibility.Decorators.LayerVisibilityItemDataChildrenViewZoneDecoratorTests" name="Decorate_ShouldNotAddChildren_WhenThereIsCameraLayerButNotViewZoneLayer" />
    </UnitTest>
    <UnitTest name="UpdateScope_NoChanges_ReturnsFalse" storage="d:\actions-runner\_work\xpco\xpco\allsolutions\..\sc\components\remoteviewer\smartclient\tst\zsmartclient_unittest\bin\x64\debug\net6.0-windows\zsmartclient_unittest.dll" id="8d0f5bca-e5ea-0fcc-cf70-4bf5237286c3">
      <TestCategory>
        <TestCategoryItem TestCategory="SearchModels" />
      </TestCategory>
      <Execution id="2032a42f-14a0-4f6c-8758-e38c641cfd2c" />
      <TestMethod codeBase="D:\actions-runner\_work\XPCO\XPCO\AllSolutions\..\SC\Components\RemoteViewer\SmartClient\tst\zSmartClient_UnitTest\bin\x64\Debug\net6.0-windows\zSmartClient_UnitTest.dll" adapterTypeName="executor://mstestadapter/v2" className="SmartClient_UnitTest.VideoOS.RemoteClient.Plugin.CentralizedSearch.Models.SearchScopeTests" name="UpdateScope_NoChanges_ReturnsFalse" />
    </UnitTest>
    <UnitTest name="GetWorkspaceToolbarItems_ShouldReturnNormalToolbarItemDisabledSetupToolbarItemEnabled_WhenWorkspaceStateIsSetup" storage="d:\actions-runner\_work\xpco\xpco\allsolutions\..\sc\components\remoteviewer\smartclient\tst\zsmartclient_unittest\bin\x64\debug\net6.0-windows\zsmartclient_unittest.dll" id="c2f67433-8910-98a5-d9a8-3181ecfa6a6e">
      <TestCategory>
        <TestCategoryItem TestCategory="WorkspaceToolbar" />
      </TestCategory>
      <Execution id="ca76bece-bb58-4bd4-9a50-071ea1710d27" />
      <TestMethod codeBase="D:\actions-runner\_work\XPCO\XPCO\AllSolutions\..\SC\Components\RemoteViewer\SmartClient\tst\zSmartClient_UnitTest\bin\x64\Debug\net6.0-windows\zSmartClient_UnitTest.dll" adapterTypeName="executor://mstestadapter/v2" className="SmartClient_UnitTest.VideoOS.RemoteClient.Application.UI.Content.WorkspaceToolbar.MIPWorkspaceToolbarItemManagerTests" name="GetWorkspaceToolbarItems_ShouldReturnNormalToolbarItemDisabledSetupToolbarItemEnabled_WhenWorkspaceStateIsSetup" />
    </UnitTest>
    <UnitTest name="GetViewGroups" storage="d:\actions-runner\_work\xpco\xpco\allsolutions\..\sc\components\remoteviewer\smartclient\tst\zsmartclient_unittest\bin\x64\debug\net6.0-windows\zsmartclient_unittest.dll" id="15f7fdde-30c5-c5bb-c91a-0ce0590214e2">
      <Execution id="f3c9695c-a9a8-4d38-957a-78c057d709b2" />
      <TestMethod codeBase="D:\actions-runner\_work\XPCO\XPCO\AllSolutions\..\SC\Components\RemoteViewer\SmartClient\tst\zSmartClient_UnitTest\bin\x64\Debug\net6.0-windows\zSmartClient_UnitTest.dll" adapterTypeName="executor://mstestadapter/v2" className="SmartClient_UnitTest.VideoOS.Shared.ViewGroupSerializationControllerTests" name="GetViewGroups" />
    </UnitTest>
    <UnitTest name="GetResultGroups_ShouldReturnOnlyCombinedGroup_WhenAllResultsAreCombined" storage="d:\actions-runner\_work\xpco\xpco\allsolutions\..\sc\components\remoteviewer\smartclient\tst\zsmartclient_unittest\bin\x64\debug\net6.0-windows\zsmartclient_unittest.dll" id="7cda1263-ac69-512e-7ac9-aa77b99959cd">
      <TestCategory>
        <TestCategoryItem TestCategory="SearchResultActionBarViewModel" />
      </TestCategory>
      <Execution id="c6e657ef-0d0a-4f35-a5e7-256cb873eef9" />
      <TestMethod codeBase="D:\actions-runner\_work\XPCO\XPCO\AllSolutions\..\SC\Components\RemoteViewer\SmartClient\tst\zSmartClient_UnitTest\bin\x64\Debug\net6.0-windows\zSmartClient_UnitTest.dll" adapterTypeName="executor://mstestadapter/v2" className="SmartClient_UnitTest.VideoOS.RemoteClient.Plugin.CentralizedSearch.ViewModels.SearchResultsActionBarViewModelTest" name="GetResultGroups_ShouldReturnOnlyCombinedGroup_WhenAllResultsAreCombined" />
    </UnitTest>
    <UnitTest name="ToDenormalizedFieldOfView_GreaterThan1_0_Failure" storage="d:\actions-runner\_work\xpco\xpco\allsolutions\..\sc\components\remoteviewer\smartclient\tst\zsmartclient_unittest\bin\x64\debug\net6.0-windows\zsmartclient_unittest.dll" id="68a0cb09-28c6-2900-d9b8-f1de6e183f62">
      <TestCategory>
        <TestCategoryItem TestCategory="GisMap" />
      </TestCategory>
      <Execution id="fbbb79d0-a929-4b72-bbdc-750670fc77c3" />
      <TestMethod codeBase="D:\actions-runner\_work\XPCO\XPCO\AllSolutions\..\SC\Components\RemoteViewer\SmartClient\tst\zSmartClient_UnitTest\bin\x64\Debug\net6.0-windows\zSmartClient_UnitTest.dll" adapterTypeName="executor://mstestadapter/v2" className="SmartClient_UnitTest.VideoOS.RemoteClient.GisMap.Utilities.GisUtilityTests" name="ToDenormalizedFieldOfView_GreaterThan1_0_Failure" />
    </UnitTest>
    <UnitTest name="OutputIconStates_ShouldReturnOutputIconStatesInAProperOrder_WhenCalled" storage="d:\actions-runner\_work\xpco\xpco\allsolutions\..\sc\components\remoteviewer\smartclient\tst\zsmartclient_unittest\bin\x64\debug\net6.0-windows\zsmartclient_unittest.dll" id="3b017c71-375f-442c-f7b3-12802f145c64">
      <TestCategory>
        <TestCategoryItem TestCategory="GisMapData.OutputOemResourcesProviderTests" />
      </TestCategory>
      <Execution id="abe83af0-ab06-4639-bd4b-57638736d210" />
      <TestMethod codeBase="D:\actions-runner\_work\XPCO\XPCO\AllSolutions\..\SC\Components\RemoteViewer\SmartClient\tst\zSmartClient_UnitTest\bin\x64\Debug\net6.0-windows\zSmartClient_UnitTest.dll" adapterTypeName="executor://mstestadapter/v2" className="SmartClient_UnitTest.VideoOS.RemoteClient.GisMapData.Resources.OutputOemResourcesProviderTests" name="OutputIconStates_ShouldReturnOutputIconStatesInAProperOrder_WhenCalled" />
    </UnitTest>
    <UnitTest name="CameraSearch_ShouldBeRenewed_WhenSystemInformationChanges" storage="d:\actions-runner\_work\xpco\xpco\allsolutions\..\sc\components\remoteviewer\smartclient\tst\zsmartclient_unittest\bin\x64\debug\net6.0-windows\zsmartclient_unittest.dll" id="597f2f58-81bb-4d82-b5c8-d8c0619f1925">
      <TestCategory>
        <TestCategoryItem TestCategory="SearchViewModels" />
      </TestCategory>
      <Execution id="259d045a-93e6-4d55-a612-6d898da35b62" />
      <TestMethod codeBase="D:\actions-runner\_work\XPCO\XPCO\AllSolutions\..\SC\Components\RemoteViewer\SmartClient\tst\zSmartClient_UnitTest\bin\x64\Debug\net6.0-windows\zSmartClient_UnitTest.dll" adapterTypeName="executor://mstestadapter/v2" className="SmartClient_UnitTest.VideoOS.RemoteClient.Plugin.CentralizedSearch.ViewModels.SearchViewModelTests" name="CameraSearch_ShouldBeRenewed_WhenSystemInformationChanges" />
    </UnitTest>
    <UnitTest name="ShowPermissionDeniedStatusBarError_ShouldSendAMessage (5,1)" storage="d:\actions-runner\_work\xpco\xpco\allsolutions\..\sc\components\remoteviewer\smartclient\tst\zsmartclient_unittest\bin\x64\debug\net6.0-windows\zsmartclient_unittest.dll" id="8b4713f9-68f1-4919-7ef6-846f4eb9b2ba">
      <TestCategory>
        <TestCategoryItem TestCategory="Managers" />
      </TestCategory>
      <Execution id="1947590d-9323-4b34-bffe-b619ad3c4db9" />
      <TestMethod codeBase="D:\actions-runner\_work\XPCO\XPCO\AllSolutions\..\SC\Components\RemoteViewer\SmartClient\tst\zSmartClient_UnitTest\bin\x64\Debug\net6.0-windows\zSmartClient_UnitTest.dll" adapterTypeName="executor://mstestadapter/v2" className="SmartClient_UnitTest.VideoOS.RemoteClient.Application.Managers.ExportResultsNotificationHelperTests" name="ShowPermissionDeniedStatusBarError_ShouldSendAMessage" />
    </UnitTest>
    <UnitTest name="IconValueConverter_ConvertInvalidIconSource_Null" storage="d:\actions-runner\_work\xpco\xpco\allsolutions\..\sc\components\remoteviewer\smartclient\tst\zsmartclient_unittest\bin\x64\debug\net6.0-windows\zsmartclient_unittest.dll" id="dc138ee9-21ff-a5b7-13f9-f62a771c926b">
      <TestCategory>
        <TestCategoryItem TestCategory="SearchConverter" />
      </TestCategory>
      <Execution id="25d7828a-2bfc-4c38-93b6-b4ce48e2dc7c" />
      <TestMethod codeBase="D:\actions-runner\_work\XPCO\XPCO\AllSolutions\..\SC\Components\RemoteViewer\SmartClient\tst\zSmartClient_UnitTest\bin\x64\Debug\net6.0-windows\zSmartClient_UnitTest.dll" adapterTypeName="executor://mstestadapter/v2" className="SmartClient_UnitTest.VideoOS.RemoteClient.Plugin.CentralizedSearch.Views.Converters.IconValueConverterTests" name="IconValueConverter_ConvertInvalidIconSource_Null" />
    </UnitTest>
    <UnitTest name="ClipLength_ValueCorrect" storage="d:\actions-runner\_work\xpco\xpco\allsolutions\..\sc\components\remoteviewer\smartclient\tst\zsmartclient_unittest\bin\x64\debug\net6.0-windows\zsmartclient_unittest.dll" id="406cee59-f4cd-7984-c0a3-27cb754058dc">
      <Execution id="c003be96-1536-4f5c-b0da-9c7f5cc176c0" />
      <TestMethod codeBase="D:\actions-runner\_work\XPCO\XPCO\AllSolutions\..\SC\Components\RemoteViewer\SmartClient\tst\zSmartClient_UnitTest\bin\x64\Debug\net6.0-windows\zSmartClient_UnitTest.dll" adapterTypeName="executor://mstestadapter/v2" className="SmartClient_UnitTest.VideoOS.RemoteClient.Plugin.CentralizedSearch.MIPPlugin.Results.VideoSearchResultUserControlTests" name="ClipLength_ValueCorrect" />
    </UnitTest>
    <UnitTest name="RemoveItems_ThreeMapItems_ThreeClusterChanges" storage="d:\actions-runner\_work\xpco\xpco\allsolutions\..\sc\components\remoteviewer\smartclient\tst\zsmartclient_unittest\bin\x64\debug\net6.0-windows\zsmartclient_unittest.dll" id="ebac5c23-cf94-d057-1e07-261b56c40f5f">
      <TestCategory>
        <TestCategoryItem TestCategory="GisMapIndex" />
      </TestCategory>
      <Execution id="1948d340-9418-4f03-a0e8-bb14594d94af" />
      <TestMethod codeBase="D:\actions-runner\_work\XPCO\XPCO\AllSolutions\..\SC\Components\RemoteViewer\SmartClient\tst\zSmartClient_UnitTest\bin\x64\Debug\net6.0-windows\zSmartClient_UnitTest.dll" adapterTypeName="executor://mstestadapter/v2" className="SmartClient_UnitTest.VideoOS.RemoteClient.GisMapData.Common.Indexer.MapItemIndexerTests" name="RemoveItems_ThreeMapItems_ThreeClusterChanges" />
    </UnitTest>
    <UnitTest name="PtzPresetsMenuViewModelConstructorTest" storage="d:\actions-runner\_work\xpco\xpco\allsolutions\..\sc\components\remoteviewer\smartclient\tst\zsmartclient_unittest\bin\x64\debug\net6.0-windows\zsmartclient_unittest.dll" id="d710cb6b-c383-23e9-04a7-380523480bf6">
      <Execution id="ea0fcbeb-0382-4a05-b78d-be43f94b1ab5" />
      <TestMethod codeBase="D:\actions-runner\_work\XPCO\XPCO\AllSolutions\..\SC\Components\RemoteViewer\SmartClient\tst\zSmartClient_UnitTest\bin\x64\Debug\net6.0-windows\zSmartClient_UnitTest.dll" adapterTypeName="executor://mstestadapter/v2" className="SmartClient_UnitTest.VideoOS.RemoteClient.Plugin.Map.WPFObjects.PtzInfoViewModelUnitTest" name="PtzPresetsMenuViewModelConstructorTest" />
    </UnitTest>
    <UnitTest name="SearchTemplatesEnabled_SaveSearchesServerOptionIsFalse_ReturnsFalse" storage="d:\actions-runner\_work\xpco\xpco\allsolutions\..\sc\components\remoteviewer\smartclient\tst\zsmartclient_unittest\bin\x64\debug\net6.0-windows\zsmartclient_unittest.dll" id="faf9bd45-1e34-2d61-de4a-11b39437c102">
      <TestCategory>
        <TestCategoryItem TestCategory="SearchViewModels" />
      </TestCategory>
      <Execution id="9f400b6b-1db8-4f6f-a868-81b6348e68b1" />
      <TestMethod codeBase="D:\actions-runner\_work\XPCO\XPCO\AllSolutions\..\SC\Components\RemoteViewer\SmartClient\tst\zSmartClient_UnitTest\bin\x64\Debug\net6.0-windows\zSmartClient_UnitTest.dll" adapterTypeName="executor://mstestadapter/v2" className="SmartClient_UnitTest.VideoOS.RemoteClient.Plugin.CentralizedSearch.ViewModels.SearchViewModelTests" name="SearchTemplatesEnabled_SaveSearchesServerOptionIsFalse_ReturnsFalse" />
    </UnitTest>
    <UnitTest name="RemoveDefinition_WithRunningSearch_SearchCancelledAndResultsCleared" storage="d:\actions-runner\_work\xpco\xpco\allsolutions\..\sc\components\remoteviewer\smartclient\tst\zsmartclient_unittest\bin\x64\debug\net6.0-windows\zsmartclient_unittest.dll" id="90f737d2-bf89-5d2f-b28c-8cecebbed027">
      <TestCategory>
        <TestCategoryItem TestCategory="SearchModels" />
      </TestCategory>
      <Execution id="bc7f2ac4-0dbf-49fe-ac63-ea0ba3e7dc0a" />
      <TestMethod codeBase="D:\actions-runner\_work\XPCO\XPCO\AllSolutions\..\SC\Components\RemoteViewer\SmartClient\tst\zSmartClient_UnitTest\bin\x64\Debug\net6.0-windows\zSmartClient_UnitTest.dll" adapterTypeName="executor://mstestadapter/v2" className="SmartClient_UnitTest.VideoOS.RemoteClient.Plugin.CentralizedSearch.Models.SearchModelTests" name="RemoveDefinition_WithRunningSearch_SearchCancelledAndResultsCleared" />
    </UnitTest>
    <UnitTest name="IncludeViewItemToggledEvent_ShouldRemoveViewItemFromIncludedViewItems_WhenIncludedIsFalseOnContentHolderControl" storage="d:\actions-runner\_work\xpco\xpco\allsolutions\..\sc\components\remoteviewer\smartclient\tst\zsmartclient_unittest\bin\x64\debug\net6.0-windows\zsmartclient_unittest.dll" id="add54532-7e20-f473-1fef-d0865cc9a84b">
      <TestCategory>
        <TestCategoryItem TestCategory="ContentHolder" />
      </TestCategory>
      <Execution id="3619f21e-7410-412f-932a-595c62a8f553" />
      <TestMethod codeBase="D:\actions-runner\_work\XPCO\XPCO\AllSolutions\..\SC\Components\RemoteViewer\SmartClient\tst\zSmartClient_UnitTest\bin\x64\Debug\net6.0-windows\zSmartClient_UnitTest.dll" adapterTypeName="executor://mstestadapter/v2" className="SmartClient_UnitTest.VideoOS.RemoteClient.Application.Data.ContentTypes.ContentTypeBase.ContentHolderBaseTests" name="IncludeViewItemToggledEvent_ShouldRemoveViewItemFromIncludedViewItems_WhenIncludedIsFalseOnContentHolderControl" />
    </UnitTest>
    <UnitTest name="Default, forced" storage="d:\actions-runner\_work\xpco\xpco\allsolutions\..\sc\components\remoteviewer\smartclient\tst\zsmartclient_unittest\bin\x64\debug\net6.0-windows\zsmartclient_unittest.dll" id="97b87b4d-cfe7-7480-934f-f0762a4a3500">
      <TestCategory>
        <TestCategoryItem TestCategory="Export" />
      </TestCategory>
      <Execution id="566dad3e-4a24-4e56-aa2c-33a1711494cd" />
      <TestMethod codeBase="D:\actions-runner\_work\XPCO\XPCO\AllSolutions\..\SC\Components\RemoteViewer\SmartClient\tst\zSmartClient_UnitTest\bin\x64\Debug\net6.0-windows\zSmartClient_UnitTest.dll" adapterTypeName="executor://mstestadapter/v2" className="SmartClient_UnitTest.VideoOS.RemoteClient.Plugin.Export.CreateExportDialogViewModelTests" name="CreateExportDialog_ExportPathCanBeModified_BasedOnOptions" />
    </UnitTest>
    <UnitTest name="Constructor_ShouldRaiseArgumentNullException_WhenWorkroomIsNull" storage="d:\actions-runner\_work\xpco\xpco\allsolutions\..\sc\components\remoteviewer\smartclient\tst\zsmartclient_unittest\bin\x64\debug\net6.0-windows\zsmartclient_unittest.dll" id="8ac6bfd4-1fa8-6445-4d9e-b8a25f795922">
      <TestCategory>
        <TestCategoryItem TestCategory="GisMap.DeviceSelectorWindowViewModel" />
      </TestCategory>
      <Execution id="17e48079-b387-422b-a7b0-380d10749b18" />
      <TestMethod codeBase="D:\actions-runner\_work\XPCO\XPCO\AllSolutions\..\SC\Components\RemoteViewer\SmartClient\tst\zSmartClient_UnitTest\bin\x64\Debug\net6.0-windows\zSmartClient_UnitTest.dll" adapterTypeName="executor://mstestadapter/v2" className="SmartClient_UnitTest.VideoOS.RemoteClient.Plugin.GisMap.ViewModels.DeviceSelectorWindowViewModelTests" name="Constructor_ShouldRaiseArgumentNullException_WhenWorkroomIsNull" />
    </UnitTest>
    <UnitTest name="PatrollingProfileListViewModel_Save_CreateProfile_Failed" storage="d:\actions-runner\_work\xpco\xpco\allsolutions\..\sc\components\remoteviewer\smartclient\tst\zsmartclient_unittest\bin\x64\debug\net6.0-windows\zsmartclient_unittest.dll" id="199e5799-986d-710e-fa92-973a198651af">
      <Execution id="8eb6dc4b-43ce-4b3e-93a8-b1cd87c4b9e8" />
      <TestMethod codeBase="D:\actions-runner\_work\XPCO\XPCO\AllSolutions\..\SC\Components\RemoteViewer\SmartClient\tst\zSmartClient_UnitTest\bin\x64\Debug\net6.0-windows\zSmartClient_UnitTest.dll" adapterTypeName="executor://mstestadapter/v2" className="SmartClient_UnitTest.VideoOS.RemoteClient.Application.UI.PtzPreset.PatrollingViewModel.PatrollingProfileListViewModelTest" name="PatrollingProfileListViewModel_Save_CreateProfile_Failed" />
    </UnitTest>
    <UnitTest name="GetServerTypes_ShouldReturnEventServerType" storage="d:\actions-runner\_work\xpco\xpco\allsolutions\..\sc\components\remoteviewer\smartclient\tst\zsmartclient_unittest\bin\x64\debug\net6.0-windows\zsmartclient_unittest.dll" id="f7818ee3-e956-b295-d253-9fdf096ceee7">
      <Execution id="ff207708-65da-4cce-afd0-cce295d5e5dc" />
      <TestMethod codeBase="D:\actions-runner\_work\XPCO\XPCO\AllSolutions\..\SC\Components\RemoteViewer\SmartClient\tst\zSmartClient_UnitTest\bin\x64\Debug\net6.0-windows\zSmartClient_UnitTest.dll" adapterTypeName="executor://mstestadapter/v2" className="SmartClient_UnitTest.VideoOS.RemoteClient.Application.Data.ContentTypes.ReportingContentType.DashboardExtentionsTest" name="GetServerTypes_ShouldReturnEventServerType" />
    </UnitTest>
    <UnitTest name="Remove_ShouldRemoveViewItemFromIncludedViewItemsForSelectedView" storage="d:\actions-runner\_work\xpco\xpco\allsolutions\..\sc\components\remoteviewer\smartclient\tst\zsmartclient_unittest\bin\x64\debug\net6.0-windows\zsmartclient_unittest.dll" id="787ee61a-eea4-f68b-10a6-56765d45d4e8">
      <TestCategory>
        <TestCategoryItem TestCategory="ApplicationController" />
      </TestCategory>
      <Execution id="a7aedfd5-1b23-49a4-894f-f8945fd61586" />
      <TestMethod codeBase="D:\actions-runner\_work\XPCO\XPCO\AllSolutions\..\SC\Components\RemoteViewer\SmartClient\tst\zSmartClient_UnitTest\bin\x64\Debug\net6.0-windows\zSmartClient_UnitTest.dll" adapterTypeName="executor://mstestadapter/v2" className="VideoOS.RemoteClient.Application.Controllers.UnitTest.IncludedViewItemsTest" name="Remove_ShouldRemoveViewItemFromIncludedViewItemsForSelectedView" />
    </UnitTest>
    <UnitTest name="AddToExportTuples_ShouldAddToExportData (1)" storage="d:\actions-runner\_work\xpco\xpco\allsolutions\..\sc\components\remoteviewer\smartclient\tst\zsmartclient_unittest\bin\x64\debug\net6.0-windows\zsmartclient_unittest.dll" id="921d9e3c-ab04-b579-94ef-518b932d8d46">
      <TestCategory>
        <TestCategoryItem TestCategory="Managers" />
      </TestCategory>
      <Execution id="35bda7f0-6400-4090-857d-38a318903d52" />
      <TestMethod codeBase="D:\actions-runner\_work\XPCO\XPCO\AllSolutions\..\SC\Components\RemoteViewer\SmartClient\tst\zSmartClient_UnitTest\bin\x64\Debug\net6.0-windows\zSmartClient_UnitTest.dll" adapterTypeName="executor://mstestadapter/v2" className="SmartClient_UnitTest.VideoOS.RemoteClient.Application.Managers.ExportManagerTests" name="AddToExportTuples_ShouldAddToExportData" />
    </UnitTest>
    <UnitTest name="OnLayersRetrieved_ShouldSetComponentsOrdered_WhenLayersCollectionContainsCameraAndInputAndOutput" storage="d:\actions-runner\_work\xpco\xpco\allsolutions\..\sc\components\remoteviewer\smartclient\tst\zsmartclient_unittest\bin\x64\debug\net6.0-windows\zsmartclient_unittest.dll" id="18369d63-550f-80cc-1769-12a3b1196b7b">
      <TestCategory>
        <TestCategoryItem TestCategory="GisMap.DeviceSelectorWindowViewModel" />
      </TestCategory>
      <Execution id="7a2a1cf4-4c6d-4c49-b544-6a454ec37349" />
      <TestMethod codeBase="D:\actions-runner\_work\XPCO\XPCO\AllSolutions\..\SC\Components\RemoteViewer\SmartClient\tst\zSmartClient_UnitTest\bin\x64\Debug\net6.0-windows\zSmartClient_UnitTest.dll" adapterTypeName="executor://mstestadapter/v2" className="SmartClient_UnitTest.VideoOS.RemoteClient.Plugin.GisMap.ViewModels.DeviceSelectorWindowViewModelTests" name="OnLayersRetrieved_ShouldSetComponentsOrdered_WhenLayersCollectionContainsCameraAndInputAndOutput" />
    </UnitTest>
    <UnitTest name="IsServer_ShouldReturnTrue_WhenAllServersSelected" storage="d:\actions-runner\_work\xpco\xpco\allsolutions\..\sc\components\remoteviewer\smartclient\tst\zsmartclient_unittest\bin\x64\debug\net6.0-windows\zsmartclient_unittest.dll" id="a890ab18-0d5c-e9a7-db4d-696ea60071f9">
      <Execution id="02884d52-5ed0-4cfe-baa0-cb10b66a732a" />
      <TestMethod codeBase="D:\actions-runner\_work\XPCO\XPCO\AllSolutions\..\SC\Components\RemoteViewer\SmartClient\tst\zSmartClient_UnitTest\bin\x64\Debug\net6.0-windows\zSmartClient_UnitTest.dll" adapterTypeName="executor://mstestadapter/v2" className="SmartClient_UnitTest.VideoOS.RemoteClient.Application.Data.ContentTypes.ReportingContentType.DashboardExtentionsTest" name="IsServer_ShouldReturnTrue_WhenAllServersSelected" />
    </UnitTest>
    <UnitTest name="DrawItems_200KResultItems_Success" storage="d:\actions-runner\_work\xpco\xpco\allsolutions\..\sc\components\remoteviewer\smartclient\tst\zsmartclient_unittest\bin\x64\debug\net6.0-windows\zsmartclient_unittest.dll" id="d2bdec8a-ca9e-7ce3-8f9b-b4cc3a8ec042">
      <TestCategory>
        <TestCategoryItem TestCategory="SearchControls" />
        <TestCategoryItem TestCategory="TestRunOnClient" />
      </TestCategory>
      <Execution id="359c8a1b-04ea-41a1-9a02-921cf5a137dc" />
      <TestMethod codeBase="D:\actions-runner\_work\XPCO\XPCO\AllSolutions\..\SC\Components\RemoteViewer\SmartClient\tst\zSmartClient_UnitTest\bin\x64\Debug\net6.0-windows\zSmartClient_UnitTest.dll" adapterTypeName="executor://mstestadapter/v2" className="SmartClient_UnitTest.VideoOS.RemoteClient.Plugin.CentralizedSearch.Views.Controls.TimelineRuler.TimelineRulerControlTests" name="DrawItems_200KResultItems_Success" />
    </UnitTest>
    <UnitTest name="OnLayersRetrieved_ShouldSetComponentsOrdered_WhenLayersCollectionContainsInputAndOutputAndCamera" storage="d:\actions-runner\_work\xpco\xpco\allsolutions\..\sc\components\remoteviewer\smartclient\tst\zsmartclient_unittest\bin\x64\debug\net6.0-windows\zsmartclient_unittest.dll" id="3d7ba390-9a7b-bdaa-74a4-97118816f256">
      <TestCategory>
        <TestCategoryItem TestCategory="GisMap.DeviceSelectorWindowViewModel" />
      </TestCategory>
      <Execution id="33fbcf36-cec7-4180-9ac7-c9fc91d90e5d" />
      <TestMethod codeBase="D:\actions-runner\_work\XPCO\XPCO\AllSolutions\..\SC\Components\RemoteViewer\SmartClient\tst\zSmartClient_UnitTest\bin\x64\Debug\net6.0-windows\zSmartClient_UnitTest.dll" adapterTypeName="executor://mstestadapter/v2" className="SmartClient_UnitTest.VideoOS.RemoteClient.Plugin.GisMap.ViewModels.DeviceSelectorWindowViewModelTests" name="OnLayersRetrieved_ShouldSetComponentsOrdered_WhenLayersCollectionContainsInputAndOutputAndCamera" />
    </UnitTest>
    <UnitTest name="Domain_ShouldThrow_InvalidOperationException_WhenConstructedUsingExternal" storage="d:\actions-runner\_work\xpco\xpco\allsolutions\..\sc\components\remoteviewer\smartclient\tst\zsmartclient_unittest\bin\x64\debug\net6.0-windows\zsmartclient_unittest.dll" id="37275f45-b603-68a0-1bd8-9697e06c83fc">
      <TestCategory>
        <TestCategoryItem TestCategory="Authentication.ClientCredentials" />
      </TestCategory>
      <Execution id="4ae441cb-153b-4a2c-8987-47677d8741b0" />
      <TestMethod codeBase="D:\actions-runner\_work\XPCO\XPCO\AllSolutions\..\SC\Components\RemoteViewer\SmartClient\tst\zSmartClient_UnitTest\bin\x64\Debug\net6.0-windows\zSmartClient_UnitTest.dll" adapterTypeName="executor://mstestadapter/v2" className="SmartClient_UnitTest.VideoOS.Shared.ServerAPI.ClientCredentialsTest" name="Domain_ShouldThrow_InvalidOperationException_WhenConstructedUsingExternal" />
    </UnitTest>
    <UnitTest name="OnLayersRetrieved_ShouldSetComponentsToCamera_WhenLayersCollectionContainsCamera" storage="d:\actions-runner\_work\xpco\xpco\allsolutions\..\sc\components\remoteviewer\smartclient\tst\zsmartclient_unittest\bin\x64\debug\net6.0-windows\zsmartclient_unittest.dll" id="652759b5-622f-10aa-539b-69455d2a0fcb">
      <TestCategory>
        <TestCategoryItem TestCategory="GisMap.DeviceSelectorWindowViewModel" />
      </TestCategory>
      <Execution id="a7982007-2b6f-442d-86f3-7eae6239dd8b" />
      <TestMethod codeBase="D:\actions-runner\_work\XPCO\XPCO\AllSolutions\..\SC\Components\RemoteViewer\SmartClient\tst\zSmartClient_UnitTest\bin\x64\Debug\net6.0-windows\zSmartClient_UnitTest.dll" adapterTypeName="executor://mstestadapter/v2" className="SmartClient_UnitTest.VideoOS.RemoteClient.Plugin.GisMap.ViewModels.DeviceSelectorWindowViewModelTests" name="OnLayersRetrieved_ShouldSetComponentsToCamera_WhenLayersCollectionContainsCamera" />
    </UnitTest>
    <UnitTest name="MenuItemIcon_ShouldBeSet_WhenSuppliedInCtor" storage="d:\actions-runner\_work\xpco\xpco\allsolutions\..\sc\components\remoteviewer\smartclient\tst\zsmartclient_unittest\bin\x64\debug\net6.0-windows\zsmartclient_unittest.dll" id="21b483a6-27e8-bb30-b612-d3263e5cc6f1">
      <TestCategory>
        <TestCategoryItem TestCategory="GisMapMip" />
      </TestCategory>
      <Execution id="01a38bc1-28f5-460b-9bd1-9c13291fc421" />
      <TestMethod codeBase="D:\actions-runner\_work\XPCO\XPCO\AllSolutions\..\SC\Components\RemoteViewer\SmartClient\tst\zSmartClient_UnitTest\bin\x64\Debug\net6.0-windows\zSmartClient_UnitTest.dll" adapterTypeName="executor://mstestadapter/v2" className="SmartClient_UnitTest.VideoOS.RemoteClient.Plugin.GisMap.ThinkGeoMap.ContextMenuUtils.RemoveMipItemContextMenuTests" name="MenuItemIcon_ShouldBeSet_WhenSuppliedInCtor" />
    </UnitTest>
    <UnitTest name="Constructor_ShouldAttachOnUpdateUnmutedMicrophonesRaised_WhenCalled" storage="d:\actions-runner\_work\xpco\xpco\allsolutions\..\sc\components\remoteviewer\smartclient\tst\zsmartclient_unittest\bin\x64\debug\net6.0-windows\zsmartclient_unittest.dll" id="1d64d188-2f85-c3c0-9756-83b6a2cd8474">
      <TestCategory>
        <TestCategoryItem TestCategory="GisMapData.MapLayers" />
      </TestCategory>
      <Execution id="dd86575d-873a-4852-ae92-ef211dc05c85" />
      <TestMethod codeBase="D:\actions-runner\_work\XPCO\XPCO\AllSolutions\..\SC\Components\RemoteViewer\SmartClient\tst\zSmartClient_UnitTest\bin\x64\Debug\net6.0-windows\zSmartClient_UnitTest.dll" adapterTypeName="executor://mstestadapter/v2" className="SmartClient_UnitTest.VideoOS.RemoteClient.GisMapData.MapLayers.MicrophoneItemsMapLayerTests" name="Constructor_ShouldAttachOnUpdateUnmutedMicrophonesRaised_WhenCalled" />
    </UnitTest>
    <UnitTest name="OnLoaded_ValidConfigurationInlineEditNoUserControl_InlineAttributeEditControlNotSet" storage="d:\actions-runner\_work\xpco\xpco\allsolutions\..\sc\components\remoteviewer\smartclient\tst\zsmartclient_unittest\bin\x64\debug\net6.0-windows\zsmartclient_unittest.dll" id="7d0d6edf-f56b-d148-3827-35b36e3e80c4">
      <TestCategory>
        <TestCategoryItem TestCategory="SearchViews" />
      </TestCategory>
      <Execution id="de054fd6-8821-43e6-adee-72d63d261461" />
      <TestMethod codeBase="D:\actions-runner\_work\XPCO\XPCO\AllSolutions\..\SC\Components\RemoteViewer\SmartClient\tst\zSmartClient_UnitTest\bin\x64\Debug\net6.0-windows\zSmartClient_UnitTest.dll" adapterTypeName="executor://mstestadapter/v2" className="SmartClient_UnitTest.VideoOS.RemoteClient.Plugin.CentralizedSearch.Views.SearchAttributeViewTests" name="OnLoaded_ValidConfigurationInlineEditNoUserControl_InlineAttributeEditControlNotSet" />
    </UnitTest>
    <UnitTest name="AddToExportDevices_ShouldReturnCorrectResult (5,5,5)" storage="d:\actions-runner\_work\xpco\xpco\allsolutions\..\sc\components\remoteviewer\smartclient\tst\zsmartclient_unittest\bin\x64\debug\net6.0-windows\zsmartclient_unittest.dll" id="3e97705f-0ff9-64fe-c5d8-6844deb02dbb">
      <TestCategory>
        <TestCategoryItem TestCategory="Managers" />
      </TestCategory>
      <Execution id="f566498b-c971-4725-bcfd-80cbb055644a" />
      <TestMethod codeBase="D:\actions-runner\_work\XPCO\XPCO\AllSolutions\..\SC\Components\RemoteViewer\SmartClient\tst\zSmartClient_UnitTest\bin\x64\Debug\net6.0-windows\zSmartClient_UnitTest.dll" adapterTypeName="executor://mstestadapter/v2" className="SmartClient_UnitTest.VideoOS.RemoteClient.Application.Managers.ExportManagerTests" name="AddToExportDevices_ShouldReturnCorrectResult" />
    </UnitTest>
    <UnitTest name="SearchResultsActionBarActions_DeleteBookmark_2Results1Failed_DeleteBookmarkInvoked" storage="d:\actions-runner\_work\xpco\xpco\allsolutions\..\sc\components\remoteviewer\smartclient\tst\zsmartclient_unittest\bin\x64\debug\net6.0-windows\zsmartclient_unittest.dll" id="b6ee4187-2f4d-362e-5b8c-3b73aeaf5c65">
      <TestCategory>
        <TestCategoryItem TestCategory="Search.Bookmarks" />
      </TestCategory>
      <Execution id="34cd9a45-4787-42ae-9658-c523f410f7b0" />
      <TestMethod codeBase="D:\actions-runner\_work\XPCO\XPCO\AllSolutions\..\SC\Components\RemoteViewer\SmartClient\tst\zSmartClient_UnitTest\bin\x64\Debug\net6.0-windows\zSmartClient_UnitTest.dll" adapterTypeName="executor://mstestadapter/v2" className="SmartClient_UnitTest.VideoOS.RemoteClient.Plugin.CentralizedSearch.ViewModels.SearchResultsActionBarViewModelTest" name="SearchResultsActionBarActions_DeleteBookmark_2Results1Failed_DeleteBookmarkInvoked" />
    </UnitTest>
    <UnitTest name="SignUrl_WhereSignatureIsNotBase64_ThrowException" storage="d:\actions-runner\_work\xpco\xpco\allsolutions\..\sc\components\remoteviewer\smartclient\tst\zsmartclient_unittest\bin\x64\debug\net6.0-windows\zsmartclient_unittest.dll" id="b5155b68-06cf-ff0d-b5a3-6677768f61c2">
      <Execution id="cc476c29-79a4-47c8-9874-a932abd2dffb" />
      <TestMethod codeBase="D:\actions-runner\_work\XPCO\XPCO\AllSolutions\..\SC\Components\RemoteViewer\SmartClient\tst\zSmartClient_UnitTest\bin\x64\Debug\net6.0-windows\zSmartClient_UnitTest.dll" adapterTypeName="executor://mstestadapter/v2" className="SmartClient_UnitTest.VideoOS.RemoteClient.Plugin.GisMap.Utilities.GoogleApiUrlTest" name="SignUrl_WhereSignatureIsNotBase64_ThrowException" />
    </UnitTest>
    <UnitTest name="PatrollingProfileViewModelTest_SelectEndPosition" storage="d:\actions-runner\_work\xpco\xpco\allsolutions\..\sc\components\remoteviewer\smartclient\tst\zsmartclient_unittest\bin\x64\debug\net6.0-windows\zsmartclient_unittest.dll" id="b788bde6-97e9-6ba8-c7c6-e8edebf2372e">
      <Execution id="703fa203-49b6-462a-ac93-cf2acbad7d50" />
      <TestMethod codeBase="D:\actions-runner\_work\XPCO\XPCO\AllSolutions\..\SC\Components\RemoteViewer\SmartClient\tst\zSmartClient_UnitTest\bin\x64\Debug\net6.0-windows\zSmartClient_UnitTest.dll" adapterTypeName="executor://mstestadapter/v2" className="SmartClient_UnitTest.VideoOS.RemoteClient.Application.UI.PtzPreset.PatrollingViewModel.PatrollingProfileViewModelTest" name="PatrollingProfileViewModelTest_SelectEndPosition" />
    </UnitTest>
    <UnitTest name="GetWorkspaceToolbarItems_ShouldReturnGroupedToolbarItem_WhenPluginGroupIsSet" storage="d:\actions-runner\_work\xpco\xpco\allsolutions\..\sc\components\remoteviewer\smartclient\tst\zsmartclient_unittest\bin\x64\debug\net6.0-windows\zsmartclient_unittest.dll" id="5ff1d928-fddf-7f17-ef34-f8a1593f2a8d">
      <TestCategory>
        <TestCategoryItem TestCategory="WorkspaceToolbar" />
      </TestCategory>
      <Execution id="cc7e3deb-ea66-48de-87d3-dc4d2d524c26" />
      <TestMethod codeBase="D:\actions-runner\_work\XPCO\XPCO\AllSolutions\..\SC\Components\RemoteViewer\SmartClient\tst\zSmartClient_UnitTest\bin\x64\Debug\net6.0-windows\zSmartClient_UnitTest.dll" adapterTypeName="executor://mstestadapter/v2" className="SmartClient_UnitTest.VideoOS.RemoteClient.Application.UI.Content.WorkspaceToolbar.MIPWorkspaceToolbarItemManagerTests" name="GetWorkspaceToolbarItems_ShouldReturnGroupedToolbarItem_WhenPluginGroupIsSet" />
    </UnitTest>
    <UnitTest name="SearchResultsActionBarActions_AddBookmark_NoBookmarkAgentAdded_SingleResult_CreateBookmarkInvoked" storage="d:\actions-runner\_work\xpco\xpco\allsolutions\..\sc\components\remoteviewer\smartclient\tst\zsmartclient_unittest\bin\x64\debug\net6.0-windows\zsmartclient_unittest.dll" id="74a5479e-3d8d-745b-8d0c-dc17a9c1c316">
      <TestCategory>
        <TestCategoryItem TestCategory="SearchResultActionBarViewModel" />
      </TestCategory>
      <Execution id="8e2f4e9d-2c12-42c4-9540-2451e460611b" />
      <TestMethod codeBase="D:\actions-runner\_work\XPCO\XPCO\AllSolutions\..\SC\Components\RemoteViewer\SmartClient\tst\zSmartClient_UnitTest\bin\x64\Debug\net6.0-windows\zSmartClient_UnitTest.dll" adapterTypeName="executor://mstestadapter/v2" className="SmartClient_UnitTest.VideoOS.RemoteClient.Plugin.CentralizedSearch.ViewModels.SearchResultsActionBarViewModelTest" name="SearchResultsActionBarActions_AddBookmark_NoBookmarkAgentAdded_SingleResult_CreateBookmarkInvoked" />
    </UnitTest>
    <UnitTest name="BoundingBoxBrowseTimeChangedTest" storage="d:\actions-runner\_work\xpco\xpco\allsolutions\..\sc\components\remoteviewer\smartclient\tst\zsmartclient_unittest\bin\x64\debug\net6.0-windows\zsmartclient_unittest.dll" id="79975695-e433-2a9b-026b-7999a642c311">
      <Execution id="333b9a30-7c87-45a3-a932-31932b961ceb" />
      <TestMethod codeBase="D:\actions-runner\_work\XPCO\XPCO\AllSolutions\..\SC\Components\RemoteViewer\SmartClient\tst\zSmartClient_UnitTest\bin\x64\Debug\net6.0-windows\zSmartClient_UnitTest.dll" adapterTypeName="executor://mstestadapter/v2" className="SmartClient_UnitTest.VideoOS.RemoteClient.Application.Data.Metadata.BoundingBoxes.BoundingBoxProviderTest" name="BoundingBoxBrowseTimeChangedTest" />
    </UnitTest>
    <UnitTest name="MipItemsMapLayer_Saved_Success" storage="d:\actions-runner\_work\xpco\xpco\allsolutions\..\sc\components\remoteviewer\smartclient\tst\zsmartclient_unittest\bin\x64\debug\net6.0-windows\zsmartclient_unittest.dll" id="d8e86d95-613e-e989-d6c8-a98a3e38c1b2">
      <TestCategory>
        <TestCategoryItem TestCategory="GisMapLayer" />
      </TestCategory>
      <Execution id="9c01880f-6fcb-4a80-960e-5450e1737871" />
      <TestMethod codeBase="D:\actions-runner\_work\XPCO\XPCO\AllSolutions\..\SC\Components\RemoteViewer\SmartClient\tst\zSmartClient_UnitTest\bin\x64\Debug\net6.0-windows\zSmartClient_UnitTest.dll" adapterTypeName="executor://mstestadapter/v2" className="SmartClient_UnitTest.VideoOS.RemoteClient.GisMap.MapLayers.GisMapLayerTests" name="MipItemsMapLayer_Saved_Success" />
    </UnitTest>
    <UnitTest name="SaveSearchTemplateAsync_ActiveAndSaveSucceeds_Success" storage="d:\actions-runner\_work\xpco\xpco\allsolutions\..\sc\components\remoteviewer\smartclient\tst\zsmartclient_unittest\bin\x64\debug\net6.0-windows\zsmartclient_unittest.dll" id="0181f0b9-73fd-f503-b29b-b3c042d24b5b">
      <TestCategory>
        <TestCategoryItem TestCategory="SearchTemplates" />
      </TestCategory>
      <Execution id="862f81b1-e8b9-4a97-a1fd-ee2fb901a4fa" />
      <TestMethod codeBase="D:\actions-runner\_work\XPCO\XPCO\AllSolutions\..\SC\Components\RemoteViewer\SmartClient\tst\zSmartClient_UnitTest\bin\x64\Debug\net6.0-windows\zSmartClient_UnitTest.dll" adapterTypeName="executor://mstestadapter/v2" className="SmartClient_UnitTest.VideoOS.RemoteClient.Plugin.CentralizedSearch.SearchTemplates.SearchTemplateManagerTests" name="SaveSearchTemplateAsync_ActiveAndSaveSucceeds_Success" />
    </UnitTest>
    <UnitTest name="NearestPossibleZoomLevel_ShouldReturnMin_WhenScaleIs0" storage="d:\actions-runner\_work\xpco\xpco\allsolutions\..\sc\components\remoteviewer\smartclient\tst\zsmartclient_unittest\bin\x64\debug\net6.0-windows\zsmartclient_unittest.dll" id="b475e3ab-bcbc-5954-7660-9f7524c4b9d5">
      <TestCategory>
        <TestCategoryItem TestCategory="MapExtentManager" />
      </TestCategory>
      <Execution id="09015724-070b-4f37-abc5-cd8202bc7d88" />
      <TestMethod codeBase="D:\actions-runner\_work\XPCO\XPCO\AllSolutions\..\SC\Components\RemoteViewer\SmartClient\tst\zSmartClient_UnitTest\bin\x64\Debug\net6.0-windows\zSmartClient_UnitTest.dll" adapterTypeName="executor://mstestadapter/v2" className="SmartClient_UnitTest.VideoOS.RemoteClient.Plugin.GisMap.ThinkGeoMap.Settings.ThinkGeoMapExtentManagerTests" name="NearestPossibleZoomLevel_ShouldReturnMin_WhenScaleIs0" />
    </UnitTest>
    <UnitTest name="DisplayErrorOnNotificationArea_DeviceSearchError_Success" storage="d:\actions-runner\_work\xpco\xpco\allsolutions\..\sc\components\remoteviewer\smartclient\tst\zsmartclient_unittest\bin\x64\debug\net6.0-windows\zsmartclient_unittest.dll" id="34c107db-e9ce-df15-620e-0ed84eb2d0d6">
      <TestCategory>
        <TestCategoryItem TestCategory="SearchViewModels" />
      </TestCategory>
      <Execution id="64a331f5-e247-4880-9378-ec9396f105d8" />
      <TestMethod codeBase="D:\actions-runner\_work\XPCO\XPCO\AllSolutions\..\SC\Components\RemoteViewer\SmartClient\tst\zSmartClient_UnitTest\bin\x64\Debug\net6.0-windows\zSmartClient_UnitTest.dll" adapterTypeName="executor://mstestadapter/v2" className="SmartClient_UnitTest.VideoOS.RemoteClient.Plugin.CentralizedSearch.ViewModels.SearchViewModelTests" name="DisplayErrorOnNotificationArea_DeviceSearchError_Success" />
    </UnitTest>
    <UnitTest name="AndOrSearchDefinitionToVisibilityMultiConverter_CallConvert_NotFirstInListOr" storage="d:\actions-runner\_work\xpco\xpco\allsolutions\..\sc\components\remoteviewer\smartclient\tst\zsmartclient_unittest\bin\x64\debug\net6.0-windows\zsmartclient_unittest.dll" id="f386bd71-4890-9925-d3d2-7dcbf0b9febe">
      <TestCategory>
        <TestCategoryItem TestCategory="SearchConverter" />
      </TestCategory>
      <Execution id="4167b990-f759-4d39-a5e3-fd80710de841" />
      <TestMethod codeBase="D:\actions-runner\_work\XPCO\XPCO\AllSolutions\..\SC\Components\RemoteViewer\SmartClient\tst\zSmartClient_UnitTest\bin\x64\Debug\net6.0-windows\zSmartClient_UnitTest.dll" adapterTypeName="executor://mstestadapter/v2" className="SmartClient_UnitTest.VideoOS.RemoteClient.Plugin.CentralizedSearch.Views.Converters.AndOrSearchDefinitionMultiConverterTests" name="AndOrSearchDefinitionToVisibilityMultiConverter_CallConvert_NotFirstInListOr" />
    </UnitTest>
    <UnitTest name="Problem_Repro" storage="d:\actions-runner\_work\xpco\xpco\allsolutions\..\sc\components\remoteviewer\smartclient\tst\zsmartclient_unittest\bin\x64\debug\net6.0-windows\zsmartclient_unittest.dll" id="dae60964-6fd2-ce46-6ae5-e5c61041a0e8">
      <Execution id="ff7bb639-b5c1-41e6-9149-e6324514232e" />
      <TestMethod codeBase="D:\actions-runner\_work\XPCO\XPCO\AllSolutions\..\SC\Components\RemoteViewer\SmartClient\tst\zSmartClient_UnitTest\bin\x64\Debug\net6.0-windows\zSmartClient_UnitTest.dll" adapterTypeName="executor://mstestadapter/v2" className="SmartClient_UnitTest.VideoOS.RemoteClient.Application.Components.Search.SearchManagerTest" name="Problem_Repro" />
    </UnitTest>
    <UnitTest name="ToTimeScope_YesterdayInTransitionToDST_Success" storage="d:\actions-runner\_work\xpco\xpco\allsolutions\..\sc\components\remoteviewer\smartclient\tst\zsmartclient_unittest\bin\x64\debug\net6.0-windows\zsmartclient_unittest.dll" id="57d998ab-72e0-6699-7a67-4312514fd442">
      <TestCategory>
        <TestCategoryItem TestCategory="Search" />
      </TestCategory>
      <Execution id="ff1ed3b9-e3b6-451c-a15f-f89e20d54133" />
      <TestMethod codeBase="D:\actions-runner\_work\XPCO\XPCO\AllSolutions\..\SC\Components\RemoteViewer\SmartClient\tst\zSmartClient_UnitTest\bin\x64\Debug\net6.0-windows\zSmartClient_UnitTest.dll" adapterTypeName="executor://mstestadapter/v2" className="SmartClient_UnitTest.VideoOS.RemoteClient.Plugin.CentralizedSearch.Models.ScopeDurationTests" name="ToTimeScope_YesterdayInTransitionToDST_Success" />
    </UnitTest>
    <UnitTest name="TestAttachedView_Success" storage="d:\actions-runner\_work\xpco\xpco\allsolutions\..\sc\components\remoteviewer\smartclient\tst\zsmartclient_unittest\bin\x64\debug\net6.0-windows\zsmartclient_unittest.dll" id="a03d49df-0221-3c4c-4d83-361bfb025c76">
      <Execution id="a92cc737-b20f-4d3d-b53c-e9ef8ea869a4" />
      <TestMethod codeBase="D:\actions-runner\_work\XPCO\XPCO\AllSolutions\..\SC\Components\RemoteViewer\SmartClient\tst\zSmartClient_UnitTest\bin\x64\Debug\net6.0-windows\zSmartClient_UnitTest.dll" adapterTypeName="executor://mstestadapter/v2" className="SmartClient_UnitTest.VideoOS.RemoteClient.Application.Controllers.WorkSpace.WorkSpaceItemTest" name="TestAttachedView_Success" />
    </UnitTest>
    <UnitTest name="ctor_NullArg_NullArgException" storage="d:\actions-runner\_work\xpco\xpco\allsolutions\..\sc\components\remoteviewer\smartclient\tst\zsmartclient_unittest\bin\x64\debug\net6.0-windows\zsmartclient_unittest.dll" id="aab428ed-a31b-f1b7-b0cd-f341bed7d107">
      <TestCategory>
        <TestCategoryItem TestCategory="Search" />
      </TestCategory>
      <Execution id="cff0da74-0562-4ec7-99e7-43a45db9b693" />
      <TestMethod codeBase="D:\actions-runner\_work\XPCO\XPCO\AllSolutions\..\SC\Components\RemoteViewer\SmartClient\tst\zSmartClient_UnitTest\bin\x64\Debug\net6.0-windows\zSmartClient_UnitTest.dll" adapterTypeName="executor://mstestadapter/v2" className="SmartClient_UnitTest.VideoOS.RemoteClient.Plugin.CentralizedSearch.ViewModels.CompositeSearchWarningViewModelTests" name="ctor_NullArg_NullArgException" />
    </UnitTest>
    <UnitTest name="Deserialize_SearchDefinitionsOnly_Success" storage="d:\actions-runner\_work\xpco\xpco\allsolutions\..\sc\components\remoteviewer\smartclient\tst\zsmartclient_unittest\bin\x64\debug\net6.0-windows\zsmartclient_unittest.dll" id="2b46b6c4-bcde-6b7d-2664-3e89c49247f4">
      <TestCategory>
        <TestCategoryItem TestCategory="SearchSerialization" />
      </TestCategory>
      <Execution id="cfc866f9-cae0-4320-b1a3-d5c6e6703be8" />
      <TestMethod codeBase="D:\actions-runner\_work\XPCO\XPCO\AllSolutions\..\SC\Components\RemoteViewer\SmartClient\tst\zSmartClient_UnitTest\bin\x64\Debug\net6.0-windows\zSmartClient_UnitTest.dll" adapterTypeName="executor://mstestadapter/v2" className="SmartClient_UnitTest.VideoOS.RemoteClient.Plugin.CentralizedSearch.Models.Serialization.SearchSerializerTests" name="Deserialize_SearchDefinitionsOnly_Success" />
    </UnitTest>
    <UnitTest name="CreateExportDialog_CanCreateExport_WithDefaults" storage="d:\actions-runner\_work\xpco\xpco\allsolutions\..\sc\components\remoteviewer\smartclient\tst\zsmartclient_unittest\bin\x64\debug\net6.0-windows\zsmartclient_unittest.dll" id="6e773555-d3bc-18e6-58f4-6a33d2e565e0">
      <TestCategory>
        <TestCategoryItem TestCategory="Export" />
      </TestCategory>
      <Execution id="dcb62e58-78be-41bf-b471-54ee1fa9ff9b" />
      <TestMethod codeBase="D:\actions-runner\_work\XPCO\XPCO\AllSolutions\..\SC\Components\RemoteViewer\SmartClient\tst\zSmartClient_UnitTest\bin\x64\Debug\net6.0-windows\zSmartClient_UnitTest.dll" adapterTypeName="executor://mstestadapter/v2" className="SmartClient_UnitTest.VideoOS.RemoteClient.Plugin.Export.CreateExportDialogViewModelTests" name="CreateExportDialog_CanCreateExport_WithDefaults" />
    </UnitTest>
    <UnitTest name="OnMarkerRightClicked_ShouldUseCrossTypeMenuItems_WhenInSetupModeAndMultipleItemsFromDifferentLayersIncludingAtLeastOneCameraAreSelected" storage="d:\actions-runner\_work\xpco\xpco\allsolutions\..\sc\components\remoteviewer\smartclient\tst\zsmartclient_unittest\bin\x64\debug\net6.0-windows\zsmartclient_unittest.dll" id="015cbbb2-3ae8-0f0d-d16b-d3a0e1ee3da3">
      <TestCategory>
        <TestCategoryItem TestCategory="SmartMap.MapItemsOverlay" />
      </TestCategory>
      <Execution id="489a6b57-3e66-4525-8b7b-c0cc153503c3" />
      <TestMethod codeBase="D:\actions-runner\_work\XPCO\XPCO\AllSolutions\..\SC\Components\RemoteViewer\SmartClient\tst\zSmartClient_UnitTest\bin\x64\Debug\net6.0-windows\zSmartClient_UnitTest.dll" adapterTypeName="executor://mstestadapter/v2" className="SmartClient_UnitTest.VideoOS.RemoteClient.Plugin.GisMap.ThinkGeoMap.SpecializedOverlays.Overlays.MapItemsOverlayTests" name="OnMarkerRightClicked_ShouldUseCrossTypeMenuItems_WhenInSetupModeAndMultipleItemsFromDifferentLayersIncludingAtLeastOneCameraAreSelected" />
    </UnitTest>
    <UnitTest name="AddSelectedCameras_EmptyList_NoChange" storage="d:\actions-runner\_work\xpco\xpco\allsolutions\..\sc\components\remoteviewer\smartclient\tst\zsmartclient_unittest\bin\x64\debug\net6.0-windows\zsmartclient_unittest.dll" id="b518f299-3b00-cc5d-b78d-f3f85f49a757">
      <TestCategory>
        <TestCategoryItem TestCategory="SearchViewModels" />
      </TestCategory>
      <Execution id="8d9a2266-ea4a-4084-a149-e320673d0688" />
      <TestMethod codeBase="D:\actions-runner\_work\XPCO\XPCO\AllSolutions\..\SC\Components\RemoteViewer\SmartClient\tst\zSmartClient_UnitTest\bin\x64\Debug\net6.0-windows\zSmartClient_UnitTest.dll" adapterTypeName="executor://mstestadapter/v2" className="SmartClient_UnitTest.VideoOS.RemoteClient.Plugin.CentralizedSearch.ViewModels.SearchViewModelTests" name="AddSelectedCameras_EmptyList_NoChange" />
    </UnitTest>
    <UnitTest name="ToSafeName_NullString_Success" storage="d:\actions-runner\_work\xpco\xpco\allsolutions\..\sc\components\remoteviewer\smartclient\tst\zsmartclient_unittest\bin\x64\debug\net6.0-windows\zsmartclient_unittest.dll" id="dc096e9d-933e-6e98-213b-490659477502">
      <Execution id="2cfb1011-10f7-49bf-a88d-c2c0211a80b0" />
      <TestMethod codeBase="D:\actions-runner\_work\XPCO\XPCO\AllSolutions\..\SC\Components\RemoteViewer\SmartClient\tst\zSmartClient_UnitTest\bin\x64\Debug\net6.0-windows\zSmartClient_UnitTest.dll" adapterTypeName="executor://mstestadapter/v2" className="SmartClient_UnitTest.VideoOS.RemoteClient.Application.Common.Scripting.ReservedJavascriptKeywordsTests" name="ToSafeName_NullString_Success" />
    </UnitTest>
    <UnitTest name="SupportsDoubleClick_ShouldBeFalse_WhenInteractionStateIsNotNormal" storage="d:\actions-runner\_work\xpco\xpco\allsolutions\..\sc\components\remoteviewer\smartclient\tst\zsmartclient_unittest\bin\x64\debug\net6.0-windows\zsmartclient_unittest.dll" id="c9679473-a3e5-7489-307e-ee6faf3a6896">
      <TestCategory>
        <TestCategoryItem TestCategory="GisMap.MipItemMarker" />
      </TestCategory>
      <Execution id="8ccb0b38-7d8e-4aab-a69f-f67f9a1106be" />
      <TestMethod codeBase="D:\actions-runner\_work\XPCO\XPCO\AllSolutions\..\SC\Components\RemoteViewer\SmartClient\tst\zSmartClient_UnitTest\bin\x64\Debug\net6.0-windows\zSmartClient_UnitTest.dll" adapterTypeName="executor://mstestadapter/v2" className="SmartClient_UnitTest.VideoOS.RemoteClient.Plugin.GisMap.ThinkGeoMap.Markers.MipItemMarker.MipItemMarkerTests" name="SupportsDoubleClick_ShouldBeFalse_WhenInteractionStateIsNotNormal" />
    </UnitTest>
    <UnitTest name="CreateExportDialog_CannotSelectExportToOptics_WithoutPrerequisitesSatisfied" storage="d:\actions-runner\_work\xpco\xpco\allsolutions\..\sc\components\remoteviewer\smartclient\tst\zsmartclient_unittest\bin\x64\debug\net6.0-windows\zsmartclient_unittest.dll" id="8f19814e-6231-9ee7-d114-fdf6c35f1f79">
      <TestCategory>
        <TestCategoryItem TestCategory="Export" />
      </TestCategory>
      <Execution id="b8e702ad-d608-48cc-91f6-ddbbf645595e" />
      <TestMethod codeBase="D:\actions-runner\_work\XPCO\XPCO\AllSolutions\..\SC\Components\RemoteViewer\SmartClient\tst\zSmartClient_UnitTest\bin\x64\Debug\net6.0-windows\zSmartClient_UnitTest.dll" adapterTypeName="executor://mstestadapter/v2" className="SmartClient_UnitTest.VideoOS.RemoteClient.Plugin.Export.CreateExportDialogViewModelTests" name="CreateExportDialog_CannotSelectExportToOptics_WithoutPrerequisitesSatisfied" />
    </UnitTest>
    <UnitTest name="TestInitializeWorkrooms_AllBuiltinWorkrooms_Success" storage="d:\actions-runner\_work\xpco\xpco\allsolutions\..\sc\components\remoteviewer\smartclient\tst\zsmartclient_unittest\bin\x64\debug\net6.0-windows\zsmartclient_unittest.dll" id="1f8f2766-504d-6eef-54e8-b4e73b68637d">
      <TestCategory>
        <TestCategoryItem TestCategory="WorkroomController" />
      </TestCategory>
      <Execution id="ad840d31-b08f-4933-9754-751f0ba434fa" />
      <TestMethod codeBase="D:\actions-runner\_work\XPCO\XPCO\AllSolutions\..\SC\Components\RemoteViewer\SmartClient\tst\zSmartClient_UnitTest\bin\x64\Debug\net6.0-windows\zSmartClient_UnitTest.dll" adapterTypeName="executor://mstestadapter/v2" className="VideoOS.RemoteClient.Application.Controllers.WorkroomController.UnitTest.TabWorkroomControllerTest" name="TestInitializeWorkrooms_AllBuiltinWorkrooms_Success" />
    </UnitTest>
    <UnitTest name="PatrollingPresetViewModel_OnPropertyChanged_Raised" storage="d:\actions-runner\_work\xpco\xpco\allsolutions\..\sc\components\remoteviewer\smartclient\tst\zsmartclient_unittest\bin\x64\debug\net6.0-windows\zsmartclient_unittest.dll" id="968967c1-9c91-5395-ae74-dba306913820">
      <Execution id="74f4bcab-d49c-4c40-bebf-a7b577a0a688" />
      <TestMethod codeBase="D:\actions-runner\_work\XPCO\XPCO\AllSolutions\..\SC\Components\RemoteViewer\SmartClient\tst\zSmartClient_UnitTest\bin\x64\Debug\net6.0-windows\zSmartClient_UnitTest.dll" adapterTypeName="executor://mstestadapter/v2" className="SmartClient_UnitTest.VideoOS.RemoteClient.Application.UI.PtzPreset.PatrollingViewModel.PatrollingPresetViewModelTest" name="PatrollingPresetViewModel_OnPropertyChanged_Raised" />
    </UnitTest>
    <UnitTest name="CreateDefinition_ZeroFiltersInCategory_ZeroFilterValuesAddedToSearchCriteria" storage="d:\actions-runner\_work\xpco\xpco\allsolutions\..\sc\components\remoteviewer\smartclient\tst\zsmartclient_unittest\bin\x64\debug\net6.0-windows\zsmartclient_unittest.dll" id="7e087806-67ee-93e5-99ce-89aefdf33c63">
      <TestCategory>
        <TestCategoryItem TestCategory="SearchModels" />
      </TestCategory>
      <Execution id="ecae5f43-195d-47c7-b932-dde20dd839f1" />
      <TestMethod codeBase="D:\actions-runner\_work\XPCO\XPCO\AllSolutions\..\SC\Components\RemoteViewer\SmartClient\tst\zSmartClient_UnitTest\bin\x64\Debug\net6.0-windows\zSmartClient_UnitTest.dll" adapterTypeName="executor://mstestadapter/v2" className="SmartClient_UnitTest.VideoOS.RemoteClient.Plugin.CentralizedSearch.Models.SearchModelTests" name="CreateDefinition_ZeroFiltersInCategory_ZeroFilterValuesAddedToSearchCriteria" />
    </UnitTest>
    <UnitTest name="TestForAssemblyCoverage" storage="d:\actions-runner\_work\xpco\xpco\allsolutions\..\sc\components\remoteviewer\smartclient\tst\zsmartclient_unittest\bin\x64\debug\net6.0-windows\zsmartclient_unittest.dll" id="ee3692c6-4239-b2e2-f69d-66ef9eb784ce">
      <Execution id="94e9988c-3317-466a-aa15-e924b6813e32" />
      <TestMethod codeBase="D:\actions-runner\_work\XPCO\XPCO\AllSolutions\..\SC\Components\RemoteViewer\SmartClient\tst\zSmartClient_UnitTest\bin\x64\Debug\net6.0-windows\zSmartClient_UnitTest.dll" adapterTypeName="executor://mstestadapter/v2" className="SmartClient_UnitTest.VideoOS.RemoteClient.Plugin.OutgoingAudio.UnitTest1" name="TestForAssemblyCoverage" />
    </UnitTest>
    <UnitTest name="TestConstructor_OuterRing_Success" storage="d:\actions-runner\_work\xpco\xpco\allsolutions\..\sc\components\remoteviewer\smartclient\tst\zsmartclient_unittest\bin\x64\debug\net6.0-windows\zsmartclient_unittest.dll" id="b13c73e0-3d5f-8cb8-a883-f65f02f74154">
      <TestCategory>
        <TestCategoryItem TestCategory="GisMap" />
      </TestCategory>
      <Execution id="31a2838f-8b59-4aae-ad27-c2f2f14e2235" />
      <TestMethod codeBase="D:\actions-runner\_work\XPCO\XPCO\AllSolutions\..\SC\Components\RemoteViewer\SmartClient\tst\zSmartClient_UnitTest\bin\x64\Debug\net6.0-windows\zSmartClient_UnitTest.dll" adapterTypeName="executor://mstestadapter/v2" className="SmartClient_UnitTest.VideoOS.RemoteClient.GisMap.Common.MapPolygonTest" name="TestConstructor_OuterRing_Success" />
    </UnitTest>
    <UnitTest name="PatrollingStepListViewModel_Constructor_Success" storage="d:\actions-runner\_work\xpco\xpco\allsolutions\..\sc\components\remoteviewer\smartclient\tst\zsmartclient_unittest\bin\x64\debug\net6.0-windows\zsmartclient_unittest.dll" id="36554cb2-1edf-a642-dc86-4d6ff7ede95e">
      <Execution id="5b8a0d93-3f0f-428c-b3fe-38d859e5a659" />
      <TestMethod codeBase="D:\actions-runner\_work\XPCO\XPCO\AllSolutions\..\SC\Components\RemoteViewer\SmartClient\tst\zSmartClient_UnitTest\bin\x64\Debug\net6.0-windows\zSmartClient_UnitTest.dll" adapterTypeName="executor://mstestadapter/v2" className="SmartClient_UnitTest.VideoOS.RemoteClient.Application.UI.PtzPreset.PatrollingViewModel.PatrollingStepListViewModelTest" name="PatrollingStepListViewModel_Constructor_Success" />
    </UnitTest>
    <UnitTest name="SearchResultsActionBarActions_Export_OptionFormatAvailable_OtherExportOptionsUnavailable_NotVisible" storage="d:\actions-runner\_work\xpco\xpco\allsolutions\..\sc\components\remoteviewer\smartclient\tst\zsmartclient_unittest\bin\x64\debug\net6.0-windows\zsmartclient_unittest.dll" id="f56230b0-cb3e-b433-0b22-beaca6317724">
      <TestCategory>
        <TestCategoryItem TestCategory="SearchResultActionBarViewModel" />
      </TestCategory>
      <Execution id="5c33d562-5a2e-4fa5-b133-1ec39e07063e" />
      <TestMethod codeBase="D:\actions-runner\_work\XPCO\XPCO\AllSolutions\..\SC\Components\RemoteViewer\SmartClient\tst\zSmartClient_UnitTest\bin\x64\Debug\net6.0-windows\zSmartClient_UnitTest.dll" adapterTypeName="executor://mstestadapter/v2" className="SmartClient_UnitTest.VideoOS.RemoteClient.Plugin.CentralizedSearch.ViewModels.SearchResultsActionBarViewModelTest" name="SearchResultsActionBarActions_Export_OptionFormatAvailable_OtherExportOptionsUnavailable_NotVisible" />
    </UnitTest>
    <UnitTest name="HandleSetLayerFeatures_ShouldRaiseArgumentException_WhenIsCalled" storage="d:\actions-runner\_work\xpco\xpco\allsolutions\..\sc\components\remoteviewer\smartclient\tst\zsmartclient_unittest\bin\x64\debug\net6.0-windows\zsmartclient_unittest.dll" id="16cbfe5e-7bb9-3462-1447-f565ffc95fc8">
      <TestCategory>
        <TestCategoryItem TestCategory="GisMapData.Handlers.LayerFeatures" />
      </TestCategory>
      <Execution id="a8b8950e-88f2-4aee-b350-0d6b9e032fc5" />
      <TestMethod codeBase="D:\actions-runner\_work\XPCO\XPCO\AllSolutions\..\SC\Components\RemoteViewer\SmartClient\tst\zSmartClient_UnitTest\bin\x64\Debug\net6.0-windows\zSmartClient_UnitTest.dll" adapterTypeName="executor://mstestadapter/v2" className="SmartClient_UnitTest.VideoOS.RemoteClient.GisMapData.Handlers.LayerFeatures.NotSupportedLayerFeaturesHandlerTests" name="HandleSetLayerFeatures_ShouldRaiseArgumentException_WhenIsCalled" />
    </UnitTest>
    <UnitTest name="Initialize_NullState_DoesNotCrash" storage="d:\actions-runner\_work\xpco\xpco\allsolutions\..\sc\components\remoteviewer\smartclient\tst\zsmartclient_unittest\bin\x64\debug\net6.0-windows\zsmartclient_unittest.dll" id="19c9cf52-9433-0ae2-27f1-e1c0ebb67acf">
      <TestCategory>
        <TestCategoryItem TestCategory="Search" />
      </TestCategory>
      <Execution id="13945610-2109-4321-9be9-b5a6baf4b73b" />
      <TestMethod codeBase="D:\actions-runner\_work\XPCO\XPCO\AllSolutions\..\SC\Components\RemoteViewer\SmartClient\tst\zSmartClient_UnitTest\bin\x64\Debug\net6.0-windows\zSmartClient_UnitTest.dll" adapterTypeName="executor://mstestadapter/v2" className="SmartClient_UnitTest.VideoOS.RemoteClient.Plugin.CentralizedSearch.Views.SearchViewTests" name="Initialize_NullState_DoesNotCrash" />
    </UnitTest>
    <UnitTest name="AddSelectedCameras_CameraAlreadyAdded_NoDuplicates" storage="d:\actions-runner\_work\xpco\xpco\allsolutions\..\sc\components\remoteviewer\smartclient\tst\zsmartclient_unittest\bin\x64\debug\net6.0-windows\zsmartclient_unittest.dll" id="82d78304-b48c-9515-7f8e-4adb71fd31ee">
      <TestCategory>
        <TestCategoryItem TestCategory="SearchViewModels" />
      </TestCategory>
      <Execution id="a1a9e8ad-7e2c-4471-ae51-6353ae9beea7" />
      <TestMethod codeBase="D:\actions-runner\_work\XPCO\XPCO\AllSolutions\..\SC\Components\RemoteViewer\SmartClient\tst\zSmartClient_UnitTest\bin\x64\Debug\net6.0-windows\zSmartClient_UnitTest.dll" adapterTypeName="executor://mstestadapter/v2" className="SmartClient_UnitTest.VideoOS.RemoteClient.Plugin.CentralizedSearch.ViewModels.SearchViewModelTests" name="AddSelectedCameras_CameraAlreadyAdded_NoDuplicates" />
    </UnitTest>
    <UnitTest name="Redrawing_SettingsSet_Success" storage="d:\actions-runner\_work\xpco\xpco\allsolutions\..\sc\components\remoteviewer\smartclient\tst\zsmartclient_unittest\bin\x64\debug\net6.0-windows\zsmartclient_unittest.dll" id="d14ec128-bbfb-0096-f562-be494b986880">
      <TestCategory>
        <TestCategoryItem TestCategory="GisMap.MapControl" />
      </TestCategory>
      <Execution id="7d6f5f56-b32d-481c-941b-893a5809f1b8" />
      <TestMethod codeBase="D:\actions-runner\_work\XPCO\XPCO\AllSolutions\..\SC\Components\RemoteViewer\SmartClient\tst\zSmartClient_UnitTest\bin\x64\Debug\net6.0-windows\zSmartClient_UnitTest.dll" adapterTypeName="executor://mstestadapter/v2" className="SmartClient_UnitTest.VideoOS.RemoteClient.Plugin.GisMap.ThinkGeoMap.ThinkGeoMapControlTests" name="Redrawing_SettingsSet_Success" />
    </UnitTest>
    <UnitTest name="TestCreateMipTabWorkroom_Two_Success" storage="d:\actions-runner\_work\xpco\xpco\allsolutions\..\sc\components\remoteviewer\smartclient\tst\zsmartclient_unittest\bin\x64\debug\net6.0-windows\zsmartclient_unittest.dll" id="1a507d86-1921-f620-6368-d6adb1877080">
      <TestCategory>
        <TestCategoryItem TestCategory="WorkroomController" />
      </TestCategory>
      <Execution id="f49a14a2-8ecb-491c-8d09-3c4317d396c8" />
      <TestMethod codeBase="D:\actions-runner\_work\XPCO\XPCO\AllSolutions\..\SC\Components\RemoteViewer\SmartClient\tst\zSmartClient_UnitTest\bin\x64\Debug\net6.0-windows\zSmartClient_UnitTest.dll" adapterTypeName="executor://mstestadapter/v2" className="VideoOS.RemoteClient.Application.Controllers.WorkroomController.UnitTest.TabWorkroomControllerTest" name="TestCreateMipTabWorkroom_Two_Success" />
    </UnitTest>
    <UnitTest name="GetIsOpenStreetMapValid_ShouldRaiseArgumentNullException_WhenOptionManagerIsNull" storage="d:\actions-runner\_work\xpco\xpco\allsolutions\..\sc\components\remoteviewer\smartclient\tst\zsmartclient_unittest\bin\x64\debug\net6.0-windows\zsmartclient_unittest.dll" id="843dae0b-b140-3d67-5588-10bfec2781a8">
      <TestCategory>
        <TestCategoryItem TestCategory="GisMapData.Controllers.Osm" />
      </TestCategory>
      <Execution id="32741d87-16cc-4757-b499-cb6352072cd1" />
      <TestMethod codeBase="D:\actions-runner\_work\XPCO\XPCO\AllSolutions\..\SC\Components\RemoteViewer\SmartClient\tst\zSmartClient_UnitTest\bin\x64\Debug\net6.0-windows\zSmartClient_UnitTest.dll" adapterTypeName="executor://mstestadapter/v2" className="SmartClient_UnitTest.VideoOS.RemoteClient.GisMapData.Controllers.Osm.GisMapOsmControllerTests" name="GetIsOpenStreetMapValid_ShouldRaiseArgumentNullException_WhenOptionManagerIsNull" />
    </UnitTest>
    <UnitTest name="Constructor_ShouldRaiseArgumentNullException_WhenGisMapModelIsNull" storage="d:\actions-runner\_work\xpco\xpco\allsolutions\..\sc\components\remoteviewer\smartclient\tst\zsmartclient_unittest\bin\x64\debug\net6.0-windows\zsmartclient_unittest.dll" id="0fc44201-8e69-82b3-88da-4213b7a1319c">
      <TestCategory>
        <TestCategoryItem TestCategory="GisMap.Handlers.Devices.MapItems" />
      </TestCategory>
      <Execution id="1f82dd38-df7a-4dce-87e8-660ebce0f0db" />
      <TestMethod codeBase="D:\actions-runner\_work\XPCO\XPCO\AllSolutions\..\SC\Components\RemoteViewer\SmartClient\tst\zSmartClient_UnitTest\bin\x64\Debug\net6.0-windows\zSmartClient_UnitTest.dll" adapterTypeName="executor://mstestadapter/v2" className="SmartClient_UnitTest.VideoOS.RemoteClient.Plugin.GisMap.Handlers.Devices.MapItems.OutputDataHandlerTests" name="Constructor_ShouldRaiseArgumentNullException_WhenGisMapModelIsNull" />
    </UnitTest>
    <UnitTest name="SupportsDoubleClick_ShouldBeTrue_WhenInteractionStateIsNormalAndInSetupMode" storage="d:\actions-runner\_work\xpco\xpco\allsolutions\..\sc\components\remoteviewer\smartclient\tst\zsmartclient_unittest\bin\x64\debug\net6.0-windows\zsmartclient_unittest.dll" id="7aa29abd-7d3e-a7dc-4d9c-0edf39d05bae">
      <TestCategory>
        <TestCategoryItem TestCategory="GisMap.LegacyLinkMarker" />
      </TestCategory>
      <Execution id="ad65ac0a-42d6-4685-a687-874448b47b20" />
      <TestMethod codeBase="D:\actions-runner\_work\XPCO\XPCO\AllSolutions\..\SC\Components\RemoteViewer\SmartClient\tst\zSmartClient_UnitTest\bin\x64\Debug\net6.0-windows\zSmartClient_UnitTest.dll" adapterTypeName="executor://mstestadapter/v2" className="SmartClient_UnitTest.VideoOS.RemoteClient.Plugin.GisMap.ThinkGeoMap.Markers.LegacyLinkMarker.LegacyLinkMarkerTests" name="SupportsDoubleClick_ShouldBeTrue_WhenInteractionStateIsNormalAndInSetupMode" />
    </UnitTest>
    <UnitTest name="GridSizeTest" storage="d:\actions-runner\_work\xpco\xpco\allsolutions\..\sc\components\remoteviewer\smartclient\tst\zsmartclient_unittest\bin\x64\debug\net6.0-windows\zsmartclient_unittest.dll" id="f8d3c854-1d0a-1d27-f1f9-7cfc35295620">
      <Execution id="6b568d2e-b8c8-4191-987e-5fcfd4c949ad" />
      <TestMethod codeBase="D:\actions-runner\_work\XPCO\XPCO\AllSolutions\..\SC\Components\RemoteViewer\SmartClient\tst\zSmartClient_UnitTest\bin\x64\Debug\net6.0-windows\zSmartClient_UnitTest.dll" adapterTypeName="executor://mstestadapter/v2" className="SmartClient_UnitTest.VideoOS.RemoteClient.Application.Data.ContentTypes.CameraContentType.PrivacyMaskTest" name="GridSizeTest" />
    </UnitTest>
    <UnitTest name="Serialize_SearchDefinitionWithNonSerializableFilterValue_FilterValueOmitted" storage="d:\actions-runner\_work\xpco\xpco\allsolutions\..\sc\components\remoteviewer\smartclient\tst\zsmartclient_unittest\bin\x64\debug\net6.0-windows\zsmartclient_unittest.dll" id="239b3280-9e3f-daec-90e9-2d7422e5091c">
      <TestCategory>
        <TestCategoryItem TestCategory="SearchSerialization" />
      </TestCategory>
      <Execution id="61ae07ee-33d4-466e-b5d4-0926749ed0ca" />
      <TestMethod codeBase="D:\actions-runner\_work\XPCO\XPCO\AllSolutions\..\SC\Components\RemoteViewer\SmartClient\tst\zSmartClient_UnitTest\bin\x64\Debug\net6.0-windows\zSmartClient_UnitTest.dll" adapterTypeName="executor://mstestadapter/v2" className="SmartClient_UnitTest.VideoOS.RemoteClient.Plugin.CentralizedSearch.Models.Serialization.SearchSerializerTests" name="Serialize_SearchDefinitionWithNonSerializableFilterValue_FilterValueOmitted" />
    </UnitTest>
    <UnitTest name="SupportsRightClick_ShouldBeFalse_WhenInteractionStateIsNotNormal" storage="d:\actions-runner\_work\xpco\xpco\allsolutions\..\sc\components\remoteviewer\smartclient\tst\zsmartclient_unittest\bin\x64\debug\net6.0-windows\zsmartclient_unittest.dll" id="a7e344e1-2528-5469-f149-8c729b6a9d91">
      <TestCategory>
        <TestCategoryItem TestCategory="GisMap.LocationMarker" />
      </TestCategory>
      <Execution id="9fd6fb1a-7661-42e2-9e9e-f6342e2e1d99" />
      <TestMethod codeBase="D:\actions-runner\_work\XPCO\XPCO\AllSolutions\..\SC\Components\RemoteViewer\SmartClient\tst\zSmartClient_UnitTest\bin\x64\Debug\net6.0-windows\zSmartClient_UnitTest.dll" adapterTypeName="executor://mstestadapter/v2" className="SmartClient_UnitTest.VideoOS.RemoteClient.Plugin.GisMap.ThinkGeoMap.Markers.LocationMarker.LocationMarkerTests" name="SupportsRightClick_ShouldBeFalse_WhenInteractionStateIsNotNormal" />
    </UnitTest>
    <UnitTest name="PatrollingProfileViewModelTest_IsInEditMode_IsNotInEditMode_Unset" storage="d:\actions-runner\_work\xpco\xpco\allsolutions\..\sc\components\remoteviewer\smartclient\tst\zsmartclient_unittest\bin\x64\debug\net6.0-windows\zsmartclient_unittest.dll" id="a2a3a958-6508-e929-6708-500cc4e3cc3a">
      <Execution id="faf2e3cb-affd-4c33-ab7c-8903515ef17c" />
      <TestMethod codeBase="D:\actions-runner\_work\XPCO\XPCO\AllSolutions\..\SC\Components\RemoteViewer\SmartClient\tst\zSmartClient_UnitTest\bin\x64\Debug\net6.0-windows\zSmartClient_UnitTest.dll" adapterTypeName="executor://mstestadapter/v2" className="SmartClient_UnitTest.VideoOS.RemoteClient.Application.UI.PtzPreset.PatrollingViewModel.PatrollingProfileViewModelTest" name="PatrollingProfileViewModelTest_IsInEditMode_IsNotInEditMode_Unset" />
    </UnitTest>
    <UnitTest name="TestConstructor_windowManagerIsNull_FailWithArgumentNullException" storage="d:\actions-runner\_work\xpco\xpco\allsolutions\..\sc\components\remoteviewer\smartclient\tst\zsmartclient_unittest\bin\x64\debug\net6.0-windows\zsmartclient_unittest.dll" id="a786e6a0-7158-6a05-c54a-28647fb14bb7">
      <TestCategory>
        <TestCategoryItem TestCategory="WorkroomController" />
      </TestCategory>
      <Execution id="0f3e89f0-0d0d-4acc-9827-010d914dbfc3" />
      <TestMethod codeBase="D:\actions-runner\_work\XPCO\XPCO\AllSolutions\..\SC\Components\RemoteViewer\SmartClient\tst\zSmartClient_UnitTest\bin\x64\Debug\net6.0-windows\zSmartClient_UnitTest.dll" adapterTypeName="executor://mstestadapter/v2" className="VideoOS.RemoteClient.Application.Controllers.WorkroomController.UnitTest.TabWorkroomControllerTest" name="TestConstructor_windowManagerIsNull_FailWithArgumentNullException" />
    </UnitTest>
    <UnitTest name="PatrollingProfileViewModelTest_Save_CreateProfile" storage="d:\actions-runner\_work\xpco\xpco\allsolutions\..\sc\components\remoteviewer\smartclient\tst\zsmartclient_unittest\bin\x64\debug\net6.0-windows\zsmartclient_unittest.dll" id="61c2e857-2ecc-1265-1a6e-d3f3e6eddf31">
      <Execution id="b6455fda-a6ac-4bdb-bdd4-efdae691eb73" />
      <TestMethod codeBase="D:\actions-runner\_work\XPCO\XPCO\AllSolutions\..\SC\Components\RemoteViewer\SmartClient\tst\zSmartClient_UnitTest\bin\x64\Debug\net6.0-windows\zSmartClient_UnitTest.dll" adapterTypeName="executor://mstestadapter/v2" className="SmartClient_UnitTest.VideoOS.RemoteClient.Application.UI.PtzPreset.PatrollingViewModel.PatrollingProfileViewModelTest" name="PatrollingProfileViewModelTest_Save_CreateProfile" />
    </UnitTest>
    <UnitTest name="Direction_XPCO_SC_RoundtripTransform_Success" storage="d:\actions-runner\_work\xpco\xpco\allsolutions\..\sc\components\remoteviewer\smartclient\tst\zsmartclient_unittest\bin\x64\debug\net6.0-windows\zsmartclient_unittest.dll" id="78da3d90-e186-2eb8-9d50-1ad80ad9921b">
      <TestCategory>
        <TestCategoryItem TestCategory="GisMap" />
      </TestCategory>
      <Execution id="2ee59cee-1d9a-4eef-9f91-1115d969d5bb" />
      <TestMethod codeBase="D:\actions-runner\_work\XPCO\XPCO\AllSolutions\..\SC\Components\RemoteViewer\SmartClient\tst\zSmartClient_UnitTest\bin\x64\Debug\net6.0-windows\zSmartClient_UnitTest.dll" adapterTypeName="executor://mstestadapter/v2" className="SmartClient_UnitTest.VideoOS.RemoteClient.GisMap.Utilities.GisUtilityTests" name="Direction_XPCO_SC_RoundtripTransform_Success" />
    </UnitTest>
    <UnitTest name="OnLoaded_NoDataContext_DoesNotCrash" storage="d:\actions-runner\_work\xpco\xpco\allsolutions\..\sc\components\remoteviewer\smartclient\tst\zsmartclient_unittest\bin\x64\debug\net6.0-windows\zsmartclient_unittest.dll" id="5803be46-e356-847f-cccc-58e283b812ae">
      <TestCategory>
        <TestCategoryItem TestCategory="Search" />
      </TestCategory>
      <Execution id="bf9e148f-3461-4d38-976e-f27351ab1e5a" />
      <TestMethod codeBase="D:\actions-runner\_work\XPCO\XPCO\AllSolutions\..\SC\Components\RemoteViewer\SmartClient\tst\zSmartClient_UnitTest\bin\x64\Debug\net6.0-windows\zSmartClient_UnitTest.dll" adapterTypeName="executor://mstestadapter/v2" className="SmartClient_UnitTest.VideoOS.RemoteClient.Plugin.CentralizedSearch.Views.SearchResultContainerViewTests" name="OnLoaded_NoDataContext_DoesNotCrash" />
    </UnitTest>
    <UnitTest name="Password1 valid, Password 2 invalid, higher length" storage="d:\actions-runner\_work\xpco\xpco\allsolutions\..\sc\components\remoteviewer\smartclient\tst\zsmartclient_unittest\bin\x64\debug\net6.0-windows\zsmartclient_unittest.dll" id="abc7abf0-9397-c3e5-30a2-27064f8066b3">
      <TestCategory>
        <TestCategoryItem TestCategory="Export" />
      </TestCategory>
      <Execution id="e4df55f8-b88d-4d38-8a34-bb5194842f5e" />
      <TestMethod codeBase="D:\actions-runner\_work\XPCO\XPCO\AllSolutions\..\SC\Components\RemoteViewer\SmartClient\tst\zSmartClient_UnitTest\bin\x64\Debug\net6.0-windows\zSmartClient_UnitTest.dll" adapterTypeName="executor://mstestadapter/v2" className="SmartClient_UnitTest.VideoOS.RemoteClient.Plugin.Export.PasswordDialogViewModelTests" name="ArePasswordsValid_ShouldDependOnPassword1AndPassword2" />
    </UnitTest>
    <UnitTest name="ToUnsafeName_SingleSafeName_Success" storage="d:\actions-runner\_work\xpco\xpco\allsolutions\..\sc\components\remoteviewer\smartclient\tst\zsmartclient_unittest\bin\x64\debug\net6.0-windows\zsmartclient_unittest.dll" id="1869091f-40a7-b7a8-b1dc-92bece636d41">
      <Execution id="bedbf87d-ce2d-452f-83e1-b40178660019" />
      <TestMethod codeBase="D:\actions-runner\_work\XPCO\XPCO\AllSolutions\..\SC\Components\RemoteViewer\SmartClient\tst\zSmartClient_UnitTest\bin\x64\Debug\net6.0-windows\zSmartClient_UnitTest.dll" adapterTypeName="executor://mstestadapter/v2" className="SmartClient_UnitTest.VideoOS.RemoteClient.Application.Common.Scripting.ReservedJavascriptKeywordsTests" name="ToUnsafeName_SingleSafeName_Success" />
    </UnitTest>
    <UnitTest name="CreateExportDialog_ProjectCommentOnlyVisible_WhenSmartClientFormatIsIncluded" storage="d:\actions-runner\_work\xpco\xpco\allsolutions\..\sc\components\remoteviewer\smartclient\tst\zsmartclient_unittest\bin\x64\debug\net6.0-windows\zsmartclient_unittest.dll" id="f1b8d3af-7232-b482-4982-8c83d005f2cf">
      <TestCategory>
        <TestCategoryItem TestCategory="Export" />
      </TestCategory>
      <Execution id="917dd9c2-115b-404b-8952-64c9d56ca959" />
      <TestMethod codeBase="D:\actions-runner\_work\XPCO\XPCO\AllSolutions\..\SC\Components\RemoteViewer\SmartClient\tst\zSmartClient_UnitTest\bin\x64\Debug\net6.0-windows\zSmartClient_UnitTest.dll" adapterTypeName="executor://mstestadapter/v2" className="SmartClient_UnitTest.VideoOS.RemoteClient.Plugin.Export.CreateExportDialogViewModelTests" name="CreateExportDialog_ProjectCommentOnlyVisible_WhenSmartClientFormatIsIncluded" />
    </UnitTest>
    <UnitTest name="CameraMapItem_ForceActivateAsync_InBuilding_Success" storage="d:\actions-runner\_work\xpco\xpco\allsolutions\..\sc\components\remoteviewer\smartclient\tst\zsmartclient_unittest\bin\x64\debug\net6.0-windows\zsmartclient_unittest.dll" id="43d61832-991c-baec-6981-658713b1dd1b">
      <TestCategory>
        <TestCategoryItem TestCategory="GisMapMapItem" />
      </TestCategory>
      <Execution id="4be8b11d-0578-4a3d-9a6b-1de39fbb5538" />
      <TestMethod codeBase="D:\actions-runner\_work\XPCO\XPCO\AllSolutions\..\SC\Components\RemoteViewer\SmartClient\tst\zSmartClient_UnitTest\bin\x64\Debug\net6.0-windows\zSmartClient_UnitTest.dll" adapterTypeName="executor://mstestadapter/v2" className="SmartClient_UnitTest.VideoOS.RemoteClient.GisMap.MapItem.MapItemTests" name="CameraMapItem_ForceActivateAsync_InBuilding_Success" />
    </UnitTest>
    <UnitTest name="RightClick_ShouldNotSetContextMenu_WhenHostIsContextMenuAware" storage="d:\actions-runner\_work\xpco\xpco\allsolutions\..\sc\components\remoteviewer\smartclient\tst\zsmartclient_unittest\bin\x64\debug\net6.0-windows\zsmartclient_unittest.dll" id="9b197971-a4a0-f2e7-cf86-c42cab4fc0ac">
      <TestCategory>
        <TestCategoryItem TestCategory="MapItemMarkerBase" />
      </TestCategory>
      <Execution id="1b10bfbc-1908-4f21-8339-b6c347595f8a" />
      <TestMethod codeBase="D:\actions-runner\_work\XPCO\XPCO\AllSolutions\..\SC\Components\RemoteViewer\SmartClient\tst\zSmartClient_UnitTest\bin\x64\Debug\net6.0-windows\zSmartClient_UnitTest.dll" adapterTypeName="executor://mstestadapter/v2" className="SmartClient_UnitTest.VideoOS.RemoteClient.Plugin.GisMap.ThinkGeoMap.Markers.MapItemMarkerBaseTests" name="RightClick_ShouldNotSetContextMenu_WhenHostIsContextMenuAware" />
    </UnitTest>
    <UnitTest name="Constructor_ShouldInitializeProperties_WhenCalled" storage="d:\actions-runner\_work\xpco\xpco\allsolutions\..\sc\components\remoteviewer\smartclient\tst\zsmartclient_unittest\bin\x64\debug\net6.0-windows\zsmartclient_unittest.dll" id="5770b0b5-2a66-8eb2-b129-73ab244ff2c9">
      <TestCategory>
        <TestCategoryItem TestCategory="GisMap.UI.DeviceSelectors.PanelComponents" />
      </TestCategory>
      <Execution id="b3202bc8-2903-4a4d-8317-e8f008d9dcba" />
      <TestMethod codeBase="D:\actions-runner\_work\XPCO\XPCO\AllSolutions\..\SC\Components\RemoteViewer\SmartClient\tst\zSmartClient_UnitTest\bin\x64\Debug\net6.0-windows\zSmartClient_UnitTest.dll" adapterTypeName="executor://mstestadapter/v2" className="SmartClient_UnitTest.VideoOS.RemoteClient.Plugin.GisMap.UI.DeviceSelectors.PanelComponents.DeviceSelectorPanelComponentTests" name="Constructor_ShouldInitializeProperties_WhenCalled" />
    </UnitTest>
    <UnitTest name="DeviceIcons_ShouldNotBeEmpty_WhenCalled" storage="d:\actions-runner\_work\xpco\xpco\allsolutions\..\sc\components\remoteviewer\smartclient\tst\zsmartclient_unittest\bin\x64\debug\net6.0-windows\zsmartclient_unittest.dll" id="880da315-51a5-facb-4f5d-0ceb4daad608">
      <TestCategory>
        <TestCategoryItem TestCategory="GisMapData.OutputOemResourcesProviderTests" />
      </TestCategory>
      <Execution id="0e3472f6-3fe9-4c91-a31b-66706c4a9dc2" />
      <TestMethod codeBase="D:\actions-runner\_work\XPCO\XPCO\AllSolutions\..\SC\Components\RemoteViewer\SmartClient\tst\zSmartClient_UnitTest\bin\x64\Debug\net6.0-windows\zSmartClient_UnitTest.dll" adapterTypeName="executor://mstestadapter/v2" className="SmartClient_UnitTest.VideoOS.RemoteClient.GisMapData.Resources.OutputOemResourcesProviderTests" name="DeviceIcons_ShouldNotBeEmpty_WhenCalled" />
    </UnitTest>
    <UnitTest name="ListenToMicrophone_ShouldBeCalled_WhenMicrophoneStateChangesToUnmuted" storage="d:\actions-runner\_work\xpco\xpco\allsolutions\..\sc\components\remoteviewer\smartclient\tst\zsmartclient_unittest\bin\x64\debug\net6.0-windows\zsmartclient_unittest.dll" id="a8d5f143-40e9-2f91-37a6-26e5ad4ff867">
      <TestCategory>
        <TestCategoryItem TestCategory="GisMapAudioController" />
      </TestCategory>
      <Execution id="5bf7aae4-8df5-4d90-a494-55dc1d48d170" />
      <TestMethod codeBase="D:\actions-runner\_work\XPCO\XPCO\AllSolutions\..\SC\Components\RemoteViewer\SmartClient\tst\zSmartClient_UnitTest\bin\x64\Debug\net6.0-windows\zSmartClient_UnitTest.dll" adapterTypeName="executor://mstestadapter/v2" className="SmartClient_UnitTest.VideoOS.RemoteClient.GisMapData.GisMapAudioControllerTests" name="ListenToMicrophone_ShouldBeCalled_WhenMicrophoneStateChangesToUnmuted" />
    </UnitTest>
    <UnitTest name="SupportsDoubleClick_ShouldBeTrue_WhenInteractionStateIsNormal" storage="d:\actions-runner\_work\xpco\xpco\allsolutions\..\sc\components\remoteviewer\smartclient\tst\zsmartclient_unittest\bin\x64\debug\net6.0-windows\zsmartclient_unittest.dll" id="400c5eaf-48ad-3c64-9e1d-3969836d1b6d">
      <TestCategory>
        <TestCategoryItem TestCategory="GisMap.MicrophoneMarkerTest" />
      </TestCategory>
      <Execution id="693369f8-65ef-47b8-9159-5bb585740747" />
      <TestMethod codeBase="D:\actions-runner\_work\XPCO\XPCO\AllSolutions\..\SC\Components\RemoteViewer\SmartClient\tst\zSmartClient_UnitTest\bin\x64\Debug\net6.0-windows\zSmartClient_UnitTest.dll" adapterTypeName="executor://mstestadapter/v2" className="SmartClient_UnitTest.VideoOS.RemoteClient.Plugin.GisMap.ThinkGeoMap.Markers.DeviceMarkers.MicrophoneMarker.MicrophoneMarkerTests" name="SupportsDoubleClick_ShouldBeTrue_WhenInteractionStateIsNormal" />
    </UnitTest>
    <UnitTest name="TestForAssemblyCoverage" storage="d:\actions-runner\_work\xpco\xpco\allsolutions\..\sc\components\remoteviewer\smartclient\tst\zsmartclient_unittest\bin\x64\debug\net6.0-windows\zsmartclient_unittest.dll" id="1d2a1f8c-9df5-1e11-ff05-9be1bb8085db">
      <Execution id="14c73826-f236-4a03-b264-8f1dbcef9ba8" />
      <TestMethod codeBase="D:\actions-runner\_work\XPCO\XPCO\AllSolutions\..\SC\Components\RemoteViewer\SmartClient\tst\zSmartClient_UnitTest\bin\x64\Debug\net6.0-windows\zSmartClient_UnitTest.dll" adapterTypeName="executor://mstestadapter/v2" className="SmartClient_UnitTest.VideoOS.RemoteClient.MainForm.UnitTest1" name="TestForAssemblyCoverage" />
    </UnitTest>
    <UnitTest name="ClearSelectedCommand_ClearsTheSelectedResults" storage="d:\actions-runner\_work\xpco\xpco\allsolutions\..\sc\components\remoteviewer\smartclient\tst\zsmartclient_unittest\bin\x64\debug\net6.0-windows\zsmartclient_unittest.dll" id="6cf12226-4d60-3448-6119-955749ad1a56">
      <TestCategory>
        <TestCategoryItem TestCategory="SearchResultActionBarViewModel" />
      </TestCategory>
      <Execution id="8278ad69-6686-4e8b-afd5-badde4db4734" />
      <TestMethod codeBase="D:\actions-runner\_work\XPCO\XPCO\AllSolutions\..\SC\Components\RemoteViewer\SmartClient\tst\zSmartClient_UnitTest\bin\x64\Debug\net6.0-windows\zSmartClient_UnitTest.dll" adapterTypeName="executor://mstestadapter/v2" className="SmartClient_UnitTest.VideoOS.RemoteClient.Plugin.CentralizedSearch.ViewModels.SearchResultsActionBarViewModelTest" name="ClearSelectedCommand_ClearsTheSelectedResults" />
    </UnitTest>
    <UnitTest name="SearchEventsAsync_ShouldReturnNull_WhenAccessControlLoginInfoIsNull" storage="d:\actions-runner\_work\xpco\xpco\allsolutions\..\sc\components\remoteviewer\smartclient\tst\zsmartclient_unittest\bin\x64\debug\net6.0-windows\zsmartclient_unittest.dll" id="ecb78db4-fbd8-8b6b-a357-e550309c3c9c">
      <TestCategory>
        <TestCategoryItem TestCategory="AccessControl" />
      </TestCategory>
      <Execution id="fffc9bf1-dc42-4e33-b200-16750682fd1d" />
      <TestMethod codeBase="D:\actions-runner\_work\XPCO\XPCO\AllSolutions\..\SC\Components\RemoteViewer\SmartClient\tst\zSmartClient_UnitTest\bin\x64\Debug\net6.0-windows\zSmartClient_UnitTest.dll" adapterTypeName="executor://mstestadapter/v2" className="SmartClient_UnitTest.VideoOS.RemoteClient.AccessControl.AccessControlManagerCoreTests" name="SearchEventsAsync_ShouldReturnNull_WhenAccessControlLoginInfoIsNull" />
    </UnitTest>
    <UnitTest name="ToDenormalizedDirection_Minus0_5" storage="d:\actions-runner\_work\xpco\xpco\allsolutions\..\sc\components\remoteviewer\smartclient\tst\zsmartclient_unittest\bin\x64\debug\net6.0-windows\zsmartclient_unittest.dll" id="27435069-3b26-ac29-8504-ccee8722f11b">
      <TestCategory>
        <TestCategoryItem TestCategory="GisMap" />
      </TestCategory>
      <Execution id="63751ab5-11ef-4ce9-a0e4-a096444fb766" />
      <TestMethod codeBase="D:\actions-runner\_work\XPCO\XPCO\AllSolutions\..\SC\Components\RemoteViewer\SmartClient\tst\zSmartClient_UnitTest\bin\x64\Debug\net6.0-windows\zSmartClient_UnitTest.dll" adapterTypeName="executor://mstestadapter/v2" className="SmartClient_UnitTest.VideoOS.RemoteClient.GisMap.Utilities.GisUtilityTests" name="ToDenormalizedDirection_Minus0_5" />
    </UnitTest>
    <UnitTest name="DrawCore_ShouldNotDisplayClusterMarkers_WhenClusteringDisabled" storage="d:\actions-runner\_work\xpco\xpco\allsolutions\..\sc\components\remoteviewer\smartclient\tst\zsmartclient_unittest\bin\x64\debug\net6.0-windows\zsmartclient_unittest.dll" id="701dc107-7f79-fab2-b18e-55df056f2ab4">
      <TestCategory>
        <TestCategoryItem TestCategory="SmartMap.MapItemsOverlay" />
      </TestCategory>
      <Execution id="98614cb3-5167-4e99-b2cf-e994fa95f412" />
      <TestMethod codeBase="D:\actions-runner\_work\XPCO\XPCO\AllSolutions\..\SC\Components\RemoteViewer\SmartClient\tst\zSmartClient_UnitTest\bin\x64\Debug\net6.0-windows\zSmartClient_UnitTest.dll" adapterTypeName="executor://mstestadapter/v2" className="SmartClient_UnitTest.VideoOS.RemoteClient.Plugin.GisMap.ThinkGeoMap.SpecializedOverlays.Overlays.MapItemsOverlayTests" name="DrawCore_ShouldNotDisplayClusterMarkers_WhenClusteringDisabled" />
    </UnitTest>
    <UnitTest name="Perform_FirstAction_Success" storage="d:\actions-runner\_work\xpco\xpco\allsolutions\..\sc\components\remoteviewer\smartclient\tst\zsmartclient_unittest\bin\x64\debug\net6.0-windows\zsmartclient_unittest.dll" id="ecf00477-94a3-5251-4140-6240ac1b0b60">
      <TestCategory>
        <TestCategoryItem TestCategory="UI.Facilitators" />
      </TestCategory>
      <Execution id="1172747a-d6bd-4236-b975-6da630c1a1af" />
      <TestMethod codeBase="D:\actions-runner\_work\XPCO\XPCO\AllSolutions\..\SC\Components\RemoteViewer\SmartClient\tst\zSmartClient_UnitTest\bin\x64\Debug\net6.0-windows\zSmartClient_UnitTest.dll" adapterTypeName="executor://mstestadapter/v2" className="SmartClient_UnitTest.VideoOS.UI.Common.EventDrivenBufferWithDelayTests" name="Perform_FirstAction_Success" />
    </UnitTest>
    <UnitTest name="RightButtonUp_ShouldNotChangeActiveInteractionState_WhenInteractionStateIsAddNewDevice" storage="d:\actions-runner\_work\xpco\xpco\allsolutions\..\sc\components\remoteviewer\smartclient\tst\zsmartclient_unittest\bin\x64\debug\net6.0-windows\zsmartclient_unittest.dll" id="dfb5cf56-cecf-f905-a0de-98205eae9749">
      <TestCategory>
        <TestCategoryItem TestCategory="GisMap.MapControl" />
      </TestCategory>
      <Execution id="579b13e4-d380-4126-918b-3e7ed9c065be" />
      <TestMethod codeBase="D:\actions-runner\_work\XPCO\XPCO\AllSolutions\..\SC\Components\RemoteViewer\SmartClient\tst\zSmartClient_UnitTest\bin\x64\Debug\net6.0-windows\zSmartClient_UnitTest.dll" adapterTypeName="executor://mstestadapter/v2" className="SmartClient_UnitTest.VideoOS.RemoteClient.Plugin.GisMap.ThinkGeoMap.ThinkGeoMapControlTests" name="RightButtonUp_ShouldNotChangeActiveInteractionState_WhenInteractionStateIsAddNewDevice" />
    </UnitTest>
    <UnitTest name="ToDenormalizedFieldOfView_0_5" storage="d:\actions-runner\_work\xpco\xpco\allsolutions\..\sc\components\remoteviewer\smartclient\tst\zsmartclient_unittest\bin\x64\debug\net6.0-windows\zsmartclient_unittest.dll" id="53bc71ef-c08f-8372-fdf8-0535984f2d5b">
      <TestCategory>
        <TestCategoryItem TestCategory="GisMap" />
      </TestCategory>
      <Execution id="15b229ca-18c4-4b47-8f9d-8f821e0bb2be" />
      <TestMethod codeBase="D:\actions-runner\_work\XPCO\XPCO\AllSolutions\..\SC\Components\RemoteViewer\SmartClient\tst\zSmartClient_UnitTest\bin\x64\Debug\net6.0-windows\zSmartClient_UnitTest.dll" adapterTypeName="executor://mstestadapter/v2" className="SmartClient_UnitTest.VideoOS.RemoteClient.GisMap.Utilities.GisUtilityTests" name="ToDenormalizedFieldOfView_0_5" />
    </UnitTest>
    <UnitTest name="SearchResultsReady_ShouldReturnAllResults_WhenSearchResultIdsAreUnique" storage="d:\actions-runner\_work\xpco\xpco\allsolutions\..\sc\components\remoteviewer\smartclient\tst\zsmartclient_unittest\bin\x64\debug\net6.0-windows\zsmartclient_unittest.dll" id="7f31e1a8-eb37-a7f7-05cb-b001ed2dcb3c">
      <TestCategory>
        <TestCategoryItem TestCategory="SearchModels" />
      </TestCategory>
      <Execution id="c84573eb-d6d8-41a3-95e7-1f832f32b97b" />
      <TestMethod codeBase="D:\actions-runner\_work\XPCO\XPCO\AllSolutions\..\SC\Components\RemoteViewer\SmartClient\tst\zSmartClient_UnitTest\bin\x64\Debug\net6.0-windows\zSmartClient_UnitTest.dll" adapterTypeName="executor://mstestadapter/v2" className="SmartClient_UnitTest.VideoOS.RemoteClient.Plugin.CentralizedSearch.Models.SearchModelTests" name="SearchResultsReady_ShouldReturnAllResults_WhenSearchResultIdsAreUnique" />
    </UnitTest>
    <UnitTest name="AndOrSearchDefinitionToCornerRadiusMultiConverter_CallConvert_Or" storage="d:\actions-runner\_work\xpco\xpco\allsolutions\..\sc\components\remoteviewer\smartclient\tst\zsmartclient_unittest\bin\x64\debug\net6.0-windows\zsmartclient_unittest.dll" id="c620d01b-a235-adbe-ef3b-c8f7cbb07bda">
      <TestCategory>
        <TestCategoryItem TestCategory="SearchConverter" />
      </TestCategory>
      <Execution id="acf60211-f093-41ba-90ba-99333c6d5bb4" />
      <TestMethod codeBase="D:\actions-runner\_work\XPCO\XPCO\AllSolutions\..\SC\Components\RemoteViewer\SmartClient\tst\zSmartClient_UnitTest\bin\x64\Debug\net6.0-windows\zSmartClient_UnitTest.dll" adapterTypeName="executor://mstestadapter/v2" className="SmartClient_UnitTest.VideoOS.RemoteClient.Plugin.CentralizedSearch.Views.Converters.AndOrSearchDefinitionMultiConverterTests" name="AndOrSearchDefinitionToCornerRadiusMultiConverter_CallConvert_Or" />
    </UnitTest>
    <UnitTest name="CalculateNewExtent_ShouldScaleEvenly_WhenWithinMaxInUpperRight" storage="d:\actions-runner\_work\xpco\xpco\allsolutions\..\sc\components\remoteviewer\smartclient\tst\zsmartclient_unittest\bin\x64\debug\net6.0-windows\zsmartclient_unittest.dll" id="471a9d0c-0431-d46b-1459-094d77836e47">
      <TestCategory>
        <TestCategoryItem TestCategory="MipItemsUpdateStrategy" />
      </TestCategory>
      <Execution id="3a5e8c1f-a358-40b1-bbe7-15357e1d1972" />
      <TestMethod codeBase="D:\actions-runner\_work\XPCO\XPCO\AllSolutions\..\SC\Components\RemoteViewer\SmartClient\tst\zSmartClient_UnitTest\bin\x64\Debug\net6.0-windows\zSmartClient_UnitTest.dll" adapterTypeName="executor://mstestadapter/v2" className="SmartClient_UnitTest.VideoOS.RemoteClient.Plugin.GisMap.MIP.MipItemsUpdateStrategyTests" name="CalculateNewExtent_ShouldScaleEvenly_WhenWithinMaxInUpperRight" />
    </UnitTest>
    <UnitTest name="Deserialize_ShouldIncludeCombineTypeOr_WhenCombineTypeIsOrInXml" storage="d:\actions-runner\_work\xpco\xpco\allsolutions\..\sc\components\remoteviewer\smartclient\tst\zsmartclient_unittest\bin\x64\debug\net6.0-windows\zsmartclient_unittest.dll" id="77328071-fcbe-8814-7b38-9b55da6b9e94">
      <TestCategory>
        <TestCategoryItem TestCategory="SearchSerialization" />
      </TestCategory>
      <Execution id="687ac083-efa1-4f32-9835-5423ab8f1148" />
      <TestMethod codeBase="D:\actions-runner\_work\XPCO\XPCO\AllSolutions\..\SC\Components\RemoteViewer\SmartClient\tst\zSmartClient_UnitTest\bin\x64\Debug\net6.0-windows\zSmartClient_UnitTest.dll" adapterTypeName="executor://mstestadapter/v2" className="SmartClient_UnitTest.VideoOS.RemoteClient.Plugin.CentralizedSearch.Models.Serialization.SearchSerializerTests" name="Deserialize_ShouldIncludeCombineTypeOr_WhenCombineTypeIsOrInXml" />
    </UnitTest>
    <UnitTest name="InputMapItem_ForceActivateAsync_InBuilding_Success" storage="d:\actions-runner\_work\xpco\xpco\allsolutions\..\sc\components\remoteviewer\smartclient\tst\zsmartclient_unittest\bin\x64\debug\net6.0-windows\zsmartclient_unittest.dll" id="66fabd13-f03e-562d-f4ae-a70f6ebf368b">
      <TestCategory>
        <TestCategoryItem TestCategory="GisMapData.MapItem.Inputs" />
      </TestCategory>
      <Execution id="e6e82be9-9763-4399-921b-6da52af47963" />
      <TestMethod codeBase="D:\actions-runner\_work\XPCO\XPCO\AllSolutions\..\SC\Components\RemoteViewer\SmartClient\tst\zSmartClient_UnitTest\bin\x64\Debug\net6.0-windows\zSmartClient_UnitTest.dll" adapterTypeName="executor://mstestadapter/v2" className="SmartClient_UnitTest.VideoOS.RemoteClient.GisMapData.MapItem.Inputs.InputMapItemTests" name="InputMapItem_ForceActivateAsync_InBuilding_Success" />
    </UnitTest>
    <UnitTest name="SearchResultsActionBarActions_CreateSnapshot_InvokeCommand_MultipleSnapshotsSucceeded_CorrectStatusTextShown" storage="d:\actions-runner\_work\xpco\xpco\allsolutions\..\sc\components\remoteviewer\smartclient\tst\zsmartclient_unittest\bin\x64\debug\net6.0-windows\zsmartclient_unittest.dll" id="d2b63634-b2a8-712b-6997-a00fbcbd57df">
      <TestCategory>
        <TestCategoryItem TestCategory="SearchResultActionBarViewModel" />
      </TestCategory>
      <Execution id="30f0da29-b388-454c-b891-4469485e7fa1" />
      <TestMethod codeBase="D:\actions-runner\_work\XPCO\XPCO\AllSolutions\..\SC\Components\RemoteViewer\SmartClient\tst\zSmartClient_UnitTest\bin\x64\Debug\net6.0-windows\zSmartClient_UnitTest.dll" adapterTypeName="executor://mstestadapter/v2" className="SmartClient_UnitTest.VideoOS.RemoteClient.Plugin.CentralizedSearch.ViewModels.SearchResultsActionBarViewModelTest" name="SearchResultsActionBarActions_CreateSnapshot_InvokeCommand_MultipleSnapshotsSucceeded_CorrectStatusTextShown" />
    </UnitTest>
    <UnitTest name="HandleSetLayerFeatures_ShouldRaiseArgumentException_WhenInputKindAndNotInputLayerFeatures" storage="d:\actions-runner\_work\xpco\xpco\allsolutions\..\sc\components\remoteviewer\smartclient\tst\zsmartclient_unittest\bin\x64\debug\net6.0-windows\zsmartclient_unittest.dll" id="ea6b211e-3258-7db9-8b82-11e88b9536ce">
      <TestCategory>
        <TestCategoryItem TestCategory="GisMapData.Handlers.LayerFeatures" />
      </TestCategory>
      <Execution id="46b2e108-6009-4520-91f9-fd6d98701fe8" />
      <TestMethod codeBase="D:\actions-runner\_work\XPCO\XPCO\AllSolutions\..\SC\Components\RemoteViewer\SmartClient\tst\zSmartClient_UnitTest\bin\x64\Debug\net6.0-windows\zSmartClient_UnitTest.dll" adapterTypeName="executor://mstestadapter/v2" className="SmartClient_UnitTest.VideoOS.RemoteClient.GisMapData.Handlers.LayerFeatures.InputLayerFeaturesHandlerTests" name="HandleSetLayerFeatures_ShouldRaiseArgumentException_WhenInputKindAndNotInputLayerFeatures" />
    </UnitTest>
    <UnitTest name="ShowAccessControlSystems_ShouldReturnTrue_WhenTwoACSystemsAvailable" storage="d:\actions-runner\_work\xpco\xpco\allsolutions\..\sc\components\remoteviewer\smartclient\tst\zsmartclient_unittest\bin\x64\debug\net6.0-windows\zsmartclient_unittest.dll" id="2393804e-4c64-30b5-d8f4-67c3cee41ca1">
      <Execution id="f7cf4962-e151-4759-b232-6b477dcfa924" />
      <TestMethod codeBase="D:\actions-runner\_work\XPCO\XPCO\AllSolutions\..\SC\Components\RemoteViewer\SmartClient\tst\zSmartClient_UnitTest\bin\x64\Debug\net6.0-windows\zSmartClient_UnitTest.dll" adapterTypeName="executor://mstestadapter/v2" className="SmartClient_UnitTest.VideoOS.RemoteClient.AccessControl.ViewModel.CardholdersTabViewModelTests" name="ShowAccessControlSystems_ShouldReturnTrue_WhenTwoACSystemsAvailable" />
    </UnitTest>
    <UnitTest name="UserInfoDto_ShouldYieldSameValues_WhenRoundTripConverted" storage="d:\actions-runner\_work\xpco\xpco\allsolutions\..\sc\components\remoteviewer\smartclient\tst\zsmartclient_unittest\bin\x64\debug\net6.0-windows\zsmartclient_unittest.dll" id="a721bda0-d060-fd7b-5877-e579358eb55b">
      <TestCategory>
        <TestCategoryItem TestCategory="RecorderProxyToDtoMapping" />
      </TestCategory>
      <Execution id="7170fca8-d718-45f2-bb36-21503ac91754" />
      <TestMethod codeBase="D:\actions-runner\_work\XPCO\XPCO\AllSolutions\..\SC\Components\RemoteViewer\SmartClient\tst\zSmartClient_UnitTest\bin\x64\Debug\net6.0-windows\zSmartClient_UnitTest.dll" adapterTypeName="executor://mstestadapter/v2" className="VideoOS.Shared.ServerAPI.SOAP.RecorderClientMappingTests" name="UserInfoDto_ShouldYieldSameValues_WhenRoundTripConverted" />
    </UnitTest>
    <UnitTest name="Ctor_NullPassedToNotNullParameters_Failure" storage="d:\actions-runner\_work\xpco\xpco\allsolutions\..\sc\components\remoteviewer\smartclient\tst\zsmartclient_unittest\bin\x64\debug\net6.0-windows\zsmartclient_unittest.dll" id="66234323-7949-a946-9adf-97375c9fed0b">
      <TestCategory>
        <TestCategoryItem TestCategory="SearchResultViewModels" />
      </TestCategory>
      <Execution id="a0a2dcd2-d66a-4fbd-a4ae-35e3de12b1b7" />
      <TestMethod codeBase="D:\actions-runner\_work\XPCO\XPCO\AllSolutions\..\SC\Components\RemoteViewer\SmartClient\tst\zSmartClient_UnitTest\bin\x64\Debug\net6.0-windows\zSmartClient_UnitTest.dll" adapterTypeName="executor://mstestadapter/v2" className="SmartClient_UnitTest.VideoOS.RemoteClient.Plugin.CentralizedSearch.ViewModels.SearchResultsViewModelTest" name="Ctor_NullPassedToNotNullParameters_Failure" />
    </UnitTest>
    <UnitTest name="SignUrl_WhereSignatureIsNull_ThrowException" storage="d:\actions-runner\_work\xpco\xpco\allsolutions\..\sc\components\remoteviewer\smartclient\tst\zsmartclient_unittest\bin\x64\debug\net6.0-windows\zsmartclient_unittest.dll" id="8f5491df-5fca-1dbe-cd17-6a2db5019ce9">
      <Execution id="48a85b04-e21c-40fb-ab78-d8824731a3d8" />
      <TestMethod codeBase="D:\actions-runner\_work\XPCO\XPCO\AllSolutions\..\SC\Components\RemoteViewer\SmartClient\tst\zSmartClient_UnitTest\bin\x64\Debug\net6.0-windows\zSmartClient_UnitTest.dll" adapterTypeName="executor://mstestadapter/v2" className="SmartClient_UnitTest.VideoOS.RemoteClient.Plugin.GisMap.Utilities.GoogleApiUrlTest" name="SignUrl_WhereSignatureIsNull_ThrowException" />
    </UnitTest>
    <UnitTest name="SmartMapGoToPositionHandler_WhenLongitudeIsInvalid_ShouldWriteToLog" storage="d:\actions-runner\_work\xpco\xpco\allsolutions\..\sc\components\remoteviewer\smartclient\tst\zsmartclient_unittest\bin\x64\debug\net6.0-windows\zsmartclient_unittest.dll" id="6fb4919f-9275-fa65-8704-748d9ebfe4e0">
      <Execution id="a4772415-dd81-40e3-96ce-45c4fdb270a4" />
      <TestMethod codeBase="D:\actions-runner\_work\XPCO\XPCO\AllSolutions\..\SC\Components\RemoteViewer\SmartClient\tst\zSmartClient_UnitTest\bin\x64\Debug\net6.0-windows\zSmartClient_UnitTest.dll" adapterTypeName="executor://mstestadapter/v2" className="SmartClient_UnitTest.VideoOS.RemoteClient.Plugin.GisMap.MIP.ContentHolderMipMessageManagerTests" name="SmartMapGoToPositionHandler_WhenLongitudeIsInvalid_ShouldWriteToLog" />
    </UnitTest>
    <UnitTest name="CameraMapItem_ForceActivateAsync_NotInBuilding_Success" storage="d:\actions-runner\_work\xpco\xpco\allsolutions\..\sc\components\remoteviewer\smartclient\tst\zsmartclient_unittest\bin\x64\debug\net6.0-windows\zsmartclient_unittest.dll" id="d4872f30-d2e7-fc1d-f456-df3197080a48">
      <TestCategory>
        <TestCategoryItem TestCategory="GisMapMapItem" />
      </TestCategory>
      <Execution id="44bb8f02-aac1-4d7e-b66f-f040a87f4068" />
      <TestMethod codeBase="D:\actions-runner\_work\XPCO\XPCO\AllSolutions\..\SC\Components\RemoteViewer\SmartClient\tst\zSmartClient_UnitTest\bin\x64\Debug\net6.0-windows\zSmartClient_UnitTest.dll" adapterTypeName="executor://mstestadapter/v2" className="SmartClient_UnitTest.VideoOS.RemoteClient.GisMap.MapItem.MapItemTests" name="CameraMapItem_ForceActivateAsync_NotInBuilding_Success" />
    </UnitTest>
    <UnitTest name="Related_device_with_no_create_rights_not_added_when_in_edit_mode" storage="d:\actions-runner\_work\xpco\xpco\allsolutions\..\sc\components\remoteviewer\smartclient\tst\zsmartclient_unittest\bin\x64\debug\net6.0-windows\zsmartclient_unittest.dll" id="368cb1e4-cb3a-71e3-96c7-b85f55f12c0c">
      <Execution id="9d87a589-dcbb-4555-8b1c-3acdfc4b3307" />
      <TestMethod codeBase="D:\actions-runner\_work\XPCO\XPCO\AllSolutions\..\SC\Components\RemoteViewer\SmartClient\tst\zSmartClient_UnitTest\bin\x64\Debug\net6.0-windows\zSmartClient_UnitTest.dll" adapterTypeName="executor://mstestadapter/v2" className="SmartClient_UnitTest.VideoOS.RemoteClient.Application.Components.EvidenceLock.EvidenceLockRelatedDeviceRightsTests" name="Related_device_with_no_create_rights_not_added_when_in_edit_mode" />
    </UnitTest>
    <UnitTest name="Dispose_ClusterMarkersNotDisposed_WhenMarkerMovedToCache" storage="d:\actions-runner\_work\xpco\xpco\allsolutions\..\sc\components\remoteviewer\smartclient\tst\zsmartclient_unittest\bin\x64\debug\net6.0-windows\zsmartclient_unittest.dll" id="a2585aed-0f0c-4b5a-b559-bb2fb6af779c">
      <TestCategory>
        <TestCategoryItem TestCategory="SmartMap.MapItemsOverlay" />
      </TestCategory>
      <Execution id="9d3a7a93-1238-4b3a-be5e-6e880a9a91d1" />
      <TestMethod codeBase="D:\actions-runner\_work\XPCO\XPCO\AllSolutions\..\SC\Components\RemoteViewer\SmartClient\tst\zSmartClient_UnitTest\bin\x64\Debug\net6.0-windows\zSmartClient_UnitTest.dll" adapterTypeName="executor://mstestadapter/v2" className="SmartClient_UnitTest.VideoOS.RemoteClient.Plugin.GisMap.ThinkGeoMap.SpecializedOverlays.Overlays.MapItemsOverlayTests" name="Dispose_ClusterMarkersNotDisposed_WhenMarkerMovedToCache" />
    </UnitTest>
    <UnitTest name="PatrollingProfileListViewModel_DeleteProfileCommand" storage="d:\actions-runner\_work\xpco\xpco\allsolutions\..\sc\components\remoteviewer\smartclient\tst\zsmartclient_unittest\bin\x64\debug\net6.0-windows\zsmartclient_unittest.dll" id="51482505-ca37-9cd6-7636-ffa697390b81">
      <Execution id="342de468-924e-4be4-8198-ddb56230780a" />
      <TestMethod codeBase="D:\actions-runner\_work\XPCO\XPCO\AllSolutions\..\SC\Components\RemoteViewer\SmartClient\tst\zSmartClient_UnitTest\bin\x64\Debug\net6.0-windows\zSmartClient_UnitTest.dll" adapterTypeName="executor://mstestadapter/v2" className="SmartClient_UnitTest.VideoOS.RemoteClient.Application.UI.PtzPreset.PatrollingViewModel.PatrollingProfileListViewModelTest" name="PatrollingProfileListViewModel_DeleteProfileCommand" />
    </UnitTest>
    <UnitTest name="RequiredGuidProviderStrategies_ShouldHaveOneMd5Strategy_WhenEventServerIdsAreNonFipsCompliant" storage="d:\actions-runner\_work\xpco\xpco\allsolutions\..\sc\components\remoteviewer\smartclient\tst\zsmartclient_unittest\bin\x64\debug\net6.0-windows\zsmartclient_unittest.dll" id="da008dea-21a3-bbc8-6446-27067c0278d2">
      <TestCategory>
        <TestCategoryItem TestCategory="AccessControl.Services" />
      </TestCategory>
      <Execution id="ccc6f0f4-0fd3-4e22-bdef-733c962a74db" />
      <TestMethod codeBase="D:\actions-runner\_work\XPCO\XPCO\AllSolutions\..\SC\Components\RemoteViewer\SmartClient\tst\zSmartClient_UnitTest\bin\x64\Debug\net6.0-windows\zSmartClient_UnitTest.dll" adapterTypeName="executor://mstestadapter/v2" className="SmartClient_UnitTest.VideoOS.RemoteClient.AccessControl.Services.AccessControlGuidProviderTests" name="RequiredGuidProviderStrategies_ShouldHaveOneMd5Strategy_WhenEventServerIdsAreNonFipsCompliant" />
    </UnitTest>
    <UnitTest name="Decorate_ShouldRaiseMissingMethodException_WhenDecoratorUsesLayerVisibilityItemData" storage="d:\actions-runner\_work\xpco\xpco\allsolutions\..\sc\components\remoteviewer\smartclient\tst\zsmartclient_unittest\bin\x64\debug\net6.0-windows\zsmartclient_unittest.dll" id="22f57bdb-c5ee-b53f-99a9-02334618ffe6">
      <TestCategory>
        <TestCategoryItem TestCategory="GisMap.LayerVisibilityItemDataChildrenToggleItemDecoratorTests" />
      </TestCategory>
      <Execution id="c8536a2b-5617-487e-b868-c82fe7ebc5fd" />
      <TestMethod codeBase="D:\actions-runner\_work\XPCO\XPCO\AllSolutions\..\SC\Components\RemoteViewer\SmartClient\tst\zSmartClient_UnitTest\bin\x64\Debug\net6.0-windows\zSmartClient_UnitTest.dll" adapterTypeName="executor://mstestadapter/v2" className="SmartClient_UnitTest.VideoOS.RemoteClient.Plugin.GisMap.ViewModels.LayersVisibility.Decorators.LayerVisibilityItemDataChildrenToggleItemDecoratorTests" name="Decorate_ShouldRaiseMissingMethodException_WhenDecoratorUsesLayerVisibilityItemData" />
    </UnitTest>
    <UnitTest name="RemoveCameraTest" storage="d:\actions-runner\_work\xpco\xpco\allsolutions\..\sc\components\remoteviewer\smartclient\tst\zsmartclient_unittest\bin\x64\debug\net6.0-windows\zsmartclient_unittest.dll" id="2ed74c97-cc2b-13bf-aac4-2247c3b9fbc5">
      <Execution id="39b3c307-8ad3-48e1-a401-f6b15e64326e" />
      <TestMethod codeBase="D:\actions-runner\_work\XPCO\XPCO\AllSolutions\..\SC\Components\RemoteViewer\SmartClient\tst\zSmartClient_UnitTest\bin\x64\Debug\net6.0-windows\zSmartClient_UnitTest.dll" adapterTypeName="executor://mstestadapter/v2" className="SmartClient_UnitTest.VideoOS.Shared.ServerAPI.IServerConfigurationTest" name="RemoveCameraTest" />
    </UnitTest>
    <UnitTest name="FetchDeviceConfiguration_ShouldLoadFromServer_WhenCacheFileIsNotPresentAndFetchTypeIsOnlyCache" storage="d:\actions-runner\_work\xpco\xpco\allsolutions\..\sc\components\remoteviewer\smartclient\tst\zsmartclient_unittest\bin\x64\debug\net6.0-windows\zsmartclient_unittest.dll" id="6d978bab-aad4-7287-6436-c0f917b175ca">
      <Execution id="64d80528-ea5e-4ff5-8536-f06f8325c1db" />
      <TestMethod codeBase="D:\actions-runner\_work\XPCO\XPCO\AllSolutions\..\SC\Components\RemoteViewer\SmartClient\tst\zSmartClient_UnitTest\bin\x64\Debug\net6.0-windows\zSmartClient_UnitTest.dll" adapterTypeName="executor://mstestadapter/v2" className="SmartClient_UnitTest.VideoOS.RemoteClient.Application.Controllers.Helpers.DeviceConfigurationFetcherTests" name="FetchDeviceConfiguration_ShouldLoadFromServer_WhenCacheFileIsNotPresentAndFetchTypeIsOnlyCache" />
    </UnitTest>
    <UnitTest name="GetIsOpenStreetMapValid_ShouldReturnTrue_WhenGeographicLayerIsAvailableAndAlternativeServerIsEmpty" storage="d:\actions-runner\_work\xpco\xpco\allsolutions\..\sc\components\remoteviewer\smartclient\tst\zsmartclient_unittest\bin\x64\debug\net6.0-windows\zsmartclient_unittest.dll" id="336b8482-3bf7-7f8c-61fa-1897c8b88bb6">
      <TestCategory>
        <TestCategoryItem TestCategory="GisMapData.Controllers.Osm" />
      </TestCategory>
      <Execution id="09cbef76-c33a-44db-9df7-e7d881ed4404" />
      <TestMethod codeBase="D:\actions-runner\_work\XPCO\XPCO\AllSolutions\..\SC\Components\RemoteViewer\SmartClient\tst\zSmartClient_UnitTest\bin\x64\Debug\net6.0-windows\zSmartClient_UnitTest.dll" adapterTypeName="executor://mstestadapter/v2" className="SmartClient_UnitTest.VideoOS.RemoteClient.GisMapData.Controllers.Osm.GisMapOsmControllerTests" name="GetIsOpenStreetMapValid_ShouldReturnTrue_WhenGeographicLayerIsAvailableAndAlternativeServerIsEmpty" />
    </UnitTest>
    <UnitTest name="ValidateExportFormats_VideoClipFormat_ShouldReturnFailResult_PrePostTextsRequired" storage="d:\actions-runner\_work\xpco\xpco\allsolutions\..\sc\components\remoteviewer\smartclient\tst\zsmartclient_unittest\bin\x64\debug\net6.0-windows\zsmartclient_unittest.dll" id="e9db157d-7d85-2810-0c2d-91345491fde3">
      <TestCategory>
        <TestCategoryItem TestCategory="Export" />
      </TestCategory>
      <Execution id="96141c37-077c-42b3-be78-980edc812cff" />
      <TestMethod codeBase="D:\actions-runner\_work\XPCO\XPCO\AllSolutions\..\SC\Components\RemoteViewer\SmartClient\tst\zSmartClient_UnitTest\bin\x64\Debug\net6.0-windows\zSmartClient_UnitTest.dll" adapterTypeName="executor://mstestadapter/v2" className="SmartClient_UnitTest.VideoOS.RemoteClient.Plugin.Export.ExportDataValidatorTests" name="ValidateExportFormats_VideoClipFormat_ShouldReturnFailResult_PrePostTextsRequired" />
    </UnitTest>
    <UnitTest name="GetOsmServerAddress_ShouldReturnAlternativeServerValue_WhenGeographicLayerIsUnavailable" storage="d:\actions-runner\_work\xpco\xpco\allsolutions\..\sc\components\remoteviewer\smartclient\tst\zsmartclient_unittest\bin\x64\debug\net6.0-windows\zsmartclient_unittest.dll" id="738cbe03-e159-a418-8d3e-aaea3bd6f9f5">
      <TestCategory>
        <TestCategoryItem TestCategory="GisMapData.Controllers.Osm" />
      </TestCategory>
      <Execution id="3f8339f9-fc5f-4bd9-80cb-d8515296d71b" />
      <TestMethod codeBase="D:\actions-runner\_work\XPCO\XPCO\AllSolutions\..\SC\Components\RemoteViewer\SmartClient\tst\zSmartClient_UnitTest\bin\x64\Debug\net6.0-windows\zSmartClient_UnitTest.dll" adapterTypeName="executor://mstestadapter/v2" className="SmartClient_UnitTest.VideoOS.RemoteClient.GisMapData.Controllers.Osm.GisMapOsmControllerTests" name="GetOsmServerAddress_ShouldReturnAlternativeServerValue_WhenGeographicLayerIsUnavailable" />
    </UnitTest>
    <UnitTest name="ReorderLevels12to21_Success" storage="d:\actions-runner\_work\xpco\xpco\allsolutions\..\sc\components\remoteviewer\smartclient\tst\zsmartclient_unittest\bin\x64\debug\net6.0-windows\zsmartclient_unittest.dll" id="e76554b4-34ba-70cf-dfc9-f4d63f94ac41">
      <TestCategory>
        <TestCategoryItem TestCategory="GisMapBuilding" />
      </TestCategory>
      <Execution id="ab94eae5-d6e7-439b-b2c7-8130833fed2b" />
      <TestMethod codeBase="D:\actions-runner\_work\XPCO\XPCO\AllSolutions\..\SC\Components\RemoteViewer\SmartClient\tst\zSmartClient_UnitTest\bin\x64\Debug\net6.0-windows\zSmartClient_UnitTest.dll" adapterTypeName="executor://mstestadapter/v2" className="SmartClient_UnitTest.VideoOS.RemoteClient.GisMap.MapBuildingTests" name="ReorderLevels12to21_Success" />
    </UnitTest>
    <UnitTest name="MicrophoneIconStates_ShouldReturnMicrophoneIconStatesInAProperOrder_WhenCalled" storage="d:\actions-runner\_work\xpco\xpco\allsolutions\..\sc\components\remoteviewer\smartclient\tst\zsmartclient_unittest\bin\x64\debug\net6.0-windows\zsmartclient_unittest.dll" id="cb1d8729-ed7e-3666-4cf6-433514c9d9a6">
      <TestCategory>
        <TestCategoryItem TestCategory="GisMapData.MicrophoneOemResourcesProviderTests" />
      </TestCategory>
      <Execution id="3e22cbd9-9fda-438c-8868-9177f9ab24e3" />
      <TestMethod codeBase="D:\actions-runner\_work\XPCO\XPCO\AllSolutions\..\SC\Components\RemoteViewer\SmartClient\tst\zSmartClient_UnitTest\bin\x64\Debug\net6.0-windows\zSmartClient_UnitTest.dll" adapterTypeName="executor://mstestadapter/v2" className="SmartClient_UnitTest.VideoOS.RemoteClient.GisMapData.Resources.MicrophoneOemResourcesProviderTests" name="MicrophoneIconStates_ShouldReturnMicrophoneIconStatesInAProperOrder_WhenCalled" />
    </UnitTest>
    <UnitTest name="IsBackButtonVisible_MappedToViewModel_Success" storage="d:\actions-runner\_work\xpco\xpco\allsolutions\..\sc\components\remoteviewer\smartclient\tst\zsmartclient_unittest\bin\x64\debug\net6.0-windows\zsmartclient_unittest.dll" id="a6949d64-370a-8be7-7bab-9ebfeb9ac327">
      <TestCategory>
        <TestCategoryItem TestCategory="GisMap.GisMapViewFacade" />
      </TestCategory>
      <Execution id="f36f1eae-4a2a-439a-9808-01cfb54696d9" />
      <TestMethod codeBase="D:\actions-runner\_work\XPCO\XPCO\AllSolutions\..\SC\Components\RemoteViewer\SmartClient\tst\zSmartClient_UnitTest\bin\x64\Debug\net6.0-windows\zSmartClient_UnitTest.dll" adapterTypeName="executor://mstestadapter/v2" className="SmartClient_UnitTest.VideoOS.RemoteClient.Plugin.GisMap.IoC.GisMapViewFacadeTests" name="IsBackButtonVisible_MappedToViewModel_Success" />
    </UnitTest>
    <UnitTest name="LoadBoundingShapes_RectangleShape_AddedToUIAndSizedCorrectly" storage="d:\actions-runner\_work\xpco\xpco\allsolutions\..\sc\components\remoteviewer\smartclient\tst\zsmartclient_unittest\bin\x64\debug\net6.0-windows\zsmartclient_unittest.dll" id="d4781dc2-7c6c-059d-3535-c27ddbecee56">
      <Execution id="f46df576-467c-4a7f-a5b2-613d5b0d1ec8" />
      <TestMethod codeBase="D:\actions-runner\_work\XPCO\XPCO\AllSolutions\..\SC\Components\RemoteViewer\SmartClient\tst\zSmartClient_UnitTest\bin\x64\Debug\net6.0-windows\zSmartClient_UnitTest.dll" adapterTypeName="executor://mstestadapter/v2" className="SmartClient_UnitTest.VideoOS.RemoteClient.Plugin.CentralizedSearch.MIPPlugin.Results.VideoSearchResultUserControlTests" name="LoadBoundingShapes_RectangleShape_AddedToUIAndSizedCorrectly" />
    </UnitTest>
    <UnitTest name="Passwords are not the same, higher length" storage="d:\actions-runner\_work\xpco\xpco\allsolutions\..\sc\components\remoteviewer\smartclient\tst\zsmartclient_unittest\bin\x64\debug\net6.0-windows\zsmartclient_unittest.dll" id="9fa629a2-e4bd-6a24-d824-4e64356e274f">
      <TestCategory>
        <TestCategoryItem TestCategory="Export" />
      </TestCategory>
      <Execution id="ae66e331-23cd-4ca1-8d5d-1c61c1ec690b" />
      <TestMethod codeBase="D:\actions-runner\_work\XPCO\XPCO\AllSolutions\..\SC\Components\RemoteViewer\SmartClient\tst\zSmartClient_UnitTest\bin\x64\Debug\net6.0-windows\zSmartClient_UnitTest.dll" adapterTypeName="executor://mstestadapter/v2" className="SmartClient_UnitTest.VideoOS.RemoteClient.Plugin.Export.PasswordDialogViewModelTests" name="SettingPassword1AndPassword2_ShouldSetIsPassword2Valid" />
    </UnitTest>
    <UnitTest name="Custom, forced" storage="d:\actions-runner\_work\xpco\xpco\allsolutions\..\sc\components\remoteviewer\smartclient\tst\zsmartclient_unittest\bin\x64\debug\net6.0-windows\zsmartclient_unittest.dll" id="52626f5f-39de-9b23-4fa0-8fc2ec03293a">
      <TestCategory>
        <TestCategoryItem TestCategory="Export" />
      </TestCategory>
      <Execution id="e90b6070-384b-4066-b9c1-1447a039f167" />
      <TestMethod codeBase="D:\actions-runner\_work\XPCO\XPCO\AllSolutions\..\SC\Components\RemoteViewer\SmartClient\tst\zSmartClient_UnitTest\bin\x64\Debug\net6.0-windows\zSmartClient_UnitTest.dll" adapterTypeName="executor://mstestadapter/v2" className="SmartClient_UnitTest.VideoOS.RemoteClient.Plugin.Export.CreateExportDialogViewModelTests" name="CreateExportDialog_ExportPathCanBeModified_BasedOnOptions" />
    </UnitTest>
    <UnitTest name="RemoveDefinition_UnknownDefinition_NoChange" storage="d:\actions-runner\_work\xpco\xpco\allsolutions\..\sc\components\remoteviewer\smartclient\tst\zsmartclient_unittest\bin\x64\debug\net6.0-windows\zsmartclient_unittest.dll" id="d4e46870-eb38-895f-fa8d-62938fc8e119">
      <TestCategory>
        <TestCategoryItem TestCategory="SearchModels" />
      </TestCategory>
      <Execution id="0ccceb50-954f-4d4e-958b-8bab053a2698" />
      <TestMethod codeBase="D:\actions-runner\_work\XPCO\XPCO\AllSolutions\..\SC\Components\RemoteViewer\SmartClient\tst\zSmartClient_UnitTest\bin\x64\Debug\net6.0-windows\zSmartClient_UnitTest.dll" adapterTypeName="executor://mstestadapter/v2" className="SmartClient_UnitTest.VideoOS.RemoteClient.Plugin.CentralizedSearch.Models.SearchModelTests" name="RemoveDefinition_UnknownDefinition_NoChange" />
    </UnitTest>
    <UnitTest name="SelectOptions_ShouldNotChangeSelectedComponent_WhenGivenOptionGroupWithNoCorrelatedComponent" storage="d:\actions-runner\_work\xpco\xpco\allsolutions\..\sc\components\remoteviewer\smartclient\tst\zsmartclient_unittest\bin\x64\debug\net6.0-windows\zsmartclient_unittest.dll" id="5cd4b702-56a3-e460-79f3-24a1a68869f7">
      <Execution id="c9aa6840-2163-4eac-b6c9-174107c1506d" />
      <TestMethod codeBase="D:\actions-runner\_work\XPCO\XPCO\AllSolutions\..\SC\Components\RemoteViewer\SmartClient\tst\zSmartClient_UnitTest\bin\x64\Debug\net6.0-windows\zSmartClient_UnitTest.dll" adapterTypeName="executor://mstestadapter/v2" className="SmartClient_UnitTest.VideoOS.RemoteClient.Application.UI.Settings.SettingsDialogViewModelTests" name="SelectOptions_ShouldNotChangeSelectedComponent_WhenGivenOptionGroupWithNoCorrelatedComponent" />
    </UnitTest>
    <UnitTest name="PtzSessionControllerInfoConstructorTest_From_PtzSessionInfo_Idle_User" storage="d:\actions-runner\_work\xpco\xpco\allsolutions\..\sc\components\remoteviewer\smartclient\tst\zsmartclient_unittest\bin\x64\debug\net6.0-windows\zsmartclient_unittest.dll" id="e321a84a-46d6-5a10-48a6-04d6f541eeb1">
      <Execution id="99dd2ac2-6df8-41aa-88c9-b3b0d938ff86" />
      <TestMethod codeBase="D:\actions-runner\_work\XPCO\XPCO\AllSolutions\..\SC\Components\RemoteViewer\SmartClient\tst\zSmartClient_UnitTest\bin\x64\Debug\net6.0-windows\zSmartClient_UnitTest.dll" adapterTypeName="executor://mstestadapter/v2" className="VideoOS.RemoteClient.Application.Controllers.UnitTest.PtzSessionControllerTest" name="PtzSessionControllerInfoConstructorTest_From_PtzSessionInfo_Idle_User" />
    </UnitTest>
    <UnitTest name="GetProductDisplayVersion_ShouldReturnDefault_WhenSmartClientVersionIsNull" storage="d:\actions-runner\_work\xpco\xpco\allsolutions\..\sc\components\remoteviewer\smartclient\tst\zsmartclient_unittest\bin\x64\debug\net6.0-windows\zsmartclient_unittest.dll" id="a68fe85a-0571-5cf5-4ec4-cc94366f30ee">
      <Execution id="2ad53e97-716d-4de2-a3ad-3983c8de82d6" />
      <TestMethod codeBase="D:\actions-runner\_work\XPCO\XPCO\AllSolutions\..\SC\Components\RemoteViewer\SmartClient\tst\zSmartClient_UnitTest\bin\x64\Debug\net6.0-windows\zSmartClient_UnitTest.dll" adapterTypeName="executor://mstestadapter/v2" className="SmartClient_UnitTest.VideoOS.RemoteClient.Application.Common.Telemetry.SCTelemetrySpecificsTests" name="GetProductDisplayVersion_ShouldReturnDefault_WhenSmartClientVersionIsNull" />
    </UnitTest>
    <UnitTest name="CanMoreRegionsBeAdded_ShouldReturnTrue_WhenMaximumRegionsAllowedIsNotReached" storage="d:\actions-runner\_work\xpco\xpco\allsolutions\..\sc\components\remoteviewer\smartclient\tst\zsmartclient_unittest\bin\x64\debug\net6.0-windows\zsmartclient_unittest.dll" id="2be8ff91-530a-56da-c98c-d25f9ef28970">
      <TestCategory>
        <TestCategoryItem TestCategory="Search.Filters.ViewModels" />
      </TestCategory>
      <Execution id="8f945246-59ea-472a-a5ec-05766fbea1bd" />
      <TestMethod codeBase="D:\actions-runner\_work\XPCO\XPCO\AllSolutions\..\SC\Components\RemoteViewer\SmartClient\tst\zSmartClient_UnitTest\bin\x64\Debug\net6.0-windows\zSmartClient_UnitTest.dll" adapterTypeName="executor://mstestadapter/v2" className="SmartClient_UnitTest.VideoOS.RemoteClient.Plugin.CentralizedSearch.MIPPlugin.Criteria.ViewModels.RegionSelectionCameraListItemHelperTests" name="CanMoreRegionsBeAdded_ShouldReturnTrue_WhenMaximumRegionsAllowedIsNotReached" />
    </UnitTest>
    <UnitTest name="SearchDefinitionSearchLogic_ValidateBehaviour" storage="d:\actions-runner\_work\xpco\xpco\allsolutions\..\sc\components\remoteviewer\smartclient\tst\zsmartclient_unittest\bin\x64\debug\net6.0-windows\zsmartclient_unittest.dll" id="93642e15-5690-c906-3db0-8d1d5502773a">
      <TestCategory>
        <TestCategoryItem TestCategory="SearchModels" />
      </TestCategory>
      <Execution id="b01015f5-4818-4821-9156-b85660b2ad1f" />
      <TestMethod codeBase="D:\actions-runner\_work\XPCO\XPCO\AllSolutions\..\SC\Components\RemoteViewer\SmartClient\tst\zSmartClient_UnitTest\bin\x64\Debug\net6.0-windows\zSmartClient_UnitTest.dll" adapterTypeName="executor://mstestadapter/v2" className="SmartClient_UnitTest.VideoOS.RemoteClient.Plugin.CentralizedSearch.Models.SearchModelTests" name="SearchDefinitionSearchLogic_ValidateBehaviour" />
    </UnitTest>
    <UnitTest name="ShouldCameraListItemBeEnabledForCamera_ShouldReturnTrue" storage="d:\actions-runner\_work\xpco\xpco\allsolutions\..\sc\components\remoteviewer\smartclient\tst\zsmartclient_unittest\bin\x64\debug\net6.0-windows\zsmartclient_unittest.dll" id="c179356e-fb95-bde9-7e42-099773116f5f">
      <TestCategory>
        <TestCategoryItem TestCategory="Search.Filters.ViewModels" />
      </TestCategory>
      <Execution id="9b168739-a1a7-44f0-931b-4c487f95db24" />
      <TestMethod codeBase="D:\actions-runner\_work\XPCO\XPCO\AllSolutions\..\SC\Components\RemoteViewer\SmartClient\tst\zSmartClient_UnitTest\bin\x64\Debug\net6.0-windows\zSmartClient_UnitTest.dll" adapterTypeName="executor://mstestadapter/v2" className="SmartClient_UnitTest.VideoOS.RemoteClient.Plugin.CentralizedSearch.MIPPlugin.Criteria.ViewModels.RegionSelectionCameraListItemHelperTests" name="ShouldCameraListItemBeEnabledForCamera_ShouldReturnTrue" />
    </UnitTest>
    <UnitTest name="PatrollingProfileViewModelTest_Save_CreateProfile_Failed" storage="d:\actions-runner\_work\xpco\xpco\allsolutions\..\sc\components\remoteviewer\smartclient\tst\zsmartclient_unittest\bin\x64\debug\net6.0-windows\zsmartclient_unittest.dll" id="d3e820a3-4350-83fc-1d0e-9c98ed12693d">
      <Execution id="2627139e-36d0-4ed9-9525-f0bc32e051e2" />
      <TestMethod codeBase="D:\actions-runner\_work\XPCO\XPCO\AllSolutions\..\SC\Components\RemoteViewer\SmartClient\tst\zSmartClient_UnitTest\bin\x64\Debug\net6.0-windows\zSmartClient_UnitTest.dll" adapterTypeName="executor://mstestadapter/v2" className="SmartClient_UnitTest.VideoOS.RemoteClient.Application.UI.PtzPreset.PatrollingViewModel.PatrollingProfileViewModelTest" name="PatrollingProfileViewModelTest_Save_CreateProfile_Failed" />
    </UnitTest>
    <UnitTest name="SupportsDoubleClick_ShouldBeFalse_WhenInteractionStateIsNotNormalAndInSetupMode" storage="d:\actions-runner\_work\xpco\xpco\allsolutions\..\sc\components\remoteviewer\smartclient\tst\zsmartclient_unittest\bin\x64\debug\net6.0-windows\zsmartclient_unittest.dll" id="b1b5a4b2-ef61-9282-6663-5d7233efeaab">
      <TestCategory>
        <TestCategoryItem TestCategory="GisMap.LinkMarker" />
      </TestCategory>
      <Execution id="3c2335d4-0f59-4940-9a03-52537915550b" />
      <TestMethod codeBase="D:\actions-runner\_work\XPCO\XPCO\AllSolutions\..\SC\Components\RemoteViewer\SmartClient\tst\zSmartClient_UnitTest\bin\x64\Debug\net6.0-windows\zSmartClient_UnitTest.dll" adapterTypeName="executor://mstestadapter/v2" className="SmartClient_UnitTest.VideoOS.RemoteClient.Plugin.GisMap.ThinkGeoMap.Markers.LinkMarker.LinkMarkerTests" name="SupportsDoubleClick_ShouldBeFalse_WhenInteractionStateIsNotNormalAndInSetupMode" />
    </UnitTest>
    <UnitTest name="ProvideValue_ShouldAlwaysReturnItself" storage="d:\actions-runner\_work\xpco\xpco\allsolutions\..\sc\components\remoteviewer\smartclient\tst\zsmartclient_unittest\bin\x64\debug\net6.0-windows\zsmartclient_unittest.dll" id="e9210e25-ddb7-3ad7-3147-1b0286b3f5d2">
      <Execution id="9bc85c9e-e925-4428-b689-4aad5bcf4b38" />
      <TestMethod codeBase="D:\actions-runner\_work\XPCO\XPCO\AllSolutions\..\SC\Components\RemoteViewer\SmartClient\tst\zSmartClient_UnitTest\bin\x64\Debug\net6.0-windows\zSmartClient_UnitTest.dll" adapterTypeName="executor://mstestadapter/v2" className="SmartClient_UnitTest.VideoOS.Common.UIThemes.ContentToTooltipTextConverterTests" name="ProvideValue_ShouldAlwaysReturnItself" />
    </UnitTest>
    <UnitTest name="TryGetOsmServerTileAddress_ShouldReturnUri_WhenOsmServerIncludesOsmTileSuffix" storage="d:\actions-runner\_work\xpco\xpco\allsolutions\..\sc\components\remoteviewer\smartclient\tst\zsmartclient_unittest\bin\x64\debug\net6.0-windows\zsmartclient_unittest.dll" id="b918b474-74ff-1345-54cb-cdaf09a7e1fc">
      <TestCategory>
        <TestCategoryItem TestCategory="GisMapData.Controllers.Osm" />
      </TestCategory>
      <Execution id="161cd26f-5e6e-465b-a2d3-863ec92d9bcb" />
      <TestMethod codeBase="D:\actions-runner\_work\XPCO\XPCO\AllSolutions\..\SC\Components\RemoteViewer\SmartClient\tst\zSmartClient_UnitTest\bin\x64\Debug\net6.0-windows\zSmartClient_UnitTest.dll" adapterTypeName="executor://mstestadapter/v2" className="SmartClient_UnitTest.VideoOS.RemoteClient.GisMapData.Controllers.Osm.GisMapOsmControllerTests" name="TryGetOsmServerTileAddress_ShouldReturnUri_WhenOsmServerIncludesOsmTileSuffix" />
    </UnitTest>
    <UnitTest name="ConvertGridMaskTestImageServerFormat" storage="d:\actions-runner\_work\xpco\xpco\allsolutions\..\sc\components\remoteviewer\smartclient\tst\zsmartclient_unittest\bin\x64\debug\net6.0-windows\zsmartclient_unittest.dll" id="fdaa70b5-d6a7-4b1c-2dcb-1ad653aa4853">
      <Execution id="b3553270-3fe6-423f-9f42-8c76e65e0357" />
      <TestMethod codeBase="D:\actions-runner\_work\XPCO\XPCO\AllSolutions\..\SC\Components\RemoteViewer\SmartClient\tst\zSmartClient_UnitTest\bin\x64\Debug\net6.0-windows\zSmartClient_UnitTest.dll" adapterTypeName="executor://mstestadapter/v2" className="SmartClient_UnitTest.VideoOS.RemoteClient.Application.Data.ContentTypes.CameraContentType.PrivacyMaskTest" name="ConvertGridMaskTestImageServerFormat" />
    </UnitTest>
    <UnitTest name="OnLayersRetrieved_ShouldSetComponentsOrdered_WhenLayersCollectionContainsOutput" storage="d:\actions-runner\_work\xpco\xpco\allsolutions\..\sc\components\remoteviewer\smartclient\tst\zsmartclient_unittest\bin\x64\debug\net6.0-windows\zsmartclient_unittest.dll" id="55807824-53e4-23f9-def8-1210782703cc">
      <TestCategory>
        <TestCategoryItem TestCategory="GisMap.DeviceSelectorWindowViewModel" />
      </TestCategory>
      <Execution id="f3fba07b-560f-4285-a8cb-e608ba25b881" />
      <TestMethod codeBase="D:\actions-runner\_work\XPCO\XPCO\AllSolutions\..\SC\Components\RemoteViewer\SmartClient\tst\zSmartClient_UnitTest\bin\x64\Debug\net6.0-windows\zSmartClient_UnitTest.dll" adapterTypeName="executor://mstestadapter/v2" className="SmartClient_UnitTest.VideoOS.RemoteClient.Plugin.GisMap.ViewModels.DeviceSelectorWindowViewModelTests" name="OnLayersRetrieved_ShouldSetComponentsOrdered_WhenLayersCollectionContainsOutput" />
    </UnitTest>
    <UnitTest name="SearchResultsActionBarActions_EditBookmark_MultipleResult_EditBookmarkInvoked" storage="d:\actions-runner\_work\xpco\xpco\allsolutions\..\sc\components\remoteviewer\smartclient\tst\zsmartclient_unittest\bin\x64\debug\net6.0-windows\zsmartclient_unittest.dll" id="d5b83293-8848-4b1e-df37-68e69f1f794e">
      <TestCategory>
        <TestCategoryItem TestCategory="SearchResultActionBarViewModel" />
      </TestCategory>
      <Execution id="77f97fc3-dc55-4d9c-82ad-185293fddf28" />
      <TestMethod codeBase="D:\actions-runner\_work\XPCO\XPCO\AllSolutions\..\SC\Components\RemoteViewer\SmartClient\tst\zSmartClient_UnitTest\bin\x64\Debug\net6.0-windows\zSmartClient_UnitTest.dll" adapterTypeName="executor://mstestadapter/v2" className="SmartClient_UnitTest.VideoOS.RemoteClient.Plugin.CentralizedSearch.ViewModels.SearchResultsActionBarViewModelTest" name="SearchResultsActionBarActions_EditBookmark_MultipleResult_EditBookmarkInvoked" />
    </UnitTest>
    <UnitTest name="RemoveWorkroom_ShouldReturnFalse_WhenThereIsOnlyOneWorkroom" storage="d:\actions-runner\_work\xpco\xpco\allsolutions\..\sc\components\remoteviewer\smartclient\tst\zsmartclient_unittest\bin\x64\debug\net6.0-windows\zsmartclient_unittest.dll" id="faece781-49e2-4e59-ebf9-bba502576c3c">
      <TestCategory>
        <TestCategoryItem TestCategory="WorkroomController" />
      </TestCategory>
      <Execution id="0db7aff0-4946-4e72-8ef4-039c392c2af6" />
      <TestMethod codeBase="D:\actions-runner\_work\XPCO\XPCO\AllSolutions\..\SC\Components\RemoteViewer\SmartClient\tst\zSmartClient_UnitTest\bin\x64\Debug\net6.0-windows\zSmartClient_UnitTest.dll" adapterTypeName="executor://mstestadapter/v2" className="SmartClient_UnitTest.VideoOS.RemoteClient.Application.Controllers.WorkroomController.WorkroomControllerBaseTest" name="RemoveWorkroom_ShouldReturnFalse_WhenThereIsOnlyOneWorkroom" />
    </UnitTest>
    <UnitTest name="SetCustomPickerResult_Cancel_CustomIntervalOpenResetAndNoNotificationFired" storage="d:\actions-runner\_work\xpco\xpco\allsolutions\..\sc\components\remoteviewer\smartclient\tst\zsmartclient_unittest\bin\x64\debug\net6.0-windows\zsmartclient_unittest.dll" id="698dd5ef-138e-eb6d-a408-c897a293bf7a">
      <TestCategory>
        <TestCategoryItem TestCategory="SearchViewModels" />
      </TestCategory>
      <Execution id="792ffd5b-3b1f-43f6-8a22-008568d4709a" />
      <TestMethod codeBase="D:\actions-runner\_work\XPCO\XPCO\AllSolutions\..\SC\Components\RemoteViewer\SmartClient\tst\zSmartClient_UnitTest\bin\x64\Debug\net6.0-windows\zSmartClient_UnitTest.dll" adapterTypeName="executor://mstestadapter/v2" className="SmartClient_UnitTest.VideoOS.RemoteClient.Plugin.CentralizedSearch.ViewModels.SearchViewModelTests" name="SetCustomPickerResult_Cancel_CustomIntervalOpenResetAndNoNotificationFired" />
    </UnitTest>
    <UnitTest name="Deactivated_Success" storage="d:\actions-runner\_work\xpco\xpco\allsolutions\..\sc\components\remoteviewer\smartclient\tst\zsmartclient_unittest\bin\x64\debug\net6.0-windows\zsmartclient_unittest.dll" id="c2ad7c56-01cc-4375-d0d2-2742c681c744">
      <TestCategory>
        <TestCategoryItem TestCategory="Search" />
      </TestCategory>
      <Execution id="7a7e8b69-c91f-4948-8fbc-7f53e83b52f7" />
      <TestMethod codeBase="D:\actions-runner\_work\XPCO\XPCO\AllSolutions\..\SC\Components\RemoteViewer\SmartClient\tst\zSmartClient_UnitTest\bin\x64\Debug\net6.0-windows\zSmartClient_UnitTest.dll" adapterTypeName="executor://mstestadapter/v2" className="SmartClient_UnitTest.VideoOS.RemoteClient.Plugin.CentralizedSearch.CentralizedSearchContentHolderTests" name="Deactivated_Success" />
    </UnitTest>
    <UnitTest name="SupportsDoubleClick_ShouldBeFalse_WhenInteractionStateIsNotNormalAndNotInSetupMode" storage="d:\actions-runner\_work\xpco\xpco\allsolutions\..\sc\components\remoteviewer\smartclient\tst\zsmartclient_unittest\bin\x64\debug\net6.0-windows\zsmartclient_unittest.dll" id="987edaa0-0a3b-cbb4-5b40-8112a4826bc5">
      <TestCategory>
        <TestCategoryItem TestCategory="GisMap.LinkMarker" />
      </TestCategory>
      <Execution id="9f7fcf04-7c86-4e22-962f-20124a33eb5d" />
      <TestMethod codeBase="D:\actions-runner\_work\XPCO\XPCO\AllSolutions\..\SC\Components\RemoteViewer\SmartClient\tst\zSmartClient_UnitTest\bin\x64\Debug\net6.0-windows\zSmartClient_UnitTest.dll" adapterTypeName="executor://mstestadapter/v2" className="SmartClient_UnitTest.VideoOS.RemoteClient.Plugin.GisMap.ThinkGeoMap.Markers.LinkMarker.LinkMarkerTests" name="SupportsDoubleClick_ShouldBeFalse_WhenInteractionStateIsNotNormalAndNotInSetupMode" />
    </UnitTest>
    <UnitTest name="Convert_ShouldReturnFalse_WhenParameterIsNull" storage="d:\actions-runner\_work\xpco\xpco\allsolutions\..\sc\components\remoteviewer\smartclient\tst\zsmartclient_unittest\bin\x64\debug\net6.0-windows\zsmartclient_unittest.dll" id="bf71a57f-ee03-3700-bbbe-0a8bed916dfe">
      <TestCategory>
        <TestCategoryItem TestCategory="GisMap.InteractionStateConverter" />
      </TestCategory>
      <Execution id="ee9eac40-866b-4581-9423-369d5da722aa" />
      <TestMethod codeBase="D:\actions-runner\_work\XPCO\XPCO\AllSolutions\..\SC\Components\RemoteViewer\SmartClient\tst\zSmartClient_UnitTest\bin\x64\Debug\net6.0-windows\zSmartClient_UnitTest.dll" adapterTypeName="executor://mstestadapter/v2" className="SmartClient_UnitTest.VideoOS.RemoteClient.Plugin.GisMap.View.InteractionStateConverterTests" name="Convert_ShouldReturnFalse_WhenParameterIsNull" />
    </UnitTest>
    <UnitTest name="Ctor_NullResourceManager_Throws" storage="d:\actions-runner\_work\xpco\xpco\allsolutions\..\sc\components\remoteviewer\smartclient\tst\zsmartclient_unittest\bin\x64\debug\net6.0-windows\zsmartclient_unittest.dll" id="f948b06a-352e-85e9-1354-e9aec0364e60">
      <TestCategory>
        <TestCategoryItem TestCategory="SearchResultsAction" />
      </TestCategory>
      <Execution id="be628b81-8f1c-4701-9f49-234da09520ec" />
      <TestMethod codeBase="D:\actions-runner\_work\XPCO\XPCO\AllSolutions\..\SC\Components\RemoteViewer\SmartClient\tst\zSmartClient_UnitTest\bin\x64\Debug\net6.0-windows\zSmartClient_UnitTest.dll" adapterTypeName="executor://mstestadapter/v2" className="SmartClient_UnitTest.VideoOS.RemoteClient.Plugin.CentralizedSearch.ViewModels.SearchResultsActionViewModelTests" name="Ctor_NullResourceManager_Throws" />
    </UnitTest>
    <UnitTest name="OnMarkerRightClicked_ShouldUseCrossTypeMenuItems_WhenInSetupModeAndMultipleItemsFromDifferentLayersAreSelected" storage="d:\actions-runner\_work\xpco\xpco\allsolutions\..\sc\components\remoteviewer\smartclient\tst\zsmartclient_unittest\bin\x64\debug\net6.0-windows\zsmartclient_unittest.dll" id="ec512750-1b3e-ee37-48da-474be022f3c4">
      <TestCategory>
        <TestCategoryItem TestCategory="SmartMap.MapItemsOverlay" />
      </TestCategory>
      <Execution id="f2f8938d-4f43-462c-8745-794e1a7b57ff" />
      <TestMethod codeBase="D:\actions-runner\_work\XPCO\XPCO\AllSolutions\..\SC\Components\RemoteViewer\SmartClient\tst\zSmartClient_UnitTest\bin\x64\Debug\net6.0-windows\zSmartClient_UnitTest.dll" adapterTypeName="executor://mstestadapter/v2" className="SmartClient_UnitTest.VideoOS.RemoteClient.Plugin.GisMap.ThinkGeoMap.SpecializedOverlays.Overlays.MapItemsOverlayTests" name="OnMarkerRightClicked_ShouldUseCrossTypeMenuItems_WhenInSetupModeAndMultipleItemsFromDifferentLayersAreSelected" />
    </UnitTest>
    <UnitTest name="PtzSessionControllerInfo_UserChangedTest_Argument_Null_2" storage="d:\actions-runner\_work\xpco\xpco\allsolutions\..\sc\components\remoteviewer\smartclient\tst\zsmartclient_unittest\bin\x64\debug\net6.0-windows\zsmartclient_unittest.dll" id="4ffbb65d-5283-caab-4ee9-d197524190bc">
      <Execution id="29e848ce-5089-4789-8d96-9a7d270fb03f" />
      <TestMethod codeBase="D:\actions-runner\_work\XPCO\XPCO\AllSolutions\..\SC\Components\RemoteViewer\SmartClient\tst\zSmartClient_UnitTest\bin\x64\Debug\net6.0-windows\zSmartClient_UnitTest.dll" adapterTypeName="executor://mstestadapter/v2" className="VideoOS.RemoteClient.Application.Controllers.UnitTest.PtzSessionControllerTest" name="PtzSessionControllerInfo_UserChangedTest_Argument_Null_2" />
    </UnitTest>
    <UnitTest name="Ctor_NullSearchResultDataList_Failure" storage="d:\actions-runner\_work\xpco\xpco\allsolutions\..\sc\components\remoteviewer\smartclient\tst\zsmartclient_unittest\bin\x64\debug\net6.0-windows\zsmartclient_unittest.dll" id="61fff35a-1f51-c483-72f9-65b70f75c0e7">
      <TestCategory>
        <TestCategoryItem TestCategory="Search" />
      </TestCategory>
      <Execution id="099c27fd-d8b7-46f5-9f5a-6a723de5b010" />
      <TestMethod codeBase="D:\actions-runner\_work\XPCO\XPCO\AllSolutions\..\SC\Components\RemoteViewer\SmartClient\tst\zSmartClient_UnitTest\bin\x64\Debug\net6.0-windows\zSmartClient_UnitTest.dll" adapterTypeName="executor://mstestadapter/v2" className="SmartClient_UnitTest.VideoOS.RemoteClient.Plugin.CentralizedSearch.ViewModels.Data.SnapshotHandlerTests" name="Ctor_NullSearchResultDataList_Failure" />
    </UnitTest>
    <UnitTest name="PatrollingProfileViewModelTest_NameBeforeEdit" storage="d:\actions-runner\_work\xpco\xpco\allsolutions\..\sc\components\remoteviewer\smartclient\tst\zsmartclient_unittest\bin\x64\debug\net6.0-windows\zsmartclient_unittest.dll" id="010d6867-68dc-06fa-3b39-c2d7f5b85291">
      <Execution id="ae252dc6-9eff-464f-b2cc-6c36cbd23ee9" />
      <TestMethod codeBase="D:\actions-runner\_work\XPCO\XPCO\AllSolutions\..\SC\Components\RemoteViewer\SmartClient\tst\zSmartClient_UnitTest\bin\x64\Debug\net6.0-windows\zSmartClient_UnitTest.dll" adapterTypeName="executor://mstestadapter/v2" className="SmartClient_UnitTest.VideoOS.RemoteClient.Application.UI.PtzPreset.PatrollingViewModel.PatrollingProfileViewModelTest" name="PatrollingProfileViewModelTest_NameBeforeEdit" />
    </UnitTest>
    <UnitTest name="EndTimeWithPadding_ShouldBeSetToValueOfSearchResult" storage="d:\actions-runner\_work\xpco\xpco\allsolutions\..\sc\components\remoteviewer\smartclient\tst\zsmartclient_unittest\bin\x64\debug\net6.0-windows\zsmartclient_unittest.dll" id="7cef2a09-ed80-a76c-b595-1833aff59ca7">
      <TestCategory>
        <TestCategoryItem TestCategory="Search.Wrappers" />
      </TestCategory>
      <Execution id="09defff6-14b7-4d06-942b-83774f357517" />
      <TestMethod codeBase="D:\actions-runner\_work\XPCO\XPCO\AllSolutions\..\SC\Components\RemoteViewer\SmartClient\tst\zSmartClient_UnitTest\bin\x64\Debug\net6.0-windows\zSmartClient_UnitTest.dll" adapterTypeName="executor://mstestadapter/v2" className="SmartClient_UnitTest.VideoOS.RemoteClient.Plugin.CentralizedSearch.Models.Wrappers.SearchResultDataWrapperTests" name="EndTimeWithPadding_ShouldBeSetToValueOfSearchResult" />
    </UnitTest>
    <UnitTest name="ToSafeName_SingleUnsafeName_Success" storage="d:\actions-runner\_work\xpco\xpco\allsolutions\..\sc\components\remoteviewer\smartclient\tst\zsmartclient_unittest\bin\x64\debug\net6.0-windows\zsmartclient_unittest.dll" id="bd4280d2-c5d6-9ce8-8082-e33833fcfdb0">
      <Execution id="e21cb7fd-1597-4f96-ae95-3d83a2bd87dc" />
      <TestMethod codeBase="D:\actions-runner\_work\XPCO\XPCO\AllSolutions\..\SC\Components\RemoteViewer\SmartClient\tst\zSmartClient_UnitTest\bin\x64\Debug\net6.0-windows\zSmartClient_UnitTest.dll" adapterTypeName="executor://mstestadapter/v2" className="SmartClient_UnitTest.VideoOS.RemoteClient.Application.Common.Scripting.ReservedJavascriptKeywordsTests" name="ToSafeName_SingleUnsafeName_Success" />
    </UnitTest>
    <UnitTest name="ResolveGenericResultProperties_ShouldReturnOrderedProperties_WhenGivenCombinedSearchResults" storage="d:\actions-runner\_work\xpco\xpco\allsolutions\..\sc\components\remoteviewer\smartclient\tst\zsmartclient_unittest\bin\x64\debug\net6.0-windows\zsmartclient_unittest.dll" id="9bd97529-6ca2-0a88-ecb8-dfa8925597ef">
      <TestCategory>
        <TestCategoryItem TestCategory="Search" />
      </TestCategory>
      <Execution id="f502c910-8f76-4841-bf53-c5a9d9efcf62" />
      <TestMethod codeBase="D:\actions-runner\_work\XPCO\XPCO\AllSolutions\..\SC\Components\RemoteViewer\SmartClient\tst\zSmartClient_UnitTest\bin\x64\Debug\net6.0-windows\zSmartClient_UnitTest.dll" adapterTypeName="executor://mstestadapter/v2" className="SmartClient_UnitTest.VideoOS.RemoteClient.Plugin.CentralizedSearch.Utils.SearchResultDataWrapperExtensionsTests" name="ResolveGenericResultProperties_ShouldReturnOrderedProperties_WhenGivenCombinedSearchResults" />
    </UnitTest>
    <UnitTest name="SelectTemplate_NullItem_ReturnsPopupTemplate" storage="d:\actions-runner\_work\xpco\xpco\allsolutions\..\sc\components\remoteviewer\smartclient\tst\zsmartclient_unittest\bin\x64\debug\net6.0-windows\zsmartclient_unittest.dll" id="da72df1e-3911-6673-65ef-dc8a157dd1ea">
      <TestCategory>
        <TestCategoryItem TestCategory="SearchViews" />
      </TestCategory>
      <Execution id="c3d2f784-7491-4953-94d8-85a698254b38" />
      <TestMethod codeBase="D:\actions-runner\_work\XPCO\XPCO\AllSolutions\..\SC\Components\RemoteViewer\SmartClient\tst\zSmartClient_UnitTest\bin\x64\Debug\net6.0-windows\zSmartClient_UnitTest.dll" adapterTypeName="executor://mstestadapter/v2" className="SmartClient_UnitTest.VideoOS.RemoteClient.Plugin.CentralizedSearch.Views.AttributeEditControlTemplateSelectorTests" name="SelectTemplate_NullItem_ReturnsPopupTemplate" />
    </UnitTest>
    <UnitTest name="CloseDeviceSelectorUserControl_ShouldSetUserControlNull_Always" storage="d:\actions-runner\_work\xpco\xpco\allsolutions\..\sc\components\remoteviewer\smartclient\tst\zsmartclient_unittest\bin\x64\debug\net6.0-windows\zsmartclient_unittest.dll" id="fbac2a6f-2233-86d4-ebd9-d19d11941509">
      <TestCategory>
        <TestCategoryItem TestCategory="GisMap.UI.DeviceSelectors.PanelComponents" />
      </TestCategory>
      <Execution id="d3efb930-0578-484f-bc78-6dd28a756b51" />
      <TestMethod codeBase="D:\actions-runner\_work\XPCO\XPCO\AllSolutions\..\SC\Components\RemoteViewer\SmartClient\tst\zSmartClient_UnitTest\bin\x64\Debug\net6.0-windows\zSmartClient_UnitTest.dll" adapterTypeName="executor://mstestadapter/v2" className="SmartClient_UnitTest.VideoOS.RemoteClient.Plugin.GisMap.UI.DeviceSelectors.PanelComponents.DeviceSelectorPanelComponentTests" name="CloseDeviceSelectorUserControl_ShouldSetUserControlNull_Always" />
    </UnitTest>
    <UnitTest name="ActionBarPluginEnabled_SinglePluginWithNotEnoughRoom_PluginButtonPresentInOverflowMenu" storage="d:\actions-runner\_work\xpco\xpco\allsolutions\..\sc\components\remoteviewer\smartclient\tst\zsmartclient_unittest\bin\x64\debug\net6.0-windows\zsmartclient_unittest.dll" id="6cf1d803-864d-f447-b323-57be8d42bea0">
      <TestCategory>
        <TestCategoryItem TestCategory="SearchViews" />
      </TestCategory>
      <Execution id="dc2ab56a-700b-4bd0-a5fe-596e1a86428b" />
      <TestMethod codeBase="D:\actions-runner\_work\XPCO\XPCO\AllSolutions\..\SC\Components\RemoteViewer\SmartClient\tst\zSmartClient_UnitTest\bin\x64\Debug\net6.0-windows\zSmartClient_UnitTest.dll" adapterTypeName="executor://mstestadapter/v2" className="SmartClient_UnitTest.VideoOS.RemoteClient.Plugin.CentralizedSearch.Views.SearchResultActionBarViewTests" name="ActionBarPluginEnabled_SinglePluginWithNotEnoughRoom_PluginButtonPresentInOverflowMenu" />
    </UnitTest>
    <UnitTest name="Retrieve_InnerExceptionLogged" storage="d:\actions-runner\_work\xpco\xpco\allsolutions\..\sc\components\remoteviewer\smartclient\tst\zsmartclient_unittest\bin\x64\debug\net6.0-windows\zsmartclient_unittest.dll" id="6ed649e1-03e1-4590-3da9-e33c23ab658c">
      <TestCategory>
        <TestCategoryItem TestCategory="MipItemsRetriever" />
      </TestCategory>
      <Execution id="e75d1bac-d1cc-44ed-943a-fd53dce4a6c5" />
      <TestMethod codeBase="D:\actions-runner\_work\XPCO\XPCO\AllSolutions\..\SC\Components\RemoteViewer\SmartClient\tst\zSmartClient_UnitTest\bin\x64\Debug\net6.0-windows\zSmartClient_UnitTest.dll" adapterTypeName="executor://mstestadapter/v2" className="SmartClient_UnitTest.VideoOS.RemoteClient.Plugin.GisMap.MIP.MipItemActionsCommunicatorTests" name="Retrieve_InnerExceptionLogged" />
    </UnitTest>
    <UnitTest name="OnSizeChanged_TilesRerendered" storage="d:\actions-runner\_work\xpco\xpco\allsolutions\..\sc\components\remoteviewer\smartclient\tst\zsmartclient_unittest\bin\x64\debug\net6.0-windows\zsmartclient_unittest.dll" id="e81103cb-7818-2463-05b1-4325c5ff61c8">
      <TestCategory>
        <TestCategoryItem TestCategory="SearchControls" />
      </TestCategory>
      <Execution id="c3d41cd9-7dba-42b9-a577-b3aceb0061ff" />
      <TestMethod codeBase="D:\actions-runner\_work\XPCO\XPCO\AllSolutions\..\SC\Components\RemoteViewer\SmartClient\tst\zSmartClient_UnitTest\bin\x64\Debug\net6.0-windows\zSmartClient_UnitTest.dll" adapterTypeName="executor://mstestadapter/v2" className="SmartClient_UnitTest.VideoOS.RemoteClient.Plugin.CentralizedSearch.Views.Controls.SearchResultDetailsControlTests" name="OnSizeChanged_TilesRerendered" />
    </UnitTest>
    <UnitTest name="GetDeviceData_ShouldReturnNotFoundDeviceData_WhenCameraKindAndNonExistingCameraId" storage="d:\actions-runner\_work\xpco\xpco\allsolutions\..\sc\components\remoteviewer\smartclient\tst\zsmartclient_unittest\bin\x64\debug\net6.0-windows\zsmartclient_unittest.dll" id="81267ce3-6f9f-039a-6061-d6bf94b58293">
      <TestCategory>
        <TestCategoryItem TestCategory="GisMap.Controllers.Devices.MapItems" />
      </TestCategory>
      <Execution id="db8ae7e8-84f1-42ea-bf6a-d45d0f9cb902" />
      <TestMethod codeBase="D:\actions-runner\_work\XPCO\XPCO\AllSolutions\..\SC\Components\RemoteViewer\SmartClient\tst\zSmartClient_UnitTest\bin\x64\Debug\net6.0-windows\zSmartClient_UnitTest.dll" adapterTypeName="executor://mstestadapter/v2" className="SmartClient_UnitTest.VideoOS.RemoteClient.Plugin.GisMap.Controllers.Devices.MapItems.DeviceDataControllerTests" name="GetDeviceData_ShouldReturnNotFoundDeviceData_WhenCameraKindAndNonExistingCameraId" />
    </UnitTest>
    <UnitTest name="PatrollingProfileListViewModel_AddProfileExecute_Name_Taken" storage="d:\actions-runner\_work\xpco\xpco\allsolutions\..\sc\components\remoteviewer\smartclient\tst\zsmartclient_unittest\bin\x64\debug\net6.0-windows\zsmartclient_unittest.dll" id="b9ffa3f4-1f18-4167-4317-71e05fdcc916">
      <Execution id="05c07a40-19d0-490a-8021-76cb0425993e" />
      <TestMethod codeBase="D:\actions-runner\_work\XPCO\XPCO\AllSolutions\..\SC\Components\RemoteViewer\SmartClient\tst\zSmartClient_UnitTest\bin\x64\Debug\net6.0-windows\zSmartClient_UnitTest.dll" adapterTypeName="executor://mstestadapter/v2" className="SmartClient_UnitTest.VideoOS.RemoteClient.Application.UI.PtzPreset.PatrollingViewModel.PatrollingProfileListViewModelTest" name="PatrollingProfileListViewModel_AddProfileExecute_Name_Taken" />
    </UnitTest>
    <UnitTest name="Instance_ShouldBeSingleton_WhenCalled" storage="d:\actions-runner\_work\xpco\xpco\allsolutions\..\sc\components\remoteviewer\smartclient\tst\zsmartclient_unittest\bin\x64\debug\net6.0-windows\zsmartclient_unittest.dll" id="c852f0f2-cc0b-cd32-55ea-6f08f26c6103">
      <TestCategory>
        <TestCategoryItem TestCategory="GisMapData.CameraOemResourcesProviderTests" />
      </TestCategory>
      <Execution id="517debfd-6046-4bec-830e-d7d5311c6af8" />
      <TestMethod codeBase="D:\actions-runner\_work\XPCO\XPCO\AllSolutions\..\SC\Components\RemoteViewer\SmartClient\tst\zSmartClient_UnitTest\bin\x64\Debug\net6.0-windows\zSmartClient_UnitTest.dll" adapterTypeName="executor://mstestadapter/v2" className="SmartClient_UnitTest.VideoOS.RemoteClient.GisMapData.Resources.CameraOemResourcesProviderTests" name="Instance_ShouldBeSingleton_WhenCalled" />
    </UnitTest>
    <UnitTest name="IconTooltip_ShouldBeValid_WhenInteractionStateIsAddOutput" storage="d:\actions-runner\_work\xpco\xpco\allsolutions\..\sc\components\remoteviewer\smartclient\tst\zsmartclient_unittest\bin\x64\debug\net6.0-windows\zsmartclient_unittest.dll" id="8baf1177-ddd8-e709-9da7-68dded36199a">
      <TestCategory>
        <TestCategoryItem TestCategory="GisMap.UI.DeviceSelectors.PanelComponents" />
      </TestCategory>
      <Execution id="b33af742-043c-46ae-8358-9fef345ed8fe" />
      <TestMethod codeBase="D:\actions-runner\_work\XPCO\XPCO\AllSolutions\..\SC\Components\RemoteViewer\SmartClient\tst\zSmartClient_UnitTest\bin\x64\Debug\net6.0-windows\zSmartClient_UnitTest.dll" adapterTypeName="executor://mstestadapter/v2" className="SmartClient_UnitTest.VideoOS.RemoteClient.Plugin.GisMap.UI.DeviceSelectors.PanelComponents.DeviceSelectorPanelComponentTests" name="IconTooltip_ShouldBeValid_WhenInteractionStateIsAddOutput" />
    </UnitTest>
    <UnitTest name="ToUnsafeName_NullString_Success" storage="d:\actions-runner\_work\xpco\xpco\allsolutions\..\sc\components\remoteviewer\smartclient\tst\zsmartclient_unittest\bin\x64\debug\net6.0-windows\zsmartclient_unittest.dll" id="a4ec8e4b-30aa-49df-138f-1971a7f8ca38">
      <Execution id="47b26a7b-bf8d-4c14-8319-64b83fe1be20" />
      <TestMethod codeBase="D:\actions-runner\_work\XPCO\XPCO\AllSolutions\..\SC\Components\RemoteViewer\SmartClient\tst\zSmartClient_UnitTest\bin\x64\Debug\net6.0-windows\zSmartClient_UnitTest.dll" adapterTypeName="executor://mstestadapter/v2" className="SmartClient_UnitTest.VideoOS.RemoteClient.Application.Common.Scripting.ReservedJavascriptKeywordsTests" name="ToUnsafeName_NullString_Success" />
    </UnitTest>
    <UnitTest name="Clear_ShouldClearIncludedViewItemsForSelectedView" storage="d:\actions-runner\_work\xpco\xpco\allsolutions\..\sc\components\remoteviewer\smartclient\tst\zsmartclient_unittest\bin\x64\debug\net6.0-windows\zsmartclient_unittest.dll" id="4ac98c6c-183a-9821-4f8c-c314ab12e456">
      <TestCategory>
        <TestCategoryItem TestCategory="ApplicationController" />
      </TestCategory>
      <Execution id="e6d1ab0e-c4f9-4ea5-9132-c8023c6a4538" />
      <TestMethod codeBase="D:\actions-runner\_work\XPCO\XPCO\AllSolutions\..\SC\Components\RemoteViewer\SmartClient\tst\zSmartClient_UnitTest\bin\x64\Debug\net6.0-windows\zSmartClient_UnitTest.dll" adapterTypeName="executor://mstestadapter/v2" className="VideoOS.RemoteClient.Application.Controllers.UnitTest.IncludedViewItemsTest" name="Clear_ShouldClearIncludedViewItemsForSelectedView" />
    </UnitTest>
    <UnitTest name="CreateDefinition_ThreeFiltersInCategory_ZeroFilterValuesAddedToSearchCriteria" storage="d:\actions-runner\_work\xpco\xpco\allsolutions\..\sc\components\remoteviewer\smartclient\tst\zsmartclient_unittest\bin\x64\debug\net6.0-windows\zsmartclient_unittest.dll" id="788c7744-bd48-e28d-a864-bbd05271aa4c">
      <TestCategory>
        <TestCategoryItem TestCategory="SearchModels" />
      </TestCategory>
      <Execution id="01529a30-38cc-4490-81aa-fc450f8b1480" />
      <TestMethod codeBase="D:\actions-runner\_work\XPCO\XPCO\AllSolutions\..\SC\Components\RemoteViewer\SmartClient\tst\zSmartClient_UnitTest\bin\x64\Debug\net6.0-windows\zSmartClient_UnitTest.dll" adapterTypeName="executor://mstestadapter/v2" className="SmartClient_UnitTest.VideoOS.RemoteClient.Plugin.CentralizedSearch.Models.SearchModelTests" name="CreateDefinition_ThreeFiltersInCategory_ZeroFilterValuesAddedToSearchCriteria" />
    </UnitTest>
    <UnitTest name="GisMapModel_AddBuilding_ServerFail_ErrorReported" storage="d:\actions-runner\_work\xpco\xpco\allsolutions\..\sc\components\remoteviewer\smartclient\tst\zsmartclient_unittest\bin\x64\debug\net6.0-windows\zsmartclient_unittest.dll" id="98514a87-c9e9-a001-7d97-02b7ed802ee7">
      <TestCategory>
        <TestCategoryItem TestCategory="GisMapLayer" />
        <TestCategoryItem TestCategory="GisMapBuilding" />
      </TestCategory>
      <Execution id="d8874110-ca50-4058-b30d-cea5869fbc8b" />
      <TestMethod codeBase="D:\actions-runner\_work\XPCO\XPCO\AllSolutions\..\SC\Components\RemoteViewer\SmartClient\tst\zSmartClient_UnitTest\bin\x64\Debug\net6.0-windows\zSmartClient_UnitTest.dll" adapterTypeName="executor://mstestadapter/v2" className="SmartClient_UnitTest.VideoOS.RemoteClient.GisMap.MapLayers.GisMapLayerTests" name="GisMapModel_AddBuilding_ServerFail_ErrorReported" />
    </UnitTest>
    <UnitTest name="LoadBoundingShapes_RectangleShapeWithNegativeWidth_NotAddedToUI" storage="d:\actions-runner\_work\xpco\xpco\allsolutions\..\sc\components\remoteviewer\smartclient\tst\zsmartclient_unittest\bin\x64\debug\net6.0-windows\zsmartclient_unittest.dll" id="4cca1d5f-44b2-3473-1e35-1d77003b5df5">
      <Execution id="9315e360-c349-4891-b0b2-9e08bc45100f" />
      <TestMethod codeBase="D:\actions-runner\_work\XPCO\XPCO\AllSolutions\..\SC\Components\RemoteViewer\SmartClient\tst\zSmartClient_UnitTest\bin\x64\Debug\net6.0-windows\zSmartClient_UnitTest.dll" adapterTypeName="executor://mstestadapter/v2" className="SmartClient_UnitTest.VideoOS.RemoteClient.Plugin.CentralizedSearch.MIPPlugin.Results.VideoSearchResultUserControlTests" name="LoadBoundingShapes_RectangleShapeWithNegativeWidth_NotAddedToUI" />
    </UnitTest>
    <UnitTest name="IsDeviceSupported_ShouldReturnTrue_WhenCameraKind" storage="d:\actions-runner\_work\xpco\xpco\allsolutions\..\sc\components\remoteviewer\smartclient\tst\zsmartclient_unittest\bin\x64\debug\net6.0-windows\zsmartclient_unittest.dll" id="7c485018-e81c-b9cc-ee22-382cb4b7a7c1">
      <TestCategory>
        <TestCategoryItem TestCategory="GisMap.Controllers.Devices" />
      </TestCategory>
      <Execution id="34363522-2d63-453b-a7a8-a5731351a015" />
      <TestMethod codeBase="D:\actions-runner\_work\XPCO\XPCO\AllSolutions\..\SC\Components\RemoteViewer\SmartClient\tst\zSmartClient_UnitTest\bin\x64\Debug\net6.0-windows\zSmartClient_UnitTest.dll" adapterTypeName="executor://mstestadapter/v2" className="SmartClient_UnitTest.VideoOS.RemoteClient.Plugin.GisMap.Controllers.Devices.DeviceControllerTests" name="IsDeviceSupported_ShouldReturnTrue_WhenCameraKind" />
    </UnitTest>
    <UnitTest name="DisplayErrorOnNotificationArea_UnknownDerivedFromSearchError_LoggingDisabled_Success" storage="d:\actions-runner\_work\xpco\xpco\allsolutions\..\sc\components\remoteviewer\smartclient\tst\zsmartclient_unittest\bin\x64\debug\net6.0-windows\zsmartclient_unittest.dll" id="ab9ddcfe-5059-def5-d0f3-2a728312c36d">
      <TestCategory>
        <TestCategoryItem TestCategory="SearchViewModels" />
      </TestCategory>
      <Execution id="8df39c4b-35bf-406c-9f9d-7e966fd0889c" />
      <TestMethod codeBase="D:\actions-runner\_work\XPCO\XPCO\AllSolutions\..\SC\Components\RemoteViewer\SmartClient\tst\zSmartClient_UnitTest\bin\x64\Debug\net6.0-windows\zSmartClient_UnitTest.dll" adapterTypeName="executor://mstestadapter/v2" className="SmartClient_UnitTest.VideoOS.RemoteClient.Plugin.CentralizedSearch.ViewModels.SearchViewModelTests" name="DisplayErrorOnNotificationArea_UnknownDerivedFromSearchError_LoggingDisabled_Success" />
    </UnitTest>
    <UnitTest name="GetBoundingShapesForMetadataObjectsAsync_ShouldIgnoreMetadataObject_WhenRequestedTimeIsOutsideMetadataTimespan" storage="d:\actions-runner\_work\xpco\xpco\allsolutions\..\sc\components\remoteviewer\smartclient\tst\zsmartclient_unittest\bin\x64\debug\net6.0-windows\zsmartclient_unittest.dll" id="e0503f8a-eae1-c2d9-bbae-ed3d40256258">
      <Execution id="b354d105-b2e3-4921-ad69-f4691cd1b93d" />
      <TestMethod codeBase="D:\actions-runner\_work\XPCO\XPCO\AllSolutions\..\SC\Components\RemoteViewer\SmartClient\tst\zSmartClient_UnitTest\bin\x64\Debug\net6.0-windows\zSmartClient_UnitTest.dll" adapterTypeName="executor://mstestadapter/v2" className="SmartClient_UnitTest.VideoOS.RemoteClient.Plugin.CentralizedSearch.Utils.MetadataUtilTests" name="GetBoundingShapesForMetadataObjectsAsync_ShouldIgnoreMetadataObject_WhenRequestedTimeIsOutsideMetadataTimespan" />
    </UnitTest>
    <UnitTest name="SupportsDoubleClick_ShouldBeTrue_WhenInteractionStateIsNewDevice" storage="d:\actions-runner\_work\xpco\xpco\allsolutions\..\sc\components\remoteviewer\smartclient\tst\zsmartclient_unittest\bin\x64\debug\net6.0-windows\zsmartclient_unittest.dll" id="052697c7-c6ac-9c36-6e57-c8105d8c8917">
      <TestCategory>
        <TestCategoryItem TestCategory="GisMap.CameraMarker" />
      </TestCategory>
      <Execution id="0c4bbf2d-61b9-495b-a1ad-e28a3b45d6bb" />
      <TestMethod codeBase="D:\actions-runner\_work\XPCO\XPCO\AllSolutions\..\SC\Components\RemoteViewer\SmartClient\tst\zSmartClient_UnitTest\bin\x64\Debug\net6.0-windows\zSmartClient_UnitTest.dll" adapterTypeName="executor://mstestadapter/v2" className="SmartClient_UnitTest.VideoOS.RemoteClient.Plugin.GisMap.ThinkGeoMap.Markers.DeviceMarkers.CameraMarker.CameraMarkerTests" name="SupportsDoubleClick_ShouldBeTrue_WhenInteractionStateIsNewDevice" />
    </UnitTest>
    <UnitTest name="MonitorState_Equal_Tests" storage="d:\actions-runner\_work\xpco\xpco\allsolutions\..\sc\components\remoteviewer\smartclient\tst\zsmartclient_unittest\bin\x64\debug\net6.0-windows\zsmartclient_unittest.dll" id="ccbe9915-207e-f3b0-9e57-5dc3348b938c">
      <Execution id="b71954be-c785-4cac-a4ae-3b53f1e2e059" />
      <TestMethod codeBase="D:\actions-runner\_work\XPCO\XPCO\AllSolutions\..\SC\Components\RemoteViewer\SmartClient\tst\zSmartClient_UnitTest\bin\x64\Debug\net6.0-windows\zSmartClient_UnitTest.dll" adapterTypeName="executor://mstestadapter/v2" className="SmartClient_UnitTest.VideoOS.RemoteClient.Data.VideoWall.MonitorStateTests" name="MonitorState_Equal_Tests" />
    </UnitTest>
    <UnitTest name="CreateCameraListItem_ShouldCreateEnabledCamera_WhenEnabledParameterIsTrue" storage="d:\actions-runner\_work\xpco\xpco\allsolutions\..\sc\components\remoteviewer\smartclient\tst\zsmartclient_unittest\bin\x64\debug\net6.0-windows\zsmartclient_unittest.dll" id="14807a36-cb4f-9f35-8679-aa8746cf4c38">
      <TestCategory>
        <TestCategoryItem TestCategory="Search.Filters.ViewModels" />
      </TestCategory>
      <Execution id="d730525b-40fb-426b-b4dc-fd446df8b1af" />
      <TestMethod codeBase="D:\actions-runner\_work\XPCO\XPCO\AllSolutions\..\SC\Components\RemoteViewer\SmartClient\tst\zSmartClient_UnitTest\bin\x64\Debug\net6.0-windows\zSmartClient_UnitTest.dll" adapterTypeName="executor://mstestadapter/v2" className="SmartClient_UnitTest.VideoOS.RemoteClient.Plugin.CentralizedSearch.MIPPlugin.Criteria.ViewModels.SmartSearchCameraListItemHelperTests" name="CreateCameraListItem_ShouldCreateEnabledCamera_WhenEnabledParameterIsTrue" />
    </UnitTest>
    <UnitTest name="AddSelectedWindowsToExport_ShouldShowCorrectToastMessages (0,1,1)" storage="d:\actions-runner\_work\xpco\xpco\allsolutions\..\sc\components\remoteviewer\smartclient\tst\zsmartclient_unittest\bin\x64\debug\net6.0-windows\zsmartclient_unittest.dll" id="44391416-6606-c8bf-b0af-1a0952a7ad26">
      <TestCategory>
        <TestCategoryItem TestCategory="Managers" />
      </TestCategory>
      <Execution id="58c37a34-cc39-4195-b43f-7f507b54c055" />
      <TestMethod codeBase="D:\actions-runner\_work\XPCO\XPCO\AllSolutions\..\SC\Components\RemoteViewer\SmartClient\tst\zSmartClient_UnitTest\bin\x64\Debug\net6.0-windows\zSmartClient_UnitTest.dll" adapterTypeName="executor://mstestadapter/v2" className="SmartClient_UnitTest.VideoOS.RemoteClient.Application.Managers.ExportManagerTests" name="AddSelectedWindowsToExport_ShouldShowCorrectToastMessages" />
    </UnitTest>
    <UnitTest name="AddToExportDevices_ShouldReturnCorrectResult (1,0,0)" storage="d:\actions-runner\_work\xpco\xpco\allsolutions\..\sc\components\remoteviewer\smartclient\tst\zsmartclient_unittest\bin\x64\debug\net6.0-windows\zsmartclient_unittest.dll" id="5ab62b20-54a2-c1ce-b77e-78e0928171bb">
      <TestCategory>
        <TestCategoryItem TestCategory="Managers" />
      </TestCategory>
      <Execution id="48125f04-eea8-45d3-afc3-d785cf150e4a" />
      <TestMethod codeBase="D:\actions-runner\_work\XPCO\XPCO\AllSolutions\..\SC\Components\RemoteViewer\SmartClient\tst\zSmartClient_UnitTest\bin\x64\Debug\net6.0-windows\zSmartClient_UnitTest.dll" adapterTypeName="executor://mstestadapter/v2" className="SmartClient_UnitTest.VideoOS.RemoteClient.Application.Managers.ExportManagerTests" name="AddToExportDevices_ShouldReturnCorrectResult" />
    </UnitTest>
    <UnitTest name="ResolveSearchDefinitions_ShouldReturnResultSearchDefinition_WhenCombinedSearchResultWithSingleSubResultAndNullSearchDefinitionsAreGiven" storage="d:\actions-runner\_work\xpco\xpco\allsolutions\..\sc\components\remoteviewer\smartclient\tst\zsmartclient_unittest\bin\x64\debug\net6.0-windows\zsmartclient_unittest.dll" id="4efc28b2-fe1f-f63d-e78f-1c7f34702762">
      <TestCategory>
        <TestCategoryItem TestCategory="Search" />
      </TestCategory>
      <Execution id="6d1c8003-be09-4b48-a7a5-46122e657aac" />
      <TestMethod codeBase="D:\actions-runner\_work\XPCO\XPCO\AllSolutions\..\SC\Components\RemoteViewer\SmartClient\tst\zSmartClient_UnitTest\bin\x64\Debug\net6.0-windows\zSmartClient_UnitTest.dll" adapterTypeName="executor://mstestadapter/v2" className="SmartClient_UnitTest.VideoOS.RemoteClient.Plugin.CentralizedSearch.Utils.SearchResultDataWrapperExtensionsTests" name="ResolveSearchDefinitions_ShouldReturnResultSearchDefinition_WhenCombinedSearchResultWithSingleSubResultAndNullSearchDefinitionsAreGiven" />
    </UnitTest>
    <UnitTest name="ResolveSearchDefinitions_ShouldReturnResultSearchDefinitionInCorrectOrder_WhenCombinedSearchResultWithMultipleSubResultAndSearchDefinitionsContainingCorrectSearchDefinitionsAreGiven" storage="d:\actions-runner\_work\xpco\xpco\allsolutions\..\sc\components\remoteviewer\smartclient\tst\zsmartclient_unittest\bin\x64\debug\net6.0-windows\zsmartclient_unittest.dll" id="b998ca9d-3c07-a9b0-e337-f1f0a1809e45">
      <TestCategory>
        <TestCategoryItem TestCategory="Search" />
      </TestCategory>
      <Execution id="e575ce32-a7e5-4bf5-932c-2324671fe4e9" />
      <TestMethod codeBase="D:\actions-runner\_work\XPCO\XPCO\AllSolutions\..\SC\Components\RemoteViewer\SmartClient\tst\zSmartClient_UnitTest\bin\x64\Debug\net6.0-windows\zSmartClient_UnitTest.dll" adapterTypeName="executor://mstestadapter/v2" className="SmartClient_UnitTest.VideoOS.RemoteClient.Plugin.CentralizedSearch.Utils.SearchResultDataWrapperExtensionsTests" name="ResolveSearchDefinitions_ShouldReturnResultSearchDefinitionInCorrectOrder_WhenCombinedSearchResultWithMultipleSubResultAndSearchDefinitionsContainingCorrectSearchDefinitionsAreGiven" />
    </UnitTest>
    <UnitTest name="TestForAssemblyCoverage" storage="d:\actions-runner\_work\xpco\xpco\allsolutions\..\sc\components\remoteviewer\smartclient\tst\zsmartclient_unittest\bin\x64\debug\net6.0-windows\zsmartclient_unittest.dll" id="701d42cf-3ef2-9e45-4405-09554e002cc2">
      <Execution id="01c49b26-b8c4-422d-a382-5ecd5985a99e" />
      <TestMethod codeBase="D:\actions-runner\_work\XPCO\XPCO\AllSolutions\..\SC\Components\RemoteViewer\SmartClient\tst\zSmartClient_UnitTest\bin\x64\Debug\net6.0-windows\zSmartClient_UnitTest.dll" adapterTypeName="executor://mstestadapter/v2" className="SmartClient_UnitTest.VideoOS.RemoteClient.Plugin.Matrix.UnitTest1" name="TestForAssemblyCoverage" />
    </UnitTest>
    <UnitTest name="AuthType_ShouldReturnNegotiate_WhenConstructedUsingWindowsDefault" storage="d:\actions-runner\_work\xpco\xpco\allsolutions\..\sc\components\remoteviewer\smartclient\tst\zsmartclient_unittest\bin\x64\debug\net6.0-windows\zsmartclient_unittest.dll" id="3c6da4f1-e15b-e209-7afc-b41a7ac6ff10">
      <TestCategory>
        <TestCategoryItem TestCategory="Authentication.ClientCredentials" />
      </TestCategory>
      <Execution id="582ffff4-ae9e-43e3-930a-e8ca23a4a632" />
      <TestMethod codeBase="D:\actions-runner\_work\XPCO\XPCO\AllSolutions\..\SC\Components\RemoteViewer\SmartClient\tst\zSmartClient_UnitTest\bin\x64\Debug\net6.0-windows\zSmartClient_UnitTest.dll" adapterTypeName="executor://mstestadapter/v2" className="SmartClient_UnitTest.VideoOS.Shared.ServerAPI.ClientCredentialsTest" name="AuthType_ShouldReturnNegotiate_WhenConstructedUsingWindowsDefault" />
    </UnitTest>
    <UnitTest name="GetSubGroup_NewUser" storage="d:\actions-runner\_work\xpco\xpco\allsolutions\..\sc\components\remoteviewer\smartclient\tst\zsmartclient_unittest\bin\x64\debug\net6.0-windows\zsmartclient_unittest.dll" id="dc622a34-8cc7-4600-a4f3-cf01b26ced88">
      <Execution id="b59ee333-2e26-4ff3-b0e3-a51f174c87ca" />
      <TestMethod codeBase="D:\actions-runner\_work\XPCO\XPCO\AllSolutions\..\SC\Components\RemoteViewer\SmartClient\tst\zSmartClient_UnitTest\bin\x64\Debug\net6.0-windows\zSmartClient_UnitTest.dll" adapterTypeName="executor://mstestadapter/v2" className="SmartClient_UnitTest.VideoOS.Shared.ViewGroupSerializationControllerTests" name="GetSubGroup_NewUser" />
    </UnitTest>
    <UnitTest name="ScWorkspaceStateChangedEvent_ShouldSetDeviceStateToMuted_WhenSwitchingToSetupMode" storage="d:\actions-runner\_work\xpco\xpco\allsolutions\..\sc\components\remoteviewer\smartclient\tst\zsmartclient_unittest\bin\x64\debug\net6.0-windows\zsmartclient_unittest.dll" id="7bc82cbe-20de-caab-82e3-ab7c085d6916">
      <TestCategory>
        <TestCategoryItem TestCategory="GisMapData.MapLayers" />
      </TestCategory>
      <Execution id="a1bfe596-1386-491b-985f-2c27dc946fb6" />
      <TestMethod codeBase="D:\actions-runner\_work\XPCO\XPCO\AllSolutions\..\SC\Components\RemoteViewer\SmartClient\tst\zSmartClient_UnitTest\bin\x64\Debug\net6.0-windows\zSmartClient_UnitTest.dll" adapterTypeName="executor://mstestadapter/v2" className="SmartClient_UnitTest.VideoOS.RemoteClient.GisMapData.MapLayers.MicrophoneItemsMapLayerTests" name="ScWorkspaceStateChangedEvent_ShouldSetDeviceStateToMuted_WhenSwitchingToSetupMode" />
    </UnitTest>
    <UnitTest name="InputMapItem_ForceActivateAsync_NotInBuilding_Success" storage="d:\actions-runner\_work\xpco\xpco\allsolutions\..\sc\components\remoteviewer\smartclient\tst\zsmartclient_unittest\bin\x64\debug\net6.0-windows\zsmartclient_unittest.dll" id="49a421d1-e95e-714d-edf9-45ffcfd2a39e">
      <TestCategory>
        <TestCategoryItem TestCategory="GisMapData.MapItem.Inputs" />
      </TestCategory>
      <Execution id="8b8c8db6-b770-4030-b5b9-215a0ce969cc" />
      <TestMethod codeBase="D:\actions-runner\_work\XPCO\XPCO\AllSolutions\..\SC\Components\RemoteViewer\SmartClient\tst\zSmartClient_UnitTest\bin\x64\Debug\net6.0-windows\zSmartClient_UnitTest.dll" adapterTypeName="executor://mstestadapter/v2" className="SmartClient_UnitTest.VideoOS.RemoteClient.GisMapData.MapItem.Inputs.InputMapItemTests" name="InputMapItem_ForceActivateAsync_NotInBuilding_Success" />
    </UnitTest>
    <UnitTest name="IsBasicUser_ShouldReturnFalse_WhenConstructedUsingWindows" storage="d:\actions-runner\_work\xpco\xpco\allsolutions\..\sc\components\remoteviewer\smartclient\tst\zsmartclient_unittest\bin\x64\debug\net6.0-windows\zsmartclient_unittest.dll" id="98f27d45-2a93-357a-deeb-cbe956e4dc11">
      <TestCategory>
        <TestCategoryItem TestCategory="Authentication.ClientCredentials" />
      </TestCategory>
      <Execution id="1525da08-3099-49eb-83fe-129859a5eefa" />
      <TestMethod codeBase="D:\actions-runner\_work\XPCO\XPCO\AllSolutions\..\SC\Components\RemoteViewer\SmartClient\tst\zSmartClient_UnitTest\bin\x64\Debug\net6.0-windows\zSmartClient_UnitTest.dll" adapterTypeName="executor://mstestadapter/v2" className="SmartClient_UnitTest.VideoOS.Shared.ServerAPI.ClientCredentialsTest" name="IsBasicUser_ShouldReturnFalse_WhenConstructedUsingWindows" />
    </UnitTest>
    <UnitTest name="GetLayerFeatures_ShouldNotThrow_WhenLayersCollectionIsEmpty" storage="d:\actions-runner\_work\xpco\xpco\allsolutions\..\sc\components\remoteviewer\smartclient\tst\zsmartclient_unittest\bin\x64\debug\net6.0-windows\zsmartclient_unittest.dll" id="d2a9174b-0e8a-f538-f842-cd59e66f5936">
      <TestCategory>
        <TestCategoryItem TestCategory="GisMapData.Controllers.LayerFeatures" />
      </TestCategory>
      <Execution id="02db2a7d-f2a0-4004-a820-7d5ab8a61671" />
      <TestMethod codeBase="D:\actions-runner\_work\XPCO\XPCO\AllSolutions\..\SC\Components\RemoteViewer\SmartClient\tst\zSmartClient_UnitTest\bin\x64\Debug\net6.0-windows\zSmartClient_UnitTest.dll" adapterTypeName="executor://mstestadapter/v2" className="SmartClient_UnitTest.VideoOS.RemoteClient.GisMapData.Controllers.LayerFeatures.LayerFeaturesControllerTests" name="GetLayerFeatures_ShouldNotThrow_WhenLayersCollectionIsEmpty" />
    </UnitTest>
    <UnitTest name="PtzInfoViewModel_PtzNotCotrolledTest" storage="d:\actions-runner\_work\xpco\xpco\allsolutions\..\sc\components\remoteviewer\smartclient\tst\zsmartclient_unittest\bin\x64\debug\net6.0-windows\zsmartclient_unittest.dll" id="c126ef38-de54-9d14-e11c-edf70abaf073">
      <Execution id="1faeae04-fb38-4709-9ddd-6e77337850cf" />
      <TestMethod codeBase="D:\actions-runner\_work\XPCO\XPCO\AllSolutions\..\SC\Components\RemoteViewer\SmartClient\tst\zSmartClient_UnitTest\bin\x64\Debug\net6.0-windows\zSmartClient_UnitTest.dll" adapterTypeName="executor://mstestadapter/v2" className="SmartClient_UnitTest.VideoOS.RemoteClient.Plugin.Map.WPFObjects.PtzInfoViewModelUnitTest" name="PtzInfoViewModel_PtzNotCotrolledTest" />
    </UnitTest>
    <UnitTest name="Ctor_NullLogger_Failure" storage="d:\actions-runner\_work\xpco\xpco\allsolutions\..\sc\components\remoteviewer\smartclient\tst\zsmartclient_unittest\bin\x64\debug\net6.0-windows\zsmartclient_unittest.dll" id="3bf91338-9db5-e244-3437-2a694f10cdfe">
      <TestCategory>
        <TestCategoryItem TestCategory="Search" />
      </TestCategory>
      <Execution id="55d1d849-f236-4831-8f66-8b5537419ed1" />
      <TestMethod codeBase="D:\actions-runner\_work\XPCO\XPCO\AllSolutions\..\SC\Components\RemoteViewer\SmartClient\tst\zSmartClient_UnitTest\bin\x64\Debug\net6.0-windows\zSmartClient_UnitTest.dll" adapterTypeName="executor://mstestadapter/v2" className="SmartClient_UnitTest.VideoOS.RemoteClient.Plugin.CentralizedSearch.ViewModels.Data.SnapshotHandlerTests" name="Ctor_NullLogger_Failure" />
    </UnitTest>
    <UnitTest name="PtzPresetsMenuViewModel_PtzCotrolledByAnonymousTest" storage="d:\actions-runner\_work\xpco\xpco\allsolutions\..\sc\components\remoteviewer\smartclient\tst\zsmartclient_unittest\bin\x64\debug\net6.0-windows\zsmartclient_unittest.dll" id="f6db960c-c26a-9ba9-bdda-2ac9e0b27970">
      <Execution id="fbb5f2a1-8d5f-469d-bcf7-bfde259a953f" />
      <TestMethod codeBase="D:\actions-runner\_work\XPCO\XPCO\AllSolutions\..\SC\Components\RemoteViewer\SmartClient\tst\zSmartClient_UnitTest\bin\x64\Debug\net6.0-windows\zSmartClient_UnitTest.dll" adapterTypeName="executor://mstestadapter/v2" className="SmartClient_UnitTest.VideoOS.RemoteClient.Application.Data.ContentTypes.CameraContentType.PtzPresetsMenuViewModelTest" name="PtzPresetsMenuViewModel_PtzCotrolledByAnonymousTest" />
    </UnitTest>
    <UnitTest name="UpdateAndSaveBuilding_Success" storage="d:\actions-runner\_work\xpco\xpco\allsolutions\..\sc\components\remoteviewer\smartclient\tst\zsmartclient_unittest\bin\x64\debug\net6.0-windows\zsmartclient_unittest.dll" id="6abab9f6-2ccc-d047-2fba-1c19ca4d1351">
      <TestCategory>
        <TestCategoryItem TestCategory="GisMapBuilding" />
      </TestCategory>
      <Execution id="a6de099f-e713-48e2-85de-809d847f3b92" />
      <TestMethod codeBase="D:\actions-runner\_work\XPCO\XPCO\AllSolutions\..\SC\Components\RemoteViewer\SmartClient\tst\zSmartClient_UnitTest\bin\x64\Debug\net6.0-windows\zSmartClient_UnitTest.dll" adapterTypeName="executor://mstestadapter/v2" className="SmartClient_UnitTest.VideoOS.RemoteClient.GisMap.MapBuildingTests" name="UpdateAndSaveBuilding_Success" />
    </UnitTest>
    <UnitTest name="ActivatedOutputIconsId_ShouldReturnUnDeactivatedIconsInAProperOrder_WhenCalled" storage="d:\actions-runner\_work\xpco\xpco\allsolutions\..\sc\components\remoteviewer\smartclient\tst\zsmartclient_unittest\bin\x64\debug\net6.0-windows\zsmartclient_unittest.dll" id="a27dcab4-fe50-bb56-8a65-057bfb64a1f4">
      <TestCategory>
        <TestCategoryItem TestCategory="GisMapData.OutputOemResourcesProviderTests" />
      </TestCategory>
      <Execution id="97700688-55b4-4418-a4d8-896fd25f3378" />
      <TestMethod codeBase="D:\actions-runner\_work\XPCO\XPCO\AllSolutions\..\SC\Components\RemoteViewer\SmartClient\tst\zSmartClient_UnitTest\bin\x64\Debug\net6.0-windows\zSmartClient_UnitTest.dll" adapterTypeName="executor://mstestadapter/v2" className="SmartClient_UnitTest.VideoOS.RemoteClient.GisMapData.Resources.OutputOemResourcesProviderTests" name="ActivatedOutputIconsId_ShouldReturnUnDeactivatedIconsInAProperOrder_WhenCalled" />
    </UnitTest>
    <UnitTest name="PatrollingStepViewModel_SelectPreset" storage="d:\actions-runner\_work\xpco\xpco\allsolutions\..\sc\components\remoteviewer\smartclient\tst\zsmartclient_unittest\bin\x64\debug\net6.0-windows\zsmartclient_unittest.dll" id="0ae53827-c728-1e97-29dd-bbdf893d6166">
      <Execution id="fb7090c1-44b1-4eb2-a1bc-7cdf9c1cb9a1" />
      <TestMethod codeBase="D:\actions-runner\_work\XPCO\XPCO\AllSolutions\..\SC\Components\RemoteViewer\SmartClient\tst\zSmartClient_UnitTest\bin\x64\Debug\net6.0-windows\zSmartClient_UnitTest.dll" adapterTypeName="executor://mstestadapter/v2" className="SmartClient_UnitTest.VideoOS.RemoteClient.Application.UI.PtzPreset.PatrollingViewModel.PatrollingStepViewModelTest" name="PatrollingStepViewModel_SelectPreset" />
    </UnitTest>
    <UnitTest name="GetSnapshots_InvalidSnapshotPath_Failure" storage="d:\actions-runner\_work\xpco\xpco\allsolutions\..\sc\components\remoteviewer\smartclient\tst\zsmartclient_unittest\bin\x64\debug\net6.0-windows\zsmartclient_unittest.dll" id="89684484-4d0f-00a8-989b-9cbdfecf3e30">
      <TestCategory>
        <TestCategoryItem TestCategory="Search" />
      </TestCategory>
      <Execution id="53ec8ff5-8fc4-47aa-bdd2-a350c353890d" />
      <TestMethod codeBase="D:\actions-runner\_work\XPCO\XPCO\AllSolutions\..\SC\Components\RemoteViewer\SmartClient\tst\zSmartClient_UnitTest\bin\x64\Debug\net6.0-windows\zSmartClient_UnitTest.dll" adapterTypeName="executor://mstestadapter/v2" className="SmartClient_UnitTest.VideoOS.RemoteClient.Plugin.CentralizedSearch.ViewModels.Data.SnapshotHandlerTests" name="GetSnapshots_InvalidSnapshotPath_Failure" />
    </UnitTest>
    <UnitTest name="HasMd5ProviderStrategy_ShouldReturnTrue_WhenSomeEventServerIdAreNonFipsCompliant" storage="d:\actions-runner\_work\xpco\xpco\allsolutions\..\sc\components\remoteviewer\smartclient\tst\zsmartclient_unittest\bin\x64\debug\net6.0-windows\zsmartclient_unittest.dll" id="9c23bc24-c1ee-6f47-512c-5d239bfcd591">
      <TestCategory>
        <TestCategoryItem TestCategory="AccessControl.Services" />
      </TestCategory>
      <Execution id="470a6b11-764c-4cc0-a29c-422ae89a712d" />
      <TestMethod codeBase="D:\actions-runner\_work\XPCO\XPCO\AllSolutions\..\SC\Components\RemoteViewer\SmartClient\tst\zSmartClient_UnitTest\bin\x64\Debug\net6.0-windows\zSmartClient_UnitTest.dll" adapterTypeName="executor://mstestadapter/v2" className="SmartClient_UnitTest.VideoOS.RemoteClient.AccessControl.Services.AccessControlGuidProviderTests" name="HasMd5ProviderStrategy_ShouldReturnTrue_WhenSomeEventServerIdAreNonFipsCompliant" />
    </UnitTest>
    <UnitTest name="CreateCameraListItem_ShouldCreateNotEnabledCamera_WhenEnabledParameterIsFalse" storage="d:\actions-runner\_work\xpco\xpco\allsolutions\..\sc\components\remoteviewer\smartclient\tst\zsmartclient_unittest\bin\x64\debug\net6.0-windows\zsmartclient_unittest.dll" id="4ccdfeb9-004d-3fe2-5c2e-c79ef1dd5941">
      <TestCategory>
        <TestCategoryItem TestCategory="Search.Filters.ViewModels" />
      </TestCategory>
      <Execution id="f2996a76-7858-416e-9181-267ee8e198c8" />
      <TestMethod codeBase="D:\actions-runner\_work\XPCO\XPCO\AllSolutions\..\SC\Components\RemoteViewer\SmartClient\tst\zSmartClient_UnitTest\bin\x64\Debug\net6.0-windows\zSmartClient_UnitTest.dll" adapterTypeName="executor://mstestadapter/v2" className="SmartClient_UnitTest.VideoOS.RemoteClient.Plugin.CentralizedSearch.MIPPlugin.Criteria.ViewModels.SmartSearchCameraListItemHelperTests" name="CreateCameraListItem_ShouldCreateNotEnabledCamera_WhenEnabledParameterIsFalse" />
    </UnitTest>
    <UnitTest name="SearchAction_LiveMode" storage="d:\actions-runner\_work\xpco\xpco\allsolutions\..\sc\components\remoteviewer\smartclient\tst\zsmartclient_unittest\bin\x64\debug\net6.0-windows\zsmartclient_unittest.dll" id="bc3083b0-a3ea-e4f1-9c27-4c183b204440">
      <TestCategory>
        <TestCategoryItem TestCategory="ContentHolderToolbar" />
      </TestCategory>
      <Execution id="a252462c-aeca-424a-8720-4b5b7aac1045" />
      <TestMethod codeBase="D:\actions-runner\_work\XPCO\XPCO\AllSolutions\..\SC\Components\RemoteViewer\SmartClient\tst\zSmartClient_UnitTest\bin\x64\Debug\net6.0-windows\zSmartClient_UnitTest.dll" adapterTypeName="executor://mstestadapter/v2" className="SmartClient_UnitTest.VideoOS.RemoteClient.Application.Data.ContentHolderToolbar.ToolBarItemSearchTests" name="SearchAction_LiveMode" />
    </UnitTest>
    <UnitTest name="DeviceIcons_ShouldReturnIconsInAProperOrder_WhenCalled" storage="d:\actions-runner\_work\xpco\xpco\allsolutions\..\sc\components\remoteviewer\smartclient\tst\zsmartclient_unittest\bin\x64\debug\net6.0-windows\zsmartclient_unittest.dll" id="62930b8c-e45e-fc1a-2573-556c126ac982">
      <TestCategory>
        <TestCategoryItem TestCategory="GisMapData.MicrophoneOemResourcesProviderTests" />
      </TestCategory>
      <Execution id="91382fbb-3c3c-40b7-8fe2-3d448d1ad731" />
      <TestMethod codeBase="D:\actions-runner\_work\XPCO\XPCO\AllSolutions\..\SC\Components\RemoteViewer\SmartClient\tst\zSmartClient_UnitTest\bin\x64\Debug\net6.0-windows\zSmartClient_UnitTest.dll" adapterTypeName="executor://mstestadapter/v2" className="SmartClient_UnitTest.VideoOS.RemoteClient.GisMapData.Resources.MicrophoneOemResourcesProviderTests" name="DeviceIcons_ShouldReturnIconsInAProperOrder_WhenCalled" />
    </UnitTest>
    <UnitTest name="Constructor_ShouldRaiseArgumentNullException_WhenNextDeviceDataHandlerIsNull" storage="d:\actions-runner\_work\xpco\xpco\allsolutions\..\sc\components\remoteviewer\smartclient\tst\zsmartclient_unittest\bin\x64\debug\net6.0-windows\zsmartclient_unittest.dll" id="3dd17c2d-4aaa-fdf7-41d3-a00ff3aff086">
      <TestCategory>
        <TestCategoryItem TestCategory="GisMap.Handlers.Devices.MapItems" />
      </TestCategory>
      <Execution id="711b5f59-fce2-4ca8-94e6-388538479a70" />
      <TestMethod codeBase="D:\actions-runner\_work\XPCO\XPCO\AllSolutions\..\SC\Components\RemoteViewer\SmartClient\tst\zSmartClient_UnitTest\bin\x64\Debug\net6.0-windows\zSmartClient_UnitTest.dll" adapterTypeName="executor://mstestadapter/v2" className="SmartClient_UnitTest.VideoOS.RemoteClient.Plugin.GisMap.Handlers.Devices.MapItems.InputDataHandlerTests" name="Constructor_ShouldRaiseArgumentNullException_WhenNextDeviceDataHandlerIsNull" />
    </UnitTest>
    <UnitTest name="DateToStringConverter_SingleConvertBack_Fail" storage="d:\actions-runner\_work\xpco\xpco\allsolutions\..\sc\components\remoteviewer\smartclient\tst\zsmartclient_unittest\bin\x64\debug\net6.0-windows\zsmartclient_unittest.dll" id="313c09e0-411a-75b7-e96b-3ca0dbd86c48">
      <TestCategory>
        <TestCategoryItem TestCategory="SearchConverter" />
      </TestCategory>
      <Execution id="72eb928b-3861-4bc9-9ba7-f2ff5c73bb88" />
      <TestMethod codeBase="D:\actions-runner\_work\XPCO\XPCO\AllSolutions\..\SC\Components\RemoteViewer\SmartClient\tst\zSmartClient_UnitTest\bin\x64\Debug\net6.0-windows\zSmartClient_UnitTest.dll" adapterTypeName="executor://mstestadapter/v2" className="SmartClient_UnitTest.VideoOS.RemoteClient.Plugin.CentralizedSearch.Views.Converters.DurationToStringConverterTests" name="DateToStringConverter_SingleConvertBack_Fail" />
    </UnitTest>
    <UnitTest name="CreateMenuItem_SetsIcons" storage="d:\actions-runner\_work\xpco\xpco\allsolutions\..\sc\components\remoteviewer\smartclient\tst\zsmartclient_unittest\bin\x64\debug\net6.0-windows\zsmartclient_unittest.dll" id="a7ae775e-2c15-1f46-f93f-e37442fe54d1">
      <TestCategory>
        <TestCategoryItem TestCategory="GisMapMip" />
      </TestCategory>
      <Execution id="ee923665-03af-42c2-87c8-a933e8f293ea" />
      <TestMethod codeBase="D:\actions-runner\_work\XPCO\XPCO\AllSolutions\..\SC\Components\RemoteViewer\SmartClient\tst\zSmartClient_UnitTest\bin\x64\Debug\net6.0-windows\zSmartClient_UnitTest.dll" adapterTypeName="executor://mstestadapter/v2" className="SmartClient_UnitTest.VideoOS.RemoteClient.Plugin.GisMap.ThinkGeoMap.ContextMenuUtils.MipItemActionsContextMenuTests" name="CreateMenuItem_SetsIcons" />
    </UnitTest>
    <UnitTest name="HandleGetDeviceData_ShouldReturnInputData_WhenInputKindAndExistingInputId" storage="d:\actions-runner\_work\xpco\xpco\allsolutions\..\sc\components\remoteviewer\smartclient\tst\zsmartclient_unittest\bin\x64\debug\net6.0-windows\zsmartclient_unittest.dll" id="01f34d8e-771f-fa5c-163a-25421605a156">
      <TestCategory>
        <TestCategoryItem TestCategory="GisMap.Handlers.Devices.MapItems" />
      </TestCategory>
      <Execution id="1117d901-e003-4e58-810e-774198351587" />
      <TestMethod codeBase="D:\actions-runner\_work\XPCO\XPCO\AllSolutions\..\SC\Components\RemoteViewer\SmartClient\tst\zSmartClient_UnitTest\bin\x64\Debug\net6.0-windows\zSmartClient_UnitTest.dll" adapterTypeName="executor://mstestadapter/v2" className="SmartClient_UnitTest.VideoOS.RemoteClient.Plugin.GisMap.Handlers.Devices.MapItems.InputDataHandlerTests" name="HandleGetDeviceData_ShouldReturnInputData_WhenInputKindAndExistingInputId" />
    </UnitTest>
    <UnitTest name="MarkerFactory_WhenMarkerDoesNotExistForMapItem_ShouldReturnNull" storage="d:\actions-runner\_work\xpco\xpco\allsolutions\..\sc\components\remoteviewer\smartclient\tst\zsmartclient_unittest\bin\x64\debug\net6.0-windows\zsmartclient_unittest.dll" id="1908903c-8778-1771-d8eb-296b41bd1c8a">
      <TestCategory>
        <TestCategoryItem TestCategory="GisMap.MarkerFactory" />
      </TestCategory>
      <Execution id="a050b01b-b4ac-4908-86a1-31a60c66f436" />
      <TestMethod codeBase="D:\actions-runner\_work\XPCO\XPCO\AllSolutions\..\SC\Components\RemoteViewer\SmartClient\tst\zSmartClient_UnitTest\bin\x64\Debug\net6.0-windows\zSmartClient_UnitTest.dll" adapterTypeName="executor://mstestadapter/v2" className="SmartClient_UnitTest.VideoOS.RemoteClient.Plugin.GisMap.IoC.MarkerFactoryTests" name="MarkerFactory_WhenMarkerDoesNotExistForMapItem_ShouldReturnNull" />
    </UnitTest>
    <UnitTest name="False" storage="d:\actions-runner\_work\xpco\xpco\allsolutions\..\sc\components\remoteviewer\smartclient\tst\zsmartclient_unittest\bin\x64\debug\net6.0-windows\zsmartclient_unittest.dll" id="dfc99105-842d-994d-413a-71febf5a5573">
      <TestCategory>
        <TestCategoryItem TestCategory="WorkspaceToolbar" />
      </TestCategory>
      <Execution id="51331dcc-ca3b-472c-b8ac-1397daa2a623" />
      <TestMethod codeBase="D:\actions-runner\_work\XPCO\XPCO\AllSolutions\..\SC\Components\RemoteViewer\SmartClient\tst\zSmartClient_UnitTest\bin\x64\Debug\net6.0-windows\zSmartClient_UnitTest.dll" adapterTypeName="executor://mstestadapter/v2" className="SmartClient_UnitTest.VideoOS.RemoteClient.Application.Data.WorkspaceToolbar.WorkspaceToolbarItemMipPluginTests" name="BindingModelVisible_Matches_PluginInstanceVisible" />
    </UnitTest>
    <UnitTest name="IncludeViewItemToggledEvent_ShouldAddViewItemToIncludedViewItems_WhenIncludedIsTrueOnContentHolderControl" storage="d:\actions-runner\_work\xpco\xpco\allsolutions\..\sc\components\remoteviewer\smartclient\tst\zsmartclient_unittest\bin\x64\debug\net6.0-windows\zsmartclient_unittest.dll" id="31d5d148-0cd6-8d1e-0567-f1c07ae35162">
      <TestCategory>
        <TestCategoryItem TestCategory="ContentHolder" />
      </TestCategory>
      <Execution id="7e6a9442-7c67-4489-a57e-28a316bc9da0" />
      <TestMethod codeBase="D:\actions-runner\_work\XPCO\XPCO\AllSolutions\..\SC\Components\RemoteViewer\SmartClient\tst\zSmartClient_UnitTest\bin\x64\Debug\net6.0-windows\zSmartClient_UnitTest.dll" adapterTypeName="executor://mstestadapter/v2" className="SmartClient_UnitTest.VideoOS.RemoteClient.Application.Data.ContentTypes.ContentTypeBase.ContentHolderBaseTests" name="IncludeViewItemToggledEvent_ShouldAddViewItemToIncludedViewItems_WhenIncludedIsTrueOnContentHolderControl" />
    </UnitTest>
    <UnitTest name="IsSearchInProgressChanged_Success" storage="d:\actions-runner\_work\xpco\xpco\allsolutions\..\sc\components\remoteviewer\smartclient\tst\zsmartclient_unittest\bin\x64\debug\net6.0-windows\zsmartclient_unittest.dll" id="27940d64-03df-8f28-2a77-22152c4e2bc7">
      <TestCategory>
        <TestCategoryItem TestCategory="SearchResultViewModels" />
      </TestCategory>
      <Execution id="cd84a976-dceb-4def-8735-b294450650df" />
      <TestMethod codeBase="D:\actions-runner\_work\XPCO\XPCO\AllSolutions\..\SC\Components\RemoteViewer\SmartClient\tst\zSmartClient_UnitTest\bin\x64\Debug\net6.0-windows\zSmartClient_UnitTest.dll" adapterTypeName="executor://mstestadapter/v2" className="SmartClient_UnitTest.VideoOS.RemoteClient.Plugin.CentralizedSearch.ViewModels.SearchResultsViewModelTest" name="IsSearchInProgressChanged_Success" />
    </UnitTest>
    <UnitTest name="ToSafeName_NullName_Failure" storage="d:\actions-runner\_work\xpco\xpco\allsolutions\..\sc\components\remoteviewer\smartclient\tst\zsmartclient_unittest\bin\x64\debug\net6.0-windows\zsmartclient_unittest.dll" id="e288d304-5f35-f382-d06b-9b0ed9edf0e1">
      <Execution id="ef3f34fb-d15d-40b2-aab2-75f9a013198c" />
      <TestMethod codeBase="D:\actions-runner\_work\XPCO\XPCO\AllSolutions\..\SC\Components\RemoteViewer\SmartClient\tst\zSmartClient_UnitTest\bin\x64\Debug\net6.0-windows\zSmartClient_UnitTest.dll" adapterTypeName="executor://mstestadapter/v2" className="SmartClient_UnitTest.VideoOS.RemoteClient.Application.Common.Scripting.ReservedJavascriptKeywordsTests" name="ToSafeName_NullName_Failure" />
    </UnitTest>
    <UnitTest name="GeNumberOfMonitors_GetResolution_ShouldReturnValidValue" storage="d:\actions-runner\_work\xpco\xpco\allsolutions\..\sc\components\remoteviewer\smartclient\tst\zsmartclient_unittest\bin\x64\debug\net6.0-windows\zsmartclient_unittest.dll" id="82581c83-f8ac-d2d4-2282-bfb72f7ace78">
      <Execution id="44086d31-4a96-4588-acf3-a4ce5cb9c632" />
      <TestMethod codeBase="D:\actions-runner\_work\XPCO\XPCO\AllSolutions\..\SC\Components\RemoteViewer\SmartClient\tst\zSmartClient_UnitTest\bin\x64\Debug\net6.0-windows\zSmartClient_UnitTest.dll" adapterTypeName="executor://mstestadapter/v2" className="SmartClient_UnitTest.VideoOS.RemoteClient.Application.Common.Telemetry.SCTelemetrySpecificsTests" name="GeNumberOfMonitors_GetResolution_ShouldReturnValidValue" />
    </UnitTest>
    <UnitTest name="TestImplicitOperator_Polygon_Success" storage="d:\actions-runner\_work\xpco\xpco\allsolutions\..\sc\components\remoteviewer\smartclient\tst\zsmartclient_unittest\bin\x64\debug\net6.0-windows\zsmartclient_unittest.dll" id="521edd59-e00a-7fda-d2c0-b2558265b67a">
      <TestCategory>
        <TestCategoryItem TestCategory="GisMap" />
      </TestCategory>
      <Execution id="3fedd920-7d1f-40df-8e58-590a48bd47a2" />
      <TestMethod codeBase="D:\actions-runner\_work\XPCO\XPCO\AllSolutions\..\SC\Components\RemoteViewer\SmartClient\tst\zSmartClient_UnitTest\bin\x64\Debug\net6.0-windows\zSmartClient_UnitTest.dll" adapterTypeName="executor://mstestadapter/v2" className="SmartClient_UnitTest.VideoOS.RemoteClient.GisMap.Common.MapPolygonTest" name="TestImplicitOperator_Polygon_Success" />
    </UnitTest>
    <UnitTest name="AddSelectedWindowsToExport_ShouldShowCorrectToastMessages (0,0,0)" storage="d:\actions-runner\_work\xpco\xpco\allsolutions\..\sc\components\remoteviewer\smartclient\tst\zsmartclient_unittest\bin\x64\debug\net6.0-windows\zsmartclient_unittest.dll" id="171feea5-abd8-a592-59bf-79484281ec17">
      <TestCategory>
        <TestCategoryItem TestCategory="Managers" />
      </TestCategory>
      <Execution id="cbde2bb2-abe9-4d3c-87fe-b8c4b3a6508c" />
      <TestMethod codeBase="D:\actions-runner\_work\XPCO\XPCO\AllSolutions\..\SC\Components\RemoteViewer\SmartClient\tst\zSmartClient_UnitTest\bin\x64\Debug\net6.0-windows\zSmartClient_UnitTest.dll" adapterTypeName="executor://mstestadapter/v2" className="SmartClient_UnitTest.VideoOS.RemoteClient.Application.Managers.ExportManagerTests" name="AddSelectedWindowsToExport_ShouldShowCorrectToastMessages" />
    </UnitTest>
    <UnitTest name="OnLayersRetrieved_ShouldSetComponentsToInput_WhenLayersCollectionContainsOutput" storage="d:\actions-runner\_work\xpco\xpco\allsolutions\..\sc\components\remoteviewer\smartclient\tst\zsmartclient_unittest\bin\x64\debug\net6.0-windows\zsmartclient_unittest.dll" id="81839942-eab6-dd11-a06f-a19981ad17ba">
      <TestCategory>
        <TestCategoryItem TestCategory="GisMap.DeviceSelectorWindowViewModel" />
      </TestCategory>
      <Execution id="15822fc1-a9ca-4162-95e9-7703794c8d9c" />
      <TestMethod codeBase="D:\actions-runner\_work\XPCO\XPCO\AllSolutions\..\SC\Components\RemoteViewer\SmartClient\tst\zSmartClient_UnitTest\bin\x64\Debug\net6.0-windows\zSmartClient_UnitTest.dll" adapterTypeName="executor://mstestadapter/v2" className="SmartClient_UnitTest.VideoOS.RemoteClient.Plugin.GisMap.ViewModels.DeviceSelectorWindowViewModelTests" name="OnLayersRetrieved_ShouldSetComponentsToInput_WhenLayersCollectionContainsOutput" />
    </UnitTest>
    <UnitTest name="IsCurrentCenterEqualTo_ShouldReturnFalse_WhenValuesAreNotEqualWithinGivenPrecision" storage="d:\actions-runner\_work\xpco\xpco\allsolutions\..\sc\components\remoteviewer\smartclient\tst\zsmartclient_unittest\bin\x64\debug\net6.0-windows\zsmartclient_unittest.dll" id="2a4b4823-fd60-1de2-7bef-a1adf9e470c2">
      <TestCategory>
        <TestCategoryItem TestCategory="MapExtentManager" />
      </TestCategory>
      <Execution id="e1a3eda1-a956-46a3-8532-179a7181513c" />
      <TestMethod codeBase="D:\actions-runner\_work\XPCO\XPCO\AllSolutions\..\SC\Components\RemoteViewer\SmartClient\tst\zSmartClient_UnitTest\bin\x64\Debug\net6.0-windows\zSmartClient_UnitTest.dll" adapterTypeName="executor://mstestadapter/v2" className="SmartClient_UnitTest.VideoOS.RemoteClient.Plugin.GisMap.ThinkGeoMap.Settings.ThinkGeoMapExtentManagerTests" name="IsCurrentCenterEqualTo_ShouldReturnFalse_WhenValuesAreNotEqualWithinGivenPrecision" />
    </UnitTest>
    <UnitTest name="NearestPossibleZoomLevel_ShouldReturnZoomLevel19_WhenScaleIsZoomLevel19" storage="d:\actions-runner\_work\xpco\xpco\allsolutions\..\sc\components\remoteviewer\smartclient\tst\zsmartclient_unittest\bin\x64\debug\net6.0-windows\zsmartclient_unittest.dll" id="83492e0d-212b-a788-b283-557077b5c1d0">
      <TestCategory>
        <TestCategoryItem TestCategory="MapExtentManager" />
      </TestCategory>
      <Execution id="9013e87f-f3eb-490e-adce-2003c3fbaf91" />
      <TestMethod codeBase="D:\actions-runner\_work\XPCO\XPCO\AllSolutions\..\SC\Components\RemoteViewer\SmartClient\tst\zSmartClient_UnitTest\bin\x64\Debug\net6.0-windows\zSmartClient_UnitTest.dll" adapterTypeName="executor://mstestadapter/v2" className="SmartClient_UnitTest.VideoOS.RemoteClient.Plugin.GisMap.ThinkGeoMap.Settings.ThinkGeoMapExtentManagerTests" name="NearestPossibleZoomLevel_ShouldReturnZoomLevel19_WhenScaleIsZoomLevel19" />
    </UnitTest>
    <UnitTest name="CreateDefinition_FireMultipleSearchResultsInOneEvent_SearchFinishedWithResults" storage="d:\actions-runner\_work\xpco\xpco\allsolutions\..\sc\components\remoteviewer\smartclient\tst\zsmartclient_unittest\bin\x64\debug\net6.0-windows\zsmartclient_unittest.dll" id="16850f24-a3f3-b035-b0b3-7c99490a9542">
      <TestCategory>
        <TestCategoryItem TestCategory="SearchModels" />
      </TestCategory>
      <Execution id="c3ba88b4-acaf-4015-91af-9165cd1aab6a" />
      <TestMethod codeBase="D:\actions-runner\_work\XPCO\XPCO\AllSolutions\..\SC\Components\RemoteViewer\SmartClient\tst\zSmartClient_UnitTest\bin\x64\Debug\net6.0-windows\zSmartClient_UnitTest.dll" adapterTypeName="executor://mstestadapter/v2" className="SmartClient_UnitTest.VideoOS.RemoteClient.Plugin.CentralizedSearch.Models.SearchModelTests" name="CreateDefinition_FireMultipleSearchResultsInOneEvent_SearchFinishedWithResults" />
    </UnitTest>
    <UnitTest name="SmartMapGoToLocationHandler_WhenLocationCanNotBeFound_ShouldWriteToLog" storage="d:\actions-runner\_work\xpco\xpco\allsolutions\..\sc\components\remoteviewer\smartclient\tst\zsmartclient_unittest\bin\x64\debug\net6.0-windows\zsmartclient_unittest.dll" id="4095d4e0-7747-4418-2cba-d8d1b699249f">
      <Execution id="01dda2cc-ec0f-460f-a081-a51352ca8993" />
      <TestMethod codeBase="D:\actions-runner\_work\XPCO\XPCO\AllSolutions\..\SC\Components\RemoteViewer\SmartClient\tst\zSmartClient_UnitTest\bin\x64\Debug\net6.0-windows\zSmartClient_UnitTest.dll" adapterTypeName="executor://mstestadapter/v2" className="SmartClient_UnitTest.VideoOS.RemoteClient.Plugin.GisMap.MIP.ContentHolderMipMessageManagerTests" name="SmartMapGoToLocationHandler_WhenLocationCanNotBeFound_ShouldWriteToLog" />
    </UnitTest>
    <UnitTest name="SearchResultCombineType_DefaultValue_And" storage="d:\actions-runner\_work\xpco\xpco\allsolutions\..\sc\components\remoteviewer\smartclient\tst\zsmartclient_unittest\bin\x64\debug\net6.0-windows\zsmartclient_unittest.dll" id="cadbf7d4-d58e-eeac-6faf-7c00f5bba9ec">
      <TestCategory>
        <TestCategoryItem TestCategory="SearchViewModels" />
      </TestCategory>
      <Execution id="c755dc28-d5cd-4800-aa84-10f1332d43f4" />
      <TestMethod codeBase="D:\actions-runner\_work\XPCO\XPCO\AllSolutions\..\SC\Components\RemoteViewer\SmartClient\tst\zSmartClient_UnitTest\bin\x64\Debug\net6.0-windows\zSmartClient_UnitTest.dll" adapterTypeName="executor://mstestadapter/v2" className="SmartClient_UnitTest.VideoOS.RemoteClient.Plugin.CentralizedSearch.ViewModels.SearchViewModelTests" name="SearchResultCombineType_DefaultValue_And" />
    </UnitTest>
    <UnitTest name="AddSelectedCameras_TooManyCamerasMultiple_AddedUntilMaxAndWarningMessageDisplayed" storage="d:\actions-runner\_work\xpco\xpco\allsolutions\..\sc\components\remoteviewer\smartclient\tst\zsmartclient_unittest\bin\x64\debug\net6.0-windows\zsmartclient_unittest.dll" id="4c079a3c-32b1-18a2-0888-498e65e1e695">
      <TestCategory>
        <TestCategoryItem TestCategory="SearchViewModels" />
      </TestCategory>
      <Execution id="f4652280-7d46-4dac-8839-8daa7aa594c0" />
      <TestMethod codeBase="D:\actions-runner\_work\XPCO\XPCO\AllSolutions\..\SC\Components\RemoteViewer\SmartClient\tst\zSmartClient_UnitTest\bin\x64\Debug\net6.0-windows\zSmartClient_UnitTest.dll" adapterTypeName="executor://mstestadapter/v2" className="SmartClient_UnitTest.VideoOS.RemoteClient.Plugin.CentralizedSearch.ViewModels.SearchViewModelTests" name="AddSelectedCameras_TooManyCamerasMultiple_AddedUntilMaxAndWarningMessageDisplayed" />
    </UnitTest>
    <UnitTest name="GetSLC_ShouldReturnEmptyString_WhenLicenseIsNull" storage="d:\actions-runner\_work\xpco\xpco\allsolutions\..\sc\components\remoteviewer\smartclient\tst\zsmartclient_unittest\bin\x64\debug\net6.0-windows\zsmartclient_unittest.dll" id="f64b2eb0-431a-6fbc-c692-f413cacfb737">
      <Execution id="48be13f8-6fd4-4543-8602-80237acd8938" />
      <TestMethod codeBase="D:\actions-runner\_work\XPCO\XPCO\AllSolutions\..\SC\Components\RemoteViewer\SmartClient\tst\zSmartClient_UnitTest\bin\x64\Debug\net6.0-windows\zSmartClient_UnitTest.dll" adapterTypeName="executor://mstestadapter/v2" className="SmartClient_UnitTest.VideoOS.RemoteClient.Application.Common.Telemetry.SCTelemetrySpecificsTests" name="GetSLC_ShouldReturnEmptyString_WhenLicenseIsNull" />
    </UnitTest>
    <UnitTest name="Toolbar_HasButtonsVisibleByDefault_WhenInLive" storage="d:\actions-runner\_work\xpco\xpco\allsolutions\..\sc\components\remoteviewer\smartclient\tst\zsmartclient_unittest\bin\x64\debug\net6.0-windows\zsmartclient_unittest.dll" id="9a0ec1ee-717c-f9be-241c-4cf9cb866a4c">
      <TestCategory>
        <TestCategoryItem TestCategory="WorkspaceToolbar" />
      </TestCategory>
      <Execution id="8cbe0cd2-f7a3-4fbc-ac91-38c4cca20fa4" />
      <TestMethod codeBase="D:\actions-runner\_work\XPCO\XPCO\AllSolutions\..\SC\Components\RemoteViewer\SmartClient\tst\zSmartClient_UnitTest\bin\x64\Debug\net6.0-windows\zSmartClient_UnitTest.dll" adapterTypeName="executor://mstestadapter/v2" className="SmartClient_UnitTest.VideoOS.RemoteClient.Application.UI.Content.WorkspaceToolbar.WorkspaceToolbarViewModelTests" name="Toolbar_HasButtonsVisibleByDefault_WhenInLive" />
    </UnitTest>
    <UnitTest name="Initialize_ShouldAttachOptionChanged_WhenAllowOnlyFipsAlgorithmsIsTrueAndAllEventServerIdsAreFipsCompliant" storage="d:\actions-runner\_work\xpco\xpco\allsolutions\..\sc\components\remoteviewer\smartclient\tst\zsmartclient_unittest\bin\x64\debug\net6.0-windows\zsmartclient_unittest.dll" id="c0d785e8-8864-98d5-b13c-b47a7d8658f2">
      <TestCategory>
        <TestCategoryItem TestCategory="AccessControl" />
      </TestCategory>
      <Execution id="9f4e8918-422a-4ee5-a138-83d9db76aaf3" />
      <TestMethod codeBase="D:\actions-runner\_work\XPCO\XPCO\AllSolutions\..\SC\Components\RemoteViewer\SmartClient\tst\zSmartClient_UnitTest\bin\x64\Debug\net6.0-windows\zSmartClient_UnitTest.dll" adapterTypeName="executor://mstestadapter/v2" className="SmartClient_UnitTest.VideoOS.RemoteClient.AccessControl.AccessControlManagerCoreTests" name="Initialize_ShouldAttachOptionChanged_WhenAllowOnlyFipsAlgorithmsIsTrueAndAllEventServerIdsAreFipsCompliant" />
    </UnitTest>
    <UnitTest name="GetBoundingShapesAsync_ShouldIgnoreNullBoundingShapesCollectionFromSubResults" storage="d:\actions-runner\_work\xpco\xpco\allsolutions\..\sc\components\remoteviewer\smartclient\tst\zsmartclient_unittest\bin\x64\debug\net6.0-windows\zsmartclient_unittest.dll" id="ac8063fd-ec4b-484a-0383-753253f47780">
      <TestCategory>
        <TestCategoryItem TestCategory="Search.Wrappers" />
      </TestCategory>
      <Execution id="094d304b-7acf-4b6b-b962-52c7d619369f" />
      <TestMethod codeBase="D:\actions-runner\_work\XPCO\XPCO\AllSolutions\..\SC\Components\RemoteViewer\SmartClient\tst\zSmartClient_UnitTest\bin\x64\Debug\net6.0-windows\zSmartClient_UnitTest.dll" adapterTypeName="executor://mstestadapter/v2" className="SmartClient_UnitTest.VideoOS.RemoteClient.Plugin.CentralizedSearch.Models.Wrappers.CombinedSearchResultDataWrapperTests" name="GetBoundingShapesAsync_ShouldIgnoreNullBoundingShapesCollectionFromSubResults" />
    </UnitTest>
  </TestDefinitions>
  <TestEntries>
    <TestEntry testId="17c23f4a-d1aa-c7f2-4b0c-28e098799329" executionId="caa2d3a0-d5fb-4aba-8e50-4771d1b66fae" testListId="8c84fa94-04c1-424b-9868-57a2d4851a1d" />
    <TestEntry testId="eeed665d-fc4a-36d4-2080-835d14f41e2a" executionId="06bdfe45-c444-4389-bbf7-eefd3b7d2b07" testListId="8c84fa94-04c1-424b-9868-57a2d4851a1d" />
    <TestEntry testId="a00003bd-aa50-3927-aba0-52fe02475d39" executionId="17901cf8-fb4d-4c69-9c11-cc3c14b32832" testListId="8c84fa94-04c1-424b-9868-57a2d4851a1d" />
    <TestEntry testId="229876bb-741e-424e-6d09-7576e2519ca6" executionId="af2e9eec-520d-426f-8f1b-56164cebb499" testListId="8c84fa94-04c1-424b-9868-57a2d4851a1d" />
    <TestEntry testId="10a72da7-6e6a-e08f-6884-b1f500f16a56" executionId="d87b5a5f-499d-4619-9543-7204bd59e803" testListId="8c84fa94-04c1-424b-9868-57a2d4851a1d" />
    <TestEntry testId="d640e950-edb7-4ec2-9af0-4b559a6b67cf" executionId="6c81c67f-b6d0-488c-8275-b8dabd647a05" testListId="8c84fa94-04c1-424b-9868-57a2d4851a1d" />
    <TestEntry testId="d3e820a3-4350-83fc-1d0e-9c98ed12693d" executionId="2627139e-36d0-4ed9-9525-f0bc32e051e2" testListId="8c84fa94-04c1-424b-9868-57a2d4851a1d" />
    <TestEntry testId="923f1aa7-880c-4c72-8f5e-a07409280a9b" executionId="e4a58269-1f84-4059-b8bb-7b9fb87a8f1e" testListId="8c84fa94-04c1-424b-9868-57a2d4851a1d" />
    <TestEntry testId="b45956e1-d5fa-0cc5-9bb7-ea079e1e5f1e" executionId="d85a6918-64be-485b-ac44-61c6d0917c74" testListId="8c84fa94-04c1-424b-9868-57a2d4851a1d" />
    <TestEntry testId="eca2f5e0-8a90-6eb5-1db4-f1eb3f5fb4f4" executionId="dadea487-2028-4d94-9fed-b6a9be5872da" testListId="8c84fa94-04c1-424b-9868-57a2d4851a1d" />
    <TestEntry testId="2a4a8a87-4dad-d886-826d-05e25ab2a6a2" executionId="266e7c68-091d-4c07-aab9-b50607c6b9f4" testListId="8c84fa94-04c1-424b-9868-57a2d4851a1d" />
    <TestEntry testId="53185803-f30d-3a94-55f9-276f689abca4" executionId="9b154f13-fa2f-4edf-895b-bb18d640217f" testListId="8c84fa94-04c1-424b-9868-57a2d4851a1d" />
    <TestEntry testId="f524f1c4-1318-ce7b-3939-10f70b1c9bd9" executionId="71d18b9f-9ae7-49f8-8d94-84986dfb6161" testListId="8c84fa94-04c1-424b-9868-57a2d4851a1d" />
    <TestEntry testId="4b4d5e86-475e-c148-8766-115d68041442" executionId="3c37871c-9c32-44b8-91e4-f1b31d9f8d6c" testListId="8c84fa94-04c1-424b-9868-57a2d4851a1d" />
    <TestEntry testId="c6214463-25ef-9b77-19c9-f227068e9681" executionId="4b085b04-b140-4f4f-9df3-086158bad1f4" testListId="8c84fa94-04c1-424b-9868-57a2d4851a1d" />
    <TestEntry testId="41b6c041-6264-4714-8517-a042a107be15" executionId="dbea18ff-f6c3-49c4-b8b5-0d2cda014975" testListId="8c84fa94-04c1-424b-9868-57a2d4851a1d" />
    <TestEntry testId="9c23bc24-c1ee-6f47-512c-5d239bfcd591" executionId="470a6b11-764c-4cc0-a29c-422ae89a712d" testListId="8c84fa94-04c1-424b-9868-57a2d4851a1d" />
    <TestEntry testId="a786e6a0-7158-6a05-c54a-28647fb14bb7" executionId="0f3e89f0-0d0d-4acc-9827-010d914dbfc3" testListId="8c84fa94-04c1-424b-9868-57a2d4851a1d" />
    <TestEntry testId="1435e2a2-bee2-1d2d-95b6-bab177d11e01" executionId="e772f1e3-6b11-47c3-9b69-09a87f413cdd" testListId="8c84fa94-04c1-424b-9868-57a2d4851a1d" />
    <TestEntry testId="0ca96c98-4279-a38d-8923-cfc233650b07" executionId="d4eaec15-8a1a-48b5-a25f-a437e7add31f" testListId="8c84fa94-04c1-424b-9868-57a2d4851a1d" />
    <TestEntry testId="3bf91338-9db5-e244-3437-2a694f10cdfe" executionId="55d1d849-f236-4831-8f66-8b5537419ed1" testListId="8c84fa94-04c1-424b-9868-57a2d4851a1d" />
    <TestEntry testId="943426cc-a0b6-5655-2737-0a0d3026e0a7" executionId="2e136dd1-9889-4a1f-a745-ce381cfaa5d8" testListId="8c84fa94-04c1-424b-9868-57a2d4851a1d" />
    <TestEntry testId="c15ffa78-e595-57a3-d2fc-5e6f27b46541" executionId="538ecea7-3fc5-4632-94a6-f0196f5a63d5" testListId="8c84fa94-04c1-424b-9868-57a2d4851a1d" />
    <TestEntry testId="086df0e0-5aad-7a70-c738-24f763045ce7" executionId="130c4861-55cb-4b0b-a16b-fc6bd5448159" testListId="8c84fa94-04c1-424b-9868-57a2d4851a1d" />
    <TestEntry testId="16850f24-a3f3-b035-b0b3-7c99490a9542" executionId="c3ba88b4-acaf-4015-91af-9165cd1aab6a" testListId="8c84fa94-04c1-424b-9868-57a2d4851a1d" />
    <TestEntry testId="00ac5168-01a9-aa78-532b-b6d6c419a156" executionId="fe80fce1-ed47-441d-9e7f-bf56e6f27b88" testListId="8c84fa94-04c1-424b-9868-57a2d4851a1d" />
    <TestEntry testId="5a96435f-7bfb-674d-9228-2eed29df56f2" executionId="32cac331-26b1-47f9-8a61-8fcf9f93ebed" testListId="8c84fa94-04c1-424b-9868-57a2d4851a1d" />
    <TestEntry testId="c64dde4b-44bc-09e7-e376-39c843a2f827" executionId="c7cc8a18-f7d5-417f-9a90-deee25afefce" testListId="8c84fa94-04c1-424b-9868-57a2d4851a1d" />
    <TestEntry testId="cb87cf1a-c232-cb4e-8509-02ba48adec73" executionId="2affd1a2-65aa-441a-a76e-f6e7ad07ca48" testListId="8c84fa94-04c1-424b-9868-57a2d4851a1d" />
    <TestEntry testId="80e1e452-82cf-b088-db40-d28f7d32c62d" executionId="d219aabb-8a86-47d5-8515-4edae39658bd" testListId="8c84fa94-04c1-424b-9868-57a2d4851a1d" />
    <TestEntry testId="add162a8-f1ad-a5bc-d7cc-f7fa5d66acf8" executionId="3657bb85-5a06-429c-891a-de5f2306bbf3" testListId="8c84fa94-04c1-424b-9868-57a2d4851a1d" />
    <TestEntry testId="535a6c4c-9d95-551a-92bd-bde3b28a38d2" executionId="4bdfcd95-83a3-4513-bdfd-c2e93963b8c0" testListId="8c84fa94-04c1-424b-9868-57a2d4851a1d" />
    <TestEntry testId="a3a279c4-f3f7-95fe-94ce-1de6e3205e7e" executionId="428648b9-5789-4938-9491-2bfc0f8f20c3" testListId="8c84fa94-04c1-424b-9868-57a2d4851a1d" />
    <TestEntry testId="279d4c50-473d-8932-e5b9-1021814604da" executionId="cd298893-ee3f-4539-876e-ad106d2d4295" testListId="8c84fa94-04c1-424b-9868-57a2d4851a1d" />
    <TestEntry testId="52626f5f-39de-9b23-4fa0-8fc2ec03293a" executionId="e90b6070-384b-4066-b9c1-1447a039f167" testListId="8c84fa94-04c1-424b-9868-57a2d4851a1d" />
    <TestEntry testId="9c89c59d-b4e1-b0e6-38b6-740ac9ec96bd" executionId="7b3f69b7-396d-4af4-b9bf-a9fb074bf789" testListId="8c84fa94-04c1-424b-9868-57a2d4851a1d" />
    <TestEntry testId="98a7490b-a0d5-3f84-ad1f-205206139c5a" executionId="baf446a2-68b0-4106-beba-0406f11fc552" testListId="8c84fa94-04c1-424b-9868-57a2d4851a1d" />
    <TestEntry testId="831c9d38-b235-c32d-79f4-dc554e18bb06" executionId="a42d0b5c-2dda-4be2-9bad-aa7f263e8aaf" testListId="8c84fa94-04c1-424b-9868-57a2d4851a1d" />
    <TestEntry testId="ba590efe-de31-f5db-8328-f1cc3382ad35" executionId="dc3f267f-bd05-4bf9-8d31-ff91598c5683" testListId="8c84fa94-04c1-424b-9868-57a2d4851a1d" />
    <TestEntry testId="b38d8b7d-1c96-2deb-5466-9a0f98a87dce" executionId="3a0e88f4-1e2f-413e-babd-613fdd45efd7" testListId="8c84fa94-04c1-424b-9868-57a2d4851a1d" />
    <TestEntry testId="bca73f19-3fcc-16d4-a031-f2f6afaf40ee" executionId="c3ba33a2-4cce-4a0b-a4a3-22966f1be97c" testListId="8c84fa94-04c1-424b-9868-57a2d4851a1d" />
    <TestEntry testId="daf95640-1ecb-1c8c-09bc-d8c8490777c1" executionId="0c2571d3-3714-44fa-81aa-001ccfddc77f" testListId="8c84fa94-04c1-424b-9868-57a2d4851a1d" />
    <TestEntry testId="d33238ac-1e47-b12a-5f1e-c0efc2aabbf1" executionId="18b11336-cc64-4072-9ccd-9dc3bc10aebd" testListId="8c84fa94-04c1-424b-9868-57a2d4851a1d" />
    <TestEntry testId="846a9eb5-5d29-1fe6-2752-1629db0ce419" executionId="7cb6defa-0afb-4c4c-b6eb-067e9bb4f125" testListId="8c84fa94-04c1-424b-9868-57a2d4851a1d" />
    <TestEntry testId="eb41b80f-fe87-ec26-1817-78a947446eac" executionId="1b546f2a-e1a7-4f8c-baf6-5f14f3af2e09" testListId="8c84fa94-04c1-424b-9868-57a2d4851a1d" />
    <TestEntry testId="5358a71c-808a-a4c2-6851-01de58a4759c" executionId="323bd22c-8ffe-4f0d-84c1-24d8acb658de" testListId="8c84fa94-04c1-424b-9868-57a2d4851a1d" />
    <TestEntry testId="74ee50b8-0598-e8ca-7e2f-330081ea45bc" executionId="f6557b5c-8e15-4f3f-bf21-b2e1e6724384" testListId="8c84fa94-04c1-424b-9868-57a2d4851a1d" />
    <TestEntry testId="a994a568-3e00-625c-a6cf-5145a11d5bf6" executionId="14ad2db4-01e3-47d3-b265-f723838d3782" testListId="8c84fa94-04c1-424b-9868-57a2d4851a1d" />
    <TestEntry testId="4f80de53-a9c2-6ff5-bbd6-96cbb2c56bea" executionId="9145c53c-f214-4318-b2fc-0691bd5dfcee" testListId="8c84fa94-04c1-424b-9868-57a2d4851a1d" />
    <TestEntry testId="7353773e-46a1-eddc-a4ca-f5b4ae8543b5" executionId="a6bf8564-ced1-40b6-97df-157b081cc6a8" testListId="8c84fa94-04c1-424b-9868-57a2d4851a1d" />
    <TestEntry testId="e087b5f0-3763-6f36-256a-40fa9b7a8fcb" executionId="e6c47841-1f4a-40e0-92f9-21119f8a6e5a" testListId="8c84fa94-04c1-424b-9868-57a2d4851a1d" />
    <TestEntry testId="35fc797f-8043-748e-70a2-2388d5cb8d3d" executionId="4f333efb-18fb-499b-bb53-81d4285c1885" testListId="8c84fa94-04c1-424b-9868-57a2d4851a1d" />
    <TestEntry testId="91ccec24-6878-75d9-83f5-29ad2ed9f604" executionId="42796114-5df1-41ea-90a2-681457f1f5e2" testListId="8c84fa94-04c1-424b-9868-57a2d4851a1d" />
    <TestEntry testId="e670b983-4ada-5f80-307a-cf5e26b6c0b2" executionId="a1428288-52c8-4250-a92e-36b8ab296abf" testListId="8c84fa94-04c1-424b-9868-57a2d4851a1d" />
    <TestEntry testId="0df0cb69-797b-9ae4-83ed-e8c0cce4f5b0" executionId="bd2ab53e-a9b6-4da2-9871-e561a85d8797" testListId="8c84fa94-04c1-424b-9868-57a2d4851a1d" />
    <TestEntry testId="d4287150-22c1-db59-46c8-b3a46f9472fc" executionId="5c2f9a21-bc7c-4e2a-8939-afe5f1c97294" testListId="8c84fa94-04c1-424b-9868-57a2d4851a1d" />
    <TestEntry testId="8d2c3378-22f0-b4e2-6833-c26077a86417" executionId="45cf6a9b-1af2-43a6-8be3-3a8a38de9297" testListId="8c84fa94-04c1-424b-9868-57a2d4851a1d" />
    <TestEntry testId="b99d652b-8f29-0344-acef-87a042a63281" executionId="f371fbca-32fc-43a5-98e7-ad6ae2ad3f72" testListId="8c84fa94-04c1-424b-9868-57a2d4851a1d" />
    <TestEntry testId="caaa1ff0-9d50-8a88-cc0f-12986835057f" executionId="979e004b-1cf3-425e-8d22-18e6478fc96d" testListId="8c84fa94-04c1-424b-9868-57a2d4851a1d" />
    <TestEntry testId="d84aea0e-76b6-55d2-4b7e-5e6eebfaed0e" executionId="4acd0713-cae6-4a65-a1c2-a6602f748268" testListId="8c84fa94-04c1-424b-9868-57a2d4851a1d" />
    <TestEntry testId="c28e213e-317a-4527-5d0b-e1f50d0ea576" executionId="bc568f9c-a99c-4036-ba71-edef6a346822" testListId="8c84fa94-04c1-424b-9868-57a2d4851a1d" />
    <TestEntry testId="fab1182a-1ea1-5a85-a52f-fa7890fd3d44" executionId="147ce22d-bd71-4d57-a7a6-6f233ac68a3f" testListId="8c84fa94-04c1-424b-9868-57a2d4851a1d" />
    <TestEntry testId="675dccfc-0aea-7dad-70d9-a1466b62191d" executionId="d394748d-9453-40d3-9ee7-c10bc2f50b6c" testListId="8c84fa94-04c1-424b-9868-57a2d4851a1d" />
    <TestEntry testId="c4b0d9bd-4b80-996e-41b7-0bd28fc67a52" executionId="63357d4e-ff55-43ba-836f-c11f8214e2a8" testListId="8c84fa94-04c1-424b-9868-57a2d4851a1d" />
    <TestEntry testId="044f4a26-7cbd-7c3b-61fb-5e7facd7c43c" executionId="dac5d3f5-3d89-4b0f-944f-95de5700ffdc" testListId="8c84fa94-04c1-424b-9868-57a2d4851a1d" />
    <TestEntry testId="ab584460-bac9-0990-0924-68a8db1e4a1e" executionId="0bae913c-ddb1-49d5-93b1-5ae44d188301" testListId="8c84fa94-04c1-424b-9868-57a2d4851a1d" />
    <TestEntry testId="ef7eb1a4-404f-fda1-15f0-bcd1e692326a" executionId="92162e1e-1c92-4f0a-b16f-8b246e3153e5" testListId="8c84fa94-04c1-424b-9868-57a2d4851a1d" />
    <TestEntry testId="b518f299-3b00-cc5d-b78d-f3f85f49a757" executionId="8d9a2266-ea4a-4084-a149-e320673d0688" testListId="8c84fa94-04c1-424b-9868-57a2d4851a1d" />
    <TestEntry testId="4ada3711-10ca-c9da-9e10-113cd53a94af" executionId="0677beca-7109-4b35-a99e-1bd71f5f066a" testListId="8c84fa94-04c1-424b-9868-57a2d4851a1d" />
    <TestEntry testId="dd25e118-a384-e666-07c3-e9a0431950f6" executionId="1f3b3642-bc55-41b2-8f60-028a032350bb" testListId="8c84fa94-04c1-424b-9868-57a2d4851a1d" />
    <TestEntry testId="33fadc7a-7504-99fb-d972-36e4180a8a48" executionId="40eb1c62-45a3-427d-9791-7897683df138" testListId="8c84fa94-04c1-424b-9868-57a2d4851a1d" />
    <TestEntry testId="058170fd-69e2-a7d3-64d2-1a307243ea90" executionId="c730c760-dd79-44b0-aa77-4fb6af9791c1" testListId="8c84fa94-04c1-424b-9868-57a2d4851a1d" />
    <TestEntry testId="31ae9737-3293-daff-e7b1-357b7daf0b9b" executionId="32771779-931f-4506-ac01-65742c6ff4eb" testListId="8c84fa94-04c1-424b-9868-57a2d4851a1d" />
    <TestEntry testId="336b8482-3bf7-7f8c-61fa-1897c8b88bb6" executionId="09cbef76-c33a-44db-9df7-e7d881ed4404" testListId="8c84fa94-04c1-424b-9868-57a2d4851a1d" />
    <TestEntry testId="71d3bf04-2f4b-0825-76a5-fe6f8626ce91" executionId="b2742b4c-1e0c-411f-b434-eb8752b49f09" testListId="8c84fa94-04c1-424b-9868-57a2d4851a1d" />
    <TestEntry testId="3389b6dd-689a-11ef-38a7-5096963ffea8" executionId="81150c2f-b291-44a9-9b57-7a2b2ff2affc" testListId="8c84fa94-04c1-424b-9868-57a2d4851a1d" />
    <TestEntry testId="c126ef38-de54-9d14-e11c-edf70abaf073" executionId="1faeae04-fb38-4709-9ddd-6e77337850cf" testListId="8c84fa94-04c1-424b-9868-57a2d4851a1d" />
    <TestEntry testId="7ed35012-584a-2fe3-a716-cd0afc4bf24c" executionId="3ffb8664-cc64-484c-ac08-66378e5732a5" testListId="8c84fa94-04c1-424b-9868-57a2d4851a1d" />
    <TestEntry testId="1e268e1f-9f4f-f655-e5bb-e50feefd0bab" executionId="3f442919-e9c1-4f2e-8b5c-919a9af36362" testListId="8c84fa94-04c1-424b-9868-57a2d4851a1d" />
    <TestEntry testId="2b48bd6d-d40f-68da-88e6-66c25aa42362" executionId="08d96626-71bd-4fec-b865-14c0920e98d2" testListId="8c84fa94-04c1-424b-9868-57a2d4851a1d" />
    <TestEntry testId="c3727fbd-7b27-2b58-8aac-80b9993febce" executionId="5c2516b7-c38e-4c77-81d4-8470f0fdce29" testListId="8c84fa94-04c1-424b-9868-57a2d4851a1d" />
    <TestEntry testId="0d4811ec-9931-fb19-edc0-7bcc796825fb" executionId="9daf3a70-e31b-4ba1-9ad2-5f37f222d4a0" testListId="8c84fa94-04c1-424b-9868-57a2d4851a1d" />
    <TestEntry testId="37c23154-aec4-129b-8dc2-bb50808aef9e" executionId="ea18a7c4-70c0-4d01-8007-c88d1f5bc307" testListId="8c84fa94-04c1-424b-9868-57a2d4851a1d" />
    <TestEntry testId="a8baabf8-3dd2-5f04-30ff-1f9d2fc1237b" executionId="a33dcd16-ad5c-41f9-a06f-f4b2a0d63b12" testListId="8c84fa94-04c1-424b-9868-57a2d4851a1d" />
    <TestEntry testId="194c53c7-91a0-a39c-19f4-75d99e8bf5f1" executionId="5a1c0ec3-2b80-4a20-a33f-2a92ab98ad89" testListId="8c84fa94-04c1-424b-9868-57a2d4851a1d" />
    <TestEntry testId="7e087806-67ee-93e5-99ce-89aefdf33c63" executionId="ecae5f43-195d-47c7-b932-dde20dd839f1" testListId="8c84fa94-04c1-424b-9868-57a2d4851a1d" />
    <TestEntry testId="788a6834-d7c6-3652-9af3-0c73bb9d6301" executionId="c8de0a44-fbfd-4891-bcfd-839c6d898465" testListId="8c84fa94-04c1-424b-9868-57a2d4851a1d" />
    <TestEntry testId="a233d66c-f313-1e74-e181-b2dafdf7eda1" executionId="36a1598a-4858-40ca-b53f-0ef45dce73ce" testListId="8c84fa94-04c1-424b-9868-57a2d4851a1d" />
    <TestEntry testId="3d676a9f-bbcb-bc89-c504-7e67ca06500e" executionId="239b7094-cfc1-4596-a436-60083e75ea34" testListId="8c84fa94-04c1-424b-9868-57a2d4851a1d" />
    <TestEntry testId="5be7c8bc-c613-0652-ed73-c4eee352182b" executionId="9df1ec22-2edc-4be6-866d-33f0240082b4" testListId="8c84fa94-04c1-424b-9868-57a2d4851a1d" />
    <TestEntry testId="f5719a53-45a7-6c3f-5ed7-93d8143fc0a6" executionId="a1a3b5ea-2c0a-40ae-93b4-542577934779" testListId="8c84fa94-04c1-424b-9868-57a2d4851a1d" />
    <TestEntry testId="2521704e-7859-65c2-160f-02af43e2aa44" executionId="47150fca-3bf0-49f7-b105-a59dead11211" testListId="8c84fa94-04c1-424b-9868-57a2d4851a1d" />
    <TestEntry testId="a8a50f03-3329-f171-e632-4989e995a587" executionId="2fb540f1-2eae-48c8-8694-d73d2f1dbc66" testListId="8c84fa94-04c1-424b-9868-57a2d4851a1d" />
    <TestEntry testId="27664859-4d07-7aa6-2422-c69fa8d16b38" executionId="fe3fc9c9-04a6-44e9-9dab-8b66573b23c1" testListId="8c84fa94-04c1-424b-9868-57a2d4851a1d" />
    <TestEntry testId="ff37e13a-ef96-a965-37b4-7e2b5b7bc7cd" executionId="6759e7e0-dba8-4645-836f-3133e1f6f0f8" testListId="8c84fa94-04c1-424b-9868-57a2d4851a1d" />
    <TestEntry testId="227dae21-47d4-ba20-0c10-f41a6c7e9f9c" executionId="73f2a1f5-c310-42a7-b17b-c62981b81ebf" testListId="8c84fa94-04c1-424b-9868-57a2d4851a1d" />
    <TestEntry testId="88c2b0d8-15cc-99cf-0786-93c215c0f665" executionId="13988038-524e-42ed-a506-ed78ce6ca79c" testListId="8c84fa94-04c1-424b-9868-57a2d4851a1d" />
    <TestEntry testId="9e654779-7c3a-a723-682e-e39ebed74684" executionId="f5219c7f-981d-47e1-863d-1993938f9b83" testListId="8c84fa94-04c1-424b-9868-57a2d4851a1d" />
    <TestEntry testId="4ead98c0-ed43-b791-ad04-b3743cb5d69b" executionId="b4da4af4-6661-4279-99a9-9c08629407e5" testListId="8c84fa94-04c1-424b-9868-57a2d4851a1d" />
    <TestEntry testId="0d6c642a-81af-572a-f3ab-8e4b1d302c6a" executionId="3d3451f4-b26b-4530-852e-603ae0808334" testListId="8c84fa94-04c1-424b-9868-57a2d4851a1d" />
    <TestEntry testId="234ad1b4-c3ca-386c-029e-422d8061eab6" executionId="de4ba5f4-3e95-4def-903e-6da19a3ab738" testListId="8c84fa94-04c1-424b-9868-57a2d4851a1d" />
    <TestEntry testId="532cb81a-df32-0fbd-c0b0-8629f10837bd" executionId="c71fafe8-50a3-42a4-861d-3bddb38232d4" testListId="8c84fa94-04c1-424b-9868-57a2d4851a1d" />
    <TestEntry testId="ee6192d4-4913-e5e7-42dd-becf117dbb37" executionId="b4b96ccb-50bb-481e-9fcf-d08e0b8eb1dd" testListId="8c84fa94-04c1-424b-9868-57a2d4851a1d" />
    <TestEntry testId="04c83cca-8782-2962-eccb-1c1b5d4d8166" executionId="b251bc86-0d80-4a4f-93de-7a7fd94021d2" testListId="8c84fa94-04c1-424b-9868-57a2d4851a1d" />
    <TestEntry testId="6bcb61d5-27f5-0fda-d895-8ea5b1245aab" executionId="08eb9002-18bb-455c-af7a-e2e403dd7630" testListId="8c84fa94-04c1-424b-9868-57a2d4851a1d" />
    <TestEntry testId="ac48ab08-0586-5064-3572-983965e5b6b6" executionId="7f7a88a1-09b0-420f-b4b2-5116b5e12b90" testListId="8c84fa94-04c1-424b-9868-57a2d4851a1d" />
    <TestEntry testId="d02a9bfe-ef70-0b80-6768-a063d853aefd" executionId="e4f7060a-74ab-472b-b908-674ac8f2f89d" testListId="8c84fa94-04c1-424b-9868-57a2d4851a1d" />
    <TestEntry testId="a90fcb60-5904-342b-4fdf-2acce1eecc2f" executionId="c458b1fd-54f4-4763-b705-750d539c3d72" testListId="8c84fa94-04c1-424b-9868-57a2d4851a1d" />
    <TestEntry testId="3ed7a399-d9a7-d9be-39f4-d877ad4e286e" executionId="24daf19d-107a-4347-805b-4ea4a2f26bd3" testListId="8c84fa94-04c1-424b-9868-57a2d4851a1d" />
    <TestEntry testId="910648d0-f58e-b40c-710a-20818471b114" executionId="e1ed0b8c-874a-4190-af1b-fe194f898d86" testListId="8c84fa94-04c1-424b-9868-57a2d4851a1d" />
    <TestEntry testId="35fdccc0-c07e-b0f5-43ff-b8462db1e66e" executionId="05a87a27-4ba7-49bd-9b26-9302037cf08f" testListId="8c84fa94-04c1-424b-9868-57a2d4851a1d" />
    <TestEntry testId="b063cbf8-fbea-b941-bdb6-591483cd4018" executionId="dadef5cb-80ae-430d-8338-46b8583d4aba" testListId="8c84fa94-04c1-424b-9868-57a2d4851a1d" />
    <TestEntry testId="1bcc3d33-eed0-82c1-06ce-172f567f9802" executionId="d46ce48f-92aa-462e-b58f-6622be96caf5" testListId="8c84fa94-04c1-424b-9868-57a2d4851a1d" />
    <TestEntry testId="2aeb0604-7864-ac0e-7483-a1a86a3f6f67" executionId="569e918a-a938-4d14-b198-2a6007f43a29" testListId="8c84fa94-04c1-424b-9868-57a2d4851a1d" />
    <TestEntry testId="ff967a29-b052-9b02-d0d2-90cfa45b8b4f" executionId="b89262a9-de9f-4eac-94d0-29033f4283a4" testListId="8c84fa94-04c1-424b-9868-57a2d4851a1d" />
    <TestEntry testId="eaed56d6-5fe7-43a9-6be3-9e902b595505" executionId="d9e080f7-5047-4523-9c53-6ce30618fc52" testListId="8c84fa94-04c1-424b-9868-57a2d4851a1d" />
    <TestEntry testId="de27c998-c190-9d93-e424-7870d21a123c" executionId="e18eb917-80df-439e-b703-df19697c5d7b" testListId="8c84fa94-04c1-424b-9868-57a2d4851a1d" />
    <TestEntry testId="adafff31-7445-4899-a64a-9d78ba6fa82f" executionId="e0443197-285b-4020-88fd-1b5bf388bbe3" testListId="8c84fa94-04c1-424b-9868-57a2d4851a1d" />
    <TestEntry testId="1b215d44-dc60-3855-41b7-391caaf25646" executionId="0f5c1b14-802c-4c14-9659-0e1ebfee6750" testListId="8c84fa94-04c1-424b-9868-57a2d4851a1d" />
    <TestEntry testId="35b5794f-dc92-a851-4d12-94da292a02d3" executionId="39e0a97a-45c6-490b-aed2-e33515b6c26e" testListId="8c84fa94-04c1-424b-9868-57a2d4851a1d" />
    <TestEntry testId="95782b76-412a-a409-a816-e93155ca7714" executionId="fc73df18-5251-4c0d-8824-e644bd8c4285" testListId="8c84fa94-04c1-424b-9868-57a2d4851a1d" />
    <TestEntry testId="7b2ce89e-8bf2-0763-c57e-0285adbdcf5c" executionId="5050b83c-35b1-42a2-857a-1b5010929546" testListId="8c84fa94-04c1-424b-9868-57a2d4851a1d" />
    <TestEntry testId="8b87f0b1-f144-8df8-ff9c-dd082dee0789" executionId="4e78acb1-d9f4-4eb0-9d4a-2971ef1908f6" testListId="8c84fa94-04c1-424b-9868-57a2d4851a1d" />
    <TestEntry testId="b504ac94-d24b-65b3-ca37-c7d43c96a4da" executionId="02139ca9-d2ee-4f8b-aff2-fe6173ee2a5e" testListId="8c84fa94-04c1-424b-9868-57a2d4851a1d" />
    <TestEntry testId="7864a8c4-a573-3a51-886b-b27b4cabfd5e" executionId="1ff12955-ec22-41f2-9856-3909e2154921" testListId="8c84fa94-04c1-424b-9868-57a2d4851a1d" />
    <TestEntry testId="a86403c6-a793-aab2-0ab7-ce467563d7d6" executionId="7fa1d854-8430-48da-b017-774ea77cae92" testListId="8c84fa94-04c1-424b-9868-57a2d4851a1d" />
    <TestEntry testId="1908903c-8778-1771-d8eb-296b41bd1c8a" executionId="a050b01b-b4ac-4908-86a1-31a60c66f436" testListId="8c84fa94-04c1-424b-9868-57a2d4851a1d" />
    <TestEntry testId="2a89a08d-dc4f-9b66-c54a-43d74ab324c2" executionId="8994c76b-4ed4-436e-8d4a-946068b17e9c" testListId="8c84fa94-04c1-424b-9868-57a2d4851a1d" />
    <TestEntry testId="d88de873-7cef-0143-495e-05b7d2b41757" executionId="4be4c4d7-92ea-4e90-a6c3-5110eadd5760" testListId="8c84fa94-04c1-424b-9868-57a2d4851a1d" />
    <TestEntry testId="96e8936d-0390-58bc-a96b-c2ae29467c1e" executionId="0c013990-3916-4ddd-88ae-d1141b661fb5" testListId="8c84fa94-04c1-424b-9868-57a2d4851a1d" />
    <TestEntry testId="faa83ec7-f24a-086a-e966-e8c82cf7330a" executionId="f055a1f4-adcb-4157-94ad-ce18426787fa" testListId="8c84fa94-04c1-424b-9868-57a2d4851a1d" />
    <TestEntry testId="1869091f-40a7-b7a8-b1dc-92bece636d41" executionId="bedbf87d-ce2d-452f-83e1-b40178660019" testListId="8c84fa94-04c1-424b-9868-57a2d4851a1d" />
    <TestEntry testId="c0bd9a37-5d67-88a0-bfcd-3be0c84b2355" executionId="05e9909d-9342-49e9-ba0f-02e3a23fee2c" testListId="8c84fa94-04c1-424b-9868-57a2d4851a1d" />
    <TestEntry testId="ec512750-1b3e-ee37-48da-474be022f3c4" executionId="f2f8938d-4f43-462c-8745-794e1a7b57ff" testListId="8c84fa94-04c1-424b-9868-57a2d4851a1d" />
    <TestEntry testId="6447c994-5b95-325f-325b-e1016ffa29e1" executionId="fde1fdb1-1369-450e-afff-4e37e5732848" testListId="8c84fa94-04c1-424b-9868-57a2d4851a1d" />
    <TestEntry testId="a4234a76-75fb-b47f-57a5-6def17414cfd" executionId="0827b86d-0ad4-4eeb-8a46-3e2ba8d79fac" testListId="8c84fa94-04c1-424b-9868-57a2d4851a1d" />
    <TestEntry testId="3f8e6f27-c942-75f1-d43c-4f4dbc2ed891" executionId="975f1f72-39b8-49a6-a340-f638b68e3272" testListId="8c84fa94-04c1-424b-9868-57a2d4851a1d" />
    <TestEntry testId="ebc58dfd-14b7-49e6-e46a-09a44593433d" executionId="7248edc5-a2b6-48db-b65c-f221a21d08e4" testListId="8c84fa94-04c1-424b-9868-57a2d4851a1d" />
    <TestEntry testId="65a9b794-921a-eae9-026a-f733825b3d4a" executionId="458da63c-94a6-4a51-b540-8ac6c5939f84" testListId="8c84fa94-04c1-424b-9868-57a2d4851a1d" />
    <TestEntry testId="f7f1fade-22dc-b3ee-b4cb-477d416d63d2" executionId="bce0adb0-5be7-4c71-92b1-a73b7715566a" testListId="8c84fa94-04c1-424b-9868-57a2d4851a1d" />
    <TestEntry testId="cd8ebcc2-066f-cdc6-6883-57e1205bcf51" executionId="1fca5293-7033-46da-a7d3-890abd1b63ab" testListId="8c84fa94-04c1-424b-9868-57a2d4851a1d" />
    <TestEntry testId="55ff5278-ace4-0f2e-f8ad-9f5f257b511f" executionId="5db98fe5-bebe-44cd-9def-14926341fb5e" testListId="8c84fa94-04c1-424b-9868-57a2d4851a1d" />
    <TestEntry testId="cfda1da7-2899-4bbe-17b2-c69d57b6f85d" executionId="64f73396-7a2d-42a2-b512-97a5ab9dd9da" testListId="8c84fa94-04c1-424b-9868-57a2d4851a1d" />
    <TestEntry testId="20b83e96-bb0c-eaa7-3f17-8420c76ddd7b" executionId="4d5a843b-588a-4451-999e-019504a13538" testListId="8c84fa94-04c1-424b-9868-57a2d4851a1d" />
    <TestEntry testId="c5b82386-ac03-bc8b-608e-5bd976068876" executionId="edf40bbb-2176-4e2c-8fbd-1e0029ab34bd" testListId="8c84fa94-04c1-424b-9868-57a2d4851a1d" />
    <TestEntry testId="86b5c5b9-f5c0-2dad-738f-2d685bd44644" executionId="04c0af21-4674-4e33-896f-5ddb1a76ea59" testListId="8c84fa94-04c1-424b-9868-57a2d4851a1d" />
    <TestEntry testId="addbc64d-1bd3-678f-14d6-6dd2dda6bd02" executionId="81056ca9-9d20-429d-821c-90a921da789b" testListId="8c84fa94-04c1-424b-9868-57a2d4851a1d" />
    <TestEntry testId="5175ef0f-a0f9-284b-e221-701056f8c5c0" executionId="f1e4a40c-c004-4b49-9756-aa64a249d313" testListId="8c84fa94-04c1-424b-9868-57a2d4851a1d" />
    <TestEntry testId="14f3ec32-0fa4-5f7a-4835-a25af4f36100" executionId="e6e5cbf0-ba1c-4ffa-a285-8485ca15354f" testListId="8c84fa94-04c1-424b-9868-57a2d4851a1d" />
    <TestEntry testId="45576843-c696-061d-15e3-1a981d4c54b2" executionId="29506386-a2dc-4ef7-824a-531ddb7b08d4" testListId="8c84fa94-04c1-424b-9868-57a2d4851a1d" />
    <TestEntry testId="a463440b-2916-b6c4-8a71-e3deeca8173f" executionId="642266a4-16c1-44a2-b8fc-68ae49d1d71d" testListId="8c84fa94-04c1-424b-9868-57a2d4851a1d" />
    <TestEntry testId="11bc7ddd-0334-e311-f2a7-f381145ec805" executionId="d2003e93-186f-4347-aecb-81faa65a3f56" testListId="8c84fa94-04c1-424b-9868-57a2d4851a1d" />
    <TestEntry testId="f2392ab0-78ba-8d94-1e9f-3ff53d3d1da4" executionId="48b1965c-d453-4815-a87e-ad45a828701a" testListId="8c84fa94-04c1-424b-9868-57a2d4851a1d" />
    <TestEntry testId="e8f3b5b9-78ec-f897-d51a-a5d2a544c215" executionId="de677610-15b2-432f-8085-4adfb1948a20" testListId="8c84fa94-04c1-424b-9868-57a2d4851a1d" />
    <TestEntry testId="f8f5c82b-0b68-e133-2fe6-a6f0cc722426" executionId="75c38fb3-bced-4e03-8419-e6b64030fd01" testListId="8c84fa94-04c1-424b-9868-57a2d4851a1d" />
    <TestEntry testId="53c0737c-9e1d-a506-fd7e-f73a88cea37f" executionId="cffdf7df-4e3a-40d7-bae7-38993cfe191e" testListId="8c84fa94-04c1-424b-9868-57a2d4851a1d" />
    <TestEntry testId="7279d631-5e65-263e-b126-502467fa7c3a" executionId="0547d26f-9d74-4a9c-ade2-aeb52fc8be50" testListId="8c84fa94-04c1-424b-9868-57a2d4851a1d" />
    <TestEntry testId="41ffe1b6-1bbb-2400-999f-02df2a743ad6" executionId="7d5732c8-be92-4e32-82c1-af15afafe620" testListId="8c84fa94-04c1-424b-9868-57a2d4851a1d" />
    <TestEntry testId="ec15ac28-e259-9e0e-79de-b4c8ed950c52" executionId="d3dfb6d6-3fa5-4b98-bd7a-814ddd910005" testListId="8c84fa94-04c1-424b-9868-57a2d4851a1d" />
    <TestEntry testId="fe6f2295-84a6-bdea-0225-d326e31ab62b" executionId="df2de106-58d9-410d-91bf-9d2e1640cac9" testListId="8c84fa94-04c1-424b-9868-57a2d4851a1d" />
    <TestEntry testId="195570df-9817-b542-b94a-a76463a05b14" executionId="2d392807-5df5-49b9-a7f4-bf4c6b884f65" testListId="8c84fa94-04c1-424b-9868-57a2d4851a1d" />
    <TestEntry testId="12e3f3e5-87cc-94c2-7b91-aad929301ec9" executionId="373b3b22-8d47-4943-8f02-24d35946a131" testListId="8c84fa94-04c1-424b-9868-57a2d4851a1d" />
    <TestEntry testId="aa8972af-4006-c6fd-4be2-6ab7cf64c83f" executionId="e91180cf-493f-451e-b533-c99c98fa5564" testListId="8c84fa94-04c1-424b-9868-57a2d4851a1d" />
    <TestEntry testId="affa63ad-42e7-9452-c5a5-b0d4d8cb39a1" executionId="4859274a-5690-43d9-bc13-b44b00dbf1c4" testListId="8c84fa94-04c1-424b-9868-57a2d4851a1d" />
    <TestEntry testId="4be5efe6-8790-c0c6-bead-44c751febe9d" executionId="56ae97db-df4e-42c0-b3a7-912216756774" testListId="8c84fa94-04c1-424b-9868-57a2d4851a1d" />
    <TestEntry testId="ac8d1b70-d786-34c4-5f08-7e56322f2a79" executionId="aad0bdfc-8540-462f-a2bb-c11bbb83194a" testListId="8c84fa94-04c1-424b-9868-57a2d4851a1d" />
    <TestEntry testId="135e5704-6a7d-41be-b6f0-09a10aa88b3e" executionId="05753c9a-9c49-4c0d-a418-ecb8995068ac" testListId="8c84fa94-04c1-424b-9868-57a2d4851a1d" />
    <TestEntry testId="81ad0f4d-94e1-c01b-9944-7761641e9301" executionId="2ce440be-77b7-4372-b16c-28d2671612f8" testListId="8c84fa94-04c1-424b-9868-57a2d4851a1d" />
    <TestEntry testId="af2fff69-ede4-2bff-61e9-6a132589f2de" executionId="d0f313ff-971c-43cd-8e23-462e8fd35b13" testListId="8c84fa94-04c1-424b-9868-57a2d4851a1d" />
    <TestEntry testId="8ffeda3d-e799-7be5-92e9-cd0ffd88ed12" executionId="b634ea04-9b81-4edb-82f5-098177af1702" testListId="8c84fa94-04c1-424b-9868-57a2d4851a1d" />
    <TestEntry testId="a29ab1db-8305-8d4c-4b34-cf235b407b90" executionId="5a591f8a-9d20-46ec-a360-3e302cff8723" testListId="8c84fa94-04c1-424b-9868-57a2d4851a1d" />
    <TestEntry testId="dbcd5ac4-1055-621c-a685-f7e5c606ee46" executionId="add26ac4-f9b0-4738-bae0-0446278833be" testListId="8c84fa94-04c1-424b-9868-57a2d4851a1d" />
    <TestEntry testId="e788a2d0-4486-022b-835a-f533cc3033d2" executionId="a57a9d2a-6772-4454-9782-467461cf395d" testListId="8c84fa94-04c1-424b-9868-57a2d4851a1d" />
    <TestEntry testId="ea5a4ea7-1d9c-b14b-b54d-c59f326749f2" executionId="31f6ffbf-0f27-4b97-b687-12f706d88fc5" testListId="8c84fa94-04c1-424b-9868-57a2d4851a1d" />
    <TestEntry testId="4ded814a-816b-915a-dcce-433d1dc05ab0" executionId="3fcc4cc4-fc0a-4206-9869-5418a223da21" testListId="8c84fa94-04c1-424b-9868-57a2d4851a1d" />
    <TestEntry testId="f84b750e-f7b1-dfa1-6239-ac206a9e1008" executionId="68913374-0b27-4891-bcb8-b16371d1adcf" testListId="8c84fa94-04c1-424b-9868-57a2d4851a1d" />
    <TestEntry testId="ece9c0c6-7f24-79de-902b-ae084a6701cb" executionId="40ae6b08-4ed8-4f5e-b75c-55cfd1356974" testListId="8c84fa94-04c1-424b-9868-57a2d4851a1d" />
    <TestEntry testId="65cfed84-d8b7-91f1-c7b3-2b30cf50cfed" executionId="60de9695-93ea-4e0f-ac7a-f60b2ca55ee9" testListId="8c84fa94-04c1-424b-9868-57a2d4851a1d" />
    <TestEntry testId="013b26f2-09bd-8917-4b17-0706864d4c14" executionId="3d4d8b2b-6237-41c5-bf1d-9070143f5cc5" testListId="8c84fa94-04c1-424b-9868-57a2d4851a1d" />
    <TestEntry testId="18ef78f3-1eb2-cc48-74e1-3d0d69ec27f2" executionId="2d2464ce-48df-45e0-a86f-1b71adbc72ad" testListId="8c84fa94-04c1-424b-9868-57a2d4851a1d" />
    <TestEntry testId="84f87709-ca75-b015-fe61-63a08c2421fb" executionId="516e2bbf-acdf-4839-860f-ff2432316a3d" testListId="8c84fa94-04c1-424b-9868-57a2d4851a1d" />
    <TestEntry testId="b9c24147-fbc0-a069-bdd6-759f76e4ceca" executionId="3066e630-f7db-45c8-ab21-ba5a7eeee02d" testListId="8c84fa94-04c1-424b-9868-57a2d4851a1d" />
    <TestEntry testId="13877fd5-e79d-3ae7-6015-10213c2263cb" executionId="ebed628b-7048-4c87-8dc5-5ad9b11ea2fb" testListId="8c84fa94-04c1-424b-9868-57a2d4851a1d" />
    <TestEntry testId="9cc6be48-d93e-7fa9-ac2d-151cc03c3ec0" executionId="1894a625-515e-4644-81d1-ba5530e6ad58" testListId="8c84fa94-04c1-424b-9868-57a2d4851a1d" />
    <TestEntry testId="f1e0caf2-26c1-7e52-0baf-d74ce88aa74e" executionId="ee108039-f963-4f18-b251-aff9359e3ee0" testListId="8c84fa94-04c1-424b-9868-57a2d4851a1d" />
    <TestEntry testId="e5d0a93d-5262-e4d0-5f45-ee6b0db6945d" executionId="7cb8da2e-7075-4611-8c2b-04d373b82791" testListId="8c84fa94-04c1-424b-9868-57a2d4851a1d" />
    <TestEntry testId="834cde2d-9602-045a-ea86-c849382faa06" executionId="328087bf-d372-469c-9ebc-339b41754810" testListId="8c84fa94-04c1-424b-9868-57a2d4851a1d" />
    <TestEntry testId="e28ccd3c-119e-ea01-443c-a177bc7fcafe" executionId="a8ac5e9c-810c-4785-8c62-bd0e030dcd2d" testListId="8c84fa94-04c1-424b-9868-57a2d4851a1d" />
    <TestEntry testId="b228f7b3-2a35-5ed1-38ba-c95d5b6752e4" executionId="f38e50c1-c7aa-448d-9a82-352b6b625da6" testListId="8c84fa94-04c1-424b-9868-57a2d4851a1d" />
    <TestEntry testId="d2a9174b-0e8a-f538-f842-cd59e66f5936" executionId="02db2a7d-f2a0-4004-a820-7d5ab8a61671" testListId="8c84fa94-04c1-424b-9868-57a2d4851a1d" />
    <TestEntry testId="e0ddb94a-4c42-ee26-7803-7c8bb915b98c" executionId="b8d90427-78d7-4847-b4eb-e9140b12f8a9" testListId="8c84fa94-04c1-424b-9868-57a2d4851a1d" />
    <TestEntry testId="0d43d95c-82c9-c386-cdd6-8d869ea0afd9" executionId="9106e465-bbb3-443e-8fc5-cb32b5a03b1d" testListId="8c84fa94-04c1-424b-9868-57a2d4851a1d" />
    <TestEntry testId="57e42158-c478-d557-913f-3f7cb2a55e4f" executionId="27101cc7-71ee-4f6a-a6d1-1cc33a5f114a" testListId="8c84fa94-04c1-424b-9868-57a2d4851a1d" />
    <TestEntry testId="293008c2-9745-d477-0bc6-1ddbf5e8b276" executionId="cae6fb19-e975-455e-9cef-6b0407607fb3" testListId="8c84fa94-04c1-424b-9868-57a2d4851a1d" />
    <TestEntry testId="55b69ff1-41fd-5c44-e2a8-b279d7828993" executionId="0de6e436-49e1-4ed7-ba8d-0352de186910" testListId="8c84fa94-04c1-424b-9868-57a2d4851a1d" />
    <TestEntry testId="574bf290-6995-ff93-7ee5-b70a6ace7d84" executionId="7000348a-f462-4ccd-a667-1bd1ed378575" testListId="8c84fa94-04c1-424b-9868-57a2d4851a1d" />
    <TestEntry testId="62414311-f47b-f1ac-7284-9bb4f606ff0e" executionId="ef622f14-0924-428c-a3fe-12ccab0a134e" testListId="8c84fa94-04c1-424b-9868-57a2d4851a1d" />
    <TestEntry testId="61c2e857-2ecc-1265-1a6e-d3f3e6eddf31" executionId="b6455fda-a6ac-4bdb-bdd4-efdae691eb73" testListId="8c84fa94-04c1-424b-9868-57a2d4851a1d" />
    <TestEntry testId="14084b93-5aba-08b1-aca1-53c6d97f4819" executionId="dcd75be0-b6d1-4a0a-a0ee-1982d10254b9" testListId="8c84fa94-04c1-424b-9868-57a2d4851a1d" />
    <TestEntry testId="08f82558-d98c-02af-8d5e-3581c5e98c4c" executionId="a46e3c0f-0e08-4435-995d-3a9985055019" testListId="8c84fa94-04c1-424b-9868-57a2d4851a1d" />
    <TestEntry testId="4ccdfeb9-004d-3fe2-5c2e-c79ef1dd5941" executionId="f2996a76-7858-416e-9181-267ee8e198c8" testListId="8c84fa94-04c1-424b-9868-57a2d4851a1d" />
    <TestEntry testId="962aa215-0703-be2d-ae49-5fe79d594412" executionId="55b93483-db29-4aea-8570-acb0fa15a7e9" testListId="8c84fa94-04c1-424b-9868-57a2d4851a1d" />
    <TestEntry testId="f7312006-b3af-0869-4d9b-ec9b8e868889" executionId="648cd2c1-2daf-46a1-930a-9527235c0fa0" testListId="8c84fa94-04c1-424b-9868-57a2d4851a1d" />
    <TestEntry testId="7e66b483-7a2b-eb7e-b3f4-08fdb2d87edb" executionId="69aa326d-051d-4512-84c0-134095a166ae" testListId="8c84fa94-04c1-424b-9868-57a2d4851a1d" />
    <TestEntry testId="ec2e4d78-7e33-854f-807c-b8709b69648c" executionId="c1da0def-58d1-4dd2-83af-8c49a6457e6c" testListId="8c84fa94-04c1-424b-9868-57a2d4851a1d" />
    <TestEntry testId="45e90a7e-78c2-d92a-c93a-505afc46f1ab" executionId="81d412a6-3c17-4135-9242-1ef14e6b1daf" testListId="8c84fa94-04c1-424b-9868-57a2d4851a1d" />
    <TestEntry testId="05cdc091-f2e6-9c3b-1f81-118e480d95e3" executionId="87390260-15a4-4e22-a2fd-101d8488949e" testListId="8c84fa94-04c1-424b-9868-57a2d4851a1d" />
    <TestEntry testId="d9e596ab-93a9-7684-fb6f-71e1dbbc0c03" executionId="9a477e2e-581a-48ba-90ec-a2b8b3bb6b9e" testListId="8c84fa94-04c1-424b-9868-57a2d4851a1d" />
    <TestEntry testId="5038381c-1ef8-8dbb-06ed-8a9f21662b0a" executionId="fdad3612-22a5-441c-ada9-257ddd1a10ae" testListId="8c84fa94-04c1-424b-9868-57a2d4851a1d" />
    <TestEntry testId="737570f7-4183-1643-93e9-5894a6ee837f" executionId="389165a0-da08-4158-9bf7-f18f6a8c0de5" testListId="8c84fa94-04c1-424b-9868-57a2d4851a1d" />
    <TestEntry testId="d99b4f5e-d723-6b95-fc42-5b32d4349edc" executionId="21397c12-f641-48de-9cbe-c46bd1a9cecd" testListId="8c84fa94-04c1-424b-9868-57a2d4851a1d" />
    <TestEntry testId="e858b755-e862-b910-8b81-43167ff825a3" executionId="85d605ca-d51b-4efd-9226-5082547f71f4" testListId="8c84fa94-04c1-424b-9868-57a2d4851a1d" />
    <TestEntry testId="117fa8ef-1259-0f08-beca-cde4c7f00c30" executionId="60d5a4bc-74e0-4691-95c0-4523c8d052e1" testListId="8c84fa94-04c1-424b-9868-57a2d4851a1d" />
    <TestEntry testId="a3b47612-c41f-b6f9-cd26-71a4607bc51d" executionId="00b74338-0c0b-4e62-87b5-459dcc8755ad" testListId="8c84fa94-04c1-424b-9868-57a2d4851a1d" />
    <TestEntry testId="d2f75ecd-c8ef-a49e-a7d9-9ac8db3c0867" executionId="6cb65099-a1fd-4f57-bbf7-d09f1d0582b9" testListId="8c84fa94-04c1-424b-9868-57a2d4851a1d" />
    <TestEntry testId="27438fb6-5317-1252-e840-ea85e2375f48" executionId="50f9ed59-3159-454f-a42b-7e54ba8e812b" testListId="8c84fa94-04c1-424b-9868-57a2d4851a1d" />
    <TestEntry testId="1d30d716-63ba-8629-37de-621fcc2f5f57" executionId="f0660604-6fcc-4575-8a63-c8e7e86d1f45" testListId="8c84fa94-04c1-424b-9868-57a2d4851a1d" />
    <TestEntry testId="89684484-4d0f-00a8-989b-9cbdfecf3e30" executionId="53ec8ff5-8fc4-47aa-bdd2-a350c353890d" testListId="8c84fa94-04c1-424b-9868-57a2d4851a1d" />
    <TestEntry testId="78819630-2935-1e63-9860-8c1336d44889" executionId="a53865d5-986d-4063-9a86-303a7d8f316f" testListId="8c84fa94-04c1-424b-9868-57a2d4851a1d" />
    <TestEntry testId="72e0aaef-b782-3799-5f94-2f93780a25bc" executionId="efe93246-cdfc-4824-80cb-c83c5346d496" testListId="8c84fa94-04c1-424b-9868-57a2d4851a1d" />
    <TestEntry testId="cf366775-ad88-dfab-044d-7fd00fe030bf" executionId="204f322c-1254-4c4a-bee4-ec0e9a1497bd" testListId="8c84fa94-04c1-424b-9868-57a2d4851a1d" />
    <TestEntry testId="23e6b65b-70a8-06de-4fd2-1098c3da7047" executionId="f2ffe569-e8ad-42e2-97f0-cd420898a347" testListId="8c84fa94-04c1-424b-9868-57a2d4851a1d" />
    <TestEntry testId="49457dc4-3aa6-62c6-38a6-fe0fa14f8508" executionId="1cd14fe7-099d-4b5c-91c4-2f103596124a" testListId="8c84fa94-04c1-424b-9868-57a2d4851a1d" />
    <TestEntry testId="dacf30eb-2932-4de8-bb63-28183a1f0765" executionId="1ecf07a1-9b46-494a-b9c3-acc4b7e72133" testListId="8c84fa94-04c1-424b-9868-57a2d4851a1d" />
    <TestEntry testId="45bd735f-7812-dc55-613d-6b72234baad1" executionId="5cc2c56a-7704-4616-b80c-d5787a587daa" testListId="8c84fa94-04c1-424b-9868-57a2d4851a1d" />
    <TestEntry testId="112015e3-431e-b435-09f5-dc36bf2bbc1b" executionId="9e401534-7e77-4521-ab08-d4d770a45b64" testListId="8c84fa94-04c1-424b-9868-57a2d4851a1d" />
    <TestEntry testId="6e8c0e78-ac96-07f6-2327-5c670bb6a7bf" executionId="05068fab-e14b-4bbc-92bd-690344983881" testListId="8c84fa94-04c1-424b-9868-57a2d4851a1d" />
    <TestEntry testId="8db91f9d-1fce-7008-7fb4-f88012013950" executionId="36583178-be2e-4ba9-bf08-4232399b2ef6" testListId="8c84fa94-04c1-424b-9868-57a2d4851a1d" />
    <TestEntry testId="b1732416-dfe0-9e87-af0e-b787555e9f9f" executionId="4024c303-6533-4713-bc61-95a84a2aa514" testListId="8c84fa94-04c1-424b-9868-57a2d4851a1d" />
    <TestEntry testId="a466016b-4a7a-12db-67a6-4d7bfdd8044c" executionId="090b2603-483a-4340-be96-b222ceec3760" testListId="8c84fa94-04c1-424b-9868-57a2d4851a1d" />
    <TestEntry testId="e9871a8e-a7b1-7767-3712-747754e9915c" executionId="fbb3db4e-d6ac-4875-a244-79706da34b1a" testListId="8c84fa94-04c1-424b-9868-57a2d4851a1d" />
    <TestEntry testId="81d55e49-1ae7-4ea3-83a6-f68b4a9992bd" executionId="8b2777e6-f2d5-4453-90c4-2a826e2c11ba" testListId="8c84fa94-04c1-424b-9868-57a2d4851a1d" />
    <TestEntry testId="8f3c7e47-c7ba-15e0-4ea3-5c99da54e2cf" executionId="24df1582-ba98-4fe9-9084-f54789106382" testListId="8c84fa94-04c1-424b-9868-57a2d4851a1d" />
    <TestEntry testId="eaeacd17-7709-0ad4-3782-3c779da7e956" executionId="a9869b9a-329a-4d6c-91b8-96dedf0eab15" testListId="8c84fa94-04c1-424b-9868-57a2d4851a1d" />
    <TestEntry testId="858fcac7-e389-8062-ee0a-81085946f8a2" executionId="0a085d32-78a2-414f-8f48-ef5e5eeaeaef" testListId="8c84fa94-04c1-424b-9868-57a2d4851a1d" />
    <TestEntry testId="c182b392-9fcc-95a2-7938-cd3b2c46ad54" executionId="b993fa06-31f7-4540-92cd-ab770a437590" testListId="8c84fa94-04c1-424b-9868-57a2d4851a1d" />
    <TestEntry testId="90e28b3e-a0b2-cd0c-c5a2-021ebe10799d" executionId="5fb02fb5-66a9-4174-a515-ce86643d49be" testListId="8c84fa94-04c1-424b-9868-57a2d4851a1d" />
    <TestEntry testId="5ed08d6e-1829-53d6-39c2-5824072e1015" executionId="a837fae9-de70-472a-95dd-8f3cc6717763" testListId="8c84fa94-04c1-424b-9868-57a2d4851a1d" />
    <TestEntry testId="91442c7a-e900-c7e6-67e7-639e8a44931b" executionId="034c60f7-6c0a-41be-9f3e-a843afad510e" testListId="8c84fa94-04c1-424b-9868-57a2d4851a1d" />
    <TestEntry testId="2960add4-9952-f70d-dcad-c47d9da5fd58" executionId="32301d93-bebc-4fe6-bbc8-d46e2f83a768" testListId="8c84fa94-04c1-424b-9868-57a2d4851a1d" />
    <TestEntry testId="4095d4e0-7747-4418-2cba-d8d1b699249f" executionId="01dda2cc-ec0f-460f-a081-a51352ca8993" testListId="8c84fa94-04c1-424b-9868-57a2d4851a1d" />
    <TestEntry testId="e5f806d4-832f-52ef-8b31-b0825a471642" executionId="d9ed421a-3c7f-43a9-b0fb-345c4d09f8ea" testListId="8c84fa94-04c1-424b-9868-57a2d4851a1d" />
    <TestEntry testId="670e500e-5c39-dd47-a9de-bf38c3c1554c" executionId="71add84c-188d-44eb-a938-b02bcbfe3cdb" testListId="8c84fa94-04c1-424b-9868-57a2d4851a1d" />
    <TestEntry testId="c6e098df-93ea-edd9-9f8d-a8296c3d60ed" executionId="484835a2-d6e7-4e5d-b0db-57a6d76b1a8b" testListId="8c84fa94-04c1-424b-9868-57a2d4851a1d" />
    <TestEntry testId="db290d1d-343a-aa78-7298-12912ae25f44" executionId="b4ba0e34-29b9-49ee-bfd0-3856fba7b3b4" testListId="8c84fa94-04c1-424b-9868-57a2d4851a1d" />
    <TestEntry testId="4e8d1cbd-b8ef-6778-0ee2-4c64d9b96b59" executionId="73e17fee-24bf-4a14-aa56-128fc97fbfbb" testListId="8c84fa94-04c1-424b-9868-57a2d4851a1d" />
    <TestEntry testId="f33717b2-6c8e-2361-6ace-29e4108005a6" executionId="a47a4088-f643-466e-a908-f004f0e90353" testListId="8c84fa94-04c1-424b-9868-57a2d4851a1d" />
    <TestEntry testId="1cdbc1c1-e214-17d8-9ab0-1390398a8948" executionId="5d7d4622-9346-4350-81d3-d55875a13241" testListId="8c84fa94-04c1-424b-9868-57a2d4851a1d" />
    <TestEntry testId="c8fac7fa-4b08-7ff4-1155-d669516586fe" executionId="f88e204a-d572-4bdc-952c-133bcdaaf3c8" testListId="8c84fa94-04c1-424b-9868-57a2d4851a1d" />
    <TestEntry testId="82d78304-b48c-9515-7f8e-4adb71fd31ee" executionId="a1a9e8ad-7e2c-4471-ae51-6353ae9beea7" testListId="8c84fa94-04c1-424b-9868-57a2d4851a1d" />
    <TestEntry testId="9121a1cd-2d02-27fe-e6a5-6751e2d93e61" executionId="4a4564c8-a548-4a89-99f4-a02346f5b085" testListId="8c84fa94-04c1-424b-9868-57a2d4851a1d" />
    <TestEntry testId="af78caca-a27e-9e6b-678d-4aa454a90502" executionId="21c34051-4f51-4c17-92c4-fc10d8b90411" testListId="8c84fa94-04c1-424b-9868-57a2d4851a1d" />
    <TestEntry testId="ff8eb243-16fd-8ea6-b898-642c78c53e2e" executionId="768b5959-7a35-4af0-973e-38136ee55ee1" testListId="8c84fa94-04c1-424b-9868-57a2d4851a1d" />
    <TestEntry testId="78da3d90-e186-2eb8-9d50-1ad80ad9921b" executionId="2ee59cee-1d9a-4eef-9f91-1115d969d5bb" testListId="8c84fa94-04c1-424b-9868-57a2d4851a1d" />
    <TestEntry testId="3b4fccf6-70be-2d9b-f5f2-d6283b7fde7b" executionId="9813b696-e762-4a77-9438-f22a1b9ff403" testListId="8c84fa94-04c1-424b-9868-57a2d4851a1d" />
    <TestEntry testId="b6f07467-7831-36e3-42f4-7ae0ac1fdc16" executionId="b5e8f886-9d78-4e34-ba81-b3ac9d8a7b45" testListId="8c84fa94-04c1-424b-9868-57a2d4851a1d" />
    <TestEntry testId="86c3c546-c6cf-be65-f34c-24ab64b4ab72" executionId="acd6a602-0785-43ca-bfef-241e4b45075e" testListId="8c84fa94-04c1-424b-9868-57a2d4851a1d" />
    <TestEntry testId="1c883c92-bef7-61b1-c07f-4369319c74ff" executionId="b31f5a24-1424-4e54-bb43-b196c9111568" testListId="8c84fa94-04c1-424b-9868-57a2d4851a1d" />
    <TestEntry testId="f16a12ad-889f-384d-d0eb-cbbdfad076fe" executionId="e692c5ad-d0ac-4dda-a860-b13aefffa578" testListId="8c84fa94-04c1-424b-9868-57a2d4851a1d" />
    <TestEntry testId="2106a4d7-5b05-e5c0-8033-860c82b0ad6a" executionId="9fc79732-63c3-46a6-a93d-ea1af8d38555" testListId="8c84fa94-04c1-424b-9868-57a2d4851a1d" />
    <TestEntry testId="31b9ac86-ff3a-2d5f-32cb-aba7e18815ce" executionId="be20f8ae-9f54-4f40-be59-04d93c0dee1a" testListId="8c84fa94-04c1-424b-9868-57a2d4851a1d" />
    <TestEntry testId="a43f900e-4fec-3e1d-f2a5-059d8a29dd3c" executionId="a27dfd14-c64c-48e3-b11e-3ccf797a47b3" testListId="8c84fa94-04c1-424b-9868-57a2d4851a1d" />
    <TestEntry testId="f472fa58-6e18-42be-4063-867fef6b02e5" executionId="ebf2d903-264a-496e-98e8-f5aa578fdf71" testListId="8c84fa94-04c1-424b-9868-57a2d4851a1d" />
    <TestEntry testId="42b5cf79-6dbd-73ce-f336-4c9a97122aad" executionId="f3525de3-a5dc-4dd8-a20d-99ccd14019d1" testListId="8c84fa94-04c1-424b-9868-57a2d4851a1d" />
    <TestEntry testId="f6cae615-2487-dbea-6964-0ccca1418db3" executionId="db06666f-c894-40da-976e-e74dbb5356c6" testListId="8c84fa94-04c1-424b-9868-57a2d4851a1d" />
    <TestEntry testId="a54693d6-edca-b2f0-c9d1-6e253deb3c9c" executionId="2accc798-2a0b-4c7c-bade-6c11c491cc9d" testListId="8c84fa94-04c1-424b-9868-57a2d4851a1d" />
    <TestEntry testId="8f19814e-6231-9ee7-d114-fdf6c35f1f79" executionId="b8e702ad-d608-48cc-91f6-ddbbf645595e" testListId="8c84fa94-04c1-424b-9868-57a2d4851a1d" />
    <TestEntry testId="5bb54e26-c71e-f619-e4ab-387584c60929" executionId="6f542733-7192-4539-9825-197d483e169c" testListId="8c84fa94-04c1-424b-9868-57a2d4851a1d" />
    <TestEntry testId="f7818ee3-e956-b295-d253-9fdf096ceee7" executionId="ff207708-65da-4cce-afd0-cce295d5e5dc" testListId="8c84fa94-04c1-424b-9868-57a2d4851a1d" />
    <TestEntry testId="880da315-51a5-facb-4f5d-0ceb4daad608" executionId="0e3472f6-3fe9-4c91-a31b-66706c4a9dc2" testListId="8c84fa94-04c1-424b-9868-57a2d4851a1d" />
    <TestEntry testId="883ed386-0af3-88ca-5bd9-30da25d79f41" executionId="b34e9e15-791f-48c5-82e9-29a3b25582eb" testListId="8c84fa94-04c1-424b-9868-57a2d4851a1d" />
    <TestEntry testId="d054dd78-c223-2b18-9e0c-69480854f65f" executionId="03133602-88d1-42a5-af15-973edfc4d8ab" testListId="8c84fa94-04c1-424b-9868-57a2d4851a1d" />
    <TestEntry testId="25e21b40-8b6b-75c0-de39-11c840b2c816" executionId="0112f10f-a5e2-4194-8c2a-6c1477b02fce" testListId="8c84fa94-04c1-424b-9868-57a2d4851a1d" />
    <TestEntry testId="aa78a0a1-2106-fb0e-c153-f9f2a07b5821" executionId="8b5e799e-34cb-407f-837a-0c4ed0d7e7c6" testListId="8c84fa94-04c1-424b-9868-57a2d4851a1d" />
    <TestEntry testId="2920c2e0-39a3-dd93-5693-d4ce08512159" executionId="aa953953-bcee-4a62-b19b-e3e6c2821698" testListId="8c84fa94-04c1-424b-9868-57a2d4851a1d" />
    <TestEntry testId="c5f981d9-37f1-54c9-b862-4fbb2d02666f" executionId="f71090de-0a03-4eb0-9c73-f4939fc68345" testListId="8c84fa94-04c1-424b-9868-57a2d4851a1d" />
    <TestEntry testId="52f7905c-ef65-6a99-dc3b-01a6a292c041" executionId="f6c55f47-19cf-4703-9fbd-b9e451eb8c99" testListId="8c84fa94-04c1-424b-9868-57a2d4851a1d" />
    <TestEntry testId="3ff67012-33f7-cd39-573d-f3e6ab37a120" executionId="b5e0edb6-03e1-43c9-b623-e7592533a028" testListId="8c84fa94-04c1-424b-9868-57a2d4851a1d" />
    <TestEntry testId="5b36a0fc-0af7-9466-52bd-af4aae9184ca" executionId="d540df40-a3ef-49f8-bed4-ba8e22d89b89" testListId="8c84fa94-04c1-424b-9868-57a2d4851a1d" />
    <TestEntry testId="92da1333-fabd-2900-5a70-ee9fd98edfc4" executionId="72205b36-a8d7-4f89-88ac-69b5e68ae26e" testListId="8c84fa94-04c1-424b-9868-57a2d4851a1d" />
    <TestEntry testId="575af213-6f43-c554-7582-c09e43d49cdb" executionId="a47f0294-bffa-4b80-bf8d-a1360b1eeff9" testListId="8c84fa94-04c1-424b-9868-57a2d4851a1d" />
    <TestEntry testId="d7aebc88-d17a-4418-cff4-f3007ce02d1e" executionId="d0cde3d2-3b67-4282-8fe8-e3d47b55f719" testListId="8c84fa94-04c1-424b-9868-57a2d4851a1d" />
    <TestEntry testId="49a421d1-e95e-714d-edf9-45ffcfd2a39e" executionId="8b8c8db6-b770-4030-b5b9-215a0ce969cc" testListId="8c84fa94-04c1-424b-9868-57a2d4851a1d" />
    <TestEntry testId="da008dea-21a3-bbc8-6446-27067c0278d2" executionId="ccc6f0f4-0fd3-4e22-bdef-733c962a74db" testListId="8c84fa94-04c1-424b-9868-57a2d4851a1d" />
    <TestEntry testId="aad7f35a-646d-e848-06d9-3817cba16168" executionId="d041406b-2bd2-4186-8905-5130bdde34ea" testListId="8c84fa94-04c1-424b-9868-57a2d4851a1d" />
    <TestEntry testId="500812c7-2caf-0961-5585-75ab839884c8" executionId="79dff727-e637-4cac-9ee6-0407bc74d97c" testListId="8c84fa94-04c1-424b-9868-57a2d4851a1d" />
    <TestEntry testId="fdf9438a-27a4-c417-e139-bbc64b5e5709" executionId="7aca1d7c-7d6d-4103-94b9-80ac83b3b7e2" testListId="8c84fa94-04c1-424b-9868-57a2d4851a1d" />
    <TestEntry testId="c2089cd7-1abb-31da-c4ba-3d9555a4f6a0" executionId="063a8083-9933-44f8-99ab-447254626228" testListId="8c84fa94-04c1-424b-9868-57a2d4851a1d" />
    <TestEntry testId="6fee5694-49d5-a68c-4692-637882795255" executionId="6fbe7782-cbce-4f56-9a85-531cd3401024" testListId="8c84fa94-04c1-424b-9868-57a2d4851a1d" />
    <TestEntry testId="a8f9d2e6-a062-909a-f825-43244fd288c9" executionId="449bb1eb-58ae-4a82-ada8-55bb227879ce" testListId="8c84fa94-04c1-424b-9868-57a2d4851a1d" />
    <TestEntry testId="08b3ace1-45f6-6e1d-2bc1-52f8ecd0e63e" executionId="5767b34d-763b-4526-a8ac-02eaec6f1f07" testListId="8c84fa94-04c1-424b-9868-57a2d4851a1d" />
    <TestEntry testId="d075e987-3000-b723-e176-5d1d494fc6f2" executionId="bfcb63c0-5449-453c-aa8c-1eb925279ea9" testListId="8c84fa94-04c1-424b-9868-57a2d4851a1d" />
    <TestEntry testId="f8c8d11d-62f5-abc3-7817-a973cfa3607a" executionId="f6dedbfb-5f7d-4149-8b95-45f221d82eb7" testListId="8c84fa94-04c1-424b-9868-57a2d4851a1d" />
    <TestEntry testId="454652c1-c285-915f-adae-d89d6726087e" executionId="79a5b73e-c361-4388-9e6a-f20a2fa697e8" testListId="8c84fa94-04c1-424b-9868-57a2d4851a1d" />
    <TestEntry testId="227dc5e8-fd61-64c5-c58b-a4363d10733d" executionId="6424aa1e-1cc4-426b-aab5-524bc513a20b" testListId="8c84fa94-04c1-424b-9868-57a2d4851a1d" />
    <TestEntry testId="736d5841-1c67-3c66-a8df-caf0433686aa" executionId="0b3effe4-bd05-41bd-97df-3670602f83c8" testListId="8c84fa94-04c1-424b-9868-57a2d4851a1d" />
    <TestEntry testId="5d6c44db-c687-1340-5e99-d0beeace71f3" executionId="a90aa39c-3438-4437-ba9b-fa7eba7945df" testListId="8c84fa94-04c1-424b-9868-57a2d4851a1d" />
    <TestEntry testId="ae7f298e-edeb-46f5-3d43-4270f80b5ca8" executionId="3d85328f-cec6-4165-a2d7-d88d7d86a8ff" testListId="8c84fa94-04c1-424b-9868-57a2d4851a1d" />
    <TestEntry testId="035a2e7c-4006-749c-7663-f769d610c2cb" executionId="1c6e815b-4391-452e-9e96-8f096505efb8" testListId="8c84fa94-04c1-424b-9868-57a2d4851a1d" />
    <TestEntry testId="e2ce302e-d97a-5953-2969-daecd520b54e" executionId="9d71eadd-5ded-4d1a-aace-5763bc5efb40" testListId="8c84fa94-04c1-424b-9868-57a2d4851a1d" />
    <TestEntry testId="0acd9aea-66db-23f1-2f4e-7c9500451a5d" executionId="76f43d66-d901-4faa-a262-4117267a7a8a" testListId="8c84fa94-04c1-424b-9868-57a2d4851a1d" />
    <TestEntry testId="d2bdec8a-ca9e-7ce3-8f9b-b4cc3a8ec042" executionId="359c8a1b-04ea-41a1-9a02-921cf5a137dc" testListId="8c84fa94-04c1-424b-9868-57a2d4851a1d" />
    <TestEntry testId="f68d42a3-acec-6b53-6243-cbfed90e3b19" executionId="eea01e10-8633-4d11-bf2b-e6a28ea6e4e8" testListId="8c84fa94-04c1-424b-9868-57a2d4851a1d" />
    <TestEntry testId="90f79a7f-93e8-4862-4be1-6691fb292404" executionId="5f265e38-9581-48ca-8e71-2c40701b1669" testListId="8c84fa94-04c1-424b-9868-57a2d4851a1d" />
    <TestEntry testId="d096cf54-9fe3-48d3-6b60-9dbe5862c472" executionId="c7e36f64-9185-4c1f-977e-870db29c295e" testListId="8c84fa94-04c1-424b-9868-57a2d4851a1d" />
    <TestEntry testId="a2942f2b-9678-3c30-9d53-cbabd8538e8a" executionId="647f07ee-8888-4287-8956-676cfb35025e" testListId="8c84fa94-04c1-424b-9868-57a2d4851a1d" />
    <TestEntry testId="5f62afcf-78b1-cf27-ec49-8afca2d6fc38" executionId="6c1a8371-f7e6-46f3-87af-8fdd6260deb4" testListId="8c84fa94-04c1-424b-9868-57a2d4851a1d" />
    <TestEntry testId="9e1c156c-7717-458a-15e2-7e227d19e93b" executionId="c86819fd-262b-4081-b7e9-fe935d365393" testListId="8c84fa94-04c1-424b-9868-57a2d4851a1d" />
    <TestEntry testId="e18e3570-53c3-3508-0442-177c4a2f785b" executionId="09da9fa2-1dc4-4fbb-a0d2-0010f8e4ab5c" testListId="8c84fa94-04c1-424b-9868-57a2d4851a1d" />
    <TestEntry testId="4bc203d8-dd85-c0c7-a002-24dc9564ca84" executionId="7e2abfa5-687c-49bd-90ab-1ca79dbe8de2" testListId="8c84fa94-04c1-424b-9868-57a2d4851a1d" />
    <TestEntry testId="47884aeb-7497-b6ff-3c54-8cf7d508053b" executionId="473c06ab-94fa-40d7-af44-56231da5cb49" testListId="8c84fa94-04c1-424b-9868-57a2d4851a1d" />
    <TestEntry testId="401d2e62-9623-23c2-8f1c-f70d5a6debc1" executionId="55953011-709f-49c5-a61d-23d7ba77b1b0" testListId="8c84fa94-04c1-424b-9868-57a2d4851a1d" />
    <TestEntry testId="65ef895f-879d-2d2d-7aa0-966d606f5376" executionId="c5d7b37d-146c-4c1e-81cc-2f3f81675c46" testListId="8c84fa94-04c1-424b-9868-57a2d4851a1d" />
    <TestEntry testId="0ea16923-06ad-6887-3f6e-aa5fa78ff65a" executionId="a0c673de-5fa3-4fc3-9e9f-27c62096f1a8" testListId="8c84fa94-04c1-424b-9868-57a2d4851a1d" />
    <TestEntry testId="7249d529-4797-4846-66f9-a36e8ab1d5c8" executionId="82590c0b-dea4-479a-97d5-81274a95ff69" testListId="8c84fa94-04c1-424b-9868-57a2d4851a1d" />
    <TestEntry testId="0fb4b7bb-e522-c3cc-c43e-c8a8d68a12cc" executionId="1f9b9f01-33ac-4174-8dfb-57afe63f8818" testListId="8c84fa94-04c1-424b-9868-57a2d4851a1d" />
    <TestEntry testId="0ae53827-c728-1e97-29dd-bbdf893d6166" executionId="fb7090c1-44b1-4eb2-a1bc-7cdf9c1cb9a1" testListId="8c84fa94-04c1-424b-9868-57a2d4851a1d" />
    <TestEntry testId="2031c616-1edd-8f7a-639e-5fd173aaa18e" executionId="fafe1fa4-366c-4ecc-a955-8297c723491a" testListId="8c84fa94-04c1-424b-9868-57a2d4851a1d" />
    <TestEntry testId="36554cb2-1edf-a642-dc86-4d6ff7ede95e" executionId="5b8a0d93-3f0f-428c-b3fe-38d859e5a659" testListId="8c84fa94-04c1-424b-9868-57a2d4851a1d" />
    <TestEntry testId="69d36869-4d47-77af-11ea-1700a11c2aa4" executionId="688d4caa-611e-415b-8f38-9379f7754a23" testListId="8c84fa94-04c1-424b-9868-57a2d4851a1d" />
    <TestEntry testId="e60bae60-c13a-330d-734d-4108f8865d47" executionId="80f7ff44-d0ea-4b9f-be4d-e97d06abb0af" testListId="8c84fa94-04c1-424b-9868-57a2d4851a1d" />
    <TestEntry testId="9db4bf7e-3e99-c9d1-0a71-7ee3bc093993" executionId="9057049d-6ce8-4224-9fce-4b72f0c2653b" testListId="8c84fa94-04c1-424b-9868-57a2d4851a1d" />
    <TestEntry testId="842bf4ca-6371-3a8a-228b-d721ac1b9eb1" executionId="5bc20c0b-02df-43b1-a2f0-3e4ed0c29870" testListId="8c84fa94-04c1-424b-9868-57a2d4851a1d" />
    <TestEntry testId="537b2445-9bec-85ec-3d34-ba15ef73d25d" executionId="097d478f-81e3-470c-ae1e-dc04c6c6aa53" testListId="8c84fa94-04c1-424b-9868-57a2d4851a1d" />
    <TestEntry testId="1ff412f4-a550-fccb-f616-ee490e039d87" executionId="b28ae7f3-e993-44a8-baf1-6d490e5171e7" testListId="8c84fa94-04c1-424b-9868-57a2d4851a1d" />
    <TestEntry testId="001c0c93-73e4-b3d7-1e2b-249f259f59d0" executionId="d5d5d59d-5b7f-4cac-8905-d0f05e14727f" testListId="8c84fa94-04c1-424b-9868-57a2d4851a1d" />
    <TestEntry testId="c733db05-5b7b-4d43-767f-ec9ea4306b0e" executionId="60b01541-2a4d-4185-be97-d557ef8ca3df" testListId="8c84fa94-04c1-424b-9868-57a2d4851a1d" />
    <TestEntry testId="23522416-a281-f08a-eb85-d8c0fbc81978" executionId="a348fa9a-1a20-4749-91c8-0076bc7834f5" testListId="8c84fa94-04c1-424b-9868-57a2d4851a1d" />
    <TestEntry testId="88adc3c3-8805-8765-8e54-e11a02ee63c8" executionId="86662ee7-0c18-4fec-b86f-1744df92f4e7" testListId="8c84fa94-04c1-424b-9868-57a2d4851a1d" />
    <TestEntry testId="9337e38c-4624-4f1b-786d-f8be59a53622" executionId="8ed9ef7b-a0bc-4804-b6ab-32b1db352880" testListId="8c84fa94-04c1-424b-9868-57a2d4851a1d" />
    <TestEntry testId="7303b39e-095c-d519-9482-2df53e696cb0" executionId="8b27137b-dc73-4955-80b0-74cb5bf5e4f8" testListId="8c84fa94-04c1-424b-9868-57a2d4851a1d" />
    <TestEntry testId="2c45a0c4-a819-6921-a82a-e9167bcfa09d" executionId="e20055f0-ec55-4d48-aadf-9cdafad65657" testListId="8c84fa94-04c1-424b-9868-57a2d4851a1d" />
    <TestEntry testId="88b4d386-4c27-112e-bb74-c07845596dd9" executionId="f45e991c-9f65-4590-b1a0-0ab40e63f987" testListId="8c84fa94-04c1-424b-9868-57a2d4851a1d" />
    <TestEntry testId="0de77785-462a-9bb1-5b6c-6230796bd88d" executionId="5e380403-3bcd-4c05-9ad9-d01ef3f52ff0" testListId="8c84fa94-04c1-424b-9868-57a2d4851a1d" />
    <TestEntry testId="3a461286-4d9a-bb6f-bf27-81b491059d6a" executionId="e262f36c-cc71-4c8a-ad15-f520a0e2ced3" testListId="8c84fa94-04c1-424b-9868-57a2d4851a1d" />
    <TestEntry testId="db0bdc8c-751d-0e6e-b46c-9ca8002153fd" executionId="9f6e8d9e-9698-4d4d-9d78-4dd286e26148" testListId="8c84fa94-04c1-424b-9868-57a2d4851a1d" />
    <TestEntry testId="27435069-3b26-ac29-8504-ccee8722f11b" executionId="63751ab5-11ef-4ce9-a0e4-a096444fb766" testListId="8c84fa94-04c1-424b-9868-57a2d4851a1d" />
    <TestEntry testId="52d5db23-51cb-3736-9800-a010b174438e" executionId="5c19f262-13ad-4d85-a36c-a8ba372013e3" testListId="8c84fa94-04c1-424b-9868-57a2d4851a1d" />
    <TestEntry testId="85091bf5-79fb-de26-dea4-3270f148dbfd" executionId="4aac7378-3e9f-4084-864d-5e15c5c932e7" testListId="8c84fa94-04c1-424b-9868-57a2d4851a1d" />
    <TestEntry testId="1b422f57-785f-39b3-2e48-19335b37060e" executionId="150888fa-3a18-4e14-b856-f7c168f242b3" testListId="8c84fa94-04c1-424b-9868-57a2d4851a1d" />
    <TestEntry testId="8005e8bb-64fd-8f7e-b8b0-c5f3354ecb07" executionId="97796430-0c51-4631-97a8-568ba277b9d0" testListId="8c84fa94-04c1-424b-9868-57a2d4851a1d" />
    <TestEntry testId="3f5e157c-fd88-4f5a-fa14-5f5e1b9a695a" executionId="16ff8721-704e-4974-9337-0befe54f30c9" testListId="8c84fa94-04c1-424b-9868-57a2d4851a1d" />
    <TestEntry testId="7693c0df-b71c-2c4d-9039-a2e154577900" executionId="5c3ea4e0-0b8e-4a23-a181-b140dc8876a3" testListId="8c84fa94-04c1-424b-9868-57a2d4851a1d" />
    <TestEntry testId="ae1ed87e-08b0-6456-55b5-f1c7e9a80148" executionId="2c31bdd2-f95f-41ee-9263-3925f8915d60" testListId="8c84fa94-04c1-424b-9868-57a2d4851a1d" />
    <TestEntry testId="ebcc233a-fd3e-8478-fead-9ccf15ebc250" executionId="626abf8e-8329-4b15-8970-17a9f529e90f" testListId="8c84fa94-04c1-424b-9868-57a2d4851a1d" />
    <TestEntry testId="58078e76-fc8c-090d-f603-a4db3d83abcc" executionId="3ea54735-8f1d-4500-9cd8-0826d9081fac" testListId="8c84fa94-04c1-424b-9868-57a2d4851a1d" />
    <TestEntry testId="dbc1a342-48a8-affa-8d55-c00e2654c55f" executionId="88d9b8e7-e475-45c1-be98-1cd4517fa46d" testListId="8c84fa94-04c1-424b-9868-57a2d4851a1d" />
    <TestEntry testId="a2c49861-8cfa-cfb9-a354-4ffbac34fc0c" executionId="708f9130-0584-4cbd-96c9-710da9bb1932" testListId="8c84fa94-04c1-424b-9868-57a2d4851a1d" />
    <TestEntry testId="2f6c3871-63b7-76a6-f56a-4c6dd0f4f467" executionId="bab6e590-ff50-441c-aca7-b694925bbc02" testListId="8c84fa94-04c1-424b-9868-57a2d4851a1d" />
    <TestEntry testId="d02f35d6-61fd-fd34-88f9-5255843d0782" executionId="bc840586-dea8-4acb-b87d-4dc275709964" testListId="8c84fa94-04c1-424b-9868-57a2d4851a1d" />
    <TestEntry testId="3a44bf9a-8ca0-1e46-e5d0-584bd0cbe223" executionId="1349277d-a9ee-49fb-ad52-c243069812b9" testListId="8c84fa94-04c1-424b-9868-57a2d4851a1d" />
    <TestEntry testId="6e773555-d3bc-18e6-58f4-6a33d2e565e0" executionId="dcb62e58-78be-41bf-b471-54ee1fa9ff9b" testListId="8c84fa94-04c1-424b-9868-57a2d4851a1d" />
    <TestEntry testId="047ae752-4baa-4950-c45b-96826b207ed0" executionId="c81d5b14-192a-429a-ae2c-c9f76cbd5d90" testListId="8c84fa94-04c1-424b-9868-57a2d4851a1d" />
    <TestEntry testId="eef2616b-2ca4-c350-22c0-5b72ecd848dd" executionId="6f071443-5d68-4efe-ad3a-56d1152e90ab" testListId="8c84fa94-04c1-424b-9868-57a2d4851a1d" />
    <TestEntry testId="d381fedf-8c58-4a19-b08e-ee127d4421c9" executionId="849bbb45-c172-4483-a8b6-8d710f8be5f3" testListId="8c84fa94-04c1-424b-9868-57a2d4851a1d" />
    <TestEntry testId="80316af5-ff8d-d096-8b7d-158b3853fd75" executionId="90de8286-a5ce-44bf-b673-d10c344d7979" testListId="8c84fa94-04c1-424b-9868-57a2d4851a1d" />
    <TestEntry testId="9f986ee2-f890-4bb4-9d18-dc0473ae370b" executionId="1cb0b6f2-524d-4082-863c-9d5bf7d87d68" testListId="8c84fa94-04c1-424b-9868-57a2d4851a1d" />
    <TestEntry testId="475f68bd-aa4e-7080-1be5-54155a49acfc" executionId="91441d75-711b-4285-b3c8-e4531c000937" testListId="8c84fa94-04c1-424b-9868-57a2d4851a1d" />
    <TestEntry testId="8338d7c2-18e7-4534-499f-88d705208b50" executionId="6ddac46f-d301-4649-9ed7-829a2801b2d0" testListId="8c84fa94-04c1-424b-9868-57a2d4851a1d" />
    <TestEntry testId="2111d8db-c64b-ce9e-32b3-88fa21541431" executionId="d2cea984-352a-4abb-a550-ce361af98408" testListId="8c84fa94-04c1-424b-9868-57a2d4851a1d" />
    <TestEntry testId="4ac98c6c-183a-9821-4f8c-c314ab12e456" executionId="e6d1ab0e-c4f9-4ea5-9132-c8023c6a4538" testListId="8c84fa94-04c1-424b-9868-57a2d4851a1d" />
    <TestEntry testId="45426788-53bd-fdd6-9e67-f15e7f5b5490" executionId="2b073fc1-11af-42bf-a809-41b00d90fb05" testListId="8c84fa94-04c1-424b-9868-57a2d4851a1d" />
    <TestEntry testId="729824cb-41bb-e743-d160-027404f863b6" executionId="c46a45ca-cca1-4494-9014-4d27ec96ae89" testListId="8c84fa94-04c1-424b-9868-57a2d4851a1d" />
    <TestEntry testId="9e8c2141-20ec-ba37-0f1b-2e2277c88211" executionId="c27047e8-99fc-42b2-9c4b-5311dc655362" testListId="8c84fa94-04c1-424b-9868-57a2d4851a1d" />
    <TestEntry testId="0235937d-7835-1be7-a6de-aa25a4b10aac" executionId="8d4f5935-0bd0-47ce-bf5d-ecadcae28980" testListId="8c84fa94-04c1-424b-9868-57a2d4851a1d" />
    <TestEntry testId="56af3ae0-30c5-e2c9-265d-9763c2af0b14" executionId="f38e8eee-b70e-47b8-b27a-d27f23bc10b1" testListId="8c84fa94-04c1-424b-9868-57a2d4851a1d" />
    <TestEntry testId="920a2918-af9a-e3ed-e910-d0d07bf9fed3" executionId="35bb56dc-5cd4-4d61-a1f0-23af903575b8" testListId="8c84fa94-04c1-424b-9868-57a2d4851a1d" />
    <TestEntry testId="dc781f78-aa42-d9b1-8797-d2b3767e846c" executionId="24478af3-9939-482e-b425-a92a99456d22" testListId="8c84fa94-04c1-424b-9868-57a2d4851a1d" />
    <TestEntry testId="a9a49dd9-77fa-e02e-a80e-c665ef39753c" executionId="60ace04f-2aa2-4d5c-9d22-6b6db1c47a51" testListId="8c84fa94-04c1-424b-9868-57a2d4851a1d" />
    <TestEntry testId="4037f8f9-6ca0-fb62-ee52-1ab0cb3db5fb" executionId="15c994b1-c5b1-42ad-a44f-4804986402a3" testListId="8c84fa94-04c1-424b-9868-57a2d4851a1d" />
    <TestEntry testId="94ba17e6-30fb-3cd3-1d80-21c645e8deb9" executionId="871c987b-b744-4146-8bcd-d02e9ed9d12b" testListId="8c84fa94-04c1-424b-9868-57a2d4851a1d" />
    <TestEntry testId="7aa29abd-7d3e-a7dc-4d9c-0edf39d05bae" executionId="ad65ac0a-42d6-4685-a687-874448b47b20" testListId="8c84fa94-04c1-424b-9868-57a2d4851a1d" />
    <TestEntry testId="ec6a1fe9-3af6-63ab-879a-5b325bb75a96" executionId="ae269e6a-b349-4e8c-9817-add11d6fa527" testListId="8c84fa94-04c1-424b-9868-57a2d4851a1d" />
    <TestEntry testId="e36d83f9-6b5d-9305-3ea9-821cb3744fa4" executionId="d1687091-d33d-4356-b3b7-6a5c41136613" testListId="8c84fa94-04c1-424b-9868-57a2d4851a1d" />
    <TestEntry testId="c6fc9995-4feb-7741-7b1f-15f47389f965" executionId="dd29b9cd-28f7-4696-b9f7-c38cfbfcc1c8" testListId="8c84fa94-04c1-424b-9868-57a2d4851a1d" />
    <TestEntry testId="e0503f8a-eae1-c2d9-bbae-ed3d40256258" executionId="b354d105-b2e3-4921-ad69-f4691cd1b93d" testListId="8c84fa94-04c1-424b-9868-57a2d4851a1d" />
    <TestEntry testId="73f202f0-6b9c-f5c0-5b33-e4aa7777d3dd" executionId="7bdecdba-0505-4d8c-9fb3-4f59ec88269b" testListId="8c84fa94-04c1-424b-9868-57a2d4851a1d" />
    <TestEntry testId="b6ee4187-2f4d-362e-5b8c-3b73aeaf5c65" executionId="34cd9a45-4787-42ae-9658-c523f410f7b0" testListId="8c84fa94-04c1-424b-9868-57a2d4851a1d" />
    <TestEntry testId="b11ed0cb-92ec-eb39-adbe-7566a1ca86ed" executionId="9dd32026-23d8-4ae1-b0ea-711d74de69cb" testListId="8c84fa94-04c1-424b-9868-57a2d4851a1d" />
    <TestEntry testId="9161b7a2-9233-72ad-eb95-c7d6bfabd975" executionId="0a666dba-8bc6-48f9-bc43-846d924e5fe1" testListId="8c84fa94-04c1-424b-9868-57a2d4851a1d" />
    <TestEntry testId="76c6e850-3966-de20-82b6-519095d891a6" executionId="ff0c1628-6712-4be3-b69b-c72784d72781" testListId="8c84fa94-04c1-424b-9868-57a2d4851a1d" />
    <TestEntry testId="b0092946-2776-e7d9-62f7-adb16861e4a5" executionId="b09965c7-98be-4a7b-9c49-81175bd9bf60" testListId="8c84fa94-04c1-424b-9868-57a2d4851a1d" />
    <TestEntry testId="a8a4e835-940f-7215-5269-967ee52ddfcd" executionId="22347779-ad2b-4ea1-b55c-f0e1a66cad0d" testListId="8c84fa94-04c1-424b-9868-57a2d4851a1d" />
    <TestEntry testId="74a5479e-3d8d-745b-8d0c-dc17a9c1c316" executionId="8e2f4e9d-2c12-42c4-9540-2451e460611b" testListId="8c84fa94-04c1-424b-9868-57a2d4851a1d" />
    <TestEntry testId="d85ccb45-df39-85fa-0735-81b50d6ae30d" executionId="3a34fd95-64a6-4756-bd7a-ac3b1a182388" testListId="8c84fa94-04c1-424b-9868-57a2d4851a1d" />
    <TestEntry testId="84d62aca-a413-46a5-c8ba-3602e6cd8798" executionId="a98d1cc8-7f11-4437-9e9f-68bc54160a1b" testListId="8c84fa94-04c1-424b-9868-57a2d4851a1d" />
    <TestEntry testId="8d3921c6-4c1a-b1d4-4584-3d6429a3707e" executionId="6d965bac-f1b5-4fc6-ab34-f91d01015255" testListId="8c84fa94-04c1-424b-9868-57a2d4851a1d" />
    <TestEntry testId="2670b347-ae46-c79b-6a32-846917e5ef9a" executionId="59207a17-c84f-4e55-970e-0364445ab1db" testListId="8c84fa94-04c1-424b-9868-57a2d4851a1d" />
    <TestEntry testId="239b3280-9e3f-daec-90e9-2d7422e5091c" executionId="61ae07ee-33d4-466e-b5d4-0926749ed0ca" testListId="8c84fa94-04c1-424b-9868-57a2d4851a1d" />
    <TestEntry testId="f655cfd1-db07-f37a-bdd0-c0091f35a2db" executionId="73d792b5-54e8-420e-b61f-c9d1b3b18af8" testListId="8c84fa94-04c1-424b-9868-57a2d4851a1d" />
    <TestEntry testId="6d978bab-aad4-7287-6436-c0f917b175ca" executionId="64d80528-ea5e-4ff5-8536-f06f8325c1db" testListId="8c84fa94-04c1-424b-9868-57a2d4851a1d" />
    <TestEntry testId="b875a004-85a0-61f0-5a06-f872b9bf4ce4" executionId="e590728e-eb15-452b-b2ba-cfa1e8399fbb" testListId="8c84fa94-04c1-424b-9868-57a2d4851a1d" />
    <TestEntry testId="7a5350b3-34d1-bd37-e8d8-d06d15c440d2" executionId="e35e3c1e-d83f-4b84-a51d-0b3fbed08cc2" testListId="8c84fa94-04c1-424b-9868-57a2d4851a1d" />
    <TestEntry testId="56f5cfe7-c187-684a-c730-d4624e106c42" executionId="6a4a81e4-e873-4083-ae3c-91c80f0b5428" testListId="8c84fa94-04c1-424b-9868-57a2d4851a1d" />
    <TestEntry testId="830bf89f-dfc4-5715-2ff6-ae54ad42b242" executionId="2059c531-57be-4d73-82f7-d2faf967b90d" testListId="8c84fa94-04c1-424b-9868-57a2d4851a1d" />
    <TestEntry testId="11e32396-3f3f-284e-b683-2e3e119136e4" executionId="4f3d60e8-ae55-462f-aba5-28da37cb6fc1" testListId="8c84fa94-04c1-424b-9868-57a2d4851a1d" />
    <TestEntry testId="d334a597-c565-285a-8550-3b9ea2cba29c" executionId="304c5e1b-cc2d-4bed-990c-ea3c93f9fde1" testListId="8c84fa94-04c1-424b-9868-57a2d4851a1d" />
    <TestEntry testId="7f829730-4be6-05ca-a995-3feee848e3f2" executionId="59527e62-488b-496b-8404-64653aacf280" testListId="8c84fa94-04c1-424b-9868-57a2d4851a1d" />
    <TestEntry testId="01f34d8e-771f-fa5c-163a-25421605a156" executionId="1117d901-e003-4e58-810e-774198351587" testListId="8c84fa94-04c1-424b-9868-57a2d4851a1d" />
    <TestEntry testId="7480cb9c-3d2a-334b-c8f7-266fc8075bc0" executionId="11046e7a-c48f-407a-bed6-088a1bc54409" testListId="8c84fa94-04c1-424b-9868-57a2d4851a1d" />
    <TestEntry testId="233a6bed-ae00-b023-a337-828767e08ee8" executionId="4b5eb7bd-84f4-4aee-b0e0-4eec3b204bed" testListId="8c84fa94-04c1-424b-9868-57a2d4851a1d" />
    <TestEntry testId="b0e999aa-6f2d-cdfd-39f2-77fd8d2611be" executionId="a223b59b-4dd4-4f30-b733-ce2483a1e816" testListId="8c84fa94-04c1-424b-9868-57a2d4851a1d" />
    <TestEntry testId="526844e8-d693-bdcc-23f1-06de8a485eea" executionId="76254128-66d0-4f3b-a40f-1e916a16471e" testListId="8c84fa94-04c1-424b-9868-57a2d4851a1d" />
    <TestEntry testId="f23cbfaa-bd0e-0a68-964c-aedac70dbd89" executionId="efd3c5f2-0734-4796-a629-4fb4c66adc1d" testListId="8c84fa94-04c1-424b-9868-57a2d4851a1d" />
    <TestEntry testId="7c485018-e81c-b9cc-ee22-382cb4b7a7c1" executionId="34363522-2d63-453b-a7a8-a5731351a015" testListId="8c84fa94-04c1-424b-9868-57a2d4851a1d" />
    <TestEntry testId="3c6b6456-74c4-1dda-6116-e2d0816b5ed7" executionId="a28f8c5f-6b8b-4ee3-9eff-2af03f0ff055" testListId="8c84fa94-04c1-424b-9868-57a2d4851a1d" />
    <TestEntry testId="43001655-6df0-fd55-49b4-09a30b307ee3" executionId="a9b1309b-cc95-4236-bf3c-77cbca82c686" testListId="8c84fa94-04c1-424b-9868-57a2d4851a1d" />
    <TestEntry testId="8fb02973-b048-8216-b7ce-b352b4c4fa12" executionId="d326d425-73c0-492d-bb82-f1a998539aa5" testListId="8c84fa94-04c1-424b-9868-57a2d4851a1d" />
    <TestEntry testId="2a74f75f-14b3-bc86-2d45-d53566346d28" executionId="b6a77d26-8eae-45be-a0ad-479df9e5fb6b" testListId="8c84fa94-04c1-424b-9868-57a2d4851a1d" />
    <TestEntry testId="e1f594ff-5c37-d66b-07f6-82e1c4cb1481" executionId="e54ee9fd-623b-4adf-94b3-320bfeb74a2d" testListId="8c84fa94-04c1-424b-9868-57a2d4851a1d" />
    <TestEntry testId="c6dda2cd-bb4c-abf6-4c9e-75c0a7c49325" executionId="d5ef4aea-e505-411f-bb64-74a01b2ad42f" testListId="8c84fa94-04c1-424b-9868-57a2d4851a1d" />
    <TestEntry testId="8ff6a0dd-30dd-b7ad-a8c3-0633bc0cf3f8" executionId="5f25dd55-31a2-4b9a-9bff-df8cfd54a0a6" testListId="8c84fa94-04c1-424b-9868-57a2d4851a1d" />
    <TestEntry testId="bb4bb142-b438-3655-29db-1dd962632a41" executionId="e07c4914-5ee2-42cb-b551-87a2035d4534" testListId="8c84fa94-04c1-424b-9868-57a2d4851a1d" />
    <TestEntry testId="2833457c-1856-8c1e-4496-190a417e49d0" executionId="36599b6e-b344-44a9-b80b-1ad48da63c5a" testListId="8c84fa94-04c1-424b-9868-57a2d4851a1d" />
    <TestEntry testId="b1a54d71-5c4b-5e18-0c40-6a96ee3db5e8" executionId="2f478b93-202e-4d46-ad2e-6196f6e358d8" testListId="8c84fa94-04c1-424b-9868-57a2d4851a1d" />
    <TestEntry testId="74b99f6c-f52d-e611-9fc2-7e56383e4299" executionId="9370a848-63d5-4bd5-a21f-0006824f6c99" testListId="8c84fa94-04c1-424b-9868-57a2d4851a1d" />
    <TestEntry testId="0e000a76-c424-1348-5a62-7f5cf04c0b5a" executionId="d652a3b1-00f7-4697-99ae-feb6421b1d48" testListId="8c84fa94-04c1-424b-9868-57a2d4851a1d" />
    <TestEntry testId="c92b65c5-6961-9b98-a1f9-2c2587ff0054" executionId="e194f62f-f53f-4b94-863a-662020b9181a" testListId="8c84fa94-04c1-424b-9868-57a2d4851a1d" />
    <TestEntry testId="6ee9d76c-102e-6b0c-a05d-d3b2cd96bee2" executionId="3169e7f8-43fa-413c-8d95-077eca637f1e" testListId="8c84fa94-04c1-424b-9868-57a2d4851a1d" />
    <TestEntry testId="5e9a784a-512a-9e3c-4365-749c6efbd67e" executionId="28d37a0d-c043-4b75-b05c-66b6bc445877" testListId="8c84fa94-04c1-424b-9868-57a2d4851a1d" />
    <TestEntry testId="59476004-430a-3b34-3bb3-3229ecde9f89" executionId="c7b5912d-96b5-456c-8c67-a9b3e19825e3" testListId="8c84fa94-04c1-424b-9868-57a2d4851a1d" />
    <TestEntry testId="29cd7680-6529-be15-6bcd-e95b8579b607" executionId="23a7c384-48c9-4c88-a2c5-09eeca6d082f" testListId="8c84fa94-04c1-424b-9868-57a2d4851a1d" />
    <TestEntry testId="165287bc-bef0-3870-c69b-a17243fed1fc" executionId="5d014f27-6ce7-4c37-aea0-fbedbf6b3bac" testListId="8c84fa94-04c1-424b-9868-57a2d4851a1d" />
    <TestEntry testId="2618920c-aa56-2790-77ca-5dcd9d1e0fd1" executionId="d3a0123a-882e-4482-91c6-07372b351e96" testListId="8c84fa94-04c1-424b-9868-57a2d4851a1d" />
    <TestEntry testId="43ebd83e-9e77-e80a-e383-3f96bfb58151" executionId="7a531245-75af-46a1-8991-2cc666a9d108" testListId="8c84fa94-04c1-424b-9868-57a2d4851a1d" />
    <TestEntry testId="bf71a57f-ee03-3700-bbbe-0a8bed916dfe" executionId="ee9eac40-866b-4581-9423-369d5da722aa" testListId="8c84fa94-04c1-424b-9868-57a2d4851a1d" />
    <TestEntry testId="cedacd39-cebe-080f-c95c-117129a33131" executionId="b79bf350-1b5c-4c2d-95fe-dfa502681713" testListId="8c84fa94-04c1-424b-9868-57a2d4851a1d" />
    <TestEntry testId="4fbe1405-2b3d-d3ff-a663-0a6e5d9aa972" executionId="877eff72-eeda-46b9-9898-465dca8680d2" testListId="8c84fa94-04c1-424b-9868-57a2d4851a1d" />
    <TestEntry testId="65f38f06-9057-2883-e0bd-60370f8d7d0d" executionId="189d7999-5fcb-479f-bda6-92df946d60bd" testListId="8c84fa94-04c1-424b-9868-57a2d4851a1d" />
    <TestEntry testId="05f48571-d878-d35c-a36e-2898473abdf2" executionId="15c2fd59-0c3a-49db-8dd4-d8d00d949457" testListId="8c84fa94-04c1-424b-9868-57a2d4851a1d" />
    <TestEntry testId="0c0629d0-f6ea-17eb-459f-54981f9ede50" executionId="fbaa2a3b-e411-416e-a9c3-a52969fd3dea" testListId="8c84fa94-04c1-424b-9868-57a2d4851a1d" />
    <TestEntry testId="5ab62b20-54a2-c1ce-b77e-78e0928171bb" executionId="48125f04-eea8-45d3-afc3-d785cf150e4a" testListId="8c84fa94-04c1-424b-9868-57a2d4851a1d" />
    <TestEntry testId="98080849-b9da-3c6c-854e-942231adfd8f" executionId="8cde92ae-6a19-41b0-8319-1e39947783d2" testListId="8c84fa94-04c1-424b-9868-57a2d4851a1d" />
    <TestEntry testId="06bd284b-d73d-920f-7739-efb670bc85e0" executionId="7377e25c-2fde-400a-8502-2b92e52d8701" testListId="8c84fa94-04c1-424b-9868-57a2d4851a1d" />
    <TestEntry testId="a112e5f5-c328-3fe0-6f6d-307e1fa97026" executionId="c95fb80f-812d-4262-a49b-bee2b9f7ee67" testListId="8c84fa94-04c1-424b-9868-57a2d4851a1d" />
    <TestEntry testId="d628b9e8-ecd7-5880-2e1a-54156c671e9a" executionId="f3688cd3-3662-4173-b881-8ccbfc683461" testListId="8c84fa94-04c1-424b-9868-57a2d4851a1d" />
    <TestEntry testId="92df0312-a314-f2ad-872b-182bbef5a446" executionId="2c3c5798-803b-445d-b039-743ffde27b11" testListId="8c84fa94-04c1-424b-9868-57a2d4851a1d" />
    <TestEntry testId="4ac872cb-6eae-9e1a-7612-37a387bb363b" executionId="08259d99-1bc6-491e-b5b0-2dd47e1cbd19" testListId="8c84fa94-04c1-424b-9868-57a2d4851a1d" />
    <TestEntry testId="698dd5ef-138e-eb6d-a408-c897a293bf7a" executionId="792ffd5b-3b1f-43f6-8a22-008568d4709a" testListId="8c84fa94-04c1-424b-9868-57a2d4851a1d" />
    <TestEntry testId="bed8c8de-bd82-cb94-6967-81e34fce6907" executionId="4154ce1a-0a8e-47db-b8dd-8160d8700ad3" testListId="8c84fa94-04c1-424b-9868-57a2d4851a1d" />
    <TestEntry testId="74bce2b8-452d-5f85-d604-2ca1701607c3" executionId="7a03dd69-13e8-421a-b474-4f4b59742ea3" testListId="8c84fa94-04c1-424b-9868-57a2d4851a1d" />
    <TestEntry testId="110c5f83-752f-57c6-1e06-5ba87b7d2a16" executionId="6d27d69a-694d-40b2-acf7-cfba5ebafb91" testListId="8c84fa94-04c1-424b-9868-57a2d4851a1d" />
    <TestEntry testId="790684f3-79cb-8225-0da5-fcb35e52e25a" executionId="25a812de-dde4-4f0c-8681-cded862b97eb" testListId="8c84fa94-04c1-424b-9868-57a2d4851a1d" />
    <TestEntry testId="4e54cb2c-d65b-9738-63c7-b5798acdd38c" executionId="f15ffe0f-8821-4527-9330-5a9bf2d14c2e" testListId="8c84fa94-04c1-424b-9868-57a2d4851a1d" />
    <TestEntry testId="fab13144-dbad-5831-0a01-3cacac990e32" executionId="a5049c11-3a5e-49fe-9c4b-f989a7e13d98" testListId="8c84fa94-04c1-424b-9868-57a2d4851a1d" />
    <TestEntry testId="3ff6b5d8-f141-7a2b-08b3-b0a5923ed411" executionId="ab29428c-743d-49bd-bddb-6934c3249702" testListId="8c84fa94-04c1-424b-9868-57a2d4851a1d" />
    <TestEntry testId="75b7a6d2-cb73-668d-0435-045642c36b2f" executionId="f8164ac1-0d34-452d-a451-75a8cdc1dbbc" testListId="8c84fa94-04c1-424b-9868-57a2d4851a1d" />
    <TestEntry testId="62ccc5b1-eb5f-4644-e919-a3a7e7740785" executionId="a0a7f835-4a14-451f-93ce-e7bfdfc0ce56" testListId="8c84fa94-04c1-424b-9868-57a2d4851a1d" />
    <TestEntry testId="9f407d44-4f3f-f1b2-0cc2-8c4bc65e5f39" executionId="1c59a563-10b4-4b2d-a7ea-c78c9b2754d3" testListId="8c84fa94-04c1-424b-9868-57a2d4851a1d" />
    <TestEntry testId="843dae0b-b140-3d67-5588-10bfec2781a8" executionId="32741d87-16cc-4757-b499-cb6352072cd1" testListId="8c84fa94-04c1-424b-9868-57a2d4851a1d" />
    <TestEntry testId="f342c369-1b63-ac09-7592-3bbf19ea7792" executionId="b882634c-cd50-4c35-ad2e-963ddd330a4c" testListId="8c84fa94-04c1-424b-9868-57a2d4851a1d" />
    <TestEntry testId="788c7744-bd48-e28d-a864-bbd05271aa4c" executionId="01529a30-38cc-4490-81aa-fc450f8b1480" testListId="8c84fa94-04c1-424b-9868-57a2d4851a1d" />
    <TestEntry testId="fd55daeb-7419-55fa-3178-07b8b00e171d" executionId="6f460d39-939b-4aa4-b43e-9daa9e5b75b6" testListId="8c84fa94-04c1-424b-9868-57a2d4851a1d" />
    <TestEntry testId="ca442d25-1d56-7ce4-2a08-3c581c8826e1" executionId="7b89b86a-0fab-4dd8-9a81-71c35afc5127" testListId="8c84fa94-04c1-424b-9868-57a2d4851a1d" />
    <TestEntry testId="32ed77af-24ae-94bc-03f8-4122e838d29f" executionId="8dee17ab-7ba8-42f2-892a-9007d06bf23e" testListId="8c84fa94-04c1-424b-9868-57a2d4851a1d" />
    <TestEntry testId="34f71d61-40e4-8716-5c83-5c84a7e66552" executionId="ca2de2e1-ed28-452a-9d5e-76232c0ce622" testListId="8c84fa94-04c1-424b-9868-57a2d4851a1d" />
    <TestEntry testId="a2769260-4eb7-daf9-b4d2-f155ed354d1b" executionId="c75df727-7837-484d-9e39-f69fa3b208b3" testListId="8c84fa94-04c1-424b-9868-57a2d4851a1d" />
    <TestEntry testId="2ed74c97-cc2b-13bf-aac4-2247c3b9fbc5" executionId="39b3c307-8ad3-48e1-a401-f6b15e64326e" testListId="8c84fa94-04c1-424b-9868-57a2d4851a1d" />
    <TestEntry testId="8d265b40-4d86-0fef-5f08-51df41bf9c7a" executionId="ae94893a-d85a-4be4-bbb3-3a130645dca9" testListId="8c84fa94-04c1-424b-9868-57a2d4851a1d" />
    <TestEntry testId="d0982f73-d6e4-f513-6ec6-0568fe669026" executionId="2c5c90ae-76bc-447e-b9a9-37d56846175f" testListId="8c84fa94-04c1-424b-9868-57a2d4851a1d" />
    <TestEntry testId="e6be9160-5cc6-c513-67c4-14d959e49ad9" executionId="a6e60605-7e3f-45bc-a545-9a3aef01ffae" testListId="8c84fa94-04c1-424b-9868-57a2d4851a1d" />
    <TestEntry testId="9ef40f5e-38f9-a518-38bf-9ae97100aebe" executionId="25762e37-ac4f-41b5-9fdc-ce21cc6f778c" testListId="8c84fa94-04c1-424b-9868-57a2d4851a1d" />
    <TestEntry testId="dd098655-ce3b-b407-bc7d-fa88b3ed5381" executionId="985f5893-6e48-449e-a470-534c0382815d" testListId="8c84fa94-04c1-424b-9868-57a2d4851a1d" />
    <TestEntry testId="7a648730-a880-ab42-6524-73337b3605fc" executionId="b26fdadc-c3b1-41ed-ae08-8d9699b2dcba" testListId="8c84fa94-04c1-424b-9868-57a2d4851a1d" />
    <TestEntry testId="873b07ed-167b-fa39-bd63-4c1afd4d93c5" executionId="35c9f654-c5f8-40d5-82b8-bde1fc88dc92" testListId="8c84fa94-04c1-424b-9868-57a2d4851a1d" />
    <TestEntry testId="60c69ff5-89b2-197d-90c0-5219587cb80d" executionId="71060ecb-1b86-418e-af2b-26df7430250c" testListId="8c84fa94-04c1-424b-9868-57a2d4851a1d" />
    <TestEntry testId="4ef99c33-c023-cc35-d098-ffd6c1e453c8" executionId="ca336ea4-73ea-4a96-afaf-245709bf7365" testListId="8c84fa94-04c1-424b-9868-57a2d4851a1d" />
    <TestEntry testId="2690c66e-1a17-c167-c5a2-9a34963b7540" executionId="b39eb2e4-0ca4-4094-8ce9-615d0f748d56" testListId="8c84fa94-04c1-424b-9868-57a2d4851a1d" />
    <TestEntry testId="987edaa0-0a3b-cbb4-5b40-8112a4826bc5" executionId="9f7fcf04-7c86-4e22-962f-20124a33eb5d" testListId="8c84fa94-04c1-424b-9868-57a2d4851a1d" />
    <TestEntry testId="d83a6664-b710-0c77-9aee-d0cf89f7ee93" executionId="a5930d37-89f7-4f4f-83de-9b8e441406c7" testListId="8c84fa94-04c1-424b-9868-57a2d4851a1d" />
    <TestEntry testId="dd6a6056-335a-e790-dd5c-836d1beab39a" executionId="ef417ac7-3ae6-47f7-b763-9724aad930be" testListId="8c84fa94-04c1-424b-9868-57a2d4851a1d" />
    <TestEntry testId="91c02083-3eab-8cf1-1555-f235b60671d1" executionId="2fd5ddbb-1a7a-4659-8114-d6099ecdcd63" testListId="8c84fa94-04c1-424b-9868-57a2d4851a1d" />
    <TestEntry testId="529d26b0-b0f1-46a8-1a06-060aa004de23" executionId="d594c998-6377-40fd-b82d-768eb8d16c3d" testListId="8c84fa94-04c1-424b-9868-57a2d4851a1d" />
    <TestEntry testId="d5b83293-8848-4b1e-df37-68e69f1f794e" executionId="77f97fc3-dc55-4d9c-82ad-185293fddf28" testListId="8c84fa94-04c1-424b-9868-57a2d4851a1d" />
    <TestEntry testId="66234323-7949-a946-9adf-97375c9fed0b" executionId="a0a2dcd2-d66a-4fbd-a4ae-35e3de12b1b7" testListId="8c84fa94-04c1-424b-9868-57a2d4851a1d" />
    <TestEntry testId="5af9722d-cb32-cd5c-d7d3-430177f73975" executionId="44ef21de-c54c-44ff-a5d8-7e81e812202e" testListId="8c84fa94-04c1-424b-9868-57a2d4851a1d" />
    <TestEntry testId="5aee1987-ec48-787b-31d3-fe2a9e31e772" executionId="88720d54-2a78-4eea-a3ab-13a92ed8eaf0" testListId="8c84fa94-04c1-424b-9868-57a2d4851a1d" />
    <TestEntry testId="1f8f2766-504d-6eef-54e8-b4e73b68637d" executionId="ad840d31-b08f-4933-9754-751f0ba434fa" testListId="8c84fa94-04c1-424b-9868-57a2d4851a1d" />
    <TestEntry testId="1ae4eff8-6b2f-6b05-41a0-15eb97967c7f" executionId="90e69944-0539-45fa-91c7-b23a93391236" testListId="8c84fa94-04c1-424b-9868-57a2d4851a1d" />
    <TestEntry testId="738cbe03-e159-a418-8d3e-aaea3bd6f9f5" executionId="3f8339f9-fc5f-4bd9-80cb-d8515296d71b" testListId="8c84fa94-04c1-424b-9868-57a2d4851a1d" />
    <TestEntry testId="dcdbbe69-ab49-7246-fc1b-b94cfe92e639" executionId="6b1c2f67-a5bd-4e48-8379-5fcb9cd734e2" testListId="8c84fa94-04c1-424b-9868-57a2d4851a1d" />
    <TestEntry testId="0f2fab4c-9ed0-8156-9134-b17ff014dc4a" executionId="51054ac3-0fae-4728-8edd-85f8088a1040" testListId="8c84fa94-04c1-424b-9868-57a2d4851a1d" />
    <TestEntry testId="19ae25b4-0231-fc97-1b8f-0232f3086906" executionId="0f91bef1-c9a9-45b6-a95b-75afa9f24431" testListId="8c84fa94-04c1-424b-9868-57a2d4851a1d" />
    <TestEntry testId="fcff554d-34c8-97ff-ebce-88a9ec7d660a" executionId="372f1e5c-5cc5-49d9-a340-0d4ced76b049" testListId="8c84fa94-04c1-424b-9868-57a2d4851a1d" />
    <TestEntry testId="a2585aed-0f0c-4b5a-b559-bb2fb6af779c" executionId="9d3a7a93-1238-4b3a-be5e-6e880a9a91d1" testListId="8c84fa94-04c1-424b-9868-57a2d4851a1d" />
    <TestEntry testId="14ce9c46-40b0-3cf1-b65d-94e20f3f850c" executionId="7bee7278-037c-4dac-9e76-7aecf3f188b9" testListId="8c84fa94-04c1-424b-9868-57a2d4851a1d" />
    <TestEntry testId="4fb1e9eb-976d-db8c-6efc-0c953d97980e" executionId="75769a7e-b379-4a88-898f-9f6ae82b4e00" testListId="8c84fa94-04c1-424b-9868-57a2d4851a1d" />
    <TestEntry testId="9f58f9ac-c237-b302-81b2-6eb6c67dcabf" executionId="53e96288-6bec-4636-a972-cafe955af49d" testListId="8c84fa94-04c1-424b-9868-57a2d4851a1d" />
    <TestEntry testId="ed8ce939-1ecb-5339-ef24-908cae52144a" executionId="613d0345-40ed-47e9-a186-e12bfa6eb9e8" testListId="8c84fa94-04c1-424b-9868-57a2d4851a1d" />
    <TestEntry testId="1a507d86-1921-f620-6368-d6adb1877080" executionId="f49a14a2-8ecb-491c-8d09-3c4317d396c8" testListId="8c84fa94-04c1-424b-9868-57a2d4851a1d" />
    <TestEntry testId="56b52fe7-501e-5059-ffb3-616a27cb0414" executionId="a68b12e2-73bf-451c-a9a7-5a92a5a3bac7" testListId="8c84fa94-04c1-424b-9868-57a2d4851a1d" />
    <TestEntry testId="65173ca9-ca7a-eecb-f51e-664ba3987e33" executionId="de816cfe-5f69-441a-9f6c-db1644058068" testListId="8c84fa94-04c1-424b-9868-57a2d4851a1d" />
    <TestEntry testId="0d69c7de-0a79-1b02-2fcf-9739b7f2143b" executionId="0d65abc3-331e-4f62-adbc-eece4acef0f7" testListId="8c84fa94-04c1-424b-9868-57a2d4851a1d" />
    <TestEntry testId="89633d51-0a7e-1e94-929d-ec9b25c6de3a" executionId="3109a961-29b9-4b99-a0c5-14a4b2ffd491" testListId="8c84fa94-04c1-424b-9868-57a2d4851a1d" />
    <TestEntry testId="04268900-3302-a699-5943-bbf486b565e8" executionId="7d038b97-9d96-48c5-be44-1c2016f33100" testListId="8c84fa94-04c1-424b-9868-57a2d4851a1d" />
    <TestEntry testId="f7a4182b-ffd3-38f8-408e-5d4264f4f5e8" executionId="57fc89dc-978e-48b7-9864-473f7052dc14" testListId="8c84fa94-04c1-424b-9868-57a2d4851a1d" />
    <TestEntry testId="618671da-f82c-c489-4e50-3ec438e9a9d0" executionId="e307ebbd-ffff-4705-a862-4c19a757ff1e" testListId="8c84fa94-04c1-424b-9868-57a2d4851a1d" />
    <TestEntry testId="634e382c-e414-92b0-7810-237df6007505" executionId="135bdb0f-da04-4c4b-afde-0c8037f22a7b" testListId="8c84fa94-04c1-424b-9868-57a2d4851a1d" />
    <TestEntry testId="9a1e0638-3454-96aa-be92-9d9c7a4bfa39" executionId="1676387d-46e9-49c6-98a3-7b70e06152c1" testListId="8c84fa94-04c1-424b-9868-57a2d4851a1d" />
    <TestEntry testId="a2d013ca-7402-4f94-4ab9-860cc766f7d2" executionId="347b55dd-a2d6-4484-95a0-01b161ce7c0d" testListId="8c84fa94-04c1-424b-9868-57a2d4851a1d" />
    <TestEntry testId="7a29bb4c-872a-7722-5bfa-4ff03f288d37" executionId="bfdaf1c4-c2ec-41fc-905e-b52e50dccfcc" testListId="8c84fa94-04c1-424b-9868-57a2d4851a1d" />
    <TestEntry testId="35c37eb8-e213-391e-0beb-46923447e480" executionId="0e86aa38-658d-47e0-a8f6-9d4b8488ea37" testListId="8c84fa94-04c1-424b-9868-57a2d4851a1d" />
    <TestEntry testId="5ff1d928-fddf-7f17-ef34-f8a1593f2a8d" executionId="cc7e3deb-ea66-48de-87d3-dc4d2d524c26" testListId="8c84fa94-04c1-424b-9868-57a2d4851a1d" />
    <TestEntry testId="ce2cf82c-5810-0ccc-465a-37da15418741" executionId="53b13fbb-95cd-4d38-809d-212b9be52c14" testListId="8c84fa94-04c1-424b-9868-57a2d4851a1d" />
    <TestEntry testId="3a384c62-a21e-fecb-daa1-7890a574eea7" executionId="edabfc06-c0a6-4a6c-852a-172806bb34b3" testListId="8c84fa94-04c1-424b-9868-57a2d4851a1d" />
    <TestEntry testId="87f381e7-d9c3-dd59-a7de-147f1cb1e49c" executionId="2806d152-3d8b-4728-b710-0ef758114020" testListId="8c84fa94-04c1-424b-9868-57a2d4851a1d" />
    <TestEntry testId="4672bcf4-734d-4ad9-761e-d152a3dbb36b" executionId="582763ec-068c-42e9-a97c-fba6ff565253" testListId="8c84fa94-04c1-424b-9868-57a2d4851a1d" />
    <TestEntry testId="cab07565-7102-ab00-4f85-136d84889f35" executionId="f5be02df-b98e-4f65-8471-f523849f095e" testListId="8c84fa94-04c1-424b-9868-57a2d4851a1d" />
    <TestEntry testId="6bf98392-1073-05ae-8e9e-5a0aa6674b1b" executionId="667387e3-b52b-4e29-a912-403262534743" testListId="8c84fa94-04c1-424b-9868-57a2d4851a1d" />
    <TestEntry testId="30fe8312-9877-ebd0-79b2-11d30d1e5b58" executionId="f1306c17-0b0b-45e1-b485-954789b22a5c" testListId="8c84fa94-04c1-424b-9868-57a2d4851a1d" />
    <TestEntry testId="f086d804-d792-85ee-7f01-0c6bad93eebb" executionId="fbf4b9be-d441-4326-aedb-a6d7860b6f89" testListId="8c84fa94-04c1-424b-9868-57a2d4851a1d" />
    <TestEntry testId="aab428ed-a31b-f1b7-b0cd-f341bed7d107" executionId="cff0da74-0562-4ec7-99e7-43a45db9b693" testListId="8c84fa94-04c1-424b-9868-57a2d4851a1d" />
    <TestEntry testId="eee00570-2c88-ed70-4bff-bb8eb4983fd1" executionId="104597f0-0020-4416-a05b-36e38815678d" testListId="8c84fa94-04c1-424b-9868-57a2d4851a1d" />
    <TestEntry testId="3dff5113-fbc5-85c4-6443-3894194c92b8" executionId="905d3d78-f9c1-47fa-8dee-56f158a52578" testListId="8c84fa94-04c1-424b-9868-57a2d4851a1d" />
    <TestEntry testId="8781c4e8-8f6b-fc4e-fad2-e4adb8260be9" executionId="406fd7c7-6836-4ee8-8638-7340d5688333" testListId="8c84fa94-04c1-424b-9868-57a2d4851a1d" />
    <TestEntry testId="604833d7-d8a0-cb51-77cf-d5e2a38bc181" executionId="d603c86b-f745-4d87-929d-a26c218eed82" testListId="8c84fa94-04c1-424b-9868-57a2d4851a1d" />
    <TestEntry testId="dd092419-abd8-e0ce-fcc9-f98f58bba7cb" executionId="499f78b4-bcdd-41ce-a0f3-55c2b206e938" testListId="8c84fa94-04c1-424b-9868-57a2d4851a1d" />
    <TestEntry testId="6a9c6020-889e-b6db-aa72-939d2660cb16" executionId="d9ca7182-bbf4-4e58-be5c-c3ec91c83673" testListId="8c84fa94-04c1-424b-9868-57a2d4851a1d" />
    <TestEntry testId="2328c08a-6b16-a28c-b157-2e48d92660b0" executionId="9b2c7bbf-1a5b-48b0-a4fc-5529208ae65e" testListId="8c84fa94-04c1-424b-9868-57a2d4851a1d" />
    <TestEntry testId="04187fa0-5851-9668-dfce-6611bb5be8f1" executionId="378666ac-d1bd-450b-9082-cc99314faac7" testListId="8c84fa94-04c1-424b-9868-57a2d4851a1d" />
    <TestEntry testId="21be0112-22bc-28e4-3be0-7f0713407426" executionId="5c6291be-9c69-4273-9c76-6057651e1539" testListId="8c84fa94-04c1-424b-9868-57a2d4851a1d" />
    <TestEntry testId="d9a71493-8a98-1ce2-4921-b216ae947c71" executionId="b9247157-d490-4142-aa20-67bef289cd78" testListId="8c84fa94-04c1-424b-9868-57a2d4851a1d" />
    <TestEntry testId="1dfcecbd-375a-81ed-2ce9-6d3e61013acd" executionId="d4e8e3fe-b9c5-4a5f-ab6c-2480fec01fb8" testListId="8c84fa94-04c1-424b-9868-57a2d4851a1d" />
    <TestEntry testId="f27b2734-7e6c-c464-7643-e40625bfd46a" executionId="0ce79474-72b2-436e-9c9c-2b612235795e" testListId="8c84fa94-04c1-424b-9868-57a2d4851a1d" />
    <TestEntry testId="63e96068-9f53-27fa-ddcd-94b9c2880dd5" executionId="0d34cffe-c154-4065-93ad-746d5559a270" testListId="8c84fa94-04c1-424b-9868-57a2d4851a1d" />
    <TestEntry testId="7e58be8f-9941-69cb-e59f-eb5323ed9f2d" executionId="3e541096-937c-4d83-8a82-171d9dcb9ec2" testListId="8c84fa94-04c1-424b-9868-57a2d4851a1d" />
    <TestEntry testId="6e9ddeeb-8237-28ab-191f-f32e87858c27" executionId="9cb8c391-913e-405b-9f5c-bd982bb89780" testListId="8c84fa94-04c1-424b-9868-57a2d4851a1d" />
    <TestEntry testId="232e38bc-f1e6-d745-c4df-2efcf25dd919" executionId="0552bdf2-755f-4db9-8a3e-12d4ddaf1968" testListId="8c84fa94-04c1-424b-9868-57a2d4851a1d" />
    <TestEntry testId="2c1f07ec-ce8f-9b5e-788c-417096e2b9e1" executionId="ba83bf5f-bf7e-45df-8e43-f3ad15a6e90e" testListId="8c84fa94-04c1-424b-9868-57a2d4851a1d" />
    <TestEntry testId="6816708f-fdf2-3222-9491-91819f8c817b" executionId="7f1384dc-a2f4-4a60-b9ac-533472a0f5f4" testListId="8c84fa94-04c1-424b-9868-57a2d4851a1d" />
    <TestEntry testId="780b91d2-0044-d042-dc26-f60de2f5b427" executionId="78d090aa-7f26-4d5c-9410-546e1d979c84" testListId="8c84fa94-04c1-424b-9868-57a2d4851a1d" />
    <TestEntry testId="092a5f5d-5e92-e7c2-e812-620b9e6c3275" executionId="7c91d98f-8663-4ac7-8f01-4e08353d630e" testListId="8c84fa94-04c1-424b-9868-57a2d4851a1d" />
    <TestEntry testId="98f162c3-7789-0517-6acc-2e2623f261ea" executionId="adc13c35-6e23-43d9-8394-2880ead5fa84" testListId="8c84fa94-04c1-424b-9868-57a2d4851a1d" />
    <TestEntry testId="23c3222c-43bf-12ab-6d71-69f32f727a99" executionId="38c11867-613f-4b2b-bca4-81727251e151" testListId="8c84fa94-04c1-424b-9868-57a2d4851a1d" />
    <TestEntry testId="361fc6c6-0e8b-67f9-3bea-df214e20d9d1" executionId="7deaa597-e106-4004-ba01-c25a099e1b7a" testListId="8c84fa94-04c1-424b-9868-57a2d4851a1d" />
    <TestEntry testId="bd1c2cab-1265-633f-739a-62f24eef82f7" executionId="388ca8ea-3dac-4bb3-8485-1a2b9ad8001e" testListId="8c84fa94-04c1-424b-9868-57a2d4851a1d" />
    <TestEntry testId="24aad481-07c1-3aaa-142a-c2bdd14112ca" executionId="34d0353a-7a86-43d4-b0f4-e548ef4e6aa2" testListId="8c84fa94-04c1-424b-9868-57a2d4851a1d" />
    <TestEntry testId="f4a64d46-5162-ebbc-c6d5-bf9ee224f0ba" executionId="d57cd08a-b51f-472a-a0d8-a273be22acf5" testListId="8c84fa94-04c1-424b-9868-57a2d4851a1d" />
    <TestEntry testId="a68d8bd1-83c1-7dcf-88ae-373561151afd" executionId="e61de7fc-9b12-4fcb-b86b-69b40f29430a" testListId="8c84fa94-04c1-424b-9868-57a2d4851a1d" />
    <TestEntry testId="e26b2205-c180-7f1b-f046-b9155ed9b951" executionId="9936c48f-5d80-4803-9fcd-1e2ff4aa20e6" testListId="8c84fa94-04c1-424b-9868-57a2d4851a1d" />
    <TestEntry testId="76f56124-31a2-88ce-2d55-72b9a34a85b7" executionId="7abf8896-9bec-4d30-9170-2ac8c5be9b83" testListId="8c84fa94-04c1-424b-9868-57a2d4851a1d" />
    <TestEntry testId="84f93f59-fd44-afa7-32df-18fcfc62c68f" executionId="dbfbc1ed-561d-4532-a566-129c4a6a52be" testListId="8c84fa94-04c1-424b-9868-57a2d4851a1d" />
    <TestEntry testId="7f31e1a8-eb37-a7f7-05cb-b001ed2dcb3c" executionId="c84573eb-d6d8-41a3-95e7-1f832f32b97b" testListId="8c84fa94-04c1-424b-9868-57a2d4851a1d" />
    <TestEntry testId="5b8ffd61-7472-5d07-a1e1-10f78205a31d" executionId="d7d4d14a-226b-4ee5-b15f-531a23d873b7" testListId="8c84fa94-04c1-424b-9868-57a2d4851a1d" />
    <TestEntry testId="bc3083b0-a3ea-e4f1-9c27-4c183b204440" executionId="a252462c-aeca-424a-8720-4b5b7aac1045" testListId="8c84fa94-04c1-424b-9868-57a2d4851a1d" />
    <TestEntry testId="518a8b99-6420-184f-272c-7fecbc8732ca" executionId="0163e3a1-bc22-432f-9534-f55955aa6711" testListId="8c84fa94-04c1-424b-9868-57a2d4851a1d" />
    <TestEntry testId="60f76d2a-8443-d6c5-ab49-4b19e96bdb7e" executionId="4cc63ab5-1377-4c19-ba68-72eb73322d1f" testListId="8c84fa94-04c1-424b-9868-57a2d4851a1d" />
    <TestEntry testId="7df9b500-6856-6e35-de99-08c43bb682f1" executionId="248fa747-5b39-4b32-bb85-a2fd5afc36dd" testListId="8c84fa94-04c1-424b-9868-57a2d4851a1d" />
    <TestEntry testId="b3439aa9-ae3f-b685-1de2-36964f947d35" executionId="4db3e282-dbc6-4b66-98d6-869be6abae89" testListId="8c84fa94-04c1-424b-9868-57a2d4851a1d" />
    <TestEntry testId="27f45b32-e46d-1c8f-ae71-a8a2f0519cb3" executionId="fc8ab8f2-3642-4819-abf9-3dea87e69880" testListId="8c84fa94-04c1-424b-9868-57a2d4851a1d" />
    <TestEntry testId="4efc28b2-fe1f-f63d-e78f-1c7f34702762" executionId="6d1c8003-be09-4b48-a7a5-46122e657aac" testListId="8c84fa94-04c1-424b-9868-57a2d4851a1d" />
    <TestEntry testId="317e86cb-de5d-7ed1-da85-650314a8d400" executionId="53009f76-21c0-428a-9805-57a8d6a6dcf1" testListId="8c84fa94-04c1-424b-9868-57a2d4851a1d" />
    <TestEntry testId="3377fc03-ebfb-5203-3a6a-1a517b97bfcd" executionId="471d1635-0733-4146-b090-c25ede117892" testListId="8c84fa94-04c1-424b-9868-57a2d4851a1d" />
    <TestEntry testId="7f664b57-7413-e68a-c6c0-a58e6b75f164" executionId="6be7a9a8-fd0b-4ce3-9252-35a71d1f117a" testListId="8c84fa94-04c1-424b-9868-57a2d4851a1d" />
    <TestEntry testId="e6dcebe5-b6cc-8c91-5e65-857f5572db4e" executionId="81ad6a25-c00f-4ac2-af2d-9eeba50b584e" testListId="8c84fa94-04c1-424b-9868-57a2d4851a1d" />
    <TestEntry testId="7ceab3e2-a3b0-9c8f-80fc-83722cb5c583" executionId="e33cc6d7-cb36-4ea7-8992-3297cd819d49" testListId="8c84fa94-04c1-424b-9868-57a2d4851a1d" />
    <TestEntry testId="ed7779e7-8a74-5c39-caff-a41255fdc4f9" executionId="29eeedce-ae0c-433c-ad3e-dc453e67971c" testListId="8c84fa94-04c1-424b-9868-57a2d4851a1d" />
    <TestEntry testId="1e269b48-31d1-e9d9-6456-feb927b5229e" executionId="ba79cc7f-37ac-4607-9383-d0705c9a4a50" testListId="8c84fa94-04c1-424b-9868-57a2d4851a1d" />
    <TestEntry testId="a1f63b95-bed0-b504-3aa1-12bbb203c9f9" executionId="cef6c979-4497-473c-9b99-a399f405d2c1" testListId="8c84fa94-04c1-424b-9868-57a2d4851a1d" />
    <TestEntry testId="7ed10e38-acaf-fb97-a236-10882c020ef0" executionId="fc71ab31-e1d6-4f0f-b04a-c0133af49e27" testListId="8c84fa94-04c1-424b-9868-57a2d4851a1d" />
    <TestEntry testId="ff39d078-db32-05c4-cda1-a2362a7ad157" executionId="2e700b6b-61ae-4d97-8e25-9db18e625d18" testListId="8c84fa94-04c1-424b-9868-57a2d4851a1d" />
    <TestEntry testId="add54532-7e20-f473-1fef-d0865cc9a84b" executionId="3619f21e-7410-412f-932a-595c62a8f553" testListId="8c84fa94-04c1-424b-9868-57a2d4851a1d" />
    <TestEntry testId="26493e2f-f09a-fd85-4932-ec0c6378d5e5" executionId="138cc910-d657-42ea-ad7f-97028aa0c6dc" testListId="8c84fa94-04c1-424b-9868-57a2d4851a1d" />
    <TestEntry testId="046e87a4-129e-e9d1-b689-ff12d71bb7aa" executionId="378a0ba0-64c4-413e-9539-0ba3805cb30b" testListId="8c84fa94-04c1-424b-9868-57a2d4851a1d" />
    <TestEntry testId="48054fb2-bd75-c8f4-21b2-fc21c0457ce0" executionId="fd35fb55-22b1-4bb4-8d96-1f54f89e465f" testListId="8c84fa94-04c1-424b-9868-57a2d4851a1d" />
    <TestEntry testId="e5d551bc-1dd2-666f-0864-398b71d25710" executionId="4054ed3d-5e7e-42f3-b08f-bd56ca3045c6" testListId="8c84fa94-04c1-424b-9868-57a2d4851a1d" />
    <TestEntry testId="64c5fa93-8c90-e61b-c74e-24c3a14c685e" executionId="38d4194a-9090-4c09-8bd8-52c98382986f" testListId="8c84fa94-04c1-424b-9868-57a2d4851a1d" />
    <TestEntry testId="98d6e5bd-b7db-7e62-faab-cf0ab9b4f07d" executionId="b50a9718-e31b-41d2-a41c-920315a61f1b" testListId="8c84fa94-04c1-424b-9868-57a2d4851a1d" />
    <TestEntry testId="9ee3310d-df68-3208-bd43-511bd668f4d5" executionId="e5ab1ffe-ec69-4654-83d2-0a04f717cdd8" testListId="8c84fa94-04c1-424b-9868-57a2d4851a1d" />
    <TestEntry testId="5a96ab5f-7525-5e8b-4ceb-aece78f169bb" executionId="e30ffc13-9b6a-4062-8d08-5a30c836fe82" testListId="8c84fa94-04c1-424b-9868-57a2d4851a1d" />
    <TestEntry testId="e136a8cd-3f63-a904-c5bb-437c3044bc59" executionId="a67bf512-8f18-4456-a807-6c417ae1b69a" testListId="8c84fa94-04c1-424b-9868-57a2d4851a1d" />
    <TestEntry testId="647cadee-21ed-ea7f-d1b6-56ee51403b46" executionId="dd2d3fa1-c83c-4183-9c24-162403650d80" testListId="8c84fa94-04c1-424b-9868-57a2d4851a1d" />
    <TestEntry testId="14586c69-09d9-7b16-15c8-c6b5e4ea64f4" executionId="c6bfd5fa-09ad-4dda-b8b9-d51961ec3c99" testListId="8c84fa94-04c1-424b-9868-57a2d4851a1d" />
    <TestEntry testId="f997409a-cc5a-67e4-b0e7-5e198ad107a1" executionId="71ac170f-7dff-45c9-b7d9-6a1c46c09830" testListId="8c84fa94-04c1-424b-9868-57a2d4851a1d" />
    <TestEntry testId="84796659-ba8c-65c7-7760-1f800728b555" executionId="4dbe188b-4d20-4dd2-b68c-0973cd7be8b2" testListId="8c84fa94-04c1-424b-9868-57a2d4851a1d" />
    <TestEntry testId="973652a4-37ac-8c5a-9df8-ff32f79b8968" executionId="665bbe3f-992d-4c0c-a866-50d8257b1c03" testListId="8c84fa94-04c1-424b-9868-57a2d4851a1d" />
    <TestEntry testId="78ae4795-b159-3f03-06f0-3f211a86b0c5" executionId="495c5574-6e33-4498-9ea0-207c99611c0f" testListId="8c84fa94-04c1-424b-9868-57a2d4851a1d" />
    <TestEntry testId="96dce277-8e08-3c8a-12f9-10c2b51249cb" executionId="edf31844-9ce2-4cd3-a526-d88bdf79a837" testListId="8c84fa94-04c1-424b-9868-57a2d4851a1d" />
    <TestEntry testId="a6949d64-370a-8be7-7bab-9ebfeb9ac327" executionId="f36f1eae-4a2a-439a-9808-01cfb54696d9" testListId="8c84fa94-04c1-424b-9868-57a2d4851a1d" />
    <TestEntry testId="8b4713f9-68f1-4919-7ef6-846f4eb9b2ba" executionId="1947590d-9323-4b34-bffe-b619ad3c4db9" testListId="8c84fa94-04c1-424b-9868-57a2d4851a1d" />
    <TestEntry testId="ae8385af-29cc-f7d5-51ff-84300db47ada" executionId="9e20a002-19ad-4923-8f18-90fb9e8eff38" testListId="8c84fa94-04c1-424b-9868-57a2d4851a1d" />
    <TestEntry testId="34039ecd-ee8b-6055-7cde-d7cfbc3f929e" executionId="6d5f4109-e259-45dd-9c25-b17554ce4b62" testListId="8c84fa94-04c1-424b-9868-57a2d4851a1d" />
    <TestEntry testId="895eb9fc-2343-3650-d2d8-97e69df3493b" executionId="51432b69-2df1-4d53-abbb-8a1636bd1682" testListId="8c84fa94-04c1-424b-9868-57a2d4851a1d" />
    <TestEntry testId="bfbae833-a487-affd-e910-685bd64afc57" executionId="418fe090-164f-43c6-8811-76d98f33771f" testListId="8c84fa94-04c1-424b-9868-57a2d4851a1d" />
    <TestEntry testId="161a0e40-6dbd-cbdc-3714-f2442765e338" executionId="5a4a9e9c-58c1-46a6-b648-3e31ba9b5415" testListId="8c84fa94-04c1-424b-9868-57a2d4851a1d" />
    <TestEntry testId="d6051bbc-d4c3-a2f2-5d50-05eb2d368bda" executionId="d99c3811-42c8-4d37-beaa-a4e0db7dee30" testListId="8c84fa94-04c1-424b-9868-57a2d4851a1d" />
    <TestEntry testId="7b500be0-a5d4-b64a-b894-c5511ab58617" executionId="27a9bea7-6053-47e8-84bd-31996cf5d0df" testListId="8c84fa94-04c1-424b-9868-57a2d4851a1d" />
    <TestEntry testId="fc2cbc5b-c2b1-3d19-f684-8de533e0344a" executionId="ef4870b7-1e66-4216-b047-f2d0dc9a26cd" testListId="8c84fa94-04c1-424b-9868-57a2d4851a1d" />
    <TestEntry testId="ed095898-1909-8564-6a3c-b8e3252b52c8" executionId="5988b156-8d74-4cda-9079-e6c2b227ca87" testListId="8c84fa94-04c1-424b-9868-57a2d4851a1d" />
    <TestEntry testId="2227d8a1-1292-2ada-1845-295f40381449" executionId="a8cb0b44-64a4-42ad-b520-a78b2c9b7be0" testListId="8c84fa94-04c1-424b-9868-57a2d4851a1d" />
    <TestEntry testId="5004265f-fd28-da5b-c559-ead79e5384bf" executionId="ce444162-bc8b-48fe-a567-e31db7ec4fc5" testListId="8c84fa94-04c1-424b-9868-57a2d4851a1d" />
    <TestEntry testId="80e60020-24f2-b8c1-7ee1-a8544259cfd1" executionId="79cf0807-9aa8-4911-9f3f-6a88a45086ff" testListId="8c84fa94-04c1-424b-9868-57a2d4851a1d" />
    <TestEntry testId="e571b35d-57ce-9cb9-ba77-a93c8415ec13" executionId="963ddc92-eff8-44d2-bb5e-a076fb1eafa0" testListId="8c84fa94-04c1-424b-9868-57a2d4851a1d" />
    <TestEntry testId="0888e3f9-abd4-4799-6395-fe5ed75b869d" executionId="57984acd-bd87-4e8b-940e-d5da249e7898" testListId="8c84fa94-04c1-424b-9868-57a2d4851a1d" />
    <TestEntry testId="f948b06a-352e-85e9-1354-e9aec0364e60" executionId="be628b81-8f1c-4701-9f49-234da09520ec" testListId="8c84fa94-04c1-424b-9868-57a2d4851a1d" />
    <TestEntry testId="dd886858-691f-731d-ef45-b4933e1e6cbf" executionId="65f52d01-0179-4e4c-bb7d-acfe52e18eb7" testListId="8c84fa94-04c1-424b-9868-57a2d4851a1d" />
    <TestEntry testId="4729feb7-4741-1ecd-d16a-200494d70780" executionId="c05f0190-b325-48da-96ec-d9bf93464946" testListId="8c84fa94-04c1-424b-9868-57a2d4851a1d" />
    <TestEntry testId="8ac6bfd4-1fa8-6445-4d9e-b8a25f795922" executionId="17e48079-b387-422b-a7b0-380d10749b18" testListId="8c84fa94-04c1-424b-9868-57a2d4851a1d" />
    <TestEntry testId="ba697472-1eee-6276-10b8-517f33455021" executionId="5578db20-f1d4-4a93-aa4a-0f7844eeae66" testListId="8c84fa94-04c1-424b-9868-57a2d4851a1d" />
    <TestEntry testId="cdf3455a-ff33-49bd-8e27-f8c9df19be38" executionId="6c0f9301-8fce-4d9a-9f57-97d2f486a233" testListId="8c84fa94-04c1-424b-9868-57a2d4851a1d" />
    <TestEntry testId="3284ea6f-a6ad-01dc-f291-bda78cd8c320" executionId="af4e170c-980a-4980-a548-c0afcfb05c1f" testListId="8c84fa94-04c1-424b-9868-57a2d4851a1d" />
    <TestEntry testId="f19f66f7-3714-6457-44d8-9a0c3461226c" executionId="21183b72-ddba-40c9-89f4-18d147c4da2b" testListId="8c84fa94-04c1-424b-9868-57a2d4851a1d" />
    <TestEntry testId="7b469b70-7a6f-7a92-2723-c93cd3a56c6f" executionId="b56c1ac9-f434-4f87-92f9-62f644ee2afb" testListId="8c84fa94-04c1-424b-9868-57a2d4851a1d" />
    <TestEntry testId="4b94700f-6e5c-855d-b131-f805331c5a39" executionId="7320bacd-a4ff-462b-bcbc-0f8edec56b5f" testListId="8c84fa94-04c1-424b-9868-57a2d4851a1d" />
    <TestEntry testId="ed1eba09-8472-7b1b-0969-bd05029178c2" executionId="63f5eb75-83b0-42f5-99bd-a2a862032163" testListId="8c84fa94-04c1-424b-9868-57a2d4851a1d" />
    <TestEntry testId="5ffa61d1-ba0a-5c24-5f29-257815c65d94" executionId="fe12593f-5a0b-433d-8b33-fe49d1a99ae8" testListId="8c84fa94-04c1-424b-9868-57a2d4851a1d" />
    <TestEntry testId="c6bb27a1-5619-6a1e-cb9a-a062fa5050e7" executionId="d18f9bed-4d73-46c3-9422-64221e9c5fca" testListId="8c84fa94-04c1-424b-9868-57a2d4851a1d" />
    <TestEntry testId="905c94e4-bdc8-1fe6-5444-613a4eb6d1c7" executionId="502aa07c-e3f4-4e99-b762-0ed9b4363663" testListId="8c84fa94-04c1-424b-9868-57a2d4851a1d" />
    <TestEntry testId="e5d871b7-fc8e-4988-1624-5f0f63d734ec" executionId="ff8eca19-fe5e-4fd3-9a82-5bda8386e0fc" testListId="8c84fa94-04c1-424b-9868-57a2d4851a1d" />
    <TestEntry testId="6d62f599-0f0c-18d4-6cc8-c03dee27684a" executionId="76addff2-079d-43d8-9919-83b3253a670e" testListId="8c84fa94-04c1-424b-9868-57a2d4851a1d" />
    <TestEntry testId="c0fbebe8-662e-1768-fb63-e3fa6064e5a1" executionId="d4228765-7824-4a59-8f1c-e180b12fd6db" testListId="8c84fa94-04c1-424b-9868-57a2d4851a1d" />
    <TestEntry testId="02e91707-aab1-0a11-fa7b-f648cd0fd36e" executionId="68130e85-cc61-468b-a930-bda00d146314" testListId="8c84fa94-04c1-424b-9868-57a2d4851a1d" />
    <TestEntry testId="0049d7ff-34d0-b659-c849-7e7744f6d7ff" executionId="36166d1d-0b7d-4e54-9c1c-46e5428e46d4" testListId="8c84fa94-04c1-424b-9868-57a2d4851a1d" />
    <TestEntry testId="4e7c1dac-cca0-02a1-db28-32ba9bd6a0cf" executionId="af4994de-52c8-46f8-8c2c-317feba3ed7e" testListId="8c84fa94-04c1-424b-9868-57a2d4851a1d" />
    <TestEntry testId="2f225332-0e21-75f7-07f4-8bdf7706d8a6" executionId="566001c0-0765-4184-9560-2421d087c151" testListId="8c84fa94-04c1-424b-9868-57a2d4851a1d" />
    <TestEntry testId="863152b5-1e2c-356b-c14c-cd62911ba167" executionId="28081e82-d632-48b2-9884-ef3db37c03bf" testListId="8c84fa94-04c1-424b-9868-57a2d4851a1d" />
    <TestEntry testId="81839942-eab6-dd11-a06f-a19981ad17ba" executionId="15822fc1-a9ca-4162-95e9-7703794c8d9c" testListId="8c84fa94-04c1-424b-9868-57a2d4851a1d" />
    <TestEntry testId="3ce53063-c90f-436d-4a7d-2e3b5be274ef" executionId="49960f18-0aeb-48fb-9431-00030be591b6" testListId="8c84fa94-04c1-424b-9868-57a2d4851a1d" />
    <TestEntry testId="7487436c-f2c5-4df4-5b49-6474bc347b87" executionId="fa52e5ba-81a7-4530-bb29-fa88ea955236" testListId="8c84fa94-04c1-424b-9868-57a2d4851a1d" />
    <TestEntry testId="076370ef-98dd-553b-4db5-16eb7626b01e" executionId="1359cac1-14a3-421f-b5f1-7e8fc45e3294" testListId="8c84fa94-04c1-424b-9868-57a2d4851a1d" />
    <TestEntry testId="337537ae-5ca8-61cb-549e-269d84719921" executionId="3bb33f32-07c8-4125-b4c1-909e23e8a84d" testListId="8c84fa94-04c1-424b-9868-57a2d4851a1d" />
    <TestEntry testId="8a8e4fe8-cc44-1592-1359-5f4e8b98044b" executionId="6acaf14b-a00a-4473-ab3e-51b851e59aab" testListId="8c84fa94-04c1-424b-9868-57a2d4851a1d" />
    <TestEntry testId="a23b4ce6-5a10-4f53-6d78-06dd8b92b431" executionId="fb252528-2805-442f-822d-3c4bbe129783" testListId="8c84fa94-04c1-424b-9868-57a2d4851a1d" />
    <TestEntry testId="da81eaec-1453-f24c-a30b-9b3f5e23a05c" executionId="3c40cace-c90e-4b53-910d-5b1cd3f9dec8" testListId="8c84fa94-04c1-424b-9868-57a2d4851a1d" />
    <TestEntry testId="0dee4a37-8d38-ef6d-98a5-3e594bce7f88" executionId="a2a9565d-3c1f-42a3-8162-3aae8449f60b" testListId="8c84fa94-04c1-424b-9868-57a2d4851a1d" />
    <TestEntry testId="cbd28a6e-603b-cdc1-8dd3-9bb5df99a9b4" executionId="8d05ff90-0c35-4661-b421-a03286778fb1" testListId="8c84fa94-04c1-424b-9868-57a2d4851a1d" />
    <TestEntry testId="68eba393-9613-4207-7542-82e0b37e4100" executionId="fd9c0099-a556-4a8f-8313-da35f0b2219c" testListId="8c84fa94-04c1-424b-9868-57a2d4851a1d" />
    <TestEntry testId="9a0fb96e-e4fc-b2c2-ba48-82a57235f1f3" executionId="8df84286-4eea-42ff-b5a2-8d68b6e32058" testListId="8c84fa94-04c1-424b-9868-57a2d4851a1d" />
    <TestEntry testId="c8bbc1da-c94e-b071-1c1c-4c9621410661" executionId="92e994a7-7d2d-48fe-ae90-d5b1757a6f89" testListId="8c84fa94-04c1-424b-9868-57a2d4851a1d" />
    <TestEntry testId="b532dcb5-d46e-e627-c8a2-132588b28593" executionId="aeb69db7-79e1-4b53-8954-448613d058dc" testListId="8c84fa94-04c1-424b-9868-57a2d4851a1d" />
    <TestEntry testId="bc1eab18-b23a-a958-6a7b-2426121871d6" executionId="897a6d87-1326-4782-95b6-c833fcc476f8" testListId="8c84fa94-04c1-424b-9868-57a2d4851a1d" />
    <TestEntry testId="d6a59c85-6c58-584e-c43d-f10c50d7e1a2" executionId="95cb3c0d-02ff-4e53-b01f-669622f855ab" testListId="8c84fa94-04c1-424b-9868-57a2d4851a1d" />
    <TestEntry testId="ab9ddcfe-5059-def5-d0f3-2a728312c36d" executionId="8df39c4b-35bf-406c-9f9d-7e966fd0889c" testListId="8c84fa94-04c1-424b-9868-57a2d4851a1d" />
    <TestEntry testId="663795a0-d44e-108c-adbb-753bfdf4d621" executionId="54dfb5c0-8667-4dba-a3e4-00b491121061" testListId="8c84fa94-04c1-424b-9868-57a2d4851a1d" />
    <TestEntry testId="101686f8-0bec-03ef-e5aa-8afcc05984fe" executionId="2ccd917e-fc2e-4aea-a415-49e8b9e65f35" testListId="8c84fa94-04c1-424b-9868-57a2d4851a1d" />
    <TestEntry testId="3b017c71-375f-442c-f7b3-12802f145c64" executionId="abe83af0-ab06-4639-bd4b-57638736d210" testListId="8c84fa94-04c1-424b-9868-57a2d4851a1d" />
    <TestEntry testId="0cd872bf-1428-c181-b201-48c4c96402b3" executionId="e7414989-9efe-4a4d-9760-1e6b53ac807e" testListId="8c84fa94-04c1-424b-9868-57a2d4851a1d" />
    <TestEntry testId="2e48f727-377d-16c5-c400-f5ba4ec6882c" executionId="c3677e31-093d-4d3b-921b-f5e2333afc6e" testListId="8c84fa94-04c1-424b-9868-57a2d4851a1d" />
    <TestEntry testId="e9263aa8-347f-0f52-1f4b-0a131d318784" executionId="6e54e942-8497-49a4-844a-008cada33099" testListId="8c84fa94-04c1-424b-9868-57a2d4851a1d" />
    <TestEntry testId="c0d785e8-8864-98d5-b13c-b47a7d8658f2" executionId="9f4e8918-422a-4ee5-a138-83d9db76aaf3" testListId="8c84fa94-04c1-424b-9868-57a2d4851a1d" />
    <TestEntry testId="fb9b27c6-d958-01c3-0bba-3a3e5a814ae8" executionId="d3d11dad-73de-4d22-a8ea-9ea050988e45" testListId="8c84fa94-04c1-424b-9868-57a2d4851a1d" />
    <TestEntry testId="935f6e0f-c97b-5019-7e62-2a29c5b4df2c" executionId="39fa8fdc-285f-4059-b2b1-102f97fc9973" testListId="8c84fa94-04c1-424b-9868-57a2d4851a1d" />
    <TestEntry testId="bdfc4999-ccbe-91b3-0eb1-52f2f541ba00" executionId="f4dae8e7-4b61-4c70-ad66-172a95d96d9e" testListId="8c84fa94-04c1-424b-9868-57a2d4851a1d" />
    <TestEntry testId="1ab5d979-4667-2003-c0dc-5c23807afc87" executionId="16a21a6a-c52d-4eeb-8c97-095f6434c4d5" testListId="8c84fa94-04c1-424b-9868-57a2d4851a1d" />
    <TestEntry testId="efa5e684-eb87-76bd-ab26-0cf3ca05e354" executionId="7ac9c5a9-1702-452b-bbe8-d29bec0f7756" testListId="8c84fa94-04c1-424b-9868-57a2d4851a1d" />
    <TestEntry testId="fb9b6cec-ea3c-18e4-a458-d89d0dfaac9b" executionId="542a5a69-9d26-4d13-ace0-98bf4a2c935c" testListId="8c84fa94-04c1-424b-9868-57a2d4851a1d" />
    <TestEntry testId="c5313a02-9751-5e36-b637-63c29c825679" executionId="3c47c0ae-982e-4608-ac83-2ad63ab22269" testListId="8c84fa94-04c1-424b-9868-57a2d4851a1d" />
    <TestEntry testId="9d2adb93-4837-25dd-c5fc-bdfa01122682" executionId="53344d09-2725-4b75-b2e5-4c02b75cac02" testListId="8c84fa94-04c1-424b-9868-57a2d4851a1d" />
    <TestEntry testId="6247c776-b6f2-69b6-74d1-6fc24161e71e" executionId="a3174d2a-cbe0-4b6e-bf3d-1d7b255e1695" testListId="8c84fa94-04c1-424b-9868-57a2d4851a1d" />
    <TestEntry testId="eaa1d30c-5f58-30c3-2f20-3844e46318d4" executionId="eaeacfac-1ed1-4001-a8af-b9efe5733a47" testListId="8c84fa94-04c1-424b-9868-57a2d4851a1d" />
    <TestEntry testId="957f9b92-e025-9215-a70c-c67cce904d02" executionId="5e4908ea-e1b4-40b4-9cfd-b24102ec687f" testListId="8c84fa94-04c1-424b-9868-57a2d4851a1d" />
    <TestEntry testId="eccb1112-d77c-887e-87bf-b7f65298e1a6" executionId="36e891a2-7a77-46ed-80ae-b8f086ba0d09" testListId="8c84fa94-04c1-424b-9868-57a2d4851a1d" />
    <TestEntry testId="a7073313-f063-a674-8d00-3ff21318e1ce" executionId="38c1921b-af46-4b61-8548-a84ff4fc08c2" testListId="8c84fa94-04c1-424b-9868-57a2d4851a1d" />
    <TestEntry testId="6235db2c-29a6-4a28-c065-7643ea0e2363" executionId="0d86fc19-fb0c-4200-b84b-4ba938b06a7d" testListId="8c84fa94-04c1-424b-9868-57a2d4851a1d" />
    <TestEntry testId="03b9d988-af55-c02a-fb0b-6c811350a612" executionId="46bd073c-8d45-4319-9330-ea4541b366ba" testListId="8c84fa94-04c1-424b-9868-57a2d4851a1d" />
    <TestEntry testId="10564402-f576-f83c-7508-dc98243ffb4b" executionId="9addfe2f-61a4-4270-ac54-fc0265b1a472" testListId="8c84fa94-04c1-424b-9868-57a2d4851a1d" />
    <TestEntry testId="15dcfbd5-f39d-5642-bf0e-0d9eb38e85f1" executionId="3e44723d-8007-4245-b29c-d949fda594dc" testListId="8c84fa94-04c1-424b-9868-57a2d4851a1d" />
    <TestEntry testId="81b361c4-c965-939e-7e57-636c62f4161d" executionId="ccef8a04-1d00-4014-8ec1-9460c18dce36" testListId="8c84fa94-04c1-424b-9868-57a2d4851a1d" />
    <TestEntry testId="da571dbb-0f8b-5648-4221-79651d811e25" executionId="8b1922fb-6a61-4b39-a22c-eeb7550f1271" testListId="8c84fa94-04c1-424b-9868-57a2d4851a1d" />
    <TestEntry testId="52643794-b083-7c0f-47d3-00e62a4cf8ea" executionId="d010e585-69e6-49de-b9cc-c991eaa57fee" testListId="8c84fa94-04c1-424b-9868-57a2d4851a1d" />
    <TestEntry testId="6abab9f6-2ccc-d047-2fba-1c19ca4d1351" executionId="a6de099f-e713-48e2-85de-809d847f3b92" testListId="8c84fa94-04c1-424b-9868-57a2d4851a1d" />
    <TestEntry testId="a0bf150c-e557-e095-022b-d649c58ba210" executionId="528a71c4-1217-4d0b-b67c-4a40e46aa092" testListId="8c84fa94-04c1-424b-9868-57a2d4851a1d" />
    <TestEntry testId="cb3c2aec-6735-d3a0-5cab-578bcfb4d46d" executionId="19ee2e00-f4b3-4bf1-be00-ceafad4fd9e9" testListId="8c84fa94-04c1-424b-9868-57a2d4851a1d" />
    <TestEntry testId="54f7979c-7440-2cc5-5665-679c43abe566" executionId="a0131944-737a-4b97-bd40-dbe5d9417713" testListId="8c84fa94-04c1-424b-9868-57a2d4851a1d" />
    <TestEntry testId="2674b7c4-7076-fd3a-f5df-01507f4b862a" executionId="5f873c86-88e6-4a53-98c4-b6cb6fe83137" testListId="8c84fa94-04c1-424b-9868-57a2d4851a1d" />
    <TestEntry testId="ca24c09d-a214-cd57-9506-eb63722a25cc" executionId="ed3a6b85-431b-4397-b79c-c92234e349a0" testListId="8c84fa94-04c1-424b-9868-57a2d4851a1d" />
    <TestEntry testId="8c46d0ed-f3b9-c5f4-aaef-9879232f4518" executionId="43a2e503-bf67-4993-9d7a-3be684f74990" testListId="8c84fa94-04c1-424b-9868-57a2d4851a1d" />
    <TestEntry testId="ee53e0e4-b55d-0010-076b-5818fc51a7bf" executionId="46b696b0-1e91-4c61-80ec-787eedae4e4c" testListId="8c84fa94-04c1-424b-9868-57a2d4851a1d" />
    <TestEntry testId="f959810f-2600-c7c3-3e3a-8928298ba128" executionId="b8287654-6b9b-464f-8f28-eda805012630" testListId="8c84fa94-04c1-424b-9868-57a2d4851a1d" />
    <TestEntry testId="90ade623-c933-13b0-3f87-d92db5a5c117" executionId="72ede567-e1db-4922-8313-90b36683a0b0" testListId="8c84fa94-04c1-424b-9868-57a2d4851a1d" />
    <TestEntry testId="bc03d8ec-092f-15f4-b2b5-81687d93c9f8" executionId="1d5d23f1-1cbc-4849-9ecf-2e129dbf6f2b" testListId="8c84fa94-04c1-424b-9868-57a2d4851a1d" />
    <TestEntry testId="dce39246-34e9-ee17-be45-81df055ba9b7" executionId="bac958b3-cff5-4344-9ce3-e7c0fd3ae4aa" testListId="8c84fa94-04c1-424b-9868-57a2d4851a1d" />
    <TestEntry testId="68273da4-d8f3-7604-23b1-9e7df4a52b5c" executionId="e00c644a-a9c8-458b-b51d-a709f4aef28c" testListId="8c84fa94-04c1-424b-9868-57a2d4851a1d" />
    <TestEntry testId="0eacc291-f328-de4d-1a1f-8a8b3e1cccd7" executionId="4cc1cdef-6738-48dc-b9c3-80719d48825f" testListId="8c84fa94-04c1-424b-9868-57a2d4851a1d" />
    <TestEntry testId="88071ce5-6a3f-f4ed-8ba6-7bfde6e1c46a" executionId="224b6d85-8be4-4750-af98-21e73f0ac7db" testListId="8c84fa94-04c1-424b-9868-57a2d4851a1d" />
    <TestEntry testId="d6a182f6-1abb-4c06-28b1-3486154a7ed6" executionId="3e557520-3f09-4a6b-bf78-1d5371a23065" testListId="8c84fa94-04c1-424b-9868-57a2d4851a1d" />
    <TestEntry testId="8d0f5bca-e5ea-0fcc-cf70-4bf5237286c3" executionId="2032a42f-14a0-4f6c-8758-e38c641cfd2c" testListId="8c84fa94-04c1-424b-9868-57a2d4851a1d" />
    <TestEntry testId="dbbcef65-1aa6-a5c1-32ef-04150022dcf1" executionId="8ec7d1c8-6154-486f-a56b-47fead3f20b0" testListId="8c84fa94-04c1-424b-9868-57a2d4851a1d" />
    <TestEntry testId="c9679473-a3e5-7489-307e-ee6faf3a6896" executionId="8ccb0b38-7d8e-4aab-a69f-f67f9a1106be" testListId="8c84fa94-04c1-424b-9868-57a2d4851a1d" />
    <TestEntry testId="361cc772-0d75-885b-698f-f995fb066fc5" executionId="ead2370b-06c8-4490-8bd2-4db7b96914bc" testListId="8c84fa94-04c1-424b-9868-57a2d4851a1d" />
    <TestEntry testId="b8af5950-498b-c4c9-4d6a-619dcb6074cf" executionId="aeae8590-05c2-4bc0-98d3-313dd803a990" testListId="8c84fa94-04c1-424b-9868-57a2d4851a1d" />
    <TestEntry testId="99ee5135-30d5-eb69-226f-d05fc552bf85" executionId="354abb8b-06a6-488a-99fe-b48bc098cfd0" testListId="8c84fa94-04c1-424b-9868-57a2d4851a1d" />
    <TestEntry testId="61320e3d-b3bf-23f6-1c7c-0aea9f2fda01" executionId="6b15017c-db77-4136-a5e5-e8cfd3efe288" testListId="8c84fa94-04c1-424b-9868-57a2d4851a1d" />
    <TestEntry testId="1326eca0-5707-a15c-4eaf-c5b6ab9d34ec" executionId="17007b67-23f0-4063-955c-33186c612794" testListId="8c84fa94-04c1-424b-9868-57a2d4851a1d" />
    <TestEntry testId="5d25dc9f-b119-d464-f93e-42b850f6a1ac" executionId="a24213c6-9d03-4b29-81c8-194e24e23df4" testListId="8c84fa94-04c1-424b-9868-57a2d4851a1d" />
    <TestEntry testId="910b3a11-f68d-a7b6-6ade-0d038502d017" executionId="1b90e6e3-a26d-4478-846c-488ee481e828" testListId="8c84fa94-04c1-424b-9868-57a2d4851a1d" />
    <TestEntry testId="521edd59-e00a-7fda-d2c0-b2558265b67a" executionId="3fedd920-7d1f-40df-8e58-590a48bd47a2" testListId="8c84fa94-04c1-424b-9868-57a2d4851a1d" />
    <TestEntry testId="94665017-ba44-93eb-512e-f9565e558eb5" executionId="d85f7c80-7cbe-49c6-9b38-fd33598615b2" testListId="8c84fa94-04c1-424b-9868-57a2d4851a1d" />
    <TestEntry testId="660d3fbc-11c9-2181-8c43-b82c5f6b1504" executionId="4888bd0d-011b-490c-b5d1-dc0d863a1835" testListId="8c84fa94-04c1-424b-9868-57a2d4851a1d" />
    <TestEntry testId="84f8043b-4691-c526-0edb-4d71ad8832d8" executionId="4273f46f-3795-42b6-ac6c-bf036b3c961f" testListId="8c84fa94-04c1-424b-9868-57a2d4851a1d" />
    <TestEntry testId="7e6ab9bc-6be0-57ee-f082-006f13f3fda7" executionId="d15b56e3-8078-40aa-ae83-8b5ea4a19316" testListId="8c84fa94-04c1-424b-9868-57a2d4851a1d" />
    <TestEntry testId="491df381-b5ce-67d7-d550-c29421a6f155" executionId="ccfeaca8-53e1-40de-9df8-5b8c96d3ffeb" testListId="8c84fa94-04c1-424b-9868-57a2d4851a1d" />
    <TestEntry testId="77538764-96ab-d361-cc57-e43d65dc3ccd" executionId="bb47115c-f20b-4d3f-99d6-af47152639e6" testListId="8c84fa94-04c1-424b-9868-57a2d4851a1d" />
    <TestEntry testId="4857c902-d3db-1acf-7754-f8c2fceb17a8" executionId="b0245887-082a-4d39-b3cf-23dd5ed75e9d" testListId="8c84fa94-04c1-424b-9868-57a2d4851a1d" />
    <TestEntry testId="a27dcab4-fe50-bb56-8a65-057bfb64a1f4" executionId="97700688-55b4-4418-a4d8-896fd25f3378" testListId="8c84fa94-04c1-424b-9868-57a2d4851a1d" />
    <TestEntry testId="369c6e4e-5e84-29f7-23b9-0a90869fcac4" executionId="c1597858-ef38-47ef-a491-8f9dd98bd1e0" testListId="8c84fa94-04c1-424b-9868-57a2d4851a1d" />
    <TestEntry testId="0d816db9-c190-9338-49a3-bd0095232832" executionId="bd0a1d37-f4ad-4060-b26d-1594a0454c11" testListId="8c84fa94-04c1-424b-9868-57a2d4851a1d" />
    <TestEntry testId="7b3d70cd-81e1-008c-e609-47fa8092a379" executionId="8eea4b93-49dc-4a3d-8b52-490737fd36b3" testListId="8c84fa94-04c1-424b-9868-57a2d4851a1d" />
    <TestEntry testId="d47eb9ec-3b5d-0e31-8fe7-d1a0340bf1c0" executionId="e3712032-415a-4cd2-aee0-789268f80031" testListId="8c84fa94-04c1-424b-9868-57a2d4851a1d" />
    <TestEntry testId="694752a6-f80f-3cf2-2854-db6d5b4b1e01" executionId="9e48c0e3-254d-4c2a-b954-03593b7e55ab" testListId="8c84fa94-04c1-424b-9868-57a2d4851a1d" />
    <TestEntry testId="df4fc108-b9f8-183e-9857-a0352a34d2c9" executionId="bcb378c0-36b2-4b33-a73e-94d1724af589" testListId="8c84fa94-04c1-424b-9868-57a2d4851a1d" />
    <TestEntry testId="bfa2e036-0b0c-2621-93e6-fae23f6d7c6d" executionId="f8f95359-a5db-4601-ba2f-2b4ccb85b949" testListId="8c84fa94-04c1-424b-9868-57a2d4851a1d" />
    <TestEntry testId="224208d0-b60c-0e1e-7362-af15735beb49" executionId="93b22a8b-0e19-4995-b4f5-d6711349bc36" testListId="8c84fa94-04c1-424b-9868-57a2d4851a1d" />
    <TestEntry testId="90f737d2-bf89-5d2f-b28c-8cecebbed027" executionId="bc7f2ac4-0dbf-49fe-ac63-ea0ba3e7dc0a" testListId="8c84fa94-04c1-424b-9868-57a2d4851a1d" />
    <TestEntry testId="cb536c37-af93-5a21-739a-c12d45516012" executionId="10f82fc3-cda3-4dbf-915b-491c299bfb28" testListId="8c84fa94-04c1-424b-9868-57a2d4851a1d" />
    <TestEntry testId="876c309e-bcb3-56f1-e371-740d48449c19" executionId="53e68864-8be3-4a67-86ae-35d0f789031e" testListId="8c84fa94-04c1-424b-9868-57a2d4851a1d" />
    <TestEntry testId="dafe6617-7d77-6bca-77a9-2080de8d8ac3" executionId="2311674e-d4ec-41ae-978b-17b971919fa3" testListId="8c84fa94-04c1-424b-9868-57a2d4851a1d" />
    <TestEntry testId="89928fee-575e-9986-6b1d-9005971a41e3" executionId="6e61007c-1d54-4f6b-beea-1d600693a40d" testListId="8c84fa94-04c1-424b-9868-57a2d4851a1d" />
    <TestEntry testId="eabf48e5-196a-32f6-d385-edcb8e627a16" executionId="cfcefc18-0562-422d-afa0-8695fdc6751a" testListId="8c84fa94-04c1-424b-9868-57a2d4851a1d" />
    <TestEntry testId="f252f3f1-2ddc-5f57-0a09-9fe0a66fde7a" executionId="cff2e80e-606f-4fd1-af0a-0207c270b72f" testListId="8c84fa94-04c1-424b-9868-57a2d4851a1d" />
    <TestEntry testId="8f6cd5c2-e849-6c20-9267-83c3d531958e" executionId="0651eda2-dd73-44a6-aa1e-f78b90f29873" testListId="8c84fa94-04c1-424b-9868-57a2d4851a1d" />
    <TestEntry testId="921d9e3c-ab04-b579-94ef-518b932d8d46" executionId="35bda7f0-6400-4090-857d-38a318903d52" testListId="8c84fa94-04c1-424b-9868-57a2d4851a1d" />
    <TestEntry testId="c9e65ace-67e8-aaf0-227a-cc6ee9b8878a" executionId="619b37e3-16f1-40d1-adfd-f32b23332c66" testListId="8c84fa94-04c1-424b-9868-57a2d4851a1d" />
    <TestEntry testId="f2eafc92-05e6-6561-5ea1-9b5fc4ef5a32" executionId="e0604b74-77e1-418b-9227-5e5c4b8f6e28" testListId="8c84fa94-04c1-424b-9868-57a2d4851a1d" />
    <TestEntry testId="c56f457f-add8-fe75-61ba-d07e5ee3df6d" executionId="2731e798-eb59-46ec-88e3-4532b9191fcb" testListId="8c84fa94-04c1-424b-9868-57a2d4851a1d" />
    <TestEntry testId="3419854c-a58b-26c0-1755-df23f4de0fe4" executionId="1371e68b-9733-4599-bc20-0df0087f5316" testListId="8c84fa94-04c1-424b-9868-57a2d4851a1d" />
    <TestEntry testId="2864b3eb-0ab6-4da0-5436-4c6f89cc4874" executionId="3bb36b15-1b77-406a-963f-ffda1516ae4b" testListId="8c84fa94-04c1-424b-9868-57a2d4851a1d" />
    <TestEntry testId="6800db71-c8bd-80f4-55c4-def277b5aa8f" executionId="0ecbf2d8-69a0-476c-9278-e4aec2b2068c" testListId="8c84fa94-04c1-424b-9868-57a2d4851a1d" />
    <TestEntry testId="c964705f-6969-fef5-5dde-bc78d56a598a" executionId="9a596a4c-25f5-4cce-a12b-ef6b955b4d0a" testListId="8c84fa94-04c1-424b-9868-57a2d4851a1d" />
    <TestEntry testId="fca611f3-84ae-9eb6-8d99-31763ce69bf9" executionId="4128480f-2faa-476f-837c-c28cb4d87b3d" testListId="8c84fa94-04c1-424b-9868-57a2d4851a1d" />
    <TestEntry testId="17258b23-ff23-da1c-73fb-351e418fb581" executionId="d6f34023-d8a5-4ac4-a6f1-a3ea10ae33d6" testListId="8c84fa94-04c1-424b-9868-57a2d4851a1d" />
    <TestEntry testId="54a7733a-514e-04cf-6d1f-91eeef43fa83" executionId="943a4924-a2c1-4579-956f-03c8dc9a2d27" testListId="8c84fa94-04c1-424b-9868-57a2d4851a1d" />
    <TestEntry testId="847f64c7-3f64-8d01-6913-77b9ebb56919" executionId="648ce97f-b9e6-4f6e-983d-8e197979b74b" testListId="8c84fa94-04c1-424b-9868-57a2d4851a1d" />
    <TestEntry testId="47672882-b255-5356-2127-17a9bbfd997e" executionId="c88e7102-921d-4f2a-84ed-9d2f5e27b163" testListId="8c84fa94-04c1-424b-9868-57a2d4851a1d" />
    <TestEntry testId="0aa70671-374f-7770-8a94-a9ce6a48572f" executionId="386e1100-b98c-4bdf-a2d1-d4393086c1e7" testListId="8c84fa94-04c1-424b-9868-57a2d4851a1d" />
    <TestEntry testId="cefd37a3-357f-d082-971e-590f86c9275f" executionId="299757e7-b5b5-4efc-a1be-d9c53f5efef2" testListId="8c84fa94-04c1-424b-9868-57a2d4851a1d" />
    <TestEntry testId="51eb78b3-47f8-22f8-16bb-8f1455db269f" executionId="18f7c7e4-aa8b-47d5-9bdc-86dd592ed46a" testListId="8c84fa94-04c1-424b-9868-57a2d4851a1d" />
    <TestEntry testId="f56fd28f-91dc-8b5a-3f0d-995472c1fd21" executionId="575e89f8-b2c9-4fb7-a057-b8db3ff6155f" testListId="8c84fa94-04c1-424b-9868-57a2d4851a1d" />
    <TestEntry testId="671ee35e-217f-e976-440a-afae3aff818a" executionId="50975a07-ffae-4d6e-8058-305896a8ab70" testListId="8c84fa94-04c1-424b-9868-57a2d4851a1d" />
    <TestEntry testId="44e92960-87da-bcfa-c839-b0dd09a9d8ba" executionId="5adf5d1b-15ce-477c-a110-22f6d23e8616" testListId="8c84fa94-04c1-424b-9868-57a2d4851a1d" />
    <TestEntry testId="3013af1b-1881-534b-ca91-63b1a27651d6" executionId="18005a79-7bef-40fb-a31f-41207b6c0a35" testListId="8c84fa94-04c1-424b-9868-57a2d4851a1d" />
    <TestEntry testId="28ffae2f-901e-9d67-b616-b08f110fa5e0" executionId="8d4c9126-2a74-4ca5-9dbd-c97b4a1555a2" testListId="8c84fa94-04c1-424b-9868-57a2d4851a1d" />
    <TestEntry testId="885a9095-1f49-3411-918f-5cf4108e4b7b" executionId="b34ca47c-e19e-4024-b7ef-c99a2a1adb96" testListId="8c84fa94-04c1-424b-9868-57a2d4851a1d" />
    <TestEntry testId="400c5eaf-48ad-3c64-9e1d-3969836d1b6d" executionId="693369f8-65ef-47b8-9159-5bb585740747" testListId="8c84fa94-04c1-424b-9868-57a2d4851a1d" />
    <TestEntry testId="568e27a2-2d92-2560-0d4d-7360cf22e5e8" executionId="7815c3b6-7f15-4dcc-b893-0435de755ac8" testListId="8c84fa94-04c1-424b-9868-57a2d4851a1d" />
    <TestEntry testId="ddbacd2a-c40a-102c-db67-c9bb149b6b99" executionId="b0fdf36d-129b-417f-a111-a9ba6daefe4f" testListId="8c84fa94-04c1-424b-9868-57a2d4851a1d" />
    <TestEntry testId="8baf1177-ddd8-e709-9da7-68dded36199a" executionId="b33af742-043c-46ae-8358-9fef345ed8fe" testListId="8c84fa94-04c1-424b-9868-57a2d4851a1d" />
    <TestEntry testId="f64b2eb0-431a-6fbc-c692-f413cacfb737" executionId="48be13f8-6fd4-4543-8602-80237acd8938" testListId="8c84fa94-04c1-424b-9868-57a2d4851a1d" />
    <TestEntry testId="4c20bf32-144e-f991-5a67-7f381a38b0ef" executionId="8af5c8ec-077d-490b-8e5a-bb6818116c4b" testListId="8c84fa94-04c1-424b-9868-57a2d4851a1d" />
    <TestEntry testId="704f12b7-2603-a060-9466-3d44ec217344" executionId="5408ba92-73ca-4567-b5d6-c131f91bc7fa" testListId="8c84fa94-04c1-424b-9868-57a2d4851a1d" />
    <TestEntry testId="a62f73f0-335e-a678-1617-1f76a60aab0f" executionId="dded5a98-deb1-4801-b4d4-8b0bb371bdad" testListId="8c84fa94-04c1-424b-9868-57a2d4851a1d" />
    <TestEntry testId="2fac8697-42a0-e62c-c584-1a27c1834f8e" executionId="14a1bd0a-d168-40e8-af1e-d46f3fd0c2df" testListId="8c84fa94-04c1-424b-9868-57a2d4851a1d" />
    <TestEntry testId="cad8e770-6b34-3ed1-d5b9-aff90025f291" executionId="b2ee75be-1130-42c2-b73a-32e72f3fe1ff" testListId="8c84fa94-04c1-424b-9868-57a2d4851a1d" />
    <TestEntry testId="785adfea-b9ff-19b0-fdb3-0e5d5ad68924" executionId="0fe68c41-691d-469b-ab1b-d6ed12c6fe55" testListId="8c84fa94-04c1-424b-9868-57a2d4851a1d" />
    <TestEntry testId="e6354ff1-9ff3-d19c-6313-930a0e558467" executionId="4f7ef024-52c0-4dc3-b269-d9fcaa770e2d" testListId="8c84fa94-04c1-424b-9868-57a2d4851a1d" />
    <TestEntry testId="3457bd27-1f00-b005-3af0-cc532182e652" executionId="8abbd152-252d-451b-9b4b-f53704ffca1f" testListId="8c84fa94-04c1-424b-9868-57a2d4851a1d" />
    <TestEntry testId="6f750899-6999-d05b-77b7-f266affebcca" executionId="0213fd32-7972-4476-a7af-c880712d6ab6" testListId="8c84fa94-04c1-424b-9868-57a2d4851a1d" />
    <TestEntry testId="0181f0b9-73fd-f503-b29b-b3c042d24b5b" executionId="862f81b1-e8b9-4a97-a1fd-ee2fb901a4fa" testListId="8c84fa94-04c1-424b-9868-57a2d4851a1d" />
    <TestEntry testId="f212a945-9645-4128-b861-6596693a6fad" executionId="333b74f0-5bda-45fe-866d-ab9ff7858eda" testListId="8c84fa94-04c1-424b-9868-57a2d4851a1d" />
    <TestEntry testId="dc2a73b2-537f-23c2-17dd-b62bfff2142a" executionId="c14ed8a1-12d5-4719-9d0a-b400c5fef12e" testListId="8c84fa94-04c1-424b-9868-57a2d4851a1d" />
    <TestEntry testId="102f1558-5f20-a6d5-8bb1-2bdfa2e7b50e" executionId="3050ae97-dfe7-4566-a2bf-d832fb797b38" testListId="8c84fa94-04c1-424b-9868-57a2d4851a1d" />
    <TestEntry testId="651e8dde-0b5e-5bed-5256-d6a71b2a59d0" executionId="e1fefda7-ebd9-4159-9a75-ec5079cee07c" testListId="8c84fa94-04c1-424b-9868-57a2d4851a1d" />
    <TestEntry testId="81fc8aa1-de6a-e087-adfe-af829f91bad7" executionId="131a4016-a174-4b50-a1bf-b0092ecfcfc6" testListId="8c84fa94-04c1-424b-9868-57a2d4851a1d" />
    <TestEntry testId="d15a2abd-55c2-7d70-0462-a973f8ec2ac3" executionId="16d3765f-65a0-4619-9daf-825e8db631de" testListId="8c84fa94-04c1-424b-9868-57a2d4851a1d" />
    <TestEntry testId="91b2687b-d336-be96-6484-dd3e01d48bcc" executionId="8dc1be9b-b2fe-4333-addc-f66bef3887a9" testListId="8c84fa94-04c1-424b-9868-57a2d4851a1d" />
    <TestEntry testId="958a4635-0d5e-dda4-f61e-9578d9aa3b40" executionId="84f12bcd-28ac-47d1-9719-01a7cf78b904" testListId="8c84fa94-04c1-424b-9868-57a2d4851a1d" />
    <TestEntry testId="343adaa4-a6b4-4217-fe91-ea0e91bd35db" executionId="53765e5f-59bb-481e-81f5-56c7337a33a0" testListId="8c84fa94-04c1-424b-9868-57a2d4851a1d" />
    <TestEntry testId="276b5f57-b83c-bd25-6650-6ee4475653b5" executionId="be496ce8-81ba-4cfc-a53c-2e56a0670af0" testListId="8c84fa94-04c1-424b-9868-57a2d4851a1d" />
    <TestEntry testId="4b3691e7-07b6-0fb9-2d54-63140b399b3d" executionId="8affd19a-619d-45c8-be45-d7ee345b9325" testListId="8c84fa94-04c1-424b-9868-57a2d4851a1d" />
    <TestEntry testId="e55520ca-13b9-16e0-7c91-282920a34b8a" executionId="6ebb0c2d-bb5b-4868-b61d-d07f26aeb4b3" testListId="8c84fa94-04c1-424b-9868-57a2d4851a1d" />
    <TestEntry testId="c0259e91-f91b-42ff-6977-459d0c7782fd" executionId="5decce6a-6af3-4916-8e35-74522954f9e4" testListId="8c84fa94-04c1-424b-9868-57a2d4851a1d" />
    <TestEntry testId="03362dc6-019e-7120-2944-4e9a1bc66b6d" executionId="f7ce4840-8c9d-4c90-91c6-70404a6021b4" testListId="8c84fa94-04c1-424b-9868-57a2d4851a1d" />
    <TestEntry testId="8655e08e-93f9-ea96-e1a5-f913a90803b9" executionId="f5796e4e-b0e1-4962-bcae-8d55cddc85a9" testListId="8c84fa94-04c1-424b-9868-57a2d4851a1d" />
    <TestEntry testId="6a53a4fc-af98-30a6-3b55-6aeeac9be0be" executionId="c9b37ec0-89a4-4e04-9412-48e4db519caa" testListId="8c84fa94-04c1-424b-9868-57a2d4851a1d" />
    <TestEntry testId="2b33b0ae-9699-070c-729a-42132d028501" executionId="8e4b5582-cf56-4b71-8ce0-3b5a8c146769" testListId="8c84fa94-04c1-424b-9868-57a2d4851a1d" />
    <TestEntry testId="9245a3fe-e6e8-4a14-f7b3-94227339454e" executionId="d4974ed4-8209-461d-a398-e64a752e022a" testListId="8c84fa94-04c1-424b-9868-57a2d4851a1d" />
    <TestEntry testId="8ccd7a8f-ef67-0ae3-b153-d3f9ffe8fcc3" executionId="4877a92f-6182-41f0-b3ca-c9967589221d" testListId="8c84fa94-04c1-424b-9868-57a2d4851a1d" />
    <TestEntry testId="782e99d7-36f7-67c7-e68d-cb6d91a4a048" executionId="5ed66510-bb4a-458c-b570-e92beabbd4d4" testListId="8c84fa94-04c1-424b-9868-57a2d4851a1d" />
    <TestEntry testId="272037c0-f590-39e8-9884-c04de913150c" executionId="e26d50fb-f257-4843-93ae-6ad5a8f4a094" testListId="8c84fa94-04c1-424b-9868-57a2d4851a1d" />
    <TestEntry testId="4d525835-86fa-0619-e484-37026867a280" executionId="8d40570b-8cad-453b-8934-51d65dffbb8d" testListId="8c84fa94-04c1-424b-9868-57a2d4851a1d" />
    <TestEntry testId="97644baf-75da-2d1d-90ad-632f1839ba1c" executionId="8bf93c82-2014-4c35-9a8a-972598175700" testListId="8c84fa94-04c1-424b-9868-57a2d4851a1d" />
    <TestEntry testId="370610a6-40ac-68fd-6f42-3e5c99313cb3" executionId="171e9e1d-2c96-400b-99ff-e9afe3dcfe6f" testListId="8c84fa94-04c1-424b-9868-57a2d4851a1d" />
    <TestEntry testId="a2a9cc5c-ea62-0899-d27a-81da48bb47d1" executionId="9fe6e424-6f68-42a0-b37b-632060946953" testListId="8c84fa94-04c1-424b-9868-57a2d4851a1d" />
    <TestEntry testId="aeb3ec96-26ad-062b-455a-de324c4a715b" executionId="a2f4f38c-2e09-40dc-b698-d87dc3dcc7c4" testListId="8c84fa94-04c1-424b-9868-57a2d4851a1d" />
    <TestEntry testId="56ff3fa9-0890-e06e-62f8-d4c54f830dfc" executionId="0ea98356-dc66-4827-9c2d-e9317be91436" testListId="8c84fa94-04c1-424b-9868-57a2d4851a1d" />
    <TestEntry testId="28d25576-55a8-249b-51e4-77a3368a8672" executionId="5d5c8098-cc56-4a02-aa39-d1c0e522a9eb" testListId="8c84fa94-04c1-424b-9868-57a2d4851a1d" />
    <TestEntry testId="1e94fe66-ebdd-242f-d52f-6bae60dddc8c" executionId="ea0f724b-95c9-4908-8cca-f4da80586df8" testListId="8c84fa94-04c1-424b-9868-57a2d4851a1d" />
    <TestEntry testId="3e265c80-d18d-ffa2-733c-86a2e1bcbc61" executionId="035a7767-9d12-4d58-b5c2-3c188c4bd186" testListId="8c84fa94-04c1-424b-9868-57a2d4851a1d" />
    <TestEntry testId="8304cf81-7f4f-297c-5609-3851440a85fa" executionId="2d4ddf00-6722-435c-8057-8eea47bd1d51" testListId="8c84fa94-04c1-424b-9868-57a2d4851a1d" />
    <TestEntry testId="1ce67353-df26-d1bd-d2aa-05733d1ac693" executionId="66c7d59d-912c-41ec-abad-109f5679385a" testListId="8c84fa94-04c1-424b-9868-57a2d4851a1d" />
    <TestEntry testId="53bc71ef-c08f-8372-fdf8-0535984f2d5b" executionId="15b229ca-18c4-4b47-8f9d-8f821e0bb2be" testListId="8c84fa94-04c1-424b-9868-57a2d4851a1d" />
    <TestEntry testId="da8fd7da-175b-17d6-2b65-b1622f31efd6" executionId="43ec3b31-2c6d-478e-a298-99ba4c3d18b3" testListId="8c84fa94-04c1-424b-9868-57a2d4851a1d" />
    <TestEntry testId="d6e18f4d-928d-faa8-fd00-f4b6e0b7623e" executionId="d5833301-8d2f-4eb9-8b90-eb12f8f504b3" testListId="8c84fa94-04c1-424b-9868-57a2d4851a1d" />
    <TestEntry testId="c675d4e8-953d-dd95-1e7d-aaf53b345df4" executionId="82251749-953b-4c9e-90ae-4105419941d6" testListId="8c84fa94-04c1-424b-9868-57a2d4851a1d" />
    <TestEntry testId="2a4dd686-62ac-c714-9f30-f0d81a07f831" executionId="847364f7-068e-4a40-910b-385a4014e135" testListId="8c84fa94-04c1-424b-9868-57a2d4851a1d" />
    <TestEntry testId="e722e3a9-2981-c54f-b874-d266f762bbea" executionId="08c59a19-bc40-498d-b6cc-d91bb49007c4" testListId="8c84fa94-04c1-424b-9868-57a2d4851a1d" />
    <TestEntry testId="8a331f63-bf32-57ca-e19f-2c5fb3b70109" executionId="394a21d3-2351-487f-99b1-3bd6a2da3b04" testListId="8c84fa94-04c1-424b-9868-57a2d4851a1d" />
    <TestEntry testId="e0e4a25c-da24-71c2-6a4d-30260f82e840" executionId="6b11bc82-da0a-493e-91e1-10983684a31c" testListId="8c84fa94-04c1-424b-9868-57a2d4851a1d" />
    <TestEntry testId="53f5a1ce-14d4-a418-d0ff-8ef725db7d01" executionId="43ca45bb-d538-40fe-8cc4-3cf20d41fcf9" testListId="8c84fa94-04c1-424b-9868-57a2d4851a1d" />
    <TestEntry testId="533b05cc-a804-1759-db1f-d456efa129c0" executionId="2c8f9388-f952-4e73-bf7a-f19086ad2ad5" testListId="8c84fa94-04c1-424b-9868-57a2d4851a1d" />
    <TestEntry testId="0642a600-4a64-e9cb-eb5f-0984d3d228c6" executionId="b97779a3-0032-47c2-85b0-c69901f639ac" testListId="8c84fa94-04c1-424b-9868-57a2d4851a1d" />
    <TestEntry testId="7e90dd26-5432-8bfa-3839-6557709d9ac8" executionId="37a3e6e6-b5d0-4df2-b606-9abea19263d2" testListId="8c84fa94-04c1-424b-9868-57a2d4851a1d" />
    <TestEntry testId="abc7abf0-9397-c3e5-30a2-27064f8066b3" executionId="e4df55f8-b88d-4d38-8a34-bb5194842f5e" testListId="8c84fa94-04c1-424b-9868-57a2d4851a1d" />
    <TestEntry testId="c3ba5d7c-9bf9-1a13-3c27-8e6b50e0674e" executionId="d4d6284b-86a6-440c-b186-c725a34adcb0" testListId="8c84fa94-04c1-424b-9868-57a2d4851a1d" />
    <TestEntry testId="d7f3ae8c-bf97-f47d-48ab-b1fc5ef00c66" executionId="27e951ab-a0a6-4f92-83ec-468c0ec7d73f" testListId="8c84fa94-04c1-424b-9868-57a2d4851a1d" />
    <TestEntry testId="66fabd13-f03e-562d-f4ae-a70f6ebf368b" executionId="e6e82be9-9763-4399-921b-6da52af47963" testListId="8c84fa94-04c1-424b-9868-57a2d4851a1d" />
    <TestEntry testId="10efcc4c-555d-12e7-645e-f8f3c9a79e16" executionId="72007c99-3b87-4a65-8679-3e9eef7dac02" testListId="8c84fa94-04c1-424b-9868-57a2d4851a1d" />
    <TestEntry testId="b13c73e0-3d5f-8cb8-a883-f65f02f74154" executionId="31a2838f-8b59-4aae-ad27-c2f2f14e2235" testListId="8c84fa94-04c1-424b-9868-57a2d4851a1d" />
    <TestEntry testId="0b37f41d-8f42-9020-28e4-8cbe84e05257" executionId="bca8584d-9b2e-40fb-896b-9936678eeffe" testListId="8c84fa94-04c1-424b-9868-57a2d4851a1d" />
    <TestEntry testId="c3c8acd6-ab82-9706-0dfb-389b90288a20" executionId="31945526-11b2-462f-b635-48a8325d3ca0" testListId="8c84fa94-04c1-424b-9868-57a2d4851a1d" />
    <TestEntry testId="eb1477a2-2fb7-b3cb-5428-9b4cc8d1e650" executionId="7ab7de48-2327-441d-81b0-8e68b649a2fb" testListId="8c84fa94-04c1-424b-9868-57a2d4851a1d" />
    <TestEntry testId="1b358bc1-458b-910a-26a9-b665d6fb08b0" executionId="9477889a-70fd-4881-905e-59b7267f3eff" testListId="8c84fa94-04c1-424b-9868-57a2d4851a1d" />
    <TestEntry testId="f2b7929b-9477-2b09-878d-9dcd16e02623" executionId="c7f7884e-5db8-4030-ac89-89f6b36f109e" testListId="8c84fa94-04c1-424b-9868-57a2d4851a1d" />
    <TestEntry testId="1663762a-2500-b801-aa4a-60e46d01fc4b" executionId="c16b956a-de11-4d77-8122-6e95f7eb4ec3" testListId="8c84fa94-04c1-424b-9868-57a2d4851a1d" />
    <TestEntry testId="61fff35a-1f51-c483-72f9-65b70f75c0e7" executionId="099c27fd-d8b7-46f5-9f5a-6a723de5b010" testListId="8c84fa94-04c1-424b-9868-57a2d4851a1d" />
    <TestEntry testId="eccebb4b-dd86-ffbc-9874-555886a9ecd8" executionId="1e09719c-f990-41f6-85a3-16710a4cd60a" testListId="8c84fa94-04c1-424b-9868-57a2d4851a1d" />
    <TestEntry testId="ab974738-a590-83df-60ac-92b301ef7ab8" executionId="e64259f4-29fb-4919-aa29-686aafaeb815" testListId="8c84fa94-04c1-424b-9868-57a2d4851a1d" />
    <TestEntry testId="bedf46db-baeb-e070-62c2-ab54242ce982" executionId="d912b60a-51d5-404d-93a7-afeb5e32baf3" testListId="8c84fa94-04c1-424b-9868-57a2d4851a1d" />
    <TestEntry testId="6cd2234b-585d-b823-54fb-25eb6199902f" executionId="1ce62936-1590-42f6-9b19-631a19cc53c8" testListId="8c84fa94-04c1-424b-9868-57a2d4851a1d" />
    <TestEntry testId="866f7855-bb2c-7de3-0df1-014de8905cab" executionId="54b674f1-80d7-478c-96e1-81592c50fba5" testListId="8c84fa94-04c1-424b-9868-57a2d4851a1d" />
    <TestEntry testId="e07f5d01-bfa0-04f4-825e-59c493d5b5f5" executionId="9ef5beb6-96c5-47d7-a743-7f18341e7ad1" testListId="8c84fa94-04c1-424b-9868-57a2d4851a1d" />
    <TestEntry testId="dcedc9aa-0a2b-4f0d-afad-d14fe62fdbd7" executionId="8ab7c887-773a-4c9d-9c60-f65597d39c7b" testListId="8c84fa94-04c1-424b-9868-57a2d4851a1d" />
    <TestEntry testId="bd4280d2-c5d6-9ce8-8082-e33833fcfdb0" executionId="e21cb7fd-1597-4f96-ae95-3d83a2bd87dc" testListId="8c84fa94-04c1-424b-9868-57a2d4851a1d" />
    <TestEntry testId="aa5c4da8-abb1-5dab-502e-bd81c20e341d" executionId="38485f17-ed8e-4c12-b8b4-58610fd635b3" testListId="8c84fa94-04c1-424b-9868-57a2d4851a1d" />
    <TestEntry testId="e591cb66-07e5-1b9d-9e29-d469d485e69c" executionId="90f5a314-f297-44dc-8aa1-5a54c17a6d95" testListId="8c84fa94-04c1-424b-9868-57a2d4851a1d" />
    <TestEntry testId="4538bbe9-6c80-e720-7ee4-7c47011c9f08" executionId="8f898722-a790-413a-b3a2-85cdd516ba01" testListId="8c84fa94-04c1-424b-9868-57a2d4851a1d" />
    <TestEntry testId="a414dc23-7c3d-099a-1001-11be32d85424" executionId="889d7337-12b1-4d61-871c-591aec1210fe" testListId="8c84fa94-04c1-424b-9868-57a2d4851a1d" />
    <TestEntry testId="de09b4c2-8c85-fd07-a4bd-ac2ed052171a" executionId="0e31c4a7-284c-4d94-891b-8433f443ef22" testListId="8c84fa94-04c1-424b-9868-57a2d4851a1d" />
    <TestEntry testId="dbc60698-0cd7-03e9-b63e-13b29d5c84fe" executionId="d2f987b8-654c-4e40-9258-ac2dae93b31e" testListId="8c84fa94-04c1-424b-9868-57a2d4851a1d" />
    <TestEntry testId="ebac5c23-cf94-d057-1e07-261b56c40f5f" executionId="1948d340-9418-4f03-a0e8-bb14594d94af" testListId="8c84fa94-04c1-424b-9868-57a2d4851a1d" />
    <TestEntry testId="3375033a-d5e6-72b6-24f8-d995495958e4" executionId="543acac3-05ec-4cae-b540-0db977cc6738" testListId="8c84fa94-04c1-424b-9868-57a2d4851a1d" />
    <TestEntry testId="46662b5d-bee1-3465-212d-6cf5f23d5fcf" executionId="1af9b9d3-2a5c-4c79-8ecd-d004ace29d19" testListId="8c84fa94-04c1-424b-9868-57a2d4851a1d" />
    <TestEntry testId="92a9af5f-4b73-82b6-5006-408d1559b096" executionId="f9450530-c23f-46ff-8744-96ccf78f2a22" testListId="8c84fa94-04c1-424b-9868-57a2d4851a1d" />
    <TestEntry testId="a7ae775e-2c15-1f46-f93f-e37442fe54d1" executionId="ee923665-03af-42c2-87c8-a933e8f293ea" testListId="8c84fa94-04c1-424b-9868-57a2d4851a1d" />
    <TestEntry testId="34b0562a-74f3-0cb2-347b-f7ebddcca606" executionId="14a85433-a1aa-42ba-9249-383107f9de21" testListId="8c84fa94-04c1-424b-9868-57a2d4851a1d" />
    <TestEntry testId="54fe689a-094b-c2b1-eff8-7a88071b8275" executionId="25a0fe83-ef7e-4add-aad1-0c25d5f955c8" testListId="8c84fa94-04c1-424b-9868-57a2d4851a1d" />
    <TestEntry testId="f107b2f8-e52e-2d8a-eafb-dc1e00450b6b" executionId="fe07c7e6-f718-4bed-bc0b-973a5f3eaef4" testListId="8c84fa94-04c1-424b-9868-57a2d4851a1d" />
    <TestEntry testId="af9e36c7-6a97-f2e2-549f-4bcadfe1d626" executionId="9946243a-bbab-48fd-aca5-047364048506" testListId="8c84fa94-04c1-424b-9868-57a2d4851a1d" />
    <TestEntry testId="dc5553ed-c8db-34b6-aa61-f33cd39a8ce9" executionId="bd468cdc-b23e-445f-af2a-cc31cf11e2c2" testListId="8c84fa94-04c1-424b-9868-57a2d4851a1d" />
    <TestEntry testId="89b47aac-6f01-eda4-d247-3a79dc9d2cab" executionId="d652fed4-026b-4f54-a859-8287d5155d21" testListId="8c84fa94-04c1-424b-9868-57a2d4851a1d" />
    <TestEntry testId="b1b5a4b2-ef61-9282-6663-5d7233efeaab" executionId="3c2335d4-0f59-4940-9a03-52537915550b" testListId="8c84fa94-04c1-424b-9868-57a2d4851a1d" />
    <TestEntry testId="91badbed-8323-8970-07a3-e3c2481d7a72" executionId="d9427786-581f-4eb4-9fe6-26260ee2307b" testListId="8c84fa94-04c1-424b-9868-57a2d4851a1d" />
    <TestEntry testId="c845158a-13c6-a74d-17c8-bb3ff5beabf6" executionId="a4d00d8b-accd-4182-8a6c-d7c92eb56790" testListId="8c84fa94-04c1-424b-9868-57a2d4851a1d" />
    <TestEntry testId="611c2ae8-85c7-442b-a5ec-d38ddebdb9be" executionId="d29720e6-1aa7-4976-b55e-1db6dc04eae7" testListId="8c84fa94-04c1-424b-9868-57a2d4851a1d" />
    <TestEntry testId="d2a4e8f1-b2e6-68f0-1810-a5d540d2f7a3" executionId="feb3135d-941b-40b7-9a94-cbabec130b76" testListId="8c84fa94-04c1-424b-9868-57a2d4851a1d" />
    <TestEntry testId="4927bb5b-1d8a-626c-1d59-507b7cca82e7" executionId="7e151519-0525-4a7e-97de-e68dee93edda" testListId="8c84fa94-04c1-424b-9868-57a2d4851a1d" />
    <TestEntry testId="c3441c18-6d91-a3fc-0eb6-245d76a8e060" executionId="7b93e4cf-7ea0-4ee7-8ac4-95f58d17b1fc" testListId="8c84fa94-04c1-424b-9868-57a2d4851a1d" />
    <TestEntry testId="82925021-fc8d-b0e6-5578-b84c5fa8b18a" executionId="6b174700-56c5-44e8-857a-c9fa30c0b9a0" testListId="8c84fa94-04c1-424b-9868-57a2d4851a1d" />
    <TestEntry testId="98f27d45-2a93-357a-deeb-cbe956e4dc11" executionId="1525da08-3099-49eb-83fe-129859a5eefa" testListId="8c84fa94-04c1-424b-9868-57a2d4851a1d" />
    <TestEntry testId="3cc1b7a3-6a23-5d4a-8d17-b87aa291e5cf" executionId="979c0bbe-c2bf-4ca9-bdfe-b7d197f84f73" testListId="8c84fa94-04c1-424b-9868-57a2d4851a1d" />
    <TestEntry testId="81128042-c745-b3dd-d6e9-cc3789c8a026" executionId="9cd71ff4-a26e-4e86-913b-42e2966ab5a1" testListId="8c84fa94-04c1-424b-9868-57a2d4851a1d" />
    <TestEntry testId="4552c7a0-9f71-d2b4-51c4-e785ac828b42" executionId="a1fad7ae-a92f-4718-a0e6-31632fc50ca0" testListId="8c84fa94-04c1-424b-9868-57a2d4851a1d" />
    <TestEntry testId="7066e281-486d-b17e-901e-9424698e9f74" executionId="a9d032ac-b867-4ef7-853b-87832165b7a1" testListId="8c84fa94-04c1-424b-9868-57a2d4851a1d" />
    <TestEntry testId="6005aa8f-bfed-16e6-eb0c-0e72997b485a" executionId="daed44dc-dd18-45fa-bb05-5bb253c0e216" testListId="8c84fa94-04c1-424b-9868-57a2d4851a1d" />
    <TestEntry testId="d8d8f61c-66c0-35aa-72e8-108d872447d5" executionId="ed5a3f44-e607-438b-997e-97b04d8dec30" testListId="8c84fa94-04c1-424b-9868-57a2d4851a1d" />
    <TestEntry testId="c41fdcd8-e2bb-ccbb-e17c-f63252358ede" executionId="6d6b30e4-dbab-4713-9280-6398c80897ab" testListId="8c84fa94-04c1-424b-9868-57a2d4851a1d" />
    <TestEntry testId="9cb22239-8c05-3795-1d49-f4debbc5193e" executionId="812f3ebc-ad66-4dc1-a6c5-03a583c066d0" testListId="8c84fa94-04c1-424b-9868-57a2d4851a1d" />
    <TestEntry testId="c122d3c0-e65a-97bc-0031-9b0adfb0a20b" executionId="7bf20977-f1ac-4a76-b963-7929b1c38b49" testListId="8c84fa94-04c1-424b-9868-57a2d4851a1d" />
    <TestEntry testId="9c5832f3-6c80-ca09-af3f-21dab48f2284" executionId="f05ec4d7-5383-4afd-86aa-e888f1ecdb4d" testListId="8c84fa94-04c1-424b-9868-57a2d4851a1d" />
    <TestEntry testId="c2441b73-f50b-2134-daff-42ee09341afb" executionId="893f37ff-cbba-4fcf-b2af-1389e175b272" testListId="8c84fa94-04c1-424b-9868-57a2d4851a1d" />
    <TestEntry testId="8a54600b-ddfe-122f-8fbb-15179853629f" executionId="28a32d28-cdd0-4718-adfc-bb5fab0d6649" testListId="8c84fa94-04c1-424b-9868-57a2d4851a1d" />
    <TestEntry testId="17ba5638-6ea6-b4d6-f1bc-1949b3768658" executionId="36018b81-915c-4526-8fa3-1754e1aa8ead" testListId="8c84fa94-04c1-424b-9868-57a2d4851a1d" />
    <TestEntry testId="1131d610-fdb8-bf14-5dd7-5607c21d80e3" executionId="a56fcbfc-fe2f-4d8b-aa5a-d4e3c51ec19e" testListId="8c84fa94-04c1-424b-9868-57a2d4851a1d" />
    <TestEntry testId="8b769f83-03d1-54d2-bd91-c30ba7e579fb" executionId="acc37577-7726-4417-ae7a-7248149c5079" testListId="8c84fa94-04c1-424b-9868-57a2d4851a1d" />
    <TestEntry testId="4a1a72a9-3748-b54f-9812-2fd52873801b" executionId="b59a7bb6-7262-4b75-889e-f238dd38e2d2" testListId="8c84fa94-04c1-424b-9868-57a2d4851a1d" />
    <TestEntry testId="d0c51da7-1dd7-d068-f152-d898ea188859" executionId="578d58a9-a5f2-4155-b322-efc5d520a5be" testListId="8c84fa94-04c1-424b-9868-57a2d4851a1d" />
    <TestEntry testId="f482a2f5-ee23-f9e4-c2fa-729d4fc94abb" executionId="53991cf8-7871-4388-a9e3-259df61a120c" testListId="8c84fa94-04c1-424b-9868-57a2d4851a1d" />
    <TestEntry testId="e81278a0-f697-84b0-67b1-ed0b5035a30c" executionId="1c2e43e7-4ff2-4b5f-a913-92a63880faa6" testListId="8c84fa94-04c1-424b-9868-57a2d4851a1d" />
    <TestEntry testId="08662725-81c0-39ee-21c2-6a500f721bcc" executionId="cc703333-9751-48a3-b752-836c72f922d6" testListId="8c84fa94-04c1-424b-9868-57a2d4851a1d" />
    <TestEntry testId="593930ca-a7df-1408-b332-7a4bf0c72a54" executionId="4e295972-2c4c-4354-9a08-d5ce26b2d9fc" testListId="8c84fa94-04c1-424b-9868-57a2d4851a1d" />
    <TestEntry testId="ee3692c6-4239-b2e2-f69d-66ef9eb784ce" executionId="94e9988c-3317-466a-aa15-e924b6813e32" testListId="8c84fa94-04c1-424b-9868-57a2d4851a1d" />
    <TestEntry testId="f2e999d7-fcf7-7136-bb2b-42136c5b53f0" executionId="6733f595-f2f2-4858-a6fd-e0b0cc2c99c3" testListId="8c84fa94-04c1-424b-9868-57a2d4851a1d" />
    <TestEntry testId="9b69c053-abc5-671a-966c-e8011ea8926f" executionId="0c825265-9195-439a-be1e-024c256a238a" testListId="8c84fa94-04c1-424b-9868-57a2d4851a1d" />
    <TestEntry testId="8f5491df-5fca-1dbe-cd17-6a2db5019ce9" executionId="48a85b04-e21c-40fb-ab78-d8824731a3d8" testListId="8c84fa94-04c1-424b-9868-57a2d4851a1d" />
    <TestEntry testId="9040b640-fe7c-9575-9486-622077ffb232" executionId="0a2ededc-069c-4095-bdd5-4dcacc407291" testListId="8c84fa94-04c1-424b-9868-57a2d4851a1d" />
    <TestEntry testId="319e9db8-8f37-6739-0cbb-83eff6d39b32" executionId="afbefcd2-afff-41b3-8ca4-b4e253f5ee83" testListId="8c84fa94-04c1-424b-9868-57a2d4851a1d" />
    <TestEntry testId="91423947-d9d3-4bfd-cfab-68c119421239" executionId="88dcdada-dcf4-444c-922f-b962105bf07f" testListId="8c84fa94-04c1-424b-9868-57a2d4851a1d" />
    <TestEntry testId="e9db157d-7d85-2810-0c2d-91345491fde3" executionId="96141c37-077c-42b3-be78-980edc812cff" testListId="8c84fa94-04c1-424b-9868-57a2d4851a1d" />
    <TestEntry testId="06412854-071a-034e-5a5f-ce51d467c3ae" executionId="3fdfb79b-b5d9-4097-a7bb-9b493e131249" testListId="8c84fa94-04c1-424b-9868-57a2d4851a1d" />
    <TestEntry testId="968967c1-9c91-5395-ae74-dba306913820" executionId="74f4bcab-d49c-4c40-bebf-a7b577a0a688" testListId="8c84fa94-04c1-424b-9868-57a2d4851a1d" />
    <TestEntry testId="dfccc8b7-199c-9ea3-3acb-490aa9ca096b" executionId="f4d6ed63-8786-4be8-afd8-cc2780c6abcf" testListId="8c84fa94-04c1-424b-9868-57a2d4851a1d" />
    <TestEntry testId="6ce0ebd1-2fbb-36d1-63ea-8fff8a05554e" executionId="36a9e6af-4335-4df0-a5e1-f406d602c4f2" testListId="8c84fa94-04c1-424b-9868-57a2d4851a1d" />
    <TestEntry testId="f5cd0ea9-70e1-1cbd-01d3-fa2672fe0616" executionId="0c936f0f-726c-47b8-ba49-b368d0f4fab1" testListId="8c84fa94-04c1-424b-9868-57a2d4851a1d" />
    <TestEntry testId="6a069b88-27e1-e70c-13f9-4c619372c66b" executionId="52e625fe-9b0d-4a35-b09d-3d61acfadf63" testListId="8c84fa94-04c1-424b-9868-57a2d4851a1d" />
    <TestEntry testId="d49deff6-a41c-933f-0317-09cc05fa0974" executionId="3808f9c8-90c1-4aa6-8f9c-da6ec65f6b18" testListId="8c84fa94-04c1-424b-9868-57a2d4851a1d" />
    <TestEntry testId="7bad54ac-e807-b7de-c086-e2462b8bfb21" executionId="701cf3fc-d51f-4a91-8a1c-f0858d33726f" testListId="8c84fa94-04c1-424b-9868-57a2d4851a1d" />
    <TestEntry testId="1bb961de-3244-ec3d-ba9c-efd8693da7cb" executionId="167786fa-34a7-4706-8824-a270106f1ec9" testListId="8c84fa94-04c1-424b-9868-57a2d4851a1d" />
    <TestEntry testId="eb5a9d83-2458-0842-7b16-6cd517958096" executionId="48bc14db-102b-43ef-8f4a-0c1446d6e062" testListId="8c84fa94-04c1-424b-9868-57a2d4851a1d" />
    <TestEntry testId="017cc019-8cef-3e6e-38b3-9860b15006c5" executionId="c7c3443b-ccb6-4ad6-b6c4-1ca5963af4ac" testListId="8c84fa94-04c1-424b-9868-57a2d4851a1d" />
    <TestEntry testId="593594fc-46c9-b9c0-d561-0e066e80633b" executionId="fe78a02a-8bfc-4932-80ea-7ede7eddc256" testListId="8c84fa94-04c1-424b-9868-57a2d4851a1d" />
    <TestEntry testId="55807824-53e4-23f9-def8-1210782703cc" executionId="f3fba07b-560f-4285-a8cb-e608ba25b881" testListId="8c84fa94-04c1-424b-9868-57a2d4851a1d" />
    <TestEntry testId="4b45c6e7-7f37-b930-8977-ed2b5f3bab07" executionId="d754cfab-5e56-4b05-aab2-cef58d3d80d2" testListId="8c84fa94-04c1-424b-9868-57a2d4851a1d" />
    <TestEntry testId="f5f2e97a-f5f8-6deb-42be-a32de8760af2" executionId="11bea682-49e4-473c-b08d-ed9891e536bd" testListId="8c84fa94-04c1-424b-9868-57a2d4851a1d" />
    <TestEntry testId="ebe31b64-a15f-5d1c-5a6d-837a5656ceb3" executionId="645ec24d-3fad-4d9a-8a34-387665e1ade1" testListId="8c84fa94-04c1-424b-9868-57a2d4851a1d" />
    <TestEntry testId="d8157b41-29f4-4a55-1811-3e5273ac9071" executionId="494b2c59-ad3a-4cec-a28b-7289c918f23e" testListId="8c84fa94-04c1-424b-9868-57a2d4851a1d" />
    <TestEntry testId="8711fcc3-eab8-86a0-2ca3-46b7c717fdd4" executionId="59a7501c-7bf3-49a8-b22d-f62e3f2b9e98" testListId="8c84fa94-04c1-424b-9868-57a2d4851a1d" />
    <TestEntry testId="9338997c-d9a9-672b-42cd-fbb543d1c72e" executionId="fe4ce001-3fa0-4500-b7b4-ab5c8ccac839" testListId="8c84fa94-04c1-424b-9868-57a2d4851a1d" />
    <TestEntry testId="15256628-10ab-395d-cdc0-982196f2d384" executionId="8fd8343d-2068-42ee-bba2-c1233979184b" testListId="8c84fa94-04c1-424b-9868-57a2d4851a1d" />
    <TestEntry testId="4586ccb8-434e-a6fb-3efe-7ae23e91a4a4" executionId="1c859b57-5582-4939-9323-4753fbd81628" testListId="8c84fa94-04c1-424b-9868-57a2d4851a1d" />
    <TestEntry testId="fefc1ca8-7f95-c638-84b7-b1c00b90c427" executionId="1a55d9b4-f882-4591-bfe0-331d1313eff6" testListId="8c84fa94-04c1-424b-9868-57a2d4851a1d" />
    <TestEntry testId="dc3b0316-49f0-426f-b38e-3bcd6e62bfdd" executionId="d90904bd-4f22-419e-ac0e-3b1403b181f0" testListId="8c84fa94-04c1-424b-9868-57a2d4851a1d" />
    <TestEntry testId="bf3342cd-aa37-ec7a-aed8-02a15815d43f" executionId="faa658cf-de33-4586-aab6-8c6eebfb2bcf" testListId="8c84fa94-04c1-424b-9868-57a2d4851a1d" />
    <TestEntry testId="a4ec8e4b-30aa-49df-138f-1971a7f8ca38" executionId="47b26a7b-bf8d-4c14-8319-64b83fe1be20" testListId="8c84fa94-04c1-424b-9868-57a2d4851a1d" />
    <TestEntry testId="4ab80538-8920-6bd3-f5bf-6a692e875394" executionId="11693849-6d9c-4dd1-8dc6-6199b3b76326" testListId="8c84fa94-04c1-424b-9868-57a2d4851a1d" />
    <TestEntry testId="4c310887-8495-4e52-0457-4cbe13b9a200" executionId="9f85d3b0-03de-4a1d-9eb9-ae55a4bcabbd" testListId="8c84fa94-04c1-424b-9868-57a2d4851a1d" />
    <TestEntry testId="27f390ff-a294-3ac4-6f34-9d39f621e68b" executionId="71a2b6c4-c06e-40e7-bbd1-6d375512eda2" testListId="8c84fa94-04c1-424b-9868-57a2d4851a1d" />
    <TestEntry testId="f6db960c-c26a-9ba9-bdda-2ac9e0b27970" executionId="fbb5f2a1-8d5f-469d-bcf7-bfde259a953f" testListId="8c84fa94-04c1-424b-9868-57a2d4851a1d" />
    <TestEntry testId="4af45186-897f-200d-9f00-a1608aaab093" executionId="8d6f39ba-1a25-4b44-aaec-e8314ded7c8d" testListId="8c84fa94-04c1-424b-9868-57a2d4851a1d" />
    <TestEntry testId="1b7a8e72-6c5b-1b1a-773c-d218457056e9" executionId="acf9dc92-3476-44bb-bc62-0d58ee943e6b" testListId="8c84fa94-04c1-424b-9868-57a2d4851a1d" />
    <TestEntry testId="62c0f445-e4f5-0b37-109b-e9362caf5a8c" executionId="2a585503-855b-4e2f-87e7-f439d83ab8e3" testListId="8c84fa94-04c1-424b-9868-57a2d4851a1d" />
    <TestEntry testId="0c42f315-9eeb-2ce5-c75f-9a00eaad39ea" executionId="6b8d8e84-02e8-49de-a6f3-51f71bb089f5" testListId="8c84fa94-04c1-424b-9868-57a2d4851a1d" />
    <TestEntry testId="731f7e19-89ff-c108-ad63-9eb46b5c0a59" executionId="ef7b9913-876d-4fcf-a19d-3f0fce6c26df" testListId="8c84fa94-04c1-424b-9868-57a2d4851a1d" />
    <TestEntry testId="e8fbfc8d-82fa-6534-4e95-6007f14b30c3" executionId="9bb9ffe4-5d28-4169-92b1-62bb11cdd37d" testListId="8c84fa94-04c1-424b-9868-57a2d4851a1d" />
    <TestEntry testId="93ea4899-517e-c6f1-21bb-544e5f026df8" executionId="f7edc4c3-97af-4f1f-aa96-116d616c304c" testListId="8c84fa94-04c1-424b-9868-57a2d4851a1d" />
    <TestEntry testId="2c8890ce-c89d-6a9e-b8c6-3ef6c4bffec5" executionId="2e8dc863-1695-4478-a2c1-95b4041e5fd3" testListId="8c84fa94-04c1-424b-9868-57a2d4851a1d" />
    <TestEntry testId="dc138ee9-21ff-a5b7-13f9-f62a771c926b" executionId="25d7828a-2bfc-4c38-93b6-b4ce48e2dc7c" testListId="8c84fa94-04c1-424b-9868-57a2d4851a1d" />
    <TestEntry testId="9bd8fc1b-1a96-e8b5-9458-0cf7f053c050" executionId="3d45ce4b-c256-47d0-af16-3e9d452fc3d9" testListId="8c84fa94-04c1-424b-9868-57a2d4851a1d" />
    <TestEntry testId="9b6f16d4-c136-10d2-3821-bfa9982ae3af" executionId="95cd0d64-21ff-4413-806a-790d4c88a04f" testListId="8c84fa94-04c1-424b-9868-57a2d4851a1d" />
    <TestEntry testId="b520e9be-bd72-d8ea-61ca-a3966da610ee" executionId="c16c9ddd-8aee-46bf-af21-f04588200a0e" testListId="8c84fa94-04c1-424b-9868-57a2d4851a1d" />
    <TestEntry testId="898a040b-fc5b-2cd2-659c-46113f65fe38" executionId="2eed59a7-e2bf-45e7-b728-b2ca8ec11cb1" testListId="8c84fa94-04c1-424b-9868-57a2d4851a1d" />
    <TestEntry testId="a189583c-978a-c969-def3-f27770df3054" executionId="e2df15bc-0f4d-415e-8205-3128396bfb5d" testListId="8c84fa94-04c1-424b-9868-57a2d4851a1d" />
    <TestEntry testId="3ab16e75-8a5c-b09f-3b52-52df61cf6c95" executionId="7b898d32-c696-433d-a9cc-113e58ea8421" testListId="8c84fa94-04c1-424b-9868-57a2d4851a1d" />
    <TestEntry testId="8dd7c6d4-048f-e61d-123a-5b91a453390c" executionId="794b95b7-97b0-4d77-9952-3e7dee8271dd" testListId="8c84fa94-04c1-424b-9868-57a2d4851a1d" />
    <TestEntry testId="fe22a4f5-f49f-f59f-57fa-2e035d1a94ac" executionId="8475e86b-5575-4cf5-a2bc-691650773fe3" testListId="8c84fa94-04c1-424b-9868-57a2d4851a1d" />
    <TestEntry testId="f8f04b21-fad0-48a3-39ca-a5f162fe7d64" executionId="01730046-7a6a-4871-8536-ea4fd13d3844" testListId="8c84fa94-04c1-424b-9868-57a2d4851a1d" />
    <TestEntry testId="dc622a34-8cc7-4600-a4f3-cf01b26ced88" executionId="b59ee333-2e26-4ff3-b0e3-a51f174c87ca" testListId="8c84fa94-04c1-424b-9868-57a2d4851a1d" />
    <TestEntry testId="33935880-2468-ac2a-2804-1f3918d25628" executionId="bf965f04-1632-4d39-b7cf-be5508fe59d9" testListId="8c84fa94-04c1-424b-9868-57a2d4851a1d" />
    <TestEntry testId="222612dc-51ac-9b64-f67c-78952b32c155" executionId="a7bfbd09-e6c8-48a3-9005-6d03bdce5910" testListId="8c84fa94-04c1-424b-9868-57a2d4851a1d" />
    <TestEntry testId="84cdc42c-8723-3f7f-aeea-e185addc7b1d" executionId="ece25652-54b0-485d-85e8-e2a6397a9444" testListId="8c84fa94-04c1-424b-9868-57a2d4851a1d" />
    <TestEntry testId="10a1b738-5399-5e92-e2ed-009c7ed9c454" executionId="4884e902-cdc5-49bc-9b40-8a446a7877bc" testListId="8c84fa94-04c1-424b-9868-57a2d4851a1d" />
    <TestEntry testId="ca54778c-c4c5-e9c4-6078-1f6eb9837f98" executionId="a96b34bb-4482-42ab-b1fe-bbb3be3a903a" testListId="8c84fa94-04c1-424b-9868-57a2d4851a1d" />
    <TestEntry testId="9d8dbace-9130-7ffd-4719-3c557ceeb743" executionId="b26a6dc3-e4e4-48f4-8f2a-e2c75d8efc64" testListId="8c84fa94-04c1-424b-9868-57a2d4851a1d" />
    <TestEntry testId="6dc834ce-7990-c21f-5442-e578c180d56f" executionId="72afc205-fc93-4673-9774-cdcd42b98f65" testListId="8c84fa94-04c1-424b-9868-57a2d4851a1d" />
    <TestEntry testId="52b60312-f92a-489e-ac83-49b5962a1a66" executionId="03f9463b-0cef-447d-90c0-cfdec7d1907d" testListId="8c84fa94-04c1-424b-9868-57a2d4851a1d" />
    <TestEntry testId="ccbe9915-207e-f3b0-9e57-5dc3348b938c" executionId="b71954be-c785-4cac-a4ae-3b53f1e2e059" testListId="8c84fa94-04c1-424b-9868-57a2d4851a1d" />
    <TestEntry testId="5b1fb637-3ca1-9a80-d25d-3a01eede0458" executionId="ce0ea6ab-7eb7-4d06-8f22-5072e9c0f365" testListId="8c84fa94-04c1-424b-9868-57a2d4851a1d" />
    <TestEntry testId="cb87ae3f-127d-d533-f5f1-ec7b4f65cbcc" executionId="f3e6ecd2-6a50-466b-87f6-5f7ba511207c" testListId="8c84fa94-04c1-424b-9868-57a2d4851a1d" />
    <TestEntry testId="2eb02be1-be5b-c75f-226f-8371b8170b9a" executionId="da40f642-fe04-46b1-bea7-cd81348fe9bf" testListId="8c84fa94-04c1-424b-9868-57a2d4851a1d" />
    <TestEntry testId="cc5bf0e8-1cf1-748c-6f30-7b7cfd04c1dc" executionId="f88582a1-efab-409a-89ac-305e084ca6d0" testListId="8c84fa94-04c1-424b-9868-57a2d4851a1d" />
    <TestEntry testId="bcd71d5d-281d-5d3b-7426-e01e3ca8b29e" executionId="0fc0ddbb-86a5-48bf-8cb4-0b19c9377e66" testListId="8c84fa94-04c1-424b-9868-57a2d4851a1d" />
    <TestEntry testId="642e6019-2faa-a30d-dbaf-ea59f97e9c72" executionId="b97d873c-ad08-4005-a4c1-f34b88d1d336" testListId="8c84fa94-04c1-424b-9868-57a2d4851a1d" />
    <TestEntry testId="cd84e885-1918-e01a-687a-a984ec9c18f5" executionId="f99fd15f-0326-4d1d-aaad-6a03159ee7a8" testListId="8c84fa94-04c1-424b-9868-57a2d4851a1d" />
    <TestEntry testId="cb217fc0-412f-9e5e-8b31-b39324af2ee8" executionId="8ed3f8b5-7f91-438a-8957-a490adb3d0ad" testListId="8c84fa94-04c1-424b-9868-57a2d4851a1d" />
    <TestEntry testId="e9266c48-cfc4-e144-1936-f643e910fdf5" executionId="77182af6-a6d3-43fc-9f72-a95e5ca79894" testListId="8c84fa94-04c1-424b-9868-57a2d4851a1d" />
    <TestEntry testId="f192461d-c04b-ccd8-4669-21b5fa7a7ede" executionId="0db82330-64e2-45b9-ad5e-e9863cacfad1" testListId="8c84fa94-04c1-424b-9868-57a2d4851a1d" />
    <TestEntry testId="fd11af71-a4c4-5921-60ab-2b01bfd9ee13" executionId="94a673a3-3982-4307-bd44-6e413b5f96f1" testListId="8c84fa94-04c1-424b-9868-57a2d4851a1d" />
    <TestEntry testId="53482988-7657-3aab-fcf9-974d42e0179b" executionId="765d7a13-59f5-428c-b0fc-3cac5847693f" testListId="8c84fa94-04c1-424b-9868-57a2d4851a1d" />
    <TestEntry testId="31863e20-a64d-0b66-e341-1da2a444bd4d" executionId="408742fd-84ed-4785-b1b0-3b5ebebb382f" testListId="8c84fa94-04c1-424b-9868-57a2d4851a1d" />
    <TestEntry testId="134dc4da-478b-60fb-2dfc-b3d26508bd1a" executionId="fb49c03d-d7bf-45c1-9785-8c22b8c5f26b" testListId="8c84fa94-04c1-424b-9868-57a2d4851a1d" />
    <TestEntry testId="965180e6-a25e-a55d-955c-d1e2d083f58f" executionId="b38ba61d-a486-4e7e-84d5-708b67ebbb7e" testListId="8c84fa94-04c1-424b-9868-57a2d4851a1d" />
    <TestEntry testId="72ff64d9-b16e-e940-9856-804e7e3a62f9" executionId="15ecf5e7-11b0-48bb-bac5-3e6c1a1c7d43" testListId="8c84fa94-04c1-424b-9868-57a2d4851a1d" />
    <TestEntry testId="9a94a475-1b0f-e9b3-ba5e-634b89ce686f" executionId="88e2f275-ed44-4603-b649-1a3f21af4548" testListId="8c84fa94-04c1-424b-9868-57a2d4851a1d" />
    <TestEntry testId="07ec7b90-4f80-77d6-d19d-abca75ed0c64" executionId="acf4295c-ee68-4dfa-b675-8baa1fd1f4dc" testListId="8c84fa94-04c1-424b-9868-57a2d4851a1d" />
    <TestEntry testId="8b0909b5-769b-12ea-d91a-88a0ad4a6e48" executionId="c14537d1-4a52-49c3-837d-1524fe4677ad" testListId="8c84fa94-04c1-424b-9868-57a2d4851a1d" />
    <TestEntry testId="3c716f34-734b-16bb-9f28-27f6b4a026ec" executionId="e08ead0b-b1a8-4757-84ab-71d595fc11da" testListId="8c84fa94-04c1-424b-9868-57a2d4851a1d" />
    <TestEntry testId="15d239ea-71aa-55f8-a2eb-41474406f678" executionId="ffc48eae-3bc2-4a96-a03f-ae9c44a7a439" testListId="8c84fa94-04c1-424b-9868-57a2d4851a1d" />
    <TestEntry testId="48a343bd-9a05-413c-06ca-9a257f76938b" executionId="dc99711b-ae09-4c49-bb22-26a9b9e8ed76" testListId="8c84fa94-04c1-424b-9868-57a2d4851a1d" />
    <TestEntry testId="38ec599c-8886-9abd-0e90-9384d2644f53" executionId="c7be5305-8260-44fe-b004-b5be18d2ff19" testListId="8c84fa94-04c1-424b-9868-57a2d4851a1d" />
    <TestEntry testId="048d6a52-6981-f00b-b420-3b6a2fb00ce8" executionId="eed6ba39-11ff-449d-8118-9e5dcd4e1a31" testListId="8c84fa94-04c1-424b-9868-57a2d4851a1d" />
    <TestEntry testId="145e0ff6-94b3-8f9e-a3e6-3b43ce77eb33" executionId="a4fdd367-674c-4b6f-bc35-cfe595f338b7" testListId="8c84fa94-04c1-424b-9868-57a2d4851a1d" />
    <TestEntry testId="d90a523b-e1ac-2a8a-dd1a-2b2e05a4e8cb" executionId="5324349d-972c-42f3-ab68-d6574b1cacf3" testListId="8c84fa94-04c1-424b-9868-57a2d4851a1d" />
    <TestEntry testId="1a438984-8e5e-2cb0-c251-969595afcd3b" executionId="40f8f0fc-b4e9-43a4-90e2-aaddd9c56ec4" testListId="8c84fa94-04c1-424b-9868-57a2d4851a1d" />
    <TestEntry testId="e0d78dcd-5614-964a-05ab-ebe0da0d939b" executionId="ca305f8d-d3e1-462a-8b2e-8b4c97490ecb" testListId="8c84fa94-04c1-424b-9868-57a2d4851a1d" />
    <TestEntry testId="2477d472-bfaa-26c5-aa9b-d6406e79167b" executionId="21b5c86c-ef97-43ef-ae2a-3dfd8f58f5ba" testListId="8c84fa94-04c1-424b-9868-57a2d4851a1d" />
    <TestEntry testId="bf66e757-0492-e485-8a4b-fc8c1a4bef3b" executionId="8d462c4b-a81c-4151-9fc5-1c8c73e82594" testListId="8c84fa94-04c1-424b-9868-57a2d4851a1d" />
    <TestEntry testId="b89300df-44ea-f5d9-8c31-b46cc2e57c07" executionId="d19baf00-20af-4c8f-86d1-b09aa24ccbbc" testListId="8c84fa94-04c1-424b-9868-57a2d4851a1d" />
    <TestEntry testId="122455fe-79f5-1209-2010-58a75f33896d" executionId="6ccb7a00-3dbd-424a-9dcf-adbd990f2bc0" testListId="8c84fa94-04c1-424b-9868-57a2d4851a1d" />
    <TestEntry testId="a660afa4-f5aa-b923-9ed9-b3aed02ce38b" executionId="03416fbe-2f81-435c-8b75-84c9783a4feb" testListId="8c84fa94-04c1-424b-9868-57a2d4851a1d" />
    <TestEntry testId="aad983c5-8e27-f320-9ef1-f25fd06b1fff" executionId="5da6a958-8bba-428d-9e12-408d608b3bf3" testListId="8c84fa94-04c1-424b-9868-57a2d4851a1d" />
    <TestEntry testId="fb732742-5469-4819-2a2e-a73e08e91605" executionId="1c1db329-cfce-4db4-acb6-c3397f120dba" testListId="8c84fa94-04c1-424b-9868-57a2d4851a1d" />
    <TestEntry testId="75abe4ea-20eb-3ee5-eee8-f4f3f43cc779" executionId="e75ea3af-5c5d-4ca7-a6a7-f8d0f6660198" testListId="8c84fa94-04c1-424b-9868-57a2d4851a1d" />
    <TestEntry testId="e5776fdb-2ce3-71cf-fd30-74705513040a" executionId="88a8ba7f-272e-4b6c-ba7c-4f9ae4fec2df" testListId="8c84fa94-04c1-424b-9868-57a2d4851a1d" />
    <TestEntry testId="a11326b9-3454-b2a2-061f-4440307800dc" executionId="b488c48c-e321-4460-aa9a-0112b0184cbb" testListId="8c84fa94-04c1-424b-9868-57a2d4851a1d" />
    <TestEntry testId="df09f867-7de1-e38f-53d1-73f889393669" executionId="c5bcc422-9dbb-4440-a541-1a62a816d023" testListId="8c84fa94-04c1-424b-9868-57a2d4851a1d" />
    <TestEntry testId="b15c0dd5-d448-b8b2-12b9-2297f983e50d" executionId="30030794-51db-477c-840f-8007a8114b05" testListId="8c84fa94-04c1-424b-9868-57a2d4851a1d" />
    <TestEntry testId="baa96bb4-9a62-b146-14d8-03dbee056087" executionId="1265b790-9b6e-4491-affa-daf2d10f53c1" testListId="8c84fa94-04c1-424b-9868-57a2d4851a1d" />
    <TestEntry testId="77cba9e9-3a3f-2b38-cfa1-fd20ef6dec97" executionId="526bd161-e334-4e54-bd80-9c79d88d2586" testListId="8c84fa94-04c1-424b-9868-57a2d4851a1d" />
    <TestEntry testId="76f114f4-6a41-0573-26af-b718e6fbb07c" executionId="e84c1936-92c6-4a28-a6eb-199beb429edb" testListId="8c84fa94-04c1-424b-9868-57a2d4851a1d" />
    <TestEntry testId="f5dc02d2-c831-9a51-1ebc-8f8a343ea344" executionId="085c895b-3607-46c0-9ea4-92bcd64f839e" testListId="8c84fa94-04c1-424b-9868-57a2d4851a1d" />
    <TestEntry testId="86e972ed-14c6-3ad2-ddf5-8b4f957f0006" executionId="b1410cf7-cdef-49fd-b943-787662be69f2" testListId="8c84fa94-04c1-424b-9868-57a2d4851a1d" />
    <TestEntry testId="27e4287b-6aa8-a5c7-2e9e-fe37ab9970d9" executionId="7aee7749-71f5-4bce-8a06-85347fca9992" testListId="8c84fa94-04c1-424b-9868-57a2d4851a1d" />
    <TestEntry testId="8f59d74f-1387-b481-45ba-5b4638b6eca1" executionId="91a57bf9-f726-43fe-819e-855e41b0be60" testListId="8c84fa94-04c1-424b-9868-57a2d4851a1d" />
    <TestEntry testId="db90aeda-99d3-8862-c893-f6a75596efbc" executionId="403e9104-f6e7-4333-943b-96f697db8b91" testListId="8c84fa94-04c1-424b-9868-57a2d4851a1d" />
    <TestEntry testId="332d7c0b-99e9-8913-1359-6d2df137b355" executionId="7a822e49-3c60-4de5-8d1b-e2439c73b4b1" testListId="8c84fa94-04c1-424b-9868-57a2d4851a1d" />
    <TestEntry testId="8019e7cd-2b2b-285d-fe92-717617455fd4" executionId="8f99af21-1d98-4d58-acc3-51c13a3e5490" testListId="8c84fa94-04c1-424b-9868-57a2d4851a1d" />
    <TestEntry testId="86a445c9-5dff-52f1-c98f-77ae4a8bc915" executionId="3d12fbd9-a07d-496e-818d-f005f85dc12d" testListId="8c84fa94-04c1-424b-9868-57a2d4851a1d" />
    <TestEntry testId="b7cfc484-cb4b-49fc-a4f0-d587f8a4ea1f" executionId="0e003ee5-6a67-46e0-8ba8-4c19b83dbbda" testListId="8c84fa94-04c1-424b-9868-57a2d4851a1d" />
    <TestEntry testId="63f12d9f-b048-76b8-264d-b989df0bfbca" executionId="7629d457-0e74-4733-a89a-6de4ad61adae" testListId="8c84fa94-04c1-424b-9868-57a2d4851a1d" />
    <TestEntry testId="5da91449-988e-883d-873e-5998d198d64c" executionId="ffcb546c-aed3-4913-9cc2-02ef52de59aa" testListId="8c84fa94-04c1-424b-9868-57a2d4851a1d" />
    <TestEntry testId="b39b8640-a4cc-96cc-891a-64310b2030c3" executionId="67febfec-8c1c-42ad-be33-74962630cb9b" testListId="8c84fa94-04c1-424b-9868-57a2d4851a1d" />
    <TestEntry testId="5837e4ca-1cc6-6c6e-80e5-27206d993c91" executionId="63d69b55-2d58-4042-b66c-6867f16c306b" testListId="8c84fa94-04c1-424b-9868-57a2d4851a1d" />
    <TestEntry testId="edafcc43-4593-3e69-06bb-d94b360979cb" executionId="fb6ddf7a-5263-45ff-9f9e-ba68e390dc0f" testListId="8c84fa94-04c1-424b-9868-57a2d4851a1d" />
    <TestEntry testId="3fc559f5-bb13-876b-1485-1faebe02441c" executionId="385a7248-6e18-475e-9807-3d2f4f7c0569" testListId="8c84fa94-04c1-424b-9868-57a2d4851a1d" />
    <TestEntry testId="616c12d5-722e-e683-3114-c8a71232eef2" executionId="ca64f857-9f9c-46ad-bcc2-48d411ad4c00" testListId="8c84fa94-04c1-424b-9868-57a2d4851a1d" />
    <TestEntry testId="0aadc201-49e1-bf75-6608-564242125dc2" executionId="3139558c-6b6b-4efc-8f5d-a97b689d62e6" testListId="8c84fa94-04c1-424b-9868-57a2d4851a1d" />
    <TestEntry testId="2e98d886-c9c5-7fb8-f647-7bfb037cf4a5" executionId="3e86e353-921a-4fd1-8ac9-d4d54be199f5" testListId="8c84fa94-04c1-424b-9868-57a2d4851a1d" />
    <TestEntry testId="c80f6705-aed7-e74b-8edd-9b2f7c5971b3" executionId="f130006b-b879-4048-ac6f-0473d574735c" testListId="8c84fa94-04c1-424b-9868-57a2d4851a1d" />
    <TestEntry testId="5a499a63-0d2f-5e8b-f84d-d4c0ec13dea2" executionId="2a67361f-04c4-4f0a-96be-32ed6b87c246" testListId="8c84fa94-04c1-424b-9868-57a2d4851a1d" />
    <TestEntry testId="4ca2f8f4-021b-5238-c299-1b1fb7ab3fab" executionId="9abd6d76-bb23-4921-ad5d-ce21803592a3" testListId="8c84fa94-04c1-424b-9868-57a2d4851a1d" />
    <TestEntry testId="e70bd816-d0ac-eace-44c7-520cb1bd1024" executionId="423b1c82-17c0-43ab-91c4-eb03434ce8ae" testListId="8c84fa94-04c1-424b-9868-57a2d4851a1d" />
    <TestEntry testId="1346e005-ae3a-56c9-a07e-e25c215c66a3" executionId="e41f8f67-c82b-4751-aa2f-fab4f7e2f8f2" testListId="8c84fa94-04c1-424b-9868-57a2d4851a1d" />
    <TestEntry testId="b53cbe33-730e-fb6f-4fda-1e9679963edf" executionId="a89da6a6-1e5e-4a28-852d-bd8f5af8124c" testListId="8c84fa94-04c1-424b-9868-57a2d4851a1d" />
    <TestEntry testId="7899bcea-7118-cfa0-aa3f-14444c7eb8ac" executionId="a40aed1a-24b4-4a33-8a50-d951df7c4031" testListId="8c84fa94-04c1-424b-9868-57a2d4851a1d" />
    <TestEntry testId="ef6e5d44-4248-113e-0569-ec93691b2771" executionId="cbd16c0d-f42b-45c1-9440-be07d6f0bc50" testListId="8c84fa94-04c1-424b-9868-57a2d4851a1d" />
    <TestEntry testId="820765dc-029b-30df-a6e4-7e3395cecf69" executionId="940dff6d-4b1d-4322-a0f0-53f3fb65fb63" testListId="8c84fa94-04c1-424b-9868-57a2d4851a1d" />
    <TestEntry testId="8bf4ac3f-d50d-8962-2b87-11176401d4e7" executionId="cf8bff20-704a-4545-ae02-f8499cf35696" testListId="8c84fa94-04c1-424b-9868-57a2d4851a1d" />
    <TestEntry testId="1d2a1f8c-9df5-1e11-ff05-9be1bb8085db" executionId="14c73826-f236-4a03-b264-8f1dbcef9ba8" testListId="8c84fa94-04c1-424b-9868-57a2d4851a1d" />
    <TestEntry testId="15776c9e-bed1-aa30-abbc-b85a9e95cf84" executionId="ecd21de9-cf5b-4b09-b38a-792f4953b35d" testListId="8c84fa94-04c1-424b-9868-57a2d4851a1d" />
    <TestEntry testId="13753856-9a1f-9357-f48e-ccc42a00eb0c" executionId="b09f1c7d-0659-4db7-810c-6ec9c1ba06bf" testListId="8c84fa94-04c1-424b-9868-57a2d4851a1d" />
    <TestEntry testId="39116a4a-80db-ce36-d47f-ad7c599fcdc1" executionId="0350333c-91b5-48f2-af54-2630b0f34430" testListId="8c84fa94-04c1-424b-9868-57a2d4851a1d" />
    <TestEntry testId="e3eaed0d-86bd-8f89-51b2-10bb869eeb76" executionId="1c2534e2-e2b1-404c-a154-7d9340f0d02d" testListId="8c84fa94-04c1-424b-9868-57a2d4851a1d" />
    <TestEntry testId="80e1e452-82cf-b088-db40-d28f7d32c62d" executionId="ee7d9655-3e00-450b-98dd-81eb616b7908" testListId="8c84fa94-04c1-424b-9868-57a2d4851a1d" />
    <TestEntry testId="a5f3c4e3-2515-5b34-ca88-e1bb40637adf" executionId="fdc2c8dd-a8e3-4088-a786-f0d5db751c46" testListId="8c84fa94-04c1-424b-9868-57a2d4851a1d" />
    <TestEntry testId="d971de1e-b31f-31c2-fa67-f30dd423d56b" executionId="245f1326-9e41-48a0-a2f0-aa8b19c394c8" testListId="8c84fa94-04c1-424b-9868-57a2d4851a1d" />
    <TestEntry testId="7d70a72d-3886-6952-72a5-a740f2010644" executionId="df75e640-0a8e-4ab4-b899-3e68d4defb2a" testListId="8c84fa94-04c1-424b-9868-57a2d4851a1d" />
    <TestEntry testId="e692b3e0-3f04-ab27-9ec5-4a69402a8875" executionId="1ea9b79d-4653-4944-b738-d8e59b6a1e40" testListId="8c84fa94-04c1-424b-9868-57a2d4851a1d" />
    <TestEntry testId="55e4f137-ee25-d174-0329-0df4a0a2d62a" executionId="6f45ba32-2a77-4e2b-8600-ee7ff57d99ff" testListId="8c84fa94-04c1-424b-9868-57a2d4851a1d" />
    <TestEntry testId="e5baebdf-dd33-61d2-8622-e7904797fee0" executionId="d5aa05a4-0b10-48e7-9324-bdfc3ea0705a" testListId="8c84fa94-04c1-424b-9868-57a2d4851a1d" />
    <TestEntry testId="c0babfb5-0c51-8e86-82e8-b342920c9494" executionId="76c59461-2871-44c7-a0e9-87a36b8e1cbd" testListId="8c84fa94-04c1-424b-9868-57a2d4851a1d" />
    <TestEntry testId="24c926a6-ee97-c276-700e-e9cf4f4112ef" executionId="6f1d07a8-1c8d-4f71-ae4d-5e8b3f210ad7" testListId="8c84fa94-04c1-424b-9868-57a2d4851a1d" />
    <TestEntry testId="0bc3c781-e5e2-4061-bcbc-7fa16190d596" executionId="48f8727f-5358-41bd-b4b0-d071b13b78f9" testListId="8c84fa94-04c1-424b-9868-57a2d4851a1d" />
    <TestEntry testId="49cfd12e-5617-bd5e-66b7-297865e8d56f" executionId="17d0932e-fff3-47f5-8f7e-5baf231c846e" testListId="8c84fa94-04c1-424b-9868-57a2d4851a1d" />
    <TestEntry testId="8b851834-9d1b-52ee-4c1e-eca26c60010d" executionId="1beecfcf-b2eb-4e78-b30d-48c2d14a2c17" testListId="8c84fa94-04c1-424b-9868-57a2d4851a1d" />
    <TestEntry testId="5725dc6b-38b3-44b7-6936-015732fd6b4c" executionId="ee0cb033-ea84-4dce-b69f-cd668849a8d7" testListId="8c84fa94-04c1-424b-9868-57a2d4851a1d" />
    <TestEntry testId="20efb3d3-79c6-bd77-1370-aab1347bcb2b" executionId="5d77ea69-09f7-49f8-921b-3670690da9b5" testListId="8c84fa94-04c1-424b-9868-57a2d4851a1d" />
    <TestEntry testId="95263003-a60e-ad32-6d79-b2420a12e34b" executionId="f81113d5-9970-454a-b852-8f8d7ee451f1" testListId="8c84fa94-04c1-424b-9868-57a2d4851a1d" />
    <TestEntry testId="903b9858-a52e-2d97-0254-7f3a20fa6f17" executionId="0bec457a-8afa-4704-862d-d96b81603eb3" testListId="8c84fa94-04c1-424b-9868-57a2d4851a1d" />
    <TestEntry testId="cf94cc5e-3853-d775-7ab9-b0e9c7ff54bd" executionId="651a34ee-401b-4883-98dd-363806b8fa4e" testListId="8c84fa94-04c1-424b-9868-57a2d4851a1d" />
    <TestEntry testId="1a4e885e-6ffc-c617-8987-ed7778452758" executionId="c6f40f44-9dc6-40c4-ac48-a0a3cad759a1" testListId="8c84fa94-04c1-424b-9868-57a2d4851a1d" />
    <TestEntry testId="6bb54fbb-dfac-5d0a-56dc-de94512d7ee7" executionId="858311d2-91b1-444d-b276-9accaedf3f2b" testListId="8c84fa94-04c1-424b-9868-57a2d4851a1d" />
    <TestEntry testId="cbb16c95-d728-15c5-f7f7-7aec1e98ffde" executionId="c2397f77-09c2-419e-9185-aaf4b35d4075" testListId="8c84fa94-04c1-424b-9868-57a2d4851a1d" />
    <TestEntry testId="5234d1ee-ef9d-50d7-130b-4f673d2d6420" executionId="431c5980-43ea-42c9-8eb5-689ac2f9b625" testListId="8c84fa94-04c1-424b-9868-57a2d4851a1d" />
    <TestEntry testId="d72e9a2a-9534-badd-5a74-22ef698e678e" executionId="9678cf6b-e93f-400e-bdca-45db6cb4c37a" testListId="8c84fa94-04c1-424b-9868-57a2d4851a1d" />
    <TestEntry testId="ede7971d-d588-349a-0279-c271f7ada06e" executionId="e2f22cad-a42c-47c5-a1d9-12511a0ba014" testListId="8c84fa94-04c1-424b-9868-57a2d4851a1d" />
    <TestEntry testId="e36cf31f-4200-8205-4a12-8df912fdbdf1" executionId="eb5db7a4-5150-44ba-9c02-fa2a5a95257e" testListId="8c84fa94-04c1-424b-9868-57a2d4851a1d" />
    <TestEntry testId="efaca709-8a13-6b06-ae96-68d58720423e" executionId="c866c91a-6171-4256-a7bd-50d58146932a" testListId="8c84fa94-04c1-424b-9868-57a2d4851a1d" />
    <TestEntry testId="5cd4b702-56a3-e460-79f3-24a1a68869f7" executionId="c9aa6840-2163-4eac-b6c9-174107c1506d" testListId="8c84fa94-04c1-424b-9868-57a2d4851a1d" />
    <TestEntry testId="2ea7f788-a228-7eb9-ef8c-629855bfb76d" executionId="3d7818f7-6fd6-499b-80f1-b91ba5f5b7bf" testListId="8c84fa94-04c1-424b-9868-57a2d4851a1d" />
    <TestEntry testId="dd8ceee9-e0da-460a-3a9b-41ccef9e8e3e" executionId="8d207b88-3983-442f-b9d9-9022e6108e98" testListId="8c84fa94-04c1-424b-9868-57a2d4851a1d" />
    <TestEntry testId="3460e6f3-0dd6-9361-76e4-41731c8ee6fa" executionId="ed7d4bfa-970d-459f-8105-fd2def475f50" testListId="8c84fa94-04c1-424b-9868-57a2d4851a1d" />
    <TestEntry testId="e5b3b709-ebd8-5410-dfc8-207021a3b5a1" executionId="2af56a69-201f-458a-b69d-0a05203fd885" testListId="8c84fa94-04c1-424b-9868-57a2d4851a1d" />
    <TestEntry testId="59a60e54-e35c-c435-6281-92cda5ac809d" executionId="64a980d8-3ec1-4fb2-b6f7-2862d36c1746" testListId="8c84fa94-04c1-424b-9868-57a2d4851a1d" />
    <TestEntry testId="1828ecd5-bb3e-6d98-809c-f913ae167b2a" executionId="d5b689ce-2df5-49f0-ba83-287a81a0fb91" testListId="8c84fa94-04c1-424b-9868-57a2d4851a1d" />
    <TestEntry testId="3d7ba390-9a7b-bdaa-74a4-97118816f256" executionId="33fbcf36-cec7-4180-9ac7-c9fc91d90e5d" testListId="8c84fa94-04c1-424b-9868-57a2d4851a1d" />
    <TestEntry testId="00fca5c1-405d-b820-34ef-a1a0e9446a86" executionId="90d3151b-607c-423e-be6f-ee36f6b341da" testListId="8c84fa94-04c1-424b-9868-57a2d4851a1d" />
    <TestEntry testId="b9ffa3f4-1f18-4167-4317-71e05fdcc916" executionId="05c07a40-19d0-490a-8021-76cb0425993e" testListId="8c84fa94-04c1-424b-9868-57a2d4851a1d" />
    <TestEntry testId="fe59fd9d-eb33-67df-fe2b-87a233e68931" executionId="ba40b5b5-f31b-4bb6-9a72-fddac7268747" testListId="8c84fa94-04c1-424b-9868-57a2d4851a1d" />
    <TestEntry testId="a9f42cf1-dbcf-e8c2-1ef1-a003ae0c7ff8" executionId="d4a7e37d-a2d4-4ced-8046-d27f8dd9fbe6" testListId="8c84fa94-04c1-424b-9868-57a2d4851a1d" />
    <TestEntry testId="80faadd3-7ee5-fd40-aebd-98e719e96493" executionId="328ae736-942f-49bf-96a7-ec6f6558049c" testListId="8c84fa94-04c1-424b-9868-57a2d4851a1d" />
    <TestEntry testId="5770b0b5-2a66-8eb2-b129-73ab244ff2c9" executionId="b3202bc8-2903-4a4d-8317-e8f008d9dcba" testListId="8c84fa94-04c1-424b-9868-57a2d4851a1d" />
    <TestEntry testId="e6f18f4e-717d-7e35-b333-de26f141ac91" executionId="97f811ed-51fc-460f-9e07-6695c4787b39" testListId="8c84fa94-04c1-424b-9868-57a2d4851a1d" />
    <TestEntry testId="d697ec40-0cdc-2a97-6199-7cace147591a" executionId="6429ad97-0cde-48a1-ab57-7cc17de6d554" testListId="8c84fa94-04c1-424b-9868-57a2d4851a1d" />
    <TestEntry testId="17f82cf7-4d92-18c7-4ec3-228bc2e9056a" executionId="408248dd-5e2a-428c-bda3-3189928db8c5" testListId="8c84fa94-04c1-424b-9868-57a2d4851a1d" />
    <TestEntry testId="2b46b6c4-bcde-6b7d-2664-3e89c49247f4" executionId="cfc866f9-cae0-4320-b1a3-d5c6e6703be8" testListId="8c84fa94-04c1-424b-9868-57a2d4851a1d" />
    <TestEntry testId="3a31272a-a65c-0e34-46f8-f3357cdba23a" executionId="29787b8e-9218-4513-8bb6-1c93e8b1c1c7" testListId="8c84fa94-04c1-424b-9868-57a2d4851a1d" />
    <TestEntry testId="77328071-fcbe-8814-7b38-9b55da6b9e94" executionId="687ac083-efa1-4f32-9835-5423ab8f1148" testListId="8c84fa94-04c1-424b-9868-57a2d4851a1d" />
    <TestEntry testId="2e1f1a04-832c-f244-dd8a-e5aa199150f1" executionId="59d8a6cf-1d59-49bc-bb42-ace980b1adc5" testListId="8c84fa94-04c1-424b-9868-57a2d4851a1d" />
    <TestEntry testId="96b04f8c-f777-c014-a499-dfe98011948d" executionId="877ad2ac-70c7-48d7-a934-8e676ca62a05" testListId="8c84fa94-04c1-424b-9868-57a2d4851a1d" />
    <TestEntry testId="6e48d542-e9b0-81b3-6d86-e61f8dff61ca" executionId="80475284-ec98-4801-8655-b819943ea249" testListId="8c84fa94-04c1-424b-9868-57a2d4851a1d" />
    <TestEntry testId="bebeb62d-71fa-2720-42c0-f4320951d2ce" executionId="3c987542-61ee-4e98-8417-110de17551be" testListId="8c84fa94-04c1-424b-9868-57a2d4851a1d" />
    <TestEntry testId="e76f4094-8dcd-5aeb-e147-a8a4e7a18b8c" executionId="668695a4-2fd2-4351-a95d-95bbf3ab75e3" testListId="8c84fa94-04c1-424b-9868-57a2d4851a1d" />
    <TestEntry testId="4aba77ec-b883-b9a3-2441-be573e48795b" executionId="0e3d4420-6d2f-4731-9b29-ebc5848c23b2" testListId="8c84fa94-04c1-424b-9868-57a2d4851a1d" />
    <TestEntry testId="8717c557-1272-1ca3-c2f1-71d1819ddb50" executionId="ab23e32d-f739-4e4f-8009-47b98f43b4be" testListId="8c84fa94-04c1-424b-9868-57a2d4851a1d" />
    <TestEntry testId="67ee2264-2350-9541-5091-2e559be75dbe" executionId="ccd74ba0-c80e-471c-8ea9-b0396e2f7a71" testListId="8c84fa94-04c1-424b-9868-57a2d4851a1d" />
    <TestEntry testId="f701d271-970d-88b5-079f-6601babfed26" executionId="03917813-0e08-46dd-b7d7-47bbc2c6aaa9" testListId="8c84fa94-04c1-424b-9868-57a2d4851a1d" />
    <TestEntry testId="e38866b9-8332-5f7b-d7b8-fb3e9c3d9029" executionId="23c9318a-7ebc-4114-8a9f-6f392b2714d7" testListId="8c84fa94-04c1-424b-9868-57a2d4851a1d" />
    <TestEntry testId="478d0236-e1c2-77c9-69c0-a72f12637e60" executionId="2d9771a8-2200-4e3e-9788-529cadea5218" testListId="8c84fa94-04c1-424b-9868-57a2d4851a1d" />
    <TestEntry testId="b6df7e61-5cd3-7534-d237-3d944ef5fa3d" executionId="17081515-a9dc-49b6-93fe-cde7632737ca" testListId="8c84fa94-04c1-424b-9868-57a2d4851a1d" />
    <TestEntry testId="eeeef62f-490f-22e7-a2d2-ec5886a54dce" executionId="0069accd-82c4-4146-8a49-b8a951d3606d" testListId="8c84fa94-04c1-424b-9868-57a2d4851a1d" />
    <TestEntry testId="82ab9888-0e8e-be7c-a27b-7d4882e76ad2" executionId="af376c60-1d0c-4eb3-b49a-772a86991b80" testListId="8c84fa94-04c1-424b-9868-57a2d4851a1d" />
    <TestEntry testId="27433e55-5768-6c79-0b23-c4648c647a81" executionId="a5ad2a1e-071c-4f07-84e8-474ceb158fce" testListId="8c84fa94-04c1-424b-9868-57a2d4851a1d" />
    <TestEntry testId="55521edb-a4b7-bc99-96a2-4a68c93fc884" executionId="63bc7da3-58cd-4743-b10b-a3ffa8d77064" testListId="8c84fa94-04c1-424b-9868-57a2d4851a1d" />
    <TestEntry testId="8bab2c7c-237e-3496-9a26-8fcdcf393dae" executionId="1e5c31a1-6c65-4654-b9db-6a85c22038a4" testListId="8c84fa94-04c1-424b-9868-57a2d4851a1d" />
    <TestEntry testId="7aa665c6-6d05-2641-5b0e-6f3ba4797370" executionId="6edcee81-2e87-4cbe-907c-ab82fb329fb8" testListId="8c84fa94-04c1-424b-9868-57a2d4851a1d" />
    <TestEntry testId="f18dd244-4a09-e214-2e8b-a1adb5d41997" executionId="b1a42370-cdb0-42f9-9585-d49fdd3191c7" testListId="8c84fa94-04c1-424b-9868-57a2d4851a1d" />
    <TestEntry testId="504360c9-285d-3030-32b3-a9a95cfffe51" executionId="a5b0a4cb-02c9-45df-a2fa-9f5523fbee73" testListId="8c84fa94-04c1-424b-9868-57a2d4851a1d" />
    <TestEntry testId="d64e21f7-4ea3-a5fe-a361-c369ca14a84e" executionId="a40b772d-0b90-4959-913d-b0623eaf1b3b" testListId="8c84fa94-04c1-424b-9868-57a2d4851a1d" />
    <TestEntry testId="0c9a7b17-025a-1c6f-0a94-cc61778b84eb" executionId="84a444e8-6973-4e59-9b83-01964416c3b4" testListId="8c84fa94-04c1-424b-9868-57a2d4851a1d" />
    <TestEntry testId="c1617589-7ab5-2785-7153-f5d42b13af57" executionId="a3f4640a-29b5-430a-9188-03e1e2dd09f2" testListId="8c84fa94-04c1-424b-9868-57a2d4851a1d" />
    <TestEntry testId="01ab0198-4b7e-8a94-e88d-b1f770a7248f" executionId="dd5a803c-2572-479f-8496-80f1061fd730" testListId="8c84fa94-04c1-424b-9868-57a2d4851a1d" />
    <TestEntry testId="e9210e25-ddb7-3ad7-3147-1b0286b3f5d2" executionId="9bc85c9e-e925-4428-b689-4aad5bcf4b38" testListId="8c84fa94-04c1-424b-9868-57a2d4851a1d" />
    <TestEntry testId="9b11dd70-a212-4435-b232-2bb1537ea05b" executionId="a6598b49-fc6e-41b8-ac67-c1574f95a25a" testListId="8c84fa94-04c1-424b-9868-57a2d4851a1d" />
    <TestEntry testId="7191513c-28f2-659c-e5d2-897223e1317f" executionId="9916d0fc-a8eb-4779-bcf2-46bcfef1e0cf" testListId="8c84fa94-04c1-424b-9868-57a2d4851a1d" />
    <TestEntry testId="a8d5f143-40e9-2f91-37a6-26e5ad4ff867" executionId="5bf7aae4-8df5-4d90-a494-55dc1d48d170" testListId="8c84fa94-04c1-424b-9868-57a2d4851a1d" />
    <TestEntry testId="d4db1bde-02f2-af75-8dda-4a9596de1dfd" executionId="3de33b38-4988-42ef-81bf-45b8d49231b6" testListId="8c84fa94-04c1-424b-9868-57a2d4851a1d" />
    <TestEntry testId="b5155b68-06cf-ff0d-b5a3-6677768f61c2" executionId="cc476c29-79a4-47c8-9874-a932abd2dffb" testListId="8c84fa94-04c1-424b-9868-57a2d4851a1d" />
    <TestEntry testId="971ae998-f6f4-2825-fcc4-633419b90bb1" executionId="37aae765-052c-4b6b-af0f-cafbcddb98ad" testListId="8c84fa94-04c1-424b-9868-57a2d4851a1d" />
    <TestEntry testId="4acf2e12-f867-ff67-73aa-be136e127327" executionId="2039253f-66a9-429c-b073-94f5ac647053" testListId="8c84fa94-04c1-424b-9868-57a2d4851a1d" />
    <TestEntry testId="50437517-5fc5-21fb-fd24-7bb70ccad1c0" executionId="996abbaf-44e2-46a4-828a-5f984ac16b92" testListId="8c84fa94-04c1-424b-9868-57a2d4851a1d" />
    <TestEntry testId="6c760899-d63e-372b-347e-f2aa62fff100" executionId="2edc771c-4fc3-4ff7-884d-d1ec96ef7516" testListId="8c84fa94-04c1-424b-9868-57a2d4851a1d" />
    <TestEntry testId="ac8063fd-ec4b-484a-0383-753253f47780" executionId="094d304b-7acf-4b6b-b962-52c7d619369f" testListId="8c84fa94-04c1-424b-9868-57a2d4851a1d" />
    <TestEntry testId="0110325c-27e3-3325-4a17-71d49ff6f036" executionId="7409883b-ab41-4c84-af7f-174e07251c1b" testListId="8c84fa94-04c1-424b-9868-57a2d4851a1d" />
    <TestEntry testId="0b44e872-d464-60e7-3348-83243bc0d155" executionId="67eec4fe-14f6-4891-aea2-c99577a76172" testListId="8c84fa94-04c1-424b-9868-57a2d4851a1d" />
    <TestEntry testId="c8da5140-6bbf-d2bf-c522-f95e06d6a595" executionId="8014d5ed-677e-49ff-b86d-9b9321eb6573" testListId="8c84fa94-04c1-424b-9868-57a2d4851a1d" />
    <TestEntry testId="0ba8e521-cdf8-1d32-c711-88b35489e15b" executionId="fa01e25c-50f1-461e-a8f8-def73e7389c7" testListId="8c84fa94-04c1-424b-9868-57a2d4851a1d" />
    <TestEntry testId="c9640990-b6c9-dafb-a909-cdccd9fc41e7" executionId="b934df31-9836-4ead-a6b7-01a7fb2bad5a" testListId="8c84fa94-04c1-424b-9868-57a2d4851a1d" />
    <TestEntry testId="8fbd09a9-7857-948c-1090-871fb08766df" executionId="939f7d23-fd06-4a73-9f40-732e4200aae6" testListId="8c84fa94-04c1-424b-9868-57a2d4851a1d" />
    <TestEntry testId="bc93f730-cf4f-b2fd-70c0-19446c70f746" executionId="609a845d-7b89-4ba8-b552-660ac61b9205" testListId="8c84fa94-04c1-424b-9868-57a2d4851a1d" />
    <TestEntry testId="e34756db-13d7-7720-a8fd-b5442759c6e4" executionId="e4f57f31-b495-4c57-8e50-fb29f38ee435" testListId="8c84fa94-04c1-424b-9868-57a2d4851a1d" />
    <TestEntry testId="d87bb820-5df8-b7cb-0dc2-a51e231db935" executionId="1ca53f55-18b7-4a50-b507-e05c14d5ddd3" testListId="8c84fa94-04c1-424b-9868-57a2d4851a1d" />
    <TestEntry testId="cdf55ccf-9363-1335-a916-7ffe8ada8675" executionId="0d13a0ef-9629-4037-a2df-37977f909143" testListId="8c84fa94-04c1-424b-9868-57a2d4851a1d" />
    <TestEntry testId="37dfb702-000b-b79c-bfb4-f3293626a799" executionId="778a6f86-1ca2-4d62-b218-82142c3982a9" testListId="8c84fa94-04c1-424b-9868-57a2d4851a1d" />
    <TestEntry testId="cb1f6500-ecbe-a116-4190-78f304902ad9" executionId="988d8233-ec94-475d-9d5b-9eae247ba4f4" testListId="8c84fa94-04c1-424b-9868-57a2d4851a1d" />
    <TestEntry testId="80e1e452-82cf-b088-db40-d28f7d32c62d" executionId="eaa3a9f1-e074-4124-a06a-9fbf0020abc1" testListId="8c84fa94-04c1-424b-9868-57a2d4851a1d" />
    <TestEntry testId="d3281eee-0976-1fa7-ba3c-3f048bbeb9e7" executionId="aecd91ff-474c-4e28-b274-3fced3e44f66" testListId="8c84fa94-04c1-424b-9868-57a2d4851a1d" />
    <TestEntry testId="2a4b4823-fd60-1de2-7bef-a1adf9e470c2" executionId="e1a3eda1-a956-46a3-8532-179a7181513c" testListId="8c84fa94-04c1-424b-9868-57a2d4851a1d" />
    <TestEntry testId="de8654eb-af61-aa53-49f9-84c165fb21f5" executionId="9b75994b-e1bf-4651-9ada-c73c8fedc220" testListId="8c84fa94-04c1-424b-9868-57a2d4851a1d" />
    <TestEntry testId="9f080b69-ff73-e1e5-ebe4-dd30c3c983a4" executionId="5a45c54d-3105-44f7-b4b6-1aed3c96760d" testListId="8c84fa94-04c1-424b-9868-57a2d4851a1d" />
    <TestEntry testId="9bd36f2b-bb15-3fec-5cc0-8da29f15f2eb" executionId="88591f0e-15a1-4877-b022-6d12997fa090" testListId="8c84fa94-04c1-424b-9868-57a2d4851a1d" />
    <TestEntry testId="cb1d8729-ed7e-3666-4cf6-433514c9d9a6" executionId="3e22cbd9-9fda-438c-8868-9177f9ab24e3" testListId="8c84fa94-04c1-424b-9868-57a2d4851a1d" />
    <TestEntry testId="7a16e0cb-4e01-7898-4d17-e4adaaac865e" executionId="0f9f5fe1-4801-4ac6-b52d-4d46def88ab2" testListId="8c84fa94-04c1-424b-9868-57a2d4851a1d" />
    <TestEntry testId="8b087bdb-e613-2682-1659-90f070e3535d" executionId="112d2415-5be6-4fba-9cad-f759892ceaed" testListId="8c84fa94-04c1-424b-9868-57a2d4851a1d" />
    <TestEntry testId="1742c7aa-b082-d69c-8853-7ede68919ffd" executionId="4a7ba7fa-1707-42b0-97db-862679870c35" testListId="8c84fa94-04c1-424b-9868-57a2d4851a1d" />
    <TestEntry testId="7bc82cbe-20de-caab-82e3-ab7c085d6916" executionId="a1bfe596-1386-491b-985f-2c27dc946fb6" testListId="8c84fa94-04c1-424b-9868-57a2d4851a1d" />
    <TestEntry testId="cc27b110-75f5-fa85-b001-d22c68a54aec" executionId="634d2c38-676d-4df7-8156-de011950b5aa" testListId="8c84fa94-04c1-424b-9868-57a2d4851a1d" />
    <TestEntry testId="6e64b1c1-2e75-35e1-101c-1ff9cd084eb0" executionId="fc5391e3-9362-49d6-8e10-56f15bcb9a7e" testListId="8c84fa94-04c1-424b-9868-57a2d4851a1d" />
    <TestEntry testId="20cd3c5b-85a9-064a-ae50-0db9b4c55966" executionId="73368c1d-cc38-4ac3-8172-736fb99e2499" testListId="8c84fa94-04c1-424b-9868-57a2d4851a1d" />
    <TestEntry testId="9dd385ef-b7c1-a45d-9dea-e00dc401f11c" executionId="358cdc56-2ac8-407d-8535-d23dbab8209c" testListId="8c84fa94-04c1-424b-9868-57a2d4851a1d" />
    <TestEntry testId="cfadad16-7fef-9797-8a05-f69be03fa506" executionId="cf8f9c03-ee43-4f0a-8836-372dab834745" testListId="8c84fa94-04c1-424b-9868-57a2d4851a1d" />
    <TestEntry testId="0ed09f5c-e815-112c-6aff-fe0dbd9b6f36" executionId="50324d42-8874-40d9-a0d1-fb940f6a5f19" testListId="8c84fa94-04c1-424b-9868-57a2d4851a1d" />
    <TestEntry testId="cdb294e5-a11e-c1b8-28c0-e318e116348c" executionId="c2002161-1066-4e1b-b450-0db0edbe81c7" testListId="8c84fa94-04c1-424b-9868-57a2d4851a1d" />
    <TestEntry testId="5ab2a160-0b3e-3ddc-61b5-6572c40a7f10" executionId="25b88427-a4c7-40bb-90dd-da3c88cc92fc" testListId="8c84fa94-04c1-424b-9868-57a2d4851a1d" />
    <TestEntry testId="e00876fb-cb05-16ea-34dd-7b76a35afbc9" executionId="625a4810-6045-4407-a098-0610316e6740" testListId="8c84fa94-04c1-424b-9868-57a2d4851a1d" />
    <TestEntry testId="9f0f6d30-f426-c7af-d9b6-15317c05ddf1" executionId="ab6f4dca-acc4-41a2-8d26-402fbc7fc7c7" testListId="8c84fa94-04c1-424b-9868-57a2d4851a1d" />
    <TestEntry testId="8647f015-786e-4211-7702-95ed8f5c87dc" executionId="529d9084-0829-4d97-a8a6-1343c598b4e8" testListId="8c84fa94-04c1-424b-9868-57a2d4851a1d" />
    <TestEntry testId="4ffbb65d-5283-caab-4ee9-d197524190bc" executionId="29e848ce-5089-4789-8d96-9a7d270fb03f" testListId="8c84fa94-04c1-424b-9868-57a2d4851a1d" />
    <TestEntry testId="dacad55c-89db-4a83-ada9-6fb14502b91c" executionId="7ab32a46-3ee5-4c5a-8a47-27042709947f" testListId="8c84fa94-04c1-424b-9868-57a2d4851a1d" />
    <TestEntry testId="4e201780-8be5-36cf-a6cd-fc75ae04350d" executionId="86f6f269-ee3b-4809-8721-a28fa2e3498f" testListId="8c84fa94-04c1-424b-9868-57a2d4851a1d" />
    <TestEntry testId="417d2775-4be3-356c-d0c6-5cff4570afc9" executionId="85f7198e-226b-4a03-9da3-9f4d72d166c5" testListId="8c84fa94-04c1-424b-9868-57a2d4851a1d" />
    <TestEntry testId="ed5d2d51-b6a2-01b7-2ce0-6c8ba87417c3" executionId="788152dc-6b2c-41b7-a59c-9139c723d040" testListId="8c84fa94-04c1-424b-9868-57a2d4851a1d" />
    <TestEntry testId="ef4e21c0-7da5-c60c-260f-ced0773f5f69" executionId="1ee2af2e-54d1-4924-8918-6b6613d36716" testListId="8c84fa94-04c1-424b-9868-57a2d4851a1d" />
    <TestEntry testId="64807985-c509-c615-5e46-3ee5e8e0197e" executionId="aecd0314-d18f-4fd2-b2b3-9b3d1ea8cff1" testListId="8c84fa94-04c1-424b-9868-57a2d4851a1d" />
    <TestEntry testId="a39ae70d-c88f-1b05-e852-22bd9620ca7b" executionId="1152edb7-7e84-403f-90af-87ac64f45a3b" testListId="8c84fa94-04c1-424b-9868-57a2d4851a1d" />
    <TestEntry testId="a28e9689-4e5e-848d-448b-9fc289af2ecb" executionId="daba05f6-1076-4264-a436-dc052dba2711" testListId="8c84fa94-04c1-424b-9868-57a2d4851a1d" />
    <TestEntry testId="8911612a-a11f-ae1d-ffaf-716d141c41ca" executionId="4f3898ea-bc06-47c6-a29d-b281e4bf04e3" testListId="8c84fa94-04c1-424b-9868-57a2d4851a1d" />
    <TestEntry testId="c1c2bc59-f0a7-06da-8b9c-e5d38bba111a" executionId="cd5af4e4-08f0-4866-b3ac-5e93ca03e22e" testListId="8c84fa94-04c1-424b-9868-57a2d4851a1d" />
    <TestEntry testId="8f3be891-cc07-82e3-b944-406561072d26" executionId="dee59ad0-1e68-4148-9b73-9a234579ccd2" testListId="8c84fa94-04c1-424b-9868-57a2d4851a1d" />
    <TestEntry testId="76910e07-84c2-5cad-3bab-54e8df118d90" executionId="45c5f4e4-ba27-42ad-b6b5-d389f14bf8f7" testListId="8c84fa94-04c1-424b-9868-57a2d4851a1d" />
    <TestEntry testId="62ccd416-325f-fc18-4621-c0f70b480ec4" executionId="9bbbf7c3-4d7a-4117-b70c-37203440c8ee" testListId="8c84fa94-04c1-424b-9868-57a2d4851a1d" />
    <TestEntry testId="55849d48-8f3f-820c-27fa-98e4f30a7358" executionId="dc68a175-c08d-4566-92f5-359d495f9a44" testListId="8c84fa94-04c1-424b-9868-57a2d4851a1d" />
    <TestEntry testId="1991c578-2343-4df2-6af1-b0db3a798f44" executionId="69d2cc03-7f00-43f7-8603-2c2f22298728" testListId="8c84fa94-04c1-424b-9868-57a2d4851a1d" />
    <TestEntry testId="b00af7f0-604c-fe77-ba1c-c7a5845e3353" executionId="973629a3-7a3f-40f5-8970-a25c672d317d" testListId="8c84fa94-04c1-424b-9868-57a2d4851a1d" />
    <TestEntry testId="ceb42b69-4329-8c68-9d19-b6fb1b9c3ef1" executionId="f08480cf-dcd6-46e0-abfe-59004f100fe8" testListId="8c84fa94-04c1-424b-9868-57a2d4851a1d" />
    <TestEntry testId="d44210af-46ab-fec2-8d60-032381467d22" executionId="7ae3c035-39e2-4913-92c5-b91b32890227" testListId="8c84fa94-04c1-424b-9868-57a2d4851a1d" />
    <TestEntry testId="0ad4b394-46f3-87fb-eed4-e2c73091dff3" executionId="241b74d2-c507-4daa-9dc9-6d187add203e" testListId="8c84fa94-04c1-424b-9868-57a2d4851a1d" />
    <TestEntry testId="549593cd-e3e2-290a-18b6-e153b1543b39" executionId="d7036199-1062-4f89-bc7a-6e691bae17c3" testListId="8c84fa94-04c1-424b-9868-57a2d4851a1d" />
    <TestEntry testId="b18c5783-3346-0ed2-7230-790ae4df554b" executionId="0e47c33a-b4a2-47ca-a4b0-d7bfe3f5b92d" testListId="8c84fa94-04c1-424b-9868-57a2d4851a1d" />
    <TestEntry testId="7e1fdf53-1cce-0f14-6eba-6df4732e28ac" executionId="1a0ea268-6aa2-4676-9341-62a92f699c2e" testListId="8c84fa94-04c1-424b-9868-57a2d4851a1d" />
    <TestEntry testId="9b54bf22-f513-708f-8279-2654a94cc1cf" executionId="c66eb477-b80d-4a25-ba99-c4d2b3e3363d" testListId="8c84fa94-04c1-424b-9868-57a2d4851a1d" />
    <TestEntry testId="b475e3ab-bcbc-5954-7660-9f7524c4b9d5" executionId="09015724-070b-4f37-abc5-cd8202bc7d88" testListId="8c84fa94-04c1-424b-9868-57a2d4851a1d" />
    <TestEntry testId="a3df582b-9242-8550-dbc2-e8cf5432b6b2" executionId="c02aca8b-e0bf-4ab6-901f-6f918a01ff7e" testListId="8c84fa94-04c1-424b-9868-57a2d4851a1d" />
    <TestEntry testId="f982a6b2-b7fa-97b9-3ee1-04eced2a82e8" executionId="90308c29-0dd1-4b8b-9d8e-dfaa40d21db7" testListId="8c84fa94-04c1-424b-9868-57a2d4851a1d" />
    <TestEntry testId="9deaeb24-21b9-9f12-691a-fda61c229e90" executionId="d1724266-13c2-4ac9-a6cf-b3214d50fb1b" testListId="8c84fa94-04c1-424b-9868-57a2d4851a1d" />
    <TestEntry testId="c6be3c70-f05e-da41-cdde-2e744b71ec65" executionId="b3b710b7-abb8-4a55-8209-96cf5f9c066f" testListId="8c84fa94-04c1-424b-9868-57a2d4851a1d" />
    <TestEntry testId="87830711-b32c-2c47-4ef6-67875858e949" executionId="97e8f18f-bbe4-41cd-b46b-f7f3be5ce1e2" testListId="8c84fa94-04c1-424b-9868-57a2d4851a1d" />
    <TestEntry testId="d3a153fd-0e88-372e-ad4d-024de9ccde9a" executionId="e1d6cad7-66f6-4ecd-8254-942fefb45541" testListId="8c84fa94-04c1-424b-9868-57a2d4851a1d" />
    <TestEntry testId="db35590a-caad-391c-4e81-fbc7dc664cab" executionId="6def4109-3830-45f8-8241-5c2d7450ad78" testListId="8c84fa94-04c1-424b-9868-57a2d4851a1d" />
    <TestEntry testId="6b9d0101-5179-e1bc-9826-482bb244b50e" executionId="fadaa8d1-0bfb-4c48-8eb5-6fc73f123d57" testListId="8c84fa94-04c1-424b-9868-57a2d4851a1d" />
    <TestEntry testId="a2a3a958-6508-e929-6708-500cc4e3cc3a" executionId="faf2e3cb-affd-4c33-ab7c-8903515ef17c" testListId="8c84fa94-04c1-424b-9868-57a2d4851a1d" />
    <TestEntry testId="17fe6ff4-b5d4-9e8c-2ff8-d274a9cc9666" executionId="28f8d421-2a81-4ac9-86db-0a639c39d0af" testListId="8c84fa94-04c1-424b-9868-57a2d4851a1d" />
    <TestEntry testId="95e53d06-c2c3-70e9-48e1-6d7859b93b61" executionId="4488f4cd-ad2b-47f2-800e-e00e60628c84" testListId="8c84fa94-04c1-424b-9868-57a2d4851a1d" />
    <TestEntry testId="0fd90a39-90c9-a28c-8d05-c52712094258" executionId="01e556c8-d883-4c74-b260-25181ea00d7c" testListId="8c84fa94-04c1-424b-9868-57a2d4851a1d" />
    <TestEntry testId="80d36421-2cec-943f-7f34-60be14e9a632" executionId="b7e12b1c-9902-41f0-9da4-29b678ed6dde" testListId="8c84fa94-04c1-424b-9868-57a2d4851a1d" />
    <TestEntry testId="936773db-b795-e78b-bd48-047185555c32" executionId="e6526203-69f1-4d79-afcb-391cacaad06b" testListId="8c84fa94-04c1-424b-9868-57a2d4851a1d" />
    <TestEntry testId="c2f67433-8910-98a5-d9a8-3181ecfa6a6e" executionId="ca76bece-bb58-4bd4-9a50-071ea1710d27" testListId="8c84fa94-04c1-424b-9868-57a2d4851a1d" />
    <TestEntry testId="5c9e3b97-385d-08ab-8be4-492336c43670" executionId="cd338c81-c568-4011-bc9d-7d67bd41f4cb" testListId="8c84fa94-04c1-424b-9868-57a2d4851a1d" />
    <TestEntry testId="e0bc5994-1c1d-ed47-7ea9-5075ce14af91" executionId="7a9b76bd-cd47-4022-bebd-046f6904f28f" testListId="8c84fa94-04c1-424b-9868-57a2d4851a1d" />
    <TestEntry testId="50eff704-edc5-bb65-d2be-7ddc270e7a86" executionId="6ef76b66-efbf-4103-ab75-64b51776cd22" testListId="8c84fa94-04c1-424b-9868-57a2d4851a1d" />
    <TestEntry testId="50fd2e3e-e95c-2e26-b861-12f593cf9a0f" executionId="61f17f72-083c-483e-911a-e5946b2bcb3e" testListId="8c84fa94-04c1-424b-9868-57a2d4851a1d" />
    <TestEntry testId="51b24619-a3ed-9418-8456-52beb88978c3" executionId="eb59c3eb-9f12-41d3-87f9-50672f4777fc" testListId="8c84fa94-04c1-424b-9868-57a2d4851a1d" />
    <TestEntry testId="8558e7ab-4f92-48f5-6cd7-72956b247ea9" executionId="066dde5c-30d3-4e64-9b73-087170f0a80c" testListId="8c84fa94-04c1-424b-9868-57a2d4851a1d" />
    <TestEntry testId="2be8ff91-530a-56da-c98c-d25f9ef28970" executionId="8f945246-59ea-472a-a5ec-05766fbea1bd" testListId="8c84fa94-04c1-424b-9868-57a2d4851a1d" />
    <TestEntry testId="db2886ea-13dd-b03a-a528-49fda3ee9983" executionId="e2366849-a2f5-43fa-a597-de24be10a8f2" testListId="8c84fa94-04c1-424b-9868-57a2d4851a1d" />
    <TestEntry testId="c277206d-3ad5-99fa-fd35-5b55265763de" executionId="26bf42ea-21cb-49ac-9ac3-2e129c5167de" testListId="8c84fa94-04c1-424b-9868-57a2d4851a1d" />
    <TestEntry testId="b6d0f186-52a1-85f5-8e22-24d46ac1ac11" executionId="c7163e52-5ef5-46e5-9232-836ea26f77f8" testListId="8c84fa94-04c1-424b-9868-57a2d4851a1d" />
    <TestEntry testId="9ccd04df-3e0c-6d9f-958b-55fa47ad0ff1" executionId="fb1cdd61-9bf2-4366-9ed3-fff62f0e6699" testListId="8c84fa94-04c1-424b-9868-57a2d4851a1d" />
    <TestEntry testId="1827dddb-e32e-3062-ab3d-687741a79313" executionId="53da7f3b-ad7e-4cfa-a466-e71c38c54076" testListId="8c84fa94-04c1-424b-9868-57a2d4851a1d" />
    <TestEntry testId="e91df096-2318-b52c-fe1f-08261834359a" executionId="6576b310-1fd8-42de-9c20-fc08aa80a515" testListId="8c84fa94-04c1-424b-9868-57a2d4851a1d" />
    <TestEntry testId="0752bb7c-c3d4-544b-c01c-361928ebd10e" executionId="2500eb1b-3d4a-4e9c-9768-77c9bcafc437" testListId="8c84fa94-04c1-424b-9868-57a2d4851a1d" />
    <TestEntry testId="cbf3c026-1275-2ce4-480a-ebd0ee5d1112" executionId="39aac1f3-7161-497b-9ca1-9ff9906686fb" testListId="8c84fa94-04c1-424b-9868-57a2d4851a1d" />
    <TestEntry testId="8a1568a6-ad98-67e4-8764-7fa07b40b0f4" executionId="029b4ebb-ffcb-46f7-966e-5204c3830041" testListId="8c84fa94-04c1-424b-9868-57a2d4851a1d" />
    <TestEntry testId="bcf60051-ecc6-b8b5-1879-3df57ae16566" executionId="fe9b10d6-43a2-4b0b-b90a-2b9ded685015" testListId="8c84fa94-04c1-424b-9868-57a2d4851a1d" />
    <TestEntry testId="e63df314-54b1-32a3-73ac-881577d2c079" executionId="e8693121-47e3-490f-bc27-9b9dbacb5e75" testListId="8c84fa94-04c1-424b-9868-57a2d4851a1d" />
    <TestEntry testId="6c45a0dd-5772-753d-7493-6b1e41606871" executionId="358fd30f-6c5f-486d-8d84-ff2c8e5ce5cd" testListId="8c84fa94-04c1-424b-9868-57a2d4851a1d" />
    <TestEntry testId="4007ec22-794b-cf4d-bda6-76bc701e6452" executionId="00a4c284-8b38-45d5-91a4-697273de9c77" testListId="8c84fa94-04c1-424b-9868-57a2d4851a1d" />
    <TestEntry testId="1522f9c5-5447-f8a7-7916-026ac691e6f0" executionId="b44f80fb-a17a-45ed-b130-75a3459393cb" testListId="8c84fa94-04c1-424b-9868-57a2d4851a1d" />
    <TestEntry testId="84fbc41b-f8b3-97c4-0d80-49164e74cf8a" executionId="a54ff548-c35a-49e7-bf46-abadffcb1402" testListId="8c84fa94-04c1-424b-9868-57a2d4851a1d" />
    <TestEntry testId="b6fde623-a6bd-ca8b-1185-e73065d6312e" executionId="e23cbb62-eaa8-4e21-8e73-cb72e624a10a" testListId="8c84fa94-04c1-424b-9868-57a2d4851a1d" />
    <TestEntry testId="f8050766-a819-6e5a-f094-40b949fa7692" executionId="239b4479-6a49-4f54-b785-dd0da24a1f9a" testListId="8c84fa94-04c1-424b-9868-57a2d4851a1d" />
    <TestEntry testId="8696aa0c-12a3-d654-df89-f1e1b8ee687b" executionId="4da03164-5d50-4ea0-966b-2af6b52188c4" testListId="8c84fa94-04c1-424b-9868-57a2d4851a1d" />
    <TestEntry testId="7e7d56df-e811-fb96-c231-b34d18240573" executionId="f3a7cff0-d1dc-434e-9d16-948d740afc64" testListId="8c84fa94-04c1-424b-9868-57a2d4851a1d" />
    <TestEntry testId="0d83c1ac-5a73-d746-bd8b-9b4e86108c9b" executionId="b21f749c-dfca-4b1c-bef1-620f33d75fb8" testListId="8c84fa94-04c1-424b-9868-57a2d4851a1d" />
    <TestEntry testId="d2b449cb-82fb-dec3-6452-d5d13d9ac572" executionId="d6f122b4-1d50-4bb5-b735-bae8c6845c8e" testListId="8c84fa94-04c1-424b-9868-57a2d4851a1d" />
    <TestEntry testId="f82ee61b-ae97-d19b-9f9c-9b68d981c021" executionId="2547c6b7-1e82-446c-85df-e31fc4bca6e1" testListId="8c84fa94-04c1-424b-9868-57a2d4851a1d" />
    <TestEntry testId="5803be46-e356-847f-cccc-58e283b812ae" executionId="bf9e148f-3461-4d38-976e-f27351ab1e5a" testListId="8c84fa94-04c1-424b-9868-57a2d4851a1d" />
    <TestEntry testId="e310b5f1-c455-40bf-82e5-d008ba1db855" executionId="cf8ee00b-0e23-40c9-b201-1498b05f55e5" testListId="8c84fa94-04c1-424b-9868-57a2d4851a1d" />
    <TestEntry testId="37f14c37-5c5d-2aca-7f78-44d1e6498fe0" executionId="47b17ee3-7d76-48a4-a729-15849ca49652" testListId="8c84fa94-04c1-424b-9868-57a2d4851a1d" />
    <TestEntry testId="c4ff8731-9813-5df7-e5dd-207c7cca1b16" executionId="3fe14d4d-fb33-4454-a412-4d2d8af35e5e" testListId="8c84fa94-04c1-424b-9868-57a2d4851a1d" />
    <TestEntry testId="58baf932-aaa1-22e9-3f8a-ec584346b657" executionId="db9659a3-c9be-4ef4-83b2-ffde02ae0281" testListId="8c84fa94-04c1-424b-9868-57a2d4851a1d" />
    <TestEntry testId="84d3c143-14c2-3de5-71ff-f8eed6db60b1" executionId="c9a27da3-1ac2-465b-a4b4-3776ad71a56c" testListId="8c84fa94-04c1-424b-9868-57a2d4851a1d" />
    <TestEntry testId="311fde88-c34a-c749-87ef-d691bdbb01e5" executionId="b08dcf8e-d61b-4dd8-9703-d5357696e028" testListId="8c84fa94-04c1-424b-9868-57a2d4851a1d" />
    <TestEntry testId="13a4d90a-2e75-f52a-90e5-614716c51196" executionId="dcf12507-39d3-4c7d-8d16-b5568dc2129c" testListId="8c84fa94-04c1-424b-9868-57a2d4851a1d" />
    <TestEntry testId="935f9d23-02e5-8e42-a5d2-10f08e3ce4fe" executionId="6235849f-5bd9-442a-bbe2-43d8455c0e18" testListId="8c84fa94-04c1-424b-9868-57a2d4851a1d" />
    <TestEntry testId="d35bc711-77c3-11d0-bc06-2b27557cb244" executionId="08f0e841-34d3-4261-817d-bbada2aa8011" testListId="8c84fa94-04c1-424b-9868-57a2d4851a1d" />
    <TestEntry testId="2f70380e-1d07-1023-936c-dd584dd81a70" executionId="2ee87505-4d15-4bc7-8811-1df90b1f75bd" testListId="8c84fa94-04c1-424b-9868-57a2d4851a1d" />
    <TestEntry testId="37999a11-7cfa-34e4-a6d5-5a66aba3e122" executionId="c1043227-0a33-4a53-8c51-10af0b7a0cca" testListId="8c84fa94-04c1-424b-9868-57a2d4851a1d" />
    <TestEntry testId="5b878309-5fba-ade9-5fb0-a0b0fe46423a" executionId="53f36229-8ca8-4252-b7f6-7edfdcaddab6" testListId="8c84fa94-04c1-424b-9868-57a2d4851a1d" />
    <TestEntry testId="d1eb0766-e5d9-4c32-2713-e353a5504dcf" executionId="6e62d05e-df50-4b8a-91e0-5343a83b9b50" testListId="8c84fa94-04c1-424b-9868-57a2d4851a1d" />
    <TestEntry testId="0cc7d5be-9117-6a7b-5cf3-0699f110c80e" executionId="76c15ca9-0fdf-426e-80d0-ac0d94bdc166" testListId="8c84fa94-04c1-424b-9868-57a2d4851a1d" />
    <TestEntry testId="8376a42a-500a-809e-e536-1b6e6744ec3b" executionId="1951fadb-5498-4350-ad00-034c6a5fba1d" testListId="8c84fa94-04c1-424b-9868-57a2d4851a1d" />
    <TestEntry testId="13db29e1-271e-aab2-3bce-87640b8c6e48" executionId="f0641f10-73e0-4569-857e-ca5c9c8e1b37" testListId="8c84fa94-04c1-424b-9868-57a2d4851a1d" />
    <TestEntry testId="7d900372-2011-73f8-033d-c6e57807e942" executionId="b2b0d7ba-6ddd-421a-870d-8339764cb696" testListId="8c84fa94-04c1-424b-9868-57a2d4851a1d" />
    <TestEntry testId="c30ded44-b30e-59c8-d179-eddc682c6ef5" executionId="a5463a39-75de-4cb3-9ac7-d0e718b69b7f" testListId="8c84fa94-04c1-424b-9868-57a2d4851a1d" />
    <TestEntry testId="6a126318-594d-0412-acf1-03ec27689761" executionId="e1afcc9f-920c-4358-a129-36e187c391b1" testListId="8c84fa94-04c1-424b-9868-57a2d4851a1d" />
    <TestEntry testId="0af4332b-024f-1289-6f42-007e21f2be10" executionId="4100e6a3-3c51-405e-9c0a-c00b2a413ce0" testListId="8c84fa94-04c1-424b-9868-57a2d4851a1d" />
    <TestEntry testId="38c61dcc-3a50-a0a7-0dea-c65fb41e4802" executionId="7166ccc7-6d23-49a0-8cd0-327b55265515" testListId="8c84fa94-04c1-424b-9868-57a2d4851a1d" />
    <TestEntry testId="59a4f4a0-e2da-d6b5-1323-31e33b78b21f" executionId="19a4acd3-eeee-4200-b3c0-50195a8ab375" testListId="8c84fa94-04c1-424b-9868-57a2d4851a1d" />
    <TestEntry testId="c0728f95-ecc1-be8f-b46d-a960462fa608" executionId="9d257cb7-6f9c-49c3-92f9-77aa164706f6" testListId="8c84fa94-04c1-424b-9868-57a2d4851a1d" />
    <TestEntry testId="daba4ba3-c0c2-8c2c-c76e-9c5fdbf89a9e" executionId="3f3cd488-2839-49e9-a5f5-a28e8b93982f" testListId="8c84fa94-04c1-424b-9868-57a2d4851a1d" />
    <TestEntry testId="03169915-5e36-4862-8f40-5f0139419946" executionId="b6ad4e68-3358-4547-9b34-fb65e6b2e15e" testListId="8c84fa94-04c1-424b-9868-57a2d4851a1d" />
    <TestEntry testId="58415a14-73c9-7515-7cc6-10b983611842" executionId="8962a993-d1da-4aab-bf2e-b0b4893c73ba" testListId="8c84fa94-04c1-424b-9868-57a2d4851a1d" />
    <TestEntry testId="6e668805-e583-b333-030a-20aba32624a1" executionId="3c4fb07f-8bed-4c54-9f95-135e1fd6602d" testListId="8c84fa94-04c1-424b-9868-57a2d4851a1d" />
    <TestEntry testId="3682e780-aa17-fe02-e0c3-3a38eee876d9" executionId="e995f0cc-df57-487e-a388-eb94c3977c94" testListId="8c84fa94-04c1-424b-9868-57a2d4851a1d" />
    <TestEntry testId="76aaeca3-fba5-a4e3-743c-70ebeb58a048" executionId="2dfda43c-8664-4463-b0b0-a3f5f4d45e33" testListId="8c84fa94-04c1-424b-9868-57a2d4851a1d" />
    <TestEntry testId="48d0aa96-83b2-ad6d-f963-8245525eabe9" executionId="046586b6-f160-40f7-ab63-0f619682058c" testListId="8c84fa94-04c1-424b-9868-57a2d4851a1d" />
    <TestEntry testId="19146f14-6143-cfb7-4c8f-467081c697c0" executionId="495a6ae6-fd44-40a5-83a5-3ea1b188da60" testListId="8c84fa94-04c1-424b-9868-57a2d4851a1d" />
    <TestEntry testId="7b7ac52a-fd20-eae1-4eee-941b2f9ad41c" executionId="cb70525e-2860-4bcb-82ef-0b7c4e574c92" testListId="8c84fa94-04c1-424b-9868-57a2d4851a1d" />
    <TestEntry testId="c0f25cd3-6ed3-eae8-438d-18b69791b31c" executionId="f32c0101-7d05-438a-9871-554194356cb7" testListId="8c84fa94-04c1-424b-9868-57a2d4851a1d" />
    <TestEntry testId="18ccdda0-c082-96fc-d95c-7842b85332a3" executionId="a60d878d-8b9a-432b-a959-34c8bab832dc" testListId="8c84fa94-04c1-424b-9868-57a2d4851a1d" />
    <TestEntry testId="8208e4be-3fed-2de3-3add-7c787e622e9d" executionId="ca6c471f-2d98-46ef-a406-2d7eda0de0fa" testListId="8c84fa94-04c1-424b-9868-57a2d4851a1d" />
    <TestEntry testId="edaf9c06-ff2c-62ed-be08-4c1afe57f05b" executionId="3c9ebf93-8817-4d65-8875-0634fd662802" testListId="8c84fa94-04c1-424b-9868-57a2d4851a1d" />
    <TestEntry testId="07e2d80c-1c7c-425d-45d2-9a4739a86a66" executionId="00ed3eee-c6b2-4fb6-b4d9-f419282dfcc3" testListId="8c84fa94-04c1-424b-9868-57a2d4851a1d" />
    <TestEntry testId="5c82a30b-ee73-73a7-ae23-b19a1b7c7820" executionId="5e4debfd-af4b-4e3a-bcb0-1b94db2325c1" testListId="8c84fa94-04c1-424b-9868-57a2d4851a1d" />
    <TestEntry testId="c3caedc7-efe3-78cd-a186-06b5b57b0f65" executionId="87ba0cf1-e464-4e1b-98eb-e7b2afac1f91" testListId="8c84fa94-04c1-424b-9868-57a2d4851a1d" />
    <TestEntry testId="c91a6029-2d3a-0f60-dab5-db888083c7c3" executionId="3505d3f9-af04-4288-b425-7a4ce75a7a70" testListId="8c84fa94-04c1-424b-9868-57a2d4851a1d" />
    <TestEntry testId="b89a6798-9691-5fa5-5f0c-53d6c5a0e9aa" executionId="2934bd3e-aeb7-4cc0-8c8d-ce499194cb4a" testListId="8c84fa94-04c1-424b-9868-57a2d4851a1d" />
    <TestEntry testId="79975695-e433-2a9b-026b-7999a642c311" executionId="333b9a30-7c87-45a3-a932-31932b961ceb" testListId="8c84fa94-04c1-424b-9868-57a2d4851a1d" />
    <TestEntry testId="a6aa36e2-697d-2507-2a34-be6ba6cdbea9" executionId="f48b8186-b8f4-4d9a-951f-8dcaa96699a0" testListId="8c84fa94-04c1-424b-9868-57a2d4851a1d" />
    <TestEntry testId="18369d63-550f-80cc-1769-12a3b1196b7b" executionId="7a2a1cf4-4c6d-4c49-b544-6a454ec37349" testListId="8c84fa94-04c1-424b-9868-57a2d4851a1d" />
    <TestEntry testId="14ff6e15-92ef-6cb2-b0ea-d4519c199b41" executionId="548e5a85-3f1b-4617-967c-1656af0f297f" testListId="8c84fa94-04c1-424b-9868-57a2d4851a1d" />
    <TestEntry testId="78ae1d5d-740b-66e6-7a5c-ade2279f3a28" executionId="7f874171-1acb-4b15-bda9-08302f6f640c" testListId="8c84fa94-04c1-424b-9868-57a2d4851a1d" />
    <TestEntry testId="138f94fd-09a3-ac1a-466f-d3cf0cc3562a" executionId="c9e3cb9e-6c4a-478f-9594-7a8dc281bca7" testListId="8c84fa94-04c1-424b-9868-57a2d4851a1d" />
    <TestEntry testId="2a44ed0f-e637-248d-7f45-7c53931a1bbe" executionId="dbf52686-cf92-45d0-a58f-c01e260f0981" testListId="8c84fa94-04c1-424b-9868-57a2d4851a1d" />
    <TestEntry testId="4fc92a95-da20-ab9b-15d1-74f6c3c27fe0" executionId="1ff756c5-9641-4eda-bc57-b7141d384317" testListId="8c84fa94-04c1-424b-9868-57a2d4851a1d" />
    <TestEntry testId="d2b63634-b2a8-712b-6997-a00fbcbd57df" executionId="30f0da29-b388-454c-b891-4469485e7fa1" testListId="8c84fa94-04c1-424b-9868-57a2d4851a1d" />
    <TestEntry testId="75d313b7-2668-4983-0b95-cd2be76f4cd0" executionId="c20d3bb9-03d5-4798-8a18-1bd8cd2c75ab" testListId="8c84fa94-04c1-424b-9868-57a2d4851a1d" />
    <TestEntry testId="fbf1e532-d446-55e3-818a-b4fc676cabf8" executionId="6ae684ec-3779-4d0e-8cd3-393bbee5a312" testListId="8c84fa94-04c1-424b-9868-57a2d4851a1d" />
    <TestEntry testId="9a8b0630-7fe0-b955-d569-785b1cb3be21" executionId="3b20333a-a70d-429a-9ad2-544ba8d857c6" testListId="8c84fa94-04c1-424b-9868-57a2d4851a1d" />
    <TestEntry testId="0352ab5e-ef5f-b291-c33f-bb3ed2d6f909" executionId="fa0d25de-a1f9-4915-9e60-59c934b80b16" testListId="8c84fa94-04c1-424b-9868-57a2d4851a1d" />
    <TestEntry testId="77b1b206-b293-8add-d0dd-e8f3149cd45e" executionId="01cb8d61-3c48-4c63-b77a-0bd7d42d3d1f" testListId="8c84fa94-04c1-424b-9868-57a2d4851a1d" />
    <TestEntry testId="bc299358-874f-d04a-92ad-e691bf3c092e" executionId="ac72fd13-43ee-41f6-93d1-879c22685f93" testListId="8c84fa94-04c1-424b-9868-57a2d4851a1d" />
    <TestEntry testId="669fc029-8875-e129-8d0c-bd7a31bdd15f" executionId="22d794a4-0c9e-477d-9dcc-6eb85ff20b4c" testListId="8c84fa94-04c1-424b-9868-57a2d4851a1d" />
    <TestEntry testId="d516c9f8-a086-c688-a8dc-fd4cd17c2bf6" executionId="83470b52-209d-4166-a467-975dd25433a9" testListId="8c84fa94-04c1-424b-9868-57a2d4851a1d" />
    <TestEntry testId="69439449-9ebe-29e2-c62e-065951471c5d" executionId="d232df05-3b5e-40f9-9023-c47d9eb88357" testListId="8c84fa94-04c1-424b-9868-57a2d4851a1d" />
    <TestEntry testId="13b2a1dd-d764-6ad5-a674-3e86cc761e8a" executionId="392f67ac-29c6-4b6f-b582-495c35bc62f7" testListId="8c84fa94-04c1-424b-9868-57a2d4851a1d" />
    <TestEntry testId="a1232aab-9143-95b0-ed05-58af3d018f0d" executionId="e427e746-a532-4336-be28-38502aef609f" testListId="8c84fa94-04c1-424b-9868-57a2d4851a1d" />
    <TestEntry testId="d8b647c6-ef54-f676-621e-8f04d1dc548d" executionId="3e1ee7a3-3779-4109-9559-688d5222e96c" testListId="8c84fa94-04c1-424b-9868-57a2d4851a1d" />
    <TestEntry testId="cadbf7d4-d58e-eeac-6faf-7c00f5bba9ec" executionId="c755dc28-d5cd-4800-aa84-10f1332d43f4" testListId="8c84fa94-04c1-424b-9868-57a2d4851a1d" />
    <TestEntry testId="40975595-da4a-f761-4446-28adcce54b50" executionId="9875dd9e-0f5f-4b9b-a526-b81632923689" testListId="8c84fa94-04c1-424b-9868-57a2d4851a1d" />
    <TestEntry testId="4adcb6de-d6b1-ce7d-930d-8dcc82e4f478" executionId="84c761b0-aac1-4c04-af03-c107b9d5936f" testListId="8c84fa94-04c1-424b-9868-57a2d4851a1d" />
    <TestEntry testId="e2e868a3-fc1a-6808-398b-537acaa38f26" executionId="c1e85975-c7a4-4756-a118-b16f12d4c33b" testListId="8c84fa94-04c1-424b-9868-57a2d4851a1d" />
    <TestEntry testId="489bb6c1-57c4-1ecc-b27a-2b7660cd9960" executionId="e6f3ce85-64ae-4366-91b9-56bd7837f1ff" testListId="8c84fa94-04c1-424b-9868-57a2d4851a1d" />
    <TestEntry testId="fc1071f1-9dc8-3652-9848-fa70b1167397" executionId="9fe89890-b034-4728-9b19-291c28da10ea" testListId="8c84fa94-04c1-424b-9868-57a2d4851a1d" />
    <TestEntry testId="a8fe3325-ab25-7197-00a6-eb64a10d8cb7" executionId="dc64b6c5-c95a-4b60-81d4-668b318490eb" testListId="8c84fa94-04c1-424b-9868-57a2d4851a1d" />
    <TestEntry testId="b77ab5c7-4e76-dc3e-b1c6-67decc6894df" executionId="553d6412-a854-4e3e-8956-6435cc38501b" testListId="8c84fa94-04c1-424b-9868-57a2d4851a1d" />
    <TestEntry testId="87d4d6f3-e417-2505-d5bd-2afd34871ea6" executionId="469bdb11-af0e-4cd8-bf0f-d946ab69f847" testListId="8c84fa94-04c1-424b-9868-57a2d4851a1d" />
    <TestEntry testId="a4f00ade-c810-bdc2-a419-06f9196522bd" executionId="dd02d7c9-035e-432e-ab0e-c45c0f0883bd" testListId="8c84fa94-04c1-424b-9868-57a2d4851a1d" />
    <TestEntry testId="63135864-bbed-7d2f-1686-fca6f6a9f030" executionId="fb0d6603-ba3a-432a-ab36-c0394b2f7978" testListId="8c84fa94-04c1-424b-9868-57a2d4851a1d" />
    <TestEntry testId="417be307-97e0-4052-1dcd-f4ea8d9db811" executionId="b264680e-143c-4ded-acb4-0df9b93dd47d" testListId="8c84fa94-04c1-424b-9868-57a2d4851a1d" />
    <TestEntry testId="4acad5f8-ff5f-402e-c75e-bdbe46a00538" executionId="299820e9-ba35-4ad5-bb83-d746258eeab2" testListId="8c84fa94-04c1-424b-9868-57a2d4851a1d" />
    <TestEntry testId="d5b52bb5-55cf-dc85-f26b-7b0562d6b30f" executionId="af94e849-e877-4fba-ba84-7de43fa7899e" testListId="8c84fa94-04c1-424b-9868-57a2d4851a1d" />
    <TestEntry testId="57c51b3e-0bbc-373f-47ab-9b946ca10dfa" executionId="579d7cc3-4f05-4007-a708-34f63ccfb4f2" testListId="8c84fa94-04c1-424b-9868-57a2d4851a1d" />
    <TestEntry testId="4dadd341-55c4-2c66-0797-5674a8d63b8b" executionId="b63f1102-f7d3-4d40-806d-4ff1f0c6e2c0" testListId="8c84fa94-04c1-424b-9868-57a2d4851a1d" />
    <TestEntry testId="d14ec128-bbfb-0096-f562-be494b986880" executionId="7d6f5f56-b32d-481c-941b-893a5809f1b8" testListId="8c84fa94-04c1-424b-9868-57a2d4851a1d" />
    <TestEntry testId="00c9ed3e-1b96-abed-4b9f-a4e09fd426a6" executionId="07e5c66f-35db-49b6-a8e6-ef45bda69187" testListId="8c84fa94-04c1-424b-9868-57a2d4851a1d" />
    <TestEntry testId="b734b426-c8b0-ef6c-467b-1212971e7759" executionId="78cbc006-f9bf-4c35-b1ae-d0dc94090018" testListId="8c84fa94-04c1-424b-9868-57a2d4851a1d" />
    <TestEntry testId="4a97d8d2-9fcf-7559-c175-69939d513efc" executionId="58f15ca3-7bc5-4be4-8ff5-b2844251bec1" testListId="8c84fa94-04c1-424b-9868-57a2d4851a1d" />
    <TestEntry testId="27a95cc0-3e4b-dbea-fc7f-0563168b8940" executionId="55fb08b3-14bb-401a-a9c8-8b9d91fc0bc8" testListId="8c84fa94-04c1-424b-9868-57a2d4851a1d" />
    <TestEntry testId="8afe4c58-19f6-dd1a-c67e-b2b4ee85f2ac" executionId="f24c386b-ba2d-4d1d-8ccc-85b658f8aac0" testListId="8c84fa94-04c1-424b-9868-57a2d4851a1d" />
    <TestEntry testId="6f067ff4-f915-05c2-a0a4-f5e23793ba9b" executionId="0e1105ff-8163-4d1a-817d-431bd95ca6dd" testListId="8c84fa94-04c1-424b-9868-57a2d4851a1d" />
    <TestEntry testId="7cf8856e-c7a5-694a-07b3-b67149d2c5fd" executionId="73dc5605-d4be-461e-b45b-9b152d7b68ca" testListId="8c84fa94-04c1-424b-9868-57a2d4851a1d" />
    <TestEntry testId="40053e00-4502-6843-1f1d-ac2a3e574fe1" executionId="878a1e83-a743-4edd-b970-3f5a9e88e4d9" testListId="8c84fa94-04c1-424b-9868-57a2d4851a1d" />
    <TestEntry testId="c0f6f50e-70bb-6ec7-7cb1-70b1c03dbf38" executionId="708f4e92-22fc-4da8-beff-ee094fb6585a" testListId="8c84fa94-04c1-424b-9868-57a2d4851a1d" />
    <TestEntry testId="046c17a3-2693-b379-a8a6-25e6537747cf" executionId="8cd4dcbd-45fb-4951-ac6f-914047f68e62" testListId="8c84fa94-04c1-424b-9868-57a2d4851a1d" />
    <TestEntry testId="6cf1d803-864d-f447-b323-57be8d42bea0" executionId="dc2ab56a-700b-4bd0-a5fe-596e1a86428b" testListId="8c84fa94-04c1-424b-9868-57a2d4851a1d" />
    <TestEntry testId="691d68a9-645d-890d-6c67-c584c444916d" executionId="c3afcb79-2ae6-4860-b71b-c9a261588b81" testListId="8c84fa94-04c1-424b-9868-57a2d4851a1d" />
    <TestEntry testId="ff22d43a-17fa-db51-d7fd-2f5ea3ee7dbb" executionId="24a35538-c77b-45dc-b0d6-7739e0fd202d" testListId="8c84fa94-04c1-424b-9868-57a2d4851a1d" />
    <TestEntry testId="c49afcd7-de27-7990-5754-d54f7b7c14ac" executionId="5665e349-5b56-4a1e-8375-ebe7dcf66057" testListId="8c84fa94-04c1-424b-9868-57a2d4851a1d" />
    <TestEntry testId="dd9fef57-cc98-7ad4-c53a-0bf4ce117b29" executionId="4b132595-c46f-4916-b0f8-76fd8c959935" testListId="8c84fa94-04c1-424b-9868-57a2d4851a1d" />
    <TestEntry testId="4ad3fc13-c11a-f5b6-2594-d08a3607b0ec" executionId="1d18fb01-cd6b-436e-8348-fe28b998c0d6" testListId="8c84fa94-04c1-424b-9868-57a2d4851a1d" />
    <TestEntry testId="40de1517-d6a6-7e31-1713-862fa25a82b9" executionId="63b3da9b-ed5b-4432-b214-cc972656dc1e" testListId="8c84fa94-04c1-424b-9868-57a2d4851a1d" />
    <TestEntry testId="6754b662-82b1-e1e8-5fb7-5034b721677b" executionId="26def3d4-9f44-4f2a-ae65-616884336179" testListId="8c84fa94-04c1-424b-9868-57a2d4851a1d" />
    <TestEntry testId="01eab79c-bc50-d06f-cdd9-f0cb405d3b66" executionId="1fbfd567-4d0a-4713-9f7e-6ebd8fe9e4a3" testListId="8c84fa94-04c1-424b-9868-57a2d4851a1d" />
    <TestEntry testId="1fc3baec-2132-0d3b-0fbb-cac33cb1b4b4" executionId="4dcf1da0-53b0-452f-9558-5b233069ea78" testListId="8c84fa94-04c1-424b-9868-57a2d4851a1d" />
    <TestEntry testId="0b4d5c4e-e489-765d-d3a8-0ce9513428a5" executionId="c2e47050-264e-4a24-a46e-2c44824b1b02" testListId="8c84fa94-04c1-424b-9868-57a2d4851a1d" />
    <TestEntry testId="cb7e0b0b-265a-1cd7-8d28-4bc375b72be8" executionId="d78ea6cc-f53e-43a7-a22c-586ccc3c8a05" testListId="8c84fa94-04c1-424b-9868-57a2d4851a1d" />
    <TestEntry testId="1038d0a8-74b6-4dd8-b766-1b08a5e0b707" executionId="9cfa40d4-eec2-4c23-a331-3f92b8d46d78" testListId="8c84fa94-04c1-424b-9868-57a2d4851a1d" />
    <TestEntry testId="dbcf26cf-e43a-3a61-c59e-b7d73dca07b5" executionId="cc40263e-0e78-453f-a474-4e9f686c3d4d" testListId="8c84fa94-04c1-424b-9868-57a2d4851a1d" />
    <TestEntry testId="7863e25b-2679-2198-6c24-80dcdc161cf9" executionId="23d257b1-9065-48d1-a9fa-8b0ac4c38bc5" testListId="8c84fa94-04c1-424b-9868-57a2d4851a1d" />
    <TestEntry testId="97333588-528f-b816-eec2-32c062436864" executionId="68fffb4e-73c7-4cb1-8560-fd7074831f2e" testListId="8c84fa94-04c1-424b-9868-57a2d4851a1d" />
    <TestEntry testId="65ba2efa-0759-8a99-b7e3-1a551182172b" executionId="8db200bc-092a-4628-9b29-5c4516cf6e7b" testListId="8c84fa94-04c1-424b-9868-57a2d4851a1d" />
    <TestEntry testId="97b87b4d-cfe7-7480-934f-f0762a4a3500" executionId="566dad3e-4a24-4e56-aa2c-33a1711494cd" testListId="8c84fa94-04c1-424b-9868-57a2d4851a1d" />
    <TestEntry testId="8ad35947-3018-f160-b80e-8c54c467a21a" executionId="46f534c8-660f-430f-a3a0-a0e909c393e8" testListId="8c84fa94-04c1-424b-9868-57a2d4851a1d" />
    <TestEntry testId="0daa0cf2-f08f-9af5-8f90-3afbe873dbac" executionId="315e7f2d-d5cd-44e2-953f-e0e3b331868c" testListId="8c84fa94-04c1-424b-9868-57a2d4851a1d" />
    <TestEntry testId="b7bca108-da6d-1f8c-7ea5-81ba3e07496a" executionId="35dc12c1-8143-47c7-83b0-4093d78c66cb" testListId="8c84fa94-04c1-424b-9868-57a2d4851a1d" />
    <TestEntry testId="ff4c1a2e-8962-452c-b4bc-b163c724e109" executionId="9f0f3e29-256c-485a-90d0-4fd8f85fff70" testListId="8c84fa94-04c1-424b-9868-57a2d4851a1d" />
    <TestEntry testId="21b483a6-27e8-bb30-b612-d3263e5cc6f1" executionId="01a38bc1-28f5-460b-9bd1-9c13291fc421" testListId="8c84fa94-04c1-424b-9868-57a2d4851a1d" />
    <TestEntry testId="b998ca9d-3c07-a9b0-e337-f1f0a1809e45" executionId="e575ce32-a7e5-4bf5-932c-2324671fe4e9" testListId="8c84fa94-04c1-424b-9868-57a2d4851a1d" />
    <TestEntry testId="c0d12a95-e15f-6166-5a13-d922c014e85f" executionId="eee40031-8732-474a-b6ed-fc11dd1a0510" testListId="8c84fa94-04c1-424b-9868-57a2d4851a1d" />
    <TestEntry testId="2601cc3d-6e23-30c8-fd9c-9008204c7b14" executionId="e7bdbb2e-5f7d-4235-b400-f7a7d5bcfe3f" testListId="8c84fa94-04c1-424b-9868-57a2d4851a1d" />
    <TestEntry testId="0fed5cd0-f477-3126-e159-48e4c927506e" executionId="12d32a01-a0dd-4c5e-b99c-7877decce66b" testListId="8c84fa94-04c1-424b-9868-57a2d4851a1d" />
    <TestEntry testId="86edbbe8-5149-0aa3-dcd3-1e89f5303917" executionId="b3be8d59-6f3d-49dd-aa54-11e1dc6352cf" testListId="8c84fa94-04c1-424b-9868-57a2d4851a1d" />
    <TestEntry testId="e9caefce-c71e-206f-c8b4-a603b26c14bb" executionId="7b55494c-2987-4209-9170-8e183190b11d" testListId="8c84fa94-04c1-424b-9868-57a2d4851a1d" />
    <TestEntry testId="c98d87e1-2599-14ad-dad8-186cb5a68eb4" executionId="96413f63-fb59-416d-b0b4-963d3a1666c2" testListId="8c84fa94-04c1-424b-9868-57a2d4851a1d" />
    <TestEntry testId="68b8744b-0d04-5ccf-e59d-98d1006236e5" executionId="79cdf920-3f7c-44b9-b79a-5f02abf16f51" testListId="8c84fa94-04c1-424b-9868-57a2d4851a1d" />
    <TestEntry testId="f7bcbf5e-0012-a0f0-d3f0-82ca6b14f5dd" executionId="6a75836c-87b7-425e-916e-9366fcba3869" testListId="8c84fa94-04c1-424b-9868-57a2d4851a1d" />
    <TestEntry testId="6a8a8393-b45c-5684-e668-393262a5478a" executionId="d09e7e3a-5c3d-40fa-95fe-821169f459bc" testListId="8c84fa94-04c1-424b-9868-57a2d4851a1d" />
    <TestEntry testId="2b8f6313-6f64-c487-2e4c-3d07b5bd4159" executionId="65730fef-81d8-44f0-86e1-0a851921c487" testListId="8c84fa94-04c1-424b-9868-57a2d4851a1d" />
    <TestEntry testId="451bffc0-3ae5-2acf-fc45-f7a1232d7fdf" executionId="62ca02e3-4b7d-46f6-9357-ce79dc58f955" testListId="8c84fa94-04c1-424b-9868-57a2d4851a1d" />
    <TestEntry testId="cd13bfee-f8b4-3d5e-a0f6-00049079c32f" executionId="92ebe5cd-0009-4ae0-905f-c19b11e38ba6" testListId="8c84fa94-04c1-424b-9868-57a2d4851a1d" />
    <TestEntry testId="ee325437-e5fe-a792-f60f-ba53523f3b7b" executionId="6e8ae94e-5984-4374-a6d7-90d394f888b6" testListId="8c84fa94-04c1-424b-9868-57a2d4851a1d" />
    <TestEntry testId="17b36dbd-a0b1-7dd9-4d17-df2b3239cefc" executionId="0573dea6-6e75-44b7-b79a-0573f42b6bd9" testListId="8c84fa94-04c1-424b-9868-57a2d4851a1d" />
    <TestEntry testId="05aeaa8c-7d80-f9e7-54a6-810812bf76ac" executionId="4b93f55d-623d-46b1-a979-35c530e3a4bb" testListId="8c84fa94-04c1-424b-9868-57a2d4851a1d" />
    <TestEntry testId="6ac3daf7-7d17-a19c-0567-b6e3340bf41b" executionId="40aebf1a-9c22-4dc0-bae8-0bc680741cef" testListId="8c84fa94-04c1-424b-9868-57a2d4851a1d" />
    <TestEntry testId="4ac17529-5b95-5a72-033f-f220f1f85e71" executionId="9fe62f9e-2b6c-4f96-bd10-11c5026679f1" testListId="8c84fa94-04c1-424b-9868-57a2d4851a1d" />
    <TestEntry testId="2720977a-3c1d-8925-ae8c-f10491ee0903" executionId="8c9539e3-3e6d-40ec-8634-fc3dee42eb96" testListId="8c84fa94-04c1-424b-9868-57a2d4851a1d" />
    <TestEntry testId="d4294147-b6f1-1dea-474b-6d1ef066918c" executionId="0e49abdb-2a7b-44f6-a0fb-2f4ab83f2218" testListId="8c84fa94-04c1-424b-9868-57a2d4851a1d" />
    <TestEntry testId="97233566-784e-0a25-ecca-3d6658603571" executionId="01ad1985-c06e-495c-a0b4-3079a3eb6d36" testListId="8c84fa94-04c1-424b-9868-57a2d4851a1d" />
    <TestEntry testId="81267ce3-6f9f-039a-6061-d6bf94b58293" executionId="db8ae7e8-84f1-42ea-bf6a-d45d0f9cb902" testListId="8c84fa94-04c1-424b-9868-57a2d4851a1d" />
    <TestEntry testId="dda1789b-98bf-2ab4-b6fb-aff5b89b7425" executionId="5ac179c5-0b7a-41a1-af25-39035345bf54" testListId="8c84fa94-04c1-424b-9868-57a2d4851a1d" />
    <TestEntry testId="2d399f3a-cd79-9af4-db68-ab2622857a87" executionId="270f97ca-5c38-4064-8836-77b65efa954f" testListId="8c84fa94-04c1-424b-9868-57a2d4851a1d" />
    <TestEntry testId="c7b7da64-3485-b2c1-376a-4a2776f7bf98" executionId="185aec89-10da-4b29-a5b2-935df54c66c8" testListId="8c84fa94-04c1-424b-9868-57a2d4851a1d" />
    <TestEntry testId="9436abbf-5e35-6c76-dd3c-5e8e30ea43e2" executionId="84846b7f-8ad2-4c1b-8363-c4978e79e403" testListId="8c84fa94-04c1-424b-9868-57a2d4851a1d" />
    <TestEntry testId="5ff0df64-4714-54ce-b6d1-3a4063918e93" executionId="df0c4f86-8efe-4b9b-9bfa-0007e7d4647b" testListId="8c84fa94-04c1-424b-9868-57a2d4851a1d" />
    <TestEntry testId="85b176e4-fb59-5c82-65b9-233680a9d61b" executionId="d0567369-6d04-43ae-854c-6b012035139a" testListId="8c84fa94-04c1-424b-9868-57a2d4851a1d" />
    <TestEntry testId="beb419e5-5bec-3550-745e-1f14592b96f7" executionId="d5faba17-bf06-4ed7-8da1-53e7714c8088" testListId="8c84fa94-04c1-424b-9868-57a2d4851a1d" />
    <TestEntry testId="c3862469-efa6-2b47-619c-2ccf15cc9a36" executionId="5a0e2cf6-c92e-4dd0-942a-f46d8e467aa6" testListId="8c84fa94-04c1-424b-9868-57a2d4851a1d" />
    <TestEntry testId="5f330a2c-7575-4b82-cdc2-dae925c0e744" executionId="f262e337-0037-4f09-975e-7bfa410ea37b" testListId="8c84fa94-04c1-424b-9868-57a2d4851a1d" />
    <TestEntry testId="3d6545fc-4bd4-f8dd-090b-7fa4464a971d" executionId="affe8804-45f5-4fd7-ad01-3260bf1aac58" testListId="8c84fa94-04c1-424b-9868-57a2d4851a1d" />
    <TestEntry testId="d4c8bd44-a5f8-3ff8-b16d-c714a3420f05" executionId="1455a0dc-f348-47f6-a5ba-a22a5d59273a" testListId="8c84fa94-04c1-424b-9868-57a2d4851a1d" />
    <TestEntry testId="c3476bd9-ab82-3913-af01-2849b9aa1d17" executionId="61be30cd-360c-46f7-91dd-8a96d34968bd" testListId="8c84fa94-04c1-424b-9868-57a2d4851a1d" />
    <TestEntry testId="1cf78aaf-7e14-43de-6645-da2adf43991c" executionId="8aacc0ae-663a-4cc1-86ad-0c45b8c01f7c" testListId="8c84fa94-04c1-424b-9868-57a2d4851a1d" />
    <TestEntry testId="1e845a4d-c6af-6717-84e9-62ec3d2affe9" executionId="cf1876c5-b44e-4ad4-8465-b841bf119537" testListId="8c84fa94-04c1-424b-9868-57a2d4851a1d" />
    <TestEntry testId="9dcc893b-d6ef-d5e3-81ca-720cad492687" executionId="94cbc650-aac5-4383-af80-d1ee69171cac" testListId="8c84fa94-04c1-424b-9868-57a2d4851a1d" />
    <TestEntry testId="9aeccaa7-2271-ee00-99ac-96f3fa1164be" executionId="777ca1af-1431-43dd-a6cd-a79a8cf03a83" testListId="8c84fa94-04c1-424b-9868-57a2d4851a1d" />
    <TestEntry testId="6ea25a13-961a-d8b8-8741-00e7f42d7603" executionId="16d42164-4ca8-4b53-887e-a06471b42992" testListId="8c84fa94-04c1-424b-9868-57a2d4851a1d" />
    <TestEntry testId="f41a40ab-384f-e635-88d2-0deb0549b00c" executionId="dff388be-8adf-4bef-ae9b-5464250eb725" testListId="8c84fa94-04c1-424b-9868-57a2d4851a1d" />
    <TestEntry testId="c179356e-fb95-bde9-7e42-099773116f5f" executionId="9b168739-a1a7-44f0-931b-4c487f95db24" testListId="8c84fa94-04c1-424b-9868-57a2d4851a1d" />
    <TestEntry testId="ea6b211e-3258-7db9-8b82-11e88b9536ce" executionId="46b2e108-6009-4520-91f9-fd6d98701fe8" testListId="8c84fa94-04c1-424b-9868-57a2d4851a1d" />
    <TestEntry testId="1576a34d-4425-e758-2eec-5a2e4ef4d6ef" executionId="3dfab5ec-8d20-43d7-9cae-55bcbe8d11a9" testListId="8c84fa94-04c1-424b-9868-57a2d4851a1d" />
    <TestEntry testId="16cbfe5e-7bb9-3462-1447-f565ffc95fc8" executionId="a8b8950e-88f2-4aee-b350-0d6b9e032fc5" testListId="8c84fa94-04c1-424b-9868-57a2d4851a1d" />
    <TestEntry testId="93642e15-5690-c906-3db0-8d1d5502773a" executionId="b01015f5-4818-4821-9156-b85660b2ad1f" testListId="8c84fa94-04c1-424b-9868-57a2d4851a1d" />
    <TestEntry testId="8ecade2b-3ad6-f16a-0138-df9b1b58928f" executionId="087da9ce-b6aa-40d8-b859-6fcb2d7334cf" testListId="8c84fa94-04c1-424b-9868-57a2d4851a1d" />
    <TestEntry testId="5fd3f98c-c6c1-c9ae-ace1-6e51d9ce104b" executionId="a270fa5f-2333-4ff7-83d1-33b25154fdac" testListId="8c84fa94-04c1-424b-9868-57a2d4851a1d" />
    <TestEntry testId="7e5f1658-9579-80ac-0889-217afa2e8ebf" executionId="da3f3f63-6ff4-4ac3-a887-167c17fc3801" testListId="8c84fa94-04c1-424b-9868-57a2d4851a1d" />
    <TestEntry testId="861f7062-4b72-e737-65a5-00e91edfb64b" executionId="7872d5de-c144-4ce1-b696-1cbf82dec9bb" testListId="8c84fa94-04c1-424b-9868-57a2d4851a1d" />
    <TestEntry testId="e7e1ec7e-8e1e-7f8d-e3da-59506c852ed4" executionId="ba13df5c-635b-40df-b5e3-5a525c957dc8" testListId="8c84fa94-04c1-424b-9868-57a2d4851a1d" />
    <TestEntry testId="131a26fa-18ee-ab45-1c25-e4348e5f16b7" executionId="65401e64-418d-4879-91e8-828b0dc88ab7" testListId="8c84fa94-04c1-424b-9868-57a2d4851a1d" />
    <TestEntry testId="aa81343a-5273-d050-4734-4d568d0cd256" executionId="a74147e7-a323-4329-8ce5-9539e892b01a" testListId="8c84fa94-04c1-424b-9868-57a2d4851a1d" />
    <TestEntry testId="5fef5e10-fc69-5d3e-4101-c050ab62c33a" executionId="44460c29-97ea-4101-aa86-58fd0745f204" testListId="8c84fa94-04c1-424b-9868-57a2d4851a1d" />
    <TestEntry testId="2e79e419-e74e-f445-7799-1adbaa35d399" executionId="ad2f97ce-af3c-439e-bc57-e79df0394beb" testListId="8c84fa94-04c1-424b-9868-57a2d4851a1d" />
    <TestEntry testId="c5afb81b-9473-e705-4713-ff021498a318" executionId="5ac36bb5-5731-41fa-ab4d-044434751558" testListId="8c84fa94-04c1-424b-9868-57a2d4851a1d" />
    <TestEntry testId="f8edaabc-4dde-c771-27c5-00bf75b12606" executionId="cc40d443-2d09-4a7a-9fa4-97a35299eec0" testListId="8c84fa94-04c1-424b-9868-57a2d4851a1d" />
    <TestEntry testId="4e7ccc39-dfc0-cf1c-eb6a-128de9b59e45" executionId="cc63818c-aa5a-42a3-8f8d-5dbbb6e25149" testListId="8c84fa94-04c1-424b-9868-57a2d4851a1d" />
    <TestEntry testId="3faa4dab-caeb-2298-7011-c6556cbbddc1" executionId="54d6f008-72c3-4383-820e-acf0bd026d99" testListId="8c84fa94-04c1-424b-9868-57a2d4851a1d" />
    <TestEntry testId="bab1654e-c8b6-f4c1-eb14-25680f0e8712" executionId="f1190dad-892f-45bd-ad18-6533fac57250" testListId="8c84fa94-04c1-424b-9868-57a2d4851a1d" />
    <TestEntry testId="682e27e5-2d38-b387-eab4-fececdef538a" executionId="c1cb5524-3a61-4286-beff-768c7514f024" testListId="8c84fa94-04c1-424b-9868-57a2d4851a1d" />
    <TestEntry testId="06d7b27d-6e66-2e53-04a1-64a9308dafcb" executionId="e7724716-804c-4045-818e-6e71f4f35ec8" testListId="8c84fa94-04c1-424b-9868-57a2d4851a1d" />
    <TestEntry testId="9fa629a2-e4bd-6a24-d824-4e64356e274f" executionId="ae66e331-23cd-4ca1-8d5d-1c61c1ec690b" testListId="8c84fa94-04c1-424b-9868-57a2d4851a1d" />
    <TestEntry testId="b162402f-2c1b-0582-f67d-d6b489572737" executionId="3d6cf2f5-f28e-47b5-a4c7-d90b82388265" testListId="8c84fa94-04c1-424b-9868-57a2d4851a1d" />
    <TestEntry testId="cea1f122-04c5-bf3d-5adc-09ad4dc7f7c2" executionId="7b37257b-ab1f-409c-9307-f4e91f723636" testListId="8c84fa94-04c1-424b-9868-57a2d4851a1d" />
    <TestEntry testId="6c232766-0173-c070-73ea-ec002545c357" executionId="b84c8476-fc03-4b87-97b8-0705167bf40e" testListId="8c84fa94-04c1-424b-9868-57a2d4851a1d" />
    <TestEntry testId="31d5d148-0cd6-8d1e-0567-f1c07ae35162" executionId="7e6a9442-7c67-4489-a57e-28a316bc9da0" testListId="8c84fa94-04c1-424b-9868-57a2d4851a1d" />
    <TestEntry testId="1153276a-4acc-8389-9593-9aed2f86bdf6" executionId="b69498b0-0390-4ee2-84e2-87fdd153afc4" testListId="8c84fa94-04c1-424b-9868-57a2d4851a1d" />
    <TestEntry testId="772d579c-1f25-0ecf-1421-f86f202fcaa5" executionId="f6a91ea6-64a3-4f0a-813d-b75fa77b4ed5" testListId="8c84fa94-04c1-424b-9868-57a2d4851a1d" />
    <TestEntry testId="60bdbe1c-556f-ee06-0399-2842675c306a" executionId="e9802c33-47f4-40ce-87d6-5ae0f2f270ad" testListId="8c84fa94-04c1-424b-9868-57a2d4851a1d" />
    <TestEntry testId="483cfce3-3ff7-5b57-4c23-5d8fbcaf1d0a" executionId="55ec8100-e0a0-4ef3-a836-a67501333d11" testListId="8c84fa94-04c1-424b-9868-57a2d4851a1d" />
    <TestEntry testId="6d90f09d-ac26-1a78-00bb-8e50418f096e" executionId="715e1df9-cb35-443e-b191-380d3c15b5a8" testListId="8c84fa94-04c1-424b-9868-57a2d4851a1d" />
    <TestEntry testId="026dfb6f-c080-58ce-2d5a-796a4588997d" executionId="a226652b-4f8f-4a70-8ab7-2945a75e542f" testListId="8c84fa94-04c1-424b-9868-57a2d4851a1d" />
    <TestEntry testId="47ac3dda-7749-2f44-950d-c0fd39257f55" executionId="12c31af8-cfcd-4e2a-be02-29e28546d5f5" testListId="8c84fa94-04c1-424b-9868-57a2d4851a1d" />
    <TestEntry testId="5fd77bc3-628f-79b5-9bc7-14dea7ab0867" executionId="05f0b964-c041-471f-b363-dec371827ec2" testListId="8c84fa94-04c1-424b-9868-57a2d4851a1d" />
    <TestEntry testId="6bca5693-82fe-719f-17b6-6224c9668233" executionId="274ee987-6e25-4e7a-bf6c-a3b0f6c5834c" testListId="8c84fa94-04c1-424b-9868-57a2d4851a1d" />
    <TestEntry testId="47771962-fd80-aab3-ebc0-33717839eb97" executionId="88d51ca8-78e4-4652-b7cf-95a65b3dcc81" testListId="8c84fa94-04c1-424b-9868-57a2d4851a1d" />
    <TestEntry testId="b9339d47-1b08-2f87-b4ed-bf554f7069bd" executionId="fe756ce6-c01b-4560-b40a-d82bba7a0dd4" testListId="8c84fa94-04c1-424b-9868-57a2d4851a1d" />
    <TestEntry testId="025863ce-ac84-e56c-d6b6-947b70b4b25d" executionId="fbfc2d84-06ce-4137-8ee3-1a16c5db0237" testListId="8c84fa94-04c1-424b-9868-57a2d4851a1d" />
    <TestEntry testId="b3f386a5-07aa-a732-a6bd-e0f6659489a9" executionId="7349b437-efab-4ca8-a34d-f6b8cdfc9312" testListId="8c84fa94-04c1-424b-9868-57a2d4851a1d" />
    <TestEntry testId="bb9524ad-acf8-1507-0ed6-9348671a86fe" executionId="ffce1a5b-7054-4e6f-9d5b-1e53bf115454" testListId="8c84fa94-04c1-424b-9868-57a2d4851a1d" />
    <TestEntry testId="2f768a08-79d1-a2fa-f632-631b61e890cb" executionId="5b12fb45-09b9-4c8d-933a-f4f2e8b49326" testListId="8c84fa94-04c1-424b-9868-57a2d4851a1d" />
    <TestEntry testId="4c079a3c-32b1-18a2-0888-498e65e1e695" executionId="f4652280-7d46-4dac-8839-8daa7aa594c0" testListId="8c84fa94-04c1-424b-9868-57a2d4851a1d" />
    <TestEntry testId="b8dcd7c2-d643-4004-06b6-71dd24bea1c1" executionId="781fc0bc-4969-4ab5-a31b-aadcded66efa" testListId="8c84fa94-04c1-424b-9868-57a2d4851a1d" />
    <TestEntry testId="fe450cea-9ffb-3719-460a-cf60fe446421" executionId="9ee1c305-63d6-4f61-9105-846fb241b56d" testListId="8c84fa94-04c1-424b-9868-57a2d4851a1d" />
    <TestEntry testId="80e1e452-82cf-b088-db40-d28f7d32c62d" executionId="9a1b3968-a5d9-42f1-b206-7037e6b20891" testListId="8c84fa94-04c1-424b-9868-57a2d4851a1d" />
    <TestEntry testId="7a75352d-c73e-5868-4a6f-939343fd10a2" executionId="f2c41684-0f9b-4332-8915-a9ddeb43897e" testListId="8c84fa94-04c1-424b-9868-57a2d4851a1d" />
    <TestEntry testId="0e950736-8c33-6909-c85f-78e931c25e77" executionId="c383b8a7-8d1e-4697-8bf8-d1e541c0cbf8" testListId="8c84fa94-04c1-424b-9868-57a2d4851a1d" />
    <TestEntry testId="7b5ff511-526b-7adf-f4f4-c89931ab0b4e" executionId="26f84851-35c2-448d-b798-55e845026b8a" testListId="8c84fa94-04c1-424b-9868-57a2d4851a1d" />
    <TestEntry testId="d01a472c-8c79-6237-bbd9-99dcce00cbb8" executionId="9c1d28cb-bcd9-45f7-9e3d-6ce59f4a7ded" testListId="8c84fa94-04c1-424b-9868-57a2d4851a1d" />
    <TestEntry testId="907e6cbe-4234-cd51-c51e-c0122588864e" executionId="fda56d23-4350-43f8-8ba3-aaae87141b38" testListId="8c84fa94-04c1-424b-9868-57a2d4851a1d" />
    <TestEntry testId="2d9d257b-dc7a-dd0a-92c1-64a2f9201d0f" executionId="ffb86914-b00e-46f8-97f4-b1b7b329ca79" testListId="8c84fa94-04c1-424b-9868-57a2d4851a1d" />
    <TestEntry testId="cd274a06-2388-99e3-3a1d-9499479d5159" executionId="fb48ffc3-6444-4b7d-8c16-449304eaccde" testListId="8c84fa94-04c1-424b-9868-57a2d4851a1d" />
    <TestEntry testId="64bb4b70-7e25-7afc-6d81-0c3474ed7a2b" executionId="592e06dc-5411-4474-93ba-e526947a9f1f" testListId="8c84fa94-04c1-424b-9868-57a2d4851a1d" />
    <TestEntry testId="5e38d847-a6e1-c044-80d4-91e6d7b293f2" executionId="3df8082f-bc3d-4b6c-876b-b2aa7e88b3d4" testListId="8c84fa94-04c1-424b-9868-57a2d4851a1d" />
    <TestEntry testId="a2522359-b2a2-5229-47e0-a441d8ac2c1e" executionId="e5c4b368-8bb8-4df9-a645-baa48fb757e0" testListId="8c84fa94-04c1-424b-9868-57a2d4851a1d" />
    <TestEntry testId="34c107db-e9ce-df15-620e-0ed84eb2d0d6" executionId="64a331f5-e247-4880-9378-ec9396f105d8" testListId="8c84fa94-04c1-424b-9868-57a2d4851a1d" />
    <TestEntry testId="1f3c2e70-43ac-a9e9-ce4b-d72a9af7f0f0" executionId="6ff40d64-eb5b-42b5-b81a-937dab9bbaca" testListId="8c84fa94-04c1-424b-9868-57a2d4851a1d" />
    <TestEntry testId="2373c7df-8688-ecca-12e2-43612d6b960f" executionId="6148dda1-121a-45d1-a0a2-095094c30e8e" testListId="8c84fa94-04c1-424b-9868-57a2d4851a1d" />
    <TestEntry testId="885e02ef-e416-e860-c427-66861a1cef8a" executionId="514794c8-9e24-4f73-a07f-cfb14d83bfcf" testListId="8c84fa94-04c1-424b-9868-57a2d4851a1d" />
    <TestEntry testId="dd8d755a-3eba-5a94-2039-0ce20505a681" executionId="6de06025-42ce-457f-8b03-2f0fd730a555" testListId="8c84fa94-04c1-424b-9868-57a2d4851a1d" />
    <TestEntry testId="7b659e8c-3001-c494-d28a-2939a6d49456" executionId="5dadf5b4-aacb-4f83-92df-309f9082c0f1" testListId="8c84fa94-04c1-424b-9868-57a2d4851a1d" />
    <TestEntry testId="4cca1d5f-44b2-3473-1e35-1d77003b5df5" executionId="9315e360-c349-4891-b0b2-9e08bc45100f" testListId="8c84fa94-04c1-424b-9868-57a2d4851a1d" />
    <TestEntry testId="ea3dc3ca-b9db-c951-f087-38b03fc1d7df" executionId="807bd701-635b-4d17-87c5-ab7229e5d4cd" testListId="8c84fa94-04c1-424b-9868-57a2d4851a1d" />
    <TestEntry testId="310bd126-7eaa-5bf4-39f9-05d7e2e492eb" executionId="172c3aa1-341c-4bc1-a1a2-b93e8b3f2a59" testListId="8c84fa94-04c1-424b-9868-57a2d4851a1d" />
    <TestEntry testId="3147bc1a-6400-429f-1c8f-cd7dc6defaa1" executionId="928775af-e309-4c9a-9dc4-fdc291fd90b7" testListId="8c84fa94-04c1-424b-9868-57a2d4851a1d" />
    <TestEntry testId="27940d64-03df-8f28-2a77-22152c4e2bc7" executionId="cd84a976-dceb-4def-8735-b294450650df" testListId="8c84fa94-04c1-424b-9868-57a2d4851a1d" />
    <TestEntry testId="e00615fe-3a8d-1512-20d9-8abe6916016f" executionId="db1e3b67-5033-4d2e-b88e-58d422fe0d17" testListId="8c84fa94-04c1-424b-9868-57a2d4851a1d" />
    <TestEntry testId="efe4db7d-9fc9-dd9f-492e-e4ff6529fb1e" executionId="653c22eb-59fa-47a1-8eb0-4b274168e959" testListId="8c84fa94-04c1-424b-9868-57a2d4851a1d" />
    <TestEntry testId="575a32bf-8dea-b537-a592-8290f971bf09" executionId="ad4ee40b-ad9e-4a34-804e-74b7319fd631" testListId="8c84fa94-04c1-424b-9868-57a2d4851a1d" />
    <TestEntry testId="bf38d087-b471-df6a-7d14-7824df80030c" executionId="1fd07029-43a4-4a8d-913a-62f5d0a45ce8" testListId="8c84fa94-04c1-424b-9868-57a2d4851a1d" />
    <TestEntry testId="f5f7c350-0036-6cce-ab16-407f71b81cb4" executionId="d93cefda-3494-4aeb-acf9-cd5dce3ff161" testListId="8c84fa94-04c1-424b-9868-57a2d4851a1d" />
    <TestEntry testId="bbef5494-4e92-f5fc-3633-d07397508d79" executionId="03fa95d2-60e0-4d8c-add4-45e9e507a984" testListId="8c84fa94-04c1-424b-9868-57a2d4851a1d" />
    <TestEntry testId="ecf13227-e49d-1db7-a97a-21cf256d2c96" executionId="d0dfb098-a8eb-4d9f-b865-127300324a01" testListId="8c84fa94-04c1-424b-9868-57a2d4851a1d" />
    <TestEntry testId="69ce5361-06cb-10c5-3157-d27adff1ce44" executionId="88704628-195a-4412-8f84-47e3f4379fc4" testListId="8c84fa94-04c1-424b-9868-57a2d4851a1d" />
    <TestEntry testId="f56230b0-cb3e-b433-0b22-beaca6317724" executionId="5c33d562-5a2e-4fa5-b133-1ec39e07063e" testListId="8c84fa94-04c1-424b-9868-57a2d4851a1d" />
    <TestEntry testId="e0ca0f50-e0fe-3af6-65f6-228d57aa9d13" executionId="8ff9e862-06f3-4c1e-970f-fd456984dc4e" testListId="8c84fa94-04c1-424b-9868-57a2d4851a1d" />
    <TestEntry testId="98e4ae88-2a6f-4ea6-fc3c-66faedd2526c" executionId="90090404-1515-4316-b3e3-4182c665e75c" testListId="8c84fa94-04c1-424b-9868-57a2d4851a1d" />
    <TestEntry testId="a4454a32-a746-255e-e8d1-796a08c296b1" executionId="3471edb0-3950-4443-8185-da3d7989d32a" testListId="8c84fa94-04c1-424b-9868-57a2d4851a1d" />
    <TestEntry testId="903924a4-7ced-4d98-9edf-15f9a7cfa0d7" executionId="5f53de5a-32d0-4fa4-920f-be5cfbdabcb9" testListId="8c84fa94-04c1-424b-9868-57a2d4851a1d" />
    <TestEntry testId="ed7bec68-0198-a68e-a9fa-29c0dcede6d8" executionId="7c5f5c64-d379-4b79-b4d9-c52a7d13406f" testListId="8c84fa94-04c1-424b-9868-57a2d4851a1d" />
    <TestEntry testId="e81103cb-7818-2463-05b1-4325c5ff61c8" executionId="c3d41cd9-7dba-42b9-a577-b3aceb0061ff" testListId="8c84fa94-04c1-424b-9868-57a2d4851a1d" />
    <TestEntry testId="7ce02435-55dc-be77-8a7d-085f35894996" executionId="46bb695b-a96f-4c70-8b36-fe6dca8fc732" testListId="8c84fa94-04c1-424b-9868-57a2d4851a1d" />
    <TestEntry testId="4a1694b5-7db1-bf67-dca4-8860f0f31e9d" executionId="63a726a6-8239-4210-9061-2505b51ab3f7" testListId="8c84fa94-04c1-424b-9868-57a2d4851a1d" />
    <TestEntry testId="d9d0601b-6afc-d56b-58cd-43bff45267f6" executionId="fdb0816f-be28-49a8-bd1d-e2016ea9aac7" testListId="8c84fa94-04c1-424b-9868-57a2d4851a1d" />
    <TestEntry testId="15f7fdde-30c5-c5bb-c91a-0ce0590214e2" executionId="f3c9695c-a9a8-4d38-957a-78c057d709b2" testListId="8c84fa94-04c1-424b-9868-57a2d4851a1d" />
    <TestEntry testId="e119e886-63ff-9e4b-f30c-287618dff31a" executionId="e7577d4e-1ece-4dfe-a03f-d44d9ab8f129" testListId="8c84fa94-04c1-424b-9868-57a2d4851a1d" />
    <TestEntry testId="73c84d82-bb7d-01f8-8894-e9f1d48f8356" executionId="4ef3ea25-17e4-485f-a70f-e1949743e73b" testListId="8c84fa94-04c1-424b-9868-57a2d4851a1d" />
    <TestEntry testId="5e16f1a5-ac2f-de21-a1b1-de59b21f35bb" executionId="2c2d77be-77af-4972-bf91-80efcaa91627" testListId="8c84fa94-04c1-424b-9868-57a2d4851a1d" />
    <TestEntry testId="4d11492e-27b0-719b-9344-aa3d6645e529" executionId="1d868022-d36b-4357-b71b-ce581aeb955b" testListId="8c84fa94-04c1-424b-9868-57a2d4851a1d" />
    <TestEntry testId="3e00ced7-c9ef-e081-8698-0bfc18ba5ea0" executionId="0a4b98d3-ccf0-4949-b426-9e0ecbe7e840" testListId="8c84fa94-04c1-424b-9868-57a2d4851a1d" />
    <TestEntry testId="b77b4041-c2a1-a348-dd99-14c2acc50a9c" executionId="88782c49-4389-4c40-afd6-094942446125" testListId="8c84fa94-04c1-424b-9868-57a2d4851a1d" />
    <TestEntry testId="b960a51a-07ce-5c77-9c47-9b7d49f68b04" executionId="dd2b90f6-f229-4def-8bf0-740eaaa84fc6" testListId="8c84fa94-04c1-424b-9868-57a2d4851a1d" />
    <TestEntry testId="72a98ab7-40b5-c78d-22d4-3cffe98aa29f" executionId="0fdfb6d6-337e-4450-ba39-78915eb94c91" testListId="8c84fa94-04c1-424b-9868-57a2d4851a1d" />
    <TestEntry testId="abb67912-1d6f-1304-0ce6-d0a01fbfb2dc" executionId="57ed7198-ac48-42ec-895d-a9b228d4d7f2" testListId="8c84fa94-04c1-424b-9868-57a2d4851a1d" />
    <TestEntry testId="2c3cc6dd-0ecc-2298-ce4a-d064661bf1a0" executionId="2f912841-20e6-46dc-bf8c-222b7a4dae38" testListId="8c84fa94-04c1-424b-9868-57a2d4851a1d" />
    <TestEntry testId="db58b9a0-b265-e010-375f-3c8e68defc73" executionId="d7d09a7c-a534-4d3e-9d0f-69a0f6747923" testListId="8c84fa94-04c1-424b-9868-57a2d4851a1d" />
    <TestEntry testId="2ebfe8ce-3c37-b151-62ae-982463586759" executionId="84463113-46e6-4fd3-affb-3909500445c6" testListId="8c84fa94-04c1-424b-9868-57a2d4851a1d" />
    <TestEntry testId="c1d7928e-75c0-4c88-3fea-e132fd775b5e" executionId="f6b53946-592f-47ce-873d-cdbd903af5c4" testListId="8c84fa94-04c1-424b-9868-57a2d4851a1d" />
    <TestEntry testId="63448ae4-3822-6161-d46b-a6dd1dfe44fd" executionId="ceceb671-669c-429d-bb4f-a0cfbff23418" testListId="8c84fa94-04c1-424b-9868-57a2d4851a1d" />
    <TestEntry testId="65b86002-200e-c55e-a53f-146aec337152" executionId="52798993-d846-4aea-ab5e-2f7efd9adc6b" testListId="8c84fa94-04c1-424b-9868-57a2d4851a1d" />
    <TestEntry testId="47de8f42-b82b-27c9-e6cb-af47f9988997" executionId="308aee1b-8882-4b42-a287-1074f2dcd6a2" testListId="8c84fa94-04c1-424b-9868-57a2d4851a1d" />
    <TestEntry testId="86d2f9a3-cd73-6e30-e154-d9542034e978" executionId="8f16483e-a678-486a-9074-04a318b637f0" testListId="8c84fa94-04c1-424b-9868-57a2d4851a1d" />
    <TestEntry testId="79131a3d-642e-dea5-31f3-3e3bb8d72cf5" executionId="e8f965cf-7b73-4b62-aaa6-8052f174905c" testListId="8c84fa94-04c1-424b-9868-57a2d4851a1d" />
    <TestEntry testId="9f2d8267-74f7-ee47-e40a-a9214d8b0149" executionId="466312d5-d752-4a31-b232-82d57bd58a6b" testListId="8c84fa94-04c1-424b-9868-57a2d4851a1d" />
    <TestEntry testId="c2a70a77-deae-9615-f302-cf5bc25a63ec" executionId="253079e9-ec2e-4852-910f-8dbbef03a513" testListId="8c84fa94-04c1-424b-9868-57a2d4851a1d" />
    <TestEntry testId="313c09e0-411a-75b7-e96b-3ca0dbd86c48" executionId="72eb928b-3861-4bc9-9ba7-f2ff5c73bb88" testListId="8c84fa94-04c1-424b-9868-57a2d4851a1d" />
    <TestEntry testId="80e1e452-82cf-b088-db40-d28f7d32c62d" executionId="7668f8a1-0f3d-4a28-a552-877a67a0ed55" testListId="8c84fa94-04c1-424b-9868-57a2d4851a1d" />
    <TestEntry testId="8803b728-b3cd-d0f6-6a9a-d85dc1ecbb9f" executionId="a4323982-381f-4608-aaad-89a170ba4e9f" testListId="8c84fa94-04c1-424b-9868-57a2d4851a1d" />
    <TestEntry testId="b2f0581d-5dcb-6a8a-df35-b5108915cfe4" executionId="0bdfd72f-fb5a-4366-aa53-0a18700dccdd" testListId="8c84fa94-04c1-424b-9868-57a2d4851a1d" />
    <TestEntry testId="cd58fbcf-a8ec-7be0-672d-3675d644b67c" executionId="7299c90e-4de6-446b-915b-0b46f92290c5" testListId="8c84fa94-04c1-424b-9868-57a2d4851a1d" />
    <TestEntry testId="71b3373f-dea8-3cfe-2919-2c270031d8d7" executionId="9e352a0a-3bb1-4941-8694-f66b7c56e984" testListId="8c84fa94-04c1-424b-9868-57a2d4851a1d" />
    <TestEntry testId="b58eb60e-3eb1-72c6-0301-c9875128ee4e" executionId="04c168cd-f1a2-4a7f-8657-caeec37e2c19" testListId="8c84fa94-04c1-424b-9868-57a2d4851a1d" />
    <TestEntry testId="a03d49df-0221-3c4c-4d83-361bfb025c76" executionId="a92cc737-b20f-4d3d-b53c-e9ef8ea869a4" testListId="8c84fa94-04c1-424b-9868-57a2d4851a1d" />
    <TestEntry testId="d39f566a-6448-5523-5e51-422943258ba3" executionId="e0aa6860-b963-4efd-a17f-e30e88f42c2b" testListId="8c84fa94-04c1-424b-9868-57a2d4851a1d" />
    <TestEntry testId="3483fd74-40ab-caaa-a1c3-b598cd24d905" executionId="27653af6-740e-4bcd-bd0c-3665fa762fde" testListId="8c84fa94-04c1-424b-9868-57a2d4851a1d" />
    <TestEntry testId="d2403e41-fe85-53e9-35b9-5ba516826082" executionId="eaea1284-d1b0-476e-b84f-177c0e38406d" testListId="8c84fa94-04c1-424b-9868-57a2d4851a1d" />
    <TestEntry testId="701dc107-7f79-fab2-b18e-55df056f2ab4" executionId="98614cb3-5167-4e99-b2cf-e994fa95f412" testListId="8c84fa94-04c1-424b-9868-57a2d4851a1d" />
    <TestEntry testId="daa7dc49-f207-f73b-e691-533a5b8c5990" executionId="49668962-02d3-4730-bb75-2f24df7dafdb" testListId="8c84fa94-04c1-424b-9868-57a2d4851a1d" />
    <TestEntry testId="833aec2e-c0ac-4112-94cf-5fa375595a9e" executionId="f68919b7-1b63-4675-bcc6-a8c2e9370842" testListId="8c84fa94-04c1-424b-9868-57a2d4851a1d" />
    <TestEntry testId="028566f8-b92e-8888-84dd-3fb5690b9d88" executionId="4144875c-0606-4789-a7b1-44c4e9c08574" testListId="8c84fa94-04c1-424b-9868-57a2d4851a1d" />
    <TestEntry testId="88eff823-fbf7-7507-7019-8e0b7f4937d4" executionId="95a115bc-4d10-4628-8fb6-ea67abab72ea" testListId="8c84fa94-04c1-424b-9868-57a2d4851a1d" />
    <TestEntry testId="10dd7bf8-f28a-4f0c-1dc0-23b4c2def703" executionId="f9299565-e9ca-439b-9266-27b63efd0491" testListId="8c84fa94-04c1-424b-9868-57a2d4851a1d" />
    <TestEntry testId="73bd23e6-7d5d-17da-f712-c442eb016e35" executionId="8e7738fc-03fb-480e-9da1-14c1e007427e" testListId="8c84fa94-04c1-424b-9868-57a2d4851a1d" />
    <TestEntry testId="91d14b34-4712-1785-f0d4-572e813a795e" executionId="0b32b662-76a7-4b1e-a406-4ffe064cc982" testListId="8c84fa94-04c1-424b-9868-57a2d4851a1d" />
    <TestEntry testId="4fdd99bf-6905-0af0-30e5-6e050f489153" executionId="ee867c81-7517-4b75-9bab-ce3a1f5dc2de" testListId="8c84fa94-04c1-424b-9868-57a2d4851a1d" />
    <TestEntry testId="54665edf-a1f2-e9fe-2f83-fd5f97c5627f" executionId="28a69e29-183f-40ff-8457-ba4041b5106f" testListId="8c84fa94-04c1-424b-9868-57a2d4851a1d" />
    <TestEntry testId="79e1afa4-43dc-dcc8-f757-ad97cc1a6215" executionId="5ef966c3-9998-46e6-861c-987596139ef1" testListId="8c84fa94-04c1-424b-9868-57a2d4851a1d" />
    <TestEntry testId="5479df44-d54f-1884-c573-5213e20618b0" executionId="4de13cd7-a4b5-4bbb-8582-5e8532b6d481" testListId="8c84fa94-04c1-424b-9868-57a2d4851a1d" />
    <TestEntry testId="adae62f9-2b72-4530-ee33-22d9b99a1467" executionId="99f00400-d52b-48ab-aed9-69125e6cd6d2" testListId="8c84fa94-04c1-424b-9868-57a2d4851a1d" />
    <TestEntry testId="156bd96a-a805-e045-2ce9-1615a20e29fa" executionId="816ea70b-6878-47ce-93ae-5aae3a654fcf" testListId="8c84fa94-04c1-424b-9868-57a2d4851a1d" />
    <TestEntry testId="7bbe3c7b-c7f6-b4cd-97f0-8c1f6db6c80e" executionId="2da3ceed-5bff-4481-977a-3451a5a007bc" testListId="8c84fa94-04c1-424b-9868-57a2d4851a1d" />
    <TestEntry testId="de275d14-569b-3727-dc66-e87b528f415d" executionId="945bd2ad-5bc9-4f37-a424-11d6a014d008" testListId="8c84fa94-04c1-424b-9868-57a2d4851a1d" />
    <TestEntry testId="4f0f0f05-4e54-c98a-97cd-1164c4d7679e" executionId="8dc935d6-f239-4e18-ab20-0705cc72421c" testListId="8c84fa94-04c1-424b-9868-57a2d4851a1d" />
    <TestEntry testId="eb8cc7fe-9fe8-0f19-c373-e4f56eaad478" executionId="278fd6c3-0348-439c-b290-b86d3a4a8f97" testListId="8c84fa94-04c1-424b-9868-57a2d4851a1d" />
    <TestEntry testId="1a5d20b5-3e71-5ce5-a87e-e4e29bb0d7d5" executionId="2136c02f-9251-43f3-b74e-80feb4f052f7" testListId="8c84fa94-04c1-424b-9868-57a2d4851a1d" />
    <TestEntry testId="4f555e67-dae7-b67f-1beb-febf2b9b4968" executionId="09ad2e5d-2abc-4f55-be7d-6e86bfb10deb" testListId="8c84fa94-04c1-424b-9868-57a2d4851a1d" />
    <TestEntry testId="63b5e857-7c0f-1bfb-6bac-ed0592160bce" executionId="868a9e5b-5884-469b-9412-e28137210184" testListId="8c84fa94-04c1-424b-9868-57a2d4851a1d" />
    <TestEntry testId="ecf00477-94a3-5251-4140-6240ac1b0b60" executionId="1172747a-d6bd-4236-b975-6da630c1a1af" testListId="8c84fa94-04c1-424b-9868-57a2d4851a1d" />
    <TestEntry testId="a476d913-853e-9006-57bf-9e825d119810" executionId="865c9e73-75c2-428c-ac2c-a4357fc40bb6" testListId="8c84fa94-04c1-424b-9868-57a2d4851a1d" />
    <TestEntry testId="fb699dcc-5e5e-47d1-e653-08665478eed9" executionId="a8984ecc-e22a-428f-8dbb-e96f5a3acc52" testListId="8c84fa94-04c1-424b-9868-57a2d4851a1d" />
    <TestEntry testId="c716e274-8d35-b2a1-4808-fe6779275a47" executionId="2f4017fa-aaa6-4310-aea1-80bfe11ca5f6" testListId="8c84fa94-04c1-424b-9868-57a2d4851a1d" />
    <TestEntry testId="6ebc1c3a-7886-6ea1-878f-b64af57e9527" executionId="19f4c261-00cd-4686-a5a4-93a894d38dca" testListId="8c84fa94-04c1-424b-9868-57a2d4851a1d" />
    <TestEntry testId="1b048c4f-8dd0-574f-1458-26bf1df29b58" executionId="5cc04aae-95a9-484e-a8d3-2a402334f86d" testListId="8c84fa94-04c1-424b-9868-57a2d4851a1d" />
    <TestEntry testId="949114ce-b635-6899-abf2-c4e97a411c85" executionId="0a343b59-056b-4801-843d-1437cbbb5d92" testListId="8c84fa94-04c1-424b-9868-57a2d4851a1d" />
    <TestEntry testId="b747edf0-9262-f0c5-aca1-78a34402aa92" executionId="262ef07c-cbce-425e-b996-f2d4564e1acc" testListId="8c84fa94-04c1-424b-9868-57a2d4851a1d" />
    <TestEntry testId="64de8207-d2f2-0b11-e8d3-5f4ca79e44ca" executionId="c54a81a4-c4fe-4c0a-939d-75a4637a375e" testListId="8c84fa94-04c1-424b-9868-57a2d4851a1d" />
    <TestEntry testId="59d7ce5a-9242-f1c0-ee68-764d8def5314" executionId="182f63ac-8647-4c04-a409-b6636109fe6c" testListId="8c84fa94-04c1-424b-9868-57a2d4851a1d" />
    <TestEntry testId="acb1a3bd-713e-4d7a-4e0c-8e617e64d48b" executionId="6d03b495-9c80-4a80-8292-37793db36ff7" testListId="8c84fa94-04c1-424b-9868-57a2d4851a1d" />
    <TestEntry testId="bd7d68bd-5950-0934-2e64-6a07c08a54b7" executionId="6aef9073-6a76-4935-b4b0-00123d7cebc1" testListId="8c84fa94-04c1-424b-9868-57a2d4851a1d" />
    <TestEntry testId="bdaa8c04-85d7-4ee8-e951-82186f7309ad" executionId="22f7b5c9-d1ae-4d8d-bab2-b3542b66c172" testListId="8c84fa94-04c1-424b-9868-57a2d4851a1d" />
    <TestEntry testId="8893b278-aa55-a685-d169-59d2e6a2a2db" executionId="f9b4580c-df93-438d-a362-0cc4caa4bf01" testListId="8c84fa94-04c1-424b-9868-57a2d4851a1d" />
    <TestEntry testId="84ba2f48-d35e-2565-b5d6-9096907c8416" executionId="4a3d3b8f-b8ea-44ff-8835-519e5e059578" testListId="8c84fa94-04c1-424b-9868-57a2d4851a1d" />
    <TestEntry testId="727eace4-6f24-f89e-4093-133963eb0bdd" executionId="a6a226b4-8647-4935-8aa2-9b123460c288" testListId="8c84fa94-04c1-424b-9868-57a2d4851a1d" />
    <TestEntry testId="b09a1385-ea97-6649-75a7-4f5d4ef865f4" executionId="25bb30f9-5235-4a68-a0c4-1a502ac3146d" testListId="8c84fa94-04c1-424b-9868-57a2d4851a1d" />
    <TestEntry testId="06bd11df-bf70-d0e2-a507-7181600bcc81" executionId="13864d3f-43f4-4258-ae5f-6dbaab7ef96a" testListId="8c84fa94-04c1-424b-9868-57a2d4851a1d" />
    <TestEntry testId="01c01ca3-1cfc-215a-ffeb-b8e6d0ef2e1f" executionId="7abf9aa6-a1fb-49b0-8f35-dab6c47ecee4" testListId="8c84fa94-04c1-424b-9868-57a2d4851a1d" />
    <TestEntry testId="a0ce8b18-c0e1-b20c-c79e-d473edcc8518" executionId="d6173db6-e6f4-45c7-a712-3407f7d4fa0e" testListId="8c84fa94-04c1-424b-9868-57a2d4851a1d" />
    <TestEntry testId="074b42c5-f1ad-52e6-005b-319d157cb31a" executionId="2c203ce3-7472-4da4-a0e9-a4febf55cfac" testListId="8c84fa94-04c1-424b-9868-57a2d4851a1d" />
    <TestEntry testId="03a16989-cfc5-ab34-8c7c-ef90806b02a7" executionId="3f9f842c-7c2d-40e8-a01b-57ed52d0a346" testListId="8c84fa94-04c1-424b-9868-57a2d4851a1d" />
    <TestEntry testId="e1ce66f6-03d2-e28b-bcfb-64c1c424a716" executionId="c31acec8-91d2-48e3-9e00-9fa5d8d06b57" testListId="8c84fa94-04c1-424b-9868-57a2d4851a1d" />
    <TestEntry testId="13732851-1316-f3ba-505c-1b7f66e1148d" executionId="7c395173-dd75-4e25-b262-19706416ff70" testListId="8c84fa94-04c1-424b-9868-57a2d4851a1d" />
    <TestEntry testId="3787704c-f9e0-e566-1c87-02188e388c59" executionId="14078e55-a045-47ba-a194-df3104031068" testListId="8c84fa94-04c1-424b-9868-57a2d4851a1d" />
    <TestEntry testId="80e1e452-82cf-b088-db40-d28f7d32c62d" executionId="d557cac8-4ac2-478d-a3ac-025aa79d81d6" testListId="8c84fa94-04c1-424b-9868-57a2d4851a1d" />
    <TestEntry testId="e9c28755-a991-4a05-f44d-1683b9f1f037" executionId="d3c5c43e-1511-4dfb-8e14-55544959e776" testListId="8c84fa94-04c1-424b-9868-57a2d4851a1d" />
    <TestEntry testId="3d5c9967-0460-2f6a-3450-76146b434884" executionId="a5cb820b-598b-4775-874a-8831fa06364a" testListId="8c84fa94-04c1-424b-9868-57a2d4851a1d" />
    <TestEntry testId="00898047-0053-d119-5ff1-919a14dc0313" executionId="d07dedfe-3386-47d4-abf9-a8c957ffab07" testListId="8c84fa94-04c1-424b-9868-57a2d4851a1d" />
    <TestEntry testId="92049893-c7c1-0d80-70d7-8d0471e997cf" executionId="a35b5c5e-7999-4039-b752-3e51377d4207" testListId="8c84fa94-04c1-424b-9868-57a2d4851a1d" />
    <TestEntry testId="9a20c48e-d269-b782-9e2c-26946688cee6" executionId="3cd62b08-0f5a-4e7d-bb44-2e81d133b700" testListId="8c84fa94-04c1-424b-9868-57a2d4851a1d" />
    <TestEntry testId="2d0e7e74-3dc2-b64e-e8df-81c281af4e3d" executionId="838d7b06-4626-4fe5-8d54-2eec6fa22857" testListId="8c84fa94-04c1-424b-9868-57a2d4851a1d" />
    <TestEntry testId="b4b53b4f-883e-94e0-fef4-aaf250b86eec" executionId="6d42a35a-13c3-4bdf-99dc-9fdaa8920749" testListId="8c84fa94-04c1-424b-9868-57a2d4851a1d" />
    <TestEntry testId="432a45cf-3feb-7030-7c65-5254973ebb20" executionId="1eb7f67e-4140-4fa6-9271-0a45221e87c2" testListId="8c84fa94-04c1-424b-9868-57a2d4851a1d" />
    <TestEntry testId="3204b6d4-271a-3c48-7f1c-1d8f9fa8fb2f" executionId="9d1718a4-e431-4bd4-b615-fa49c507b28b" testListId="8c84fa94-04c1-424b-9868-57a2d4851a1d" />
    <TestEntry testId="d710cb6b-c383-23e9-04a7-380523480bf6" executionId="ea0fcbeb-0382-4a05-b78d-be43f94b1ab5" testListId="8c84fa94-04c1-424b-9868-57a2d4851a1d" />
    <TestEntry testId="2baa9530-1f3b-08c8-d90b-9f25fb854e03" executionId="2d86f879-4961-4abf-8f6a-003ffa6e658e" testListId="8c84fa94-04c1-424b-9868-57a2d4851a1d" />
    <TestEntry testId="073071ee-a9ec-09b5-e762-5a4e8dd50939" executionId="4d63d4f5-f3bc-4d82-9891-e5b4e31ceffe" testListId="8c84fa94-04c1-424b-9868-57a2d4851a1d" />
    <TestEntry testId="d8c85228-fbef-6713-8b24-27f4eac58477" executionId="66e0814c-f644-4e79-b446-c15bdad9bd14" testListId="8c84fa94-04c1-424b-9868-57a2d4851a1d" />
    <TestEntry testId="9a38b1c7-2744-f7db-489b-6f81a442d11b" executionId="8d804127-08c0-458a-a452-368bb21fbbea" testListId="8c84fa94-04c1-424b-9868-57a2d4851a1d" />
    <TestEntry testId="37ae04ae-6997-0ecf-07a1-64b6d7659569" executionId="10c0cdc8-d579-4c84-bc1c-715dab26cabd" testListId="8c84fa94-04c1-424b-9868-57a2d4851a1d" />
    <TestEntry testId="35b5f995-b2f1-b0ad-4d21-7b40aa694ec8" executionId="696fbed3-2347-4a35-bc78-6e75c56cc16b" testListId="8c84fa94-04c1-424b-9868-57a2d4851a1d" />
    <TestEntry testId="8a4d4995-3c1b-876f-b006-d12439f37a6d" executionId="73ab9e15-616d-4e11-a3bc-368eea389f00" testListId="8c84fa94-04c1-424b-9868-57a2d4851a1d" />
    <TestEntry testId="fbac2a6f-2233-86d4-ebd9-d19d11941509" executionId="d3efb930-0578-484f-bc78-6dd28a756b51" testListId="8c84fa94-04c1-424b-9868-57a2d4851a1d" />
    <TestEntry testId="54618795-0b49-cc31-65f0-11068addceea" executionId="7515caf8-9eba-44e4-a357-8680bf0cecb9" testListId="8c84fa94-04c1-424b-9868-57a2d4851a1d" />
    <TestEntry testId="3346e13c-f7e8-cb19-f9f1-938fc47b8c60" executionId="9143f465-a600-471f-abee-e0149788f8a4" testListId="8c84fa94-04c1-424b-9868-57a2d4851a1d" />
    <TestEntry testId="f9180ab0-97a0-1d07-1493-896e111e86f4" executionId="54a823b7-93cd-447a-aacc-9b8356dde4f6" testListId="8c84fa94-04c1-424b-9868-57a2d4851a1d" />
    <TestEntry testId="e833bb24-3fa7-84ca-0015-97d61c5799eb" executionId="3e1eb042-38b6-4351-ad8a-776bd3f3dc97" testListId="8c84fa94-04c1-424b-9868-57a2d4851a1d" />
    <TestEntry testId="455c6da2-80f5-0fe8-cc92-891d7de0d2ac" executionId="1a02a6fb-685a-442e-90b5-7634cb973a22" testListId="8c84fa94-04c1-424b-9868-57a2d4851a1d" />
    <TestEntry testId="ab87a2ac-ff1e-bd5f-59b1-9c79c2ca68fe" executionId="01bbf0f9-299d-420f-b1a6-6a9b1a66c6aa" testListId="8c84fa94-04c1-424b-9868-57a2d4851a1d" />
    <TestEntry testId="da74414c-6059-a1d1-7697-c9f6a432ab01" executionId="f3c26c76-123e-4771-b351-a27d2fa0fa1a" testListId="8c84fa94-04c1-424b-9868-57a2d4851a1d" />
    <TestEntry testId="a45efc73-9982-c081-715a-b39f84b6a0cd" executionId="edaaccf2-930d-44fd-80d6-44fafd3a58e1" testListId="8c84fa94-04c1-424b-9868-57a2d4851a1d" />
    <TestEntry testId="7121c8df-41fa-8d5a-4925-b5acec70433e" executionId="3d2d7f0c-f845-49a0-95bb-e335f09b8ff3" testListId="8c84fa94-04c1-424b-9868-57a2d4851a1d" />
    <TestEntry testId="c2ad7c56-01cc-4375-d0d2-2742c681c744" executionId="7a7e8b69-c91f-4948-8fbc-7f53e83b52f7" testListId="8c84fa94-04c1-424b-9868-57a2d4851a1d" />
    <TestEntry testId="7ca8a434-7012-c34d-5866-6521f620a2e4" executionId="0ff65fd6-d9cd-46bf-b1e5-2c82d9e7ba1c" testListId="8c84fa94-04c1-424b-9868-57a2d4851a1d" />
    <TestEntry testId="e288d304-5f35-f382-d06b-9b0ed9edf0e1" executionId="ef3f34fb-d15d-40b2-aab2-75f9a013198c" testListId="8c84fa94-04c1-424b-9868-57a2d4851a1d" />
    <TestEntry testId="b292696a-1665-7718-2677-c233de8e9b49" executionId="3b4f57ea-aa11-4104-93dc-b6c35d53818d" testListId="8c84fa94-04c1-424b-9868-57a2d4851a1d" />
    <TestEntry testId="7f983a5e-5f3c-ed76-0115-273409a0ed19" executionId="fc91a6d7-3004-4da8-9f75-ed5aa598032c" testListId="8c84fa94-04c1-424b-9868-57a2d4851a1d" />
    <TestEntry testId="49c08253-b1e4-f17b-bbba-a7e45be6cbd0" executionId="172aef32-24ed-47d2-b733-a52f08e7cd6b" testListId="8c84fa94-04c1-424b-9868-57a2d4851a1d" />
    <TestEntry testId="fca58915-8fae-a999-eb21-fb7a250b2818" executionId="6e60398b-7f25-448e-8048-7f5d11b9eb1d" testListId="8c84fa94-04c1-424b-9868-57a2d4851a1d" />
    <TestEntry testId="c37e3ceb-4de2-f887-5ba0-5f1d4459693f" executionId="b3100867-ee09-4d1a-84bf-f080111065d6" testListId="8c84fa94-04c1-424b-9868-57a2d4851a1d" />
    <TestEntry testId="63df17ff-7d87-8f4d-112e-c1a3760436bb" executionId="dbd10a99-d834-4392-9105-bfcaa9e207e5" testListId="8c84fa94-04c1-424b-9868-57a2d4851a1d" />
    <TestEntry testId="47224733-ad21-5fec-3afd-19ad43870d88" executionId="25a5ac44-71f3-488a-946a-5f2944fd4678" testListId="8c84fa94-04c1-424b-9868-57a2d4851a1d" />
    <TestEntry testId="6681258b-ffc2-f0da-0c92-25b111f465fa" executionId="f6fd42a2-88f3-409b-9262-930f032beee1" testListId="8c84fa94-04c1-424b-9868-57a2d4851a1d" />
    <TestEntry testId="015cbbb2-3ae8-0f0d-d16b-d3a0e1ee3da3" executionId="489a6b57-3e66-4525-8b7b-c0cc153503c3" testListId="8c84fa94-04c1-424b-9868-57a2d4851a1d" />
    <TestEntry testId="c66f0344-0d06-e154-dea7-64ff1ea75851" executionId="5e152555-1bc8-431d-90bb-3187dea9d826" testListId="8c84fa94-04c1-424b-9868-57a2d4851a1d" />
    <TestEntry testId="f710e014-90ce-d71f-9c5f-5c71e6c4af0c" executionId="cac948bb-2f5a-4310-ab9a-340e9c4102b8" testListId="8c84fa94-04c1-424b-9868-57a2d4851a1d" />
    <TestEntry testId="7ca40658-07ed-4fea-d08c-7887f7c6e388" executionId="45be221e-a0ad-4e67-a748-3f0d952f6f01" testListId="8c84fa94-04c1-424b-9868-57a2d4851a1d" />
    <TestEntry testId="12b1647d-efe3-c366-079d-2236800d0935" executionId="c4b2db75-fda8-40e0-9801-352c9b34606a" testListId="8c84fa94-04c1-424b-9868-57a2d4851a1d" />
    <TestEntry testId="0c425759-ee83-6c6c-bbbc-12b94eca1c61" executionId="04f5cfcb-f283-443a-84c5-e6f41b0737a9" testListId="8c84fa94-04c1-424b-9868-57a2d4851a1d" />
    <TestEntry testId="c34f42eb-c62c-cd70-fefe-eae8d43a9ea6" executionId="d569d33f-b091-412d-a678-de2ecd985b45" testListId="8c84fa94-04c1-424b-9868-57a2d4851a1d" />
    <TestEntry testId="787ee61a-eea4-f68b-10a6-56765d45d4e8" executionId="a7aedfd5-1b23-49a4-894f-f8945fd61586" testListId="8c84fa94-04c1-424b-9868-57a2d4851a1d" />
    <TestEntry testId="14807a36-cb4f-9f35-8679-aa8746cf4c38" executionId="d730525b-40fb-426b-b4dc-fd446df8b1af" testListId="8c84fa94-04c1-424b-9868-57a2d4851a1d" />
    <TestEntry testId="8c7cfc0f-91dd-5926-50e6-959c77c2ec34" executionId="b4ca6af8-25aa-4343-bd5c-fd6c0ad6875e" testListId="8c84fa94-04c1-424b-9868-57a2d4851a1d" />
    <TestEntry testId="f3077786-632a-26ad-8d51-86ff9f306fe4" executionId="e57f7e52-7167-4f3c-9907-67b87395b005" testListId="8c84fa94-04c1-424b-9868-57a2d4851a1d" />
    <TestEntry testId="dae60964-6fd2-ce46-6ae5-e5c61041a0e8" executionId="ff7bb639-b5c1-41e6-9149-e6324514232e" testListId="8c84fa94-04c1-424b-9868-57a2d4851a1d" />
    <TestEntry testId="bbaeb53f-2674-b2c2-8841-ab6f6884b997" executionId="2cade3d4-a0c2-43ba-b56b-afb28bfe1e98" testListId="8c84fa94-04c1-424b-9868-57a2d4851a1d" />
    <TestEntry testId="dc737986-5f31-39b1-5b21-1df0ec0bc6e2" executionId="9c448f45-6811-4228-8a3e-7f7272c3966e" testListId="8c84fa94-04c1-424b-9868-57a2d4851a1d" />
    <TestEntry testId="ed35a7f0-03d4-ea75-0507-862afb897619" executionId="8106f1ef-0cde-4dc9-a249-dfba562d6d73" testListId="8c84fa94-04c1-424b-9868-57a2d4851a1d" />
    <TestEntry testId="30772405-8178-0ea1-63c6-a4f72d01f565" executionId="a339ed1d-3be2-4394-8fd9-30bf836a5b81" testListId="8c84fa94-04c1-424b-9868-57a2d4851a1d" />
    <TestEntry testId="149b064f-9ac3-44fb-3775-5acbf6f1cace" executionId="a0ef7423-dde1-4f40-88fa-3f6a2f5f1396" testListId="8c84fa94-04c1-424b-9868-57a2d4851a1d" />
    <TestEntry testId="d974494d-63ae-7806-8273-c958d7210490" executionId="bf7e327b-190f-40fe-b54a-e9fb2e106999" testListId="8c84fa94-04c1-424b-9868-57a2d4851a1d" />
    <TestEntry testId="7cda1263-ac69-512e-7ac9-aa77b99959cd" executionId="c6e657ef-0d0a-4f35-a5e7-256cb873eef9" testListId="8c84fa94-04c1-424b-9868-57a2d4851a1d" />
    <TestEntry testId="6999d28b-b0a1-0e27-60a0-97e9ac879716" executionId="bc76c299-9ac6-43c8-b7a2-c8695a158410" testListId="8c84fa94-04c1-424b-9868-57a2d4851a1d" />
    <TestEntry testId="945b4c83-9f91-b5d9-8e70-c736523c2f6f" executionId="d3d32ba0-7daa-4dd3-b77c-d26291f1afdd" testListId="8c84fa94-04c1-424b-9868-57a2d4851a1d" />
    <TestEntry testId="d7c6fd34-24a6-6d61-4f74-e11b861b527b" executionId="15a84732-5255-4321-a0aa-daf1d162f1aa" testListId="8c84fa94-04c1-424b-9868-57a2d4851a1d" />
    <TestEntry testId="97f51352-286e-4e1f-35c9-41d9a4f5e756" executionId="5ec4c89b-a2ec-4a56-8552-437690193769" testListId="8c84fa94-04c1-424b-9868-57a2d4851a1d" />
    <TestEntry testId="199cdec6-ec51-273d-006c-9fb34f580f59" executionId="f7920ebe-38f4-498d-87cb-201e4a3edefe" testListId="8c84fa94-04c1-424b-9868-57a2d4851a1d" />
    <TestEntry testId="350c59fa-eaf2-6336-6861-38da01aa1d5e" executionId="20414ee7-cbf6-463f-b4a2-ed59c8724973" testListId="8c84fa94-04c1-424b-9868-57a2d4851a1d" />
    <TestEntry testId="e76554b4-34ba-70cf-dfc9-f4d63f94ac41" executionId="ab94eae5-d6e7-439b-b2c7-8130833fed2b" testListId="8c84fa94-04c1-424b-9868-57a2d4851a1d" />
    <TestEntry testId="5f26c092-7e48-0463-47d6-e2236b104caa" executionId="0cabeb5f-aec8-4437-b65d-b2f7c29ecd31" testListId="8c84fa94-04c1-424b-9868-57a2d4851a1d" />
    <TestEntry testId="d4872f30-d2e7-fc1d-f456-df3197080a48" executionId="44bb8f02-aac1-4d7e-b66f-f040a87f4068" testListId="8c84fa94-04c1-424b-9868-57a2d4851a1d" />
    <TestEntry testId="ed8d77e0-76a5-81b3-8198-30c2ee7d220a" executionId="95fa7fce-cf23-43e8-88ef-d9006d3c5582" testListId="8c84fa94-04c1-424b-9868-57a2d4851a1d" />
    <TestEntry testId="d21502bc-4956-5d51-6721-5ae0421be750" executionId="25483ce1-e691-4da4-a156-07601233cca5" testListId="8c84fa94-04c1-424b-9868-57a2d4851a1d" />
    <TestEntry testId="4203d4af-b5bf-b00b-9139-2a7c647d28e9" executionId="2938ec0b-c911-4212-86f7-bcf03e48ef3c" testListId="8c84fa94-04c1-424b-9868-57a2d4851a1d" />
    <TestEntry testId="8f753e63-32d9-0333-cd9b-b93644536674" executionId="62c24a36-20d3-423c-b8cd-a21b0c83ce7d" testListId="8c84fa94-04c1-424b-9868-57a2d4851a1d" />
    <TestEntry testId="a97eb8e2-cea3-70dd-d5ee-19b9b7f4e4bf" executionId="b026cc49-dbb4-41dd-b9fc-b3dedd048463" testListId="8c84fa94-04c1-424b-9868-57a2d4851a1d" />
    <TestEntry testId="652759b5-622f-10aa-539b-69455d2a0fcb" executionId="a7982007-2b6f-442d-86f3-7eae6239dd8b" testListId="8c84fa94-04c1-424b-9868-57a2d4851a1d" />
    <TestEntry testId="b7e67eb3-5e37-470d-ad59-462ac69a420c" executionId="68687f6d-b4bf-4718-a701-0fd0d087d594" testListId="8c84fa94-04c1-424b-9868-57a2d4851a1d" />
    <TestEntry testId="57bd8ba2-a7b1-3773-dd72-99c3e39978da" executionId="66afd3db-897b-48f8-aa35-d2a9ca4fcd27" testListId="8c84fa94-04c1-424b-9868-57a2d4851a1d" />
    <TestEntry testId="b4acbf62-a814-6c5c-b0cb-e93db772efce" executionId="a10d8471-fd07-4993-b75f-d4514f207e27" testListId="8c84fa94-04c1-424b-9868-57a2d4851a1d" />
    <TestEntry testId="d77fa2b3-cd91-4a80-9070-a6c107df2662" executionId="e7ec022d-0b58-4178-a6c9-cdb7fe449a2b" testListId="8c84fa94-04c1-424b-9868-57a2d4851a1d" />
    <TestEntry testId="cb294e8a-66b3-92e4-9b3b-b2ff0e864477" executionId="ab08b3dc-0738-44d7-b8de-05a43f34e023" testListId="8c84fa94-04c1-424b-9868-57a2d4851a1d" />
    <TestEntry testId="1757e59b-40da-bd94-15dd-39f1d4194c31" executionId="64db757a-dbef-4e9b-b113-fdfa1a951cfe" testListId="8c84fa94-04c1-424b-9868-57a2d4851a1d" />
    <TestEntry testId="1242f06f-0c87-0502-1a6f-b0f180763fd7" executionId="353bbac9-d13f-40e0-a578-d713ed46bf44" testListId="8c84fa94-04c1-424b-9868-57a2d4851a1d" />
    <TestEntry testId="ae62f6d0-4efb-1563-b9f4-62dadf9c392c" executionId="806b85eb-c8c1-4bf5-93ad-f372562e0885" testListId="8c84fa94-04c1-424b-9868-57a2d4851a1d" />
    <TestEntry testId="f5cc9535-b7e6-daa3-8b93-880b7a1798ad" executionId="a29fd271-266e-47d2-a186-9dd68b47c079" testListId="8c84fa94-04c1-424b-9868-57a2d4851a1d" />
    <TestEntry testId="33dd535d-bccc-f095-c4f3-483569c16d21" executionId="e79c18f3-0495-47e0-baad-de7660560b84" testListId="8c84fa94-04c1-424b-9868-57a2d4851a1d" />
    <TestEntry testId="c620d01b-a235-adbe-ef3b-c8f7cbb07bda" executionId="acf60211-f093-41ba-90ba-99333c6d5bb4" testListId="8c84fa94-04c1-424b-9868-57a2d4851a1d" />
    <TestEntry testId="854a54be-59a6-d3a9-c68f-32fd5f490d07" executionId="c9f73f6f-2b38-4020-a6a7-07ae84284bec" testListId="8c84fa94-04c1-424b-9868-57a2d4851a1d" />
    <TestEntry testId="e671fc0c-9f3c-71e0-8b22-c4f68d735e7f" executionId="951138d9-9d76-4f5b-aa01-ef1ce29ae428" testListId="8c84fa94-04c1-424b-9868-57a2d4851a1d" />
    <TestEntry testId="84a40563-ae3e-05c4-e02d-b8d79f27ea48" executionId="840d78e7-0798-4a0f-a40c-d783e7b9a425" testListId="8c84fa94-04c1-424b-9868-57a2d4851a1d" />
    <TestEntry testId="390e2c5d-d097-3631-576d-cd317912483e" executionId="5ae98d0b-b4db-49b1-85d1-9426a149d897" testListId="8c84fa94-04c1-424b-9868-57a2d4851a1d" />
    <TestEntry testId="597f2f58-81bb-4d82-b5c8-d8c0619f1925" executionId="259d045a-93e6-4d55-a612-6d898da35b62" testListId="8c84fa94-04c1-424b-9868-57a2d4851a1d" />
    <TestEntry testId="80e1e452-82cf-b088-db40-d28f7d32c62d" executionId="5c964b1d-224e-42ee-a64e-4e7ae91da2af" testListId="8c84fa94-04c1-424b-9868-57a2d4851a1d" />
    <TestEntry testId="a6493ade-3aba-8e55-3d5b-e3a18089f41b" executionId="8816096e-5f09-4dab-bf32-a15020441c74" testListId="8c84fa94-04c1-424b-9868-57a2d4851a1d" />
    <TestEntry testId="64e7256a-b290-3467-22a6-88571ed2d255" executionId="90ea84ff-f0c6-4e3f-b4a9-33578bb1ea0b" testListId="8c84fa94-04c1-424b-9868-57a2d4851a1d" />
    <TestEntry testId="b7dfb3e8-2e47-78f3-b474-5d161942d69f" executionId="b847f5e7-4395-4d3d-8112-6c290b6be64c" testListId="8c84fa94-04c1-424b-9868-57a2d4851a1d" />
    <TestEntry testId="aaab9dde-be84-0ade-c90f-e582e149ad8f" executionId="75846c8f-815c-45c9-a4e9-5135309e4c94" testListId="8c84fa94-04c1-424b-9868-57a2d4851a1d" />
    <TestEntry testId="47bead1c-a537-8842-47a7-b3ba583fe988" executionId="9a9014a4-1076-4bba-b90d-df18ade7bd1c" testListId="8c84fa94-04c1-424b-9868-57a2d4851a1d" />
    <TestEntry testId="e6a27a32-2825-5e2a-a774-c78b32a20322" executionId="c8cf2433-5bd7-4c83-b4aa-5aa6efed6fa7" testListId="8c84fa94-04c1-424b-9868-57a2d4851a1d" />
    <TestEntry testId="f952c068-f034-3ff2-3bf8-7e5b673c1e64" executionId="d4214b0d-1a9b-487c-9e81-62164d32b5a7" testListId="8c84fa94-04c1-424b-9868-57a2d4851a1d" />
    <TestEntry testId="df434b1a-bd33-b3a0-035c-8fb9149eaa0e" executionId="cd408300-720a-473d-a061-e435dc6eed80" testListId="8c84fa94-04c1-424b-9868-57a2d4851a1d" />
    <TestEntry testId="c453d029-07d1-c3a5-eeb3-4f67d3418e09" executionId="5a4523ef-87a4-46a1-947a-1fffcb6d2ddb" testListId="8c84fa94-04c1-424b-9868-57a2d4851a1d" />
    <TestEntry testId="221c6f5c-67df-3e64-4570-740aa30cf80e" executionId="be6bf39c-0a4e-4e0a-bdc8-b36b5fc12b5c" testListId="8c84fa94-04c1-424b-9868-57a2d4851a1d" />
    <TestEntry testId="46dd7f69-3eb9-c12b-fd9e-271331372eba" executionId="500e6e91-d280-4639-9347-0599ac288971" testListId="8c84fa94-04c1-424b-9868-57a2d4851a1d" />
    <TestEntry testId="c16412a0-c100-f8dd-8f2b-f63db635bf73" executionId="a21a5da0-c1d9-46d7-9cd9-ed7239f6b5c7" testListId="8c84fa94-04c1-424b-9868-57a2d4851a1d" />
    <TestEntry testId="3369c6d4-ee50-9d6e-0705-4fc6884cc7fb" executionId="d5f25e22-921c-4b57-a2b4-033f89bbbec6" testListId="8c84fa94-04c1-424b-9868-57a2d4851a1d" />
    <TestEntry testId="6fad06d6-6e6b-b6b2-c6ce-b133426e326c" executionId="a182b653-2540-4687-98ba-c8d6dbaa6807" testListId="8c84fa94-04c1-424b-9868-57a2d4851a1d" />
    <TestEntry testId="afde7264-8c54-4b55-3afb-8cc9db7bdd2c" executionId="71bf33fc-9d33-4132-ade4-ddbef203bce9" testListId="8c84fa94-04c1-424b-9868-57a2d4851a1d" />
    <TestEntry testId="11fef51e-1413-6166-5290-53a01cd14134" executionId="dcc12804-2e8f-4e43-b22c-9e311f3bde2c" testListId="8c84fa94-04c1-424b-9868-57a2d4851a1d" />
    <TestEntry testId="42e0893f-9727-8df7-fab4-99edc06f1ca2" executionId="40065878-2e5f-4002-bc4d-78c37f678a43" testListId="8c84fa94-04c1-424b-9868-57a2d4851a1d" />
    <TestEntry testId="2b4d39ea-1010-36f3-4fa9-2911297ae4a4" executionId="256358f4-753a-4633-91b3-b7c4d44a409f" testListId="8c84fa94-04c1-424b-9868-57a2d4851a1d" />
    <TestEntry testId="6eb63bb3-0a07-3cfb-8d0a-86ee2a28be11" executionId="3e666fe9-edca-4f4a-b4ea-8433ccb97cd1" testListId="8c84fa94-04c1-424b-9868-57a2d4851a1d" />
    <TestEntry testId="b583fd3b-a208-f88c-adeb-f397f1f95808" executionId="2fa16ac7-10f6-4b0f-914e-014e6c929249" testListId="8c84fa94-04c1-424b-9868-57a2d4851a1d" />
    <TestEntry testId="cc482776-e68c-2c6f-b7ea-c8334df0cc99" executionId="b82e3522-e25f-43e5-ad7b-94595a9a6dcb" testListId="8c84fa94-04c1-424b-9868-57a2d4851a1d" />
    <TestEntry testId="188f8c25-7b8a-3022-0d47-4b40a28cebbb" executionId="67226d20-8778-4ae9-ac4b-8ce0e6bb3f59" testListId="8c84fa94-04c1-424b-9868-57a2d4851a1d" />
    <TestEntry testId="29212116-6a0b-3ffd-ae50-19c86a9244cc" executionId="80b0b45b-f6f2-478f-bf79-4cb82e1928c4" testListId="8c84fa94-04c1-424b-9868-57a2d4851a1d" />
    <TestEntry testId="51482505-ca37-9cd6-7636-ffa697390b81" executionId="342de468-924e-4be4-8198-ddb56230780a" testListId="8c84fa94-04c1-424b-9868-57a2d4851a1d" />
    <TestEntry testId="7d3b3df9-6c4c-813c-3fe6-820682e70bdf" executionId="db20a6eb-fa37-4131-8cdb-70b6288ec92b" testListId="8c84fa94-04c1-424b-9868-57a2d4851a1d" />
    <TestEntry testId="82581c83-f8ac-d2d4-2282-bfb72f7ace78" executionId="44086d31-4a96-4588-acf3-a4ce5cb9c632" testListId="8c84fa94-04c1-424b-9868-57a2d4851a1d" />
    <TestEntry testId="8427d757-e615-3911-b8e1-c6a9d939c66c" executionId="7d9c8680-e0be-4938-a661-396ffe14836c" testListId="8c84fa94-04c1-424b-9868-57a2d4851a1d" />
    <TestEntry testId="6da1ad54-af03-13ff-88b0-777550297923" executionId="eb815d0c-0462-4c3a-99fc-ebdd5d38e0f0" testListId="8c84fa94-04c1-424b-9868-57a2d4851a1d" />
    <TestEntry testId="9bd97529-6ca2-0a88-ecb8-dfa8925597ef" executionId="f502c910-8f76-4841-bf53-c5a9d9efcf62" testListId="8c84fa94-04c1-424b-9868-57a2d4851a1d" />
    <TestEntry testId="3cdeee93-383b-1b35-6fc8-87b7d5d7dcac" executionId="db3d8b4f-a121-4e3d-8bee-c49def92fdc3" testListId="8c84fa94-04c1-424b-9868-57a2d4851a1d" />
    <TestEntry testId="2b698e66-74fb-6c00-069a-969a34e3db3a" executionId="bb0cb8a9-eaaf-4426-8a31-6b45848ef660" testListId="8c84fa94-04c1-424b-9868-57a2d4851a1d" />
    <TestEntry testId="3215309a-c170-3a90-36e8-c896704e6333" executionId="6d3d0f58-d9f8-4b82-af1d-74790dc0a8b8" testListId="8c84fa94-04c1-424b-9868-57a2d4851a1d" />
    <TestEntry testId="fd462d91-75b7-b364-0ac2-28f926aa5acd" executionId="721865c3-bc6b-443d-904c-520777a8005c" testListId="8c84fa94-04c1-424b-9868-57a2d4851a1d" />
    <TestEntry testId="043e653c-51c1-1e91-2072-c6aa4ad8dfeb" executionId="bbf38780-b1fb-4ca4-9070-4ac62747c1b7" testListId="8c84fa94-04c1-424b-9868-57a2d4851a1d" />
    <TestEntry testId="2716e864-2686-b94f-0317-399f0994a985" executionId="9af82cb4-da50-4dcc-9803-c9fc44340850" testListId="8c84fa94-04c1-424b-9868-57a2d4851a1d" />
    <TestEntry testId="97763cfc-7d38-77f7-1969-32e195ae413f" executionId="8335324d-c7d5-47fb-bc7a-a05e9b63a752" testListId="8c84fa94-04c1-424b-9868-57a2d4851a1d" />
    <TestEntry testId="50ac9240-7e70-f521-a930-8425f2e1e8c4" executionId="b3c94bd1-9184-49a3-a358-58316fd4d0d1" testListId="8c84fa94-04c1-424b-9868-57a2d4851a1d" />
    <TestEntry testId="cee32012-58c3-68f0-2859-0edd65456cf2" executionId="8079979b-5ec7-47d7-87ee-38d65efd7ba6" testListId="8c84fa94-04c1-424b-9868-57a2d4851a1d" />
    <TestEntry testId="6da29afb-8acf-3f8d-692b-690d3f268744" executionId="d1c236b7-b35e-415c-b6cf-088585b7fef3" testListId="8c84fa94-04c1-424b-9868-57a2d4851a1d" />
    <TestEntry testId="14375da6-0c80-56ea-8d0d-fd5af8584025" executionId="e19487c2-0a6a-4364-9457-187ee07507bb" testListId="8c84fa94-04c1-424b-9868-57a2d4851a1d" />
    <TestEntry testId="a64a4521-eb75-1b0e-49ca-196652940e73" executionId="19265993-81e7-43f4-bbe3-ba3816b15c09" testListId="8c84fa94-04c1-424b-9868-57a2d4851a1d" />
    <TestEntry testId="f31307eb-7ac9-c75e-b886-051d44063f63" executionId="19b6a60a-23d1-4d6b-89a5-7a79297b63f9" testListId="8c84fa94-04c1-424b-9868-57a2d4851a1d" />
    <TestEntry testId="f144e82e-b1a8-81fa-ae3f-f634d720ce68" executionId="1d727f87-7377-4044-97e4-8d9ea8e1bf0e" testListId="8c84fa94-04c1-424b-9868-57a2d4851a1d" />
    <TestEntry testId="e0f9e943-40a9-c69d-3157-2bda05edf6aa" executionId="06839851-16c1-4d2b-895c-4c3f012c7456" testListId="8c84fa94-04c1-424b-9868-57a2d4851a1d" />
    <TestEntry testId="207c734e-48ea-b6e3-83cc-3b0a65265019" executionId="70c49015-d3b0-45bf-ae53-7d1e878321aa" testListId="8c84fa94-04c1-424b-9868-57a2d4851a1d" />
    <TestEntry testId="fcc71f98-4fa9-3c89-a58d-cfe34dc4476c" executionId="ed09105a-20ad-4703-b498-72ad23c47e3f" testListId="8c84fa94-04c1-424b-9868-57a2d4851a1d" />
    <TestEntry testId="1b5117b5-2de0-24e5-94e2-f368e4d15b39" executionId="ccc4ec76-de8a-4253-a9e8-22037ff2e2da" testListId="8c84fa94-04c1-424b-9868-57a2d4851a1d" />
    <TestEntry testId="184dde77-5a92-558e-ebbc-812bb20e2c0f" executionId="745ab8b4-95b1-42af-8bfa-e363214fee20" testListId="8c84fa94-04c1-424b-9868-57a2d4851a1d" />
    <TestEntry testId="071ac8b1-07a6-4ae6-7403-5c16e58426a3" executionId="40484f00-d64d-4af7-82c9-1a72c0b26c7d" testListId="8c84fa94-04c1-424b-9868-57a2d4851a1d" />
    <TestEntry testId="42206c17-853c-7b3a-7834-e4be8b79460f" executionId="b86f0fdd-f934-4b36-82b1-06c0051197fe" testListId="8c84fa94-04c1-424b-9868-57a2d4851a1d" />
    <TestEntry testId="171feea5-abd8-a592-59bf-79484281ec17" executionId="cbde2bb2-abe9-4d3c-87fe-b8c4b3a6508c" testListId="8c84fa94-04c1-424b-9868-57a2d4851a1d" />
    <TestEntry testId="3def0511-4e40-2e00-f9b9-6bb18ace3fe8" executionId="da77257e-4284-44df-9195-4748331ac3e1" testListId="8c84fa94-04c1-424b-9868-57a2d4851a1d" />
    <TestEntry testId="b0e10c91-c024-4a15-62c7-840e030250c4" executionId="9347448d-63a4-4c02-9900-02531dcee012" testListId="8c84fa94-04c1-424b-9868-57a2d4851a1d" />
    <TestEntry testId="284a6b15-0a7d-d4a1-ae93-88897a496866" executionId="27fc8959-4a91-4372-9108-1d075c9d11b8" testListId="8c84fa94-04c1-424b-9868-57a2d4851a1d" />
    <TestEntry testId="e9e0e7d6-a421-cf24-61f6-b52746752039" executionId="03070c64-ff54-407e-9906-069c461c5b41" testListId="8c84fa94-04c1-424b-9868-57a2d4851a1d" />
    <TestEntry testId="d48c488e-fbbb-1e36-d1b4-d630148880b0" executionId="bf81398c-04c7-4d7f-a56b-b48c98fbf2d1" testListId="8c84fa94-04c1-424b-9868-57a2d4851a1d" />
    <TestEntry testId="3a37d654-c030-a07d-9c40-73fc97223ffe" executionId="b7cb6880-58f4-4896-8ffc-9a9547a70dce" testListId="8c84fa94-04c1-424b-9868-57a2d4851a1d" />
    <TestEntry testId="3c8130e7-463f-39e3-1454-66e2409862a6" executionId="8f712dc3-6354-4421-b4b9-60b0969b8435" testListId="8c84fa94-04c1-424b-9868-57a2d4851a1d" />
    <TestEntry testId="cf838b6b-7995-4cd7-4849-142f7382a183" executionId="7b32e4aa-78d9-4f76-8191-121610ba1afc" testListId="8c84fa94-04c1-424b-9868-57a2d4851a1d" />
    <TestEntry testId="63f149e4-246e-312e-204b-29ba70cef87d" executionId="d0253cd9-1a6f-478f-940b-3e64bbd228b7" testListId="8c84fa94-04c1-424b-9868-57a2d4851a1d" />
    <TestEntry testId="9636a1f1-1232-f981-d42a-36589836bff4" executionId="18036f58-0694-41b8-8a57-01c03a499bf4" testListId="8c84fa94-04c1-424b-9868-57a2d4851a1d" />
    <TestEntry testId="10f7e539-95db-7d97-e660-3fdca86f07c0" executionId="81944e86-29b8-4cd2-b582-78ef9be095eb" testListId="8c84fa94-04c1-424b-9868-57a2d4851a1d" />
    <TestEntry testId="ecb78db4-fbd8-8b6b-a357-e550309c3c9c" executionId="fffc9bf1-dc42-4e33-b200-16750682fd1d" testListId="8c84fa94-04c1-424b-9868-57a2d4851a1d" />
    <TestEntry testId="e886f146-563d-6db0-f755-1724a8f2f2c8" executionId="7dad5a97-a994-4355-a37a-93d048823efe" testListId="8c84fa94-04c1-424b-9868-57a2d4851a1d" />
    <TestEntry testId="09064739-d6f3-b35b-43e1-f9b5634afbd3" executionId="9485892d-59f7-4999-8847-70ce2920ad79" testListId="8c84fa94-04c1-424b-9868-57a2d4851a1d" />
    <TestEntry testId="0e8eb8b8-1a42-be54-07c1-244508590add" executionId="dd2084ac-9299-4739-89de-011833374401" testListId="8c84fa94-04c1-424b-9868-57a2d4851a1d" />
    <TestEntry testId="715b0ee1-c454-706c-d41f-d24a89af9ced" executionId="0c5d61b2-f974-4fd5-9b05-dc02c5e54041" testListId="8c84fa94-04c1-424b-9868-57a2d4851a1d" />
    <TestEntry testId="e7590a2a-9404-cfd8-85e4-42ebf7fee746" executionId="35dfdcca-6bc9-4432-a5a3-ba4613a71556" testListId="8c84fa94-04c1-424b-9868-57a2d4851a1d" />
    <TestEntry testId="faece781-49e2-4e59-ebf9-bba502576c3c" executionId="0db7aff0-4946-4e72-8ef4-039c392c2af6" testListId="8c84fa94-04c1-424b-9868-57a2d4851a1d" />
    <TestEntry testId="b0add685-1c58-f35e-e4aa-57de22bf2774" executionId="e0b04094-b8ef-4288-b929-cbbc2dbc2f67" testListId="8c84fa94-04c1-424b-9868-57a2d4851a1d" />
    <TestEntry testId="702b2a99-3d22-8fb5-d555-a5570edf1677" executionId="4d413b10-5445-4e9a-95fd-24cce6cb1dea" testListId="8c84fa94-04c1-424b-9868-57a2d4851a1d" />
    <TestEntry testId="c3c6004f-1cee-dde7-31e1-dc9ac6e20c92" executionId="716df86e-de1b-4d36-80da-d6710caf84c1" testListId="8c84fa94-04c1-424b-9868-57a2d4851a1d" />
    <TestEntry testId="ba03e836-1476-7d35-ae0b-6b2da7f85509" executionId="220f6398-188a-42d3-a57b-c9aeb3afc35a" testListId="8c84fa94-04c1-424b-9868-57a2d4851a1d" />
    <TestEntry testId="f92d7d34-ac45-0e70-f396-9fcde6a3e066" executionId="f6e9b041-31c2-4397-9414-c9c8bf205a6c" testListId="8c84fa94-04c1-424b-9868-57a2d4851a1d" />
    <TestEntry testId="a2ceebde-d242-3694-fb90-e4ca65781850" executionId="5cfb427c-c781-4df4-91a7-7c58ea0f07f1" testListId="8c84fa94-04c1-424b-9868-57a2d4851a1d" />
    <TestEntry testId="af2a8788-f2d5-ea21-a188-f51e4691cee7" executionId="a062f2c7-8c42-4912-ab31-42d26901c0a9" testListId="8c84fa94-04c1-424b-9868-57a2d4851a1d" />
    <TestEntry testId="1189299d-d6c8-7716-1cc1-5c418c696590" executionId="7a86c344-80f0-4b57-8ba2-b7d02ddeea93" testListId="8c84fa94-04c1-424b-9868-57a2d4851a1d" />
    <TestEntry testId="9aaaf4ba-8359-75df-6568-0739721a7d97" executionId="b9d95fac-859c-49f5-85f1-52e368ed643a" testListId="8c84fa94-04c1-424b-9868-57a2d4851a1d" />
    <TestEntry testId="018fb1d0-368a-28a4-c323-ba8d6e4a76b9" executionId="d414cb9d-0fad-4b6e-bb2b-16d5cf86fe36" testListId="8c84fa94-04c1-424b-9868-57a2d4851a1d" />
    <TestEntry testId="2ce1ff21-6093-7b3b-54d2-6773bfebe33a" executionId="4131c705-034b-4c3e-ac83-73c5dbc1c0fc" testListId="8c84fa94-04c1-424b-9868-57a2d4851a1d" />
    <TestEntry testId="471a9d0c-0431-d46b-1459-094d77836e47" executionId="3a5e8c1f-a358-40b1-bbe7-15357e1d1972" testListId="8c84fa94-04c1-424b-9868-57a2d4851a1d" />
    <TestEntry testId="faf9bd45-1e34-2d61-de4a-11b39437c102" executionId="9f400b6b-1db8-4f6f-a868-81b6348e68b1" testListId="8c84fa94-04c1-424b-9868-57a2d4851a1d" />
    <TestEntry testId="4fb4182c-2a3f-97bb-507b-d3ceb3937b43" executionId="698f781f-1a23-4e7a-9d34-b7eeedae511b" testListId="8c84fa94-04c1-424b-9868-57a2d4851a1d" />
    <TestEntry testId="3e97705f-0ff9-64fe-c5d8-6844deb02dbb" executionId="f566498b-c971-4725-bcfd-80cbb055644a" testListId="8c84fa94-04c1-424b-9868-57a2d4851a1d" />
    <TestEntry testId="f666c42d-aace-c940-638f-8ab4e58f4377" executionId="7e1ade49-d600-4fd7-b8b9-b49cdb67c861" testListId="8c84fa94-04c1-424b-9868-57a2d4851a1d" />
    <TestEntry testId="d4e46870-eb38-895f-fa8d-62938fc8e119" executionId="0ccceb50-954f-4d4e-958b-8bab053a2698" testListId="8c84fa94-04c1-424b-9868-57a2d4851a1d" />
    <TestEntry testId="9a0ec1ee-717c-f9be-241c-4cf9cb866a4c" executionId="8cbe0cd2-f7a3-4fbc-ac91-38c4cca20fa4" testListId="8c84fa94-04c1-424b-9868-57a2d4851a1d" />
    <TestEntry testId="1fb4c865-1faa-3cb2-dba2-5caed6ef1c09" executionId="32fc8530-05eb-45c5-ac1f-64c69d6432ec" testListId="8c84fa94-04c1-424b-9868-57a2d4851a1d" />
    <TestEntry testId="f4ab981e-0c0f-f2f3-f99e-665599b904ff" executionId="7a5cf5ac-7754-4ad4-a6e7-e57727f83716" testListId="8c84fa94-04c1-424b-9868-57a2d4851a1d" />
    <TestEntry testId="e6de12d3-0261-772c-f490-e9dbb1bb9e62" executionId="2fa6dca5-691e-4fd0-bff0-3c470451a936" testListId="8c84fa94-04c1-424b-9868-57a2d4851a1d" />
    <TestEntry testId="411bf916-58a4-1dad-e0e6-3f86688192cf" executionId="437c3cdf-3bba-419f-9a3a-cd080249ebe2" testListId="8c84fa94-04c1-424b-9868-57a2d4851a1d" />
    <TestEntry testId="708fbd07-d518-bb6a-de51-1d178c785f47" executionId="fab5ff10-cca3-49ad-a521-25e03c6bf2bb" testListId="8c84fa94-04c1-424b-9868-57a2d4851a1d" />
    <TestEntry testId="73ba8d8b-63f0-7559-fdd9-22c8ccb33146" executionId="2676bea5-e69d-4581-bd8b-09fe4a0aa65a" testListId="8c84fa94-04c1-424b-9868-57a2d4851a1d" />
    <TestEntry testId="52501ffb-ac7e-ad78-d1e0-6621a5b53480" executionId="fc51527f-4523-4680-aae4-f16134d71815" testListId="8c84fa94-04c1-424b-9868-57a2d4851a1d" />
    <TestEntry testId="9586cc92-f1bb-653a-bd17-70b79fb89f50" executionId="3a3491b6-a97c-4f38-ba8c-e10d2adbd003" testListId="8c84fa94-04c1-424b-9868-57a2d4851a1d" />
    <TestEntry testId="07465ce7-6373-2a9f-806a-3101b38a9200" executionId="668447e0-e04b-43f9-9168-4ec9d60db9ef" testListId="8c84fa94-04c1-424b-9868-57a2d4851a1d" />
    <TestEntry testId="d8aaa504-6178-a22d-3fb8-ce2b255c46bf" executionId="74499611-add2-45a5-b6e1-f2d114caea5e" testListId="8c84fa94-04c1-424b-9868-57a2d4851a1d" />
    <TestEntry testId="30200921-e950-e3ac-a65b-a4bfe480ca8a" executionId="93c6b752-f00f-46e7-a32e-45525424720d" testListId="8c84fa94-04c1-424b-9868-57a2d4851a1d" />
    <TestEntry testId="80e1e452-82cf-b088-db40-d28f7d32c62d" executionId="42f811a3-cf4a-452b-9f8a-caa2d577bce6" testListId="8c84fa94-04c1-424b-9868-57a2d4851a1d" />
    <TestEntry testId="4aa175c2-c268-2aa8-a9f4-2e34c2367c47" executionId="116d4895-fdcf-4b54-8761-83263170f813" testListId="8c84fa94-04c1-424b-9868-57a2d4851a1d" />
    <TestEntry testId="41d4421e-5dd5-6cec-027d-d4227fb48184" executionId="004e655b-c085-4d9c-b960-ff10a79d9f2e" testListId="8c84fa94-04c1-424b-9868-57a2d4851a1d" />
    <TestEntry testId="6b0b8696-32c2-657c-f281-65444866a1da" executionId="0b5b3f26-00fd-44f0-bbf3-8350e8fe5487" testListId="8c84fa94-04c1-424b-9868-57a2d4851a1d" />
    <TestEntry testId="b3f5f35c-92f5-1335-49e4-d72ffb56774b" executionId="cac6d934-77d7-4774-9f90-1ff47dc96d23" testListId="8c84fa94-04c1-424b-9868-57a2d4851a1d" />
    <TestEntry testId="6480e990-929e-4f74-6838-96e2b97d0c00" executionId="57dc56c5-534c-45d1-ad7a-7abb10176636" testListId="8c84fa94-04c1-424b-9868-57a2d4851a1d" />
    <TestEntry testId="22f57bdb-c5ee-b53f-99a9-02334618ffe6" executionId="c8536a2b-5617-487e-b868-c82fe7ebc5fd" testListId="8c84fa94-04c1-424b-9868-57a2d4851a1d" />
    <TestEntry testId="9060a50a-9771-de76-4b8f-daa876d7df09" executionId="8d9e4f74-efc2-4ea9-9f40-713f5318e68d" testListId="8c84fa94-04c1-424b-9868-57a2d4851a1d" />
    <TestEntry testId="f80158fa-d75f-54b9-6b80-4f00a7c4aaf2" executionId="4046a3f8-2f72-4cc4-9405-46359ba292fe" testListId="8c84fa94-04c1-424b-9868-57a2d4851a1d" />
    <TestEntry testId="88e52a12-1a52-4078-5db4-c86ba1c3b447" executionId="10ef1349-e45b-47cd-8fbd-64e785ba8b1b" testListId="8c84fa94-04c1-424b-9868-57a2d4851a1d" />
    <TestEntry testId="c6aa84d9-56b3-333b-31b6-309528e6353e" executionId="039be0e2-bff8-4aa8-92c1-8af3afbea630" testListId="8c84fa94-04c1-424b-9868-57a2d4851a1d" />
    <TestEntry testId="d2ac6e2c-d244-6600-ac41-33c9ad0aa47c" executionId="69f38393-2b5a-4d69-a3f8-a1781020aa4c" testListId="8c84fa94-04c1-424b-9868-57a2d4851a1d" />
    <TestEntry testId="70311a0a-2853-d903-384a-e493017e2da4" executionId="c8694740-d311-45ae-9fae-68ba62004727" testListId="8c84fa94-04c1-424b-9868-57a2d4851a1d" />
    <TestEntry testId="20d15238-c18d-570b-67ce-21919cbfc0d7" executionId="72fe80be-3f2d-4d8d-b193-85bbc441a7fb" testListId="8c84fa94-04c1-424b-9868-57a2d4851a1d" />
    <TestEntry testId="7ef6fc17-41f7-b6dd-5a72-5e5de8ea26a4" executionId="e5d80fb4-9b14-4118-b6cc-7567b6e345c8" testListId="8c84fa94-04c1-424b-9868-57a2d4851a1d" />
    <TestEntry testId="54d37202-700f-6df9-4a02-04121275df7c" executionId="4201af67-c2fd-46ad-97ee-7a9d528d1808" testListId="8c84fa94-04c1-424b-9868-57a2d4851a1d" />
    <TestEntry testId="43d61832-991c-baec-6981-658713b1dd1b" executionId="4be8b11d-0578-4a3d-9a6b-1de39fbb5538" testListId="8c84fa94-04c1-424b-9868-57a2d4851a1d" />
    <TestEntry testId="18372786-9c22-e3d6-04ef-6b4e808d181a" executionId="c49f30ba-2b5f-4606-b1c9-b55bf124eadf" testListId="8c84fa94-04c1-424b-9868-57a2d4851a1d" />
    <TestEntry testId="3f3233bd-4893-b779-69f6-789d6f6a1d9a" executionId="739cc4f3-0ecd-4f14-bbe0-b4d4164ba1f4" testListId="8c84fa94-04c1-424b-9868-57a2d4851a1d" />
    <TestEntry testId="0a4bd700-62ec-92c2-9d2a-4cd013e53bcb" executionId="f815b8b1-58ac-4ff4-8981-057b6566e31e" testListId="8c84fa94-04c1-424b-9868-57a2d4851a1d" />
    <TestEntry testId="965562eb-8289-311d-8c35-1161a699ffcd" executionId="2d9c39f1-fccb-4273-b4be-ae2dcb7aacc9" testListId="8c84fa94-04c1-424b-9868-57a2d4851a1d" />
    <TestEntry testId="6e09ad1b-dc7a-2da6-6085-ead018e4d60b" executionId="000b4e97-4a7c-4c10-9b5f-21ddaa0b571e" testListId="8c84fa94-04c1-424b-9868-57a2d4851a1d" />
    <TestEntry testId="628ededf-b510-91fa-7712-c59b72f0952a" executionId="7466bf25-09e7-41ea-8dae-b28226ca9d8c" testListId="8c84fa94-04c1-424b-9868-57a2d4851a1d" />
    <TestEntry testId="a565b306-850e-b284-c6c4-6f49c2eabf91" executionId="c7e4f7e6-7eb2-4a8b-915e-9c088c18629c" testListId="8c84fa94-04c1-424b-9868-57a2d4851a1d" />
    <TestEntry testId="929085e5-a3c9-9121-b306-acebdc919f57" executionId="2f18f2b9-e425-4294-be72-da11b71acc0c" testListId="8c84fa94-04c1-424b-9868-57a2d4851a1d" />
    <TestEntry testId="9c84fcaa-119c-eb3e-55a7-125cbe865eba" executionId="0d264923-df61-4571-8b84-451fe0d827f3" testListId="8c84fa94-04c1-424b-9868-57a2d4851a1d" />
    <TestEntry testId="5711c871-ad4e-1c97-b7af-50ef5d9eff82" executionId="57fe210b-907a-4059-a355-3e64aafd1712" testListId="8c84fa94-04c1-424b-9868-57a2d4851a1d" />
    <TestEntry testId="87907f38-5e5a-055c-b4ad-972d80a0d676" executionId="a0edef46-be53-484a-95ae-4f0e5a53c84a" testListId="8c84fa94-04c1-424b-9868-57a2d4851a1d" />
    <TestEntry testId="e321a84a-46d6-5a10-48a6-04d6f541eeb1" executionId="99dd2ac2-6df8-41aa-88c9-b3b0d938ff86" testListId="8c84fa94-04c1-424b-9868-57a2d4851a1d" />
    <TestEntry testId="743f0fe4-79cc-4cbd-b2f9-4683eb98d09d" executionId="37a0ace6-1887-40f6-bb84-f47c081f3aa9" testListId="8c84fa94-04c1-424b-9868-57a2d4851a1d" />
    <TestEntry testId="7d0d6edf-f56b-d148-3827-35b36e3e80c4" executionId="de054fd6-8821-43e6-adee-72d63d261461" testListId="8c84fa94-04c1-424b-9868-57a2d4851a1d" />
    <TestEntry testId="e5ac7c8b-5d6c-e4aa-7715-b9b1e7a9023f" executionId="ef993768-620b-4bcd-95a0-3633083e6c5a" testListId="8c84fa94-04c1-424b-9868-57a2d4851a1d" />
    <TestEntry testId="cf2bce97-0784-515c-e2f5-b39bb123cf9f" executionId="c604703e-e18c-4db5-a3f4-041a6f52893b" testListId="8c84fa94-04c1-424b-9868-57a2d4851a1d" />
    <TestEntry testId="720fe66f-b8b5-d4e5-7a83-b546dcd33e63" executionId="ceb0801d-4e53-48fc-b6e3-49b1a45c345f" testListId="8c84fa94-04c1-424b-9868-57a2d4851a1d" />
    <TestEntry testId="673f3e73-dfeb-8ed6-a405-443eef7a608a" executionId="84feca2d-29ed-46df-88a3-fd179581e801" testListId="8c84fa94-04c1-424b-9868-57a2d4851a1d" />
    <TestEntry testId="93ef99d9-ca73-69ac-4d15-4561a881ee1d" executionId="3e2563b0-56d1-4fbc-880b-d6f33587ccc0" testListId="8c84fa94-04c1-424b-9868-57a2d4851a1d" />
    <TestEntry testId="85a2369e-6316-dbc2-97b3-7104e8e43977" executionId="a946a368-5544-428e-a47f-c42c7335ddd7" testListId="8c84fa94-04c1-424b-9868-57a2d4851a1d" />
    <TestEntry testId="00f3f438-e702-19f0-4f30-bd3e4320eea7" executionId="2f6a31a0-037d-4534-a9f0-a209b7b461cc" testListId="8c84fa94-04c1-424b-9868-57a2d4851a1d" />
    <TestEntry testId="9293549a-e4d8-25ee-0a7e-0a58daedfd4d" executionId="34246981-bc95-45e4-a180-74915b2d86dc" testListId="8c84fa94-04c1-424b-9868-57a2d4851a1d" />
    <TestEntry testId="9a208f53-2994-a17f-1d39-9e17cb2164bd" executionId="ec6a673e-37af-4bf9-8cfc-7e14854bdf77" testListId="8c84fa94-04c1-424b-9868-57a2d4851a1d" />
    <TestEntry testId="326c0813-dde1-1e08-607c-dc55537bd92d" executionId="eb841786-c599-4d1b-89a5-f168fc1a3067" testListId="8c84fa94-04c1-424b-9868-57a2d4851a1d" />
    <TestEntry testId="cc0eb8f4-de0d-0d2a-a312-64bcc8b88edd" executionId="01ddb964-403a-4273-ae26-31fb2f627e63" testListId="8c84fa94-04c1-424b-9868-57a2d4851a1d" />
    <TestEntry testId="6ec299cf-433f-6019-4dfb-ce39d2dfd94a" executionId="b41103c1-dde6-4748-9a3a-ee20ce1cb665" testListId="8c84fa94-04c1-424b-9868-57a2d4851a1d" />
    <TestEntry testId="199e5799-986d-710e-fa92-973a198651af" executionId="8eb6dc4b-43ce-4b3e-93a8-b1cd87c4b9e8" testListId="8c84fa94-04c1-424b-9868-57a2d4851a1d" />
    <TestEntry testId="49758d16-90af-426b-1c8f-f4b8f8b9a8ad" executionId="de72c71d-2e70-4b74-922b-cd565a3580f4" testListId="8c84fa94-04c1-424b-9868-57a2d4851a1d" />
    <TestEntry testId="62930b8c-e45e-fc1a-2573-556c126ac982" executionId="91382fbb-3c3c-40b7-8fe2-3d448d1ad731" testListId="8c84fa94-04c1-424b-9868-57a2d4851a1d" />
    <TestEntry testId="7e7082ae-fc95-11b5-f109-06c5d9d16b4c" executionId="d6682cce-c6a4-423c-a7cc-1c0a55e42818" testListId="8c84fa94-04c1-424b-9868-57a2d4851a1d" />
    <TestEntry testId="24de239e-634e-94d1-f05a-2dd6d4c77c91" executionId="c1ab92d7-5e54-4c0a-b2de-d0187dc8dc3d" testListId="8c84fa94-04c1-424b-9868-57a2d4851a1d" />
    <TestEntry testId="7b69f7ac-73d5-55bc-5045-f13549ae846c" executionId="aa0d1e32-86fe-4155-a857-a116bad7abcd" testListId="8c84fa94-04c1-424b-9868-57a2d4851a1d" />
    <TestEntry testId="0b5a5a76-188a-3cd1-7ad8-530b93b01a49" executionId="3b23b5db-82c2-484b-add9-0a9a24726b80" testListId="8c84fa94-04c1-424b-9868-57a2d4851a1d" />
    <TestEntry testId="654dfcc7-b76a-e7bb-4995-363927b604e0" executionId="86eb579b-6131-4836-b5c9-f1a4276649e6" testListId="8c84fa94-04c1-424b-9868-57a2d4851a1d" />
    <TestEntry testId="a1d9d132-2e0d-40a7-b61c-5ad666efa8c0" executionId="95f074e4-7a5a-4e72-97b7-81ddb1bf2158" testListId="8c84fa94-04c1-424b-9868-57a2d4851a1d" />
    <TestEntry testId="28b7e0ab-6c4a-f8e2-76d8-c7775c82dbd0" executionId="ec726221-9e80-46e7-b537-d73bdfacd3c3" testListId="8c84fa94-04c1-424b-9868-57a2d4851a1d" />
    <TestEntry testId="dfb5cf56-cecf-f905-a0de-98205eae9749" executionId="579b13e4-d380-4126-918b-3e7ed9c065be" testListId="8c84fa94-04c1-424b-9868-57a2d4851a1d" />
    <TestEntry testId="368cb1e4-cb3a-71e3-96c7-b85f55f12c0c" executionId="9d87a589-dcbb-4555-8b1c-3acdfc4b3307" testListId="8c84fa94-04c1-424b-9868-57a2d4851a1d" />
    <TestEntry testId="205d3986-407b-ed3e-b9d7-5c5108416447" executionId="caef958a-c30e-42be-9c61-72ef78305d8c" testListId="8c84fa94-04c1-424b-9868-57a2d4851a1d" />
    <TestEntry testId="c98efbf5-2f3d-50a2-5f38-9c6abe3c1c8e" executionId="c1655857-c70c-4502-88d2-a641d04709de" testListId="8c84fa94-04c1-424b-9868-57a2d4851a1d" />
    <TestEntry testId="d7ec089c-29ea-169c-5410-9af8ec475d2d" executionId="b715613a-da24-44e6-ba4b-9490b74fb817" testListId="8c84fa94-04c1-424b-9868-57a2d4851a1d" />
    <TestEntry testId="a32220e9-95d2-d3ef-9079-aef9756aa4b6" executionId="a458d334-4dcc-4f29-bf52-9571c2ae7c6b" testListId="8c84fa94-04c1-424b-9868-57a2d4851a1d" />
    <TestEntry testId="35fc3a4c-edd3-265e-4852-719b6a1e2df7" executionId="630f2c1b-fd03-4955-84e0-fece178b1189" testListId="8c84fa94-04c1-424b-9868-57a2d4851a1d" />
    <TestEntry testId="dfc99105-842d-994d-413a-71febf5a5573" executionId="51331dcc-ca3b-472c-b8ac-1397daa2a623" testListId="8c84fa94-04c1-424b-9868-57a2d4851a1d" />
    <TestEntry testId="eafd993c-1009-37c6-4ede-de325862c5a7" executionId="a63233fa-b9ba-4f14-b622-9dceaa938a6a" testListId="8c84fa94-04c1-424b-9868-57a2d4851a1d" />
    <TestEntry testId="3beeed46-879f-7c95-5996-20291cefba2d" executionId="4c6362f7-0ca7-4fff-b16c-24cb7b9e9f58" testListId="8c84fa94-04c1-424b-9868-57a2d4851a1d" />
    <TestEntry testId="56b7fe15-643b-5b55-8dfa-1ded6df183bf" executionId="eefdbca5-08e5-44de-b3e6-9ec3a713997e" testListId="8c84fa94-04c1-424b-9868-57a2d4851a1d" />
    <TestEntry testId="c7772852-e1ce-5a56-9e2d-f376c5ee0d2f" executionId="a9a82b33-cada-4dc9-bef8-3fcbd6ffa201" testListId="8c84fa94-04c1-424b-9868-57a2d4851a1d" />
    <TestEntry testId="3439b9dc-7196-e05d-43e6-c0e2ac91454a" executionId="1248edc3-6f7c-48dd-986e-9b212a824fd7" testListId="8c84fa94-04c1-424b-9868-57a2d4851a1d" />
    <TestEntry testId="1995aa56-764e-e077-7015-d7ad96740ef7" executionId="9376dfb8-926a-4314-b669-b44398961fc6" testListId="8c84fa94-04c1-424b-9868-57a2d4851a1d" />
    <TestEntry testId="4daaf6d7-7b46-8260-2000-7f96a4364f19" executionId="76bc3a1d-375f-4f00-b5d9-831892a60919" testListId="8c84fa94-04c1-424b-9868-57a2d4851a1d" />
    <TestEntry testId="652f52e4-9689-ca02-1038-58cbd6e682e8" executionId="04408a0a-8c4c-4df4-81d8-bbdfc720814e" testListId="8c84fa94-04c1-424b-9868-57a2d4851a1d" />
    <TestEntry testId="425d7941-e1e0-5212-c622-83e7ab8c692e" executionId="9f1a12e2-dd61-46a9-a09a-536734c466c5" testListId="8c84fa94-04c1-424b-9868-57a2d4851a1d" />
    <TestEntry testId="2e3adaa4-ba6e-d91b-783c-2bb11efe1b7a" executionId="c3dbe55b-c602-4273-8c21-7f22ed79259b" testListId="8c84fa94-04c1-424b-9868-57a2d4851a1d" />
    <TestEntry testId="83e5fe5b-931d-f217-a151-96bc1abdc89d" executionId="53ac91cb-3059-4490-b8e0-7a73395f4b25" testListId="8c84fa94-04c1-424b-9868-57a2d4851a1d" />
    <TestEntry testId="d1c49c69-fe5f-8257-84d6-6eb683f2a033" executionId="facf8349-fb6c-40cf-bea9-dbb9125fc440" testListId="8c84fa94-04c1-424b-9868-57a2d4851a1d" />
    <TestEntry testId="1f86583b-e772-053b-5dde-1a3c6a164dcd" executionId="db3f3da7-de4a-42ef-9928-885069232ca4" testListId="8c84fa94-04c1-424b-9868-57a2d4851a1d" />
    <TestEntry testId="89935175-7a1b-8472-5162-947ab445be3b" executionId="aa160d4a-2369-48de-9b83-6f308312de12" testListId="8c84fa94-04c1-424b-9868-57a2d4851a1d" />
    <TestEntry testId="08e5fbd3-af06-8bc6-9a21-3f68283f610d" executionId="1f517326-40e8-419c-9833-2b818fa159f1" testListId="8c84fa94-04c1-424b-9868-57a2d4851a1d" />
    <TestEntry testId="7c80c5ff-8206-70cb-2a46-eb970cd4a208" executionId="436c21a7-b812-4332-b730-1bf6100c84cd" testListId="8c84fa94-04c1-424b-9868-57a2d4851a1d" />
    <TestEntry testId="d9cf4840-605e-c89a-3f41-61314ef11e52" executionId="1b37910d-b8cd-43a2-ad79-45a084735c55" testListId="8c84fa94-04c1-424b-9868-57a2d4851a1d" />
    <TestEntry testId="9fe32e3c-1f4e-e7ac-2652-a48159917634" executionId="c1810fbd-4a23-407b-9e61-c15abb1a25ea" testListId="8c84fa94-04c1-424b-9868-57a2d4851a1d" />
    <TestEntry testId="a727049e-baa7-2030-caa3-50ce4db896ae" executionId="870e6946-e30f-4aaf-9164-29a7e2e7b7ce" testListId="8c84fa94-04c1-424b-9868-57a2d4851a1d" />
    <TestEntry testId="8402d0b2-2627-8799-bef9-7a7055750766" executionId="3b451c6f-1ce1-42ca-8814-6e6bf4f8b85b" testListId="8c84fa94-04c1-424b-9868-57a2d4851a1d" />
    <TestEntry testId="f4957e0d-8b3e-6f39-d235-00a44690d337" executionId="9057f8bb-efec-4e29-b113-e37cf4e8d356" testListId="8c84fa94-04c1-424b-9868-57a2d4851a1d" />
    <TestEntry testId="d9f777ed-3466-7c99-be02-84bb7ebbad4b" executionId="79a98b47-6c1a-4ab4-bf07-cf29b65c5c7a" testListId="8c84fa94-04c1-424b-9868-57a2d4851a1d" />
    <TestEntry testId="59d09cb9-f05a-ad0a-27b2-ae8fd67c3518" executionId="751ec32a-53f3-44a0-a93f-53007fd90078" testListId="8c84fa94-04c1-424b-9868-57a2d4851a1d" />
    <TestEntry testId="43a12b2e-14a7-1d5f-4fc9-a448b6cf0edd" executionId="ecb00f32-6f58-4dc1-8072-6785c95e2b6a" testListId="8c84fa94-04c1-424b-9868-57a2d4851a1d" />
    <TestEntry testId="69a471d5-b0a2-5fd2-ad73-823b3f723b44" executionId="3c2e14a4-6ad8-479d-b6b1-0fe0460afad4" testListId="8c84fa94-04c1-424b-9868-57a2d4851a1d" />
    <TestEntry testId="a721bda0-d060-fd7b-5877-e579358eb55b" executionId="7170fca8-d718-45f2-bb36-21503ac91754" testListId="8c84fa94-04c1-424b-9868-57a2d4851a1d" />
    <TestEntry testId="6041a665-a5c2-d6e3-acc3-d07918acde37" executionId="7b61fda7-7c9f-4f5a-9804-e961174f71a9" testListId="8c84fa94-04c1-424b-9868-57a2d4851a1d" />
    <TestEntry testId="0d6f4d12-30c4-770e-7e76-c3c94335926a" executionId="00721e67-d264-45bf-8c73-189c5f947c59" testListId="8c84fa94-04c1-424b-9868-57a2d4851a1d" />
    <TestEntry testId="9aef69ad-5102-e920-d6a1-4c0ddf8b9303" executionId="9ccbe6f5-cd5b-4dd6-ab44-62b7fae7c8c3" testListId="8c84fa94-04c1-424b-9868-57a2d4851a1d" />
    <TestEntry testId="e7c0b876-bbe6-d4df-1806-4ff85a920c2f" executionId="f3b4345b-c21a-4435-b816-fc1608fd09c6" testListId="8c84fa94-04c1-424b-9868-57a2d4851a1d" />
    <TestEntry testId="6785fdff-345e-55ce-2159-cac1962fde04" executionId="8f164729-bba0-4c7c-8439-a2b38a1c5c1d" testListId="8c84fa94-04c1-424b-9868-57a2d4851a1d" />
    <TestEntry testId="76f9de2a-47c0-eaaa-3675-ac942aca2f32" executionId="bb0f23de-cbfd-48b8-83f2-7deb4fdc70d6" testListId="8c84fa94-04c1-424b-9868-57a2d4851a1d" />
    <TestEntry testId="376aa488-622a-ef3d-865f-34b9990a82be" executionId="962726d3-1e34-47c5-956f-e35c2246ee68" testListId="8c84fa94-04c1-424b-9868-57a2d4851a1d" />
    <TestEntry testId="99a87674-ee88-dca5-48a5-598cbe7cb43b" executionId="d0c39d29-65d0-474d-b065-7bb1e0979963" testListId="8c84fa94-04c1-424b-9868-57a2d4851a1d" />
    <TestEntry testId="24e7c2bb-215e-6687-9176-48e72f6cf85e" executionId="92bb64fc-4024-4846-92aa-ab82a9040983" testListId="8c84fa94-04c1-424b-9868-57a2d4851a1d" />
    <TestEntry testId="896580b1-84f1-933f-fef3-e601288590b2" executionId="fd3eaee4-b9a8-450f-8d4e-8a8c48ebe020" testListId="8c84fa94-04c1-424b-9868-57a2d4851a1d" />
    <TestEntry testId="83492e0d-212b-a788-b283-557077b5c1d0" executionId="9013e87f-f3eb-490e-adce-2003c3fbaf91" testListId="8c84fa94-04c1-424b-9868-57a2d4851a1d" />
    <TestEntry testId="8fad5930-640a-f193-8986-d1e8191830e2" executionId="181f0ff4-4fe4-4108-976d-37acb360dbe6" testListId="8c84fa94-04c1-424b-9868-57a2d4851a1d" />
    <TestEntry testId="abed422e-8ff0-5810-3b31-84bfdebdfcc3" executionId="485feb4d-ab7f-49c7-a55d-473684a0b164" testListId="8c84fa94-04c1-424b-9868-57a2d4851a1d" />
    <TestEntry testId="60b3c6a0-382d-f239-6234-5e6df72cc9b2" executionId="7153a732-f82d-4f42-bbed-065bdc54c4a8" testListId="8c84fa94-04c1-424b-9868-57a2d4851a1d" />
    <TestEntry testId="1a9497ea-544a-7067-529f-b7c94b2f8c7f" executionId="2887522f-19cb-41b8-aafb-ab09d6c44f5e" testListId="8c84fa94-04c1-424b-9868-57a2d4851a1d" />
    <TestEntry testId="406cee59-f4cd-7984-c0a3-27cb754058dc" executionId="c003be96-1536-4f5c-b0da-9c7f5cc176c0" testListId="8c84fa94-04c1-424b-9868-57a2d4851a1d" />
    <TestEntry testId="fc8ab86d-a099-7d02-2f3d-3dc65e5166d3" executionId="54158aed-ca20-4b27-9929-0c73f0823998" testListId="8c84fa94-04c1-424b-9868-57a2d4851a1d" />
    <TestEntry testId="095585f6-4ef2-27a8-ee5b-098ad467f567" executionId="9bc70fc5-6975-4dab-8ed2-c42a566fa715" testListId="8c84fa94-04c1-424b-9868-57a2d4851a1d" />
    <TestEntry testId="03176de6-d0a5-5d83-9bd0-bdcb94c2ab49" executionId="d73df074-a0ab-49fb-98c2-808cddcc8d9a" testListId="8c84fa94-04c1-424b-9868-57a2d4851a1d" />
    <TestEntry testId="cd667223-fa51-4fa7-4447-c5ef6b869998" executionId="4ae79f02-0d53-4989-be7f-e78026b87da6" testListId="8c84fa94-04c1-424b-9868-57a2d4851a1d" />
    <TestEntry testId="df3f8216-c259-3e39-24bc-16b94a530f01" executionId="7ebba62a-cd6f-42b0-b147-faa577c50ee2" testListId="8c84fa94-04c1-424b-9868-57a2d4851a1d" />
    <TestEntry testId="23c856d5-b6c3-19f8-8013-074be7c600aa" executionId="c1c12d85-c89b-4467-bbb5-ba61db742a0a" testListId="8c84fa94-04c1-424b-9868-57a2d4851a1d" />
    <TestEntry testId="b78c4a54-8a8a-cc80-cfbb-7be5b5023229" executionId="aced1e96-089e-4c52-8724-18b0fe056886" testListId="8c84fa94-04c1-424b-9868-57a2d4851a1d" />
    <TestEntry testId="584617a4-8322-97bf-2a6c-744ce8c991ef" executionId="91b6fa85-1cef-4586-b7bb-6cdcb4d33148" testListId="8c84fa94-04c1-424b-9868-57a2d4851a1d" />
    <TestEntry testId="b7095fa5-4f07-bfb6-a358-0338e32383f9" executionId="41d3667d-6a1c-46c0-84d9-7c45aba87e03" testListId="8c84fa94-04c1-424b-9868-57a2d4851a1d" />
    <TestEntry testId="a65d3f02-ca6d-a89f-9465-6c592d8f6d71" executionId="1aec371b-0cd1-4e0f-ac21-61dc179d15c2" testListId="8c84fa94-04c1-424b-9868-57a2d4851a1d" />
    <TestEntry testId="20ac81fe-1ffb-543e-951e-5e427e17f69b" executionId="b01d6c12-5dec-4eb4-9dea-081c8342b637" testListId="8c84fa94-04c1-424b-9868-57a2d4851a1d" />
    <TestEntry testId="b802935f-0eb0-14ff-4c95-9725f194073b" executionId="21794b10-39d1-469e-9889-4e4492a00296" testListId="8c84fa94-04c1-424b-9868-57a2d4851a1d" />
    <TestEntry testId="e684ed15-3e02-0285-5052-2e5ac2fddade" executionId="5da262bf-77a9-44c9-b8a6-e07a4c4f6f88" testListId="8c84fa94-04c1-424b-9868-57a2d4851a1d" />
    <TestEntry testId="5304ef5f-6f68-f464-023c-0e8f2792256b" executionId="b17264b4-3fb0-4fb2-a6e5-c7aae0274945" testListId="8c84fa94-04c1-424b-9868-57a2d4851a1d" />
    <TestEntry testId="e2466cfc-7e0f-fee8-93df-e8c746cb8a63" executionId="0cd83713-45f2-4e26-b6a2-751a2d54b597" testListId="8c84fa94-04c1-424b-9868-57a2d4851a1d" />
    <TestEntry testId="c91e348e-da6a-7f91-b16a-f6b11cfb0f4a" executionId="4f06c76b-2389-438f-816e-e561fb2fa496" testListId="8c84fa94-04c1-424b-9868-57a2d4851a1d" />
    <TestEntry testId="550475a3-cdd8-1a4c-8164-53657594f4b5" executionId="0cd7de87-c979-43cd-9934-f75fa32da899" testListId="8c84fa94-04c1-424b-9868-57a2d4851a1d" />
    <TestEntry testId="91f26bca-4ab5-824b-aa90-84778c7aa540" executionId="b0b4278d-1e3e-497f-b556-0153e666b43f" testListId="8c84fa94-04c1-424b-9868-57a2d4851a1d" />
    <TestEntry testId="4359d1f6-24c0-77e3-a295-f1f91acd7a66" executionId="007cb0e5-a633-4ebe-baf9-db1968da3bec" testListId="8c84fa94-04c1-424b-9868-57a2d4851a1d" />
    <TestEntry testId="6c2035c4-97e2-d122-0c36-23cf8131de7d" executionId="56fb9d86-22d6-4e12-bfae-c24beaab8bb7" testListId="8c84fa94-04c1-424b-9868-57a2d4851a1d" />
    <TestEntry testId="d8e86d95-613e-e989-d6c8-a98a3e38c1b2" executionId="9c01880f-6fcb-4a80-960e-5450e1737871" testListId="8c84fa94-04c1-424b-9868-57a2d4851a1d" />
    <TestEntry testId="afb5f821-aab1-c9e5-0826-d01d69508cc0" executionId="8942c082-7c8b-40fd-95b7-904775a3624f" testListId="8c84fa94-04c1-424b-9868-57a2d4851a1d" />
    <TestEntry testId="ac29b4b5-8534-78d0-60ee-ce2fc38c2fe4" executionId="fd731801-e29a-4dea-9322-1802337b3f22" testListId="8c84fa94-04c1-424b-9868-57a2d4851a1d" />
    <TestEntry testId="dc0d2b36-aa1d-1594-0d6a-cf1fe6649772" executionId="5943cb4b-f871-4670-b63a-9a685d134736" testListId="8c84fa94-04c1-424b-9868-57a2d4851a1d" />
    <TestEntry testId="9c878434-1b6f-51cd-943c-ef6ecaa488ad" executionId="4a33e608-8936-4ea5-9892-6a8b28febdac" testListId="8c84fa94-04c1-424b-9868-57a2d4851a1d" />
    <TestEntry testId="a6e357f5-5043-640f-dc7b-7f6d8536f9c8" executionId="ef7c6dd0-d182-408e-be64-def09be5302f" testListId="8c84fa94-04c1-424b-9868-57a2d4851a1d" />
    <TestEntry testId="6fb4919f-9275-fa65-8704-748d9ebfe4e0" executionId="a4772415-dd81-40e3-96ce-45c4fdb270a4" testListId="8c84fa94-04c1-424b-9868-57a2d4851a1d" />
    <TestEntry testId="23832ca3-0067-c599-3202-0d4d2bcc2035" executionId="dbddc6fd-bf91-40eb-bfa6-ef0b0e1a1e65" testListId="8c84fa94-04c1-424b-9868-57a2d4851a1d" />
    <TestEntry testId="89439a20-c712-15bd-9c46-c5709b4b0f9d" executionId="f8fe624e-a81e-4967-ac7b-678c19c545d7" testListId="8c84fa94-04c1-424b-9868-57a2d4851a1d" />
    <TestEntry testId="ee49bb23-cebf-abdf-0b3d-a9f5e1a1dc4f" executionId="33496f93-a795-4804-9582-6361fc8c5011" testListId="8c84fa94-04c1-424b-9868-57a2d4851a1d" />
    <TestEntry testId="59991295-e7c5-ae1a-4d3d-515c29cc9e2b" executionId="e3ccfb44-df4b-487e-9499-93e640ff6a0a" testListId="8c84fa94-04c1-424b-9868-57a2d4851a1d" />
    <TestEntry testId="11e45243-c796-e305-ccb2-ad123da6b869" executionId="d4b4fc31-99eb-435b-b9ed-ea97b5418857" testListId="8c84fa94-04c1-424b-9868-57a2d4851a1d" />
    <TestEntry testId="680b5a30-8d08-87c3-1561-38e60980ac40" executionId="c28873fe-190a-4710-97ef-8e39566d2471" testListId="8c84fa94-04c1-424b-9868-57a2d4851a1d" />
    <TestEntry testId="a68fe85a-0571-5cf5-4ec4-cc94366f30ee" executionId="2ad53e97-716d-4de2-a3ad-3983c8de82d6" testListId="8c84fa94-04c1-424b-9868-57a2d4851a1d" />
    <TestEntry testId="8252077b-13bd-fcd5-946c-4ceaed8bb503" executionId="aa15e4e8-fdb3-42b7-83ad-d178bfd509c8" testListId="8c84fa94-04c1-424b-9868-57a2d4851a1d" />
    <TestEntry testId="0b48726b-7d83-90f3-a7e6-6509817ad105" executionId="6fff2d18-cf76-4da9-ae56-c7b1b99ebb43" testListId="8c84fa94-04c1-424b-9868-57a2d4851a1d" />
    <TestEntry testId="f4a81b1f-d65d-e48b-b006-18eab3f2b023" executionId="d931e9ae-7160-4a04-94a0-4d5a6a9a100f" testListId="8c84fa94-04c1-424b-9868-57a2d4851a1d" />
    <TestEntry testId="1181cb63-0543-4806-6972-5950350789da" executionId="2ce1b47b-78ef-4e8b-956f-d7bdf7a4bb8c" testListId="8c84fa94-04c1-424b-9868-57a2d4851a1d" />
    <TestEntry testId="f50ada7c-d947-8c69-ca9d-bb57a8cda16a" executionId="0221fb9f-2ffc-4738-b1bd-5178a186126d" testListId="8c84fa94-04c1-424b-9868-57a2d4851a1d" />
    <TestEntry testId="9b54b5db-74ce-7f6e-1fd4-798a1baa40f1" executionId="bd3c8e9d-1700-4792-ba07-2b12fcc29278" testListId="8c84fa94-04c1-424b-9868-57a2d4851a1d" />
    <TestEntry testId="9b197971-a4a0-f2e7-cf86-c42cab4fc0ac" executionId="1b10bfbc-1908-4f21-8339-b6c347595f8a" testListId="8c84fa94-04c1-424b-9868-57a2d4851a1d" />
    <TestEntry testId="ad2137f8-da12-9879-f4e4-b1576d0429b7" executionId="127ece18-1a24-4c1e-8265-17bf4c83dc75" testListId="8c84fa94-04c1-424b-9868-57a2d4851a1d" />
    <TestEntry testId="efcae59c-c765-a30f-3362-183bf9168666" executionId="53facb01-9bc7-4562-9da5-556539acb0b8" testListId="8c84fa94-04c1-424b-9868-57a2d4851a1d" />
    <TestEntry testId="8b541578-adaa-009d-fcd7-342c1711308d" executionId="f70bc144-ba0d-470c-930a-3537f907d355" testListId="8c84fa94-04c1-424b-9868-57a2d4851a1d" />
    <TestEntry testId="95bdcbe4-e420-deb8-8439-dbd680e08a25" executionId="d2e99dcf-40a7-4b93-b9d9-9ed1cd080dd6" testListId="8c84fa94-04c1-424b-9868-57a2d4851a1d" />
    <TestEntry testId="fbe353e8-c445-3d4e-0596-dbc13a8e8e1e" executionId="6498c8ac-be6d-4111-ba97-65c3d594b66f" testListId="8c84fa94-04c1-424b-9868-57a2d4851a1d" />
    <TestEntry testId="c383fd61-e302-4310-1a46-101c91056cfd" executionId="44b904e1-d100-41ec-beb3-8e18411af03a" testListId="8c84fa94-04c1-424b-9868-57a2d4851a1d" />
    <TestEntry testId="ffa5f9ad-66df-b9a8-3ecf-eff774a0ebee" executionId="316273b7-165f-47c4-b917-83d4cf95073c" testListId="8c84fa94-04c1-424b-9868-57a2d4851a1d" />
    <TestEntry testId="5f08cd58-65ec-6481-8a3e-55fd6d8233b0" executionId="0585ae52-6d18-44f3-81d5-b07d83001b3c" testListId="8c84fa94-04c1-424b-9868-57a2d4851a1d" />
    <TestEntry testId="94e0ce4f-cd23-de5e-8ee5-c8db45188d88" executionId="d37994e7-5c43-4d39-8024-94f10d6690c9" testListId="8c84fa94-04c1-424b-9868-57a2d4851a1d" />
    <TestEntry testId="80cc67c7-792e-07c8-c20a-98cfccf11348" executionId="6c27a932-7025-435e-8b3b-8e29042c9b18" testListId="8c84fa94-04c1-424b-9868-57a2d4851a1d" />
    <TestEntry testId="3127eee9-b24b-38fc-7372-b6a7a8378a18" executionId="05f3a4d9-3799-4241-81ac-c1352ad5d3f1" testListId="8c84fa94-04c1-424b-9868-57a2d4851a1d" />
    <TestEntry testId="75ab4f71-3b38-2c11-9aa3-99e6e265b21d" executionId="b939cc25-464e-4b5b-a4e1-d8575c1d60e8" testListId="8c84fa94-04c1-424b-9868-57a2d4851a1d" />
    <TestEntry testId="94358fa8-5ab7-9379-cdbb-784e07581698" executionId="83ec3202-2242-45f1-87c1-f6b9c96211b9" testListId="8c84fa94-04c1-424b-9868-57a2d4851a1d" />
    <TestEntry testId="a890ab18-0d5c-e9a7-db4d-696ea60071f9" executionId="02884d52-5ed0-4cfe-baa0-cb10b66a732a" testListId="8c84fa94-04c1-424b-9868-57a2d4851a1d" />
    <TestEntry testId="999506c9-e472-e23b-a3ad-3d977990564e" executionId="c6db31b4-5310-4cf6-9889-ae8d23544929" testListId="8c84fa94-04c1-424b-9868-57a2d4851a1d" />
    <TestEntry testId="1947d432-ac4e-8ff4-6a61-109d18cd0bdb" executionId="f37e4baa-bcdc-4d05-bb7f-5f4ac5918977" testListId="8c84fa94-04c1-424b-9868-57a2d4851a1d" />
    <TestEntry testId="01b97152-1f28-3a19-acee-e24e8fccadd4" executionId="5acd75c4-5a7c-4325-8438-3eb271720736" testListId="8c84fa94-04c1-424b-9868-57a2d4851a1d" />
    <TestEntry testId="62bfa639-11d3-81b7-beea-8fc58ddae302" executionId="1d02ec6a-5440-48ea-a005-ca04a364d1e5" testListId="8c84fa94-04c1-424b-9868-57a2d4851a1d" />
    <TestEntry testId="0d8d7f88-cdb1-c8e3-59a9-3cff81206fb2" executionId="22654c54-e33a-4f60-b191-49ec10b1b10d" testListId="8c84fa94-04c1-424b-9868-57a2d4851a1d" />
    <TestEntry testId="41f04a9d-5df2-9e79-b05d-aaa6c4b08e60" executionId="72d83e7c-b857-4801-a0c9-c482dd113d1e" testListId="8c84fa94-04c1-424b-9868-57a2d4851a1d" />
    <TestEntry testId="96d03a8b-2bb7-344f-928f-f0c6a7f00e22" executionId="10a40b55-1f90-4beb-a555-72b2f1c02802" testListId="8c84fa94-04c1-424b-9868-57a2d4851a1d" />
    <TestEntry testId="113f0a6f-863e-d128-89b6-fd830e00edfd" executionId="da4a42a5-d32e-4a19-9730-02ce97633242" testListId="8c84fa94-04c1-424b-9868-57a2d4851a1d" />
    <TestEntry testId="02af0d15-e099-b0e6-50ad-6fe37219924b" executionId="5d5f9c5b-abfb-45e6-bd08-6232a2ca7f5e" testListId="8c84fa94-04c1-424b-9868-57a2d4851a1d" />
    <TestEntry testId="d5380333-0029-a673-b16f-5047c88c70d6" executionId="ecbd73c7-f6db-4853-a590-c7f453b5a67c" testListId="8c84fa94-04c1-424b-9868-57a2d4851a1d" />
    <TestEntry testId="c2dd673d-ca57-2691-c104-7023a833ff11" executionId="efdc76c8-9804-44fb-8efd-fbd6001b6b29" testListId="8c84fa94-04c1-424b-9868-57a2d4851a1d" />
    <TestEntry testId="bf43b520-f013-6f88-54e2-4da33d00fc9f" executionId="c3284dac-347f-4a45-b9d3-17a838e5908a" testListId="8c84fa94-04c1-424b-9868-57a2d4851a1d" />
    <TestEntry testId="2b329938-e3b1-01ad-a60f-47df5d0a331f" executionId="9811c502-bb4b-4781-9532-bc8726a6885e" testListId="8c84fa94-04c1-424b-9868-57a2d4851a1d" />
    <TestEntry testId="5fe6e33e-4c74-05bc-98e6-058910f0ab96" executionId="34d8e65e-ebfe-4733-a31c-edaa85f56525" testListId="8c84fa94-04c1-424b-9868-57a2d4851a1d" />
    <TestEntry testId="0f3901de-ced3-95a2-d7b7-1fb73bba7570" executionId="a17780e4-c4b2-4d7b-bb45-83744887d1a1" testListId="8c84fa94-04c1-424b-9868-57a2d4851a1d" />
    <TestEntry testId="c4726943-b1e4-7dec-138b-79d3b9940013" executionId="4fda25ad-a2e5-42de-8b28-4e5324bc0301" testListId="8c84fa94-04c1-424b-9868-57a2d4851a1d" />
    <TestEntry testId="d4781dc2-7c6c-059d-3535-c27ddbecee56" executionId="f46df576-467c-4a7f-a5b2-613d5b0d1ec8" testListId="8c84fa94-04c1-424b-9868-57a2d4851a1d" />
    <TestEntry testId="f1b8d3af-7232-b482-4982-8c83d005f2cf" executionId="917dd9c2-115b-404b-8952-64c9d56ca959" testListId="8c84fa94-04c1-424b-9868-57a2d4851a1d" />
    <TestEntry testId="18d974d6-a642-8807-34d7-9a9c256df013" executionId="c4bb2ed1-6244-47be-b66e-f28124fb1f1e" testListId="8c84fa94-04c1-424b-9868-57a2d4851a1d" />
    <TestEntry testId="d267b36b-f7e7-25e9-6fde-c14a7c8d614c" executionId="62f3c6f5-a7d9-4218-9c80-6465563935c5" testListId="8c84fa94-04c1-424b-9868-57a2d4851a1d" />
    <TestEntry testId="540a3b23-7cf4-4873-bac2-ebb7a9a2a9f2" executionId="907fedd6-f2db-43f3-a11d-bcfbdd1bff9c" testListId="8c84fa94-04c1-424b-9868-57a2d4851a1d" />
    <TestEntry testId="84b3e980-bdbe-5014-755b-538d50035c46" executionId="ac6ecc6f-4afd-4a76-ac1b-9a8d45b5c8ad" testListId="8c84fa94-04c1-424b-9868-57a2d4851a1d" />
    <TestEntry testId="ff572efe-33da-3147-c10c-1641937b78fe" executionId="b92e16ef-4741-4ea4-8622-2b0c8febaaaf" testListId="8c84fa94-04c1-424b-9868-57a2d4851a1d" />
    <TestEntry testId="0edc3f32-14dd-b812-075b-a9e435bcc1ca" executionId="37d399d3-f5d3-4b2b-a697-487c75bbd65e" testListId="8c84fa94-04c1-424b-9868-57a2d4851a1d" />
    <TestEntry testId="06671719-51c0-06b8-b1b7-8927e1da93cb" executionId="8ef84e78-9d36-4ac6-b68f-de9f561c75d9" testListId="8c84fa94-04c1-424b-9868-57a2d4851a1d" />
    <TestEntry testId="d59c7867-81fa-72b0-e0e7-f75e74dd41dd" executionId="de810f10-9113-42fb-a4f3-8fcffb9c620a" testListId="8c84fa94-04c1-424b-9868-57a2d4851a1d" />
    <TestEntry testId="a5317ab4-d180-d0ab-5f5b-a18f8fb41f6e" executionId="aede5877-b728-4766-9b4f-250c9c313234" testListId="8c84fa94-04c1-424b-9868-57a2d4851a1d" />
    <TestEntry testId="f5d9ddfe-7809-e6c0-f589-d7f4a1e2a8af" executionId="a2726de3-c6ee-4829-a4ad-cc05e172c12e" testListId="8c84fa94-04c1-424b-9868-57a2d4851a1d" />
    <TestEntry testId="633b1573-6042-ec26-9f10-dd2e2dcea040" executionId="2d757e22-a9af-453b-916b-a1245b741072" testListId="8c84fa94-04c1-424b-9868-57a2d4851a1d" />
    <TestEntry testId="a159b604-532f-6996-d93d-757652430688" executionId="46abcf6a-f412-4c4a-8b8b-3403ba40b092" testListId="8c84fa94-04c1-424b-9868-57a2d4851a1d" />
    <TestEntry testId="84735ce6-0802-6c3e-660b-0ce9dcdbafe2" executionId="69617d3c-5d5a-47f9-a307-b2233b9b9b42" testListId="8c84fa94-04c1-424b-9868-57a2d4851a1d" />
    <TestEntry testId="0fea2cc1-51cc-e0fa-152a-f6a58ad22a37" executionId="7d00a418-26d4-47e5-b623-6569ad8598d5" testListId="8c84fa94-04c1-424b-9868-57a2d4851a1d" />
    <TestEntry testId="f47f6c44-9fa8-d010-756e-7b3d112428c4" executionId="7c9542e0-346a-4045-bba7-bf470f550ec7" testListId="8c84fa94-04c1-424b-9868-57a2d4851a1d" />
    <TestEntry testId="776120a9-8caa-dd82-0111-de02703fa844" executionId="211feab1-eb75-44d3-8d95-7971926a0fda" testListId="8c84fa94-04c1-424b-9868-57a2d4851a1d" />
    <TestEntry testId="074ff88b-4399-26b0-d5af-74bb943b8f07" executionId="8c6e1167-eaf5-4661-9fb3-fdb58576685b" testListId="8c84fa94-04c1-424b-9868-57a2d4851a1d" />
    <TestEntry testId="07dba9c8-887e-44e6-63b8-7e227b9aaff8" executionId="9e14c609-e4ee-4bee-818e-39983a203dd2" testListId="8c84fa94-04c1-424b-9868-57a2d4851a1d" />
    <TestEntry testId="4a1a2788-2d06-5b60-601c-3b966d1658c3" executionId="b5143bf0-f0c9-4809-a47f-8b2e63a9fbbf" testListId="8c84fa94-04c1-424b-9868-57a2d4851a1d" />
    <TestEntry testId="a181eeb7-1c31-8890-a7e0-69f2adb601a4" executionId="06bbda3e-37a1-467d-8f29-642a7e131a1a" testListId="8c84fa94-04c1-424b-9868-57a2d4851a1d" />
    <TestEntry testId="b788bde6-97e9-6ba8-c7c6-e8edebf2372e" executionId="703fa203-49b6-462a-ac93-cf2acbad7d50" testListId="8c84fa94-04c1-424b-9868-57a2d4851a1d" />
    <TestEntry testId="eaf31246-ac2a-9db5-b972-39aa2ca6d2e0" executionId="13d6799c-f7ef-41af-9497-1d6575d063a3" testListId="8c84fa94-04c1-424b-9868-57a2d4851a1d" />
    <TestEntry testId="010d6867-68dc-06fa-3b39-c2d7f5b85291" executionId="ae252dc6-9eff-464f-b2cc-6c36cbd23ee9" testListId="8c84fa94-04c1-424b-9868-57a2d4851a1d" />
    <TestEntry testId="e5973daf-eb52-605d-f256-024d8a961fe9" executionId="db9bae44-a760-4758-a5f4-684c35d266f1" testListId="8c84fa94-04c1-424b-9868-57a2d4851a1d" />
    <TestEntry testId="7f46d23c-5d7c-d0cd-6885-7066d3b47889" executionId="78fc53f9-b5ef-402f-9223-b7083cde7e2d" testListId="8c84fa94-04c1-424b-9868-57a2d4851a1d" />
    <TestEntry testId="c90acf43-beb9-9440-08e2-aeffc5687d1e" executionId="e2dfe524-4931-4ce9-8ca5-e8379d429ca7" testListId="8c84fa94-04c1-424b-9868-57a2d4851a1d" />
    <TestEntry testId="b9fc609a-8ca2-2be6-d0e9-1319545fa745" executionId="b42f1bb2-ee2c-460c-9d2b-90f63e35b347" testListId="8c84fa94-04c1-424b-9868-57a2d4851a1d" />
    <TestEntry testId="a7e344e1-2528-5469-f149-8c729b6a9d91" executionId="9fd6fb1a-7661-42e2-9e9e-f6342e2e1d99" testListId="8c84fa94-04c1-424b-9868-57a2d4851a1d" />
    <TestEntry testId="4b7dc18b-d6d1-94cf-67c8-cfdd48ab9288" executionId="7add2a60-3f18-449f-895a-7aacb81ae932" testListId="8c84fa94-04c1-424b-9868-57a2d4851a1d" />
    <TestEntry testId="3dd075ba-7c20-36ac-fd3e-ad2d99db0844" executionId="977feadc-8754-4c7d-b9d2-16ae2365b987" testListId="8c84fa94-04c1-424b-9868-57a2d4851a1d" />
    <TestEntry testId="0fc44201-8e69-82b3-88da-4213b7a1319c" executionId="1f82dd38-df7a-4dce-87e8-660ebce0f0db" testListId="8c84fa94-04c1-424b-9868-57a2d4851a1d" />
    <TestEntry testId="cecff56d-f2c2-5f4f-f26a-46e190ce7353" executionId="46359bae-c3c9-4793-881d-d53fb578a5d7" testListId="8c84fa94-04c1-424b-9868-57a2d4851a1d" />
    <TestEntry testId="aa6b509d-ef33-e576-b983-961276c69241" executionId="2d15bba2-7e9e-433c-b149-834ee935fc07" testListId="8c84fa94-04c1-424b-9868-57a2d4851a1d" />
    <TestEntry testId="52708fc0-86f2-693c-d699-4f89eda92f77" executionId="9e51f9a1-b24c-4c0c-ae4c-be11c32942ac" testListId="8c84fa94-04c1-424b-9868-57a2d4851a1d" />
    <TestEntry testId="62a83c18-891b-449e-7f90-a5e43688fbf0" executionId="341b3124-5d6a-4032-835c-639d6142506d" testListId="8c84fa94-04c1-424b-9868-57a2d4851a1d" />
    <TestEntry testId="a6f9c41f-5ed0-c96c-bb7f-fb5d30d812a5" executionId="487608ed-b545-45f0-a128-7bbecc01efbd" testListId="8c84fa94-04c1-424b-9868-57a2d4851a1d" />
    <TestEntry testId="20b32a9d-1528-d876-b23d-11423094b46d" executionId="18228863-bf79-4aee-90dc-6accf7f0c034" testListId="8c84fa94-04c1-424b-9868-57a2d4851a1d" />
    <TestEntry testId="00f0e371-214b-3362-fe49-cbc53292d7d9" executionId="ab5eea77-26db-4cd3-bc8c-4a22f2fb777b" testListId="8c84fa94-04c1-424b-9868-57a2d4851a1d" />
    <TestEntry testId="60b9be0e-76ba-0ec0-0f7c-3f59c1ff8d12" executionId="bccca2ab-65e0-4d6a-90f0-b59ced499595" testListId="8c84fa94-04c1-424b-9868-57a2d4851a1d" />
    <TestEntry testId="ac3585d4-59ce-87ee-5312-f23049732097" executionId="ec2a64f8-e377-41b1-b10b-9f67eabbfbf8" testListId="8c84fa94-04c1-424b-9868-57a2d4851a1d" />
    <TestEntry testId="61db488c-fd57-8a4d-714e-e5d3bad8b45f" executionId="f06f6002-8663-4962-be8e-ccae485443df" testListId="8c84fa94-04c1-424b-9868-57a2d4851a1d" />
    <TestEntry testId="450403dd-612e-6c5e-cdd7-e2b614d0687c" executionId="d445102f-e805-401c-9e87-83cc301ee4b4" testListId="8c84fa94-04c1-424b-9868-57a2d4851a1d" />
    <TestEntry testId="814ca95b-3749-a755-e5cd-7c6f8bffd2b6" executionId="8f899269-0472-447f-832f-ddcd722eb58c" testListId="8c84fa94-04c1-424b-9868-57a2d4851a1d" />
    <TestEntry testId="709c7513-9237-87e3-38c3-aa85300198a4" executionId="b16cc069-e70b-48e8-8a85-b5d0197bb07b" testListId="8c84fa94-04c1-424b-9868-57a2d4851a1d" />
    <TestEntry testId="b00294e4-8686-0263-7a25-105dca27e462" executionId="171434d4-1371-48b2-82d6-e7f6a6db5d4e" testListId="8c84fa94-04c1-424b-9868-57a2d4851a1d" />
    <TestEntry testId="232f8949-7296-2b4c-d535-61493d92276d" executionId="eee984a9-0f5f-4c34-b5f0-e7356d49d90d" testListId="8c84fa94-04c1-424b-9868-57a2d4851a1d" />
    <TestEntry testId="2a7cf9dc-e9f0-7632-64c7-f92d98f50bd4" executionId="1f06ceec-1162-48df-8757-a6a4065f5062" testListId="8c84fa94-04c1-424b-9868-57a2d4851a1d" />
    <TestEntry testId="c852f0f2-cc0b-cd32-55ea-6f08f26c6103" executionId="517debfd-6046-4bec-830e-d7d5311c6af8" testListId="8c84fa94-04c1-424b-9868-57a2d4851a1d" />
    <TestEntry testId="284b6dde-d469-e7b6-918d-53acf8f9cd77" executionId="55ca67d7-17af-4a10-bc05-45f215904663" testListId="8c84fa94-04c1-424b-9868-57a2d4851a1d" />
    <TestEntry testId="174bdb8c-ca63-6d38-8008-0e1813915a8c" executionId="d22f4b21-f158-4957-b315-92734ceb794f" testListId="8c84fa94-04c1-424b-9868-57a2d4851a1d" />
    <TestEntry testId="ea1b5845-13e0-a3f9-5ed1-720958ca2d0a" executionId="68d0f36f-a83d-4228-9190-4935103db448" testListId="8c84fa94-04c1-424b-9868-57a2d4851a1d" />
    <TestEntry testId="6e25d482-aece-59bc-9c5e-d67985d22dcc" executionId="1bad870d-c13c-4889-8b11-31401a492157" testListId="8c84fa94-04c1-424b-9868-57a2d4851a1d" />
    <TestEntry testId="b56ba348-15c5-c13d-2c63-319be0707c78" executionId="45de2b80-db4d-40c3-ac2e-113df98e005f" testListId="8c84fa94-04c1-424b-9868-57a2d4851a1d" />
    <TestEntry testId="23557db4-cf2f-5c4a-81e2-b54970cb5a80" executionId="d905502f-cadc-442b-a9d3-dda8265b7b43" testListId="8c84fa94-04c1-424b-9868-57a2d4851a1d" />
    <TestEntry testId="6cf12226-4d60-3448-6119-955749ad1a56" executionId="8278ad69-6686-4e8b-afd5-badde4db4734" testListId="8c84fa94-04c1-424b-9868-57a2d4851a1d" />
    <TestEntry testId="feb3bdce-3024-5a59-89ff-b1ebe27d119c" executionId="8b37a9d2-f32e-42ae-b151-ae640d46d868" testListId="8c84fa94-04c1-424b-9868-57a2d4851a1d" />
    <TestEntry testId="f6638888-72f9-3abc-824d-07e5504a43a5" executionId="d2dc7512-3cbd-4e6e-aa56-9240cd2deba1" testListId="8c84fa94-04c1-424b-9868-57a2d4851a1d" />
    <TestEntry testId="8d8eee96-464d-c577-6270-884494a6a9b2" executionId="4e7d2aef-330a-4c90-b6b8-935842fb4a39" testListId="8c84fa94-04c1-424b-9868-57a2d4851a1d" />
    <TestEntry testId="f8d3c854-1d0a-1d27-f1f9-7cfc35295620" executionId="6b568d2e-b8c8-4191-987e-5fcfd4c949ad" testListId="8c84fa94-04c1-424b-9868-57a2d4851a1d" />
    <TestEntry testId="aae708ca-94a3-f452-ba7c-adc8143fc2ae" executionId="0a769f6f-b6ac-4cf8-9333-0515cdbc77ba" testListId="8c84fa94-04c1-424b-9868-57a2d4851a1d" />
    <TestEntry testId="126ce091-c6ba-ecff-2f2d-3c69aa56bf21" executionId="f16a2238-4aee-4421-ab4e-7284b12ee17b" testListId="8c84fa94-04c1-424b-9868-57a2d4851a1d" />
    <TestEntry testId="9f2f58ff-e9c2-3880-dcf4-b319d054c9c6" executionId="0aa75e4c-c2e3-4b15-9ea5-8c610f5f7cf7" testListId="8c84fa94-04c1-424b-9868-57a2d4851a1d" />
    <TestEntry testId="79dc6ade-1fb5-e53a-3895-120821ee0ad1" executionId="8d83b57e-1982-4c43-b6d6-f0b4a0cb52cc" testListId="8c84fa94-04c1-424b-9868-57a2d4851a1d" />
    <TestEntry testId="b2858415-8d80-7600-7fe5-6b1b7d183235" executionId="7ecdb224-9f64-486f-8224-53d12ba3a446" testListId="8c84fa94-04c1-424b-9868-57a2d4851a1d" />
    <TestEntry testId="626588a6-8954-1a80-be96-bc32494f9793" executionId="cf8ca13f-662b-47d7-b14f-7148d2d1a9c8" testListId="8c84fa94-04c1-424b-9868-57a2d4851a1d" />
    <TestEntry testId="cb9d51a2-5e3a-42d0-6e0f-8acb24bb5634" executionId="a281cd3a-50de-407f-9ab1-ae22955d23cf" testListId="8c84fa94-04c1-424b-9868-57a2d4851a1d" />
    <TestEntry testId="fd527641-542a-2899-2dcd-c9ca191cdf52" executionId="2c7b9113-7393-4e29-b67f-b4b6669790ab" testListId="8c84fa94-04c1-424b-9868-57a2d4851a1d" />
    <TestEntry testId="c0b0990b-db80-5ada-cdd8-224bb5ed398a" executionId="0c11c0eb-ff20-4cd2-941b-6fb5d65a3b64" testListId="8c84fa94-04c1-424b-9868-57a2d4851a1d" />
    <TestEntry testId="3dd17c2d-4aaa-fdf7-41d3-a00ff3aff086" executionId="711b5f59-fce2-4ca8-94e6-388538479a70" testListId="8c84fa94-04c1-424b-9868-57a2d4851a1d" />
    <TestEntry testId="3355c355-6b0a-3812-de70-8d7a8a005906" executionId="582905ba-cd0f-4631-9f0a-828763fee293" testListId="8c84fa94-04c1-424b-9868-57a2d4851a1d" />
    <TestEntry testId="7540b45d-6ef8-10a5-03bf-82e202908376" executionId="2f8ffe31-9098-4227-9bb4-01c644d94c5a" testListId="8c84fa94-04c1-424b-9868-57a2d4851a1d" />
    <TestEntry testId="da72df1e-3911-6673-65ef-dc8a157dd1ea" executionId="c3d2f784-7491-4953-94d8-85a698254b38" testListId="8c84fa94-04c1-424b-9868-57a2d4851a1d" />
    <TestEntry testId="e0397ba9-9217-2c04-c95a-ff9b50a208f5" executionId="4a699997-f235-4104-9c09-7a2a13880607" testListId="8c84fa94-04c1-424b-9868-57a2d4851a1d" />
    <TestEntry testId="3396378a-9ca0-08c0-5632-b84c1a5adbad" executionId="e0103ab8-68a6-4426-b025-3f7fad2988c3" testListId="8c84fa94-04c1-424b-9868-57a2d4851a1d" />
    <TestEntry testId="103905f4-9b3f-baa3-099f-93a0f91d8394" executionId="f75087df-47c4-411b-919f-d358b0bb8ab6" testListId="8c84fa94-04c1-424b-9868-57a2d4851a1d" />
    <TestEntry testId="ac0bff77-e4ee-0120-d789-0cc06032e8d1" executionId="f3e8c57e-cb26-4965-9bef-9398cc5285ac" testListId="8c84fa94-04c1-424b-9868-57a2d4851a1d" />
    <TestEntry testId="2c6723b1-fdb4-937b-160d-3f3a2b624a13" executionId="1e4403f1-fd8d-4c58-b9eb-401e78dd7864" testListId="8c84fa94-04c1-424b-9868-57a2d4851a1d" />
    <TestEntry testId="df32f1cb-82fe-5f6f-2fce-2d11c090b877" executionId="4a8769c6-d844-49dc-b2c1-341ba653539b" testListId="8c84fa94-04c1-424b-9868-57a2d4851a1d" />
    <TestEntry testId="b5ee2c9c-1f7c-6f06-e4ae-c68c87fb3f67" executionId="60296b80-efba-4195-89fb-96169479c8ed" testListId="8c84fa94-04c1-424b-9868-57a2d4851a1d" />
    <TestEntry testId="4190041e-4d7b-4cda-212b-4ae0c9029e36" executionId="73b98274-1c9e-4bad-bfdb-7a1e68f08c25" testListId="8c84fa94-04c1-424b-9868-57a2d4851a1d" />
    <TestEntry testId="9dcaedba-c848-3b00-d622-5c7b863dca11" executionId="1e9617d1-6d5c-4135-945b-e247a5a6c238" testListId="8c84fa94-04c1-424b-9868-57a2d4851a1d" />
    <TestEntry testId="8029d216-4010-3441-1bae-329046b8b3a9" executionId="e0d7abed-4da5-48b7-84cc-36c707c55cb9" testListId="8c84fa94-04c1-424b-9868-57a2d4851a1d" />
    <TestEntry testId="47579cf9-48ad-7878-45dc-383da1251400" executionId="b4cf35c3-2638-44d0-94af-83b1857cdf19" testListId="8c84fa94-04c1-424b-9868-57a2d4851a1d" />
    <TestEntry testId="e975a99c-1f61-f6af-a603-7683bb9bab62" executionId="55ad874a-9fab-43d3-ad6b-b1fad6d1f76d" testListId="8c84fa94-04c1-424b-9868-57a2d4851a1d" />
    <TestEntry testId="be46907d-a173-13ad-6a6b-f04367a3abb5" executionId="e56dffca-1ef8-4891-b2f3-0744fd461e98" testListId="8c84fa94-04c1-424b-9868-57a2d4851a1d" />
    <TestEntry testId="2696c9e3-385a-1f49-5d53-6a80871ac3fe" executionId="7ef0519f-6c24-4a01-8b67-31aa4af4c762" testListId="8c84fa94-04c1-424b-9868-57a2d4851a1d" />
    <TestEntry testId="d1148632-27af-a6b6-932c-c9e12abeebb9" executionId="dc1dde5f-2eef-4edc-8f78-43204df94994" testListId="8c84fa94-04c1-424b-9868-57a2d4851a1d" />
    <TestEntry testId="9060f73f-d5fa-875e-8bed-572cba260200" executionId="5a4a680e-e77f-463c-b861-10fcbf076a17" testListId="8c84fa94-04c1-424b-9868-57a2d4851a1d" />
    <TestEntry testId="165e0853-e6ec-d7d3-2c96-375c649002cc" executionId="5408162d-3fc9-449b-85eb-ee61b7145695" testListId="8c84fa94-04c1-424b-9868-57a2d4851a1d" />
    <TestEntry testId="7cef2a09-ed80-a76c-b595-1833aff59ca7" executionId="09defff6-14b7-4d06-942b-83774f357517" testListId="8c84fa94-04c1-424b-9868-57a2d4851a1d" />
    <TestEntry testId="fdaa70b5-d6a7-4b1c-2dcb-1ad653aa4853" executionId="b3553270-3fe6-423f-9f42-8c76e65e0357" testListId="8c84fa94-04c1-424b-9868-57a2d4851a1d" />
    <TestEntry testId="45464de9-2088-da3a-85ed-a8a4fecb083d" executionId="062d445c-d1b2-4985-b7bd-9ef5f181885d" testListId="8c84fa94-04c1-424b-9868-57a2d4851a1d" />
    <TestEntry testId="91a78aeb-428a-f6ff-e2d1-52651e1feb62" executionId="d7d7ce20-f6ce-49c4-b447-b8a9dfe6e071" testListId="8c84fa94-04c1-424b-9868-57a2d4851a1d" />
    <TestEntry testId="b93013c3-d297-89cf-1fce-624bcbbbca6c" executionId="0f8da192-536d-4a79-a905-6ec37a5b9650" testListId="8c84fa94-04c1-424b-9868-57a2d4851a1d" />
    <TestEntry testId="701d42cf-3ef2-9e45-4405-09554e002cc2" executionId="01c49b26-b8c4-422d-a382-5ecd5985a99e" testListId="8c84fa94-04c1-424b-9868-57a2d4851a1d" />
    <TestEntry testId="b7e1ee47-1435-7822-cf95-e3720fecc94e" executionId="01a6efd5-1ca7-45e4-b0a2-25cd7391a71c" testListId="8c84fa94-04c1-424b-9868-57a2d4851a1d" />
    <TestEntry testId="6bd5f4c7-c179-311a-1fc1-8d1f4fd89099" executionId="961fdfcd-c588-4814-b975-17d91fdd6a28" testListId="8c84fa94-04c1-424b-9868-57a2d4851a1d" />
    <TestEntry testId="95b39f8a-1d05-ef16-b7bc-9f5670cd4fdd" executionId="cfd5e5d6-3ae2-40e1-9d93-7c801380df0c" testListId="8c84fa94-04c1-424b-9868-57a2d4851a1d" />
    <TestEntry testId="3df39c27-f4f5-5c42-c9cb-c9b3731ba9be" executionId="61d94084-bd56-4123-b3fe-1e02305b3131" testListId="8c84fa94-04c1-424b-9868-57a2d4851a1d" />
    <TestEntry testId="b4dcaf4b-c8a6-a3d6-898f-051609cb706b" executionId="d1bde83f-7f5b-499d-9ce2-336899a54ce7" testListId="8c84fa94-04c1-424b-9868-57a2d4851a1d" />
    <TestEntry testId="62360bb2-0571-b412-04d5-fd14e8294ea1" executionId="cce6290c-705c-40fa-a1a5-134d3cc9de01" testListId="8c84fa94-04c1-424b-9868-57a2d4851a1d" />
    <TestEntry testId="f63c2d26-77b7-377e-2b59-219fb8f0f7b9" executionId="658c5ed6-d203-4199-8c17-4865331b8be5" testListId="8c84fa94-04c1-424b-9868-57a2d4851a1d" />
    <TestEntry testId="98514a87-c9e9-a001-7d97-02b7ed802ee7" executionId="d8874110-ca50-4058-b30d-cea5869fbc8b" testListId="8c84fa94-04c1-424b-9868-57a2d4851a1d" />
    <TestEntry testId="6847ebb6-e732-c391-be2d-0bdf0abaf563" executionId="05eaae3a-e6e3-444d-a17a-f34f97b6d0e2" testListId="8c84fa94-04c1-424b-9868-57a2d4851a1d" />
    <TestEntry testId="9b908469-0451-8cb6-bea4-479be46ad482" executionId="8fd0d7ba-c63c-46b1-896a-c93c5239ef55" testListId="8c84fa94-04c1-424b-9868-57a2d4851a1d" />
    <TestEntry testId="dfe3fd2e-b517-b2eb-b2e2-30f7a11293dd" executionId="c2151bf2-70b9-4c36-8be9-25a04917bbcc" testListId="8c84fa94-04c1-424b-9868-57a2d4851a1d" />
    <TestEntry testId="2efbf2d6-dad1-cfe2-2063-c228f2b12aef" executionId="8b525fcd-987d-4430-90b2-59d7a26baca8" testListId="8c84fa94-04c1-424b-9868-57a2d4851a1d" />
    <TestEntry testId="06afff30-aa98-f03f-ebfe-83961e8caf5d" executionId="eee79568-9931-4e99-b993-2a64bbc32214" testListId="8c84fa94-04c1-424b-9868-57a2d4851a1d" />
    <TestEntry testId="c3f29bf2-4c11-11c6-eb66-4e32acc46d8c" executionId="2f90d35f-cba4-4b95-a79a-ac583550c309" testListId="8c84fa94-04c1-424b-9868-57a2d4851a1d" />
    <TestEntry testId="cc634d85-ac00-a639-0e52-434691164702" executionId="afacaff5-0b4e-44b3-8d91-b7d73ec73a76" testListId="8c84fa94-04c1-424b-9868-57a2d4851a1d" />
    <TestEntry testId="0882c6fe-e955-9a8a-eee5-7ae62c8b3178" executionId="bbf554b2-7c8d-41be-b6fc-a9696ea4e2ed" testListId="8c84fa94-04c1-424b-9868-57a2d4851a1d" />
    <TestEntry testId="1c3a0b3c-9d39-e423-34b0-23113deccc9a" executionId="19159e9d-b21b-4ec6-ad39-5a647e63a140" testListId="8c84fa94-04c1-424b-9868-57a2d4851a1d" />
    <TestEntry testId="b87a1c99-d996-5e0b-a096-13dd2701c2c1" executionId="6e3a8b64-057b-4194-8820-f57eca647f6b" testListId="8c84fa94-04c1-424b-9868-57a2d4851a1d" />
    <TestEntry testId="2ee6bce4-4d10-a7ff-ad46-044be6c8e9a0" executionId="c16d9c2c-bab1-4516-b608-a4a18206dcb6" testListId="8c84fa94-04c1-424b-9868-57a2d4851a1d" />
    <TestEntry testId="443c2399-34e1-f6f5-cccc-278f0b0d999a" executionId="d27d11e3-336c-4427-a80e-a9702d49e422" testListId="8c84fa94-04c1-424b-9868-57a2d4851a1d" />
    <TestEntry testId="0fc9e9bc-717c-57dc-ce36-115b2e3717aa" executionId="7d910530-3997-48ef-8342-7d741264f8c4" testListId="8c84fa94-04c1-424b-9868-57a2d4851a1d" />
    <TestEntry testId="917a5570-b519-84b9-98e6-e30d662a605f" executionId="3bf94664-a309-4169-b9c7-108e542c16ad" testListId="8c84fa94-04c1-424b-9868-57a2d4851a1d" />
    <TestEntry testId="ad0fb3f5-59c6-f38e-8f48-61ec61251228" executionId="197550ff-f18d-4514-8c68-3870df9c896d" testListId="8c84fa94-04c1-424b-9868-57a2d4851a1d" />
    <TestEntry testId="4c99feff-404f-f1d9-19da-f0e8d2262427" executionId="f6b72fa2-dec1-4deb-888e-ec4acba8ab47" testListId="8c84fa94-04c1-424b-9868-57a2d4851a1d" />
    <TestEntry testId="1ff772ea-316c-7a4b-bb91-f3ab3f44e05b" executionId="cfd8bd35-4163-4588-a198-d4c0cadbd28d" testListId="8c84fa94-04c1-424b-9868-57a2d4851a1d" />
    <TestEntry testId="a1ef0514-5d41-eded-e838-32de99602a54" executionId="36b791fb-7ca4-44f8-967d-eb53284df6c7" testListId="8c84fa94-04c1-424b-9868-57a2d4851a1d" />
    <TestEntry testId="20e8ccab-a0f4-bc81-8521-21ef899c1e27" executionId="a1c38415-9f89-49b6-b63b-64ad9cc07947" testListId="8c84fa94-04c1-424b-9868-57a2d4851a1d" />
    <TestEntry testId="bdb27dac-eff0-8887-ff55-d405cca80355" executionId="644c90b2-e173-4a56-8320-a5b29b33e611" testListId="8c84fa94-04c1-424b-9868-57a2d4851a1d" />
    <TestEntry testId="027cffda-5eae-8a36-c1cb-ccd49ea8a655" executionId="2bd4f7cd-62a7-4f4e-ae18-f7d2b009c481" testListId="8c84fa94-04c1-424b-9868-57a2d4851a1d" />
    <TestEntry testId="828aa887-d61e-2965-7b2f-bafe3c7dac25" executionId="d831a613-25bb-4fe6-bc0e-805ccc1987dd" testListId="8c84fa94-04c1-424b-9868-57a2d4851a1d" />
    <TestEntry testId="8ed2a60a-eeda-1585-64ac-27fd20cde828" executionId="b53303b9-8f1c-4e8c-9fbc-83c9c7ae2891" testListId="8c84fa94-04c1-424b-9868-57a2d4851a1d" />
    <TestEntry testId="f4609267-8826-6634-3e91-b8471488e292" executionId="d5dd3f61-f494-4726-a40a-76b01cffa1a1" testListId="8c84fa94-04c1-424b-9868-57a2d4851a1d" />
    <TestEntry testId="0a626f9c-1fcc-6ba0-e354-bb3374659d02" executionId="c19e130a-c21d-42ba-aada-8e22513ea7f1" testListId="8c84fa94-04c1-424b-9868-57a2d4851a1d" />
    <TestEntry testId="29c77f9c-4048-1470-9159-cedbe420b5fd" executionId="0d3dbefb-f68a-4814-b809-a928bd7757dd" testListId="8c84fa94-04c1-424b-9868-57a2d4851a1d" />
    <TestEntry testId="dddb1835-bc62-9ecf-f6da-266a9e5d6d03" executionId="194c4597-de8b-46be-9f20-e6c9b280f652" testListId="8c84fa94-04c1-424b-9868-57a2d4851a1d" />
    <TestEntry testId="30021480-71a7-de84-e2a2-5d33b74ca139" executionId="a30b976b-9e6f-4e3d-8d5a-a58a38feac2a" testListId="8c84fa94-04c1-424b-9868-57a2d4851a1d" />
    <TestEntry testId="fde63fcf-969d-dfa6-38ad-696fd5d00bc2" executionId="6d29c51f-9a50-47a7-97ae-e1f1af004e13" testListId="8c84fa94-04c1-424b-9868-57a2d4851a1d" />
    <TestEntry testId="8f3e7c48-bb88-696a-3cb3-b7922e8f86c1" executionId="85646cfd-8d6d-47bc-987b-591a6a928900" testListId="8c84fa94-04c1-424b-9868-57a2d4851a1d" />
    <TestEntry testId="f6b2dd1a-21fb-6c4a-e3a3-9cff7ca08b77" executionId="c72466cd-753e-4d38-ac72-23ca997cf554" testListId="8c84fa94-04c1-424b-9868-57a2d4851a1d" />
    <TestEntry testId="1d64d188-2f85-c3c0-9756-83b6a2cd8474" executionId="dd86575d-873a-4852-ae92-ef211dc05c85" testListId="8c84fa94-04c1-424b-9868-57a2d4851a1d" />
    <TestEntry testId="195cadae-c368-871e-b908-a48bf7f49ea5" executionId="21f4f850-9ad0-4924-aa95-cb2c4376080d" testListId="8c84fa94-04c1-424b-9868-57a2d4851a1d" />
    <TestEntry testId="b3aaeac2-8a8e-15b7-f149-450ef9d8d467" executionId="14c53b1b-0e13-42da-8f45-410f970ba0f5" testListId="8c84fa94-04c1-424b-9868-57a2d4851a1d" />
    <TestEntry testId="44391416-6606-c8bf-b0af-1a0952a7ad26" executionId="58c37a34-cc39-4195-b43f-7f507b54c055" testListId="8c84fa94-04c1-424b-9868-57a2d4851a1d" />
    <TestEntry testId="edbdb0fc-44d8-43ee-8589-e03588652149" executionId="c93ef7d9-0125-4cda-8f8c-a36c2d47820b" testListId="8c84fa94-04c1-424b-9868-57a2d4851a1d" />
    <TestEntry testId="142d7f64-df34-9fff-6e19-8f208ebae02f" executionId="7fe112d3-9898-4bee-89ec-90f8346411a0" testListId="8c84fa94-04c1-424b-9868-57a2d4851a1d" />
    <TestEntry testId="91ffcb1a-560f-f3c6-61e7-9aaab2d982dc" executionId="ba4359d5-84b8-4e1c-a8a2-e25cec8519e3" testListId="8c84fa94-04c1-424b-9868-57a2d4851a1d" />
    <TestEntry testId="5a8fb903-2861-1882-49ca-4356404c3995" executionId="11857601-0738-4629-ae5c-59812258f7f3" testListId="8c84fa94-04c1-424b-9868-57a2d4851a1d" />
    <TestEntry testId="2ee134e1-115d-c1eb-9935-4d228f8143e5" executionId="b960403e-c229-40fe-8c1f-ee5ff7672030" testListId="8c84fa94-04c1-424b-9868-57a2d4851a1d" />
    <TestEntry testId="19c9cf52-9433-0ae2-27f1-e1c0ebb67acf" executionId="13945610-2109-4321-9be9-b5a6baf4b73b" testListId="8c84fa94-04c1-424b-9868-57a2d4851a1d" />
    <TestEntry testId="24643fe7-0bf9-5382-835f-f9f91ed814f3" executionId="81d3017d-7410-439e-99ab-fad22fe041c8" testListId="8c84fa94-04c1-424b-9868-57a2d4851a1d" />
    <TestEntry testId="0abf48ed-aa70-1dda-b2cb-ff714665e116" executionId="898b58c9-c969-4cca-8658-c94eec173038" testListId="8c84fa94-04c1-424b-9868-57a2d4851a1d" />
    <TestEntry testId="0d68917f-e0c8-8b03-5d02-6e8d6b862245" executionId="90c3557c-5955-4d1a-bc59-71c8d620a67b" testListId="8c84fa94-04c1-424b-9868-57a2d4851a1d" />
    <TestEntry testId="45f53e24-e644-c161-a854-8f98e8cdbf61" executionId="12308073-f0bb-4b98-a8a5-b62fe4e8b48e" testListId="8c84fa94-04c1-424b-9868-57a2d4851a1d" />
    <TestEntry testId="e16392e0-b74b-20a1-bfd8-cf04cd22dc42" executionId="c0eb1f1f-a9d3-42e1-b114-30fd1677052a" testListId="8c84fa94-04c1-424b-9868-57a2d4851a1d" />
    <TestEntry testId="a5677ca9-068f-1409-b05b-617b1124d3e3" executionId="ba533148-9a7b-48b8-9e81-c82256710909" testListId="8c84fa94-04c1-424b-9868-57a2d4851a1d" />
    <TestEntry testId="acb150f5-b42c-e1e1-4437-dd62b031592b" executionId="61793c7b-a0c5-4439-8fae-9fc2ae2d6989" testListId="8c84fa94-04c1-424b-9868-57a2d4851a1d" />
    <TestEntry testId="13e00d9f-1356-be26-5e63-c3874f003845" executionId="136dedf7-7084-4dc1-90d8-499800a53f60" testListId="8c84fa94-04c1-424b-9868-57a2d4851a1d" />
    <TestEntry testId="4092a02b-aad1-4cd2-975c-e2b5b68e9e4b" executionId="3b2a8af2-f1e9-4907-9704-88f1ca88d83d" testListId="8c84fa94-04c1-424b-9868-57a2d4851a1d" />
    <TestEntry testId="c5a3b45d-5e96-20b3-b548-6f1303bc7108" executionId="8547c9c6-18f7-41eb-a672-067cc65017aa" testListId="8c84fa94-04c1-424b-9868-57a2d4851a1d" />
    <TestEntry testId="ba333333-3cb8-334f-91af-f5ad79143e8f" executionId="2cee03c2-4c68-47c4-a1fb-9dc8f1381514" testListId="8c84fa94-04c1-424b-9868-57a2d4851a1d" />
    <TestEntry testId="a31ae58a-ac3b-c32e-1d10-665517748c9e" executionId="b321aa2b-71d0-4d64-8a4c-8534c25a3964" testListId="8c84fa94-04c1-424b-9868-57a2d4851a1d" />
    <TestEntry testId="f52b7516-be31-9d30-cb41-04f4b2fe00bf" executionId="69ca68a8-6f6e-4526-9a86-8e8844f9103d" testListId="8c84fa94-04c1-424b-9868-57a2d4851a1d" />
    <TestEntry testId="be546a67-03cf-7dc5-701c-f28c8929b881" executionId="8294d727-68a2-4b03-8739-eed138e8fac2" testListId="8c84fa94-04c1-424b-9868-57a2d4851a1d" />
    <TestEntry testId="af1e35a2-62a8-4a4f-249d-2b9ad620f97f" executionId="fbe30bf9-136c-4b7e-9839-45e7ed4eb4dc" testListId="8c84fa94-04c1-424b-9868-57a2d4851a1d" />
    <TestEntry testId="2f8a4bab-4df9-e4ff-fb91-be0d70ec975d" executionId="15f3ce1c-5f49-4e92-81f0-9d020f774e4a" testListId="8c84fa94-04c1-424b-9868-57a2d4851a1d" />
    <TestEntry testId="881744e7-6022-e700-6b80-eadb3836c4cd" executionId="fa0e3784-82a8-4e94-8be2-0d0ed7a308eb" testListId="8c84fa94-04c1-424b-9868-57a2d4851a1d" />
    <TestEntry testId="3011877c-371c-af3a-5f96-72aad6f976b4" executionId="1bf3e088-2267-4d5c-89e5-385b0b283968" testListId="8c84fa94-04c1-424b-9868-57a2d4851a1d" />
    <TestEntry testId="931ed933-de82-365f-5037-e2d1c5c2f2a2" executionId="5b40faa5-5750-4ff0-96d0-d7bb7d47e9da" testListId="8c84fa94-04c1-424b-9868-57a2d4851a1d" />
    <TestEntry testId="88fa8516-0d21-8d70-a765-06ab5bfbd249" executionId="a38fb92f-6ac9-4e43-bb3d-3a2d3478bb77" testListId="8c84fa94-04c1-424b-9868-57a2d4851a1d" />
    <TestEntry testId="32fec1f9-c048-b0a8-7432-484e5a8663c8" executionId="1fb94988-16d9-49ce-b1b5-d01811b89bf3" testListId="8c84fa94-04c1-424b-9868-57a2d4851a1d" />
    <TestEntry testId="d3a599a4-935b-da5b-b016-03413c57fddc" executionId="e15bd8c7-16c3-4f40-b6e4-42083252de96" testListId="8c84fa94-04c1-424b-9868-57a2d4851a1d" />
    <TestEntry testId="47525e4b-96e7-dfdf-5445-9a26f7449bd8" executionId="03618d06-ec13-48bf-bf77-827abb4c81a2" testListId="8c84fa94-04c1-424b-9868-57a2d4851a1d" />
    <TestEntry testId="947e66f8-3edd-6840-266f-9e5f8a6ffe6e" executionId="d5976dd5-5173-4b2c-aa04-7a2746b4c5b9" testListId="8c84fa94-04c1-424b-9868-57a2d4851a1d" />
    <TestEntry testId="1079a229-fd63-4e8b-6131-749f5fa842df" executionId="ff0adec9-0bc0-455a-bca9-f297c3c37f13" testListId="8c84fa94-04c1-424b-9868-57a2d4851a1d" />
    <TestEntry testId="0f9a112c-49fc-58b4-a426-aaecb19145b0" executionId="0bcd9eee-5611-4720-94b4-ed4b5bcbc9dd" testListId="8c84fa94-04c1-424b-9868-57a2d4851a1d" />
    <TestEntry testId="795c0b9d-f299-8ffa-d2ce-4bce515e128c" executionId="44df6804-8440-44bf-a56b-ff8d343b91a5" testListId="8c84fa94-04c1-424b-9868-57a2d4851a1d" />
    <TestEntry testId="9dc38d44-5d89-36d6-7b22-483d30b44b5f" executionId="ae9f5618-c64f-40da-bd08-6d4a5a3f9ec8" testListId="8c84fa94-04c1-424b-9868-57a2d4851a1d" />
    <TestEntry testId="691eb3a3-a73e-41ff-6b2b-39e88e7d8bd1" executionId="40ef40f1-0feb-4b96-9f41-5f35346d937f" testListId="8c84fa94-04c1-424b-9868-57a2d4851a1d" />
    <TestEntry testId="b380b0ee-9aa4-cd9d-29ce-2b0885fdf47b" executionId="6156f4fa-ddae-49ef-b00c-076037e1c052" testListId="8c84fa94-04c1-424b-9868-57a2d4851a1d" />
    <TestEntry testId="380c2d79-325d-3409-b945-e63fa33fc5f3" executionId="26d66b05-5423-4812-977c-cd05332b04db" testListId="8c84fa94-04c1-424b-9868-57a2d4851a1d" />
    <TestEntry testId="eafedef4-77b0-0ba7-44ca-5ee1ec158773" executionId="9e67f592-0731-462d-bbfd-db583bff5833" testListId="8c84fa94-04c1-424b-9868-57a2d4851a1d" />
    <TestEntry testId="aa1fb81d-7b98-7b44-90a1-fd0ecea840da" executionId="57ef5405-45f4-4290-a040-565884f2b95d" testListId="8c84fa94-04c1-424b-9868-57a2d4851a1d" />
    <TestEntry testId="5660124e-2746-e525-af63-46d6c656faea" executionId="37fa2a68-088e-46fd-8a8e-eb4cc3db8e79" testListId="8c84fa94-04c1-424b-9868-57a2d4851a1d" />
    <TestEntry testId="007b902b-e17d-c451-d588-1b1be6581913" executionId="19b7ff7f-379a-422a-b05f-ad6b6867c1ac" testListId="8c84fa94-04c1-424b-9868-57a2d4851a1d" />
    <TestEntry testId="0431698b-89c7-961c-1219-e2a2171a4f5c" executionId="7ef14575-1de1-4e6f-8594-9eb7f3a3d9ba" testListId="8c84fa94-04c1-424b-9868-57a2d4851a1d" />
    <TestEntry testId="5ce1375e-46fd-90ff-af6f-56b477f36294" executionId="8c33fd3b-ed07-49d9-a6f3-2afe7e5fbce2" testListId="8c84fa94-04c1-424b-9868-57a2d4851a1d" />
    <TestEntry testId="e2bc20ac-f49d-eabf-edc0-8474eb6a4a1c" executionId="817845c2-a740-4422-97bf-efbb3d26057e" testListId="8c84fa94-04c1-424b-9868-57a2d4851a1d" />
    <TestEntry testId="a50d2941-a3c6-9371-026f-bc022ac6c222" executionId="bc22d734-b345-4abf-9a86-ca6cf8c01bd2" testListId="8c84fa94-04c1-424b-9868-57a2d4851a1d" />
    <TestEntry testId="ef92f893-79c7-0d51-127f-8470ebdbc768" executionId="c6f981f4-c9e6-4e8d-bd91-81dab962dabc" testListId="8c84fa94-04c1-424b-9868-57a2d4851a1d" />
    <TestEntry testId="fc5fd650-f337-b166-89da-483c36c8a94d" executionId="60f079ce-071a-4383-9d20-5a0c200ee583" testListId="8c84fa94-04c1-424b-9868-57a2d4851a1d" />
    <TestEntry testId="a316d943-455b-a96d-fb1b-0c24977fe437" executionId="86153a22-d647-4c2c-a00b-1e776aef5fa2" testListId="8c84fa94-04c1-424b-9868-57a2d4851a1d" />
    <TestEntry testId="83ccd97a-3d39-ee6a-e0f8-f15f62764577" executionId="00ca8d83-286c-49ca-9cd1-f424d732476d" testListId="8c84fa94-04c1-424b-9868-57a2d4851a1d" />
    <TestEntry testId="076479ee-f448-9ceb-4230-0072b1a0e768" executionId="f9908b73-3d34-4695-8b56-3c322ba05450" testListId="8c84fa94-04c1-424b-9868-57a2d4851a1d" />
    <TestEntry testId="b918b474-74ff-1345-54cb-cdaf09a7e1fc" executionId="161cd26f-5e6e-465b-a2d3-863ec92d9bcb" testListId="8c84fa94-04c1-424b-9868-57a2d4851a1d" />
    <TestEntry testId="81d4eeef-857b-5bf1-5cd0-3e8726c4f84c" executionId="36a631b7-b57d-4845-ac1b-6f98ef634277" testListId="8c84fa94-04c1-424b-9868-57a2d4851a1d" />
    <TestEntry testId="b023ed0a-de55-261e-b76b-b001235c2a21" executionId="ddab6ac7-1d1f-41ee-a1c7-d4ece4695eaa" testListId="8c84fa94-04c1-424b-9868-57a2d4851a1d" />
    <TestEntry testId="57630e13-6376-5ac4-f876-8b3113252cf4" executionId="225e3060-d5ef-4194-b167-348dff4099ec" testListId="8c84fa94-04c1-424b-9868-57a2d4851a1d" />
    <TestEntry testId="da581dbd-fdf9-2018-b5c2-8286b59a8ac1" executionId="fe651411-42fc-4274-bcf2-d78e98d0344c" testListId="8c84fa94-04c1-424b-9868-57a2d4851a1d" />
    <TestEntry testId="13ba617e-c06d-6b6c-0709-611e06771ad4" executionId="f772c344-62a6-44fd-ac20-4796835d9b66" testListId="8c84fa94-04c1-424b-9868-57a2d4851a1d" />
    <TestEntry testId="57d998ab-72e0-6699-7a67-4312514fd442" executionId="ff1ed3b9-e3b6-451c-a15f-f89e20d54133" testListId="8c84fa94-04c1-424b-9868-57a2d4851a1d" />
    <TestEntry testId="06d17b56-b174-7e5f-cf96-64396547a14e" executionId="456bcb5d-6856-4dc6-9b76-0c0d988fc5ed" testListId="8c84fa94-04c1-424b-9868-57a2d4851a1d" />
    <TestEntry testId="1f280893-1f72-6f45-77a3-2457f07e9bd2" executionId="c0436ca0-93c1-4254-9f2f-c26b3098ab3b" testListId="8c84fa94-04c1-424b-9868-57a2d4851a1d" />
    <TestEntry testId="efa5f5d5-e246-d31e-90ae-ee25a83e9147" executionId="ab6c1e32-816d-43d2-bc5c-9157d1f6b7e3" testListId="8c84fa94-04c1-424b-9868-57a2d4851a1d" />
    <TestEntry testId="102b1376-858e-c079-f8d2-05ad7ca84e2b" executionId="e5ce09ed-15ea-446b-9de8-74e2b7fbfdcc" testListId="8c84fa94-04c1-424b-9868-57a2d4851a1d" />
    <TestEntry testId="3073894f-f138-694b-5154-436b92ff7cb8" executionId="34f0aa00-7939-4e34-9e39-9db6289269d6" testListId="8c84fa94-04c1-424b-9868-57a2d4851a1d" />
    <TestEntry testId="872d533c-7618-1f1f-1814-b113065309ba" executionId="a8a51144-64c0-4e66-9f10-72d36a5145b9" testListId="8c84fa94-04c1-424b-9868-57a2d4851a1d" />
    <TestEntry testId="3166ce8a-6864-b5e2-c1c8-2bea9adde082" executionId="f4854fc1-2fb5-4bb7-a626-7018179bac30" testListId="8c84fa94-04c1-424b-9868-57a2d4851a1d" />
    <TestEntry testId="80e1e452-82cf-b088-db40-d28f7d32c62d" executionId="4b734c79-af60-4fdc-9761-6eca6a3e1d85" testListId="8c84fa94-04c1-424b-9868-57a2d4851a1d" />
    <TestEntry testId="4b6fecb5-59c1-ea5f-e98e-45127e9005f6" executionId="209ee156-06df-405a-8a69-fa13eb5da83b" testListId="8c84fa94-04c1-424b-9868-57a2d4851a1d" />
    <TestEntry testId="17891e0b-7823-7706-f334-6ca55cc2528c" executionId="2b32d4a9-e5ba-45bf-aaba-e2acac4901d5" testListId="8c84fa94-04c1-424b-9868-57a2d4851a1d" />
    <TestEntry testId="da60daa2-2199-7e98-b742-6cba793e7440" executionId="79aaa249-fd17-4372-ae0d-b3f331bce7f8" testListId="8c84fa94-04c1-424b-9868-57a2d4851a1d" />
    <TestEntry testId="305136ec-e536-ca06-24de-c6336ceb8a55" executionId="c57fad44-38f4-43ca-ba73-11bde732733a" testListId="8c84fa94-04c1-424b-9868-57a2d4851a1d" />
    <TestEntry testId="a96b347d-5d1c-d89b-916b-371c05303b3e" executionId="b6680cc5-c836-4555-bee0-36dcfb9e5846" testListId="8c84fa94-04c1-424b-9868-57a2d4851a1d" />
    <TestEntry testId="3601e411-06fe-e014-7da4-87000446bebe" executionId="78a823f8-22b2-406a-8de8-787cdc121a5b" testListId="8c84fa94-04c1-424b-9868-57a2d4851a1d" />
    <TestEntry testId="744b677d-0c71-fc1a-e1ca-cb97cabb4a84" executionId="c3b44b46-d66a-46c1-84f3-777911da93b4" testListId="8c84fa94-04c1-424b-9868-57a2d4851a1d" />
    <TestEntry testId="9a284a1d-156e-907f-d45e-bf23dce7a8b2" executionId="4faea90b-509a-445d-ac14-785f41280ca2" testListId="8c84fa94-04c1-424b-9868-57a2d4851a1d" />
    <TestEntry testId="f8f6e293-a84f-8369-75b0-8cd14fb32ce3" executionId="58a7292c-7d1a-47fe-b9e8-2e67f318d763" testListId="8c84fa94-04c1-424b-9868-57a2d4851a1d" />
    <TestEntry testId="d84399e7-2094-11f2-58a1-ad3cf8b39c94" executionId="8a54579d-af52-4f81-8767-cadb207a6e7a" testListId="8c84fa94-04c1-424b-9868-57a2d4851a1d" />
    <TestEntry testId="02e79180-7231-3946-3d30-86e386fbe7e5" executionId="f109c43a-9b89-45f0-a08c-951c4a0d907c" testListId="8c84fa94-04c1-424b-9868-57a2d4851a1d" />
    <TestEntry testId="e36d7108-5c81-aaf4-329c-24a028699d61" executionId="201f5de0-85bb-472e-978c-c79f0573a3f6" testListId="8c84fa94-04c1-424b-9868-57a2d4851a1d" />
    <TestEntry testId="c01b7aad-2de6-9625-9d52-27adc6cc7bd7" executionId="c13daba1-fd87-4b8a-8c06-17cfa4d6b1a2" testListId="8c84fa94-04c1-424b-9868-57a2d4851a1d" />
    <TestEntry testId="fcfc9cad-5753-f6cc-59a6-f568d4caf2fd" executionId="af1fac09-ce50-4577-a9a6-8f0bce9e506f" testListId="8c84fa94-04c1-424b-9868-57a2d4851a1d" />
    <TestEntry testId="3898ccc9-d005-6a67-598e-bc078f848ef1" executionId="cce0a05c-33aa-4962-b168-75736013feb8" testListId="8c84fa94-04c1-424b-9868-57a2d4851a1d" />
    <TestEntry testId="4a5dc23b-ffe3-e948-472d-9d60d6e22bd4" executionId="701a5652-efd7-403f-ab52-37854c4a4cb1" testListId="8c84fa94-04c1-424b-9868-57a2d4851a1d" />
    <TestEntry testId="3adcd1f6-966f-7457-7e36-7976f4188830" executionId="b76ed4af-89c5-4b86-af59-e8a64b6d242f" testListId="8c84fa94-04c1-424b-9868-57a2d4851a1d" />
    <TestEntry testId="e56a4d58-0ff2-e6be-cab4-b17c9aa01d74" executionId="dd11982a-e31a-44aa-aa78-5f6cf70b94d4" testListId="8c84fa94-04c1-424b-9868-57a2d4851a1d" />
    <TestEntry testId="fb103779-d04c-1686-3285-367738634a78" executionId="7281f65a-061c-445b-827f-49689620e714" testListId="8c84fa94-04c1-424b-9868-57a2d4851a1d" />
    <TestEntry testId="f386bd71-4890-9925-d3d2-7dcbf0b9febe" executionId="4167b990-f759-4d39-a5e3-fd80710de841" testListId="8c84fa94-04c1-424b-9868-57a2d4851a1d" />
    <TestEntry testId="95a21395-b040-7ff7-fe99-d443a657de60" executionId="c138bf3d-2321-4c10-9979-36d02d3870a4" testListId="8c84fa94-04c1-424b-9868-57a2d4851a1d" />
    <TestEntry testId="dd385b74-b0ce-69dd-5bae-8f3c49a74f34" executionId="09985865-0810-44b3-aa07-c9dfd0ea3255" testListId="8c84fa94-04c1-424b-9868-57a2d4851a1d" />
    <TestEntry testId="3a324bfc-234e-c9df-2934-23de7ff42e44" executionId="223eede5-0a36-4418-8f3b-e64345f8493c" testListId="8c84fa94-04c1-424b-9868-57a2d4851a1d" />
    <TestEntry testId="0910d3e9-c4fa-4b0a-4db0-a2f6efd079c5" executionId="747e952c-1ca4-4cc7-9167-9b1d53cd7572" testListId="8c84fa94-04c1-424b-9868-57a2d4851a1d" />
    <TestEntry testId="826dae12-7497-2482-cdc9-2d594ce22a1a" executionId="075dae31-3318-4b33-b888-c913787b69e2" testListId="8c84fa94-04c1-424b-9868-57a2d4851a1d" />
    <TestEntry testId="afb51d05-f3b7-7ba8-3b5a-420afd719c13" executionId="3a36909a-1a8d-4845-85b1-0a0f3bd3327d" testListId="8c84fa94-04c1-424b-9868-57a2d4851a1d" />
    <TestEntry testId="19f414fb-e29e-e53a-f5c0-dddd8004a79d" executionId="1ed28259-0fa0-4e87-855b-4e48363e214b" testListId="8c84fa94-04c1-424b-9868-57a2d4851a1d" />
    <TestEntry testId="c6c12d45-27fb-4bdb-9c70-a3598bb5e949" executionId="1a79e7f8-e521-491f-ba6d-1f6f5b404906" testListId="8c84fa94-04c1-424b-9868-57a2d4851a1d" />
    <TestEntry testId="855e6bd6-0b07-1dab-aa8f-031499a76818" executionId="99476997-ebb0-41e1-bd3e-304ce75ab9ba" testListId="8c84fa94-04c1-424b-9868-57a2d4851a1d" />
    <TestEntry testId="1bd47a22-fa5c-5334-c7fb-8e1b4053f662" executionId="5fea0095-1ce7-4167-ba45-f8f4b89a8e73" testListId="8c84fa94-04c1-424b-9868-57a2d4851a1d" />
    <TestEntry testId="a6af3342-e82c-99d7-7280-f0bc3b6ef111" executionId="70d804d9-91a5-4255-887d-9a0a5d86d694" testListId="8c84fa94-04c1-424b-9868-57a2d4851a1d" />
    <TestEntry testId="55d96512-5a91-19ab-11b5-5b61e2c70e29" executionId="2fe69e1e-5fbe-4685-8572-a26ae493deac" testListId="8c84fa94-04c1-424b-9868-57a2d4851a1d" />
    <TestEntry testId="befe5650-f39d-378d-4992-3ef8f2152fe0" executionId="4f8325ee-294f-4bcd-bb11-687369cb16ce" testListId="8c84fa94-04c1-424b-9868-57a2d4851a1d" />
    <TestEntry testId="7ca171df-e98e-0a85-0373-bda8d8a6f93c" executionId="953d7b51-9946-4805-a4a8-710e6025a320" testListId="8c84fa94-04c1-424b-9868-57a2d4851a1d" />
    <TestEntry testId="22f81f95-90ca-baa7-300b-797405eeaf34" executionId="d4283000-b156-4e4d-9de4-f8d33989e128" testListId="8c84fa94-04c1-424b-9868-57a2d4851a1d" />
    <TestEntry testId="d2076066-545c-8d0e-4e0a-900f85db5e1f" executionId="0e2c46fa-2b8d-436d-9e66-e0b6ffe2d2e5" testListId="8c84fa94-04c1-424b-9868-57a2d4851a1d" />
    <TestEntry testId="4ac44c86-bed3-2106-179e-e12e5a83e7dd" executionId="88f0619c-ee71-4a28-bf3d-13e9ccb4be20" testListId="8c84fa94-04c1-424b-9868-57a2d4851a1d" />
    <TestEntry testId="37b7b1e5-9323-fb29-1885-37b5c9283b82" executionId="ee9976e6-24e3-4ff3-8305-5ea7e1f0cd4f" testListId="8c84fa94-04c1-424b-9868-57a2d4851a1d" />
    <TestEntry testId="198a7352-93d7-0944-f1ae-7a5a353fc2ea" executionId="421650f1-7051-4c62-9530-ba9816a95dbb" testListId="8c84fa94-04c1-424b-9868-57a2d4851a1d" />
    <TestEntry testId="ea8f64f7-705b-0857-7b53-590a46740227" executionId="9db7a3af-6662-4765-9641-5423a3e68a17" testListId="8c84fa94-04c1-424b-9868-57a2d4851a1d" />
    <TestEntry testId="052697c7-c6ac-9c36-6e57-c8105d8c8917" executionId="0c4bbf2d-61b9-495b-a1ad-e28a3b45d6bb" testListId="8c84fa94-04c1-424b-9868-57a2d4851a1d" />
    <TestEntry testId="3c6da4f1-e15b-e209-7afc-b41a7ac6ff10" executionId="582ffff4-ae9e-43e3-930a-e8ca23a4a632" testListId="8c84fa94-04c1-424b-9868-57a2d4851a1d" />
    <TestEntry testId="dc096e9d-933e-6e98-213b-490659477502" executionId="2cfb1011-10f7-49bf-a88d-c2c0211a80b0" testListId="8c84fa94-04c1-424b-9868-57a2d4851a1d" />
    <TestEntry testId="e9b6f05b-8b63-04bd-4d02-75ef2000b3a9" executionId="f0a4fea5-6ee3-4bf8-87b0-ad3b07f40911" testListId="8c84fa94-04c1-424b-9868-57a2d4851a1d" />
    <TestEntry testId="5effecc7-0d7c-71b0-4a5d-1b5e24448f32" executionId="0e3ded1b-9eff-4ff5-b440-2a0a049d40f2" testListId="8c84fa94-04c1-424b-9868-57a2d4851a1d" />
    <TestEntry testId="5fa2d48f-d59e-30ed-e88d-ec6e2699e6a0" executionId="0caf2576-306f-41f2-9bee-27417015b547" testListId="8c84fa94-04c1-424b-9868-57a2d4851a1d" />
    <TestEntry testId="30f4ca0f-0cfa-0e61-edff-19f1044181dc" executionId="4fb40e33-479c-4bab-9c76-3703401a8802" testListId="8c84fa94-04c1-424b-9868-57a2d4851a1d" />
    <TestEntry testId="ac028d00-9e94-7167-70c4-eff006ef19bc" executionId="7338a8ae-88c6-4063-8b97-d9d37f369d0e" testListId="8c84fa94-04c1-424b-9868-57a2d4851a1d" />
    <TestEntry testId="8ad53d84-7b7f-42f1-3c0f-a181a1bcf187" executionId="d14efb1e-2561-46c1-8d21-2f38621b8581" testListId="8c84fa94-04c1-424b-9868-57a2d4851a1d" />
    <TestEntry testId="72855fe1-8be2-532b-4d86-61e95119c906" executionId="77221d64-ae85-421f-991b-3aaebb116af8" testListId="8c84fa94-04c1-424b-9868-57a2d4851a1d" />
    <TestEntry testId="a480eb88-b28c-a072-8d06-d39cc9a234d7" executionId="210e9bfb-cdab-4bd6-ab03-e50f63030200" testListId="8c84fa94-04c1-424b-9868-57a2d4851a1d" />
    <TestEntry testId="ee5f0f9a-0e04-d5a2-b25f-f40f3b08b3de" executionId="a8fa0d6d-c5a3-4604-a11c-132824a98cfd" testListId="8c84fa94-04c1-424b-9868-57a2d4851a1d" />
    <TestEntry testId="5af784fc-9243-ca85-aed0-526fe2586632" executionId="41e4464f-3ce8-4640-b57f-284f3071ef22" testListId="8c84fa94-04c1-424b-9868-57a2d4851a1d" />
    <TestEntry testId="68a0cb09-28c6-2900-d9b8-f1de6e183f62" executionId="fbbb79d0-a929-4b72-bbdc-750670fc77c3" testListId="8c84fa94-04c1-424b-9868-57a2d4851a1d" />
    <TestEntry testId="03c0368b-e341-b507-4b7e-610a5973bcc4" executionId="7912bfb8-35ed-40ac-a598-1e4814bdc730" testListId="8c84fa94-04c1-424b-9868-57a2d4851a1d" />
    <TestEntry testId="800f9645-615e-ad0a-a2cb-53e0d1e48385" executionId="37842bf0-f185-4c62-aa4c-b9478abfe8a5" testListId="8c84fa94-04c1-424b-9868-57a2d4851a1d" />
    <TestEntry testId="ce972480-9742-1510-efc9-f75d1c2264f7" executionId="f42e8cfa-3642-4ab7-8035-ae4d0a2fc35e" testListId="8c84fa94-04c1-424b-9868-57a2d4851a1d" />
    <TestEntry testId="63fb96d5-d28e-59d8-da39-0b1d1307a3be" executionId="9e7417c8-22c4-4144-a4e7-b5cdde2a5cd1" testListId="8c84fa94-04c1-424b-9868-57a2d4851a1d" />
    <TestEntry testId="ed1d90ee-8339-654e-30f1-a3356e61f489" executionId="e0d4041b-6ff8-45de-a923-6e158af455d2" testListId="8c84fa94-04c1-424b-9868-57a2d4851a1d" />
    <TestEntry testId="5b38455f-575a-f0bf-1374-9f24005465f7" executionId="3e3f937f-265a-45c3-a366-3a3bc9ccf2bb" testListId="8c84fa94-04c1-424b-9868-57a2d4851a1d" />
    <TestEntry testId="1d5225e4-5ff0-424d-ae91-6d7aa1287493" executionId="77a76ba7-89af-437c-bfc3-d91503a1378b" testListId="8c84fa94-04c1-424b-9868-57a2d4851a1d" />
    <TestEntry testId="2978490b-f335-bd98-3d44-ea762b2e8674" executionId="187fb44d-1448-49ef-85d7-c7ee16e94fa3" testListId="8c84fa94-04c1-424b-9868-57a2d4851a1d" />
    <TestEntry testId="5ea77848-9cab-6829-7cc9-030d32485ccd" executionId="4df617a8-0a64-4c62-bd1a-626b5d3276aa" testListId="8c84fa94-04c1-424b-9868-57a2d4851a1d" />
    <TestEntry testId="3d65563e-5c93-99b0-3def-2e75403bb40e" executionId="b5d73595-3926-494a-84cb-012d8235f9d6" testListId="8c84fa94-04c1-424b-9868-57a2d4851a1d" />
    <TestEntry testId="9c9fd855-69d4-9918-84e1-a8e0fcc2b097" executionId="b7d61858-a625-4924-8006-766534b1c91c" testListId="8c84fa94-04c1-424b-9868-57a2d4851a1d" />
    <TestEntry testId="a82486f4-91e1-c778-be1c-6489525080cf" executionId="c8f02fc4-bcc8-449c-b3b1-21c3a3d3c3da" testListId="8c84fa94-04c1-424b-9868-57a2d4851a1d" />
    <TestEntry testId="d4a56e7d-608d-82d0-94be-2ee3ccb3dc5e" executionId="f5a99035-848f-4570-b3ae-18c5a52a0957" testListId="8c84fa94-04c1-424b-9868-57a2d4851a1d" />
    <TestEntry testId="7800ded3-3f95-f40a-3aae-7b7a07c1c0ae" executionId="06a08550-1d5d-46fc-9f08-98ce3559ed3f" testListId="8c84fa94-04c1-424b-9868-57a2d4851a1d" />
    <TestEntry testId="2f07bb8b-cd50-f2c2-1839-7178b31bc8e9" executionId="58747e53-d116-4d63-9f01-f5a2c0b5ccc1" testListId="8c84fa94-04c1-424b-9868-57a2d4851a1d" />
    <TestEntry testId="f4c83ffd-478a-19b7-4825-b6d0081bab21" executionId="2ad0e7d8-2330-428b-a273-ae1d07e285b2" testListId="8c84fa94-04c1-424b-9868-57a2d4851a1d" />
    <TestEntry testId="2a52f03a-cddc-7860-41d6-2e4a73025212" executionId="f37010a8-1dd3-4515-9cd9-284ba5b7350f" testListId="8c84fa94-04c1-424b-9868-57a2d4851a1d" />
    <TestEntry testId="8e306d02-bff6-2147-0601-d259a33cfc75" executionId="9a359f13-b3fc-43e1-8d18-253a2966e371" testListId="8c84fa94-04c1-424b-9868-57a2d4851a1d" />
    <TestEntry testId="6ed649e1-03e1-4590-3da9-e33c23ab658c" executionId="e75d1bac-d1cc-44ed-943a-fd53dce4a6c5" testListId="8c84fa94-04c1-424b-9868-57a2d4851a1d" />
    <TestEntry testId="c619b254-8c86-c5cf-c771-3ea358787f56" executionId="fc785f2e-fa88-4bb1-ab3c-ae358f4d5232" testListId="8c84fa94-04c1-424b-9868-57a2d4851a1d" />
    <TestEntry testId="37275f45-b603-68a0-1bd8-9697e06c83fc" executionId="4ae441cb-153b-4a2c-8987-47677d8741b0" testListId="8c84fa94-04c1-424b-9868-57a2d4851a1d" />
    <TestEntry testId="623a898d-977d-5b91-e1b8-7c6682d95502" executionId="69957976-b287-4233-a6a9-9561c0b71adf" testListId="8c84fa94-04c1-424b-9868-57a2d4851a1d" />
    <TestEntry testId="187ee319-c305-31ec-cc6d-df00e81417f3" executionId="a052635f-10c8-4367-a854-d229ff947fca" testListId="8c84fa94-04c1-424b-9868-57a2d4851a1d" />
    <TestEntry testId="299b8bc8-9ed0-5ee6-8aa2-46e5da15a4a2" executionId="e413d55c-00b8-40b9-a558-d2a2414126a6" testListId="8c84fa94-04c1-424b-9868-57a2d4851a1d" />
    <TestEntry testId="f0c6f445-2735-407d-8bd8-efde582fd792" executionId="efa0e37c-1deb-4e08-b3f4-f14dae3e6e87" testListId="8c84fa94-04c1-424b-9868-57a2d4851a1d" />
    <TestEntry testId="3a19b5c0-1365-ca23-ee7f-bd0c0b6da0fe" executionId="f79f5f82-d39e-4829-bcb2-246b56198a9e" testListId="8c84fa94-04c1-424b-9868-57a2d4851a1d" />
    <TestEntry testId="4fb20969-8818-625a-fe73-6165a97fd7c8" executionId="e5249c8e-70d2-4ab4-99f3-4b47666cc7e8" testListId="8c84fa94-04c1-424b-9868-57a2d4851a1d" />
    <TestEntry testId="9febb6f2-deb2-94da-aa47-7dc5befd915e" executionId="d336be88-866d-4dce-bb1f-f3adc4fc281e" testListId="8c84fa94-04c1-424b-9868-57a2d4851a1d" />
    <TestEntry testId="8c07f686-6c37-5afb-9e2e-861969346f9f" executionId="83f62430-78be-4a44-a15d-a42cc89bc8a8" testListId="8c84fa94-04c1-424b-9868-57a2d4851a1d" />
    <TestEntry testId="34490af8-d3d6-7a91-eac4-416d37c4c03b" executionId="a53a3782-b5cd-4d6b-8820-c685c75e4083" testListId="8c84fa94-04c1-424b-9868-57a2d4851a1d" />
    <TestEntry testId="56fde5b0-e4df-3dd0-b924-b3d8168ff571" executionId="f65242a0-f614-4849-9c22-6578372d8d88" testListId="8c84fa94-04c1-424b-9868-57a2d4851a1d" />
    <TestEntry testId="96abbcdd-783c-a6e6-4e38-7f3dc42ebf4f" executionId="b92d0616-3ff9-4ec8-85f2-5ad02e4db161" testListId="8c84fa94-04c1-424b-9868-57a2d4851a1d" />
    <TestEntry testId="b95925c6-4417-d47a-19a9-e46062ab44bc" executionId="b5d160a0-c386-4edb-b8f8-16571671a9cb" testListId="8c84fa94-04c1-424b-9868-57a2d4851a1d" />
    <TestEntry testId="fb67ea71-6b78-1dc1-49b9-30224c6a1bae" executionId="3b862d7b-d84e-491a-8bc4-ea1d1c6057c7" testListId="8c84fa94-04c1-424b-9868-57a2d4851a1d" />
    <TestEntry testId="02ca40da-1acc-291d-7447-d3e7fda89520" executionId="89fada33-1d23-4b61-9b59-40b6aba4d3b9" testListId="8c84fa94-04c1-424b-9868-57a2d4851a1d" />
    <TestEntry testId="771137e7-8711-d371-fedf-d100a6d214c7" executionId="ab247cd6-5b25-483e-aac1-259567d4176d" testListId="8c84fa94-04c1-424b-9868-57a2d4851a1d" />
    <TestEntry testId="a7b3a0a1-b567-86d1-d16a-ead40656c5fa" executionId="2470e0cd-c702-4ca5-9258-89c9200dbbbf" testListId="8c84fa94-04c1-424b-9868-57a2d4851a1d" />
    <TestEntry testId="3a3cca08-f659-9a8e-cc12-ee5c6f4e3dbd" executionId="4f13e019-40cf-4d66-b6b6-1feceda09238" testListId="8c84fa94-04c1-424b-9868-57a2d4851a1d" />
    <TestEntry testId="283f9f13-cb3e-1218-3fcd-08b263d8e990" executionId="75c3d294-e628-4cad-8212-0bf055cd845e" testListId="8c84fa94-04c1-424b-9868-57a2d4851a1d" />
    <TestEntry testId="f7f3f6a6-4ba1-e9bb-d8fc-f000e145af31" executionId="9339fbb4-9a93-428e-88f7-54750c718a56" testListId="8c84fa94-04c1-424b-9868-57a2d4851a1d" />
    <TestEntry testId="29952541-0072-8c3b-e8db-a524fa1509da" executionId="23e8007c-dda3-418a-a53b-6e02757bd93f" testListId="8c84fa94-04c1-424b-9868-57a2d4851a1d" />
    <TestEntry testId="2393804e-4c64-30b5-d8f4-67c3cee41ca1" executionId="f7cf4962-e151-4759-b232-6b477dcfa924" testListId="8c84fa94-04c1-424b-9868-57a2d4851a1d" />
    <TestEntry testId="bcf3e398-10f5-c5db-c0c4-dde95790e302" executionId="f26d27e6-5eda-49be-b3ba-021304995853" testListId="8c84fa94-04c1-424b-9868-57a2d4851a1d" />
    <TestEntry testId="c31b76c8-61cb-842b-101d-3527fdf73529" executionId="d159842b-c1e6-4cc9-bcb6-786e08c654de" testListId="8c84fa94-04c1-424b-9868-57a2d4851a1d" />
    <TestEntry testId="f97a9c11-337a-9db0-c57e-d2aa1b5d357d" executionId="1ac8b26d-d07f-4a70-bc11-9803225262cb" testListId="8c84fa94-04c1-424b-9868-57a2d4851a1d" />
    <TestEntry testId="2f100db4-2fb5-00e2-487e-75a3a7b6d272" executionId="8a3ce772-02c5-4cab-825e-3a5bdeb83377" testListId="8c84fa94-04c1-424b-9868-57a2d4851a1d" />
    <TestEntry testId="bddb2a40-1daa-d4bf-c455-d8a073e5d8cf" executionId="203c1820-0c0d-400c-bf71-bb5c557787aa" testListId="8c84fa94-04c1-424b-9868-57a2d4851a1d" />
    <TestEntry testId="cf688c28-2d6d-a793-dedf-06d48b63f6f1" executionId="c453b45a-ca03-4425-a7f9-2f502e93fa29" testListId="8c84fa94-04c1-424b-9868-57a2d4851a1d" />
    <TestEntry testId="8e2c4cca-7551-4f11-2133-425fd4297ee4" executionId="9523aa46-8e14-49f9-b4ef-d3b4b897e9cc" testListId="8c84fa94-04c1-424b-9868-57a2d4851a1d" />
    <TestEntry testId="3f089a4c-2d32-ba99-dedb-fa96b9528cb6" executionId="df2eac71-3a51-4c9c-bfb9-06fa8ede894e" testListId="8c84fa94-04c1-424b-9868-57a2d4851a1d" />
    <TestEntry testId="e2a3c11c-1944-c086-d9fe-0c8ab6c0a314" executionId="05f7c83d-0128-4cc3-93da-4a57c358409b" testListId="8c84fa94-04c1-424b-9868-57a2d4851a1d" />
    <TestEntry testId="c16f8099-6dbb-2cba-9e36-c36b7b8492a9" executionId="70386e29-6891-483f-973d-63c992cc2342" testListId="8c84fa94-04c1-424b-9868-57a2d4851a1d" />
    <TestEntry testId="c78705d8-4e54-e5cc-d7aa-358b1af77cf7" executionId="b3238fab-0ca3-4ed1-be98-b472717d8e42" testListId="8c84fa94-04c1-424b-9868-57a2d4851a1d" />
    <TestEntry testId="6bac4380-8ca1-03ec-b0fa-87faadf2b614" executionId="a4093a98-9385-4a71-8d52-32be42466f04" testListId="8c84fa94-04c1-424b-9868-57a2d4851a1d" />
    <TestEntry testId="2fb66288-907e-6f79-7496-8522636043b2" executionId="fff02c8e-0e9d-4057-a775-6dafb90b4062" testListId="8c84fa94-04c1-424b-9868-57a2d4851a1d" />
    <TestEntry testId="131db61b-d56f-3e66-34f7-f920cef250e0" executionId="17eb6902-8bc9-4d40-bd65-127746de3ec5" testListId="8c84fa94-04c1-424b-9868-57a2d4851a1d" />
    <TestEntry testId="fcd118df-d28f-9914-22b6-30e2ce26737f" executionId="95b93417-0bd3-449d-81b5-acea549553af" testListId="8c84fa94-04c1-424b-9868-57a2d4851a1d" />
    <TestEntry testId="ae9b7ba8-a455-9b25-0586-eaded100e724" executionId="2033b6c4-763a-46da-9f91-38759a702d97" testListId="8c84fa94-04c1-424b-9868-57a2d4851a1d" />
    <TestEntry testId="8cc6d850-7864-120d-52a3-07064eb9831b" executionId="95521872-1136-445c-b3ee-0c4205aa26e9" testListId="8c84fa94-04c1-424b-9868-57a2d4851a1d" />
    <TestEntry testId="6cafc5ed-fe23-6238-885d-2059ca1b7427" executionId="59b8d8f8-13c8-404f-982a-c4f90b1f58bf" testListId="8c84fa94-04c1-424b-9868-57a2d4851a1d" />
    <TestEntry testId="d02218a8-fae4-70d3-39b6-dbd98bfacc73" executionId="d2992332-3eb9-4d3f-aad2-cc2be8bfb2c3" testListId="8c84fa94-04c1-424b-9868-57a2d4851a1d" />
    <TestEntry testId="ba253b92-69e3-4e4f-d52c-11bff46fb10e" executionId="e56fc99a-2d24-41a8-9685-d83f095bde63" testListId="8c84fa94-04c1-424b-9868-57a2d4851a1d" />
  </TestEntries>
  <TestLists>
    <TestList name="Results Not in a List" id="8c84fa94-04c1-424b-9868-57a2d4851a1d" />
    <TestList name="All Loaded Results" id="19431567-8539-422a-85d7-44ee4e166bda" />
  </TestLists>
  <ResultSummary outcome="Completed">
    <Counters total="2182" executed="2180" passed="2180" failed="0" error="0" timeout="0" aborted="0" inconclusive="0" passedButRunAborted="0" notRunnable="0" notExecuted="0" disconnected="0" warning="0" completed="0" inProgress="0" pending="0" />
    <Output>
      <StdOut>Test 'SearchResultDetailsView_MouseDoubleClick_AnimationDisabled_DetailsViewRemovedFromDetailsViewControl' was skipped in the test run.&#xD;
Test 'SearchResultDetailsView_EscapeKey_AnimationDisabled_DetailsViewRemovedFromDetailsViewControl' was skipped in the test run.&#xD;
</StdOut>
    </Output>
  </ResultSummary>
</TestRun>