<?xml version="1.0" encoding="utf-8"?>
<TestRun id="adfb91d4-981c-4996-84ca-7084df66097c" name="DKSR-EFI-04$@DKSR-EFI-04 2023-12-22 09:32:39" runUser="NT AUTHORITY\NETWORK SERVICE" xmlns="http://microsoft.com/schemas/VisualStudio/TeamTest/2010">
  <Times creation="2023-12-22T09:32:39.8497477+01:00" queuing="2023-12-22T09:32:39.8497477+01:00" start="2023-12-22T09:32:34.1465987+01:00" finish="2023-12-22T09:32:39.8966214+01:00" />
  <TestSettings name="default" id="ef8a15cc-1034-4519-9e6c-19e65d940969">
    <Deployment runDeploymentRoot="DKSR-EFI-04$_DKSR-EFI-04_2023-12-22_09_32_39" />
  </TestSettings>
  <Results>
    <UnitTestResult executionId="af04e4ec-5513-4474-8fc5-167e0a2d48c5" testId="8049982c-b517-f453-3cd6-a953f602abdd" testName="Given_PeriodSetTo100mSec_When_CountingTicksOver1Sec_Then_ResultIsWithinTolerance" computerName="DKSR-EFI-04" startTime="2023-12-22T09:32:39.5285788+01:00" endTime="2023-12-22T09:32:39.5475799+01:00" testType="13cdc9d9-ddb5-4fa4-a97d-d965ccfc6d4b" outcome="NotExecuted" testListId="8c84fa94-04c1-424b-9868-57a2d4851a1d" relativeResultsDirectory="af04e4ec-5513-4474-8fc5-167e0a2d48c5">
      <Output></Output>
    </UnitTestResult>
  </Results>
  <TestDefinitions>
    <UnitTest name="Given_PeriodSetTo100mSec_When_CountingTicksOver1Sec_Then_ResultIsWithinTolerance" storage="d:\actions-runner\_work\xpco\xpco\allsolutions\..\common\videoos.common.environmentservices\tst\videoos.common.environmentservices.unittest\bin\debug\net6.0-windows\videoos.common.environmentservices.unittest.dll" id="8049982c-b517-f453-3cd6-a953f602abdd">
      <Execution id="af04e4ec-5513-4474-8fc5-167e0a2d48c5" />
      <TestMethod codeBase="D:\actions-runner\_work\XPCO\XPCO\AllSolutions\..\Common\VideoOS.Common.EnvironmentServices\tst\VideoOS.Common.EnvironmentServices.UnitTest\bin\Debug\net6.0-windows\VideoOS.Common.EnvironmentServices.UnitTest.dll" adapterTypeName="executor://mstestadapter/v2" className="VideoOS.Common.EnvironmentServices.UnitTest.PeriodicTimerTests" name="Given_PeriodSetTo100mSec_When_CountingTicksOver1Sec_Then_ResultIsWithinTolerance" />
    </UnitTest>
  </TestDefinitions>
  <TestEntries>
    <TestEntry testId="8049982c-b517-f453-3cd6-a953f602abdd" executionId="af04e4ec-5513-4474-8fc5-167e0a2d48c5" testListId="8c84fa94-04c1-424b-9868-57a2d4851a1d" />
  </TestEntries>
  <TestLists>
    <TestList name="Results Not in a List" id="8c84fa94-04c1-424b-9868-57a2d4851a1d" />
    <TestList name="All Loaded Results" id="19431567-8539-422a-85d7-44ee4e166bda" />
  </TestLists>
  <ResultSummary outcome="Completed">
    <Counters total="1" executed="0" passed="0" failed="0" error="0" timeout="0" aborted="0" inconclusive="0" passedButRunAborted="0" notRunnable="0" notExecuted="0" disconnected="0" warning="0" completed="0" inProgress="0" pending="0" />
    <Output>
      <StdOut>Test 'Given_PeriodSetTo100mSec_When_CountingTicksOver1Sec_Then_ResultIsWithinTolerance' was skipped in the test run.&#xD;
</StdOut>
    </Output>
  </ResultSummary>
</TestRun>