<?xml version="1.0" encoding="utf-8"?>
<TestRun id="09811272-5db0-4f46-8471-31eaa74e87f9" name="DKSR-EFI-04$@DKSR-EFI-04 2023-12-22 09:32:09" runUser="NT AUTHORITY\NETWORK SERVICE" xmlns="http://microsoft.com/schemas/VisualStudio/TeamTest/2010">
  <Times creation="2023-12-22T09:32:09.8808618+01:00" queuing="2023-12-22T09:32:09.8808618+01:00" start="2023-12-22T09:32:04.9120901+01:00" finish="2023-12-22T09:32:10.5839911+01:00" />
  <TestSettings name="default" id="78eba7af-b37f-4427-aec4-a27ca347bbc6">
    <Deployment runDeploymentRoot="DKSR-EFI-04$_DKSR-EFI-04_2023-12-22_09_32_09" />
  </TestSettings>
  <Results>
    <UnitTestResult executionId="5fb62291-d4cd-470a-bf9f-2b2d5cfa3897" testId="9f8d898d-f447-b704-04a4-8aafec93e33c" testName="TestConstructionAudioPlayerConnectionException_LogsException" computerName="DKSR-EFI-04" duration="00:00:03.1898123" startTime="2023-12-22T09:32:06.4589712+01:00" endTime="2023-12-22T09:32:09.8496122+01:00" testType="13cdc9d9-ddb5-4fa4-a97d-d965ccfc6d4b" outcome="Passed" testListId="8c84fa94-04c1-424b-9868-57a2d4851a1d" relativeResultsDirectory="5fb62291-d4cd-470a-bf9f-2b2d5cfa3897" />
    <UnitTestResult executionId="07722807-1df9-402a-b5c6-b282d7c6e8d7" testId="82e727a5-8d3b-8add-e43f-d6fc737dc691" testName="WhenTheSpeakerIsNotPresentSpeakImageShouldNotBeVisible" computerName="DKSR-EFI-04" duration="00:00:00.0051762" startTime="2023-12-22T09:32:10.3027399+01:00" endTime="2023-12-22T09:32:10.3027399+01:00" testType="13cdc9d9-ddb5-4fa4-a97d-d965ccfc6d4b" outcome="Passed" testListId="8c84fa94-04c1-424b-9868-57a2d4851a1d" relativeResultsDirectory="07722807-1df9-402a-b5c6-b282d7c6e8d7" />
    <UnitTestResult executionId="687f1d96-2501-4f63-990e-bde4da17d886" testId="ba0a2d2d-fc36-86ff-7ca4-68300dc51f05" testName="WhenTheLicenseIsNotValidPluginShouldNotBeLoaded (False)" computerName="DKSR-EFI-04" duration="00:00:00.0002658" startTime="2023-12-22T09:32:10.2871142+01:00" endTime="2023-12-22T09:32:10.2871142+01:00" testType="13cdc9d9-ddb5-4fa4-a97d-d965ccfc6d4b" outcome="Passed" testListId="8c84fa94-04c1-424b-9868-57a2d4851a1d" relativeResultsDirectory="687f1d96-2501-4f63-990e-bde4da17d886" />
    <UnitTestResult executionId="64c7b783-ad82-44d6-960b-8548221b24a5" testId="ccc3acae-803a-129d-67b1-efe017d24113" testName="TestConstructionAudioPlayer_AddViewItem" computerName="DKSR-EFI-04" duration="00:00:00.0075990" startTime="2023-12-22T09:32:09.8808618+01:00" endTime="2023-12-22T09:32:09.8964857+01:00" testType="13cdc9d9-ddb5-4fa4-a97d-d965ccfc6d4b" outcome="Passed" testListId="8c84fa94-04c1-424b-9868-57a2d4851a1d" relativeResultsDirectory="64c7b783-ad82-44d6-960b-8548221b24a5" />
    <UnitTestResult executionId="891c3747-4ef9-495b-b96d-e63b9783922f" testId="b95d9d9e-00f9-6712-5855-e78bce3dbf38" testName="TestConstructionErrorNoMicrophone" computerName="DKSR-EFI-04" duration="00:00:00.0066436" startTime="2023-12-22T09:32:09.8652370+01:00" endTime="2023-12-22T09:32:09.8808618+01:00" testType="13cdc9d9-ddb5-4fa4-a97d-d965ccfc6d4b" outcome="Passed" testListId="8c84fa94-04c1-424b-9868-57a2d4851a1d" relativeResultsDirectory="891c3747-4ef9-495b-b96d-e63b9783922f" />
    <UnitTestResult executionId="47ddeaa3-518b-4295-9877-bb2ac10a797d" testId="ec4f885b-8a33-bb64-ac3b-4c35496b6da2" testName="SoundIsNotDetected_When_EventIsRaised_And_ValueIsBelowThreshold" computerName="DKSR-EFI-04" duration="00:00:00.0053134" startTime="2023-12-22T09:32:09.9277387+01:00" endTime="2023-12-22T09:32:09.9433631+01:00" testType="13cdc9d9-ddb5-4fa4-a97d-d965ccfc6d4b" outcome="Passed" testListId="8c84fa94-04c1-424b-9868-57a2d4851a1d" relativeResultsDirectory="47ddeaa3-518b-4295-9877-bb2ac10a797d" />
    <UnitTestResult executionId="38756546-dbe1-4b62-9ce2-e81fcad08028" testId="7f35617c-a4c0-1a5c-97c9-8a0686040a69" testName="WhenViewModelIsInitializedOverlayShouldHaveCorrectSetup" computerName="DKSR-EFI-04" duration="00:00:00.0075834" startTime="2023-12-22T09:32:10.2871142+01:00" endTime="2023-12-22T09:32:10.3027399+01:00" testType="13cdc9d9-ddb5-4fa4-a97d-d965ccfc6d4b" outcome="Passed" testListId="8c84fa94-04c1-424b-9868-57a2d4851a1d" relativeResultsDirectory="38756546-dbe1-4b62-9ce2-e81fcad08028" />
    <UnitTestResult executionId="a4f80b64-f789-4f90-b282-a23ba336e0ac" testId="e0973c59-27c8-e0a4-09e6-1a043b6ba9fa" testName="TestConstructionAudioPlayer_RemoveItem" computerName="DKSR-EFI-04" duration="00:00:00.0060152" startTime="2023-12-22T09:32:09.8964857+01:00" endTime="2023-12-22T09:32:09.8964857+01:00" testType="13cdc9d9-ddb5-4fa4-a97d-d965ccfc6d4b" outcome="Passed" testListId="8c84fa94-04c1-424b-9868-57a2d4851a1d" relativeResultsDirectory="a4f80b64-f789-4f90-b282-a23ba336e0ac" />
    <UnitTestResult executionId="b1750a84-0f5f-4639-a627-eda02357dacc" testId="985a522a-e939-589b-853a-66c309e8bb9a" testName="SoundIndicator_IsReset_When_ConnectionIsLost" computerName="DKSR-EFI-04" duration="00:00:00.0070162" startTime="2023-12-22T09:32:09.9433631+01:00" endTime="2023-12-22T09:32:09.9433631+01:00" testType="13cdc9d9-ddb5-4fa4-a97d-d965ccfc6d4b" outcome="Passed" testListId="8c84fa94-04c1-424b-9868-57a2d4851a1d" relativeResultsDirectory="b1750a84-0f5f-4639-a627-eda02357dacc" />
    <UnitTestResult executionId="6cc066ad-712e-4cb3-9efd-8292334a2c11" testId="1687b825-fad1-8a26-1942-02ee3d40833d" testName="WhenTheLicenseIsNotValidPluginShouldNotBeLoaded (True)" computerName="DKSR-EFI-04" duration="00:00:00.2508603" startTime="2023-12-22T09:32:09.9433631+01:00" endTime="2023-12-22T09:32:10.2871142+01:00" testType="13cdc9d9-ddb5-4fa4-a97d-d965ccfc6d4b" outcome="Passed" testListId="8c84fa94-04c1-424b-9868-57a2d4851a1d" relativeResultsDirectory="6cc066ad-712e-4cb3-9efd-8292334a2c11" />
    <UnitTestResult executionId="7dbf8499-f240-44fe-a420-061b33fe76f7" testId="d4d8580b-e570-54a7-3220-5887434652e7" testName="TestConstructionErrorNoPermission" computerName="DKSR-EFI-04" duration="00:00:00.0077515" startTime="2023-12-22T09:32:09.8808618+01:00" endTime="2023-12-22T09:32:09.8808618+01:00" testType="13cdc9d9-ddb5-4fa4-a97d-d965ccfc6d4b" outcome="Passed" testListId="8c84fa94-04c1-424b-9868-57a2d4851a1d" relativeResultsDirectory="7dbf8499-f240-44fe-a420-061b33fe76f7" />
    <UnitTestResult executionId="492fb57c-ddf3-40d2-8542-75e662dc2218" testId="8dcb9b51-d927-a6b1-7602-87cf283dceb7" testName="SoundIsDetected_When_EventIsRaised_And_ValueIsAboveOrEqualToThreshold" computerName="DKSR-EFI-04" duration="00:00:00.0288311" startTime="2023-12-22T09:32:09.8964857+01:00" endTime="2023-12-22T09:32:09.9277387+01:00" testType="13cdc9d9-ddb5-4fa4-a97d-d965ccfc6d4b" outcome="Passed" testListId="8c84fa94-04c1-424b-9868-57a2d4851a1d" relativeResultsDirectory="492fb57c-ddf3-40d2-8542-75e662dc2218" />
  </Results>
  <TestDefinitions>
    <UnitTest name="TestConstructionAudioPlayer_RemoveItem" storage="d:\actions-runner\_work\xpco\xpco\addons\plugins\multiroomaudio\tst\videoos.plugins.multiroomaudio.sc.unittests\bin\x64\debug\net472\videoos.plugins.multiroomaudio.sc.unittests.dll" id="e0973c59-27c8-e0a4-09e6-1a043b6ba9fa">
      <Execution id="a4f80b64-f789-4f90-b282-a23ba336e0ac" />
      <TestMethod codeBase="D:\actions-runner\_work\XPCO\XPCO\AddOns\Plugins\MultiroomAudio\tst\VideoOS.Plugins.MultiroomAudio.SC.UnitTests\bin\x64\Debug\net472\VideoOS.Plugins.MultiroomAudio.SC.UnitTests.dll" adapterTypeName="executor://mstestadapter/v2" className="VideoOS.Plugins.MultiroomAudio.SC.UnitTests.AudioProviderTests" name="TestConstructionAudioPlayer_RemoveItem" />
    </UnitTest>
    <UnitTest name="TestConstructionAudioPlayer_AddViewItem" storage="d:\actions-runner\_work\xpco\xpco\addons\plugins\multiroomaudio\tst\videoos.plugins.multiroomaudio.sc.unittests\bin\x64\debug\net472\videoos.plugins.multiroomaudio.sc.unittests.dll" id="ccc3acae-803a-129d-67b1-efe017d24113">
      <Execution id="64c7b783-ad82-44d6-960b-8548221b24a5" />
      <TestMethod codeBase="D:\actions-runner\_work\XPCO\XPCO\AddOns\Plugins\MultiroomAudio\tst\VideoOS.Plugins.MultiroomAudio.SC.UnitTests\bin\x64\Debug\net472\VideoOS.Plugins.MultiroomAudio.SC.UnitTests.dll" adapterTypeName="executor://mstestadapter/v2" className="VideoOS.Plugins.MultiroomAudio.SC.UnitTests.AudioProviderTests" name="TestConstructionAudioPlayer_AddViewItem" />
    </UnitTest>
    <UnitTest name="WhenTheLicenseIsNotValidPluginShouldNotBeLoaded (True)" storage="d:\actions-runner\_work\xpco\xpco\addons\plugins\multiroomaudio\tst\videoos.plugins.multiroomaudio.sc.unittests\bin\x64\debug\net472\videoos.plugins.multiroomaudio.sc.unittests.dll" id="1687b825-fad1-8a26-1942-02ee3d40833d">
      <Execution id="6cc066ad-712e-4cb3-9efd-8292334a2c11" />
      <TestMethod codeBase="D:\actions-runner\_work\XPCO\XPCO\AddOns\Plugins\MultiroomAudio\tst\VideoOS.Plugins.MultiroomAudio.SC.UnitTests\bin\x64\Debug\net472\VideoOS.Plugins.MultiroomAudio.SC.UnitTests.dll" adapterTypeName="executor://mstestadapter/v2" className="VideoOS.Plugins.MultiroomAudio.SC.UnitTests.MultiroomAudioOverlayPluginTests" name="WhenTheLicenseIsNotValidPluginShouldNotBeLoaded" />
    </UnitTest>
    <UnitTest name="SoundIndicator_IsReset_When_ConnectionIsLost" storage="d:\actions-runner\_work\xpco\xpco\addons\plugins\multiroomaudio\tst\videoos.plugins.multiroomaudio.sc.unittests\bin\x64\debug\net472\videoos.plugins.multiroomaudio.sc.unittests.dll" id="985a522a-e939-589b-853a-66c309e8bb9a">
      <Execution id="b1750a84-0f5f-4639-a627-eda02357dacc" />
      <TestMethod codeBase="D:\actions-runner\_work\XPCO\XPCO\AddOns\Plugins\MultiroomAudio\tst\VideoOS.Plugins.MultiroomAudio.SC.UnitTests\bin\x64\Debug\net472\VideoOS.Plugins.MultiroomAudio.SC.UnitTests.dll" adapterTypeName="executor://mstestadapter/v2" className="VideoOS.Plugins.MultiroomAudio.SC.UnitTests.AudioProviderTests" name="SoundIndicator_IsReset_When_ConnectionIsLost" />
    </UnitTest>
    <UnitTest name="WhenTheSpeakerIsNotPresentSpeakImageShouldNotBeVisible" storage="d:\actions-runner\_work\xpco\xpco\addons\plugins\multiroomaudio\tst\videoos.plugins.multiroomaudio.sc.unittests\bin\x64\debug\net472\videoos.plugins.multiroomaudio.sc.unittests.dll" id="82e727a5-8d3b-8add-e43f-d6fc737dc691">
      <Execution id="07722807-1df9-402a-b5c6-b282d7c6e8d7" />
      <TestMethod codeBase="D:\actions-runner\_work\XPCO\XPCO\AddOns\Plugins\MultiroomAudio\tst\VideoOS.Plugins.MultiroomAudio.SC.UnitTests\bin\x64\Debug\net472\VideoOS.Plugins.MultiroomAudio.SC.UnitTests.dll" adapterTypeName="executor://mstestadapter/v2" className="VideoOS.Plugins.MultiroomAudio.SC.UnitTests.MultiroomAudioViewModelTests" name="WhenTheSpeakerIsNotPresentSpeakImageShouldNotBeVisible" />
    </UnitTest>
    <UnitTest name="TestConstructionErrorNoMicrophone" storage="d:\actions-runner\_work\xpco\xpco\addons\plugins\multiroomaudio\tst\videoos.plugins.multiroomaudio.sc.unittests\bin\x64\debug\net472\videoos.plugins.multiroomaudio.sc.unittests.dll" id="b95d9d9e-00f9-6712-5855-e78bce3dbf38">
      <Execution id="891c3747-4ef9-495b-b96d-e63b9783922f" />
      <TestMethod codeBase="D:\actions-runner\_work\XPCO\XPCO\AddOns\Plugins\MultiroomAudio\tst\VideoOS.Plugins.MultiroomAudio.SC.UnitTests\bin\x64\Debug\net472\VideoOS.Plugins.MultiroomAudio.SC.UnitTests.dll" adapterTypeName="executor://mstestadapter/v2" className="VideoOS.Plugins.MultiroomAudio.SC.UnitTests.AudioProviderTests" name="TestConstructionErrorNoMicrophone" />
    </UnitTest>
    <UnitTest name="TestConstructionErrorNoPermission" storage="d:\actions-runner\_work\xpco\xpco\addons\plugins\multiroomaudio\tst\videoos.plugins.multiroomaudio.sc.unittests\bin\x64\debug\net472\videoos.plugins.multiroomaudio.sc.unittests.dll" id="d4d8580b-e570-54a7-3220-5887434652e7">
      <Execution id="7dbf8499-f240-44fe-a420-061b33fe76f7" />
      <TestMethod codeBase="D:\actions-runner\_work\XPCO\XPCO\AddOns\Plugins\MultiroomAudio\tst\VideoOS.Plugins.MultiroomAudio.SC.UnitTests\bin\x64\Debug\net472\VideoOS.Plugins.MultiroomAudio.SC.UnitTests.dll" adapterTypeName="executor://mstestadapter/v2" className="VideoOS.Plugins.MultiroomAudio.SC.UnitTests.AudioProviderTests" name="TestConstructionErrorNoPermission" />
    </UnitTest>
    <UnitTest name="SoundIsDetected_When_EventIsRaised_And_ValueIsAboveOrEqualToThreshold" storage="d:\actions-runner\_work\xpco\xpco\addons\plugins\multiroomaudio\tst\videoos.plugins.multiroomaudio.sc.unittests\bin\x64\debug\net472\videoos.plugins.multiroomaudio.sc.unittests.dll" id="8dcb9b51-d927-a6b1-7602-87cf283dceb7">
      <Execution id="492fb57c-ddf3-40d2-8542-75e662dc2218" />
      <TestMethod codeBase="D:\actions-runner\_work\XPCO\XPCO\AddOns\Plugins\MultiroomAudio\tst\VideoOS.Plugins.MultiroomAudio.SC.UnitTests\bin\x64\Debug\net472\VideoOS.Plugins.MultiroomAudio.SC.UnitTests.dll" adapterTypeName="executor://mstestadapter/v2" className="VideoOS.Plugins.MultiroomAudio.SC.UnitTests.AudioProviderTests" name="SoundIsDetected_When_EventIsRaised_And_ValueIsAboveOrEqualToThreshold" />
    </UnitTest>
    <UnitTest name="WhenTheLicenseIsNotValidPluginShouldNotBeLoaded (False)" storage="d:\actions-runner\_work\xpco\xpco\addons\plugins\multiroomaudio\tst\videoos.plugins.multiroomaudio.sc.unittests\bin\x64\debug\net472\videoos.plugins.multiroomaudio.sc.unittests.dll" id="ba0a2d2d-fc36-86ff-7ca4-68300dc51f05">
      <Execution id="687f1d96-2501-4f63-990e-bde4da17d886" />
      <TestMethod codeBase="D:\actions-runner\_work\XPCO\XPCO\AddOns\Plugins\MultiroomAudio\tst\VideoOS.Plugins.MultiroomAudio.SC.UnitTests\bin\x64\Debug\net472\VideoOS.Plugins.MultiroomAudio.SC.UnitTests.dll" adapterTypeName="executor://mstestadapter/v2" className="VideoOS.Plugins.MultiroomAudio.SC.UnitTests.MultiroomAudioOverlayPluginTests" name="WhenTheLicenseIsNotValidPluginShouldNotBeLoaded" />
    </UnitTest>
    <UnitTest name="WhenViewModelIsInitializedOverlayShouldHaveCorrectSetup" storage="d:\actions-runner\_work\xpco\xpco\addons\plugins\multiroomaudio\tst\videoos.plugins.multiroomaudio.sc.unittests\bin\x64\debug\net472\videoos.plugins.multiroomaudio.sc.unittests.dll" id="7f35617c-a4c0-1a5c-97c9-8a0686040a69">
      <Execution id="38756546-dbe1-4b62-9ce2-e81fcad08028" />
      <TestMethod codeBase="D:\actions-runner\_work\XPCO\XPCO\AddOns\Plugins\MultiroomAudio\tst\VideoOS.Plugins.MultiroomAudio.SC.UnitTests\bin\x64\Debug\net472\VideoOS.Plugins.MultiroomAudio.SC.UnitTests.dll" adapterTypeName="executor://mstestadapter/v2" className="VideoOS.Plugins.MultiroomAudio.SC.UnitTests.MultiroomAudioViewModelTests" name="WhenViewModelIsInitializedOverlayShouldHaveCorrectSetup" />
    </UnitTest>
    <UnitTest name="SoundIsNotDetected_When_EventIsRaised_And_ValueIsBelowThreshold" storage="d:\actions-runner\_work\xpco\xpco\addons\plugins\multiroomaudio\tst\videoos.plugins.multiroomaudio.sc.unittests\bin\x64\debug\net472\videoos.plugins.multiroomaudio.sc.unittests.dll" id="ec4f885b-8a33-bb64-ac3b-4c35496b6da2">
      <Execution id="47ddeaa3-518b-4295-9877-bb2ac10a797d" />
      <TestMethod codeBase="D:\actions-runner\_work\XPCO\XPCO\AddOns\Plugins\MultiroomAudio\tst\VideoOS.Plugins.MultiroomAudio.SC.UnitTests\bin\x64\Debug\net472\VideoOS.Plugins.MultiroomAudio.SC.UnitTests.dll" adapterTypeName="executor://mstestadapter/v2" className="VideoOS.Plugins.MultiroomAudio.SC.UnitTests.AudioProviderTests" name="SoundIsNotDetected_When_EventIsRaised_And_ValueIsBelowThreshold" />
    </UnitTest>
    <UnitTest name="TestConstructionAudioPlayerConnectionException_LogsException" storage="d:\actions-runner\_work\xpco\xpco\addons\plugins\multiroomaudio\tst\videoos.plugins.multiroomaudio.sc.unittests\bin\x64\debug\net472\videoos.plugins.multiroomaudio.sc.unittests.dll" id="9f8d898d-f447-b704-04a4-8aafec93e33c">
      <Execution id="5fb62291-d4cd-470a-bf9f-2b2d5cfa3897" />
      <TestMethod codeBase="D:\actions-runner\_work\XPCO\XPCO\AddOns\Plugins\MultiroomAudio\tst\VideoOS.Plugins.MultiroomAudio.SC.UnitTests\bin\x64\Debug\net472\VideoOS.Plugins.MultiroomAudio.SC.UnitTests.dll" adapterTypeName="executor://mstestadapter/v2" className="VideoOS.Plugins.MultiroomAudio.SC.UnitTests.AudioProviderTests" name="TestConstructionAudioPlayerConnectionException_LogsException" />
    </UnitTest>
  </TestDefinitions>
  <TestEntries>
    <TestEntry testId="9f8d898d-f447-b704-04a4-8aafec93e33c" executionId="5fb62291-d4cd-470a-bf9f-2b2d5cfa3897" testListId="8c84fa94-04c1-424b-9868-57a2d4851a1d" />
    <TestEntry testId="82e727a5-8d3b-8add-e43f-d6fc737dc691" executionId="07722807-1df9-402a-b5c6-b282d7c6e8d7" testListId="8c84fa94-04c1-424b-9868-57a2d4851a1d" />
    <TestEntry testId="ba0a2d2d-fc36-86ff-7ca4-68300dc51f05" executionId="687f1d96-2501-4f63-990e-bde4da17d886" testListId="8c84fa94-04c1-424b-9868-57a2d4851a1d" />
    <TestEntry testId="ccc3acae-803a-129d-67b1-efe017d24113" executionId="64c7b783-ad82-44d6-960b-8548221b24a5" testListId="8c84fa94-04c1-424b-9868-57a2d4851a1d" />
    <TestEntry testId="b95d9d9e-00f9-6712-5855-e78bce3dbf38" executionId="891c3747-4ef9-495b-b96d-e63b9783922f" testListId="8c84fa94-04c1-424b-9868-57a2d4851a1d" />
    <TestEntry testId="ec4f885b-8a33-bb64-ac3b-4c35496b6da2" executionId="47ddeaa3-518b-4295-9877-bb2ac10a797d" testListId="8c84fa94-04c1-424b-9868-57a2d4851a1d" />
    <TestEntry testId="7f35617c-a4c0-1a5c-97c9-8a0686040a69" executionId="38756546-dbe1-4b62-9ce2-e81fcad08028" testListId="8c84fa94-04c1-424b-9868-57a2d4851a1d" />
    <TestEntry testId="e0973c59-27c8-e0a4-09e6-1a043b6ba9fa" executionId="a4f80b64-f789-4f90-b282-a23ba336e0ac" testListId="8c84fa94-04c1-424b-9868-57a2d4851a1d" />
    <TestEntry testId="985a522a-e939-589b-853a-66c309e8bb9a" executionId="b1750a84-0f5f-4639-a627-eda02357dacc" testListId="8c84fa94-04c1-424b-9868-57a2d4851a1d" />
    <TestEntry testId="1687b825-fad1-8a26-1942-02ee3d40833d" executionId="6cc066ad-712e-4cb3-9efd-8292334a2c11" testListId="8c84fa94-04c1-424b-9868-57a2d4851a1d" />
    <TestEntry testId="d4d8580b-e570-54a7-3220-5887434652e7" executionId="7dbf8499-f240-44fe-a420-061b33fe76f7" testListId="8c84fa94-04c1-424b-9868-57a2d4851a1d" />
    <TestEntry testId="8dcb9b51-d927-a6b1-7602-87cf283dceb7" executionId="492fb57c-ddf3-40d2-8542-75e662dc2218" testListId="8c84fa94-04c1-424b-9868-57a2d4851a1d" />
  </TestEntries>
  <TestLists>
    <TestList name="Results Not in a List" id="8c84fa94-04c1-424b-9868-57a2d4851a1d" />
    <TestList name="All Loaded Results" id="19431567-8539-422a-85d7-44ee4e166bda" />
  </TestLists>
  <ResultSummary outcome="Completed">
    <Counters total="12" executed="12" passed="12" failed="0" error="0" timeout="0" aborted="0" inconclusive="0" passedButRunAborted="0" notRunnable="0" notExecuted="0" disconnected="0" warning="0" completed="0" inProgress="0" pending="0" />
  </ResultSummary>
</TestRun>