<?xml version="1.0" encoding="utf-8"?>
<TestRun id="b3497893-2af4-4e6e-87cd-95b68f0ef3b4" name="DKSR-EFI-04$@DKSR-EFI-04 2023-12-22 09:32:32" runUser="NT AUTHORITY\NETWORK SERVICE" xmlns="http://microsoft.com/schemas/VisualStudio/TeamTest/2010">
  <Times creation="2023-12-22T09:32:32.2715881+01:00" queuing="2023-12-22T09:32:32.2715881+01:00" start="2023-12-22T09:32:21.8809173+01:00" finish="2023-12-22T09:32:32.3340884+01:00" />
  <TestSettings name="default" id="d2c04f5d-09b9-45f0-8a7e-442558da1d4c">
    <Deployment runDeploymentRoot="DKSR-EFI-04$_DKSR-EFI-04_2023-12-22_09_32_32" />
  </TestSettings>
  <Results>
    <UnitTestResult executionId="561519c1-fa15-4966-b34f-40afc0264172" testId="8049982c-b517-f453-3cd6-a953f602abdd" testName="Given_PeriodSetTo100mSec_When_CountingTicksOver1Sec_Then_ResultIsWithinTolerance" computerName="DKSR-EFI-04" startTime="2023-12-22T09:32:30.8184574+01:00" endTime="2023-12-22T09:32:31.4434592+01:00" testType="13cdc9d9-ddb5-4fa4-a97d-d965ccfc6d4b" outcome="NotExecuted" testListId="8c84fa94-04c1-424b-9868-57a2d4851a1d" relativeResultsDirectory="561519c1-fa15-4966-b34f-40afc0264172">
      <Output></Output>
    </UnitTestResult>
  </Results>
  <TestDefinitions>
    <UnitTest name="Given_PeriodSetTo100mSec_When_CountingTicksOver1Sec_Then_ResultIsWithinTolerance" storage="d:\actions-runner\_work\xpco\xpco\common\videoos.common.environmentservices\tst\videoos.common.environmentservices.unittest\bin\debug\net47\videoos.common.environmentservices.unittest.dll" id="8049982c-b517-f453-3cd6-a953f602abdd">
      <Execution id="561519c1-fa15-4966-b34f-40afc0264172" />
      <TestMethod codeBase="D:\actions-runner\_work\XPCO\XPCO\Common\VideoOS.Common.EnvironmentServices\tst\VideoOS.Common.EnvironmentServices.UnitTest\bin\Debug\net47\VideoOS.Common.EnvironmentServices.UnitTest.dll" adapterTypeName="executor://mstestadapter/v2" className="VideoOS.Common.EnvironmentServices.UnitTest.PeriodicTimerTests" name="Given_PeriodSetTo100mSec_When_CountingTicksOver1Sec_Then_ResultIsWithinTolerance" />
    </UnitTest>
  </TestDefinitions>
  <TestEntries>
    <TestEntry testId="8049982c-b517-f453-3cd6-a953f602abdd" executionId="561519c1-fa15-4966-b34f-40afc0264172" testListId="8c84fa94-04c1-424b-9868-57a2d4851a1d" />
  </TestEntries>
  <TestLists>
    <TestList name="Results Not in a List" id="8c84fa94-04c1-424b-9868-57a2d4851a1d" />
    <TestList name="All Loaded Results" id="19431567-8539-422a-85d7-44ee4e166bda" />
  </TestLists>
  <ResultSummary outcome="Completed">
    <Counters total="1" executed="0" passed="0" failed="0" error="0" timeout="0" aborted="0" inconclusive="0" passedButRunAborted="0" notRunnable="0" notExecuted="0" disconnected="0" warning="0" completed="0" inProgress="0" pending="0" />
    <Output>
      <StdOut>Test 'Given_PeriodSetTo100mSec_When_CountingTicksOver1Sec_Then_ResultIsWithinTolerance' was skipped in the test run.&#xD;
</StdOut>
    </Output>
  </ResultSummary>
</TestRun>