<?xml version="1.0" encoding="utf-8"?>
<TestRun id="5fffdd36-15a2-4cc5-83e8-b67efa14e914" name="DKSR-EFI-04$@DKSR-EFI-04 2023-12-22 09:33:24" runUser="NT AUTHORITY\NETWORK SERVICE" xmlns="http://microsoft.com/schemas/VisualStudio/TeamTest/2010">
  <Times creation="2023-12-22T09:33:24.5530861+01:00" queuing="2023-12-22T09:33:24.5530861+01:00" start="2023-12-22T09:33:18.4124340+01:00" finish="2023-12-22T09:33:24.6468355+01:00" />
  <TestSettings name="default" id="324ed60d-ec73-4186-bb60-ac81127687ac">
    <Deployment runDeploymentRoot="DKSR-EFI-04$_DKSR-EFI-04_2023-12-22_09_33_24" />
  </TestSettings>
  <Results>
    <UnitTestResult executionId="ef6feb69-ce8f-4c45-8264-326ed71dc39e" testId="4427ef03-9c68-abd5-2df9-52d7b71cc651" testName="TestPtzResponseWithArgs" computerName="DKSR-EFI-04" duration="00:00:00.0012746" startTime="2023-12-22T09:33:24.1468377+01:00" endTime="2023-12-22T09:33:24.1624595+01:00" testType="13cdc9d9-ddb5-4fa4-a97d-d965ccfc6d4b" outcome="Passed" testListId="8c84fa94-04c1-424b-9868-57a2d4851a1d" relativeResultsDirectory="ef6feb69-ce8f-4c45-8264-326ed71dc39e" />
    <UnitTestResult executionId="6cd9b422-2d7c-40f6-bf74-ca088144a2aa" testId="52dab522-375d-293c-e9e6-6795205e83f5" testName="TestPtzResponseNoArgs" computerName="DKSR-EFI-04" duration="00:00:00.1393732" startTime="2023-12-22T09:33:23.5999563+01:00" endTime="2023-12-22T09:33:24.0999597+01:00" testType="13cdc9d9-ddb5-4fa4-a97d-d965ccfc6d4b" outcome="Passed" testListId="8c84fa94-04c1-424b-9868-57a2d4851a1d" relativeResultsDirectory="6cd9b422-2d7c-40f6-bf74-ca088144a2aa" />
    <UnitTestResult executionId="29a306e1-ef7b-4b64-8676-62f676cc19c5" testId="b855d79b-f0c0-4408-bcb2-3b19f5fc2e8e" testName="ValidateTcpPort_InvalidValues" computerName="DKSR-EFI-04" duration="00:00:00.0004281" startTime="2023-12-22T09:33:24.1624595+01:00" endTime="2023-12-22T09:33:24.1780823+01:00" testType="13cdc9d9-ddb5-4fa4-a97d-d965ccfc6d4b" outcome="Passed" testListId="8c84fa94-04c1-424b-9868-57a2d4851a1d" relativeResultsDirectory="29a306e1-ef7b-4b64-8676-62f676cc19c5" />
    <UnitTestResult executionId="bb5eb628-cb9e-4703-a1ed-91b1debf506e" testId="2904c9be-f54e-32b2-9a3e-42b039cae536" testName="ValidateTcpPort_Success" computerName="DKSR-EFI-04" duration="00:00:00.0007111" startTime="2023-12-22T09:33:24.1624595+01:00" endTime="2023-12-22T09:33:24.1624595+01:00" testType="13cdc9d9-ddb5-4fa4-a97d-d965ccfc6d4b" outcome="Passed" testListId="8c84fa94-04c1-424b-9868-57a2d4851a1d" relativeResultsDirectory="bb5eb628-cb9e-4703-a1ed-91b1debf506e" />
  </Results>
  <TestDefinitions>
    <UnitTest name="TestPtzResponseWithArgs" storage="d:\actions-runner\_work\xpco\xpco\corporate\videoos.administration.controls.unittests\bin\x64\debug\net472\videoos.administration.controls.unittests.dll" id="4427ef03-9c68-abd5-2df9-52d7b71cc651">
      <Execution id="ef6feb69-ce8f-4c45-8264-326ed71dc39e" />
      <TestMethod codeBase="D:\actions-runner\_work\XPCO\XPCO\Corporate\VideoOS.Administration.Controls.UnitTests\bin\x64\Debug\net472\VideoOS.Administration.Controls.UnitTests.dll" adapterTypeName="executor://mstestadapter/v2" className="VideoOS.Administration.Controls.UnitTests.PtzTest" name="TestPtzResponseWithArgs" />
    </UnitTest>
    <UnitTest name="TestPtzResponseNoArgs" storage="d:\actions-runner\_work\xpco\xpco\corporate\videoos.administration.controls.unittests\bin\x64\debug\net472\videoos.administration.controls.unittests.dll" id="52dab522-375d-293c-e9e6-6795205e83f5">
      <Execution id="6cd9b422-2d7c-40f6-bf74-ca088144a2aa" />
      <TestMethod codeBase="D:\actions-runner\_work\XPCO\XPCO\Corporate\VideoOS.Administration.Controls.UnitTests\bin\x64\Debug\net472\VideoOS.Administration.Controls.UnitTests.dll" adapterTypeName="executor://mstestadapter/v2" className="VideoOS.Administration.Controls.UnitTests.PtzTest" name="TestPtzResponseNoArgs" />
    </UnitTest>
    <UnitTest name="ValidateTcpPort_InvalidValues" storage="d:\actions-runner\_work\xpco\xpco\corporate\videoos.administration.controls.unittests\bin\x64\debug\net472\videoos.administration.controls.unittests.dll" id="b855d79b-f0c0-4408-bcb2-3b19f5fc2e8e">
      <Execution id="29a306e1-ef7b-4b64-8676-62f676cc19c5" />
      <TestMethod codeBase="D:\actions-runner\_work\XPCO\XPCO\Corporate\VideoOS.Administration.Controls.UnitTests\bin\x64\Debug\net472\VideoOS.Administration.Controls.UnitTests.dll" adapterTypeName="executor://mstestadapter/v2" className="VideoOS.Administration.Controls.UnitTests.Dialogs.DialogUtilsUnitTests" name="ValidateTcpPort_InvalidValues" />
    </UnitTest>
    <UnitTest name="ValidateTcpPort_Success" storage="d:\actions-runner\_work\xpco\xpco\corporate\videoos.administration.controls.unittests\bin\x64\debug\net472\videoos.administration.controls.unittests.dll" id="2904c9be-f54e-32b2-9a3e-42b039cae536">
      <Execution id="bb5eb628-cb9e-4703-a1ed-91b1debf506e" />
      <TestMethod codeBase="D:\actions-runner\_work\XPCO\XPCO\Corporate\VideoOS.Administration.Controls.UnitTests\bin\x64\Debug\net472\VideoOS.Administration.Controls.UnitTests.dll" adapterTypeName="executor://mstestadapter/v2" className="VideoOS.Administration.Controls.UnitTests.Dialogs.DialogUtilsUnitTests" name="ValidateTcpPort_Success" />
    </UnitTest>
  </TestDefinitions>
  <TestEntries>
    <TestEntry testId="4427ef03-9c68-abd5-2df9-52d7b71cc651" executionId="ef6feb69-ce8f-4c45-8264-326ed71dc39e" testListId="8c84fa94-04c1-424b-9868-57a2d4851a1d" />
    <TestEntry testId="52dab522-375d-293c-e9e6-6795205e83f5" executionId="6cd9b422-2d7c-40f6-bf74-ca088144a2aa" testListId="8c84fa94-04c1-424b-9868-57a2d4851a1d" />
    <TestEntry testId="b855d79b-f0c0-4408-bcb2-3b19f5fc2e8e" executionId="29a306e1-ef7b-4b64-8676-62f676cc19c5" testListId="8c84fa94-04c1-424b-9868-57a2d4851a1d" />
    <TestEntry testId="2904c9be-f54e-32b2-9a3e-42b039cae536" executionId="bb5eb628-cb9e-4703-a1ed-91b1debf506e" testListId="8c84fa94-04c1-424b-9868-57a2d4851a1d" />
  </TestEntries>
  <TestLists>
    <TestList name="Results Not in a List" id="8c84fa94-04c1-424b-9868-57a2d4851a1d" />
    <TestList name="All Loaded Results" id="19431567-8539-422a-85d7-44ee4e166bda" />
  </TestLists>
  <ResultSummary outcome="Completed">
    <Counters total="4" executed="4" passed="4" failed="0" error="0" timeout="0" aborted="0" inconclusive="0" passedButRunAborted="0" notRunnable="0" notExecuted="0" disconnected="0" warning="0" completed="0" inProgress="0" pending="0" />
  </ResultSummary>
</TestRun>